using /opt/riscv-arch-test/riscof-plugins/rv64/riscof_work/A/src/amoand.w-01.S/ref/Reference-sail_c_simulator.signature for test-signature output.
setting signature-granularity to 8 bytes
HTIF located at 0x80002000
begin_signature: 0x80004110
end_signature: 0x80004970
Entry point: 0x80000000
CSR mstatus (0x300) <- 0x0000000A00000000
CSR misa (0x301) <- 0x800000000034112F
CSR mcause (0x342) <- 0x0000000000000000
x10 <- 0x0000000000000000
x11 <- 0x0000000000001000
mem[X,0x0000000080000000] -> 0x0837
mem[X,0x0000000080000002] -> 0x7D5C
[0] [M]: 0x0000000080000000 (0x7D5C0837) lui x16, 0x7d5c0                           rvtest_init+0
x16 <- 0x000000007D5C0000

mem[X,0x0000000080000004] -> 0x0813
mem[X,0x0000000080000006] -> 0xDDB8
[1] [M]: 0x0000000080000004 (0xDDB80813) addi x16, x16, -0x225                      rvtest_init+4
x16 <- 0x000000007D5BFDDB

clint mtime 0x0000000000000001 (mip.MTI <- 0b1, mip.STI <- 0b0)
mem[X,0x0000000080000008] -> 0x1813
mem[X,0x000000008000000A] -> 0x00B8
[2] [M]: 0x0000000080000008 (0x00B81813) slli x16, x16, 0xb                         rvtest_init+8
x16 <- 0x000003EADFEED800

mem[X,0x000000008000000C] -> 0x0813
mem[X,0x000000008000000E] -> 0x3EA8
[3] [M]: 0x000000008000000C (0x3EA80813) addi x16, x16, 0x3ea                       rvtest_init+12
x16 <- 0x000003EADFEEDBEA

clint mtime 0x0000000000000002 (mip.MTI <- 0b1, mip.STI <- 0b0)
mem[X,0x0000000080000010] -> 0x1813
mem[X,0x0000000080000012] -> 0x00B8
[4] [M]: 0x0000000080000010 (0x00B81813) slli x16, x16, 0xb                         rvtest_init+16
x16 <- 0x001F56FF76DF5000

mem[X,0x0000000080000014] -> 0x0813
mem[X,0x0000000080000016] -> 0x6FF8
[5] [M]: 0x0000000080000014 (0x6FF80813) addi x16, x16, 0x6ff                       rvtest_init+20
x16 <- 0x001F56FF76DF56FF

clint mtime 0x0000000000000003 (mip.MTI <- 0b1, mip.STI <- 0b0)
mem[X,0x0000000080000018] -> 0x1813
mem[X,0x000000008000001A] -> 0x00A8
[6] [M]: 0x0000000080000018 (0x00A81813) slli x16, x16, 0xa                         rvtest_init+24
x16 <- 0x7D5BFDDB7D5BFC00

mem[X,0x000000008000001C] -> 0x0813
mem[X,0x000000008000001E] -> 0x1DB8
[7] [M]: 0x000000008000001C (0x1DB80813) addi x16, x16, 0x1db                       rvtest_init+28
x16 <- 0x7D5BFDDB7D5BFDDB

clint mtime 0x0000000000000004 (mip.MTI <- 0b1, mip.STI <- 0b0)
mem[X,0x0000000080000020] -> 0x5893
mem[X,0x0000000080000022] -> 0x0078
[8] [M]: 0x0000000080000020 (0x00785893) srli x17, x16, 0x7                         rvtest_init+32
x17 <- 0x00FAB7FBB6FAB7FB

mem[X,0x0000000080000024] -> 0x5793
mem[X,0x0000000080000026] -> 0x0398
[9] [M]: 0x0000000080000024 (0x03985793) srli x15, x16, 0x39                        rvtest_init+36
x15 <- 0x000000000000003E

clint mtime 0x0000000000000005 (mip.MTI <- 0b1, mip.STI <- 0b0)
mem[X,0x0000000080000028] -> 0xE8B3
mem[X,0x000000008000002A] -> 0x00F8
[10] [M]: 0x0000000080000028 (0x00F8E8B3) or x17, x17, x15                          rvtest_init+40
x17 <- 0x00FAB7FBB6FAB7FF

mem[X,0x000000008000002C] -> 0xD913
mem[X,0x000000008000002E] -> 0x0078
[11] [M]: 0x000000008000002C (0x0078D913) srli x18, x17, 0x7                        rvtest_init+44
x18 <- 0x0001F56FF76DF56F

clint mtime 0x0000000000000006 (mip.MTI <- 0b1, mip.STI <- 0b0)
mem[X,0x0000000080000030] -> 0xD793
mem[X,0x0000000080000032] -> 0x0398
[12] [M]: 0x0000000080000030 (0x0398D793) srli x15, x17, 0x39                       rvtest_init+48
x15 <- 0x0000000000000000

mem[X,0x0000000080000034] -> 0x6933
mem[X,0x0000000080000036] -> 0x00F9
[13] [M]: 0x0000000080000034 (0x00F96933) or x18, x18, x15                          rvtest_init+52
x18 <- 0x0001F56FF76DF56F

clint mtime 0x0000000000000007 (mip.MTI <- 0b1, mip.STI <- 0b0)
mem[X,0x0000000080000038] -> 0x5993
mem[X,0x000000008000003A] -> 0x0079
[14] [M]: 0x0000000080000038 (0x00795993) srli x19, x18, 0x7                        rvtest_init+56
x19 <- 0x000003EADFEEDBEA

mem[X,0x000000008000003C] -> 0x5793
mem[X,0x000000008000003E] -> 0x0399
[15] [M]: 0x000000008000003C (0x03995793) srli x15, x18, 0x39                       rvtest_init+60
x15 <- 0x0000000000000000

clint mtime 0x0000000000000008 (mip.MTI <- 0b1, mip.STI <- 0b0)
mem[X,0x0000000080000040] -> 0xE9B3
mem[X,0x0000000080000042] -> 0x00F9
[16] [M]: 0x0000000080000040 (0x00F9E9B3) or x19, x19, x15                          rvtest_init+64
x19 <- 0x000003EADFEEDBEA

mem[X,0x0000000080000044] -> 0xDA13
mem[X,0x0000000080000046] -> 0x0079
[17] [M]: 0x0000000080000044 (0x0079DA13) srli x20, x19, 0x7                        rvtest_init+68
x20 <- 0x00000007D5BFDDB7

clint mtime 0x0000000000000009 (mip.MTI <- 0b1, mip.STI <- 0b0)
mem[X,0x0000000080000048] -> 0xD793
mem[X,0x000000008000004A] -> 0x0399
[18] [M]: 0x0000000080000048 (0x0399D793) srli x15, x19, 0x39                       rvtest_init+72
x15 <- 0x0000000000000000

mem[X,0x000000008000004C] -> 0x6A33
mem[X,0x000000008000004E] -> 0x00FA
[19] [M]: 0x000000008000004C (0x00FA6A33) or x20, x20, x15                          rvtest_init+76
x20 <- 0x00000007D5BFDDB7

clint mtime 0x000000000000000A (mip.MTI <- 0b1, mip.STI <- 0b0)
mem[X,0x0000000080000050] -> 0x5A93
mem[X,0x0000000080000052] -> 0x007A
[20] [M]: 0x0000000080000050 (0x007A5A93) srli x21, x20, 0x7                        rvtest_init+80
x21 <- 0x000000000FAB7FBB

mem[X,0x0000000080000054] -> 0x5793
mem[X,0x0000000080000056] -> 0x039A
[21] [M]: 0x0000000080000054 (0x039A5793) srli x15, x20, 0x39                       rvtest_init+84
x15 <- 0x0000000000000000

clint mtime 0x000000000000000B (mip.MTI <- 0b1, mip.STI <- 0b0)
mem[X,0x0000000080000058] -> 0xEAB3
mem[X,0x000000008000005A] -> 0x00FA
[22] [M]: 0x0000000080000058 (0x00FAEAB3) or x21, x21, x15                          rvtest_init+88
x21 <- 0x000000000FAB7FBB

mem[X,0x000000008000005C] -> 0xDB13
mem[X,0x000000008000005E] -> 0x007A
[23] [M]: 0x000000008000005C (0x007ADB13) srli x22, x21, 0x7                        rvtest_init+92
x22 <- 0x00000000001F56FF

clint mtime 0x000000000000000C (mip.MTI <- 0b1, mip.STI <- 0b0)
mem[X,0x0000000080000060] -> 0xD793
mem[X,0x0000000080000062] -> 0x039A
[24] [M]: 0x0000000080000060 (0x039AD793) srli x15, x21, 0x39                       rvtest_init+96
x15 <- 0x0000000000000000

mem[X,0x0000000080000064] -> 0x6B33
mem[X,0x0000000080000066] -> 0x00FB
[25] [M]: 0x0000000080000064 (0x00FB6B33) or x22, x22, x15                          rvtest_init+100
x22 <- 0x00000000001F56FF

clint mtime 0x000000000000000D (mip.MTI <- 0b1, mip.STI <- 0b0)
mem[X,0x0000000080000068] -> 0x5B93
mem[X,0x000000008000006A] -> 0x007B
[26] [M]: 0x0000000080000068 (0x007B5B93) srli x23, x22, 0x7                        rvtest_init+104
x23 <- 0x0000000000003EAD

mem[X,0x000000008000006C] -> 0x5793
mem[X,0x000000008000006E] -> 0x039B
[27] [M]: 0x000000008000006C (0x039B5793) srli x15, x22, 0x39                       rvtest_init+108
x15 <- 0x0000000000000000

clint mtime 0x000000000000000E (mip.MTI <- 0b1, mip.STI <- 0b0)
mem[X,0x0000000080000070] -> 0xEBB3
mem[X,0x0000000080000072] -> 0x00FB
[28] [M]: 0x0000000080000070 (0x00FBEBB3) or x23, x23, x15                          rvtest_init+112
x23 <- 0x0000000000003EAD

mem[X,0x0000000080000074] -> 0xDC13
mem[X,0x0000000080000076] -> 0x007B
[29] [M]: 0x0000000080000074 (0x007BDC13) srli x24, x23, 0x7                        rvtest_init+116
x24 <- 0x000000000000007D

clint mtime 0x000000000000000F (mip.MTI <- 0b1, mip.STI <- 0b0)
mem[X,0x0000000080000078] -> 0xD793
mem[X,0x000000008000007A] -> 0x039B
[30] [M]: 0x0000000080000078 (0x039BD793) srli x15, x23, 0x39                       rvtest_init+120
x15 <- 0x0000000000000000

mem[X,0x000000008000007C] -> 0x6C33
mem[X,0x000000008000007E] -> 0x00FC
[31] [M]: 0x000000008000007C (0x00FC6C33) or x24, x24, x15                          rvtest_init+124
x24 <- 0x000000000000007D

clint mtime 0x0000000000000010 (mip.MTI <- 0b1, mip.STI <- 0b0)
mem[X,0x0000000080000080] -> 0x5C93
mem[X,0x0000000080000082] -> 0x007C
[32] [M]: 0x0000000080000080 (0x007C5C93) srli x25, x24, 0x7                        rvtest_init+128
x25 <- 0x0000000000000000

mem[X,0x0000000080000084] -> 0x5793
mem[X,0x0000000080000086] -> 0x039C
[33] [M]: 0x0000000080000084 (0x039C5793) srli x15, x24, 0x39                       rvtest_init+132
x15 <- 0x0000000000000000

clint mtime 0x0000000000000011 (mip.MTI <- 0b1, mip.STI <- 0b0)
mem[X,0x0000000080000088] -> 0xECB3
mem[X,0x000000008000008A] -> 0x00FC
[34] [M]: 0x0000000080000088 (0x00FCECB3) or x25, x25, x15                          rvtest_init+136
x25 <- 0x0000000000000000

mem[X,0x000000008000008C] -> 0xDD13
mem[X,0x000000008000008E] -> 0x007C
[35] [M]: 0x000000008000008C (0x007CDD13) srli x26, x25, 0x7                        rvtest_init+140
x26 <- 0x0000000000000000

clint mtime 0x0000000000000012 (mip.MTI <- 0b1, mip.STI <- 0b0)
mem[X,0x0000000080000090] -> 0xD793
mem[X,0x0000000080000092] -> 0x039C
[36] [M]: 0x0000000080000090 (0x039CD793) srli x15, x25, 0x39                       rvtest_init+144
x15 <- 0x0000000000000000

mem[X,0x0000000080000094] -> 0x6D33
mem[X,0x0000000080000096] -> 0x00FD
[37] [M]: 0x0000000080000094 (0x00FD6D33) or x26, x26, x15                          rvtest_init+148
x26 <- 0x0000000000000000

clint mtime 0x0000000000000013 (mip.MTI <- 0b1, mip.STI <- 0b0)
mem[X,0x0000000080000098] -> 0x5D93
mem[X,0x000000008000009A] -> 0x007D
[38] [M]: 0x0000000080000098 (0x007D5D93) srli x27, x26, 0x7                        rvtest_init+152
x27 <- 0x0000000000000000

mem[X,0x000000008000009C] -> 0x5793
mem[X,0x000000008000009E] -> 0x039D
[39] [M]: 0x000000008000009C (0x039D5793) srli x15, x26, 0x39                       rvtest_init+156
x15 <- 0x0000000000000000

clint mtime 0x0000000000000014 (mip.MTI <- 0b1, mip.STI <- 0b0)
mem[X,0x00000000800000A0] -> 0xEDB3
mem[X,0x00000000800000A2] -> 0x00FD
[40] [M]: 0x00000000800000A0 (0x00FDEDB3) or x27, x27, x15                          rvtest_init+160
x27 <- 0x0000000000000000

mem[X,0x00000000800000A4] -> 0xDE13
mem[X,0x00000000800000A6] -> 0x007D
[41] [M]: 0x00000000800000A4 (0x007DDE13) srli x28, x27, 0x7                        rvtest_init+164
x28 <- 0x0000000000000000

clint mtime 0x0000000000000015 (mip.MTI <- 0b1, mip.STI <- 0b0)
mem[X,0x00000000800000A8] -> 0xD793
mem[X,0x00000000800000AA] -> 0x039D
[42] [M]: 0x00000000800000A8 (0x039DD793) srli x15, x27, 0x39                       rvtest_init+168
x15 <- 0x0000000000000000

mem[X,0x00000000800000AC] -> 0x6E33
mem[X,0x00000000800000AE] -> 0x00FE
[43] [M]: 0x00000000800000AC (0x00FE6E33) or x28, x28, x15                          rvtest_init+172
x28 <- 0x0000000000000000

clint mtime 0x0000000000000016 (mip.MTI <- 0b1, mip.STI <- 0b0)
mem[X,0x00000000800000B0] -> 0x5E93
mem[X,0x00000000800000B2] -> 0x007E
[44] [M]: 0x00000000800000B0 (0x007E5E93) srli x29, x28, 0x7                        rvtest_init+176
x29 <- 0x0000000000000000

mem[X,0x00000000800000B4] -> 0x5793
mem[X,0x00000000800000B6] -> 0x039E
[45] [M]: 0x00000000800000B4 (0x039E5793) srli x15, x28, 0x39                       rvtest_init+180
x15 <- 0x0000000000000000

clint mtime 0x0000000000000017 (mip.MTI <- 0b1, mip.STI <- 0b0)
mem[X,0x00000000800000B8] -> 0xEEB3
mem[X,0x00000000800000BA] -> 0x00FE
[46] [M]: 0x00000000800000B8 (0x00FEEEB3) or x29, x29, x15                          rvtest_init+184
x29 <- 0x0000000000000000

mem[X,0x00000000800000BC] -> 0xDF13
mem[X,0x00000000800000BE] -> 0x007E
[47] [M]: 0x00000000800000BC (0x007EDF13) srli x30, x29, 0x7                        rvtest_init+188
x30 <- 0x0000000000000000

clint mtime 0x0000000000000018 (mip.MTI <- 0b1, mip.STI <- 0b0)
mem[X,0x00000000800000C0] -> 0xD793
mem[X,0x00000000800000C2] -> 0x039E
[48] [M]: 0x00000000800000C0 (0x039ED793) srli x15, x29, 0x39                       rvtest_init+192
x15 <- 0x0000000000000000

mem[X,0x00000000800000C4] -> 0x6F33
mem[X,0x00000000800000C6] -> 0x00FF
[49] [M]: 0x00000000800000C4 (0x00FF6F33) or x30, x30, x15                          rvtest_init+196
x30 <- 0x0000000000000000

clint mtime 0x0000000000000019 (mip.MTI <- 0b1, mip.STI <- 0b0)
mem[X,0x00000000800000C8] -> 0xC0B7
mem[X,0x00000000800000CA] -> 0xFEED
[50] [M]: 0x00000000800000C8 (0xFEEDC0B7) lui x1, -0x1124                           rvtest_init+200
x1 <- 0xFFFFFFFFFEEDC000

mem[X,0x00000000800000CC] -> 0x8093
mem[X,0x00000000800000CE] -> 0xEAD0
[51] [M]: 0x00000000800000CC (0xEAD08093) addi x1, x1, -0x153                       rvtest_init+204
x1 <- 0xFFFFFFFFFEEDBEAD

clint mtime 0x000000000000001A (mip.MTI <- 0b1, mip.STI <- 0b0)
mem[X,0x00000000800000D0] -> 0x9093
mem[X,0x00000000800000D2] -> 0x00B0
[52] [M]: 0x00000000800000D0 (0x00B09093) slli x1, x1, 0xb                          rvtest_init+208
x1 <- 0xFFFFFFF76DF56800

mem[X,0x00000000800000D4] -> 0x8093
mem[X,0x00000000800000D6] -> 0x7F70
[53] [M]: 0x00000000800000D4 (0x7F708093) addi x1, x1, 0x7f7                        rvtest_init+212
x1 <- 0xFFFFFFF76DF56FF7

clint mtime 0x000000000000001B (mip.MTI <- 0b1, mip.STI <- 0b0)
mem[X,0x00000000800000D8] -> 0x9093
mem[X,0x00000000800000DA] -> 0x00B0
[54] [M]: 0x00000000800000D8 (0x00B09093) slli x1, x1, 0xb                          rvtest_init+216
x1 <- 0xFFFFBB6FAB7FB800

mem[X,0x00000000800000DC] -> 0x8093
mem[X,0x00000000800000DE] -> 0x36F0
[55] [M]: 0x00000000800000DC (0x36F08093) addi x1, x1, 0x36f                        rvtest_init+220
x1 <- 0xFFFFBB6FAB7FBB6F

clint mtime 0x000000000000001C (mip.MTI <- 0b1, mip.STI <- 0b0)
mem[X,0x00000000800000E0] -> 0x9093
mem[X,0x00000000800000E2] -> 0x00A0
[56] [M]: 0x00000000800000E0 (0x00A09093) slli x1, x1, 0xa                          rvtest_init+224
x1 <- 0xFEEDBEADFEEDBC00

mem[X,0x00000000800000E4] -> 0x8093
mem[X,0x00000000800000E6] -> 0x2AD0
[57] [M]: 0x00000000800000E4 (0x2AD08093) addi x1, x1, 0x2ad                        rvtest_init+228
x1 <- 0xFEEDBEADFEEDBEAD

clint mtime 0x000000000000001D (mip.MTI <- 0b1, mip.STI <- 0b0)
mem[X,0x00000000800000E8] -> 0xD113
mem[X,0x00000000800000EA] -> 0x0070
[58] [M]: 0x00000000800000E8 (0x0070D113) srli x2, x1, 0x7                          rvtest_init+232
x2 <- 0x01FDDB7D5BFDDB7D

mem[X,0x00000000800000EC] -> 0xD793
mem[X,0x00000000800000EE] -> 0x0390
[59] [M]: 0x00000000800000EC (0x0390D793) srli x15, x1, 0x39                        rvtest_init+236
x15 <- 0x000000000000007F

clint mtime 0x000000000000001E (mip.MTI <- 0b1, mip.STI <- 0b0)
mem[X,0x00000000800000F0] -> 0x6133
mem[X,0x00000000800000F2] -> 0x00F1
[60] [M]: 0x00000000800000F0 (0x00F16133) or x2, x2, x15                            rvtest_init+240
x2 <- 0x01FDDB7D5BFDDB7F

mem[X,0x00000000800000F4] -> 0x5193
mem[X,0x00000000800000F6] -> 0x0071
[61] [M]: 0x00000000800000F4 (0x00715193) srli x3, x2, 0x7                          rvtest_init+244
x3 <- 0x0003FBB6FAB7FBB6

clint mtime 0x000000000000001F (mip.MTI <- 0b1, mip.STI <- 0b0)
mem[X,0x00000000800000F8] -> 0x5793
mem[X,0x00000000800000FA] -> 0x0391
[62] [M]: 0x00000000800000F8 (0x03915793) srli x15, x2, 0x39                        rvtest_init+248
x15 <- 0x0000000000000000

mem[X,0x00000000800000FC] -> 0xE1B3
mem[X,0x00000000800000FE] -> 0x00F1
[63] [M]: 0x00000000800000FC (0x00F1E1B3) or x3, x3, x15                            rvtest_init+252
x3 <- 0x0003FBB6FAB7FBB6

clint mtime 0x0000000000000020 (mip.MTI <- 0b1, mip.STI <- 0b0)
mem[X,0x0000000080000100] -> 0xD213
mem[X,0x0000000080000102] -> 0x0071
[64] [M]: 0x0000000080000100 (0x0071D213) srli x4, x3, 0x7                          rvtest_init+256
x4 <- 0x000007F76DF56FF7

mem[X,0x0000000080000104] -> 0xD793
mem[X,0x0000000080000106] -> 0x0391
[65] [M]: 0x0000000080000104 (0x0391D793) srli x15, x3, 0x39                        rvtest_init+260
x15 <- 0x0000000000000000

clint mtime 0x0000000000000021 (mip.MTI <- 0b1, mip.STI <- 0b0)
mem[X,0x0000000080000108] -> 0x6233
mem[X,0x000000008000010A] -> 0x00F2
[66] [M]: 0x0000000080000108 (0x00F26233) or x4, x4, x15                            rvtest_init+264
x4 <- 0x000007F76DF56FF7

mem[X,0x000000008000010C] -> 0x5293
mem[X,0x000000008000010E] -> 0x0072
[67] [M]: 0x000000008000010C (0x00725293) srli x5, x4, 0x7                          rvtest_init+268
x5 <- 0x0000000FEEDBEADF

clint mtime 0x0000000000000022 (mip.MTI <- 0b1, mip.STI <- 0b0)
mem[X,0x0000000080000110] -> 0x5793
mem[X,0x0000000080000112] -> 0x0392
[68] [M]: 0x0000000080000110 (0x03925793) srli x15, x4, 0x39                        rvtest_init+272
x15 <- 0x0000000000000000

mem[X,0x0000000080000114] -> 0xE2B3
mem[X,0x0000000080000116] -> 0x00F2
[69] [M]: 0x0000000080000114 (0x00F2E2B3) or x5, x5, x15                            rvtest_init+276
x5 <- 0x0000000FEEDBEADF

clint mtime 0x0000000000000023 (mip.MTI <- 0b1, mip.STI <- 0b0)
mem[X,0x0000000080000118] -> 0xD313
mem[X,0x000000008000011A] -> 0x0072
[70] [M]: 0x0000000080000118 (0x0072D313) srli x6, x5, 0x7                          rvtest_init+280
x6 <- 0x000000001FDDB7D5

mem[X,0x000000008000011C] -> 0xD793
mem[X,0x000000008000011E] -> 0x0392
[71] [M]: 0x000000008000011C (0x0392D793) srli x15, x5, 0x39                        rvtest_init+284
x15 <- 0x0000000000000000

clint mtime 0x0000000000000024 (mip.MTI <- 0b1, mip.STI <- 0b0)
mem[X,0x0000000080000120] -> 0x6333
mem[X,0x0000000080000122] -> 0x00F3
[72] [M]: 0x0000000080000120 (0x00F36333) or x6, x6, x15                            rvtest_init+288
x6 <- 0x000000001FDDB7D5

mem[X,0x0000000080000124] -> 0x5393
mem[X,0x0000000080000126] -> 0x0073
[73] [M]: 0x0000000080000124 (0x00735393) srli x7, x6, 0x7                          rvtest_init+292
x7 <- 0x00000000003FBB6F

clint mtime 0x0000000000000025 (mip.MTI <- 0b1, mip.STI <- 0b0)
mem[X,0x0000000080000128] -> 0x5793
mem[X,0x000000008000012A] -> 0x0393
[74] [M]: 0x0000000080000128 (0x03935793) srli x15, x6, 0x39                        rvtest_init+296
x15 <- 0x0000000000000000

mem[X,0x000000008000012C] -> 0xE3B3
mem[X,0x000000008000012E] -> 0x00F3
[75] [M]: 0x000000008000012C (0x00F3E3B3) or x7, x7, x15                            rvtest_init+300
x7 <- 0x00000000003FBB6F

clint mtime 0x0000000000000026 (mip.MTI <- 0b1, mip.STI <- 0b0)
mem[X,0x0000000080000130] -> 0xD413
mem[X,0x0000000080000132] -> 0x0073
[76] [M]: 0x0000000080000130 (0x0073D413) srli x8, x7, 0x7                          rvtest_init+304
x8 <- 0x0000000000007F76

mem[X,0x0000000080000134] -> 0xD793
mem[X,0x0000000080000136] -> 0x0393
[77] [M]: 0x0000000080000134 (0x0393D793) srli x15, x7, 0x39                        rvtest_init+308
x15 <- 0x0000000000000000

clint mtime 0x0000000000000027 (mip.MTI <- 0b1, mip.STI <- 0b0)
mem[X,0x0000000080000138] -> 0x6433
mem[X,0x000000008000013A] -> 0x00F4
[78] [M]: 0x0000000080000138 (0x00F46433) or x8, x8, x15                            rvtest_init+312
x8 <- 0x0000000000007F76

mem[X,0x000000008000013C] -> 0x5493
mem[X,0x000000008000013E] -> 0x0074
[79] [M]: 0x000000008000013C (0x00745493) srli x9, x8, 0x7                          rvtest_init+316
x9 <- 0x00000000000000FE

clint mtime 0x0000000000000028 (mip.MTI <- 0b1, mip.STI <- 0b0)
mem[X,0x0000000080000140] -> 0x5793
mem[X,0x0000000080000142] -> 0x0394
[80] [M]: 0x0000000080000140 (0x03945793) srli x15, x8, 0x39                        rvtest_init+320
x15 <- 0x0000000000000000

mem[X,0x0000000080000144] -> 0xE4B3
mem[X,0x0000000080000146] -> 0x00F4
[81] [M]: 0x0000000080000144 (0x00F4E4B3) or x9, x9, x15                            rvtest_init+324
x9 <- 0x00000000000000FE

clint mtime 0x0000000000000029 (mip.MTI <- 0b1, mip.STI <- 0b0)
mem[X,0x0000000080000148] -> 0xD513
mem[X,0x000000008000014A] -> 0x0074
[82] [M]: 0x0000000080000148 (0x0074D513) srli x10, x9, 0x7                         rvtest_init+328
x10 <- 0x0000000000000001

mem[X,0x000000008000014C] -> 0xD793
mem[X,0x000000008000014E] -> 0x0394
[83] [M]: 0x000000008000014C (0x0394D793) srli x15, x9, 0x39                        rvtest_init+332
x15 <- 0x0000000000000000

clint mtime 0x000000000000002A (mip.MTI <- 0b1, mip.STI <- 0b0)
mem[X,0x0000000080000150] -> 0x6533
mem[X,0x0000000080000152] -> 0x00F5
[84] [M]: 0x0000000080000150 (0x00F56533) or x10, x10, x15                          rvtest_init+336
x10 <- 0x0000000000000001

mem[X,0x0000000080000154] -> 0x5593
mem[X,0x0000000080000156] -> 0x0075
[85] [M]: 0x0000000080000154 (0x00755593) srli x11, x10, 0x7                        rvtest_init+340
x11 <- 0x0000000000000000

clint mtime 0x000000000000002B (mip.MTI <- 0b1, mip.STI <- 0b0)
mem[X,0x0000000080000158] -> 0x5793
mem[X,0x000000008000015A] -> 0x0395
[86] [M]: 0x0000000080000158 (0x03955793) srli x15, x10, 0x39                       rvtest_init+344
x15 <- 0x0000000000000000

mem[X,0x000000008000015C] -> 0xE5B3
mem[X,0x000000008000015E] -> 0x00F5
[87] [M]: 0x000000008000015C (0x00F5E5B3) or x11, x11, x15                          rvtest_init+348
x11 <- 0x0000000000000000

clint mtime 0x000000000000002C (mip.MTI <- 0b1, mip.STI <- 0b0)
mem[X,0x0000000080000160] -> 0xD613
mem[X,0x0000000080000162] -> 0x0075
[88] [M]: 0x0000000080000160 (0x0075D613) srli x12, x11, 0x7                        rvtest_init+352
x12 <- 0x0000000000000000

mem[X,0x0000000080000164] -> 0xD793
mem[X,0x0000000080000166] -> 0x0395
[89] [M]: 0x0000000080000164 (0x0395D793) srli x15, x11, 0x39                       rvtest_init+356
x15 <- 0x0000000000000000

clint mtime 0x000000000000002D (mip.MTI <- 0b1, mip.STI <- 0b0)
mem[X,0x0000000080000168] -> 0x6633
mem[X,0x000000008000016A] -> 0x00F6
[90] [M]: 0x0000000080000168 (0x00F66633) or x12, x12, x15                          rvtest_init+360
x12 <- 0x0000000000000000

mem[X,0x000000008000016C] -> 0x5693
mem[X,0x000000008000016E] -> 0x0076
[91] [M]: 0x000000008000016C (0x00765693) srli x13, x12, 0x7                        rvtest_init+364
x13 <- 0x0000000000000000

clint mtime 0x000000000000002E (mip.MTI <- 0b1, mip.STI <- 0b0)
mem[X,0x0000000080000170] -> 0x5793
mem[X,0x0000000080000172] -> 0x0396
[92] [M]: 0x0000000080000170 (0x03965793) srli x15, x12, 0x39                       rvtest_init+368
x15 <- 0x0000000000000000

mem[X,0x0000000080000174] -> 0xE6B3
mem[X,0x0000000080000176] -> 0x00F6
[93] [M]: 0x0000000080000174 (0x00F6E6B3) or x13, x13, x15                          rvtest_init+372
x13 <- 0x0000000000000000

clint mtime 0x000000000000002F (mip.MTI <- 0b1, mip.STI <- 0b0)
mem[X,0x0000000080000178] -> 0x0013
mem[X,0x000000008000017A] -> 0x0000
[94] [M]: 0x0000000080000178 (0x00000013) addi x0, x0, 0x0                          rvtest_code_begin+0

mem[X,0x000000008000017C] -> 0x0013
mem[X,0x000000008000017E] -> 0x0000
[95] [M]: 0x000000008000017C (0x00000013) addi x0, x0, 0x0                          rvtest_code_begin+4

clint mtime 0x0000000000000030 (mip.MTI <- 0b1, mip.STI <- 0b0)
mem[X,0x0000000080000180] -> 0x4097
mem[X,0x0000000080000182] -> 0x0000
[96] [M]: 0x0000000080000180 (0x00004097) auipc x1, 0x4                             rvtest_code_begin+8
x1 <- 0x0000000080004180

mem[X,0x0000000080000184] -> 0x8093
mem[X,0x0000000080000186] -> 0xF980
[97] [M]: 0x0000000080000184 (0xF9808093) addi x1, x1, -0x68                        rvtest_code_begin+12
x1 <- 0x0000000080004118

clint mtime 0x0000000000000031 (mip.MTI <- 0b1, mip.STI <- 0b0)
mem[X,0x0000000080000188] -> 0x0013
mem[X,0x000000008000018A] -> 0x0000
[98] [M]: 0x0000000080000188 (0x00000013) addi x0, x0, 0x0                          rvtest_code_begin+16

mem[X,0x000000008000018C] -> 0x0013
mem[X,0x000000008000018E] -> 0x0000
[99] [M]: 0x000000008000018C (0x00000013) addi x0, x0, 0x0                          rvtest_code_begin+20

clint mtime 0x0000000000000032 (mip.MTI <- 0b1, mip.STI <- 0b0)
mem[X,0x0000000080000190] -> 0x0013
mem[X,0x0000000080000192] -> 0x0000
[100] [M]: 0x0000000080000190 (0x00000013) addi x0, x0, 0x0                         rvtest_code_begin+24

mem[X,0x0000000080000194] -> 0x0013
mem[X,0x0000000080000196] -> 0x0000
[101] [M]: 0x0000000080000194 (0x00000013) addi x0, x0, 0x0                         rvtest_code_begin+28

clint mtime 0x0000000000000033 (mip.MTI <- 0b1, mip.STI <- 0b0)
mem[X,0x0000000080000198] -> 0x0013
mem[X,0x000000008000019A] -> 0x0000
[102] [M]: 0x0000000080000198 (0x00000013) addi x0, x0, 0x0                         rvtest_code_begin+32

mem[X,0x000000008000019C] -> 0x0013
mem[X,0x000000008000019E] -> 0x0000
[103] [M]: 0x000000008000019C (0x00000013) addi x0, x0, 0x0                         rvtest_code_begin+36

clint mtime 0x0000000000000034 (mip.MTI <- 0b1, mip.STI <- 0b0)
mem[X,0x00000000800001A0] -> 0x0F13
mem[X,0x00000000800001A2] -> 0xBFF0
[104] [M]: 0x00000000800001A0 (0xBFF00F13) addi x30, x0, -0x401                     inst_0+0
x30 <- 0xFFFFFFFFFFFFFBFF

mem[X,0x00000000800001A4] -> 0xB023
mem[X,0x00000000800001A6] -> 0x01E0
[105] [M]: 0x00000000800001A4 (0x01E0B023) sd x30, 0x0(x1)                          inst_0+4
mem[W,0x0000000080004118] <- 0xFFFFFFFFFFFFFBFF

clint mtime 0x0000000000000035 (mip.MTI <- 0b1, mip.STI <- 0b0)
mem[X,0x00000000800001A8] -> 0x0F13
mem[X,0x00000000800001AA] -> 0xFFF0
[106] [M]: 0x00000000800001A8 (0xFFF00F13) addi x30, x0, -0x1                       inst_0+8
x30 <- 0xFFFFFFFFFFFFFFFF

mem[X,0x00000000800001AC] -> 0x1F13
mem[X,0x00000000800001AE] -> 0x03FF
[107] [M]: 0x00000000800001AC (0x03FF1F13) slli x30, x30, 0x3f                      inst_0+12
x30 <- 0x8000000000000000

clint mtime 0x0000000000000036 (mip.MTI <- 0b1, mip.STI <- 0b0)
mem[X,0x00000000800001B0] -> 0x8F93
mem[X,0x00000000800001B2] -> 0x0000
[108] [M]: 0x00000000800001B0 (0x00008F93) addi x31, x1, 0x0                        inst_0+16
x31 <- 0x0000000080004118

mem[X,0x00000000800001B4] -> 0xAFAF
mem[X,0x00000000800001B6] -> 0x61EF
[109] [M]: 0x00000000800001B4 (0x61EFAFAF) amoand.w x31, x30, (x31)                 inst_0+20
mem[RW,0x0000000080004118] -> 0xFFFFFBFF
mem[W,0x0000000080004118] <- 0x00000000
x31 <- 0xFFFFFFFFFFFFFBFF

clint mtime 0x0000000000000037 (mip.MTI <- 0b1, mip.STI <- 0b0)
mem[X,0x00000000800001B8] -> 0xB423
mem[X,0x00000000800001BA] -> 0x01F0
[110] [M]: 0x00000000800001B8 (0x01F0B423) sd x31, 0x8(x1)                          inst_0+24
mem[W,0x0000000080004120] <- 0xFFFFFFFFFFFFFBFF

mem[X,0x00000000800001BC] -> 0x0E93
mem[X,0x00000000800001BE] -> 0xBFF0
[111] [M]: 0x00000000800001BC (0xBFF00E93) addi x29, x0, -0x401                     inst_1+0
x29 <- 0xFFFFFFFFFFFFFBFF

clint mtime 0x0000000000000038 (mip.MTI <- 0b1, mip.STI <- 0b0)
mem[X,0x00000000800001C0] -> 0xB823
mem[X,0x00000000800001C2] -> 0x01D0
[112] [M]: 0x00000000800001C0 (0x01D0B823) sd x29, 0x10(x1)                         inst_1+4
mem[W,0x0000000080004128] <- 0xFFFFFFFFFFFFFBFF

mem[X,0x00000000800001C4] -> 0x0E93
mem[X,0x00000000800001C6] -> 0xFFF0
[113] [M]: 0x00000000800001C4 (0xFFF00E93) addi x29, x0, -0x1                       inst_1+8
x29 <- 0xFFFFFFFFFFFFFFFF

clint mtime 0x0000000000000039 (mip.MTI <- 0b1, mip.STI <- 0b0)
mem[X,0x00000000800001C8] -> 0xDE93
mem[X,0x00000000800001CA] -> 0x001E
[114] [M]: 0x00000000800001C8 (0x001EDE93) srli x29, x29, 0x1                       inst_1+12
x29 <- 0x7FFFFFFFFFFFFFFF

mem[X,0x00000000800001CC] -> 0x8F13
mem[X,0x00000000800001CE] -> 0x0100
[115] [M]: 0x00000000800001CC (0x01008F13) addi x30, x1, 0x10                       inst_1+16
x30 <- 0x0000000080004128

clint mtime 0x000000000000003A (mip.MTI <- 0b1, mip.STI <- 0b0)
mem[X,0x00000000800001D0] -> 0x2EAF
mem[X,0x00000000800001D2] -> 0x61DF
[116] [M]: 0x00000000800001D0 (0x61DF2EAF) amoand.w x29, x29, (x30)                 inst_1+20
mem[RW,0x0000000080004128] -> 0xFFFFFBFF
mem[W,0x0000000080004128] <- 0xFFFFFBFF
x29 <- 0xFFFFFFFFFFFFFBFF

mem[X,0x00000000800001D4] -> 0xBC23
mem[X,0x00000000800001D6] -> 0x01D0
[117] [M]: 0x00000000800001D4 (0x01D0BC23) sd x29, 0x18(x1)                         inst_1+24
mem[W,0x0000000080004130] <- 0xFFFFFFFFFFFFFBFF

clint mtime 0x000000000000003B (mip.MTI <- 0b1, mip.STI <- 0b0)
mem[X,0x00000000800001D8] -> 0x0F93
mem[X,0x00000000800001DA] -> 0xBFF0
[118] [M]: 0x00000000800001D8 (0xBFF00F93) addi x31, x0, -0x401                     inst_2+0
x31 <- 0xFFFFFFFFFFFFFBFF

mem[X,0x00000000800001DC] -> 0xB023
mem[X,0x00000000800001DE] -> 0x03F0
[119] [M]: 0x00000000800001DC (0x03F0B023) sd x31, 0x20(x1)                         inst_2+4
mem[W,0x0000000080004138] <- 0xFFFFFFFFFFFFFBFF

clint mtime 0x000000000000003C (mip.MTI <- 0b1, mip.STI <- 0b0)
mem[X,0x00000000800001E0] -> 0x0F93
mem[X,0x00000000800001E2] -> 0x0000
[120] [M]: 0x00000000800001E0 (0x00000F93) addi x31, x0, 0x0                        inst_2+8
x31 <- 0x0000000000000000

mem[X,0x00000000800001E4] -> 0x8E93
mem[X,0x00000000800001E6] -> 0x0200
[121] [M]: 0x00000000800001E4 (0x02008E93) addi x29, x1, 0x20                       inst_2+12
x29 <- 0x0000000080004138

clint mtime 0x000000000000003D (mip.MTI <- 0b1, mip.STI <- 0b0)
mem[X,0x00000000800001E8] -> 0xAF2F
mem[X,0x00000000800001EA] -> 0x61FE
[122] [M]: 0x00000000800001E8 (0x61FEAF2F) amoand.w x30, x31, (x29)                 inst_2+16
mem[RW,0x0000000080004138] -> 0xFFFFFBFF
mem[W,0x0000000080004138] <- 0x00000000
x30 <- 0xFFFFFFFFFFFFFBFF

mem[X,0x00000000800001EC] -> 0xB423
mem[X,0x00000000800001EE] -> 0x03E0
[123] [M]: 0x00000000800001EC (0x03E0B423) sd x30, 0x28(x1)                         inst_2+20
mem[W,0x0000000080004140] <- 0xFFFFFFFFFFFFFBFF

clint mtime 0x000000000000003E (mip.MTI <- 0b1, mip.STI <- 0b0)
mem[X,0x00000000800001F0] -> 0x0D13
mem[X,0x00000000800001F2] -> 0xBFF0
[124] [M]: 0x00000000800001F0 (0xBFF00D13) addi x26, x0, -0x401                     inst_3+0
x26 <- 0xFFFFFFFFFFFFFBFF

mem[X,0x00000000800001F4] -> 0xB823
mem[X,0x00000000800001F6] -> 0x03A0
[125] [M]: 0x00000000800001F4 (0x03A0B823) sd x26, 0x30(x1)                         inst_3+4
mem[W,0x0000000080004148] <- 0xFFFFFFFFFFFFFBFF

clint mtime 0x000000000000003F (mip.MTI <- 0b1, mip.STI <- 0b0)
mem[X,0x00000000800001F8] -> 0x0D13
mem[X,0x00000000800001FA] -> 0x0010
[126] [M]: 0x00000000800001F8 (0x00100D13) addi x26, x0, 0x1                        inst_3+8
x26 <- 0x0000000000000001

mem[X,0x00000000800001FC] -> 0x8E13
mem[X,0x00000000800001FE] -> 0x0300
[127] [M]: 0x00000000800001FC (0x03008E13) addi x28, x1, 0x30                       inst_3+12
x28 <- 0x0000000080004148

clint mtime 0x0000000000000040 (mip.MTI <- 0b1, mip.STI <- 0b0)
mem[X,0x0000000080000200] -> 0x2DAF
mem[X,0x0000000080000202] -> 0x61AE
[128] [M]: 0x0000000080000200 (0x61AE2DAF) amoand.w x27, x26, (x28)                 inst_3+16
mem[RW,0x0000000080004148] -> 0xFFFFFBFF
mem[W,0x0000000080004148] <- 0x00000001
x27 <- 0xFFFFFFFFFFFFFBFF

mem[X,0x0000000080000204] -> 0xBC23
mem[X,0x0000000080000206] -> 0x03B0
[129] [M]: 0x0000000080000204 (0x03B0BC23) sd x27, 0x38(x1)                         inst_3+20
mem[W,0x0000000080004150] <- 0xFFFFFFFFFFFFFBFF

clint mtime 0x0000000000000041 (mip.MTI <- 0b1, mip.STI <- 0b0)
mem[X,0x0000000080000208] -> 0x0E13
mem[X,0x000000008000020A] -> 0xBFF0
[130] [M]: 0x0000000080000208 (0xBFF00E13) addi x28, x0, -0x401                     inst_4+0
x28 <- 0xFFFFFFFFFFFFFBFF

mem[X,0x000000008000020C] -> 0xB023
mem[X,0x000000008000020E] -> 0x05C0
[131] [M]: 0x000000008000020C (0x05C0B023) sd x28, 0x40(x1)                         inst_4+4
mem[W,0x0000000080004158] <- 0xFFFFFFFFFFFFFBFF

clint mtime 0x0000000000000042 (mip.MTI <- 0b1, mip.STI <- 0b0)
mem[X,0x0000000080000210] -> 0x5E37
mem[X,0x0000000080000212] -> 0x5555
[132] [M]: 0x0000000080000210 (0x55555E37) lui x28, 0x55555                         inst_4+8
x28 <- 0x0000000055555000

mem[X,0x0000000080000214] -> 0x0E13
mem[X,0x0000000080000216] -> 0x555E
[133] [M]: 0x0000000080000214 (0x555E0E13) addi x28, x28, 0x555                     inst_4+12
x28 <- 0x0000000055555555

clint mtime 0x0000000000000043 (mip.MTI <- 0b1, mip.STI <- 0b0)
mem[X,0x0000000080000218] -> 0x1E13
mem[X,0x000000008000021A] -> 0x00BE
[134] [M]: 0x0000000080000218 (0x00BE1E13) slli x28, x28, 0xb                       inst_4+16
x28 <- 0x000002AAAAAAA800

mem[X,0x000000008000021C] -> 0x0E13
mem[X,0x000000008000021E] -> 0x2AAE
[135] [M]: 0x000000008000021C (0x2AAE0E13) addi x28, x28, 0x2aa                     inst_4+20
x28 <- 0x000002AAAAAAAAAA

clint mtime 0x0000000000000044 (mip.MTI <- 0b1, mip.STI <- 0b0)
mem[X,0x0000000080000220] -> 0x1E13
mem[X,0x0000000080000222] -> 0x00BE
[136] [M]: 0x0000000080000220 (0x00BE1E13) slli x28, x28, 0xb                       inst_4+24
x28 <- 0x0015555555555000

mem[X,0x0000000080000224] -> 0x0E13
mem[X,0x0000000080000226] -> 0x555E
[137] [M]: 0x0000000080000224 (0x555E0E13) addi x28, x28, 0x555                     inst_4+28
x28 <- 0x0015555555555555

clint mtime 0x0000000000000045 (mip.MTI <- 0b1, mip.STI <- 0b0)
mem[X,0x0000000080000228] -> 0x1E13
mem[X,0x000000008000022A] -> 0x00AE
[138] [M]: 0x0000000080000228 (0x00AE1E13) slli x28, x28, 0xa                       inst_4+32
x28 <- 0x5555555555555400

mem[X,0x000000008000022C] -> 0x0E13
mem[X,0x000000008000022E] -> 0x155E
[139] [M]: 0x000000008000022C (0x155E0E13) addi x28, x28, 0x155                     inst_4+36
x28 <- 0x5555555555555555

clint mtime 0x0000000000000046 (mip.MTI <- 0b1, mip.STI <- 0b0)
mem[X,0x0000000080000230] -> 0x8D93
mem[X,0x0000000080000232] -> 0x0400
[140] [M]: 0x0000000080000230 (0x04008D93) addi x27, x1, 0x40                       inst_4+40
x27 <- 0x0000000080004158

mem[X,0x0000000080000234] -> 0xAD2F
mem[X,0x0000000080000236] -> 0x61CD
[141] [M]: 0x0000000080000234 (0x61CDAD2F) amoand.w x26, x28, (x27)                 inst_4+44
mem[RW,0x0000000080004158] -> 0xFFFFFBFF
mem[W,0x0000000080004158] <- 0x55555155
x26 <- 0xFFFFFFFFFFFFFBFF

clint mtime 0x0000000000000047 (mip.MTI <- 0b1, mip.STI <- 0b0)
mem[X,0x0000000080000238] -> 0xB423
mem[X,0x000000008000023A] -> 0x05A0
[142] [M]: 0x0000000080000238 (0x05A0B423) sd x26, 0x48(x1)                         inst_4+48
mem[W,0x0000000080004160] <- 0xFFFFFFFFFFFFFBFF

mem[X,0x000000008000023C] -> 0x0D93
mem[X,0x000000008000023E] -> 0xBFF0
[143] [M]: 0x000000008000023C (0xBFF00D93) addi x27, x0, -0x401                     inst_5+0
x27 <- 0xFFFFFFFFFFFFFBFF

clint mtime 0x0000000000000048 (mip.MTI <- 0b1, mip.STI <- 0b0)
mem[X,0x0000000080000240] -> 0xB823
mem[X,0x0000000080000242] -> 0x05B0
[144] [M]: 0x0000000080000240 (0x05B0B823) sd x27, 0x50(x1)                         inst_5+4
mem[W,0x0000000080004168] <- 0xFFFFFFFFFFFFFBFF

mem[X,0x0000000080000244] -> 0xBDB7
mem[X,0x0000000080000246] -> 0xAAAA
[145] [M]: 0x0000000080000244 (0xAAAABDB7) lui x27, -0x55555                        inst_5+8
x27 <- 0xFFFFFFFFAAAAB000

clint mtime 0x0000000000000049 (mip.MTI <- 0b1, mip.STI <- 0b0)
mem[X,0x0000000080000248] -> 0x8D93
mem[X,0x000000008000024A] -> 0xAAAD
[146] [M]: 0x0000000080000248 (0xAAAD8D93) addi x27, x27, -0x556                    inst_5+12
x27 <- 0xFFFFFFFFAAAAAAAA

mem[X,0x000000008000024C] -> 0x9D93
mem[X,0x000000008000024E] -> 0x00BD
[147] [M]: 0x000000008000024C (0x00BD9D93) slli x27, x27, 0xb                       inst_5+16
x27 <- 0xFFFFFD5555555000

clint mtime 0x000000000000004A (mip.MTI <- 0b1, mip.STI <- 0b0)
mem[X,0x0000000080000250] -> 0x8D93
mem[X,0x0000000080000252] -> 0x555D
[148] [M]: 0x0000000080000250 (0x555D8D93) addi x27, x27, 0x555                     inst_5+20
x27 <- 0xFFFFFD5555555555

mem[X,0x0000000080000254] -> 0x9D93
mem[X,0x0000000080000256] -> 0x00BD
[149] [M]: 0x0000000080000254 (0x00BD9D93) slli x27, x27, 0xb                       inst_5+24
x27 <- 0xFFEAAAAAAAAAA800

clint mtime 0x000000000000004B (mip.MTI <- 0b1, mip.STI <- 0b0)
mem[X,0x0000000080000258] -> 0x8D93
mem[X,0x000000008000025A] -> 0x2AAD
[150] [M]: 0x0000000080000258 (0x2AAD8D93) addi x27, x27, 0x2aa                     inst_5+28
x27 <- 0xFFEAAAAAAAAAAAAA

mem[X,0x000000008000025C] -> 0x9D93
mem[X,0x000000008000025E] -> 0x00AD
[151] [M]: 0x000000008000025C (0x00AD9D93) slli x27, x27, 0xa                       inst_5+32
x27 <- 0xAAAAAAAAAAAAA800

clint mtime 0x000000000000004C (mip.MTI <- 0b1, mip.STI <- 0b0)
mem[X,0x0000000080000260] -> 0x8D93
mem[X,0x0000000080000262] -> 0x2AAD
[152] [M]: 0x0000000080000260 (0x2AAD8D93) addi x27, x27, 0x2aa                     inst_5+36
x27 <- 0xAAAAAAAAAAAAAAAA

mem[X,0x0000000080000264] -> 0x8D13
mem[X,0x0000000080000266] -> 0x0500
[153] [M]: 0x0000000080000264 (0x05008D13) addi x26, x1, 0x50                       inst_5+40
x26 <- 0x0000000080004168

clint mtime 0x000000000000004D (mip.MTI <- 0b1, mip.STI <- 0b0)
mem[X,0x0000000080000268] -> 0x2E2F
mem[X,0x000000008000026A] -> 0x61BD
[154] [M]: 0x0000000080000268 (0x61BD2E2F) amoand.w x28, x27, (x26)                 inst_5+44
mem[RW,0x0000000080004168] -> 0xFFFFFBFF
mem[W,0x0000000080004168] <- 0xAAAAAAAA
x28 <- 0xFFFFFFFFFFFFFBFF

mem[X,0x000000008000026C] -> 0xBC23
mem[X,0x000000008000026E] -> 0x05C0
[155] [M]: 0x000000008000026C (0x05C0BC23) sd x28, 0x58(x1)                         inst_5+48
mem[W,0x0000000080004170] <- 0xFFFFFFFFFFFFFBFF

clint mtime 0x000000000000004E (mip.MTI <- 0b1, mip.STI <- 0b0)
mem[X,0x0000000080000270] -> 0x0B93
mem[X,0x0000000080000272] -> 0xBFF0
[156] [M]: 0x0000000080000270 (0xBFF00B93) addi x23, x0, -0x401                     inst_6+0
x23 <- 0xFFFFFFFFFFFFFBFF

mem[X,0x0000000080000274] -> 0xB023
mem[X,0x0000000080000276] -> 0x0770
[157] [M]: 0x0000000080000274 (0x0770B023) sd x23, 0x60(x1)                         inst_6+4
mem[W,0x0000000080004178] <- 0xFFFFFFFFFFFFFBFF

clint mtime 0x000000000000004F (mip.MTI <- 0b1, mip.STI <- 0b0)
mem[X,0x0000000080000278] -> 0x0B93
mem[X,0x000000008000027A] -> 0x0020
[158] [M]: 0x0000000080000278 (0x00200B93) addi x23, x0, 0x2                        inst_6+8
x23 <- 0x0000000000000002

mem[X,0x000000008000027C] -> 0x8C93
mem[X,0x000000008000027E] -> 0x0600
[159] [M]: 0x000000008000027C (0x06008C93) addi x25, x1, 0x60                       inst_6+12
x25 <- 0x0000000080004178

clint mtime 0x0000000000000050 (mip.MTI <- 0b1, mip.STI <- 0b0)
mem[X,0x0000000080000280] -> 0xAC2F
mem[X,0x0000000080000282] -> 0x617C
[160] [M]: 0x0000000080000280 (0x617CAC2F) amoand.w x24, x23, (x25)                 inst_6+16
mem[RW,0x0000000080004178] -> 0xFFFFFBFF
mem[W,0x0000000080004178] <- 0x00000002
x24 <- 0xFFFFFFFFFFFFFBFF

mem[X,0x0000000080000284] -> 0xB423
mem[X,0x0000000080000286] -> 0x0780
[161] [M]: 0x0000000080000284 (0x0780B423) sd x24, 0x68(x1)                         inst_6+20
mem[W,0x0000000080004180] <- 0xFFFFFFFFFFFFFBFF

clint mtime 0x0000000000000051 (mip.MTI <- 0b1, mip.STI <- 0b0)
mem[X,0x0000000080000288] -> 0x0C93
mem[X,0x000000008000028A] -> 0xBFF0
[162] [M]: 0x0000000080000288 (0xBFF00C93) addi x25, x0, -0x401                     inst_7+0
x25 <- 0xFFFFFFFFFFFFFBFF

mem[X,0x000000008000028C] -> 0xB823
mem[X,0x000000008000028E] -> 0x0790
[163] [M]: 0x000000008000028C (0x0790B823) sd x25, 0x70(x1)                         inst_7+4
mem[W,0x0000000080004188] <- 0xFFFFFFFFFFFFFBFF

clint mtime 0x0000000000000052 (mip.MTI <- 0b1, mip.STI <- 0b0)
mem[X,0x0000000080000290] -> 0x0C93
mem[X,0x0000000080000292] -> 0xFFE0
[164] [M]: 0x0000000080000290 (0xFFE00C93) addi x25, x0, -0x2                       inst_7+8
x25 <- 0xFFFFFFFFFFFFFFFE

mem[X,0x0000000080000294] -> 0x8C13
mem[X,0x0000000080000296] -> 0x0700
[165] [M]: 0x0000000080000294 (0x07008C13) addi x24, x1, 0x70                       inst_7+12
x24 <- 0x0000000080004188

clint mtime 0x0000000000000053 (mip.MTI <- 0b1, mip.STI <- 0b0)
mem[X,0x0000000080000298] -> 0x2BAF
mem[X,0x000000008000029A] -> 0x619C
[166] [M]: 0x0000000080000298 (0x619C2BAF) amoand.w x23, x25, (x24)                 inst_7+16
mem[RW,0x0000000080004188] -> 0xFFFFFBFF
mem[W,0x0000000080004188] <- 0xFFFFFBFE
x23 <- 0xFFFFFFFFFFFFFBFF

mem[X,0x000000008000029C] -> 0xBC23
mem[X,0x000000008000029E] -> 0x0770
[167] [M]: 0x000000008000029C (0x0770BC23) sd x23, 0x78(x1)                         inst_7+20
mem[W,0x0000000080004190] <- 0xFFFFFFFFFFFFFBFF

clint mtime 0x0000000000000054 (mip.MTI <- 0b1, mip.STI <- 0b0)
mem[X,0x00000000800002A0] -> 0x0C13
mem[X,0x00000000800002A2] -> 0xBFF0
[168] [M]: 0x00000000800002A0 (0xBFF00C13) addi x24, x0, -0x401                     inst_8+0
x24 <- 0xFFFFFFFFFFFFFBFF

mem[X,0x00000000800002A4] -> 0xB023
mem[X,0x00000000800002A6] -> 0x0980
[169] [M]: 0x00000000800002A4 (0x0980B023) sd x24, 0x80(x1)                         inst_8+4
mem[W,0x0000000080004198] <- 0xFFFFFFFFFFFFFBFF

clint mtime 0x0000000000000055 (mip.MTI <- 0b1, mip.STI <- 0b0)
mem[X,0x00000000800002A8] -> 0x0C13
mem[X,0x00000000800002AA] -> 0xFFD0
[170] [M]: 0x00000000800002A8 (0xFFD00C13) addi x24, x0, -0x3                       inst_8+8
x24 <- 0xFFFFFFFFFFFFFFFD

mem[X,0x00000000800002AC] -> 0x8B93
mem[X,0x00000000800002AE] -> 0x0800
[171] [M]: 0x00000000800002AC (0x08008B93) addi x23, x1, 0x80                       inst_8+12
x23 <- 0x0000000080004198

clint mtime 0x0000000000000056 (mip.MTI <- 0b1, mip.STI <- 0b0)
mem[X,0x00000000800002B0] -> 0xACAF
mem[X,0x00000000800002B2] -> 0x618B
[172] [M]: 0x00000000800002B0 (0x618BACAF) amoand.w x25, x24, (x23)                 inst_8+16
mem[RW,0x0000000080004198] -> 0xFFFFFBFF
mem[W,0x0000000080004198] <- 0xFFFFFBFD
x25 <- 0xFFFFFFFFFFFFFBFF

mem[X,0x00000000800002B4] -> 0xB423
mem[X,0x00000000800002B6] -> 0x0990
[173] [M]: 0x00000000800002B4 (0x0990B423) sd x25, 0x88(x1)                         inst_8+20
mem[W,0x00000000800041A0] <- 0xFFFFFFFFFFFFFBFF

clint mtime 0x0000000000000057 (mip.MTI <- 0b1, mip.STI <- 0b0)
mem[X,0x00000000800002B8] -> 0x0A13
mem[X,0x00000000800002BA] -> 0xBFF0
[174] [M]: 0x00000000800002B8 (0xBFF00A13) addi x20, x0, -0x401                     inst_9+0
x20 <- 0xFFFFFFFFFFFFFBFF

mem[X,0x00000000800002BC] -> 0xB823
mem[X,0x00000000800002BE] -> 0x0940
[175] [M]: 0x00000000800002BC (0x0940B823) sd x20, 0x90(x1)                         inst_9+4
mem[W,0x00000000800041A8] <- 0xFFFFFFFFFFFFFBFF

clint mtime 0x0000000000000058 (mip.MTI <- 0b1, mip.STI <- 0b0)
mem[X,0x00000000800002C0] -> 0x0A13
mem[X,0x00000000800002C2] -> 0xFFB0
[176] [M]: 0x00000000800002C0 (0xFFB00A13) addi x20, x0, -0x5                       inst_9+8
x20 <- 0xFFFFFFFFFFFFFFFB

mem[X,0x00000000800002C4] -> 0x8B13
mem[X,0x00000000800002C6] -> 0x0900
[177] [M]: 0x00000000800002C4 (0x09008B13) addi x22, x1, 0x90                       inst_9+12
x22 <- 0x00000000800041A8

clint mtime 0x0000000000000059 (mip.MTI <- 0b1, mip.STI <- 0b0)
mem[X,0x00000000800002C8] -> 0x2AAF
mem[X,0x00000000800002CA] -> 0x614B
[178] [M]: 0x00000000800002C8 (0x614B2AAF) amoand.w x21, x20, (x22)                 inst_9+16
mem[RW,0x00000000800041A8] -> 0xFFFFFBFF
mem[W,0x00000000800041A8] <- 0xFFFFFBFB
x21 <- 0xFFFFFFFFFFFFFBFF

mem[X,0x00000000800002CC] -> 0xBC23
mem[X,0x00000000800002CE] -> 0x0950
[179] [M]: 0x00000000800002CC (0x0950BC23) sd x21, 0x98(x1)                         inst_9+20
mem[W,0x00000000800041B0] <- 0xFFFFFFFFFFFFFBFF

clint mtime 0x000000000000005A (mip.MTI <- 0b1, mip.STI <- 0b0)
mem[X,0x00000000800002D0] -> 0x0B13
mem[X,0x00000000800002D2] -> 0xBFF0
[180] [M]: 0x00000000800002D0 (0xBFF00B13) addi x22, x0, -0x401                     inst_10+0
x22 <- 0xFFFFFFFFFFFFFBFF

mem[X,0x00000000800002D4] -> 0xB023
mem[X,0x00000000800002D6] -> 0x0B60
[181] [M]: 0x00000000800002D4 (0x0B60B023) sd x22, 0xa0(x1)                         inst_10+4
mem[W,0x00000000800041B8] <- 0xFFFFFFFFFFFFFBFF

clint mtime 0x000000000000005B (mip.MTI <- 0b1, mip.STI <- 0b0)
mem[X,0x00000000800002D8] -> 0x0B13
mem[X,0x00000000800002DA] -> 0xFF70
[182] [M]: 0x00000000800002D8 (0xFF700B13) addi x22, x0, -0x9                       inst_10+8
x22 <- 0xFFFFFFFFFFFFFFF7

mem[X,0x00000000800002DC] -> 0x8A93
mem[X,0x00000000800002DE] -> 0x0A00
[183] [M]: 0x00000000800002DC (0x0A008A93) addi x21, x1, 0xa0                       inst_10+12
x21 <- 0x00000000800041B8

clint mtime 0x000000000000005C (mip.MTI <- 0b1, mip.STI <- 0b0)
mem[X,0x00000000800002E0] -> 0xAA2F
mem[X,0x00000000800002E2] -> 0x616A
[184] [M]: 0x00000000800002E0 (0x616AAA2F) amoand.w x20, x22, (x21)                 inst_10+16
mem[RW,0x00000000800041B8] -> 0xFFFFFBFF
mem[W,0x00000000800041B8] <- 0xFFFFFBF7
x20 <- 0xFFFFFFFFFFFFFBFF

mem[X,0x00000000800002E4] -> 0xB423
mem[X,0x00000000800002E6] -> 0x0B40
[185] [M]: 0x00000000800002E4 (0x0B40B423) sd x20, 0xa8(x1)                         inst_10+20
mem[W,0x00000000800041C0] <- 0xFFFFFFFFFFFFFBFF

clint mtime 0x000000000000005D (mip.MTI <- 0b1, mip.STI <- 0b0)
mem[X,0x00000000800002E8] -> 0x0A93
mem[X,0x00000000800002EA] -> 0xBFF0
[186] [M]: 0x00000000800002E8 (0xBFF00A93) addi x21, x0, -0x401                     inst_11+0
x21 <- 0xFFFFFFFFFFFFFBFF

mem[X,0x00000000800002EC] -> 0xB823
mem[X,0x00000000800002EE] -> 0x0B50
[187] [M]: 0x00000000800002EC (0x0B50B823) sd x21, 0xb0(x1)                         inst_11+4
mem[W,0x00000000800041C8] <- 0xFFFFFFFFFFFFFBFF

clint mtime 0x000000000000005E (mip.MTI <- 0b1, mip.STI <- 0b0)
mem[X,0x00000000800002F0] -> 0x0A93
mem[X,0x00000000800002F2] -> 0xFEF0
[188] [M]: 0x00000000800002F0 (0xFEF00A93) addi x21, x0, -0x11                      inst_11+8
x21 <- 0xFFFFFFFFFFFFFFEF

mem[X,0x00000000800002F4] -> 0x8A13
mem[X,0x00000000800002F6] -> 0x0B00
[189] [M]: 0x00000000800002F4 (0x0B008A13) addi x20, x1, 0xb0                       inst_11+12
x20 <- 0x00000000800041C8

clint mtime 0x000000000000005F (mip.MTI <- 0b1, mip.STI <- 0b0)
mem[X,0x00000000800002F8] -> 0x2B2F
mem[X,0x00000000800002FA] -> 0x615A
[190] [M]: 0x00000000800002F8 (0x615A2B2F) amoand.w x22, x21, (x20)                 inst_11+16
mem[RW,0x00000000800041C8] -> 0xFFFFFBFF
mem[W,0x00000000800041C8] <- 0xFFFFFBEF
x22 <- 0xFFFFFFFFFFFFFBFF

mem[X,0x00000000800002FC] -> 0xBC23
mem[X,0x00000000800002FE] -> 0x0B60
[191] [M]: 0x00000000800002FC (0x0B60BC23) sd x22, 0xb8(x1)                         inst_11+20
mem[W,0x00000000800041D0] <- 0xFFFFFFFFFFFFFBFF

clint mtime 0x0000000000000060 (mip.MTI <- 0b1, mip.STI <- 0b0)
mem[X,0x0000000080000300] -> 0x0893
mem[X,0x0000000080000302] -> 0xBFF0
[192] [M]: 0x0000000080000300 (0xBFF00893) addi x17, x0, -0x401                     inst_12+0
x17 <- 0xFFFFFFFFFFFFFBFF

mem[X,0x0000000080000304] -> 0xB023
mem[X,0x0000000080000306] -> 0x0D10
[193] [M]: 0x0000000080000304 (0x0D10B023) sd x17, 0xc0(x1)                         inst_12+4
mem[W,0x00000000800041D8] <- 0xFFFFFFFFFFFFFBFF

clint mtime 0x0000000000000061 (mip.MTI <- 0b1, mip.STI <- 0b0)
mem[X,0x0000000080000308] -> 0x0893
mem[X,0x000000008000030A] -> 0xFDF0
[194] [M]: 0x0000000080000308 (0xFDF00893) addi x17, x0, -0x21                      inst_12+8
x17 <- 0xFFFFFFFFFFFFFFDF

mem[X,0x000000008000030C] -> 0x8993
mem[X,0x000000008000030E] -> 0x0C00
[195] [M]: 0x000000008000030C (0x0C008993) addi x19, x1, 0xc0                       inst_12+12
x19 <- 0x00000000800041D8

clint mtime 0x0000000000000062 (mip.MTI <- 0b1, mip.STI <- 0b0)
mem[X,0x0000000080000310] -> 0xA92F
mem[X,0x0000000080000312] -> 0x6119
[196] [M]: 0x0000000080000310 (0x6119A92F) amoand.w x18, x17, (x19)                 inst_12+16
mem[RW,0x00000000800041D8] -> 0xFFFFFBFF
mem[W,0x00000000800041D8] <- 0xFFFFFBDF
x18 <- 0xFFFFFFFFFFFFFBFF

mem[X,0x0000000080000314] -> 0xB423
mem[X,0x0000000080000316] -> 0x0D20
[197] [M]: 0x0000000080000314 (0x0D20B423) sd x18, 0xc8(x1)                         inst_12+20
mem[W,0x00000000800041E0] <- 0xFFFFFFFFFFFFFBFF

clint mtime 0x0000000000000063 (mip.MTI <- 0b1, mip.STI <- 0b0)
mem[X,0x0000000080000318] -> 0x0993
mem[X,0x000000008000031A] -> 0xBFF0
[198] [M]: 0x0000000080000318 (0xBFF00993) addi x19, x0, -0x401                     inst_13+0
x19 <- 0xFFFFFFFFFFFFFBFF

mem[X,0x000000008000031C] -> 0xB823
mem[X,0x000000008000031E] -> 0x0D30
[199] [M]: 0x000000008000031C (0x0D30B823) sd x19, 0xd0(x1)                         inst_13+4
mem[W,0x00000000800041E8] <- 0xFFFFFFFFFFFFFBFF

clint mtime 0x0000000000000064 (mip.MTI <- 0b1, mip.STI <- 0b0)
mem[X,0x0000000080000320] -> 0x0993
mem[X,0x0000000080000322] -> 0xFBF0
[200] [M]: 0x0000000080000320 (0xFBF00993) addi x19, x0, -0x41                      inst_13+8
x19 <- 0xFFFFFFFFFFFFFFBF

mem[X,0x0000000080000324] -> 0x8913
mem[X,0x0000000080000326] -> 0x0D00
[201] [M]: 0x0000000080000324 (0x0D008913) addi x18, x1, 0xd0                       inst_13+12
x18 <- 0x00000000800041E8

clint mtime 0x0000000000000065 (mip.MTI <- 0b1, mip.STI <- 0b0)
mem[X,0x0000000080000328] -> 0x28AF
mem[X,0x000000008000032A] -> 0x6139
[202] [M]: 0x0000000080000328 (0x613928AF) amoand.w x17, x19, (x18)                 inst_13+16
mem[RW,0x00000000800041E8] -> 0xFFFFFBFF
mem[W,0x00000000800041E8] <- 0xFFFFFBBF
x17 <- 0xFFFFFFFFFFFFFBFF

mem[X,0x000000008000032C] -> 0xBC23
mem[X,0x000000008000032E] -> 0x0D10
[203] [M]: 0x000000008000032C (0x0D10BC23) sd x17, 0xd8(x1)                         inst_13+20
mem[W,0x00000000800041F0] <- 0xFFFFFFFFFFFFFBFF

clint mtime 0x0000000000000066 (mip.MTI <- 0b1, mip.STI <- 0b0)
mem[X,0x0000000080000330] -> 0x0913
mem[X,0x0000000080000332] -> 0xBFF0
[204] [M]: 0x0000000080000330 (0xBFF00913) addi x18, x0, -0x401                     inst_14+0
x18 <- 0xFFFFFFFFFFFFFBFF

mem[X,0x0000000080000334] -> 0xB023
mem[X,0x0000000080000336] -> 0x0F20
[205] [M]: 0x0000000080000334 (0x0F20B023) sd x18, 0xe0(x1)                         inst_14+4
mem[W,0x00000000800041F8] <- 0xFFFFFFFFFFFFFBFF

clint mtime 0x0000000000000067 (mip.MTI <- 0b1, mip.STI <- 0b0)
mem[X,0x0000000080000338] -> 0x0913
mem[X,0x000000008000033A] -> 0xF7F0
[206] [M]: 0x0000000080000338 (0xF7F00913) addi x18, x0, -0x81                      inst_14+8
x18 <- 0xFFFFFFFFFFFFFF7F

mem[X,0x000000008000033C] -> 0x8893
mem[X,0x000000008000033E] -> 0x0E00
[207] [M]: 0x000000008000033C (0x0E008893) addi x17, x1, 0xe0                       inst_14+12
x17 <- 0x00000000800041F8

clint mtime 0x0000000000000068 (mip.MTI <- 0b1, mip.STI <- 0b0)
mem[X,0x0000000080000340] -> 0xA9AF
mem[X,0x0000000080000342] -> 0x6128
[208] [M]: 0x0000000080000340 (0x6128A9AF) amoand.w x19, x18, (x17)                 inst_14+16
mem[RW,0x00000000800041F8] -> 0xFFFFFBFF
mem[W,0x00000000800041F8] <- 0xFFFFFB7F
x19 <- 0xFFFFFFFFFFFFFBFF

mem[X,0x0000000080000344] -> 0xB423
mem[X,0x0000000080000346] -> 0x0F30
[209] [M]: 0x0000000080000344 (0x0F30B423) sd x19, 0xe8(x1)                         inst_14+20
mem[W,0x0000000080004200] <- 0xFFFFFFFFFFFFFBFF

clint mtime 0x0000000000000069 (mip.MTI <- 0b1, mip.STI <- 0b0)
mem[X,0x0000000080000348] -> 0x0713
mem[X,0x000000008000034A] -> 0xBFF0
[210] [M]: 0x0000000080000348 (0xBFF00713) addi x14, x0, -0x401                     inst_15+0
x14 <- 0xFFFFFFFFFFFFFBFF

mem[X,0x000000008000034C] -> 0xB823
mem[X,0x000000008000034E] -> 0x0EE0
[211] [M]: 0x000000008000034C (0x0EE0B823) sd x14, 0xf0(x1)                         inst_15+4
mem[W,0x0000000080004208] <- 0xFFFFFFFFFFFFFBFF

clint mtime 0x000000000000006A (mip.MTI <- 0b1, mip.STI <- 0b0)
mem[X,0x0000000080000350] -> 0x0713
mem[X,0x0000000080000352] -> 0xEFF0
[212] [M]: 0x0000000080000350 (0xEFF00713) addi x14, x0, -0x101                     inst_15+8
x14 <- 0xFFFFFFFFFFFFFEFF

mem[X,0x0000000080000354] -> 0x8813
mem[X,0x0000000080000356] -> 0x0F00
[213] [M]: 0x0000000080000354 (0x0F008813) addi x16, x1, 0xf0                       inst_15+12
x16 <- 0x0000000080004208

clint mtime 0x000000000000006B (mip.MTI <- 0b1, mip.STI <- 0b0)
mem[X,0x0000000080000358] -> 0x27AF
mem[X,0x000000008000035A] -> 0x60E8
[214] [M]: 0x0000000080000358 (0x60E827AF) amoand.w x15, x14, (x16)                 inst_15+16
mem[RW,0x0000000080004208] -> 0xFFFFFBFF
mem[W,0x0000000080004208] <- 0xFFFFFAFF
x15 <- 0xFFFFFFFFFFFFFBFF

mem[X,0x000000008000035C] -> 0xBC23
mem[X,0x000000008000035E] -> 0x0EF0
[215] [M]: 0x000000008000035C (0x0EF0BC23) sd x15, 0xf8(x1)                         inst_15+20
mem[W,0x0000000080004210] <- 0xFFFFFFFFFFFFFBFF

clint mtime 0x000000000000006C (mip.MTI <- 0b1, mip.STI <- 0b0)
mem[X,0x0000000080000360] -> 0x0813
mem[X,0x0000000080000362] -> 0xBFF0
[216] [M]: 0x0000000080000360 (0xBFF00813) addi x16, x0, -0x401                     inst_16+0
x16 <- 0xFFFFFFFFFFFFFBFF

mem[X,0x0000000080000364] -> 0xB023
mem[X,0x0000000080000366] -> 0x1100
[217] [M]: 0x0000000080000364 (0x1100B023) sd x16, 0x100(x1)                        inst_16+4
mem[W,0x0000000080004218] <- 0xFFFFFFFFFFFFFBFF

clint mtime 0x000000000000006D (mip.MTI <- 0b1, mip.STI <- 0b0)
mem[X,0x0000000080000368] -> 0x0813
mem[X,0x000000008000036A] -> 0xDFF0
[218] [M]: 0x0000000080000368 (0xDFF00813) addi x16, x0, -0x201                     inst_16+8
x16 <- 0xFFFFFFFFFFFFFDFF

mem[X,0x000000008000036C] -> 0x8793
mem[X,0x000000008000036E] -> 0x1000
[219] [M]: 0x000000008000036C (0x10008793) addi x15, x1, 0x100                      inst_16+12
x15 <- 0x0000000080004218

clint mtime 0x000000000000006E (mip.MTI <- 0b1, mip.STI <- 0b0)
mem[X,0x0000000080000370] -> 0xA72F
mem[X,0x0000000080000372] -> 0x6107
[220] [M]: 0x0000000080000370 (0x6107A72F) amoand.w x14, x16, (x15)                 inst_16+16
mem[RW,0x0000000080004218] -> 0xFFFFFBFF
mem[W,0x0000000080004218] <- 0xFFFFF9FF
x14 <- 0xFFFFFFFFFFFFFBFF

mem[X,0x0000000080000374] -> 0xB423
mem[X,0x0000000080000376] -> 0x10E0
[221] [M]: 0x0000000080000374 (0x10E0B423) sd x14, 0x108(x1)                        inst_16+20
mem[W,0x0000000080004220] <- 0xFFFFFFFFFFFFFBFF

clint mtime 0x000000000000006F (mip.MTI <- 0b1, mip.STI <- 0b0)
mem[X,0x0000000080000378] -> 0x0793
mem[X,0x000000008000037A] -> 0xBFF0
[222] [M]: 0x0000000080000378 (0xBFF00793) addi x15, x0, -0x401                     inst_17+0
x15 <- 0xFFFFFFFFFFFFFBFF

mem[X,0x000000008000037C] -> 0xB823
mem[X,0x000000008000037E] -> 0x10F0
[223] [M]: 0x000000008000037C (0x10F0B823) sd x15, 0x110(x1)                        inst_17+4
mem[W,0x0000000080004228] <- 0xFFFFFFFFFFFFFBFF

clint mtime 0x0000000000000070 (mip.MTI <- 0b1, mip.STI <- 0b0)
mem[X,0x0000000080000380] -> 0x0793
mem[X,0x0000000080000382] -> 0xBFF0
[224] [M]: 0x0000000080000380 (0xBFF00793) addi x15, x0, -0x401                     inst_17+8
x15 <- 0xFFFFFFFFFFFFFBFF

mem[X,0x0000000080000384] -> 0x8713
mem[X,0x0000000080000386] -> 0x1100
[225] [M]: 0x0000000080000384 (0x11008713) addi x14, x1, 0x110                      inst_17+12
x14 <- 0x0000000080004228

clint mtime 0x0000000000000071 (mip.MTI <- 0b1, mip.STI <- 0b0)
mem[X,0x0000000080000388] -> 0x282F
mem[X,0x000000008000038A] -> 0x60F7
[226] [M]: 0x0000000080000388 (0x60F7282F) amoand.w x16, x15, (x14)                 inst_17+16
mem[RW,0x0000000080004228] -> 0xFFFFFBFF
mem[W,0x0000000080004228] <- 0xFFFFFBFF
x16 <- 0xFFFFFFFFFFFFFBFF

mem[X,0x000000008000038C] -> 0xBC23
mem[X,0x000000008000038E] -> 0x1100
[227] [M]: 0x000000008000038C (0x1100BC23) sd x16, 0x118(x1)                        inst_17+20
mem[W,0x0000000080004230] <- 0xFFFFFFFFFFFFFBFF

clint mtime 0x0000000000000072 (mip.MTI <- 0b1, mip.STI <- 0b0)
mem[X,0x0000000080000390] -> 0x0593
mem[X,0x0000000080000392] -> 0xBFF0
[228] [M]: 0x0000000080000390 (0xBFF00593) addi x11, x0, -0x401                     inst_18+0
x11 <- 0xFFFFFFFFFFFFFBFF

mem[X,0x0000000080000394] -> 0xB023
mem[X,0x0000000080000396] -> 0x12B0
[229] [M]: 0x0000000080000394 (0x12B0B023) sd x11, 0x120(x1)                        inst_18+4
mem[W,0x0000000080004238] <- 0xFFFFFFFFFFFFFBFF

clint mtime 0x0000000000000073 (mip.MTI <- 0b1, mip.STI <- 0b0)
mem[X,0x0000000080000398] -> 0x0593
mem[X,0x000000008000039A] -> 0x0010
[230] [M]: 0x0000000080000398 (0x00100593) addi x11, x0, 0x1                        inst_18+8
x11 <- 0x0000000000000001

mem[X,0x000000008000039C] -> 0x9593
mem[X,0x000000008000039E] -> 0x00B5
[231] [M]: 0x000000008000039C (0x00B59593) slli x11, x11, 0xb                       inst_18+12
x11 <- 0x0000000000000800

clint mtime 0x0000000000000074 (mip.MTI <- 0b1, mip.STI <- 0b0)
mem[X,0x00000000800003A0] -> 0xC593
mem[X,0x00000000800003A2] -> 0xFFF5
[232] [M]: 0x00000000800003A0 (0xFFF5C593) xori x11, x11, -0x1                      inst_18+16
x11 <- 0xFFFFFFFFFFFFF7FF

mem[X,0x00000000800003A4] -> 0x8693
mem[X,0x00000000800003A6] -> 0x1200
[233] [M]: 0x00000000800003A4 (0x12008693) addi x13, x1, 0x120                      inst_18+20
x13 <- 0x0000000080004238

clint mtime 0x0000000000000075 (mip.MTI <- 0b1, mip.STI <- 0b0)
mem[X,0x00000000800003A8] -> 0xA62F
mem[X,0x00000000800003AA] -> 0x60B6
[234] [M]: 0x00000000800003A8 (0x60B6A62F) amoand.w x12, x11, (x13)                 inst_18+24
mem[RW,0x0000000080004238] -> 0xFFFFFBFF
mem[W,0x0000000080004238] <- 0xFFFFF3FF
x12 <- 0xFFFFFFFFFFFFFBFF

mem[X,0x00000000800003AC] -> 0xB423
mem[X,0x00000000800003AE] -> 0x12C0
[235] [M]: 0x00000000800003AC (0x12C0B423) sd x12, 0x128(x1)                        inst_18+28
mem[W,0x0000000080004240] <- 0xFFFFFFFFFFFFFBFF

clint mtime 0x0000000000000076 (mip.MTI <- 0b1, mip.STI <- 0b0)
mem[X,0x00000000800003B0] -> 0x0693
mem[X,0x00000000800003B2] -> 0xBFF0
[236] [M]: 0x00000000800003B0 (0xBFF00693) addi x13, x0, -0x401                     inst_19+0
x13 <- 0xFFFFFFFFFFFFFBFF

mem[X,0x00000000800003B4] -> 0xB823
mem[X,0x00000000800003B6] -> 0x12D0
[237] [M]: 0x00000000800003B4 (0x12D0B823) sd x13, 0x130(x1)                        inst_19+4
mem[W,0x0000000080004248] <- 0xFFFFFFFFFFFFFBFF

clint mtime 0x0000000000000077 (mip.MTI <- 0b1, mip.STI <- 0b0)
mem[X,0x00000000800003B8] -> 0x0693
mem[X,0x00000000800003BA] -> 0x0010
[238] [M]: 0x00000000800003B8 (0x00100693) addi x13, x0, 0x1                        inst_19+8
x13 <- 0x0000000000000001

mem[X,0x00000000800003BC] -> 0x9693
mem[X,0x00000000800003BE] -> 0x00C6
[239] [M]: 0x00000000800003BC (0x00C69693) slli x13, x13, 0xc                       inst_19+12
x13 <- 0x0000000000001000

clint mtime 0x0000000000000078 (mip.MTI <- 0b1, mip.STI <- 0b0)
mem[X,0x00000000800003C0] -> 0xC693
mem[X,0x00000000800003C2] -> 0xFFF6
[240] [M]: 0x00000000800003C0 (0xFFF6C693) xori x13, x13, -0x1                      inst_19+16
x13 <- 0xFFFFFFFFFFFFEFFF

mem[X,0x00000000800003C4] -> 0x8613
mem[X,0x00000000800003C6] -> 0x1300
[241] [M]: 0x00000000800003C4 (0x13008613) addi x12, x1, 0x130                      inst_19+20
x12 <- 0x0000000080004248

clint mtime 0x0000000000000079 (mip.MTI <- 0b1, mip.STI <- 0b0)
mem[X,0x00000000800003C8] -> 0x25AF
mem[X,0x00000000800003CA] -> 0x60D6
[242] [M]: 0x00000000800003C8 (0x60D625AF) amoand.w x11, x13, (x12)                 inst_19+24
mem[RW,0x0000000080004248] -> 0xFFFFFBFF
mem[W,0x0000000080004248] <- 0xFFFFEBFF
x11 <- 0xFFFFFFFFFFFFFBFF

mem[X,0x00000000800003CC] -> 0xBC23
mem[X,0x00000000800003CE] -> 0x12B0
[243] [M]: 0x00000000800003CC (0x12B0BC23) sd x11, 0x138(x1)                        inst_19+28
mem[W,0x0000000080004250] <- 0xFFFFFFFFFFFFFBFF

clint mtime 0x000000000000007A (mip.MTI <- 0b1, mip.STI <- 0b0)
mem[X,0x00000000800003D0] -> 0x0613
mem[X,0x00000000800003D2] -> 0xBFF0
[244] [M]: 0x00000000800003D0 (0xBFF00613) addi x12, x0, -0x401                     inst_20+0
x12 <- 0xFFFFFFFFFFFFFBFF

mem[X,0x00000000800003D4] -> 0xB023
mem[X,0x00000000800003D6] -> 0x14C0
[245] [M]: 0x00000000800003D4 (0x14C0B023) sd x12, 0x140(x1)                        inst_20+4
mem[W,0x0000000080004258] <- 0xFFFFFFFFFFFFFBFF

clint mtime 0x000000000000007B (mip.MTI <- 0b1, mip.STI <- 0b0)
mem[X,0x00000000800003D8] -> 0x0613
mem[X,0x00000000800003DA] -> 0x0010
[246] [M]: 0x00000000800003D8 (0x00100613) addi x12, x0, 0x1                        inst_20+8
x12 <- 0x0000000000000001

mem[X,0x00000000800003DC] -> 0x1613
mem[X,0x00000000800003DE] -> 0x00D6
[247] [M]: 0x00000000800003DC (0x00D61613) slli x12, x12, 0xd                       inst_20+12
x12 <- 0x0000000000002000

clint mtime 0x000000000000007C (mip.MTI <- 0b1, mip.STI <- 0b0)
mem[X,0x00000000800003E0] -> 0x4613
mem[X,0x00000000800003E2] -> 0xFFF6
[248] [M]: 0x00000000800003E0 (0xFFF64613) xori x12, x12, -0x1                      inst_20+16
x12 <- 0xFFFFFFFFFFFFDFFF

mem[X,0x00000000800003E4] -> 0x8593
mem[X,0x00000000800003E6] -> 0x1400
[249] [M]: 0x00000000800003E4 (0x14008593) addi x11, x1, 0x140                      inst_20+20
x11 <- 0x0000000080004258

clint mtime 0x000000000000007D (mip.MTI <- 0b1, mip.STI <- 0b0)
mem[X,0x00000000800003E8] -> 0xA6AF
mem[X,0x00000000800003EA] -> 0x60C5
[250] [M]: 0x00000000800003E8 (0x60C5A6AF) amoand.w x13, x12, (x11)                 inst_20+24
mem[RW,0x0000000080004258] -> 0xFFFFFBFF
mem[W,0x0000000080004258] <- 0xFFFFDBFF
x13 <- 0xFFFFFFFFFFFFFBFF

mem[X,0x00000000800003EC] -> 0xB423
mem[X,0x00000000800003EE] -> 0x14D0
[251] [M]: 0x00000000800003EC (0x14D0B423) sd x13, 0x148(x1)                        inst_20+28
mem[W,0x0000000080004260] <- 0xFFFFFFFFFFFFFBFF

clint mtime 0x000000000000007E (mip.MTI <- 0b1, mip.STI <- 0b0)
mem[X,0x00000000800003F0] -> 0x0413
mem[X,0x00000000800003F2] -> 0xBFF0
[252] [M]: 0x00000000800003F0 (0xBFF00413) addi x8, x0, -0x401                      inst_21+0
x8 <- 0xFFFFFFFFFFFFFBFF

mem[X,0x00000000800003F4] -> 0xB823
mem[X,0x00000000800003F6] -> 0x1480
[253] [M]: 0x00000000800003F4 (0x1480B823) sd x8, 0x150(x1)                         inst_21+4
mem[W,0x0000000080004268] <- 0xFFFFFFFFFFFFFBFF

clint mtime 0x000000000000007F (mip.MTI <- 0b1, mip.STI <- 0b0)
mem[X,0x00000000800003F8] -> 0x0413
mem[X,0x00000000800003FA] -> 0x0010
[254] [M]: 0x00000000800003F8 (0x00100413) addi x8, x0, 0x1                         inst_21+8
x8 <- 0x0000000000000001

mem[X,0x00000000800003FC] -> 0x1413
mem[X,0x00000000800003FE] -> 0x00E4
[255] [M]: 0x00000000800003FC (0x00E41413) slli x8, x8, 0xe                         inst_21+12
x8 <- 0x0000000000004000

clint mtime 0x0000000000000080 (mip.MTI <- 0b1, mip.STI <- 0b0)
mem[X,0x0000000080000400] -> 0x4413
mem[X,0x0000000080000402] -> 0xFFF4
[256] [M]: 0x0000000080000400 (0xFFF44413) xori x8, x8, -0x1                        inst_21+16
x8 <- 0xFFFFFFFFFFFFBFFF

mem[X,0x0000000080000404] -> 0x8513
mem[X,0x0000000080000406] -> 0x1500
[257] [M]: 0x0000000080000404 (0x15008513) addi x10, x1, 0x150                      inst_21+20
x10 <- 0x0000000080004268

clint mtime 0x0000000000000081 (mip.MTI <- 0b1, mip.STI <- 0b0)
mem[X,0x0000000080000408] -> 0x24AF
mem[X,0x000000008000040A] -> 0x6085
[258] [M]: 0x0000000080000408 (0x608524AF) amoand.w x9, x8, (x10)                   inst_21+24
mem[RW,0x0000000080004268] -> 0xFFFFFBFF
mem[W,0x0000000080004268] <- 0xFFFFBBFF
x9 <- 0xFFFFFFFFFFFFFBFF

mem[X,0x000000008000040C] -> 0xBC23
mem[X,0x000000008000040E] -> 0x1490
[259] [M]: 0x000000008000040C (0x1490BC23) sd x9, 0x158(x1)                         inst_21+28
mem[W,0x0000000080004270] <- 0xFFFFFFFFFFFFFBFF

clint mtime 0x0000000000000082 (mip.MTI <- 0b1, mip.STI <- 0b0)
mem[X,0x0000000080000410] -> 0x0513
mem[X,0x0000000080000412] -> 0xBFF0
[260] [M]: 0x0000000080000410 (0xBFF00513) addi x10, x0, -0x401                     inst_22+0
x10 <- 0xFFFFFFFFFFFFFBFF

mem[X,0x0000000080000414] -> 0xB023
mem[X,0x0000000080000416] -> 0x16A0
[261] [M]: 0x0000000080000414 (0x16A0B023) sd x10, 0x160(x1)                        inst_22+4
mem[W,0x0000000080004278] <- 0xFFFFFFFFFFFFFBFF

clint mtime 0x0000000000000083 (mip.MTI <- 0b1, mip.STI <- 0b0)
mem[X,0x0000000080000418] -> 0x0513
mem[X,0x000000008000041A] -> 0x0010
[262] [M]: 0x0000000080000418 (0x00100513) addi x10, x0, 0x1                        inst_22+8
x10 <- 0x0000000000000001

mem[X,0x000000008000041C] -> 0x1513
mem[X,0x000000008000041E] -> 0x00F5
[263] [M]: 0x000000008000041C (0x00F51513) slli x10, x10, 0xf                       inst_22+12
x10 <- 0x0000000000008000

clint mtime 0x0000000000000084 (mip.MTI <- 0b1, mip.STI <- 0b0)
mem[X,0x0000000080000420] -> 0x4513
mem[X,0x0000000080000422] -> 0xFFF5
[264] [M]: 0x0000000080000420 (0xFFF54513) xori x10, x10, -0x1                      inst_22+16
x10 <- 0xFFFFFFFFFFFF7FFF

mem[X,0x0000000080000424] -> 0x8493
mem[X,0x0000000080000426] -> 0x1600
[265] [M]: 0x0000000080000424 (0x16008493) addi x9, x1, 0x160                       inst_22+20
x9 <- 0x0000000080004278

clint mtime 0x0000000000000085 (mip.MTI <- 0b1, mip.STI <- 0b0)
mem[X,0x0000000080000428] -> 0xA42F
mem[X,0x000000008000042A] -> 0x60A4
[266] [M]: 0x0000000080000428 (0x60A4A42F) amoand.w x8, x10, (x9)                   inst_22+24
mem[RW,0x0000000080004278] -> 0xFFFFFBFF
mem[W,0x0000000080004278] <- 0xFFFF7BFF
x8 <- 0xFFFFFFFFFFFFFBFF

mem[X,0x000000008000042C] -> 0xB423
mem[X,0x000000008000042E] -> 0x1680
[267] [M]: 0x000000008000042C (0x1680B423) sd x8, 0x168(x1)                         inst_22+28
mem[W,0x0000000080004280] <- 0xFFFFFFFFFFFFFBFF

clint mtime 0x0000000000000086 (mip.MTI <- 0b1, mip.STI <- 0b0)
mem[X,0x0000000080000430] -> 0x0493
mem[X,0x0000000080000432] -> 0xBFF0
[268] [M]: 0x0000000080000430 (0xBFF00493) addi x9, x0, -0x401                      inst_23+0
x9 <- 0xFFFFFFFFFFFFFBFF

mem[X,0x0000000080000434] -> 0xB823
mem[X,0x0000000080000436] -> 0x1690
[269] [M]: 0x0000000080000434 (0x1690B823) sd x9, 0x170(x1)                         inst_23+4
mem[W,0x0000000080004288] <- 0xFFFFFFFFFFFFFBFF

clint mtime 0x0000000000000087 (mip.MTI <- 0b1, mip.STI <- 0b0)
mem[X,0x0000000080000438] -> 0x0493
mem[X,0x000000008000043A] -> 0x0010
[270] [M]: 0x0000000080000438 (0x00100493) addi x9, x0, 0x1                         inst_23+8
x9 <- 0x0000000000000001

mem[X,0x000000008000043C] -> 0x9493
mem[X,0x000000008000043E] -> 0x0104
[271] [M]: 0x000000008000043C (0x01049493) slli x9, x9, 0x10                        inst_23+12
x9 <- 0x0000000000010000

clint mtime 0x0000000000000088 (mip.MTI <- 0b1, mip.STI <- 0b0)
mem[X,0x0000000080000440] -> 0xC493
mem[X,0x0000000080000442] -> 0xFFF4
[272] [M]: 0x0000000080000440 (0xFFF4C493) xori x9, x9, -0x1                        inst_23+16
x9 <- 0xFFFFFFFFFFFEFFFF

mem[X,0x0000000080000444] -> 0x8413
mem[X,0x0000000080000446] -> 0x1700
[273] [M]: 0x0000000080000444 (0x17008413) addi x8, x1, 0x170                       inst_23+20
x8 <- 0x0000000080004288

clint mtime 0x0000000000000089 (mip.MTI <- 0b1, mip.STI <- 0b0)
mem[X,0x0000000080000448] -> 0x252F
mem[X,0x000000008000044A] -> 0x6094
[274] [M]: 0x0000000080000448 (0x6094252F) amoand.w x10, x9, (x8)                   inst_23+24
mem[RW,0x0000000080004288] -> 0xFFFFFBFF
mem[W,0x0000000080004288] <- 0xFFFEFBFF
x10 <- 0xFFFFFFFFFFFFFBFF

mem[X,0x000000008000044C] -> 0xBC23
mem[X,0x000000008000044E] -> 0x16A0
[275] [M]: 0x000000008000044C (0x16A0BC23) sd x10, 0x178(x1)                        inst_23+28
mem[W,0x0000000080004290] <- 0xFFFFFFFFFFFFFBFF

clint mtime 0x000000000000008A (mip.MTI <- 0b1, mip.STI <- 0b0)
mem[X,0x0000000080000450] -> 0x0293
mem[X,0x0000000080000452] -> 0xBFF0
[276] [M]: 0x0000000080000450 (0xBFF00293) addi x5, x0, -0x401                      inst_24+0
x5 <- 0xFFFFFFFFFFFFFBFF

mem[X,0x0000000080000454] -> 0xB023
mem[X,0x0000000080000456] -> 0x1850
[277] [M]: 0x0000000080000454 (0x1850B023) sd x5, 0x180(x1)                         inst_24+4
mem[W,0x0000000080004298] <- 0xFFFFFFFFFFFFFBFF

clint mtime 0x000000000000008B (mip.MTI <- 0b1, mip.STI <- 0b0)
mem[X,0x0000000080000458] -> 0x0293
mem[X,0x000000008000045A] -> 0x0010
[278] [M]: 0x0000000080000458 (0x00100293) addi x5, x0, 0x1                         inst_24+8
x5 <- 0x0000000000000001

mem[X,0x000000008000045C] -> 0x9293
mem[X,0x000000008000045E] -> 0x0112
[279] [M]: 0x000000008000045C (0x01129293) slli x5, x5, 0x11                        inst_24+12
x5 <- 0x0000000000020000

clint mtime 0x000000000000008C (mip.MTI <- 0b1, mip.STI <- 0b0)
mem[X,0x0000000080000460] -> 0xC293
mem[X,0x0000000080000462] -> 0xFFF2
[280] [M]: 0x0000000080000460 (0xFFF2C293) xori x5, x5, -0x1                        inst_24+16
x5 <- 0xFFFFFFFFFFFDFFFF

mem[X,0x0000000080000464] -> 0x8393
mem[X,0x0000000080000466] -> 0x1800
[281] [M]: 0x0000000080000464 (0x18008393) addi x7, x1, 0x180                       inst_24+20
x7 <- 0x0000000080004298

clint mtime 0x000000000000008D (mip.MTI <- 0b1, mip.STI <- 0b0)
mem[X,0x0000000080000468] -> 0xA32F
mem[X,0x000000008000046A] -> 0x6053
[282] [M]: 0x0000000080000468 (0x6053A32F) amoand.w x6, x5, (x7)                    inst_24+24
mem[RW,0x0000000080004298] -> 0xFFFFFBFF
mem[W,0x0000000080004298] <- 0xFFFDFBFF
x6 <- 0xFFFFFFFFFFFFFBFF

mem[X,0x000000008000046C] -> 0xB423
mem[X,0x000000008000046E] -> 0x1860
[283] [M]: 0x000000008000046C (0x1860B423) sd x6, 0x188(x1)                         inst_24+28
mem[W,0x00000000800042A0] <- 0xFFFFFFFFFFFFFBFF

clint mtime 0x000000000000008E (mip.MTI <- 0b1, mip.STI <- 0b0)
mem[X,0x0000000080000470] -> 0x0013
mem[X,0x0000000080000472] -> 0x0000
[284] [M]: 0x0000000080000470 (0x00000013) addi x0, x0, 0x0                         inst_24+32

mem[X,0x0000000080000474] -> 0x0013
mem[X,0x0000000080000476] -> 0x0000
[285] [M]: 0x0000000080000474 (0x00000013) addi x0, x0, 0x0                         inst_24+36

clint mtime 0x000000000000008F (mip.MTI <- 0b1, mip.STI <- 0b0)
mem[X,0x0000000080000478] -> 0x0013
mem[X,0x000000008000047A] -> 0x0000
[286] [M]: 0x0000000080000478 (0x00000013) addi x0, x0, 0x0                         inst_24+40

mem[X,0x000000008000047C] -> 0x0013
mem[X,0x000000008000047E] -> 0x0000
[287] [M]: 0x000000008000047C (0x00000013) addi x0, x0, 0x0                         inst_24+44

clint mtime 0x0000000000000090 (mip.MTI <- 0b1, mip.STI <- 0b0)
mem[X,0x0000000080000480] -> 0x4417
mem[X,0x0000000080000482] -> 0x0000
[288] [M]: 0x0000000080000480 (0x00004417) auipc x8, 0x4                            inst_24+48
x8 <- 0x0000000080004480

mem[X,0x0000000080000484] -> 0x0413
mem[X,0x0000000080000486] -> 0xE284
[289] [M]: 0x0000000080000484 (0xE2840413) addi x8, x8, -0x1d8                      inst_24+52
x8 <- 0x00000000800042A8

clint mtime 0x0000000000000091 (mip.MTI <- 0b1, mip.STI <- 0b0)
mem[X,0x0000000080000488] -> 0x0001
[290] [M]: 0x0000000080000488 (0x0001) c.nop                                        inst_24+56

mem[X,0x000000008000048A] -> 0x0013
mem[X,0x000000008000048C] -> 0x0000
[291] [M]: 0x000000008000048A (0x00000013) addi x0, x0, 0x0                         inst_24+58

clint mtime 0x0000000000000092 (mip.MTI <- 0b1, mip.STI <- 0b0)
mem[X,0x000000008000048E] -> 0x0013
mem[X,0x0000000080000490] -> 0x0000
[292] [M]: 0x000000008000048E (0x00000013) addi x0, x0, 0x0                         inst_24+62

mem[X,0x0000000080000492] -> 0x0013
mem[X,0x0000000080000494] -> 0x0000
[293] [M]: 0x0000000080000492 (0x00000013) addi x0, x0, 0x0                         inst_24+66

clint mtime 0x0000000000000093 (mip.MTI <- 0b1, mip.STI <- 0b0)
mem[X,0x0000000080000496] -> 0x0013
mem[X,0x0000000080000498] -> 0x0000
[294] [M]: 0x0000000080000496 (0x00000013) addi x0, x0, 0x0                         inst_24+70

mem[X,0x000000008000049A] -> 0x0013
mem[X,0x000000008000049C] -> 0x0000
[295] [M]: 0x000000008000049A (0x00000013) addi x0, x0, 0x0                         inst_24+74

clint mtime 0x0000000000000094 (mip.MTI <- 0b1, mip.STI <- 0b0)
mem[X,0x000000008000049E] -> 0x0001
[296] [M]: 0x000000008000049E (0x0001) c.nop                                        inst_24+78

mem[X,0x00000000800004A0] -> 0x0393
mem[X,0x00000000800004A2] -> 0xBFF0
[297] [M]: 0x00000000800004A0 (0xBFF00393) addi x7, x0, -0x401                      inst_25+0
x7 <- 0xFFFFFFFFFFFFFBFF

clint mtime 0x0000000000000095 (mip.MTI <- 0b1, mip.STI <- 0b0)
mem[X,0x00000000800004A4] -> 0x3023
mem[X,0x00000000800004A6] -> 0x0074
[298] [M]: 0x00000000800004A4 (0x00743023) sd x7, 0x0(x8)                           inst_25+4
mem[W,0x00000000800042A8] <- 0xFFFFFFFFFFFFFBFF

mem[X,0x00000000800004A8] -> 0x0393
mem[X,0x00000000800004AA] -> 0x0010
[299] [M]: 0x00000000800004A8 (0x00100393) addi x7, x0, 0x1                         inst_25+8
x7 <- 0x0000000000000001

clint mtime 0x0000000000000096 (mip.MTI <- 0b1, mip.STI <- 0b0)
mem[X,0x00000000800004AC] -> 0x9393
mem[X,0x00000000800004AE] -> 0x0123
[300] [M]: 0x00000000800004AC (0x01239393) slli x7, x7, 0x12                        inst_25+12
x7 <- 0x0000000000040000

mem[X,0x00000000800004B0] -> 0xC393
mem[X,0x00000000800004B2] -> 0xFFF3
[301] [M]: 0x00000000800004B0 (0xFFF3C393) xori x7, x7, -0x1                        inst_25+16
x7 <- 0xFFFFFFFFFFFBFFFF

clint mtime 0x0000000000000097 (mip.MTI <- 0b1, mip.STI <- 0b0)
mem[X,0x00000000800004B4] -> 0x0313
mem[X,0x00000000800004B6] -> 0x0004
[302] [M]: 0x00000000800004B4 (0x00040313) addi x6, x8, 0x0                         inst_25+20
x6 <- 0x00000000800042A8

mem[X,0x00000000800004B8] -> 0x22AF
mem[X,0x00000000800004BA] -> 0x6073
[303] [M]: 0x00000000800004B8 (0x607322AF) amoand.w x5, x7, (x6)                    inst_25+24
mem[RW,0x00000000800042A8] -> 0xFFFFFBFF
mem[W,0x00000000800042A8] <- 0xFFFBFBFF
x5 <- 0xFFFFFFFFFFFFFBFF

clint mtime 0x0000000000000098 (mip.MTI <- 0b1, mip.STI <- 0b0)
mem[X,0x00000000800004BC] -> 0x3423
mem[X,0x00000000800004BE] -> 0x0054
[304] [M]: 0x00000000800004BC (0x00543423) sd x5, 0x8(x8)                           inst_25+28
mem[W,0x00000000800042B0] <- 0xFFFFFFFFFFFFFBFF

mem[X,0x00000000800004C0] -> 0x0313
mem[X,0x00000000800004C2] -> 0xBFF0
[305] [M]: 0x00000000800004C0 (0xBFF00313) addi x6, x0, -0x401                      inst_26+0
x6 <- 0xFFFFFFFFFFFFFBFF

clint mtime 0x0000000000000099 (mip.MTI <- 0b1, mip.STI <- 0b0)
mem[X,0x00000000800004C4] -> 0x3823
mem[X,0x00000000800004C6] -> 0x0064
[306] [M]: 0x00000000800004C4 (0x00643823) sd x6, 0x10(x8)                          inst_26+4
mem[W,0x00000000800042B8] <- 0xFFFFFFFFFFFFFBFF

mem[X,0x00000000800004C8] -> 0x0313
mem[X,0x00000000800004CA] -> 0x0010
[307] [M]: 0x00000000800004C8 (0x00100313) addi x6, x0, 0x1                         inst_26+8
x6 <- 0x0000000000000001

clint mtime 0x000000000000009A (mip.MTI <- 0b1, mip.STI <- 0b0)
mem[X,0x00000000800004CC] -> 0x1313
mem[X,0x00000000800004CE] -> 0x0133
[308] [M]: 0x00000000800004CC (0x01331313) slli x6, x6, 0x13                        inst_26+12
x6 <- 0x0000000000080000

mem[X,0x00000000800004D0] -> 0x4313
mem[X,0x00000000800004D2] -> 0xFFF3
[309] [M]: 0x00000000800004D0 (0xFFF34313) xori x6, x6, -0x1                        inst_26+16
x6 <- 0xFFFFFFFFFFF7FFFF

clint mtime 0x000000000000009B (mip.MTI <- 0b1, mip.STI <- 0b0)
mem[X,0x00000000800004D4] -> 0x0293
mem[X,0x00000000800004D6] -> 0x0104
[310] [M]: 0x00000000800004D4 (0x01040293) addi x5, x8, 0x10                        inst_26+20
x5 <- 0x00000000800042B8

mem[X,0x00000000800004D8] -> 0xA3AF
mem[X,0x00000000800004DA] -> 0x6062
[311] [M]: 0x00000000800004D8 (0x6062A3AF) amoand.w x7, x6, (x5)                    inst_26+24
mem[RW,0x00000000800042B8] -> 0xFFFFFBFF
mem[W,0x00000000800042B8] <- 0xFFF7FBFF
x7 <- 0xFFFFFFFFFFFFFBFF

clint mtime 0x000000000000009C (mip.MTI <- 0b1, mip.STI <- 0b0)
mem[X,0x00000000800004DC] -> 0x3C23
mem[X,0x00000000800004DE] -> 0x0074
[312] [M]: 0x00000000800004DC (0x00743C23) sd x7, 0x18(x8)                          inst_26+28
mem[W,0x00000000800042C0] <- 0xFFFFFFFFFFFFFBFF

mem[X,0x00000000800004E0] -> 0x0113
mem[X,0x00000000800004E2] -> 0xBFF0
[313] [M]: 0x00000000800004E0 (0xBFF00113) addi x2, x0, -0x401                      inst_27+0
x2 <- 0xFFFFFFFFFFFFFBFF

clint mtime 0x000000000000009D (mip.MTI <- 0b1, mip.STI <- 0b0)
mem[X,0x00000000800004E4] -> 0x3023
mem[X,0x00000000800004E6] -> 0x0224
[314] [M]: 0x00000000800004E4 (0x02243023) sd x2, 0x20(x8)                          inst_27+4
mem[W,0x00000000800042C8] <- 0xFFFFFFFFFFFFFBFF

mem[X,0x00000000800004E8] -> 0x0113
mem[X,0x00000000800004EA] -> 0x0010
[315] [M]: 0x00000000800004E8 (0x00100113) addi x2, x0, 0x1                         inst_27+8
x2 <- 0x0000000000000001

clint mtime 0x000000000000009E (mip.MTI <- 0b1, mip.STI <- 0b0)
mem[X,0x00000000800004EC] -> 0x1113
mem[X,0x00000000800004EE] -> 0x0141
[316] [M]: 0x00000000800004EC (0x01411113) slli x2, x2, 0x14                        inst_27+12
x2 <- 0x0000000000100000

mem[X,0x00000000800004F0] -> 0x4113
mem[X,0x00000000800004F2] -> 0xFFF1
[317] [M]: 0x00000000800004F0 (0xFFF14113) xori x2, x2, -0x1                        inst_27+16
x2 <- 0xFFFFFFFFFFEFFFFF

clint mtime 0x000000000000009F (mip.MTI <- 0b1, mip.STI <- 0b0)
mem[X,0x00000000800004F4] -> 0x0213
mem[X,0x00000000800004F6] -> 0x0204
[318] [M]: 0x00000000800004F4 (0x02040213) addi x4, x8, 0x20                        inst_27+20
x4 <- 0x00000000800042C8

mem[X,0x00000000800004F8] -> 0x21AF
mem[X,0x00000000800004FA] -> 0x6022
[319] [M]: 0x00000000800004F8 (0x602221AF) amoand.w x3, x2, (x4)                    inst_27+24
mem[RW,0x00000000800042C8] -> 0xFFFFFBFF
mem[W,0x00000000800042C8] <- 0xFFEFFBFF
x3 <- 0xFFFFFFFFFFFFFBFF

clint mtime 0x00000000000000A0 (mip.MTI <- 0b1, mip.STI <- 0b0)
mem[X,0x00000000800004FC] -> 0x3423
mem[X,0x00000000800004FE] -> 0x0234
[320] [M]: 0x00000000800004FC (0x02343423) sd x3, 0x28(x8)                          inst_27+28
mem[W,0x00000000800042D0] <- 0xFFFFFFFFFFFFFBFF

mem[X,0x0000000080000500] -> 0x0213
mem[X,0x0000000080000502] -> 0xBFF0
[321] [M]: 0x0000000080000500 (0xBFF00213) addi x4, x0, -0x401                      inst_28+0
x4 <- 0xFFFFFFFFFFFFFBFF

clint mtime 0x00000000000000A1 (mip.MTI <- 0b1, mip.STI <- 0b0)
mem[X,0x0000000080000504] -> 0x3823
mem[X,0x0000000080000506] -> 0x0244
[322] [M]: 0x0000000080000504 (0x02443823) sd x4, 0x30(x8)                          inst_28+4
mem[W,0x00000000800042D8] <- 0xFFFFFFFFFFFFFBFF

mem[X,0x0000000080000508] -> 0x0213
mem[X,0x000000008000050A] -> 0x0010
[323] [M]: 0x0000000080000508 (0x00100213) addi x4, x0, 0x1                         inst_28+8
x4 <- 0x0000000000000001

clint mtime 0x00000000000000A2 (mip.MTI <- 0b1, mip.STI <- 0b0)
mem[X,0x000000008000050C] -> 0x1213
mem[X,0x000000008000050E] -> 0x0152
[324] [M]: 0x000000008000050C (0x01521213) slli x4, x4, 0x15                        inst_28+12
x4 <- 0x0000000000200000

mem[X,0x0000000080000510] -> 0x4213
mem[X,0x0000000080000512] -> 0xFFF2
[325] [M]: 0x0000000080000510 (0xFFF24213) xori x4, x4, -0x1                        inst_28+16
x4 <- 0xFFFFFFFFFFDFFFFF

clint mtime 0x00000000000000A3 (mip.MTI <- 0b1, mip.STI <- 0b0)
mem[X,0x0000000080000514] -> 0x0193
mem[X,0x0000000080000516] -> 0x0304
[326] [M]: 0x0000000080000514 (0x03040193) addi x3, x8, 0x30                        inst_28+20
x3 <- 0x00000000800042D8

mem[X,0x0000000080000518] -> 0xA12F
mem[X,0x000000008000051A] -> 0x6041
[327] [M]: 0x0000000080000518 (0x6041A12F) amoand.w x2, x4, (x3)                    inst_28+24
mem[RW,0x00000000800042D8] -> 0xFFFFFBFF
mem[W,0x00000000800042D8] <- 0xFFDFFBFF
x2 <- 0xFFFFFFFFFFFFFBFF

clint mtime 0x00000000000000A4 (mip.MTI <- 0b1, mip.STI <- 0b0)
mem[X,0x000000008000051C] -> 0x3C23
mem[X,0x000000008000051E] -> 0x0224
[328] [M]: 0x000000008000051C (0x02243C23) sd x2, 0x38(x8)                          inst_28+28
mem[W,0x00000000800042E0] <- 0xFFFFFFFFFFFFFBFF

mem[X,0x0000000080000520] -> 0x0193
mem[X,0x0000000080000522] -> 0xBFF0
[329] [M]: 0x0000000080000520 (0xBFF00193) addi x3, x0, -0x401                      inst_29+0
x3 <- 0xFFFFFFFFFFFFFBFF

clint mtime 0x00000000000000A5 (mip.MTI <- 0b1, mip.STI <- 0b0)
mem[X,0x0000000080000524] -> 0x3023
mem[X,0x0000000080000526] -> 0x0434
[330] [M]: 0x0000000080000524 (0x04343023) sd x3, 0x40(x8)                          inst_29+4
mem[W,0x00000000800042E8] <- 0xFFFFFFFFFFFFFBFF

mem[X,0x0000000080000528] -> 0x0193
mem[X,0x000000008000052A] -> 0x0010
[331] [M]: 0x0000000080000528 (0x00100193) addi x3, x0, 0x1                         inst_29+8
x3 <- 0x0000000000000001

clint mtime 0x00000000000000A6 (mip.MTI <- 0b1, mip.STI <- 0b0)
mem[X,0x000000008000052C] -> 0x9193
mem[X,0x000000008000052E] -> 0x0161
[332] [M]: 0x000000008000052C (0x01619193) slli x3, x3, 0x16                        inst_29+12
x3 <- 0x0000000000400000

mem[X,0x0000000080000530] -> 0xC193
mem[X,0x0000000080000532] -> 0xFFF1
[333] [M]: 0x0000000080000530 (0xFFF1C193) xori x3, x3, -0x1                        inst_29+16
x3 <- 0xFFFFFFFFFFBFFFFF

clint mtime 0x00000000000000A7 (mip.MTI <- 0b1, mip.STI <- 0b0)
mem[X,0x0000000080000534] -> 0x0113
mem[X,0x0000000080000536] -> 0x0404
[334] [M]: 0x0000000080000534 (0x04040113) addi x2, x8, 0x40                        inst_29+20
x2 <- 0x00000000800042E8

mem[X,0x0000000080000538] -> 0x222F
mem[X,0x000000008000053A] -> 0x6031
[335] [M]: 0x0000000080000538 (0x6031222F) amoand.w x4, x3, (x2)                    inst_29+24
mem[RW,0x00000000800042E8] -> 0xFFFFFBFF
mem[W,0x00000000800042E8] <- 0xFFBFFBFF
x4 <- 0xFFFFFFFFFFFFFBFF

clint mtime 0x00000000000000A8 (mip.MTI <- 0b1, mip.STI <- 0b0)
mem[X,0x000000008000053C] -> 0x3423
mem[X,0x000000008000053E] -> 0x0444
[336] [M]: 0x000000008000053C (0x04443423) sd x4, 0x48(x8)                          inst_29+28
mem[W,0x00000000800042F0] <- 0xFFFFFFFFFFFFFBFF

mem[X,0x0000000080000540] -> 0x0F13
mem[X,0x0000000080000542] -> 0xBFF0
[337] [M]: 0x0000000080000540 (0xBFF00F13) addi x30, x0, -0x401                     inst_30+0
x30 <- 0xFFFFFFFFFFFFFBFF

clint mtime 0x00000000000000A9 (mip.MTI <- 0b1, mip.STI <- 0b0)
mem[X,0x0000000080000544] -> 0x3823
mem[X,0x0000000080000546] -> 0x05E4
[338] [M]: 0x0000000080000544 (0x05E43823) sd x30, 0x50(x8)                         inst_30+4
mem[W,0x00000000800042F8] <- 0xFFFFFFFFFFFFFBFF

mem[X,0x0000000080000548] -> 0x0F13
mem[X,0x000000008000054A] -> 0x0010
[339] [M]: 0x0000000080000548 (0x00100F13) addi x30, x0, 0x1                        inst_30+8
x30 <- 0x0000000000000001

clint mtime 0x00000000000000AA (mip.MTI <- 0b1, mip.STI <- 0b0)
mem[X,0x000000008000054C] -> 0x1F13
mem[X,0x000000008000054E] -> 0x017F
[340] [M]: 0x000000008000054C (0x017F1F13) slli x30, x30, 0x17                      inst_30+12
x30 <- 0x0000000000800000

mem[X,0x0000000080000550] -> 0x4F13
mem[X,0x0000000080000552] -> 0xFFFF
[341] [M]: 0x0000000080000550 (0xFFFF4F13) xori x30, x30, -0x1                      inst_30+16
x30 <- 0xFFFFFFFFFF7FFFFF

clint mtime 0x00000000000000AB (mip.MTI <- 0b1, mip.STI <- 0b0)
mem[X,0x0000000080000554] -> 0x0093
mem[X,0x0000000080000556] -> 0x0504
[342] [M]: 0x0000000080000554 (0x05040093) addi x1, x8, 0x50                        inst_30+20
x1 <- 0x00000000800042F8

mem[X,0x0000000080000558] -> 0xAFAF
mem[X,0x000000008000055A] -> 0x61E0
[343] [M]: 0x0000000080000558 (0x61E0AFAF) amoand.w x31, x30, (x1)                  inst_30+24
mem[RW,0x00000000800042F8] -> 0xFFFFFBFF
mem[W,0x00000000800042F8] <- 0xFF7FFBFF
x31 <- 0xFFFFFFFFFFFFFBFF

clint mtime 0x00000000000000AC (mip.MTI <- 0b1, mip.STI <- 0b0)
mem[X,0x000000008000055C] -> 0x3C23
mem[X,0x000000008000055E] -> 0x05F4
[344] [M]: 0x000000008000055C (0x05F43C23) sd x31, 0x58(x8)                         inst_30+28
mem[W,0x0000000080004300] <- 0xFFFFFFFFFFFFFBFF

mem[X,0x0000000080000560] -> 0x0093
mem[X,0x0000000080000562] -> 0xBFF0
[345] [M]: 0x0000000080000560 (0xBFF00093) addi x1, x0, -0x401                      inst_31+0
x1 <- 0xFFFFFFFFFFFFFBFF

clint mtime 0x00000000000000AD (mip.MTI <- 0b1, mip.STI <- 0b0)
mem[X,0x0000000080000564] -> 0x3023
mem[X,0x0000000080000566] -> 0x0614
[346] [M]: 0x0000000080000564 (0x06143023) sd x1, 0x60(x8)                          inst_31+4
mem[W,0x0000000080004308] <- 0xFFFFFFFFFFFFFBFF

mem[X,0x0000000080000568] -> 0x0093
mem[X,0x000000008000056A] -> 0x0010
[347] [M]: 0x0000000080000568 (0x00100093) addi x1, x0, 0x1                         inst_31+8
x1 <- 0x0000000000000001

clint mtime 0x00000000000000AE (mip.MTI <- 0b1, mip.STI <- 0b0)
mem[X,0x000000008000056C] -> 0x9093
mem[X,0x000000008000056E] -> 0x0180
[348] [M]: 0x000000008000056C (0x01809093) slli x1, x1, 0x18                        inst_31+12
x1 <- 0x0000000001000000

mem[X,0x0000000080000570] -> 0xC093
mem[X,0x0000000080000572] -> 0xFFF0
[349] [M]: 0x0000000080000570 (0xFFF0C093) xori x1, x1, -0x1                        inst_31+16
x1 <- 0xFFFFFFFFFEFFFFFF

clint mtime 0x00000000000000AF (mip.MTI <- 0b1, mip.STI <- 0b0)
mem[X,0x0000000080000574] -> 0x0F13
mem[X,0x0000000080000576] -> 0x0604
[350] [M]: 0x0000000080000574 (0x06040F13) addi x30, x8, 0x60                       inst_31+20
x30 <- 0x0000000080004308

mem[X,0x0000000080000578] -> 0x2FAF
mem[X,0x000000008000057A] -> 0x601F
[351] [M]: 0x0000000080000578 (0x601F2FAF) amoand.w x31, x1, (x30)                  inst_31+24
mem[RW,0x0000000080004308] -> 0xFFFFFBFF
mem[W,0x0000000080004308] <- 0xFEFFFBFF
x31 <- 0xFFFFFFFFFFFFFBFF

clint mtime 0x00000000000000B0 (mip.MTI <- 0b1, mip.STI <- 0b0)
mem[X,0x000000008000057C] -> 0x3423
mem[X,0x000000008000057E] -> 0x07F4
[352] [M]: 0x000000008000057C (0x07F43423) sd x31, 0x68(x8)                         inst_31+28
mem[W,0x0000000080004310] <- 0xFFFFFFFFFFFFFBFF

mem[X,0x0000000080000580] -> 0x0013
mem[X,0x0000000080000582] -> 0xBFF0
[353] [M]: 0x0000000080000580 (0xBFF00013) addi x0, x0, -0x401                      inst_32+0

clint mtime 0x00000000000000B1 (mip.MTI <- 0b1, mip.STI <- 0b0)
mem[X,0x0000000080000584] -> 0x3823
mem[X,0x0000000080000586] -> 0x0604
[354] [M]: 0x0000000080000584 (0x06043823) sd x0, 0x70(x8)                          inst_32+4
mem[W,0x0000000080004318] <- 0x0000000000000000

mem[X,0x0000000080000588] -> 0x0013
mem[X,0x000000008000058A] -> 0x0000
[355] [M]: 0x0000000080000588 (0x00000013) addi x0, x0, 0x0                         inst_32+8

clint mtime 0x00000000000000B2 (mip.MTI <- 0b1, mip.STI <- 0b0)
mem[X,0x000000008000058C] -> 0x0F13
mem[X,0x000000008000058E] -> 0x0704
[356] [M]: 0x000000008000058C (0x07040F13) addi x30, x8, 0x70                       inst_32+12
x30 <- 0x0000000080004318

mem[X,0x0000000080000590] -> 0x2FAF
mem[X,0x0000000080000592] -> 0x600F
[357] [M]: 0x0000000080000590 (0x600F2FAF) amoand.w x31, x0, (x30)                  inst_32+16
mem[RW,0x0000000080004318] -> 0x00000000
mem[W,0x0000000080004318] <- 0x00000000
x31 <- 0x0000000000000000

clint mtime 0x00000000000000B3 (mip.MTI <- 0b1, mip.STI <- 0b0)
mem[X,0x0000000080000594] -> 0x3C23
mem[X,0x0000000080000596] -> 0x07F4
[358] [M]: 0x0000000080000594 (0x07F43C23) sd x31, 0x78(x8)                         inst_32+20
mem[W,0x0000000080004320] <- 0x0000000000000000

mem[X,0x0000000080000598] -> 0x0F13
mem[X,0x000000008000059A] -> 0xBFF0
[359] [M]: 0x0000000080000598 (0xBFF00F13) addi x30, x0, -0x401                     inst_33+0
x30 <- 0xFFFFFFFFFFFFFBFF

clint mtime 0x00000000000000B4 (mip.MTI <- 0b1, mip.STI <- 0b0)
mem[X,0x000000008000059C] -> 0x3023
mem[X,0x000000008000059E] -> 0x09E4
[360] [M]: 0x000000008000059C (0x09E43023) sd x30, 0x80(x8)                         inst_33+4
mem[W,0x0000000080004328] <- 0xFFFFFFFFFFFFFBFF

mem[X,0x00000000800005A0] -> 0x0F13
mem[X,0x00000000800005A2] -> 0x0010
[361] [M]: 0x00000000800005A0 (0x00100F13) addi x30, x0, 0x1                        inst_33+8
x30 <- 0x0000000000000001

clint mtime 0x00000000000000B5 (mip.MTI <- 0b1, mip.STI <- 0b0)
mem[X,0x00000000800005A4] -> 0x1F13
mem[X,0x00000000800005A6] -> 0x01AF
[362] [M]: 0x00000000800005A4 (0x01AF1F13) slli x30, x30, 0x1a                      inst_33+12
x30 <- 0x0000000004000000

mem[X,0x00000000800005A8] -> 0x4F13
mem[X,0x00000000800005AA] -> 0xFFFF
[363] [M]: 0x00000000800005A8 (0xFFFF4F13) xori x30, x30, -0x1                      inst_33+16
x30 <- 0xFFFFFFFFFBFFFFFF

clint mtime 0x00000000000000B6 (mip.MTI <- 0b1, mip.STI <- 0b0)
mem[X,0x00000000800005AC] -> 0x0F93
mem[X,0x00000000800005AE] -> 0x0804
[364] [M]: 0x00000000800005AC (0x08040F93) addi x31, x8, 0x80                       inst_33+20
x31 <- 0x0000000080004328

mem[X,0x00000000800005B0] -> 0xA0AF
mem[X,0x00000000800005B2] -> 0x61EF
[365] [M]: 0x00000000800005B0 (0x61EFA0AF) amoand.w x1, x30, (x31)                  inst_33+24
mem[RW,0x0000000080004328] -> 0xFFFFFBFF
mem[W,0x0000000080004328] <- 0xFBFFFBFF
x1 <- 0xFFFFFFFFFFFFFBFF

clint mtime 0x00000000000000B7 (mip.MTI <- 0b1, mip.STI <- 0b0)
mem[X,0x00000000800005B4] -> 0x3423
mem[X,0x00000000800005B6] -> 0x0814
[366] [M]: 0x00000000800005B4 (0x08143423) sd x1, 0x88(x8)                          inst_33+28
mem[W,0x0000000080004330] <- 0xFFFFFFFFFFFFFBFF

mem[X,0x00000000800005B8] -> 0x0F13
mem[X,0x00000000800005BA] -> 0xBFF0
[367] [M]: 0x00000000800005B8 (0xBFF00F13) addi x30, x0, -0x401                     inst_34+0
x30 <- 0xFFFFFFFFFFFFFBFF

clint mtime 0x00000000000000B8 (mip.MTI <- 0b1, mip.STI <- 0b0)
mem[X,0x00000000800005BC] -> 0x3823
mem[X,0x00000000800005BE] -> 0x09E4
[368] [M]: 0x00000000800005BC (0x09E43823) sd x30, 0x90(x8)                         inst_34+4
mem[W,0x0000000080004338] <- 0xFFFFFFFFFFFFFBFF

mem[X,0x00000000800005C0] -> 0x0F13
mem[X,0x00000000800005C2] -> 0x0010
[369] [M]: 0x00000000800005C0 (0x00100F13) addi x30, x0, 0x1                        inst_34+8
x30 <- 0x0000000000000001

clint mtime 0x00000000000000B9 (mip.MTI <- 0b1, mip.STI <- 0b0)
mem[X,0x00000000800005C4] -> 0x1F13
mem[X,0x00000000800005C6] -> 0x01BF
[370] [M]: 0x00000000800005C4 (0x01BF1F13) slli x30, x30, 0x1b                      inst_34+12
x30 <- 0x0000000008000000

mem[X,0x00000000800005C8] -> 0x4F13
mem[X,0x00000000800005CA] -> 0xFFFF
[371] [M]: 0x00000000800005C8 (0xFFFF4F13) xori x30, x30, -0x1                      inst_34+16
x30 <- 0xFFFFFFFFF7FFFFFF

clint mtime 0x00000000000000BA (mip.MTI <- 0b1, mip.STI <- 0b0)
mem[X,0x00000000800005CC] -> 0x0F93
mem[X,0x00000000800005CE] -> 0x0904
[372] [M]: 0x00000000800005CC (0x09040F93) addi x31, x8, 0x90                       inst_34+20
x31 <- 0x0000000080004338

mem[X,0x00000000800005D0] -> 0xA02F
mem[X,0x00000000800005D2] -> 0x61EF
[373] [M]: 0x00000000800005D0 (0x61EFA02F) amoand.w x0, x30, (x31)                  inst_34+24
mem[RW,0x0000000080004338] -> 0xFFFFFBFF
mem[W,0x0000000080004338] <- 0xF7FFFBFF

clint mtime 0x00000000000000BB (mip.MTI <- 0b1, mip.STI <- 0b0)
mem[X,0x00000000800005D4] -> 0x3C23
mem[X,0x00000000800005D6] -> 0x0804
[374] [M]: 0x00000000800005D4 (0x08043C23) sd x0, 0x98(x8)                          inst_34+28
mem[W,0x0000000080004340] <- 0x0000000000000000

mem[X,0x00000000800005D8] -> 0x0E93
mem[X,0x00000000800005DA] -> 0xBFF0
[375] [M]: 0x00000000800005D8 (0xBFF00E93) addi x29, x0, -0x401                     inst_35+0
x29 <- 0xFFFFFFFFFFFFFBFF

clint mtime 0x00000000000000BC (mip.MTI <- 0b1, mip.STI <- 0b0)
mem[X,0x00000000800005DC] -> 0x3023
mem[X,0x00000000800005DE] -> 0x0BD4
[376] [M]: 0x00000000800005DC (0x0BD43023) sd x29, 0xa0(x8)                         inst_35+4
mem[W,0x0000000080004348] <- 0xFFFFFFFFFFFFFBFF

mem[X,0x00000000800005E0] -> 0x0E93
mem[X,0x00000000800005E2] -> 0x0010
[377] [M]: 0x00000000800005E0 (0x00100E93) addi x29, x0, 0x1                        inst_35+8
x29 <- 0x0000000000000001

clint mtime 0x00000000000000BD (mip.MTI <- 0b1, mip.STI <- 0b0)
mem[X,0x00000000800005E4] -> 0x9E93
mem[X,0x00000000800005E6] -> 0x01CE
[378] [M]: 0x00000000800005E4 (0x01CE9E93) slli x29, x29, 0x1c                      inst_35+12
x29 <- 0x0000000010000000

mem[X,0x00000000800005E8] -> 0xCE93
mem[X,0x00000000800005EA] -> 0xFFFE
[379] [M]: 0x00000000800005E8 (0xFFFECE93) xori x29, x29, -0x1                      inst_35+16
x29 <- 0xFFFFFFFFEFFFFFFF

clint mtime 0x00000000000000BE (mip.MTI <- 0b1, mip.STI <- 0b0)
mem[X,0x00000000800005EC] -> 0x0F13
mem[X,0x00000000800005EE] -> 0x0A04
[380] [M]: 0x00000000800005EC (0x0A040F13) addi x30, x8, 0xa0                       inst_35+20
x30 <- 0x0000000080004348

mem[X,0x00000000800005F0] -> 0x2FAF
mem[X,0x00000000800005F2] -> 0x61DF
[381] [M]: 0x00000000800005F0 (0x61DF2FAF) amoand.w x31, x29, (x30)                 inst_35+24
mem[RW,0x0000000080004348] -> 0xFFFFFBFF
mem[W,0x0000000080004348] <- 0xEFFFFBFF
x31 <- 0xFFFFFFFFFFFFFBFF

clint mtime 0x00000000000000BF (mip.MTI <- 0b1, mip.STI <- 0b0)
mem[X,0x00000000800005F4] -> 0x3423
mem[X,0x00000000800005F6] -> 0x0BF4
[382] [M]: 0x00000000800005F4 (0x0BF43423) sd x31, 0xa8(x8)                         inst_35+28
mem[W,0x0000000080004350] <- 0xFFFFFFFFFFFFFBFF

mem[X,0x00000000800005F8] -> 0x0E93
mem[X,0x00000000800005FA] -> 0xBFF0
[383] [M]: 0x00000000800005F8 (0xBFF00E93) addi x29, x0, -0x401                     inst_36+0
x29 <- 0xFFFFFFFFFFFFFBFF

clint mtime 0x00000000000000C0 (mip.MTI <- 0b1, mip.STI <- 0b0)
mem[X,0x00000000800005FC] -> 0x3823
mem[X,0x00000000800005FE] -> 0x0BD4
[384] [M]: 0x00000000800005FC (0x0BD43823) sd x29, 0xb0(x8)                         inst_36+4
mem[W,0x0000000080004358] <- 0xFFFFFFFFFFFFFBFF

mem[X,0x0000000080000600] -> 0x0E93
mem[X,0x0000000080000602] -> 0x0010
[385] [M]: 0x0000000080000600 (0x00100E93) addi x29, x0, 0x1                        inst_36+8
x29 <- 0x0000000000000001

clint mtime 0x00000000000000C1 (mip.MTI <- 0b1, mip.STI <- 0b0)
mem[X,0x0000000080000604] -> 0x9E93
mem[X,0x0000000080000606] -> 0x01DE
[386] [M]: 0x0000000080000604 (0x01DE9E93) slli x29, x29, 0x1d                      inst_36+12
x29 <- 0x0000000020000000

mem[X,0x0000000080000608] -> 0xCE93
mem[X,0x000000008000060A] -> 0xFFFE
[387] [M]: 0x0000000080000608 (0xFFFECE93) xori x29, x29, -0x1                      inst_36+16
x29 <- 0xFFFFFFFFDFFFFFFF

clint mtime 0x00000000000000C2 (mip.MTI <- 0b1, mip.STI <- 0b0)
mem[X,0x000000008000060C] -> 0x0F13
mem[X,0x000000008000060E] -> 0x0B04
[388] [M]: 0x000000008000060C (0x0B040F13) addi x30, x8, 0xb0                       inst_36+20
x30 <- 0x0000000080004358

mem[X,0x0000000080000610] -> 0x2FAF
mem[X,0x0000000080000612] -> 0x61DF
[389] [M]: 0x0000000080000610 (0x61DF2FAF) amoand.w x31, x29, (x30)                 inst_36+24
mem[RW,0x0000000080004358] -> 0xFFFFFBFF
mem[W,0x0000000080004358] <- 0xDFFFFBFF
x31 <- 0xFFFFFFFFFFFFFBFF

clint mtime 0x00000000000000C3 (mip.MTI <- 0b1, mip.STI <- 0b0)
mem[X,0x0000000080000614] -> 0x3C23
mem[X,0x0000000080000616] -> 0x0BF4
[390] [M]: 0x0000000080000614 (0x0BF43C23) sd x31, 0xb8(x8)                         inst_36+28
mem[W,0x0000000080004360] <- 0xFFFFFFFFFFFFFBFF

mem[X,0x0000000080000618] -> 0x0E93
mem[X,0x000000008000061A] -> 0xBFF0
[391] [M]: 0x0000000080000618 (0xBFF00E93) addi x29, x0, -0x401                     inst_37+0
x29 <- 0xFFFFFFFFFFFFFBFF

clint mtime 0x00000000000000C4 (mip.MTI <- 0b1, mip.STI <- 0b0)
mem[X,0x000000008000061C] -> 0x3023
mem[X,0x000000008000061E] -> 0x0DD4
[392] [M]: 0x000000008000061C (0x0DD43023) sd x29, 0xc0(x8)                         inst_37+4
mem[W,0x0000000080004368] <- 0xFFFFFFFFFFFFFBFF

mem[X,0x0000000080000620] -> 0x0E93
mem[X,0x0000000080000622] -> 0x0010
[393] [M]: 0x0000000080000620 (0x00100E93) addi x29, x0, 0x1                        inst_37+8
x29 <- 0x0000000000000001

clint mtime 0x00000000000000C5 (mip.MTI <- 0b1, mip.STI <- 0b0)
mem[X,0x0000000080000624] -> 0x9E93
mem[X,0x0000000080000626] -> 0x01EE
[394] [M]: 0x0000000080000624 (0x01EE9E93) slli x29, x29, 0x1e                      inst_37+12
x29 <- 0x0000000040000000

mem[X,0x0000000080000628] -> 0xCE93
mem[X,0x000000008000062A] -> 0xFFFE
[395] [M]: 0x0000000080000628 (0xFFFECE93) xori x29, x29, -0x1                      inst_37+16
x29 <- 0xFFFFFFFFBFFFFFFF

clint mtime 0x00000000000000C6 (mip.MTI <- 0b1, mip.STI <- 0b0)
mem[X,0x000000008000062C] -> 0x0F13
mem[X,0x000000008000062E] -> 0x0C04
[396] [M]: 0x000000008000062C (0x0C040F13) addi x30, x8, 0xc0                       inst_37+20
x30 <- 0x0000000080004368

mem[X,0x0000000080000630] -> 0x2FAF
mem[X,0x0000000080000632] -> 0x61DF
[397] [M]: 0x0000000080000630 (0x61DF2FAF) amoand.w x31, x29, (x30)                 inst_37+24
mem[RW,0x0000000080004368] -> 0xFFFFFBFF
mem[W,0x0000000080004368] <- 0xBFFFFBFF
x31 <- 0xFFFFFFFFFFFFFBFF

clint mtime 0x00000000000000C7 (mip.MTI <- 0b1, mip.STI <- 0b0)
mem[X,0x0000000080000634] -> 0x3423
mem[X,0x0000000080000636] -> 0x0DF4
[398] [M]: 0x0000000080000634 (0x0DF43423) sd x31, 0xc8(x8)                         inst_37+28
mem[W,0x0000000080004370] <- 0xFFFFFFFFFFFFFBFF

mem[X,0x0000000080000638] -> 0x0E93
mem[X,0x000000008000063A] -> 0xBFF0
[399] [M]: 0x0000000080000638 (0xBFF00E93) addi x29, x0, -0x401                     inst_38+0
x29 <- 0xFFFFFFFFFFFFFBFF

clint mtime 0x00000000000000C8 (mip.MTI <- 0b1, mip.STI <- 0b0)
mem[X,0x000000008000063C] -> 0x3823
mem[X,0x000000008000063E] -> 0x0DD4
[400] [M]: 0x000000008000063C (0x0DD43823) sd x29, 0xd0(x8)                         inst_38+4
mem[W,0x0000000080004378] <- 0xFFFFFFFFFFFFFBFF

mem[X,0x0000000080000640] -> 0x0E93
mem[X,0x0000000080000642] -> 0x0010
[401] [M]: 0x0000000080000640 (0x00100E93) addi x29, x0, 0x1                        inst_38+8
x29 <- 0x0000000000000001

clint mtime 0x00000000000000C9 (mip.MTI <- 0b1, mip.STI <- 0b0)
mem[X,0x0000000080000644] -> 0x9E93
mem[X,0x0000000080000646] -> 0x01FE
[402] [M]: 0x0000000080000644 (0x01FE9E93) slli x29, x29, 0x1f                      inst_38+12
x29 <- 0x0000000080000000

mem[X,0x0000000080000648] -> 0xCE93
mem[X,0x000000008000064A] -> 0xFFFE
[403] [M]: 0x0000000080000648 (0xFFFECE93) xori x29, x29, -0x1                      inst_38+16
x29 <- 0xFFFFFFFF7FFFFFFF

clint mtime 0x00000000000000CA (mip.MTI <- 0b1, mip.STI <- 0b0)
mem[X,0x000000008000064C] -> 0x0F13
mem[X,0x000000008000064E] -> 0x0D04
[404] [M]: 0x000000008000064C (0x0D040F13) addi x30, x8, 0xd0                       inst_38+20
x30 <- 0x0000000080004378

mem[X,0x0000000080000650] -> 0x2FAF
mem[X,0x0000000080000652] -> 0x61DF
[405] [M]: 0x0000000080000650 (0x61DF2FAF) amoand.w x31, x29, (x30)                 inst_38+24
mem[RW,0x0000000080004378] -> 0xFFFFFBFF
mem[W,0x0000000080004378] <- 0x7FFFFBFF
x31 <- 0xFFFFFFFFFFFFFBFF

clint mtime 0x00000000000000CB (mip.MTI <- 0b1, mip.STI <- 0b0)
mem[X,0x0000000080000654] -> 0x3C23
mem[X,0x0000000080000656] -> 0x0DF4
[406] [M]: 0x0000000080000654 (0x0DF43C23) sd x31, 0xd8(x8)                         inst_38+28
mem[W,0x0000000080004380] <- 0xFFFFFFFFFFFFFBFF

mem[X,0x0000000080000658] -> 0x0E93
mem[X,0x000000008000065A] -> 0xBFF0
[407] [M]: 0x0000000080000658 (0xBFF00E93) addi x29, x0, -0x401                     inst_39+0
x29 <- 0xFFFFFFFFFFFFFBFF

clint mtime 0x00000000000000CC (mip.MTI <- 0b1, mip.STI <- 0b0)
mem[X,0x000000008000065C] -> 0x3023
mem[X,0x000000008000065E] -> 0x0FD4
[408] [M]: 0x000000008000065C (0x0FD43023) sd x29, 0xe0(x8)                         inst_39+4
mem[W,0x0000000080004388] <- 0xFFFFFFFFFFFFFBFF

mem[X,0x0000000080000660] -> 0x0E93
mem[X,0x0000000080000662] -> 0x0010
[409] [M]: 0x0000000080000660 (0x00100E93) addi x29, x0, 0x1                        inst_39+8
x29 <- 0x0000000000000001

clint mtime 0x00000000000000CD (mip.MTI <- 0b1, mip.STI <- 0b0)
mem[X,0x0000000080000664] -> 0x9E93
mem[X,0x0000000080000666] -> 0x020E
[410] [M]: 0x0000000080000664 (0x020E9E93) slli x29, x29, 0x20                      inst_39+12
x29 <- 0x0000000100000000

mem[X,0x0000000080000668] -> 0xCE93
mem[X,0x000000008000066A] -> 0xFFFE
[411] [M]: 0x0000000080000668 (0xFFFECE93) xori x29, x29, -0x1                      inst_39+16
x29 <- 0xFFFFFFFEFFFFFFFF

clint mtime 0x00000000000000CE (mip.MTI <- 0b1, mip.STI <- 0b0)
mem[X,0x000000008000066C] -> 0x0F13
mem[X,0x000000008000066E] -> 0x0E04
[412] [M]: 0x000000008000066C (0x0E040F13) addi x30, x8, 0xe0                       inst_39+20
x30 <- 0x0000000080004388

mem[X,0x0000000080000670] -> 0x2FAF
mem[X,0x0000000080000672] -> 0x61DF
[413] [M]: 0x0000000080000670 (0x61DF2FAF) amoand.w x31, x29, (x30)                 inst_39+24
mem[RW,0x0000000080004388] -> 0xFFFFFBFF
mem[W,0x0000000080004388] <- 0xFFFFFBFF
x31 <- 0xFFFFFFFFFFFFFBFF

clint mtime 0x00000000000000CF (mip.MTI <- 0b1, mip.STI <- 0b0)
mem[X,0x0000000080000674] -> 0x3423
mem[X,0x0000000080000676] -> 0x0FF4
[414] [M]: 0x0000000080000674 (0x0FF43423) sd x31, 0xe8(x8)                         inst_39+28
mem[W,0x0000000080004390] <- 0xFFFFFFFFFFFFFBFF

mem[X,0x0000000080000678] -> 0x0E93
mem[X,0x000000008000067A] -> 0xBFF0
[415] [M]: 0x0000000080000678 (0xBFF00E93) addi x29, x0, -0x401                     inst_40+0
x29 <- 0xFFFFFFFFFFFFFBFF

clint mtime 0x00000000000000D0 (mip.MTI <- 0b1, mip.STI <- 0b0)
mem[X,0x000000008000067C] -> 0x3823
mem[X,0x000000008000067E] -> 0x0FD4
[416] [M]: 0x000000008000067C (0x0FD43823) sd x29, 0xf0(x8)                         inst_40+4
mem[W,0x0000000080004398] <- 0xFFFFFFFFFFFFFBFF

mem[X,0x0000000080000680] -> 0x0E93
mem[X,0x0000000080000682] -> 0x0010
[417] [M]: 0x0000000080000680 (0x00100E93) addi x29, x0, 0x1                        inst_40+8
x29 <- 0x0000000000000001

clint mtime 0x00000000000000D1 (mip.MTI <- 0b1, mip.STI <- 0b0)
mem[X,0x0000000080000684] -> 0x9E93
mem[X,0x0000000080000686] -> 0x021E
[418] [M]: 0x0000000080000684 (0x021E9E93) slli x29, x29, 0x21                      inst_40+12
x29 <- 0x0000000200000000

mem[X,0x0000000080000688] -> 0xCE93
mem[X,0x000000008000068A] -> 0xFFFE
[419] [M]: 0x0000000080000688 (0xFFFECE93) xori x29, x29, -0x1                      inst_40+16
x29 <- 0xFFFFFFFDFFFFFFFF

clint mtime 0x00000000000000D2 (mip.MTI <- 0b1, mip.STI <- 0b0)
mem[X,0x000000008000068C] -> 0x0F13
mem[X,0x000000008000068E] -> 0x0F04
[420] [M]: 0x000000008000068C (0x0F040F13) addi x30, x8, 0xf0                       inst_40+20
x30 <- 0x0000000080004398

mem[X,0x0000000080000690] -> 0x2FAF
mem[X,0x0000000080000692] -> 0x61DF
[421] [M]: 0x0000000080000690 (0x61DF2FAF) amoand.w x31, x29, (x30)                 inst_40+24
mem[RW,0x0000000080004398] -> 0xFFFFFBFF
mem[W,0x0000000080004398] <- 0xFFFFFBFF
x31 <- 0xFFFFFFFFFFFFFBFF

clint mtime 0x00000000000000D3 (mip.MTI <- 0b1, mip.STI <- 0b0)
mem[X,0x0000000080000694] -> 0x3C23
mem[X,0x0000000080000696] -> 0x0FF4
[422] [M]: 0x0000000080000694 (0x0FF43C23) sd x31, 0xf8(x8)                         inst_40+28
mem[W,0x00000000800043A0] <- 0xFFFFFFFFFFFFFBFF

mem[X,0x0000000080000698] -> 0x0E93
mem[X,0x000000008000069A] -> 0xBFF0
[423] [M]: 0x0000000080000698 (0xBFF00E93) addi x29, x0, -0x401                     inst_41+0
x29 <- 0xFFFFFFFFFFFFFBFF

clint mtime 0x00000000000000D4 (mip.MTI <- 0b1, mip.STI <- 0b0)
mem[X,0x000000008000069C] -> 0x3023
mem[X,0x000000008000069E] -> 0x11D4
[424] [M]: 0x000000008000069C (0x11D43023) sd x29, 0x100(x8)                        inst_41+4
mem[W,0x00000000800043A8] <- 0xFFFFFFFFFFFFFBFF

mem[X,0x00000000800006A0] -> 0x0E93
mem[X,0x00000000800006A2] -> 0x0010
[425] [M]: 0x00000000800006A0 (0x00100E93) addi x29, x0, 0x1                        inst_41+8
x29 <- 0x0000000000000001

clint mtime 0x00000000000000D5 (mip.MTI <- 0b1, mip.STI <- 0b0)
mem[X,0x00000000800006A4] -> 0x9E93
mem[X,0x00000000800006A6] -> 0x022E
[426] [M]: 0x00000000800006A4 (0x022E9E93) slli x29, x29, 0x22                      inst_41+12
x29 <- 0x0000000400000000

mem[X,0x00000000800006A8] -> 0xCE93
mem[X,0x00000000800006AA] -> 0xFFFE
[427] [M]: 0x00000000800006A8 (0xFFFECE93) xori x29, x29, -0x1                      inst_41+16
x29 <- 0xFFFFFFFBFFFFFFFF

clint mtime 0x00000000000000D6 (mip.MTI <- 0b1, mip.STI <- 0b0)
mem[X,0x00000000800006AC] -> 0x0F13
mem[X,0x00000000800006AE] -> 0x1004
[428] [M]: 0x00000000800006AC (0x10040F13) addi x30, x8, 0x100                      inst_41+20
x30 <- 0x00000000800043A8

mem[X,0x00000000800006B0] -> 0x2FAF
mem[X,0x00000000800006B2] -> 0x61DF
[429] [M]: 0x00000000800006B0 (0x61DF2FAF) amoand.w x31, x29, (x30)                 inst_41+24
mem[RW,0x00000000800043A8] -> 0xFFFFFBFF
mem[W,0x00000000800043A8] <- 0xFFFFFBFF
x31 <- 0xFFFFFFFFFFFFFBFF

clint mtime 0x00000000000000D7 (mip.MTI <- 0b1, mip.STI <- 0b0)
mem[X,0x00000000800006B4] -> 0x3423
mem[X,0x00000000800006B6] -> 0x11F4
[430] [M]: 0x00000000800006B4 (0x11F43423) sd x31, 0x108(x8)                        inst_41+28
mem[W,0x00000000800043B0] <- 0xFFFFFFFFFFFFFBFF

mem[X,0x00000000800006B8] -> 0x0E93
mem[X,0x00000000800006BA] -> 0xBFF0
[431] [M]: 0x00000000800006B8 (0xBFF00E93) addi x29, x0, -0x401                     inst_42+0
x29 <- 0xFFFFFFFFFFFFFBFF

clint mtime 0x00000000000000D8 (mip.MTI <- 0b1, mip.STI <- 0b0)
mem[X,0x00000000800006BC] -> 0x3823
mem[X,0x00000000800006BE] -> 0x11D4
[432] [M]: 0x00000000800006BC (0x11D43823) sd x29, 0x110(x8)                        inst_42+4
mem[W,0x00000000800043B8] <- 0xFFFFFFFFFFFFFBFF

mem[X,0x00000000800006C0] -> 0x0E93
mem[X,0x00000000800006C2] -> 0x0010
[433] [M]: 0x00000000800006C0 (0x00100E93) addi x29, x0, 0x1                        inst_42+8
x29 <- 0x0000000000000001

clint mtime 0x00000000000000D9 (mip.MTI <- 0b1, mip.STI <- 0b0)
mem[X,0x00000000800006C4] -> 0x9E93
mem[X,0x00000000800006C6] -> 0x023E
[434] [M]: 0x00000000800006C4 (0x023E9E93) slli x29, x29, 0x23                      inst_42+12
x29 <- 0x0000000800000000

mem[X,0x00000000800006C8] -> 0xCE93
mem[X,0x00000000800006CA] -> 0xFFFE
[435] [M]: 0x00000000800006C8 (0xFFFECE93) xori x29, x29, -0x1                      inst_42+16
x29 <- 0xFFFFFFF7FFFFFFFF

clint mtime 0x00000000000000DA (mip.MTI <- 0b1, mip.STI <- 0b0)
mem[X,0x00000000800006CC] -> 0x0F13
mem[X,0x00000000800006CE] -> 0x1104
[436] [M]: 0x00000000800006CC (0x11040F13) addi x30, x8, 0x110                      inst_42+20
x30 <- 0x00000000800043B8

mem[X,0x00000000800006D0] -> 0x2FAF
mem[X,0x00000000800006D2] -> 0x61DF
[437] [M]: 0x00000000800006D0 (0x61DF2FAF) amoand.w x31, x29, (x30)                 inst_42+24
mem[RW,0x00000000800043B8] -> 0xFFFFFBFF
mem[W,0x00000000800043B8] <- 0xFFFFFBFF
x31 <- 0xFFFFFFFFFFFFFBFF

clint mtime 0x00000000000000DB (mip.MTI <- 0b1, mip.STI <- 0b0)
mem[X,0x00000000800006D4] -> 0x3C23
mem[X,0x00000000800006D6] -> 0x11F4
[438] [M]: 0x00000000800006D4 (0x11F43C23) sd x31, 0x118(x8)                        inst_42+28
mem[W,0x00000000800043C0] <- 0xFFFFFFFFFFFFFBFF

mem[X,0x00000000800006D8] -> 0x0E93
mem[X,0x00000000800006DA] -> 0xBFF0
[439] [M]: 0x00000000800006D8 (0xBFF00E93) addi x29, x0, -0x401                     inst_43+0
x29 <- 0xFFFFFFFFFFFFFBFF

clint mtime 0x00000000000000DC (mip.MTI <- 0b1, mip.STI <- 0b0)
mem[X,0x00000000800006DC] -> 0x3023
mem[X,0x00000000800006DE] -> 0x13D4
[440] [M]: 0x00000000800006DC (0x13D43023) sd x29, 0x120(x8)                        inst_43+4
mem[W,0x00000000800043C8] <- 0xFFFFFFFFFFFFFBFF

mem[X,0x00000000800006E0] -> 0x0E93
mem[X,0x00000000800006E2] -> 0x0010
[441] [M]: 0x00000000800006E0 (0x00100E93) addi x29, x0, 0x1                        inst_43+8
x29 <- 0x0000000000000001

clint mtime 0x00000000000000DD (mip.MTI <- 0b1, mip.STI <- 0b0)
mem[X,0x00000000800006E4] -> 0x9E93
mem[X,0x00000000800006E6] -> 0x024E
[442] [M]: 0x00000000800006E4 (0x024E9E93) slli x29, x29, 0x24                      inst_43+12
x29 <- 0x0000001000000000

mem[X,0x00000000800006E8] -> 0xCE93
mem[X,0x00000000800006EA] -> 0xFFFE
[443] [M]: 0x00000000800006E8 (0xFFFECE93) xori x29, x29, -0x1                      inst_43+16
x29 <- 0xFFFFFFEFFFFFFFFF

clint mtime 0x00000000000000DE (mip.MTI <- 0b1, mip.STI <- 0b0)
mem[X,0x00000000800006EC] -> 0x0F13
mem[X,0x00000000800006EE] -> 0x1204
[444] [M]: 0x00000000800006EC (0x12040F13) addi x30, x8, 0x120                      inst_43+20
x30 <- 0x00000000800043C8

mem[X,0x00000000800006F0] -> 0x2FAF
mem[X,0x00000000800006F2] -> 0x61DF
[445] [M]: 0x00000000800006F0 (0x61DF2FAF) amoand.w x31, x29, (x30)                 inst_43+24
mem[RW,0x00000000800043C8] -> 0xFFFFFBFF
mem[W,0x00000000800043C8] <- 0xFFFFFBFF
x31 <- 0xFFFFFFFFFFFFFBFF

clint mtime 0x00000000000000DF (mip.MTI <- 0b1, mip.STI <- 0b0)
mem[X,0x00000000800006F4] -> 0x3423
mem[X,0x00000000800006F6] -> 0x13F4
[446] [M]: 0x00000000800006F4 (0x13F43423) sd x31, 0x128(x8)                        inst_43+28
mem[W,0x00000000800043D0] <- 0xFFFFFFFFFFFFFBFF

mem[X,0x00000000800006F8] -> 0x0E93
mem[X,0x00000000800006FA] -> 0xBFF0
[447] [M]: 0x00000000800006F8 (0xBFF00E93) addi x29, x0, -0x401                     inst_44+0
x29 <- 0xFFFFFFFFFFFFFBFF

clint mtime 0x00000000000000E0 (mip.MTI <- 0b1, mip.STI <- 0b0)
mem[X,0x00000000800006FC] -> 0x3823
mem[X,0x00000000800006FE] -> 0x13D4
[448] [M]: 0x00000000800006FC (0x13D43823) sd x29, 0x130(x8)                        inst_44+4
mem[W,0x00000000800043D8] <- 0xFFFFFFFFFFFFFBFF

mem[X,0x0000000080000700] -> 0x0E93
mem[X,0x0000000080000702] -> 0x0010
[449] [M]: 0x0000000080000700 (0x00100E93) addi x29, x0, 0x1                        inst_44+8
x29 <- 0x0000000000000001

clint mtime 0x00000000000000E1 (mip.MTI <- 0b1, mip.STI <- 0b0)
mem[X,0x0000000080000704] -> 0x9E93
mem[X,0x0000000080000706] -> 0x025E
[450] [M]: 0x0000000080000704 (0x025E9E93) slli x29, x29, 0x25                      inst_44+12
x29 <- 0x0000002000000000

mem[X,0x0000000080000708] -> 0xCE93
mem[X,0x000000008000070A] -> 0xFFFE
[451] [M]: 0x0000000080000708 (0xFFFECE93) xori x29, x29, -0x1                      inst_44+16
x29 <- 0xFFFFFFDFFFFFFFFF

clint mtime 0x00000000000000E2 (mip.MTI <- 0b1, mip.STI <- 0b0)
mem[X,0x000000008000070C] -> 0x0F13
mem[X,0x000000008000070E] -> 0x1304
[452] [M]: 0x000000008000070C (0x13040F13) addi x30, x8, 0x130                      inst_44+20
x30 <- 0x00000000800043D8

mem[X,0x0000000080000710] -> 0x2FAF
mem[X,0x0000000080000712] -> 0x61DF
[453] [M]: 0x0000000080000710 (0x61DF2FAF) amoand.w x31, x29, (x30)                 inst_44+24
mem[RW,0x00000000800043D8] -> 0xFFFFFBFF
mem[W,0x00000000800043D8] <- 0xFFFFFBFF
x31 <- 0xFFFFFFFFFFFFFBFF

clint mtime 0x00000000000000E3 (mip.MTI <- 0b1, mip.STI <- 0b0)
mem[X,0x0000000080000714] -> 0x3C23
mem[X,0x0000000080000716] -> 0x13F4
[454] [M]: 0x0000000080000714 (0x13F43C23) sd x31, 0x138(x8)                        inst_44+28
mem[W,0x00000000800043E0] <- 0xFFFFFFFFFFFFFBFF

mem[X,0x0000000080000718] -> 0x0E93
mem[X,0x000000008000071A] -> 0xBFF0
[455] [M]: 0x0000000080000718 (0xBFF00E93) addi x29, x0, -0x401                     inst_45+0
x29 <- 0xFFFFFFFFFFFFFBFF

clint mtime 0x00000000000000E4 (mip.MTI <- 0b1, mip.STI <- 0b0)
mem[X,0x000000008000071C] -> 0x3023
mem[X,0x000000008000071E] -> 0x15D4
[456] [M]: 0x000000008000071C (0x15D43023) sd x29, 0x140(x8)                        inst_45+4
mem[W,0x00000000800043E8] <- 0xFFFFFFFFFFFFFBFF

mem[X,0x0000000080000720] -> 0x0E93
mem[X,0x0000000080000722] -> 0x0010
[457] [M]: 0x0000000080000720 (0x00100E93) addi x29, x0, 0x1                        inst_45+8
x29 <- 0x0000000000000001

clint mtime 0x00000000000000E5 (mip.MTI <- 0b1, mip.STI <- 0b0)
mem[X,0x0000000080000724] -> 0x9E93
mem[X,0x0000000080000726] -> 0x026E
[458] [M]: 0x0000000080000724 (0x026E9E93) slli x29, x29, 0x26                      inst_45+12
x29 <- 0x0000004000000000

mem[X,0x0000000080000728] -> 0xCE93
mem[X,0x000000008000072A] -> 0xFFFE
[459] [M]: 0x0000000080000728 (0xFFFECE93) xori x29, x29, -0x1                      inst_45+16
x29 <- 0xFFFFFFBFFFFFFFFF

clint mtime 0x00000000000000E6 (mip.MTI <- 0b1, mip.STI <- 0b0)
mem[X,0x000000008000072C] -> 0x0F13
mem[X,0x000000008000072E] -> 0x1404
[460] [M]: 0x000000008000072C (0x14040F13) addi x30, x8, 0x140                      inst_45+20
x30 <- 0x00000000800043E8

mem[X,0x0000000080000730] -> 0x2FAF
mem[X,0x0000000080000732] -> 0x61DF
[461] [M]: 0x0000000080000730 (0x61DF2FAF) amoand.w x31, x29, (x30)                 inst_45+24
mem[RW,0x00000000800043E8] -> 0xFFFFFBFF
mem[W,0x00000000800043E8] <- 0xFFFFFBFF
x31 <- 0xFFFFFFFFFFFFFBFF

clint mtime 0x00000000000000E7 (mip.MTI <- 0b1, mip.STI <- 0b0)
mem[X,0x0000000080000734] -> 0x3423
mem[X,0x0000000080000736] -> 0x15F4
[462] [M]: 0x0000000080000734 (0x15F43423) sd x31, 0x148(x8)                        inst_45+28
mem[W,0x00000000800043F0] <- 0xFFFFFFFFFFFFFBFF

mem[X,0x0000000080000738] -> 0x0E93
mem[X,0x000000008000073A] -> 0xBFF0
[463] [M]: 0x0000000080000738 (0xBFF00E93) addi x29, x0, -0x401                     inst_46+0
x29 <- 0xFFFFFFFFFFFFFBFF

clint mtime 0x00000000000000E8 (mip.MTI <- 0b1, mip.STI <- 0b0)
mem[X,0x000000008000073C] -> 0x3823
mem[X,0x000000008000073E] -> 0x15D4
[464] [M]: 0x000000008000073C (0x15D43823) sd x29, 0x150(x8)                        inst_46+4
mem[W,0x00000000800043F8] <- 0xFFFFFFFFFFFFFBFF

mem[X,0x0000000080000740] -> 0x0E93
mem[X,0x0000000080000742] -> 0x0010
[465] [M]: 0x0000000080000740 (0x00100E93) addi x29, x0, 0x1                        inst_46+8
x29 <- 0x0000000000000001

clint mtime 0x00000000000000E9 (mip.MTI <- 0b1, mip.STI <- 0b0)
mem[X,0x0000000080000744] -> 0x9E93
mem[X,0x0000000080000746] -> 0x027E
[466] [M]: 0x0000000080000744 (0x027E9E93) slli x29, x29, 0x27                      inst_46+12
x29 <- 0x0000008000000000

mem[X,0x0000000080000748] -> 0xCE93
mem[X,0x000000008000074A] -> 0xFFFE
[467] [M]: 0x0000000080000748 (0xFFFECE93) xori x29, x29, -0x1                      inst_46+16
x29 <- 0xFFFFFF7FFFFFFFFF

clint mtime 0x00000000000000EA (mip.MTI <- 0b1, mip.STI <- 0b0)
mem[X,0x000000008000074C] -> 0x0F13
mem[X,0x000000008000074E] -> 0x1504
[468] [M]: 0x000000008000074C (0x15040F13) addi x30, x8, 0x150                      inst_46+20
x30 <- 0x00000000800043F8

mem[X,0x0000000080000750] -> 0x2FAF
mem[X,0x0000000080000752] -> 0x61DF
[469] [M]: 0x0000000080000750 (0x61DF2FAF) amoand.w x31, x29, (x30)                 inst_46+24
mem[RW,0x00000000800043F8] -> 0xFFFFFBFF
mem[W,0x00000000800043F8] <- 0xFFFFFBFF
x31 <- 0xFFFFFFFFFFFFFBFF

clint mtime 0x00000000000000EB (mip.MTI <- 0b1, mip.STI <- 0b0)
mem[X,0x0000000080000754] -> 0x3C23
mem[X,0x0000000080000756] -> 0x15F4
[470] [M]: 0x0000000080000754 (0x15F43C23) sd x31, 0x158(x8)                        inst_46+28
mem[W,0x0000000080004400] <- 0xFFFFFFFFFFFFFBFF

mem[X,0x0000000080000758] -> 0x0E93
mem[X,0x000000008000075A] -> 0xBFF0
[471] [M]: 0x0000000080000758 (0xBFF00E93) addi x29, x0, -0x401                     inst_47+0
x29 <- 0xFFFFFFFFFFFFFBFF

clint mtime 0x00000000000000EC (mip.MTI <- 0b1, mip.STI <- 0b0)
mem[X,0x000000008000075C] -> 0x3023
mem[X,0x000000008000075E] -> 0x17D4
[472] [M]: 0x000000008000075C (0x17D43023) sd x29, 0x160(x8)                        inst_47+4
mem[W,0x0000000080004408] <- 0xFFFFFFFFFFFFFBFF

mem[X,0x0000000080000760] -> 0x0E93
mem[X,0x0000000080000762] -> 0x0010
[473] [M]: 0x0000000080000760 (0x00100E93) addi x29, x0, 0x1                        inst_47+8
x29 <- 0x0000000000000001

clint mtime 0x00000000000000ED (mip.MTI <- 0b1, mip.STI <- 0b0)
mem[X,0x0000000080000764] -> 0x9E93
mem[X,0x0000000080000766] -> 0x028E
[474] [M]: 0x0000000080000764 (0x028E9E93) slli x29, x29, 0x28                      inst_47+12
x29 <- 0x0000010000000000

mem[X,0x0000000080000768] -> 0xCE93
mem[X,0x000000008000076A] -> 0xFFFE
[475] [M]: 0x0000000080000768 (0xFFFECE93) xori x29, x29, -0x1                      inst_47+16
x29 <- 0xFFFFFEFFFFFFFFFF

clint mtime 0x00000000000000EE (mip.MTI <- 0b1, mip.STI <- 0b0)
mem[X,0x000000008000076C] -> 0x0F13
mem[X,0x000000008000076E] -> 0x1604
[476] [M]: 0x000000008000076C (0x16040F13) addi x30, x8, 0x160                      inst_47+20
x30 <- 0x0000000080004408

mem[X,0x0000000080000770] -> 0x2FAF
mem[X,0x0000000080000772] -> 0x61DF
[477] [M]: 0x0000000080000770 (0x61DF2FAF) amoand.w x31, x29, (x30)                 inst_47+24
mem[RW,0x0000000080004408] -> 0xFFFFFBFF
mem[W,0x0000000080004408] <- 0xFFFFFBFF
x31 <- 0xFFFFFFFFFFFFFBFF

clint mtime 0x00000000000000EF (mip.MTI <- 0b1, mip.STI <- 0b0)
mem[X,0x0000000080000774] -> 0x3423
mem[X,0x0000000080000776] -> 0x17F4
[478] [M]: 0x0000000080000774 (0x17F43423) sd x31, 0x168(x8)                        inst_47+28
mem[W,0x0000000080004410] <- 0xFFFFFFFFFFFFFBFF

mem[X,0x0000000080000778] -> 0x0E93
mem[X,0x000000008000077A] -> 0xBFF0
[479] [M]: 0x0000000080000778 (0xBFF00E93) addi x29, x0, -0x401                     inst_48+0
x29 <- 0xFFFFFFFFFFFFFBFF

clint mtime 0x00000000000000F0 (mip.MTI <- 0b1, mip.STI <- 0b0)
mem[X,0x000000008000077C] -> 0x3823
mem[X,0x000000008000077E] -> 0x17D4
[480] [M]: 0x000000008000077C (0x17D43823) sd x29, 0x170(x8)                        inst_48+4
mem[W,0x0000000080004418] <- 0xFFFFFFFFFFFFFBFF

mem[X,0x0000000080000780] -> 0x0E93
mem[X,0x0000000080000782] -> 0x0010
[481] [M]: 0x0000000080000780 (0x00100E93) addi x29, x0, 0x1                        inst_48+8
x29 <- 0x0000000000000001

clint mtime 0x00000000000000F1 (mip.MTI <- 0b1, mip.STI <- 0b0)
mem[X,0x0000000080000784] -> 0x9E93
mem[X,0x0000000080000786] -> 0x029E
[482] [M]: 0x0000000080000784 (0x029E9E93) slli x29, x29, 0x29                      inst_48+12
x29 <- 0x0000020000000000

mem[X,0x0000000080000788] -> 0xCE93
mem[X,0x000000008000078A] -> 0xFFFE
[483] [M]: 0x0000000080000788 (0xFFFECE93) xori x29, x29, -0x1                      inst_48+16
x29 <- 0xFFFFFDFFFFFFFFFF

clint mtime 0x00000000000000F2 (mip.MTI <- 0b1, mip.STI <- 0b0)
mem[X,0x000000008000078C] -> 0x0F13
mem[X,0x000000008000078E] -> 0x1704
[484] [M]: 0x000000008000078C (0x17040F13) addi x30, x8, 0x170                      inst_48+20
x30 <- 0x0000000080004418

mem[X,0x0000000080000790] -> 0x2FAF
mem[X,0x0000000080000792] -> 0x61DF
[485] [M]: 0x0000000080000790 (0x61DF2FAF) amoand.w x31, x29, (x30)                 inst_48+24
mem[RW,0x0000000080004418] -> 0xFFFFFBFF
mem[W,0x0000000080004418] <- 0xFFFFFBFF
x31 <- 0xFFFFFFFFFFFFFBFF

clint mtime 0x00000000000000F3 (mip.MTI <- 0b1, mip.STI <- 0b0)
mem[X,0x0000000080000794] -> 0x3C23
mem[X,0x0000000080000796] -> 0x17F4
[486] [M]: 0x0000000080000794 (0x17F43C23) sd x31, 0x178(x8)                        inst_48+28
mem[W,0x0000000080004420] <- 0xFFFFFFFFFFFFFBFF

mem[X,0x0000000080000798] -> 0x0E93
mem[X,0x000000008000079A] -> 0xBFF0
[487] [M]: 0x0000000080000798 (0xBFF00E93) addi x29, x0, -0x401                     inst_49+0
x29 <- 0xFFFFFFFFFFFFFBFF

clint mtime 0x00000000000000F4 (mip.MTI <- 0b1, mip.STI <- 0b0)
mem[X,0x000000008000079C] -> 0x3023
mem[X,0x000000008000079E] -> 0x19D4
[488] [M]: 0x000000008000079C (0x19D43023) sd x29, 0x180(x8)                        inst_49+4
mem[W,0x0000000080004428] <- 0xFFFFFFFFFFFFFBFF

mem[X,0x00000000800007A0] -> 0x0E93
mem[X,0x00000000800007A2] -> 0x0010
[489] [M]: 0x00000000800007A0 (0x00100E93) addi x29, x0, 0x1                        inst_49+8
x29 <- 0x0000000000000001

clint mtime 0x00000000000000F5 (mip.MTI <- 0b1, mip.STI <- 0b0)
mem[X,0x00000000800007A4] -> 0x9E93
mem[X,0x00000000800007A6] -> 0x02AE
[490] [M]: 0x00000000800007A4 (0x02AE9E93) slli x29, x29, 0x2a                      inst_49+12
x29 <- 0x0000040000000000

mem[X,0x00000000800007A8] -> 0xCE93
mem[X,0x00000000800007AA] -> 0xFFFE
[491] [M]: 0x00000000800007A8 (0xFFFECE93) xori x29, x29, -0x1                      inst_49+16
x29 <- 0xFFFFFBFFFFFFFFFF

clint mtime 0x00000000000000F6 (mip.MTI <- 0b1, mip.STI <- 0b0)
mem[X,0x00000000800007AC] -> 0x0F13
mem[X,0x00000000800007AE] -> 0x1804
[492] [M]: 0x00000000800007AC (0x18040F13) addi x30, x8, 0x180                      inst_49+20
x30 <- 0x0000000080004428

mem[X,0x00000000800007B0] -> 0x2FAF
mem[X,0x00000000800007B2] -> 0x61DF
[493] [M]: 0x00000000800007B0 (0x61DF2FAF) amoand.w x31, x29, (x30)                 inst_49+24
mem[RW,0x0000000080004428] -> 0xFFFFFBFF
mem[W,0x0000000080004428] <- 0xFFFFFBFF
x31 <- 0xFFFFFFFFFFFFFBFF

clint mtime 0x00000000000000F7 (mip.MTI <- 0b1, mip.STI <- 0b0)
mem[X,0x00000000800007B4] -> 0x3423
mem[X,0x00000000800007B6] -> 0x19F4
[494] [M]: 0x00000000800007B4 (0x19F43423) sd x31, 0x188(x8)                        inst_49+28
mem[W,0x0000000080004430] <- 0xFFFFFFFFFFFFFBFF

mem[X,0x00000000800007B8] -> 0x0E93
mem[X,0x00000000800007BA] -> 0xBFF0
[495] [M]: 0x00000000800007B8 (0xBFF00E93) addi x29, x0, -0x401                     inst_50+0
x29 <- 0xFFFFFFFFFFFFFBFF

clint mtime 0x00000000000000F8 (mip.MTI <- 0b1, mip.STI <- 0b0)
mem[X,0x00000000800007BC] -> 0x3823
mem[X,0x00000000800007BE] -> 0x19D4
[496] [M]: 0x00000000800007BC (0x19D43823) sd x29, 0x190(x8)                        inst_50+4
mem[W,0x0000000080004438] <- 0xFFFFFFFFFFFFFBFF

mem[X,0x00000000800007C0] -> 0x0E93
mem[X,0x00000000800007C2] -> 0x0010
[497] [M]: 0x00000000800007C0 (0x00100E93) addi x29, x0, 0x1                        inst_50+8
x29 <- 0x0000000000000001

clint mtime 0x00000000000000F9 (mip.MTI <- 0b1, mip.STI <- 0b0)
mem[X,0x00000000800007C4] -> 0x9E93
mem[X,0x00000000800007C6] -> 0x02BE
[498] [M]: 0x00000000800007C4 (0x02BE9E93) slli x29, x29, 0x2b                      inst_50+12
x29 <- 0x0000080000000000

mem[X,0x00000000800007C8] -> 0xCE93
mem[X,0x00000000800007CA] -> 0xFFFE
[499] [M]: 0x00000000800007C8 (0xFFFECE93) xori x29, x29, -0x1                      inst_50+16
x29 <- 0xFFFFF7FFFFFFFFFF

clint mtime 0x00000000000000FA (mip.MTI <- 0b1, mip.STI <- 0b0)
mem[X,0x00000000800007CC] -> 0x0F13
mem[X,0x00000000800007CE] -> 0x1904
[500] [M]: 0x00000000800007CC (0x19040F13) addi x30, x8, 0x190                      inst_50+20
x30 <- 0x0000000080004438

mem[X,0x00000000800007D0] -> 0x2FAF
mem[X,0x00000000800007D2] -> 0x61DF
[501] [M]: 0x00000000800007D0 (0x61DF2FAF) amoand.w x31, x29, (x30)                 inst_50+24
mem[RW,0x0000000080004438] -> 0xFFFFFBFF
mem[W,0x0000000080004438] <- 0xFFFFFBFF
x31 <- 0xFFFFFFFFFFFFFBFF

clint mtime 0x00000000000000FB (mip.MTI <- 0b1, mip.STI <- 0b0)
mem[X,0x00000000800007D4] -> 0x3C23
mem[X,0x00000000800007D6] -> 0x19F4
[502] [M]: 0x00000000800007D4 (0x19F43C23) sd x31, 0x198(x8)                        inst_50+28
mem[W,0x0000000080004440] <- 0xFFFFFFFFFFFFFBFF

mem[X,0x00000000800007D8] -> 0x0E93
mem[X,0x00000000800007DA] -> 0xBFF0
[503] [M]: 0x00000000800007D8 (0xBFF00E93) addi x29, x0, -0x401                     inst_51+0
x29 <- 0xFFFFFFFFFFFFFBFF

clint mtime 0x00000000000000FC (mip.MTI <- 0b1, mip.STI <- 0b0)
mem[X,0x00000000800007DC] -> 0x3023
mem[X,0x00000000800007DE] -> 0x1BD4
[504] [M]: 0x00000000800007DC (0x1BD43023) sd x29, 0x1a0(x8)                        inst_51+4
mem[W,0x0000000080004448] <- 0xFFFFFFFFFFFFFBFF

mem[X,0x00000000800007E0] -> 0x0E93
mem[X,0x00000000800007E2] -> 0x0010
[505] [M]: 0x00000000800007E0 (0x00100E93) addi x29, x0, 0x1                        inst_51+8
x29 <- 0x0000000000000001

clint mtime 0x00000000000000FD (mip.MTI <- 0b1, mip.STI <- 0b0)
mem[X,0x00000000800007E4] -> 0x9E93
mem[X,0x00000000800007E6] -> 0x02CE
[506] [M]: 0x00000000800007E4 (0x02CE9E93) slli x29, x29, 0x2c                      inst_51+12
x29 <- 0x0000100000000000

mem[X,0x00000000800007E8] -> 0xCE93
mem[X,0x00000000800007EA] -> 0xFFFE
[507] [M]: 0x00000000800007E8 (0xFFFECE93) xori x29, x29, -0x1                      inst_51+16
x29 <- 0xFFFFEFFFFFFFFFFF

clint mtime 0x00000000000000FE (mip.MTI <- 0b1, mip.STI <- 0b0)
mem[X,0x00000000800007EC] -> 0x0F13
mem[X,0x00000000800007EE] -> 0x1A04
[508] [M]: 0x00000000800007EC (0x1A040F13) addi x30, x8, 0x1a0                      inst_51+20
x30 <- 0x0000000080004448

mem[X,0x00000000800007F0] -> 0x2FAF
mem[X,0x00000000800007F2] -> 0x61DF
[509] [M]: 0x00000000800007F0 (0x61DF2FAF) amoand.w x31, x29, (x30)                 inst_51+24
mem[RW,0x0000000080004448] -> 0xFFFFFBFF
mem[W,0x0000000080004448] <- 0xFFFFFBFF
x31 <- 0xFFFFFFFFFFFFFBFF

clint mtime 0x00000000000000FF (mip.MTI <- 0b1, mip.STI <- 0b0)
mem[X,0x00000000800007F4] -> 0x3423
mem[X,0x00000000800007F6] -> 0x1BF4
[510] [M]: 0x00000000800007F4 (0x1BF43423) sd x31, 0x1a8(x8)                        inst_51+28
mem[W,0x0000000080004450] <- 0xFFFFFFFFFFFFFBFF

mem[X,0x00000000800007F8] -> 0x0E93
mem[X,0x00000000800007FA] -> 0xBFF0
[511] [M]: 0x00000000800007F8 (0xBFF00E93) addi x29, x0, -0x401                     inst_52+0
x29 <- 0xFFFFFFFFFFFFFBFF

clint mtime 0x0000000000000100 (mip.MTI <- 0b1, mip.STI <- 0b0)
mem[X,0x00000000800007FC] -> 0x3823
mem[X,0x00000000800007FE] -> 0x1BD4
[512] [M]: 0x00000000800007FC (0x1BD43823) sd x29, 0x1b0(x8)                        inst_52+4
mem[W,0x0000000080004458] <- 0xFFFFFFFFFFFFFBFF

mem[X,0x0000000080000800] -> 0x0E93
mem[X,0x0000000080000802] -> 0x0010
[513] [M]: 0x0000000080000800 (0x00100E93) addi x29, x0, 0x1                        inst_52+8
x29 <- 0x0000000000000001

clint mtime 0x0000000000000101 (mip.MTI <- 0b1, mip.STI <- 0b0)
mem[X,0x0000000080000804] -> 0x9E93
mem[X,0x0000000080000806] -> 0x02DE
[514] [M]: 0x0000000080000804 (0x02DE9E93) slli x29, x29, 0x2d                      inst_52+12
x29 <- 0x0000200000000000

mem[X,0x0000000080000808] -> 0xCE93
mem[X,0x000000008000080A] -> 0xFFFE
[515] [M]: 0x0000000080000808 (0xFFFECE93) xori x29, x29, -0x1                      inst_52+16
x29 <- 0xFFFFDFFFFFFFFFFF

clint mtime 0x0000000000000102 (mip.MTI <- 0b1, mip.STI <- 0b0)
mem[X,0x000000008000080C] -> 0x0F13
mem[X,0x000000008000080E] -> 0x1B04
[516] [M]: 0x000000008000080C (0x1B040F13) addi x30, x8, 0x1b0                      inst_52+20
x30 <- 0x0000000080004458

mem[X,0x0000000080000810] -> 0x2FAF
mem[X,0x0000000080000812] -> 0x61DF
[517] [M]: 0x0000000080000810 (0x61DF2FAF) amoand.w x31, x29, (x30)                 inst_52+24
mem[RW,0x0000000080004458] -> 0xFFFFFBFF
mem[W,0x0000000080004458] <- 0xFFFFFBFF
x31 <- 0xFFFFFFFFFFFFFBFF

clint mtime 0x0000000000000103 (mip.MTI <- 0b1, mip.STI <- 0b0)
mem[X,0x0000000080000814] -> 0x3C23
mem[X,0x0000000080000816] -> 0x1BF4
[518] [M]: 0x0000000080000814 (0x1BF43C23) sd x31, 0x1b8(x8)                        inst_52+28
mem[W,0x0000000080004460] <- 0xFFFFFFFFFFFFFBFF

mem[X,0x0000000080000818] -> 0x0E93
mem[X,0x000000008000081A] -> 0xBFF0
[519] [M]: 0x0000000080000818 (0xBFF00E93) addi x29, x0, -0x401                     inst_53+0
x29 <- 0xFFFFFFFFFFFFFBFF

clint mtime 0x0000000000000104 (mip.MTI <- 0b1, mip.STI <- 0b0)
mem[X,0x000000008000081C] -> 0x3023
mem[X,0x000000008000081E] -> 0x1DD4
[520] [M]: 0x000000008000081C (0x1DD43023) sd x29, 0x1c0(x8)                        inst_53+4
mem[W,0x0000000080004468] <- 0xFFFFFFFFFFFFFBFF

mem[X,0x0000000080000820] -> 0x0E93
mem[X,0x0000000080000822] -> 0x0010
[521] [M]: 0x0000000080000820 (0x00100E93) addi x29, x0, 0x1                        inst_53+8
x29 <- 0x0000000000000001

clint mtime 0x0000000000000105 (mip.MTI <- 0b1, mip.STI <- 0b0)
mem[X,0x0000000080000824] -> 0x9E93
mem[X,0x0000000080000826] -> 0x02EE
[522] [M]: 0x0000000080000824 (0x02EE9E93) slli x29, x29, 0x2e                      inst_53+12
x29 <- 0x0000400000000000

mem[X,0x0000000080000828] -> 0xCE93
mem[X,0x000000008000082A] -> 0xFFFE
[523] [M]: 0x0000000080000828 (0xFFFECE93) xori x29, x29, -0x1                      inst_53+16
x29 <- 0xFFFFBFFFFFFFFFFF

clint mtime 0x0000000000000106 (mip.MTI <- 0b1, mip.STI <- 0b0)
mem[X,0x000000008000082C] -> 0x0F13
mem[X,0x000000008000082E] -> 0x1C04
[524] [M]: 0x000000008000082C (0x1C040F13) addi x30, x8, 0x1c0                      inst_53+20
x30 <- 0x0000000080004468

mem[X,0x0000000080000830] -> 0x2FAF
mem[X,0x0000000080000832] -> 0x61DF
[525] [M]: 0x0000000080000830 (0x61DF2FAF) amoand.w x31, x29, (x30)                 inst_53+24
mem[RW,0x0000000080004468] -> 0xFFFFFBFF
mem[W,0x0000000080004468] <- 0xFFFFFBFF
x31 <- 0xFFFFFFFFFFFFFBFF

clint mtime 0x0000000000000107 (mip.MTI <- 0b1, mip.STI <- 0b0)
mem[X,0x0000000080000834] -> 0x3423
mem[X,0x0000000080000836] -> 0x1DF4
[526] [M]: 0x0000000080000834 (0x1DF43423) sd x31, 0x1c8(x8)                        inst_53+28
mem[W,0x0000000080004470] <- 0xFFFFFFFFFFFFFBFF

mem[X,0x0000000080000838] -> 0x0E93
mem[X,0x000000008000083A] -> 0xBFF0
[527] [M]: 0x0000000080000838 (0xBFF00E93) addi x29, x0, -0x401                     inst_54+0
x29 <- 0xFFFFFFFFFFFFFBFF

clint mtime 0x0000000000000108 (mip.MTI <- 0b1, mip.STI <- 0b0)
mem[X,0x000000008000083C] -> 0x3823
mem[X,0x000000008000083E] -> 0x1DD4
[528] [M]: 0x000000008000083C (0x1DD43823) sd x29, 0x1d0(x8)                        inst_54+4
mem[W,0x0000000080004478] <- 0xFFFFFFFFFFFFFBFF

mem[X,0x0000000080000840] -> 0x0E93
mem[X,0x0000000080000842] -> 0x0010
[529] [M]: 0x0000000080000840 (0x00100E93) addi x29, x0, 0x1                        inst_54+8
x29 <- 0x0000000000000001

clint mtime 0x0000000000000109 (mip.MTI <- 0b1, mip.STI <- 0b0)
mem[X,0x0000000080000844] -> 0x9E93
mem[X,0x0000000080000846] -> 0x02FE
[530] [M]: 0x0000000080000844 (0x02FE9E93) slli x29, x29, 0x2f                      inst_54+12
x29 <- 0x0000800000000000

mem[X,0x0000000080000848] -> 0xCE93
mem[X,0x000000008000084A] -> 0xFFFE
[531] [M]: 0x0000000080000848 (0xFFFECE93) xori x29, x29, -0x1                      inst_54+16
x29 <- 0xFFFF7FFFFFFFFFFF

clint mtime 0x000000000000010A (mip.MTI <- 0b1, mip.STI <- 0b0)
mem[X,0x000000008000084C] -> 0x0F13
mem[X,0x000000008000084E] -> 0x1D04
[532] [M]: 0x000000008000084C (0x1D040F13) addi x30, x8, 0x1d0                      inst_54+20
x30 <- 0x0000000080004478

mem[X,0x0000000080000850] -> 0x2FAF
mem[X,0x0000000080000852] -> 0x61DF
[533] [M]: 0x0000000080000850 (0x61DF2FAF) amoand.w x31, x29, (x30)                 inst_54+24
mem[RW,0x0000000080004478] -> 0xFFFFFBFF
mem[W,0x0000000080004478] <- 0xFFFFFBFF
x31 <- 0xFFFFFFFFFFFFFBFF

clint mtime 0x000000000000010B (mip.MTI <- 0b1, mip.STI <- 0b0)
mem[X,0x0000000080000854] -> 0x3C23
mem[X,0x0000000080000856] -> 0x1DF4
[534] [M]: 0x0000000080000854 (0x1DF43C23) sd x31, 0x1d8(x8)                        inst_54+28
mem[W,0x0000000080004480] <- 0xFFFFFFFFFFFFFBFF

mem[X,0x0000000080000858] -> 0x0E93
mem[X,0x000000008000085A] -> 0xBFF0
[535] [M]: 0x0000000080000858 (0xBFF00E93) addi x29, x0, -0x401                     inst_55+0
x29 <- 0xFFFFFFFFFFFFFBFF

clint mtime 0x000000000000010C (mip.MTI <- 0b1, mip.STI <- 0b0)
mem[X,0x000000008000085C] -> 0x3023
mem[X,0x000000008000085E] -> 0x1FD4
[536] [M]: 0x000000008000085C (0x1FD43023) sd x29, 0x1e0(x8)                        inst_55+4
mem[W,0x0000000080004488] <- 0xFFFFFFFFFFFFFBFF

mem[X,0x0000000080000860] -> 0x0E93
mem[X,0x0000000080000862] -> 0x0010
[537] [M]: 0x0000000080000860 (0x00100E93) addi x29, x0, 0x1                        inst_55+8
x29 <- 0x0000000000000001

clint mtime 0x000000000000010D (mip.MTI <- 0b1, mip.STI <- 0b0)
mem[X,0x0000000080000864] -> 0x9E93
mem[X,0x0000000080000866] -> 0x030E
[538] [M]: 0x0000000080000864 (0x030E9E93) slli x29, x29, 0x30                      inst_55+12
x29 <- 0x0001000000000000

mem[X,0x0000000080000868] -> 0xCE93
mem[X,0x000000008000086A] -> 0xFFFE
[539] [M]: 0x0000000080000868 (0xFFFECE93) xori x29, x29, -0x1                      inst_55+16
x29 <- 0xFFFEFFFFFFFFFFFF

clint mtime 0x000000000000010E (mip.MTI <- 0b1, mip.STI <- 0b0)
mem[X,0x000000008000086C] -> 0x0F13
mem[X,0x000000008000086E] -> 0x1E04
[540] [M]: 0x000000008000086C (0x1E040F13) addi x30, x8, 0x1e0                      inst_55+20
x30 <- 0x0000000080004488

mem[X,0x0000000080000870] -> 0x2FAF
mem[X,0x0000000080000872] -> 0x61DF
[541] [M]: 0x0000000080000870 (0x61DF2FAF) amoand.w x31, x29, (x30)                 inst_55+24
mem[RW,0x0000000080004488] -> 0xFFFFFBFF
mem[W,0x0000000080004488] <- 0xFFFFFBFF
x31 <- 0xFFFFFFFFFFFFFBFF

clint mtime 0x000000000000010F (mip.MTI <- 0b1, mip.STI <- 0b0)
mem[X,0x0000000080000874] -> 0x3423
mem[X,0x0000000080000876] -> 0x1FF4
[542] [M]: 0x0000000080000874 (0x1FF43423) sd x31, 0x1e8(x8)                        inst_55+28
mem[W,0x0000000080004490] <- 0xFFFFFFFFFFFFFBFF

mem[X,0x0000000080000878] -> 0x0E93
mem[X,0x000000008000087A] -> 0xBFF0
[543] [M]: 0x0000000080000878 (0xBFF00E93) addi x29, x0, -0x401                     inst_56+0
x29 <- 0xFFFFFFFFFFFFFBFF

clint mtime 0x0000000000000110 (mip.MTI <- 0b1, mip.STI <- 0b0)
mem[X,0x000000008000087C] -> 0x3823
mem[X,0x000000008000087E] -> 0x1FD4
[544] [M]: 0x000000008000087C (0x1FD43823) sd x29, 0x1f0(x8)                        inst_56+4
mem[W,0x0000000080004498] <- 0xFFFFFFFFFFFFFBFF

mem[X,0x0000000080000880] -> 0x0E93
mem[X,0x0000000080000882] -> 0x0010
[545] [M]: 0x0000000080000880 (0x00100E93) addi x29, x0, 0x1                        inst_56+8
x29 <- 0x0000000000000001

clint mtime 0x0000000000000111 (mip.MTI <- 0b1, mip.STI <- 0b0)
mem[X,0x0000000080000884] -> 0x9E93
mem[X,0x0000000080000886] -> 0x031E
[546] [M]: 0x0000000080000884 (0x031E9E93) slli x29, x29, 0x31                      inst_56+12
x29 <- 0x0002000000000000

mem[X,0x0000000080000888] -> 0xCE93
mem[X,0x000000008000088A] -> 0xFFFE
[547] [M]: 0x0000000080000888 (0xFFFECE93) xori x29, x29, -0x1                      inst_56+16
x29 <- 0xFFFDFFFFFFFFFFFF

clint mtime 0x0000000000000112 (mip.MTI <- 0b1, mip.STI <- 0b0)
mem[X,0x000000008000088C] -> 0x0F13
mem[X,0x000000008000088E] -> 0x1F04
[548] [M]: 0x000000008000088C (0x1F040F13) addi x30, x8, 0x1f0                      inst_56+20
x30 <- 0x0000000080004498

mem[X,0x0000000080000890] -> 0x2FAF
mem[X,0x0000000080000892] -> 0x61DF
[549] [M]: 0x0000000080000890 (0x61DF2FAF) amoand.w x31, x29, (x30)                 inst_56+24
mem[RW,0x0000000080004498] -> 0xFFFFFBFF
mem[W,0x0000000080004498] <- 0xFFFFFBFF
x31 <- 0xFFFFFFFFFFFFFBFF

clint mtime 0x0000000000000113 (mip.MTI <- 0b1, mip.STI <- 0b0)
mem[X,0x0000000080000894] -> 0x3C23
mem[X,0x0000000080000896] -> 0x1FF4
[550] [M]: 0x0000000080000894 (0x1FF43C23) sd x31, 0x1f8(x8)                        inst_56+28
mem[W,0x00000000800044A0] <- 0xFFFFFFFFFFFFFBFF

mem[X,0x0000000080000898] -> 0x0E93
mem[X,0x000000008000089A] -> 0xBFF0
[551] [M]: 0x0000000080000898 (0xBFF00E93) addi x29, x0, -0x401                     inst_57+0
x29 <- 0xFFFFFFFFFFFFFBFF

clint mtime 0x0000000000000114 (mip.MTI <- 0b1, mip.STI <- 0b0)
mem[X,0x000000008000089C] -> 0x3023
mem[X,0x000000008000089E] -> 0x21D4
[552] [M]: 0x000000008000089C (0x21D43023) sd x29, 0x200(x8)                        inst_57+4
mem[W,0x00000000800044A8] <- 0xFFFFFFFFFFFFFBFF

mem[X,0x00000000800008A0] -> 0x0E93
mem[X,0x00000000800008A2] -> 0x0010
[553] [M]: 0x00000000800008A0 (0x00100E93) addi x29, x0, 0x1                        inst_57+8
x29 <- 0x0000000000000001

clint mtime 0x0000000000000115 (mip.MTI <- 0b1, mip.STI <- 0b0)
mem[X,0x00000000800008A4] -> 0x9E93
mem[X,0x00000000800008A6] -> 0x032E
[554] [M]: 0x00000000800008A4 (0x032E9E93) slli x29, x29, 0x32                      inst_57+12
x29 <- 0x0004000000000000

mem[X,0x00000000800008A8] -> 0xCE93
mem[X,0x00000000800008AA] -> 0xFFFE
[555] [M]: 0x00000000800008A8 (0xFFFECE93) xori x29, x29, -0x1                      inst_57+16
x29 <- 0xFFFBFFFFFFFFFFFF

clint mtime 0x0000000000000116 (mip.MTI <- 0b1, mip.STI <- 0b0)
mem[X,0x00000000800008AC] -> 0x0F13
mem[X,0x00000000800008AE] -> 0x2004
[556] [M]: 0x00000000800008AC (0x20040F13) addi x30, x8, 0x200                      inst_57+20
x30 <- 0x00000000800044A8

mem[X,0x00000000800008B0] -> 0x2FAF
mem[X,0x00000000800008B2] -> 0x61DF
[557] [M]: 0x00000000800008B0 (0x61DF2FAF) amoand.w x31, x29, (x30)                 inst_57+24
mem[RW,0x00000000800044A8] -> 0xFFFFFBFF
mem[W,0x00000000800044A8] <- 0xFFFFFBFF
x31 <- 0xFFFFFFFFFFFFFBFF

clint mtime 0x0000000000000117 (mip.MTI <- 0b1, mip.STI <- 0b0)
mem[X,0x00000000800008B4] -> 0x3423
mem[X,0x00000000800008B6] -> 0x21F4
[558] [M]: 0x00000000800008B4 (0x21F43423) sd x31, 0x208(x8)                        inst_57+28
mem[W,0x00000000800044B0] <- 0xFFFFFFFFFFFFFBFF

mem[X,0x00000000800008B8] -> 0x0E93
mem[X,0x00000000800008BA] -> 0xBFF0
[559] [M]: 0x00000000800008B8 (0xBFF00E93) addi x29, x0, -0x401                     inst_58+0
x29 <- 0xFFFFFFFFFFFFFBFF

clint mtime 0x0000000000000118 (mip.MTI <- 0b1, mip.STI <- 0b0)
mem[X,0x00000000800008BC] -> 0x3823
mem[X,0x00000000800008BE] -> 0x21D4
[560] [M]: 0x00000000800008BC (0x21D43823) sd x29, 0x210(x8)                        inst_58+4
mem[W,0x00000000800044B8] <- 0xFFFFFFFFFFFFFBFF

mem[X,0x00000000800008C0] -> 0x0E93
mem[X,0x00000000800008C2] -> 0x0010
[561] [M]: 0x00000000800008C0 (0x00100E93) addi x29, x0, 0x1                        inst_58+8
x29 <- 0x0000000000000001

clint mtime 0x0000000000000119 (mip.MTI <- 0b1, mip.STI <- 0b0)
mem[X,0x00000000800008C4] -> 0x9E93
mem[X,0x00000000800008C6] -> 0x033E
[562] [M]: 0x00000000800008C4 (0x033E9E93) slli x29, x29, 0x33                      inst_58+12
x29 <- 0x0008000000000000

mem[X,0x00000000800008C8] -> 0xCE93
mem[X,0x00000000800008CA] -> 0xFFFE
[563] [M]: 0x00000000800008C8 (0xFFFECE93) xori x29, x29, -0x1                      inst_58+16
x29 <- 0xFFF7FFFFFFFFFFFF

clint mtime 0x000000000000011A (mip.MTI <- 0b1, mip.STI <- 0b0)
mem[X,0x00000000800008CC] -> 0x0F13
mem[X,0x00000000800008CE] -> 0x2104
[564] [M]: 0x00000000800008CC (0x21040F13) addi x30, x8, 0x210                      inst_58+20
x30 <- 0x00000000800044B8

mem[X,0x00000000800008D0] -> 0x2FAF
mem[X,0x00000000800008D2] -> 0x61DF
[565] [M]: 0x00000000800008D0 (0x61DF2FAF) amoand.w x31, x29, (x30)                 inst_58+24
mem[RW,0x00000000800044B8] -> 0xFFFFFBFF
mem[W,0x00000000800044B8] <- 0xFFFFFBFF
x31 <- 0xFFFFFFFFFFFFFBFF

clint mtime 0x000000000000011B (mip.MTI <- 0b1, mip.STI <- 0b0)
mem[X,0x00000000800008D4] -> 0x3C23
mem[X,0x00000000800008D6] -> 0x21F4
[566] [M]: 0x00000000800008D4 (0x21F43C23) sd x31, 0x218(x8)                        inst_58+28
mem[W,0x00000000800044C0] <- 0xFFFFFFFFFFFFFBFF

mem[X,0x00000000800008D8] -> 0x0E93
mem[X,0x00000000800008DA] -> 0xBFF0
[567] [M]: 0x00000000800008D8 (0xBFF00E93) addi x29, x0, -0x401                     inst_59+0
x29 <- 0xFFFFFFFFFFFFFBFF

clint mtime 0x000000000000011C (mip.MTI <- 0b1, mip.STI <- 0b0)
mem[X,0x00000000800008DC] -> 0x3023
mem[X,0x00000000800008DE] -> 0x23D4
[568] [M]: 0x00000000800008DC (0x23D43023) sd x29, 0x220(x8)                        inst_59+4
mem[W,0x00000000800044C8] <- 0xFFFFFFFFFFFFFBFF

mem[X,0x00000000800008E0] -> 0x0E93
mem[X,0x00000000800008E2] -> 0x0010
[569] [M]: 0x00000000800008E0 (0x00100E93) addi x29, x0, 0x1                        inst_59+8
x29 <- 0x0000000000000001

clint mtime 0x000000000000011D (mip.MTI <- 0b1, mip.STI <- 0b0)
mem[X,0x00000000800008E4] -> 0x9E93
mem[X,0x00000000800008E6] -> 0x034E
[570] [M]: 0x00000000800008E4 (0x034E9E93) slli x29, x29, 0x34                      inst_59+12
x29 <- 0x0010000000000000

mem[X,0x00000000800008E8] -> 0xCE93
mem[X,0x00000000800008EA] -> 0xFFFE
[571] [M]: 0x00000000800008E8 (0xFFFECE93) xori x29, x29, -0x1                      inst_59+16
x29 <- 0xFFEFFFFFFFFFFFFF

clint mtime 0x000000000000011E (mip.MTI <- 0b1, mip.STI <- 0b0)
mem[X,0x00000000800008EC] -> 0x0F13
mem[X,0x00000000800008EE] -> 0x2204
[572] [M]: 0x00000000800008EC (0x22040F13) addi x30, x8, 0x220                      inst_59+20
x30 <- 0x00000000800044C8

mem[X,0x00000000800008F0] -> 0x2FAF
mem[X,0x00000000800008F2] -> 0x61DF
[573] [M]: 0x00000000800008F0 (0x61DF2FAF) amoand.w x31, x29, (x30)                 inst_59+24
mem[RW,0x00000000800044C8] -> 0xFFFFFBFF
mem[W,0x00000000800044C8] <- 0xFFFFFBFF
x31 <- 0xFFFFFFFFFFFFFBFF

clint mtime 0x000000000000011F (mip.MTI <- 0b1, mip.STI <- 0b0)
mem[X,0x00000000800008F4] -> 0x3423
mem[X,0x00000000800008F6] -> 0x23F4
[574] [M]: 0x00000000800008F4 (0x23F43423) sd x31, 0x228(x8)                        inst_59+28
mem[W,0x00000000800044D0] <- 0xFFFFFFFFFFFFFBFF

mem[X,0x00000000800008F8] -> 0x0E93
mem[X,0x00000000800008FA] -> 0xBFF0
[575] [M]: 0x00000000800008F8 (0xBFF00E93) addi x29, x0, -0x401                     inst_60+0
x29 <- 0xFFFFFFFFFFFFFBFF

clint mtime 0x0000000000000120 (mip.MTI <- 0b1, mip.STI <- 0b0)
mem[X,0x00000000800008FC] -> 0x3823
mem[X,0x00000000800008FE] -> 0x23D4
[576] [M]: 0x00000000800008FC (0x23D43823) sd x29, 0x230(x8)                        inst_60+4
mem[W,0x00000000800044D8] <- 0xFFFFFFFFFFFFFBFF

mem[X,0x0000000080000900] -> 0x0E93
mem[X,0x0000000080000902] -> 0x0010
[577] [M]: 0x0000000080000900 (0x00100E93) addi x29, x0, 0x1                        inst_60+8
x29 <- 0x0000000000000001

clint mtime 0x0000000000000121 (mip.MTI <- 0b1, mip.STI <- 0b0)
mem[X,0x0000000080000904] -> 0x9E93
mem[X,0x0000000080000906] -> 0x035E
[578] [M]: 0x0000000080000904 (0x035E9E93) slli x29, x29, 0x35                      inst_60+12
x29 <- 0x0020000000000000

mem[X,0x0000000080000908] -> 0xCE93
mem[X,0x000000008000090A] -> 0xFFFE
[579] [M]: 0x0000000080000908 (0xFFFECE93) xori x29, x29, -0x1                      inst_60+16
x29 <- 0xFFDFFFFFFFFFFFFF

clint mtime 0x0000000000000122 (mip.MTI <- 0b1, mip.STI <- 0b0)
mem[X,0x000000008000090C] -> 0x0F13
mem[X,0x000000008000090E] -> 0x2304
[580] [M]: 0x000000008000090C (0x23040F13) addi x30, x8, 0x230                      inst_60+20
x30 <- 0x00000000800044D8

mem[X,0x0000000080000910] -> 0x2FAF
mem[X,0x0000000080000912] -> 0x61DF
[581] [M]: 0x0000000080000910 (0x61DF2FAF) amoand.w x31, x29, (x30)                 inst_60+24
mem[RW,0x00000000800044D8] -> 0xFFFFFBFF
mem[W,0x00000000800044D8] <- 0xFFFFFBFF
x31 <- 0xFFFFFFFFFFFFFBFF

clint mtime 0x0000000000000123 (mip.MTI <- 0b1, mip.STI <- 0b0)
mem[X,0x0000000080000914] -> 0x3C23
mem[X,0x0000000080000916] -> 0x23F4
[582] [M]: 0x0000000080000914 (0x23F43C23) sd x31, 0x238(x8)                        inst_60+28
mem[W,0x00000000800044E0] <- 0xFFFFFFFFFFFFFBFF

mem[X,0x0000000080000918] -> 0x0E93
mem[X,0x000000008000091A] -> 0xBFF0
[583] [M]: 0x0000000080000918 (0xBFF00E93) addi x29, x0, -0x401                     inst_61+0
x29 <- 0xFFFFFFFFFFFFFBFF

clint mtime 0x0000000000000124 (mip.MTI <- 0b1, mip.STI <- 0b0)
mem[X,0x000000008000091C] -> 0x3023
mem[X,0x000000008000091E] -> 0x25D4
[584] [M]: 0x000000008000091C (0x25D43023) sd x29, 0x240(x8)                        inst_61+4
mem[W,0x00000000800044E8] <- 0xFFFFFFFFFFFFFBFF

mem[X,0x0000000080000920] -> 0x0E93
mem[X,0x0000000080000922] -> 0x0010
[585] [M]: 0x0000000080000920 (0x00100E93) addi x29, x0, 0x1                        inst_61+8
x29 <- 0x0000000000000001

clint mtime 0x0000000000000125 (mip.MTI <- 0b1, mip.STI <- 0b0)
mem[X,0x0000000080000924] -> 0x9E93
mem[X,0x0000000080000926] -> 0x036E
[586] [M]: 0x0000000080000924 (0x036E9E93) slli x29, x29, 0x36                      inst_61+12
x29 <- 0x0040000000000000

mem[X,0x0000000080000928] -> 0xCE93
mem[X,0x000000008000092A] -> 0xFFFE
[587] [M]: 0x0000000080000928 (0xFFFECE93) xori x29, x29, -0x1                      inst_61+16
x29 <- 0xFFBFFFFFFFFFFFFF

clint mtime 0x0000000000000126 (mip.MTI <- 0b1, mip.STI <- 0b0)
mem[X,0x000000008000092C] -> 0x0F13
mem[X,0x000000008000092E] -> 0x2404
[588] [M]: 0x000000008000092C (0x24040F13) addi x30, x8, 0x240                      inst_61+20
x30 <- 0x00000000800044E8

mem[X,0x0000000080000930] -> 0x2FAF
mem[X,0x0000000080000932] -> 0x61DF
[589] [M]: 0x0000000080000930 (0x61DF2FAF) amoand.w x31, x29, (x30)                 inst_61+24
mem[RW,0x00000000800044E8] -> 0xFFFFFBFF
mem[W,0x00000000800044E8] <- 0xFFFFFBFF
x31 <- 0xFFFFFFFFFFFFFBFF

clint mtime 0x0000000000000127 (mip.MTI <- 0b1, mip.STI <- 0b0)
mem[X,0x0000000080000934] -> 0x3423
mem[X,0x0000000080000936] -> 0x25F4
[590] [M]: 0x0000000080000934 (0x25F43423) sd x31, 0x248(x8)                        inst_61+28
mem[W,0x00000000800044F0] <- 0xFFFFFFFFFFFFFBFF

mem[X,0x0000000080000938] -> 0x0E93
mem[X,0x000000008000093A] -> 0xBFF0
[591] [M]: 0x0000000080000938 (0xBFF00E93) addi x29, x0, -0x401                     inst_62+0
x29 <- 0xFFFFFFFFFFFFFBFF

clint mtime 0x0000000000000128 (mip.MTI <- 0b1, mip.STI <- 0b0)
mem[X,0x000000008000093C] -> 0x3823
mem[X,0x000000008000093E] -> 0x25D4
[592] [M]: 0x000000008000093C (0x25D43823) sd x29, 0x250(x8)                        inst_62+4
mem[W,0x00000000800044F8] <- 0xFFFFFFFFFFFFFBFF

mem[X,0x0000000080000940] -> 0x0E93
mem[X,0x0000000080000942] -> 0x0010
[593] [M]: 0x0000000080000940 (0x00100E93) addi x29, x0, 0x1                        inst_62+8
x29 <- 0x0000000000000001

clint mtime 0x0000000000000129 (mip.MTI <- 0b1, mip.STI <- 0b0)
mem[X,0x0000000080000944] -> 0x9E93
mem[X,0x0000000080000946] -> 0x037E
[594] [M]: 0x0000000080000944 (0x037E9E93) slli x29, x29, 0x37                      inst_62+12
x29 <- 0x0080000000000000

mem[X,0x0000000080000948] -> 0xCE93
mem[X,0x000000008000094A] -> 0xFFFE
[595] [M]: 0x0000000080000948 (0xFFFECE93) xori x29, x29, -0x1                      inst_62+16
x29 <- 0xFF7FFFFFFFFFFFFF

clint mtime 0x000000000000012A (mip.MTI <- 0b1, mip.STI <- 0b0)
mem[X,0x000000008000094C] -> 0x0F13
mem[X,0x000000008000094E] -> 0x2504
[596] [M]: 0x000000008000094C (0x25040F13) addi x30, x8, 0x250                      inst_62+20
x30 <- 0x00000000800044F8

mem[X,0x0000000080000950] -> 0x2FAF
mem[X,0x0000000080000952] -> 0x61DF
[597] [M]: 0x0000000080000950 (0x61DF2FAF) amoand.w x31, x29, (x30)                 inst_62+24
mem[RW,0x00000000800044F8] -> 0xFFFFFBFF
mem[W,0x00000000800044F8] <- 0xFFFFFBFF
x31 <- 0xFFFFFFFFFFFFFBFF

clint mtime 0x000000000000012B (mip.MTI <- 0b1, mip.STI <- 0b0)
mem[X,0x0000000080000954] -> 0x3C23
mem[X,0x0000000080000956] -> 0x25F4
[598] [M]: 0x0000000080000954 (0x25F43C23) sd x31, 0x258(x8)                        inst_62+28
mem[W,0x0000000080004500] <- 0xFFFFFFFFFFFFFBFF

mem[X,0x0000000080000958] -> 0x0E93
mem[X,0x000000008000095A] -> 0xBFF0
[599] [M]: 0x0000000080000958 (0xBFF00E93) addi x29, x0, -0x401                     inst_63+0
x29 <- 0xFFFFFFFFFFFFFBFF

clint mtime 0x000000000000012C (mip.MTI <- 0b1, mip.STI <- 0b0)
mem[X,0x000000008000095C] -> 0x3023
mem[X,0x000000008000095E] -> 0x27D4
[600] [M]: 0x000000008000095C (0x27D43023) sd x29, 0x260(x8)                        inst_63+4
mem[W,0x0000000080004508] <- 0xFFFFFFFFFFFFFBFF

mem[X,0x0000000080000960] -> 0x0E93
mem[X,0x0000000080000962] -> 0x0010
[601] [M]: 0x0000000080000960 (0x00100E93) addi x29, x0, 0x1                        inst_63+8
x29 <- 0x0000000000000001

clint mtime 0x000000000000012D (mip.MTI <- 0b1, mip.STI <- 0b0)
mem[X,0x0000000080000964] -> 0x9E93
mem[X,0x0000000080000966] -> 0x038E
[602] [M]: 0x0000000080000964 (0x038E9E93) slli x29, x29, 0x38                      inst_63+12
x29 <- 0x0100000000000000

mem[X,0x0000000080000968] -> 0xCE93
mem[X,0x000000008000096A] -> 0xFFFE
[603] [M]: 0x0000000080000968 (0xFFFECE93) xori x29, x29, -0x1                      inst_63+16
x29 <- 0xFEFFFFFFFFFFFFFF

clint mtime 0x000000000000012E (mip.MTI <- 0b1, mip.STI <- 0b0)
mem[X,0x000000008000096C] -> 0x0F13
mem[X,0x000000008000096E] -> 0x2604
[604] [M]: 0x000000008000096C (0x26040F13) addi x30, x8, 0x260                      inst_63+20
x30 <- 0x0000000080004508

mem[X,0x0000000080000970] -> 0x2FAF
mem[X,0x0000000080000972] -> 0x61DF
[605] [M]: 0x0000000080000970 (0x61DF2FAF) amoand.w x31, x29, (x30)                 inst_63+24
mem[RW,0x0000000080004508] -> 0xFFFFFBFF
mem[W,0x0000000080004508] <- 0xFFFFFBFF
x31 <- 0xFFFFFFFFFFFFFBFF

clint mtime 0x000000000000012F (mip.MTI <- 0b1, mip.STI <- 0b0)
mem[X,0x0000000080000974] -> 0x3423
mem[X,0x0000000080000976] -> 0x27F4
[606] [M]: 0x0000000080000974 (0x27F43423) sd x31, 0x268(x8)                        inst_63+28
mem[W,0x0000000080004510] <- 0xFFFFFFFFFFFFFBFF

mem[X,0x0000000080000978] -> 0x0E93
mem[X,0x000000008000097A] -> 0xBFF0
[607] [M]: 0x0000000080000978 (0xBFF00E93) addi x29, x0, -0x401                     inst_64+0
x29 <- 0xFFFFFFFFFFFFFBFF

clint mtime 0x0000000000000130 (mip.MTI <- 0b1, mip.STI <- 0b0)
mem[X,0x000000008000097C] -> 0x3823
mem[X,0x000000008000097E] -> 0x27D4
[608] [M]: 0x000000008000097C (0x27D43823) sd x29, 0x270(x8)                        inst_64+4
mem[W,0x0000000080004518] <- 0xFFFFFFFFFFFFFBFF

mem[X,0x0000000080000980] -> 0x0E93
mem[X,0x0000000080000982] -> 0x0010
[609] [M]: 0x0000000080000980 (0x00100E93) addi x29, x0, 0x1                        inst_64+8
x29 <- 0x0000000000000001

clint mtime 0x0000000000000131 (mip.MTI <- 0b1, mip.STI <- 0b0)
mem[X,0x0000000080000984] -> 0x9E93
mem[X,0x0000000080000986] -> 0x039E
[610] [M]: 0x0000000080000984 (0x039E9E93) slli x29, x29, 0x39                      inst_64+12
x29 <- 0x0200000000000000

mem[X,0x0000000080000988] -> 0xCE93
mem[X,0x000000008000098A] -> 0xFFFE
[611] [M]: 0x0000000080000988 (0xFFFECE93) xori x29, x29, -0x1                      inst_64+16
x29 <- 0xFDFFFFFFFFFFFFFF

clint mtime 0x0000000000000132 (mip.MTI <- 0b1, mip.STI <- 0b0)
mem[X,0x000000008000098C] -> 0x0F13
mem[X,0x000000008000098E] -> 0x2704
[612] [M]: 0x000000008000098C (0x27040F13) addi x30, x8, 0x270                      inst_64+20
x30 <- 0x0000000080004518

mem[X,0x0000000080000990] -> 0x2FAF
mem[X,0x0000000080000992] -> 0x61DF
[613] [M]: 0x0000000080000990 (0x61DF2FAF) amoand.w x31, x29, (x30)                 inst_64+24
mem[RW,0x0000000080004518] -> 0xFFFFFBFF
mem[W,0x0000000080004518] <- 0xFFFFFBFF
x31 <- 0xFFFFFFFFFFFFFBFF

clint mtime 0x0000000000000133 (mip.MTI <- 0b1, mip.STI <- 0b0)
mem[X,0x0000000080000994] -> 0x3C23
mem[X,0x0000000080000996] -> 0x27F4
[614] [M]: 0x0000000080000994 (0x27F43C23) sd x31, 0x278(x8)                        inst_64+28
mem[W,0x0000000080004520] <- 0xFFFFFFFFFFFFFBFF

mem[X,0x0000000080000998] -> 0x0E93
mem[X,0x000000008000099A] -> 0xBFF0
[615] [M]: 0x0000000080000998 (0xBFF00E93) addi x29, x0, -0x401                     inst_65+0
x29 <- 0xFFFFFFFFFFFFFBFF

clint mtime 0x0000000000000134 (mip.MTI <- 0b1, mip.STI <- 0b0)
mem[X,0x000000008000099C] -> 0x3023
mem[X,0x000000008000099E] -> 0x29D4
[616] [M]: 0x000000008000099C (0x29D43023) sd x29, 0x280(x8)                        inst_65+4
mem[W,0x0000000080004528] <- 0xFFFFFFFFFFFFFBFF

mem[X,0x00000000800009A0] -> 0x0E93
mem[X,0x00000000800009A2] -> 0x0010
[617] [M]: 0x00000000800009A0 (0x00100E93) addi x29, x0, 0x1                        inst_65+8
x29 <- 0x0000000000000001

clint mtime 0x0000000000000135 (mip.MTI <- 0b1, mip.STI <- 0b0)
mem[X,0x00000000800009A4] -> 0x9E93
mem[X,0x00000000800009A6] -> 0x03AE
[618] [M]: 0x00000000800009A4 (0x03AE9E93) slli x29, x29, 0x3a                      inst_65+12
x29 <- 0x0400000000000000

mem[X,0x00000000800009A8] -> 0xCE93
mem[X,0x00000000800009AA] -> 0xFFFE
[619] [M]: 0x00000000800009A8 (0xFFFECE93) xori x29, x29, -0x1                      inst_65+16
x29 <- 0xFBFFFFFFFFFFFFFF

clint mtime 0x0000000000000136 (mip.MTI <- 0b1, mip.STI <- 0b0)
mem[X,0x00000000800009AC] -> 0x0F13
mem[X,0x00000000800009AE] -> 0x2804
[620] [M]: 0x00000000800009AC (0x28040F13) addi x30, x8, 0x280                      inst_65+20
x30 <- 0x0000000080004528

mem[X,0x00000000800009B0] -> 0x2FAF
mem[X,0x00000000800009B2] -> 0x61DF
[621] [M]: 0x00000000800009B0 (0x61DF2FAF) amoand.w x31, x29, (x30)                 inst_65+24
mem[RW,0x0000000080004528] -> 0xFFFFFBFF
mem[W,0x0000000080004528] <- 0xFFFFFBFF
x31 <- 0xFFFFFFFFFFFFFBFF

clint mtime 0x0000000000000137 (mip.MTI <- 0b1, mip.STI <- 0b0)
mem[X,0x00000000800009B4] -> 0x3423
mem[X,0x00000000800009B6] -> 0x29F4
[622] [M]: 0x00000000800009B4 (0x29F43423) sd x31, 0x288(x8)                        inst_65+28
mem[W,0x0000000080004530] <- 0xFFFFFFFFFFFFFBFF

mem[X,0x00000000800009B8] -> 0x0E93
mem[X,0x00000000800009BA] -> 0xBFF0
[623] [M]: 0x00000000800009B8 (0xBFF00E93) addi x29, x0, -0x401                     inst_66+0
x29 <- 0xFFFFFFFFFFFFFBFF

clint mtime 0x0000000000000138 (mip.MTI <- 0b1, mip.STI <- 0b0)
mem[X,0x00000000800009BC] -> 0x3823
mem[X,0x00000000800009BE] -> 0x29D4
[624] [M]: 0x00000000800009BC (0x29D43823) sd x29, 0x290(x8)                        inst_66+4
mem[W,0x0000000080004538] <- 0xFFFFFFFFFFFFFBFF

mem[X,0x00000000800009C0] -> 0x0E93
mem[X,0x00000000800009C2] -> 0x0010
[625] [M]: 0x00000000800009C0 (0x00100E93) addi x29, x0, 0x1                        inst_66+8
x29 <- 0x0000000000000001

clint mtime 0x0000000000000139 (mip.MTI <- 0b1, mip.STI <- 0b0)
mem[X,0x00000000800009C4] -> 0x9E93
mem[X,0x00000000800009C6] -> 0x03BE
[626] [M]: 0x00000000800009C4 (0x03BE9E93) slli x29, x29, 0x3b                      inst_66+12
x29 <- 0x0800000000000000

mem[X,0x00000000800009C8] -> 0xCE93
mem[X,0x00000000800009CA] -> 0xFFFE
[627] [M]: 0x00000000800009C8 (0xFFFECE93) xori x29, x29, -0x1                      inst_66+16
x29 <- 0xF7FFFFFFFFFFFFFF

clint mtime 0x000000000000013A (mip.MTI <- 0b1, mip.STI <- 0b0)
mem[X,0x00000000800009CC] -> 0x0F13
mem[X,0x00000000800009CE] -> 0x2904
[628] [M]: 0x00000000800009CC (0x29040F13) addi x30, x8, 0x290                      inst_66+20
x30 <- 0x0000000080004538

mem[X,0x00000000800009D0] -> 0x2FAF
mem[X,0x00000000800009D2] -> 0x61DF
[629] [M]: 0x00000000800009D0 (0x61DF2FAF) amoand.w x31, x29, (x30)                 inst_66+24
mem[RW,0x0000000080004538] -> 0xFFFFFBFF
mem[W,0x0000000080004538] <- 0xFFFFFBFF
x31 <- 0xFFFFFFFFFFFFFBFF

clint mtime 0x000000000000013B (mip.MTI <- 0b1, mip.STI <- 0b0)
mem[X,0x00000000800009D4] -> 0x3C23
mem[X,0x00000000800009D6] -> 0x29F4
[630] [M]: 0x00000000800009D4 (0x29F43C23) sd x31, 0x298(x8)                        inst_66+28
mem[W,0x0000000080004540] <- 0xFFFFFFFFFFFFFBFF

mem[X,0x00000000800009D8] -> 0x0E93
mem[X,0x00000000800009DA] -> 0xBFF0
[631] [M]: 0x00000000800009D8 (0xBFF00E93) addi x29, x0, -0x401                     inst_67+0
x29 <- 0xFFFFFFFFFFFFFBFF

clint mtime 0x000000000000013C (mip.MTI <- 0b1, mip.STI <- 0b0)
mem[X,0x00000000800009DC] -> 0x3023
mem[X,0x00000000800009DE] -> 0x2BD4
[632] [M]: 0x00000000800009DC (0x2BD43023) sd x29, 0x2a0(x8)                        inst_67+4
mem[W,0x0000000080004548] <- 0xFFFFFFFFFFFFFBFF

mem[X,0x00000000800009E0] -> 0x0E93
mem[X,0x00000000800009E2] -> 0x0010
[633] [M]: 0x00000000800009E0 (0x00100E93) addi x29, x0, 0x1                        inst_67+8
x29 <- 0x0000000000000001

clint mtime 0x000000000000013D (mip.MTI <- 0b1, mip.STI <- 0b0)
mem[X,0x00000000800009E4] -> 0x9E93
mem[X,0x00000000800009E6] -> 0x03CE
[634] [M]: 0x00000000800009E4 (0x03CE9E93) slli x29, x29, 0x3c                      inst_67+12
x29 <- 0x1000000000000000

mem[X,0x00000000800009E8] -> 0xCE93
mem[X,0x00000000800009EA] -> 0xFFFE
[635] [M]: 0x00000000800009E8 (0xFFFECE93) xori x29, x29, -0x1                      inst_67+16
x29 <- 0xEFFFFFFFFFFFFFFF

clint mtime 0x000000000000013E (mip.MTI <- 0b1, mip.STI <- 0b0)
mem[X,0x00000000800009EC] -> 0x0F13
mem[X,0x00000000800009EE] -> 0x2A04
[636] [M]: 0x00000000800009EC (0x2A040F13) addi x30, x8, 0x2a0                      inst_67+20
x30 <- 0x0000000080004548

mem[X,0x00000000800009F0] -> 0x2FAF
mem[X,0x00000000800009F2] -> 0x61DF
[637] [M]: 0x00000000800009F0 (0x61DF2FAF) amoand.w x31, x29, (x30)                 inst_67+24
mem[RW,0x0000000080004548] -> 0xFFFFFBFF
mem[W,0x0000000080004548] <- 0xFFFFFBFF
x31 <- 0xFFFFFFFFFFFFFBFF

clint mtime 0x000000000000013F (mip.MTI <- 0b1, mip.STI <- 0b0)
mem[X,0x00000000800009F4] -> 0x3423
mem[X,0x00000000800009F6] -> 0x2BF4
[638] [M]: 0x00000000800009F4 (0x2BF43423) sd x31, 0x2a8(x8)                        inst_67+28
mem[W,0x0000000080004550] <- 0xFFFFFFFFFFFFFBFF

mem[X,0x00000000800009F8] -> 0x0E93
mem[X,0x00000000800009FA] -> 0xBFF0
[639] [M]: 0x00000000800009F8 (0xBFF00E93) addi x29, x0, -0x401                     inst_68+0
x29 <- 0xFFFFFFFFFFFFFBFF

clint mtime 0x0000000000000140 (mip.MTI <- 0b1, mip.STI <- 0b0)
mem[X,0x00000000800009FC] -> 0x3823
mem[X,0x00000000800009FE] -> 0x2BD4
[640] [M]: 0x00000000800009FC (0x2BD43823) sd x29, 0x2b0(x8)                        inst_68+4
mem[W,0x0000000080004558] <- 0xFFFFFFFFFFFFFBFF

mem[X,0x0000000080000A00] -> 0x0E93
mem[X,0x0000000080000A02] -> 0x0010
[641] [M]: 0x0000000080000A00 (0x00100E93) addi x29, x0, 0x1                        inst_68+8
x29 <- 0x0000000000000001

clint mtime 0x0000000000000141 (mip.MTI <- 0b1, mip.STI <- 0b0)
mem[X,0x0000000080000A04] -> 0x9E93
mem[X,0x0000000080000A06] -> 0x03BE
[642] [M]: 0x0000000080000A04 (0x03BE9E93) slli x29, x29, 0x3b                      inst_68+12
x29 <- 0x0800000000000000

mem[X,0x0000000080000A08] -> 0x0F13
mem[X,0x0000000080000A0A] -> 0x2B04
[643] [M]: 0x0000000080000A08 (0x2B040F13) addi x30, x8, 0x2b0                      inst_68+16
x30 <- 0x0000000080004558

clint mtime 0x0000000000000142 (mip.MTI <- 0b1, mip.STI <- 0b0)
mem[X,0x0000000080000A0C] -> 0x2FAF
mem[X,0x0000000080000A0E] -> 0x61DF
[644] [M]: 0x0000000080000A0C (0x61DF2FAF) amoand.w x31, x29, (x30)                 inst_68+20
mem[RW,0x0000000080004558] -> 0xFFFFFBFF
mem[W,0x0000000080004558] <- 0x00000000
x31 <- 0xFFFFFFFFFFFFFBFF

mem[X,0x0000000080000A10] -> 0x3C23
mem[X,0x0000000080000A12] -> 0x2BF4
[645] [M]: 0x0000000080000A10 (0x2BF43C23) sd x31, 0x2b8(x8)                        inst_68+24
mem[W,0x0000000080004560] <- 0xFFFFFFFFFFFFFBFF

clint mtime 0x0000000000000143 (mip.MTI <- 0b1, mip.STI <- 0b0)
mem[X,0x0000000080000A14] -> 0x0E93
mem[X,0x0000000080000A16] -> 0xBFF0
[646] [M]: 0x0000000080000A14 (0xBFF00E93) addi x29, x0, -0x401                     inst_69+0
x29 <- 0xFFFFFFFFFFFFFBFF

mem[X,0x0000000080000A18] -> 0x3023
mem[X,0x0000000080000A1A] -> 0x2DD4
[647] [M]: 0x0000000080000A18 (0x2DD43023) sd x29, 0x2c0(x8)                        inst_69+4
mem[W,0x0000000080004568] <- 0xFFFFFFFFFFFFFBFF

clint mtime 0x0000000000000144 (mip.MTI <- 0b1, mip.STI <- 0b0)
mem[X,0x0000000080000A1C] -> 0x0E93
mem[X,0x0000000080000A1E] -> 0x0010
[648] [M]: 0x0000000080000A1C (0x00100E93) addi x29, x0, 0x1                        inst_69+8
x29 <- 0x0000000000000001

mem[X,0x0000000080000A20] -> 0x9E93
mem[X,0x0000000080000A22] -> 0x03CE
[649] [M]: 0x0000000080000A20 (0x03CE9E93) slli x29, x29, 0x3c                      inst_69+12
x29 <- 0x1000000000000000

clint mtime 0x0000000000000145 (mip.MTI <- 0b1, mip.STI <- 0b0)
mem[X,0x0000000080000A24] -> 0x0F13
mem[X,0x0000000080000A26] -> 0x2C04
[650] [M]: 0x0000000080000A24 (0x2C040F13) addi x30, x8, 0x2c0                      inst_69+16
x30 <- 0x0000000080004568

mem[X,0x0000000080000A28] -> 0x2FAF
mem[X,0x0000000080000A2A] -> 0x61DF
[651] [M]: 0x0000000080000A28 (0x61DF2FAF) amoand.w x31, x29, (x30)                 inst_69+20
mem[RW,0x0000000080004568] -> 0xFFFFFBFF
mem[W,0x0000000080004568] <- 0x00000000
x31 <- 0xFFFFFFFFFFFFFBFF

clint mtime 0x0000000000000146 (mip.MTI <- 0b1, mip.STI <- 0b0)
mem[X,0x0000000080000A2C] -> 0x3423
mem[X,0x0000000080000A2E] -> 0x2DF4
[652] [M]: 0x0000000080000A2C (0x2DF43423) sd x31, 0x2c8(x8)                        inst_69+24
mem[W,0x0000000080004570] <- 0xFFFFFFFFFFFFFBFF

mem[X,0x0000000080000A30] -> 0x0E93
mem[X,0x0000000080000A32] -> 0xBFF0
[653] [M]: 0x0000000080000A30 (0xBFF00E93) addi x29, x0, -0x401                     inst_70+0
x29 <- 0xFFFFFFFFFFFFFBFF

clint mtime 0x0000000000000147 (mip.MTI <- 0b1, mip.STI <- 0b0)
mem[X,0x0000000080000A34] -> 0x3823
mem[X,0x0000000080000A36] -> 0x2DD4
[654] [M]: 0x0000000080000A34 (0x2DD43823) sd x29, 0x2d0(x8)                        inst_70+4
mem[W,0x0000000080004578] <- 0xFFFFFFFFFFFFFBFF

mem[X,0x0000000080000A38] -> 0x0E93
mem[X,0x0000000080000A3A] -> 0x0010
[655] [M]: 0x0000000080000A38 (0x00100E93) addi x29, x0, 0x1                        inst_70+8
x29 <- 0x0000000000000001

clint mtime 0x0000000000000148 (mip.MTI <- 0b1, mip.STI <- 0b0)
mem[X,0x0000000080000A3C] -> 0x9E93
mem[X,0x0000000080000A3E] -> 0x03DE
[656] [M]: 0x0000000080000A3C (0x03DE9E93) slli x29, x29, 0x3d                      inst_70+12
x29 <- 0x2000000000000000

mem[X,0x0000000080000A40] -> 0x0F13
mem[X,0x0000000080000A42] -> 0x2D04
[657] [M]: 0x0000000080000A40 (0x2D040F13) addi x30, x8, 0x2d0                      inst_70+16
x30 <- 0x0000000080004578

clint mtime 0x0000000000000149 (mip.MTI <- 0b1, mip.STI <- 0b0)
mem[X,0x0000000080000A44] -> 0x2FAF
mem[X,0x0000000080000A46] -> 0x61DF
[658] [M]: 0x0000000080000A44 (0x61DF2FAF) amoand.w x31, x29, (x30)                 inst_70+20
mem[RW,0x0000000080004578] -> 0xFFFFFBFF
mem[W,0x0000000080004578] <- 0x00000000
x31 <- 0xFFFFFFFFFFFFFBFF

mem[X,0x0000000080000A48] -> 0x3C23
mem[X,0x0000000080000A4A] -> 0x2DF4
[659] [M]: 0x0000000080000A48 (0x2DF43C23) sd x31, 0x2d8(x8)                        inst_70+24
mem[W,0x0000000080004580] <- 0xFFFFFFFFFFFFFBFF

clint mtime 0x000000000000014A (mip.MTI <- 0b1, mip.STI <- 0b0)
mem[X,0x0000000080000A4C] -> 0x0E93
mem[X,0x0000000080000A4E] -> 0xBFF0
[660] [M]: 0x0000000080000A4C (0xBFF00E93) addi x29, x0, -0x401                     inst_71+0
x29 <- 0xFFFFFFFFFFFFFBFF

mem[X,0x0000000080000A50] -> 0x3023
mem[X,0x0000000080000A52] -> 0x2FD4
[661] [M]: 0x0000000080000A50 (0x2FD43023) sd x29, 0x2e0(x8)                        inst_71+4
mem[W,0x0000000080004588] <- 0xFFFFFFFFFFFFFBFF

clint mtime 0x000000000000014B (mip.MTI <- 0b1, mip.STI <- 0b0)
mem[X,0x0000000080000A54] -> 0x0E93
mem[X,0x0000000080000A56] -> 0x0010
[662] [M]: 0x0000000080000A54 (0x00100E93) addi x29, x0, 0x1                        inst_71+8
x29 <- 0x0000000000000001

mem[X,0x0000000080000A58] -> 0x9E93
mem[X,0x0000000080000A5A] -> 0x03EE
[663] [M]: 0x0000000080000A58 (0x03EE9E93) slli x29, x29, 0x3e                      inst_71+12
x29 <- 0x4000000000000000

clint mtime 0x000000000000014C (mip.MTI <- 0b1, mip.STI <- 0b0)
mem[X,0x0000000080000A5C] -> 0x0F13
mem[X,0x0000000080000A5E] -> 0x2E04
[664] [M]: 0x0000000080000A5C (0x2E040F13) addi x30, x8, 0x2e0                      inst_71+16
x30 <- 0x0000000080004588

mem[X,0x0000000080000A60] -> 0x2FAF
mem[X,0x0000000080000A62] -> 0x61DF
[665] [M]: 0x0000000080000A60 (0x61DF2FAF) amoand.w x31, x29, (x30)                 inst_71+20
mem[RW,0x0000000080004588] -> 0xFFFFFBFF
mem[W,0x0000000080004588] <- 0x00000000
x31 <- 0xFFFFFFFFFFFFFBFF

clint mtime 0x000000000000014D (mip.MTI <- 0b1, mip.STI <- 0b0)
mem[X,0x0000000080000A64] -> 0x3423
mem[X,0x0000000080000A66] -> 0x2FF4
[666] [M]: 0x0000000080000A64 (0x2FF43423) sd x31, 0x2e8(x8)                        inst_71+24
mem[W,0x0000000080004590] <- 0xFFFFFFFFFFFFFBFF

mem[X,0x0000000080000A68] -> 0x0E93
mem[X,0x0000000080000A6A] -> 0xBFF0
[667] [M]: 0x0000000080000A68 (0xBFF00E93) addi x29, x0, -0x401                     inst_72+0
x29 <- 0xFFFFFFFFFFFFFBFF

clint mtime 0x000000000000014E (mip.MTI <- 0b1, mip.STI <- 0b0)
mem[X,0x0000000080000A6C] -> 0x3823
mem[X,0x0000000080000A6E] -> 0x2FD4
[668] [M]: 0x0000000080000A6C (0x2FD43823) sd x29, 0x2f0(x8)                        inst_72+4
mem[W,0x0000000080004598] <- 0xFFFFFFFFFFFFFBFF

mem[X,0x0000000080000A70] -> 0x0E93
mem[X,0x0000000080000A72] -> 0x0010
[669] [M]: 0x0000000080000A70 (0x00100E93) addi x29, x0, 0x1                        inst_72+8
x29 <- 0x0000000000000001

clint mtime 0x000000000000014F (mip.MTI <- 0b1, mip.STI <- 0b0)
mem[X,0x0000000080000A74] -> 0x9E93
mem[X,0x0000000080000A76] -> 0x03DE
[670] [M]: 0x0000000080000A74 (0x03DE9E93) slli x29, x29, 0x3d                      inst_72+12
x29 <- 0x2000000000000000

mem[X,0x0000000080000A78] -> 0xCE93
mem[X,0x0000000080000A7A] -> 0xFFFE
[671] [M]: 0x0000000080000A78 (0xFFFECE93) xori x29, x29, -0x1                      inst_72+16
x29 <- 0xDFFFFFFFFFFFFFFF

clint mtime 0x0000000000000150 (mip.MTI <- 0b1, mip.STI <- 0b0)
mem[X,0x0000000080000A7C] -> 0x0F13
mem[X,0x0000000080000A7E] -> 0x2F04
[672] [M]: 0x0000000080000A7C (0x2F040F13) addi x30, x8, 0x2f0                      inst_72+20
x30 <- 0x0000000080004598

mem[X,0x0000000080000A80] -> 0x2FAF
mem[X,0x0000000080000A82] -> 0x61DF
[673] [M]: 0x0000000080000A80 (0x61DF2FAF) amoand.w x31, x29, (x30)                 inst_72+24
mem[RW,0x0000000080004598] -> 0xFFFFFBFF
mem[W,0x0000000080004598] <- 0xFFFFFBFF
x31 <- 0xFFFFFFFFFFFFFBFF

clint mtime 0x0000000000000151 (mip.MTI <- 0b1, mip.STI <- 0b0)
mem[X,0x0000000080000A84] -> 0x3C23
mem[X,0x0000000080000A86] -> 0x2FF4
[674] [M]: 0x0000000080000A84 (0x2FF43C23) sd x31, 0x2f8(x8)                        inst_72+28
mem[W,0x00000000800045A0] <- 0xFFFFFFFFFFFFFBFF

mem[X,0x0000000080000A88] -> 0x0E93
mem[X,0x0000000080000A8A] -> 0xBFF0
[675] [M]: 0x0000000080000A88 (0xBFF00E93) addi x29, x0, -0x401                     inst_73+0
x29 <- 0xFFFFFFFFFFFFFBFF

clint mtime 0x0000000000000152 (mip.MTI <- 0b1, mip.STI <- 0b0)
mem[X,0x0000000080000A8C] -> 0x3023
mem[X,0x0000000080000A8E] -> 0x31D4
[676] [M]: 0x0000000080000A8C (0x31D43023) sd x29, 0x300(x8)                        inst_73+4
mem[W,0x00000000800045A8] <- 0xFFFFFFFFFFFFFBFF

mem[X,0x0000000080000A90] -> 0x0E93
mem[X,0x0000000080000A92] -> 0x0010
[677] [M]: 0x0000000080000A90 (0x00100E93) addi x29, x0, 0x1                        inst_73+8
x29 <- 0x0000000000000001

clint mtime 0x0000000000000153 (mip.MTI <- 0b1, mip.STI <- 0b0)
mem[X,0x0000000080000A94] -> 0x9E93
mem[X,0x0000000080000A96] -> 0x03EE
[678] [M]: 0x0000000080000A94 (0x03EE9E93) slli x29, x29, 0x3e                      inst_73+12
x29 <- 0x4000000000000000

mem[X,0x0000000080000A98] -> 0xCE93
mem[X,0x0000000080000A9A] -> 0xFFFE
[679] [M]: 0x0000000080000A98 (0xFFFECE93) xori x29, x29, -0x1                      inst_73+16
x29 <- 0xBFFFFFFFFFFFFFFF

clint mtime 0x0000000000000154 (mip.MTI <- 0b1, mip.STI <- 0b0)
mem[X,0x0000000080000A9C] -> 0x0F13
mem[X,0x0000000080000A9E] -> 0x3004
[680] [M]: 0x0000000080000A9C (0x30040F13) addi x30, x8, 0x300                      inst_73+20
x30 <- 0x00000000800045A8

mem[X,0x0000000080000AA0] -> 0x2FAF
mem[X,0x0000000080000AA2] -> 0x61DF
[681] [M]: 0x0000000080000AA0 (0x61DF2FAF) amoand.w x31, x29, (x30)                 inst_73+24
mem[RW,0x00000000800045A8] -> 0xFFFFFBFF
mem[W,0x00000000800045A8] <- 0xFFFFFBFF
x31 <- 0xFFFFFFFFFFFFFBFF

clint mtime 0x0000000000000155 (mip.MTI <- 0b1, mip.STI <- 0b0)
mem[X,0x0000000080000AA4] -> 0x3423
mem[X,0x0000000080000AA6] -> 0x31F4
[682] [M]: 0x0000000080000AA4 (0x31F43423) sd x31, 0x308(x8)                        inst_73+28
mem[W,0x00000000800045B0] <- 0xFFFFFFFFFFFFFBFF

mem[X,0x0000000080000AA8] -> 0x0E93
mem[X,0x0000000080000AAA] -> 0xBFF0
[683] [M]: 0x0000000080000AA8 (0xBFF00E93) addi x29, x0, -0x401                     inst_74+0
x29 <- 0xFFFFFFFFFFFFFBFF

clint mtime 0x0000000000000156 (mip.MTI <- 0b1, mip.STI <- 0b0)
mem[X,0x0000000080000AAC] -> 0x3823
mem[X,0x0000000080000AAE] -> 0x31D4
[684] [M]: 0x0000000080000AAC (0x31D43823) sd x29, 0x310(x8)                        inst_74+4
mem[W,0x00000000800045B8] <- 0xFFFFFFFFFFFFFBFF

mem[X,0x0000000080000AB0] -> 0x0E93
mem[X,0x0000000080000AB2] -> 0x0040
[685] [M]: 0x0000000080000AB0 (0x00400E93) addi x29, x0, 0x4                        inst_74+8
x29 <- 0x0000000000000004

clint mtime 0x0000000000000157 (mip.MTI <- 0b1, mip.STI <- 0b0)
mem[X,0x0000000080000AB4] -> 0x0F13
mem[X,0x0000000080000AB6] -> 0x3104
[686] [M]: 0x0000000080000AB4 (0x31040F13) addi x30, x8, 0x310                      inst_74+12
x30 <- 0x00000000800045B8

mem[X,0x0000000080000AB8] -> 0x2FAF
mem[X,0x0000000080000ABA] -> 0x61DF
[687] [M]: 0x0000000080000AB8 (0x61DF2FAF) amoand.w x31, x29, (x30)                 inst_74+16
mem[RW,0x00000000800045B8] -> 0xFFFFFBFF
mem[W,0x00000000800045B8] <- 0x00000004
x31 <- 0xFFFFFFFFFFFFFBFF

clint mtime 0x0000000000000158 (mip.MTI <- 0b1, mip.STI <- 0b0)
mem[X,0x0000000080000ABC] -> 0x3C23
mem[X,0x0000000080000ABE] -> 0x31F4
[688] [M]: 0x0000000080000ABC (0x31F43C23) sd x31, 0x318(x8)                        inst_74+20
mem[W,0x00000000800045C0] <- 0xFFFFFFFFFFFFFBFF

mem[X,0x0000000080000AC0] -> 0x0E93
mem[X,0x0000000080000AC2] -> 0xBFF0
[689] [M]: 0x0000000080000AC0 (0xBFF00E93) addi x29, x0, -0x401                     inst_75+0
x29 <- 0xFFFFFFFFFFFFFBFF

clint mtime 0x0000000000000159 (mip.MTI <- 0b1, mip.STI <- 0b0)
mem[X,0x0000000080000AC4] -> 0x3023
mem[X,0x0000000080000AC6] -> 0x33D4
[690] [M]: 0x0000000080000AC4 (0x33D43023) sd x29, 0x320(x8)                        inst_75+4
mem[W,0x00000000800045C8] <- 0xFFFFFFFFFFFFFBFF

mem[X,0x0000000080000AC8] -> 0x0E93
mem[X,0x0000000080000ACA] -> 0x0080
[691] [M]: 0x0000000080000AC8 (0x00800E93) addi x29, x0, 0x8                        inst_75+8
x29 <- 0x0000000000000008

clint mtime 0x000000000000015A (mip.MTI <- 0b1, mip.STI <- 0b0)
mem[X,0x0000000080000ACC] -> 0x0F13
mem[X,0x0000000080000ACE] -> 0x3204
[692] [M]: 0x0000000080000ACC (0x32040F13) addi x30, x8, 0x320                      inst_75+12
x30 <- 0x00000000800045C8

mem[X,0x0000000080000AD0] -> 0x2FAF
mem[X,0x0000000080000AD2] -> 0x61DF
[693] [M]: 0x0000000080000AD0 (0x61DF2FAF) amoand.w x31, x29, (x30)                 inst_75+16
mem[RW,0x00000000800045C8] -> 0xFFFFFBFF
mem[W,0x00000000800045C8] <- 0x00000008
x31 <- 0xFFFFFFFFFFFFFBFF

clint mtime 0x000000000000015B (mip.MTI <- 0b1, mip.STI <- 0b0)
mem[X,0x0000000080000AD4] -> 0x3423
mem[X,0x0000000080000AD6] -> 0x33F4
[694] [M]: 0x0000000080000AD4 (0x33F43423) sd x31, 0x328(x8)                        inst_75+20
mem[W,0x00000000800045D0] <- 0xFFFFFFFFFFFFFBFF

mem[X,0x0000000080000AD8] -> 0x0E93
mem[X,0x0000000080000ADA] -> 0xBFF0
[695] [M]: 0x0000000080000AD8 (0xBFF00E93) addi x29, x0, -0x401                     inst_76+0
x29 <- 0xFFFFFFFFFFFFFBFF

clint mtime 0x000000000000015C (mip.MTI <- 0b1, mip.STI <- 0b0)
mem[X,0x0000000080000ADC] -> 0x3823
mem[X,0x0000000080000ADE] -> 0x33D4
[696] [M]: 0x0000000080000ADC (0x33D43823) sd x29, 0x330(x8)                        inst_76+4
mem[W,0x00000000800045D8] <- 0xFFFFFFFFFFFFFBFF

mem[X,0x0000000080000AE0] -> 0x0E93
mem[X,0x0000000080000AE2] -> 0x0100
[697] [M]: 0x0000000080000AE0 (0x01000E93) addi x29, x0, 0x10                       inst_76+8
x29 <- 0x0000000000000010

clint mtime 0x000000000000015D (mip.MTI <- 0b1, mip.STI <- 0b0)
mem[X,0x0000000080000AE4] -> 0x0F13
mem[X,0x0000000080000AE6] -> 0x3304
[698] [M]: 0x0000000080000AE4 (0x33040F13) addi x30, x8, 0x330                      inst_76+12
x30 <- 0x00000000800045D8

mem[X,0x0000000080000AE8] -> 0x2FAF
mem[X,0x0000000080000AEA] -> 0x61DF
[699] [M]: 0x0000000080000AE8 (0x61DF2FAF) amoand.w x31, x29, (x30)                 inst_76+16
mem[RW,0x00000000800045D8] -> 0xFFFFFBFF
mem[W,0x00000000800045D8] <- 0x00000010
x31 <- 0xFFFFFFFFFFFFFBFF

clint mtime 0x000000000000015E (mip.MTI <- 0b1, mip.STI <- 0b0)
mem[X,0x0000000080000AEC] -> 0x3C23
mem[X,0x0000000080000AEE] -> 0x33F4
[700] [M]: 0x0000000080000AEC (0x33F43C23) sd x31, 0x338(x8)                        inst_76+20
mem[W,0x00000000800045E0] <- 0xFFFFFFFFFFFFFBFF

mem[X,0x0000000080000AF0] -> 0x0E93
mem[X,0x0000000080000AF2] -> 0xBFF0
[701] [M]: 0x0000000080000AF0 (0xBFF00E93) addi x29, x0, -0x401                     inst_77+0
x29 <- 0xFFFFFFFFFFFFFBFF

clint mtime 0x000000000000015F (mip.MTI <- 0b1, mip.STI <- 0b0)
mem[X,0x0000000080000AF4] -> 0x3023
mem[X,0x0000000080000AF6] -> 0x35D4
[702] [M]: 0x0000000080000AF4 (0x35D43023) sd x29, 0x340(x8)                        inst_77+4
mem[W,0x00000000800045E8] <- 0xFFFFFFFFFFFFFBFF

mem[X,0x0000000080000AF8] -> 0x0E93
mem[X,0x0000000080000AFA] -> 0x0200
[703] [M]: 0x0000000080000AF8 (0x02000E93) addi x29, x0, 0x20                       inst_77+8
x29 <- 0x0000000000000020

clint mtime 0x0000000000000160 (mip.MTI <- 0b1, mip.STI <- 0b0)
mem[X,0x0000000080000AFC] -> 0x0F13
mem[X,0x0000000080000AFE] -> 0x3404
[704] [M]: 0x0000000080000AFC (0x34040F13) addi x30, x8, 0x340                      inst_77+12
x30 <- 0x00000000800045E8

mem[X,0x0000000080000B00] -> 0x2FAF
mem[X,0x0000000080000B02] -> 0x61DF
[705] [M]: 0x0000000080000B00 (0x61DF2FAF) amoand.w x31, x29, (x30)                 inst_77+16
mem[RW,0x00000000800045E8] -> 0xFFFFFBFF
mem[W,0x00000000800045E8] <- 0x00000020
x31 <- 0xFFFFFFFFFFFFFBFF

clint mtime 0x0000000000000161 (mip.MTI <- 0b1, mip.STI <- 0b0)
mem[X,0x0000000080000B04] -> 0x3423
mem[X,0x0000000080000B06] -> 0x35F4
[706] [M]: 0x0000000080000B04 (0x35F43423) sd x31, 0x348(x8)                        inst_77+20
mem[W,0x00000000800045F0] <- 0xFFFFFFFFFFFFFBFF

mem[X,0x0000000080000B08] -> 0x0E93
mem[X,0x0000000080000B0A] -> 0xBFF0
[707] [M]: 0x0000000080000B08 (0xBFF00E93) addi x29, x0, -0x401                     inst_78+0
x29 <- 0xFFFFFFFFFFFFFBFF

clint mtime 0x0000000000000162 (mip.MTI <- 0b1, mip.STI <- 0b0)
mem[X,0x0000000080000B0C] -> 0x3823
mem[X,0x0000000080000B0E] -> 0x35D4
[708] [M]: 0x0000000080000B0C (0x35D43823) sd x29, 0x350(x8)                        inst_78+4
mem[W,0x00000000800045F8] <- 0xFFFFFFFFFFFFFBFF

mem[X,0x0000000080000B10] -> 0x0E93
mem[X,0x0000000080000B12] -> 0x0400
[709] [M]: 0x0000000080000B10 (0x04000E93) addi x29, x0, 0x40                       inst_78+8
x29 <- 0x0000000000000040

clint mtime 0x0000000000000163 (mip.MTI <- 0b1, mip.STI <- 0b0)
mem[X,0x0000000080000B14] -> 0x0F13
mem[X,0x0000000080000B16] -> 0x3504
[710] [M]: 0x0000000080000B14 (0x35040F13) addi x30, x8, 0x350                      inst_78+12
x30 <- 0x00000000800045F8

mem[X,0x0000000080000B18] -> 0x2FAF
mem[X,0x0000000080000B1A] -> 0x61DF
[711] [M]: 0x0000000080000B18 (0x61DF2FAF) amoand.w x31, x29, (x30)                 inst_78+16
mem[RW,0x00000000800045F8] -> 0xFFFFFBFF
mem[W,0x00000000800045F8] <- 0x00000040
x31 <- 0xFFFFFFFFFFFFFBFF

clint mtime 0x0000000000000164 (mip.MTI <- 0b1, mip.STI <- 0b0)
mem[X,0x0000000080000B1C] -> 0x3C23
mem[X,0x0000000080000B1E] -> 0x35F4
[712] [M]: 0x0000000080000B1C (0x35F43C23) sd x31, 0x358(x8)                        inst_78+20
mem[W,0x0000000080004600] <- 0xFFFFFFFFFFFFFBFF

mem[X,0x0000000080000B20] -> 0x0E93
mem[X,0x0000000080000B22] -> 0xBFF0
[713] [M]: 0x0000000080000B20 (0xBFF00E93) addi x29, x0, -0x401                     inst_79+0
x29 <- 0xFFFFFFFFFFFFFBFF

clint mtime 0x0000000000000165 (mip.MTI <- 0b1, mip.STI <- 0b0)
mem[X,0x0000000080000B24] -> 0x3023
mem[X,0x0000000080000B26] -> 0x37D4
[714] [M]: 0x0000000080000B24 (0x37D43023) sd x29, 0x360(x8)                        inst_79+4
mem[W,0x0000000080004608] <- 0xFFFFFFFFFFFFFBFF

mem[X,0x0000000080000B28] -> 0x0E93
mem[X,0x0000000080000B2A] -> 0x0800
[715] [M]: 0x0000000080000B28 (0x08000E93) addi x29, x0, 0x80                       inst_79+8
x29 <- 0x0000000000000080

clint mtime 0x0000000000000166 (mip.MTI <- 0b1, mip.STI <- 0b0)
mem[X,0x0000000080000B2C] -> 0x0F13
mem[X,0x0000000080000B2E] -> 0x3604
[716] [M]: 0x0000000080000B2C (0x36040F13) addi x30, x8, 0x360                      inst_79+12
x30 <- 0x0000000080004608

mem[X,0x0000000080000B30] -> 0x2FAF
mem[X,0x0000000080000B32] -> 0x61DF
[717] [M]: 0x0000000080000B30 (0x61DF2FAF) amoand.w x31, x29, (x30)                 inst_79+16
mem[RW,0x0000000080004608] -> 0xFFFFFBFF
mem[W,0x0000000080004608] <- 0x00000080
x31 <- 0xFFFFFFFFFFFFFBFF

clint mtime 0x0000000000000167 (mip.MTI <- 0b1, mip.STI <- 0b0)
mem[X,0x0000000080000B34] -> 0x3423
mem[X,0x0000000080000B36] -> 0x37F4
[718] [M]: 0x0000000080000B34 (0x37F43423) sd x31, 0x368(x8)                        inst_79+20
mem[W,0x0000000080004610] <- 0xFFFFFFFFFFFFFBFF

mem[X,0x0000000080000B38] -> 0x0E93
mem[X,0x0000000080000B3A] -> 0xBFF0
[719] [M]: 0x0000000080000B38 (0xBFF00E93) addi x29, x0, -0x401                     inst_80+0
x29 <- 0xFFFFFFFFFFFFFBFF

clint mtime 0x0000000000000168 (mip.MTI <- 0b1, mip.STI <- 0b0)
mem[X,0x0000000080000B3C] -> 0x3823
mem[X,0x0000000080000B3E] -> 0x37D4
[720] [M]: 0x0000000080000B3C (0x37D43823) sd x29, 0x370(x8)                        inst_80+4
mem[W,0x0000000080004618] <- 0xFFFFFFFFFFFFFBFF

mem[X,0x0000000080000B40] -> 0x0E93
mem[X,0x0000000080000B42] -> 0x1000
[721] [M]: 0x0000000080000B40 (0x10000E93) addi x29, x0, 0x100                      inst_80+8
x29 <- 0x0000000000000100

clint mtime 0x0000000000000169 (mip.MTI <- 0b1, mip.STI <- 0b0)
mem[X,0x0000000080000B44] -> 0x0F13
mem[X,0x0000000080000B46] -> 0x3704
[722] [M]: 0x0000000080000B44 (0x37040F13) addi x30, x8, 0x370                      inst_80+12
x30 <- 0x0000000080004618

mem[X,0x0000000080000B48] -> 0x2FAF
mem[X,0x0000000080000B4A] -> 0x61DF
[723] [M]: 0x0000000080000B48 (0x61DF2FAF) amoand.w x31, x29, (x30)                 inst_80+16
mem[RW,0x0000000080004618] -> 0xFFFFFBFF
mem[W,0x0000000080004618] <- 0x00000100
x31 <- 0xFFFFFFFFFFFFFBFF

clint mtime 0x000000000000016A (mip.MTI <- 0b1, mip.STI <- 0b0)
mem[X,0x0000000080000B4C] -> 0x3C23
mem[X,0x0000000080000B4E] -> 0x37F4
[724] [M]: 0x0000000080000B4C (0x37F43C23) sd x31, 0x378(x8)                        inst_80+20
mem[W,0x0000000080004620] <- 0xFFFFFFFFFFFFFBFF

mem[X,0x0000000080000B50] -> 0x0E93
mem[X,0x0000000080000B52] -> 0xBFF0
[725] [M]: 0x0000000080000B50 (0xBFF00E93) addi x29, x0, -0x401                     inst_81+0
x29 <- 0xFFFFFFFFFFFFFBFF

clint mtime 0x000000000000016B (mip.MTI <- 0b1, mip.STI <- 0b0)
mem[X,0x0000000080000B54] -> 0x3023
mem[X,0x0000000080000B56] -> 0x39D4
[726] [M]: 0x0000000080000B54 (0x39D43023) sd x29, 0x380(x8)                        inst_81+4
mem[W,0x0000000080004628] <- 0xFFFFFFFFFFFFFBFF

mem[X,0x0000000080000B58] -> 0x0E93
mem[X,0x0000000080000B5A] -> 0x2000
[727] [M]: 0x0000000080000B58 (0x20000E93) addi x29, x0, 0x200                      inst_81+8
x29 <- 0x0000000000000200

clint mtime 0x000000000000016C (mip.MTI <- 0b1, mip.STI <- 0b0)
mem[X,0x0000000080000B5C] -> 0x0F13
mem[X,0x0000000080000B5E] -> 0x3804
[728] [M]: 0x0000000080000B5C (0x38040F13) addi x30, x8, 0x380                      inst_81+12
x30 <- 0x0000000080004628

mem[X,0x0000000080000B60] -> 0x2FAF
mem[X,0x0000000080000B62] -> 0x61DF
[729] [M]: 0x0000000080000B60 (0x61DF2FAF) amoand.w x31, x29, (x30)                 inst_81+16
mem[RW,0x0000000080004628] -> 0xFFFFFBFF
mem[W,0x0000000080004628] <- 0x00000200
x31 <- 0xFFFFFFFFFFFFFBFF

clint mtime 0x000000000000016D (mip.MTI <- 0b1, mip.STI <- 0b0)
mem[X,0x0000000080000B64] -> 0x3423
mem[X,0x0000000080000B66] -> 0x39F4
[730] [M]: 0x0000000080000B64 (0x39F43423) sd x31, 0x388(x8)                        inst_81+20
mem[W,0x0000000080004630] <- 0xFFFFFFFFFFFFFBFF

mem[X,0x0000000080000B68] -> 0x0E93
mem[X,0x0000000080000B6A] -> 0xBFF0
[731] [M]: 0x0000000080000B68 (0xBFF00E93) addi x29, x0, -0x401                     inst_82+0
x29 <- 0xFFFFFFFFFFFFFBFF

clint mtime 0x000000000000016E (mip.MTI <- 0b1, mip.STI <- 0b0)
mem[X,0x0000000080000B6C] -> 0x3823
mem[X,0x0000000080000B6E] -> 0x39D4
[732] [M]: 0x0000000080000B6C (0x39D43823) sd x29, 0x390(x8)                        inst_82+4
mem[W,0x0000000080004638] <- 0xFFFFFFFFFFFFFBFF

mem[X,0x0000000080000B70] -> 0x0E93
mem[X,0x0000000080000B72] -> 0x4000
[733] [M]: 0x0000000080000B70 (0x40000E93) addi x29, x0, 0x400                      inst_82+8
x29 <- 0x0000000000000400

clint mtime 0x000000000000016F (mip.MTI <- 0b1, mip.STI <- 0b0)
mem[X,0x0000000080000B74] -> 0x0F13
mem[X,0x0000000080000B76] -> 0x3904
[734] [M]: 0x0000000080000B74 (0x39040F13) addi x30, x8, 0x390                      inst_82+12
x30 <- 0x0000000080004638

mem[X,0x0000000080000B78] -> 0x2FAF
mem[X,0x0000000080000B7A] -> 0x61DF
[735] [M]: 0x0000000080000B78 (0x61DF2FAF) amoand.w x31, x29, (x30)                 inst_82+16
mem[RW,0x0000000080004638] -> 0xFFFFFBFF
mem[W,0x0000000080004638] <- 0x00000000
x31 <- 0xFFFFFFFFFFFFFBFF

clint mtime 0x0000000000000170 (mip.MTI <- 0b1, mip.STI <- 0b0)
mem[X,0x0000000080000B7C] -> 0x3C23
mem[X,0x0000000080000B7E] -> 0x39F4
[736] [M]: 0x0000000080000B7C (0x39F43C23) sd x31, 0x398(x8)                        inst_82+20
mem[W,0x0000000080004640] <- 0xFFFFFFFFFFFFFBFF

mem[X,0x0000000080000B80] -> 0x0E93
mem[X,0x0000000080000B82] -> 0xBFF0
[737] [M]: 0x0000000080000B80 (0xBFF00E93) addi x29, x0, -0x401                     inst_83+0
x29 <- 0xFFFFFFFFFFFFFBFF

clint mtime 0x0000000000000171 (mip.MTI <- 0b1, mip.STI <- 0b0)
mem[X,0x0000000080000B84] -> 0x3023
mem[X,0x0000000080000B86] -> 0x3BD4
[738] [M]: 0x0000000080000B84 (0x3BD43023) sd x29, 0x3a0(x8)                        inst_83+4
mem[W,0x0000000080004648] <- 0xFFFFFFFFFFFFFBFF

mem[X,0x0000000080000B88] -> 0x0E93
mem[X,0x0000000080000B8A] -> 0x0010
[739] [M]: 0x0000000080000B88 (0x00100E93) addi x29, x0, 0x1                        inst_83+8
x29 <- 0x0000000000000001

clint mtime 0x0000000000000172 (mip.MTI <- 0b1, mip.STI <- 0b0)
mem[X,0x0000000080000B8C] -> 0x9E93
mem[X,0x0000000080000B8E] -> 0x00BE
[740] [M]: 0x0000000080000B8C (0x00BE9E93) slli x29, x29, 0xb                       inst_83+12
x29 <- 0x0000000000000800

mem[X,0x0000000080000B90] -> 0x0F13
mem[X,0x0000000080000B92] -> 0x3A04
[741] [M]: 0x0000000080000B90 (0x3A040F13) addi x30, x8, 0x3a0                      inst_83+16
x30 <- 0x0000000080004648

clint mtime 0x0000000000000173 (mip.MTI <- 0b1, mip.STI <- 0b0)
mem[X,0x0000000080000B94] -> 0x2FAF
mem[X,0x0000000080000B96] -> 0x61DF
[742] [M]: 0x0000000080000B94 (0x61DF2FAF) amoand.w x31, x29, (x30)                 inst_83+20
mem[RW,0x0000000080004648] -> 0xFFFFFBFF
mem[W,0x0000000080004648] <- 0x00000800
x31 <- 0xFFFFFFFFFFFFFBFF

mem[X,0x0000000080000B98] -> 0x3423
mem[X,0x0000000080000B9A] -> 0x3BF4
[743] [M]: 0x0000000080000B98 (0x3BF43423) sd x31, 0x3a8(x8)                        inst_83+24
mem[W,0x0000000080004650] <- 0xFFFFFFFFFFFFFBFF

clint mtime 0x0000000000000174 (mip.MTI <- 0b1, mip.STI <- 0b0)
mem[X,0x0000000080000B9C] -> 0x0E93
mem[X,0x0000000080000B9E] -> 0xBFF0
[744] [M]: 0x0000000080000B9C (0xBFF00E93) addi x29, x0, -0x401                     inst_84+0
x29 <- 0xFFFFFFFFFFFFFBFF

mem[X,0x0000000080000BA0] -> 0x3823
mem[X,0x0000000080000BA2] -> 0x3BD4
[745] [M]: 0x0000000080000BA0 (0x3BD43823) sd x29, 0x3b0(x8)                        inst_84+4
mem[W,0x0000000080004658] <- 0xFFFFFFFFFFFFFBFF

clint mtime 0x0000000000000175 (mip.MTI <- 0b1, mip.STI <- 0b0)
mem[X,0x0000000080000BA4] -> 0x0E93
mem[X,0x0000000080000BA6] -> 0x0010
[746] [M]: 0x0000000080000BA4 (0x00100E93) addi x29, x0, 0x1                        inst_84+8
x29 <- 0x0000000000000001

mem[X,0x0000000080000BA8] -> 0x9E93
mem[X,0x0000000080000BAA] -> 0x00CE
[747] [M]: 0x0000000080000BA8 (0x00CE9E93) slli x29, x29, 0xc                       inst_84+12
x29 <- 0x0000000000001000

clint mtime 0x0000000000000176 (mip.MTI <- 0b1, mip.STI <- 0b0)
mem[X,0x0000000080000BAC] -> 0x0F13
mem[X,0x0000000080000BAE] -> 0x3B04
[748] [M]: 0x0000000080000BAC (0x3B040F13) addi x30, x8, 0x3b0                      inst_84+16
x30 <- 0x0000000080004658

mem[X,0x0000000080000BB0] -> 0x2FAF
mem[X,0x0000000080000BB2] -> 0x61DF
[749] [M]: 0x0000000080000BB0 (0x61DF2FAF) amoand.w x31, x29, (x30)                 inst_84+20
mem[RW,0x0000000080004658] -> 0xFFFFFBFF
mem[W,0x0000000080004658] <- 0x00001000
x31 <- 0xFFFFFFFFFFFFFBFF

clint mtime 0x0000000000000177 (mip.MTI <- 0b1, mip.STI <- 0b0)
mem[X,0x0000000080000BB4] -> 0x3C23
mem[X,0x0000000080000BB6] -> 0x3BF4
[750] [M]: 0x0000000080000BB4 (0x3BF43C23) sd x31, 0x3b8(x8)                        inst_84+24
mem[W,0x0000000080004660] <- 0xFFFFFFFFFFFFFBFF

mem[X,0x0000000080000BB8] -> 0x0E93
mem[X,0x0000000080000BBA] -> 0xBFF0
[751] [M]: 0x0000000080000BB8 (0xBFF00E93) addi x29, x0, -0x401                     inst_85+0
x29 <- 0xFFFFFFFFFFFFFBFF

clint mtime 0x0000000000000178 (mip.MTI <- 0b1, mip.STI <- 0b0)
mem[X,0x0000000080000BBC] -> 0x3023
mem[X,0x0000000080000BBE] -> 0x3DD4
[752] [M]: 0x0000000080000BBC (0x3DD43023) sd x29, 0x3c0(x8)                        inst_85+4
mem[W,0x0000000080004668] <- 0xFFFFFFFFFFFFFBFF

mem[X,0x0000000080000BC0] -> 0x0E93
mem[X,0x0000000080000BC2] -> 0x0010
[753] [M]: 0x0000000080000BC0 (0x00100E93) addi x29, x0, 0x1                        inst_85+8
x29 <- 0x0000000000000001

clint mtime 0x0000000000000179 (mip.MTI <- 0b1, mip.STI <- 0b0)
mem[X,0x0000000080000BC4] -> 0x9E93
mem[X,0x0000000080000BC6] -> 0x00DE
[754] [M]: 0x0000000080000BC4 (0x00DE9E93) slli x29, x29, 0xd                       inst_85+12
x29 <- 0x0000000000002000

mem[X,0x0000000080000BC8] -> 0x0F13
mem[X,0x0000000080000BCA] -> 0x3C04
[755] [M]: 0x0000000080000BC8 (0x3C040F13) addi x30, x8, 0x3c0                      inst_85+16
x30 <- 0x0000000080004668

clint mtime 0x000000000000017A (mip.MTI <- 0b1, mip.STI <- 0b0)
mem[X,0x0000000080000BCC] -> 0x2FAF
mem[X,0x0000000080000BCE] -> 0x61DF
[756] [M]: 0x0000000080000BCC (0x61DF2FAF) amoand.w x31, x29, (x30)                 inst_85+20
mem[RW,0x0000000080004668] -> 0xFFFFFBFF
mem[W,0x0000000080004668] <- 0x00002000
x31 <- 0xFFFFFFFFFFFFFBFF

mem[X,0x0000000080000BD0] -> 0x3423
mem[X,0x0000000080000BD2] -> 0x3DF4
[757] [M]: 0x0000000080000BD0 (0x3DF43423) sd x31, 0x3c8(x8)                        inst_85+24
mem[W,0x0000000080004670] <- 0xFFFFFFFFFFFFFBFF

clint mtime 0x000000000000017B (mip.MTI <- 0b1, mip.STI <- 0b0)
mem[X,0x0000000080000BD4] -> 0x0E93
mem[X,0x0000000080000BD6] -> 0xBFF0
[758] [M]: 0x0000000080000BD4 (0xBFF00E93) addi x29, x0, -0x401                     inst_86+0
x29 <- 0xFFFFFFFFFFFFFBFF

mem[X,0x0000000080000BD8] -> 0x3823
mem[X,0x0000000080000BDA] -> 0x3DD4
[759] [M]: 0x0000000080000BD8 (0x3DD43823) sd x29, 0x3d0(x8)                        inst_86+4
mem[W,0x0000000080004678] <- 0xFFFFFFFFFFFFFBFF

clint mtime 0x000000000000017C (mip.MTI <- 0b1, mip.STI <- 0b0)
mem[X,0x0000000080000BDC] -> 0x0E93
mem[X,0x0000000080000BDE] -> 0x0010
[760] [M]: 0x0000000080000BDC (0x00100E93) addi x29, x0, 0x1                        inst_86+8
x29 <- 0x0000000000000001

mem[X,0x0000000080000BE0] -> 0x9E93
mem[X,0x0000000080000BE2] -> 0x00EE
[761] [M]: 0x0000000080000BE0 (0x00EE9E93) slli x29, x29, 0xe                       inst_86+12
x29 <- 0x0000000000004000

clint mtime 0x000000000000017D (mip.MTI <- 0b1, mip.STI <- 0b0)
mem[X,0x0000000080000BE4] -> 0x0F13
mem[X,0x0000000080000BE6] -> 0x3D04
[762] [M]: 0x0000000080000BE4 (0x3D040F13) addi x30, x8, 0x3d0                      inst_86+16
x30 <- 0x0000000080004678

mem[X,0x0000000080000BE8] -> 0x2FAF
mem[X,0x0000000080000BEA] -> 0x61DF
[763] [M]: 0x0000000080000BE8 (0x61DF2FAF) amoand.w x31, x29, (x30)                 inst_86+20
mem[RW,0x0000000080004678] -> 0xFFFFFBFF
mem[W,0x0000000080004678] <- 0x00004000
x31 <- 0xFFFFFFFFFFFFFBFF

clint mtime 0x000000000000017E (mip.MTI <- 0b1, mip.STI <- 0b0)
mem[X,0x0000000080000BEC] -> 0x3C23
mem[X,0x0000000080000BEE] -> 0x3DF4
[764] [M]: 0x0000000080000BEC (0x3DF43C23) sd x31, 0x3d8(x8)                        inst_86+24
mem[W,0x0000000080004680] <- 0xFFFFFFFFFFFFFBFF

mem[X,0x0000000080000BF0] -> 0x0E93
mem[X,0x0000000080000BF2] -> 0xBFF0
[765] [M]: 0x0000000080000BF0 (0xBFF00E93) addi x29, x0, -0x401                     inst_87+0
x29 <- 0xFFFFFFFFFFFFFBFF

clint mtime 0x000000000000017F (mip.MTI <- 0b1, mip.STI <- 0b0)
mem[X,0x0000000080000BF4] -> 0x3023
mem[X,0x0000000080000BF6] -> 0x3FD4
[766] [M]: 0x0000000080000BF4 (0x3FD43023) sd x29, 0x3e0(x8)                        inst_87+4
mem[W,0x0000000080004688] <- 0xFFFFFFFFFFFFFBFF

mem[X,0x0000000080000BF8] -> 0x0E93
mem[X,0x0000000080000BFA] -> 0x0010
[767] [M]: 0x0000000080000BF8 (0x00100E93) addi x29, x0, 0x1                        inst_87+8
x29 <- 0x0000000000000001

clint mtime 0x0000000000000180 (mip.MTI <- 0b1, mip.STI <- 0b0)
mem[X,0x0000000080000BFC] -> 0x9E93
mem[X,0x0000000080000BFE] -> 0x00FE
[768] [M]: 0x0000000080000BFC (0x00FE9E93) slli x29, x29, 0xf                       inst_87+12
x29 <- 0x0000000000008000

mem[X,0x0000000080000C00] -> 0x0F13
mem[X,0x0000000080000C02] -> 0x3E04
[769] [M]: 0x0000000080000C00 (0x3E040F13) addi x30, x8, 0x3e0                      inst_87+16
x30 <- 0x0000000080004688

clint mtime 0x0000000000000181 (mip.MTI <- 0b1, mip.STI <- 0b0)
mem[X,0x0000000080000C04] -> 0x2FAF
mem[X,0x0000000080000C06] -> 0x61DF
[770] [M]: 0x0000000080000C04 (0x61DF2FAF) amoand.w x31, x29, (x30)                 inst_87+20
mem[RW,0x0000000080004688] -> 0xFFFFFBFF
mem[W,0x0000000080004688] <- 0x00008000
x31 <- 0xFFFFFFFFFFFFFBFF

mem[X,0x0000000080000C08] -> 0x3423
mem[X,0x0000000080000C0A] -> 0x3FF4
[771] [M]: 0x0000000080000C08 (0x3FF43423) sd x31, 0x3e8(x8)                        inst_87+24
mem[W,0x0000000080004690] <- 0xFFFFFFFFFFFFFBFF

clint mtime 0x0000000000000182 (mip.MTI <- 0b1, mip.STI <- 0b0)
mem[X,0x0000000080000C0C] -> 0x0E93
mem[X,0x0000000080000C0E] -> 0xBFF0
[772] [M]: 0x0000000080000C0C (0xBFF00E93) addi x29, x0, -0x401                     inst_88+0
x29 <- 0xFFFFFFFFFFFFFBFF

mem[X,0x0000000080000C10] -> 0x3823
mem[X,0x0000000080000C12] -> 0x3FD4
[773] [M]: 0x0000000080000C10 (0x3FD43823) sd x29, 0x3f0(x8)                        inst_88+4
mem[W,0x0000000080004698] <- 0xFFFFFFFFFFFFFBFF

clint mtime 0x0000000000000183 (mip.MTI <- 0b1, mip.STI <- 0b0)
mem[X,0x0000000080000C14] -> 0x0E93
mem[X,0x0000000080000C16] -> 0x0010
[774] [M]: 0x0000000080000C14 (0x00100E93) addi x29, x0, 0x1                        inst_88+8
x29 <- 0x0000000000000001

mem[X,0x0000000080000C18] -> 0x9E93
mem[X,0x0000000080000C1A] -> 0x010E
[775] [M]: 0x0000000080000C18 (0x010E9E93) slli x29, x29, 0x10                      inst_88+12
x29 <- 0x0000000000010000

clint mtime 0x0000000000000184 (mip.MTI <- 0b1, mip.STI <- 0b0)
mem[X,0x0000000080000C1C] -> 0x0F13
mem[X,0x0000000080000C1E] -> 0x3F04
[776] [M]: 0x0000000080000C1C (0x3F040F13) addi x30, x8, 0x3f0                      inst_88+16
x30 <- 0x0000000080004698

mem[X,0x0000000080000C20] -> 0x2FAF
mem[X,0x0000000080000C22] -> 0x61DF
[777] [M]: 0x0000000080000C20 (0x61DF2FAF) amoand.w x31, x29, (x30)                 inst_88+20
mem[RW,0x0000000080004698] -> 0xFFFFFBFF
mem[W,0x0000000080004698] <- 0x00010000
x31 <- 0xFFFFFFFFFFFFFBFF

clint mtime 0x0000000000000185 (mip.MTI <- 0b1, mip.STI <- 0b0)
mem[X,0x0000000080000C24] -> 0x3C23
mem[X,0x0000000080000C26] -> 0x3FF4
[778] [M]: 0x0000000080000C24 (0x3FF43C23) sd x31, 0x3f8(x8)                        inst_88+24
mem[W,0x00000000800046A0] <- 0xFFFFFFFFFFFFFBFF

mem[X,0x0000000080000C28] -> 0x0E93
mem[X,0x0000000080000C2A] -> 0xBFF0
[779] [M]: 0x0000000080000C28 (0xBFF00E93) addi x29, x0, -0x401                     inst_89+0
x29 <- 0xFFFFFFFFFFFFFBFF

clint mtime 0x0000000000000186 (mip.MTI <- 0b1, mip.STI <- 0b0)
mem[X,0x0000000080000C2C] -> 0x3023
mem[X,0x0000000080000C2E] -> 0x41D4
[780] [M]: 0x0000000080000C2C (0x41D43023) sd x29, 0x400(x8)                        inst_89+4
mem[W,0x00000000800046A8] <- 0xFFFFFFFFFFFFFBFF

mem[X,0x0000000080000C30] -> 0x0E93
mem[X,0x0000000080000C32] -> 0x0010
[781] [M]: 0x0000000080000C30 (0x00100E93) addi x29, x0, 0x1                        inst_89+8
x29 <- 0x0000000000000001

clint mtime 0x0000000000000187 (mip.MTI <- 0b1, mip.STI <- 0b0)
mem[X,0x0000000080000C34] -> 0x9E93
mem[X,0x0000000080000C36] -> 0x011E
[782] [M]: 0x0000000080000C34 (0x011E9E93) slli x29, x29, 0x11                      inst_89+12
x29 <- 0x0000000000020000

mem[X,0x0000000080000C38] -> 0x0F13
mem[X,0x0000000080000C3A] -> 0x4004
[783] [M]: 0x0000000080000C38 (0x40040F13) addi x30, x8, 0x400                      inst_89+16
x30 <- 0x00000000800046A8

clint mtime 0x0000000000000188 (mip.MTI <- 0b1, mip.STI <- 0b0)
mem[X,0x0000000080000C3C] -> 0x2FAF
mem[X,0x0000000080000C3E] -> 0x61DF
[784] [M]: 0x0000000080000C3C (0x61DF2FAF) amoand.w x31, x29, (x30)                 inst_89+20
mem[RW,0x00000000800046A8] -> 0xFFFFFBFF
mem[W,0x00000000800046A8] <- 0x00020000
x31 <- 0xFFFFFFFFFFFFFBFF

mem[X,0x0000000080000C40] -> 0x3423
mem[X,0x0000000080000C42] -> 0x41F4
[785] [M]: 0x0000000080000C40 (0x41F43423) sd x31, 0x408(x8)                        inst_89+24
mem[W,0x00000000800046B0] <- 0xFFFFFFFFFFFFFBFF

clint mtime 0x0000000000000189 (mip.MTI <- 0b1, mip.STI <- 0b0)
mem[X,0x0000000080000C44] -> 0x0E93
mem[X,0x0000000080000C46] -> 0xBFF0
[786] [M]: 0x0000000080000C44 (0xBFF00E93) addi x29, x0, -0x401                     inst_90+0
x29 <- 0xFFFFFFFFFFFFFBFF

mem[X,0x0000000080000C48] -> 0x3823
mem[X,0x0000000080000C4A] -> 0x41D4
[787] [M]: 0x0000000080000C48 (0x41D43823) sd x29, 0x410(x8)                        inst_90+4
mem[W,0x00000000800046B8] <- 0xFFFFFFFFFFFFFBFF

clint mtime 0x000000000000018A (mip.MTI <- 0b1, mip.STI <- 0b0)
mem[X,0x0000000080000C4C] -> 0x0E93
mem[X,0x0000000080000C4E] -> 0x0010
[788] [M]: 0x0000000080000C4C (0x00100E93) addi x29, x0, 0x1                        inst_90+8
x29 <- 0x0000000000000001

mem[X,0x0000000080000C50] -> 0x9E93
mem[X,0x0000000080000C52] -> 0x012E
[789] [M]: 0x0000000080000C50 (0x012E9E93) slli x29, x29, 0x12                      inst_90+12
x29 <- 0x0000000000040000

clint mtime 0x000000000000018B (mip.MTI <- 0b1, mip.STI <- 0b0)
mem[X,0x0000000080000C54] -> 0x0F13
mem[X,0x0000000080000C56] -> 0x4104
[790] [M]: 0x0000000080000C54 (0x41040F13) addi x30, x8, 0x410                      inst_90+16
x30 <- 0x00000000800046B8

mem[X,0x0000000080000C58] -> 0x2FAF
mem[X,0x0000000080000C5A] -> 0x61DF
[791] [M]: 0x0000000080000C58 (0x61DF2FAF) amoand.w x31, x29, (x30)                 inst_90+20
mem[RW,0x00000000800046B8] -> 0xFFFFFBFF
mem[W,0x00000000800046B8] <- 0x00040000
x31 <- 0xFFFFFFFFFFFFFBFF

clint mtime 0x000000000000018C (mip.MTI <- 0b1, mip.STI <- 0b0)
mem[X,0x0000000080000C5C] -> 0x3C23
mem[X,0x0000000080000C5E] -> 0x41F4
[792] [M]: 0x0000000080000C5C (0x41F43C23) sd x31, 0x418(x8)                        inst_90+24
mem[W,0x00000000800046C0] <- 0xFFFFFFFFFFFFFBFF

mem[X,0x0000000080000C60] -> 0x0E93
mem[X,0x0000000080000C62] -> 0xBFF0
[793] [M]: 0x0000000080000C60 (0xBFF00E93) addi x29, x0, -0x401                     inst_91+0
x29 <- 0xFFFFFFFFFFFFFBFF

clint mtime 0x000000000000018D (mip.MTI <- 0b1, mip.STI <- 0b0)
mem[X,0x0000000080000C64] -> 0x3023
mem[X,0x0000000080000C66] -> 0x43D4
[794] [M]: 0x0000000080000C64 (0x43D43023) sd x29, 0x420(x8)                        inst_91+4
mem[W,0x00000000800046C8] <- 0xFFFFFFFFFFFFFBFF

mem[X,0x0000000080000C68] -> 0x0E93
mem[X,0x0000000080000C6A] -> 0x0010
[795] [M]: 0x0000000080000C68 (0x00100E93) addi x29, x0, 0x1                        inst_91+8
x29 <- 0x0000000000000001

clint mtime 0x000000000000018E (mip.MTI <- 0b1, mip.STI <- 0b0)
mem[X,0x0000000080000C6C] -> 0x9E93
mem[X,0x0000000080000C6E] -> 0x013E
[796] [M]: 0x0000000080000C6C (0x013E9E93) slli x29, x29, 0x13                      inst_91+12
x29 <- 0x0000000000080000

mem[X,0x0000000080000C70] -> 0x0F13
mem[X,0x0000000080000C72] -> 0x4204
[797] [M]: 0x0000000080000C70 (0x42040F13) addi x30, x8, 0x420                      inst_91+16
x30 <- 0x00000000800046C8

clint mtime 0x000000000000018F (mip.MTI <- 0b1, mip.STI <- 0b0)
mem[X,0x0000000080000C74] -> 0x2FAF
mem[X,0x0000000080000C76] -> 0x61DF
[798] [M]: 0x0000000080000C74 (0x61DF2FAF) amoand.w x31, x29, (x30)                 inst_91+20
mem[RW,0x00000000800046C8] -> 0xFFFFFBFF
mem[W,0x00000000800046C8] <- 0x00080000
x31 <- 0xFFFFFFFFFFFFFBFF

mem[X,0x0000000080000C78] -> 0x3423
mem[X,0x0000000080000C7A] -> 0x43F4
[799] [M]: 0x0000000080000C78 (0x43F43423) sd x31, 0x428(x8)                        inst_91+24
mem[W,0x00000000800046D0] <- 0xFFFFFFFFFFFFFBFF

clint mtime 0x0000000000000190 (mip.MTI <- 0b1, mip.STI <- 0b0)
mem[X,0x0000000080000C7C] -> 0x0E93
mem[X,0x0000000080000C7E] -> 0xBFF0
[800] [M]: 0x0000000080000C7C (0xBFF00E93) addi x29, x0, -0x401                     inst_92+0
x29 <- 0xFFFFFFFFFFFFFBFF

mem[X,0x0000000080000C80] -> 0x3823
mem[X,0x0000000080000C82] -> 0x43D4
[801] [M]: 0x0000000080000C80 (0x43D43823) sd x29, 0x430(x8)                        inst_92+4
mem[W,0x00000000800046D8] <- 0xFFFFFFFFFFFFFBFF

clint mtime 0x0000000000000191 (mip.MTI <- 0b1, mip.STI <- 0b0)
mem[X,0x0000000080000C84] -> 0x0E93
mem[X,0x0000000080000C86] -> 0x0010
[802] [M]: 0x0000000080000C84 (0x00100E93) addi x29, x0, 0x1                        inst_92+8
x29 <- 0x0000000000000001

mem[X,0x0000000080000C88] -> 0x9E93
mem[X,0x0000000080000C8A] -> 0x014E
[803] [M]: 0x0000000080000C88 (0x014E9E93) slli x29, x29, 0x14                      inst_92+12
x29 <- 0x0000000000100000

clint mtime 0x0000000000000192 (mip.MTI <- 0b1, mip.STI <- 0b0)
mem[X,0x0000000080000C8C] -> 0x0F13
mem[X,0x0000000080000C8E] -> 0x4304
[804] [M]: 0x0000000080000C8C (0x43040F13) addi x30, x8, 0x430                      inst_92+16
x30 <- 0x00000000800046D8

mem[X,0x0000000080000C90] -> 0x2FAF
mem[X,0x0000000080000C92] -> 0x61DF
[805] [M]: 0x0000000080000C90 (0x61DF2FAF) amoand.w x31, x29, (x30)                 inst_92+20
mem[RW,0x00000000800046D8] -> 0xFFFFFBFF
mem[W,0x00000000800046D8] <- 0x00100000
x31 <- 0xFFFFFFFFFFFFFBFF

clint mtime 0x0000000000000193 (mip.MTI <- 0b1, mip.STI <- 0b0)
mem[X,0x0000000080000C94] -> 0x3C23
mem[X,0x0000000080000C96] -> 0x43F4
[806] [M]: 0x0000000080000C94 (0x43F43C23) sd x31, 0x438(x8)                        inst_92+24
mem[W,0x00000000800046E0] <- 0xFFFFFFFFFFFFFBFF

mem[X,0x0000000080000C98] -> 0x0E93
mem[X,0x0000000080000C9A] -> 0xBFF0
[807] [M]: 0x0000000080000C98 (0xBFF00E93) addi x29, x0, -0x401                     inst_93+0
x29 <- 0xFFFFFFFFFFFFFBFF

clint mtime 0x0000000000000194 (mip.MTI <- 0b1, mip.STI <- 0b0)
mem[X,0x0000000080000C9C] -> 0x3023
mem[X,0x0000000080000C9E] -> 0x45D4
[808] [M]: 0x0000000080000C9C (0x45D43023) sd x29, 0x440(x8)                        inst_93+4
mem[W,0x00000000800046E8] <- 0xFFFFFFFFFFFFFBFF

mem[X,0x0000000080000CA0] -> 0x0E93
mem[X,0x0000000080000CA2] -> 0x0010
[809] [M]: 0x0000000080000CA0 (0x00100E93) addi x29, x0, 0x1                        inst_93+8
x29 <- 0x0000000000000001

clint mtime 0x0000000000000195 (mip.MTI <- 0b1, mip.STI <- 0b0)
mem[X,0x0000000080000CA4] -> 0x9E93
mem[X,0x0000000080000CA6] -> 0x015E
[810] [M]: 0x0000000080000CA4 (0x015E9E93) slli x29, x29, 0x15                      inst_93+12
x29 <- 0x0000000000200000

mem[X,0x0000000080000CA8] -> 0x0F13
mem[X,0x0000000080000CAA] -> 0x4404
[811] [M]: 0x0000000080000CA8 (0x44040F13) addi x30, x8, 0x440                      inst_93+16
x30 <- 0x00000000800046E8

clint mtime 0x0000000000000196 (mip.MTI <- 0b1, mip.STI <- 0b0)
mem[X,0x0000000080000CAC] -> 0x2FAF
mem[X,0x0000000080000CAE] -> 0x61DF
[812] [M]: 0x0000000080000CAC (0x61DF2FAF) amoand.w x31, x29, (x30)                 inst_93+20
mem[RW,0x00000000800046E8] -> 0xFFFFFBFF
mem[W,0x00000000800046E8] <- 0x00200000
x31 <- 0xFFFFFFFFFFFFFBFF

mem[X,0x0000000080000CB0] -> 0x3423
mem[X,0x0000000080000CB2] -> 0x45F4
[813] [M]: 0x0000000080000CB0 (0x45F43423) sd x31, 0x448(x8)                        inst_93+24
mem[W,0x00000000800046F0] <- 0xFFFFFFFFFFFFFBFF

clint mtime 0x0000000000000197 (mip.MTI <- 0b1, mip.STI <- 0b0)
mem[X,0x0000000080000CB4] -> 0x0E93
mem[X,0x0000000080000CB6] -> 0xBFF0
[814] [M]: 0x0000000080000CB4 (0xBFF00E93) addi x29, x0, -0x401                     inst_94+0
x29 <- 0xFFFFFFFFFFFFFBFF

mem[X,0x0000000080000CB8] -> 0x3823
mem[X,0x0000000080000CBA] -> 0x45D4
[815] [M]: 0x0000000080000CB8 (0x45D43823) sd x29, 0x450(x8)                        inst_94+4
mem[W,0x00000000800046F8] <- 0xFFFFFFFFFFFFFBFF

clint mtime 0x0000000000000198 (mip.MTI <- 0b1, mip.STI <- 0b0)
mem[X,0x0000000080000CBC] -> 0x0E93
mem[X,0x0000000080000CBE] -> 0x0010
[816] [M]: 0x0000000080000CBC (0x00100E93) addi x29, x0, 0x1                        inst_94+8
x29 <- 0x0000000000000001

mem[X,0x0000000080000CC0] -> 0x9E93
mem[X,0x0000000080000CC2] -> 0x016E
[817] [M]: 0x0000000080000CC0 (0x016E9E93) slli x29, x29, 0x16                      inst_94+12
x29 <- 0x0000000000400000

clint mtime 0x0000000000000199 (mip.MTI <- 0b1, mip.STI <- 0b0)
mem[X,0x0000000080000CC4] -> 0x0F13
mem[X,0x0000000080000CC6] -> 0x4504
[818] [M]: 0x0000000080000CC4 (0x45040F13) addi x30, x8, 0x450                      inst_94+16
x30 <- 0x00000000800046F8

mem[X,0x0000000080000CC8] -> 0x2FAF
mem[X,0x0000000080000CCA] -> 0x61DF
[819] [M]: 0x0000000080000CC8 (0x61DF2FAF) amoand.w x31, x29, (x30)                 inst_94+20
mem[RW,0x00000000800046F8] -> 0xFFFFFBFF
mem[W,0x00000000800046F8] <- 0x00400000
x31 <- 0xFFFFFFFFFFFFFBFF

clint mtime 0x000000000000019A (mip.MTI <- 0b1, mip.STI <- 0b0)
mem[X,0x0000000080000CCC] -> 0x3C23
mem[X,0x0000000080000CCE] -> 0x45F4
[820] [M]: 0x0000000080000CCC (0x45F43C23) sd x31, 0x458(x8)                        inst_94+24
mem[W,0x0000000080004700] <- 0xFFFFFFFFFFFFFBFF

mem[X,0x0000000080000CD0] -> 0x0E93
mem[X,0x0000000080000CD2] -> 0xBFF0
[821] [M]: 0x0000000080000CD0 (0xBFF00E93) addi x29, x0, -0x401                     inst_95+0
x29 <- 0xFFFFFFFFFFFFFBFF

clint mtime 0x000000000000019B (mip.MTI <- 0b1, mip.STI <- 0b0)
mem[X,0x0000000080000CD4] -> 0x3023
mem[X,0x0000000080000CD6] -> 0x47D4
[822] [M]: 0x0000000080000CD4 (0x47D43023) sd x29, 0x460(x8)                        inst_95+4
mem[W,0x0000000080004708] <- 0xFFFFFFFFFFFFFBFF

mem[X,0x0000000080000CD8] -> 0x0E93
mem[X,0x0000000080000CDA] -> 0x0010
[823] [M]: 0x0000000080000CD8 (0x00100E93) addi x29, x0, 0x1                        inst_95+8
x29 <- 0x0000000000000001

clint mtime 0x000000000000019C (mip.MTI <- 0b1, mip.STI <- 0b0)
mem[X,0x0000000080000CDC] -> 0x9E93
mem[X,0x0000000080000CDE] -> 0x017E
[824] [M]: 0x0000000080000CDC (0x017E9E93) slli x29, x29, 0x17                      inst_95+12
x29 <- 0x0000000000800000

mem[X,0x0000000080000CE0] -> 0x0F13
mem[X,0x0000000080000CE2] -> 0x4604
[825] [M]: 0x0000000080000CE0 (0x46040F13) addi x30, x8, 0x460                      inst_95+16
x30 <- 0x0000000080004708

clint mtime 0x000000000000019D (mip.MTI <- 0b1, mip.STI <- 0b0)
mem[X,0x0000000080000CE4] -> 0x2FAF
mem[X,0x0000000080000CE6] -> 0x61DF
[826] [M]: 0x0000000080000CE4 (0x61DF2FAF) amoand.w x31, x29, (x30)                 inst_95+20
mem[RW,0x0000000080004708] -> 0xFFFFFBFF
mem[W,0x0000000080004708] <- 0x00800000
x31 <- 0xFFFFFFFFFFFFFBFF

mem[X,0x0000000080000CE8] -> 0x3423
mem[X,0x0000000080000CEA] -> 0x47F4
[827] [M]: 0x0000000080000CE8 (0x47F43423) sd x31, 0x468(x8)                        inst_95+24
mem[W,0x0000000080004710] <- 0xFFFFFFFFFFFFFBFF

clint mtime 0x000000000000019E (mip.MTI <- 0b1, mip.STI <- 0b0)
mem[X,0x0000000080000CEC] -> 0x0E93
mem[X,0x0000000080000CEE] -> 0xBFF0
[828] [M]: 0x0000000080000CEC (0xBFF00E93) addi x29, x0, -0x401                     inst_96+0
x29 <- 0xFFFFFFFFFFFFFBFF

mem[X,0x0000000080000CF0] -> 0x3823
mem[X,0x0000000080000CF2] -> 0x47D4
[829] [M]: 0x0000000080000CF0 (0x47D43823) sd x29, 0x470(x8)                        inst_96+4
mem[W,0x0000000080004718] <- 0xFFFFFFFFFFFFFBFF

clint mtime 0x000000000000019F (mip.MTI <- 0b1, mip.STI <- 0b0)
mem[X,0x0000000080000CF4] -> 0x0E93
mem[X,0x0000000080000CF6] -> 0x0010
[830] [M]: 0x0000000080000CF4 (0x00100E93) addi x29, x0, 0x1                        inst_96+8
x29 <- 0x0000000000000001

mem[X,0x0000000080000CF8] -> 0x9E93
mem[X,0x0000000080000CFA] -> 0x018E
[831] [M]: 0x0000000080000CF8 (0x018E9E93) slli x29, x29, 0x18                      inst_96+12
x29 <- 0x0000000001000000

clint mtime 0x00000000000001A0 (mip.MTI <- 0b1, mip.STI <- 0b0)
mem[X,0x0000000080000CFC] -> 0x0F13
mem[X,0x0000000080000CFE] -> 0x4704
[832] [M]: 0x0000000080000CFC (0x47040F13) addi x30, x8, 0x470                      inst_96+16
x30 <- 0x0000000080004718

mem[X,0x0000000080000D00] -> 0x2FAF
mem[X,0x0000000080000D02] -> 0x61DF
[833] [M]: 0x0000000080000D00 (0x61DF2FAF) amoand.w x31, x29, (x30)                 inst_96+20
mem[RW,0x0000000080004718] -> 0xFFFFFBFF
mem[W,0x0000000080004718] <- 0x01000000
x31 <- 0xFFFFFFFFFFFFFBFF

clint mtime 0x00000000000001A1 (mip.MTI <- 0b1, mip.STI <- 0b0)
mem[X,0x0000000080000D04] -> 0x3C23
mem[X,0x0000000080000D06] -> 0x47F4
[834] [M]: 0x0000000080000D04 (0x47F43C23) sd x31, 0x478(x8)                        inst_96+24
mem[W,0x0000000080004720] <- 0xFFFFFFFFFFFFFBFF

mem[X,0x0000000080000D08] -> 0x0E93
mem[X,0x0000000080000D0A] -> 0xBFF0
[835] [M]: 0x0000000080000D08 (0xBFF00E93) addi x29, x0, -0x401                     inst_97+0
x29 <- 0xFFFFFFFFFFFFFBFF

clint mtime 0x00000000000001A2 (mip.MTI <- 0b1, mip.STI <- 0b0)
mem[X,0x0000000080000D0C] -> 0x3023
mem[X,0x0000000080000D0E] -> 0x49D4
[836] [M]: 0x0000000080000D0C (0x49D43023) sd x29, 0x480(x8)                        inst_97+4
mem[W,0x0000000080004728] <- 0xFFFFFFFFFFFFFBFF

mem[X,0x0000000080000D10] -> 0x0E93
mem[X,0x0000000080000D12] -> 0x0010
[837] [M]: 0x0000000080000D10 (0x00100E93) addi x29, x0, 0x1                        inst_97+8
x29 <- 0x0000000000000001

clint mtime 0x00000000000001A3 (mip.MTI <- 0b1, mip.STI <- 0b0)
mem[X,0x0000000080000D14] -> 0x9E93
mem[X,0x0000000080000D16] -> 0x019E
[838] [M]: 0x0000000080000D14 (0x019E9E93) slli x29, x29, 0x19                      inst_97+12
x29 <- 0x0000000002000000

mem[X,0x0000000080000D18] -> 0x0F13
mem[X,0x0000000080000D1A] -> 0x4804
[839] [M]: 0x0000000080000D18 (0x48040F13) addi x30, x8, 0x480                      inst_97+16
x30 <- 0x0000000080004728

clint mtime 0x00000000000001A4 (mip.MTI <- 0b1, mip.STI <- 0b0)
mem[X,0x0000000080000D1C] -> 0x2FAF
mem[X,0x0000000080000D1E] -> 0x61DF
[840] [M]: 0x0000000080000D1C (0x61DF2FAF) amoand.w x31, x29, (x30)                 inst_97+20
mem[RW,0x0000000080004728] -> 0xFFFFFBFF
mem[W,0x0000000080004728] <- 0x02000000
x31 <- 0xFFFFFFFFFFFFFBFF

mem[X,0x0000000080000D20] -> 0x3423
mem[X,0x0000000080000D22] -> 0x49F4
[841] [M]: 0x0000000080000D20 (0x49F43423) sd x31, 0x488(x8)                        inst_97+24
mem[W,0x0000000080004730] <- 0xFFFFFFFFFFFFFBFF

clint mtime 0x00000000000001A5 (mip.MTI <- 0b1, mip.STI <- 0b0)
mem[X,0x0000000080000D24] -> 0x0E93
mem[X,0x0000000080000D26] -> 0xBFF0
[842] [M]: 0x0000000080000D24 (0xBFF00E93) addi x29, x0, -0x401                     inst_98+0
x29 <- 0xFFFFFFFFFFFFFBFF

mem[X,0x0000000080000D28] -> 0x3823
mem[X,0x0000000080000D2A] -> 0x49D4
[843] [M]: 0x0000000080000D28 (0x49D43823) sd x29, 0x490(x8)                        inst_98+4
mem[W,0x0000000080004738] <- 0xFFFFFFFFFFFFFBFF

clint mtime 0x00000000000001A6 (mip.MTI <- 0b1, mip.STI <- 0b0)
mem[X,0x0000000080000D2C] -> 0x0E93
mem[X,0x0000000080000D2E] -> 0x0010
[844] [M]: 0x0000000080000D2C (0x00100E93) addi x29, x0, 0x1                        inst_98+8
x29 <- 0x0000000000000001

mem[X,0x0000000080000D30] -> 0x9E93
mem[X,0x0000000080000D32] -> 0x01AE
[845] [M]: 0x0000000080000D30 (0x01AE9E93) slli x29, x29, 0x1a                      inst_98+12
x29 <- 0x0000000004000000

clint mtime 0x00000000000001A7 (mip.MTI <- 0b1, mip.STI <- 0b0)
mem[X,0x0000000080000D34] -> 0x0F13
mem[X,0x0000000080000D36] -> 0x4904
[846] [M]: 0x0000000080000D34 (0x49040F13) addi x30, x8, 0x490                      inst_98+16
x30 <- 0x0000000080004738

mem[X,0x0000000080000D38] -> 0x2FAF
mem[X,0x0000000080000D3A] -> 0x61DF
[847] [M]: 0x0000000080000D38 (0x61DF2FAF) amoand.w x31, x29, (x30)                 inst_98+20
mem[RW,0x0000000080004738] -> 0xFFFFFBFF
mem[W,0x0000000080004738] <- 0x04000000
x31 <- 0xFFFFFFFFFFFFFBFF

clint mtime 0x00000000000001A8 (mip.MTI <- 0b1, mip.STI <- 0b0)
mem[X,0x0000000080000D3C] -> 0x3C23
mem[X,0x0000000080000D3E] -> 0x49F4
[848] [M]: 0x0000000080000D3C (0x49F43C23) sd x31, 0x498(x8)                        inst_98+24
mem[W,0x0000000080004740] <- 0xFFFFFFFFFFFFFBFF

mem[X,0x0000000080000D40] -> 0x0E93
mem[X,0x0000000080000D42] -> 0xBFF0
[849] [M]: 0x0000000080000D40 (0xBFF00E93) addi x29, x0, -0x401                     inst_99+0
x29 <- 0xFFFFFFFFFFFFFBFF

clint mtime 0x00000000000001A9 (mip.MTI <- 0b1, mip.STI <- 0b0)
mem[X,0x0000000080000D44] -> 0x3023
mem[X,0x0000000080000D46] -> 0x4BD4
[850] [M]: 0x0000000080000D44 (0x4BD43023) sd x29, 0x4a0(x8)                        inst_99+4
mem[W,0x0000000080004748] <- 0xFFFFFFFFFFFFFBFF

mem[X,0x0000000080000D48] -> 0x0E93
mem[X,0x0000000080000D4A] -> 0x0010
[851] [M]: 0x0000000080000D48 (0x00100E93) addi x29, x0, 0x1                        inst_99+8
x29 <- 0x0000000000000001

clint mtime 0x00000000000001AA (mip.MTI <- 0b1, mip.STI <- 0b0)
mem[X,0x0000000080000D4C] -> 0x9E93
mem[X,0x0000000080000D4E] -> 0x01BE
[852] [M]: 0x0000000080000D4C (0x01BE9E93) slli x29, x29, 0x1b                      inst_99+12
x29 <- 0x0000000008000000

mem[X,0x0000000080000D50] -> 0x0F13
mem[X,0x0000000080000D52] -> 0x4A04
[853] [M]: 0x0000000080000D50 (0x4A040F13) addi x30, x8, 0x4a0                      inst_99+16
x30 <- 0x0000000080004748

clint mtime 0x00000000000001AB (mip.MTI <- 0b1, mip.STI <- 0b0)
mem[X,0x0000000080000D54] -> 0x2FAF
mem[X,0x0000000080000D56] -> 0x61DF
[854] [M]: 0x0000000080000D54 (0x61DF2FAF) amoand.w x31, x29, (x30)                 inst_99+20
mem[RW,0x0000000080004748] -> 0xFFFFFBFF
mem[W,0x0000000080004748] <- 0x08000000
x31 <- 0xFFFFFFFFFFFFFBFF

mem[X,0x0000000080000D58] -> 0x3423
mem[X,0x0000000080000D5A] -> 0x4BF4
[855] [M]: 0x0000000080000D58 (0x4BF43423) sd x31, 0x4a8(x8)                        inst_99+24
mem[W,0x0000000080004750] <- 0xFFFFFFFFFFFFFBFF

clint mtime 0x00000000000001AC (mip.MTI <- 0b1, mip.STI <- 0b0)
mem[X,0x0000000080000D5C] -> 0x0E93
mem[X,0x0000000080000D5E] -> 0xBFF0
[856] [M]: 0x0000000080000D5C (0xBFF00E93) addi x29, x0, -0x401                     inst_100+0
x29 <- 0xFFFFFFFFFFFFFBFF

mem[X,0x0000000080000D60] -> 0x3823
mem[X,0x0000000080000D62] -> 0x4BD4
[857] [M]: 0x0000000080000D60 (0x4BD43823) sd x29, 0x4b0(x8)                        inst_100+4
mem[W,0x0000000080004758] <- 0xFFFFFFFFFFFFFBFF

clint mtime 0x00000000000001AD (mip.MTI <- 0b1, mip.STI <- 0b0)
mem[X,0x0000000080000D64] -> 0x0E93
mem[X,0x0000000080000D66] -> 0x0010
[858] [M]: 0x0000000080000D64 (0x00100E93) addi x29, x0, 0x1                        inst_100+8
x29 <- 0x0000000000000001

mem[X,0x0000000080000D68] -> 0x9E93
mem[X,0x0000000080000D6A] -> 0x01CE
[859] [M]: 0x0000000080000D68 (0x01CE9E93) slli x29, x29, 0x1c                      inst_100+12
x29 <- 0x0000000010000000

clint mtime 0x00000000000001AE (mip.MTI <- 0b1, mip.STI <- 0b0)
mem[X,0x0000000080000D6C] -> 0x0F13
mem[X,0x0000000080000D6E] -> 0x4B04
[860] [M]: 0x0000000080000D6C (0x4B040F13) addi x30, x8, 0x4b0                      inst_100+16
x30 <- 0x0000000080004758

mem[X,0x0000000080000D70] -> 0x2FAF
mem[X,0x0000000080000D72] -> 0x61DF
[861] [M]: 0x0000000080000D70 (0x61DF2FAF) amoand.w x31, x29, (x30)                 inst_100+20
mem[RW,0x0000000080004758] -> 0xFFFFFBFF
mem[W,0x0000000080004758] <- 0x10000000
x31 <- 0xFFFFFFFFFFFFFBFF

clint mtime 0x00000000000001AF (mip.MTI <- 0b1, mip.STI <- 0b0)
mem[X,0x0000000080000D74] -> 0x3C23
mem[X,0x0000000080000D76] -> 0x4BF4
[862] [M]: 0x0000000080000D74 (0x4BF43C23) sd x31, 0x4b8(x8)                        inst_100+24
mem[W,0x0000000080004760] <- 0xFFFFFFFFFFFFFBFF

mem[X,0x0000000080000D78] -> 0x0E93
mem[X,0x0000000080000D7A] -> 0xBFF0
[863] [M]: 0x0000000080000D78 (0xBFF00E93) addi x29, x0, -0x401                     inst_101+0
x29 <- 0xFFFFFFFFFFFFFBFF

clint mtime 0x00000000000001B0 (mip.MTI <- 0b1, mip.STI <- 0b0)
mem[X,0x0000000080000D7C] -> 0x3023
mem[X,0x0000000080000D7E] -> 0x4DD4
[864] [M]: 0x0000000080000D7C (0x4DD43023) sd x29, 0x4c0(x8)                        inst_101+4
mem[W,0x0000000080004768] <- 0xFFFFFFFFFFFFFBFF

mem[X,0x0000000080000D80] -> 0x0E93
mem[X,0x0000000080000D82] -> 0x0010
[865] [M]: 0x0000000080000D80 (0x00100E93) addi x29, x0, 0x1                        inst_101+8
x29 <- 0x0000000000000001

clint mtime 0x00000000000001B1 (mip.MTI <- 0b1, mip.STI <- 0b0)
mem[X,0x0000000080000D84] -> 0x9E93
mem[X,0x0000000080000D86] -> 0x01DE
[866] [M]: 0x0000000080000D84 (0x01DE9E93) slli x29, x29, 0x1d                      inst_101+12
x29 <- 0x0000000020000000

mem[X,0x0000000080000D88] -> 0x0F13
mem[X,0x0000000080000D8A] -> 0x4C04
[867] [M]: 0x0000000080000D88 (0x4C040F13) addi x30, x8, 0x4c0                      inst_101+16
x30 <- 0x0000000080004768

clint mtime 0x00000000000001B2 (mip.MTI <- 0b1, mip.STI <- 0b0)
mem[X,0x0000000080000D8C] -> 0x2FAF
mem[X,0x0000000080000D8E] -> 0x61DF
[868] [M]: 0x0000000080000D8C (0x61DF2FAF) amoand.w x31, x29, (x30)                 inst_101+20
mem[RW,0x0000000080004768] -> 0xFFFFFBFF
mem[W,0x0000000080004768] <- 0x20000000
x31 <- 0xFFFFFFFFFFFFFBFF

mem[X,0x0000000080000D90] -> 0x3423
mem[X,0x0000000080000D92] -> 0x4DF4
[869] [M]: 0x0000000080000D90 (0x4DF43423) sd x31, 0x4c8(x8)                        inst_101+24
mem[W,0x0000000080004770] <- 0xFFFFFFFFFFFFFBFF

clint mtime 0x00000000000001B3 (mip.MTI <- 0b1, mip.STI <- 0b0)
mem[X,0x0000000080000D94] -> 0x0E93
mem[X,0x0000000080000D96] -> 0xBFF0
[870] [M]: 0x0000000080000D94 (0xBFF00E93) addi x29, x0, -0x401                     inst_102+0
x29 <- 0xFFFFFFFFFFFFFBFF

mem[X,0x0000000080000D98] -> 0x3823
mem[X,0x0000000080000D9A] -> 0x4DD4
[871] [M]: 0x0000000080000D98 (0x4DD43823) sd x29, 0x4d0(x8)                        inst_102+4
mem[W,0x0000000080004778] <- 0xFFFFFFFFFFFFFBFF

clint mtime 0x00000000000001B4 (mip.MTI <- 0b1, mip.STI <- 0b0)
mem[X,0x0000000080000D9C] -> 0x0E93
mem[X,0x0000000080000D9E] -> 0x0010
[872] [M]: 0x0000000080000D9C (0x00100E93) addi x29, x0, 0x1                        inst_102+8
x29 <- 0x0000000000000001

mem[X,0x0000000080000DA0] -> 0x9E93
mem[X,0x0000000080000DA2] -> 0x01EE
[873] [M]: 0x0000000080000DA0 (0x01EE9E93) slli x29, x29, 0x1e                      inst_102+12
x29 <- 0x0000000040000000

clint mtime 0x00000000000001B5 (mip.MTI <- 0b1, mip.STI <- 0b0)
mem[X,0x0000000080000DA4] -> 0x0F13
mem[X,0x0000000080000DA6] -> 0x4D04
[874] [M]: 0x0000000080000DA4 (0x4D040F13) addi x30, x8, 0x4d0                      inst_102+16
x30 <- 0x0000000080004778

mem[X,0x0000000080000DA8] -> 0x2FAF
mem[X,0x0000000080000DAA] -> 0x61DF
[875] [M]: 0x0000000080000DA8 (0x61DF2FAF) amoand.w x31, x29, (x30)                 inst_102+20
mem[RW,0x0000000080004778] -> 0xFFFFFBFF
mem[W,0x0000000080004778] <- 0x40000000
x31 <- 0xFFFFFFFFFFFFFBFF

clint mtime 0x00000000000001B6 (mip.MTI <- 0b1, mip.STI <- 0b0)
mem[X,0x0000000080000DAC] -> 0x3C23
mem[X,0x0000000080000DAE] -> 0x4DF4
[876] [M]: 0x0000000080000DAC (0x4DF43C23) sd x31, 0x4d8(x8)                        inst_102+24
mem[W,0x0000000080004780] <- 0xFFFFFFFFFFFFFBFF

mem[X,0x0000000080000DB0] -> 0x0E93
mem[X,0x0000000080000DB2] -> 0xBFF0
[877] [M]: 0x0000000080000DB0 (0xBFF00E93) addi x29, x0, -0x401                     inst_103+0
x29 <- 0xFFFFFFFFFFFFFBFF

clint mtime 0x00000000000001B7 (mip.MTI <- 0b1, mip.STI <- 0b0)
mem[X,0x0000000080000DB4] -> 0x3023
mem[X,0x0000000080000DB6] -> 0x4FD4
[878] [M]: 0x0000000080000DB4 (0x4FD43023) sd x29, 0x4e0(x8)                        inst_103+4
mem[W,0x0000000080004788] <- 0xFFFFFFFFFFFFFBFF

mem[X,0x0000000080000DB8] -> 0x0E93
mem[X,0x0000000080000DBA] -> 0x0010
[879] [M]: 0x0000000080000DB8 (0x00100E93) addi x29, x0, 0x1                        inst_103+8
x29 <- 0x0000000000000001

clint mtime 0x00000000000001B8 (mip.MTI <- 0b1, mip.STI <- 0b0)
mem[X,0x0000000080000DBC] -> 0x9E93
mem[X,0x0000000080000DBE] -> 0x01FE
[880] [M]: 0x0000000080000DBC (0x01FE9E93) slli x29, x29, 0x1f                      inst_103+12
x29 <- 0x0000000080000000

mem[X,0x0000000080000DC0] -> 0x0F13
mem[X,0x0000000080000DC2] -> 0x4E04
[881] [M]: 0x0000000080000DC0 (0x4E040F13) addi x30, x8, 0x4e0                      inst_103+16
x30 <- 0x0000000080004788

clint mtime 0x00000000000001B9 (mip.MTI <- 0b1, mip.STI <- 0b0)
mem[X,0x0000000080000DC4] -> 0x2FAF
mem[X,0x0000000080000DC6] -> 0x61DF
[882] [M]: 0x0000000080000DC4 (0x61DF2FAF) amoand.w x31, x29, (x30)                 inst_103+20
mem[RW,0x0000000080004788] -> 0xFFFFFBFF
mem[W,0x0000000080004788] <- 0x80000000
x31 <- 0xFFFFFFFFFFFFFBFF

mem[X,0x0000000080000DC8] -> 0x3423
mem[X,0x0000000080000DCA] -> 0x4FF4
[883] [M]: 0x0000000080000DC8 (0x4FF43423) sd x31, 0x4e8(x8)                        inst_103+24
mem[W,0x0000000080004790] <- 0xFFFFFFFFFFFFFBFF

clint mtime 0x00000000000001BA (mip.MTI <- 0b1, mip.STI <- 0b0)
mem[X,0x0000000080000DCC] -> 0x0E93
mem[X,0x0000000080000DCE] -> 0xBFF0
[884] [M]: 0x0000000080000DCC (0xBFF00E93) addi x29, x0, -0x401                     inst_104+0
x29 <- 0xFFFFFFFFFFFFFBFF

mem[X,0x0000000080000DD0] -> 0x3823
mem[X,0x0000000080000DD2] -> 0x4FD4
[885] [M]: 0x0000000080000DD0 (0x4FD43823) sd x29, 0x4f0(x8)                        inst_104+4
mem[W,0x0000000080004798] <- 0xFFFFFFFFFFFFFBFF

clint mtime 0x00000000000001BB (mip.MTI <- 0b1, mip.STI <- 0b0)
mem[X,0x0000000080000DD4] -> 0x0E93
mem[X,0x0000000080000DD6] -> 0x0010
[886] [M]: 0x0000000080000DD4 (0x00100E93) addi x29, x0, 0x1                        inst_104+8
x29 <- 0x0000000000000001

mem[X,0x0000000080000DD8] -> 0x9E93
mem[X,0x0000000080000DDA] -> 0x020E
[887] [M]: 0x0000000080000DD8 (0x020E9E93) slli x29, x29, 0x20                      inst_104+12
x29 <- 0x0000000100000000

clint mtime 0x00000000000001BC (mip.MTI <- 0b1, mip.STI <- 0b0)
mem[X,0x0000000080000DDC] -> 0x0F13
mem[X,0x0000000080000DDE] -> 0x4F04
[888] [M]: 0x0000000080000DDC (0x4F040F13) addi x30, x8, 0x4f0                      inst_104+16
x30 <- 0x0000000080004798

mem[X,0x0000000080000DE0] -> 0x2FAF
mem[X,0x0000000080000DE2] -> 0x61DF
[889] [M]: 0x0000000080000DE0 (0x61DF2FAF) amoand.w x31, x29, (x30)                 inst_104+20
mem[RW,0x0000000080004798] -> 0xFFFFFBFF
mem[W,0x0000000080004798] <- 0x00000000
x31 <- 0xFFFFFFFFFFFFFBFF

clint mtime 0x00000000000001BD (mip.MTI <- 0b1, mip.STI <- 0b0)
mem[X,0x0000000080000DE4] -> 0x3C23
mem[X,0x0000000080000DE6] -> 0x4FF4
[890] [M]: 0x0000000080000DE4 (0x4FF43C23) sd x31, 0x4f8(x8)                        inst_104+24
mem[W,0x00000000800047A0] <- 0xFFFFFFFFFFFFFBFF

mem[X,0x0000000080000DE8] -> 0x0E93
mem[X,0x0000000080000DEA] -> 0xBFF0
[891] [M]: 0x0000000080000DE8 (0xBFF00E93) addi x29, x0, -0x401                     inst_105+0
x29 <- 0xFFFFFFFFFFFFFBFF

clint mtime 0x00000000000001BE (mip.MTI <- 0b1, mip.STI <- 0b0)
mem[X,0x0000000080000DEC] -> 0x3023
mem[X,0x0000000080000DEE] -> 0x51D4
[892] [M]: 0x0000000080000DEC (0x51D43023) sd x29, 0x500(x8)                        inst_105+4
mem[W,0x00000000800047A8] <- 0xFFFFFFFFFFFFFBFF

mem[X,0x0000000080000DF0] -> 0x0E93
mem[X,0x0000000080000DF2] -> 0x0010
[893] [M]: 0x0000000080000DF0 (0x00100E93) addi x29, x0, 0x1                        inst_105+8
x29 <- 0x0000000000000001

clint mtime 0x00000000000001BF (mip.MTI <- 0b1, mip.STI <- 0b0)
mem[X,0x0000000080000DF4] -> 0x9E93
mem[X,0x0000000080000DF6] -> 0x021E
[894] [M]: 0x0000000080000DF4 (0x021E9E93) slli x29, x29, 0x21                      inst_105+12
x29 <- 0x0000000200000000

mem[X,0x0000000080000DF8] -> 0x0F13
mem[X,0x0000000080000DFA] -> 0x5004
[895] [M]: 0x0000000080000DF8 (0x50040F13) addi x30, x8, 0x500                      inst_105+16
x30 <- 0x00000000800047A8

clint mtime 0x00000000000001C0 (mip.MTI <- 0b1, mip.STI <- 0b0)
mem[X,0x0000000080000DFC] -> 0x2FAF
mem[X,0x0000000080000DFE] -> 0x61DF
[896] [M]: 0x0000000080000DFC (0x61DF2FAF) amoand.w x31, x29, (x30)                 inst_105+20
mem[RW,0x00000000800047A8] -> 0xFFFFFBFF
mem[W,0x00000000800047A8] <- 0x00000000
x31 <- 0xFFFFFFFFFFFFFBFF

mem[X,0x0000000080000E00] -> 0x3423
mem[X,0x0000000080000E02] -> 0x51F4
[897] [M]: 0x0000000080000E00 (0x51F43423) sd x31, 0x508(x8)                        inst_105+24
mem[W,0x00000000800047B0] <- 0xFFFFFFFFFFFFFBFF

clint mtime 0x00000000000001C1 (mip.MTI <- 0b1, mip.STI <- 0b0)
mem[X,0x0000000080000E04] -> 0x0E93
mem[X,0x0000000080000E06] -> 0xBFF0
[898] [M]: 0x0000000080000E04 (0xBFF00E93) addi x29, x0, -0x401                     inst_106+0
x29 <- 0xFFFFFFFFFFFFFBFF

mem[X,0x0000000080000E08] -> 0x3823
mem[X,0x0000000080000E0A] -> 0x51D4
[899] [M]: 0x0000000080000E08 (0x51D43823) sd x29, 0x510(x8)                        inst_106+4
mem[W,0x00000000800047B8] <- 0xFFFFFFFFFFFFFBFF

clint mtime 0x00000000000001C2 (mip.MTI <- 0b1, mip.STI <- 0b0)
mem[X,0x0000000080000E0C] -> 0x0E93
mem[X,0x0000000080000E0E] -> 0x0010
[900] [M]: 0x0000000080000E0C (0x00100E93) addi x29, x0, 0x1                        inst_106+8
x29 <- 0x0000000000000001

mem[X,0x0000000080000E10] -> 0x9E93
mem[X,0x0000000080000E12] -> 0x022E
[901] [M]: 0x0000000080000E10 (0x022E9E93) slli x29, x29, 0x22                      inst_106+12
x29 <- 0x0000000400000000

clint mtime 0x00000000000001C3 (mip.MTI <- 0b1, mip.STI <- 0b0)
mem[X,0x0000000080000E14] -> 0x0F13
mem[X,0x0000000080000E16] -> 0x5104
[902] [M]: 0x0000000080000E14 (0x51040F13) addi x30, x8, 0x510                      inst_106+16
x30 <- 0x00000000800047B8

mem[X,0x0000000080000E18] -> 0x2FAF
mem[X,0x0000000080000E1A] -> 0x61DF
[903] [M]: 0x0000000080000E18 (0x61DF2FAF) amoand.w x31, x29, (x30)                 inst_106+20
mem[RW,0x00000000800047B8] -> 0xFFFFFBFF
mem[W,0x00000000800047B8] <- 0x00000000
x31 <- 0xFFFFFFFFFFFFFBFF

clint mtime 0x00000000000001C4 (mip.MTI <- 0b1, mip.STI <- 0b0)
mem[X,0x0000000080000E1C] -> 0x3C23
mem[X,0x0000000080000E1E] -> 0x51F4
[904] [M]: 0x0000000080000E1C (0x51F43C23) sd x31, 0x518(x8)                        inst_106+24
mem[W,0x00000000800047C0] <- 0xFFFFFFFFFFFFFBFF

mem[X,0x0000000080000E20] -> 0x0E93
mem[X,0x0000000080000E22] -> 0xBFF0
[905] [M]: 0x0000000080000E20 (0xBFF00E93) addi x29, x0, -0x401                     inst_107+0
x29 <- 0xFFFFFFFFFFFFFBFF

clint mtime 0x00000000000001C5 (mip.MTI <- 0b1, mip.STI <- 0b0)
mem[X,0x0000000080000E24] -> 0x3023
mem[X,0x0000000080000E26] -> 0x53D4
[906] [M]: 0x0000000080000E24 (0x53D43023) sd x29, 0x520(x8)                        inst_107+4
mem[W,0x00000000800047C8] <- 0xFFFFFFFFFFFFFBFF

mem[X,0x0000000080000E28] -> 0x0E93
mem[X,0x0000000080000E2A] -> 0x0010
[907] [M]: 0x0000000080000E28 (0x00100E93) addi x29, x0, 0x1                        inst_107+8
x29 <- 0x0000000000000001

clint mtime 0x00000000000001C6 (mip.MTI <- 0b1, mip.STI <- 0b0)
mem[X,0x0000000080000E2C] -> 0x9E93
mem[X,0x0000000080000E2E] -> 0x023E
[908] [M]: 0x0000000080000E2C (0x023E9E93) slli x29, x29, 0x23                      inst_107+12
x29 <- 0x0000000800000000

mem[X,0x0000000080000E30] -> 0x0F13
mem[X,0x0000000080000E32] -> 0x5204
[909] [M]: 0x0000000080000E30 (0x52040F13) addi x30, x8, 0x520                      inst_107+16
x30 <- 0x00000000800047C8

clint mtime 0x00000000000001C7 (mip.MTI <- 0b1, mip.STI <- 0b0)
mem[X,0x0000000080000E34] -> 0x2FAF
mem[X,0x0000000080000E36] -> 0x61DF
[910] [M]: 0x0000000080000E34 (0x61DF2FAF) amoand.w x31, x29, (x30)                 inst_107+20
mem[RW,0x00000000800047C8] -> 0xFFFFFBFF
mem[W,0x00000000800047C8] <- 0x00000000
x31 <- 0xFFFFFFFFFFFFFBFF

mem[X,0x0000000080000E38] -> 0x3423
mem[X,0x0000000080000E3A] -> 0x53F4
[911] [M]: 0x0000000080000E38 (0x53F43423) sd x31, 0x528(x8)                        inst_107+24
mem[W,0x00000000800047D0] <- 0xFFFFFFFFFFFFFBFF

clint mtime 0x00000000000001C8 (mip.MTI <- 0b1, mip.STI <- 0b0)
mem[X,0x0000000080000E3C] -> 0x0E93
mem[X,0x0000000080000E3E] -> 0xBFF0
[912] [M]: 0x0000000080000E3C (0xBFF00E93) addi x29, x0, -0x401                     inst_108+0
x29 <- 0xFFFFFFFFFFFFFBFF

mem[X,0x0000000080000E40] -> 0x3823
mem[X,0x0000000080000E42] -> 0x53D4
[913] [M]: 0x0000000080000E40 (0x53D43823) sd x29, 0x530(x8)                        inst_108+4
mem[W,0x00000000800047D8] <- 0xFFFFFFFFFFFFFBFF

clint mtime 0x00000000000001C9 (mip.MTI <- 0b1, mip.STI <- 0b0)
mem[X,0x0000000080000E44] -> 0x0E93
mem[X,0x0000000080000E46] -> 0x0010
[914] [M]: 0x0000000080000E44 (0x00100E93) addi x29, x0, 0x1                        inst_108+8
x29 <- 0x0000000000000001

mem[X,0x0000000080000E48] -> 0x9E93
mem[X,0x0000000080000E4A] -> 0x024E
[915] [M]: 0x0000000080000E48 (0x024E9E93) slli x29, x29, 0x24                      inst_108+12
x29 <- 0x0000001000000000

clint mtime 0x00000000000001CA (mip.MTI <- 0b1, mip.STI <- 0b0)
mem[X,0x0000000080000E4C] -> 0x0F13
mem[X,0x0000000080000E4E] -> 0x5304
[916] [M]: 0x0000000080000E4C (0x53040F13) addi x30, x8, 0x530                      inst_108+16
x30 <- 0x00000000800047D8

mem[X,0x0000000080000E50] -> 0x2FAF
mem[X,0x0000000080000E52] -> 0x61DF
[917] [M]: 0x0000000080000E50 (0x61DF2FAF) amoand.w x31, x29, (x30)                 inst_108+20
mem[RW,0x00000000800047D8] -> 0xFFFFFBFF
mem[W,0x00000000800047D8] <- 0x00000000
x31 <- 0xFFFFFFFFFFFFFBFF

clint mtime 0x00000000000001CB (mip.MTI <- 0b1, mip.STI <- 0b0)
mem[X,0x0000000080000E54] -> 0x3C23
mem[X,0x0000000080000E56] -> 0x53F4
[918] [M]: 0x0000000080000E54 (0x53F43C23) sd x31, 0x538(x8)                        inst_108+24
mem[W,0x00000000800047E0] <- 0xFFFFFFFFFFFFFBFF

mem[X,0x0000000080000E58] -> 0x0E93
mem[X,0x0000000080000E5A] -> 0xBFF0
[919] [M]: 0x0000000080000E58 (0xBFF00E93) addi x29, x0, -0x401                     inst_109+0
x29 <- 0xFFFFFFFFFFFFFBFF

clint mtime 0x00000000000001CC (mip.MTI <- 0b1, mip.STI <- 0b0)
mem[X,0x0000000080000E5C] -> 0x3023
mem[X,0x0000000080000E5E] -> 0x55D4
[920] [M]: 0x0000000080000E5C (0x55D43023) sd x29, 0x540(x8)                        inst_109+4
mem[W,0x00000000800047E8] <- 0xFFFFFFFFFFFFFBFF

mem[X,0x0000000080000E60] -> 0x0E93
mem[X,0x0000000080000E62] -> 0x0010
[921] [M]: 0x0000000080000E60 (0x00100E93) addi x29, x0, 0x1                        inst_109+8
x29 <- 0x0000000000000001

clint mtime 0x00000000000001CD (mip.MTI <- 0b1, mip.STI <- 0b0)
mem[X,0x0000000080000E64] -> 0x9E93
mem[X,0x0000000080000E66] -> 0x025E
[922] [M]: 0x0000000080000E64 (0x025E9E93) slli x29, x29, 0x25                      inst_109+12
x29 <- 0x0000002000000000

mem[X,0x0000000080000E68] -> 0x0F13
mem[X,0x0000000080000E6A] -> 0x5404
[923] [M]: 0x0000000080000E68 (0x54040F13) addi x30, x8, 0x540                      inst_109+16
x30 <- 0x00000000800047E8

clint mtime 0x00000000000001CE (mip.MTI <- 0b1, mip.STI <- 0b0)
mem[X,0x0000000080000E6C] -> 0x2FAF
mem[X,0x0000000080000E6E] -> 0x61DF
[924] [M]: 0x0000000080000E6C (0x61DF2FAF) amoand.w x31, x29, (x30)                 inst_109+20
mem[RW,0x00000000800047E8] -> 0xFFFFFBFF
mem[W,0x00000000800047E8] <- 0x00000000
x31 <- 0xFFFFFFFFFFFFFBFF

mem[X,0x0000000080000E70] -> 0x3423
mem[X,0x0000000080000E72] -> 0x55F4
[925] [M]: 0x0000000080000E70 (0x55F43423) sd x31, 0x548(x8)                        inst_109+24
mem[W,0x00000000800047F0] <- 0xFFFFFFFFFFFFFBFF

clint mtime 0x00000000000001CF (mip.MTI <- 0b1, mip.STI <- 0b0)
mem[X,0x0000000080000E74] -> 0x0E93
mem[X,0x0000000080000E76] -> 0xBFF0
[926] [M]: 0x0000000080000E74 (0xBFF00E93) addi x29, x0, -0x401                     inst_110+0
x29 <- 0xFFFFFFFFFFFFFBFF

mem[X,0x0000000080000E78] -> 0x3823
mem[X,0x0000000080000E7A] -> 0x55D4
[927] [M]: 0x0000000080000E78 (0x55D43823) sd x29, 0x550(x8)                        inst_110+4
mem[W,0x00000000800047F8] <- 0xFFFFFFFFFFFFFBFF

clint mtime 0x00000000000001D0 (mip.MTI <- 0b1, mip.STI <- 0b0)
mem[X,0x0000000080000E7C] -> 0x0E93
mem[X,0x0000000080000E7E] -> 0x0010
[928] [M]: 0x0000000080000E7C (0x00100E93) addi x29, x0, 0x1                        inst_110+8
x29 <- 0x0000000000000001

mem[X,0x0000000080000E80] -> 0x9E93
mem[X,0x0000000080000E82] -> 0x026E
[929] [M]: 0x0000000080000E80 (0x026E9E93) slli x29, x29, 0x26                      inst_110+12
x29 <- 0x0000004000000000

clint mtime 0x00000000000001D1 (mip.MTI <- 0b1, mip.STI <- 0b0)
mem[X,0x0000000080000E84] -> 0x0F13
mem[X,0x0000000080000E86] -> 0x5504
[930] [M]: 0x0000000080000E84 (0x55040F13) addi x30, x8, 0x550                      inst_110+16
x30 <- 0x00000000800047F8

mem[X,0x0000000080000E88] -> 0x2FAF
mem[X,0x0000000080000E8A] -> 0x61DF
[931] [M]: 0x0000000080000E88 (0x61DF2FAF) amoand.w x31, x29, (x30)                 inst_110+20
mem[RW,0x00000000800047F8] -> 0xFFFFFBFF
mem[W,0x00000000800047F8] <- 0x00000000
x31 <- 0xFFFFFFFFFFFFFBFF

clint mtime 0x00000000000001D2 (mip.MTI <- 0b1, mip.STI <- 0b0)
mem[X,0x0000000080000E8C] -> 0x3C23
mem[X,0x0000000080000E8E] -> 0x55F4
[932] [M]: 0x0000000080000E8C (0x55F43C23) sd x31, 0x558(x8)                        inst_110+24
mem[W,0x0000000080004800] <- 0xFFFFFFFFFFFFFBFF

mem[X,0x0000000080000E90] -> 0x0E93
mem[X,0x0000000080000E92] -> 0xBFF0
[933] [M]: 0x0000000080000E90 (0xBFF00E93) addi x29, x0, -0x401                     inst_111+0
x29 <- 0xFFFFFFFFFFFFFBFF

clint mtime 0x00000000000001D3 (mip.MTI <- 0b1, mip.STI <- 0b0)
mem[X,0x0000000080000E94] -> 0x3023
mem[X,0x0000000080000E96] -> 0x57D4
[934] [M]: 0x0000000080000E94 (0x57D43023) sd x29, 0x560(x8)                        inst_111+4
mem[W,0x0000000080004808] <- 0xFFFFFFFFFFFFFBFF

mem[X,0x0000000080000E98] -> 0x0E93
mem[X,0x0000000080000E9A] -> 0x0010
[935] [M]: 0x0000000080000E98 (0x00100E93) addi x29, x0, 0x1                        inst_111+8
x29 <- 0x0000000000000001

clint mtime 0x00000000000001D4 (mip.MTI <- 0b1, mip.STI <- 0b0)
mem[X,0x0000000080000E9C] -> 0x9E93
mem[X,0x0000000080000E9E] -> 0x027E
[936] [M]: 0x0000000080000E9C (0x027E9E93) slli x29, x29, 0x27                      inst_111+12
x29 <- 0x0000008000000000

mem[X,0x0000000080000EA0] -> 0x0F13
mem[X,0x0000000080000EA2] -> 0x5604
[937] [M]: 0x0000000080000EA0 (0x56040F13) addi x30, x8, 0x560                      inst_111+16
x30 <- 0x0000000080004808

clint mtime 0x00000000000001D5 (mip.MTI <- 0b1, mip.STI <- 0b0)
mem[X,0x0000000080000EA4] -> 0x2FAF
mem[X,0x0000000080000EA6] -> 0x61DF
[938] [M]: 0x0000000080000EA4 (0x61DF2FAF) amoand.w x31, x29, (x30)                 inst_111+20
mem[RW,0x0000000080004808] -> 0xFFFFFBFF
mem[W,0x0000000080004808] <- 0x00000000
x31 <- 0xFFFFFFFFFFFFFBFF

mem[X,0x0000000080000EA8] -> 0x3423
mem[X,0x0000000080000EAA] -> 0x57F4
[939] [M]: 0x0000000080000EA8 (0x57F43423) sd x31, 0x568(x8)                        inst_111+24
mem[W,0x0000000080004810] <- 0xFFFFFFFFFFFFFBFF

clint mtime 0x00000000000001D6 (mip.MTI <- 0b1, mip.STI <- 0b0)
mem[X,0x0000000080000EAC] -> 0x0E93
mem[X,0x0000000080000EAE] -> 0xBFF0
[940] [M]: 0x0000000080000EAC (0xBFF00E93) addi x29, x0, -0x401                     inst_112+0
x29 <- 0xFFFFFFFFFFFFFBFF

mem[X,0x0000000080000EB0] -> 0x3823
mem[X,0x0000000080000EB2] -> 0x57D4
[941] [M]: 0x0000000080000EB0 (0x57D43823) sd x29, 0x570(x8)                        inst_112+4
mem[W,0x0000000080004818] <- 0xFFFFFFFFFFFFFBFF

clint mtime 0x00000000000001D7 (mip.MTI <- 0b1, mip.STI <- 0b0)
mem[X,0x0000000080000EB4] -> 0x0E93
mem[X,0x0000000080000EB6] -> 0x0010
[942] [M]: 0x0000000080000EB4 (0x00100E93) addi x29, x0, 0x1                        inst_112+8
x29 <- 0x0000000000000001

mem[X,0x0000000080000EB8] -> 0x9E93
mem[X,0x0000000080000EBA] -> 0x028E
[943] [M]: 0x0000000080000EB8 (0x028E9E93) slli x29, x29, 0x28                      inst_112+12
x29 <- 0x0000010000000000

clint mtime 0x00000000000001D8 (mip.MTI <- 0b1, mip.STI <- 0b0)
mem[X,0x0000000080000EBC] -> 0x0F13
mem[X,0x0000000080000EBE] -> 0x5704
[944] [M]: 0x0000000080000EBC (0x57040F13) addi x30, x8, 0x570                      inst_112+16
x30 <- 0x0000000080004818

mem[X,0x0000000080000EC0] -> 0x2FAF
mem[X,0x0000000080000EC2] -> 0x61DF
[945] [M]: 0x0000000080000EC0 (0x61DF2FAF) amoand.w x31, x29, (x30)                 inst_112+20
mem[RW,0x0000000080004818] -> 0xFFFFFBFF
mem[W,0x0000000080004818] <- 0x00000000
x31 <- 0xFFFFFFFFFFFFFBFF

clint mtime 0x00000000000001D9 (mip.MTI <- 0b1, mip.STI <- 0b0)
mem[X,0x0000000080000EC4] -> 0x3C23
mem[X,0x0000000080000EC6] -> 0x57F4
[946] [M]: 0x0000000080000EC4 (0x57F43C23) sd x31, 0x578(x8)                        inst_112+24
mem[W,0x0000000080004820] <- 0xFFFFFFFFFFFFFBFF

mem[X,0x0000000080000EC8] -> 0x0E93
mem[X,0x0000000080000ECA] -> 0xBFF0
[947] [M]: 0x0000000080000EC8 (0xBFF00E93) addi x29, x0, -0x401                     inst_113+0
x29 <- 0xFFFFFFFFFFFFFBFF

clint mtime 0x00000000000001DA (mip.MTI <- 0b1, mip.STI <- 0b0)
mem[X,0x0000000080000ECC] -> 0x3023
mem[X,0x0000000080000ECE] -> 0x59D4
[948] [M]: 0x0000000080000ECC (0x59D43023) sd x29, 0x580(x8)                        inst_113+4
mem[W,0x0000000080004828] <- 0xFFFFFFFFFFFFFBFF

mem[X,0x0000000080000ED0] -> 0x0E93
mem[X,0x0000000080000ED2] -> 0x0010
[949] [M]: 0x0000000080000ED0 (0x00100E93) addi x29, x0, 0x1                        inst_113+8
x29 <- 0x0000000000000001

clint mtime 0x00000000000001DB (mip.MTI <- 0b1, mip.STI <- 0b0)
mem[X,0x0000000080000ED4] -> 0x9E93
mem[X,0x0000000080000ED6] -> 0x029E
[950] [M]: 0x0000000080000ED4 (0x029E9E93) slli x29, x29, 0x29                      inst_113+12
x29 <- 0x0000020000000000

mem[X,0x0000000080000ED8] -> 0x0F13
mem[X,0x0000000080000EDA] -> 0x5804
[951] [M]: 0x0000000080000ED8 (0x58040F13) addi x30, x8, 0x580                      inst_113+16
x30 <- 0x0000000080004828

clint mtime 0x00000000000001DC (mip.MTI <- 0b1, mip.STI <- 0b0)
mem[X,0x0000000080000EDC] -> 0x2FAF
mem[X,0x0000000080000EDE] -> 0x61DF
[952] [M]: 0x0000000080000EDC (0x61DF2FAF) amoand.w x31, x29, (x30)                 inst_113+20
mem[RW,0x0000000080004828] -> 0xFFFFFBFF
mem[W,0x0000000080004828] <- 0x00000000
x31 <- 0xFFFFFFFFFFFFFBFF

mem[X,0x0000000080000EE0] -> 0x3423
mem[X,0x0000000080000EE2] -> 0x59F4
[953] [M]: 0x0000000080000EE0 (0x59F43423) sd x31, 0x588(x8)                        inst_113+24
mem[W,0x0000000080004830] <- 0xFFFFFFFFFFFFFBFF

clint mtime 0x00000000000001DD (mip.MTI <- 0b1, mip.STI <- 0b0)
mem[X,0x0000000080000EE4] -> 0x0E93
mem[X,0x0000000080000EE6] -> 0xBFF0
[954] [M]: 0x0000000080000EE4 (0xBFF00E93) addi x29, x0, -0x401                     inst_114+0
x29 <- 0xFFFFFFFFFFFFFBFF

mem[X,0x0000000080000EE8] -> 0x3823
mem[X,0x0000000080000EEA] -> 0x59D4
[955] [M]: 0x0000000080000EE8 (0x59D43823) sd x29, 0x590(x8)                        inst_114+4
mem[W,0x0000000080004838] <- 0xFFFFFFFFFFFFFBFF

clint mtime 0x00000000000001DE (mip.MTI <- 0b1, mip.STI <- 0b0)
mem[X,0x0000000080000EEC] -> 0x0E93
mem[X,0x0000000080000EEE] -> 0x0010
[956] [M]: 0x0000000080000EEC (0x00100E93) addi x29, x0, 0x1                        inst_114+8
x29 <- 0x0000000000000001

mem[X,0x0000000080000EF0] -> 0x9E93
mem[X,0x0000000080000EF2] -> 0x02AE
[957] [M]: 0x0000000080000EF0 (0x02AE9E93) slli x29, x29, 0x2a                      inst_114+12
x29 <- 0x0000040000000000

clint mtime 0x00000000000001DF (mip.MTI <- 0b1, mip.STI <- 0b0)
mem[X,0x0000000080000EF4] -> 0x0F13
mem[X,0x0000000080000EF6] -> 0x5904
[958] [M]: 0x0000000080000EF4 (0x59040F13) addi x30, x8, 0x590                      inst_114+16
x30 <- 0x0000000080004838

mem[X,0x0000000080000EF8] -> 0x2FAF
mem[X,0x0000000080000EFA] -> 0x61DF
[959] [M]: 0x0000000080000EF8 (0x61DF2FAF) amoand.w x31, x29, (x30)                 inst_114+20
mem[RW,0x0000000080004838] -> 0xFFFFFBFF
mem[W,0x0000000080004838] <- 0x00000000
x31 <- 0xFFFFFFFFFFFFFBFF

clint mtime 0x00000000000001E0 (mip.MTI <- 0b1, mip.STI <- 0b0)
mem[X,0x0000000080000EFC] -> 0x3C23
mem[X,0x0000000080000EFE] -> 0x59F4
[960] [M]: 0x0000000080000EFC (0x59F43C23) sd x31, 0x598(x8)                        inst_114+24
mem[W,0x0000000080004840] <- 0xFFFFFFFFFFFFFBFF

mem[X,0x0000000080000F00] -> 0x0E93
mem[X,0x0000000080000F02] -> 0xBFF0
[961] [M]: 0x0000000080000F00 (0xBFF00E93) addi x29, x0, -0x401                     inst_115+0
x29 <- 0xFFFFFFFFFFFFFBFF

clint mtime 0x00000000000001E1 (mip.MTI <- 0b1, mip.STI <- 0b0)
mem[X,0x0000000080000F04] -> 0x3023
mem[X,0x0000000080000F06] -> 0x5BD4
[962] [M]: 0x0000000080000F04 (0x5BD43023) sd x29, 0x5a0(x8)                        inst_115+4
mem[W,0x0000000080004848] <- 0xFFFFFFFFFFFFFBFF

mem[X,0x0000000080000F08] -> 0x0E93
mem[X,0x0000000080000F0A] -> 0x0010
[963] [M]: 0x0000000080000F08 (0x00100E93) addi x29, x0, 0x1                        inst_115+8
x29 <- 0x0000000000000001

clint mtime 0x00000000000001E2 (mip.MTI <- 0b1, mip.STI <- 0b0)
mem[X,0x0000000080000F0C] -> 0x9E93
mem[X,0x0000000080000F0E] -> 0x02BE
[964] [M]: 0x0000000080000F0C (0x02BE9E93) slli x29, x29, 0x2b                      inst_115+12
x29 <- 0x0000080000000000

mem[X,0x0000000080000F10] -> 0x0F13
mem[X,0x0000000080000F12] -> 0x5A04
[965] [M]: 0x0000000080000F10 (0x5A040F13) addi x30, x8, 0x5a0                      inst_115+16
x30 <- 0x0000000080004848

clint mtime 0x00000000000001E3 (mip.MTI <- 0b1, mip.STI <- 0b0)
mem[X,0x0000000080000F14] -> 0x2FAF
mem[X,0x0000000080000F16] -> 0x61DF
[966] [M]: 0x0000000080000F14 (0x61DF2FAF) amoand.w x31, x29, (x30)                 inst_115+20
mem[RW,0x0000000080004848] -> 0xFFFFFBFF
mem[W,0x0000000080004848] <- 0x00000000
x31 <- 0xFFFFFFFFFFFFFBFF

mem[X,0x0000000080000F18] -> 0x3423
mem[X,0x0000000080000F1A] -> 0x5BF4
[967] [M]: 0x0000000080000F18 (0x5BF43423) sd x31, 0x5a8(x8)                        inst_115+24
mem[W,0x0000000080004850] <- 0xFFFFFFFFFFFFFBFF

clint mtime 0x00000000000001E4 (mip.MTI <- 0b1, mip.STI <- 0b0)
mem[X,0x0000000080000F1C] -> 0x0E93
mem[X,0x0000000080000F1E] -> 0xBFF0
[968] [M]: 0x0000000080000F1C (0xBFF00E93) addi x29, x0, -0x401                     inst_116+0
x29 <- 0xFFFFFFFFFFFFFBFF

mem[X,0x0000000080000F20] -> 0x3823
mem[X,0x0000000080000F22] -> 0x5BD4
[969] [M]: 0x0000000080000F20 (0x5BD43823) sd x29, 0x5b0(x8)                        inst_116+4
mem[W,0x0000000080004858] <- 0xFFFFFFFFFFFFFBFF

clint mtime 0x00000000000001E5 (mip.MTI <- 0b1, mip.STI <- 0b0)
mem[X,0x0000000080000F24] -> 0x0E93
mem[X,0x0000000080000F26] -> 0x0010
[970] [M]: 0x0000000080000F24 (0x00100E93) addi x29, x0, 0x1                        inst_116+8
x29 <- 0x0000000000000001

mem[X,0x0000000080000F28] -> 0x9E93
mem[X,0x0000000080000F2A] -> 0x02CE
[971] [M]: 0x0000000080000F28 (0x02CE9E93) slli x29, x29, 0x2c                      inst_116+12
x29 <- 0x0000100000000000

clint mtime 0x00000000000001E6 (mip.MTI <- 0b1, mip.STI <- 0b0)
mem[X,0x0000000080000F2C] -> 0x0F13
mem[X,0x0000000080000F2E] -> 0x5B04
[972] [M]: 0x0000000080000F2C (0x5B040F13) addi x30, x8, 0x5b0                      inst_116+16
x30 <- 0x0000000080004858

mem[X,0x0000000080000F30] -> 0x2FAF
mem[X,0x0000000080000F32] -> 0x61DF
[973] [M]: 0x0000000080000F30 (0x61DF2FAF) amoand.w x31, x29, (x30)                 inst_116+20
mem[RW,0x0000000080004858] -> 0xFFFFFBFF
mem[W,0x0000000080004858] <- 0x00000000
x31 <- 0xFFFFFFFFFFFFFBFF

clint mtime 0x00000000000001E7 (mip.MTI <- 0b1, mip.STI <- 0b0)
mem[X,0x0000000080000F34] -> 0x3C23
mem[X,0x0000000080000F36] -> 0x5BF4
[974] [M]: 0x0000000080000F34 (0x5BF43C23) sd x31, 0x5b8(x8)                        inst_116+24
mem[W,0x0000000080004860] <- 0xFFFFFFFFFFFFFBFF

mem[X,0x0000000080000F38] -> 0x0E93
mem[X,0x0000000080000F3A] -> 0xBFF0
[975] [M]: 0x0000000080000F38 (0xBFF00E93) addi x29, x0, -0x401                     inst_117+0
x29 <- 0xFFFFFFFFFFFFFBFF

clint mtime 0x00000000000001E8 (mip.MTI <- 0b1, mip.STI <- 0b0)
mem[X,0x0000000080000F3C] -> 0x3023
mem[X,0x0000000080000F3E] -> 0x5DD4
[976] [M]: 0x0000000080000F3C (0x5DD43023) sd x29, 0x5c0(x8)                        inst_117+4
mem[W,0x0000000080004868] <- 0xFFFFFFFFFFFFFBFF

mem[X,0x0000000080000F40] -> 0x0E93
mem[X,0x0000000080000F42] -> 0x0010
[977] [M]: 0x0000000080000F40 (0x00100E93) addi x29, x0, 0x1                        inst_117+8
x29 <- 0x0000000000000001

clint mtime 0x00000000000001E9 (mip.MTI <- 0b1, mip.STI <- 0b0)
mem[X,0x0000000080000F44] -> 0x9E93
mem[X,0x0000000080000F46] -> 0x02DE
[978] [M]: 0x0000000080000F44 (0x02DE9E93) slli x29, x29, 0x2d                      inst_117+12
x29 <- 0x0000200000000000

mem[X,0x0000000080000F48] -> 0x0F13
mem[X,0x0000000080000F4A] -> 0x5C04
[979] [M]: 0x0000000080000F48 (0x5C040F13) addi x30, x8, 0x5c0                      inst_117+16
x30 <- 0x0000000080004868

clint mtime 0x00000000000001EA (mip.MTI <- 0b1, mip.STI <- 0b0)
mem[X,0x0000000080000F4C] -> 0x2FAF
mem[X,0x0000000080000F4E] -> 0x61DF
[980] [M]: 0x0000000080000F4C (0x61DF2FAF) amoand.w x31, x29, (x30)                 inst_117+20
mem[RW,0x0000000080004868] -> 0xFFFFFBFF
mem[W,0x0000000080004868] <- 0x00000000
x31 <- 0xFFFFFFFFFFFFFBFF

mem[X,0x0000000080000F50] -> 0x3423
mem[X,0x0000000080000F52] -> 0x5DF4
[981] [M]: 0x0000000080000F50 (0x5DF43423) sd x31, 0x5c8(x8)                        inst_117+24
mem[W,0x0000000080004870] <- 0xFFFFFFFFFFFFFBFF

clint mtime 0x00000000000001EB (mip.MTI <- 0b1, mip.STI <- 0b0)
mem[X,0x0000000080000F54] -> 0x0E93
mem[X,0x0000000080000F56] -> 0xBFF0
[982] [M]: 0x0000000080000F54 (0xBFF00E93) addi x29, x0, -0x401                     inst_118+0
x29 <- 0xFFFFFFFFFFFFFBFF

mem[X,0x0000000080000F58] -> 0x3823
mem[X,0x0000000080000F5A] -> 0x5DD4
[983] [M]: 0x0000000080000F58 (0x5DD43823) sd x29, 0x5d0(x8)                        inst_118+4
mem[W,0x0000000080004878] <- 0xFFFFFFFFFFFFFBFF

clint mtime 0x00000000000001EC (mip.MTI <- 0b1, mip.STI <- 0b0)
mem[X,0x0000000080000F5C] -> 0x0E93
mem[X,0x0000000080000F5E] -> 0x0010
[984] [M]: 0x0000000080000F5C (0x00100E93) addi x29, x0, 0x1                        inst_118+8
x29 <- 0x0000000000000001

mem[X,0x0000000080000F60] -> 0x9E93
mem[X,0x0000000080000F62] -> 0x02EE
[985] [M]: 0x0000000080000F60 (0x02EE9E93) slli x29, x29, 0x2e                      inst_118+12
x29 <- 0x0000400000000000

clint mtime 0x00000000000001ED (mip.MTI <- 0b1, mip.STI <- 0b0)
mem[X,0x0000000080000F64] -> 0x0F13
mem[X,0x0000000080000F66] -> 0x5D04
[986] [M]: 0x0000000080000F64 (0x5D040F13) addi x30, x8, 0x5d0                      inst_118+16
x30 <- 0x0000000080004878

mem[X,0x0000000080000F68] -> 0x2FAF
mem[X,0x0000000080000F6A] -> 0x61DF
[987] [M]: 0x0000000080000F68 (0x61DF2FAF) amoand.w x31, x29, (x30)                 inst_118+20
mem[RW,0x0000000080004878] -> 0xFFFFFBFF
mem[W,0x0000000080004878] <- 0x00000000
x31 <- 0xFFFFFFFFFFFFFBFF

clint mtime 0x00000000000001EE (mip.MTI <- 0b1, mip.STI <- 0b0)
mem[X,0x0000000080000F6C] -> 0x3C23
mem[X,0x0000000080000F6E] -> 0x5DF4
[988] [M]: 0x0000000080000F6C (0x5DF43C23) sd x31, 0x5d8(x8)                        inst_118+24
mem[W,0x0000000080004880] <- 0xFFFFFFFFFFFFFBFF

mem[X,0x0000000080000F70] -> 0x0E93
mem[X,0x0000000080000F72] -> 0xBFF0
[989] [M]: 0x0000000080000F70 (0xBFF00E93) addi x29, x0, -0x401                     inst_119+0
x29 <- 0xFFFFFFFFFFFFFBFF

clint mtime 0x00000000000001EF (mip.MTI <- 0b1, mip.STI <- 0b0)
mem[X,0x0000000080000F74] -> 0x3023
mem[X,0x0000000080000F76] -> 0x5FD4
[990] [M]: 0x0000000080000F74 (0x5FD43023) sd x29, 0x5e0(x8)                        inst_119+4
mem[W,0x0000000080004888] <- 0xFFFFFFFFFFFFFBFF

mem[X,0x0000000080000F78] -> 0x0E93
mem[X,0x0000000080000F7A] -> 0x0010
[991] [M]: 0x0000000080000F78 (0x00100E93) addi x29, x0, 0x1                        inst_119+8
x29 <- 0x0000000000000001

clint mtime 0x00000000000001F0 (mip.MTI <- 0b1, mip.STI <- 0b0)
mem[X,0x0000000080000F7C] -> 0x9E93
mem[X,0x0000000080000F7E] -> 0x02FE
[992] [M]: 0x0000000080000F7C (0x02FE9E93) slli x29, x29, 0x2f                      inst_119+12
x29 <- 0x0000800000000000

mem[X,0x0000000080000F80] -> 0x0F13
mem[X,0x0000000080000F82] -> 0x5E04
[993] [M]: 0x0000000080000F80 (0x5E040F13) addi x30, x8, 0x5e0                      inst_119+16
x30 <- 0x0000000080004888

clint mtime 0x00000000000001F1 (mip.MTI <- 0b1, mip.STI <- 0b0)
mem[X,0x0000000080000F84] -> 0x2FAF
mem[X,0x0000000080000F86] -> 0x61DF
[994] [M]: 0x0000000080000F84 (0x61DF2FAF) amoand.w x31, x29, (x30)                 inst_119+20
mem[RW,0x0000000080004888] -> 0xFFFFFBFF
mem[W,0x0000000080004888] <- 0x00000000
x31 <- 0xFFFFFFFFFFFFFBFF

mem[X,0x0000000080000F88] -> 0x3423
mem[X,0x0000000080000F8A] -> 0x5FF4
[995] [M]: 0x0000000080000F88 (0x5FF43423) sd x31, 0x5e8(x8)                        inst_119+24
mem[W,0x0000000080004890] <- 0xFFFFFFFFFFFFFBFF

clint mtime 0x00000000000001F2 (mip.MTI <- 0b1, mip.STI <- 0b0)
mem[X,0x0000000080000F8C] -> 0x0E93
mem[X,0x0000000080000F8E] -> 0xBFF0
[996] [M]: 0x0000000080000F8C (0xBFF00E93) addi x29, x0, -0x401                     inst_120+0
x29 <- 0xFFFFFFFFFFFFFBFF

mem[X,0x0000000080000F90] -> 0x3823
mem[X,0x0000000080000F92] -> 0x5FD4
[997] [M]: 0x0000000080000F90 (0x5FD43823) sd x29, 0x5f0(x8)                        inst_120+4
mem[W,0x0000000080004898] <- 0xFFFFFFFFFFFFFBFF

clint mtime 0x00000000000001F3 (mip.MTI <- 0b1, mip.STI <- 0b0)
mem[X,0x0000000080000F94] -> 0x0E93
mem[X,0x0000000080000F96] -> 0x0010
[998] [M]: 0x0000000080000F94 (0x00100E93) addi x29, x0, 0x1                        inst_120+8
x29 <- 0x0000000000000001

mem[X,0x0000000080000F98] -> 0x9E93
mem[X,0x0000000080000F9A] -> 0x030E
[999] [M]: 0x0000000080000F98 (0x030E9E93) slli x29, x29, 0x30                      inst_120+12
x29 <- 0x0001000000000000

clint mtime 0x00000000000001F4 (mip.MTI <- 0b1, mip.STI <- 0b0)
mem[X,0x0000000080000F9C] -> 0x0F13
mem[X,0x0000000080000F9E] -> 0x5F04
[1000] [M]: 0x0000000080000F9C (0x5F040F13) addi x30, x8, 0x5f0                     inst_120+16
x30 <- 0x0000000080004898

mem[X,0x0000000080000FA0] -> 0x2FAF
mem[X,0x0000000080000FA2] -> 0x61DF
[1001] [M]: 0x0000000080000FA0 (0x61DF2FAF) amoand.w x31, x29, (x30)                inst_120+20
mem[RW,0x0000000080004898] -> 0xFFFFFBFF
mem[W,0x0000000080004898] <- 0x00000000
x31 <- 0xFFFFFFFFFFFFFBFF

clint mtime 0x00000000000001F5 (mip.MTI <- 0b1, mip.STI <- 0b0)
mem[X,0x0000000080000FA4] -> 0x3C23
mem[X,0x0000000080000FA6] -> 0x5FF4
[1002] [M]: 0x0000000080000FA4 (0x5FF43C23) sd x31, 0x5f8(x8)                       inst_120+24
mem[W,0x00000000800048A0] <- 0xFFFFFFFFFFFFFBFF

mem[X,0x0000000080000FA8] -> 0x0E93
mem[X,0x0000000080000FAA] -> 0xBFF0
[1003] [M]: 0x0000000080000FA8 (0xBFF00E93) addi x29, x0, -0x401                    inst_121+0
x29 <- 0xFFFFFFFFFFFFFBFF

clint mtime 0x00000000000001F6 (mip.MTI <- 0b1, mip.STI <- 0b0)
mem[X,0x0000000080000FAC] -> 0x3023
mem[X,0x0000000080000FAE] -> 0x61D4
[1004] [M]: 0x0000000080000FAC (0x61D43023) sd x29, 0x600(x8)                       inst_121+4
mem[W,0x00000000800048A8] <- 0xFFFFFFFFFFFFFBFF

mem[X,0x0000000080000FB0] -> 0x0E93
mem[X,0x0000000080000FB2] -> 0x0010
[1005] [M]: 0x0000000080000FB0 (0x00100E93) addi x29, x0, 0x1                       inst_121+8
x29 <- 0x0000000000000001

clint mtime 0x00000000000001F7 (mip.MTI <- 0b1, mip.STI <- 0b0)
mem[X,0x0000000080000FB4] -> 0x9E93
mem[X,0x0000000080000FB6] -> 0x031E
[1006] [M]: 0x0000000080000FB4 (0x031E9E93) slli x29, x29, 0x31                     inst_121+12
x29 <- 0x0002000000000000

mem[X,0x0000000080000FB8] -> 0x0F13
mem[X,0x0000000080000FBA] -> 0x6004
[1007] [M]: 0x0000000080000FB8 (0x60040F13) addi x30, x8, 0x600                     inst_121+16
x30 <- 0x00000000800048A8

clint mtime 0x00000000000001F8 (mip.MTI <- 0b1, mip.STI <- 0b0)
mem[X,0x0000000080000FBC] -> 0x2FAF
mem[X,0x0000000080000FBE] -> 0x61DF
[1008] [M]: 0x0000000080000FBC (0x61DF2FAF) amoand.w x31, x29, (x30)                inst_121+20
mem[RW,0x00000000800048A8] -> 0xFFFFFBFF
mem[W,0x00000000800048A8] <- 0x00000000
x31 <- 0xFFFFFFFFFFFFFBFF

mem[X,0x0000000080000FC0] -> 0x3423
mem[X,0x0000000080000FC2] -> 0x61F4
[1009] [M]: 0x0000000080000FC0 (0x61F43423) sd x31, 0x608(x8)                       inst_121+24
mem[W,0x00000000800048B0] <- 0xFFFFFFFFFFFFFBFF

clint mtime 0x00000000000001F9 (mip.MTI <- 0b1, mip.STI <- 0b0)
mem[X,0x0000000080000FC4] -> 0x0E93
mem[X,0x0000000080000FC6] -> 0xBFF0
[1010] [M]: 0x0000000080000FC4 (0xBFF00E93) addi x29, x0, -0x401                    inst_122+0
x29 <- 0xFFFFFFFFFFFFFBFF

mem[X,0x0000000080000FC8] -> 0x3823
mem[X,0x0000000080000FCA] -> 0x61D4
[1011] [M]: 0x0000000080000FC8 (0x61D43823) sd x29, 0x610(x8)                       inst_122+4
mem[W,0x00000000800048B8] <- 0xFFFFFFFFFFFFFBFF

clint mtime 0x00000000000001FA (mip.MTI <- 0b1, mip.STI <- 0b0)
mem[X,0x0000000080000FCC] -> 0x0E93
mem[X,0x0000000080000FCE] -> 0x0010
[1012] [M]: 0x0000000080000FCC (0x00100E93) addi x29, x0, 0x1                       inst_122+8
x29 <- 0x0000000000000001

mem[X,0x0000000080000FD0] -> 0x9E93
mem[X,0x0000000080000FD2] -> 0x032E
[1013] [M]: 0x0000000080000FD0 (0x032E9E93) slli x29, x29, 0x32                     inst_122+12
x29 <- 0x0004000000000000

clint mtime 0x00000000000001FB (mip.MTI <- 0b1, mip.STI <- 0b0)
mem[X,0x0000000080000FD4] -> 0x0F13
mem[X,0x0000000080000FD6] -> 0x6104
[1014] [M]: 0x0000000080000FD4 (0x61040F13) addi x30, x8, 0x610                     inst_122+16
x30 <- 0x00000000800048B8

mem[X,0x0000000080000FD8] -> 0x2FAF
mem[X,0x0000000080000FDA] -> 0x61DF
[1015] [M]: 0x0000000080000FD8 (0x61DF2FAF) amoand.w x31, x29, (x30)                inst_122+20
mem[RW,0x00000000800048B8] -> 0xFFFFFBFF
mem[W,0x00000000800048B8] <- 0x00000000
x31 <- 0xFFFFFFFFFFFFFBFF

clint mtime 0x00000000000001FC (mip.MTI <- 0b1, mip.STI <- 0b0)
mem[X,0x0000000080000FDC] -> 0x3C23
mem[X,0x0000000080000FDE] -> 0x61F4
[1016] [M]: 0x0000000080000FDC (0x61F43C23) sd x31, 0x618(x8)                       inst_122+24
mem[W,0x00000000800048C0] <- 0xFFFFFFFFFFFFFBFF

mem[X,0x0000000080000FE0] -> 0x0E93
mem[X,0x0000000080000FE2] -> 0xBFF0
[1017] [M]: 0x0000000080000FE0 (0xBFF00E93) addi x29, x0, -0x401                    inst_123+0
x29 <- 0xFFFFFFFFFFFFFBFF

clint mtime 0x00000000000001FD (mip.MTI <- 0b1, mip.STI <- 0b0)
mem[X,0x0000000080000FE4] -> 0x3023
mem[X,0x0000000080000FE6] -> 0x63D4
[1018] [M]: 0x0000000080000FE4 (0x63D43023) sd x29, 0x620(x8)                       inst_123+4
mem[W,0x00000000800048C8] <- 0xFFFFFFFFFFFFFBFF

mem[X,0x0000000080000FE8] -> 0x0E93
mem[X,0x0000000080000FEA] -> 0x0010
[1019] [M]: 0x0000000080000FE8 (0x00100E93) addi x29, x0, 0x1                       inst_123+8
x29 <- 0x0000000000000001

clint mtime 0x00000000000001FE (mip.MTI <- 0b1, mip.STI <- 0b0)
mem[X,0x0000000080000FEC] -> 0x9E93
mem[X,0x0000000080000FEE] -> 0x033E
[1020] [M]: 0x0000000080000FEC (0x033E9E93) slli x29, x29, 0x33                     inst_123+12
x29 <- 0x0008000000000000

mem[X,0x0000000080000FF0] -> 0x0F13
mem[X,0x0000000080000FF2] -> 0x6204
[1021] [M]: 0x0000000080000FF0 (0x62040F13) addi x30, x8, 0x620                     inst_123+16
x30 <- 0x00000000800048C8

clint mtime 0x00000000000001FF (mip.MTI <- 0b1, mip.STI <- 0b0)
mem[X,0x0000000080000FF4] -> 0x2FAF
mem[X,0x0000000080000FF6] -> 0x61DF
[1022] [M]: 0x0000000080000FF4 (0x61DF2FAF) amoand.w x31, x29, (x30)                inst_123+20
mem[RW,0x00000000800048C8] -> 0xFFFFFBFF
mem[W,0x00000000800048C8] <- 0x00000000
x31 <- 0xFFFFFFFFFFFFFBFF

mem[X,0x0000000080000FF8] -> 0x3423
mem[X,0x0000000080000FFA] -> 0x63F4
[1023] [M]: 0x0000000080000FF8 (0x63F43423) sd x31, 0x628(x8)                       inst_123+24
mem[W,0x00000000800048D0] <- 0xFFFFFFFFFFFFFBFF

clint mtime 0x0000000000000200 (mip.MTI <- 0b1, mip.STI <- 0b0)
mem[X,0x0000000080000FFC] -> 0x0E93
mem[X,0x0000000080000FFE] -> 0xBFF0
[1024] [M]: 0x0000000080000FFC (0xBFF00E93) addi x29, x0, -0x401                    inst_124+0
x29 <- 0xFFFFFFFFFFFFFBFF

mem[X,0x0000000080001000] -> 0x3823
mem[X,0x0000000080001002] -> 0x63D4
[1025] [M]: 0x0000000080001000 (0x63D43823) sd x29, 0x630(x8)                       inst_124+4
mem[W,0x00000000800048D8] <- 0xFFFFFFFFFFFFFBFF

clint mtime 0x0000000000000201 (mip.MTI <- 0b1, mip.STI <- 0b0)
mem[X,0x0000000080001004] -> 0x0E93
mem[X,0x0000000080001006] -> 0x0010
[1026] [M]: 0x0000000080001004 (0x00100E93) addi x29, x0, 0x1                       inst_124+8
x29 <- 0x0000000000000001

mem[X,0x0000000080001008] -> 0x9E93
mem[X,0x000000008000100A] -> 0x034E
[1027] [M]: 0x0000000080001008 (0x034E9E93) slli x29, x29, 0x34                     inst_124+12
x29 <- 0x0010000000000000

clint mtime 0x0000000000000202 (mip.MTI <- 0b1, mip.STI <- 0b0)
mem[X,0x000000008000100C] -> 0x0F13
mem[X,0x000000008000100E] -> 0x6304
[1028] [M]: 0x000000008000100C (0x63040F13) addi x30, x8, 0x630                     inst_124+16
x30 <- 0x00000000800048D8

mem[X,0x0000000080001010] -> 0x2FAF
mem[X,0x0000000080001012] -> 0x61DF
[1029] [M]: 0x0000000080001010 (0x61DF2FAF) amoand.w x31, x29, (x30)                inst_124+20
mem[RW,0x00000000800048D8] -> 0xFFFFFBFF
mem[W,0x00000000800048D8] <- 0x00000000
x31 <- 0xFFFFFFFFFFFFFBFF

clint mtime 0x0000000000000203 (mip.MTI <- 0b1, mip.STI <- 0b0)
mem[X,0x0000000080001014] -> 0x3C23
mem[X,0x0000000080001016] -> 0x63F4
[1030] [M]: 0x0000000080001014 (0x63F43C23) sd x31, 0x638(x8)                       inst_124+24
mem[W,0x00000000800048E0] <- 0xFFFFFFFFFFFFFBFF

mem[X,0x0000000080001018] -> 0x0E93
mem[X,0x000000008000101A] -> 0xBFF0
[1031] [M]: 0x0000000080001018 (0xBFF00E93) addi x29, x0, -0x401                    inst_125+0
x29 <- 0xFFFFFFFFFFFFFBFF

clint mtime 0x0000000000000204 (mip.MTI <- 0b1, mip.STI <- 0b0)
mem[X,0x000000008000101C] -> 0x3023
mem[X,0x000000008000101E] -> 0x65D4
[1032] [M]: 0x000000008000101C (0x65D43023) sd x29, 0x640(x8)                       inst_125+4
mem[W,0x00000000800048E8] <- 0xFFFFFFFFFFFFFBFF

mem[X,0x0000000080001020] -> 0x0E93
mem[X,0x0000000080001022] -> 0x0010
[1033] [M]: 0x0000000080001020 (0x00100E93) addi x29, x0, 0x1                       inst_125+8
x29 <- 0x0000000000000001

clint mtime 0x0000000000000205 (mip.MTI <- 0b1, mip.STI <- 0b0)
mem[X,0x0000000080001024] -> 0x9E93
mem[X,0x0000000080001026] -> 0x035E
[1034] [M]: 0x0000000080001024 (0x035E9E93) slli x29, x29, 0x35                     inst_125+12
x29 <- 0x0020000000000000

mem[X,0x0000000080001028] -> 0x0F13
mem[X,0x000000008000102A] -> 0x6404
[1035] [M]: 0x0000000080001028 (0x64040F13) addi x30, x8, 0x640                     inst_125+16
x30 <- 0x00000000800048E8

clint mtime 0x0000000000000206 (mip.MTI <- 0b1, mip.STI <- 0b0)
mem[X,0x000000008000102C] -> 0x2FAF
mem[X,0x000000008000102E] -> 0x61DF
[1036] [M]: 0x000000008000102C (0x61DF2FAF) amoand.w x31, x29, (x30)                inst_125+20
mem[RW,0x00000000800048E8] -> 0xFFFFFBFF
mem[W,0x00000000800048E8] <- 0x00000000
x31 <- 0xFFFFFFFFFFFFFBFF

mem[X,0x0000000080001030] -> 0x3423
mem[X,0x0000000080001032] -> 0x65F4
[1037] [M]: 0x0000000080001030 (0x65F43423) sd x31, 0x648(x8)                       inst_125+24
mem[W,0x00000000800048F0] <- 0xFFFFFFFFFFFFFBFF

clint mtime 0x0000000000000207 (mip.MTI <- 0b1, mip.STI <- 0b0)
mem[X,0x0000000080001034] -> 0x0E93
mem[X,0x0000000080001036] -> 0xBFF0
[1038] [M]: 0x0000000080001034 (0xBFF00E93) addi x29, x0, -0x401                    inst_126+0
x29 <- 0xFFFFFFFFFFFFFBFF

mem[X,0x0000000080001038] -> 0x3823
mem[X,0x000000008000103A] -> 0x65D4
[1039] [M]: 0x0000000080001038 (0x65D43823) sd x29, 0x650(x8)                       inst_126+4
mem[W,0x00000000800048F8] <- 0xFFFFFFFFFFFFFBFF

clint mtime 0x0000000000000208 (mip.MTI <- 0b1, mip.STI <- 0b0)
mem[X,0x000000008000103C] -> 0x0E93
mem[X,0x000000008000103E] -> 0x0010
[1040] [M]: 0x000000008000103C (0x00100E93) addi x29, x0, 0x1                       inst_126+8
x29 <- 0x0000000000000001

mem[X,0x0000000080001040] -> 0x9E93
mem[X,0x0000000080001042] -> 0x036E
[1041] [M]: 0x0000000080001040 (0x036E9E93) slli x29, x29, 0x36                     inst_126+12
x29 <- 0x0040000000000000

clint mtime 0x0000000000000209 (mip.MTI <- 0b1, mip.STI <- 0b0)
mem[X,0x0000000080001044] -> 0x0F13
mem[X,0x0000000080001046] -> 0x6504
[1042] [M]: 0x0000000080001044 (0x65040F13) addi x30, x8, 0x650                     inst_126+16
x30 <- 0x00000000800048F8

mem[X,0x0000000080001048] -> 0x2FAF
mem[X,0x000000008000104A] -> 0x61DF
[1043] [M]: 0x0000000080001048 (0x61DF2FAF) amoand.w x31, x29, (x30)                inst_126+20
mem[RW,0x00000000800048F8] -> 0xFFFFFBFF
mem[W,0x00000000800048F8] <- 0x00000000
x31 <- 0xFFFFFFFFFFFFFBFF

clint mtime 0x000000000000020A (mip.MTI <- 0b1, mip.STI <- 0b0)
mem[X,0x000000008000104C] -> 0x3C23
mem[X,0x000000008000104E] -> 0x65F4
[1044] [M]: 0x000000008000104C (0x65F43C23) sd x31, 0x658(x8)                       inst_126+24
mem[W,0x0000000080004900] <- 0xFFFFFFFFFFFFFBFF

mem[X,0x0000000080001050] -> 0x0E93
mem[X,0x0000000080001052] -> 0xBFF0
[1045] [M]: 0x0000000080001050 (0xBFF00E93) addi x29, x0, -0x401                    inst_127+0
x29 <- 0xFFFFFFFFFFFFFBFF

clint mtime 0x000000000000020B (mip.MTI <- 0b1, mip.STI <- 0b0)
mem[X,0x0000000080001054] -> 0x3023
mem[X,0x0000000080001056] -> 0x67D4
[1046] [M]: 0x0000000080001054 (0x67D43023) sd x29, 0x660(x8)                       inst_127+4
mem[W,0x0000000080004908] <- 0xFFFFFFFFFFFFFBFF

mem[X,0x0000000080001058] -> 0x0E93
mem[X,0x000000008000105A] -> 0x0010
[1047] [M]: 0x0000000080001058 (0x00100E93) addi x29, x0, 0x1                       inst_127+8
x29 <- 0x0000000000000001

clint mtime 0x000000000000020C (mip.MTI <- 0b1, mip.STI <- 0b0)
mem[X,0x000000008000105C] -> 0x9E93
mem[X,0x000000008000105E] -> 0x037E
[1048] [M]: 0x000000008000105C (0x037E9E93) slli x29, x29, 0x37                     inst_127+12
x29 <- 0x0080000000000000

mem[X,0x0000000080001060] -> 0x0F13
mem[X,0x0000000080001062] -> 0x6604
[1049] [M]: 0x0000000080001060 (0x66040F13) addi x30, x8, 0x660                     inst_127+16
x30 <- 0x0000000080004908

clint mtime 0x000000000000020D (mip.MTI <- 0b1, mip.STI <- 0b0)
mem[X,0x0000000080001064] -> 0x2FAF
mem[X,0x0000000080001066] -> 0x61DF
[1050] [M]: 0x0000000080001064 (0x61DF2FAF) amoand.w x31, x29, (x30)                inst_127+20
mem[RW,0x0000000080004908] -> 0xFFFFFBFF
mem[W,0x0000000080004908] <- 0x00000000
x31 <- 0xFFFFFFFFFFFFFBFF

mem[X,0x0000000080001068] -> 0x3423
mem[X,0x000000008000106A] -> 0x67F4
[1051] [M]: 0x0000000080001068 (0x67F43423) sd x31, 0x668(x8)                       inst_127+24
mem[W,0x0000000080004910] <- 0xFFFFFFFFFFFFFBFF

clint mtime 0x000000000000020E (mip.MTI <- 0b1, mip.STI <- 0b0)
mem[X,0x000000008000106C] -> 0x0E93
mem[X,0x000000008000106E] -> 0xBFF0
[1052] [M]: 0x000000008000106C (0xBFF00E93) addi x29, x0, -0x401                    inst_128+0
x29 <- 0xFFFFFFFFFFFFFBFF

mem[X,0x0000000080001070] -> 0x3823
mem[X,0x0000000080001072] -> 0x67D4
[1053] [M]: 0x0000000080001070 (0x67D43823) sd x29, 0x670(x8)                       inst_128+4
mem[W,0x0000000080004918] <- 0xFFFFFFFFFFFFFBFF

clint mtime 0x000000000000020F (mip.MTI <- 0b1, mip.STI <- 0b0)
mem[X,0x0000000080001074] -> 0x0E93
mem[X,0x0000000080001076] -> 0x0010
[1054] [M]: 0x0000000080001074 (0x00100E93) addi x29, x0, 0x1                       inst_128+8
x29 <- 0x0000000000000001

mem[X,0x0000000080001078] -> 0x9E93
mem[X,0x000000008000107A] -> 0x038E
[1055] [M]: 0x0000000080001078 (0x038E9E93) slli x29, x29, 0x38                     inst_128+12
x29 <- 0x0100000000000000

clint mtime 0x0000000000000210 (mip.MTI <- 0b1, mip.STI <- 0b0)
mem[X,0x000000008000107C] -> 0x0F13
mem[X,0x000000008000107E] -> 0x6704
[1056] [M]: 0x000000008000107C (0x67040F13) addi x30, x8, 0x670                     inst_128+16
x30 <- 0x0000000080004918

mem[X,0x0000000080001080] -> 0x2FAF
mem[X,0x0000000080001082] -> 0x61DF
[1057] [M]: 0x0000000080001080 (0x61DF2FAF) amoand.w x31, x29, (x30)                inst_128+20
mem[RW,0x0000000080004918] -> 0xFFFFFBFF
mem[W,0x0000000080004918] <- 0x00000000
x31 <- 0xFFFFFFFFFFFFFBFF

clint mtime 0x0000000000000211 (mip.MTI <- 0b1, mip.STI <- 0b0)
mem[X,0x0000000080001084] -> 0x3C23
mem[X,0x0000000080001086] -> 0x67F4
[1058] [M]: 0x0000000080001084 (0x67F43C23) sd x31, 0x678(x8)                       inst_128+24
mem[W,0x0000000080004920] <- 0xFFFFFFFFFFFFFBFF

mem[X,0x0000000080001088] -> 0x0E93
mem[X,0x000000008000108A] -> 0xBFF0
[1059] [M]: 0x0000000080001088 (0xBFF00E93) addi x29, x0, -0x401                    inst_129+0
x29 <- 0xFFFFFFFFFFFFFBFF

clint mtime 0x0000000000000212 (mip.MTI <- 0b1, mip.STI <- 0b0)
mem[X,0x000000008000108C] -> 0x3023
mem[X,0x000000008000108E] -> 0x69D4
[1060] [M]: 0x000000008000108C (0x69D43023) sd x29, 0x680(x8)                       inst_129+4
mem[W,0x0000000080004928] <- 0xFFFFFFFFFFFFFBFF

mem[X,0x0000000080001090] -> 0x0E93
mem[X,0x0000000080001092] -> 0x0010
[1061] [M]: 0x0000000080001090 (0x00100E93) addi x29, x0, 0x1                       inst_129+8
x29 <- 0x0000000000000001

clint mtime 0x0000000000000213 (mip.MTI <- 0b1, mip.STI <- 0b0)
mem[X,0x0000000080001094] -> 0x9E93
mem[X,0x0000000080001096] -> 0x039E
[1062] [M]: 0x0000000080001094 (0x039E9E93) slli x29, x29, 0x39                     inst_129+12
x29 <- 0x0200000000000000

mem[X,0x0000000080001098] -> 0x0F13
mem[X,0x000000008000109A] -> 0x6804
[1063] [M]: 0x0000000080001098 (0x68040F13) addi x30, x8, 0x680                     inst_129+16
x30 <- 0x0000000080004928

clint mtime 0x0000000000000214 (mip.MTI <- 0b1, mip.STI <- 0b0)
mem[X,0x000000008000109C] -> 0x2FAF
mem[X,0x000000008000109E] -> 0x61DF
[1064] [M]: 0x000000008000109C (0x61DF2FAF) amoand.w x31, x29, (x30)                inst_129+20
mem[RW,0x0000000080004928] -> 0xFFFFFBFF
mem[W,0x0000000080004928] <- 0x00000000
x31 <- 0xFFFFFFFFFFFFFBFF

mem[X,0x00000000800010A0] -> 0x3423
mem[X,0x00000000800010A2] -> 0x69F4
[1065] [M]: 0x00000000800010A0 (0x69F43423) sd x31, 0x688(x8)                       inst_129+24
mem[W,0x0000000080004930] <- 0xFFFFFFFFFFFFFBFF

clint mtime 0x0000000000000215 (mip.MTI <- 0b1, mip.STI <- 0b0)
mem[X,0x00000000800010A4] -> 0x0E93
mem[X,0x00000000800010A6] -> 0xBFF0
[1066] [M]: 0x00000000800010A4 (0xBFF00E93) addi x29, x0, -0x401                    inst_130+0
x29 <- 0xFFFFFFFFFFFFFBFF

mem[X,0x00000000800010A8] -> 0x3823
mem[X,0x00000000800010AA] -> 0x69D4
[1067] [M]: 0x00000000800010A8 (0x69D43823) sd x29, 0x690(x8)                       inst_130+4
mem[W,0x0000000080004938] <- 0xFFFFFFFFFFFFFBFF

clint mtime 0x0000000000000216 (mip.MTI <- 0b1, mip.STI <- 0b0)
mem[X,0x00000000800010AC] -> 0x0E93
mem[X,0x00000000800010AE] -> 0x0010
[1068] [M]: 0x00000000800010AC (0x00100E93) addi x29, x0, 0x1                       inst_130+8
x29 <- 0x0000000000000001

mem[X,0x00000000800010B0] -> 0x9E93
mem[X,0x00000000800010B2] -> 0x03AE
[1069] [M]: 0x00000000800010B0 (0x03AE9E93) slli x29, x29, 0x3a                     inst_130+12
x29 <- 0x0400000000000000

clint mtime 0x0000000000000217 (mip.MTI <- 0b1, mip.STI <- 0b0)
mem[X,0x00000000800010B4] -> 0x0F13
mem[X,0x00000000800010B6] -> 0x6904
[1070] [M]: 0x00000000800010B4 (0x69040F13) addi x30, x8, 0x690                     inst_130+16
x30 <- 0x0000000080004938

mem[X,0x00000000800010B8] -> 0x2FAF
mem[X,0x00000000800010BA] -> 0x61DF
[1071] [M]: 0x00000000800010B8 (0x61DF2FAF) amoand.w x31, x29, (x30)                inst_130+20
mem[RW,0x0000000080004938] -> 0xFFFFFBFF
mem[W,0x0000000080004938] <- 0x00000000
x31 <- 0xFFFFFFFFFFFFFBFF

clint mtime 0x0000000000000218 (mip.MTI <- 0b1, mip.STI <- 0b0)
mem[X,0x00000000800010BC] -> 0x3C23
mem[X,0x00000000800010BE] -> 0x69F4
[1072] [M]: 0x00000000800010BC (0x69F43C23) sd x31, 0x698(x8)                       inst_130+24
mem[W,0x0000000080004940] <- 0xFFFFFFFFFFFFFBFF

mem[X,0x00000000800010C0] -> 0x0E93
mem[X,0x00000000800010C2] -> 0xBFF0
[1073] [M]: 0x00000000800010C0 (0xBFF00E93) addi x29, x0, -0x401                    inst_131+0
x29 <- 0xFFFFFFFFFFFFFBFF

clint mtime 0x0000000000000219 (mip.MTI <- 0b1, mip.STI <- 0b0)
mem[X,0x00000000800010C4] -> 0x3023
mem[X,0x00000000800010C6] -> 0x6BD4
[1074] [M]: 0x00000000800010C4 (0x6BD43023) sd x29, 0x6a0(x8)                       inst_131+4
mem[W,0x0000000080004948] <- 0xFFFFFFFFFFFFFBFF

mem[X,0x00000000800010C8] -> 0x0E93
mem[X,0x00000000800010CA] -> 0x0010
[1075] [M]: 0x00000000800010C8 (0x00100E93) addi x29, x0, 0x1                       inst_131+8
x29 <- 0x0000000000000001

clint mtime 0x000000000000021A (mip.MTI <- 0b1, mip.STI <- 0b0)
mem[X,0x00000000800010CC] -> 0x9E93
mem[X,0x00000000800010CE] -> 0x019E
[1076] [M]: 0x00000000800010CC (0x019E9E93) slli x29, x29, 0x19                     inst_131+12
x29 <- 0x0000000002000000

mem[X,0x00000000800010D0] -> 0xCE93
mem[X,0x00000000800010D2] -> 0xFFFE
[1077] [M]: 0x00000000800010D0 (0xFFFECE93) xori x29, x29, -0x1                     inst_131+16
x29 <- 0xFFFFFFFFFDFFFFFF

clint mtime 0x000000000000021B (mip.MTI <- 0b1, mip.STI <- 0b0)
mem[X,0x00000000800010D4] -> 0x0F13
mem[X,0x00000000800010D6] -> 0x6A04
[1078] [M]: 0x00000000800010D4 (0x6A040F13) addi x30, x8, 0x6a0                     inst_131+20
x30 <- 0x0000000080004948

mem[X,0x00000000800010D8] -> 0x2FAF
mem[X,0x00000000800010DA] -> 0x61DF
[1079] [M]: 0x00000000800010D8 (0x61DF2FAF) amoand.w x31, x29, (x30)                inst_131+24
mem[RW,0x0000000080004948] -> 0xFFFFFBFF
mem[W,0x0000000080004948] <- 0xFDFFFBFF
x31 <- 0xFFFFFFFFFFFFFBFF

clint mtime 0x000000000000021C (mip.MTI <- 0b1, mip.STI <- 0b0)
mem[X,0x00000000800010DC] -> 0x3423
mem[X,0x00000000800010DE] -> 0x6BF4
[1080] [M]: 0x00000000800010DC (0x6BF43423) sd x31, 0x6a8(x8)                       inst_131+28
mem[W,0x0000000080004950] <- 0xFFFFFFFFFFFFFBFF

mem[X,0x00000000800010E0] -> 0x0E93
mem[X,0x00000000800010E2] -> 0xBFF0
[1081] [M]: 0x00000000800010E0 (0xBFF00E93) addi x29, x0, -0x401                    inst_132+0
x29 <- 0xFFFFFFFFFFFFFBFF

clint mtime 0x000000000000021D (mip.MTI <- 0b1, mip.STI <- 0b0)
mem[X,0x00000000800010E4] -> 0x3823
mem[X,0x00000000800010E6] -> 0x6BD4
[1082] [M]: 0x00000000800010E4 (0x6BD43823) sd x29, 0x6b0(x8)                       inst_132+4
mem[W,0x0000000080004958] <- 0xFFFFFFFFFFFFFBFF

mem[X,0x00000000800010E8] -> 0x0E93
mem[X,0x00000000800010EA] -> 0x0010
[1083] [M]: 0x00000000800010E8 (0x00100E93) addi x29, x0, 0x1                       inst_132+8
x29 <- 0x0000000000000001

clint mtime 0x000000000000021E (mip.MTI <- 0b1, mip.STI <- 0b0)
mem[X,0x00000000800010EC] -> 0x9E93
mem[X,0x00000000800010EE] -> 0x01BE
[1084] [M]: 0x00000000800010EC (0x01BE9E93) slli x29, x29, 0x1b                     inst_132+12
x29 <- 0x0000000008000000

mem[X,0x00000000800010F0] -> 0xCE93
mem[X,0x00000000800010F2] -> 0xFFFE
[1085] [M]: 0x00000000800010F0 (0xFFFECE93) xori x29, x29, -0x1                     inst_132+16
x29 <- 0xFFFFFFFFF7FFFFFF

clint mtime 0x000000000000021F (mip.MTI <- 0b1, mip.STI <- 0b0)
mem[X,0x00000000800010F4] -> 0x0F13
mem[X,0x00000000800010F6] -> 0x6B04
[1086] [M]: 0x00000000800010F4 (0x6B040F13) addi x30, x8, 0x6b0                     inst_132+20
x30 <- 0x0000000080004958

mem[X,0x00000000800010F8] -> 0x2FAF
mem[X,0x00000000800010FA] -> 0x61DF
[1087] [M]: 0x00000000800010F8 (0x61DF2FAF) amoand.w x31, x29, (x30)                inst_132+24
mem[RW,0x0000000080004958] -> 0xFFFFFBFF
mem[W,0x0000000080004958] <- 0xF7FFFBFF
x31 <- 0xFFFFFFFFFFFFFBFF

clint mtime 0x0000000000000220 (mip.MTI <- 0b1, mip.STI <- 0b0)
mem[X,0x00000000800010FC] -> 0x3C23
mem[X,0x00000000800010FE] -> 0x6BF4
[1088] [M]: 0x00000000800010FC (0x6BF43C23) sd x31, 0x6b8(x8)                       inst_132+28
mem[W,0x0000000080004960] <- 0xFFFFFFFFFFFFFBFF

mem[X,0x0000000080001100] -> 0x006F
mem[X,0x0000000080001102] -> 0x0380
[1089] [M]: 0x0000000080001100 (0x0380006F) jal x0, 0x38                            rvtest_code_end+0

clint mtime 0x0000000000000221 (mip.MTI <- 0b1, mip.STI <- 0b0)
mem[X,0x0000000080001138] -> 0x0093
mem[X,0x000000008000113A] -> 0x0010
[1090] [M]: 0x0000000080001138 (0x00100093) addi x1, x0, 0x1                        exit_cleanup+0
x1 <- 0x0000000000000001

mem[X,0x000000008000113C] -> 0x1397
mem[X,0x000000008000113E] -> 0x0000
[1091] [M]: 0x000000008000113C (0x00001397) auipc x7, 0x1                           exit_cleanup+4
x7 <- 0x000000008000213C

clint mtime 0x0000000000000222 (mip.MTI <- 0b1, mip.STI <- 0b0)
mem[X,0x0000000080001140] -> 0xA223
mem[X,0x0000000080001142] -> 0xEC13
[1092] [M]: 0x0000000080001140 (0xEC13A223) sw x1, -0x13c(x7)                       exit_cleanup+8
htif[0x0000000080002000] <- 0x00000001
mem[W,0x0000000080002000] <- 0x00000001

mem[X,0x0000000080001144] -> 0xF06F
mem[X,0x0000000080001146] -> 0xFF9F
[1093] [M]: 0x0000000080001144 (0xFF9FF06F) jal x0, -0x8                            exit_cleanup+12

clint mtime 0x0000000000000223 (mip.MTI <- 0b1, mip.STI <- 0b0)
mem[X,0x000000008000113C] -> 0x1397
mem[X,0x000000008000113E] -> 0x0000
[1094] [M]: 0x000000008000113C (0x00001397) auipc x7, 0x1                           exit_cleanup+4
x7 <- 0x000000008000213C

mem[X,0x0000000080001140] -> 0xA223
mem[X,0x0000000080001142] -> 0xEC13
[1095] [M]: 0x0000000080001140 (0xEC13A223) sw x1, -0x13c(x7)                       exit_cleanup+8
htif[0x0000000080002000] <- 0x00000001
mem[W,0x0000000080002000] <- 0x00000001

clint mtime 0x0000000000000224 (mip.MTI <- 0b1, mip.STI <- 0b0)
mem[X,0x0000000080001144] -> 0xF06F
mem[X,0x0000000080001146] -> 0xFF9F
[1096] [M]: 0x0000000080001144 (0xFF9FF06F) jal x0, -0x8                            exit_cleanup+12

mem[X,0x000000008000113C] -> 0x1397
mem[X,0x000000008000113E] -> 0x0000
[1097] [M]: 0x000000008000113C (0x00001397) auipc x7, 0x1                           exit_cleanup+4
x7 <- 0x000000008000213C

clint mtime 0x0000000000000225 (mip.MTI <- 0b1, mip.STI <- 0b0)
mem[X,0x0000000080001140] -> 0xA223
mem[X,0x0000000080001142] -> 0xEC13
[1098] [M]: 0x0000000080001140 (0xEC13A223) sw x1, -0x13c(x7)                       exit_cleanup+8
htif[0x0000000080002000] <- 0x00000001
htif-syscall-proxy cmd: 0x000000000001
mem[W,0x0000000080002000] <- 0x00000001

SUCCESS
