using /opt/riscv-arch-test/riscof-plugins/rv64/riscof_work/B/src/bset-01.S/ref/Reference-sail_c_simulator.signature for test-signature output.
setting signature-granularity to 8 bytes
HTIF located at 0x80003000
begin_signature: 0x80005110
end_signature: 0x80005e40
Entry point: 0x80000000
CSR mstatus (0x300) <- 0x0000000A00000000
CSR misa (0x301) <- 0x800000000034112F
CSR mcause (0x342) <- 0x0000000000000000
x10 <- 0x0000000000000000
x11 <- 0x0000000000001000
mem[X,0x0000000080000000] -> 0x0837
mem[X,0x0000000080000002] -> 0x7D5C
[0] [M]: 0x0000000080000000 (0x7D5C0837) lui x16, 0x7d5c0                           rvtest_init+0
x16 <- 0x000000007D5C0000

mem[X,0x0000000080000004] -> 0x0813
mem[X,0x0000000080000006] -> 0xDDB8
[1] [M]: 0x0000000080000004 (0xDDB80813) addi x16, x16, -0x225                      rvtest_init+4
x16 <- 0x000000007D5BFDDB

clint mtime 0x0000000000000001 (mip.MTI <- 0b1, mip.STI <- 0b0)
mem[X,0x0000000080000008] -> 0x1813
mem[X,0x000000008000000A] -> 0x00B8
[2] [M]: 0x0000000080000008 (0x00B81813) slli x16, x16, 0xb                         rvtest_init+8
x16 <- 0x000003EADFEED800

mem[X,0x000000008000000C] -> 0x0813
mem[X,0x000000008000000E] -> 0x3EA8
[3] [M]: 0x000000008000000C (0x3EA80813) addi x16, x16, 0x3ea                       rvtest_init+12
x16 <- 0x000003EADFEEDBEA

clint mtime 0x0000000000000002 (mip.MTI <- 0b1, mip.STI <- 0b0)
mem[X,0x0000000080000010] -> 0x1813
mem[X,0x0000000080000012] -> 0x00B8
[4] [M]: 0x0000000080000010 (0x00B81813) slli x16, x16, 0xb                         rvtest_init+16
x16 <- 0x001F56FF76DF5000

mem[X,0x0000000080000014] -> 0x0813
mem[X,0x0000000080000016] -> 0x6FF8
[5] [M]: 0x0000000080000014 (0x6FF80813) addi x16, x16, 0x6ff                       rvtest_init+20
x16 <- 0x001F56FF76DF56FF

clint mtime 0x0000000000000003 (mip.MTI <- 0b1, mip.STI <- 0b0)
mem[X,0x0000000080000018] -> 0x1813
mem[X,0x000000008000001A] -> 0x00A8
[6] [M]: 0x0000000080000018 (0x00A81813) slli x16, x16, 0xa                         rvtest_init+24
x16 <- 0x7D5BFDDB7D5BFC00

mem[X,0x000000008000001C] -> 0x0813
mem[X,0x000000008000001E] -> 0x1DB8
[7] [M]: 0x000000008000001C (0x1DB80813) addi x16, x16, 0x1db                       rvtest_init+28
x16 <- 0x7D5BFDDB7D5BFDDB

clint mtime 0x0000000000000004 (mip.MTI <- 0b1, mip.STI <- 0b0)
mem[X,0x0000000080000020] -> 0x5893
mem[X,0x0000000080000022] -> 0x0078
[8] [M]: 0x0000000080000020 (0x00785893) srli x17, x16, 0x7                         rvtest_init+32
x17 <- 0x00FAB7FBB6FAB7FB

mem[X,0x0000000080000024] -> 0x5793
mem[X,0x0000000080000026] -> 0x0398
[9] [M]: 0x0000000080000024 (0x03985793) srli x15, x16, 0x39                        rvtest_init+36
x15 <- 0x000000000000003E

clint mtime 0x0000000000000005 (mip.MTI <- 0b1, mip.STI <- 0b0)
mem[X,0x0000000080000028] -> 0xE8B3
mem[X,0x000000008000002A] -> 0x00F8
[10] [M]: 0x0000000080000028 (0x00F8E8B3) or x17, x17, x15                          rvtest_init+40
x17 <- 0x00FAB7FBB6FAB7FF

mem[X,0x000000008000002C] -> 0xD913
mem[X,0x000000008000002E] -> 0x0078
[11] [M]: 0x000000008000002C (0x0078D913) srli x18, x17, 0x7                        rvtest_init+44
x18 <- 0x0001F56FF76DF56F

clint mtime 0x0000000000000006 (mip.MTI <- 0b1, mip.STI <- 0b0)
mem[X,0x0000000080000030] -> 0xD793
mem[X,0x0000000080000032] -> 0x0398
[12] [M]: 0x0000000080000030 (0x0398D793) srli x15, x17, 0x39                       rvtest_init+48
x15 <- 0x0000000000000000

mem[X,0x0000000080000034] -> 0x6933
mem[X,0x0000000080000036] -> 0x00F9
[13] [M]: 0x0000000080000034 (0x00F96933) or x18, x18, x15                          rvtest_init+52
x18 <- 0x0001F56FF76DF56F

clint mtime 0x0000000000000007 (mip.MTI <- 0b1, mip.STI <- 0b0)
mem[X,0x0000000080000038] -> 0x5993
mem[X,0x000000008000003A] -> 0x0079
[14] [M]: 0x0000000080000038 (0x00795993) srli x19, x18, 0x7                        rvtest_init+56
x19 <- 0x000003EADFEEDBEA

mem[X,0x000000008000003C] -> 0x5793
mem[X,0x000000008000003E] -> 0x0399
[15] [M]: 0x000000008000003C (0x03995793) srli x15, x18, 0x39                       rvtest_init+60
x15 <- 0x0000000000000000

clint mtime 0x0000000000000008 (mip.MTI <- 0b1, mip.STI <- 0b0)
mem[X,0x0000000080000040] -> 0xE9B3
mem[X,0x0000000080000042] -> 0x00F9
[16] [M]: 0x0000000080000040 (0x00F9E9B3) or x19, x19, x15                          rvtest_init+64
x19 <- 0x000003EADFEEDBEA

mem[X,0x0000000080000044] -> 0xDA13
mem[X,0x0000000080000046] -> 0x0079
[17] [M]: 0x0000000080000044 (0x0079DA13) srli x20, x19, 0x7                        rvtest_init+68
x20 <- 0x00000007D5BFDDB7

clint mtime 0x0000000000000009 (mip.MTI <- 0b1, mip.STI <- 0b0)
mem[X,0x0000000080000048] -> 0xD793
mem[X,0x000000008000004A] -> 0x0399
[18] [M]: 0x0000000080000048 (0x0399D793) srli x15, x19, 0x39                       rvtest_init+72
x15 <- 0x0000000000000000

mem[X,0x000000008000004C] -> 0x6A33
mem[X,0x000000008000004E] -> 0x00FA
[19] [M]: 0x000000008000004C (0x00FA6A33) or x20, x20, x15                          rvtest_init+76
x20 <- 0x00000007D5BFDDB7

clint mtime 0x000000000000000A (mip.MTI <- 0b1, mip.STI <- 0b0)
mem[X,0x0000000080000050] -> 0x5A93
mem[X,0x0000000080000052] -> 0x007A
[20] [M]: 0x0000000080000050 (0x007A5A93) srli x21, x20, 0x7                        rvtest_init+80
x21 <- 0x000000000FAB7FBB

mem[X,0x0000000080000054] -> 0x5793
mem[X,0x0000000080000056] -> 0x039A
[21] [M]: 0x0000000080000054 (0x039A5793) srli x15, x20, 0x39                       rvtest_init+84
x15 <- 0x0000000000000000

clint mtime 0x000000000000000B (mip.MTI <- 0b1, mip.STI <- 0b0)
mem[X,0x0000000080000058] -> 0xEAB3
mem[X,0x000000008000005A] -> 0x00FA
[22] [M]: 0x0000000080000058 (0x00FAEAB3) or x21, x21, x15                          rvtest_init+88
x21 <- 0x000000000FAB7FBB

mem[X,0x000000008000005C] -> 0xDB13
mem[X,0x000000008000005E] -> 0x007A
[23] [M]: 0x000000008000005C (0x007ADB13) srli x22, x21, 0x7                        rvtest_init+92
x22 <- 0x00000000001F56FF

clint mtime 0x000000000000000C (mip.MTI <- 0b1, mip.STI <- 0b0)
mem[X,0x0000000080000060] -> 0xD793
mem[X,0x0000000080000062] -> 0x039A
[24] [M]: 0x0000000080000060 (0x039AD793) srli x15, x21, 0x39                       rvtest_init+96
x15 <- 0x0000000000000000

mem[X,0x0000000080000064] -> 0x6B33
mem[X,0x0000000080000066] -> 0x00FB
[25] [M]: 0x0000000080000064 (0x00FB6B33) or x22, x22, x15                          rvtest_init+100
x22 <- 0x00000000001F56FF

clint mtime 0x000000000000000D (mip.MTI <- 0b1, mip.STI <- 0b0)
mem[X,0x0000000080000068] -> 0x5B93
mem[X,0x000000008000006A] -> 0x007B
[26] [M]: 0x0000000080000068 (0x007B5B93) srli x23, x22, 0x7                        rvtest_init+104
x23 <- 0x0000000000003EAD

mem[X,0x000000008000006C] -> 0x5793
mem[X,0x000000008000006E] -> 0x039B
[27] [M]: 0x000000008000006C (0x039B5793) srli x15, x22, 0x39                       rvtest_init+108
x15 <- 0x0000000000000000

clint mtime 0x000000000000000E (mip.MTI <- 0b1, mip.STI <- 0b0)
mem[X,0x0000000080000070] -> 0xEBB3
mem[X,0x0000000080000072] -> 0x00FB
[28] [M]: 0x0000000080000070 (0x00FBEBB3) or x23, x23, x15                          rvtest_init+112
x23 <- 0x0000000000003EAD

mem[X,0x0000000080000074] -> 0xDC13
mem[X,0x0000000080000076] -> 0x007B
[29] [M]: 0x0000000080000074 (0x007BDC13) srli x24, x23, 0x7                        rvtest_init+116
x24 <- 0x000000000000007D

clint mtime 0x000000000000000F (mip.MTI <- 0b1, mip.STI <- 0b0)
mem[X,0x0000000080000078] -> 0xD793
mem[X,0x000000008000007A] -> 0x039B
[30] [M]: 0x0000000080000078 (0x039BD793) srli x15, x23, 0x39                       rvtest_init+120
x15 <- 0x0000000000000000

mem[X,0x000000008000007C] -> 0x6C33
mem[X,0x000000008000007E] -> 0x00FC
[31] [M]: 0x000000008000007C (0x00FC6C33) or x24, x24, x15                          rvtest_init+124
x24 <- 0x000000000000007D

clint mtime 0x0000000000000010 (mip.MTI <- 0b1, mip.STI <- 0b0)
mem[X,0x0000000080000080] -> 0x5C93
mem[X,0x0000000080000082] -> 0x007C
[32] [M]: 0x0000000080000080 (0x007C5C93) srli x25, x24, 0x7                        rvtest_init+128
x25 <- 0x0000000000000000

mem[X,0x0000000080000084] -> 0x5793
mem[X,0x0000000080000086] -> 0x039C
[33] [M]: 0x0000000080000084 (0x039C5793) srli x15, x24, 0x39                       rvtest_init+132
x15 <- 0x0000000000000000

clint mtime 0x0000000000000011 (mip.MTI <- 0b1, mip.STI <- 0b0)
mem[X,0x0000000080000088] -> 0xECB3
mem[X,0x000000008000008A] -> 0x00FC
[34] [M]: 0x0000000080000088 (0x00FCECB3) or x25, x25, x15                          rvtest_init+136
x25 <- 0x0000000000000000

mem[X,0x000000008000008C] -> 0xDD13
mem[X,0x000000008000008E] -> 0x007C
[35] [M]: 0x000000008000008C (0x007CDD13) srli x26, x25, 0x7                        rvtest_init+140
x26 <- 0x0000000000000000

clint mtime 0x0000000000000012 (mip.MTI <- 0b1, mip.STI <- 0b0)
mem[X,0x0000000080000090] -> 0xD793
mem[X,0x0000000080000092] -> 0x039C
[36] [M]: 0x0000000080000090 (0x039CD793) srli x15, x25, 0x39                       rvtest_init+144
x15 <- 0x0000000000000000

mem[X,0x0000000080000094] -> 0x6D33
mem[X,0x0000000080000096] -> 0x00FD
[37] [M]: 0x0000000080000094 (0x00FD6D33) or x26, x26, x15                          rvtest_init+148
x26 <- 0x0000000000000000

clint mtime 0x0000000000000013 (mip.MTI <- 0b1, mip.STI <- 0b0)
mem[X,0x0000000080000098] -> 0x5D93
mem[X,0x000000008000009A] -> 0x007D
[38] [M]: 0x0000000080000098 (0x007D5D93) srli x27, x26, 0x7                        rvtest_init+152
x27 <- 0x0000000000000000

mem[X,0x000000008000009C] -> 0x5793
mem[X,0x000000008000009E] -> 0x039D
[39] [M]: 0x000000008000009C (0x039D5793) srli x15, x26, 0x39                       rvtest_init+156
x15 <- 0x0000000000000000

clint mtime 0x0000000000000014 (mip.MTI <- 0b1, mip.STI <- 0b0)
mem[X,0x00000000800000A0] -> 0xEDB3
mem[X,0x00000000800000A2] -> 0x00FD
[40] [M]: 0x00000000800000A0 (0x00FDEDB3) or x27, x27, x15                          rvtest_init+160
x27 <- 0x0000000000000000

mem[X,0x00000000800000A4] -> 0xDE13
mem[X,0x00000000800000A6] -> 0x007D
[41] [M]: 0x00000000800000A4 (0x007DDE13) srli x28, x27, 0x7                        rvtest_init+164
x28 <- 0x0000000000000000

clint mtime 0x0000000000000015 (mip.MTI <- 0b1, mip.STI <- 0b0)
mem[X,0x00000000800000A8] -> 0xD793
mem[X,0x00000000800000AA] -> 0x039D
[42] [M]: 0x00000000800000A8 (0x039DD793) srli x15, x27, 0x39                       rvtest_init+168
x15 <- 0x0000000000000000

mem[X,0x00000000800000AC] -> 0x6E33
mem[X,0x00000000800000AE] -> 0x00FE
[43] [M]: 0x00000000800000AC (0x00FE6E33) or x28, x28, x15                          rvtest_init+172
x28 <- 0x0000000000000000

clint mtime 0x0000000000000016 (mip.MTI <- 0b1, mip.STI <- 0b0)
mem[X,0x00000000800000B0] -> 0x5E93
mem[X,0x00000000800000B2] -> 0x007E
[44] [M]: 0x00000000800000B0 (0x007E5E93) srli x29, x28, 0x7                        rvtest_init+176
x29 <- 0x0000000000000000

mem[X,0x00000000800000B4] -> 0x5793
mem[X,0x00000000800000B6] -> 0x039E
[45] [M]: 0x00000000800000B4 (0x039E5793) srli x15, x28, 0x39                       rvtest_init+180
x15 <- 0x0000000000000000

clint mtime 0x0000000000000017 (mip.MTI <- 0b1, mip.STI <- 0b0)
mem[X,0x00000000800000B8] -> 0xEEB3
mem[X,0x00000000800000BA] -> 0x00FE
[46] [M]: 0x00000000800000B8 (0x00FEEEB3) or x29, x29, x15                          rvtest_init+184
x29 <- 0x0000000000000000

mem[X,0x00000000800000BC] -> 0xDF13
mem[X,0x00000000800000BE] -> 0x007E
[47] [M]: 0x00000000800000BC (0x007EDF13) srli x30, x29, 0x7                        rvtest_init+188
x30 <- 0x0000000000000000

clint mtime 0x0000000000000018 (mip.MTI <- 0b1, mip.STI <- 0b0)
mem[X,0x00000000800000C0] -> 0xD793
mem[X,0x00000000800000C2] -> 0x039E
[48] [M]: 0x00000000800000C0 (0x039ED793) srli x15, x29, 0x39                       rvtest_init+192
x15 <- 0x0000000000000000

mem[X,0x00000000800000C4] -> 0x6F33
mem[X,0x00000000800000C6] -> 0x00FF
[49] [M]: 0x00000000800000C4 (0x00FF6F33) or x30, x30, x15                          rvtest_init+196
x30 <- 0x0000000000000000

clint mtime 0x0000000000000019 (mip.MTI <- 0b1, mip.STI <- 0b0)
mem[X,0x00000000800000C8] -> 0xC0B7
mem[X,0x00000000800000CA] -> 0xFEED
[50] [M]: 0x00000000800000C8 (0xFEEDC0B7) lui x1, -0x1124                           rvtest_init+200
x1 <- 0xFFFFFFFFFEEDC000

mem[X,0x00000000800000CC] -> 0x8093
mem[X,0x00000000800000CE] -> 0xEAD0
[51] [M]: 0x00000000800000CC (0xEAD08093) addi x1, x1, -0x153                       rvtest_init+204
x1 <- 0xFFFFFFFFFEEDBEAD

clint mtime 0x000000000000001A (mip.MTI <- 0b1, mip.STI <- 0b0)
mem[X,0x00000000800000D0] -> 0x9093
mem[X,0x00000000800000D2] -> 0x00B0
[52] [M]: 0x00000000800000D0 (0x00B09093) slli x1, x1, 0xb                          rvtest_init+208
x1 <- 0xFFFFFFF76DF56800

mem[X,0x00000000800000D4] -> 0x8093
mem[X,0x00000000800000D6] -> 0x7F70
[53] [M]: 0x00000000800000D4 (0x7F708093) addi x1, x1, 0x7f7                        rvtest_init+212
x1 <- 0xFFFFFFF76DF56FF7

clint mtime 0x000000000000001B (mip.MTI <- 0b1, mip.STI <- 0b0)
mem[X,0x00000000800000D8] -> 0x9093
mem[X,0x00000000800000DA] -> 0x00B0
[54] [M]: 0x00000000800000D8 (0x00B09093) slli x1, x1, 0xb                          rvtest_init+216
x1 <- 0xFFFFBB6FAB7FB800

mem[X,0x00000000800000DC] -> 0x8093
mem[X,0x00000000800000DE] -> 0x36F0
[55] [M]: 0x00000000800000DC (0x36F08093) addi x1, x1, 0x36f                        rvtest_init+220
x1 <- 0xFFFFBB6FAB7FBB6F

clint mtime 0x000000000000001C (mip.MTI <- 0b1, mip.STI <- 0b0)
mem[X,0x00000000800000E0] -> 0x9093
mem[X,0x00000000800000E2] -> 0x00A0
[56] [M]: 0x00000000800000E0 (0x00A09093) slli x1, x1, 0xa                          rvtest_init+224
x1 <- 0xFEEDBEADFEEDBC00

mem[X,0x00000000800000E4] -> 0x8093
mem[X,0x00000000800000E6] -> 0x2AD0
[57] [M]: 0x00000000800000E4 (0x2AD08093) addi x1, x1, 0x2ad                        rvtest_init+228
x1 <- 0xFEEDBEADFEEDBEAD

clint mtime 0x000000000000001D (mip.MTI <- 0b1, mip.STI <- 0b0)
mem[X,0x00000000800000E8] -> 0xD113
mem[X,0x00000000800000EA] -> 0x0070
[58] [M]: 0x00000000800000E8 (0x0070D113) srli x2, x1, 0x7                          rvtest_init+232
x2 <- 0x01FDDB7D5BFDDB7D

mem[X,0x00000000800000EC] -> 0xD793
mem[X,0x00000000800000EE] -> 0x0390
[59] [M]: 0x00000000800000EC (0x0390D793) srli x15, x1, 0x39                        rvtest_init+236
x15 <- 0x000000000000007F

clint mtime 0x000000000000001E (mip.MTI <- 0b1, mip.STI <- 0b0)
mem[X,0x00000000800000F0] -> 0x6133
mem[X,0x00000000800000F2] -> 0x00F1
[60] [M]: 0x00000000800000F0 (0x00F16133) or x2, x2, x15                            rvtest_init+240
x2 <- 0x01FDDB7D5BFDDB7F

mem[X,0x00000000800000F4] -> 0x5193
mem[X,0x00000000800000F6] -> 0x0071
[61] [M]: 0x00000000800000F4 (0x00715193) srli x3, x2, 0x7                          rvtest_init+244
x3 <- 0x0003FBB6FAB7FBB6

clint mtime 0x000000000000001F (mip.MTI <- 0b1, mip.STI <- 0b0)
mem[X,0x00000000800000F8] -> 0x5793
mem[X,0x00000000800000FA] -> 0x0391
[62] [M]: 0x00000000800000F8 (0x03915793) srli x15, x2, 0x39                        rvtest_init+248
x15 <- 0x0000000000000000

mem[X,0x00000000800000FC] -> 0xE1B3
mem[X,0x00000000800000FE] -> 0x00F1
[63] [M]: 0x00000000800000FC (0x00F1E1B3) or x3, x3, x15                            rvtest_init+252
x3 <- 0x0003FBB6FAB7FBB6

clint mtime 0x0000000000000020 (mip.MTI <- 0b1, mip.STI <- 0b0)
mem[X,0x0000000080000100] -> 0xD213
mem[X,0x0000000080000102] -> 0x0071
[64] [M]: 0x0000000080000100 (0x0071D213) srli x4, x3, 0x7                          rvtest_init+256
x4 <- 0x000007F76DF56FF7

mem[X,0x0000000080000104] -> 0xD793
mem[X,0x0000000080000106] -> 0x0391
[65] [M]: 0x0000000080000104 (0x0391D793) srli x15, x3, 0x39                        rvtest_init+260
x15 <- 0x0000000000000000

clint mtime 0x0000000000000021 (mip.MTI <- 0b1, mip.STI <- 0b0)
mem[X,0x0000000080000108] -> 0x6233
mem[X,0x000000008000010A] -> 0x00F2
[66] [M]: 0x0000000080000108 (0x00F26233) or x4, x4, x15                            rvtest_init+264
x4 <- 0x000007F76DF56FF7

mem[X,0x000000008000010C] -> 0x5293
mem[X,0x000000008000010E] -> 0x0072
[67] [M]: 0x000000008000010C (0x00725293) srli x5, x4, 0x7                          rvtest_init+268
x5 <- 0x0000000FEEDBEADF

clint mtime 0x0000000000000022 (mip.MTI <- 0b1, mip.STI <- 0b0)
mem[X,0x0000000080000110] -> 0x5793
mem[X,0x0000000080000112] -> 0x0392
[68] [M]: 0x0000000080000110 (0x03925793) srli x15, x4, 0x39                        rvtest_init+272
x15 <- 0x0000000000000000

mem[X,0x0000000080000114] -> 0xE2B3
mem[X,0x0000000080000116] -> 0x00F2
[69] [M]: 0x0000000080000114 (0x00F2E2B3) or x5, x5, x15                            rvtest_init+276
x5 <- 0x0000000FEEDBEADF

clint mtime 0x0000000000000023 (mip.MTI <- 0b1, mip.STI <- 0b0)
mem[X,0x0000000080000118] -> 0xD313
mem[X,0x000000008000011A] -> 0x0072
[70] [M]: 0x0000000080000118 (0x0072D313) srli x6, x5, 0x7                          rvtest_init+280
x6 <- 0x000000001FDDB7D5

mem[X,0x000000008000011C] -> 0xD793
mem[X,0x000000008000011E] -> 0x0392
[71] [M]: 0x000000008000011C (0x0392D793) srli x15, x5, 0x39                        rvtest_init+284
x15 <- 0x0000000000000000

clint mtime 0x0000000000000024 (mip.MTI <- 0b1, mip.STI <- 0b0)
mem[X,0x0000000080000120] -> 0x6333
mem[X,0x0000000080000122] -> 0x00F3
[72] [M]: 0x0000000080000120 (0x00F36333) or x6, x6, x15                            rvtest_init+288
x6 <- 0x000000001FDDB7D5

mem[X,0x0000000080000124] -> 0x5393
mem[X,0x0000000080000126] -> 0x0073
[73] [M]: 0x0000000080000124 (0x00735393) srli x7, x6, 0x7                          rvtest_init+292
x7 <- 0x00000000003FBB6F

clint mtime 0x0000000000000025 (mip.MTI <- 0b1, mip.STI <- 0b0)
mem[X,0x0000000080000128] -> 0x5793
mem[X,0x000000008000012A] -> 0x0393
[74] [M]: 0x0000000080000128 (0x03935793) srli x15, x6, 0x39                        rvtest_init+296
x15 <- 0x0000000000000000

mem[X,0x000000008000012C] -> 0xE3B3
mem[X,0x000000008000012E] -> 0x00F3
[75] [M]: 0x000000008000012C (0x00F3E3B3) or x7, x7, x15                            rvtest_init+300
x7 <- 0x00000000003FBB6F

clint mtime 0x0000000000000026 (mip.MTI <- 0b1, mip.STI <- 0b0)
mem[X,0x0000000080000130] -> 0xD413
mem[X,0x0000000080000132] -> 0x0073
[76] [M]: 0x0000000080000130 (0x0073D413) srli x8, x7, 0x7                          rvtest_init+304
x8 <- 0x0000000000007F76

mem[X,0x0000000080000134] -> 0xD793
mem[X,0x0000000080000136] -> 0x0393
[77] [M]: 0x0000000080000134 (0x0393D793) srli x15, x7, 0x39                        rvtest_init+308
x15 <- 0x0000000000000000

clint mtime 0x0000000000000027 (mip.MTI <- 0b1, mip.STI <- 0b0)
mem[X,0x0000000080000138] -> 0x6433
mem[X,0x000000008000013A] -> 0x00F4
[78] [M]: 0x0000000080000138 (0x00F46433) or x8, x8, x15                            rvtest_init+312
x8 <- 0x0000000000007F76

mem[X,0x000000008000013C] -> 0x5493
mem[X,0x000000008000013E] -> 0x0074
[79] [M]: 0x000000008000013C (0x00745493) srli x9, x8, 0x7                          rvtest_init+316
x9 <- 0x00000000000000FE

clint mtime 0x0000000000000028 (mip.MTI <- 0b1, mip.STI <- 0b0)
mem[X,0x0000000080000140] -> 0x5793
mem[X,0x0000000080000142] -> 0x0394
[80] [M]: 0x0000000080000140 (0x03945793) srli x15, x8, 0x39                        rvtest_init+320
x15 <- 0x0000000000000000

mem[X,0x0000000080000144] -> 0xE4B3
mem[X,0x0000000080000146] -> 0x00F4
[81] [M]: 0x0000000080000144 (0x00F4E4B3) or x9, x9, x15                            rvtest_init+324
x9 <- 0x00000000000000FE

clint mtime 0x0000000000000029 (mip.MTI <- 0b1, mip.STI <- 0b0)
mem[X,0x0000000080000148] -> 0xD513
mem[X,0x000000008000014A] -> 0x0074
[82] [M]: 0x0000000080000148 (0x0074D513) srli x10, x9, 0x7                         rvtest_init+328
x10 <- 0x0000000000000001

mem[X,0x000000008000014C] -> 0xD793
mem[X,0x000000008000014E] -> 0x0394
[83] [M]: 0x000000008000014C (0x0394D793) srli x15, x9, 0x39                        rvtest_init+332
x15 <- 0x0000000000000000

clint mtime 0x000000000000002A (mip.MTI <- 0b1, mip.STI <- 0b0)
mem[X,0x0000000080000150] -> 0x6533
mem[X,0x0000000080000152] -> 0x00F5
[84] [M]: 0x0000000080000150 (0x00F56533) or x10, x10, x15                          rvtest_init+336
x10 <- 0x0000000000000001

mem[X,0x0000000080000154] -> 0x5593
mem[X,0x0000000080000156] -> 0x0075
[85] [M]: 0x0000000080000154 (0x00755593) srli x11, x10, 0x7                        rvtest_init+340
x11 <- 0x0000000000000000

clint mtime 0x000000000000002B (mip.MTI <- 0b1, mip.STI <- 0b0)
mem[X,0x0000000080000158] -> 0x5793
mem[X,0x000000008000015A] -> 0x0395
[86] [M]: 0x0000000080000158 (0x03955793) srli x15, x10, 0x39                       rvtest_init+344
x15 <- 0x0000000000000000

mem[X,0x000000008000015C] -> 0xE5B3
mem[X,0x000000008000015E] -> 0x00F5
[87] [M]: 0x000000008000015C (0x00F5E5B3) or x11, x11, x15                          rvtest_init+348
x11 <- 0x0000000000000000

clint mtime 0x000000000000002C (mip.MTI <- 0b1, mip.STI <- 0b0)
mem[X,0x0000000080000160] -> 0xD613
mem[X,0x0000000080000162] -> 0x0075
[88] [M]: 0x0000000080000160 (0x0075D613) srli x12, x11, 0x7                        rvtest_init+352
x12 <- 0x0000000000000000

mem[X,0x0000000080000164] -> 0xD793
mem[X,0x0000000080000166] -> 0x0395
[89] [M]: 0x0000000080000164 (0x0395D793) srli x15, x11, 0x39                       rvtest_init+356
x15 <- 0x0000000000000000

clint mtime 0x000000000000002D (mip.MTI <- 0b1, mip.STI <- 0b0)
mem[X,0x0000000080000168] -> 0x6633
mem[X,0x000000008000016A] -> 0x00F6
[90] [M]: 0x0000000080000168 (0x00F66633) or x12, x12, x15                          rvtest_init+360
x12 <- 0x0000000000000000

mem[X,0x000000008000016C] -> 0x5693
mem[X,0x000000008000016E] -> 0x0076
[91] [M]: 0x000000008000016C (0x00765693) srli x13, x12, 0x7                        rvtest_init+364
x13 <- 0x0000000000000000

clint mtime 0x000000000000002E (mip.MTI <- 0b1, mip.STI <- 0b0)
mem[X,0x0000000080000170] -> 0x5793
mem[X,0x0000000080000172] -> 0x0396
[92] [M]: 0x0000000080000170 (0x03965793) srli x15, x12, 0x39                       rvtest_init+368
x15 <- 0x0000000000000000

mem[X,0x0000000080000174] -> 0xE6B3
mem[X,0x0000000080000176] -> 0x00F6
[93] [M]: 0x0000000080000174 (0x00F6E6B3) or x13, x13, x15                          rvtest_init+372
x13 <- 0x0000000000000000

clint mtime 0x000000000000002F (mip.MTI <- 0b1, mip.STI <- 0b0)
mem[X,0x0000000080000178] -> 0x0013
mem[X,0x000000008000017A] -> 0x0000
[94] [M]: 0x0000000080000178 (0x00000013) addi x0, x0, 0x0                          rvtest_code_begin+0

mem[X,0x000000008000017C] -> 0x0013
mem[X,0x000000008000017E] -> 0x0000
[95] [M]: 0x000000008000017C (0x00000013) addi x0, x0, 0x0                          rvtest_code_begin+4

clint mtime 0x0000000000000030 (mip.MTI <- 0b1, mip.STI <- 0b0)
mem[X,0x0000000080000180] -> 0x5097
mem[X,0x0000000080000182] -> 0x0000
[96] [M]: 0x0000000080000180 (0x00005097) auipc x1, 0x5                             rvtest_code_begin+8
x1 <- 0x0000000080005180

mem[X,0x0000000080000184] -> 0x8093
mem[X,0x0000000080000186] -> 0xF980
[97] [M]: 0x0000000080000184 (0xF9808093) addi x1, x1, -0x68                        rvtest_code_begin+12
x1 <- 0x0000000080005118

clint mtime 0x0000000000000031 (mip.MTI <- 0b1, mip.STI <- 0b0)
mem[X,0x0000000080000188] -> 0x0013
mem[X,0x000000008000018A] -> 0x0000
[98] [M]: 0x0000000080000188 (0x00000013) addi x0, x0, 0x0                          rvtest_code_begin+16

mem[X,0x000000008000018C] -> 0x0013
mem[X,0x000000008000018E] -> 0x0000
[99] [M]: 0x000000008000018C (0x00000013) addi x0, x0, 0x0                          rvtest_code_begin+20

clint mtime 0x0000000000000032 (mip.MTI <- 0b1, mip.STI <- 0b0)
mem[X,0x0000000080000190] -> 0x0013
mem[X,0x0000000080000192] -> 0x0000
[100] [M]: 0x0000000080000190 (0x00000013) addi x0, x0, 0x0                         rvtest_code_begin+24

mem[X,0x0000000080000194] -> 0x0013
mem[X,0x0000000080000196] -> 0x0000
[101] [M]: 0x0000000080000194 (0x00000013) addi x0, x0, 0x0                         rvtest_code_begin+28

clint mtime 0x0000000000000033 (mip.MTI <- 0b1, mip.STI <- 0b0)
mem[X,0x0000000080000198] -> 0x0013
mem[X,0x000000008000019A] -> 0x0000
[102] [M]: 0x0000000080000198 (0x00000013) addi x0, x0, 0x0                         rvtest_code_begin+32

mem[X,0x000000008000019C] -> 0x0013
mem[X,0x000000008000019E] -> 0x0000
[103] [M]: 0x000000008000019C (0x00000013) addi x0, x0, 0x0                         rvtest_code_begin+36

clint mtime 0x0000000000000034 (mip.MTI <- 0b1, mip.STI <- 0b0)
mem[X,0x00000000800001A0] -> 0x5F37
mem[X,0x00000000800001A2] -> 0x5555
[104] [M]: 0x00000000800001A0 (0x55555F37) lui x30, 0x55555                         inst_0+0
x30 <- 0x0000000055555000

mem[X,0x00000000800001A4] -> 0x0F13
mem[X,0x00000000800001A6] -> 0x555F
[105] [M]: 0x00000000800001A4 (0x555F0F13) addi x30, x30, 0x555                     inst_0+4
x30 <- 0x0000000055555555

clint mtime 0x0000000000000035 (mip.MTI <- 0b1, mip.STI <- 0b0)
mem[X,0x00000000800001A8] -> 0x1F13
mem[X,0x00000000800001AA] -> 0x00BF
[106] [M]: 0x00000000800001A8 (0x00BF1F13) slli x30, x30, 0xb                       inst_0+8
x30 <- 0x000002AAAAAAA800

mem[X,0x00000000800001AC] -> 0x0F13
mem[X,0x00000000800001AE] -> 0x2AAF
[107] [M]: 0x00000000800001AC (0x2AAF0F13) addi x30, x30, 0x2aa                     inst_0+12
x30 <- 0x000002AAAAAAAAAA

clint mtime 0x0000000000000036 (mip.MTI <- 0b1, mip.STI <- 0b0)
mem[X,0x00000000800001B0] -> 0x1F13
mem[X,0x00000000800001B2] -> 0x00BF
[108] [M]: 0x00000000800001B0 (0x00BF1F13) slli x30, x30, 0xb                       inst_0+16
x30 <- 0x0015555555555000

mem[X,0x00000000800001B4] -> 0x0F13
mem[X,0x00000000800001B6] -> 0x555F
[109] [M]: 0x00000000800001B4 (0x555F0F13) addi x30, x30, 0x555                     inst_0+20
x30 <- 0x0015555555555555

clint mtime 0x0000000000000037 (mip.MTI <- 0b1, mip.STI <- 0b0)
mem[X,0x00000000800001B8] -> 0x1F13
mem[X,0x00000000800001BA] -> 0x00AF
[110] [M]: 0x00000000800001B8 (0x00AF1F13) slli x30, x30, 0xa                       inst_0+24
x30 <- 0x5555555555555400

mem[X,0x00000000800001BC] -> 0x0F13
mem[X,0x00000000800001BE] -> 0x155F
[111] [M]: 0x00000000800001BC (0x155F0F13) addi x30, x30, 0x155                     inst_0+28
x30 <- 0x5555555555555555

clint mtime 0x0000000000000038 (mip.MTI <- 0b1, mip.STI <- 0b0)
mem[X,0x00000000800001C0] -> 0x0F93
mem[X,0x00000000800001C2] -> 0xBFF0
[112] [M]: 0x00000000800001C0 (0xBFF00F93) addi x31, x0, -0x401                     inst_0+32
x31 <- 0xFFFFFFFFFFFFFBFF

mem[X,0x00000000800001C4] -> 0x1FB3
mem[X,0x00000000800001C6] -> 0x29FF
[113] [M]: 0x00000000800001C4 (0x29FF1FB3) bset x31, x30, x31                       inst_0+36
x31 <- 0xD555555555555555

clint mtime 0x0000000000000039 (mip.MTI <- 0b1, mip.STI <- 0b0)
mem[X,0x00000000800001C8] -> 0xB023
mem[X,0x00000000800001CA] -> 0x01F0
[114] [M]: 0x00000000800001C8 (0x01F0B023) sd x31, 0x0(x1)                          inst_0+40
mem[W,0x0000000080005118] <- 0xD555555555555555

mem[X,0x00000000800001CC] -> 0x0E93
mem[X,0x00000000800001CE] -> 0xBFF0
[115] [M]: 0x00000000800001CC (0xBFF00E93) addi x29, x0, -0x401                     inst_1+0
x29 <- 0xFFFFFFFFFFFFFBFF

clint mtime 0x000000000000003A (mip.MTI <- 0b1, mip.STI <- 0b0)
mem[X,0x00000000800001D0] -> 0x0F13
mem[X,0x00000000800001D2] -> 0xFFF0
[116] [M]: 0x00000000800001D0 (0xFFF00F13) addi x30, x0, -0x1                       inst_1+4
x30 <- 0xFFFFFFFFFFFFFFFF

mem[X,0x00000000800001D4] -> 0x5F13
mem[X,0x00000000800001D6] -> 0x001F
[117] [M]: 0x00000000800001D4 (0x001F5F13) srli x30, x30, 0x1                       inst_1+8
x30 <- 0x7FFFFFFFFFFFFFFF

clint mtime 0x000000000000003B (mip.MTI <- 0b1, mip.STI <- 0b0)
mem[X,0x00000000800001D8] -> 0x9EB3
mem[X,0x00000000800001DA] -> 0x29EE
[118] [M]: 0x00000000800001D8 (0x29EE9EB3) bset x29, x29, x30                       inst_1+12
x29 <- 0xFFFFFFFFFFFFFBFF

mem[X,0x00000000800001DC] -> 0xB423
mem[X,0x00000000800001DE] -> 0x01D0
[119] [M]: 0x00000000800001DC (0x01D0B423) sd x29, 0x8(x1)                          inst_1+16
mem[W,0x0000000080005120] <- 0xFFFFFFFFFFFFFBFF

clint mtime 0x000000000000003C (mip.MTI <- 0b1, mip.STI <- 0b0)
mem[X,0x00000000800001E0] -> 0x0F93
mem[X,0x00000000800001E2] -> 0xBFF0
[120] [M]: 0x00000000800001E0 (0xBFF00F93) addi x31, x0, -0x401                     inst_2+0
x31 <- 0xFFFFFFFFFFFFFBFF

mem[X,0x00000000800001E4] -> 0x0E93
mem[X,0x00000000800001E6] -> 0x0010
[121] [M]: 0x00000000800001E4 (0x00100E93) addi x29, x0, 0x1                        inst_2+4
x29 <- 0x0000000000000001

clint mtime 0x000000000000003D (mip.MTI <- 0b1, mip.STI <- 0b0)
mem[X,0x00000000800001E8] -> 0x9E93
mem[X,0x00000000800001EA] -> 0x03EE
[122] [M]: 0x00000000800001E8 (0x03EE9E93) slli x29, x29, 0x3e                      inst_2+8
x29 <- 0x4000000000000000

mem[X,0x00000000800001EC] -> 0xCE93
mem[X,0x00000000800001EE] -> 0xFFFE
[123] [M]: 0x00000000800001EC (0xFFFECE93) xori x29, x29, -0x1                      inst_2+12
x29 <- 0xBFFFFFFFFFFFFFFF

clint mtime 0x000000000000003E (mip.MTI <- 0b1, mip.STI <- 0b0)
mem[X,0x00000000800001F0] -> 0x9F33
mem[X,0x00000000800001F2] -> 0x29DF
[124] [M]: 0x00000000800001F0 (0x29DF9F33) bset x30, x31, x29                       inst_2+16
x30 <- 0xFFFFFFFFFFFFFBFF

mem[X,0x00000000800001F4] -> 0xB823
mem[X,0x00000000800001F6] -> 0x01E0
[125] [M]: 0x00000000800001F4 (0x01E0B823) sd x30, 0x10(x1)                         inst_2+20
mem[W,0x0000000080005128] <- 0xFFFFFFFFFFFFFBFF

clint mtime 0x000000000000003F (mip.MTI <- 0b1, mip.STI <- 0b0)
mem[X,0x00000000800001F8] -> 0x0E13
mem[X,0x00000000800001FA] -> 0xBFF0
[126] [M]: 0x00000000800001F8 (0xBFF00E13) addi x28, x0, -0x401                     inst_3+0
x28 <- 0xFFFFFFFFFFFFFBFF

mem[X,0x00000000800001FC] -> 0x0E13
mem[X,0x00000000800001FE] -> 0xBFF0
[127] [M]: 0x00000000800001FC (0xBFF00E13) addi x28, x0, -0x401                     inst_3+4
x28 <- 0xFFFFFFFFFFFFFBFF

clint mtime 0x0000000000000040 (mip.MTI <- 0b1, mip.STI <- 0b0)
mem[X,0x0000000080000200] -> 0x1E33
mem[X,0x0000000080000202] -> 0x29CE
[128] [M]: 0x0000000080000200 (0x29CE1E33) bset x28, x28, x28                       inst_3+8
x28 <- 0xFFFFFFFFFFFFFBFF

mem[X,0x0000000080000204] -> 0xBC23
mem[X,0x0000000080000206] -> 0x01C0
[129] [M]: 0x0000000080000204 (0x01C0BC23) sd x28, 0x18(x1)                         inst_3+12
mem[W,0x0000000080005130] <- 0xFFFFFFFFFFFFFBFF

clint mtime 0x0000000000000041 (mip.MTI <- 0b1, mip.STI <- 0b0)
mem[X,0x0000000080000208] -> 0x0D13
mem[X,0x000000008000020A] -> 0xBFF0
[130] [M]: 0x0000000080000208 (0xBFF00D13) addi x26, x0, -0x401                     inst_4+0
x26 <- 0xFFFFFFFFFFFFFBFF

mem[X,0x000000008000020C] -> 0x0D13
mem[X,0x000000008000020E] -> 0xBFF0
[131] [M]: 0x000000008000020C (0xBFF00D13) addi x26, x0, -0x401                     inst_4+4
x26 <- 0xFFFFFFFFFFFFFBFF

clint mtime 0x0000000000000042 (mip.MTI <- 0b1, mip.STI <- 0b0)
mem[X,0x0000000080000210] -> 0x1DB3
mem[X,0x0000000080000212] -> 0x29AD
[132] [M]: 0x0000000080000210 (0x29AD1DB3) bset x27, x26, x26                       inst_4+8
x27 <- 0xFFFFFFFFFFFFFBFF

mem[X,0x0000000080000214] -> 0xB023
mem[X,0x0000000080000216] -> 0x03B0
[133] [M]: 0x0000000080000214 (0x03B0B023) sd x27, 0x20(x1)                         inst_4+12
mem[W,0x0000000080005138] <- 0xFFFFFFFFFFFFFBFF

clint mtime 0x0000000000000043 (mip.MTI <- 0b1, mip.STI <- 0b0)
mem[X,0x0000000080000218] -> 0x0D93
mem[X,0x000000008000021A] -> 0xBFF0
[134] [M]: 0x0000000080000218 (0xBFF00D93) addi x27, x0, -0x401                     inst_5+0
x27 <- 0xFFFFFFFFFFFFFBFF

mem[X,0x000000008000021C] -> 0x0C93
mem[X,0x000000008000021E] -> 0x0010
[135] [M]: 0x000000008000021C (0x00100C93) addi x25, x0, 0x1                        inst_5+4
x25 <- 0x0000000000000001

clint mtime 0x0000000000000044 (mip.MTI <- 0b1, mip.STI <- 0b0)
mem[X,0x0000000080000220] -> 0x9C93
mem[X,0x0000000080000222] -> 0x03BC
[136] [M]: 0x0000000080000220 (0x03BC9C93) slli x25, x25, 0x3b                      inst_5+8
x25 <- 0x0800000000000000

mem[X,0x0000000080000224] -> 0xCC93
mem[X,0x0000000080000226] -> 0xFFFC
[137] [M]: 0x0000000080000224 (0xFFFCCC93) xori x25, x25, -0x1                      inst_5+12
x25 <- 0xF7FFFFFFFFFFFFFF

clint mtime 0x0000000000000045 (mip.MTI <- 0b1, mip.STI <- 0b0)
mem[X,0x0000000080000228] -> 0x9D33
mem[X,0x000000008000022A] -> 0x299D
[138] [M]: 0x0000000080000228 (0x299D9D33) bset x26, x27, x25                       inst_5+16
x26 <- 0xFFFFFFFFFFFFFBFF

mem[X,0x000000008000022C] -> 0xB423
mem[X,0x000000008000022E] -> 0x03A0
[139] [M]: 0x000000008000022C (0x03A0B423) sd x26, 0x28(x1)                         inst_5+20
mem[W,0x0000000080005140] <- 0xFFFFFFFFFFFFFBFF

clint mtime 0x0000000000000046 (mip.MTI <- 0b1, mip.STI <- 0b0)
mem[X,0x0000000080000230] -> 0x0C13
mem[X,0x0000000080000232] -> 0xBFF0
[140] [M]: 0x0000000080000230 (0xBFF00C13) addi x24, x0, -0x401                     inst_6+0
x24 <- 0xFFFFFFFFFFFFFBFF

mem[X,0x0000000080000234] -> 0x0D93
mem[X,0x0000000080000236] -> 0x0010
[141] [M]: 0x0000000080000234 (0x00100D93) addi x27, x0, 0x1                        inst_6+4
x27 <- 0x0000000000000001

clint mtime 0x0000000000000047 (mip.MTI <- 0b1, mip.STI <- 0b0)
mem[X,0x0000000080000238] -> 0x9D93
mem[X,0x000000008000023A] -> 0x03AD
[142] [M]: 0x0000000080000238 (0x03AD9D93) slli x27, x27, 0x3a                      inst_6+8
x27 <- 0x0400000000000000

mem[X,0x000000008000023C] -> 0xCD93
mem[X,0x000000008000023E] -> 0xFFFD
[143] [M]: 0x000000008000023C (0xFFFDCD93) xori x27, x27, -0x1                      inst_6+12
x27 <- 0xFBFFFFFFFFFFFFFF

clint mtime 0x0000000000000048 (mip.MTI <- 0b1, mip.STI <- 0b0)
mem[X,0x0000000080000240] -> 0x1CB3
mem[X,0x0000000080000242] -> 0x29BC
[144] [M]: 0x0000000080000240 (0x29BC1CB3) bset x25, x24, x27                       inst_6+16
x25 <- 0xFFFFFFFFFFFFFBFF

mem[X,0x0000000080000244] -> 0xB823
mem[X,0x0000000080000246] -> 0x0390
[145] [M]: 0x0000000080000244 (0x0390B823) sd x25, 0x30(x1)                         inst_6+20
mem[W,0x0000000080005148] <- 0xFFFFFFFFFFFFFBFF

clint mtime 0x0000000000000049 (mip.MTI <- 0b1, mip.STI <- 0b0)
mem[X,0x0000000080000248] -> 0x0C93
mem[X,0x000000008000024A] -> 0xBFF0
[146] [M]: 0x0000000080000248 (0xBFF00C93) addi x25, x0, -0x401                     inst_7+0
x25 <- 0xFFFFFFFFFFFFFBFF

mem[X,0x000000008000024C] -> 0x0B93
mem[X,0x000000008000024E] -> 0x0010
[147] [M]: 0x000000008000024C (0x00100B93) addi x23, x0, 0x1                        inst_7+4
x23 <- 0x0000000000000001

clint mtime 0x000000000000004A (mip.MTI <- 0b1, mip.STI <- 0b0)
mem[X,0x0000000080000250] -> 0x9B93
mem[X,0x0000000080000252] -> 0x039B
[148] [M]: 0x0000000080000250 (0x039B9B93) slli x23, x23, 0x39                      inst_7+8
x23 <- 0x0200000000000000

mem[X,0x0000000080000254] -> 0xCB93
mem[X,0x0000000080000256] -> 0xFFFB
[149] [M]: 0x0000000080000254 (0xFFFBCB93) xori x23, x23, -0x1                      inst_7+12
x23 <- 0xFDFFFFFFFFFFFFFF

clint mtime 0x000000000000004B (mip.MTI <- 0b1, mip.STI <- 0b0)
mem[X,0x0000000080000258] -> 0x9C33
mem[X,0x000000008000025A] -> 0x297C
[150] [M]: 0x0000000080000258 (0x297C9C33) bset x24, x25, x23                       inst_7+16
x24 <- 0xFFFFFFFFFFFFFBFF

mem[X,0x000000008000025C] -> 0xBC23
mem[X,0x000000008000025E] -> 0x0380
[151] [M]: 0x000000008000025C (0x0380BC23) sd x24, 0x38(x1)                         inst_7+20
mem[W,0x0000000080005150] <- 0xFFFFFFFFFFFFFBFF

clint mtime 0x000000000000004C (mip.MTI <- 0b1, mip.STI <- 0b0)
mem[X,0x0000000080000260] -> 0x0B13
mem[X,0x0000000080000262] -> 0xBFF0
[152] [M]: 0x0000000080000260 (0xBFF00B13) addi x22, x0, -0x401                     inst_8+0
x22 <- 0xFFFFFFFFFFFFFBFF

mem[X,0x0000000080000264] -> 0x0C13
mem[X,0x0000000080000266] -> 0x0010
[153] [M]: 0x0000000080000264 (0x00100C13) addi x24, x0, 0x1                        inst_8+4
x24 <- 0x0000000000000001

clint mtime 0x000000000000004D (mip.MTI <- 0b1, mip.STI <- 0b0)
mem[X,0x0000000080000268] -> 0x1C13
mem[X,0x000000008000026A] -> 0x038C
[154] [M]: 0x0000000080000268 (0x038C1C13) slli x24, x24, 0x38                      inst_8+8
x24 <- 0x0100000000000000

mem[X,0x000000008000026C] -> 0x4C13
mem[X,0x000000008000026E] -> 0xFFFC
[155] [M]: 0x000000008000026C (0xFFFC4C13) xori x24, x24, -0x1                      inst_8+12
x24 <- 0xFEFFFFFFFFFFFFFF

clint mtime 0x000000000000004E (mip.MTI <- 0b1, mip.STI <- 0b0)
mem[X,0x0000000080000270] -> 0x1BB3
mem[X,0x0000000080000272] -> 0x298B
[156] [M]: 0x0000000080000270 (0x298B1BB3) bset x23, x22, x24                       inst_8+16
x23 <- 0xFFFFFFFFFFFFFBFF

mem[X,0x0000000080000274] -> 0xB023
mem[X,0x0000000080000276] -> 0x0570
[157] [M]: 0x0000000080000274 (0x0570B023) sd x23, 0x40(x1)                         inst_8+20
mem[W,0x0000000080005158] <- 0xFFFFFFFFFFFFFBFF

clint mtime 0x000000000000004F (mip.MTI <- 0b1, mip.STI <- 0b0)
mem[X,0x0000000080000278] -> 0x0B93
mem[X,0x000000008000027A] -> 0xBFF0
[158] [M]: 0x0000000080000278 (0xBFF00B93) addi x23, x0, -0x401                     inst_9+0
x23 <- 0xFFFFFFFFFFFFFBFF

mem[X,0x000000008000027C] -> 0x0A93
mem[X,0x000000008000027E] -> 0x0010
[159] [M]: 0x000000008000027C (0x00100A93) addi x21, x0, 0x1                        inst_9+4
x21 <- 0x0000000000000001

clint mtime 0x0000000000000050 (mip.MTI <- 0b1, mip.STI <- 0b0)
mem[X,0x0000000080000280] -> 0x9A93
mem[X,0x0000000080000282] -> 0x037A
[160] [M]: 0x0000000080000280 (0x037A9A93) slli x21, x21, 0x37                      inst_9+8
x21 <- 0x0080000000000000

mem[X,0x0000000080000284] -> 0xCA93
mem[X,0x0000000080000286] -> 0xFFFA
[161] [M]: 0x0000000080000284 (0xFFFACA93) xori x21, x21, -0x1                      inst_9+12
x21 <- 0xFF7FFFFFFFFFFFFF

clint mtime 0x0000000000000051 (mip.MTI <- 0b1, mip.STI <- 0b0)
mem[X,0x0000000080000288] -> 0x9B33
mem[X,0x000000008000028A] -> 0x295B
[162] [M]: 0x0000000080000288 (0x295B9B33) bset x22, x23, x21                       inst_9+16
x22 <- 0xFFFFFFFFFFFFFBFF

mem[X,0x000000008000028C] -> 0xB423
mem[X,0x000000008000028E] -> 0x0560
[163] [M]: 0x000000008000028C (0x0560B423) sd x22, 0x48(x1)                         inst_9+20
mem[W,0x0000000080005160] <- 0xFFFFFFFFFFFFFBFF

clint mtime 0x0000000000000052 (mip.MTI <- 0b1, mip.STI <- 0b0)
mem[X,0x0000000080000290] -> 0x0A13
mem[X,0x0000000080000292] -> 0xBFF0
[164] [M]: 0x0000000080000290 (0xBFF00A13) addi x20, x0, -0x401                     inst_10+0
x20 <- 0xFFFFFFFFFFFFFBFF

mem[X,0x0000000080000294] -> 0x0B13
mem[X,0x0000000080000296] -> 0x0010
[165] [M]: 0x0000000080000294 (0x00100B13) addi x22, x0, 0x1                        inst_10+4
x22 <- 0x0000000000000001

clint mtime 0x0000000000000053 (mip.MTI <- 0b1, mip.STI <- 0b0)
mem[X,0x0000000080000298] -> 0x1B13
mem[X,0x000000008000029A] -> 0x036B
[166] [M]: 0x0000000080000298 (0x036B1B13) slli x22, x22, 0x36                      inst_10+8
x22 <- 0x0040000000000000

mem[X,0x000000008000029C] -> 0x4B13
mem[X,0x000000008000029E] -> 0xFFFB
[167] [M]: 0x000000008000029C (0xFFFB4B13) xori x22, x22, -0x1                      inst_10+12
x22 <- 0xFFBFFFFFFFFFFFFF

clint mtime 0x0000000000000054 (mip.MTI <- 0b1, mip.STI <- 0b0)
mem[X,0x00000000800002A0] -> 0x1AB3
mem[X,0x00000000800002A2] -> 0x296A
[168] [M]: 0x00000000800002A0 (0x296A1AB3) bset x21, x20, x22                       inst_10+16
x21 <- 0xFFFFFFFFFFFFFBFF

mem[X,0x00000000800002A4] -> 0xB823
mem[X,0x00000000800002A6] -> 0x0550
[169] [M]: 0x00000000800002A4 (0x0550B823) sd x21, 0x50(x1)                         inst_10+20
mem[W,0x0000000080005168] <- 0xFFFFFFFFFFFFFBFF

clint mtime 0x0000000000000055 (mip.MTI <- 0b1, mip.STI <- 0b0)
mem[X,0x00000000800002A8] -> 0x0A93
mem[X,0x00000000800002AA] -> 0xBFF0
[170] [M]: 0x00000000800002A8 (0xBFF00A93) addi x21, x0, -0x401                     inst_11+0
x21 <- 0xFFFFFFFFFFFFFBFF

mem[X,0x00000000800002AC] -> 0x0993
mem[X,0x00000000800002AE] -> 0x0010
[171] [M]: 0x00000000800002AC (0x00100993) addi x19, x0, 0x1                        inst_11+4
x19 <- 0x0000000000000001

clint mtime 0x0000000000000056 (mip.MTI <- 0b1, mip.STI <- 0b0)
mem[X,0x00000000800002B0] -> 0x9993
mem[X,0x00000000800002B2] -> 0x0359
[172] [M]: 0x00000000800002B0 (0x03599993) slli x19, x19, 0x35                      inst_11+8
x19 <- 0x0020000000000000

mem[X,0x00000000800002B4] -> 0xC993
mem[X,0x00000000800002B6] -> 0xFFF9
[173] [M]: 0x00000000800002B4 (0xFFF9C993) xori x19, x19, -0x1                      inst_11+12
x19 <- 0xFFDFFFFFFFFFFFFF

clint mtime 0x0000000000000057 (mip.MTI <- 0b1, mip.STI <- 0b0)
mem[X,0x00000000800002B8] -> 0x9A33
mem[X,0x00000000800002BA] -> 0x293A
[174] [M]: 0x00000000800002B8 (0x293A9A33) bset x20, x21, x19                       inst_11+16
x20 <- 0xFFFFFFFFFFFFFBFF

mem[X,0x00000000800002BC] -> 0xBC23
mem[X,0x00000000800002BE] -> 0x0540
[175] [M]: 0x00000000800002BC (0x0540BC23) sd x20, 0x58(x1)                         inst_11+20
mem[W,0x0000000080005170] <- 0xFFFFFFFFFFFFFBFF

clint mtime 0x0000000000000058 (mip.MTI <- 0b1, mip.STI <- 0b0)
mem[X,0x00000000800002C0] -> 0x0913
mem[X,0x00000000800002C2] -> 0xBFF0
[176] [M]: 0x00000000800002C0 (0xBFF00913) addi x18, x0, -0x401                     inst_12+0
x18 <- 0xFFFFFFFFFFFFFBFF

mem[X,0x00000000800002C4] -> 0x0A13
mem[X,0x00000000800002C6] -> 0x0010
[177] [M]: 0x00000000800002C4 (0x00100A13) addi x20, x0, 0x1                        inst_12+4
x20 <- 0x0000000000000001

clint mtime 0x0000000000000059 (mip.MTI <- 0b1, mip.STI <- 0b0)
mem[X,0x00000000800002C8] -> 0x1A13
mem[X,0x00000000800002CA] -> 0x034A
[178] [M]: 0x00000000800002C8 (0x034A1A13) slli x20, x20, 0x34                      inst_12+8
x20 <- 0x0010000000000000

mem[X,0x00000000800002CC] -> 0x4A13
mem[X,0x00000000800002CE] -> 0xFFFA
[179] [M]: 0x00000000800002CC (0xFFFA4A13) xori x20, x20, -0x1                      inst_12+12
x20 <- 0xFFEFFFFFFFFFFFFF

clint mtime 0x000000000000005A (mip.MTI <- 0b1, mip.STI <- 0b0)
mem[X,0x00000000800002D0] -> 0x19B3
mem[X,0x00000000800002D2] -> 0x2949
[180] [M]: 0x00000000800002D0 (0x294919B3) bset x19, x18, x20                       inst_12+16
x19 <- 0xFFFFFFFFFFFFFBFF

mem[X,0x00000000800002D4] -> 0xB023
mem[X,0x00000000800002D6] -> 0x0730
[181] [M]: 0x00000000800002D4 (0x0730B023) sd x19, 0x60(x1)                         inst_12+20
mem[W,0x0000000080005178] <- 0xFFFFFFFFFFFFFBFF

clint mtime 0x000000000000005B (mip.MTI <- 0b1, mip.STI <- 0b0)
mem[X,0x00000000800002D8] -> 0x0993
mem[X,0x00000000800002DA] -> 0xBFF0
[182] [M]: 0x00000000800002D8 (0xBFF00993) addi x19, x0, -0x401                     inst_13+0
x19 <- 0xFFFFFFFFFFFFFBFF

mem[X,0x00000000800002DC] -> 0x0893
mem[X,0x00000000800002DE] -> 0x0010
[183] [M]: 0x00000000800002DC (0x00100893) addi x17, x0, 0x1                        inst_13+4
x17 <- 0x0000000000000001

clint mtime 0x000000000000005C (mip.MTI <- 0b1, mip.STI <- 0b0)
mem[X,0x00000000800002E0] -> 0x9893
mem[X,0x00000000800002E2] -> 0x0338
[184] [M]: 0x00000000800002E0 (0x03389893) slli x17, x17, 0x33                      inst_13+8
x17 <- 0x0008000000000000

mem[X,0x00000000800002E4] -> 0xC893
mem[X,0x00000000800002E6] -> 0xFFF8
[185] [M]: 0x00000000800002E4 (0xFFF8C893) xori x17, x17, -0x1                      inst_13+12
x17 <- 0xFFF7FFFFFFFFFFFF

clint mtime 0x000000000000005D (mip.MTI <- 0b1, mip.STI <- 0b0)
mem[X,0x00000000800002E8] -> 0x9933
mem[X,0x00000000800002EA] -> 0x2919
[186] [M]: 0x00000000800002E8 (0x29199933) bset x18, x19, x17                       inst_13+16
x18 <- 0xFFFFFFFFFFFFFBFF

mem[X,0x00000000800002EC] -> 0xB423
mem[X,0x00000000800002EE] -> 0x0720
[187] [M]: 0x00000000800002EC (0x0720B423) sd x18, 0x68(x1)                         inst_13+20
mem[W,0x0000000080005180] <- 0xFFFFFFFFFFFFFBFF

clint mtime 0x000000000000005E (mip.MTI <- 0b1, mip.STI <- 0b0)
mem[X,0x00000000800002F0] -> 0x0813
mem[X,0x00000000800002F2] -> 0xBFF0
[188] [M]: 0x00000000800002F0 (0xBFF00813) addi x16, x0, -0x401                     inst_14+0
x16 <- 0xFFFFFFFFFFFFFBFF

mem[X,0x00000000800002F4] -> 0x0913
mem[X,0x00000000800002F6] -> 0x0010
[189] [M]: 0x00000000800002F4 (0x00100913) addi x18, x0, 0x1                        inst_14+4
x18 <- 0x0000000000000001

clint mtime 0x000000000000005F (mip.MTI <- 0b1, mip.STI <- 0b0)
mem[X,0x00000000800002F8] -> 0x1913
mem[X,0x00000000800002FA] -> 0x0329
[190] [M]: 0x00000000800002F8 (0x03291913) slli x18, x18, 0x32                      inst_14+8
x18 <- 0x0004000000000000

mem[X,0x00000000800002FC] -> 0x4913
mem[X,0x00000000800002FE] -> 0xFFF9
[191] [M]: 0x00000000800002FC (0xFFF94913) xori x18, x18, -0x1                      inst_14+12
x18 <- 0xFFFBFFFFFFFFFFFF

clint mtime 0x0000000000000060 (mip.MTI <- 0b1, mip.STI <- 0b0)
mem[X,0x0000000080000300] -> 0x18B3
mem[X,0x0000000080000302] -> 0x2928
[192] [M]: 0x0000000080000300 (0x292818B3) bset x17, x16, x18                       inst_14+16
x17 <- 0xFFFFFFFFFFFFFBFF

mem[X,0x0000000080000304] -> 0xB823
mem[X,0x0000000080000306] -> 0x0710
[193] [M]: 0x0000000080000304 (0x0710B823) sd x17, 0x70(x1)                         inst_14+20
mem[W,0x0000000080005188] <- 0xFFFFFFFFFFFFFBFF

clint mtime 0x0000000000000061 (mip.MTI <- 0b1, mip.STI <- 0b0)
mem[X,0x0000000080000308] -> 0x0893
mem[X,0x000000008000030A] -> 0xBFF0
[194] [M]: 0x0000000080000308 (0xBFF00893) addi x17, x0, -0x401                     inst_15+0
x17 <- 0xFFFFFFFFFFFFFBFF

mem[X,0x000000008000030C] -> 0x0793
mem[X,0x000000008000030E] -> 0x0010
[195] [M]: 0x000000008000030C (0x00100793) addi x15, x0, 0x1                        inst_15+4
x15 <- 0x0000000000000001

clint mtime 0x0000000000000062 (mip.MTI <- 0b1, mip.STI <- 0b0)
mem[X,0x0000000080000310] -> 0x9793
mem[X,0x0000000080000312] -> 0x0317
[196] [M]: 0x0000000080000310 (0x03179793) slli x15, x15, 0x31                      inst_15+8
x15 <- 0x0002000000000000

mem[X,0x0000000080000314] -> 0xC793
mem[X,0x0000000080000316] -> 0xFFF7
[197] [M]: 0x0000000080000314 (0xFFF7C793) xori x15, x15, -0x1                      inst_15+12
x15 <- 0xFFFDFFFFFFFFFFFF

clint mtime 0x0000000000000063 (mip.MTI <- 0b1, mip.STI <- 0b0)
mem[X,0x0000000080000318] -> 0x9833
mem[X,0x000000008000031A] -> 0x28F8
[198] [M]: 0x0000000080000318 (0x28F89833) bset x16, x17, x15                       inst_15+16
x16 <- 0xFFFFFFFFFFFFFBFF

mem[X,0x000000008000031C] -> 0xBC23
mem[X,0x000000008000031E] -> 0x0700
[199] [M]: 0x000000008000031C (0x0700BC23) sd x16, 0x78(x1)                         inst_15+20
mem[W,0x0000000080005190] <- 0xFFFFFFFFFFFFFBFF

clint mtime 0x0000000000000064 (mip.MTI <- 0b1, mip.STI <- 0b0)
mem[X,0x0000000080000320] -> 0x0713
mem[X,0x0000000080000322] -> 0xBFF0
[200] [M]: 0x0000000080000320 (0xBFF00713) addi x14, x0, -0x401                     inst_16+0
x14 <- 0xFFFFFFFFFFFFFBFF

mem[X,0x0000000080000324] -> 0x0813
mem[X,0x0000000080000326] -> 0x0010
[201] [M]: 0x0000000080000324 (0x00100813) addi x16, x0, 0x1                        inst_16+4
x16 <- 0x0000000000000001

clint mtime 0x0000000000000065 (mip.MTI <- 0b1, mip.STI <- 0b0)
mem[X,0x0000000080000328] -> 0x1813
mem[X,0x000000008000032A] -> 0x0308
[202] [M]: 0x0000000080000328 (0x03081813) slli x16, x16, 0x30                      inst_16+8
x16 <- 0x0001000000000000

mem[X,0x000000008000032C] -> 0x4813
mem[X,0x000000008000032E] -> 0xFFF8
[203] [M]: 0x000000008000032C (0xFFF84813) xori x16, x16, -0x1                      inst_16+12
x16 <- 0xFFFEFFFFFFFFFFFF

clint mtime 0x0000000000000066 (mip.MTI <- 0b1, mip.STI <- 0b0)
mem[X,0x0000000080000330] -> 0x17B3
mem[X,0x0000000080000332] -> 0x2907
[204] [M]: 0x0000000080000330 (0x290717B3) bset x15, x14, x16                       inst_16+16
x15 <- 0xFFFFFFFFFFFFFBFF

mem[X,0x0000000080000334] -> 0xB023
mem[X,0x0000000080000336] -> 0x08F0
[205] [M]: 0x0000000080000334 (0x08F0B023) sd x15, 0x80(x1)                         inst_16+20
mem[W,0x0000000080005198] <- 0xFFFFFFFFFFFFFBFF

clint mtime 0x0000000000000067 (mip.MTI <- 0b1, mip.STI <- 0b0)
mem[X,0x0000000080000338] -> 0x0793
mem[X,0x000000008000033A] -> 0xBFF0
[206] [M]: 0x0000000080000338 (0xBFF00793) addi x15, x0, -0x401                     inst_17+0
x15 <- 0xFFFFFFFFFFFFFBFF

mem[X,0x000000008000033C] -> 0x0693
mem[X,0x000000008000033E] -> 0x0010
[207] [M]: 0x000000008000033C (0x00100693) addi x13, x0, 0x1                        inst_17+4
x13 <- 0x0000000000000001

clint mtime 0x0000000000000068 (mip.MTI <- 0b1, mip.STI <- 0b0)
mem[X,0x0000000080000340] -> 0x9693
mem[X,0x0000000080000342] -> 0x02F6
[208] [M]: 0x0000000080000340 (0x02F69693) slli x13, x13, 0x2f                      inst_17+8
x13 <- 0x0000800000000000

mem[X,0x0000000080000344] -> 0xC693
mem[X,0x0000000080000346] -> 0xFFF6
[209] [M]: 0x0000000080000344 (0xFFF6C693) xori x13, x13, -0x1                      inst_17+12
x13 <- 0xFFFF7FFFFFFFFFFF

clint mtime 0x0000000000000069 (mip.MTI <- 0b1, mip.STI <- 0b0)
mem[X,0x0000000080000348] -> 0x9733
mem[X,0x000000008000034A] -> 0x28D7
[210] [M]: 0x0000000080000348 (0x28D79733) bset x14, x15, x13                       inst_17+16
x14 <- 0xFFFFFFFFFFFFFBFF

mem[X,0x000000008000034C] -> 0xB423
mem[X,0x000000008000034E] -> 0x08E0
[211] [M]: 0x000000008000034C (0x08E0B423) sd x14, 0x88(x1)                         inst_17+20
mem[W,0x00000000800051A0] <- 0xFFFFFFFFFFFFFBFF

clint mtime 0x000000000000006A (mip.MTI <- 0b1, mip.STI <- 0b0)
mem[X,0x0000000080000350] -> 0x0613
mem[X,0x0000000080000352] -> 0xBFF0
[212] [M]: 0x0000000080000350 (0xBFF00613) addi x12, x0, -0x401                     inst_18+0
x12 <- 0xFFFFFFFFFFFFFBFF

mem[X,0x0000000080000354] -> 0x0713
mem[X,0x0000000080000356] -> 0x0010
[213] [M]: 0x0000000080000354 (0x00100713) addi x14, x0, 0x1                        inst_18+4
x14 <- 0x0000000000000001

clint mtime 0x000000000000006B (mip.MTI <- 0b1, mip.STI <- 0b0)
mem[X,0x0000000080000358] -> 0x1713
mem[X,0x000000008000035A] -> 0x02E7
[214] [M]: 0x0000000080000358 (0x02E71713) slli x14, x14, 0x2e                      inst_18+8
x14 <- 0x0000400000000000

mem[X,0x000000008000035C] -> 0x4713
mem[X,0x000000008000035E] -> 0xFFF7
[215] [M]: 0x000000008000035C (0xFFF74713) xori x14, x14, -0x1                      inst_18+12
x14 <- 0xFFFFBFFFFFFFFFFF

clint mtime 0x000000000000006C (mip.MTI <- 0b1, mip.STI <- 0b0)
mem[X,0x0000000080000360] -> 0x16B3
mem[X,0x0000000080000362] -> 0x28E6
[216] [M]: 0x0000000080000360 (0x28E616B3) bset x13, x12, x14                       inst_18+16
x13 <- 0xFFFFFFFFFFFFFBFF

mem[X,0x0000000080000364] -> 0xB823
mem[X,0x0000000080000366] -> 0x08D0
[217] [M]: 0x0000000080000364 (0x08D0B823) sd x13, 0x90(x1)                         inst_18+20
mem[W,0x00000000800051A8] <- 0xFFFFFFFFFFFFFBFF

clint mtime 0x000000000000006D (mip.MTI <- 0b1, mip.STI <- 0b0)
mem[X,0x0000000080000368] -> 0x0693
mem[X,0x000000008000036A] -> 0xBFF0
[218] [M]: 0x0000000080000368 (0xBFF00693) addi x13, x0, -0x401                     inst_19+0
x13 <- 0xFFFFFFFFFFFFFBFF

mem[X,0x000000008000036C] -> 0x0593
mem[X,0x000000008000036E] -> 0x0010
[219] [M]: 0x000000008000036C (0x00100593) addi x11, x0, 0x1                        inst_19+4
x11 <- 0x0000000000000001

clint mtime 0x000000000000006E (mip.MTI <- 0b1, mip.STI <- 0b0)
mem[X,0x0000000080000370] -> 0x9593
mem[X,0x0000000080000372] -> 0x02D5
[220] [M]: 0x0000000080000370 (0x02D59593) slli x11, x11, 0x2d                      inst_19+8
x11 <- 0x0000200000000000

mem[X,0x0000000080000374] -> 0xC593
mem[X,0x0000000080000376] -> 0xFFF5
[221] [M]: 0x0000000080000374 (0xFFF5C593) xori x11, x11, -0x1                      inst_19+12
x11 <- 0xFFFFDFFFFFFFFFFF

clint mtime 0x000000000000006F (mip.MTI <- 0b1, mip.STI <- 0b0)
mem[X,0x0000000080000378] -> 0x9633
mem[X,0x000000008000037A] -> 0x28B6
[222] [M]: 0x0000000080000378 (0x28B69633) bset x12, x13, x11                       inst_19+16
x12 <- 0xFFFFFFFFFFFFFBFF

mem[X,0x000000008000037C] -> 0xBC23
mem[X,0x000000008000037E] -> 0x08C0
[223] [M]: 0x000000008000037C (0x08C0BC23) sd x12, 0x98(x1)                         inst_19+20
mem[W,0x00000000800051B0] <- 0xFFFFFFFFFFFFFBFF

clint mtime 0x0000000000000070 (mip.MTI <- 0b1, mip.STI <- 0b0)
mem[X,0x0000000080000380] -> 0x0513
mem[X,0x0000000080000382] -> 0xBFF0
[224] [M]: 0x0000000080000380 (0xBFF00513) addi x10, x0, -0x401                     inst_20+0
x10 <- 0xFFFFFFFFFFFFFBFF

mem[X,0x0000000080000384] -> 0x0613
mem[X,0x0000000080000386] -> 0x0010
[225] [M]: 0x0000000080000384 (0x00100613) addi x12, x0, 0x1                        inst_20+4
x12 <- 0x0000000000000001

clint mtime 0x0000000000000071 (mip.MTI <- 0b1, mip.STI <- 0b0)
mem[X,0x0000000080000388] -> 0x1613
mem[X,0x000000008000038A] -> 0x02C6
[226] [M]: 0x0000000080000388 (0x02C61613) slli x12, x12, 0x2c                      inst_20+8
x12 <- 0x0000100000000000

mem[X,0x000000008000038C] -> 0x4613
mem[X,0x000000008000038E] -> 0xFFF6
[227] [M]: 0x000000008000038C (0xFFF64613) xori x12, x12, -0x1                      inst_20+12
x12 <- 0xFFFFEFFFFFFFFFFF

clint mtime 0x0000000000000072 (mip.MTI <- 0b1, mip.STI <- 0b0)
mem[X,0x0000000080000390] -> 0x15B3
mem[X,0x0000000080000392] -> 0x28C5
[228] [M]: 0x0000000080000390 (0x28C515B3) bset x11, x10, x12                       inst_20+16
x11 <- 0xFFFFFFFFFFFFFBFF

mem[X,0x0000000080000394] -> 0xB023
mem[X,0x0000000080000396] -> 0x0AB0
[229] [M]: 0x0000000080000394 (0x0AB0B023) sd x11, 0xa0(x1)                         inst_20+20
mem[W,0x00000000800051B8] <- 0xFFFFFFFFFFFFFBFF

clint mtime 0x0000000000000073 (mip.MTI <- 0b1, mip.STI <- 0b0)
mem[X,0x0000000080000398] -> 0x0593
mem[X,0x000000008000039A] -> 0xBFF0
[230] [M]: 0x0000000080000398 (0xBFF00593) addi x11, x0, -0x401                     inst_21+0
x11 <- 0xFFFFFFFFFFFFFBFF

mem[X,0x000000008000039C] -> 0x0493
mem[X,0x000000008000039E] -> 0x0010
[231] [M]: 0x000000008000039C (0x00100493) addi x9, x0, 0x1                         inst_21+4
x9 <- 0x0000000000000001

clint mtime 0x0000000000000074 (mip.MTI <- 0b1, mip.STI <- 0b0)
mem[X,0x00000000800003A0] -> 0x9493
mem[X,0x00000000800003A2] -> 0x02B4
[232] [M]: 0x00000000800003A0 (0x02B49493) slli x9, x9, 0x2b                        inst_21+8
x9 <- 0x0000080000000000

mem[X,0x00000000800003A4] -> 0xC493
mem[X,0x00000000800003A6] -> 0xFFF4
[233] [M]: 0x00000000800003A4 (0xFFF4C493) xori x9, x9, -0x1                        inst_21+12
x9 <- 0xFFFFF7FFFFFFFFFF

clint mtime 0x0000000000000075 (mip.MTI <- 0b1, mip.STI <- 0b0)
mem[X,0x00000000800003A8] -> 0x9533
mem[X,0x00000000800003AA] -> 0x2895
[234] [M]: 0x00000000800003A8 (0x28959533) bset x10, x11, x9                        inst_21+16
x10 <- 0xFFFFFFFFFFFFFBFF

mem[X,0x00000000800003AC] -> 0xB423
mem[X,0x00000000800003AE] -> 0x0AA0
[235] [M]: 0x00000000800003AC (0x0AA0B423) sd x10, 0xa8(x1)                         inst_21+20
mem[W,0x00000000800051C0] <- 0xFFFFFFFFFFFFFBFF

clint mtime 0x0000000000000076 (mip.MTI <- 0b1, mip.STI <- 0b0)
mem[X,0x00000000800003B0] -> 0x0413
mem[X,0x00000000800003B2] -> 0xBFF0
[236] [M]: 0x00000000800003B0 (0xBFF00413) addi x8, x0, -0x401                      inst_22+0
x8 <- 0xFFFFFFFFFFFFFBFF

mem[X,0x00000000800003B4] -> 0x0513
mem[X,0x00000000800003B6] -> 0x0010
[237] [M]: 0x00000000800003B4 (0x00100513) addi x10, x0, 0x1                        inst_22+4
x10 <- 0x0000000000000001

clint mtime 0x0000000000000077 (mip.MTI <- 0b1, mip.STI <- 0b0)
mem[X,0x00000000800003B8] -> 0x1513
mem[X,0x00000000800003BA] -> 0x02A5
[238] [M]: 0x00000000800003B8 (0x02A51513) slli x10, x10, 0x2a                      inst_22+8
x10 <- 0x0000040000000000

mem[X,0x00000000800003BC] -> 0x4513
mem[X,0x00000000800003BE] -> 0xFFF5
[239] [M]: 0x00000000800003BC (0xFFF54513) xori x10, x10, -0x1                      inst_22+12
x10 <- 0xFFFFFBFFFFFFFFFF

clint mtime 0x0000000000000078 (mip.MTI <- 0b1, mip.STI <- 0b0)
mem[X,0x00000000800003C0] -> 0x14B3
mem[X,0x00000000800003C2] -> 0x28A4
[240] [M]: 0x00000000800003C0 (0x28A414B3) bset x9, x8, x10                         inst_22+16
x9 <- 0xFFFFFFFFFFFFFBFF

mem[X,0x00000000800003C4] -> 0xB823
mem[X,0x00000000800003C6] -> 0x0A90
[241] [M]: 0x00000000800003C4 (0x0A90B823) sd x9, 0xb0(x1)                          inst_22+20
mem[W,0x00000000800051C8] <- 0xFFFFFFFFFFFFFBFF

clint mtime 0x0000000000000079 (mip.MTI <- 0b1, mip.STI <- 0b0)
mem[X,0x00000000800003C8] -> 0x0493
mem[X,0x00000000800003CA] -> 0xBFF0
[242] [M]: 0x00000000800003C8 (0xBFF00493) addi x9, x0, -0x401                      inst_23+0
x9 <- 0xFFFFFFFFFFFFFBFF

mem[X,0x00000000800003CC] -> 0x0393
mem[X,0x00000000800003CE] -> 0x0010
[243] [M]: 0x00000000800003CC (0x00100393) addi x7, x0, 0x1                         inst_23+4
x7 <- 0x0000000000000001

clint mtime 0x000000000000007A (mip.MTI <- 0b1, mip.STI <- 0b0)
mem[X,0x00000000800003D0] -> 0x9393
mem[X,0x00000000800003D2] -> 0x0293
[244] [M]: 0x00000000800003D0 (0x02939393) slli x7, x7, 0x29                        inst_23+8
x7 <- 0x0000020000000000

mem[X,0x00000000800003D4] -> 0xC393
mem[X,0x00000000800003D6] -> 0xFFF3
[245] [M]: 0x00000000800003D4 (0xFFF3C393) xori x7, x7, -0x1                        inst_23+12
x7 <- 0xFFFFFDFFFFFFFFFF

clint mtime 0x000000000000007B (mip.MTI <- 0b1, mip.STI <- 0b0)
mem[X,0x00000000800003D8] -> 0x9433
mem[X,0x00000000800003DA] -> 0x2874
[246] [M]: 0x00000000800003D8 (0x28749433) bset x8, x9, x7                          inst_23+16
x8 <- 0xFFFFFFFFFFFFFBFF

mem[X,0x00000000800003DC] -> 0xBC23
mem[X,0x00000000800003DE] -> 0x0A80
[247] [M]: 0x00000000800003DC (0x0A80BC23) sd x8, 0xb8(x1)                          inst_23+20
mem[W,0x00000000800051D0] <- 0xFFFFFFFFFFFFFBFF

clint mtime 0x000000000000007C (mip.MTI <- 0b1, mip.STI <- 0b0)
mem[X,0x00000000800003E0] -> 0x0313
mem[X,0x00000000800003E2] -> 0xBFF0
[248] [M]: 0x00000000800003E0 (0xBFF00313) addi x6, x0, -0x401                      inst_24+0
x6 <- 0xFFFFFFFFFFFFFBFF

mem[X,0x00000000800003E4] -> 0x0413
mem[X,0x00000000800003E6] -> 0x0010
[249] [M]: 0x00000000800003E4 (0x00100413) addi x8, x0, 0x1                         inst_24+4
x8 <- 0x0000000000000001

clint mtime 0x000000000000007D (mip.MTI <- 0b1, mip.STI <- 0b0)
mem[X,0x00000000800003E8] -> 0x1413
mem[X,0x00000000800003EA] -> 0x0284
[250] [M]: 0x00000000800003E8 (0x02841413) slli x8, x8, 0x28                        inst_24+8
x8 <- 0x0000010000000000

mem[X,0x00000000800003EC] -> 0x4413
mem[X,0x00000000800003EE] -> 0xFFF4
[251] [M]: 0x00000000800003EC (0xFFF44413) xori x8, x8, -0x1                        inst_24+12
x8 <- 0xFFFFFEFFFFFFFFFF

clint mtime 0x000000000000007E (mip.MTI <- 0b1, mip.STI <- 0b0)
mem[X,0x00000000800003F0] -> 0x13B3
mem[X,0x00000000800003F2] -> 0x2883
[252] [M]: 0x00000000800003F0 (0x288313B3) bset x7, x6, x8                          inst_24+16
x7 <- 0xFFFFFFFFFFFFFBFF

mem[X,0x00000000800003F4] -> 0xB023
mem[X,0x00000000800003F6] -> 0x0C70
[253] [M]: 0x00000000800003F4 (0x0C70B023) sd x7, 0xc0(x1)                          inst_24+20
mem[W,0x00000000800051D8] <- 0xFFFFFFFFFFFFFBFF

clint mtime 0x000000000000007F (mip.MTI <- 0b1, mip.STI <- 0b0)
mem[X,0x00000000800003F8] -> 0x0393
mem[X,0x00000000800003FA] -> 0xBFF0
[254] [M]: 0x00000000800003F8 (0xBFF00393) addi x7, x0, -0x401                      inst_25+0
x7 <- 0xFFFFFFFFFFFFFBFF

mem[X,0x00000000800003FC] -> 0x0293
mem[X,0x00000000800003FE] -> 0x0010
[255] [M]: 0x00000000800003FC (0x00100293) addi x5, x0, 0x1                         inst_25+4
x5 <- 0x0000000000000001

clint mtime 0x0000000000000080 (mip.MTI <- 0b1, mip.STI <- 0b0)
mem[X,0x0000000080000400] -> 0x9293
mem[X,0x0000000080000402] -> 0x0272
[256] [M]: 0x0000000080000400 (0x02729293) slli x5, x5, 0x27                        inst_25+8
x5 <- 0x0000008000000000

mem[X,0x0000000080000404] -> 0xC293
mem[X,0x0000000080000406] -> 0xFFF2
[257] [M]: 0x0000000080000404 (0xFFF2C293) xori x5, x5, -0x1                        inst_25+12
x5 <- 0xFFFFFF7FFFFFFFFF

clint mtime 0x0000000000000081 (mip.MTI <- 0b1, mip.STI <- 0b0)
mem[X,0x0000000080000408] -> 0x9333
mem[X,0x000000008000040A] -> 0x2853
[258] [M]: 0x0000000080000408 (0x28539333) bset x6, x7, x5                          inst_25+16
x6 <- 0xFFFFFFFFFFFFFBFF

mem[X,0x000000008000040C] -> 0xB423
mem[X,0x000000008000040E] -> 0x0C60
[259] [M]: 0x000000008000040C (0x0C60B423) sd x6, 0xc8(x1)                          inst_25+20
mem[W,0x00000000800051E0] <- 0xFFFFFFFFFFFFFBFF

clint mtime 0x0000000000000082 (mip.MTI <- 0b1, mip.STI <- 0b0)
mem[X,0x0000000080000410] -> 0x0013
mem[X,0x0000000080000412] -> 0x0000
[260] [M]: 0x0000000080000410 (0x00000013) addi x0, x0, 0x0                         inst_25+24

mem[X,0x0000000080000414] -> 0x0013
mem[X,0x0000000080000416] -> 0x0000
[261] [M]: 0x0000000080000414 (0x00000013) addi x0, x0, 0x0                         inst_25+28

clint mtime 0x0000000000000083 (mip.MTI <- 0b1, mip.STI <- 0b0)
mem[X,0x0000000080000418] -> 0x0013
mem[X,0x000000008000041A] -> 0x0000
[262] [M]: 0x0000000080000418 (0x00000013) addi x0, x0, 0x0                         inst_25+32

mem[X,0x000000008000041C] -> 0x0013
mem[X,0x000000008000041E] -> 0x0000
[263] [M]: 0x000000008000041C (0x00000013) addi x0, x0, 0x0                         inst_25+36

clint mtime 0x0000000000000084 (mip.MTI <- 0b1, mip.STI <- 0b0)
mem[X,0x0000000080000420] -> 0x5397
mem[X,0x0000000080000422] -> 0x0000
[264] [M]: 0x0000000080000420 (0x00005397) auipc x7, 0x5                            inst_25+40
x7 <- 0x0000000080005420

mem[X,0x0000000080000424] -> 0x8393
mem[X,0x0000000080000426] -> 0xDC83
[265] [M]: 0x0000000080000424 (0xDC838393) addi x7, x7, -0x238                      inst_25+44
x7 <- 0x00000000800051E8

clint mtime 0x0000000000000085 (mip.MTI <- 0b1, mip.STI <- 0b0)
mem[X,0x0000000080000428] -> 0x0001
[266] [M]: 0x0000000080000428 (0x0001) c.nop                                        inst_25+48

mem[X,0x000000008000042A] -> 0x0013
mem[X,0x000000008000042C] -> 0x0000
[267] [M]: 0x000000008000042A (0x00000013) addi x0, x0, 0x0                         inst_25+50

clint mtime 0x0000000000000086 (mip.MTI <- 0b1, mip.STI <- 0b0)
mem[X,0x000000008000042E] -> 0x0013
mem[X,0x0000000080000430] -> 0x0000
[268] [M]: 0x000000008000042E (0x00000013) addi x0, x0, 0x0                         inst_25+54

mem[X,0x0000000080000432] -> 0x0013
mem[X,0x0000000080000434] -> 0x0000
[269] [M]: 0x0000000080000432 (0x00000013) addi x0, x0, 0x0                         inst_25+58

clint mtime 0x0000000000000087 (mip.MTI <- 0b1, mip.STI <- 0b0)
mem[X,0x0000000080000436] -> 0x0013
mem[X,0x0000000080000438] -> 0x0000
[270] [M]: 0x0000000080000436 (0x00000013) addi x0, x0, 0x0                         inst_25+62

mem[X,0x000000008000043A] -> 0x0013
mem[X,0x000000008000043C] -> 0x0000
[271] [M]: 0x000000008000043A (0x00000013) addi x0, x0, 0x0                         inst_25+66

clint mtime 0x0000000000000088 (mip.MTI <- 0b1, mip.STI <- 0b0)
mem[X,0x000000008000043E] -> 0x0001
[272] [M]: 0x000000008000043E (0x0001) c.nop                                        inst_25+70

mem[X,0x0000000080000440] -> 0x0213
mem[X,0x0000000080000442] -> 0xBFF0
[273] [M]: 0x0000000080000440 (0xBFF00213) addi x4, x0, -0x401                      inst_26+0
x4 <- 0xFFFFFFFFFFFFFBFF

clint mtime 0x0000000000000089 (mip.MTI <- 0b1, mip.STI <- 0b0)
mem[X,0x0000000080000444] -> 0x0313
mem[X,0x0000000080000446] -> 0x0010
[274] [M]: 0x0000000080000444 (0x00100313) addi x6, x0, 0x1                         inst_26+4
x6 <- 0x0000000000000001

mem[X,0x0000000080000448] -> 0x1313
mem[X,0x000000008000044A] -> 0x0263
[275] [M]: 0x0000000080000448 (0x02631313) slli x6, x6, 0x26                        inst_26+8
x6 <- 0x0000004000000000

clint mtime 0x000000000000008A (mip.MTI <- 0b1, mip.STI <- 0b0)
mem[X,0x000000008000044C] -> 0x4313
mem[X,0x000000008000044E] -> 0xFFF3
[276] [M]: 0x000000008000044C (0xFFF34313) xori x6, x6, -0x1                        inst_26+12
x6 <- 0xFFFFFFBFFFFFFFFF

mem[X,0x0000000080000450] -> 0x12B3
mem[X,0x0000000080000452] -> 0x2862
[277] [M]: 0x0000000080000450 (0x286212B3) bset x5, x4, x6                          inst_26+16
x5 <- 0xFFFFFFFFFFFFFBFF

clint mtime 0x000000000000008B (mip.MTI <- 0b1, mip.STI <- 0b0)
mem[X,0x0000000080000454] -> 0xB023
mem[X,0x0000000080000456] -> 0x0053
[278] [M]: 0x0000000080000454 (0x0053B023) sd x5, 0x0(x7)                           inst_26+20
mem[W,0x00000000800051E8] <- 0xFFFFFFFFFFFFFBFF

mem[X,0x0000000080000458] -> 0x0293
mem[X,0x000000008000045A] -> 0xBFF0
[279] [M]: 0x0000000080000458 (0xBFF00293) addi x5, x0, -0x401                      inst_27+0
x5 <- 0xFFFFFFFFFFFFFBFF

clint mtime 0x000000000000008C (mip.MTI <- 0b1, mip.STI <- 0b0)
mem[X,0x000000008000045C] -> 0x0193
mem[X,0x000000008000045E] -> 0x0010
[280] [M]: 0x000000008000045C (0x00100193) addi x3, x0, 0x1                         inst_27+4
x3 <- 0x0000000000000001

mem[X,0x0000000080000460] -> 0x9193
mem[X,0x0000000080000462] -> 0x0251
[281] [M]: 0x0000000080000460 (0x02519193) slli x3, x3, 0x25                        inst_27+8
x3 <- 0x0000002000000000

clint mtime 0x000000000000008D (mip.MTI <- 0b1, mip.STI <- 0b0)
mem[X,0x0000000080000464] -> 0xC193
mem[X,0x0000000080000466] -> 0xFFF1
[282] [M]: 0x0000000080000464 (0xFFF1C193) xori x3, x3, -0x1                        inst_27+12
x3 <- 0xFFFFFFDFFFFFFFFF

mem[X,0x0000000080000468] -> 0x9233
mem[X,0x000000008000046A] -> 0x2832
[283] [M]: 0x0000000080000468 (0x28329233) bset x4, x5, x3                          inst_27+16
x4 <- 0xFFFFFFFFFFFFFBFF

clint mtime 0x000000000000008E (mip.MTI <- 0b1, mip.STI <- 0b0)
mem[X,0x000000008000046C] -> 0xB423
mem[X,0x000000008000046E] -> 0x0043
[284] [M]: 0x000000008000046C (0x0043B423) sd x4, 0x8(x7)                           inst_27+20
mem[W,0x00000000800051F0] <- 0xFFFFFFFFFFFFFBFF

mem[X,0x0000000080000470] -> 0x0113
mem[X,0x0000000080000472] -> 0xBFF0
[285] [M]: 0x0000000080000470 (0xBFF00113) addi x2, x0, -0x401                      inst_28+0
x2 <- 0xFFFFFFFFFFFFFBFF

clint mtime 0x000000000000008F (mip.MTI <- 0b1, mip.STI <- 0b0)
mem[X,0x0000000080000474] -> 0x0213
mem[X,0x0000000080000476] -> 0x0010
[286] [M]: 0x0000000080000474 (0x00100213) addi x4, x0, 0x1                         inst_28+4
x4 <- 0x0000000000000001

mem[X,0x0000000080000478] -> 0x1213
mem[X,0x000000008000047A] -> 0x0242
[287] [M]: 0x0000000080000478 (0x02421213) slli x4, x4, 0x24                        inst_28+8
x4 <- 0x0000001000000000

clint mtime 0x0000000000000090 (mip.MTI <- 0b1, mip.STI <- 0b0)
mem[X,0x000000008000047C] -> 0x4213
mem[X,0x000000008000047E] -> 0xFFF2
[288] [M]: 0x000000008000047C (0xFFF24213) xori x4, x4, -0x1                        inst_28+12
x4 <- 0xFFFFFFEFFFFFFFFF

mem[X,0x0000000080000480] -> 0x11B3
mem[X,0x0000000080000482] -> 0x2841
[289] [M]: 0x0000000080000480 (0x284111B3) bset x3, x2, x4                          inst_28+16
x3 <- 0xFFFFFFFFFFFFFBFF

clint mtime 0x0000000000000091 (mip.MTI <- 0b1, mip.STI <- 0b0)
mem[X,0x0000000080000484] -> 0xB823
mem[X,0x0000000080000486] -> 0x0033
[290] [M]: 0x0000000080000484 (0x0033B823) sd x3, 0x10(x7)                          inst_28+20
mem[W,0x00000000800051F8] <- 0xFFFFFFFFFFFFFBFF

mem[X,0x0000000080000488] -> 0x0193
mem[X,0x000000008000048A] -> 0xBFF0
[291] [M]: 0x0000000080000488 (0xBFF00193) addi x3, x0, -0x401                      inst_29+0
x3 <- 0xFFFFFFFFFFFFFBFF

clint mtime 0x0000000000000092 (mip.MTI <- 0b1, mip.STI <- 0b0)
mem[X,0x000000008000048C] -> 0x0093
mem[X,0x000000008000048E] -> 0x0010
[292] [M]: 0x000000008000048C (0x00100093) addi x1, x0, 0x1                         inst_29+4
x1 <- 0x0000000000000001

mem[X,0x0000000080000490] -> 0x9093
mem[X,0x0000000080000492] -> 0x0230
[293] [M]: 0x0000000080000490 (0x02309093) slli x1, x1, 0x23                        inst_29+8
x1 <- 0x0000000800000000

clint mtime 0x0000000000000093 (mip.MTI <- 0b1, mip.STI <- 0b0)
mem[X,0x0000000080000494] -> 0xC093
mem[X,0x0000000080000496] -> 0xFFF0
[294] [M]: 0x0000000080000494 (0xFFF0C093) xori x1, x1, -0x1                        inst_29+12
x1 <- 0xFFFFFFF7FFFFFFFF

mem[X,0x0000000080000498] -> 0x9133
mem[X,0x000000008000049A] -> 0x2811
[295] [M]: 0x0000000080000498 (0x28119133) bset x2, x3, x1                          inst_29+16
x2 <- 0xFFFFFFFFFFFFFBFF

clint mtime 0x0000000000000094 (mip.MTI <- 0b1, mip.STI <- 0b0)
mem[X,0x000000008000049C] -> 0xBC23
mem[X,0x000000008000049E] -> 0x0023
[296] [M]: 0x000000008000049C (0x0023BC23) sd x2, 0x18(x7)                          inst_29+20
mem[W,0x0000000080005200] <- 0xFFFFFFFFFFFFFBFF

mem[X,0x00000000800004A0] -> 0x0013
mem[X,0x00000000800004A2] -> 0x0000
[297] [M]: 0x00000000800004A0 (0x00000013) addi x0, x0, 0x0                         inst_30+0

clint mtime 0x0000000000000095 (mip.MTI <- 0b1, mip.STI <- 0b0)
mem[X,0x00000000800004A4] -> 0x0113
mem[X,0x00000000800004A6] -> 0x0010
[298] [M]: 0x00000000800004A4 (0x00100113) addi x2, x0, 0x1                         inst_30+4
x2 <- 0x0000000000000001

mem[X,0x00000000800004A8] -> 0x1113
mem[X,0x00000000800004AA] -> 0x0221
[299] [M]: 0x00000000800004A8 (0x02211113) slli x2, x2, 0x22                        inst_30+8
x2 <- 0x0000000400000000

clint mtime 0x0000000000000096 (mip.MTI <- 0b1, mip.STI <- 0b0)
mem[X,0x00000000800004AC] -> 0x4113
mem[X,0x00000000800004AE] -> 0xFFF1
[300] [M]: 0x00000000800004AC (0xFFF14113) xori x2, x2, -0x1                        inst_30+12
x2 <- 0xFFFFFFFBFFFFFFFF

mem[X,0x00000000800004B0] -> 0x10B3
mem[X,0x00000000800004B2] -> 0x2820
[301] [M]: 0x00000000800004B0 (0x282010B3) bset x1, x0, x2                          inst_30+16
x1 <- 0x8000000000000000

clint mtime 0x0000000000000097 (mip.MTI <- 0b1, mip.STI <- 0b0)
mem[X,0x00000000800004B4] -> 0xB023
mem[X,0x00000000800004B6] -> 0x0213
[302] [M]: 0x00000000800004B4 (0x0213B023) sd x1, 0x20(x7)                          inst_30+20
mem[W,0x0000000080005208] <- 0x8000000000000000

mem[X,0x00000000800004B8] -> 0x0093
mem[X,0x00000000800004BA] -> 0xBFF0
[303] [M]: 0x00000000800004B8 (0xBFF00093) addi x1, x0, -0x401                      inst_31+0
x1 <- 0xFFFFFFFFFFFFFBFF

clint mtime 0x0000000000000098 (mip.MTI <- 0b1, mip.STI <- 0b0)
mem[X,0x00000000800004BC] -> 0x0F13
mem[X,0x00000000800004BE] -> 0x0010
[304] [M]: 0x00000000800004BC (0x00100F13) addi x30, x0, 0x1                        inst_31+4
x30 <- 0x0000000000000001

mem[X,0x00000000800004C0] -> 0x1F13
mem[X,0x00000000800004C2] -> 0x021F
[305] [M]: 0x00000000800004C0 (0x021F1F13) slli x30, x30, 0x21                      inst_31+8
x30 <- 0x0000000200000000

clint mtime 0x0000000000000099 (mip.MTI <- 0b1, mip.STI <- 0b0)
mem[X,0x00000000800004C4] -> 0x4F13
mem[X,0x00000000800004C6] -> 0xFFFF
[306] [M]: 0x00000000800004C4 (0xFFFF4F13) xori x30, x30, -0x1                      inst_31+12
x30 <- 0xFFFFFFFDFFFFFFFF

mem[X,0x00000000800004C8] -> 0x9FB3
mem[X,0x00000000800004CA] -> 0x29E0
[307] [M]: 0x00000000800004C8 (0x29E09FB3) bset x31, x1, x30                        inst_31+16
x31 <- 0xFFFFFFFFFFFFFBFF

clint mtime 0x000000000000009A (mip.MTI <- 0b1, mip.STI <- 0b0)
mem[X,0x00000000800004CC] -> 0xB423
mem[X,0x00000000800004CE] -> 0x03F3
[308] [M]: 0x00000000800004CC (0x03F3B423) sd x31, 0x28(x7)                         inst_31+20
mem[W,0x0000000080005210] <- 0xFFFFFFFFFFFFFBFF

mem[X,0x00000000800004D0] -> 0x0F13
mem[X,0x00000000800004D2] -> 0xBFF0
[309] [M]: 0x00000000800004D0 (0xBFF00F13) addi x30, x0, -0x401                     inst_32+0
x30 <- 0xFFFFFFFFFFFFFBFF

clint mtime 0x000000000000009B (mip.MTI <- 0b1, mip.STI <- 0b0)
mem[X,0x00000000800004D4] -> 0x0013
mem[X,0x00000000800004D6] -> 0x0000
[310] [M]: 0x00000000800004D4 (0x00000013) addi x0, x0, 0x0                         inst_32+4

mem[X,0x00000000800004D8] -> 0x1FB3
mem[X,0x00000000800004DA] -> 0x280F
[311] [M]: 0x00000000800004D8 (0x280F1FB3) bset x31, x30, x0                        inst_32+8
x31 <- 0xFFFFFFFFFFFFFBFF

clint mtime 0x000000000000009C (mip.MTI <- 0b1, mip.STI <- 0b0)
mem[X,0x00000000800004DC] -> 0xB823
mem[X,0x00000000800004DE] -> 0x03F3
[312] [M]: 0x00000000800004DC (0x03F3B823) sd x31, 0x30(x7)                         inst_32+12
mem[W,0x0000000080005218] <- 0xFFFFFFFFFFFFFBFF

mem[X,0x00000000800004E0] -> 0x0F93
mem[X,0x00000000800004E2] -> 0xBFF0
[313] [M]: 0x00000000800004E0 (0xBFF00F93) addi x31, x0, -0x401                     inst_33+0
x31 <- 0xFFFFFFFFFFFFFBFF

clint mtime 0x000000000000009D (mip.MTI <- 0b1, mip.STI <- 0b0)
mem[X,0x00000000800004E4] -> 0x0F13
mem[X,0x00000000800004E6] -> 0x0010
[314] [M]: 0x00000000800004E4 (0x00100F13) addi x30, x0, 0x1                        inst_33+4
x30 <- 0x0000000000000001

mem[X,0x00000000800004E8] -> 0x1F13
mem[X,0x00000000800004EA] -> 0x01FF
[315] [M]: 0x00000000800004E8 (0x01FF1F13) slli x30, x30, 0x1f                      inst_33+8
x30 <- 0x0000000080000000

clint mtime 0x000000000000009E (mip.MTI <- 0b1, mip.STI <- 0b0)
mem[X,0x00000000800004EC] -> 0x4F13
mem[X,0x00000000800004EE] -> 0xFFFF
[316] [M]: 0x00000000800004EC (0xFFFF4F13) xori x30, x30, -0x1                      inst_33+12
x30 <- 0xFFFFFFFF7FFFFFFF

mem[X,0x00000000800004F0] -> 0x9033
mem[X,0x00000000800004F2] -> 0x29EF
[317] [M]: 0x00000000800004F0 (0x29EF9033) bset x0, x31, x30                        inst_33+16

clint mtime 0x000000000000009F (mip.MTI <- 0b1, mip.STI <- 0b0)
mem[X,0x00000000800004F4] -> 0xBC23
mem[X,0x00000000800004F6] -> 0x0203
[318] [M]: 0x00000000800004F4 (0x0203BC23) sd x0, 0x38(x7)                          inst_33+20
mem[W,0x0000000080005220] <- 0x0000000000000000

mem[X,0x00000000800004F8] -> 0x0F13
mem[X,0x00000000800004FA] -> 0xBFF0
[319] [M]: 0x00000000800004F8 (0xBFF00F13) addi x30, x0, -0x401                     inst_34+0
x30 <- 0xFFFFFFFFFFFFFBFF

clint mtime 0x00000000000000A0 (mip.MTI <- 0b1, mip.STI <- 0b0)
mem[X,0x00000000800004FC] -> 0x0E93
mem[X,0x00000000800004FE] -> 0x0010
[320] [M]: 0x00000000800004FC (0x00100E93) addi x29, x0, 0x1                        inst_34+4
x29 <- 0x0000000000000001

mem[X,0x0000000080000500] -> 0x9E93
mem[X,0x0000000080000502] -> 0x01EE
[321] [M]: 0x0000000080000500 (0x01EE9E93) slli x29, x29, 0x1e                      inst_34+8
x29 <- 0x0000000040000000

clint mtime 0x00000000000000A1 (mip.MTI <- 0b1, mip.STI <- 0b0)
mem[X,0x0000000080000504] -> 0xCE93
mem[X,0x0000000080000506] -> 0xFFFE
[322] [M]: 0x0000000080000504 (0xFFFECE93) xori x29, x29, -0x1                      inst_34+12
x29 <- 0xFFFFFFFFBFFFFFFF

mem[X,0x0000000080000508] -> 0x1FB3
mem[X,0x000000008000050A] -> 0x29DF
[323] [M]: 0x0000000080000508 (0x29DF1FB3) bset x31, x30, x29                       inst_34+16
x31 <- 0xFFFFFFFFFFFFFBFF

clint mtime 0x00000000000000A2 (mip.MTI <- 0b1, mip.STI <- 0b0)
mem[X,0x000000008000050C] -> 0xB023
mem[X,0x000000008000050E] -> 0x05F3
[324] [M]: 0x000000008000050C (0x05F3B023) sd x31, 0x40(x7)                         inst_34+20
mem[W,0x0000000080005228] <- 0xFFFFFFFFFFFFFBFF

mem[X,0x0000000080000510] -> 0x0F13
mem[X,0x0000000080000512] -> 0xBFF0
[325] [M]: 0x0000000080000510 (0xBFF00F13) addi x30, x0, -0x401                     inst_35+0
x30 <- 0xFFFFFFFFFFFFFBFF

clint mtime 0x00000000000000A3 (mip.MTI <- 0b1, mip.STI <- 0b0)
mem[X,0x0000000080000514] -> 0x0E93
mem[X,0x0000000080000516] -> 0x0010
[326] [M]: 0x0000000080000514 (0x00100E93) addi x29, x0, 0x1                        inst_35+4
x29 <- 0x0000000000000001

mem[X,0x0000000080000518] -> 0x9E93
mem[X,0x000000008000051A] -> 0x01DE
[327] [M]: 0x0000000080000518 (0x01DE9E93) slli x29, x29, 0x1d                      inst_35+8
x29 <- 0x0000000020000000

clint mtime 0x00000000000000A4 (mip.MTI <- 0b1, mip.STI <- 0b0)
mem[X,0x000000008000051C] -> 0xCE93
mem[X,0x000000008000051E] -> 0xFFFE
[328] [M]: 0x000000008000051C (0xFFFECE93) xori x29, x29, -0x1                      inst_35+12
x29 <- 0xFFFFFFFFDFFFFFFF

mem[X,0x0000000080000520] -> 0x1FB3
mem[X,0x0000000080000522] -> 0x29DF
[329] [M]: 0x0000000080000520 (0x29DF1FB3) bset x31, x30, x29                       inst_35+16
x31 <- 0xFFFFFFFFFFFFFBFF

clint mtime 0x00000000000000A5 (mip.MTI <- 0b1, mip.STI <- 0b0)
mem[X,0x0000000080000524] -> 0xB423
mem[X,0x0000000080000526] -> 0x05F3
[330] [M]: 0x0000000080000524 (0x05F3B423) sd x31, 0x48(x7)                         inst_35+20
mem[W,0x0000000080005230] <- 0xFFFFFFFFFFFFFBFF

mem[X,0x0000000080000528] -> 0x0F13
mem[X,0x000000008000052A] -> 0xBFF0
[331] [M]: 0x0000000080000528 (0xBFF00F13) addi x30, x0, -0x401                     inst_36+0
x30 <- 0xFFFFFFFFFFFFFBFF

clint mtime 0x00000000000000A6 (mip.MTI <- 0b1, mip.STI <- 0b0)
mem[X,0x000000008000052C] -> 0x0E93
mem[X,0x000000008000052E] -> 0x0010
[332] [M]: 0x000000008000052C (0x00100E93) addi x29, x0, 0x1                        inst_36+4
x29 <- 0x0000000000000001

mem[X,0x0000000080000530] -> 0x9E93
mem[X,0x0000000080000532] -> 0x01CE
[333] [M]: 0x0000000080000530 (0x01CE9E93) slli x29, x29, 0x1c                      inst_36+8
x29 <- 0x0000000010000000

clint mtime 0x00000000000000A7 (mip.MTI <- 0b1, mip.STI <- 0b0)
mem[X,0x0000000080000534] -> 0xCE93
mem[X,0x0000000080000536] -> 0xFFFE
[334] [M]: 0x0000000080000534 (0xFFFECE93) xori x29, x29, -0x1                      inst_36+12
x29 <- 0xFFFFFFFFEFFFFFFF

mem[X,0x0000000080000538] -> 0x1FB3
mem[X,0x000000008000053A] -> 0x29DF
[335] [M]: 0x0000000080000538 (0x29DF1FB3) bset x31, x30, x29                       inst_36+16
x31 <- 0xFFFFFFFFFFFFFBFF

clint mtime 0x00000000000000A8 (mip.MTI <- 0b1, mip.STI <- 0b0)
mem[X,0x000000008000053C] -> 0xB823
mem[X,0x000000008000053E] -> 0x05F3
[336] [M]: 0x000000008000053C (0x05F3B823) sd x31, 0x50(x7)                         inst_36+20
mem[W,0x0000000080005238] <- 0xFFFFFFFFFFFFFBFF

mem[X,0x0000000080000540] -> 0x0F13
mem[X,0x0000000080000542] -> 0xBFF0
[337] [M]: 0x0000000080000540 (0xBFF00F13) addi x30, x0, -0x401                     inst_37+0
x30 <- 0xFFFFFFFFFFFFFBFF

clint mtime 0x00000000000000A9 (mip.MTI <- 0b1, mip.STI <- 0b0)
mem[X,0x0000000080000544] -> 0x0E93
mem[X,0x0000000080000546] -> 0x0010
[338] [M]: 0x0000000080000544 (0x00100E93) addi x29, x0, 0x1                        inst_37+4
x29 <- 0x0000000000000001

mem[X,0x0000000080000548] -> 0x9E93
mem[X,0x000000008000054A] -> 0x01BE
[339] [M]: 0x0000000080000548 (0x01BE9E93) slli x29, x29, 0x1b                      inst_37+8
x29 <- 0x0000000008000000

clint mtime 0x00000000000000AA (mip.MTI <- 0b1, mip.STI <- 0b0)
mem[X,0x000000008000054C] -> 0xCE93
mem[X,0x000000008000054E] -> 0xFFFE
[340] [M]: 0x000000008000054C (0xFFFECE93) xori x29, x29, -0x1                      inst_37+12
x29 <- 0xFFFFFFFFF7FFFFFF

mem[X,0x0000000080000550] -> 0x1FB3
mem[X,0x0000000080000552] -> 0x29DF
[341] [M]: 0x0000000080000550 (0x29DF1FB3) bset x31, x30, x29                       inst_37+16
x31 <- 0xFFFFFFFFFFFFFBFF

clint mtime 0x00000000000000AB (mip.MTI <- 0b1, mip.STI <- 0b0)
mem[X,0x0000000080000554] -> 0xBC23
mem[X,0x0000000080000556] -> 0x05F3
[342] [M]: 0x0000000080000554 (0x05F3BC23) sd x31, 0x58(x7)                         inst_37+20
mem[W,0x0000000080005240] <- 0xFFFFFFFFFFFFFBFF

mem[X,0x0000000080000558] -> 0x0F13
mem[X,0x000000008000055A] -> 0xBFF0
[343] [M]: 0x0000000080000558 (0xBFF00F13) addi x30, x0, -0x401                     inst_38+0
x30 <- 0xFFFFFFFFFFFFFBFF

clint mtime 0x00000000000000AC (mip.MTI <- 0b1, mip.STI <- 0b0)
mem[X,0x000000008000055C] -> 0x0E93
mem[X,0x000000008000055E] -> 0x0010
[344] [M]: 0x000000008000055C (0x00100E93) addi x29, x0, 0x1                        inst_38+4
x29 <- 0x0000000000000001

mem[X,0x0000000080000560] -> 0x9E93
mem[X,0x0000000080000562] -> 0x01AE
[345] [M]: 0x0000000080000560 (0x01AE9E93) slli x29, x29, 0x1a                      inst_38+8
x29 <- 0x0000000004000000

clint mtime 0x00000000000000AD (mip.MTI <- 0b1, mip.STI <- 0b0)
mem[X,0x0000000080000564] -> 0xCE93
mem[X,0x0000000080000566] -> 0xFFFE
[346] [M]: 0x0000000080000564 (0xFFFECE93) xori x29, x29, -0x1                      inst_38+12
x29 <- 0xFFFFFFFFFBFFFFFF

mem[X,0x0000000080000568] -> 0x1FB3
mem[X,0x000000008000056A] -> 0x29DF
[347] [M]: 0x0000000080000568 (0x29DF1FB3) bset x31, x30, x29                       inst_38+16
x31 <- 0xFFFFFFFFFFFFFBFF

clint mtime 0x00000000000000AE (mip.MTI <- 0b1, mip.STI <- 0b0)
mem[X,0x000000008000056C] -> 0xB023
mem[X,0x000000008000056E] -> 0x07F3
[348] [M]: 0x000000008000056C (0x07F3B023) sd x31, 0x60(x7)                         inst_38+20
mem[W,0x0000000080005248] <- 0xFFFFFFFFFFFFFBFF

mem[X,0x0000000080000570] -> 0x0F13
mem[X,0x0000000080000572] -> 0xBFF0
[349] [M]: 0x0000000080000570 (0xBFF00F13) addi x30, x0, -0x401                     inst_39+0
x30 <- 0xFFFFFFFFFFFFFBFF

clint mtime 0x00000000000000AF (mip.MTI <- 0b1, mip.STI <- 0b0)
mem[X,0x0000000080000574] -> 0x0E93
mem[X,0x0000000080000576] -> 0x0010
[350] [M]: 0x0000000080000574 (0x00100E93) addi x29, x0, 0x1                        inst_39+4
x29 <- 0x0000000000000001

mem[X,0x0000000080000578] -> 0x9E93
mem[X,0x000000008000057A] -> 0x019E
[351] [M]: 0x0000000080000578 (0x019E9E93) slli x29, x29, 0x19                      inst_39+8
x29 <- 0x0000000002000000

clint mtime 0x00000000000000B0 (mip.MTI <- 0b1, mip.STI <- 0b0)
mem[X,0x000000008000057C] -> 0xCE93
mem[X,0x000000008000057E] -> 0xFFFE
[352] [M]: 0x000000008000057C (0xFFFECE93) xori x29, x29, -0x1                      inst_39+12
x29 <- 0xFFFFFFFFFDFFFFFF

mem[X,0x0000000080000580] -> 0x1FB3
mem[X,0x0000000080000582] -> 0x29DF
[353] [M]: 0x0000000080000580 (0x29DF1FB3) bset x31, x30, x29                       inst_39+16
x31 <- 0xFFFFFFFFFFFFFBFF

clint mtime 0x00000000000000B1 (mip.MTI <- 0b1, mip.STI <- 0b0)
mem[X,0x0000000080000584] -> 0xB423
mem[X,0x0000000080000586] -> 0x07F3
[354] [M]: 0x0000000080000584 (0x07F3B423) sd x31, 0x68(x7)                         inst_39+20
mem[W,0x0000000080005250] <- 0xFFFFFFFFFFFFFBFF

mem[X,0x0000000080000588] -> 0x0F13
mem[X,0x000000008000058A] -> 0xBFF0
[355] [M]: 0x0000000080000588 (0xBFF00F13) addi x30, x0, -0x401                     inst_40+0
x30 <- 0xFFFFFFFFFFFFFBFF

clint mtime 0x00000000000000B2 (mip.MTI <- 0b1, mip.STI <- 0b0)
mem[X,0x000000008000058C] -> 0x0E93
mem[X,0x000000008000058E] -> 0x0010
[356] [M]: 0x000000008000058C (0x00100E93) addi x29, x0, 0x1                        inst_40+4
x29 <- 0x0000000000000001

mem[X,0x0000000080000590] -> 0x9E93
mem[X,0x0000000080000592] -> 0x018E
[357] [M]: 0x0000000080000590 (0x018E9E93) slli x29, x29, 0x18                      inst_40+8
x29 <- 0x0000000001000000

clint mtime 0x00000000000000B3 (mip.MTI <- 0b1, mip.STI <- 0b0)
mem[X,0x0000000080000594] -> 0xCE93
mem[X,0x0000000080000596] -> 0xFFFE
[358] [M]: 0x0000000080000594 (0xFFFECE93) xori x29, x29, -0x1                      inst_40+12
x29 <- 0xFFFFFFFFFEFFFFFF

mem[X,0x0000000080000598] -> 0x1FB3
mem[X,0x000000008000059A] -> 0x29DF
[359] [M]: 0x0000000080000598 (0x29DF1FB3) bset x31, x30, x29                       inst_40+16
x31 <- 0xFFFFFFFFFFFFFBFF

clint mtime 0x00000000000000B4 (mip.MTI <- 0b1, mip.STI <- 0b0)
mem[X,0x000000008000059C] -> 0xB823
mem[X,0x000000008000059E] -> 0x07F3
[360] [M]: 0x000000008000059C (0x07F3B823) sd x31, 0x70(x7)                         inst_40+20
mem[W,0x0000000080005258] <- 0xFFFFFFFFFFFFFBFF

mem[X,0x00000000800005A0] -> 0x0F13
mem[X,0x00000000800005A2] -> 0xBFF0
[361] [M]: 0x00000000800005A0 (0xBFF00F13) addi x30, x0, -0x401                     inst_41+0
x30 <- 0xFFFFFFFFFFFFFBFF

clint mtime 0x00000000000000B5 (mip.MTI <- 0b1, mip.STI <- 0b0)
mem[X,0x00000000800005A4] -> 0x0E93
mem[X,0x00000000800005A6] -> 0x0010
[362] [M]: 0x00000000800005A4 (0x00100E93) addi x29, x0, 0x1                        inst_41+4
x29 <- 0x0000000000000001

mem[X,0x00000000800005A8] -> 0x9E93
mem[X,0x00000000800005AA] -> 0x017E
[363] [M]: 0x00000000800005A8 (0x017E9E93) slli x29, x29, 0x17                      inst_41+8
x29 <- 0x0000000000800000

clint mtime 0x00000000000000B6 (mip.MTI <- 0b1, mip.STI <- 0b0)
mem[X,0x00000000800005AC] -> 0xCE93
mem[X,0x00000000800005AE] -> 0xFFFE
[364] [M]: 0x00000000800005AC (0xFFFECE93) xori x29, x29, -0x1                      inst_41+12
x29 <- 0xFFFFFFFFFF7FFFFF

mem[X,0x00000000800005B0] -> 0x1FB3
mem[X,0x00000000800005B2] -> 0x29DF
[365] [M]: 0x00000000800005B0 (0x29DF1FB3) bset x31, x30, x29                       inst_41+16
x31 <- 0xFFFFFFFFFFFFFBFF

clint mtime 0x00000000000000B7 (mip.MTI <- 0b1, mip.STI <- 0b0)
mem[X,0x00000000800005B4] -> 0xBC23
mem[X,0x00000000800005B6] -> 0x07F3
[366] [M]: 0x00000000800005B4 (0x07F3BC23) sd x31, 0x78(x7)                         inst_41+20
mem[W,0x0000000080005260] <- 0xFFFFFFFFFFFFFBFF

mem[X,0x00000000800005B8] -> 0x0F13
mem[X,0x00000000800005BA] -> 0xBFF0
[367] [M]: 0x00000000800005B8 (0xBFF00F13) addi x30, x0, -0x401                     inst_42+0
x30 <- 0xFFFFFFFFFFFFFBFF

clint mtime 0x00000000000000B8 (mip.MTI <- 0b1, mip.STI <- 0b0)
mem[X,0x00000000800005BC] -> 0x0E93
mem[X,0x00000000800005BE] -> 0x0010
[368] [M]: 0x00000000800005BC (0x00100E93) addi x29, x0, 0x1                        inst_42+4
x29 <- 0x0000000000000001

mem[X,0x00000000800005C0] -> 0x9E93
mem[X,0x00000000800005C2] -> 0x016E
[369] [M]: 0x00000000800005C0 (0x016E9E93) slli x29, x29, 0x16                      inst_42+8
x29 <- 0x0000000000400000

clint mtime 0x00000000000000B9 (mip.MTI <- 0b1, mip.STI <- 0b0)
mem[X,0x00000000800005C4] -> 0xCE93
mem[X,0x00000000800005C6] -> 0xFFFE
[370] [M]: 0x00000000800005C4 (0xFFFECE93) xori x29, x29, -0x1                      inst_42+12
x29 <- 0xFFFFFFFFFFBFFFFF

mem[X,0x00000000800005C8] -> 0x1FB3
mem[X,0x00000000800005CA] -> 0x29DF
[371] [M]: 0x00000000800005C8 (0x29DF1FB3) bset x31, x30, x29                       inst_42+16
x31 <- 0xFFFFFFFFFFFFFBFF

clint mtime 0x00000000000000BA (mip.MTI <- 0b1, mip.STI <- 0b0)
mem[X,0x00000000800005CC] -> 0xB023
mem[X,0x00000000800005CE] -> 0x09F3
[372] [M]: 0x00000000800005CC (0x09F3B023) sd x31, 0x80(x7)                         inst_42+20
mem[W,0x0000000080005268] <- 0xFFFFFFFFFFFFFBFF

mem[X,0x00000000800005D0] -> 0x0F13
mem[X,0x00000000800005D2] -> 0xBFF0
[373] [M]: 0x00000000800005D0 (0xBFF00F13) addi x30, x0, -0x401                     inst_43+0
x30 <- 0xFFFFFFFFFFFFFBFF

clint mtime 0x00000000000000BB (mip.MTI <- 0b1, mip.STI <- 0b0)
mem[X,0x00000000800005D4] -> 0x0E93
mem[X,0x00000000800005D6] -> 0x0010
[374] [M]: 0x00000000800005D4 (0x00100E93) addi x29, x0, 0x1                        inst_43+4
x29 <- 0x0000000000000001

mem[X,0x00000000800005D8] -> 0x9E93
mem[X,0x00000000800005DA] -> 0x015E
[375] [M]: 0x00000000800005D8 (0x015E9E93) slli x29, x29, 0x15                      inst_43+8
x29 <- 0x0000000000200000

clint mtime 0x00000000000000BC (mip.MTI <- 0b1, mip.STI <- 0b0)
mem[X,0x00000000800005DC] -> 0xCE93
mem[X,0x00000000800005DE] -> 0xFFFE
[376] [M]: 0x00000000800005DC (0xFFFECE93) xori x29, x29, -0x1                      inst_43+12
x29 <- 0xFFFFFFFFFFDFFFFF

mem[X,0x00000000800005E0] -> 0x1FB3
mem[X,0x00000000800005E2] -> 0x29DF
[377] [M]: 0x00000000800005E0 (0x29DF1FB3) bset x31, x30, x29                       inst_43+16
x31 <- 0xFFFFFFFFFFFFFBFF

clint mtime 0x00000000000000BD (mip.MTI <- 0b1, mip.STI <- 0b0)
mem[X,0x00000000800005E4] -> 0xB423
mem[X,0x00000000800005E6] -> 0x09F3
[378] [M]: 0x00000000800005E4 (0x09F3B423) sd x31, 0x88(x7)                         inst_43+20
mem[W,0x0000000080005270] <- 0xFFFFFFFFFFFFFBFF

mem[X,0x00000000800005E8] -> 0x0F13
mem[X,0x00000000800005EA] -> 0xBFF0
[379] [M]: 0x00000000800005E8 (0xBFF00F13) addi x30, x0, -0x401                     inst_44+0
x30 <- 0xFFFFFFFFFFFFFBFF

clint mtime 0x00000000000000BE (mip.MTI <- 0b1, mip.STI <- 0b0)
mem[X,0x00000000800005EC] -> 0x0E93
mem[X,0x00000000800005EE] -> 0x0010
[380] [M]: 0x00000000800005EC (0x00100E93) addi x29, x0, 0x1                        inst_44+4
x29 <- 0x0000000000000001

mem[X,0x00000000800005F0] -> 0x9E93
mem[X,0x00000000800005F2] -> 0x014E
[381] [M]: 0x00000000800005F0 (0x014E9E93) slli x29, x29, 0x14                      inst_44+8
x29 <- 0x0000000000100000

clint mtime 0x00000000000000BF (mip.MTI <- 0b1, mip.STI <- 0b0)
mem[X,0x00000000800005F4] -> 0xCE93
mem[X,0x00000000800005F6] -> 0xFFFE
[382] [M]: 0x00000000800005F4 (0xFFFECE93) xori x29, x29, -0x1                      inst_44+12
x29 <- 0xFFFFFFFFFFEFFFFF

mem[X,0x00000000800005F8] -> 0x1FB3
mem[X,0x00000000800005FA] -> 0x29DF
[383] [M]: 0x00000000800005F8 (0x29DF1FB3) bset x31, x30, x29                       inst_44+16
x31 <- 0xFFFFFFFFFFFFFBFF

clint mtime 0x00000000000000C0 (mip.MTI <- 0b1, mip.STI <- 0b0)
mem[X,0x00000000800005FC] -> 0xB823
mem[X,0x00000000800005FE] -> 0x09F3
[384] [M]: 0x00000000800005FC (0x09F3B823) sd x31, 0x90(x7)                         inst_44+20
mem[W,0x0000000080005278] <- 0xFFFFFFFFFFFFFBFF

mem[X,0x0000000080000600] -> 0x0F13
mem[X,0x0000000080000602] -> 0xBFF0
[385] [M]: 0x0000000080000600 (0xBFF00F13) addi x30, x0, -0x401                     inst_45+0
x30 <- 0xFFFFFFFFFFFFFBFF

clint mtime 0x00000000000000C1 (mip.MTI <- 0b1, mip.STI <- 0b0)
mem[X,0x0000000080000604] -> 0x0E93
mem[X,0x0000000080000606] -> 0x0010
[386] [M]: 0x0000000080000604 (0x00100E93) addi x29, x0, 0x1                        inst_45+4
x29 <- 0x0000000000000001

mem[X,0x0000000080000608] -> 0x9E93
mem[X,0x000000008000060A] -> 0x013E
[387] [M]: 0x0000000080000608 (0x013E9E93) slli x29, x29, 0x13                      inst_45+8
x29 <- 0x0000000000080000

clint mtime 0x00000000000000C2 (mip.MTI <- 0b1, mip.STI <- 0b0)
mem[X,0x000000008000060C] -> 0xCE93
mem[X,0x000000008000060E] -> 0xFFFE
[388] [M]: 0x000000008000060C (0xFFFECE93) xori x29, x29, -0x1                      inst_45+12
x29 <- 0xFFFFFFFFFFF7FFFF

mem[X,0x0000000080000610] -> 0x1FB3
mem[X,0x0000000080000612] -> 0x29DF
[389] [M]: 0x0000000080000610 (0x29DF1FB3) bset x31, x30, x29                       inst_45+16
x31 <- 0xFFFFFFFFFFFFFBFF

clint mtime 0x00000000000000C3 (mip.MTI <- 0b1, mip.STI <- 0b0)
mem[X,0x0000000080000614] -> 0xBC23
mem[X,0x0000000080000616] -> 0x09F3
[390] [M]: 0x0000000080000614 (0x09F3BC23) sd x31, 0x98(x7)                         inst_45+20
mem[W,0x0000000080005280] <- 0xFFFFFFFFFFFFFBFF

mem[X,0x0000000080000618] -> 0x0F13
mem[X,0x000000008000061A] -> 0xBFF0
[391] [M]: 0x0000000080000618 (0xBFF00F13) addi x30, x0, -0x401                     inst_46+0
x30 <- 0xFFFFFFFFFFFFFBFF

clint mtime 0x00000000000000C4 (mip.MTI <- 0b1, mip.STI <- 0b0)
mem[X,0x000000008000061C] -> 0x0E93
mem[X,0x000000008000061E] -> 0x0010
[392] [M]: 0x000000008000061C (0x00100E93) addi x29, x0, 0x1                        inst_46+4
x29 <- 0x0000000000000001

mem[X,0x0000000080000620] -> 0x9E93
mem[X,0x0000000080000622] -> 0x012E
[393] [M]: 0x0000000080000620 (0x012E9E93) slli x29, x29, 0x12                      inst_46+8
x29 <- 0x0000000000040000

clint mtime 0x00000000000000C5 (mip.MTI <- 0b1, mip.STI <- 0b0)
mem[X,0x0000000080000624] -> 0xCE93
mem[X,0x0000000080000626] -> 0xFFFE
[394] [M]: 0x0000000080000624 (0xFFFECE93) xori x29, x29, -0x1                      inst_46+12
x29 <- 0xFFFFFFFFFFFBFFFF

mem[X,0x0000000080000628] -> 0x1FB3
mem[X,0x000000008000062A] -> 0x29DF
[395] [M]: 0x0000000080000628 (0x29DF1FB3) bset x31, x30, x29                       inst_46+16
x31 <- 0xFFFFFFFFFFFFFBFF

clint mtime 0x00000000000000C6 (mip.MTI <- 0b1, mip.STI <- 0b0)
mem[X,0x000000008000062C] -> 0xB023
mem[X,0x000000008000062E] -> 0x0BF3
[396] [M]: 0x000000008000062C (0x0BF3B023) sd x31, 0xa0(x7)                         inst_46+20
mem[W,0x0000000080005288] <- 0xFFFFFFFFFFFFFBFF

mem[X,0x0000000080000630] -> 0x0F13
mem[X,0x0000000080000632] -> 0xBFF0
[397] [M]: 0x0000000080000630 (0xBFF00F13) addi x30, x0, -0x401                     inst_47+0
x30 <- 0xFFFFFFFFFFFFFBFF

clint mtime 0x00000000000000C7 (mip.MTI <- 0b1, mip.STI <- 0b0)
mem[X,0x0000000080000634] -> 0x0E93
mem[X,0x0000000080000636] -> 0x0010
[398] [M]: 0x0000000080000634 (0x00100E93) addi x29, x0, 0x1                        inst_47+4
x29 <- 0x0000000000000001

mem[X,0x0000000080000638] -> 0x9E93
mem[X,0x000000008000063A] -> 0x011E
[399] [M]: 0x0000000080000638 (0x011E9E93) slli x29, x29, 0x11                      inst_47+8
x29 <- 0x0000000000020000

clint mtime 0x00000000000000C8 (mip.MTI <- 0b1, mip.STI <- 0b0)
mem[X,0x000000008000063C] -> 0xCE93
mem[X,0x000000008000063E] -> 0xFFFE
[400] [M]: 0x000000008000063C (0xFFFECE93) xori x29, x29, -0x1                      inst_47+12
x29 <- 0xFFFFFFFFFFFDFFFF

mem[X,0x0000000080000640] -> 0x1FB3
mem[X,0x0000000080000642] -> 0x29DF
[401] [M]: 0x0000000080000640 (0x29DF1FB3) bset x31, x30, x29                       inst_47+16
x31 <- 0xFFFFFFFFFFFFFBFF

clint mtime 0x00000000000000C9 (mip.MTI <- 0b1, mip.STI <- 0b0)
mem[X,0x0000000080000644] -> 0xB423
mem[X,0x0000000080000646] -> 0x0BF3
[402] [M]: 0x0000000080000644 (0x0BF3B423) sd x31, 0xa8(x7)                         inst_47+20
mem[W,0x0000000080005290] <- 0xFFFFFFFFFFFFFBFF

mem[X,0x0000000080000648] -> 0x0F13
mem[X,0x000000008000064A] -> 0xBFF0
[403] [M]: 0x0000000080000648 (0xBFF00F13) addi x30, x0, -0x401                     inst_48+0
x30 <- 0xFFFFFFFFFFFFFBFF

clint mtime 0x00000000000000CA (mip.MTI <- 0b1, mip.STI <- 0b0)
mem[X,0x000000008000064C] -> 0x0E93
mem[X,0x000000008000064E] -> 0x0010
[404] [M]: 0x000000008000064C (0x00100E93) addi x29, x0, 0x1                        inst_48+4
x29 <- 0x0000000000000001

mem[X,0x0000000080000650] -> 0x9E93
mem[X,0x0000000080000652] -> 0x010E
[405] [M]: 0x0000000080000650 (0x010E9E93) slli x29, x29, 0x10                      inst_48+8
x29 <- 0x0000000000010000

clint mtime 0x00000000000000CB (mip.MTI <- 0b1, mip.STI <- 0b0)
mem[X,0x0000000080000654] -> 0xCE93
mem[X,0x0000000080000656] -> 0xFFFE
[406] [M]: 0x0000000080000654 (0xFFFECE93) xori x29, x29, -0x1                      inst_48+12
x29 <- 0xFFFFFFFFFFFEFFFF

mem[X,0x0000000080000658] -> 0x1FB3
mem[X,0x000000008000065A] -> 0x29DF
[407] [M]: 0x0000000080000658 (0x29DF1FB3) bset x31, x30, x29                       inst_48+16
x31 <- 0xFFFFFFFFFFFFFBFF

clint mtime 0x00000000000000CC (mip.MTI <- 0b1, mip.STI <- 0b0)
mem[X,0x000000008000065C] -> 0xB823
mem[X,0x000000008000065E] -> 0x0BF3
[408] [M]: 0x000000008000065C (0x0BF3B823) sd x31, 0xb0(x7)                         inst_48+20
mem[W,0x0000000080005298] <- 0xFFFFFFFFFFFFFBFF

mem[X,0x0000000080000660] -> 0x0F13
mem[X,0x0000000080000662] -> 0xBFF0
[409] [M]: 0x0000000080000660 (0xBFF00F13) addi x30, x0, -0x401                     inst_49+0
x30 <- 0xFFFFFFFFFFFFFBFF

clint mtime 0x00000000000000CD (mip.MTI <- 0b1, mip.STI <- 0b0)
mem[X,0x0000000080000664] -> 0x0E93
mem[X,0x0000000080000666] -> 0x0010
[410] [M]: 0x0000000080000664 (0x00100E93) addi x29, x0, 0x1                        inst_49+4
x29 <- 0x0000000000000001

mem[X,0x0000000080000668] -> 0x9E93
mem[X,0x000000008000066A] -> 0x00FE
[411] [M]: 0x0000000080000668 (0x00FE9E93) slli x29, x29, 0xf                       inst_49+8
x29 <- 0x0000000000008000

clint mtime 0x00000000000000CE (mip.MTI <- 0b1, mip.STI <- 0b0)
mem[X,0x000000008000066C] -> 0xCE93
mem[X,0x000000008000066E] -> 0xFFFE
[412] [M]: 0x000000008000066C (0xFFFECE93) xori x29, x29, -0x1                      inst_49+12
x29 <- 0xFFFFFFFFFFFF7FFF

mem[X,0x0000000080000670] -> 0x1FB3
mem[X,0x0000000080000672] -> 0x29DF
[413] [M]: 0x0000000080000670 (0x29DF1FB3) bset x31, x30, x29                       inst_49+16
x31 <- 0xFFFFFFFFFFFFFBFF

clint mtime 0x00000000000000CF (mip.MTI <- 0b1, mip.STI <- 0b0)
mem[X,0x0000000080000674] -> 0xBC23
mem[X,0x0000000080000676] -> 0x0BF3
[414] [M]: 0x0000000080000674 (0x0BF3BC23) sd x31, 0xb8(x7)                         inst_49+20
mem[W,0x00000000800052A0] <- 0xFFFFFFFFFFFFFBFF

mem[X,0x0000000080000678] -> 0x0F13
mem[X,0x000000008000067A] -> 0xBFF0
[415] [M]: 0x0000000080000678 (0xBFF00F13) addi x30, x0, -0x401                     inst_50+0
x30 <- 0xFFFFFFFFFFFFFBFF

clint mtime 0x00000000000000D0 (mip.MTI <- 0b1, mip.STI <- 0b0)
mem[X,0x000000008000067C] -> 0x0E93
mem[X,0x000000008000067E] -> 0x0010
[416] [M]: 0x000000008000067C (0x00100E93) addi x29, x0, 0x1                        inst_50+4
x29 <- 0x0000000000000001

mem[X,0x0000000080000680] -> 0x9E93
mem[X,0x0000000080000682] -> 0x00EE
[417] [M]: 0x0000000080000680 (0x00EE9E93) slli x29, x29, 0xe                       inst_50+8
x29 <- 0x0000000000004000

clint mtime 0x00000000000000D1 (mip.MTI <- 0b1, mip.STI <- 0b0)
mem[X,0x0000000080000684] -> 0xCE93
mem[X,0x0000000080000686] -> 0xFFFE
[418] [M]: 0x0000000080000684 (0xFFFECE93) xori x29, x29, -0x1                      inst_50+12
x29 <- 0xFFFFFFFFFFFFBFFF

mem[X,0x0000000080000688] -> 0x1FB3
mem[X,0x000000008000068A] -> 0x29DF
[419] [M]: 0x0000000080000688 (0x29DF1FB3) bset x31, x30, x29                       inst_50+16
x31 <- 0xFFFFFFFFFFFFFBFF

clint mtime 0x00000000000000D2 (mip.MTI <- 0b1, mip.STI <- 0b0)
mem[X,0x000000008000068C] -> 0xB023
mem[X,0x000000008000068E] -> 0x0DF3
[420] [M]: 0x000000008000068C (0x0DF3B023) sd x31, 0xc0(x7)                         inst_50+20
mem[W,0x00000000800052A8] <- 0xFFFFFFFFFFFFFBFF

mem[X,0x0000000080000690] -> 0x0F13
mem[X,0x0000000080000692] -> 0xBFF0
[421] [M]: 0x0000000080000690 (0xBFF00F13) addi x30, x0, -0x401                     inst_51+0
x30 <- 0xFFFFFFFFFFFFFBFF

clint mtime 0x00000000000000D3 (mip.MTI <- 0b1, mip.STI <- 0b0)
mem[X,0x0000000080000694] -> 0x0E93
mem[X,0x0000000080000696] -> 0x0010
[422] [M]: 0x0000000080000694 (0x00100E93) addi x29, x0, 0x1                        inst_51+4
x29 <- 0x0000000000000001

mem[X,0x0000000080000698] -> 0x9E93
mem[X,0x000000008000069A] -> 0x00DE
[423] [M]: 0x0000000080000698 (0x00DE9E93) slli x29, x29, 0xd                       inst_51+8
x29 <- 0x0000000000002000

clint mtime 0x00000000000000D4 (mip.MTI <- 0b1, mip.STI <- 0b0)
mem[X,0x000000008000069C] -> 0xCE93
mem[X,0x000000008000069E] -> 0xFFFE
[424] [M]: 0x000000008000069C (0xFFFECE93) xori x29, x29, -0x1                      inst_51+12
x29 <- 0xFFFFFFFFFFFFDFFF

mem[X,0x00000000800006A0] -> 0x1FB3
mem[X,0x00000000800006A2] -> 0x29DF
[425] [M]: 0x00000000800006A0 (0x29DF1FB3) bset x31, x30, x29                       inst_51+16
x31 <- 0xFFFFFFFFFFFFFBFF

clint mtime 0x00000000000000D5 (mip.MTI <- 0b1, mip.STI <- 0b0)
mem[X,0x00000000800006A4] -> 0xB423
mem[X,0x00000000800006A6] -> 0x0DF3
[426] [M]: 0x00000000800006A4 (0x0DF3B423) sd x31, 0xc8(x7)                         inst_51+20
mem[W,0x00000000800052B0] <- 0xFFFFFFFFFFFFFBFF

mem[X,0x00000000800006A8] -> 0x0F13
mem[X,0x00000000800006AA] -> 0xBFF0
[427] [M]: 0x00000000800006A8 (0xBFF00F13) addi x30, x0, -0x401                     inst_52+0
x30 <- 0xFFFFFFFFFFFFFBFF

clint mtime 0x00000000000000D6 (mip.MTI <- 0b1, mip.STI <- 0b0)
mem[X,0x00000000800006AC] -> 0x0E93
mem[X,0x00000000800006AE] -> 0x0010
[428] [M]: 0x00000000800006AC (0x00100E93) addi x29, x0, 0x1                        inst_52+4
x29 <- 0x0000000000000001

mem[X,0x00000000800006B0] -> 0x9E93
mem[X,0x00000000800006B2] -> 0x00CE
[429] [M]: 0x00000000800006B0 (0x00CE9E93) slli x29, x29, 0xc                       inst_52+8
x29 <- 0x0000000000001000

clint mtime 0x00000000000000D7 (mip.MTI <- 0b1, mip.STI <- 0b0)
mem[X,0x00000000800006B4] -> 0xCE93
mem[X,0x00000000800006B6] -> 0xFFFE
[430] [M]: 0x00000000800006B4 (0xFFFECE93) xori x29, x29, -0x1                      inst_52+12
x29 <- 0xFFFFFFFFFFFFEFFF

mem[X,0x00000000800006B8] -> 0x1FB3
mem[X,0x00000000800006BA] -> 0x29DF
[431] [M]: 0x00000000800006B8 (0x29DF1FB3) bset x31, x30, x29                       inst_52+16
x31 <- 0xFFFFFFFFFFFFFBFF

clint mtime 0x00000000000000D8 (mip.MTI <- 0b1, mip.STI <- 0b0)
mem[X,0x00000000800006BC] -> 0xB823
mem[X,0x00000000800006BE] -> 0x0DF3
[432] [M]: 0x00000000800006BC (0x0DF3B823) sd x31, 0xd0(x7)                         inst_52+20
mem[W,0x00000000800052B8] <- 0xFFFFFFFFFFFFFBFF

mem[X,0x00000000800006C0] -> 0x0F13
mem[X,0x00000000800006C2] -> 0xBFF0
[433] [M]: 0x00000000800006C0 (0xBFF00F13) addi x30, x0, -0x401                     inst_53+0
x30 <- 0xFFFFFFFFFFFFFBFF

clint mtime 0x00000000000000D9 (mip.MTI <- 0b1, mip.STI <- 0b0)
mem[X,0x00000000800006C4] -> 0x0E93
mem[X,0x00000000800006C6] -> 0x0010
[434] [M]: 0x00000000800006C4 (0x00100E93) addi x29, x0, 0x1                        inst_53+4
x29 <- 0x0000000000000001

mem[X,0x00000000800006C8] -> 0x9E93
mem[X,0x00000000800006CA] -> 0x00BE
[435] [M]: 0x00000000800006C8 (0x00BE9E93) slli x29, x29, 0xb                       inst_53+8
x29 <- 0x0000000000000800

clint mtime 0x00000000000000DA (mip.MTI <- 0b1, mip.STI <- 0b0)
mem[X,0x00000000800006CC] -> 0xCE93
mem[X,0x00000000800006CE] -> 0xFFFE
[436] [M]: 0x00000000800006CC (0xFFFECE93) xori x29, x29, -0x1                      inst_53+12
x29 <- 0xFFFFFFFFFFFFF7FF

mem[X,0x00000000800006D0] -> 0x1FB3
mem[X,0x00000000800006D2] -> 0x29DF
[437] [M]: 0x00000000800006D0 (0x29DF1FB3) bset x31, x30, x29                       inst_53+16
x31 <- 0xFFFFFFFFFFFFFBFF

clint mtime 0x00000000000000DB (mip.MTI <- 0b1, mip.STI <- 0b0)
mem[X,0x00000000800006D4] -> 0xBC23
mem[X,0x00000000800006D6] -> 0x0DF3
[438] [M]: 0x00000000800006D4 (0x0DF3BC23) sd x31, 0xd8(x7)                         inst_53+20
mem[W,0x00000000800052C0] <- 0xFFFFFFFFFFFFFBFF

mem[X,0x00000000800006D8] -> 0x0F13
mem[X,0x00000000800006DA] -> 0xBFF0
[439] [M]: 0x00000000800006D8 (0xBFF00F13) addi x30, x0, -0x401                     inst_54+0
x30 <- 0xFFFFFFFFFFFFFBFF

clint mtime 0x00000000000000DC (mip.MTI <- 0b1, mip.STI <- 0b0)
mem[X,0x00000000800006DC] -> 0x0E93
mem[X,0x00000000800006DE] -> 0xDFF0
[440] [M]: 0x00000000800006DC (0xDFF00E93) addi x29, x0, -0x201                     inst_54+4
x29 <- 0xFFFFFFFFFFFFFDFF

mem[X,0x00000000800006E0] -> 0x1FB3
mem[X,0x00000000800006E2] -> 0x29DF
[441] [M]: 0x00000000800006E0 (0x29DF1FB3) bset x31, x30, x29                       inst_54+8
x31 <- 0xFFFFFFFFFFFFFBFF

clint mtime 0x00000000000000DD (mip.MTI <- 0b1, mip.STI <- 0b0)
mem[X,0x00000000800006E4] -> 0xB023
mem[X,0x00000000800006E6] -> 0x0FF3
[442] [M]: 0x00000000800006E4 (0x0FF3B023) sd x31, 0xe0(x7)                         inst_54+12
mem[W,0x00000000800052C8] <- 0xFFFFFFFFFFFFFBFF

mem[X,0x00000000800006E8] -> 0x0F13
mem[X,0x00000000800006EA] -> 0xBFF0
[443] [M]: 0x00000000800006E8 (0xBFF00F13) addi x30, x0, -0x401                     inst_55+0
x30 <- 0xFFFFFFFFFFFFFBFF

clint mtime 0x00000000000000DE (mip.MTI <- 0b1, mip.STI <- 0b0)
mem[X,0x00000000800006EC] -> 0x0E93
mem[X,0x00000000800006EE] -> 0xEFF0
[444] [M]: 0x00000000800006EC (0xEFF00E93) addi x29, x0, -0x101                     inst_55+4
x29 <- 0xFFFFFFFFFFFFFEFF

mem[X,0x00000000800006F0] -> 0x1FB3
mem[X,0x00000000800006F2] -> 0x29DF
[445] [M]: 0x00000000800006F0 (0x29DF1FB3) bset x31, x30, x29                       inst_55+8
x31 <- 0xFFFFFFFFFFFFFBFF

clint mtime 0x00000000000000DF (mip.MTI <- 0b1, mip.STI <- 0b0)
mem[X,0x00000000800006F4] -> 0xB423
mem[X,0x00000000800006F6] -> 0x0FF3
[446] [M]: 0x00000000800006F4 (0x0FF3B423) sd x31, 0xe8(x7)                         inst_55+12
mem[W,0x00000000800052D0] <- 0xFFFFFFFFFFFFFBFF

mem[X,0x00000000800006F8] -> 0x0F13
mem[X,0x00000000800006FA] -> 0xBFF0
[447] [M]: 0x00000000800006F8 (0xBFF00F13) addi x30, x0, -0x401                     inst_56+0
x30 <- 0xFFFFFFFFFFFFFBFF

clint mtime 0x00000000000000E0 (mip.MTI <- 0b1, mip.STI <- 0b0)
mem[X,0x00000000800006FC] -> 0x0E93
mem[X,0x00000000800006FE] -> 0xF7F0
[448] [M]: 0x00000000800006FC (0xF7F00E93) addi x29, x0, -0x81                      inst_56+4
x29 <- 0xFFFFFFFFFFFFFF7F

mem[X,0x0000000080000700] -> 0x1FB3
mem[X,0x0000000080000702] -> 0x29DF
[449] [M]: 0x0000000080000700 (0x29DF1FB3) bset x31, x30, x29                       inst_56+8
x31 <- 0xFFFFFFFFFFFFFBFF

clint mtime 0x00000000000000E1 (mip.MTI <- 0b1, mip.STI <- 0b0)
mem[X,0x0000000080000704] -> 0xB823
mem[X,0x0000000080000706] -> 0x0FF3
[450] [M]: 0x0000000080000704 (0x0FF3B823) sd x31, 0xf0(x7)                         inst_56+12
mem[W,0x00000000800052D8] <- 0xFFFFFFFFFFFFFBFF

mem[X,0x0000000080000708] -> 0x0F13
mem[X,0x000000008000070A] -> 0xBFF0
[451] [M]: 0x0000000080000708 (0xBFF00F13) addi x30, x0, -0x401                     inst_57+0
x30 <- 0xFFFFFFFFFFFFFBFF

clint mtime 0x00000000000000E2 (mip.MTI <- 0b1, mip.STI <- 0b0)
mem[X,0x000000008000070C] -> 0x0E93
mem[X,0x000000008000070E] -> 0xFBF0
[452] [M]: 0x000000008000070C (0xFBF00E93) addi x29, x0, -0x41                      inst_57+4
x29 <- 0xFFFFFFFFFFFFFFBF

mem[X,0x0000000080000710] -> 0x1FB3
mem[X,0x0000000080000712] -> 0x29DF
[453] [M]: 0x0000000080000710 (0x29DF1FB3) bset x31, x30, x29                       inst_57+8
x31 <- 0xFFFFFFFFFFFFFBFF

clint mtime 0x00000000000000E3 (mip.MTI <- 0b1, mip.STI <- 0b0)
mem[X,0x0000000080000714] -> 0xBC23
mem[X,0x0000000080000716] -> 0x0FF3
[454] [M]: 0x0000000080000714 (0x0FF3BC23) sd x31, 0xf8(x7)                         inst_57+12
mem[W,0x00000000800052E0] <- 0xFFFFFFFFFFFFFBFF

mem[X,0x0000000080000718] -> 0x0F13
mem[X,0x000000008000071A] -> 0xBFF0
[455] [M]: 0x0000000080000718 (0xBFF00F13) addi x30, x0, -0x401                     inst_58+0
x30 <- 0xFFFFFFFFFFFFFBFF

clint mtime 0x00000000000000E4 (mip.MTI <- 0b1, mip.STI <- 0b0)
mem[X,0x000000008000071C] -> 0x0E93
mem[X,0x000000008000071E] -> 0xFDF0
[456] [M]: 0x000000008000071C (0xFDF00E93) addi x29, x0, -0x21                      inst_58+4
x29 <- 0xFFFFFFFFFFFFFFDF

mem[X,0x0000000080000720] -> 0x1FB3
mem[X,0x0000000080000722] -> 0x29DF
[457] [M]: 0x0000000080000720 (0x29DF1FB3) bset x31, x30, x29                       inst_58+8
x31 <- 0xFFFFFFFFFFFFFBFF

clint mtime 0x00000000000000E5 (mip.MTI <- 0b1, mip.STI <- 0b0)
mem[X,0x0000000080000724] -> 0xB023
mem[X,0x0000000080000726] -> 0x11F3
[458] [M]: 0x0000000080000724 (0x11F3B023) sd x31, 0x100(x7)                        inst_58+12
mem[W,0x00000000800052E8] <- 0xFFFFFFFFFFFFFBFF

mem[X,0x0000000080000728] -> 0x0F13
mem[X,0x000000008000072A] -> 0xBFF0
[459] [M]: 0x0000000080000728 (0xBFF00F13) addi x30, x0, -0x401                     inst_59+0
x30 <- 0xFFFFFFFFFFFFFBFF

clint mtime 0x00000000000000E6 (mip.MTI <- 0b1, mip.STI <- 0b0)
mem[X,0x000000008000072C] -> 0x0E93
mem[X,0x000000008000072E] -> 0xFEF0
[460] [M]: 0x000000008000072C (0xFEF00E93) addi x29, x0, -0x11                      inst_59+4
x29 <- 0xFFFFFFFFFFFFFFEF

mem[X,0x0000000080000730] -> 0x1FB3
mem[X,0x0000000080000732] -> 0x29DF
[461] [M]: 0x0000000080000730 (0x29DF1FB3) bset x31, x30, x29                       inst_59+8
x31 <- 0xFFFFFFFFFFFFFBFF

clint mtime 0x00000000000000E7 (mip.MTI <- 0b1, mip.STI <- 0b0)
mem[X,0x0000000080000734] -> 0xB423
mem[X,0x0000000080000736] -> 0x11F3
[462] [M]: 0x0000000080000734 (0x11F3B423) sd x31, 0x108(x7)                        inst_59+12
mem[W,0x00000000800052F0] <- 0xFFFFFFFFFFFFFBFF

mem[X,0x0000000080000738] -> 0x0F13
mem[X,0x000000008000073A] -> 0xBFF0
[463] [M]: 0x0000000080000738 (0xBFF00F13) addi x30, x0, -0x401                     inst_60+0
x30 <- 0xFFFFFFFFFFFFFBFF

clint mtime 0x00000000000000E8 (mip.MTI <- 0b1, mip.STI <- 0b0)
mem[X,0x000000008000073C] -> 0x0E93
mem[X,0x000000008000073E] -> 0xFF70
[464] [M]: 0x000000008000073C (0xFF700E93) addi x29, x0, -0x9                       inst_60+4
x29 <- 0xFFFFFFFFFFFFFFF7

mem[X,0x0000000080000740] -> 0x1FB3
mem[X,0x0000000080000742] -> 0x29DF
[465] [M]: 0x0000000080000740 (0x29DF1FB3) bset x31, x30, x29                       inst_60+8
x31 <- 0xFFFFFFFFFFFFFBFF

clint mtime 0x00000000000000E9 (mip.MTI <- 0b1, mip.STI <- 0b0)
mem[X,0x0000000080000744] -> 0xB823
mem[X,0x0000000080000746] -> 0x11F3
[466] [M]: 0x0000000080000744 (0x11F3B823) sd x31, 0x110(x7)                        inst_60+12
mem[W,0x00000000800052F8] <- 0xFFFFFFFFFFFFFBFF

mem[X,0x0000000080000748] -> 0x0F13
mem[X,0x000000008000074A] -> 0xBFF0
[467] [M]: 0x0000000080000748 (0xBFF00F13) addi x30, x0, -0x401                     inst_61+0
x30 <- 0xFFFFFFFFFFFFFBFF

clint mtime 0x00000000000000EA (mip.MTI <- 0b1, mip.STI <- 0b0)
mem[X,0x000000008000074C] -> 0x0E93
mem[X,0x000000008000074E] -> 0xFFB0
[468] [M]: 0x000000008000074C (0xFFB00E93) addi x29, x0, -0x5                       inst_61+4
x29 <- 0xFFFFFFFFFFFFFFFB

mem[X,0x0000000080000750] -> 0x1FB3
mem[X,0x0000000080000752] -> 0x29DF
[469] [M]: 0x0000000080000750 (0x29DF1FB3) bset x31, x30, x29                       inst_61+8
x31 <- 0xFFFFFFFFFFFFFBFF

clint mtime 0x00000000000000EB (mip.MTI <- 0b1, mip.STI <- 0b0)
mem[X,0x0000000080000754] -> 0xBC23
mem[X,0x0000000080000756] -> 0x11F3
[470] [M]: 0x0000000080000754 (0x11F3BC23) sd x31, 0x118(x7)                        inst_61+12
mem[W,0x0000000080005300] <- 0xFFFFFFFFFFFFFBFF

mem[X,0x0000000080000758] -> 0x0F13
mem[X,0x000000008000075A] -> 0xBFF0
[471] [M]: 0x0000000080000758 (0xBFF00F13) addi x30, x0, -0x401                     inst_62+0
x30 <- 0xFFFFFFFFFFFFFBFF

clint mtime 0x00000000000000EC (mip.MTI <- 0b1, mip.STI <- 0b0)
mem[X,0x000000008000075C] -> 0x0E93
mem[X,0x000000008000075E] -> 0xFFD0
[472] [M]: 0x000000008000075C (0xFFD00E93) addi x29, x0, -0x3                       inst_62+4
x29 <- 0xFFFFFFFFFFFFFFFD

mem[X,0x0000000080000760] -> 0x1FB3
mem[X,0x0000000080000762] -> 0x29DF
[473] [M]: 0x0000000080000760 (0x29DF1FB3) bset x31, x30, x29                       inst_62+8
x31 <- 0xFFFFFFFFFFFFFBFF

clint mtime 0x00000000000000ED (mip.MTI <- 0b1, mip.STI <- 0b0)
mem[X,0x0000000080000764] -> 0xB023
mem[X,0x0000000080000766] -> 0x13F3
[474] [M]: 0x0000000080000764 (0x13F3B023) sd x31, 0x120(x7)                        inst_62+12
mem[W,0x0000000080005308] <- 0xFFFFFFFFFFFFFBFF

mem[X,0x0000000080000768] -> 0x0F13
mem[X,0x000000008000076A] -> 0xBFF0
[475] [M]: 0x0000000080000768 (0xBFF00F13) addi x30, x0, -0x401                     inst_63+0
x30 <- 0xFFFFFFFFFFFFFBFF

clint mtime 0x00000000000000EE (mip.MTI <- 0b1, mip.STI <- 0b0)
mem[X,0x000000008000076C] -> 0x0E93
mem[X,0x000000008000076E] -> 0xFFE0
[476] [M]: 0x000000008000076C (0xFFE00E93) addi x29, x0, -0x2                       inst_63+4
x29 <- 0xFFFFFFFFFFFFFFFE

mem[X,0x0000000080000770] -> 0x1FB3
mem[X,0x0000000080000772] -> 0x29DF
[477] [M]: 0x0000000080000770 (0x29DF1FB3) bset x31, x30, x29                       inst_63+8
x31 <- 0xFFFFFFFFFFFFFBFF

clint mtime 0x00000000000000EF (mip.MTI <- 0b1, mip.STI <- 0b0)
mem[X,0x0000000080000774] -> 0xB423
mem[X,0x0000000080000776] -> 0x13F3
[478] [M]: 0x0000000080000774 (0x13F3B423) sd x31, 0x128(x7)                        inst_63+12
mem[W,0x0000000080005310] <- 0xFFFFFFFFFFFFFBFF

mem[X,0x0000000080000778] -> 0x0F13
mem[X,0x000000008000077A] -> 0xFFF0
[479] [M]: 0x0000000080000778 (0xFFF00F13) addi x30, x0, -0x1                       inst_64+0
x30 <- 0xFFFFFFFFFFFFFFFF

clint mtime 0x00000000000000F0 (mip.MTI <- 0b1, mip.STI <- 0b0)
mem[X,0x000000008000077C] -> 0x5F13
mem[X,0x000000008000077E] -> 0x001F
[480] [M]: 0x000000008000077C (0x001F5F13) srli x30, x30, 0x1                       inst_64+4
x30 <- 0x7FFFFFFFFFFFFFFF

mem[X,0x0000000080000780] -> 0x0E93
mem[X,0x0000000080000782] -> 0xBFF0
[481] [M]: 0x0000000080000780 (0xBFF00E93) addi x29, x0, -0x401                     inst_64+8
x29 <- 0xFFFFFFFFFFFFFBFF

clint mtime 0x00000000000000F1 (mip.MTI <- 0b1, mip.STI <- 0b0)
mem[X,0x0000000080000784] -> 0x1FB3
mem[X,0x0000000080000786] -> 0x29DF
[482] [M]: 0x0000000080000784 (0x29DF1FB3) bset x31, x30, x29                       inst_64+12
x31 <- 0xFFFFFFFFFFFFFFFF

mem[X,0x0000000080000788] -> 0xB823
mem[X,0x000000008000078A] -> 0x13F3
[483] [M]: 0x0000000080000788 (0x13F3B823) sd x31, 0x130(x7)                        inst_64+16
mem[W,0x0000000080005318] <- 0xFFFFFFFFFFFFFFFF

clint mtime 0x00000000000000F2 (mip.MTI <- 0b1, mip.STI <- 0b0)
mem[X,0x000000008000078C] -> 0x0F13
mem[X,0x000000008000078E] -> 0x0010
[484] [M]: 0x000000008000078C (0x00100F13) addi x30, x0, 0x1                        inst_65+0
x30 <- 0x0000000000000001

mem[X,0x0000000080000790] -> 0x1F13
mem[X,0x0000000080000792] -> 0x03EF
[485] [M]: 0x0000000080000790 (0x03EF1F13) slli x30, x30, 0x3e                      inst_65+4
x30 <- 0x4000000000000000

clint mtime 0x00000000000000F3 (mip.MTI <- 0b1, mip.STI <- 0b0)
mem[X,0x0000000080000794] -> 0x4F13
mem[X,0x0000000080000796] -> 0xFFFF
[486] [M]: 0x0000000080000794 (0xFFFF4F13) xori x30, x30, -0x1                      inst_65+8
x30 <- 0xBFFFFFFFFFFFFFFF

mem[X,0x0000000080000798] -> 0x0E93
mem[X,0x000000008000079A] -> 0xBFF0
[487] [M]: 0x0000000080000798 (0xBFF00E93) addi x29, x0, -0x401                     inst_65+12
x29 <- 0xFFFFFFFFFFFFFBFF

clint mtime 0x00000000000000F4 (mip.MTI <- 0b1, mip.STI <- 0b0)
mem[X,0x000000008000079C] -> 0x1FB3
mem[X,0x000000008000079E] -> 0x29DF
[488] [M]: 0x000000008000079C (0x29DF1FB3) bset x31, x30, x29                       inst_65+16
x31 <- 0xBFFFFFFFFFFFFFFF

mem[X,0x00000000800007A0] -> 0xBC23
mem[X,0x00000000800007A2] -> 0x13F3
[489] [M]: 0x00000000800007A0 (0x13F3BC23) sd x31, 0x138(x7)                        inst_65+20
mem[W,0x0000000080005320] <- 0xBFFFFFFFFFFFFFFF

clint mtime 0x00000000000000F5 (mip.MTI <- 0b1, mip.STI <- 0b0)
mem[X,0x00000000800007A4] -> 0x0F13
mem[X,0x00000000800007A6] -> 0x0010
[490] [M]: 0x00000000800007A4 (0x00100F13) addi x30, x0, 0x1                        inst_66+0
x30 <- 0x0000000000000001

mem[X,0x00000000800007A8] -> 0x1F13
mem[X,0x00000000800007AA] -> 0x03DF
[491] [M]: 0x00000000800007A8 (0x03DF1F13) slli x30, x30, 0x3d                      inst_66+4
x30 <- 0x2000000000000000

clint mtime 0x00000000000000F6 (mip.MTI <- 0b1, mip.STI <- 0b0)
mem[X,0x00000000800007AC] -> 0x4F13
mem[X,0x00000000800007AE] -> 0xFFFF
[492] [M]: 0x00000000800007AC (0xFFFF4F13) xori x30, x30, -0x1                      inst_66+8
x30 <- 0xDFFFFFFFFFFFFFFF

mem[X,0x00000000800007B0] -> 0x0E93
mem[X,0x00000000800007B2] -> 0xBFF0
[493] [M]: 0x00000000800007B0 (0xBFF00E93) addi x29, x0, -0x401                     inst_66+12
x29 <- 0xFFFFFFFFFFFFFBFF

clint mtime 0x00000000000000F7 (mip.MTI <- 0b1, mip.STI <- 0b0)
mem[X,0x00000000800007B4] -> 0x1FB3
mem[X,0x00000000800007B6] -> 0x29DF
[494] [M]: 0x00000000800007B4 (0x29DF1FB3) bset x31, x30, x29                       inst_66+16
x31 <- 0xDFFFFFFFFFFFFFFF

mem[X,0x00000000800007B8] -> 0xB023
mem[X,0x00000000800007BA] -> 0x15F3
[495] [M]: 0x00000000800007B8 (0x15F3B023) sd x31, 0x140(x7)                        inst_66+20
mem[W,0x0000000080005328] <- 0xDFFFFFFFFFFFFFFF

clint mtime 0x00000000000000F8 (mip.MTI <- 0b1, mip.STI <- 0b0)
mem[X,0x00000000800007BC] -> 0x0F13
mem[X,0x00000000800007BE] -> 0x0010
[496] [M]: 0x00000000800007BC (0x00100F13) addi x30, x0, 0x1                        inst_67+0
x30 <- 0x0000000000000001

mem[X,0x00000000800007C0] -> 0x1F13
mem[X,0x00000000800007C2] -> 0x03CF
[497] [M]: 0x00000000800007C0 (0x03CF1F13) slli x30, x30, 0x3c                      inst_67+4
x30 <- 0x1000000000000000

clint mtime 0x00000000000000F9 (mip.MTI <- 0b1, mip.STI <- 0b0)
mem[X,0x00000000800007C4] -> 0x4F13
mem[X,0x00000000800007C6] -> 0xFFFF
[498] [M]: 0x00000000800007C4 (0xFFFF4F13) xori x30, x30, -0x1                      inst_67+8
x30 <- 0xEFFFFFFFFFFFFFFF

mem[X,0x00000000800007C8] -> 0x0E93
mem[X,0x00000000800007CA] -> 0xBFF0
[499] [M]: 0x00000000800007C8 (0xBFF00E93) addi x29, x0, -0x401                     inst_67+12
x29 <- 0xFFFFFFFFFFFFFBFF

clint mtime 0x00000000000000FA (mip.MTI <- 0b1, mip.STI <- 0b0)
mem[X,0x00000000800007CC] -> 0x1FB3
mem[X,0x00000000800007CE] -> 0x29DF
[500] [M]: 0x00000000800007CC (0x29DF1FB3) bset x31, x30, x29                       inst_67+16
x31 <- 0xEFFFFFFFFFFFFFFF

mem[X,0x00000000800007D0] -> 0xB423
mem[X,0x00000000800007D2] -> 0x15F3
[501] [M]: 0x00000000800007D0 (0x15F3B423) sd x31, 0x148(x7)                        inst_67+20
mem[W,0x0000000080005330] <- 0xEFFFFFFFFFFFFFFF

clint mtime 0x00000000000000FB (mip.MTI <- 0b1, mip.STI <- 0b0)
mem[X,0x00000000800007D4] -> 0x0F13
mem[X,0x00000000800007D6] -> 0x0010
[502] [M]: 0x00000000800007D4 (0x00100F13) addi x30, x0, 0x1                        inst_68+0
x30 <- 0x0000000000000001

mem[X,0x00000000800007D8] -> 0x1F13
mem[X,0x00000000800007DA] -> 0x03BF
[503] [M]: 0x00000000800007D8 (0x03BF1F13) slli x30, x30, 0x3b                      inst_68+4
x30 <- 0x0800000000000000

clint mtime 0x00000000000000FC (mip.MTI <- 0b1, mip.STI <- 0b0)
mem[X,0x00000000800007DC] -> 0x4F13
mem[X,0x00000000800007DE] -> 0xFFFF
[504] [M]: 0x00000000800007DC (0xFFFF4F13) xori x30, x30, -0x1                      inst_68+8
x30 <- 0xF7FFFFFFFFFFFFFF

mem[X,0x00000000800007E0] -> 0x0E93
mem[X,0x00000000800007E2] -> 0xBFF0
[505] [M]: 0x00000000800007E0 (0xBFF00E93) addi x29, x0, -0x401                     inst_68+12
x29 <- 0xFFFFFFFFFFFFFBFF

clint mtime 0x00000000000000FD (mip.MTI <- 0b1, mip.STI <- 0b0)
mem[X,0x00000000800007E4] -> 0x1FB3
mem[X,0x00000000800007E6] -> 0x29DF
[506] [M]: 0x00000000800007E4 (0x29DF1FB3) bset x31, x30, x29                       inst_68+16
x31 <- 0xF7FFFFFFFFFFFFFF

mem[X,0x00000000800007E8] -> 0xB823
mem[X,0x00000000800007EA] -> 0x15F3
[507] [M]: 0x00000000800007E8 (0x15F3B823) sd x31, 0x150(x7)                        inst_68+20
mem[W,0x0000000080005338] <- 0xF7FFFFFFFFFFFFFF

clint mtime 0x00000000000000FE (mip.MTI <- 0b1, mip.STI <- 0b0)
mem[X,0x00000000800007EC] -> 0x0F13
mem[X,0x00000000800007EE] -> 0x0010
[508] [M]: 0x00000000800007EC (0x00100F13) addi x30, x0, 0x1                        inst_69+0
x30 <- 0x0000000000000001

mem[X,0x00000000800007F0] -> 0x1F13
mem[X,0x00000000800007F2] -> 0x03AF
[509] [M]: 0x00000000800007F0 (0x03AF1F13) slli x30, x30, 0x3a                      inst_69+4
x30 <- 0x0400000000000000

clint mtime 0x00000000000000FF (mip.MTI <- 0b1, mip.STI <- 0b0)
mem[X,0x00000000800007F4] -> 0x4F13
mem[X,0x00000000800007F6] -> 0xFFFF
[510] [M]: 0x00000000800007F4 (0xFFFF4F13) xori x30, x30, -0x1                      inst_69+8
x30 <- 0xFBFFFFFFFFFFFFFF

mem[X,0x00000000800007F8] -> 0x0E93
mem[X,0x00000000800007FA] -> 0xBFF0
[511] [M]: 0x00000000800007F8 (0xBFF00E93) addi x29, x0, -0x401                     inst_69+12
x29 <- 0xFFFFFFFFFFFFFBFF

clint mtime 0x0000000000000100 (mip.MTI <- 0b1, mip.STI <- 0b0)
mem[X,0x00000000800007FC] -> 0x1FB3
mem[X,0x00000000800007FE] -> 0x29DF
[512] [M]: 0x00000000800007FC (0x29DF1FB3) bset x31, x30, x29                       inst_69+16
x31 <- 0xFBFFFFFFFFFFFFFF

mem[X,0x0000000080000800] -> 0xBC23
mem[X,0x0000000080000802] -> 0x15F3
[513] [M]: 0x0000000080000800 (0x15F3BC23) sd x31, 0x158(x7)                        inst_69+20
mem[W,0x0000000080005340] <- 0xFBFFFFFFFFFFFFFF

clint mtime 0x0000000000000101 (mip.MTI <- 0b1, mip.STI <- 0b0)
mem[X,0x0000000080000804] -> 0x0F13
mem[X,0x0000000080000806] -> 0x0010
[514] [M]: 0x0000000080000804 (0x00100F13) addi x30, x0, 0x1                        inst_70+0
x30 <- 0x0000000000000001

mem[X,0x0000000080000808] -> 0x1F13
mem[X,0x000000008000080A] -> 0x039F
[515] [M]: 0x0000000080000808 (0x039F1F13) slli x30, x30, 0x39                      inst_70+4
x30 <- 0x0200000000000000

clint mtime 0x0000000000000102 (mip.MTI <- 0b1, mip.STI <- 0b0)
mem[X,0x000000008000080C] -> 0x4F13
mem[X,0x000000008000080E] -> 0xFFFF
[516] [M]: 0x000000008000080C (0xFFFF4F13) xori x30, x30, -0x1                      inst_70+8
x30 <- 0xFDFFFFFFFFFFFFFF

mem[X,0x0000000080000810] -> 0x0E93
mem[X,0x0000000080000812] -> 0xBFF0
[517] [M]: 0x0000000080000810 (0xBFF00E93) addi x29, x0, -0x401                     inst_70+12
x29 <- 0xFFFFFFFFFFFFFBFF

clint mtime 0x0000000000000103 (mip.MTI <- 0b1, mip.STI <- 0b0)
mem[X,0x0000000080000814] -> 0x1FB3
mem[X,0x0000000080000816] -> 0x29DF
[518] [M]: 0x0000000080000814 (0x29DF1FB3) bset x31, x30, x29                       inst_70+16
x31 <- 0xFDFFFFFFFFFFFFFF

mem[X,0x0000000080000818] -> 0xB023
mem[X,0x000000008000081A] -> 0x17F3
[519] [M]: 0x0000000080000818 (0x17F3B023) sd x31, 0x160(x7)                        inst_70+20
mem[W,0x0000000080005348] <- 0xFDFFFFFFFFFFFFFF

clint mtime 0x0000000000000104 (mip.MTI <- 0b1, mip.STI <- 0b0)
mem[X,0x000000008000081C] -> 0x0F13
mem[X,0x000000008000081E] -> 0x0010
[520] [M]: 0x000000008000081C (0x00100F13) addi x30, x0, 0x1                        inst_71+0
x30 <- 0x0000000000000001

mem[X,0x0000000080000820] -> 0x1F13
mem[X,0x0000000080000822] -> 0x038F
[521] [M]: 0x0000000080000820 (0x038F1F13) slli x30, x30, 0x38                      inst_71+4
x30 <- 0x0100000000000000

clint mtime 0x0000000000000105 (mip.MTI <- 0b1, mip.STI <- 0b0)
mem[X,0x0000000080000824] -> 0x4F13
mem[X,0x0000000080000826] -> 0xFFFF
[522] [M]: 0x0000000080000824 (0xFFFF4F13) xori x30, x30, -0x1                      inst_71+8
x30 <- 0xFEFFFFFFFFFFFFFF

mem[X,0x0000000080000828] -> 0x0E93
mem[X,0x000000008000082A] -> 0xBFF0
[523] [M]: 0x0000000080000828 (0xBFF00E93) addi x29, x0, -0x401                     inst_71+12
x29 <- 0xFFFFFFFFFFFFFBFF

clint mtime 0x0000000000000106 (mip.MTI <- 0b1, mip.STI <- 0b0)
mem[X,0x000000008000082C] -> 0x1FB3
mem[X,0x000000008000082E] -> 0x29DF
[524] [M]: 0x000000008000082C (0x29DF1FB3) bset x31, x30, x29                       inst_71+16
x31 <- 0xFEFFFFFFFFFFFFFF

mem[X,0x0000000080000830] -> 0xB423
mem[X,0x0000000080000832] -> 0x17F3
[525] [M]: 0x0000000080000830 (0x17F3B423) sd x31, 0x168(x7)                        inst_71+20
mem[W,0x0000000080005350] <- 0xFEFFFFFFFFFFFFFF

clint mtime 0x0000000000000107 (mip.MTI <- 0b1, mip.STI <- 0b0)
mem[X,0x0000000080000834] -> 0x0F13
mem[X,0x0000000080000836] -> 0x0010
[526] [M]: 0x0000000080000834 (0x00100F13) addi x30, x0, 0x1                        inst_72+0
x30 <- 0x0000000000000001

mem[X,0x0000000080000838] -> 0x1F13
mem[X,0x000000008000083A] -> 0x037F
[527] [M]: 0x0000000080000838 (0x037F1F13) slli x30, x30, 0x37                      inst_72+4
x30 <- 0x0080000000000000

clint mtime 0x0000000000000108 (mip.MTI <- 0b1, mip.STI <- 0b0)
mem[X,0x000000008000083C] -> 0x4F13
mem[X,0x000000008000083E] -> 0xFFFF
[528] [M]: 0x000000008000083C (0xFFFF4F13) xori x30, x30, -0x1                      inst_72+8
x30 <- 0xFF7FFFFFFFFFFFFF

mem[X,0x0000000080000840] -> 0x0E93
mem[X,0x0000000080000842] -> 0xBFF0
[529] [M]: 0x0000000080000840 (0xBFF00E93) addi x29, x0, -0x401                     inst_72+12
x29 <- 0xFFFFFFFFFFFFFBFF

clint mtime 0x0000000000000109 (mip.MTI <- 0b1, mip.STI <- 0b0)
mem[X,0x0000000080000844] -> 0x1FB3
mem[X,0x0000000080000846] -> 0x29DF
[530] [M]: 0x0000000080000844 (0x29DF1FB3) bset x31, x30, x29                       inst_72+16
x31 <- 0xFF7FFFFFFFFFFFFF

mem[X,0x0000000080000848] -> 0xB823
mem[X,0x000000008000084A] -> 0x17F3
[531] [M]: 0x0000000080000848 (0x17F3B823) sd x31, 0x170(x7)                        inst_72+20
mem[W,0x0000000080005358] <- 0xFF7FFFFFFFFFFFFF

clint mtime 0x000000000000010A (mip.MTI <- 0b1, mip.STI <- 0b0)
mem[X,0x000000008000084C] -> 0x0F13
mem[X,0x000000008000084E] -> 0x0010
[532] [M]: 0x000000008000084C (0x00100F13) addi x30, x0, 0x1                        inst_73+0
x30 <- 0x0000000000000001

mem[X,0x0000000080000850] -> 0x1F13
mem[X,0x0000000080000852] -> 0x036F
[533] [M]: 0x0000000080000850 (0x036F1F13) slli x30, x30, 0x36                      inst_73+4
x30 <- 0x0040000000000000

clint mtime 0x000000000000010B (mip.MTI <- 0b1, mip.STI <- 0b0)
mem[X,0x0000000080000854] -> 0x4F13
mem[X,0x0000000080000856] -> 0xFFFF
[534] [M]: 0x0000000080000854 (0xFFFF4F13) xori x30, x30, -0x1                      inst_73+8
x30 <- 0xFFBFFFFFFFFFFFFF

mem[X,0x0000000080000858] -> 0x0E93
mem[X,0x000000008000085A] -> 0xBFF0
[535] [M]: 0x0000000080000858 (0xBFF00E93) addi x29, x0, -0x401                     inst_73+12
x29 <- 0xFFFFFFFFFFFFFBFF

clint mtime 0x000000000000010C (mip.MTI <- 0b1, mip.STI <- 0b0)
mem[X,0x000000008000085C] -> 0x1FB3
mem[X,0x000000008000085E] -> 0x29DF
[536] [M]: 0x000000008000085C (0x29DF1FB3) bset x31, x30, x29                       inst_73+16
x31 <- 0xFFBFFFFFFFFFFFFF

mem[X,0x0000000080000860] -> 0xBC23
mem[X,0x0000000080000862] -> 0x17F3
[537] [M]: 0x0000000080000860 (0x17F3BC23) sd x31, 0x178(x7)                        inst_73+20
mem[W,0x0000000080005360] <- 0xFFBFFFFFFFFFFFFF

clint mtime 0x000000000000010D (mip.MTI <- 0b1, mip.STI <- 0b0)
mem[X,0x0000000080000864] -> 0x0F13
mem[X,0x0000000080000866] -> 0x0010
[538] [M]: 0x0000000080000864 (0x00100F13) addi x30, x0, 0x1                        inst_74+0
x30 <- 0x0000000000000001

mem[X,0x0000000080000868] -> 0x1F13
mem[X,0x000000008000086A] -> 0x035F
[539] [M]: 0x0000000080000868 (0x035F1F13) slli x30, x30, 0x35                      inst_74+4
x30 <- 0x0020000000000000

clint mtime 0x000000000000010E (mip.MTI <- 0b1, mip.STI <- 0b0)
mem[X,0x000000008000086C] -> 0x4F13
mem[X,0x000000008000086E] -> 0xFFFF
[540] [M]: 0x000000008000086C (0xFFFF4F13) xori x30, x30, -0x1                      inst_74+8
x30 <- 0xFFDFFFFFFFFFFFFF

mem[X,0x0000000080000870] -> 0x0E93
mem[X,0x0000000080000872] -> 0xBFF0
[541] [M]: 0x0000000080000870 (0xBFF00E93) addi x29, x0, -0x401                     inst_74+12
x29 <- 0xFFFFFFFFFFFFFBFF

clint mtime 0x000000000000010F (mip.MTI <- 0b1, mip.STI <- 0b0)
mem[X,0x0000000080000874] -> 0x1FB3
mem[X,0x0000000080000876] -> 0x29DF
[542] [M]: 0x0000000080000874 (0x29DF1FB3) bset x31, x30, x29                       inst_74+16
x31 <- 0xFFDFFFFFFFFFFFFF

mem[X,0x0000000080000878] -> 0xB023
mem[X,0x000000008000087A] -> 0x19F3
[543] [M]: 0x0000000080000878 (0x19F3B023) sd x31, 0x180(x7)                        inst_74+20
mem[W,0x0000000080005368] <- 0xFFDFFFFFFFFFFFFF

clint mtime 0x0000000000000110 (mip.MTI <- 0b1, mip.STI <- 0b0)
mem[X,0x000000008000087C] -> 0x0F13
mem[X,0x000000008000087E] -> 0x0010
[544] [M]: 0x000000008000087C (0x00100F13) addi x30, x0, 0x1                        inst_75+0
x30 <- 0x0000000000000001

mem[X,0x0000000080000880] -> 0x1F13
mem[X,0x0000000080000882] -> 0x034F
[545] [M]: 0x0000000080000880 (0x034F1F13) slli x30, x30, 0x34                      inst_75+4
x30 <- 0x0010000000000000

clint mtime 0x0000000000000111 (mip.MTI <- 0b1, mip.STI <- 0b0)
mem[X,0x0000000080000884] -> 0x4F13
mem[X,0x0000000080000886] -> 0xFFFF
[546] [M]: 0x0000000080000884 (0xFFFF4F13) xori x30, x30, -0x1                      inst_75+8
x30 <- 0xFFEFFFFFFFFFFFFF

mem[X,0x0000000080000888] -> 0x0E93
mem[X,0x000000008000088A] -> 0xBFF0
[547] [M]: 0x0000000080000888 (0xBFF00E93) addi x29, x0, -0x401                     inst_75+12
x29 <- 0xFFFFFFFFFFFFFBFF

clint mtime 0x0000000000000112 (mip.MTI <- 0b1, mip.STI <- 0b0)
mem[X,0x000000008000088C] -> 0x1FB3
mem[X,0x000000008000088E] -> 0x29DF
[548] [M]: 0x000000008000088C (0x29DF1FB3) bset x31, x30, x29                       inst_75+16
x31 <- 0xFFEFFFFFFFFFFFFF

mem[X,0x0000000080000890] -> 0xB423
mem[X,0x0000000080000892] -> 0x19F3
[549] [M]: 0x0000000080000890 (0x19F3B423) sd x31, 0x188(x7)                        inst_75+20
mem[W,0x0000000080005370] <- 0xFFEFFFFFFFFFFFFF

clint mtime 0x0000000000000113 (mip.MTI <- 0b1, mip.STI <- 0b0)
mem[X,0x0000000080000894] -> 0x0F13
mem[X,0x0000000080000896] -> 0x0010
[550] [M]: 0x0000000080000894 (0x00100F13) addi x30, x0, 0x1                        inst_76+0
x30 <- 0x0000000000000001

mem[X,0x0000000080000898] -> 0x1F13
mem[X,0x000000008000089A] -> 0x033F
[551] [M]: 0x0000000080000898 (0x033F1F13) slli x30, x30, 0x33                      inst_76+4
x30 <- 0x0008000000000000

clint mtime 0x0000000000000114 (mip.MTI <- 0b1, mip.STI <- 0b0)
mem[X,0x000000008000089C] -> 0x4F13
mem[X,0x000000008000089E] -> 0xFFFF
[552] [M]: 0x000000008000089C (0xFFFF4F13) xori x30, x30, -0x1                      inst_76+8
x30 <- 0xFFF7FFFFFFFFFFFF

mem[X,0x00000000800008A0] -> 0x0E93
mem[X,0x00000000800008A2] -> 0xBFF0
[553] [M]: 0x00000000800008A0 (0xBFF00E93) addi x29, x0, -0x401                     inst_76+12
x29 <- 0xFFFFFFFFFFFFFBFF

clint mtime 0x0000000000000115 (mip.MTI <- 0b1, mip.STI <- 0b0)
mem[X,0x00000000800008A4] -> 0x1FB3
mem[X,0x00000000800008A6] -> 0x29DF
[554] [M]: 0x00000000800008A4 (0x29DF1FB3) bset x31, x30, x29                       inst_76+16
x31 <- 0xFFF7FFFFFFFFFFFF

mem[X,0x00000000800008A8] -> 0xB823
mem[X,0x00000000800008AA] -> 0x19F3
[555] [M]: 0x00000000800008A8 (0x19F3B823) sd x31, 0x190(x7)                        inst_76+20
mem[W,0x0000000080005378] <- 0xFFF7FFFFFFFFFFFF

clint mtime 0x0000000000000116 (mip.MTI <- 0b1, mip.STI <- 0b0)
mem[X,0x00000000800008AC] -> 0x0F13
mem[X,0x00000000800008AE] -> 0x0010
[556] [M]: 0x00000000800008AC (0x00100F13) addi x30, x0, 0x1                        inst_77+0
x30 <- 0x0000000000000001

mem[X,0x00000000800008B0] -> 0x1F13
mem[X,0x00000000800008B2] -> 0x032F
[557] [M]: 0x00000000800008B0 (0x032F1F13) slli x30, x30, 0x32                      inst_77+4
x30 <- 0x0004000000000000

clint mtime 0x0000000000000117 (mip.MTI <- 0b1, mip.STI <- 0b0)
mem[X,0x00000000800008B4] -> 0x4F13
mem[X,0x00000000800008B6] -> 0xFFFF
[558] [M]: 0x00000000800008B4 (0xFFFF4F13) xori x30, x30, -0x1                      inst_77+8
x30 <- 0xFFFBFFFFFFFFFFFF

mem[X,0x00000000800008B8] -> 0x0E93
mem[X,0x00000000800008BA] -> 0xBFF0
[559] [M]: 0x00000000800008B8 (0xBFF00E93) addi x29, x0, -0x401                     inst_77+12
x29 <- 0xFFFFFFFFFFFFFBFF

clint mtime 0x0000000000000118 (mip.MTI <- 0b1, mip.STI <- 0b0)
mem[X,0x00000000800008BC] -> 0x1FB3
mem[X,0x00000000800008BE] -> 0x29DF
[560] [M]: 0x00000000800008BC (0x29DF1FB3) bset x31, x30, x29                       inst_77+16
x31 <- 0xFFFBFFFFFFFFFFFF

mem[X,0x00000000800008C0] -> 0xBC23
mem[X,0x00000000800008C2] -> 0x19F3
[561] [M]: 0x00000000800008C0 (0x19F3BC23) sd x31, 0x198(x7)                        inst_77+20
mem[W,0x0000000080005380] <- 0xFFFBFFFFFFFFFFFF

clint mtime 0x0000000000000119 (mip.MTI <- 0b1, mip.STI <- 0b0)
mem[X,0x00000000800008C4] -> 0x0F13
mem[X,0x00000000800008C6] -> 0x0010
[562] [M]: 0x00000000800008C4 (0x00100F13) addi x30, x0, 0x1                        inst_78+0
x30 <- 0x0000000000000001

mem[X,0x00000000800008C8] -> 0x1F13
mem[X,0x00000000800008CA] -> 0x031F
[563] [M]: 0x00000000800008C8 (0x031F1F13) slli x30, x30, 0x31                      inst_78+4
x30 <- 0x0002000000000000

clint mtime 0x000000000000011A (mip.MTI <- 0b1, mip.STI <- 0b0)
mem[X,0x00000000800008CC] -> 0x4F13
mem[X,0x00000000800008CE] -> 0xFFFF
[564] [M]: 0x00000000800008CC (0xFFFF4F13) xori x30, x30, -0x1                      inst_78+8
x30 <- 0xFFFDFFFFFFFFFFFF

mem[X,0x00000000800008D0] -> 0x0E93
mem[X,0x00000000800008D2] -> 0xBFF0
[565] [M]: 0x00000000800008D0 (0xBFF00E93) addi x29, x0, -0x401                     inst_78+12
x29 <- 0xFFFFFFFFFFFFFBFF

clint mtime 0x000000000000011B (mip.MTI <- 0b1, mip.STI <- 0b0)
mem[X,0x00000000800008D4] -> 0x1FB3
mem[X,0x00000000800008D6] -> 0x29DF
[566] [M]: 0x00000000800008D4 (0x29DF1FB3) bset x31, x30, x29                       inst_78+16
x31 <- 0xFFFDFFFFFFFFFFFF

mem[X,0x00000000800008D8] -> 0xB023
mem[X,0x00000000800008DA] -> 0x1BF3
[567] [M]: 0x00000000800008D8 (0x1BF3B023) sd x31, 0x1a0(x7)                        inst_78+20
mem[W,0x0000000080005388] <- 0xFFFDFFFFFFFFFFFF

clint mtime 0x000000000000011C (mip.MTI <- 0b1, mip.STI <- 0b0)
mem[X,0x00000000800008DC] -> 0x0F13
mem[X,0x00000000800008DE] -> 0x0010
[568] [M]: 0x00000000800008DC (0x00100F13) addi x30, x0, 0x1                        inst_79+0
x30 <- 0x0000000000000001

mem[X,0x00000000800008E0] -> 0x1F13
mem[X,0x00000000800008E2] -> 0x030F
[569] [M]: 0x00000000800008E0 (0x030F1F13) slli x30, x30, 0x30                      inst_79+4
x30 <- 0x0001000000000000

clint mtime 0x000000000000011D (mip.MTI <- 0b1, mip.STI <- 0b0)
mem[X,0x00000000800008E4] -> 0x4F13
mem[X,0x00000000800008E6] -> 0xFFFF
[570] [M]: 0x00000000800008E4 (0xFFFF4F13) xori x30, x30, -0x1                      inst_79+8
x30 <- 0xFFFEFFFFFFFFFFFF

mem[X,0x00000000800008E8] -> 0x0E93
mem[X,0x00000000800008EA] -> 0xBFF0
[571] [M]: 0x00000000800008E8 (0xBFF00E93) addi x29, x0, -0x401                     inst_79+12
x29 <- 0xFFFFFFFFFFFFFBFF

clint mtime 0x000000000000011E (mip.MTI <- 0b1, mip.STI <- 0b0)
mem[X,0x00000000800008EC] -> 0x1FB3
mem[X,0x00000000800008EE] -> 0x29DF
[572] [M]: 0x00000000800008EC (0x29DF1FB3) bset x31, x30, x29                       inst_79+16
x31 <- 0xFFFEFFFFFFFFFFFF

mem[X,0x00000000800008F0] -> 0xB423
mem[X,0x00000000800008F2] -> 0x1BF3
[573] [M]: 0x00000000800008F0 (0x1BF3B423) sd x31, 0x1a8(x7)                        inst_79+20
mem[W,0x0000000080005390] <- 0xFFFEFFFFFFFFFFFF

clint mtime 0x000000000000011F (mip.MTI <- 0b1, mip.STI <- 0b0)
mem[X,0x00000000800008F4] -> 0x0F13
mem[X,0x00000000800008F6] -> 0x0010
[574] [M]: 0x00000000800008F4 (0x00100F13) addi x30, x0, 0x1                        inst_80+0
x30 <- 0x0000000000000001

mem[X,0x00000000800008F8] -> 0x1F13
mem[X,0x00000000800008FA] -> 0x02FF
[575] [M]: 0x00000000800008F8 (0x02FF1F13) slli x30, x30, 0x2f                      inst_80+4
x30 <- 0x0000800000000000

clint mtime 0x0000000000000120 (mip.MTI <- 0b1, mip.STI <- 0b0)
mem[X,0x00000000800008FC] -> 0x4F13
mem[X,0x00000000800008FE] -> 0xFFFF
[576] [M]: 0x00000000800008FC (0xFFFF4F13) xori x30, x30, -0x1                      inst_80+8
x30 <- 0xFFFF7FFFFFFFFFFF

mem[X,0x0000000080000900] -> 0x0E93
mem[X,0x0000000080000902] -> 0xBFF0
[577] [M]: 0x0000000080000900 (0xBFF00E93) addi x29, x0, -0x401                     inst_80+12
x29 <- 0xFFFFFFFFFFFFFBFF

clint mtime 0x0000000000000121 (mip.MTI <- 0b1, mip.STI <- 0b0)
mem[X,0x0000000080000904] -> 0x1FB3
mem[X,0x0000000080000906] -> 0x29DF
[578] [M]: 0x0000000080000904 (0x29DF1FB3) bset x31, x30, x29                       inst_80+16
x31 <- 0xFFFF7FFFFFFFFFFF

mem[X,0x0000000080000908] -> 0xB823
mem[X,0x000000008000090A] -> 0x1BF3
[579] [M]: 0x0000000080000908 (0x1BF3B823) sd x31, 0x1b0(x7)                        inst_80+20
mem[W,0x0000000080005398] <- 0xFFFF7FFFFFFFFFFF

clint mtime 0x0000000000000122 (mip.MTI <- 0b1, mip.STI <- 0b0)
mem[X,0x000000008000090C] -> 0x0F13
mem[X,0x000000008000090E] -> 0x0010
[580] [M]: 0x000000008000090C (0x00100F13) addi x30, x0, 0x1                        inst_81+0
x30 <- 0x0000000000000001

mem[X,0x0000000080000910] -> 0x1F13
mem[X,0x0000000080000912] -> 0x02EF
[581] [M]: 0x0000000080000910 (0x02EF1F13) slli x30, x30, 0x2e                      inst_81+4
x30 <- 0x0000400000000000

clint mtime 0x0000000000000123 (mip.MTI <- 0b1, mip.STI <- 0b0)
mem[X,0x0000000080000914] -> 0x4F13
mem[X,0x0000000080000916] -> 0xFFFF
[582] [M]: 0x0000000080000914 (0xFFFF4F13) xori x30, x30, -0x1                      inst_81+8
x30 <- 0xFFFFBFFFFFFFFFFF

mem[X,0x0000000080000918] -> 0x0E93
mem[X,0x000000008000091A] -> 0xBFF0
[583] [M]: 0x0000000080000918 (0xBFF00E93) addi x29, x0, -0x401                     inst_81+12
x29 <- 0xFFFFFFFFFFFFFBFF

clint mtime 0x0000000000000124 (mip.MTI <- 0b1, mip.STI <- 0b0)
mem[X,0x000000008000091C] -> 0x1FB3
mem[X,0x000000008000091E] -> 0x29DF
[584] [M]: 0x000000008000091C (0x29DF1FB3) bset x31, x30, x29                       inst_81+16
x31 <- 0xFFFFBFFFFFFFFFFF

mem[X,0x0000000080000920] -> 0xBC23
mem[X,0x0000000080000922] -> 0x1BF3
[585] [M]: 0x0000000080000920 (0x1BF3BC23) sd x31, 0x1b8(x7)                        inst_81+20
mem[W,0x00000000800053A0] <- 0xFFFFBFFFFFFFFFFF

clint mtime 0x0000000000000125 (mip.MTI <- 0b1, mip.STI <- 0b0)
mem[X,0x0000000080000924] -> 0x0F13
mem[X,0x0000000080000926] -> 0x0010
[586] [M]: 0x0000000080000924 (0x00100F13) addi x30, x0, 0x1                        inst_82+0
x30 <- 0x0000000000000001

mem[X,0x0000000080000928] -> 0x1F13
mem[X,0x000000008000092A] -> 0x02DF
[587] [M]: 0x0000000080000928 (0x02DF1F13) slli x30, x30, 0x2d                      inst_82+4
x30 <- 0x0000200000000000

clint mtime 0x0000000000000126 (mip.MTI <- 0b1, mip.STI <- 0b0)
mem[X,0x000000008000092C] -> 0x4F13
mem[X,0x000000008000092E] -> 0xFFFF
[588] [M]: 0x000000008000092C (0xFFFF4F13) xori x30, x30, -0x1                      inst_82+8
x30 <- 0xFFFFDFFFFFFFFFFF

mem[X,0x0000000080000930] -> 0x0E93
mem[X,0x0000000080000932] -> 0xBFF0
[589] [M]: 0x0000000080000930 (0xBFF00E93) addi x29, x0, -0x401                     inst_82+12
x29 <- 0xFFFFFFFFFFFFFBFF

clint mtime 0x0000000000000127 (mip.MTI <- 0b1, mip.STI <- 0b0)
mem[X,0x0000000080000934] -> 0x1FB3
mem[X,0x0000000080000936] -> 0x29DF
[590] [M]: 0x0000000080000934 (0x29DF1FB3) bset x31, x30, x29                       inst_82+16
x31 <- 0xFFFFDFFFFFFFFFFF

mem[X,0x0000000080000938] -> 0xB023
mem[X,0x000000008000093A] -> 0x1DF3
[591] [M]: 0x0000000080000938 (0x1DF3B023) sd x31, 0x1c0(x7)                        inst_82+20
mem[W,0x00000000800053A8] <- 0xFFFFDFFFFFFFFFFF

clint mtime 0x0000000000000128 (mip.MTI <- 0b1, mip.STI <- 0b0)
mem[X,0x000000008000093C] -> 0x0F13
mem[X,0x000000008000093E] -> 0x0010
[592] [M]: 0x000000008000093C (0x00100F13) addi x30, x0, 0x1                        inst_83+0
x30 <- 0x0000000000000001

mem[X,0x0000000080000940] -> 0x1F13
mem[X,0x0000000080000942] -> 0x02CF
[593] [M]: 0x0000000080000940 (0x02CF1F13) slli x30, x30, 0x2c                      inst_83+4
x30 <- 0x0000100000000000

clint mtime 0x0000000000000129 (mip.MTI <- 0b1, mip.STI <- 0b0)
mem[X,0x0000000080000944] -> 0x4F13
mem[X,0x0000000080000946] -> 0xFFFF
[594] [M]: 0x0000000080000944 (0xFFFF4F13) xori x30, x30, -0x1                      inst_83+8
x30 <- 0xFFFFEFFFFFFFFFFF

mem[X,0x0000000080000948] -> 0x0E93
mem[X,0x000000008000094A] -> 0xBFF0
[595] [M]: 0x0000000080000948 (0xBFF00E93) addi x29, x0, -0x401                     inst_83+12
x29 <- 0xFFFFFFFFFFFFFBFF

clint mtime 0x000000000000012A (mip.MTI <- 0b1, mip.STI <- 0b0)
mem[X,0x000000008000094C] -> 0x1FB3
mem[X,0x000000008000094E] -> 0x29DF
[596] [M]: 0x000000008000094C (0x29DF1FB3) bset x31, x30, x29                       inst_83+16
x31 <- 0xFFFFEFFFFFFFFFFF

mem[X,0x0000000080000950] -> 0xB423
mem[X,0x0000000080000952] -> 0x1DF3
[597] [M]: 0x0000000080000950 (0x1DF3B423) sd x31, 0x1c8(x7)                        inst_83+20
mem[W,0x00000000800053B0] <- 0xFFFFEFFFFFFFFFFF

clint mtime 0x000000000000012B (mip.MTI <- 0b1, mip.STI <- 0b0)
mem[X,0x0000000080000954] -> 0x0F13
mem[X,0x0000000080000956] -> 0x0010
[598] [M]: 0x0000000080000954 (0x00100F13) addi x30, x0, 0x1                        inst_84+0
x30 <- 0x0000000000000001

mem[X,0x0000000080000958] -> 0x1F13
mem[X,0x000000008000095A] -> 0x02BF
[599] [M]: 0x0000000080000958 (0x02BF1F13) slli x30, x30, 0x2b                      inst_84+4
x30 <- 0x0000080000000000

clint mtime 0x000000000000012C (mip.MTI <- 0b1, mip.STI <- 0b0)
mem[X,0x000000008000095C] -> 0x4F13
mem[X,0x000000008000095E] -> 0xFFFF
[600] [M]: 0x000000008000095C (0xFFFF4F13) xori x30, x30, -0x1                      inst_84+8
x30 <- 0xFFFFF7FFFFFFFFFF

mem[X,0x0000000080000960] -> 0x0E93
mem[X,0x0000000080000962] -> 0xBFF0
[601] [M]: 0x0000000080000960 (0xBFF00E93) addi x29, x0, -0x401                     inst_84+12
x29 <- 0xFFFFFFFFFFFFFBFF

clint mtime 0x000000000000012D (mip.MTI <- 0b1, mip.STI <- 0b0)
mem[X,0x0000000080000964] -> 0x1FB3
mem[X,0x0000000080000966] -> 0x29DF
[602] [M]: 0x0000000080000964 (0x29DF1FB3) bset x31, x30, x29                       inst_84+16
x31 <- 0xFFFFF7FFFFFFFFFF

mem[X,0x0000000080000968] -> 0xB823
mem[X,0x000000008000096A] -> 0x1DF3
[603] [M]: 0x0000000080000968 (0x1DF3B823) sd x31, 0x1d0(x7)                        inst_84+20
mem[W,0x00000000800053B8] <- 0xFFFFF7FFFFFFFFFF

clint mtime 0x000000000000012E (mip.MTI <- 0b1, mip.STI <- 0b0)
mem[X,0x000000008000096C] -> 0x0F13
mem[X,0x000000008000096E] -> 0x0010
[604] [M]: 0x000000008000096C (0x00100F13) addi x30, x0, 0x1                        inst_85+0
x30 <- 0x0000000000000001

mem[X,0x0000000080000970] -> 0x1F13
mem[X,0x0000000080000972] -> 0x02AF
[605] [M]: 0x0000000080000970 (0x02AF1F13) slli x30, x30, 0x2a                      inst_85+4
x30 <- 0x0000040000000000

clint mtime 0x000000000000012F (mip.MTI <- 0b1, mip.STI <- 0b0)
mem[X,0x0000000080000974] -> 0x4F13
mem[X,0x0000000080000976] -> 0xFFFF
[606] [M]: 0x0000000080000974 (0xFFFF4F13) xori x30, x30, -0x1                      inst_85+8
x30 <- 0xFFFFFBFFFFFFFFFF

mem[X,0x0000000080000978] -> 0x0E93
mem[X,0x000000008000097A] -> 0xBFF0
[607] [M]: 0x0000000080000978 (0xBFF00E93) addi x29, x0, -0x401                     inst_85+12
x29 <- 0xFFFFFFFFFFFFFBFF

clint mtime 0x0000000000000130 (mip.MTI <- 0b1, mip.STI <- 0b0)
mem[X,0x000000008000097C] -> 0x1FB3
mem[X,0x000000008000097E] -> 0x29DF
[608] [M]: 0x000000008000097C (0x29DF1FB3) bset x31, x30, x29                       inst_85+16
x31 <- 0xFFFFFBFFFFFFFFFF

mem[X,0x0000000080000980] -> 0xBC23
mem[X,0x0000000080000982] -> 0x1DF3
[609] [M]: 0x0000000080000980 (0x1DF3BC23) sd x31, 0x1d8(x7)                        inst_85+20
mem[W,0x00000000800053C0] <- 0xFFFFFBFFFFFFFFFF

clint mtime 0x0000000000000131 (mip.MTI <- 0b1, mip.STI <- 0b0)
mem[X,0x0000000080000984] -> 0x0F13
mem[X,0x0000000080000986] -> 0x0010
[610] [M]: 0x0000000080000984 (0x00100F13) addi x30, x0, 0x1                        inst_86+0
x30 <- 0x0000000000000001

mem[X,0x0000000080000988] -> 0x1F13
mem[X,0x000000008000098A] -> 0x029F
[611] [M]: 0x0000000080000988 (0x029F1F13) slli x30, x30, 0x29                      inst_86+4
x30 <- 0x0000020000000000

clint mtime 0x0000000000000132 (mip.MTI <- 0b1, mip.STI <- 0b0)
mem[X,0x000000008000098C] -> 0x4F13
mem[X,0x000000008000098E] -> 0xFFFF
[612] [M]: 0x000000008000098C (0xFFFF4F13) xori x30, x30, -0x1                      inst_86+8
x30 <- 0xFFFFFDFFFFFFFFFF

mem[X,0x0000000080000990] -> 0x0E93
mem[X,0x0000000080000992] -> 0xBFF0
[613] [M]: 0x0000000080000990 (0xBFF00E93) addi x29, x0, -0x401                     inst_86+12
x29 <- 0xFFFFFFFFFFFFFBFF

clint mtime 0x0000000000000133 (mip.MTI <- 0b1, mip.STI <- 0b0)
mem[X,0x0000000080000994] -> 0x1FB3
mem[X,0x0000000080000996] -> 0x29DF
[614] [M]: 0x0000000080000994 (0x29DF1FB3) bset x31, x30, x29                       inst_86+16
x31 <- 0xFFFFFDFFFFFFFFFF

mem[X,0x0000000080000998] -> 0xB023
mem[X,0x000000008000099A] -> 0x1FF3
[615] [M]: 0x0000000080000998 (0x1FF3B023) sd x31, 0x1e0(x7)                        inst_86+20
mem[W,0x00000000800053C8] <- 0xFFFFFDFFFFFFFFFF

clint mtime 0x0000000000000134 (mip.MTI <- 0b1, mip.STI <- 0b0)
mem[X,0x000000008000099C] -> 0x0F13
mem[X,0x000000008000099E] -> 0x0010
[616] [M]: 0x000000008000099C (0x00100F13) addi x30, x0, 0x1                        inst_87+0
x30 <- 0x0000000000000001

mem[X,0x00000000800009A0] -> 0x1F13
mem[X,0x00000000800009A2] -> 0x028F
[617] [M]: 0x00000000800009A0 (0x028F1F13) slli x30, x30, 0x28                      inst_87+4
x30 <- 0x0000010000000000

clint mtime 0x0000000000000135 (mip.MTI <- 0b1, mip.STI <- 0b0)
mem[X,0x00000000800009A4] -> 0x4F13
mem[X,0x00000000800009A6] -> 0xFFFF
[618] [M]: 0x00000000800009A4 (0xFFFF4F13) xori x30, x30, -0x1                      inst_87+8
x30 <- 0xFFFFFEFFFFFFFFFF

mem[X,0x00000000800009A8] -> 0x0E93
mem[X,0x00000000800009AA] -> 0xBFF0
[619] [M]: 0x00000000800009A8 (0xBFF00E93) addi x29, x0, -0x401                     inst_87+12
x29 <- 0xFFFFFFFFFFFFFBFF

clint mtime 0x0000000000000136 (mip.MTI <- 0b1, mip.STI <- 0b0)
mem[X,0x00000000800009AC] -> 0x1FB3
mem[X,0x00000000800009AE] -> 0x29DF
[620] [M]: 0x00000000800009AC (0x29DF1FB3) bset x31, x30, x29                       inst_87+16
x31 <- 0xFFFFFEFFFFFFFFFF

mem[X,0x00000000800009B0] -> 0xB423
mem[X,0x00000000800009B2] -> 0x1FF3
[621] [M]: 0x00000000800009B0 (0x1FF3B423) sd x31, 0x1e8(x7)                        inst_87+20
mem[W,0x00000000800053D0] <- 0xFFFFFEFFFFFFFFFF

clint mtime 0x0000000000000137 (mip.MTI <- 0b1, mip.STI <- 0b0)
mem[X,0x00000000800009B4] -> 0x0F13
mem[X,0x00000000800009B6] -> 0x0010
[622] [M]: 0x00000000800009B4 (0x00100F13) addi x30, x0, 0x1                        inst_88+0
x30 <- 0x0000000000000001

mem[X,0x00000000800009B8] -> 0x1F13
mem[X,0x00000000800009BA] -> 0x027F
[623] [M]: 0x00000000800009B8 (0x027F1F13) slli x30, x30, 0x27                      inst_88+4
x30 <- 0x0000008000000000

clint mtime 0x0000000000000138 (mip.MTI <- 0b1, mip.STI <- 0b0)
mem[X,0x00000000800009BC] -> 0x4F13
mem[X,0x00000000800009BE] -> 0xFFFF
[624] [M]: 0x00000000800009BC (0xFFFF4F13) xori x30, x30, -0x1                      inst_88+8
x30 <- 0xFFFFFF7FFFFFFFFF

mem[X,0x00000000800009C0] -> 0x0E93
mem[X,0x00000000800009C2] -> 0xBFF0
[625] [M]: 0x00000000800009C0 (0xBFF00E93) addi x29, x0, -0x401                     inst_88+12
x29 <- 0xFFFFFFFFFFFFFBFF

clint mtime 0x0000000000000139 (mip.MTI <- 0b1, mip.STI <- 0b0)
mem[X,0x00000000800009C4] -> 0x1FB3
mem[X,0x00000000800009C6] -> 0x29DF
[626] [M]: 0x00000000800009C4 (0x29DF1FB3) bset x31, x30, x29                       inst_88+16
x31 <- 0xFFFFFF7FFFFFFFFF

mem[X,0x00000000800009C8] -> 0xB823
mem[X,0x00000000800009CA] -> 0x1FF3
[627] [M]: 0x00000000800009C8 (0x1FF3B823) sd x31, 0x1f0(x7)                        inst_88+20
mem[W,0x00000000800053D8] <- 0xFFFFFF7FFFFFFFFF

clint mtime 0x000000000000013A (mip.MTI <- 0b1, mip.STI <- 0b0)
mem[X,0x00000000800009CC] -> 0x0F13
mem[X,0x00000000800009CE] -> 0x0010
[628] [M]: 0x00000000800009CC (0x00100F13) addi x30, x0, 0x1                        inst_89+0
x30 <- 0x0000000000000001

mem[X,0x00000000800009D0] -> 0x1F13
mem[X,0x00000000800009D2] -> 0x026F
[629] [M]: 0x00000000800009D0 (0x026F1F13) slli x30, x30, 0x26                      inst_89+4
x30 <- 0x0000004000000000

clint mtime 0x000000000000013B (mip.MTI <- 0b1, mip.STI <- 0b0)
mem[X,0x00000000800009D4] -> 0x4F13
mem[X,0x00000000800009D6] -> 0xFFFF
[630] [M]: 0x00000000800009D4 (0xFFFF4F13) xori x30, x30, -0x1                      inst_89+8
x30 <- 0xFFFFFFBFFFFFFFFF

mem[X,0x00000000800009D8] -> 0x0E93
mem[X,0x00000000800009DA] -> 0xBFF0
[631] [M]: 0x00000000800009D8 (0xBFF00E93) addi x29, x0, -0x401                     inst_89+12
x29 <- 0xFFFFFFFFFFFFFBFF

clint mtime 0x000000000000013C (mip.MTI <- 0b1, mip.STI <- 0b0)
mem[X,0x00000000800009DC] -> 0x1FB3
mem[X,0x00000000800009DE] -> 0x29DF
[632] [M]: 0x00000000800009DC (0x29DF1FB3) bset x31, x30, x29                       inst_89+16
x31 <- 0xFFFFFFBFFFFFFFFF

mem[X,0x00000000800009E0] -> 0xBC23
mem[X,0x00000000800009E2] -> 0x1FF3
[633] [M]: 0x00000000800009E0 (0x1FF3BC23) sd x31, 0x1f8(x7)                        inst_89+20
mem[W,0x00000000800053E0] <- 0xFFFFFFBFFFFFFFFF

clint mtime 0x000000000000013D (mip.MTI <- 0b1, mip.STI <- 0b0)
mem[X,0x00000000800009E4] -> 0x0F13
mem[X,0x00000000800009E6] -> 0x0010
[634] [M]: 0x00000000800009E4 (0x00100F13) addi x30, x0, 0x1                        inst_90+0
x30 <- 0x0000000000000001

mem[X,0x00000000800009E8] -> 0x1F13
mem[X,0x00000000800009EA] -> 0x025F
[635] [M]: 0x00000000800009E8 (0x025F1F13) slli x30, x30, 0x25                      inst_90+4
x30 <- 0x0000002000000000

clint mtime 0x000000000000013E (mip.MTI <- 0b1, mip.STI <- 0b0)
mem[X,0x00000000800009EC] -> 0x4F13
mem[X,0x00000000800009EE] -> 0xFFFF
[636] [M]: 0x00000000800009EC (0xFFFF4F13) xori x30, x30, -0x1                      inst_90+8
x30 <- 0xFFFFFFDFFFFFFFFF

mem[X,0x00000000800009F0] -> 0x0E93
mem[X,0x00000000800009F2] -> 0xBFF0
[637] [M]: 0x00000000800009F0 (0xBFF00E93) addi x29, x0, -0x401                     inst_90+12
x29 <- 0xFFFFFFFFFFFFFBFF

clint mtime 0x000000000000013F (mip.MTI <- 0b1, mip.STI <- 0b0)
mem[X,0x00000000800009F4] -> 0x1FB3
mem[X,0x00000000800009F6] -> 0x29DF
[638] [M]: 0x00000000800009F4 (0x29DF1FB3) bset x31, x30, x29                       inst_90+16
x31 <- 0xFFFFFFDFFFFFFFFF

mem[X,0x00000000800009F8] -> 0xB023
mem[X,0x00000000800009FA] -> 0x21F3
[639] [M]: 0x00000000800009F8 (0x21F3B023) sd x31, 0x200(x7)                        inst_90+20
mem[W,0x00000000800053E8] <- 0xFFFFFFDFFFFFFFFF

clint mtime 0x0000000000000140 (mip.MTI <- 0b1, mip.STI <- 0b0)
mem[X,0x00000000800009FC] -> 0x0F13
mem[X,0x00000000800009FE] -> 0x0010
[640] [M]: 0x00000000800009FC (0x00100F13) addi x30, x0, 0x1                        inst_91+0
x30 <- 0x0000000000000001

mem[X,0x0000000080000A00] -> 0x1F13
mem[X,0x0000000080000A02] -> 0x024F
[641] [M]: 0x0000000080000A00 (0x024F1F13) slli x30, x30, 0x24                      inst_91+4
x30 <- 0x0000001000000000

clint mtime 0x0000000000000141 (mip.MTI <- 0b1, mip.STI <- 0b0)
mem[X,0x0000000080000A04] -> 0x4F13
mem[X,0x0000000080000A06] -> 0xFFFF
[642] [M]: 0x0000000080000A04 (0xFFFF4F13) xori x30, x30, -0x1                      inst_91+8
x30 <- 0xFFFFFFEFFFFFFFFF

mem[X,0x0000000080000A08] -> 0x0E93
mem[X,0x0000000080000A0A] -> 0xBFF0
[643] [M]: 0x0000000080000A08 (0xBFF00E93) addi x29, x0, -0x401                     inst_91+12
x29 <- 0xFFFFFFFFFFFFFBFF

clint mtime 0x0000000000000142 (mip.MTI <- 0b1, mip.STI <- 0b0)
mem[X,0x0000000080000A0C] -> 0x1FB3
mem[X,0x0000000080000A0E] -> 0x29DF
[644] [M]: 0x0000000080000A0C (0x29DF1FB3) bset x31, x30, x29                       inst_91+16
x31 <- 0xFFFFFFEFFFFFFFFF

mem[X,0x0000000080000A10] -> 0xB423
mem[X,0x0000000080000A12] -> 0x21F3
[645] [M]: 0x0000000080000A10 (0x21F3B423) sd x31, 0x208(x7)                        inst_91+20
mem[W,0x00000000800053F0] <- 0xFFFFFFEFFFFFFFFF

clint mtime 0x0000000000000143 (mip.MTI <- 0b1, mip.STI <- 0b0)
mem[X,0x0000000080000A14] -> 0x0F13
mem[X,0x0000000080000A16] -> 0x0010
[646] [M]: 0x0000000080000A14 (0x00100F13) addi x30, x0, 0x1                        inst_92+0
x30 <- 0x0000000000000001

mem[X,0x0000000080000A18] -> 0x1F13
mem[X,0x0000000080000A1A] -> 0x023F
[647] [M]: 0x0000000080000A18 (0x023F1F13) slli x30, x30, 0x23                      inst_92+4
x30 <- 0x0000000800000000

clint mtime 0x0000000000000144 (mip.MTI <- 0b1, mip.STI <- 0b0)
mem[X,0x0000000080000A1C] -> 0x4F13
mem[X,0x0000000080000A1E] -> 0xFFFF
[648] [M]: 0x0000000080000A1C (0xFFFF4F13) xori x30, x30, -0x1                      inst_92+8
x30 <- 0xFFFFFFF7FFFFFFFF

mem[X,0x0000000080000A20] -> 0x0E93
mem[X,0x0000000080000A22] -> 0xBFF0
[649] [M]: 0x0000000080000A20 (0xBFF00E93) addi x29, x0, -0x401                     inst_92+12
x29 <- 0xFFFFFFFFFFFFFBFF

clint mtime 0x0000000000000145 (mip.MTI <- 0b1, mip.STI <- 0b0)
mem[X,0x0000000080000A24] -> 0x1FB3
mem[X,0x0000000080000A26] -> 0x29DF
[650] [M]: 0x0000000080000A24 (0x29DF1FB3) bset x31, x30, x29                       inst_92+16
x31 <- 0xFFFFFFF7FFFFFFFF

mem[X,0x0000000080000A28] -> 0xB823
mem[X,0x0000000080000A2A] -> 0x21F3
[651] [M]: 0x0000000080000A28 (0x21F3B823) sd x31, 0x210(x7)                        inst_92+20
mem[W,0x00000000800053F8] <- 0xFFFFFFF7FFFFFFFF

clint mtime 0x0000000000000146 (mip.MTI <- 0b1, mip.STI <- 0b0)
mem[X,0x0000000080000A2C] -> 0x0F13
mem[X,0x0000000080000A2E] -> 0x0010
[652] [M]: 0x0000000080000A2C (0x00100F13) addi x30, x0, 0x1                        inst_93+0
x30 <- 0x0000000000000001

mem[X,0x0000000080000A30] -> 0x1F13
mem[X,0x0000000080000A32] -> 0x022F
[653] [M]: 0x0000000080000A30 (0x022F1F13) slli x30, x30, 0x22                      inst_93+4
x30 <- 0x0000000400000000

clint mtime 0x0000000000000147 (mip.MTI <- 0b1, mip.STI <- 0b0)
mem[X,0x0000000080000A34] -> 0x4F13
mem[X,0x0000000080000A36] -> 0xFFFF
[654] [M]: 0x0000000080000A34 (0xFFFF4F13) xori x30, x30, -0x1                      inst_93+8
x30 <- 0xFFFFFFFBFFFFFFFF

mem[X,0x0000000080000A38] -> 0x0E93
mem[X,0x0000000080000A3A] -> 0xBFF0
[655] [M]: 0x0000000080000A38 (0xBFF00E93) addi x29, x0, -0x401                     inst_93+12
x29 <- 0xFFFFFFFFFFFFFBFF

clint mtime 0x0000000000000148 (mip.MTI <- 0b1, mip.STI <- 0b0)
mem[X,0x0000000080000A3C] -> 0x1FB3
mem[X,0x0000000080000A3E] -> 0x29DF
[656] [M]: 0x0000000080000A3C (0x29DF1FB3) bset x31, x30, x29                       inst_93+16
x31 <- 0xFFFFFFFBFFFFFFFF

mem[X,0x0000000080000A40] -> 0xBC23
mem[X,0x0000000080000A42] -> 0x21F3
[657] [M]: 0x0000000080000A40 (0x21F3BC23) sd x31, 0x218(x7)                        inst_93+20
mem[W,0x0000000080005400] <- 0xFFFFFFFBFFFFFFFF

clint mtime 0x0000000000000149 (mip.MTI <- 0b1, mip.STI <- 0b0)
mem[X,0x0000000080000A44] -> 0x0F13
mem[X,0x0000000080000A46] -> 0x0010
[658] [M]: 0x0000000080000A44 (0x00100F13) addi x30, x0, 0x1                        inst_94+0
x30 <- 0x0000000000000001

mem[X,0x0000000080000A48] -> 0x1F13
mem[X,0x0000000080000A4A] -> 0x021F
[659] [M]: 0x0000000080000A48 (0x021F1F13) slli x30, x30, 0x21                      inst_94+4
x30 <- 0x0000000200000000

clint mtime 0x000000000000014A (mip.MTI <- 0b1, mip.STI <- 0b0)
mem[X,0x0000000080000A4C] -> 0x4F13
mem[X,0x0000000080000A4E] -> 0xFFFF
[660] [M]: 0x0000000080000A4C (0xFFFF4F13) xori x30, x30, -0x1                      inst_94+8
x30 <- 0xFFFFFFFDFFFFFFFF

mem[X,0x0000000080000A50] -> 0x0E93
mem[X,0x0000000080000A52] -> 0xBFF0
[661] [M]: 0x0000000080000A50 (0xBFF00E93) addi x29, x0, -0x401                     inst_94+12
x29 <- 0xFFFFFFFFFFFFFBFF

clint mtime 0x000000000000014B (mip.MTI <- 0b1, mip.STI <- 0b0)
mem[X,0x0000000080000A54] -> 0x1FB3
mem[X,0x0000000080000A56] -> 0x29DF
[662] [M]: 0x0000000080000A54 (0x29DF1FB3) bset x31, x30, x29                       inst_94+16
x31 <- 0xFFFFFFFDFFFFFFFF

mem[X,0x0000000080000A58] -> 0xB023
mem[X,0x0000000080000A5A] -> 0x23F3
[663] [M]: 0x0000000080000A58 (0x23F3B023) sd x31, 0x220(x7)                        inst_94+20
mem[W,0x0000000080005408] <- 0xFFFFFFFDFFFFFFFF

clint mtime 0x000000000000014C (mip.MTI <- 0b1, mip.STI <- 0b0)
mem[X,0x0000000080000A5C] -> 0x0F13
mem[X,0x0000000080000A5E] -> 0x0010
[664] [M]: 0x0000000080000A5C (0x00100F13) addi x30, x0, 0x1                        inst_95+0
x30 <- 0x0000000000000001

mem[X,0x0000000080000A60] -> 0x1F13
mem[X,0x0000000080000A62] -> 0x020F
[665] [M]: 0x0000000080000A60 (0x020F1F13) slli x30, x30, 0x20                      inst_95+4
x30 <- 0x0000000100000000

clint mtime 0x000000000000014D (mip.MTI <- 0b1, mip.STI <- 0b0)
mem[X,0x0000000080000A64] -> 0x4F13
mem[X,0x0000000080000A66] -> 0xFFFF
[666] [M]: 0x0000000080000A64 (0xFFFF4F13) xori x30, x30, -0x1                      inst_95+8
x30 <- 0xFFFFFFFEFFFFFFFF

mem[X,0x0000000080000A68] -> 0x0E93
mem[X,0x0000000080000A6A] -> 0xBFF0
[667] [M]: 0x0000000080000A68 (0xBFF00E93) addi x29, x0, -0x401                     inst_95+12
x29 <- 0xFFFFFFFFFFFFFBFF

clint mtime 0x000000000000014E (mip.MTI <- 0b1, mip.STI <- 0b0)
mem[X,0x0000000080000A6C] -> 0x1FB3
mem[X,0x0000000080000A6E] -> 0x29DF
[668] [M]: 0x0000000080000A6C (0x29DF1FB3) bset x31, x30, x29                       inst_95+16
x31 <- 0xFFFFFFFEFFFFFFFF

mem[X,0x0000000080000A70] -> 0xB423
mem[X,0x0000000080000A72] -> 0x23F3
[669] [M]: 0x0000000080000A70 (0x23F3B423) sd x31, 0x228(x7)                        inst_95+20
mem[W,0x0000000080005410] <- 0xFFFFFFFEFFFFFFFF

clint mtime 0x000000000000014F (mip.MTI <- 0b1, mip.STI <- 0b0)
mem[X,0x0000000080000A74] -> 0x0F13
mem[X,0x0000000080000A76] -> 0x0010
[670] [M]: 0x0000000080000A74 (0x00100F13) addi x30, x0, 0x1                        inst_96+0
x30 <- 0x0000000000000001

mem[X,0x0000000080000A78] -> 0x1F13
mem[X,0x0000000080000A7A] -> 0x01FF
[671] [M]: 0x0000000080000A78 (0x01FF1F13) slli x30, x30, 0x1f                      inst_96+4
x30 <- 0x0000000080000000

clint mtime 0x0000000000000150 (mip.MTI <- 0b1, mip.STI <- 0b0)
mem[X,0x0000000080000A7C] -> 0x4F13
mem[X,0x0000000080000A7E] -> 0xFFFF
[672] [M]: 0x0000000080000A7C (0xFFFF4F13) xori x30, x30, -0x1                      inst_96+8
x30 <- 0xFFFFFFFF7FFFFFFF

mem[X,0x0000000080000A80] -> 0x0E93
mem[X,0x0000000080000A82] -> 0xBFF0
[673] [M]: 0x0000000080000A80 (0xBFF00E93) addi x29, x0, -0x401                     inst_96+12
x29 <- 0xFFFFFFFFFFFFFBFF

clint mtime 0x0000000000000151 (mip.MTI <- 0b1, mip.STI <- 0b0)
mem[X,0x0000000080000A84] -> 0x1FB3
mem[X,0x0000000080000A86] -> 0x29DF
[674] [M]: 0x0000000080000A84 (0x29DF1FB3) bset x31, x30, x29                       inst_96+16
x31 <- 0xFFFFFFFF7FFFFFFF

mem[X,0x0000000080000A88] -> 0xB823
mem[X,0x0000000080000A8A] -> 0x23F3
[675] [M]: 0x0000000080000A88 (0x23F3B823) sd x31, 0x230(x7)                        inst_96+20
mem[W,0x0000000080005418] <- 0xFFFFFFFF7FFFFFFF

clint mtime 0x0000000000000152 (mip.MTI <- 0b1, mip.STI <- 0b0)
mem[X,0x0000000080000A8C] -> 0x0F13
mem[X,0x0000000080000A8E] -> 0x0010
[676] [M]: 0x0000000080000A8C (0x00100F13) addi x30, x0, 0x1                        inst_97+0
x30 <- 0x0000000000000001

mem[X,0x0000000080000A90] -> 0x1F13
mem[X,0x0000000080000A92] -> 0x01EF
[677] [M]: 0x0000000080000A90 (0x01EF1F13) slli x30, x30, 0x1e                      inst_97+4
x30 <- 0x0000000040000000

clint mtime 0x0000000000000153 (mip.MTI <- 0b1, mip.STI <- 0b0)
mem[X,0x0000000080000A94] -> 0x4F13
mem[X,0x0000000080000A96] -> 0xFFFF
[678] [M]: 0x0000000080000A94 (0xFFFF4F13) xori x30, x30, -0x1                      inst_97+8
x30 <- 0xFFFFFFFFBFFFFFFF

mem[X,0x0000000080000A98] -> 0x0E93
mem[X,0x0000000080000A9A] -> 0xBFF0
[679] [M]: 0x0000000080000A98 (0xBFF00E93) addi x29, x0, -0x401                     inst_97+12
x29 <- 0xFFFFFFFFFFFFFBFF

clint mtime 0x0000000000000154 (mip.MTI <- 0b1, mip.STI <- 0b0)
mem[X,0x0000000080000A9C] -> 0x1FB3
mem[X,0x0000000080000A9E] -> 0x29DF
[680] [M]: 0x0000000080000A9C (0x29DF1FB3) bset x31, x30, x29                       inst_97+16
x31 <- 0xFFFFFFFFBFFFFFFF

mem[X,0x0000000080000AA0] -> 0xBC23
mem[X,0x0000000080000AA2] -> 0x23F3
[681] [M]: 0x0000000080000AA0 (0x23F3BC23) sd x31, 0x238(x7)                        inst_97+20
mem[W,0x0000000080005420] <- 0xFFFFFFFFBFFFFFFF

clint mtime 0x0000000000000155 (mip.MTI <- 0b1, mip.STI <- 0b0)
mem[X,0x0000000080000AA4] -> 0x0F13
mem[X,0x0000000080000AA6] -> 0x0010
[682] [M]: 0x0000000080000AA4 (0x00100F13) addi x30, x0, 0x1                        inst_98+0
x30 <- 0x0000000000000001

mem[X,0x0000000080000AA8] -> 0x1F13
mem[X,0x0000000080000AAA] -> 0x01DF
[683] [M]: 0x0000000080000AA8 (0x01DF1F13) slli x30, x30, 0x1d                      inst_98+4
x30 <- 0x0000000020000000

clint mtime 0x0000000000000156 (mip.MTI <- 0b1, mip.STI <- 0b0)
mem[X,0x0000000080000AAC] -> 0x4F13
mem[X,0x0000000080000AAE] -> 0xFFFF
[684] [M]: 0x0000000080000AAC (0xFFFF4F13) xori x30, x30, -0x1                      inst_98+8
x30 <- 0xFFFFFFFFDFFFFFFF

mem[X,0x0000000080000AB0] -> 0x0E93
mem[X,0x0000000080000AB2] -> 0xBFF0
[685] [M]: 0x0000000080000AB0 (0xBFF00E93) addi x29, x0, -0x401                     inst_98+12
x29 <- 0xFFFFFFFFFFFFFBFF

clint mtime 0x0000000000000157 (mip.MTI <- 0b1, mip.STI <- 0b0)
mem[X,0x0000000080000AB4] -> 0x1FB3
mem[X,0x0000000080000AB6] -> 0x29DF
[686] [M]: 0x0000000080000AB4 (0x29DF1FB3) bset x31, x30, x29                       inst_98+16
x31 <- 0xFFFFFFFFDFFFFFFF

mem[X,0x0000000080000AB8] -> 0xB023
mem[X,0x0000000080000ABA] -> 0x25F3
[687] [M]: 0x0000000080000AB8 (0x25F3B023) sd x31, 0x240(x7)                        inst_98+20
mem[W,0x0000000080005428] <- 0xFFFFFFFFDFFFFFFF

clint mtime 0x0000000000000158 (mip.MTI <- 0b1, mip.STI <- 0b0)
mem[X,0x0000000080000ABC] -> 0x0F13
mem[X,0x0000000080000ABE] -> 0x0010
[688] [M]: 0x0000000080000ABC (0x00100F13) addi x30, x0, 0x1                        inst_99+0
x30 <- 0x0000000000000001

mem[X,0x0000000080000AC0] -> 0x1F13
mem[X,0x0000000080000AC2] -> 0x01CF
[689] [M]: 0x0000000080000AC0 (0x01CF1F13) slli x30, x30, 0x1c                      inst_99+4
x30 <- 0x0000000010000000

clint mtime 0x0000000000000159 (mip.MTI <- 0b1, mip.STI <- 0b0)
mem[X,0x0000000080000AC4] -> 0x4F13
mem[X,0x0000000080000AC6] -> 0xFFFF
[690] [M]: 0x0000000080000AC4 (0xFFFF4F13) xori x30, x30, -0x1                      inst_99+8
x30 <- 0xFFFFFFFFEFFFFFFF

mem[X,0x0000000080000AC8] -> 0x0E93
mem[X,0x0000000080000ACA] -> 0xBFF0
[691] [M]: 0x0000000080000AC8 (0xBFF00E93) addi x29, x0, -0x401                     inst_99+12
x29 <- 0xFFFFFFFFFFFFFBFF

clint mtime 0x000000000000015A (mip.MTI <- 0b1, mip.STI <- 0b0)
mem[X,0x0000000080000ACC] -> 0x1FB3
mem[X,0x0000000080000ACE] -> 0x29DF
[692] [M]: 0x0000000080000ACC (0x29DF1FB3) bset x31, x30, x29                       inst_99+16
x31 <- 0xFFFFFFFFEFFFFFFF

mem[X,0x0000000080000AD0] -> 0xB423
mem[X,0x0000000080000AD2] -> 0x25F3
[693] [M]: 0x0000000080000AD0 (0x25F3B423) sd x31, 0x248(x7)                        inst_99+20
mem[W,0x0000000080005430] <- 0xFFFFFFFFEFFFFFFF

clint mtime 0x000000000000015B (mip.MTI <- 0b1, mip.STI <- 0b0)
mem[X,0x0000000080000AD4] -> 0x0F13
mem[X,0x0000000080000AD6] -> 0x0010
[694] [M]: 0x0000000080000AD4 (0x00100F13) addi x30, x0, 0x1                        inst_100+0
x30 <- 0x0000000000000001

mem[X,0x0000000080000AD8] -> 0x1F13
mem[X,0x0000000080000ADA] -> 0x01BF
[695] [M]: 0x0000000080000AD8 (0x01BF1F13) slli x30, x30, 0x1b                      inst_100+4
x30 <- 0x0000000008000000

clint mtime 0x000000000000015C (mip.MTI <- 0b1, mip.STI <- 0b0)
mem[X,0x0000000080000ADC] -> 0x4F13
mem[X,0x0000000080000ADE] -> 0xFFFF
[696] [M]: 0x0000000080000ADC (0xFFFF4F13) xori x30, x30, -0x1                      inst_100+8
x30 <- 0xFFFFFFFFF7FFFFFF

mem[X,0x0000000080000AE0] -> 0x0E93
mem[X,0x0000000080000AE2] -> 0xBFF0
[697] [M]: 0x0000000080000AE0 (0xBFF00E93) addi x29, x0, -0x401                     inst_100+12
x29 <- 0xFFFFFFFFFFFFFBFF

clint mtime 0x000000000000015D (mip.MTI <- 0b1, mip.STI <- 0b0)
mem[X,0x0000000080000AE4] -> 0x1FB3
mem[X,0x0000000080000AE6] -> 0x29DF
[698] [M]: 0x0000000080000AE4 (0x29DF1FB3) bset x31, x30, x29                       inst_100+16
x31 <- 0xFFFFFFFFF7FFFFFF

mem[X,0x0000000080000AE8] -> 0xB823
mem[X,0x0000000080000AEA] -> 0x25F3
[699] [M]: 0x0000000080000AE8 (0x25F3B823) sd x31, 0x250(x7)                        inst_100+20
mem[W,0x0000000080005438] <- 0xFFFFFFFFF7FFFFFF

clint mtime 0x000000000000015E (mip.MTI <- 0b1, mip.STI <- 0b0)
mem[X,0x0000000080000AEC] -> 0x0F13
mem[X,0x0000000080000AEE] -> 0x0010
[700] [M]: 0x0000000080000AEC (0x00100F13) addi x30, x0, 0x1                        inst_101+0
x30 <- 0x0000000000000001

mem[X,0x0000000080000AF0] -> 0x1F13
mem[X,0x0000000080000AF2] -> 0x01AF
[701] [M]: 0x0000000080000AF0 (0x01AF1F13) slli x30, x30, 0x1a                      inst_101+4
x30 <- 0x0000000004000000

clint mtime 0x000000000000015F (mip.MTI <- 0b1, mip.STI <- 0b0)
mem[X,0x0000000080000AF4] -> 0x4F13
mem[X,0x0000000080000AF6] -> 0xFFFF
[702] [M]: 0x0000000080000AF4 (0xFFFF4F13) xori x30, x30, -0x1                      inst_101+8
x30 <- 0xFFFFFFFFFBFFFFFF

mem[X,0x0000000080000AF8] -> 0x0E93
mem[X,0x0000000080000AFA] -> 0xBFF0
[703] [M]: 0x0000000080000AF8 (0xBFF00E93) addi x29, x0, -0x401                     inst_101+12
x29 <- 0xFFFFFFFFFFFFFBFF

clint mtime 0x0000000000000160 (mip.MTI <- 0b1, mip.STI <- 0b0)
mem[X,0x0000000080000AFC] -> 0x1FB3
mem[X,0x0000000080000AFE] -> 0x29DF
[704] [M]: 0x0000000080000AFC (0x29DF1FB3) bset x31, x30, x29                       inst_101+16
x31 <- 0xFFFFFFFFFBFFFFFF

mem[X,0x0000000080000B00] -> 0xBC23
mem[X,0x0000000080000B02] -> 0x25F3
[705] [M]: 0x0000000080000B00 (0x25F3BC23) sd x31, 0x258(x7)                        inst_101+20
mem[W,0x0000000080005440] <- 0xFFFFFFFFFBFFFFFF

clint mtime 0x0000000000000161 (mip.MTI <- 0b1, mip.STI <- 0b0)
mem[X,0x0000000080000B04] -> 0x0F13
mem[X,0x0000000080000B06] -> 0x0010
[706] [M]: 0x0000000080000B04 (0x00100F13) addi x30, x0, 0x1                        inst_102+0
x30 <- 0x0000000000000001

mem[X,0x0000000080000B08] -> 0x1F13
mem[X,0x0000000080000B0A] -> 0x019F
[707] [M]: 0x0000000080000B08 (0x019F1F13) slli x30, x30, 0x19                      inst_102+4
x30 <- 0x0000000002000000

clint mtime 0x0000000000000162 (mip.MTI <- 0b1, mip.STI <- 0b0)
mem[X,0x0000000080000B0C] -> 0x4F13
mem[X,0x0000000080000B0E] -> 0xFFFF
[708] [M]: 0x0000000080000B0C (0xFFFF4F13) xori x30, x30, -0x1                      inst_102+8
x30 <- 0xFFFFFFFFFDFFFFFF

mem[X,0x0000000080000B10] -> 0x0E93
mem[X,0x0000000080000B12] -> 0xBFF0
[709] [M]: 0x0000000080000B10 (0xBFF00E93) addi x29, x0, -0x401                     inst_102+12
x29 <- 0xFFFFFFFFFFFFFBFF

clint mtime 0x0000000000000163 (mip.MTI <- 0b1, mip.STI <- 0b0)
mem[X,0x0000000080000B14] -> 0x1FB3
mem[X,0x0000000080000B16] -> 0x29DF
[710] [M]: 0x0000000080000B14 (0x29DF1FB3) bset x31, x30, x29                       inst_102+16
x31 <- 0xFFFFFFFFFDFFFFFF

mem[X,0x0000000080000B18] -> 0xB023
mem[X,0x0000000080000B1A] -> 0x27F3
[711] [M]: 0x0000000080000B18 (0x27F3B023) sd x31, 0x260(x7)                        inst_102+20
mem[W,0x0000000080005448] <- 0xFFFFFFFFFDFFFFFF

clint mtime 0x0000000000000164 (mip.MTI <- 0b1, mip.STI <- 0b0)
mem[X,0x0000000080000B1C] -> 0x0F13
mem[X,0x0000000080000B1E] -> 0x0010
[712] [M]: 0x0000000080000B1C (0x00100F13) addi x30, x0, 0x1                        inst_103+0
x30 <- 0x0000000000000001

mem[X,0x0000000080000B20] -> 0x1F13
mem[X,0x0000000080000B22] -> 0x018F
[713] [M]: 0x0000000080000B20 (0x018F1F13) slli x30, x30, 0x18                      inst_103+4
x30 <- 0x0000000001000000

clint mtime 0x0000000000000165 (mip.MTI <- 0b1, mip.STI <- 0b0)
mem[X,0x0000000080000B24] -> 0x4F13
mem[X,0x0000000080000B26] -> 0xFFFF
[714] [M]: 0x0000000080000B24 (0xFFFF4F13) xori x30, x30, -0x1                      inst_103+8
x30 <- 0xFFFFFFFFFEFFFFFF

mem[X,0x0000000080000B28] -> 0x0E93
mem[X,0x0000000080000B2A] -> 0xBFF0
[715] [M]: 0x0000000080000B28 (0xBFF00E93) addi x29, x0, -0x401                     inst_103+12
x29 <- 0xFFFFFFFFFFFFFBFF

clint mtime 0x0000000000000166 (mip.MTI <- 0b1, mip.STI <- 0b0)
mem[X,0x0000000080000B2C] -> 0x1FB3
mem[X,0x0000000080000B2E] -> 0x29DF
[716] [M]: 0x0000000080000B2C (0x29DF1FB3) bset x31, x30, x29                       inst_103+16
x31 <- 0xFFFFFFFFFEFFFFFF

mem[X,0x0000000080000B30] -> 0xB423
mem[X,0x0000000080000B32] -> 0x27F3
[717] [M]: 0x0000000080000B30 (0x27F3B423) sd x31, 0x268(x7)                        inst_103+20
mem[W,0x0000000080005450] <- 0xFFFFFFFFFEFFFFFF

clint mtime 0x0000000000000167 (mip.MTI <- 0b1, mip.STI <- 0b0)
mem[X,0x0000000080000B34] -> 0x0F13
mem[X,0x0000000080000B36] -> 0x0010
[718] [M]: 0x0000000080000B34 (0x00100F13) addi x30, x0, 0x1                        inst_104+0
x30 <- 0x0000000000000001

mem[X,0x0000000080000B38] -> 0x1F13
mem[X,0x0000000080000B3A] -> 0x017F
[719] [M]: 0x0000000080000B38 (0x017F1F13) slli x30, x30, 0x17                      inst_104+4
x30 <- 0x0000000000800000

clint mtime 0x0000000000000168 (mip.MTI <- 0b1, mip.STI <- 0b0)
mem[X,0x0000000080000B3C] -> 0x4F13
mem[X,0x0000000080000B3E] -> 0xFFFF
[720] [M]: 0x0000000080000B3C (0xFFFF4F13) xori x30, x30, -0x1                      inst_104+8
x30 <- 0xFFFFFFFFFF7FFFFF

mem[X,0x0000000080000B40] -> 0x0E93
mem[X,0x0000000080000B42] -> 0xBFF0
[721] [M]: 0x0000000080000B40 (0xBFF00E93) addi x29, x0, -0x401                     inst_104+12
x29 <- 0xFFFFFFFFFFFFFBFF

clint mtime 0x0000000000000169 (mip.MTI <- 0b1, mip.STI <- 0b0)
mem[X,0x0000000080000B44] -> 0x1FB3
mem[X,0x0000000080000B46] -> 0x29DF
[722] [M]: 0x0000000080000B44 (0x29DF1FB3) bset x31, x30, x29                       inst_104+16
x31 <- 0xFFFFFFFFFF7FFFFF

mem[X,0x0000000080000B48] -> 0xB823
mem[X,0x0000000080000B4A] -> 0x27F3
[723] [M]: 0x0000000080000B48 (0x27F3B823) sd x31, 0x270(x7)                        inst_104+20
mem[W,0x0000000080005458] <- 0xFFFFFFFFFF7FFFFF

clint mtime 0x000000000000016A (mip.MTI <- 0b1, mip.STI <- 0b0)
mem[X,0x0000000080000B4C] -> 0x0F13
mem[X,0x0000000080000B4E] -> 0x0010
[724] [M]: 0x0000000080000B4C (0x00100F13) addi x30, x0, 0x1                        inst_105+0
x30 <- 0x0000000000000001

mem[X,0x0000000080000B50] -> 0x1F13
mem[X,0x0000000080000B52] -> 0x016F
[725] [M]: 0x0000000080000B50 (0x016F1F13) slli x30, x30, 0x16                      inst_105+4
x30 <- 0x0000000000400000

clint mtime 0x000000000000016B (mip.MTI <- 0b1, mip.STI <- 0b0)
mem[X,0x0000000080000B54] -> 0x4F13
mem[X,0x0000000080000B56] -> 0xFFFF
[726] [M]: 0x0000000080000B54 (0xFFFF4F13) xori x30, x30, -0x1                      inst_105+8
x30 <- 0xFFFFFFFFFFBFFFFF

mem[X,0x0000000080000B58] -> 0x0E93
mem[X,0x0000000080000B5A] -> 0xBFF0
[727] [M]: 0x0000000080000B58 (0xBFF00E93) addi x29, x0, -0x401                     inst_105+12
x29 <- 0xFFFFFFFFFFFFFBFF

clint mtime 0x000000000000016C (mip.MTI <- 0b1, mip.STI <- 0b0)
mem[X,0x0000000080000B5C] -> 0x1FB3
mem[X,0x0000000080000B5E] -> 0x29DF
[728] [M]: 0x0000000080000B5C (0x29DF1FB3) bset x31, x30, x29                       inst_105+16
x31 <- 0xFFFFFFFFFFBFFFFF

mem[X,0x0000000080000B60] -> 0xBC23
mem[X,0x0000000080000B62] -> 0x27F3
[729] [M]: 0x0000000080000B60 (0x27F3BC23) sd x31, 0x278(x7)                        inst_105+20
mem[W,0x0000000080005460] <- 0xFFFFFFFFFFBFFFFF

clint mtime 0x000000000000016D (mip.MTI <- 0b1, mip.STI <- 0b0)
mem[X,0x0000000080000B64] -> 0x0F13
mem[X,0x0000000080000B66] -> 0x0010
[730] [M]: 0x0000000080000B64 (0x00100F13) addi x30, x0, 0x1                        inst_106+0
x30 <- 0x0000000000000001

mem[X,0x0000000080000B68] -> 0x1F13
mem[X,0x0000000080000B6A] -> 0x015F
[731] [M]: 0x0000000080000B68 (0x015F1F13) slli x30, x30, 0x15                      inst_106+4
x30 <- 0x0000000000200000

clint mtime 0x000000000000016E (mip.MTI <- 0b1, mip.STI <- 0b0)
mem[X,0x0000000080000B6C] -> 0x4F13
mem[X,0x0000000080000B6E] -> 0xFFFF
[732] [M]: 0x0000000080000B6C (0xFFFF4F13) xori x30, x30, -0x1                      inst_106+8
x30 <- 0xFFFFFFFFFFDFFFFF

mem[X,0x0000000080000B70] -> 0x0E93
mem[X,0x0000000080000B72] -> 0xBFF0
[733] [M]: 0x0000000080000B70 (0xBFF00E93) addi x29, x0, -0x401                     inst_106+12
x29 <- 0xFFFFFFFFFFFFFBFF

clint mtime 0x000000000000016F (mip.MTI <- 0b1, mip.STI <- 0b0)
mem[X,0x0000000080000B74] -> 0x1FB3
mem[X,0x0000000080000B76] -> 0x29DF
[734] [M]: 0x0000000080000B74 (0x29DF1FB3) bset x31, x30, x29                       inst_106+16
x31 <- 0xFFFFFFFFFFDFFFFF

mem[X,0x0000000080000B78] -> 0xB023
mem[X,0x0000000080000B7A] -> 0x29F3
[735] [M]: 0x0000000080000B78 (0x29F3B023) sd x31, 0x280(x7)                        inst_106+20
mem[W,0x0000000080005468] <- 0xFFFFFFFFFFDFFFFF

clint mtime 0x0000000000000170 (mip.MTI <- 0b1, mip.STI <- 0b0)
mem[X,0x0000000080000B7C] -> 0x0F13
mem[X,0x0000000080000B7E] -> 0x0010
[736] [M]: 0x0000000080000B7C (0x00100F13) addi x30, x0, 0x1                        inst_107+0
x30 <- 0x0000000000000001

mem[X,0x0000000080000B80] -> 0x1F13
mem[X,0x0000000080000B82] -> 0x014F
[737] [M]: 0x0000000080000B80 (0x014F1F13) slli x30, x30, 0x14                      inst_107+4
x30 <- 0x0000000000100000

clint mtime 0x0000000000000171 (mip.MTI <- 0b1, mip.STI <- 0b0)
mem[X,0x0000000080000B84] -> 0x4F13
mem[X,0x0000000080000B86] -> 0xFFFF
[738] [M]: 0x0000000080000B84 (0xFFFF4F13) xori x30, x30, -0x1                      inst_107+8
x30 <- 0xFFFFFFFFFFEFFFFF

mem[X,0x0000000080000B88] -> 0x0E93
mem[X,0x0000000080000B8A] -> 0xBFF0
[739] [M]: 0x0000000080000B88 (0xBFF00E93) addi x29, x0, -0x401                     inst_107+12
x29 <- 0xFFFFFFFFFFFFFBFF

clint mtime 0x0000000000000172 (mip.MTI <- 0b1, mip.STI <- 0b0)
mem[X,0x0000000080000B8C] -> 0x1FB3
mem[X,0x0000000080000B8E] -> 0x29DF
[740] [M]: 0x0000000080000B8C (0x29DF1FB3) bset x31, x30, x29                       inst_107+16
x31 <- 0xFFFFFFFFFFEFFFFF

mem[X,0x0000000080000B90] -> 0xB423
mem[X,0x0000000080000B92] -> 0x29F3
[741] [M]: 0x0000000080000B90 (0x29F3B423) sd x31, 0x288(x7)                        inst_107+20
mem[W,0x0000000080005470] <- 0xFFFFFFFFFFEFFFFF

clint mtime 0x0000000000000173 (mip.MTI <- 0b1, mip.STI <- 0b0)
mem[X,0x0000000080000B94] -> 0x0F13
mem[X,0x0000000080000B96] -> 0x0010
[742] [M]: 0x0000000080000B94 (0x00100F13) addi x30, x0, 0x1                        inst_108+0
x30 <- 0x0000000000000001

mem[X,0x0000000080000B98] -> 0x1F13
mem[X,0x0000000080000B9A] -> 0x013F
[743] [M]: 0x0000000080000B98 (0x013F1F13) slli x30, x30, 0x13                      inst_108+4
x30 <- 0x0000000000080000

clint mtime 0x0000000000000174 (mip.MTI <- 0b1, mip.STI <- 0b0)
mem[X,0x0000000080000B9C] -> 0x4F13
mem[X,0x0000000080000B9E] -> 0xFFFF
[744] [M]: 0x0000000080000B9C (0xFFFF4F13) xori x30, x30, -0x1                      inst_108+8
x30 <- 0xFFFFFFFFFFF7FFFF

mem[X,0x0000000080000BA0] -> 0x0E93
mem[X,0x0000000080000BA2] -> 0xBFF0
[745] [M]: 0x0000000080000BA0 (0xBFF00E93) addi x29, x0, -0x401                     inst_108+12
x29 <- 0xFFFFFFFFFFFFFBFF

clint mtime 0x0000000000000175 (mip.MTI <- 0b1, mip.STI <- 0b0)
mem[X,0x0000000080000BA4] -> 0x1FB3
mem[X,0x0000000080000BA6] -> 0x29DF
[746] [M]: 0x0000000080000BA4 (0x29DF1FB3) bset x31, x30, x29                       inst_108+16
x31 <- 0xFFFFFFFFFFF7FFFF

mem[X,0x0000000080000BA8] -> 0xB823
mem[X,0x0000000080000BAA] -> 0x29F3
[747] [M]: 0x0000000080000BA8 (0x29F3B823) sd x31, 0x290(x7)                        inst_108+20
mem[W,0x0000000080005478] <- 0xFFFFFFFFFFF7FFFF

clint mtime 0x0000000000000176 (mip.MTI <- 0b1, mip.STI <- 0b0)
mem[X,0x0000000080000BAC] -> 0x0F13
mem[X,0x0000000080000BAE] -> 0x0010
[748] [M]: 0x0000000080000BAC (0x00100F13) addi x30, x0, 0x1                        inst_109+0
x30 <- 0x0000000000000001

mem[X,0x0000000080000BB0] -> 0x1F13
mem[X,0x0000000080000BB2] -> 0x012F
[749] [M]: 0x0000000080000BB0 (0x012F1F13) slli x30, x30, 0x12                      inst_109+4
x30 <- 0x0000000000040000

clint mtime 0x0000000000000177 (mip.MTI <- 0b1, mip.STI <- 0b0)
mem[X,0x0000000080000BB4] -> 0x4F13
mem[X,0x0000000080000BB6] -> 0xFFFF
[750] [M]: 0x0000000080000BB4 (0xFFFF4F13) xori x30, x30, -0x1                      inst_109+8
x30 <- 0xFFFFFFFFFFFBFFFF

mem[X,0x0000000080000BB8] -> 0x0E93
mem[X,0x0000000080000BBA] -> 0xBFF0
[751] [M]: 0x0000000080000BB8 (0xBFF00E93) addi x29, x0, -0x401                     inst_109+12
x29 <- 0xFFFFFFFFFFFFFBFF

clint mtime 0x0000000000000178 (mip.MTI <- 0b1, mip.STI <- 0b0)
mem[X,0x0000000080000BBC] -> 0x1FB3
mem[X,0x0000000080000BBE] -> 0x29DF
[752] [M]: 0x0000000080000BBC (0x29DF1FB3) bset x31, x30, x29                       inst_109+16
x31 <- 0xFFFFFFFFFFFBFFFF

mem[X,0x0000000080000BC0] -> 0xBC23
mem[X,0x0000000080000BC2] -> 0x29F3
[753] [M]: 0x0000000080000BC0 (0x29F3BC23) sd x31, 0x298(x7)                        inst_109+20
mem[W,0x0000000080005480] <- 0xFFFFFFFFFFFBFFFF

clint mtime 0x0000000000000179 (mip.MTI <- 0b1, mip.STI <- 0b0)
mem[X,0x0000000080000BC4] -> 0x0F13
mem[X,0x0000000080000BC6] -> 0x0010
[754] [M]: 0x0000000080000BC4 (0x00100F13) addi x30, x0, 0x1                        inst_110+0
x30 <- 0x0000000000000001

mem[X,0x0000000080000BC8] -> 0x1F13
mem[X,0x0000000080000BCA] -> 0x011F
[755] [M]: 0x0000000080000BC8 (0x011F1F13) slli x30, x30, 0x11                      inst_110+4
x30 <- 0x0000000000020000

clint mtime 0x000000000000017A (mip.MTI <- 0b1, mip.STI <- 0b0)
mem[X,0x0000000080000BCC] -> 0x4F13
mem[X,0x0000000080000BCE] -> 0xFFFF
[756] [M]: 0x0000000080000BCC (0xFFFF4F13) xori x30, x30, -0x1                      inst_110+8
x30 <- 0xFFFFFFFFFFFDFFFF

mem[X,0x0000000080000BD0] -> 0x0E93
mem[X,0x0000000080000BD2] -> 0xBFF0
[757] [M]: 0x0000000080000BD0 (0xBFF00E93) addi x29, x0, -0x401                     inst_110+12
x29 <- 0xFFFFFFFFFFFFFBFF

clint mtime 0x000000000000017B (mip.MTI <- 0b1, mip.STI <- 0b0)
mem[X,0x0000000080000BD4] -> 0x1FB3
mem[X,0x0000000080000BD6] -> 0x29DF
[758] [M]: 0x0000000080000BD4 (0x29DF1FB3) bset x31, x30, x29                       inst_110+16
x31 <- 0xFFFFFFFFFFFDFFFF

mem[X,0x0000000080000BD8] -> 0xB023
mem[X,0x0000000080000BDA] -> 0x2BF3
[759] [M]: 0x0000000080000BD8 (0x2BF3B023) sd x31, 0x2a0(x7)                        inst_110+20
mem[W,0x0000000080005488] <- 0xFFFFFFFFFFFDFFFF

clint mtime 0x000000000000017C (mip.MTI <- 0b1, mip.STI <- 0b0)
mem[X,0x0000000080000BDC] -> 0x0F13
mem[X,0x0000000080000BDE] -> 0x0010
[760] [M]: 0x0000000080000BDC (0x00100F13) addi x30, x0, 0x1                        inst_111+0
x30 <- 0x0000000000000001

mem[X,0x0000000080000BE0] -> 0x1F13
mem[X,0x0000000080000BE2] -> 0x010F
[761] [M]: 0x0000000080000BE0 (0x010F1F13) slli x30, x30, 0x10                      inst_111+4
x30 <- 0x0000000000010000

clint mtime 0x000000000000017D (mip.MTI <- 0b1, mip.STI <- 0b0)
mem[X,0x0000000080000BE4] -> 0x4F13
mem[X,0x0000000080000BE6] -> 0xFFFF
[762] [M]: 0x0000000080000BE4 (0xFFFF4F13) xori x30, x30, -0x1                      inst_111+8
x30 <- 0xFFFFFFFFFFFEFFFF

mem[X,0x0000000080000BE8] -> 0x0E93
mem[X,0x0000000080000BEA] -> 0xBFF0
[763] [M]: 0x0000000080000BE8 (0xBFF00E93) addi x29, x0, -0x401                     inst_111+12
x29 <- 0xFFFFFFFFFFFFFBFF

clint mtime 0x000000000000017E (mip.MTI <- 0b1, mip.STI <- 0b0)
mem[X,0x0000000080000BEC] -> 0x1FB3
mem[X,0x0000000080000BEE] -> 0x29DF
[764] [M]: 0x0000000080000BEC (0x29DF1FB3) bset x31, x30, x29                       inst_111+16
x31 <- 0xFFFFFFFFFFFEFFFF

mem[X,0x0000000080000BF0] -> 0xB423
mem[X,0x0000000080000BF2] -> 0x2BF3
[765] [M]: 0x0000000080000BF0 (0x2BF3B423) sd x31, 0x2a8(x7)                        inst_111+20
mem[W,0x0000000080005490] <- 0xFFFFFFFFFFFEFFFF

clint mtime 0x000000000000017F (mip.MTI <- 0b1, mip.STI <- 0b0)
mem[X,0x0000000080000BF4] -> 0x0F13
mem[X,0x0000000080000BF6] -> 0x0010
[766] [M]: 0x0000000080000BF4 (0x00100F13) addi x30, x0, 0x1                        inst_112+0
x30 <- 0x0000000000000001

mem[X,0x0000000080000BF8] -> 0x1F13
mem[X,0x0000000080000BFA] -> 0x00FF
[767] [M]: 0x0000000080000BF8 (0x00FF1F13) slli x30, x30, 0xf                       inst_112+4
x30 <- 0x0000000000008000

clint mtime 0x0000000000000180 (mip.MTI <- 0b1, mip.STI <- 0b0)
mem[X,0x0000000080000BFC] -> 0x4F13
mem[X,0x0000000080000BFE] -> 0xFFFF
[768] [M]: 0x0000000080000BFC (0xFFFF4F13) xori x30, x30, -0x1                      inst_112+8
x30 <- 0xFFFFFFFFFFFF7FFF

mem[X,0x0000000080000C00] -> 0x0E93
mem[X,0x0000000080000C02] -> 0xBFF0
[769] [M]: 0x0000000080000C00 (0xBFF00E93) addi x29, x0, -0x401                     inst_112+12
x29 <- 0xFFFFFFFFFFFFFBFF

clint mtime 0x0000000000000181 (mip.MTI <- 0b1, mip.STI <- 0b0)
mem[X,0x0000000080000C04] -> 0x1FB3
mem[X,0x0000000080000C06] -> 0x29DF
[770] [M]: 0x0000000080000C04 (0x29DF1FB3) bset x31, x30, x29                       inst_112+16
x31 <- 0xFFFFFFFFFFFF7FFF

mem[X,0x0000000080000C08] -> 0xB823
mem[X,0x0000000080000C0A] -> 0x2BF3
[771] [M]: 0x0000000080000C08 (0x2BF3B823) sd x31, 0x2b0(x7)                        inst_112+20
mem[W,0x0000000080005498] <- 0xFFFFFFFFFFFF7FFF

clint mtime 0x0000000000000182 (mip.MTI <- 0b1, mip.STI <- 0b0)
mem[X,0x0000000080000C0C] -> 0x0F13
mem[X,0x0000000080000C0E] -> 0x0010
[772] [M]: 0x0000000080000C0C (0x00100F13) addi x30, x0, 0x1                        inst_113+0
x30 <- 0x0000000000000001

mem[X,0x0000000080000C10] -> 0x1F13
mem[X,0x0000000080000C12] -> 0x00EF
[773] [M]: 0x0000000080000C10 (0x00EF1F13) slli x30, x30, 0xe                       inst_113+4
x30 <- 0x0000000000004000

clint mtime 0x0000000000000183 (mip.MTI <- 0b1, mip.STI <- 0b0)
mem[X,0x0000000080000C14] -> 0x4F13
mem[X,0x0000000080000C16] -> 0xFFFF
[774] [M]: 0x0000000080000C14 (0xFFFF4F13) xori x30, x30, -0x1                      inst_113+8
x30 <- 0xFFFFFFFFFFFFBFFF

mem[X,0x0000000080000C18] -> 0x0E93
mem[X,0x0000000080000C1A] -> 0xBFF0
[775] [M]: 0x0000000080000C18 (0xBFF00E93) addi x29, x0, -0x401                     inst_113+12
x29 <- 0xFFFFFFFFFFFFFBFF

clint mtime 0x0000000000000184 (mip.MTI <- 0b1, mip.STI <- 0b0)
mem[X,0x0000000080000C1C] -> 0x1FB3
mem[X,0x0000000080000C1E] -> 0x29DF
[776] [M]: 0x0000000080000C1C (0x29DF1FB3) bset x31, x30, x29                       inst_113+16
x31 <- 0xFFFFFFFFFFFFBFFF

mem[X,0x0000000080000C20] -> 0xBC23
mem[X,0x0000000080000C22] -> 0x2BF3
[777] [M]: 0x0000000080000C20 (0x2BF3BC23) sd x31, 0x2b8(x7)                        inst_113+20
mem[W,0x00000000800054A0] <- 0xFFFFFFFFFFFFBFFF

clint mtime 0x0000000000000185 (mip.MTI <- 0b1, mip.STI <- 0b0)
mem[X,0x0000000080000C24] -> 0x0F13
mem[X,0x0000000080000C26] -> 0x0010
[778] [M]: 0x0000000080000C24 (0x00100F13) addi x30, x0, 0x1                        inst_114+0
x30 <- 0x0000000000000001

mem[X,0x0000000080000C28] -> 0x1F13
mem[X,0x0000000080000C2A] -> 0x00DF
[779] [M]: 0x0000000080000C28 (0x00DF1F13) slli x30, x30, 0xd                       inst_114+4
x30 <- 0x0000000000002000

clint mtime 0x0000000000000186 (mip.MTI <- 0b1, mip.STI <- 0b0)
mem[X,0x0000000080000C2C] -> 0x4F13
mem[X,0x0000000080000C2E] -> 0xFFFF
[780] [M]: 0x0000000080000C2C (0xFFFF4F13) xori x30, x30, -0x1                      inst_114+8
x30 <- 0xFFFFFFFFFFFFDFFF

mem[X,0x0000000080000C30] -> 0x0E93
mem[X,0x0000000080000C32] -> 0xBFF0
[781] [M]: 0x0000000080000C30 (0xBFF00E93) addi x29, x0, -0x401                     inst_114+12
x29 <- 0xFFFFFFFFFFFFFBFF

clint mtime 0x0000000000000187 (mip.MTI <- 0b1, mip.STI <- 0b0)
mem[X,0x0000000080000C34] -> 0x1FB3
mem[X,0x0000000080000C36] -> 0x29DF
[782] [M]: 0x0000000080000C34 (0x29DF1FB3) bset x31, x30, x29                       inst_114+16
x31 <- 0xFFFFFFFFFFFFDFFF

mem[X,0x0000000080000C38] -> 0xB023
mem[X,0x0000000080000C3A] -> 0x2DF3
[783] [M]: 0x0000000080000C38 (0x2DF3B023) sd x31, 0x2c0(x7)                        inst_114+20
mem[W,0x00000000800054A8] <- 0xFFFFFFFFFFFFDFFF

clint mtime 0x0000000000000188 (mip.MTI <- 0b1, mip.STI <- 0b0)
mem[X,0x0000000080000C3C] -> 0x0F13
mem[X,0x0000000080000C3E] -> 0x0010
[784] [M]: 0x0000000080000C3C (0x00100F13) addi x30, x0, 0x1                        inst_115+0
x30 <- 0x0000000000000001

mem[X,0x0000000080000C40] -> 0x1F13
mem[X,0x0000000080000C42] -> 0x00CF
[785] [M]: 0x0000000080000C40 (0x00CF1F13) slli x30, x30, 0xc                       inst_115+4
x30 <- 0x0000000000001000

clint mtime 0x0000000000000189 (mip.MTI <- 0b1, mip.STI <- 0b0)
mem[X,0x0000000080000C44] -> 0x4F13
mem[X,0x0000000080000C46] -> 0xFFFF
[786] [M]: 0x0000000080000C44 (0xFFFF4F13) xori x30, x30, -0x1                      inst_115+8
x30 <- 0xFFFFFFFFFFFFEFFF

mem[X,0x0000000080000C48] -> 0x0E93
mem[X,0x0000000080000C4A] -> 0xBFF0
[787] [M]: 0x0000000080000C48 (0xBFF00E93) addi x29, x0, -0x401                     inst_115+12
x29 <- 0xFFFFFFFFFFFFFBFF

clint mtime 0x000000000000018A (mip.MTI <- 0b1, mip.STI <- 0b0)
mem[X,0x0000000080000C4C] -> 0x1FB3
mem[X,0x0000000080000C4E] -> 0x29DF
[788] [M]: 0x0000000080000C4C (0x29DF1FB3) bset x31, x30, x29                       inst_115+16
x31 <- 0xFFFFFFFFFFFFEFFF

mem[X,0x0000000080000C50] -> 0xB423
mem[X,0x0000000080000C52] -> 0x2DF3
[789] [M]: 0x0000000080000C50 (0x2DF3B423) sd x31, 0x2c8(x7)                        inst_115+20
mem[W,0x00000000800054B0] <- 0xFFFFFFFFFFFFEFFF

clint mtime 0x000000000000018B (mip.MTI <- 0b1, mip.STI <- 0b0)
mem[X,0x0000000080000C54] -> 0x0F13
mem[X,0x0000000080000C56] -> 0x0010
[790] [M]: 0x0000000080000C54 (0x00100F13) addi x30, x0, 0x1                        inst_116+0
x30 <- 0x0000000000000001

mem[X,0x0000000080000C58] -> 0x1F13
mem[X,0x0000000080000C5A] -> 0x00BF
[791] [M]: 0x0000000080000C58 (0x00BF1F13) slli x30, x30, 0xb                       inst_116+4
x30 <- 0x0000000000000800

clint mtime 0x000000000000018C (mip.MTI <- 0b1, mip.STI <- 0b0)
mem[X,0x0000000080000C5C] -> 0x4F13
mem[X,0x0000000080000C5E] -> 0xFFFF
[792] [M]: 0x0000000080000C5C (0xFFFF4F13) xori x30, x30, -0x1                      inst_116+8
x30 <- 0xFFFFFFFFFFFFF7FF

mem[X,0x0000000080000C60] -> 0x0E93
mem[X,0x0000000080000C62] -> 0xBFF0
[793] [M]: 0x0000000080000C60 (0xBFF00E93) addi x29, x0, -0x401                     inst_116+12
x29 <- 0xFFFFFFFFFFFFFBFF

clint mtime 0x000000000000018D (mip.MTI <- 0b1, mip.STI <- 0b0)
mem[X,0x0000000080000C64] -> 0x1FB3
mem[X,0x0000000080000C66] -> 0x29DF
[794] [M]: 0x0000000080000C64 (0x29DF1FB3) bset x31, x30, x29                       inst_116+16
x31 <- 0xFFFFFFFFFFFFF7FF

mem[X,0x0000000080000C68] -> 0xB823
mem[X,0x0000000080000C6A] -> 0x2DF3
[795] [M]: 0x0000000080000C68 (0x2DF3B823) sd x31, 0x2d0(x7)                        inst_116+20
mem[W,0x00000000800054B8] <- 0xFFFFFFFFFFFFF7FF

clint mtime 0x000000000000018E (mip.MTI <- 0b1, mip.STI <- 0b0)
mem[X,0x0000000080000C6C] -> 0x0F13
mem[X,0x0000000080000C6E] -> 0xDFF0
[796] [M]: 0x0000000080000C6C (0xDFF00F13) addi x30, x0, -0x201                     inst_117+0
x30 <- 0xFFFFFFFFFFFFFDFF

mem[X,0x0000000080000C70] -> 0x0E93
mem[X,0x0000000080000C72] -> 0xBFF0
[797] [M]: 0x0000000080000C70 (0xBFF00E93) addi x29, x0, -0x401                     inst_117+4
x29 <- 0xFFFFFFFFFFFFFBFF

clint mtime 0x000000000000018F (mip.MTI <- 0b1, mip.STI <- 0b0)
mem[X,0x0000000080000C74] -> 0x1FB3
mem[X,0x0000000080000C76] -> 0x29DF
[798] [M]: 0x0000000080000C74 (0x29DF1FB3) bset x31, x30, x29                       inst_117+8
x31 <- 0xFFFFFFFFFFFFFDFF

mem[X,0x0000000080000C78] -> 0xBC23
mem[X,0x0000000080000C7A] -> 0x2DF3
[799] [M]: 0x0000000080000C78 (0x2DF3BC23) sd x31, 0x2d8(x7)                        inst_117+12
mem[W,0x00000000800054C0] <- 0xFFFFFFFFFFFFFDFF

clint mtime 0x0000000000000190 (mip.MTI <- 0b1, mip.STI <- 0b0)
mem[X,0x0000000080000C7C] -> 0x0F13
mem[X,0x0000000080000C7E] -> 0xEFF0
[800] [M]: 0x0000000080000C7C (0xEFF00F13) addi x30, x0, -0x101                     inst_118+0
x30 <- 0xFFFFFFFFFFFFFEFF

mem[X,0x0000000080000C80] -> 0x0E93
mem[X,0x0000000080000C82] -> 0xBFF0
[801] [M]: 0x0000000080000C80 (0xBFF00E93) addi x29, x0, -0x401                     inst_118+4
x29 <- 0xFFFFFFFFFFFFFBFF

clint mtime 0x0000000000000191 (mip.MTI <- 0b1, mip.STI <- 0b0)
mem[X,0x0000000080000C84] -> 0x1FB3
mem[X,0x0000000080000C86] -> 0x29DF
[802] [M]: 0x0000000080000C84 (0x29DF1FB3) bset x31, x30, x29                       inst_118+8
x31 <- 0xFFFFFFFFFFFFFEFF

mem[X,0x0000000080000C88] -> 0xB023
mem[X,0x0000000080000C8A] -> 0x2FF3
[803] [M]: 0x0000000080000C88 (0x2FF3B023) sd x31, 0x2e0(x7)                        inst_118+12
mem[W,0x00000000800054C8] <- 0xFFFFFFFFFFFFFEFF

clint mtime 0x0000000000000192 (mip.MTI <- 0b1, mip.STI <- 0b0)
mem[X,0x0000000080000C8C] -> 0x0F13
mem[X,0x0000000080000C8E] -> 0xF7F0
[804] [M]: 0x0000000080000C8C (0xF7F00F13) addi x30, x0, -0x81                      inst_119+0
x30 <- 0xFFFFFFFFFFFFFF7F

mem[X,0x0000000080000C90] -> 0x0E93
mem[X,0x0000000080000C92] -> 0xBFF0
[805] [M]: 0x0000000080000C90 (0xBFF00E93) addi x29, x0, -0x401                     inst_119+4
x29 <- 0xFFFFFFFFFFFFFBFF

clint mtime 0x0000000000000193 (mip.MTI <- 0b1, mip.STI <- 0b0)
mem[X,0x0000000080000C94] -> 0x1FB3
mem[X,0x0000000080000C96] -> 0x29DF
[806] [M]: 0x0000000080000C94 (0x29DF1FB3) bset x31, x30, x29                       inst_119+8
x31 <- 0xFFFFFFFFFFFFFF7F

mem[X,0x0000000080000C98] -> 0xB423
mem[X,0x0000000080000C9A] -> 0x2FF3
[807] [M]: 0x0000000080000C98 (0x2FF3B423) sd x31, 0x2e8(x7)                        inst_119+12
mem[W,0x00000000800054D0] <- 0xFFFFFFFFFFFFFF7F

clint mtime 0x0000000000000194 (mip.MTI <- 0b1, mip.STI <- 0b0)
mem[X,0x0000000080000C9C] -> 0x0F13
mem[X,0x0000000080000C9E] -> 0xFBF0
[808] [M]: 0x0000000080000C9C (0xFBF00F13) addi x30, x0, -0x41                      inst_120+0
x30 <- 0xFFFFFFFFFFFFFFBF

mem[X,0x0000000080000CA0] -> 0x0E93
mem[X,0x0000000080000CA2] -> 0xBFF0
[809] [M]: 0x0000000080000CA0 (0xBFF00E93) addi x29, x0, -0x401                     inst_120+4
x29 <- 0xFFFFFFFFFFFFFBFF

clint mtime 0x0000000000000195 (mip.MTI <- 0b1, mip.STI <- 0b0)
mem[X,0x0000000080000CA4] -> 0x1FB3
mem[X,0x0000000080000CA6] -> 0x29DF
[810] [M]: 0x0000000080000CA4 (0x29DF1FB3) bset x31, x30, x29                       inst_120+8
x31 <- 0xFFFFFFFFFFFFFFBF

mem[X,0x0000000080000CA8] -> 0xB823
mem[X,0x0000000080000CAA] -> 0x2FF3
[811] [M]: 0x0000000080000CA8 (0x2FF3B823) sd x31, 0x2f0(x7)                        inst_120+12
mem[W,0x00000000800054D8] <- 0xFFFFFFFFFFFFFFBF

clint mtime 0x0000000000000196 (mip.MTI <- 0b1, mip.STI <- 0b0)
mem[X,0x0000000080000CAC] -> 0x0F13
mem[X,0x0000000080000CAE] -> 0xFDF0
[812] [M]: 0x0000000080000CAC (0xFDF00F13) addi x30, x0, -0x21                      inst_121+0
x30 <- 0xFFFFFFFFFFFFFFDF

mem[X,0x0000000080000CB0] -> 0x0E93
mem[X,0x0000000080000CB2] -> 0xBFF0
[813] [M]: 0x0000000080000CB0 (0xBFF00E93) addi x29, x0, -0x401                     inst_121+4
x29 <- 0xFFFFFFFFFFFFFBFF

clint mtime 0x0000000000000197 (mip.MTI <- 0b1, mip.STI <- 0b0)
mem[X,0x0000000080000CB4] -> 0x1FB3
mem[X,0x0000000080000CB6] -> 0x29DF
[814] [M]: 0x0000000080000CB4 (0x29DF1FB3) bset x31, x30, x29                       inst_121+8
x31 <- 0xFFFFFFFFFFFFFFDF

mem[X,0x0000000080000CB8] -> 0xBC23
mem[X,0x0000000080000CBA] -> 0x2FF3
[815] [M]: 0x0000000080000CB8 (0x2FF3BC23) sd x31, 0x2f8(x7)                        inst_121+12
mem[W,0x00000000800054E0] <- 0xFFFFFFFFFFFFFFDF

clint mtime 0x0000000000000198 (mip.MTI <- 0b1, mip.STI <- 0b0)
mem[X,0x0000000080000CBC] -> 0x0F13
mem[X,0x0000000080000CBE] -> 0xFEF0
[816] [M]: 0x0000000080000CBC (0xFEF00F13) addi x30, x0, -0x11                      inst_122+0
x30 <- 0xFFFFFFFFFFFFFFEF

mem[X,0x0000000080000CC0] -> 0x0E93
mem[X,0x0000000080000CC2] -> 0xBFF0
[817] [M]: 0x0000000080000CC0 (0xBFF00E93) addi x29, x0, -0x401                     inst_122+4
x29 <- 0xFFFFFFFFFFFFFBFF

clint mtime 0x0000000000000199 (mip.MTI <- 0b1, mip.STI <- 0b0)
mem[X,0x0000000080000CC4] -> 0x1FB3
mem[X,0x0000000080000CC6] -> 0x29DF
[818] [M]: 0x0000000080000CC4 (0x29DF1FB3) bset x31, x30, x29                       inst_122+8
x31 <- 0xFFFFFFFFFFFFFFEF

mem[X,0x0000000080000CC8] -> 0xB023
mem[X,0x0000000080000CCA] -> 0x31F3
[819] [M]: 0x0000000080000CC8 (0x31F3B023) sd x31, 0x300(x7)                        inst_122+12
mem[W,0x00000000800054E8] <- 0xFFFFFFFFFFFFFFEF

clint mtime 0x000000000000019A (mip.MTI <- 0b1, mip.STI <- 0b0)
mem[X,0x0000000080000CCC] -> 0x0F13
mem[X,0x0000000080000CCE] -> 0xFF70
[820] [M]: 0x0000000080000CCC (0xFF700F13) addi x30, x0, -0x9                       inst_123+0
x30 <- 0xFFFFFFFFFFFFFFF7

mem[X,0x0000000080000CD0] -> 0x0E93
mem[X,0x0000000080000CD2] -> 0xBFF0
[821] [M]: 0x0000000080000CD0 (0xBFF00E93) addi x29, x0, -0x401                     inst_123+4
x29 <- 0xFFFFFFFFFFFFFBFF

clint mtime 0x000000000000019B (mip.MTI <- 0b1, mip.STI <- 0b0)
mem[X,0x0000000080000CD4] -> 0x1FB3
mem[X,0x0000000080000CD6] -> 0x29DF
[822] [M]: 0x0000000080000CD4 (0x29DF1FB3) bset x31, x30, x29                       inst_123+8
x31 <- 0xFFFFFFFFFFFFFFF7

mem[X,0x0000000080000CD8] -> 0xB423
mem[X,0x0000000080000CDA] -> 0x31F3
[823] [M]: 0x0000000080000CD8 (0x31F3B423) sd x31, 0x308(x7)                        inst_123+12
mem[W,0x00000000800054F0] <- 0xFFFFFFFFFFFFFFF7

clint mtime 0x000000000000019C (mip.MTI <- 0b1, mip.STI <- 0b0)
mem[X,0x0000000080000CDC] -> 0x0F13
mem[X,0x0000000080000CDE] -> 0xFFB0
[824] [M]: 0x0000000080000CDC (0xFFB00F13) addi x30, x0, -0x5                       inst_124+0
x30 <- 0xFFFFFFFFFFFFFFFB

mem[X,0x0000000080000CE0] -> 0x0E93
mem[X,0x0000000080000CE2] -> 0xBFF0
[825] [M]: 0x0000000080000CE0 (0xBFF00E93) addi x29, x0, -0x401                     inst_124+4
x29 <- 0xFFFFFFFFFFFFFBFF

clint mtime 0x000000000000019D (mip.MTI <- 0b1, mip.STI <- 0b0)
mem[X,0x0000000080000CE4] -> 0x1FB3
mem[X,0x0000000080000CE6] -> 0x29DF
[826] [M]: 0x0000000080000CE4 (0x29DF1FB3) bset x31, x30, x29                       inst_124+8
x31 <- 0xFFFFFFFFFFFFFFFB

mem[X,0x0000000080000CE8] -> 0xB823
mem[X,0x0000000080000CEA] -> 0x31F3
[827] [M]: 0x0000000080000CE8 (0x31F3B823) sd x31, 0x310(x7)                        inst_124+12
mem[W,0x00000000800054F8] <- 0xFFFFFFFFFFFFFFFB

clint mtime 0x000000000000019E (mip.MTI <- 0b1, mip.STI <- 0b0)
mem[X,0x0000000080000CEC] -> 0x0F13
mem[X,0x0000000080000CEE] -> 0xFFD0
[828] [M]: 0x0000000080000CEC (0xFFD00F13) addi x30, x0, -0x3                       inst_125+0
x30 <- 0xFFFFFFFFFFFFFFFD

mem[X,0x0000000080000CF0] -> 0x0E93
mem[X,0x0000000080000CF2] -> 0xBFF0
[829] [M]: 0x0000000080000CF0 (0xBFF00E93) addi x29, x0, -0x401                     inst_125+4
x29 <- 0xFFFFFFFFFFFFFBFF

clint mtime 0x000000000000019F (mip.MTI <- 0b1, mip.STI <- 0b0)
mem[X,0x0000000080000CF4] -> 0x1FB3
mem[X,0x0000000080000CF6] -> 0x29DF
[830] [M]: 0x0000000080000CF4 (0x29DF1FB3) bset x31, x30, x29                       inst_125+8
x31 <- 0xFFFFFFFFFFFFFFFD

mem[X,0x0000000080000CF8] -> 0xBC23
mem[X,0x0000000080000CFA] -> 0x31F3
[831] [M]: 0x0000000080000CF8 (0x31F3BC23) sd x31, 0x318(x7)                        inst_125+12
mem[W,0x0000000080005500] <- 0xFFFFFFFFFFFFFFFD

clint mtime 0x00000000000001A0 (mip.MTI <- 0b1, mip.STI <- 0b0)
mem[X,0x0000000080000CFC] -> 0x0F13
mem[X,0x0000000080000CFE] -> 0xFFE0
[832] [M]: 0x0000000080000CFC (0xFFE00F13) addi x30, x0, -0x2                       inst_126+0
x30 <- 0xFFFFFFFFFFFFFFFE

mem[X,0x0000000080000D00] -> 0x0E93
mem[X,0x0000000080000D02] -> 0xBFF0
[833] [M]: 0x0000000080000D00 (0xBFF00E93) addi x29, x0, -0x401                     inst_126+4
x29 <- 0xFFFFFFFFFFFFFBFF

clint mtime 0x00000000000001A1 (mip.MTI <- 0b1, mip.STI <- 0b0)
mem[X,0x0000000080000D04] -> 0x1FB3
mem[X,0x0000000080000D06] -> 0x29DF
[834] [M]: 0x0000000080000D04 (0x29DF1FB3) bset x31, x30, x29                       inst_126+8
x31 <- 0xFFFFFFFFFFFFFFFE

mem[X,0x0000000080000D08] -> 0xB023
mem[X,0x0000000080000D0A] -> 0x33F3
[835] [M]: 0x0000000080000D08 (0x33F3B023) sd x31, 0x320(x7)                        inst_126+12
mem[W,0x0000000080005508] <- 0xFFFFFFFFFFFFFFFE

clint mtime 0x00000000000001A2 (mip.MTI <- 0b1, mip.STI <- 0b0)
mem[X,0x0000000080000D0C] -> 0x0F13
mem[X,0x0000000080000D0E] -> 0xBFF0
[836] [M]: 0x0000000080000D0C (0xBFF00F13) addi x30, x0, -0x401                     inst_127+0
x30 <- 0xFFFFFFFFFFFFFBFF

mem[X,0x0000000080000D10] -> 0x0E93
mem[X,0x0000000080000D12] -> 0xFFF0
[837] [M]: 0x0000000080000D10 (0xFFF00E93) addi x29, x0, -0x1                       inst_127+4
x29 <- 0xFFFFFFFFFFFFFFFF

clint mtime 0x00000000000001A3 (mip.MTI <- 0b1, mip.STI <- 0b0)
mem[X,0x0000000080000D14] -> 0x9E93
mem[X,0x0000000080000D16] -> 0x03FE
[838] [M]: 0x0000000080000D14 (0x03FE9E93) slli x29, x29, 0x3f                      inst_127+8
x29 <- 0x8000000000000000

mem[X,0x0000000080000D18] -> 0x1FB3
mem[X,0x0000000080000D1A] -> 0x29DF
[839] [M]: 0x0000000080000D18 (0x29DF1FB3) bset x31, x30, x29                       inst_127+12
x31 <- 0xFFFFFFFFFFFFFBFF

clint mtime 0x00000000000001A4 (mip.MTI <- 0b1, mip.STI <- 0b0)
mem[X,0x0000000080000D1C] -> 0xB423
mem[X,0x0000000080000D1E] -> 0x33F3
[840] [M]: 0x0000000080000D1C (0x33F3B423) sd x31, 0x328(x7)                        inst_127+16
mem[W,0x0000000080005510] <- 0xFFFFFFFFFFFFFBFF

mem[X,0x0000000080000D20] -> 0x0F13
mem[X,0x0000000080000D22] -> 0xBFF0
[841] [M]: 0x0000000080000D20 (0xBFF00F13) addi x30, x0, -0x401                     inst_128+0
x30 <- 0xFFFFFFFFFFFFFBFF

clint mtime 0x00000000000001A5 (mip.MTI <- 0b1, mip.STI <- 0b0)
mem[X,0x0000000080000D24] -> 0x0E93
mem[X,0x0000000080000D26] -> 0x0010
[842] [M]: 0x0000000080000D24 (0x00100E93) addi x29, x0, 0x1                        inst_128+4
x29 <- 0x0000000000000001

mem[X,0x0000000080000D28] -> 0x9E93
mem[X,0x0000000080000D2A] -> 0x03EE
[843] [M]: 0x0000000080000D28 (0x03EE9E93) slli x29, x29, 0x3e                      inst_128+8
x29 <- 0x4000000000000000

clint mtime 0x00000000000001A6 (mip.MTI <- 0b1, mip.STI <- 0b0)
mem[X,0x0000000080000D2C] -> 0x1FB3
mem[X,0x0000000080000D2E] -> 0x29DF
[844] [M]: 0x0000000080000D2C (0x29DF1FB3) bset x31, x30, x29                       inst_128+12
x31 <- 0xFFFFFFFFFFFFFBFF

mem[X,0x0000000080000D30] -> 0xB823
mem[X,0x0000000080000D32] -> 0x33F3
[845] [M]: 0x0000000080000D30 (0x33F3B823) sd x31, 0x330(x7)                        inst_128+16
mem[W,0x0000000080005518] <- 0xFFFFFFFFFFFFFBFF

clint mtime 0x00000000000001A7 (mip.MTI <- 0b1, mip.STI <- 0b0)
mem[X,0x0000000080000D34] -> 0x0F13
mem[X,0x0000000080000D36] -> 0xBFF0
[846] [M]: 0x0000000080000D34 (0xBFF00F13) addi x30, x0, -0x401                     inst_129+0
x30 <- 0xFFFFFFFFFFFFFBFF

mem[X,0x0000000080000D38] -> 0x0E93
mem[X,0x0000000080000D3A] -> 0x0010
[847] [M]: 0x0000000080000D38 (0x00100E93) addi x29, x0, 0x1                        inst_129+4
x29 <- 0x0000000000000001

clint mtime 0x00000000000001A8 (mip.MTI <- 0b1, mip.STI <- 0b0)
mem[X,0x0000000080000D3C] -> 0x9E93
mem[X,0x0000000080000D3E] -> 0x03DE
[848] [M]: 0x0000000080000D3C (0x03DE9E93) slli x29, x29, 0x3d                      inst_129+8
x29 <- 0x2000000000000000

mem[X,0x0000000080000D40] -> 0x1FB3
mem[X,0x0000000080000D42] -> 0x29DF
[849] [M]: 0x0000000080000D40 (0x29DF1FB3) bset x31, x30, x29                       inst_129+12
x31 <- 0xFFFFFFFFFFFFFBFF

clint mtime 0x00000000000001A9 (mip.MTI <- 0b1, mip.STI <- 0b0)
mem[X,0x0000000080000D44] -> 0xBC23
mem[X,0x0000000080000D46] -> 0x33F3
[850] [M]: 0x0000000080000D44 (0x33F3BC23) sd x31, 0x338(x7)                        inst_129+16
mem[W,0x0000000080005520] <- 0xFFFFFFFFFFFFFBFF

mem[X,0x0000000080000D48] -> 0x0F13
mem[X,0x0000000080000D4A] -> 0xBFF0
[851] [M]: 0x0000000080000D48 (0xBFF00F13) addi x30, x0, -0x401                     inst_130+0
x30 <- 0xFFFFFFFFFFFFFBFF

clint mtime 0x00000000000001AA (mip.MTI <- 0b1, mip.STI <- 0b0)
mem[X,0x0000000080000D4C] -> 0x0E93
mem[X,0x0000000080000D4E] -> 0x0010
[852] [M]: 0x0000000080000D4C (0x00100E93) addi x29, x0, 0x1                        inst_130+4
x29 <- 0x0000000000000001

mem[X,0x0000000080000D50] -> 0x9E93
mem[X,0x0000000080000D52] -> 0x03CE
[853] [M]: 0x0000000080000D50 (0x03CE9E93) slli x29, x29, 0x3c                      inst_130+8
x29 <- 0x1000000000000000

clint mtime 0x00000000000001AB (mip.MTI <- 0b1, mip.STI <- 0b0)
mem[X,0x0000000080000D54] -> 0x1FB3
mem[X,0x0000000080000D56] -> 0x29DF
[854] [M]: 0x0000000080000D54 (0x29DF1FB3) bset x31, x30, x29                       inst_130+12
x31 <- 0xFFFFFFFFFFFFFBFF

mem[X,0x0000000080000D58] -> 0xB023
mem[X,0x0000000080000D5A] -> 0x35F3
[855] [M]: 0x0000000080000D58 (0x35F3B023) sd x31, 0x340(x7)                        inst_130+16
mem[W,0x0000000080005528] <- 0xFFFFFFFFFFFFFBFF

clint mtime 0x00000000000001AC (mip.MTI <- 0b1, mip.STI <- 0b0)
mem[X,0x0000000080000D5C] -> 0x0F13
mem[X,0x0000000080000D5E] -> 0xBFF0
[856] [M]: 0x0000000080000D5C (0xBFF00F13) addi x30, x0, -0x401                     inst_131+0
x30 <- 0xFFFFFFFFFFFFFBFF

mem[X,0x0000000080000D60] -> 0x0E93
mem[X,0x0000000080000D62] -> 0x0010
[857] [M]: 0x0000000080000D60 (0x00100E93) addi x29, x0, 0x1                        inst_131+4
x29 <- 0x0000000000000001

clint mtime 0x00000000000001AD (mip.MTI <- 0b1, mip.STI <- 0b0)
mem[X,0x0000000080000D64] -> 0x9E93
mem[X,0x0000000080000D66] -> 0x03BE
[858] [M]: 0x0000000080000D64 (0x03BE9E93) slli x29, x29, 0x3b                      inst_131+8
x29 <- 0x0800000000000000

mem[X,0x0000000080000D68] -> 0x1FB3
mem[X,0x0000000080000D6A] -> 0x29DF
[859] [M]: 0x0000000080000D68 (0x29DF1FB3) bset x31, x30, x29                       inst_131+12
x31 <- 0xFFFFFFFFFFFFFBFF

clint mtime 0x00000000000001AE (mip.MTI <- 0b1, mip.STI <- 0b0)
mem[X,0x0000000080000D6C] -> 0xB423
mem[X,0x0000000080000D6E] -> 0x35F3
[860] [M]: 0x0000000080000D6C (0x35F3B423) sd x31, 0x348(x7)                        inst_131+16
mem[W,0x0000000080005530] <- 0xFFFFFFFFFFFFFBFF

mem[X,0x0000000080000D70] -> 0x0F13
mem[X,0x0000000080000D72] -> 0xBFF0
[861] [M]: 0x0000000080000D70 (0xBFF00F13) addi x30, x0, -0x401                     inst_132+0
x30 <- 0xFFFFFFFFFFFFFBFF

clint mtime 0x00000000000001AF (mip.MTI <- 0b1, mip.STI <- 0b0)
mem[X,0x0000000080000D74] -> 0x0E93
mem[X,0x0000000080000D76] -> 0x0010
[862] [M]: 0x0000000080000D74 (0x00100E93) addi x29, x0, 0x1                        inst_132+4
x29 <- 0x0000000000000001

mem[X,0x0000000080000D78] -> 0x9E93
mem[X,0x0000000080000D7A] -> 0x03AE
[863] [M]: 0x0000000080000D78 (0x03AE9E93) slli x29, x29, 0x3a                      inst_132+8
x29 <- 0x0400000000000000

clint mtime 0x00000000000001B0 (mip.MTI <- 0b1, mip.STI <- 0b0)
mem[X,0x0000000080000D7C] -> 0x1FB3
mem[X,0x0000000080000D7E] -> 0x29DF
[864] [M]: 0x0000000080000D7C (0x29DF1FB3) bset x31, x30, x29                       inst_132+12
x31 <- 0xFFFFFFFFFFFFFBFF

mem[X,0x0000000080000D80] -> 0xB823
mem[X,0x0000000080000D82] -> 0x35F3
[865] [M]: 0x0000000080000D80 (0x35F3B823) sd x31, 0x350(x7)                        inst_132+16
mem[W,0x0000000080005538] <- 0xFFFFFFFFFFFFFBFF

clint mtime 0x00000000000001B1 (mip.MTI <- 0b1, mip.STI <- 0b0)
mem[X,0x0000000080000D84] -> 0x0F13
mem[X,0x0000000080000D86] -> 0xBFF0
[866] [M]: 0x0000000080000D84 (0xBFF00F13) addi x30, x0, -0x401                     inst_133+0
x30 <- 0xFFFFFFFFFFFFFBFF

mem[X,0x0000000080000D88] -> 0x0E93
mem[X,0x0000000080000D8A] -> 0x0010
[867] [M]: 0x0000000080000D88 (0x00100E93) addi x29, x0, 0x1                        inst_133+4
x29 <- 0x0000000000000001

clint mtime 0x00000000000001B2 (mip.MTI <- 0b1, mip.STI <- 0b0)
mem[X,0x0000000080000D8C] -> 0x9E93
mem[X,0x0000000080000D8E] -> 0x039E
[868] [M]: 0x0000000080000D8C (0x039E9E93) slli x29, x29, 0x39                      inst_133+8
x29 <- 0x0200000000000000

mem[X,0x0000000080000D90] -> 0x1FB3
mem[X,0x0000000080000D92] -> 0x29DF
[869] [M]: 0x0000000080000D90 (0x29DF1FB3) bset x31, x30, x29                       inst_133+12
x31 <- 0xFFFFFFFFFFFFFBFF

clint mtime 0x00000000000001B3 (mip.MTI <- 0b1, mip.STI <- 0b0)
mem[X,0x0000000080000D94] -> 0xBC23
mem[X,0x0000000080000D96] -> 0x35F3
[870] [M]: 0x0000000080000D94 (0x35F3BC23) sd x31, 0x358(x7)                        inst_133+16
mem[W,0x0000000080005540] <- 0xFFFFFFFFFFFFFBFF

mem[X,0x0000000080000D98] -> 0x0F13
mem[X,0x0000000080000D9A] -> 0xBFF0
[871] [M]: 0x0000000080000D98 (0xBFF00F13) addi x30, x0, -0x401                     inst_134+0
x30 <- 0xFFFFFFFFFFFFFBFF

clint mtime 0x00000000000001B4 (mip.MTI <- 0b1, mip.STI <- 0b0)
mem[X,0x0000000080000D9C] -> 0x0E93
mem[X,0x0000000080000D9E] -> 0x0010
[872] [M]: 0x0000000080000D9C (0x00100E93) addi x29, x0, 0x1                        inst_134+4
x29 <- 0x0000000000000001

mem[X,0x0000000080000DA0] -> 0x9E93
mem[X,0x0000000080000DA2] -> 0x038E
[873] [M]: 0x0000000080000DA0 (0x038E9E93) slli x29, x29, 0x38                      inst_134+8
x29 <- 0x0100000000000000

clint mtime 0x00000000000001B5 (mip.MTI <- 0b1, mip.STI <- 0b0)
mem[X,0x0000000080000DA4] -> 0x1FB3
mem[X,0x0000000080000DA6] -> 0x29DF
[874] [M]: 0x0000000080000DA4 (0x29DF1FB3) bset x31, x30, x29                       inst_134+12
x31 <- 0xFFFFFFFFFFFFFBFF

mem[X,0x0000000080000DA8] -> 0xB023
mem[X,0x0000000080000DAA] -> 0x37F3
[875] [M]: 0x0000000080000DA8 (0x37F3B023) sd x31, 0x360(x7)                        inst_134+16
mem[W,0x0000000080005548] <- 0xFFFFFFFFFFFFFBFF

clint mtime 0x00000000000001B6 (mip.MTI <- 0b1, mip.STI <- 0b0)
mem[X,0x0000000080000DAC] -> 0x0F13
mem[X,0x0000000080000DAE] -> 0xBFF0
[876] [M]: 0x0000000080000DAC (0xBFF00F13) addi x30, x0, -0x401                     inst_135+0
x30 <- 0xFFFFFFFFFFFFFBFF

mem[X,0x0000000080000DB0] -> 0x0E93
mem[X,0x0000000080000DB2] -> 0x0010
[877] [M]: 0x0000000080000DB0 (0x00100E93) addi x29, x0, 0x1                        inst_135+4
x29 <- 0x0000000000000001

clint mtime 0x00000000000001B7 (mip.MTI <- 0b1, mip.STI <- 0b0)
mem[X,0x0000000080000DB4] -> 0x9E93
mem[X,0x0000000080000DB6] -> 0x037E
[878] [M]: 0x0000000080000DB4 (0x037E9E93) slli x29, x29, 0x37                      inst_135+8
x29 <- 0x0080000000000000

mem[X,0x0000000080000DB8] -> 0x1FB3
mem[X,0x0000000080000DBA] -> 0x29DF
[879] [M]: 0x0000000080000DB8 (0x29DF1FB3) bset x31, x30, x29                       inst_135+12
x31 <- 0xFFFFFFFFFFFFFBFF

clint mtime 0x00000000000001B8 (mip.MTI <- 0b1, mip.STI <- 0b0)
mem[X,0x0000000080000DBC] -> 0xB423
mem[X,0x0000000080000DBE] -> 0x37F3
[880] [M]: 0x0000000080000DBC (0x37F3B423) sd x31, 0x368(x7)                        inst_135+16
mem[W,0x0000000080005550] <- 0xFFFFFFFFFFFFFBFF

mem[X,0x0000000080000DC0] -> 0x0F13
mem[X,0x0000000080000DC2] -> 0xBFF0
[881] [M]: 0x0000000080000DC0 (0xBFF00F13) addi x30, x0, -0x401                     inst_136+0
x30 <- 0xFFFFFFFFFFFFFBFF

clint mtime 0x00000000000001B9 (mip.MTI <- 0b1, mip.STI <- 0b0)
mem[X,0x0000000080000DC4] -> 0x0E93
mem[X,0x0000000080000DC6] -> 0x0010
[882] [M]: 0x0000000080000DC4 (0x00100E93) addi x29, x0, 0x1                        inst_136+4
x29 <- 0x0000000000000001

mem[X,0x0000000080000DC8] -> 0x9E93
mem[X,0x0000000080000DCA] -> 0x036E
[883] [M]: 0x0000000080000DC8 (0x036E9E93) slli x29, x29, 0x36                      inst_136+8
x29 <- 0x0040000000000000

clint mtime 0x00000000000001BA (mip.MTI <- 0b1, mip.STI <- 0b0)
mem[X,0x0000000080000DCC] -> 0x1FB3
mem[X,0x0000000080000DCE] -> 0x29DF
[884] [M]: 0x0000000080000DCC (0x29DF1FB3) bset x31, x30, x29                       inst_136+12
x31 <- 0xFFFFFFFFFFFFFBFF

mem[X,0x0000000080000DD0] -> 0xB823
mem[X,0x0000000080000DD2] -> 0x37F3
[885] [M]: 0x0000000080000DD0 (0x37F3B823) sd x31, 0x370(x7)                        inst_136+16
mem[W,0x0000000080005558] <- 0xFFFFFFFFFFFFFBFF

clint mtime 0x00000000000001BB (mip.MTI <- 0b1, mip.STI <- 0b0)
mem[X,0x0000000080000DD4] -> 0x0F13
mem[X,0x0000000080000DD6] -> 0xBFF0
[886] [M]: 0x0000000080000DD4 (0xBFF00F13) addi x30, x0, -0x401                     inst_137+0
x30 <- 0xFFFFFFFFFFFFFBFF

mem[X,0x0000000080000DD8] -> 0x0E93
mem[X,0x0000000080000DDA] -> 0x0010
[887] [M]: 0x0000000080000DD8 (0x00100E93) addi x29, x0, 0x1                        inst_137+4
x29 <- 0x0000000000000001

clint mtime 0x00000000000001BC (mip.MTI <- 0b1, mip.STI <- 0b0)
mem[X,0x0000000080000DDC] -> 0x9E93
mem[X,0x0000000080000DDE] -> 0x035E
[888] [M]: 0x0000000080000DDC (0x035E9E93) slli x29, x29, 0x35                      inst_137+8
x29 <- 0x0020000000000000

mem[X,0x0000000080000DE0] -> 0x1FB3
mem[X,0x0000000080000DE2] -> 0x29DF
[889] [M]: 0x0000000080000DE0 (0x29DF1FB3) bset x31, x30, x29                       inst_137+12
x31 <- 0xFFFFFFFFFFFFFBFF

clint mtime 0x00000000000001BD (mip.MTI <- 0b1, mip.STI <- 0b0)
mem[X,0x0000000080000DE4] -> 0xBC23
mem[X,0x0000000080000DE6] -> 0x37F3
[890] [M]: 0x0000000080000DE4 (0x37F3BC23) sd x31, 0x378(x7)                        inst_137+16
mem[W,0x0000000080005560] <- 0xFFFFFFFFFFFFFBFF

mem[X,0x0000000080000DE8] -> 0x0F13
mem[X,0x0000000080000DEA] -> 0xBFF0
[891] [M]: 0x0000000080000DE8 (0xBFF00F13) addi x30, x0, -0x401                     inst_138+0
x30 <- 0xFFFFFFFFFFFFFBFF

clint mtime 0x00000000000001BE (mip.MTI <- 0b1, mip.STI <- 0b0)
mem[X,0x0000000080000DEC] -> 0x0E93
mem[X,0x0000000080000DEE] -> 0x0010
[892] [M]: 0x0000000080000DEC (0x00100E93) addi x29, x0, 0x1                        inst_138+4
x29 <- 0x0000000000000001

mem[X,0x0000000080000DF0] -> 0x9E93
mem[X,0x0000000080000DF2] -> 0x034E
[893] [M]: 0x0000000080000DF0 (0x034E9E93) slli x29, x29, 0x34                      inst_138+8
x29 <- 0x0010000000000000

clint mtime 0x00000000000001BF (mip.MTI <- 0b1, mip.STI <- 0b0)
mem[X,0x0000000080000DF4] -> 0x1FB3
mem[X,0x0000000080000DF6] -> 0x29DF
[894] [M]: 0x0000000080000DF4 (0x29DF1FB3) bset x31, x30, x29                       inst_138+12
x31 <- 0xFFFFFFFFFFFFFBFF

mem[X,0x0000000080000DF8] -> 0xB023
mem[X,0x0000000080000DFA] -> 0x39F3
[895] [M]: 0x0000000080000DF8 (0x39F3B023) sd x31, 0x380(x7)                        inst_138+16
mem[W,0x0000000080005568] <- 0xFFFFFFFFFFFFFBFF

clint mtime 0x00000000000001C0 (mip.MTI <- 0b1, mip.STI <- 0b0)
mem[X,0x0000000080000DFC] -> 0x0F13
mem[X,0x0000000080000DFE] -> 0xBFF0
[896] [M]: 0x0000000080000DFC (0xBFF00F13) addi x30, x0, -0x401                     inst_139+0
x30 <- 0xFFFFFFFFFFFFFBFF

mem[X,0x0000000080000E00] -> 0x0E93
mem[X,0x0000000080000E02] -> 0x0010
[897] [M]: 0x0000000080000E00 (0x00100E93) addi x29, x0, 0x1                        inst_139+4
x29 <- 0x0000000000000001

clint mtime 0x00000000000001C1 (mip.MTI <- 0b1, mip.STI <- 0b0)
mem[X,0x0000000080000E04] -> 0x9E93
mem[X,0x0000000080000E06] -> 0x033E
[898] [M]: 0x0000000080000E04 (0x033E9E93) slli x29, x29, 0x33                      inst_139+8
x29 <- 0x0008000000000000

mem[X,0x0000000080000E08] -> 0x1FB3
mem[X,0x0000000080000E0A] -> 0x29DF
[899] [M]: 0x0000000080000E08 (0x29DF1FB3) bset x31, x30, x29                       inst_139+12
x31 <- 0xFFFFFFFFFFFFFBFF

clint mtime 0x00000000000001C2 (mip.MTI <- 0b1, mip.STI <- 0b0)
mem[X,0x0000000080000E0C] -> 0xB423
mem[X,0x0000000080000E0E] -> 0x39F3
[900] [M]: 0x0000000080000E0C (0x39F3B423) sd x31, 0x388(x7)                        inst_139+16
mem[W,0x0000000080005570] <- 0xFFFFFFFFFFFFFBFF

mem[X,0x0000000080000E10] -> 0x0F13
mem[X,0x0000000080000E12] -> 0xBFF0
[901] [M]: 0x0000000080000E10 (0xBFF00F13) addi x30, x0, -0x401                     inst_140+0
x30 <- 0xFFFFFFFFFFFFFBFF

clint mtime 0x00000000000001C3 (mip.MTI <- 0b1, mip.STI <- 0b0)
mem[X,0x0000000080000E14] -> 0x0E93
mem[X,0x0000000080000E16] -> 0x0010
[902] [M]: 0x0000000080000E14 (0x00100E93) addi x29, x0, 0x1                        inst_140+4
x29 <- 0x0000000000000001

mem[X,0x0000000080000E18] -> 0x9E93
mem[X,0x0000000080000E1A] -> 0x032E
[903] [M]: 0x0000000080000E18 (0x032E9E93) slli x29, x29, 0x32                      inst_140+8
x29 <- 0x0004000000000000

clint mtime 0x00000000000001C4 (mip.MTI <- 0b1, mip.STI <- 0b0)
mem[X,0x0000000080000E1C] -> 0x1FB3
mem[X,0x0000000080000E1E] -> 0x29DF
[904] [M]: 0x0000000080000E1C (0x29DF1FB3) bset x31, x30, x29                       inst_140+12
x31 <- 0xFFFFFFFFFFFFFBFF

mem[X,0x0000000080000E20] -> 0xB823
mem[X,0x0000000080000E22] -> 0x39F3
[905] [M]: 0x0000000080000E20 (0x39F3B823) sd x31, 0x390(x7)                        inst_140+16
mem[W,0x0000000080005578] <- 0xFFFFFFFFFFFFFBFF

clint mtime 0x00000000000001C5 (mip.MTI <- 0b1, mip.STI <- 0b0)
mem[X,0x0000000080000E24] -> 0x0F13
mem[X,0x0000000080000E26] -> 0xBFF0
[906] [M]: 0x0000000080000E24 (0xBFF00F13) addi x30, x0, -0x401                     inst_141+0
x30 <- 0xFFFFFFFFFFFFFBFF

mem[X,0x0000000080000E28] -> 0x0E93
mem[X,0x0000000080000E2A] -> 0x0010
[907] [M]: 0x0000000080000E28 (0x00100E93) addi x29, x0, 0x1                        inst_141+4
x29 <- 0x0000000000000001

clint mtime 0x00000000000001C6 (mip.MTI <- 0b1, mip.STI <- 0b0)
mem[X,0x0000000080000E2C] -> 0x9E93
mem[X,0x0000000080000E2E] -> 0x031E
[908] [M]: 0x0000000080000E2C (0x031E9E93) slli x29, x29, 0x31                      inst_141+8
x29 <- 0x0002000000000000

mem[X,0x0000000080000E30] -> 0x1FB3
mem[X,0x0000000080000E32] -> 0x29DF
[909] [M]: 0x0000000080000E30 (0x29DF1FB3) bset x31, x30, x29                       inst_141+12
x31 <- 0xFFFFFFFFFFFFFBFF

clint mtime 0x00000000000001C7 (mip.MTI <- 0b1, mip.STI <- 0b0)
mem[X,0x0000000080000E34] -> 0xBC23
mem[X,0x0000000080000E36] -> 0x39F3
[910] [M]: 0x0000000080000E34 (0x39F3BC23) sd x31, 0x398(x7)                        inst_141+16
mem[W,0x0000000080005580] <- 0xFFFFFFFFFFFFFBFF

mem[X,0x0000000080000E38] -> 0x0F13
mem[X,0x0000000080000E3A] -> 0xBFF0
[911] [M]: 0x0000000080000E38 (0xBFF00F13) addi x30, x0, -0x401                     inst_142+0
x30 <- 0xFFFFFFFFFFFFFBFF

clint mtime 0x00000000000001C8 (mip.MTI <- 0b1, mip.STI <- 0b0)
mem[X,0x0000000080000E3C] -> 0x0E93
mem[X,0x0000000080000E3E] -> 0x0010
[912] [M]: 0x0000000080000E3C (0x00100E93) addi x29, x0, 0x1                        inst_142+4
x29 <- 0x0000000000000001

mem[X,0x0000000080000E40] -> 0x9E93
mem[X,0x0000000080000E42] -> 0x030E
[913] [M]: 0x0000000080000E40 (0x030E9E93) slli x29, x29, 0x30                      inst_142+8
x29 <- 0x0001000000000000

clint mtime 0x00000000000001C9 (mip.MTI <- 0b1, mip.STI <- 0b0)
mem[X,0x0000000080000E44] -> 0x1FB3
mem[X,0x0000000080000E46] -> 0x29DF
[914] [M]: 0x0000000080000E44 (0x29DF1FB3) bset x31, x30, x29                       inst_142+12
x31 <- 0xFFFFFFFFFFFFFBFF

mem[X,0x0000000080000E48] -> 0xB023
mem[X,0x0000000080000E4A] -> 0x3BF3
[915] [M]: 0x0000000080000E48 (0x3BF3B023) sd x31, 0x3a0(x7)                        inst_142+16
mem[W,0x0000000080005588] <- 0xFFFFFFFFFFFFFBFF

clint mtime 0x00000000000001CA (mip.MTI <- 0b1, mip.STI <- 0b0)
mem[X,0x0000000080000E4C] -> 0x0F13
mem[X,0x0000000080000E4E] -> 0xBFF0
[916] [M]: 0x0000000080000E4C (0xBFF00F13) addi x30, x0, -0x401                     inst_143+0
x30 <- 0xFFFFFFFFFFFFFBFF

mem[X,0x0000000080000E50] -> 0x0E93
mem[X,0x0000000080000E52] -> 0x0010
[917] [M]: 0x0000000080000E50 (0x00100E93) addi x29, x0, 0x1                        inst_143+4
x29 <- 0x0000000000000001

clint mtime 0x00000000000001CB (mip.MTI <- 0b1, mip.STI <- 0b0)
mem[X,0x0000000080000E54] -> 0x9E93
mem[X,0x0000000080000E56] -> 0x02FE
[918] [M]: 0x0000000080000E54 (0x02FE9E93) slli x29, x29, 0x2f                      inst_143+8
x29 <- 0x0000800000000000

mem[X,0x0000000080000E58] -> 0x1FB3
mem[X,0x0000000080000E5A] -> 0x29DF
[919] [M]: 0x0000000080000E58 (0x29DF1FB3) bset x31, x30, x29                       inst_143+12
x31 <- 0xFFFFFFFFFFFFFBFF

clint mtime 0x00000000000001CC (mip.MTI <- 0b1, mip.STI <- 0b0)
mem[X,0x0000000080000E5C] -> 0xB423
mem[X,0x0000000080000E5E] -> 0x3BF3
[920] [M]: 0x0000000080000E5C (0x3BF3B423) sd x31, 0x3a8(x7)                        inst_143+16
mem[W,0x0000000080005590] <- 0xFFFFFFFFFFFFFBFF

mem[X,0x0000000080000E60] -> 0x0F13
mem[X,0x0000000080000E62] -> 0xBFF0
[921] [M]: 0x0000000080000E60 (0xBFF00F13) addi x30, x0, -0x401                     inst_144+0
x30 <- 0xFFFFFFFFFFFFFBFF

clint mtime 0x00000000000001CD (mip.MTI <- 0b1, mip.STI <- 0b0)
mem[X,0x0000000080000E64] -> 0x0E93
mem[X,0x0000000080000E66] -> 0x0010
[922] [M]: 0x0000000080000E64 (0x00100E93) addi x29, x0, 0x1                        inst_144+4
x29 <- 0x0000000000000001

mem[X,0x0000000080000E68] -> 0x9E93
mem[X,0x0000000080000E6A] -> 0x02EE
[923] [M]: 0x0000000080000E68 (0x02EE9E93) slli x29, x29, 0x2e                      inst_144+8
x29 <- 0x0000400000000000

clint mtime 0x00000000000001CE (mip.MTI <- 0b1, mip.STI <- 0b0)
mem[X,0x0000000080000E6C] -> 0x1FB3
mem[X,0x0000000080000E6E] -> 0x29DF
[924] [M]: 0x0000000080000E6C (0x29DF1FB3) bset x31, x30, x29                       inst_144+12
x31 <- 0xFFFFFFFFFFFFFBFF

mem[X,0x0000000080000E70] -> 0xB823
mem[X,0x0000000080000E72] -> 0x3BF3
[925] [M]: 0x0000000080000E70 (0x3BF3B823) sd x31, 0x3b0(x7)                        inst_144+16
mem[W,0x0000000080005598] <- 0xFFFFFFFFFFFFFBFF

clint mtime 0x00000000000001CF (mip.MTI <- 0b1, mip.STI <- 0b0)
mem[X,0x0000000080000E74] -> 0x0F13
mem[X,0x0000000080000E76] -> 0xBFF0
[926] [M]: 0x0000000080000E74 (0xBFF00F13) addi x30, x0, -0x401                     inst_145+0
x30 <- 0xFFFFFFFFFFFFFBFF

mem[X,0x0000000080000E78] -> 0x0E93
mem[X,0x0000000080000E7A] -> 0x0010
[927] [M]: 0x0000000080000E78 (0x00100E93) addi x29, x0, 0x1                        inst_145+4
x29 <- 0x0000000000000001

clint mtime 0x00000000000001D0 (mip.MTI <- 0b1, mip.STI <- 0b0)
mem[X,0x0000000080000E7C] -> 0x9E93
mem[X,0x0000000080000E7E] -> 0x02DE
[928] [M]: 0x0000000080000E7C (0x02DE9E93) slli x29, x29, 0x2d                      inst_145+8
x29 <- 0x0000200000000000

mem[X,0x0000000080000E80] -> 0x1FB3
mem[X,0x0000000080000E82] -> 0x29DF
[929] [M]: 0x0000000080000E80 (0x29DF1FB3) bset x31, x30, x29                       inst_145+12
x31 <- 0xFFFFFFFFFFFFFBFF

clint mtime 0x00000000000001D1 (mip.MTI <- 0b1, mip.STI <- 0b0)
mem[X,0x0000000080000E84] -> 0xBC23
mem[X,0x0000000080000E86] -> 0x3BF3
[930] [M]: 0x0000000080000E84 (0x3BF3BC23) sd x31, 0x3b8(x7)                        inst_145+16
mem[W,0x00000000800055A0] <- 0xFFFFFFFFFFFFFBFF

mem[X,0x0000000080000E88] -> 0x0F13
mem[X,0x0000000080000E8A] -> 0xBFF0
[931] [M]: 0x0000000080000E88 (0xBFF00F13) addi x30, x0, -0x401                     inst_146+0
x30 <- 0xFFFFFFFFFFFFFBFF

clint mtime 0x00000000000001D2 (mip.MTI <- 0b1, mip.STI <- 0b0)
mem[X,0x0000000080000E8C] -> 0x0E93
mem[X,0x0000000080000E8E] -> 0x0010
[932] [M]: 0x0000000080000E8C (0x00100E93) addi x29, x0, 0x1                        inst_146+4
x29 <- 0x0000000000000001

mem[X,0x0000000080000E90] -> 0x9E93
mem[X,0x0000000080000E92] -> 0x02CE
[933] [M]: 0x0000000080000E90 (0x02CE9E93) slli x29, x29, 0x2c                      inst_146+8
x29 <- 0x0000100000000000

clint mtime 0x00000000000001D3 (mip.MTI <- 0b1, mip.STI <- 0b0)
mem[X,0x0000000080000E94] -> 0x1FB3
mem[X,0x0000000080000E96] -> 0x29DF
[934] [M]: 0x0000000080000E94 (0x29DF1FB3) bset x31, x30, x29                       inst_146+12
x31 <- 0xFFFFFFFFFFFFFBFF

mem[X,0x0000000080000E98] -> 0xB023
mem[X,0x0000000080000E9A] -> 0x3DF3
[935] [M]: 0x0000000080000E98 (0x3DF3B023) sd x31, 0x3c0(x7)                        inst_146+16
mem[W,0x00000000800055A8] <- 0xFFFFFFFFFFFFFBFF

clint mtime 0x00000000000001D4 (mip.MTI <- 0b1, mip.STI <- 0b0)
mem[X,0x0000000080000E9C] -> 0x0F13
mem[X,0x0000000080000E9E] -> 0xBFF0
[936] [M]: 0x0000000080000E9C (0xBFF00F13) addi x30, x0, -0x401                     inst_147+0
x30 <- 0xFFFFFFFFFFFFFBFF

mem[X,0x0000000080000EA0] -> 0x0E93
mem[X,0x0000000080000EA2] -> 0x0010
[937] [M]: 0x0000000080000EA0 (0x00100E93) addi x29, x0, 0x1                        inst_147+4
x29 <- 0x0000000000000001

clint mtime 0x00000000000001D5 (mip.MTI <- 0b1, mip.STI <- 0b0)
mem[X,0x0000000080000EA4] -> 0x9E93
mem[X,0x0000000080000EA6] -> 0x02BE
[938] [M]: 0x0000000080000EA4 (0x02BE9E93) slli x29, x29, 0x2b                      inst_147+8
x29 <- 0x0000080000000000

mem[X,0x0000000080000EA8] -> 0x1FB3
mem[X,0x0000000080000EAA] -> 0x29DF
[939] [M]: 0x0000000080000EA8 (0x29DF1FB3) bset x31, x30, x29                       inst_147+12
x31 <- 0xFFFFFFFFFFFFFBFF

clint mtime 0x00000000000001D6 (mip.MTI <- 0b1, mip.STI <- 0b0)
mem[X,0x0000000080000EAC] -> 0xB423
mem[X,0x0000000080000EAE] -> 0x3DF3
[940] [M]: 0x0000000080000EAC (0x3DF3B423) sd x31, 0x3c8(x7)                        inst_147+16
mem[W,0x00000000800055B0] <- 0xFFFFFFFFFFFFFBFF

mem[X,0x0000000080000EB0] -> 0x0F13
mem[X,0x0000000080000EB2] -> 0xBFF0
[941] [M]: 0x0000000080000EB0 (0xBFF00F13) addi x30, x0, -0x401                     inst_148+0
x30 <- 0xFFFFFFFFFFFFFBFF

clint mtime 0x00000000000001D7 (mip.MTI <- 0b1, mip.STI <- 0b0)
mem[X,0x0000000080000EB4] -> 0x0E93
mem[X,0x0000000080000EB6] -> 0x0010
[942] [M]: 0x0000000080000EB4 (0x00100E93) addi x29, x0, 0x1                        inst_148+4
x29 <- 0x0000000000000001

mem[X,0x0000000080000EB8] -> 0x9E93
mem[X,0x0000000080000EBA] -> 0x02AE
[943] [M]: 0x0000000080000EB8 (0x02AE9E93) slli x29, x29, 0x2a                      inst_148+8
x29 <- 0x0000040000000000

clint mtime 0x00000000000001D8 (mip.MTI <- 0b1, mip.STI <- 0b0)
mem[X,0x0000000080000EBC] -> 0x1FB3
mem[X,0x0000000080000EBE] -> 0x29DF
[944] [M]: 0x0000000080000EBC (0x29DF1FB3) bset x31, x30, x29                       inst_148+12
x31 <- 0xFFFFFFFFFFFFFBFF

mem[X,0x0000000080000EC0] -> 0xB823
mem[X,0x0000000080000EC2] -> 0x3DF3
[945] [M]: 0x0000000080000EC0 (0x3DF3B823) sd x31, 0x3d0(x7)                        inst_148+16
mem[W,0x00000000800055B8] <- 0xFFFFFFFFFFFFFBFF

clint mtime 0x00000000000001D9 (mip.MTI <- 0b1, mip.STI <- 0b0)
mem[X,0x0000000080000EC4] -> 0x0F13
mem[X,0x0000000080000EC6] -> 0xBFF0
[946] [M]: 0x0000000080000EC4 (0xBFF00F13) addi x30, x0, -0x401                     inst_149+0
x30 <- 0xFFFFFFFFFFFFFBFF

mem[X,0x0000000080000EC8] -> 0x0E93
mem[X,0x0000000080000ECA] -> 0x0010
[947] [M]: 0x0000000080000EC8 (0x00100E93) addi x29, x0, 0x1                        inst_149+4
x29 <- 0x0000000000000001

clint mtime 0x00000000000001DA (mip.MTI <- 0b1, mip.STI <- 0b0)
mem[X,0x0000000080000ECC] -> 0x9E93
mem[X,0x0000000080000ECE] -> 0x029E
[948] [M]: 0x0000000080000ECC (0x029E9E93) slli x29, x29, 0x29                      inst_149+8
x29 <- 0x0000020000000000

mem[X,0x0000000080000ED0] -> 0x1FB3
mem[X,0x0000000080000ED2] -> 0x29DF
[949] [M]: 0x0000000080000ED0 (0x29DF1FB3) bset x31, x30, x29                       inst_149+12
x31 <- 0xFFFFFFFFFFFFFBFF

clint mtime 0x00000000000001DB (mip.MTI <- 0b1, mip.STI <- 0b0)
mem[X,0x0000000080000ED4] -> 0xBC23
mem[X,0x0000000080000ED6] -> 0x3DF3
[950] [M]: 0x0000000080000ED4 (0x3DF3BC23) sd x31, 0x3d8(x7)                        inst_149+16
mem[W,0x00000000800055C0] <- 0xFFFFFFFFFFFFFBFF

mem[X,0x0000000080000ED8] -> 0x0F13
mem[X,0x0000000080000EDA] -> 0xBFF0
[951] [M]: 0x0000000080000ED8 (0xBFF00F13) addi x30, x0, -0x401                     inst_150+0
x30 <- 0xFFFFFFFFFFFFFBFF

clint mtime 0x00000000000001DC (mip.MTI <- 0b1, mip.STI <- 0b0)
mem[X,0x0000000080000EDC] -> 0x0E93
mem[X,0x0000000080000EDE] -> 0x0010
[952] [M]: 0x0000000080000EDC (0x00100E93) addi x29, x0, 0x1                        inst_150+4
x29 <- 0x0000000000000001

mem[X,0x0000000080000EE0] -> 0x9E93
mem[X,0x0000000080000EE2] -> 0x028E
[953] [M]: 0x0000000080000EE0 (0x028E9E93) slli x29, x29, 0x28                      inst_150+8
x29 <- 0x0000010000000000

clint mtime 0x00000000000001DD (mip.MTI <- 0b1, mip.STI <- 0b0)
mem[X,0x0000000080000EE4] -> 0x1FB3
mem[X,0x0000000080000EE6] -> 0x29DF
[954] [M]: 0x0000000080000EE4 (0x29DF1FB3) bset x31, x30, x29                       inst_150+12
x31 <- 0xFFFFFFFFFFFFFBFF

mem[X,0x0000000080000EE8] -> 0xB023
mem[X,0x0000000080000EEA] -> 0x3FF3
[955] [M]: 0x0000000080000EE8 (0x3FF3B023) sd x31, 0x3e0(x7)                        inst_150+16
mem[W,0x00000000800055C8] <- 0xFFFFFFFFFFFFFBFF

clint mtime 0x00000000000001DE (mip.MTI <- 0b1, mip.STI <- 0b0)
mem[X,0x0000000080000EEC] -> 0x0F13
mem[X,0x0000000080000EEE] -> 0xBFF0
[956] [M]: 0x0000000080000EEC (0xBFF00F13) addi x30, x0, -0x401                     inst_151+0
x30 <- 0xFFFFFFFFFFFFFBFF

mem[X,0x0000000080000EF0] -> 0x0E93
mem[X,0x0000000080000EF2] -> 0x0010
[957] [M]: 0x0000000080000EF0 (0x00100E93) addi x29, x0, 0x1                        inst_151+4
x29 <- 0x0000000000000001

clint mtime 0x00000000000001DF (mip.MTI <- 0b1, mip.STI <- 0b0)
mem[X,0x0000000080000EF4] -> 0x9E93
mem[X,0x0000000080000EF6] -> 0x027E
[958] [M]: 0x0000000080000EF4 (0x027E9E93) slli x29, x29, 0x27                      inst_151+8
x29 <- 0x0000008000000000

mem[X,0x0000000080000EF8] -> 0x1FB3
mem[X,0x0000000080000EFA] -> 0x29DF
[959] [M]: 0x0000000080000EF8 (0x29DF1FB3) bset x31, x30, x29                       inst_151+12
x31 <- 0xFFFFFFFFFFFFFBFF

clint mtime 0x00000000000001E0 (mip.MTI <- 0b1, mip.STI <- 0b0)
mem[X,0x0000000080000EFC] -> 0xB423
mem[X,0x0000000080000EFE] -> 0x3FF3
[960] [M]: 0x0000000080000EFC (0x3FF3B423) sd x31, 0x3e8(x7)                        inst_151+16
mem[W,0x00000000800055D0] <- 0xFFFFFFFFFFFFFBFF

mem[X,0x0000000080000F00] -> 0x0F13
mem[X,0x0000000080000F02] -> 0xBFF0
[961] [M]: 0x0000000080000F00 (0xBFF00F13) addi x30, x0, -0x401                     inst_152+0
x30 <- 0xFFFFFFFFFFFFFBFF

clint mtime 0x00000000000001E1 (mip.MTI <- 0b1, mip.STI <- 0b0)
mem[X,0x0000000080000F04] -> 0x0E93
mem[X,0x0000000080000F06] -> 0x0010
[962] [M]: 0x0000000080000F04 (0x00100E93) addi x29, x0, 0x1                        inst_152+4
x29 <- 0x0000000000000001

mem[X,0x0000000080000F08] -> 0x9E93
mem[X,0x0000000080000F0A] -> 0x026E
[963] [M]: 0x0000000080000F08 (0x026E9E93) slli x29, x29, 0x26                      inst_152+8
x29 <- 0x0000004000000000

clint mtime 0x00000000000001E2 (mip.MTI <- 0b1, mip.STI <- 0b0)
mem[X,0x0000000080000F0C] -> 0x1FB3
mem[X,0x0000000080000F0E] -> 0x29DF
[964] [M]: 0x0000000080000F0C (0x29DF1FB3) bset x31, x30, x29                       inst_152+12
x31 <- 0xFFFFFFFFFFFFFBFF

mem[X,0x0000000080000F10] -> 0xB823
mem[X,0x0000000080000F12] -> 0x3FF3
[965] [M]: 0x0000000080000F10 (0x3FF3B823) sd x31, 0x3f0(x7)                        inst_152+16
mem[W,0x00000000800055D8] <- 0xFFFFFFFFFFFFFBFF

clint mtime 0x00000000000001E3 (mip.MTI <- 0b1, mip.STI <- 0b0)
mem[X,0x0000000080000F14] -> 0x0F13
mem[X,0x0000000080000F16] -> 0xBFF0
[966] [M]: 0x0000000080000F14 (0xBFF00F13) addi x30, x0, -0x401                     inst_153+0
x30 <- 0xFFFFFFFFFFFFFBFF

mem[X,0x0000000080000F18] -> 0x0E93
mem[X,0x0000000080000F1A] -> 0x0010
[967] [M]: 0x0000000080000F18 (0x00100E93) addi x29, x0, 0x1                        inst_153+4
x29 <- 0x0000000000000001

clint mtime 0x00000000000001E4 (mip.MTI <- 0b1, mip.STI <- 0b0)
mem[X,0x0000000080000F1C] -> 0x9E93
mem[X,0x0000000080000F1E] -> 0x025E
[968] [M]: 0x0000000080000F1C (0x025E9E93) slli x29, x29, 0x25                      inst_153+8
x29 <- 0x0000002000000000

mem[X,0x0000000080000F20] -> 0x1FB3
mem[X,0x0000000080000F22] -> 0x29DF
[969] [M]: 0x0000000080000F20 (0x29DF1FB3) bset x31, x30, x29                       inst_153+12
x31 <- 0xFFFFFFFFFFFFFBFF

clint mtime 0x00000000000001E5 (mip.MTI <- 0b1, mip.STI <- 0b0)
mem[X,0x0000000080000F24] -> 0xBC23
mem[X,0x0000000080000F26] -> 0x3FF3
[970] [M]: 0x0000000080000F24 (0x3FF3BC23) sd x31, 0x3f8(x7)                        inst_153+16
mem[W,0x00000000800055E0] <- 0xFFFFFFFFFFFFFBFF

mem[X,0x0000000080000F28] -> 0x0F13
mem[X,0x0000000080000F2A] -> 0xBFF0
[971] [M]: 0x0000000080000F28 (0xBFF00F13) addi x30, x0, -0x401                     inst_154+0
x30 <- 0xFFFFFFFFFFFFFBFF

clint mtime 0x00000000000001E6 (mip.MTI <- 0b1, mip.STI <- 0b0)
mem[X,0x0000000080000F2C] -> 0x0E93
mem[X,0x0000000080000F2E] -> 0x0010
[972] [M]: 0x0000000080000F2C (0x00100E93) addi x29, x0, 0x1                        inst_154+4
x29 <- 0x0000000000000001

mem[X,0x0000000080000F30] -> 0x9E93
mem[X,0x0000000080000F32] -> 0x024E
[973] [M]: 0x0000000080000F30 (0x024E9E93) slli x29, x29, 0x24                      inst_154+8
x29 <- 0x0000001000000000

clint mtime 0x00000000000001E7 (mip.MTI <- 0b1, mip.STI <- 0b0)
mem[X,0x0000000080000F34] -> 0x1FB3
mem[X,0x0000000080000F36] -> 0x29DF
[974] [M]: 0x0000000080000F34 (0x29DF1FB3) bset x31, x30, x29                       inst_154+12
x31 <- 0xFFFFFFFFFFFFFBFF

mem[X,0x0000000080000F38] -> 0xB023
mem[X,0x0000000080000F3A] -> 0x41F3
[975] [M]: 0x0000000080000F38 (0x41F3B023) sd x31, 0x400(x7)                        inst_154+16
mem[W,0x00000000800055E8] <- 0xFFFFFFFFFFFFFBFF

clint mtime 0x00000000000001E8 (mip.MTI <- 0b1, mip.STI <- 0b0)
mem[X,0x0000000080000F3C] -> 0x0F13
mem[X,0x0000000080000F3E] -> 0xBFF0
[976] [M]: 0x0000000080000F3C (0xBFF00F13) addi x30, x0, -0x401                     inst_155+0
x30 <- 0xFFFFFFFFFFFFFBFF

mem[X,0x0000000080000F40] -> 0x0E93
mem[X,0x0000000080000F42] -> 0x0010
[977] [M]: 0x0000000080000F40 (0x00100E93) addi x29, x0, 0x1                        inst_155+4
x29 <- 0x0000000000000001

clint mtime 0x00000000000001E9 (mip.MTI <- 0b1, mip.STI <- 0b0)
mem[X,0x0000000080000F44] -> 0x9E93
mem[X,0x0000000080000F46] -> 0x023E
[978] [M]: 0x0000000080000F44 (0x023E9E93) slli x29, x29, 0x23                      inst_155+8
x29 <- 0x0000000800000000

mem[X,0x0000000080000F48] -> 0x1FB3
mem[X,0x0000000080000F4A] -> 0x29DF
[979] [M]: 0x0000000080000F48 (0x29DF1FB3) bset x31, x30, x29                       inst_155+12
x31 <- 0xFFFFFFFFFFFFFBFF

clint mtime 0x00000000000001EA (mip.MTI <- 0b1, mip.STI <- 0b0)
mem[X,0x0000000080000F4C] -> 0xB423
mem[X,0x0000000080000F4E] -> 0x41F3
[980] [M]: 0x0000000080000F4C (0x41F3B423) sd x31, 0x408(x7)                        inst_155+16
mem[W,0x00000000800055F0] <- 0xFFFFFFFFFFFFFBFF

mem[X,0x0000000080000F50] -> 0x0F13
mem[X,0x0000000080000F52] -> 0xBFF0
[981] [M]: 0x0000000080000F50 (0xBFF00F13) addi x30, x0, -0x401                     inst_156+0
x30 <- 0xFFFFFFFFFFFFFBFF

clint mtime 0x00000000000001EB (mip.MTI <- 0b1, mip.STI <- 0b0)
mem[X,0x0000000080000F54] -> 0x0E93
mem[X,0x0000000080000F56] -> 0x0010
[982] [M]: 0x0000000080000F54 (0x00100E93) addi x29, x0, 0x1                        inst_156+4
x29 <- 0x0000000000000001

mem[X,0x0000000080000F58] -> 0x9E93
mem[X,0x0000000080000F5A] -> 0x022E
[983] [M]: 0x0000000080000F58 (0x022E9E93) slli x29, x29, 0x22                      inst_156+8
x29 <- 0x0000000400000000

clint mtime 0x00000000000001EC (mip.MTI <- 0b1, mip.STI <- 0b0)
mem[X,0x0000000080000F5C] -> 0x1FB3
mem[X,0x0000000080000F5E] -> 0x29DF
[984] [M]: 0x0000000080000F5C (0x29DF1FB3) bset x31, x30, x29                       inst_156+12
x31 <- 0xFFFFFFFFFFFFFBFF

mem[X,0x0000000080000F60] -> 0xB823
mem[X,0x0000000080000F62] -> 0x41F3
[985] [M]: 0x0000000080000F60 (0x41F3B823) sd x31, 0x410(x7)                        inst_156+16
mem[W,0x00000000800055F8] <- 0xFFFFFFFFFFFFFBFF

clint mtime 0x00000000000001ED (mip.MTI <- 0b1, mip.STI <- 0b0)
mem[X,0x0000000080000F64] -> 0x0F13
mem[X,0x0000000080000F66] -> 0xBFF0
[986] [M]: 0x0000000080000F64 (0xBFF00F13) addi x30, x0, -0x401                     inst_157+0
x30 <- 0xFFFFFFFFFFFFFBFF

mem[X,0x0000000080000F68] -> 0x0E93
mem[X,0x0000000080000F6A] -> 0x0010
[987] [M]: 0x0000000080000F68 (0x00100E93) addi x29, x0, 0x1                        inst_157+4
x29 <- 0x0000000000000001

clint mtime 0x00000000000001EE (mip.MTI <- 0b1, mip.STI <- 0b0)
mem[X,0x0000000080000F6C] -> 0x9E93
mem[X,0x0000000080000F6E] -> 0x021E
[988] [M]: 0x0000000080000F6C (0x021E9E93) slli x29, x29, 0x21                      inst_157+8
x29 <- 0x0000000200000000

mem[X,0x0000000080000F70] -> 0x1FB3
mem[X,0x0000000080000F72] -> 0x29DF
[989] [M]: 0x0000000080000F70 (0x29DF1FB3) bset x31, x30, x29                       inst_157+12
x31 <- 0xFFFFFFFFFFFFFBFF

clint mtime 0x00000000000001EF (mip.MTI <- 0b1, mip.STI <- 0b0)
mem[X,0x0000000080000F74] -> 0xBC23
mem[X,0x0000000080000F76] -> 0x41F3
[990] [M]: 0x0000000080000F74 (0x41F3BC23) sd x31, 0x418(x7)                        inst_157+16
mem[W,0x0000000080005600] <- 0xFFFFFFFFFFFFFBFF

mem[X,0x0000000080000F78] -> 0x0F13
mem[X,0x0000000080000F7A] -> 0xBFF0
[991] [M]: 0x0000000080000F78 (0xBFF00F13) addi x30, x0, -0x401                     inst_158+0
x30 <- 0xFFFFFFFFFFFFFBFF

clint mtime 0x00000000000001F0 (mip.MTI <- 0b1, mip.STI <- 0b0)
mem[X,0x0000000080000F7C] -> 0x0E93
mem[X,0x0000000080000F7E] -> 0x0010
[992] [M]: 0x0000000080000F7C (0x00100E93) addi x29, x0, 0x1                        inst_158+4
x29 <- 0x0000000000000001

mem[X,0x0000000080000F80] -> 0x9E93
mem[X,0x0000000080000F82] -> 0x020E
[993] [M]: 0x0000000080000F80 (0x020E9E93) slli x29, x29, 0x20                      inst_158+8
x29 <- 0x0000000100000000

clint mtime 0x00000000000001F1 (mip.MTI <- 0b1, mip.STI <- 0b0)
mem[X,0x0000000080000F84] -> 0x1FB3
mem[X,0x0000000080000F86] -> 0x29DF
[994] [M]: 0x0000000080000F84 (0x29DF1FB3) bset x31, x30, x29                       inst_158+12
x31 <- 0xFFFFFFFFFFFFFBFF

mem[X,0x0000000080000F88] -> 0xB023
mem[X,0x0000000080000F8A] -> 0x43F3
[995] [M]: 0x0000000080000F88 (0x43F3B023) sd x31, 0x420(x7)                        inst_158+16
mem[W,0x0000000080005608] <- 0xFFFFFFFFFFFFFBFF

clint mtime 0x00000000000001F2 (mip.MTI <- 0b1, mip.STI <- 0b0)
mem[X,0x0000000080000F8C] -> 0x0F13
mem[X,0x0000000080000F8E] -> 0xBFF0
[996] [M]: 0x0000000080000F8C (0xBFF00F13) addi x30, x0, -0x401                     inst_159+0
x30 <- 0xFFFFFFFFFFFFFBFF

mem[X,0x0000000080000F90] -> 0x0E93
mem[X,0x0000000080000F92] -> 0x0010
[997] [M]: 0x0000000080000F90 (0x00100E93) addi x29, x0, 0x1                        inst_159+4
x29 <- 0x0000000000000001

clint mtime 0x00000000000001F3 (mip.MTI <- 0b1, mip.STI <- 0b0)
mem[X,0x0000000080000F94] -> 0x9E93
mem[X,0x0000000080000F96] -> 0x01FE
[998] [M]: 0x0000000080000F94 (0x01FE9E93) slli x29, x29, 0x1f                      inst_159+8
x29 <- 0x0000000080000000

mem[X,0x0000000080000F98] -> 0x1FB3
mem[X,0x0000000080000F9A] -> 0x29DF
[999] [M]: 0x0000000080000F98 (0x29DF1FB3) bset x31, x30, x29                       inst_159+12
x31 <- 0xFFFFFFFFFFFFFBFF

clint mtime 0x00000000000001F4 (mip.MTI <- 0b1, mip.STI <- 0b0)
mem[X,0x0000000080000F9C] -> 0xB423
mem[X,0x0000000080000F9E] -> 0x43F3
[1000] [M]: 0x0000000080000F9C (0x43F3B423) sd x31, 0x428(x7)                       inst_159+16
mem[W,0x0000000080005610] <- 0xFFFFFFFFFFFFFBFF

mem[X,0x0000000080000FA0] -> 0x0F13
mem[X,0x0000000080000FA2] -> 0xBFF0
[1001] [M]: 0x0000000080000FA0 (0xBFF00F13) addi x30, x0, -0x401                    inst_160+0
x30 <- 0xFFFFFFFFFFFFFBFF

clint mtime 0x00000000000001F5 (mip.MTI <- 0b1, mip.STI <- 0b0)
mem[X,0x0000000080000FA4] -> 0x0E93
mem[X,0x0000000080000FA6] -> 0x0010
[1002] [M]: 0x0000000080000FA4 (0x00100E93) addi x29, x0, 0x1                       inst_160+4
x29 <- 0x0000000000000001

mem[X,0x0000000080000FA8] -> 0x9E93
mem[X,0x0000000080000FAA] -> 0x01EE
[1003] [M]: 0x0000000080000FA8 (0x01EE9E93) slli x29, x29, 0x1e                     inst_160+8
x29 <- 0x0000000040000000

clint mtime 0x00000000000001F6 (mip.MTI <- 0b1, mip.STI <- 0b0)
mem[X,0x0000000080000FAC] -> 0x1FB3
mem[X,0x0000000080000FAE] -> 0x29DF
[1004] [M]: 0x0000000080000FAC (0x29DF1FB3) bset x31, x30, x29                      inst_160+12
x31 <- 0xFFFFFFFFFFFFFBFF

mem[X,0x0000000080000FB0] -> 0xB823
mem[X,0x0000000080000FB2] -> 0x43F3
[1005] [M]: 0x0000000080000FB0 (0x43F3B823) sd x31, 0x430(x7)                       inst_160+16
mem[W,0x0000000080005618] <- 0xFFFFFFFFFFFFFBFF

clint mtime 0x00000000000001F7 (mip.MTI <- 0b1, mip.STI <- 0b0)
mem[X,0x0000000080000FB4] -> 0x0F13
mem[X,0x0000000080000FB6] -> 0xBFF0
[1006] [M]: 0x0000000080000FB4 (0xBFF00F13) addi x30, x0, -0x401                    inst_161+0
x30 <- 0xFFFFFFFFFFFFFBFF

mem[X,0x0000000080000FB8] -> 0x0E93
mem[X,0x0000000080000FBA] -> 0x0010
[1007] [M]: 0x0000000080000FB8 (0x00100E93) addi x29, x0, 0x1                       inst_161+4
x29 <- 0x0000000000000001

clint mtime 0x00000000000001F8 (mip.MTI <- 0b1, mip.STI <- 0b0)
mem[X,0x0000000080000FBC] -> 0x9E93
mem[X,0x0000000080000FBE] -> 0x01DE
[1008] [M]: 0x0000000080000FBC (0x01DE9E93) slli x29, x29, 0x1d                     inst_161+8
x29 <- 0x0000000020000000

mem[X,0x0000000080000FC0] -> 0x1FB3
mem[X,0x0000000080000FC2] -> 0x29DF
[1009] [M]: 0x0000000080000FC0 (0x29DF1FB3) bset x31, x30, x29                      inst_161+12
x31 <- 0xFFFFFFFFFFFFFBFF

clint mtime 0x00000000000001F9 (mip.MTI <- 0b1, mip.STI <- 0b0)
mem[X,0x0000000080000FC4] -> 0xBC23
mem[X,0x0000000080000FC6] -> 0x43F3
[1010] [M]: 0x0000000080000FC4 (0x43F3BC23) sd x31, 0x438(x7)                       inst_161+16
mem[W,0x0000000080005620] <- 0xFFFFFFFFFFFFFBFF

mem[X,0x0000000080000FC8] -> 0x0F13
mem[X,0x0000000080000FCA] -> 0xBFF0
[1011] [M]: 0x0000000080000FC8 (0xBFF00F13) addi x30, x0, -0x401                    inst_162+0
x30 <- 0xFFFFFFFFFFFFFBFF

clint mtime 0x00000000000001FA (mip.MTI <- 0b1, mip.STI <- 0b0)
mem[X,0x0000000080000FCC] -> 0x0E93
mem[X,0x0000000080000FCE] -> 0x0010
[1012] [M]: 0x0000000080000FCC (0x00100E93) addi x29, x0, 0x1                       inst_162+4
x29 <- 0x0000000000000001

mem[X,0x0000000080000FD0] -> 0x9E93
mem[X,0x0000000080000FD2] -> 0x01CE
[1013] [M]: 0x0000000080000FD0 (0x01CE9E93) slli x29, x29, 0x1c                     inst_162+8
x29 <- 0x0000000010000000

clint mtime 0x00000000000001FB (mip.MTI <- 0b1, mip.STI <- 0b0)
mem[X,0x0000000080000FD4] -> 0x1FB3
mem[X,0x0000000080000FD6] -> 0x29DF
[1014] [M]: 0x0000000080000FD4 (0x29DF1FB3) bset x31, x30, x29                      inst_162+12
x31 <- 0xFFFFFFFFFFFFFBFF

mem[X,0x0000000080000FD8] -> 0xB023
mem[X,0x0000000080000FDA] -> 0x45F3
[1015] [M]: 0x0000000080000FD8 (0x45F3B023) sd x31, 0x440(x7)                       inst_162+16
mem[W,0x0000000080005628] <- 0xFFFFFFFFFFFFFBFF

clint mtime 0x00000000000001FC (mip.MTI <- 0b1, mip.STI <- 0b0)
mem[X,0x0000000080000FDC] -> 0x0F13
mem[X,0x0000000080000FDE] -> 0xBFF0
[1016] [M]: 0x0000000080000FDC (0xBFF00F13) addi x30, x0, -0x401                    inst_163+0
x30 <- 0xFFFFFFFFFFFFFBFF

mem[X,0x0000000080000FE0] -> 0x0E93
mem[X,0x0000000080000FE2] -> 0x0010
[1017] [M]: 0x0000000080000FE0 (0x00100E93) addi x29, x0, 0x1                       inst_163+4
x29 <- 0x0000000000000001

clint mtime 0x00000000000001FD (mip.MTI <- 0b1, mip.STI <- 0b0)
mem[X,0x0000000080000FE4] -> 0x9E93
mem[X,0x0000000080000FE6] -> 0x01BE
[1018] [M]: 0x0000000080000FE4 (0x01BE9E93) slli x29, x29, 0x1b                     inst_163+8
x29 <- 0x0000000008000000

mem[X,0x0000000080000FE8] -> 0x1FB3
mem[X,0x0000000080000FEA] -> 0x29DF
[1019] [M]: 0x0000000080000FE8 (0x29DF1FB3) bset x31, x30, x29                      inst_163+12
x31 <- 0xFFFFFFFFFFFFFBFF

clint mtime 0x00000000000001FE (mip.MTI <- 0b1, mip.STI <- 0b0)
mem[X,0x0000000080000FEC] -> 0xB423
mem[X,0x0000000080000FEE] -> 0x45F3
[1020] [M]: 0x0000000080000FEC (0x45F3B423) sd x31, 0x448(x7)                       inst_163+16
mem[W,0x0000000080005630] <- 0xFFFFFFFFFFFFFBFF

mem[X,0x0000000080000FF0] -> 0x0F13
mem[X,0x0000000080000FF2] -> 0xBFF0
[1021] [M]: 0x0000000080000FF0 (0xBFF00F13) addi x30, x0, -0x401                    inst_164+0
x30 <- 0xFFFFFFFFFFFFFBFF

clint mtime 0x00000000000001FF (mip.MTI <- 0b1, mip.STI <- 0b0)
mem[X,0x0000000080000FF4] -> 0x0E93
mem[X,0x0000000080000FF6] -> 0x0010
[1022] [M]: 0x0000000080000FF4 (0x00100E93) addi x29, x0, 0x1                       inst_164+4
x29 <- 0x0000000000000001

mem[X,0x0000000080000FF8] -> 0x9E93
mem[X,0x0000000080000FFA] -> 0x01AE
[1023] [M]: 0x0000000080000FF8 (0x01AE9E93) slli x29, x29, 0x1a                     inst_164+8
x29 <- 0x0000000004000000

clint mtime 0x0000000000000200 (mip.MTI <- 0b1, mip.STI <- 0b0)
mem[X,0x0000000080000FFC] -> 0x1FB3
mem[X,0x0000000080000FFE] -> 0x29DF
[1024] [M]: 0x0000000080000FFC (0x29DF1FB3) bset x31, x30, x29                      inst_164+12
x31 <- 0xFFFFFFFFFFFFFBFF

mem[X,0x0000000080001000] -> 0xB823
mem[X,0x0000000080001002] -> 0x45F3
[1025] [M]: 0x0000000080001000 (0x45F3B823) sd x31, 0x450(x7)                       inst_164+16
mem[W,0x0000000080005638] <- 0xFFFFFFFFFFFFFBFF

clint mtime 0x0000000000000201 (mip.MTI <- 0b1, mip.STI <- 0b0)
mem[X,0x0000000080001004] -> 0x0F13
mem[X,0x0000000080001006] -> 0xBFF0
[1026] [M]: 0x0000000080001004 (0xBFF00F13) addi x30, x0, -0x401                    inst_165+0
x30 <- 0xFFFFFFFFFFFFFBFF

mem[X,0x0000000080001008] -> 0x0E93
mem[X,0x000000008000100A] -> 0x0010
[1027] [M]: 0x0000000080001008 (0x00100E93) addi x29, x0, 0x1                       inst_165+4
x29 <- 0x0000000000000001

clint mtime 0x0000000000000202 (mip.MTI <- 0b1, mip.STI <- 0b0)
mem[X,0x000000008000100C] -> 0x9E93
mem[X,0x000000008000100E] -> 0x019E
[1028] [M]: 0x000000008000100C (0x019E9E93) slli x29, x29, 0x19                     inst_165+8
x29 <- 0x0000000002000000

mem[X,0x0000000080001010] -> 0x1FB3
mem[X,0x0000000080001012] -> 0x29DF
[1029] [M]: 0x0000000080001010 (0x29DF1FB3) bset x31, x30, x29                      inst_165+12
x31 <- 0xFFFFFFFFFFFFFBFF

clint mtime 0x0000000000000203 (mip.MTI <- 0b1, mip.STI <- 0b0)
mem[X,0x0000000080001014] -> 0xBC23
mem[X,0x0000000080001016] -> 0x45F3
[1030] [M]: 0x0000000080001014 (0x45F3BC23) sd x31, 0x458(x7)                       inst_165+16
mem[W,0x0000000080005640] <- 0xFFFFFFFFFFFFFBFF

mem[X,0x0000000080001018] -> 0x0F13
mem[X,0x000000008000101A] -> 0xBFF0
[1031] [M]: 0x0000000080001018 (0xBFF00F13) addi x30, x0, -0x401                    inst_166+0
x30 <- 0xFFFFFFFFFFFFFBFF

clint mtime 0x0000000000000204 (mip.MTI <- 0b1, mip.STI <- 0b0)
mem[X,0x000000008000101C] -> 0x0E93
mem[X,0x000000008000101E] -> 0x0010
[1032] [M]: 0x000000008000101C (0x00100E93) addi x29, x0, 0x1                       inst_166+4
x29 <- 0x0000000000000001

mem[X,0x0000000080001020] -> 0x9E93
mem[X,0x0000000080001022] -> 0x018E
[1033] [M]: 0x0000000080001020 (0x018E9E93) slli x29, x29, 0x18                     inst_166+8
x29 <- 0x0000000001000000

clint mtime 0x0000000000000205 (mip.MTI <- 0b1, mip.STI <- 0b0)
mem[X,0x0000000080001024] -> 0x1FB3
mem[X,0x0000000080001026] -> 0x29DF
[1034] [M]: 0x0000000080001024 (0x29DF1FB3) bset x31, x30, x29                      inst_166+12
x31 <- 0xFFFFFFFFFFFFFBFF

mem[X,0x0000000080001028] -> 0xB023
mem[X,0x000000008000102A] -> 0x47F3
[1035] [M]: 0x0000000080001028 (0x47F3B023) sd x31, 0x460(x7)                       inst_166+16
mem[W,0x0000000080005648] <- 0xFFFFFFFFFFFFFBFF

clint mtime 0x0000000000000206 (mip.MTI <- 0b1, mip.STI <- 0b0)
mem[X,0x000000008000102C] -> 0x0F13
mem[X,0x000000008000102E] -> 0xBFF0
[1036] [M]: 0x000000008000102C (0xBFF00F13) addi x30, x0, -0x401                    inst_167+0
x30 <- 0xFFFFFFFFFFFFFBFF

mem[X,0x0000000080001030] -> 0x0E93
mem[X,0x0000000080001032] -> 0x0010
[1037] [M]: 0x0000000080001030 (0x00100E93) addi x29, x0, 0x1                       inst_167+4
x29 <- 0x0000000000000001

clint mtime 0x0000000000000207 (mip.MTI <- 0b1, mip.STI <- 0b0)
mem[X,0x0000000080001034] -> 0x9E93
mem[X,0x0000000080001036] -> 0x017E
[1038] [M]: 0x0000000080001034 (0x017E9E93) slli x29, x29, 0x17                     inst_167+8
x29 <- 0x0000000000800000

mem[X,0x0000000080001038] -> 0x1FB3
mem[X,0x000000008000103A] -> 0x29DF
[1039] [M]: 0x0000000080001038 (0x29DF1FB3) bset x31, x30, x29                      inst_167+12
x31 <- 0xFFFFFFFFFFFFFBFF

clint mtime 0x0000000000000208 (mip.MTI <- 0b1, mip.STI <- 0b0)
mem[X,0x000000008000103C] -> 0xB423
mem[X,0x000000008000103E] -> 0x47F3
[1040] [M]: 0x000000008000103C (0x47F3B423) sd x31, 0x468(x7)                       inst_167+16
mem[W,0x0000000080005650] <- 0xFFFFFFFFFFFFFBFF

mem[X,0x0000000080001040] -> 0x0F13
mem[X,0x0000000080001042] -> 0xBFF0
[1041] [M]: 0x0000000080001040 (0xBFF00F13) addi x30, x0, -0x401                    inst_168+0
x30 <- 0xFFFFFFFFFFFFFBFF

clint mtime 0x0000000000000209 (mip.MTI <- 0b1, mip.STI <- 0b0)
mem[X,0x0000000080001044] -> 0x0E93
mem[X,0x0000000080001046] -> 0x0010
[1042] [M]: 0x0000000080001044 (0x00100E93) addi x29, x0, 0x1                       inst_168+4
x29 <- 0x0000000000000001

mem[X,0x0000000080001048] -> 0x9E93
mem[X,0x000000008000104A] -> 0x016E
[1043] [M]: 0x0000000080001048 (0x016E9E93) slli x29, x29, 0x16                     inst_168+8
x29 <- 0x0000000000400000

clint mtime 0x000000000000020A (mip.MTI <- 0b1, mip.STI <- 0b0)
mem[X,0x000000008000104C] -> 0x1FB3
mem[X,0x000000008000104E] -> 0x29DF
[1044] [M]: 0x000000008000104C (0x29DF1FB3) bset x31, x30, x29                      inst_168+12
x31 <- 0xFFFFFFFFFFFFFBFF

mem[X,0x0000000080001050] -> 0xB823
mem[X,0x0000000080001052] -> 0x47F3
[1045] [M]: 0x0000000080001050 (0x47F3B823) sd x31, 0x470(x7)                       inst_168+16
mem[W,0x0000000080005658] <- 0xFFFFFFFFFFFFFBFF

clint mtime 0x000000000000020B (mip.MTI <- 0b1, mip.STI <- 0b0)
mem[X,0x0000000080001054] -> 0x0F13
mem[X,0x0000000080001056] -> 0xBFF0
[1046] [M]: 0x0000000080001054 (0xBFF00F13) addi x30, x0, -0x401                    inst_169+0
x30 <- 0xFFFFFFFFFFFFFBFF

mem[X,0x0000000080001058] -> 0x0E93
mem[X,0x000000008000105A] -> 0x0010
[1047] [M]: 0x0000000080001058 (0x00100E93) addi x29, x0, 0x1                       inst_169+4
x29 <- 0x0000000000000001

clint mtime 0x000000000000020C (mip.MTI <- 0b1, mip.STI <- 0b0)
mem[X,0x000000008000105C] -> 0x9E93
mem[X,0x000000008000105E] -> 0x015E
[1048] [M]: 0x000000008000105C (0x015E9E93) slli x29, x29, 0x15                     inst_169+8
x29 <- 0x0000000000200000

mem[X,0x0000000080001060] -> 0x1FB3
mem[X,0x0000000080001062] -> 0x29DF
[1049] [M]: 0x0000000080001060 (0x29DF1FB3) bset x31, x30, x29                      inst_169+12
x31 <- 0xFFFFFFFFFFFFFBFF

clint mtime 0x000000000000020D (mip.MTI <- 0b1, mip.STI <- 0b0)
mem[X,0x0000000080001064] -> 0xBC23
mem[X,0x0000000080001066] -> 0x47F3
[1050] [M]: 0x0000000080001064 (0x47F3BC23) sd x31, 0x478(x7)                       inst_169+16
mem[W,0x0000000080005660] <- 0xFFFFFFFFFFFFFBFF

mem[X,0x0000000080001068] -> 0x0F13
mem[X,0x000000008000106A] -> 0xBFF0
[1051] [M]: 0x0000000080001068 (0xBFF00F13) addi x30, x0, -0x401                    inst_170+0
x30 <- 0xFFFFFFFFFFFFFBFF

clint mtime 0x000000000000020E (mip.MTI <- 0b1, mip.STI <- 0b0)
mem[X,0x000000008000106C] -> 0x0E93
mem[X,0x000000008000106E] -> 0x0010
[1052] [M]: 0x000000008000106C (0x00100E93) addi x29, x0, 0x1                       inst_170+4
x29 <- 0x0000000000000001

mem[X,0x0000000080001070] -> 0x9E93
mem[X,0x0000000080001072] -> 0x014E
[1053] [M]: 0x0000000080001070 (0x014E9E93) slli x29, x29, 0x14                     inst_170+8
x29 <- 0x0000000000100000

clint mtime 0x000000000000020F (mip.MTI <- 0b1, mip.STI <- 0b0)
mem[X,0x0000000080001074] -> 0x1FB3
mem[X,0x0000000080001076] -> 0x29DF
[1054] [M]: 0x0000000080001074 (0x29DF1FB3) bset x31, x30, x29                      inst_170+12
x31 <- 0xFFFFFFFFFFFFFBFF

mem[X,0x0000000080001078] -> 0xB023
mem[X,0x000000008000107A] -> 0x49F3
[1055] [M]: 0x0000000080001078 (0x49F3B023) sd x31, 0x480(x7)                       inst_170+16
mem[W,0x0000000080005668] <- 0xFFFFFFFFFFFFFBFF

clint mtime 0x0000000000000210 (mip.MTI <- 0b1, mip.STI <- 0b0)
mem[X,0x000000008000107C] -> 0x0F13
mem[X,0x000000008000107E] -> 0xBFF0
[1056] [M]: 0x000000008000107C (0xBFF00F13) addi x30, x0, -0x401                    inst_171+0
x30 <- 0xFFFFFFFFFFFFFBFF

mem[X,0x0000000080001080] -> 0x0E93
mem[X,0x0000000080001082] -> 0x0010
[1057] [M]: 0x0000000080001080 (0x00100E93) addi x29, x0, 0x1                       inst_171+4
x29 <- 0x0000000000000001

clint mtime 0x0000000000000211 (mip.MTI <- 0b1, mip.STI <- 0b0)
mem[X,0x0000000080001084] -> 0x9E93
mem[X,0x0000000080001086] -> 0x013E
[1058] [M]: 0x0000000080001084 (0x013E9E93) slli x29, x29, 0x13                     inst_171+8
x29 <- 0x0000000000080000

mem[X,0x0000000080001088] -> 0x1FB3
mem[X,0x000000008000108A] -> 0x29DF
[1059] [M]: 0x0000000080001088 (0x29DF1FB3) bset x31, x30, x29                      inst_171+12
x31 <- 0xFFFFFFFFFFFFFBFF

clint mtime 0x0000000000000212 (mip.MTI <- 0b1, mip.STI <- 0b0)
mem[X,0x000000008000108C] -> 0xB423
mem[X,0x000000008000108E] -> 0x49F3
[1060] [M]: 0x000000008000108C (0x49F3B423) sd x31, 0x488(x7)                       inst_171+16
mem[W,0x0000000080005670] <- 0xFFFFFFFFFFFFFBFF

mem[X,0x0000000080001090] -> 0x0F13
mem[X,0x0000000080001092] -> 0xBFF0
[1061] [M]: 0x0000000080001090 (0xBFF00F13) addi x30, x0, -0x401                    inst_172+0
x30 <- 0xFFFFFFFFFFFFFBFF

clint mtime 0x0000000000000213 (mip.MTI <- 0b1, mip.STI <- 0b0)
mem[X,0x0000000080001094] -> 0x0E93
mem[X,0x0000000080001096] -> 0x0010
[1062] [M]: 0x0000000080001094 (0x00100E93) addi x29, x0, 0x1                       inst_172+4
x29 <- 0x0000000000000001

mem[X,0x0000000080001098] -> 0x9E93
mem[X,0x000000008000109A] -> 0x012E
[1063] [M]: 0x0000000080001098 (0x012E9E93) slli x29, x29, 0x12                     inst_172+8
x29 <- 0x0000000000040000

clint mtime 0x0000000000000214 (mip.MTI <- 0b1, mip.STI <- 0b0)
mem[X,0x000000008000109C] -> 0x1FB3
mem[X,0x000000008000109E] -> 0x29DF
[1064] [M]: 0x000000008000109C (0x29DF1FB3) bset x31, x30, x29                      inst_172+12
x31 <- 0xFFFFFFFFFFFFFBFF

mem[X,0x00000000800010A0] -> 0xB823
mem[X,0x00000000800010A2] -> 0x49F3
[1065] [M]: 0x00000000800010A0 (0x49F3B823) sd x31, 0x490(x7)                       inst_172+16
mem[W,0x0000000080005678] <- 0xFFFFFFFFFFFFFBFF

clint mtime 0x0000000000000215 (mip.MTI <- 0b1, mip.STI <- 0b0)
mem[X,0x00000000800010A4] -> 0x0F13
mem[X,0x00000000800010A6] -> 0xBFF0
[1066] [M]: 0x00000000800010A4 (0xBFF00F13) addi x30, x0, -0x401                    inst_173+0
x30 <- 0xFFFFFFFFFFFFFBFF

mem[X,0x00000000800010A8] -> 0x0E93
mem[X,0x00000000800010AA] -> 0x0010
[1067] [M]: 0x00000000800010A8 (0x00100E93) addi x29, x0, 0x1                       inst_173+4
x29 <- 0x0000000000000001

clint mtime 0x0000000000000216 (mip.MTI <- 0b1, mip.STI <- 0b0)
mem[X,0x00000000800010AC] -> 0x9E93
mem[X,0x00000000800010AE] -> 0x011E
[1068] [M]: 0x00000000800010AC (0x011E9E93) slli x29, x29, 0x11                     inst_173+8
x29 <- 0x0000000000020000

mem[X,0x00000000800010B0] -> 0x1FB3
mem[X,0x00000000800010B2] -> 0x29DF
[1069] [M]: 0x00000000800010B0 (0x29DF1FB3) bset x31, x30, x29                      inst_173+12
x31 <- 0xFFFFFFFFFFFFFBFF

clint mtime 0x0000000000000217 (mip.MTI <- 0b1, mip.STI <- 0b0)
mem[X,0x00000000800010B4] -> 0xBC23
mem[X,0x00000000800010B6] -> 0x49F3
[1070] [M]: 0x00000000800010B4 (0x49F3BC23) sd x31, 0x498(x7)                       inst_173+16
mem[W,0x0000000080005680] <- 0xFFFFFFFFFFFFFBFF

mem[X,0x00000000800010B8] -> 0x0F13
mem[X,0x00000000800010BA] -> 0xBFF0
[1071] [M]: 0x00000000800010B8 (0xBFF00F13) addi x30, x0, -0x401                    inst_174+0
x30 <- 0xFFFFFFFFFFFFFBFF

clint mtime 0x0000000000000218 (mip.MTI <- 0b1, mip.STI <- 0b0)
mem[X,0x00000000800010BC] -> 0x0E93
mem[X,0x00000000800010BE] -> 0x0010
[1072] [M]: 0x00000000800010BC (0x00100E93) addi x29, x0, 0x1                       inst_174+4
x29 <- 0x0000000000000001

mem[X,0x00000000800010C0] -> 0x9E93
mem[X,0x00000000800010C2] -> 0x010E
[1073] [M]: 0x00000000800010C0 (0x010E9E93) slli x29, x29, 0x10                     inst_174+8
x29 <- 0x0000000000010000

clint mtime 0x0000000000000219 (mip.MTI <- 0b1, mip.STI <- 0b0)
mem[X,0x00000000800010C4] -> 0x1FB3
mem[X,0x00000000800010C6] -> 0x29DF
[1074] [M]: 0x00000000800010C4 (0x29DF1FB3) bset x31, x30, x29                      inst_174+12
x31 <- 0xFFFFFFFFFFFFFBFF

mem[X,0x00000000800010C8] -> 0xB023
mem[X,0x00000000800010CA] -> 0x4BF3
[1075] [M]: 0x00000000800010C8 (0x4BF3B023) sd x31, 0x4a0(x7)                       inst_174+16
mem[W,0x0000000080005688] <- 0xFFFFFFFFFFFFFBFF

clint mtime 0x000000000000021A (mip.MTI <- 0b1, mip.STI <- 0b0)
mem[X,0x00000000800010CC] -> 0x0F13
mem[X,0x00000000800010CE] -> 0xBFF0
[1076] [M]: 0x00000000800010CC (0xBFF00F13) addi x30, x0, -0x401                    inst_175+0
x30 <- 0xFFFFFFFFFFFFFBFF

mem[X,0x00000000800010D0] -> 0x0E93
mem[X,0x00000000800010D2] -> 0x0010
[1077] [M]: 0x00000000800010D0 (0x00100E93) addi x29, x0, 0x1                       inst_175+4
x29 <- 0x0000000000000001

clint mtime 0x000000000000021B (mip.MTI <- 0b1, mip.STI <- 0b0)
mem[X,0x00000000800010D4] -> 0x9E93
mem[X,0x00000000800010D6] -> 0x00FE
[1078] [M]: 0x00000000800010D4 (0x00FE9E93) slli x29, x29, 0xf                      inst_175+8
x29 <- 0x0000000000008000

mem[X,0x00000000800010D8] -> 0x1FB3
mem[X,0x00000000800010DA] -> 0x29DF
[1079] [M]: 0x00000000800010D8 (0x29DF1FB3) bset x31, x30, x29                      inst_175+12
x31 <- 0xFFFFFFFFFFFFFBFF

clint mtime 0x000000000000021C (mip.MTI <- 0b1, mip.STI <- 0b0)
mem[X,0x00000000800010DC] -> 0xB423
mem[X,0x00000000800010DE] -> 0x4BF3
[1080] [M]: 0x00000000800010DC (0x4BF3B423) sd x31, 0x4a8(x7)                       inst_175+16
mem[W,0x0000000080005690] <- 0xFFFFFFFFFFFFFBFF

mem[X,0x00000000800010E0] -> 0x0F13
mem[X,0x00000000800010E2] -> 0xBFF0
[1081] [M]: 0x00000000800010E0 (0xBFF00F13) addi x30, x0, -0x401                    inst_176+0
x30 <- 0xFFFFFFFFFFFFFBFF

clint mtime 0x000000000000021D (mip.MTI <- 0b1, mip.STI <- 0b0)
mem[X,0x00000000800010E4] -> 0x0E93
mem[X,0x00000000800010E6] -> 0x0010
[1082] [M]: 0x00000000800010E4 (0x00100E93) addi x29, x0, 0x1                       inst_176+4
x29 <- 0x0000000000000001

mem[X,0x00000000800010E8] -> 0x9E93
mem[X,0x00000000800010EA] -> 0x00EE
[1083] [M]: 0x00000000800010E8 (0x00EE9E93) slli x29, x29, 0xe                      inst_176+8
x29 <- 0x0000000000004000

clint mtime 0x000000000000021E (mip.MTI <- 0b1, mip.STI <- 0b0)
mem[X,0x00000000800010EC] -> 0x1FB3
mem[X,0x00000000800010EE] -> 0x29DF
[1084] [M]: 0x00000000800010EC (0x29DF1FB3) bset x31, x30, x29                      inst_176+12
x31 <- 0xFFFFFFFFFFFFFBFF

mem[X,0x00000000800010F0] -> 0xB823
mem[X,0x00000000800010F2] -> 0x4BF3
[1085] [M]: 0x00000000800010F0 (0x4BF3B823) sd x31, 0x4b0(x7)                       inst_176+16
mem[W,0x0000000080005698] <- 0xFFFFFFFFFFFFFBFF

clint mtime 0x000000000000021F (mip.MTI <- 0b1, mip.STI <- 0b0)
mem[X,0x00000000800010F4] -> 0x0F13
mem[X,0x00000000800010F6] -> 0xBFF0
[1086] [M]: 0x00000000800010F4 (0xBFF00F13) addi x30, x0, -0x401                    inst_177+0
x30 <- 0xFFFFFFFFFFFFFBFF

mem[X,0x00000000800010F8] -> 0x0E93
mem[X,0x00000000800010FA] -> 0x0010
[1087] [M]: 0x00000000800010F8 (0x00100E93) addi x29, x0, 0x1                       inst_177+4
x29 <- 0x0000000000000001

clint mtime 0x0000000000000220 (mip.MTI <- 0b1, mip.STI <- 0b0)
mem[X,0x00000000800010FC] -> 0x9E93
mem[X,0x00000000800010FE] -> 0x00DE
[1088] [M]: 0x00000000800010FC (0x00DE9E93) slli x29, x29, 0xd                      inst_177+8
x29 <- 0x0000000000002000

mem[X,0x0000000080001100] -> 0x1FB3
mem[X,0x0000000080001102] -> 0x29DF
[1089] [M]: 0x0000000080001100 (0x29DF1FB3) bset x31, x30, x29                      inst_177+12
x31 <- 0xFFFFFFFFFFFFFBFF

clint mtime 0x0000000000000221 (mip.MTI <- 0b1, mip.STI <- 0b0)
mem[X,0x0000000080001104] -> 0xBC23
mem[X,0x0000000080001106] -> 0x4BF3
[1090] [M]: 0x0000000080001104 (0x4BF3BC23) sd x31, 0x4b8(x7)                       inst_177+16
mem[W,0x00000000800056A0] <- 0xFFFFFFFFFFFFFBFF

mem[X,0x0000000080001108] -> 0x0F13
mem[X,0x000000008000110A] -> 0xBFF0
[1091] [M]: 0x0000000080001108 (0xBFF00F13) addi x30, x0, -0x401                    inst_178+0
x30 <- 0xFFFFFFFFFFFFFBFF

clint mtime 0x0000000000000222 (mip.MTI <- 0b1, mip.STI <- 0b0)
mem[X,0x000000008000110C] -> 0x0E93
mem[X,0x000000008000110E] -> 0x0010
[1092] [M]: 0x000000008000110C (0x00100E93) addi x29, x0, 0x1                       inst_178+4
x29 <- 0x0000000000000001

mem[X,0x0000000080001110] -> 0x9E93
mem[X,0x0000000080001112] -> 0x00CE
[1093] [M]: 0x0000000080001110 (0x00CE9E93) slli x29, x29, 0xc                      inst_178+8
x29 <- 0x0000000000001000

clint mtime 0x0000000000000223 (mip.MTI <- 0b1, mip.STI <- 0b0)
mem[X,0x0000000080001114] -> 0x1FB3
mem[X,0x0000000080001116] -> 0x29DF
[1094] [M]: 0x0000000080001114 (0x29DF1FB3) bset x31, x30, x29                      inst_178+12
x31 <- 0xFFFFFFFFFFFFFBFF

mem[X,0x0000000080001118] -> 0xB023
mem[X,0x000000008000111A] -> 0x4DF3
[1095] [M]: 0x0000000080001118 (0x4DF3B023) sd x31, 0x4c0(x7)                       inst_178+16
mem[W,0x00000000800056A8] <- 0xFFFFFFFFFFFFFBFF

clint mtime 0x0000000000000224 (mip.MTI <- 0b1, mip.STI <- 0b0)
mem[X,0x000000008000111C] -> 0x0F13
mem[X,0x000000008000111E] -> 0xBFF0
[1096] [M]: 0x000000008000111C (0xBFF00F13) addi x30, x0, -0x401                    inst_179+0
x30 <- 0xFFFFFFFFFFFFFBFF

mem[X,0x0000000080001120] -> 0x0E93
mem[X,0x0000000080001122] -> 0x0010
[1097] [M]: 0x0000000080001120 (0x00100E93) addi x29, x0, 0x1                       inst_179+4
x29 <- 0x0000000000000001

clint mtime 0x0000000000000225 (mip.MTI <- 0b1, mip.STI <- 0b0)
mem[X,0x0000000080001124] -> 0x9E93
mem[X,0x0000000080001126] -> 0x00BE
[1098] [M]: 0x0000000080001124 (0x00BE9E93) slli x29, x29, 0xb                      inst_179+8
x29 <- 0x0000000000000800

mem[X,0x0000000080001128] -> 0x1FB3
mem[X,0x000000008000112A] -> 0x29DF
[1099] [M]: 0x0000000080001128 (0x29DF1FB3) bset x31, x30, x29                      inst_179+12
x31 <- 0xFFFFFFFFFFFFFBFF

clint mtime 0x0000000000000226 (mip.MTI <- 0b1, mip.STI <- 0b0)
mem[X,0x000000008000112C] -> 0xB423
mem[X,0x000000008000112E] -> 0x4DF3
[1100] [M]: 0x000000008000112C (0x4DF3B423) sd x31, 0x4c8(x7)                       inst_179+16
mem[W,0x00000000800056B0] <- 0xFFFFFFFFFFFFFBFF

mem[X,0x0000000080001130] -> 0x0F13
mem[X,0x0000000080001132] -> 0xBFF0
[1101] [M]: 0x0000000080001130 (0xBFF00F13) addi x30, x0, -0x401                    inst_180+0
x30 <- 0xFFFFFFFFFFFFFBFF

clint mtime 0x0000000000000227 (mip.MTI <- 0b1, mip.STI <- 0b0)
mem[X,0x0000000080001134] -> 0x0E93
mem[X,0x0000000080001136] -> 0x4000
[1102] [M]: 0x0000000080001134 (0x40000E93) addi x29, x0, 0x400                     inst_180+4
x29 <- 0x0000000000000400

mem[X,0x0000000080001138] -> 0x1FB3
mem[X,0x000000008000113A] -> 0x29DF
[1103] [M]: 0x0000000080001138 (0x29DF1FB3) bset x31, x30, x29                      inst_180+8
x31 <- 0xFFFFFFFFFFFFFBFF

clint mtime 0x0000000000000228 (mip.MTI <- 0b1, mip.STI <- 0b0)
mem[X,0x000000008000113C] -> 0xB823
mem[X,0x000000008000113E] -> 0x4DF3
[1104] [M]: 0x000000008000113C (0x4DF3B823) sd x31, 0x4d0(x7)                       inst_180+12
mem[W,0x00000000800056B8] <- 0xFFFFFFFFFFFFFBFF

mem[X,0x0000000080001140] -> 0x0F13
mem[X,0x0000000080001142] -> 0xBFF0
[1105] [M]: 0x0000000080001140 (0xBFF00F13) addi x30, x0, -0x401                    inst_181+0
x30 <- 0xFFFFFFFFFFFFFBFF

clint mtime 0x0000000000000229 (mip.MTI <- 0b1, mip.STI <- 0b0)
mem[X,0x0000000080001144] -> 0x0E93
mem[X,0x0000000080001146] -> 0x2000
[1106] [M]: 0x0000000080001144 (0x20000E93) addi x29, x0, 0x200                     inst_181+4
x29 <- 0x0000000000000200

mem[X,0x0000000080001148] -> 0x1FB3
mem[X,0x000000008000114A] -> 0x29DF
[1107] [M]: 0x0000000080001148 (0x29DF1FB3) bset x31, x30, x29                      inst_181+8
x31 <- 0xFFFFFFFFFFFFFBFF

clint mtime 0x000000000000022A (mip.MTI <- 0b1, mip.STI <- 0b0)
mem[X,0x000000008000114C] -> 0xBC23
mem[X,0x000000008000114E] -> 0x4DF3
[1108] [M]: 0x000000008000114C (0x4DF3BC23) sd x31, 0x4d8(x7)                       inst_181+12
mem[W,0x00000000800056C0] <- 0xFFFFFFFFFFFFFBFF

mem[X,0x0000000080001150] -> 0x0F13
mem[X,0x0000000080001152] -> 0xBFF0
[1109] [M]: 0x0000000080001150 (0xBFF00F13) addi x30, x0, -0x401                    inst_182+0
x30 <- 0xFFFFFFFFFFFFFBFF

clint mtime 0x000000000000022B (mip.MTI <- 0b1, mip.STI <- 0b0)
mem[X,0x0000000080001154] -> 0x0E93
mem[X,0x0000000080001156] -> 0x1000
[1110] [M]: 0x0000000080001154 (0x10000E93) addi x29, x0, 0x100                     inst_182+4
x29 <- 0x0000000000000100

mem[X,0x0000000080001158] -> 0x1FB3
mem[X,0x000000008000115A] -> 0x29DF
[1111] [M]: 0x0000000080001158 (0x29DF1FB3) bset x31, x30, x29                      inst_182+8
x31 <- 0xFFFFFFFFFFFFFBFF

clint mtime 0x000000000000022C (mip.MTI <- 0b1, mip.STI <- 0b0)
mem[X,0x000000008000115C] -> 0xB023
mem[X,0x000000008000115E] -> 0x4FF3
[1112] [M]: 0x000000008000115C (0x4FF3B023) sd x31, 0x4e0(x7)                       inst_182+12
mem[W,0x00000000800056C8] <- 0xFFFFFFFFFFFFFBFF

mem[X,0x0000000080001160] -> 0x0F13
mem[X,0x0000000080001162] -> 0xBFF0
[1113] [M]: 0x0000000080001160 (0xBFF00F13) addi x30, x0, -0x401                    inst_183+0
x30 <- 0xFFFFFFFFFFFFFBFF

clint mtime 0x000000000000022D (mip.MTI <- 0b1, mip.STI <- 0b0)
mem[X,0x0000000080001164] -> 0x0E93
mem[X,0x0000000080001166] -> 0x0800
[1114] [M]: 0x0000000080001164 (0x08000E93) addi x29, x0, 0x80                      inst_183+4
x29 <- 0x0000000000000080

mem[X,0x0000000080001168] -> 0x1FB3
mem[X,0x000000008000116A] -> 0x29DF
[1115] [M]: 0x0000000080001168 (0x29DF1FB3) bset x31, x30, x29                      inst_183+8
x31 <- 0xFFFFFFFFFFFFFBFF

clint mtime 0x000000000000022E (mip.MTI <- 0b1, mip.STI <- 0b0)
mem[X,0x000000008000116C] -> 0xB423
mem[X,0x000000008000116E] -> 0x4FF3
[1116] [M]: 0x000000008000116C (0x4FF3B423) sd x31, 0x4e8(x7)                       inst_183+12
mem[W,0x00000000800056D0] <- 0xFFFFFFFFFFFFFBFF

mem[X,0x0000000080001170] -> 0x0F13
mem[X,0x0000000080001172] -> 0xBFF0
[1117] [M]: 0x0000000080001170 (0xBFF00F13) addi x30, x0, -0x401                    inst_184+0
x30 <- 0xFFFFFFFFFFFFFBFF

clint mtime 0x000000000000022F (mip.MTI <- 0b1, mip.STI <- 0b0)
mem[X,0x0000000080001174] -> 0x0E93
mem[X,0x0000000080001176] -> 0x0400
[1118] [M]: 0x0000000080001174 (0x04000E93) addi x29, x0, 0x40                      inst_184+4
x29 <- 0x0000000000000040

mem[X,0x0000000080001178] -> 0x1FB3
mem[X,0x000000008000117A] -> 0x29DF
[1119] [M]: 0x0000000080001178 (0x29DF1FB3) bset x31, x30, x29                      inst_184+8
x31 <- 0xFFFFFFFFFFFFFBFF

clint mtime 0x0000000000000230 (mip.MTI <- 0b1, mip.STI <- 0b0)
mem[X,0x000000008000117C] -> 0xB823
mem[X,0x000000008000117E] -> 0x4FF3
[1120] [M]: 0x000000008000117C (0x4FF3B823) sd x31, 0x4f0(x7)                       inst_184+12
mem[W,0x00000000800056D8] <- 0xFFFFFFFFFFFFFBFF

mem[X,0x0000000080001180] -> 0x0F13
mem[X,0x0000000080001182] -> 0xBFF0
[1121] [M]: 0x0000000080001180 (0xBFF00F13) addi x30, x0, -0x401                    inst_185+0
x30 <- 0xFFFFFFFFFFFFFBFF

clint mtime 0x0000000000000231 (mip.MTI <- 0b1, mip.STI <- 0b0)
mem[X,0x0000000080001184] -> 0x0E93
mem[X,0x0000000080001186] -> 0x0200
[1122] [M]: 0x0000000080001184 (0x02000E93) addi x29, x0, 0x20                      inst_185+4
x29 <- 0x0000000000000020

mem[X,0x0000000080001188] -> 0x1FB3
mem[X,0x000000008000118A] -> 0x29DF
[1123] [M]: 0x0000000080001188 (0x29DF1FB3) bset x31, x30, x29                      inst_185+8
x31 <- 0xFFFFFFFFFFFFFBFF

clint mtime 0x0000000000000232 (mip.MTI <- 0b1, mip.STI <- 0b0)
mem[X,0x000000008000118C] -> 0xBC23
mem[X,0x000000008000118E] -> 0x4FF3
[1124] [M]: 0x000000008000118C (0x4FF3BC23) sd x31, 0x4f8(x7)                       inst_185+12
mem[W,0x00000000800056E0] <- 0xFFFFFFFFFFFFFBFF

mem[X,0x0000000080001190] -> 0x0F13
mem[X,0x0000000080001192] -> 0xBFF0
[1125] [M]: 0x0000000080001190 (0xBFF00F13) addi x30, x0, -0x401                    inst_186+0
x30 <- 0xFFFFFFFFFFFFFBFF

clint mtime 0x0000000000000233 (mip.MTI <- 0b1, mip.STI <- 0b0)
mem[X,0x0000000080001194] -> 0x0E93
mem[X,0x0000000080001196] -> 0x0100
[1126] [M]: 0x0000000080001194 (0x01000E93) addi x29, x0, 0x10                      inst_186+4
x29 <- 0x0000000000000010

mem[X,0x0000000080001198] -> 0x1FB3
mem[X,0x000000008000119A] -> 0x29DF
[1127] [M]: 0x0000000080001198 (0x29DF1FB3) bset x31, x30, x29                      inst_186+8
x31 <- 0xFFFFFFFFFFFFFBFF

clint mtime 0x0000000000000234 (mip.MTI <- 0b1, mip.STI <- 0b0)
mem[X,0x000000008000119C] -> 0xB023
mem[X,0x000000008000119E] -> 0x51F3
[1128] [M]: 0x000000008000119C (0x51F3B023) sd x31, 0x500(x7)                       inst_186+12
mem[W,0x00000000800056E8] <- 0xFFFFFFFFFFFFFBFF

mem[X,0x00000000800011A0] -> 0x0F13
mem[X,0x00000000800011A2] -> 0xBFF0
[1129] [M]: 0x00000000800011A0 (0xBFF00F13) addi x30, x0, -0x401                    inst_187+0
x30 <- 0xFFFFFFFFFFFFFBFF

clint mtime 0x0000000000000235 (mip.MTI <- 0b1, mip.STI <- 0b0)
mem[X,0x00000000800011A4] -> 0x0E93
mem[X,0x00000000800011A6] -> 0x0080
[1130] [M]: 0x00000000800011A4 (0x00800E93) addi x29, x0, 0x8                       inst_187+4
x29 <- 0x0000000000000008

mem[X,0x00000000800011A8] -> 0x1FB3
mem[X,0x00000000800011AA] -> 0x29DF
[1131] [M]: 0x00000000800011A8 (0x29DF1FB3) bset x31, x30, x29                      inst_187+8
x31 <- 0xFFFFFFFFFFFFFBFF

clint mtime 0x0000000000000236 (mip.MTI <- 0b1, mip.STI <- 0b0)
mem[X,0x00000000800011AC] -> 0xB423
mem[X,0x00000000800011AE] -> 0x51F3
[1132] [M]: 0x00000000800011AC (0x51F3B423) sd x31, 0x508(x7)                       inst_187+12
mem[W,0x00000000800056F0] <- 0xFFFFFFFFFFFFFBFF

mem[X,0x00000000800011B0] -> 0x0F13
mem[X,0x00000000800011B2] -> 0xBFF0
[1133] [M]: 0x00000000800011B0 (0xBFF00F13) addi x30, x0, -0x401                    inst_188+0
x30 <- 0xFFFFFFFFFFFFFBFF

clint mtime 0x0000000000000237 (mip.MTI <- 0b1, mip.STI <- 0b0)
mem[X,0x00000000800011B4] -> 0x0E93
mem[X,0x00000000800011B6] -> 0x0040
[1134] [M]: 0x00000000800011B4 (0x00400E93) addi x29, x0, 0x4                       inst_188+4
x29 <- 0x0000000000000004

mem[X,0x00000000800011B8] -> 0x1FB3
mem[X,0x00000000800011BA] -> 0x29DF
[1135] [M]: 0x00000000800011B8 (0x29DF1FB3) bset x31, x30, x29                      inst_188+8
x31 <- 0xFFFFFFFFFFFFFBFF

clint mtime 0x0000000000000238 (mip.MTI <- 0b1, mip.STI <- 0b0)
mem[X,0x00000000800011BC] -> 0xB823
mem[X,0x00000000800011BE] -> 0x51F3
[1136] [M]: 0x00000000800011BC (0x51F3B823) sd x31, 0x510(x7)                       inst_188+12
mem[W,0x00000000800056F8] <- 0xFFFFFFFFFFFFFBFF

mem[X,0x00000000800011C0] -> 0x0F13
mem[X,0x00000000800011C2] -> 0xBFF0
[1137] [M]: 0x00000000800011C0 (0xBFF00F13) addi x30, x0, -0x401                    inst_189+0
x30 <- 0xFFFFFFFFFFFFFBFF

clint mtime 0x0000000000000239 (mip.MTI <- 0b1, mip.STI <- 0b0)
mem[X,0x00000000800011C4] -> 0x0E93
mem[X,0x00000000800011C6] -> 0x0020
[1138] [M]: 0x00000000800011C4 (0x00200E93) addi x29, x0, 0x2                       inst_189+4
x29 <- 0x0000000000000002

mem[X,0x00000000800011C8] -> 0x1FB3
mem[X,0x00000000800011CA] -> 0x29DF
[1139] [M]: 0x00000000800011C8 (0x29DF1FB3) bset x31, x30, x29                      inst_189+8
x31 <- 0xFFFFFFFFFFFFFBFF

clint mtime 0x000000000000023A (mip.MTI <- 0b1, mip.STI <- 0b0)
mem[X,0x00000000800011CC] -> 0xBC23
mem[X,0x00000000800011CE] -> 0x51F3
[1140] [M]: 0x00000000800011CC (0x51F3BC23) sd x31, 0x518(x7)                       inst_189+12
mem[W,0x0000000080005700] <- 0xFFFFFFFFFFFFFBFF

mem[X,0x00000000800011D0] -> 0x0F13
mem[X,0x00000000800011D2] -> 0xBFF0
[1141] [M]: 0x00000000800011D0 (0xBFF00F13) addi x30, x0, -0x401                    inst_190+0
x30 <- 0xFFFFFFFFFFFFFBFF

clint mtime 0x000000000000023B (mip.MTI <- 0b1, mip.STI <- 0b0)
mem[X,0x00000000800011D4] -> 0x0E93
mem[X,0x00000000800011D6] -> 0x0010
[1142] [M]: 0x00000000800011D4 (0x00100E93) addi x29, x0, 0x1                       inst_190+4
x29 <- 0x0000000000000001

mem[X,0x00000000800011D8] -> 0x1FB3
mem[X,0x00000000800011DA] -> 0x29DF
[1143] [M]: 0x00000000800011D8 (0x29DF1FB3) bset x31, x30, x29                      inst_190+8
x31 <- 0xFFFFFFFFFFFFFBFF

clint mtime 0x000000000000023C (mip.MTI <- 0b1, mip.STI <- 0b0)
mem[X,0x00000000800011DC] -> 0xB023
mem[X,0x00000000800011DE] -> 0x53F3
[1144] [M]: 0x00000000800011DC (0x53F3B023) sd x31, 0x520(x7)                       inst_190+12
mem[W,0x0000000080005708] <- 0xFFFFFFFFFFFFFBFF

mem[X,0x00000000800011E0] -> 0x0F13
mem[X,0x00000000800011E2] -> 0xFFF0
[1145] [M]: 0x00000000800011E0 (0xFFF00F13) addi x30, x0, -0x1                      inst_191+0
x30 <- 0xFFFFFFFFFFFFFFFF

clint mtime 0x000000000000023D (mip.MTI <- 0b1, mip.STI <- 0b0)
mem[X,0x00000000800011E4] -> 0x1F13
mem[X,0x00000000800011E6] -> 0x03FF
[1146] [M]: 0x00000000800011E4 (0x03FF1F13) slli x30, x30, 0x3f                     inst_191+4
x30 <- 0x8000000000000000

mem[X,0x00000000800011E8] -> 0x0E93
mem[X,0x00000000800011EA] -> 0xBFF0
[1147] [M]: 0x00000000800011E8 (0xBFF00E93) addi x29, x0, -0x401                    inst_191+8
x29 <- 0xFFFFFFFFFFFFFBFF

clint mtime 0x000000000000023E (mip.MTI <- 0b1, mip.STI <- 0b0)
mem[X,0x00000000800011EC] -> 0x1FB3
mem[X,0x00000000800011EE] -> 0x29DF
[1148] [M]: 0x00000000800011EC (0x29DF1FB3) bset x31, x30, x29                      inst_191+12
x31 <- 0x8000000000000000

mem[X,0x00000000800011F0] -> 0xB423
mem[X,0x00000000800011F2] -> 0x53F3
[1149] [M]: 0x00000000800011F0 (0x53F3B423) sd x31, 0x528(x7)                       inst_191+16
mem[W,0x0000000080005710] <- 0x8000000000000000

clint mtime 0x000000000000023F (mip.MTI <- 0b1, mip.STI <- 0b0)
mem[X,0x00000000800011F4] -> 0x0F13
mem[X,0x00000000800011F6] -> 0x0010
[1150] [M]: 0x00000000800011F4 (0x00100F13) addi x30, x0, 0x1                       inst_192+0
x30 <- 0x0000000000000001

mem[X,0x00000000800011F8] -> 0x1F13
mem[X,0x00000000800011FA] -> 0x03EF
[1151] [M]: 0x00000000800011F8 (0x03EF1F13) slli x30, x30, 0x3e                     inst_192+4
x30 <- 0x4000000000000000

clint mtime 0x0000000000000240 (mip.MTI <- 0b1, mip.STI <- 0b0)
mem[X,0x00000000800011FC] -> 0x0E93
mem[X,0x00000000800011FE] -> 0xBFF0
[1152] [M]: 0x00000000800011FC (0xBFF00E93) addi x29, x0, -0x401                    inst_192+8
x29 <- 0xFFFFFFFFFFFFFBFF

mem[X,0x0000000080001200] -> 0x1FB3
mem[X,0x0000000080001202] -> 0x29DF
[1153] [M]: 0x0000000080001200 (0x29DF1FB3) bset x31, x30, x29                      inst_192+12
x31 <- 0xC000000000000000

clint mtime 0x0000000000000241 (mip.MTI <- 0b1, mip.STI <- 0b0)
mem[X,0x0000000080001204] -> 0xB823
mem[X,0x0000000080001206] -> 0x53F3
[1154] [M]: 0x0000000080001204 (0x53F3B823) sd x31, 0x530(x7)                       inst_192+16
mem[W,0x0000000080005718] <- 0xC000000000000000

mem[X,0x0000000080001208] -> 0x0F13
mem[X,0x000000008000120A] -> 0x0010
[1155] [M]: 0x0000000080001208 (0x00100F13) addi x30, x0, 0x1                       inst_193+0
x30 <- 0x0000000000000001

clint mtime 0x0000000000000242 (mip.MTI <- 0b1, mip.STI <- 0b0)
mem[X,0x000000008000120C] -> 0x1F13
mem[X,0x000000008000120E] -> 0x03DF
[1156] [M]: 0x000000008000120C (0x03DF1F13) slli x30, x30, 0x3d                     inst_193+4
x30 <- 0x2000000000000000

mem[X,0x0000000080001210] -> 0x0E93
mem[X,0x0000000080001212] -> 0xBFF0
[1157] [M]: 0x0000000080001210 (0xBFF00E93) addi x29, x0, -0x401                    inst_193+8
x29 <- 0xFFFFFFFFFFFFFBFF

clint mtime 0x0000000000000243 (mip.MTI <- 0b1, mip.STI <- 0b0)
mem[X,0x0000000080001214] -> 0x1FB3
mem[X,0x0000000080001216] -> 0x29DF
[1158] [M]: 0x0000000080001214 (0x29DF1FB3) bset x31, x30, x29                      inst_193+12
x31 <- 0xA000000000000000

mem[X,0x0000000080001218] -> 0xBC23
mem[X,0x000000008000121A] -> 0x53F3
[1159] [M]: 0x0000000080001218 (0x53F3BC23) sd x31, 0x538(x7)                       inst_193+16
mem[W,0x0000000080005720] <- 0xA000000000000000

clint mtime 0x0000000000000244 (mip.MTI <- 0b1, mip.STI <- 0b0)
mem[X,0x000000008000121C] -> 0x0F13
mem[X,0x000000008000121E] -> 0x0010
[1160] [M]: 0x000000008000121C (0x00100F13) addi x30, x0, 0x1                       inst_194+0
x30 <- 0x0000000000000001

mem[X,0x0000000080001220] -> 0x1F13
mem[X,0x0000000080001222] -> 0x03CF
[1161] [M]: 0x0000000080001220 (0x03CF1F13) slli x30, x30, 0x3c                     inst_194+4
x30 <- 0x1000000000000000

clint mtime 0x0000000000000245 (mip.MTI <- 0b1, mip.STI <- 0b0)
mem[X,0x0000000080001224] -> 0x0E93
mem[X,0x0000000080001226] -> 0xBFF0
[1162] [M]: 0x0000000080001224 (0xBFF00E93) addi x29, x0, -0x401                    inst_194+8
x29 <- 0xFFFFFFFFFFFFFBFF

mem[X,0x0000000080001228] -> 0x1FB3
mem[X,0x000000008000122A] -> 0x29DF
[1163] [M]: 0x0000000080001228 (0x29DF1FB3) bset x31, x30, x29                      inst_194+12
x31 <- 0x9000000000000000

clint mtime 0x0000000000000246 (mip.MTI <- 0b1, mip.STI <- 0b0)
mem[X,0x000000008000122C] -> 0xB023
mem[X,0x000000008000122E] -> 0x55F3
[1164] [M]: 0x000000008000122C (0x55F3B023) sd x31, 0x540(x7)                       inst_194+16
mem[W,0x0000000080005728] <- 0x9000000000000000

mem[X,0x0000000080001230] -> 0x0F13
mem[X,0x0000000080001232] -> 0x0010
[1165] [M]: 0x0000000080001230 (0x00100F13) addi x30, x0, 0x1                       inst_195+0
x30 <- 0x0000000000000001

clint mtime 0x0000000000000247 (mip.MTI <- 0b1, mip.STI <- 0b0)
mem[X,0x0000000080001234] -> 0x1F13
mem[X,0x0000000080001236] -> 0x03BF
[1166] [M]: 0x0000000080001234 (0x03BF1F13) slli x30, x30, 0x3b                     inst_195+4
x30 <- 0x0800000000000000

mem[X,0x0000000080001238] -> 0x0E93
mem[X,0x000000008000123A] -> 0xBFF0
[1167] [M]: 0x0000000080001238 (0xBFF00E93) addi x29, x0, -0x401                    inst_195+8
x29 <- 0xFFFFFFFFFFFFFBFF

clint mtime 0x0000000000000248 (mip.MTI <- 0b1, mip.STI <- 0b0)
mem[X,0x000000008000123C] -> 0x1FB3
mem[X,0x000000008000123E] -> 0x29DF
[1168] [M]: 0x000000008000123C (0x29DF1FB3) bset x31, x30, x29                      inst_195+12
x31 <- 0x8800000000000000

mem[X,0x0000000080001240] -> 0xB423
mem[X,0x0000000080001242] -> 0x55F3
[1169] [M]: 0x0000000080001240 (0x55F3B423) sd x31, 0x548(x7)                       inst_195+16
mem[W,0x0000000080005730] <- 0x8800000000000000

clint mtime 0x0000000000000249 (mip.MTI <- 0b1, mip.STI <- 0b0)
mem[X,0x0000000080001244] -> 0x0F13
mem[X,0x0000000080001246] -> 0x0010
[1170] [M]: 0x0000000080001244 (0x00100F13) addi x30, x0, 0x1                       inst_196+0
x30 <- 0x0000000000000001

mem[X,0x0000000080001248] -> 0x1F13
mem[X,0x000000008000124A] -> 0x03AF
[1171] [M]: 0x0000000080001248 (0x03AF1F13) slli x30, x30, 0x3a                     inst_196+4
x30 <- 0x0400000000000000

clint mtime 0x000000000000024A (mip.MTI <- 0b1, mip.STI <- 0b0)
mem[X,0x000000008000124C] -> 0x0E93
mem[X,0x000000008000124E] -> 0xBFF0
[1172] [M]: 0x000000008000124C (0xBFF00E93) addi x29, x0, -0x401                    inst_196+8
x29 <- 0xFFFFFFFFFFFFFBFF

mem[X,0x0000000080001250] -> 0x1FB3
mem[X,0x0000000080001252] -> 0x29DF
[1173] [M]: 0x0000000080001250 (0x29DF1FB3) bset x31, x30, x29                      inst_196+12
x31 <- 0x8400000000000000

clint mtime 0x000000000000024B (mip.MTI <- 0b1, mip.STI <- 0b0)
mem[X,0x0000000080001254] -> 0xB823
mem[X,0x0000000080001256] -> 0x55F3
[1174] [M]: 0x0000000080001254 (0x55F3B823) sd x31, 0x550(x7)                       inst_196+16
mem[W,0x0000000080005738] <- 0x8400000000000000

mem[X,0x0000000080001258] -> 0x0F13
mem[X,0x000000008000125A] -> 0x0010
[1175] [M]: 0x0000000080001258 (0x00100F13) addi x30, x0, 0x1                       inst_197+0
x30 <- 0x0000000000000001

clint mtime 0x000000000000024C (mip.MTI <- 0b1, mip.STI <- 0b0)
mem[X,0x000000008000125C] -> 0x1F13
mem[X,0x000000008000125E] -> 0x039F
[1176] [M]: 0x000000008000125C (0x039F1F13) slli x30, x30, 0x39                     inst_197+4
x30 <- 0x0200000000000000

mem[X,0x0000000080001260] -> 0x0E93
mem[X,0x0000000080001262] -> 0xBFF0
[1177] [M]: 0x0000000080001260 (0xBFF00E93) addi x29, x0, -0x401                    inst_197+8
x29 <- 0xFFFFFFFFFFFFFBFF

clint mtime 0x000000000000024D (mip.MTI <- 0b1, mip.STI <- 0b0)
mem[X,0x0000000080001264] -> 0x1FB3
mem[X,0x0000000080001266] -> 0x29DF
[1178] [M]: 0x0000000080001264 (0x29DF1FB3) bset x31, x30, x29                      inst_197+12
x31 <- 0x8200000000000000

mem[X,0x0000000080001268] -> 0xBC23
mem[X,0x000000008000126A] -> 0x55F3
[1179] [M]: 0x0000000080001268 (0x55F3BC23) sd x31, 0x558(x7)                       inst_197+16
mem[W,0x0000000080005740] <- 0x8200000000000000

clint mtime 0x000000000000024E (mip.MTI <- 0b1, mip.STI <- 0b0)
mem[X,0x000000008000126C] -> 0x0F13
mem[X,0x000000008000126E] -> 0x0010
[1180] [M]: 0x000000008000126C (0x00100F13) addi x30, x0, 0x1                       inst_198+0
x30 <- 0x0000000000000001

mem[X,0x0000000080001270] -> 0x1F13
mem[X,0x0000000080001272] -> 0x038F
[1181] [M]: 0x0000000080001270 (0x038F1F13) slli x30, x30, 0x38                     inst_198+4
x30 <- 0x0100000000000000

clint mtime 0x000000000000024F (mip.MTI <- 0b1, mip.STI <- 0b0)
mem[X,0x0000000080001274] -> 0x0E93
mem[X,0x0000000080001276] -> 0xBFF0
[1182] [M]: 0x0000000080001274 (0xBFF00E93) addi x29, x0, -0x401                    inst_198+8
x29 <- 0xFFFFFFFFFFFFFBFF

mem[X,0x0000000080001278] -> 0x1FB3
mem[X,0x000000008000127A] -> 0x29DF
[1183] [M]: 0x0000000080001278 (0x29DF1FB3) bset x31, x30, x29                      inst_198+12
x31 <- 0x8100000000000000

clint mtime 0x0000000000000250 (mip.MTI <- 0b1, mip.STI <- 0b0)
mem[X,0x000000008000127C] -> 0xB023
mem[X,0x000000008000127E] -> 0x57F3
[1184] [M]: 0x000000008000127C (0x57F3B023) sd x31, 0x560(x7)                       inst_198+16
mem[W,0x0000000080005748] <- 0x8100000000000000

mem[X,0x0000000080001280] -> 0x0F13
mem[X,0x0000000080001282] -> 0x0010
[1185] [M]: 0x0000000080001280 (0x00100F13) addi x30, x0, 0x1                       inst_199+0
x30 <- 0x0000000000000001

clint mtime 0x0000000000000251 (mip.MTI <- 0b1, mip.STI <- 0b0)
mem[X,0x0000000080001284] -> 0x1F13
mem[X,0x0000000080001286] -> 0x037F
[1186] [M]: 0x0000000080001284 (0x037F1F13) slli x30, x30, 0x37                     inst_199+4
x30 <- 0x0080000000000000

mem[X,0x0000000080001288] -> 0x0E93
mem[X,0x000000008000128A] -> 0xBFF0
[1187] [M]: 0x0000000080001288 (0xBFF00E93) addi x29, x0, -0x401                    inst_199+8
x29 <- 0xFFFFFFFFFFFFFBFF

clint mtime 0x0000000000000252 (mip.MTI <- 0b1, mip.STI <- 0b0)
mem[X,0x000000008000128C] -> 0x1FB3
mem[X,0x000000008000128E] -> 0x29DF
[1188] [M]: 0x000000008000128C (0x29DF1FB3) bset x31, x30, x29                      inst_199+12
x31 <- 0x8080000000000000

mem[X,0x0000000080001290] -> 0xB423
mem[X,0x0000000080001292] -> 0x57F3
[1189] [M]: 0x0000000080001290 (0x57F3B423) sd x31, 0x568(x7)                       inst_199+16
mem[W,0x0000000080005750] <- 0x8080000000000000

clint mtime 0x0000000000000253 (mip.MTI <- 0b1, mip.STI <- 0b0)
mem[X,0x0000000080001294] -> 0x0F13
mem[X,0x0000000080001296] -> 0x0010
[1190] [M]: 0x0000000080001294 (0x00100F13) addi x30, x0, 0x1                       inst_200+0
x30 <- 0x0000000000000001

mem[X,0x0000000080001298] -> 0x1F13
mem[X,0x000000008000129A] -> 0x036F
[1191] [M]: 0x0000000080001298 (0x036F1F13) slli x30, x30, 0x36                     inst_200+4
x30 <- 0x0040000000000000

clint mtime 0x0000000000000254 (mip.MTI <- 0b1, mip.STI <- 0b0)
mem[X,0x000000008000129C] -> 0x0E93
mem[X,0x000000008000129E] -> 0xBFF0
[1192] [M]: 0x000000008000129C (0xBFF00E93) addi x29, x0, -0x401                    inst_200+8
x29 <- 0xFFFFFFFFFFFFFBFF

mem[X,0x00000000800012A0] -> 0x1FB3
mem[X,0x00000000800012A2] -> 0x29DF
[1193] [M]: 0x00000000800012A0 (0x29DF1FB3) bset x31, x30, x29                      inst_200+12
x31 <- 0x8040000000000000

clint mtime 0x0000000000000255 (mip.MTI <- 0b1, mip.STI <- 0b0)
mem[X,0x00000000800012A4] -> 0xB823
mem[X,0x00000000800012A6] -> 0x57F3
[1194] [M]: 0x00000000800012A4 (0x57F3B823) sd x31, 0x570(x7)                       inst_200+16
mem[W,0x0000000080005758] <- 0x8040000000000000

mem[X,0x00000000800012A8] -> 0x0F13
mem[X,0x00000000800012AA] -> 0x0010
[1195] [M]: 0x00000000800012A8 (0x00100F13) addi x30, x0, 0x1                       inst_201+0
x30 <- 0x0000000000000001

clint mtime 0x0000000000000256 (mip.MTI <- 0b1, mip.STI <- 0b0)
mem[X,0x00000000800012AC] -> 0x1F13
mem[X,0x00000000800012AE] -> 0x035F
[1196] [M]: 0x00000000800012AC (0x035F1F13) slli x30, x30, 0x35                     inst_201+4
x30 <- 0x0020000000000000

mem[X,0x00000000800012B0] -> 0x0E93
mem[X,0x00000000800012B2] -> 0xBFF0
[1197] [M]: 0x00000000800012B0 (0xBFF00E93) addi x29, x0, -0x401                    inst_201+8
x29 <- 0xFFFFFFFFFFFFFBFF

clint mtime 0x0000000000000257 (mip.MTI <- 0b1, mip.STI <- 0b0)
mem[X,0x00000000800012B4] -> 0x1FB3
mem[X,0x00000000800012B6] -> 0x29DF
[1198] [M]: 0x00000000800012B4 (0x29DF1FB3) bset x31, x30, x29                      inst_201+12
x31 <- 0x8020000000000000

mem[X,0x00000000800012B8] -> 0xBC23
mem[X,0x00000000800012BA] -> 0x57F3
[1199] [M]: 0x00000000800012B8 (0x57F3BC23) sd x31, 0x578(x7)                       inst_201+16
mem[W,0x0000000080005760] <- 0x8020000000000000

clint mtime 0x0000000000000258 (mip.MTI <- 0b1, mip.STI <- 0b0)
mem[X,0x00000000800012BC] -> 0x0F13
mem[X,0x00000000800012BE] -> 0x0010
[1200] [M]: 0x00000000800012BC (0x00100F13) addi x30, x0, 0x1                       inst_202+0
x30 <- 0x0000000000000001

mem[X,0x00000000800012C0] -> 0x1F13
mem[X,0x00000000800012C2] -> 0x034F
[1201] [M]: 0x00000000800012C0 (0x034F1F13) slli x30, x30, 0x34                     inst_202+4
x30 <- 0x0010000000000000

clint mtime 0x0000000000000259 (mip.MTI <- 0b1, mip.STI <- 0b0)
mem[X,0x00000000800012C4] -> 0x0E93
mem[X,0x00000000800012C6] -> 0xBFF0
[1202] [M]: 0x00000000800012C4 (0xBFF00E93) addi x29, x0, -0x401                    inst_202+8
x29 <- 0xFFFFFFFFFFFFFBFF

mem[X,0x00000000800012C8] -> 0x1FB3
mem[X,0x00000000800012CA] -> 0x29DF
[1203] [M]: 0x00000000800012C8 (0x29DF1FB3) bset x31, x30, x29                      inst_202+12
x31 <- 0x8010000000000000

clint mtime 0x000000000000025A (mip.MTI <- 0b1, mip.STI <- 0b0)
mem[X,0x00000000800012CC] -> 0xB023
mem[X,0x00000000800012CE] -> 0x59F3
[1204] [M]: 0x00000000800012CC (0x59F3B023) sd x31, 0x580(x7)                       inst_202+16
mem[W,0x0000000080005768] <- 0x8010000000000000

mem[X,0x00000000800012D0] -> 0x0F13
mem[X,0x00000000800012D2] -> 0x0010
[1205] [M]: 0x00000000800012D0 (0x00100F13) addi x30, x0, 0x1                       inst_203+0
x30 <- 0x0000000000000001

clint mtime 0x000000000000025B (mip.MTI <- 0b1, mip.STI <- 0b0)
mem[X,0x00000000800012D4] -> 0x1F13
mem[X,0x00000000800012D6] -> 0x033F
[1206] [M]: 0x00000000800012D4 (0x033F1F13) slli x30, x30, 0x33                     inst_203+4
x30 <- 0x0008000000000000

mem[X,0x00000000800012D8] -> 0x0E93
mem[X,0x00000000800012DA] -> 0xBFF0
[1207] [M]: 0x00000000800012D8 (0xBFF00E93) addi x29, x0, -0x401                    inst_203+8
x29 <- 0xFFFFFFFFFFFFFBFF

clint mtime 0x000000000000025C (mip.MTI <- 0b1, mip.STI <- 0b0)
mem[X,0x00000000800012DC] -> 0x1FB3
mem[X,0x00000000800012DE] -> 0x29DF
[1208] [M]: 0x00000000800012DC (0x29DF1FB3) bset x31, x30, x29                      inst_203+12
x31 <- 0x8008000000000000

mem[X,0x00000000800012E0] -> 0xB423
mem[X,0x00000000800012E2] -> 0x59F3
[1209] [M]: 0x00000000800012E0 (0x59F3B423) sd x31, 0x588(x7)                       inst_203+16
mem[W,0x0000000080005770] <- 0x8008000000000000

clint mtime 0x000000000000025D (mip.MTI <- 0b1, mip.STI <- 0b0)
mem[X,0x00000000800012E4] -> 0x0F13
mem[X,0x00000000800012E6] -> 0x0010
[1210] [M]: 0x00000000800012E4 (0x00100F13) addi x30, x0, 0x1                       inst_204+0
x30 <- 0x0000000000000001

mem[X,0x00000000800012E8] -> 0x1F13
mem[X,0x00000000800012EA] -> 0x032F
[1211] [M]: 0x00000000800012E8 (0x032F1F13) slli x30, x30, 0x32                     inst_204+4
x30 <- 0x0004000000000000

clint mtime 0x000000000000025E (mip.MTI <- 0b1, mip.STI <- 0b0)
mem[X,0x00000000800012EC] -> 0x0E93
mem[X,0x00000000800012EE] -> 0xBFF0
[1212] [M]: 0x00000000800012EC (0xBFF00E93) addi x29, x0, -0x401                    inst_204+8
x29 <- 0xFFFFFFFFFFFFFBFF

mem[X,0x00000000800012F0] -> 0x1FB3
mem[X,0x00000000800012F2] -> 0x29DF
[1213] [M]: 0x00000000800012F0 (0x29DF1FB3) bset x31, x30, x29                      inst_204+12
x31 <- 0x8004000000000000

clint mtime 0x000000000000025F (mip.MTI <- 0b1, mip.STI <- 0b0)
mem[X,0x00000000800012F4] -> 0xB823
mem[X,0x00000000800012F6] -> 0x59F3
[1214] [M]: 0x00000000800012F4 (0x59F3B823) sd x31, 0x590(x7)                       inst_204+16
mem[W,0x0000000080005778] <- 0x8004000000000000

mem[X,0x00000000800012F8] -> 0x0F13
mem[X,0x00000000800012FA] -> 0x0010
[1215] [M]: 0x00000000800012F8 (0x00100F13) addi x30, x0, 0x1                       inst_205+0
x30 <- 0x0000000000000001

clint mtime 0x0000000000000260 (mip.MTI <- 0b1, mip.STI <- 0b0)
mem[X,0x00000000800012FC] -> 0x1F13
mem[X,0x00000000800012FE] -> 0x031F
[1216] [M]: 0x00000000800012FC (0x031F1F13) slli x30, x30, 0x31                     inst_205+4
x30 <- 0x0002000000000000

mem[X,0x0000000080001300] -> 0x0E93
mem[X,0x0000000080001302] -> 0xBFF0
[1217] [M]: 0x0000000080001300 (0xBFF00E93) addi x29, x0, -0x401                    inst_205+8
x29 <- 0xFFFFFFFFFFFFFBFF

clint mtime 0x0000000000000261 (mip.MTI <- 0b1, mip.STI <- 0b0)
mem[X,0x0000000080001304] -> 0x1FB3
mem[X,0x0000000080001306] -> 0x29DF
[1218] [M]: 0x0000000080001304 (0x29DF1FB3) bset x31, x30, x29                      inst_205+12
x31 <- 0x8002000000000000

mem[X,0x0000000080001308] -> 0xBC23
mem[X,0x000000008000130A] -> 0x59F3
[1219] [M]: 0x0000000080001308 (0x59F3BC23) sd x31, 0x598(x7)                       inst_205+16
mem[W,0x0000000080005780] <- 0x8002000000000000

clint mtime 0x0000000000000262 (mip.MTI <- 0b1, mip.STI <- 0b0)
mem[X,0x000000008000130C] -> 0x0F13
mem[X,0x000000008000130E] -> 0x0010
[1220] [M]: 0x000000008000130C (0x00100F13) addi x30, x0, 0x1                       inst_206+0
x30 <- 0x0000000000000001

mem[X,0x0000000080001310] -> 0x1F13
mem[X,0x0000000080001312] -> 0x030F
[1221] [M]: 0x0000000080001310 (0x030F1F13) slli x30, x30, 0x30                     inst_206+4
x30 <- 0x0001000000000000

clint mtime 0x0000000000000263 (mip.MTI <- 0b1, mip.STI <- 0b0)
mem[X,0x0000000080001314] -> 0x0E93
mem[X,0x0000000080001316] -> 0xBFF0
[1222] [M]: 0x0000000080001314 (0xBFF00E93) addi x29, x0, -0x401                    inst_206+8
x29 <- 0xFFFFFFFFFFFFFBFF

mem[X,0x0000000080001318] -> 0x1FB3
mem[X,0x000000008000131A] -> 0x29DF
[1223] [M]: 0x0000000080001318 (0x29DF1FB3) bset x31, x30, x29                      inst_206+12
x31 <- 0x8001000000000000

clint mtime 0x0000000000000264 (mip.MTI <- 0b1, mip.STI <- 0b0)
mem[X,0x000000008000131C] -> 0xB023
mem[X,0x000000008000131E] -> 0x5BF3
[1224] [M]: 0x000000008000131C (0x5BF3B023) sd x31, 0x5a0(x7)                       inst_206+16
mem[W,0x0000000080005788] <- 0x8001000000000000

mem[X,0x0000000080001320] -> 0x0F13
mem[X,0x0000000080001322] -> 0x0010
[1225] [M]: 0x0000000080001320 (0x00100F13) addi x30, x0, 0x1                       inst_207+0
x30 <- 0x0000000000000001

clint mtime 0x0000000000000265 (mip.MTI <- 0b1, mip.STI <- 0b0)
mem[X,0x0000000080001324] -> 0x1F13
mem[X,0x0000000080001326] -> 0x02FF
[1226] [M]: 0x0000000080001324 (0x02FF1F13) slli x30, x30, 0x2f                     inst_207+4
x30 <- 0x0000800000000000

mem[X,0x0000000080001328] -> 0x0E93
mem[X,0x000000008000132A] -> 0xBFF0
[1227] [M]: 0x0000000080001328 (0xBFF00E93) addi x29, x0, -0x401                    inst_207+8
x29 <- 0xFFFFFFFFFFFFFBFF

clint mtime 0x0000000000000266 (mip.MTI <- 0b1, mip.STI <- 0b0)
mem[X,0x000000008000132C] -> 0x1FB3
mem[X,0x000000008000132E] -> 0x29DF
[1228] [M]: 0x000000008000132C (0x29DF1FB3) bset x31, x30, x29                      inst_207+12
x31 <- 0x8000800000000000

mem[X,0x0000000080001330] -> 0xB423
mem[X,0x0000000080001332] -> 0x5BF3
[1229] [M]: 0x0000000080001330 (0x5BF3B423) sd x31, 0x5a8(x7)                       inst_207+16
mem[W,0x0000000080005790] <- 0x8000800000000000

clint mtime 0x0000000000000267 (mip.MTI <- 0b1, mip.STI <- 0b0)
mem[X,0x0000000080001334] -> 0x0F13
mem[X,0x0000000080001336] -> 0x0010
[1230] [M]: 0x0000000080001334 (0x00100F13) addi x30, x0, 0x1                       inst_208+0
x30 <- 0x0000000000000001

mem[X,0x0000000080001338] -> 0x1F13
mem[X,0x000000008000133A] -> 0x02EF
[1231] [M]: 0x0000000080001338 (0x02EF1F13) slli x30, x30, 0x2e                     inst_208+4
x30 <- 0x0000400000000000

clint mtime 0x0000000000000268 (mip.MTI <- 0b1, mip.STI <- 0b0)
mem[X,0x000000008000133C] -> 0x0E93
mem[X,0x000000008000133E] -> 0xBFF0
[1232] [M]: 0x000000008000133C (0xBFF00E93) addi x29, x0, -0x401                    inst_208+8
x29 <- 0xFFFFFFFFFFFFFBFF

mem[X,0x0000000080001340] -> 0x1FB3
mem[X,0x0000000080001342] -> 0x29DF
[1233] [M]: 0x0000000080001340 (0x29DF1FB3) bset x31, x30, x29                      inst_208+12
x31 <- 0x8000400000000000

clint mtime 0x0000000000000269 (mip.MTI <- 0b1, mip.STI <- 0b0)
mem[X,0x0000000080001344] -> 0xB823
mem[X,0x0000000080001346] -> 0x5BF3
[1234] [M]: 0x0000000080001344 (0x5BF3B823) sd x31, 0x5b0(x7)                       inst_208+16
mem[W,0x0000000080005798] <- 0x8000400000000000

mem[X,0x0000000080001348] -> 0x0F13
mem[X,0x000000008000134A] -> 0x0010
[1235] [M]: 0x0000000080001348 (0x00100F13) addi x30, x0, 0x1                       inst_209+0
x30 <- 0x0000000000000001

clint mtime 0x000000000000026A (mip.MTI <- 0b1, mip.STI <- 0b0)
mem[X,0x000000008000134C] -> 0x1F13
mem[X,0x000000008000134E] -> 0x02DF
[1236] [M]: 0x000000008000134C (0x02DF1F13) slli x30, x30, 0x2d                     inst_209+4
x30 <- 0x0000200000000000

mem[X,0x0000000080001350] -> 0x0E93
mem[X,0x0000000080001352] -> 0xBFF0
[1237] [M]: 0x0000000080001350 (0xBFF00E93) addi x29, x0, -0x401                    inst_209+8
x29 <- 0xFFFFFFFFFFFFFBFF

clint mtime 0x000000000000026B (mip.MTI <- 0b1, mip.STI <- 0b0)
mem[X,0x0000000080001354] -> 0x1FB3
mem[X,0x0000000080001356] -> 0x29DF
[1238] [M]: 0x0000000080001354 (0x29DF1FB3) bset x31, x30, x29                      inst_209+12
x31 <- 0x8000200000000000

mem[X,0x0000000080001358] -> 0xBC23
mem[X,0x000000008000135A] -> 0x5BF3
[1239] [M]: 0x0000000080001358 (0x5BF3BC23) sd x31, 0x5b8(x7)                       inst_209+16
mem[W,0x00000000800057A0] <- 0x8000200000000000

clint mtime 0x000000000000026C (mip.MTI <- 0b1, mip.STI <- 0b0)
mem[X,0x000000008000135C] -> 0x0F13
mem[X,0x000000008000135E] -> 0x0010
[1240] [M]: 0x000000008000135C (0x00100F13) addi x30, x0, 0x1                       inst_210+0
x30 <- 0x0000000000000001

mem[X,0x0000000080001360] -> 0x1F13
mem[X,0x0000000080001362] -> 0x02CF
[1241] [M]: 0x0000000080001360 (0x02CF1F13) slli x30, x30, 0x2c                     inst_210+4
x30 <- 0x0000100000000000

clint mtime 0x000000000000026D (mip.MTI <- 0b1, mip.STI <- 0b0)
mem[X,0x0000000080001364] -> 0x0E93
mem[X,0x0000000080001366] -> 0xBFF0
[1242] [M]: 0x0000000080001364 (0xBFF00E93) addi x29, x0, -0x401                    inst_210+8
x29 <- 0xFFFFFFFFFFFFFBFF

mem[X,0x0000000080001368] -> 0x1FB3
mem[X,0x000000008000136A] -> 0x29DF
[1243] [M]: 0x0000000080001368 (0x29DF1FB3) bset x31, x30, x29                      inst_210+12
x31 <- 0x8000100000000000

clint mtime 0x000000000000026E (mip.MTI <- 0b1, mip.STI <- 0b0)
mem[X,0x000000008000136C] -> 0xB023
mem[X,0x000000008000136E] -> 0x5DF3
[1244] [M]: 0x000000008000136C (0x5DF3B023) sd x31, 0x5c0(x7)                       inst_210+16
mem[W,0x00000000800057A8] <- 0x8000100000000000

mem[X,0x0000000080001370] -> 0x0F13
mem[X,0x0000000080001372] -> 0x0010
[1245] [M]: 0x0000000080001370 (0x00100F13) addi x30, x0, 0x1                       inst_211+0
x30 <- 0x0000000000000001

clint mtime 0x000000000000026F (mip.MTI <- 0b1, mip.STI <- 0b0)
mem[X,0x0000000080001374] -> 0x1F13
mem[X,0x0000000080001376] -> 0x02BF
[1246] [M]: 0x0000000080001374 (0x02BF1F13) slli x30, x30, 0x2b                     inst_211+4
x30 <- 0x0000080000000000

mem[X,0x0000000080001378] -> 0x0E93
mem[X,0x000000008000137A] -> 0xBFF0
[1247] [M]: 0x0000000080001378 (0xBFF00E93) addi x29, x0, -0x401                    inst_211+8
x29 <- 0xFFFFFFFFFFFFFBFF

clint mtime 0x0000000000000270 (mip.MTI <- 0b1, mip.STI <- 0b0)
mem[X,0x000000008000137C] -> 0x1FB3
mem[X,0x000000008000137E] -> 0x29DF
[1248] [M]: 0x000000008000137C (0x29DF1FB3) bset x31, x30, x29                      inst_211+12
x31 <- 0x8000080000000000

mem[X,0x0000000080001380] -> 0xB423
mem[X,0x0000000080001382] -> 0x5DF3
[1249] [M]: 0x0000000080001380 (0x5DF3B423) sd x31, 0x5c8(x7)                       inst_211+16
mem[W,0x00000000800057B0] <- 0x8000080000000000

clint mtime 0x0000000000000271 (mip.MTI <- 0b1, mip.STI <- 0b0)
mem[X,0x0000000080001384] -> 0x0F13
mem[X,0x0000000080001386] -> 0x0010
[1250] [M]: 0x0000000080001384 (0x00100F13) addi x30, x0, 0x1                       inst_212+0
x30 <- 0x0000000000000001

mem[X,0x0000000080001388] -> 0x1F13
mem[X,0x000000008000138A] -> 0x02AF
[1251] [M]: 0x0000000080001388 (0x02AF1F13) slli x30, x30, 0x2a                     inst_212+4
x30 <- 0x0000040000000000

clint mtime 0x0000000000000272 (mip.MTI <- 0b1, mip.STI <- 0b0)
mem[X,0x000000008000138C] -> 0x0E93
mem[X,0x000000008000138E] -> 0xBFF0
[1252] [M]: 0x000000008000138C (0xBFF00E93) addi x29, x0, -0x401                    inst_212+8
x29 <- 0xFFFFFFFFFFFFFBFF

mem[X,0x0000000080001390] -> 0x1FB3
mem[X,0x0000000080001392] -> 0x29DF
[1253] [M]: 0x0000000080001390 (0x29DF1FB3) bset x31, x30, x29                      inst_212+12
x31 <- 0x8000040000000000

clint mtime 0x0000000000000273 (mip.MTI <- 0b1, mip.STI <- 0b0)
mem[X,0x0000000080001394] -> 0xB823
mem[X,0x0000000080001396] -> 0x5DF3
[1254] [M]: 0x0000000080001394 (0x5DF3B823) sd x31, 0x5d0(x7)                       inst_212+16
mem[W,0x00000000800057B8] <- 0x8000040000000000

mem[X,0x0000000080001398] -> 0x0F13
mem[X,0x000000008000139A] -> 0x0010
[1255] [M]: 0x0000000080001398 (0x00100F13) addi x30, x0, 0x1                       inst_213+0
x30 <- 0x0000000000000001

clint mtime 0x0000000000000274 (mip.MTI <- 0b1, mip.STI <- 0b0)
mem[X,0x000000008000139C] -> 0x1F13
mem[X,0x000000008000139E] -> 0x029F
[1256] [M]: 0x000000008000139C (0x029F1F13) slli x30, x30, 0x29                     inst_213+4
x30 <- 0x0000020000000000

mem[X,0x00000000800013A0] -> 0x0E93
mem[X,0x00000000800013A2] -> 0xBFF0
[1257] [M]: 0x00000000800013A0 (0xBFF00E93) addi x29, x0, -0x401                    inst_213+8
x29 <- 0xFFFFFFFFFFFFFBFF

clint mtime 0x0000000000000275 (mip.MTI <- 0b1, mip.STI <- 0b0)
mem[X,0x00000000800013A4] -> 0x1FB3
mem[X,0x00000000800013A6] -> 0x29DF
[1258] [M]: 0x00000000800013A4 (0x29DF1FB3) bset x31, x30, x29                      inst_213+12
x31 <- 0x8000020000000000

mem[X,0x00000000800013A8] -> 0xBC23
mem[X,0x00000000800013AA] -> 0x5DF3
[1259] [M]: 0x00000000800013A8 (0x5DF3BC23) sd x31, 0x5d8(x7)                       inst_213+16
mem[W,0x00000000800057C0] <- 0x8000020000000000

clint mtime 0x0000000000000276 (mip.MTI <- 0b1, mip.STI <- 0b0)
mem[X,0x00000000800013AC] -> 0x0F13
mem[X,0x00000000800013AE] -> 0x0010
[1260] [M]: 0x00000000800013AC (0x00100F13) addi x30, x0, 0x1                       inst_214+0
x30 <- 0x0000000000000001

mem[X,0x00000000800013B0] -> 0x1F13
mem[X,0x00000000800013B2] -> 0x028F
[1261] [M]: 0x00000000800013B0 (0x028F1F13) slli x30, x30, 0x28                     inst_214+4
x30 <- 0x0000010000000000

clint mtime 0x0000000000000277 (mip.MTI <- 0b1, mip.STI <- 0b0)
mem[X,0x00000000800013B4] -> 0x0E93
mem[X,0x00000000800013B6] -> 0xBFF0
[1262] [M]: 0x00000000800013B4 (0xBFF00E93) addi x29, x0, -0x401                    inst_214+8
x29 <- 0xFFFFFFFFFFFFFBFF

mem[X,0x00000000800013B8] -> 0x1FB3
mem[X,0x00000000800013BA] -> 0x29DF
[1263] [M]: 0x00000000800013B8 (0x29DF1FB3) bset x31, x30, x29                      inst_214+12
x31 <- 0x8000010000000000

clint mtime 0x0000000000000278 (mip.MTI <- 0b1, mip.STI <- 0b0)
mem[X,0x00000000800013BC] -> 0xB023
mem[X,0x00000000800013BE] -> 0x5FF3
[1264] [M]: 0x00000000800013BC (0x5FF3B023) sd x31, 0x5e0(x7)                       inst_214+16
mem[W,0x00000000800057C8] <- 0x8000010000000000

mem[X,0x00000000800013C0] -> 0x0F13
mem[X,0x00000000800013C2] -> 0x0010
[1265] [M]: 0x00000000800013C0 (0x00100F13) addi x30, x0, 0x1                       inst_215+0
x30 <- 0x0000000000000001

clint mtime 0x0000000000000279 (mip.MTI <- 0b1, mip.STI <- 0b0)
mem[X,0x00000000800013C4] -> 0x1F13
mem[X,0x00000000800013C6] -> 0x027F
[1266] [M]: 0x00000000800013C4 (0x027F1F13) slli x30, x30, 0x27                     inst_215+4
x30 <- 0x0000008000000000

mem[X,0x00000000800013C8] -> 0x0E93
mem[X,0x00000000800013CA] -> 0xBFF0
[1267] [M]: 0x00000000800013C8 (0xBFF00E93) addi x29, x0, -0x401                    inst_215+8
x29 <- 0xFFFFFFFFFFFFFBFF

clint mtime 0x000000000000027A (mip.MTI <- 0b1, mip.STI <- 0b0)
mem[X,0x00000000800013CC] -> 0x1FB3
mem[X,0x00000000800013CE] -> 0x29DF
[1268] [M]: 0x00000000800013CC (0x29DF1FB3) bset x31, x30, x29                      inst_215+12
x31 <- 0x8000008000000000

mem[X,0x00000000800013D0] -> 0xB423
mem[X,0x00000000800013D2] -> 0x5FF3
[1269] [M]: 0x00000000800013D0 (0x5FF3B423) sd x31, 0x5e8(x7)                       inst_215+16
mem[W,0x00000000800057D0] <- 0x8000008000000000

clint mtime 0x000000000000027B (mip.MTI <- 0b1, mip.STI <- 0b0)
mem[X,0x00000000800013D4] -> 0x0F13
mem[X,0x00000000800013D6] -> 0x0010
[1270] [M]: 0x00000000800013D4 (0x00100F13) addi x30, x0, 0x1                       inst_216+0
x30 <- 0x0000000000000001

mem[X,0x00000000800013D8] -> 0x1F13
mem[X,0x00000000800013DA] -> 0x026F
[1271] [M]: 0x00000000800013D8 (0x026F1F13) slli x30, x30, 0x26                     inst_216+4
x30 <- 0x0000004000000000

clint mtime 0x000000000000027C (mip.MTI <- 0b1, mip.STI <- 0b0)
mem[X,0x00000000800013DC] -> 0x0E93
mem[X,0x00000000800013DE] -> 0xBFF0
[1272] [M]: 0x00000000800013DC (0xBFF00E93) addi x29, x0, -0x401                    inst_216+8
x29 <- 0xFFFFFFFFFFFFFBFF

mem[X,0x00000000800013E0] -> 0x1FB3
mem[X,0x00000000800013E2] -> 0x29DF
[1273] [M]: 0x00000000800013E0 (0x29DF1FB3) bset x31, x30, x29                      inst_216+12
x31 <- 0x8000004000000000

clint mtime 0x000000000000027D (mip.MTI <- 0b1, mip.STI <- 0b0)
mem[X,0x00000000800013E4] -> 0xB823
mem[X,0x00000000800013E6] -> 0x5FF3
[1274] [M]: 0x00000000800013E4 (0x5FF3B823) sd x31, 0x5f0(x7)                       inst_216+16
mem[W,0x00000000800057D8] <- 0x8000004000000000

mem[X,0x00000000800013E8] -> 0x0F13
mem[X,0x00000000800013EA] -> 0x0010
[1275] [M]: 0x00000000800013E8 (0x00100F13) addi x30, x0, 0x1                       inst_217+0
x30 <- 0x0000000000000001

clint mtime 0x000000000000027E (mip.MTI <- 0b1, mip.STI <- 0b0)
mem[X,0x00000000800013EC] -> 0x1F13
mem[X,0x00000000800013EE] -> 0x025F
[1276] [M]: 0x00000000800013EC (0x025F1F13) slli x30, x30, 0x25                     inst_217+4
x30 <- 0x0000002000000000

mem[X,0x00000000800013F0] -> 0x0E93
mem[X,0x00000000800013F2] -> 0xBFF0
[1277] [M]: 0x00000000800013F0 (0xBFF00E93) addi x29, x0, -0x401                    inst_217+8
x29 <- 0xFFFFFFFFFFFFFBFF

clint mtime 0x000000000000027F (mip.MTI <- 0b1, mip.STI <- 0b0)
mem[X,0x00000000800013F4] -> 0x1FB3
mem[X,0x00000000800013F6] -> 0x29DF
[1278] [M]: 0x00000000800013F4 (0x29DF1FB3) bset x31, x30, x29                      inst_217+12
x31 <- 0x8000002000000000

mem[X,0x00000000800013F8] -> 0xBC23
mem[X,0x00000000800013FA] -> 0x5FF3
[1279] [M]: 0x00000000800013F8 (0x5FF3BC23) sd x31, 0x5f8(x7)                       inst_217+16
mem[W,0x00000000800057E0] <- 0x8000002000000000

clint mtime 0x0000000000000280 (mip.MTI <- 0b1, mip.STI <- 0b0)
mem[X,0x00000000800013FC] -> 0x0F13
mem[X,0x00000000800013FE] -> 0x0010
[1280] [M]: 0x00000000800013FC (0x00100F13) addi x30, x0, 0x1                       inst_218+0
x30 <- 0x0000000000000001

mem[X,0x0000000080001400] -> 0x1F13
mem[X,0x0000000080001402] -> 0x024F
[1281] [M]: 0x0000000080001400 (0x024F1F13) slli x30, x30, 0x24                     inst_218+4
x30 <- 0x0000001000000000

clint mtime 0x0000000000000281 (mip.MTI <- 0b1, mip.STI <- 0b0)
mem[X,0x0000000080001404] -> 0x0E93
mem[X,0x0000000080001406] -> 0xBFF0
[1282] [M]: 0x0000000080001404 (0xBFF00E93) addi x29, x0, -0x401                    inst_218+8
x29 <- 0xFFFFFFFFFFFFFBFF

mem[X,0x0000000080001408] -> 0x1FB3
mem[X,0x000000008000140A] -> 0x29DF
[1283] [M]: 0x0000000080001408 (0x29DF1FB3) bset x31, x30, x29                      inst_218+12
x31 <- 0x8000001000000000

clint mtime 0x0000000000000282 (mip.MTI <- 0b1, mip.STI <- 0b0)
mem[X,0x000000008000140C] -> 0xB023
mem[X,0x000000008000140E] -> 0x61F3
[1284] [M]: 0x000000008000140C (0x61F3B023) sd x31, 0x600(x7)                       inst_218+16
mem[W,0x00000000800057E8] <- 0x8000001000000000

mem[X,0x0000000080001410] -> 0x0F13
mem[X,0x0000000080001412] -> 0x0010
[1285] [M]: 0x0000000080001410 (0x00100F13) addi x30, x0, 0x1                       inst_219+0
x30 <- 0x0000000000000001

clint mtime 0x0000000000000283 (mip.MTI <- 0b1, mip.STI <- 0b0)
mem[X,0x0000000080001414] -> 0x1F13
mem[X,0x0000000080001416] -> 0x023F
[1286] [M]: 0x0000000080001414 (0x023F1F13) slli x30, x30, 0x23                     inst_219+4
x30 <- 0x0000000800000000

mem[X,0x0000000080001418] -> 0x0E93
mem[X,0x000000008000141A] -> 0xBFF0
[1287] [M]: 0x0000000080001418 (0xBFF00E93) addi x29, x0, -0x401                    inst_219+8
x29 <- 0xFFFFFFFFFFFFFBFF

clint mtime 0x0000000000000284 (mip.MTI <- 0b1, mip.STI <- 0b0)
mem[X,0x000000008000141C] -> 0x1FB3
mem[X,0x000000008000141E] -> 0x29DF
[1288] [M]: 0x000000008000141C (0x29DF1FB3) bset x31, x30, x29                      inst_219+12
x31 <- 0x8000000800000000

mem[X,0x0000000080001420] -> 0xB423
mem[X,0x0000000080001422] -> 0x61F3
[1289] [M]: 0x0000000080001420 (0x61F3B423) sd x31, 0x608(x7)                       inst_219+16
mem[W,0x00000000800057F0] <- 0x8000000800000000

clint mtime 0x0000000000000285 (mip.MTI <- 0b1, mip.STI <- 0b0)
mem[X,0x0000000080001424] -> 0x0F13
mem[X,0x0000000080001426] -> 0x0010
[1290] [M]: 0x0000000080001424 (0x00100F13) addi x30, x0, 0x1                       inst_220+0
x30 <- 0x0000000000000001

mem[X,0x0000000080001428] -> 0x1F13
mem[X,0x000000008000142A] -> 0x022F
[1291] [M]: 0x0000000080001428 (0x022F1F13) slli x30, x30, 0x22                     inst_220+4
x30 <- 0x0000000400000000

clint mtime 0x0000000000000286 (mip.MTI <- 0b1, mip.STI <- 0b0)
mem[X,0x000000008000142C] -> 0x0E93
mem[X,0x000000008000142E] -> 0xBFF0
[1292] [M]: 0x000000008000142C (0xBFF00E93) addi x29, x0, -0x401                    inst_220+8
x29 <- 0xFFFFFFFFFFFFFBFF

mem[X,0x0000000080001430] -> 0x1FB3
mem[X,0x0000000080001432] -> 0x29DF
[1293] [M]: 0x0000000080001430 (0x29DF1FB3) bset x31, x30, x29                      inst_220+12
x31 <- 0x8000000400000000

clint mtime 0x0000000000000287 (mip.MTI <- 0b1, mip.STI <- 0b0)
mem[X,0x0000000080001434] -> 0xB823
mem[X,0x0000000080001436] -> 0x61F3
[1294] [M]: 0x0000000080001434 (0x61F3B823) sd x31, 0x610(x7)                       inst_220+16
mem[W,0x00000000800057F8] <- 0x8000000400000000

mem[X,0x0000000080001438] -> 0x0F13
mem[X,0x000000008000143A] -> 0x0010
[1295] [M]: 0x0000000080001438 (0x00100F13) addi x30, x0, 0x1                       inst_221+0
x30 <- 0x0000000000000001

clint mtime 0x0000000000000288 (mip.MTI <- 0b1, mip.STI <- 0b0)
mem[X,0x000000008000143C] -> 0x1F13
mem[X,0x000000008000143E] -> 0x021F
[1296] [M]: 0x000000008000143C (0x021F1F13) slli x30, x30, 0x21                     inst_221+4
x30 <- 0x0000000200000000

mem[X,0x0000000080001440] -> 0x0E93
mem[X,0x0000000080001442] -> 0xBFF0
[1297] [M]: 0x0000000080001440 (0xBFF00E93) addi x29, x0, -0x401                    inst_221+8
x29 <- 0xFFFFFFFFFFFFFBFF

clint mtime 0x0000000000000289 (mip.MTI <- 0b1, mip.STI <- 0b0)
mem[X,0x0000000080001444] -> 0x1FB3
mem[X,0x0000000080001446] -> 0x29DF
[1298] [M]: 0x0000000080001444 (0x29DF1FB3) bset x31, x30, x29                      inst_221+12
x31 <- 0x8000000200000000

mem[X,0x0000000080001448] -> 0xBC23
mem[X,0x000000008000144A] -> 0x61F3
[1299] [M]: 0x0000000080001448 (0x61F3BC23) sd x31, 0x618(x7)                       inst_221+16
mem[W,0x0000000080005800] <- 0x8000000200000000

clint mtime 0x000000000000028A (mip.MTI <- 0b1, mip.STI <- 0b0)
mem[X,0x000000008000144C] -> 0x0F13
mem[X,0x000000008000144E] -> 0x0010
[1300] [M]: 0x000000008000144C (0x00100F13) addi x30, x0, 0x1                       inst_222+0
x30 <- 0x0000000000000001

mem[X,0x0000000080001450] -> 0x1F13
mem[X,0x0000000080001452] -> 0x020F
[1301] [M]: 0x0000000080001450 (0x020F1F13) slli x30, x30, 0x20                     inst_222+4
x30 <- 0x0000000100000000

clint mtime 0x000000000000028B (mip.MTI <- 0b1, mip.STI <- 0b0)
mem[X,0x0000000080001454] -> 0x0E93
mem[X,0x0000000080001456] -> 0xBFF0
[1302] [M]: 0x0000000080001454 (0xBFF00E93) addi x29, x0, -0x401                    inst_222+8
x29 <- 0xFFFFFFFFFFFFFBFF

mem[X,0x0000000080001458] -> 0x1FB3
mem[X,0x000000008000145A] -> 0x29DF
[1303] [M]: 0x0000000080001458 (0x29DF1FB3) bset x31, x30, x29                      inst_222+12
x31 <- 0x8000000100000000

clint mtime 0x000000000000028C (mip.MTI <- 0b1, mip.STI <- 0b0)
mem[X,0x000000008000145C] -> 0xB023
mem[X,0x000000008000145E] -> 0x63F3
[1304] [M]: 0x000000008000145C (0x63F3B023) sd x31, 0x620(x7)                       inst_222+16
mem[W,0x0000000080005808] <- 0x8000000100000000

mem[X,0x0000000080001460] -> 0x0F13
mem[X,0x0000000080001462] -> 0x0010
[1305] [M]: 0x0000000080001460 (0x00100F13) addi x30, x0, 0x1                       inst_223+0
x30 <- 0x0000000000000001

clint mtime 0x000000000000028D (mip.MTI <- 0b1, mip.STI <- 0b0)
mem[X,0x0000000080001464] -> 0x1F13
mem[X,0x0000000080001466] -> 0x01FF
[1306] [M]: 0x0000000080001464 (0x01FF1F13) slli x30, x30, 0x1f                     inst_223+4
x30 <- 0x0000000080000000

mem[X,0x0000000080001468] -> 0x0E93
mem[X,0x000000008000146A] -> 0xBFF0
[1307] [M]: 0x0000000080001468 (0xBFF00E93) addi x29, x0, -0x401                    inst_223+8
x29 <- 0xFFFFFFFFFFFFFBFF

clint mtime 0x000000000000028E (mip.MTI <- 0b1, mip.STI <- 0b0)
mem[X,0x000000008000146C] -> 0x1FB3
mem[X,0x000000008000146E] -> 0x29DF
[1308] [M]: 0x000000008000146C (0x29DF1FB3) bset x31, x30, x29                      inst_223+12
x31 <- 0x8000000080000000

mem[X,0x0000000080001470] -> 0xB423
mem[X,0x0000000080001472] -> 0x63F3
[1309] [M]: 0x0000000080001470 (0x63F3B423) sd x31, 0x628(x7)                       inst_223+16
mem[W,0x0000000080005810] <- 0x8000000080000000

clint mtime 0x000000000000028F (mip.MTI <- 0b1, mip.STI <- 0b0)
mem[X,0x0000000080001474] -> 0x0F13
mem[X,0x0000000080001476] -> 0x0010
[1310] [M]: 0x0000000080001474 (0x00100F13) addi x30, x0, 0x1                       inst_224+0
x30 <- 0x0000000000000001

mem[X,0x0000000080001478] -> 0x1F13
mem[X,0x000000008000147A] -> 0x01EF
[1311] [M]: 0x0000000080001478 (0x01EF1F13) slli x30, x30, 0x1e                     inst_224+4
x30 <- 0x0000000040000000

clint mtime 0x0000000000000290 (mip.MTI <- 0b1, mip.STI <- 0b0)
mem[X,0x000000008000147C] -> 0x0E93
mem[X,0x000000008000147E] -> 0xBFF0
[1312] [M]: 0x000000008000147C (0xBFF00E93) addi x29, x0, -0x401                    inst_224+8
x29 <- 0xFFFFFFFFFFFFFBFF

mem[X,0x0000000080001480] -> 0x1FB3
mem[X,0x0000000080001482] -> 0x29DF
[1313] [M]: 0x0000000080001480 (0x29DF1FB3) bset x31, x30, x29                      inst_224+12
x31 <- 0x8000000040000000

clint mtime 0x0000000000000291 (mip.MTI <- 0b1, mip.STI <- 0b0)
mem[X,0x0000000080001484] -> 0xB823
mem[X,0x0000000080001486] -> 0x63F3
[1314] [M]: 0x0000000080001484 (0x63F3B823) sd x31, 0x630(x7)                       inst_224+16
mem[W,0x0000000080005818] <- 0x8000000040000000

mem[X,0x0000000080001488] -> 0x0F13
mem[X,0x000000008000148A] -> 0x0010
[1315] [M]: 0x0000000080001488 (0x00100F13) addi x30, x0, 0x1                       inst_225+0
x30 <- 0x0000000000000001

clint mtime 0x0000000000000292 (mip.MTI <- 0b1, mip.STI <- 0b0)
mem[X,0x000000008000148C] -> 0x1F13
mem[X,0x000000008000148E] -> 0x01DF
[1316] [M]: 0x000000008000148C (0x01DF1F13) slli x30, x30, 0x1d                     inst_225+4
x30 <- 0x0000000020000000

mem[X,0x0000000080001490] -> 0x0E93
mem[X,0x0000000080001492] -> 0xBFF0
[1317] [M]: 0x0000000080001490 (0xBFF00E93) addi x29, x0, -0x401                    inst_225+8
x29 <- 0xFFFFFFFFFFFFFBFF

clint mtime 0x0000000000000293 (mip.MTI <- 0b1, mip.STI <- 0b0)
mem[X,0x0000000080001494] -> 0x1FB3
mem[X,0x0000000080001496] -> 0x29DF
[1318] [M]: 0x0000000080001494 (0x29DF1FB3) bset x31, x30, x29                      inst_225+12
x31 <- 0x8000000020000000

mem[X,0x0000000080001498] -> 0xBC23
mem[X,0x000000008000149A] -> 0x63F3
[1319] [M]: 0x0000000080001498 (0x63F3BC23) sd x31, 0x638(x7)                       inst_225+16
mem[W,0x0000000080005820] <- 0x8000000020000000

clint mtime 0x0000000000000294 (mip.MTI <- 0b1, mip.STI <- 0b0)
mem[X,0x000000008000149C] -> 0x0F13
mem[X,0x000000008000149E] -> 0x0010
[1320] [M]: 0x000000008000149C (0x00100F13) addi x30, x0, 0x1                       inst_226+0
x30 <- 0x0000000000000001

mem[X,0x00000000800014A0] -> 0x1F13
mem[X,0x00000000800014A2] -> 0x01CF
[1321] [M]: 0x00000000800014A0 (0x01CF1F13) slli x30, x30, 0x1c                     inst_226+4
x30 <- 0x0000000010000000

clint mtime 0x0000000000000295 (mip.MTI <- 0b1, mip.STI <- 0b0)
mem[X,0x00000000800014A4] -> 0x0E93
mem[X,0x00000000800014A6] -> 0xBFF0
[1322] [M]: 0x00000000800014A4 (0xBFF00E93) addi x29, x0, -0x401                    inst_226+8
x29 <- 0xFFFFFFFFFFFFFBFF

mem[X,0x00000000800014A8] -> 0x1FB3
mem[X,0x00000000800014AA] -> 0x29DF
[1323] [M]: 0x00000000800014A8 (0x29DF1FB3) bset x31, x30, x29                      inst_226+12
x31 <- 0x8000000010000000

clint mtime 0x0000000000000296 (mip.MTI <- 0b1, mip.STI <- 0b0)
mem[X,0x00000000800014AC] -> 0xB023
mem[X,0x00000000800014AE] -> 0x65F3
[1324] [M]: 0x00000000800014AC (0x65F3B023) sd x31, 0x640(x7)                       inst_226+16
mem[W,0x0000000080005828] <- 0x8000000010000000

mem[X,0x00000000800014B0] -> 0x0F13
mem[X,0x00000000800014B2] -> 0x0010
[1325] [M]: 0x00000000800014B0 (0x00100F13) addi x30, x0, 0x1                       inst_227+0
x30 <- 0x0000000000000001

clint mtime 0x0000000000000297 (mip.MTI <- 0b1, mip.STI <- 0b0)
mem[X,0x00000000800014B4] -> 0x1F13
mem[X,0x00000000800014B6] -> 0x01BF
[1326] [M]: 0x00000000800014B4 (0x01BF1F13) slli x30, x30, 0x1b                     inst_227+4
x30 <- 0x0000000008000000

mem[X,0x00000000800014B8] -> 0x0E93
mem[X,0x00000000800014BA] -> 0xBFF0
[1327] [M]: 0x00000000800014B8 (0xBFF00E93) addi x29, x0, -0x401                    inst_227+8
x29 <- 0xFFFFFFFFFFFFFBFF

clint mtime 0x0000000000000298 (mip.MTI <- 0b1, mip.STI <- 0b0)
mem[X,0x00000000800014BC] -> 0x1FB3
mem[X,0x00000000800014BE] -> 0x29DF
[1328] [M]: 0x00000000800014BC (0x29DF1FB3) bset x31, x30, x29                      inst_227+12
x31 <- 0x8000000008000000

mem[X,0x00000000800014C0] -> 0xB423
mem[X,0x00000000800014C2] -> 0x65F3
[1329] [M]: 0x00000000800014C0 (0x65F3B423) sd x31, 0x648(x7)                       inst_227+16
mem[W,0x0000000080005830] <- 0x8000000008000000

clint mtime 0x0000000000000299 (mip.MTI <- 0b1, mip.STI <- 0b0)
mem[X,0x00000000800014C4] -> 0x0F13
mem[X,0x00000000800014C6] -> 0x0010
[1330] [M]: 0x00000000800014C4 (0x00100F13) addi x30, x0, 0x1                       inst_228+0
x30 <- 0x0000000000000001

mem[X,0x00000000800014C8] -> 0x1F13
mem[X,0x00000000800014CA] -> 0x01AF
[1331] [M]: 0x00000000800014C8 (0x01AF1F13) slli x30, x30, 0x1a                     inst_228+4
x30 <- 0x0000000004000000

clint mtime 0x000000000000029A (mip.MTI <- 0b1, mip.STI <- 0b0)
mem[X,0x00000000800014CC] -> 0x0E93
mem[X,0x00000000800014CE] -> 0xBFF0
[1332] [M]: 0x00000000800014CC (0xBFF00E93) addi x29, x0, -0x401                    inst_228+8
x29 <- 0xFFFFFFFFFFFFFBFF

mem[X,0x00000000800014D0] -> 0x1FB3
mem[X,0x00000000800014D2] -> 0x29DF
[1333] [M]: 0x00000000800014D0 (0x29DF1FB3) bset x31, x30, x29                      inst_228+12
x31 <- 0x8000000004000000

clint mtime 0x000000000000029B (mip.MTI <- 0b1, mip.STI <- 0b0)
mem[X,0x00000000800014D4] -> 0xB823
mem[X,0x00000000800014D6] -> 0x65F3
[1334] [M]: 0x00000000800014D4 (0x65F3B823) sd x31, 0x650(x7)                       inst_228+16
mem[W,0x0000000080005838] <- 0x8000000004000000

mem[X,0x00000000800014D8] -> 0x0F13
mem[X,0x00000000800014DA] -> 0x0010
[1335] [M]: 0x00000000800014D8 (0x00100F13) addi x30, x0, 0x1                       inst_229+0
x30 <- 0x0000000000000001

clint mtime 0x000000000000029C (mip.MTI <- 0b1, mip.STI <- 0b0)
mem[X,0x00000000800014DC] -> 0x1F13
mem[X,0x00000000800014DE] -> 0x019F
[1336] [M]: 0x00000000800014DC (0x019F1F13) slli x30, x30, 0x19                     inst_229+4
x30 <- 0x0000000002000000

mem[X,0x00000000800014E0] -> 0x0E93
mem[X,0x00000000800014E2] -> 0xBFF0
[1337] [M]: 0x00000000800014E0 (0xBFF00E93) addi x29, x0, -0x401                    inst_229+8
x29 <- 0xFFFFFFFFFFFFFBFF

clint mtime 0x000000000000029D (mip.MTI <- 0b1, mip.STI <- 0b0)
mem[X,0x00000000800014E4] -> 0x1FB3
mem[X,0x00000000800014E6] -> 0x29DF
[1338] [M]: 0x00000000800014E4 (0x29DF1FB3) bset x31, x30, x29                      inst_229+12
x31 <- 0x8000000002000000

mem[X,0x00000000800014E8] -> 0xBC23
mem[X,0x00000000800014EA] -> 0x65F3
[1339] [M]: 0x00000000800014E8 (0x65F3BC23) sd x31, 0x658(x7)                       inst_229+16
mem[W,0x0000000080005840] <- 0x8000000002000000

clint mtime 0x000000000000029E (mip.MTI <- 0b1, mip.STI <- 0b0)
mem[X,0x00000000800014EC] -> 0x0F13
mem[X,0x00000000800014EE] -> 0x0010
[1340] [M]: 0x00000000800014EC (0x00100F13) addi x30, x0, 0x1                       inst_230+0
x30 <- 0x0000000000000001

mem[X,0x00000000800014F0] -> 0x1F13
mem[X,0x00000000800014F2] -> 0x018F
[1341] [M]: 0x00000000800014F0 (0x018F1F13) slli x30, x30, 0x18                     inst_230+4
x30 <- 0x0000000001000000

clint mtime 0x000000000000029F (mip.MTI <- 0b1, mip.STI <- 0b0)
mem[X,0x00000000800014F4] -> 0x0E93
mem[X,0x00000000800014F6] -> 0xBFF0
[1342] [M]: 0x00000000800014F4 (0xBFF00E93) addi x29, x0, -0x401                    inst_230+8
x29 <- 0xFFFFFFFFFFFFFBFF

mem[X,0x00000000800014F8] -> 0x1FB3
mem[X,0x00000000800014FA] -> 0x29DF
[1343] [M]: 0x00000000800014F8 (0x29DF1FB3) bset x31, x30, x29                      inst_230+12
x31 <- 0x8000000001000000

clint mtime 0x00000000000002A0 (mip.MTI <- 0b1, mip.STI <- 0b0)
mem[X,0x00000000800014FC] -> 0xB023
mem[X,0x00000000800014FE] -> 0x67F3
[1344] [M]: 0x00000000800014FC (0x67F3B023) sd x31, 0x660(x7)                       inst_230+16
mem[W,0x0000000080005848] <- 0x8000000001000000

mem[X,0x0000000080001500] -> 0x0F13
mem[X,0x0000000080001502] -> 0x0010
[1345] [M]: 0x0000000080001500 (0x00100F13) addi x30, x0, 0x1                       inst_231+0
x30 <- 0x0000000000000001

clint mtime 0x00000000000002A1 (mip.MTI <- 0b1, mip.STI <- 0b0)
mem[X,0x0000000080001504] -> 0x1F13
mem[X,0x0000000080001506] -> 0x017F
[1346] [M]: 0x0000000080001504 (0x017F1F13) slli x30, x30, 0x17                     inst_231+4
x30 <- 0x0000000000800000

mem[X,0x0000000080001508] -> 0x0E93
mem[X,0x000000008000150A] -> 0xBFF0
[1347] [M]: 0x0000000080001508 (0xBFF00E93) addi x29, x0, -0x401                    inst_231+8
x29 <- 0xFFFFFFFFFFFFFBFF

clint mtime 0x00000000000002A2 (mip.MTI <- 0b1, mip.STI <- 0b0)
mem[X,0x000000008000150C] -> 0x1FB3
mem[X,0x000000008000150E] -> 0x29DF
[1348] [M]: 0x000000008000150C (0x29DF1FB3) bset x31, x30, x29                      inst_231+12
x31 <- 0x8000000000800000

mem[X,0x0000000080001510] -> 0xB423
mem[X,0x0000000080001512] -> 0x67F3
[1349] [M]: 0x0000000080001510 (0x67F3B423) sd x31, 0x668(x7)                       inst_231+16
mem[W,0x0000000080005850] <- 0x8000000000800000

clint mtime 0x00000000000002A3 (mip.MTI <- 0b1, mip.STI <- 0b0)
mem[X,0x0000000080001514] -> 0x0F13
mem[X,0x0000000080001516] -> 0x0010
[1350] [M]: 0x0000000080001514 (0x00100F13) addi x30, x0, 0x1                       inst_232+0
x30 <- 0x0000000000000001

mem[X,0x0000000080001518] -> 0x1F13
mem[X,0x000000008000151A] -> 0x016F
[1351] [M]: 0x0000000080001518 (0x016F1F13) slli x30, x30, 0x16                     inst_232+4
x30 <- 0x0000000000400000

clint mtime 0x00000000000002A4 (mip.MTI <- 0b1, mip.STI <- 0b0)
mem[X,0x000000008000151C] -> 0x0E93
mem[X,0x000000008000151E] -> 0xBFF0
[1352] [M]: 0x000000008000151C (0xBFF00E93) addi x29, x0, -0x401                    inst_232+8
x29 <- 0xFFFFFFFFFFFFFBFF

mem[X,0x0000000080001520] -> 0x1FB3
mem[X,0x0000000080001522] -> 0x29DF
[1353] [M]: 0x0000000080001520 (0x29DF1FB3) bset x31, x30, x29                      inst_232+12
x31 <- 0x8000000000400000

clint mtime 0x00000000000002A5 (mip.MTI <- 0b1, mip.STI <- 0b0)
mem[X,0x0000000080001524] -> 0xB823
mem[X,0x0000000080001526] -> 0x67F3
[1354] [M]: 0x0000000080001524 (0x67F3B823) sd x31, 0x670(x7)                       inst_232+16
mem[W,0x0000000080005858] <- 0x8000000000400000

mem[X,0x0000000080001528] -> 0x0F13
mem[X,0x000000008000152A] -> 0x0010
[1355] [M]: 0x0000000080001528 (0x00100F13) addi x30, x0, 0x1                       inst_233+0
x30 <- 0x0000000000000001

clint mtime 0x00000000000002A6 (mip.MTI <- 0b1, mip.STI <- 0b0)
mem[X,0x000000008000152C] -> 0x1F13
mem[X,0x000000008000152E] -> 0x015F
[1356] [M]: 0x000000008000152C (0x015F1F13) slli x30, x30, 0x15                     inst_233+4
x30 <- 0x0000000000200000

mem[X,0x0000000080001530] -> 0x0E93
mem[X,0x0000000080001532] -> 0xBFF0
[1357] [M]: 0x0000000080001530 (0xBFF00E93) addi x29, x0, -0x401                    inst_233+8
x29 <- 0xFFFFFFFFFFFFFBFF

clint mtime 0x00000000000002A7 (mip.MTI <- 0b1, mip.STI <- 0b0)
mem[X,0x0000000080001534] -> 0x1FB3
mem[X,0x0000000080001536] -> 0x29DF
[1358] [M]: 0x0000000080001534 (0x29DF1FB3) bset x31, x30, x29                      inst_233+12
x31 <- 0x8000000000200000

mem[X,0x0000000080001538] -> 0xBC23
mem[X,0x000000008000153A] -> 0x67F3
[1359] [M]: 0x0000000080001538 (0x67F3BC23) sd x31, 0x678(x7)                       inst_233+16
mem[W,0x0000000080005860] <- 0x8000000000200000

clint mtime 0x00000000000002A8 (mip.MTI <- 0b1, mip.STI <- 0b0)
mem[X,0x000000008000153C] -> 0x0F13
mem[X,0x000000008000153E] -> 0x0010
[1360] [M]: 0x000000008000153C (0x00100F13) addi x30, x0, 0x1                       inst_234+0
x30 <- 0x0000000000000001

mem[X,0x0000000080001540] -> 0x1F13
mem[X,0x0000000080001542] -> 0x014F
[1361] [M]: 0x0000000080001540 (0x014F1F13) slli x30, x30, 0x14                     inst_234+4
x30 <- 0x0000000000100000

clint mtime 0x00000000000002A9 (mip.MTI <- 0b1, mip.STI <- 0b0)
mem[X,0x0000000080001544] -> 0x0E93
mem[X,0x0000000080001546] -> 0xBFF0
[1362] [M]: 0x0000000080001544 (0xBFF00E93) addi x29, x0, -0x401                    inst_234+8
x29 <- 0xFFFFFFFFFFFFFBFF

mem[X,0x0000000080001548] -> 0x1FB3
mem[X,0x000000008000154A] -> 0x29DF
[1363] [M]: 0x0000000080001548 (0x29DF1FB3) bset x31, x30, x29                      inst_234+12
x31 <- 0x8000000000100000

clint mtime 0x00000000000002AA (mip.MTI <- 0b1, mip.STI <- 0b0)
mem[X,0x000000008000154C] -> 0xB023
mem[X,0x000000008000154E] -> 0x69F3
[1364] [M]: 0x000000008000154C (0x69F3B023) sd x31, 0x680(x7)                       inst_234+16
mem[W,0x0000000080005868] <- 0x8000000000100000

mem[X,0x0000000080001550] -> 0x0F13
mem[X,0x0000000080001552] -> 0x0010
[1365] [M]: 0x0000000080001550 (0x00100F13) addi x30, x0, 0x1                       inst_235+0
x30 <- 0x0000000000000001

clint mtime 0x00000000000002AB (mip.MTI <- 0b1, mip.STI <- 0b0)
mem[X,0x0000000080001554] -> 0x1F13
mem[X,0x0000000080001556] -> 0x013F
[1366] [M]: 0x0000000080001554 (0x013F1F13) slli x30, x30, 0x13                     inst_235+4
x30 <- 0x0000000000080000

mem[X,0x0000000080001558] -> 0x0E93
mem[X,0x000000008000155A] -> 0xBFF0
[1367] [M]: 0x0000000080001558 (0xBFF00E93) addi x29, x0, -0x401                    inst_235+8
x29 <- 0xFFFFFFFFFFFFFBFF

clint mtime 0x00000000000002AC (mip.MTI <- 0b1, mip.STI <- 0b0)
mem[X,0x000000008000155C] -> 0x1FB3
mem[X,0x000000008000155E] -> 0x29DF
[1368] [M]: 0x000000008000155C (0x29DF1FB3) bset x31, x30, x29                      inst_235+12
x31 <- 0x8000000000080000

mem[X,0x0000000080001560] -> 0xB423
mem[X,0x0000000080001562] -> 0x69F3
[1369] [M]: 0x0000000080001560 (0x69F3B423) sd x31, 0x688(x7)                       inst_235+16
mem[W,0x0000000080005870] <- 0x8000000000080000

clint mtime 0x00000000000002AD (mip.MTI <- 0b1, mip.STI <- 0b0)
mem[X,0x0000000080001564] -> 0x0F13
mem[X,0x0000000080001566] -> 0x0010
[1370] [M]: 0x0000000080001564 (0x00100F13) addi x30, x0, 0x1                       inst_236+0
x30 <- 0x0000000000000001

mem[X,0x0000000080001568] -> 0x1F13
mem[X,0x000000008000156A] -> 0x012F
[1371] [M]: 0x0000000080001568 (0x012F1F13) slli x30, x30, 0x12                     inst_236+4
x30 <- 0x0000000000040000

clint mtime 0x00000000000002AE (mip.MTI <- 0b1, mip.STI <- 0b0)
mem[X,0x000000008000156C] -> 0x0E93
mem[X,0x000000008000156E] -> 0xBFF0
[1372] [M]: 0x000000008000156C (0xBFF00E93) addi x29, x0, -0x401                    inst_236+8
x29 <- 0xFFFFFFFFFFFFFBFF

mem[X,0x0000000080001570] -> 0x1FB3
mem[X,0x0000000080001572] -> 0x29DF
[1373] [M]: 0x0000000080001570 (0x29DF1FB3) bset x31, x30, x29                      inst_236+12
x31 <- 0x8000000000040000

clint mtime 0x00000000000002AF (mip.MTI <- 0b1, mip.STI <- 0b0)
mem[X,0x0000000080001574] -> 0xB823
mem[X,0x0000000080001576] -> 0x69F3
[1374] [M]: 0x0000000080001574 (0x69F3B823) sd x31, 0x690(x7)                       inst_236+16
mem[W,0x0000000080005878] <- 0x8000000000040000

mem[X,0x0000000080001578] -> 0x0F13
mem[X,0x000000008000157A] -> 0x0010
[1375] [M]: 0x0000000080001578 (0x00100F13) addi x30, x0, 0x1                       inst_237+0
x30 <- 0x0000000000000001

clint mtime 0x00000000000002B0 (mip.MTI <- 0b1, mip.STI <- 0b0)
mem[X,0x000000008000157C] -> 0x1F13
mem[X,0x000000008000157E] -> 0x011F
[1376] [M]: 0x000000008000157C (0x011F1F13) slli x30, x30, 0x11                     inst_237+4
x30 <- 0x0000000000020000

mem[X,0x0000000080001580] -> 0x0E93
mem[X,0x0000000080001582] -> 0xBFF0
[1377] [M]: 0x0000000080001580 (0xBFF00E93) addi x29, x0, -0x401                    inst_237+8
x29 <- 0xFFFFFFFFFFFFFBFF

clint mtime 0x00000000000002B1 (mip.MTI <- 0b1, mip.STI <- 0b0)
mem[X,0x0000000080001584] -> 0x1FB3
mem[X,0x0000000080001586] -> 0x29DF
[1378] [M]: 0x0000000080001584 (0x29DF1FB3) bset x31, x30, x29                      inst_237+12
x31 <- 0x8000000000020000

mem[X,0x0000000080001588] -> 0xBC23
mem[X,0x000000008000158A] -> 0x69F3
[1379] [M]: 0x0000000080001588 (0x69F3BC23) sd x31, 0x698(x7)                       inst_237+16
mem[W,0x0000000080005880] <- 0x8000000000020000

clint mtime 0x00000000000002B2 (mip.MTI <- 0b1, mip.STI <- 0b0)
mem[X,0x000000008000158C] -> 0x0F13
mem[X,0x000000008000158E] -> 0x0010
[1380] [M]: 0x000000008000158C (0x00100F13) addi x30, x0, 0x1                       inst_238+0
x30 <- 0x0000000000000001

mem[X,0x0000000080001590] -> 0x1F13
mem[X,0x0000000080001592] -> 0x010F
[1381] [M]: 0x0000000080001590 (0x010F1F13) slli x30, x30, 0x10                     inst_238+4
x30 <- 0x0000000000010000

clint mtime 0x00000000000002B3 (mip.MTI <- 0b1, mip.STI <- 0b0)
mem[X,0x0000000080001594] -> 0x0E93
mem[X,0x0000000080001596] -> 0xBFF0
[1382] [M]: 0x0000000080001594 (0xBFF00E93) addi x29, x0, -0x401                    inst_238+8
x29 <- 0xFFFFFFFFFFFFFBFF

mem[X,0x0000000080001598] -> 0x1FB3
mem[X,0x000000008000159A] -> 0x29DF
[1383] [M]: 0x0000000080001598 (0x29DF1FB3) bset x31, x30, x29                      inst_238+12
x31 <- 0x8000000000010000

clint mtime 0x00000000000002B4 (mip.MTI <- 0b1, mip.STI <- 0b0)
mem[X,0x000000008000159C] -> 0xB023
mem[X,0x000000008000159E] -> 0x6BF3
[1384] [M]: 0x000000008000159C (0x6BF3B023) sd x31, 0x6a0(x7)                       inst_238+16
mem[W,0x0000000080005888] <- 0x8000000000010000

mem[X,0x00000000800015A0] -> 0x0F13
mem[X,0x00000000800015A2] -> 0x0010
[1385] [M]: 0x00000000800015A0 (0x00100F13) addi x30, x0, 0x1                       inst_239+0
x30 <- 0x0000000000000001

clint mtime 0x00000000000002B5 (mip.MTI <- 0b1, mip.STI <- 0b0)
mem[X,0x00000000800015A4] -> 0x1F13
mem[X,0x00000000800015A6] -> 0x00FF
[1386] [M]: 0x00000000800015A4 (0x00FF1F13) slli x30, x30, 0xf                      inst_239+4
x30 <- 0x0000000000008000

mem[X,0x00000000800015A8] -> 0x0E93
mem[X,0x00000000800015AA] -> 0xBFF0
[1387] [M]: 0x00000000800015A8 (0xBFF00E93) addi x29, x0, -0x401                    inst_239+8
x29 <- 0xFFFFFFFFFFFFFBFF

clint mtime 0x00000000000002B6 (mip.MTI <- 0b1, mip.STI <- 0b0)
mem[X,0x00000000800015AC] -> 0x1FB3
mem[X,0x00000000800015AE] -> 0x29DF
[1388] [M]: 0x00000000800015AC (0x29DF1FB3) bset x31, x30, x29                      inst_239+12
x31 <- 0x8000000000008000

mem[X,0x00000000800015B0] -> 0xB423
mem[X,0x00000000800015B2] -> 0x6BF3
[1389] [M]: 0x00000000800015B0 (0x6BF3B423) sd x31, 0x6a8(x7)                       inst_239+16
mem[W,0x0000000080005890] <- 0x8000000000008000

clint mtime 0x00000000000002B7 (mip.MTI <- 0b1, mip.STI <- 0b0)
mem[X,0x00000000800015B4] -> 0x0F13
mem[X,0x00000000800015B6] -> 0x0010
[1390] [M]: 0x00000000800015B4 (0x00100F13) addi x30, x0, 0x1                       inst_240+0
x30 <- 0x0000000000000001

mem[X,0x00000000800015B8] -> 0x1F13
mem[X,0x00000000800015BA] -> 0x00EF
[1391] [M]: 0x00000000800015B8 (0x00EF1F13) slli x30, x30, 0xe                      inst_240+4
x30 <- 0x0000000000004000

clint mtime 0x00000000000002B8 (mip.MTI <- 0b1, mip.STI <- 0b0)
mem[X,0x00000000800015BC] -> 0x0E93
mem[X,0x00000000800015BE] -> 0xBFF0
[1392] [M]: 0x00000000800015BC (0xBFF00E93) addi x29, x0, -0x401                    inst_240+8
x29 <- 0xFFFFFFFFFFFFFBFF

mem[X,0x00000000800015C0] -> 0x1FB3
mem[X,0x00000000800015C2] -> 0x29DF
[1393] [M]: 0x00000000800015C0 (0x29DF1FB3) bset x31, x30, x29                      inst_240+12
x31 <- 0x8000000000004000

clint mtime 0x00000000000002B9 (mip.MTI <- 0b1, mip.STI <- 0b0)
mem[X,0x00000000800015C4] -> 0xB823
mem[X,0x00000000800015C6] -> 0x6BF3
[1394] [M]: 0x00000000800015C4 (0x6BF3B823) sd x31, 0x6b0(x7)                       inst_240+16
mem[W,0x0000000080005898] <- 0x8000000000004000

mem[X,0x00000000800015C8] -> 0x0F13
mem[X,0x00000000800015CA] -> 0x0010
[1395] [M]: 0x00000000800015C8 (0x00100F13) addi x30, x0, 0x1                       inst_241+0
x30 <- 0x0000000000000001

clint mtime 0x00000000000002BA (mip.MTI <- 0b1, mip.STI <- 0b0)
mem[X,0x00000000800015CC] -> 0x1F13
mem[X,0x00000000800015CE] -> 0x00DF
[1396] [M]: 0x00000000800015CC (0x00DF1F13) slli x30, x30, 0xd                      inst_241+4
x30 <- 0x0000000000002000

mem[X,0x00000000800015D0] -> 0x0E93
mem[X,0x00000000800015D2] -> 0xBFF0
[1397] [M]: 0x00000000800015D0 (0xBFF00E93) addi x29, x0, -0x401                    inst_241+8
x29 <- 0xFFFFFFFFFFFFFBFF

clint mtime 0x00000000000002BB (mip.MTI <- 0b1, mip.STI <- 0b0)
mem[X,0x00000000800015D4] -> 0x1FB3
mem[X,0x00000000800015D6] -> 0x29DF
[1398] [M]: 0x00000000800015D4 (0x29DF1FB3) bset x31, x30, x29                      inst_241+12
x31 <- 0x8000000000002000

mem[X,0x00000000800015D8] -> 0xBC23
mem[X,0x00000000800015DA] -> 0x6BF3
[1399] [M]: 0x00000000800015D8 (0x6BF3BC23) sd x31, 0x6b8(x7)                       inst_241+16
mem[W,0x00000000800058A0] <- 0x8000000000002000

clint mtime 0x00000000000002BC (mip.MTI <- 0b1, mip.STI <- 0b0)
mem[X,0x00000000800015DC] -> 0x0F13
mem[X,0x00000000800015DE] -> 0x0010
[1400] [M]: 0x00000000800015DC (0x00100F13) addi x30, x0, 0x1                       inst_242+0
x30 <- 0x0000000000000001

mem[X,0x00000000800015E0] -> 0x1F13
mem[X,0x00000000800015E2] -> 0x00CF
[1401] [M]: 0x00000000800015E0 (0x00CF1F13) slli x30, x30, 0xc                      inst_242+4
x30 <- 0x0000000000001000

clint mtime 0x00000000000002BD (mip.MTI <- 0b1, mip.STI <- 0b0)
mem[X,0x00000000800015E4] -> 0x0E93
mem[X,0x00000000800015E6] -> 0xBFF0
[1402] [M]: 0x00000000800015E4 (0xBFF00E93) addi x29, x0, -0x401                    inst_242+8
x29 <- 0xFFFFFFFFFFFFFBFF

mem[X,0x00000000800015E8] -> 0x1FB3
mem[X,0x00000000800015EA] -> 0x29DF
[1403] [M]: 0x00000000800015E8 (0x29DF1FB3) bset x31, x30, x29                      inst_242+12
x31 <- 0x8000000000001000

clint mtime 0x00000000000002BE (mip.MTI <- 0b1, mip.STI <- 0b0)
mem[X,0x00000000800015EC] -> 0xB023
mem[X,0x00000000800015EE] -> 0x6DF3
[1404] [M]: 0x00000000800015EC (0x6DF3B023) sd x31, 0x6c0(x7)                       inst_242+16
mem[W,0x00000000800058A8] <- 0x8000000000001000

mem[X,0x00000000800015F0] -> 0x0F13
mem[X,0x00000000800015F2] -> 0x0010
[1405] [M]: 0x00000000800015F0 (0x00100F13) addi x30, x0, 0x1                       inst_243+0
x30 <- 0x0000000000000001

clint mtime 0x00000000000002BF (mip.MTI <- 0b1, mip.STI <- 0b0)
mem[X,0x00000000800015F4] -> 0x1F13
mem[X,0x00000000800015F6] -> 0x00BF
[1406] [M]: 0x00000000800015F4 (0x00BF1F13) slli x30, x30, 0xb                      inst_243+4
x30 <- 0x0000000000000800

mem[X,0x00000000800015F8] -> 0x0E93
mem[X,0x00000000800015FA] -> 0xBFF0
[1407] [M]: 0x00000000800015F8 (0xBFF00E93) addi x29, x0, -0x401                    inst_243+8
x29 <- 0xFFFFFFFFFFFFFBFF

clint mtime 0x00000000000002C0 (mip.MTI <- 0b1, mip.STI <- 0b0)
mem[X,0x00000000800015FC] -> 0x1FB3
mem[X,0x00000000800015FE] -> 0x29DF
[1408] [M]: 0x00000000800015FC (0x29DF1FB3) bset x31, x30, x29                      inst_243+12
x31 <- 0x8000000000000800

mem[X,0x0000000080001600] -> 0xB423
mem[X,0x0000000080001602] -> 0x6DF3
[1409] [M]: 0x0000000080001600 (0x6DF3B423) sd x31, 0x6c8(x7)                       inst_243+16
mem[W,0x00000000800058B0] <- 0x8000000000000800

clint mtime 0x00000000000002C1 (mip.MTI <- 0b1, mip.STI <- 0b0)
mem[X,0x0000000080001604] -> 0x0F13
mem[X,0x0000000080001606] -> 0x4000
[1410] [M]: 0x0000000080001604 (0x40000F13) addi x30, x0, 0x400                     inst_244+0
x30 <- 0x0000000000000400

mem[X,0x0000000080001608] -> 0x0E93
mem[X,0x000000008000160A] -> 0xBFF0
[1411] [M]: 0x0000000080001608 (0xBFF00E93) addi x29, x0, -0x401                    inst_244+4
x29 <- 0xFFFFFFFFFFFFFBFF

clint mtime 0x00000000000002C2 (mip.MTI <- 0b1, mip.STI <- 0b0)
mem[X,0x000000008000160C] -> 0x1FB3
mem[X,0x000000008000160E] -> 0x29DF
[1412] [M]: 0x000000008000160C (0x29DF1FB3) bset x31, x30, x29                      inst_244+8
x31 <- 0x8000000000000400

mem[X,0x0000000080001610] -> 0xB823
mem[X,0x0000000080001612] -> 0x6DF3
[1413] [M]: 0x0000000080001610 (0x6DF3B823) sd x31, 0x6d0(x7)                       inst_244+12
mem[W,0x00000000800058B8] <- 0x8000000000000400

clint mtime 0x00000000000002C3 (mip.MTI <- 0b1, mip.STI <- 0b0)
mem[X,0x0000000080001614] -> 0x0F13
mem[X,0x0000000080001616] -> 0x2000
[1414] [M]: 0x0000000080001614 (0x20000F13) addi x30, x0, 0x200                     inst_245+0
x30 <- 0x0000000000000200

mem[X,0x0000000080001618] -> 0x0E93
mem[X,0x000000008000161A] -> 0xBFF0
[1415] [M]: 0x0000000080001618 (0xBFF00E93) addi x29, x0, -0x401                    inst_245+4
x29 <- 0xFFFFFFFFFFFFFBFF

clint mtime 0x00000000000002C4 (mip.MTI <- 0b1, mip.STI <- 0b0)
mem[X,0x000000008000161C] -> 0x1FB3
mem[X,0x000000008000161E] -> 0x29DF
[1416] [M]: 0x000000008000161C (0x29DF1FB3) bset x31, x30, x29                      inst_245+8
x31 <- 0x8000000000000200

mem[X,0x0000000080001620] -> 0xBC23
mem[X,0x0000000080001622] -> 0x6DF3
[1417] [M]: 0x0000000080001620 (0x6DF3BC23) sd x31, 0x6d8(x7)                       inst_245+12
mem[W,0x00000000800058C0] <- 0x8000000000000200

clint mtime 0x00000000000002C5 (mip.MTI <- 0b1, mip.STI <- 0b0)
mem[X,0x0000000080001624] -> 0x0F13
mem[X,0x0000000080001626] -> 0x1000
[1418] [M]: 0x0000000080001624 (0x10000F13) addi x30, x0, 0x100                     inst_246+0
x30 <- 0x0000000000000100

mem[X,0x0000000080001628] -> 0x0E93
mem[X,0x000000008000162A] -> 0xBFF0
[1419] [M]: 0x0000000080001628 (0xBFF00E93) addi x29, x0, -0x401                    inst_246+4
x29 <- 0xFFFFFFFFFFFFFBFF

clint mtime 0x00000000000002C6 (mip.MTI <- 0b1, mip.STI <- 0b0)
mem[X,0x000000008000162C] -> 0x1FB3
mem[X,0x000000008000162E] -> 0x29DF
[1420] [M]: 0x000000008000162C (0x29DF1FB3) bset x31, x30, x29                      inst_246+8
x31 <- 0x8000000000000100

mem[X,0x0000000080001630] -> 0xB023
mem[X,0x0000000080001632] -> 0x6FF3
[1421] [M]: 0x0000000080001630 (0x6FF3B023) sd x31, 0x6e0(x7)                       inst_246+12
mem[W,0x00000000800058C8] <- 0x8000000000000100

clint mtime 0x00000000000002C7 (mip.MTI <- 0b1, mip.STI <- 0b0)
mem[X,0x0000000080001634] -> 0x0F13
mem[X,0x0000000080001636] -> 0x0800
[1422] [M]: 0x0000000080001634 (0x08000F13) addi x30, x0, 0x80                      inst_247+0
x30 <- 0x0000000000000080

mem[X,0x0000000080001638] -> 0x0E93
mem[X,0x000000008000163A] -> 0xBFF0
[1423] [M]: 0x0000000080001638 (0xBFF00E93) addi x29, x0, -0x401                    inst_247+4
x29 <- 0xFFFFFFFFFFFFFBFF

clint mtime 0x00000000000002C8 (mip.MTI <- 0b1, mip.STI <- 0b0)
mem[X,0x000000008000163C] -> 0x1FB3
mem[X,0x000000008000163E] -> 0x29DF
[1424] [M]: 0x000000008000163C (0x29DF1FB3) bset x31, x30, x29                      inst_247+8
x31 <- 0x8000000000000080

mem[X,0x0000000080001640] -> 0xB423
mem[X,0x0000000080001642] -> 0x6FF3
[1425] [M]: 0x0000000080001640 (0x6FF3B423) sd x31, 0x6e8(x7)                       inst_247+12
mem[W,0x00000000800058D0] <- 0x8000000000000080

clint mtime 0x00000000000002C9 (mip.MTI <- 0b1, mip.STI <- 0b0)
mem[X,0x0000000080001644] -> 0x0F13
mem[X,0x0000000080001646] -> 0x0400
[1426] [M]: 0x0000000080001644 (0x04000F13) addi x30, x0, 0x40                      inst_248+0
x30 <- 0x0000000000000040

mem[X,0x0000000080001648] -> 0x0E93
mem[X,0x000000008000164A] -> 0xBFF0
[1427] [M]: 0x0000000080001648 (0xBFF00E93) addi x29, x0, -0x401                    inst_248+4
x29 <- 0xFFFFFFFFFFFFFBFF

clint mtime 0x00000000000002CA (mip.MTI <- 0b1, mip.STI <- 0b0)
mem[X,0x000000008000164C] -> 0x1FB3
mem[X,0x000000008000164E] -> 0x29DF
[1428] [M]: 0x000000008000164C (0x29DF1FB3) bset x31, x30, x29                      inst_248+8
x31 <- 0x8000000000000040

mem[X,0x0000000080001650] -> 0xB823
mem[X,0x0000000080001652] -> 0x6FF3
[1429] [M]: 0x0000000080001650 (0x6FF3B823) sd x31, 0x6f0(x7)                       inst_248+12
mem[W,0x00000000800058D8] <- 0x8000000000000040

clint mtime 0x00000000000002CB (mip.MTI <- 0b1, mip.STI <- 0b0)
mem[X,0x0000000080001654] -> 0x0F13
mem[X,0x0000000080001656] -> 0x0200
[1430] [M]: 0x0000000080001654 (0x02000F13) addi x30, x0, 0x20                      inst_249+0
x30 <- 0x0000000000000020

mem[X,0x0000000080001658] -> 0x0E93
mem[X,0x000000008000165A] -> 0xBFF0
[1431] [M]: 0x0000000080001658 (0xBFF00E93) addi x29, x0, -0x401                    inst_249+4
x29 <- 0xFFFFFFFFFFFFFBFF

clint mtime 0x00000000000002CC (mip.MTI <- 0b1, mip.STI <- 0b0)
mem[X,0x000000008000165C] -> 0x1FB3
mem[X,0x000000008000165E] -> 0x29DF
[1432] [M]: 0x000000008000165C (0x29DF1FB3) bset x31, x30, x29                      inst_249+8
x31 <- 0x8000000000000020

mem[X,0x0000000080001660] -> 0xBC23
mem[X,0x0000000080001662] -> 0x6FF3
[1433] [M]: 0x0000000080001660 (0x6FF3BC23) sd x31, 0x6f8(x7)                       inst_249+12
mem[W,0x00000000800058E0] <- 0x8000000000000020

clint mtime 0x00000000000002CD (mip.MTI <- 0b1, mip.STI <- 0b0)
mem[X,0x0000000080001664] -> 0x0F13
mem[X,0x0000000080001666] -> 0x0100
[1434] [M]: 0x0000000080001664 (0x01000F13) addi x30, x0, 0x10                      inst_250+0
x30 <- 0x0000000000000010

mem[X,0x0000000080001668] -> 0x0E93
mem[X,0x000000008000166A] -> 0xBFF0
[1435] [M]: 0x0000000080001668 (0xBFF00E93) addi x29, x0, -0x401                    inst_250+4
x29 <- 0xFFFFFFFFFFFFFBFF

clint mtime 0x00000000000002CE (mip.MTI <- 0b1, mip.STI <- 0b0)
mem[X,0x000000008000166C] -> 0x1FB3
mem[X,0x000000008000166E] -> 0x29DF
[1436] [M]: 0x000000008000166C (0x29DF1FB3) bset x31, x30, x29                      inst_250+8
x31 <- 0x8000000000000010

mem[X,0x0000000080001670] -> 0xB023
mem[X,0x0000000080001672] -> 0x71F3
[1437] [M]: 0x0000000080001670 (0x71F3B023) sd x31, 0x700(x7)                       inst_250+12
mem[W,0x00000000800058E8] <- 0x8000000000000010

clint mtime 0x00000000000002CF (mip.MTI <- 0b1, mip.STI <- 0b0)
mem[X,0x0000000080001674] -> 0x0F13
mem[X,0x0000000080001676] -> 0x0080
[1438] [M]: 0x0000000080001674 (0x00800F13) addi x30, x0, 0x8                       inst_251+0
x30 <- 0x0000000000000008

mem[X,0x0000000080001678] -> 0x0E93
mem[X,0x000000008000167A] -> 0xBFF0
[1439] [M]: 0x0000000080001678 (0xBFF00E93) addi x29, x0, -0x401                    inst_251+4
x29 <- 0xFFFFFFFFFFFFFBFF

clint mtime 0x00000000000002D0 (mip.MTI <- 0b1, mip.STI <- 0b0)
mem[X,0x000000008000167C] -> 0x1FB3
mem[X,0x000000008000167E] -> 0x29DF
[1440] [M]: 0x000000008000167C (0x29DF1FB3) bset x31, x30, x29                      inst_251+8
x31 <- 0x8000000000000008

mem[X,0x0000000080001680] -> 0xB423
mem[X,0x0000000080001682] -> 0x71F3
[1441] [M]: 0x0000000080001680 (0x71F3B423) sd x31, 0x708(x7)                       inst_251+12
mem[W,0x00000000800058F0] <- 0x8000000000000008

clint mtime 0x00000000000002D1 (mip.MTI <- 0b1, mip.STI <- 0b0)
mem[X,0x0000000080001684] -> 0x0F13
mem[X,0x0000000080001686] -> 0x0040
[1442] [M]: 0x0000000080001684 (0x00400F13) addi x30, x0, 0x4                       inst_252+0
x30 <- 0x0000000000000004

mem[X,0x0000000080001688] -> 0x0E93
mem[X,0x000000008000168A] -> 0xBFF0
[1443] [M]: 0x0000000080001688 (0xBFF00E93) addi x29, x0, -0x401                    inst_252+4
x29 <- 0xFFFFFFFFFFFFFBFF

clint mtime 0x00000000000002D2 (mip.MTI <- 0b1, mip.STI <- 0b0)
mem[X,0x000000008000168C] -> 0x1FB3
mem[X,0x000000008000168E] -> 0x29DF
[1444] [M]: 0x000000008000168C (0x29DF1FB3) bset x31, x30, x29                      inst_252+8
x31 <- 0x8000000000000004

mem[X,0x0000000080001690] -> 0xB823
mem[X,0x0000000080001692] -> 0x71F3
[1445] [M]: 0x0000000080001690 (0x71F3B823) sd x31, 0x710(x7)                       inst_252+12
mem[W,0x00000000800058F8] <- 0x8000000000000004

clint mtime 0x00000000000002D3 (mip.MTI <- 0b1, mip.STI <- 0b0)
mem[X,0x0000000080001694] -> 0x0F13
mem[X,0x0000000080001696] -> 0x0020
[1446] [M]: 0x0000000080001694 (0x00200F13) addi x30, x0, 0x2                       inst_253+0
x30 <- 0x0000000000000002

mem[X,0x0000000080001698] -> 0x0E93
mem[X,0x000000008000169A] -> 0xBFF0
[1447] [M]: 0x0000000080001698 (0xBFF00E93) addi x29, x0, -0x401                    inst_253+4
x29 <- 0xFFFFFFFFFFFFFBFF

clint mtime 0x00000000000002D4 (mip.MTI <- 0b1, mip.STI <- 0b0)
mem[X,0x000000008000169C] -> 0x1FB3
mem[X,0x000000008000169E] -> 0x29DF
[1448] [M]: 0x000000008000169C (0x29DF1FB3) bset x31, x30, x29                      inst_253+8
x31 <- 0x8000000000000002

mem[X,0x00000000800016A0] -> 0xBC23
mem[X,0x00000000800016A2] -> 0x71F3
[1449] [M]: 0x00000000800016A0 (0x71F3BC23) sd x31, 0x718(x7)                       inst_253+12
mem[W,0x0000000080005900] <- 0x8000000000000002

clint mtime 0x00000000000002D5 (mip.MTI <- 0b1, mip.STI <- 0b0)
mem[X,0x00000000800016A4] -> 0x0F13
mem[X,0x00000000800016A6] -> 0x0010
[1450] [M]: 0x00000000800016A4 (0x00100F13) addi x30, x0, 0x1                       inst_254+0
x30 <- 0x0000000000000001

mem[X,0x00000000800016A8] -> 0x0E93
mem[X,0x00000000800016AA] -> 0xBFF0
[1451] [M]: 0x00000000800016A8 (0xBFF00E93) addi x29, x0, -0x401                    inst_254+4
x29 <- 0xFFFFFFFFFFFFFBFF

clint mtime 0x00000000000002D6 (mip.MTI <- 0b1, mip.STI <- 0b0)
mem[X,0x00000000800016AC] -> 0x1FB3
mem[X,0x00000000800016AE] -> 0x29DF
[1452] [M]: 0x00000000800016AC (0x29DF1FB3) bset x31, x30, x29                      inst_254+8
x31 <- 0x8000000000000001

mem[X,0x00000000800016B0] -> 0xB023
mem[X,0x00000000800016B2] -> 0x73F3
[1453] [M]: 0x00000000800016B0 (0x73F3B023) sd x31, 0x720(x7)                       inst_254+12
mem[W,0x0000000080005908] <- 0x8000000000000001

clint mtime 0x00000000000002D7 (mip.MTI <- 0b1, mip.STI <- 0b0)
mem[X,0x00000000800016B4] -> 0x0F37
mem[X,0x00000000800016B6] -> 0x0000
[1454] [M]: 0x00000000800016B4 (0x00000F37) lui x30, 0x0                            inst_255+0
x30 <- 0x0000000000000000

mem[X,0x00000000800016B8] -> 0x0F13
mem[X,0x00000000800016BA] -> 0x000F
[1455] [M]: 0x00000000800016B8 (0x000F0F13) addi x30, x30, 0x0                      inst_255+4
x30 <- 0x0000000000000000

clint mtime 0x00000000000002D8 (mip.MTI <- 0b1, mip.STI <- 0b0)
mem[X,0x00000000800016BC] -> 0x1F13
mem[X,0x00000000800016BE] -> 0x00BF
[1456] [M]: 0x00000000800016BC (0x00BF1F13) slli x30, x30, 0xb                      inst_255+8
x30 <- 0x0000000000000000

mem[X,0x00000000800016C0] -> 0x0F13
mem[X,0x00000000800016C2] -> 0x16FF
[1457] [M]: 0x00000000800016C0 (0x16FF0F13) addi x30, x30, 0x16f                    inst_255+12
x30 <- 0x000000000000016F

clint mtime 0x00000000000002D9 (mip.MTI <- 0b1, mip.STI <- 0b0)
mem[X,0x00000000800016C4] -> 0x1F13
mem[X,0x00000000800016C6] -> 0x00BF
[1458] [M]: 0x00000000800016C4 (0x00BF1F13) slli x30, x30, 0xb                      inst_255+16
x30 <- 0x00000000000B7800

mem[X,0x00000000800016C8] -> 0x0F13
mem[X,0x00000000800016CA] -> 0x36DF
[1459] [M]: 0x00000000800016C8 (0x36DF0F13) addi x30, x30, 0x36d                    inst_255+20
x30 <- 0x00000000000B7B6D

clint mtime 0x00000000000002DA (mip.MTI <- 0b1, mip.STI <- 0b0)
mem[X,0x00000000800016CC] -> 0x1F13
mem[X,0x00000000800016CE] -> 0x00AF
[1460] [M]: 0x00000000800016CC (0x00AF1F13) slli x30, x30, 0xa                      inst_255+24
x30 <- 0x000000002DEDB400

mem[X,0x00000000800016D0] -> 0x0F13
mem[X,0x00000000800016D2] -> 0x2A7F
[1461] [M]: 0x00000000800016D0 (0x2A7F0F13) addi x30, x30, 0x2a7                    inst_255+28
x30 <- 0x000000002DEDB6A7

clint mtime 0x00000000000002DB (mip.MTI <- 0b1, mip.STI <- 0b0)
mem[X,0x00000000800016D4] -> 0x0E93
mem[X,0x00000000800016D6] -> 0x0000
[1462] [M]: 0x00000000800016D4 (0x00000E93) addi x29, x0, 0x0                       inst_255+32
x29 <- 0x0000000000000000

mem[X,0x00000000800016D8] -> 0x1FB3
mem[X,0x00000000800016DA] -> 0x29DF
[1463] [M]: 0x00000000800016D8 (0x29DF1FB3) bset x31, x30, x29                      inst_255+36
x31 <- 0x000000002DEDB6A7

clint mtime 0x00000000000002DC (mip.MTI <- 0b1, mip.STI <- 0b0)
mem[X,0x00000000800016DC] -> 0xB423
mem[X,0x00000000800016DE] -> 0x73F3
[1464] [M]: 0x00000000800016DC (0x73F3B423) sd x31, 0x728(x7)                       inst_255+40
mem[W,0x0000000080005910] <- 0x000000002DEDB6A7

mem[X,0x00000000800016E0] -> 0xEF37
mem[X,0x00000000800016E2] -> 0x0784
[1465] [M]: 0x00000000800016E0 (0x0784EF37) lui x30, 0x784e                         inst_256+0
x30 <- 0x000000000784E000

clint mtime 0x00000000000002DD (mip.MTI <- 0b1, mip.STI <- 0b0)
mem[X,0x00000000800016E4] -> 0x0F13
mem[X,0x00000000800016E6] -> 0x4E5F
[1466] [M]: 0x00000000800016E4 (0x4E5F0F13) addi x30, x30, 0x4e5                    inst_256+4
x30 <- 0x000000000784E4E5

mem[X,0x00000000800016E8] -> 0x1F13
mem[X,0x00000000800016EA] -> 0x003F
[1467] [M]: 0x00000000800016E8 (0x003F1F13) slli x30, x30, 0x3                      inst_256+8
x30 <- 0x000000003C272728

clint mtime 0x00000000000002DE (mip.MTI <- 0b1, mip.STI <- 0b0)
mem[X,0x00000000800016EC] -> 0x0E93
mem[X,0x00000000800016EE] -> 0x0100
[1468] [M]: 0x00000000800016EC (0x01000E93) addi x29, x0, 0x10                      inst_256+12
x29 <- 0x0000000000000010

mem[X,0x00000000800016F0] -> 0x1FB3
mem[X,0x00000000800016F2] -> 0x29DF
[1469] [M]: 0x00000000800016F0 (0x29DF1FB3) bset x31, x30, x29                      inst_256+16
x31 <- 0x000000003C272728

clint mtime 0x00000000000002DF (mip.MTI <- 0b1, mip.STI <- 0b0)
mem[X,0x00000000800016F4] -> 0xB823
mem[X,0x00000000800016F6] -> 0x73F3
[1470] [M]: 0x00000000800016F4 (0x73F3B823) sd x31, 0x730(x7)                       inst_256+20
mem[W,0x0000000080005918] <- 0x000000003C272728

mem[X,0x00000000800016F8] -> 0x0F37
mem[X,0x00000000800016FA] -> 0x0000
[1471] [M]: 0x00000000800016F8 (0x00000F37) lui x30, 0x0                            inst_257+0
x30 <- 0x0000000000000000

clint mtime 0x00000000000002E0 (mip.MTI <- 0b1, mip.STI <- 0b0)
mem[X,0x00000000800016FC] -> 0x0F13
mem[X,0x00000000800016FE] -> 0x000F
[1472] [M]: 0x00000000800016FC (0x000F0F13) addi x30, x30, 0x0                      inst_257+4
x30 <- 0x0000000000000000

mem[X,0x0000000080001700] -> 0x1F13
mem[X,0x0000000080001702] -> 0x00BF
[1473] [M]: 0x0000000080001700 (0x00BF1F13) slli x30, x30, 0xb                      inst_257+8
x30 <- 0x0000000000000000

clint mtime 0x00000000000002E1 (mip.MTI <- 0b1, mip.STI <- 0b0)
mem[X,0x0000000080001704] -> 0x0F13
mem[X,0x0000000080001706] -> 0x27AF
[1474] [M]: 0x0000000080001704 (0x27AF0F13) addi x30, x30, 0x27a                    inst_257+12
x30 <- 0x000000000000027A

mem[X,0x0000000080001708] -> 0x1F13
mem[X,0x000000008000170A] -> 0x00BF
[1475] [M]: 0x0000000080001708 (0x00BF1F13) slli x30, x30, 0xb                      inst_257+16
x30 <- 0x000000000013D000

clint mtime 0x00000000000002E2 (mip.MTI <- 0b1, mip.STI <- 0b0)
mem[X,0x000000008000170C] -> 0x0F13
mem[X,0x000000008000170E] -> 0x571F
[1476] [M]: 0x000000008000170C (0x571F0F13) addi x30, x30, 0x571                    inst_257+20
x30 <- 0x000000000013D571

mem[X,0x0000000080001710] -> 0x1F13
mem[X,0x0000000080001712] -> 0x00AF
[1477] [M]: 0x0000000080001710 (0x00AF1F13) slli x30, x30, 0xa                      inst_257+24
x30 <- 0x000000004F55C400

clint mtime 0x00000000000002E3 (mip.MTI <- 0b1, mip.STI <- 0b0)
mem[X,0x0000000080001714] -> 0x0F13
mem[X,0x0000000080001716] -> 0x33DF
[1478] [M]: 0x0000000080001714 (0x33DF0F13) addi x30, x30, 0x33d                    inst_257+28
x30 <- 0x000000004F55C73D

mem[X,0x0000000080001718] -> 0x0E93
mem[X,0x000000008000171A] -> 0x0180
[1479] [M]: 0x0000000080001718 (0x01800E93) addi x29, x0, 0x18                      inst_257+32
x29 <- 0x0000000000000018

clint mtime 0x00000000000002E4 (mip.MTI <- 0b1, mip.STI <- 0b0)
mem[X,0x000000008000171C] -> 0x1FB3
mem[X,0x000000008000171E] -> 0x29DF
[1480] [M]: 0x000000008000171C (0x29DF1FB3) bset x31, x30, x29                      inst_257+36
x31 <- 0x000000004F55C73D

mem[X,0x0000000080001720] -> 0xBC23
mem[X,0x0000000080001722] -> 0x73F3
[1481] [M]: 0x0000000080001720 (0x73F3BC23) sd x31, 0x738(x7)                       inst_257+40
mem[W,0x0000000080005920] <- 0x000000004F55C73D

clint mtime 0x00000000000002E5 (mip.MTI <- 0b1, mip.STI <- 0b0)
mem[X,0x0000000080001724] -> 0x0F37
mem[X,0x0000000080001726] -> 0x0000
[1482] [M]: 0x0000000080001724 (0x00000F37) lui x30, 0x0                            inst_258+0
x30 <- 0x0000000000000000

mem[X,0x0000000080001728] -> 0x0F13
mem[X,0x000000008000172A] -> 0x000F
[1483] [M]: 0x0000000080001728 (0x000F0F13) addi x30, x30, 0x0                      inst_258+4
x30 <- 0x0000000000000000

clint mtime 0x00000000000002E6 (mip.MTI <- 0b1, mip.STI <- 0b0)
mem[X,0x000000008000172C] -> 0x1F13
mem[X,0x000000008000172E] -> 0x00BF
[1484] [M]: 0x000000008000172C (0x00BF1F13) slli x30, x30, 0xb                      inst_258+8
x30 <- 0x0000000000000000

mem[X,0x0000000080001730] -> 0x0F13
mem[X,0x0000000080001732] -> 0x585F
[1485] [M]: 0x0000000080001730 (0x585F0F13) addi x30, x30, 0x585                    inst_258+12
x30 <- 0x0000000000000585

clint mtime 0x00000000000002E7 (mip.MTI <- 0b1, mip.STI <- 0b0)
mem[X,0x0000000080001734] -> 0x1F13
mem[X,0x0000000080001736] -> 0x00BF
[1486] [M]: 0x0000000080001734 (0x00BF1F13) slli x30, x30, 0xb                      inst_258+16
x30 <- 0x00000000002C2800

mem[X,0x0000000080001738] -> 0x0F13
mem[X,0x000000008000173A] -> 0x2D5F
[1487] [M]: 0x0000000080001738 (0x2D5F0F13) addi x30, x30, 0x2d5                    inst_258+20
x30 <- 0x00000000002C2AD5

clint mtime 0x00000000000002E8 (mip.MTI <- 0b1, mip.STI <- 0b0)
mem[X,0x000000008000173C] -> 0x1F13
mem[X,0x000000008000173E] -> 0x00AF
[1488] [M]: 0x000000008000173C (0x00AF1F13) slli x30, x30, 0xa                      inst_258+24
x30 <- 0x00000000B0AB5400

mem[X,0x0000000080001740] -> 0x0F13
mem[X,0x0000000080001742] -> 0x37AF
[1489] [M]: 0x0000000080001740 (0x37AF0F13) addi x30, x30, 0x37a                    inst_258+28
x30 <- 0x00000000B0AB577A

clint mtime 0x00000000000002E9 (mip.MTI <- 0b1, mip.STI <- 0b0)
mem[X,0x0000000080001744] -> 0x0E93
mem[X,0x0000000080001746] -> 0x0140
[1490] [M]: 0x0000000080001744 (0x01400E93) addi x29, x0, 0x14                      inst_258+32
x29 <- 0x0000000000000014

mem[X,0x0000000080001748] -> 0x1FB3
mem[X,0x000000008000174A] -> 0x29DF
[1491] [M]: 0x0000000080001748 (0x29DF1FB3) bset x31, x30, x29                      inst_258+36
x31 <- 0x00000000B0BB577A

clint mtime 0x00000000000002EA (mip.MTI <- 0b1, mip.STI <- 0b0)
mem[X,0x000000008000174C] -> 0xB023
mem[X,0x000000008000174E] -> 0x75F3
[1492] [M]: 0x000000008000174C (0x75F3B023) sd x31, 0x740(x7)                       inst_258+40
mem[W,0x0000000080005928] <- 0x00000000B0BB577A

mem[X,0x0000000080001750] -> 0x9F37
mem[X,0x0000000080001752] -> 0x7875
[1493] [M]: 0x0000000080001750 (0x78759F37) lui x30, 0x78759                        inst_259+0
x30 <- 0x0000000078759000

clint mtime 0x00000000000002EB (mip.MTI <- 0b1, mip.STI <- 0b0)
mem[X,0x0000000080001754] -> 0x0F13
mem[X,0x0000000080001756] -> 0x0D5F
[1494] [M]: 0x0000000080001754 (0x0D5F0F13) addi x30, x30, 0xd5                     inst_259+4
x30 <- 0x00000000787590D5

mem[X,0x0000000080001758] -> 0x1F13
mem[X,0x000000008000175A] -> 0x001F
[1495] [M]: 0x0000000080001758 (0x001F1F13) slli x30, x30, 0x1                      inst_259+8
x30 <- 0x00000000F0EB21AA

clint mtime 0x00000000000002EC (mip.MTI <- 0b1, mip.STI <- 0b0)
mem[X,0x000000008000175C] -> 0x0E93
mem[X,0x000000008000175E] -> 0x01A0
[1496] [M]: 0x000000008000175C (0x01A00E93) addi x29, x0, 0x1a                      inst_259+12
x29 <- 0x000000000000001A

mem[X,0x0000000080001760] -> 0x1FB3
mem[X,0x0000000080001762] -> 0x29DF
[1497] [M]: 0x0000000080001760 (0x29DF1FB3) bset x31, x30, x29                      inst_259+16
x31 <- 0x00000000F4EB21AA

clint mtime 0x00000000000002ED (mip.MTI <- 0b1, mip.STI <- 0b0)
mem[X,0x0000000080001764] -> 0xB423
mem[X,0x0000000080001766] -> 0x75F3
[1498] [M]: 0x0000000080001764 (0x75F3B423) sd x31, 0x748(x7)                       inst_259+20
mem[W,0x0000000080005930] <- 0x00000000F4EB21AA

mem[X,0x0000000080001768] -> 0x0F37
mem[X,0x000000008000176A] -> 0x0000
[1499] [M]: 0x0000000080001768 (0x00000F37) lui x30, 0x0                            inst_260+0
x30 <- 0x0000000000000000

clint mtime 0x00000000000002EE (mip.MTI <- 0b1, mip.STI <- 0b0)
mem[X,0x000000008000176C] -> 0x0F13
mem[X,0x000000008000176E] -> 0x000F
[1500] [M]: 0x000000008000176C (0x000F0F13) addi x30, x30, 0x0                      inst_260+4
x30 <- 0x0000000000000000

mem[X,0x0000000080001770] -> 0x1F13
mem[X,0x0000000080001772] -> 0x00BF
[1501] [M]: 0x0000000080001770 (0x00BF1F13) slli x30, x30, 0xb                      inst_260+8
x30 <- 0x0000000000000000

clint mtime 0x00000000000002EF (mip.MTI <- 0b1, mip.STI <- 0b0)
mem[X,0x0000000080001774] -> 0x0F13
mem[X,0x0000000080001776] -> 0x54FF
[1502] [M]: 0x0000000080001774 (0x54FF0F13) addi x30, x30, 0x54f                    inst_260+12
x30 <- 0x000000000000054F

mem[X,0x0000000080001778] -> 0x1F13
mem[X,0x000000008000177A] -> 0x00BF
[1503] [M]: 0x0000000080001778 (0x00BF1F13) slli x30, x30, 0xb                      inst_260+16
x30 <- 0x00000000002A7800

clint mtime 0x00000000000002F0 (mip.MTI <- 0b1, mip.STI <- 0b0)
mem[X,0x000000008000177C] -> 0x0F13
mem[X,0x000000008000177E] -> 0x05BF
[1504] [M]: 0x000000008000177C (0x05BF0F13) addi x30, x30, 0x5b                     inst_260+20
x30 <- 0x00000000002A785B

mem[X,0x0000000080001780] -> 0x1F13
mem[X,0x0000000080001782] -> 0x00AF
[1505] [M]: 0x0000000080001780 (0x00AF1F13) slli x30, x30, 0xa                      inst_260+24
x30 <- 0x00000000A9E16C00

clint mtime 0x00000000000002F1 (mip.MTI <- 0b1, mip.STI <- 0b0)
mem[X,0x0000000080001784] -> 0x0F13
mem[X,0x0000000080001786] -> 0x227F
[1506] [M]: 0x0000000080001784 (0x227F0F13) addi x30, x30, 0x227                    inst_260+28
x30 <- 0x00000000A9E16E27

mem[X,0x0000000080001788] -> 0x0E93
mem[X,0x000000008000178A] -> 0x01B0
[1507] [M]: 0x0000000080001788 (0x01B00E93) addi x29, x0, 0x1b                      inst_260+32
x29 <- 0x000000000000001B

clint mtime 0x00000000000002F2 (mip.MTI <- 0b1, mip.STI <- 0b0)
mem[X,0x000000008000178C] -> 0x1FB3
mem[X,0x000000008000178E] -> 0x29DF
[1508] [M]: 0x000000008000178C (0x29DF1FB3) bset x31, x30, x29                      inst_260+36
x31 <- 0x00000000A9E16E27

mem[X,0x0000000080001790] -> 0xB823
mem[X,0x0000000080001792] -> 0x75F3
[1509] [M]: 0x0000000080001790 (0x75F3B823) sd x31, 0x750(x7)                       inst_260+40
mem[W,0x0000000080005938] <- 0x00000000A9E16E27

clint mtime 0x00000000000002F3 (mip.MTI <- 0b1, mip.STI <- 0b0)
mem[X,0x0000000080001794] -> 0x0F13
mem[X,0x0000000080001796] -> 0x0000
[1510] [M]: 0x0000000080001794 (0x00000F13) addi x30, x0, 0x0                       inst_261+0
x30 <- 0x0000000000000000

mem[X,0x0000000080001798] -> 0x0E93
mem[X,0x000000008000179A] -> 0x00C0
[1511] [M]: 0x0000000080001798 (0x00C00E93) addi x29, x0, 0xc                       inst_261+4
x29 <- 0x000000000000000C

clint mtime 0x00000000000002F4 (mip.MTI <- 0b1, mip.STI <- 0b0)
mem[X,0x000000008000179C] -> 0x1FB3
mem[X,0x000000008000179E] -> 0x29DF
[1512] [M]: 0x000000008000179C (0x29DF1FB3) bset x31, x30, x29                      inst_261+8
x31 <- 0x0000000000001000

mem[X,0x00000000800017A0] -> 0xBC23
mem[X,0x00000000800017A2] -> 0x75F3
[1513] [M]: 0x00000000800017A0 (0x75F3BC23) sd x31, 0x758(x7)                       inst_261+12
mem[W,0x0000000080005940] <- 0x0000000000001000

clint mtime 0x00000000000002F5 (mip.MTI <- 0b1, mip.STI <- 0b0)
mem[X,0x00000000800017A4] -> 0x0F13
mem[X,0x00000000800017A6] -> 0x0010
[1514] [M]: 0x00000000800017A4 (0x00100F13) addi x30, x0, 0x1                       inst_262+0
x30 <- 0x0000000000000001

mem[X,0x00000000800017A8] -> 0x1F13
mem[X,0x00000000800017AA] -> 0x01FF
[1515] [M]: 0x00000000800017A8 (0x01FF1F13) slli x30, x30, 0x1f                     inst_262+4
x30 <- 0x0000000080000000

clint mtime 0x00000000000002F6 (mip.MTI <- 0b1, mip.STI <- 0b0)
mem[X,0x00000000800017AC] -> 0x0E93
mem[X,0x00000000800017AE] -> 0x0050
[1516] [M]: 0x00000000800017AC (0x00500E93) addi x29, x0, 0x5                       inst_262+8
x29 <- 0x0000000000000005

mem[X,0x00000000800017B0] -> 0x1FB3
mem[X,0x00000000800017B2] -> 0x29DF
[1517] [M]: 0x00000000800017B0 (0x29DF1FB3) bset x31, x30, x29                      inst_262+12
x31 <- 0x0000000080000020

clint mtime 0x00000000000002F7 (mip.MTI <- 0b1, mip.STI <- 0b0)
mem[X,0x00000000800017B4] -> 0xB023
mem[X,0x00000000800017B6] -> 0x77F3
[1518] [M]: 0x00000000800017B4 (0x77F3B023) sd x31, 0x760(x7)                       inst_262+16
mem[W,0x0000000080005948] <- 0x0000000080000020

mem[X,0x00000000800017B8] -> 0x0F13
mem[X,0x00000000800017BA] -> 0x0010
[1519] [M]: 0x00000000800017B8 (0x00100F13) addi x30, x0, 0x1                       inst_263+0
x30 <- 0x0000000000000001

clint mtime 0x00000000000002F8 (mip.MTI <- 0b1, mip.STI <- 0b0)
mem[X,0x00000000800017BC] -> 0x1F13
mem[X,0x00000000800017BE] -> 0x01EF
[1520] [M]: 0x00000000800017BC (0x01EF1F13) slli x30, x30, 0x1e                     inst_263+4
x30 <- 0x0000000040000000

mem[X,0x00000000800017C0] -> 0x0E93
mem[X,0x00000000800017C2] -> 0x0010
[1521] [M]: 0x00000000800017C0 (0x00100E93) addi x29, x0, 0x1                       inst_263+8
x29 <- 0x0000000000000001

clint mtime 0x00000000000002F9 (mip.MTI <- 0b1, mip.STI <- 0b0)
mem[X,0x00000000800017C4] -> 0x1FB3
mem[X,0x00000000800017C6] -> 0x29DF
[1522] [M]: 0x00000000800017C4 (0x29DF1FB3) bset x31, x30, x29                      inst_263+12
x31 <- 0x0000000040000002

mem[X,0x00000000800017C8] -> 0xB423
mem[X,0x00000000800017CA] -> 0x77F3
[1523] [M]: 0x00000000800017C8 (0x77F3B423) sd x31, 0x768(x7)                       inst_263+16
mem[W,0x0000000080005950] <- 0x0000000040000002

clint mtime 0x00000000000002FA (mip.MTI <- 0b1, mip.STI <- 0b0)
mem[X,0x00000000800017CC] -> 0x0F13
mem[X,0x00000000800017CE] -> 0xFFF0
[1524] [M]: 0x00000000800017CC (0xFFF00F13) addi x30, x0, -0x1                      inst_264+0
x30 <- 0xFFFFFFFFFFFFFFFF

mem[X,0x00000000800017D0] -> 0x5F13
mem[X,0x00000000800017D2] -> 0x03EF
[1525] [M]: 0x00000000800017D0 (0x03EF5F13) srli x30, x30, 0x3e                     inst_264+4
x30 <- 0x0000000000000003

clint mtime 0x00000000000002FB (mip.MTI <- 0b1, mip.STI <- 0b0)
mem[X,0x00000000800017D4] -> 0x1F13
mem[X,0x00000000800017D6] -> 0x01DF
[1526] [M]: 0x00000000800017D4 (0x01DF1F13) slli x30, x30, 0x1d                     inst_264+8
x30 <- 0x0000000060000000

mem[X,0x00000000800017D8] -> 0x0E93
mem[X,0x00000000800017DA] -> 0x0180
[1527] [M]: 0x00000000800017D8 (0x01800E93) addi x29, x0, 0x18                      inst_264+12
x29 <- 0x0000000000000018

clint mtime 0x00000000000002FC (mip.MTI <- 0b1, mip.STI <- 0b0)
mem[X,0x00000000800017DC] -> 0x1FB3
mem[X,0x00000000800017DE] -> 0x29DF
[1528] [M]: 0x00000000800017DC (0x29DF1FB3) bset x31, x30, x29                      inst_264+16
x31 <- 0x0000000061000000

mem[X,0x00000000800017E0] -> 0xB823
mem[X,0x00000000800017E2] -> 0x77F3
[1529] [M]: 0x00000000800017E0 (0x77F3B823) sd x31, 0x770(x7)                       inst_264+20
mem[W,0x0000000080005958] <- 0x0000000061000000

clint mtime 0x00000000000002FD (mip.MTI <- 0b1, mip.STI <- 0b0)
mem[X,0x00000000800017E4] -> 0x0F13
mem[X,0x00000000800017E6] -> 0x00B0
[1530] [M]: 0x00000000800017E4 (0x00B00F13) addi x30, x0, 0xb                       inst_265+0
x30 <- 0x000000000000000B

mem[X,0x00000000800017E8] -> 0x1F13
mem[X,0x00000000800017EA] -> 0x01CF
[1531] [M]: 0x00000000800017E8 (0x01CF1F13) slli x30, x30, 0x1c                     inst_265+4
x30 <- 0x00000000B0000000

clint mtime 0x00000000000002FE (mip.MTI <- 0b1, mip.STI <- 0b0)
mem[X,0x00000000800017EC] -> 0x0E93
mem[X,0x00000000800017EE] -> 0x01E0
[1532] [M]: 0x00000000800017EC (0x01E00E93) addi x29, x0, 0x1e                      inst_265+8
x29 <- 0x000000000000001E

mem[X,0x00000000800017F0] -> 0x1FB3
mem[X,0x00000000800017F2] -> 0x29DF
[1533] [M]: 0x00000000800017F0 (0x29DF1FB3) bset x31, x30, x29                      inst_265+12
x31 <- 0x00000000F0000000

clint mtime 0x00000000000002FF (mip.MTI <- 0b1, mip.STI <- 0b0)
mem[X,0x00000000800017F4] -> 0xBC23
mem[X,0x00000000800017F6] -> 0x77F3
[1534] [M]: 0x00000000800017F4 (0x77F3BC23) sd x31, 0x778(x7)                       inst_265+16
mem[W,0x0000000080005960] <- 0x00000000F0000000

mem[X,0x00000000800017F8] -> 0x0F13
mem[X,0x00000000800017FA] -> 0x0010
[1535] [M]: 0x00000000800017F8 (0x00100F13) addi x30, x0, 0x1                       inst_266+0
x30 <- 0x0000000000000001

clint mtime 0x0000000000000300 (mip.MTI <- 0b1, mip.STI <- 0b0)
mem[X,0x00000000800017FC] -> 0x1F13
mem[X,0x00000000800017FE] -> 0x01BF
[1536] [M]: 0x00000000800017FC (0x01BF1F13) slli x30, x30, 0x1b                     inst_266+4
x30 <- 0x0000000008000000

mem[X,0x0000000080001800] -> 0x0E93
mem[X,0x0000000080001802] -> 0x01A0
[1537] [M]: 0x0000000080001800 (0x01A00E93) addi x29, x0, 0x1a                      inst_266+8
x29 <- 0x000000000000001A

clint mtime 0x0000000000000301 (mip.MTI <- 0b1, mip.STI <- 0b0)
mem[X,0x0000000080001804] -> 0x1FB3
mem[X,0x0000000080001806] -> 0x29DF
[1538] [M]: 0x0000000080001804 (0x29DF1FB3) bset x31, x30, x29                      inst_266+12
x31 <- 0x000000000C000000

mem[X,0x0000000080001808] -> 0xB023
mem[X,0x000000008000180A] -> 0x79F3
[1539] [M]: 0x0000000080001808 (0x79F3B023) sd x31, 0x780(x7)                       inst_266+16
mem[W,0x0000000080005968] <- 0x000000000C000000

clint mtime 0x0000000000000302 (mip.MTI <- 0b1, mip.STI <- 0b0)
mem[X,0x000000008000180C] -> 0x0F13
mem[X,0x000000008000180E] -> 0x03D0
[1540] [M]: 0x000000008000180C (0x03D00F13) addi x30, x0, 0x3d                      inst_267+0
x30 <- 0x000000000000003D

mem[X,0x0000000080001810] -> 0x1F13
mem[X,0x0000000080001812] -> 0x01AF
[1541] [M]: 0x0000000080001810 (0x01AF1F13) slli x30, x30, 0x1a                     inst_267+4
x30 <- 0x00000000F4000000

clint mtime 0x0000000000000303 (mip.MTI <- 0b1, mip.STI <- 0b0)
mem[X,0x0000000080001814] -> 0x0E93
mem[X,0x0000000080001816] -> 0x0050
[1542] [M]: 0x0000000080001814 (0x00500E93) addi x29, x0, 0x5                       inst_267+8
x29 <- 0x0000000000000005

mem[X,0x0000000080001818] -> 0x1FB3
mem[X,0x000000008000181A] -> 0x29DF
[1543] [M]: 0x0000000080001818 (0x29DF1FB3) bset x31, x30, x29                      inst_267+12
x31 <- 0x00000000F4000020

clint mtime 0x0000000000000304 (mip.MTI <- 0b1, mip.STI <- 0b0)
mem[X,0x000000008000181C] -> 0xB423
mem[X,0x000000008000181E] -> 0x79F3
[1544] [M]: 0x000000008000181C (0x79F3B423) sd x31, 0x788(x7)                       inst_267+16
mem[W,0x0000000080005970] <- 0x00000000F4000020

mem[X,0x0000000080001820] -> 0x0F13
mem[X,0x0000000080001822] -> 0x0410
[1545] [M]: 0x0000000080001820 (0x04100F13) addi x30, x0, 0x41                      inst_268+0
x30 <- 0x0000000000000041

clint mtime 0x0000000000000305 (mip.MTI <- 0b1, mip.STI <- 0b0)
mem[X,0x0000000080001824] -> 0x1F13
mem[X,0x0000000080001826] -> 0x019F
[1546] [M]: 0x0000000080001824 (0x019F1F13) slli x30, x30, 0x19                     inst_268+4
x30 <- 0x0000000082000000

mem[X,0x0000000080001828] -> 0x0E93
mem[X,0x000000008000182A] -> 0x00A0
[1547] [M]: 0x0000000080001828 (0x00A00E93) addi x29, x0, 0xa                       inst_268+8
x29 <- 0x000000000000000A

clint mtime 0x0000000000000306 (mip.MTI <- 0b1, mip.STI <- 0b0)
mem[X,0x000000008000182C] -> 0x1FB3
mem[X,0x000000008000182E] -> 0x29DF
[1548] [M]: 0x000000008000182C (0x29DF1FB3) bset x31, x30, x29                      inst_268+12
x31 <- 0x0000000082000400

mem[X,0x0000000080001830] -> 0xB823
mem[X,0x0000000080001832] -> 0x79F3
[1549] [M]: 0x0000000080001830 (0x79F3B823) sd x31, 0x790(x7)                       inst_268+16
mem[W,0x0000000080005978] <- 0x0000000082000400

clint mtime 0x0000000000000307 (mip.MTI <- 0b1, mip.STI <- 0b0)
mem[X,0x0000000080001834] -> 0x0F13
mem[X,0x0000000080001836] -> 0x0FD0
[1550] [M]: 0x0000000080001834 (0x0FD00F13) addi x30, x0, 0xfd                      inst_269+0
x30 <- 0x00000000000000FD

mem[X,0x0000000080001838] -> 0x1F13
mem[X,0x000000008000183A] -> 0x018F
[1551] [M]: 0x0000000080001838 (0x018F1F13) slli x30, x30, 0x18                     inst_269+4
x30 <- 0x00000000FD000000

clint mtime 0x0000000000000308 (mip.MTI <- 0b1, mip.STI <- 0b0)
mem[X,0x000000008000183C] -> 0x0E93
mem[X,0x000000008000183E] -> 0x0030
[1552] [M]: 0x000000008000183C (0x00300E93) addi x29, x0, 0x3                       inst_269+8
x29 <- 0x0000000000000003

mem[X,0x0000000080001840] -> 0x1FB3
mem[X,0x0000000080001842] -> 0x29DF
[1553] [M]: 0x0000000080001840 (0x29DF1FB3) bset x31, x30, x29                      inst_269+12
x31 <- 0x00000000FD000008

clint mtime 0x0000000000000309 (mip.MTI <- 0b1, mip.STI <- 0b0)
mem[X,0x0000000080001844] -> 0xBC23
mem[X,0x0000000080001846] -> 0x79F3
[1554] [M]: 0x0000000080001844 (0x79F3BC23) sd x31, 0x798(x7)                       inst_269+16
mem[W,0x0000000080005980] <- 0x00000000FD000008

mem[X,0x0000000080001848] -> 0x0F13
mem[X,0x000000008000184A] -> 0x1B10
[1555] [M]: 0x0000000080001848 (0x1B100F13) addi x30, x0, 0x1b1                     inst_270+0
x30 <- 0x00000000000001B1

clint mtime 0x000000000000030A (mip.MTI <- 0b1, mip.STI <- 0b0)
mem[X,0x000000008000184C] -> 0x1F13
mem[X,0x000000008000184E] -> 0x017F
[1556] [M]: 0x000000008000184C (0x017F1F13) slli x30, x30, 0x17                     inst_270+4
x30 <- 0x00000000D8800000

mem[X,0x0000000080001850] -> 0x0E93
mem[X,0x0000000080001852] -> 0x00A0
[1557] [M]: 0x0000000080001850 (0x00A00E93) addi x29, x0, 0xa                       inst_270+8
x29 <- 0x000000000000000A

clint mtime 0x000000000000030B (mip.MTI <- 0b1, mip.STI <- 0b0)
mem[X,0x0000000080001854] -> 0x1FB3
mem[X,0x0000000080001856] -> 0x29DF
[1558] [M]: 0x0000000080001854 (0x29DF1FB3) bset x31, x30, x29                      inst_270+12
x31 <- 0x00000000D8800400

mem[X,0x0000000080001858] -> 0xB023
mem[X,0x000000008000185A] -> 0x7BF3
[1559] [M]: 0x0000000080001858 (0x7BF3B023) sd x31, 0x7a0(x7)                       inst_270+16
mem[W,0x0000000080005988] <- 0x00000000D8800400

clint mtime 0x000000000000030C (mip.MTI <- 0b1, mip.STI <- 0b0)
mem[X,0x000000008000185C] -> 0x0F13
mem[X,0x000000008000185E] -> 0x3230
[1560] [M]: 0x000000008000185C (0x32300F13) addi x30, x0, 0x323                     inst_271+0
x30 <- 0x0000000000000323

mem[X,0x0000000080001860] -> 0x1F13
mem[X,0x0000000080001862] -> 0x016F
[1561] [M]: 0x0000000080001860 (0x016F1F13) slli x30, x30, 0x16                     inst_271+4
x30 <- 0x00000000C8C00000

clint mtime 0x000000000000030D (mip.MTI <- 0b1, mip.STI <- 0b0)
mem[X,0x0000000080001864] -> 0x0E93
mem[X,0x0000000080001866] -> 0x0140
[1562] [M]: 0x0000000080001864 (0x01400E93) addi x29, x0, 0x14                      inst_271+8
x29 <- 0x0000000000000014

mem[X,0x0000000080001868] -> 0x1FB3
mem[X,0x000000008000186A] -> 0x29DF
[1563] [M]: 0x0000000080001868 (0x29DF1FB3) bset x31, x30, x29                      inst_271+12
x31 <- 0x00000000C8D00000

clint mtime 0x000000000000030E (mip.MTI <- 0b1, mip.STI <- 0b0)
mem[X,0x000000008000186C] -> 0xB423
mem[X,0x000000008000186E] -> 0x7BF3
[1564] [M]: 0x000000008000186C (0x7BF3B423) sd x31, 0x7a8(x7)                       inst_271+16
mem[W,0x0000000080005990] <- 0x00000000C8D00000

mem[X,0x0000000080001870] -> 0x0F13
mem[X,0x0000000080001872] -> 0x5190
[1565] [M]: 0x0000000080001870 (0x51900F13) addi x30, x0, 0x519                     inst_272+0
x30 <- 0x0000000000000519

clint mtime 0x000000000000030F (mip.MTI <- 0b1, mip.STI <- 0b0)
mem[X,0x0000000080001874] -> 0x1F13
mem[X,0x0000000080001876] -> 0x015F
[1566] [M]: 0x0000000080001874 (0x015F1F13) slli x30, x30, 0x15                     inst_272+4
x30 <- 0x00000000A3200000

mem[X,0x0000000080001878] -> 0x0E93
mem[X,0x000000008000187A] -> 0x0080
[1567] [M]: 0x0000000080001878 (0x00800E93) addi x29, x0, 0x8                       inst_272+8
x29 <- 0x0000000000000008

clint mtime 0x0000000000000310 (mip.MTI <- 0b1, mip.STI <- 0b0)
mem[X,0x000000008000187C] -> 0x1FB3
mem[X,0x000000008000187E] -> 0x29DF
[1568] [M]: 0x000000008000187C (0x29DF1FB3) bset x31, x30, x29                      inst_272+12
x31 <- 0x00000000A3200100

mem[X,0x0000000080001880] -> 0xB823
mem[X,0x0000000080001882] -> 0x7BF3
[1569] [M]: 0x0000000080001880 (0x7BF3B823) sd x31, 0x7b0(x7)                       inst_272+16
mem[W,0x0000000080005998] <- 0x00000000A3200100

clint mtime 0x0000000000000311 (mip.MTI <- 0b1, mip.STI <- 0b0)
mem[X,0x0000000080001884] -> 0x0F37
mem[X,0x0000000080001886] -> 0x0000
[1570] [M]: 0x0000000080001884 (0x00000F37) lui x30, 0x0                            inst_273+0
x30 <- 0x0000000000000000

mem[X,0x0000000080001888] -> 0x0F13
mem[X,0x000000008000188A] -> 0x000F
[1571] [M]: 0x0000000080001888 (0x000F0F13) addi x30, x30, 0x0                      inst_273+4
x30 <- 0x0000000000000000

clint mtime 0x0000000000000312 (mip.MTI <- 0b1, mip.STI <- 0b0)
mem[X,0x000000008000188C] -> 0x1F13
mem[X,0x000000008000188E] -> 0x00BF
[1572] [M]: 0x000000008000188C (0x00BF1F13) slli x30, x30, 0xb                      inst_273+8
x30 <- 0x0000000000000000

mem[X,0x0000000080001890] -> 0x0F13
mem[X,0x0000000080001892] -> 0x63CF
[1573] [M]: 0x0000000080001890 (0x63CF0F13) addi x30, x30, 0x63c                    inst_273+12
x30 <- 0x000000000000063C

clint mtime 0x0000000000000313 (mip.MTI <- 0b1, mip.STI <- 0b0)
mem[X,0x0000000080001894] -> 0x1F13
mem[X,0x0000000080001896] -> 0x00BF
[1574] [M]: 0x0000000080001894 (0x00BF1F13) slli x30, x30, 0xb                      inst_273+16
x30 <- 0x000000000031E000

mem[X,0x0000000080001898] -> 0x0F13
mem[X,0x000000008000189A] -> 0x400F
[1575] [M]: 0x0000000080001898 (0x400F0F13) addi x30, x30, 0x400                    inst_273+20
x30 <- 0x000000000031E400

clint mtime 0x0000000000000314 (mip.MTI <- 0b1, mip.STI <- 0b0)
mem[X,0x000000008000189C] -> 0x1F13
mem[X,0x000000008000189E] -> 0x00AF
[1576] [M]: 0x000000008000189C (0x00AF1F13) slli x30, x30, 0xa                      inst_273+24
x30 <- 0x00000000C7900000

mem[X,0x00000000800018A0] -> 0x0E93
mem[X,0x00000000800018A2] -> 0x01B0
[1577] [M]: 0x00000000800018A0 (0x01B00E93) addi x29, x0, 0x1b                      inst_273+28
x29 <- 0x000000000000001B

clint mtime 0x0000000000000315 (mip.MTI <- 0b1, mip.STI <- 0b0)
mem[X,0x00000000800018A4] -> 0x1FB3
mem[X,0x00000000800018A6] -> 0x29DF
[1578] [M]: 0x00000000800018A4 (0x29DF1FB3) bset x31, x30, x29                      inst_273+32
x31 <- 0x00000000CF900000

mem[X,0x00000000800018A8] -> 0xBC23
mem[X,0x00000000800018AA] -> 0x7BF3
[1579] [M]: 0x00000000800018A8 (0x7BF3BC23) sd x31, 0x7b8(x7)                       inst_273+36
mem[W,0x00000000800059A0] <- 0x00000000CF900000

clint mtime 0x0000000000000316 (mip.MTI <- 0b1, mip.STI <- 0b0)
mem[X,0x00000000800018AC] -> 0x0F37
mem[X,0x00000000800018AE] -> 0x0000
[1580] [M]: 0x00000000800018AC (0x00000F37) lui x30, 0x0                            inst_274+0
x30 <- 0x0000000000000000

mem[X,0x00000000800018B0] -> 0x0F13
mem[X,0x00000000800018B2] -> 0x000F
[1581] [M]: 0x00000000800018B0 (0x000F0F13) addi x30, x30, 0x0                      inst_274+4
x30 <- 0x0000000000000000

clint mtime 0x0000000000000317 (mip.MTI <- 0b1, mip.STI <- 0b0)
mem[X,0x00000000800018B4] -> 0x1F13
mem[X,0x00000000800018B6] -> 0x00BF
[1582] [M]: 0x00000000800018B4 (0x00BF1F13) slli x30, x30, 0xb                      inst_274+8
x30 <- 0x0000000000000000

mem[X,0x00000000800018B8] -> 0x0F13
mem[X,0x00000000800018BA] -> 0x234F
[1583] [M]: 0x00000000800018B8 (0x234F0F13) addi x30, x30, 0x234                    inst_274+12
x30 <- 0x0000000000000234

clint mtime 0x0000000000000318 (mip.MTI <- 0b1, mip.STI <- 0b0)
mem[X,0x00000000800018BC] -> 0x1F13
mem[X,0x00000000800018BE] -> 0x00BF
[1584] [M]: 0x00000000800018BC (0x00BF1F13) slli x30, x30, 0xb                      inst_274+16
x30 <- 0x000000000011A000

mem[X,0x00000000800018C0] -> 0x0F13
mem[X,0x00000000800018C2] -> 0x200F
[1585] [M]: 0x00000000800018C0 (0x200F0F13) addi x30, x30, 0x200                    inst_274+20
x30 <- 0x000000000011A200

clint mtime 0x0000000000000319 (mip.MTI <- 0b1, mip.STI <- 0b0)
mem[X,0x00000000800018C4] -> 0x1F13
mem[X,0x00000000800018C6] -> 0x00AF
[1586] [M]: 0x00000000800018C4 (0x00AF1F13) slli x30, x30, 0xa                      inst_274+24
x30 <- 0x0000000046880000

mem[X,0x00000000800018C8] -> 0x0E93
mem[X,0x00000000800018CA] -> 0x01C0
[1587] [M]: 0x00000000800018C8 (0x01C00E93) addi x29, x0, 0x1c                      inst_274+28
x29 <- 0x000000000000001C

clint mtime 0x000000000000031A (mip.MTI <- 0b1, mip.STI <- 0b0)
mem[X,0x00000000800018CC] -> 0x1FB3
mem[X,0x00000000800018CE] -> 0x29DF
[1588] [M]: 0x00000000800018CC (0x29DF1FB3) bset x31, x30, x29                      inst_274+32
x31 <- 0x0000000056880000

mem[X,0x00000000800018D0] -> 0xB023
mem[X,0x00000000800018D2] -> 0x7DF3
[1589] [M]: 0x00000000800018D0 (0x7DF3B023) sd x31, 0x7c0(x7)                       inst_274+36
mem[W,0x00000000800059A8] <- 0x0000000056880000

clint mtime 0x000000000000031B (mip.MTI <- 0b1, mip.STI <- 0b0)
mem[X,0x00000000800018D4] -> 0x1F37
mem[X,0x00000000800018D6] -> 0x0000
[1590] [M]: 0x00000000800018D4 (0x00001F37) lui x30, 0x1                            inst_275+0
x30 <- 0x0000000000001000

mem[X,0x00000000800018D8] -> 0x0F13
mem[X,0x00000000800018DA] -> 0x551F
[1591] [M]: 0x00000000800018D8 (0x551F0F13) addi x30, x30, 0x551                    inst_275+4
x30 <- 0x0000000000001551

clint mtime 0x000000000000031C (mip.MTI <- 0b1, mip.STI <- 0b0)
mem[X,0x00000000800018DC] -> 0x1F13
mem[X,0x00000000800018DE] -> 0x012F
[1592] [M]: 0x00000000800018DC (0x012F1F13) slli x30, x30, 0x12                     inst_275+8
x30 <- 0x0000000055440000

mem[X,0x00000000800018E0] -> 0x0E93
mem[X,0x00000000800018E2] -> 0x01B0
[1593] [M]: 0x00000000800018E0 (0x01B00E93) addi x29, x0, 0x1b                      inst_275+12
x29 <- 0x000000000000001B

clint mtime 0x000000000000031D (mip.MTI <- 0b1, mip.STI <- 0b0)
mem[X,0x00000000800018E4] -> 0x1FB3
mem[X,0x00000000800018E6] -> 0x29DF
[1594] [M]: 0x00000000800018E4 (0x29DF1FB3) bset x31, x30, x29                      inst_275+16
x31 <- 0x000000005D440000

mem[X,0x00000000800018E8] -> 0xB423
mem[X,0x00000000800018EA] -> 0x7DF3
[1595] [M]: 0x00000000800018E8 (0x7DF3B423) sd x31, 0x7c8(x7)                       inst_275+20
mem[W,0x00000000800059B0] <- 0x000000005D440000

clint mtime 0x000000000000031E (mip.MTI <- 0b1, mip.STI <- 0b0)
mem[X,0x00000000800018EC] -> 0x5F37
mem[X,0x00000000800018EE] -> 0x0000
[1596] [M]: 0x00000000800018EC (0x00005F37) lui x30, 0x5                            inst_276+0
x30 <- 0x0000000000005000

mem[X,0x00000000800018F0] -> 0x0F13
mem[X,0x00000000800018F2] -> 0x2B5F
[1597] [M]: 0x00000000800018F0 (0x2B5F0F13) addi x30, x30, 0x2b5                    inst_276+4
x30 <- 0x00000000000052B5

clint mtime 0x000000000000031F (mip.MTI <- 0b1, mip.STI <- 0b0)
mem[X,0x00000000800018F4] -> 0x1F13
mem[X,0x00000000800018F6] -> 0x011F
[1598] [M]: 0x00000000800018F4 (0x011F1F13) slli x30, x30, 0x11                     inst_276+8
x30 <- 0x00000000A56A0000

mem[X,0x00000000800018F8] -> 0x0E93
mem[X,0x00000000800018FA] -> 0x00E0
[1599] [M]: 0x00000000800018F8 (0x00E00E93) addi x29, x0, 0xe                       inst_276+12
x29 <- 0x000000000000000E

clint mtime 0x0000000000000320 (mip.MTI <- 0b1, mip.STI <- 0b0)
mem[X,0x00000000800018FC] -> 0x1FB3
mem[X,0x00000000800018FE] -> 0x29DF
[1600] [M]: 0x00000000800018FC (0x29DF1FB3) bset x31, x30, x29                      inst_276+16
x31 <- 0x00000000A56A4000

mem[X,0x0000000080001900] -> 0xB823
mem[X,0x0000000080001902] -> 0x7DF3
[1601] [M]: 0x0000000080001900 (0x7DF3B823) sd x31, 0x7d0(x7)                       inst_276+20
mem[W,0x00000000800059B8] <- 0x00000000A56A4000

clint mtime 0x0000000000000321 (mip.MTI <- 0b1, mip.STI <- 0b0)
mem[X,0x0000000080001904] -> 0x4F37
mem[X,0x0000000080001906] -> 0x0000
[1602] [M]: 0x0000000080001904 (0x00004F37) lui x30, 0x4                            inst_277+0
x30 <- 0x0000000000004000

mem[X,0x0000000080001908] -> 0x0F13
mem[X,0x000000008000190A] -> 0x05DF
[1603] [M]: 0x0000000080001908 (0x05DF0F13) addi x30, x30, 0x5d                     inst_277+4
x30 <- 0x000000000000405D

clint mtime 0x0000000000000322 (mip.MTI <- 0b1, mip.STI <- 0b0)
mem[X,0x000000008000190C] -> 0x1F13
mem[X,0x000000008000190E] -> 0x010F
[1604] [M]: 0x000000008000190C (0x010F1F13) slli x30, x30, 0x10                     inst_277+8
x30 <- 0x00000000405D0000

mem[X,0x0000000080001910] -> 0x0E93
mem[X,0x0000000080001912] -> 0x0030
[1605] [M]: 0x0000000080001910 (0x00300E93) addi x29, x0, 0x3                       inst_277+12
x29 <- 0x0000000000000003

clint mtime 0x0000000000000323 (mip.MTI <- 0b1, mip.STI <- 0b0)
mem[X,0x0000000080001914] -> 0x1FB3
mem[X,0x0000000080001916] -> 0x29DF
[1606] [M]: 0x0000000080001914 (0x29DF1FB3) bset x31, x30, x29                      inst_277+16
x31 <- 0x00000000405D0008

mem[X,0x0000000080001918] -> 0xBC23
mem[X,0x000000008000191A] -> 0x7DF3
[1607] [M]: 0x0000000080001918 (0x7DF3BC23) sd x31, 0x7d8(x7)                       inst_277+20
mem[W,0x00000000800059C0] <- 0x00000000405D0008

clint mtime 0x0000000000000324 (mip.MTI <- 0b1, mip.STI <- 0b0)
mem[X,0x000000008000191C] -> 0x0F37
mem[X,0x000000008000191E] -> 0x0000
[1608] [M]: 0x000000008000191C (0x00000F37) lui x30, 0x0                            inst_278+0
x30 <- 0x0000000000000000

mem[X,0x0000000080001920] -> 0x0F13
mem[X,0x0000000080001922] -> 0x000F
[1609] [M]: 0x0000000080001920 (0x000F0F13) addi x30, x30, 0x0                      inst_278+4
x30 <- 0x0000000000000000

clint mtime 0x0000000000000325 (mip.MTI <- 0b1, mip.STI <- 0b0)
mem[X,0x0000000080001924] -> 0x1F13
mem[X,0x0000000080001926] -> 0x00BF
[1610] [M]: 0x0000000080001924 (0x00BF1F13) slli x30, x30, 0xb                      inst_278+8
x30 <- 0x0000000000000000

mem[X,0x0000000080001928] -> 0x0F13
mem[X,0x000000008000192A] -> 0x669F
[1611] [M]: 0x0000000080001928 (0x669F0F13) addi x30, x30, 0x669                    inst_278+12
x30 <- 0x0000000000000669

clint mtime 0x0000000000000326 (mip.MTI <- 0b1, mip.STI <- 0b0)
mem[X,0x000000008000192C] -> 0x1F13
mem[X,0x000000008000192E] -> 0x00BF
[1612] [M]: 0x000000008000192C (0x00BF1F13) slli x30, x30, 0xb                      inst_278+16
x30 <- 0x0000000000334800

mem[X,0x0000000080001930] -> 0x0F13
mem[X,0x0000000080001932] -> 0x3E0F
[1613] [M]: 0x0000000080001930 (0x3E0F0F13) addi x30, x30, 0x3e0                    inst_278+20
x30 <- 0x0000000000334BE0

clint mtime 0x0000000000000327 (mip.MTI <- 0b1, mip.STI <- 0b0)
mem[X,0x0000000080001934] -> 0x1F13
mem[X,0x0000000080001936] -> 0x00AF
[1614] [M]: 0x0000000080001934 (0x00AF1F13) slli x30, x30, 0xa                      inst_278+24
x30 <- 0x00000000CD2F8000

mem[X,0x0000000080001938] -> 0x0E93
mem[X,0x000000008000193A] -> 0x0050
[1615] [M]: 0x0000000080001938 (0x00500E93) addi x29, x0, 0x5                       inst_278+28
x29 <- 0x0000000000000005

clint mtime 0x0000000000000328 (mip.MTI <- 0b1, mip.STI <- 0b0)
mem[X,0x000000008000193C] -> 0x1FB3
mem[X,0x000000008000193E] -> 0x29DF
[1616] [M]: 0x000000008000193C (0x29DF1FB3) bset x31, x30, x29                      inst_278+32
x31 <- 0x00000000CD2F8020

mem[X,0x0000000080001940] -> 0xB023
mem[X,0x0000000080001942] -> 0x7FF3
[1617] [M]: 0x0000000080001940 (0x7FF3B023) sd x31, 0x7e0(x7)                       inst_278+36
mem[W,0x00000000800059C8] <- 0x00000000CD2F8020

clint mtime 0x0000000000000329 (mip.MTI <- 0b1, mip.STI <- 0b0)
mem[X,0x0000000080001944] -> 0x0F37
mem[X,0x0000000080001946] -> 0x0000
[1618] [M]: 0x0000000080001944 (0x00000F37) lui x30, 0x0                            inst_279+0
x30 <- 0x0000000000000000

mem[X,0x0000000080001948] -> 0x0F13
mem[X,0x000000008000194A] -> 0x000F
[1619] [M]: 0x0000000080001948 (0x000F0F13) addi x30, x30, 0x0                      inst_279+4
x30 <- 0x0000000000000000

clint mtime 0x000000000000032A (mip.MTI <- 0b1, mip.STI <- 0b0)
mem[X,0x000000008000194C] -> 0x1F13
mem[X,0x000000008000194E] -> 0x00BF
[1620] [M]: 0x000000008000194C (0x00BF1F13) slli x30, x30, 0xb                      inst_279+8
x30 <- 0x0000000000000000

mem[X,0x0000000080001950] -> 0x0F13
mem[X,0x0000000080001952] -> 0x536F
[1621] [M]: 0x0000000080001950 (0x536F0F13) addi x30, x30, 0x536                    inst_279+12
x30 <- 0x0000000000000536

clint mtime 0x000000000000032B (mip.MTI <- 0b1, mip.STI <- 0b0)
mem[X,0x0000000080001954] -> 0x1F13
mem[X,0x0000000080001956] -> 0x00BF
[1622] [M]: 0x0000000080001954 (0x00BF1F13) slli x30, x30, 0xb                      inst_279+16
x30 <- 0x000000000029B000

mem[X,0x0000000080001958] -> 0x0F13
mem[X,0x000000008000195A] -> 0x010F
[1623] [M]: 0x0000000080001958 (0x010F0F13) addi x30, x30, 0x10                     inst_279+20
x30 <- 0x000000000029B010

clint mtime 0x000000000000032C (mip.MTI <- 0b1, mip.STI <- 0b0)
mem[X,0x000000008000195C] -> 0x1F13
mem[X,0x000000008000195E] -> 0x00AF
[1624] [M]: 0x000000008000195C (0x00AF1F13) slli x30, x30, 0xa                      inst_279+24
x30 <- 0x00000000A6C04000

mem[X,0x0000000080001960] -> 0x0E93
mem[X,0x0000000080001962] -> 0x0190
[1625] [M]: 0x0000000080001960 (0x01900E93) addi x29, x0, 0x19                      inst_279+28
x29 <- 0x0000000000000019

clint mtime 0x000000000000032D (mip.MTI <- 0b1, mip.STI <- 0b0)
mem[X,0x0000000080001964] -> 0x1FB3
mem[X,0x0000000080001966] -> 0x29DF
[1626] [M]: 0x0000000080001964 (0x29DF1FB3) bset x31, x30, x29                      inst_279+32
x31 <- 0x00000000A6C04000

mem[X,0x0000000080001968] -> 0xB423
mem[X,0x000000008000196A] -> 0x7FF3
[1627] [M]: 0x0000000080001968 (0x7FF3B423) sd x31, 0x7e8(x7)                       inst_279+36
mem[W,0x00000000800059D0] <- 0x00000000A6C04000

clint mtime 0x000000000000032E (mip.MTI <- 0b1, mip.STI <- 0b0)
mem[X,0x000000008000196C] -> 0x0F37
mem[X,0x000000008000196E] -> 0x0000
[1628] [M]: 0x000000008000196C (0x00000F37) lui x30, 0x0                            inst_280+0
x30 <- 0x0000000000000000

mem[X,0x0000000080001970] -> 0x0F13
mem[X,0x0000000080001972] -> 0x000F
[1629] [M]: 0x0000000080001970 (0x000F0F13) addi x30, x30, 0x0                      inst_280+4
x30 <- 0x0000000000000000

clint mtime 0x000000000000032F (mip.MTI <- 0b1, mip.STI <- 0b0)
mem[X,0x0000000080001974] -> 0x1F13
mem[X,0x0000000080001976] -> 0x00BF
[1630] [M]: 0x0000000080001974 (0x00BF1F13) slli x30, x30, 0xb                      inst_280+8
x30 <- 0x0000000000000000

mem[X,0x0000000080001978] -> 0x0F13
mem[X,0x000000008000197A] -> 0x19DF
[1631] [M]: 0x0000000080001978 (0x19DF0F13) addi x30, x30, 0x19d                    inst_280+12
x30 <- 0x000000000000019D

clint mtime 0x0000000000000330 (mip.MTI <- 0b1, mip.STI <- 0b0)
mem[X,0x000000008000197C] -> 0x1F13
mem[X,0x000000008000197E] -> 0x00BF
[1632] [M]: 0x000000008000197C (0x00BF1F13) slli x30, x30, 0xb                      inst_280+16
x30 <- 0x00000000000CE800

mem[X,0x0000000080001980] -> 0x0F13
mem[X,0x0000000080001982] -> 0x708F
[1633] [M]: 0x0000000080001980 (0x708F0F13) addi x30, x30, 0x708                    inst_280+20
x30 <- 0x00000000000CEF08

clint mtime 0x0000000000000331 (mip.MTI <- 0b1, mip.STI <- 0b0)
mem[X,0x0000000080001984] -> 0x1F13
mem[X,0x0000000080001986] -> 0x00AF
[1634] [M]: 0x0000000080001984 (0x00AF1F13) slli x30, x30, 0xa                      inst_280+24
x30 <- 0x0000000033BC2000

mem[X,0x0000000080001988] -> 0x0E93
mem[X,0x000000008000198A] -> 0x0150
[1635] [M]: 0x0000000080001988 (0x01500E93) addi x29, x0, 0x15                      inst_280+28
x29 <- 0x0000000000000015

clint mtime 0x0000000000000332 (mip.MTI <- 0b1, mip.STI <- 0b0)
mem[X,0x000000008000198C] -> 0x1FB3
mem[X,0x000000008000198E] -> 0x29DF
[1636] [M]: 0x000000008000198C (0x29DF1FB3) bset x31, x30, x29                      inst_280+32
x31 <- 0x0000000033BC2000

mem[X,0x0000000080001990] -> 0xB823
mem[X,0x0000000080001992] -> 0x7FF3
[1637] [M]: 0x0000000080001990 (0x7FF3B823) sd x31, 0x7f0(x7)                       inst_280+36
mem[W,0x00000000800059D8] <- 0x0000000033BC2000

clint mtime 0x0000000000000333 (mip.MTI <- 0b1, mip.STI <- 0b0)
mem[X,0x0000000080001994] -> 0x0F37
mem[X,0x0000000080001996] -> 0x0000
[1638] [M]: 0x0000000080001994 (0x00000F37) lui x30, 0x0                            inst_281+0
x30 <- 0x0000000000000000

mem[X,0x0000000080001998] -> 0x0F13
mem[X,0x000000008000199A] -> 0x000F
[1639] [M]: 0x0000000080001998 (0x000F0F13) addi x30, x30, 0x0                      inst_281+4
x30 <- 0x0000000000000000

clint mtime 0x0000000000000334 (mip.MTI <- 0b1, mip.STI <- 0b0)
mem[X,0x000000008000199C] -> 0x1F13
mem[X,0x000000008000199E] -> 0x00BF
[1640] [M]: 0x000000008000199C (0x00BF1F13) slli x30, x30, 0xb                      inst_281+8
x30 <- 0x0000000000000000

mem[X,0x00000000800019A0] -> 0x0F13
mem[X,0x00000000800019A2] -> 0x78EF
[1641] [M]: 0x00000000800019A0 (0x78EF0F13) addi x30, x30, 0x78e                    inst_281+12
x30 <- 0x000000000000078E

clint mtime 0x0000000000000335 (mip.MTI <- 0b1, mip.STI <- 0b0)
mem[X,0x00000000800019A4] -> 0x1F13
mem[X,0x00000000800019A6] -> 0x00BF
[1642] [M]: 0x00000000800019A4 (0x00BF1F13) slli x30, x30, 0xb                      inst_281+16
x30 <- 0x00000000003C7000

mem[X,0x00000000800019A8] -> 0x0F13
mem[X,0x00000000800019AA] -> 0x1ACF
[1643] [M]: 0x00000000800019A8 (0x1ACF0F13) addi x30, x30, 0x1ac                    inst_281+20
x30 <- 0x00000000003C71AC

clint mtime 0x0000000000000336 (mip.MTI <- 0b1, mip.STI <- 0b0)
mem[X,0x00000000800019AC] -> 0x1F13
mem[X,0x00000000800019AE] -> 0x00AF
[1644] [M]: 0x00000000800019AC (0x00AF1F13) slli x30, x30, 0xa                      inst_281+24
x30 <- 0x00000000F1C6B000

mem[X,0x00000000800019B0] -> 0x0E93
mem[X,0x00000000800019B2] -> 0x00C0
[1645] [M]: 0x00000000800019B0 (0x00C00E93) addi x29, x0, 0xc                       inst_281+28
x29 <- 0x000000000000000C

clint mtime 0x0000000000000337 (mip.MTI <- 0b1, mip.STI <- 0b0)
mem[X,0x00000000800019B4] -> 0x1FB3
mem[X,0x00000000800019B6] -> 0x29DF
[1646] [M]: 0x00000000800019B4 (0x29DF1FB3) bset x31, x30, x29                      inst_281+32
x31 <- 0x00000000F1C6B000

mem[X,0x00000000800019B8] -> 0xBC23
mem[X,0x00000000800019BA] -> 0x7FF3
[1647] [M]: 0x00000000800019B8 (0x7FF3BC23) sd x31, 0x7f8(x7)                       inst_281+36
mem[W,0x00000000800059E0] <- 0x00000000F1C6B000

clint mtime 0x0000000000000338 (mip.MTI <- 0b1, mip.STI <- 0b0)
mem[X,0x00000000800019BC] -> 0x0013
mem[X,0x00000000800019BE] -> 0x0000
[1648] [M]: 0x00000000800019BC (0x00000013) addi x0, x0, 0x0                        inst_281+40

mem[X,0x00000000800019C0] -> 0x4397
mem[X,0x00000000800019C2] -> 0x0000
[1649] [M]: 0x00000000800019C0 (0x00004397) auipc x7, 0x4                           inst_281+44
x7 <- 0x00000000800059C0

clint mtime 0x0000000000000339 (mip.MTI <- 0b1, mip.STI <- 0b0)
mem[X,0x00000000800019C4] -> 0x8393
mem[X,0x00000000800019C6] -> 0x0283
[1650] [M]: 0x00000000800019C4 (0x02838393) addi x7, x7, 0x28                       inst_281+48
x7 <- 0x00000000800059E8

mem[X,0x00000000800019C8] -> 0x0001
[1651] [M]: 0x00000000800019C8 (0x0001) c.nop                                       inst_281+52

clint mtime 0x000000000000033A (mip.MTI <- 0b1, mip.STI <- 0b0)
mem[X,0x00000000800019CA] -> 0x0013
mem[X,0x00000000800019CC] -> 0x0000
[1652] [M]: 0x00000000800019CA (0x00000013) addi x0, x0, 0x0                        inst_281+54

mem[X,0x00000000800019CE] -> 0x0013
mem[X,0x00000000800019D0] -> 0x0000
[1653] [M]: 0x00000000800019CE (0x00000013) addi x0, x0, 0x0                        inst_281+58

clint mtime 0x000000000000033B (mip.MTI <- 0b1, mip.STI <- 0b0)
mem[X,0x00000000800019D2] -> 0x0013
mem[X,0x00000000800019D4] -> 0x0000
[1654] [M]: 0x00000000800019D2 (0x00000013) addi x0, x0, 0x0                        inst_281+62

mem[X,0x00000000800019D6] -> 0x0013
mem[X,0x00000000800019D8] -> 0x0000
[1655] [M]: 0x00000000800019D6 (0x00000013) addi x0, x0, 0x0                        inst_281+66

clint mtime 0x000000000000033C (mip.MTI <- 0b1, mip.STI <- 0b0)
mem[X,0x00000000800019DA] -> 0x0013
mem[X,0x00000000800019DC] -> 0x0000
[1656] [M]: 0x00000000800019DA (0x00000013) addi x0, x0, 0x0                        inst_281+70

mem[X,0x00000000800019DE] -> 0x0001
[1657] [M]: 0x00000000800019DE (0x0001) c.nop                                       inst_281+74

clint mtime 0x000000000000033D (mip.MTI <- 0b1, mip.STI <- 0b0)
mem[X,0x00000000800019E0] -> 0x4F37
mem[X,0x00000000800019E2] -> 0x0015
[1658] [M]: 0x00000000800019E0 (0x00154F37) lui x30, 0x154                          inst_282+0
x30 <- 0x0000000000154000

mem[X,0x00000000800019E4] -> 0x0F13
mem[X,0x00000000800019E6] -> 0x7ADF
[1659] [M]: 0x00000000800019E4 (0x7ADF0F13) addi x30, x30, 0x7ad                    inst_282+4
x30 <- 0x00000000001547AD

clint mtime 0x000000000000033E (mip.MTI <- 0b1, mip.STI <- 0b0)
mem[X,0x00000000800019E8] -> 0x1F13
mem[X,0x00000000800019EA] -> 0x00BF
[1660] [M]: 0x00000000800019E8 (0x00BF1F13) slli x30, x30, 0xb                      inst_282+8
x30 <- 0x00000000AA3D6800

mem[X,0x00000000800019EC] -> 0x0E93
mem[X,0x00000000800019EE] -> 0x00D0
[1661] [M]: 0x00000000800019EC (0x00D00E93) addi x29, x0, 0xd                       inst_282+12
x29 <- 0x000000000000000D

clint mtime 0x000000000000033F (mip.MTI <- 0b1, mip.STI <- 0b0)
mem[X,0x00000000800019F0] -> 0x1FB3
mem[X,0x00000000800019F2] -> 0x29DF
[1662] [M]: 0x00000000800019F0 (0x29DF1FB3) bset x31, x30, x29                      inst_282+16
x31 <- 0x00000000AA3D6800

mem[X,0x00000000800019F4] -> 0xB023
mem[X,0x00000000800019F6] -> 0x01F3
[1663] [M]: 0x00000000800019F4 (0x01F3B023) sd x31, 0x0(x7)                         inst_282+20
mem[W,0x00000000800059E8] <- 0x00000000AA3D6800

clint mtime 0x0000000000000340 (mip.MTI <- 0b1, mip.STI <- 0b0)
mem[X,0x00000000800019F8] -> 0x0013
mem[X,0x00000000800019FA] -> 0x0000
[1664] [M]: 0x00000000800019F8 (0x00000013) addi x0, x0, 0x0                        inst_282+24

mem[X,0x00000000800019FC] -> 0x0013
mem[X,0x00000000800019FE] -> 0x0000
[1665] [M]: 0x00000000800019FC (0x00000013) addi x0, x0, 0x0                        inst_282+28

clint mtime 0x0000000000000341 (mip.MTI <- 0b1, mip.STI <- 0b0)
mem[X,0x0000000080001A00] -> 0x4397
mem[X,0x0000000080001A02] -> 0x0000
[1666] [M]: 0x0000000080001A00 (0x00004397) auipc x7, 0x4                           inst_282+32
x7 <- 0x0000000080005A00

mem[X,0x0000000080001A04] -> 0x8393
mem[X,0x0000000080001A06] -> 0xFF03
[1667] [M]: 0x0000000080001A04 (0xFF038393) addi x7, x7, -0x10                      inst_282+36
x7 <- 0x00000000800059F0

clint mtime 0x0000000000000342 (mip.MTI <- 0b1, mip.STI <- 0b0)
mem[X,0x0000000080001A08] -> 0x0001
[1668] [M]: 0x0000000080001A08 (0x0001) c.nop                                       inst_282+40

mem[X,0x0000000080001A0A] -> 0x0013
mem[X,0x0000000080001A0C] -> 0x0000
[1669] [M]: 0x0000000080001A0A (0x00000013) addi x0, x0, 0x0                        inst_282+42

clint mtime 0x0000000000000343 (mip.MTI <- 0b1, mip.STI <- 0b0)
mem[X,0x0000000080001A0E] -> 0x0013
mem[X,0x0000000080001A10] -> 0x0000
[1670] [M]: 0x0000000080001A0E (0x00000013) addi x0, x0, 0x0                        inst_282+46

mem[X,0x0000000080001A12] -> 0x0013
mem[X,0x0000000080001A14] -> 0x0000
[1671] [M]: 0x0000000080001A12 (0x00000013) addi x0, x0, 0x0                        inst_282+50

clint mtime 0x0000000000000344 (mip.MTI <- 0b1, mip.STI <- 0b0)
mem[X,0x0000000080001A16] -> 0x0013
mem[X,0x0000000080001A18] -> 0x0000
[1672] [M]: 0x0000000080001A16 (0x00000013) addi x0, x0, 0x0                        inst_282+54

mem[X,0x0000000080001A1A] -> 0x0013
mem[X,0x0000000080001A1C] -> 0x0000
[1673] [M]: 0x0000000080001A1A (0x00000013) addi x0, x0, 0x0                        inst_282+58

clint mtime 0x0000000000000345 (mip.MTI <- 0b1, mip.STI <- 0b0)
mem[X,0x0000000080001A1E] -> 0x0001
[1674] [M]: 0x0000000080001A1E (0x0001) c.nop                                       inst_282+62

mem[X,0x0000000080001A20] -> 0x0F37
mem[X,0x0000000080001A22] -> 0x0000
[1675] [M]: 0x0000000080001A20 (0x00000F37) lui x30, 0x0                            inst_283+0
x30 <- 0x0000000000000000

clint mtime 0x0000000000000346 (mip.MTI <- 0b1, mip.STI <- 0b0)
mem[X,0x0000000080001A24] -> 0x0F13
mem[X,0x0000000080001A26] -> 0x000F
[1676] [M]: 0x0000000080001A24 (0x000F0F13) addi x30, x30, 0x0                      inst_283+4
x30 <- 0x0000000000000000

mem[X,0x0000000080001A28] -> 0x1F13
mem[X,0x0000000080001A2A] -> 0x00BF
[1677] [M]: 0x0000000080001A28 (0x00BF1F13) slli x30, x30, 0xb                      inst_283+8
x30 <- 0x0000000000000000

clint mtime 0x0000000000000347 (mip.MTI <- 0b1, mip.STI <- 0b0)
mem[X,0x0000000080001A2C] -> 0x0F13
mem[X,0x0000000080001A2E] -> 0x3D5F
[1678] [M]: 0x0000000080001A2C (0x3D5F0F13) addi x30, x30, 0x3d5                    inst_283+12
x30 <- 0x00000000000003D5

mem[X,0x0000000080001A30] -> 0x1F13
mem[X,0x0000000080001A32] -> 0x00BF
[1679] [M]: 0x0000000080001A30 (0x00BF1F13) slli x30, x30, 0xb                      inst_283+16
x30 <- 0x00000000001EA800

clint mtime 0x0000000000000348 (mip.MTI <- 0b1, mip.STI <- 0b0)
mem[X,0x0000000080001A34] -> 0x0F13
mem[X,0x0000000080001A36] -> 0x179F
[1680] [M]: 0x0000000080001A34 (0x179F0F13) addi x30, x30, 0x179                    inst_283+20
x30 <- 0x00000000001EA979

mem[X,0x0000000080001A38] -> 0x1F13
mem[X,0x0000000080001A3A] -> 0x00AF
[1681] [M]: 0x0000000080001A38 (0x00AF1F13) slli x30, x30, 0xa                      inst_283+24
x30 <- 0x000000007AA5E400

clint mtime 0x0000000000000349 (mip.MTI <- 0b1, mip.STI <- 0b0)
mem[X,0x0000000080001A3C] -> 0x0E93
mem[X,0x0000000080001A3E] -> 0x00A0
[1682] [M]: 0x0000000080001A3C (0x00A00E93) addi x29, x0, 0xa                       inst_283+28
x29 <- 0x000000000000000A

mem[X,0x0000000080001A40] -> 0x1FB3
mem[X,0x0000000080001A42] -> 0x29DF
[1683] [M]: 0x0000000080001A40 (0x29DF1FB3) bset x31, x30, x29                      inst_283+32
x31 <- 0x000000007AA5E400

clint mtime 0x000000000000034A (mip.MTI <- 0b1, mip.STI <- 0b0)
mem[X,0x0000000080001A44] -> 0xB023
mem[X,0x0000000080001A46] -> 0x01F3
[1684] [M]: 0x0000000080001A44 (0x01F3B023) sd x31, 0x0(x7)                         inst_283+36
mem[W,0x00000000800059F0] <- 0x000000007AA5E400

mem[X,0x0000000080001A48] -> 0x0F37
mem[X,0x0000000080001A4A] -> 0x0000
[1685] [M]: 0x0000000080001A48 (0x00000F37) lui x30, 0x0                            inst_284+0
x30 <- 0x0000000000000000

clint mtime 0x000000000000034B (mip.MTI <- 0b1, mip.STI <- 0b0)
mem[X,0x0000000080001A4C] -> 0x0F13
mem[X,0x0000000080001A4E] -> 0x000F
[1686] [M]: 0x0000000080001A4C (0x000F0F13) addi x30, x30, 0x0                      inst_284+4
x30 <- 0x0000000000000000

mem[X,0x0000000080001A50] -> 0x1F13
mem[X,0x0000000080001A52] -> 0x00BF
[1687] [M]: 0x0000000080001A50 (0x00BF1F13) slli x30, x30, 0xb                      inst_284+8
x30 <- 0x0000000000000000

clint mtime 0x000000000000034C (mip.MTI <- 0b1, mip.STI <- 0b0)
mem[X,0x0000000080001A54] -> 0x0F13
mem[X,0x0000000080001A56] -> 0x60DF
[1688] [M]: 0x0000000080001A54 (0x60DF0F13) addi x30, x30, 0x60d                    inst_284+12
x30 <- 0x000000000000060D

mem[X,0x0000000080001A58] -> 0x1F13
mem[X,0x0000000080001A5A] -> 0x00BF
[1689] [M]: 0x0000000080001A58 (0x00BF1F13) slli x30, x30, 0xb                      inst_284+16
x30 <- 0x0000000000306800

clint mtime 0x000000000000034D (mip.MTI <- 0b1, mip.STI <- 0b0)
mem[X,0x0000000080001A5C] -> 0x0F13
mem[X,0x0000000080001A5E] -> 0x5EBF
[1690] [M]: 0x0000000080001A5C (0x5EBF0F13) addi x30, x30, 0x5eb                    inst_284+20
x30 <- 0x0000000000306DEB

mem[X,0x0000000080001A60] -> 0x1F13
mem[X,0x0000000080001A62] -> 0x00AF
[1691] [M]: 0x0000000080001A60 (0x00AF1F13) slli x30, x30, 0xa                      inst_284+24
x30 <- 0x00000000C1B7AC00

clint mtime 0x000000000000034E (mip.MTI <- 0b1, mip.STI <- 0b0)
mem[X,0x0000000080001A64] -> 0x0F13
mem[X,0x0000000080001A66] -> 0x200F
[1692] [M]: 0x0000000080001A64 (0x200F0F13) addi x30, x30, 0x200                    inst_284+28
x30 <- 0x00000000C1B7AE00

mem[X,0x0000000080001A68] -> 0x0E93
mem[X,0x0000000080001A6A] -> 0x01C0
[1693] [M]: 0x0000000080001A68 (0x01C00E93) addi x29, x0, 0x1c                      inst_284+32
x29 <- 0x000000000000001C

clint mtime 0x000000000000034F (mip.MTI <- 0b1, mip.STI <- 0b0)
mem[X,0x0000000080001A6C] -> 0x1FB3
mem[X,0x0000000080001A6E] -> 0x29DF
[1694] [M]: 0x0000000080001A6C (0x29DF1FB3) bset x31, x30, x29                      inst_284+36
x31 <- 0x00000000D1B7AE00

mem[X,0x0000000080001A70] -> 0xB423
mem[X,0x0000000080001A72] -> 0x01F3
[1695] [M]: 0x0000000080001A70 (0x01F3B423) sd x31, 0x8(x7)                         inst_284+40
mem[W,0x00000000800059F8] <- 0x00000000D1B7AE00

clint mtime 0x0000000000000350 (mip.MTI <- 0b1, mip.STI <- 0b0)
mem[X,0x0000000080001A74] -> 0x5F37
mem[X,0x0000000080001A76] -> 0x004C
[1696] [M]: 0x0000000080001A74 (0x004C5F37) lui x30, 0x4c5                          inst_285+0
x30 <- 0x00000000004C5000

mem[X,0x0000000080001A78] -> 0x0F13
mem[X,0x0000000080001A7A] -> 0x6BBF
[1697] [M]: 0x0000000080001A78 (0x6BBF0F13) addi x30, x30, 0x6bb                    inst_285+4
x30 <- 0x00000000004C56BB

clint mtime 0x0000000000000351 (mip.MTI <- 0b1, mip.STI <- 0b0)
mem[X,0x0000000080001A7C] -> 0x1F13
mem[X,0x0000000080001A7E] -> 0x008F
[1698] [M]: 0x0000000080001A7C (0x008F1F13) slli x30, x30, 0x8                      inst_285+8
x30 <- 0x000000004C56BB00

mem[X,0x0000000080001A80] -> 0x0E93
mem[X,0x0000000080001A82] -> 0x0090
[1699] [M]: 0x0000000080001A80 (0x00900E93) addi x29, x0, 0x9                       inst_285+12
x29 <- 0x0000000000000009

clint mtime 0x0000000000000352 (mip.MTI <- 0b1, mip.STI <- 0b0)
mem[X,0x0000000080001A84] -> 0x1FB3
mem[X,0x0000000080001A86] -> 0x29DF
[1700] [M]: 0x0000000080001A84 (0x29DF1FB3) bset x31, x30, x29                      inst_285+16
x31 <- 0x000000004C56BB00

mem[X,0x0000000080001A88] -> 0xB823
mem[X,0x0000000080001A8A] -> 0x01F3
[1701] [M]: 0x0000000080001A88 (0x01F3B823) sd x31, 0x10(x7)                        inst_285+20
mem[W,0x0000000080005A00] <- 0x000000004C56BB00

clint mtime 0x0000000000000353 (mip.MTI <- 0b1, mip.STI <- 0b0)
mem[X,0x0000000080001A8C] -> 0x0F37
mem[X,0x0000000080001A8E] -> 0x0000
[1702] [M]: 0x0000000080001A8C (0x00000F37) lui x30, 0x0                            inst_286+0
x30 <- 0x0000000000000000

mem[X,0x0000000080001A90] -> 0x0F13
mem[X,0x0000000080001A92] -> 0x000F
[1703] [M]: 0x0000000080001A90 (0x000F0F13) addi x30, x30, 0x0                      inst_286+4
x30 <- 0x0000000000000000

clint mtime 0x0000000000000354 (mip.MTI <- 0b1, mip.STI <- 0b0)
mem[X,0x0000000080001A94] -> 0x1F13
mem[X,0x0000000080001A96] -> 0x00BF
[1704] [M]: 0x0000000080001A94 (0x00BF1F13) slli x30, x30, 0xb                      inst_286+8
x30 <- 0x0000000000000000

mem[X,0x0000000080001A98] -> 0x0F13
mem[X,0x0000000080001A9A] -> 0x396F
[1705] [M]: 0x0000000080001A98 (0x396F0F13) addi x30, x30, 0x396                    inst_286+12
x30 <- 0x0000000000000396

clint mtime 0x0000000000000355 (mip.MTI <- 0b1, mip.STI <- 0b0)
mem[X,0x0000000080001A9C] -> 0x1F13
mem[X,0x0000000080001A9E] -> 0x00BF
[1706] [M]: 0x0000000080001A9C (0x00BF1F13) slli x30, x30, 0xb                      inst_286+16
x30 <- 0x00000000001CB000

mem[X,0x0000000080001AA0] -> 0x0F13
mem[X,0x0000000080001AA2] -> 0x160F
[1707] [M]: 0x0000000080001AA0 (0x160F0F13) addi x30, x30, 0x160                    inst_286+20
x30 <- 0x00000000001CB160

clint mtime 0x0000000000000356 (mip.MTI <- 0b1, mip.STI <- 0b0)
mem[X,0x0000000080001AA4] -> 0x1F13
mem[X,0x0000000080001AA6] -> 0x00AF
[1708] [M]: 0x0000000080001AA4 (0x00AF1F13) slli x30, x30, 0xa                      inst_286+24
x30 <- 0x0000000072C58000

mem[X,0x0000000080001AA8] -> 0x0F13
mem[X,0x0000000080001AAA] -> 0x380F
[1709] [M]: 0x0000000080001AA8 (0x380F0F13) addi x30, x30, 0x380                    inst_286+28
x30 <- 0x0000000072C58380

clint mtime 0x0000000000000357 (mip.MTI <- 0b1, mip.STI <- 0b0)
mem[X,0x0000000080001AAC] -> 0x0E93
mem[X,0x0000000080001AAE] -> 0x0000
[1710] [M]: 0x0000000080001AAC (0x00000E93) addi x29, x0, 0x0                       inst_286+32
x29 <- 0x0000000000000000

mem[X,0x0000000080001AB0] -> 0x1FB3
mem[X,0x0000000080001AB2] -> 0x29DF
[1711] [M]: 0x0000000080001AB0 (0x29DF1FB3) bset x31, x30, x29                      inst_286+36
x31 <- 0x0000000072C58381

clint mtime 0x0000000000000358 (mip.MTI <- 0b1, mip.STI <- 0b0)
mem[X,0x0000000080001AB4] -> 0xBC23
mem[X,0x0000000080001AB6] -> 0x01F3
[1712] [M]: 0x0000000080001AB4 (0x01F3BC23) sd x31, 0x18(x7)                        inst_286+40
mem[W,0x0000000080005A08] <- 0x0000000072C58381

mem[X,0x0000000080001AB8] -> 0x0F37
mem[X,0x0000000080001ABA] -> 0x0000
[1713] [M]: 0x0000000080001AB8 (0x00000F37) lui x30, 0x0                            inst_287+0
x30 <- 0x0000000000000000

clint mtime 0x0000000000000359 (mip.MTI <- 0b1, mip.STI <- 0b0)
mem[X,0x0000000080001ABC] -> 0x0F13
mem[X,0x0000000080001ABE] -> 0x000F
[1714] [M]: 0x0000000080001ABC (0x000F0F13) addi x30, x30, 0x0                      inst_287+4
x30 <- 0x0000000000000000

mem[X,0x0000000080001AC0] -> 0x1F13
mem[X,0x0000000080001AC2] -> 0x00BF
[1715] [M]: 0x0000000080001AC0 (0x00BF1F13) slli x30, x30, 0xb                      inst_287+8
x30 <- 0x0000000000000000

clint mtime 0x000000000000035A (mip.MTI <- 0b1, mip.STI <- 0b0)
mem[X,0x0000000080001AC4] -> 0x0F13
mem[X,0x0000000080001AC6] -> 0x195F
[1716] [M]: 0x0000000080001AC4 (0x195F0F13) addi x30, x30, 0x195                    inst_287+12
x30 <- 0x0000000000000195

mem[X,0x0000000080001AC8] -> 0x1F13
mem[X,0x0000000080001ACA] -> 0x00BF
[1717] [M]: 0x0000000080001AC8 (0x00BF1F13) slli x30, x30, 0xb                      inst_287+16
x30 <- 0x00000000000CA800

clint mtime 0x000000000000035B (mip.MTI <- 0b1, mip.STI <- 0b0)
mem[X,0x0000000080001ACC] -> 0x0F13
mem[X,0x0000000080001ACE] -> 0x2E1F
[1718] [M]: 0x0000000080001ACC (0x2E1F0F13) addi x30, x30, 0x2e1                    inst_287+20
x30 <- 0x00000000000CAAE1

mem[X,0x0000000080001AD0] -> 0x1F13
mem[X,0x0000000080001AD2] -> 0x00AF
[1719] [M]: 0x0000000080001AD0 (0x00AF1F13) slli x30, x30, 0xa                      inst_287+24
x30 <- 0x0000000032AB8400

clint mtime 0x000000000000035C (mip.MTI <- 0b1, mip.STI <- 0b0)
mem[X,0x0000000080001AD4] -> 0x0F13
mem[X,0x0000000080001AD6] -> 0x340F
[1720] [M]: 0x0000000080001AD4 (0x340F0F13) addi x30, x30, 0x340                    inst_287+28
x30 <- 0x0000000032AB8740

mem[X,0x0000000080001AD8] -> 0x0E93
mem[X,0x0000000080001ADA] -> 0x00E0
[1721] [M]: 0x0000000080001AD8 (0x00E00E93) addi x29, x0, 0xe                       inst_287+32
x29 <- 0x000000000000000E

clint mtime 0x000000000000035D (mip.MTI <- 0b1, mip.STI <- 0b0)
mem[X,0x0000000080001ADC] -> 0x1FB3
mem[X,0x0000000080001ADE] -> 0x29DF
[1722] [M]: 0x0000000080001ADC (0x29DF1FB3) bset x31, x30, x29                      inst_287+36
x31 <- 0x0000000032ABC740

mem[X,0x0000000080001AE0] -> 0xB023
mem[X,0x0000000080001AE2] -> 0x03F3
[1723] [M]: 0x0000000080001AE0 (0x03F3B023) sd x31, 0x20(x7)                        inst_287+40
mem[W,0x0000000080005A10] <- 0x0000000032ABC740

clint mtime 0x000000000000035E (mip.MTI <- 0b1, mip.STI <- 0b0)
mem[X,0x0000000080001AE4] -> 0x0F37
mem[X,0x0000000080001AE6] -> 0x0000
[1724] [M]: 0x0000000080001AE4 (0x00000F37) lui x30, 0x0                            inst_288+0
x30 <- 0x0000000000000000

mem[X,0x0000000080001AE8] -> 0x0F13
mem[X,0x0000000080001AEA] -> 0x000F
[1725] [M]: 0x0000000080001AE8 (0x000F0F13) addi x30, x30, 0x0                      inst_288+4
x30 <- 0x0000000000000000

clint mtime 0x000000000000035F (mip.MTI <- 0b1, mip.STI <- 0b0)
mem[X,0x0000000080001AEC] -> 0x1F13
mem[X,0x0000000080001AEE] -> 0x00BF
[1726] [M]: 0x0000000080001AEC (0x00BF1F13) slli x30, x30, 0xb                      inst_288+8
x30 <- 0x0000000000000000

mem[X,0x0000000080001AF0] -> 0x0F13
mem[X,0x0000000080001AF2] -> 0x4B6F
[1727] [M]: 0x0000000080001AF0 (0x4B6F0F13) addi x30, x30, 0x4b6                    inst_288+12
x30 <- 0x00000000000004B6

clint mtime 0x0000000000000360 (mip.MTI <- 0b1, mip.STI <- 0b0)
mem[X,0x0000000080001AF4] -> 0x1F13
mem[X,0x0000000080001AF6] -> 0x00BF
[1728] [M]: 0x0000000080001AF4 (0x00BF1F13) slli x30, x30, 0xb                      inst_288+16
x30 <- 0x000000000025B000

mem[X,0x0000000080001AF8] -> 0x0F13
mem[X,0x0000000080001AFA] -> 0x37CF
[1729] [M]: 0x0000000080001AF8 (0x37CF0F13) addi x30, x30, 0x37c                    inst_288+20
x30 <- 0x000000000025B37C

clint mtime 0x0000000000000361 (mip.MTI <- 0b1, mip.STI <- 0b0)
mem[X,0x0000000080001AFC] -> 0x1F13
mem[X,0x0000000080001AFE] -> 0x00AF
[1730] [M]: 0x0000000080001AFC (0x00AF1F13) slli x30, x30, 0xa                      inst_288+24
x30 <- 0x0000000096CDF000

mem[X,0x0000000080001B00] -> 0x0F13
mem[X,0x0000000080001B02] -> 0x1A0F
[1731] [M]: 0x0000000080001B00 (0x1A0F0F13) addi x30, x30, 0x1a0                    inst_288+28
x30 <- 0x0000000096CDF1A0

clint mtime 0x0000000000000362 (mip.MTI <- 0b1, mip.STI <- 0b0)
mem[X,0x0000000080001B04] -> 0x0E93
mem[X,0x0000000080001B06] -> 0x01D0
[1732] [M]: 0x0000000080001B04 (0x01D00E93) addi x29, x0, 0x1d                      inst_288+32
x29 <- 0x000000000000001D

mem[X,0x0000000080001B08] -> 0x1FB3
mem[X,0x0000000080001B0A] -> 0x29DF
[1733] [M]: 0x0000000080001B08 (0x29DF1FB3) bset x31, x30, x29                      inst_288+36
x31 <- 0x00000000B6CDF1A0

clint mtime 0x0000000000000363 (mip.MTI <- 0b1, mip.STI <- 0b0)
mem[X,0x0000000080001B0C] -> 0xB423
mem[X,0x0000000080001B0E] -> 0x03F3
[1734] [M]: 0x0000000080001B0C (0x03F3B423) sd x31, 0x28(x7)                        inst_288+40
mem[W,0x0000000080005A18] <- 0x00000000B6CDF1A0

mem[X,0x0000000080001B10] -> 0x0F37
mem[X,0x0000000080001B12] -> 0x0000
[1735] [M]: 0x0000000080001B10 (0x00000F37) lui x30, 0x0                            inst_289+0
x30 <- 0x0000000000000000

clint mtime 0x0000000000000364 (mip.MTI <- 0b1, mip.STI <- 0b0)
mem[X,0x0000000080001B14] -> 0x0F13
mem[X,0x0000000080001B16] -> 0x000F
[1736] [M]: 0x0000000080001B14 (0x000F0F13) addi x30, x30, 0x0                      inst_289+4
x30 <- 0x0000000000000000

mem[X,0x0000000080001B18] -> 0x1F13
mem[X,0x0000000080001B1A] -> 0x00BF
[1737] [M]: 0x0000000080001B18 (0x00BF1F13) slli x30, x30, 0xb                      inst_289+8
x30 <- 0x0000000000000000

clint mtime 0x0000000000000365 (mip.MTI <- 0b1, mip.STI <- 0b0)
mem[X,0x0000000080001B1C] -> 0x0F13
mem[X,0x0000000080001B1E] -> 0x5C3F
[1738] [M]: 0x0000000080001B1C (0x5C3F0F13) addi x30, x30, 0x5c3                    inst_289+12
x30 <- 0x00000000000005C3

mem[X,0x0000000080001B20] -> 0x1F13
mem[X,0x0000000080001B22] -> 0x00BF
[1739] [M]: 0x0000000080001B20 (0x00BF1F13) slli x30, x30, 0xb                      inst_289+16
x30 <- 0x00000000002E1800

clint mtime 0x0000000000000366 (mip.MTI <- 0b1, mip.STI <- 0b0)
mem[X,0x0000000080001B24] -> 0x0F13
mem[X,0x0000000080001B26] -> 0x6A7F
[1740] [M]: 0x0000000080001B24 (0x6A7F0F13) addi x30, x30, 0x6a7                    inst_289+20
x30 <- 0x00000000002E1EA7

mem[X,0x0000000080001B28] -> 0x1F13
mem[X,0x0000000080001B2A] -> 0x00AF
[1741] [M]: 0x0000000080001B28 (0x00AF1F13) slli x30, x30, 0xa                      inst_289+24
x30 <- 0x00000000B87A9C00

clint mtime 0x0000000000000367 (mip.MTI <- 0b1, mip.STI <- 0b0)
mem[X,0x0000000080001B2C] -> 0x0F13
mem[X,0x0000000080001B2E] -> 0x230F
[1742] [M]: 0x0000000080001B2C (0x230F0F13) addi x30, x30, 0x230                    inst_289+28
x30 <- 0x00000000B87A9E30

mem[X,0x0000000080001B30] -> 0x0E93
mem[X,0x0000000080001B32] -> 0x0110
[1743] [M]: 0x0000000080001B30 (0x01100E93) addi x29, x0, 0x11                      inst_289+32
x29 <- 0x0000000000000011

clint mtime 0x0000000000000368 (mip.MTI <- 0b1, mip.STI <- 0b0)
mem[X,0x0000000080001B34] -> 0x1FB3
mem[X,0x0000000080001B36] -> 0x29DF
[1744] [M]: 0x0000000080001B34 (0x29DF1FB3) bset x31, x30, x29                      inst_289+36
x31 <- 0x00000000B87A9E30

mem[X,0x0000000080001B38] -> 0xB823
mem[X,0x0000000080001B3A] -> 0x03F3
[1745] [M]: 0x0000000080001B38 (0x03F3B823) sd x31, 0x30(x7)                        inst_289+40
mem[W,0x0000000080005A20] <- 0x00000000B87A9E30

clint mtime 0x0000000000000369 (mip.MTI <- 0b1, mip.STI <- 0b0)
mem[X,0x0000000080001B3C] -> 0x0F37
mem[X,0x0000000080001B3E] -> 0x0000
[1746] [M]: 0x0000000080001B3C (0x00000F37) lui x30, 0x0                            inst_290+0
x30 <- 0x0000000000000000

mem[X,0x0000000080001B40] -> 0x0F13
mem[X,0x0000000080001B42] -> 0x000F
[1747] [M]: 0x0000000080001B40 (0x000F0F13) addi x30, x30, 0x0                      inst_290+4
x30 <- 0x0000000000000000

clint mtime 0x000000000000036A (mip.MTI <- 0b1, mip.STI <- 0b0)
mem[X,0x0000000080001B44] -> 0x1F13
mem[X,0x0000000080001B46] -> 0x00BF
[1748] [M]: 0x0000000080001B44 (0x00BF1F13) slli x30, x30, 0xb                      inst_290+8
x30 <- 0x0000000000000000

mem[X,0x0000000080001B48] -> 0x0F13
mem[X,0x0000000080001B4A] -> 0x0B1F
[1749] [M]: 0x0000000080001B48 (0x0B1F0F13) addi x30, x30, 0xb1                     inst_290+12
x30 <- 0x00000000000000B1

clint mtime 0x000000000000036B (mip.MTI <- 0b1, mip.STI <- 0b0)
mem[X,0x0000000080001B4C] -> 0x1F13
mem[X,0x0000000080001B4E] -> 0x00BF
[1750] [M]: 0x0000000080001B4C (0x00BF1F13) slli x30, x30, 0xb                      inst_290+16
x30 <- 0x0000000000058800

mem[X,0x0000000080001B50] -> 0x0F13
mem[X,0x0000000080001B52] -> 0x77FF
[1751] [M]: 0x0000000080001B50 (0x77FF0F13) addi x30, x30, 0x77f                    inst_290+20
x30 <- 0x0000000000058F7F

clint mtime 0x000000000000036C (mip.MTI <- 0b1, mip.STI <- 0b0)
mem[X,0x0000000080001B54] -> 0x1F13
mem[X,0x0000000080001B56] -> 0x00AF
[1752] [M]: 0x0000000080001B54 (0x00AF1F13) slli x30, x30, 0xa                      inst_290+24
x30 <- 0x00000000163DFC00

mem[X,0x0000000080001B58] -> 0x0F13
mem[X,0x0000000080001B5A] -> 0x398F
[1753] [M]: 0x0000000080001B58 (0x398F0F13) addi x30, x30, 0x398                    inst_290+28
x30 <- 0x00000000163DFF98

clint mtime 0x000000000000036D (mip.MTI <- 0b1, mip.STI <- 0b0)
mem[X,0x0000000080001B5C] -> 0x0E93
mem[X,0x0000000080001B5E] -> 0x0170
[1754] [M]: 0x0000000080001B5C (0x01700E93) addi x29, x0, 0x17                      inst_290+32
x29 <- 0x0000000000000017

mem[X,0x0000000080001B60] -> 0x1FB3
mem[X,0x0000000080001B62] -> 0x29DF
[1755] [M]: 0x0000000080001B60 (0x29DF1FB3) bset x31, x30, x29                      inst_290+36
x31 <- 0x0000000016BDFF98

clint mtime 0x000000000000036E (mip.MTI <- 0b1, mip.STI <- 0b0)
mem[X,0x0000000080001B64] -> 0xBC23
mem[X,0x0000000080001B66] -> 0x03F3
[1756] [M]: 0x0000000080001B64 (0x03F3BC23) sd x31, 0x38(x7)                        inst_290+40
mem[W,0x0000000080005A28] <- 0x0000000016BDFF98

mem[X,0x0000000080001B68] -> 0x7F37
mem[X,0x0000000080001B6A] -> 0x2481
[1757] [M]: 0x0000000080001B68 (0x24817F37) lui x30, 0x24817                        inst_291+0
x30 <- 0x0000000024817000

clint mtime 0x000000000000036F (mip.MTI <- 0b1, mip.STI <- 0b0)
mem[X,0x0000000080001B6C] -> 0x0F13
mem[X,0x0000000080001B6E] -> 0x4E7F
[1758] [M]: 0x0000000080001B6C (0x4E7F0F13) addi x30, x30, 0x4e7                    inst_291+4
x30 <- 0x00000000248174E7

mem[X,0x0000000080001B70] -> 0x1F13
mem[X,0x0000000080001B72] -> 0x002F
[1759] [M]: 0x0000000080001B70 (0x002F1F13) slli x30, x30, 0x2                      inst_291+8
x30 <- 0x000000009205D39C

clint mtime 0x0000000000000370 (mip.MTI <- 0b1, mip.STI <- 0b0)
mem[X,0x0000000080001B74] -> 0x0E93
mem[X,0x0000000080001B76] -> 0x0180
[1760] [M]: 0x0000000080001B74 (0x01800E93) addi x29, x0, 0x18                      inst_291+12
x29 <- 0x0000000000000018

mem[X,0x0000000080001B78] -> 0x1FB3
mem[X,0x0000000080001B7A] -> 0x29DF
[1761] [M]: 0x0000000080001B78 (0x29DF1FB3) bset x31, x30, x29                      inst_291+16
x31 <- 0x000000009305D39C

clint mtime 0x0000000000000371 (mip.MTI <- 0b1, mip.STI <- 0b0)
mem[X,0x0000000080001B7C] -> 0xB023
mem[X,0x0000000080001B7E] -> 0x05F3
[1762] [M]: 0x0000000080001B7C (0x05F3B023) sd x31, 0x40(x7)                        inst_291+20
mem[W,0x0000000080005A30] <- 0x000000009305D39C

mem[X,0x0000000080001B80] -> 0x0F37
mem[X,0x0000000080001B82] -> 0x0000
[1763] [M]: 0x0000000080001B80 (0x00000F37) lui x30, 0x0                            inst_292+0
x30 <- 0x0000000000000000

clint mtime 0x0000000000000372 (mip.MTI <- 0b1, mip.STI <- 0b0)
mem[X,0x0000000080001B84] -> 0x0F13
mem[X,0x0000000080001B86] -> 0x000F
[1764] [M]: 0x0000000080001B84 (0x000F0F13) addi x30, x30, 0x0                      inst_292+4
x30 <- 0x0000000000000000

mem[X,0x0000000080001B88] -> 0x1F13
mem[X,0x0000000080001B8A] -> 0x00BF
[1765] [M]: 0x0000000080001B88 (0x00BF1F13) slli x30, x30, 0xb                      inst_292+8
x30 <- 0x0000000000000000

clint mtime 0x0000000000000373 (mip.MTI <- 0b1, mip.STI <- 0b0)
mem[X,0x0000000080001B8C] -> 0x0F13
mem[X,0x0000000080001B8E] -> 0x285F
[1766] [M]: 0x0000000080001B8C (0x285F0F13) addi x30, x30, 0x285                    inst_292+12
x30 <- 0x0000000000000285

mem[X,0x0000000080001B90] -> 0x1F13
mem[X,0x0000000080001B92] -> 0x00BF
[1767] [M]: 0x0000000080001B90 (0x00BF1F13) slli x30, x30, 0xb                      inst_292+16
x30 <- 0x0000000000142800

clint mtime 0x0000000000000374 (mip.MTI <- 0b1, mip.STI <- 0b0)
mem[X,0x0000000080001B94] -> 0x0F13
mem[X,0x0000000080001B96] -> 0x00FF
[1768] [M]: 0x0000000080001B94 (0x00FF0F13) addi x30, x30, 0xf                      inst_292+20
x30 <- 0x000000000014280F

mem[X,0x0000000080001B98] -> 0x1F13
mem[X,0x0000000080001B9A] -> 0x00AF
[1769] [M]: 0x0000000080001B98 (0x00AF1F13) slli x30, x30, 0xa                      inst_292+24
x30 <- 0x0000000050A03C00

clint mtime 0x0000000000000375 (mip.MTI <- 0b1, mip.STI <- 0b0)
mem[X,0x0000000080001B9C] -> 0x0F13
mem[X,0x0000000080001B9E] -> 0x05AF
[1770] [M]: 0x0000000080001B9C (0x05AF0F13) addi x30, x30, 0x5a                     inst_292+28
x30 <- 0x0000000050A03C5A

mem[X,0x0000000080001BA0] -> 0x0E93
mem[X,0x0000000080001BA2] -> 0x0160
[1771] [M]: 0x0000000080001BA0 (0x01600E93) addi x29, x0, 0x16                      inst_292+32
x29 <- 0x0000000000000016

clint mtime 0x0000000000000376 (mip.MTI <- 0b1, mip.STI <- 0b0)
mem[X,0x0000000080001BA4] -> 0x1FB3
mem[X,0x0000000080001BA6] -> 0x29DF
[1772] [M]: 0x0000000080001BA4 (0x29DF1FB3) bset x31, x30, x29                      inst_292+36
x31 <- 0x0000000050E03C5A

mem[X,0x0000000080001BA8] -> 0xB423
mem[X,0x0000000080001BAA] -> 0x05F3
[1773] [M]: 0x0000000080001BA8 (0x05F3B423) sd x31, 0x48(x7)                        inst_292+40
mem[W,0x0000000080005A38] <- 0x0000000050E03C5A

clint mtime 0x0000000000000377 (mip.MTI <- 0b1, mip.STI <- 0b0)
mem[X,0x0000000080001BAC] -> 0x0F37
mem[X,0x0000000080001BAE] -> 0x0000
[1774] [M]: 0x0000000080001BAC (0x00000F37) lui x30, 0x0                            inst_293+0
x30 <- 0x0000000000000000

mem[X,0x0000000080001BB0] -> 0x0F13
mem[X,0x0000000080001BB2] -> 0x000F
[1775] [M]: 0x0000000080001BB0 (0x000F0F13) addi x30, x30, 0x0                      inst_293+4
x30 <- 0x0000000000000000

clint mtime 0x0000000000000378 (mip.MTI <- 0b1, mip.STI <- 0b0)
mem[X,0x0000000080001BB4] -> 0x1F13
mem[X,0x0000000080001BB6] -> 0x00BF
[1776] [M]: 0x0000000080001BB4 (0x00BF1F13) slli x30, x30, 0xb                      inst_293+8
x30 <- 0x0000000000000000

mem[X,0x0000000080001BB8] -> 0x0F13
mem[X,0x0000000080001BBA] -> 0x3CBF
[1777] [M]: 0x0000000080001BB8 (0x3CBF0F13) addi x30, x30, 0x3cb                    inst_293+12
x30 <- 0x00000000000003CB

clint mtime 0x0000000000000379 (mip.MTI <- 0b1, mip.STI <- 0b0)
mem[X,0x0000000080001BBC] -> 0x1F13
mem[X,0x0000000080001BBE] -> 0x00BF
[1778] [M]: 0x0000000080001BBC (0x00BF1F13) slli x30, x30, 0xb                      inst_293+16
x30 <- 0x00000000001E5800

mem[X,0x0000000080001BC0] -> 0x0F13
mem[X,0x0000000080001BC2] -> 0x75DF
[1779] [M]: 0x0000000080001BC0 (0x75DF0F13) addi x30, x30, 0x75d                    inst_293+20
x30 <- 0x00000000001E5F5D

clint mtime 0x000000000000037A (mip.MTI <- 0b1, mip.STI <- 0b0)
mem[X,0x0000000080001BC4] -> 0x1F13
mem[X,0x0000000080001BC6] -> 0x00AF
[1780] [M]: 0x0000000080001BC4 (0x00AF1F13) slli x30, x30, 0xa                      inst_293+24
x30 <- 0x00000000797D7400

mem[X,0x0000000080001BC8] -> 0x0F13
mem[X,0x0000000080001BCA] -> 0x2DFF
[1781] [M]: 0x0000000080001BC8 (0x2DFF0F13) addi x30, x30, 0x2df                    inst_293+28
x30 <- 0x00000000797D76DF

clint mtime 0x000000000000037B (mip.MTI <- 0b1, mip.STI <- 0b0)
mem[X,0x0000000080001BCC] -> 0x0E93
mem[X,0x0000000080001BCE] -> 0x0110
[1782] [M]: 0x0000000080001BCC (0x01100E93) addi x29, x0, 0x11                      inst_293+32
x29 <- 0x0000000000000011

mem[X,0x0000000080001BD0] -> 0x1FB3
mem[X,0x0000000080001BD2] -> 0x29DF
[1783] [M]: 0x0000000080001BD0 (0x29DF1FB3) bset x31, x30, x29                      inst_293+36
x31 <- 0x00000000797F76DF

clint mtime 0x000000000000037C (mip.MTI <- 0b1, mip.STI <- 0b0)
mem[X,0x0000000080001BD4] -> 0xB823
mem[X,0x0000000080001BD6] -> 0x05F3
[1784] [M]: 0x0000000080001BD4 (0x05F3B823) sd x31, 0x50(x7)                        inst_293+40
mem[W,0x0000000080005A40] <- 0x00000000797F76DF

mem[X,0x0000000080001BD8] -> 0x0F37
mem[X,0x0000000080001BDA] -> 0x0000
[1785] [M]: 0x0000000080001BD8 (0x00000F37) lui x30, 0x0                            inst_294+0
x30 <- 0x0000000000000000

clint mtime 0x000000000000037D (mip.MTI <- 0b1, mip.STI <- 0b0)
mem[X,0x0000000080001BDC] -> 0x0F13
mem[X,0x0000000080001BDE] -> 0x000F
[1786] [M]: 0x0000000080001BDC (0x000F0F13) addi x30, x30, 0x0                      inst_294+4
x30 <- 0x0000000000000000

mem[X,0x0000000080001BE0] -> 0x1F13
mem[X,0x0000000080001BE2] -> 0x00BF
[1787] [M]: 0x0000000080001BE0 (0x00BF1F13) slli x30, x30, 0xb                      inst_294+8
x30 <- 0x0000000000000000

clint mtime 0x000000000000037E (mip.MTI <- 0b1, mip.STI <- 0b0)
mem[X,0x0000000080001BE4] -> 0x0F13
mem[X,0x0000000080001BE6] -> 0x122F
[1788] [M]: 0x0000000080001BE4 (0x122F0F13) addi x30, x30, 0x122                    inst_294+12
x30 <- 0x0000000000000122

mem[X,0x0000000080001BE8] -> 0x1F13
mem[X,0x0000000080001BEA] -> 0x00BF
[1789] [M]: 0x0000000080001BE8 (0x00BF1F13) slli x30, x30, 0xb                      inst_294+16
x30 <- 0x0000000000091000

clint mtime 0x000000000000037F (mip.MTI <- 0b1, mip.STI <- 0b0)
mem[X,0x0000000080001BEC] -> 0x0F13
mem[X,0x0000000080001BEE] -> 0x25BF
[1790] [M]: 0x0000000080001BEC (0x25BF0F13) addi x30, x30, 0x25b                    inst_294+20
x30 <- 0x000000000009125B

mem[X,0x0000000080001BF0] -> 0x1F13
mem[X,0x0000000080001BF2] -> 0x00AF
[1791] [M]: 0x0000000080001BF0 (0x00AF1F13) slli x30, x30, 0xa                      inst_294+24
x30 <- 0x0000000024496C00

clint mtime 0x0000000000000380 (mip.MTI <- 0b1, mip.STI <- 0b0)
mem[X,0x0000000080001BF4] -> 0x0F13
mem[X,0x0000000080001BF6] -> 0x3E3F
[1792] [M]: 0x0000000080001BF4 (0x3E3F0F13) addi x30, x30, 0x3e3                    inst_294+28
x30 <- 0x0000000024496FE3

mem[X,0x0000000080001BF8] -> 0x0E93
mem[X,0x0000000080001BFA] -> 0x0080
[1793] [M]: 0x0000000080001BF8 (0x00800E93) addi x29, x0, 0x8                       inst_294+32
x29 <- 0x0000000000000008

clint mtime 0x0000000000000381 (mip.MTI <- 0b1, mip.STI <- 0b0)
mem[X,0x0000000080001BFC] -> 0x1FB3
mem[X,0x0000000080001BFE] -> 0x29DF
[1794] [M]: 0x0000000080001BFC (0x29DF1FB3) bset x31, x30, x29                      inst_294+36
x31 <- 0x0000000024496FE3

mem[X,0x0000000080001C00] -> 0xBC23
mem[X,0x0000000080001C02] -> 0x05F3
[1795] [M]: 0x0000000080001C00 (0x05F3BC23) sd x31, 0x58(x7)                        inst_294+40
mem[W,0x0000000080005A48] <- 0x0000000024496FE3

clint mtime 0x0000000000000382 (mip.MTI <- 0b1, mip.STI <- 0b0)
mem[X,0x0000000080001C04] -> 0x0F37
mem[X,0x0000000080001C06] -> 0x0000
[1796] [M]: 0x0000000080001C04 (0x00000F37) lui x30, 0x0                            inst_295+0
x30 <- 0x0000000000000000

mem[X,0x0000000080001C08] -> 0x0F13
mem[X,0x0000000080001C0A] -> 0x000F
[1797] [M]: 0x0000000080001C08 (0x000F0F13) addi x30, x30, 0x0                      inst_295+4
x30 <- 0x0000000000000000

clint mtime 0x0000000000000383 (mip.MTI <- 0b1, mip.STI <- 0b0)
mem[X,0x0000000080001C0C] -> 0x1F13
mem[X,0x0000000080001C0E] -> 0x00BF
[1798] [M]: 0x0000000080001C0C (0x00BF1F13) slli x30, x30, 0xb                      inst_295+8
x30 <- 0x0000000000000000

mem[X,0x0000000080001C10] -> 0x0F13
mem[X,0x0000000080001C12] -> 0x6F0F
[1799] [M]: 0x0000000080001C10 (0x6F0F0F13) addi x30, x30, 0x6f0                    inst_295+12
x30 <- 0x00000000000006F0

clint mtime 0x0000000000000384 (mip.MTI <- 0b1, mip.STI <- 0b0)
mem[X,0x0000000080001C14] -> 0x1F13
mem[X,0x0000000080001C16] -> 0x00BF
[1800] [M]: 0x0000000080001C14 (0x00BF1F13) slli x30, x30, 0xb                      inst_295+16
x30 <- 0x0000000000378000

mem[X,0x0000000080001C18] -> 0x0F13
mem[X,0x0000000080001C1A] -> 0x52FF
[1801] [M]: 0x0000000080001C18 (0x52FF0F13) addi x30, x30, 0x52f                    inst_295+20
x30 <- 0x000000000037852F

clint mtime 0x0000000000000385 (mip.MTI <- 0b1, mip.STI <- 0b0)
mem[X,0x0000000080001C1C] -> 0x1F13
mem[X,0x0000000080001C1E] -> 0x00AF
[1802] [M]: 0x0000000080001C1C (0x00AF1F13) slli x30, x30, 0xa                      inst_295+24
x30 <- 0x00000000DE14BC00

mem[X,0x0000000080001C20] -> 0x0F13
mem[X,0x0000000080001C22] -> 0x3F2F
[1803] [M]: 0x0000000080001C20 (0x3F2F0F13) addi x30, x30, 0x3f2                    inst_295+28
x30 <- 0x00000000DE14BFF2

clint mtime 0x0000000000000386 (mip.MTI <- 0b1, mip.STI <- 0b0)
mem[X,0x0000000080001C24] -> 0x0E93
mem[X,0x0000000080001C26] -> 0x01D0
[1804] [M]: 0x0000000080001C24 (0x01D00E93) addi x29, x0, 0x1d                      inst_295+32
x29 <- 0x000000000000001D

mem[X,0x0000000080001C28] -> 0x1FB3
mem[X,0x0000000080001C2A] -> 0x29DF
[1805] [M]: 0x0000000080001C28 (0x29DF1FB3) bset x31, x30, x29                      inst_295+36
x31 <- 0x00000000FE14BFF2

clint mtime 0x0000000000000387 (mip.MTI <- 0b1, mip.STI <- 0b0)
mem[X,0x0000000080001C2C] -> 0xB023
mem[X,0x0000000080001C2E] -> 0x07F3
[1806] [M]: 0x0000000080001C2C (0x07F3B023) sd x31, 0x60(x7)                        inst_295+40
mem[W,0x0000000080005A50] <- 0x00000000FE14BFF2

mem[X,0x0000000080001C30] -> 0x0F37
mem[X,0x0000000080001C32] -> 0x0000
[1807] [M]: 0x0000000080001C30 (0x00000F37) lui x30, 0x0                            inst_296+0
x30 <- 0x0000000000000000

clint mtime 0x0000000000000388 (mip.MTI <- 0b1, mip.STI <- 0b0)
mem[X,0x0000000080001C34] -> 0x0F13
mem[X,0x0000000080001C36] -> 0x000F
[1808] [M]: 0x0000000080001C34 (0x000F0F13) addi x30, x30, 0x0                      inst_296+4
x30 <- 0x0000000000000000

mem[X,0x0000000080001C38] -> 0x1F13
mem[X,0x0000000080001C3A] -> 0x00BF
[1809] [M]: 0x0000000080001C38 (0x00BF1F13) slli x30, x30, 0xb                      inst_296+8
x30 <- 0x0000000000000000

clint mtime 0x0000000000000389 (mip.MTI <- 0b1, mip.STI <- 0b0)
mem[X,0x0000000080001C3C] -> 0x0F13
mem[X,0x0000000080001C3E] -> 0x5C0F
[1810] [M]: 0x0000000080001C3C (0x5C0F0F13) addi x30, x30, 0x5c0                    inst_296+12
x30 <- 0x00000000000005C0

mem[X,0x0000000080001C40] -> 0x1F13
mem[X,0x0000000080001C42] -> 0x00BF
[1811] [M]: 0x0000000080001C40 (0x00BF1F13) slli x30, x30, 0xb                      inst_296+16
x30 <- 0x00000000002E0000

clint mtime 0x000000000000038A (mip.MTI <- 0b1, mip.STI <- 0b0)
mem[X,0x0000000080001C44] -> 0x0F13
mem[X,0x0000000080001C46] -> 0x229F
[1812] [M]: 0x0000000080001C44 (0x229F0F13) addi x30, x30, 0x229                    inst_296+20
x30 <- 0x00000000002E0229

mem[X,0x0000000080001C48] -> 0x1F13
mem[X,0x0000000080001C4A] -> 0x00AF
[1813] [M]: 0x0000000080001C48 (0x00AF1F13) slli x30, x30, 0xa                      inst_296+24
x30 <- 0x00000000B808A400

clint mtime 0x000000000000038B (mip.MTI <- 0b1, mip.STI <- 0b0)
mem[X,0x0000000080001C4C] -> 0x0F13
mem[X,0x0000000080001C4E] -> 0x277F
[1814] [M]: 0x0000000080001C4C (0x277F0F13) addi x30, x30, 0x277                    inst_296+28
x30 <- 0x00000000B808A677

mem[X,0x0000000080001C50] -> 0x0E93
mem[X,0x0000000080001C52] -> 0x0030
[1815] [M]: 0x0000000080001C50 (0x00300E93) addi x29, x0, 0x3                       inst_296+32
x29 <- 0x0000000000000003

clint mtime 0x000000000000038C (mip.MTI <- 0b1, mip.STI <- 0b0)
mem[X,0x0000000080001C54] -> 0x1FB3
mem[X,0x0000000080001C56] -> 0x29DF
[1816] [M]: 0x0000000080001C54 (0x29DF1FB3) bset x31, x30, x29                      inst_296+36
x31 <- 0x00000000B808A67F

mem[X,0x0000000080001C58] -> 0xB423
mem[X,0x0000000080001C5A] -> 0x07F3
[1817] [M]: 0x0000000080001C58 (0x07F3B423) sd x31, 0x68(x7)                        inst_296+40
mem[W,0x0000000080005A58] <- 0x00000000B808A67F

clint mtime 0x000000000000038D (mip.MTI <- 0b1, mip.STI <- 0b0)
mem[X,0x0000000080001C5C] -> 0x0F37
mem[X,0x0000000080001C5E] -> 0x0000
[1818] [M]: 0x0000000080001C5C (0x00000F37) lui x30, 0x0                            inst_297+0
x30 <- 0x0000000000000000

mem[X,0x0000000080001C60] -> 0x0F13
mem[X,0x0000000080001C62] -> 0x000F
[1819] [M]: 0x0000000080001C60 (0x000F0F13) addi x30, x30, 0x0                      inst_297+4
x30 <- 0x0000000000000000

clint mtime 0x000000000000038E (mip.MTI <- 0b1, mip.STI <- 0b0)
mem[X,0x0000000080001C64] -> 0x1F13
mem[X,0x0000000080001C66] -> 0x00BF
[1820] [M]: 0x0000000080001C64 (0x00BF1F13) slli x30, x30, 0xb                      inst_297+8
x30 <- 0x0000000000000000

mem[X,0x0000000080001C68] -> 0x0F13
mem[X,0x0000000080001C6A] -> 0x3B5F
[1821] [M]: 0x0000000080001C68 (0x3B5F0F13) addi x30, x30, 0x3b5                    inst_297+12
x30 <- 0x00000000000003B5

clint mtime 0x000000000000038F (mip.MTI <- 0b1, mip.STI <- 0b0)
mem[X,0x0000000080001C6C] -> 0x1F13
mem[X,0x0000000080001C6E] -> 0x00BF
[1822] [M]: 0x0000000080001C6C (0x00BF1F13) slli x30, x30, 0xb                      inst_297+16
x30 <- 0x00000000001DA800

mem[X,0x0000000080001C70] -> 0x0F13
mem[X,0x0000000080001C72] -> 0x47FF
[1823] [M]: 0x0000000080001C70 (0x47FF0F13) addi x30, x30, 0x47f                    inst_297+20
x30 <- 0x00000000001DAC7F

clint mtime 0x0000000000000390 (mip.MTI <- 0b1, mip.STI <- 0b0)
mem[X,0x0000000080001C74] -> 0x1F13
mem[X,0x0000000080001C76] -> 0x00AF
[1824] [M]: 0x0000000080001C74 (0x00AF1F13) slli x30, x30, 0xa                      inst_297+24
x30 <- 0x0000000076B1FC00

mem[X,0x0000000080001C78] -> 0x0F13
mem[X,0x0000000080001C7A] -> 0x13DF
[1825] [M]: 0x0000000080001C78 (0x13DF0F13) addi x30, x30, 0x13d                    inst_297+28
x30 <- 0x0000000076B1FD3D

clint mtime 0x0000000000000391 (mip.MTI <- 0b1, mip.STI <- 0b0)
mem[X,0x0000000080001C7C] -> 0x0E93
mem[X,0x0000000080001C7E] -> 0x0070
[1826] [M]: 0x0000000080001C7C (0x00700E93) addi x29, x0, 0x7                       inst_297+32
x29 <- 0x0000000000000007

mem[X,0x0000000080001C80] -> 0x1FB3
mem[X,0x0000000080001C82] -> 0x29DF
[1827] [M]: 0x0000000080001C80 (0x29DF1FB3) bset x31, x30, x29                      inst_297+36
x31 <- 0x0000000076B1FDBD

clint mtime 0x0000000000000392 (mip.MTI <- 0b1, mip.STI <- 0b0)
mem[X,0x0000000080001C84] -> 0xB823
mem[X,0x0000000080001C86] -> 0x07F3
[1828] [M]: 0x0000000080001C84 (0x07F3B823) sd x31, 0x70(x7)                        inst_297+40
mem[W,0x0000000080005A60] <- 0x0000000076B1FDBD

mem[X,0x0000000080001C88] -> 0x0F37
mem[X,0x0000000080001C8A] -> 0x0000
[1829] [M]: 0x0000000080001C88 (0x00000F37) lui x30, 0x0                            inst_298+0
x30 <- 0x0000000000000000

clint mtime 0x0000000000000393 (mip.MTI <- 0b1, mip.STI <- 0b0)
mem[X,0x0000000080001C8C] -> 0x0F13
mem[X,0x0000000080001C8E] -> 0x000F
[1830] [M]: 0x0000000080001C8C (0x000F0F13) addi x30, x30, 0x0                      inst_298+4
x30 <- 0x0000000000000000

mem[X,0x0000000080001C90] -> 0x1F13
mem[X,0x0000000080001C92] -> 0x00BF
[1831] [M]: 0x0000000080001C90 (0x00BF1F13) slli x30, x30, 0xb                      inst_298+8
x30 <- 0x0000000000000000

clint mtime 0x0000000000000394 (mip.MTI <- 0b1, mip.STI <- 0b0)
mem[X,0x0000000080001C94] -> 0x0F13
mem[X,0x0000000080001C96] -> 0x2EEF
[1832] [M]: 0x0000000080001C94 (0x2EEF0F13) addi x30, x30, 0x2ee                    inst_298+12
x30 <- 0x00000000000002EE

mem[X,0x0000000080001C98] -> 0x1F13
mem[X,0x0000000080001C9A] -> 0x00BF
[1833] [M]: 0x0000000080001C98 (0x00BF1F13) slli x30, x30, 0xb                      inst_298+16
x30 <- 0x0000000000177000

clint mtime 0x0000000000000395 (mip.MTI <- 0b1, mip.STI <- 0b0)
mem[X,0x0000000080001C9C] -> 0x0F13
mem[X,0x0000000080001C9E] -> 0x3C0F
[1834] [M]: 0x0000000080001C9C (0x3C0F0F13) addi x30, x30, 0x3c0                    inst_298+20
x30 <- 0x00000000001773C0

mem[X,0x0000000080001CA0] -> 0x1F13
mem[X,0x0000000080001CA2] -> 0x00AF
[1835] [M]: 0x0000000080001CA0 (0x00AF1F13) slli x30, x30, 0xa                      inst_298+24
x30 <- 0x000000005DCF0000

clint mtime 0x0000000000000396 (mip.MTI <- 0b1, mip.STI <- 0b0)
mem[X,0x0000000080001CA4] -> 0x0F13
mem[X,0x0000000080001CA6] -> 0x19DF
[1836] [M]: 0x0000000080001CA4 (0x19DF0F13) addi x30, x30, 0x19d                    inst_298+28
x30 <- 0x000000005DCF019D

mem[X,0x0000000080001CA8] -> 0x0E93
mem[X,0x0000000080001CAA] -> 0x00F0
[1837] [M]: 0x0000000080001CA8 (0x00F00E93) addi x29, x0, 0xf                       inst_298+32
x29 <- 0x000000000000000F

clint mtime 0x0000000000000397 (mip.MTI <- 0b1, mip.STI <- 0b0)
mem[X,0x0000000080001CAC] -> 0x1FB3
mem[X,0x0000000080001CAE] -> 0x29DF
[1838] [M]: 0x0000000080001CAC (0x29DF1FB3) bset x31, x30, x29                      inst_298+36
x31 <- 0x000000005DCF819D

mem[X,0x0000000080001CB0] -> 0xBC23
mem[X,0x0000000080001CB2] -> 0x07F3
[1839] [M]: 0x0000000080001CB0 (0x07F3BC23) sd x31, 0x78(x7)                        inst_298+40
mem[W,0x0000000080005A68] <- 0x000000005DCF819D

clint mtime 0x0000000000000398 (mip.MTI <- 0b1, mip.STI <- 0b0)
mem[X,0x0000000080001CB4] -> 0x0F37
mem[X,0x0000000080001CB6] -> 0x0000
[1840] [M]: 0x0000000080001CB4 (0x00000F37) lui x30, 0x0                            inst_299+0
x30 <- 0x0000000000000000

mem[X,0x0000000080001CB8] -> 0x0F13
mem[X,0x0000000080001CBA] -> 0x000F
[1841] [M]: 0x0000000080001CB8 (0x000F0F13) addi x30, x30, 0x0                      inst_299+4
x30 <- 0x0000000000000000

clint mtime 0x0000000000000399 (mip.MTI <- 0b1, mip.STI <- 0b0)
mem[X,0x0000000080001CBC] -> 0x1F13
mem[X,0x0000000080001CBE] -> 0x00BF
[1842] [M]: 0x0000000080001CBC (0x00BF1F13) slli x30, x30, 0xb                      inst_299+8
x30 <- 0x0000000000000000

mem[X,0x0000000080001CC0] -> 0x0F13
mem[X,0x0000000080001CC2] -> 0x23DF
[1843] [M]: 0x0000000080001CC0 (0x23DF0F13) addi x30, x30, 0x23d                    inst_299+12
x30 <- 0x000000000000023D

clint mtime 0x000000000000039A (mip.MTI <- 0b1, mip.STI <- 0b0)
mem[X,0x0000000080001CC4] -> 0x1F13
mem[X,0x0000000080001CC6] -> 0x00BF
[1844] [M]: 0x0000000080001CC4 (0x00BF1F13) slli x30, x30, 0xb                      inst_299+16
x30 <- 0x000000000011E800

mem[X,0x0000000080001CC8] -> 0x0F13
mem[X,0x0000000080001CCA] -> 0x5C2F
[1845] [M]: 0x0000000080001CC8 (0x5C2F0F13) addi x30, x30, 0x5c2                    inst_299+20
x30 <- 0x000000000011EDC2

clint mtime 0x000000000000039B (mip.MTI <- 0b1, mip.STI <- 0b0)
mem[X,0x0000000080001CCC] -> 0x1F13
mem[X,0x0000000080001CCE] -> 0x00AF
[1846] [M]: 0x0000000080001CCC (0x00AF1F13) slli x30, x30, 0xa                      inst_299+24
x30 <- 0x0000000047B70800

mem[X,0x0000000080001CD0] -> 0x0F13
mem[X,0x0000000080001CD2] -> 0x17BF
[1847] [M]: 0x0000000080001CD0 (0x17BF0F13) addi x30, x30, 0x17b                    inst_299+28
x30 <- 0x0000000047B7097B

clint mtime 0x000000000000039C (mip.MTI <- 0b1, mip.STI <- 0b0)
mem[X,0x0000000080001CD4] -> 0x0E93
mem[X,0x0000000080001CD6] -> 0x01F0
[1848] [M]: 0x0000000080001CD4 (0x01F00E93) addi x29, x0, 0x1f                      inst_299+32
x29 <- 0x000000000000001F

mem[X,0x0000000080001CD8] -> 0x1FB3
mem[X,0x0000000080001CDA] -> 0x29DF
[1849] [M]: 0x0000000080001CD8 (0x29DF1FB3) bset x31, x30, x29                      inst_299+36
x31 <- 0x00000000C7B7097B

clint mtime 0x000000000000039D (mip.MTI <- 0b1, mip.STI <- 0b0)
mem[X,0x0000000080001CDC] -> 0xB023
mem[X,0x0000000080001CDE] -> 0x09F3
[1850] [M]: 0x0000000080001CDC (0x09F3B023) sd x31, 0x80(x7)                        inst_299+40
mem[W,0x0000000080005A70] <- 0x00000000C7B7097B

mem[X,0x0000000080001CE0] -> 0xCF37
mem[X,0x0000000080001CE2] -> 0x1D67
[1851] [M]: 0x0000000080001CE0 (0x1D67CF37) lui x30, 0x1d67c                        inst_300+0
x30 <- 0x000000001D67C000

clint mtime 0x000000000000039E (mip.MTI <- 0b1, mip.STI <- 0b0)
mem[X,0x0000000080001CE4] -> 0x0F13
mem[X,0x0000000080001CE6] -> 0x6D1F
[1852] [M]: 0x0000000080001CE4 (0x6D1F0F13) addi x30, x30, 0x6d1                    inst_300+4
x30 <- 0x000000001D67C6D1

mem[X,0x0000000080001CE8] -> 0x1F13
mem[X,0x0000000080001CEA] -> 0x002F
[1853] [M]: 0x0000000080001CE8 (0x002F1F13) slli x30, x30, 0x2                      inst_300+8
x30 <- 0x00000000759F1B44

clint mtime 0x000000000000039F (mip.MTI <- 0b1, mip.STI <- 0b0)
mem[X,0x0000000080001CEC] -> 0x0E93
mem[X,0x0000000080001CEE] -> 0x0100
[1854] [M]: 0x0000000080001CEC (0x01000E93) addi x29, x0, 0x10                      inst_300+12
x29 <- 0x0000000000000010

mem[X,0x0000000080001CF0] -> 0x1FB3
mem[X,0x0000000080001CF2] -> 0x29DF
[1855] [M]: 0x0000000080001CF0 (0x29DF1FB3) bset x31, x30, x29                      inst_300+16
x31 <- 0x00000000759F1B44

clint mtime 0x00000000000003A0 (mip.MTI <- 0b1, mip.STI <- 0b0)
mem[X,0x0000000080001CF4] -> 0xB423
mem[X,0x0000000080001CF6] -> 0x09F3
[1856] [M]: 0x0000000080001CF4 (0x09F3B423) sd x31, 0x88(x7)                        inst_300+20
mem[W,0x0000000080005A78] <- 0x00000000759F1B44

mem[X,0x0000000080001CF8] -> 0x0F37
mem[X,0x0000000080001CFA] -> 0x0000
[1857] [M]: 0x0000000080001CF8 (0x00000F37) lui x30, 0x0                            inst_301+0
x30 <- 0x0000000000000000

clint mtime 0x00000000000003A1 (mip.MTI <- 0b1, mip.STI <- 0b0)
mem[X,0x0000000080001CFC] -> 0x0F13
mem[X,0x0000000080001CFE] -> 0x000F
[1858] [M]: 0x0000000080001CFC (0x000F0F13) addi x30, x30, 0x0                      inst_301+4
x30 <- 0x0000000000000000

mem[X,0x0000000080001D00] -> 0x1F13
mem[X,0x0000000080001D02] -> 0x00BF
[1859] [M]: 0x0000000080001D00 (0x00BF1F13) slli x30, x30, 0xb                      inst_301+8
x30 <- 0x0000000000000000

clint mtime 0x00000000000003A2 (mip.MTI <- 0b1, mip.STI <- 0b0)
mem[X,0x0000000080001D04] -> 0x0F13
mem[X,0x0000000080001D06] -> 0x206F
[1860] [M]: 0x0000000080001D04 (0x206F0F13) addi x30, x30, 0x206                    inst_301+12
x30 <- 0x0000000000000206

mem[X,0x0000000080001D08] -> 0x1F13
mem[X,0x0000000080001D0A] -> 0x00BF
[1861] [M]: 0x0000000080001D08 (0x00BF1F13) slli x30, x30, 0xb                      inst_301+16
x30 <- 0x0000000000103000

clint mtime 0x00000000000003A3 (mip.MTI <- 0b1, mip.STI <- 0b0)
mem[X,0x0000000080001D0C] -> 0x0F13
mem[X,0x0000000080001D0E] -> 0x642F
[1862] [M]: 0x0000000080001D0C (0x642F0F13) addi x30, x30, 0x642                    inst_301+20
x30 <- 0x0000000000103642

mem[X,0x0000000080001D10] -> 0x1F13
mem[X,0x0000000080001D12] -> 0x00AF
[1863] [M]: 0x0000000080001D10 (0x00AF1F13) slli x30, x30, 0xa                      inst_301+24
x30 <- 0x0000000040D90800

clint mtime 0x00000000000003A4 (mip.MTI <- 0b1, mip.STI <- 0b0)
mem[X,0x0000000080001D14] -> 0x0F13
mem[X,0x0000000080001D16] -> 0x21DF
[1864] [M]: 0x0000000080001D14 (0x21DF0F13) addi x30, x30, 0x21d                    inst_301+28
x30 <- 0x0000000040D90A1D

mem[X,0x0000000080001D18] -> 0x0E93
mem[X,0x0000000080001D1A] -> 0x0170
[1865] [M]: 0x0000000080001D18 (0x01700E93) addi x29, x0, 0x17                      inst_301+32
x29 <- 0x0000000000000017

clint mtime 0x00000000000003A5 (mip.MTI <- 0b1, mip.STI <- 0b0)
mem[X,0x0000000080001D1C] -> 0x1FB3
mem[X,0x0000000080001D1E] -> 0x29DF
[1866] [M]: 0x0000000080001D1C (0x29DF1FB3) bset x31, x30, x29                      inst_301+36
x31 <- 0x0000000040D90A1D

mem[X,0x0000000080001D20] -> 0xB823
mem[X,0x0000000080001D22] -> 0x09F3
[1867] [M]: 0x0000000080001D20 (0x09F3B823) sd x31, 0x90(x7)                        inst_301+40
mem[W,0x0000000080005A80] <- 0x0000000040D90A1D

clint mtime 0x00000000000003A6 (mip.MTI <- 0b1, mip.STI <- 0b0)
mem[X,0x0000000080001D24] -> 0x0F37
mem[X,0x0000000080001D26] -> 0x0000
[1868] [M]: 0x0000000080001D24 (0x00000F37) lui x30, 0x0                            inst_302+0
x30 <- 0x0000000000000000

mem[X,0x0000000080001D28] -> 0x0F13
mem[X,0x0000000080001D2A] -> 0x000F
[1869] [M]: 0x0000000080001D28 (0x000F0F13) addi x30, x30, 0x0                      inst_302+4
x30 <- 0x0000000000000000

clint mtime 0x00000000000003A7 (mip.MTI <- 0b1, mip.STI <- 0b0)
mem[X,0x0000000080001D2C] -> 0x1F13
mem[X,0x0000000080001D2E] -> 0x00BF
[1870] [M]: 0x0000000080001D2C (0x00BF1F13) slli x30, x30, 0xb                      inst_302+8
x30 <- 0x0000000000000000

mem[X,0x0000000080001D30] -> 0x0F13
mem[X,0x0000000080001D32] -> 0x16FF
[1871] [M]: 0x0000000080001D30 (0x16FF0F13) addi x30, x30, 0x16f                    inst_302+12
x30 <- 0x000000000000016F

clint mtime 0x00000000000003A8 (mip.MTI <- 0b1, mip.STI <- 0b0)
mem[X,0x0000000080001D34] -> 0x1F13
mem[X,0x0000000080001D36] -> 0x00BF
[1872] [M]: 0x0000000080001D34 (0x00BF1F13) slli x30, x30, 0xb                      inst_302+16
x30 <- 0x00000000000B7800

mem[X,0x0000000080001D38] -> 0x0F13
mem[X,0x0000000080001D3A] -> 0x37CF
[1873] [M]: 0x0000000080001D38 (0x37CF0F13) addi x30, x30, 0x37c                    inst_302+20
x30 <- 0x00000000000B7B7C

clint mtime 0x00000000000003A9 (mip.MTI <- 0b1, mip.STI <- 0b0)
mem[X,0x0000000080001D3C] -> 0x1F13
mem[X,0x0000000080001D3E] -> 0x00AF
[1874] [M]: 0x0000000080001D3C (0x00AF1F13) slli x30, x30, 0xa                      inst_302+24
x30 <- 0x000000002DEDF000

mem[X,0x0000000080001D40] -> 0x0F13
mem[X,0x0000000080001D42] -> 0x123F
[1875] [M]: 0x0000000080001D40 (0x123F0F13) addi x30, x30, 0x123                    inst_302+28
x30 <- 0x000000002DEDF123

clint mtime 0x00000000000003AA (mip.MTI <- 0b1, mip.STI <- 0b0)
mem[X,0x0000000080001D44] -> 0x0E93
mem[X,0x0000000080001D46] -> 0x0160
[1876] [M]: 0x0000000080001D44 (0x01600E93) addi x29, x0, 0x16                      inst_302+32
x29 <- 0x0000000000000016

mem[X,0x0000000080001D48] -> 0x1FB3
mem[X,0x0000000080001D4A] -> 0x29DF
[1877] [M]: 0x0000000080001D48 (0x29DF1FB3) bset x31, x30, x29                      inst_302+36
x31 <- 0x000000002DEDF123

clint mtime 0x00000000000003AB (mip.MTI <- 0b1, mip.STI <- 0b0)
mem[X,0x0000000080001D4C] -> 0xBC23
mem[X,0x0000000080001D4E] -> 0x09F3
[1878] [M]: 0x0000000080001D4C (0x09F3BC23) sd x31, 0x98(x7)                        inst_302+40
mem[W,0x0000000080005A88] <- 0x000000002DEDF123

mem[X,0x0000000080001D50] -> 0x0F37
mem[X,0x0000000080001D52] -> 0x0000
[1879] [M]: 0x0000000080001D50 (0x00000F37) lui x30, 0x0                            inst_303+0
x30 <- 0x0000000000000000

clint mtime 0x00000000000003AC (mip.MTI <- 0b1, mip.STI <- 0b0)
mem[X,0x0000000080001D54] -> 0x0F13
mem[X,0x0000000080001D56] -> 0x000F
[1880] [M]: 0x0000000080001D54 (0x000F0F13) addi x30, x30, 0x0                      inst_303+4
x30 <- 0x0000000000000000

mem[X,0x0000000080001D58] -> 0x1F13
mem[X,0x0000000080001D5A] -> 0x00BF
[1881] [M]: 0x0000000080001D58 (0x00BF1F13) slli x30, x30, 0xb                      inst_303+8
x30 <- 0x0000000000000000

clint mtime 0x00000000000003AD (mip.MTI <- 0b1, mip.STI <- 0b0)
mem[X,0x0000000080001D5C] -> 0x0F13
mem[X,0x0000000080001D5E] -> 0x258F
[1882] [M]: 0x0000000080001D5C (0x258F0F13) addi x30, x30, 0x258                    inst_303+12
x30 <- 0x0000000000000258

mem[X,0x0000000080001D60] -> 0x1F13
mem[X,0x0000000080001D62] -> 0x00BF
[1883] [M]: 0x0000000080001D60 (0x00BF1F13) slli x30, x30, 0xb                      inst_303+16
x30 <- 0x000000000012C000

clint mtime 0x00000000000003AE (mip.MTI <- 0b1, mip.STI <- 0b0)
mem[X,0x0000000080001D64] -> 0x0F13
mem[X,0x0000000080001D66] -> 0x58DF
[1884] [M]: 0x0000000080001D64 (0x58DF0F13) addi x30, x30, 0x58d                    inst_303+20
x30 <- 0x000000000012C58D

mem[X,0x0000000080001D68] -> 0x1F13
mem[X,0x0000000080001D6A] -> 0x00AF
[1885] [M]: 0x0000000080001D68 (0x00AF1F13) slli x30, x30, 0xa                      inst_303+24
x30 <- 0x000000004B163400

clint mtime 0x00000000000003AF (mip.MTI <- 0b1, mip.STI <- 0b0)
mem[X,0x0000000080001D6C] -> 0x0F13
mem[X,0x0000000080001D6E] -> 0x0E7F
[1886] [M]: 0x0000000080001D6C (0x0E7F0F13) addi x30, x30, 0xe7                     inst_303+28
x30 <- 0x000000004B1634E7

mem[X,0x0000000080001D70] -> 0x0E93
mem[X,0x0000000080001D72] -> 0x00C0
[1887] [M]: 0x0000000080001D70 (0x00C00E93) addi x29, x0, 0xc                       inst_303+32
x29 <- 0x000000000000000C

clint mtime 0x00000000000003B0 (mip.MTI <- 0b1, mip.STI <- 0b0)
mem[X,0x0000000080001D74] -> 0x1FB3
mem[X,0x0000000080001D76] -> 0x29DF
[1888] [M]: 0x0000000080001D74 (0x29DF1FB3) bset x31, x30, x29                      inst_303+36
x31 <- 0x000000004B1634E7

mem[X,0x0000000080001D78] -> 0xB023
mem[X,0x0000000080001D7A] -> 0x0BF3
[1889] [M]: 0x0000000080001D78 (0x0BF3B023) sd x31, 0xa0(x7)                        inst_303+40
mem[W,0x0000000080005A90] <- 0x000000004B1634E7

clint mtime 0x00000000000003B1 (mip.MTI <- 0b1, mip.STI <- 0b0)
mem[X,0x0000000080001D7C] -> 0x0F37
mem[X,0x0000000080001D7E] -> 0x0000
[1890] [M]: 0x0000000080001D7C (0x00000F37) lui x30, 0x0                            inst_304+0
x30 <- 0x0000000000000000

mem[X,0x0000000080001D80] -> 0x0F13
mem[X,0x0000000080001D82] -> 0x000F
[1891] [M]: 0x0000000080001D80 (0x000F0F13) addi x30, x30, 0x0                      inst_304+4
x30 <- 0x0000000000000000

clint mtime 0x00000000000003B2 (mip.MTI <- 0b1, mip.STI <- 0b0)
mem[X,0x0000000080001D84] -> 0x1F13
mem[X,0x0000000080001D86] -> 0x00BF
[1892] [M]: 0x0000000080001D84 (0x00BF1F13) slli x30, x30, 0xb                      inst_304+8
x30 <- 0x0000000000000000

mem[X,0x0000000080001D88] -> 0x0F13
mem[X,0x0000000080001D8A] -> 0x449F
[1893] [M]: 0x0000000080001D88 (0x449F0F13) addi x30, x30, 0x449                    inst_304+12
x30 <- 0x0000000000000449

clint mtime 0x00000000000003B3 (mip.MTI <- 0b1, mip.STI <- 0b0)
mem[X,0x0000000080001D8C] -> 0x1F13
mem[X,0x0000000080001D8E] -> 0x00BF
[1894] [M]: 0x0000000080001D8C (0x00BF1F13) slli x30, x30, 0xb                      inst_304+16
x30 <- 0x0000000000224800

mem[X,0x0000000080001D90] -> 0x0F13
mem[X,0x0000000080001D92] -> 0x56EF
[1895] [M]: 0x0000000080001D90 (0x56EF0F13) addi x30, x30, 0x56e                    inst_304+20
x30 <- 0x0000000000224D6E

clint mtime 0x00000000000003B4 (mip.MTI <- 0b1, mip.STI <- 0b0)
mem[X,0x0000000080001D94] -> 0x1F13
mem[X,0x0000000080001D96] -> 0x00AF
[1896] [M]: 0x0000000080001D94 (0x00AF1F13) slli x30, x30, 0xa                      inst_304+24
x30 <- 0x000000008935B800

mem[X,0x0000000080001D98] -> 0x0F13
mem[X,0x0000000080001D9A] -> 0x02FF
[1897] [M]: 0x0000000080001D98 (0x02FF0F13) addi x30, x30, 0x2f                     inst_304+28
x30 <- 0x000000008935B82F

clint mtime 0x00000000000003B5 (mip.MTI <- 0b1, mip.STI <- 0b0)
mem[X,0x0000000080001D9C] -> 0x0E93
mem[X,0x0000000080001D9E] -> 0x00B0
[1898] [M]: 0x0000000080001D9C (0x00B00E93) addi x29, x0, 0xb                       inst_304+32
x29 <- 0x000000000000000B

mem[X,0x0000000080001DA0] -> 0x1FB3
mem[X,0x0000000080001DA2] -> 0x29DF
[1899] [M]: 0x0000000080001DA0 (0x29DF1FB3) bset x31, x30, x29                      inst_304+36
x31 <- 0x000000008935B82F

clint mtime 0x00000000000003B6 (mip.MTI <- 0b1, mip.STI <- 0b0)
mem[X,0x0000000080001DA4] -> 0xB423
mem[X,0x0000000080001DA6] -> 0x0BF3
[1900] [M]: 0x0000000080001DA4 (0x0BF3B423) sd x31, 0xa8(x7)                        inst_304+40
mem[W,0x0000000080005A98] <- 0x000000008935B82F

mem[X,0x0000000080001DA8] -> 0x0F37
mem[X,0x0000000080001DAA] -> 0x0000
[1901] [M]: 0x0000000080001DA8 (0x00000F37) lui x30, 0x0                            inst_305+0
x30 <- 0x0000000000000000

clint mtime 0x00000000000003B7 (mip.MTI <- 0b1, mip.STI <- 0b0)
mem[X,0x0000000080001DAC] -> 0x0F13
mem[X,0x0000000080001DAE] -> 0x000F
[1902] [M]: 0x0000000080001DAC (0x000F0F13) addi x30, x30, 0x0                      inst_305+4
x30 <- 0x0000000000000000

mem[X,0x0000000080001DB0] -> 0x1F13
mem[X,0x0000000080001DB2] -> 0x00BF
[1903] [M]: 0x0000000080001DB0 (0x00BF1F13) slli x30, x30, 0xb                      inst_305+8
x30 <- 0x0000000000000000

clint mtime 0x00000000000003B8 (mip.MTI <- 0b1, mip.STI <- 0b0)
mem[X,0x0000000080001DB4] -> 0x0F13
mem[X,0x0000000080001DB6] -> 0x385F
[1904] [M]: 0x0000000080001DB4 (0x385F0F13) addi x30, x30, 0x385                    inst_305+12
x30 <- 0x0000000000000385

mem[X,0x0000000080001DB8] -> 0x1F13
mem[X,0x0000000080001DBA] -> 0x00BF
[1905] [M]: 0x0000000080001DB8 (0x00BF1F13) slli x30, x30, 0xb                      inst_305+16
x30 <- 0x00000000001C2800

clint mtime 0x00000000000003B9 (mip.MTI <- 0b1, mip.STI <- 0b0)
mem[X,0x0000000080001DBC] -> 0x0F13
mem[X,0x0000000080001DBE] -> 0x72EF
[1906] [M]: 0x0000000080001DBC (0x72EF0F13) addi x30, x30, 0x72e                    inst_305+20
x30 <- 0x00000000001C2F2E

mem[X,0x0000000080001DC0] -> 0x1F13
mem[X,0x0000000080001DC2] -> 0x00AF
[1907] [M]: 0x0000000080001DC0 (0x00AF1F13) slli x30, x30, 0xa                      inst_305+24
x30 <- 0x0000000070BCB800

clint mtime 0x00000000000003BA (mip.MTI <- 0b1, mip.STI <- 0b0)
mem[X,0x0000000080001DC4] -> 0x0F13
mem[X,0x0000000080001DC6] -> 0x0DFF
[1908] [M]: 0x0000000080001DC4 (0x0DFF0F13) addi x30, x30, 0xdf                     inst_305+28
x30 <- 0x0000000070BCB8DF

mem[X,0x0000000080001DC8] -> 0x0E93
mem[X,0x0000000080001DCA] -> 0x01C0
[1909] [M]: 0x0000000080001DC8 (0x01C00E93) addi x29, x0, 0x1c                      inst_305+32
x29 <- 0x000000000000001C

clint mtime 0x00000000000003BB (mip.MTI <- 0b1, mip.STI <- 0b0)
mem[X,0x0000000080001DCC] -> 0x1FB3
mem[X,0x0000000080001DCE] -> 0x29DF
[1910] [M]: 0x0000000080001DCC (0x29DF1FB3) bset x31, x30, x29                      inst_305+36
x31 <- 0x0000000070BCB8DF

mem[X,0x0000000080001DD0] -> 0xB823
mem[X,0x0000000080001DD2] -> 0x0BF3
[1911] [M]: 0x0000000080001DD0 (0x0BF3B823) sd x31, 0xb0(x7)                        inst_305+40
mem[W,0x0000000080005AA0] <- 0x0000000070BCB8DF

clint mtime 0x00000000000003BC (mip.MTI <- 0b1, mip.STI <- 0b0)
mem[X,0x0000000080001DD4] -> 0x0F37
mem[X,0x0000000080001DD6] -> 0x0000
[1912] [M]: 0x0000000080001DD4 (0x00000F37) lui x30, 0x0                            inst_306+0
x30 <- 0x0000000000000000

mem[X,0x0000000080001DD8] -> 0x0F13
mem[X,0x0000000080001DDA] -> 0x000F
[1913] [M]: 0x0000000080001DD8 (0x000F0F13) addi x30, x30, 0x0                      inst_306+4
x30 <- 0x0000000000000000

clint mtime 0x00000000000003BD (mip.MTI <- 0b1, mip.STI <- 0b0)
mem[X,0x0000000080001DDC] -> 0x1F13
mem[X,0x0000000080001DDE] -> 0x00BF
[1914] [M]: 0x0000000080001DDC (0x00BF1F13) slli x30, x30, 0xb                      inst_306+8
x30 <- 0x0000000000000000

mem[X,0x0000000080001DE0] -> 0x0F13
mem[X,0x0000000080001DE2] -> 0x46FF
[1915] [M]: 0x0000000080001DE0 (0x46FF0F13) addi x30, x30, 0x46f                    inst_306+12
x30 <- 0x000000000000046F

clint mtime 0x00000000000003BE (mip.MTI <- 0b1, mip.STI <- 0b0)
mem[X,0x0000000080001DE4] -> 0x1F13
mem[X,0x0000000080001DE6] -> 0x00BF
[1916] [M]: 0x0000000080001DE4 (0x00BF1F13) slli x30, x30, 0xb                      inst_306+16
x30 <- 0x0000000000237800

mem[X,0x0000000080001DE8] -> 0x0F13
mem[X,0x0000000080001DEA] -> 0x071F
[1917] [M]: 0x0000000080001DE8 (0x071F0F13) addi x30, x30, 0x71                     inst_306+20
x30 <- 0x0000000000237871

clint mtime 0x00000000000003BF (mip.MTI <- 0b1, mip.STI <- 0b0)
mem[X,0x0000000080001DEC] -> 0x1F13
mem[X,0x0000000080001DEE] -> 0x00AF
[1918] [M]: 0x0000000080001DEC (0x00AF1F13) slli x30, x30, 0xa                      inst_306+24
x30 <- 0x000000008DE1C400

mem[X,0x0000000080001DF0] -> 0x0F13
mem[X,0x0000000080001DF2] -> 0x33FF
[1919] [M]: 0x0000000080001DF0 (0x33FF0F13) addi x30, x30, 0x33f                    inst_306+28
x30 <- 0x000000008DE1C73F

clint mtime 0x00000000000003C0 (mip.MTI <- 0b1, mip.STI <- 0b0)
mem[X,0x0000000080001DF4] -> 0x0E93
mem[X,0x0000000080001DF6] -> 0x0080
[1920] [M]: 0x0000000080001DF4 (0x00800E93) addi x29, x0, 0x8                       inst_306+32
x29 <- 0x0000000000000008

mem[X,0x0000000080001DF8] -> 0x1FB3
mem[X,0x0000000080001DFA] -> 0x29DF
[1921] [M]: 0x0000000080001DF8 (0x29DF1FB3) bset x31, x30, x29                      inst_306+36
x31 <- 0x000000008DE1C73F

clint mtime 0x00000000000003C1 (mip.MTI <- 0b1, mip.STI <- 0b0)
mem[X,0x0000000080001DFC] -> 0xBC23
mem[X,0x0000000080001DFE] -> 0x0BF3
[1922] [M]: 0x0000000080001DFC (0x0BF3BC23) sd x31, 0xb8(x7)                        inst_306+40
mem[W,0x0000000080005AA8] <- 0x000000008DE1C73F

mem[X,0x0000000080001E00] -> 0x0F37
mem[X,0x0000000080001E02] -> 0x0000
[1923] [M]: 0x0000000080001E00 (0x00000F37) lui x30, 0x0                            inst_307+0
x30 <- 0x0000000000000000

clint mtime 0x00000000000003C2 (mip.MTI <- 0b1, mip.STI <- 0b0)
mem[X,0x0000000080001E04] -> 0x0F13
mem[X,0x0000000080001E06] -> 0x000F
[1924] [M]: 0x0000000080001E04 (0x000F0F13) addi x30, x30, 0x0                      inst_307+4
x30 <- 0x0000000000000000

mem[X,0x0000000080001E08] -> 0x1F13
mem[X,0x0000000080001E0A] -> 0x00BF
[1925] [M]: 0x0000000080001E08 (0x00BF1F13) slli x30, x30, 0xb                      inst_307+8
x30 <- 0x0000000000000000

clint mtime 0x00000000000003C3 (mip.MTI <- 0b1, mip.STI <- 0b0)
mem[X,0x0000000080001E0C] -> 0x0F13
mem[X,0x0000000080001E0E] -> 0x587F
[1926] [M]: 0x0000000080001E0C (0x587F0F13) addi x30, x30, 0x587                    inst_307+12
x30 <- 0x0000000000000587

mem[X,0x0000000080001E10] -> 0x1F13
mem[X,0x0000000080001E12] -> 0x00BF
[1927] [M]: 0x0000000080001E10 (0x00BF1F13) slli x30, x30, 0xb                      inst_307+16
x30 <- 0x00000000002C3800

clint mtime 0x00000000000003C4 (mip.MTI <- 0b1, mip.STI <- 0b0)
mem[X,0x0000000080001E14] -> 0x0F13
mem[X,0x0000000080001E16] -> 0x013F
[1928] [M]: 0x0000000080001E14 (0x013F0F13) addi x30, x30, 0x13                     inst_307+20
x30 <- 0x00000000002C3813

mem[X,0x0000000080001E18] -> 0x1F13
mem[X,0x0000000080001E1A] -> 0x00AF
[1929] [M]: 0x0000000080001E18 (0x00AF1F13) slli x30, x30, 0xa                      inst_307+24
x30 <- 0x00000000B0E04C00

clint mtime 0x00000000000003C5 (mip.MTI <- 0b1, mip.STI <- 0b0)
mem[X,0x0000000080001E1C] -> 0x0F13
mem[X,0x0000000080001E1E] -> 0x27FF
[1930] [M]: 0x0000000080001E1C (0x27FF0F13) addi x30, x30, 0x27f                    inst_307+28
x30 <- 0x00000000B0E04E7F

mem[X,0x0000000080001E20] -> 0x0E93
mem[X,0x0000000080001E22] -> 0x01C0
[1931] [M]: 0x0000000080001E20 (0x01C00E93) addi x29, x0, 0x1c                      inst_307+32
x29 <- 0x000000000000001C

clint mtime 0x00000000000003C6 (mip.MTI <- 0b1, mip.STI <- 0b0)
mem[X,0x0000000080001E24] -> 0x1FB3
mem[X,0x0000000080001E26] -> 0x29DF
[1932] [M]: 0x0000000080001E24 (0x29DF1FB3) bset x31, x30, x29                      inst_307+36
x31 <- 0x00000000B0E04E7F

mem[X,0x0000000080001E28] -> 0xB023
mem[X,0x0000000080001E2A] -> 0x0DF3
[1933] [M]: 0x0000000080001E28 (0x0DF3B023) sd x31, 0xc0(x7)                        inst_307+40
mem[W,0x0000000080005AB0] <- 0x00000000B0E04E7F

clint mtime 0x00000000000003C7 (mip.MTI <- 0b1, mip.STI <- 0b0)
mem[X,0x0000000080001E2C] -> 0x0F37
mem[X,0x0000000080001E2E] -> 0x0000
[1934] [M]: 0x0000000080001E2C (0x00000F37) lui x30, 0x0                            inst_308+0
x30 <- 0x0000000000000000

mem[X,0x0000000080001E30] -> 0x0F13
mem[X,0x0000000080001E32] -> 0x000F
[1935] [M]: 0x0000000080001E30 (0x000F0F13) addi x30, x30, 0x0                      inst_308+4
x30 <- 0x0000000000000000

clint mtime 0x00000000000003C8 (mip.MTI <- 0b1, mip.STI <- 0b0)
mem[X,0x0000000080001E34] -> 0x1F13
mem[X,0x0000000080001E36] -> 0x00BF
[1936] [M]: 0x0000000080001E34 (0x00BF1F13) slli x30, x30, 0xb                      inst_308+8
x30 <- 0x0000000000000000

mem[X,0x0000000080001E38] -> 0x0F13
mem[X,0x0000000080001E3A] -> 0x2C4F
[1937] [M]: 0x0000000080001E38 (0x2C4F0F13) addi x30, x30, 0x2c4                    inst_308+12
x30 <- 0x00000000000002C4

clint mtime 0x00000000000003C9 (mip.MTI <- 0b1, mip.STI <- 0b0)
mem[X,0x0000000080001E3C] -> 0x1F13
mem[X,0x0000000080001E3E] -> 0x00BF
[1938] [M]: 0x0000000080001E3C (0x00BF1F13) slli x30, x30, 0xb                      inst_308+16
x30 <- 0x0000000000162000

mem[X,0x0000000080001E40] -> 0x0F13
mem[X,0x0000000080001E42] -> 0x486F
[1939] [M]: 0x0000000080001E40 (0x486F0F13) addi x30, x30, 0x486                    inst_308+20
x30 <- 0x0000000000162486

clint mtime 0x00000000000003CA (mip.MTI <- 0b1, mip.STI <- 0b0)
mem[X,0x0000000080001E44] -> 0x1F13
mem[X,0x0000000080001E46] -> 0x00AF
[1940] [M]: 0x0000000080001E44 (0x00AF1F13) slli x30, x30, 0xa                      inst_308+24
x30 <- 0x0000000058921800

mem[X,0x0000000080001E48] -> 0x0F13
mem[X,0x0000000080001E4A] -> 0x0FFF
[1941] [M]: 0x0000000080001E48 (0x0FFF0F13) addi x30, x30, 0xff                     inst_308+28
x30 <- 0x00000000589218FF

clint mtime 0x00000000000003CB (mip.MTI <- 0b1, mip.STI <- 0b0)
mem[X,0x0000000080001E4C] -> 0x0E93
mem[X,0x0000000080001E4E] -> 0x0100
[1942] [M]: 0x0000000080001E4C (0x01000E93) addi x29, x0, 0x10                      inst_308+32
x29 <- 0x0000000000000010

mem[X,0x0000000080001E50] -> 0x1FB3
mem[X,0x0000000080001E52] -> 0x29DF
[1943] [M]: 0x0000000080001E50 (0x29DF1FB3) bset x31, x30, x29                      inst_308+36
x31 <- 0x00000000589318FF

clint mtime 0x00000000000003CC (mip.MTI <- 0b1, mip.STI <- 0b0)
mem[X,0x0000000080001E54] -> 0xB423
mem[X,0x0000000080001E56] -> 0x0DF3
[1944] [M]: 0x0000000080001E54 (0x0DF3B423) sd x31, 0xc8(x7)                        inst_308+40
mem[W,0x0000000080005AB8] <- 0x00000000589318FF

mem[X,0x0000000080001E58] -> 0x0F37
mem[X,0x0000000080001E5A] -> 0x0000
[1945] [M]: 0x0000000080001E58 (0x00000F37) lui x30, 0x0                            inst_309+0
x30 <- 0x0000000000000000

clint mtime 0x00000000000003CD (mip.MTI <- 0b1, mip.STI <- 0b0)
mem[X,0x0000000080001E5C] -> 0x0F13
mem[X,0x0000000080001E5E] -> 0x000F
[1946] [M]: 0x0000000080001E5C (0x000F0F13) addi x30, x30, 0x0                      inst_309+4
x30 <- 0x0000000000000000

mem[X,0x0000000080001E60] -> 0x1F13
mem[X,0x0000000080001E62] -> 0x00BF
[1947] [M]: 0x0000000080001E60 (0x00BF1F13) slli x30, x30, 0xb                      inst_309+8
x30 <- 0x0000000000000000

clint mtime 0x00000000000003CE (mip.MTI <- 0b1, mip.STI <- 0b0)
mem[X,0x0000000080001E64] -> 0x0F13
mem[X,0x0000000080001E66] -> 0x53DF
[1948] [M]: 0x0000000080001E64 (0x53DF0F13) addi x30, x30, 0x53d                    inst_309+12
x30 <- 0x000000000000053D

mem[X,0x0000000080001E68] -> 0x1F13
mem[X,0x0000000080001E6A] -> 0x00BF
[1949] [M]: 0x0000000080001E68 (0x00BF1F13) slli x30, x30, 0xb                      inst_309+16
x30 <- 0x000000000029E800

clint mtime 0x00000000000003CF (mip.MTI <- 0b1, mip.STI <- 0b0)
mem[X,0x0000000080001E6C] -> 0x0F13
mem[X,0x0000000080001E6E] -> 0x7A6F
[1950] [M]: 0x0000000080001E6C (0x7A6F0F13) addi x30, x30, 0x7a6                    inst_309+20
x30 <- 0x000000000029EFA6

mem[X,0x0000000080001E70] -> 0x1F13
mem[X,0x0000000080001E72] -> 0x00AF
[1951] [M]: 0x0000000080001E70 (0x00AF1F13) slli x30, x30, 0xa                      inst_309+24
x30 <- 0x00000000A7BE9800

clint mtime 0x00000000000003D0 (mip.MTI <- 0b1, mip.STI <- 0b0)
mem[X,0x0000000080001E74] -> 0x0F13
mem[X,0x0000000080001E76] -> 0x1FFF
[1952] [M]: 0x0000000080001E74 (0x1FFF0F13) addi x30, x30, 0x1ff                    inst_309+28
x30 <- 0x00000000A7BE99FF

mem[X,0x0000000080001E78] -> 0x0E93
mem[X,0x0000000080001E7A] -> 0x0070
[1953] [M]: 0x0000000080001E78 (0x00700E93) addi x29, x0, 0x7                       inst_309+32
x29 <- 0x0000000000000007

clint mtime 0x00000000000003D1 (mip.MTI <- 0b1, mip.STI <- 0b0)
mem[X,0x0000000080001E7C] -> 0x1FB3
mem[X,0x0000000080001E7E] -> 0x29DF
[1954] [M]: 0x0000000080001E7C (0x29DF1FB3) bset x31, x30, x29                      inst_309+36
x31 <- 0x00000000A7BE99FF

mem[X,0x0000000080001E80] -> 0xB823
mem[X,0x0000000080001E82] -> 0x0DF3
[1955] [M]: 0x0000000080001E80 (0x0DF3B823) sd x31, 0xd0(x7)                        inst_309+40
mem[W,0x0000000080005AC0] <- 0x00000000A7BE99FF

clint mtime 0x00000000000003D2 (mip.MTI <- 0b1, mip.STI <- 0b0)
mem[X,0x0000000080001E84] -> 0x0F37
mem[X,0x0000000080001E86] -> 0x0000
[1956] [M]: 0x0000000080001E84 (0x00000F37) lui x30, 0x0                            inst_310+0
x30 <- 0x0000000000000000

mem[X,0x0000000080001E88] -> 0x0F13
mem[X,0x0000000080001E8A] -> 0x000F
[1957] [M]: 0x0000000080001E88 (0x000F0F13) addi x30, x30, 0x0                      inst_310+4
x30 <- 0x0000000000000000

clint mtime 0x00000000000003D3 (mip.MTI <- 0b1, mip.STI <- 0b0)
mem[X,0x0000000080001E8C] -> 0x1F13
mem[X,0x0000000080001E8E] -> 0x00BF
[1958] [M]: 0x0000000080001E8C (0x00BF1F13) slli x30, x30, 0xb                      inst_310+8
x30 <- 0x0000000000000000

mem[X,0x0000000080001E90] -> 0x0F13
mem[X,0x0000000080001E92] -> 0x51BF
[1959] [M]: 0x0000000080001E90 (0x51BF0F13) addi x30, x30, 0x51b                    inst_310+12
x30 <- 0x000000000000051B

clint mtime 0x00000000000003D4 (mip.MTI <- 0b1, mip.STI <- 0b0)
mem[X,0x0000000080001E94] -> 0x1F13
mem[X,0x0000000080001E96] -> 0x00BF
[1960] [M]: 0x0000000080001E94 (0x00BF1F13) slli x30, x30, 0xb                      inst_310+16
x30 <- 0x000000000028D800

mem[X,0x0000000080001E98] -> 0x0F13
mem[X,0x0000000080001E9A] -> 0x78CF
[1961] [M]: 0x0000000080001E98 (0x78CF0F13) addi x30, x30, 0x78c                    inst_310+20
x30 <- 0x000000000028DF8C

clint mtime 0x00000000000003D5 (mip.MTI <- 0b1, mip.STI <- 0b0)
mem[X,0x0000000080001E9C] -> 0x1F13
mem[X,0x0000000080001E9E] -> 0x00AF
[1962] [M]: 0x0000000080001E9C (0x00AF1F13) slli x30, x30, 0xa                      inst_310+24
x30 <- 0x00000000A37E3000

mem[X,0x0000000080001EA0] -> 0x0F13
mem[X,0x0000000080001EA2] -> 0x3FFF
[1963] [M]: 0x0000000080001EA0 (0x3FFF0F13) addi x30, x30, 0x3ff                    inst_310+28
x30 <- 0x00000000A37E33FF

clint mtime 0x00000000000003D6 (mip.MTI <- 0b1, mip.STI <- 0b0)
mem[X,0x0000000080001EA4] -> 0x0E93
mem[X,0x0000000080001EA6] -> 0x0140
[1964] [M]: 0x0000000080001EA4 (0x01400E93) addi x29, x0, 0x14                      inst_310+32
x29 <- 0x0000000000000014

mem[X,0x0000000080001EA8] -> 0x1FB3
mem[X,0x0000000080001EAA] -> 0x29DF
[1965] [M]: 0x0000000080001EA8 (0x29DF1FB3) bset x31, x30, x29                      inst_310+36
x31 <- 0x00000000A37E33FF

clint mtime 0x00000000000003D7 (mip.MTI <- 0b1, mip.STI <- 0b0)
mem[X,0x0000000080001EAC] -> 0xBC23
mem[X,0x0000000080001EAE] -> 0x0DF3
[1966] [M]: 0x0000000080001EAC (0x0DF3BC23) sd x31, 0xd8(x7)                        inst_310+40
mem[W,0x0000000080005AC8] <- 0x00000000A37E33FF

mem[X,0x0000000080001EB0] -> 0x0F37
mem[X,0x0000000080001EB2] -> 0x0000
[1967] [M]: 0x0000000080001EB0 (0x00000F37) lui x30, 0x0                            inst_311+0
x30 <- 0x0000000000000000

clint mtime 0x00000000000003D8 (mip.MTI <- 0b1, mip.STI <- 0b0)
mem[X,0x0000000080001EB4] -> 0x0F13
mem[X,0x0000000080001EB6] -> 0x000F
[1968] [M]: 0x0000000080001EB4 (0x000F0F13) addi x30, x30, 0x0                      inst_311+4
x30 <- 0x0000000000000000

mem[X,0x0000000080001EB8] -> 0x1F13
mem[X,0x0000000080001EBA] -> 0x00BF
[1969] [M]: 0x0000000080001EB8 (0x00BF1F13) slli x30, x30, 0xb                      inst_311+8
x30 <- 0x0000000000000000

clint mtime 0x00000000000003D9 (mip.MTI <- 0b1, mip.STI <- 0b0)
mem[X,0x0000000080001EBC] -> 0x0F13
mem[X,0x0000000080001EBE] -> 0x71BF
[1970] [M]: 0x0000000080001EBC (0x71BF0F13) addi x30, x30, 0x71b                    inst_311+12
x30 <- 0x000000000000071B

mem[X,0x0000000080001EC0] -> 0x1F13
mem[X,0x0000000080001EC2] -> 0x00BF
[1971] [M]: 0x0000000080001EC0 (0x00BF1F13) slli x30, x30, 0xb                      inst_311+16
x30 <- 0x000000000038D800

clint mtime 0x00000000000003DA (mip.MTI <- 0b1, mip.STI <- 0b0)
mem[X,0x0000000080001EC4] -> 0x0F13
mem[X,0x0000000080001EC6] -> 0x74DF
[1972] [M]: 0x0000000080001EC4 (0x74DF0F13) addi x30, x30, 0x74d                    inst_311+20
x30 <- 0x000000000038DF4D

mem[X,0x0000000080001EC8] -> 0x1F13
mem[X,0x0000000080001ECA] -> 0x00AF
[1973] [M]: 0x0000000080001EC8 (0x00AF1F13) slli x30, x30, 0xa                      inst_311+24
x30 <- 0x00000000E37D3400

clint mtime 0x00000000000003DB (mip.MTI <- 0b1, mip.STI <- 0b0)
mem[X,0x0000000080001ECC] -> 0x0F13
mem[X,0x0000000080001ECE] -> 0x3FFF
[1974] [M]: 0x0000000080001ECC (0x3FFF0F13) addi x30, x30, 0x3ff                    inst_311+28
x30 <- 0x00000000E37D37FF

mem[X,0x0000000080001ED0] -> 0x0E93
mem[X,0x0000000080001ED2] -> 0x01B0
[1975] [M]: 0x0000000080001ED0 (0x01B00E93) addi x29, x0, 0x1b                      inst_311+32
x29 <- 0x000000000000001B

clint mtime 0x00000000000003DC (mip.MTI <- 0b1, mip.STI <- 0b0)
mem[X,0x0000000080001ED4] -> 0x1FB3
mem[X,0x0000000080001ED6] -> 0x29DF
[1976] [M]: 0x0000000080001ED4 (0x29DF1FB3) bset x31, x30, x29                      inst_311+36
x31 <- 0x00000000EB7D37FF

mem[X,0x0000000080001ED8] -> 0xB023
mem[X,0x0000000080001EDA] -> 0x0FF3
[1977] [M]: 0x0000000080001ED8 (0x0FF3B023) sd x31, 0xe0(x7)                        inst_311+40
mem[W,0x0000000080005AD0] <- 0x00000000EB7D37FF

clint mtime 0x00000000000003DD (mip.MTI <- 0b1, mip.STI <- 0b0)
mem[X,0x0000000080001EDC] -> 0x0F37
mem[X,0x0000000080001EDE] -> 0x0000
[1978] [M]: 0x0000000080001EDC (0x00000F37) lui x30, 0x0                            inst_312+0
x30 <- 0x0000000000000000

mem[X,0x0000000080001EE0] -> 0x0F13
mem[X,0x0000000080001EE2] -> 0x000F
[1979] [M]: 0x0000000080001EE0 (0x000F0F13) addi x30, x30, 0x0                      inst_312+4
x30 <- 0x0000000000000000

clint mtime 0x00000000000003DE (mip.MTI <- 0b1, mip.STI <- 0b0)
mem[X,0x0000000080001EE4] -> 0x1F13
mem[X,0x0000000080001EE6] -> 0x00BF
[1980] [M]: 0x0000000080001EE4 (0x00BF1F13) slli x30, x30, 0xb                      inst_312+8
x30 <- 0x0000000000000000

mem[X,0x0000000080001EE8] -> 0x0F13
mem[X,0x0000000080001EEA] -> 0x55DF
[1981] [M]: 0x0000000080001EE8 (0x55DF0F13) addi x30, x30, 0x55d                    inst_312+12
x30 <- 0x000000000000055D

clint mtime 0x00000000000003DF (mip.MTI <- 0b1, mip.STI <- 0b0)
mem[X,0x0000000080001EEC] -> 0x1F13
mem[X,0x0000000080001EEE] -> 0x00BF
[1982] [M]: 0x0000000080001EEC (0x00BF1F13) slli x30, x30, 0xb                      inst_312+16
x30 <- 0x00000000002AE800

mem[X,0x0000000080001EF0] -> 0x0F13
mem[X,0x0000000080001EF2] -> 0x533F
[1983] [M]: 0x0000000080001EF0 (0x533F0F13) addi x30, x30, 0x533                    inst_312+20
x30 <- 0x00000000002AED33

clint mtime 0x00000000000003E0 (mip.MTI <- 0b1, mip.STI <- 0b0)
mem[X,0x0000000080001EF4] -> 0x1F13
mem[X,0x0000000080001EF6] -> 0x00AF
[1984] [M]: 0x0000000080001EF4 (0x00AF1F13) slli x30, x30, 0xa                      inst_312+24
x30 <- 0x00000000ABB4CC00

mem[X,0x0000000080001EF8] -> 0x0F13
mem[X,0x0000000080001EFA] -> 0x3FFF
[1985] [M]: 0x0000000080001EF8 (0x3FFF0F13) addi x30, x30, 0x3ff                    inst_312+28
x30 <- 0x00000000ABB4CFFF

clint mtime 0x00000000000003E1 (mip.MTI <- 0b1, mip.STI <- 0b0)
mem[X,0x0000000080001EFC] -> 0x0E93
mem[X,0x0000000080001EFE] -> 0x0170
[1986] [M]: 0x0000000080001EFC (0x01700E93) addi x29, x0, 0x17                      inst_312+32
x29 <- 0x0000000000000017

mem[X,0x0000000080001F00] -> 0x1FB3
mem[X,0x0000000080001F02] -> 0x29DF
[1987] [M]: 0x0000000080001F00 (0x29DF1FB3) bset x31, x30, x29                      inst_312+36
x31 <- 0x00000000ABB4CFFF

clint mtime 0x00000000000003E2 (mip.MTI <- 0b1, mip.STI <- 0b0)
mem[X,0x0000000080001F04] -> 0xB423
mem[X,0x0000000080001F06] -> 0x0FF3
[1988] [M]: 0x0000000080001F04 (0x0FF3B423) sd x31, 0xe8(x7)                        inst_312+40
mem[W,0x0000000080005AD8] <- 0x00000000ABB4CFFF

mem[X,0x0000000080001F08] -> 0x0F37
mem[X,0x0000000080001F0A] -> 0x0000
[1989] [M]: 0x0000000080001F08 (0x00000F37) lui x30, 0x0                            inst_313+0
x30 <- 0x0000000000000000

clint mtime 0x00000000000003E3 (mip.MTI <- 0b1, mip.STI <- 0b0)
mem[X,0x0000000080001F0C] -> 0x0F13
mem[X,0x0000000080001F0E] -> 0x000F
[1990] [M]: 0x0000000080001F0C (0x000F0F13) addi x30, x30, 0x0                      inst_313+4
x30 <- 0x0000000000000000

mem[X,0x0000000080001F10] -> 0x1F13
mem[X,0x0000000080001F12] -> 0x00BF
[1991] [M]: 0x0000000080001F10 (0x00BF1F13) slli x30, x30, 0xb                      inst_313+8
x30 <- 0x0000000000000000

clint mtime 0x00000000000003E4 (mip.MTI <- 0b1, mip.STI <- 0b0)
mem[X,0x0000000080001F14] -> 0x0F13
mem[X,0x0000000080001F16] -> 0x3E4F
[1992] [M]: 0x0000000080001F14 (0x3E4F0F13) addi x30, x30, 0x3e4                    inst_313+12
x30 <- 0x00000000000003E4

mem[X,0x0000000080001F18] -> 0x1F13
mem[X,0x0000000080001F1A] -> 0x00BF
[1993] [M]: 0x0000000080001F18 (0x00BF1F13) slli x30, x30, 0xb                      inst_313+16
x30 <- 0x00000000001F2000

clint mtime 0x00000000000003E5 (mip.MTI <- 0b1, mip.STI <- 0b0)
mem[X,0x0000000080001F1C] -> 0x0F13
mem[X,0x0000000080001F1E] -> 0x777F
[1994] [M]: 0x0000000080001F1C (0x777F0F13) addi x30, x30, 0x777                    inst_313+20
x30 <- 0x00000000001F2777

mem[X,0x0000000080001F20] -> 0x1F13
mem[X,0x0000000080001F22] -> 0x00AF
[1995] [M]: 0x0000000080001F20 (0x00AF1F13) slli x30, x30, 0xa                      inst_313+24
x30 <- 0x000000007C9DDC00

clint mtime 0x00000000000003E6 (mip.MTI <- 0b1, mip.STI <- 0b0)
mem[X,0x0000000080001F24] -> 0x0F13
mem[X,0x0000000080001F26] -> 0x3FFF
[1996] [M]: 0x0000000080001F24 (0x3FFF0F13) addi x30, x30, 0x3ff                    inst_313+28
x30 <- 0x000000007C9DDFFF

mem[X,0x0000000080001F28] -> 0x0E93
mem[X,0x0000000080001F2A] -> 0x01B0
[1997] [M]: 0x0000000080001F28 (0x01B00E93) addi x29, x0, 0x1b                      inst_313+32
x29 <- 0x000000000000001B

clint mtime 0x00000000000003E7 (mip.MTI <- 0b1, mip.STI <- 0b0)
mem[X,0x0000000080001F2C] -> 0x1FB3
mem[X,0x0000000080001F2E] -> 0x29DF
[1998] [M]: 0x0000000080001F2C (0x29DF1FB3) bset x31, x30, x29                      inst_313+36
x31 <- 0x000000007C9DDFFF

mem[X,0x0000000080001F30] -> 0xB823
mem[X,0x0000000080001F32] -> 0x0FF3
[1999] [M]: 0x0000000080001F30 (0x0FF3B823) sd x31, 0xf0(x7)                        inst_313+40
mem[W,0x0000000080005AE0] <- 0x000000007C9DDFFF

clint mtime 0x00000000000003E8 (mip.MTI <- 0b1, mip.STI <- 0b0)
mem[X,0x0000000080001F34] -> 0x0F37
mem[X,0x0000000080001F36] -> 0x0000
[2000] [M]: 0x0000000080001F34 (0x00000F37) lui x30, 0x0                            inst_314+0
x30 <- 0x0000000000000000

mem[X,0x0000000080001F38] -> 0x0F13
mem[X,0x0000000080001F3A] -> 0x000F
[2001] [M]: 0x0000000080001F38 (0x000F0F13) addi x30, x30, 0x0                      inst_314+4
x30 <- 0x0000000000000000

clint mtime 0x00000000000003E9 (mip.MTI <- 0b1, mip.STI <- 0b0)
mem[X,0x0000000080001F3C] -> 0x1F13
mem[X,0x0000000080001F3E] -> 0x00BF
[2002] [M]: 0x0000000080001F3C (0x00BF1F13) slli x30, x30, 0xb                      inst_314+8
x30 <- 0x0000000000000000

mem[X,0x0000000080001F40] -> 0x0F13
mem[X,0x0000000080001F42] -> 0x2D8F
[2003] [M]: 0x0000000080001F40 (0x2D8F0F13) addi x30, x30, 0x2d8                    inst_314+12
x30 <- 0x00000000000002D8

clint mtime 0x00000000000003EA (mip.MTI <- 0b1, mip.STI <- 0b0)
mem[X,0x0000000080001F44] -> 0x1F13
mem[X,0x0000000080001F46] -> 0x00BF
[2004] [M]: 0x0000000080001F44 (0x00BF1F13) slli x30, x30, 0xb                      inst_314+16
x30 <- 0x000000000016C000

mem[X,0x0000000080001F48] -> 0x0F13
mem[X,0x0000000080001F4A] -> 0x46FF
[2005] [M]: 0x0000000080001F48 (0x46FF0F13) addi x30, x30, 0x46f                    inst_314+20
x30 <- 0x000000000016C46F

clint mtime 0x00000000000003EB (mip.MTI <- 0b1, mip.STI <- 0b0)
mem[X,0x0000000080001F4C] -> 0x1F13
mem[X,0x0000000080001F4E] -> 0x00AF
[2006] [M]: 0x0000000080001F4C (0x00AF1F13) slli x30, x30, 0xa                      inst_314+24
x30 <- 0x000000005B11BC00

mem[X,0x0000000080001F50] -> 0x0F13
mem[X,0x0000000080001F52] -> 0x3FFF
[2007] [M]: 0x0000000080001F50 (0x3FFF0F13) addi x30, x30, 0x3ff                    inst_314+28
x30 <- 0x000000005B11BFFF

clint mtime 0x00000000000003EC (mip.MTI <- 0b1, mip.STI <- 0b0)
mem[X,0x0000000080001F54] -> 0x0E93
mem[X,0x0000000080001F56] -> 0x00E0
[2008] [M]: 0x0000000080001F54 (0x00E00E93) addi x29, x0, 0xe                       inst_314+32
x29 <- 0x000000000000000E

mem[X,0x0000000080001F58] -> 0x1FB3
mem[X,0x0000000080001F5A] -> 0x29DF
[2009] [M]: 0x0000000080001F58 (0x29DF1FB3) bset x31, x30, x29                      inst_314+36
x31 <- 0x000000005B11FFFF

clint mtime 0x00000000000003ED (mip.MTI <- 0b1, mip.STI <- 0b0)
mem[X,0x0000000080001F5C] -> 0xBC23
mem[X,0x0000000080001F5E] -> 0x0FF3
[2010] [M]: 0x0000000080001F5C (0x0FF3BC23) sd x31, 0xf8(x7)                        inst_314+40
mem[W,0x0000000080005AE8] <- 0x000000005B11FFFF

mem[X,0x0000000080001F60] -> 0x0F37
mem[X,0x0000000080001F62] -> 0x0000
[2011] [M]: 0x0000000080001F60 (0x00000F37) lui x30, 0x0                            inst_315+0
x30 <- 0x0000000000000000

clint mtime 0x00000000000003EE (mip.MTI <- 0b1, mip.STI <- 0b0)
mem[X,0x0000000080001F64] -> 0x0F13
mem[X,0x0000000080001F66] -> 0x000F
[2012] [M]: 0x0000000080001F64 (0x000F0F13) addi x30, x30, 0x0                      inst_315+4
x30 <- 0x0000000000000000

mem[X,0x0000000080001F68] -> 0x1F13
mem[X,0x0000000080001F6A] -> 0x00BF
[2013] [M]: 0x0000000080001F68 (0x00BF1F13) slli x30, x30, 0xb                      inst_315+8
x30 <- 0x0000000000000000

clint mtime 0x00000000000003EF (mip.MTI <- 0b1, mip.STI <- 0b0)
mem[X,0x0000000080001F6C] -> 0x0F13
mem[X,0x0000000080001F6E] -> 0x659F
[2014] [M]: 0x0000000080001F6C (0x659F0F13) addi x30, x30, 0x659                    inst_315+12
x30 <- 0x0000000000000659

mem[X,0x0000000080001F70] -> 0x1F13
mem[X,0x0000000080001F72] -> 0x00BF
[2015] [M]: 0x0000000080001F70 (0x00BF1F13) slli x30, x30, 0xb                      inst_315+16
x30 <- 0x000000000032C800

clint mtime 0x00000000000003F0 (mip.MTI <- 0b1, mip.STI <- 0b0)
mem[X,0x0000000080001F74] -> 0x0F13
mem[X,0x0000000080001F76] -> 0x51FF
[2016] [M]: 0x0000000080001F74 (0x51FF0F13) addi x30, x30, 0x51f                    inst_315+20
x30 <- 0x000000000032CD1F

mem[X,0x0000000080001F78] -> 0x1F13
mem[X,0x0000000080001F7A] -> 0x00AF
[2017] [M]: 0x0000000080001F78 (0x00AF1F13) slli x30, x30, 0xa                      inst_315+24
x30 <- 0x00000000CB347C00

clint mtime 0x00000000000003F1 (mip.MTI <- 0b1, mip.STI <- 0b0)
mem[X,0x0000000080001F7C] -> 0x0F13
mem[X,0x0000000080001F7E] -> 0x3FFF
[2018] [M]: 0x0000000080001F7C (0x3FFF0F13) addi x30, x30, 0x3ff                    inst_315+28
x30 <- 0x00000000CB347FFF

mem[X,0x0000000080001F80] -> 0x0E93
mem[X,0x0000000080001F82] -> 0x0100
[2019] [M]: 0x0000000080001F80 (0x01000E93) addi x29, x0, 0x10                      inst_315+32
x29 <- 0x0000000000000010

clint mtime 0x00000000000003F2 (mip.MTI <- 0b1, mip.STI <- 0b0)
mem[X,0x0000000080001F84] -> 0x1FB3
mem[X,0x0000000080001F86] -> 0x29DF
[2020] [M]: 0x0000000080001F84 (0x29DF1FB3) bset x31, x30, x29                      inst_315+36
x31 <- 0x00000000CB357FFF

mem[X,0x0000000080001F88] -> 0xB023
mem[X,0x0000000080001F8A] -> 0x11F3
[2021] [M]: 0x0000000080001F88 (0x11F3B023) sd x31, 0x100(x7)                       inst_315+40
mem[W,0x0000000080005AF0] <- 0x00000000CB357FFF

clint mtime 0x00000000000003F3 (mip.MTI <- 0b1, mip.STI <- 0b0)
mem[X,0x0000000080001F8C] -> 0x0F37
mem[X,0x0000000080001F8E] -> 0x0000
[2022] [M]: 0x0000000080001F8C (0x00000F37) lui x30, 0x0                            inst_316+0
x30 <- 0x0000000000000000

mem[X,0x0000000080001F90] -> 0x0F13
mem[X,0x0000000080001F92] -> 0x000F
[2023] [M]: 0x0000000080001F90 (0x000F0F13) addi x30, x30, 0x0                      inst_316+4
x30 <- 0x0000000000000000

clint mtime 0x00000000000003F4 (mip.MTI <- 0b1, mip.STI <- 0b0)
mem[X,0x0000000080001F94] -> 0x1F13
mem[X,0x0000000080001F96] -> 0x00BF
[2024] [M]: 0x0000000080001F94 (0x00BF1F13) slli x30, x30, 0xb                      inst_316+8
x30 <- 0x0000000000000000

mem[X,0x0000000080001F98] -> 0x0F13
mem[X,0x0000000080001F9A] -> 0x798F
[2025] [M]: 0x0000000080001F98 (0x798F0F13) addi x30, x30, 0x798                    inst_316+12
x30 <- 0x0000000000000798

clint mtime 0x00000000000003F5 (mip.MTI <- 0b1, mip.STI <- 0b0)
mem[X,0x0000000080001F9C] -> 0x1F13
mem[X,0x0000000080001F9E] -> 0x00BF
[2026] [M]: 0x0000000080001F9C (0x00BF1F13) slli x30, x30, 0xb                      inst_316+16
x30 <- 0x00000000003CC000

mem[X,0x0000000080001FA0] -> 0x0F13
mem[X,0x0000000080001FA2] -> 0x1BFF
[2027] [M]: 0x0000000080001FA0 (0x1BFF0F13) addi x30, x30, 0x1bf                    inst_316+20
x30 <- 0x00000000003CC1BF

clint mtime 0x00000000000003F6 (mip.MTI <- 0b1, mip.STI <- 0b0)
mem[X,0x0000000080001FA4] -> 0x1F13
mem[X,0x0000000080001FA6] -> 0x00AF
[2028] [M]: 0x0000000080001FA4 (0x00AF1F13) slli x30, x30, 0xa                      inst_316+24
x30 <- 0x00000000F306FC00

mem[X,0x0000000080001FA8] -> 0x0F13
mem[X,0x0000000080001FAA] -> 0x3FFF
[2029] [M]: 0x0000000080001FA8 (0x3FFF0F13) addi x30, x30, 0x3ff                    inst_316+28
x30 <- 0x00000000F306FFFF

clint mtime 0x00000000000003F7 (mip.MTI <- 0b1, mip.STI <- 0b0)
mem[X,0x0000000080001FAC] -> 0x0E93
mem[X,0x0000000080001FAE] -> 0x0080
[2030] [M]: 0x0000000080001FAC (0x00800E93) addi x29, x0, 0x8                       inst_316+32
x29 <- 0x0000000000000008

mem[X,0x0000000080001FB0] -> 0x1FB3
mem[X,0x0000000080001FB2] -> 0x29DF
[2031] [M]: 0x0000000080001FB0 (0x29DF1FB3) bset x31, x30, x29                      inst_316+36
x31 <- 0x00000000F306FFFF

clint mtime 0x00000000000003F8 (mip.MTI <- 0b1, mip.STI <- 0b0)
mem[X,0x0000000080001FB4] -> 0xB423
mem[X,0x0000000080001FB6] -> 0x11F3
[2032] [M]: 0x0000000080001FB4 (0x11F3B423) sd x31, 0x108(x7)                       inst_316+40
mem[W,0x0000000080005AF8] <- 0x00000000F306FFFF

mem[X,0x0000000080001FB8] -> 0x0F37
mem[X,0x0000000080001FBA] -> 0x0000
[2033] [M]: 0x0000000080001FB8 (0x00000F37) lui x30, 0x0                            inst_317+0
x30 <- 0x0000000000000000

clint mtime 0x00000000000003F9 (mip.MTI <- 0b1, mip.STI <- 0b0)
mem[X,0x0000000080001FBC] -> 0x0F13
mem[X,0x0000000080001FBE] -> 0x000F
[2034] [M]: 0x0000000080001FBC (0x000F0F13) addi x30, x30, 0x0                      inst_317+4
x30 <- 0x0000000000000000

mem[X,0x0000000080001FC0] -> 0x1F13
mem[X,0x0000000080001FC2] -> 0x00BF
[2035] [M]: 0x0000000080001FC0 (0x00BF1F13) slli x30, x30, 0xb                      inst_317+8
x30 <- 0x0000000000000000

clint mtime 0x00000000000003FA (mip.MTI <- 0b1, mip.STI <- 0b0)
mem[X,0x0000000080001FC4] -> 0x0F13
mem[X,0x0000000080001FC6] -> 0x5F5F
[2036] [M]: 0x0000000080001FC4 (0x5F5F0F13) addi x30, x30, 0x5f5                    inst_317+12
x30 <- 0x00000000000005F5

mem[X,0x0000000080001FC8] -> 0x1F13
mem[X,0x0000000080001FCA] -> 0x00BF
[2037] [M]: 0x0000000080001FC8 (0x00BF1F13) slli x30, x30, 0xb                      inst_317+16
x30 <- 0x00000000002FA800

clint mtime 0x00000000000003FB (mip.MTI <- 0b1, mip.STI <- 0b0)
mem[X,0x0000000080001FCC] -> 0x0F13
mem[X,0x0000000080001FCE] -> 0x17FF
[2038] [M]: 0x0000000080001FCC (0x17FF0F13) addi x30, x30, 0x17f                    inst_317+20
x30 <- 0x00000000002FA97F

mem[X,0x0000000080001FD0] -> 0x1F13
mem[X,0x0000000080001FD2] -> 0x00AF
[2039] [M]: 0x0000000080001FD0 (0x00AF1F13) slli x30, x30, 0xa                      inst_317+24
x30 <- 0x00000000BEA5FC00

clint mtime 0x00000000000003FC (mip.MTI <- 0b1, mip.STI <- 0b0)
mem[X,0x0000000080001FD4] -> 0x0F13
mem[X,0x0000000080001FD6] -> 0x3FFF
[2040] [M]: 0x0000000080001FD4 (0x3FFF0F13) addi x30, x30, 0x3ff                    inst_317+28
x30 <- 0x00000000BEA5FFFF

mem[X,0x0000000080001FD8] -> 0x0E93
mem[X,0x0000000080001FDA] -> 0x01B0
[2041] [M]: 0x0000000080001FD8 (0x01B00E93) addi x29, x0, 0x1b                      inst_317+32
x29 <- 0x000000000000001B

clint mtime 0x00000000000003FD (mip.MTI <- 0b1, mip.STI <- 0b0)
mem[X,0x0000000080001FDC] -> 0x1FB3
mem[X,0x0000000080001FDE] -> 0x29DF
[2042] [M]: 0x0000000080001FDC (0x29DF1FB3) bset x31, x30, x29                      inst_317+36
x31 <- 0x00000000BEA5FFFF

mem[X,0x0000000080001FE0] -> 0xB823
mem[X,0x0000000080001FE2] -> 0x11F3
[2043] [M]: 0x0000000080001FE0 (0x11F3B823) sd x31, 0x110(x7)                       inst_317+40
mem[W,0x0000000080005B00] <- 0x00000000BEA5FFFF

clint mtime 0x00000000000003FE (mip.MTI <- 0b1, mip.STI <- 0b0)
mem[X,0x0000000080001FE4] -> 0x0F37
mem[X,0x0000000080001FE6] -> 0x0000
[2044] [M]: 0x0000000080001FE4 (0x00000F37) lui x30, 0x0                            inst_318+0
x30 <- 0x0000000000000000

mem[X,0x0000000080001FE8] -> 0x0F13
mem[X,0x0000000080001FEA] -> 0x000F
[2045] [M]: 0x0000000080001FE8 (0x000F0F13) addi x30, x30, 0x0                      inst_318+4
x30 <- 0x0000000000000000

clint mtime 0x00000000000003FF (mip.MTI <- 0b1, mip.STI <- 0b0)
mem[X,0x0000000080001FEC] -> 0x1F13
mem[X,0x0000000080001FEE] -> 0x00BF
[2046] [M]: 0x0000000080001FEC (0x00BF1F13) slli x30, x30, 0xb                      inst_318+8
x30 <- 0x0000000000000000

mem[X,0x0000000080001FF0] -> 0x0F13
mem[X,0x0000000080001FF2] -> 0x69CF
[2047] [M]: 0x0000000080001FF0 (0x69CF0F13) addi x30, x30, 0x69c                    inst_318+12
x30 <- 0x000000000000069C

clint mtime 0x0000000000000400 (mip.MTI <- 0b1, mip.STI <- 0b0)
mem[X,0x0000000080001FF4] -> 0x1F13
mem[X,0x0000000080001FF6] -> 0x00BF
[2048] [M]: 0x0000000080001FF4 (0x00BF1F13) slli x30, x30, 0xb                      inst_318+16
x30 <- 0x000000000034E000

mem[X,0x0000000080001FF8] -> 0x0F13
mem[X,0x0000000080001FFA] -> 0x2FFF
[2049] [M]: 0x0000000080001FF8 (0x2FFF0F13) addi x30, x30, 0x2ff                    inst_318+20
x30 <- 0x000000000034E2FF

clint mtime 0x0000000000000401 (mip.MTI <- 0b1, mip.STI <- 0b0)
mem[X,0x0000000080001FFC] -> 0x1F13
mem[X,0x0000000080001FFE] -> 0x00AF
[2050] [M]: 0x0000000080001FFC (0x00AF1F13) slli x30, x30, 0xa                      inst_318+24
x30 <- 0x00000000D38BFC00

mem[X,0x0000000080002000] -> 0x0F13
mem[X,0x0000000080002002] -> 0x3FFF
[2051] [M]: 0x0000000080002000 (0x3FFF0F13) addi x30, x30, 0x3ff                    inst_318+28
x30 <- 0x00000000D38BFFFF

clint mtime 0x0000000000000402 (mip.MTI <- 0b1, mip.STI <- 0b0)
mem[X,0x0000000080002004] -> 0x0E93
mem[X,0x0000000080002006] -> 0x01C0
[2052] [M]: 0x0000000080002004 (0x01C00E93) addi x29, x0, 0x1c                      inst_318+32
x29 <- 0x000000000000001C

mem[X,0x0000000080002008] -> 0x1FB3
mem[X,0x000000008000200A] -> 0x29DF
[2053] [M]: 0x0000000080002008 (0x29DF1FB3) bset x31, x30, x29                      inst_318+36
x31 <- 0x00000000D38BFFFF

clint mtime 0x0000000000000403 (mip.MTI <- 0b1, mip.STI <- 0b0)
mem[X,0x000000008000200C] -> 0xBC23
mem[X,0x000000008000200E] -> 0x11F3
[2054] [M]: 0x000000008000200C (0x11F3BC23) sd x31, 0x118(x7)                       inst_318+40
mem[W,0x0000000080005B08] <- 0x00000000D38BFFFF

mem[X,0x0000000080002010] -> 0x0F37
mem[X,0x0000000080002012] -> 0x0000
[2055] [M]: 0x0000000080002010 (0x00000F37) lui x30, 0x0                            inst_319+0
x30 <- 0x0000000000000000

clint mtime 0x0000000000000404 (mip.MTI <- 0b1, mip.STI <- 0b0)
mem[X,0x0000000080002014] -> 0x0F13
mem[X,0x0000000080002016] -> 0x000F
[2056] [M]: 0x0000000080002014 (0x000F0F13) addi x30, x30, 0x0                      inst_319+4
x30 <- 0x0000000000000000

mem[X,0x0000000080002018] -> 0x1F13
mem[X,0x000000008000201A] -> 0x00BF
[2057] [M]: 0x0000000080002018 (0x00BF1F13) slli x30, x30, 0xb                      inst_319+8
x30 <- 0x0000000000000000

clint mtime 0x0000000000000405 (mip.MTI <- 0b1, mip.STI <- 0b0)
mem[X,0x000000008000201C] -> 0x0F13
mem[X,0x000000008000201E] -> 0x0ADF
[2058] [M]: 0x000000008000201C (0x0ADF0F13) addi x30, x30, 0xad                     inst_319+12
x30 <- 0x00000000000000AD

mem[X,0x0000000080002020] -> 0x1F13
mem[X,0x0000000080002022] -> 0x00BF
[2059] [M]: 0x0000000080002020 (0x00BF1F13) slli x30, x30, 0xb                      inst_319+16
x30 <- 0x0000000000056800

clint mtime 0x0000000000000406 (mip.MTI <- 0b1, mip.STI <- 0b0)
mem[X,0x0000000080002024] -> 0x0F13
mem[X,0x0000000080002026] -> 0x5FFF
[2060] [M]: 0x0000000080002024 (0x5FFF0F13) addi x30, x30, 0x5ff                    inst_319+20
x30 <- 0x0000000000056DFF

mem[X,0x0000000080002028] -> 0x1F13
mem[X,0x000000008000202A] -> 0x00AF
[2061] [M]: 0x0000000080002028 (0x00AF1F13) slli x30, x30, 0xa                      inst_319+24
x30 <- 0x0000000015B7FC00

clint mtime 0x0000000000000407 (mip.MTI <- 0b1, mip.STI <- 0b0)
mem[X,0x000000008000202C] -> 0x0F13
mem[X,0x000000008000202E] -> 0x3FFF
[2062] [M]: 0x000000008000202C (0x3FFF0F13) addi x30, x30, 0x3ff                    inst_319+28
x30 <- 0x0000000015B7FFFF

mem[X,0x0000000080002030] -> 0x0E93
mem[X,0x0000000080002032] -> 0x0100
[2063] [M]: 0x0000000080002030 (0x01000E93) addi x29, x0, 0x10                      inst_319+32
x29 <- 0x0000000000000010

clint mtime 0x0000000000000408 (mip.MTI <- 0b1, mip.STI <- 0b0)
mem[X,0x0000000080002034] -> 0x1FB3
mem[X,0x0000000080002036] -> 0x29DF
[2064] [M]: 0x0000000080002034 (0x29DF1FB3) bset x31, x30, x29                      inst_319+36
x31 <- 0x0000000015B7FFFF

mem[X,0x0000000080002038] -> 0xB023
mem[X,0x000000008000203A] -> 0x13F3
[2065] [M]: 0x0000000080002038 (0x13F3B023) sd x31, 0x120(x7)                       inst_319+40
mem[W,0x0000000080005B10] <- 0x0000000015B7FFFF

clint mtime 0x0000000000000409 (mip.MTI <- 0b1, mip.STI <- 0b0)
mem[X,0x000000008000203C] -> 0x0F37
mem[X,0x000000008000203E] -> 0x0000
[2066] [M]: 0x000000008000203C (0x00000F37) lui x30, 0x0                            inst_320+0
x30 <- 0x0000000000000000

mem[X,0x0000000080002040] -> 0x0F13
mem[X,0x0000000080002042] -> 0x000F
[2067] [M]: 0x0000000080002040 (0x000F0F13) addi x30, x30, 0x0                      inst_320+4
x30 <- 0x0000000000000000

clint mtime 0x000000000000040A (mip.MTI <- 0b1, mip.STI <- 0b0)
mem[X,0x0000000080002044] -> 0x1F13
mem[X,0x0000000080002046] -> 0x00BF
[2068] [M]: 0x0000000080002044 (0x00BF1F13) slli x30, x30, 0xb                      inst_320+8
x30 <- 0x0000000000000000

mem[X,0x0000000080002048] -> 0x0F13
mem[X,0x000000008000204A] -> 0x6ACF
[2069] [M]: 0x0000000080002048 (0x6ACF0F13) addi x30, x30, 0x6ac                    inst_320+12
x30 <- 0x00000000000006AC

clint mtime 0x000000000000040B (mip.MTI <- 0b1, mip.STI <- 0b0)
mem[X,0x000000008000204C] -> 0x1F13
mem[X,0x000000008000204E] -> 0x00BF
[2070] [M]: 0x000000008000204C (0x00BF1F13) slli x30, x30, 0xb                      inst_320+16
x30 <- 0x0000000000356000

mem[X,0x0000000080002050] -> 0x0F13
mem[X,0x0000000080002052] -> 0x3FFF
[2071] [M]: 0x0000000080002050 (0x3FFF0F13) addi x30, x30, 0x3ff                    inst_320+20
x30 <- 0x00000000003563FF

clint mtime 0x000000000000040C (mip.MTI <- 0b1, mip.STI <- 0b0)
mem[X,0x0000000080002054] -> 0x1F13
mem[X,0x0000000080002056] -> 0x00AF
[2072] [M]: 0x0000000080002054 (0x00AF1F13) slli x30, x30, 0xa                      inst_320+24
x30 <- 0x00000000D58FFC00

mem[X,0x0000000080002058] -> 0x0F13
mem[X,0x000000008000205A] -> 0x3FFF
[2073] [M]: 0x0000000080002058 (0x3FFF0F13) addi x30, x30, 0x3ff                    inst_320+28
x30 <- 0x00000000D58FFFFF

clint mtime 0x000000000000040D (mip.MTI <- 0b1, mip.STI <- 0b0)
mem[X,0x000000008000205C] -> 0x0E93
mem[X,0x000000008000205E] -> 0x0090
[2074] [M]: 0x000000008000205C (0x00900E93) addi x29, x0, 0x9                       inst_320+32
x29 <- 0x0000000000000009

mem[X,0x0000000080002060] -> 0x1FB3
mem[X,0x0000000080002062] -> 0x29DF
[2075] [M]: 0x0000000080002060 (0x29DF1FB3) bset x31, x30, x29                      inst_320+36
x31 <- 0x00000000D58FFFFF

clint mtime 0x000000000000040E (mip.MTI <- 0b1, mip.STI <- 0b0)
mem[X,0x0000000080002064] -> 0xB423
mem[X,0x0000000080002066] -> 0x13F3
[2076] [M]: 0x0000000080002064 (0x13F3B423) sd x31, 0x128(x7)                       inst_320+40
mem[W,0x0000000080005B18] <- 0x00000000D58FFFFF

mem[X,0x0000000080002068] -> 0x0F37
mem[X,0x000000008000206A] -> 0x0000
[2077] [M]: 0x0000000080002068 (0x00000F37) lui x30, 0x0                            inst_321+0
x30 <- 0x0000000000000000

clint mtime 0x000000000000040F (mip.MTI <- 0b1, mip.STI <- 0b0)
mem[X,0x000000008000206C] -> 0x0F13
mem[X,0x000000008000206E] -> 0x000F
[2078] [M]: 0x000000008000206C (0x000F0F13) addi x30, x30, 0x0                      inst_321+4
x30 <- 0x0000000000000000

mem[X,0x0000000080002070] -> 0x1F13
mem[X,0x0000000080002072] -> 0x00BF
[2079] [M]: 0x0000000080002070 (0x00BF1F13) slli x30, x30, 0xb                      inst_321+8
x30 <- 0x0000000000000000

clint mtime 0x0000000000000410 (mip.MTI <- 0b1, mip.STI <- 0b0)
mem[X,0x0000000080002074] -> 0x0F13
mem[X,0x0000000080002076] -> 0x7F0F
[2080] [M]: 0x0000000080002074 (0x7F0F0F13) addi x30, x30, 0x7f0                    inst_321+12
x30 <- 0x00000000000007F0

mem[X,0x0000000080002078] -> 0x1F13
mem[X,0x000000008000207A] -> 0x00BF
[2081] [M]: 0x0000000080002078 (0x00BF1F13) slli x30, x30, 0xb                      inst_321+16
x30 <- 0x00000000003F8000

clint mtime 0x0000000000000411 (mip.MTI <- 0b1, mip.STI <- 0b0)
mem[X,0x000000008000207C] -> 0x0F13
mem[X,0x000000008000207E] -> 0x7FFF
[2082] [M]: 0x000000008000207C (0x7FFF0F13) addi x30, x30, 0x7ff                    inst_321+20
x30 <- 0x00000000003F87FF

mem[X,0x0000000080002080] -> 0x1F13
mem[X,0x0000000080002082] -> 0x00AF
[2083] [M]: 0x0000000080002080 (0x00AF1F13) slli x30, x30, 0xa                      inst_321+24
x30 <- 0x00000000FE1FFC00

clint mtime 0x0000000000000412 (mip.MTI <- 0b1, mip.STI <- 0b0)
mem[X,0x0000000080002084] -> 0x0F13
mem[X,0x0000000080002086] -> 0x3FFF
[2084] [M]: 0x0000000080002084 (0x3FFF0F13) addi x30, x30, 0x3ff                    inst_321+28
x30 <- 0x00000000FE1FFFFF

mem[X,0x0000000080002088] -> 0x0E93
mem[X,0x000000008000208A] -> 0x0110
[2085] [M]: 0x0000000080002088 (0x01100E93) addi x29, x0, 0x11                      inst_321+32
x29 <- 0x0000000000000011

clint mtime 0x0000000000000413 (mip.MTI <- 0b1, mip.STI <- 0b0)
mem[X,0x000000008000208C] -> 0x1FB3
mem[X,0x000000008000208E] -> 0x29DF
[2086] [M]: 0x000000008000208C (0x29DF1FB3) bset x31, x30, x29                      inst_321+36
x31 <- 0x00000000FE1FFFFF

mem[X,0x0000000080002090] -> 0xB823
mem[X,0x0000000080002092] -> 0x13F3
[2087] [M]: 0x0000000080002090 (0x13F3B823) sd x31, 0x130(x7)                       inst_321+40
mem[W,0x0000000080005B20] <- 0x00000000FE1FFFFF

clint mtime 0x0000000000000414 (mip.MTI <- 0b1, mip.STI <- 0b0)
mem[X,0x0000000080002094] -> 0x0F37
mem[X,0x0000000080002096] -> 0x0000
[2088] [M]: 0x0000000080002094 (0x00000F37) lui x30, 0x0                            inst_322+0
x30 <- 0x0000000000000000

mem[X,0x0000000080002098] -> 0x0F13
mem[X,0x000000008000209A] -> 0x000F
[2089] [M]: 0x0000000080002098 (0x000F0F13) addi x30, x30, 0x0                      inst_322+4
x30 <- 0x0000000000000000

clint mtime 0x0000000000000415 (mip.MTI <- 0b1, mip.STI <- 0b0)
mem[X,0x000000008000209C] -> 0x1F13
mem[X,0x000000008000209E] -> 0x00BF
[2090] [M]: 0x000000008000209C (0x00BF1F13) slli x30, x30, 0xb                      inst_322+8
x30 <- 0x0000000000000000

mem[X,0x00000000800020A0] -> 0x0F13
mem[X,0x00000000800020A2] -> 0x101F
[2091] [M]: 0x00000000800020A0 (0x101F0F13) addi x30, x30, 0x101                    inst_322+12
x30 <- 0x0000000000000101

clint mtime 0x0000000000000416 (mip.MTI <- 0b1, mip.STI <- 0b0)
mem[X,0x00000000800020A4] -> 0x1F13
mem[X,0x00000000800020A6] -> 0x00BF
[2092] [M]: 0x00000000800020A4 (0x00BF1F13) slli x30, x30, 0xb                      inst_322+16
x30 <- 0x0000000000080800

mem[X,0x00000000800020A8] -> 0x0F13
mem[X,0x00000000800020AA] -> 0x7FFF
[2093] [M]: 0x00000000800020A8 (0x7FFF0F13) addi x30, x30, 0x7ff                    inst_322+20
x30 <- 0x0000000000080FFF

clint mtime 0x0000000000000417 (mip.MTI <- 0b1, mip.STI <- 0b0)
mem[X,0x00000000800020AC] -> 0x1F13
mem[X,0x00000000800020AE] -> 0x00AF
[2094] [M]: 0x00000000800020AC (0x00AF1F13) slli x30, x30, 0xa                      inst_322+24
x30 <- 0x00000000203FFC00

mem[X,0x00000000800020B0] -> 0x0F13
mem[X,0x00000000800020B2] -> 0x3FFF
[2095] [M]: 0x00000000800020B0 (0x3FFF0F13) addi x30, x30, 0x3ff                    inst_322+28
x30 <- 0x00000000203FFFFF

clint mtime 0x0000000000000418 (mip.MTI <- 0b1, mip.STI <- 0b0)
mem[X,0x00000000800020B4] -> 0x0E93
mem[X,0x00000000800020B6] -> 0x0000
[2096] [M]: 0x00000000800020B4 (0x00000E93) addi x29, x0, 0x0                       inst_322+32
x29 <- 0x0000000000000000

mem[X,0x00000000800020B8] -> 0x1FB3
mem[X,0x00000000800020BA] -> 0x29DF
[2097] [M]: 0x00000000800020B8 (0x29DF1FB3) bset x31, x30, x29                      inst_322+36
x31 <- 0x00000000203FFFFF

clint mtime 0x0000000000000419 (mip.MTI <- 0b1, mip.STI <- 0b0)
mem[X,0x00000000800020BC] -> 0xBC23
mem[X,0x00000000800020BE] -> 0x13F3
[2098] [M]: 0x00000000800020BC (0x13F3BC23) sd x31, 0x138(x7)                       inst_322+40
mem[W,0x0000000080005B28] <- 0x00000000203FFFFF

mem[X,0x00000000800020C0] -> 0x0F37
mem[X,0x00000000800020C2] -> 0x0000
[2099] [M]: 0x00000000800020C0 (0x00000F37) lui x30, 0x0                            inst_323+0
x30 <- 0x0000000000000000

clint mtime 0x000000000000041A (mip.MTI <- 0b1, mip.STI <- 0b0)
mem[X,0x00000000800020C4] -> 0x0F13
mem[X,0x00000000800020C6] -> 0x000F
[2100] [M]: 0x00000000800020C4 (0x000F0F13) addi x30, x30, 0x0                      inst_323+4
x30 <- 0x0000000000000000

mem[X,0x00000000800020C8] -> 0x1F13
mem[X,0x00000000800020CA] -> 0x00BF
[2101] [M]: 0x00000000800020C8 (0x00BF1F13) slli x30, x30, 0xb                      inst_323+8
x30 <- 0x0000000000000000

clint mtime 0x000000000000041B (mip.MTI <- 0b1, mip.STI <- 0b0)
mem[X,0x00000000800020CC] -> 0x0F13
mem[X,0x00000000800020CE] -> 0x03BF
[2102] [M]: 0x00000000800020CC (0x03BF0F13) addi x30, x30, 0x3b                     inst_323+12
x30 <- 0x000000000000003B

mem[X,0x00000000800020D0] -> 0x1F13
mem[X,0x00000000800020D2] -> 0x00BF
[2103] [M]: 0x00000000800020D0 (0x00BF1F13) slli x30, x30, 0xb                      inst_323+16
x30 <- 0x000000000001D800

clint mtime 0x000000000000041C (mip.MTI <- 0b1, mip.STI <- 0b0)
mem[X,0x00000000800020D4] -> 0x0F13
mem[X,0x00000000800020D6] -> 0x7FFF
[2104] [M]: 0x00000000800020D4 (0x7FFF0F13) addi x30, x30, 0x7ff                    inst_323+20
x30 <- 0x000000000001DFFF

mem[X,0x00000000800020D8] -> 0x1F13
mem[X,0x00000000800020DA] -> 0x00AF
[2105] [M]: 0x00000000800020D8 (0x00AF1F13) slli x30, x30, 0xa                      inst_323+24
x30 <- 0x00000000077FFC00

clint mtime 0x000000000000041D (mip.MTI <- 0b1, mip.STI <- 0b0)
mem[X,0x00000000800020DC] -> 0x0F13
mem[X,0x00000000800020DE] -> 0x3FFF
[2106] [M]: 0x00000000800020DC (0x3FFF0F13) addi x30, x30, 0x3ff                    inst_323+28
x30 <- 0x00000000077FFFFF

mem[X,0x00000000800020E0] -> 0x0E93
mem[X,0x00000000800020E2] -> 0x01B0
[2107] [M]: 0x00000000800020E0 (0x01B00E93) addi x29, x0, 0x1b                      inst_323+32
x29 <- 0x000000000000001B

clint mtime 0x000000000000041E (mip.MTI <- 0b1, mip.STI <- 0b0)
mem[X,0x00000000800020E4] -> 0x1FB3
mem[X,0x00000000800020E6] -> 0x29DF
[2108] [M]: 0x00000000800020E4 (0x29DF1FB3) bset x31, x30, x29                      inst_323+36
x31 <- 0x000000000F7FFFFF

mem[X,0x00000000800020E8] -> 0xB023
mem[X,0x00000000800020EA] -> 0x15F3
[2109] [M]: 0x00000000800020E8 (0x15F3B023) sd x31, 0x140(x7)                       inst_323+40
mem[W,0x0000000080005B30] <- 0x000000000F7FFFFF

clint mtime 0x000000000000041F (mip.MTI <- 0b1, mip.STI <- 0b0)
mem[X,0x00000000800020EC] -> 0x0F37
mem[X,0x00000000800020EE] -> 0x0000
[2110] [M]: 0x00000000800020EC (0x00000F37) lui x30, 0x0                            inst_324+0
x30 <- 0x0000000000000000

mem[X,0x00000000800020F0] -> 0x0F13
mem[X,0x00000000800020F2] -> 0x000F
[2111] [M]: 0x00000000800020F0 (0x000F0F13) addi x30, x30, 0x0                      inst_324+4
x30 <- 0x0000000000000000

clint mtime 0x0000000000000420 (mip.MTI <- 0b1, mip.STI <- 0b0)
mem[X,0x00000000800020F4] -> 0x1F13
mem[X,0x00000000800020F6] -> 0x00BF
[2112] [M]: 0x00000000800020F4 (0x00BF1F13) slli x30, x30, 0xb                      inst_324+8
x30 <- 0x0000000000000000

mem[X,0x00000000800020F8] -> 0x0F13
mem[X,0x00000000800020FA] -> 0x5F7F
[2113] [M]: 0x00000000800020F8 (0x5F7F0F13) addi x30, x30, 0x5f7                    inst_324+12
x30 <- 0x00000000000005F7

clint mtime 0x0000000000000421 (mip.MTI <- 0b1, mip.STI <- 0b0)
mem[X,0x00000000800020FC] -> 0x1F13
mem[X,0x00000000800020FE] -> 0x00BF
[2114] [M]: 0x00000000800020FC (0x00BF1F13) slli x30, x30, 0xb                      inst_324+16
x30 <- 0x00000000002FB800

mem[X,0x0000000080002100] -> 0x0F13
mem[X,0x0000000080002102] -> 0x7FFF
[2115] [M]: 0x0000000080002100 (0x7FFF0F13) addi x30, x30, 0x7ff                    inst_324+20
x30 <- 0x00000000002FBFFF

clint mtime 0x0000000000000422 (mip.MTI <- 0b1, mip.STI <- 0b0)
mem[X,0x0000000080002104] -> 0x1F13
mem[X,0x0000000080002106] -> 0x00AF
[2116] [M]: 0x0000000080002104 (0x00AF1F13) slli x30, x30, 0xa                      inst_324+24
x30 <- 0x00000000BEFFFC00

mem[X,0x0000000080002108] -> 0x0F13
mem[X,0x000000008000210A] -> 0x3FFF
[2117] [M]: 0x0000000080002108 (0x3FFF0F13) addi x30, x30, 0x3ff                    inst_324+28
x30 <- 0x00000000BEFFFFFF

clint mtime 0x0000000000000423 (mip.MTI <- 0b1, mip.STI <- 0b0)
mem[X,0x000000008000210C] -> 0x0E93
mem[X,0x000000008000210E] -> 0x0120
[2118] [M]: 0x000000008000210C (0x01200E93) addi x29, x0, 0x12                      inst_324+32
x29 <- 0x0000000000000012

mem[X,0x0000000080002110] -> 0x1FB3
mem[X,0x0000000080002112] -> 0x29DF
[2119] [M]: 0x0000000080002110 (0x29DF1FB3) bset x31, x30, x29                      inst_324+36
x31 <- 0x00000000BEFFFFFF

clint mtime 0x0000000000000424 (mip.MTI <- 0b1, mip.STI <- 0b0)
mem[X,0x0000000080002114] -> 0xB423
mem[X,0x0000000080002116] -> 0x15F3
[2120] [M]: 0x0000000080002114 (0x15F3B423) sd x31, 0x148(x7)                       inst_324+40
mem[W,0x0000000080005B38] <- 0x00000000BEFFFFFF

mem[X,0x0000000080002118] -> 0x0F37
mem[X,0x000000008000211A] -> 0x0000
[2121] [M]: 0x0000000080002118 (0x00000F37) lui x30, 0x0                            inst_325+0
x30 <- 0x0000000000000000

clint mtime 0x0000000000000425 (mip.MTI <- 0b1, mip.STI <- 0b0)
mem[X,0x000000008000211C] -> 0x0F13
mem[X,0x000000008000211E] -> 0x000F
[2122] [M]: 0x000000008000211C (0x000F0F13) addi x30, x30, 0x0                      inst_325+4
x30 <- 0x0000000000000000

mem[X,0x0000000080002120] -> 0x1F13
mem[X,0x0000000080002122] -> 0x00BF
[2123] [M]: 0x0000000080002120 (0x00BF1F13) slli x30, x30, 0xb                      inst_325+8
x30 <- 0x0000000000000000

clint mtime 0x0000000000000426 (mip.MTI <- 0b1, mip.STI <- 0b0)
mem[X,0x0000000080002124] -> 0x0F13
mem[X,0x0000000080002126] -> 0x44FF
[2124] [M]: 0x0000000080002124 (0x44FF0F13) addi x30, x30, 0x44f                    inst_325+12
x30 <- 0x000000000000044F

mem[X,0x0000000080002128] -> 0x1F13
mem[X,0x000000008000212A] -> 0x00BF
[2125] [M]: 0x0000000080002128 (0x00BF1F13) slli x30, x30, 0xb                      inst_325+16
x30 <- 0x0000000000227800

clint mtime 0x0000000000000427 (mip.MTI <- 0b1, mip.STI <- 0b0)
mem[X,0x000000008000212C] -> 0x0F13
mem[X,0x000000008000212E] -> 0x7FFF
[2126] [M]: 0x000000008000212C (0x7FFF0F13) addi x30, x30, 0x7ff                    inst_325+20
x30 <- 0x0000000000227FFF

mem[X,0x0000000080002130] -> 0x1F13
mem[X,0x0000000080002132] -> 0x00AF
[2127] [M]: 0x0000000080002130 (0x00AF1F13) slli x30, x30, 0xa                      inst_325+24
x30 <- 0x0000000089FFFC00

clint mtime 0x0000000000000428 (mip.MTI <- 0b1, mip.STI <- 0b0)
mem[X,0x0000000080002134] -> 0x0F13
mem[X,0x0000000080002136] -> 0x3FFF
[2128] [M]: 0x0000000080002134 (0x3FFF0F13) addi x30, x30, 0x3ff                    inst_325+28
x30 <- 0x0000000089FFFFFF

mem[X,0x0000000080002138] -> 0x0E93
mem[X,0x000000008000213A] -> 0x00D0
[2129] [M]: 0x0000000080002138 (0x00D00E93) addi x29, x0, 0xd                       inst_325+32
x29 <- 0x000000000000000D

clint mtime 0x0000000000000429 (mip.MTI <- 0b1, mip.STI <- 0b0)
mem[X,0x000000008000213C] -> 0x1FB3
mem[X,0x000000008000213E] -> 0x29DF
[2130] [M]: 0x000000008000213C (0x29DF1FB3) bset x31, x30, x29                      inst_325+36
x31 <- 0x0000000089FFFFFF

mem[X,0x0000000080002140] -> 0xB823
mem[X,0x0000000080002142] -> 0x15F3
[2131] [M]: 0x0000000080002140 (0x15F3B823) sd x31, 0x150(x7)                       inst_325+40
mem[W,0x0000000080005B40] <- 0x0000000089FFFFFF

clint mtime 0x000000000000042A (mip.MTI <- 0b1, mip.STI <- 0b0)
mem[X,0x0000000080002144] -> 0x0F37
mem[X,0x0000000080002146] -> 0x0000
[2132] [M]: 0x0000000080002144 (0x00000F37) lui x30, 0x0                            inst_326+0
x30 <- 0x0000000000000000

mem[X,0x0000000080002148] -> 0x0F13
mem[X,0x000000008000214A] -> 0x000F
[2133] [M]: 0x0000000080002148 (0x000F0F13) addi x30, x30, 0x0                      inst_326+4
x30 <- 0x0000000000000000

clint mtime 0x000000000000042B (mip.MTI <- 0b1, mip.STI <- 0b0)
mem[X,0x000000008000214C] -> 0x1F13
mem[X,0x000000008000214E] -> 0x00BF
[2134] [M]: 0x000000008000214C (0x00BF1F13) slli x30, x30, 0xb                      inst_326+8
x30 <- 0x0000000000000000

mem[X,0x0000000080002150] -> 0x0F13
mem[X,0x0000000080002152] -> 0x11FF
[2135] [M]: 0x0000000080002150 (0x11FF0F13) addi x30, x30, 0x11f                    inst_326+12
x30 <- 0x000000000000011F

clint mtime 0x000000000000042C (mip.MTI <- 0b1, mip.STI <- 0b0)
mem[X,0x0000000080002154] -> 0x1F13
mem[X,0x0000000080002156] -> 0x00BF
[2136] [M]: 0x0000000080002154 (0x00BF1F13) slli x30, x30, 0xb                      inst_326+16
x30 <- 0x000000000008F800

mem[X,0x0000000080002158] -> 0x0F13
mem[X,0x000000008000215A] -> 0x7FFF
[2137] [M]: 0x0000000080002158 (0x7FFF0F13) addi x30, x30, 0x7ff                    inst_326+20
x30 <- 0x000000000008FFFF

clint mtime 0x000000000000042D (mip.MTI <- 0b1, mip.STI <- 0b0)
mem[X,0x000000008000215C] -> 0x1F13
mem[X,0x000000008000215E] -> 0x00AF
[2138] [M]: 0x000000008000215C (0x00AF1F13) slli x30, x30, 0xa                      inst_326+24
x30 <- 0x0000000023FFFC00

mem[X,0x0000000080002160] -> 0x0F13
mem[X,0x0000000080002162] -> 0x3FFF
[2139] [M]: 0x0000000080002160 (0x3FFF0F13) addi x30, x30, 0x3ff                    inst_326+28
x30 <- 0x0000000023FFFFFF

clint mtime 0x000000000000042E (mip.MTI <- 0b1, mip.STI <- 0b0)
mem[X,0x0000000080002164] -> 0x0E93
mem[X,0x0000000080002166] -> 0x0040
[2140] [M]: 0x0000000080002164 (0x00400E93) addi x29, x0, 0x4                       inst_326+32
x29 <- 0x0000000000000004

mem[X,0x0000000080002168] -> 0x1FB3
mem[X,0x000000008000216A] -> 0x29DF
[2141] [M]: 0x0000000080002168 (0x29DF1FB3) bset x31, x30, x29                      inst_326+36
x31 <- 0x0000000023FFFFFF

clint mtime 0x000000000000042F (mip.MTI <- 0b1, mip.STI <- 0b0)
mem[X,0x000000008000216C] -> 0xBC23
mem[X,0x000000008000216E] -> 0x15F3
[2142] [M]: 0x000000008000216C (0x15F3BC23) sd x31, 0x158(x7)                       inst_326+40
mem[W,0x0000000080005B48] <- 0x0000000023FFFFFF

mem[X,0x0000000080002170] -> 0x0F37
mem[X,0x0000000080002172] -> 0x0000
[2143] [M]: 0x0000000080002170 (0x00000F37) lui x30, 0x0                            inst_327+0
x30 <- 0x0000000000000000

clint mtime 0x0000000000000430 (mip.MTI <- 0b1, mip.STI <- 0b0)
mem[X,0x0000000080002174] -> 0x0F13
mem[X,0x0000000080002176] -> 0x000F
[2144] [M]: 0x0000000080002174 (0x000F0F13) addi x30, x30, 0x0                      inst_327+4
x30 <- 0x0000000000000000

mem[X,0x0000000080002178] -> 0x1F13
mem[X,0x000000008000217A] -> 0x00BF
[2145] [M]: 0x0000000080002178 (0x00BF1F13) slli x30, x30, 0xb                      inst_327+8
x30 <- 0x0000000000000000

clint mtime 0x0000000000000431 (mip.MTI <- 0b1, mip.STI <- 0b0)
mem[X,0x000000008000217C] -> 0x0F13
mem[X,0x000000008000217E] -> 0x53FF
[2146] [M]: 0x000000008000217C (0x53FF0F13) addi x30, x30, 0x53f                    inst_327+12
x30 <- 0x000000000000053F

mem[X,0x0000000080002180] -> 0x1F13
mem[X,0x0000000080002182] -> 0x00BF
[2147] [M]: 0x0000000080002180 (0x00BF1F13) slli x30, x30, 0xb                      inst_327+16
x30 <- 0x000000000029F800

clint mtime 0x0000000000000432 (mip.MTI <- 0b1, mip.STI <- 0b0)
mem[X,0x0000000080002184] -> 0x0F13
mem[X,0x0000000080002186] -> 0x7FFF
[2148] [M]: 0x0000000080002184 (0x7FFF0F13) addi x30, x30, 0x7ff                    inst_327+20
x30 <- 0x000000000029FFFF

mem[X,0x0000000080002188] -> 0x1F13
mem[X,0x000000008000218A] -> 0x00AF
[2149] [M]: 0x0000000080002188 (0x00AF1F13) slli x30, x30, 0xa                      inst_327+24
x30 <- 0x00000000A7FFFC00

clint mtime 0x0000000000000433 (mip.MTI <- 0b1, mip.STI <- 0b0)
mem[X,0x000000008000218C] -> 0x0F13
mem[X,0x000000008000218E] -> 0x3FFF
[2150] [M]: 0x000000008000218C (0x3FFF0F13) addi x30, x30, 0x3ff                    inst_327+28
x30 <- 0x00000000A7FFFFFF

mem[X,0x0000000080002190] -> 0x0E93
mem[X,0x0000000080002192] -> 0x00B0
[2151] [M]: 0x0000000080002190 (0x00B00E93) addi x29, x0, 0xb                       inst_327+32
x29 <- 0x000000000000000B

clint mtime 0x0000000000000434 (mip.MTI <- 0b1, mip.STI <- 0b0)
mem[X,0x0000000080002194] -> 0x1FB3
mem[X,0x0000000080002196] -> 0x29DF
[2152] [M]: 0x0000000080002194 (0x29DF1FB3) bset x31, x30, x29                      inst_327+36
x31 <- 0x00000000A7FFFFFF

mem[X,0x0000000080002198] -> 0xB023
mem[X,0x000000008000219A] -> 0x17F3
[2153] [M]: 0x0000000080002198 (0x17F3B023) sd x31, 0x160(x7)                       inst_327+40
mem[W,0x0000000080005B50] <- 0x00000000A7FFFFFF

clint mtime 0x0000000000000435 (mip.MTI <- 0b1, mip.STI <- 0b0)
mem[X,0x000000008000219C] -> 0x0F37
mem[X,0x000000008000219E] -> 0x0000
[2154] [M]: 0x000000008000219C (0x00000F37) lui x30, 0x0                            inst_328+0
x30 <- 0x0000000000000000

mem[X,0x00000000800021A0] -> 0x0F13
mem[X,0x00000000800021A2] -> 0x000F
[2155] [M]: 0x00000000800021A0 (0x000F0F13) addi x30, x30, 0x0                      inst_328+4
x30 <- 0x0000000000000000

clint mtime 0x0000000000000436 (mip.MTI <- 0b1, mip.STI <- 0b0)
mem[X,0x00000000800021A4] -> 0x1F13
mem[X,0x00000000800021A6] -> 0x00BF
[2156] [M]: 0x00000000800021A4 (0x00BF1F13) slli x30, x30, 0xb                      inst_328+8
x30 <- 0x0000000000000000

mem[X,0x00000000800021A8] -> 0x0F13
mem[X,0x00000000800021AA] -> 0x67FF
[2157] [M]: 0x00000000800021A8 (0x67FF0F13) addi x30, x30, 0x67f                    inst_328+12
x30 <- 0x000000000000067F

clint mtime 0x0000000000000437 (mip.MTI <- 0b1, mip.STI <- 0b0)
mem[X,0x00000000800021AC] -> 0x1F13
mem[X,0x00000000800021AE] -> 0x00BF
[2158] [M]: 0x00000000800021AC (0x00BF1F13) slli x30, x30, 0xb                      inst_328+16
x30 <- 0x000000000033F800

mem[X,0x00000000800021B0] -> 0x0F13
mem[X,0x00000000800021B2] -> 0x7FFF
[2159] [M]: 0x00000000800021B0 (0x7FFF0F13) addi x30, x30, 0x7ff                    inst_328+20
x30 <- 0x000000000033FFFF

clint mtime 0x0000000000000438 (mip.MTI <- 0b1, mip.STI <- 0b0)
mem[X,0x00000000800021B4] -> 0x1F13
mem[X,0x00000000800021B6] -> 0x00AF
[2160] [M]: 0x00000000800021B4 (0x00AF1F13) slli x30, x30, 0xa                      inst_328+24
x30 <- 0x00000000CFFFFC00

mem[X,0x00000000800021B8] -> 0x0F13
mem[X,0x00000000800021BA] -> 0x3FFF
[2161] [M]: 0x00000000800021B8 (0x3FFF0F13) addi x30, x30, 0x3ff                    inst_328+28
x30 <- 0x00000000CFFFFFFF

clint mtime 0x0000000000000439 (mip.MTI <- 0b1, mip.STI <- 0b0)
mem[X,0x00000000800021BC] -> 0x0E93
mem[X,0x00000000800021BE] -> 0x00E0
[2162] [M]: 0x00000000800021BC (0x00E00E93) addi x29, x0, 0xe                       inst_328+32
x29 <- 0x000000000000000E

mem[X,0x00000000800021C0] -> 0x1FB3
mem[X,0x00000000800021C2] -> 0x29DF
[2163] [M]: 0x00000000800021C0 (0x29DF1FB3) bset x31, x30, x29                      inst_328+36
x31 <- 0x00000000CFFFFFFF

clint mtime 0x000000000000043A (mip.MTI <- 0b1, mip.STI <- 0b0)
mem[X,0x00000000800021C4] -> 0xB423
mem[X,0x00000000800021C6] -> 0x17F3
[2164] [M]: 0x00000000800021C4 (0x17F3B423) sd x31, 0x168(x7)                       inst_328+40
mem[W,0x0000000080005B58] <- 0x00000000CFFFFFFF

mem[X,0x00000000800021C8] -> 0x0F37
mem[X,0x00000000800021CA] -> 0x0000
[2165] [M]: 0x00000000800021C8 (0x00000F37) lui x30, 0x0                            inst_329+0
x30 <- 0x0000000000000000

clint mtime 0x000000000000043B (mip.MTI <- 0b1, mip.STI <- 0b0)
mem[X,0x00000000800021CC] -> 0x0F13
mem[X,0x00000000800021CE] -> 0x000F
[2166] [M]: 0x00000000800021CC (0x000F0F13) addi x30, x30, 0x0                      inst_329+4
x30 <- 0x0000000000000000

mem[X,0x00000000800021D0] -> 0x1F13
mem[X,0x00000000800021D2] -> 0x00BF
[2167] [M]: 0x00000000800021D0 (0x00BF1F13) slli x30, x30, 0xb                      inst_329+8
x30 <- 0x0000000000000000

clint mtime 0x000000000000043C (mip.MTI <- 0b1, mip.STI <- 0b0)
mem[X,0x00000000800021D4] -> 0x0F13
mem[X,0x00000000800021D6] -> 0x4FFF
[2168] [M]: 0x00000000800021D4 (0x4FFF0F13) addi x30, x30, 0x4ff                    inst_329+12
x30 <- 0x00000000000004FF

mem[X,0x00000000800021D8] -> 0x1F13
mem[X,0x00000000800021DA] -> 0x00BF
[2169] [M]: 0x00000000800021D8 (0x00BF1F13) slli x30, x30, 0xb                      inst_329+16
x30 <- 0x000000000027F800

clint mtime 0x000000000000043D (mip.MTI <- 0b1, mip.STI <- 0b0)
mem[X,0x00000000800021DC] -> 0x0F13
mem[X,0x00000000800021DE] -> 0x7FFF
[2170] [M]: 0x00000000800021DC (0x7FFF0F13) addi x30, x30, 0x7ff                    inst_329+20
x30 <- 0x000000000027FFFF

mem[X,0x00000000800021E0] -> 0x1F13
mem[X,0x00000000800021E2] -> 0x00AF
[2171] [M]: 0x00000000800021E0 (0x00AF1F13) slli x30, x30, 0xa                      inst_329+24
x30 <- 0x000000009FFFFC00

clint mtime 0x000000000000043E (mip.MTI <- 0b1, mip.STI <- 0b0)
mem[X,0x00000000800021E4] -> 0x0F13
mem[X,0x00000000800021E6] -> 0x3FFF
[2172] [M]: 0x00000000800021E4 (0x3FFF0F13) addi x30, x30, 0x3ff                    inst_329+28
x30 <- 0x000000009FFFFFFF

mem[X,0x00000000800021E8] -> 0x0E93
mem[X,0x00000000800021EA] -> 0x0090
[2173] [M]: 0x00000000800021E8 (0x00900E93) addi x29, x0, 0x9                       inst_329+32
x29 <- 0x0000000000000009

clint mtime 0x000000000000043F (mip.MTI <- 0b1, mip.STI <- 0b0)
mem[X,0x00000000800021EC] -> 0x1FB3
mem[X,0x00000000800021EE] -> 0x29DF
[2174] [M]: 0x00000000800021EC (0x29DF1FB3) bset x31, x30, x29                      inst_329+36
x31 <- 0x000000009FFFFFFF

mem[X,0x00000000800021F0] -> 0xB823
mem[X,0x00000000800021F2] -> 0x17F3
[2175] [M]: 0x00000000800021F0 (0x17F3B823) sd x31, 0x170(x7)                       inst_329+40
mem[W,0x0000000080005B60] <- 0x000000009FFFFFFF

clint mtime 0x0000000000000440 (mip.MTI <- 0b1, mip.STI <- 0b0)
mem[X,0x00000000800021F4] -> 0x0F37
mem[X,0x00000000800021F6] -> 0x0000
[2176] [M]: 0x00000000800021F4 (0x00000F37) lui x30, 0x0                            inst_330+0
x30 <- 0x0000000000000000

mem[X,0x00000000800021F8] -> 0x0F13
mem[X,0x00000000800021FA] -> 0x000F
[2177] [M]: 0x00000000800021F8 (0x000F0F13) addi x30, x30, 0x0                      inst_330+4
x30 <- 0x0000000000000000

clint mtime 0x0000000000000441 (mip.MTI <- 0b1, mip.STI <- 0b0)
mem[X,0x00000000800021FC] -> 0x1F13
mem[X,0x00000000800021FE] -> 0x00BF
[2178] [M]: 0x00000000800021FC (0x00BF1F13) slli x30, x30, 0xb                      inst_330+8
x30 <- 0x0000000000000000

mem[X,0x0000000080002200] -> 0x0F13
mem[X,0x0000000080002202] -> 0x5FFF
[2179] [M]: 0x0000000080002200 (0x5FFF0F13) addi x30, x30, 0x5ff                    inst_330+12
x30 <- 0x00000000000005FF

clint mtime 0x0000000000000442 (mip.MTI <- 0b1, mip.STI <- 0b0)
mem[X,0x0000000080002204] -> 0x1F13
mem[X,0x0000000080002206] -> 0x00BF
[2180] [M]: 0x0000000080002204 (0x00BF1F13) slli x30, x30, 0xb                      inst_330+16
x30 <- 0x00000000002FF800

mem[X,0x0000000080002208] -> 0x0F13
mem[X,0x000000008000220A] -> 0x7FFF
[2181] [M]: 0x0000000080002208 (0x7FFF0F13) addi x30, x30, 0x7ff                    inst_330+20
x30 <- 0x00000000002FFFFF

clint mtime 0x0000000000000443 (mip.MTI <- 0b1, mip.STI <- 0b0)
mem[X,0x000000008000220C] -> 0x1F13
mem[X,0x000000008000220E] -> 0x00AF
[2182] [M]: 0x000000008000220C (0x00AF1F13) slli x30, x30, 0xa                      inst_330+24
x30 <- 0x00000000BFFFFC00

mem[X,0x0000000080002210] -> 0x0F13
mem[X,0x0000000080002212] -> 0x3FFF
[2183] [M]: 0x0000000080002210 (0x3FFF0F13) addi x30, x30, 0x3ff                    inst_330+28
x30 <- 0x00000000BFFFFFFF

clint mtime 0x0000000000000444 (mip.MTI <- 0b1, mip.STI <- 0b0)
mem[X,0x0000000080002214] -> 0x0E93
mem[X,0x0000000080002216] -> 0x00E0
[2184] [M]: 0x0000000080002214 (0x00E00E93) addi x29, x0, 0xe                       inst_330+32
x29 <- 0x000000000000000E

mem[X,0x0000000080002218] -> 0x1FB3
mem[X,0x000000008000221A] -> 0x29DF
[2185] [M]: 0x0000000080002218 (0x29DF1FB3) bset x31, x30, x29                      inst_330+36
x31 <- 0x00000000BFFFFFFF

clint mtime 0x0000000000000445 (mip.MTI <- 0b1, mip.STI <- 0b0)
mem[X,0x000000008000221C] -> 0xBC23
mem[X,0x000000008000221E] -> 0x17F3
[2186] [M]: 0x000000008000221C (0x17F3BC23) sd x31, 0x178(x7)                       inst_330+40
mem[W,0x0000000080005B68] <- 0x00000000BFFFFFFF

mem[X,0x0000000080002220] -> 0x0F13
mem[X,0x0000000080002222] -> 0xFFF0
[2187] [M]: 0x0000000080002220 (0xFFF00F13) addi x30, x0, -0x1                      inst_331+0
x30 <- 0xFFFFFFFFFFFFFFFF

clint mtime 0x0000000000000446 (mip.MTI <- 0b1, mip.STI <- 0b0)
mem[X,0x0000000080002224] -> 0x5F13
mem[X,0x0000000080002226] -> 0x021F
[2188] [M]: 0x0000000080002224 (0x021F5F13) srli x30, x30, 0x21                     inst_331+4
x30 <- 0x000000007FFFFFFF

mem[X,0x0000000080002228] -> 0x0E93
mem[X,0x000000008000222A] -> 0x00B0
[2189] [M]: 0x0000000080002228 (0x00B00E93) addi x29, x0, 0xb                       inst_331+8
x29 <- 0x000000000000000B

clint mtime 0x0000000000000447 (mip.MTI <- 0b1, mip.STI <- 0b0)
mem[X,0x000000008000222C] -> 0x1FB3
mem[X,0x000000008000222E] -> 0x29DF
[2190] [M]: 0x000000008000222C (0x29DF1FB3) bset x31, x30, x29                      inst_331+12
x31 <- 0x000000007FFFFFFF

mem[X,0x0000000080002230] -> 0xB023
mem[X,0x0000000080002232] -> 0x19F3
[2191] [M]: 0x0000000080002230 (0x19F3B023) sd x31, 0x180(x7)                       inst_331+16
mem[W,0x0000000080005B70] <- 0x000000007FFFFFFF

clint mtime 0x0000000000000448 (mip.MTI <- 0b1, mip.STI <- 0b0)
mem[X,0x0000000080002234] -> 0x0F13
mem[X,0x0000000080002236] -> 0xFFF0
[2192] [M]: 0x0000000080002234 (0xFFF00F13) addi x30, x0, -0x1                      inst_332+0
x30 <- 0xFFFFFFFFFFFFFFFF

mem[X,0x0000000080002238] -> 0x5F13
mem[X,0x000000008000223A] -> 0x020F
[2193] [M]: 0x0000000080002238 (0x020F5F13) srli x30, x30, 0x20                     inst_332+4
x30 <- 0x00000000FFFFFFFF

clint mtime 0x0000000000000449 (mip.MTI <- 0b1, mip.STI <- 0b0)
mem[X,0x000000008000223C] -> 0x0E93
mem[X,0x000000008000223E] -> 0x0120
[2194] [M]: 0x000000008000223C (0x01200E93) addi x29, x0, 0x12                      inst_332+8
x29 <- 0x0000000000000012

mem[X,0x0000000080002240] -> 0x1FB3
mem[X,0x0000000080002242] -> 0x29DF
[2195] [M]: 0x0000000080002240 (0x29DF1FB3) bset x31, x30, x29                      inst_332+12
x31 <- 0x00000000FFFFFFFF

clint mtime 0x000000000000044A (mip.MTI <- 0b1, mip.STI <- 0b0)
mem[X,0x0000000080002244] -> 0xB423
mem[X,0x0000000080002246] -> 0x19F3
[2196] [M]: 0x0000000080002244 (0x19F3B423) sd x31, 0x188(x7)                       inst_332+16
mem[W,0x0000000080005B78] <- 0x00000000FFFFFFFF

mem[X,0x0000000080002248] -> 0x0F37
mem[X,0x000000008000224A] -> 0x0000
[2197] [M]: 0x0000000080002248 (0x00000F37) lui x30, 0x0                            inst_333+0
x30 <- 0x0000000000000000

clint mtime 0x000000000000044B (mip.MTI <- 0b1, mip.STI <- 0b0)
mem[X,0x000000008000224C] -> 0x0F13
mem[X,0x000000008000224E] -> 0x000F
[2198] [M]: 0x000000008000224C (0x000F0F13) addi x30, x30, 0x0                      inst_333+4
x30 <- 0x0000000000000000

mem[X,0x0000000080002250] -> 0x1F13
mem[X,0x0000000080002252] -> 0x00BF
[2199] [M]: 0x0000000080002250 (0x00BF1F13) slli x30, x30, 0xb                      inst_333+8
x30 <- 0x0000000000000000

clint mtime 0x000000000000044C (mip.MTI <- 0b1, mip.STI <- 0b0)
mem[X,0x0000000080002254] -> 0x0F13
mem[X,0x0000000080002256] -> 0x0B2F
[2200] [M]: 0x0000000080002254 (0x0B2F0F13) addi x30, x30, 0xb2                     inst_333+12
x30 <- 0x00000000000000B2

mem[X,0x0000000080002258] -> 0x1F13
mem[X,0x000000008000225A] -> 0x00BF
[2201] [M]: 0x0000000080002258 (0x00BF1F13) slli x30, x30, 0xb                      inst_333+16
x30 <- 0x0000000000059000

clint mtime 0x000000000000044D (mip.MTI <- 0b1, mip.STI <- 0b0)
mem[X,0x000000008000225C] -> 0x0F13
mem[X,0x000000008000225E] -> 0x3C5F
[2202] [M]: 0x000000008000225C (0x3C5F0F13) addi x30, x30, 0x3c5                    inst_333+20
x30 <- 0x00000000000593C5

mem[X,0x0000000080002260] -> 0x1F13
mem[X,0x0000000080002262] -> 0x00AF
[2203] [M]: 0x0000000080002260 (0x00AF1F13) slli x30, x30, 0xa                      inst_333+24
x30 <- 0x00000000164F1400

clint mtime 0x000000000000044E (mip.MTI <- 0b1, mip.STI <- 0b0)
mem[X,0x0000000080002264] -> 0x0F13
mem[X,0x0000000080002266] -> 0x113F
[2204] [M]: 0x0000000080002264 (0x113F0F13) addi x30, x30, 0x113                    inst_333+28
x30 <- 0x00000000164F1513

mem[X,0x0000000080002268] -> 0x0E93
mem[X,0x000000008000226A] -> 0x01B0
[2205] [M]: 0x0000000080002268 (0x01B00E93) addi x29, x0, 0x1b                      inst_333+32
x29 <- 0x000000000000001B

clint mtime 0x000000000000044F (mip.MTI <- 0b1, mip.STI <- 0b0)
mem[X,0x000000008000226C] -> 0x1FB3
mem[X,0x000000008000226E] -> 0x29DF
[2206] [M]: 0x000000008000226C (0x29DF1FB3) bset x31, x30, x29                      inst_333+36
x31 <- 0x000000001E4F1513

mem[X,0x0000000080002270] -> 0xB823
mem[X,0x0000000080002272] -> 0x19F3
[2207] [M]: 0x0000000080002270 (0x19F3B823) sd x31, 0x190(x7)                       inst_333+40
mem[W,0x0000000080005B80] <- 0x000000001E4F1513

clint mtime 0x0000000000000450 (mip.MTI <- 0b1, mip.STI <- 0b0)
mem[X,0x0000000080002274] -> 0x0F37
mem[X,0x0000000080002276] -> 0x0000
[2208] [M]: 0x0000000080002274 (0x00000F37) lui x30, 0x0                            inst_334+0
x30 <- 0x0000000000000000

mem[X,0x0000000080002278] -> 0x0F13
mem[X,0x000000008000227A] -> 0x000F
[2209] [M]: 0x0000000080002278 (0x000F0F13) addi x30, x30, 0x0                      inst_334+4
x30 <- 0x0000000000000000

clint mtime 0x0000000000000451 (mip.MTI <- 0b1, mip.STI <- 0b0)
mem[X,0x000000008000227C] -> 0x1F13
mem[X,0x000000008000227E] -> 0x00BF
[2210] [M]: 0x000000008000227C (0x00BF1F13) slli x30, x30, 0xb                      inst_334+8
x30 <- 0x0000000000000000

mem[X,0x0000000080002280] -> 0x0F13
mem[X,0x0000000080002282] -> 0x566F
[2211] [M]: 0x0000000080002280 (0x566F0F13) addi x30, x30, 0x566                    inst_334+12
x30 <- 0x0000000000000566

clint mtime 0x0000000000000452 (mip.MTI <- 0b1, mip.STI <- 0b0)
mem[X,0x0000000080002284] -> 0x1F13
mem[X,0x0000000080002286] -> 0x00BF
[2212] [M]: 0x0000000080002284 (0x00BF1F13) slli x30, x30, 0xb                      inst_334+16
x30 <- 0x00000000002B3000

mem[X,0x0000000080002288] -> 0x0F13
mem[X,0x000000008000228A] -> 0x1B6F
[2213] [M]: 0x0000000080002288 (0x1B6F0F13) addi x30, x30, 0x1b6                    inst_334+20
x30 <- 0x00000000002B31B6

clint mtime 0x0000000000000453 (mip.MTI <- 0b1, mip.STI <- 0b0)
mem[X,0x000000008000228C] -> 0x1F13
mem[X,0x000000008000228E] -> 0x00AF
[2214] [M]: 0x000000008000228C (0x00AF1F13) slli x30, x30, 0xa                      inst_334+24
x30 <- 0x00000000ACC6D800

mem[X,0x0000000080002290] -> 0x0F13
mem[X,0x0000000080002292] -> 0x0F2F
[2215] [M]: 0x0000000080002290 (0x0F2F0F13) addi x30, x30, 0xf2                     inst_334+28
x30 <- 0x00000000ACC6D8F2

clint mtime 0x0000000000000454 (mip.MTI <- 0b1, mip.STI <- 0b0)
mem[X,0x0000000080002294] -> 0x0E93
mem[X,0x0000000080002296] -> 0x0090
[2216] [M]: 0x0000000080002294 (0x00900E93) addi x29, x0, 0x9                       inst_334+32
x29 <- 0x0000000000000009

mem[X,0x0000000080002298] -> 0x1FB3
mem[X,0x000000008000229A] -> 0x29DF
[2217] [M]: 0x0000000080002298 (0x29DF1FB3) bset x31, x30, x29                      inst_334+36
x31 <- 0x00000000ACC6DAF2

clint mtime 0x0000000000000455 (mip.MTI <- 0b1, mip.STI <- 0b0)
mem[X,0x000000008000229C] -> 0xBC23
mem[X,0x000000008000229E] -> 0x19F3
[2218] [M]: 0x000000008000229C (0x19F3BC23) sd x31, 0x198(x7)                       inst_334+40
mem[W,0x0000000080005B88] <- 0x00000000ACC6DAF2

mem[X,0x00000000800022A0] -> 0x0F37
mem[X,0x00000000800022A2] -> 0x0000
[2219] [M]: 0x00000000800022A0 (0x00000F37) lui x30, 0x0                            inst_335+0
x30 <- 0x0000000000000000

clint mtime 0x0000000000000456 (mip.MTI <- 0b1, mip.STI <- 0b0)
mem[X,0x00000000800022A4] -> 0x0F13
mem[X,0x00000000800022A6] -> 0x000F
[2220] [M]: 0x00000000800022A4 (0x000F0F13) addi x30, x30, 0x0                      inst_335+4
x30 <- 0x0000000000000000

mem[X,0x00000000800022A8] -> 0x1F13
mem[X,0x00000000800022AA] -> 0x00BF
[2221] [M]: 0x00000000800022A8 (0x00BF1F13) slli x30, x30, 0xb                      inst_335+8
x30 <- 0x0000000000000000

clint mtime 0x0000000000000457 (mip.MTI <- 0b1, mip.STI <- 0b0)
mem[X,0x00000000800022AC] -> 0x0F13
mem[X,0x00000000800022AE] -> 0x509F
[2222] [M]: 0x00000000800022AC (0x509F0F13) addi x30, x30, 0x509                    inst_335+12
x30 <- 0x0000000000000509

mem[X,0x00000000800022B0] -> 0x1F13
mem[X,0x00000000800022B2] -> 0x00BF
[2223] [M]: 0x00000000800022B0 (0x00BF1F13) slli x30, x30, 0xb                      inst_335+16
x30 <- 0x0000000000284800

clint mtime 0x0000000000000458 (mip.MTI <- 0b1, mip.STI <- 0b0)
mem[X,0x00000000800022B4] -> 0x0F13
mem[X,0x00000000800022B6] -> 0x0FDF
[2224] [M]: 0x00000000800022B4 (0x0FDF0F13) addi x30, x30, 0xfd                     inst_335+20
x30 <- 0x00000000002848FD

mem[X,0x00000000800022B8] -> 0x1F13
mem[X,0x00000000800022BA] -> 0x00AF
[2225] [M]: 0x00000000800022B8 (0x00AF1F13) slli x30, x30, 0xa                      inst_335+24
x30 <- 0x00000000A123F400

clint mtime 0x0000000000000459 (mip.MTI <- 0b1, mip.STI <- 0b0)
mem[X,0x00000000800022BC] -> 0x0F13
mem[X,0x00000000800022BE] -> 0x101F
[2226] [M]: 0x00000000800022BC (0x101F0F13) addi x30, x30, 0x101                    inst_335+28
x30 <- 0x00000000A123F501

mem[X,0x00000000800022C0] -> 0x0E93
mem[X,0x00000000800022C2] -> 0x0060
[2227] [M]: 0x00000000800022C0 (0x00600E93) addi x29, x0, 0x6                       inst_335+32
x29 <- 0x0000000000000006

clint mtime 0x000000000000045A (mip.MTI <- 0b1, mip.STI <- 0b0)
mem[X,0x00000000800022C4] -> 0x1FB3
mem[X,0x00000000800022C6] -> 0x29DF
[2228] [M]: 0x00000000800022C4 (0x29DF1FB3) bset x31, x30, x29                      inst_335+36
x31 <- 0x00000000A123F541

mem[X,0x00000000800022C8] -> 0xB023
mem[X,0x00000000800022CA] -> 0x1BF3
[2229] [M]: 0x00000000800022C8 (0x1BF3B023) sd x31, 0x1a0(x7)                       inst_335+40
mem[W,0x0000000080005B90] <- 0x00000000A123F541

clint mtime 0x000000000000045B (mip.MTI <- 0b1, mip.STI <- 0b0)
mem[X,0x00000000800022CC] -> 0x0F37
mem[X,0x00000000800022CE] -> 0x0000
[2230] [M]: 0x00000000800022CC (0x00000F37) lui x30, 0x0                            inst_336+0
x30 <- 0x0000000000000000

mem[X,0x00000000800022D0] -> 0x0F13
mem[X,0x00000000800022D2] -> 0x000F
[2231] [M]: 0x00000000800022D0 (0x000F0F13) addi x30, x30, 0x0                      inst_336+4
x30 <- 0x0000000000000000

clint mtime 0x000000000000045C (mip.MTI <- 0b1, mip.STI <- 0b0)
mem[X,0x00000000800022D4] -> 0x1F13
mem[X,0x00000000800022D6] -> 0x00BF
[2232] [M]: 0x00000000800022D4 (0x00BF1F13) slli x30, x30, 0xb                      inst_336+8
x30 <- 0x0000000000000000

mem[X,0x00000000800022D8] -> 0x0F13
mem[X,0x00000000800022DA] -> 0x5ABF
[2233] [M]: 0x00000000800022D8 (0x5ABF0F13) addi x30, x30, 0x5ab                    inst_336+12
x30 <- 0x00000000000005AB

clint mtime 0x000000000000045D (mip.MTI <- 0b1, mip.STI <- 0b0)
mem[X,0x00000000800022DC] -> 0x1F13
mem[X,0x00000000800022DE] -> 0x00BF
[2234] [M]: 0x00000000800022DC (0x00BF1F13) slli x30, x30, 0xb                      inst_336+16
x30 <- 0x00000000002D5800

mem[X,0x00000000800022E0] -> 0x0F13
mem[X,0x00000000800022E2] -> 0x69AF
[2235] [M]: 0x00000000800022E0 (0x69AF0F13) addi x30, x30, 0x69a                    inst_336+20
x30 <- 0x00000000002D5E9A

clint mtime 0x000000000000045E (mip.MTI <- 0b1, mip.STI <- 0b0)
mem[X,0x00000000800022E4] -> 0x1F13
mem[X,0x00000000800022E6] -> 0x00AF
[2236] [M]: 0x00000000800022E4 (0x00AF1F13) slli x30, x30, 0xa                      inst_336+24
x30 <- 0x00000000B57A6800

mem[X,0x00000000800022E8] -> 0x0F13
mem[X,0x00000000800022EA] -> 0x21DF
[2237] [M]: 0x00000000800022E8 (0x21DF0F13) addi x30, x30, 0x21d                    inst_336+28
x30 <- 0x00000000B57A6A1D

clint mtime 0x000000000000045F (mip.MTI <- 0b1, mip.STI <- 0b0)
mem[X,0x00000000800022EC] -> 0x0E93
mem[X,0x00000000800022EE] -> 0x0020
[2238] [M]: 0x00000000800022EC (0x00200E93) addi x29, x0, 0x2                       inst_336+32
x29 <- 0x0000000000000002

mem[X,0x00000000800022F0] -> 0x1FB3
mem[X,0x00000000800022F2] -> 0x29DF
[2239] [M]: 0x00000000800022F0 (0x29DF1FB3) bset x31, x30, x29                      inst_336+36
x31 <- 0x00000000B57A6A1D

clint mtime 0x0000000000000460 (mip.MTI <- 0b1, mip.STI <- 0b0)
mem[X,0x00000000800022F4] -> 0xB423
mem[X,0x00000000800022F6] -> 0x1BF3
[2240] [M]: 0x00000000800022F4 (0x1BF3B423) sd x31, 0x1a8(x7)                       inst_336+40
mem[W,0x0000000080005B98] <- 0x00000000B57A6A1D

mem[X,0x00000000800022F8] -> 0x0F37
mem[X,0x00000000800022FA] -> 0x0000
[2241] [M]: 0x00000000800022F8 (0x00000F37) lui x30, 0x0                            inst_337+0
x30 <- 0x0000000000000000

clint mtime 0x0000000000000461 (mip.MTI <- 0b1, mip.STI <- 0b0)
mem[X,0x00000000800022FC] -> 0x0F13
mem[X,0x00000000800022FE] -> 0x000F
[2242] [M]: 0x00000000800022FC (0x000F0F13) addi x30, x30, 0x0                      inst_337+4
x30 <- 0x0000000000000000

mem[X,0x0000000080002300] -> 0x1F13
mem[X,0x0000000080002302] -> 0x00BF
[2243] [M]: 0x0000000080002300 (0x00BF1F13) slli x30, x30, 0xb                      inst_337+8
x30 <- 0x0000000000000000

clint mtime 0x0000000000000462 (mip.MTI <- 0b1, mip.STI <- 0b0)
mem[X,0x0000000080002304] -> 0x0F13
mem[X,0x0000000080002306] -> 0x748F
[2244] [M]: 0x0000000080002304 (0x748F0F13) addi x30, x30, 0x748                    inst_337+12
x30 <- 0x0000000000000748

mem[X,0x0000000080002308] -> 0x1F13
mem[X,0x000000008000230A] -> 0x00BF
[2245] [M]: 0x0000000080002308 (0x00BF1F13) slli x30, x30, 0xb                      inst_337+16
x30 <- 0x00000000003A4000

clint mtime 0x0000000000000463 (mip.MTI <- 0b1, mip.STI <- 0b0)
mem[X,0x000000008000230C] -> 0x0F13
mem[X,0x000000008000230E] -> 0x1E5F
[2246] [M]: 0x000000008000230C (0x1E5F0F13) addi x30, x30, 0x1e5                    inst_337+20
x30 <- 0x00000000003A41E5

mem[X,0x0000000080002310] -> 0x1F13
mem[X,0x0000000080002312] -> 0x00AF
[2247] [M]: 0x0000000080002310 (0x00AF1F13) slli x30, x30, 0xa                      inst_337+24
x30 <- 0x00000000E9079400

clint mtime 0x0000000000000464 (mip.MTI <- 0b1, mip.STI <- 0b0)
mem[X,0x0000000080002314] -> 0x0F13
mem[X,0x0000000080002316] -> 0x0DFF
[2248] [M]: 0x0000000080002314 (0x0DFF0F13) addi x30, x30, 0xdf                     inst_337+28
x30 <- 0x00000000E90794DF

mem[X,0x0000000080002318] -> 0x0E93
mem[X,0x000000008000231A] -> 0x0010
[2249] [M]: 0x0000000080002318 (0x00100E93) addi x29, x0, 0x1                       inst_337+32
x29 <- 0x0000000000000001

clint mtime 0x0000000000000465 (mip.MTI <- 0b1, mip.STI <- 0b0)
mem[X,0x000000008000231C] -> 0x1FB3
mem[X,0x000000008000231E] -> 0x29DF
[2250] [M]: 0x000000008000231C (0x29DF1FB3) bset x31, x30, x29                      inst_337+36
x31 <- 0x00000000E90794DF

mem[X,0x0000000080002320] -> 0xB823
mem[X,0x0000000080002322] -> 0x1BF3
[2251] [M]: 0x0000000080002320 (0x1BF3B823) sd x31, 0x1b0(x7)                       inst_337+40
mem[W,0x0000000080005BA0] <- 0x00000000E90794DF

clint mtime 0x0000000000000466 (mip.MTI <- 0b1, mip.STI <- 0b0)
mem[X,0x0000000080002324] -> 0x0F37
mem[X,0x0000000080002326] -> 0x0000
[2252] [M]: 0x0000000080002324 (0x00000F37) lui x30, 0x0                            inst_338+0
x30 <- 0x0000000000000000

mem[X,0x0000000080002328] -> 0x0F13
mem[X,0x000000008000232A] -> 0x000F
[2253] [M]: 0x0000000080002328 (0x000F0F13) addi x30, x30, 0x0                      inst_338+4
x30 <- 0x0000000000000000

clint mtime 0x0000000000000467 (mip.MTI <- 0b1, mip.STI <- 0b0)
mem[X,0x000000008000232C] -> 0x1F13
mem[X,0x000000008000232E] -> 0x00BF
[2254] [M]: 0x000000008000232C (0x00BF1F13) slli x30, x30, 0xb                      inst_338+8
x30 <- 0x0000000000000000

mem[X,0x0000000080002330] -> 0x0F13
mem[X,0x0000000080002332] -> 0x57AF
[2255] [M]: 0x0000000080002330 (0x57AF0F13) addi x30, x30, 0x57a                    inst_338+12
x30 <- 0x000000000000057A

clint mtime 0x0000000000000468 (mip.MTI <- 0b1, mip.STI <- 0b0)
mem[X,0x0000000080002334] -> 0x1F13
mem[X,0x0000000080002336] -> 0x00BF
[2256] [M]: 0x0000000080002334 (0x00BF1F13) slli x30, x30, 0xb                      inst_338+16
x30 <- 0x00000000002BD000

mem[X,0x0000000080002338] -> 0x0F13
mem[X,0x000000008000233A] -> 0x55CF
[2257] [M]: 0x0000000080002338 (0x55CF0F13) addi x30, x30, 0x55c                    inst_338+20
x30 <- 0x00000000002BD55C

clint mtime 0x0000000000000469 (mip.MTI <- 0b1, mip.STI <- 0b0)
mem[X,0x000000008000233C] -> 0x1F13
mem[X,0x000000008000233E] -> 0x00AF
[2258] [M]: 0x000000008000233C (0x00AF1F13) slli x30, x30, 0xa                      inst_338+24
x30 <- 0x00000000AF557000

mem[X,0x0000000080002340] -> 0x0F13
mem[X,0x0000000080002342] -> 0x0EEF
[2259] [M]: 0x0000000080002340 (0x0EEF0F13) addi x30, x30, 0xee                     inst_338+28
x30 <- 0x00000000AF5570EE

clint mtime 0x000000000000046A (mip.MTI <- 0b1, mip.STI <- 0b0)
mem[X,0x0000000080002344] -> 0x0E93
mem[X,0x0000000080002346] -> 0x0000
[2260] [M]: 0x0000000080002344 (0x00000E93) addi x29, x0, 0x0                       inst_338+32
x29 <- 0x0000000000000000

mem[X,0x0000000080002348] -> 0x1FB3
mem[X,0x000000008000234A] -> 0x29DF
[2261] [M]: 0x0000000080002348 (0x29DF1FB3) bset x31, x30, x29                      inst_338+36
x31 <- 0x00000000AF5570EF

clint mtime 0x000000000000046B (mip.MTI <- 0b1, mip.STI <- 0b0)
mem[X,0x000000008000234C] -> 0xBC23
mem[X,0x000000008000234E] -> 0x1BF3
[2262] [M]: 0x000000008000234C (0x1BF3BC23) sd x31, 0x1b8(x7)                       inst_338+40
mem[W,0x0000000080005BA8] <- 0x00000000AF5570EF

mem[X,0x0000000080002350] -> 0x2F37
mem[X,0x0000000080002352] -> 0x7AA1
[2263] [M]: 0x0000000080002350 (0x7AA12F37) lui x30, 0x7aa12                        inst_339+0
x30 <- 0x000000007AA12000

clint mtime 0x000000000000046C (mip.MTI <- 0b1, mip.STI <- 0b0)
mem[X,0x0000000080002354] -> 0x0F13
mem[X,0x0000000080002356] -> 0x20FF
[2264] [M]: 0x0000000080002354 (0x20FF0F13) addi x30, x30, 0x20f                    inst_339+4
x30 <- 0x000000007AA1220F

mem[X,0x0000000080002358] -> 0x1F13
mem[X,0x000000008000235A] -> 0x001F
[2265] [M]: 0x0000000080002358 (0x001F1F13) slli x30, x30, 0x1                      inst_339+8
x30 <- 0x00000000F542441E

clint mtime 0x000000000000046D (mip.MTI <- 0b1, mip.STI <- 0b0)
mem[X,0x000000008000235C] -> 0x0E93
mem[X,0x000000008000235E] -> 0x0010
[2266] [M]: 0x000000008000235C (0x00100E93) addi x29, x0, 0x1                       inst_339+12
x29 <- 0x0000000000000001

mem[X,0x0000000080002360] -> 0x1FB3
mem[X,0x0000000080002362] -> 0x29DF
[2267] [M]: 0x0000000080002360 (0x29DF1FB3) bset x31, x30, x29                      inst_339+16
x31 <- 0x00000000F542441E

clint mtime 0x000000000000046E (mip.MTI <- 0b1, mip.STI <- 0b0)
mem[X,0x0000000080002364] -> 0xB023
mem[X,0x0000000080002366] -> 0x1DF3
[2268] [M]: 0x0000000080002364 (0x1DF3B023) sd x31, 0x1c0(x7)                       inst_339+20
mem[W,0x0000000080005BB0] <- 0x00000000F542441E

mem[X,0x0000000080002368] -> 0x0F37
mem[X,0x000000008000236A] -> 0x0000
[2269] [M]: 0x0000000080002368 (0x00000F37) lui x30, 0x0                            inst_340+0
x30 <- 0x0000000000000000

clint mtime 0x000000000000046F (mip.MTI <- 0b1, mip.STI <- 0b0)
mem[X,0x000000008000236C] -> 0x0F13
mem[X,0x000000008000236E] -> 0x000F
[2270] [M]: 0x000000008000236C (0x000F0F13) addi x30, x30, 0x0                      inst_340+4
x30 <- 0x0000000000000000

mem[X,0x0000000080002370] -> 0x1F13
mem[X,0x0000000080002372] -> 0x00BF
[2271] [M]: 0x0000000080002370 (0x00BF1F13) slli x30, x30, 0xb                      inst_340+8
x30 <- 0x0000000000000000

clint mtime 0x0000000000000470 (mip.MTI <- 0b1, mip.STI <- 0b0)
mem[X,0x0000000080002374] -> 0x0F13
mem[X,0x0000000080002376] -> 0x317F
[2272] [M]: 0x0000000080002374 (0x317F0F13) addi x30, x30, 0x317                    inst_340+12
x30 <- 0x0000000000000317

mem[X,0x0000000080002378] -> 0x1F13
mem[X,0x000000008000237A] -> 0x00BF
[2273] [M]: 0x0000000080002378 (0x00BF1F13) slli x30, x30, 0xb                      inst_340+16
x30 <- 0x000000000018B800

clint mtime 0x0000000000000471 (mip.MTI <- 0b1, mip.STI <- 0b0)
mem[X,0x000000008000237C] -> 0x0F13
mem[X,0x000000008000237E] -> 0x4A3F
[2274] [M]: 0x000000008000237C (0x4A3F0F13) addi x30, x30, 0x4a3                    inst_340+20
x30 <- 0x000000000018BCA3

mem[X,0x0000000080002380] -> 0x1F13
mem[X,0x0000000080002382] -> 0x00AF
[2275] [M]: 0x0000000080002380 (0x00AF1F13) slli x30, x30, 0xa                      inst_340+24
x30 <- 0x0000000062F28C00

clint mtime 0x0000000000000472 (mip.MTI <- 0b1, mip.STI <- 0b0)
mem[X,0x0000000080002384] -> 0x0F13
mem[X,0x0000000080002386] -> 0x11BF
[2276] [M]: 0x0000000080002384 (0x11BF0F13) addi x30, x30, 0x11b                    inst_340+28
x30 <- 0x0000000062F28D1B

mem[X,0x0000000080002388] -> 0x0E93
mem[X,0x000000008000238A] -> 0x0040
[2277] [M]: 0x0000000080002388 (0x00400E93) addi x29, x0, 0x4                       inst_340+32
x29 <- 0x0000000000000004

clint mtime 0x0000000000000473 (mip.MTI <- 0b1, mip.STI <- 0b0)
mem[X,0x000000008000238C] -> 0x1FB3
mem[X,0x000000008000238E] -> 0x29DF
[2278] [M]: 0x000000008000238C (0x29DF1FB3) bset x31, x30, x29                      inst_340+36
x31 <- 0x0000000062F28D1B

mem[X,0x0000000080002390] -> 0xB423
mem[X,0x0000000080002392] -> 0x1DF3
[2279] [M]: 0x0000000080002390 (0x1DF3B423) sd x31, 0x1c8(x7)                       inst_340+40
mem[W,0x0000000080005BB8] <- 0x0000000062F28D1B

clint mtime 0x0000000000000474 (mip.MTI <- 0b1, mip.STI <- 0b0)
mem[X,0x0000000080002394] -> 0x0F37
mem[X,0x0000000080002396] -> 0x0000
[2280] [M]: 0x0000000080002394 (0x00000F37) lui x30, 0x0                            inst_341+0
x30 <- 0x0000000000000000

mem[X,0x0000000080002398] -> 0x0F13
mem[X,0x000000008000239A] -> 0x000F
[2281] [M]: 0x0000000080002398 (0x000F0F13) addi x30, x30, 0x0                      inst_341+4
x30 <- 0x0000000000000000

clint mtime 0x0000000000000475 (mip.MTI <- 0b1, mip.STI <- 0b0)
mem[X,0x000000008000239C] -> 0x1F13
mem[X,0x000000008000239E] -> 0x00BF
[2282] [M]: 0x000000008000239C (0x00BF1F13) slli x30, x30, 0xb                      inst_341+8
x30 <- 0x0000000000000000

mem[X,0x00000000800023A0] -> 0x0F13
mem[X,0x00000000800023A2] -> 0x1C5F
[2283] [M]: 0x00000000800023A0 (0x1C5F0F13) addi x30, x30, 0x1c5                    inst_341+12
x30 <- 0x00000000000001C5

clint mtime 0x0000000000000476 (mip.MTI <- 0b1, mip.STI <- 0b0)
mem[X,0x00000000800023A4] -> 0x1F13
mem[X,0x00000000800023A6] -> 0x00BF
[2284] [M]: 0x00000000800023A4 (0x00BF1F13) slli x30, x30, 0xb                      inst_341+16
x30 <- 0x00000000000E2800

mem[X,0x00000000800023A8] -> 0x0F13
mem[X,0x00000000800023AA] -> 0x66DF
[2285] [M]: 0x00000000800023A8 (0x66DF0F13) addi x30, x30, 0x66d                    inst_341+20
x30 <- 0x00000000000E2E6D

clint mtime 0x0000000000000477 (mip.MTI <- 0b1, mip.STI <- 0b0)
mem[X,0x00000000800023AC] -> 0x1F13
mem[X,0x00000000800023AE] -> 0x00AF
[2286] [M]: 0x00000000800023AC (0x00AF1F13) slli x30, x30, 0xa                      inst_341+24
x30 <- 0x0000000038B9B400

mem[X,0x00000000800023B0] -> 0x0F13
mem[X,0x00000000800023B2] -> 0x05DF
[2287] [M]: 0x00000000800023B0 (0x05DF0F13) addi x30, x30, 0x5d                     inst_341+28
x30 <- 0x0000000038B9B45D

clint mtime 0x0000000000000478 (mip.MTI <- 0b1, mip.STI <- 0b0)
mem[X,0x00000000800023B4] -> 0x0E93
mem[X,0x00000000800023B6] -> 0x0120
[2288] [M]: 0x00000000800023B4 (0x01200E93) addi x29, x0, 0x12                      inst_341+32
x29 <- 0x0000000000000012

mem[X,0x00000000800023B8] -> 0x1FB3
mem[X,0x00000000800023BA] -> 0x29DF
[2289] [M]: 0x00000000800023B8 (0x29DF1FB3) bset x31, x30, x29                      inst_341+36
x31 <- 0x0000000038BDB45D

clint mtime 0x0000000000000479 (mip.MTI <- 0b1, mip.STI <- 0b0)
mem[X,0x00000000800023BC] -> 0xB823
mem[X,0x00000000800023BE] -> 0x1DF3
[2290] [M]: 0x00000000800023BC (0x1DF3B823) sd x31, 0x1d0(x7)                       inst_341+40
mem[W,0x0000000080005BC0] <- 0x0000000038BDB45D

mem[X,0x00000000800023C0] -> 0x0F37
mem[X,0x00000000800023C2] -> 0x0000
[2291] [M]: 0x00000000800023C0 (0x00000F37) lui x30, 0x0                            inst_342+0
x30 <- 0x0000000000000000

clint mtime 0x000000000000047A (mip.MTI <- 0b1, mip.STI <- 0b0)
mem[X,0x00000000800023C4] -> 0x0F13
mem[X,0x00000000800023C6] -> 0x000F
[2292] [M]: 0x00000000800023C4 (0x000F0F13) addi x30, x30, 0x0                      inst_342+4
x30 <- 0x0000000000000000

mem[X,0x00000000800023C8] -> 0x1F13
mem[X,0x00000000800023CA] -> 0x00BF
[2293] [M]: 0x00000000800023C8 (0x00BF1F13) slli x30, x30, 0xb                      inst_342+8
x30 <- 0x0000000000000000

clint mtime 0x000000000000047B (mip.MTI <- 0b1, mip.STI <- 0b0)
mem[X,0x00000000800023CC] -> 0x0F13
mem[X,0x00000000800023CE] -> 0x0B4F
[2294] [M]: 0x00000000800023CC (0x0B4F0F13) addi x30, x30, 0xb4                     inst_342+12
x30 <- 0x00000000000000B4

mem[X,0x00000000800023D0] -> 0x1F13
mem[X,0x00000000800023D2] -> 0x00BF
[2295] [M]: 0x00000000800023D0 (0x00BF1F13) slli x30, x30, 0xb                      inst_342+16
x30 <- 0x000000000005A000

clint mtime 0x000000000000047C (mip.MTI <- 0b1, mip.STI <- 0b0)
mem[X,0x00000000800023D4] -> 0x0F13
mem[X,0x00000000800023D6] -> 0x026F
[2296] [M]: 0x00000000800023D4 (0x026F0F13) addi x30, x30, 0x26                     inst_342+20
x30 <- 0x000000000005A026

mem[X,0x00000000800023D8] -> 0x1F13
mem[X,0x00000000800023DA] -> 0x00AF
[2297] [M]: 0x00000000800023D8 (0x00AF1F13) slli x30, x30, 0xa                      inst_342+24
x30 <- 0x0000000016809800

clint mtime 0x000000000000047D (mip.MTI <- 0b1, mip.STI <- 0b0)
mem[X,0x00000000800023DC] -> 0x0F13
mem[X,0x00000000800023DE] -> 0x212F
[2298] [M]: 0x00000000800023DC (0x212F0F13) addi x30, x30, 0x212                    inst_342+28
x30 <- 0x0000000016809A12

mem[X,0x00000000800023E0] -> 0x0E93
mem[X,0x00000000800023E2] -> 0x0060
[2299] [M]: 0x00000000800023E0 (0x00600E93) addi x29, x0, 0x6                       inst_342+32
x29 <- 0x0000000000000006

clint mtime 0x000000000000047E (mip.MTI <- 0b1, mip.STI <- 0b0)
mem[X,0x00000000800023E4] -> 0x1FB3
mem[X,0x00000000800023E6] -> 0x29DF
[2300] [M]: 0x00000000800023E4 (0x29DF1FB3) bset x31, x30, x29                      inst_342+36
x31 <- 0x0000000016809A52

mem[X,0x00000000800023E8] -> 0xBC23
mem[X,0x00000000800023EA] -> 0x1DF3
[2301] [M]: 0x00000000800023E8 (0x1DF3BC23) sd x31, 0x1d8(x7)                       inst_342+40
mem[W,0x0000000080005BC8] <- 0x0000000016809A52

clint mtime 0x000000000000047F (mip.MTI <- 0b1, mip.STI <- 0b0)
mem[X,0x00000000800023EC] -> 0xAF37
mem[X,0x00000000800023EE] -> 0x0082
[2302] [M]: 0x00000000800023EC (0x0082AF37) lui x30, 0x82a                          inst_343+0
x30 <- 0x000000000082A000

mem[X,0x00000000800023F0] -> 0x0F13
mem[X,0x00000000800023F2] -> 0x175F
[2303] [M]: 0x00000000800023F0 (0x175F0F13) addi x30, x30, 0x175                    inst_343+4
x30 <- 0x000000000082A175

clint mtime 0x0000000000000480 (mip.MTI <- 0b1, mip.STI <- 0b0)
mem[X,0x00000000800023F4] -> 0x1F13
mem[X,0x00000000800023F6] -> 0x004F
[2304] [M]: 0x00000000800023F4 (0x004F1F13) slli x30, x30, 0x4                      inst_343+8
x30 <- 0x00000000082A1750

mem[X,0x00000000800023F8] -> 0x0E93
mem[X,0x00000000800023FA] -> 0x0060
[2305] [M]: 0x00000000800023F8 (0x00600E93) addi x29, x0, 0x6                       inst_343+12
x29 <- 0x0000000000000006

clint mtime 0x0000000000000481 (mip.MTI <- 0b1, mip.STI <- 0b0)
mem[X,0x00000000800023FC] -> 0x1FB3
mem[X,0x00000000800023FE] -> 0x29DF
[2306] [M]: 0x00000000800023FC (0x29DF1FB3) bset x31, x30, x29                      inst_343+16
x31 <- 0x00000000082A1750

mem[X,0x0000000080002400] -> 0xB023
mem[X,0x0000000080002402] -> 0x1FF3
[2307] [M]: 0x0000000080002400 (0x1FF3B023) sd x31, 0x1e0(x7)                       inst_343+20
mem[W,0x0000000080005BD0] <- 0x00000000082A1750

clint mtime 0x0000000000000482 (mip.MTI <- 0b1, mip.STI <- 0b0)
mem[X,0x0000000080002404] -> 0x0F37
mem[X,0x0000000080002406] -> 0x0000
[2308] [M]: 0x0000000080002404 (0x00000F37) lui x30, 0x0                            inst_344+0
x30 <- 0x0000000000000000

mem[X,0x0000000080002408] -> 0x0F13
mem[X,0x000000008000240A] -> 0x000F
[2309] [M]: 0x0000000080002408 (0x000F0F13) addi x30, x30, 0x0                      inst_344+4
x30 <- 0x0000000000000000

clint mtime 0x0000000000000483 (mip.MTI <- 0b1, mip.STI <- 0b0)
mem[X,0x000000008000240C] -> 0x1F13
mem[X,0x000000008000240E] -> 0x00BF
[2310] [M]: 0x000000008000240C (0x00BF1F13) slli x30, x30, 0xb                      inst_344+8
x30 <- 0x0000000000000000

mem[X,0x0000000080002410] -> 0x0F13
mem[X,0x0000000080002412] -> 0x03CF
[2311] [M]: 0x0000000080002410 (0x03CF0F13) addi x30, x30, 0x3c                     inst_344+12
x30 <- 0x000000000000003C

clint mtime 0x0000000000000484 (mip.MTI <- 0b1, mip.STI <- 0b0)
mem[X,0x0000000080002414] -> 0x1F13
mem[X,0x0000000080002416] -> 0x00BF
[2312] [M]: 0x0000000080002414 (0x00BF1F13) slli x30, x30, 0xb                      inst_344+16
x30 <- 0x000000000001E000

mem[X,0x0000000080002418] -> 0x0F13
mem[X,0x000000008000241A] -> 0x774F
[2313] [M]: 0x0000000080002418 (0x774F0F13) addi x30, x30, 0x774                    inst_344+20
x30 <- 0x000000000001E774

clint mtime 0x0000000000000485 (mip.MTI <- 0b1, mip.STI <- 0b0)
mem[X,0x000000008000241C] -> 0x1F13
mem[X,0x000000008000241E] -> 0x00AF
[2314] [M]: 0x000000008000241C (0x00AF1F13) slli x30, x30, 0xa                      inst_344+24
x30 <- 0x00000000079DD000

mem[X,0x0000000080002420] -> 0x0F13
mem[X,0x0000000080002422] -> 0x25BF
[2315] [M]: 0x0000000080002420 (0x25BF0F13) addi x30, x30, 0x25b                    inst_344+28
x30 <- 0x00000000079DD25B

clint mtime 0x0000000000000486 (mip.MTI <- 0b1, mip.STI <- 0b0)
mem[X,0x0000000080002424] -> 0x0E93
mem[X,0x0000000080002426] -> 0x0040
[2316] [M]: 0x0000000080002424 (0x00400E93) addi x29, x0, 0x4                       inst_344+32
x29 <- 0x0000000000000004

mem[X,0x0000000080002428] -> 0x1FB3
mem[X,0x000000008000242A] -> 0x29DF
[2317] [M]: 0x0000000080002428 (0x29DF1FB3) bset x31, x30, x29                      inst_344+36
x31 <- 0x00000000079DD25B

clint mtime 0x0000000000000487 (mip.MTI <- 0b1, mip.STI <- 0b0)
mem[X,0x000000008000242C] -> 0xB423
mem[X,0x000000008000242E] -> 0x1FF3
[2318] [M]: 0x000000008000242C (0x1FF3B423) sd x31, 0x1e8(x7)                       inst_344+40
mem[W,0x0000000080005BD8] <- 0x00000000079DD25B

mem[X,0x0000000080002430] -> 0x0F37
mem[X,0x0000000080002432] -> 0x0000
[2319] [M]: 0x0000000080002430 (0x00000F37) lui x30, 0x0                            inst_345+0
x30 <- 0x0000000000000000

clint mtime 0x0000000000000488 (mip.MTI <- 0b1, mip.STI <- 0b0)
mem[X,0x0000000080002434] -> 0x0F13
mem[X,0x0000000080002436] -> 0x000F
[2320] [M]: 0x0000000080002434 (0x000F0F13) addi x30, x30, 0x0                      inst_345+4
x30 <- 0x0000000000000000

mem[X,0x0000000080002438] -> 0x1F13
mem[X,0x000000008000243A] -> 0x00BF
[2321] [M]: 0x0000000080002438 (0x00BF1F13) slli x30, x30, 0xb                      inst_345+8
x30 <- 0x0000000000000000

clint mtime 0x0000000000000489 (mip.MTI <- 0b1, mip.STI <- 0b0)
mem[X,0x000000008000243C] -> 0x0F13
mem[X,0x000000008000243E] -> 0x01AF
[2322] [M]: 0x000000008000243C (0x01AF0F13) addi x30, x30, 0x1a                     inst_345+12
x30 <- 0x000000000000001A

mem[X,0x0000000080002440] -> 0x1F13
mem[X,0x0000000080002442] -> 0x00BF
[2323] [M]: 0x0000000080002440 (0x00BF1F13) slli x30, x30, 0xb                      inst_345+16
x30 <- 0x000000000000D000

clint mtime 0x000000000000048A (mip.MTI <- 0b1, mip.STI <- 0b0)
mem[X,0x0000000080002444] -> 0x0F13
mem[X,0x0000000080002446] -> 0x31AF
[2324] [M]: 0x0000000080002444 (0x31AF0F13) addi x30, x30, 0x31a                    inst_345+20
x30 <- 0x000000000000D31A

mem[X,0x0000000080002448] -> 0x1F13
mem[X,0x000000008000244A] -> 0x00AF
[2325] [M]: 0x0000000080002448 (0x00AF1F13) slli x30, x30, 0xa                      inst_345+24
x30 <- 0x00000000034C6800

clint mtime 0x000000000000048B (mip.MTI <- 0b1, mip.STI <- 0b0)
mem[X,0x000000008000244C] -> 0x0F13
mem[X,0x000000008000244E] -> 0x07BF
[2326] [M]: 0x000000008000244C (0x07BF0F13) addi x30, x30, 0x7b                     inst_345+28
x30 <- 0x00000000034C687B

mem[X,0x0000000080002450] -> 0x0E93
mem[X,0x0000000080002452] -> 0x0120
[2327] [M]: 0x0000000080002450 (0x01200E93) addi x29, x0, 0x12                      inst_345+32
x29 <- 0x0000000000000012

clint mtime 0x000000000000048C (mip.MTI <- 0b1, mip.STI <- 0b0)
mem[X,0x0000000080002454] -> 0x1FB3
mem[X,0x0000000080002456] -> 0x29DF
[2328] [M]: 0x0000000080002454 (0x29DF1FB3) bset x31, x30, x29                      inst_345+36
x31 <- 0x00000000034C687B

mem[X,0x0000000080002458] -> 0xB823
mem[X,0x000000008000245A] -> 0x1FF3
[2329] [M]: 0x0000000080002458 (0x1FF3B823) sd x31, 0x1f0(x7)                       inst_345+40
mem[W,0x0000000080005BE0] <- 0x00000000034C687B

clint mtime 0x000000000000048D (mip.MTI <- 0b1, mip.STI <- 0b0)
mem[X,0x000000008000245C] -> 0x0F37
mem[X,0x000000008000245E] -> 0x0000
[2330] [M]: 0x000000008000245C (0x00000F37) lui x30, 0x0                            inst_346+0
x30 <- 0x0000000000000000

mem[X,0x0000000080002460] -> 0x0F13
mem[X,0x0000000080002462] -> 0x000F
[2331] [M]: 0x0000000080002460 (0x000F0F13) addi x30, x30, 0x0                      inst_346+4
x30 <- 0x0000000000000000

clint mtime 0x000000000000048E (mip.MTI <- 0b1, mip.STI <- 0b0)
mem[X,0x0000000080002464] -> 0x1F13
mem[X,0x0000000080002466] -> 0x00BF
[2332] [M]: 0x0000000080002464 (0x00BF1F13) slli x30, x30, 0xb                      inst_346+8
x30 <- 0x0000000000000000

mem[X,0x0000000080002468] -> 0x0F13
mem[X,0x000000008000246A] -> 0x00DF
[2333] [M]: 0x0000000080002468 (0x00DF0F13) addi x30, x30, 0xd                      inst_346+12
x30 <- 0x000000000000000D

clint mtime 0x000000000000048F (mip.MTI <- 0b1, mip.STI <- 0b0)
mem[X,0x000000008000246C] -> 0x1F13
mem[X,0x000000008000246E] -> 0x00BF
[2334] [M]: 0x000000008000246C (0x00BF1F13) slli x30, x30, 0xb                      inst_346+16
x30 <- 0x0000000000006800

mem[X,0x0000000080002470] -> 0x0F13
mem[X,0x0000000080002472] -> 0x580F
[2335] [M]: 0x0000000080002470 (0x580F0F13) addi x30, x30, 0x580                    inst_346+20
x30 <- 0x0000000000006D80

clint mtime 0x0000000000000490 (mip.MTI <- 0b1, mip.STI <- 0b0)
mem[X,0x0000000080002474] -> 0x1F13
mem[X,0x0000000080002476] -> 0x00AF
[2336] [M]: 0x0000000080002474 (0x00AF1F13) slli x30, x30, 0xa                      inst_346+24
x30 <- 0x0000000001B60000

mem[X,0x0000000080002478] -> 0x0F13
mem[X,0x000000008000247A] -> 0x1FDF
[2337] [M]: 0x0000000080002478 (0x1FDF0F13) addi x30, x30, 0x1fd                    inst_346+28
x30 <- 0x0000000001B601FD

clint mtime 0x0000000000000491 (mip.MTI <- 0b1, mip.STI <- 0b0)
mem[X,0x000000008000247C] -> 0x0E93
mem[X,0x000000008000247E] -> 0x00E0
[2338] [M]: 0x000000008000247C (0x00E00E93) addi x29, x0, 0xe                       inst_346+32
x29 <- 0x000000000000000E

mem[X,0x0000000080002480] -> 0x1FB3
mem[X,0x0000000080002482] -> 0x29DF
[2339] [M]: 0x0000000080002480 (0x29DF1FB3) bset x31, x30, x29                      inst_346+36
x31 <- 0x0000000001B641FD

clint mtime 0x0000000000000492 (mip.MTI <- 0b1, mip.STI <- 0b0)
mem[X,0x0000000080002484] -> 0xBC23
mem[X,0x0000000080002486] -> 0x1FF3
[2340] [M]: 0x0000000080002484 (0x1FF3BC23) sd x31, 0x1f8(x7)                       inst_346+40
mem[W,0x0000000080005BE8] <- 0x0000000001B641FD

mem[X,0x0000000080002488] -> 0x0F37
mem[X,0x000000008000248A] -> 0x0000
[2341] [M]: 0x0000000080002488 (0x00000F37) lui x30, 0x0                            inst_347+0
x30 <- 0x0000000000000000

clint mtime 0x0000000000000493 (mip.MTI <- 0b1, mip.STI <- 0b0)
mem[X,0x000000008000248C] -> 0x0F13
mem[X,0x000000008000248E] -> 0x000F
[2342] [M]: 0x000000008000248C (0x000F0F13) addi x30, x30, 0x0                      inst_347+4
x30 <- 0x0000000000000000

mem[X,0x0000000080002490] -> 0x1F13
mem[X,0x0000000080002492] -> 0x00BF
[2343] [M]: 0x0000000080002490 (0x00BF1F13) slli x30, x30, 0xb                      inst_347+8
x30 <- 0x0000000000000000

clint mtime 0x0000000000000494 (mip.MTI <- 0b1, mip.STI <- 0b0)
mem[X,0x0000000080002494] -> 0x0F13
mem[X,0x0000000080002496] -> 0x005F
[2344] [M]: 0x0000000080002494 (0x005F0F13) addi x30, x30, 0x5                      inst_347+12
x30 <- 0x0000000000000005

mem[X,0x0000000080002498] -> 0x1F13
mem[X,0x000000008000249A] -> 0x00BF
[2345] [M]: 0x0000000080002498 (0x00BF1F13) slli x30, x30, 0xb                      inst_347+16
x30 <- 0x0000000000002800

clint mtime 0x0000000000000495 (mip.MTI <- 0b1, mip.STI <- 0b0)
mem[X,0x000000008000249C] -> 0x0F13
mem[X,0x000000008000249E] -> 0x4C0F
[2346] [M]: 0x000000008000249C (0x4C0F0F13) addi x30, x30, 0x4c0                    inst_347+20
x30 <- 0x0000000000002CC0

mem[X,0x00000000800024A0] -> 0x1F13
mem[X,0x00000000800024A2] -> 0x00AF
[2347] [M]: 0x00000000800024A0 (0x00AF1F13) slli x30, x30, 0xa                      inst_347+24
x30 <- 0x0000000000B30000

clint mtime 0x0000000000000496 (mip.MTI <- 0b1, mip.STI <- 0b0)
mem[X,0x00000000800024A4] -> 0x0F13
mem[X,0x00000000800024A6] -> 0x2FDF
[2348] [M]: 0x00000000800024A4 (0x2FDF0F13) addi x30, x30, 0x2fd                    inst_347+28
x30 <- 0x0000000000B302FD

mem[X,0x00000000800024A8] -> 0x0E93
mem[X,0x00000000800024AA] -> 0x0100
[2349] [M]: 0x00000000800024A8 (0x01000E93) addi x29, x0, 0x10                      inst_347+32
x29 <- 0x0000000000000010

clint mtime 0x0000000000000497 (mip.MTI <- 0b1, mip.STI <- 0b0)
mem[X,0x00000000800024AC] -> 0x1FB3
mem[X,0x00000000800024AE] -> 0x29DF
[2350] [M]: 0x00000000800024AC (0x29DF1FB3) bset x31, x30, x29                      inst_347+36
x31 <- 0x0000000000B302FD

mem[X,0x00000000800024B0] -> 0xB023
mem[X,0x00000000800024B2] -> 0x21F3
[2351] [M]: 0x00000000800024B0 (0x21F3B023) sd x31, 0x200(x7)                       inst_347+40
mem[W,0x0000000080005BF0] <- 0x0000000000B302FD

clint mtime 0x0000000000000498 (mip.MTI <- 0b1, mip.STI <- 0b0)
mem[X,0x00000000800024B4] -> 0x0F37
mem[X,0x00000000800024B6] -> 0x0000
[2352] [M]: 0x00000000800024B4 (0x00000F37) lui x30, 0x0                            inst_348+0
x30 <- 0x0000000000000000

mem[X,0x00000000800024B8] -> 0x0F13
mem[X,0x00000000800024BA] -> 0x000F
[2353] [M]: 0x00000000800024B8 (0x000F0F13) addi x30, x30, 0x0                      inst_348+4
x30 <- 0x0000000000000000

clint mtime 0x0000000000000499 (mip.MTI <- 0b1, mip.STI <- 0b0)
mem[X,0x00000000800024BC] -> 0x1F13
mem[X,0x00000000800024BE] -> 0x00BF
[2354] [M]: 0x00000000800024BC (0x00BF1F13) slli x30, x30, 0xb                      inst_348+8
x30 <- 0x0000000000000000

mem[X,0x00000000800024C0] -> 0x0F13
mem[X,0x00000000800024C2] -> 0x003F
[2355] [M]: 0x00000000800024C0 (0x003F0F13) addi x30, x30, 0x3                      inst_348+12
x30 <- 0x0000000000000003

clint mtime 0x000000000000049A (mip.MTI <- 0b1, mip.STI <- 0b0)
mem[X,0x00000000800024C4] -> 0x1F13
mem[X,0x00000000800024C6] -> 0x00BF
[2356] [M]: 0x00000000800024C4 (0x00BF1F13) slli x30, x30, 0xb                      inst_348+16
x30 <- 0x0000000000001800

mem[X,0x00000000800024C8] -> 0x0F13
mem[X,0x00000000800024CA] -> 0x0A9F
[2357] [M]: 0x00000000800024C8 (0x0A9F0F13) addi x30, x30, 0xa9                     inst_348+20
x30 <- 0x00000000000018A9

clint mtime 0x000000000000049B (mip.MTI <- 0b1, mip.STI <- 0b0)
mem[X,0x00000000800024CC] -> 0x1F13
mem[X,0x00000000800024CE] -> 0x00AF
[2358] [M]: 0x00000000800024CC (0x00AF1F13) slli x30, x30, 0xa                      inst_348+24
x30 <- 0x000000000062A400

mem[X,0x00000000800024D0] -> 0x0F13
mem[X,0x00000000800024D2] -> 0x2B3F
[2359] [M]: 0x00000000800024D0 (0x2B3F0F13) addi x30, x30, 0x2b3                    inst_348+28
x30 <- 0x000000000062A6B3

clint mtime 0x000000000000049C (mip.MTI <- 0b1, mip.STI <- 0b0)
mem[X,0x00000000800024D4] -> 0x0E93
mem[X,0x00000000800024D6] -> 0x0050
[2360] [M]: 0x00000000800024D4 (0x00500E93) addi x29, x0, 0x5                       inst_348+32
x29 <- 0x0000000000000005

mem[X,0x00000000800024D8] -> 0x1FB3
mem[X,0x00000000800024DA] -> 0x29DF
[2361] [M]: 0x00000000800024D8 (0x29DF1FB3) bset x31, x30, x29                      inst_348+36
x31 <- 0x000000000062A6B3

clint mtime 0x000000000000049D (mip.MTI <- 0b1, mip.STI <- 0b0)
mem[X,0x00000000800024DC] -> 0xB423
mem[X,0x00000000800024DE] -> 0x21F3
[2362] [M]: 0x00000000800024DC (0x21F3B423) sd x31, 0x208(x7)                       inst_348+40
mem[W,0x0000000080005BF8] <- 0x000000000062A6B3

mem[X,0x00000000800024E0] -> 0x7F37
mem[X,0x00000000800024E2] -> 0x0006
[2363] [M]: 0x00000000800024E0 (0x00067F37) lui x30, 0x67                           inst_349+0
x30 <- 0x0000000000067000

clint mtime 0x000000000000049E (mip.MTI <- 0b1, mip.STI <- 0b0)
mem[X,0x00000000800024E4] -> 0x0F13
mem[X,0x00000000800024E6] -> 0x247F
[2364] [M]: 0x00000000800024E4 (0x247F0F13) addi x30, x30, 0x247                    inst_349+4
x30 <- 0x0000000000067247

mem[X,0x00000000800024E8] -> 0x1F13
mem[X,0x00000000800024EA] -> 0x003F
[2365] [M]: 0x00000000800024E8 (0x003F1F13) slli x30, x30, 0x3                      inst_349+8
x30 <- 0x0000000000339238

clint mtime 0x000000000000049F (mip.MTI <- 0b1, mip.STI <- 0b0)
mem[X,0x00000000800024EC] -> 0x0E93
mem[X,0x00000000800024EE] -> 0x0110
[2366] [M]: 0x00000000800024EC (0x01100E93) addi x29, x0, 0x11                      inst_349+12
x29 <- 0x0000000000000011

mem[X,0x00000000800024F0] -> 0x1FB3
mem[X,0x00000000800024F2] -> 0x29DF
[2367] [M]: 0x00000000800024F0 (0x29DF1FB3) bset x31, x30, x29                      inst_349+16
x31 <- 0x0000000000339238

clint mtime 0x00000000000004A0 (mip.MTI <- 0b1, mip.STI <- 0b0)
mem[X,0x00000000800024F4] -> 0xB823
mem[X,0x00000000800024F6] -> 0x21F3
[2368] [M]: 0x00000000800024F4 (0x21F3B823) sd x31, 0x210(x7)                       inst_349+20
mem[W,0x0000000080005C00] <- 0x0000000000339238

mem[X,0x00000000800024F8] -> 0x6F37
mem[X,0x00000000800024FA] -> 0x0001
[2369] [M]: 0x00000000800024F8 (0x00016F37) lui x30, 0x16                           inst_350+0
x30 <- 0x0000000000016000

clint mtime 0x00000000000004A1 (mip.MTI <- 0b1, mip.STI <- 0b0)
mem[X,0x00000000800024FC] -> 0x0F13
mem[X,0x00000000800024FE] -> 0x4AFF
[2370] [M]: 0x00000000800024FC (0x4AFF0F13) addi x30, x30, 0x4af                    inst_350+4
x30 <- 0x00000000000164AF

mem[X,0x0000000080002500] -> 0x1F13
mem[X,0x0000000080002502] -> 0x004F
[2371] [M]: 0x0000000080002500 (0x004F1F13) slli x30, x30, 0x4                      inst_350+8
x30 <- 0x0000000000164AF0

clint mtime 0x00000000000004A2 (mip.MTI <- 0b1, mip.STI <- 0b0)
mem[X,0x0000000080002504] -> 0x0E93
mem[X,0x0000000080002506] -> 0x0050
[2372] [M]: 0x0000000080002504 (0x00500E93) addi x29, x0, 0x5                       inst_350+12
x29 <- 0x0000000000000005

mem[X,0x0000000080002508] -> 0x1FB3
mem[X,0x000000008000250A] -> 0x29DF
[2373] [M]: 0x0000000080002508 (0x29DF1FB3) bset x31, x30, x29                      inst_350+16
x31 <- 0x0000000000164AF0

clint mtime 0x00000000000004A3 (mip.MTI <- 0b1, mip.STI <- 0b0)
mem[X,0x000000008000250C] -> 0xBC23
mem[X,0x000000008000250E] -> 0x21F3
[2374] [M]: 0x000000008000250C (0x21F3BC23) sd x31, 0x218(x7)                       inst_350+20
mem[W,0x0000000080005C08] <- 0x0000000000164AF0

mem[X,0x0000000080002510] -> 0x9F37
mem[X,0x0000000080002512] -> 0x0004
[2375] [M]: 0x0000000080002510 (0x00049F37) lui x30, 0x49                           inst_351+0
x30 <- 0x0000000000049000

clint mtime 0x00000000000004A4 (mip.MTI <- 0b1, mip.STI <- 0b0)
mem[X,0x0000000080002514] -> 0x0F13
mem[X,0x0000000080002516] -> 0x115F
[2376] [M]: 0x0000000080002514 (0x115F0F13) addi x30, x30, 0x115                    inst_351+4
x30 <- 0x0000000000049115

mem[X,0x0000000080002518] -> 0x1F13
mem[X,0x000000008000251A] -> 0x001F
[2377] [M]: 0x0000000080002518 (0x001F1F13) slli x30, x30, 0x1                      inst_351+8
x30 <- 0x000000000009222A

clint mtime 0x00000000000004A5 (mip.MTI <- 0b1, mip.STI <- 0b0)
mem[X,0x000000008000251C] -> 0x0E93
mem[X,0x000000008000251E] -> 0x0000
[2378] [M]: 0x000000008000251C (0x00000E93) addi x29, x0, 0x0                       inst_351+12
x29 <- 0x0000000000000000

mem[X,0x0000000080002520] -> 0x1FB3
mem[X,0x0000000080002522] -> 0x29DF
[2379] [M]: 0x0000000080002520 (0x29DF1FB3) bset x31, x30, x29                      inst_351+16
x31 <- 0x000000000009222B

clint mtime 0x00000000000004A6 (mip.MTI <- 0b1, mip.STI <- 0b0)
mem[X,0x0000000080002524] -> 0xB023
mem[X,0x0000000080002526] -> 0x23F3
[2380] [M]: 0x0000000080002524 (0x23F3B023) sd x31, 0x220(x7)                       inst_351+20
mem[W,0x0000000080005C10] <- 0x000000000009222B

mem[X,0x0000000080002528] -> 0x1F37
mem[X,0x000000008000252A] -> 0x0003
[2381] [M]: 0x0000000080002528 (0x00031F37) lui x30, 0x31                           inst_352+0
x30 <- 0x0000000000031000

clint mtime 0x00000000000004A7 (mip.MTI <- 0b1, mip.STI <- 0b0)
mem[X,0x000000008000252C] -> 0x0F13
mem[X,0x000000008000252E] -> 0x427F
[2382] [M]: 0x000000008000252C (0x427F0F13) addi x30, x30, 0x427                    inst_352+4
x30 <- 0x0000000000031427

mem[X,0x0000000080002530] -> 0x1F13
mem[X,0x0000000080002532] -> 0x001F
[2383] [M]: 0x0000000080002530 (0x001F1F13) slli x30, x30, 0x1                      inst_352+8
x30 <- 0x000000000006284E

clint mtime 0x00000000000004A8 (mip.MTI <- 0b1, mip.STI <- 0b0)
mem[X,0x0000000080002534] -> 0x0E93
mem[X,0x0000000080002536] -> 0x0120
[2384] [M]: 0x0000000080002534 (0x01200E93) addi x29, x0, 0x12                      inst_352+12
x29 <- 0x0000000000000012

mem[X,0x0000000080002538] -> 0x1FB3
mem[X,0x000000008000253A] -> 0x29DF
[2385] [M]: 0x0000000080002538 (0x29DF1FB3) bset x31, x30, x29                      inst_352+16
x31 <- 0x000000000006284E

clint mtime 0x00000000000004A9 (mip.MTI <- 0b1, mip.STI <- 0b0)
mem[X,0x000000008000253C] -> 0xB423
mem[X,0x000000008000253E] -> 0x23F3
[2386] [M]: 0x000000008000253C (0x23F3B423) sd x31, 0x228(x7)                       inst_352+20
mem[W,0x0000000080005C18] <- 0x000000000006284E

mem[X,0x0000000080002540] -> 0x0F37
mem[X,0x0000000080002542] -> 0x0000
[2387] [M]: 0x0000000080002540 (0x00000F37) lui x30, 0x0                            inst_353+0
x30 <- 0x0000000000000000

clint mtime 0x00000000000004AA (mip.MTI <- 0b1, mip.STI <- 0b0)
mem[X,0x0000000080002544] -> 0x0F13
mem[X,0x0000000080002546] -> 0x000F
[2388] [M]: 0x0000000080002544 (0x000F0F13) addi x30, x30, 0x0                      inst_353+4
x30 <- 0x0000000000000000

mem[X,0x0000000080002548] -> 0x1F13
mem[X,0x000000008000254A] -> 0x00BF
[2389] [M]: 0x0000000080002548 (0x00BF1F13) slli x30, x30, 0xb                      inst_353+8
x30 <- 0x0000000000000000

clint mtime 0x00000000000004AB (mip.MTI <- 0b1, mip.STI <- 0b0)
mem[X,0x000000008000254C] -> 0x0F13
mem[X,0x000000008000254E] -> 0x000F
[2390] [M]: 0x000000008000254C (0x000F0F13) addi x30, x30, 0x0                      inst_353+12
x30 <- 0x0000000000000000

mem[X,0x0000000080002550] -> 0x1F13
mem[X,0x0000000080002552] -> 0x00BF
[2391] [M]: 0x0000000080002550 (0x00BF1F13) slli x30, x30, 0xb                      inst_353+16
x30 <- 0x0000000000000000

clint mtime 0x00000000000004AC (mip.MTI <- 0b1, mip.STI <- 0b0)
mem[X,0x0000000080002554] -> 0x0F13
mem[X,0x0000000080002556] -> 0x0D4F
[2392] [M]: 0x0000000080002554 (0x0D4F0F13) addi x30, x30, 0xd4                     inst_353+20
x30 <- 0x00000000000000D4

mem[X,0x0000000080002558] -> 0x1F13
mem[X,0x000000008000255A] -> 0x00AF
[2393] [M]: 0x0000000080002558 (0x00AF1F13) slli x30, x30, 0xa                      inst_353+24
x30 <- 0x0000000000035000

clint mtime 0x00000000000004AD (mip.MTI <- 0b1, mip.STI <- 0b0)
mem[X,0x000000008000255C] -> 0x0F13
mem[X,0x000000008000255E] -> 0x161F
[2394] [M]: 0x000000008000255C (0x161F0F13) addi x30, x30, 0x161                    inst_353+28
x30 <- 0x0000000000035161

mem[X,0x0000000080002560] -> 0x0E93
mem[X,0x0000000080002562] -> 0x00E0
[2395] [M]: 0x0000000080002560 (0x00E00E93) addi x29, x0, 0xe                       inst_353+32
x29 <- 0x000000000000000E

clint mtime 0x00000000000004AE (mip.MTI <- 0b1, mip.STI <- 0b0)
mem[X,0x0000000080002564] -> 0x1FB3
mem[X,0x0000000080002566] -> 0x29DF
[2396] [M]: 0x0000000080002564 (0x29DF1FB3) bset x31, x30, x29                      inst_353+36
x31 <- 0x0000000000035161

mem[X,0x0000000080002568] -> 0xB823
mem[X,0x000000008000256A] -> 0x23F3
[2397] [M]: 0x0000000080002568 (0x23F3B823) sd x31, 0x230(x7)                       inst_353+40
mem[W,0x0000000080005C20] <- 0x0000000000035161

clint mtime 0x00000000000004AF (mip.MTI <- 0b1, mip.STI <- 0b0)
mem[X,0x000000008000256C] -> 0x4F37
mem[X,0x000000008000256E] -> 0x0000
[2398] [M]: 0x000000008000256C (0x00004F37) lui x30, 0x4                            inst_354+0
x30 <- 0x0000000000004000

mem[X,0x0000000080002570] -> 0x0F13
mem[X,0x0000000080002572] -> 0x789F
[2399] [M]: 0x0000000080002570 (0x789F0F13) addi x30, x30, 0x789                    inst_354+4
x30 <- 0x0000000000004789

clint mtime 0x00000000000004B0 (mip.MTI <- 0b1, mip.STI <- 0b0)
mem[X,0x0000000080002574] -> 0x1F13
mem[X,0x0000000080002576] -> 0x002F
[2400] [M]: 0x0000000080002574 (0x002F1F13) slli x30, x30, 0x2                      inst_354+8
x30 <- 0x0000000000011E24

mem[X,0x0000000080002578] -> 0x0E93
mem[X,0x000000008000257A] -> 0x00C0
[2401] [M]: 0x0000000080002578 (0x00C00E93) addi x29, x0, 0xc                       inst_354+12
x29 <- 0x000000000000000C

clint mtime 0x00000000000004B1 (mip.MTI <- 0b1, mip.STI <- 0b0)
mem[X,0x000000008000257C] -> 0x1FB3
mem[X,0x000000008000257E] -> 0x29DF
[2402] [M]: 0x000000008000257C (0x29DF1FB3) bset x31, x30, x29                      inst_354+16
x31 <- 0x0000000000011E24

mem[X,0x0000000080002580] -> 0xBC23
mem[X,0x0000000080002582] -> 0x23F3
[2403] [M]: 0x0000000080002580 (0x23F3BC23) sd x31, 0x238(x7)                       inst_354+20
mem[W,0x0000000080005C28] <- 0x0000000000011E24

clint mtime 0x00000000000004B2 (mip.MTI <- 0b1, mip.STI <- 0b0)
mem[X,0x0000000080002584] -> 0x0F37
mem[X,0x0000000080002586] -> 0x0000
[2404] [M]: 0x0000000080002584 (0x00000F37) lui x30, 0x0                            inst_355+0
x30 <- 0x0000000000000000

mem[X,0x0000000080002588] -> 0x0F13
mem[X,0x000000008000258A] -> 0x000F
[2405] [M]: 0x0000000080002588 (0x000F0F13) addi x30, x30, 0x0                      inst_355+4
x30 <- 0x0000000000000000

clint mtime 0x00000000000004B3 (mip.MTI <- 0b1, mip.STI <- 0b0)
mem[X,0x000000008000258C] -> 0x1F13
mem[X,0x000000008000258E] -> 0x00BF
[2406] [M]: 0x000000008000258C (0x00BF1F13) slli x30, x30, 0xb                      inst_355+8
x30 <- 0x0000000000000000

mem[X,0x0000000080002590] -> 0x0F13
mem[X,0x0000000080002592] -> 0x000F
[2407] [M]: 0x0000000080002590 (0x000F0F13) addi x30, x30, 0x0                      inst_355+12
x30 <- 0x0000000000000000

clint mtime 0x00000000000004B4 (mip.MTI <- 0b1, mip.STI <- 0b0)
mem[X,0x0000000080002594] -> 0x1F13
mem[X,0x0000000080002596] -> 0x00BF
[2408] [M]: 0x0000000080002594 (0x00BF1F13) slli x30, x30, 0xb                      inst_355+16
x30 <- 0x0000000000000000

mem[X,0x0000000080002598] -> 0x0F13
mem[X,0x000000008000259A] -> 0x03DF
[2409] [M]: 0x0000000080002598 (0x03DF0F13) addi x30, x30, 0x3d                     inst_355+20
x30 <- 0x000000000000003D

clint mtime 0x00000000000004B5 (mip.MTI <- 0b1, mip.STI <- 0b0)
mem[X,0x000000008000259C] -> 0x1F13
mem[X,0x000000008000259E] -> 0x00AF
[2410] [M]: 0x000000008000259C (0x00AF1F13) slli x30, x30, 0xa                      inst_355+24
x30 <- 0x000000000000F400

mem[X,0x00000000800025A0] -> 0x0F13
mem[X,0x00000000800025A2] -> 0x214F
[2411] [M]: 0x00000000800025A0 (0x214F0F13) addi x30, x30, 0x214                    inst_355+28
x30 <- 0x000000000000F614

clint mtime 0x00000000000004B6 (mip.MTI <- 0b1, mip.STI <- 0b0)
mem[X,0x00000000800025A4] -> 0x0E93
mem[X,0x00000000800025A6] -> 0x01C0
[2412] [M]: 0x00000000800025A4 (0x01C00E93) addi x29, x0, 0x1c                      inst_355+32
x29 <- 0x000000000000001C

mem[X,0x00000000800025A8] -> 0x1FB3
mem[X,0x00000000800025AA] -> 0x29DF
[2413] [M]: 0x00000000800025A8 (0x29DF1FB3) bset x31, x30, x29                      inst_355+36
x31 <- 0x000000001000F614

clint mtime 0x00000000000004B7 (mip.MTI <- 0b1, mip.STI <- 0b0)
mem[X,0x00000000800025AC] -> 0xB023
mem[X,0x00000000800025AE] -> 0x25F3
[2414] [M]: 0x00000000800025AC (0x25F3B023) sd x31, 0x240(x7)                       inst_355+40
mem[W,0x0000000080005C30] <- 0x000000001000F614

mem[X,0x00000000800025B0] -> 0x0F37
mem[X,0x00000000800025B2] -> 0x0000
[2415] [M]: 0x00000000800025B0 (0x00000F37) lui x30, 0x0                            inst_356+0
x30 <- 0x0000000000000000

clint mtime 0x00000000000004B8 (mip.MTI <- 0b1, mip.STI <- 0b0)
mem[X,0x00000000800025B4] -> 0x0F13
mem[X,0x00000000800025B6] -> 0x000F
[2416] [M]: 0x00000000800025B4 (0x000F0F13) addi x30, x30, 0x0                      inst_356+4
x30 <- 0x0000000000000000

mem[X,0x00000000800025B8] -> 0x1F13
mem[X,0x00000000800025BA] -> 0x00BF
[2417] [M]: 0x00000000800025B8 (0x00BF1F13) slli x30, x30, 0xb                      inst_356+8
x30 <- 0x0000000000000000

clint mtime 0x00000000000004B9 (mip.MTI <- 0b1, mip.STI <- 0b0)
mem[X,0x00000000800025BC] -> 0x0F13
mem[X,0x00000000800025BE] -> 0x000F
[2418] [M]: 0x00000000800025BC (0x000F0F13) addi x30, x30, 0x0                      inst_356+12
x30 <- 0x0000000000000000

mem[X,0x00000000800025C0] -> 0x1F13
mem[X,0x00000000800025C2] -> 0x00BF
[2419] [M]: 0x00000000800025C0 (0x00BF1F13) slli x30, x30, 0xb                      inst_356+16
x30 <- 0x0000000000000000

clint mtime 0x00000000000004BA (mip.MTI <- 0b1, mip.STI <- 0b0)
mem[X,0x00000000800025C4] -> 0x0F13
mem[X,0x00000000800025C6] -> 0x017F
[2420] [M]: 0x00000000800025C4 (0x017F0F13) addi x30, x30, 0x17                     inst_356+20
x30 <- 0x0000000000000017

mem[X,0x00000000800025C8] -> 0x1F13
mem[X,0x00000000800025CA] -> 0x00AF
[2421] [M]: 0x00000000800025C8 (0x00AF1F13) slli x30, x30, 0xa                      inst_356+24
x30 <- 0x0000000000005C00

clint mtime 0x00000000000004BB (mip.MTI <- 0b1, mip.STI <- 0b0)
mem[X,0x00000000800025CC] -> 0x0F13
mem[X,0x00000000800025CE] -> 0x0C1F
[2422] [M]: 0x00000000800025CC (0x0C1F0F13) addi x30, x30, 0xc1                     inst_356+28
x30 <- 0x0000000000005CC1

mem[X,0x00000000800025D0] -> 0x0E93
mem[X,0x00000000800025D2] -> 0x01D0
[2423] [M]: 0x00000000800025D0 (0x01D00E93) addi x29, x0, 0x1d                      inst_356+32
x29 <- 0x000000000000001D

clint mtime 0x00000000000004BC (mip.MTI <- 0b1, mip.STI <- 0b0)
mem[X,0x00000000800025D4] -> 0x1FB3
mem[X,0x00000000800025D6] -> 0x29DF
[2424] [M]: 0x00000000800025D4 (0x29DF1FB3) bset x31, x30, x29                      inst_356+36
x31 <- 0x0000000020005CC1

mem[X,0x00000000800025D8] -> 0xB423
mem[X,0x00000000800025DA] -> 0x25F3
[2425] [M]: 0x00000000800025D8 (0x25F3B423) sd x31, 0x248(x7)                       inst_356+40
mem[W,0x0000000080005C38] <- 0x0000000020005CC1

clint mtime 0x00000000000004BD (mip.MTI <- 0b1, mip.STI <- 0b0)
mem[X,0x00000000800025DC] -> 0x0F37
mem[X,0x00000000800025DE] -> 0x0000
[2426] [M]: 0x00000000800025DC (0x00000F37) lui x30, 0x0                            inst_357+0
x30 <- 0x0000000000000000

mem[X,0x00000000800025E0] -> 0x0F13
mem[X,0x00000000800025E2] -> 0x000F
[2427] [M]: 0x00000000800025E0 (0x000F0F13) addi x30, x30, 0x0                      inst_357+4
x30 <- 0x0000000000000000

clint mtime 0x00000000000004BE (mip.MTI <- 0b1, mip.STI <- 0b0)
mem[X,0x00000000800025E4] -> 0x1F13
mem[X,0x00000000800025E6] -> 0x00BF
[2428] [M]: 0x00000000800025E4 (0x00BF1F13) slli x30, x30, 0xb                      inst_357+8
x30 <- 0x0000000000000000

mem[X,0x00000000800025E8] -> 0x0F13
mem[X,0x00000000800025EA] -> 0x000F
[2429] [M]: 0x00000000800025E8 (0x000F0F13) addi x30, x30, 0x0                      inst_357+12
x30 <- 0x0000000000000000

clint mtime 0x00000000000004BF (mip.MTI <- 0b1, mip.STI <- 0b0)
mem[X,0x00000000800025EC] -> 0x1F13
mem[X,0x00000000800025EE] -> 0x00BF
[2430] [M]: 0x00000000800025EC (0x00BF1F13) slli x30, x30, 0xb                      inst_357+16
x30 <- 0x0000000000000000

mem[X,0x00000000800025F0] -> 0x0F13
mem[X,0x00000000800025F2] -> 0x00CF
[2431] [M]: 0x00000000800025F0 (0x00CF0F13) addi x30, x30, 0xc                      inst_357+20
x30 <- 0x000000000000000C

clint mtime 0x00000000000004C0 (mip.MTI <- 0b1, mip.STI <- 0b0)
mem[X,0x00000000800025F4] -> 0x1F13
mem[X,0x00000000800025F6] -> 0x00AF
[2432] [M]: 0x00000000800025F4 (0x00AF1F13) slli x30, x30, 0xa                      inst_357+24
x30 <- 0x0000000000003000

mem[X,0x00000000800025F8] -> 0x0F13
mem[X,0x00000000800025FA] -> 0x226F
[2433] [M]: 0x00000000800025F8 (0x226F0F13) addi x30, x30, 0x226                    inst_357+28
x30 <- 0x0000000000003226

clint mtime 0x00000000000004C1 (mip.MTI <- 0b1, mip.STI <- 0b0)
mem[X,0x00000000800025FC] -> 0x0E93
mem[X,0x00000000800025FE] -> 0x0010
[2434] [M]: 0x00000000800025FC (0x00100E93) addi x29, x0, 0x1                       inst_357+32
x29 <- 0x0000000000000001

mem[X,0x0000000080002600] -> 0x1FB3
mem[X,0x0000000080002602] -> 0x29DF
[2435] [M]: 0x0000000080002600 (0x29DF1FB3) bset x31, x30, x29                      inst_357+36
x31 <- 0x0000000000003226

clint mtime 0x00000000000004C2 (mip.MTI <- 0b1, mip.STI <- 0b0)
mem[X,0x0000000080002604] -> 0xB823
mem[X,0x0000000080002606] -> 0x25F3
[2436] [M]: 0x0000000080002604 (0x25F3B823) sd x31, 0x250(x7)                       inst_357+40
mem[W,0x0000000080005C40] <- 0x0000000000003226

mem[X,0x0000000080002608] -> 0x0F13
mem[X,0x000000008000260A] -> 0x7430
[2437] [M]: 0x0000000080002608 (0x74300F13) addi x30, x0, 0x743                     inst_358+0
x30 <- 0x0000000000000743

clint mtime 0x00000000000004C3 (mip.MTI <- 0b1, mip.STI <- 0b0)
mem[X,0x000000008000260C] -> 0x1F13
mem[X,0x000000008000260E] -> 0x002F
[2438] [M]: 0x000000008000260C (0x002F1F13) slli x30, x30, 0x2                      inst_358+4
x30 <- 0x0000000000001D0C

mem[X,0x0000000080002610] -> 0x0E93
mem[X,0x0000000080002612] -> 0x00F0
[2439] [M]: 0x0000000080002610 (0x00F00E93) addi x29, x0, 0xf                       inst_358+8
x29 <- 0x000000000000000F

clint mtime 0x00000000000004C4 (mip.MTI <- 0b1, mip.STI <- 0b0)
mem[X,0x0000000080002614] -> 0x1FB3
mem[X,0x0000000080002616] -> 0x29DF
[2440] [M]: 0x0000000080002614 (0x29DF1FB3) bset x31, x30, x29                      inst_358+12
x31 <- 0x0000000000009D0C

mem[X,0x0000000080002618] -> 0xBC23
mem[X,0x000000008000261A] -> 0x25F3
[2441] [M]: 0x0000000080002618 (0x25F3BC23) sd x31, 0x258(x7)                       inst_358+16
mem[W,0x0000000080005C48] <- 0x0000000000009D0C

clint mtime 0x00000000000004C5 (mip.MTI <- 0b1, mip.STI <- 0b0)
mem[X,0x000000008000261C] -> 0x0F13
mem[X,0x000000008000261E] -> 0x3750
[2442] [M]: 0x000000008000261C (0x37500F13) addi x30, x0, 0x375                     inst_359+0
x30 <- 0x0000000000000375

mem[X,0x0000000080002620] -> 0x1F13
mem[X,0x0000000080002622] -> 0x002F
[2443] [M]: 0x0000000080002620 (0x002F1F13) slli x30, x30, 0x2                      inst_359+4
x30 <- 0x0000000000000DD4

clint mtime 0x00000000000004C6 (mip.MTI <- 0b1, mip.STI <- 0b0)
mem[X,0x0000000080002624] -> 0x0E93
mem[X,0x0000000080002626] -> 0x0020
[2444] [M]: 0x0000000080002624 (0x00200E93) addi x29, x0, 0x2                       inst_359+8
x29 <- 0x0000000000000002

mem[X,0x0000000080002628] -> 0x1FB3
mem[X,0x000000008000262A] -> 0x29DF
[2445] [M]: 0x0000000080002628 (0x29DF1FB3) bset x31, x30, x29                      inst_359+12
x31 <- 0x0000000000000DD4

clint mtime 0x00000000000004C7 (mip.MTI <- 0b1, mip.STI <- 0b0)
mem[X,0x000000008000262C] -> 0xB023
mem[X,0x000000008000262E] -> 0x27F3
[2446] [M]: 0x000000008000262C (0x27F3B023) sd x31, 0x260(x7)                       inst_359+16
mem[W,0x0000000080005C50] <- 0x0000000000000DD4

mem[X,0x0000000080002630] -> 0x0F13
mem[X,0x0000000080002632] -> 0x5D10
[2447] [M]: 0x0000000080002630 (0x5D100F13) addi x30, x0, 0x5d1                     inst_360+0
x30 <- 0x00000000000005D1

clint mtime 0x00000000000004C8 (mip.MTI <- 0b1, mip.STI <- 0b0)
mem[X,0x0000000080002634] -> 0x0E93
mem[X,0x0000000080002636] -> 0x0040
[2448] [M]: 0x0000000080002634 (0x00400E93) addi x29, x0, 0x4                       inst_360+4
x29 <- 0x0000000000000004

mem[X,0x0000000080002638] -> 0x1FB3
mem[X,0x000000008000263A] -> 0x29DF
[2449] [M]: 0x0000000080002638 (0x29DF1FB3) bset x31, x30, x29                      inst_360+8
x31 <- 0x00000000000005D1

clint mtime 0x00000000000004C9 (mip.MTI <- 0b1, mip.STI <- 0b0)
mem[X,0x000000008000263C] -> 0xB423
mem[X,0x000000008000263E] -> 0x27F3
[2450] [M]: 0x000000008000263C (0x27F3B423) sd x31, 0x268(x7)                       inst_360+12
mem[W,0x0000000080005C58] <- 0x00000000000005D1

mem[X,0x0000000080002640] -> 0x0F13
mem[X,0x0000000080002642] -> 0x2A70
[2451] [M]: 0x0000000080002640 (0x2A700F13) addi x30, x0, 0x2a7                     inst_361+0
x30 <- 0x00000000000002A7

clint mtime 0x00000000000004CA (mip.MTI <- 0b1, mip.STI <- 0b0)
mem[X,0x0000000080002644] -> 0x0E93
mem[X,0x0000000080002646] -> 0x0000
[2452] [M]: 0x0000000080002644 (0x00000E93) addi x29, x0, 0x0                       inst_361+4
x29 <- 0x0000000000000000

mem[X,0x0000000080002648] -> 0x1FB3
mem[X,0x000000008000264A] -> 0x29DF
[2453] [M]: 0x0000000080002648 (0x29DF1FB3) bset x31, x30, x29                      inst_361+8
x31 <- 0x00000000000002A7

clint mtime 0x00000000000004CB (mip.MTI <- 0b1, mip.STI <- 0b0)
mem[X,0x000000008000264C] -> 0xB823
mem[X,0x000000008000264E] -> 0x27F3
[2454] [M]: 0x000000008000264C (0x27F3B823) sd x31, 0x270(x7)                       inst_361+12
mem[W,0x0000000080005C60] <- 0x00000000000002A7

mem[X,0x0000000080002650] -> 0x0F13
mem[X,0x0000000080002652] -> 0x1970
[2455] [M]: 0x0000000080002650 (0x19700F13) addi x30, x0, 0x197                     inst_362+0
x30 <- 0x0000000000000197

clint mtime 0x00000000000004CC (mip.MTI <- 0b1, mip.STI <- 0b0)
mem[X,0x0000000080002654] -> 0x0E93
mem[X,0x0000000080002656] -> 0x00A0
[2456] [M]: 0x0000000080002654 (0x00A00E93) addi x29, x0, 0xa                       inst_362+4
x29 <- 0x000000000000000A

mem[X,0x0000000080002658] -> 0x1FB3
mem[X,0x000000008000265A] -> 0x29DF
[2457] [M]: 0x0000000080002658 (0x29DF1FB3) bset x31, x30, x29                      inst_362+8
x31 <- 0x0000000000000597

clint mtime 0x00000000000004CD (mip.MTI <- 0b1, mip.STI <- 0b0)
mem[X,0x000000008000265C] -> 0xBC23
mem[X,0x000000008000265E] -> 0x27F3
[2458] [M]: 0x000000008000265C (0x27F3BC23) sd x31, 0x278(x7)                       inst_362+12
mem[W,0x0000000080005C68] <- 0x0000000000000597

mem[X,0x0000000080002660] -> 0x0F13
mem[X,0x0000000080002662] -> 0x0B90
[2459] [M]: 0x0000000080002660 (0x0B900F13) addi x30, x0, 0xb9                      inst_363+0
x30 <- 0x00000000000000B9

clint mtime 0x00000000000004CE (mip.MTI <- 0b1, mip.STI <- 0b0)
mem[X,0x0000000080002664] -> 0x0E93
mem[X,0x0000000080002666] -> 0x01C0
[2460] [M]: 0x0000000080002664 (0x01C00E93) addi x29, x0, 0x1c                      inst_363+4
x29 <- 0x000000000000001C

mem[X,0x0000000080002668] -> 0x1FB3
mem[X,0x000000008000266A] -> 0x29DF
[2461] [M]: 0x0000000080002668 (0x29DF1FB3) bset x31, x30, x29                      inst_363+8
x31 <- 0x00000000100000B9

clint mtime 0x00000000000004CF (mip.MTI <- 0b1, mip.STI <- 0b0)
mem[X,0x000000008000266C] -> 0xB023
mem[X,0x000000008000266E] -> 0x29F3
[2462] [M]: 0x000000008000266C (0x29F3B023) sd x31, 0x280(x7)                       inst_363+12
mem[W,0x0000000080005C70] <- 0x00000000100000B9

mem[X,0x0000000080002670] -> 0x0F13
mem[X,0x0000000080002672] -> 0x04C0
[2463] [M]: 0x0000000080002670 (0x04C00F13) addi x30, x0, 0x4c                      inst_364+0
x30 <- 0x000000000000004C

clint mtime 0x00000000000004D0 (mip.MTI <- 0b1, mip.STI <- 0b0)
mem[X,0x0000000080002674] -> 0x0E93
mem[X,0x0000000080002676] -> 0x0190
[2464] [M]: 0x0000000080002674 (0x01900E93) addi x29, x0, 0x19                      inst_364+4
x29 <- 0x0000000000000019

mem[X,0x0000000080002678] -> 0x1FB3
mem[X,0x000000008000267A] -> 0x29DF
[2465] [M]: 0x0000000080002678 (0x29DF1FB3) bset x31, x30, x29                      inst_364+8
x31 <- 0x000000000200004C

clint mtime 0x00000000000004D1 (mip.MTI <- 0b1, mip.STI <- 0b0)
mem[X,0x000000008000267C] -> 0xB423
mem[X,0x000000008000267E] -> 0x29F3
[2466] [M]: 0x000000008000267C (0x29F3B423) sd x31, 0x288(x7)                       inst_364+12
mem[W,0x0000000080005C78] <- 0x000000000200004C

mem[X,0x0000000080002680] -> 0x0F13
mem[X,0x0000000080002682] -> 0x0260
[2467] [M]: 0x0000000080002680 (0x02600F13) addi x30, x0, 0x26                      inst_365+0
x30 <- 0x0000000000000026

clint mtime 0x00000000000004D2 (mip.MTI <- 0b1, mip.STI <- 0b0)
mem[X,0x0000000080002684] -> 0x0E93
mem[X,0x0000000080002686] -> 0x0020
[2468] [M]: 0x0000000080002684 (0x00200E93) addi x29, x0, 0x2                       inst_365+4
x29 <- 0x0000000000000002

mem[X,0x0000000080002688] -> 0x1FB3
mem[X,0x000000008000268A] -> 0x29DF
[2469] [M]: 0x0000000080002688 (0x29DF1FB3) bset x31, x30, x29                      inst_365+8
x31 <- 0x0000000000000026

clint mtime 0x00000000000004D3 (mip.MTI <- 0b1, mip.STI <- 0b0)
mem[X,0x000000008000268C] -> 0xB823
mem[X,0x000000008000268E] -> 0x29F3
[2470] [M]: 0x000000008000268C (0x29F3B823) sd x31, 0x290(x7)                       inst_365+12
mem[W,0x0000000080005C80] <- 0x0000000000000026

mem[X,0x0000000080002690] -> 0x0F13
mem[X,0x0000000080002692] -> 0x0120
[2471] [M]: 0x0000000080002690 (0x01200F13) addi x30, x0, 0x12                      inst_366+0
x30 <- 0x0000000000000012

clint mtime 0x00000000000004D4 (mip.MTI <- 0b1, mip.STI <- 0b0)
mem[X,0x0000000080002694] -> 0x0E93
mem[X,0x0000000080002696] -> 0x0090
[2472] [M]: 0x0000000080002694 (0x00900E93) addi x29, x0, 0x9                       inst_366+4
x29 <- 0x0000000000000009

mem[X,0x0000000080002698] -> 0x1FB3
mem[X,0x000000008000269A] -> 0x29DF
[2473] [M]: 0x0000000080002698 (0x29DF1FB3) bset x31, x30, x29                      inst_366+8
x31 <- 0x0000000000000212

clint mtime 0x00000000000004D5 (mip.MTI <- 0b1, mip.STI <- 0b0)
mem[X,0x000000008000269C] -> 0xBC23
mem[X,0x000000008000269E] -> 0x29F3
[2474] [M]: 0x000000008000269C (0x29F3BC23) sd x31, 0x298(x7)                       inst_366+12
mem[W,0x0000000080005C88] <- 0x0000000000000212

mem[X,0x00000000800026A0] -> 0x0F13
mem[X,0x00000000800026A2] -> 0x00C0
[2475] [M]: 0x00000000800026A0 (0x00C00F13) addi x30, x0, 0xc                       inst_367+0
x30 <- 0x000000000000000C

clint mtime 0x00000000000004D6 (mip.MTI <- 0b1, mip.STI <- 0b0)
mem[X,0x00000000800026A4] -> 0x0E93
mem[X,0x00000000800026A6] -> 0x01C0
[2476] [M]: 0x00000000800026A4 (0x01C00E93) addi x29, x0, 0x1c                      inst_367+4
x29 <- 0x000000000000001C

mem[X,0x00000000800026A8] -> 0x1FB3
mem[X,0x00000000800026AA] -> 0x29DF
[2477] [M]: 0x00000000800026A8 (0x29DF1FB3) bset x31, x30, x29                      inst_367+8
x31 <- 0x000000001000000C

clint mtime 0x00000000000004D7 (mip.MTI <- 0b1, mip.STI <- 0b0)
mem[X,0x00000000800026AC] -> 0xB023
mem[X,0x00000000800026AE] -> 0x2BF3
[2478] [M]: 0x00000000800026AC (0x2BF3B023) sd x31, 0x2a0(x7)                       inst_367+12
mem[W,0x0000000080005C90] <- 0x000000001000000C

mem[X,0x00000000800026B0] -> 0x0F13
mem[X,0x00000000800026B2] -> 0x0060
[2479] [M]: 0x00000000800026B0 (0x00600F13) addi x30, x0, 0x6                       inst_368+0
x30 <- 0x0000000000000006

clint mtime 0x00000000000004D8 (mip.MTI <- 0b1, mip.STI <- 0b0)
mem[X,0x00000000800026B4] -> 0x0E93
mem[X,0x00000000800026B6] -> 0x00B0
[2480] [M]: 0x00000000800026B4 (0x00B00E93) addi x29, x0, 0xb                       inst_368+4
x29 <- 0x000000000000000B

mem[X,0x00000000800026B8] -> 0x1FB3
mem[X,0x00000000800026BA] -> 0x29DF
[2481] [M]: 0x00000000800026B8 (0x29DF1FB3) bset x31, x30, x29                      inst_368+8
x31 <- 0x0000000000000806

clint mtime 0x00000000000004D9 (mip.MTI <- 0b1, mip.STI <- 0b0)
mem[X,0x00000000800026BC] -> 0xB423
mem[X,0x00000000800026BE] -> 0x2BF3
[2482] [M]: 0x00000000800026BC (0x2BF3B423) sd x31, 0x2a8(x7)                       inst_368+12
mem[W,0x0000000080005C98] <- 0x0000000000000806

mem[X,0x00000000800026C0] -> 0x0F13
mem[X,0x00000000800026C2] -> 0x0030
[2483] [M]: 0x00000000800026C0 (0x00300F13) addi x30, x0, 0x3                       inst_369+0
x30 <- 0x0000000000000003

clint mtime 0x00000000000004DA (mip.MTI <- 0b1, mip.STI <- 0b0)
mem[X,0x00000000800026C4] -> 0x0E93
mem[X,0x00000000800026C6] -> 0x01E0
[2484] [M]: 0x00000000800026C4 (0x01E00E93) addi x29, x0, 0x1e                      inst_369+4
x29 <- 0x000000000000001E

mem[X,0x00000000800026C8] -> 0x1FB3
mem[X,0x00000000800026CA] -> 0x29DF
[2485] [M]: 0x00000000800026C8 (0x29DF1FB3) bset x31, x30, x29                      inst_369+8
x31 <- 0x0000000040000003

clint mtime 0x00000000000004DB (mip.MTI <- 0b1, mip.STI <- 0b0)
mem[X,0x00000000800026CC] -> 0xB823
mem[X,0x00000000800026CE] -> 0x2BF3
[2486] [M]: 0x00000000800026CC (0x2BF3B823) sd x31, 0x2b0(x7)                       inst_369+12
mem[W,0x0000000080005CA0] <- 0x0000000040000003

mem[X,0x00000000800026D0] -> 0x0F13
mem[X,0x00000000800026D2] -> 0x0010
[2487] [M]: 0x00000000800026D0 (0x00100F13) addi x30, x0, 0x1                       inst_370+0
x30 <- 0x0000000000000001

clint mtime 0x00000000000004DC (mip.MTI <- 0b1, mip.STI <- 0b0)
mem[X,0x00000000800026D4] -> 0x0E93
mem[X,0x00000000800026D6] -> 0x00C0
[2488] [M]: 0x00000000800026D4 (0x00C00E93) addi x29, x0, 0xc                       inst_370+4
x29 <- 0x000000000000000C

mem[X,0x00000000800026D8] -> 0x1FB3
mem[X,0x00000000800026DA] -> 0x29DF
[2489] [M]: 0x00000000800026D8 (0x29DF1FB3) bset x31, x30, x29                      inst_370+8
x31 <- 0x0000000000001001

clint mtime 0x00000000000004DD (mip.MTI <- 0b1, mip.STI <- 0b0)
mem[X,0x00000000800026DC] -> 0xBC23
mem[X,0x00000000800026DE] -> 0x2BF3
[2490] [M]: 0x00000000800026DC (0x2BF3BC23) sd x31, 0x2b8(x7)                       inst_370+12
mem[W,0x0000000080005CA8] <- 0x0000000000001001

mem[X,0x00000000800026E0] -> 0x0F13
mem[X,0x00000000800026E2] -> 0x0000
[2491] [M]: 0x00000000800026E0 (0x00000F13) addi x30, x0, 0x0                       inst_371+0
x30 <- 0x0000000000000000

clint mtime 0x00000000000004DE (mip.MTI <- 0b1, mip.STI <- 0b0)
mem[X,0x00000000800026E4] -> 0x0E93
mem[X,0x00000000800026E6] -> 0x01D0
[2492] [M]: 0x00000000800026E4 (0x01D00E93) addi x29, x0, 0x1d                      inst_371+4
x29 <- 0x000000000000001D

mem[X,0x00000000800026E8] -> 0x1FB3
mem[X,0x00000000800026EA] -> 0x29DF
[2493] [M]: 0x00000000800026E8 (0x29DF1FB3) bset x31, x30, x29                      inst_371+8
x31 <- 0x0000000020000000

clint mtime 0x00000000000004DF (mip.MTI <- 0b1, mip.STI <- 0b0)
mem[X,0x00000000800026EC] -> 0xB023
mem[X,0x00000000800026EE] -> 0x2DF3
[2494] [M]: 0x00000000800026EC (0x2DF3B023) sd x31, 0x2c0(x7)                       inst_371+12
mem[W,0x0000000080005CB0] <- 0x0000000020000000

mem[X,0x00000000800026F0] -> 0x0F37
mem[X,0x00000000800026F2] -> 0x0000
[2495] [M]: 0x00000000800026F0 (0x00000F37) lui x30, 0x0                            inst_372+0
x30 <- 0x0000000000000000

clint mtime 0x00000000000004E0 (mip.MTI <- 0b1, mip.STI <- 0b0)
mem[X,0x00000000800026F4] -> 0x0F13
mem[X,0x00000000800026F6] -> 0x000F
[2496] [M]: 0x00000000800026F4 (0x000F0F13) addi x30, x30, 0x0                      inst_372+4
x30 <- 0x0000000000000000

mem[X,0x00000000800026F8] -> 0x1F13
mem[X,0x00000000800026FA] -> 0x00BF
[2497] [M]: 0x00000000800026F8 (0x00BF1F13) slli x30, x30, 0xb                      inst_372+8
x30 <- 0x0000000000000000

clint mtime 0x00000000000004E1 (mip.MTI <- 0b1, mip.STI <- 0b0)
mem[X,0x00000000800026FC] -> 0x0F13
mem[X,0x00000000800026FE] -> 0x2CAF
[2498] [M]: 0x00000000800026FC (0x2CAF0F13) addi x30, x30, 0x2ca                    inst_372+12
x30 <- 0x00000000000002CA

mem[X,0x0000000080002700] -> 0x1F13
mem[X,0x0000000080002702] -> 0x00BF
[2499] [M]: 0x0000000080002700 (0x00BF1F13) slli x30, x30, 0xb                      inst_372+16
x30 <- 0x0000000000165000

clint mtime 0x00000000000004E2 (mip.MTI <- 0b1, mip.STI <- 0b0)
mem[X,0x0000000080002704] -> 0x0F13
mem[X,0x0000000080002706] -> 0x0CAF
[2500] [M]: 0x0000000080002704 (0x0CAF0F13) addi x30, x30, 0xca                     inst_372+20
x30 <- 0x00000000001650CA

mem[X,0x0000000080002708] -> 0x1F13
mem[X,0x000000008000270A] -> 0x00AF
[2501] [M]: 0x0000000080002708 (0x00AF1F13) slli x30, x30, 0xa                      inst_372+24
x30 <- 0x0000000059432800

clint mtime 0x00000000000004E3 (mip.MTI <- 0b1, mip.STI <- 0b0)
mem[X,0x000000008000270C] -> 0x0F13
mem[X,0x000000008000270E] -> 0x219F
[2502] [M]: 0x000000008000270C (0x219F0F13) addi x30, x30, 0x219                    inst_372+28
x30 <- 0x0000000059432A19

mem[X,0x0000000080002710] -> 0x0E93
mem[X,0x0000000080002712] -> 0x00F0
[2503] [M]: 0x0000000080002710 (0x00F00E93) addi x29, x0, 0xf                       inst_372+32
x29 <- 0x000000000000000F

clint mtime 0x00000000000004E4 (mip.MTI <- 0b1, mip.STI <- 0b0)
mem[X,0x0000000080002714] -> 0x1FB3
mem[X,0x0000000080002716] -> 0x29DF
[2504] [M]: 0x0000000080002714 (0x29DF1FB3) bset x31, x30, x29                      inst_372+36
x31 <- 0x000000005943AA19

mem[X,0x0000000080002718] -> 0xB423
mem[X,0x000000008000271A] -> 0x2DF3
[2505] [M]: 0x0000000080002718 (0x2DF3B423) sd x31, 0x2c8(x7)                       inst_372+40
mem[W,0x0000000080005CB8] <- 0x000000005943AA19

clint mtime 0x00000000000004E5 (mip.MTI <- 0b1, mip.STI <- 0b0)
mem[X,0x000000008000271C] -> 0x8F37
mem[X,0x000000008000271E] -> 0x675A
[2506] [M]: 0x000000008000271C (0x675A8F37) lui x30, 0x675a8                        inst_373+0
x30 <- 0x00000000675A8000

mem[X,0x0000000080002720] -> 0x0F13
mem[X,0x0000000080002722] -> 0x37BF
[2507] [M]: 0x0000000080002720 (0x37BF0F13) addi x30, x30, 0x37b                    inst_373+4
x30 <- 0x00000000675A837B

clint mtime 0x00000000000004E6 (mip.MTI <- 0b1, mip.STI <- 0b0)
mem[X,0x0000000080002724] -> 0x1F13
mem[X,0x0000000080002726] -> 0x001F
[2508] [M]: 0x0000000080002724 (0x001F1F13) slli x30, x30, 0x1                      inst_373+8
x30 <- 0x00000000CEB506F6

mem[X,0x0000000080002728] -> 0x0E93
mem[X,0x000000008000272A] -> 0x0170
[2509] [M]: 0x0000000080002728 (0x01700E93) addi x29, x0, 0x17                      inst_373+12
x29 <- 0x0000000000000017

clint mtime 0x00000000000004E7 (mip.MTI <- 0b1, mip.STI <- 0b0)
mem[X,0x000000008000272C] -> 0x1FB3
mem[X,0x000000008000272E] -> 0x29DF
[2510] [M]: 0x000000008000272C (0x29DF1FB3) bset x31, x30, x29                      inst_373+16
x31 <- 0x00000000CEB506F6

mem[X,0x0000000080002730] -> 0xB823
mem[X,0x0000000080002732] -> 0x2DF3
[2511] [M]: 0x0000000080002730 (0x2DF3B823) sd x31, 0x2d0(x7)                       inst_373+20
mem[W,0x0000000080005CC0] <- 0x00000000CEB506F6

clint mtime 0x00000000000004E8 (mip.MTI <- 0b1, mip.STI <- 0b0)
mem[X,0x0000000080002734] -> 0x0F37
mem[X,0x0000000080002736] -> 0x0000
[2512] [M]: 0x0000000080002734 (0x00000F37) lui x30, 0x0                            inst_374+0
x30 <- 0x0000000000000000

mem[X,0x0000000080002738] -> 0x0F13
mem[X,0x000000008000273A] -> 0x000F
[2513] [M]: 0x0000000080002738 (0x000F0F13) addi x30, x30, 0x0                      inst_374+4
x30 <- 0x0000000000000000

clint mtime 0x00000000000004E9 (mip.MTI <- 0b1, mip.STI <- 0b0)
mem[X,0x000000008000273C] -> 0x1F13
mem[X,0x000000008000273E] -> 0x00BF
[2514] [M]: 0x000000008000273C (0x00BF1F13) slli x30, x30, 0xb                      inst_374+8
x30 <- 0x0000000000000000

mem[X,0x0000000080002740] -> 0x0F13
mem[X,0x0000000080002742] -> 0x62FF
[2515] [M]: 0x0000000080002740 (0x62FF0F13) addi x30, x30, 0x62f                    inst_374+12
x30 <- 0x000000000000062F

clint mtime 0x00000000000004EA (mip.MTI <- 0b1, mip.STI <- 0b0)
mem[X,0x0000000080002744] -> 0x1F13
mem[X,0x0000000080002746] -> 0x00BF
[2516] [M]: 0x0000000080002744 (0x00BF1F13) slli x30, x30, 0xb                      inst_374+16
x30 <- 0x0000000000317800

mem[X,0x0000000080002748] -> 0x0F13
mem[X,0x000000008000274A] -> 0x318F
[2517] [M]: 0x0000000080002748 (0x318F0F13) addi x30, x30, 0x318                    inst_374+20
x30 <- 0x0000000000317B18

clint mtime 0x00000000000004EB (mip.MTI <- 0b1, mip.STI <- 0b0)
mem[X,0x000000008000274C] -> 0x1F13
mem[X,0x000000008000274E] -> 0x00AF
[2518] [M]: 0x000000008000274C (0x00AF1F13) slli x30, x30, 0xa                      inst_374+24
x30 <- 0x00000000C5EC6000

mem[X,0x0000000080002750] -> 0x0F13
mem[X,0x0000000080002752] -> 0x148F
[2519] [M]: 0x0000000080002750 (0x148F0F13) addi x30, x30, 0x148                    inst_374+28
x30 <- 0x00000000C5EC6148

clint mtime 0x00000000000004EC (mip.MTI <- 0b1, mip.STI <- 0b0)
mem[X,0x0000000080002754] -> 0x0E93
mem[X,0x0000000080002756] -> 0x0180
[2520] [M]: 0x0000000080002754 (0x01800E93) addi x29, x0, 0x18                      inst_374+32
x29 <- 0x0000000000000018

mem[X,0x0000000080002758] -> 0x1FB3
mem[X,0x000000008000275A] -> 0x29DF
[2521] [M]: 0x0000000080002758 (0x29DF1FB3) bset x31, x30, x29                      inst_374+36
x31 <- 0x00000000C5EC6148

clint mtime 0x00000000000004ED (mip.MTI <- 0b1, mip.STI <- 0b0)
mem[X,0x000000008000275C] -> 0xBC23
mem[X,0x000000008000275E] -> 0x2DF3
[2522] [M]: 0x000000008000275C (0x2DF3BC23) sd x31, 0x2d8(x7)                       inst_374+40
mem[W,0x0000000080005CC8] <- 0x00000000C5EC6148

mem[X,0x0000000080002760] -> 0x0F37
mem[X,0x0000000080002762] -> 0x0000
[2523] [M]: 0x0000000080002760 (0x00000F37) lui x30, 0x0                            inst_375+0
x30 <- 0x0000000000000000

clint mtime 0x00000000000004EE (mip.MTI <- 0b1, mip.STI <- 0b0)
mem[X,0x0000000080002764] -> 0x0F13
mem[X,0x0000000080002766] -> 0x000F
[2524] [M]: 0x0000000080002764 (0x000F0F13) addi x30, x30, 0x0                      inst_375+4
x30 <- 0x0000000000000000

mem[X,0x0000000080002768] -> 0x1F13
mem[X,0x000000008000276A] -> 0x00BF
[2525] [M]: 0x0000000080002768 (0x00BF1F13) slli x30, x30, 0xb                      inst_375+8
x30 <- 0x0000000000000000

clint mtime 0x00000000000004EF (mip.MTI <- 0b1, mip.STI <- 0b0)
mem[X,0x000000008000276C] -> 0x0F13
mem[X,0x000000008000276E] -> 0x4CFF
[2526] [M]: 0x000000008000276C (0x4CFF0F13) addi x30, x30, 0x4cf                    inst_375+12
x30 <- 0x00000000000004CF

mem[X,0x0000000080002770] -> 0x1F13
mem[X,0x0000000080002772] -> 0x00BF
[2527] [M]: 0x0000000080002770 (0x00BF1F13) slli x30, x30, 0xb                      inst_375+16
x30 <- 0x0000000000267800

clint mtime 0x00000000000004F0 (mip.MTI <- 0b1, mip.STI <- 0b0)
mem[X,0x0000000080002774] -> 0x0F13
mem[X,0x0000000080002776] -> 0x3C6F
[2528] [M]: 0x0000000080002774 (0x3C6F0F13) addi x30, x30, 0x3c6                    inst_375+20
x30 <- 0x0000000000267BC6

mem[X,0x0000000080002778] -> 0x1F13
mem[X,0x000000008000277A] -> 0x00AF
[2529] [M]: 0x0000000080002778 (0x00AF1F13) slli x30, x30, 0xa                      inst_375+24
x30 <- 0x0000000099EF1800

clint mtime 0x00000000000004F1 (mip.MTI <- 0b1, mip.STI <- 0b0)
mem[X,0x000000008000277C] -> 0x0F13
mem[X,0x000000008000277E] -> 0x057F
[2530] [M]: 0x000000008000277C (0x057F0F13) addi x30, x30, 0x57                     inst_375+28
x30 <- 0x0000000099EF1857

mem[X,0x0000000080002780] -> 0x0E93
mem[X,0x0000000080002782] -> 0x01D0
[2531] [M]: 0x0000000080002780 (0x01D00E93) addi x29, x0, 0x1d                      inst_375+32
x29 <- 0x000000000000001D

clint mtime 0x00000000000004F2 (mip.MTI <- 0b1, mip.STI <- 0b0)
mem[X,0x0000000080002784] -> 0x1FB3
mem[X,0x0000000080002786] -> 0x29DF
[2532] [M]: 0x0000000080002784 (0x29DF1FB3) bset x31, x30, x29                      inst_375+36
x31 <- 0x00000000B9EF1857

mem[X,0x0000000080002788] -> 0xB023
mem[X,0x000000008000278A] -> 0x2FF3
[2533] [M]: 0x0000000080002788 (0x2FF3B023) sd x31, 0x2e0(x7)                       inst_375+40
mem[W,0x0000000080005CD0] <- 0x00000000B9EF1857

clint mtime 0x00000000000004F3 (mip.MTI <- 0b1, mip.STI <- 0b0)
mem[X,0x000000008000278C] -> 0x0F37
mem[X,0x000000008000278E] -> 0x0000
[2534] [M]: 0x000000008000278C (0x00000F37) lui x30, 0x0                            inst_376+0
x30 <- 0x0000000000000000

mem[X,0x0000000080002790] -> 0x0F13
mem[X,0x0000000080002792] -> 0x000F
[2535] [M]: 0x0000000080002790 (0x000F0F13) addi x30, x30, 0x0                      inst_376+4
x30 <- 0x0000000000000000

clint mtime 0x00000000000004F4 (mip.MTI <- 0b1, mip.STI <- 0b0)
mem[X,0x0000000080002794] -> 0x1F13
mem[X,0x0000000080002796] -> 0x00BF
[2536] [M]: 0x0000000080002794 (0x00BF1F13) slli x30, x30, 0xb                      inst_376+8
x30 <- 0x0000000000000000

mem[X,0x0000000080002798] -> 0x0F13
mem[X,0x000000008000279A] -> 0x0A5F
[2537] [M]: 0x0000000080002798 (0x0A5F0F13) addi x30, x30, 0xa5                     inst_376+12
x30 <- 0x00000000000000A5

clint mtime 0x00000000000004F5 (mip.MTI <- 0b1, mip.STI <- 0b0)
mem[X,0x000000008000279C] -> 0x1F13
mem[X,0x000000008000279E] -> 0x00BF
[2538] [M]: 0x000000008000279C (0x00BF1F13) slli x30, x30, 0xb                      inst_376+16
x30 <- 0x0000000000052800

mem[X,0x00000000800027A0] -> 0x0F13
mem[X,0x00000000800027A2] -> 0x647F
[2539] [M]: 0x00000000800027A0 (0x647F0F13) addi x30, x30, 0x647                    inst_376+20
x30 <- 0x0000000000052E47

clint mtime 0x00000000000004F6 (mip.MTI <- 0b1, mip.STI <- 0b0)
mem[X,0x00000000800027A4] -> 0x1F13
mem[X,0x00000000800027A6] -> 0x00AF
[2540] [M]: 0x00000000800027A4 (0x00AF1F13) slli x30, x30, 0xa                      inst_376+24
x30 <- 0x0000000014B91C00

mem[X,0x00000000800027A8] -> 0x0F13
mem[X,0x00000000800027AA] -> 0x079F
[2541] [M]: 0x00000000800027A8 (0x079F0F13) addi x30, x30, 0x79                     inst_376+28
x30 <- 0x0000000014B91C79

clint mtime 0x00000000000004F7 (mip.MTI <- 0b1, mip.STI <- 0b0)
mem[X,0x00000000800027AC] -> 0x0E93
mem[X,0x00000000800027AE] -> 0x01E0
[2542] [M]: 0x00000000800027AC (0x01E00E93) addi x29, x0, 0x1e                      inst_376+32
x29 <- 0x000000000000001E

mem[X,0x00000000800027B0] -> 0x1FB3
mem[X,0x00000000800027B2] -> 0x29DF
[2543] [M]: 0x00000000800027B0 (0x29DF1FB3) bset x31, x30, x29                      inst_376+36
x31 <- 0x0000000054B91C79

clint mtime 0x00000000000004F8 (mip.MTI <- 0b1, mip.STI <- 0b0)
mem[X,0x00000000800027B4] -> 0xB423
mem[X,0x00000000800027B6] -> 0x2FF3
[2544] [M]: 0x00000000800027B4 (0x2FF3B423) sd x31, 0x2e8(x7)                       inst_376+40
mem[W,0x0000000080005CD8] <- 0x0000000054B91C79

mem[X,0x00000000800027B8] -> 0x0F37
mem[X,0x00000000800027BA] -> 0x0000
[2545] [M]: 0x00000000800027B8 (0x00000F37) lui x30, 0x0                            inst_377+0
x30 <- 0x0000000000000000

clint mtime 0x00000000000004F9 (mip.MTI <- 0b1, mip.STI <- 0b0)
mem[X,0x00000000800027BC] -> 0x0F13
mem[X,0x00000000800027BE] -> 0x000F
[2546] [M]: 0x00000000800027BC (0x000F0F13) addi x30, x30, 0x0                      inst_377+4
x30 <- 0x0000000000000000

mem[X,0x00000000800027C0] -> 0x1F13
mem[X,0x00000000800027C2] -> 0x00BF
[2547] [M]: 0x00000000800027C0 (0x00BF1F13) slli x30, x30, 0xb                      inst_377+8
x30 <- 0x0000000000000000

clint mtime 0x00000000000004FA (mip.MTI <- 0b1, mip.STI <- 0b0)
mem[X,0x00000000800027C4] -> 0x0F13
mem[X,0x00000000800027C6] -> 0x04BF
[2548] [M]: 0x00000000800027C4 (0x04BF0F13) addi x30, x30, 0x4b                     inst_377+12
x30 <- 0x000000000000004B

mem[X,0x00000000800027C8] -> 0x1F13
mem[X,0x00000000800027CA] -> 0x00BF
[2549] [M]: 0x00000000800027C8 (0x00BF1F13) slli x30, x30, 0xb                      inst_377+16
x30 <- 0x0000000000025800

clint mtime 0x00000000000004FB (mip.MTI <- 0b1, mip.STI <- 0b0)
mem[X,0x00000000800027CC] -> 0x0F13
mem[X,0x00000000800027CE] -> 0x4FAF
[2550] [M]: 0x00000000800027CC (0x4FAF0F13) addi x30, x30, 0x4fa                    inst_377+20
x30 <- 0x0000000000025CFA

mem[X,0x00000000800027D0] -> 0x1F13
mem[X,0x00000000800027D2] -> 0x00AF
[2551] [M]: 0x00000000800027D0 (0x00AF1F13) slli x30, x30, 0xa                      inst_377+24
x30 <- 0x000000000973E800

clint mtime 0x00000000000004FC (mip.MTI <- 0b1, mip.STI <- 0b0)
mem[X,0x00000000800027D4] -> 0x0F13
mem[X,0x00000000800027D6] -> 0x09CF
[2552] [M]: 0x00000000800027D4 (0x09CF0F13) addi x30, x30, 0x9c                     inst_377+28
x30 <- 0x000000000973E89C

mem[X,0x00000000800027D8] -> 0x0E93
mem[X,0x00000000800027DA] -> 0x01F0
[2553] [M]: 0x00000000800027D8 (0x01F00E93) addi x29, x0, 0x1f                      inst_377+32
x29 <- 0x000000000000001F

clint mtime 0x00000000000004FD (mip.MTI <- 0b1, mip.STI <- 0b0)
mem[X,0x00000000800027DC] -> 0x1FB3
mem[X,0x00000000800027DE] -> 0x29DF
[2554] [M]: 0x00000000800027DC (0x29DF1FB3) bset x31, x30, x29                      inst_377+36
x31 <- 0x000000008973E89C

mem[X,0x00000000800027E0] -> 0xB823
mem[X,0x00000000800027E2] -> 0x2FF3
[2555] [M]: 0x00000000800027E0 (0x2FF3B823) sd x31, 0x2f0(x7)                       inst_377+40
mem[W,0x0000000080005CE0] <- 0x000000008973E89C

clint mtime 0x00000000000004FE (mip.MTI <- 0b1, mip.STI <- 0b0)
mem[X,0x00000000800027E4] -> 0x0F37
mem[X,0x00000000800027E6] -> 0x0000
[2556] [M]: 0x00000000800027E4 (0x00000F37) lui x30, 0x0                            inst_378+0
x30 <- 0x0000000000000000

mem[X,0x00000000800027E8] -> 0x0F13
mem[X,0x00000000800027EA] -> 0x000F
[2557] [M]: 0x00000000800027E8 (0x000F0F13) addi x30, x30, 0x0                      inst_378+4
x30 <- 0x0000000000000000

clint mtime 0x00000000000004FF (mip.MTI <- 0b1, mip.STI <- 0b0)
mem[X,0x00000000800027EC] -> 0x1F13
mem[X,0x00000000800027EE] -> 0x00BF
[2558] [M]: 0x00000000800027EC (0x00BF1F13) slli x30, x30, 0xb                      inst_378+8
x30 <- 0x0000000000000000

mem[X,0x00000000800027F0] -> 0x0F13
mem[X,0x00000000800027F2] -> 0x3C2F
[2559] [M]: 0x00000000800027F0 (0x3C2F0F13) addi x30, x30, 0x3c2                    inst_378+12
x30 <- 0x00000000000003C2

clint mtime 0x0000000000000500 (mip.MTI <- 0b1, mip.STI <- 0b0)
mem[X,0x00000000800027F4] -> 0x1F13
mem[X,0x00000000800027F6] -> 0x00BF
[2560] [M]: 0x00000000800027F4 (0x00BF1F13) slli x30, x30, 0xb                      inst_378+16
x30 <- 0x00000000001E1000

mem[X,0x00000000800027F8] -> 0x0F13
mem[X,0x00000000800027FA] -> 0x0EFF
[2561] [M]: 0x00000000800027F8 (0x0EFF0F13) addi x30, x30, 0xef                     inst_378+20
x30 <- 0x00000000001E10EF

clint mtime 0x0000000000000501 (mip.MTI <- 0b1, mip.STI <- 0b0)
mem[X,0x00000000800027FC] -> 0x1F13
mem[X,0x00000000800027FE] -> 0x00AF
[2562] [M]: 0x00000000800027FC (0x00AF1F13) slli x30, x30, 0xa                      inst_378+24
x30 <- 0x000000007843BC00

mem[X,0x0000000080002800] -> 0x0F13
mem[X,0x0000000080002802] -> 0x1B9F
[2563] [M]: 0x0000000080002800 (0x1B9F0F13) addi x30, x30, 0x1b9                    inst_378+28
x30 <- 0x000000007843BDB9

clint mtime 0x0000000000000502 (mip.MTI <- 0b1, mip.STI <- 0b0)
mem[X,0x0000000080002804] -> 0x0E93
mem[X,0x0000000080002806] -> 0x01A0
[2564] [M]: 0x0000000080002804 (0x01A00E93) addi x29, x0, 0x1a                      inst_378+32
x29 <- 0x000000000000001A

mem[X,0x0000000080002808] -> 0x1FB3
mem[X,0x000000008000280A] -> 0x29DF
[2565] [M]: 0x0000000080002808 (0x29DF1FB3) bset x31, x30, x29                      inst_378+36
x31 <- 0x000000007C43BDB9

clint mtime 0x0000000000000503 (mip.MTI <- 0b1, mip.STI <- 0b0)
mem[X,0x000000008000280C] -> 0xBC23
mem[X,0x000000008000280E] -> 0x2FF3
[2566] [M]: 0x000000008000280C (0x2FF3BC23) sd x31, 0x2f8(x7)                       inst_378+40
mem[W,0x0000000080005CE8] <- 0x000000007C43BDB9

mem[X,0x0000000080002810] -> 0x0F37
mem[X,0x0000000080002812] -> 0x0000
[2567] [M]: 0x0000000080002810 (0x00000F37) lui x30, 0x0                            inst_379+0
x30 <- 0x0000000000000000

clint mtime 0x0000000000000504 (mip.MTI <- 0b1, mip.STI <- 0b0)
mem[X,0x0000000080002814] -> 0x0F13
mem[X,0x0000000080002816] -> 0x000F
[2568] [M]: 0x0000000080002814 (0x000F0F13) addi x30, x30, 0x0                      inst_379+4
x30 <- 0x0000000000000000

mem[X,0x0000000080002818] -> 0x1F13
mem[X,0x000000008000281A] -> 0x00BF
[2569] [M]: 0x0000000080002818 (0x00BF1F13) slli x30, x30, 0xb                      inst_379+8
x30 <- 0x0000000000000000

clint mtime 0x0000000000000505 (mip.MTI <- 0b1, mip.STI <- 0b0)
mem[X,0x000000008000281C] -> 0x0F13
mem[X,0x000000008000281E] -> 0x4BCF
[2570] [M]: 0x000000008000281C (0x4BCF0F13) addi x30, x30, 0x4bc                    inst_379+12
x30 <- 0x00000000000004BC

mem[X,0x0000000080002820] -> 0x1F13
mem[X,0x0000000080002822] -> 0x00BF
[2571] [M]: 0x0000000080002820 (0x00BF1F13) slli x30, x30, 0xb                      inst_379+16
x30 <- 0x000000000025E000

clint mtime 0x0000000000000506 (mip.MTI <- 0b1, mip.STI <- 0b0)
mem[X,0x0000000080002824] -> 0x0F13
mem[X,0x0000000080002826] -> 0x632F
[2572] [M]: 0x0000000080002824 (0x632F0F13) addi x30, x30, 0x632                    inst_379+20
x30 <- 0x000000000025E632

mem[X,0x0000000080002828] -> 0x1F13
mem[X,0x000000008000282A] -> 0x00AF
[2573] [M]: 0x0000000080002828 (0x00AF1F13) slli x30, x30, 0xa                      inst_379+24
x30 <- 0x000000009798C800

clint mtime 0x0000000000000507 (mip.MTI <- 0b1, mip.STI <- 0b0)
mem[X,0x000000008000282C] -> 0x0F13
mem[X,0x000000008000282E] -> 0x1D0F
[2574] [M]: 0x000000008000282C (0x1D0F0F13) addi x30, x30, 0x1d0                    inst_379+28
x30 <- 0x000000009798C9D0

mem[X,0x0000000080002830] -> 0x0E93
mem[X,0x0000000080002832] -> 0x00E0
[2575] [M]: 0x0000000080002830 (0x00E00E93) addi x29, x0, 0xe                       inst_379+32
x29 <- 0x000000000000000E

clint mtime 0x0000000000000508 (mip.MTI <- 0b1, mip.STI <- 0b0)
mem[X,0x0000000080002834] -> 0x1FB3
mem[X,0x0000000080002836] -> 0x29DF
[2576] [M]: 0x0000000080002834 (0x29DF1FB3) bset x31, x30, x29                      inst_379+36
x31 <- 0x000000009798C9D0

mem[X,0x0000000080002838] -> 0xB023
mem[X,0x000000008000283A] -> 0x31F3
[2577] [M]: 0x0000000080002838 (0x31F3B023) sd x31, 0x300(x7)                       inst_379+40
mem[W,0x0000000080005CF0] <- 0x000000009798C9D0

clint mtime 0x0000000000000509 (mip.MTI <- 0b1, mip.STI <- 0b0)
mem[X,0x000000008000283C] -> 0x0F37
mem[X,0x000000008000283E] -> 0x0000
[2578] [M]: 0x000000008000283C (0x00000F37) lui x30, 0x0                            inst_380+0
x30 <- 0x0000000000000000

mem[X,0x0000000080002840] -> 0x0F13
mem[X,0x0000000080002842] -> 0x000F
[2579] [M]: 0x0000000080002840 (0x000F0F13) addi x30, x30, 0x0                      inst_380+4
x30 <- 0x0000000000000000

clint mtime 0x000000000000050A (mip.MTI <- 0b1, mip.STI <- 0b0)
mem[X,0x0000000080002844] -> 0x1F13
mem[X,0x0000000080002846] -> 0x00BF
[2580] [M]: 0x0000000080002844 (0x00BF1F13) slli x30, x30, 0xb                      inst_380+8
x30 <- 0x0000000000000000

mem[X,0x0000000080002848] -> 0x0F13
mem[X,0x000000008000284A] -> 0x6C0F
[2581] [M]: 0x0000000080002848 (0x6C0F0F13) addi x30, x30, 0x6c0                    inst_380+12
x30 <- 0x00000000000006C0

clint mtime 0x000000000000050B (mip.MTI <- 0b1, mip.STI <- 0b0)
mem[X,0x000000008000284C] -> 0x1F13
mem[X,0x000000008000284E] -> 0x00BF
[2582] [M]: 0x000000008000284C (0x00BF1F13) slli x30, x30, 0xb                      inst_380+16
x30 <- 0x0000000000360000

mem[X,0x0000000080002850] -> 0x0F13
mem[X,0x0000000080002852] -> 0x535F
[2583] [M]: 0x0000000080002850 (0x535F0F13) addi x30, x30, 0x535                    inst_380+20
x30 <- 0x0000000000360535

clint mtime 0x000000000000050C (mip.MTI <- 0b1, mip.STI <- 0b0)
mem[X,0x0000000080002854] -> 0x1F13
mem[X,0x0000000080002856] -> 0x00AF
[2584] [M]: 0x0000000080002854 (0x00AF1F13) slli x30, x30, 0xa                      inst_380+24
x30 <- 0x00000000D814D400

mem[X,0x0000000080002858] -> 0x0F13
mem[X,0x000000008000285A] -> 0x176F
[2585] [M]: 0x0000000080002858 (0x176F0F13) addi x30, x30, 0x176                    inst_380+28
x30 <- 0x00000000D814D576

clint mtime 0x000000000000050D (mip.MTI <- 0b1, mip.STI <- 0b0)
mem[X,0x000000008000285C] -> 0x0E93
mem[X,0x000000008000285E] -> 0x00A0
[2586] [M]: 0x000000008000285C (0x00A00E93) addi x29, x0, 0xa                       inst_380+32
x29 <- 0x000000000000000A

mem[X,0x0000000080002860] -> 0x1FB3
mem[X,0x0000000080002862] -> 0x29DF
[2587] [M]: 0x0000000080002860 (0x29DF1FB3) bset x31, x30, x29                      inst_380+36
x31 <- 0x00000000D814D576

clint mtime 0x000000000000050E (mip.MTI <- 0b1, mip.STI <- 0b0)
mem[X,0x0000000080002864] -> 0xB423
mem[X,0x0000000080002866] -> 0x31F3
[2588] [M]: 0x0000000080002864 (0x31F3B423) sd x31, 0x308(x7)                       inst_380+40
mem[W,0x0000000080005CF8] <- 0x00000000D814D576

mem[X,0x0000000080002868] -> 0x0F37
mem[X,0x000000008000286A] -> 0x0000
[2589] [M]: 0x0000000080002868 (0x00000F37) lui x30, 0x0                            inst_381+0
x30 <- 0x0000000000000000

clint mtime 0x000000000000050F (mip.MTI <- 0b1, mip.STI <- 0b0)
mem[X,0x000000008000286C] -> 0x0F13
mem[X,0x000000008000286E] -> 0x000F
[2590] [M]: 0x000000008000286C (0x000F0F13) addi x30, x30, 0x0                      inst_381+4
x30 <- 0x0000000000000000

mem[X,0x0000000080002870] -> 0x1F13
mem[X,0x0000000080002872] -> 0x00BF
[2591] [M]: 0x0000000080002870 (0x00BF1F13) slli x30, x30, 0xb                      inst_381+8
x30 <- 0x0000000000000000

clint mtime 0x0000000000000510 (mip.MTI <- 0b1, mip.STI <- 0b0)
mem[X,0x0000000080002874] -> 0x0F13
mem[X,0x0000000080002876] -> 0x705F
[2592] [M]: 0x0000000080002874 (0x705F0F13) addi x30, x30, 0x705                    inst_381+12
x30 <- 0x0000000000000705

mem[X,0x0000000080002878] -> 0x1F13
mem[X,0x000000008000287A] -> 0x00BF
[2593] [M]: 0x0000000080002878 (0x00BF1F13) slli x30, x30, 0xb                      inst_381+16
x30 <- 0x0000000000382800

clint mtime 0x0000000000000511 (mip.MTI <- 0b1, mip.STI <- 0b0)
mem[X,0x000000008000287C] -> 0x0F13
mem[X,0x000000008000287E] -> 0x0DDF
[2594] [M]: 0x000000008000287C (0x0DDF0F13) addi x30, x30, 0xdd                     inst_381+20
x30 <- 0x00000000003828DD

mem[X,0x0000000080002880] -> 0x1F13
mem[X,0x0000000080002882] -> 0x00AF
[2595] [M]: 0x0000000080002880 (0x00AF1F13) slli x30, x30, 0xa                      inst_381+24
x30 <- 0x00000000E0A37400

clint mtime 0x0000000000000512 (mip.MTI <- 0b1, mip.STI <- 0b0)
mem[X,0x0000000080002884] -> 0x0F13
mem[X,0x0000000080002886] -> 0x159F
[2596] [M]: 0x0000000080002884 (0x159F0F13) addi x30, x30, 0x159                    inst_381+28
x30 <- 0x00000000E0A37559

mem[X,0x0000000080002888] -> 0x0E93
mem[X,0x000000008000288A] -> 0x0140
[2597] [M]: 0x0000000080002888 (0x01400E93) addi x29, x0, 0x14                      inst_381+32
x29 <- 0x0000000000000014

clint mtime 0x0000000000000513 (mip.MTI <- 0b1, mip.STI <- 0b0)
mem[X,0x000000008000288C] -> 0x1FB3
mem[X,0x000000008000288E] -> 0x29DF
[2598] [M]: 0x000000008000288C (0x29DF1FB3) bset x31, x30, x29                      inst_381+36
x31 <- 0x00000000E0B37559

mem[X,0x0000000080002890] -> 0xB823
mem[X,0x0000000080002892] -> 0x31F3
[2599] [M]: 0x0000000080002890 (0x31F3B823) sd x31, 0x310(x7)                       inst_381+40
mem[W,0x0000000080005D00] <- 0x00000000E0B37559

clint mtime 0x0000000000000514 (mip.MTI <- 0b1, mip.STI <- 0b0)
mem[X,0x0000000080002894] -> 0xFF37
mem[X,0x0000000080002896] -> 0x1EF3
[2600] [M]: 0x0000000080002894 (0x1EF3FF37) lui x30, 0x1ef3f                        inst_382+0
x30 <- 0x000000001EF3F000

mem[X,0x0000000080002898] -> 0x0F13
mem[X,0x000000008000289A] -> 0x733F
[2601] [M]: 0x0000000080002898 (0x733F0F13) addi x30, x30, 0x733                    inst_382+4
x30 <- 0x000000001EF3F733

clint mtime 0x0000000000000515 (mip.MTI <- 0b1, mip.STI <- 0b0)
mem[X,0x000000008000289C] -> 0x1F13
mem[X,0x000000008000289E] -> 0x003F
[2602] [M]: 0x000000008000289C (0x003F1F13) slli x30, x30, 0x3                      inst_382+8
x30 <- 0x00000000F79FB998

mem[X,0x00000000800028A0] -> 0x0E93
mem[X,0x00000000800028A2] -> 0x01E0
[2603] [M]: 0x00000000800028A0 (0x01E00E93) addi x29, x0, 0x1e                      inst_382+12
x29 <- 0x000000000000001E

clint mtime 0x0000000000000516 (mip.MTI <- 0b1, mip.STI <- 0b0)
mem[X,0x00000000800028A4] -> 0x1FB3
mem[X,0x00000000800028A6] -> 0x29DF
[2604] [M]: 0x00000000800028A4 (0x29DF1FB3) bset x31, x30, x29                      inst_382+16
x31 <- 0x00000000F79FB998

mem[X,0x00000000800028A8] -> 0xBC23
mem[X,0x00000000800028AA] -> 0x31F3
[2605] [M]: 0x00000000800028A8 (0x31F3BC23) sd x31, 0x318(x7)                       inst_382+20
mem[W,0x0000000080005D08] <- 0x00000000F79FB998

clint mtime 0x0000000000000517 (mip.MTI <- 0b1, mip.STI <- 0b0)
mem[X,0x00000000800028AC] -> 0x0F37
mem[X,0x00000000800028AE] -> 0x0000
[2606] [M]: 0x00000000800028AC (0x00000F37) lui x30, 0x0                            inst_383+0
x30 <- 0x0000000000000000

mem[X,0x00000000800028B0] -> 0x0F13
mem[X,0x00000000800028B2] -> 0x000F
[2607] [M]: 0x00000000800028B0 (0x000F0F13) addi x30, x30, 0x0                      inst_383+4
x30 <- 0x0000000000000000

clint mtime 0x0000000000000518 (mip.MTI <- 0b1, mip.STI <- 0b0)
mem[X,0x00000000800028B4] -> 0x1F13
mem[X,0x00000000800028B6] -> 0x00BF
[2608] [M]: 0x00000000800028B4 (0x00BF1F13) slli x30, x30, 0xb                      inst_383+8
x30 <- 0x0000000000000000

mem[X,0x00000000800028B8] -> 0x0F13
mem[X,0x00000000800028BA] -> 0x7C3F
[2609] [M]: 0x00000000800028B8 (0x7C3F0F13) addi x30, x30, 0x7c3                    inst_383+12
x30 <- 0x00000000000007C3

clint mtime 0x0000000000000519 (mip.MTI <- 0b1, mip.STI <- 0b0)
mem[X,0x00000000800028BC] -> 0x1F13
mem[X,0x00000000800028BE] -> 0x00BF
[2610] [M]: 0x00000000800028BC (0x00BF1F13) slli x30, x30, 0xb                      inst_383+16
x30 <- 0x00000000003E1800

mem[X,0x00000000800028C0] -> 0x0F13
mem[X,0x00000000800028C2] -> 0x689F
[2611] [M]: 0x00000000800028C0 (0x689F0F13) addi x30, x30, 0x689                    inst_383+20
x30 <- 0x00000000003E1E89

clint mtime 0x000000000000051A (mip.MTI <- 0b1, mip.STI <- 0b0)
mem[X,0x00000000800028C4] -> 0x1F13
mem[X,0x00000000800028C6] -> 0x00AF
[2612] [M]: 0x00000000800028C4 (0x00AF1F13) slli x30, x30, 0xa                      inst_383+24
x30 <- 0x00000000F87A2400

mem[X,0x00000000800028C8] -> 0x0F13
mem[X,0x00000000800028CA] -> 0x161F
[2613] [M]: 0x00000000800028C8 (0x161F0F13) addi x30, x30, 0x161                    inst_383+28
x30 <- 0x00000000F87A2561

clint mtime 0x000000000000051B (mip.MTI <- 0b1, mip.STI <- 0b0)
mem[X,0x00000000800028CC] -> 0x0E93
mem[X,0x00000000800028CE] -> 0x01C0
[2614] [M]: 0x00000000800028CC (0x01C00E93) addi x29, x0, 0x1c                      inst_383+32
x29 <- 0x000000000000001C

mem[X,0x00000000800028D0] -> 0x1FB3
mem[X,0x00000000800028D2] -> 0x29DF
[2615] [M]: 0x00000000800028D0 (0x29DF1FB3) bset x31, x30, x29                      inst_383+36
x31 <- 0x00000000F87A2561

clint mtime 0x000000000000051C (mip.MTI <- 0b1, mip.STI <- 0b0)
mem[X,0x00000000800028D4] -> 0xB023
mem[X,0x00000000800028D6] -> 0x33F3
[2616] [M]: 0x00000000800028D4 (0x33F3B023) sd x31, 0x320(x7)                       inst_383+40
mem[W,0x0000000080005D10] <- 0x00000000F87A2561

mem[X,0x00000000800028D8] -> 0x0F37
mem[X,0x00000000800028DA] -> 0x0000
[2617] [M]: 0x00000000800028D8 (0x00000F37) lui x30, 0x0                            inst_384+0
x30 <- 0x0000000000000000

clint mtime 0x000000000000051D (mip.MTI <- 0b1, mip.STI <- 0b0)
mem[X,0x00000000800028DC] -> 0x0F13
mem[X,0x00000000800028DE] -> 0x000F
[2618] [M]: 0x00000000800028DC (0x000F0F13) addi x30, x30, 0x0                      inst_384+4
x30 <- 0x0000000000000000

mem[X,0x00000000800028E0] -> 0x1F13
mem[X,0x00000000800028E2] -> 0x00BF
[2619] [M]: 0x00000000800028E0 (0x00BF1F13) slli x30, x30, 0xb                      inst_384+8
x30 <- 0x0000000000000000

clint mtime 0x000000000000051E (mip.MTI <- 0b1, mip.STI <- 0b0)
mem[X,0x00000000800028E4] -> 0x0F13
mem[X,0x00000000800028E6] -> 0x7EDF
[2620] [M]: 0x00000000800028E4 (0x7EDF0F13) addi x30, x30, 0x7ed                    inst_384+12
x30 <- 0x00000000000007ED

mem[X,0x00000000800028E8] -> 0x1F13
mem[X,0x00000000800028EA] -> 0x00BF
[2621] [M]: 0x00000000800028E8 (0x00BF1F13) slli x30, x30, 0xb                      inst_384+16
x30 <- 0x00000000003F6800

clint mtime 0x000000000000051F (mip.MTI <- 0b1, mip.STI <- 0b0)
mem[X,0x00000000800028EC] -> 0x0F13
mem[X,0x00000000800028EE] -> 0x15BF
[2622] [M]: 0x00000000800028EC (0x15BF0F13) addi x30, x30, 0x15b                    inst_384+20
x30 <- 0x00000000003F695B

mem[X,0x00000000800028F0] -> 0x1F13
mem[X,0x00000000800028F2] -> 0x00AF
[2623] [M]: 0x00000000800028F0 (0x00AF1F13) slli x30, x30, 0xa                      inst_384+24
x30 <- 0x00000000FDA56C00

clint mtime 0x0000000000000520 (mip.MTI <- 0b1, mip.STI <- 0b0)
mem[X,0x00000000800028F4] -> 0x0F13
mem[X,0x00000000800028F6] -> 0x17FF
[2624] [M]: 0x00000000800028F4 (0x17FF0F13) addi x30, x30, 0x17f                    inst_384+28
x30 <- 0x00000000FDA56D7F

mem[X,0x00000000800028F8] -> 0x0E93
mem[X,0x00000000800028FA] -> 0x00F0
[2625] [M]: 0x00000000800028F8 (0x00F00E93) addi x29, x0, 0xf                       inst_384+32
x29 <- 0x000000000000000F

clint mtime 0x0000000000000521 (mip.MTI <- 0b1, mip.STI <- 0b0)
mem[X,0x00000000800028FC] -> 0x1FB3
mem[X,0x00000000800028FE] -> 0x29DF
[2626] [M]: 0x00000000800028FC (0x29DF1FB3) bset x31, x30, x29                      inst_384+36
x31 <- 0x00000000FDA5ED7F

mem[X,0x0000000080002900] -> 0xB423
mem[X,0x0000000080002902] -> 0x33F3
[2627] [M]: 0x0000000080002900 (0x33F3B423) sd x31, 0x328(x7)                       inst_384+40
mem[W,0x0000000080005D18] <- 0x00000000FDA5ED7F

clint mtime 0x0000000000000522 (mip.MTI <- 0b1, mip.STI <- 0b0)
mem[X,0x0000000080002904] -> 0x0F37
mem[X,0x0000000080002906] -> 0x0000
[2628] [M]: 0x0000000080002904 (0x00000F37) lui x30, 0x0                            inst_385+0
x30 <- 0x0000000000000000

mem[X,0x0000000080002908] -> 0x0F13
mem[X,0x000000008000290A] -> 0x000F
[2629] [M]: 0x0000000080002908 (0x000F0F13) addi x30, x30, 0x0                      inst_385+4
x30 <- 0x0000000000000000

clint mtime 0x0000000000000523 (mip.MTI <- 0b1, mip.STI <- 0b0)
mem[X,0x000000008000290C] -> 0x1F13
mem[X,0x000000008000290E] -> 0x00BF
[2630] [M]: 0x000000008000290C (0x00BF1F13) slli x30, x30, 0xb                      inst_385+8
x30 <- 0x0000000000000000

mem[X,0x0000000080002910] -> 0x0F13
mem[X,0x0000000080002912] -> 0x7F2F
[2631] [M]: 0x0000000080002910 (0x7F2F0F13) addi x30, x30, 0x7f2                    inst_385+12
x30 <- 0x00000000000007F2

clint mtime 0x0000000000000524 (mip.MTI <- 0b1, mip.STI <- 0b0)
mem[X,0x0000000080002914] -> 0x1F13
mem[X,0x0000000080002916] -> 0x00BF
[2632] [M]: 0x0000000080002914 (0x00BF1F13) slli x30, x30, 0xb                      inst_385+16
x30 <- 0x00000000003F9000

mem[X,0x0000000080002918] -> 0x0F13
mem[X,0x000000008000291A] -> 0x37AF
[2633] [M]: 0x0000000080002918 (0x37AF0F13) addi x30, x30, 0x37a                    inst_385+20
x30 <- 0x00000000003F937A

clint mtime 0x0000000000000525 (mip.MTI <- 0b1, mip.STI <- 0b0)
mem[X,0x000000008000291C] -> 0x1F13
mem[X,0x000000008000291E] -> 0x00AF
[2634] [M]: 0x000000008000291C (0x00AF1F13) slli x30, x30, 0xa                      inst_385+24
x30 <- 0x00000000FE4DE800

mem[X,0x0000000080002920] -> 0x0F13
mem[X,0x0000000080002922] -> 0x2B5F
[2635] [M]: 0x0000000080002920 (0x2B5F0F13) addi x30, x30, 0x2b5                    inst_385+28
x30 <- 0x00000000FE4DEAB5

clint mtime 0x0000000000000526 (mip.MTI <- 0b1, mip.STI <- 0b0)
mem[X,0x0000000080002924] -> 0x0E93
mem[X,0x0000000080002926] -> 0x0170
[2636] [M]: 0x0000000080002924 (0x01700E93) addi x29, x0, 0x17                      inst_385+32
x29 <- 0x0000000000000017

mem[X,0x0000000080002928] -> 0x1FB3
mem[X,0x000000008000292A] -> 0x29DF
[2637] [M]: 0x0000000080002928 (0x29DF1FB3) bset x31, x30, x29                      inst_385+36
x31 <- 0x00000000FECDEAB5

clint mtime 0x0000000000000527 (mip.MTI <- 0b1, mip.STI <- 0b0)
mem[X,0x000000008000292C] -> 0xB823
mem[X,0x000000008000292E] -> 0x33F3
[2638] [M]: 0x000000008000292C (0x33F3B823) sd x31, 0x330(x7)                       inst_385+40
mem[W,0x0000000080005D20] <- 0x00000000FECDEAB5

mem[X,0x0000000080002930] -> 0x0F37
mem[X,0x0000000080002932] -> 0x0000
[2639] [M]: 0x0000000080002930 (0x00000F37) lui x30, 0x0                            inst_386+0
x30 <- 0x0000000000000000

clint mtime 0x0000000000000528 (mip.MTI <- 0b1, mip.STI <- 0b0)
mem[X,0x0000000080002934] -> 0x0F13
mem[X,0x0000000080002936] -> 0x000F
[2640] [M]: 0x0000000080002934 (0x000F0F13) addi x30, x30, 0x0                      inst_386+4
x30 <- 0x0000000000000000

mem[X,0x0000000080002938] -> 0x1F13
mem[X,0x000000008000293A] -> 0x00BF
[2641] [M]: 0x0000000080002938 (0x00BF1F13) slli x30, x30, 0xb                      inst_386+8
x30 <- 0x0000000000000000

clint mtime 0x0000000000000529 (mip.MTI <- 0b1, mip.STI <- 0b0)
mem[X,0x000000008000293C] -> 0x0F13
mem[X,0x000000008000293E] -> 0x7FBF
[2642] [M]: 0x000000008000293C (0x7FBF0F13) addi x30, x30, 0x7fb                    inst_386+12
x30 <- 0x00000000000007FB

mem[X,0x0000000080002940] -> 0x1F13
mem[X,0x0000000080002942] -> 0x00BF
[2643] [M]: 0x0000000080002940 (0x00BF1F13) slli x30, x30, 0xb                      inst_386+16
x30 <- 0x00000000003FD800

clint mtime 0x000000000000052A (mip.MTI <- 0b1, mip.STI <- 0b0)
mem[X,0x0000000080002944] -> 0x0F13
mem[X,0x0000000080002946] -> 0x21DF
[2644] [M]: 0x0000000080002944 (0x21DF0F13) addi x30, x30, 0x21d                    inst_386+20
x30 <- 0x00000000003FDA1D

mem[X,0x0000000080002948] -> 0x1F13
mem[X,0x000000008000294A] -> 0x00AF
[2645] [M]: 0x0000000080002948 (0x00AF1F13) slli x30, x30, 0xa                      inst_386+24
x30 <- 0x00000000FF687400

clint mtime 0x000000000000052B (mip.MTI <- 0b1, mip.STI <- 0b0)
mem[X,0x000000008000294C] -> 0x0F13
mem[X,0x000000008000294E] -> 0x1BBF
[2646] [M]: 0x000000008000294C (0x1BBF0F13) addi x30, x30, 0x1bb                    inst_386+28
x30 <- 0x00000000FF6875BB

mem[X,0x0000000080002950] -> 0x0E93
mem[X,0x0000000080002952] -> 0x0130
[2647] [M]: 0x0000000080002950 (0x01300E93) addi x29, x0, 0x13                      inst_386+32
x29 <- 0x0000000000000013

clint mtime 0x000000000000052C (mip.MTI <- 0b1, mip.STI <- 0b0)
mem[X,0x0000000080002954] -> 0x1FB3
mem[X,0x0000000080002956] -> 0x29DF
[2648] [M]: 0x0000000080002954 (0x29DF1FB3) bset x31, x30, x29                      inst_386+36
x31 <- 0x00000000FF6875BB

mem[X,0x0000000080002958] -> 0xBC23
mem[X,0x000000008000295A] -> 0x33F3
[2649] [M]: 0x0000000080002958 (0x33F3BC23) sd x31, 0x338(x7)                       inst_386+40
mem[W,0x0000000080005D28] <- 0x00000000FF6875BB

clint mtime 0x000000000000052D (mip.MTI <- 0b1, mip.STI <- 0b0)
mem[X,0x000000008000295C] -> 0xFF37
mem[X,0x000000008000295E] -> 0x3FE4
[2650] [M]: 0x000000008000295C (0x3FE4FF37) lui x30, 0x3fe4f                        inst_387+0
x30 <- 0x000000003FE4F000

mem[X,0x0000000080002960] -> 0x0F13
mem[X,0x0000000080002962] -> 0x439F
[2651] [M]: 0x0000000080002960 (0x439F0F13) addi x30, x30, 0x439                    inst_387+4
x30 <- 0x000000003FE4F439

clint mtime 0x000000000000052E (mip.MTI <- 0b1, mip.STI <- 0b0)
mem[X,0x0000000080002964] -> 0x1F13
mem[X,0x0000000080002966] -> 0x002F
[2652] [M]: 0x0000000080002964 (0x002F1F13) slli x30, x30, 0x2                      inst_387+8
x30 <- 0x00000000FF93D0E4

mem[X,0x0000000080002968] -> 0x0E93
mem[X,0x000000008000296A] -> 0x0080
[2653] [M]: 0x0000000080002968 (0x00800E93) addi x29, x0, 0x8                       inst_387+12
x29 <- 0x0000000000000008

clint mtime 0x000000000000052F (mip.MTI <- 0b1, mip.STI <- 0b0)
mem[X,0x000000008000296C] -> 0x1FB3
mem[X,0x000000008000296E] -> 0x29DF
[2654] [M]: 0x000000008000296C (0x29DF1FB3) bset x31, x30, x29                      inst_387+16
x31 <- 0x00000000FF93D1E4

mem[X,0x0000000080002970] -> 0xB023
mem[X,0x0000000080002972] -> 0x35F3
[2655] [M]: 0x0000000080002970 (0x35F3B023) sd x31, 0x340(x7)                       inst_387+20
mem[W,0x0000000080005D30] <- 0x00000000FF93D1E4

clint mtime 0x0000000000000530 (mip.MTI <- 0b1, mip.STI <- 0b0)
mem[X,0x0000000080002974] -> 0x0F37
mem[X,0x0000000080002976] -> 0x0000
[2656] [M]: 0x0000000080002974 (0x00000F37) lui x30, 0x0                            inst_388+0
x30 <- 0x0000000000000000

mem[X,0x0000000080002978] -> 0x0F13
mem[X,0x000000008000297A] -> 0x000F
[2657] [M]: 0x0000000080002978 (0x000F0F13) addi x30, x30, 0x0                      inst_388+4
x30 <- 0x0000000000000000

clint mtime 0x0000000000000531 (mip.MTI <- 0b1, mip.STI <- 0b0)
mem[X,0x000000008000297C] -> 0x1F13
mem[X,0x000000008000297E] -> 0x00BF
[2658] [M]: 0x000000008000297C (0x00BF1F13) slli x30, x30, 0xb                      inst_388+8
x30 <- 0x0000000000000000

mem[X,0x0000000080002980] -> 0x0F13
mem[X,0x0000000080002982] -> 0x7FEF
[2659] [M]: 0x0000000080002980 (0x7FEF0F13) addi x30, x30, 0x7fe                    inst_388+12
x30 <- 0x00000000000007FE

clint mtime 0x0000000000000532 (mip.MTI <- 0b1, mip.STI <- 0b0)
mem[X,0x0000000080002984] -> 0x1F13
mem[X,0x0000000080002986] -> 0x00BF
[2660] [M]: 0x0000000080002984 (0x00BF1F13) slli x30, x30, 0xb                      inst_388+16
x30 <- 0x00000000003FF000

mem[X,0x0000000080002988] -> 0x0F13
mem[X,0x000000008000298A] -> 0x52AF
[2661] [M]: 0x0000000080002988 (0x52AF0F13) addi x30, x30, 0x52a                    inst_388+20
x30 <- 0x00000000003FF52A

clint mtime 0x0000000000000533 (mip.MTI <- 0b1, mip.STI <- 0b0)
mem[X,0x000000008000298C] -> 0x1F13
mem[X,0x000000008000298E] -> 0x00AF
[2662] [M]: 0x000000008000298C (0x00AF1F13) slli x30, x30, 0xa                      inst_388+24
x30 <- 0x00000000FFD4A800

mem[X,0x0000000080002990] -> 0x0F13
mem[X,0x0000000080002992] -> 0x223F
[2663] [M]: 0x0000000080002990 (0x223F0F13) addi x30, x30, 0x223                    inst_388+28
x30 <- 0x00000000FFD4AA23

clint mtime 0x0000000000000534 (mip.MTI <- 0b1, mip.STI <- 0b0)
mem[X,0x0000000080002994] -> 0x0E93
mem[X,0x0000000080002996] -> 0x0000
[2664] [M]: 0x0000000080002994 (0x00000E93) addi x29, x0, 0x0                       inst_388+32
x29 <- 0x0000000000000000

mem[X,0x0000000080002998] -> 0x1FB3
mem[X,0x000000008000299A] -> 0x29DF
[2665] [M]: 0x0000000080002998 (0x29DF1FB3) bset x31, x30, x29                      inst_388+36
x31 <- 0x00000000FFD4AA23

clint mtime 0x0000000000000535 (mip.MTI <- 0b1, mip.STI <- 0b0)
mem[X,0x000000008000299C] -> 0xB423
mem[X,0x000000008000299E] -> 0x35F3
[2666] [M]: 0x000000008000299C (0x35F3B423) sd x31, 0x348(x7)                       inst_388+40
mem[W,0x0000000080005D38] <- 0x00000000FFD4AA23

mem[X,0x00000000800029A0] -> 0x0F37
mem[X,0x00000000800029A2] -> 0x0000
[2667] [M]: 0x00000000800029A0 (0x00000F37) lui x30, 0x0                            inst_389+0
x30 <- 0x0000000000000000

clint mtime 0x0000000000000536 (mip.MTI <- 0b1, mip.STI <- 0b0)
mem[X,0x00000000800029A4] -> 0x0F13
mem[X,0x00000000800029A6] -> 0x000F
[2668] [M]: 0x00000000800029A4 (0x000F0F13) addi x30, x30, 0x0                      inst_389+4
x30 <- 0x0000000000000000

mem[X,0x00000000800029A8] -> 0x1F13
mem[X,0x00000000800029AA] -> 0x00BF
[2669] [M]: 0x00000000800029A8 (0x00BF1F13) slli x30, x30, 0xb                      inst_389+8
x30 <- 0x0000000000000000

clint mtime 0x0000000000000537 (mip.MTI <- 0b1, mip.STI <- 0b0)
mem[X,0x00000000800029AC] -> 0x0F13
mem[X,0x00000000800029AE] -> 0x7FFF
[2670] [M]: 0x00000000800029AC (0x7FFF0F13) addi x30, x30, 0x7ff                    inst_389+12
x30 <- 0x00000000000007FF

mem[X,0x00000000800029B0] -> 0x1F13
mem[X,0x00000000800029B2] -> 0x00BF
[2671] [M]: 0x00000000800029B0 (0x00BF1F13) slli x30, x30, 0xb                      inst_389+16
x30 <- 0x00000000003FF800

clint mtime 0x0000000000000538 (mip.MTI <- 0b1, mip.STI <- 0b0)
mem[X,0x00000000800029B4] -> 0x0F13
mem[X,0x00000000800029B6] -> 0x0BFF
[2672] [M]: 0x00000000800029B4 (0x0BFF0F13) addi x30, x30, 0xbf                     inst_389+20
x30 <- 0x00000000003FF8BF

mem[X,0x00000000800029B8] -> 0x1F13
mem[X,0x00000000800029BA] -> 0x00AF
[2673] [M]: 0x00000000800029B8 (0x00AF1F13) slli x30, x30, 0xa                      inst_389+24
x30 <- 0x00000000FFE2FC00

clint mtime 0x0000000000000539 (mip.MTI <- 0b1, mip.STI <- 0b0)
mem[X,0x00000000800029BC] -> 0x0F13
mem[X,0x00000000800029BE] -> 0x091F
[2674] [M]: 0x00000000800029BC (0x091F0F13) addi x30, x30, 0x91                     inst_389+28
x30 <- 0x00000000FFE2FC91

mem[X,0x00000000800029C0] -> 0x0E93
mem[X,0x00000000800029C2] -> 0x0180
[2675] [M]: 0x00000000800029C0 (0x01800E93) addi x29, x0, 0x18                      inst_389+32
x29 <- 0x0000000000000018

clint mtime 0x000000000000053A (mip.MTI <- 0b1, mip.STI <- 0b0)
mem[X,0x00000000800029C4] -> 0x1FB3
mem[X,0x00000000800029C6] -> 0x29DF
[2676] [M]: 0x00000000800029C4 (0x29DF1FB3) bset x31, x30, x29                      inst_389+36
x31 <- 0x00000000FFE2FC91

mem[X,0x00000000800029C8] -> 0xB823
mem[X,0x00000000800029CA] -> 0x35F3
[2677] [M]: 0x00000000800029C8 (0x35F3B823) sd x31, 0x350(x7)                       inst_389+40
mem[W,0x0000000080005D40] <- 0x00000000FFE2FC91

clint mtime 0x000000000000053B (mip.MTI <- 0b1, mip.STI <- 0b0)
mem[X,0x00000000800029CC] -> 0x0F37
mem[X,0x00000000800029CE] -> 0x0000
[2678] [M]: 0x00000000800029CC (0x00000F37) lui x30, 0x0                            inst_390+0
x30 <- 0x0000000000000000

mem[X,0x00000000800029D0] -> 0x0F13
mem[X,0x00000000800029D2] -> 0x000F
[2679] [M]: 0x00000000800029D0 (0x000F0F13) addi x30, x30, 0x0                      inst_390+4
x30 <- 0x0000000000000000

clint mtime 0x000000000000053C (mip.MTI <- 0b1, mip.STI <- 0b0)
mem[X,0x00000000800029D4] -> 0x1F13
mem[X,0x00000000800029D6] -> 0x00BF
[2680] [M]: 0x00000000800029D4 (0x00BF1F13) slli x30, x30, 0xb                      inst_390+8
x30 <- 0x0000000000000000

mem[X,0x00000000800029D8] -> 0x0F13
mem[X,0x00000000800029DA] -> 0x7FFF
[2681] [M]: 0x00000000800029D8 (0x7FFF0F13) addi x30, x30, 0x7ff                    inst_390+12
x30 <- 0x00000000000007FF

clint mtime 0x000000000000053D (mip.MTI <- 0b1, mip.STI <- 0b0)
mem[X,0x00000000800029DC] -> 0x1F13
mem[X,0x00000000800029DE] -> 0x00BF
[2682] [M]: 0x00000000800029DC (0x00BF1F13) slli x30, x30, 0xb                      inst_390+16
x30 <- 0x00000000003FF800

mem[X,0x00000000800029E0] -> 0x0F13
mem[X,0x00000000800029E2] -> 0x474F
[2683] [M]: 0x00000000800029E0 (0x474F0F13) addi x30, x30, 0x474                    inst_390+20
x30 <- 0x00000000003FFC74

clint mtime 0x000000000000053E (mip.MTI <- 0b1, mip.STI <- 0b0)
mem[X,0x00000000800029E4] -> 0x1F13
mem[X,0x00000000800029E6] -> 0x00AF
[2684] [M]: 0x00000000800029E4 (0x00AF1F13) slli x30, x30, 0xa                      inst_390+24
x30 <- 0x00000000FFF1D000

mem[X,0x00000000800029E8] -> 0x0F13
mem[X,0x00000000800029EA] -> 0x2A0F
[2685] [M]: 0x00000000800029E8 (0x2A0F0F13) addi x30, x30, 0x2a0                    inst_390+28
x30 <- 0x00000000FFF1D2A0

clint mtime 0x000000000000053F (mip.MTI <- 0b1, mip.STI <- 0b0)
mem[X,0x00000000800029EC] -> 0x0E93
mem[X,0x00000000800029EE] -> 0x01C0
[2686] [M]: 0x00000000800029EC (0x01C00E93) addi x29, x0, 0x1c                      inst_390+32
x29 <- 0x000000000000001C

mem[X,0x00000000800029F0] -> 0x1FB3
mem[X,0x00000000800029F2] -> 0x29DF
[2687] [M]: 0x00000000800029F0 (0x29DF1FB3) bset x31, x30, x29                      inst_390+36
x31 <- 0x00000000FFF1D2A0

clint mtime 0x0000000000000540 (mip.MTI <- 0b1, mip.STI <- 0b0)
mem[X,0x00000000800029F4] -> 0xBC23
mem[X,0x00000000800029F6] -> 0x35F3
[2688] [M]: 0x00000000800029F4 (0x35F3BC23) sd x31, 0x358(x7)                       inst_390+40
mem[W,0x0000000080005D48] <- 0x00000000FFF1D2A0

mem[X,0x00000000800029F8] -> 0x0F37
mem[X,0x00000000800029FA] -> 0x0000
[2689] [M]: 0x00000000800029F8 (0x00000F37) lui x30, 0x0                            inst_391+0
x30 <- 0x0000000000000000

clint mtime 0x0000000000000541 (mip.MTI <- 0b1, mip.STI <- 0b0)
mem[X,0x00000000800029FC] -> 0x0F13
mem[X,0x00000000800029FE] -> 0x000F
[2690] [M]: 0x00000000800029FC (0x000F0F13) addi x30, x30, 0x0                      inst_391+4
x30 <- 0x0000000000000000

mem[X,0x0000000080002A00] -> 0x1F13
mem[X,0x0000000080002A02] -> 0x00BF
[2691] [M]: 0x0000000080002A00 (0x00BF1F13) slli x30, x30, 0xb                      inst_391+8
x30 <- 0x0000000000000000

clint mtime 0x0000000000000542 (mip.MTI <- 0b1, mip.STI <- 0b0)
mem[X,0x0000000080002A04] -> 0x0F13
mem[X,0x0000000080002A06] -> 0x7FFF
[2692] [M]: 0x0000000080002A04 (0x7FFF0F13) addi x30, x30, 0x7ff                    inst_391+12
x30 <- 0x00000000000007FF

mem[X,0x0000000080002A08] -> 0x1F13
mem[X,0x0000000080002A0A] -> 0x00BF
[2693] [M]: 0x0000000080002A08 (0x00BF1F13) slli x30, x30, 0xb                      inst_391+16
x30 <- 0x00000000003FF800

clint mtime 0x0000000000000543 (mip.MTI <- 0b1, mip.STI <- 0b0)
mem[X,0x0000000080002A0C] -> 0x0F13
mem[X,0x0000000080002A0E] -> 0x641F
[2694] [M]: 0x0000000080002A0C (0x641F0F13) addi x30, x30, 0x641                    inst_391+20
x30 <- 0x00000000003FFE41

mem[X,0x0000000080002A10] -> 0x1F13
mem[X,0x0000000080002A12] -> 0x00AF
[2695] [M]: 0x0000000080002A10 (0x00AF1F13) slli x30, x30, 0xa                      inst_391+24
x30 <- 0x00000000FFF90400

clint mtime 0x0000000000000544 (mip.MTI <- 0b1, mip.STI <- 0b0)
mem[X,0x0000000080002A14] -> 0x0F13
mem[X,0x0000000080002A16] -> 0x0D1F
[2696] [M]: 0x0000000080002A14 (0x0D1F0F13) addi x30, x30, 0xd1                     inst_391+28
x30 <- 0x00000000FFF904D1

mem[X,0x0000000080002A18] -> 0x0E93
mem[X,0x0000000080002A1A] -> 0x00F0
[2697] [M]: 0x0000000080002A18 (0x00F00E93) addi x29, x0, 0xf                       inst_391+32
x29 <- 0x000000000000000F

clint mtime 0x0000000000000545 (mip.MTI <- 0b1, mip.STI <- 0b0)
mem[X,0x0000000080002A1C] -> 0x1FB3
mem[X,0x0000000080002A1E] -> 0x29DF
[2698] [M]: 0x0000000080002A1C (0x29DF1FB3) bset x31, x30, x29                      inst_391+36
x31 <- 0x00000000FFF984D1

mem[X,0x0000000080002A20] -> 0xB023
mem[X,0x0000000080002A22] -> 0x37F3
[2699] [M]: 0x0000000080002A20 (0x37F3B023) sd x31, 0x360(x7)                       inst_391+40
mem[W,0x0000000080005D50] <- 0x00000000FFF984D1

clint mtime 0x0000000000000546 (mip.MTI <- 0b1, mip.STI <- 0b0)
mem[X,0x0000000080002A24] -> 0x0F37
mem[X,0x0000000080002A26] -> 0x0000
[2700] [M]: 0x0000000080002A24 (0x00000F37) lui x30, 0x0                            inst_392+0
x30 <- 0x0000000000000000

mem[X,0x0000000080002A28] -> 0x0F13
mem[X,0x0000000080002A2A] -> 0x000F
[2701] [M]: 0x0000000080002A28 (0x000F0F13) addi x30, x30, 0x0                      inst_392+4
x30 <- 0x0000000000000000

clint mtime 0x0000000000000547 (mip.MTI <- 0b1, mip.STI <- 0b0)
mem[X,0x0000000080002A2C] -> 0x1F13
mem[X,0x0000000080002A2E] -> 0x00BF
[2702] [M]: 0x0000000080002A2C (0x00BF1F13) slli x30, x30, 0xb                      inst_392+8
x30 <- 0x0000000000000000

mem[X,0x0000000080002A30] -> 0x0F13
mem[X,0x0000000080002A32] -> 0x7FFF
[2703] [M]: 0x0000000080002A30 (0x7FFF0F13) addi x30, x30, 0x7ff                    inst_392+12
x30 <- 0x00000000000007FF

clint mtime 0x0000000000000548 (mip.MTI <- 0b1, mip.STI <- 0b0)
mem[X,0x0000000080002A34] -> 0x1F13
mem[X,0x0000000080002A36] -> 0x00BF
[2704] [M]: 0x0000000080002A34 (0x00BF1F13) slli x30, x30, 0xb                      inst_392+16
x30 <- 0x00000000003FF800

mem[X,0x0000000080002A38] -> 0x0F13
mem[X,0x0000000080002A3A] -> 0x736F
[2705] [M]: 0x0000000080002A38 (0x736F0F13) addi x30, x30, 0x736                    inst_392+20
x30 <- 0x00000000003FFF36

clint mtime 0x0000000000000549 (mip.MTI <- 0b1, mip.STI <- 0b0)
mem[X,0x0000000080002A3C] -> 0x1F13
mem[X,0x0000000080002A3E] -> 0x00AF
[2706] [M]: 0x0000000080002A3C (0x00AF1F13) slli x30, x30, 0xa                      inst_392+24
x30 <- 0x00000000FFFCD800

mem[X,0x0000000080002A40] -> 0x0F13
mem[X,0x0000000080002A42] -> 0x30BF
[2707] [M]: 0x0000000080002A40 (0x30BF0F13) addi x30, x30, 0x30b                    inst_392+28
x30 <- 0x00000000FFFCDB0B

clint mtime 0x000000000000054A (mip.MTI <- 0b1, mip.STI <- 0b0)
mem[X,0x0000000080002A44] -> 0x0E93
mem[X,0x0000000080002A46] -> 0x01D0
[2708] [M]: 0x0000000080002A44 (0x01D00E93) addi x29, x0, 0x1d                      inst_392+32
x29 <- 0x000000000000001D

mem[X,0x0000000080002A48] -> 0x1FB3
mem[X,0x0000000080002A4A] -> 0x29DF
[2709] [M]: 0x0000000080002A48 (0x29DF1FB3) bset x31, x30, x29                      inst_392+36
x31 <- 0x00000000FFFCDB0B

clint mtime 0x000000000000054B (mip.MTI <- 0b1, mip.STI <- 0b0)
mem[X,0x0000000080002A4C] -> 0xB423
mem[X,0x0000000080002A4E] -> 0x37F3
[2710] [M]: 0x0000000080002A4C (0x37F3B423) sd x31, 0x368(x7)                       inst_392+40
mem[W,0x0000000080005D58] <- 0x00000000FFFCDB0B

mem[X,0x0000000080002A50] -> 0xBF37
mem[X,0x0000000080002A52] -> 0x3FFF
[2711] [M]: 0x0000000080002A50 (0x3FFFBF37) lui x30, 0x3fffb                        inst_393+0
x30 <- 0x000000003FFFB000

clint mtime 0x000000000000054C (mip.MTI <- 0b1, mip.STI <- 0b0)
mem[X,0x0000000080002A54] -> 0x0F13
mem[X,0x0000000080002A56] -> 0x0ADF
[2712] [M]: 0x0000000080002A54 (0x0ADF0F13) addi x30, x30, 0xad                     inst_393+4
x30 <- 0x000000003FFFB0AD

mem[X,0x0000000080002A58] -> 0x1F13
mem[X,0x0000000080002A5A] -> 0x002F
[2713] [M]: 0x0000000080002A58 (0x002F1F13) slli x30, x30, 0x2                      inst_393+8
x30 <- 0x00000000FFFEC2B4

clint mtime 0x000000000000054D (mip.MTI <- 0b1, mip.STI <- 0b0)
mem[X,0x0000000080002A5C] -> 0x0E93
mem[X,0x0000000080002A5E] -> 0x0170
[2714] [M]: 0x0000000080002A5C (0x01700E93) addi x29, x0, 0x17                      inst_393+12
x29 <- 0x0000000000000017

mem[X,0x0000000080002A60] -> 0x1FB3
mem[X,0x0000000080002A62] -> 0x29DF
[2715] [M]: 0x0000000080002A60 (0x29DF1FB3) bset x31, x30, x29                      inst_393+16
x31 <- 0x00000000FFFEC2B4

clint mtime 0x000000000000054E (mip.MTI <- 0b1, mip.STI <- 0b0)
mem[X,0x0000000080002A64] -> 0xB823
mem[X,0x0000000080002A66] -> 0x37F3
[2716] [M]: 0x0000000080002A64 (0x37F3B823) sd x31, 0x370(x7)                       inst_393+20
mem[W,0x0000000080005D60] <- 0x00000000FFFEC2B4

mem[X,0x0000000080002A68] -> 0x0F37
mem[X,0x0000000080002A6A] -> 0x0000
[2717] [M]: 0x0000000080002A68 (0x00000F37) lui x30, 0x0                            inst_394+0
x30 <- 0x0000000000000000

clint mtime 0x000000000000054F (mip.MTI <- 0b1, mip.STI <- 0b0)
mem[X,0x0000000080002A6C] -> 0x0F13
mem[X,0x0000000080002A6E] -> 0x000F
[2718] [M]: 0x0000000080002A6C (0x000F0F13) addi x30, x30, 0x0                      inst_394+4
x30 <- 0x0000000000000000

mem[X,0x0000000080002A70] -> 0x1F13
mem[X,0x0000000080002A72] -> 0x00BF
[2719] [M]: 0x0000000080002A70 (0x00BF1F13) slli x30, x30, 0xb                      inst_394+8
x30 <- 0x0000000000000000

clint mtime 0x0000000000000550 (mip.MTI <- 0b1, mip.STI <- 0b0)
mem[X,0x0000000080002A74] -> 0x0F13
mem[X,0x0000000080002A76] -> 0x7FFF
[2720] [M]: 0x0000000080002A74 (0x7FFF0F13) addi x30, x30, 0x7ff                    inst_394+12
x30 <- 0x00000000000007FF

mem[X,0x0000000080002A78] -> 0x1F13
mem[X,0x0000000080002A7A] -> 0x00BF
[2721] [M]: 0x0000000080002A78 (0x00BF1F13) slli x30, x30, 0xb                      inst_394+16
x30 <- 0x00000000003FF800

clint mtime 0x0000000000000551 (mip.MTI <- 0b1, mip.STI <- 0b0)
mem[X,0x0000000080002A7C] -> 0x0F13
mem[X,0x0000000080002A7E] -> 0x7C7F
[2722] [M]: 0x0000000080002A7C (0x7C7F0F13) addi x30, x30, 0x7c7                    inst_394+20
x30 <- 0x00000000003FFFC7

mem[X,0x0000000080002A80] -> 0x1F13
mem[X,0x0000000080002A82] -> 0x00AF
[2723] [M]: 0x0000000080002A80 (0x00AF1F13) slli x30, x30, 0xa                      inst_394+24
x30 <- 0x00000000FFFF1C00

clint mtime 0x0000000000000552 (mip.MTI <- 0b1, mip.STI <- 0b0)
mem[X,0x0000000080002A84] -> 0x0F13
mem[X,0x0000000080002A86] -> 0x25FF
[2724] [M]: 0x0000000080002A84 (0x25FF0F13) addi x30, x30, 0x25f                    inst_394+28
x30 <- 0x00000000FFFF1E5F

mem[X,0x0000000080002A88] -> 0x0E93
mem[X,0x0000000080002A8A] -> 0x0130
[2725] [M]: 0x0000000080002A88 (0x01300E93) addi x29, x0, 0x13                      inst_394+32
x29 <- 0x0000000000000013

clint mtime 0x0000000000000553 (mip.MTI <- 0b1, mip.STI <- 0b0)
mem[X,0x0000000080002A8C] -> 0x1FB3
mem[X,0x0000000080002A8E] -> 0x29DF
[2726] [M]: 0x0000000080002A8C (0x29DF1FB3) bset x31, x30, x29                      inst_394+36
x31 <- 0x00000000FFFF1E5F

mem[X,0x0000000080002A90] -> 0xBC23
mem[X,0x0000000080002A92] -> 0x37F3
[2727] [M]: 0x0000000080002A90 (0x37F3BC23) sd x31, 0x378(x7)                       inst_394+40
mem[W,0x0000000080005D68] <- 0x00000000FFFF1E5F

clint mtime 0x0000000000000554 (mip.MTI <- 0b1, mip.STI <- 0b0)
mem[X,0x0000000080002A94] -> 0xDF37
mem[X,0x0000000080002A96] -> 0x7FFF
[2728] [M]: 0x0000000080002A94 (0x7FFFDF37) lui x30, 0x7fffd                        inst_395+0
x30 <- 0x000000007FFFD000

mem[X,0x0000000080002A98] -> 0x0F13
mem[X,0x0000000080002A9A] -> 0x177F
[2729] [M]: 0x0000000080002A98 (0x177F0F13) addi x30, x30, 0x177                    inst_395+4
x30 <- 0x000000007FFFD177

clint mtime 0x0000000000000555 (mip.MTI <- 0b1, mip.STI <- 0b0)
mem[X,0x0000000080002A9C] -> 0x1F13
mem[X,0x0000000080002A9E] -> 0x001F
[2730] [M]: 0x0000000080002A9C (0x001F1F13) slli x30, x30, 0x1                      inst_395+8
x30 <- 0x00000000FFFFA2EE

mem[X,0x0000000080002AA0] -> 0x0E93
mem[X,0x0000000080002AA2] -> 0x00B0
[2731] [M]: 0x0000000080002AA0 (0x00B00E93) addi x29, x0, 0xb                       inst_395+12
x29 <- 0x000000000000000B

clint mtime 0x0000000000000556 (mip.MTI <- 0b1, mip.STI <- 0b0)
mem[X,0x0000000080002AA4] -> 0x1FB3
mem[X,0x0000000080002AA6] -> 0x29DF
[2732] [M]: 0x0000000080002AA4 (0x29DF1FB3) bset x31, x30, x29                      inst_395+16
x31 <- 0x00000000FFFFAAEE

mem[X,0x0000000080002AA8] -> 0xB023
mem[X,0x0000000080002AAA] -> 0x39F3
[2733] [M]: 0x0000000080002AA8 (0x39F3B023) sd x31, 0x380(x7)                       inst_395+20
mem[W,0x0000000080005D70] <- 0x00000000FFFFAAEE

clint mtime 0x0000000000000557 (mip.MTI <- 0b1, mip.STI <- 0b0)
mem[X,0x0000000080002AAC] -> 0x0F37
mem[X,0x0000000080002AAE] -> 0x0000
[2734] [M]: 0x0000000080002AAC (0x00000F37) lui x30, 0x0                            inst_396+0
x30 <- 0x0000000000000000

mem[X,0x0000000080002AB0] -> 0x0F13
mem[X,0x0000000080002AB2] -> 0x000F
[2735] [M]: 0x0000000080002AB0 (0x000F0F13) addi x30, x30, 0x0                      inst_396+4
x30 <- 0x0000000000000000

clint mtime 0x0000000000000558 (mip.MTI <- 0b1, mip.STI <- 0b0)
mem[X,0x0000000080002AB4] -> 0x1F13
mem[X,0x0000000080002AB6] -> 0x00BF
[2736] [M]: 0x0000000080002AB4 (0x00BF1F13) slli x30, x30, 0xb                      inst_396+8
x30 <- 0x0000000000000000

mem[X,0x0000000080002AB8] -> 0x0F13
mem[X,0x0000000080002ABA] -> 0x7FFF
[2737] [M]: 0x0000000080002AB8 (0x7FFF0F13) addi x30, x30, 0x7ff                    inst_396+12
x30 <- 0x00000000000007FF

clint mtime 0x0000000000000559 (mip.MTI <- 0b1, mip.STI <- 0b0)
mem[X,0x0000000080002ABC] -> 0x1F13
mem[X,0x0000000080002ABE] -> 0x00BF
[2738] [M]: 0x0000000080002ABC (0x00BF1F13) slli x30, x30, 0xb                      inst_396+16
x30 <- 0x00000000003FF800

mem[X,0x0000000080002AC0] -> 0x0F13
mem[X,0x0000000080002AC2] -> 0x7F5F
[2739] [M]: 0x0000000080002AC0 (0x7F5F0F13) addi x30, x30, 0x7f5                    inst_396+20
x30 <- 0x00000000003FFFF5

clint mtime 0x000000000000055A (mip.MTI <- 0b1, mip.STI <- 0b0)
mem[X,0x0000000080002AC4] -> 0x1F13
mem[X,0x0000000080002AC6] -> 0x00AF
[2740] [M]: 0x0000000080002AC4 (0x00AF1F13) slli x30, x30, 0xa                      inst_396+24
x30 <- 0x00000000FFFFD400

mem[X,0x0000000080002AC8] -> 0x0F13
mem[X,0x0000000080002ACA] -> 0x010F
[2741] [M]: 0x0000000080002AC8 (0x010F0F13) addi x30, x30, 0x10                     inst_396+28
x30 <- 0x00000000FFFFD410

clint mtime 0x000000000000055B (mip.MTI <- 0b1, mip.STI <- 0b0)
mem[X,0x0000000080002ACC] -> 0x0E93
mem[X,0x0000000080002ACE] -> 0x0100
[2742] [M]: 0x0000000080002ACC (0x01000E93) addi x29, x0, 0x10                      inst_396+32
x29 <- 0x0000000000000010

mem[X,0x0000000080002AD0] -> 0x1FB3
mem[X,0x0000000080002AD2] -> 0x29DF
[2743] [M]: 0x0000000080002AD0 (0x29DF1FB3) bset x31, x30, x29                      inst_396+36
x31 <- 0x00000000FFFFD410

clint mtime 0x000000000000055C (mip.MTI <- 0b1, mip.STI <- 0b0)
mem[X,0x0000000080002AD4] -> 0xB423
mem[X,0x0000000080002AD6] -> 0x39F3
[2744] [M]: 0x0000000080002AD4 (0x39F3B423) sd x31, 0x388(x7)                       inst_396+40
mem[W,0x0000000080005D78] <- 0x00000000FFFFD410

mem[X,0x0000000080002AD8] -> 0xFF37
mem[X,0x0000000080002ADA] -> 0x7FFF
[2745] [M]: 0x0000000080002AD8 (0x7FFFFF37) lui x30, 0x7ffff                        inst_397+0
x30 <- 0x000000007FFFF000

clint mtime 0x000000000000055D (mip.MTI <- 0b1, mip.STI <- 0b0)
mem[X,0x0000000080002ADC] -> 0x0F13
mem[X,0x0000000080002ADE] -> 0x705F
[2746] [M]: 0x0000000080002ADC (0x705F0F13) addi x30, x30, 0x705                    inst_397+4
x30 <- 0x000000007FFFF705

mem[X,0x0000000080002AE0] -> 0x1F13
mem[X,0x0000000080002AE2] -> 0x001F
[2747] [M]: 0x0000000080002AE0 (0x001F1F13) slli x30, x30, 0x1                      inst_397+8
x30 <- 0x00000000FFFFEE0A

clint mtime 0x000000000000055E (mip.MTI <- 0b1, mip.STI <- 0b0)
mem[X,0x0000000080002AE4] -> 0x0E93
mem[X,0x0000000080002AE6] -> 0x01A0
[2748] [M]: 0x0000000080002AE4 (0x01A00E93) addi x29, x0, 0x1a                      inst_397+12
x29 <- 0x000000000000001A

mem[X,0x0000000080002AE8] -> 0x1FB3
mem[X,0x0000000080002AEA] -> 0x29DF
[2749] [M]: 0x0000000080002AE8 (0x29DF1FB3) bset x31, x30, x29                      inst_397+16
x31 <- 0x00000000FFFFEE0A

clint mtime 0x000000000000055F (mip.MTI <- 0b1, mip.STI <- 0b0)
mem[X,0x0000000080002AEC] -> 0xB823
mem[X,0x0000000080002AEE] -> 0x39F3
[2750] [M]: 0x0000000080002AEC (0x39F3B823) sd x31, 0x390(x7)                       inst_397+20
mem[W,0x0000000080005D80] <- 0x00000000FFFFEE0A

mem[X,0x0000000080002AF0] -> 0x0F37
mem[X,0x0000000080002AF2] -> 0x0000
[2751] [M]: 0x0000000080002AF0 (0x00000F37) lui x30, 0x0                            inst_398+0
x30 <- 0x0000000000000000

clint mtime 0x0000000000000560 (mip.MTI <- 0b1, mip.STI <- 0b0)
mem[X,0x0000000080002AF4] -> 0x0F13
mem[X,0x0000000080002AF6] -> 0x000F
[2752] [M]: 0x0000000080002AF4 (0x000F0F13) addi x30, x30, 0x0                      inst_398+4
x30 <- 0x0000000000000000

mem[X,0x0000000080002AF8] -> 0x1F13
mem[X,0x0000000080002AFA] -> 0x00BF
[2753] [M]: 0x0000000080002AF8 (0x00BF1F13) slli x30, x30, 0xb                      inst_398+8
x30 <- 0x0000000000000000

clint mtime 0x0000000000000561 (mip.MTI <- 0b1, mip.STI <- 0b0)
mem[X,0x0000000080002AFC] -> 0x0F13
mem[X,0x0000000080002AFE] -> 0x7FFF
[2754] [M]: 0x0000000080002AFC (0x7FFF0F13) addi x30, x30, 0x7ff                    inst_398+12
x30 <- 0x00000000000007FF

mem[X,0x0000000080002B00] -> 0x1F13
mem[X,0x0000000080002B02] -> 0x00BF
[2755] [M]: 0x0000000080002B00 (0x00BF1F13) slli x30, x30, 0xb                      inst_398+16
x30 <- 0x00000000003FF800

clint mtime 0x0000000000000562 (mip.MTI <- 0b1, mip.STI <- 0b0)
mem[X,0x0000000080002B04] -> 0x0F13
mem[X,0x0000000080002B06] -> 0x7FCF
[2756] [M]: 0x0000000080002B04 (0x7FCF0F13) addi x30, x30, 0x7fc                    inst_398+20
x30 <- 0x00000000003FFFFC

mem[X,0x0000000080002B08] -> 0x1F13
mem[X,0x0000000080002B0A] -> 0x00AF
[2757] [M]: 0x0000000080002B08 (0x00AF1F13) slli x30, x30, 0xa                      inst_398+24
x30 <- 0x00000000FFFFF000

clint mtime 0x0000000000000563 (mip.MTI <- 0b1, mip.STI <- 0b0)
mem[X,0x0000000080002B0C] -> 0x0F13
mem[X,0x0000000080002B0E] -> 0x32AF
[2758] [M]: 0x0000000080002B0C (0x32AF0F13) addi x30, x30, 0x32a                    inst_398+28
x30 <- 0x00000000FFFFF32A

mem[X,0x0000000080002B10] -> 0x0E93
mem[X,0x0000000080002B12] -> 0x0160
[2759] [M]: 0x0000000080002B10 (0x01600E93) addi x29, x0, 0x16                      inst_398+32
x29 <- 0x0000000000000016

clint mtime 0x0000000000000564 (mip.MTI <- 0b1, mip.STI <- 0b0)
mem[X,0x0000000080002B14] -> 0x1FB3
mem[X,0x0000000080002B16] -> 0x29DF
[2760] [M]: 0x0000000080002B14 (0x29DF1FB3) bset x31, x30, x29                      inst_398+36
x31 <- 0x00000000FFFFF32A

mem[X,0x0000000080002B18] -> 0xBC23
mem[X,0x0000000080002B1A] -> 0x39F3
[2761] [M]: 0x0000000080002B18 (0x39F3BC23) sd x31, 0x398(x7)                       inst_398+40
mem[W,0x0000000080005D88] <- 0x00000000FFFFF32A

clint mtime 0x0000000000000565 (mip.MTI <- 0b1, mip.STI <- 0b0)
mem[X,0x0000000080002B1C] -> 0x0F37
mem[X,0x0000000080002B1E] -> 0x0000
[2762] [M]: 0x0000000080002B1C (0x00000F37) lui x30, 0x0                            inst_399+0
x30 <- 0x0000000000000000

mem[X,0x0000000080002B20] -> 0x0F13
mem[X,0x0000000080002B22] -> 0x000F
[2763] [M]: 0x0000000080002B20 (0x000F0F13) addi x30, x30, 0x0                      inst_399+4
x30 <- 0x0000000000000000

clint mtime 0x0000000000000566 (mip.MTI <- 0b1, mip.STI <- 0b0)
mem[X,0x0000000080002B24] -> 0x1F13
mem[X,0x0000000080002B26] -> 0x00BF
[2764] [M]: 0x0000000080002B24 (0x00BF1F13) slli x30, x30, 0xb                      inst_399+8
x30 <- 0x0000000000000000

mem[X,0x0000000080002B28] -> 0x0F13
mem[X,0x0000000080002B2A] -> 0x7FFF
[2765] [M]: 0x0000000080002B28 (0x7FFF0F13) addi x30, x30, 0x7ff                    inst_399+12
x30 <- 0x00000000000007FF

clint mtime 0x0000000000000567 (mip.MTI <- 0b1, mip.STI <- 0b0)
mem[X,0x0000000080002B2C] -> 0x1F13
mem[X,0x0000000080002B2E] -> 0x00BF
[2766] [M]: 0x0000000080002B2C (0x00BF1F13) slli x30, x30, 0xb                      inst_399+16
x30 <- 0x00000000003FF800

mem[X,0x0000000080002B30] -> 0x0F13
mem[X,0x0000000080002B32] -> 0x7FEF
[2767] [M]: 0x0000000080002B30 (0x7FEF0F13) addi x30, x30, 0x7fe                    inst_399+20
x30 <- 0x00000000003FFFFE

clint mtime 0x0000000000000568 (mip.MTI <- 0b1, mip.STI <- 0b0)
mem[X,0x0000000080002B34] -> 0x1F13
mem[X,0x0000000080002B36] -> 0x00AF
[2768] [M]: 0x0000000080002B34 (0x00AF1F13) slli x30, x30, 0xa                      inst_399+24
x30 <- 0x00000000FFFFF800

mem[X,0x0000000080002B38] -> 0x0F13
mem[X,0x0000000080002B3A] -> 0x384F
[2769] [M]: 0x0000000080002B38 (0x384F0F13) addi x30, x30, 0x384                    inst_399+28
x30 <- 0x00000000FFFFFB84

clint mtime 0x0000000000000569 (mip.MTI <- 0b1, mip.STI <- 0b0)
mem[X,0x0000000080002B3C] -> 0x0E93
mem[X,0x0000000080002B3E] -> 0x0080
[2770] [M]: 0x0000000080002B3C (0x00800E93) addi x29, x0, 0x8                       inst_399+32
x29 <- 0x0000000000000008

mem[X,0x0000000080002B40] -> 0x1FB3
mem[X,0x0000000080002B42] -> 0x29DF
[2771] [M]: 0x0000000080002B40 (0x29DF1FB3) bset x31, x30, x29                      inst_399+36
x31 <- 0x00000000FFFFFB84

clint mtime 0x000000000000056A (mip.MTI <- 0b1, mip.STI <- 0b0)
mem[X,0x0000000080002B44] -> 0xB023
mem[X,0x0000000080002B46] -> 0x3BF3
[2772] [M]: 0x0000000080002B44 (0x3BF3B023) sd x31, 0x3a0(x7)                       inst_399+40
mem[W,0x0000000080005D90] <- 0x00000000FFFFFB84

mem[X,0x0000000080002B48] -> 0x0F37
mem[X,0x0000000080002B4A] -> 0x0000
[2773] [M]: 0x0000000080002B48 (0x00000F37) lui x30, 0x0                            inst_400+0
x30 <- 0x0000000000000000

clint mtime 0x000000000000056B (mip.MTI <- 0b1, mip.STI <- 0b0)
mem[X,0x0000000080002B4C] -> 0x0F13
mem[X,0x0000000080002B4E] -> 0x000F
[2774] [M]: 0x0000000080002B4C (0x000F0F13) addi x30, x30, 0x0                      inst_400+4
x30 <- 0x0000000000000000

mem[X,0x0000000080002B50] -> 0x1F13
mem[X,0x0000000080002B52] -> 0x00BF
[2775] [M]: 0x0000000080002B50 (0x00BF1F13) slli x30, x30, 0xb                      inst_400+8
x30 <- 0x0000000000000000

clint mtime 0x000000000000056C (mip.MTI <- 0b1, mip.STI <- 0b0)
mem[X,0x0000000080002B54] -> 0x0F13
mem[X,0x0000000080002B56] -> 0x7FFF
[2776] [M]: 0x0000000080002B54 (0x7FFF0F13) addi x30, x30, 0x7ff                    inst_400+12
x30 <- 0x00000000000007FF

mem[X,0x0000000080002B58] -> 0x1F13
mem[X,0x0000000080002B5A] -> 0x00BF
[2777] [M]: 0x0000000080002B58 (0x00BF1F13) slli x30, x30, 0xb                      inst_400+16
x30 <- 0x00000000003FF800

clint mtime 0x000000000000056D (mip.MTI <- 0b1, mip.STI <- 0b0)
mem[X,0x0000000080002B5C] -> 0x0F13
mem[X,0x0000000080002B5E] -> 0x7FFF
[2778] [M]: 0x0000000080002B5C (0x7FFF0F13) addi x30, x30, 0x7ff                    inst_400+20
x30 <- 0x00000000003FFFFF

mem[X,0x0000000080002B60] -> 0x1F13
mem[X,0x0000000080002B62] -> 0x00AF
[2779] [M]: 0x0000000080002B60 (0x00AF1F13) slli x30, x30, 0xa                      inst_400+24
x30 <- 0x00000000FFFFFC00

clint mtime 0x000000000000056E (mip.MTI <- 0b1, mip.STI <- 0b0)
mem[X,0x0000000080002B64] -> 0x0F13
mem[X,0x0000000080002B66] -> 0x01DF
[2780] [M]: 0x0000000080002B64 (0x01DF0F13) addi x30, x30, 0x1d                     inst_400+28
x30 <- 0x00000000FFFFFC1D

mem[X,0x0000000080002B68] -> 0x0E93
mem[X,0x0000000080002B6A] -> 0x01A0
[2781] [M]: 0x0000000080002B68 (0x01A00E93) addi x29, x0, 0x1a                      inst_400+32
x29 <- 0x000000000000001A

clint mtime 0x000000000000056F (mip.MTI <- 0b1, mip.STI <- 0b0)
mem[X,0x0000000080002B6C] -> 0x1FB3
mem[X,0x0000000080002B6E] -> 0x29DF
[2782] [M]: 0x0000000080002B6C (0x29DF1FB3) bset x31, x30, x29                      inst_400+36
x31 <- 0x00000000FFFFFC1D

mem[X,0x0000000080002B70] -> 0xB423
mem[X,0x0000000080002B72] -> 0x3BF3
[2783] [M]: 0x0000000080002B70 (0x3BF3B423) sd x31, 0x3a8(x7)                       inst_400+40
mem[W,0x0000000080005D98] <- 0x00000000FFFFFC1D

clint mtime 0x0000000000000570 (mip.MTI <- 0b1, mip.STI <- 0b0)
mem[X,0x0000000080002B74] -> 0x0F37
mem[X,0x0000000080002B76] -> 0x0000
[2784] [M]: 0x0000000080002B74 (0x00000F37) lui x30, 0x0                            inst_401+0
x30 <- 0x0000000000000000

mem[X,0x0000000080002B78] -> 0x0F13
mem[X,0x0000000080002B7A] -> 0x000F
[2785] [M]: 0x0000000080002B78 (0x000F0F13) addi x30, x30, 0x0                      inst_401+4
x30 <- 0x0000000000000000

clint mtime 0x0000000000000571 (mip.MTI <- 0b1, mip.STI <- 0b0)
mem[X,0x0000000080002B7C] -> 0x1F13
mem[X,0x0000000080002B7E] -> 0x00BF
[2786] [M]: 0x0000000080002B7C (0x00BF1F13) slli x30, x30, 0xb                      inst_401+8
x30 <- 0x0000000000000000

mem[X,0x0000000080002B80] -> 0x0F13
mem[X,0x0000000080002B82] -> 0x7FFF
[2787] [M]: 0x0000000080002B80 (0x7FFF0F13) addi x30, x30, 0x7ff                    inst_401+12
x30 <- 0x00000000000007FF

clint mtime 0x0000000000000572 (mip.MTI <- 0b1, mip.STI <- 0b0)
mem[X,0x0000000080002B84] -> 0x1F13
mem[X,0x0000000080002B86] -> 0x00BF
[2788] [M]: 0x0000000080002B84 (0x00BF1F13) slli x30, x30, 0xb                      inst_401+16
x30 <- 0x00000000003FF800

mem[X,0x0000000080002B88] -> 0x0F13
mem[X,0x0000000080002B8A] -> 0x7FFF
[2789] [M]: 0x0000000080002B88 (0x7FFF0F13) addi x30, x30, 0x7ff                    inst_401+20
x30 <- 0x00000000003FFFFF

clint mtime 0x0000000000000573 (mip.MTI <- 0b1, mip.STI <- 0b0)
mem[X,0x0000000080002B8C] -> 0x1F13
mem[X,0x0000000080002B8E] -> 0x00AF
[2790] [M]: 0x0000000080002B8C (0x00AF1F13) slli x30, x30, 0xa                      inst_401+24
x30 <- 0x00000000FFFFFC00

mem[X,0x0000000080002B90] -> 0x0F13
mem[X,0x0000000080002B92] -> 0x231F
[2791] [M]: 0x0000000080002B90 (0x231F0F13) addi x30, x30, 0x231                    inst_401+28
x30 <- 0x00000000FFFFFE31

clint mtime 0x0000000000000574 (mip.MTI <- 0b1, mip.STI <- 0b0)
mem[X,0x0000000080002B94] -> 0x0E93
mem[X,0x0000000080002B96] -> 0x0170
[2792] [M]: 0x0000000080002B94 (0x01700E93) addi x29, x0, 0x17                      inst_401+32
x29 <- 0x0000000000000017

mem[X,0x0000000080002B98] -> 0x1FB3
mem[X,0x0000000080002B9A] -> 0x29DF
[2793] [M]: 0x0000000080002B98 (0x29DF1FB3) bset x31, x30, x29                      inst_401+36
x31 <- 0x00000000FFFFFE31

clint mtime 0x0000000000000575 (mip.MTI <- 0b1, mip.STI <- 0b0)
mem[X,0x0000000080002B9C] -> 0xB823
mem[X,0x0000000080002B9E] -> 0x3BF3
[2794] [M]: 0x0000000080002B9C (0x3BF3B823) sd x31, 0x3b0(x7)                       inst_401+40
mem[W,0x0000000080005DA0] <- 0x00000000FFFFFE31

mem[X,0x0000000080002BA0] -> 0x0F37
mem[X,0x0000000080002BA2] -> 0x0000
[2795] [M]: 0x0000000080002BA0 (0x00000F37) lui x30, 0x0                            inst_402+0
x30 <- 0x0000000000000000

clint mtime 0x0000000000000576 (mip.MTI <- 0b1, mip.STI <- 0b0)
mem[X,0x0000000080002BA4] -> 0x0F13
mem[X,0x0000000080002BA6] -> 0x000F
[2796] [M]: 0x0000000080002BA4 (0x000F0F13) addi x30, x30, 0x0                      inst_402+4
x30 <- 0x0000000000000000

mem[X,0x0000000080002BA8] -> 0x1F13
mem[X,0x0000000080002BAA] -> 0x00BF
[2797] [M]: 0x0000000080002BA8 (0x00BF1F13) slli x30, x30, 0xb                      inst_402+8
x30 <- 0x0000000000000000

clint mtime 0x0000000000000577 (mip.MTI <- 0b1, mip.STI <- 0b0)
mem[X,0x0000000080002BAC] -> 0x0F13
mem[X,0x0000000080002BAE] -> 0x7FFF
[2798] [M]: 0x0000000080002BAC (0x7FFF0F13) addi x30, x30, 0x7ff                    inst_402+12
x30 <- 0x00000000000007FF

mem[X,0x0000000080002BB0] -> 0x1F13
mem[X,0x0000000080002BB2] -> 0x00BF
[2799] [M]: 0x0000000080002BB0 (0x00BF1F13) slli x30, x30, 0xb                      inst_402+16
x30 <- 0x00000000003FF800

clint mtime 0x0000000000000578 (mip.MTI <- 0b1, mip.STI <- 0b0)
mem[X,0x0000000080002BB4] -> 0x0F13
mem[X,0x0000000080002BB6] -> 0x7FFF
[2800] [M]: 0x0000000080002BB4 (0x7FFF0F13) addi x30, x30, 0x7ff                    inst_402+20
x30 <- 0x00000000003FFFFF

mem[X,0x0000000080002BB8] -> 0x1F13
mem[X,0x0000000080002BBA] -> 0x00AF
[2801] [M]: 0x0000000080002BB8 (0x00AF1F13) slli x30, x30, 0xa                      inst_402+24
x30 <- 0x00000000FFFFFC00

clint mtime 0x0000000000000579 (mip.MTI <- 0b1, mip.STI <- 0b0)
mem[X,0x0000000080002BBC] -> 0x0F13
mem[X,0x0000000080002BBE] -> 0x344F
[2802] [M]: 0x0000000080002BBC (0x344F0F13) addi x30, x30, 0x344                    inst_402+28
x30 <- 0x00000000FFFFFF44

mem[X,0x0000000080002BC0] -> 0x0E93
mem[X,0x0000000080002BC2] -> 0x0040
[2803] [M]: 0x0000000080002BC0 (0x00400E93) addi x29, x0, 0x4                       inst_402+32
x29 <- 0x0000000000000004

clint mtime 0x000000000000057A (mip.MTI <- 0b1, mip.STI <- 0b0)
mem[X,0x0000000080002BC4] -> 0x1FB3
mem[X,0x0000000080002BC6] -> 0x29DF
[2804] [M]: 0x0000000080002BC4 (0x29DF1FB3) bset x31, x30, x29                      inst_402+36
x31 <- 0x00000000FFFFFF54

mem[X,0x0000000080002BC8] -> 0xBC23
mem[X,0x0000000080002BCA] -> 0x3BF3
[2805] [M]: 0x0000000080002BC8 (0x3BF3BC23) sd x31, 0x3b8(x7)                       inst_402+40
mem[W,0x0000000080005DA8] <- 0x00000000FFFFFF54

clint mtime 0x000000000000057B (mip.MTI <- 0b1, mip.STI <- 0b0)
mem[X,0x0000000080002BCC] -> 0x0F37
mem[X,0x0000000080002BCE] -> 0x0000
[2806] [M]: 0x0000000080002BCC (0x00000F37) lui x30, 0x0                            inst_403+0
x30 <- 0x0000000000000000

mem[X,0x0000000080002BD0] -> 0x0F13
mem[X,0x0000000080002BD2] -> 0x000F
[2807] [M]: 0x0000000080002BD0 (0x000F0F13) addi x30, x30, 0x0                      inst_403+4
x30 <- 0x0000000000000000

clint mtime 0x000000000000057C (mip.MTI <- 0b1, mip.STI <- 0b0)
mem[X,0x0000000080002BD4] -> 0x1F13
mem[X,0x0000000080002BD6] -> 0x00BF
[2808] [M]: 0x0000000080002BD4 (0x00BF1F13) slli x30, x30, 0xb                      inst_403+8
x30 <- 0x0000000000000000

mem[X,0x0000000080002BD8] -> 0x0F13
mem[X,0x0000000080002BDA] -> 0x7FFF
[2809] [M]: 0x0000000080002BD8 (0x7FFF0F13) addi x30, x30, 0x7ff                    inst_403+12
x30 <- 0x00000000000007FF

clint mtime 0x000000000000057D (mip.MTI <- 0b1, mip.STI <- 0b0)
mem[X,0x0000000080002BDC] -> 0x1F13
mem[X,0x0000000080002BDE] -> 0x00BF
[2810] [M]: 0x0000000080002BDC (0x00BF1F13) slli x30, x30, 0xb                      inst_403+16
x30 <- 0x00000000003FF800

mem[X,0x0000000080002BE0] -> 0x0F13
mem[X,0x0000000080002BE2] -> 0x7FFF
[2811] [M]: 0x0000000080002BE0 (0x7FFF0F13) addi x30, x30, 0x7ff                    inst_403+20
x30 <- 0x00000000003FFFFF

clint mtime 0x000000000000057E (mip.MTI <- 0b1, mip.STI <- 0b0)
mem[X,0x0000000080002BE4] -> 0x1F13
mem[X,0x0000000080002BE6] -> 0x00AF
[2812] [M]: 0x0000000080002BE4 (0x00AF1F13) slli x30, x30, 0xa                      inst_403+24
x30 <- 0x00000000FFFFFC00

mem[X,0x0000000080002BE8] -> 0x0F13
mem[X,0x0000000080002BEA] -> 0x3BAF
[2813] [M]: 0x0000000080002BE8 (0x3BAF0F13) addi x30, x30, 0x3ba                    inst_403+28
x30 <- 0x00000000FFFFFFBA

clint mtime 0x000000000000057F (mip.MTI <- 0b1, mip.STI <- 0b0)
mem[X,0x0000000080002BEC] -> 0x0E93
mem[X,0x0000000080002BEE] -> 0x01F0
[2814] [M]: 0x0000000080002BEC (0x01F00E93) addi x29, x0, 0x1f                      inst_403+32
x29 <- 0x000000000000001F

mem[X,0x0000000080002BF0] -> 0x1FB3
mem[X,0x0000000080002BF2] -> 0x29DF
[2815] [M]: 0x0000000080002BF0 (0x29DF1FB3) bset x31, x30, x29                      inst_403+36
x31 <- 0x00000000FFFFFFBA

clint mtime 0x0000000000000580 (mip.MTI <- 0b1, mip.STI <- 0b0)
mem[X,0x0000000080002BF4] -> 0xB023
mem[X,0x0000000080002BF6] -> 0x3DF3
[2816] [M]: 0x0000000080002BF4 (0x3DF3B023) sd x31, 0x3c0(x7)                       inst_403+40
mem[W,0x0000000080005DB0] <- 0x00000000FFFFFFBA

mem[X,0x0000000080002BF8] -> 0x0F37
mem[X,0x0000000080002BFA] -> 0x0000
[2817] [M]: 0x0000000080002BF8 (0x00000F37) lui x30, 0x0                            inst_404+0
x30 <- 0x0000000000000000

clint mtime 0x0000000000000581 (mip.MTI <- 0b1, mip.STI <- 0b0)
mem[X,0x0000000080002BFC] -> 0x0F13
mem[X,0x0000000080002BFE] -> 0x000F
[2818] [M]: 0x0000000080002BFC (0x000F0F13) addi x30, x30, 0x0                      inst_404+4
x30 <- 0x0000000000000000

mem[X,0x0000000080002C00] -> 0x1F13
mem[X,0x0000000080002C02] -> 0x00BF
[2819] [M]: 0x0000000080002C00 (0x00BF1F13) slli x30, x30, 0xb                      inst_404+8
x30 <- 0x0000000000000000

clint mtime 0x0000000000000582 (mip.MTI <- 0b1, mip.STI <- 0b0)
mem[X,0x0000000080002C04] -> 0x0F13
mem[X,0x0000000080002C06] -> 0x7FFF
[2820] [M]: 0x0000000080002C04 (0x7FFF0F13) addi x30, x30, 0x7ff                    inst_404+12
x30 <- 0x00000000000007FF

mem[X,0x0000000080002C08] -> 0x1F13
mem[X,0x0000000080002C0A] -> 0x00BF
[2821] [M]: 0x0000000080002C08 (0x00BF1F13) slli x30, x30, 0xb                      inst_404+16
x30 <- 0x00000000003FF800

clint mtime 0x0000000000000583 (mip.MTI <- 0b1, mip.STI <- 0b0)
mem[X,0x0000000080002C0C] -> 0x0F13
mem[X,0x0000000080002C0E] -> 0x7FFF
[2822] [M]: 0x0000000080002C0C (0x7FFF0F13) addi x30, x30, 0x7ff                    inst_404+20
x30 <- 0x00000000003FFFFF

mem[X,0x0000000080002C10] -> 0x1F13
mem[X,0x0000000080002C12] -> 0x00AF
[2823] [M]: 0x0000000080002C10 (0x00AF1F13) slli x30, x30, 0xa                      inst_404+24
x30 <- 0x00000000FFFFFC00

clint mtime 0x0000000000000584 (mip.MTI <- 0b1, mip.STI <- 0b0)
mem[X,0x0000000080002C14] -> 0x0F13
mem[X,0x0000000080002C16] -> 0x3C6F
[2824] [M]: 0x0000000080002C14 (0x3C6F0F13) addi x30, x30, 0x3c6                    inst_404+28
x30 <- 0x00000000FFFFFFC6

mem[X,0x0000000080002C18] -> 0x0E93
mem[X,0x0000000080002C1A] -> 0x00A0
[2825] [M]: 0x0000000080002C18 (0x00A00E93) addi x29, x0, 0xa                       inst_404+32
x29 <- 0x000000000000000A

clint mtime 0x0000000000000585 (mip.MTI <- 0b1, mip.STI <- 0b0)
mem[X,0x0000000080002C1C] -> 0x1FB3
mem[X,0x0000000080002C1E] -> 0x29DF
[2826] [M]: 0x0000000080002C1C (0x29DF1FB3) bset x31, x30, x29                      inst_404+36
x31 <- 0x00000000FFFFFFC6

mem[X,0x0000000080002C20] -> 0xB423
mem[X,0x0000000080002C22] -> 0x3DF3
[2827] [M]: 0x0000000080002C20 (0x3DF3B423) sd x31, 0x3c8(x7)                       inst_404+40
mem[W,0x0000000080005DB8] <- 0x00000000FFFFFFC6

clint mtime 0x0000000000000586 (mip.MTI <- 0b1, mip.STI <- 0b0)
mem[X,0x0000000080002C24] -> 0x0F37
mem[X,0x0000000080002C26] -> 0x0000
[2828] [M]: 0x0000000080002C24 (0x00000F37) lui x30, 0x0                            inst_405+0
x30 <- 0x0000000000000000

mem[X,0x0000000080002C28] -> 0x0F13
mem[X,0x0000000080002C2A] -> 0x000F
[2829] [M]: 0x0000000080002C28 (0x000F0F13) addi x30, x30, 0x0                      inst_405+4
x30 <- 0x0000000000000000

clint mtime 0x0000000000000587 (mip.MTI <- 0b1, mip.STI <- 0b0)
mem[X,0x0000000080002C2C] -> 0x1F13
mem[X,0x0000000080002C2E] -> 0x00BF
[2830] [M]: 0x0000000080002C2C (0x00BF1F13) slli x30, x30, 0xb                      inst_405+8
x30 <- 0x0000000000000000

mem[X,0x0000000080002C30] -> 0x0F13
mem[X,0x0000000080002C32] -> 0x7FFF
[2831] [M]: 0x0000000080002C30 (0x7FFF0F13) addi x30, x30, 0x7ff                    inst_405+12
x30 <- 0x00000000000007FF

clint mtime 0x0000000000000588 (mip.MTI <- 0b1, mip.STI <- 0b0)
mem[X,0x0000000080002C34] -> 0x1F13
mem[X,0x0000000080002C36] -> 0x00BF
[2832] [M]: 0x0000000080002C34 (0x00BF1F13) slli x30, x30, 0xb                      inst_405+16
x30 <- 0x00000000003FF800

mem[X,0x0000000080002C38] -> 0x0F13
mem[X,0x0000000080002C3A] -> 0x7FFF
[2833] [M]: 0x0000000080002C38 (0x7FFF0F13) addi x30, x30, 0x7ff                    inst_405+20
x30 <- 0x00000000003FFFFF

clint mtime 0x0000000000000589 (mip.MTI <- 0b1, mip.STI <- 0b0)
mem[X,0x0000000080002C3C] -> 0x1F13
mem[X,0x0000000080002C3E] -> 0x00AF
[2834] [M]: 0x0000000080002C3C (0x00AF1F13) slli x30, x30, 0xa                      inst_405+24
x30 <- 0x00000000FFFFFC00

mem[X,0x0000000080002C40] -> 0x0F13
mem[X,0x0000000080002C42] -> 0x3E8F
[2835] [M]: 0x0000000080002C40 (0x3E8F0F13) addi x30, x30, 0x3e8                    inst_405+28
x30 <- 0x00000000FFFFFFE8

clint mtime 0x000000000000058A (mip.MTI <- 0b1, mip.STI <- 0b0)
mem[X,0x0000000080002C44] -> 0x0E93
mem[X,0x0000000080002C46] -> 0x0110
[2836] [M]: 0x0000000080002C44 (0x01100E93) addi x29, x0, 0x11                      inst_405+32
x29 <- 0x0000000000000011

mem[X,0x0000000080002C48] -> 0x1FB3
mem[X,0x0000000080002C4A] -> 0x29DF
[2837] [M]: 0x0000000080002C48 (0x29DF1FB3) bset x31, x30, x29                      inst_405+36
x31 <- 0x00000000FFFFFFE8

clint mtime 0x000000000000058B (mip.MTI <- 0b1, mip.STI <- 0b0)
mem[X,0x0000000080002C4C] -> 0xB823
mem[X,0x0000000080002C4E] -> 0x3DF3
[2838] [M]: 0x0000000080002C4C (0x3DF3B823) sd x31, 0x3d0(x7)                       inst_405+40
mem[W,0x0000000080005DC0] <- 0x00000000FFFFFFE8

mem[X,0x0000000080002C50] -> 0x0F37
mem[X,0x0000000080002C52] -> 0x0000
[2839] [M]: 0x0000000080002C50 (0x00000F37) lui x30, 0x0                            inst_406+0
x30 <- 0x0000000000000000

clint mtime 0x000000000000058C (mip.MTI <- 0b1, mip.STI <- 0b0)
mem[X,0x0000000080002C54] -> 0x0F13
mem[X,0x0000000080002C56] -> 0x000F
[2840] [M]: 0x0000000080002C54 (0x000F0F13) addi x30, x30, 0x0                      inst_406+4
x30 <- 0x0000000000000000

mem[X,0x0000000080002C58] -> 0x1F13
mem[X,0x0000000080002C5A] -> 0x00BF
[2841] [M]: 0x0000000080002C58 (0x00BF1F13) slli x30, x30, 0xb                      inst_406+8
x30 <- 0x0000000000000000

clint mtime 0x000000000000058D (mip.MTI <- 0b1, mip.STI <- 0b0)
mem[X,0x0000000080002C5C] -> 0x0F13
mem[X,0x0000000080002C5E] -> 0x7FFF
[2842] [M]: 0x0000000080002C5C (0x7FFF0F13) addi x30, x30, 0x7ff                    inst_406+12
x30 <- 0x00000000000007FF

mem[X,0x0000000080002C60] -> 0x1F13
mem[X,0x0000000080002C62] -> 0x00BF
[2843] [M]: 0x0000000080002C60 (0x00BF1F13) slli x30, x30, 0xb                      inst_406+16
x30 <- 0x00000000003FF800

clint mtime 0x000000000000058E (mip.MTI <- 0b1, mip.STI <- 0b0)
mem[X,0x0000000080002C64] -> 0x0F13
mem[X,0x0000000080002C66] -> 0x7FFF
[2844] [M]: 0x0000000080002C64 (0x7FFF0F13) addi x30, x30, 0x7ff                    inst_406+20
x30 <- 0x00000000003FFFFF

mem[X,0x0000000080002C68] -> 0x1F13
mem[X,0x0000000080002C6A] -> 0x00AF
[2845] [M]: 0x0000000080002C68 (0x00AF1F13) slli x30, x30, 0xa                      inst_406+24
x30 <- 0x00000000FFFFFC00

clint mtime 0x000000000000058F (mip.MTI <- 0b1, mip.STI <- 0b0)
mem[X,0x0000000080002C6C] -> 0x0F13
mem[X,0x0000000080002C6E] -> 0x3F2F
[2846] [M]: 0x0000000080002C6C (0x3F2F0F13) addi x30, x30, 0x3f2                    inst_406+28
x30 <- 0x00000000FFFFFFF2

mem[X,0x0000000080002C70] -> 0x0E93
mem[X,0x0000000080002C72] -> 0x01F0
[2847] [M]: 0x0000000080002C70 (0x01F00E93) addi x29, x0, 0x1f                      inst_406+32
x29 <- 0x000000000000001F

clint mtime 0x0000000000000590 (mip.MTI <- 0b1, mip.STI <- 0b0)
mem[X,0x0000000080002C74] -> 0x1FB3
mem[X,0x0000000080002C76] -> 0x29DF
[2848] [M]: 0x0000000080002C74 (0x29DF1FB3) bset x31, x30, x29                      inst_406+36
x31 <- 0x00000000FFFFFFF2

mem[X,0x0000000080002C78] -> 0xBC23
mem[X,0x0000000080002C7A] -> 0x3DF3
[2849] [M]: 0x0000000080002C78 (0x3DF3BC23) sd x31, 0x3d8(x7)                       inst_406+40
mem[W,0x0000000080005DC8] <- 0x00000000FFFFFFF2

clint mtime 0x0000000000000591 (mip.MTI <- 0b1, mip.STI <- 0b0)
mem[X,0x0000000080002C7C] -> 0x0F37
mem[X,0x0000000080002C7E] -> 0x0000
[2850] [M]: 0x0000000080002C7C (0x00000F37) lui x30, 0x0                            inst_407+0
x30 <- 0x0000000000000000

mem[X,0x0000000080002C80] -> 0x0F13
mem[X,0x0000000080002C82] -> 0x000F
[2851] [M]: 0x0000000080002C80 (0x000F0F13) addi x30, x30, 0x0                      inst_407+4
x30 <- 0x0000000000000000

clint mtime 0x0000000000000592 (mip.MTI <- 0b1, mip.STI <- 0b0)
mem[X,0x0000000080002C84] -> 0x1F13
mem[X,0x0000000080002C86] -> 0x00BF
[2852] [M]: 0x0000000080002C84 (0x00BF1F13) slli x30, x30, 0xb                      inst_407+8
x30 <- 0x0000000000000000

mem[X,0x0000000080002C88] -> 0x0F13
mem[X,0x0000000080002C8A] -> 0x7FFF
[2853] [M]: 0x0000000080002C88 (0x7FFF0F13) addi x30, x30, 0x7ff                    inst_407+12
x30 <- 0x00000000000007FF

clint mtime 0x0000000000000593 (mip.MTI <- 0b1, mip.STI <- 0b0)
mem[X,0x0000000080002C8C] -> 0x1F13
mem[X,0x0000000080002C8E] -> 0x00BF
[2854] [M]: 0x0000000080002C8C (0x00BF1F13) slli x30, x30, 0xb                      inst_407+16
x30 <- 0x00000000003FF800

mem[X,0x0000000080002C90] -> 0x0F13
mem[X,0x0000000080002C92] -> 0x7FFF
[2855] [M]: 0x0000000080002C90 (0x7FFF0F13) addi x30, x30, 0x7ff                    inst_407+20
x30 <- 0x00000000003FFFFF

clint mtime 0x0000000000000594 (mip.MTI <- 0b1, mip.STI <- 0b0)
mem[X,0x0000000080002C94] -> 0x1F13
mem[X,0x0000000080002C96] -> 0x00AF
[2856] [M]: 0x0000000080002C94 (0x00AF1F13) slli x30, x30, 0xa                      inst_407+24
x30 <- 0x00000000FFFFFC00

mem[X,0x0000000080002C98] -> 0x0F13
mem[X,0x0000000080002C9A] -> 0x3F9F
[2857] [M]: 0x0000000080002C98 (0x3F9F0F13) addi x30, x30, 0x3f9                    inst_407+28
x30 <- 0x00000000FFFFFFF9

clint mtime 0x0000000000000595 (mip.MTI <- 0b1, mip.STI <- 0b0)
mem[X,0x0000000080002C9C] -> 0x0E93
mem[X,0x0000000080002C9E] -> 0x01D0
[2858] [M]: 0x0000000080002C9C (0x01D00E93) addi x29, x0, 0x1d                      inst_407+32
x29 <- 0x000000000000001D

mem[X,0x0000000080002CA0] -> 0x1FB3
mem[X,0x0000000080002CA2] -> 0x29DF
[2859] [M]: 0x0000000080002CA0 (0x29DF1FB3) bset x31, x30, x29                      inst_407+36
x31 <- 0x00000000FFFFFFF9

clint mtime 0x0000000000000596 (mip.MTI <- 0b1, mip.STI <- 0b0)
mem[X,0x0000000080002CA4] -> 0xB023
mem[X,0x0000000080002CA6] -> 0x3FF3
[2860] [M]: 0x0000000080002CA4 (0x3FF3B023) sd x31, 0x3e0(x7)                       inst_407+40
mem[W,0x0000000080005DD0] <- 0x00000000FFFFFFF9

mem[X,0x0000000080002CA8] -> 0x0F37
mem[X,0x0000000080002CAA] -> 0x0000
[2861] [M]: 0x0000000080002CA8 (0x00000F37) lui x30, 0x0                            inst_408+0
x30 <- 0x0000000000000000

clint mtime 0x0000000000000597 (mip.MTI <- 0b1, mip.STI <- 0b0)
mem[X,0x0000000080002CAC] -> 0x0F13
mem[X,0x0000000080002CAE] -> 0x000F
[2862] [M]: 0x0000000080002CAC (0x000F0F13) addi x30, x30, 0x0                      inst_408+4
x30 <- 0x0000000000000000

mem[X,0x0000000080002CB0] -> 0x1F13
mem[X,0x0000000080002CB2] -> 0x00BF
[2863] [M]: 0x0000000080002CB0 (0x00BF1F13) slli x30, x30, 0xb                      inst_408+8
x30 <- 0x0000000000000000

clint mtime 0x0000000000000598 (mip.MTI <- 0b1, mip.STI <- 0b0)
mem[X,0x0000000080002CB4] -> 0x0F13
mem[X,0x0000000080002CB6] -> 0x7FFF
[2864] [M]: 0x0000000080002CB4 (0x7FFF0F13) addi x30, x30, 0x7ff                    inst_408+12
x30 <- 0x00000000000007FF

mem[X,0x0000000080002CB8] -> 0x1F13
mem[X,0x0000000080002CBA] -> 0x00BF
[2865] [M]: 0x0000000080002CB8 (0x00BF1F13) slli x30, x30, 0xb                      inst_408+16
x30 <- 0x00000000003FF800

clint mtime 0x0000000000000599 (mip.MTI <- 0b1, mip.STI <- 0b0)
mem[X,0x0000000080002CBC] -> 0x0F13
mem[X,0x0000000080002CBE] -> 0x7FFF
[2866] [M]: 0x0000000080002CBC (0x7FFF0F13) addi x30, x30, 0x7ff                    inst_408+20
x30 <- 0x00000000003FFFFF

mem[X,0x0000000080002CC0] -> 0x1F13
mem[X,0x0000000080002CC2] -> 0x00AF
[2867] [M]: 0x0000000080002CC0 (0x00AF1F13) slli x30, x30, 0xa                      inst_408+24
x30 <- 0x00000000FFFFFC00

clint mtime 0x000000000000059A (mip.MTI <- 0b1, mip.STI <- 0b0)
mem[X,0x0000000080002CC4] -> 0x0F13
mem[X,0x0000000080002CC6] -> 0x3FDF
[2868] [M]: 0x0000000080002CC4 (0x3FDF0F13) addi x30, x30, 0x3fd                    inst_408+28
x30 <- 0x00000000FFFFFFFD

mem[X,0x0000000080002CC8] -> 0x0E93
mem[X,0x0000000080002CCA] -> 0x0000
[2869] [M]: 0x0000000080002CC8 (0x00000E93) addi x29, x0, 0x0                       inst_408+32
x29 <- 0x0000000000000000

clint mtime 0x000000000000059B (mip.MTI <- 0b1, mip.STI <- 0b0)
mem[X,0x0000000080002CCC] -> 0x1FB3
mem[X,0x0000000080002CCE] -> 0x29DF
[2870] [M]: 0x0000000080002CCC (0x29DF1FB3) bset x31, x30, x29                      inst_408+36
x31 <- 0x00000000FFFFFFFD

mem[X,0x0000000080002CD0] -> 0xB423
mem[X,0x0000000080002CD2] -> 0x3FF3
[2871] [M]: 0x0000000080002CD0 (0x3FF3B423) sd x31, 0x3e8(x7)                       inst_408+40
mem[W,0x0000000080005DD8] <- 0x00000000FFFFFFFD

clint mtime 0x000000000000059C (mip.MTI <- 0b1, mip.STI <- 0b0)
mem[X,0x0000000080002CD4] -> 0x0F13
mem[X,0x0000000080002CD6] -> 0xFFF0
[2872] [M]: 0x0000000080002CD4 (0xFFF00F13) addi x30, x0, -0x1                      inst_409+0
x30 <- 0xFFFFFFFFFFFFFFFF

mem[X,0x0000000080002CD8] -> 0x5F13
mem[X,0x0000000080002CDA] -> 0x021F
[2873] [M]: 0x0000000080002CD8 (0x021F5F13) srli x30, x30, 0x21                     inst_409+4
x30 <- 0x000000007FFFFFFF

clint mtime 0x000000000000059D (mip.MTI <- 0b1, mip.STI <- 0b0)
mem[X,0x0000000080002CDC] -> 0x1F13
mem[X,0x0000000080002CDE] -> 0x001F
[2874] [M]: 0x0000000080002CDC (0x001F1F13) slli x30, x30, 0x1                      inst_409+8
x30 <- 0x00000000FFFFFFFE

mem[X,0x0000000080002CE0] -> 0x0E93
mem[X,0x0000000080002CE2] -> 0x01E0
[2875] [M]: 0x0000000080002CE0 (0x01E00E93) addi x29, x0, 0x1e                      inst_409+12
x29 <- 0x000000000000001E

clint mtime 0x000000000000059E (mip.MTI <- 0b1, mip.STI <- 0b0)
mem[X,0x0000000080002CE4] -> 0x1FB3
mem[X,0x0000000080002CE6] -> 0x29DF
[2876] [M]: 0x0000000080002CE4 (0x29DF1FB3) bset x31, x30, x29                      inst_409+16
x31 <- 0x00000000FFFFFFFE

mem[X,0x0000000080002CE8] -> 0xB823
mem[X,0x0000000080002CEA] -> 0x3FF3
[2877] [M]: 0x0000000080002CE8 (0x3FF3B823) sd x31, 0x3f0(x7)                       inst_409+20
mem[W,0x0000000080005DE0] <- 0x00000000FFFFFFFE

clint mtime 0x000000000000059F (mip.MTI <- 0b1, mip.STI <- 0b0)
mem[X,0x0000000080002CEC] -> 0x0F13
mem[X,0x0000000080002CEE] -> 0xFFF0
[2878] [M]: 0x0000000080002CEC (0xFFF00F13) addi x30, x0, -0x1                      inst_410+0
x30 <- 0xFFFFFFFFFFFFFFFF

mem[X,0x0000000080002CF0] -> 0x5F13
mem[X,0x0000000080002CF2] -> 0x020F
[2879] [M]: 0x0000000080002CF0 (0x020F5F13) srli x30, x30, 0x20                     inst_410+4
x30 <- 0x00000000FFFFFFFF

clint mtime 0x00000000000005A0 (mip.MTI <- 0b1, mip.STI <- 0b0)
mem[X,0x0000000080002CF4] -> 0x0E93
mem[X,0x0000000080002CF6] -> 0x0020
[2880] [M]: 0x0000000080002CF4 (0x00200E93) addi x29, x0, 0x2                       inst_410+8
x29 <- 0x0000000000000002

mem[X,0x0000000080002CF8] -> 0x1FB3
mem[X,0x0000000080002CFA] -> 0x29DF
[2881] [M]: 0x0000000080002CF8 (0x29DF1FB3) bset x31, x30, x29                      inst_410+12
x31 <- 0x00000000FFFFFFFF

clint mtime 0x00000000000005A1 (mip.MTI <- 0b1, mip.STI <- 0b0)
mem[X,0x0000000080002CFC] -> 0xBC23
mem[X,0x0000000080002CFE] -> 0x3FF3
[2882] [M]: 0x0000000080002CFC (0x3FF3BC23) sd x31, 0x3f8(x7)                       inst_410+16
mem[W,0x0000000080005DE8] <- 0x00000000FFFFFFFF

mem[X,0x0000000080002D00] -> 0x0F13
mem[X,0x0000000080002D02] -> 0xBFF0
[2883] [M]: 0x0000000080002D00 (0xBFF00F13) addi x30, x0, -0x401                    inst_411+0
x30 <- 0xFFFFFFFFFFFFFBFF

clint mtime 0x00000000000005A2 (mip.MTI <- 0b1, mip.STI <- 0b0)
mem[X,0x0000000080002D04] -> 0xBEB7
mem[X,0x0000000080002D06] -> 0xAAAA
[2884] [M]: 0x0000000080002D04 (0xAAAABEB7) lui x29, -0x55555                       inst_411+4
x29 <- 0xFFFFFFFFAAAAB000

mem[X,0x0000000080002D08] -> 0x8E93
mem[X,0x0000000080002D0A] -> 0xAAAE
[2885] [M]: 0x0000000080002D08 (0xAAAE8E93) addi x29, x29, -0x556                   inst_411+8
x29 <- 0xFFFFFFFFAAAAAAAA

clint mtime 0x00000000000005A3 (mip.MTI <- 0b1, mip.STI <- 0b0)
mem[X,0x0000000080002D0C] -> 0x9E93
mem[X,0x0000000080002D0E] -> 0x00BE
[2886] [M]: 0x0000000080002D0C (0x00BE9E93) slli x29, x29, 0xb                      inst_411+12
x29 <- 0xFFFFFD5555555000

mem[X,0x0000000080002D10] -> 0x8E93
mem[X,0x0000000080002D12] -> 0x555E
[2887] [M]: 0x0000000080002D10 (0x555E8E93) addi x29, x29, 0x555                    inst_411+16
x29 <- 0xFFFFFD5555555555

clint mtime 0x00000000000005A4 (mip.MTI <- 0b1, mip.STI <- 0b0)
mem[X,0x0000000080002D14] -> 0x9E93
mem[X,0x0000000080002D16] -> 0x00BE
[2888] [M]: 0x0000000080002D14 (0x00BE9E93) slli x29, x29, 0xb                      inst_411+20
x29 <- 0xFFEAAAAAAAAAA800

mem[X,0x0000000080002D18] -> 0x8E93
mem[X,0x0000000080002D1A] -> 0x2AAE
[2889] [M]: 0x0000000080002D18 (0x2AAE8E93) addi x29, x29, 0x2aa                    inst_411+24
x29 <- 0xFFEAAAAAAAAAAAAA

clint mtime 0x00000000000005A5 (mip.MTI <- 0b1, mip.STI <- 0b0)
mem[X,0x0000000080002D1C] -> 0x9E93
mem[X,0x0000000080002D1E] -> 0x00AE
[2890] [M]: 0x0000000080002D1C (0x00AE9E93) slli x29, x29, 0xa                      inst_411+28
x29 <- 0xAAAAAAAAAAAAA800

mem[X,0x0000000080002D20] -> 0x8E93
mem[X,0x0000000080002D22] -> 0x2AAE
[2891] [M]: 0x0000000080002D20 (0x2AAE8E93) addi x29, x29, 0x2aa                    inst_411+32
x29 <- 0xAAAAAAAAAAAAAAAA

clint mtime 0x00000000000005A6 (mip.MTI <- 0b1, mip.STI <- 0b0)
mem[X,0x0000000080002D24] -> 0x1FB3
mem[X,0x0000000080002D26] -> 0x29DF
[2892] [M]: 0x0000000080002D24 (0x29DF1FB3) bset x31, x30, x29                      inst_411+36
x31 <- 0xFFFFFFFFFFFFFBFF

mem[X,0x0000000080002D28] -> 0xB023
mem[X,0x0000000080002D2A] -> 0x41F3
[2893] [M]: 0x0000000080002D28 (0x41F3B023) sd x31, 0x400(x7)                       inst_411+40
mem[W,0x0000000080005DF0] <- 0xFFFFFFFFFFFFFBFF

clint mtime 0x00000000000005A7 (mip.MTI <- 0b1, mip.STI <- 0b0)
mem[X,0x0000000080002D2C] -> 0x0F13
mem[X,0x0000000080002D2E] -> 0xBFF0
[2894] [M]: 0x0000000080002D2C (0xBFF00F13) addi x30, x0, -0x401                    inst_412+0
x30 <- 0xFFFFFFFFFFFFFBFF

mem[X,0x0000000080002D30] -> 0x5EB7
mem[X,0x0000000080002D32] -> 0x5555
[2895] [M]: 0x0000000080002D30 (0x55555EB7) lui x29, 0x55555                        inst_412+4
x29 <- 0x0000000055555000

clint mtime 0x00000000000005A8 (mip.MTI <- 0b1, mip.STI <- 0b0)
mem[X,0x0000000080002D34] -> 0x8E93
mem[X,0x0000000080002D36] -> 0x555E
[2896] [M]: 0x0000000080002D34 (0x555E8E93) addi x29, x29, 0x555                    inst_412+8
x29 <- 0x0000000055555555

mem[X,0x0000000080002D38] -> 0x9E93
mem[X,0x0000000080002D3A] -> 0x00BE
[2897] [M]: 0x0000000080002D38 (0x00BE9E93) slli x29, x29, 0xb                      inst_412+12
x29 <- 0x000002AAAAAAA800

clint mtime 0x00000000000005A9 (mip.MTI <- 0b1, mip.STI <- 0b0)
mem[X,0x0000000080002D3C] -> 0x8E93
mem[X,0x0000000080002D3E] -> 0x2AAE
[2898] [M]: 0x0000000080002D3C (0x2AAE8E93) addi x29, x29, 0x2aa                    inst_412+16
x29 <- 0x000002AAAAAAAAAA

mem[X,0x0000000080002D40] -> 0x9E93
mem[X,0x0000000080002D42] -> 0x00BE
[2899] [M]: 0x0000000080002D40 (0x00BE9E93) slli x29, x29, 0xb                      inst_412+20
x29 <- 0x0015555555555000

clint mtime 0x00000000000005AA (mip.MTI <- 0b1, mip.STI <- 0b0)
mem[X,0x0000000080002D44] -> 0x8E93
mem[X,0x0000000080002D46] -> 0x555E
[2900] [M]: 0x0000000080002D44 (0x555E8E93) addi x29, x29, 0x555                    inst_412+24
x29 <- 0x0015555555555555

mem[X,0x0000000080002D48] -> 0x9E93
mem[X,0x0000000080002D4A] -> 0x00AE
[2901] [M]: 0x0000000080002D48 (0x00AE9E93) slli x29, x29, 0xa                      inst_412+28
x29 <- 0x5555555555555400

clint mtime 0x00000000000005AB (mip.MTI <- 0b1, mip.STI <- 0b0)
mem[X,0x0000000080002D4C] -> 0x8E93
mem[X,0x0000000080002D4E] -> 0x155E
[2902] [M]: 0x0000000080002D4C (0x155E8E93) addi x29, x29, 0x155                    inst_412+32
x29 <- 0x5555555555555555

mem[X,0x0000000080002D50] -> 0x1FB3
mem[X,0x0000000080002D52] -> 0x29DF
[2903] [M]: 0x0000000080002D50 (0x29DF1FB3) bset x31, x30, x29                      inst_412+36
x31 <- 0xFFFFFFFFFFFFFBFF

clint mtime 0x00000000000005AC (mip.MTI <- 0b1, mip.STI <- 0b0)
mem[X,0x0000000080002D54] -> 0xB423
mem[X,0x0000000080002D56] -> 0x41F3
[2904] [M]: 0x0000000080002D54 (0x41F3B423) sd x31, 0x408(x7)                       inst_412+40
mem[W,0x0000000080005DF8] <- 0xFFFFFFFFFFFFFBFF

mem[X,0x0000000080002D58] -> 0xBF37
mem[X,0x0000000080002D5A] -> 0xAAAA
[2905] [M]: 0x0000000080002D58 (0xAAAABF37) lui x30, -0x55555                       inst_413+0
x30 <- 0xFFFFFFFFAAAAB000

clint mtime 0x00000000000005AD (mip.MTI <- 0b1, mip.STI <- 0b0)
mem[X,0x0000000080002D5C] -> 0x0F13
mem[X,0x0000000080002D5E] -> 0xAAAF
[2906] [M]: 0x0000000080002D5C (0xAAAF0F13) addi x30, x30, -0x556                   inst_413+4
x30 <- 0xFFFFFFFFAAAAAAAA

mem[X,0x0000000080002D60] -> 0x1F13
mem[X,0x0000000080002D62] -> 0x00BF
[2907] [M]: 0x0000000080002D60 (0x00BF1F13) slli x30, x30, 0xb                      inst_413+8
x30 <- 0xFFFFFD5555555000

clint mtime 0x00000000000005AE (mip.MTI <- 0b1, mip.STI <- 0b0)
mem[X,0x0000000080002D64] -> 0x0F13
mem[X,0x0000000080002D66] -> 0x555F
[2908] [M]: 0x0000000080002D64 (0x555F0F13) addi x30, x30, 0x555                    inst_413+12
x30 <- 0xFFFFFD5555555555

mem[X,0x0000000080002D68] -> 0x1F13
mem[X,0x0000000080002D6A] -> 0x00BF
[2909] [M]: 0x0000000080002D68 (0x00BF1F13) slli x30, x30, 0xb                      inst_413+16
x30 <- 0xFFEAAAAAAAAAA800

clint mtime 0x00000000000005AF (mip.MTI <- 0b1, mip.STI <- 0b0)
mem[X,0x0000000080002D6C] -> 0x0F13
mem[X,0x0000000080002D6E] -> 0x2AAF
[2910] [M]: 0x0000000080002D6C (0x2AAF0F13) addi x30, x30, 0x2aa                    inst_413+20
x30 <- 0xFFEAAAAAAAAAAAAA

mem[X,0x0000000080002D70] -> 0x1F13
mem[X,0x0000000080002D72] -> 0x00AF
[2911] [M]: 0x0000000080002D70 (0x00AF1F13) slli x30, x30, 0xa                      inst_413+24
x30 <- 0xAAAAAAAAAAAAA800

clint mtime 0x00000000000005B0 (mip.MTI <- 0b1, mip.STI <- 0b0)
mem[X,0x0000000080002D74] -> 0x0F13
mem[X,0x0000000080002D76] -> 0x2AAF
[2912] [M]: 0x0000000080002D74 (0x2AAF0F13) addi x30, x30, 0x2aa                    inst_413+28
x30 <- 0xAAAAAAAAAAAAAAAA

mem[X,0x0000000080002D78] -> 0x0E93
mem[X,0x0000000080002D7A] -> 0xBFF0
[2913] [M]: 0x0000000080002D78 (0xBFF00E93) addi x29, x0, -0x401                    inst_413+32
x29 <- 0xFFFFFFFFFFFFFBFF

clint mtime 0x00000000000005B1 (mip.MTI <- 0b1, mip.STI <- 0b0)
mem[X,0x0000000080002D7C] -> 0x1FB3
mem[X,0x0000000080002D7E] -> 0x29DF
[2914] [M]: 0x0000000080002D7C (0x29DF1FB3) bset x31, x30, x29                      inst_413+36
x31 <- 0xAAAAAAAAAAAAAAAA

mem[X,0x0000000080002D80] -> 0xB823
mem[X,0x0000000080002D82] -> 0x41F3
[2915] [M]: 0x0000000080002D80 (0x41F3B823) sd x31, 0x410(x7)                       inst_413+40
mem[W,0x0000000080005E00] <- 0xAAAAAAAAAAAAAAAA

clint mtime 0x00000000000005B2 (mip.MTI <- 0b1, mip.STI <- 0b0)
mem[X,0x0000000080002D84] -> 0x0F13
mem[X,0x0000000080002D86] -> 0xBFF0
[2916] [M]: 0x0000000080002D84 (0xBFF00F13) addi x30, x0, -0x401                    inst_414+0
x30 <- 0xFFFFFFFFFFFFFBFF

mem[X,0x0000000080002D88] -> 0x0E93
mem[X,0x0000000080002D8A] -> 0x0010
[2917] [M]: 0x0000000080002D88 (0x00100E93) addi x29, x0, 0x1                       inst_414+4
x29 <- 0x0000000000000001

clint mtime 0x00000000000005B3 (mip.MTI <- 0b1, mip.STI <- 0b0)
mem[X,0x0000000080002D8C] -> 0x9E93
mem[X,0x0000000080002D8E] -> 0x03DE
[2918] [M]: 0x0000000080002D8C (0x03DE9E93) slli x29, x29, 0x3d                     inst_414+8
x29 <- 0x2000000000000000

mem[X,0x0000000080002D90] -> 0xCE93
mem[X,0x0000000080002D92] -> 0xFFFE
[2919] [M]: 0x0000000080002D90 (0xFFFECE93) xori x29, x29, -0x1                     inst_414+12
x29 <- 0xDFFFFFFFFFFFFFFF

clint mtime 0x00000000000005B4 (mip.MTI <- 0b1, mip.STI <- 0b0)
mem[X,0x0000000080002D94] -> 0x1FB3
mem[X,0x0000000080002D96] -> 0x29DF
[2920] [M]: 0x0000000080002D94 (0x29DF1FB3) bset x31, x30, x29                      inst_414+16
x31 <- 0xFFFFFFFFFFFFFBFF

mem[X,0x0000000080002D98] -> 0xBC23
mem[X,0x0000000080002D9A] -> 0x41F3
[2921] [M]: 0x0000000080002D98 (0x41F3BC23) sd x31, 0x418(x7)                       inst_414+20
mem[W,0x0000000080005E08] <- 0xFFFFFFFFFFFFFBFF

clint mtime 0x00000000000005B5 (mip.MTI <- 0b1, mip.STI <- 0b0)
mem[X,0x0000000080002D9C] -> 0x0F13
mem[X,0x0000000080002D9E] -> 0xBFF0
[2922] [M]: 0x0000000080002D9C (0xBFF00F13) addi x30, x0, -0x401                    inst_415+0
x30 <- 0xFFFFFFFFFFFFFBFF

mem[X,0x0000000080002DA0] -> 0x0E93
mem[X,0x0000000080002DA2] -> 0x0010
[2923] [M]: 0x0000000080002DA0 (0x00100E93) addi x29, x0, 0x1                       inst_415+4
x29 <- 0x0000000000000001

clint mtime 0x00000000000005B6 (mip.MTI <- 0b1, mip.STI <- 0b0)
mem[X,0x0000000080002DA4] -> 0x9E93
mem[X,0x0000000080002DA6] -> 0x03CE
[2924] [M]: 0x0000000080002DA4 (0x03CE9E93) slli x29, x29, 0x3c                     inst_415+8
x29 <- 0x1000000000000000

mem[X,0x0000000080002DA8] -> 0xCE93
mem[X,0x0000000080002DAA] -> 0xFFFE
[2925] [M]: 0x0000000080002DA8 (0xFFFECE93) xori x29, x29, -0x1                     inst_415+12
x29 <- 0xEFFFFFFFFFFFFFFF

clint mtime 0x00000000000005B7 (mip.MTI <- 0b1, mip.STI <- 0b0)
mem[X,0x0000000080002DAC] -> 0x1FB3
mem[X,0x0000000080002DAE] -> 0x29DF
[2926] [M]: 0x0000000080002DAC (0x29DF1FB3) bset x31, x30, x29                      inst_415+16
x31 <- 0xFFFFFFFFFFFFFBFF

mem[X,0x0000000080002DB0] -> 0xB023
mem[X,0x0000000080002DB2] -> 0x43F3
[2927] [M]: 0x0000000080002DB0 (0x43F3B023) sd x31, 0x420(x7)                       inst_415+20
mem[W,0x0000000080005E10] <- 0xFFFFFFFFFFFFFBFF

clint mtime 0x00000000000005B8 (mip.MTI <- 0b1, mip.STI <- 0b0)
mem[X,0x0000000080002DB4] -> 0x0F13
mem[X,0x0000000080002DB6] -> 0xBFF0
[2928] [M]: 0x0000000080002DB4 (0xBFF00F13) addi x30, x0, -0x401                    inst_416+0
x30 <- 0xFFFFFFFFFFFFFBFF

mem[X,0x0000000080002DB8] -> 0x0E93
mem[X,0x0000000080002DBA] -> 0x0010
[2929] [M]: 0x0000000080002DB8 (0x00100E93) addi x29, x0, 0x1                       inst_416+4
x29 <- 0x0000000000000001

clint mtime 0x00000000000005B9 (mip.MTI <- 0b1, mip.STI <- 0b0)
mem[X,0x0000000080002DBC] -> 0x9E93
mem[X,0x0000000080002DBE] -> 0x022E
[2930] [M]: 0x0000000080002DBC (0x022E9E93) slli x29, x29, 0x22                     inst_416+8
x29 <- 0x0000000400000000

mem[X,0x0000000080002DC0] -> 0xCE93
mem[X,0x0000000080002DC2] -> 0xFFFE
[2931] [M]: 0x0000000080002DC0 (0xFFFECE93) xori x29, x29, -0x1                     inst_416+12
x29 <- 0xFFFFFFFBFFFFFFFF

clint mtime 0x00000000000005BA (mip.MTI <- 0b1, mip.STI <- 0b0)
mem[X,0x0000000080002DC4] -> 0x1FB3
mem[X,0x0000000080002DC6] -> 0x29DF
[2932] [M]: 0x0000000080002DC4 (0x29DF1FB3) bset x31, x30, x29                      inst_416+16
x31 <- 0xFFFFFFFFFFFFFBFF

mem[X,0x0000000080002DC8] -> 0xB423
mem[X,0x0000000080002DCA] -> 0x43F3
[2933] [M]: 0x0000000080002DC8 (0x43F3B423) sd x31, 0x428(x7)                       inst_416+20
mem[W,0x0000000080005E18] <- 0xFFFFFFFFFFFFFBFF

clint mtime 0x00000000000005BB (mip.MTI <- 0b1, mip.STI <- 0b0)
mem[X,0x0000000080002DCC] -> 0x0F13
mem[X,0x0000000080002DCE] -> 0xBFF0
[2934] [M]: 0x0000000080002DCC (0xBFF00F13) addi x30, x0, -0x401                    inst_417+0
x30 <- 0xFFFFFFFFFFFFFBFF

mem[X,0x0000000080002DD0] -> 0x0E93
mem[X,0x0000000080002DD2] -> 0x0010
[2935] [M]: 0x0000000080002DD0 (0x00100E93) addi x29, x0, 0x1                       inst_417+4
x29 <- 0x0000000000000001

clint mtime 0x00000000000005BC (mip.MTI <- 0b1, mip.STI <- 0b0)
mem[X,0x0000000080002DD4] -> 0x9E93
mem[X,0x0000000080002DD6] -> 0x020E
[2936] [M]: 0x0000000080002DD4 (0x020E9E93) slli x29, x29, 0x20                     inst_417+8
x29 <- 0x0000000100000000

mem[X,0x0000000080002DD8] -> 0xCE93
mem[X,0x0000000080002DDA] -> 0xFFFE
[2937] [M]: 0x0000000080002DD8 (0xFFFECE93) xori x29, x29, -0x1                     inst_417+12
x29 <- 0xFFFFFFFEFFFFFFFF

clint mtime 0x00000000000005BD (mip.MTI <- 0b1, mip.STI <- 0b0)
mem[X,0x0000000080002DDC] -> 0x1FB3
mem[X,0x0000000080002DDE] -> 0x29DF
[2938] [M]: 0x0000000080002DDC (0x29DF1FB3) bset x31, x30, x29                      inst_417+16
x31 <- 0xFFFFFFFFFFFFFBFF

mem[X,0x0000000080002DE0] -> 0xB823
mem[X,0x0000000080002DE2] -> 0x43F3
[2939] [M]: 0x0000000080002DE0 (0x43F3B823) sd x31, 0x430(x7)                       inst_417+20
mem[W,0x0000000080005E20] <- 0xFFFFFFFFFFFFFBFF

clint mtime 0x00000000000005BE (mip.MTI <- 0b1, mip.STI <- 0b0)
mem[X,0x0000000080002DE4] -> 0x0F13
mem[X,0x0000000080002DE6] -> 0xBFF0
[2940] [M]: 0x0000000080002DE4 (0xBFF00F13) addi x30, x0, -0x401                    inst_418+0
x30 <- 0xFFFFFFFFFFFFFBFF

mem[X,0x0000000080002DE8] -> 0x0E93
mem[X,0x0000000080002DEA] -> 0x0010
[2941] [M]: 0x0000000080002DE8 (0x00100E93) addi x29, x0, 0x1                       inst_418+4
x29 <- 0x0000000000000001

clint mtime 0x00000000000005BF (mip.MTI <- 0b1, mip.STI <- 0b0)
mem[X,0x0000000080002DEC] -> 0x9E93
mem[X,0x0000000080002DEE] -> 0x01FE
[2942] [M]: 0x0000000080002DEC (0x01FE9E93) slli x29, x29, 0x1f                     inst_418+8
x29 <- 0x0000000080000000

mem[X,0x0000000080002DF0] -> 0xCE93
mem[X,0x0000000080002DF2] -> 0xFFFE
[2943] [M]: 0x0000000080002DF0 (0xFFFECE93) xori x29, x29, -0x1                     inst_418+12
x29 <- 0xFFFFFFFF7FFFFFFF

clint mtime 0x00000000000005C0 (mip.MTI <- 0b1, mip.STI <- 0b0)
mem[X,0x0000000080002DF4] -> 0x1FB3
mem[X,0x0000000080002DF6] -> 0x29DF
[2944] [M]: 0x0000000080002DF4 (0x29DF1FB3) bset x31, x30, x29                      inst_418+16
x31 <- 0xFFFFFFFFFFFFFBFF

mem[X,0x0000000080002DF8] -> 0xBC23
mem[X,0x0000000080002DFA] -> 0x43F3
[2945] [M]: 0x0000000080002DF8 (0x43F3BC23) sd x31, 0x438(x7)                       inst_418+20
mem[W,0x0000000080005E28] <- 0xFFFFFFFFFFFFFBFF

clint mtime 0x00000000000005C1 (mip.MTI <- 0b1, mip.STI <- 0b0)
mem[X,0x0000000080002DFC] -> 0x006F
mem[X,0x0000000080002DFE] -> 0x0380
[2946] [M]: 0x0000000080002DFC (0x0380006F) jal x0, 0x38                            rvtest_code_end+0

mem[X,0x0000000080002E34] -> 0x0093
mem[X,0x0000000080002E36] -> 0x0010
[2947] [M]: 0x0000000080002E34 (0x00100093) addi x1, x0, 0x1                        exit_cleanup+0
x1 <- 0x0000000000000001

clint mtime 0x00000000000005C2 (mip.MTI <- 0b1, mip.STI <- 0b0)
mem[X,0x0000000080002E38] -> 0x0397
mem[X,0x0000000080002E3A] -> 0x0000
[2948] [M]: 0x0000000080002E38 (0x00000397) auipc x7, 0x0                           exit_cleanup+4
x7 <- 0x0000000080002E38

mem[X,0x0000000080002E3C] -> 0xA423
mem[X,0x0000000080002E3E] -> 0x1C13
[2949] [M]: 0x0000000080002E3C (0x1C13A423) sw x1, 0x1c8(x7)                        exit_cleanup+8
htif[0x0000000080003000] <- 0x00000001
mem[W,0x0000000080003000] <- 0x00000001

clint mtime 0x00000000000005C3 (mip.MTI <- 0b1, mip.STI <- 0b0)
mem[X,0x0000000080002E40] -> 0xF06F
mem[X,0x0000000080002E42] -> 0xFF9F
[2950] [M]: 0x0000000080002E40 (0xFF9FF06F) jal x0, -0x8                            exit_cleanup+12

mem[X,0x0000000080002E38] -> 0x0397
mem[X,0x0000000080002E3A] -> 0x0000
[2951] [M]: 0x0000000080002E38 (0x00000397) auipc x7, 0x0                           exit_cleanup+4
x7 <- 0x0000000080002E38

clint mtime 0x00000000000005C4 (mip.MTI <- 0b1, mip.STI <- 0b0)
mem[X,0x0000000080002E3C] -> 0xA423
mem[X,0x0000000080002E3E] -> 0x1C13
[2952] [M]: 0x0000000080002E3C (0x1C13A423) sw x1, 0x1c8(x7)                        exit_cleanup+8
htif[0x0000000080003000] <- 0x00000001
mem[W,0x0000000080003000] <- 0x00000001

mem[X,0x0000000080002E40] -> 0xF06F
mem[X,0x0000000080002E42] -> 0xFF9F
[2953] [M]: 0x0000000080002E40 (0xFF9FF06F) jal x0, -0x8                            exit_cleanup+12

clint mtime 0x00000000000005C5 (mip.MTI <- 0b1, mip.STI <- 0b0)
mem[X,0x0000000080002E38] -> 0x0397
mem[X,0x0000000080002E3A] -> 0x0000
[2954] [M]: 0x0000000080002E38 (0x00000397) auipc x7, 0x0                           exit_cleanup+4
x7 <- 0x0000000080002E38

mem[X,0x0000000080002E3C] -> 0xA423
mem[X,0x0000000080002E3E] -> 0x1C13
[2955] [M]: 0x0000000080002E3C (0x1C13A423) sw x1, 0x1c8(x7)                        exit_cleanup+8
htif[0x0000000080003000] <- 0x00000001
htif-syscall-proxy cmd: 0x000000000001
mem[W,0x0000000080003000] <- 0x00000001

SUCCESS
clint mtime 0x00000000000005C6 (mip.MTI <- 0b1, mip.STI <- 0b0)
