using /opt/riscv-arch-test/riscof-plugins/rv64/riscof_work/vm_sv48/src/sv48_satp_access_tests.S/ref/Reference-sail_c_simulator.signature for test-signature output.
setting signature-granularity to 8 bytes
HTIF located at 0x80002000
begin_signature: 0x80008110
end_signature: 0x80008920
Entry point: 0x80000000
CSR mstatus (0x300) <- 0x0000000A00000000
CSR misa (0x301) <- 0x800000000034112F
CSR mcause (0x342) <- 0x0000000000000000
x10 <- 0x0000000000000000
x11 <- 0x0000000000001000
mem[X,0x0000000080000000] -> 0x006F
mem[X,0x0000000080000002] -> 0x4200
[0] [M]: 0x0000000080000000 (0x4200006F) jal x0, 0x420                              rvtest_entry_point+0

mem[X,0x0000000080000420] -> 0x3317
mem[X,0x0000000080000422] -> 0x0000
[1] [M]: 0x0000000080000420 (0x00003317) auipc x6, 0x3                              starting_point+0
x6 <- 0x0000000080003420

clint mtime 0x0000000000000001 (mip.MTI <- 0b1, mip.STI <- 0b0)
mem[X,0x0000000080000424] -> 0x0313
mem[X,0x0000000080000426] -> 0xBE03
[2] [M]: 0x0000000080000424 (0xBE030313) addi x6, x6, -0x420                        starting_point+4
x6 <- 0x0000000080003000

mem[X,0x0000000080000428] -> 0x0013
mem[X,0x000000008000042A] -> 0x0000
[3] [M]: 0x0000000080000428 (0x00000013) addi x0, x0, 0x0                           starting_point+8

clint mtime 0x0000000000000002 (mip.MTI <- 0b1, mip.STI <- 0b0)
mem[X,0x000000008000042C] -> 0x0013
mem[X,0x000000008000042E] -> 0x0000
[4] [M]: 0x000000008000042C (0x00000013) addi x0, x0, 0x0                           starting_point+12

mem[X,0x0000000080000430] -> 0x0013
mem[X,0x0000000080000432] -> 0x0000
[5] [M]: 0x0000000080000430 (0x00000013) addi x0, x0, 0x0                           starting_point+16

clint mtime 0x0000000000000003 (mip.MTI <- 0b1, mip.STI <- 0b0)
mem[X,0x0000000080000434] -> 0x0013
mem[X,0x0000000080000436] -> 0x0000
[6] [M]: 0x0000000080000434 (0x00000013) addi x0, x0, 0x0                           starting_point+20

mem[X,0x0000000080000438] -> 0x0013
mem[X,0x000000008000043A] -> 0x0000
[7] [M]: 0x0000000080000438 (0x00000013) addi x0, x0, 0x0                           starting_point+24

clint mtime 0x0000000000000004 (mip.MTI <- 0b1, mip.STI <- 0b0)
mem[X,0x000000008000043C] -> 0x0013
mem[X,0x000000008000043E] -> 0x0000
[8] [M]: 0x000000008000043C (0x00000013) addi x0, x0, 0x0                           starting_point+28

mem[X,0x0000000080000440] -> 0x1473
mem[X,0x0000000080000442] -> 0x3403
[9] [M]: 0x0000000080000440 (0x34031473) csrrw x8, mscratch, x6                     init_Mscratch+0
CSR mscratch (0x340) <- 0x0000000080003000
x8 <- 0x0000000000000000

clint mtime 0x0000000000000005 (mip.MTI <- 0b1, mip.STI <- 0b0)
mem[X,0x0000000080000444] -> 0x3823
mem[X,0x0000000080000446] -> 0x2483
[10] [M]: 0x0000000080000444 (0x24833823) sd x8, 0x250(x6)                          init_Mscratch+4
mem[W,0x0000000080003250] <- 0x0000000000000000

mem[X,0x0000000080000448] -> 0x0393
mem[X,0x000000008000044A] -> 0x0000
[11] [M]: 0x0000000080000448 (0x00000393) addi x7, x0, 0x0                          init_Medeleg+0
x7 <- 0x0000000000000000

clint mtime 0x0000000000000006 (mip.MTI <- 0b1, mip.STI <- 0b0)
mem[X,0x000000008000044C] -> 0x93F3
mem[X,0x000000008000044E] -> 0x3023
[12] [M]: 0x000000008000044C (0x302393F3) csrrw x7, medeleg, x7                     init_Medeleg+4
CSR medeleg (0x302) <- 0x0000000000000000
x7 <- 0x0000000000000000

mem[X,0x0000000080000450] -> 0x3C23
mem[X,0x0000000080000452] -> 0x2273
[13] [M]: 0x0000000080000450 (0x22733C23) sd x7, 0x238(x6)                          init_Medeleg+8
mem[W,0x0000000080003238] <- 0x0000000000000000

clint mtime 0x0000000000000007 (mip.MTI <- 0b1, mip.STI <- 0b0)
mem[X,0x0000000080000454] -> 0x2473
mem[X,0x0000000080000456] -> 0x3050
[14] [M]: 0x0000000080000454 (0x30502473) csrrs x8, mtvec, x0                       init_Mtvec+0
CSR mtvec (0x305) -> 0x0000000000000000
x8 <- 0x0000000000000000

mem[X,0x0000000080000458] -> 0x3423
mem[X,0x000000008000045A] -> 0x2483
[15] [M]: 0x0000000080000458 (0x24833423) sd x8, 0x248(x6)                          init_Mtvec+4
mem[W,0x0000000080003248] <- 0x0000000000000000

clint mtime 0x0000000000000008 (mip.MTI <- 0b1, mip.STI <- 0b0)
mem[X,0x000000008000045C] -> 0x7393
mem[X,0x000000008000045E] -> 0x0034
[16] [M]: 0x000000008000045C (0x00347393) andi x7, x8, 0x3                          init_Mtvec+8
x7 <- 0x0000000000000000

mem[X,0x0000000080000460] -> 0x3483
mem[X,0x0000000080000462] -> 0x2303
[17] [M]: 0x0000000080000460 (0x23033483) ld x9, 0x230(x6)                          init_Mtvec+12
mem[R,0x0000000080003230] -> 0x0000000080000D14
x9 <- 0x0000000080000D14

clint mtime 0x0000000000000009 (mip.MTI <- 0b1, mip.STI <- 0b0)
mem[X,0x0000000080000464] -> 0x8493
mem[X,0x0000000080000466] -> 0xE2C4
[18] [M]: 0x0000000080000464 (0xE2C48493) addi x9, x9, -0x1d4                       init_Mtvec+16
x9 <- 0x0000000080000B40

mem[X,0x0000000080000468] -> 0xE3B3
mem[X,0x000000008000046A] -> 0x0074
[19] [M]: 0x0000000080000468 (0x0074E3B3) or x7, x9, x7                             init_Mtvec+20
x7 <- 0x0000000080000B40

clint mtime 0x000000000000000A (mip.MTI <- 0b1, mip.STI <- 0b0)
mem[X,0x000000008000046C] -> 0x3023
mem[X,0x000000008000046E] -> 0x2473
[20] [M]: 0x000000008000046C (0x24733023) sd x7, 0x240(x6)                          init_Mtvec+24
mem[W,0x0000000080003240] <- 0x0000000080000B40

mem[X,0x0000000080000470] -> 0x9073
mem[X,0x0000000080000472] -> 0x3053
[21] [M]: 0x0000000080000470 (0x30539073) csrrw x0, mtvec, x7                       init_Mtvec+28
CSR mtvec (0x305) <- 0x0000000080000B40

clint mtime 0x000000000000000B (mip.MTI <- 0b1, mip.STI <- 0b0)
mem[X,0x0000000080000474] -> 0x2573
mem[X,0x0000000080000476] -> 0x3050
[22] [M]: 0x0000000080000474 (0x30502573) csrrs x10, mtvec, x0                      init_Mtvec+32
CSR mtvec (0x305) -> 0x0000000080000B40
x10 <- 0x0000000080000B40

mem[X,0x0000000080000478] -> 0x0663
mem[X,0x000000008000047A] -> 0x0875
[23] [M]: 0x0000000080000478 (0x08750663) beq x10, x7, 0x8c                         init_Mtvec+36

clint mtime 0x000000000000000C (mip.MTI <- 0b1, mip.STI <- 0b0)
mem[X,0x0000000080000504] -> 0x0013
mem[X,0x0000000080000506] -> 0x0000
[24] [M]: 0x0000000080000504 (0x00000013) addi x0, x0, 0x0                          rvtest_Mprolog_done+0

mem[X,0x0000000080000508] -> 0x0013
mem[X,0x000000008000050A] -> 0x0000
[25] [M]: 0x0000000080000508 (0x00000013) addi x0, x0, 0x0                          rvtest_Mprolog_done+4

clint mtime 0x000000000000000D (mip.MTI <- 0b1, mip.STI <- 0b0)
mem[X,0x000000008000050C] -> 0x0013
mem[X,0x000000008000050E] -> 0x0000
[26] [M]: 0x000000008000050C (0x00000013) addi x0, x0, 0x0                          rvtest_Mprolog_done+8

mem[X,0x0000000080000510] -> 0x0013
mem[X,0x0000000080000512] -> 0x0000
[27] [M]: 0x0000000080000510 (0x00000013) addi x0, x0, 0x0                          rvtest_Mprolog_done+12

clint mtime 0x000000000000000E (mip.MTI <- 0b1, mip.STI <- 0b0)
mem[X,0x0000000080000514] -> 0x0013
mem[X,0x0000000080000516] -> 0x0000
[28] [M]: 0x0000000080000514 (0x00000013) addi x0, x0, 0x0                          rvtest_Mprolog_done+16

mem[X,0x0000000080000518] -> 0x0013
mem[X,0x000000008000051A] -> 0x0000
[29] [M]: 0x0000000080000518 (0x00000013) addi x0, x0, 0x0                          rvtest_Mprolog_done+20

clint mtime 0x000000000000000F (mip.MTI <- 0b1, mip.STI <- 0b0)
mem[X,0x000000008000051C] -> 0x0013
mem[X,0x000000008000051E] -> 0x0000
[30] [M]: 0x000000008000051C (0x00000013) addi x0, x0, 0x0                          rvtest_Mprolog_done+24

mem[X,0x0000000080000520] -> 0x3317
mem[X,0x0000000080000522] -> 0x0000
[31] [M]: 0x0000000080000520 (0x00003317) auipc x6, 0x3                             rvtest_Mprolog_done+28
x6 <- 0x0000000080003520

clint mtime 0x0000000000000010 (mip.MTI <- 0b1, mip.STI <- 0b0)
mem[X,0x0000000080000524] -> 0x0313
mem[X,0x0000000080000526] -> 0xD783
[32] [M]: 0x0000000080000524 (0xD7830313) addi x6, x6, -0x288                       rvtest_Mprolog_done+32
x6 <- 0x0000000080003298

mem[X,0x0000000080000528] -> 0x0001
[33] [M]: 0x0000000080000528 (0x0001) c.nop                                         rvtest_Mprolog_done+36

clint mtime 0x0000000000000011 (mip.MTI <- 0b1, mip.STI <- 0b0)
mem[X,0x000000008000052A] -> 0x0013
mem[X,0x000000008000052C] -> 0x0000
[34] [M]: 0x000000008000052A (0x00000013) addi x0, x0, 0x0                          rvtest_Mprolog_done+38

mem[X,0x000000008000052E] -> 0x0013
mem[X,0x0000000080000530] -> 0x0000
[35] [M]: 0x000000008000052E (0x00000013) addi x0, x0, 0x0                          rvtest_Mprolog_done+42

clint mtime 0x0000000000000012 (mip.MTI <- 0b1, mip.STI <- 0b0)
mem[X,0x0000000080000532] -> 0x0013
mem[X,0x0000000080000534] -> 0x0000
[36] [M]: 0x0000000080000532 (0x00000013) addi x0, x0, 0x0                          rvtest_Mprolog_done+46

mem[X,0x0000000080000536] -> 0x0013
mem[X,0x0000000080000538] -> 0x0000
[37] [M]: 0x0000000080000536 (0x00000013) addi x0, x0, 0x0                          rvtest_Mprolog_done+50

clint mtime 0x0000000000000013 (mip.MTI <- 0b1, mip.STI <- 0b0)
mem[X,0x000000008000053A] -> 0x0013
mem[X,0x000000008000053C] -> 0x0000
[38] [M]: 0x000000008000053A (0x00000013) addi x0, x0, 0x0                          rvtest_Mprolog_done+54

mem[X,0x000000008000053E] -> 0x0001
[39] [M]: 0x000000008000053E (0x0001) c.nop                                         rvtest_Mprolog_done+58

clint mtime 0x0000000000000014 (mip.MTI <- 0b1, mip.STI <- 0b0)
mem[X,0x0000000080000540] -> 0x1473
mem[X,0x0000000080000542] -> 0x1403
[40] [M]: 0x0000000080000540 (0x14031473) csrrw x8, sscratch, x6                    init_Sscratch+0
CSR sscratch (0x140) <- 0x0000000080003298
x8 <- 0x0000000000000000

mem[X,0x0000000080000544] -> 0x3823
mem[X,0x0000000080000546] -> 0x2483
[41] [M]: 0x0000000080000544 (0x24833823) sd x8, 0x250(x6)                          init_Sscratch+4
mem[W,0x00000000800034E8] <- 0x0000000000000000

clint mtime 0x0000000000000015 (mip.MTI <- 0b1, mip.STI <- 0b0)
mem[X,0x0000000080000548] -> 0x0393
mem[X,0x000000008000054A] -> 0x0000
[42] [M]: 0x0000000080000548 (0x00000393) addi x7, x0, 0x0                          init_Sedeleg+0
x7 <- 0x0000000000000000

mem[X,0x000000008000054C] -> 0x3C23
mem[X,0x000000008000054E] -> 0x2273
[43] [M]: 0x000000008000054C (0x22733C23) sd x7, 0x238(x6)                          init_Sedeleg+4
mem[W,0x00000000800034D0] <- 0x0000000000000000

clint mtime 0x0000000000000016 (mip.MTI <- 0b1, mip.STI <- 0b0)
mem[X,0x0000000080000550] -> 0x0013
mem[X,0x0000000080000552] -> 0x0000
[44] [M]: 0x0000000080000550 (0x00000013) addi x0, x0, 0x0                          init_Ssatp+0

mem[X,0x0000000080000554] -> 0x0013
mem[X,0x0000000080000556] -> 0x0000
[45] [M]: 0x0000000080000554 (0x00000013) addi x0, x0, 0x0                          init_Ssatp+4

clint mtime 0x0000000000000017 (mip.MTI <- 0b1, mip.STI <- 0b0)
mem[X,0x0000000080000558] -> 0x0013
mem[X,0x000000008000055A] -> 0x0000
[46] [M]: 0x0000000080000558 (0x00000013) addi x0, x0, 0x0                          init_Ssatp+8

mem[X,0x000000008000055C] -> 0x0013
mem[X,0x000000008000055E] -> 0x0000
[47] [M]: 0x000000008000055C (0x00000013) addi x0, x0, 0x0                          init_Ssatp+12

clint mtime 0x0000000000000018 (mip.MTI <- 0b1, mip.STI <- 0b0)
mem[X,0x0000000080000560] -> 0x7497
mem[X,0x0000000080000562] -> 0x0000
[48] [M]: 0x0000000080000560 (0x00007497) auipc x9, 0x7                             init_Ssatp+16
x9 <- 0x0000000080007560

mem[X,0x0000000080000564] -> 0x8493
mem[X,0x0000000080000566] -> 0xAA04
[49] [M]: 0x0000000080000564 (0xAA048493) addi x9, x9, -0x560                       init_Ssatp+20
x9 <- 0x0000000080007000

clint mtime 0x0000000000000019 (mip.MTI <- 0b1, mip.STI <- 0b0)
mem[X,0x0000000080000568] -> 0x0001
[50] [M]: 0x0000000080000568 (0x0001) c.nop                                         init_Ssatp+24

mem[X,0x000000008000056A] -> 0x0013
mem[X,0x000000008000056C] -> 0x0000
[51] [M]: 0x000000008000056A (0x00000013) addi x0, x0, 0x0                          init_Ssatp+26

clint mtime 0x000000000000001A (mip.MTI <- 0b1, mip.STI <- 0b0)
mem[X,0x000000008000056E] -> 0x0013
mem[X,0x0000000080000570] -> 0x0000
[52] [M]: 0x000000008000056E (0x00000013) addi x0, x0, 0x0                          init_Ssatp+30

mem[X,0x0000000080000572] -> 0x0013
mem[X,0x0000000080000574] -> 0x0000
[53] [M]: 0x0000000080000572 (0x00000013) addi x0, x0, 0x0                          init_Ssatp+34

clint mtime 0x000000000000001B (mip.MTI <- 0b1, mip.STI <- 0b0)
mem[X,0x0000000080000576] -> 0x0013
mem[X,0x0000000080000578] -> 0x0000
[54] [M]: 0x0000000080000576 (0x00000013) addi x0, x0, 0x0                          init_Ssatp+38

mem[X,0x000000008000057A] -> 0x0013
mem[X,0x000000008000057C] -> 0x0000
[55] [M]: 0x000000008000057A (0x00000013) addi x0, x0, 0x0                          init_Ssatp+42

clint mtime 0x000000000000001C (mip.MTI <- 0b1, mip.STI <- 0b0)
mem[X,0x000000008000057E] -> 0x0001
[56] [M]: 0x000000008000057E (0x0001) c.nop                                         init_Ssatp+46

mem[X,0x0000000080000580] -> 0xD493
mem[X,0x0000000080000582] -> 0x00C4
[57] [M]: 0x0000000080000580 (0x00C4D493) srli x9, x9, 0xc                          init_Ssatp+48
x9 <- 0x0000000000080007

clint mtime 0x000000000000001D (mip.MTI <- 0b1, mip.STI <- 0b0)
mem[X,0x0000000080000584] -> 0x0413
mem[X,0x0000000080000586] -> 0xFFF0
[58] [M]: 0x0000000080000584 (0xFFF00413) addi x8, x0, -0x1                         init_Ssatp+52
x8 <- 0xFFFFFFFFFFFFFFFF

mem[X,0x0000000080000588] -> 0x1413
mem[X,0x000000008000058A] -> 0x03F4
[59] [M]: 0x0000000080000588 (0x03F41413) slli x8, x8, 0x3f                         init_Ssatp+56
x8 <- 0x8000000000000000

clint mtime 0x000000000000001E (mip.MTI <- 0b1, mip.STI <- 0b0)
mem[X,0x000000008000058C] -> 0xE4B3
mem[X,0x000000008000058E] -> 0x0084
[60] [M]: 0x000000008000058C (0x0084E4B3) or x9, x9, x8                             init_Ssatp+60
x9 <- 0x8000000000080007

mem[X,0x0000000080000590] -> 0x94F3
mem[X,0x0000000080000592] -> 0x1804
[61] [M]: 0x0000000080000590 (0x180494F3) csrrw x9, satp, x9                        init_Ssatp+64
CSR satp (0x180) <- 0x8000000000080007
x9 <- 0x0000000000000000

clint mtime 0x000000000000001F (mip.MTI <- 0b1, mip.STI <- 0b0)
mem[X,0x0000000080000594] -> 0x3023
mem[X,0x0000000080000596] -> 0x2293
[62] [M]: 0x0000000080000594 (0x22933023) sd x9, 0x220(x6)                          init_Ssatp+68
mem[W,0x00000000800034B8] <- 0x0000000000000000

mem[X,0x0000000080000598] -> 0x2473
mem[X,0x000000008000059A] -> 0x1050
[63] [M]: 0x0000000080000598 (0x10502473) csrrs x8, stvec, x0                       init_Stvec+0
CSR stvec (0x105) -> 0x0000000000000000
x8 <- 0x0000000000000000

clint mtime 0x0000000000000020 (mip.MTI <- 0b1, mip.STI <- 0b0)
mem[X,0x000000008000059C] -> 0x3423
mem[X,0x000000008000059E] -> 0x2483
[64] [M]: 0x000000008000059C (0x24833423) sd x8, 0x248(x6)                          init_Stvec+4
mem[W,0x00000000800034E0] <- 0x0000000000000000

mem[X,0x00000000800005A0] -> 0x7393
mem[X,0x00000000800005A2] -> 0x0034
[65] [M]: 0x00000000800005A0 (0x00347393) andi x7, x8, 0x3                          init_Stvec+8
x7 <- 0x0000000000000000

clint mtime 0x0000000000000021 (mip.MTI <- 0b1, mip.STI <- 0b0)
mem[X,0x00000000800005A4] -> 0x3483
mem[X,0x00000000800005A6] -> 0x2303
[66] [M]: 0x00000000800005A4 (0x23033483) ld x9, 0x230(x6)                          init_Stvec+12
mem[R,0x00000000800034C8] -> 0x0000000080001694
x9 <- 0x0000000080001694

mem[X,0x00000000800005A8] -> 0x8493
mem[X,0x00000000800005AA] -> 0xE2C4
[67] [M]: 0x00000000800005A8 (0xE2C48493) addi x9, x9, -0x1d4                       init_Stvec+16
x9 <- 0x00000000800014C0

clint mtime 0x0000000000000022 (mip.MTI <- 0b1, mip.STI <- 0b0)
mem[X,0x00000000800005AC] -> 0xE3B3
mem[X,0x00000000800005AE] -> 0x0074
[68] [M]: 0x00000000800005AC (0x0074E3B3) or x7, x9, x7                             init_Stvec+20
x7 <- 0x00000000800014C0

mem[X,0x00000000800005B0] -> 0x3023
mem[X,0x00000000800005B2] -> 0x2473
[69] [M]: 0x00000000800005B0 (0x24733023) sd x7, 0x240(x6)                          init_Stvec+24
mem[W,0x00000000800034D8] <- 0x00000000800014C0

clint mtime 0x0000000000000023 (mip.MTI <- 0b1, mip.STI <- 0b0)
mem[X,0x00000000800005B4] -> 0x9073
mem[X,0x00000000800005B6] -> 0x1053
[70] [M]: 0x00000000800005B4 (0x10539073) csrrw x0, stvec, x7                       init_Stvec+28
CSR stvec (0x105) <- 0x00000000800014C0

mem[X,0x00000000800005B8] -> 0x2573
mem[X,0x00000000800005BA] -> 0x1050
[71] [M]: 0x00000000800005B8 (0x10502573) csrrs x10, stvec, x0                      init_Stvec+32
CSR stvec (0x105) -> 0x00000000800014C0
x10 <- 0x00000000800014C0

clint mtime 0x0000000000000024 (mip.MTI <- 0b1, mip.STI <- 0b0)
mem[X,0x00000000800005BC] -> 0x0463
mem[X,0x00000000800005BE] -> 0x0875
[72] [M]: 0x00000000800005BC (0x08750463) beq x10, x7, 0x88                         init_Stvec+36

mem[X,0x0000000080000644] -> 0x0093
mem[X,0x0000000080000646] -> 0x0000
[73] [M]: 0x0000000080000644 (0x00000093) addi x1, x0, 0x0                          rvtest_entrypoint+0
x1 <- 0x0000000000000000

clint mtime 0x0000000000000025 (mip.MTI <- 0b1, mip.STI <- 0b0)
mem[X,0x0000000080000648] -> 0x9073
mem[X,0x000000008000064A] -> 0x3000
[74] [M]: 0x0000000080000648 (0x30009073) csrrw x0, mstatus, x1                     rvtest_entrypoint+4
CSR mstatus (0x300) <- 0x0000000A00000000

mem[X,0x000000008000064C] -> 0x9073
mem[X,0x000000008000064E] -> 0x3410
[75] [M]: 0x000000008000064C (0x34109073) csrrw x0, mepc, x1                        rvtest_entrypoint+8
CSR mepc (0x341) <- 0x0000000000000000

clint mtime 0x0000000000000026 (mip.MTI <- 0b1, mip.STI <- 0b0)
mem[X,0x0000000080000650] -> 0x9073
mem[X,0x0000000080000652] -> 0x3440
[76] [M]: 0x0000000080000650 (0x34409073) csrrw x0, mip, x1                         rvtest_entrypoint+12
CSR mip (0x344) <- 0x0000000000000080

mem[X,0x0000000080000654] -> 0x9073
mem[X,0x0000000080000656] -> 0x3430
[77] [M]: 0x0000000080000654 (0x34309073) csrrw x0, mtval, x1                       rvtest_entrypoint+16
CSR mtval (0x343) <- 0x0000000000000000

clint mtime 0x0000000000000027 (mip.MTI <- 0b1, mip.STI <- 0b0)
mem[X,0x0000000080000658] -> 0x9073
mem[X,0x000000008000065A] -> 0x3420
[78] [M]: 0x0000000080000658 (0x34209073) csrrw x0, mcause, x1                      rvtest_entrypoint+20
CSR mcause (0x342) <- 0x0000000000000000

mem[X,0x000000008000065C] -> 0x0837
mem[X,0x000000008000065E] -> 0x7D5C
[79] [M]: 0x000000008000065C (0x7D5C0837) lui x16, 0x7d5c0                          rvtest_entrypoint+24
x16 <- 0x000000007D5C0000

clint mtime 0x0000000000000028 (mip.MTI <- 0b1, mip.STI <- 0b0)
mem[X,0x0000000080000660] -> 0x0813
mem[X,0x0000000080000662] -> 0xDDB8
[80] [M]: 0x0000000080000660 (0xDDB80813) addi x16, x16, -0x225                     rvtest_entrypoint+28
x16 <- 0x000000007D5BFDDB

mem[X,0x0000000080000664] -> 0x1813
mem[X,0x0000000080000666] -> 0x00B8
[81] [M]: 0x0000000080000664 (0x00B81813) slli x16, x16, 0xb                        rvtest_entrypoint+32
x16 <- 0x000003EADFEED800

clint mtime 0x0000000000000029 (mip.MTI <- 0b1, mip.STI <- 0b0)
mem[X,0x0000000080000668] -> 0x0813
mem[X,0x000000008000066A] -> 0x3EA8
[82] [M]: 0x0000000080000668 (0x3EA80813) addi x16, x16, 0x3ea                      rvtest_entrypoint+36
x16 <- 0x000003EADFEEDBEA

mem[X,0x000000008000066C] -> 0x1813
mem[X,0x000000008000066E] -> 0x00B8
[83] [M]: 0x000000008000066C (0x00B81813) slli x16, x16, 0xb                        rvtest_entrypoint+40
x16 <- 0x001F56FF76DF5000

clint mtime 0x000000000000002A (mip.MTI <- 0b1, mip.STI <- 0b0)
mem[X,0x0000000080000670] -> 0x0813
mem[X,0x0000000080000672] -> 0x6FF8
[84] [M]: 0x0000000080000670 (0x6FF80813) addi x16, x16, 0x6ff                      rvtest_entrypoint+44
x16 <- 0x001F56FF76DF56FF

mem[X,0x0000000080000674] -> 0x1813
mem[X,0x0000000080000676] -> 0x00A8
[85] [M]: 0x0000000080000674 (0x00A81813) slli x16, x16, 0xa                        rvtest_entrypoint+48
x16 <- 0x7D5BFDDB7D5BFC00

clint mtime 0x000000000000002B (mip.MTI <- 0b1, mip.STI <- 0b0)
mem[X,0x0000000080000678] -> 0x0813
mem[X,0x000000008000067A] -> 0x1DB8
[86] [M]: 0x0000000080000678 (0x1DB80813) addi x16, x16, 0x1db                      rvtest_entrypoint+52
x16 <- 0x7D5BFDDB7D5BFDDB

mem[X,0x000000008000067C] -> 0x5893
mem[X,0x000000008000067E] -> 0x0078
[87] [M]: 0x000000008000067C (0x00785893) srli x17, x16, 0x7                        rvtest_entrypoint+56
x17 <- 0x00FAB7FBB6FAB7FB

clint mtime 0x000000000000002C (mip.MTI <- 0b1, mip.STI <- 0b0)
mem[X,0x0000000080000680] -> 0x5793
mem[X,0x0000000080000682] -> 0x0398
[88] [M]: 0x0000000080000680 (0x03985793) srli x15, x16, 0x39                       rvtest_entrypoint+60
x15 <- 0x000000000000003E

mem[X,0x0000000080000684] -> 0xE8B3
mem[X,0x0000000080000686] -> 0x00F8
[89] [M]: 0x0000000080000684 (0x00F8E8B3) or x17, x17, x15                          rvtest_entrypoint+64
x17 <- 0x00FAB7FBB6FAB7FF

clint mtime 0x000000000000002D (mip.MTI <- 0b1, mip.STI <- 0b0)
mem[X,0x0000000080000688] -> 0xD913
mem[X,0x000000008000068A] -> 0x0078
[90] [M]: 0x0000000080000688 (0x0078D913) srli x18, x17, 0x7                        rvtest_entrypoint+68
x18 <- 0x0001F56FF76DF56F

mem[X,0x000000008000068C] -> 0xD793
mem[X,0x000000008000068E] -> 0x0398
[91] [M]: 0x000000008000068C (0x0398D793) srli x15, x17, 0x39                       rvtest_entrypoint+72
x15 <- 0x0000000000000000

clint mtime 0x000000000000002E (mip.MTI <- 0b1, mip.STI <- 0b0)
mem[X,0x0000000080000690] -> 0x6933
mem[X,0x0000000080000692] -> 0x00F9
[92] [M]: 0x0000000080000690 (0x00F96933) or x18, x18, x15                          rvtest_entrypoint+76
x18 <- 0x0001F56FF76DF56F

mem[X,0x0000000080000694] -> 0x5993
mem[X,0x0000000080000696] -> 0x0079
[93] [M]: 0x0000000080000694 (0x00795993) srli x19, x18, 0x7                        rvtest_entrypoint+80
x19 <- 0x000003EADFEEDBEA

clint mtime 0x000000000000002F (mip.MTI <- 0b1, mip.STI <- 0b0)
mem[X,0x0000000080000698] -> 0x5793
mem[X,0x000000008000069A] -> 0x0399
[94] [M]: 0x0000000080000698 (0x03995793) srli x15, x18, 0x39                       rvtest_entrypoint+84
x15 <- 0x0000000000000000

mem[X,0x000000008000069C] -> 0xE9B3
mem[X,0x000000008000069E] -> 0x00F9
[95] [M]: 0x000000008000069C (0x00F9E9B3) or x19, x19, x15                          rvtest_entrypoint+88
x19 <- 0x000003EADFEEDBEA

clint mtime 0x0000000000000030 (mip.MTI <- 0b1, mip.STI <- 0b0)
mem[X,0x00000000800006A0] -> 0xDA13
mem[X,0x00000000800006A2] -> 0x0079
[96] [M]: 0x00000000800006A0 (0x0079DA13) srli x20, x19, 0x7                        rvtest_entrypoint+92
x20 <- 0x00000007D5BFDDB7

mem[X,0x00000000800006A4] -> 0xD793
mem[X,0x00000000800006A6] -> 0x0399
[97] [M]: 0x00000000800006A4 (0x0399D793) srli x15, x19, 0x39                       rvtest_entrypoint+96
x15 <- 0x0000000000000000

clint mtime 0x0000000000000031 (mip.MTI <- 0b1, mip.STI <- 0b0)
mem[X,0x00000000800006A8] -> 0x6A33
mem[X,0x00000000800006AA] -> 0x00FA
[98] [M]: 0x00000000800006A8 (0x00FA6A33) or x20, x20, x15                          rvtest_entrypoint+100
x20 <- 0x00000007D5BFDDB7

mem[X,0x00000000800006AC] -> 0x5A93
mem[X,0x00000000800006AE] -> 0x007A
[99] [M]: 0x00000000800006AC (0x007A5A93) srli x21, x20, 0x7                        rvtest_entrypoint+104
x21 <- 0x000000000FAB7FBB

clint mtime 0x0000000000000032 (mip.MTI <- 0b1, mip.STI <- 0b0)
mem[X,0x00000000800006B0] -> 0x5793
mem[X,0x00000000800006B2] -> 0x039A
[100] [M]: 0x00000000800006B0 (0x039A5793) srli x15, x20, 0x39                      rvtest_entrypoint+108
x15 <- 0x0000000000000000

mem[X,0x00000000800006B4] -> 0xEAB3
mem[X,0x00000000800006B6] -> 0x00FA
[101] [M]: 0x00000000800006B4 (0x00FAEAB3) or x21, x21, x15                         rvtest_entrypoint+112
x21 <- 0x000000000FAB7FBB

clint mtime 0x0000000000000033 (mip.MTI <- 0b1, mip.STI <- 0b0)
mem[X,0x00000000800006B8] -> 0xDB13
mem[X,0x00000000800006BA] -> 0x007A
[102] [M]: 0x00000000800006B8 (0x007ADB13) srli x22, x21, 0x7                       rvtest_entrypoint+116
x22 <- 0x00000000001F56FF

mem[X,0x00000000800006BC] -> 0xD793
mem[X,0x00000000800006BE] -> 0x039A
[103] [M]: 0x00000000800006BC (0x039AD793) srli x15, x21, 0x39                      rvtest_entrypoint+120
x15 <- 0x0000000000000000

clint mtime 0x0000000000000034 (mip.MTI <- 0b1, mip.STI <- 0b0)
mem[X,0x00000000800006C0] -> 0x6B33
mem[X,0x00000000800006C2] -> 0x00FB
[104] [M]: 0x00000000800006C0 (0x00FB6B33) or x22, x22, x15                         rvtest_entrypoint+124
x22 <- 0x00000000001F56FF

mem[X,0x00000000800006C4] -> 0x5B93
mem[X,0x00000000800006C6] -> 0x007B
[105] [M]: 0x00000000800006C4 (0x007B5B93) srli x23, x22, 0x7                       rvtest_entrypoint+128
x23 <- 0x0000000000003EAD

clint mtime 0x0000000000000035 (mip.MTI <- 0b1, mip.STI <- 0b0)
mem[X,0x00000000800006C8] -> 0x5793
mem[X,0x00000000800006CA] -> 0x039B
[106] [M]: 0x00000000800006C8 (0x039B5793) srli x15, x22, 0x39                      rvtest_entrypoint+132
x15 <- 0x0000000000000000

mem[X,0x00000000800006CC] -> 0xEBB3
mem[X,0x00000000800006CE] -> 0x00FB
[107] [M]: 0x00000000800006CC (0x00FBEBB3) or x23, x23, x15                         rvtest_entrypoint+136
x23 <- 0x0000000000003EAD

clint mtime 0x0000000000000036 (mip.MTI <- 0b1, mip.STI <- 0b0)
mem[X,0x00000000800006D0] -> 0xDC13
mem[X,0x00000000800006D2] -> 0x007B
[108] [M]: 0x00000000800006D0 (0x007BDC13) srli x24, x23, 0x7                       rvtest_entrypoint+140
x24 <- 0x000000000000007D

mem[X,0x00000000800006D4] -> 0xD793
mem[X,0x00000000800006D6] -> 0x039B
[109] [M]: 0x00000000800006D4 (0x039BD793) srli x15, x23, 0x39                      rvtest_entrypoint+144
x15 <- 0x0000000000000000

clint mtime 0x0000000000000037 (mip.MTI <- 0b1, mip.STI <- 0b0)
mem[X,0x00000000800006D8] -> 0x6C33
mem[X,0x00000000800006DA] -> 0x00FC
[110] [M]: 0x00000000800006D8 (0x00FC6C33) or x24, x24, x15                         rvtest_entrypoint+148
x24 <- 0x000000000000007D

mem[X,0x00000000800006DC] -> 0x5C93
mem[X,0x00000000800006DE] -> 0x007C
[111] [M]: 0x00000000800006DC (0x007C5C93) srli x25, x24, 0x7                       rvtest_entrypoint+152
x25 <- 0x0000000000000000

clint mtime 0x0000000000000038 (mip.MTI <- 0b1, mip.STI <- 0b0)
mem[X,0x00000000800006E0] -> 0x5793
mem[X,0x00000000800006E2] -> 0x039C
[112] [M]: 0x00000000800006E0 (0x039C5793) srli x15, x24, 0x39                      rvtest_entrypoint+156
x15 <- 0x0000000000000000

mem[X,0x00000000800006E4] -> 0xECB3
mem[X,0x00000000800006E6] -> 0x00FC
[113] [M]: 0x00000000800006E4 (0x00FCECB3) or x25, x25, x15                         rvtest_entrypoint+160
x25 <- 0x0000000000000000

clint mtime 0x0000000000000039 (mip.MTI <- 0b1, mip.STI <- 0b0)
mem[X,0x00000000800006E8] -> 0xDD13
mem[X,0x00000000800006EA] -> 0x007C
[114] [M]: 0x00000000800006E8 (0x007CDD13) srli x26, x25, 0x7                       rvtest_entrypoint+164
x26 <- 0x0000000000000000

mem[X,0x00000000800006EC] -> 0xD793
mem[X,0x00000000800006EE] -> 0x039C
[115] [M]: 0x00000000800006EC (0x039CD793) srli x15, x25, 0x39                      rvtest_entrypoint+168
x15 <- 0x0000000000000000

clint mtime 0x000000000000003A (mip.MTI <- 0b1, mip.STI <- 0b0)
mem[X,0x00000000800006F0] -> 0x6D33
mem[X,0x00000000800006F2] -> 0x00FD
[116] [M]: 0x00000000800006F0 (0x00FD6D33) or x26, x26, x15                         rvtest_entrypoint+172
x26 <- 0x0000000000000000

mem[X,0x00000000800006F4] -> 0x5D93
mem[X,0x00000000800006F6] -> 0x007D
[117] [M]: 0x00000000800006F4 (0x007D5D93) srli x27, x26, 0x7                       rvtest_entrypoint+176
x27 <- 0x0000000000000000

clint mtime 0x000000000000003B (mip.MTI <- 0b1, mip.STI <- 0b0)
mem[X,0x00000000800006F8] -> 0x5793
mem[X,0x00000000800006FA] -> 0x039D
[118] [M]: 0x00000000800006F8 (0x039D5793) srli x15, x26, 0x39                      rvtest_entrypoint+180
x15 <- 0x0000000000000000

mem[X,0x00000000800006FC] -> 0xEDB3
mem[X,0x00000000800006FE] -> 0x00FD
[119] [M]: 0x00000000800006FC (0x00FDEDB3) or x27, x27, x15                         rvtest_entrypoint+184
x27 <- 0x0000000000000000

clint mtime 0x000000000000003C (mip.MTI <- 0b1, mip.STI <- 0b0)
mem[X,0x0000000080000700] -> 0xDE13
mem[X,0x0000000080000702] -> 0x007D
[120] [M]: 0x0000000080000700 (0x007DDE13) srli x28, x27, 0x7                       rvtest_entrypoint+188
x28 <- 0x0000000000000000

mem[X,0x0000000080000704] -> 0xD793
mem[X,0x0000000080000706] -> 0x039D
[121] [M]: 0x0000000080000704 (0x039DD793) srli x15, x27, 0x39                      rvtest_entrypoint+192
x15 <- 0x0000000000000000

clint mtime 0x000000000000003D (mip.MTI <- 0b1, mip.STI <- 0b0)
mem[X,0x0000000080000708] -> 0x6E33
mem[X,0x000000008000070A] -> 0x00FE
[122] [M]: 0x0000000080000708 (0x00FE6E33) or x28, x28, x15                         rvtest_entrypoint+196
x28 <- 0x0000000000000000

mem[X,0x000000008000070C] -> 0x5E93
mem[X,0x000000008000070E] -> 0x007E
[123] [M]: 0x000000008000070C (0x007E5E93) srli x29, x28, 0x7                       rvtest_entrypoint+200
x29 <- 0x0000000000000000

clint mtime 0x000000000000003E (mip.MTI <- 0b1, mip.STI <- 0b0)
mem[X,0x0000000080000710] -> 0x5793
mem[X,0x0000000080000712] -> 0x039E
[124] [M]: 0x0000000080000710 (0x039E5793) srli x15, x28, 0x39                      rvtest_entrypoint+204
x15 <- 0x0000000000000000

mem[X,0x0000000080000714] -> 0xEEB3
mem[X,0x0000000080000716] -> 0x00FE
[125] [M]: 0x0000000080000714 (0x00FEEEB3) or x29, x29, x15                         rvtest_entrypoint+208
x29 <- 0x0000000000000000

clint mtime 0x000000000000003F (mip.MTI <- 0b1, mip.STI <- 0b0)
mem[X,0x0000000080000718] -> 0xDF13
mem[X,0x000000008000071A] -> 0x007E
[126] [M]: 0x0000000080000718 (0x007EDF13) srli x30, x29, 0x7                       rvtest_entrypoint+212
x30 <- 0x0000000000000000

mem[X,0x000000008000071C] -> 0xD793
mem[X,0x000000008000071E] -> 0x039E
[127] [M]: 0x000000008000071C (0x039ED793) srli x15, x29, 0x39                      rvtest_entrypoint+216
x15 <- 0x0000000000000000

clint mtime 0x0000000000000040 (mip.MTI <- 0b1, mip.STI <- 0b0)
mem[X,0x0000000080000720] -> 0x6F33
mem[X,0x0000000080000722] -> 0x00FF
[128] [M]: 0x0000000080000720 (0x00FF6F33) or x30, x30, x15                         rvtest_entrypoint+220
x30 <- 0x0000000000000000

mem[X,0x0000000080000724] -> 0xC0B7
mem[X,0x0000000080000726] -> 0xFEED
[129] [M]: 0x0000000080000724 (0xFEEDC0B7) lui x1, -0x1124                          rvtest_entrypoint+224
x1 <- 0xFFFFFFFFFEEDC000

clint mtime 0x0000000000000041 (mip.MTI <- 0b1, mip.STI <- 0b0)
mem[X,0x0000000080000728] -> 0x8093
mem[X,0x000000008000072A] -> 0xEAD0
[130] [M]: 0x0000000080000728 (0xEAD08093) addi x1, x1, -0x153                      rvtest_entrypoint+228
x1 <- 0xFFFFFFFFFEEDBEAD

mem[X,0x000000008000072C] -> 0x9093
mem[X,0x000000008000072E] -> 0x00B0
[131] [M]: 0x000000008000072C (0x00B09093) slli x1, x1, 0xb                         rvtest_entrypoint+232
x1 <- 0xFFFFFFF76DF56800

clint mtime 0x0000000000000042 (mip.MTI <- 0b1, mip.STI <- 0b0)
mem[X,0x0000000080000730] -> 0x8093
mem[X,0x0000000080000732] -> 0x7F70
[132] [M]: 0x0000000080000730 (0x7F708093) addi x1, x1, 0x7f7                       rvtest_entrypoint+236
x1 <- 0xFFFFFFF76DF56FF7

mem[X,0x0000000080000734] -> 0x9093
mem[X,0x0000000080000736] -> 0x00B0
[133] [M]: 0x0000000080000734 (0x00B09093) slli x1, x1, 0xb                         rvtest_entrypoint+240
x1 <- 0xFFFFBB6FAB7FB800

clint mtime 0x0000000000000043 (mip.MTI <- 0b1, mip.STI <- 0b0)
mem[X,0x0000000080000738] -> 0x8093
mem[X,0x000000008000073A] -> 0x36F0
[134] [M]: 0x0000000080000738 (0x36F08093) addi x1, x1, 0x36f                       rvtest_entrypoint+244
x1 <- 0xFFFFBB6FAB7FBB6F

mem[X,0x000000008000073C] -> 0x9093
mem[X,0x000000008000073E] -> 0x00A0
[135] [M]: 0x000000008000073C (0x00A09093) slli x1, x1, 0xa                         rvtest_entrypoint+248
x1 <- 0xFEEDBEADFEEDBC00

clint mtime 0x0000000000000044 (mip.MTI <- 0b1, mip.STI <- 0b0)
mem[X,0x0000000080000740] -> 0x8093
mem[X,0x0000000080000742] -> 0x2AD0
[136] [M]: 0x0000000080000740 (0x2AD08093) addi x1, x1, 0x2ad                       rvtest_entrypoint+252
x1 <- 0xFEEDBEADFEEDBEAD

mem[X,0x0000000080000744] -> 0xD113
mem[X,0x0000000080000746] -> 0x0070
[137] [M]: 0x0000000080000744 (0x0070D113) srli x2, x1, 0x7                         rvtest_entrypoint+256
x2 <- 0x01FDDB7D5BFDDB7D

clint mtime 0x0000000000000045 (mip.MTI <- 0b1, mip.STI <- 0b0)
mem[X,0x0000000080000748] -> 0xD793
mem[X,0x000000008000074A] -> 0x0390
[138] [M]: 0x0000000080000748 (0x0390D793) srli x15, x1, 0x39                       rvtest_entrypoint+260
x15 <- 0x000000000000007F

mem[X,0x000000008000074C] -> 0x6133
mem[X,0x000000008000074E] -> 0x00F1
[139] [M]: 0x000000008000074C (0x00F16133) or x2, x2, x15                           rvtest_entrypoint+264
x2 <- 0x01FDDB7D5BFDDB7F

clint mtime 0x0000000000000046 (mip.MTI <- 0b1, mip.STI <- 0b0)
mem[X,0x0000000080000750] -> 0x5193
mem[X,0x0000000080000752] -> 0x0071
[140] [M]: 0x0000000080000750 (0x00715193) srli x3, x2, 0x7                         rvtest_entrypoint+268
x3 <- 0x0003FBB6FAB7FBB6

mem[X,0x0000000080000754] -> 0x5793
mem[X,0x0000000080000756] -> 0x0391
[141] [M]: 0x0000000080000754 (0x03915793) srli x15, x2, 0x39                       rvtest_entrypoint+272
x15 <- 0x0000000000000000

clint mtime 0x0000000000000047 (mip.MTI <- 0b1, mip.STI <- 0b0)
mem[X,0x0000000080000758] -> 0xE1B3
mem[X,0x000000008000075A] -> 0x00F1
[142] [M]: 0x0000000080000758 (0x00F1E1B3) or x3, x3, x15                           rvtest_entrypoint+276
x3 <- 0x0003FBB6FAB7FBB6

mem[X,0x000000008000075C] -> 0xD213
mem[X,0x000000008000075E] -> 0x0071
[143] [M]: 0x000000008000075C (0x0071D213) srli x4, x3, 0x7                         rvtest_entrypoint+280
x4 <- 0x000007F76DF56FF7

clint mtime 0x0000000000000048 (mip.MTI <- 0b1, mip.STI <- 0b0)
mem[X,0x0000000080000760] -> 0xD793
mem[X,0x0000000080000762] -> 0x0391
[144] [M]: 0x0000000080000760 (0x0391D793) srli x15, x3, 0x39                       rvtest_entrypoint+284
x15 <- 0x0000000000000000

mem[X,0x0000000080000764] -> 0x6233
mem[X,0x0000000080000766] -> 0x00F2
[145] [M]: 0x0000000080000764 (0x00F26233) or x4, x4, x15                           rvtest_entrypoint+288
x4 <- 0x000007F76DF56FF7

clint mtime 0x0000000000000049 (mip.MTI <- 0b1, mip.STI <- 0b0)
mem[X,0x0000000080000768] -> 0x5293
mem[X,0x000000008000076A] -> 0x0072
[146] [M]: 0x0000000080000768 (0x00725293) srli x5, x4, 0x7                         rvtest_entrypoint+292
x5 <- 0x0000000FEEDBEADF

mem[X,0x000000008000076C] -> 0x5793
mem[X,0x000000008000076E] -> 0x0392
[147] [M]: 0x000000008000076C (0x03925793) srli x15, x4, 0x39                       rvtest_entrypoint+296
x15 <- 0x0000000000000000

clint mtime 0x000000000000004A (mip.MTI <- 0b1, mip.STI <- 0b0)
mem[X,0x0000000080000770] -> 0xE2B3
mem[X,0x0000000080000772] -> 0x00F2
[148] [M]: 0x0000000080000770 (0x00F2E2B3) or x5, x5, x15                           rvtest_entrypoint+300
x5 <- 0x0000000FEEDBEADF

mem[X,0x0000000080000774] -> 0xD313
mem[X,0x0000000080000776] -> 0x0072
[149] [M]: 0x0000000080000774 (0x0072D313) srli x6, x5, 0x7                         rvtest_entrypoint+304
x6 <- 0x000000001FDDB7D5

clint mtime 0x000000000000004B (mip.MTI <- 0b1, mip.STI <- 0b0)
mem[X,0x0000000080000778] -> 0xD793
mem[X,0x000000008000077A] -> 0x0392
[150] [M]: 0x0000000080000778 (0x0392D793) srli x15, x5, 0x39                       rvtest_entrypoint+308
x15 <- 0x0000000000000000

mem[X,0x000000008000077C] -> 0x6333
mem[X,0x000000008000077E] -> 0x00F3
[151] [M]: 0x000000008000077C (0x00F36333) or x6, x6, x15                           rvtest_entrypoint+312
x6 <- 0x000000001FDDB7D5

clint mtime 0x000000000000004C (mip.MTI <- 0b1, mip.STI <- 0b0)
mem[X,0x0000000080000780] -> 0x5393
mem[X,0x0000000080000782] -> 0x0073
[152] [M]: 0x0000000080000780 (0x00735393) srli x7, x6, 0x7                         rvtest_entrypoint+316
x7 <- 0x00000000003FBB6F

mem[X,0x0000000080000784] -> 0x5793
mem[X,0x0000000080000786] -> 0x0393
[153] [M]: 0x0000000080000784 (0x03935793) srli x15, x6, 0x39                       rvtest_entrypoint+320
x15 <- 0x0000000000000000

clint mtime 0x000000000000004D (mip.MTI <- 0b1, mip.STI <- 0b0)
mem[X,0x0000000080000788] -> 0xE3B3
mem[X,0x000000008000078A] -> 0x00F3
[154] [M]: 0x0000000080000788 (0x00F3E3B3) or x7, x7, x15                           rvtest_entrypoint+324
x7 <- 0x00000000003FBB6F

mem[X,0x000000008000078C] -> 0xD413
mem[X,0x000000008000078E] -> 0x0073
[155] [M]: 0x000000008000078C (0x0073D413) srli x8, x7, 0x7                         rvtest_entrypoint+328
x8 <- 0x0000000000007F76

clint mtime 0x000000000000004E (mip.MTI <- 0b1, mip.STI <- 0b0)
mem[X,0x0000000080000790] -> 0xD793
mem[X,0x0000000080000792] -> 0x0393
[156] [M]: 0x0000000080000790 (0x0393D793) srli x15, x7, 0x39                       rvtest_entrypoint+332
x15 <- 0x0000000000000000

mem[X,0x0000000080000794] -> 0x6433
mem[X,0x0000000080000796] -> 0x00F4
[157] [M]: 0x0000000080000794 (0x00F46433) or x8, x8, x15                           rvtest_entrypoint+336
x8 <- 0x0000000000007F76

clint mtime 0x000000000000004F (mip.MTI <- 0b1, mip.STI <- 0b0)
mem[X,0x0000000080000798] -> 0x5493
mem[X,0x000000008000079A] -> 0x0074
[158] [M]: 0x0000000080000798 (0x00745493) srli x9, x8, 0x7                         rvtest_entrypoint+340
x9 <- 0x00000000000000FE

mem[X,0x000000008000079C] -> 0x5793
mem[X,0x000000008000079E] -> 0x0394
[159] [M]: 0x000000008000079C (0x03945793) srli x15, x8, 0x39                       rvtest_entrypoint+344
x15 <- 0x0000000000000000

clint mtime 0x0000000000000050 (mip.MTI <- 0b1, mip.STI <- 0b0)
mem[X,0x00000000800007A0] -> 0xE4B3
mem[X,0x00000000800007A2] -> 0x00F4
[160] [M]: 0x00000000800007A0 (0x00F4E4B3) or x9, x9, x15                           rvtest_entrypoint+348
x9 <- 0x00000000000000FE

mem[X,0x00000000800007A4] -> 0xD513
mem[X,0x00000000800007A6] -> 0x0074
[161] [M]: 0x00000000800007A4 (0x0074D513) srli x10, x9, 0x7                        rvtest_entrypoint+352
x10 <- 0x0000000000000001

clint mtime 0x0000000000000051 (mip.MTI <- 0b1, mip.STI <- 0b0)
mem[X,0x00000000800007A8] -> 0xD793
mem[X,0x00000000800007AA] -> 0x0394
[162] [M]: 0x00000000800007A8 (0x0394D793) srli x15, x9, 0x39                       rvtest_entrypoint+356
x15 <- 0x0000000000000000

mem[X,0x00000000800007AC] -> 0x6533
mem[X,0x00000000800007AE] -> 0x00F5
[163] [M]: 0x00000000800007AC (0x00F56533) or x10, x10, x15                         rvtest_entrypoint+360
x10 <- 0x0000000000000001

clint mtime 0x0000000000000052 (mip.MTI <- 0b1, mip.STI <- 0b0)
mem[X,0x00000000800007B0] -> 0x5593
mem[X,0x00000000800007B2] -> 0x0075
[164] [M]: 0x00000000800007B0 (0x00755593) srli x11, x10, 0x7                       rvtest_entrypoint+364
x11 <- 0x0000000000000000

mem[X,0x00000000800007B4] -> 0x5793
mem[X,0x00000000800007B6] -> 0x0395
[165] [M]: 0x00000000800007B4 (0x03955793) srli x15, x10, 0x39                      rvtest_entrypoint+368
x15 <- 0x0000000000000000

clint mtime 0x0000000000000053 (mip.MTI <- 0b1, mip.STI <- 0b0)
mem[X,0x00000000800007B8] -> 0xE5B3
mem[X,0x00000000800007BA] -> 0x00F5
[166] [M]: 0x00000000800007B8 (0x00F5E5B3) or x11, x11, x15                         rvtest_entrypoint+372
x11 <- 0x0000000000000000

mem[X,0x00000000800007BC] -> 0xD613
mem[X,0x00000000800007BE] -> 0x0075
[167] [M]: 0x00000000800007BC (0x0075D613) srli x12, x11, 0x7                       rvtest_entrypoint+376
x12 <- 0x0000000000000000

clint mtime 0x0000000000000054 (mip.MTI <- 0b1, mip.STI <- 0b0)
mem[X,0x00000000800007C0] -> 0xD793
mem[X,0x00000000800007C2] -> 0x0395
[168] [M]: 0x00000000800007C0 (0x0395D793) srli x15, x11, 0x39                      rvtest_entrypoint+380
x15 <- 0x0000000000000000

mem[X,0x00000000800007C4] -> 0x6633
mem[X,0x00000000800007C6] -> 0x00F6
[169] [M]: 0x00000000800007C4 (0x00F66633) or x12, x12, x15                         rvtest_entrypoint+384
x12 <- 0x0000000000000000

clint mtime 0x0000000000000055 (mip.MTI <- 0b1, mip.STI <- 0b0)
mem[X,0x00000000800007C8] -> 0x5693
mem[X,0x00000000800007CA] -> 0x0076
[170] [M]: 0x00000000800007C8 (0x00765693) srli x13, x12, 0x7                       rvtest_entrypoint+388
x13 <- 0x0000000000000000

mem[X,0x00000000800007CC] -> 0x5793
mem[X,0x00000000800007CE] -> 0x0396
[171] [M]: 0x00000000800007CC (0x03965793) srli x15, x12, 0x39                      rvtest_entrypoint+392
x15 <- 0x0000000000000000

clint mtime 0x0000000000000056 (mip.MTI <- 0b1, mip.STI <- 0b0)
mem[X,0x00000000800007D0] -> 0xE6B3
mem[X,0x00000000800007D2] -> 0x00F6
[172] [M]: 0x00000000800007D0 (0x00F6E6B3) or x13, x13, x15                         rvtest_entrypoint+396
x13 <- 0x0000000000000000

mem[X,0x00000000800007D4] -> 0x0013
mem[X,0x00000000800007D6] -> 0x0000
[173] [M]: 0x00000000800007D4 (0x00000013) addi x0, x0, 0x0                         rvtest_code_begin+0

clint mtime 0x0000000000000057 (mip.MTI <- 0b1, mip.STI <- 0b0)
mem[X,0x00000000800007D8] -> 0x0013
mem[X,0x00000000800007DA] -> 0x0000
[174] [M]: 0x00000000800007D8 (0x00000013) addi x0, x0, 0x0                         rvtest_code_begin+4

mem[X,0x00000000800007DC] -> 0x0013
mem[X,0x00000000800007DE] -> 0x0000
[175] [M]: 0x00000000800007DC (0x00000013) addi x0, x0, 0x0                         rvtest_code_begin+8

clint mtime 0x0000000000000058 (mip.MTI <- 0b1, mip.STI <- 0b0)
mem[X,0x00000000800007E0] -> 0x8697
mem[X,0x00000000800007E2] -> 0x0000
[176] [M]: 0x00000000800007E0 (0x00008697) auipc x13, 0x8                           rvtest_code_begin+12
x13 <- 0x00000000800087E0

mem[X,0x00000000800007E4] -> 0x8693
mem[X,0x00000000800007E6] -> 0x9386
[177] [M]: 0x00000000800007E4 (0x93868693) addi x13, x13, -0x6c8                    rvtest_code_begin+16
x13 <- 0x0000000080008118

clint mtime 0x0000000000000059 (mip.MTI <- 0b1, mip.STI <- 0b0)
mem[X,0x00000000800007E8] -> 0x0001
[178] [M]: 0x00000000800007E8 (0x0001) c.nop                                        rvtest_code_begin+20

mem[X,0x00000000800007EA] -> 0x0013
mem[X,0x00000000800007EC] -> 0x0000
[179] [M]: 0x00000000800007EA (0x00000013) addi x0, x0, 0x0                         rvtest_code_begin+22

clint mtime 0x000000000000005A (mip.MTI <- 0b1, mip.STI <- 0b0)
mem[X,0x00000000800007EE] -> 0x0013
mem[X,0x00000000800007F0] -> 0x0000
[180] [M]: 0x00000000800007EE (0x00000013) addi x0, x0, 0x0                         rvtest_code_begin+26

mem[X,0x00000000800007F2] -> 0x0013
mem[X,0x00000000800007F4] -> 0x0000
[181] [M]: 0x00000000800007F2 (0x00000013) addi x0, x0, 0x0                         rvtest_code_begin+30

clint mtime 0x000000000000005B (mip.MTI <- 0b1, mip.STI <- 0b0)
mem[X,0x00000000800007F6] -> 0x0013
mem[X,0x00000000800007F8] -> 0x0000
[182] [M]: 0x00000000800007F6 (0x00000013) addi x0, x0, 0x0                         rvtest_code_begin+34

mem[X,0x00000000800007FA] -> 0x0013
mem[X,0x00000000800007FC] -> 0x0000
[183] [M]: 0x00000000800007FA (0x00000013) addi x0, x0, 0x0                         rvtest_code_begin+38

clint mtime 0x000000000000005C (mip.MTI <- 0b1, mip.STI <- 0b0)
mem[X,0x00000000800007FE] -> 0x0001
[184] [M]: 0x00000000800007FE (0x0001) c.nop                                        rvtest_code_begin+42

mem[X,0x0000000080000800] -> 0xD737
mem[X,0x0000000080000802] -> 0x0000
[185] [M]: 0x0000000080000800 (0x0000D737) lui x14, 0xd                             main+0
x14 <- 0x000000000000D000

clint mtime 0x000000000000005D (mip.MTI <- 0b1, mip.STI <- 0b0)
mem[X,0x0000000080000804] -> 0x071B
mem[X,0x0000000080000806] -> 0xEED7
[186] [M]: 0x0000000080000804 (0xEED7071B) addiw x14, x14, -0x113                   main+4
x14 <- 0x000000000000CEED

mem[X,0x0000000080000808] -> 0xB023
mem[X,0x000000008000080A] -> 0x00E6
[187] [M]: 0x0000000080000808 (0x00E6B023) sd x14, 0x0(x13)                         main+8
mem[W,0x0000000080008118] <- 0x000000000000CEED

clint mtime 0x000000000000005E (mip.MTI <- 0b1, mip.STI <- 0b0)
mem[X,0x000000008000080C] -> 0xC737
mem[X,0x000000008000080E] -> 0x0000
[188] [M]: 0x000000008000080C (0x0000C737) lui x14, 0xc                             main+12
x14 <- 0x000000000000C000

mem[X,0x0000000080000810] -> 0x071B
mem[X,0x0000000080000812] -> 0xEED7
[189] [M]: 0x0000000080000810 (0xEED7071B) addiw x14, x14, -0x113                   main+16
x14 <- 0x000000000000BEED

clint mtime 0x000000000000005F (mip.MTI <- 0b1, mip.STI <- 0b0)
mem[X,0x0000000080000814] -> 0xB423
mem[X,0x0000000080000816] -> 0x00E6
[190] [M]: 0x0000000080000814 (0x00E6B423) sd x14, 0x8(x13)                         main+20
mem[W,0x0000000080008120] <- 0x000000000000BEED

mem[X,0x0000000080000818] -> 0x0393
mem[X,0x000000008000081A] -> 0xFFF0
[191] [M]: 0x0000000080000818 (0xFFF00393) addi x7, x0, -0x1                        main+24
x7 <- 0xFFFFFFFFFFFFFFFF

clint mtime 0x0000000000000060 (mip.MTI <- 0b1, mip.STI <- 0b0)
mem[X,0x000000008000081C] -> 0x9073
mem[X,0x000000008000081E] -> 0x3B03
[192] [M]: 0x000000008000081C (0x3B039073) csrrw x0, pmpaddr0, x7                   main+28
CSR pmpaddr0 (0x3B0) <- 0x003FFFFFFFFFFFFF

mem[X,0x0000000080000820] -> 0x0393
mem[X,0x0000000080000822] -> 0x00F0
[193] [M]: 0x0000000080000820 (0x00F00393) addi x7, x0, 0xf                         main+32
x7 <- 0x000000000000000F

clint mtime 0x0000000000000061 (mip.MTI <- 0b1, mip.STI <- 0b0)
mem[X,0x0000000080000824] -> 0x9073
mem[X,0x0000000080000826] -> 0x3A03
[194] [M]: 0x0000000080000824 (0x3A039073) csrrw x0, pmpcfg0, x7                    main+36
CSR pmpcfg0 (0x3A0) <- 0x000000000000000F

mem[X,0x0000000080000828] -> 0x0073
mem[X,0x000000008000082A] -> 0x1200
[195] [M]: 0x0000000080000828 (0x12000073) sfence.vma x0, x0                        main+40

clint mtime 0x0000000000000062 (mip.MTI <- 0b1, mip.STI <- 0b0)
mem[X,0x000000008000082C] -> 0x1073
mem[X,0x000000008000082E] -> 0x1800
[196] [M]: 0x000000008000082C (0x18001073) csrrw x0, satp, x0                       main+44
CSR satp (0x180) <- 0x0000000000000000

mem[X,0x0000000080000830] -> 0x0293
mem[X,0x0000000080000832] -> 0x0010
[197] [M]: 0x0000000080000830 (0x00100293) addi x5, x0, 0x1                         main+48
x5 <- 0x0000000000000001

clint mtime 0x0000000000000063 (mip.MTI <- 0b1, mip.STI <- 0b0)
mem[X,0x0000000080000834] -> 0x9073
mem[X,0x0000000080000836] -> 0x1802
[198] [M]: 0x0000000080000834 (0x18029073) csrrw x0, satp, x5                       main+52
CSR satp (0x180) <- 0x0000000000000001

mem[X,0x0000000080000838] -> 0x2373
mem[X,0x000000008000083A] -> 0x1800
[199] [M]: 0x0000000080000838 (0x18002373) csrrs x6, satp, x0                       main+56
CSR satp (0x180) -> 0x0000000000000001
x6 <- 0x0000000000000001

clint mtime 0x0000000000000064 (mip.MTI <- 0b1, mip.STI <- 0b0)
mem[X,0x000000008000083C] -> 0xB823
mem[X,0x000000008000083E] -> 0x0066
[200] [M]: 0x000000008000083C (0x0066B823) sd x6, 0x10(x13)                         main+60
mem[W,0x0000000080008128] <- 0x0000000000000001

mem[X,0x0000000080000840] -> 0x9293
mem[X,0x0000000080000842] -> 0x0012
[201] [M]: 0x0000000080000840 (0x00129293) slli x5, x5, 0x1                         main+64
x5 <- 0x0000000000000002

clint mtime 0x0000000000000065 (mip.MTI <- 0b1, mip.STI <- 0b0)
mem[X,0x0000000080000844] -> 0xA073
mem[X,0x0000000080000846] -> 0x1802
[202] [M]: 0x0000000080000844 (0x1802A073) csrrs x0, satp, x5                       main+68
CSR satp (0x180) <- 0x0000000000000003

mem[X,0x0000000080000848] -> 0x2373
mem[X,0x000000008000084A] -> 0x1800
[203] [M]: 0x0000000080000848 (0x18002373) csrrs x6, satp, x0                       main+72
CSR satp (0x180) -> 0x0000000000000003
x6 <- 0x0000000000000003

clint mtime 0x0000000000000066 (mip.MTI <- 0b1, mip.STI <- 0b0)
mem[X,0x000000008000084C] -> 0xBC23
mem[X,0x000000008000084E] -> 0x0066
[204] [M]: 0x000000008000084C (0x0066BC23) sd x6, 0x18(x13)                         main+76
mem[W,0x0000000080008130] <- 0x0000000000000003

mem[X,0x0000000080000850] -> 0x9293
mem[X,0x0000000080000852] -> 0x0012
[205] [M]: 0x0000000080000850 (0x00129293) slli x5, x5, 0x1                         main+80
x5 <- 0x0000000000000004

clint mtime 0x0000000000000067 (mip.MTI <- 0b1, mip.STI <- 0b0)
mem[X,0x0000000080000854] -> 0xB073
mem[X,0x0000000080000856] -> 0x1802
[206] [M]: 0x0000000080000854 (0x1802B073) csrrc x0, satp, x5                       main+84
CSR satp (0x180) <- 0x0000000000000003

mem[X,0x0000000080000858] -> 0x2373
mem[X,0x000000008000085A] -> 0x1800
[207] [M]: 0x0000000080000858 (0x18002373) csrrs x6, satp, x0                       main+88
CSR satp (0x180) -> 0x0000000000000003
x6 <- 0x0000000000000003

clint mtime 0x0000000000000068 (mip.MTI <- 0b1, mip.STI <- 0b0)
mem[X,0x000000008000085C] -> 0xB023
mem[X,0x000000008000085E] -> 0x0266
[208] [M]: 0x000000008000085C (0x0266B023) sd x6, 0x20(x13)                         main+92
mem[W,0x0000000080008138] <- 0x0000000000000003

mem[X,0x0000000080000860] -> 0x9293
mem[X,0x0000000080000862] -> 0x0012
[209] [M]: 0x0000000080000860 (0x00129293) slli x5, x5, 0x1                         main+96
x5 <- 0x0000000000000008

clint mtime 0x0000000000000069 (mip.MTI <- 0b1, mip.STI <- 0b0)
mem[X,0x0000000080000864] -> 0x0493
mem[X,0x0000000080000866] -> 0x0010
[210] [M]: 0x0000000080000864 (0x00100493) addi x9, x0, 0x1                         main+100
x9 <- 0x0000000000000001

mem[X,0x0000000080000868] -> 0x9493
mem[X,0x000000008000086A] -> 0x00B4
[211] [M]: 0x0000000080000868 (0x00B49493) slli x9, x9, 0xb                         main+104
x9 <- 0x0000000000000800

clint mtime 0x000000000000006A (mip.MTI <- 0b1, mip.STI <- 0b0)
mem[X,0x000000008000086C] -> 0xB073
mem[X,0x000000008000086E] -> 0x3004
[212] [M]: 0x000000008000086C (0x3004B073) csrrc x0, mstatus, x9                    main+108
CSR mstatus (0x300) <- 0x0000000A00000000

mem[X,0x0000000080000870] -> 0x0493
mem[X,0x0000000080000872] -> 0x0010
[213] [M]: 0x0000000080000870 (0x00100493) addi x9, x0, 0x1                         main+112
x9 <- 0x0000000000000001

clint mtime 0x000000000000006B (mip.MTI <- 0b1, mip.STI <- 0b0)
mem[X,0x0000000080000874] -> 0x9493
mem[X,0x0000000080000876] -> 0x00B4
[214] [M]: 0x0000000080000874 (0x00B49493) slli x9, x9, 0xb                         main+116
x9 <- 0x0000000000000800

mem[X,0x0000000080000878] -> 0xA073
mem[X,0x000000008000087A] -> 0x3004
[215] [M]: 0x0000000080000878 (0x3004A073) csrrs x0, mstatus, x9                    main+120
CSR mstatus (0x300) <- 0x0000000A00000800

clint mtime 0x000000000000006C (mip.MTI <- 0b1, mip.STI <- 0b0)
mem[X,0x000000008000087C] -> 0x23F3
mem[X,0x000000008000087E] -> 0x3400
[216] [M]: 0x000000008000087C (0x340023F3) csrrs x7, mscratch, x0                   main+124
CSR mscratch (0x340) -> 0x0000000080003000
x7 <- 0x0000000080003000

mem[X,0x0000000080000880] -> 0xB303
mem[X,0x0000000080000882] -> 0x4703
[217] [M]: 0x0000000080000880 (0x4703B303) ld x6, 0x470(x7)                         main+128
mem[R,0x0000000080003470] -> 0x00000000800007D4
x6 <- 0x00000000800007D4

clint mtime 0x000000000000006D (mip.MTI <- 0b1, mip.STI <- 0b0)
mem[X,0x0000000080000884] -> 0xB483
mem[X,0x0000000080000886] -> 0x1D83
[218] [M]: 0x0000000080000884 (0x1D83B483) ld x9, 0x1d8(x7)                         main+132
mem[R,0x00000000800031D8] -> 0x00000000800007D4
x9 <- 0x00000000800007D4

mem[X,0x0000000080000888] -> 0x0333
mem[X,0x000000008000088A] -> 0x4093
[219] [M]: 0x0000000080000888 (0x40930333) sub x6, x6, x9                           main+136
x6 <- 0x0000000000000000

clint mtime 0x000000000000006E (mip.MTI <- 0b1, mip.STI <- 0b0)
mem[X,0x000000008000088C] -> 0x0313
mem[X,0x000000008000088E] -> 0x0103
[220] [M]: 0x000000008000088C (0x01030313) addi x6, x6, 0x10                        main+140
x6 <- 0x0000000000000010

mem[X,0x0000000080000890] -> 0x0497
mem[X,0x0000000080000892] -> 0x0000
[221] [M]: 0x0000000080000890 (0x00000497) auipc x9, 0x0                            main+144
x9 <- 0x0000000080000890

clint mtime 0x000000000000006F (mip.MTI <- 0b1, mip.STI <- 0b0)
mem[X,0x0000000080000894] -> 0x84B3
mem[X,0x0000000080000896] -> 0x0064
[222] [M]: 0x0000000080000894 (0x006484B3) add x9, x9, x6                           main+148
x9 <- 0x00000000800008A0

mem[X,0x0000000080000898] -> 0x94F3
mem[X,0x000000008000089A] -> 0x3414
[223] [M]: 0x0000000080000898 (0x341494F3) csrrw x9, mepc, x9                       main+152
CSR mepc (0x341) <- 0x00000000800008A0
x9 <- 0x0000000000000000

clint mtime 0x0000000000000070 (mip.MTI <- 0b1, mip.STI <- 0b0)
mem[X,0x000000008000089C] -> 0x0073
mem[X,0x000000008000089E] -> 0x3020
[224] [M]: 0x000000008000089C (0x30200073) mret                                     main+156
CSR mstatus (0x300) <- 0x0000000A00000080
ret-ing from M to S

mem[X,0x00000000800008A0] -> 0x0293
mem[X,0x00000000800008A2] -> 0x0010
[225] [S]: 0x00000000800008A0 (0x00100293) addi x5, x0, 0x1                         main+160
x5 <- 0x0000000000000001

clint mtime 0x0000000000000071 (mip.MTI <- 0b1, mip.STI <- 0b0)
mem[X,0x00000000800008A4] -> 0x9073
mem[X,0x00000000800008A6] -> 0x1802
[226] [S]: 0x00000000800008A4 (0x18029073) csrrw x0, satp, x5                       main+164
CSR satp (0x180) <- 0x0000000000000001

mem[X,0x00000000800008A8] -> 0x2373
mem[X,0x00000000800008AA] -> 0x1800
[227] [S]: 0x00000000800008A8 (0x18002373) csrrs x6, satp, x0                       main+168
CSR satp (0x180) -> 0x0000000000000001
x6 <- 0x0000000000000001

clint mtime 0x0000000000000072 (mip.MTI <- 0b1, mip.STI <- 0b0)
mem[X,0x00000000800008AC] -> 0xB423
mem[X,0x00000000800008AE] -> 0x0266
[228] [S]: 0x00000000800008AC (0x0266B423) sd x6, 0x28(x13)                         main+172
mem[W,0x0000000080008140] <- 0x0000000000000001

mem[X,0x00000000800008B0] -> 0x9293
mem[X,0x00000000800008B2] -> 0x0012
[229] [S]: 0x00000000800008B0 (0x00129293) slli x5, x5, 0x1                         main+176
x5 <- 0x0000000000000002

clint mtime 0x0000000000000073 (mip.MTI <- 0b1, mip.STI <- 0b0)
mem[X,0x00000000800008B4] -> 0xA073
mem[X,0x00000000800008B6] -> 0x1802
[230] [S]: 0x00000000800008B4 (0x1802A073) csrrs x0, satp, x5                       main+180
CSR satp (0x180) <- 0x0000000000000003

mem[X,0x00000000800008B8] -> 0x2373
mem[X,0x00000000800008BA] -> 0x1800
[231] [S]: 0x00000000800008B8 (0x18002373) csrrs x6, satp, x0                       main+184
CSR satp (0x180) -> 0x0000000000000003
x6 <- 0x0000000000000003

clint mtime 0x0000000000000074 (mip.MTI <- 0b1, mip.STI <- 0b0)
mem[X,0x00000000800008BC] -> 0xB823
mem[X,0x00000000800008BE] -> 0x0266
[232] [S]: 0x00000000800008BC (0x0266B823) sd x6, 0x30(x13)                         main+188
mem[W,0x0000000080008148] <- 0x0000000000000003

mem[X,0x00000000800008C0] -> 0x9293
mem[X,0x00000000800008C2] -> 0x0012
[233] [S]: 0x00000000800008C0 (0x00129293) slli x5, x5, 0x1                         main+192
x5 <- 0x0000000000000004

clint mtime 0x0000000000000075 (mip.MTI <- 0b1, mip.STI <- 0b0)
mem[X,0x00000000800008C4] -> 0xB073
mem[X,0x00000000800008C6] -> 0x1802
[234] [S]: 0x00000000800008C4 (0x1802B073) csrrc x0, satp, x5                       main+196
CSR satp (0x180) <- 0x0000000000000003

mem[X,0x00000000800008C8] -> 0x2373
mem[X,0x00000000800008CA] -> 0x1800
[235] [S]: 0x00000000800008C8 (0x18002373) csrrs x6, satp, x0                       main+200
CSR satp (0x180) -> 0x0000000000000003
x6 <- 0x0000000000000003

clint mtime 0x0000000000000076 (mip.MTI <- 0b1, mip.STI <- 0b0)
mem[X,0x00000000800008CC] -> 0xBC23
mem[X,0x00000000800008CE] -> 0x0266
[236] [S]: 0x00000000800008CC (0x0266BC23) sd x6, 0x38(x13)                         main+204
mem[W,0x0000000080008150] <- 0x0000000000000003

mem[X,0x00000000800008D0] -> 0x9293
mem[X,0x00000000800008D2] -> 0x0012
[237] [S]: 0x00000000800008D0 (0x00129293) slli x5, x5, 0x1                         main+208
x5 <- 0x0000000000000008

clint mtime 0x0000000000000077 (mip.MTI <- 0b1, mip.STI <- 0b0)
mem[X,0x00000000800008D4] -> 0x0113
mem[X,0x00000000800008D6] -> 0x0000
[238] [S]: 0x00000000800008D4 (0x00000113) addi x2, x0, 0x0                         main+212
x2 <- 0x0000000000000000

mem[X,0x00000000800008D8] -> 0x0073
mem[X,0x00000000800008DA] -> 0x0000
[239] [S]: 0x00000000800008D8 (0x00000073) ecall                                    main+216
trapping from S to M to handle s-call
handling exc#s-call at priv M with tval 0x0000000000000000
CSR mstatus (0x300) <- 0x0000000A00000800
CSR mcause (0x342) <- 0x0000000000000009
CSR mtval (0x343) <- 0x0000000000000000
CSR mepc (0x341) <- 0x00000000800008D8

clint mtime 0x0000000000000078 (mip.MTI <- 0b1, mip.STI <- 0b0)
mem[X,0x0000000080000B40] -> 0x006F
mem[X,0x0000000080000B42] -> 0x1000
[240] [M]: 0x0000000080000B40 (0x1000006F) jal x0, 0x100                            Mtrampoline+0

mem[X,0x0000000080000C40] -> 0x1173
mem[X,0x0000000080000C42] -> 0x3401
[241] [M]: 0x0000000080000C40 (0x34011173) csrrw x2, mscratch, x2                   trap_Mhandler+0
CSR mscratch (0x340) <- 0x0000000000000000
x2 <- 0x0000000080003000

clint mtime 0x0000000000000079 (mip.MTI <- 0b1, mip.STI <- 0b0)
mem[X,0x0000000080000C44] -> 0x3423
mem[X,0x0000000080000C46] -> 0x28B1
[242] [M]: 0x0000000080000C44 (0x28B13423) sd x11, 0x288(x2)                        trap_Mhandler+4
mem[W,0x0000000080003288] <- 0x0000000000000000

mem[X,0x0000000080000C48] -> 0x05EF
mem[X,0x0000000080000C4A] -> 0x0B80
[243] [M]: 0x0000000080000C48 (0x0B8005EF) jal x11, 0xb8                            trap_Mhandler+8
x11 <- 0x0000000080000C4C

clint mtime 0x000000000000007A (mip.MTI <- 0b1, mip.STI <- 0b0)
mem[X,0x0000000080000D00] -> 0x3023
mem[X,0x0000000080000D02] -> 0x28A1
[244] [M]: 0x0000000080000D00 (0x28A13023) sd x10, 0x280(x2)                        common_Mhandler+0
mem[W,0x0000000080003280] <- 0x0000000000000001

mem[X,0x0000000080000D04] -> 0x1573
mem[X,0x0000000080000D06] -> 0x3401
[245] [M]: 0x0000000080000D04 (0x34011573) csrrw x10, mscratch, x2                  common_Mhandler+4
CSR mscratch (0x340) <- 0x0000000080003000
x10 <- 0x0000000000000000

clint mtime 0x000000000000007B (mip.MTI <- 0b1, mip.STI <- 0b0)
mem[X,0x0000000080000D08] -> 0x3823
mem[X,0x0000000080000D0A] -> 0x28A1
[246] [M]: 0x0000000080000D08 (0x28A13823) sd x10, 0x290(x2)                        common_Mhandler+8
mem[W,0x0000000080003290] <- 0x0000000000000000

mem[X,0x0000000080000D0C] -> 0x3503
mem[X,0x0000000080000D0E] -> 0x2301
[247] [M]: 0x0000000080000D0C (0x23013503) ld x10, 0x230(x2)                        common_Mhandler+12
mem[R,0x0000000080003230] -> 0x0000000080000D14
x10 <- 0x0000000080000D14

clint mtime 0x000000000000007C (mip.MTI <- 0b1, mip.STI <- 0b0)
mem[X,0x0000000080000D10] -> 0x0067
mem[X,0x0000000080000D12] -> 0x0005
[248] [M]: 0x0000000080000D10 (0x00050067) jalr x0, 0x0(x10)                        common_Mhandler+16

mem[X,0x0000000080000D14] -> 0x3C23
mem[X,0x0000000080000D16] -> 0x2691
[249] [M]: 0x0000000080000D14 (0x26913C23) sd x9, 0x278(x2)                         common_Mentry+0
mem[W,0x0000000080003278] <- 0x0000000000000000

clint mtime 0x000000000000007D (mip.MTI <- 0b1, mip.STI <- 0b0)
mem[X,0x0000000080000D18] -> 0x3823
mem[X,0x0000000080000D1A] -> 0x2681
[250] [M]: 0x0000000080000D18 (0x26813823) sd x8, 0x270(x2)                         common_Mentry+4
mem[W,0x0000000080003270] <- 0x0000000000007F76

mem[X,0x0000000080000D1C] -> 0x3423
mem[X,0x0000000080000D1E] -> 0x2671
[251] [M]: 0x0000000080000D1C (0x26713423) sd x7, 0x268(x2)                         common_Mentry+8
mem[W,0x0000000080003268] <- 0x0000000080003000

clint mtime 0x000000000000007E (mip.MTI <- 0b1, mip.STI <- 0b0)
mem[X,0x0000000080000D20] -> 0x3023
mem[X,0x0000000080000D22] -> 0x2661
[252] [M]: 0x0000000080000D20 (0x26613023) sd x6, 0x260(x2)                         common_Mentry+12
mem[W,0x0000000080003260] <- 0x0000000000000003

mem[X,0x0000000080000D24] -> 0x2573
mem[X,0x0000000080000D26] -> 0x3420
[253] [M]: 0x0000000080000D24 (0x34202573) csrrs x10, mcause, x0                    spcl_M2mmode_test+0
CSR mcause (0x342) -> 0x0000000000000009
x10 <- 0x0000000000000009

clint mtime 0x000000000000007F (mip.MTI <- 0b1, mip.STI <- 0b0)
mem[X,0x0000000080000D28] -> 0x04B7
mem[X,0x0000000080000D2A] -> 0x8000
[254] [M]: 0x0000000080000D28 (0x800004B7) lui x9, -0x80000                         spcl_M2mmode_test+4
x9 <- 0xFFFFFFFF80000000

mem[X,0x0000000080000D2C] -> 0x8493
mem[X,0x0000000080000D2E] -> 0x0004
[255] [M]: 0x0000000080000D2C (0x00048493) addi x9, x9, 0x0                         spcl_M2mmode_test+8
x9 <- 0xFFFFFFFF80000000

clint mtime 0x0000000000000080 (mip.MTI <- 0b1, mip.STI <- 0b0)
mem[X,0x0000000080000D30] -> 0x9493
mem[X,0x0000000080000D32] -> 0x00B4
[256] [M]: 0x0000000080000D30 (0x00B49493) slli x9, x9, 0xb                         spcl_M2mmode_test+12
x9 <- 0xFFFFFC0000000000

mem[X,0x0000000080000D34] -> 0x8493
mem[X,0x0000000080000D36] -> 0x0004
[257] [M]: 0x0000000080000D34 (0x00048493) addi x9, x9, 0x0                         spcl_M2mmode_test+16
x9 <- 0xFFFFFC0000000000

clint mtime 0x0000000000000081 (mip.MTI <- 0b1, mip.STI <- 0b0)
mem[X,0x0000000080000D38] -> 0x9493
mem[X,0x0000000080000D3A] -> 0x00B4
[258] [M]: 0x0000000080000D38 (0x00B49493) slli x9, x9, 0xb                         spcl_M2mmode_test+20
x9 <- 0xFFE0000000000000

mem[X,0x0000000080000D3C] -> 0x8493
mem[X,0x0000000080000D3E] -> 0x0034
[259] [M]: 0x0000000080000D3C (0x00348493) addi x9, x9, 0x3                         spcl_M2mmode_test+24
x9 <- 0xFFE0000000000003

clint mtime 0x0000000000000082 (mip.MTI <- 0b1, mip.STI <- 0b0)
mem[X,0x0000000080000D40] -> 0x9493
mem[X,0x0000000080000D42] -> 0x00A4
[260] [M]: 0x0000000080000D40 (0x00A49493) slli x9, x9, 0xa                         spcl_M2mmode_test+28
x9 <- 0x8000000000000C00

mem[X,0x0000000080000D44] -> 0x8493
mem[X,0x0000000080000D46] -> 0x3FC4
[261] [M]: 0x0000000080000D44 (0x3FC48493) addi x9, x9, 0x3fc                       spcl_M2mmode_test+32
x9 <- 0x8000000000000FFC

clint mtime 0x0000000000000083 (mip.MTI <- 0b1, mip.STI <- 0b0)
mem[X,0x0000000080000D48] -> 0xF4B3
mem[X,0x0000000080000D4A] -> 0x00A4
[262] [M]: 0x0000000080000D48 (0x00A4F4B3) and x9, x9, x10                          spcl_M2mmode_test+36
x9 <- 0x0000000000000008

mem[X,0x0000000080000D4C] -> 0x8493
mem[X,0x0000000080000D4E] -> 0xFF84
[263] [M]: 0x0000000080000D4C (0xFF848493) addi x9, x9, -0x8                        spcl_M2mmode_test+40
x9 <- 0x0000000000000000

clint mtime 0x0000000000000084 (mip.MTI <- 0b1, mip.STI <- 0b0)
mem[X,0x0000000080000D50] -> 0x9663
mem[X,0x0000000080000D52] -> 0x0004
[264] [M]: 0x0000000080000D50 (0x00049663) bne x9, x0, 0xc                          spcl_M2mmode_test+44

mem[X,0x0000000080000D54] -> 0x3383
mem[X,0x0000000080000D56] -> 0x2901
[265] [M]: 0x0000000080000D54 (0x29013383) ld x7, 0x290(x2)                         spcl_M2mmode_test+48
mem[R,0x0000000080003290] -> 0x0000000000000000
x7 <- 0x0000000000000000

clint mtime 0x0000000000000085 (mip.MTI <- 0b1, mip.STI <- 0b0)
mem[X,0x0000000080000D58] -> 0x8663
mem[X,0x0000000080000D5A] -> 0x6E03
[266] [M]: 0x0000000080000D58 (0x6E038663) beq x7, x0, 0x6ec                        spcl_M2mmode_test+52

mem[X,0x0000000080001444] -> 0x0493
mem[X,0x0000000080001446] -> 0xFF55
[267] [M]: 0x0000000080001444 (0xFF550493) addi x9, x10, -0xb                       rtn2mmode+0
x9 <- 0xFFFFFFFFFFFFFFFE

clint mtime 0x0000000000000086 (mip.MTI <- 0b1, mip.STI <- 0b0)
mem[X,0x0000000080001448] -> 0x8C63
mem[X,0x000000008000144A] -> 0x0004
[268] [M]: 0x0000000080001448 (0x00048C63) beq x9, x0, 0x18                         rtn2mmode+4

mem[X,0x000000008000144C] -> 0x3583
mem[X,0x000000008000144E] -> 0x4701
[269] [M]: 0x000000008000144C (0x47013583) ld x11, 0x470(x2)                        rtn2mmode+8
mem[R,0x0000000080003470] -> 0x00000000800007D4
x11 <- 0x00000000800007D4

clint mtime 0x0000000000000087 (mip.MTI <- 0b1, mip.STI <- 0b0)
mem[X,0x0000000080001450] -> 0xD463
mem[X,0x0000000080001452] -> 0x0003
[270] [M]: 0x0000000080001450 (0x0003D463) bge x7, x0, 0x8                          rtn2mmode+12

mem[X,0x0000000080001458] -> 0x3483
mem[X,0x000000008000145A] -> 0x1D81
[271] [M]: 0x0000000080001458 (0x1D813483) ld x9, 0x1d8(x2)                         from_u_s+0
mem[R,0x00000000800031D8] -> 0x00000000800007D4
x9 <- 0x00000000800007D4

clint mtime 0x0000000000000088 (mip.MTI <- 0b1, mip.STI <- 0b0)
mem[X,0x000000008000145C] -> 0x84B3
mem[X,0x000000008000145E] -> 0x40B4
[272] [M]: 0x000000008000145C (0x40B484B3) sub x9, x9, x11                          from_u_s+4
x9 <- 0x0000000000000000

mem[X,0x0000000080001460] -> 0x23F3
mem[X,0x0000000080001462] -> 0x3410
[273] [M]: 0x0000000080001460 (0x341023F3) csrrs x7, mepc, x0                       rtn_fm_mmode+0
CSR mepc (0x341) -> 0x00000000800008D8
x7 <- 0x00000000800008D8

clint mtime 0x0000000000000089 (mip.MTI <- 0b1, mip.STI <- 0b0)
mem[X,0x0000000080001464] -> 0x83B3
mem[X,0x0000000080001466] -> 0x0093
[274] [M]: 0x0000000080001464 (0x009383B3) add x7, x7, x9                           rtn_fm_mmode+4
x7 <- 0x00000000800008D8

mem[X,0x0000000080001468] -> 0x3303
mem[X,0x000000008000146A] -> 0x2601
[275] [M]: 0x0000000080001468 (0x26013303) ld x6, 0x260(x2)                         rtn_fm_mmode+8
mem[R,0x0000000080003260] -> 0x0000000000000003
x6 <- 0x0000000000000003

clint mtime 0x000000000000008A (mip.MTI <- 0b1, mip.STI <- 0b0)
mem[X,0x000000008000146C] -> 0x3403
mem[X,0x000000008000146E] -> 0x2701
[276] [M]: 0x000000008000146C (0x27013403) ld x8, 0x270(x2)                         rtn_fm_mmode+12
mem[R,0x0000000080003270] -> 0x0000000000007F76
x8 <- 0x0000000000007F76

mem[X,0x0000000080001470] -> 0x3483
mem[X,0x0000000080001472] -> 0x2781
[277] [M]: 0x0000000080001470 (0x27813483) ld x9, 0x278(x2)                         rtn_fm_mmode+16
mem[R,0x0000000080003278] -> 0x0000000000000000
x9 <- 0x0000000000000000

clint mtime 0x000000000000008B (mip.MTI <- 0b1, mip.STI <- 0b0)
mem[X,0x0000000080001474] -> 0x3503
mem[X,0x0000000080001476] -> 0x2801
[278] [M]: 0x0000000080001474 (0x28013503) ld x10, 0x280(x2)                        rtn_fm_mmode+20
mem[R,0x0000000080003280] -> 0x0000000000000001
x10 <- 0x0000000000000001

mem[X,0x0000000080001478] -> 0x3583
mem[X,0x000000008000147A] -> 0x2881
[279] [M]: 0x0000000080001478 (0x28813583) ld x11, 0x288(x2)                        rtn_fm_mmode+24
mem[R,0x0000000080003288] -> 0x0000000000000000
x11 <- 0x0000000000000000

clint mtime 0x000000000000008C (mip.MTI <- 0b1, mip.STI <- 0b0)
mem[X,0x000000008000147C] -> 0x3103
mem[X,0x000000008000147E] -> 0x2901
[280] [M]: 0x000000008000147C (0x29013103) ld x2, 0x290(x2)                         rtn_fm_mmode+28
mem[R,0x0000000080003290] -> 0x0000000000000000
x2 <- 0x0000000000000000

mem[X,0x0000000080001480] -> 0x8067
mem[X,0x0000000080001482] -> 0x0043
[281] [M]: 0x0000000080001480 (0x00438067) jalr x0, 0x4(x7)                         rtn_fm_mmode+32

clint mtime 0x000000000000008D (mip.MTI <- 0b1, mip.STI <- 0b0)
mem[X,0x00000000800008DC] -> 0x0493
mem[X,0x00000000800008DE] -> 0x0010
[282] [M]: 0x00000000800008DC (0x00100493) addi x9, x0, 0x1                         main+220
x9 <- 0x0000000000000001

mem[X,0x00000000800008E0] -> 0x9493
mem[X,0x00000000800008E2] -> 0x00B4
[283] [M]: 0x00000000800008E0 (0x00B49493) slli x9, x9, 0xb                         main+224
x9 <- 0x0000000000000800

clint mtime 0x000000000000008E (mip.MTI <- 0b1, mip.STI <- 0b0)
mem[X,0x00000000800008E4] -> 0xB073
mem[X,0x00000000800008E6] -> 0x3004
[284] [M]: 0x00000000800008E4 (0x3004B073) csrrc x0, mstatus, x9                    main+228
CSR mstatus (0x300) <- 0x0000000A00000000

mem[X,0x00000000800008E8] -> 0x23F3
mem[X,0x00000000800008EA] -> 0x3400
[285] [M]: 0x00000000800008E8 (0x340023F3) csrrs x7, mscratch, x0                   main+232
CSR mscratch (0x340) -> 0x0000000080003000
x7 <- 0x0000000080003000

clint mtime 0x000000000000008F (mip.MTI <- 0b1, mip.STI <- 0b0)
mem[X,0x00000000800008EC] -> 0xB303
mem[X,0x00000000800008EE] -> 0x4703
[286] [M]: 0x00000000800008EC (0x4703B303) ld x6, 0x470(x7)                         main+236
mem[R,0x0000000080003470] -> 0x00000000800007D4
x6 <- 0x00000000800007D4

mem[X,0x00000000800008F0] -> 0xB483
mem[X,0x00000000800008F2] -> 0x1D83
[287] [M]: 0x00000000800008F0 (0x1D83B483) ld x9, 0x1d8(x7)                         main+240
mem[R,0x00000000800031D8] -> 0x00000000800007D4
x9 <- 0x00000000800007D4

clint mtime 0x0000000000000090 (mip.MTI <- 0b1, mip.STI <- 0b0)
mem[X,0x00000000800008F4] -> 0x0333
mem[X,0x00000000800008F6] -> 0x4093
[288] [M]: 0x00000000800008F4 (0x40930333) sub x6, x6, x9                           main+244
x6 <- 0x0000000000000000

mem[X,0x00000000800008F8] -> 0x0313
mem[X,0x00000000800008FA] -> 0x0103
[289] [M]: 0x00000000800008F8 (0x01030313) addi x6, x6, 0x10                        main+248
x6 <- 0x0000000000000010

clint mtime 0x0000000000000091 (mip.MTI <- 0b1, mip.STI <- 0b0)
mem[X,0x00000000800008FC] -> 0x0497
mem[X,0x00000000800008FE] -> 0x0000
[290] [M]: 0x00000000800008FC (0x00000497) auipc x9, 0x0                            main+252
x9 <- 0x00000000800008FC

mem[X,0x0000000080000900] -> 0x84B3
mem[X,0x0000000080000902] -> 0x0064
[291] [M]: 0x0000000080000900 (0x006484B3) add x9, x9, x6                           main+256
x9 <- 0x000000008000090C

clint mtime 0x0000000000000092 (mip.MTI <- 0b1, mip.STI <- 0b0)
mem[X,0x0000000080000904] -> 0x94F3
mem[X,0x0000000080000906] -> 0x3414
[292] [M]: 0x0000000080000904 (0x341494F3) csrrw x9, mepc, x9                       main+260
CSR mepc (0x341) <- 0x000000008000090C
x9 <- 0x00000000800008D8

mem[X,0x0000000080000908] -> 0x0073
mem[X,0x000000008000090A] -> 0x3020
[293] [M]: 0x0000000080000908 (0x30200073) mret                                     main+264
CSR mstatus (0x300) <- 0x0000000A00000080
ret-ing from M to U

clint mtime 0x0000000000000093 (mip.MTI <- 0b1, mip.STI <- 0b0)
mem[X,0x000000008000090C] -> 0x0293
mem[X,0x000000008000090E] -> 0x0010
[294] [U]: 0x000000008000090C (0x00100293) addi x5, x0, 0x1                         main+268
x5 <- 0x0000000000000001

mem[X,0x0000000080000910] -> 0x9073
mem[X,0x0000000080000912] -> 0x1802
[295] [U]: 0x0000000080000910 (0x18029073) csrrw x0, satp, x5                       main+272
trapping from U to M to handle illegal-instruction
handling exc#illegal-instruction at priv M with tval 0x0000000018029073
CSR mstatus (0x300) <- 0x0000000A00000000
CSR mcause (0x342) <- 0x0000000000000002
CSR mtval (0x343) <- 0x0000000018029073
CSR mepc (0x341) <- 0x0000000080000910

clint mtime 0x0000000000000094 (mip.MTI <- 0b1, mip.STI <- 0b0)
mem[X,0x0000000080000B40] -> 0x006F
mem[X,0x0000000080000B42] -> 0x1000
[296] [M]: 0x0000000080000B40 (0x1000006F) jal x0, 0x100                            Mtrampoline+0

mem[X,0x0000000080000C40] -> 0x1173
mem[X,0x0000000080000C42] -> 0x3401
[297] [M]: 0x0000000080000C40 (0x34011173) csrrw x2, mscratch, x2                   trap_Mhandler+0
CSR mscratch (0x340) <- 0x0000000000000000
x2 <- 0x0000000080003000

clint mtime 0x0000000000000095 (mip.MTI <- 0b1, mip.STI <- 0b0)
mem[X,0x0000000080000C44] -> 0x3423
mem[X,0x0000000080000C46] -> 0x28B1
[298] [M]: 0x0000000080000C44 (0x28B13423) sd x11, 0x288(x2)                        trap_Mhandler+4
mem[W,0x0000000080003288] <- 0x0000000000000000

mem[X,0x0000000080000C48] -> 0x05EF
mem[X,0x0000000080000C4A] -> 0x0B80
[299] [M]: 0x0000000080000C48 (0x0B8005EF) jal x11, 0xb8                            trap_Mhandler+8
x11 <- 0x0000000080000C4C

clint mtime 0x0000000000000096 (mip.MTI <- 0b1, mip.STI <- 0b0)
mem[X,0x0000000080000D00] -> 0x3023
mem[X,0x0000000080000D02] -> 0x28A1
[300] [M]: 0x0000000080000D00 (0x28A13023) sd x10, 0x280(x2)                        common_Mhandler+0
mem[W,0x0000000080003280] <- 0x0000000000000001

mem[X,0x0000000080000D04] -> 0x1573
mem[X,0x0000000080000D06] -> 0x3401
[301] [M]: 0x0000000080000D04 (0x34011573) csrrw x10, mscratch, x2                  common_Mhandler+4
CSR mscratch (0x340) <- 0x0000000080003000
x10 <- 0x0000000000000000

clint mtime 0x0000000000000097 (mip.MTI <- 0b1, mip.STI <- 0b0)
mem[X,0x0000000080000D08] -> 0x3823
mem[X,0x0000000080000D0A] -> 0x28A1
[302] [M]: 0x0000000080000D08 (0x28A13823) sd x10, 0x290(x2)                        common_Mhandler+8
mem[W,0x0000000080003290] <- 0x0000000000000000

mem[X,0x0000000080000D0C] -> 0x3503
mem[X,0x0000000080000D0E] -> 0x2301
[303] [M]: 0x0000000080000D0C (0x23013503) ld x10, 0x230(x2)                        common_Mhandler+12
mem[R,0x0000000080003230] -> 0x0000000080000D14
x10 <- 0x0000000080000D14

clint mtime 0x0000000000000098 (mip.MTI <- 0b1, mip.STI <- 0b0)
mem[X,0x0000000080000D10] -> 0x0067
mem[X,0x0000000080000D12] -> 0x0005
[304] [M]: 0x0000000080000D10 (0x00050067) jalr x0, 0x0(x10)                        common_Mhandler+16

mem[X,0x0000000080000D14] -> 0x3C23
mem[X,0x0000000080000D16] -> 0x2691
[305] [M]: 0x0000000080000D14 (0x26913C23) sd x9, 0x278(x2)                         common_Mentry+0
mem[W,0x0000000080003278] <- 0x00000000800008D8

clint mtime 0x0000000000000099 (mip.MTI <- 0b1, mip.STI <- 0b0)
mem[X,0x0000000080000D18] -> 0x3823
mem[X,0x0000000080000D1A] -> 0x2681
[306] [M]: 0x0000000080000D18 (0x26813823) sd x8, 0x270(x2)                         common_Mentry+4
mem[W,0x0000000080003270] <- 0x0000000000007F76

mem[X,0x0000000080000D1C] -> 0x3423
mem[X,0x0000000080000D1E] -> 0x2671
[307] [M]: 0x0000000080000D1C (0x26713423) sd x7, 0x268(x2)                         common_Mentry+8
mem[W,0x0000000080003268] <- 0x0000000080003000

clint mtime 0x000000000000009A (mip.MTI <- 0b1, mip.STI <- 0b0)
mem[X,0x0000000080000D20] -> 0x3023
mem[X,0x0000000080000D22] -> 0x2661
[308] [M]: 0x0000000080000D20 (0x26613023) sd x6, 0x260(x2)                         common_Mentry+12
mem[W,0x0000000080003260] <- 0x0000000000000010

mem[X,0x0000000080000D24] -> 0x2573
mem[X,0x0000000080000D26] -> 0x3420
[309] [M]: 0x0000000080000D24 (0x34202573) csrrs x10, mcause, x0                    spcl_M2mmode_test+0
CSR mcause (0x342) -> 0x0000000000000002
x10 <- 0x0000000000000002

clint mtime 0x000000000000009B (mip.MTI <- 0b1, mip.STI <- 0b0)
mem[X,0x0000000080000D28] -> 0x04B7
mem[X,0x0000000080000D2A] -> 0x8000
[310] [M]: 0x0000000080000D28 (0x800004B7) lui x9, -0x80000                         spcl_M2mmode_test+4
x9 <- 0xFFFFFFFF80000000

mem[X,0x0000000080000D2C] -> 0x8493
mem[X,0x0000000080000D2E] -> 0x0004
[311] [M]: 0x0000000080000D2C (0x00048493) addi x9, x9, 0x0                         spcl_M2mmode_test+8
x9 <- 0xFFFFFFFF80000000

clint mtime 0x000000000000009C (mip.MTI <- 0b1, mip.STI <- 0b0)
mem[X,0x0000000080000D30] -> 0x9493
mem[X,0x0000000080000D32] -> 0x00B4
[312] [M]: 0x0000000080000D30 (0x00B49493) slli x9, x9, 0xb                         spcl_M2mmode_test+12
x9 <- 0xFFFFFC0000000000

mem[X,0x0000000080000D34] -> 0x8493
mem[X,0x0000000080000D36] -> 0x0004
[313] [M]: 0x0000000080000D34 (0x00048493) addi x9, x9, 0x0                         spcl_M2mmode_test+16
x9 <- 0xFFFFFC0000000000

clint mtime 0x000000000000009D (mip.MTI <- 0b1, mip.STI <- 0b0)
mem[X,0x0000000080000D38] -> 0x9493
mem[X,0x0000000080000D3A] -> 0x00B4
[314] [M]: 0x0000000080000D38 (0x00B49493) slli x9, x9, 0xb                         spcl_M2mmode_test+20
x9 <- 0xFFE0000000000000

mem[X,0x0000000080000D3C] -> 0x8493
mem[X,0x0000000080000D3E] -> 0x0034
[315] [M]: 0x0000000080000D3C (0x00348493) addi x9, x9, 0x3                         spcl_M2mmode_test+24
x9 <- 0xFFE0000000000003

clint mtime 0x000000000000009E (mip.MTI <- 0b1, mip.STI <- 0b0)
mem[X,0x0000000080000D40] -> 0x9493
mem[X,0x0000000080000D42] -> 0x00A4
[316] [M]: 0x0000000080000D40 (0x00A49493) slli x9, x9, 0xa                         spcl_M2mmode_test+28
x9 <- 0x8000000000000C00

mem[X,0x0000000080000D44] -> 0x8493
mem[X,0x0000000080000D46] -> 0x3FC4
[317] [M]: 0x0000000080000D44 (0x3FC48493) addi x9, x9, 0x3fc                       spcl_M2mmode_test+32
x9 <- 0x8000000000000FFC

clint mtime 0x000000000000009F (mip.MTI <- 0b1, mip.STI <- 0b0)
mem[X,0x0000000080000D48] -> 0xF4B3
mem[X,0x0000000080000D4A] -> 0x00A4
[318] [M]: 0x0000000080000D48 (0x00A4F4B3) and x9, x9, x10                          spcl_M2mmode_test+36
x9 <- 0x0000000000000000

mem[X,0x0000000080000D4C] -> 0x8493
mem[X,0x0000000080000D4E] -> 0xFF84
[319] [M]: 0x0000000080000D4C (0xFF848493) addi x9, x9, -0x8                        spcl_M2mmode_test+40
x9 <- 0xFFFFFFFFFFFFFFF8

clint mtime 0x00000000000000A0 (mip.MTI <- 0b1, mip.STI <- 0b0)
mem[X,0x0000000080000D50] -> 0x9663
mem[X,0x0000000080000D52] -> 0x0004
[320] [M]: 0x0000000080000D50 (0x00049663) bne x9, x0, 0xc                          spcl_M2mmode_test+44

mem[X,0x0000000080000D5C] -> 0x0393
mem[X,0x0000000080000D5E] -> 0x0200
[321] [M]: 0x0000000080000D5C (0x02000393) addi x7, x0, 0x20                        Mtrapsig_ptr_upd+0
x7 <- 0x0000000000000020

clint mtime 0x00000000000000A1 (mip.MTI <- 0b1, mip.STI <- 0b0)
mem[X,0x0000000080000D60] -> 0x5263
mem[X,0x0000000080000D62] -> 0x0405
[322] [M]: 0x0000000080000D60 (0x04055263) bge x10, x0, 0x44                        Mtrapsig_ptr_upd+4

mem[X,0x0000000080000DA4] -> 0x2373
mem[X,0x0000000080000DA6] -> 0x3010
[323] [M]: 0x0000000080000DA4 (0x30102373) csrrs x6, misa, x0                       Mxcpt_sig_sv+0
CSR misa (0x301) -> 0x800000000034112F
x6 <- 0x800000000034112F

clint mtime 0x00000000000000A2 (mip.MTI <- 0b1, mip.STI <- 0b0)
mem[X,0x0000000080000DA8] -> 0x1313
mem[X,0x0000000080000DAA] -> 0x0383
[324] [M]: 0x0000000080000DA8 (0x03831313) slli x6, x6, 0x38                        Mxcpt_sig_sv+4
x6 <- 0x2F00000000000000

mem[X,0x0000000080000DAC] -> 0x5463
mem[X,0x0000000080000DAE] -> 0x0003
[325] [M]: 0x0000000080000DAC (0x00035463) bge x6, x0, 0x8                          Mxcpt_sig_sv+8

clint mtime 0x00000000000000A3 (mip.MTI <- 0b1, mip.STI <- 0b0)
mem[X,0x0000000080000DB4] -> 0x3303
mem[X,0x0000000080000DB6] -> 0x2181
[326] [M]: 0x0000000080000DB4 (0x21813303) ld x6, 0x218(x2)                         Mtrap_sig_sv+0
mem[R,0x0000000080003218] -> 0x0000000080008518
x6 <- 0x0000000080008518

mem[X,0x0000000080000DB8] -> 0x04B3
mem[X,0x0000000080000DBA] -> 0x0073
[327] [M]: 0x0000000080000DB8 (0x007304B3) add x9, x6, x7                           Mtrap_sig_sv+4
x9 <- 0x0000000080008538

clint mtime 0x00000000000000A4 (mip.MTI <- 0b1, mip.STI <- 0b0)
mem[X,0x0000000080000DBC] -> 0x3C23
mem[X,0x0000000080000DBE] -> 0x2091
[328] [M]: 0x0000000080000DBC (0x20913C23) sd x9, 0x218(x2)                         Mtrap_sig_sv+8
mem[W,0x0000000080003218] <- 0x0000000080008538

mem[X,0x0000000080000DC0] -> 0x3403
mem[X,0x0000000080000DC2] -> 0x1F81
[329] [M]: 0x0000000080000DC0 (0x1F813403) ld x8, 0x1f8(x2)                         Mtrap_sig_sv+12
mem[R,0x00000000800031F8] -> 0x0000000080008110
x8 <- 0x0000000080008110

clint mtime 0x00000000000000A5 (mip.MTI <- 0b1, mip.STI <- 0b0)
mem[X,0x0000000080000DC4] -> 0x0333
mem[X,0x0000000080000DC6] -> 0x4083
[330] [M]: 0x0000000080000DC4 (0x40830333) sub x6, x6, x8                           Mtrap_sig_sv+16
x6 <- 0x0000000000000408

mem[X,0x0000000080000DC8] -> 0x3403
mem[X,0x0000000080000DCA] -> 0x1F81
[331] [M]: 0x0000000080000DC8 (0x1F813403) ld x8, 0x1f8(x2)                         Mtrap_sig_sv+20
mem[R,0x00000000800031F8] -> 0x0000000080008110
x8 <- 0x0000000080008110

clint mtime 0x00000000000000A6 (mip.MTI <- 0b1, mip.STI <- 0b0)
mem[X,0x0000000080000DCC] -> 0x0333
mem[X,0x0000000080000DCE] -> 0x0083
[332] [M]: 0x0000000080000DCC (0x00830333) add x6, x6, x8                           Mtrap_sig_sv+24
x6 <- 0x0000000080008518

mem[X,0x0000000080000DD0] -> 0x3403
mem[X,0x0000000080000DD2] -> 0x2401
[333] [M]: 0x0000000080000DD0 (0x24013403) ld x8, 0x240(x2)                         Mtrap_sig_sv+28
mem[R,0x0000000080003240] -> 0x0000000080000B40
x8 <- 0x0000000080000B40

clint mtime 0x00000000000000A7 (mip.MTI <- 0b1, mip.STI <- 0b0)
mem[X,0x0000000080000DD4] -> 0x85B3
mem[X,0x0000000080000DD6] -> 0x4085
[334] [M]: 0x0000000080000DD4 (0x408585B3) sub x11, x11, x8                         sv_Mvect+0
x11 <- 0x000000000000010C

mem[X,0x0000000080000DD8] -> 0x9593
mem[X,0x0000000080000DDA] -> 0x0045
[335] [M]: 0x0000000080000DD8 (0x00459593) slli x11, x11, 0x4                       sv_Mvect+4
x11 <- 0x00000000000010C0

clint mtime 0x00000000000000A8 (mip.MTI <- 0b1, mip.STI <- 0b0)
mem[X,0x0000000080000DDC] -> 0xE5B3
mem[X,0x0000000080000DDE] -> 0x0075
[336] [M]: 0x0000000080000DDC (0x0075E5B3) or x11, x11, x7                          sv_Mvect+8
x11 <- 0x00000000000010E0

mem[X,0x0000000080000DE0] -> 0x8593
mem[X,0x0000000080000DE2] -> 0x0035
[337] [M]: 0x0000000080000DE0 (0x00358593) addi x11, x11, 0x3                       sv_Mvect+12
x11 <- 0x00000000000010E3

clint mtime 0x00000000000000A9 (mip.MTI <- 0b1, mip.STI <- 0b0)
mem[X,0x0000000080000DE4] -> 0x3023
mem[X,0x0000000080000DE6] -> 0x00B3
[338] [M]: 0x0000000080000DE4 (0x00B33023) sd x11, 0x0(x6)                          sv_Mvect+16
mem[W,0x0000000080008518] <- 0x00000000000010E3

mem[X,0x0000000080000DE8] -> 0x3423
mem[X,0x0000000080000DEA] -> 0x00A3
[339] [M]: 0x0000000080000DE8 (0x00A33423) sd x10, 0x8(x6)                          sv_Mcause+0
mem[W,0x0000000080008520] <- 0x0000000000000002

clint mtime 0x00000000000000AA (mip.MTI <- 0b1, mip.STI <- 0b0)
mem[X,0x0000000080000DEC] -> 0x4663
mem[X,0x0000000080000DEE] -> 0x1A05
[340] [M]: 0x0000000080000DEC (0x1A054663) blt x10, x0, 0x1ac                       sv_Mcause+4

mem[X,0x0000000080000DF0] -> 0x25F3
mem[X,0x0000000080000DF2] -> 0x3000
[341] [M]: 0x0000000080000DF0 (0x300025F3) csrrs x11, mstatus, x0                   common_Mexcpt_handler+0
CSR mstatus (0x300) -> 0x0000000A00000000
x11 <- 0x0000000A00000000

clint mtime 0x00000000000000AB (mip.MTI <- 0b1, mip.STI <- 0b0)
mem[X,0x0000000080000DF4] -> 0x9413
mem[X,0x0000000080000DF6] -> 0x02E5
[342] [M]: 0x0000000080000DF4 (0x02E59413) slli x8, x11, 0x2e                       common_Mexcpt_handler+4
x8 <- 0x0000000000000000

mem[X,0x0000000080000DF8] -> 0x5463
mem[X,0x0000000080000DFA] -> 0x0004
[343] [M]: 0x0000000080000DF8 (0x00045463) bge x8, x0, 0x8                          common_Mexcpt_handler+8

clint mtime 0x00000000000000AC (mip.MTI <- 0b1, mip.STI <- 0b0)
mem[X,0x0000000080000E00] -> 0xD493
mem[X,0x0000000080000E02] -> 0x00B5
[344] [M]: 0x0000000080000E00 (0x00B5D493) srli x9, x11, 0xb                        common_Mexcpt_handler+16
x9 <- 0x0000000001400000

mem[X,0x0000000080000E04] -> 0xF493
mem[X,0x0000000080000E06] -> 0x0034
[345] [M]: 0x0000000080000E04 (0x0034F493) andi x9, x9, 0x3                         common_Mexcpt_handler+20
x9 <- 0x0000000000000000

clint mtime 0x00000000000000AD (mip.MTI <- 0b1, mip.STI <- 0b0)
mem[X,0x0000000080000E08] -> 0x8493
mem[X,0x0000000080000E0A] -> 0x0014
[346] [M]: 0x0000000080000E08 (0x00148493) addi x9, x9, 0x1                         common_Mexcpt_handler+24
x9 <- 0x0000000000000001

mem[X,0x0000000080000E0C] -> 0xF493
mem[X,0x0000000080000E0E] -> 0x0044
[347] [M]: 0x0000000080000E0C (0x0044F493) andi x9, x9, 0x4                         common_Mexcpt_handler+28
x9 <- 0x0000000000000000

clint mtime 0x00000000000000AE (mip.MTI <- 0b1, mip.STI <- 0b0)
mem[X,0x0000000080000E10] -> 0x0593
mem[X,0x0000000080000E12] -> 0x05D0
[348] [M]: 0x0000000080000E10 (0x05D00593) addi x11, x0, 0x5d                       common_Mexcpt_handler+32
x11 <- 0x000000000000005D

mem[X,0x0000000080000E14] -> 0xD5B3
mem[X,0x0000000080000E16] -> 0x0095
[349] [M]: 0x0000000080000E14 (0x0095D5B3) srl x11, x11, x9                         common_Mexcpt_handler+36
x11 <- 0x000000000000005D

clint mtime 0x00000000000000AF (mip.MTI <- 0b1, mip.STI <- 0b0)
mem[X,0x0000000080000E18] -> 0xF593
mem[X,0x0000000080000E1A] -> 0x0015
[350] [M]: 0x0000000080000E18 (0x0015F593) andi x11, x11, 0x1                       common_Mexcpt_handler+40
x11 <- 0x0000000000000001

mem[X,0x0000000080000E1C] -> 0x8EE3
mem[X,0x0000000080000E1E] -> 0xF405
[351] [M]: 0x0000000080000E1C (0xF4058EE3) beq x11, x0, -0xa4                       common_Mexcpt_handler+44

clint mtime 0x00000000000000B0 (mip.MTI <- 0b1, mip.STI <- 0b0)
mem[X,0x0000000080000E20] -> 0x0593
mem[X,0x0000000080000E22] -> 0x2980
[352] [M]: 0x0000000080000E20 (0x29800593) addi x11, x0, 0x298                      common_Mexcpt_handler+48
x11 <- 0x0000000000000298

mem[X,0x0000000080000E24] -> 0xF413
mem[X,0x0000000080000E26] -> 0x0014
[353] [M]: 0x0000000080000E24 (0x0014F413) andi x8, x9, 0x1                         common_Mexcpt_handler+52
x8 <- 0x0000000000000000

clint mtime 0x00000000000000B1 (mip.MTI <- 0b1, mip.STI <- 0b0)
mem[X,0x0000000080000E28] -> 0x95B3
mem[X,0x0000000080000E2A] -> 0x0085
[354] [M]: 0x0000000080000E28 (0x008595B3) sll x11, x11, x8                         common_Mexcpt_handler+56
x11 <- 0x0000000000000298

mem[X,0x0000000080000E2C] -> 0x9413
mem[X,0x0000000080000E2E] -> 0x03D4
[355] [M]: 0x0000000080000E2C (0x03D49413) slli x8, x9, 0x3d                        common_Mexcpt_handler+60
x8 <- 0x0000000000000000

clint mtime 0x00000000000000B2 (mip.MTI <- 0b1, mip.STI <- 0b0)
mem[X,0x0000000080000E30] -> 0x5413
mem[X,0x0000000080000E32] -> 0x43F4
[356] [M]: 0x0000000080000E30 (0x43F45413) srai x8, x8, 0x3f                        common_Mexcpt_handler+64
x8 <- 0x0000000000000000

mem[X,0x0000000080000E34] -> 0x4413
mem[X,0x0000000080000E36] -> 0xFFF4
[357] [M]: 0x0000000080000E34 (0xFFF44413) xori x8, x8, -0x1                        common_Mexcpt_handler+68
x8 <- 0xFFFFFFFFFFFFFFFF

clint mtime 0x00000000000000B3 (mip.MTI <- 0b1, mip.STI <- 0b0)
mem[X,0x0000000080000E38] -> 0xF4B3
mem[X,0x0000000080000E3A] -> 0x0085
[358] [M]: 0x0000000080000E38 (0x0085F4B3) and x9, x11, x8                          common_Mexcpt_handler+72
x9 <- 0x0000000000000298

mem[X,0x0000000080000E3C] -> 0x84B3
mem[X,0x0000000080000E3E] -> 0x0024
[359] [M]: 0x0000000080000E3C (0x002484B3) add x9, x9, x2                           vmem_adj_Mepc+0
x9 <- 0x0000000080003298

clint mtime 0x00000000000000B4 (mip.MTI <- 0b1, mip.STI <- 0b0)
mem[X,0x0000000080000E40] -> 0x23F3
mem[X,0x0000000080000E42] -> 0x3410
[360] [M]: 0x0000000080000E40 (0x341023F3) csrrs x7, mepc, x0                       vmem_adj_Mepc+4
CSR mepc (0x341) -> 0x0000000080000910
x7 <- 0x0000000080000910

mem[X,0x0000000080000E44] -> 0x0413
mem[X,0x0000000080000E46] -> 0x0004
[361] [M]: 0x0000000080000E44 (0x00040413) addi x8, x8, 0x0                         vmem_adj_Mepc+8
x8 <- 0xFFFFFFFFFFFFFFFF

clint mtime 0x00000000000000B5 (mip.MTI <- 0b1, mip.STI <- 0b0)
mem[X,0x0000000080000E48] -> 0x006F
mem[X,0x0000000080000E4A] -> 0x0400
[362] [M]: 0x0000000080000E48 (0x0400006F) jal x0, 0x40                             vmem_adj_Mepc+12

mem[X,0x0000000080000E88] -> 0x8433
mem[X,0x0000000080000E8A] -> 0x4083
[363] [M]: 0x0000000080000E88 (0x40838433) sub x8, x7, x8                           adj_Mepc+0
x8 <- 0x0000000080000911

clint mtime 0x00000000000000B6 (mip.MTI <- 0b1, mip.STI <- 0b0)
mem[X,0x0000000080000E8C] -> 0x3823
mem[X,0x0000000080000E8E] -> 0x0083
[364] [M]: 0x0000000080000E8C (0x00833823) sd x8, 0x10(x6)                          sv_Mepc+0
mem[W,0x0000000080008528] <- 0x0000000080000911

mem[X,0x0000000080000E90] -> 0x55B7
mem[X,0x0000000080000E92] -> 0x0000
[365] [M]: 0x0000000080000E90 (0x000055B7) lui x11, 0x5                             sv_Mepc+4
x11 <- 0x0000000000005000

clint mtime 0x00000000000000B7 (mip.MTI <- 0b1, mip.STI <- 0b0)
mem[X,0x0000000080000E94] -> 0x8593
mem[X,0x0000000080000E96] -> 0x6675
[366] [M]: 0x0000000080000E94 (0x66758593) addi x11, x11, 0x667                     sv_Mepc+8
x11 <- 0x0000000000005667

mem[X,0x0000000080000E98] -> 0x9593
mem[X,0x0000000080000E9A] -> 0x0015
[367] [M]: 0x0000000080000E98 (0x00159593) slli x11, x11, 0x1                       sv_Mepc+12
x11 <- 0x000000000000ACCE

clint mtime 0x00000000000000B8 (mip.MTI <- 0b1, mip.STI <- 0b0)
mem[X,0x0000000080000E9C] -> 0x9063
mem[X,0x0000000080000E9E] -> 0x02B1
[368] [M]: 0x0000000080000E9C (0x02B19063) bne x3, x11, 0x20                        sv_Mepc+16

mem[X,0x0000000080000EBC] -> 0xF593
mem[X,0x0000000080000EBE] -> 0xFFC3
[369] [M]: 0x0000000080000EBC (0xFFC3F593) andi x11, x7, -0x4                       adj_Mepc_rtn+0
x11 <- 0x0000000080000910

clint mtime 0x00000000000000B9 (mip.MTI <- 0b1, mip.STI <- 0b0)
mem[X,0x0000000080000EC0] -> 0x8593
mem[X,0x0000000080000EC2] -> 0x0085
[370] [M]: 0x0000000080000EC0 (0x00858593) addi x11, x11, 0x8                       adj_Mepc_rtn+4
x11 <- 0x0000000080000918

mem[X,0x0000000080000EC4] -> 0x9073
mem[X,0x0000000080000EC6] -> 0x3415
[371] [M]: 0x0000000080000EC4 (0x34159073) csrrw x0, mepc, x11                      adj_Mepc_rtn+8
CSR mepc (0x341) <- 0x0000000080000918

clint mtime 0x00000000000000BA (mip.MTI <- 0b1, mip.STI <- 0b0)
mem[X,0x0000000080000EC8] -> 0x23F3
mem[X,0x0000000080000ECA] -> 0x3430
[372] [M]: 0x0000000080000EC8 (0x343023F3) csrrs x7, mtval, x0                      skp_adj_Mepc+0
CSR mtval (0x343) -> 0x0000000018029073
x7 <- 0x0000000018029073

mem[X,0x0000000080000ECC] -> 0x0413
mem[X,0x0000000080000ECE] -> 0x0004
[373] [M]: 0x0000000080000ECC (0x00040413) addi x8, x8, 0x0                         skp_adj_Mepc+4
x8 <- 0x0000000080000911

clint mtime 0x00000000000000BB (mip.MTI <- 0b1, mip.STI <- 0b0)
mem[X,0x0000000080000ED0] -> 0x006F
mem[X,0x0000000080000ED2] -> 0x0840
[374] [M]: 0x0000000080000ED0 (0x0840006F) jal x0, 0x84                             skp_adj_Mepc+8

mem[X,0x0000000080000F54] -> 0x8433
mem[X,0x0000000080000F56] -> 0x4083
[375] [M]: 0x0000000080000F54 (0x40838433) sub x8, x7, x8                           adj_Mtval+0
x8 <- 0xFFFFFFFF98028762

clint mtime 0x00000000000000BC (mip.MTI <- 0b1, mip.STI <- 0b0)
mem[X,0x0000000080000F58] -> 0x3C23
mem[X,0x0000000080000F5A] -> 0x0083
[376] [M]: 0x0000000080000F58 (0x00833C23) sd x8, 0x18(x6)                          sv_Mtval+0
mem[W,0x0000000080008530] <- 0xFFFFFFFF98028762

mem[X,0x0000000080000F5C] -> 0x3483
mem[X,0x0000000080000F5E] -> 0x2181
[377] [M]: 0x0000000080000F5C (0x21813483) ld x9, 0x218(x2)                         skp_Mtval+0
mem[R,0x0000000080003218] -> 0x0000000080008538
x9 <- 0x0000000080008538

clint mtime 0x00000000000000BD (mip.MTI <- 0b1, mip.STI <- 0b0)
mem[X,0x0000000080000F60] -> 0x3383
mem[X,0x0000000080000F62] -> 0x1F81
[378] [M]: 0x0000000080000F60 (0x1F813383) ld x7, 0x1f8(x2)                         skp_Mtval+4
mem[R,0x00000000800031F8] -> 0x0000000080008110
x7 <- 0x0000000080008110

mem[X,0x0000000080000F64] -> 0x3303
mem[X,0x0000000080000F66] -> 0x2001
[379] [M]: 0x0000000080000F64 (0x20013303) ld x6, 0x200(x2)                         skp_Mtval+8
mem[R,0x0000000080003200] -> 0x0000000000000810
x6 <- 0x0000000000000810

clint mtime 0x00000000000000BE (mip.MTI <- 0b1, mip.STI <- 0b0)
mem[X,0x0000000080000F68] -> 0x0333
mem[X,0x0000000080000F6A] -> 0x0073
[380] [M]: 0x0000000080000F68 (0x00730333) add x6, x6, x7                           skp_Mtval+12
x6 <- 0x0000000080008920

mem[X,0x0000000080000F6C] -> 0x6CE3
mem[X,0x0000000080000F6E] -> 0xAE93
[381] [M]: 0x0000000080000F6C (0xAE936CE3) bltu x6, x9, -0x508                      skp_Mtval+16

clint mtime 0x00000000000000BF (mip.MTI <- 0b1, mip.STI <- 0b0)
mem[X,0x0000000080000F70] -> 0x0393
mem[X,0x0000000080000F72] -> 0x2000
[382] [M]: 0x0000000080000F70 (0x20000393) addi x7, x0, 0x200                       skp_Mtval+20
x7 <- 0x0000000000000200

mem[X,0x0000000080000F74] -> 0x006F
mem[X,0x0000000080000F76] -> 0x0400
[383] [M]: 0x0000000080000F74 (0x0400006F) jal x0, 0x40                             skp_Mtval+24

clint mtime 0x00000000000000C0 (mip.MTI <- 0b1, mip.STI <- 0b0)
mem[X,0x0000000080000FB4] -> 0x0417
mem[X,0x0000000080000FB6] -> 0x0000
[384] [M]: 0x0000000080000FB4 (0x00000417) auipc x8, 0x0                            spcl_Mhandler+0
x8 <- 0x0000000080000FB4

mem[X,0x0000000080000FB8] -> 0x0413
mem[X,0x0000000080000FBA] -> 0x03C4
[385] [M]: 0x0000000080000FB8 (0x03C40413) addi x8, x8, 0x3c                        spcl_Mhandler+4
x8 <- 0x0000000080000FF0

clint mtime 0x00000000000000C1 (mip.MTI <- 0b1, mip.STI <- 0b0)
mem[X,0x0000000080000FBC] -> 0x0433
mem[X,0x0000000080000FBE] -> 0x0074
[386] [M]: 0x0000000080000FBC (0x00740433) add x8, x8, x7                           spcl_Mhandler+8
x8 <- 0x00000000800011F0

mem[X,0x0000000080000FC0] -> 0x1393
mem[X,0x0000000080000FC2] -> 0x0035
[387] [M]: 0x0000000080000FC0 (0x00351393) slli x7, x10, 0x3                        spcl_Mhandler+12
x7 <- 0x0000000000000010

clint mtime 0x00000000000000C2 (mip.MTI <- 0b1, mip.STI <- 0b0)
mem[X,0x0000000080000FC4] -> 0x0433
mem[X,0x0000000080000FC6] -> 0x0074
[388] [M]: 0x0000000080000FC4 (0x00740433) add x8, x8, x7                           spcl_Mhandler+16
x8 <- 0x0000000080001200

mem[X,0x0000000080000FC8] -> 0x7413
mem[X,0x0000000080000FCA] -> 0xFF84
[389] [M]: 0x0000000080000FC8 (0xFF847413) andi x8, x8, -0x8                        spcl_Mhandler+20
x8 <- 0x0000000080001200

clint mtime 0x00000000000000C3 (mip.MTI <- 0b1, mip.STI <- 0b0)
mem[X,0x0000000080000FCC] -> 0x3403
mem[X,0x0000000080000FCE] -> 0x0004
[390] [M]: 0x0000000080000FCC (0x00043403) ld x8, 0x0(x8)                           spcl_Mhandler+24
mem[R,0x0000000080001200] -> 0x0000000000000005
x8 <- 0x0000000000000005

mem[X,0x0000000080000FD0] -> 0x04E3
mem[X,0x0000000080000FD2] -> 0xB204
[391] [M]: 0x0000000080000FD0 (0xB20404E3) beq x8, x0, -0x4d8                       spcl_Mdispatch_hndling+0

clint mtime 0x00000000000000C4 (mip.MTI <- 0b1, mip.STI <- 0b0)
mem[X,0x0000000080000FD4] -> 0x1393
mem[X,0x0000000080000FD6] -> 0x03F4
[392] [M]: 0x0000000080000FD4 (0x03F41393) slli x7, x8, 0x3f                        spcl_Mdispatch_hndling+4
x7 <- 0x8000000000000000

mem[X,0x0000000080000FD8] -> 0xD863
mem[X,0x0000000080000FDA] -> 0x0003
[393] [M]: 0x0000000080000FD8 (0x0003D863) bge x7, x0, 0x10                         spcl_Mdispatch_hndling+8

clint mtime 0x00000000000000C5 (mip.MTI <- 0b1, mip.STI <- 0b0)
mem[X,0x0000000080000FDC] -> 0x5413
mem[X,0x0000000080000FDE] -> 0x0014
[394] [M]: 0x0000000080000FDC (0x00145413) srli x8, x8, 0x1                         spcl_Mdispatch_hndling+12
x8 <- 0x0000000000000002

mem[X,0x0000000080000FE0] -> 0x0CE3
mem[X,0x0000000080000FE2] -> 0xF885
[395] [M]: 0x0000000080000FE0 (0xF8850CE3) beq x10, x8, -0x68                       spcl_Mdispatch_hndling+16

clint mtime 0x00000000000000C6 (mip.MTI <- 0b1, mip.STI <- 0b0)
mem[X,0x0000000080000F78] -> 0x3303
mem[X,0x0000000080000F7A] -> 0x2601
[396] [M]: 0x0000000080000F78 (0x26013303) ld x6, 0x260(x2)                         resto_Mrtn+0
mem[R,0x0000000080003260] -> 0x0000000000000010
x6 <- 0x0000000000000010

mem[X,0x0000000080000F7C] -> 0x3383
mem[X,0x0000000080000F7E] -> 0x2681
[397] [M]: 0x0000000080000F7C (0x26813383) ld x7, 0x268(x2)                         resto_Mrtn+4
mem[R,0x0000000080003268] -> 0x0000000080003000
x7 <- 0x0000000080003000

clint mtime 0x00000000000000C7 (mip.MTI <- 0b1, mip.STI <- 0b0)
mem[X,0x0000000080000F80] -> 0x3403
mem[X,0x0000000080000F82] -> 0x2701
[398] [M]: 0x0000000080000F80 (0x27013403) ld x8, 0x270(x2)                         resto_Mrtn+8
mem[R,0x0000000080003270] -> 0x0000000000007F76
x8 <- 0x0000000000007F76

mem[X,0x0000000080000F84] -> 0x3483
mem[X,0x0000000080000F86] -> 0x2781
[399] [M]: 0x0000000080000F84 (0x27813483) ld x9, 0x278(x2)                         resto_Mrtn+12
mem[R,0x0000000080003278] -> 0x00000000800008D8
x9 <- 0x00000000800008D8

clint mtime 0x00000000000000C8 (mip.MTI <- 0b1, mip.STI <- 0b0)
mem[X,0x0000000080000F88] -> 0x3503
mem[X,0x0000000080000F8A] -> 0x2801
[400] [M]: 0x0000000080000F88 (0x28013503) ld x10, 0x280(x2)                        resto_Mrtn+16
mem[R,0x0000000080003280] -> 0x0000000000000001
x10 <- 0x0000000000000001

mem[X,0x0000000080000F8C] -> 0x3583
mem[X,0x0000000080000F8E] -> 0x2881
[401] [M]: 0x0000000080000F8C (0x28813583) ld x11, 0x288(x2)                        resto_Mrtn+20
mem[R,0x0000000080003288] -> 0x0000000000000000
x11 <- 0x0000000000000000

clint mtime 0x00000000000000C9 (mip.MTI <- 0b1, mip.STI <- 0b0)
mem[X,0x0000000080000F90] -> 0x3103
mem[X,0x0000000080000F92] -> 0x2901
[402] [M]: 0x0000000080000F90 (0x29013103) ld x2, 0x290(x2)                         resto_Mrtn+24
mem[R,0x0000000080003290] -> 0x0000000000000000
x2 <- 0x0000000000000000

mem[X,0x0000000080000F94] -> 0x0073
mem[X,0x0000000080000F96] -> 0x3020
[403] [M]: 0x0000000080000F94 (0x30200073) mret                                     resto_Mrtn+28
CSR mstatus (0x300) <- 0x0000000A00000080
ret-ing from M to U

clint mtime 0x00000000000000CA (mip.MTI <- 0b1, mip.STI <- 0b0)
mem[X,0x0000000080000918] -> 0x0013
mem[X,0x000000008000091A] -> 0x0000
[404] [U]: 0x0000000080000918 (0x00000013) addi x0, x0, 0x0                         main+280

mem[X,0x000000008000091C] -> 0xA073
mem[X,0x000000008000091E] -> 0x1802
[405] [U]: 0x000000008000091C (0x1802A073) csrrs x0, satp, x5                       main+284
trapping from U to M to handle illegal-instruction
handling exc#illegal-instruction at priv M with tval 0x000000001802A073
CSR mstatus (0x300) <- 0x0000000A00000000
CSR mcause (0x342) <- 0x0000000000000002
CSR mtval (0x343) <- 0x000000001802A073
CSR mepc (0x341) <- 0x000000008000091C

clint mtime 0x00000000000000CB (mip.MTI <- 0b1, mip.STI <- 0b0)
mem[X,0x0000000080000B40] -> 0x006F
mem[X,0x0000000080000B42] -> 0x1000
[406] [M]: 0x0000000080000B40 (0x1000006F) jal x0, 0x100                            Mtrampoline+0

mem[X,0x0000000080000C40] -> 0x1173
mem[X,0x0000000080000C42] -> 0x3401
[407] [M]: 0x0000000080000C40 (0x34011173) csrrw x2, mscratch, x2                   trap_Mhandler+0
CSR mscratch (0x340) <- 0x0000000000000000
x2 <- 0x0000000080003000

clint mtime 0x00000000000000CC (mip.MTI <- 0b1, mip.STI <- 0b0)
mem[X,0x0000000080000C44] -> 0x3423
mem[X,0x0000000080000C46] -> 0x28B1
[408] [M]: 0x0000000080000C44 (0x28B13423) sd x11, 0x288(x2)                        trap_Mhandler+4
mem[W,0x0000000080003288] <- 0x0000000000000000

mem[X,0x0000000080000C48] -> 0x05EF
mem[X,0x0000000080000C4A] -> 0x0B80
[409] [M]: 0x0000000080000C48 (0x0B8005EF) jal x11, 0xb8                            trap_Mhandler+8
x11 <- 0x0000000080000C4C

clint mtime 0x00000000000000CD (mip.MTI <- 0b1, mip.STI <- 0b0)
mem[X,0x0000000080000D00] -> 0x3023
mem[X,0x0000000080000D02] -> 0x28A1
[410] [M]: 0x0000000080000D00 (0x28A13023) sd x10, 0x280(x2)                        common_Mhandler+0
mem[W,0x0000000080003280] <- 0x0000000000000001

mem[X,0x0000000080000D04] -> 0x1573
mem[X,0x0000000080000D06] -> 0x3401
[411] [M]: 0x0000000080000D04 (0x34011573) csrrw x10, mscratch, x2                  common_Mhandler+4
CSR mscratch (0x340) <- 0x0000000080003000
x10 <- 0x0000000000000000

clint mtime 0x00000000000000CE (mip.MTI <- 0b1, mip.STI <- 0b0)
mem[X,0x0000000080000D08] -> 0x3823
mem[X,0x0000000080000D0A] -> 0x28A1
[412] [M]: 0x0000000080000D08 (0x28A13823) sd x10, 0x290(x2)                        common_Mhandler+8
mem[W,0x0000000080003290] <- 0x0000000000000000

mem[X,0x0000000080000D0C] -> 0x3503
mem[X,0x0000000080000D0E] -> 0x2301
[413] [M]: 0x0000000080000D0C (0x23013503) ld x10, 0x230(x2)                        common_Mhandler+12
mem[R,0x0000000080003230] -> 0x0000000080000D14
x10 <- 0x0000000080000D14

clint mtime 0x00000000000000CF (mip.MTI <- 0b1, mip.STI <- 0b0)
mem[X,0x0000000080000D10] -> 0x0067
mem[X,0x0000000080000D12] -> 0x0005
[414] [M]: 0x0000000080000D10 (0x00050067) jalr x0, 0x0(x10)                        common_Mhandler+16

mem[X,0x0000000080000D14] -> 0x3C23
mem[X,0x0000000080000D16] -> 0x2691
[415] [M]: 0x0000000080000D14 (0x26913C23) sd x9, 0x278(x2)                         common_Mentry+0
mem[W,0x0000000080003278] <- 0x00000000800008D8

clint mtime 0x00000000000000D0 (mip.MTI <- 0b1, mip.STI <- 0b0)
mem[X,0x0000000080000D18] -> 0x3823
mem[X,0x0000000080000D1A] -> 0x2681
[416] [M]: 0x0000000080000D18 (0x26813823) sd x8, 0x270(x2)                         common_Mentry+4
mem[W,0x0000000080003270] <- 0x0000000000007F76

mem[X,0x0000000080000D1C] -> 0x3423
mem[X,0x0000000080000D1E] -> 0x2671
[417] [M]: 0x0000000080000D1C (0x26713423) sd x7, 0x268(x2)                         common_Mentry+8
mem[W,0x0000000080003268] <- 0x0000000080003000

clint mtime 0x00000000000000D1 (mip.MTI <- 0b1, mip.STI <- 0b0)
mem[X,0x0000000080000D20] -> 0x3023
mem[X,0x0000000080000D22] -> 0x2661
[418] [M]: 0x0000000080000D20 (0x26613023) sd x6, 0x260(x2)                         common_Mentry+12
mem[W,0x0000000080003260] <- 0x0000000000000010

mem[X,0x0000000080000D24] -> 0x2573
mem[X,0x0000000080000D26] -> 0x3420
[419] [M]: 0x0000000080000D24 (0x34202573) csrrs x10, mcause, x0                    spcl_M2mmode_test+0
CSR mcause (0x342) -> 0x0000000000000002
x10 <- 0x0000000000000002

clint mtime 0x00000000000000D2 (mip.MTI <- 0b1, mip.STI <- 0b0)
mem[X,0x0000000080000D28] -> 0x04B7
mem[X,0x0000000080000D2A] -> 0x8000
[420] [M]: 0x0000000080000D28 (0x800004B7) lui x9, -0x80000                         spcl_M2mmode_test+4
x9 <- 0xFFFFFFFF80000000

mem[X,0x0000000080000D2C] -> 0x8493
mem[X,0x0000000080000D2E] -> 0x0004
[421] [M]: 0x0000000080000D2C (0x00048493) addi x9, x9, 0x0                         spcl_M2mmode_test+8
x9 <- 0xFFFFFFFF80000000

clint mtime 0x00000000000000D3 (mip.MTI <- 0b1, mip.STI <- 0b0)
mem[X,0x0000000080000D30] -> 0x9493
mem[X,0x0000000080000D32] -> 0x00B4
[422] [M]: 0x0000000080000D30 (0x00B49493) slli x9, x9, 0xb                         spcl_M2mmode_test+12
x9 <- 0xFFFFFC0000000000

mem[X,0x0000000080000D34] -> 0x8493
mem[X,0x0000000080000D36] -> 0x0004
[423] [M]: 0x0000000080000D34 (0x00048493) addi x9, x9, 0x0                         spcl_M2mmode_test+16
x9 <- 0xFFFFFC0000000000

clint mtime 0x00000000000000D4 (mip.MTI <- 0b1, mip.STI <- 0b0)
mem[X,0x0000000080000D38] -> 0x9493
mem[X,0x0000000080000D3A] -> 0x00B4
[424] [M]: 0x0000000080000D38 (0x00B49493) slli x9, x9, 0xb                         spcl_M2mmode_test+20
x9 <- 0xFFE0000000000000

mem[X,0x0000000080000D3C] -> 0x8493
mem[X,0x0000000080000D3E] -> 0x0034
[425] [M]: 0x0000000080000D3C (0x00348493) addi x9, x9, 0x3                         spcl_M2mmode_test+24
x9 <- 0xFFE0000000000003

clint mtime 0x00000000000000D5 (mip.MTI <- 0b1, mip.STI <- 0b0)
mem[X,0x0000000080000D40] -> 0x9493
mem[X,0x0000000080000D42] -> 0x00A4
[426] [M]: 0x0000000080000D40 (0x00A49493) slli x9, x9, 0xa                         spcl_M2mmode_test+28
x9 <- 0x8000000000000C00

mem[X,0x0000000080000D44] -> 0x8493
mem[X,0x0000000080000D46] -> 0x3FC4
[427] [M]: 0x0000000080000D44 (0x3FC48493) addi x9, x9, 0x3fc                       spcl_M2mmode_test+32
x9 <- 0x8000000000000FFC

clint mtime 0x00000000000000D6 (mip.MTI <- 0b1, mip.STI <- 0b0)
mem[X,0x0000000080000D48] -> 0xF4B3
mem[X,0x0000000080000D4A] -> 0x00A4
[428] [M]: 0x0000000080000D48 (0x00A4F4B3) and x9, x9, x10                          spcl_M2mmode_test+36
x9 <- 0x0000000000000000

mem[X,0x0000000080000D4C] -> 0x8493
mem[X,0x0000000080000D4E] -> 0xFF84
[429] [M]: 0x0000000080000D4C (0xFF848493) addi x9, x9, -0x8                        spcl_M2mmode_test+40
x9 <- 0xFFFFFFFFFFFFFFF8

clint mtime 0x00000000000000D7 (mip.MTI <- 0b1, mip.STI <- 0b0)
mem[X,0x0000000080000D50] -> 0x9663
mem[X,0x0000000080000D52] -> 0x0004
[430] [M]: 0x0000000080000D50 (0x00049663) bne x9, x0, 0xc                          spcl_M2mmode_test+44

mem[X,0x0000000080000D5C] -> 0x0393
mem[X,0x0000000080000D5E] -> 0x0200
[431] [M]: 0x0000000080000D5C (0x02000393) addi x7, x0, 0x20                        Mtrapsig_ptr_upd+0
x7 <- 0x0000000000000020

clint mtime 0x00000000000000D8 (mip.MTI <- 0b1, mip.STI <- 0b0)
mem[X,0x0000000080000D60] -> 0x5263
mem[X,0x0000000080000D62] -> 0x0405
[432] [M]: 0x0000000080000D60 (0x04055263) bge x10, x0, 0x44                        Mtrapsig_ptr_upd+4

mem[X,0x0000000080000DA4] -> 0x2373
mem[X,0x0000000080000DA6] -> 0x3010
[433] [M]: 0x0000000080000DA4 (0x30102373) csrrs x6, misa, x0                       Mxcpt_sig_sv+0
CSR misa (0x301) -> 0x800000000034112F
x6 <- 0x800000000034112F

clint mtime 0x00000000000000D9 (mip.MTI <- 0b1, mip.STI <- 0b0)
mem[X,0x0000000080000DA8] -> 0x1313
mem[X,0x0000000080000DAA] -> 0x0383
[434] [M]: 0x0000000080000DA8 (0x03831313) slli x6, x6, 0x38                        Mxcpt_sig_sv+4
x6 <- 0x2F00000000000000

mem[X,0x0000000080000DAC] -> 0x5463
mem[X,0x0000000080000DAE] -> 0x0003
[435] [M]: 0x0000000080000DAC (0x00035463) bge x6, x0, 0x8                          Mxcpt_sig_sv+8

clint mtime 0x00000000000000DA (mip.MTI <- 0b1, mip.STI <- 0b0)
mem[X,0x0000000080000DB4] -> 0x3303
mem[X,0x0000000080000DB6] -> 0x2181
[436] [M]: 0x0000000080000DB4 (0x21813303) ld x6, 0x218(x2)                         Mtrap_sig_sv+0
mem[R,0x0000000080003218] -> 0x0000000080008538
x6 <- 0x0000000080008538

mem[X,0x0000000080000DB8] -> 0x04B3
mem[X,0x0000000080000DBA] -> 0x0073
[437] [M]: 0x0000000080000DB8 (0x007304B3) add x9, x6, x7                           Mtrap_sig_sv+4
x9 <- 0x0000000080008558

clint mtime 0x00000000000000DB (mip.MTI <- 0b1, mip.STI <- 0b0)
mem[X,0x0000000080000DBC] -> 0x3C23
mem[X,0x0000000080000DBE] -> 0x2091
[438] [M]: 0x0000000080000DBC (0x20913C23) sd x9, 0x218(x2)                         Mtrap_sig_sv+8
mem[W,0x0000000080003218] <- 0x0000000080008558

mem[X,0x0000000080000DC0] -> 0x3403
mem[X,0x0000000080000DC2] -> 0x1F81
[439] [M]: 0x0000000080000DC0 (0x1F813403) ld x8, 0x1f8(x2)                         Mtrap_sig_sv+12
mem[R,0x00000000800031F8] -> 0x0000000080008110
x8 <- 0x0000000080008110

clint mtime 0x00000000000000DC (mip.MTI <- 0b1, mip.STI <- 0b0)
mem[X,0x0000000080000DC4] -> 0x0333
mem[X,0x0000000080000DC6] -> 0x4083
[440] [M]: 0x0000000080000DC4 (0x40830333) sub x6, x6, x8                           Mtrap_sig_sv+16
x6 <- 0x0000000000000428

mem[X,0x0000000080000DC8] -> 0x3403
mem[X,0x0000000080000DCA] -> 0x1F81
[441] [M]: 0x0000000080000DC8 (0x1F813403) ld x8, 0x1f8(x2)                         Mtrap_sig_sv+20
mem[R,0x00000000800031F8] -> 0x0000000080008110
x8 <- 0x0000000080008110

clint mtime 0x00000000000000DD (mip.MTI <- 0b1, mip.STI <- 0b0)
mem[X,0x0000000080000DCC] -> 0x0333
mem[X,0x0000000080000DCE] -> 0x0083
[442] [M]: 0x0000000080000DCC (0x00830333) add x6, x6, x8                           Mtrap_sig_sv+24
x6 <- 0x0000000080008538

mem[X,0x0000000080000DD0] -> 0x3403
mem[X,0x0000000080000DD2] -> 0x2401
[443] [M]: 0x0000000080000DD0 (0x24013403) ld x8, 0x240(x2)                         Mtrap_sig_sv+28
mem[R,0x0000000080003240] -> 0x0000000080000B40
x8 <- 0x0000000080000B40

clint mtime 0x00000000000000DE (mip.MTI <- 0b1, mip.STI <- 0b0)
mem[X,0x0000000080000DD4] -> 0x85B3
mem[X,0x0000000080000DD6] -> 0x4085
[444] [M]: 0x0000000080000DD4 (0x408585B3) sub x11, x11, x8                         sv_Mvect+0
x11 <- 0x000000000000010C

mem[X,0x0000000080000DD8] -> 0x9593
mem[X,0x0000000080000DDA] -> 0x0045
[445] [M]: 0x0000000080000DD8 (0x00459593) slli x11, x11, 0x4                       sv_Mvect+4
x11 <- 0x00000000000010C0

clint mtime 0x00000000000000DF (mip.MTI <- 0b1, mip.STI <- 0b0)
mem[X,0x0000000080000DDC] -> 0xE5B3
mem[X,0x0000000080000DDE] -> 0x0075
[446] [M]: 0x0000000080000DDC (0x0075E5B3) or x11, x11, x7                          sv_Mvect+8
x11 <- 0x00000000000010E0

mem[X,0x0000000080000DE0] -> 0x8593
mem[X,0x0000000080000DE2] -> 0x0035
[447] [M]: 0x0000000080000DE0 (0x00358593) addi x11, x11, 0x3                       sv_Mvect+12
x11 <- 0x00000000000010E3

clint mtime 0x00000000000000E0 (mip.MTI <- 0b1, mip.STI <- 0b0)
mem[X,0x0000000080000DE4] -> 0x3023
mem[X,0x0000000080000DE6] -> 0x00B3
[448] [M]: 0x0000000080000DE4 (0x00B33023) sd x11, 0x0(x6)                          sv_Mvect+16
mem[W,0x0000000080008538] <- 0x00000000000010E3

mem[X,0x0000000080000DE8] -> 0x3423
mem[X,0x0000000080000DEA] -> 0x00A3
[449] [M]: 0x0000000080000DE8 (0x00A33423) sd x10, 0x8(x6)                          sv_Mcause+0
mem[W,0x0000000080008540] <- 0x0000000000000002

clint mtime 0x00000000000000E1 (mip.MTI <- 0b1, mip.STI <- 0b0)
mem[X,0x0000000080000DEC] -> 0x4663
mem[X,0x0000000080000DEE] -> 0x1A05
[450] [M]: 0x0000000080000DEC (0x1A054663) blt x10, x0, 0x1ac                       sv_Mcause+4

mem[X,0x0000000080000DF0] -> 0x25F3
mem[X,0x0000000080000DF2] -> 0x3000
[451] [M]: 0x0000000080000DF0 (0x300025F3) csrrs x11, mstatus, x0                   common_Mexcpt_handler+0
CSR mstatus (0x300) -> 0x0000000A00000000
x11 <- 0x0000000A00000000

clint mtime 0x00000000000000E2 (mip.MTI <- 0b1, mip.STI <- 0b0)
mem[X,0x0000000080000DF4] -> 0x9413
mem[X,0x0000000080000DF6] -> 0x02E5
[452] [M]: 0x0000000080000DF4 (0x02E59413) slli x8, x11, 0x2e                       common_Mexcpt_handler+4
x8 <- 0x0000000000000000

mem[X,0x0000000080000DF8] -> 0x5463
mem[X,0x0000000080000DFA] -> 0x0004
[453] [M]: 0x0000000080000DF8 (0x00045463) bge x8, x0, 0x8                          common_Mexcpt_handler+8

clint mtime 0x00000000000000E3 (mip.MTI <- 0b1, mip.STI <- 0b0)
mem[X,0x0000000080000E00] -> 0xD493
mem[X,0x0000000080000E02] -> 0x00B5
[454] [M]: 0x0000000080000E00 (0x00B5D493) srli x9, x11, 0xb                        common_Mexcpt_handler+16
x9 <- 0x0000000001400000

mem[X,0x0000000080000E04] -> 0xF493
mem[X,0x0000000080000E06] -> 0x0034
[455] [M]: 0x0000000080000E04 (0x0034F493) andi x9, x9, 0x3                         common_Mexcpt_handler+20
x9 <- 0x0000000000000000

clint mtime 0x00000000000000E4 (mip.MTI <- 0b1, mip.STI <- 0b0)
mem[X,0x0000000080000E08] -> 0x8493
mem[X,0x0000000080000E0A] -> 0x0014
[456] [M]: 0x0000000080000E08 (0x00148493) addi x9, x9, 0x1                         common_Mexcpt_handler+24
x9 <- 0x0000000000000001

mem[X,0x0000000080000E0C] -> 0xF493
mem[X,0x0000000080000E0E] -> 0x0044
[457] [M]: 0x0000000080000E0C (0x0044F493) andi x9, x9, 0x4                         common_Mexcpt_handler+28
x9 <- 0x0000000000000000

clint mtime 0x00000000000000E5 (mip.MTI <- 0b1, mip.STI <- 0b0)
mem[X,0x0000000080000E10] -> 0x0593
mem[X,0x0000000080000E12] -> 0x05D0
[458] [M]: 0x0000000080000E10 (0x05D00593) addi x11, x0, 0x5d                       common_Mexcpt_handler+32
x11 <- 0x000000000000005D

mem[X,0x0000000080000E14] -> 0xD5B3
mem[X,0x0000000080000E16] -> 0x0095
[459] [M]: 0x0000000080000E14 (0x0095D5B3) srl x11, x11, x9                         common_Mexcpt_handler+36
x11 <- 0x000000000000005D

clint mtime 0x00000000000000E6 (mip.MTI <- 0b1, mip.STI <- 0b0)
mem[X,0x0000000080000E18] -> 0xF593
mem[X,0x0000000080000E1A] -> 0x0015
[460] [M]: 0x0000000080000E18 (0x0015F593) andi x11, x11, 0x1                       common_Mexcpt_handler+40
x11 <- 0x0000000000000001

mem[X,0x0000000080000E1C] -> 0x8EE3
mem[X,0x0000000080000E1E] -> 0xF405
[461] [M]: 0x0000000080000E1C (0xF4058EE3) beq x11, x0, -0xa4                       common_Mexcpt_handler+44

clint mtime 0x00000000000000E7 (mip.MTI <- 0b1, mip.STI <- 0b0)
mem[X,0x0000000080000E20] -> 0x0593
mem[X,0x0000000080000E22] -> 0x2980
[462] [M]: 0x0000000080000E20 (0x29800593) addi x11, x0, 0x298                      common_Mexcpt_handler+48
x11 <- 0x0000000000000298

mem[X,0x0000000080000E24] -> 0xF413
mem[X,0x0000000080000E26] -> 0x0014
[463] [M]: 0x0000000080000E24 (0x0014F413) andi x8, x9, 0x1                         common_Mexcpt_handler+52
x8 <- 0x0000000000000000

clint mtime 0x00000000000000E8 (mip.MTI <- 0b1, mip.STI <- 0b0)
mem[X,0x0000000080000E28] -> 0x95B3
mem[X,0x0000000080000E2A] -> 0x0085
[464] [M]: 0x0000000080000E28 (0x008595B3) sll x11, x11, x8                         common_Mexcpt_handler+56
x11 <- 0x0000000000000298

mem[X,0x0000000080000E2C] -> 0x9413
mem[X,0x0000000080000E2E] -> 0x03D4
[465] [M]: 0x0000000080000E2C (0x03D49413) slli x8, x9, 0x3d                        common_Mexcpt_handler+60
x8 <- 0x0000000000000000

clint mtime 0x00000000000000E9 (mip.MTI <- 0b1, mip.STI <- 0b0)
mem[X,0x0000000080000E30] -> 0x5413
mem[X,0x0000000080000E32] -> 0x43F4
[466] [M]: 0x0000000080000E30 (0x43F45413) srai x8, x8, 0x3f                        common_Mexcpt_handler+64
x8 <- 0x0000000000000000

mem[X,0x0000000080000E34] -> 0x4413
mem[X,0x0000000080000E36] -> 0xFFF4
[467] [M]: 0x0000000080000E34 (0xFFF44413) xori x8, x8, -0x1                        common_Mexcpt_handler+68
x8 <- 0xFFFFFFFFFFFFFFFF

clint mtime 0x00000000000000EA (mip.MTI <- 0b1, mip.STI <- 0b0)
mem[X,0x0000000080000E38] -> 0xF4B3
mem[X,0x0000000080000E3A] -> 0x0085
[468] [M]: 0x0000000080000E38 (0x0085F4B3) and x9, x11, x8                          common_Mexcpt_handler+72
x9 <- 0x0000000000000298

mem[X,0x0000000080000E3C] -> 0x84B3
mem[X,0x0000000080000E3E] -> 0x0024
[469] [M]: 0x0000000080000E3C (0x002484B3) add x9, x9, x2                           vmem_adj_Mepc+0
x9 <- 0x0000000080003298

clint mtime 0x00000000000000EB (mip.MTI <- 0b1, mip.STI <- 0b0)
mem[X,0x0000000080000E40] -> 0x23F3
mem[X,0x0000000080000E42] -> 0x3410
[470] [M]: 0x0000000080000E40 (0x341023F3) csrrs x7, mepc, x0                       vmem_adj_Mepc+4
CSR mepc (0x341) -> 0x000000008000091C
x7 <- 0x000000008000091C

mem[X,0x0000000080000E44] -> 0x0413
mem[X,0x0000000080000E46] -> 0x0004
[471] [M]: 0x0000000080000E44 (0x00040413) addi x8, x8, 0x0                         vmem_adj_Mepc+8
x8 <- 0xFFFFFFFFFFFFFFFF

clint mtime 0x00000000000000EC (mip.MTI <- 0b1, mip.STI <- 0b0)
mem[X,0x0000000080000E48] -> 0x006F
mem[X,0x0000000080000E4A] -> 0x0400
[472] [M]: 0x0000000080000E48 (0x0400006F) jal x0, 0x40                             vmem_adj_Mepc+12

mem[X,0x0000000080000E88] -> 0x8433
mem[X,0x0000000080000E8A] -> 0x4083
[473] [M]: 0x0000000080000E88 (0x40838433) sub x8, x7, x8                           adj_Mepc+0
x8 <- 0x000000008000091D

clint mtime 0x00000000000000ED (mip.MTI <- 0b1, mip.STI <- 0b0)
mem[X,0x0000000080000E8C] -> 0x3823
mem[X,0x0000000080000E8E] -> 0x0083
[474] [M]: 0x0000000080000E8C (0x00833823) sd x8, 0x10(x6)                          sv_Mepc+0
mem[W,0x0000000080008548] <- 0x000000008000091D

mem[X,0x0000000080000E90] -> 0x55B7
mem[X,0x0000000080000E92] -> 0x0000
[475] [M]: 0x0000000080000E90 (0x000055B7) lui x11, 0x5                             sv_Mepc+4
x11 <- 0x0000000000005000

clint mtime 0x00000000000000EE (mip.MTI <- 0b1, mip.STI <- 0b0)
mem[X,0x0000000080000E94] -> 0x8593
mem[X,0x0000000080000E96] -> 0x6675
[476] [M]: 0x0000000080000E94 (0x66758593) addi x11, x11, 0x667                     sv_Mepc+8
x11 <- 0x0000000000005667

mem[X,0x0000000080000E98] -> 0x9593
mem[X,0x0000000080000E9A] -> 0x0015
[477] [M]: 0x0000000080000E98 (0x00159593) slli x11, x11, 0x1                       sv_Mepc+12
x11 <- 0x000000000000ACCE

clint mtime 0x00000000000000EF (mip.MTI <- 0b1, mip.STI <- 0b0)
mem[X,0x0000000080000E9C] -> 0x9063
mem[X,0x0000000080000E9E] -> 0x02B1
[478] [M]: 0x0000000080000E9C (0x02B19063) bne x3, x11, 0x20                        sv_Mepc+16

mem[X,0x0000000080000EBC] -> 0xF593
mem[X,0x0000000080000EBE] -> 0xFFC3
[479] [M]: 0x0000000080000EBC (0xFFC3F593) andi x11, x7, -0x4                       adj_Mepc_rtn+0
x11 <- 0x000000008000091C

clint mtime 0x00000000000000F0 (mip.MTI <- 0b1, mip.STI <- 0b0)
mem[X,0x0000000080000EC0] -> 0x8593
mem[X,0x0000000080000EC2] -> 0x0085
[480] [M]: 0x0000000080000EC0 (0x00858593) addi x11, x11, 0x8                       adj_Mepc_rtn+4
x11 <- 0x0000000080000924

mem[X,0x0000000080000EC4] -> 0x9073
mem[X,0x0000000080000EC6] -> 0x3415
[481] [M]: 0x0000000080000EC4 (0x34159073) csrrw x0, mepc, x11                      adj_Mepc_rtn+8
CSR mepc (0x341) <- 0x0000000080000924

clint mtime 0x00000000000000F1 (mip.MTI <- 0b1, mip.STI <- 0b0)
mem[X,0x0000000080000EC8] -> 0x23F3
mem[X,0x0000000080000ECA] -> 0x3430
[482] [M]: 0x0000000080000EC8 (0x343023F3) csrrs x7, mtval, x0                      skp_adj_Mepc+0
CSR mtval (0x343) -> 0x000000001802A073
x7 <- 0x000000001802A073

mem[X,0x0000000080000ECC] -> 0x0413
mem[X,0x0000000080000ECE] -> 0x0004
[483] [M]: 0x0000000080000ECC (0x00040413) addi x8, x8, 0x0                         skp_adj_Mepc+4
x8 <- 0x000000008000091D

clint mtime 0x00000000000000F2 (mip.MTI <- 0b1, mip.STI <- 0b0)
mem[X,0x0000000080000ED0] -> 0x006F
mem[X,0x0000000080000ED2] -> 0x0840
[484] [M]: 0x0000000080000ED0 (0x0840006F) jal x0, 0x84                             skp_adj_Mepc+8

mem[X,0x0000000080000F54] -> 0x8433
mem[X,0x0000000080000F56] -> 0x4083
[485] [M]: 0x0000000080000F54 (0x40838433) sub x8, x7, x8                           adj_Mtval+0
x8 <- 0xFFFFFFFF98029756

clint mtime 0x00000000000000F3 (mip.MTI <- 0b1, mip.STI <- 0b0)
mem[X,0x0000000080000F58] -> 0x3C23
mem[X,0x0000000080000F5A] -> 0x0083
[486] [M]: 0x0000000080000F58 (0x00833C23) sd x8, 0x18(x6)                          sv_Mtval+0
mem[W,0x0000000080008550] <- 0xFFFFFFFF98029756

mem[X,0x0000000080000F5C] -> 0x3483
mem[X,0x0000000080000F5E] -> 0x2181
[487] [M]: 0x0000000080000F5C (0x21813483) ld x9, 0x218(x2)                         skp_Mtval+0
mem[R,0x0000000080003218] -> 0x0000000080008558
x9 <- 0x0000000080008558

clint mtime 0x00000000000000F4 (mip.MTI <- 0b1, mip.STI <- 0b0)
mem[X,0x0000000080000F60] -> 0x3383
mem[X,0x0000000080000F62] -> 0x1F81
[488] [M]: 0x0000000080000F60 (0x1F813383) ld x7, 0x1f8(x2)                         skp_Mtval+4
mem[R,0x00000000800031F8] -> 0x0000000080008110
x7 <- 0x0000000080008110

mem[X,0x0000000080000F64] -> 0x3303
mem[X,0x0000000080000F66] -> 0x2001
[489] [M]: 0x0000000080000F64 (0x20013303) ld x6, 0x200(x2)                         skp_Mtval+8
mem[R,0x0000000080003200] -> 0x0000000000000810
x6 <- 0x0000000000000810

clint mtime 0x00000000000000F5 (mip.MTI <- 0b1, mip.STI <- 0b0)
mem[X,0x0000000080000F68] -> 0x0333
mem[X,0x0000000080000F6A] -> 0x0073
[490] [M]: 0x0000000080000F68 (0x00730333) add x6, x6, x7                           skp_Mtval+12
x6 <- 0x0000000080008920

mem[X,0x0000000080000F6C] -> 0x6CE3
mem[X,0x0000000080000F6E] -> 0xAE93
[491] [M]: 0x0000000080000F6C (0xAE936CE3) bltu x6, x9, -0x508                      skp_Mtval+16

clint mtime 0x00000000000000F6 (mip.MTI <- 0b1, mip.STI <- 0b0)
mem[X,0x0000000080000F70] -> 0x0393
mem[X,0x0000000080000F72] -> 0x2000
[492] [M]: 0x0000000080000F70 (0x20000393) addi x7, x0, 0x200                       skp_Mtval+20
x7 <- 0x0000000000000200

mem[X,0x0000000080000F74] -> 0x006F
mem[X,0x0000000080000F76] -> 0x0400
[493] [M]: 0x0000000080000F74 (0x0400006F) jal x0, 0x40                             skp_Mtval+24

clint mtime 0x00000000000000F7 (mip.MTI <- 0b1, mip.STI <- 0b0)
mem[X,0x0000000080000FB4] -> 0x0417
mem[X,0x0000000080000FB6] -> 0x0000
[494] [M]: 0x0000000080000FB4 (0x00000417) auipc x8, 0x0                            spcl_Mhandler+0
x8 <- 0x0000000080000FB4

mem[X,0x0000000080000FB8] -> 0x0413
mem[X,0x0000000080000FBA] -> 0x03C4
[495] [M]: 0x0000000080000FB8 (0x03C40413) addi x8, x8, 0x3c                        spcl_Mhandler+4
x8 <- 0x0000000080000FF0

clint mtime 0x00000000000000F8 (mip.MTI <- 0b1, mip.STI <- 0b0)
mem[X,0x0000000080000FBC] -> 0x0433
mem[X,0x0000000080000FBE] -> 0x0074
[496] [M]: 0x0000000080000FBC (0x00740433) add x8, x8, x7                           spcl_Mhandler+8
x8 <- 0x00000000800011F0

mem[X,0x0000000080000FC0] -> 0x1393
mem[X,0x0000000080000FC2] -> 0x0035
[497] [M]: 0x0000000080000FC0 (0x00351393) slli x7, x10, 0x3                        spcl_Mhandler+12
x7 <- 0x0000000000000010

clint mtime 0x00000000000000F9 (mip.MTI <- 0b1, mip.STI <- 0b0)
mem[X,0x0000000080000FC4] -> 0x0433
mem[X,0x0000000080000FC6] -> 0x0074
[498] [M]: 0x0000000080000FC4 (0x00740433) add x8, x8, x7                           spcl_Mhandler+16
x8 <- 0x0000000080001200

mem[X,0x0000000080000FC8] -> 0x7413
mem[X,0x0000000080000FCA] -> 0xFF84
[499] [M]: 0x0000000080000FC8 (0xFF847413) andi x8, x8, -0x8                        spcl_Mhandler+20
x8 <- 0x0000000080001200

clint mtime 0x00000000000000FA (mip.MTI <- 0b1, mip.STI <- 0b0)
mem[X,0x0000000080000FCC] -> 0x3403
mem[X,0x0000000080000FCE] -> 0x0004
[500] [M]: 0x0000000080000FCC (0x00043403) ld x8, 0x0(x8)                           spcl_Mhandler+24
mem[R,0x0000000080001200] -> 0x0000000000000005
x8 <- 0x0000000000000005

mem[X,0x0000000080000FD0] -> 0x04E3
mem[X,0x0000000080000FD2] -> 0xB204
[501] [M]: 0x0000000080000FD0 (0xB20404E3) beq x8, x0, -0x4d8                       spcl_Mdispatch_hndling+0

clint mtime 0x00000000000000FB (mip.MTI <- 0b1, mip.STI <- 0b0)
mem[X,0x0000000080000FD4] -> 0x1393
mem[X,0x0000000080000FD6] -> 0x03F4
[502] [M]: 0x0000000080000FD4 (0x03F41393) slli x7, x8, 0x3f                        spcl_Mdispatch_hndling+4
x7 <- 0x8000000000000000

mem[X,0x0000000080000FD8] -> 0xD863
mem[X,0x0000000080000FDA] -> 0x0003
[503] [M]: 0x0000000080000FD8 (0x0003D863) bge x7, x0, 0x10                         spcl_Mdispatch_hndling+8

clint mtime 0x00000000000000FC (mip.MTI <- 0b1, mip.STI <- 0b0)
mem[X,0x0000000080000FDC] -> 0x5413
mem[X,0x0000000080000FDE] -> 0x0014
[504] [M]: 0x0000000080000FDC (0x00145413) srli x8, x8, 0x1                         spcl_Mdispatch_hndling+12
x8 <- 0x0000000000000002

mem[X,0x0000000080000FE0] -> 0x0CE3
mem[X,0x0000000080000FE2] -> 0xF885
[505] [M]: 0x0000000080000FE0 (0xF8850CE3) beq x10, x8, -0x68                       spcl_Mdispatch_hndling+16

clint mtime 0x00000000000000FD (mip.MTI <- 0b1, mip.STI <- 0b0)
mem[X,0x0000000080000F78] -> 0x3303
mem[X,0x0000000080000F7A] -> 0x2601
[506] [M]: 0x0000000080000F78 (0x26013303) ld x6, 0x260(x2)                         resto_Mrtn+0
mem[R,0x0000000080003260] -> 0x0000000000000010
x6 <- 0x0000000000000010

mem[X,0x0000000080000F7C] -> 0x3383
mem[X,0x0000000080000F7E] -> 0x2681
[507] [M]: 0x0000000080000F7C (0x26813383) ld x7, 0x268(x2)                         resto_Mrtn+4
mem[R,0x0000000080003268] -> 0x0000000080003000
x7 <- 0x0000000080003000

clint mtime 0x00000000000000FE (mip.MTI <- 0b1, mip.STI <- 0b0)
mem[X,0x0000000080000F80] -> 0x3403
mem[X,0x0000000080000F82] -> 0x2701
[508] [M]: 0x0000000080000F80 (0x27013403) ld x8, 0x270(x2)                         resto_Mrtn+8
mem[R,0x0000000080003270] -> 0x0000000000007F76
x8 <- 0x0000000000007F76

mem[X,0x0000000080000F84] -> 0x3483
mem[X,0x0000000080000F86] -> 0x2781
[509] [M]: 0x0000000080000F84 (0x27813483) ld x9, 0x278(x2)                         resto_Mrtn+12
mem[R,0x0000000080003278] -> 0x00000000800008D8
x9 <- 0x00000000800008D8

clint mtime 0x00000000000000FF (mip.MTI <- 0b1, mip.STI <- 0b0)
mem[X,0x0000000080000F88] -> 0x3503
mem[X,0x0000000080000F8A] -> 0x2801
[510] [M]: 0x0000000080000F88 (0x28013503) ld x10, 0x280(x2)                        resto_Mrtn+16
mem[R,0x0000000080003280] -> 0x0000000000000001
x10 <- 0x0000000000000001

mem[X,0x0000000080000F8C] -> 0x3583
mem[X,0x0000000080000F8E] -> 0x2881
[511] [M]: 0x0000000080000F8C (0x28813583) ld x11, 0x288(x2)                        resto_Mrtn+20
mem[R,0x0000000080003288] -> 0x0000000000000000
x11 <- 0x0000000000000000

clint mtime 0x0000000000000100 (mip.MTI <- 0b1, mip.STI <- 0b0)
mem[X,0x0000000080000F90] -> 0x3103
mem[X,0x0000000080000F92] -> 0x2901
[512] [M]: 0x0000000080000F90 (0x29013103) ld x2, 0x290(x2)                         resto_Mrtn+24
mem[R,0x0000000080003290] -> 0x0000000000000000
x2 <- 0x0000000000000000

mem[X,0x0000000080000F94] -> 0x0073
mem[X,0x0000000080000F96] -> 0x3020
[513] [M]: 0x0000000080000F94 (0x30200073) mret                                     resto_Mrtn+28
CSR mstatus (0x300) <- 0x0000000A00000080
ret-ing from M to U

clint mtime 0x0000000000000101 (mip.MTI <- 0b1, mip.STI <- 0b0)
mem[X,0x0000000080000924] -> 0x0013
mem[X,0x0000000080000926] -> 0x0000
[514] [U]: 0x0000000080000924 (0x00000013) addi x0, x0, 0x0                         main+292

mem[X,0x0000000080000928] -> 0xB073
mem[X,0x000000008000092A] -> 0x1802
[515] [U]: 0x0000000080000928 (0x1802B073) csrrc x0, satp, x5                       main+296
trapping from U to M to handle illegal-instruction
handling exc#illegal-instruction at priv M with tval 0x000000001802B073
CSR mstatus (0x300) <- 0x0000000A00000000
CSR mcause (0x342) <- 0x0000000000000002
CSR mtval (0x343) <- 0x000000001802B073
CSR mepc (0x341) <- 0x0000000080000928

clint mtime 0x0000000000000102 (mip.MTI <- 0b1, mip.STI <- 0b0)
mem[X,0x0000000080000B40] -> 0x006F
mem[X,0x0000000080000B42] -> 0x1000
[516] [M]: 0x0000000080000B40 (0x1000006F) jal x0, 0x100                            Mtrampoline+0

mem[X,0x0000000080000C40] -> 0x1173
mem[X,0x0000000080000C42] -> 0x3401
[517] [M]: 0x0000000080000C40 (0x34011173) csrrw x2, mscratch, x2                   trap_Mhandler+0
CSR mscratch (0x340) <- 0x0000000000000000
x2 <- 0x0000000080003000

clint mtime 0x0000000000000103 (mip.MTI <- 0b1, mip.STI <- 0b0)
mem[X,0x0000000080000C44] -> 0x3423
mem[X,0x0000000080000C46] -> 0x28B1
[518] [M]: 0x0000000080000C44 (0x28B13423) sd x11, 0x288(x2)                        trap_Mhandler+4
mem[W,0x0000000080003288] <- 0x0000000000000000

mem[X,0x0000000080000C48] -> 0x05EF
mem[X,0x0000000080000C4A] -> 0x0B80
[519] [M]: 0x0000000080000C48 (0x0B8005EF) jal x11, 0xb8                            trap_Mhandler+8
x11 <- 0x0000000080000C4C

clint mtime 0x0000000000000104 (mip.MTI <- 0b1, mip.STI <- 0b0)
mem[X,0x0000000080000D00] -> 0x3023
mem[X,0x0000000080000D02] -> 0x28A1
[520] [M]: 0x0000000080000D00 (0x28A13023) sd x10, 0x280(x2)                        common_Mhandler+0
mem[W,0x0000000080003280] <- 0x0000000000000001

mem[X,0x0000000080000D04] -> 0x1573
mem[X,0x0000000080000D06] -> 0x3401
[521] [M]: 0x0000000080000D04 (0x34011573) csrrw x10, mscratch, x2                  common_Mhandler+4
CSR mscratch (0x340) <- 0x0000000080003000
x10 <- 0x0000000000000000

clint mtime 0x0000000000000105 (mip.MTI <- 0b1, mip.STI <- 0b0)
mem[X,0x0000000080000D08] -> 0x3823
mem[X,0x0000000080000D0A] -> 0x28A1
[522] [M]: 0x0000000080000D08 (0x28A13823) sd x10, 0x290(x2)                        common_Mhandler+8
mem[W,0x0000000080003290] <- 0x0000000000000000

mem[X,0x0000000080000D0C] -> 0x3503
mem[X,0x0000000080000D0E] -> 0x2301
[523] [M]: 0x0000000080000D0C (0x23013503) ld x10, 0x230(x2)                        common_Mhandler+12
mem[R,0x0000000080003230] -> 0x0000000080000D14
x10 <- 0x0000000080000D14

clint mtime 0x0000000000000106 (mip.MTI <- 0b1, mip.STI <- 0b0)
mem[X,0x0000000080000D10] -> 0x0067
mem[X,0x0000000080000D12] -> 0x0005
[524] [M]: 0x0000000080000D10 (0x00050067) jalr x0, 0x0(x10)                        common_Mhandler+16

mem[X,0x0000000080000D14] -> 0x3C23
mem[X,0x0000000080000D16] -> 0x2691
[525] [M]: 0x0000000080000D14 (0x26913C23) sd x9, 0x278(x2)                         common_Mentry+0
mem[W,0x0000000080003278] <- 0x00000000800008D8

clint mtime 0x0000000000000107 (mip.MTI <- 0b1, mip.STI <- 0b0)
mem[X,0x0000000080000D18] -> 0x3823
mem[X,0x0000000080000D1A] -> 0x2681
[526] [M]: 0x0000000080000D18 (0x26813823) sd x8, 0x270(x2)                         common_Mentry+4
mem[W,0x0000000080003270] <- 0x0000000000007F76

mem[X,0x0000000080000D1C] -> 0x3423
mem[X,0x0000000080000D1E] -> 0x2671
[527] [M]: 0x0000000080000D1C (0x26713423) sd x7, 0x268(x2)                         common_Mentry+8
mem[W,0x0000000080003268] <- 0x0000000080003000

clint mtime 0x0000000000000108 (mip.MTI <- 0b1, mip.STI <- 0b0)
mem[X,0x0000000080000D20] -> 0x3023
mem[X,0x0000000080000D22] -> 0x2661
[528] [M]: 0x0000000080000D20 (0x26613023) sd x6, 0x260(x2)                         common_Mentry+12
mem[W,0x0000000080003260] <- 0x0000000000000010

mem[X,0x0000000080000D24] -> 0x2573
mem[X,0x0000000080000D26] -> 0x3420
[529] [M]: 0x0000000080000D24 (0x34202573) csrrs x10, mcause, x0                    spcl_M2mmode_test+0
CSR mcause (0x342) -> 0x0000000000000002
x10 <- 0x0000000000000002

clint mtime 0x0000000000000109 (mip.MTI <- 0b1, mip.STI <- 0b0)
mem[X,0x0000000080000D28] -> 0x04B7
mem[X,0x0000000080000D2A] -> 0x8000
[530] [M]: 0x0000000080000D28 (0x800004B7) lui x9, -0x80000                         spcl_M2mmode_test+4
x9 <- 0xFFFFFFFF80000000

mem[X,0x0000000080000D2C] -> 0x8493
mem[X,0x0000000080000D2E] -> 0x0004
[531] [M]: 0x0000000080000D2C (0x00048493) addi x9, x9, 0x0                         spcl_M2mmode_test+8
x9 <- 0xFFFFFFFF80000000

clint mtime 0x000000000000010A (mip.MTI <- 0b1, mip.STI <- 0b0)
mem[X,0x0000000080000D30] -> 0x9493
mem[X,0x0000000080000D32] -> 0x00B4
[532] [M]: 0x0000000080000D30 (0x00B49493) slli x9, x9, 0xb                         spcl_M2mmode_test+12
x9 <- 0xFFFFFC0000000000

mem[X,0x0000000080000D34] -> 0x8493
mem[X,0x0000000080000D36] -> 0x0004
[533] [M]: 0x0000000080000D34 (0x00048493) addi x9, x9, 0x0                         spcl_M2mmode_test+16
x9 <- 0xFFFFFC0000000000

clint mtime 0x000000000000010B (mip.MTI <- 0b1, mip.STI <- 0b0)
mem[X,0x0000000080000D38] -> 0x9493
mem[X,0x0000000080000D3A] -> 0x00B4
[534] [M]: 0x0000000080000D38 (0x00B49493) slli x9, x9, 0xb                         spcl_M2mmode_test+20
x9 <- 0xFFE0000000000000

mem[X,0x0000000080000D3C] -> 0x8493
mem[X,0x0000000080000D3E] -> 0x0034
[535] [M]: 0x0000000080000D3C (0x00348493) addi x9, x9, 0x3                         spcl_M2mmode_test+24
x9 <- 0xFFE0000000000003

clint mtime 0x000000000000010C (mip.MTI <- 0b1, mip.STI <- 0b0)
mem[X,0x0000000080000D40] -> 0x9493
mem[X,0x0000000080000D42] -> 0x00A4
[536] [M]: 0x0000000080000D40 (0x00A49493) slli x9, x9, 0xa                         spcl_M2mmode_test+28
x9 <- 0x8000000000000C00

mem[X,0x0000000080000D44] -> 0x8493
mem[X,0x0000000080000D46] -> 0x3FC4
[537] [M]: 0x0000000080000D44 (0x3FC48493) addi x9, x9, 0x3fc                       spcl_M2mmode_test+32
x9 <- 0x8000000000000FFC

clint mtime 0x000000000000010D (mip.MTI <- 0b1, mip.STI <- 0b0)
mem[X,0x0000000080000D48] -> 0xF4B3
mem[X,0x0000000080000D4A] -> 0x00A4
[538] [M]: 0x0000000080000D48 (0x00A4F4B3) and x9, x9, x10                          spcl_M2mmode_test+36
x9 <- 0x0000000000000000

mem[X,0x0000000080000D4C] -> 0x8493
mem[X,0x0000000080000D4E] -> 0xFF84
[539] [M]: 0x0000000080000D4C (0xFF848493) addi x9, x9, -0x8                        spcl_M2mmode_test+40
x9 <- 0xFFFFFFFFFFFFFFF8

clint mtime 0x000000000000010E (mip.MTI <- 0b1, mip.STI <- 0b0)
mem[X,0x0000000080000D50] -> 0x9663
mem[X,0x0000000080000D52] -> 0x0004
[540] [M]: 0x0000000080000D50 (0x00049663) bne x9, x0, 0xc                          spcl_M2mmode_test+44

mem[X,0x0000000080000D5C] -> 0x0393
mem[X,0x0000000080000D5E] -> 0x0200
[541] [M]: 0x0000000080000D5C (0x02000393) addi x7, x0, 0x20                        Mtrapsig_ptr_upd+0
x7 <- 0x0000000000000020

clint mtime 0x000000000000010F (mip.MTI <- 0b1, mip.STI <- 0b0)
mem[X,0x0000000080000D60] -> 0x5263
mem[X,0x0000000080000D62] -> 0x0405
[542] [M]: 0x0000000080000D60 (0x04055263) bge x10, x0, 0x44                        Mtrapsig_ptr_upd+4

mem[X,0x0000000080000DA4] -> 0x2373
mem[X,0x0000000080000DA6] -> 0x3010
[543] [M]: 0x0000000080000DA4 (0x30102373) csrrs x6, misa, x0                       Mxcpt_sig_sv+0
CSR misa (0x301) -> 0x800000000034112F
x6 <- 0x800000000034112F

clint mtime 0x0000000000000110 (mip.MTI <- 0b1, mip.STI <- 0b0)
mem[X,0x0000000080000DA8] -> 0x1313
mem[X,0x0000000080000DAA] -> 0x0383
[544] [M]: 0x0000000080000DA8 (0x03831313) slli x6, x6, 0x38                        Mxcpt_sig_sv+4
x6 <- 0x2F00000000000000

mem[X,0x0000000080000DAC] -> 0x5463
mem[X,0x0000000080000DAE] -> 0x0003
[545] [M]: 0x0000000080000DAC (0x00035463) bge x6, x0, 0x8                          Mxcpt_sig_sv+8

clint mtime 0x0000000000000111 (mip.MTI <- 0b1, mip.STI <- 0b0)
mem[X,0x0000000080000DB4] -> 0x3303
mem[X,0x0000000080000DB6] -> 0x2181
[546] [M]: 0x0000000080000DB4 (0x21813303) ld x6, 0x218(x2)                         Mtrap_sig_sv+0
mem[R,0x0000000080003218] -> 0x0000000080008558
x6 <- 0x0000000080008558

mem[X,0x0000000080000DB8] -> 0x04B3
mem[X,0x0000000080000DBA] -> 0x0073
[547] [M]: 0x0000000080000DB8 (0x007304B3) add x9, x6, x7                           Mtrap_sig_sv+4
x9 <- 0x0000000080008578

clint mtime 0x0000000000000112 (mip.MTI <- 0b1, mip.STI <- 0b0)
mem[X,0x0000000080000DBC] -> 0x3C23
mem[X,0x0000000080000DBE] -> 0x2091
[548] [M]: 0x0000000080000DBC (0x20913C23) sd x9, 0x218(x2)                         Mtrap_sig_sv+8
mem[W,0x0000000080003218] <- 0x0000000080008578

mem[X,0x0000000080000DC0] -> 0x3403
mem[X,0x0000000080000DC2] -> 0x1F81
[549] [M]: 0x0000000080000DC0 (0x1F813403) ld x8, 0x1f8(x2)                         Mtrap_sig_sv+12
mem[R,0x00000000800031F8] -> 0x0000000080008110
x8 <- 0x0000000080008110

clint mtime 0x0000000000000113 (mip.MTI <- 0b1, mip.STI <- 0b0)
mem[X,0x0000000080000DC4] -> 0x0333
mem[X,0x0000000080000DC6] -> 0x4083
[550] [M]: 0x0000000080000DC4 (0x40830333) sub x6, x6, x8                           Mtrap_sig_sv+16
x6 <- 0x0000000000000448

mem[X,0x0000000080000DC8] -> 0x3403
mem[X,0x0000000080000DCA] -> 0x1F81
[551] [M]: 0x0000000080000DC8 (0x1F813403) ld x8, 0x1f8(x2)                         Mtrap_sig_sv+20
mem[R,0x00000000800031F8] -> 0x0000000080008110
x8 <- 0x0000000080008110

clint mtime 0x0000000000000114 (mip.MTI <- 0b1, mip.STI <- 0b0)
mem[X,0x0000000080000DCC] -> 0x0333
mem[X,0x0000000080000DCE] -> 0x0083
[552] [M]: 0x0000000080000DCC (0x00830333) add x6, x6, x8                           Mtrap_sig_sv+24
x6 <- 0x0000000080008558

mem[X,0x0000000080000DD0] -> 0x3403
mem[X,0x0000000080000DD2] -> 0x2401
[553] [M]: 0x0000000080000DD0 (0x24013403) ld x8, 0x240(x2)                         Mtrap_sig_sv+28
mem[R,0x0000000080003240] -> 0x0000000080000B40
x8 <- 0x0000000080000B40

clint mtime 0x0000000000000115 (mip.MTI <- 0b1, mip.STI <- 0b0)
mem[X,0x0000000080000DD4] -> 0x85B3
mem[X,0x0000000080000DD6] -> 0x4085
[554] [M]: 0x0000000080000DD4 (0x408585B3) sub x11, x11, x8                         sv_Mvect+0
x11 <- 0x000000000000010C

mem[X,0x0000000080000DD8] -> 0x9593
mem[X,0x0000000080000DDA] -> 0x0045
[555] [M]: 0x0000000080000DD8 (0x00459593) slli x11, x11, 0x4                       sv_Mvect+4
x11 <- 0x00000000000010C0

clint mtime 0x0000000000000116 (mip.MTI <- 0b1, mip.STI <- 0b0)
mem[X,0x0000000080000DDC] -> 0xE5B3
mem[X,0x0000000080000DDE] -> 0x0075
[556] [M]: 0x0000000080000DDC (0x0075E5B3) or x11, x11, x7                          sv_Mvect+8
x11 <- 0x00000000000010E0

mem[X,0x0000000080000DE0] -> 0x8593
mem[X,0x0000000080000DE2] -> 0x0035
[557] [M]: 0x0000000080000DE0 (0x00358593) addi x11, x11, 0x3                       sv_Mvect+12
x11 <- 0x00000000000010E3

clint mtime 0x0000000000000117 (mip.MTI <- 0b1, mip.STI <- 0b0)
mem[X,0x0000000080000DE4] -> 0x3023
mem[X,0x0000000080000DE6] -> 0x00B3
[558] [M]: 0x0000000080000DE4 (0x00B33023) sd x11, 0x0(x6)                          sv_Mvect+16
mem[W,0x0000000080008558] <- 0x00000000000010E3

mem[X,0x0000000080000DE8] -> 0x3423
mem[X,0x0000000080000DEA] -> 0x00A3
[559] [M]: 0x0000000080000DE8 (0x00A33423) sd x10, 0x8(x6)                          sv_Mcause+0
mem[W,0x0000000080008560] <- 0x0000000000000002

clint mtime 0x0000000000000118 (mip.MTI <- 0b1, mip.STI <- 0b0)
mem[X,0x0000000080000DEC] -> 0x4663
mem[X,0x0000000080000DEE] -> 0x1A05
[560] [M]: 0x0000000080000DEC (0x1A054663) blt x10, x0, 0x1ac                       sv_Mcause+4

mem[X,0x0000000080000DF0] -> 0x25F3
mem[X,0x0000000080000DF2] -> 0x3000
[561] [M]: 0x0000000080000DF0 (0x300025F3) csrrs x11, mstatus, x0                   common_Mexcpt_handler+0
CSR mstatus (0x300) -> 0x0000000A00000000
x11 <- 0x0000000A00000000

clint mtime 0x0000000000000119 (mip.MTI <- 0b1, mip.STI <- 0b0)
mem[X,0x0000000080000DF4] -> 0x9413
mem[X,0x0000000080000DF6] -> 0x02E5
[562] [M]: 0x0000000080000DF4 (0x02E59413) slli x8, x11, 0x2e                       common_Mexcpt_handler+4
x8 <- 0x0000000000000000

mem[X,0x0000000080000DF8] -> 0x5463
mem[X,0x0000000080000DFA] -> 0x0004
[563] [M]: 0x0000000080000DF8 (0x00045463) bge x8, x0, 0x8                          common_Mexcpt_handler+8

clint mtime 0x000000000000011A (mip.MTI <- 0b1, mip.STI <- 0b0)
mem[X,0x0000000080000E00] -> 0xD493
mem[X,0x0000000080000E02] -> 0x00B5
[564] [M]: 0x0000000080000E00 (0x00B5D493) srli x9, x11, 0xb                        common_Mexcpt_handler+16
x9 <- 0x0000000001400000

mem[X,0x0000000080000E04] -> 0xF493
mem[X,0x0000000080000E06] -> 0x0034
[565] [M]: 0x0000000080000E04 (0x0034F493) andi x9, x9, 0x3                         common_Mexcpt_handler+20
x9 <- 0x0000000000000000

clint mtime 0x000000000000011B (mip.MTI <- 0b1, mip.STI <- 0b0)
mem[X,0x0000000080000E08] -> 0x8493
mem[X,0x0000000080000E0A] -> 0x0014
[566] [M]: 0x0000000080000E08 (0x00148493) addi x9, x9, 0x1                         common_Mexcpt_handler+24
x9 <- 0x0000000000000001

mem[X,0x0000000080000E0C] -> 0xF493
mem[X,0x0000000080000E0E] -> 0x0044
[567] [M]: 0x0000000080000E0C (0x0044F493) andi x9, x9, 0x4                         common_Mexcpt_handler+28
x9 <- 0x0000000000000000

clint mtime 0x000000000000011C (mip.MTI <- 0b1, mip.STI <- 0b0)
mem[X,0x0000000080000E10] -> 0x0593
mem[X,0x0000000080000E12] -> 0x05D0
[568] [M]: 0x0000000080000E10 (0x05D00593) addi x11, x0, 0x5d                       common_Mexcpt_handler+32
x11 <- 0x000000000000005D

mem[X,0x0000000080000E14] -> 0xD5B3
mem[X,0x0000000080000E16] -> 0x0095
[569] [M]: 0x0000000080000E14 (0x0095D5B3) srl x11, x11, x9                         common_Mexcpt_handler+36
x11 <- 0x000000000000005D

clint mtime 0x000000000000011D (mip.MTI <- 0b1, mip.STI <- 0b0)
mem[X,0x0000000080000E18] -> 0xF593
mem[X,0x0000000080000E1A] -> 0x0015
[570] [M]: 0x0000000080000E18 (0x0015F593) andi x11, x11, 0x1                       common_Mexcpt_handler+40
x11 <- 0x0000000000000001

mem[X,0x0000000080000E1C] -> 0x8EE3
mem[X,0x0000000080000E1E] -> 0xF405
[571] [M]: 0x0000000080000E1C (0xF4058EE3) beq x11, x0, -0xa4                       common_Mexcpt_handler+44

clint mtime 0x000000000000011E (mip.MTI <- 0b1, mip.STI <- 0b0)
mem[X,0x0000000080000E20] -> 0x0593
mem[X,0x0000000080000E22] -> 0x2980
[572] [M]: 0x0000000080000E20 (0x29800593) addi x11, x0, 0x298                      common_Mexcpt_handler+48
x11 <- 0x0000000000000298

mem[X,0x0000000080000E24] -> 0xF413
mem[X,0x0000000080000E26] -> 0x0014
[573] [M]: 0x0000000080000E24 (0x0014F413) andi x8, x9, 0x1                         common_Mexcpt_handler+52
x8 <- 0x0000000000000000

clint mtime 0x000000000000011F (mip.MTI <- 0b1, mip.STI <- 0b0)
mem[X,0x0000000080000E28] -> 0x95B3
mem[X,0x0000000080000E2A] -> 0x0085
[574] [M]: 0x0000000080000E28 (0x008595B3) sll x11, x11, x8                         common_Mexcpt_handler+56
x11 <- 0x0000000000000298

mem[X,0x0000000080000E2C] -> 0x9413
mem[X,0x0000000080000E2E] -> 0x03D4
[575] [M]: 0x0000000080000E2C (0x03D49413) slli x8, x9, 0x3d                        common_Mexcpt_handler+60
x8 <- 0x0000000000000000

clint mtime 0x0000000000000120 (mip.MTI <- 0b1, mip.STI <- 0b0)
mem[X,0x0000000080000E30] -> 0x5413
mem[X,0x0000000080000E32] -> 0x43F4
[576] [M]: 0x0000000080000E30 (0x43F45413) srai x8, x8, 0x3f                        common_Mexcpt_handler+64
x8 <- 0x0000000000000000

mem[X,0x0000000080000E34] -> 0x4413
mem[X,0x0000000080000E36] -> 0xFFF4
[577] [M]: 0x0000000080000E34 (0xFFF44413) xori x8, x8, -0x1                        common_Mexcpt_handler+68
x8 <- 0xFFFFFFFFFFFFFFFF

clint mtime 0x0000000000000121 (mip.MTI <- 0b1, mip.STI <- 0b0)
mem[X,0x0000000080000E38] -> 0xF4B3
mem[X,0x0000000080000E3A] -> 0x0085
[578] [M]: 0x0000000080000E38 (0x0085F4B3) and x9, x11, x8                          common_Mexcpt_handler+72
x9 <- 0x0000000000000298

mem[X,0x0000000080000E3C] -> 0x84B3
mem[X,0x0000000080000E3E] -> 0x0024
[579] [M]: 0x0000000080000E3C (0x002484B3) add x9, x9, x2                           vmem_adj_Mepc+0
x9 <- 0x0000000080003298

clint mtime 0x0000000000000122 (mip.MTI <- 0b1, mip.STI <- 0b0)
mem[X,0x0000000080000E40] -> 0x23F3
mem[X,0x0000000080000E42] -> 0x3410
[580] [M]: 0x0000000080000E40 (0x341023F3) csrrs x7, mepc, x0                       vmem_adj_Mepc+4
CSR mepc (0x341) -> 0x0000000080000928
x7 <- 0x0000000080000928

mem[X,0x0000000080000E44] -> 0x0413
mem[X,0x0000000080000E46] -> 0x0004
[581] [M]: 0x0000000080000E44 (0x00040413) addi x8, x8, 0x0                         vmem_adj_Mepc+8
x8 <- 0xFFFFFFFFFFFFFFFF

clint mtime 0x0000000000000123 (mip.MTI <- 0b1, mip.STI <- 0b0)
mem[X,0x0000000080000E48] -> 0x006F
mem[X,0x0000000080000E4A] -> 0x0400
[582] [M]: 0x0000000080000E48 (0x0400006F) jal x0, 0x40                             vmem_adj_Mepc+12

mem[X,0x0000000080000E88] -> 0x8433
mem[X,0x0000000080000E8A] -> 0x4083
[583] [M]: 0x0000000080000E88 (0x40838433) sub x8, x7, x8                           adj_Mepc+0
x8 <- 0x0000000080000929

clint mtime 0x0000000000000124 (mip.MTI <- 0b1, mip.STI <- 0b0)
mem[X,0x0000000080000E8C] -> 0x3823
mem[X,0x0000000080000E8E] -> 0x0083
[584] [M]: 0x0000000080000E8C (0x00833823) sd x8, 0x10(x6)                          sv_Mepc+0
mem[W,0x0000000080008568] <- 0x0000000080000929

mem[X,0x0000000080000E90] -> 0x55B7
mem[X,0x0000000080000E92] -> 0x0000
[585] [M]: 0x0000000080000E90 (0x000055B7) lui x11, 0x5                             sv_Mepc+4
x11 <- 0x0000000000005000

clint mtime 0x0000000000000125 (mip.MTI <- 0b1, mip.STI <- 0b0)
mem[X,0x0000000080000E94] -> 0x8593
mem[X,0x0000000080000E96] -> 0x6675
[586] [M]: 0x0000000080000E94 (0x66758593) addi x11, x11, 0x667                     sv_Mepc+8
x11 <- 0x0000000000005667

mem[X,0x0000000080000E98] -> 0x9593
mem[X,0x0000000080000E9A] -> 0x0015
[587] [M]: 0x0000000080000E98 (0x00159593) slli x11, x11, 0x1                       sv_Mepc+12
x11 <- 0x000000000000ACCE

clint mtime 0x0000000000000126 (mip.MTI <- 0b1, mip.STI <- 0b0)
mem[X,0x0000000080000E9C] -> 0x9063
mem[X,0x0000000080000E9E] -> 0x02B1
[588] [M]: 0x0000000080000E9C (0x02B19063) bne x3, x11, 0x20                        sv_Mepc+16

mem[X,0x0000000080000EBC] -> 0xF593
mem[X,0x0000000080000EBE] -> 0xFFC3
[589] [M]: 0x0000000080000EBC (0xFFC3F593) andi x11, x7, -0x4                       adj_Mepc_rtn+0
x11 <- 0x0000000080000928

clint mtime 0x0000000000000127 (mip.MTI <- 0b1, mip.STI <- 0b0)
mem[X,0x0000000080000EC0] -> 0x8593
mem[X,0x0000000080000EC2] -> 0x0085
[590] [M]: 0x0000000080000EC0 (0x00858593) addi x11, x11, 0x8                       adj_Mepc_rtn+4
x11 <- 0x0000000080000930

mem[X,0x0000000080000EC4] -> 0x9073
mem[X,0x0000000080000EC6] -> 0x3415
[591] [M]: 0x0000000080000EC4 (0x34159073) csrrw x0, mepc, x11                      adj_Mepc_rtn+8
CSR mepc (0x341) <- 0x0000000080000930

clint mtime 0x0000000000000128 (mip.MTI <- 0b1, mip.STI <- 0b0)
mem[X,0x0000000080000EC8] -> 0x23F3
mem[X,0x0000000080000ECA] -> 0x3430
[592] [M]: 0x0000000080000EC8 (0x343023F3) csrrs x7, mtval, x0                      skp_adj_Mepc+0
CSR mtval (0x343) -> 0x000000001802B073
x7 <- 0x000000001802B073

mem[X,0x0000000080000ECC] -> 0x0413
mem[X,0x0000000080000ECE] -> 0x0004
[593] [M]: 0x0000000080000ECC (0x00040413) addi x8, x8, 0x0                         skp_adj_Mepc+4
x8 <- 0x0000000080000929

clint mtime 0x0000000000000129 (mip.MTI <- 0b1, mip.STI <- 0b0)
mem[X,0x0000000080000ED0] -> 0x006F
mem[X,0x0000000080000ED2] -> 0x0840
[594] [M]: 0x0000000080000ED0 (0x0840006F) jal x0, 0x84                             skp_adj_Mepc+8

mem[X,0x0000000080000F54] -> 0x8433
mem[X,0x0000000080000F56] -> 0x4083
[595] [M]: 0x0000000080000F54 (0x40838433) sub x8, x7, x8                           adj_Mtval+0
x8 <- 0xFFFFFFFF9802A74A

clint mtime 0x000000000000012A (mip.MTI <- 0b1, mip.STI <- 0b0)
mem[X,0x0000000080000F58] -> 0x3C23
mem[X,0x0000000080000F5A] -> 0x0083
[596] [M]: 0x0000000080000F58 (0x00833C23) sd x8, 0x18(x6)                          sv_Mtval+0
mem[W,0x0000000080008570] <- 0xFFFFFFFF9802A74A

mem[X,0x0000000080000F5C] -> 0x3483
mem[X,0x0000000080000F5E] -> 0x2181
[597] [M]: 0x0000000080000F5C (0x21813483) ld x9, 0x218(x2)                         skp_Mtval+0
mem[R,0x0000000080003218] -> 0x0000000080008578
x9 <- 0x0000000080008578

clint mtime 0x000000000000012B (mip.MTI <- 0b1, mip.STI <- 0b0)
mem[X,0x0000000080000F60] -> 0x3383
mem[X,0x0000000080000F62] -> 0x1F81
[598] [M]: 0x0000000080000F60 (0x1F813383) ld x7, 0x1f8(x2)                         skp_Mtval+4
mem[R,0x00000000800031F8] -> 0x0000000080008110
x7 <- 0x0000000080008110

mem[X,0x0000000080000F64] -> 0x3303
mem[X,0x0000000080000F66] -> 0x2001
[599] [M]: 0x0000000080000F64 (0x20013303) ld x6, 0x200(x2)                         skp_Mtval+8
mem[R,0x0000000080003200] -> 0x0000000000000810
x6 <- 0x0000000000000810

clint mtime 0x000000000000012C (mip.MTI <- 0b1, mip.STI <- 0b0)
mem[X,0x0000000080000F68] -> 0x0333
mem[X,0x0000000080000F6A] -> 0x0073
[600] [M]: 0x0000000080000F68 (0x00730333) add x6, x6, x7                           skp_Mtval+12
x6 <- 0x0000000080008920

mem[X,0x0000000080000F6C] -> 0x6CE3
mem[X,0x0000000080000F6E] -> 0xAE93
[601] [M]: 0x0000000080000F6C (0xAE936CE3) bltu x6, x9, -0x508                      skp_Mtval+16

clint mtime 0x000000000000012D (mip.MTI <- 0b1, mip.STI <- 0b0)
mem[X,0x0000000080000F70] -> 0x0393
mem[X,0x0000000080000F72] -> 0x2000
[602] [M]: 0x0000000080000F70 (0x20000393) addi x7, x0, 0x200                       skp_Mtval+20
x7 <- 0x0000000000000200

mem[X,0x0000000080000F74] -> 0x006F
mem[X,0x0000000080000F76] -> 0x0400
[603] [M]: 0x0000000080000F74 (0x0400006F) jal x0, 0x40                             skp_Mtval+24

clint mtime 0x000000000000012E (mip.MTI <- 0b1, mip.STI <- 0b0)
mem[X,0x0000000080000FB4] -> 0x0417
mem[X,0x0000000080000FB6] -> 0x0000
[604] [M]: 0x0000000080000FB4 (0x00000417) auipc x8, 0x0                            spcl_Mhandler+0
x8 <- 0x0000000080000FB4

mem[X,0x0000000080000FB8] -> 0x0413
mem[X,0x0000000080000FBA] -> 0x03C4
[605] [M]: 0x0000000080000FB8 (0x03C40413) addi x8, x8, 0x3c                        spcl_Mhandler+4
x8 <- 0x0000000080000FF0

clint mtime 0x000000000000012F (mip.MTI <- 0b1, mip.STI <- 0b0)
mem[X,0x0000000080000FBC] -> 0x0433
mem[X,0x0000000080000FBE] -> 0x0074
[606] [M]: 0x0000000080000FBC (0x00740433) add x8, x8, x7                           spcl_Mhandler+8
x8 <- 0x00000000800011F0

mem[X,0x0000000080000FC0] -> 0x1393
mem[X,0x0000000080000FC2] -> 0x0035
[607] [M]: 0x0000000080000FC0 (0x00351393) slli x7, x10, 0x3                        spcl_Mhandler+12
x7 <- 0x0000000000000010

clint mtime 0x0000000000000130 (mip.MTI <- 0b1, mip.STI <- 0b0)
mem[X,0x0000000080000FC4] -> 0x0433
mem[X,0x0000000080000FC6] -> 0x0074
[608] [M]: 0x0000000080000FC4 (0x00740433) add x8, x8, x7                           spcl_Mhandler+16
x8 <- 0x0000000080001200

mem[X,0x0000000080000FC8] -> 0x7413
mem[X,0x0000000080000FCA] -> 0xFF84
[609] [M]: 0x0000000080000FC8 (0xFF847413) andi x8, x8, -0x8                        spcl_Mhandler+20
x8 <- 0x0000000080001200

clint mtime 0x0000000000000131 (mip.MTI <- 0b1, mip.STI <- 0b0)
mem[X,0x0000000080000FCC] -> 0x3403
mem[X,0x0000000080000FCE] -> 0x0004
[610] [M]: 0x0000000080000FCC (0x00043403) ld x8, 0x0(x8)                           spcl_Mhandler+24
mem[R,0x0000000080001200] -> 0x0000000000000005
x8 <- 0x0000000000000005

mem[X,0x0000000080000FD0] -> 0x04E3
mem[X,0x0000000080000FD2] -> 0xB204
[611] [M]: 0x0000000080000FD0 (0xB20404E3) beq x8, x0, -0x4d8                       spcl_Mdispatch_hndling+0

clint mtime 0x0000000000000132 (mip.MTI <- 0b1, mip.STI <- 0b0)
mem[X,0x0000000080000FD4] -> 0x1393
mem[X,0x0000000080000FD6] -> 0x03F4
[612] [M]: 0x0000000080000FD4 (0x03F41393) slli x7, x8, 0x3f                        spcl_Mdispatch_hndling+4
x7 <- 0x8000000000000000

mem[X,0x0000000080000FD8] -> 0xD863
mem[X,0x0000000080000FDA] -> 0x0003
[613] [M]: 0x0000000080000FD8 (0x0003D863) bge x7, x0, 0x10                         spcl_Mdispatch_hndling+8

clint mtime 0x0000000000000133 (mip.MTI <- 0b1, mip.STI <- 0b0)
mem[X,0x0000000080000FDC] -> 0x5413
mem[X,0x0000000080000FDE] -> 0x0014
[614] [M]: 0x0000000080000FDC (0x00145413) srli x8, x8, 0x1                         spcl_Mdispatch_hndling+12
x8 <- 0x0000000000000002

mem[X,0x0000000080000FE0] -> 0x0CE3
mem[X,0x0000000080000FE2] -> 0xF885
[615] [M]: 0x0000000080000FE0 (0xF8850CE3) beq x10, x8, -0x68                       spcl_Mdispatch_hndling+16

clint mtime 0x0000000000000134 (mip.MTI <- 0b1, mip.STI <- 0b0)
mem[X,0x0000000080000F78] -> 0x3303
mem[X,0x0000000080000F7A] -> 0x2601
[616] [M]: 0x0000000080000F78 (0x26013303) ld x6, 0x260(x2)                         resto_Mrtn+0
mem[R,0x0000000080003260] -> 0x0000000000000010
x6 <- 0x0000000000000010

mem[X,0x0000000080000F7C] -> 0x3383
mem[X,0x0000000080000F7E] -> 0x2681
[617] [M]: 0x0000000080000F7C (0x26813383) ld x7, 0x268(x2)                         resto_Mrtn+4
mem[R,0x0000000080003268] -> 0x0000000080003000
x7 <- 0x0000000080003000

clint mtime 0x0000000000000135 (mip.MTI <- 0b1, mip.STI <- 0b0)
mem[X,0x0000000080000F80] -> 0x3403
mem[X,0x0000000080000F82] -> 0x2701
[618] [M]: 0x0000000080000F80 (0x27013403) ld x8, 0x270(x2)                         resto_Mrtn+8
mem[R,0x0000000080003270] -> 0x0000000000007F76
x8 <- 0x0000000000007F76

mem[X,0x0000000080000F84] -> 0x3483
mem[X,0x0000000080000F86] -> 0x2781
[619] [M]: 0x0000000080000F84 (0x27813483) ld x9, 0x278(x2)                         resto_Mrtn+12
mem[R,0x0000000080003278] -> 0x00000000800008D8
x9 <- 0x00000000800008D8

clint mtime 0x0000000000000136 (mip.MTI <- 0b1, mip.STI <- 0b0)
mem[X,0x0000000080000F88] -> 0x3503
mem[X,0x0000000080000F8A] -> 0x2801
[620] [M]: 0x0000000080000F88 (0x28013503) ld x10, 0x280(x2)                        resto_Mrtn+16
mem[R,0x0000000080003280] -> 0x0000000000000001
x10 <- 0x0000000000000001

mem[X,0x0000000080000F8C] -> 0x3583
mem[X,0x0000000080000F8E] -> 0x2881
[621] [M]: 0x0000000080000F8C (0x28813583) ld x11, 0x288(x2)                        resto_Mrtn+20
mem[R,0x0000000080003288] -> 0x0000000000000000
x11 <- 0x0000000000000000

clint mtime 0x0000000000000137 (mip.MTI <- 0b1, mip.STI <- 0b0)
mem[X,0x0000000080000F90] -> 0x3103
mem[X,0x0000000080000F92] -> 0x2901
[622] [M]: 0x0000000080000F90 (0x29013103) ld x2, 0x290(x2)                         resto_Mrtn+24
mem[R,0x0000000080003290] -> 0x0000000000000000
x2 <- 0x0000000000000000

mem[X,0x0000000080000F94] -> 0x0073
mem[X,0x0000000080000F96] -> 0x3020
[623] [M]: 0x0000000080000F94 (0x30200073) mret                                     resto_Mrtn+28
CSR mstatus (0x300) <- 0x0000000A00000080
ret-ing from M to U

clint mtime 0x0000000000000138 (mip.MTI <- 0b1, mip.STI <- 0b0)
mem[X,0x0000000080000930] -> 0x0013
mem[X,0x0000000080000932] -> 0x0000
[624] [U]: 0x0000000080000930 (0x00000013) addi x0, x0, 0x0                         main+304

mem[X,0x0000000080000934] -> 0x0113
mem[X,0x0000000080000936] -> 0x0000
[625] [U]: 0x0000000080000934 (0x00000113) addi x2, x0, 0x0                         main+308
x2 <- 0x0000000000000000

clint mtime 0x0000000000000139 (mip.MTI <- 0b1, mip.STI <- 0b0)
mem[X,0x0000000080000938] -> 0x0073
mem[X,0x000000008000093A] -> 0x0000
[626] [U]: 0x0000000080000938 (0x00000073) ecall                                    main+312
trapping from U to M to handle u-call
handling exc#u-call at priv M with tval 0x0000000000000000
CSR mstatus (0x300) <- 0x0000000A00000000
CSR mcause (0x342) <- 0x0000000000000008
CSR mtval (0x343) <- 0x0000000000000000
CSR mepc (0x341) <- 0x0000000080000938

mem[X,0x0000000080000B40] -> 0x006F
mem[X,0x0000000080000B42] -> 0x1000
[627] [M]: 0x0000000080000B40 (0x1000006F) jal x0, 0x100                            Mtrampoline+0

clint mtime 0x000000000000013A (mip.MTI <- 0b1, mip.STI <- 0b0)
mem[X,0x0000000080000C40] -> 0x1173
mem[X,0x0000000080000C42] -> 0x3401
[628] [M]: 0x0000000080000C40 (0x34011173) csrrw x2, mscratch, x2                   trap_Mhandler+0
CSR mscratch (0x340) <- 0x0000000000000000
x2 <- 0x0000000080003000

mem[X,0x0000000080000C44] -> 0x3423
mem[X,0x0000000080000C46] -> 0x28B1
[629] [M]: 0x0000000080000C44 (0x28B13423) sd x11, 0x288(x2)                        trap_Mhandler+4
mem[W,0x0000000080003288] <- 0x0000000000000000

clint mtime 0x000000000000013B (mip.MTI <- 0b1, mip.STI <- 0b0)
mem[X,0x0000000080000C48] -> 0x05EF
mem[X,0x0000000080000C4A] -> 0x0B80
[630] [M]: 0x0000000080000C48 (0x0B8005EF) jal x11, 0xb8                            trap_Mhandler+8
x11 <- 0x0000000080000C4C

mem[X,0x0000000080000D00] -> 0x3023
mem[X,0x0000000080000D02] -> 0x28A1
[631] [M]: 0x0000000080000D00 (0x28A13023) sd x10, 0x280(x2)                        common_Mhandler+0
mem[W,0x0000000080003280] <- 0x0000000000000001

clint mtime 0x000000000000013C (mip.MTI <- 0b1, mip.STI <- 0b0)
mem[X,0x0000000080000D04] -> 0x1573
mem[X,0x0000000080000D06] -> 0x3401
[632] [M]: 0x0000000080000D04 (0x34011573) csrrw x10, mscratch, x2                  common_Mhandler+4
CSR mscratch (0x340) <- 0x0000000080003000
x10 <- 0x0000000000000000

mem[X,0x0000000080000D08] -> 0x3823
mem[X,0x0000000080000D0A] -> 0x28A1
[633] [M]: 0x0000000080000D08 (0x28A13823) sd x10, 0x290(x2)                        common_Mhandler+8
mem[W,0x0000000080003290] <- 0x0000000000000000

clint mtime 0x000000000000013D (mip.MTI <- 0b1, mip.STI <- 0b0)
mem[X,0x0000000080000D0C] -> 0x3503
mem[X,0x0000000080000D0E] -> 0x2301
[634] [M]: 0x0000000080000D0C (0x23013503) ld x10, 0x230(x2)                        common_Mhandler+12
mem[R,0x0000000080003230] -> 0x0000000080000D14
x10 <- 0x0000000080000D14

mem[X,0x0000000080000D10] -> 0x0067
mem[X,0x0000000080000D12] -> 0x0005
[635] [M]: 0x0000000080000D10 (0x00050067) jalr x0, 0x0(x10)                        common_Mhandler+16

clint mtime 0x000000000000013E (mip.MTI <- 0b1, mip.STI <- 0b0)
mem[X,0x0000000080000D14] -> 0x3C23
mem[X,0x0000000080000D16] -> 0x2691
[636] [M]: 0x0000000080000D14 (0x26913C23) sd x9, 0x278(x2)                         common_Mentry+0
mem[W,0x0000000080003278] <- 0x00000000800008D8

mem[X,0x0000000080000D18] -> 0x3823
mem[X,0x0000000080000D1A] -> 0x2681
[637] [M]: 0x0000000080000D18 (0x26813823) sd x8, 0x270(x2)                         common_Mentry+4
mem[W,0x0000000080003270] <- 0x0000000000007F76

clint mtime 0x000000000000013F (mip.MTI <- 0b1, mip.STI <- 0b0)
mem[X,0x0000000080000D1C] -> 0x3423
mem[X,0x0000000080000D1E] -> 0x2671
[638] [M]: 0x0000000080000D1C (0x26713423) sd x7, 0x268(x2)                         common_Mentry+8
mem[W,0x0000000080003268] <- 0x0000000080003000

mem[X,0x0000000080000D20] -> 0x3023
mem[X,0x0000000080000D22] -> 0x2661
[639] [M]: 0x0000000080000D20 (0x26613023) sd x6, 0x260(x2)                         common_Mentry+12
mem[W,0x0000000080003260] <- 0x0000000000000010

clint mtime 0x0000000000000140 (mip.MTI <- 0b1, mip.STI <- 0b0)
mem[X,0x0000000080000D24] -> 0x2573
mem[X,0x0000000080000D26] -> 0x3420
[640] [M]: 0x0000000080000D24 (0x34202573) csrrs x10, mcause, x0                    spcl_M2mmode_test+0
CSR mcause (0x342) -> 0x0000000000000008
x10 <- 0x0000000000000008

mem[X,0x0000000080000D28] -> 0x04B7
mem[X,0x0000000080000D2A] -> 0x8000
[641] [M]: 0x0000000080000D28 (0x800004B7) lui x9, -0x80000                         spcl_M2mmode_test+4
x9 <- 0xFFFFFFFF80000000

clint mtime 0x0000000000000141 (mip.MTI <- 0b1, mip.STI <- 0b0)
mem[X,0x0000000080000D2C] -> 0x8493
mem[X,0x0000000080000D2E] -> 0x0004
[642] [M]: 0x0000000080000D2C (0x00048493) addi x9, x9, 0x0                         spcl_M2mmode_test+8
x9 <- 0xFFFFFFFF80000000

mem[X,0x0000000080000D30] -> 0x9493
mem[X,0x0000000080000D32] -> 0x00B4
[643] [M]: 0x0000000080000D30 (0x00B49493) slli x9, x9, 0xb                         spcl_M2mmode_test+12
x9 <- 0xFFFFFC0000000000

clint mtime 0x0000000000000142 (mip.MTI <- 0b1, mip.STI <- 0b0)
mem[X,0x0000000080000D34] -> 0x8493
mem[X,0x0000000080000D36] -> 0x0004
[644] [M]: 0x0000000080000D34 (0x00048493) addi x9, x9, 0x0                         spcl_M2mmode_test+16
x9 <- 0xFFFFFC0000000000

mem[X,0x0000000080000D38] -> 0x9493
mem[X,0x0000000080000D3A] -> 0x00B4
[645] [M]: 0x0000000080000D38 (0x00B49493) slli x9, x9, 0xb                         spcl_M2mmode_test+20
x9 <- 0xFFE0000000000000

clint mtime 0x0000000000000143 (mip.MTI <- 0b1, mip.STI <- 0b0)
mem[X,0x0000000080000D3C] -> 0x8493
mem[X,0x0000000080000D3E] -> 0x0034
[646] [M]: 0x0000000080000D3C (0x00348493) addi x9, x9, 0x3                         spcl_M2mmode_test+24
x9 <- 0xFFE0000000000003

mem[X,0x0000000080000D40] -> 0x9493
mem[X,0x0000000080000D42] -> 0x00A4
[647] [M]: 0x0000000080000D40 (0x00A49493) slli x9, x9, 0xa                         spcl_M2mmode_test+28
x9 <- 0x8000000000000C00

clint mtime 0x0000000000000144 (mip.MTI <- 0b1, mip.STI <- 0b0)
mem[X,0x0000000080000D44] -> 0x8493
mem[X,0x0000000080000D46] -> 0x3FC4
[648] [M]: 0x0000000080000D44 (0x3FC48493) addi x9, x9, 0x3fc                       spcl_M2mmode_test+32
x9 <- 0x8000000000000FFC

mem[X,0x0000000080000D48] -> 0xF4B3
mem[X,0x0000000080000D4A] -> 0x00A4
[649] [M]: 0x0000000080000D48 (0x00A4F4B3) and x9, x9, x10                          spcl_M2mmode_test+36
x9 <- 0x0000000000000008

clint mtime 0x0000000000000145 (mip.MTI <- 0b1, mip.STI <- 0b0)
mem[X,0x0000000080000D4C] -> 0x8493
mem[X,0x0000000080000D4E] -> 0xFF84
[650] [M]: 0x0000000080000D4C (0xFF848493) addi x9, x9, -0x8                        spcl_M2mmode_test+40
x9 <- 0x0000000000000000

mem[X,0x0000000080000D50] -> 0x9663
mem[X,0x0000000080000D52] -> 0x0004
[651] [M]: 0x0000000080000D50 (0x00049663) bne x9, x0, 0xc                          spcl_M2mmode_test+44

clint mtime 0x0000000000000146 (mip.MTI <- 0b1, mip.STI <- 0b0)
mem[X,0x0000000080000D54] -> 0x3383
mem[X,0x0000000080000D56] -> 0x2901
[652] [M]: 0x0000000080000D54 (0x29013383) ld x7, 0x290(x2)                         spcl_M2mmode_test+48
mem[R,0x0000000080003290] -> 0x0000000000000000
x7 <- 0x0000000000000000

mem[X,0x0000000080000D58] -> 0x8663
mem[X,0x0000000080000D5A] -> 0x6E03
[653] [M]: 0x0000000080000D58 (0x6E038663) beq x7, x0, 0x6ec                        spcl_M2mmode_test+52

clint mtime 0x0000000000000147 (mip.MTI <- 0b1, mip.STI <- 0b0)
mem[X,0x0000000080001444] -> 0x0493
mem[X,0x0000000080001446] -> 0xFF55
[654] [M]: 0x0000000080001444 (0xFF550493) addi x9, x10, -0xb                       rtn2mmode+0
x9 <- 0xFFFFFFFFFFFFFFFD

mem[X,0x0000000080001448] -> 0x8C63
mem[X,0x000000008000144A] -> 0x0004
[655] [M]: 0x0000000080001448 (0x00048C63) beq x9, x0, 0x18                         rtn2mmode+4

clint mtime 0x0000000000000148 (mip.MTI <- 0b1, mip.STI <- 0b0)
mem[X,0x000000008000144C] -> 0x3583
mem[X,0x000000008000144E] -> 0x4701
[656] [M]: 0x000000008000144C (0x47013583) ld x11, 0x470(x2)                        rtn2mmode+8
mem[R,0x0000000080003470] -> 0x00000000800007D4
x11 <- 0x00000000800007D4

mem[X,0x0000000080001450] -> 0xD463
mem[X,0x0000000080001452] -> 0x0003
[657] [M]: 0x0000000080001450 (0x0003D463) bge x7, x0, 0x8                          rtn2mmode+12

clint mtime 0x0000000000000149 (mip.MTI <- 0b1, mip.STI <- 0b0)
mem[X,0x0000000080001458] -> 0x3483
mem[X,0x000000008000145A] -> 0x1D81
[658] [M]: 0x0000000080001458 (0x1D813483) ld x9, 0x1d8(x2)                         from_u_s+0
mem[R,0x00000000800031D8] -> 0x00000000800007D4
x9 <- 0x00000000800007D4

mem[X,0x000000008000145C] -> 0x84B3
mem[X,0x000000008000145E] -> 0x40B4
[659] [M]: 0x000000008000145C (0x40B484B3) sub x9, x9, x11                          from_u_s+4
x9 <- 0x0000000000000000

clint mtime 0x000000000000014A (mip.MTI <- 0b1, mip.STI <- 0b0)
mem[X,0x0000000080001460] -> 0x23F3
mem[X,0x0000000080001462] -> 0x3410
[660] [M]: 0x0000000080001460 (0x341023F3) csrrs x7, mepc, x0                       rtn_fm_mmode+0
CSR mepc (0x341) -> 0x0000000080000938
x7 <- 0x0000000080000938

mem[X,0x0000000080001464] -> 0x83B3
mem[X,0x0000000080001466] -> 0x0093
[661] [M]: 0x0000000080001464 (0x009383B3) add x7, x7, x9                           rtn_fm_mmode+4
x7 <- 0x0000000080000938

clint mtime 0x000000000000014B (mip.MTI <- 0b1, mip.STI <- 0b0)
mem[X,0x0000000080001468] -> 0x3303
mem[X,0x000000008000146A] -> 0x2601
[662] [M]: 0x0000000080001468 (0x26013303) ld x6, 0x260(x2)                         rtn_fm_mmode+8
mem[R,0x0000000080003260] -> 0x0000000000000010
x6 <- 0x0000000000000010

mem[X,0x000000008000146C] -> 0x3403
mem[X,0x000000008000146E] -> 0x2701
[663] [M]: 0x000000008000146C (0x27013403) ld x8, 0x270(x2)                         rtn_fm_mmode+12
mem[R,0x0000000080003270] -> 0x0000000000007F76
x8 <- 0x0000000000007F76

clint mtime 0x000000000000014C (mip.MTI <- 0b1, mip.STI <- 0b0)
mem[X,0x0000000080001470] -> 0x3483
mem[X,0x0000000080001472] -> 0x2781
[664] [M]: 0x0000000080001470 (0x27813483) ld x9, 0x278(x2)                         rtn_fm_mmode+16
mem[R,0x0000000080003278] -> 0x00000000800008D8
x9 <- 0x00000000800008D8

mem[X,0x0000000080001474] -> 0x3503
mem[X,0x0000000080001476] -> 0x2801
[665] [M]: 0x0000000080001474 (0x28013503) ld x10, 0x280(x2)                        rtn_fm_mmode+20
mem[R,0x0000000080003280] -> 0x0000000000000001
x10 <- 0x0000000000000001

clint mtime 0x000000000000014D (mip.MTI <- 0b1, mip.STI <- 0b0)
mem[X,0x0000000080001478] -> 0x3583
mem[X,0x000000008000147A] -> 0x2881
[666] [M]: 0x0000000080001478 (0x28813583) ld x11, 0x288(x2)                        rtn_fm_mmode+24
mem[R,0x0000000080003288] -> 0x0000000000000000
x11 <- 0x0000000000000000

mem[X,0x000000008000147C] -> 0x3103
mem[X,0x000000008000147E] -> 0x2901
[667] [M]: 0x000000008000147C (0x29013103) ld x2, 0x290(x2)                         rtn_fm_mmode+28
mem[R,0x0000000080003290] -> 0x0000000000000000
x2 <- 0x0000000000000000

clint mtime 0x000000000000014E (mip.MTI <- 0b1, mip.STI <- 0b0)
mem[X,0x0000000080001480] -> 0x8067
mem[X,0x0000000080001482] -> 0x0043
[668] [M]: 0x0000000080001480 (0x00438067) jalr x0, 0x4(x7)                         rtn_fm_mmode+32

mem[X,0x000000008000093C] -> 0x029B
mem[X,0x000000008000093E] -> 0xFF90
[669] [M]: 0x000000008000093C (0xFF90029B) addiw x5, x0, -0x7                       main+316
x5 <- 0xFFFFFFFFFFFFFFF9

clint mtime 0x000000000000014F (mip.MTI <- 0b1, mip.STI <- 0b0)
mem[X,0x0000000080000940] -> 0x9293
mem[X,0x0000000080000942] -> 0x03C2
[670] [M]: 0x0000000080000940 (0x03C29293) slli x5, x5, 0x3c                        main+320
x5 <- 0x9000000000000000

mem[X,0x0000000080000944] -> 0x9073
mem[X,0x0000000080000946] -> 0x1802
[671] [M]: 0x0000000080000944 (0x18029073) csrrw x0, satp, x5                       main+324
CSR satp (0x180) <- 0x9000000000000000

clint mtime 0x0000000000000150 (mip.MTI <- 0b1, mip.STI <- 0b0)
mem[X,0x0000000080000948] -> 0x2373
mem[X,0x000000008000094A] -> 0x1800
[672] [M]: 0x0000000080000948 (0x18002373) csrrs x6, satp, x0                       main+328
CSR satp (0x180) -> 0x9000000000000000
x6 <- 0x9000000000000000

mem[X,0x000000008000094C] -> 0xB023
mem[X,0x000000008000094E] -> 0x0466
[673] [M]: 0x000000008000094C (0x0466B023) sd x6, 0x40(x13)                         main+332
mem[W,0x0000000080008158] <- 0x9000000000000000

clint mtime 0x0000000000000151 (mip.MTI <- 0b1, mip.STI <- 0b0)
mem[X,0x0000000080000950] -> 0x0293
mem[X,0x0000000080000952] -> 0x0000
[674] [M]: 0x0000000080000950 (0x00000293) addi x5, x0, 0x0                         main+336
x5 <- 0x0000000000000000

mem[X,0x0000000080000954] -> 0x9073
mem[X,0x0000000080000956] -> 0x1802
[675] [M]: 0x0000000080000954 (0x18029073) csrrw x0, satp, x5                       main+340
CSR satp (0x180) <- 0x0000000000000000

clint mtime 0x0000000000000152 (mip.MTI <- 0b1, mip.STI <- 0b0)
mem[X,0x0000000080000958] -> 0x2373
mem[X,0x000000008000095A] -> 0x1800
[676] [M]: 0x0000000080000958 (0x18002373) csrrs x6, satp, x0                       main+344
CSR satp (0x180) -> 0x0000000000000000
x6 <- 0x0000000000000000

mem[X,0x000000008000095C] -> 0xB423
mem[X,0x000000008000095E] -> 0x0466
[677] [M]: 0x000000008000095C (0x0466B423) sd x6, 0x48(x13)                         main+348
mem[W,0x0000000080008160] <- 0x0000000000000000

clint mtime 0x0000000000000153 (mip.MTI <- 0b1, mip.STI <- 0b0)
mem[X,0x0000000080000960] -> 0x0113
mem[X,0x0000000080000962] -> 0x0000
[678] [M]: 0x0000000080000960 (0x00000113) addi x2, x0, 0x0                         main+352
x2 <- 0x0000000000000000

mem[X,0x0000000080000964] -> 0x0073
mem[X,0x0000000080000966] -> 0x0000
[679] [M]: 0x0000000080000964 (0x00000073) ecall                                    main+356
trapping from M to M to handle m-call
handling exc#m-call at priv M with tval 0x0000000000000000
CSR mstatus (0x300) <- 0x0000000A00001800
CSR mcause (0x342) <- 0x000000000000000B
CSR mtval (0x343) <- 0x0000000000000000
CSR mepc (0x341) <- 0x0000000080000964

clint mtime 0x0000000000000154 (mip.MTI <- 0b1, mip.STI <- 0b0)
mem[X,0x0000000080000B40] -> 0x006F
mem[X,0x0000000080000B42] -> 0x1000
[680] [M]: 0x0000000080000B40 (0x1000006F) jal x0, 0x100                            Mtrampoline+0

mem[X,0x0000000080000C40] -> 0x1173
mem[X,0x0000000080000C42] -> 0x3401
[681] [M]: 0x0000000080000C40 (0x34011173) csrrw x2, mscratch, x2                   trap_Mhandler+0
CSR mscratch (0x340) <- 0x0000000000000000
x2 <- 0x0000000080003000

clint mtime 0x0000000000000155 (mip.MTI <- 0b1, mip.STI <- 0b0)
mem[X,0x0000000080000C44] -> 0x3423
mem[X,0x0000000080000C46] -> 0x28B1
[682] [M]: 0x0000000080000C44 (0x28B13423) sd x11, 0x288(x2)                        trap_Mhandler+4
mem[W,0x0000000080003288] <- 0x0000000000000000

mem[X,0x0000000080000C48] -> 0x05EF
mem[X,0x0000000080000C4A] -> 0x0B80
[683] [M]: 0x0000000080000C48 (0x0B8005EF) jal x11, 0xb8                            trap_Mhandler+8
x11 <- 0x0000000080000C4C

clint mtime 0x0000000000000156 (mip.MTI <- 0b1, mip.STI <- 0b0)
mem[X,0x0000000080000D00] -> 0x3023
mem[X,0x0000000080000D02] -> 0x28A1
[684] [M]: 0x0000000080000D00 (0x28A13023) sd x10, 0x280(x2)                        common_Mhandler+0
mem[W,0x0000000080003280] <- 0x0000000000000001

mem[X,0x0000000080000D04] -> 0x1573
mem[X,0x0000000080000D06] -> 0x3401
[685] [M]: 0x0000000080000D04 (0x34011573) csrrw x10, mscratch, x2                  common_Mhandler+4
CSR mscratch (0x340) <- 0x0000000080003000
x10 <- 0x0000000000000000

clint mtime 0x0000000000000157 (mip.MTI <- 0b1, mip.STI <- 0b0)
mem[X,0x0000000080000D08] -> 0x3823
mem[X,0x0000000080000D0A] -> 0x28A1
[686] [M]: 0x0000000080000D08 (0x28A13823) sd x10, 0x290(x2)                        common_Mhandler+8
mem[W,0x0000000080003290] <- 0x0000000000000000

mem[X,0x0000000080000D0C] -> 0x3503
mem[X,0x0000000080000D0E] -> 0x2301
[687] [M]: 0x0000000080000D0C (0x23013503) ld x10, 0x230(x2)                        common_Mhandler+12
mem[R,0x0000000080003230] -> 0x0000000080000D14
x10 <- 0x0000000080000D14

clint mtime 0x0000000000000158 (mip.MTI <- 0b1, mip.STI <- 0b0)
mem[X,0x0000000080000D10] -> 0x0067
mem[X,0x0000000080000D12] -> 0x0005
[688] [M]: 0x0000000080000D10 (0x00050067) jalr x0, 0x0(x10)                        common_Mhandler+16

mem[X,0x0000000080000D14] -> 0x3C23
mem[X,0x0000000080000D16] -> 0x2691
[689] [M]: 0x0000000080000D14 (0x26913C23) sd x9, 0x278(x2)                         common_Mentry+0
mem[W,0x0000000080003278] <- 0x00000000800008D8

clint mtime 0x0000000000000159 (mip.MTI <- 0b1, mip.STI <- 0b0)
mem[X,0x0000000080000D18] -> 0x3823
mem[X,0x0000000080000D1A] -> 0x2681
[690] [M]: 0x0000000080000D18 (0x26813823) sd x8, 0x270(x2)                         common_Mentry+4
mem[W,0x0000000080003270] <- 0x0000000000007F76

mem[X,0x0000000080000D1C] -> 0x3423
mem[X,0x0000000080000D1E] -> 0x2671
[691] [M]: 0x0000000080000D1C (0x26713423) sd x7, 0x268(x2)                         common_Mentry+8
mem[W,0x0000000080003268] <- 0x0000000080000938

clint mtime 0x000000000000015A (mip.MTI <- 0b1, mip.STI <- 0b0)
mem[X,0x0000000080000D20] -> 0x3023
mem[X,0x0000000080000D22] -> 0x2661
[692] [M]: 0x0000000080000D20 (0x26613023) sd x6, 0x260(x2)                         common_Mentry+12
mem[W,0x0000000080003260] <- 0x0000000000000000

mem[X,0x0000000080000D24] -> 0x2573
mem[X,0x0000000080000D26] -> 0x3420
[693] [M]: 0x0000000080000D24 (0x34202573) csrrs x10, mcause, x0                    spcl_M2mmode_test+0
CSR mcause (0x342) -> 0x000000000000000B
x10 <- 0x000000000000000B

clint mtime 0x000000000000015B (mip.MTI <- 0b1, mip.STI <- 0b0)
mem[X,0x0000000080000D28] -> 0x04B7
mem[X,0x0000000080000D2A] -> 0x8000
[694] [M]: 0x0000000080000D28 (0x800004B7) lui x9, -0x80000                         spcl_M2mmode_test+4
x9 <- 0xFFFFFFFF80000000

mem[X,0x0000000080000D2C] -> 0x8493
mem[X,0x0000000080000D2E] -> 0x0004
[695] [M]: 0x0000000080000D2C (0x00048493) addi x9, x9, 0x0                         spcl_M2mmode_test+8
x9 <- 0xFFFFFFFF80000000

clint mtime 0x000000000000015C (mip.MTI <- 0b1, mip.STI <- 0b0)
mem[X,0x0000000080000D30] -> 0x9493
mem[X,0x0000000080000D32] -> 0x00B4
[696] [M]: 0x0000000080000D30 (0x00B49493) slli x9, x9, 0xb                         spcl_M2mmode_test+12
x9 <- 0xFFFFFC0000000000

mem[X,0x0000000080000D34] -> 0x8493
mem[X,0x0000000080000D36] -> 0x0004
[697] [M]: 0x0000000080000D34 (0x00048493) addi x9, x9, 0x0                         spcl_M2mmode_test+16
x9 <- 0xFFFFFC0000000000

clint mtime 0x000000000000015D (mip.MTI <- 0b1, mip.STI <- 0b0)
mem[X,0x0000000080000D38] -> 0x9493
mem[X,0x0000000080000D3A] -> 0x00B4
[698] [M]: 0x0000000080000D38 (0x00B49493) slli x9, x9, 0xb                         spcl_M2mmode_test+20
x9 <- 0xFFE0000000000000

mem[X,0x0000000080000D3C] -> 0x8493
mem[X,0x0000000080000D3E] -> 0x0034
[699] [M]: 0x0000000080000D3C (0x00348493) addi x9, x9, 0x3                         spcl_M2mmode_test+24
x9 <- 0xFFE0000000000003

clint mtime 0x000000000000015E (mip.MTI <- 0b1, mip.STI <- 0b0)
mem[X,0x0000000080000D40] -> 0x9493
mem[X,0x0000000080000D42] -> 0x00A4
[700] [M]: 0x0000000080000D40 (0x00A49493) slli x9, x9, 0xa                         spcl_M2mmode_test+28
x9 <- 0x8000000000000C00

mem[X,0x0000000080000D44] -> 0x8493
mem[X,0x0000000080000D46] -> 0x3FC4
[701] [M]: 0x0000000080000D44 (0x3FC48493) addi x9, x9, 0x3fc                       spcl_M2mmode_test+32
x9 <- 0x8000000000000FFC

clint mtime 0x000000000000015F (mip.MTI <- 0b1, mip.STI <- 0b0)
mem[X,0x0000000080000D48] -> 0xF4B3
mem[X,0x0000000080000D4A] -> 0x00A4
[702] [M]: 0x0000000080000D48 (0x00A4F4B3) and x9, x9, x10                          spcl_M2mmode_test+36
x9 <- 0x0000000000000008

mem[X,0x0000000080000D4C] -> 0x8493
mem[X,0x0000000080000D4E] -> 0xFF84
[703] [M]: 0x0000000080000D4C (0xFF848493) addi x9, x9, -0x8                        spcl_M2mmode_test+40
x9 <- 0x0000000000000000

clint mtime 0x0000000000000160 (mip.MTI <- 0b1, mip.STI <- 0b0)
mem[X,0x0000000080000D50] -> 0x9663
mem[X,0x0000000080000D52] -> 0x0004
[704] [M]: 0x0000000080000D50 (0x00049663) bne x9, x0, 0xc                          spcl_M2mmode_test+44

mem[X,0x0000000080000D54] -> 0x3383
mem[X,0x0000000080000D56] -> 0x2901
[705] [M]: 0x0000000080000D54 (0x29013383) ld x7, 0x290(x2)                         spcl_M2mmode_test+48
mem[R,0x0000000080003290] -> 0x0000000000000000
x7 <- 0x0000000000000000

clint mtime 0x0000000000000161 (mip.MTI <- 0b1, mip.STI <- 0b0)
mem[X,0x0000000080000D58] -> 0x8663
mem[X,0x0000000080000D5A] -> 0x6E03
[706] [M]: 0x0000000080000D58 (0x6E038663) beq x7, x0, 0x6ec                        spcl_M2mmode_test+52

mem[X,0x0000000080001444] -> 0x0493
mem[X,0x0000000080001446] -> 0xFF55
[707] [M]: 0x0000000080001444 (0xFF550493) addi x9, x10, -0xb                       rtn2mmode+0
x9 <- 0x0000000000000000

clint mtime 0x0000000000000162 (mip.MTI <- 0b1, mip.STI <- 0b0)
mem[X,0x0000000080001448] -> 0x8C63
mem[X,0x000000008000144A] -> 0x0004
[708] [M]: 0x0000000080001448 (0x00048C63) beq x9, x0, 0x18                         rtn2mmode+4

mem[X,0x0000000080001460] -> 0x23F3
mem[X,0x0000000080001462] -> 0x3410
[709] [M]: 0x0000000080001460 (0x341023F3) csrrs x7, mepc, x0                       rtn_fm_mmode+0
CSR mepc (0x341) -> 0x0000000080000964
x7 <- 0x0000000080000964

clint mtime 0x0000000000000163 (mip.MTI <- 0b1, mip.STI <- 0b0)
mem[X,0x0000000080001464] -> 0x83B3
mem[X,0x0000000080001466] -> 0x0093
[710] [M]: 0x0000000080001464 (0x009383B3) add x7, x7, x9                           rtn_fm_mmode+4
x7 <- 0x0000000080000964

mem[X,0x0000000080001468] -> 0x3303
mem[X,0x000000008000146A] -> 0x2601
[711] [M]: 0x0000000080001468 (0x26013303) ld x6, 0x260(x2)                         rtn_fm_mmode+8
mem[R,0x0000000080003260] -> 0x0000000000000000
x6 <- 0x0000000000000000

clint mtime 0x0000000000000164 (mip.MTI <- 0b1, mip.STI <- 0b0)
mem[X,0x000000008000146C] -> 0x3403
mem[X,0x000000008000146E] -> 0x2701
[712] [M]: 0x000000008000146C (0x27013403) ld x8, 0x270(x2)                         rtn_fm_mmode+12
mem[R,0x0000000080003270] -> 0x0000000000007F76
x8 <- 0x0000000000007F76

mem[X,0x0000000080001470] -> 0x3483
mem[X,0x0000000080001472] -> 0x2781
[713] [M]: 0x0000000080001470 (0x27813483) ld x9, 0x278(x2)                         rtn_fm_mmode+16
mem[R,0x0000000080003278] -> 0x00000000800008D8
x9 <- 0x00000000800008D8

clint mtime 0x0000000000000165 (mip.MTI <- 0b1, mip.STI <- 0b0)
mem[X,0x0000000080001474] -> 0x3503
mem[X,0x0000000080001476] -> 0x2801
[714] [M]: 0x0000000080001474 (0x28013503) ld x10, 0x280(x2)                        rtn_fm_mmode+20
mem[R,0x0000000080003280] -> 0x0000000000000001
x10 <- 0x0000000000000001

mem[X,0x0000000080001478] -> 0x3583
mem[X,0x000000008000147A] -> 0x2881
[715] [M]: 0x0000000080001478 (0x28813583) ld x11, 0x288(x2)                        rtn_fm_mmode+24
mem[R,0x0000000080003288] -> 0x0000000000000000
x11 <- 0x0000000000000000

clint mtime 0x0000000000000166 (mip.MTI <- 0b1, mip.STI <- 0b0)
mem[X,0x000000008000147C] -> 0x3103
mem[X,0x000000008000147E] -> 0x2901
[716] [M]: 0x000000008000147C (0x29013103) ld x2, 0x290(x2)                         rtn_fm_mmode+28
mem[R,0x0000000080003290] -> 0x0000000000000000
x2 <- 0x0000000000000000

mem[X,0x0000000080001480] -> 0x8067
mem[X,0x0000000080001482] -> 0x0043
[717] [M]: 0x0000000080001480 (0x00438067) jalr x0, 0x4(x7)                         rtn_fm_mmode+32

clint mtime 0x0000000000000167 (mip.MTI <- 0b1, mip.STI <- 0b0)
mem[X,0x0000000080000968] -> 0x029B
mem[X,0x000000008000096A] -> 0xFF90
[718] [M]: 0x0000000080000968 (0xFF90029B) addiw x5, x0, -0x7                       main+360
x5 <- 0xFFFFFFFFFFFFFFF9

mem[X,0x000000008000096C] -> 0x9293
mem[X,0x000000008000096E] -> 0x03C2
[719] [M]: 0x000000008000096C (0x03C29293) slli x5, x5, 0x3c                        main+364
x5 <- 0x9000000000000000

clint mtime 0x0000000000000168 (mip.MTI <- 0b1, mip.STI <- 0b0)
mem[X,0x0000000080000970] -> 0x8E13
mem[X,0x0000000080000972] -> 0x0002
[720] [M]: 0x0000000080000970 (0x00028E13) addi x28, x5, 0x0                        main+368
x28 <- 0x9000000000000000

mem[X,0x0000000080000974] -> 0x1073
mem[X,0x0000000080000976] -> 0x180E
[721] [M]: 0x0000000080000974 (0x180E1073) csrrw x0, satp, x28                      main+372
CSR satp (0x180) <- 0x9000000000000000

clint mtime 0x0000000000000169 (mip.MTI <- 0b1, mip.STI <- 0b0)
mem[X,0x0000000080000978] -> 0x23F3
mem[X,0x000000008000097A] -> 0x1800
[722] [M]: 0x0000000080000978 (0x180023F3) csrrs x7, satp, x0                       main+376
CSR satp (0x180) -> 0x9000000000000000
x7 <- 0x9000000000000000

mem[X,0x000000008000097C] -> 0xB823
mem[X,0x000000008000097E] -> 0x0476
[723] [M]: 0x000000008000097C (0x0476B823) sd x7, 0x50(x13)                         main+380
mem[W,0x0000000080008168] <- 0x9000000000000000

clint mtime 0x000000000000016A (mip.MTI <- 0b1, mip.STI <- 0b0)
mem[X,0x0000000080000980] -> 0x0313
mem[X,0x0000000080000982] -> 0x0010
[724] [M]: 0x0000000080000980 (0x00100313) addi x6, x0, 0x1                         main+384
x6 <- 0x0000000000000001

mem[X,0x0000000080000984] -> 0x0E93
mem[X,0x0000000080000986] -> 0x02C0
[725] [M]: 0x0000000080000984 (0x02C00E93) addi x29, x0, 0x2c                       main+388
x29 <- 0x000000000000002C

clint mtime 0x000000000000016B (mip.MTI <- 0b1, mip.STI <- 0b0)
mem[X,0x0000000080000988] -> 0xEE33
mem[X,0x000000008000098A] -> 0x0062
[726] [M]: 0x0000000080000988 (0x0062EE33) or x28, x5, x6                           loop_walking+0
x28 <- 0x9000000000000001

mem[X,0x000000008000098C] -> 0x1073
mem[X,0x000000008000098E] -> 0x180E
[727] [M]: 0x000000008000098C (0x180E1073) csrrw x0, satp, x28                      loop_walking+4
CSR satp (0x180) <- 0x9000000000000001

clint mtime 0x000000000000016C (mip.MTI <- 0b1, mip.STI <- 0b0)
mem[X,0x0000000080000990] -> 0x23F3
mem[X,0x0000000080000992] -> 0x1800
[728] [M]: 0x0000000080000990 (0x180023F3) csrrs x7, satp, x0                       loop_walking+8
CSR satp (0x180) -> 0x9000000000000001
x7 <- 0x9000000000000001

mem[X,0x0000000080000994] -> 0xBC23
mem[X,0x0000000080000996] -> 0x0476
[729] [M]: 0x0000000080000994 (0x0476BC23) sd x7, 0x58(x13)                         loop_walking+12
mem[W,0x0000000080008170] <- 0x9000000000000001

clint mtime 0x000000000000016D (mip.MTI <- 0b1, mip.STI <- 0b0)
mem[X,0x0000000080000998] -> 0x1313
mem[X,0x000000008000099A] -> 0x0013
[730] [M]: 0x0000000080000998 (0x00131313) slli x6, x6, 0x1                         loop_walking+16
x6 <- 0x0000000000000002

mem[X,0x000000008000099C] -> 0x8E93
mem[X,0x000000008000099E] -> 0xFFFE
[731] [M]: 0x000000008000099C (0xFFFE8E93) addi x29, x29, -0x1                      loop_walking+20
x29 <- 0x000000000000002B

clint mtime 0x000000000000016E (mip.MTI <- 0b1, mip.STI <- 0b0)
mem[X,0x00000000800009A0] -> 0x94E3
mem[X,0x00000000800009A2] -> 0xFE0E
[732] [M]: 0x00000000800009A0 (0xFE0E94E3) bne x29, x0, -0x18                       loop_walking+24

mem[X,0x0000000080000988] -> 0xEE33
mem[X,0x000000008000098A] -> 0x0062
[733] [M]: 0x0000000080000988 (0x0062EE33) or x28, x5, x6                           loop_walking+0
x28 <- 0x9000000000000002

clint mtime 0x000000000000016F (mip.MTI <- 0b1, mip.STI <- 0b0)
mem[X,0x000000008000098C] -> 0x1073
mem[X,0x000000008000098E] -> 0x180E
[734] [M]: 0x000000008000098C (0x180E1073) csrrw x0, satp, x28                      loop_walking+4
CSR satp (0x180) <- 0x9000000000000002

mem[X,0x0000000080000990] -> 0x23F3
mem[X,0x0000000080000992] -> 0x1800
[735] [M]: 0x0000000080000990 (0x180023F3) csrrs x7, satp, x0                       loop_walking+8
CSR satp (0x180) -> 0x9000000000000002
x7 <- 0x9000000000000002

clint mtime 0x0000000000000170 (mip.MTI <- 0b1, mip.STI <- 0b0)
mem[X,0x0000000080000994] -> 0xBC23
mem[X,0x0000000080000996] -> 0x0476
[736] [M]: 0x0000000080000994 (0x0476BC23) sd x7, 0x58(x13)                         loop_walking+12
mem[W,0x0000000080008170] <- 0x9000000000000002

mem[X,0x0000000080000998] -> 0x1313
mem[X,0x000000008000099A] -> 0x0013
[737] [M]: 0x0000000080000998 (0x00131313) slli x6, x6, 0x1                         loop_walking+16
x6 <- 0x0000000000000004

clint mtime 0x0000000000000171 (mip.MTI <- 0b1, mip.STI <- 0b0)
mem[X,0x000000008000099C] -> 0x8E93
mem[X,0x000000008000099E] -> 0xFFFE
[738] [M]: 0x000000008000099C (0xFFFE8E93) addi x29, x29, -0x1                      loop_walking+20
x29 <- 0x000000000000002A

mem[X,0x00000000800009A0] -> 0x94E3
mem[X,0x00000000800009A2] -> 0xFE0E
[739] [M]: 0x00000000800009A0 (0xFE0E94E3) bne x29, x0, -0x18                       loop_walking+24

clint mtime 0x0000000000000172 (mip.MTI <- 0b1, mip.STI <- 0b0)
mem[X,0x0000000080000988] -> 0xEE33
mem[X,0x000000008000098A] -> 0x0062
[740] [M]: 0x0000000080000988 (0x0062EE33) or x28, x5, x6                           loop_walking+0
x28 <- 0x9000000000000004

mem[X,0x000000008000098C] -> 0x1073
mem[X,0x000000008000098E] -> 0x180E
[741] [M]: 0x000000008000098C (0x180E1073) csrrw x0, satp, x28                      loop_walking+4
CSR satp (0x180) <- 0x9000000000000004

clint mtime 0x0000000000000173 (mip.MTI <- 0b1, mip.STI <- 0b0)
mem[X,0x0000000080000990] -> 0x23F3
mem[X,0x0000000080000992] -> 0x1800
[742] [M]: 0x0000000080000990 (0x180023F3) csrrs x7, satp, x0                       loop_walking+8
CSR satp (0x180) -> 0x9000000000000004
x7 <- 0x9000000000000004

mem[X,0x0000000080000994] -> 0xBC23
mem[X,0x0000000080000996] -> 0x0476
[743] [M]: 0x0000000080000994 (0x0476BC23) sd x7, 0x58(x13)                         loop_walking+12
mem[W,0x0000000080008170] <- 0x9000000000000004

clint mtime 0x0000000000000174 (mip.MTI <- 0b1, mip.STI <- 0b0)
mem[X,0x0000000080000998] -> 0x1313
mem[X,0x000000008000099A] -> 0x0013
[744] [M]: 0x0000000080000998 (0x00131313) slli x6, x6, 0x1                         loop_walking+16
x6 <- 0x0000000000000008

mem[X,0x000000008000099C] -> 0x8E93
mem[X,0x000000008000099E] -> 0xFFFE
[745] [M]: 0x000000008000099C (0xFFFE8E93) addi x29, x29, -0x1                      loop_walking+20
x29 <- 0x0000000000000029

clint mtime 0x0000000000000175 (mip.MTI <- 0b1, mip.STI <- 0b0)
mem[X,0x00000000800009A0] -> 0x94E3
mem[X,0x00000000800009A2] -> 0xFE0E
[746] [M]: 0x00000000800009A0 (0xFE0E94E3) bne x29, x0, -0x18                       loop_walking+24

mem[X,0x0000000080000988] -> 0xEE33
mem[X,0x000000008000098A] -> 0x0062
[747] [M]: 0x0000000080000988 (0x0062EE33) or x28, x5, x6                           loop_walking+0
x28 <- 0x9000000000000008

clint mtime 0x0000000000000176 (mip.MTI <- 0b1, mip.STI <- 0b0)
mem[X,0x000000008000098C] -> 0x1073
mem[X,0x000000008000098E] -> 0x180E
[748] [M]: 0x000000008000098C (0x180E1073) csrrw x0, satp, x28                      loop_walking+4
CSR satp (0x180) <- 0x9000000000000008

mem[X,0x0000000080000990] -> 0x23F3
mem[X,0x0000000080000992] -> 0x1800
[749] [M]: 0x0000000080000990 (0x180023F3) csrrs x7, satp, x0                       loop_walking+8
CSR satp (0x180) -> 0x9000000000000008
x7 <- 0x9000000000000008

clint mtime 0x0000000000000177 (mip.MTI <- 0b1, mip.STI <- 0b0)
mem[X,0x0000000080000994] -> 0xBC23
mem[X,0x0000000080000996] -> 0x0476
[750] [M]: 0x0000000080000994 (0x0476BC23) sd x7, 0x58(x13)                         loop_walking+12
mem[W,0x0000000080008170] <- 0x9000000000000008

mem[X,0x0000000080000998] -> 0x1313
mem[X,0x000000008000099A] -> 0x0013
[751] [M]: 0x0000000080000998 (0x00131313) slli x6, x6, 0x1                         loop_walking+16
x6 <- 0x0000000000000010

clint mtime 0x0000000000000178 (mip.MTI <- 0b1, mip.STI <- 0b0)
mem[X,0x000000008000099C] -> 0x8E93
mem[X,0x000000008000099E] -> 0xFFFE
[752] [M]: 0x000000008000099C (0xFFFE8E93) addi x29, x29, -0x1                      loop_walking+20
x29 <- 0x0000000000000028

mem[X,0x00000000800009A0] -> 0x94E3
mem[X,0x00000000800009A2] -> 0xFE0E
[753] [M]: 0x00000000800009A0 (0xFE0E94E3) bne x29, x0, -0x18                       loop_walking+24

clint mtime 0x0000000000000179 (mip.MTI <- 0b1, mip.STI <- 0b0)
mem[X,0x0000000080000988] -> 0xEE33
mem[X,0x000000008000098A] -> 0x0062
[754] [M]: 0x0000000080000988 (0x0062EE33) or x28, x5, x6                           loop_walking+0
x28 <- 0x9000000000000010

mem[X,0x000000008000098C] -> 0x1073
mem[X,0x000000008000098E] -> 0x180E
[755] [M]: 0x000000008000098C (0x180E1073) csrrw x0, satp, x28                      loop_walking+4
CSR satp (0x180) <- 0x9000000000000010

clint mtime 0x000000000000017A (mip.MTI <- 0b1, mip.STI <- 0b0)
mem[X,0x0000000080000990] -> 0x23F3
mem[X,0x0000000080000992] -> 0x1800
[756] [M]: 0x0000000080000990 (0x180023F3) csrrs x7, satp, x0                       loop_walking+8
CSR satp (0x180) -> 0x9000000000000010
x7 <- 0x9000000000000010

mem[X,0x0000000080000994] -> 0xBC23
mem[X,0x0000000080000996] -> 0x0476
[757] [M]: 0x0000000080000994 (0x0476BC23) sd x7, 0x58(x13)                         loop_walking+12
mem[W,0x0000000080008170] <- 0x9000000000000010

clint mtime 0x000000000000017B (mip.MTI <- 0b1, mip.STI <- 0b0)
mem[X,0x0000000080000998] -> 0x1313
mem[X,0x000000008000099A] -> 0x0013
[758] [M]: 0x0000000080000998 (0x00131313) slli x6, x6, 0x1                         loop_walking+16
x6 <- 0x0000000000000020

mem[X,0x000000008000099C] -> 0x8E93
mem[X,0x000000008000099E] -> 0xFFFE
[759] [M]: 0x000000008000099C (0xFFFE8E93) addi x29, x29, -0x1                      loop_walking+20
x29 <- 0x0000000000000027

clint mtime 0x000000000000017C (mip.MTI <- 0b1, mip.STI <- 0b0)
mem[X,0x00000000800009A0] -> 0x94E3
mem[X,0x00000000800009A2] -> 0xFE0E
[760] [M]: 0x00000000800009A0 (0xFE0E94E3) bne x29, x0, -0x18                       loop_walking+24

mem[X,0x0000000080000988] -> 0xEE33
mem[X,0x000000008000098A] -> 0x0062
[761] [M]: 0x0000000080000988 (0x0062EE33) or x28, x5, x6                           loop_walking+0
x28 <- 0x9000000000000020

clint mtime 0x000000000000017D (mip.MTI <- 0b1, mip.STI <- 0b0)
mem[X,0x000000008000098C] -> 0x1073
mem[X,0x000000008000098E] -> 0x180E
[762] [M]: 0x000000008000098C (0x180E1073) csrrw x0, satp, x28                      loop_walking+4
CSR satp (0x180) <- 0x9000000000000020

mem[X,0x0000000080000990] -> 0x23F3
mem[X,0x0000000080000992] -> 0x1800
[763] [M]: 0x0000000080000990 (0x180023F3) csrrs x7, satp, x0                       loop_walking+8
CSR satp (0x180) -> 0x9000000000000020
x7 <- 0x9000000000000020

clint mtime 0x000000000000017E (mip.MTI <- 0b1, mip.STI <- 0b0)
mem[X,0x0000000080000994] -> 0xBC23
mem[X,0x0000000080000996] -> 0x0476
[764] [M]: 0x0000000080000994 (0x0476BC23) sd x7, 0x58(x13)                         loop_walking+12
mem[W,0x0000000080008170] <- 0x9000000000000020

mem[X,0x0000000080000998] -> 0x1313
mem[X,0x000000008000099A] -> 0x0013
[765] [M]: 0x0000000080000998 (0x00131313) slli x6, x6, 0x1                         loop_walking+16
x6 <- 0x0000000000000040

clint mtime 0x000000000000017F (mip.MTI <- 0b1, mip.STI <- 0b0)
mem[X,0x000000008000099C] -> 0x8E93
mem[X,0x000000008000099E] -> 0xFFFE
[766] [M]: 0x000000008000099C (0xFFFE8E93) addi x29, x29, -0x1                      loop_walking+20
x29 <- 0x0000000000000026

mem[X,0x00000000800009A0] -> 0x94E3
mem[X,0x00000000800009A2] -> 0xFE0E
[767] [M]: 0x00000000800009A0 (0xFE0E94E3) bne x29, x0, -0x18                       loop_walking+24

clint mtime 0x0000000000000180 (mip.MTI <- 0b1, mip.STI <- 0b0)
mem[X,0x0000000080000988] -> 0xEE33
mem[X,0x000000008000098A] -> 0x0062
[768] [M]: 0x0000000080000988 (0x0062EE33) or x28, x5, x6                           loop_walking+0
x28 <- 0x9000000000000040

mem[X,0x000000008000098C] -> 0x1073
mem[X,0x000000008000098E] -> 0x180E
[769] [M]: 0x000000008000098C (0x180E1073) csrrw x0, satp, x28                      loop_walking+4
CSR satp (0x180) <- 0x9000000000000040

clint mtime 0x0000000000000181 (mip.MTI <- 0b1, mip.STI <- 0b0)
mem[X,0x0000000080000990] -> 0x23F3
mem[X,0x0000000080000992] -> 0x1800
[770] [M]: 0x0000000080000990 (0x180023F3) csrrs x7, satp, x0                       loop_walking+8
CSR satp (0x180) -> 0x9000000000000040
x7 <- 0x9000000000000040

mem[X,0x0000000080000994] -> 0xBC23
mem[X,0x0000000080000996] -> 0x0476
[771] [M]: 0x0000000080000994 (0x0476BC23) sd x7, 0x58(x13)                         loop_walking+12
mem[W,0x0000000080008170] <- 0x9000000000000040

clint mtime 0x0000000000000182 (mip.MTI <- 0b1, mip.STI <- 0b0)
mem[X,0x0000000080000998] -> 0x1313
mem[X,0x000000008000099A] -> 0x0013
[772] [M]: 0x0000000080000998 (0x00131313) slli x6, x6, 0x1                         loop_walking+16
x6 <- 0x0000000000000080

mem[X,0x000000008000099C] -> 0x8E93
mem[X,0x000000008000099E] -> 0xFFFE
[773] [M]: 0x000000008000099C (0xFFFE8E93) addi x29, x29, -0x1                      loop_walking+20
x29 <- 0x0000000000000025

clint mtime 0x0000000000000183 (mip.MTI <- 0b1, mip.STI <- 0b0)
mem[X,0x00000000800009A0] -> 0x94E3
mem[X,0x00000000800009A2] -> 0xFE0E
[774] [M]: 0x00000000800009A0 (0xFE0E94E3) bne x29, x0, -0x18                       loop_walking+24

mem[X,0x0000000080000988] -> 0xEE33
mem[X,0x000000008000098A] -> 0x0062
[775] [M]: 0x0000000080000988 (0x0062EE33) or x28, x5, x6                           loop_walking+0
x28 <- 0x9000000000000080

clint mtime 0x0000000000000184 (mip.MTI <- 0b1, mip.STI <- 0b0)
mem[X,0x000000008000098C] -> 0x1073
mem[X,0x000000008000098E] -> 0x180E
[776] [M]: 0x000000008000098C (0x180E1073) csrrw x0, satp, x28                      loop_walking+4
CSR satp (0x180) <- 0x9000000000000080

mem[X,0x0000000080000990] -> 0x23F3
mem[X,0x0000000080000992] -> 0x1800
[777] [M]: 0x0000000080000990 (0x180023F3) csrrs x7, satp, x0                       loop_walking+8
CSR satp (0x180) -> 0x9000000000000080
x7 <- 0x9000000000000080

clint mtime 0x0000000000000185 (mip.MTI <- 0b1, mip.STI <- 0b0)
mem[X,0x0000000080000994] -> 0xBC23
mem[X,0x0000000080000996] -> 0x0476
[778] [M]: 0x0000000080000994 (0x0476BC23) sd x7, 0x58(x13)                         loop_walking+12
mem[W,0x0000000080008170] <- 0x9000000000000080

mem[X,0x0000000080000998] -> 0x1313
mem[X,0x000000008000099A] -> 0x0013
[779] [M]: 0x0000000080000998 (0x00131313) slli x6, x6, 0x1                         loop_walking+16
x6 <- 0x0000000000000100

clint mtime 0x0000000000000186 (mip.MTI <- 0b1, mip.STI <- 0b0)
mem[X,0x000000008000099C] -> 0x8E93
mem[X,0x000000008000099E] -> 0xFFFE
[780] [M]: 0x000000008000099C (0xFFFE8E93) addi x29, x29, -0x1                      loop_walking+20
x29 <- 0x0000000000000024

mem[X,0x00000000800009A0] -> 0x94E3
mem[X,0x00000000800009A2] -> 0xFE0E
[781] [M]: 0x00000000800009A0 (0xFE0E94E3) bne x29, x0, -0x18                       loop_walking+24

clint mtime 0x0000000000000187 (mip.MTI <- 0b1, mip.STI <- 0b0)
mem[X,0x0000000080000988] -> 0xEE33
mem[X,0x000000008000098A] -> 0x0062
[782] [M]: 0x0000000080000988 (0x0062EE33) or x28, x5, x6                           loop_walking+0
x28 <- 0x9000000000000100

mem[X,0x000000008000098C] -> 0x1073
mem[X,0x000000008000098E] -> 0x180E
[783] [M]: 0x000000008000098C (0x180E1073) csrrw x0, satp, x28                      loop_walking+4
CSR satp (0x180) <- 0x9000000000000100

clint mtime 0x0000000000000188 (mip.MTI <- 0b1, mip.STI <- 0b0)
mem[X,0x0000000080000990] -> 0x23F3
mem[X,0x0000000080000992] -> 0x1800
[784] [M]: 0x0000000080000990 (0x180023F3) csrrs x7, satp, x0                       loop_walking+8
CSR satp (0x180) -> 0x9000000000000100
x7 <- 0x9000000000000100

mem[X,0x0000000080000994] -> 0xBC23
mem[X,0x0000000080000996] -> 0x0476
[785] [M]: 0x0000000080000994 (0x0476BC23) sd x7, 0x58(x13)                         loop_walking+12
mem[W,0x0000000080008170] <- 0x9000000000000100

clint mtime 0x0000000000000189 (mip.MTI <- 0b1, mip.STI <- 0b0)
mem[X,0x0000000080000998] -> 0x1313
mem[X,0x000000008000099A] -> 0x0013
[786] [M]: 0x0000000080000998 (0x00131313) slli x6, x6, 0x1                         loop_walking+16
x6 <- 0x0000000000000200

mem[X,0x000000008000099C] -> 0x8E93
mem[X,0x000000008000099E] -> 0xFFFE
[787] [M]: 0x000000008000099C (0xFFFE8E93) addi x29, x29, -0x1                      loop_walking+20
x29 <- 0x0000000000000023

clint mtime 0x000000000000018A (mip.MTI <- 0b1, mip.STI <- 0b0)
mem[X,0x00000000800009A0] -> 0x94E3
mem[X,0x00000000800009A2] -> 0xFE0E
[788] [M]: 0x00000000800009A0 (0xFE0E94E3) bne x29, x0, -0x18                       loop_walking+24

mem[X,0x0000000080000988] -> 0xEE33
mem[X,0x000000008000098A] -> 0x0062
[789] [M]: 0x0000000080000988 (0x0062EE33) or x28, x5, x6                           loop_walking+0
x28 <- 0x9000000000000200

clint mtime 0x000000000000018B (mip.MTI <- 0b1, mip.STI <- 0b0)
mem[X,0x000000008000098C] -> 0x1073
mem[X,0x000000008000098E] -> 0x180E
[790] [M]: 0x000000008000098C (0x180E1073) csrrw x0, satp, x28                      loop_walking+4
CSR satp (0x180) <- 0x9000000000000200

mem[X,0x0000000080000990] -> 0x23F3
mem[X,0x0000000080000992] -> 0x1800
[791] [M]: 0x0000000080000990 (0x180023F3) csrrs x7, satp, x0                       loop_walking+8
CSR satp (0x180) -> 0x9000000000000200
x7 <- 0x9000000000000200

clint mtime 0x000000000000018C (mip.MTI <- 0b1, mip.STI <- 0b0)
mem[X,0x0000000080000994] -> 0xBC23
mem[X,0x0000000080000996] -> 0x0476
[792] [M]: 0x0000000080000994 (0x0476BC23) sd x7, 0x58(x13)                         loop_walking+12
mem[W,0x0000000080008170] <- 0x9000000000000200

mem[X,0x0000000080000998] -> 0x1313
mem[X,0x000000008000099A] -> 0x0013
[793] [M]: 0x0000000080000998 (0x00131313) slli x6, x6, 0x1                         loop_walking+16
x6 <- 0x0000000000000400

clint mtime 0x000000000000018D (mip.MTI <- 0b1, mip.STI <- 0b0)
mem[X,0x000000008000099C] -> 0x8E93
mem[X,0x000000008000099E] -> 0xFFFE
[794] [M]: 0x000000008000099C (0xFFFE8E93) addi x29, x29, -0x1                      loop_walking+20
x29 <- 0x0000000000000022

mem[X,0x00000000800009A0] -> 0x94E3
mem[X,0x00000000800009A2] -> 0xFE0E
[795] [M]: 0x00000000800009A0 (0xFE0E94E3) bne x29, x0, -0x18                       loop_walking+24

clint mtime 0x000000000000018E (mip.MTI <- 0b1, mip.STI <- 0b0)
mem[X,0x0000000080000988] -> 0xEE33
mem[X,0x000000008000098A] -> 0x0062
[796] [M]: 0x0000000080000988 (0x0062EE33) or x28, x5, x6                           loop_walking+0
x28 <- 0x9000000000000400

mem[X,0x000000008000098C] -> 0x1073
mem[X,0x000000008000098E] -> 0x180E
[797] [M]: 0x000000008000098C (0x180E1073) csrrw x0, satp, x28                      loop_walking+4
CSR satp (0x180) <- 0x9000000000000400

clint mtime 0x000000000000018F (mip.MTI <- 0b1, mip.STI <- 0b0)
mem[X,0x0000000080000990] -> 0x23F3
mem[X,0x0000000080000992] -> 0x1800
[798] [M]: 0x0000000080000990 (0x180023F3) csrrs x7, satp, x0                       loop_walking+8
CSR satp (0x180) -> 0x9000000000000400
x7 <- 0x9000000000000400

mem[X,0x0000000080000994] -> 0xBC23
mem[X,0x0000000080000996] -> 0x0476
[799] [M]: 0x0000000080000994 (0x0476BC23) sd x7, 0x58(x13)                         loop_walking+12
mem[W,0x0000000080008170] <- 0x9000000000000400

clint mtime 0x0000000000000190 (mip.MTI <- 0b1, mip.STI <- 0b0)
mem[X,0x0000000080000998] -> 0x1313
mem[X,0x000000008000099A] -> 0x0013
[800] [M]: 0x0000000080000998 (0x00131313) slli x6, x6, 0x1                         loop_walking+16
x6 <- 0x0000000000000800

mem[X,0x000000008000099C] -> 0x8E93
mem[X,0x000000008000099E] -> 0xFFFE
[801] [M]: 0x000000008000099C (0xFFFE8E93) addi x29, x29, -0x1                      loop_walking+20
x29 <- 0x0000000000000021

clint mtime 0x0000000000000191 (mip.MTI <- 0b1, mip.STI <- 0b0)
mem[X,0x00000000800009A0] -> 0x94E3
mem[X,0x00000000800009A2] -> 0xFE0E
[802] [M]: 0x00000000800009A0 (0xFE0E94E3) bne x29, x0, -0x18                       loop_walking+24

mem[X,0x0000000080000988] -> 0xEE33
mem[X,0x000000008000098A] -> 0x0062
[803] [M]: 0x0000000080000988 (0x0062EE33) or x28, x5, x6                           loop_walking+0
x28 <- 0x9000000000000800

clint mtime 0x0000000000000192 (mip.MTI <- 0b1, mip.STI <- 0b0)
mem[X,0x000000008000098C] -> 0x1073
mem[X,0x000000008000098E] -> 0x180E
[804] [M]: 0x000000008000098C (0x180E1073) csrrw x0, satp, x28                      loop_walking+4
CSR satp (0x180) <- 0x9000000000000800

mem[X,0x0000000080000990] -> 0x23F3
mem[X,0x0000000080000992] -> 0x1800
[805] [M]: 0x0000000080000990 (0x180023F3) csrrs x7, satp, x0                       loop_walking+8
CSR satp (0x180) -> 0x9000000000000800
x7 <- 0x9000000000000800

clint mtime 0x0000000000000193 (mip.MTI <- 0b1, mip.STI <- 0b0)
mem[X,0x0000000080000994] -> 0xBC23
mem[X,0x0000000080000996] -> 0x0476
[806] [M]: 0x0000000080000994 (0x0476BC23) sd x7, 0x58(x13)                         loop_walking+12
mem[W,0x0000000080008170] <- 0x9000000000000800

mem[X,0x0000000080000998] -> 0x1313
mem[X,0x000000008000099A] -> 0x0013
[807] [M]: 0x0000000080000998 (0x00131313) slli x6, x6, 0x1                         loop_walking+16
x6 <- 0x0000000000001000

clint mtime 0x0000000000000194 (mip.MTI <- 0b1, mip.STI <- 0b0)
mem[X,0x000000008000099C] -> 0x8E93
mem[X,0x000000008000099E] -> 0xFFFE
[808] [M]: 0x000000008000099C (0xFFFE8E93) addi x29, x29, -0x1                      loop_walking+20
x29 <- 0x0000000000000020

mem[X,0x00000000800009A0] -> 0x94E3
mem[X,0x00000000800009A2] -> 0xFE0E
[809] [M]: 0x00000000800009A0 (0xFE0E94E3) bne x29, x0, -0x18                       loop_walking+24

clint mtime 0x0000000000000195 (mip.MTI <- 0b1, mip.STI <- 0b0)
mem[X,0x0000000080000988] -> 0xEE33
mem[X,0x000000008000098A] -> 0x0062
[810] [M]: 0x0000000080000988 (0x0062EE33) or x28, x5, x6                           loop_walking+0
x28 <- 0x9000000000001000

mem[X,0x000000008000098C] -> 0x1073
mem[X,0x000000008000098E] -> 0x180E
[811] [M]: 0x000000008000098C (0x180E1073) csrrw x0, satp, x28                      loop_walking+4
CSR satp (0x180) <- 0x9000000000001000

clint mtime 0x0000000000000196 (mip.MTI <- 0b1, mip.STI <- 0b0)
mem[X,0x0000000080000990] -> 0x23F3
mem[X,0x0000000080000992] -> 0x1800
[812] [M]: 0x0000000080000990 (0x180023F3) csrrs x7, satp, x0                       loop_walking+8
CSR satp (0x180) -> 0x9000000000001000
x7 <- 0x9000000000001000

mem[X,0x0000000080000994] -> 0xBC23
mem[X,0x0000000080000996] -> 0x0476
[813] [M]: 0x0000000080000994 (0x0476BC23) sd x7, 0x58(x13)                         loop_walking+12
mem[W,0x0000000080008170] <- 0x9000000000001000

clint mtime 0x0000000000000197 (mip.MTI <- 0b1, mip.STI <- 0b0)
mem[X,0x0000000080000998] -> 0x1313
mem[X,0x000000008000099A] -> 0x0013
[814] [M]: 0x0000000080000998 (0x00131313) slli x6, x6, 0x1                         loop_walking+16
x6 <- 0x0000000000002000

mem[X,0x000000008000099C] -> 0x8E93
mem[X,0x000000008000099E] -> 0xFFFE
[815] [M]: 0x000000008000099C (0xFFFE8E93) addi x29, x29, -0x1                      loop_walking+20
x29 <- 0x000000000000001F

clint mtime 0x0000000000000198 (mip.MTI <- 0b1, mip.STI <- 0b0)
mem[X,0x00000000800009A0] -> 0x94E3
mem[X,0x00000000800009A2] -> 0xFE0E
[816] [M]: 0x00000000800009A0 (0xFE0E94E3) bne x29, x0, -0x18                       loop_walking+24

mem[X,0x0000000080000988] -> 0xEE33
mem[X,0x000000008000098A] -> 0x0062
[817] [M]: 0x0000000080000988 (0x0062EE33) or x28, x5, x6                           loop_walking+0
x28 <- 0x9000000000002000

clint mtime 0x0000000000000199 (mip.MTI <- 0b1, mip.STI <- 0b0)
mem[X,0x000000008000098C] -> 0x1073
mem[X,0x000000008000098E] -> 0x180E
[818] [M]: 0x000000008000098C (0x180E1073) csrrw x0, satp, x28                      loop_walking+4
CSR satp (0x180) <- 0x9000000000002000

mem[X,0x0000000080000990] -> 0x23F3
mem[X,0x0000000080000992] -> 0x1800
[819] [M]: 0x0000000080000990 (0x180023F3) csrrs x7, satp, x0                       loop_walking+8
CSR satp (0x180) -> 0x9000000000002000
x7 <- 0x9000000000002000

clint mtime 0x000000000000019A (mip.MTI <- 0b1, mip.STI <- 0b0)
mem[X,0x0000000080000994] -> 0xBC23
mem[X,0x0000000080000996] -> 0x0476
[820] [M]: 0x0000000080000994 (0x0476BC23) sd x7, 0x58(x13)                         loop_walking+12
mem[W,0x0000000080008170] <- 0x9000000000002000

mem[X,0x0000000080000998] -> 0x1313
mem[X,0x000000008000099A] -> 0x0013
[821] [M]: 0x0000000080000998 (0x00131313) slli x6, x6, 0x1                         loop_walking+16
x6 <- 0x0000000000004000

clint mtime 0x000000000000019B (mip.MTI <- 0b1, mip.STI <- 0b0)
mem[X,0x000000008000099C] -> 0x8E93
mem[X,0x000000008000099E] -> 0xFFFE
[822] [M]: 0x000000008000099C (0xFFFE8E93) addi x29, x29, -0x1                      loop_walking+20
x29 <- 0x000000000000001E

mem[X,0x00000000800009A0] -> 0x94E3
mem[X,0x00000000800009A2] -> 0xFE0E
[823] [M]: 0x00000000800009A0 (0xFE0E94E3) bne x29, x0, -0x18                       loop_walking+24

clint mtime 0x000000000000019C (mip.MTI <- 0b1, mip.STI <- 0b0)
mem[X,0x0000000080000988] -> 0xEE33
mem[X,0x000000008000098A] -> 0x0062
[824] [M]: 0x0000000080000988 (0x0062EE33) or x28, x5, x6                           loop_walking+0
x28 <- 0x9000000000004000

mem[X,0x000000008000098C] -> 0x1073
mem[X,0x000000008000098E] -> 0x180E
[825] [M]: 0x000000008000098C (0x180E1073) csrrw x0, satp, x28                      loop_walking+4
CSR satp (0x180) <- 0x9000000000004000

clint mtime 0x000000000000019D (mip.MTI <- 0b1, mip.STI <- 0b0)
mem[X,0x0000000080000990] -> 0x23F3
mem[X,0x0000000080000992] -> 0x1800
[826] [M]: 0x0000000080000990 (0x180023F3) csrrs x7, satp, x0                       loop_walking+8
CSR satp (0x180) -> 0x9000000000004000
x7 <- 0x9000000000004000

mem[X,0x0000000080000994] -> 0xBC23
mem[X,0x0000000080000996] -> 0x0476
[827] [M]: 0x0000000080000994 (0x0476BC23) sd x7, 0x58(x13)                         loop_walking+12
mem[W,0x0000000080008170] <- 0x9000000000004000

clint mtime 0x000000000000019E (mip.MTI <- 0b1, mip.STI <- 0b0)
mem[X,0x0000000080000998] -> 0x1313
mem[X,0x000000008000099A] -> 0x0013
[828] [M]: 0x0000000080000998 (0x00131313) slli x6, x6, 0x1                         loop_walking+16
x6 <- 0x0000000000008000

mem[X,0x000000008000099C] -> 0x8E93
mem[X,0x000000008000099E] -> 0xFFFE
[829] [M]: 0x000000008000099C (0xFFFE8E93) addi x29, x29, -0x1                      loop_walking+20
x29 <- 0x000000000000001D

clint mtime 0x000000000000019F (mip.MTI <- 0b1, mip.STI <- 0b0)
mem[X,0x00000000800009A0] -> 0x94E3
mem[X,0x00000000800009A2] -> 0xFE0E
[830] [M]: 0x00000000800009A0 (0xFE0E94E3) bne x29, x0, -0x18                       loop_walking+24

mem[X,0x0000000080000988] -> 0xEE33
mem[X,0x000000008000098A] -> 0x0062
[831] [M]: 0x0000000080000988 (0x0062EE33) or x28, x5, x6                           loop_walking+0
x28 <- 0x9000000000008000

clint mtime 0x00000000000001A0 (mip.MTI <- 0b1, mip.STI <- 0b0)
mem[X,0x000000008000098C] -> 0x1073
mem[X,0x000000008000098E] -> 0x180E
[832] [M]: 0x000000008000098C (0x180E1073) csrrw x0, satp, x28                      loop_walking+4
CSR satp (0x180) <- 0x9000000000008000

mem[X,0x0000000080000990] -> 0x23F3
mem[X,0x0000000080000992] -> 0x1800
[833] [M]: 0x0000000080000990 (0x180023F3) csrrs x7, satp, x0                       loop_walking+8
CSR satp (0x180) -> 0x9000000000008000
x7 <- 0x9000000000008000

clint mtime 0x00000000000001A1 (mip.MTI <- 0b1, mip.STI <- 0b0)
mem[X,0x0000000080000994] -> 0xBC23
mem[X,0x0000000080000996] -> 0x0476
[834] [M]: 0x0000000080000994 (0x0476BC23) sd x7, 0x58(x13)                         loop_walking+12
mem[W,0x0000000080008170] <- 0x9000000000008000

mem[X,0x0000000080000998] -> 0x1313
mem[X,0x000000008000099A] -> 0x0013
[835] [M]: 0x0000000080000998 (0x00131313) slli x6, x6, 0x1                         loop_walking+16
x6 <- 0x0000000000010000

clint mtime 0x00000000000001A2 (mip.MTI <- 0b1, mip.STI <- 0b0)
mem[X,0x000000008000099C] -> 0x8E93
mem[X,0x000000008000099E] -> 0xFFFE
[836] [M]: 0x000000008000099C (0xFFFE8E93) addi x29, x29, -0x1                      loop_walking+20
x29 <- 0x000000000000001C

mem[X,0x00000000800009A0] -> 0x94E3
mem[X,0x00000000800009A2] -> 0xFE0E
[837] [M]: 0x00000000800009A0 (0xFE0E94E3) bne x29, x0, -0x18                       loop_walking+24

clint mtime 0x00000000000001A3 (mip.MTI <- 0b1, mip.STI <- 0b0)
mem[X,0x0000000080000988] -> 0xEE33
mem[X,0x000000008000098A] -> 0x0062
[838] [M]: 0x0000000080000988 (0x0062EE33) or x28, x5, x6                           loop_walking+0
x28 <- 0x9000000000010000

mem[X,0x000000008000098C] -> 0x1073
mem[X,0x000000008000098E] -> 0x180E
[839] [M]: 0x000000008000098C (0x180E1073) csrrw x0, satp, x28                      loop_walking+4
CSR satp (0x180) <- 0x9000000000010000

clint mtime 0x00000000000001A4 (mip.MTI <- 0b1, mip.STI <- 0b0)
mem[X,0x0000000080000990] -> 0x23F3
mem[X,0x0000000080000992] -> 0x1800
[840] [M]: 0x0000000080000990 (0x180023F3) csrrs x7, satp, x0                       loop_walking+8
CSR satp (0x180) -> 0x9000000000010000
x7 <- 0x9000000000010000

mem[X,0x0000000080000994] -> 0xBC23
mem[X,0x0000000080000996] -> 0x0476
[841] [M]: 0x0000000080000994 (0x0476BC23) sd x7, 0x58(x13)                         loop_walking+12
mem[W,0x0000000080008170] <- 0x9000000000010000

clint mtime 0x00000000000001A5 (mip.MTI <- 0b1, mip.STI <- 0b0)
mem[X,0x0000000080000998] -> 0x1313
mem[X,0x000000008000099A] -> 0x0013
[842] [M]: 0x0000000080000998 (0x00131313) slli x6, x6, 0x1                         loop_walking+16
x6 <- 0x0000000000020000

mem[X,0x000000008000099C] -> 0x8E93
mem[X,0x000000008000099E] -> 0xFFFE
[843] [M]: 0x000000008000099C (0xFFFE8E93) addi x29, x29, -0x1                      loop_walking+20
x29 <- 0x000000000000001B

clint mtime 0x00000000000001A6 (mip.MTI <- 0b1, mip.STI <- 0b0)
mem[X,0x00000000800009A0] -> 0x94E3
mem[X,0x00000000800009A2] -> 0xFE0E
[844] [M]: 0x00000000800009A0 (0xFE0E94E3) bne x29, x0, -0x18                       loop_walking+24

mem[X,0x0000000080000988] -> 0xEE33
mem[X,0x000000008000098A] -> 0x0062
[845] [M]: 0x0000000080000988 (0x0062EE33) or x28, x5, x6                           loop_walking+0
x28 <- 0x9000000000020000

clint mtime 0x00000000000001A7 (mip.MTI <- 0b1, mip.STI <- 0b0)
mem[X,0x000000008000098C] -> 0x1073
mem[X,0x000000008000098E] -> 0x180E
[846] [M]: 0x000000008000098C (0x180E1073) csrrw x0, satp, x28                      loop_walking+4
CSR satp (0x180) <- 0x9000000000020000

mem[X,0x0000000080000990] -> 0x23F3
mem[X,0x0000000080000992] -> 0x1800
[847] [M]: 0x0000000080000990 (0x180023F3) csrrs x7, satp, x0                       loop_walking+8
CSR satp (0x180) -> 0x9000000000020000
x7 <- 0x9000000000020000

clint mtime 0x00000000000001A8 (mip.MTI <- 0b1, mip.STI <- 0b0)
mem[X,0x0000000080000994] -> 0xBC23
mem[X,0x0000000080000996] -> 0x0476
[848] [M]: 0x0000000080000994 (0x0476BC23) sd x7, 0x58(x13)                         loop_walking+12
mem[W,0x0000000080008170] <- 0x9000000000020000

mem[X,0x0000000080000998] -> 0x1313
mem[X,0x000000008000099A] -> 0x0013
[849] [M]: 0x0000000080000998 (0x00131313) slli x6, x6, 0x1                         loop_walking+16
x6 <- 0x0000000000040000

clint mtime 0x00000000000001A9 (mip.MTI <- 0b1, mip.STI <- 0b0)
mem[X,0x000000008000099C] -> 0x8E93
mem[X,0x000000008000099E] -> 0xFFFE
[850] [M]: 0x000000008000099C (0xFFFE8E93) addi x29, x29, -0x1                      loop_walking+20
x29 <- 0x000000000000001A

mem[X,0x00000000800009A0] -> 0x94E3
mem[X,0x00000000800009A2] -> 0xFE0E
[851] [M]: 0x00000000800009A0 (0xFE0E94E3) bne x29, x0, -0x18                       loop_walking+24

clint mtime 0x00000000000001AA (mip.MTI <- 0b1, mip.STI <- 0b0)
mem[X,0x0000000080000988] -> 0xEE33
mem[X,0x000000008000098A] -> 0x0062
[852] [M]: 0x0000000080000988 (0x0062EE33) or x28, x5, x6                           loop_walking+0
x28 <- 0x9000000000040000

mem[X,0x000000008000098C] -> 0x1073
mem[X,0x000000008000098E] -> 0x180E
[853] [M]: 0x000000008000098C (0x180E1073) csrrw x0, satp, x28                      loop_walking+4
CSR satp (0x180) <- 0x9000000000040000

clint mtime 0x00000000000001AB (mip.MTI <- 0b1, mip.STI <- 0b0)
mem[X,0x0000000080000990] -> 0x23F3
mem[X,0x0000000080000992] -> 0x1800
[854] [M]: 0x0000000080000990 (0x180023F3) csrrs x7, satp, x0                       loop_walking+8
CSR satp (0x180) -> 0x9000000000040000
x7 <- 0x9000000000040000

mem[X,0x0000000080000994] -> 0xBC23
mem[X,0x0000000080000996] -> 0x0476
[855] [M]: 0x0000000080000994 (0x0476BC23) sd x7, 0x58(x13)                         loop_walking+12
mem[W,0x0000000080008170] <- 0x9000000000040000

clint mtime 0x00000000000001AC (mip.MTI <- 0b1, mip.STI <- 0b0)
mem[X,0x0000000080000998] -> 0x1313
mem[X,0x000000008000099A] -> 0x0013
[856] [M]: 0x0000000080000998 (0x00131313) slli x6, x6, 0x1                         loop_walking+16
x6 <- 0x0000000000080000

mem[X,0x000000008000099C] -> 0x8E93
mem[X,0x000000008000099E] -> 0xFFFE
[857] [M]: 0x000000008000099C (0xFFFE8E93) addi x29, x29, -0x1                      loop_walking+20
x29 <- 0x0000000000000019

clint mtime 0x00000000000001AD (mip.MTI <- 0b1, mip.STI <- 0b0)
mem[X,0x00000000800009A0] -> 0x94E3
mem[X,0x00000000800009A2] -> 0xFE0E
[858] [M]: 0x00000000800009A0 (0xFE0E94E3) bne x29, x0, -0x18                       loop_walking+24

mem[X,0x0000000080000988] -> 0xEE33
mem[X,0x000000008000098A] -> 0x0062
[859] [M]: 0x0000000080000988 (0x0062EE33) or x28, x5, x6                           loop_walking+0
x28 <- 0x9000000000080000

clint mtime 0x00000000000001AE (mip.MTI <- 0b1, mip.STI <- 0b0)
mem[X,0x000000008000098C] -> 0x1073
mem[X,0x000000008000098E] -> 0x180E
[860] [M]: 0x000000008000098C (0x180E1073) csrrw x0, satp, x28                      loop_walking+4
CSR satp (0x180) <- 0x9000000000080000

mem[X,0x0000000080000990] -> 0x23F3
mem[X,0x0000000080000992] -> 0x1800
[861] [M]: 0x0000000080000990 (0x180023F3) csrrs x7, satp, x0                       loop_walking+8
CSR satp (0x180) -> 0x9000000000080000
x7 <- 0x9000000000080000

clint mtime 0x00000000000001AF (mip.MTI <- 0b1, mip.STI <- 0b0)
mem[X,0x0000000080000994] -> 0xBC23
mem[X,0x0000000080000996] -> 0x0476
[862] [M]: 0x0000000080000994 (0x0476BC23) sd x7, 0x58(x13)                         loop_walking+12
mem[W,0x0000000080008170] <- 0x9000000000080000

mem[X,0x0000000080000998] -> 0x1313
mem[X,0x000000008000099A] -> 0x0013
[863] [M]: 0x0000000080000998 (0x00131313) slli x6, x6, 0x1                         loop_walking+16
x6 <- 0x0000000000100000

clint mtime 0x00000000000001B0 (mip.MTI <- 0b1, mip.STI <- 0b0)
mem[X,0x000000008000099C] -> 0x8E93
mem[X,0x000000008000099E] -> 0xFFFE
[864] [M]: 0x000000008000099C (0xFFFE8E93) addi x29, x29, -0x1                      loop_walking+20
x29 <- 0x0000000000000018

mem[X,0x00000000800009A0] -> 0x94E3
mem[X,0x00000000800009A2] -> 0xFE0E
[865] [M]: 0x00000000800009A0 (0xFE0E94E3) bne x29, x0, -0x18                       loop_walking+24

clint mtime 0x00000000000001B1 (mip.MTI <- 0b1, mip.STI <- 0b0)
mem[X,0x0000000080000988] -> 0xEE33
mem[X,0x000000008000098A] -> 0x0062
[866] [M]: 0x0000000080000988 (0x0062EE33) or x28, x5, x6                           loop_walking+0
x28 <- 0x9000000000100000

mem[X,0x000000008000098C] -> 0x1073
mem[X,0x000000008000098E] -> 0x180E
[867] [M]: 0x000000008000098C (0x180E1073) csrrw x0, satp, x28                      loop_walking+4
CSR satp (0x180) <- 0x9000000000100000

clint mtime 0x00000000000001B2 (mip.MTI <- 0b1, mip.STI <- 0b0)
mem[X,0x0000000080000990] -> 0x23F3
mem[X,0x0000000080000992] -> 0x1800
[868] [M]: 0x0000000080000990 (0x180023F3) csrrs x7, satp, x0                       loop_walking+8
CSR satp (0x180) -> 0x9000000000100000
x7 <- 0x9000000000100000

mem[X,0x0000000080000994] -> 0xBC23
mem[X,0x0000000080000996] -> 0x0476
[869] [M]: 0x0000000080000994 (0x0476BC23) sd x7, 0x58(x13)                         loop_walking+12
mem[W,0x0000000080008170] <- 0x9000000000100000

clint mtime 0x00000000000001B3 (mip.MTI <- 0b1, mip.STI <- 0b0)
mem[X,0x0000000080000998] -> 0x1313
mem[X,0x000000008000099A] -> 0x0013
[870] [M]: 0x0000000080000998 (0x00131313) slli x6, x6, 0x1                         loop_walking+16
x6 <- 0x0000000000200000

mem[X,0x000000008000099C] -> 0x8E93
mem[X,0x000000008000099E] -> 0xFFFE
[871] [M]: 0x000000008000099C (0xFFFE8E93) addi x29, x29, -0x1                      loop_walking+20
x29 <- 0x0000000000000017

clint mtime 0x00000000000001B4 (mip.MTI <- 0b1, mip.STI <- 0b0)
mem[X,0x00000000800009A0] -> 0x94E3
mem[X,0x00000000800009A2] -> 0xFE0E
[872] [M]: 0x00000000800009A0 (0xFE0E94E3) bne x29, x0, -0x18                       loop_walking+24

mem[X,0x0000000080000988] -> 0xEE33
mem[X,0x000000008000098A] -> 0x0062
[873] [M]: 0x0000000080000988 (0x0062EE33) or x28, x5, x6                           loop_walking+0
x28 <- 0x9000000000200000

clint mtime 0x00000000000001B5 (mip.MTI <- 0b1, mip.STI <- 0b0)
mem[X,0x000000008000098C] -> 0x1073
mem[X,0x000000008000098E] -> 0x180E
[874] [M]: 0x000000008000098C (0x180E1073) csrrw x0, satp, x28                      loop_walking+4
CSR satp (0x180) <- 0x9000000000200000

mem[X,0x0000000080000990] -> 0x23F3
mem[X,0x0000000080000992] -> 0x1800
[875] [M]: 0x0000000080000990 (0x180023F3) csrrs x7, satp, x0                       loop_walking+8
CSR satp (0x180) -> 0x9000000000200000
x7 <- 0x9000000000200000

clint mtime 0x00000000000001B6 (mip.MTI <- 0b1, mip.STI <- 0b0)
mem[X,0x0000000080000994] -> 0xBC23
mem[X,0x0000000080000996] -> 0x0476
[876] [M]: 0x0000000080000994 (0x0476BC23) sd x7, 0x58(x13)                         loop_walking+12
mem[W,0x0000000080008170] <- 0x9000000000200000

mem[X,0x0000000080000998] -> 0x1313
mem[X,0x000000008000099A] -> 0x0013
[877] [M]: 0x0000000080000998 (0x00131313) slli x6, x6, 0x1                         loop_walking+16
x6 <- 0x0000000000400000

clint mtime 0x00000000000001B7 (mip.MTI <- 0b1, mip.STI <- 0b0)
mem[X,0x000000008000099C] -> 0x8E93
mem[X,0x000000008000099E] -> 0xFFFE
[878] [M]: 0x000000008000099C (0xFFFE8E93) addi x29, x29, -0x1                      loop_walking+20
x29 <- 0x0000000000000016

mem[X,0x00000000800009A0] -> 0x94E3
mem[X,0x00000000800009A2] -> 0xFE0E
[879] [M]: 0x00000000800009A0 (0xFE0E94E3) bne x29, x0, -0x18                       loop_walking+24

clint mtime 0x00000000000001B8 (mip.MTI <- 0b1, mip.STI <- 0b0)
mem[X,0x0000000080000988] -> 0xEE33
mem[X,0x000000008000098A] -> 0x0062
[880] [M]: 0x0000000080000988 (0x0062EE33) or x28, x5, x6                           loop_walking+0
x28 <- 0x9000000000400000

mem[X,0x000000008000098C] -> 0x1073
mem[X,0x000000008000098E] -> 0x180E
[881] [M]: 0x000000008000098C (0x180E1073) csrrw x0, satp, x28                      loop_walking+4
CSR satp (0x180) <- 0x9000000000400000

clint mtime 0x00000000000001B9 (mip.MTI <- 0b1, mip.STI <- 0b0)
mem[X,0x0000000080000990] -> 0x23F3
mem[X,0x0000000080000992] -> 0x1800
[882] [M]: 0x0000000080000990 (0x180023F3) csrrs x7, satp, x0                       loop_walking+8
CSR satp (0x180) -> 0x9000000000400000
x7 <- 0x9000000000400000

mem[X,0x0000000080000994] -> 0xBC23
mem[X,0x0000000080000996] -> 0x0476
[883] [M]: 0x0000000080000994 (0x0476BC23) sd x7, 0x58(x13)                         loop_walking+12
mem[W,0x0000000080008170] <- 0x9000000000400000

clint mtime 0x00000000000001BA (mip.MTI <- 0b1, mip.STI <- 0b0)
mem[X,0x0000000080000998] -> 0x1313
mem[X,0x000000008000099A] -> 0x0013
[884] [M]: 0x0000000080000998 (0x00131313) slli x6, x6, 0x1                         loop_walking+16
x6 <- 0x0000000000800000

mem[X,0x000000008000099C] -> 0x8E93
mem[X,0x000000008000099E] -> 0xFFFE
[885] [M]: 0x000000008000099C (0xFFFE8E93) addi x29, x29, -0x1                      loop_walking+20
x29 <- 0x0000000000000015

clint mtime 0x00000000000001BB (mip.MTI <- 0b1, mip.STI <- 0b0)
mem[X,0x00000000800009A0] -> 0x94E3
mem[X,0x00000000800009A2] -> 0xFE0E
[886] [M]: 0x00000000800009A0 (0xFE0E94E3) bne x29, x0, -0x18                       loop_walking+24

mem[X,0x0000000080000988] -> 0xEE33
mem[X,0x000000008000098A] -> 0x0062
[887] [M]: 0x0000000080000988 (0x0062EE33) or x28, x5, x6                           loop_walking+0
x28 <- 0x9000000000800000

clint mtime 0x00000000000001BC (mip.MTI <- 0b1, mip.STI <- 0b0)
mem[X,0x000000008000098C] -> 0x1073
mem[X,0x000000008000098E] -> 0x180E
[888] [M]: 0x000000008000098C (0x180E1073) csrrw x0, satp, x28                      loop_walking+4
CSR satp (0x180) <- 0x9000000000800000

mem[X,0x0000000080000990] -> 0x23F3
mem[X,0x0000000080000992] -> 0x1800
[889] [M]: 0x0000000080000990 (0x180023F3) csrrs x7, satp, x0                       loop_walking+8
CSR satp (0x180) -> 0x9000000000800000
x7 <- 0x9000000000800000

clint mtime 0x00000000000001BD (mip.MTI <- 0b1, mip.STI <- 0b0)
mem[X,0x0000000080000994] -> 0xBC23
mem[X,0x0000000080000996] -> 0x0476
[890] [M]: 0x0000000080000994 (0x0476BC23) sd x7, 0x58(x13)                         loop_walking+12
mem[W,0x0000000080008170] <- 0x9000000000800000

mem[X,0x0000000080000998] -> 0x1313
mem[X,0x000000008000099A] -> 0x0013
[891] [M]: 0x0000000080000998 (0x00131313) slli x6, x6, 0x1                         loop_walking+16
x6 <- 0x0000000001000000

clint mtime 0x00000000000001BE (mip.MTI <- 0b1, mip.STI <- 0b0)
mem[X,0x000000008000099C] -> 0x8E93
mem[X,0x000000008000099E] -> 0xFFFE
[892] [M]: 0x000000008000099C (0xFFFE8E93) addi x29, x29, -0x1                      loop_walking+20
x29 <- 0x0000000000000014

mem[X,0x00000000800009A0] -> 0x94E3
mem[X,0x00000000800009A2] -> 0xFE0E
[893] [M]: 0x00000000800009A0 (0xFE0E94E3) bne x29, x0, -0x18                       loop_walking+24

clint mtime 0x00000000000001BF (mip.MTI <- 0b1, mip.STI <- 0b0)
mem[X,0x0000000080000988] -> 0xEE33
mem[X,0x000000008000098A] -> 0x0062
[894] [M]: 0x0000000080000988 (0x0062EE33) or x28, x5, x6                           loop_walking+0
x28 <- 0x9000000001000000

mem[X,0x000000008000098C] -> 0x1073
mem[X,0x000000008000098E] -> 0x180E
[895] [M]: 0x000000008000098C (0x180E1073) csrrw x0, satp, x28                      loop_walking+4
CSR satp (0x180) <- 0x9000000001000000

clint mtime 0x00000000000001C0 (mip.MTI <- 0b1, mip.STI <- 0b0)
mem[X,0x0000000080000990] -> 0x23F3
mem[X,0x0000000080000992] -> 0x1800
[896] [M]: 0x0000000080000990 (0x180023F3) csrrs x7, satp, x0                       loop_walking+8
CSR satp (0x180) -> 0x9000000001000000
x7 <- 0x9000000001000000

mem[X,0x0000000080000994] -> 0xBC23
mem[X,0x0000000080000996] -> 0x0476
[897] [M]: 0x0000000080000994 (0x0476BC23) sd x7, 0x58(x13)                         loop_walking+12
mem[W,0x0000000080008170] <- 0x9000000001000000

clint mtime 0x00000000000001C1 (mip.MTI <- 0b1, mip.STI <- 0b0)
mem[X,0x0000000080000998] -> 0x1313
mem[X,0x000000008000099A] -> 0x0013
[898] [M]: 0x0000000080000998 (0x00131313) slli x6, x6, 0x1                         loop_walking+16
x6 <- 0x0000000002000000

mem[X,0x000000008000099C] -> 0x8E93
mem[X,0x000000008000099E] -> 0xFFFE
[899] [M]: 0x000000008000099C (0xFFFE8E93) addi x29, x29, -0x1                      loop_walking+20
x29 <- 0x0000000000000013

clint mtime 0x00000000000001C2 (mip.MTI <- 0b1, mip.STI <- 0b0)
mem[X,0x00000000800009A0] -> 0x94E3
mem[X,0x00000000800009A2] -> 0xFE0E
[900] [M]: 0x00000000800009A0 (0xFE0E94E3) bne x29, x0, -0x18                       loop_walking+24

mem[X,0x0000000080000988] -> 0xEE33
mem[X,0x000000008000098A] -> 0x0062
[901] [M]: 0x0000000080000988 (0x0062EE33) or x28, x5, x6                           loop_walking+0
x28 <- 0x9000000002000000

clint mtime 0x00000000000001C3 (mip.MTI <- 0b1, mip.STI <- 0b0)
mem[X,0x000000008000098C] -> 0x1073
mem[X,0x000000008000098E] -> 0x180E
[902] [M]: 0x000000008000098C (0x180E1073) csrrw x0, satp, x28                      loop_walking+4
CSR satp (0x180) <- 0x9000000002000000

mem[X,0x0000000080000990] -> 0x23F3
mem[X,0x0000000080000992] -> 0x1800
[903] [M]: 0x0000000080000990 (0x180023F3) csrrs x7, satp, x0                       loop_walking+8
CSR satp (0x180) -> 0x9000000002000000
x7 <- 0x9000000002000000

clint mtime 0x00000000000001C4 (mip.MTI <- 0b1, mip.STI <- 0b0)
mem[X,0x0000000080000994] -> 0xBC23
mem[X,0x0000000080000996] -> 0x0476
[904] [M]: 0x0000000080000994 (0x0476BC23) sd x7, 0x58(x13)                         loop_walking+12
mem[W,0x0000000080008170] <- 0x9000000002000000

mem[X,0x0000000080000998] -> 0x1313
mem[X,0x000000008000099A] -> 0x0013
[905] [M]: 0x0000000080000998 (0x00131313) slli x6, x6, 0x1                         loop_walking+16
x6 <- 0x0000000004000000

clint mtime 0x00000000000001C5 (mip.MTI <- 0b1, mip.STI <- 0b0)
mem[X,0x000000008000099C] -> 0x8E93
mem[X,0x000000008000099E] -> 0xFFFE
[906] [M]: 0x000000008000099C (0xFFFE8E93) addi x29, x29, -0x1                      loop_walking+20
x29 <- 0x0000000000000012

mem[X,0x00000000800009A0] -> 0x94E3
mem[X,0x00000000800009A2] -> 0xFE0E
[907] [M]: 0x00000000800009A0 (0xFE0E94E3) bne x29, x0, -0x18                       loop_walking+24

clint mtime 0x00000000000001C6 (mip.MTI <- 0b1, mip.STI <- 0b0)
mem[X,0x0000000080000988] -> 0xEE33
mem[X,0x000000008000098A] -> 0x0062
[908] [M]: 0x0000000080000988 (0x0062EE33) or x28, x5, x6                           loop_walking+0
x28 <- 0x9000000004000000

mem[X,0x000000008000098C] -> 0x1073
mem[X,0x000000008000098E] -> 0x180E
[909] [M]: 0x000000008000098C (0x180E1073) csrrw x0, satp, x28                      loop_walking+4
CSR satp (0x180) <- 0x9000000004000000

clint mtime 0x00000000000001C7 (mip.MTI <- 0b1, mip.STI <- 0b0)
mem[X,0x0000000080000990] -> 0x23F3
mem[X,0x0000000080000992] -> 0x1800
[910] [M]: 0x0000000080000990 (0x180023F3) csrrs x7, satp, x0                       loop_walking+8
CSR satp (0x180) -> 0x9000000004000000
x7 <- 0x9000000004000000

mem[X,0x0000000080000994] -> 0xBC23
mem[X,0x0000000080000996] -> 0x0476
[911] [M]: 0x0000000080000994 (0x0476BC23) sd x7, 0x58(x13)                         loop_walking+12
mem[W,0x0000000080008170] <- 0x9000000004000000

clint mtime 0x00000000000001C8 (mip.MTI <- 0b1, mip.STI <- 0b0)
mem[X,0x0000000080000998] -> 0x1313
mem[X,0x000000008000099A] -> 0x0013
[912] [M]: 0x0000000080000998 (0x00131313) slli x6, x6, 0x1                         loop_walking+16
x6 <- 0x0000000008000000

mem[X,0x000000008000099C] -> 0x8E93
mem[X,0x000000008000099E] -> 0xFFFE
[913] [M]: 0x000000008000099C (0xFFFE8E93) addi x29, x29, -0x1                      loop_walking+20
x29 <- 0x0000000000000011

clint mtime 0x00000000000001C9 (mip.MTI <- 0b1, mip.STI <- 0b0)
mem[X,0x00000000800009A0] -> 0x94E3
mem[X,0x00000000800009A2] -> 0xFE0E
[914] [M]: 0x00000000800009A0 (0xFE0E94E3) bne x29, x0, -0x18                       loop_walking+24

mem[X,0x0000000080000988] -> 0xEE33
mem[X,0x000000008000098A] -> 0x0062
[915] [M]: 0x0000000080000988 (0x0062EE33) or x28, x5, x6                           loop_walking+0
x28 <- 0x9000000008000000

clint mtime 0x00000000000001CA (mip.MTI <- 0b1, mip.STI <- 0b0)
mem[X,0x000000008000098C] -> 0x1073
mem[X,0x000000008000098E] -> 0x180E
[916] [M]: 0x000000008000098C (0x180E1073) csrrw x0, satp, x28                      loop_walking+4
CSR satp (0x180) <- 0x9000000008000000

mem[X,0x0000000080000990] -> 0x23F3
mem[X,0x0000000080000992] -> 0x1800
[917] [M]: 0x0000000080000990 (0x180023F3) csrrs x7, satp, x0                       loop_walking+8
CSR satp (0x180) -> 0x9000000008000000
x7 <- 0x9000000008000000

clint mtime 0x00000000000001CB (mip.MTI <- 0b1, mip.STI <- 0b0)
mem[X,0x0000000080000994] -> 0xBC23
mem[X,0x0000000080000996] -> 0x0476
[918] [M]: 0x0000000080000994 (0x0476BC23) sd x7, 0x58(x13)                         loop_walking+12
mem[W,0x0000000080008170] <- 0x9000000008000000

mem[X,0x0000000080000998] -> 0x1313
mem[X,0x000000008000099A] -> 0x0013
[919] [M]: 0x0000000080000998 (0x00131313) slli x6, x6, 0x1                         loop_walking+16
x6 <- 0x0000000010000000

clint mtime 0x00000000000001CC (mip.MTI <- 0b1, mip.STI <- 0b0)
mem[X,0x000000008000099C] -> 0x8E93
mem[X,0x000000008000099E] -> 0xFFFE
[920] [M]: 0x000000008000099C (0xFFFE8E93) addi x29, x29, -0x1                      loop_walking+20
x29 <- 0x0000000000000010

mem[X,0x00000000800009A0] -> 0x94E3
mem[X,0x00000000800009A2] -> 0xFE0E
[921] [M]: 0x00000000800009A0 (0xFE0E94E3) bne x29, x0, -0x18                       loop_walking+24

clint mtime 0x00000000000001CD (mip.MTI <- 0b1, mip.STI <- 0b0)
mem[X,0x0000000080000988] -> 0xEE33
mem[X,0x000000008000098A] -> 0x0062
[922] [M]: 0x0000000080000988 (0x0062EE33) or x28, x5, x6                           loop_walking+0
x28 <- 0x9000000010000000

mem[X,0x000000008000098C] -> 0x1073
mem[X,0x000000008000098E] -> 0x180E
[923] [M]: 0x000000008000098C (0x180E1073) csrrw x0, satp, x28                      loop_walking+4
CSR satp (0x180) <- 0x9000000010000000

clint mtime 0x00000000000001CE (mip.MTI <- 0b1, mip.STI <- 0b0)
mem[X,0x0000000080000990] -> 0x23F3
mem[X,0x0000000080000992] -> 0x1800
[924] [M]: 0x0000000080000990 (0x180023F3) csrrs x7, satp, x0                       loop_walking+8
CSR satp (0x180) -> 0x9000000010000000
x7 <- 0x9000000010000000

mem[X,0x0000000080000994] -> 0xBC23
mem[X,0x0000000080000996] -> 0x0476
[925] [M]: 0x0000000080000994 (0x0476BC23) sd x7, 0x58(x13)                         loop_walking+12
mem[W,0x0000000080008170] <- 0x9000000010000000

clint mtime 0x00000000000001CF (mip.MTI <- 0b1, mip.STI <- 0b0)
mem[X,0x0000000080000998] -> 0x1313
mem[X,0x000000008000099A] -> 0x0013
[926] [M]: 0x0000000080000998 (0x00131313) slli x6, x6, 0x1                         loop_walking+16
x6 <- 0x0000000020000000

mem[X,0x000000008000099C] -> 0x8E93
mem[X,0x000000008000099E] -> 0xFFFE
[927] [M]: 0x000000008000099C (0xFFFE8E93) addi x29, x29, -0x1                      loop_walking+20
x29 <- 0x000000000000000F

clint mtime 0x00000000000001D0 (mip.MTI <- 0b1, mip.STI <- 0b0)
mem[X,0x00000000800009A0] -> 0x94E3
mem[X,0x00000000800009A2] -> 0xFE0E
[928] [M]: 0x00000000800009A0 (0xFE0E94E3) bne x29, x0, -0x18                       loop_walking+24

mem[X,0x0000000080000988] -> 0xEE33
mem[X,0x000000008000098A] -> 0x0062
[929] [M]: 0x0000000080000988 (0x0062EE33) or x28, x5, x6                           loop_walking+0
x28 <- 0x9000000020000000

clint mtime 0x00000000000001D1 (mip.MTI <- 0b1, mip.STI <- 0b0)
mem[X,0x000000008000098C] -> 0x1073
mem[X,0x000000008000098E] -> 0x180E
[930] [M]: 0x000000008000098C (0x180E1073) csrrw x0, satp, x28                      loop_walking+4
CSR satp (0x180) <- 0x9000000020000000

mem[X,0x0000000080000990] -> 0x23F3
mem[X,0x0000000080000992] -> 0x1800
[931] [M]: 0x0000000080000990 (0x180023F3) csrrs x7, satp, x0                       loop_walking+8
CSR satp (0x180) -> 0x9000000020000000
x7 <- 0x9000000020000000

clint mtime 0x00000000000001D2 (mip.MTI <- 0b1, mip.STI <- 0b0)
mem[X,0x0000000080000994] -> 0xBC23
mem[X,0x0000000080000996] -> 0x0476
[932] [M]: 0x0000000080000994 (0x0476BC23) sd x7, 0x58(x13)                         loop_walking+12
mem[W,0x0000000080008170] <- 0x9000000020000000

mem[X,0x0000000080000998] -> 0x1313
mem[X,0x000000008000099A] -> 0x0013
[933] [M]: 0x0000000080000998 (0x00131313) slli x6, x6, 0x1                         loop_walking+16
x6 <- 0x0000000040000000

clint mtime 0x00000000000001D3 (mip.MTI <- 0b1, mip.STI <- 0b0)
mem[X,0x000000008000099C] -> 0x8E93
mem[X,0x000000008000099E] -> 0xFFFE
[934] [M]: 0x000000008000099C (0xFFFE8E93) addi x29, x29, -0x1                      loop_walking+20
x29 <- 0x000000000000000E

mem[X,0x00000000800009A0] -> 0x94E3
mem[X,0x00000000800009A2] -> 0xFE0E
[935] [M]: 0x00000000800009A0 (0xFE0E94E3) bne x29, x0, -0x18                       loop_walking+24

clint mtime 0x00000000000001D4 (mip.MTI <- 0b1, mip.STI <- 0b0)
mem[X,0x0000000080000988] -> 0xEE33
mem[X,0x000000008000098A] -> 0x0062
[936] [M]: 0x0000000080000988 (0x0062EE33) or x28, x5, x6                           loop_walking+0
x28 <- 0x9000000040000000

mem[X,0x000000008000098C] -> 0x1073
mem[X,0x000000008000098E] -> 0x180E
[937] [M]: 0x000000008000098C (0x180E1073) csrrw x0, satp, x28                      loop_walking+4
CSR satp (0x180) <- 0x9000000040000000

clint mtime 0x00000000000001D5 (mip.MTI <- 0b1, mip.STI <- 0b0)
mem[X,0x0000000080000990] -> 0x23F3
mem[X,0x0000000080000992] -> 0x1800
[938] [M]: 0x0000000080000990 (0x180023F3) csrrs x7, satp, x0                       loop_walking+8
CSR satp (0x180) -> 0x9000000040000000
x7 <- 0x9000000040000000

mem[X,0x0000000080000994] -> 0xBC23
mem[X,0x0000000080000996] -> 0x0476
[939] [M]: 0x0000000080000994 (0x0476BC23) sd x7, 0x58(x13)                         loop_walking+12
mem[W,0x0000000080008170] <- 0x9000000040000000

clint mtime 0x00000000000001D6 (mip.MTI <- 0b1, mip.STI <- 0b0)
mem[X,0x0000000080000998] -> 0x1313
mem[X,0x000000008000099A] -> 0x0013
[940] [M]: 0x0000000080000998 (0x00131313) slli x6, x6, 0x1                         loop_walking+16
x6 <- 0x0000000080000000

mem[X,0x000000008000099C] -> 0x8E93
mem[X,0x000000008000099E] -> 0xFFFE
[941] [M]: 0x000000008000099C (0xFFFE8E93) addi x29, x29, -0x1                      loop_walking+20
x29 <- 0x000000000000000D

clint mtime 0x00000000000001D7 (mip.MTI <- 0b1, mip.STI <- 0b0)
mem[X,0x00000000800009A0] -> 0x94E3
mem[X,0x00000000800009A2] -> 0xFE0E
[942] [M]: 0x00000000800009A0 (0xFE0E94E3) bne x29, x0, -0x18                       loop_walking+24

mem[X,0x0000000080000988] -> 0xEE33
mem[X,0x000000008000098A] -> 0x0062
[943] [M]: 0x0000000080000988 (0x0062EE33) or x28, x5, x6                           loop_walking+0
x28 <- 0x9000000080000000

clint mtime 0x00000000000001D8 (mip.MTI <- 0b1, mip.STI <- 0b0)
mem[X,0x000000008000098C] -> 0x1073
mem[X,0x000000008000098E] -> 0x180E
[944] [M]: 0x000000008000098C (0x180E1073) csrrw x0, satp, x28                      loop_walking+4
CSR satp (0x180) <- 0x9000000080000000

mem[X,0x0000000080000990] -> 0x23F3
mem[X,0x0000000080000992] -> 0x1800
[945] [M]: 0x0000000080000990 (0x180023F3) csrrs x7, satp, x0                       loop_walking+8
CSR satp (0x180) -> 0x9000000080000000
x7 <- 0x9000000080000000

clint mtime 0x00000000000001D9 (mip.MTI <- 0b1, mip.STI <- 0b0)
mem[X,0x0000000080000994] -> 0xBC23
mem[X,0x0000000080000996] -> 0x0476
[946] [M]: 0x0000000080000994 (0x0476BC23) sd x7, 0x58(x13)                         loop_walking+12
mem[W,0x0000000080008170] <- 0x9000000080000000

mem[X,0x0000000080000998] -> 0x1313
mem[X,0x000000008000099A] -> 0x0013
[947] [M]: 0x0000000080000998 (0x00131313) slli x6, x6, 0x1                         loop_walking+16
x6 <- 0x0000000100000000

clint mtime 0x00000000000001DA (mip.MTI <- 0b1, mip.STI <- 0b0)
mem[X,0x000000008000099C] -> 0x8E93
mem[X,0x000000008000099E] -> 0xFFFE
[948] [M]: 0x000000008000099C (0xFFFE8E93) addi x29, x29, -0x1                      loop_walking+20
x29 <- 0x000000000000000C

mem[X,0x00000000800009A0] -> 0x94E3
mem[X,0x00000000800009A2] -> 0xFE0E
[949] [M]: 0x00000000800009A0 (0xFE0E94E3) bne x29, x0, -0x18                       loop_walking+24

clint mtime 0x00000000000001DB (mip.MTI <- 0b1, mip.STI <- 0b0)
mem[X,0x0000000080000988] -> 0xEE33
mem[X,0x000000008000098A] -> 0x0062
[950] [M]: 0x0000000080000988 (0x0062EE33) or x28, x5, x6                           loop_walking+0
x28 <- 0x9000000100000000

mem[X,0x000000008000098C] -> 0x1073
mem[X,0x000000008000098E] -> 0x180E
[951] [M]: 0x000000008000098C (0x180E1073) csrrw x0, satp, x28                      loop_walking+4
CSR satp (0x180) <- 0x9000000100000000

clint mtime 0x00000000000001DC (mip.MTI <- 0b1, mip.STI <- 0b0)
mem[X,0x0000000080000990] -> 0x23F3
mem[X,0x0000000080000992] -> 0x1800
[952] [M]: 0x0000000080000990 (0x180023F3) csrrs x7, satp, x0                       loop_walking+8
CSR satp (0x180) -> 0x9000000100000000
x7 <- 0x9000000100000000

mem[X,0x0000000080000994] -> 0xBC23
mem[X,0x0000000080000996] -> 0x0476
[953] [M]: 0x0000000080000994 (0x0476BC23) sd x7, 0x58(x13)                         loop_walking+12
mem[W,0x0000000080008170] <- 0x9000000100000000

clint mtime 0x00000000000001DD (mip.MTI <- 0b1, mip.STI <- 0b0)
mem[X,0x0000000080000998] -> 0x1313
mem[X,0x000000008000099A] -> 0x0013
[954] [M]: 0x0000000080000998 (0x00131313) slli x6, x6, 0x1                         loop_walking+16
x6 <- 0x0000000200000000

mem[X,0x000000008000099C] -> 0x8E93
mem[X,0x000000008000099E] -> 0xFFFE
[955] [M]: 0x000000008000099C (0xFFFE8E93) addi x29, x29, -0x1                      loop_walking+20
x29 <- 0x000000000000000B

clint mtime 0x00000000000001DE (mip.MTI <- 0b1, mip.STI <- 0b0)
mem[X,0x00000000800009A0] -> 0x94E3
mem[X,0x00000000800009A2] -> 0xFE0E
[956] [M]: 0x00000000800009A0 (0xFE0E94E3) bne x29, x0, -0x18                       loop_walking+24

mem[X,0x0000000080000988] -> 0xEE33
mem[X,0x000000008000098A] -> 0x0062
[957] [M]: 0x0000000080000988 (0x0062EE33) or x28, x5, x6                           loop_walking+0
x28 <- 0x9000000200000000

clint mtime 0x00000000000001DF (mip.MTI <- 0b1, mip.STI <- 0b0)
mem[X,0x000000008000098C] -> 0x1073
mem[X,0x000000008000098E] -> 0x180E
[958] [M]: 0x000000008000098C (0x180E1073) csrrw x0, satp, x28                      loop_walking+4
CSR satp (0x180) <- 0x9000000200000000

mem[X,0x0000000080000990] -> 0x23F3
mem[X,0x0000000080000992] -> 0x1800
[959] [M]: 0x0000000080000990 (0x180023F3) csrrs x7, satp, x0                       loop_walking+8
CSR satp (0x180) -> 0x9000000200000000
x7 <- 0x9000000200000000

clint mtime 0x00000000000001E0 (mip.MTI <- 0b1, mip.STI <- 0b0)
mem[X,0x0000000080000994] -> 0xBC23
mem[X,0x0000000080000996] -> 0x0476
[960] [M]: 0x0000000080000994 (0x0476BC23) sd x7, 0x58(x13)                         loop_walking+12
mem[W,0x0000000080008170] <- 0x9000000200000000

mem[X,0x0000000080000998] -> 0x1313
mem[X,0x000000008000099A] -> 0x0013
[961] [M]: 0x0000000080000998 (0x00131313) slli x6, x6, 0x1                         loop_walking+16
x6 <- 0x0000000400000000

clint mtime 0x00000000000001E1 (mip.MTI <- 0b1, mip.STI <- 0b0)
mem[X,0x000000008000099C] -> 0x8E93
mem[X,0x000000008000099E] -> 0xFFFE
[962] [M]: 0x000000008000099C (0xFFFE8E93) addi x29, x29, -0x1                      loop_walking+20
x29 <- 0x000000000000000A

mem[X,0x00000000800009A0] -> 0x94E3
mem[X,0x00000000800009A2] -> 0xFE0E
[963] [M]: 0x00000000800009A0 (0xFE0E94E3) bne x29, x0, -0x18                       loop_walking+24

clint mtime 0x00000000000001E2 (mip.MTI <- 0b1, mip.STI <- 0b0)
mem[X,0x0000000080000988] -> 0xEE33
mem[X,0x000000008000098A] -> 0x0062
[964] [M]: 0x0000000080000988 (0x0062EE33) or x28, x5, x6                           loop_walking+0
x28 <- 0x9000000400000000

mem[X,0x000000008000098C] -> 0x1073
mem[X,0x000000008000098E] -> 0x180E
[965] [M]: 0x000000008000098C (0x180E1073) csrrw x0, satp, x28                      loop_walking+4
CSR satp (0x180) <- 0x9000000400000000

clint mtime 0x00000000000001E3 (mip.MTI <- 0b1, mip.STI <- 0b0)
mem[X,0x0000000080000990] -> 0x23F3
mem[X,0x0000000080000992] -> 0x1800
[966] [M]: 0x0000000080000990 (0x180023F3) csrrs x7, satp, x0                       loop_walking+8
CSR satp (0x180) -> 0x9000000400000000
x7 <- 0x9000000400000000

mem[X,0x0000000080000994] -> 0xBC23
mem[X,0x0000000080000996] -> 0x0476
[967] [M]: 0x0000000080000994 (0x0476BC23) sd x7, 0x58(x13)                         loop_walking+12
mem[W,0x0000000080008170] <- 0x9000000400000000

clint mtime 0x00000000000001E4 (mip.MTI <- 0b1, mip.STI <- 0b0)
mem[X,0x0000000080000998] -> 0x1313
mem[X,0x000000008000099A] -> 0x0013
[968] [M]: 0x0000000080000998 (0x00131313) slli x6, x6, 0x1                         loop_walking+16
x6 <- 0x0000000800000000

mem[X,0x000000008000099C] -> 0x8E93
mem[X,0x000000008000099E] -> 0xFFFE
[969] [M]: 0x000000008000099C (0xFFFE8E93) addi x29, x29, -0x1                      loop_walking+20
x29 <- 0x0000000000000009

clint mtime 0x00000000000001E5 (mip.MTI <- 0b1, mip.STI <- 0b0)
mem[X,0x00000000800009A0] -> 0x94E3
mem[X,0x00000000800009A2] -> 0xFE0E
[970] [M]: 0x00000000800009A0 (0xFE0E94E3) bne x29, x0, -0x18                       loop_walking+24

mem[X,0x0000000080000988] -> 0xEE33
mem[X,0x000000008000098A] -> 0x0062
[971] [M]: 0x0000000080000988 (0x0062EE33) or x28, x5, x6                           loop_walking+0
x28 <- 0x9000000800000000

clint mtime 0x00000000000001E6 (mip.MTI <- 0b1, mip.STI <- 0b0)
mem[X,0x000000008000098C] -> 0x1073
mem[X,0x000000008000098E] -> 0x180E
[972] [M]: 0x000000008000098C (0x180E1073) csrrw x0, satp, x28                      loop_walking+4
CSR satp (0x180) <- 0x9000000800000000

mem[X,0x0000000080000990] -> 0x23F3
mem[X,0x0000000080000992] -> 0x1800
[973] [M]: 0x0000000080000990 (0x180023F3) csrrs x7, satp, x0                       loop_walking+8
CSR satp (0x180) -> 0x9000000800000000
x7 <- 0x9000000800000000

clint mtime 0x00000000000001E7 (mip.MTI <- 0b1, mip.STI <- 0b0)
mem[X,0x0000000080000994] -> 0xBC23
mem[X,0x0000000080000996] -> 0x0476
[974] [M]: 0x0000000080000994 (0x0476BC23) sd x7, 0x58(x13)                         loop_walking+12
mem[W,0x0000000080008170] <- 0x9000000800000000

mem[X,0x0000000080000998] -> 0x1313
mem[X,0x000000008000099A] -> 0x0013
[975] [M]: 0x0000000080000998 (0x00131313) slli x6, x6, 0x1                         loop_walking+16
x6 <- 0x0000001000000000

clint mtime 0x00000000000001E8 (mip.MTI <- 0b1, mip.STI <- 0b0)
mem[X,0x000000008000099C] -> 0x8E93
mem[X,0x000000008000099E] -> 0xFFFE
[976] [M]: 0x000000008000099C (0xFFFE8E93) addi x29, x29, -0x1                      loop_walking+20
x29 <- 0x0000000000000008

mem[X,0x00000000800009A0] -> 0x94E3
mem[X,0x00000000800009A2] -> 0xFE0E
[977] [M]: 0x00000000800009A0 (0xFE0E94E3) bne x29, x0, -0x18                       loop_walking+24

clint mtime 0x00000000000001E9 (mip.MTI <- 0b1, mip.STI <- 0b0)
mem[X,0x0000000080000988] -> 0xEE33
mem[X,0x000000008000098A] -> 0x0062
[978] [M]: 0x0000000080000988 (0x0062EE33) or x28, x5, x6                           loop_walking+0
x28 <- 0x9000001000000000

mem[X,0x000000008000098C] -> 0x1073
mem[X,0x000000008000098E] -> 0x180E
[979] [M]: 0x000000008000098C (0x180E1073) csrrw x0, satp, x28                      loop_walking+4
CSR satp (0x180) <- 0x9000001000000000

clint mtime 0x00000000000001EA (mip.MTI <- 0b1, mip.STI <- 0b0)
mem[X,0x0000000080000990] -> 0x23F3
mem[X,0x0000000080000992] -> 0x1800
[980] [M]: 0x0000000080000990 (0x180023F3) csrrs x7, satp, x0                       loop_walking+8
CSR satp (0x180) -> 0x9000001000000000
x7 <- 0x9000001000000000

mem[X,0x0000000080000994] -> 0xBC23
mem[X,0x0000000080000996] -> 0x0476
[981] [M]: 0x0000000080000994 (0x0476BC23) sd x7, 0x58(x13)                         loop_walking+12
mem[W,0x0000000080008170] <- 0x9000001000000000

clint mtime 0x00000000000001EB (mip.MTI <- 0b1, mip.STI <- 0b0)
mem[X,0x0000000080000998] -> 0x1313
mem[X,0x000000008000099A] -> 0x0013
[982] [M]: 0x0000000080000998 (0x00131313) slli x6, x6, 0x1                         loop_walking+16
x6 <- 0x0000002000000000

mem[X,0x000000008000099C] -> 0x8E93
mem[X,0x000000008000099E] -> 0xFFFE
[983] [M]: 0x000000008000099C (0xFFFE8E93) addi x29, x29, -0x1                      loop_walking+20
x29 <- 0x0000000000000007

clint mtime 0x00000000000001EC (mip.MTI <- 0b1, mip.STI <- 0b0)
mem[X,0x00000000800009A0] -> 0x94E3
mem[X,0x00000000800009A2] -> 0xFE0E
[984] [M]: 0x00000000800009A0 (0xFE0E94E3) bne x29, x0, -0x18                       loop_walking+24

mem[X,0x0000000080000988] -> 0xEE33
mem[X,0x000000008000098A] -> 0x0062
[985] [M]: 0x0000000080000988 (0x0062EE33) or x28, x5, x6                           loop_walking+0
x28 <- 0x9000002000000000

clint mtime 0x00000000000001ED (mip.MTI <- 0b1, mip.STI <- 0b0)
mem[X,0x000000008000098C] -> 0x1073
mem[X,0x000000008000098E] -> 0x180E
[986] [M]: 0x000000008000098C (0x180E1073) csrrw x0, satp, x28                      loop_walking+4
CSR satp (0x180) <- 0x9000002000000000

mem[X,0x0000000080000990] -> 0x23F3
mem[X,0x0000000080000992] -> 0x1800
[987] [M]: 0x0000000080000990 (0x180023F3) csrrs x7, satp, x0                       loop_walking+8
CSR satp (0x180) -> 0x9000002000000000
x7 <- 0x9000002000000000

clint mtime 0x00000000000001EE (mip.MTI <- 0b1, mip.STI <- 0b0)
mem[X,0x0000000080000994] -> 0xBC23
mem[X,0x0000000080000996] -> 0x0476
[988] [M]: 0x0000000080000994 (0x0476BC23) sd x7, 0x58(x13)                         loop_walking+12
mem[W,0x0000000080008170] <- 0x9000002000000000

mem[X,0x0000000080000998] -> 0x1313
mem[X,0x000000008000099A] -> 0x0013
[989] [M]: 0x0000000080000998 (0x00131313) slli x6, x6, 0x1                         loop_walking+16
x6 <- 0x0000004000000000

clint mtime 0x00000000000001EF (mip.MTI <- 0b1, mip.STI <- 0b0)
mem[X,0x000000008000099C] -> 0x8E93
mem[X,0x000000008000099E] -> 0xFFFE
[990] [M]: 0x000000008000099C (0xFFFE8E93) addi x29, x29, -0x1                      loop_walking+20
x29 <- 0x0000000000000006

mem[X,0x00000000800009A0] -> 0x94E3
mem[X,0x00000000800009A2] -> 0xFE0E
[991] [M]: 0x00000000800009A0 (0xFE0E94E3) bne x29, x0, -0x18                       loop_walking+24

clint mtime 0x00000000000001F0 (mip.MTI <- 0b1, mip.STI <- 0b0)
mem[X,0x0000000080000988] -> 0xEE33
mem[X,0x000000008000098A] -> 0x0062
[992] [M]: 0x0000000080000988 (0x0062EE33) or x28, x5, x6                           loop_walking+0
x28 <- 0x9000004000000000

mem[X,0x000000008000098C] -> 0x1073
mem[X,0x000000008000098E] -> 0x180E
[993] [M]: 0x000000008000098C (0x180E1073) csrrw x0, satp, x28                      loop_walking+4
CSR satp (0x180) <- 0x9000004000000000

clint mtime 0x00000000000001F1 (mip.MTI <- 0b1, mip.STI <- 0b0)
mem[X,0x0000000080000990] -> 0x23F3
mem[X,0x0000000080000992] -> 0x1800
[994] [M]: 0x0000000080000990 (0x180023F3) csrrs x7, satp, x0                       loop_walking+8
CSR satp (0x180) -> 0x9000004000000000
x7 <- 0x9000004000000000

mem[X,0x0000000080000994] -> 0xBC23
mem[X,0x0000000080000996] -> 0x0476
[995] [M]: 0x0000000080000994 (0x0476BC23) sd x7, 0x58(x13)                         loop_walking+12
mem[W,0x0000000080008170] <- 0x9000004000000000

clint mtime 0x00000000000001F2 (mip.MTI <- 0b1, mip.STI <- 0b0)
mem[X,0x0000000080000998] -> 0x1313
mem[X,0x000000008000099A] -> 0x0013
[996] [M]: 0x0000000080000998 (0x00131313) slli x6, x6, 0x1                         loop_walking+16
x6 <- 0x0000008000000000

mem[X,0x000000008000099C] -> 0x8E93
mem[X,0x000000008000099E] -> 0xFFFE
[997] [M]: 0x000000008000099C (0xFFFE8E93) addi x29, x29, -0x1                      loop_walking+20
x29 <- 0x0000000000000005

clint mtime 0x00000000000001F3 (mip.MTI <- 0b1, mip.STI <- 0b0)
mem[X,0x00000000800009A0] -> 0x94E3
mem[X,0x00000000800009A2] -> 0xFE0E
[998] [M]: 0x00000000800009A0 (0xFE0E94E3) bne x29, x0, -0x18                       loop_walking+24

mem[X,0x0000000080000988] -> 0xEE33
mem[X,0x000000008000098A] -> 0x0062
[999] [M]: 0x0000000080000988 (0x0062EE33) or x28, x5, x6                           loop_walking+0
x28 <- 0x9000008000000000

clint mtime 0x00000000000001F4 (mip.MTI <- 0b1, mip.STI <- 0b0)
mem[X,0x000000008000098C] -> 0x1073
mem[X,0x000000008000098E] -> 0x180E
[1000] [M]: 0x000000008000098C (0x180E1073) csrrw x0, satp, x28                     loop_walking+4
CSR satp (0x180) <- 0x9000008000000000

mem[X,0x0000000080000990] -> 0x23F3
mem[X,0x0000000080000992] -> 0x1800
[1001] [M]: 0x0000000080000990 (0x180023F3) csrrs x7, satp, x0                      loop_walking+8
CSR satp (0x180) -> 0x9000008000000000
x7 <- 0x9000008000000000

clint mtime 0x00000000000001F5 (mip.MTI <- 0b1, mip.STI <- 0b0)
mem[X,0x0000000080000994] -> 0xBC23
mem[X,0x0000000080000996] -> 0x0476
[1002] [M]: 0x0000000080000994 (0x0476BC23) sd x7, 0x58(x13)                        loop_walking+12
mem[W,0x0000000080008170] <- 0x9000008000000000

mem[X,0x0000000080000998] -> 0x1313
mem[X,0x000000008000099A] -> 0x0013
[1003] [M]: 0x0000000080000998 (0x00131313) slli x6, x6, 0x1                        loop_walking+16
x6 <- 0x0000010000000000

clint mtime 0x00000000000001F6 (mip.MTI <- 0b1, mip.STI <- 0b0)
mem[X,0x000000008000099C] -> 0x8E93
mem[X,0x000000008000099E] -> 0xFFFE
[1004] [M]: 0x000000008000099C (0xFFFE8E93) addi x29, x29, -0x1                     loop_walking+20
x29 <- 0x0000000000000004

mem[X,0x00000000800009A0] -> 0x94E3
mem[X,0x00000000800009A2] -> 0xFE0E
[1005] [M]: 0x00000000800009A0 (0xFE0E94E3) bne x29, x0, -0x18                      loop_walking+24

clint mtime 0x00000000000001F7 (mip.MTI <- 0b1, mip.STI <- 0b0)
mem[X,0x0000000080000988] -> 0xEE33
mem[X,0x000000008000098A] -> 0x0062
[1006] [M]: 0x0000000080000988 (0x0062EE33) or x28, x5, x6                          loop_walking+0
x28 <- 0x9000010000000000

mem[X,0x000000008000098C] -> 0x1073
mem[X,0x000000008000098E] -> 0x180E
[1007] [M]: 0x000000008000098C (0x180E1073) csrrw x0, satp, x28                     loop_walking+4
CSR satp (0x180) <- 0x9000010000000000

clint mtime 0x00000000000001F8 (mip.MTI <- 0b1, mip.STI <- 0b0)
mem[X,0x0000000080000990] -> 0x23F3
mem[X,0x0000000080000992] -> 0x1800
[1008] [M]: 0x0000000080000990 (0x180023F3) csrrs x7, satp, x0                      loop_walking+8
CSR satp (0x180) -> 0x9000010000000000
x7 <- 0x9000010000000000

mem[X,0x0000000080000994] -> 0xBC23
mem[X,0x0000000080000996] -> 0x0476
[1009] [M]: 0x0000000080000994 (0x0476BC23) sd x7, 0x58(x13)                        loop_walking+12
mem[W,0x0000000080008170] <- 0x9000010000000000

clint mtime 0x00000000000001F9 (mip.MTI <- 0b1, mip.STI <- 0b0)
mem[X,0x0000000080000998] -> 0x1313
mem[X,0x000000008000099A] -> 0x0013
[1010] [M]: 0x0000000080000998 (0x00131313) slli x6, x6, 0x1                        loop_walking+16
x6 <- 0x0000020000000000

mem[X,0x000000008000099C] -> 0x8E93
mem[X,0x000000008000099E] -> 0xFFFE
[1011] [M]: 0x000000008000099C (0xFFFE8E93) addi x29, x29, -0x1                     loop_walking+20
x29 <- 0x0000000000000003

clint mtime 0x00000000000001FA (mip.MTI <- 0b1, mip.STI <- 0b0)
mem[X,0x00000000800009A0] -> 0x94E3
mem[X,0x00000000800009A2] -> 0xFE0E
[1012] [M]: 0x00000000800009A0 (0xFE0E94E3) bne x29, x0, -0x18                      loop_walking+24

mem[X,0x0000000080000988] -> 0xEE33
mem[X,0x000000008000098A] -> 0x0062
[1013] [M]: 0x0000000080000988 (0x0062EE33) or x28, x5, x6                          loop_walking+0
x28 <- 0x9000020000000000

clint mtime 0x00000000000001FB (mip.MTI <- 0b1, mip.STI <- 0b0)
mem[X,0x000000008000098C] -> 0x1073
mem[X,0x000000008000098E] -> 0x180E
[1014] [M]: 0x000000008000098C (0x180E1073) csrrw x0, satp, x28                     loop_walking+4
CSR satp (0x180) <- 0x9000020000000000

mem[X,0x0000000080000990] -> 0x23F3
mem[X,0x0000000080000992] -> 0x1800
[1015] [M]: 0x0000000080000990 (0x180023F3) csrrs x7, satp, x0                      loop_walking+8
CSR satp (0x180) -> 0x9000020000000000
x7 <- 0x9000020000000000

clint mtime 0x00000000000001FC (mip.MTI <- 0b1, mip.STI <- 0b0)
mem[X,0x0000000080000994] -> 0xBC23
mem[X,0x0000000080000996] -> 0x0476
[1016] [M]: 0x0000000080000994 (0x0476BC23) sd x7, 0x58(x13)                        loop_walking+12
mem[W,0x0000000080008170] <- 0x9000020000000000

mem[X,0x0000000080000998] -> 0x1313
mem[X,0x000000008000099A] -> 0x0013
[1017] [M]: 0x0000000080000998 (0x00131313) slli x6, x6, 0x1                        loop_walking+16
x6 <- 0x0000040000000000

clint mtime 0x00000000000001FD (mip.MTI <- 0b1, mip.STI <- 0b0)
mem[X,0x000000008000099C] -> 0x8E93
mem[X,0x000000008000099E] -> 0xFFFE
[1018] [M]: 0x000000008000099C (0xFFFE8E93) addi x29, x29, -0x1                     loop_walking+20
x29 <- 0x0000000000000002

mem[X,0x00000000800009A0] -> 0x94E3
mem[X,0x00000000800009A2] -> 0xFE0E
[1019] [M]: 0x00000000800009A0 (0xFE0E94E3) bne x29, x0, -0x18                      loop_walking+24

clint mtime 0x00000000000001FE (mip.MTI <- 0b1, mip.STI <- 0b0)
mem[X,0x0000000080000988] -> 0xEE33
mem[X,0x000000008000098A] -> 0x0062
[1020] [M]: 0x0000000080000988 (0x0062EE33) or x28, x5, x6                          loop_walking+0
x28 <- 0x9000040000000000

mem[X,0x000000008000098C] -> 0x1073
mem[X,0x000000008000098E] -> 0x180E
[1021] [M]: 0x000000008000098C (0x180E1073) csrrw x0, satp, x28                     loop_walking+4
CSR satp (0x180) <- 0x9000040000000000

clint mtime 0x00000000000001FF (mip.MTI <- 0b1, mip.STI <- 0b0)
mem[X,0x0000000080000990] -> 0x23F3
mem[X,0x0000000080000992] -> 0x1800
[1022] [M]: 0x0000000080000990 (0x180023F3) csrrs x7, satp, x0                      loop_walking+8
CSR satp (0x180) -> 0x9000040000000000
x7 <- 0x9000040000000000

mem[X,0x0000000080000994] -> 0xBC23
mem[X,0x0000000080000996] -> 0x0476
[1023] [M]: 0x0000000080000994 (0x0476BC23) sd x7, 0x58(x13)                        loop_walking+12
mem[W,0x0000000080008170] <- 0x9000040000000000

clint mtime 0x0000000000000200 (mip.MTI <- 0b1, mip.STI <- 0b0)
mem[X,0x0000000080000998] -> 0x1313
mem[X,0x000000008000099A] -> 0x0013
[1024] [M]: 0x0000000080000998 (0x00131313) slli x6, x6, 0x1                        loop_walking+16
x6 <- 0x0000080000000000

mem[X,0x000000008000099C] -> 0x8E93
mem[X,0x000000008000099E] -> 0xFFFE
[1025] [M]: 0x000000008000099C (0xFFFE8E93) addi x29, x29, -0x1                     loop_walking+20
x29 <- 0x0000000000000001

clint mtime 0x0000000000000201 (mip.MTI <- 0b1, mip.STI <- 0b0)
mem[X,0x00000000800009A0] -> 0x94E3
mem[X,0x00000000800009A2] -> 0xFE0E
[1026] [M]: 0x00000000800009A0 (0xFE0E94E3) bne x29, x0, -0x18                      loop_walking+24

mem[X,0x0000000080000988] -> 0xEE33
mem[X,0x000000008000098A] -> 0x0062
[1027] [M]: 0x0000000080000988 (0x0062EE33) or x28, x5, x6                          loop_walking+0
x28 <- 0x9000080000000000

clint mtime 0x0000000000000202 (mip.MTI <- 0b1, mip.STI <- 0b0)
mem[X,0x000000008000098C] -> 0x1073
mem[X,0x000000008000098E] -> 0x180E
[1028] [M]: 0x000000008000098C (0x180E1073) csrrw x0, satp, x28                     loop_walking+4
CSR satp (0x180) <- 0x9000080000000000

mem[X,0x0000000080000990] -> 0x23F3
mem[X,0x0000000080000992] -> 0x1800
[1029] [M]: 0x0000000080000990 (0x180023F3) csrrs x7, satp, x0                      loop_walking+8
CSR satp (0x180) -> 0x9000080000000000
x7 <- 0x9000080000000000

clint mtime 0x0000000000000203 (mip.MTI <- 0b1, mip.STI <- 0b0)
mem[X,0x0000000080000994] -> 0xBC23
mem[X,0x0000000080000996] -> 0x0476
[1030] [M]: 0x0000000080000994 (0x0476BC23) sd x7, 0x58(x13)                        loop_walking+12
mem[W,0x0000000080008170] <- 0x9000080000000000

mem[X,0x0000000080000998] -> 0x1313
mem[X,0x000000008000099A] -> 0x0013
[1031] [M]: 0x0000000080000998 (0x00131313) slli x6, x6, 0x1                        loop_walking+16
x6 <- 0x0000100000000000

clint mtime 0x0000000000000204 (mip.MTI <- 0b1, mip.STI <- 0b0)
mem[X,0x000000008000099C] -> 0x8E93
mem[X,0x000000008000099E] -> 0xFFFE
[1032] [M]: 0x000000008000099C (0xFFFE8E93) addi x29, x29, -0x1                     loop_walking+20
x29 <- 0x0000000000000000

mem[X,0x00000000800009A0] -> 0x94E3
mem[X,0x00000000800009A2] -> 0xFE0E
[1033] [M]: 0x00000000800009A0 (0xFE0E94E3) bne x29, x0, -0x18                      loop_walking+24

clint mtime 0x0000000000000205 (mip.MTI <- 0b1, mip.STI <- 0b0)
mem[X,0x00000000800009A4] -> 0x031B
mem[X,0x00000000800009A6] -> 0x0010
[1034] [M]: 0x00000000800009A4 (0x0010031B) addiw x6, x0, 0x1                       loop_walking+28
x6 <- 0x0000000000000001

mem[X,0x00000000800009A8] -> 0x1313
mem[X,0x00000000800009AA] -> 0x02C3
[1035] [M]: 0x00000000800009A8 (0x02C31313) slli x6, x6, 0x2c                       loop_walking+32
x6 <- 0x0000100000000000

clint mtime 0x0000000000000206 (mip.MTI <- 0b1, mip.STI <- 0b0)
mem[X,0x00000000800009AC] -> 0x0313
mem[X,0x00000000800009AE] -> 0xFFF3
[1036] [M]: 0x00000000800009AC (0xFFF30313) addi x6, x6, -0x1                       loop_walking+36
x6 <- 0x00000FFFFFFFFFFF

mem[X,0x00000000800009B0] -> 0xEE33
mem[X,0x00000000800009B2] -> 0x0062
[1037] [M]: 0x00000000800009B0 (0x0062EE33) or x28, x5, x6                          loop_walking+40
x28 <- 0x90000FFFFFFFFFFF

clint mtime 0x0000000000000207 (mip.MTI <- 0b1, mip.STI <- 0b0)
mem[X,0x00000000800009B4] -> 0x1073
mem[X,0x00000000800009B6] -> 0x180E
[1038] [M]: 0x00000000800009B4 (0x180E1073) csrrw x0, satp, x28                     loop_walking+44
CSR satp (0x180) <- 0x90000FFFFFFFFFFF

mem[X,0x00000000800009B8] -> 0x23F3
mem[X,0x00000000800009BA] -> 0x1800
[1039] [M]: 0x00000000800009B8 (0x180023F3) csrrs x7, satp, x0                      loop_walking+48
CSR satp (0x180) -> 0x90000FFFFFFFFFFF
x7 <- 0x90000FFFFFFFFFFF

clint mtime 0x0000000000000208 (mip.MTI <- 0b1, mip.STI <- 0b0)
mem[X,0x00000000800009BC] -> 0xB023
mem[X,0x00000000800009BE] -> 0x0676
[1040] [M]: 0x00000000800009BC (0x0676B023) sd x7, 0x60(x13)                        loop_walking+52
mem[W,0x0000000080008178] <- 0x90000FFFFFFFFFFF

mem[X,0x00000000800009C0] -> 0x029B
mem[X,0x00000000800009C2] -> 0xFF90
[1041] [M]: 0x00000000800009C0 (0xFF90029B) addiw x5, x0, -0x7                      loop_walking+56
x5 <- 0xFFFFFFFFFFFFFFF9

clint mtime 0x0000000000000209 (mip.MTI <- 0b1, mip.STI <- 0b0)
mem[X,0x00000000800009C4] -> 0x9293
mem[X,0x00000000800009C6] -> 0x03C2
[1042] [M]: 0x00000000800009C4 (0x03C29293) slli x5, x5, 0x3c                       loop_walking+60
x5 <- 0x9000000000000000

mem[X,0x00000000800009C8] -> 0x8E13
mem[X,0x00000000800009CA] -> 0x0002
[1043] [M]: 0x00000000800009C8 (0x00028E13) addi x28, x5, 0x0                       loop_walking+64
x28 <- 0x9000000000000000

clint mtime 0x000000000000020A (mip.MTI <- 0b1, mip.STI <- 0b0)
mem[X,0x00000000800009CC] -> 0x1073
mem[X,0x00000000800009CE] -> 0x180E
[1044] [M]: 0x00000000800009CC (0x180E1073) csrrw x0, satp, x28                     loop_walking+68
CSR satp (0x180) <- 0x9000000000000000

mem[X,0x00000000800009D0] -> 0x23F3
mem[X,0x00000000800009D2] -> 0x1800
[1045] [M]: 0x00000000800009D0 (0x180023F3) csrrs x7, satp, x0                      loop_walking+72
CSR satp (0x180) -> 0x9000000000000000
x7 <- 0x9000000000000000

clint mtime 0x000000000000020B (mip.MTI <- 0b1, mip.STI <- 0b0)
mem[X,0x00000000800009D4] -> 0xB423
mem[X,0x00000000800009D6] -> 0x0676
[1046] [M]: 0x00000000800009D4 (0x0676B423) sd x7, 0x68(x13)                        loop_walking+76
mem[W,0x0000000080008180] <- 0x9000000000000000

mem[X,0x00000000800009D8] -> 0x031B
mem[X,0x00000000800009DA] -> 0x0010
[1047] [M]: 0x00000000800009D8 (0x0010031B) addiw x6, x0, 0x1                       loop_walking+80
x6 <- 0x0000000000000001

clint mtime 0x000000000000020C (mip.MTI <- 0b1, mip.STI <- 0b0)
mem[X,0x00000000800009DC] -> 0x1313
mem[X,0x00000000800009DE] -> 0x03C3
[1048] [M]: 0x00000000800009DC (0x03C31313) slli x6, x6, 0x3c                       loop_walking+84
x6 <- 0x1000000000000000

mem[X,0x00000000800009E0] -> 0x0313
mem[X,0x00000000800009E2] -> 0xFFF3
[1049] [M]: 0x00000000800009E0 (0xFFF30313) addi x6, x6, -0x1                       loop_walking+88
x6 <- 0x0FFFFFFFFFFFFFFF

clint mtime 0x000000000000020D (mip.MTI <- 0b1, mip.STI <- 0b0)
mem[X,0x00000000800009E4] -> 0xEE33
mem[X,0x00000000800009E6] -> 0x0062
[1050] [M]: 0x00000000800009E4 (0x0062EE33) or x28, x5, x6                          loop_walking+92
x28 <- 0x9FFFFFFFFFFFFFFF

mem[X,0x00000000800009E8] -> 0x1073
mem[X,0x00000000800009EA] -> 0x180E
[1051] [M]: 0x00000000800009E8 (0x180E1073) csrrw x0, satp, x28                     loop_walking+96
CSR satp (0x180) <- 0x9FFFFFFFFFFFFFFF

clint mtime 0x000000000000020E (mip.MTI <- 0b1, mip.STI <- 0b0)
mem[X,0x00000000800009EC] -> 0x23F3
mem[X,0x00000000800009EE] -> 0x1800
[1052] [M]: 0x00000000800009EC (0x180023F3) csrrs x7, satp, x0                      loop_walking+100
CSR satp (0x180) -> 0x9FFFFFFFFFFFFFFF
x7 <- 0x9FFFFFFFFFFFFFFF

mem[X,0x00000000800009F0] -> 0xB823
mem[X,0x00000000800009F2] -> 0x0676
[1053] [M]: 0x00000000800009F0 (0x0676B823) sd x7, 0x70(x13)                        loop_walking+104
mem[W,0x0000000080008188] <- 0x9FFFFFFFFFFFFFFF

clint mtime 0x000000000000020F (mip.MTI <- 0b1, mip.STI <- 0b0)
mem[X,0x00000000800009F4] -> 0x029B
mem[X,0x00000000800009F6] -> 0x0010
[1054] [M]: 0x00000000800009F4 (0x0010029B) addiw x5, x0, 0x1                       loop_walking+108
x5 <- 0x0000000000000001

mem[X,0x00000000800009F8] -> 0x9293
mem[X,0x00000000800009FA] -> 0x02C2
[1055] [M]: 0x00000000800009F8 (0x02C29293) slli x5, x5, 0x2c                       loop_walking+112
x5 <- 0x0000100000000000

clint mtime 0x0000000000000210 (mip.MTI <- 0b1, mip.STI <- 0b0)
mem[X,0x00000000800009FC] -> 0x0E1B
mem[X,0x00000000800009FE] -> 0xFF90
[1056] [M]: 0x00000000800009FC (0xFF900E1B) addiw x28, x0, -0x7                     loop_walking+116
x28 <- 0xFFFFFFFFFFFFFFF9

mem[X,0x0000000080000A00] -> 0x1E13
mem[X,0x0000000080000A02] -> 0x03CE
[1057] [M]: 0x0000000080000A00 (0x03CE1E13) slli x28, x28, 0x3c                     loop_walking+120
x28 <- 0x9000000000000000

clint mtime 0x0000000000000211 (mip.MTI <- 0b1, mip.STI <- 0b0)
mem[X,0x0000000080000A04] -> 0x0393
mem[X,0x0000000080000A06] -> 0x00F0
[1058] [M]: 0x0000000080000A04 (0x00F00393) addi x7, x0, 0xf                        loop_walking+124
x7 <- 0x000000000000000F

mem[X,0x0000000080000A08] -> 0x6EB3
mem[X,0x0000000080000A0A] -> 0x005E
[1059] [M]: 0x0000000080000A08 (0x005E6EB3) or x29, x28, x5                         satp_test_loop+0
x29 <- 0x9000100000000000

clint mtime 0x0000000000000212 (mip.MTI <- 0b1, mip.STI <- 0b0)
mem[X,0x0000000080000A0C] -> 0x9073
mem[X,0x0000000080000A0E] -> 0x180E
[1060] [M]: 0x0000000080000A0C (0x180E9073) csrrw x0, satp, x29                     satp_test_loop+4
CSR satp (0x180) <- 0x9000100000000000

mem[X,0x0000000080000A10] -> 0x2373
mem[X,0x0000000080000A12] -> 0x1800
[1061] [M]: 0x0000000080000A10 (0x18002373) csrrs x6, satp, x0                      satp_test_loop+8
CSR satp (0x180) -> 0x9000100000000000
x6 <- 0x9000100000000000

clint mtime 0x0000000000000213 (mip.MTI <- 0b1, mip.STI <- 0b0)
mem[X,0x0000000080000A14] -> 0xBC23
mem[X,0x0000000080000A16] -> 0x0666
[1062] [M]: 0x0000000080000A14 (0x0666BC23) sd x6, 0x78(x13)                        satp_test_loop+12
mem[W,0x0000000080008190] <- 0x9000100000000000

mem[X,0x0000000080000A18] -> 0x9293
mem[X,0x0000000080000A1A] -> 0x0012
[1063] [M]: 0x0000000080000A18 (0x00129293) slli x5, x5, 0x1                        satp_test_loop+16
x5 <- 0x0000200000000000

clint mtime 0x0000000000000214 (mip.MTI <- 0b1, mip.STI <- 0b0)
mem[X,0x0000000080000A1C] -> 0x8393
mem[X,0x0000000080000A1E] -> 0xFFF3
[1064] [M]: 0x0000000080000A1C (0xFFF38393) addi x7, x7, -0x1                       satp_test_loop+20
x7 <- 0x000000000000000E

mem[X,0x0000000080000A20] -> 0x94E3
mem[X,0x0000000080000A22] -> 0xFE03
[1065] [M]: 0x0000000080000A20 (0xFE0394E3) bne x7, x0, -0x18                       satp_test_loop+24

clint mtime 0x0000000000000215 (mip.MTI <- 0b1, mip.STI <- 0b0)
mem[X,0x0000000080000A08] -> 0x6EB3
mem[X,0x0000000080000A0A] -> 0x005E
[1066] [M]: 0x0000000080000A08 (0x005E6EB3) or x29, x28, x5                         satp_test_loop+0
x29 <- 0x9000200000000000

mem[X,0x0000000080000A0C] -> 0x9073
mem[X,0x0000000080000A0E] -> 0x180E
[1067] [M]: 0x0000000080000A0C (0x180E9073) csrrw x0, satp, x29                     satp_test_loop+4
CSR satp (0x180) <- 0x9000200000000000

clint mtime 0x0000000000000216 (mip.MTI <- 0b1, mip.STI <- 0b0)
mem[X,0x0000000080000A10] -> 0x2373
mem[X,0x0000000080000A12] -> 0x1800
[1068] [M]: 0x0000000080000A10 (0x18002373) csrrs x6, satp, x0                      satp_test_loop+8
CSR satp (0x180) -> 0x9000200000000000
x6 <- 0x9000200000000000

mem[X,0x0000000080000A14] -> 0xBC23
mem[X,0x0000000080000A16] -> 0x0666
[1069] [M]: 0x0000000080000A14 (0x0666BC23) sd x6, 0x78(x13)                        satp_test_loop+12
mem[W,0x0000000080008190] <- 0x9000200000000000

clint mtime 0x0000000000000217 (mip.MTI <- 0b1, mip.STI <- 0b0)
mem[X,0x0000000080000A18] -> 0x9293
mem[X,0x0000000080000A1A] -> 0x0012
[1070] [M]: 0x0000000080000A18 (0x00129293) slli x5, x5, 0x1                        satp_test_loop+16
x5 <- 0x0000400000000000

mem[X,0x0000000080000A1C] -> 0x8393
mem[X,0x0000000080000A1E] -> 0xFFF3
[1071] [M]: 0x0000000080000A1C (0xFFF38393) addi x7, x7, -0x1                       satp_test_loop+20
x7 <- 0x000000000000000D

clint mtime 0x0000000000000218 (mip.MTI <- 0b1, mip.STI <- 0b0)
mem[X,0x0000000080000A20] -> 0x94E3
mem[X,0x0000000080000A22] -> 0xFE03
[1072] [M]: 0x0000000080000A20 (0xFE0394E3) bne x7, x0, -0x18                       satp_test_loop+24

mem[X,0x0000000080000A08] -> 0x6EB3
mem[X,0x0000000080000A0A] -> 0x005E
[1073] [M]: 0x0000000080000A08 (0x005E6EB3) or x29, x28, x5                         satp_test_loop+0
x29 <- 0x9000400000000000

clint mtime 0x0000000000000219 (mip.MTI <- 0b1, mip.STI <- 0b0)
mem[X,0x0000000080000A0C] -> 0x9073
mem[X,0x0000000080000A0E] -> 0x180E
[1074] [M]: 0x0000000080000A0C (0x180E9073) csrrw x0, satp, x29                     satp_test_loop+4
CSR satp (0x180) <- 0x9000400000000000

mem[X,0x0000000080000A10] -> 0x2373
mem[X,0x0000000080000A12] -> 0x1800
[1075] [M]: 0x0000000080000A10 (0x18002373) csrrs x6, satp, x0                      satp_test_loop+8
CSR satp (0x180) -> 0x9000400000000000
x6 <- 0x9000400000000000

clint mtime 0x000000000000021A (mip.MTI <- 0b1, mip.STI <- 0b0)
mem[X,0x0000000080000A14] -> 0xBC23
mem[X,0x0000000080000A16] -> 0x0666
[1076] [M]: 0x0000000080000A14 (0x0666BC23) sd x6, 0x78(x13)                        satp_test_loop+12
mem[W,0x0000000080008190] <- 0x9000400000000000

mem[X,0x0000000080000A18] -> 0x9293
mem[X,0x0000000080000A1A] -> 0x0012
[1077] [M]: 0x0000000080000A18 (0x00129293) slli x5, x5, 0x1                        satp_test_loop+16
x5 <- 0x0000800000000000

clint mtime 0x000000000000021B (mip.MTI <- 0b1, mip.STI <- 0b0)
mem[X,0x0000000080000A1C] -> 0x8393
mem[X,0x0000000080000A1E] -> 0xFFF3
[1078] [M]: 0x0000000080000A1C (0xFFF38393) addi x7, x7, -0x1                       satp_test_loop+20
x7 <- 0x000000000000000C

mem[X,0x0000000080000A20] -> 0x94E3
mem[X,0x0000000080000A22] -> 0xFE03
[1079] [M]: 0x0000000080000A20 (0xFE0394E3) bne x7, x0, -0x18                       satp_test_loop+24

clint mtime 0x000000000000021C (mip.MTI <- 0b1, mip.STI <- 0b0)
mem[X,0x0000000080000A08] -> 0x6EB3
mem[X,0x0000000080000A0A] -> 0x005E
[1080] [M]: 0x0000000080000A08 (0x005E6EB3) or x29, x28, x5                         satp_test_loop+0
x29 <- 0x9000800000000000

mem[X,0x0000000080000A0C] -> 0x9073
mem[X,0x0000000080000A0E] -> 0x180E
[1081] [M]: 0x0000000080000A0C (0x180E9073) csrrw x0, satp, x29                     satp_test_loop+4
CSR satp (0x180) <- 0x9000800000000000

clint mtime 0x000000000000021D (mip.MTI <- 0b1, mip.STI <- 0b0)
mem[X,0x0000000080000A10] -> 0x2373
mem[X,0x0000000080000A12] -> 0x1800
[1082] [M]: 0x0000000080000A10 (0x18002373) csrrs x6, satp, x0                      satp_test_loop+8
CSR satp (0x180) -> 0x9000800000000000
x6 <- 0x9000800000000000

mem[X,0x0000000080000A14] -> 0xBC23
mem[X,0x0000000080000A16] -> 0x0666
[1083] [M]: 0x0000000080000A14 (0x0666BC23) sd x6, 0x78(x13)                        satp_test_loop+12
mem[W,0x0000000080008190] <- 0x9000800000000000

clint mtime 0x000000000000021E (mip.MTI <- 0b1, mip.STI <- 0b0)
mem[X,0x0000000080000A18] -> 0x9293
mem[X,0x0000000080000A1A] -> 0x0012
[1084] [M]: 0x0000000080000A18 (0x00129293) slli x5, x5, 0x1                        satp_test_loop+16
x5 <- 0x0001000000000000

mem[X,0x0000000080000A1C] -> 0x8393
mem[X,0x0000000080000A1E] -> 0xFFF3
[1085] [M]: 0x0000000080000A1C (0xFFF38393) addi x7, x7, -0x1                       satp_test_loop+20
x7 <- 0x000000000000000B

clint mtime 0x000000000000021F (mip.MTI <- 0b1, mip.STI <- 0b0)
mem[X,0x0000000080000A20] -> 0x94E3
mem[X,0x0000000080000A22] -> 0xFE03
[1086] [M]: 0x0000000080000A20 (0xFE0394E3) bne x7, x0, -0x18                       satp_test_loop+24

mem[X,0x0000000080000A08] -> 0x6EB3
mem[X,0x0000000080000A0A] -> 0x005E
[1087] [M]: 0x0000000080000A08 (0x005E6EB3) or x29, x28, x5                         satp_test_loop+0
x29 <- 0x9001000000000000

clint mtime 0x0000000000000220 (mip.MTI <- 0b1, mip.STI <- 0b0)
mem[X,0x0000000080000A0C] -> 0x9073
mem[X,0x0000000080000A0E] -> 0x180E
[1088] [M]: 0x0000000080000A0C (0x180E9073) csrrw x0, satp, x29                     satp_test_loop+4
CSR satp (0x180) <- 0x9001000000000000

mem[X,0x0000000080000A10] -> 0x2373
mem[X,0x0000000080000A12] -> 0x1800
[1089] [M]: 0x0000000080000A10 (0x18002373) csrrs x6, satp, x0                      satp_test_loop+8
CSR satp (0x180) -> 0x9001000000000000
x6 <- 0x9001000000000000

clint mtime 0x0000000000000221 (mip.MTI <- 0b1, mip.STI <- 0b0)
mem[X,0x0000000080000A14] -> 0xBC23
mem[X,0x0000000080000A16] -> 0x0666
[1090] [M]: 0x0000000080000A14 (0x0666BC23) sd x6, 0x78(x13)                        satp_test_loop+12
mem[W,0x0000000080008190] <- 0x9001000000000000

mem[X,0x0000000080000A18] -> 0x9293
mem[X,0x0000000080000A1A] -> 0x0012
[1091] [M]: 0x0000000080000A18 (0x00129293) slli x5, x5, 0x1                        satp_test_loop+16
x5 <- 0x0002000000000000

clint mtime 0x0000000000000222 (mip.MTI <- 0b1, mip.STI <- 0b0)
mem[X,0x0000000080000A1C] -> 0x8393
mem[X,0x0000000080000A1E] -> 0xFFF3
[1092] [M]: 0x0000000080000A1C (0xFFF38393) addi x7, x7, -0x1                       satp_test_loop+20
x7 <- 0x000000000000000A

mem[X,0x0000000080000A20] -> 0x94E3
mem[X,0x0000000080000A22] -> 0xFE03
[1093] [M]: 0x0000000080000A20 (0xFE0394E3) bne x7, x0, -0x18                       satp_test_loop+24

clint mtime 0x0000000000000223 (mip.MTI <- 0b1, mip.STI <- 0b0)
mem[X,0x0000000080000A08] -> 0x6EB3
mem[X,0x0000000080000A0A] -> 0x005E
[1094] [M]: 0x0000000080000A08 (0x005E6EB3) or x29, x28, x5                         satp_test_loop+0
x29 <- 0x9002000000000000

mem[X,0x0000000080000A0C] -> 0x9073
mem[X,0x0000000080000A0E] -> 0x180E
[1095] [M]: 0x0000000080000A0C (0x180E9073) csrrw x0, satp, x29                     satp_test_loop+4
CSR satp (0x180) <- 0x9002000000000000

clint mtime 0x0000000000000224 (mip.MTI <- 0b1, mip.STI <- 0b0)
mem[X,0x0000000080000A10] -> 0x2373
mem[X,0x0000000080000A12] -> 0x1800
[1096] [M]: 0x0000000080000A10 (0x18002373) csrrs x6, satp, x0                      satp_test_loop+8
CSR satp (0x180) -> 0x9002000000000000
x6 <- 0x9002000000000000

mem[X,0x0000000080000A14] -> 0xBC23
mem[X,0x0000000080000A16] -> 0x0666
[1097] [M]: 0x0000000080000A14 (0x0666BC23) sd x6, 0x78(x13)                        satp_test_loop+12
mem[W,0x0000000080008190] <- 0x9002000000000000

clint mtime 0x0000000000000225 (mip.MTI <- 0b1, mip.STI <- 0b0)
mem[X,0x0000000080000A18] -> 0x9293
mem[X,0x0000000080000A1A] -> 0x0012
[1098] [M]: 0x0000000080000A18 (0x00129293) slli x5, x5, 0x1                        satp_test_loop+16
x5 <- 0x0004000000000000

mem[X,0x0000000080000A1C] -> 0x8393
mem[X,0x0000000080000A1E] -> 0xFFF3
[1099] [M]: 0x0000000080000A1C (0xFFF38393) addi x7, x7, -0x1                       satp_test_loop+20
x7 <- 0x0000000000000009

clint mtime 0x0000000000000226 (mip.MTI <- 0b1, mip.STI <- 0b0)
mem[X,0x0000000080000A20] -> 0x94E3
mem[X,0x0000000080000A22] -> 0xFE03
[1100] [M]: 0x0000000080000A20 (0xFE0394E3) bne x7, x0, -0x18                       satp_test_loop+24

mem[X,0x0000000080000A08] -> 0x6EB3
mem[X,0x0000000080000A0A] -> 0x005E
[1101] [M]: 0x0000000080000A08 (0x005E6EB3) or x29, x28, x5                         satp_test_loop+0
x29 <- 0x9004000000000000

clint mtime 0x0000000000000227 (mip.MTI <- 0b1, mip.STI <- 0b0)
mem[X,0x0000000080000A0C] -> 0x9073
mem[X,0x0000000080000A0E] -> 0x180E
[1102] [M]: 0x0000000080000A0C (0x180E9073) csrrw x0, satp, x29                     satp_test_loop+4
CSR satp (0x180) <- 0x9004000000000000

mem[X,0x0000000080000A10] -> 0x2373
mem[X,0x0000000080000A12] -> 0x1800
[1103] [M]: 0x0000000080000A10 (0x18002373) csrrs x6, satp, x0                      satp_test_loop+8
CSR satp (0x180) -> 0x9004000000000000
x6 <- 0x9004000000000000

clint mtime 0x0000000000000228 (mip.MTI <- 0b1, mip.STI <- 0b0)
mem[X,0x0000000080000A14] -> 0xBC23
mem[X,0x0000000080000A16] -> 0x0666
[1104] [M]: 0x0000000080000A14 (0x0666BC23) sd x6, 0x78(x13)                        satp_test_loop+12
mem[W,0x0000000080008190] <- 0x9004000000000000

mem[X,0x0000000080000A18] -> 0x9293
mem[X,0x0000000080000A1A] -> 0x0012
[1105] [M]: 0x0000000080000A18 (0x00129293) slli x5, x5, 0x1                        satp_test_loop+16
x5 <- 0x0008000000000000

clint mtime 0x0000000000000229 (mip.MTI <- 0b1, mip.STI <- 0b0)
mem[X,0x0000000080000A1C] -> 0x8393
mem[X,0x0000000080000A1E] -> 0xFFF3
[1106] [M]: 0x0000000080000A1C (0xFFF38393) addi x7, x7, -0x1                       satp_test_loop+20
x7 <- 0x0000000000000008

mem[X,0x0000000080000A20] -> 0x94E3
mem[X,0x0000000080000A22] -> 0xFE03
[1107] [M]: 0x0000000080000A20 (0xFE0394E3) bne x7, x0, -0x18                       satp_test_loop+24

clint mtime 0x000000000000022A (mip.MTI <- 0b1, mip.STI <- 0b0)
mem[X,0x0000000080000A08] -> 0x6EB3
mem[X,0x0000000080000A0A] -> 0x005E
[1108] [M]: 0x0000000080000A08 (0x005E6EB3) or x29, x28, x5                         satp_test_loop+0
x29 <- 0x9008000000000000

mem[X,0x0000000080000A0C] -> 0x9073
mem[X,0x0000000080000A0E] -> 0x180E
[1109] [M]: 0x0000000080000A0C (0x180E9073) csrrw x0, satp, x29                     satp_test_loop+4
CSR satp (0x180) <- 0x9008000000000000

clint mtime 0x000000000000022B (mip.MTI <- 0b1, mip.STI <- 0b0)
mem[X,0x0000000080000A10] -> 0x2373
mem[X,0x0000000080000A12] -> 0x1800
[1110] [M]: 0x0000000080000A10 (0x18002373) csrrs x6, satp, x0                      satp_test_loop+8
CSR satp (0x180) -> 0x9008000000000000
x6 <- 0x9008000000000000

mem[X,0x0000000080000A14] -> 0xBC23
mem[X,0x0000000080000A16] -> 0x0666
[1111] [M]: 0x0000000080000A14 (0x0666BC23) sd x6, 0x78(x13)                        satp_test_loop+12
mem[W,0x0000000080008190] <- 0x9008000000000000

clint mtime 0x000000000000022C (mip.MTI <- 0b1, mip.STI <- 0b0)
mem[X,0x0000000080000A18] -> 0x9293
mem[X,0x0000000080000A1A] -> 0x0012
[1112] [M]: 0x0000000080000A18 (0x00129293) slli x5, x5, 0x1                        satp_test_loop+16
x5 <- 0x0010000000000000

mem[X,0x0000000080000A1C] -> 0x8393
mem[X,0x0000000080000A1E] -> 0xFFF3
[1113] [M]: 0x0000000080000A1C (0xFFF38393) addi x7, x7, -0x1                       satp_test_loop+20
x7 <- 0x0000000000000007

clint mtime 0x000000000000022D (mip.MTI <- 0b1, mip.STI <- 0b0)
mem[X,0x0000000080000A20] -> 0x94E3
mem[X,0x0000000080000A22] -> 0xFE03
[1114] [M]: 0x0000000080000A20 (0xFE0394E3) bne x7, x0, -0x18                       satp_test_loop+24

mem[X,0x0000000080000A08] -> 0x6EB3
mem[X,0x0000000080000A0A] -> 0x005E
[1115] [M]: 0x0000000080000A08 (0x005E6EB3) or x29, x28, x5                         satp_test_loop+0
x29 <- 0x9010000000000000

clint mtime 0x000000000000022E (mip.MTI <- 0b1, mip.STI <- 0b0)
mem[X,0x0000000080000A0C] -> 0x9073
mem[X,0x0000000080000A0E] -> 0x180E
[1116] [M]: 0x0000000080000A0C (0x180E9073) csrrw x0, satp, x29                     satp_test_loop+4
CSR satp (0x180) <- 0x9010000000000000

mem[X,0x0000000080000A10] -> 0x2373
mem[X,0x0000000080000A12] -> 0x1800
[1117] [M]: 0x0000000080000A10 (0x18002373) csrrs x6, satp, x0                      satp_test_loop+8
CSR satp (0x180) -> 0x9010000000000000
x6 <- 0x9010000000000000

clint mtime 0x000000000000022F (mip.MTI <- 0b1, mip.STI <- 0b0)
mem[X,0x0000000080000A14] -> 0xBC23
mem[X,0x0000000080000A16] -> 0x0666
[1118] [M]: 0x0000000080000A14 (0x0666BC23) sd x6, 0x78(x13)                        satp_test_loop+12
mem[W,0x0000000080008190] <- 0x9010000000000000

mem[X,0x0000000080000A18] -> 0x9293
mem[X,0x0000000080000A1A] -> 0x0012
[1119] [M]: 0x0000000080000A18 (0x00129293) slli x5, x5, 0x1                        satp_test_loop+16
x5 <- 0x0020000000000000

clint mtime 0x0000000000000230 (mip.MTI <- 0b1, mip.STI <- 0b0)
mem[X,0x0000000080000A1C] -> 0x8393
mem[X,0x0000000080000A1E] -> 0xFFF3
[1120] [M]: 0x0000000080000A1C (0xFFF38393) addi x7, x7, -0x1                       satp_test_loop+20
x7 <- 0x0000000000000006

mem[X,0x0000000080000A20] -> 0x94E3
mem[X,0x0000000080000A22] -> 0xFE03
[1121] [M]: 0x0000000080000A20 (0xFE0394E3) bne x7, x0, -0x18                       satp_test_loop+24

clint mtime 0x0000000000000231 (mip.MTI <- 0b1, mip.STI <- 0b0)
mem[X,0x0000000080000A08] -> 0x6EB3
mem[X,0x0000000080000A0A] -> 0x005E
[1122] [M]: 0x0000000080000A08 (0x005E6EB3) or x29, x28, x5                         satp_test_loop+0
x29 <- 0x9020000000000000

mem[X,0x0000000080000A0C] -> 0x9073
mem[X,0x0000000080000A0E] -> 0x180E
[1123] [M]: 0x0000000080000A0C (0x180E9073) csrrw x0, satp, x29                     satp_test_loop+4
CSR satp (0x180) <- 0x9020000000000000

clint mtime 0x0000000000000232 (mip.MTI <- 0b1, mip.STI <- 0b0)
mem[X,0x0000000080000A10] -> 0x2373
mem[X,0x0000000080000A12] -> 0x1800
[1124] [M]: 0x0000000080000A10 (0x18002373) csrrs x6, satp, x0                      satp_test_loop+8
CSR satp (0x180) -> 0x9020000000000000
x6 <- 0x9020000000000000

mem[X,0x0000000080000A14] -> 0xBC23
mem[X,0x0000000080000A16] -> 0x0666
[1125] [M]: 0x0000000080000A14 (0x0666BC23) sd x6, 0x78(x13)                        satp_test_loop+12
mem[W,0x0000000080008190] <- 0x9020000000000000

clint mtime 0x0000000000000233 (mip.MTI <- 0b1, mip.STI <- 0b0)
mem[X,0x0000000080000A18] -> 0x9293
mem[X,0x0000000080000A1A] -> 0x0012
[1126] [M]: 0x0000000080000A18 (0x00129293) slli x5, x5, 0x1                        satp_test_loop+16
x5 <- 0x0040000000000000

mem[X,0x0000000080000A1C] -> 0x8393
mem[X,0x0000000080000A1E] -> 0xFFF3
[1127] [M]: 0x0000000080000A1C (0xFFF38393) addi x7, x7, -0x1                       satp_test_loop+20
x7 <- 0x0000000000000005

clint mtime 0x0000000000000234 (mip.MTI <- 0b1, mip.STI <- 0b0)
mem[X,0x0000000080000A20] -> 0x94E3
mem[X,0x0000000080000A22] -> 0xFE03
[1128] [M]: 0x0000000080000A20 (0xFE0394E3) bne x7, x0, -0x18                       satp_test_loop+24

mem[X,0x0000000080000A08] -> 0x6EB3
mem[X,0x0000000080000A0A] -> 0x005E
[1129] [M]: 0x0000000080000A08 (0x005E6EB3) or x29, x28, x5                         satp_test_loop+0
x29 <- 0x9040000000000000

clint mtime 0x0000000000000235 (mip.MTI <- 0b1, mip.STI <- 0b0)
mem[X,0x0000000080000A0C] -> 0x9073
mem[X,0x0000000080000A0E] -> 0x180E
[1130] [M]: 0x0000000080000A0C (0x180E9073) csrrw x0, satp, x29                     satp_test_loop+4
CSR satp (0x180) <- 0x9040000000000000

mem[X,0x0000000080000A10] -> 0x2373
mem[X,0x0000000080000A12] -> 0x1800
[1131] [M]: 0x0000000080000A10 (0x18002373) csrrs x6, satp, x0                      satp_test_loop+8
CSR satp (0x180) -> 0x9040000000000000
x6 <- 0x9040000000000000

clint mtime 0x0000000000000236 (mip.MTI <- 0b1, mip.STI <- 0b0)
mem[X,0x0000000080000A14] -> 0xBC23
mem[X,0x0000000080000A16] -> 0x0666
[1132] [M]: 0x0000000080000A14 (0x0666BC23) sd x6, 0x78(x13)                        satp_test_loop+12
mem[W,0x0000000080008190] <- 0x9040000000000000

mem[X,0x0000000080000A18] -> 0x9293
mem[X,0x0000000080000A1A] -> 0x0012
[1133] [M]: 0x0000000080000A18 (0x00129293) slli x5, x5, 0x1                        satp_test_loop+16
x5 <- 0x0080000000000000

clint mtime 0x0000000000000237 (mip.MTI <- 0b1, mip.STI <- 0b0)
mem[X,0x0000000080000A1C] -> 0x8393
mem[X,0x0000000080000A1E] -> 0xFFF3
[1134] [M]: 0x0000000080000A1C (0xFFF38393) addi x7, x7, -0x1                       satp_test_loop+20
x7 <- 0x0000000000000004

mem[X,0x0000000080000A20] -> 0x94E3
mem[X,0x0000000080000A22] -> 0xFE03
[1135] [M]: 0x0000000080000A20 (0xFE0394E3) bne x7, x0, -0x18                       satp_test_loop+24

clint mtime 0x0000000000000238 (mip.MTI <- 0b1, mip.STI <- 0b0)
mem[X,0x0000000080000A08] -> 0x6EB3
mem[X,0x0000000080000A0A] -> 0x005E
[1136] [M]: 0x0000000080000A08 (0x005E6EB3) or x29, x28, x5                         satp_test_loop+0
x29 <- 0x9080000000000000

mem[X,0x0000000080000A0C] -> 0x9073
mem[X,0x0000000080000A0E] -> 0x180E
[1137] [M]: 0x0000000080000A0C (0x180E9073) csrrw x0, satp, x29                     satp_test_loop+4
CSR satp (0x180) <- 0x9080000000000000

clint mtime 0x0000000000000239 (mip.MTI <- 0b1, mip.STI <- 0b0)
mem[X,0x0000000080000A10] -> 0x2373
mem[X,0x0000000080000A12] -> 0x1800
[1138] [M]: 0x0000000080000A10 (0x18002373) csrrs x6, satp, x0                      satp_test_loop+8
CSR satp (0x180) -> 0x9080000000000000
x6 <- 0x9080000000000000

mem[X,0x0000000080000A14] -> 0xBC23
mem[X,0x0000000080000A16] -> 0x0666
[1139] [M]: 0x0000000080000A14 (0x0666BC23) sd x6, 0x78(x13)                        satp_test_loop+12
mem[W,0x0000000080008190] <- 0x9080000000000000

clint mtime 0x000000000000023A (mip.MTI <- 0b1, mip.STI <- 0b0)
mem[X,0x0000000080000A18] -> 0x9293
mem[X,0x0000000080000A1A] -> 0x0012
[1140] [M]: 0x0000000080000A18 (0x00129293) slli x5, x5, 0x1                        satp_test_loop+16
x5 <- 0x0100000000000000

mem[X,0x0000000080000A1C] -> 0x8393
mem[X,0x0000000080000A1E] -> 0xFFF3
[1141] [M]: 0x0000000080000A1C (0xFFF38393) addi x7, x7, -0x1                       satp_test_loop+20
x7 <- 0x0000000000000003

clint mtime 0x000000000000023B (mip.MTI <- 0b1, mip.STI <- 0b0)
mem[X,0x0000000080000A20] -> 0x94E3
mem[X,0x0000000080000A22] -> 0xFE03
[1142] [M]: 0x0000000080000A20 (0xFE0394E3) bne x7, x0, -0x18                       satp_test_loop+24

mem[X,0x0000000080000A08] -> 0x6EB3
mem[X,0x0000000080000A0A] -> 0x005E
[1143] [M]: 0x0000000080000A08 (0x005E6EB3) or x29, x28, x5                         satp_test_loop+0
x29 <- 0x9100000000000000

clint mtime 0x000000000000023C (mip.MTI <- 0b1, mip.STI <- 0b0)
mem[X,0x0000000080000A0C] -> 0x9073
mem[X,0x0000000080000A0E] -> 0x180E
[1144] [M]: 0x0000000080000A0C (0x180E9073) csrrw x0, satp, x29                     satp_test_loop+4
CSR satp (0x180) <- 0x9100000000000000

mem[X,0x0000000080000A10] -> 0x2373
mem[X,0x0000000080000A12] -> 0x1800
[1145] [M]: 0x0000000080000A10 (0x18002373) csrrs x6, satp, x0                      satp_test_loop+8
CSR satp (0x180) -> 0x9100000000000000
x6 <- 0x9100000000000000

clint mtime 0x000000000000023D (mip.MTI <- 0b1, mip.STI <- 0b0)
mem[X,0x0000000080000A14] -> 0xBC23
mem[X,0x0000000080000A16] -> 0x0666
[1146] [M]: 0x0000000080000A14 (0x0666BC23) sd x6, 0x78(x13)                        satp_test_loop+12
mem[W,0x0000000080008190] <- 0x9100000000000000

mem[X,0x0000000080000A18] -> 0x9293
mem[X,0x0000000080000A1A] -> 0x0012
[1147] [M]: 0x0000000080000A18 (0x00129293) slli x5, x5, 0x1                        satp_test_loop+16
x5 <- 0x0200000000000000

clint mtime 0x000000000000023E (mip.MTI <- 0b1, mip.STI <- 0b0)
mem[X,0x0000000080000A1C] -> 0x8393
mem[X,0x0000000080000A1E] -> 0xFFF3
[1148] [M]: 0x0000000080000A1C (0xFFF38393) addi x7, x7, -0x1                       satp_test_loop+20
x7 <- 0x0000000000000002

mem[X,0x0000000080000A20] -> 0x94E3
mem[X,0x0000000080000A22] -> 0xFE03
[1149] [M]: 0x0000000080000A20 (0xFE0394E3) bne x7, x0, -0x18                       satp_test_loop+24

clint mtime 0x000000000000023F (mip.MTI <- 0b1, mip.STI <- 0b0)
mem[X,0x0000000080000A08] -> 0x6EB3
mem[X,0x0000000080000A0A] -> 0x005E
[1150] [M]: 0x0000000080000A08 (0x005E6EB3) or x29, x28, x5                         satp_test_loop+0
x29 <- 0x9200000000000000

mem[X,0x0000000080000A0C] -> 0x9073
mem[X,0x0000000080000A0E] -> 0x180E
[1151] [M]: 0x0000000080000A0C (0x180E9073) csrrw x0, satp, x29                     satp_test_loop+4
CSR satp (0x180) <- 0x9200000000000000

clint mtime 0x0000000000000240 (mip.MTI <- 0b1, mip.STI <- 0b0)
mem[X,0x0000000080000A10] -> 0x2373
mem[X,0x0000000080000A12] -> 0x1800
[1152] [M]: 0x0000000080000A10 (0x18002373) csrrs x6, satp, x0                      satp_test_loop+8
CSR satp (0x180) -> 0x9200000000000000
x6 <- 0x9200000000000000

mem[X,0x0000000080000A14] -> 0xBC23
mem[X,0x0000000080000A16] -> 0x0666
[1153] [M]: 0x0000000080000A14 (0x0666BC23) sd x6, 0x78(x13)                        satp_test_loop+12
mem[W,0x0000000080008190] <- 0x9200000000000000

clint mtime 0x0000000000000241 (mip.MTI <- 0b1, mip.STI <- 0b0)
mem[X,0x0000000080000A18] -> 0x9293
mem[X,0x0000000080000A1A] -> 0x0012
[1154] [M]: 0x0000000080000A18 (0x00129293) slli x5, x5, 0x1                        satp_test_loop+16
x5 <- 0x0400000000000000

mem[X,0x0000000080000A1C] -> 0x8393
mem[X,0x0000000080000A1E] -> 0xFFF3
[1155] [M]: 0x0000000080000A1C (0xFFF38393) addi x7, x7, -0x1                       satp_test_loop+20
x7 <- 0x0000000000000001

clint mtime 0x0000000000000242 (mip.MTI <- 0b1, mip.STI <- 0b0)
mem[X,0x0000000080000A20] -> 0x94E3
mem[X,0x0000000080000A22] -> 0xFE03
[1156] [M]: 0x0000000080000A20 (0xFE0394E3) bne x7, x0, -0x18                       satp_test_loop+24

mem[X,0x0000000080000A08] -> 0x6EB3
mem[X,0x0000000080000A0A] -> 0x005E
[1157] [M]: 0x0000000080000A08 (0x005E6EB3) or x29, x28, x5                         satp_test_loop+0
x29 <- 0x9400000000000000

clint mtime 0x0000000000000243 (mip.MTI <- 0b1, mip.STI <- 0b0)
mem[X,0x0000000080000A0C] -> 0x9073
mem[X,0x0000000080000A0E] -> 0x180E
[1158] [M]: 0x0000000080000A0C (0x180E9073) csrrw x0, satp, x29                     satp_test_loop+4
CSR satp (0x180) <- 0x9400000000000000

mem[X,0x0000000080000A10] -> 0x2373
mem[X,0x0000000080000A12] -> 0x1800
[1159] [M]: 0x0000000080000A10 (0x18002373) csrrs x6, satp, x0                      satp_test_loop+8
CSR satp (0x180) -> 0x9400000000000000
x6 <- 0x9400000000000000

clint mtime 0x0000000000000244 (mip.MTI <- 0b1, mip.STI <- 0b0)
mem[X,0x0000000080000A14] -> 0xBC23
mem[X,0x0000000080000A16] -> 0x0666
[1160] [M]: 0x0000000080000A14 (0x0666BC23) sd x6, 0x78(x13)                        satp_test_loop+12
mem[W,0x0000000080008190] <- 0x9400000000000000

mem[X,0x0000000080000A18] -> 0x9293
mem[X,0x0000000080000A1A] -> 0x0012
[1161] [M]: 0x0000000080000A18 (0x00129293) slli x5, x5, 0x1                        satp_test_loop+16
x5 <- 0x0800000000000000

clint mtime 0x0000000000000245 (mip.MTI <- 0b1, mip.STI <- 0b0)
mem[X,0x0000000080000A1C] -> 0x8393
mem[X,0x0000000080000A1E] -> 0xFFF3
[1162] [M]: 0x0000000080000A1C (0xFFF38393) addi x7, x7, -0x1                       satp_test_loop+20
x7 <- 0x0000000000000000

mem[X,0x0000000080000A20] -> 0x94E3
mem[X,0x0000000080000A22] -> 0xFE03
[1163] [M]: 0x0000000080000A20 (0xFE0394E3) bne x7, x0, -0x18                       satp_test_loop+24

clint mtime 0x0000000000000246 (mip.MTI <- 0b1, mip.STI <- 0b0)
mem[X,0x0000000080000A24] -> 0x0E13
mem[X,0x0000000080000A26] -> 0x0000
[1164] [M]: 0x0000000080000A24 (0x00000E13) addi x28, x0, 0x0                       satp_test_loop+28
x28 <- 0x0000000000000000

mem[X,0x0000000080000A28] -> 0x1073
mem[X,0x0000000080000A2A] -> 0x180E
[1165] [M]: 0x0000000080000A28 (0x180E1073) csrrw x0, satp, x28                     satp_test_loop+32
CSR satp (0x180) <- 0x0000000000000000

clint mtime 0x0000000000000247 (mip.MTI <- 0b1, mip.STI <- 0b0)
mem[X,0x0000000080000A2C] -> 0x23F3
mem[X,0x0000000080000A2E] -> 0x1800
[1166] [M]: 0x0000000080000A2C (0x180023F3) csrrs x7, satp, x0                      satp_test_loop+36
CSR satp (0x180) -> 0x0000000000000000
x7 <- 0x0000000000000000

mem[X,0x0000000080000A30] -> 0xB023
mem[X,0x0000000080000A32] -> 0x0876
[1167] [M]: 0x0000000080000A30 (0x0876B023) sd x7, 0x80(x13)                        satp_test_loop+40
mem[W,0x0000000080008198] <- 0x0000000000000000

clint mtime 0x0000000000000248 (mip.MTI <- 0b1, mip.STI <- 0b0)
mem[X,0x0000000080000A34] -> 0x2337
mem[X,0x0000000080000A36] -> 0x0009
[1168] [M]: 0x0000000080000A34 (0x00092337) lui x6, 0x92                            satp_test_loop+44
x6 <- 0x0000000000092000

mem[X,0x0000000080000A38] -> 0x031B
mem[X,0x0000000080000A3A] -> 0xA2B3
[1169] [M]: 0x0000000080000A38 (0xA2B3031B) addiw x6, x6, -0x5d5                    satp_test_loop+48
x6 <- 0x0000000000091A2B

clint mtime 0x0000000000000249 (mip.MTI <- 0b1, mip.STI <- 0b0)
mem[X,0x0000000080000A3C] -> 0x1313
mem[X,0x0000000080000A3E] -> 0x00C3
[1170] [M]: 0x0000000080000A3C (0x00C31313) slli x6, x6, 0xc                        satp_test_loop+52
x6 <- 0x0000000091A2B000

mem[X,0x0000000080000A40] -> 0x0313
mem[X,0x0000000080000A42] -> 0x3C53
[1171] [M]: 0x0000000080000A40 (0x3C530313) addi x6, x6, 0x3c5                      satp_test_loop+56
x6 <- 0x0000000091A2B3C5

clint mtime 0x000000000000024A (mip.MTI <- 0b1, mip.STI <- 0b0)
mem[X,0x0000000080000A44] -> 0x1313
mem[X,0x0000000080000A46] -> 0x00D3
[1172] [M]: 0x0000000080000A44 (0x00D31313) slli x6, x6, 0xd                        satp_test_loop+60
x6 <- 0x000012345678A000

mem[X,0x0000000080000A48] -> 0x0313
mem[X,0x0000000080000A4A] -> 0xABC3
[1173] [M]: 0x0000000080000A48 (0xABC30313) addi x6, x6, -0x544                     satp_test_loop+64
x6 <- 0x0000123456789ABC

clint mtime 0x000000000000024B (mip.MTI <- 0b1, mip.STI <- 0b0)
mem[X,0x0000000080000A4C] -> 0x6E33
mem[X,0x0000000080000A4E] -> 0x006E
[1174] [M]: 0x0000000080000A4C (0x006E6E33) or x28, x28, x6                         satp_test_loop+68
x28 <- 0x0000123456789ABC

mem[X,0x0000000080000A50] -> 0x1073
mem[X,0x0000000080000A52] -> 0x180E
[1175] [M]: 0x0000000080000A50 (0x180E1073) csrrw x0, satp, x28                     satp_test_loop+72
CSR satp (0x180) <- 0x0000123456789ABC

clint mtime 0x000000000000024C (mip.MTI <- 0b1, mip.STI <- 0b0)
mem[X,0x0000000080000A54] -> 0x23F3
mem[X,0x0000000080000A56] -> 0x1800
[1176] [M]: 0x0000000080000A54 (0x180023F3) csrrs x7, satp, x0                      satp_test_loop+76
CSR satp (0x180) -> 0x0000123456789ABC
x7 <- 0x0000123456789ABC

mem[X,0x0000000080000A58] -> 0xB423
mem[X,0x0000000080000A5A] -> 0x0876
[1177] [M]: 0x0000000080000A58 (0x0876B423) sd x7, 0x88(x13)                        satp_test_loop+80
mem[W,0x00000000800081A0] <- 0x0000123456789ABC

clint mtime 0x000000000000024D (mip.MTI <- 0b1, mip.STI <- 0b0)
mem[X,0x0000000080000A5C] -> 0x0113
mem[X,0x0000000080000A5E] -> 0x0000
[1178] [M]: 0x0000000080000A5C (0x00000113) addi x2, x0, 0x0                        rvtest_code_end+0
x2 <- 0x0000000000000000

mem[X,0x0000000080000A60] -> 0x0073
mem[X,0x0000000080000A62] -> 0x0000
[1179] [M]: 0x0000000080000A60 (0x00000073) ecall                                   rvtest_code_end+4
trapping from M to M to handle m-call
handling exc#m-call at priv M with tval 0x0000000000000000
CSR mstatus (0x300) <- 0x0000000A00001800
CSR mcause (0x342) <- 0x000000000000000B
CSR mtval (0x343) <- 0x0000000000000000
CSR mepc (0x341) <- 0x0000000080000A60

clint mtime 0x000000000000024E (mip.MTI <- 0b1, mip.STI <- 0b0)
mem[X,0x0000000080000B40] -> 0x006F
mem[X,0x0000000080000B42] -> 0x1000
[1180] [M]: 0x0000000080000B40 (0x1000006F) jal x0, 0x100                           Mtrampoline+0

mem[X,0x0000000080000C40] -> 0x1173
mem[X,0x0000000080000C42] -> 0x3401
[1181] [M]: 0x0000000080000C40 (0x34011173) csrrw x2, mscratch, x2                  trap_Mhandler+0
CSR mscratch (0x340) <- 0x0000000000000000
x2 <- 0x0000000080003000

clint mtime 0x000000000000024F (mip.MTI <- 0b1, mip.STI <- 0b0)
mem[X,0x0000000080000C44] -> 0x3423
mem[X,0x0000000080000C46] -> 0x28B1
[1182] [M]: 0x0000000080000C44 (0x28B13423) sd x11, 0x288(x2)                       trap_Mhandler+4
mem[W,0x0000000080003288] <- 0x0000000000000000

mem[X,0x0000000080000C48] -> 0x05EF
mem[X,0x0000000080000C4A] -> 0x0B80
[1183] [M]: 0x0000000080000C48 (0x0B8005EF) jal x11, 0xb8                           trap_Mhandler+8
x11 <- 0x0000000080000C4C

clint mtime 0x0000000000000250 (mip.MTI <- 0b1, mip.STI <- 0b0)
mem[X,0x0000000080000D00] -> 0x3023
mem[X,0x0000000080000D02] -> 0x28A1
[1184] [M]: 0x0000000080000D00 (0x28A13023) sd x10, 0x280(x2)                       common_Mhandler+0
mem[W,0x0000000080003280] <- 0x0000000000000001

mem[X,0x0000000080000D04] -> 0x1573
mem[X,0x0000000080000D06] -> 0x3401
[1185] [M]: 0x0000000080000D04 (0x34011573) csrrw x10, mscratch, x2                 common_Mhandler+4
CSR mscratch (0x340) <- 0x0000000080003000
x10 <- 0x0000000000000000

clint mtime 0x0000000000000251 (mip.MTI <- 0b1, mip.STI <- 0b0)
mem[X,0x0000000080000D08] -> 0x3823
mem[X,0x0000000080000D0A] -> 0x28A1
[1186] [M]: 0x0000000080000D08 (0x28A13823) sd x10, 0x290(x2)                       common_Mhandler+8
mem[W,0x0000000080003290] <- 0x0000000000000000

mem[X,0x0000000080000D0C] -> 0x3503
mem[X,0x0000000080000D0E] -> 0x2301
[1187] [M]: 0x0000000080000D0C (0x23013503) ld x10, 0x230(x2)                       common_Mhandler+12
mem[R,0x0000000080003230] -> 0x0000000080000D14
x10 <- 0x0000000080000D14

clint mtime 0x0000000000000252 (mip.MTI <- 0b1, mip.STI <- 0b0)
mem[X,0x0000000080000D10] -> 0x0067
mem[X,0x0000000080000D12] -> 0x0005
[1188] [M]: 0x0000000080000D10 (0x00050067) jalr x0, 0x0(x10)                       common_Mhandler+16

mem[X,0x0000000080000D14] -> 0x3C23
mem[X,0x0000000080000D16] -> 0x2691
[1189] [M]: 0x0000000080000D14 (0x26913C23) sd x9, 0x278(x2)                        common_Mentry+0
mem[W,0x0000000080003278] <- 0x00000000800008D8

clint mtime 0x0000000000000253 (mip.MTI <- 0b1, mip.STI <- 0b0)
mem[X,0x0000000080000D18] -> 0x3823
mem[X,0x0000000080000D1A] -> 0x2681
[1190] [M]: 0x0000000080000D18 (0x26813823) sd x8, 0x270(x2)                        common_Mentry+4
mem[W,0x0000000080003270] <- 0x0000000000007F76

mem[X,0x0000000080000D1C] -> 0x3423
mem[X,0x0000000080000D1E] -> 0x2671
[1191] [M]: 0x0000000080000D1C (0x26713423) sd x7, 0x268(x2)                        common_Mentry+8
mem[W,0x0000000080003268] <- 0x0000123456789ABC

clint mtime 0x0000000000000254 (mip.MTI <- 0b1, mip.STI <- 0b0)
mem[X,0x0000000080000D20] -> 0x3023
mem[X,0x0000000080000D22] -> 0x2661
[1192] [M]: 0x0000000080000D20 (0x26613023) sd x6, 0x260(x2)                        common_Mentry+12
mem[W,0x0000000080003260] <- 0x0000123456789ABC

mem[X,0x0000000080000D24] -> 0x2573
mem[X,0x0000000080000D26] -> 0x3420
[1193] [M]: 0x0000000080000D24 (0x34202573) csrrs x10, mcause, x0                   spcl_M2mmode_test+0
CSR mcause (0x342) -> 0x000000000000000B
x10 <- 0x000000000000000B

clint mtime 0x0000000000000255 (mip.MTI <- 0b1, mip.STI <- 0b0)
mem[X,0x0000000080000D28] -> 0x04B7
mem[X,0x0000000080000D2A] -> 0x8000
[1194] [M]: 0x0000000080000D28 (0x800004B7) lui x9, -0x80000                        spcl_M2mmode_test+4
x9 <- 0xFFFFFFFF80000000

mem[X,0x0000000080000D2C] -> 0x8493
mem[X,0x0000000080000D2E] -> 0x0004
[1195] [M]: 0x0000000080000D2C (0x00048493) addi x9, x9, 0x0                        spcl_M2mmode_test+8
x9 <- 0xFFFFFFFF80000000

clint mtime 0x0000000000000256 (mip.MTI <- 0b1, mip.STI <- 0b0)
mem[X,0x0000000080000D30] -> 0x9493
mem[X,0x0000000080000D32] -> 0x00B4
[1196] [M]: 0x0000000080000D30 (0x00B49493) slli x9, x9, 0xb                        spcl_M2mmode_test+12
x9 <- 0xFFFFFC0000000000

mem[X,0x0000000080000D34] -> 0x8493
mem[X,0x0000000080000D36] -> 0x0004
[1197] [M]: 0x0000000080000D34 (0x00048493) addi x9, x9, 0x0                        spcl_M2mmode_test+16
x9 <- 0xFFFFFC0000000000

clint mtime 0x0000000000000257 (mip.MTI <- 0b1, mip.STI <- 0b0)
mem[X,0x0000000080000D38] -> 0x9493
mem[X,0x0000000080000D3A] -> 0x00B4
[1198] [M]: 0x0000000080000D38 (0x00B49493) slli x9, x9, 0xb                        spcl_M2mmode_test+20
x9 <- 0xFFE0000000000000

mem[X,0x0000000080000D3C] -> 0x8493
mem[X,0x0000000080000D3E] -> 0x0034
[1199] [M]: 0x0000000080000D3C (0x00348493) addi x9, x9, 0x3                        spcl_M2mmode_test+24
x9 <- 0xFFE0000000000003

clint mtime 0x0000000000000258 (mip.MTI <- 0b1, mip.STI <- 0b0)
mem[X,0x0000000080000D40] -> 0x9493
mem[X,0x0000000080000D42] -> 0x00A4
[1200] [M]: 0x0000000080000D40 (0x00A49493) slli x9, x9, 0xa                        spcl_M2mmode_test+28
x9 <- 0x8000000000000C00

mem[X,0x0000000080000D44] -> 0x8493
mem[X,0x0000000080000D46] -> 0x3FC4
[1201] [M]: 0x0000000080000D44 (0x3FC48493) addi x9, x9, 0x3fc                      spcl_M2mmode_test+32
x9 <- 0x8000000000000FFC

clint mtime 0x0000000000000259 (mip.MTI <- 0b1, mip.STI <- 0b0)
mem[X,0x0000000080000D48] -> 0xF4B3
mem[X,0x0000000080000D4A] -> 0x00A4
[1202] [M]: 0x0000000080000D48 (0x00A4F4B3) and x9, x9, x10                         spcl_M2mmode_test+36
x9 <- 0x0000000000000008

mem[X,0x0000000080000D4C] -> 0x8493
mem[X,0x0000000080000D4E] -> 0xFF84
[1203] [M]: 0x0000000080000D4C (0xFF848493) addi x9, x9, -0x8                       spcl_M2mmode_test+40
x9 <- 0x0000000000000000

clint mtime 0x000000000000025A (mip.MTI <- 0b1, mip.STI <- 0b0)
mem[X,0x0000000080000D50] -> 0x9663
mem[X,0x0000000080000D52] -> 0x0004
[1204] [M]: 0x0000000080000D50 (0x00049663) bne x9, x0, 0xc                         spcl_M2mmode_test+44

mem[X,0x0000000080000D54] -> 0x3383
mem[X,0x0000000080000D56] -> 0x2901
[1205] [M]: 0x0000000080000D54 (0x29013383) ld x7, 0x290(x2)                        spcl_M2mmode_test+48
mem[R,0x0000000080003290] -> 0x0000000000000000
x7 <- 0x0000000000000000

clint mtime 0x000000000000025B (mip.MTI <- 0b1, mip.STI <- 0b0)
mem[X,0x0000000080000D58] -> 0x8663
mem[X,0x0000000080000D5A] -> 0x6E03
[1206] [M]: 0x0000000080000D58 (0x6E038663) beq x7, x0, 0x6ec                       spcl_M2mmode_test+52

mem[X,0x0000000080001444] -> 0x0493
mem[X,0x0000000080001446] -> 0xFF55
[1207] [M]: 0x0000000080001444 (0xFF550493) addi x9, x10, -0xb                      rtn2mmode+0
x9 <- 0x0000000000000000

clint mtime 0x000000000000025C (mip.MTI <- 0b1, mip.STI <- 0b0)
mem[X,0x0000000080001448] -> 0x8C63
mem[X,0x000000008000144A] -> 0x0004
[1208] [M]: 0x0000000080001448 (0x00048C63) beq x9, x0, 0x18                        rtn2mmode+4

mem[X,0x0000000080001460] -> 0x23F3
mem[X,0x0000000080001462] -> 0x3410
[1209] [M]: 0x0000000080001460 (0x341023F3) csrrs x7, mepc, x0                      rtn_fm_mmode+0
CSR mepc (0x341) -> 0x0000000080000A60
x7 <- 0x0000000080000A60

clint mtime 0x000000000000025D (mip.MTI <- 0b1, mip.STI <- 0b0)
mem[X,0x0000000080001464] -> 0x83B3
mem[X,0x0000000080001466] -> 0x0093
[1210] [M]: 0x0000000080001464 (0x009383B3) add x7, x7, x9                          rtn_fm_mmode+4
x7 <- 0x0000000080000A60

mem[X,0x0000000080001468] -> 0x3303
mem[X,0x000000008000146A] -> 0x2601
[1211] [M]: 0x0000000080001468 (0x26013303) ld x6, 0x260(x2)                        rtn_fm_mmode+8
mem[R,0x0000000080003260] -> 0x0000123456789ABC
x6 <- 0x0000123456789ABC

clint mtime 0x000000000000025E (mip.MTI <- 0b1, mip.STI <- 0b0)
mem[X,0x000000008000146C] -> 0x3403
mem[X,0x000000008000146E] -> 0x2701
[1212] [M]: 0x000000008000146C (0x27013403) ld x8, 0x270(x2)                        rtn_fm_mmode+12
mem[R,0x0000000080003270] -> 0x0000000000007F76
x8 <- 0x0000000000007F76

mem[X,0x0000000080001470] -> 0x3483
mem[X,0x0000000080001472] -> 0x2781
[1213] [M]: 0x0000000080001470 (0x27813483) ld x9, 0x278(x2)                        rtn_fm_mmode+16
mem[R,0x0000000080003278] -> 0x00000000800008D8
x9 <- 0x00000000800008D8

clint mtime 0x000000000000025F (mip.MTI <- 0b1, mip.STI <- 0b0)
mem[X,0x0000000080001474] -> 0x3503
mem[X,0x0000000080001476] -> 0x2801
[1214] [M]: 0x0000000080001474 (0x28013503) ld x10, 0x280(x2)                       rtn_fm_mmode+20
mem[R,0x0000000080003280] -> 0x0000000000000001
x10 <- 0x0000000000000001

mem[X,0x0000000080001478] -> 0x3583
mem[X,0x000000008000147A] -> 0x2881
[1215] [M]: 0x0000000080001478 (0x28813583) ld x11, 0x288(x2)                       rtn_fm_mmode+24
mem[R,0x0000000080003288] -> 0x0000000000000000
x11 <- 0x0000000000000000

clint mtime 0x0000000000000260 (mip.MTI <- 0b1, mip.STI <- 0b0)
mem[X,0x000000008000147C] -> 0x3103
mem[X,0x000000008000147E] -> 0x2901
[1216] [M]: 0x000000008000147C (0x29013103) ld x2, 0x290(x2)                        rtn_fm_mmode+28
mem[R,0x0000000080003290] -> 0x0000000000000000
x2 <- 0x0000000000000000

mem[X,0x0000000080001480] -> 0x8067
mem[X,0x0000000080001482] -> 0x0043
[1217] [M]: 0x0000000080001480 (0x00438067) jalr x0, 0x4(x7)                        rtn_fm_mmode+32

clint mtime 0x0000000000000261 (mip.MTI <- 0b1, mip.STI <- 0b0)
mem[X,0x0000000080000A64] -> 0x2373
mem[X,0x0000000080000A66] -> 0x3400
[1218] [M]: 0x0000000080000A64 (0x34002373) csrrs x6, mscratch, x0                  exit_Scleanup+0
CSR mscratch (0x340) -> 0x0000000080003000
x6 <- 0x0000000080003000

mem[X,0x0000000080000A68] -> 0x0313
mem[X,0x0000000080000A6A] -> 0x2983
[1219] [M]: 0x0000000080000A68 (0x29830313) addi x6, x6, 0x298                      exit_Scleanup+4
x6 <- 0x0000000080003298

clint mtime 0x0000000000000262 (mip.MTI <- 0b1, mip.STI <- 0b0)
mem[X,0x0000000080000A6C] -> 0x3383
mem[X,0x0000000080000A6E] -> 0x2383
[1220] [M]: 0x0000000080000A6C (0x23833383) ld x7, 0x238(x6)                        resto_Sedeleg+0
mem[R,0x00000000800034D0] -> 0x0000000000000000
x7 <- 0x0000000000000000

mem[X,0x0000000080000A70] -> 0x3383
mem[X,0x0000000080000A72] -> 0x2203
[1221] [M]: 0x0000000080000A70 (0x22033383) ld x7, 0x220(x6)                        resto_Ssatp+0
mem[R,0x00000000800034B8] -> 0x0000000000000000
x7 <- 0x0000000000000000

clint mtime 0x0000000000000263 (mip.MTI <- 0b1, mip.STI <- 0b0)
mem[X,0x0000000080000A74] -> 0x9073
mem[X,0x0000000080000A76] -> 0x1803
[1222] [M]: 0x0000000080000A74 (0x18039073) csrrw x0, satp, x7                      resto_Ssatp+4
CSR satp (0x180) <- 0x0000000000000000

mem[X,0x0000000080000A78] -> 0x3503
mem[X,0x0000000080000A7A] -> 0x2503
[1223] [M]: 0x0000000080000A78 (0x25033503) ld x10, 0x250(x6)                       resto_Sscratch+0
mem[R,0x00000000800034E8] -> 0x0000000000000000
x10 <- 0x0000000000000000

clint mtime 0x0000000000000264 (mip.MTI <- 0b1, mip.STI <- 0b0)
mem[X,0x0000000080000A7C] -> 0x1073
mem[X,0x0000000080000A7E] -> 0x1405
[1224] [M]: 0x0000000080000A7C (0x14051073) csrrw x0, sscratch, x10                 resto_Sscratch+4
CSR sscratch (0x140) <- 0x0000000000000000

mem[X,0x0000000080000A80] -> 0x3483
mem[X,0x0000000080000A82] -> 0x2483
[1225] [M]: 0x0000000080000A80 (0x24833483) ld x9, 0x248(x6)                        resto_Sxtvec+0
mem[R,0x00000000800034E0] -> 0x0000000000000000
x9 <- 0x0000000000000000

clint mtime 0x0000000000000265 (mip.MTI <- 0b1, mip.STI <- 0b0)
mem[X,0x0000000080000A84] -> 0x93F3
mem[X,0x0000000080000A86] -> 0x1054
[1226] [M]: 0x0000000080000A84 (0x105493F3) csrrw x7, stvec, x9                     resto_Sxtvec+4
CSR stvec (0x105) <- 0x0000000000000000
x7 <- 0x00000000800014C0

mem[X,0x0000000080000A88] -> 0xF493
mem[X,0x0000000080000A8A] -> 0xFFC4
[1227] [M]: 0x0000000080000A88 (0xFFC4F493) andi x9, x9, -0x4                       resto_Sxtvec+8
x9 <- 0x0000000000000000

clint mtime 0x0000000000000266 (mip.MTI <- 0b1, mip.STI <- 0b0)
mem[X,0x0000000080000A8C] -> 0xF393
mem[X,0x0000000080000A8E] -> 0xFFC3
[1228] [M]: 0x0000000080000A8C (0xFFC3F393) andi x7, x7, -0x4                       resto_Sxtvec+12
x7 <- 0x00000000800014C0

mem[X,0x0000000080000A90] -> 0x9063
mem[X,0x0000000080000A92] -> 0x0274
[1229] [M]: 0x0000000080000A90 (0x02749063) bne x9, x7, 0x20                        resto_Sxtvec+16

clint mtime 0x0000000000000267 (mip.MTI <- 0b1, mip.STI <- 0b0)
mem[X,0x0000000080000AB0] -> 0x2373
mem[X,0x0000000080000AB2] -> 0x3400
[1230] [M]: 0x0000000080000AB0 (0x34002373) csrrs x6, mscratch, x0                  rvtest_Send+0
CSR mscratch (0x340) -> 0x0000000080003000
x6 <- 0x0000000080003000

mem[X,0x0000000080000AB4] -> 0x3383
mem[X,0x0000000080000AB6] -> 0x2383
[1231] [M]: 0x0000000080000AB4 (0x23833383) ld x7, 0x238(x6)                        resto_Medeleg+0
mem[R,0x0000000080003238] -> 0x0000000000000000
x7 <- 0x0000000000000000

clint mtime 0x0000000000000268 (mip.MTI <- 0b1, mip.STI <- 0b0)
mem[X,0x0000000080000AB8] -> 0x9073
mem[X,0x0000000080000ABA] -> 0x3023
[1232] [M]: 0x0000000080000AB8 (0x30239073) csrrw x0, medeleg, x7                   resto_Medeleg+4
CSR medeleg (0x302) <- 0x0000000000000000

mem[X,0x0000000080000ABC] -> 0x3503
mem[X,0x0000000080000ABE] -> 0x2503
[1233] [M]: 0x0000000080000ABC (0x25033503) ld x10, 0x250(x6)                       resto_Mscratch+0
mem[R,0x0000000080003250] -> 0x0000000000000000
x10 <- 0x0000000000000000

clint mtime 0x0000000000000269 (mip.MTI <- 0b1, mip.STI <- 0b0)
mem[X,0x0000000080000AC0] -> 0x1073
mem[X,0x0000000080000AC2] -> 0x3405
[1234] [M]: 0x0000000080000AC0 (0x34051073) csrrw x0, mscratch, x10                 resto_Mscratch+4
CSR mscratch (0x340) <- 0x0000000000000000

mem[X,0x0000000080000AC4] -> 0x3483
mem[X,0x0000000080000AC6] -> 0x2483
[1235] [M]: 0x0000000080000AC4 (0x24833483) ld x9, 0x248(x6)                        resto_Mxtvec+0
mem[R,0x0000000080003248] -> 0x0000000000000000
x9 <- 0x0000000000000000

clint mtime 0x000000000000026A (mip.MTI <- 0b1, mip.STI <- 0b0)
mem[X,0x0000000080000AC8] -> 0x93F3
mem[X,0x0000000080000ACA] -> 0x3054
[1236] [M]: 0x0000000080000AC8 (0x305493F3) csrrw x7, mtvec, x9                     resto_Mxtvec+4
CSR mtvec (0x305) <- 0x0000000000000000
x7 <- 0x0000000080000B40

mem[X,0x0000000080000ACC] -> 0xF493
mem[X,0x0000000080000ACE] -> 0xFFC4
[1237] [M]: 0x0000000080000ACC (0xFFC4F493) andi x9, x9, -0x4                       resto_Mxtvec+8
x9 <- 0x0000000000000000

clint mtime 0x000000000000026B (mip.MTI <- 0b1, mip.STI <- 0b0)
mem[X,0x0000000080000AD0] -> 0xF393
mem[X,0x0000000080000AD2] -> 0xFFC3
[1238] [M]: 0x0000000080000AD0 (0xFFC3F393) andi x7, x7, -0x4                       resto_Mxtvec+12
x7 <- 0x0000000080000B40

mem[X,0x0000000080000AD4] -> 0x9063
mem[X,0x0000000080000AD6] -> 0x0274
[1239] [M]: 0x0000000080000AD4 (0x02749063) bne x9, x7, 0x20                        resto_Mxtvec+16

clint mtime 0x000000000000026C (mip.MTI <- 0b1, mip.STI <- 0b0)
mem[X,0x0000000080000AF4] -> 0x106F
mem[X,0x0000000080000AF6] -> 0x2780
[1240] [M]: 0x0000000080000AF4 (0x2780106F) jal x0, 0x1278                          rvtest_Mend+0

mem[X,0x0000000080001D6C] -> 0x0093
mem[X,0x0000000080001D6E] -> 0x0010
[1241] [M]: 0x0000000080001D6C (0x00100093) addi x1, x0, 0x1                        exit_cleanup+0
x1 <- 0x0000000000000001

clint mtime 0x000000000000026D (mip.MTI <- 0b1, mip.STI <- 0b0)
mem[X,0x0000000080001D70] -> 0x0397
mem[X,0x0000000080001D72] -> 0x0000
[1242] [M]: 0x0000000080001D70 (0x00000397) auipc x7, 0x0                           exit_cleanup+4
x7 <- 0x0000000080001D70

mem[X,0x0000000080001D74] -> 0xA823
mem[X,0x0000000080001D76] -> 0x2813
[1243] [M]: 0x0000000080001D74 (0x2813A823) sw x1, 0x290(x7)                        exit_cleanup+8
htif[0x0000000080002000] <- 0x00000001
mem[W,0x0000000080002000] <- 0x00000001

clint mtime 0x000000000000026E (mip.MTI <- 0b1, mip.STI <- 0b0)
mem[X,0x0000000080001D78] -> 0xF06F
mem[X,0x0000000080001D7A] -> 0xFF9F
[1244] [M]: 0x0000000080001D78 (0xFF9FF06F) jal x0, -0x8                            exit_cleanup+12

mem[X,0x0000000080001D70] -> 0x0397
mem[X,0x0000000080001D72] -> 0x0000
[1245] [M]: 0x0000000080001D70 (0x00000397) auipc x7, 0x0                           exit_cleanup+4
x7 <- 0x0000000080001D70

clint mtime 0x000000000000026F (mip.MTI <- 0b1, mip.STI <- 0b0)
mem[X,0x0000000080001D74] -> 0xA823
mem[X,0x0000000080001D76] -> 0x2813
[1246] [M]: 0x0000000080001D74 (0x2813A823) sw x1, 0x290(x7)                        exit_cleanup+8
htif[0x0000000080002000] <- 0x00000001
mem[W,0x0000000080002000] <- 0x00000001

mem[X,0x0000000080001D78] -> 0xF06F
mem[X,0x0000000080001D7A] -> 0xFF9F
[1247] [M]: 0x0000000080001D78 (0xFF9FF06F) jal x0, -0x8                            exit_cleanup+12

clint mtime 0x0000000000000270 (mip.MTI <- 0b1, mip.STI <- 0b0)
mem[X,0x0000000080001D70] -> 0x0397
mem[X,0x0000000080001D72] -> 0x0000
[1248] [M]: 0x0000000080001D70 (0x00000397) auipc x7, 0x0                           exit_cleanup+4
x7 <- 0x0000000080001D70

mem[X,0x0000000080001D74] -> 0xA823
mem[X,0x0000000080001D76] -> 0x2813
[1249] [M]: 0x0000000080001D74 (0x2813A823) sw x1, 0x290(x7)                        exit_cleanup+8
htif[0x0000000080002000] <- 0x00000001
htif-syscall-proxy cmd: 0x000000000001
mem[W,0x0000000080002000] <- 0x00000001

SUCCESS
clint mtime 0x0000000000000271 (mip.MTI <- 0b1, mip.STI <- 0b0)
