using /opt/riscv-arch-test/riscof-plugins/rv64/riscof_work/pmp/src/pmps_tor_legal_lxwr.S/ref/Reference-sail_c_simulator.signature for test-signature output.
setting signature-granularity to 8 bytes
HTIF located at 0x80005000
begin_signature: 0x80007210
end_signature: 0x80007b30
Entry point: 0x80000000
CSR mstatus (0x300) <- 0x0000000A00000000
CSR misa (0x301) <- 0x800000000034112F
CSR mcause (0x342) <- 0x0000000000000000
x10 <- 0x0000000000000000
x11 <- 0x0000000000001000
mem[X,0x0000000080000000] -> 0x6317
mem[X,0x0000000080000002] -> 0x0000
[0] [M]: 0x0000000080000000 (0x00006317) auipc x6, 0x6                              rvtest_init+0
x6 <- 0x0000000080006000

mem[X,0x0000000080000004] -> 0x0313
mem[X,0x0000000080000006] -> 0x0003
[1] [M]: 0x0000000080000004 (0x00030313) addi x6, x6, 0x0                           rvtest_init+4
x6 <- 0x0000000080006000

clint mtime 0x0000000000000001 (mip.MTI <- 0b1, mip.STI <- 0b0)
mem[X,0x0000000080000008] -> 0x0013
mem[X,0x000000008000000A] -> 0x0000
[2] [M]: 0x0000000080000008 (0x00000013) addi x0, x0, 0x0                           rvtest_init+8

mem[X,0x000000008000000C] -> 0x0013
mem[X,0x000000008000000E] -> 0x0000
[3] [M]: 0x000000008000000C (0x00000013) addi x0, x0, 0x0                           rvtest_init+12

clint mtime 0x0000000000000002 (mip.MTI <- 0b1, mip.STI <- 0b0)
mem[X,0x0000000080000010] -> 0x0013
mem[X,0x0000000080000012] -> 0x0000
[4] [M]: 0x0000000080000010 (0x00000013) addi x0, x0, 0x0                           rvtest_init+16

mem[X,0x0000000080000014] -> 0x0013
mem[X,0x0000000080000016] -> 0x0000
[5] [M]: 0x0000000080000014 (0x00000013) addi x0, x0, 0x0                           rvtest_init+20

clint mtime 0x0000000000000003 (mip.MTI <- 0b1, mip.STI <- 0b0)
mem[X,0x0000000080000018] -> 0x0013
mem[X,0x000000008000001A] -> 0x0000
[6] [M]: 0x0000000080000018 (0x00000013) addi x0, x0, 0x0                           rvtest_init+24

mem[X,0x000000008000001C] -> 0x0013
mem[X,0x000000008000001E] -> 0x0000
[7] [M]: 0x000000008000001C (0x00000013) addi x0, x0, 0x0                           rvtest_init+28

clint mtime 0x0000000000000004 (mip.MTI <- 0b1, mip.STI <- 0b0)
mem[X,0x0000000080000020] -> 0x1473
mem[X,0x0000000080000022] -> 0x3403
[8] [M]: 0x0000000080000020 (0x34031473) csrrw x8, mscratch, x6                     init_Mscratch+0
CSR mscratch (0x340) <- 0x0000000080006000
x8 <- 0x0000000000000000

mem[X,0x0000000080000024] -> 0x3823
mem[X,0x0000000080000026] -> 0x2483
[9] [M]: 0x0000000080000024 (0x24833823) sd x8, 0x250(x6)                           init_Mscratch+4
mem[W,0x0000000080006250] <- 0x0000000000000000

clint mtime 0x0000000000000005 (mip.MTI <- 0b1, mip.STI <- 0b0)
mem[X,0x0000000080000028] -> 0x0393
mem[X,0x000000008000002A] -> 0x0000
[10] [M]: 0x0000000080000028 (0x00000393) addi x7, x0, 0x0                          init_Medeleg+0
x7 <- 0x0000000000000000

mem[X,0x000000008000002C] -> 0x93F3
mem[X,0x000000008000002E] -> 0x3023
[11] [M]: 0x000000008000002C (0x302393F3) csrrw x7, medeleg, x7                     init_Medeleg+4
CSR medeleg (0x302) <- 0x0000000000000000
x7 <- 0x0000000000000000

clint mtime 0x0000000000000006 (mip.MTI <- 0b1, mip.STI <- 0b0)
mem[X,0x0000000080000030] -> 0x3C23
mem[X,0x0000000080000032] -> 0x2273
[12] [M]: 0x0000000080000030 (0x22733C23) sd x7, 0x238(x6)                          init_Medeleg+8
mem[W,0x0000000080006238] <- 0x0000000000000000

mem[X,0x0000000080000034] -> 0x2473
mem[X,0x0000000080000036] -> 0x3050
[13] [M]: 0x0000000080000034 (0x30502473) csrrs x8, mtvec, x0                       init_Mtvec+0
CSR mtvec (0x305) -> 0x0000000000000000
x8 <- 0x0000000000000000

clint mtime 0x0000000000000007 (mip.MTI <- 0b1, mip.STI <- 0b0)
mem[X,0x0000000080000038] -> 0x3423
mem[X,0x000000008000003A] -> 0x2483
[14] [M]: 0x0000000080000038 (0x24833423) sd x8, 0x248(x6)                          init_Mtvec+4
mem[W,0x0000000080006248] <- 0x0000000000000000

mem[X,0x000000008000003C] -> 0x7393
mem[X,0x000000008000003E] -> 0x0034
[15] [M]: 0x000000008000003C (0x00347393) andi x7, x8, 0x3                          init_Mtvec+8
x7 <- 0x0000000000000000

clint mtime 0x0000000000000008 (mip.MTI <- 0b1, mip.STI <- 0b0)
mem[X,0x0000000080000040] -> 0x3483
mem[X,0x0000000080000042] -> 0x2303
[16] [M]: 0x0000000080000040 (0x23033483) ld x9, 0x230(x6)                          init_Mtvec+12
mem[R,0x0000000080006230] -> 0x00000000800022D4
x9 <- 0x00000000800022D4

mem[X,0x0000000080000044] -> 0x8493
mem[X,0x0000000080000046] -> 0xE2C4
[17] [M]: 0x0000000080000044 (0xE2C48493) addi x9, x9, -0x1d4                       init_Mtvec+16
x9 <- 0x0000000080002100

clint mtime 0x0000000000000009 (mip.MTI <- 0b1, mip.STI <- 0b0)
mem[X,0x0000000080000048] -> 0xE3B3
mem[X,0x000000008000004A] -> 0x0074
[18] [M]: 0x0000000080000048 (0x0074E3B3) or x7, x9, x7                             init_Mtvec+20
x7 <- 0x0000000080002100

mem[X,0x000000008000004C] -> 0x3023
mem[X,0x000000008000004E] -> 0x2473
[19] [M]: 0x000000008000004C (0x24733023) sd x7, 0x240(x6)                          init_Mtvec+24
mem[W,0x0000000080006240] <- 0x0000000080002100

clint mtime 0x000000000000000A (mip.MTI <- 0b1, mip.STI <- 0b0)
mem[X,0x0000000080000050] -> 0x9073
mem[X,0x0000000080000052] -> 0x3053
[20] [M]: 0x0000000080000050 (0x30539073) csrrw x0, mtvec, x7                       init_Mtvec+28
CSR mtvec (0x305) <- 0x0000000080002100

mem[X,0x0000000080000054] -> 0x2573
mem[X,0x0000000080000056] -> 0x3050
[21] [M]: 0x0000000080000054 (0x30502573) csrrs x10, mtvec, x0                      init_Mtvec+32
CSR mtvec (0x305) -> 0x0000000080002100
x10 <- 0x0000000080002100

clint mtime 0x000000000000000B (mip.MTI <- 0b1, mip.STI <- 0b0)
mem[X,0x0000000080000058] -> 0x0663
mem[X,0x000000008000005A] -> 0x0875
[22] [M]: 0x0000000080000058 (0x08750663) beq x10, x7, 0x8c                         init_Mtvec+36

mem[X,0x00000000800000E4] -> 0x0013
mem[X,0x00000000800000E6] -> 0x0000
[23] [M]: 0x00000000800000E4 (0x00000013) addi x0, x0, 0x0                          rvtest_Mprolog_done+0

clint mtime 0x000000000000000C (mip.MTI <- 0b1, mip.STI <- 0b0)
mem[X,0x00000000800000E8] -> 0x0013
mem[X,0x00000000800000EA] -> 0x0000
[24] [M]: 0x00000000800000E8 (0x00000013) addi x0, x0, 0x0                          rvtest_Mprolog_done+4

mem[X,0x00000000800000EC] -> 0x0013
mem[X,0x00000000800000EE] -> 0x0000
[25] [M]: 0x00000000800000EC (0x00000013) addi x0, x0, 0x0                          rvtest_Mprolog_done+8

clint mtime 0x000000000000000D (mip.MTI <- 0b1, mip.STI <- 0b0)
mem[X,0x00000000800000F0] -> 0x0013
mem[X,0x00000000800000F2] -> 0x0000
[26] [M]: 0x00000000800000F0 (0x00000013) addi x0, x0, 0x0                          rvtest_Mprolog_done+12

mem[X,0x00000000800000F4] -> 0x0013
mem[X,0x00000000800000F6] -> 0x0000
[27] [M]: 0x00000000800000F4 (0x00000013) addi x0, x0, 0x0                          rvtest_Mprolog_done+16

clint mtime 0x000000000000000E (mip.MTI <- 0b1, mip.STI <- 0b0)
mem[X,0x00000000800000F8] -> 0x0013
mem[X,0x00000000800000FA] -> 0x0000
[28] [M]: 0x00000000800000F8 (0x00000013) addi x0, x0, 0x0                          rvtest_Mprolog_done+20

mem[X,0x00000000800000FC] -> 0x0013
mem[X,0x00000000800000FE] -> 0x0000
[29] [M]: 0x00000000800000FC (0x00000013) addi x0, x0, 0x0                          rvtest_Mprolog_done+24

clint mtime 0x000000000000000F (mip.MTI <- 0b1, mip.STI <- 0b0)
mem[X,0x0000000080000100] -> 0x6317
mem[X,0x0000000080000102] -> 0x0000
[30] [M]: 0x0000000080000100 (0x00006317) auipc x6, 0x6                             rvtest_Mprolog_done+28
x6 <- 0x0000000080006100

mem[X,0x0000000080000104] -> 0x0313
mem[X,0x0000000080000106] -> 0x1983
[31] [M]: 0x0000000080000104 (0x19830313) addi x6, x6, 0x198                        rvtest_Mprolog_done+32
x6 <- 0x0000000080006298

clint mtime 0x0000000000000010 (mip.MTI <- 0b1, mip.STI <- 0b0)
mem[X,0x0000000080000108] -> 0x0001
[32] [M]: 0x0000000080000108 (0x0001) c.nop                                         rvtest_Mprolog_done+36

mem[X,0x000000008000010A] -> 0x0013
mem[X,0x000000008000010C] -> 0x0000
[33] [M]: 0x000000008000010A (0x00000013) addi x0, x0, 0x0                          rvtest_Mprolog_done+38

clint mtime 0x0000000000000011 (mip.MTI <- 0b1, mip.STI <- 0b0)
mem[X,0x000000008000010E] -> 0x0013
mem[X,0x0000000080000110] -> 0x0000
[34] [M]: 0x000000008000010E (0x00000013) addi x0, x0, 0x0                          rvtest_Mprolog_done+42

mem[X,0x0000000080000112] -> 0x0013
mem[X,0x0000000080000114] -> 0x0000
[35] [M]: 0x0000000080000112 (0x00000013) addi x0, x0, 0x0                          rvtest_Mprolog_done+46

clint mtime 0x0000000000000012 (mip.MTI <- 0b1, mip.STI <- 0b0)
mem[X,0x0000000080000116] -> 0x0013
mem[X,0x0000000080000118] -> 0x0000
[36] [M]: 0x0000000080000116 (0x00000013) addi x0, x0, 0x0                          rvtest_Mprolog_done+50

mem[X,0x000000008000011A] -> 0x0013
mem[X,0x000000008000011C] -> 0x0000
[37] [M]: 0x000000008000011A (0x00000013) addi x0, x0, 0x0                          rvtest_Mprolog_done+54

clint mtime 0x0000000000000013 (mip.MTI <- 0b1, mip.STI <- 0b0)
mem[X,0x000000008000011E] -> 0x0001
[38] [M]: 0x000000008000011E (0x0001) c.nop                                         rvtest_Mprolog_done+58

mem[X,0x0000000080000120] -> 0x1473
mem[X,0x0000000080000122] -> 0x1403
[39] [M]: 0x0000000080000120 (0x14031473) csrrw x8, sscratch, x6                    init_Sscratch+0
CSR sscratch (0x140) <- 0x0000000080006298
x8 <- 0x0000000000000000

clint mtime 0x0000000000000014 (mip.MTI <- 0b1, mip.STI <- 0b0)
mem[X,0x0000000080000124] -> 0x3823
mem[X,0x0000000080000126] -> 0x2483
[40] [M]: 0x0000000080000124 (0x24833823) sd x8, 0x250(x6)                          init_Sscratch+4
mem[W,0x00000000800064E8] <- 0x0000000000000000

mem[X,0x0000000080000128] -> 0x0393
mem[X,0x000000008000012A] -> 0x0000
[41] [M]: 0x0000000080000128 (0x00000393) addi x7, x0, 0x0                          init_Sedeleg+0
x7 <- 0x0000000000000000

clint mtime 0x0000000000000015 (mip.MTI <- 0b1, mip.STI <- 0b0)
mem[X,0x000000008000012C] -> 0x3C23
mem[X,0x000000008000012E] -> 0x2273
[42] [M]: 0x000000008000012C (0x22733C23) sd x7, 0x238(x6)                          init_Sedeleg+4
mem[W,0x00000000800064D0] <- 0x0000000000000000

mem[X,0x0000000080000130] -> 0x0013
mem[X,0x0000000080000132] -> 0x0000
[43] [M]: 0x0000000080000130 (0x00000013) addi x0, x0, 0x0                          init_Ssatp+0

clint mtime 0x0000000000000016 (mip.MTI <- 0b1, mip.STI <- 0b0)
mem[X,0x0000000080000134] -> 0x0013
mem[X,0x0000000080000136] -> 0x0000
[44] [M]: 0x0000000080000134 (0x00000013) addi x0, x0, 0x0                          init_Ssatp+4

mem[X,0x0000000080000138] -> 0x0013
mem[X,0x000000008000013A] -> 0x0000
[45] [M]: 0x0000000080000138 (0x00000013) addi x0, x0, 0x0                          init_Ssatp+8

clint mtime 0x0000000000000017 (mip.MTI <- 0b1, mip.STI <- 0b0)
mem[X,0x000000008000013C] -> 0x0013
mem[X,0x000000008000013E] -> 0x0000
[46] [M]: 0x000000008000013C (0x00000013) addi x0, x0, 0x0                          init_Ssatp+12

mem[X,0x0000000080000140] -> 0x7497
mem[X,0x0000000080000142] -> 0x0000
[47] [M]: 0x0000000080000140 (0x00007497) auipc x9, 0x7                             init_Ssatp+16
x9 <- 0x0000000080007140

clint mtime 0x0000000000000018 (mip.MTI <- 0b1, mip.STI <- 0b0)
mem[X,0x0000000080000144] -> 0x8493
mem[X,0x0000000080000146] -> 0xEC04
[48] [M]: 0x0000000080000144 (0xEC048493) addi x9, x9, -0x140                       init_Ssatp+20
x9 <- 0x0000000080007000

mem[X,0x0000000080000148] -> 0x0001
[49] [M]: 0x0000000080000148 (0x0001) c.nop                                         init_Ssatp+24

clint mtime 0x0000000000000019 (mip.MTI <- 0b1, mip.STI <- 0b0)
mem[X,0x000000008000014A] -> 0x0013
mem[X,0x000000008000014C] -> 0x0000
[50] [M]: 0x000000008000014A (0x00000013) addi x0, x0, 0x0                          init_Ssatp+26

mem[X,0x000000008000014E] -> 0x0013
mem[X,0x0000000080000150] -> 0x0000
[51] [M]: 0x000000008000014E (0x00000013) addi x0, x0, 0x0                          init_Ssatp+30

clint mtime 0x000000000000001A (mip.MTI <- 0b1, mip.STI <- 0b0)
mem[X,0x0000000080000152] -> 0x0013
mem[X,0x0000000080000154] -> 0x0000
[52] [M]: 0x0000000080000152 (0x00000013) addi x0, x0, 0x0                          init_Ssatp+34

mem[X,0x0000000080000156] -> 0x0013
mem[X,0x0000000080000158] -> 0x0000
[53] [M]: 0x0000000080000156 (0x00000013) addi x0, x0, 0x0                          init_Ssatp+38

clint mtime 0x000000000000001B (mip.MTI <- 0b1, mip.STI <- 0b0)
mem[X,0x000000008000015A] -> 0x0013
mem[X,0x000000008000015C] -> 0x0000
[54] [M]: 0x000000008000015A (0x00000013) addi x0, x0, 0x0                          init_Ssatp+42

mem[X,0x000000008000015E] -> 0x0001
[55] [M]: 0x000000008000015E (0x0001) c.nop                                         init_Ssatp+46

clint mtime 0x000000000000001C (mip.MTI <- 0b1, mip.STI <- 0b0)
mem[X,0x0000000080000160] -> 0xD493
mem[X,0x0000000080000162] -> 0x00C4
[56] [M]: 0x0000000080000160 (0x00C4D493) srli x9, x9, 0xc                          init_Ssatp+48
x9 <- 0x0000000000080007

mem[X,0x0000000080000164] -> 0x0413
mem[X,0x0000000080000166] -> 0xFFF0
[57] [M]: 0x0000000080000164 (0xFFF00413) addi x8, x0, -0x1                         init_Ssatp+52
x8 <- 0xFFFFFFFFFFFFFFFF

clint mtime 0x000000000000001D (mip.MTI <- 0b1, mip.STI <- 0b0)
mem[X,0x0000000080000168] -> 0x1413
mem[X,0x000000008000016A] -> 0x03F4
[58] [M]: 0x0000000080000168 (0x03F41413) slli x8, x8, 0x3f                         init_Ssatp+56
x8 <- 0x8000000000000000

mem[X,0x000000008000016C] -> 0xE4B3
mem[X,0x000000008000016E] -> 0x0084
[59] [M]: 0x000000008000016C (0x0084E4B3) or x9, x9, x8                             init_Ssatp+60
x9 <- 0x8000000000080007

clint mtime 0x000000000000001E (mip.MTI <- 0b1, mip.STI <- 0b0)
mem[X,0x0000000080000170] -> 0x94F3
mem[X,0x0000000080000172] -> 0x1804
[60] [M]: 0x0000000080000170 (0x180494F3) csrrw x9, satp, x9                        init_Ssatp+64
CSR satp (0x180) <- 0x8000000000080007
x9 <- 0x0000000000000000

mem[X,0x0000000080000174] -> 0x3023
mem[X,0x0000000080000176] -> 0x2293
[61] [M]: 0x0000000080000174 (0x22933023) sd x9, 0x220(x6)                          init_Ssatp+68
mem[W,0x00000000800064B8] <- 0x0000000000000000

clint mtime 0x000000000000001F (mip.MTI <- 0b1, mip.STI <- 0b0)
mem[X,0x0000000080000178] -> 0x2473
mem[X,0x000000008000017A] -> 0x1050
[62] [M]: 0x0000000080000178 (0x10502473) csrrs x8, stvec, x0                       init_Stvec+0
CSR stvec (0x105) -> 0x0000000000000000
x8 <- 0x0000000000000000

mem[X,0x000000008000017C] -> 0x3423
mem[X,0x000000008000017E] -> 0x2483
[63] [M]: 0x000000008000017C (0x24833423) sd x8, 0x248(x6)                          init_Stvec+4
mem[W,0x00000000800064E0] <- 0x0000000000000000

clint mtime 0x0000000000000020 (mip.MTI <- 0b1, mip.STI <- 0b0)
mem[X,0x0000000080000180] -> 0x7393
mem[X,0x0000000080000182] -> 0x0034
[64] [M]: 0x0000000080000180 (0x00347393) andi x7, x8, 0x3                          init_Stvec+8
x7 <- 0x0000000000000000

mem[X,0x0000000080000184] -> 0x3483
mem[X,0x0000000080000186] -> 0x2303
[65] [M]: 0x0000000080000184 (0x23033483) ld x9, 0x230(x6)                          init_Stvec+12
mem[R,0x00000000800064C8] -> 0x0000000080002C14
x9 <- 0x0000000080002C14

clint mtime 0x0000000000000021 (mip.MTI <- 0b1, mip.STI <- 0b0)
mem[X,0x0000000080000188] -> 0x8493
mem[X,0x000000008000018A] -> 0xE2C4
[66] [M]: 0x0000000080000188 (0xE2C48493) addi x9, x9, -0x1d4                       init_Stvec+16
x9 <- 0x0000000080002A40

mem[X,0x000000008000018C] -> 0xE3B3
mem[X,0x000000008000018E] -> 0x0074
[67] [M]: 0x000000008000018C (0x0074E3B3) or x7, x9, x7                             init_Stvec+20
x7 <- 0x0000000080002A40

clint mtime 0x0000000000000022 (mip.MTI <- 0b1, mip.STI <- 0b0)
mem[X,0x0000000080000190] -> 0x3023
mem[X,0x0000000080000192] -> 0x2473
[68] [M]: 0x0000000080000190 (0x24733023) sd x7, 0x240(x6)                          init_Stvec+24
mem[W,0x00000000800064D8] <- 0x0000000080002A40

mem[X,0x0000000080000194] -> 0x9073
mem[X,0x0000000080000196] -> 0x1053
[69] [M]: 0x0000000080000194 (0x10539073) csrrw x0, stvec, x7                       init_Stvec+28
CSR stvec (0x105) <- 0x0000000080002A40

clint mtime 0x0000000000000023 (mip.MTI <- 0b1, mip.STI <- 0b0)
mem[X,0x0000000080000198] -> 0x2573
mem[X,0x000000008000019A] -> 0x1050
[70] [M]: 0x0000000080000198 (0x10502573) csrrs x10, stvec, x0                      init_Stvec+32
CSR stvec (0x105) -> 0x0000000080002A40
x10 <- 0x0000000080002A40

mem[X,0x000000008000019C] -> 0x0463
mem[X,0x000000008000019E] -> 0x0875
[71] [M]: 0x000000008000019C (0x08750463) beq x10, x7, 0x88                         init_Stvec+36

clint mtime 0x0000000000000024 (mip.MTI <- 0b1, mip.STI <- 0b0)
mem[X,0x0000000080000224] -> 0x0093
mem[X,0x0000000080000226] -> 0x0000
[72] [M]: 0x0000000080000224 (0x00000093) addi x1, x0, 0x0                          rvtest_entrypoint+0
x1 <- 0x0000000000000000

mem[X,0x0000000080000228] -> 0x9073
mem[X,0x000000008000022A] -> 0x3000
[73] [M]: 0x0000000080000228 (0x30009073) csrrw x0, mstatus, x1                     rvtest_entrypoint+4
CSR mstatus (0x300) <- 0x0000000A00000000

clint mtime 0x0000000000000025 (mip.MTI <- 0b1, mip.STI <- 0b0)
mem[X,0x000000008000022C] -> 0x9073
mem[X,0x000000008000022E] -> 0x3410
[74] [M]: 0x000000008000022C (0x34109073) csrrw x0, mepc, x1                        rvtest_entrypoint+8
CSR mepc (0x341) <- 0x0000000000000000

mem[X,0x0000000080000230] -> 0x9073
mem[X,0x0000000080000232] -> 0x3440
[75] [M]: 0x0000000080000230 (0x34409073) csrrw x0, mip, x1                         rvtest_entrypoint+12
CSR mip (0x344) <- 0x0000000000000080

clint mtime 0x0000000000000026 (mip.MTI <- 0b1, mip.STI <- 0b0)
mem[X,0x0000000080000234] -> 0x9073
mem[X,0x0000000080000236] -> 0x3430
[76] [M]: 0x0000000080000234 (0x34309073) csrrw x0, mtval, x1                       rvtest_entrypoint+16
CSR mtval (0x343) <- 0x0000000000000000

mem[X,0x0000000080000238] -> 0x9073
mem[X,0x000000008000023A] -> 0x3420
[77] [M]: 0x0000000080000238 (0x34209073) csrrw x0, mcause, x1                      rvtest_entrypoint+20
CSR mcause (0x342) <- 0x0000000000000000

clint mtime 0x0000000000000027 (mip.MTI <- 0b1, mip.STI <- 0b0)
mem[X,0x000000008000023C] -> 0x0837
mem[X,0x000000008000023E] -> 0x7D5C
[78] [M]: 0x000000008000023C (0x7D5C0837) lui x16, 0x7d5c0                          rvtest_entrypoint+24
x16 <- 0x000000007D5C0000

mem[X,0x0000000080000240] -> 0x0813
mem[X,0x0000000080000242] -> 0xDDB8
[79] [M]: 0x0000000080000240 (0xDDB80813) addi x16, x16, -0x225                     rvtest_entrypoint+28
x16 <- 0x000000007D5BFDDB

clint mtime 0x0000000000000028 (mip.MTI <- 0b1, mip.STI <- 0b0)
mem[X,0x0000000080000244] -> 0x1813
mem[X,0x0000000080000246] -> 0x00B8
[80] [M]: 0x0000000080000244 (0x00B81813) slli x16, x16, 0xb                        rvtest_entrypoint+32
x16 <- 0x000003EADFEED800

mem[X,0x0000000080000248] -> 0x0813
mem[X,0x000000008000024A] -> 0x3EA8
[81] [M]: 0x0000000080000248 (0x3EA80813) addi x16, x16, 0x3ea                      rvtest_entrypoint+36
x16 <- 0x000003EADFEEDBEA

clint mtime 0x0000000000000029 (mip.MTI <- 0b1, mip.STI <- 0b0)
mem[X,0x000000008000024C] -> 0x1813
mem[X,0x000000008000024E] -> 0x00B8
[82] [M]: 0x000000008000024C (0x00B81813) slli x16, x16, 0xb                        rvtest_entrypoint+40
x16 <- 0x001F56FF76DF5000

mem[X,0x0000000080000250] -> 0x0813
mem[X,0x0000000080000252] -> 0x6FF8
[83] [M]: 0x0000000080000250 (0x6FF80813) addi x16, x16, 0x6ff                      rvtest_entrypoint+44
x16 <- 0x001F56FF76DF56FF

clint mtime 0x000000000000002A (mip.MTI <- 0b1, mip.STI <- 0b0)
mem[X,0x0000000080000254] -> 0x1813
mem[X,0x0000000080000256] -> 0x00A8
[84] [M]: 0x0000000080000254 (0x00A81813) slli x16, x16, 0xa                        rvtest_entrypoint+48
x16 <- 0x7D5BFDDB7D5BFC00

mem[X,0x0000000080000258] -> 0x0813
mem[X,0x000000008000025A] -> 0x1DB8
[85] [M]: 0x0000000080000258 (0x1DB80813) addi x16, x16, 0x1db                      rvtest_entrypoint+52
x16 <- 0x7D5BFDDB7D5BFDDB

clint mtime 0x000000000000002B (mip.MTI <- 0b1, mip.STI <- 0b0)
mem[X,0x000000008000025C] -> 0x5893
mem[X,0x000000008000025E] -> 0x0078
[86] [M]: 0x000000008000025C (0x00785893) srli x17, x16, 0x7                        rvtest_entrypoint+56
x17 <- 0x00FAB7FBB6FAB7FB

mem[X,0x0000000080000260] -> 0x5793
mem[X,0x0000000080000262] -> 0x0398
[87] [M]: 0x0000000080000260 (0x03985793) srli x15, x16, 0x39                       rvtest_entrypoint+60
x15 <- 0x000000000000003E

clint mtime 0x000000000000002C (mip.MTI <- 0b1, mip.STI <- 0b0)
mem[X,0x0000000080000264] -> 0xE8B3
mem[X,0x0000000080000266] -> 0x00F8
[88] [M]: 0x0000000080000264 (0x00F8E8B3) or x17, x17, x15                          rvtest_entrypoint+64
x17 <- 0x00FAB7FBB6FAB7FF

mem[X,0x0000000080000268] -> 0xD913
mem[X,0x000000008000026A] -> 0x0078
[89] [M]: 0x0000000080000268 (0x0078D913) srli x18, x17, 0x7                        rvtest_entrypoint+68
x18 <- 0x0001F56FF76DF56F

clint mtime 0x000000000000002D (mip.MTI <- 0b1, mip.STI <- 0b0)
mem[X,0x000000008000026C] -> 0xD793
mem[X,0x000000008000026E] -> 0x0398
[90] [M]: 0x000000008000026C (0x0398D793) srli x15, x17, 0x39                       rvtest_entrypoint+72
x15 <- 0x0000000000000000

mem[X,0x0000000080000270] -> 0x6933
mem[X,0x0000000080000272] -> 0x00F9
[91] [M]: 0x0000000080000270 (0x00F96933) or x18, x18, x15                          rvtest_entrypoint+76
x18 <- 0x0001F56FF76DF56F

clint mtime 0x000000000000002E (mip.MTI <- 0b1, mip.STI <- 0b0)
mem[X,0x0000000080000274] -> 0x5993
mem[X,0x0000000080000276] -> 0x0079
[92] [M]: 0x0000000080000274 (0x00795993) srli x19, x18, 0x7                        rvtest_entrypoint+80
x19 <- 0x000003EADFEEDBEA

mem[X,0x0000000080000278] -> 0x5793
mem[X,0x000000008000027A] -> 0x0399
[93] [M]: 0x0000000080000278 (0x03995793) srli x15, x18, 0x39                       rvtest_entrypoint+84
x15 <- 0x0000000000000000

clint mtime 0x000000000000002F (mip.MTI <- 0b1, mip.STI <- 0b0)
mem[X,0x000000008000027C] -> 0xE9B3
mem[X,0x000000008000027E] -> 0x00F9
[94] [M]: 0x000000008000027C (0x00F9E9B3) or x19, x19, x15                          rvtest_entrypoint+88
x19 <- 0x000003EADFEEDBEA

mem[X,0x0000000080000280] -> 0xDA13
mem[X,0x0000000080000282] -> 0x0079
[95] [M]: 0x0000000080000280 (0x0079DA13) srli x20, x19, 0x7                        rvtest_entrypoint+92
x20 <- 0x00000007D5BFDDB7

clint mtime 0x0000000000000030 (mip.MTI <- 0b1, mip.STI <- 0b0)
mem[X,0x0000000080000284] -> 0xD793
mem[X,0x0000000080000286] -> 0x0399
[96] [M]: 0x0000000080000284 (0x0399D793) srli x15, x19, 0x39                       rvtest_entrypoint+96
x15 <- 0x0000000000000000

mem[X,0x0000000080000288] -> 0x6A33
mem[X,0x000000008000028A] -> 0x00FA
[97] [M]: 0x0000000080000288 (0x00FA6A33) or x20, x20, x15                          rvtest_entrypoint+100
x20 <- 0x00000007D5BFDDB7

clint mtime 0x0000000000000031 (mip.MTI <- 0b1, mip.STI <- 0b0)
mem[X,0x000000008000028C] -> 0x5A93
mem[X,0x000000008000028E] -> 0x007A
[98] [M]: 0x000000008000028C (0x007A5A93) srli x21, x20, 0x7                        rvtest_entrypoint+104
x21 <- 0x000000000FAB7FBB

mem[X,0x0000000080000290] -> 0x5793
mem[X,0x0000000080000292] -> 0x039A
[99] [M]: 0x0000000080000290 (0x039A5793) srli x15, x20, 0x39                       rvtest_entrypoint+108
x15 <- 0x0000000000000000

clint mtime 0x0000000000000032 (mip.MTI <- 0b1, mip.STI <- 0b0)
mem[X,0x0000000080000294] -> 0xEAB3
mem[X,0x0000000080000296] -> 0x00FA
[100] [M]: 0x0000000080000294 (0x00FAEAB3) or x21, x21, x15                         rvtest_entrypoint+112
x21 <- 0x000000000FAB7FBB

mem[X,0x0000000080000298] -> 0xDB13
mem[X,0x000000008000029A] -> 0x007A
[101] [M]: 0x0000000080000298 (0x007ADB13) srli x22, x21, 0x7                       rvtest_entrypoint+116
x22 <- 0x00000000001F56FF

clint mtime 0x0000000000000033 (mip.MTI <- 0b1, mip.STI <- 0b0)
mem[X,0x000000008000029C] -> 0xD793
mem[X,0x000000008000029E] -> 0x039A
[102] [M]: 0x000000008000029C (0x039AD793) srli x15, x21, 0x39                      rvtest_entrypoint+120
x15 <- 0x0000000000000000

mem[X,0x00000000800002A0] -> 0x6B33
mem[X,0x00000000800002A2] -> 0x00FB
[103] [M]: 0x00000000800002A0 (0x00FB6B33) or x22, x22, x15                         rvtest_entrypoint+124
x22 <- 0x00000000001F56FF

clint mtime 0x0000000000000034 (mip.MTI <- 0b1, mip.STI <- 0b0)
mem[X,0x00000000800002A4] -> 0x5B93
mem[X,0x00000000800002A6] -> 0x007B
[104] [M]: 0x00000000800002A4 (0x007B5B93) srli x23, x22, 0x7                       rvtest_entrypoint+128
x23 <- 0x0000000000003EAD

mem[X,0x00000000800002A8] -> 0x5793
mem[X,0x00000000800002AA] -> 0x039B
[105] [M]: 0x00000000800002A8 (0x039B5793) srli x15, x22, 0x39                      rvtest_entrypoint+132
x15 <- 0x0000000000000000

clint mtime 0x0000000000000035 (mip.MTI <- 0b1, mip.STI <- 0b0)
mem[X,0x00000000800002AC] -> 0xEBB3
mem[X,0x00000000800002AE] -> 0x00FB
[106] [M]: 0x00000000800002AC (0x00FBEBB3) or x23, x23, x15                         rvtest_entrypoint+136
x23 <- 0x0000000000003EAD

mem[X,0x00000000800002B0] -> 0xDC13
mem[X,0x00000000800002B2] -> 0x007B
[107] [M]: 0x00000000800002B0 (0x007BDC13) srli x24, x23, 0x7                       rvtest_entrypoint+140
x24 <- 0x000000000000007D

clint mtime 0x0000000000000036 (mip.MTI <- 0b1, mip.STI <- 0b0)
mem[X,0x00000000800002B4] -> 0xD793
mem[X,0x00000000800002B6] -> 0x039B
[108] [M]: 0x00000000800002B4 (0x039BD793) srli x15, x23, 0x39                      rvtest_entrypoint+144
x15 <- 0x0000000000000000

mem[X,0x00000000800002B8] -> 0x6C33
mem[X,0x00000000800002BA] -> 0x00FC
[109] [M]: 0x00000000800002B8 (0x00FC6C33) or x24, x24, x15                         rvtest_entrypoint+148
x24 <- 0x000000000000007D

clint mtime 0x0000000000000037 (mip.MTI <- 0b1, mip.STI <- 0b0)
mem[X,0x00000000800002BC] -> 0x5C93
mem[X,0x00000000800002BE] -> 0x007C
[110] [M]: 0x00000000800002BC (0x007C5C93) srli x25, x24, 0x7                       rvtest_entrypoint+152
x25 <- 0x0000000000000000

mem[X,0x00000000800002C0] -> 0x5793
mem[X,0x00000000800002C2] -> 0x039C
[111] [M]: 0x00000000800002C0 (0x039C5793) srli x15, x24, 0x39                      rvtest_entrypoint+156
x15 <- 0x0000000000000000

clint mtime 0x0000000000000038 (mip.MTI <- 0b1, mip.STI <- 0b0)
mem[X,0x00000000800002C4] -> 0xECB3
mem[X,0x00000000800002C6] -> 0x00FC
[112] [M]: 0x00000000800002C4 (0x00FCECB3) or x25, x25, x15                         rvtest_entrypoint+160
x25 <- 0x0000000000000000

mem[X,0x00000000800002C8] -> 0xDD13
mem[X,0x00000000800002CA] -> 0x007C
[113] [M]: 0x00000000800002C8 (0x007CDD13) srli x26, x25, 0x7                       rvtest_entrypoint+164
x26 <- 0x0000000000000000

clint mtime 0x0000000000000039 (mip.MTI <- 0b1, mip.STI <- 0b0)
mem[X,0x00000000800002CC] -> 0xD793
mem[X,0x00000000800002CE] -> 0x039C
[114] [M]: 0x00000000800002CC (0x039CD793) srli x15, x25, 0x39                      rvtest_entrypoint+168
x15 <- 0x0000000000000000

mem[X,0x00000000800002D0] -> 0x6D33
mem[X,0x00000000800002D2] -> 0x00FD
[115] [M]: 0x00000000800002D0 (0x00FD6D33) or x26, x26, x15                         rvtest_entrypoint+172
x26 <- 0x0000000000000000

clint mtime 0x000000000000003A (mip.MTI <- 0b1, mip.STI <- 0b0)
mem[X,0x00000000800002D4] -> 0x5D93
mem[X,0x00000000800002D6] -> 0x007D
[116] [M]: 0x00000000800002D4 (0x007D5D93) srli x27, x26, 0x7                       rvtest_entrypoint+176
x27 <- 0x0000000000000000

mem[X,0x00000000800002D8] -> 0x5793
mem[X,0x00000000800002DA] -> 0x039D
[117] [M]: 0x00000000800002D8 (0x039D5793) srli x15, x26, 0x39                      rvtest_entrypoint+180
x15 <- 0x0000000000000000

clint mtime 0x000000000000003B (mip.MTI <- 0b1, mip.STI <- 0b0)
mem[X,0x00000000800002DC] -> 0xEDB3
mem[X,0x00000000800002DE] -> 0x00FD
[118] [M]: 0x00000000800002DC (0x00FDEDB3) or x27, x27, x15                         rvtest_entrypoint+184
x27 <- 0x0000000000000000

mem[X,0x00000000800002E0] -> 0xDE13
mem[X,0x00000000800002E2] -> 0x007D
[119] [M]: 0x00000000800002E0 (0x007DDE13) srli x28, x27, 0x7                       rvtest_entrypoint+188
x28 <- 0x0000000000000000

clint mtime 0x000000000000003C (mip.MTI <- 0b1, mip.STI <- 0b0)
mem[X,0x00000000800002E4] -> 0xD793
mem[X,0x00000000800002E6] -> 0x039D
[120] [M]: 0x00000000800002E4 (0x039DD793) srli x15, x27, 0x39                      rvtest_entrypoint+192
x15 <- 0x0000000000000000

mem[X,0x00000000800002E8] -> 0x6E33
mem[X,0x00000000800002EA] -> 0x00FE
[121] [M]: 0x00000000800002E8 (0x00FE6E33) or x28, x28, x15                         rvtest_entrypoint+196
x28 <- 0x0000000000000000

clint mtime 0x000000000000003D (mip.MTI <- 0b1, mip.STI <- 0b0)
mem[X,0x00000000800002EC] -> 0x5E93
mem[X,0x00000000800002EE] -> 0x007E
[122] [M]: 0x00000000800002EC (0x007E5E93) srli x29, x28, 0x7                       rvtest_entrypoint+200
x29 <- 0x0000000000000000

mem[X,0x00000000800002F0] -> 0x5793
mem[X,0x00000000800002F2] -> 0x039E
[123] [M]: 0x00000000800002F0 (0x039E5793) srli x15, x28, 0x39                      rvtest_entrypoint+204
x15 <- 0x0000000000000000

clint mtime 0x000000000000003E (mip.MTI <- 0b1, mip.STI <- 0b0)
mem[X,0x00000000800002F4] -> 0xEEB3
mem[X,0x00000000800002F6] -> 0x00FE
[124] [M]: 0x00000000800002F4 (0x00FEEEB3) or x29, x29, x15                         rvtest_entrypoint+208
x29 <- 0x0000000000000000

mem[X,0x00000000800002F8] -> 0xDF13
mem[X,0x00000000800002FA] -> 0x007E
[125] [M]: 0x00000000800002F8 (0x007EDF13) srli x30, x29, 0x7                       rvtest_entrypoint+212
x30 <- 0x0000000000000000

clint mtime 0x000000000000003F (mip.MTI <- 0b1, mip.STI <- 0b0)
mem[X,0x00000000800002FC] -> 0xD793
mem[X,0x00000000800002FE] -> 0x039E
[126] [M]: 0x00000000800002FC (0x039ED793) srli x15, x29, 0x39                      rvtest_entrypoint+216
x15 <- 0x0000000000000000

mem[X,0x0000000080000300] -> 0x6F33
mem[X,0x0000000080000302] -> 0x00FF
[127] [M]: 0x0000000080000300 (0x00FF6F33) or x30, x30, x15                         rvtest_entrypoint+220
x30 <- 0x0000000000000000

clint mtime 0x0000000000000040 (mip.MTI <- 0b1, mip.STI <- 0b0)
mem[X,0x0000000080000304] -> 0xC0B7
mem[X,0x0000000080000306] -> 0xFEED
[128] [M]: 0x0000000080000304 (0xFEEDC0B7) lui x1, -0x1124                          rvtest_entrypoint+224
x1 <- 0xFFFFFFFFFEEDC000

mem[X,0x0000000080000308] -> 0x8093
mem[X,0x000000008000030A] -> 0xEAD0
[129] [M]: 0x0000000080000308 (0xEAD08093) addi x1, x1, -0x153                      rvtest_entrypoint+228
x1 <- 0xFFFFFFFFFEEDBEAD

clint mtime 0x0000000000000041 (mip.MTI <- 0b1, mip.STI <- 0b0)
mem[X,0x000000008000030C] -> 0x9093
mem[X,0x000000008000030E] -> 0x00B0
[130] [M]: 0x000000008000030C (0x00B09093) slli x1, x1, 0xb                         rvtest_entrypoint+232
x1 <- 0xFFFFFFF76DF56800

mem[X,0x0000000080000310] -> 0x8093
mem[X,0x0000000080000312] -> 0x7F70
[131] [M]: 0x0000000080000310 (0x7F708093) addi x1, x1, 0x7f7                       rvtest_entrypoint+236
x1 <- 0xFFFFFFF76DF56FF7

clint mtime 0x0000000000000042 (mip.MTI <- 0b1, mip.STI <- 0b0)
mem[X,0x0000000080000314] -> 0x9093
mem[X,0x0000000080000316] -> 0x00B0
[132] [M]: 0x0000000080000314 (0x00B09093) slli x1, x1, 0xb                         rvtest_entrypoint+240
x1 <- 0xFFFFBB6FAB7FB800

mem[X,0x0000000080000318] -> 0x8093
mem[X,0x000000008000031A] -> 0x36F0
[133] [M]: 0x0000000080000318 (0x36F08093) addi x1, x1, 0x36f                       rvtest_entrypoint+244
x1 <- 0xFFFFBB6FAB7FBB6F

clint mtime 0x0000000000000043 (mip.MTI <- 0b1, mip.STI <- 0b0)
mem[X,0x000000008000031C] -> 0x9093
mem[X,0x000000008000031E] -> 0x00A0
[134] [M]: 0x000000008000031C (0x00A09093) slli x1, x1, 0xa                         rvtest_entrypoint+248
x1 <- 0xFEEDBEADFEEDBC00

mem[X,0x0000000080000320] -> 0x8093
mem[X,0x0000000080000322] -> 0x2AD0
[135] [M]: 0x0000000080000320 (0x2AD08093) addi x1, x1, 0x2ad                       rvtest_entrypoint+252
x1 <- 0xFEEDBEADFEEDBEAD

clint mtime 0x0000000000000044 (mip.MTI <- 0b1, mip.STI <- 0b0)
mem[X,0x0000000080000324] -> 0xD113
mem[X,0x0000000080000326] -> 0x0070
[136] [M]: 0x0000000080000324 (0x0070D113) srli x2, x1, 0x7                         rvtest_entrypoint+256
x2 <- 0x01FDDB7D5BFDDB7D

mem[X,0x0000000080000328] -> 0xD793
mem[X,0x000000008000032A] -> 0x0390
[137] [M]: 0x0000000080000328 (0x0390D793) srli x15, x1, 0x39                       rvtest_entrypoint+260
x15 <- 0x000000000000007F

clint mtime 0x0000000000000045 (mip.MTI <- 0b1, mip.STI <- 0b0)
mem[X,0x000000008000032C] -> 0x6133
mem[X,0x000000008000032E] -> 0x00F1
[138] [M]: 0x000000008000032C (0x00F16133) or x2, x2, x15                           rvtest_entrypoint+264
x2 <- 0x01FDDB7D5BFDDB7F

mem[X,0x0000000080000330] -> 0x5193
mem[X,0x0000000080000332] -> 0x0071
[139] [M]: 0x0000000080000330 (0x00715193) srli x3, x2, 0x7                         rvtest_entrypoint+268
x3 <- 0x0003FBB6FAB7FBB6

clint mtime 0x0000000000000046 (mip.MTI <- 0b1, mip.STI <- 0b0)
mem[X,0x0000000080000334] -> 0x5793
mem[X,0x0000000080000336] -> 0x0391
[140] [M]: 0x0000000080000334 (0x03915793) srli x15, x2, 0x39                       rvtest_entrypoint+272
x15 <- 0x0000000000000000

mem[X,0x0000000080000338] -> 0xE1B3
mem[X,0x000000008000033A] -> 0x00F1
[141] [M]: 0x0000000080000338 (0x00F1E1B3) or x3, x3, x15                           rvtest_entrypoint+276
x3 <- 0x0003FBB6FAB7FBB6

clint mtime 0x0000000000000047 (mip.MTI <- 0b1, mip.STI <- 0b0)
mem[X,0x000000008000033C] -> 0xD213
mem[X,0x000000008000033E] -> 0x0071
[142] [M]: 0x000000008000033C (0x0071D213) srli x4, x3, 0x7                         rvtest_entrypoint+280
x4 <- 0x000007F76DF56FF7

mem[X,0x0000000080000340] -> 0xD793
mem[X,0x0000000080000342] -> 0x0391
[143] [M]: 0x0000000080000340 (0x0391D793) srli x15, x3, 0x39                       rvtest_entrypoint+284
x15 <- 0x0000000000000000

clint mtime 0x0000000000000048 (mip.MTI <- 0b1, mip.STI <- 0b0)
mem[X,0x0000000080000344] -> 0x6233
mem[X,0x0000000080000346] -> 0x00F2
[144] [M]: 0x0000000080000344 (0x00F26233) or x4, x4, x15                           rvtest_entrypoint+288
x4 <- 0x000007F76DF56FF7

mem[X,0x0000000080000348] -> 0x5293
mem[X,0x000000008000034A] -> 0x0072
[145] [M]: 0x0000000080000348 (0x00725293) srli x5, x4, 0x7                         rvtest_entrypoint+292
x5 <- 0x0000000FEEDBEADF

clint mtime 0x0000000000000049 (mip.MTI <- 0b1, mip.STI <- 0b0)
mem[X,0x000000008000034C] -> 0x5793
mem[X,0x000000008000034E] -> 0x0392
[146] [M]: 0x000000008000034C (0x03925793) srli x15, x4, 0x39                       rvtest_entrypoint+296
x15 <- 0x0000000000000000

mem[X,0x0000000080000350] -> 0xE2B3
mem[X,0x0000000080000352] -> 0x00F2
[147] [M]: 0x0000000080000350 (0x00F2E2B3) or x5, x5, x15                           rvtest_entrypoint+300
x5 <- 0x0000000FEEDBEADF

clint mtime 0x000000000000004A (mip.MTI <- 0b1, mip.STI <- 0b0)
mem[X,0x0000000080000354] -> 0xD313
mem[X,0x0000000080000356] -> 0x0072
[148] [M]: 0x0000000080000354 (0x0072D313) srli x6, x5, 0x7                         rvtest_entrypoint+304
x6 <- 0x000000001FDDB7D5

mem[X,0x0000000080000358] -> 0xD793
mem[X,0x000000008000035A] -> 0x0392
[149] [M]: 0x0000000080000358 (0x0392D793) srli x15, x5, 0x39                       rvtest_entrypoint+308
x15 <- 0x0000000000000000

clint mtime 0x000000000000004B (mip.MTI <- 0b1, mip.STI <- 0b0)
mem[X,0x000000008000035C] -> 0x6333
mem[X,0x000000008000035E] -> 0x00F3
[150] [M]: 0x000000008000035C (0x00F36333) or x6, x6, x15                           rvtest_entrypoint+312
x6 <- 0x000000001FDDB7D5

mem[X,0x0000000080000360] -> 0x5393
mem[X,0x0000000080000362] -> 0x0073
[151] [M]: 0x0000000080000360 (0x00735393) srli x7, x6, 0x7                         rvtest_entrypoint+316
x7 <- 0x00000000003FBB6F

clint mtime 0x000000000000004C (mip.MTI <- 0b1, mip.STI <- 0b0)
mem[X,0x0000000080000364] -> 0x5793
mem[X,0x0000000080000366] -> 0x0393
[152] [M]: 0x0000000080000364 (0x03935793) srli x15, x6, 0x39                       rvtest_entrypoint+320
x15 <- 0x0000000000000000

mem[X,0x0000000080000368] -> 0xE3B3
mem[X,0x000000008000036A] -> 0x00F3
[153] [M]: 0x0000000080000368 (0x00F3E3B3) or x7, x7, x15                           rvtest_entrypoint+324
x7 <- 0x00000000003FBB6F

clint mtime 0x000000000000004D (mip.MTI <- 0b1, mip.STI <- 0b0)
mem[X,0x000000008000036C] -> 0xD413
mem[X,0x000000008000036E] -> 0x0073
[154] [M]: 0x000000008000036C (0x0073D413) srli x8, x7, 0x7                         rvtest_entrypoint+328
x8 <- 0x0000000000007F76

mem[X,0x0000000080000370] -> 0xD793
mem[X,0x0000000080000372] -> 0x0393
[155] [M]: 0x0000000080000370 (0x0393D793) srli x15, x7, 0x39                       rvtest_entrypoint+332
x15 <- 0x0000000000000000

clint mtime 0x000000000000004E (mip.MTI <- 0b1, mip.STI <- 0b0)
mem[X,0x0000000080000374] -> 0x6433
mem[X,0x0000000080000376] -> 0x00F4
[156] [M]: 0x0000000080000374 (0x00F46433) or x8, x8, x15                           rvtest_entrypoint+336
x8 <- 0x0000000000007F76

mem[X,0x0000000080000378] -> 0x5493
mem[X,0x000000008000037A] -> 0x0074
[157] [M]: 0x0000000080000378 (0x00745493) srli x9, x8, 0x7                         rvtest_entrypoint+340
x9 <- 0x00000000000000FE

clint mtime 0x000000000000004F (mip.MTI <- 0b1, mip.STI <- 0b0)
mem[X,0x000000008000037C] -> 0x5793
mem[X,0x000000008000037E] -> 0x0394
[158] [M]: 0x000000008000037C (0x03945793) srli x15, x8, 0x39                       rvtest_entrypoint+344
x15 <- 0x0000000000000000

mem[X,0x0000000080000380] -> 0xE4B3
mem[X,0x0000000080000382] -> 0x00F4
[159] [M]: 0x0000000080000380 (0x00F4E4B3) or x9, x9, x15                           rvtest_entrypoint+348
x9 <- 0x00000000000000FE

clint mtime 0x0000000000000050 (mip.MTI <- 0b1, mip.STI <- 0b0)
mem[X,0x0000000080000384] -> 0xD513
mem[X,0x0000000080000386] -> 0x0074
[160] [M]: 0x0000000080000384 (0x0074D513) srli x10, x9, 0x7                        rvtest_entrypoint+352
x10 <- 0x0000000000000001

mem[X,0x0000000080000388] -> 0xD793
mem[X,0x000000008000038A] -> 0x0394
[161] [M]: 0x0000000080000388 (0x0394D793) srli x15, x9, 0x39                       rvtest_entrypoint+356
x15 <- 0x0000000000000000

clint mtime 0x0000000000000051 (mip.MTI <- 0b1, mip.STI <- 0b0)
mem[X,0x000000008000038C] -> 0x6533
mem[X,0x000000008000038E] -> 0x00F5
[162] [M]: 0x000000008000038C (0x00F56533) or x10, x10, x15                         rvtest_entrypoint+360
x10 <- 0x0000000000000001

mem[X,0x0000000080000390] -> 0x5593
mem[X,0x0000000080000392] -> 0x0075
[163] [M]: 0x0000000080000390 (0x00755593) srli x11, x10, 0x7                       rvtest_entrypoint+364
x11 <- 0x0000000000000000

clint mtime 0x0000000000000052 (mip.MTI <- 0b1, mip.STI <- 0b0)
mem[X,0x0000000080000394] -> 0x5793
mem[X,0x0000000080000396] -> 0x0395
[164] [M]: 0x0000000080000394 (0x03955793) srli x15, x10, 0x39                      rvtest_entrypoint+368
x15 <- 0x0000000000000000

mem[X,0x0000000080000398] -> 0xE5B3
mem[X,0x000000008000039A] -> 0x00F5
[165] [M]: 0x0000000080000398 (0x00F5E5B3) or x11, x11, x15                         rvtest_entrypoint+372
x11 <- 0x0000000000000000

clint mtime 0x0000000000000053 (mip.MTI <- 0b1, mip.STI <- 0b0)
mem[X,0x000000008000039C] -> 0xD613
mem[X,0x000000008000039E] -> 0x0075
[166] [M]: 0x000000008000039C (0x0075D613) srli x12, x11, 0x7                       rvtest_entrypoint+376
x12 <- 0x0000000000000000

mem[X,0x00000000800003A0] -> 0xD793
mem[X,0x00000000800003A2] -> 0x0395
[167] [M]: 0x00000000800003A0 (0x0395D793) srli x15, x11, 0x39                      rvtest_entrypoint+380
x15 <- 0x0000000000000000

clint mtime 0x0000000000000054 (mip.MTI <- 0b1, mip.STI <- 0b0)
mem[X,0x00000000800003A4] -> 0x6633
mem[X,0x00000000800003A6] -> 0x00F6
[168] [M]: 0x00000000800003A4 (0x00F66633) or x12, x12, x15                         rvtest_entrypoint+384
x12 <- 0x0000000000000000

mem[X,0x00000000800003A8] -> 0x5693
mem[X,0x00000000800003AA] -> 0x0076
[169] [M]: 0x00000000800003A8 (0x00765693) srli x13, x12, 0x7                       rvtest_entrypoint+388
x13 <- 0x0000000000000000

clint mtime 0x0000000000000055 (mip.MTI <- 0b1, mip.STI <- 0b0)
mem[X,0x00000000800003AC] -> 0x5793
mem[X,0x00000000800003AE] -> 0x0396
[170] [M]: 0x00000000800003AC (0x03965793) srli x15, x12, 0x39                      rvtest_entrypoint+392
x15 <- 0x0000000000000000

mem[X,0x00000000800003B0] -> 0xE6B3
mem[X,0x00000000800003B2] -> 0x00F6
[171] [M]: 0x00000000800003B0 (0x00F6E6B3) or x13, x13, x15                         rvtest_entrypoint+396
x13 <- 0x0000000000000000

clint mtime 0x0000000000000056 (mip.MTI <- 0b1, mip.STI <- 0b0)
mem[X,0x00000000800003B4] -> 0x0013
mem[X,0x00000000800003B6] -> 0x0000
[172] [M]: 0x00000000800003B4 (0x00000013) addi x0, x0, 0x0                         rvtest_code_begin+0

mem[X,0x00000000800003B8] -> 0x0013
mem[X,0x00000000800003BA] -> 0x0000
[173] [M]: 0x00000000800003B8 (0x00000013) addi x0, x0, 0x0                         rvtest_code_begin+4

clint mtime 0x0000000000000057 (mip.MTI <- 0b1, mip.STI <- 0b0)
mem[X,0x00000000800003BC] -> 0x0013
mem[X,0x00000000800003BE] -> 0x0000
[174] [M]: 0x00000000800003BC (0x00000013) addi x0, x0, 0x0                         rvtest_code_begin+8

mem[X,0x00000000800003C0] -> 0x7697
mem[X,0x00000000800003C2] -> 0x0000
[175] [M]: 0x00000000800003C0 (0x00007697) auipc x13, 0x7                           rvtest_code_begin+12
x13 <- 0x00000000800073C0

clint mtime 0x0000000000000058 (mip.MTI <- 0b1, mip.STI <- 0b0)
mem[X,0x00000000800003C4] -> 0x8693
mem[X,0x00000000800003C6] -> 0xE586
[176] [M]: 0x00000000800003C4 (0xE5868693) addi x13, x13, -0x1a8                    rvtest_code_begin+16
x13 <- 0x0000000080007218

mem[X,0x00000000800003C8] -> 0x0001
[177] [M]: 0x00000000800003C8 (0x0001) c.nop                                        rvtest_code_begin+20

clint mtime 0x0000000000000059 (mip.MTI <- 0b1, mip.STI <- 0b0)
mem[X,0x00000000800003CA] -> 0x0013
mem[X,0x00000000800003CC] -> 0x0000
[178] [M]: 0x00000000800003CA (0x00000013) addi x0, x0, 0x0                         rvtest_code_begin+22

mem[X,0x00000000800003CE] -> 0x0013
mem[X,0x00000000800003D0] -> 0x0000
[179] [M]: 0x00000000800003CE (0x00000013) addi x0, x0, 0x0                         rvtest_code_begin+26

clint mtime 0x000000000000005A (mip.MTI <- 0b1, mip.STI <- 0b0)
mem[X,0x00000000800003D2] -> 0x0013
mem[X,0x00000000800003D4] -> 0x0000
[180] [M]: 0x00000000800003D2 (0x00000013) addi x0, x0, 0x0                         rvtest_code_begin+30

mem[X,0x00000000800003D6] -> 0x0013
mem[X,0x00000000800003D8] -> 0x0000
[181] [M]: 0x00000000800003D6 (0x00000013) addi x0, x0, 0x0                         rvtest_code_begin+34

clint mtime 0x000000000000005B (mip.MTI <- 0b1, mip.STI <- 0b0)
mem[X,0x00000000800003DA] -> 0x0013
mem[X,0x00000000800003DC] -> 0x0000
[182] [M]: 0x00000000800003DA (0x00000013) addi x0, x0, 0x0                         rvtest_code_begin+38

mem[X,0x00000000800003DE] -> 0x0001
[183] [M]: 0x00000000800003DE (0x0001) c.nop                                        rvtest_code_begin+42

clint mtime 0x000000000000005C (mip.MTI <- 0b1, mip.STI <- 0b0)
mem[X,0x00000000800003E0] -> 0x1073
mem[X,0x00000000800003E2] -> 0x3A00
[184] [M]: 0x00000000800003E0 (0x3A001073) csrrw x0, pmpcfg0, x0                    main+0
CSR pmpcfg0 (0x3A0) <- 0x0000000000000000

mem[X,0x00000000800003E4] -> 0x1073
mem[X,0x00000000800003E6] -> 0x3A20
[185] [M]: 0x00000000800003E4 (0x3A201073) csrrw x0, pmpcfg2, x0                    main+4
CSR pmpcfg2 (0x3A2) <- 0x0000000000000000

clint mtime 0x000000000000005D (mip.MTI <- 0b1, mip.STI <- 0b0)
mem[X,0x00000000800003E8] -> 0x1073
mem[X,0x00000000800003EA] -> 0x3B00
[186] [M]: 0x00000000800003E8 (0x3B001073) csrrw x0, pmpaddr0, x0                   main+8
CSR pmpaddr0 (0x3B0) <- 0x0000000000000000

mem[X,0x00000000800003EC] -> 0x1073
mem[X,0x00000000800003EE] -> 0x3B10
[187] [M]: 0x00000000800003EC (0x3B101073) csrrw x0, pmpaddr1, x0                   main+12
CSR pmpaddr1 (0x3B1) <- 0x0000000000000000

clint mtime 0x000000000000005E (mip.MTI <- 0b1, mip.STI <- 0b0)
mem[X,0x00000000800003F0] -> 0x1073
mem[X,0x00000000800003F2] -> 0x3B20
[188] [M]: 0x00000000800003F0 (0x3B201073) csrrw x0, pmpaddr2, x0                   main+16
CSR pmpaddr2 (0x3B2) <- 0x0000000000000000

mem[X,0x00000000800003F4] -> 0x1073
mem[X,0x00000000800003F6] -> 0x3B30
[189] [M]: 0x00000000800003F4 (0x3B301073) csrrw x0, pmpaddr3, x0                   main+20
CSR pmpaddr3 (0x3B3) <- 0x0000000000000000

clint mtime 0x000000000000005F (mip.MTI <- 0b1, mip.STI <- 0b0)
mem[X,0x00000000800003F8] -> 0x1073
mem[X,0x00000000800003FA] -> 0x3B40
[190] [M]: 0x00000000800003F8 (0x3B401073) csrrw x0, pmpaddr4, x0                   main+24
CSR pmpaddr4 (0x3B4) <- 0x0000000000000000

mem[X,0x00000000800003FC] -> 0x1073
mem[X,0x00000000800003FE] -> 0x3B50
[191] [M]: 0x00000000800003FC (0x3B501073) csrrw x0, pmpaddr5, x0                   main+28
CSR pmpaddr5 (0x3B5) <- 0x0000000000000000

clint mtime 0x0000000000000060 (mip.MTI <- 0b1, mip.STI <- 0b0)
mem[X,0x0000000080000400] -> 0x1073
mem[X,0x0000000080000402] -> 0x3B60
[192] [M]: 0x0000000080000400 (0x3B601073) csrrw x0, pmpaddr6, x0                   main+32
CSR pmpaddr6 (0x3B6) <- 0x0000000000000000

mem[X,0x0000000080000404] -> 0x1073
mem[X,0x0000000080000406] -> 0x3B70
[193] [M]: 0x0000000080000404 (0x3B701073) csrrw x0, pmpaddr7, x0                   main+36
CSR pmpaddr7 (0x3B7) <- 0x0000000000000000

clint mtime 0x0000000000000061 (mip.MTI <- 0b1, mip.STI <- 0b0)
mem[X,0x0000000080000408] -> 0x1073
mem[X,0x000000008000040A] -> 0x3B80
[194] [M]: 0x0000000080000408 (0x3B801073) csrrw x0, pmpaddr8, x0                   main+40
CSR pmpaddr8 (0x3B8) <- 0x0000000000000000

mem[X,0x000000008000040C] -> 0x1073
mem[X,0x000000008000040E] -> 0x3B90
[195] [M]: 0x000000008000040C (0x3B901073) csrrw x0, pmpaddr9, x0                   main+44
CSR pmpaddr9 (0x3B9) <- 0x0000000000000000

clint mtime 0x0000000000000062 (mip.MTI <- 0b1, mip.STI <- 0b0)
mem[X,0x0000000080000410] -> 0x1073
mem[X,0x0000000080000412] -> 0x3BA0
[196] [M]: 0x0000000080000410 (0x3BA01073) csrrw x0, pmpaddr10, x0                  main+48
CSR pmpaddr10 (0x3BA) <- 0x0000000000000000

mem[X,0x0000000080000414] -> 0x1073
mem[X,0x0000000080000416] -> 0x3BB0
[197] [M]: 0x0000000080000414 (0x3BB01073) csrrw x0, pmpaddr11, x0                  main+52
CSR pmpaddr11 (0x3BB) <- 0x0000000000000000

clint mtime 0x0000000000000063 (mip.MTI <- 0b1, mip.STI <- 0b0)
mem[X,0x0000000080000418] -> 0x1073
mem[X,0x000000008000041A] -> 0x3BC0
[198] [M]: 0x0000000080000418 (0x3BC01073) csrrw x0, pmpaddr12, x0                  main+56
CSR pmpaddr12 (0x3BC) <- 0x0000000000000000

mem[X,0x000000008000041C] -> 0x1073
mem[X,0x000000008000041E] -> 0x3BD0
[199] [M]: 0x000000008000041C (0x3BD01073) csrrw x0, pmpaddr13, x0                  main+60
CSR pmpaddr13 (0x3BD) <- 0x0000000000000000

clint mtime 0x0000000000000064 (mip.MTI <- 0b1, mip.STI <- 0b0)
mem[X,0x0000000080000420] -> 0x1073
mem[X,0x0000000080000422] -> 0x3BE0
[200] [M]: 0x0000000080000420 (0x3BE01073) csrrw x0, pmpaddr14, x0                  main+64
CSR pmpaddr14 (0x3BE) <- 0x0000000000000000

mem[X,0x0000000080000424] -> 0x1073
mem[X,0x0000000080000426] -> 0x3BF0
[201] [M]: 0x0000000080000424 (0x3BF01073) csrrw x0, pmpaddr15, x0                  main+68
CSR pmpaddr15 (0x3BF) <- 0x0000000000000000

clint mtime 0x0000000000000065 (mip.MTI <- 0b1, mip.STI <- 0b0)
mem[X,0x0000000080000428] -> 0x1073
mem[X,0x000000008000042A] -> 0x1800
[202] [M]: 0x0000000080000428 (0x18001073) csrrw x0, satp, x0                       main+72
CSR satp (0x180) <- 0x0000000000000000

mem[X,0x000000008000042C] -> 0x0013
mem[X,0x000000008000042E] -> 0x0000
[203] [M]: 0x000000008000042C (0x00000013) addi x0, x0, 0x0                         main+76

clint mtime 0x0000000000000066 (mip.MTI <- 0b1, mip.STI <- 0b0)
mem[X,0x0000000080000430] -> 0x0013
mem[X,0x0000000080000432] -> 0x0000
[204] [M]: 0x0000000080000430 (0x00000013) addi x0, x0, 0x0                         main+80

mem[X,0x0000000080000434] -> 0x0013
mem[X,0x0000000080000436] -> 0x0000
[205] [M]: 0x0000000080000434 (0x00000013) addi x0, x0, 0x0                         main+84

clint mtime 0x0000000000000067 (mip.MTI <- 0b1, mip.STI <- 0b0)
mem[X,0x0000000080000438] -> 0x0013
mem[X,0x000000008000043A] -> 0x0000
[206] [M]: 0x0000000080000438 (0x00000013) addi x0, x0, 0x0                         main+88

mem[X,0x000000008000043C] -> 0x0013
mem[X,0x000000008000043E] -> 0x0000
[207] [M]: 0x000000008000043C (0x00000013) addi x0, x0, 0x0                         main+92

clint mtime 0x0000000000000068 (mip.MTI <- 0b1, mip.STI <- 0b0)
mem[X,0x0000000080000440] -> 0x021B
mem[X,0x0000000080000442] -> 0xFFF0
[208] [M]: 0x0000000080000440 (0xFFF0021B) addiw x4, x0, -0x1                       main+96
x4 <- 0xFFFFFFFFFFFFFFFF

mem[X,0x0000000080000444] -> 0x0001
[209] [M]: 0x0000000080000444 (0x0001) c.nop                                        main+100

clint mtime 0x0000000000000069 (mip.MTI <- 0b1, mip.STI <- 0b0)
mem[X,0x0000000080000446] -> 0x0013
mem[X,0x0000000080000448] -> 0x0000
[210] [M]: 0x0000000080000446 (0x00000013) addi x0, x0, 0x0                         main+102

mem[X,0x000000008000044A] -> 0x0013
mem[X,0x000000008000044C] -> 0x0000
[211] [M]: 0x000000008000044A (0x00000013) addi x0, x0, 0x0                         main+106

clint mtime 0x000000000000006A (mip.MTI <- 0b1, mip.STI <- 0b0)
mem[X,0x000000008000044E] -> 0x0013
mem[X,0x0000000080000450] -> 0x0000
[212] [M]: 0x000000008000044E (0x00000013) addi x0, x0, 0x0                         main+110

mem[X,0x0000000080000452] -> 0x0013
mem[X,0x0000000080000454] -> 0x0000
[213] [M]: 0x0000000080000452 (0x00000013) addi x0, x0, 0x0                         main+114

clint mtime 0x000000000000006B (mip.MTI <- 0b1, mip.STI <- 0b0)
mem[X,0x0000000080000456] -> 0x0013
mem[X,0x0000000080000458] -> 0x0000
[214] [M]: 0x0000000080000456 (0x00000013) addi x0, x0, 0x0                         main+118

mem[X,0x000000008000045A] -> 0x0013
mem[X,0x000000008000045C] -> 0x0000
[215] [M]: 0x000000008000045A (0x00000013) addi x0, x0, 0x0                         main+122

clint mtime 0x000000000000006C (mip.MTI <- 0b1, mip.STI <- 0b0)
mem[X,0x000000008000045E] -> 0x0001
[216] [M]: 0x000000008000045E (0x0001) c.nop                                        main+126

mem[X,0x0000000080000460] -> 0x1073
mem[X,0x0000000080000462] -> 0x3BF2
[217] [M]: 0x0000000080000460 (0x3BF21073) csrrw x0, pmpaddr15, x4                  main+128
CSR pmpaddr15 (0x3BF) <- 0x003FFFFFFFFFFFFF

clint mtime 0x000000000000006D (mip.MTI <- 0b1, mip.STI <- 0b0)
mem[X,0x0000000080000464] -> 0x0213
mem[X,0x0000000080000466] -> 0x09F0
[218] [M]: 0x0000000080000464 (0x09F00213) addi x4, x0, 0x9f                        main+132
x4 <- 0x000000000000009F

mem[X,0x0000000080000468] -> 0x1213
mem[X,0x000000008000046A] -> 0x0382
[219] [M]: 0x0000000080000468 (0x03821213) slli x4, x4, 0x38                        main+136
x4 <- 0x9F00000000000000

clint mtime 0x000000000000006E (mip.MTI <- 0b1, mip.STI <- 0b0)
mem[X,0x000000008000046C] -> 0x1073
mem[X,0x000000008000046E] -> 0x3A22
[220] [M]: 0x000000008000046C (0x3A221073) csrrw x0, pmpcfg2, x4                    main+140
CSR pmpcfg2 (0x3A2) <- 0x9F00000000000000

mem[X,0x0000000080000470] -> 0x0013
mem[X,0x0000000080000472] -> 0x0000
[221] [M]: 0x0000000080000470 (0x00000013) addi x0, x0, 0x0                         main+144

clint mtime 0x000000000000006F (mip.MTI <- 0b1, mip.STI <- 0b0)
mem[X,0x0000000080000474] -> 0x0013
mem[X,0x0000000080000476] -> 0x0000
[222] [M]: 0x0000000080000474 (0x00000013) addi x0, x0, 0x0                         main+148

mem[X,0x0000000080000478] -> 0x0013
mem[X,0x000000008000047A] -> 0x0000
[223] [M]: 0x0000000080000478 (0x00000013) addi x0, x0, 0x0                         main+152

clint mtime 0x0000000000000070 (mip.MTI <- 0b1, mip.STI <- 0b0)
mem[X,0x000000008000047C] -> 0x0013
mem[X,0x000000008000047E] -> 0x0000
[224] [M]: 0x000000008000047C (0x00000013) addi x0, x0, 0x0                         main+156

mem[X,0x0000000080000480] -> 0x1337
mem[X,0x0000000080000482] -> 0x2000
[225] [M]: 0x0000000080000480 (0x20001337) lui x6, 0x20001                          main+160
x6 <- 0x0000000020001000

clint mtime 0x0000000000000071 (mip.MTI <- 0b1, mip.STI <- 0b0)
mem[X,0x0000000080000484] -> 0x031B
mem[X,0x0000000080000486] -> 0x8013
[226] [M]: 0x0000000080000484 (0x8013031B) addiw x6, x6, -0x7ff                     main+164
x6 <- 0x0000000020000801

mem[X,0x0000000080000488] -> 0x0001
[227] [M]: 0x0000000080000488 (0x0001) c.nop                                        main+168

clint mtime 0x0000000000000072 (mip.MTI <- 0b1, mip.STI <- 0b0)
mem[X,0x000000008000048A] -> 0x0013
mem[X,0x000000008000048C] -> 0x0000
[228] [M]: 0x000000008000048A (0x00000013) addi x0, x0, 0x0                         main+170

mem[X,0x000000008000048E] -> 0x0013
mem[X,0x0000000080000490] -> 0x0000
[229] [M]: 0x000000008000048E (0x00000013) addi x0, x0, 0x0                         main+174

clint mtime 0x0000000000000073 (mip.MTI <- 0b1, mip.STI <- 0b0)
mem[X,0x0000000080000492] -> 0x0013
mem[X,0x0000000080000494] -> 0x0000
[230] [M]: 0x0000000080000492 (0x00000013) addi x0, x0, 0x0                         main+178

mem[X,0x0000000080000496] -> 0x0013
mem[X,0x0000000080000498] -> 0x0000
[231] [M]: 0x0000000080000496 (0x00000013) addi x0, x0, 0x0                         main+182

clint mtime 0x0000000000000074 (mip.MTI <- 0b1, mip.STI <- 0b0)
mem[X,0x000000008000049A] -> 0x0013
mem[X,0x000000008000049C] -> 0x0000
[232] [M]: 0x000000008000049A (0x00000013) addi x0, x0, 0x0                         main+186

mem[X,0x000000008000049E] -> 0x0001
[233] [M]: 0x000000008000049E (0x0001) c.nop                                        main+190

clint mtime 0x0000000000000075 (mip.MTI <- 0b1, mip.STI <- 0b0)
mem[X,0x00000000800004A0] -> 0x1073
mem[X,0x00000000800004A2] -> 0x3BB3
[234] [M]: 0x00000000800004A0 (0x3BB31073) csrrw x0, pmpaddr11, x6                  main+192
CSR pmpaddr11 (0x3BB) <- 0x0000000020000801

mem[X,0x00000000800004A4] -> 0x0013
mem[X,0x00000000800004A6] -> 0x0000
[235] [M]: 0x00000000800004A4 (0x00000013) addi x0, x0, 0x0                         main+196

clint mtime 0x0000000000000076 (mip.MTI <- 0b1, mip.STI <- 0b0)
mem[X,0x00000000800004A8] -> 0x0013
mem[X,0x00000000800004AA] -> 0x0000
[236] [M]: 0x00000000800004A8 (0x00000013) addi x0, x0, 0x0                         main+200

mem[X,0x00000000800004AC] -> 0x0013
mem[X,0x00000000800004AE] -> 0x0000
[237] [M]: 0x00000000800004AC (0x00000013) addi x0, x0, 0x0                         main+204

clint mtime 0x0000000000000077 (mip.MTI <- 0b1, mip.STI <- 0b0)
mem[X,0x00000000800004B0] -> 0x0013
mem[X,0x00000000800004B2] -> 0x0000
[238] [M]: 0x00000000800004B0 (0x00000013) addi x0, x0, 0x0                         main+208

mem[X,0x00000000800004B4] -> 0x0013
mem[X,0x00000000800004B6] -> 0x0000
[239] [M]: 0x00000000800004B4 (0x00000013) addi x0, x0, 0x0                         main+212

clint mtime 0x0000000000000078 (mip.MTI <- 0b1, mip.STI <- 0b0)
mem[X,0x00000000800004B8] -> 0x0013
mem[X,0x00000000800004BA] -> 0x0000
[240] [M]: 0x00000000800004B8 (0x00000013) addi x0, x0, 0x0                         main+216

mem[X,0x00000000800004BC] -> 0x0013
mem[X,0x00000000800004BE] -> 0x0000
[241] [M]: 0x00000000800004BC (0x00000013) addi x0, x0, 0x0                         main+220

clint mtime 0x0000000000000079 (mip.MTI <- 0b1, mip.STI <- 0b0)
mem[X,0x00000000800004C0] -> 0x12B7
mem[X,0x00000000800004C2] -> 0x2000
[242] [M]: 0x00000000800004C0 (0x200012B7) lui x5, 0x20001                          main+224
x5 <- 0x0000000020001000

mem[X,0x00000000800004C4] -> 0x829B
mem[X,0x00000000800004C6] -> 0x8002
[243] [M]: 0x00000000800004C4 (0x8002829B) addiw x5, x5, -0x800                     main+228
x5 <- 0x0000000020000800

clint mtime 0x000000000000007A (mip.MTI <- 0b1, mip.STI <- 0b0)
mem[X,0x00000000800004C8] -> 0x0001
[244] [M]: 0x00000000800004C8 (0x0001) c.nop                                        main+232

mem[X,0x00000000800004CA] -> 0x0013
mem[X,0x00000000800004CC] -> 0x0000
[245] [M]: 0x00000000800004CA (0x00000013) addi x0, x0, 0x0                         main+234

clint mtime 0x000000000000007B (mip.MTI <- 0b1, mip.STI <- 0b0)
mem[X,0x00000000800004CE] -> 0x0013
mem[X,0x00000000800004D0] -> 0x0000
[246] [M]: 0x00000000800004CE (0x00000013) addi x0, x0, 0x0                         main+238

mem[X,0x00000000800004D2] -> 0x0013
mem[X,0x00000000800004D4] -> 0x0000
[247] [M]: 0x00000000800004D2 (0x00000013) addi x0, x0, 0x0                         main+242

clint mtime 0x000000000000007C (mip.MTI <- 0b1, mip.STI <- 0b0)
mem[X,0x00000000800004D6] -> 0x0013
mem[X,0x00000000800004D8] -> 0x0000
[248] [M]: 0x00000000800004D6 (0x00000013) addi x0, x0, 0x0                         main+246

mem[X,0x00000000800004DA] -> 0x0013
mem[X,0x00000000800004DC] -> 0x0000
[249] [M]: 0x00000000800004DA (0x00000013) addi x0, x0, 0x0                         main+250

clint mtime 0x000000000000007D (mip.MTI <- 0b1, mip.STI <- 0b0)
mem[X,0x00000000800004DE] -> 0x0001
[250] [M]: 0x00000000800004DE (0x0001) c.nop                                        main+254

mem[X,0x00000000800004E0] -> 0x9073
mem[X,0x00000000800004E2] -> 0x3BA2
[251] [M]: 0x00000000800004E0 (0x3BA29073) csrrw x0, pmpaddr10, x5                  main+256
CSR pmpaddr10 (0x3BA) <- 0x0000000020000800

clint mtime 0x000000000000007E (mip.MTI <- 0b1, mip.STI <- 0b0)
mem[X,0x00000000800004E4] -> 0x0213
mem[X,0x00000000800004E6] -> 0x0010
[252] [M]: 0x00000000800004E4 (0x00100213) addi x4, x0, 0x1                         main+260
x4 <- 0x0000000000000001

mem[X,0x00000000800004E8] -> 0x1213
mem[X,0x00000000800004EA] -> 0x01B2
[253] [M]: 0x00000000800004E8 (0x01B21213) slli x4, x4, 0x1b                        main+264
x4 <- 0x0000000008000000

clint mtime 0x000000000000007F (mip.MTI <- 0b1, mip.STI <- 0b0)
mem[X,0x00000000800004EC] -> 0x1073
mem[X,0x00000000800004EE] -> 0x3A22
[254] [M]: 0x00000000800004EC (0x3A221073) csrrw x0, pmpcfg2, x4                    main+268
CSR pmpcfg2 (0x3A2) <- 0x9F00000008000000

mem[X,0x00000000800004F0] -> 0x0493
mem[X,0x00000000800004F2] -> 0x0010
[255] [M]: 0x00000000800004F0 (0x00100493) addi x9, x0, 0x1                         main+272
x9 <- 0x0000000000000001

clint mtime 0x0000000000000080 (mip.MTI <- 0b1, mip.STI <- 0b0)
mem[X,0x00000000800004F4] -> 0x9493
mem[X,0x00000000800004F6] -> 0x00B4
[256] [M]: 0x00000000800004F4 (0x00B49493) slli x9, x9, 0xb                         main+276
x9 <- 0x0000000000000800

mem[X,0x00000000800004F8] -> 0xB073
mem[X,0x00000000800004FA] -> 0x3004
[257] [M]: 0x00000000800004F8 (0x3004B073) csrrc x0, mstatus, x9                    main+280
CSR mstatus (0x300) <- 0x0000000A00000000

clint mtime 0x0000000000000081 (mip.MTI <- 0b1, mip.STI <- 0b0)
mem[X,0x00000000800004FC] -> 0x0493
mem[X,0x00000000800004FE] -> 0x0010
[258] [M]: 0x00000000800004FC (0x00100493) addi x9, x0, 0x1                         main+284
x9 <- 0x0000000000000001

mem[X,0x0000000080000500] -> 0x9493
mem[X,0x0000000080000502] -> 0x00B4
[259] [M]: 0x0000000080000500 (0x00B49493) slli x9, x9, 0xb                         main+288
x9 <- 0x0000000000000800

clint mtime 0x0000000000000082 (mip.MTI <- 0b1, mip.STI <- 0b0)
mem[X,0x0000000080000504] -> 0xA073
mem[X,0x0000000080000506] -> 0x3004
[260] [M]: 0x0000000080000504 (0x3004A073) csrrs x0, mstatus, x9                    main+292
CSR mstatus (0x300) <- 0x0000000A00000800

mem[X,0x0000000080000508] -> 0x23F3
mem[X,0x000000008000050A] -> 0x3400
[261] [M]: 0x0000000080000508 (0x340023F3) csrrs x7, mscratch, x0                   main+296
CSR mscratch (0x340) -> 0x0000000080006000
x7 <- 0x0000000080006000

clint mtime 0x0000000000000083 (mip.MTI <- 0b1, mip.STI <- 0b0)
mem[X,0x000000008000050C] -> 0xB303
mem[X,0x000000008000050E] -> 0x4703
[262] [M]: 0x000000008000050C (0x4703B303) ld x6, 0x470(x7)                         main+300
mem[R,0x0000000080006470] -> 0x00000000800003B4
x6 <- 0x00000000800003B4

mem[X,0x0000000080000510] -> 0xB483
mem[X,0x0000000080000512] -> 0x1D83
[263] [M]: 0x0000000080000510 (0x1D83B483) ld x9, 0x1d8(x7)                         main+304
mem[R,0x00000000800061D8] -> 0x00000000800003B4
x9 <- 0x00000000800003B4

clint mtime 0x0000000000000084 (mip.MTI <- 0b1, mip.STI <- 0b0)
mem[X,0x0000000080000514] -> 0x0333
mem[X,0x0000000080000516] -> 0x4093
[264] [M]: 0x0000000080000514 (0x40930333) sub x6, x6, x9                           main+308
x6 <- 0x0000000000000000

mem[X,0x0000000080000518] -> 0x0313
mem[X,0x000000008000051A] -> 0x0103
[265] [M]: 0x0000000080000518 (0x01030313) addi x6, x6, 0x10                        main+312
x6 <- 0x0000000000000010

clint mtime 0x0000000000000085 (mip.MTI <- 0b1, mip.STI <- 0b0)
mem[X,0x000000008000051C] -> 0x0497
mem[X,0x000000008000051E] -> 0x0000
[266] [M]: 0x000000008000051C (0x00000497) auipc x9, 0x0                            main+316
x9 <- 0x000000008000051C

mem[X,0x0000000080000520] -> 0x84B3
mem[X,0x0000000080000522] -> 0x0064
[267] [M]: 0x0000000080000520 (0x006484B3) add x9, x9, x6                           main+320
x9 <- 0x000000008000052C

clint mtime 0x0000000000000086 (mip.MTI <- 0b1, mip.STI <- 0b0)
mem[X,0x0000000080000524] -> 0x94F3
mem[X,0x0000000080000526] -> 0x3414
[268] [M]: 0x0000000080000524 (0x341494F3) csrrw x9, mepc, x9                       main+324
CSR mepc (0x341) <- 0x000000008000052C
x9 <- 0x0000000000000000

mem[X,0x0000000080000528] -> 0x0073
mem[X,0x000000008000052A] -> 0x3020
[269] [M]: 0x0000000080000528 (0x30200073) mret                                     main+328
CSR mstatus (0x300) <- 0x0000000A00000080
ret-ing from M to S

clint mtime 0x0000000000000087 (mip.MTI <- 0b1, mip.STI <- 0b0)
mem[X,0x000000008000052C] -> 0x51B7
mem[X,0x000000008000052E] -> 0x0000
[270] [S]: 0x000000008000052C (0x000051B7) lui x3, 0x5                              main+332
x3 <- 0x0000000000005000

mem[X,0x0000000080000530] -> 0x8193
mem[X,0x0000000080000532] -> 0x6671
[271] [S]: 0x0000000080000530 (0x66718193) addi x3, x3, 0x667                       main+336
x3 <- 0x0000000000005667

clint mtime 0x0000000000000088 (mip.MTI <- 0b1, mip.STI <- 0b0)
mem[X,0x0000000080000534] -> 0x9193
mem[X,0x0000000080000536] -> 0x0011
[272] [S]: 0x0000000080000534 (0x00119193) slli x3, x3, 0x1                         main+340
x3 <- 0x000000000000ACCE

mem[X,0x0000000080000538] -> 0x0013
mem[X,0x000000008000053A] -> 0x0000
[273] [S]: 0x0000000080000538 (0x00000013) addi x0, x0, 0x0                         main+344

clint mtime 0x0000000000000089 (mip.MTI <- 0b1, mip.STI <- 0b0)
mem[X,0x000000008000053C] -> 0x0013
mem[X,0x000000008000053E] -> 0x0000
[274] [S]: 0x000000008000053C (0x00000013) addi x0, x0, 0x0                         main+348

mem[X,0x0000000080000540] -> 0x2717
mem[X,0x0000000080000542] -> 0x0000
[275] [S]: 0x0000000080000540 (0x00002717) auipc x14, 0x2                           main+352
x14 <- 0x0000000080002540

clint mtime 0x000000000000008A (mip.MTI <- 0b1, mip.STI <- 0b0)
mem[X,0x0000000080000544] -> 0x0713
mem[X,0x0000000080000546] -> 0xAC07
[276] [S]: 0x0000000080000544 (0xAC070713) addi x14, x14, -0x540                    main+356
x14 <- 0x0000000080002000

mem[X,0x0000000080000548] -> 0x0001
[277] [S]: 0x0000000080000548 (0x0001) c.nop                                        main+360

clint mtime 0x000000000000008B (mip.MTI <- 0b1, mip.STI <- 0b0)
mem[X,0x000000008000054A] -> 0x0013
mem[X,0x000000008000054C] -> 0x0000
[278] [S]: 0x000000008000054A (0x00000013) addi x0, x0, 0x0                         main+362

mem[X,0x000000008000054E] -> 0x0013
mem[X,0x0000000080000550] -> 0x0000
[279] [S]: 0x000000008000054E (0x00000013) addi x0, x0, 0x0                         main+366

clint mtime 0x000000000000008C (mip.MTI <- 0b1, mip.STI <- 0b0)
mem[X,0x0000000080000552] -> 0x0013
mem[X,0x0000000080000554] -> 0x0000
[280] [S]: 0x0000000080000552 (0x00000013) addi x0, x0, 0x0                         main+370

mem[X,0x0000000080000556] -> 0x0013
mem[X,0x0000000080000558] -> 0x0000
[281] [S]: 0x0000000080000556 (0x00000013) addi x0, x0, 0x0                         main+374

clint mtime 0x000000000000008D (mip.MTI <- 0b1, mip.STI <- 0b0)
mem[X,0x000000008000055A] -> 0x0013
mem[X,0x000000008000055C] -> 0x0000
[282] [S]: 0x000000008000055A (0x00000013) addi x0, x0, 0x0                         main+378

mem[X,0x000000008000055E] -> 0x0001
[283] [S]: 0x000000008000055E (0x0001) c.nop                                        main+382

clint mtime 0x000000000000008E (mip.MTI <- 0b1, mip.STI <- 0b0)
mem[X,0x0000000080000560] -> 0x0217
mem[X,0x0000000080000562] -> 0x0000
[284] [S]: 0x0000000080000560 (0x00000217) auipc x4, 0x0                            main+384
x4 <- 0x0000000080000560

mem[X,0x0000000080000564] -> 0x0213
mem[X,0x0000000080000566] -> 0x0282
[285] [S]: 0x0000000080000564 (0x02820213) addi x4, x4, 0x28                        main+388
x4 <- 0x0000000080000588

clint mtime 0x000000000000008F (mip.MTI <- 0b1, mip.STI <- 0b0)
mem[X,0x0000000080000568] -> 0x0001
[286] [S]: 0x0000000080000568 (0x0001) c.nop                                        main+392

mem[X,0x000000008000056A] -> 0x0013
mem[X,0x000000008000056C] -> 0x0000
[287] [S]: 0x000000008000056A (0x00000013) addi x0, x0, 0x0                         main+394

clint mtime 0x0000000000000090 (mip.MTI <- 0b1, mip.STI <- 0b0)
mem[X,0x000000008000056E] -> 0x0013
mem[X,0x0000000080000570] -> 0x0000
[288] [S]: 0x000000008000056E (0x00000013) addi x0, x0, 0x0                         main+398

mem[X,0x0000000080000572] -> 0x0013
mem[X,0x0000000080000574] -> 0x0000
[289] [S]: 0x0000000080000572 (0x00000013) addi x0, x0, 0x0                         main+402

clint mtime 0x0000000000000091 (mip.MTI <- 0b1, mip.STI <- 0b0)
mem[X,0x0000000080000576] -> 0x0013
mem[X,0x0000000080000578] -> 0x0000
[290] [S]: 0x0000000080000576 (0x00000013) addi x0, x0, 0x0                         main+406

mem[X,0x000000008000057A] -> 0x0013
mem[X,0x000000008000057C] -> 0x0000
[291] [S]: 0x000000008000057A (0x00000013) addi x0, x0, 0x0                         main+410

clint mtime 0x0000000000000092 (mip.MTI <- 0b1, mip.STI <- 0b0)
mem[X,0x000000008000057E] -> 0x0001
[292] [S]: 0x000000008000057E (0x0001) c.nop                                        main+414

mem[X,0x0000000080000580] -> 0x00E7
mem[X,0x0000000080000582] -> 0x0007
[293] [S]: 0x0000000080000580 (0x000700E7) jalr x1, 0x0(x14)                        main+416
x1 <- 0x0000000080000584

clint mtime 0x0000000000000093 (mip.MTI <- 0b1, mip.STI <- 0b0)
trapping from S to M to handle fetch-access-fault
handling exc#fetch-access-fault at priv M with tval 0x0000000080002000
CSR mstatus (0x300) <- 0x0000000A00000800
CSR mcause (0x342) <- 0x0000000000000001
CSR mtval (0x343) <- 0x0000000080002000
CSR mepc (0x341) <- 0x0000000080002000

mem[X,0x0000000080002100] -> 0x006F
mem[X,0x0000000080002102] -> 0x1000
[295] [M]: 0x0000000080002100 (0x1000006F) jal x0, 0x100                            Mtrampoline+0

clint mtime 0x0000000000000094 (mip.MTI <- 0b1, mip.STI <- 0b0)
mem[X,0x0000000080002200] -> 0x1173
mem[X,0x0000000080002202] -> 0x3401
[296] [M]: 0x0000000080002200 (0x34011173) csrrw x2, mscratch, x2                   trap_Mhandler+0
CSR mscratch (0x340) <- 0x01FDDB7D5BFDDB7F
x2 <- 0x0000000080006000

mem[X,0x0000000080002204] -> 0x3423
mem[X,0x0000000080002206] -> 0x28B1
[297] [M]: 0x0000000080002204 (0x28B13423) sd x11, 0x288(x2)                        trap_Mhandler+4
mem[W,0x0000000080006288] <- 0x0000000000000000

clint mtime 0x0000000000000095 (mip.MTI <- 0b1, mip.STI <- 0b0)
mem[X,0x0000000080002208] -> 0x05EF
mem[X,0x000000008000220A] -> 0x0B80
[298] [M]: 0x0000000080002208 (0x0B8005EF) jal x11, 0xb8                            trap_Mhandler+8
x11 <- 0x000000008000220C

mem[X,0x00000000800022C0] -> 0x3023
mem[X,0x00000000800022C2] -> 0x28A1
[299] [M]: 0x00000000800022C0 (0x28A13023) sd x10, 0x280(x2)                        common_Mhandler+0
mem[W,0x0000000080006280] <- 0x0000000000000001

clint mtime 0x0000000000000096 (mip.MTI <- 0b1, mip.STI <- 0b0)
mem[X,0x00000000800022C4] -> 0x1573
mem[X,0x00000000800022C6] -> 0x3401
[300] [M]: 0x00000000800022C4 (0x34011573) csrrw x10, mscratch, x2                  common_Mhandler+4
CSR mscratch (0x340) <- 0x0000000080006000
x10 <- 0x01FDDB7D5BFDDB7F

mem[X,0x00000000800022C8] -> 0x3823
mem[X,0x00000000800022CA] -> 0x28A1
[301] [M]: 0x00000000800022C8 (0x28A13823) sd x10, 0x290(x2)                        common_Mhandler+8
mem[W,0x0000000080006290] <- 0x01FDDB7D5BFDDB7F

clint mtime 0x0000000000000097 (mip.MTI <- 0b1, mip.STI <- 0b0)
mem[X,0x00000000800022CC] -> 0x3503
mem[X,0x00000000800022CE] -> 0x2301
[302] [M]: 0x00000000800022CC (0x23013503) ld x10, 0x230(x2)                        common_Mhandler+12
mem[R,0x0000000080006230] -> 0x00000000800022D4
x10 <- 0x00000000800022D4

mem[X,0x00000000800022D0] -> 0x0067
mem[X,0x00000000800022D2] -> 0x0005
[303] [M]: 0x00000000800022D0 (0x00050067) jalr x0, 0x0(x10)                        common_Mhandler+16

clint mtime 0x0000000000000098 (mip.MTI <- 0b1, mip.STI <- 0b0)
mem[X,0x00000000800022D4] -> 0x3C23
mem[X,0x00000000800022D6] -> 0x2691
[304] [M]: 0x00000000800022D4 (0x26913C23) sd x9, 0x278(x2)                         common_Mentry+0
mem[W,0x0000000080006278] <- 0x0000000000000000

mem[X,0x00000000800022D8] -> 0x3823
mem[X,0x00000000800022DA] -> 0x2681
[305] [M]: 0x00000000800022D8 (0x26813823) sd x8, 0x270(x2)                         common_Mentry+4
mem[W,0x0000000080006270] <- 0x0000000000007F76

clint mtime 0x0000000000000099 (mip.MTI <- 0b1, mip.STI <- 0b0)
mem[X,0x00000000800022DC] -> 0x3423
mem[X,0x00000000800022DE] -> 0x2671
[306] [M]: 0x00000000800022DC (0x26713423) sd x7, 0x268(x2)                         common_Mentry+8
mem[W,0x0000000080006268] <- 0x0000000080006000

mem[X,0x00000000800022E0] -> 0x3023
mem[X,0x00000000800022E2] -> 0x2661
[307] [M]: 0x00000000800022E0 (0x26613023) sd x6, 0x260(x2)                         common_Mentry+12
mem[W,0x0000000080006260] <- 0x0000000000000010

clint mtime 0x000000000000009A (mip.MTI <- 0b1, mip.STI <- 0b0)
mem[X,0x00000000800022E4] -> 0x2573
mem[X,0x00000000800022E6] -> 0x3420
[308] [M]: 0x00000000800022E4 (0x34202573) csrrs x10, mcause, x0                    spcl_M2mmode_test+0
CSR mcause (0x342) -> 0x0000000000000001
x10 <- 0x0000000000000001

mem[X,0x00000000800022E8] -> 0x04B7
mem[X,0x00000000800022EA] -> 0x8000
[309] [M]: 0x00000000800022E8 (0x800004B7) lui x9, -0x80000                         spcl_M2mmode_test+4
x9 <- 0xFFFFFFFF80000000

clint mtime 0x000000000000009B (mip.MTI <- 0b1, mip.STI <- 0b0)
mem[X,0x00000000800022EC] -> 0x8493
mem[X,0x00000000800022EE] -> 0x0004
[310] [M]: 0x00000000800022EC (0x00048493) addi x9, x9, 0x0                         spcl_M2mmode_test+8
x9 <- 0xFFFFFFFF80000000

mem[X,0x00000000800022F0] -> 0x9493
mem[X,0x00000000800022F2] -> 0x00B4
[311] [M]: 0x00000000800022F0 (0x00B49493) slli x9, x9, 0xb                         spcl_M2mmode_test+12
x9 <- 0xFFFFFC0000000000

clint mtime 0x000000000000009C (mip.MTI <- 0b1, mip.STI <- 0b0)
mem[X,0x00000000800022F4] -> 0x8493
mem[X,0x00000000800022F6] -> 0x0004
[312] [M]: 0x00000000800022F4 (0x00048493) addi x9, x9, 0x0                         spcl_M2mmode_test+16
x9 <- 0xFFFFFC0000000000

mem[X,0x00000000800022F8] -> 0x9493
mem[X,0x00000000800022FA] -> 0x00B4
[313] [M]: 0x00000000800022F8 (0x00B49493) slli x9, x9, 0xb                         spcl_M2mmode_test+20
x9 <- 0xFFE0000000000000

clint mtime 0x000000000000009D (mip.MTI <- 0b1, mip.STI <- 0b0)
mem[X,0x00000000800022FC] -> 0x8493
mem[X,0x00000000800022FE] -> 0x0034
[314] [M]: 0x00000000800022FC (0x00348493) addi x9, x9, 0x3                         spcl_M2mmode_test+24
x9 <- 0xFFE0000000000003

mem[X,0x0000000080002300] -> 0x9493
mem[X,0x0000000080002302] -> 0x00A4
[315] [M]: 0x0000000080002300 (0x00A49493) slli x9, x9, 0xa                         spcl_M2mmode_test+28
x9 <- 0x8000000000000C00

clint mtime 0x000000000000009E (mip.MTI <- 0b1, mip.STI <- 0b0)
mem[X,0x0000000080002304] -> 0x8493
mem[X,0x0000000080002306] -> 0x3FC4
[316] [M]: 0x0000000080002304 (0x3FC48493) addi x9, x9, 0x3fc                       spcl_M2mmode_test+32
x9 <- 0x8000000000000FFC

mem[X,0x0000000080002308] -> 0xF4B3
mem[X,0x000000008000230A] -> 0x00A4
[317] [M]: 0x0000000080002308 (0x00A4F4B3) and x9, x9, x10                          spcl_M2mmode_test+36
x9 <- 0x0000000000000000

clint mtime 0x000000000000009F (mip.MTI <- 0b1, mip.STI <- 0b0)
mem[X,0x000000008000230C] -> 0x8493
mem[X,0x000000008000230E] -> 0xFF84
[318] [M]: 0x000000008000230C (0xFF848493) addi x9, x9, -0x8                        spcl_M2mmode_test+40
x9 <- 0xFFFFFFFFFFFFFFF8

mem[X,0x0000000080002310] -> 0x9663
mem[X,0x0000000080002312] -> 0x0004
[319] [M]: 0x0000000080002310 (0x00049663) bne x9, x0, 0xc                          spcl_M2mmode_test+44

clint mtime 0x00000000000000A0 (mip.MTI <- 0b1, mip.STI <- 0b0)
mem[X,0x000000008000231C] -> 0x0393
mem[X,0x000000008000231E] -> 0x0200
[320] [M]: 0x000000008000231C (0x02000393) addi x7, x0, 0x20                        Mtrapsig_ptr_upd+0
x7 <- 0x0000000000000020

mem[X,0x0000000080002320] -> 0x5263
mem[X,0x0000000080002322] -> 0x0405
[321] [M]: 0x0000000080002320 (0x04055263) bge x10, x0, 0x44                        Mtrapsig_ptr_upd+4

clint mtime 0x00000000000000A1 (mip.MTI <- 0b1, mip.STI <- 0b0)
mem[X,0x0000000080002364] -> 0x2373
mem[X,0x0000000080002366] -> 0x3010
[322] [M]: 0x0000000080002364 (0x30102373) csrrs x6, misa, x0                       Mxcpt_sig_sv+0
CSR misa (0x301) -> 0x800000000034112F
x6 <- 0x800000000034112F

mem[X,0x0000000080002368] -> 0x1313
mem[X,0x000000008000236A] -> 0x0383
[323] [M]: 0x0000000080002368 (0x03831313) slli x6, x6, 0x38                        Mxcpt_sig_sv+4
x6 <- 0x2F00000000000000

clint mtime 0x00000000000000A2 (mip.MTI <- 0b1, mip.STI <- 0b0)
mem[X,0x000000008000236C] -> 0x5463
mem[X,0x000000008000236E] -> 0x0003
[324] [M]: 0x000000008000236C (0x00035463) bge x6, x0, 0x8                          Mxcpt_sig_sv+8

mem[X,0x0000000080002374] -> 0x3303
mem[X,0x0000000080002376] -> 0x2181
[325] [M]: 0x0000000080002374 (0x21813303) ld x6, 0x218(x2)                         Mtrap_sig_sv+0
mem[R,0x0000000080006218] -> 0x0000000080007320
x6 <- 0x0000000080007320

clint mtime 0x00000000000000A3 (mip.MTI <- 0b1, mip.STI <- 0b0)
mem[X,0x0000000080002378] -> 0x04B3
mem[X,0x000000008000237A] -> 0x0073
[326] [M]: 0x0000000080002378 (0x007304B3) add x9, x6, x7                           Mtrap_sig_sv+4
x9 <- 0x0000000080007340

mem[X,0x000000008000237C] -> 0x3C23
mem[X,0x000000008000237E] -> 0x2091
[327] [M]: 0x000000008000237C (0x20913C23) sd x9, 0x218(x2)                         Mtrap_sig_sv+8
mem[W,0x0000000080006218] <- 0x0000000080007340

clint mtime 0x00000000000000A4 (mip.MTI <- 0b1, mip.STI <- 0b0)
mem[X,0x0000000080002380] -> 0x3403
mem[X,0x0000000080002382] -> 0x1F81
[328] [M]: 0x0000000080002380 (0x1F813403) ld x8, 0x1f8(x2)                         Mtrap_sig_sv+12
mem[R,0x00000000800061F8] -> 0x0000000080007210
x8 <- 0x0000000080007210

mem[X,0x0000000080002384] -> 0x0333
mem[X,0x0000000080002386] -> 0x4083
[329] [M]: 0x0000000080002384 (0x40830333) sub x6, x6, x8                           Mtrap_sig_sv+16
x6 <- 0x0000000000000110

clint mtime 0x00000000000000A5 (mip.MTI <- 0b1, mip.STI <- 0b0)
mem[X,0x0000000080002388] -> 0x3403
mem[X,0x000000008000238A] -> 0x1F81
[330] [M]: 0x0000000080002388 (0x1F813403) ld x8, 0x1f8(x2)                         Mtrap_sig_sv+20
mem[R,0x00000000800061F8] -> 0x0000000080007210
x8 <- 0x0000000080007210

mem[X,0x000000008000238C] -> 0x0333
mem[X,0x000000008000238E] -> 0x0083
[331] [M]: 0x000000008000238C (0x00830333) add x6, x6, x8                           Mtrap_sig_sv+24
x6 <- 0x0000000080007320

clint mtime 0x00000000000000A6 (mip.MTI <- 0b1, mip.STI <- 0b0)
mem[X,0x0000000080002390] -> 0x3403
mem[X,0x0000000080002392] -> 0x2401
[332] [M]: 0x0000000080002390 (0x24013403) ld x8, 0x240(x2)                         Mtrap_sig_sv+28
mem[R,0x0000000080006240] -> 0x0000000080002100
x8 <- 0x0000000080002100

mem[X,0x0000000080002394] -> 0x85B3
mem[X,0x0000000080002396] -> 0x4085
[333] [M]: 0x0000000080002394 (0x408585B3) sub x11, x11, x8                         sv_Mvect+0
x11 <- 0x000000000000010C

clint mtime 0x00000000000000A7 (mip.MTI <- 0b1, mip.STI <- 0b0)
mem[X,0x0000000080002398] -> 0x9593
mem[X,0x000000008000239A] -> 0x0045
[334] [M]: 0x0000000080002398 (0x00459593) slli x11, x11, 0x4                       sv_Mvect+4
x11 <- 0x00000000000010C0

mem[X,0x000000008000239C] -> 0xE5B3
mem[X,0x000000008000239E] -> 0x0075
[335] [M]: 0x000000008000239C (0x0075E5B3) or x11, x11, x7                          sv_Mvect+8
x11 <- 0x00000000000010E0

clint mtime 0x00000000000000A8 (mip.MTI <- 0b1, mip.STI <- 0b0)
mem[X,0x00000000800023A0] -> 0x8593
mem[X,0x00000000800023A2] -> 0x0035
[336] [M]: 0x00000000800023A0 (0x00358593) addi x11, x11, 0x3                       sv_Mvect+12
x11 <- 0x00000000000010E3

mem[X,0x00000000800023A4] -> 0x3023
mem[X,0x00000000800023A6] -> 0x00B3
[337] [M]: 0x00000000800023A4 (0x00B33023) sd x11, 0x0(x6)                          sv_Mvect+16
mem[W,0x0000000080007320] <- 0x00000000000010E3

clint mtime 0x00000000000000A9 (mip.MTI <- 0b1, mip.STI <- 0b0)
mem[X,0x00000000800023A8] -> 0x3423
mem[X,0x00000000800023AA] -> 0x00A3
[338] [M]: 0x00000000800023A8 (0x00A33423) sd x10, 0x8(x6)                          sv_Mcause+0
mem[W,0x0000000080007328] <- 0x0000000000000001

mem[X,0x00000000800023AC] -> 0x4263
mem[X,0x00000000800023AE] -> 0x1A05
[339] [M]: 0x00000000800023AC (0x1A054263) blt x10, x0, 0x1a4                       sv_Mcause+4

clint mtime 0x00000000000000AA (mip.MTI <- 0b1, mip.STI <- 0b0)
mem[X,0x00000000800023B0] -> 0x25F3
mem[X,0x00000000800023B2] -> 0x3000
[340] [M]: 0x00000000800023B0 (0x300025F3) csrrs x11, mstatus, x0                   common_Mexcpt_handler+0
CSR mstatus (0x300) -> 0x0000000A00000800
x11 <- 0x0000000A00000800

mem[X,0x00000000800023B4] -> 0x9413
mem[X,0x00000000800023B6] -> 0x02E5
[341] [M]: 0x00000000800023B4 (0x02E59413) slli x8, x11, 0x2e                       common_Mexcpt_handler+4
x8 <- 0x0200000000000000

clint mtime 0x00000000000000AB (mip.MTI <- 0b1, mip.STI <- 0b0)
mem[X,0x00000000800023B8] -> 0x5463
mem[X,0x00000000800023BA] -> 0x0004
[342] [M]: 0x00000000800023B8 (0x00045463) bge x8, x0, 0x8                          common_Mexcpt_handler+8

mem[X,0x00000000800023C0] -> 0xD493
mem[X,0x00000000800023C2] -> 0x00B5
[343] [M]: 0x00000000800023C0 (0x00B5D493) srli x9, x11, 0xb                        common_Mexcpt_handler+16
x9 <- 0x0000000001400001

clint mtime 0x00000000000000AC (mip.MTI <- 0b1, mip.STI <- 0b0)
mem[X,0x00000000800023C4] -> 0xF493
mem[X,0x00000000800023C6] -> 0x0034
[344] [M]: 0x00000000800023C4 (0x0034F493) andi x9, x9, 0x3                         common_Mexcpt_handler+20
x9 <- 0x0000000000000001

mem[X,0x00000000800023C8] -> 0x8493
mem[X,0x00000000800023CA] -> 0x0014
[345] [M]: 0x00000000800023C8 (0x00148493) addi x9, x9, 0x1                         common_Mexcpt_handler+24
x9 <- 0x0000000000000002

clint mtime 0x00000000000000AD (mip.MTI <- 0b1, mip.STI <- 0b0)
mem[X,0x00000000800023CC] -> 0xF493
mem[X,0x00000000800023CE] -> 0x0044
[346] [M]: 0x00000000800023CC (0x0044F493) andi x9, x9, 0x4                         common_Mexcpt_handler+28
x9 <- 0x0000000000000000

mem[X,0x00000000800023D0] -> 0x0593
mem[X,0x00000000800023D2] -> 0x05D0
[347] [M]: 0x00000000800023D0 (0x05D00593) addi x11, x0, 0x5d                       common_Mexcpt_handler+32
x11 <- 0x000000000000005D

clint mtime 0x00000000000000AE (mip.MTI <- 0b1, mip.STI <- 0b0)
mem[X,0x00000000800023D4] -> 0xD5B3
mem[X,0x00000000800023D6] -> 0x0095
[348] [M]: 0x00000000800023D4 (0x0095D5B3) srl x11, x11, x9                         common_Mexcpt_handler+36
x11 <- 0x000000000000005D

mem[X,0x00000000800023D8] -> 0xF593
mem[X,0x00000000800023DA] -> 0x0015
[349] [M]: 0x00000000800023D8 (0x0015F593) andi x11, x11, 0x1                       common_Mexcpt_handler+40
x11 <- 0x0000000000000001

clint mtime 0x00000000000000AF (mip.MTI <- 0b1, mip.STI <- 0b0)
mem[X,0x00000000800023DC] -> 0x8EE3
mem[X,0x00000000800023DE] -> 0xF405
[350] [M]: 0x00000000800023DC (0xF4058EE3) beq x11, x0, -0xa4                       common_Mexcpt_handler+44

mem[X,0x00000000800023E0] -> 0x0593
mem[X,0x00000000800023E2] -> 0x2980
[351] [M]: 0x00000000800023E0 (0x29800593) addi x11, x0, 0x298                      common_Mexcpt_handler+48
x11 <- 0x0000000000000298

clint mtime 0x00000000000000B0 (mip.MTI <- 0b1, mip.STI <- 0b0)
mem[X,0x00000000800023E4] -> 0xF413
mem[X,0x00000000800023E6] -> 0x0014
[352] [M]: 0x00000000800023E4 (0x0014F413) andi x8, x9, 0x1                         common_Mexcpt_handler+52
x8 <- 0x0000000000000000

mem[X,0x00000000800023E8] -> 0x95B3
mem[X,0x00000000800023EA] -> 0x0085
[353] [M]: 0x00000000800023E8 (0x008595B3) sll x11, x11, x8                         common_Mexcpt_handler+56
x11 <- 0x0000000000000298

clint mtime 0x00000000000000B1 (mip.MTI <- 0b1, mip.STI <- 0b0)
mem[X,0x00000000800023EC] -> 0x9413
mem[X,0x00000000800023EE] -> 0x03D4
[354] [M]: 0x00000000800023EC (0x03D49413) slli x8, x9, 0x3d                        common_Mexcpt_handler+60
x8 <- 0x0000000000000000

mem[X,0x00000000800023F0] -> 0x5413
mem[X,0x00000000800023F2] -> 0x43F4
[355] [M]: 0x00000000800023F0 (0x43F45413) srai x8, x8, 0x3f                        common_Mexcpt_handler+64
x8 <- 0x0000000000000000

clint mtime 0x00000000000000B2 (mip.MTI <- 0b1, mip.STI <- 0b0)
mem[X,0x00000000800023F4] -> 0x4413
mem[X,0x00000000800023F6] -> 0xFFF4
[356] [M]: 0x00000000800023F4 (0xFFF44413) xori x8, x8, -0x1                        common_Mexcpt_handler+68
x8 <- 0xFFFFFFFFFFFFFFFF

mem[X,0x00000000800023F8] -> 0xF4B3
mem[X,0x00000000800023FA] -> 0x0085
[357] [M]: 0x00000000800023F8 (0x0085F4B3) and x9, x11, x8                          common_Mexcpt_handler+72
x9 <- 0x0000000000000298

clint mtime 0x00000000000000B3 (mip.MTI <- 0b1, mip.STI <- 0b0)
mem[X,0x00000000800023FC] -> 0x84B3
mem[X,0x00000000800023FE] -> 0x0024
[358] [M]: 0x00000000800023FC (0x002484B3) add x9, x9, x2                           vmem_adj_Mepc+0
x9 <- 0x0000000080006298

mem[X,0x0000000080002400] -> 0x23F3
mem[X,0x0000000080002402] -> 0x3410
[359] [M]: 0x0000000080002400 (0x341023F3) csrrs x7, mepc, x0                       vmem_adj_Mepc+4
CSR mepc (0x341) -> 0x0000000080002000
x7 <- 0x0000000080002000

clint mtime 0x00000000000000B4 (mip.MTI <- 0b1, mip.STI <- 0b0)
mem[X,0x0000000080002404] -> 0x0413
mem[X,0x0000000080002406] -> 0x0004
[360] [M]: 0x0000000080002404 (0x00040413) addi x8, x8, 0x0                         vmem_adj_Mepc+8
x8 <- 0xFFFFFFFFFFFFFFFF

mem[X,0x0000000080002408] -> 0x006F
mem[X,0x000000008000240A] -> 0x0400
[361] [M]: 0x0000000080002408 (0x0400006F) jal x0, 0x40                             vmem_adj_Mepc+12

clint mtime 0x00000000000000B5 (mip.MTI <- 0b1, mip.STI <- 0b0)
mem[X,0x0000000080002448] -> 0x8433
mem[X,0x000000008000244A] -> 0x4083
[362] [M]: 0x0000000080002448 (0x40838433) sub x8, x7, x8                           adj_Mepc+0
x8 <- 0x0000000080002001

mem[X,0x000000008000244C] -> 0x3823
mem[X,0x000000008000244E] -> 0x0083
[363] [M]: 0x000000008000244C (0x00833823) sd x8, 0x10(x6)                          sv_Mepc+0
mem[W,0x0000000080007330] <- 0x0000000080002001

clint mtime 0x00000000000000B6 (mip.MTI <- 0b1, mip.STI <- 0b0)
mem[X,0x0000000080002450] -> 0x55B7
mem[X,0x0000000080002452] -> 0x0000
[364] [M]: 0x0000000080002450 (0x000055B7) lui x11, 0x5                             sv_Mepc+4
x11 <- 0x0000000000005000

mem[X,0x0000000080002454] -> 0x8593
mem[X,0x0000000080002456] -> 0x6675
[365] [M]: 0x0000000080002454 (0x66758593) addi x11, x11, 0x667                     sv_Mepc+8
x11 <- 0x0000000000005667

clint mtime 0x00000000000000B7 (mip.MTI <- 0b1, mip.STI <- 0b0)
mem[X,0x0000000080002458] -> 0x9593
mem[X,0x000000008000245A] -> 0x0015
[366] [M]: 0x0000000080002458 (0x00159593) slli x11, x11, 0x1                       sv_Mepc+12
x11 <- 0x000000000000ACCE

mem[X,0x000000008000245C] -> 0x9063
mem[X,0x000000008000245E] -> 0x02B1
[367] [M]: 0x000000008000245C (0x02B19063) bne x3, x11, 0x20                        sv_Mepc+16

clint mtime 0x00000000000000B8 (mip.MTI <- 0b1, mip.STI <- 0b0)
mem[X,0x0000000080002460] -> 0x2473
mem[X,0x0000000080002462] -> 0x3420
[368] [M]: 0x0000000080002460 (0x34202473) csrrs x8, mcause, x0                     sv_Mepc+20
CSR mcause (0x342) -> 0x0000000000000001
x8 <- 0x0000000000000001

mem[X,0x0000000080002464] -> 0x0593
mem[X,0x0000000080002466] -> 0x00C0
[369] [M]: 0x0000000080002464 (0x00C00593) addi x11, x0, 0xc                        sv_Mepc+24
x11 <- 0x000000000000000C

clint mtime 0x00000000000000B9 (mip.MTI <- 0b1, mip.STI <- 0b0)
mem[X,0x0000000080002468] -> 0x0663
mem[X,0x000000008000246A] -> 0x00B4
[370] [M]: 0x0000000080002468 (0x00B40663) beq x8, x11, 0xc                         sv_Mepc+28

mem[X,0x000000008000246C] -> 0x0593
mem[X,0x000000008000246E] -> 0x0010
[371] [M]: 0x000000008000246C (0x00100593) addi x11, x0, 0x1                        sv_Mepc+32
x11 <- 0x0000000000000001

clint mtime 0x00000000000000BA (mip.MTI <- 0b1, mip.STI <- 0b0)
mem[X,0x0000000080002470] -> 0x1663
mem[X,0x0000000080002472] -> 0x00B4
[372] [M]: 0x0000000080002470 (0x00B41663) bne x8, x11, 0xc                         sv_Mepc+36

mem[X,0x0000000080002474] -> 0x1073
mem[X,0x0000000080002476] -> 0x3412
[373] [M]: 0x0000000080002474 (0x34121073) csrrw x0, mepc, x4                       sv_Mepc+40
CSR mepc (0x341) <- 0x0000000080000588

clint mtime 0x00000000000000BB (mip.MTI <- 0b1, mip.STI <- 0b0)
mem[X,0x0000000080002478] -> 0x006F
mem[X,0x000000008000247A] -> 0x0100
[374] [M]: 0x0000000080002478 (0x0100006F) jal x0, 0x10                             sv_Mepc+44

mem[X,0x0000000080002488] -> 0x23F3
mem[X,0x000000008000248A] -> 0x3430
[375] [M]: 0x0000000080002488 (0x343023F3) csrrs x7, mtval, x0                      skp_adj_Mepc+0
CSR mtval (0x343) -> 0x0000000080002000
x7 <- 0x0000000080002000

clint mtime 0x00000000000000BC (mip.MTI <- 0b1, mip.STI <- 0b0)
mem[X,0x000000008000248C] -> 0x7513
mem[X,0x000000008000248E] -> 0x00F5
[376] [M]: 0x000000008000248C (0x00F57513) andi x10, x10, 0xf                       chk_Mtval+0
x10 <- 0x0000000000000001

mem[X,0x0000000080002490] -> 0x0437
mem[X,0x0000000080002492] -> 0x0000
[377] [M]: 0x0000000080002490 (0x00000437) lui x8, 0x0                              chk_Mtval+4
x8 <- 0x0000000000000000

clint mtime 0x00000000000000BD (mip.MTI <- 0b1, mip.STI <- 0b0)
mem[X,0x0000000080002494] -> 0x0413
mem[X,0x0000000080002496] -> 0x0004
[378] [M]: 0x0000000080002494 (0x00040413) addi x8, x8, 0x0                         chk_Mtval+8
x8 <- 0x0000000000000000

mem[X,0x0000000080002498] -> 0x1413
mem[X,0x000000008000249A] -> 0x00B4
[379] [M]: 0x0000000080002498 (0x00B41413) slli x8, x8, 0xb                         chk_Mtval+12
x8 <- 0x0000000000000000

clint mtime 0x00000000000000BE (mip.MTI <- 0b1, mip.STI <- 0b0)
mem[X,0x000000008000249C] -> 0x0413
mem[X,0x000000008000249E] -> 0x0004
[380] [M]: 0x000000008000249C (0x00040413) addi x8, x8, 0x0                         chk_Mtval+16
x8 <- 0x0000000000000000

mem[X,0x00000000800024A0] -> 0x1413
mem[X,0x00000000800024A2] -> 0x00B4
[381] [M]: 0x00000000800024A0 (0x00B41413) slli x8, x8, 0xb                         chk_Mtval+20
x8 <- 0x0000000000000000

clint mtime 0x00000000000000BF (mip.MTI <- 0b1, mip.STI <- 0b0)
mem[X,0x00000000800024A4] -> 0x0413
mem[X,0x00000000800024A6] -> 0x02C4
[382] [M]: 0x00000000800024A4 (0x02C40413) addi x8, x8, 0x2c                        chk_Mtval+24
x8 <- 0x000000000000002C

mem[X,0x00000000800024A8] -> 0x1413
mem[X,0x00000000800024AA] -> 0x00A4
[383] [M]: 0x00000000800024A8 (0x00A41413) slli x8, x8, 0xa                         chk_Mtval+28
x8 <- 0x000000000000B000

clint mtime 0x00000000000000C0 (mip.MTI <- 0b1, mip.STI <- 0b0)
mem[X,0x00000000800024AC] -> 0x0413
mem[X,0x00000000800024AE] -> 0x0FB4
[384] [M]: 0x00000000800024AC (0x0FB40413) addi x8, x8, 0xfb                        chk_Mtval+32
x8 <- 0x000000000000B0FB

mem[X,0x00000000800024B0] -> 0x5433
mem[X,0x00000000800024B2] -> 0x00A4
[385] [M]: 0x00000000800024B0 (0x00A45433) srl x8, x8, x10                          chk_Mtval+36
x8 <- 0x000000000000587D

clint mtime 0x00000000000000C1 (mip.MTI <- 0b1, mip.STI <- 0b0)
mem[X,0x00000000800024B4] -> 0x1413
mem[X,0x00000000800024B6] -> 0x03F4
[386] [M]: 0x00000000800024B4 (0x03F41413) slli x8, x8, 0x3f                        chk_Mtval+40
x8 <- 0x8000000000000000

mem[X,0x00000000800024B8] -> 0x5C63
mem[X,0x00000000800024BA] -> 0x0404
[387] [M]: 0x00000000800024B8 (0x04045C63) bge x8, x0, 0x58                         chk_Mtval+44

clint mtime 0x00000000000000C2 (mip.MTI <- 0b1, mip.STI <- 0b0)
mem[X,0x00000000800024BC] -> 0xB403
mem[X,0x00000000800024BE] -> 0x2084
[388] [M]: 0x00000000800024BC (0x2084B403) ld x8, 0x208(x9)                         vmem_adj_Mtval+0
mem[R,0x00000000800064A0] -> 0x00000000800003B4
x8 <- 0x00000000800003B4

mem[X,0x00000000800024C0] -> 0xB583
mem[X,0x00000000800024C2] -> 0x2104
[389] [M]: 0x00000000800024C0 (0x2104B583) ld x11, 0x210(x9)                        vmem_adj_Mtval+4
mem[R,0x00000000800064A8] -> 0x0000000000001C60
x11 <- 0x0000000000001C60

clint mtime 0x00000000000000C3 (mip.MTI <- 0b1, mip.STI <- 0b0)
mem[X,0x00000000800024C4] -> 0x85B3
mem[X,0x00000000800024C6] -> 0x0085
[390] [M]: 0x00000000800024C4 (0x008585B3) add x11, x11, x8                         vmem_adj_Mtval+8
x11 <- 0x0000000080002014

mem[X,0x00000000800024C8] -> 0xF463
mem[X,0x00000000800024CA] -> 0x00B3
[391] [M]: 0x00000000800024C8 (0x00B3F463) bgeu x7, x11, 0x8                        vmem_adj_Mtval+12

clint mtime 0x00000000000000C4 (mip.MTI <- 0b1, mip.STI <- 0b0)
mem[X,0x00000000800024CC] -> 0xF063
mem[X,0x00000000800024CE] -> 0x0483
[392] [M]: 0x00000000800024CC (0x0483F063) bgeu x7, x8, 0x40                        vmem_adj_Mtval+16

mem[X,0x000000008000250C] -> 0x8433
mem[X,0x000000008000250E] -> 0x4083
[393] [M]: 0x000000008000250C (0x40838433) sub x8, x7, x8                           adj_Mtval+0
x8 <- 0x0000000000001C4C

clint mtime 0x00000000000000C5 (mip.MTI <- 0b1, mip.STI <- 0b0)
mem[X,0x0000000080002510] -> 0x3C23
mem[X,0x0000000080002512] -> 0x0083
[394] [M]: 0x0000000080002510 (0x00833C23) sd x8, 0x18(x6)                          sv_Mtval+0
mem[W,0x0000000080007338] <- 0x0000000000001C4C

mem[X,0x0000000080002514] -> 0x3483
mem[X,0x0000000080002516] -> 0x2181
[395] [M]: 0x0000000080002514 (0x21813483) ld x9, 0x218(x2)                         skp_Mtval+0
mem[R,0x0000000080006218] -> 0x0000000080007340
x9 <- 0x0000000080007340

clint mtime 0x00000000000000C6 (mip.MTI <- 0b1, mip.STI <- 0b0)
mem[X,0x0000000080002518] -> 0x3383
mem[X,0x000000008000251A] -> 0x1F81
[396] [M]: 0x0000000080002518 (0x1F813383) ld x7, 0x1f8(x2)                         skp_Mtval+4
mem[R,0x00000000800061F8] -> 0x0000000080007210
x7 <- 0x0000000080007210

mem[X,0x000000008000251C] -> 0x3303
mem[X,0x000000008000251E] -> 0x2001
[397] [M]: 0x000000008000251C (0x20013303) ld x6, 0x200(x2)                         skp_Mtval+8
mem[R,0x0000000080006200] -> 0x0000000000000920
x6 <- 0x0000000000000920

clint mtime 0x00000000000000C7 (mip.MTI <- 0b1, mip.STI <- 0b0)
mem[X,0x0000000080002520] -> 0x0333
mem[X,0x0000000080002522] -> 0x0073
[398] [M]: 0x0000000080002520 (0x00730333) add x6, x6, x7                           skp_Mtval+12
x6 <- 0x0000000080007B30

mem[X,0x0000000080002524] -> 0x6CE3
mem[X,0x0000000080002526] -> 0xAE93
[399] [M]: 0x0000000080002524 (0xAE936CE3) bltu x6, x9, -0x508                      skp_Mtval+16

clint mtime 0x00000000000000C8 (mip.MTI <- 0b1, mip.STI <- 0b0)
mem[X,0x0000000080002528] -> 0x0393
mem[X,0x000000008000252A] -> 0x2000
[400] [M]: 0x0000000080002528 (0x20000393) addi x7, x0, 0x200                       skp_Mtval+20
x7 <- 0x0000000000000200

mem[X,0x000000008000252C] -> 0x006F
mem[X,0x000000008000252E] -> 0x0400
[401] [M]: 0x000000008000252C (0x0400006F) jal x0, 0x40                             skp_Mtval+24

clint mtime 0x00000000000000C9 (mip.MTI <- 0b1, mip.STI <- 0b0)
mem[X,0x000000008000256C] -> 0x0417
mem[X,0x000000008000256E] -> 0x0000
[402] [M]: 0x000000008000256C (0x00000417) auipc x8, 0x0                            spcl_Mhandler+0
x8 <- 0x000000008000256C

mem[X,0x0000000080002570] -> 0x0413
mem[X,0x0000000080002572] -> 0x03C4
[403] [M]: 0x0000000080002570 (0x03C40413) addi x8, x8, 0x3c                        spcl_Mhandler+4
x8 <- 0x00000000800025A8

clint mtime 0x00000000000000CA (mip.MTI <- 0b1, mip.STI <- 0b0)
mem[X,0x0000000080002574] -> 0x0433
mem[X,0x0000000080002576] -> 0x0074
[404] [M]: 0x0000000080002574 (0x00740433) add x8, x8, x7                           spcl_Mhandler+8
x8 <- 0x00000000800027A8

mem[X,0x0000000080002578] -> 0x1393
mem[X,0x000000008000257A] -> 0x0035
[405] [M]: 0x0000000080002578 (0x00351393) slli x7, x10, 0x3                        spcl_Mhandler+12
x7 <- 0x0000000000000008

clint mtime 0x00000000000000CB (mip.MTI <- 0b1, mip.STI <- 0b0)
mem[X,0x000000008000257C] -> 0x0433
mem[X,0x000000008000257E] -> 0x0074
[406] [M]: 0x000000008000257C (0x00740433) add x8, x8, x7                           spcl_Mhandler+16
x8 <- 0x00000000800027B0

mem[X,0x0000000080002580] -> 0x7413
mem[X,0x0000000080002582] -> 0xFF84
[407] [M]: 0x0000000080002580 (0xFF847413) andi x8, x8, -0x8                        spcl_Mhandler+20
x8 <- 0x00000000800027B0

clint mtime 0x00000000000000CC (mip.MTI <- 0b1, mip.STI <- 0b0)
mem[X,0x0000000080002584] -> 0x3403
mem[X,0x0000000080002586] -> 0x0004
[408] [M]: 0x0000000080002584 (0x00043403) ld x8, 0x0(x8)                           spcl_Mhandler+24
mem[R,0x00000000800027B0] -> 0x0000000000000003
x8 <- 0x0000000000000003

mem[X,0x0000000080002588] -> 0x04E3
mem[X,0x000000008000258A] -> 0xB204
[409] [M]: 0x0000000080002588 (0xB20404E3) beq x8, x0, -0x4d8                       spcl_Mdispatch_hndling+0

clint mtime 0x00000000000000CD (mip.MTI <- 0b1, mip.STI <- 0b0)
mem[X,0x000000008000258C] -> 0x1393
mem[X,0x000000008000258E] -> 0x03F4
[410] [M]: 0x000000008000258C (0x03F41393) slli x7, x8, 0x3f                        spcl_Mdispatch_hndling+4
x7 <- 0x8000000000000000

mem[X,0x0000000080002590] -> 0xD863
mem[X,0x0000000080002592] -> 0x0003
[411] [M]: 0x0000000080002590 (0x0003D863) bge x7, x0, 0x10                         spcl_Mdispatch_hndling+8

clint mtime 0x00000000000000CE (mip.MTI <- 0b1, mip.STI <- 0b0)
mem[X,0x0000000080002594] -> 0x5413
mem[X,0x0000000080002596] -> 0x0014
[412] [M]: 0x0000000080002594 (0x00145413) srli x8, x8, 0x1                         spcl_Mdispatch_hndling+12
x8 <- 0x0000000000000001

mem[X,0x0000000080002598] -> 0x0CE3
mem[X,0x000000008000259A] -> 0xF885
[413] [M]: 0x0000000080002598 (0xF8850CE3) beq x10, x8, -0x68                       spcl_Mdispatch_hndling+16

clint mtime 0x00000000000000CF (mip.MTI <- 0b1, mip.STI <- 0b0)
mem[X,0x0000000080002530] -> 0x3303
mem[X,0x0000000080002532] -> 0x2601
[414] [M]: 0x0000000080002530 (0x26013303) ld x6, 0x260(x2)                         resto_Mrtn+0
mem[R,0x0000000080006260] -> 0x0000000000000010
x6 <- 0x0000000000000010

mem[X,0x0000000080002534] -> 0x3383
mem[X,0x0000000080002536] -> 0x2681
[415] [M]: 0x0000000080002534 (0x26813383) ld x7, 0x268(x2)                         resto_Mrtn+4
mem[R,0x0000000080006268] -> 0x0000000080006000
x7 <- 0x0000000080006000

clint mtime 0x00000000000000D0 (mip.MTI <- 0b1, mip.STI <- 0b0)
mem[X,0x0000000080002538] -> 0x3403
mem[X,0x000000008000253A] -> 0x2701
[416] [M]: 0x0000000080002538 (0x27013403) ld x8, 0x270(x2)                         resto_Mrtn+8
mem[R,0x0000000080006270] -> 0x0000000000007F76
x8 <- 0x0000000000007F76

mem[X,0x000000008000253C] -> 0x3483
mem[X,0x000000008000253E] -> 0x2781
[417] [M]: 0x000000008000253C (0x27813483) ld x9, 0x278(x2)                         resto_Mrtn+12
mem[R,0x0000000080006278] -> 0x0000000000000000
x9 <- 0x0000000000000000

clint mtime 0x00000000000000D1 (mip.MTI <- 0b1, mip.STI <- 0b0)
mem[X,0x0000000080002540] -> 0x3503
mem[X,0x0000000080002542] -> 0x2801
[418] [M]: 0x0000000080002540 (0x28013503) ld x10, 0x280(x2)                        resto_Mrtn+16
mem[R,0x0000000080006280] -> 0x0000000000000001
x10 <- 0x0000000000000001

mem[X,0x0000000080002544] -> 0x3583
mem[X,0x0000000080002546] -> 0x2881
[419] [M]: 0x0000000080002544 (0x28813583) ld x11, 0x288(x2)                        resto_Mrtn+20
mem[R,0x0000000080006288] -> 0x0000000000000000
x11 <- 0x0000000000000000

clint mtime 0x00000000000000D2 (mip.MTI <- 0b1, mip.STI <- 0b0)
mem[X,0x0000000080002548] -> 0x3103
mem[X,0x000000008000254A] -> 0x2901
[420] [M]: 0x0000000080002548 (0x29013103) ld x2, 0x290(x2)                         resto_Mrtn+24
mem[R,0x0000000080006290] -> 0x01FDDB7D5BFDDB7F
x2 <- 0x01FDDB7D5BFDDB7F

mem[X,0x000000008000254C] -> 0x0073
mem[X,0x000000008000254E] -> 0x3020
[421] [M]: 0x000000008000254C (0x30200073) mret                                     resto_Mrtn+28
CSR mstatus (0x300) <- 0x0000000A00000080
ret-ing from M to S

clint mtime 0x00000000000000D3 (mip.MTI <- 0b1, mip.STI <- 0b0)
mem[X,0x0000000080000588] -> 0x0013
mem[X,0x000000008000058A] -> 0x0000
[422] [S]: 0x0000000080000588 (0x00000013) addi x0, x0, 0x0                         main+424

mem[X,0x000000008000058C] -> 0x0713
mem[X,0x000000008000058E] -> 0xFFC7
[423] [S]: 0x000000008000058C (0xFFC70713) addi x14, x14, -0x4                      main+428
x14 <- 0x0000000080001FFC

clint mtime 0x00000000000000D4 (mip.MTI <- 0b1, mip.STI <- 0b0)
mem[X,0x0000000080000590] -> 0x0013
mem[X,0x0000000080000592] -> 0x0000
[424] [S]: 0x0000000080000590 (0x00000013) addi x0, x0, 0x0                         main+432

mem[X,0x0000000080000594] -> 0x0013
mem[X,0x0000000080000596] -> 0x0000
[425] [S]: 0x0000000080000594 (0x00000013) addi x0, x0, 0x0                         main+436

clint mtime 0x00000000000000D5 (mip.MTI <- 0b1, mip.STI <- 0b0)
mem[X,0x0000000080000598] -> 0x0013
mem[X,0x000000008000059A] -> 0x0000
[426] [S]: 0x0000000080000598 (0x00000013) addi x0, x0, 0x0                         main+440

mem[X,0x000000008000059C] -> 0x0013
mem[X,0x000000008000059E] -> 0x0000
[427] [S]: 0x000000008000059C (0x00000013) addi x0, x0, 0x0                         main+444

clint mtime 0x00000000000000D6 (mip.MTI <- 0b1, mip.STI <- 0b0)
mem[X,0x00000000800005A0] -> 0x0217
mem[X,0x00000000800005A2] -> 0x0000
[428] [S]: 0x00000000800005A0 (0x00000217) auipc x4, 0x0                            main+448
x4 <- 0x00000000800005A0

mem[X,0x00000000800005A4] -> 0x0213
mem[X,0x00000000800005A6] -> 0x0282
[429] [S]: 0x00000000800005A4 (0x02820213) addi x4, x4, 0x28                        main+452
x4 <- 0x00000000800005C8

clint mtime 0x00000000000000D7 (mip.MTI <- 0b1, mip.STI <- 0b0)
mem[X,0x00000000800005A8] -> 0x0001
[430] [S]: 0x00000000800005A8 (0x0001) c.nop                                        main+456

mem[X,0x00000000800005AA] -> 0x0013
mem[X,0x00000000800005AC] -> 0x0000
[431] [S]: 0x00000000800005AA (0x00000013) addi x0, x0, 0x0                         main+458

clint mtime 0x00000000000000D8 (mip.MTI <- 0b1, mip.STI <- 0b0)
mem[X,0x00000000800005AE] -> 0x0013
mem[X,0x00000000800005B0] -> 0x0000
[432] [S]: 0x00000000800005AE (0x00000013) addi x0, x0, 0x0                         main+462

mem[X,0x00000000800005B2] -> 0x0013
mem[X,0x00000000800005B4] -> 0x0000
[433] [S]: 0x00000000800005B2 (0x00000013) addi x0, x0, 0x0                         main+466

clint mtime 0x00000000000000D9 (mip.MTI <- 0b1, mip.STI <- 0b0)
mem[X,0x00000000800005B6] -> 0x0013
mem[X,0x00000000800005B8] -> 0x0000
[434] [S]: 0x00000000800005B6 (0x00000013) addi x0, x0, 0x0                         main+470

mem[X,0x00000000800005BA] -> 0x0013
mem[X,0x00000000800005BC] -> 0x0000
[435] [S]: 0x00000000800005BA (0x00000013) addi x0, x0, 0x0                         main+474

clint mtime 0x00000000000000DA (mip.MTI <- 0b1, mip.STI <- 0b0)
mem[X,0x00000000800005BE] -> 0x0001
[436] [S]: 0x00000000800005BE (0x0001) c.nop                                        main+478

mem[X,0x00000000800005C0] -> 0x00E7
mem[X,0x00000000800005C2] -> 0x0007
[437] [S]: 0x00000000800005C0 (0x000700E7) jalr x1, 0x0(x14)                        main+480
x1 <- 0x00000000800005C4

clint mtime 0x00000000000000DB (mip.MTI <- 0b1, mip.STI <- 0b0)
mem[X,0x0000000080001FFC] -> 0x0013
mem[X,0x0000000080001FFE] -> 0x0000
[438] [S]: 0x0000000080001FFC (0x00000013) addi x0, x0, 0x0                         main+7196

trapping from S to M to handle fetch-access-fault
handling exc#fetch-access-fault at priv M with tval 0x0000000080002000
CSR mstatus (0x300) <- 0x0000000A00000800
CSR mcause (0x342) <- 0x0000000000000001
CSR mtval (0x343) <- 0x0000000080002000
CSR mepc (0x341) <- 0x0000000080002000

clint mtime 0x00000000000000DC (mip.MTI <- 0b1, mip.STI <- 0b0)
mem[X,0x0000000080002100] -> 0x006F
mem[X,0x0000000080002102] -> 0x1000
[440] [M]: 0x0000000080002100 (0x1000006F) jal x0, 0x100                            Mtrampoline+0

mem[X,0x0000000080002200] -> 0x1173
mem[X,0x0000000080002202] -> 0x3401
[441] [M]: 0x0000000080002200 (0x34011173) csrrw x2, mscratch, x2                   trap_Mhandler+0
CSR mscratch (0x340) <- 0x01FDDB7D5BFDDB7F
x2 <- 0x0000000080006000

clint mtime 0x00000000000000DD (mip.MTI <- 0b1, mip.STI <- 0b0)
mem[X,0x0000000080002204] -> 0x3423
mem[X,0x0000000080002206] -> 0x28B1
[442] [M]: 0x0000000080002204 (0x28B13423) sd x11, 0x288(x2)                        trap_Mhandler+4
mem[W,0x0000000080006288] <- 0x0000000000000000

mem[X,0x0000000080002208] -> 0x05EF
mem[X,0x000000008000220A] -> 0x0B80
[443] [M]: 0x0000000080002208 (0x0B8005EF) jal x11, 0xb8                            trap_Mhandler+8
x11 <- 0x000000008000220C

clint mtime 0x00000000000000DE (mip.MTI <- 0b1, mip.STI <- 0b0)
mem[X,0x00000000800022C0] -> 0x3023
mem[X,0x00000000800022C2] -> 0x28A1
[444] [M]: 0x00000000800022C0 (0x28A13023) sd x10, 0x280(x2)                        common_Mhandler+0
mem[W,0x0000000080006280] <- 0x0000000000000001

mem[X,0x00000000800022C4] -> 0x1573
mem[X,0x00000000800022C6] -> 0x3401
[445] [M]: 0x00000000800022C4 (0x34011573) csrrw x10, mscratch, x2                  common_Mhandler+4
CSR mscratch (0x340) <- 0x0000000080006000
x10 <- 0x01FDDB7D5BFDDB7F

clint mtime 0x00000000000000DF (mip.MTI <- 0b1, mip.STI <- 0b0)
mem[X,0x00000000800022C8] -> 0x3823
mem[X,0x00000000800022CA] -> 0x28A1
[446] [M]: 0x00000000800022C8 (0x28A13823) sd x10, 0x290(x2)                        common_Mhandler+8
mem[W,0x0000000080006290] <- 0x01FDDB7D5BFDDB7F

mem[X,0x00000000800022CC] -> 0x3503
mem[X,0x00000000800022CE] -> 0x2301
[447] [M]: 0x00000000800022CC (0x23013503) ld x10, 0x230(x2)                        common_Mhandler+12
mem[R,0x0000000080006230] -> 0x00000000800022D4
x10 <- 0x00000000800022D4

clint mtime 0x00000000000000E0 (mip.MTI <- 0b1, mip.STI <- 0b0)
mem[X,0x00000000800022D0] -> 0x0067
mem[X,0x00000000800022D2] -> 0x0005
[448] [M]: 0x00000000800022D0 (0x00050067) jalr x0, 0x0(x10)                        common_Mhandler+16

mem[X,0x00000000800022D4] -> 0x3C23
mem[X,0x00000000800022D6] -> 0x2691
[449] [M]: 0x00000000800022D4 (0x26913C23) sd x9, 0x278(x2)                         common_Mentry+0
mem[W,0x0000000080006278] <- 0x0000000000000000

clint mtime 0x00000000000000E1 (mip.MTI <- 0b1, mip.STI <- 0b0)
mem[X,0x00000000800022D8] -> 0x3823
mem[X,0x00000000800022DA] -> 0x2681
[450] [M]: 0x00000000800022D8 (0x26813823) sd x8, 0x270(x2)                         common_Mentry+4
mem[W,0x0000000080006270] <- 0x0000000000007F76

mem[X,0x00000000800022DC] -> 0x3423
mem[X,0x00000000800022DE] -> 0x2671
[451] [M]: 0x00000000800022DC (0x26713423) sd x7, 0x268(x2)                         common_Mentry+8
mem[W,0x0000000080006268] <- 0x0000000080006000

clint mtime 0x00000000000000E2 (mip.MTI <- 0b1, mip.STI <- 0b0)
mem[X,0x00000000800022E0] -> 0x3023
mem[X,0x00000000800022E2] -> 0x2661
[452] [M]: 0x00000000800022E0 (0x26613023) sd x6, 0x260(x2)                         common_Mentry+12
mem[W,0x0000000080006260] <- 0x0000000000000010

mem[X,0x00000000800022E4] -> 0x2573
mem[X,0x00000000800022E6] -> 0x3420
[453] [M]: 0x00000000800022E4 (0x34202573) csrrs x10, mcause, x0                    spcl_M2mmode_test+0
CSR mcause (0x342) -> 0x0000000000000001
x10 <- 0x0000000000000001

clint mtime 0x00000000000000E3 (mip.MTI <- 0b1, mip.STI <- 0b0)
mem[X,0x00000000800022E8] -> 0x04B7
mem[X,0x00000000800022EA] -> 0x8000
[454] [M]: 0x00000000800022E8 (0x800004B7) lui x9, -0x80000                         spcl_M2mmode_test+4
x9 <- 0xFFFFFFFF80000000

mem[X,0x00000000800022EC] -> 0x8493
mem[X,0x00000000800022EE] -> 0x0004
[455] [M]: 0x00000000800022EC (0x00048493) addi x9, x9, 0x0                         spcl_M2mmode_test+8
x9 <- 0xFFFFFFFF80000000

clint mtime 0x00000000000000E4 (mip.MTI <- 0b1, mip.STI <- 0b0)
mem[X,0x00000000800022F0] -> 0x9493
mem[X,0x00000000800022F2] -> 0x00B4
[456] [M]: 0x00000000800022F0 (0x00B49493) slli x9, x9, 0xb                         spcl_M2mmode_test+12
x9 <- 0xFFFFFC0000000000

mem[X,0x00000000800022F4] -> 0x8493
mem[X,0x00000000800022F6] -> 0x0004
[457] [M]: 0x00000000800022F4 (0x00048493) addi x9, x9, 0x0                         spcl_M2mmode_test+16
x9 <- 0xFFFFFC0000000000

clint mtime 0x00000000000000E5 (mip.MTI <- 0b1, mip.STI <- 0b0)
mem[X,0x00000000800022F8] -> 0x9493
mem[X,0x00000000800022FA] -> 0x00B4
[458] [M]: 0x00000000800022F8 (0x00B49493) slli x9, x9, 0xb                         spcl_M2mmode_test+20
x9 <- 0xFFE0000000000000

mem[X,0x00000000800022FC] -> 0x8493
mem[X,0x00000000800022FE] -> 0x0034
[459] [M]: 0x00000000800022FC (0x00348493) addi x9, x9, 0x3                         spcl_M2mmode_test+24
x9 <- 0xFFE0000000000003

clint mtime 0x00000000000000E6 (mip.MTI <- 0b1, mip.STI <- 0b0)
mem[X,0x0000000080002300] -> 0x9493
mem[X,0x0000000080002302] -> 0x00A4
[460] [M]: 0x0000000080002300 (0x00A49493) slli x9, x9, 0xa                         spcl_M2mmode_test+28
x9 <- 0x8000000000000C00

mem[X,0x0000000080002304] -> 0x8493
mem[X,0x0000000080002306] -> 0x3FC4
[461] [M]: 0x0000000080002304 (0x3FC48493) addi x9, x9, 0x3fc                       spcl_M2mmode_test+32
x9 <- 0x8000000000000FFC

clint mtime 0x00000000000000E7 (mip.MTI <- 0b1, mip.STI <- 0b0)
mem[X,0x0000000080002308] -> 0xF4B3
mem[X,0x000000008000230A] -> 0x00A4
[462] [M]: 0x0000000080002308 (0x00A4F4B3) and x9, x9, x10                          spcl_M2mmode_test+36
x9 <- 0x0000000000000000

mem[X,0x000000008000230C] -> 0x8493
mem[X,0x000000008000230E] -> 0xFF84
[463] [M]: 0x000000008000230C (0xFF848493) addi x9, x9, -0x8                        spcl_M2mmode_test+40
x9 <- 0xFFFFFFFFFFFFFFF8

clint mtime 0x00000000000000E8 (mip.MTI <- 0b1, mip.STI <- 0b0)
mem[X,0x0000000080002310] -> 0x9663
mem[X,0x0000000080002312] -> 0x0004
[464] [M]: 0x0000000080002310 (0x00049663) bne x9, x0, 0xc                          spcl_M2mmode_test+44

mem[X,0x000000008000231C] -> 0x0393
mem[X,0x000000008000231E] -> 0x0200
[465] [M]: 0x000000008000231C (0x02000393) addi x7, x0, 0x20                        Mtrapsig_ptr_upd+0
x7 <- 0x0000000000000020

clint mtime 0x00000000000000E9 (mip.MTI <- 0b1, mip.STI <- 0b0)
mem[X,0x0000000080002320] -> 0x5263
mem[X,0x0000000080002322] -> 0x0405
[466] [M]: 0x0000000080002320 (0x04055263) bge x10, x0, 0x44                        Mtrapsig_ptr_upd+4

mem[X,0x0000000080002364] -> 0x2373
mem[X,0x0000000080002366] -> 0x3010
[467] [M]: 0x0000000080002364 (0x30102373) csrrs x6, misa, x0                       Mxcpt_sig_sv+0
CSR misa (0x301) -> 0x800000000034112F
x6 <- 0x800000000034112F

clint mtime 0x00000000000000EA (mip.MTI <- 0b1, mip.STI <- 0b0)
mem[X,0x0000000080002368] -> 0x1313
mem[X,0x000000008000236A] -> 0x0383
[468] [M]: 0x0000000080002368 (0x03831313) slli x6, x6, 0x38                        Mxcpt_sig_sv+4
x6 <- 0x2F00000000000000

mem[X,0x000000008000236C] -> 0x5463
mem[X,0x000000008000236E] -> 0x0003
[469] [M]: 0x000000008000236C (0x00035463) bge x6, x0, 0x8                          Mxcpt_sig_sv+8

clint mtime 0x00000000000000EB (mip.MTI <- 0b1, mip.STI <- 0b0)
mem[X,0x0000000080002374] -> 0x3303
mem[X,0x0000000080002376] -> 0x2181
[470] [M]: 0x0000000080002374 (0x21813303) ld x6, 0x218(x2)                         Mtrap_sig_sv+0
mem[R,0x0000000080006218] -> 0x0000000080007340
x6 <- 0x0000000080007340

mem[X,0x0000000080002378] -> 0x04B3
mem[X,0x000000008000237A] -> 0x0073
[471] [M]: 0x0000000080002378 (0x007304B3) add x9, x6, x7                           Mtrap_sig_sv+4
x9 <- 0x0000000080007360

clint mtime 0x00000000000000EC (mip.MTI <- 0b1, mip.STI <- 0b0)
mem[X,0x000000008000237C] -> 0x3C23
mem[X,0x000000008000237E] -> 0x2091
[472] [M]: 0x000000008000237C (0x20913C23) sd x9, 0x218(x2)                         Mtrap_sig_sv+8
mem[W,0x0000000080006218] <- 0x0000000080007360

mem[X,0x0000000080002380] -> 0x3403
mem[X,0x0000000080002382] -> 0x1F81
[473] [M]: 0x0000000080002380 (0x1F813403) ld x8, 0x1f8(x2)                         Mtrap_sig_sv+12
mem[R,0x00000000800061F8] -> 0x0000000080007210
x8 <- 0x0000000080007210

clint mtime 0x00000000000000ED (mip.MTI <- 0b1, mip.STI <- 0b0)
mem[X,0x0000000080002384] -> 0x0333
mem[X,0x0000000080002386] -> 0x4083
[474] [M]: 0x0000000080002384 (0x40830333) sub x6, x6, x8                           Mtrap_sig_sv+16
x6 <- 0x0000000000000130

mem[X,0x0000000080002388] -> 0x3403
mem[X,0x000000008000238A] -> 0x1F81
[475] [M]: 0x0000000080002388 (0x1F813403) ld x8, 0x1f8(x2)                         Mtrap_sig_sv+20
mem[R,0x00000000800061F8] -> 0x0000000080007210
x8 <- 0x0000000080007210

clint mtime 0x00000000000000EE (mip.MTI <- 0b1, mip.STI <- 0b0)
mem[X,0x000000008000238C] -> 0x0333
mem[X,0x000000008000238E] -> 0x0083
[476] [M]: 0x000000008000238C (0x00830333) add x6, x6, x8                           Mtrap_sig_sv+24
x6 <- 0x0000000080007340

mem[X,0x0000000080002390] -> 0x3403
mem[X,0x0000000080002392] -> 0x2401
[477] [M]: 0x0000000080002390 (0x24013403) ld x8, 0x240(x2)                         Mtrap_sig_sv+28
mem[R,0x0000000080006240] -> 0x0000000080002100
x8 <- 0x0000000080002100

clint mtime 0x00000000000000EF (mip.MTI <- 0b1, mip.STI <- 0b0)
mem[X,0x0000000080002394] -> 0x85B3
mem[X,0x0000000080002396] -> 0x4085
[478] [M]: 0x0000000080002394 (0x408585B3) sub x11, x11, x8                         sv_Mvect+0
x11 <- 0x000000000000010C

mem[X,0x0000000080002398] -> 0x9593
mem[X,0x000000008000239A] -> 0x0045
[479] [M]: 0x0000000080002398 (0x00459593) slli x11, x11, 0x4                       sv_Mvect+4
x11 <- 0x00000000000010C0

clint mtime 0x00000000000000F0 (mip.MTI <- 0b1, mip.STI <- 0b0)
mem[X,0x000000008000239C] -> 0xE5B3
mem[X,0x000000008000239E] -> 0x0075
[480] [M]: 0x000000008000239C (0x0075E5B3) or x11, x11, x7                          sv_Mvect+8
x11 <- 0x00000000000010E0

mem[X,0x00000000800023A0] -> 0x8593
mem[X,0x00000000800023A2] -> 0x0035
[481] [M]: 0x00000000800023A0 (0x00358593) addi x11, x11, 0x3                       sv_Mvect+12
x11 <- 0x00000000000010E3

clint mtime 0x00000000000000F1 (mip.MTI <- 0b1, mip.STI <- 0b0)
mem[X,0x00000000800023A4] -> 0x3023
mem[X,0x00000000800023A6] -> 0x00B3
[482] [M]: 0x00000000800023A4 (0x00B33023) sd x11, 0x0(x6)                          sv_Mvect+16
mem[W,0x0000000080007340] <- 0x00000000000010E3

mem[X,0x00000000800023A8] -> 0x3423
mem[X,0x00000000800023AA] -> 0x00A3
[483] [M]: 0x00000000800023A8 (0x00A33423) sd x10, 0x8(x6)                          sv_Mcause+0
mem[W,0x0000000080007348] <- 0x0000000000000001

clint mtime 0x00000000000000F2 (mip.MTI <- 0b1, mip.STI <- 0b0)
mem[X,0x00000000800023AC] -> 0x4263
mem[X,0x00000000800023AE] -> 0x1A05
[484] [M]: 0x00000000800023AC (0x1A054263) blt x10, x0, 0x1a4                       sv_Mcause+4

mem[X,0x00000000800023B0] -> 0x25F3
mem[X,0x00000000800023B2] -> 0x3000
[485] [M]: 0x00000000800023B0 (0x300025F3) csrrs x11, mstatus, x0                   common_Mexcpt_handler+0
CSR mstatus (0x300) -> 0x0000000A00000800
x11 <- 0x0000000A00000800

clint mtime 0x00000000000000F3 (mip.MTI <- 0b1, mip.STI <- 0b0)
mem[X,0x00000000800023B4] -> 0x9413
mem[X,0x00000000800023B6] -> 0x02E5
[486] [M]: 0x00000000800023B4 (0x02E59413) slli x8, x11, 0x2e                       common_Mexcpt_handler+4
x8 <- 0x0200000000000000

mem[X,0x00000000800023B8] -> 0x5463
mem[X,0x00000000800023BA] -> 0x0004
[487] [M]: 0x00000000800023B8 (0x00045463) bge x8, x0, 0x8                          common_Mexcpt_handler+8

clint mtime 0x00000000000000F4 (mip.MTI <- 0b1, mip.STI <- 0b0)
mem[X,0x00000000800023C0] -> 0xD493
mem[X,0x00000000800023C2] -> 0x00B5
[488] [M]: 0x00000000800023C0 (0x00B5D493) srli x9, x11, 0xb                        common_Mexcpt_handler+16
x9 <- 0x0000000001400001

mem[X,0x00000000800023C4] -> 0xF493
mem[X,0x00000000800023C6] -> 0x0034
[489] [M]: 0x00000000800023C4 (0x0034F493) andi x9, x9, 0x3                         common_Mexcpt_handler+20
x9 <- 0x0000000000000001

clint mtime 0x00000000000000F5 (mip.MTI <- 0b1, mip.STI <- 0b0)
mem[X,0x00000000800023C8] -> 0x8493
mem[X,0x00000000800023CA] -> 0x0014
[490] [M]: 0x00000000800023C8 (0x00148493) addi x9, x9, 0x1                         common_Mexcpt_handler+24
x9 <- 0x0000000000000002

mem[X,0x00000000800023CC] -> 0xF493
mem[X,0x00000000800023CE] -> 0x0044
[491] [M]: 0x00000000800023CC (0x0044F493) andi x9, x9, 0x4                         common_Mexcpt_handler+28
x9 <- 0x0000000000000000

clint mtime 0x00000000000000F6 (mip.MTI <- 0b1, mip.STI <- 0b0)
mem[X,0x00000000800023D0] -> 0x0593
mem[X,0x00000000800023D2] -> 0x05D0
[492] [M]: 0x00000000800023D0 (0x05D00593) addi x11, x0, 0x5d                       common_Mexcpt_handler+32
x11 <- 0x000000000000005D

mem[X,0x00000000800023D4] -> 0xD5B3
mem[X,0x00000000800023D6] -> 0x0095
[493] [M]: 0x00000000800023D4 (0x0095D5B3) srl x11, x11, x9                         common_Mexcpt_handler+36
x11 <- 0x000000000000005D

clint mtime 0x00000000000000F7 (mip.MTI <- 0b1, mip.STI <- 0b0)
mem[X,0x00000000800023D8] -> 0xF593
mem[X,0x00000000800023DA] -> 0x0015
[494] [M]: 0x00000000800023D8 (0x0015F593) andi x11, x11, 0x1                       common_Mexcpt_handler+40
x11 <- 0x0000000000000001

mem[X,0x00000000800023DC] -> 0x8EE3
mem[X,0x00000000800023DE] -> 0xF405
[495] [M]: 0x00000000800023DC (0xF4058EE3) beq x11, x0, -0xa4                       common_Mexcpt_handler+44

clint mtime 0x00000000000000F8 (mip.MTI <- 0b1, mip.STI <- 0b0)
mem[X,0x00000000800023E0] -> 0x0593
mem[X,0x00000000800023E2] -> 0x2980
[496] [M]: 0x00000000800023E0 (0x29800593) addi x11, x0, 0x298                      common_Mexcpt_handler+48
x11 <- 0x0000000000000298

mem[X,0x00000000800023E4] -> 0xF413
mem[X,0x00000000800023E6] -> 0x0014
[497] [M]: 0x00000000800023E4 (0x0014F413) andi x8, x9, 0x1                         common_Mexcpt_handler+52
x8 <- 0x0000000000000000

clint mtime 0x00000000000000F9 (mip.MTI <- 0b1, mip.STI <- 0b0)
mem[X,0x00000000800023E8] -> 0x95B3
mem[X,0x00000000800023EA] -> 0x0085
[498] [M]: 0x00000000800023E8 (0x008595B3) sll x11, x11, x8                         common_Mexcpt_handler+56
x11 <- 0x0000000000000298

mem[X,0x00000000800023EC] -> 0x9413
mem[X,0x00000000800023EE] -> 0x03D4
[499] [M]: 0x00000000800023EC (0x03D49413) slli x8, x9, 0x3d                        common_Mexcpt_handler+60
x8 <- 0x0000000000000000

clint mtime 0x00000000000000FA (mip.MTI <- 0b1, mip.STI <- 0b0)
mem[X,0x00000000800023F0] -> 0x5413
mem[X,0x00000000800023F2] -> 0x43F4
[500] [M]: 0x00000000800023F0 (0x43F45413) srai x8, x8, 0x3f                        common_Mexcpt_handler+64
x8 <- 0x0000000000000000

mem[X,0x00000000800023F4] -> 0x4413
mem[X,0x00000000800023F6] -> 0xFFF4
[501] [M]: 0x00000000800023F4 (0xFFF44413) xori x8, x8, -0x1                        common_Mexcpt_handler+68
x8 <- 0xFFFFFFFFFFFFFFFF

clint mtime 0x00000000000000FB (mip.MTI <- 0b1, mip.STI <- 0b0)
mem[X,0x00000000800023F8] -> 0xF4B3
mem[X,0x00000000800023FA] -> 0x0085
[502] [M]: 0x00000000800023F8 (0x0085F4B3) and x9, x11, x8                          common_Mexcpt_handler+72
x9 <- 0x0000000000000298

mem[X,0x00000000800023FC] -> 0x84B3
mem[X,0x00000000800023FE] -> 0x0024
[503] [M]: 0x00000000800023FC (0x002484B3) add x9, x9, x2                           vmem_adj_Mepc+0
x9 <- 0x0000000080006298

clint mtime 0x00000000000000FC (mip.MTI <- 0b1, mip.STI <- 0b0)
mem[X,0x0000000080002400] -> 0x23F3
mem[X,0x0000000080002402] -> 0x3410
[504] [M]: 0x0000000080002400 (0x341023F3) csrrs x7, mepc, x0                       vmem_adj_Mepc+4
CSR mepc (0x341) -> 0x0000000080002000
x7 <- 0x0000000080002000

mem[X,0x0000000080002404] -> 0x0413
mem[X,0x0000000080002406] -> 0x0004
[505] [M]: 0x0000000080002404 (0x00040413) addi x8, x8, 0x0                         vmem_adj_Mepc+8
x8 <- 0xFFFFFFFFFFFFFFFF

clint mtime 0x00000000000000FD (mip.MTI <- 0b1, mip.STI <- 0b0)
mem[X,0x0000000080002408] -> 0x006F
mem[X,0x000000008000240A] -> 0x0400
[506] [M]: 0x0000000080002408 (0x0400006F) jal x0, 0x40                             vmem_adj_Mepc+12

mem[X,0x0000000080002448] -> 0x8433
mem[X,0x000000008000244A] -> 0x4083
[507] [M]: 0x0000000080002448 (0x40838433) sub x8, x7, x8                           adj_Mepc+0
x8 <- 0x0000000080002001

clint mtime 0x00000000000000FE (mip.MTI <- 0b1, mip.STI <- 0b0)
mem[X,0x000000008000244C] -> 0x3823
mem[X,0x000000008000244E] -> 0x0083
[508] [M]: 0x000000008000244C (0x00833823) sd x8, 0x10(x6)                          sv_Mepc+0
mem[W,0x0000000080007350] <- 0x0000000080002001

mem[X,0x0000000080002450] -> 0x55B7
mem[X,0x0000000080002452] -> 0x0000
[509] [M]: 0x0000000080002450 (0x000055B7) lui x11, 0x5                             sv_Mepc+4
x11 <- 0x0000000000005000

clint mtime 0x00000000000000FF (mip.MTI <- 0b1, mip.STI <- 0b0)
mem[X,0x0000000080002454] -> 0x8593
mem[X,0x0000000080002456] -> 0x6675
[510] [M]: 0x0000000080002454 (0x66758593) addi x11, x11, 0x667                     sv_Mepc+8
x11 <- 0x0000000000005667

mem[X,0x0000000080002458] -> 0x9593
mem[X,0x000000008000245A] -> 0x0015
[511] [M]: 0x0000000080002458 (0x00159593) slli x11, x11, 0x1                       sv_Mepc+12
x11 <- 0x000000000000ACCE

clint mtime 0x0000000000000100 (mip.MTI <- 0b1, mip.STI <- 0b0)
mem[X,0x000000008000245C] -> 0x9063
mem[X,0x000000008000245E] -> 0x02B1
[512] [M]: 0x000000008000245C (0x02B19063) bne x3, x11, 0x20                        sv_Mepc+16

mem[X,0x0000000080002460] -> 0x2473
mem[X,0x0000000080002462] -> 0x3420
[513] [M]: 0x0000000080002460 (0x34202473) csrrs x8, mcause, x0                     sv_Mepc+20
CSR mcause (0x342) -> 0x0000000000000001
x8 <- 0x0000000000000001

clint mtime 0x0000000000000101 (mip.MTI <- 0b1, mip.STI <- 0b0)
mem[X,0x0000000080002464] -> 0x0593
mem[X,0x0000000080002466] -> 0x00C0
[514] [M]: 0x0000000080002464 (0x00C00593) addi x11, x0, 0xc                        sv_Mepc+24
x11 <- 0x000000000000000C

mem[X,0x0000000080002468] -> 0x0663
mem[X,0x000000008000246A] -> 0x00B4
[515] [M]: 0x0000000080002468 (0x00B40663) beq x8, x11, 0xc                         sv_Mepc+28

clint mtime 0x0000000000000102 (mip.MTI <- 0b1, mip.STI <- 0b0)
mem[X,0x000000008000246C] -> 0x0593
mem[X,0x000000008000246E] -> 0x0010
[516] [M]: 0x000000008000246C (0x00100593) addi x11, x0, 0x1                        sv_Mepc+32
x11 <- 0x0000000000000001

mem[X,0x0000000080002470] -> 0x1663
mem[X,0x0000000080002472] -> 0x00B4
[517] [M]: 0x0000000080002470 (0x00B41663) bne x8, x11, 0xc                         sv_Mepc+36

clint mtime 0x0000000000000103 (mip.MTI <- 0b1, mip.STI <- 0b0)
mem[X,0x0000000080002474] -> 0x1073
mem[X,0x0000000080002476] -> 0x3412
[518] [M]: 0x0000000080002474 (0x34121073) csrrw x0, mepc, x4                       sv_Mepc+40
CSR mepc (0x341) <- 0x00000000800005C8

mem[X,0x0000000080002478] -> 0x006F
mem[X,0x000000008000247A] -> 0x0100
[519] [M]: 0x0000000080002478 (0x0100006F) jal x0, 0x10                             sv_Mepc+44

clint mtime 0x0000000000000104 (mip.MTI <- 0b1, mip.STI <- 0b0)
mem[X,0x0000000080002488] -> 0x23F3
mem[X,0x000000008000248A] -> 0x3430
[520] [M]: 0x0000000080002488 (0x343023F3) csrrs x7, mtval, x0                      skp_adj_Mepc+0
CSR mtval (0x343) -> 0x0000000080002000
x7 <- 0x0000000080002000

mem[X,0x000000008000248C] -> 0x7513
mem[X,0x000000008000248E] -> 0x00F5
[521] [M]: 0x000000008000248C (0x00F57513) andi x10, x10, 0xf                       chk_Mtval+0
x10 <- 0x0000000000000001

clint mtime 0x0000000000000105 (mip.MTI <- 0b1, mip.STI <- 0b0)
mem[X,0x0000000080002490] -> 0x0437
mem[X,0x0000000080002492] -> 0x0000
[522] [M]: 0x0000000080002490 (0x00000437) lui x8, 0x0                              chk_Mtval+4
x8 <- 0x0000000000000000

mem[X,0x0000000080002494] -> 0x0413
mem[X,0x0000000080002496] -> 0x0004
[523] [M]: 0x0000000080002494 (0x00040413) addi x8, x8, 0x0                         chk_Mtval+8
x8 <- 0x0000000000000000

clint mtime 0x0000000000000106 (mip.MTI <- 0b1, mip.STI <- 0b0)
mem[X,0x0000000080002498] -> 0x1413
mem[X,0x000000008000249A] -> 0x00B4
[524] [M]: 0x0000000080002498 (0x00B41413) slli x8, x8, 0xb                         chk_Mtval+12
x8 <- 0x0000000000000000

mem[X,0x000000008000249C] -> 0x0413
mem[X,0x000000008000249E] -> 0x0004
[525] [M]: 0x000000008000249C (0x00040413) addi x8, x8, 0x0                         chk_Mtval+16
x8 <- 0x0000000000000000

clint mtime 0x0000000000000107 (mip.MTI <- 0b1, mip.STI <- 0b0)
mem[X,0x00000000800024A0] -> 0x1413
mem[X,0x00000000800024A2] -> 0x00B4
[526] [M]: 0x00000000800024A0 (0x00B41413) slli x8, x8, 0xb                         chk_Mtval+20
x8 <- 0x0000000000000000

mem[X,0x00000000800024A4] -> 0x0413
mem[X,0x00000000800024A6] -> 0x02C4
[527] [M]: 0x00000000800024A4 (0x02C40413) addi x8, x8, 0x2c                        chk_Mtval+24
x8 <- 0x000000000000002C

clint mtime 0x0000000000000108 (mip.MTI <- 0b1, mip.STI <- 0b0)
mem[X,0x00000000800024A8] -> 0x1413
mem[X,0x00000000800024AA] -> 0x00A4
[528] [M]: 0x00000000800024A8 (0x00A41413) slli x8, x8, 0xa                         chk_Mtval+28
x8 <- 0x000000000000B000

mem[X,0x00000000800024AC] -> 0x0413
mem[X,0x00000000800024AE] -> 0x0FB4
[529] [M]: 0x00000000800024AC (0x0FB40413) addi x8, x8, 0xfb                        chk_Mtval+32
x8 <- 0x000000000000B0FB

clint mtime 0x0000000000000109 (mip.MTI <- 0b1, mip.STI <- 0b0)
mem[X,0x00000000800024B0] -> 0x5433
mem[X,0x00000000800024B2] -> 0x00A4
[530] [M]: 0x00000000800024B0 (0x00A45433) srl x8, x8, x10                          chk_Mtval+36
x8 <- 0x000000000000587D

mem[X,0x00000000800024B4] -> 0x1413
mem[X,0x00000000800024B6] -> 0x03F4
[531] [M]: 0x00000000800024B4 (0x03F41413) slli x8, x8, 0x3f                        chk_Mtval+40
x8 <- 0x8000000000000000

clint mtime 0x000000000000010A (mip.MTI <- 0b1, mip.STI <- 0b0)
mem[X,0x00000000800024B8] -> 0x5C63
mem[X,0x00000000800024BA] -> 0x0404
[532] [M]: 0x00000000800024B8 (0x04045C63) bge x8, x0, 0x58                         chk_Mtval+44

mem[X,0x00000000800024BC] -> 0xB403
mem[X,0x00000000800024BE] -> 0x2084
[533] [M]: 0x00000000800024BC (0x2084B403) ld x8, 0x208(x9)                         vmem_adj_Mtval+0
mem[R,0x00000000800064A0] -> 0x00000000800003B4
x8 <- 0x00000000800003B4

clint mtime 0x000000000000010B (mip.MTI <- 0b1, mip.STI <- 0b0)
mem[X,0x00000000800024C0] -> 0xB583
mem[X,0x00000000800024C2] -> 0x2104
[534] [M]: 0x00000000800024C0 (0x2104B583) ld x11, 0x210(x9)                        vmem_adj_Mtval+4
mem[R,0x00000000800064A8] -> 0x0000000000001C60
x11 <- 0x0000000000001C60

mem[X,0x00000000800024C4] -> 0x85B3
mem[X,0x00000000800024C6] -> 0x0085
[535] [M]: 0x00000000800024C4 (0x008585B3) add x11, x11, x8                         vmem_adj_Mtval+8
x11 <- 0x0000000080002014

clint mtime 0x000000000000010C (mip.MTI <- 0b1, mip.STI <- 0b0)
mem[X,0x00000000800024C8] -> 0xF463
mem[X,0x00000000800024CA] -> 0x00B3
[536] [M]: 0x00000000800024C8 (0x00B3F463) bgeu x7, x11, 0x8                        vmem_adj_Mtval+12

mem[X,0x00000000800024CC] -> 0xF063
mem[X,0x00000000800024CE] -> 0x0483
[537] [M]: 0x00000000800024CC (0x0483F063) bgeu x7, x8, 0x40                        vmem_adj_Mtval+16

clint mtime 0x000000000000010D (mip.MTI <- 0b1, mip.STI <- 0b0)
mem[X,0x000000008000250C] -> 0x8433
mem[X,0x000000008000250E] -> 0x4083
[538] [M]: 0x000000008000250C (0x40838433) sub x8, x7, x8                           adj_Mtval+0
x8 <- 0x0000000000001C4C

mem[X,0x0000000080002510] -> 0x3C23
mem[X,0x0000000080002512] -> 0x0083
[539] [M]: 0x0000000080002510 (0x00833C23) sd x8, 0x18(x6)                          sv_Mtval+0
mem[W,0x0000000080007358] <- 0x0000000000001C4C

clint mtime 0x000000000000010E (mip.MTI <- 0b1, mip.STI <- 0b0)
mem[X,0x0000000080002514] -> 0x3483
mem[X,0x0000000080002516] -> 0x2181
[540] [M]: 0x0000000080002514 (0x21813483) ld x9, 0x218(x2)                         skp_Mtval+0
mem[R,0x0000000080006218] -> 0x0000000080007360
x9 <- 0x0000000080007360

mem[X,0x0000000080002518] -> 0x3383
mem[X,0x000000008000251A] -> 0x1F81
[541] [M]: 0x0000000080002518 (0x1F813383) ld x7, 0x1f8(x2)                         skp_Mtval+4
mem[R,0x00000000800061F8] -> 0x0000000080007210
x7 <- 0x0000000080007210

clint mtime 0x000000000000010F (mip.MTI <- 0b1, mip.STI <- 0b0)
mem[X,0x000000008000251C] -> 0x3303
mem[X,0x000000008000251E] -> 0x2001
[542] [M]: 0x000000008000251C (0x20013303) ld x6, 0x200(x2)                         skp_Mtval+8
mem[R,0x0000000080006200] -> 0x0000000000000920
x6 <- 0x0000000000000920

mem[X,0x0000000080002520] -> 0x0333
mem[X,0x0000000080002522] -> 0x0073
[543] [M]: 0x0000000080002520 (0x00730333) add x6, x6, x7                           skp_Mtval+12
x6 <- 0x0000000080007B30

clint mtime 0x0000000000000110 (mip.MTI <- 0b1, mip.STI <- 0b0)
mem[X,0x0000000080002524] -> 0x6CE3
mem[X,0x0000000080002526] -> 0xAE93
[544] [M]: 0x0000000080002524 (0xAE936CE3) bltu x6, x9, -0x508                      skp_Mtval+16

mem[X,0x0000000080002528] -> 0x0393
mem[X,0x000000008000252A] -> 0x2000
[545] [M]: 0x0000000080002528 (0x20000393) addi x7, x0, 0x200                       skp_Mtval+20
x7 <- 0x0000000000000200

clint mtime 0x0000000000000111 (mip.MTI <- 0b1, mip.STI <- 0b0)
mem[X,0x000000008000252C] -> 0x006F
mem[X,0x000000008000252E] -> 0x0400
[546] [M]: 0x000000008000252C (0x0400006F) jal x0, 0x40                             skp_Mtval+24

mem[X,0x000000008000256C] -> 0x0417
mem[X,0x000000008000256E] -> 0x0000
[547] [M]: 0x000000008000256C (0x00000417) auipc x8, 0x0                            spcl_Mhandler+0
x8 <- 0x000000008000256C

clint mtime 0x0000000000000112 (mip.MTI <- 0b1, mip.STI <- 0b0)
mem[X,0x0000000080002570] -> 0x0413
mem[X,0x0000000080002572] -> 0x03C4
[548] [M]: 0x0000000080002570 (0x03C40413) addi x8, x8, 0x3c                        spcl_Mhandler+4
x8 <- 0x00000000800025A8

mem[X,0x0000000080002574] -> 0x0433
mem[X,0x0000000080002576] -> 0x0074
[549] [M]: 0x0000000080002574 (0x00740433) add x8, x8, x7                           spcl_Mhandler+8
x8 <- 0x00000000800027A8

clint mtime 0x0000000000000113 (mip.MTI <- 0b1, mip.STI <- 0b0)
mem[X,0x0000000080002578] -> 0x1393
mem[X,0x000000008000257A] -> 0x0035
[550] [M]: 0x0000000080002578 (0x00351393) slli x7, x10, 0x3                        spcl_Mhandler+12
x7 <- 0x0000000000000008

mem[X,0x000000008000257C] -> 0x0433
mem[X,0x000000008000257E] -> 0x0074
[551] [M]: 0x000000008000257C (0x00740433) add x8, x8, x7                           spcl_Mhandler+16
x8 <- 0x00000000800027B0

clint mtime 0x0000000000000114 (mip.MTI <- 0b1, mip.STI <- 0b0)
mem[X,0x0000000080002580] -> 0x7413
mem[X,0x0000000080002582] -> 0xFF84
[552] [M]: 0x0000000080002580 (0xFF847413) andi x8, x8, -0x8                        spcl_Mhandler+20
x8 <- 0x00000000800027B0

mem[X,0x0000000080002584] -> 0x3403
mem[X,0x0000000080002586] -> 0x0004
[553] [M]: 0x0000000080002584 (0x00043403) ld x8, 0x0(x8)                           spcl_Mhandler+24
mem[R,0x00000000800027B0] -> 0x0000000000000003
x8 <- 0x0000000000000003

clint mtime 0x0000000000000115 (mip.MTI <- 0b1, mip.STI <- 0b0)
mem[X,0x0000000080002588] -> 0x04E3
mem[X,0x000000008000258A] -> 0xB204
[554] [M]: 0x0000000080002588 (0xB20404E3) beq x8, x0, -0x4d8                       spcl_Mdispatch_hndling+0

mem[X,0x000000008000258C] -> 0x1393
mem[X,0x000000008000258E] -> 0x03F4
[555] [M]: 0x000000008000258C (0x03F41393) slli x7, x8, 0x3f                        spcl_Mdispatch_hndling+4
x7 <- 0x8000000000000000

clint mtime 0x0000000000000116 (mip.MTI <- 0b1, mip.STI <- 0b0)
mem[X,0x0000000080002590] -> 0xD863
mem[X,0x0000000080002592] -> 0x0003
[556] [M]: 0x0000000080002590 (0x0003D863) bge x7, x0, 0x10                         spcl_Mdispatch_hndling+8

mem[X,0x0000000080002594] -> 0x5413
mem[X,0x0000000080002596] -> 0x0014
[557] [M]: 0x0000000080002594 (0x00145413) srli x8, x8, 0x1                         spcl_Mdispatch_hndling+12
x8 <- 0x0000000000000001

clint mtime 0x0000000000000117 (mip.MTI <- 0b1, mip.STI <- 0b0)
mem[X,0x0000000080002598] -> 0x0CE3
mem[X,0x000000008000259A] -> 0xF885
[558] [M]: 0x0000000080002598 (0xF8850CE3) beq x10, x8, -0x68                       spcl_Mdispatch_hndling+16

mem[X,0x0000000080002530] -> 0x3303
mem[X,0x0000000080002532] -> 0x2601
[559] [M]: 0x0000000080002530 (0x26013303) ld x6, 0x260(x2)                         resto_Mrtn+0
mem[R,0x0000000080006260] -> 0x0000000000000010
x6 <- 0x0000000000000010

clint mtime 0x0000000000000118 (mip.MTI <- 0b1, mip.STI <- 0b0)
mem[X,0x0000000080002534] -> 0x3383
mem[X,0x0000000080002536] -> 0x2681
[560] [M]: 0x0000000080002534 (0x26813383) ld x7, 0x268(x2)                         resto_Mrtn+4
mem[R,0x0000000080006268] -> 0x0000000080006000
x7 <- 0x0000000080006000

mem[X,0x0000000080002538] -> 0x3403
mem[X,0x000000008000253A] -> 0x2701
[561] [M]: 0x0000000080002538 (0x27013403) ld x8, 0x270(x2)                         resto_Mrtn+8
mem[R,0x0000000080006270] -> 0x0000000000007F76
x8 <- 0x0000000000007F76

clint mtime 0x0000000000000119 (mip.MTI <- 0b1, mip.STI <- 0b0)
mem[X,0x000000008000253C] -> 0x3483
mem[X,0x000000008000253E] -> 0x2781
[562] [M]: 0x000000008000253C (0x27813483) ld x9, 0x278(x2)                         resto_Mrtn+12
mem[R,0x0000000080006278] -> 0x0000000000000000
x9 <- 0x0000000000000000

mem[X,0x0000000080002540] -> 0x3503
mem[X,0x0000000080002542] -> 0x2801
[563] [M]: 0x0000000080002540 (0x28013503) ld x10, 0x280(x2)                        resto_Mrtn+16
mem[R,0x0000000080006280] -> 0x0000000000000001
x10 <- 0x0000000000000001

clint mtime 0x000000000000011A (mip.MTI <- 0b1, mip.STI <- 0b0)
mem[X,0x0000000080002544] -> 0x3583
mem[X,0x0000000080002546] -> 0x2881
[564] [M]: 0x0000000080002544 (0x28813583) ld x11, 0x288(x2)                        resto_Mrtn+20
mem[R,0x0000000080006288] -> 0x0000000000000000
x11 <- 0x0000000000000000

mem[X,0x0000000080002548] -> 0x3103
mem[X,0x000000008000254A] -> 0x2901
[565] [M]: 0x0000000080002548 (0x29013103) ld x2, 0x290(x2)                         resto_Mrtn+24
mem[R,0x0000000080006290] -> 0x01FDDB7D5BFDDB7F
x2 <- 0x01FDDB7D5BFDDB7F

clint mtime 0x000000000000011B (mip.MTI <- 0b1, mip.STI <- 0b0)
mem[X,0x000000008000254C] -> 0x0073
mem[X,0x000000008000254E] -> 0x3020
[566] [M]: 0x000000008000254C (0x30200073) mret                                     resto_Mrtn+28
CSR mstatus (0x300) <- 0x0000000A00000080
ret-ing from M to S

mem[X,0x00000000800005C8] -> 0x0013
mem[X,0x00000000800005CA] -> 0x0000
[567] [S]: 0x00000000800005C8 (0x00000013) addi x0, x0, 0x0                         main+488

clint mtime 0x000000000000011C (mip.MTI <- 0b1, mip.STI <- 0b0)
mem[X,0x00000000800005CC] -> 0x0713
mem[X,0x00000000800005CE] -> 0x0087
[568] [S]: 0x00000000800005CC (0x00870713) addi x14, x14, 0x8                       main+492
x14 <- 0x0000000080002004

mem[X,0x00000000800005D0] -> 0x0013
mem[X,0x00000000800005D2] -> 0x0000
[569] [S]: 0x00000000800005D0 (0x00000013) addi x0, x0, 0x0                         main+496

clint mtime 0x000000000000011D (mip.MTI <- 0b1, mip.STI <- 0b0)
mem[X,0x00000000800005D4] -> 0x0013
mem[X,0x00000000800005D6] -> 0x0000
[570] [S]: 0x00000000800005D4 (0x00000013) addi x0, x0, 0x0                         main+500

mem[X,0x00000000800005D8] -> 0x0013
mem[X,0x00000000800005DA] -> 0x0000
[571] [S]: 0x00000000800005D8 (0x00000013) addi x0, x0, 0x0                         main+504

clint mtime 0x000000000000011E (mip.MTI <- 0b1, mip.STI <- 0b0)
mem[X,0x00000000800005DC] -> 0x0013
mem[X,0x00000000800005DE] -> 0x0000
[572] [S]: 0x00000000800005DC (0x00000013) addi x0, x0, 0x0                         main+508

mem[X,0x00000000800005E0] -> 0x0217
mem[X,0x00000000800005E2] -> 0x0000
[573] [S]: 0x00000000800005E0 (0x00000217) auipc x4, 0x0                            main+512
x4 <- 0x00000000800005E0

clint mtime 0x000000000000011F (mip.MTI <- 0b1, mip.STI <- 0b0)
mem[X,0x00000000800005E4] -> 0x0213
mem[X,0x00000000800005E6] -> 0x0282
[574] [S]: 0x00000000800005E4 (0x02820213) addi x4, x4, 0x28                        main+516
x4 <- 0x0000000080000608

mem[X,0x00000000800005E8] -> 0x0001
[575] [S]: 0x00000000800005E8 (0x0001) c.nop                                        main+520

clint mtime 0x0000000000000120 (mip.MTI <- 0b1, mip.STI <- 0b0)
mem[X,0x00000000800005EA] -> 0x0013
mem[X,0x00000000800005EC] -> 0x0000
[576] [S]: 0x00000000800005EA (0x00000013) addi x0, x0, 0x0                         main+522

mem[X,0x00000000800005EE] -> 0x0013
mem[X,0x00000000800005F0] -> 0x0000
[577] [S]: 0x00000000800005EE (0x00000013) addi x0, x0, 0x0                         main+526

clint mtime 0x0000000000000121 (mip.MTI <- 0b1, mip.STI <- 0b0)
mem[X,0x00000000800005F2] -> 0x0013
mem[X,0x00000000800005F4] -> 0x0000
[578] [S]: 0x00000000800005F2 (0x00000013) addi x0, x0, 0x0                         main+530

mem[X,0x00000000800005F6] -> 0x0013
mem[X,0x00000000800005F8] -> 0x0000
[579] [S]: 0x00000000800005F6 (0x00000013) addi x0, x0, 0x0                         main+534

clint mtime 0x0000000000000122 (mip.MTI <- 0b1, mip.STI <- 0b0)
mem[X,0x00000000800005FA] -> 0x0013
mem[X,0x00000000800005FC] -> 0x0000
[580] [S]: 0x00000000800005FA (0x00000013) addi x0, x0, 0x0                         main+538

mem[X,0x00000000800005FE] -> 0x0001
[581] [S]: 0x00000000800005FE (0x0001) c.nop                                        main+542

clint mtime 0x0000000000000123 (mip.MTI <- 0b1, mip.STI <- 0b0)
mem[X,0x0000000080000600] -> 0x00E7
mem[X,0x0000000080000602] -> 0x0007
[582] [S]: 0x0000000080000600 (0x000700E7) jalr x1, 0x0(x14)                        main+544
x1 <- 0x0000000080000604

mem[X,0x0000000080002004] -> 0x0013
mem[X,0x0000000080002006] -> 0x0000
[583] [S]: 0x0000000080002004 (0x00000013) addi x0, x0, 0x0                         TEST_FOR_EXECUTION+4

clint mtime 0x0000000000000124 (mip.MTI <- 0b1, mip.STI <- 0b0)
mem[X,0x0000000080002008] -> 0x0013
mem[X,0x000000008000200A] -> 0x0000
[584] [S]: 0x0000000080002008 (0x00000013) addi x0, x0, 0x0                         RETURN_INSTRUCTION+0

mem[X,0x000000008000200C] -> 0x0013
mem[X,0x000000008000200E] -> 0x0000
[585] [S]: 0x000000008000200C (0x00000013) addi x0, x0, 0x0                         RETURN_INSTRUCTION+4

clint mtime 0x0000000000000125 (mip.MTI <- 0b1, mip.STI <- 0b0)
mem[X,0x0000000080002010] -> 0x8067
mem[X,0x0000000080002012] -> 0x0000
[586] [S]: 0x0000000080002010 (0x00008067) jalr x0, 0x0(x1)                         RETURN_INSTRUCTION+8

mem[X,0x0000000080000604] -> 0x0013
mem[X,0x0000000080000606] -> 0x0000
[587] [S]: 0x0000000080000604 (0x00000013) addi x0, x0, 0x0                         main+548

clint mtime 0x0000000000000126 (mip.MTI <- 0b1, mip.STI <- 0b0)
mem[X,0x0000000080000608] -> 0x0013
mem[X,0x000000008000060A] -> 0x0000
[588] [S]: 0x0000000080000608 (0x00000013) addi x0, x0, 0x0                         main+552

mem[X,0x000000008000060C] -> 0x0293
mem[X,0x000000008000060E] -> 0xFFC0
[589] [S]: 0x000000008000060C (0xFFC00293) addi x5, x0, -0x4                        main+556
x5 <- 0xFFFFFFFFFFFFFFFC

clint mtime 0x0000000000000127 (mip.MTI <- 0b1, mip.STI <- 0b0)
mem[X,0x0000000080000610] -> 0x0733
mem[X,0x0000000080000612] -> 0x0057
[590] [S]: 0x0000000080000610 (0x00570733) add x14, x14, x5                         main+560
x14 <- 0x0000000080002000

mem[X,0x0000000080000614] -> 0x0013
mem[X,0x0000000080000616] -> 0x0000
[591] [S]: 0x0000000080000614 (0x00000013) addi x0, x0, 0x0                         main+564

clint mtime 0x0000000000000128 (mip.MTI <- 0b1, mip.STI <- 0b0)
mem[X,0x0000000080000618] -> 0x0013
mem[X,0x000000008000061A] -> 0x0000
[592] [S]: 0x0000000080000618 (0x00000013) addi x0, x0, 0x0                         main+568

mem[X,0x000000008000061C] -> 0x0013
mem[X,0x000000008000061E] -> 0x0000
[593] [S]: 0x000000008000061C (0x00000013) addi x0, x0, 0x0                         main+572

clint mtime 0x0000000000000129 (mip.MTI <- 0b1, mip.STI <- 0b0)
mem[X,0x0000000080000620] -> 0x0217
mem[X,0x0000000080000622] -> 0x0000
[594] [S]: 0x0000000080000620 (0x00000217) auipc x4, 0x0                            main+576
x4 <- 0x0000000080000620

mem[X,0x0000000080000624] -> 0x0213
mem[X,0x0000000080000626] -> 0x0282
[595] [S]: 0x0000000080000624 (0x02820213) addi x4, x4, 0x28                        main+580
x4 <- 0x0000000080000648

clint mtime 0x000000000000012A (mip.MTI <- 0b1, mip.STI <- 0b0)
mem[X,0x0000000080000628] -> 0x0001
[596] [S]: 0x0000000080000628 (0x0001) c.nop                                        main+584

mem[X,0x000000008000062A] -> 0x0013
mem[X,0x000000008000062C] -> 0x0000
[597] [S]: 0x000000008000062A (0x00000013) addi x0, x0, 0x0                         main+586

clint mtime 0x000000000000012B (mip.MTI <- 0b1, mip.STI <- 0b0)
mem[X,0x000000008000062E] -> 0x0013
mem[X,0x0000000080000630] -> 0x0000
[598] [S]: 0x000000008000062E (0x00000013) addi x0, x0, 0x0                         main+590

mem[X,0x0000000080000632] -> 0x0013
mem[X,0x0000000080000634] -> 0x0000
[599] [S]: 0x0000000080000632 (0x00000013) addi x0, x0, 0x0                         main+594

clint mtime 0x000000000000012C (mip.MTI <- 0b1, mip.STI <- 0b0)
mem[X,0x0000000080000636] -> 0x0013
mem[X,0x0000000080000638] -> 0x0000
[600] [S]: 0x0000000080000636 (0x00000013) addi x0, x0, 0x0                         main+598

mem[X,0x000000008000063A] -> 0x0013
mem[X,0x000000008000063C] -> 0x0000
[601] [S]: 0x000000008000063A (0x00000013) addi x0, x0, 0x0                         main+602

clint mtime 0x000000000000012D (mip.MTI <- 0b1, mip.STI <- 0b0)
mem[X,0x000000008000063E] -> 0x0001
[602] [S]: 0x000000008000063E (0x0001) c.nop                                        main+606

mem[X,0x0000000080000640] -> 0x00E7
mem[X,0x0000000080000642] -> 0x0007
[603] [S]: 0x0000000080000640 (0x000700E7) jalr x1, 0x0(x14)                        main+608
x1 <- 0x0000000080000644

clint mtime 0x000000000000012E (mip.MTI <- 0b1, mip.STI <- 0b0)
trapping from S to M to handle fetch-access-fault
handling exc#fetch-access-fault at priv M with tval 0x0000000080002000
CSR mstatus (0x300) <- 0x0000000A00000800
CSR mcause (0x342) <- 0x0000000000000001
CSR mtval (0x343) <- 0x0000000080002000
CSR mepc (0x341) <- 0x0000000080002000

mem[X,0x0000000080002100] -> 0x006F
mem[X,0x0000000080002102] -> 0x1000
[605] [M]: 0x0000000080002100 (0x1000006F) jal x0, 0x100                            Mtrampoline+0

clint mtime 0x000000000000012F (mip.MTI <- 0b1, mip.STI <- 0b0)
mem[X,0x0000000080002200] -> 0x1173
mem[X,0x0000000080002202] -> 0x3401
[606] [M]: 0x0000000080002200 (0x34011173) csrrw x2, mscratch, x2                   trap_Mhandler+0
CSR mscratch (0x340) <- 0x01FDDB7D5BFDDB7F
x2 <- 0x0000000080006000

mem[X,0x0000000080002204] -> 0x3423
mem[X,0x0000000080002206] -> 0x28B1
[607] [M]: 0x0000000080002204 (0x28B13423) sd x11, 0x288(x2)                        trap_Mhandler+4
mem[W,0x0000000080006288] <- 0x0000000000000000

clint mtime 0x0000000000000130 (mip.MTI <- 0b1, mip.STI <- 0b0)
mem[X,0x0000000080002208] -> 0x05EF
mem[X,0x000000008000220A] -> 0x0B80
[608] [M]: 0x0000000080002208 (0x0B8005EF) jal x11, 0xb8                            trap_Mhandler+8
x11 <- 0x000000008000220C

mem[X,0x00000000800022C0] -> 0x3023
mem[X,0x00000000800022C2] -> 0x28A1
[609] [M]: 0x00000000800022C0 (0x28A13023) sd x10, 0x280(x2)                        common_Mhandler+0
mem[W,0x0000000080006280] <- 0x0000000000000001

clint mtime 0x0000000000000131 (mip.MTI <- 0b1, mip.STI <- 0b0)
mem[X,0x00000000800022C4] -> 0x1573
mem[X,0x00000000800022C6] -> 0x3401
[610] [M]: 0x00000000800022C4 (0x34011573) csrrw x10, mscratch, x2                  common_Mhandler+4
CSR mscratch (0x340) <- 0x0000000080006000
x10 <- 0x01FDDB7D5BFDDB7F

mem[X,0x00000000800022C8] -> 0x3823
mem[X,0x00000000800022CA] -> 0x28A1
[611] [M]: 0x00000000800022C8 (0x28A13823) sd x10, 0x290(x2)                        common_Mhandler+8
mem[W,0x0000000080006290] <- 0x01FDDB7D5BFDDB7F

clint mtime 0x0000000000000132 (mip.MTI <- 0b1, mip.STI <- 0b0)
mem[X,0x00000000800022CC] -> 0x3503
mem[X,0x00000000800022CE] -> 0x2301
[612] [M]: 0x00000000800022CC (0x23013503) ld x10, 0x230(x2)                        common_Mhandler+12
mem[R,0x0000000080006230] -> 0x00000000800022D4
x10 <- 0x00000000800022D4

mem[X,0x00000000800022D0] -> 0x0067
mem[X,0x00000000800022D2] -> 0x0005
[613] [M]: 0x00000000800022D0 (0x00050067) jalr x0, 0x0(x10)                        common_Mhandler+16

clint mtime 0x0000000000000133 (mip.MTI <- 0b1, mip.STI <- 0b0)
mem[X,0x00000000800022D4] -> 0x3C23
mem[X,0x00000000800022D6] -> 0x2691
[614] [M]: 0x00000000800022D4 (0x26913C23) sd x9, 0x278(x2)                         common_Mentry+0
mem[W,0x0000000080006278] <- 0x0000000000000000

mem[X,0x00000000800022D8] -> 0x3823
mem[X,0x00000000800022DA] -> 0x2681
[615] [M]: 0x00000000800022D8 (0x26813823) sd x8, 0x270(x2)                         common_Mentry+4
mem[W,0x0000000080006270] <- 0x0000000000007F76

clint mtime 0x0000000000000134 (mip.MTI <- 0b1, mip.STI <- 0b0)
mem[X,0x00000000800022DC] -> 0x3423
mem[X,0x00000000800022DE] -> 0x2671
[616] [M]: 0x00000000800022DC (0x26713423) sd x7, 0x268(x2)                         common_Mentry+8
mem[W,0x0000000080006268] <- 0x0000000080006000

mem[X,0x00000000800022E0] -> 0x3023
mem[X,0x00000000800022E2] -> 0x2661
[617] [M]: 0x00000000800022E0 (0x26613023) sd x6, 0x260(x2)                         common_Mentry+12
mem[W,0x0000000080006260] <- 0x0000000000000010

clint mtime 0x0000000000000135 (mip.MTI <- 0b1, mip.STI <- 0b0)
mem[X,0x00000000800022E4] -> 0x2573
mem[X,0x00000000800022E6] -> 0x3420
[618] [M]: 0x00000000800022E4 (0x34202573) csrrs x10, mcause, x0                    spcl_M2mmode_test+0
CSR mcause (0x342) -> 0x0000000000000001
x10 <- 0x0000000000000001

mem[X,0x00000000800022E8] -> 0x04B7
mem[X,0x00000000800022EA] -> 0x8000
[619] [M]: 0x00000000800022E8 (0x800004B7) lui x9, -0x80000                         spcl_M2mmode_test+4
x9 <- 0xFFFFFFFF80000000

clint mtime 0x0000000000000136 (mip.MTI <- 0b1, mip.STI <- 0b0)
mem[X,0x00000000800022EC] -> 0x8493
mem[X,0x00000000800022EE] -> 0x0004
[620] [M]: 0x00000000800022EC (0x00048493) addi x9, x9, 0x0                         spcl_M2mmode_test+8
x9 <- 0xFFFFFFFF80000000

mem[X,0x00000000800022F0] -> 0x9493
mem[X,0x00000000800022F2] -> 0x00B4
[621] [M]: 0x00000000800022F0 (0x00B49493) slli x9, x9, 0xb                         spcl_M2mmode_test+12
x9 <- 0xFFFFFC0000000000

clint mtime 0x0000000000000137 (mip.MTI <- 0b1, mip.STI <- 0b0)
mem[X,0x00000000800022F4] -> 0x8493
mem[X,0x00000000800022F6] -> 0x0004
[622] [M]: 0x00000000800022F4 (0x00048493) addi x9, x9, 0x0                         spcl_M2mmode_test+16
x9 <- 0xFFFFFC0000000000

mem[X,0x00000000800022F8] -> 0x9493
mem[X,0x00000000800022FA] -> 0x00B4
[623] [M]: 0x00000000800022F8 (0x00B49493) slli x9, x9, 0xb                         spcl_M2mmode_test+20
x9 <- 0xFFE0000000000000

clint mtime 0x0000000000000138 (mip.MTI <- 0b1, mip.STI <- 0b0)
mem[X,0x00000000800022FC] -> 0x8493
mem[X,0x00000000800022FE] -> 0x0034
[624] [M]: 0x00000000800022FC (0x00348493) addi x9, x9, 0x3                         spcl_M2mmode_test+24
x9 <- 0xFFE0000000000003

mem[X,0x0000000080002300] -> 0x9493
mem[X,0x0000000080002302] -> 0x00A4
[625] [M]: 0x0000000080002300 (0x00A49493) slli x9, x9, 0xa                         spcl_M2mmode_test+28
x9 <- 0x8000000000000C00

clint mtime 0x0000000000000139 (mip.MTI <- 0b1, mip.STI <- 0b0)
mem[X,0x0000000080002304] -> 0x8493
mem[X,0x0000000080002306] -> 0x3FC4
[626] [M]: 0x0000000080002304 (0x3FC48493) addi x9, x9, 0x3fc                       spcl_M2mmode_test+32
x9 <- 0x8000000000000FFC

mem[X,0x0000000080002308] -> 0xF4B3
mem[X,0x000000008000230A] -> 0x00A4
[627] [M]: 0x0000000080002308 (0x00A4F4B3) and x9, x9, x10                          spcl_M2mmode_test+36
x9 <- 0x0000000000000000

clint mtime 0x000000000000013A (mip.MTI <- 0b1, mip.STI <- 0b0)
mem[X,0x000000008000230C] -> 0x8493
mem[X,0x000000008000230E] -> 0xFF84
[628] [M]: 0x000000008000230C (0xFF848493) addi x9, x9, -0x8                        spcl_M2mmode_test+40
x9 <- 0xFFFFFFFFFFFFFFF8

mem[X,0x0000000080002310] -> 0x9663
mem[X,0x0000000080002312] -> 0x0004
[629] [M]: 0x0000000080002310 (0x00049663) bne x9, x0, 0xc                          spcl_M2mmode_test+44

clint mtime 0x000000000000013B (mip.MTI <- 0b1, mip.STI <- 0b0)
mem[X,0x000000008000231C] -> 0x0393
mem[X,0x000000008000231E] -> 0x0200
[630] [M]: 0x000000008000231C (0x02000393) addi x7, x0, 0x20                        Mtrapsig_ptr_upd+0
x7 <- 0x0000000000000020

mem[X,0x0000000080002320] -> 0x5263
mem[X,0x0000000080002322] -> 0x0405
[631] [M]: 0x0000000080002320 (0x04055263) bge x10, x0, 0x44                        Mtrapsig_ptr_upd+4

clint mtime 0x000000000000013C (mip.MTI <- 0b1, mip.STI <- 0b0)
mem[X,0x0000000080002364] -> 0x2373
mem[X,0x0000000080002366] -> 0x3010
[632] [M]: 0x0000000080002364 (0x30102373) csrrs x6, misa, x0                       Mxcpt_sig_sv+0
CSR misa (0x301) -> 0x800000000034112F
x6 <- 0x800000000034112F

mem[X,0x0000000080002368] -> 0x1313
mem[X,0x000000008000236A] -> 0x0383
[633] [M]: 0x0000000080002368 (0x03831313) slli x6, x6, 0x38                        Mxcpt_sig_sv+4
x6 <- 0x2F00000000000000

clint mtime 0x000000000000013D (mip.MTI <- 0b1, mip.STI <- 0b0)
mem[X,0x000000008000236C] -> 0x5463
mem[X,0x000000008000236E] -> 0x0003
[634] [M]: 0x000000008000236C (0x00035463) bge x6, x0, 0x8                          Mxcpt_sig_sv+8

mem[X,0x0000000080002374] -> 0x3303
mem[X,0x0000000080002376] -> 0x2181
[635] [M]: 0x0000000080002374 (0x21813303) ld x6, 0x218(x2)                         Mtrap_sig_sv+0
mem[R,0x0000000080006218] -> 0x0000000080007360
x6 <- 0x0000000080007360

clint mtime 0x000000000000013E (mip.MTI <- 0b1, mip.STI <- 0b0)
mem[X,0x0000000080002378] -> 0x04B3
mem[X,0x000000008000237A] -> 0x0073
[636] [M]: 0x0000000080002378 (0x007304B3) add x9, x6, x7                           Mtrap_sig_sv+4
x9 <- 0x0000000080007380

mem[X,0x000000008000237C] -> 0x3C23
mem[X,0x000000008000237E] -> 0x2091
[637] [M]: 0x000000008000237C (0x20913C23) sd x9, 0x218(x2)                         Mtrap_sig_sv+8
mem[W,0x0000000080006218] <- 0x0000000080007380

clint mtime 0x000000000000013F (mip.MTI <- 0b1, mip.STI <- 0b0)
mem[X,0x0000000080002380] -> 0x3403
mem[X,0x0000000080002382] -> 0x1F81
[638] [M]: 0x0000000080002380 (0x1F813403) ld x8, 0x1f8(x2)                         Mtrap_sig_sv+12
mem[R,0x00000000800061F8] -> 0x0000000080007210
x8 <- 0x0000000080007210

mem[X,0x0000000080002384] -> 0x0333
mem[X,0x0000000080002386] -> 0x4083
[639] [M]: 0x0000000080002384 (0x40830333) sub x6, x6, x8                           Mtrap_sig_sv+16
x6 <- 0x0000000000000150

clint mtime 0x0000000000000140 (mip.MTI <- 0b1, mip.STI <- 0b0)
mem[X,0x0000000080002388] -> 0x3403
mem[X,0x000000008000238A] -> 0x1F81
[640] [M]: 0x0000000080002388 (0x1F813403) ld x8, 0x1f8(x2)                         Mtrap_sig_sv+20
mem[R,0x00000000800061F8] -> 0x0000000080007210
x8 <- 0x0000000080007210

mem[X,0x000000008000238C] -> 0x0333
mem[X,0x000000008000238E] -> 0x0083
[641] [M]: 0x000000008000238C (0x00830333) add x6, x6, x8                           Mtrap_sig_sv+24
x6 <- 0x0000000080007360

clint mtime 0x0000000000000141 (mip.MTI <- 0b1, mip.STI <- 0b0)
mem[X,0x0000000080002390] -> 0x3403
mem[X,0x0000000080002392] -> 0x2401
[642] [M]: 0x0000000080002390 (0x24013403) ld x8, 0x240(x2)                         Mtrap_sig_sv+28
mem[R,0x0000000080006240] -> 0x0000000080002100
x8 <- 0x0000000080002100

mem[X,0x0000000080002394] -> 0x85B3
mem[X,0x0000000080002396] -> 0x4085
[643] [M]: 0x0000000080002394 (0x408585B3) sub x11, x11, x8                         sv_Mvect+0
x11 <- 0x000000000000010C

clint mtime 0x0000000000000142 (mip.MTI <- 0b1, mip.STI <- 0b0)
mem[X,0x0000000080002398] -> 0x9593
mem[X,0x000000008000239A] -> 0x0045
[644] [M]: 0x0000000080002398 (0x00459593) slli x11, x11, 0x4                       sv_Mvect+4
x11 <- 0x00000000000010C0

mem[X,0x000000008000239C] -> 0xE5B3
mem[X,0x000000008000239E] -> 0x0075
[645] [M]: 0x000000008000239C (0x0075E5B3) or x11, x11, x7                          sv_Mvect+8
x11 <- 0x00000000000010E0

clint mtime 0x0000000000000143 (mip.MTI <- 0b1, mip.STI <- 0b0)
mem[X,0x00000000800023A0] -> 0x8593
mem[X,0x00000000800023A2] -> 0x0035
[646] [M]: 0x00000000800023A0 (0x00358593) addi x11, x11, 0x3                       sv_Mvect+12
x11 <- 0x00000000000010E3

mem[X,0x00000000800023A4] -> 0x3023
mem[X,0x00000000800023A6] -> 0x00B3
[647] [M]: 0x00000000800023A4 (0x00B33023) sd x11, 0x0(x6)                          sv_Mvect+16
mem[W,0x0000000080007360] <- 0x00000000000010E3

clint mtime 0x0000000000000144 (mip.MTI <- 0b1, mip.STI <- 0b0)
mem[X,0x00000000800023A8] -> 0x3423
mem[X,0x00000000800023AA] -> 0x00A3
[648] [M]: 0x00000000800023A8 (0x00A33423) sd x10, 0x8(x6)                          sv_Mcause+0
mem[W,0x0000000080007368] <- 0x0000000000000001

mem[X,0x00000000800023AC] -> 0x4263
mem[X,0x00000000800023AE] -> 0x1A05
[649] [M]: 0x00000000800023AC (0x1A054263) blt x10, x0, 0x1a4                       sv_Mcause+4

clint mtime 0x0000000000000145 (mip.MTI <- 0b1, mip.STI <- 0b0)
mem[X,0x00000000800023B0] -> 0x25F3
mem[X,0x00000000800023B2] -> 0x3000
[650] [M]: 0x00000000800023B0 (0x300025F3) csrrs x11, mstatus, x0                   common_Mexcpt_handler+0
CSR mstatus (0x300) -> 0x0000000A00000800
x11 <- 0x0000000A00000800

mem[X,0x00000000800023B4] -> 0x9413
mem[X,0x00000000800023B6] -> 0x02E5
[651] [M]: 0x00000000800023B4 (0x02E59413) slli x8, x11, 0x2e                       common_Mexcpt_handler+4
x8 <- 0x0200000000000000

clint mtime 0x0000000000000146 (mip.MTI <- 0b1, mip.STI <- 0b0)
mem[X,0x00000000800023B8] -> 0x5463
mem[X,0x00000000800023BA] -> 0x0004
[652] [M]: 0x00000000800023B8 (0x00045463) bge x8, x0, 0x8                          common_Mexcpt_handler+8

mem[X,0x00000000800023C0] -> 0xD493
mem[X,0x00000000800023C2] -> 0x00B5
[653] [M]: 0x00000000800023C0 (0x00B5D493) srli x9, x11, 0xb                        common_Mexcpt_handler+16
x9 <- 0x0000000001400001

clint mtime 0x0000000000000147 (mip.MTI <- 0b1, mip.STI <- 0b0)
mem[X,0x00000000800023C4] -> 0xF493
mem[X,0x00000000800023C6] -> 0x0034
[654] [M]: 0x00000000800023C4 (0x0034F493) andi x9, x9, 0x3                         common_Mexcpt_handler+20
x9 <- 0x0000000000000001

mem[X,0x00000000800023C8] -> 0x8493
mem[X,0x00000000800023CA] -> 0x0014
[655] [M]: 0x00000000800023C8 (0x00148493) addi x9, x9, 0x1                         common_Mexcpt_handler+24
x9 <- 0x0000000000000002

clint mtime 0x0000000000000148 (mip.MTI <- 0b1, mip.STI <- 0b0)
mem[X,0x00000000800023CC] -> 0xF493
mem[X,0x00000000800023CE] -> 0x0044
[656] [M]: 0x00000000800023CC (0x0044F493) andi x9, x9, 0x4                         common_Mexcpt_handler+28
x9 <- 0x0000000000000000

mem[X,0x00000000800023D0] -> 0x0593
mem[X,0x00000000800023D2] -> 0x05D0
[657] [M]: 0x00000000800023D0 (0x05D00593) addi x11, x0, 0x5d                       common_Mexcpt_handler+32
x11 <- 0x000000000000005D

clint mtime 0x0000000000000149 (mip.MTI <- 0b1, mip.STI <- 0b0)
mem[X,0x00000000800023D4] -> 0xD5B3
mem[X,0x00000000800023D6] -> 0x0095
[658] [M]: 0x00000000800023D4 (0x0095D5B3) srl x11, x11, x9                         common_Mexcpt_handler+36
x11 <- 0x000000000000005D

mem[X,0x00000000800023D8] -> 0xF593
mem[X,0x00000000800023DA] -> 0x0015
[659] [M]: 0x00000000800023D8 (0x0015F593) andi x11, x11, 0x1                       common_Mexcpt_handler+40
x11 <- 0x0000000000000001

clint mtime 0x000000000000014A (mip.MTI <- 0b1, mip.STI <- 0b0)
mem[X,0x00000000800023DC] -> 0x8EE3
mem[X,0x00000000800023DE] -> 0xF405
[660] [M]: 0x00000000800023DC (0xF4058EE3) beq x11, x0, -0xa4                       common_Mexcpt_handler+44

mem[X,0x00000000800023E0] -> 0x0593
mem[X,0x00000000800023E2] -> 0x2980
[661] [M]: 0x00000000800023E0 (0x29800593) addi x11, x0, 0x298                      common_Mexcpt_handler+48
x11 <- 0x0000000000000298

clint mtime 0x000000000000014B (mip.MTI <- 0b1, mip.STI <- 0b0)
mem[X,0x00000000800023E4] -> 0xF413
mem[X,0x00000000800023E6] -> 0x0014
[662] [M]: 0x00000000800023E4 (0x0014F413) andi x8, x9, 0x1                         common_Mexcpt_handler+52
x8 <- 0x0000000000000000

mem[X,0x00000000800023E8] -> 0x95B3
mem[X,0x00000000800023EA] -> 0x0085
[663] [M]: 0x00000000800023E8 (0x008595B3) sll x11, x11, x8                         common_Mexcpt_handler+56
x11 <- 0x0000000000000298

clint mtime 0x000000000000014C (mip.MTI <- 0b1, mip.STI <- 0b0)
mem[X,0x00000000800023EC] -> 0x9413
mem[X,0x00000000800023EE] -> 0x03D4
[664] [M]: 0x00000000800023EC (0x03D49413) slli x8, x9, 0x3d                        common_Mexcpt_handler+60
x8 <- 0x0000000000000000

mem[X,0x00000000800023F0] -> 0x5413
mem[X,0x00000000800023F2] -> 0x43F4
[665] [M]: 0x00000000800023F0 (0x43F45413) srai x8, x8, 0x3f                        common_Mexcpt_handler+64
x8 <- 0x0000000000000000

clint mtime 0x000000000000014D (mip.MTI <- 0b1, mip.STI <- 0b0)
mem[X,0x00000000800023F4] -> 0x4413
mem[X,0x00000000800023F6] -> 0xFFF4
[666] [M]: 0x00000000800023F4 (0xFFF44413) xori x8, x8, -0x1                        common_Mexcpt_handler+68
x8 <- 0xFFFFFFFFFFFFFFFF

mem[X,0x00000000800023F8] -> 0xF4B3
mem[X,0x00000000800023FA] -> 0x0085
[667] [M]: 0x00000000800023F8 (0x0085F4B3) and x9, x11, x8                          common_Mexcpt_handler+72
x9 <- 0x0000000000000298

clint mtime 0x000000000000014E (mip.MTI <- 0b1, mip.STI <- 0b0)
mem[X,0x00000000800023FC] -> 0x84B3
mem[X,0x00000000800023FE] -> 0x0024
[668] [M]: 0x00000000800023FC (0x002484B3) add x9, x9, x2                           vmem_adj_Mepc+0
x9 <- 0x0000000080006298

mem[X,0x0000000080002400] -> 0x23F3
mem[X,0x0000000080002402] -> 0x3410
[669] [M]: 0x0000000080002400 (0x341023F3) csrrs x7, mepc, x0                       vmem_adj_Mepc+4
CSR mepc (0x341) -> 0x0000000080002000
x7 <- 0x0000000080002000

clint mtime 0x000000000000014F (mip.MTI <- 0b1, mip.STI <- 0b0)
mem[X,0x0000000080002404] -> 0x0413
mem[X,0x0000000080002406] -> 0x0004
[670] [M]: 0x0000000080002404 (0x00040413) addi x8, x8, 0x0                         vmem_adj_Mepc+8
x8 <- 0xFFFFFFFFFFFFFFFF

mem[X,0x0000000080002408] -> 0x006F
mem[X,0x000000008000240A] -> 0x0400
[671] [M]: 0x0000000080002408 (0x0400006F) jal x0, 0x40                             vmem_adj_Mepc+12

clint mtime 0x0000000000000150 (mip.MTI <- 0b1, mip.STI <- 0b0)
mem[X,0x0000000080002448] -> 0x8433
mem[X,0x000000008000244A] -> 0x4083
[672] [M]: 0x0000000080002448 (0x40838433) sub x8, x7, x8                           adj_Mepc+0
x8 <- 0x0000000080002001

mem[X,0x000000008000244C] -> 0x3823
mem[X,0x000000008000244E] -> 0x0083
[673] [M]: 0x000000008000244C (0x00833823) sd x8, 0x10(x6)                          sv_Mepc+0
mem[W,0x0000000080007370] <- 0x0000000080002001

clint mtime 0x0000000000000151 (mip.MTI <- 0b1, mip.STI <- 0b0)
mem[X,0x0000000080002450] -> 0x55B7
mem[X,0x0000000080002452] -> 0x0000
[674] [M]: 0x0000000080002450 (0x000055B7) lui x11, 0x5                             sv_Mepc+4
x11 <- 0x0000000000005000

mem[X,0x0000000080002454] -> 0x8593
mem[X,0x0000000080002456] -> 0x6675
[675] [M]: 0x0000000080002454 (0x66758593) addi x11, x11, 0x667                     sv_Mepc+8
x11 <- 0x0000000000005667

clint mtime 0x0000000000000152 (mip.MTI <- 0b1, mip.STI <- 0b0)
mem[X,0x0000000080002458] -> 0x9593
mem[X,0x000000008000245A] -> 0x0015
[676] [M]: 0x0000000080002458 (0x00159593) slli x11, x11, 0x1                       sv_Mepc+12
x11 <- 0x000000000000ACCE

mem[X,0x000000008000245C] -> 0x9063
mem[X,0x000000008000245E] -> 0x02B1
[677] [M]: 0x000000008000245C (0x02B19063) bne x3, x11, 0x20                        sv_Mepc+16

clint mtime 0x0000000000000153 (mip.MTI <- 0b1, mip.STI <- 0b0)
mem[X,0x0000000080002460] -> 0x2473
mem[X,0x0000000080002462] -> 0x3420
[678] [M]: 0x0000000080002460 (0x34202473) csrrs x8, mcause, x0                     sv_Mepc+20
CSR mcause (0x342) -> 0x0000000000000001
x8 <- 0x0000000000000001

mem[X,0x0000000080002464] -> 0x0593
mem[X,0x0000000080002466] -> 0x00C0
[679] [M]: 0x0000000080002464 (0x00C00593) addi x11, x0, 0xc                        sv_Mepc+24
x11 <- 0x000000000000000C

clint mtime 0x0000000000000154 (mip.MTI <- 0b1, mip.STI <- 0b0)
mem[X,0x0000000080002468] -> 0x0663
mem[X,0x000000008000246A] -> 0x00B4
[680] [M]: 0x0000000080002468 (0x00B40663) beq x8, x11, 0xc                         sv_Mepc+28

mem[X,0x000000008000246C] -> 0x0593
mem[X,0x000000008000246E] -> 0x0010
[681] [M]: 0x000000008000246C (0x00100593) addi x11, x0, 0x1                        sv_Mepc+32
x11 <- 0x0000000000000001

clint mtime 0x0000000000000155 (mip.MTI <- 0b1, mip.STI <- 0b0)
mem[X,0x0000000080002470] -> 0x1663
mem[X,0x0000000080002472] -> 0x00B4
[682] [M]: 0x0000000080002470 (0x00B41663) bne x8, x11, 0xc                         sv_Mepc+36

mem[X,0x0000000080002474] -> 0x1073
mem[X,0x0000000080002476] -> 0x3412
[683] [M]: 0x0000000080002474 (0x34121073) csrrw x0, mepc, x4                       sv_Mepc+40
CSR mepc (0x341) <- 0x0000000080000648

clint mtime 0x0000000000000156 (mip.MTI <- 0b1, mip.STI <- 0b0)
mem[X,0x0000000080002478] -> 0x006F
mem[X,0x000000008000247A] -> 0x0100
[684] [M]: 0x0000000080002478 (0x0100006F) jal x0, 0x10                             sv_Mepc+44

mem[X,0x0000000080002488] -> 0x23F3
mem[X,0x000000008000248A] -> 0x3430
[685] [M]: 0x0000000080002488 (0x343023F3) csrrs x7, mtval, x0                      skp_adj_Mepc+0
CSR mtval (0x343) -> 0x0000000080002000
x7 <- 0x0000000080002000

clint mtime 0x0000000000000157 (mip.MTI <- 0b1, mip.STI <- 0b0)
mem[X,0x000000008000248C] -> 0x7513
mem[X,0x000000008000248E] -> 0x00F5
[686] [M]: 0x000000008000248C (0x00F57513) andi x10, x10, 0xf                       chk_Mtval+0
x10 <- 0x0000000000000001

mem[X,0x0000000080002490] -> 0x0437
mem[X,0x0000000080002492] -> 0x0000
[687] [M]: 0x0000000080002490 (0x00000437) lui x8, 0x0                              chk_Mtval+4
x8 <- 0x0000000000000000

clint mtime 0x0000000000000158 (mip.MTI <- 0b1, mip.STI <- 0b0)
mem[X,0x0000000080002494] -> 0x0413
mem[X,0x0000000080002496] -> 0x0004
[688] [M]: 0x0000000080002494 (0x00040413) addi x8, x8, 0x0                         chk_Mtval+8
x8 <- 0x0000000000000000

mem[X,0x0000000080002498] -> 0x1413
mem[X,0x000000008000249A] -> 0x00B4
[689] [M]: 0x0000000080002498 (0x00B41413) slli x8, x8, 0xb                         chk_Mtval+12
x8 <- 0x0000000000000000

clint mtime 0x0000000000000159 (mip.MTI <- 0b1, mip.STI <- 0b0)
mem[X,0x000000008000249C] -> 0x0413
mem[X,0x000000008000249E] -> 0x0004
[690] [M]: 0x000000008000249C (0x00040413) addi x8, x8, 0x0                         chk_Mtval+16
x8 <- 0x0000000000000000

mem[X,0x00000000800024A0] -> 0x1413
mem[X,0x00000000800024A2] -> 0x00B4
[691] [M]: 0x00000000800024A0 (0x00B41413) slli x8, x8, 0xb                         chk_Mtval+20
x8 <- 0x0000000000000000

clint mtime 0x000000000000015A (mip.MTI <- 0b1, mip.STI <- 0b0)
mem[X,0x00000000800024A4] -> 0x0413
mem[X,0x00000000800024A6] -> 0x02C4
[692] [M]: 0x00000000800024A4 (0x02C40413) addi x8, x8, 0x2c                        chk_Mtval+24
x8 <- 0x000000000000002C

mem[X,0x00000000800024A8] -> 0x1413
mem[X,0x00000000800024AA] -> 0x00A4
[693] [M]: 0x00000000800024A8 (0x00A41413) slli x8, x8, 0xa                         chk_Mtval+28
x8 <- 0x000000000000B000

clint mtime 0x000000000000015B (mip.MTI <- 0b1, mip.STI <- 0b0)
mem[X,0x00000000800024AC] -> 0x0413
mem[X,0x00000000800024AE] -> 0x0FB4
[694] [M]: 0x00000000800024AC (0x0FB40413) addi x8, x8, 0xfb                        chk_Mtval+32
x8 <- 0x000000000000B0FB

mem[X,0x00000000800024B0] -> 0x5433
mem[X,0x00000000800024B2] -> 0x00A4
[695] [M]: 0x00000000800024B0 (0x00A45433) srl x8, x8, x10                          chk_Mtval+36
x8 <- 0x000000000000587D

clint mtime 0x000000000000015C (mip.MTI <- 0b1, mip.STI <- 0b0)
mem[X,0x00000000800024B4] -> 0x1413
mem[X,0x00000000800024B6] -> 0x03F4
[696] [M]: 0x00000000800024B4 (0x03F41413) slli x8, x8, 0x3f                        chk_Mtval+40
x8 <- 0x8000000000000000

mem[X,0x00000000800024B8] -> 0x5C63
mem[X,0x00000000800024BA] -> 0x0404
[697] [M]: 0x00000000800024B8 (0x04045C63) bge x8, x0, 0x58                         chk_Mtval+44

clint mtime 0x000000000000015D (mip.MTI <- 0b1, mip.STI <- 0b0)
mem[X,0x00000000800024BC] -> 0xB403
mem[X,0x00000000800024BE] -> 0x2084
[698] [M]: 0x00000000800024BC (0x2084B403) ld x8, 0x208(x9)                         vmem_adj_Mtval+0
mem[R,0x00000000800064A0] -> 0x00000000800003B4
x8 <- 0x00000000800003B4

mem[X,0x00000000800024C0] -> 0xB583
mem[X,0x00000000800024C2] -> 0x2104
[699] [M]: 0x00000000800024C0 (0x2104B583) ld x11, 0x210(x9)                        vmem_adj_Mtval+4
mem[R,0x00000000800064A8] -> 0x0000000000001C60
x11 <- 0x0000000000001C60

clint mtime 0x000000000000015E (mip.MTI <- 0b1, mip.STI <- 0b0)
mem[X,0x00000000800024C4] -> 0x85B3
mem[X,0x00000000800024C6] -> 0x0085
[700] [M]: 0x00000000800024C4 (0x008585B3) add x11, x11, x8                         vmem_adj_Mtval+8
x11 <- 0x0000000080002014

mem[X,0x00000000800024C8] -> 0xF463
mem[X,0x00000000800024CA] -> 0x00B3
[701] [M]: 0x00000000800024C8 (0x00B3F463) bgeu x7, x11, 0x8                        vmem_adj_Mtval+12

clint mtime 0x000000000000015F (mip.MTI <- 0b1, mip.STI <- 0b0)
mem[X,0x00000000800024CC] -> 0xF063
mem[X,0x00000000800024CE] -> 0x0483
[702] [M]: 0x00000000800024CC (0x0483F063) bgeu x7, x8, 0x40                        vmem_adj_Mtval+16

mem[X,0x000000008000250C] -> 0x8433
mem[X,0x000000008000250E] -> 0x4083
[703] [M]: 0x000000008000250C (0x40838433) sub x8, x7, x8                           adj_Mtval+0
x8 <- 0x0000000000001C4C

clint mtime 0x0000000000000160 (mip.MTI <- 0b1, mip.STI <- 0b0)
mem[X,0x0000000080002510] -> 0x3C23
mem[X,0x0000000080002512] -> 0x0083
[704] [M]: 0x0000000080002510 (0x00833C23) sd x8, 0x18(x6)                          sv_Mtval+0
mem[W,0x0000000080007378] <- 0x0000000000001C4C

mem[X,0x0000000080002514] -> 0x3483
mem[X,0x0000000080002516] -> 0x2181
[705] [M]: 0x0000000080002514 (0x21813483) ld x9, 0x218(x2)                         skp_Mtval+0
mem[R,0x0000000080006218] -> 0x0000000080007380
x9 <- 0x0000000080007380

clint mtime 0x0000000000000161 (mip.MTI <- 0b1, mip.STI <- 0b0)
mem[X,0x0000000080002518] -> 0x3383
mem[X,0x000000008000251A] -> 0x1F81
[706] [M]: 0x0000000080002518 (0x1F813383) ld x7, 0x1f8(x2)                         skp_Mtval+4
mem[R,0x00000000800061F8] -> 0x0000000080007210
x7 <- 0x0000000080007210

mem[X,0x000000008000251C] -> 0x3303
mem[X,0x000000008000251E] -> 0x2001
[707] [M]: 0x000000008000251C (0x20013303) ld x6, 0x200(x2)                         skp_Mtval+8
mem[R,0x0000000080006200] -> 0x0000000000000920
x6 <- 0x0000000000000920

clint mtime 0x0000000000000162 (mip.MTI <- 0b1, mip.STI <- 0b0)
mem[X,0x0000000080002520] -> 0x0333
mem[X,0x0000000080002522] -> 0x0073
[708] [M]: 0x0000000080002520 (0x00730333) add x6, x6, x7                           skp_Mtval+12
x6 <- 0x0000000080007B30

mem[X,0x0000000080002524] -> 0x6CE3
mem[X,0x0000000080002526] -> 0xAE93
[709] [M]: 0x0000000080002524 (0xAE936CE3) bltu x6, x9, -0x508                      skp_Mtval+16

clint mtime 0x0000000000000163 (mip.MTI <- 0b1, mip.STI <- 0b0)
mem[X,0x0000000080002528] -> 0x0393
mem[X,0x000000008000252A] -> 0x2000
[710] [M]: 0x0000000080002528 (0x20000393) addi x7, x0, 0x200                       skp_Mtval+20
x7 <- 0x0000000000000200

mem[X,0x000000008000252C] -> 0x006F
mem[X,0x000000008000252E] -> 0x0400
[711] [M]: 0x000000008000252C (0x0400006F) jal x0, 0x40                             skp_Mtval+24

clint mtime 0x0000000000000164 (mip.MTI <- 0b1, mip.STI <- 0b0)
mem[X,0x000000008000256C] -> 0x0417
mem[X,0x000000008000256E] -> 0x0000
[712] [M]: 0x000000008000256C (0x00000417) auipc x8, 0x0                            spcl_Mhandler+0
x8 <- 0x000000008000256C

mem[X,0x0000000080002570] -> 0x0413
mem[X,0x0000000080002572] -> 0x03C4
[713] [M]: 0x0000000080002570 (0x03C40413) addi x8, x8, 0x3c                        spcl_Mhandler+4
x8 <- 0x00000000800025A8

clint mtime 0x0000000000000165 (mip.MTI <- 0b1, mip.STI <- 0b0)
mem[X,0x0000000080002574] -> 0x0433
mem[X,0x0000000080002576] -> 0x0074
[714] [M]: 0x0000000080002574 (0x00740433) add x8, x8, x7                           spcl_Mhandler+8
x8 <- 0x00000000800027A8

mem[X,0x0000000080002578] -> 0x1393
mem[X,0x000000008000257A] -> 0x0035
[715] [M]: 0x0000000080002578 (0x00351393) slli x7, x10, 0x3                        spcl_Mhandler+12
x7 <- 0x0000000000000008

clint mtime 0x0000000000000166 (mip.MTI <- 0b1, mip.STI <- 0b0)
mem[X,0x000000008000257C] -> 0x0433
mem[X,0x000000008000257E] -> 0x0074
[716] [M]: 0x000000008000257C (0x00740433) add x8, x8, x7                           spcl_Mhandler+16
x8 <- 0x00000000800027B0

mem[X,0x0000000080002580] -> 0x7413
mem[X,0x0000000080002582] -> 0xFF84
[717] [M]: 0x0000000080002580 (0xFF847413) andi x8, x8, -0x8                        spcl_Mhandler+20
x8 <- 0x00000000800027B0

clint mtime 0x0000000000000167 (mip.MTI <- 0b1, mip.STI <- 0b0)
mem[X,0x0000000080002584] -> 0x3403
mem[X,0x0000000080002586] -> 0x0004
[718] [M]: 0x0000000080002584 (0x00043403) ld x8, 0x0(x8)                           spcl_Mhandler+24
mem[R,0x00000000800027B0] -> 0x0000000000000003
x8 <- 0x0000000000000003

mem[X,0x0000000080002588] -> 0x04E3
mem[X,0x000000008000258A] -> 0xB204
[719] [M]: 0x0000000080002588 (0xB20404E3) beq x8, x0, -0x4d8                       spcl_Mdispatch_hndling+0

clint mtime 0x0000000000000168 (mip.MTI <- 0b1, mip.STI <- 0b0)
mem[X,0x000000008000258C] -> 0x1393
mem[X,0x000000008000258E] -> 0x03F4
[720] [M]: 0x000000008000258C (0x03F41393) slli x7, x8, 0x3f                        spcl_Mdispatch_hndling+4
x7 <- 0x8000000000000000

mem[X,0x0000000080002590] -> 0xD863
mem[X,0x0000000080002592] -> 0x0003
[721] [M]: 0x0000000080002590 (0x0003D863) bge x7, x0, 0x10                         spcl_Mdispatch_hndling+8

clint mtime 0x0000000000000169 (mip.MTI <- 0b1, mip.STI <- 0b0)
mem[X,0x0000000080002594] -> 0x5413
mem[X,0x0000000080002596] -> 0x0014
[722] [M]: 0x0000000080002594 (0x00145413) srli x8, x8, 0x1                         spcl_Mdispatch_hndling+12
x8 <- 0x0000000000000001

mem[X,0x0000000080002598] -> 0x0CE3
mem[X,0x000000008000259A] -> 0xF885
[723] [M]: 0x0000000080002598 (0xF8850CE3) beq x10, x8, -0x68                       spcl_Mdispatch_hndling+16

clint mtime 0x000000000000016A (mip.MTI <- 0b1, mip.STI <- 0b0)
mem[X,0x0000000080002530] -> 0x3303
mem[X,0x0000000080002532] -> 0x2601
[724] [M]: 0x0000000080002530 (0x26013303) ld x6, 0x260(x2)                         resto_Mrtn+0
mem[R,0x0000000080006260] -> 0x0000000000000010
x6 <- 0x0000000000000010

mem[X,0x0000000080002534] -> 0x3383
mem[X,0x0000000080002536] -> 0x2681
[725] [M]: 0x0000000080002534 (0x26813383) ld x7, 0x268(x2)                         resto_Mrtn+4
mem[R,0x0000000080006268] -> 0x0000000080006000
x7 <- 0x0000000080006000

clint mtime 0x000000000000016B (mip.MTI <- 0b1, mip.STI <- 0b0)
mem[X,0x0000000080002538] -> 0x3403
mem[X,0x000000008000253A] -> 0x2701
[726] [M]: 0x0000000080002538 (0x27013403) ld x8, 0x270(x2)                         resto_Mrtn+8
mem[R,0x0000000080006270] -> 0x0000000000007F76
x8 <- 0x0000000000007F76

mem[X,0x000000008000253C] -> 0x3483
mem[X,0x000000008000253E] -> 0x2781
[727] [M]: 0x000000008000253C (0x27813483) ld x9, 0x278(x2)                         resto_Mrtn+12
mem[R,0x0000000080006278] -> 0x0000000000000000
x9 <- 0x0000000000000000

clint mtime 0x000000000000016C (mip.MTI <- 0b1, mip.STI <- 0b0)
mem[X,0x0000000080002540] -> 0x3503
mem[X,0x0000000080002542] -> 0x2801
[728] [M]: 0x0000000080002540 (0x28013503) ld x10, 0x280(x2)                        resto_Mrtn+16
mem[R,0x0000000080006280] -> 0x0000000000000001
x10 <- 0x0000000000000001

mem[X,0x0000000080002544] -> 0x3583
mem[X,0x0000000080002546] -> 0x2881
[729] [M]: 0x0000000080002544 (0x28813583) ld x11, 0x288(x2)                        resto_Mrtn+20
mem[R,0x0000000080006288] -> 0x0000000000000000
x11 <- 0x0000000000000000

clint mtime 0x000000000000016D (mip.MTI <- 0b1, mip.STI <- 0b0)
mem[X,0x0000000080002548] -> 0x3103
mem[X,0x000000008000254A] -> 0x2901
[730] [M]: 0x0000000080002548 (0x29013103) ld x2, 0x290(x2)                         resto_Mrtn+24
mem[R,0x0000000080006290] -> 0x01FDDB7D5BFDDB7F
x2 <- 0x01FDDB7D5BFDDB7F

mem[X,0x000000008000254C] -> 0x0073
mem[X,0x000000008000254E] -> 0x3020
[731] [M]: 0x000000008000254C (0x30200073) mret                                     resto_Mrtn+28
CSR mstatus (0x300) <- 0x0000000A00000080
ret-ing from M to S

clint mtime 0x000000000000016E (mip.MTI <- 0b1, mip.STI <- 0b0)
mem[X,0x0000000080000648] -> 0x0013
mem[X,0x000000008000064A] -> 0x0000
[732] [S]: 0x0000000080000648 (0x00000013) addi x0, x0, 0x0                         main+616

mem[X,0x000000008000064C] -> 0x0713
mem[X,0x000000008000064E] -> 0x0047
[733] [S]: 0x000000008000064C (0x00470713) addi x14, x14, 0x4                       main+620
x14 <- 0x0000000080002004

clint mtime 0x000000000000016F (mip.MTI <- 0b1, mip.STI <- 0b0)
mem[X,0x0000000080000650] -> 0x0013
mem[X,0x0000000080000652] -> 0x0000
[734] [S]: 0x0000000080000650 (0x00000013) addi x0, x0, 0x0                         main+624

mem[X,0x0000000080000654] -> 0x0013
mem[X,0x0000000080000656] -> 0x0000
[735] [S]: 0x0000000080000654 (0x00000013) addi x0, x0, 0x0                         main+628

clint mtime 0x0000000000000170 (mip.MTI <- 0b1, mip.STI <- 0b0)
mem[X,0x0000000080000658] -> 0x0013
mem[X,0x000000008000065A] -> 0x0000
[736] [S]: 0x0000000080000658 (0x00000013) addi x0, x0, 0x0                         main+632

mem[X,0x000000008000065C] -> 0x0013
mem[X,0x000000008000065E] -> 0x0000
[737] [S]: 0x000000008000065C (0x00000013) addi x0, x0, 0x0                         main+636

clint mtime 0x0000000000000171 (mip.MTI <- 0b1, mip.STI <- 0b0)
mem[X,0x0000000080000660] -> 0x0217
mem[X,0x0000000080000662] -> 0x0000
[738] [S]: 0x0000000080000660 (0x00000217) auipc x4, 0x0                            main+640
x4 <- 0x0000000080000660

mem[X,0x0000000080000664] -> 0x0213
mem[X,0x0000000080000666] -> 0x0282
[739] [S]: 0x0000000080000664 (0x02820213) addi x4, x4, 0x28                        main+644
x4 <- 0x0000000080000688

clint mtime 0x0000000000000172 (mip.MTI <- 0b1, mip.STI <- 0b0)
mem[X,0x0000000080000668] -> 0x0001
[740] [S]: 0x0000000080000668 (0x0001) c.nop                                        main+648

mem[X,0x000000008000066A] -> 0x0013
mem[X,0x000000008000066C] -> 0x0000
[741] [S]: 0x000000008000066A (0x00000013) addi x0, x0, 0x0                         main+650

clint mtime 0x0000000000000173 (mip.MTI <- 0b1, mip.STI <- 0b0)
mem[X,0x000000008000066E] -> 0x0013
mem[X,0x0000000080000670] -> 0x0000
[742] [S]: 0x000000008000066E (0x00000013) addi x0, x0, 0x0                         main+654

mem[X,0x0000000080000672] -> 0x0013
mem[X,0x0000000080000674] -> 0x0000
[743] [S]: 0x0000000080000672 (0x00000013) addi x0, x0, 0x0                         main+658

clint mtime 0x0000000000000174 (mip.MTI <- 0b1, mip.STI <- 0b0)
mem[X,0x0000000080000676] -> 0x0013
mem[X,0x0000000080000678] -> 0x0000
[744] [S]: 0x0000000080000676 (0x00000013) addi x0, x0, 0x0                         main+662

mem[X,0x000000008000067A] -> 0x0013
mem[X,0x000000008000067C] -> 0x0000
[745] [S]: 0x000000008000067A (0x00000013) addi x0, x0, 0x0                         main+666

clint mtime 0x0000000000000175 (mip.MTI <- 0b1, mip.STI <- 0b0)
mem[X,0x000000008000067E] -> 0x0001
[746] [S]: 0x000000008000067E (0x0001) c.nop                                        main+670

mem[X,0x0000000080000680] -> 0x00E7
mem[X,0x0000000080000682] -> 0x0007
[747] [S]: 0x0000000080000680 (0x000700E7) jalr x1, 0x0(x14)                        main+672
x1 <- 0x0000000080000684

clint mtime 0x0000000000000176 (mip.MTI <- 0b1, mip.STI <- 0b0)
mem[X,0x0000000080002004] -> 0x0013
mem[X,0x0000000080002006] -> 0x0000
[748] [S]: 0x0000000080002004 (0x00000013) addi x0, x0, 0x0                         TEST_FOR_EXECUTION+4

mem[X,0x0000000080002008] -> 0x0013
mem[X,0x000000008000200A] -> 0x0000
[749] [S]: 0x0000000080002008 (0x00000013) addi x0, x0, 0x0                         RETURN_INSTRUCTION+0

clint mtime 0x0000000000000177 (mip.MTI <- 0b1, mip.STI <- 0b0)
mem[X,0x000000008000200C] -> 0x0013
mem[X,0x000000008000200E] -> 0x0000
[750] [S]: 0x000000008000200C (0x00000013) addi x0, x0, 0x0                         RETURN_INSTRUCTION+4

mem[X,0x0000000080002010] -> 0x8067
mem[X,0x0000000080002012] -> 0x0000
[751] [S]: 0x0000000080002010 (0x00008067) jalr x0, 0x0(x1)                         RETURN_INSTRUCTION+8

clint mtime 0x0000000000000178 (mip.MTI <- 0b1, mip.STI <- 0b0)
mem[X,0x0000000080000684] -> 0x0013
mem[X,0x0000000080000686] -> 0x0000
[752] [S]: 0x0000000080000684 (0x00000013) addi x0, x0, 0x0                         main+676

mem[X,0x0000000080000688] -> 0x0013
mem[X,0x000000008000068A] -> 0x0000
[753] [S]: 0x0000000080000688 (0x00000013) addi x0, x0, 0x0                         main+680

clint mtime 0x0000000000000179 (mip.MTI <- 0b1, mip.STI <- 0b0)
mem[X,0x000000008000068C] -> 0x0737
mem[X,0x000000008000068E] -> 0x0000
[754] [S]: 0x000000008000068C (0x00000737) lui x14, 0x0                             main+684
x14 <- 0x0000000000000000

mem[X,0x0000000080000690] -> 0x0713
mem[X,0x0000000080000692] -> 0x0137
[755] [S]: 0x0000000080000690 (0x01370713) addi x14, x14, 0x13                      main+688
x14 <- 0x0000000000000013

clint mtime 0x000000000000017A (mip.MTI <- 0b1, mip.STI <- 0b0)
mem[X,0x0000000080000694] -> 0x1713
mem[X,0x0000000080000696] -> 0x00B7
[756] [S]: 0x0000000080000694 (0x00B71713) slli x14, x14, 0xb                       main+692
x14 <- 0x0000000000009800

mem[X,0x0000000080000698] -> 0x0713
mem[X,0x000000008000069A] -> 0x0007
[757] [S]: 0x0000000080000698 (0x00070713) addi x14, x14, 0x0                       main+696
x14 <- 0x0000000000009800

clint mtime 0x000000000000017B (mip.MTI <- 0b1, mip.STI <- 0b0)
mem[X,0x000000008000069C] -> 0x1713
mem[X,0x000000008000069E] -> 0x00B7
[758] [S]: 0x000000008000069C (0x00B71713) slli x14, x14, 0xb                       main+700
x14 <- 0x0000000004C00000

mem[X,0x00000000800006A0] -> 0x0713
mem[X,0x00000000800006A2] -> 0x0007
[759] [S]: 0x00000000800006A0 (0x00070713) addi x14, x14, 0x0                       main+704
x14 <- 0x0000000004C00000

clint mtime 0x000000000000017C (mip.MTI <- 0b1, mip.STI <- 0b0)
mem[X,0x00000000800006A4] -> 0x1713
mem[X,0x00000000800006A6] -> 0x00A7
[760] [S]: 0x00000000800006A4 (0x00A71713) slli x14, x14, 0xa                       main+708
x14 <- 0x0000001300000000

mem[X,0x00000000800006A8] -> 0x0713
mem[X,0x00000000800006AA] -> 0x0137
[761] [S]: 0x00000000800006A8 (0x01370713) addi x14, x14, 0x13                      main+712
x14 <- 0x0000001300000013

clint mtime 0x000000000000017D (mip.MTI <- 0b1, mip.STI <- 0b0)
mem[X,0x00000000800006AC] -> 0x0013
mem[X,0x00000000800006AE] -> 0x0000
[762] [S]: 0x00000000800006AC (0x00000013) addi x0, x0, 0x0                         main+716

mem[X,0x00000000800006B0] -> 0x0013
mem[X,0x00000000800006B2] -> 0x0000
[763] [S]: 0x00000000800006B0 (0x00000013) addi x0, x0, 0x0                         main+720

clint mtime 0x000000000000017E (mip.MTI <- 0b1, mip.STI <- 0b0)
mem[X,0x00000000800006B4] -> 0x0013
mem[X,0x00000000800006B6] -> 0x0000
[764] [S]: 0x00000000800006B4 (0x00000013) addi x0, x0, 0x0                         main+724

mem[X,0x00000000800006B8] -> 0x0013
mem[X,0x00000000800006BA] -> 0x0000
[765] [S]: 0x00000000800006B8 (0x00000013) addi x0, x0, 0x0                         main+728

clint mtime 0x000000000000017F (mip.MTI <- 0b1, mip.STI <- 0b0)
mem[X,0x00000000800006BC] -> 0x0013
mem[X,0x00000000800006BE] -> 0x0000
[766] [S]: 0x00000000800006BC (0x00000013) addi x0, x0, 0x0                         main+732

mem[X,0x00000000800006C0] -> 0x2797
mem[X,0x00000000800006C2] -> 0x0000
[767] [S]: 0x00000000800006C0 (0x00002797) auipc x15, 0x2                           main+736
x15 <- 0x00000000800026C0

clint mtime 0x0000000000000180 (mip.MTI <- 0b1, mip.STI <- 0b0)
mem[X,0x00000000800006C4] -> 0x8793
mem[X,0x00000000800006C6] -> 0x9407
[768] [S]: 0x00000000800006C4 (0x94078793) addi x15, x15, -0x6c0                    main+740
x15 <- 0x0000000080002000

mem[X,0x00000000800006C8] -> 0x0001
[769] [S]: 0x00000000800006C8 (0x0001) c.nop                                        main+744

clint mtime 0x0000000000000181 (mip.MTI <- 0b1, mip.STI <- 0b0)
mem[X,0x00000000800006CA] -> 0x0013
mem[X,0x00000000800006CC] -> 0x0000
[770] [S]: 0x00000000800006CA (0x00000013) addi x0, x0, 0x0                         main+746

mem[X,0x00000000800006CE] -> 0x0013
mem[X,0x00000000800006D0] -> 0x0000
[771] [S]: 0x00000000800006CE (0x00000013) addi x0, x0, 0x0                         main+750

clint mtime 0x0000000000000182 (mip.MTI <- 0b1, mip.STI <- 0b0)
mem[X,0x00000000800006D2] -> 0x0013
mem[X,0x00000000800006D4] -> 0x0000
[772] [S]: 0x00000000800006D2 (0x00000013) addi x0, x0, 0x0                         main+754

mem[X,0x00000000800006D6] -> 0x0013
mem[X,0x00000000800006D8] -> 0x0000
[773] [S]: 0x00000000800006D6 (0x00000013) addi x0, x0, 0x0                         main+758

clint mtime 0x0000000000000183 (mip.MTI <- 0b1, mip.STI <- 0b0)
mem[X,0x00000000800006DA] -> 0x0013
mem[X,0x00000000800006DC] -> 0x0000
[774] [S]: 0x00000000800006DA (0x00000013) addi x0, x0, 0x0                         main+762

mem[X,0x00000000800006DE] -> 0x0001
[775] [S]: 0x00000000800006DE (0x0001) c.nop                                        main+766

clint mtime 0x0000000000000184 (mip.MTI <- 0b1, mip.STI <- 0b0)
mem[X,0x00000000800006E0] -> 0xA023
mem[X,0x00000000800006E2] -> 0x00E7
[776] [S]: 0x00000000800006E0 (0x00E7A023) sw x14, 0x0(x15)                         main+768
trapping from S to M to handle store/amo-access-fault
handling exc#store/amo-access-fault at priv M with tval 0x0000000080002000
CSR mstatus (0x300) <- 0x0000000A00000800
CSR mcause (0x342) <- 0x0000000000000007
CSR mtval (0x343) <- 0x0000000080002000
CSR mepc (0x341) <- 0x00000000800006E0

mem[X,0x0000000080002100] -> 0x006F
mem[X,0x0000000080002102] -> 0x1000
[777] [M]: 0x0000000080002100 (0x1000006F) jal x0, 0x100                            Mtrampoline+0

clint mtime 0x0000000000000185 (mip.MTI <- 0b1, mip.STI <- 0b0)
mem[X,0x0000000080002200] -> 0x1173
mem[X,0x0000000080002202] -> 0x3401
[778] [M]: 0x0000000080002200 (0x34011173) csrrw x2, mscratch, x2                   trap_Mhandler+0
CSR mscratch (0x340) <- 0x01FDDB7D5BFDDB7F
x2 <- 0x0000000080006000

mem[X,0x0000000080002204] -> 0x3423
mem[X,0x0000000080002206] -> 0x28B1
[779] [M]: 0x0000000080002204 (0x28B13423) sd x11, 0x288(x2)                        trap_Mhandler+4
mem[W,0x0000000080006288] <- 0x0000000000000000

clint mtime 0x0000000000000186 (mip.MTI <- 0b1, mip.STI <- 0b0)
mem[X,0x0000000080002208] -> 0x05EF
mem[X,0x000000008000220A] -> 0x0B80
[780] [M]: 0x0000000080002208 (0x0B8005EF) jal x11, 0xb8                            trap_Mhandler+8
x11 <- 0x000000008000220C

mem[X,0x00000000800022C0] -> 0x3023
mem[X,0x00000000800022C2] -> 0x28A1
[781] [M]: 0x00000000800022C0 (0x28A13023) sd x10, 0x280(x2)                        common_Mhandler+0
mem[W,0x0000000080006280] <- 0x0000000000000001

clint mtime 0x0000000000000187 (mip.MTI <- 0b1, mip.STI <- 0b0)
mem[X,0x00000000800022C4] -> 0x1573
mem[X,0x00000000800022C6] -> 0x3401
[782] [M]: 0x00000000800022C4 (0x34011573) csrrw x10, mscratch, x2                  common_Mhandler+4
CSR mscratch (0x340) <- 0x0000000080006000
x10 <- 0x01FDDB7D5BFDDB7F

mem[X,0x00000000800022C8] -> 0x3823
mem[X,0x00000000800022CA] -> 0x28A1
[783] [M]: 0x00000000800022C8 (0x28A13823) sd x10, 0x290(x2)                        common_Mhandler+8
mem[W,0x0000000080006290] <- 0x01FDDB7D5BFDDB7F

clint mtime 0x0000000000000188 (mip.MTI <- 0b1, mip.STI <- 0b0)
mem[X,0x00000000800022CC] -> 0x3503
mem[X,0x00000000800022CE] -> 0x2301
[784] [M]: 0x00000000800022CC (0x23013503) ld x10, 0x230(x2)                        common_Mhandler+12
mem[R,0x0000000080006230] -> 0x00000000800022D4
x10 <- 0x00000000800022D4

mem[X,0x00000000800022D0] -> 0x0067
mem[X,0x00000000800022D2] -> 0x0005
[785] [M]: 0x00000000800022D0 (0x00050067) jalr x0, 0x0(x10)                        common_Mhandler+16

clint mtime 0x0000000000000189 (mip.MTI <- 0b1, mip.STI <- 0b0)
mem[X,0x00000000800022D4] -> 0x3C23
mem[X,0x00000000800022D6] -> 0x2691
[786] [M]: 0x00000000800022D4 (0x26913C23) sd x9, 0x278(x2)                         common_Mentry+0
mem[W,0x0000000080006278] <- 0x0000000000000000

mem[X,0x00000000800022D8] -> 0x3823
mem[X,0x00000000800022DA] -> 0x2681
[787] [M]: 0x00000000800022D8 (0x26813823) sd x8, 0x270(x2)                         common_Mentry+4
mem[W,0x0000000080006270] <- 0x0000000000007F76

clint mtime 0x000000000000018A (mip.MTI <- 0b1, mip.STI <- 0b0)
mem[X,0x00000000800022DC] -> 0x3423
mem[X,0x00000000800022DE] -> 0x2671
[788] [M]: 0x00000000800022DC (0x26713423) sd x7, 0x268(x2)                         common_Mentry+8
mem[W,0x0000000080006268] <- 0x0000000080006000

mem[X,0x00000000800022E0] -> 0x3023
mem[X,0x00000000800022E2] -> 0x2661
[789] [M]: 0x00000000800022E0 (0x26613023) sd x6, 0x260(x2)                         common_Mentry+12
mem[W,0x0000000080006260] <- 0x0000000000000010

clint mtime 0x000000000000018B (mip.MTI <- 0b1, mip.STI <- 0b0)
mem[X,0x00000000800022E4] -> 0x2573
mem[X,0x00000000800022E6] -> 0x3420
[790] [M]: 0x00000000800022E4 (0x34202573) csrrs x10, mcause, x0                    spcl_M2mmode_test+0
CSR mcause (0x342) -> 0x0000000000000007
x10 <- 0x0000000000000007

mem[X,0x00000000800022E8] -> 0x04B7
mem[X,0x00000000800022EA] -> 0x8000
[791] [M]: 0x00000000800022E8 (0x800004B7) lui x9, -0x80000                         spcl_M2mmode_test+4
x9 <- 0xFFFFFFFF80000000

clint mtime 0x000000000000018C (mip.MTI <- 0b1, mip.STI <- 0b0)
mem[X,0x00000000800022EC] -> 0x8493
mem[X,0x00000000800022EE] -> 0x0004
[792] [M]: 0x00000000800022EC (0x00048493) addi x9, x9, 0x0                         spcl_M2mmode_test+8
x9 <- 0xFFFFFFFF80000000

mem[X,0x00000000800022F0] -> 0x9493
mem[X,0x00000000800022F2] -> 0x00B4
[793] [M]: 0x00000000800022F0 (0x00B49493) slli x9, x9, 0xb                         spcl_M2mmode_test+12
x9 <- 0xFFFFFC0000000000

clint mtime 0x000000000000018D (mip.MTI <- 0b1, mip.STI <- 0b0)
mem[X,0x00000000800022F4] -> 0x8493
mem[X,0x00000000800022F6] -> 0x0004
[794] [M]: 0x00000000800022F4 (0x00048493) addi x9, x9, 0x0                         spcl_M2mmode_test+16
x9 <- 0xFFFFFC0000000000

mem[X,0x00000000800022F8] -> 0x9493
mem[X,0x00000000800022FA] -> 0x00B4
[795] [M]: 0x00000000800022F8 (0x00B49493) slli x9, x9, 0xb                         spcl_M2mmode_test+20
x9 <- 0xFFE0000000000000

clint mtime 0x000000000000018E (mip.MTI <- 0b1, mip.STI <- 0b0)
mem[X,0x00000000800022FC] -> 0x8493
mem[X,0x00000000800022FE] -> 0x0034
[796] [M]: 0x00000000800022FC (0x00348493) addi x9, x9, 0x3                         spcl_M2mmode_test+24
x9 <- 0xFFE0000000000003

mem[X,0x0000000080002300] -> 0x9493
mem[X,0x0000000080002302] -> 0x00A4
[797] [M]: 0x0000000080002300 (0x00A49493) slli x9, x9, 0xa                         spcl_M2mmode_test+28
x9 <- 0x8000000000000C00

clint mtime 0x000000000000018F (mip.MTI <- 0b1, mip.STI <- 0b0)
mem[X,0x0000000080002304] -> 0x8493
mem[X,0x0000000080002306] -> 0x3FC4
[798] [M]: 0x0000000080002304 (0x3FC48493) addi x9, x9, 0x3fc                       spcl_M2mmode_test+32
x9 <- 0x8000000000000FFC

mem[X,0x0000000080002308] -> 0xF4B3
mem[X,0x000000008000230A] -> 0x00A4
[799] [M]: 0x0000000080002308 (0x00A4F4B3) and x9, x9, x10                          spcl_M2mmode_test+36
x9 <- 0x0000000000000004

clint mtime 0x0000000000000190 (mip.MTI <- 0b1, mip.STI <- 0b0)
mem[X,0x000000008000230C] -> 0x8493
mem[X,0x000000008000230E] -> 0xFF84
[800] [M]: 0x000000008000230C (0xFF848493) addi x9, x9, -0x8                        spcl_M2mmode_test+40
x9 <- 0xFFFFFFFFFFFFFFFC

mem[X,0x0000000080002310] -> 0x9663
mem[X,0x0000000080002312] -> 0x0004
[801] [M]: 0x0000000080002310 (0x00049663) bne x9, x0, 0xc                          spcl_M2mmode_test+44

clint mtime 0x0000000000000191 (mip.MTI <- 0b1, mip.STI <- 0b0)
mem[X,0x000000008000231C] -> 0x0393
mem[X,0x000000008000231E] -> 0x0200
[802] [M]: 0x000000008000231C (0x02000393) addi x7, x0, 0x20                        Mtrapsig_ptr_upd+0
x7 <- 0x0000000000000020

mem[X,0x0000000080002320] -> 0x5263
mem[X,0x0000000080002322] -> 0x0405
[803] [M]: 0x0000000080002320 (0x04055263) bge x10, x0, 0x44                        Mtrapsig_ptr_upd+4

clint mtime 0x0000000000000192 (mip.MTI <- 0b1, mip.STI <- 0b0)
mem[X,0x0000000080002364] -> 0x2373
mem[X,0x0000000080002366] -> 0x3010
[804] [M]: 0x0000000080002364 (0x30102373) csrrs x6, misa, x0                       Mxcpt_sig_sv+0
CSR misa (0x301) -> 0x800000000034112F
x6 <- 0x800000000034112F

mem[X,0x0000000080002368] -> 0x1313
mem[X,0x000000008000236A] -> 0x0383
[805] [M]: 0x0000000080002368 (0x03831313) slli x6, x6, 0x38                        Mxcpt_sig_sv+4
x6 <- 0x2F00000000000000

clint mtime 0x0000000000000193 (mip.MTI <- 0b1, mip.STI <- 0b0)
mem[X,0x000000008000236C] -> 0x5463
mem[X,0x000000008000236E] -> 0x0003
[806] [M]: 0x000000008000236C (0x00035463) bge x6, x0, 0x8                          Mxcpt_sig_sv+8

mem[X,0x0000000080002374] -> 0x3303
mem[X,0x0000000080002376] -> 0x2181
[807] [M]: 0x0000000080002374 (0x21813303) ld x6, 0x218(x2)                         Mtrap_sig_sv+0
mem[R,0x0000000080006218] -> 0x0000000080007380
x6 <- 0x0000000080007380

clint mtime 0x0000000000000194 (mip.MTI <- 0b1, mip.STI <- 0b0)
mem[X,0x0000000080002378] -> 0x04B3
mem[X,0x000000008000237A] -> 0x0073
[808] [M]: 0x0000000080002378 (0x007304B3) add x9, x6, x7                           Mtrap_sig_sv+4
x9 <- 0x00000000800073A0

mem[X,0x000000008000237C] -> 0x3C23
mem[X,0x000000008000237E] -> 0x2091
[809] [M]: 0x000000008000237C (0x20913C23) sd x9, 0x218(x2)                         Mtrap_sig_sv+8
mem[W,0x0000000080006218] <- 0x00000000800073A0

clint mtime 0x0000000000000195 (mip.MTI <- 0b1, mip.STI <- 0b0)
mem[X,0x0000000080002380] -> 0x3403
mem[X,0x0000000080002382] -> 0x1F81
[810] [M]: 0x0000000080002380 (0x1F813403) ld x8, 0x1f8(x2)                         Mtrap_sig_sv+12
mem[R,0x00000000800061F8] -> 0x0000000080007210
x8 <- 0x0000000080007210

mem[X,0x0000000080002384] -> 0x0333
mem[X,0x0000000080002386] -> 0x4083
[811] [M]: 0x0000000080002384 (0x40830333) sub x6, x6, x8                           Mtrap_sig_sv+16
x6 <- 0x0000000000000170

clint mtime 0x0000000000000196 (mip.MTI <- 0b1, mip.STI <- 0b0)
mem[X,0x0000000080002388] -> 0x3403
mem[X,0x000000008000238A] -> 0x1F81
[812] [M]: 0x0000000080002388 (0x1F813403) ld x8, 0x1f8(x2)                         Mtrap_sig_sv+20
mem[R,0x00000000800061F8] -> 0x0000000080007210
x8 <- 0x0000000080007210

mem[X,0x000000008000238C] -> 0x0333
mem[X,0x000000008000238E] -> 0x0083
[813] [M]: 0x000000008000238C (0x00830333) add x6, x6, x8                           Mtrap_sig_sv+24
x6 <- 0x0000000080007380

clint mtime 0x0000000000000197 (mip.MTI <- 0b1, mip.STI <- 0b0)
mem[X,0x0000000080002390] -> 0x3403
mem[X,0x0000000080002392] -> 0x2401
[814] [M]: 0x0000000080002390 (0x24013403) ld x8, 0x240(x2)                         Mtrap_sig_sv+28
mem[R,0x0000000080006240] -> 0x0000000080002100
x8 <- 0x0000000080002100

mem[X,0x0000000080002394] -> 0x85B3
mem[X,0x0000000080002396] -> 0x4085
[815] [M]: 0x0000000080002394 (0x408585B3) sub x11, x11, x8                         sv_Mvect+0
x11 <- 0x000000000000010C

clint mtime 0x0000000000000198 (mip.MTI <- 0b1, mip.STI <- 0b0)
mem[X,0x0000000080002398] -> 0x9593
mem[X,0x000000008000239A] -> 0x0045
[816] [M]: 0x0000000080002398 (0x00459593) slli x11, x11, 0x4                       sv_Mvect+4
x11 <- 0x00000000000010C0

mem[X,0x000000008000239C] -> 0xE5B3
mem[X,0x000000008000239E] -> 0x0075
[817] [M]: 0x000000008000239C (0x0075E5B3) or x11, x11, x7                          sv_Mvect+8
x11 <- 0x00000000000010E0

clint mtime 0x0000000000000199 (mip.MTI <- 0b1, mip.STI <- 0b0)
mem[X,0x00000000800023A0] -> 0x8593
mem[X,0x00000000800023A2] -> 0x0035
[818] [M]: 0x00000000800023A0 (0x00358593) addi x11, x11, 0x3                       sv_Mvect+12
x11 <- 0x00000000000010E3

mem[X,0x00000000800023A4] -> 0x3023
mem[X,0x00000000800023A6] -> 0x00B3
[819] [M]: 0x00000000800023A4 (0x00B33023) sd x11, 0x0(x6)                          sv_Mvect+16
mem[W,0x0000000080007380] <- 0x00000000000010E3

clint mtime 0x000000000000019A (mip.MTI <- 0b1, mip.STI <- 0b0)
mem[X,0x00000000800023A8] -> 0x3423
mem[X,0x00000000800023AA] -> 0x00A3
[820] [M]: 0x00000000800023A8 (0x00A33423) sd x10, 0x8(x6)                          sv_Mcause+0
mem[W,0x0000000080007388] <- 0x0000000000000007

mem[X,0x00000000800023AC] -> 0x4263
mem[X,0x00000000800023AE] -> 0x1A05
[821] [M]: 0x00000000800023AC (0x1A054263) blt x10, x0, 0x1a4                       sv_Mcause+4

clint mtime 0x000000000000019B (mip.MTI <- 0b1, mip.STI <- 0b0)
mem[X,0x00000000800023B0] -> 0x25F3
mem[X,0x00000000800023B2] -> 0x3000
[822] [M]: 0x00000000800023B0 (0x300025F3) csrrs x11, mstatus, x0                   common_Mexcpt_handler+0
CSR mstatus (0x300) -> 0x0000000A00000800
x11 <- 0x0000000A00000800

mem[X,0x00000000800023B4] -> 0x9413
mem[X,0x00000000800023B6] -> 0x02E5
[823] [M]: 0x00000000800023B4 (0x02E59413) slli x8, x11, 0x2e                       common_Mexcpt_handler+4
x8 <- 0x0200000000000000

clint mtime 0x000000000000019C (mip.MTI <- 0b1, mip.STI <- 0b0)
mem[X,0x00000000800023B8] -> 0x5463
mem[X,0x00000000800023BA] -> 0x0004
[824] [M]: 0x00000000800023B8 (0x00045463) bge x8, x0, 0x8                          common_Mexcpt_handler+8

mem[X,0x00000000800023C0] -> 0xD493
mem[X,0x00000000800023C2] -> 0x00B5
[825] [M]: 0x00000000800023C0 (0x00B5D493) srli x9, x11, 0xb                        common_Mexcpt_handler+16
x9 <- 0x0000000001400001

clint mtime 0x000000000000019D (mip.MTI <- 0b1, mip.STI <- 0b0)
mem[X,0x00000000800023C4] -> 0xF493
mem[X,0x00000000800023C6] -> 0x0034
[826] [M]: 0x00000000800023C4 (0x0034F493) andi x9, x9, 0x3                         common_Mexcpt_handler+20
x9 <- 0x0000000000000001

mem[X,0x00000000800023C8] -> 0x8493
mem[X,0x00000000800023CA] -> 0x0014
[827] [M]: 0x00000000800023C8 (0x00148493) addi x9, x9, 0x1                         common_Mexcpt_handler+24
x9 <- 0x0000000000000002

clint mtime 0x000000000000019E (mip.MTI <- 0b1, mip.STI <- 0b0)
mem[X,0x00000000800023CC] -> 0xF493
mem[X,0x00000000800023CE] -> 0x0044
[828] [M]: 0x00000000800023CC (0x0044F493) andi x9, x9, 0x4                         common_Mexcpt_handler+28
x9 <- 0x0000000000000000

mem[X,0x00000000800023D0] -> 0x0593
mem[X,0x00000000800023D2] -> 0x05D0
[829] [M]: 0x00000000800023D0 (0x05D00593) addi x11, x0, 0x5d                       common_Mexcpt_handler+32
x11 <- 0x000000000000005D

clint mtime 0x000000000000019F (mip.MTI <- 0b1, mip.STI <- 0b0)
mem[X,0x00000000800023D4] -> 0xD5B3
mem[X,0x00000000800023D6] -> 0x0095
[830] [M]: 0x00000000800023D4 (0x0095D5B3) srl x11, x11, x9                         common_Mexcpt_handler+36
x11 <- 0x000000000000005D

mem[X,0x00000000800023D8] -> 0xF593
mem[X,0x00000000800023DA] -> 0x0015
[831] [M]: 0x00000000800023D8 (0x0015F593) andi x11, x11, 0x1                       common_Mexcpt_handler+40
x11 <- 0x0000000000000001

clint mtime 0x00000000000001A0 (mip.MTI <- 0b1, mip.STI <- 0b0)
mem[X,0x00000000800023DC] -> 0x8EE3
mem[X,0x00000000800023DE] -> 0xF405
[832] [M]: 0x00000000800023DC (0xF4058EE3) beq x11, x0, -0xa4                       common_Mexcpt_handler+44

mem[X,0x00000000800023E0] -> 0x0593
mem[X,0x00000000800023E2] -> 0x2980
[833] [M]: 0x00000000800023E0 (0x29800593) addi x11, x0, 0x298                      common_Mexcpt_handler+48
x11 <- 0x0000000000000298

clint mtime 0x00000000000001A1 (mip.MTI <- 0b1, mip.STI <- 0b0)
mem[X,0x00000000800023E4] -> 0xF413
mem[X,0x00000000800023E6] -> 0x0014
[834] [M]: 0x00000000800023E4 (0x0014F413) andi x8, x9, 0x1                         common_Mexcpt_handler+52
x8 <- 0x0000000000000000

mem[X,0x00000000800023E8] -> 0x95B3
mem[X,0x00000000800023EA] -> 0x0085
[835] [M]: 0x00000000800023E8 (0x008595B3) sll x11, x11, x8                         common_Mexcpt_handler+56
x11 <- 0x0000000000000298

clint mtime 0x00000000000001A2 (mip.MTI <- 0b1, mip.STI <- 0b0)
mem[X,0x00000000800023EC] -> 0x9413
mem[X,0x00000000800023EE] -> 0x03D4
[836] [M]: 0x00000000800023EC (0x03D49413) slli x8, x9, 0x3d                        common_Mexcpt_handler+60
x8 <- 0x0000000000000000

mem[X,0x00000000800023F0] -> 0x5413
mem[X,0x00000000800023F2] -> 0x43F4
[837] [M]: 0x00000000800023F0 (0x43F45413) srai x8, x8, 0x3f                        common_Mexcpt_handler+64
x8 <- 0x0000000000000000

clint mtime 0x00000000000001A3 (mip.MTI <- 0b1, mip.STI <- 0b0)
mem[X,0x00000000800023F4] -> 0x4413
mem[X,0x00000000800023F6] -> 0xFFF4
[838] [M]: 0x00000000800023F4 (0xFFF44413) xori x8, x8, -0x1                        common_Mexcpt_handler+68
x8 <- 0xFFFFFFFFFFFFFFFF

mem[X,0x00000000800023F8] -> 0xF4B3
mem[X,0x00000000800023FA] -> 0x0085
[839] [M]: 0x00000000800023F8 (0x0085F4B3) and x9, x11, x8                          common_Mexcpt_handler+72
x9 <- 0x0000000000000298

clint mtime 0x00000000000001A4 (mip.MTI <- 0b1, mip.STI <- 0b0)
mem[X,0x00000000800023FC] -> 0x84B3
mem[X,0x00000000800023FE] -> 0x0024
[840] [M]: 0x00000000800023FC (0x002484B3) add x9, x9, x2                           vmem_adj_Mepc+0
x9 <- 0x0000000080006298

mem[X,0x0000000080002400] -> 0x23F3
mem[X,0x0000000080002402] -> 0x3410
[841] [M]: 0x0000000080002400 (0x341023F3) csrrs x7, mepc, x0                       vmem_adj_Mepc+4
CSR mepc (0x341) -> 0x00000000800006E0
x7 <- 0x00000000800006E0

clint mtime 0x00000000000001A5 (mip.MTI <- 0b1, mip.STI <- 0b0)
mem[X,0x0000000080002404] -> 0x0413
mem[X,0x0000000080002406] -> 0x0004
[842] [M]: 0x0000000080002404 (0x00040413) addi x8, x8, 0x0                         vmem_adj_Mepc+8
x8 <- 0xFFFFFFFFFFFFFFFF

mem[X,0x0000000080002408] -> 0x006F
mem[X,0x000000008000240A] -> 0x0400
[843] [M]: 0x0000000080002408 (0x0400006F) jal x0, 0x40                             vmem_adj_Mepc+12

clint mtime 0x00000000000001A6 (mip.MTI <- 0b1, mip.STI <- 0b0)
mem[X,0x0000000080002448] -> 0x8433
mem[X,0x000000008000244A] -> 0x4083
[844] [M]: 0x0000000080002448 (0x40838433) sub x8, x7, x8                           adj_Mepc+0
x8 <- 0x00000000800006E1

mem[X,0x000000008000244C] -> 0x3823
mem[X,0x000000008000244E] -> 0x0083
[845] [M]: 0x000000008000244C (0x00833823) sd x8, 0x10(x6)                          sv_Mepc+0
mem[W,0x0000000080007390] <- 0x00000000800006E1

clint mtime 0x00000000000001A7 (mip.MTI <- 0b1, mip.STI <- 0b0)
mem[X,0x0000000080002450] -> 0x55B7
mem[X,0x0000000080002452] -> 0x0000
[846] [M]: 0x0000000080002450 (0x000055B7) lui x11, 0x5                             sv_Mepc+4
x11 <- 0x0000000000005000

mem[X,0x0000000080002454] -> 0x8593
mem[X,0x0000000080002456] -> 0x6675
[847] [M]: 0x0000000080002454 (0x66758593) addi x11, x11, 0x667                     sv_Mepc+8
x11 <- 0x0000000000005667

clint mtime 0x00000000000001A8 (mip.MTI <- 0b1, mip.STI <- 0b0)
mem[X,0x0000000080002458] -> 0x9593
mem[X,0x000000008000245A] -> 0x0015
[848] [M]: 0x0000000080002458 (0x00159593) slli x11, x11, 0x1                       sv_Mepc+12
x11 <- 0x000000000000ACCE

mem[X,0x000000008000245C] -> 0x9063
mem[X,0x000000008000245E] -> 0x02B1
[849] [M]: 0x000000008000245C (0x02B19063) bne x3, x11, 0x20                        sv_Mepc+16

clint mtime 0x00000000000001A9 (mip.MTI <- 0b1, mip.STI <- 0b0)
mem[X,0x0000000080002460] -> 0x2473
mem[X,0x0000000080002462] -> 0x3420
[850] [M]: 0x0000000080002460 (0x34202473) csrrs x8, mcause, x0                     sv_Mepc+20
CSR mcause (0x342) -> 0x0000000000000007
x8 <- 0x0000000000000007

mem[X,0x0000000080002464] -> 0x0593
mem[X,0x0000000080002466] -> 0x00C0
[851] [M]: 0x0000000080002464 (0x00C00593) addi x11, x0, 0xc                        sv_Mepc+24
x11 <- 0x000000000000000C

clint mtime 0x00000000000001AA (mip.MTI <- 0b1, mip.STI <- 0b0)
mem[X,0x0000000080002468] -> 0x0663
mem[X,0x000000008000246A] -> 0x00B4
[852] [M]: 0x0000000080002468 (0x00B40663) beq x8, x11, 0xc                         sv_Mepc+28

mem[X,0x000000008000246C] -> 0x0593
mem[X,0x000000008000246E] -> 0x0010
[853] [M]: 0x000000008000246C (0x00100593) addi x11, x0, 0x1                        sv_Mepc+32
x11 <- 0x0000000000000001

clint mtime 0x00000000000001AB (mip.MTI <- 0b1, mip.STI <- 0b0)
mem[X,0x0000000080002470] -> 0x1663
mem[X,0x0000000080002472] -> 0x00B4
[854] [M]: 0x0000000080002470 (0x00B41663) bne x8, x11, 0xc                         sv_Mepc+36

mem[X,0x000000008000247C] -> 0xF593
mem[X,0x000000008000247E] -> 0xFFC3
[855] [M]: 0x000000008000247C (0xFFC3F593) andi x11, x7, -0x4                       adj_Mepc_rtn+0
x11 <- 0x00000000800006E0

clint mtime 0x00000000000001AC (mip.MTI <- 0b1, mip.STI <- 0b0)
mem[X,0x0000000080002480] -> 0x8593
mem[X,0x0000000080002482] -> 0x0085
[856] [M]: 0x0000000080002480 (0x00858593) addi x11, x11, 0x8                       adj_Mepc_rtn+4
x11 <- 0x00000000800006E8

mem[X,0x0000000080002484] -> 0x9073
mem[X,0x0000000080002486] -> 0x3415
[857] [M]: 0x0000000080002484 (0x34159073) csrrw x0, mepc, x11                      adj_Mepc_rtn+8
CSR mepc (0x341) <- 0x00000000800006E8

clint mtime 0x00000000000001AD (mip.MTI <- 0b1, mip.STI <- 0b0)
mem[X,0x0000000080002488] -> 0x23F3
mem[X,0x000000008000248A] -> 0x3430
[858] [M]: 0x0000000080002488 (0x343023F3) csrrs x7, mtval, x0                      skp_adj_Mepc+0
CSR mtval (0x343) -> 0x0000000080002000
x7 <- 0x0000000080002000

mem[X,0x000000008000248C] -> 0x7513
mem[X,0x000000008000248E] -> 0x00F5
[859] [M]: 0x000000008000248C (0x00F57513) andi x10, x10, 0xf                       chk_Mtval+0
x10 <- 0x0000000000000007

clint mtime 0x00000000000001AE (mip.MTI <- 0b1, mip.STI <- 0b0)
mem[X,0x0000000080002490] -> 0x0437
mem[X,0x0000000080002492] -> 0x0000
[860] [M]: 0x0000000080002490 (0x00000437) lui x8, 0x0                              chk_Mtval+4
x8 <- 0x0000000000000000

mem[X,0x0000000080002494] -> 0x0413
mem[X,0x0000000080002496] -> 0x0004
[861] [M]: 0x0000000080002494 (0x00040413) addi x8, x8, 0x0                         chk_Mtval+8
x8 <- 0x0000000000000000

clint mtime 0x00000000000001AF (mip.MTI <- 0b1, mip.STI <- 0b0)
mem[X,0x0000000080002498] -> 0x1413
mem[X,0x000000008000249A] -> 0x00B4
[862] [M]: 0x0000000080002498 (0x00B41413) slli x8, x8, 0xb                         chk_Mtval+12
x8 <- 0x0000000000000000

mem[X,0x000000008000249C] -> 0x0413
mem[X,0x000000008000249E] -> 0x0004
[863] [M]: 0x000000008000249C (0x00040413) addi x8, x8, 0x0                         chk_Mtval+16
x8 <- 0x0000000000000000

clint mtime 0x00000000000001B0 (mip.MTI <- 0b1, mip.STI <- 0b0)
mem[X,0x00000000800024A0] -> 0x1413
mem[X,0x00000000800024A2] -> 0x00B4
[864] [M]: 0x00000000800024A0 (0x00B41413) slli x8, x8, 0xb                         chk_Mtval+20
x8 <- 0x0000000000000000

mem[X,0x00000000800024A4] -> 0x0413
mem[X,0x00000000800024A6] -> 0x02C4
[865] [M]: 0x00000000800024A4 (0x02C40413) addi x8, x8, 0x2c                        chk_Mtval+24
x8 <- 0x000000000000002C

clint mtime 0x00000000000001B1 (mip.MTI <- 0b1, mip.STI <- 0b0)
mem[X,0x00000000800024A8] -> 0x1413
mem[X,0x00000000800024AA] -> 0x00A4
[866] [M]: 0x00000000800024A8 (0x00A41413) slli x8, x8, 0xa                         chk_Mtval+28
x8 <- 0x000000000000B000

mem[X,0x00000000800024AC] -> 0x0413
mem[X,0x00000000800024AE] -> 0x0FB4
[867] [M]: 0x00000000800024AC (0x0FB40413) addi x8, x8, 0xfb                        chk_Mtval+32
x8 <- 0x000000000000B0FB

clint mtime 0x00000000000001B2 (mip.MTI <- 0b1, mip.STI <- 0b0)
mem[X,0x00000000800024B0] -> 0x5433
mem[X,0x00000000800024B2] -> 0x00A4
[868] [M]: 0x00000000800024B0 (0x00A45433) srl x8, x8, x10                          chk_Mtval+36
x8 <- 0x0000000000000161

mem[X,0x00000000800024B4] -> 0x1413
mem[X,0x00000000800024B6] -> 0x03F4
[869] [M]: 0x00000000800024B4 (0x03F41413) slli x8, x8, 0x3f                        chk_Mtval+40
x8 <- 0x8000000000000000

clint mtime 0x00000000000001B3 (mip.MTI <- 0b1, mip.STI <- 0b0)
mem[X,0x00000000800024B8] -> 0x5C63
mem[X,0x00000000800024BA] -> 0x0404
[870] [M]: 0x00000000800024B8 (0x04045C63) bge x8, x0, 0x58                         chk_Mtval+44

mem[X,0x00000000800024BC] -> 0xB403
mem[X,0x00000000800024BE] -> 0x2084
[871] [M]: 0x00000000800024BC (0x2084B403) ld x8, 0x208(x9)                         vmem_adj_Mtval+0
mem[R,0x00000000800064A0] -> 0x00000000800003B4
x8 <- 0x00000000800003B4

clint mtime 0x00000000000001B4 (mip.MTI <- 0b1, mip.STI <- 0b0)
mem[X,0x00000000800024C0] -> 0xB583
mem[X,0x00000000800024C2] -> 0x2104
[872] [M]: 0x00000000800024C0 (0x2104B583) ld x11, 0x210(x9)                        vmem_adj_Mtval+4
mem[R,0x00000000800064A8] -> 0x0000000000001C60
x11 <- 0x0000000000001C60

mem[X,0x00000000800024C4] -> 0x85B3
mem[X,0x00000000800024C6] -> 0x0085
[873] [M]: 0x00000000800024C4 (0x008585B3) add x11, x11, x8                         vmem_adj_Mtval+8
x11 <- 0x0000000080002014

clint mtime 0x00000000000001B5 (mip.MTI <- 0b1, mip.STI <- 0b0)
mem[X,0x00000000800024C8] -> 0xF463
mem[X,0x00000000800024CA] -> 0x00B3
[874] [M]: 0x00000000800024C8 (0x00B3F463) bgeu x7, x11, 0x8                        vmem_adj_Mtval+12

mem[X,0x00000000800024CC] -> 0xF063
mem[X,0x00000000800024CE] -> 0x0483
[875] [M]: 0x00000000800024CC (0x0483F063) bgeu x7, x8, 0x40                        vmem_adj_Mtval+16

clint mtime 0x00000000000001B6 (mip.MTI <- 0b1, mip.STI <- 0b0)
mem[X,0x000000008000250C] -> 0x8433
mem[X,0x000000008000250E] -> 0x4083
[876] [M]: 0x000000008000250C (0x40838433) sub x8, x7, x8                           adj_Mtval+0
x8 <- 0x0000000000001C4C

mem[X,0x0000000080002510] -> 0x3C23
mem[X,0x0000000080002512] -> 0x0083
[877] [M]: 0x0000000080002510 (0x00833C23) sd x8, 0x18(x6)                          sv_Mtval+0
mem[W,0x0000000080007398] <- 0x0000000000001C4C

clint mtime 0x00000000000001B7 (mip.MTI <- 0b1, mip.STI <- 0b0)
mem[X,0x0000000080002514] -> 0x3483
mem[X,0x0000000080002516] -> 0x2181
[878] [M]: 0x0000000080002514 (0x21813483) ld x9, 0x218(x2)                         skp_Mtval+0
mem[R,0x0000000080006218] -> 0x00000000800073A0
x9 <- 0x00000000800073A0

mem[X,0x0000000080002518] -> 0x3383
mem[X,0x000000008000251A] -> 0x1F81
[879] [M]: 0x0000000080002518 (0x1F813383) ld x7, 0x1f8(x2)                         skp_Mtval+4
mem[R,0x00000000800061F8] -> 0x0000000080007210
x7 <- 0x0000000080007210

clint mtime 0x00000000000001B8 (mip.MTI <- 0b1, mip.STI <- 0b0)
mem[X,0x000000008000251C] -> 0x3303
mem[X,0x000000008000251E] -> 0x2001
[880] [M]: 0x000000008000251C (0x20013303) ld x6, 0x200(x2)                         skp_Mtval+8
mem[R,0x0000000080006200] -> 0x0000000000000920
x6 <- 0x0000000000000920

mem[X,0x0000000080002520] -> 0x0333
mem[X,0x0000000080002522] -> 0x0073
[881] [M]: 0x0000000080002520 (0x00730333) add x6, x6, x7                           skp_Mtval+12
x6 <- 0x0000000080007B30

clint mtime 0x00000000000001B9 (mip.MTI <- 0b1, mip.STI <- 0b0)
mem[X,0x0000000080002524] -> 0x6CE3
mem[X,0x0000000080002526] -> 0xAE93
[882] [M]: 0x0000000080002524 (0xAE936CE3) bltu x6, x9, -0x508                      skp_Mtval+16

mem[X,0x0000000080002528] -> 0x0393
mem[X,0x000000008000252A] -> 0x2000
[883] [M]: 0x0000000080002528 (0x20000393) addi x7, x0, 0x200                       skp_Mtval+20
x7 <- 0x0000000000000200

clint mtime 0x00000000000001BA (mip.MTI <- 0b1, mip.STI <- 0b0)
mem[X,0x000000008000252C] -> 0x006F
mem[X,0x000000008000252E] -> 0x0400
[884] [M]: 0x000000008000252C (0x0400006F) jal x0, 0x40                             skp_Mtval+24

mem[X,0x000000008000256C] -> 0x0417
mem[X,0x000000008000256E] -> 0x0000
[885] [M]: 0x000000008000256C (0x00000417) auipc x8, 0x0                            spcl_Mhandler+0
x8 <- 0x000000008000256C

clint mtime 0x00000000000001BB (mip.MTI <- 0b1, mip.STI <- 0b0)
mem[X,0x0000000080002570] -> 0x0413
mem[X,0x0000000080002572] -> 0x03C4
[886] [M]: 0x0000000080002570 (0x03C40413) addi x8, x8, 0x3c                        spcl_Mhandler+4
x8 <- 0x00000000800025A8

mem[X,0x0000000080002574] -> 0x0433
mem[X,0x0000000080002576] -> 0x0074
[887] [M]: 0x0000000080002574 (0x00740433) add x8, x8, x7                           spcl_Mhandler+8
x8 <- 0x00000000800027A8

clint mtime 0x00000000000001BC (mip.MTI <- 0b1, mip.STI <- 0b0)
mem[X,0x0000000080002578] -> 0x1393
mem[X,0x000000008000257A] -> 0x0035
[888] [M]: 0x0000000080002578 (0x00351393) slli x7, x10, 0x3                        spcl_Mhandler+12
x7 <- 0x0000000000000038

mem[X,0x000000008000257C] -> 0x0433
mem[X,0x000000008000257E] -> 0x0074
[889] [M]: 0x000000008000257C (0x00740433) add x8, x8, x7                           spcl_Mhandler+16
x8 <- 0x00000000800027E0

clint mtime 0x00000000000001BD (mip.MTI <- 0b1, mip.STI <- 0b0)
mem[X,0x0000000080002580] -> 0x7413
mem[X,0x0000000080002582] -> 0xFF84
[890] [M]: 0x0000000080002580 (0xFF847413) andi x8, x8, -0x8                        spcl_Mhandler+20
x8 <- 0x00000000800027E0

mem[X,0x0000000080002584] -> 0x3403
mem[X,0x0000000080002586] -> 0x0004
[891] [M]: 0x0000000080002584 (0x00043403) ld x8, 0x0(x8)                           spcl_Mhandler+24
mem[R,0x00000000800027E0] -> 0x000000000000000F
x8 <- 0x000000000000000F

clint mtime 0x00000000000001BE (mip.MTI <- 0b1, mip.STI <- 0b0)
mem[X,0x0000000080002588] -> 0x04E3
mem[X,0x000000008000258A] -> 0xB204
[892] [M]: 0x0000000080002588 (0xB20404E3) beq x8, x0, -0x4d8                       spcl_Mdispatch_hndling+0

mem[X,0x000000008000258C] -> 0x1393
mem[X,0x000000008000258E] -> 0x03F4
[893] [M]: 0x000000008000258C (0x03F41393) slli x7, x8, 0x3f                        spcl_Mdispatch_hndling+4
x7 <- 0x8000000000000000

clint mtime 0x00000000000001BF (mip.MTI <- 0b1, mip.STI <- 0b0)
mem[X,0x0000000080002590] -> 0xD863
mem[X,0x0000000080002592] -> 0x0003
[894] [M]: 0x0000000080002590 (0x0003D863) bge x7, x0, 0x10                         spcl_Mdispatch_hndling+8

mem[X,0x0000000080002594] -> 0x5413
mem[X,0x0000000080002596] -> 0x0014
[895] [M]: 0x0000000080002594 (0x00145413) srli x8, x8, 0x1                         spcl_Mdispatch_hndling+12
x8 <- 0x0000000000000007

clint mtime 0x00000000000001C0 (mip.MTI <- 0b1, mip.STI <- 0b0)
mem[X,0x0000000080002598] -> 0x0CE3
mem[X,0x000000008000259A] -> 0xF885
[896] [M]: 0x0000000080002598 (0xF8850CE3) beq x10, x8, -0x68                       spcl_Mdispatch_hndling+16

mem[X,0x0000000080002530] -> 0x3303
mem[X,0x0000000080002532] -> 0x2601
[897] [M]: 0x0000000080002530 (0x26013303) ld x6, 0x260(x2)                         resto_Mrtn+0
mem[R,0x0000000080006260] -> 0x0000000000000010
x6 <- 0x0000000000000010

clint mtime 0x00000000000001C1 (mip.MTI <- 0b1, mip.STI <- 0b0)
mem[X,0x0000000080002534] -> 0x3383
mem[X,0x0000000080002536] -> 0x2681
[898] [M]: 0x0000000080002534 (0x26813383) ld x7, 0x268(x2)                         resto_Mrtn+4
mem[R,0x0000000080006268] -> 0x0000000080006000
x7 <- 0x0000000080006000

mem[X,0x0000000080002538] -> 0x3403
mem[X,0x000000008000253A] -> 0x2701
[899] [M]: 0x0000000080002538 (0x27013403) ld x8, 0x270(x2)                         resto_Mrtn+8
mem[R,0x0000000080006270] -> 0x0000000000007F76
x8 <- 0x0000000000007F76

clint mtime 0x00000000000001C2 (mip.MTI <- 0b1, mip.STI <- 0b0)
mem[X,0x000000008000253C] -> 0x3483
mem[X,0x000000008000253E] -> 0x2781
[900] [M]: 0x000000008000253C (0x27813483) ld x9, 0x278(x2)                         resto_Mrtn+12
mem[R,0x0000000080006278] -> 0x0000000000000000
x9 <- 0x0000000000000000

mem[X,0x0000000080002540] -> 0x3503
mem[X,0x0000000080002542] -> 0x2801
[901] [M]: 0x0000000080002540 (0x28013503) ld x10, 0x280(x2)                        resto_Mrtn+16
mem[R,0x0000000080006280] -> 0x0000000000000001
x10 <- 0x0000000000000001

clint mtime 0x00000000000001C3 (mip.MTI <- 0b1, mip.STI <- 0b0)
mem[X,0x0000000080002544] -> 0x3583
mem[X,0x0000000080002546] -> 0x2881
[902] [M]: 0x0000000080002544 (0x28813583) ld x11, 0x288(x2)                        resto_Mrtn+20
mem[R,0x0000000080006288] -> 0x0000000000000000
x11 <- 0x0000000000000000

mem[X,0x0000000080002548] -> 0x3103
mem[X,0x000000008000254A] -> 0x2901
[903] [M]: 0x0000000080002548 (0x29013103) ld x2, 0x290(x2)                         resto_Mrtn+24
mem[R,0x0000000080006290] -> 0x01FDDB7D5BFDDB7F
x2 <- 0x01FDDB7D5BFDDB7F

clint mtime 0x00000000000001C4 (mip.MTI <- 0b1, mip.STI <- 0b0)
mem[X,0x000000008000254C] -> 0x0073
mem[X,0x000000008000254E] -> 0x3020
[904] [M]: 0x000000008000254C (0x30200073) mret                                     resto_Mrtn+28
CSR mstatus (0x300) <- 0x0000000A00000080
ret-ing from M to S

mem[X,0x00000000800006E8] -> 0x8793
mem[X,0x00000000800006EA] -> 0xFFC7
[905] [S]: 0x00000000800006E8 (0xFFC78793) addi x15, x15, -0x4                      main+776
x15 <- 0x0000000080001FFC

clint mtime 0x00000000000001C5 (mip.MTI <- 0b1, mip.STI <- 0b0)
mem[X,0x00000000800006EC] -> 0xA023
mem[X,0x00000000800006EE] -> 0x00E7
[906] [S]: 0x00000000800006EC (0x00E7A023) sw x14, 0x0(x15)                         main+780
mem[W,0x0000000080001FFC] <- 0x00000013

mem[X,0x00000000800006F0] -> 0x0013
mem[X,0x00000000800006F2] -> 0x0000
[907] [S]: 0x00000000800006F0 (0x00000013) addi x0, x0, 0x0                         main+784

clint mtime 0x00000000000001C6 (mip.MTI <- 0b1, mip.STI <- 0b0)
mem[X,0x00000000800006F4] -> 0x8793
mem[X,0x00000000800006F6] -> 0x0087
[908] [S]: 0x00000000800006F4 (0x00878793) addi x15, x15, 0x8                       main+788
x15 <- 0x0000000080002004

mem[X,0x00000000800006F8] -> 0xA023
mem[X,0x00000000800006FA] -> 0x00E7
[909] [S]: 0x00000000800006F8 (0x00E7A023) sw x14, 0x0(x15)                         main+792
mem[W,0x0000000080002004] <- 0x00000013

clint mtime 0x00000000000001C7 (mip.MTI <- 0b1, mip.STI <- 0b0)
mem[X,0x00000000800006FC] -> 0x0013
mem[X,0x00000000800006FE] -> 0x0000
[910] [S]: 0x00000000800006FC (0x00000013) addi x0, x0, 0x0                         main+796

mem[X,0x0000000080000700] -> 0x0293
mem[X,0x0000000080000702] -> 0xFFC0
[911] [S]: 0x0000000080000700 (0xFFC00293) addi x5, x0, -0x4                        main+800
x5 <- 0xFFFFFFFFFFFFFFFC

clint mtime 0x00000000000001C8 (mip.MTI <- 0b1, mip.STI <- 0b0)
mem[X,0x0000000080000704] -> 0x87B3
mem[X,0x0000000080000706] -> 0x0057
[912] [S]: 0x0000000080000704 (0x005787B3) add x15, x15, x5                         main+804
x15 <- 0x0000000080002000

mem[X,0x0000000080000708] -> 0xA023
mem[X,0x000000008000070A] -> 0x00E7
[913] [S]: 0x0000000080000708 (0x00E7A023) sw x14, 0x0(x15)                         main+808
trapping from S to M to handle store/amo-access-fault
handling exc#store/amo-access-fault at priv M with tval 0x0000000080002000
CSR mstatus (0x300) <- 0x0000000A00000800
CSR mcause (0x342) <- 0x0000000000000007
CSR mtval (0x343) <- 0x0000000080002000
CSR mepc (0x341) <- 0x0000000080000708

clint mtime 0x00000000000001C9 (mip.MTI <- 0b1, mip.STI <- 0b0)
mem[X,0x0000000080002100] -> 0x006F
mem[X,0x0000000080002102] -> 0x1000
[914] [M]: 0x0000000080002100 (0x1000006F) jal x0, 0x100                            Mtrampoline+0

mem[X,0x0000000080002200] -> 0x1173
mem[X,0x0000000080002202] -> 0x3401
[915] [M]: 0x0000000080002200 (0x34011173) csrrw x2, mscratch, x2                   trap_Mhandler+0
CSR mscratch (0x340) <- 0x01FDDB7D5BFDDB7F
x2 <- 0x0000000080006000

clint mtime 0x00000000000001CA (mip.MTI <- 0b1, mip.STI <- 0b0)
mem[X,0x0000000080002204] -> 0x3423
mem[X,0x0000000080002206] -> 0x28B1
[916] [M]: 0x0000000080002204 (0x28B13423) sd x11, 0x288(x2)                        trap_Mhandler+4
mem[W,0x0000000080006288] <- 0x0000000000000000

mem[X,0x0000000080002208] -> 0x05EF
mem[X,0x000000008000220A] -> 0x0B80
[917] [M]: 0x0000000080002208 (0x0B8005EF) jal x11, 0xb8                            trap_Mhandler+8
x11 <- 0x000000008000220C

clint mtime 0x00000000000001CB (mip.MTI <- 0b1, mip.STI <- 0b0)
mem[X,0x00000000800022C0] -> 0x3023
mem[X,0x00000000800022C2] -> 0x28A1
[918] [M]: 0x00000000800022C0 (0x28A13023) sd x10, 0x280(x2)                        common_Mhandler+0
mem[W,0x0000000080006280] <- 0x0000000000000001

mem[X,0x00000000800022C4] -> 0x1573
mem[X,0x00000000800022C6] -> 0x3401
[919] [M]: 0x00000000800022C4 (0x34011573) csrrw x10, mscratch, x2                  common_Mhandler+4
CSR mscratch (0x340) <- 0x0000000080006000
x10 <- 0x01FDDB7D5BFDDB7F

clint mtime 0x00000000000001CC (mip.MTI <- 0b1, mip.STI <- 0b0)
mem[X,0x00000000800022C8] -> 0x3823
mem[X,0x00000000800022CA] -> 0x28A1
[920] [M]: 0x00000000800022C8 (0x28A13823) sd x10, 0x290(x2)                        common_Mhandler+8
mem[W,0x0000000080006290] <- 0x01FDDB7D5BFDDB7F

mem[X,0x00000000800022CC] -> 0x3503
mem[X,0x00000000800022CE] -> 0x2301
[921] [M]: 0x00000000800022CC (0x23013503) ld x10, 0x230(x2)                        common_Mhandler+12
mem[R,0x0000000080006230] -> 0x00000000800022D4
x10 <- 0x00000000800022D4

clint mtime 0x00000000000001CD (mip.MTI <- 0b1, mip.STI <- 0b0)
mem[X,0x00000000800022D0] -> 0x0067
mem[X,0x00000000800022D2] -> 0x0005
[922] [M]: 0x00000000800022D0 (0x00050067) jalr x0, 0x0(x10)                        common_Mhandler+16

mem[X,0x00000000800022D4] -> 0x3C23
mem[X,0x00000000800022D6] -> 0x2691
[923] [M]: 0x00000000800022D4 (0x26913C23) sd x9, 0x278(x2)                         common_Mentry+0
mem[W,0x0000000080006278] <- 0x0000000000000000

clint mtime 0x00000000000001CE (mip.MTI <- 0b1, mip.STI <- 0b0)
mem[X,0x00000000800022D8] -> 0x3823
mem[X,0x00000000800022DA] -> 0x2681
[924] [M]: 0x00000000800022D8 (0x26813823) sd x8, 0x270(x2)                         common_Mentry+4
mem[W,0x0000000080006270] <- 0x0000000000007F76

mem[X,0x00000000800022DC] -> 0x3423
mem[X,0x00000000800022DE] -> 0x2671
[925] [M]: 0x00000000800022DC (0x26713423) sd x7, 0x268(x2)                         common_Mentry+8
mem[W,0x0000000080006268] <- 0x0000000080006000

clint mtime 0x00000000000001CF (mip.MTI <- 0b1, mip.STI <- 0b0)
mem[X,0x00000000800022E0] -> 0x3023
mem[X,0x00000000800022E2] -> 0x2661
[926] [M]: 0x00000000800022E0 (0x26613023) sd x6, 0x260(x2)                         common_Mentry+12
mem[W,0x0000000080006260] <- 0x0000000000000010

mem[X,0x00000000800022E4] -> 0x2573
mem[X,0x00000000800022E6] -> 0x3420
[927] [M]: 0x00000000800022E4 (0x34202573) csrrs x10, mcause, x0                    spcl_M2mmode_test+0
CSR mcause (0x342) -> 0x0000000000000007
x10 <- 0x0000000000000007

clint mtime 0x00000000000001D0 (mip.MTI <- 0b1, mip.STI <- 0b0)
mem[X,0x00000000800022E8] -> 0x04B7
mem[X,0x00000000800022EA] -> 0x8000
[928] [M]: 0x00000000800022E8 (0x800004B7) lui x9, -0x80000                         spcl_M2mmode_test+4
x9 <- 0xFFFFFFFF80000000

mem[X,0x00000000800022EC] -> 0x8493
mem[X,0x00000000800022EE] -> 0x0004
[929] [M]: 0x00000000800022EC (0x00048493) addi x9, x9, 0x0                         spcl_M2mmode_test+8
x9 <- 0xFFFFFFFF80000000

clint mtime 0x00000000000001D1 (mip.MTI <- 0b1, mip.STI <- 0b0)
mem[X,0x00000000800022F0] -> 0x9493
mem[X,0x00000000800022F2] -> 0x00B4
[930] [M]: 0x00000000800022F0 (0x00B49493) slli x9, x9, 0xb                         spcl_M2mmode_test+12
x9 <- 0xFFFFFC0000000000

mem[X,0x00000000800022F4] -> 0x8493
mem[X,0x00000000800022F6] -> 0x0004
[931] [M]: 0x00000000800022F4 (0x00048493) addi x9, x9, 0x0                         spcl_M2mmode_test+16
x9 <- 0xFFFFFC0000000000

clint mtime 0x00000000000001D2 (mip.MTI <- 0b1, mip.STI <- 0b0)
mem[X,0x00000000800022F8] -> 0x9493
mem[X,0x00000000800022FA] -> 0x00B4
[932] [M]: 0x00000000800022F8 (0x00B49493) slli x9, x9, 0xb                         spcl_M2mmode_test+20
x9 <- 0xFFE0000000000000

mem[X,0x00000000800022FC] -> 0x8493
mem[X,0x00000000800022FE] -> 0x0034
[933] [M]: 0x00000000800022FC (0x00348493) addi x9, x9, 0x3                         spcl_M2mmode_test+24
x9 <- 0xFFE0000000000003

clint mtime 0x00000000000001D3 (mip.MTI <- 0b1, mip.STI <- 0b0)
mem[X,0x0000000080002300] -> 0x9493
mem[X,0x0000000080002302] -> 0x00A4
[934] [M]: 0x0000000080002300 (0x00A49493) slli x9, x9, 0xa                         spcl_M2mmode_test+28
x9 <- 0x8000000000000C00

mem[X,0x0000000080002304] -> 0x8493
mem[X,0x0000000080002306] -> 0x3FC4
[935] [M]: 0x0000000080002304 (0x3FC48493) addi x9, x9, 0x3fc                       spcl_M2mmode_test+32
x9 <- 0x8000000000000FFC

clint mtime 0x00000000000001D4 (mip.MTI <- 0b1, mip.STI <- 0b0)
mem[X,0x0000000080002308] -> 0xF4B3
mem[X,0x000000008000230A] -> 0x00A4
[936] [M]: 0x0000000080002308 (0x00A4F4B3) and x9, x9, x10                          spcl_M2mmode_test+36
x9 <- 0x0000000000000004

mem[X,0x000000008000230C] -> 0x8493
mem[X,0x000000008000230E] -> 0xFF84
[937] [M]: 0x000000008000230C (0xFF848493) addi x9, x9, -0x8                        spcl_M2mmode_test+40
x9 <- 0xFFFFFFFFFFFFFFFC

clint mtime 0x00000000000001D5 (mip.MTI <- 0b1, mip.STI <- 0b0)
mem[X,0x0000000080002310] -> 0x9663
mem[X,0x0000000080002312] -> 0x0004
[938] [M]: 0x0000000080002310 (0x00049663) bne x9, x0, 0xc                          spcl_M2mmode_test+44

mem[X,0x000000008000231C] -> 0x0393
mem[X,0x000000008000231E] -> 0x0200
[939] [M]: 0x000000008000231C (0x02000393) addi x7, x0, 0x20                        Mtrapsig_ptr_upd+0
x7 <- 0x0000000000000020

clint mtime 0x00000000000001D6 (mip.MTI <- 0b1, mip.STI <- 0b0)
mem[X,0x0000000080002320] -> 0x5263
mem[X,0x0000000080002322] -> 0x0405
[940] [M]: 0x0000000080002320 (0x04055263) bge x10, x0, 0x44                        Mtrapsig_ptr_upd+4

mem[X,0x0000000080002364] -> 0x2373
mem[X,0x0000000080002366] -> 0x3010
[941] [M]: 0x0000000080002364 (0x30102373) csrrs x6, misa, x0                       Mxcpt_sig_sv+0
CSR misa (0x301) -> 0x800000000034112F
x6 <- 0x800000000034112F

clint mtime 0x00000000000001D7 (mip.MTI <- 0b1, mip.STI <- 0b0)
mem[X,0x0000000080002368] -> 0x1313
mem[X,0x000000008000236A] -> 0x0383
[942] [M]: 0x0000000080002368 (0x03831313) slli x6, x6, 0x38                        Mxcpt_sig_sv+4
x6 <- 0x2F00000000000000

mem[X,0x000000008000236C] -> 0x5463
mem[X,0x000000008000236E] -> 0x0003
[943] [M]: 0x000000008000236C (0x00035463) bge x6, x0, 0x8                          Mxcpt_sig_sv+8

clint mtime 0x00000000000001D8 (mip.MTI <- 0b1, mip.STI <- 0b0)
mem[X,0x0000000080002374] -> 0x3303
mem[X,0x0000000080002376] -> 0x2181
[944] [M]: 0x0000000080002374 (0x21813303) ld x6, 0x218(x2)                         Mtrap_sig_sv+0
mem[R,0x0000000080006218] -> 0x00000000800073A0
x6 <- 0x00000000800073A0

mem[X,0x0000000080002378] -> 0x04B3
mem[X,0x000000008000237A] -> 0x0073
[945] [M]: 0x0000000080002378 (0x007304B3) add x9, x6, x7                           Mtrap_sig_sv+4
x9 <- 0x00000000800073C0

clint mtime 0x00000000000001D9 (mip.MTI <- 0b1, mip.STI <- 0b0)
mem[X,0x000000008000237C] -> 0x3C23
mem[X,0x000000008000237E] -> 0x2091
[946] [M]: 0x000000008000237C (0x20913C23) sd x9, 0x218(x2)                         Mtrap_sig_sv+8
mem[W,0x0000000080006218] <- 0x00000000800073C0

mem[X,0x0000000080002380] -> 0x3403
mem[X,0x0000000080002382] -> 0x1F81
[947] [M]: 0x0000000080002380 (0x1F813403) ld x8, 0x1f8(x2)                         Mtrap_sig_sv+12
mem[R,0x00000000800061F8] -> 0x0000000080007210
x8 <- 0x0000000080007210

clint mtime 0x00000000000001DA (mip.MTI <- 0b1, mip.STI <- 0b0)
mem[X,0x0000000080002384] -> 0x0333
mem[X,0x0000000080002386] -> 0x4083
[948] [M]: 0x0000000080002384 (0x40830333) sub x6, x6, x8                           Mtrap_sig_sv+16
x6 <- 0x0000000000000190

mem[X,0x0000000080002388] -> 0x3403
mem[X,0x000000008000238A] -> 0x1F81
[949] [M]: 0x0000000080002388 (0x1F813403) ld x8, 0x1f8(x2)                         Mtrap_sig_sv+20
mem[R,0x00000000800061F8] -> 0x0000000080007210
x8 <- 0x0000000080007210

clint mtime 0x00000000000001DB (mip.MTI <- 0b1, mip.STI <- 0b0)
mem[X,0x000000008000238C] -> 0x0333
mem[X,0x000000008000238E] -> 0x0083
[950] [M]: 0x000000008000238C (0x00830333) add x6, x6, x8                           Mtrap_sig_sv+24
x6 <- 0x00000000800073A0

mem[X,0x0000000080002390] -> 0x3403
mem[X,0x0000000080002392] -> 0x2401
[951] [M]: 0x0000000080002390 (0x24013403) ld x8, 0x240(x2)                         Mtrap_sig_sv+28
mem[R,0x0000000080006240] -> 0x0000000080002100
x8 <- 0x0000000080002100

clint mtime 0x00000000000001DC (mip.MTI <- 0b1, mip.STI <- 0b0)
mem[X,0x0000000080002394] -> 0x85B3
mem[X,0x0000000080002396] -> 0x4085
[952] [M]: 0x0000000080002394 (0x408585B3) sub x11, x11, x8                         sv_Mvect+0
x11 <- 0x000000000000010C

mem[X,0x0000000080002398] -> 0x9593
mem[X,0x000000008000239A] -> 0x0045
[953] [M]: 0x0000000080002398 (0x00459593) slli x11, x11, 0x4                       sv_Mvect+4
x11 <- 0x00000000000010C0

clint mtime 0x00000000000001DD (mip.MTI <- 0b1, mip.STI <- 0b0)
mem[X,0x000000008000239C] -> 0xE5B3
mem[X,0x000000008000239E] -> 0x0075
[954] [M]: 0x000000008000239C (0x0075E5B3) or x11, x11, x7                          sv_Mvect+8
x11 <- 0x00000000000010E0

mem[X,0x00000000800023A0] -> 0x8593
mem[X,0x00000000800023A2] -> 0x0035
[955] [M]: 0x00000000800023A0 (0x00358593) addi x11, x11, 0x3                       sv_Mvect+12
x11 <- 0x00000000000010E3

clint mtime 0x00000000000001DE (mip.MTI <- 0b1, mip.STI <- 0b0)
mem[X,0x00000000800023A4] -> 0x3023
mem[X,0x00000000800023A6] -> 0x00B3
[956] [M]: 0x00000000800023A4 (0x00B33023) sd x11, 0x0(x6)                          sv_Mvect+16
mem[W,0x00000000800073A0] <- 0x00000000000010E3

mem[X,0x00000000800023A8] -> 0x3423
mem[X,0x00000000800023AA] -> 0x00A3
[957] [M]: 0x00000000800023A8 (0x00A33423) sd x10, 0x8(x6)                          sv_Mcause+0
mem[W,0x00000000800073A8] <- 0x0000000000000007

clint mtime 0x00000000000001DF (mip.MTI <- 0b1, mip.STI <- 0b0)
mem[X,0x00000000800023AC] -> 0x4263
mem[X,0x00000000800023AE] -> 0x1A05
[958] [M]: 0x00000000800023AC (0x1A054263) blt x10, x0, 0x1a4                       sv_Mcause+4

mem[X,0x00000000800023B0] -> 0x25F3
mem[X,0x00000000800023B2] -> 0x3000
[959] [M]: 0x00000000800023B0 (0x300025F3) csrrs x11, mstatus, x0                   common_Mexcpt_handler+0
CSR mstatus (0x300) -> 0x0000000A00000800
x11 <- 0x0000000A00000800

clint mtime 0x00000000000001E0 (mip.MTI <- 0b1, mip.STI <- 0b0)
mem[X,0x00000000800023B4] -> 0x9413
mem[X,0x00000000800023B6] -> 0x02E5
[960] [M]: 0x00000000800023B4 (0x02E59413) slli x8, x11, 0x2e                       common_Mexcpt_handler+4
x8 <- 0x0200000000000000

mem[X,0x00000000800023B8] -> 0x5463
mem[X,0x00000000800023BA] -> 0x0004
[961] [M]: 0x00000000800023B8 (0x00045463) bge x8, x0, 0x8                          common_Mexcpt_handler+8

clint mtime 0x00000000000001E1 (mip.MTI <- 0b1, mip.STI <- 0b0)
mem[X,0x00000000800023C0] -> 0xD493
mem[X,0x00000000800023C2] -> 0x00B5
[962] [M]: 0x00000000800023C0 (0x00B5D493) srli x9, x11, 0xb                        common_Mexcpt_handler+16
x9 <- 0x0000000001400001

mem[X,0x00000000800023C4] -> 0xF493
mem[X,0x00000000800023C6] -> 0x0034
[963] [M]: 0x00000000800023C4 (0x0034F493) andi x9, x9, 0x3                         common_Mexcpt_handler+20
x9 <- 0x0000000000000001

clint mtime 0x00000000000001E2 (mip.MTI <- 0b1, mip.STI <- 0b0)
mem[X,0x00000000800023C8] -> 0x8493
mem[X,0x00000000800023CA] -> 0x0014
[964] [M]: 0x00000000800023C8 (0x00148493) addi x9, x9, 0x1                         common_Mexcpt_handler+24
x9 <- 0x0000000000000002

mem[X,0x00000000800023CC] -> 0xF493
mem[X,0x00000000800023CE] -> 0x0044
[965] [M]: 0x00000000800023CC (0x0044F493) andi x9, x9, 0x4                         common_Mexcpt_handler+28
x9 <- 0x0000000000000000

clint mtime 0x00000000000001E3 (mip.MTI <- 0b1, mip.STI <- 0b0)
mem[X,0x00000000800023D0] -> 0x0593
mem[X,0x00000000800023D2] -> 0x05D0
[966] [M]: 0x00000000800023D0 (0x05D00593) addi x11, x0, 0x5d                       common_Mexcpt_handler+32
x11 <- 0x000000000000005D

mem[X,0x00000000800023D4] -> 0xD5B3
mem[X,0x00000000800023D6] -> 0x0095
[967] [M]: 0x00000000800023D4 (0x0095D5B3) srl x11, x11, x9                         common_Mexcpt_handler+36
x11 <- 0x000000000000005D

clint mtime 0x00000000000001E4 (mip.MTI <- 0b1, mip.STI <- 0b0)
mem[X,0x00000000800023D8] -> 0xF593
mem[X,0x00000000800023DA] -> 0x0015
[968] [M]: 0x00000000800023D8 (0x0015F593) andi x11, x11, 0x1                       common_Mexcpt_handler+40
x11 <- 0x0000000000000001

mem[X,0x00000000800023DC] -> 0x8EE3
mem[X,0x00000000800023DE] -> 0xF405
[969] [M]: 0x00000000800023DC (0xF4058EE3) beq x11, x0, -0xa4                       common_Mexcpt_handler+44

clint mtime 0x00000000000001E5 (mip.MTI <- 0b1, mip.STI <- 0b0)
mem[X,0x00000000800023E0] -> 0x0593
mem[X,0x00000000800023E2] -> 0x2980
[970] [M]: 0x00000000800023E0 (0x29800593) addi x11, x0, 0x298                      common_Mexcpt_handler+48
x11 <- 0x0000000000000298

mem[X,0x00000000800023E4] -> 0xF413
mem[X,0x00000000800023E6] -> 0x0014
[971] [M]: 0x00000000800023E4 (0x0014F413) andi x8, x9, 0x1                         common_Mexcpt_handler+52
x8 <- 0x0000000000000000

clint mtime 0x00000000000001E6 (mip.MTI <- 0b1, mip.STI <- 0b0)
mem[X,0x00000000800023E8] -> 0x95B3
mem[X,0x00000000800023EA] -> 0x0085
[972] [M]: 0x00000000800023E8 (0x008595B3) sll x11, x11, x8                         common_Mexcpt_handler+56
x11 <- 0x0000000000000298

mem[X,0x00000000800023EC] -> 0x9413
mem[X,0x00000000800023EE] -> 0x03D4
[973] [M]: 0x00000000800023EC (0x03D49413) slli x8, x9, 0x3d                        common_Mexcpt_handler+60
x8 <- 0x0000000000000000

clint mtime 0x00000000000001E7 (mip.MTI <- 0b1, mip.STI <- 0b0)
mem[X,0x00000000800023F0] -> 0x5413
mem[X,0x00000000800023F2] -> 0x43F4
[974] [M]: 0x00000000800023F0 (0x43F45413) srai x8, x8, 0x3f                        common_Mexcpt_handler+64
x8 <- 0x0000000000000000

mem[X,0x00000000800023F4] -> 0x4413
mem[X,0x00000000800023F6] -> 0xFFF4
[975] [M]: 0x00000000800023F4 (0xFFF44413) xori x8, x8, -0x1                        common_Mexcpt_handler+68
x8 <- 0xFFFFFFFFFFFFFFFF

clint mtime 0x00000000000001E8 (mip.MTI <- 0b1, mip.STI <- 0b0)
mem[X,0x00000000800023F8] -> 0xF4B3
mem[X,0x00000000800023FA] -> 0x0085
[976] [M]: 0x00000000800023F8 (0x0085F4B3) and x9, x11, x8                          common_Mexcpt_handler+72
x9 <- 0x0000000000000298

mem[X,0x00000000800023FC] -> 0x84B3
mem[X,0x00000000800023FE] -> 0x0024
[977] [M]: 0x00000000800023FC (0x002484B3) add x9, x9, x2                           vmem_adj_Mepc+0
x9 <- 0x0000000080006298

clint mtime 0x00000000000001E9 (mip.MTI <- 0b1, mip.STI <- 0b0)
mem[X,0x0000000080002400] -> 0x23F3
mem[X,0x0000000080002402] -> 0x3410
[978] [M]: 0x0000000080002400 (0x341023F3) csrrs x7, mepc, x0                       vmem_adj_Mepc+4
CSR mepc (0x341) -> 0x0000000080000708
x7 <- 0x0000000080000708

mem[X,0x0000000080002404] -> 0x0413
mem[X,0x0000000080002406] -> 0x0004
[979] [M]: 0x0000000080002404 (0x00040413) addi x8, x8, 0x0                         vmem_adj_Mepc+8
x8 <- 0xFFFFFFFFFFFFFFFF

clint mtime 0x00000000000001EA (mip.MTI <- 0b1, mip.STI <- 0b0)
mem[X,0x0000000080002408] -> 0x006F
mem[X,0x000000008000240A] -> 0x0400
[980] [M]: 0x0000000080002408 (0x0400006F) jal x0, 0x40                             vmem_adj_Mepc+12

mem[X,0x0000000080002448] -> 0x8433
mem[X,0x000000008000244A] -> 0x4083
[981] [M]: 0x0000000080002448 (0x40838433) sub x8, x7, x8                           adj_Mepc+0
x8 <- 0x0000000080000709

clint mtime 0x00000000000001EB (mip.MTI <- 0b1, mip.STI <- 0b0)
mem[X,0x000000008000244C] -> 0x3823
mem[X,0x000000008000244E] -> 0x0083
[982] [M]: 0x000000008000244C (0x00833823) sd x8, 0x10(x6)                          sv_Mepc+0
mem[W,0x00000000800073B0] <- 0x0000000080000709

mem[X,0x0000000080002450] -> 0x55B7
mem[X,0x0000000080002452] -> 0x0000
[983] [M]: 0x0000000080002450 (0x000055B7) lui x11, 0x5                             sv_Mepc+4
x11 <- 0x0000000000005000

clint mtime 0x00000000000001EC (mip.MTI <- 0b1, mip.STI <- 0b0)
mem[X,0x0000000080002454] -> 0x8593
mem[X,0x0000000080002456] -> 0x6675
[984] [M]: 0x0000000080002454 (0x66758593) addi x11, x11, 0x667                     sv_Mepc+8
x11 <- 0x0000000000005667

mem[X,0x0000000080002458] -> 0x9593
mem[X,0x000000008000245A] -> 0x0015
[985] [M]: 0x0000000080002458 (0x00159593) slli x11, x11, 0x1                       sv_Mepc+12
x11 <- 0x000000000000ACCE

clint mtime 0x00000000000001ED (mip.MTI <- 0b1, mip.STI <- 0b0)
mem[X,0x000000008000245C] -> 0x9063
mem[X,0x000000008000245E] -> 0x02B1
[986] [M]: 0x000000008000245C (0x02B19063) bne x3, x11, 0x20                        sv_Mepc+16

mem[X,0x0000000080002460] -> 0x2473
mem[X,0x0000000080002462] -> 0x3420
[987] [M]: 0x0000000080002460 (0x34202473) csrrs x8, mcause, x0                     sv_Mepc+20
CSR mcause (0x342) -> 0x0000000000000007
x8 <- 0x0000000000000007

clint mtime 0x00000000000001EE (mip.MTI <- 0b1, mip.STI <- 0b0)
mem[X,0x0000000080002464] -> 0x0593
mem[X,0x0000000080002466] -> 0x00C0
[988] [M]: 0x0000000080002464 (0x00C00593) addi x11, x0, 0xc                        sv_Mepc+24
x11 <- 0x000000000000000C

mem[X,0x0000000080002468] -> 0x0663
mem[X,0x000000008000246A] -> 0x00B4
[989] [M]: 0x0000000080002468 (0x00B40663) beq x8, x11, 0xc                         sv_Mepc+28

clint mtime 0x00000000000001EF (mip.MTI <- 0b1, mip.STI <- 0b0)
mem[X,0x000000008000246C] -> 0x0593
mem[X,0x000000008000246E] -> 0x0010
[990] [M]: 0x000000008000246C (0x00100593) addi x11, x0, 0x1                        sv_Mepc+32
x11 <- 0x0000000000000001

mem[X,0x0000000080002470] -> 0x1663
mem[X,0x0000000080002472] -> 0x00B4
[991] [M]: 0x0000000080002470 (0x00B41663) bne x8, x11, 0xc                         sv_Mepc+36

clint mtime 0x00000000000001F0 (mip.MTI <- 0b1, mip.STI <- 0b0)
mem[X,0x000000008000247C] -> 0xF593
mem[X,0x000000008000247E] -> 0xFFC3
[992] [M]: 0x000000008000247C (0xFFC3F593) andi x11, x7, -0x4                       adj_Mepc_rtn+0
x11 <- 0x0000000080000708

mem[X,0x0000000080002480] -> 0x8593
mem[X,0x0000000080002482] -> 0x0085
[993] [M]: 0x0000000080002480 (0x00858593) addi x11, x11, 0x8                       adj_Mepc_rtn+4
x11 <- 0x0000000080000710

clint mtime 0x00000000000001F1 (mip.MTI <- 0b1, mip.STI <- 0b0)
mem[X,0x0000000080002484] -> 0x9073
mem[X,0x0000000080002486] -> 0x3415
[994] [M]: 0x0000000080002484 (0x34159073) csrrw x0, mepc, x11                      adj_Mepc_rtn+8
CSR mepc (0x341) <- 0x0000000080000710

mem[X,0x0000000080002488] -> 0x23F3
mem[X,0x000000008000248A] -> 0x3430
[995] [M]: 0x0000000080002488 (0x343023F3) csrrs x7, mtval, x0                      skp_adj_Mepc+0
CSR mtval (0x343) -> 0x0000000080002000
x7 <- 0x0000000080002000

clint mtime 0x00000000000001F2 (mip.MTI <- 0b1, mip.STI <- 0b0)
mem[X,0x000000008000248C] -> 0x7513
mem[X,0x000000008000248E] -> 0x00F5
[996] [M]: 0x000000008000248C (0x00F57513) andi x10, x10, 0xf                       chk_Mtval+0
x10 <- 0x0000000000000007

mem[X,0x0000000080002490] -> 0x0437
mem[X,0x0000000080002492] -> 0x0000
[997] [M]: 0x0000000080002490 (0x00000437) lui x8, 0x0                              chk_Mtval+4
x8 <- 0x0000000000000000

clint mtime 0x00000000000001F3 (mip.MTI <- 0b1, mip.STI <- 0b0)
mem[X,0x0000000080002494] -> 0x0413
mem[X,0x0000000080002496] -> 0x0004
[998] [M]: 0x0000000080002494 (0x00040413) addi x8, x8, 0x0                         chk_Mtval+8
x8 <- 0x0000000000000000

mem[X,0x0000000080002498] -> 0x1413
mem[X,0x000000008000249A] -> 0x00B4
[999] [M]: 0x0000000080002498 (0x00B41413) slli x8, x8, 0xb                         chk_Mtval+12
x8 <- 0x0000000000000000

clint mtime 0x00000000000001F4 (mip.MTI <- 0b1, mip.STI <- 0b0)
mem[X,0x000000008000249C] -> 0x0413
mem[X,0x000000008000249E] -> 0x0004
[1000] [M]: 0x000000008000249C (0x00040413) addi x8, x8, 0x0                        chk_Mtval+16
x8 <- 0x0000000000000000

mem[X,0x00000000800024A0] -> 0x1413
mem[X,0x00000000800024A2] -> 0x00B4
[1001] [M]: 0x00000000800024A0 (0x00B41413) slli x8, x8, 0xb                        chk_Mtval+20
x8 <- 0x0000000000000000

clint mtime 0x00000000000001F5 (mip.MTI <- 0b1, mip.STI <- 0b0)
mem[X,0x00000000800024A4] -> 0x0413
mem[X,0x00000000800024A6] -> 0x02C4
[1002] [M]: 0x00000000800024A4 (0x02C40413) addi x8, x8, 0x2c                       chk_Mtval+24
x8 <- 0x000000000000002C

mem[X,0x00000000800024A8] -> 0x1413
mem[X,0x00000000800024AA] -> 0x00A4
[1003] [M]: 0x00000000800024A8 (0x00A41413) slli x8, x8, 0xa                        chk_Mtval+28
x8 <- 0x000000000000B000

clint mtime 0x00000000000001F6 (mip.MTI <- 0b1, mip.STI <- 0b0)
mem[X,0x00000000800024AC] -> 0x0413
mem[X,0x00000000800024AE] -> 0x0FB4
[1004] [M]: 0x00000000800024AC (0x0FB40413) addi x8, x8, 0xfb                       chk_Mtval+32
x8 <- 0x000000000000B0FB

mem[X,0x00000000800024B0] -> 0x5433
mem[X,0x00000000800024B2] -> 0x00A4
[1005] [M]: 0x00000000800024B0 (0x00A45433) srl x8, x8, x10                         chk_Mtval+36
x8 <- 0x0000000000000161

clint mtime 0x00000000000001F7 (mip.MTI <- 0b1, mip.STI <- 0b0)
mem[X,0x00000000800024B4] -> 0x1413
mem[X,0x00000000800024B6] -> 0x03F4
[1006] [M]: 0x00000000800024B4 (0x03F41413) slli x8, x8, 0x3f                       chk_Mtval+40
x8 <- 0x8000000000000000

mem[X,0x00000000800024B8] -> 0x5C63
mem[X,0x00000000800024BA] -> 0x0404
[1007] [M]: 0x00000000800024B8 (0x04045C63) bge x8, x0, 0x58                        chk_Mtval+44

clint mtime 0x00000000000001F8 (mip.MTI <- 0b1, mip.STI <- 0b0)
mem[X,0x00000000800024BC] -> 0xB403
mem[X,0x00000000800024BE] -> 0x2084
[1008] [M]: 0x00000000800024BC (0x2084B403) ld x8, 0x208(x9)                        vmem_adj_Mtval+0
mem[R,0x00000000800064A0] -> 0x00000000800003B4
x8 <- 0x00000000800003B4

mem[X,0x00000000800024C0] -> 0xB583
mem[X,0x00000000800024C2] -> 0x2104
[1009] [M]: 0x00000000800024C0 (0x2104B583) ld x11, 0x210(x9)                       vmem_adj_Mtval+4
mem[R,0x00000000800064A8] -> 0x0000000000001C60
x11 <- 0x0000000000001C60

clint mtime 0x00000000000001F9 (mip.MTI <- 0b1, mip.STI <- 0b0)
mem[X,0x00000000800024C4] -> 0x85B3
mem[X,0x00000000800024C6] -> 0x0085
[1010] [M]: 0x00000000800024C4 (0x008585B3) add x11, x11, x8                        vmem_adj_Mtval+8
x11 <- 0x0000000080002014

mem[X,0x00000000800024C8] -> 0xF463
mem[X,0x00000000800024CA] -> 0x00B3
[1011] [M]: 0x00000000800024C8 (0x00B3F463) bgeu x7, x11, 0x8                       vmem_adj_Mtval+12

clint mtime 0x00000000000001FA (mip.MTI <- 0b1, mip.STI <- 0b0)
mem[X,0x00000000800024CC] -> 0xF063
mem[X,0x00000000800024CE] -> 0x0483
[1012] [M]: 0x00000000800024CC (0x0483F063) bgeu x7, x8, 0x40                       vmem_adj_Mtval+16

mem[X,0x000000008000250C] -> 0x8433
mem[X,0x000000008000250E] -> 0x4083
[1013] [M]: 0x000000008000250C (0x40838433) sub x8, x7, x8                          adj_Mtval+0
x8 <- 0x0000000000001C4C

clint mtime 0x00000000000001FB (mip.MTI <- 0b1, mip.STI <- 0b0)
mem[X,0x0000000080002510] -> 0x3C23
mem[X,0x0000000080002512] -> 0x0083
[1014] [M]: 0x0000000080002510 (0x00833C23) sd x8, 0x18(x6)                         sv_Mtval+0
mem[W,0x00000000800073B8] <- 0x0000000000001C4C

mem[X,0x0000000080002514] -> 0x3483
mem[X,0x0000000080002516] -> 0x2181
[1015] [M]: 0x0000000080002514 (0x21813483) ld x9, 0x218(x2)                        skp_Mtval+0
mem[R,0x0000000080006218] -> 0x00000000800073C0
x9 <- 0x00000000800073C0

clint mtime 0x00000000000001FC (mip.MTI <- 0b1, mip.STI <- 0b0)
mem[X,0x0000000080002518] -> 0x3383
mem[X,0x000000008000251A] -> 0x1F81
[1016] [M]: 0x0000000080002518 (0x1F813383) ld x7, 0x1f8(x2)                        skp_Mtval+4
mem[R,0x00000000800061F8] -> 0x0000000080007210
x7 <- 0x0000000080007210

mem[X,0x000000008000251C] -> 0x3303
mem[X,0x000000008000251E] -> 0x2001
[1017] [M]: 0x000000008000251C (0x20013303) ld x6, 0x200(x2)                        skp_Mtval+8
mem[R,0x0000000080006200] -> 0x0000000000000920
x6 <- 0x0000000000000920

clint mtime 0x00000000000001FD (mip.MTI <- 0b1, mip.STI <- 0b0)
mem[X,0x0000000080002520] -> 0x0333
mem[X,0x0000000080002522] -> 0x0073
[1018] [M]: 0x0000000080002520 (0x00730333) add x6, x6, x7                          skp_Mtval+12
x6 <- 0x0000000080007B30

mem[X,0x0000000080002524] -> 0x6CE3
mem[X,0x0000000080002526] -> 0xAE93
[1019] [M]: 0x0000000080002524 (0xAE936CE3) bltu x6, x9, -0x508                     skp_Mtval+16

clint mtime 0x00000000000001FE (mip.MTI <- 0b1, mip.STI <- 0b0)
mem[X,0x0000000080002528] -> 0x0393
mem[X,0x000000008000252A] -> 0x2000
[1020] [M]: 0x0000000080002528 (0x20000393) addi x7, x0, 0x200                      skp_Mtval+20
x7 <- 0x0000000000000200

mem[X,0x000000008000252C] -> 0x006F
mem[X,0x000000008000252E] -> 0x0400
[1021] [M]: 0x000000008000252C (0x0400006F) jal x0, 0x40                            skp_Mtval+24

clint mtime 0x00000000000001FF (mip.MTI <- 0b1, mip.STI <- 0b0)
mem[X,0x000000008000256C] -> 0x0417
mem[X,0x000000008000256E] -> 0x0000
[1022] [M]: 0x000000008000256C (0x00000417) auipc x8, 0x0                           spcl_Mhandler+0
x8 <- 0x000000008000256C

mem[X,0x0000000080002570] -> 0x0413
mem[X,0x0000000080002572] -> 0x03C4
[1023] [M]: 0x0000000080002570 (0x03C40413) addi x8, x8, 0x3c                       spcl_Mhandler+4
x8 <- 0x00000000800025A8

clint mtime 0x0000000000000200 (mip.MTI <- 0b1, mip.STI <- 0b0)
mem[X,0x0000000080002574] -> 0x0433
mem[X,0x0000000080002576] -> 0x0074
[1024] [M]: 0x0000000080002574 (0x00740433) add x8, x8, x7                          spcl_Mhandler+8
x8 <- 0x00000000800027A8

mem[X,0x0000000080002578] -> 0x1393
mem[X,0x000000008000257A] -> 0x0035
[1025] [M]: 0x0000000080002578 (0x00351393) slli x7, x10, 0x3                       spcl_Mhandler+12
x7 <- 0x0000000000000038

clint mtime 0x0000000000000201 (mip.MTI <- 0b1, mip.STI <- 0b0)
mem[X,0x000000008000257C] -> 0x0433
mem[X,0x000000008000257E] -> 0x0074
[1026] [M]: 0x000000008000257C (0x00740433) add x8, x8, x7                          spcl_Mhandler+16
x8 <- 0x00000000800027E0

mem[X,0x0000000080002580] -> 0x7413
mem[X,0x0000000080002582] -> 0xFF84
[1027] [M]: 0x0000000080002580 (0xFF847413) andi x8, x8, -0x8                       spcl_Mhandler+20
x8 <- 0x00000000800027E0

clint mtime 0x0000000000000202 (mip.MTI <- 0b1, mip.STI <- 0b0)
mem[X,0x0000000080002584] -> 0x3403
mem[X,0x0000000080002586] -> 0x0004
[1028] [M]: 0x0000000080002584 (0x00043403) ld x8, 0x0(x8)                          spcl_Mhandler+24
mem[R,0x00000000800027E0] -> 0x000000000000000F
x8 <- 0x000000000000000F

mem[X,0x0000000080002588] -> 0x04E3
mem[X,0x000000008000258A] -> 0xB204
[1029] [M]: 0x0000000080002588 (0xB20404E3) beq x8, x0, -0x4d8                      spcl_Mdispatch_hndling+0

clint mtime 0x0000000000000203 (mip.MTI <- 0b1, mip.STI <- 0b0)
mem[X,0x000000008000258C] -> 0x1393
mem[X,0x000000008000258E] -> 0x03F4
[1030] [M]: 0x000000008000258C (0x03F41393) slli x7, x8, 0x3f                       spcl_Mdispatch_hndling+4
x7 <- 0x8000000000000000

mem[X,0x0000000080002590] -> 0xD863
mem[X,0x0000000080002592] -> 0x0003
[1031] [M]: 0x0000000080002590 (0x0003D863) bge x7, x0, 0x10                        spcl_Mdispatch_hndling+8

clint mtime 0x0000000000000204 (mip.MTI <- 0b1, mip.STI <- 0b0)
mem[X,0x0000000080002594] -> 0x5413
mem[X,0x0000000080002596] -> 0x0014
[1032] [M]: 0x0000000080002594 (0x00145413) srli x8, x8, 0x1                        spcl_Mdispatch_hndling+12
x8 <- 0x0000000000000007

mem[X,0x0000000080002598] -> 0x0CE3
mem[X,0x000000008000259A] -> 0xF885
[1033] [M]: 0x0000000080002598 (0xF8850CE3) beq x10, x8, -0x68                      spcl_Mdispatch_hndling+16

clint mtime 0x0000000000000205 (mip.MTI <- 0b1, mip.STI <- 0b0)
mem[X,0x0000000080002530] -> 0x3303
mem[X,0x0000000080002532] -> 0x2601
[1034] [M]: 0x0000000080002530 (0x26013303) ld x6, 0x260(x2)                        resto_Mrtn+0
mem[R,0x0000000080006260] -> 0x0000000000000010
x6 <- 0x0000000000000010

mem[X,0x0000000080002534] -> 0x3383
mem[X,0x0000000080002536] -> 0x2681
[1035] [M]: 0x0000000080002534 (0x26813383) ld x7, 0x268(x2)                        resto_Mrtn+4
mem[R,0x0000000080006268] -> 0x0000000080006000
x7 <- 0x0000000080006000

clint mtime 0x0000000000000206 (mip.MTI <- 0b1, mip.STI <- 0b0)
mem[X,0x0000000080002538] -> 0x3403
mem[X,0x000000008000253A] -> 0x2701
[1036] [M]: 0x0000000080002538 (0x27013403) ld x8, 0x270(x2)                        resto_Mrtn+8
mem[R,0x0000000080006270] -> 0x0000000000007F76
x8 <- 0x0000000000007F76

mem[X,0x000000008000253C] -> 0x3483
mem[X,0x000000008000253E] -> 0x2781
[1037] [M]: 0x000000008000253C (0x27813483) ld x9, 0x278(x2)                        resto_Mrtn+12
mem[R,0x0000000080006278] -> 0x0000000000000000
x9 <- 0x0000000000000000

clint mtime 0x0000000000000207 (mip.MTI <- 0b1, mip.STI <- 0b0)
mem[X,0x0000000080002540] -> 0x3503
mem[X,0x0000000080002542] -> 0x2801
[1038] [M]: 0x0000000080002540 (0x28013503) ld x10, 0x280(x2)                       resto_Mrtn+16
mem[R,0x0000000080006280] -> 0x0000000000000001
x10 <- 0x0000000000000001

mem[X,0x0000000080002544] -> 0x3583
mem[X,0x0000000080002546] -> 0x2881
[1039] [M]: 0x0000000080002544 (0x28813583) ld x11, 0x288(x2)                       resto_Mrtn+20
mem[R,0x0000000080006288] -> 0x0000000000000000
x11 <- 0x0000000000000000

clint mtime 0x0000000000000208 (mip.MTI <- 0b1, mip.STI <- 0b0)
mem[X,0x0000000080002548] -> 0x3103
mem[X,0x000000008000254A] -> 0x2901
[1040] [M]: 0x0000000080002548 (0x29013103) ld x2, 0x290(x2)                        resto_Mrtn+24
mem[R,0x0000000080006290] -> 0x01FDDB7D5BFDDB7F
x2 <- 0x01FDDB7D5BFDDB7F

mem[X,0x000000008000254C] -> 0x0073
mem[X,0x000000008000254E] -> 0x3020
[1041] [M]: 0x000000008000254C (0x30200073) mret                                    resto_Mrtn+28
CSR mstatus (0x300) <- 0x0000000A00000080
ret-ing from M to S

clint mtime 0x0000000000000209 (mip.MTI <- 0b1, mip.STI <- 0b0)
mem[X,0x0000000080000710] -> 0x8793
mem[X,0x0000000080000712] -> 0x0047
[1042] [S]: 0x0000000080000710 (0x00478793) addi x15, x15, 0x4                      main+816
x15 <- 0x0000000080002004

mem[X,0x0000000080000714] -> 0xA023
mem[X,0x0000000080000716] -> 0x00E7
[1043] [S]: 0x0000000080000714 (0x00E7A023) sw x14, 0x0(x15)                        main+820
mem[W,0x0000000080002004] <- 0x00000013

clint mtime 0x000000000000020A (mip.MTI <- 0b1, mip.STI <- 0b0)
mem[X,0x0000000080000718] -> 0x0013
mem[X,0x000000008000071A] -> 0x0000
[1044] [S]: 0x0000000080000718 (0x00000013) addi x0, x0, 0x0                        main+824

mem[X,0x000000008000071C] -> 0x0013
mem[X,0x000000008000071E] -> 0x0000
[1045] [S]: 0x000000008000071C (0x00000013) addi x0, x0, 0x0                        main+828

clint mtime 0x000000000000020B (mip.MTI <- 0b1, mip.STI <- 0b0)
mem[X,0x0000000080000720] -> 0x2797
mem[X,0x0000000080000722] -> 0x0000
[1046] [S]: 0x0000000080000720 (0x00002797) auipc x15, 0x2                          main+832
x15 <- 0x0000000080002720

mem[X,0x0000000080000724] -> 0x8793
mem[X,0x0000000080000726] -> 0x8E07
[1047] [S]: 0x0000000080000724 (0x8E078793) addi x15, x15, -0x720                   main+836
x15 <- 0x0000000080002000

clint mtime 0x000000000000020C (mip.MTI <- 0b1, mip.STI <- 0b0)
mem[X,0x0000000080000728] -> 0x0001
[1048] [S]: 0x0000000080000728 (0x0001) c.nop                                       main+840

mem[X,0x000000008000072A] -> 0x0013
mem[X,0x000000008000072C] -> 0x0000
[1049] [S]: 0x000000008000072A (0x00000013) addi x0, x0, 0x0                        main+842

clint mtime 0x000000000000020D (mip.MTI <- 0b1, mip.STI <- 0b0)
mem[X,0x000000008000072E] -> 0x0013
mem[X,0x0000000080000730] -> 0x0000
[1050] [S]: 0x000000008000072E (0x00000013) addi x0, x0, 0x0                        main+846

mem[X,0x0000000080000732] -> 0x0013
mem[X,0x0000000080000734] -> 0x0000
[1051] [S]: 0x0000000080000732 (0x00000013) addi x0, x0, 0x0                        main+850

clint mtime 0x000000000000020E (mip.MTI <- 0b1, mip.STI <- 0b0)
mem[X,0x0000000080000736] -> 0x0013
mem[X,0x0000000080000738] -> 0x0000
[1052] [S]: 0x0000000080000736 (0x00000013) addi x0, x0, 0x0                        main+854

mem[X,0x000000008000073A] -> 0x0013
mem[X,0x000000008000073C] -> 0x0000
[1053] [S]: 0x000000008000073A (0x00000013) addi x0, x0, 0x0                        main+858

clint mtime 0x000000000000020F (mip.MTI <- 0b1, mip.STI <- 0b0)
mem[X,0x000000008000073E] -> 0x0001
[1054] [S]: 0x000000008000073E (0x0001) c.nop                                       main+862

mem[X,0x0000000080000740] -> 0xA703
mem[X,0x0000000080000742] -> 0x0007
[1055] [S]: 0x0000000080000740 (0x0007A703) lw x14, 0x0(x15)                        main+864
trapping from S to M to handle load-access-fault
handling exc#load-access-fault at priv M with tval 0x0000000080002000
CSR mstatus (0x300) <- 0x0000000A00000800
CSR mcause (0x342) <- 0x0000000000000005
CSR mtval (0x343) <- 0x0000000080002000
CSR mepc (0x341) <- 0x0000000080000740

clint mtime 0x0000000000000210 (mip.MTI <- 0b1, mip.STI <- 0b0)
mem[X,0x0000000080002100] -> 0x006F
mem[X,0x0000000080002102] -> 0x1000
[1056] [M]: 0x0000000080002100 (0x1000006F) jal x0, 0x100                           Mtrampoline+0

mem[X,0x0000000080002200] -> 0x1173
mem[X,0x0000000080002202] -> 0x3401
[1057] [M]: 0x0000000080002200 (0x34011173) csrrw x2, mscratch, x2                  trap_Mhandler+0
CSR mscratch (0x340) <- 0x01FDDB7D5BFDDB7F
x2 <- 0x0000000080006000

clint mtime 0x0000000000000211 (mip.MTI <- 0b1, mip.STI <- 0b0)
mem[X,0x0000000080002204] -> 0x3423
mem[X,0x0000000080002206] -> 0x28B1
[1058] [M]: 0x0000000080002204 (0x28B13423) sd x11, 0x288(x2)                       trap_Mhandler+4
mem[W,0x0000000080006288] <- 0x0000000000000000

mem[X,0x0000000080002208] -> 0x05EF
mem[X,0x000000008000220A] -> 0x0B80
[1059] [M]: 0x0000000080002208 (0x0B8005EF) jal x11, 0xb8                           trap_Mhandler+8
x11 <- 0x000000008000220C

clint mtime 0x0000000000000212 (mip.MTI <- 0b1, mip.STI <- 0b0)
mem[X,0x00000000800022C0] -> 0x3023
mem[X,0x00000000800022C2] -> 0x28A1
[1060] [M]: 0x00000000800022C0 (0x28A13023) sd x10, 0x280(x2)                       common_Mhandler+0
mem[W,0x0000000080006280] <- 0x0000000000000001

mem[X,0x00000000800022C4] -> 0x1573
mem[X,0x00000000800022C6] -> 0x3401
[1061] [M]: 0x00000000800022C4 (0x34011573) csrrw x10, mscratch, x2                 common_Mhandler+4
CSR mscratch (0x340) <- 0x0000000080006000
x10 <- 0x01FDDB7D5BFDDB7F

clint mtime 0x0000000000000213 (mip.MTI <- 0b1, mip.STI <- 0b0)
mem[X,0x00000000800022C8] -> 0x3823
mem[X,0x00000000800022CA] -> 0x28A1
[1062] [M]: 0x00000000800022C8 (0x28A13823) sd x10, 0x290(x2)                       common_Mhandler+8
mem[W,0x0000000080006290] <- 0x01FDDB7D5BFDDB7F

mem[X,0x00000000800022CC] -> 0x3503
mem[X,0x00000000800022CE] -> 0x2301
[1063] [M]: 0x00000000800022CC (0x23013503) ld x10, 0x230(x2)                       common_Mhandler+12
mem[R,0x0000000080006230] -> 0x00000000800022D4
x10 <- 0x00000000800022D4

clint mtime 0x0000000000000214 (mip.MTI <- 0b1, mip.STI <- 0b0)
mem[X,0x00000000800022D0] -> 0x0067
mem[X,0x00000000800022D2] -> 0x0005
[1064] [M]: 0x00000000800022D0 (0x00050067) jalr x0, 0x0(x10)                       common_Mhandler+16

mem[X,0x00000000800022D4] -> 0x3C23
mem[X,0x00000000800022D6] -> 0x2691
[1065] [M]: 0x00000000800022D4 (0x26913C23) sd x9, 0x278(x2)                        common_Mentry+0
mem[W,0x0000000080006278] <- 0x0000000000000000

clint mtime 0x0000000000000215 (mip.MTI <- 0b1, mip.STI <- 0b0)
mem[X,0x00000000800022D8] -> 0x3823
mem[X,0x00000000800022DA] -> 0x2681
[1066] [M]: 0x00000000800022D8 (0x26813823) sd x8, 0x270(x2)                        common_Mentry+4
mem[W,0x0000000080006270] <- 0x0000000000007F76

mem[X,0x00000000800022DC] -> 0x3423
mem[X,0x00000000800022DE] -> 0x2671
[1067] [M]: 0x00000000800022DC (0x26713423) sd x7, 0x268(x2)                        common_Mentry+8
mem[W,0x0000000080006268] <- 0x0000000080006000

clint mtime 0x0000000000000216 (mip.MTI <- 0b1, mip.STI <- 0b0)
mem[X,0x00000000800022E0] -> 0x3023
mem[X,0x00000000800022E2] -> 0x2661
[1068] [M]: 0x00000000800022E0 (0x26613023) sd x6, 0x260(x2)                        common_Mentry+12
mem[W,0x0000000080006260] <- 0x0000000000000010

mem[X,0x00000000800022E4] -> 0x2573
mem[X,0x00000000800022E6] -> 0x3420
[1069] [M]: 0x00000000800022E4 (0x34202573) csrrs x10, mcause, x0                   spcl_M2mmode_test+0
CSR mcause (0x342) -> 0x0000000000000005
x10 <- 0x0000000000000005

clint mtime 0x0000000000000217 (mip.MTI <- 0b1, mip.STI <- 0b0)
mem[X,0x00000000800022E8] -> 0x04B7
mem[X,0x00000000800022EA] -> 0x8000
[1070] [M]: 0x00000000800022E8 (0x800004B7) lui x9, -0x80000                        spcl_M2mmode_test+4
x9 <- 0xFFFFFFFF80000000

mem[X,0x00000000800022EC] -> 0x8493
mem[X,0x00000000800022EE] -> 0x0004
[1071] [M]: 0x00000000800022EC (0x00048493) addi x9, x9, 0x0                        spcl_M2mmode_test+8
x9 <- 0xFFFFFFFF80000000

clint mtime 0x0000000000000218 (mip.MTI <- 0b1, mip.STI <- 0b0)
mem[X,0x00000000800022F0] -> 0x9493
mem[X,0x00000000800022F2] -> 0x00B4
[1072] [M]: 0x00000000800022F0 (0x00B49493) slli x9, x9, 0xb                        spcl_M2mmode_test+12
x9 <- 0xFFFFFC0000000000

mem[X,0x00000000800022F4] -> 0x8493
mem[X,0x00000000800022F6] -> 0x0004
[1073] [M]: 0x00000000800022F4 (0x00048493) addi x9, x9, 0x0                        spcl_M2mmode_test+16
x9 <- 0xFFFFFC0000000000

clint mtime 0x0000000000000219 (mip.MTI <- 0b1, mip.STI <- 0b0)
mem[X,0x00000000800022F8] -> 0x9493
mem[X,0x00000000800022FA] -> 0x00B4
[1074] [M]: 0x00000000800022F8 (0x00B49493) slli x9, x9, 0xb                        spcl_M2mmode_test+20
x9 <- 0xFFE0000000000000

mem[X,0x00000000800022FC] -> 0x8493
mem[X,0x00000000800022FE] -> 0x0034
[1075] [M]: 0x00000000800022FC (0x00348493) addi x9, x9, 0x3                        spcl_M2mmode_test+24
x9 <- 0xFFE0000000000003

clint mtime 0x000000000000021A (mip.MTI <- 0b1, mip.STI <- 0b0)
mem[X,0x0000000080002300] -> 0x9493
mem[X,0x0000000080002302] -> 0x00A4
[1076] [M]: 0x0000000080002300 (0x00A49493) slli x9, x9, 0xa                        spcl_M2mmode_test+28
x9 <- 0x8000000000000C00

mem[X,0x0000000080002304] -> 0x8493
mem[X,0x0000000080002306] -> 0x3FC4
[1077] [M]: 0x0000000080002304 (0x3FC48493) addi x9, x9, 0x3fc                      spcl_M2mmode_test+32
x9 <- 0x8000000000000FFC

clint mtime 0x000000000000021B (mip.MTI <- 0b1, mip.STI <- 0b0)
mem[X,0x0000000080002308] -> 0xF4B3
mem[X,0x000000008000230A] -> 0x00A4
[1078] [M]: 0x0000000080002308 (0x00A4F4B3) and x9, x9, x10                         spcl_M2mmode_test+36
x9 <- 0x0000000000000004

mem[X,0x000000008000230C] -> 0x8493
mem[X,0x000000008000230E] -> 0xFF84
[1079] [M]: 0x000000008000230C (0xFF848493) addi x9, x9, -0x8                       spcl_M2mmode_test+40
x9 <- 0xFFFFFFFFFFFFFFFC

clint mtime 0x000000000000021C (mip.MTI <- 0b1, mip.STI <- 0b0)
mem[X,0x0000000080002310] -> 0x9663
mem[X,0x0000000080002312] -> 0x0004
[1080] [M]: 0x0000000080002310 (0x00049663) bne x9, x0, 0xc                         spcl_M2mmode_test+44

mem[X,0x000000008000231C] -> 0x0393
mem[X,0x000000008000231E] -> 0x0200
[1081] [M]: 0x000000008000231C (0x02000393) addi x7, x0, 0x20                       Mtrapsig_ptr_upd+0
x7 <- 0x0000000000000020

clint mtime 0x000000000000021D (mip.MTI <- 0b1, mip.STI <- 0b0)
mem[X,0x0000000080002320] -> 0x5263
mem[X,0x0000000080002322] -> 0x0405
[1082] [M]: 0x0000000080002320 (0x04055263) bge x10, x0, 0x44                       Mtrapsig_ptr_upd+4

mem[X,0x0000000080002364] -> 0x2373
mem[X,0x0000000080002366] -> 0x3010
[1083] [M]: 0x0000000080002364 (0x30102373) csrrs x6, misa, x0                      Mxcpt_sig_sv+0
CSR misa (0x301) -> 0x800000000034112F
x6 <- 0x800000000034112F

clint mtime 0x000000000000021E (mip.MTI <- 0b1, mip.STI <- 0b0)
mem[X,0x0000000080002368] -> 0x1313
mem[X,0x000000008000236A] -> 0x0383
[1084] [M]: 0x0000000080002368 (0x03831313) slli x6, x6, 0x38                       Mxcpt_sig_sv+4
x6 <- 0x2F00000000000000

mem[X,0x000000008000236C] -> 0x5463
mem[X,0x000000008000236E] -> 0x0003
[1085] [M]: 0x000000008000236C (0x00035463) bge x6, x0, 0x8                         Mxcpt_sig_sv+8

clint mtime 0x000000000000021F (mip.MTI <- 0b1, mip.STI <- 0b0)
mem[X,0x0000000080002374] -> 0x3303
mem[X,0x0000000080002376] -> 0x2181
[1086] [M]: 0x0000000080002374 (0x21813303) ld x6, 0x218(x2)                        Mtrap_sig_sv+0
mem[R,0x0000000080006218] -> 0x00000000800073C0
x6 <- 0x00000000800073C0

mem[X,0x0000000080002378] -> 0x04B3
mem[X,0x000000008000237A] -> 0x0073
[1087] [M]: 0x0000000080002378 (0x007304B3) add x9, x6, x7                          Mtrap_sig_sv+4
x9 <- 0x00000000800073E0

clint mtime 0x0000000000000220 (mip.MTI <- 0b1, mip.STI <- 0b0)
mem[X,0x000000008000237C] -> 0x3C23
mem[X,0x000000008000237E] -> 0x2091
[1088] [M]: 0x000000008000237C (0x20913C23) sd x9, 0x218(x2)                        Mtrap_sig_sv+8
mem[W,0x0000000080006218] <- 0x00000000800073E0

mem[X,0x0000000080002380] -> 0x3403
mem[X,0x0000000080002382] -> 0x1F81
[1089] [M]: 0x0000000080002380 (0x1F813403) ld x8, 0x1f8(x2)                        Mtrap_sig_sv+12
mem[R,0x00000000800061F8] -> 0x0000000080007210
x8 <- 0x0000000080007210

clint mtime 0x0000000000000221 (mip.MTI <- 0b1, mip.STI <- 0b0)
mem[X,0x0000000080002384] -> 0x0333
mem[X,0x0000000080002386] -> 0x4083
[1090] [M]: 0x0000000080002384 (0x40830333) sub x6, x6, x8                          Mtrap_sig_sv+16
x6 <- 0x00000000000001B0

mem[X,0x0000000080002388] -> 0x3403
mem[X,0x000000008000238A] -> 0x1F81
[1091] [M]: 0x0000000080002388 (0x1F813403) ld x8, 0x1f8(x2)                        Mtrap_sig_sv+20
mem[R,0x00000000800061F8] -> 0x0000000080007210
x8 <- 0x0000000080007210

clint mtime 0x0000000000000222 (mip.MTI <- 0b1, mip.STI <- 0b0)
mem[X,0x000000008000238C] -> 0x0333
mem[X,0x000000008000238E] -> 0x0083
[1092] [M]: 0x000000008000238C (0x00830333) add x6, x6, x8                          Mtrap_sig_sv+24
x6 <- 0x00000000800073C0

mem[X,0x0000000080002390] -> 0x3403
mem[X,0x0000000080002392] -> 0x2401
[1093] [M]: 0x0000000080002390 (0x24013403) ld x8, 0x240(x2)                        Mtrap_sig_sv+28
mem[R,0x0000000080006240] -> 0x0000000080002100
x8 <- 0x0000000080002100

clint mtime 0x0000000000000223 (mip.MTI <- 0b1, mip.STI <- 0b0)
mem[X,0x0000000080002394] -> 0x85B3
mem[X,0x0000000080002396] -> 0x4085
[1094] [M]: 0x0000000080002394 (0x408585B3) sub x11, x11, x8                        sv_Mvect+0
x11 <- 0x000000000000010C

mem[X,0x0000000080002398] -> 0x9593
mem[X,0x000000008000239A] -> 0x0045
[1095] [M]: 0x0000000080002398 (0x00459593) slli x11, x11, 0x4                      sv_Mvect+4
x11 <- 0x00000000000010C0

clint mtime 0x0000000000000224 (mip.MTI <- 0b1, mip.STI <- 0b0)
mem[X,0x000000008000239C] -> 0xE5B3
mem[X,0x000000008000239E] -> 0x0075
[1096] [M]: 0x000000008000239C (0x0075E5B3) or x11, x11, x7                         sv_Mvect+8
x11 <- 0x00000000000010E0

mem[X,0x00000000800023A0] -> 0x8593
mem[X,0x00000000800023A2] -> 0x0035
[1097] [M]: 0x00000000800023A0 (0x00358593) addi x11, x11, 0x3                      sv_Mvect+12
x11 <- 0x00000000000010E3

clint mtime 0x0000000000000225 (mip.MTI <- 0b1, mip.STI <- 0b0)
mem[X,0x00000000800023A4] -> 0x3023
mem[X,0x00000000800023A6] -> 0x00B3
[1098] [M]: 0x00000000800023A4 (0x00B33023) sd x11, 0x0(x6)                         sv_Mvect+16
mem[W,0x00000000800073C0] <- 0x00000000000010E3

mem[X,0x00000000800023A8] -> 0x3423
mem[X,0x00000000800023AA] -> 0x00A3
[1099] [M]: 0x00000000800023A8 (0x00A33423) sd x10, 0x8(x6)                         sv_Mcause+0
mem[W,0x00000000800073C8] <- 0x0000000000000005

clint mtime 0x0000000000000226 (mip.MTI <- 0b1, mip.STI <- 0b0)
mem[X,0x00000000800023AC] -> 0x4263
mem[X,0x00000000800023AE] -> 0x1A05
[1100] [M]: 0x00000000800023AC (0x1A054263) blt x10, x0, 0x1a4                      sv_Mcause+4

mem[X,0x00000000800023B0] -> 0x25F3
mem[X,0x00000000800023B2] -> 0x3000
[1101] [M]: 0x00000000800023B0 (0x300025F3) csrrs x11, mstatus, x0                  common_Mexcpt_handler+0
CSR mstatus (0x300) -> 0x0000000A00000800
x11 <- 0x0000000A00000800

clint mtime 0x0000000000000227 (mip.MTI <- 0b1, mip.STI <- 0b0)
mem[X,0x00000000800023B4] -> 0x9413
mem[X,0x00000000800023B6] -> 0x02E5
[1102] [M]: 0x00000000800023B4 (0x02E59413) slli x8, x11, 0x2e                      common_Mexcpt_handler+4
x8 <- 0x0200000000000000

mem[X,0x00000000800023B8] -> 0x5463
mem[X,0x00000000800023BA] -> 0x0004
[1103] [M]: 0x00000000800023B8 (0x00045463) bge x8, x0, 0x8                         common_Mexcpt_handler+8

clint mtime 0x0000000000000228 (mip.MTI <- 0b1, mip.STI <- 0b0)
mem[X,0x00000000800023C0] -> 0xD493
mem[X,0x00000000800023C2] -> 0x00B5
[1104] [M]: 0x00000000800023C0 (0x00B5D493) srli x9, x11, 0xb                       common_Mexcpt_handler+16
x9 <- 0x0000000001400001

mem[X,0x00000000800023C4] -> 0xF493
mem[X,0x00000000800023C6] -> 0x0034
[1105] [M]: 0x00000000800023C4 (0x0034F493) andi x9, x9, 0x3                        common_Mexcpt_handler+20
x9 <- 0x0000000000000001

clint mtime 0x0000000000000229 (mip.MTI <- 0b1, mip.STI <- 0b0)
mem[X,0x00000000800023C8] -> 0x8493
mem[X,0x00000000800023CA] -> 0x0014
[1106] [M]: 0x00000000800023C8 (0x00148493) addi x9, x9, 0x1                        common_Mexcpt_handler+24
x9 <- 0x0000000000000002

mem[X,0x00000000800023CC] -> 0xF493
mem[X,0x00000000800023CE] -> 0x0044
[1107] [M]: 0x00000000800023CC (0x0044F493) andi x9, x9, 0x4                        common_Mexcpt_handler+28
x9 <- 0x0000000000000000

clint mtime 0x000000000000022A (mip.MTI <- 0b1, mip.STI <- 0b0)
mem[X,0x00000000800023D0] -> 0x0593
mem[X,0x00000000800023D2] -> 0x05D0
[1108] [M]: 0x00000000800023D0 (0x05D00593) addi x11, x0, 0x5d                      common_Mexcpt_handler+32
x11 <- 0x000000000000005D

mem[X,0x00000000800023D4] -> 0xD5B3
mem[X,0x00000000800023D6] -> 0x0095
[1109] [M]: 0x00000000800023D4 (0x0095D5B3) srl x11, x11, x9                        common_Mexcpt_handler+36
x11 <- 0x000000000000005D

clint mtime 0x000000000000022B (mip.MTI <- 0b1, mip.STI <- 0b0)
mem[X,0x00000000800023D8] -> 0xF593
mem[X,0x00000000800023DA] -> 0x0015
[1110] [M]: 0x00000000800023D8 (0x0015F593) andi x11, x11, 0x1                      common_Mexcpt_handler+40
x11 <- 0x0000000000000001

mem[X,0x00000000800023DC] -> 0x8EE3
mem[X,0x00000000800023DE] -> 0xF405
[1111] [M]: 0x00000000800023DC (0xF4058EE3) beq x11, x0, -0xa4                      common_Mexcpt_handler+44

clint mtime 0x000000000000022C (mip.MTI <- 0b1, mip.STI <- 0b0)
mem[X,0x00000000800023E0] -> 0x0593
mem[X,0x00000000800023E2] -> 0x2980
[1112] [M]: 0x00000000800023E0 (0x29800593) addi x11, x0, 0x298                     common_Mexcpt_handler+48
x11 <- 0x0000000000000298

mem[X,0x00000000800023E4] -> 0xF413
mem[X,0x00000000800023E6] -> 0x0014
[1113] [M]: 0x00000000800023E4 (0x0014F413) andi x8, x9, 0x1                        common_Mexcpt_handler+52
x8 <- 0x0000000000000000

clint mtime 0x000000000000022D (mip.MTI <- 0b1, mip.STI <- 0b0)
mem[X,0x00000000800023E8] -> 0x95B3
mem[X,0x00000000800023EA] -> 0x0085
[1114] [M]: 0x00000000800023E8 (0x008595B3) sll x11, x11, x8                        common_Mexcpt_handler+56
x11 <- 0x0000000000000298

mem[X,0x00000000800023EC] -> 0x9413
mem[X,0x00000000800023EE] -> 0x03D4
[1115] [M]: 0x00000000800023EC (0x03D49413) slli x8, x9, 0x3d                       common_Mexcpt_handler+60
x8 <- 0x0000000000000000

clint mtime 0x000000000000022E (mip.MTI <- 0b1, mip.STI <- 0b0)
mem[X,0x00000000800023F0] -> 0x5413
mem[X,0x00000000800023F2] -> 0x43F4
[1116] [M]: 0x00000000800023F0 (0x43F45413) srai x8, x8, 0x3f                       common_Mexcpt_handler+64
x8 <- 0x0000000000000000

mem[X,0x00000000800023F4] -> 0x4413
mem[X,0x00000000800023F6] -> 0xFFF4
[1117] [M]: 0x00000000800023F4 (0xFFF44413) xori x8, x8, -0x1                       common_Mexcpt_handler+68
x8 <- 0xFFFFFFFFFFFFFFFF

clint mtime 0x000000000000022F (mip.MTI <- 0b1, mip.STI <- 0b0)
mem[X,0x00000000800023F8] -> 0xF4B3
mem[X,0x00000000800023FA] -> 0x0085
[1118] [M]: 0x00000000800023F8 (0x0085F4B3) and x9, x11, x8                         common_Mexcpt_handler+72
x9 <- 0x0000000000000298

mem[X,0x00000000800023FC] -> 0x84B3
mem[X,0x00000000800023FE] -> 0x0024
[1119] [M]: 0x00000000800023FC (0x002484B3) add x9, x9, x2                          vmem_adj_Mepc+0
x9 <- 0x0000000080006298

clint mtime 0x0000000000000230 (mip.MTI <- 0b1, mip.STI <- 0b0)
mem[X,0x0000000080002400] -> 0x23F3
mem[X,0x0000000080002402] -> 0x3410
[1120] [M]: 0x0000000080002400 (0x341023F3) csrrs x7, mepc, x0                      vmem_adj_Mepc+4
CSR mepc (0x341) -> 0x0000000080000740
x7 <- 0x0000000080000740

mem[X,0x0000000080002404] -> 0x0413
mem[X,0x0000000080002406] -> 0x0004
[1121] [M]: 0x0000000080002404 (0x00040413) addi x8, x8, 0x0                        vmem_adj_Mepc+8
x8 <- 0xFFFFFFFFFFFFFFFF

clint mtime 0x0000000000000231 (mip.MTI <- 0b1, mip.STI <- 0b0)
mem[X,0x0000000080002408] -> 0x006F
mem[X,0x000000008000240A] -> 0x0400
[1122] [M]: 0x0000000080002408 (0x0400006F) jal x0, 0x40                            vmem_adj_Mepc+12

mem[X,0x0000000080002448] -> 0x8433
mem[X,0x000000008000244A] -> 0x4083
[1123] [M]: 0x0000000080002448 (0x40838433) sub x8, x7, x8                          adj_Mepc+0
x8 <- 0x0000000080000741

clint mtime 0x0000000000000232 (mip.MTI <- 0b1, mip.STI <- 0b0)
mem[X,0x000000008000244C] -> 0x3823
mem[X,0x000000008000244E] -> 0x0083
[1124] [M]: 0x000000008000244C (0x00833823) sd x8, 0x10(x6)                         sv_Mepc+0
mem[W,0x00000000800073D0] <- 0x0000000080000741

mem[X,0x0000000080002450] -> 0x55B7
mem[X,0x0000000080002452] -> 0x0000
[1125] [M]: 0x0000000080002450 (0x000055B7) lui x11, 0x5                            sv_Mepc+4
x11 <- 0x0000000000005000

clint mtime 0x0000000000000233 (mip.MTI <- 0b1, mip.STI <- 0b0)
mem[X,0x0000000080002454] -> 0x8593
mem[X,0x0000000080002456] -> 0x6675
[1126] [M]: 0x0000000080002454 (0x66758593) addi x11, x11, 0x667                    sv_Mepc+8
x11 <- 0x0000000000005667

mem[X,0x0000000080002458] -> 0x9593
mem[X,0x000000008000245A] -> 0x0015
[1127] [M]: 0x0000000080002458 (0x00159593) slli x11, x11, 0x1                      sv_Mepc+12
x11 <- 0x000000000000ACCE

clint mtime 0x0000000000000234 (mip.MTI <- 0b1, mip.STI <- 0b0)
mem[X,0x000000008000245C] -> 0x9063
mem[X,0x000000008000245E] -> 0x02B1
[1128] [M]: 0x000000008000245C (0x02B19063) bne x3, x11, 0x20                       sv_Mepc+16

mem[X,0x0000000080002460] -> 0x2473
mem[X,0x0000000080002462] -> 0x3420
[1129] [M]: 0x0000000080002460 (0x34202473) csrrs x8, mcause, x0                    sv_Mepc+20
CSR mcause (0x342) -> 0x0000000000000005
x8 <- 0x0000000000000005

clint mtime 0x0000000000000235 (mip.MTI <- 0b1, mip.STI <- 0b0)
mem[X,0x0000000080002464] -> 0x0593
mem[X,0x0000000080002466] -> 0x00C0
[1130] [M]: 0x0000000080002464 (0x00C00593) addi x11, x0, 0xc                       sv_Mepc+24
x11 <- 0x000000000000000C

mem[X,0x0000000080002468] -> 0x0663
mem[X,0x000000008000246A] -> 0x00B4
[1131] [M]: 0x0000000080002468 (0x00B40663) beq x8, x11, 0xc                        sv_Mepc+28

clint mtime 0x0000000000000236 (mip.MTI <- 0b1, mip.STI <- 0b0)
mem[X,0x000000008000246C] -> 0x0593
mem[X,0x000000008000246E] -> 0x0010
[1132] [M]: 0x000000008000246C (0x00100593) addi x11, x0, 0x1                       sv_Mepc+32
x11 <- 0x0000000000000001

mem[X,0x0000000080002470] -> 0x1663
mem[X,0x0000000080002472] -> 0x00B4
[1133] [M]: 0x0000000080002470 (0x00B41663) bne x8, x11, 0xc                        sv_Mepc+36

clint mtime 0x0000000000000237 (mip.MTI <- 0b1, mip.STI <- 0b0)
mem[X,0x000000008000247C] -> 0xF593
mem[X,0x000000008000247E] -> 0xFFC3
[1134] [M]: 0x000000008000247C (0xFFC3F593) andi x11, x7, -0x4                      adj_Mepc_rtn+0
x11 <- 0x0000000080000740

mem[X,0x0000000080002480] -> 0x8593
mem[X,0x0000000080002482] -> 0x0085
[1135] [M]: 0x0000000080002480 (0x00858593) addi x11, x11, 0x8                      adj_Mepc_rtn+4
x11 <- 0x0000000080000748

clint mtime 0x0000000000000238 (mip.MTI <- 0b1, mip.STI <- 0b0)
mem[X,0x0000000080002484] -> 0x9073
mem[X,0x0000000080002486] -> 0x3415
[1136] [M]: 0x0000000080002484 (0x34159073) csrrw x0, mepc, x11                     adj_Mepc_rtn+8
CSR mepc (0x341) <- 0x0000000080000748

mem[X,0x0000000080002488] -> 0x23F3
mem[X,0x000000008000248A] -> 0x3430
[1137] [M]: 0x0000000080002488 (0x343023F3) csrrs x7, mtval, x0                     skp_adj_Mepc+0
CSR mtval (0x343) -> 0x0000000080002000
x7 <- 0x0000000080002000

clint mtime 0x0000000000000239 (mip.MTI <- 0b1, mip.STI <- 0b0)
mem[X,0x000000008000248C] -> 0x7513
mem[X,0x000000008000248E] -> 0x00F5
[1138] [M]: 0x000000008000248C (0x00F57513) andi x10, x10, 0xf                      chk_Mtval+0
x10 <- 0x0000000000000005

mem[X,0x0000000080002490] -> 0x0437
mem[X,0x0000000080002492] -> 0x0000
[1139] [M]: 0x0000000080002490 (0x00000437) lui x8, 0x0                             chk_Mtval+4
x8 <- 0x0000000000000000

clint mtime 0x000000000000023A (mip.MTI <- 0b1, mip.STI <- 0b0)
mem[X,0x0000000080002494] -> 0x0413
mem[X,0x0000000080002496] -> 0x0004
[1140] [M]: 0x0000000080002494 (0x00040413) addi x8, x8, 0x0                        chk_Mtval+8
x8 <- 0x0000000000000000

mem[X,0x0000000080002498] -> 0x1413
mem[X,0x000000008000249A] -> 0x00B4
[1141] [M]: 0x0000000080002498 (0x00B41413) slli x8, x8, 0xb                        chk_Mtval+12
x8 <- 0x0000000000000000

clint mtime 0x000000000000023B (mip.MTI <- 0b1, mip.STI <- 0b0)
mem[X,0x000000008000249C] -> 0x0413
mem[X,0x000000008000249E] -> 0x0004
[1142] [M]: 0x000000008000249C (0x00040413) addi x8, x8, 0x0                        chk_Mtval+16
x8 <- 0x0000000000000000

mem[X,0x00000000800024A0] -> 0x1413
mem[X,0x00000000800024A2] -> 0x00B4
[1143] [M]: 0x00000000800024A0 (0x00B41413) slli x8, x8, 0xb                        chk_Mtval+20
x8 <- 0x0000000000000000

clint mtime 0x000000000000023C (mip.MTI <- 0b1, mip.STI <- 0b0)
mem[X,0x00000000800024A4] -> 0x0413
mem[X,0x00000000800024A6] -> 0x02C4
[1144] [M]: 0x00000000800024A4 (0x02C40413) addi x8, x8, 0x2c                       chk_Mtval+24
x8 <- 0x000000000000002C

mem[X,0x00000000800024A8] -> 0x1413
mem[X,0x00000000800024AA] -> 0x00A4
[1145] [M]: 0x00000000800024A8 (0x00A41413) slli x8, x8, 0xa                        chk_Mtval+28
x8 <- 0x000000000000B000

clint mtime 0x000000000000023D (mip.MTI <- 0b1, mip.STI <- 0b0)
mem[X,0x00000000800024AC] -> 0x0413
mem[X,0x00000000800024AE] -> 0x0FB4
[1146] [M]: 0x00000000800024AC (0x0FB40413) addi x8, x8, 0xfb                       chk_Mtval+32
x8 <- 0x000000000000B0FB

mem[X,0x00000000800024B0] -> 0x5433
mem[X,0x00000000800024B2] -> 0x00A4
[1147] [M]: 0x00000000800024B0 (0x00A45433) srl x8, x8, x10                         chk_Mtval+36
x8 <- 0x0000000000000587

clint mtime 0x000000000000023E (mip.MTI <- 0b1, mip.STI <- 0b0)
mem[X,0x00000000800024B4] -> 0x1413
mem[X,0x00000000800024B6] -> 0x03F4
[1148] [M]: 0x00000000800024B4 (0x03F41413) slli x8, x8, 0x3f                       chk_Mtval+40
x8 <- 0x8000000000000000

mem[X,0x00000000800024B8] -> 0x5C63
mem[X,0x00000000800024BA] -> 0x0404
[1149] [M]: 0x00000000800024B8 (0x04045C63) bge x8, x0, 0x58                        chk_Mtval+44

clint mtime 0x000000000000023F (mip.MTI <- 0b1, mip.STI <- 0b0)
mem[X,0x00000000800024BC] -> 0xB403
mem[X,0x00000000800024BE] -> 0x2084
[1150] [M]: 0x00000000800024BC (0x2084B403) ld x8, 0x208(x9)                        vmem_adj_Mtval+0
mem[R,0x00000000800064A0] -> 0x00000000800003B4
x8 <- 0x00000000800003B4

mem[X,0x00000000800024C0] -> 0xB583
mem[X,0x00000000800024C2] -> 0x2104
[1151] [M]: 0x00000000800024C0 (0x2104B583) ld x11, 0x210(x9)                       vmem_adj_Mtval+4
mem[R,0x00000000800064A8] -> 0x0000000000001C60
x11 <- 0x0000000000001C60

clint mtime 0x0000000000000240 (mip.MTI <- 0b1, mip.STI <- 0b0)
mem[X,0x00000000800024C4] -> 0x85B3
mem[X,0x00000000800024C6] -> 0x0085
[1152] [M]: 0x00000000800024C4 (0x008585B3) add x11, x11, x8                        vmem_adj_Mtval+8
x11 <- 0x0000000080002014

mem[X,0x00000000800024C8] -> 0xF463
mem[X,0x00000000800024CA] -> 0x00B3
[1153] [M]: 0x00000000800024C8 (0x00B3F463) bgeu x7, x11, 0x8                       vmem_adj_Mtval+12

clint mtime 0x0000000000000241 (mip.MTI <- 0b1, mip.STI <- 0b0)
mem[X,0x00000000800024CC] -> 0xF063
mem[X,0x00000000800024CE] -> 0x0483
[1154] [M]: 0x00000000800024CC (0x0483F063) bgeu x7, x8, 0x40                       vmem_adj_Mtval+16

mem[X,0x000000008000250C] -> 0x8433
mem[X,0x000000008000250E] -> 0x4083
[1155] [M]: 0x000000008000250C (0x40838433) sub x8, x7, x8                          adj_Mtval+0
x8 <- 0x0000000000001C4C

clint mtime 0x0000000000000242 (mip.MTI <- 0b1, mip.STI <- 0b0)
mem[X,0x0000000080002510] -> 0x3C23
mem[X,0x0000000080002512] -> 0x0083
[1156] [M]: 0x0000000080002510 (0x00833C23) sd x8, 0x18(x6)                         sv_Mtval+0
mem[W,0x00000000800073D8] <- 0x0000000000001C4C

mem[X,0x0000000080002514] -> 0x3483
mem[X,0x0000000080002516] -> 0x2181
[1157] [M]: 0x0000000080002514 (0x21813483) ld x9, 0x218(x2)                        skp_Mtval+0
mem[R,0x0000000080006218] -> 0x00000000800073E0
x9 <- 0x00000000800073E0

clint mtime 0x0000000000000243 (mip.MTI <- 0b1, mip.STI <- 0b0)
mem[X,0x0000000080002518] -> 0x3383
mem[X,0x000000008000251A] -> 0x1F81
[1158] [M]: 0x0000000080002518 (0x1F813383) ld x7, 0x1f8(x2)                        skp_Mtval+4
mem[R,0x00000000800061F8] -> 0x0000000080007210
x7 <- 0x0000000080007210

mem[X,0x000000008000251C] -> 0x3303
mem[X,0x000000008000251E] -> 0x2001
[1159] [M]: 0x000000008000251C (0x20013303) ld x6, 0x200(x2)                        skp_Mtval+8
mem[R,0x0000000080006200] -> 0x0000000000000920
x6 <- 0x0000000000000920

clint mtime 0x0000000000000244 (mip.MTI <- 0b1, mip.STI <- 0b0)
mem[X,0x0000000080002520] -> 0x0333
mem[X,0x0000000080002522] -> 0x0073
[1160] [M]: 0x0000000080002520 (0x00730333) add x6, x6, x7                          skp_Mtval+12
x6 <- 0x0000000080007B30

mem[X,0x0000000080002524] -> 0x6CE3
mem[X,0x0000000080002526] -> 0xAE93
[1161] [M]: 0x0000000080002524 (0xAE936CE3) bltu x6, x9, -0x508                     skp_Mtval+16

clint mtime 0x0000000000000245 (mip.MTI <- 0b1, mip.STI <- 0b0)
mem[X,0x0000000080002528] -> 0x0393
mem[X,0x000000008000252A] -> 0x2000
[1162] [M]: 0x0000000080002528 (0x20000393) addi x7, x0, 0x200                      skp_Mtval+20
x7 <- 0x0000000000000200

mem[X,0x000000008000252C] -> 0x006F
mem[X,0x000000008000252E] -> 0x0400
[1163] [M]: 0x000000008000252C (0x0400006F) jal x0, 0x40                            skp_Mtval+24

clint mtime 0x0000000000000246 (mip.MTI <- 0b1, mip.STI <- 0b0)
mem[X,0x000000008000256C] -> 0x0417
mem[X,0x000000008000256E] -> 0x0000
[1164] [M]: 0x000000008000256C (0x00000417) auipc x8, 0x0                           spcl_Mhandler+0
x8 <- 0x000000008000256C

mem[X,0x0000000080002570] -> 0x0413
mem[X,0x0000000080002572] -> 0x03C4
[1165] [M]: 0x0000000080002570 (0x03C40413) addi x8, x8, 0x3c                       spcl_Mhandler+4
x8 <- 0x00000000800025A8

clint mtime 0x0000000000000247 (mip.MTI <- 0b1, mip.STI <- 0b0)
mem[X,0x0000000080002574] -> 0x0433
mem[X,0x0000000080002576] -> 0x0074
[1166] [M]: 0x0000000080002574 (0x00740433) add x8, x8, x7                          spcl_Mhandler+8
x8 <- 0x00000000800027A8

mem[X,0x0000000080002578] -> 0x1393
mem[X,0x000000008000257A] -> 0x0035
[1167] [M]: 0x0000000080002578 (0x00351393) slli x7, x10, 0x3                       spcl_Mhandler+12
x7 <- 0x0000000000000028

clint mtime 0x0000000000000248 (mip.MTI <- 0b1, mip.STI <- 0b0)
mem[X,0x000000008000257C] -> 0x0433
mem[X,0x000000008000257E] -> 0x0074
[1168] [M]: 0x000000008000257C (0x00740433) add x8, x8, x7                          spcl_Mhandler+16
x8 <- 0x00000000800027D0

mem[X,0x0000000080002580] -> 0x7413
mem[X,0x0000000080002582] -> 0xFF84
[1169] [M]: 0x0000000080002580 (0xFF847413) andi x8, x8, -0x8                       spcl_Mhandler+20
x8 <- 0x00000000800027D0

clint mtime 0x0000000000000249 (mip.MTI <- 0b1, mip.STI <- 0b0)
mem[X,0x0000000080002584] -> 0x3403
mem[X,0x0000000080002586] -> 0x0004
[1170] [M]: 0x0000000080002584 (0x00043403) ld x8, 0x0(x8)                          spcl_Mhandler+24
mem[R,0x00000000800027D0] -> 0x000000000000000B
x8 <- 0x000000000000000B

mem[X,0x0000000080002588] -> 0x04E3
mem[X,0x000000008000258A] -> 0xB204
[1171] [M]: 0x0000000080002588 (0xB20404E3) beq x8, x0, -0x4d8                      spcl_Mdispatch_hndling+0

clint mtime 0x000000000000024A (mip.MTI <- 0b1, mip.STI <- 0b0)
mem[X,0x000000008000258C] -> 0x1393
mem[X,0x000000008000258E] -> 0x03F4
[1172] [M]: 0x000000008000258C (0x03F41393) slli x7, x8, 0x3f                       spcl_Mdispatch_hndling+4
x7 <- 0x8000000000000000

mem[X,0x0000000080002590] -> 0xD863
mem[X,0x0000000080002592] -> 0x0003
[1173] [M]: 0x0000000080002590 (0x0003D863) bge x7, x0, 0x10                        spcl_Mdispatch_hndling+8

clint mtime 0x000000000000024B (mip.MTI <- 0b1, mip.STI <- 0b0)
mem[X,0x0000000080002594] -> 0x5413
mem[X,0x0000000080002596] -> 0x0014
[1174] [M]: 0x0000000080002594 (0x00145413) srli x8, x8, 0x1                        spcl_Mdispatch_hndling+12
x8 <- 0x0000000000000005

mem[X,0x0000000080002598] -> 0x0CE3
mem[X,0x000000008000259A] -> 0xF885
[1175] [M]: 0x0000000080002598 (0xF8850CE3) beq x10, x8, -0x68                      spcl_Mdispatch_hndling+16

clint mtime 0x000000000000024C (mip.MTI <- 0b1, mip.STI <- 0b0)
mem[X,0x0000000080002530] -> 0x3303
mem[X,0x0000000080002532] -> 0x2601
[1176] [M]: 0x0000000080002530 (0x26013303) ld x6, 0x260(x2)                        resto_Mrtn+0
mem[R,0x0000000080006260] -> 0x0000000000000010
x6 <- 0x0000000000000010

mem[X,0x0000000080002534] -> 0x3383
mem[X,0x0000000080002536] -> 0x2681
[1177] [M]: 0x0000000080002534 (0x26813383) ld x7, 0x268(x2)                        resto_Mrtn+4
mem[R,0x0000000080006268] -> 0x0000000080006000
x7 <- 0x0000000080006000

clint mtime 0x000000000000024D (mip.MTI <- 0b1, mip.STI <- 0b0)
mem[X,0x0000000080002538] -> 0x3403
mem[X,0x000000008000253A] -> 0x2701
[1178] [M]: 0x0000000080002538 (0x27013403) ld x8, 0x270(x2)                        resto_Mrtn+8
mem[R,0x0000000080006270] -> 0x0000000000007F76
x8 <- 0x0000000000007F76

mem[X,0x000000008000253C] -> 0x3483
mem[X,0x000000008000253E] -> 0x2781
[1179] [M]: 0x000000008000253C (0x27813483) ld x9, 0x278(x2)                        resto_Mrtn+12
mem[R,0x0000000080006278] -> 0x0000000000000000
x9 <- 0x0000000000000000

clint mtime 0x000000000000024E (mip.MTI <- 0b1, mip.STI <- 0b0)
mem[X,0x0000000080002540] -> 0x3503
mem[X,0x0000000080002542] -> 0x2801
[1180] [M]: 0x0000000080002540 (0x28013503) ld x10, 0x280(x2)                       resto_Mrtn+16
mem[R,0x0000000080006280] -> 0x0000000000000001
x10 <- 0x0000000000000001

mem[X,0x0000000080002544] -> 0x3583
mem[X,0x0000000080002546] -> 0x2881
[1181] [M]: 0x0000000080002544 (0x28813583) ld x11, 0x288(x2)                       resto_Mrtn+20
mem[R,0x0000000080006288] -> 0x0000000000000000
x11 <- 0x0000000000000000

clint mtime 0x000000000000024F (mip.MTI <- 0b1, mip.STI <- 0b0)
mem[X,0x0000000080002548] -> 0x3103
mem[X,0x000000008000254A] -> 0x2901
[1182] [M]: 0x0000000080002548 (0x29013103) ld x2, 0x290(x2)                        resto_Mrtn+24
mem[R,0x0000000080006290] -> 0x01FDDB7D5BFDDB7F
x2 <- 0x01FDDB7D5BFDDB7F

mem[X,0x000000008000254C] -> 0x0073
mem[X,0x000000008000254E] -> 0x3020
[1183] [M]: 0x000000008000254C (0x30200073) mret                                    resto_Mrtn+28
CSR mstatus (0x300) <- 0x0000000A00000080
ret-ing from M to S

clint mtime 0x0000000000000250 (mip.MTI <- 0b1, mip.STI <- 0b0)
mem[X,0x0000000080000748] -> 0xB023
mem[X,0x000000008000074A] -> 0x00E6
[1184] [S]: 0x0000000080000748 (0x00E6B023) sd x14, 0x0(x13)                        main+872
mem[W,0x0000000080007218] <- 0x0000001300000013

mem[X,0x000000008000074C] -> 0x8793
mem[X,0x000000008000074E] -> 0xFFC7
[1185] [S]: 0x000000008000074C (0xFFC78793) addi x15, x15, -0x4                     main+876
x15 <- 0x0000000080001FFC

clint mtime 0x0000000000000251 (mip.MTI <- 0b1, mip.STI <- 0b0)
mem[X,0x0000000080000750] -> 0xA703
mem[X,0x0000000080000752] -> 0x0007
[1186] [S]: 0x0000000080000750 (0x0007A703) lw x14, 0x0(x15)                        main+880
mem[R,0x0000000080001FFC] -> 0x00000013
x14 <- 0x0000000000000013

mem[X,0x0000000080000754] -> 0x0013
mem[X,0x0000000080000756] -> 0x0000
[1187] [S]: 0x0000000080000754 (0x00000013) addi x0, x0, 0x0                        main+884

clint mtime 0x0000000000000252 (mip.MTI <- 0b1, mip.STI <- 0b0)
mem[X,0x0000000080000758] -> 0xB423
mem[X,0x000000008000075A] -> 0x00E6
[1188] [S]: 0x0000000080000758 (0x00E6B423) sd x14, 0x8(x13)                        main+888
mem[W,0x0000000080007220] <- 0x0000000000000013

mem[X,0x000000008000075C] -> 0x8793
mem[X,0x000000008000075E] -> 0x0087
[1189] [S]: 0x000000008000075C (0x00878793) addi x15, x15, 0x8                      main+892
x15 <- 0x0000000080002004

clint mtime 0x0000000000000253 (mip.MTI <- 0b1, mip.STI <- 0b0)
mem[X,0x0000000080000760] -> 0xA703
mem[X,0x0000000080000762] -> 0x0007
[1190] [S]: 0x0000000080000760 (0x0007A703) lw x14, 0x0(x15)                        main+896
mem[R,0x0000000080002004] -> 0x00000013
x14 <- 0x0000000000000013

mem[X,0x0000000080000764] -> 0x0013
mem[X,0x0000000080000766] -> 0x0000
[1191] [S]: 0x0000000080000764 (0x00000013) addi x0, x0, 0x0                        main+900

clint mtime 0x0000000000000254 (mip.MTI <- 0b1, mip.STI <- 0b0)
mem[X,0x0000000080000768] -> 0xB823
mem[X,0x000000008000076A] -> 0x00E6
[1192] [S]: 0x0000000080000768 (0x00E6B823) sd x14, 0x10(x13)                       main+904
mem[W,0x0000000080007228] <- 0x0000000000000013

mem[X,0x000000008000076C] -> 0x0293
mem[X,0x000000008000076E] -> 0xFFC0
[1193] [S]: 0x000000008000076C (0xFFC00293) addi x5, x0, -0x4                       main+908
x5 <- 0xFFFFFFFFFFFFFFFC

clint mtime 0x0000000000000255 (mip.MTI <- 0b1, mip.STI <- 0b0)
mem[X,0x0000000080000770] -> 0x87B3
mem[X,0x0000000080000772] -> 0x0057
[1194] [S]: 0x0000000080000770 (0x005787B3) add x15, x15, x5                        main+912
x15 <- 0x0000000080002000

mem[X,0x0000000080000774] -> 0xA703
mem[X,0x0000000080000776] -> 0x0007
[1195] [S]: 0x0000000080000774 (0x0007A703) lw x14, 0x0(x15)                        main+916
trapping from S to M to handle load-access-fault
handling exc#load-access-fault at priv M with tval 0x0000000080002000
CSR mstatus (0x300) <- 0x0000000A00000800
CSR mcause (0x342) <- 0x0000000000000005
CSR mtval (0x343) <- 0x0000000080002000
CSR mepc (0x341) <- 0x0000000080000774

clint mtime 0x0000000000000256 (mip.MTI <- 0b1, mip.STI <- 0b0)
mem[X,0x0000000080002100] -> 0x006F
mem[X,0x0000000080002102] -> 0x1000
[1196] [M]: 0x0000000080002100 (0x1000006F) jal x0, 0x100                           Mtrampoline+0

mem[X,0x0000000080002200] -> 0x1173
mem[X,0x0000000080002202] -> 0x3401
[1197] [M]: 0x0000000080002200 (0x34011173) csrrw x2, mscratch, x2                  trap_Mhandler+0
CSR mscratch (0x340) <- 0x01FDDB7D5BFDDB7F
x2 <- 0x0000000080006000

clint mtime 0x0000000000000257 (mip.MTI <- 0b1, mip.STI <- 0b0)
mem[X,0x0000000080002204] -> 0x3423
mem[X,0x0000000080002206] -> 0x28B1
[1198] [M]: 0x0000000080002204 (0x28B13423) sd x11, 0x288(x2)                       trap_Mhandler+4
mem[W,0x0000000080006288] <- 0x0000000000000000

mem[X,0x0000000080002208] -> 0x05EF
mem[X,0x000000008000220A] -> 0x0B80
[1199] [M]: 0x0000000080002208 (0x0B8005EF) jal x11, 0xb8                           trap_Mhandler+8
x11 <- 0x000000008000220C

clint mtime 0x0000000000000258 (mip.MTI <- 0b1, mip.STI <- 0b0)
mem[X,0x00000000800022C0] -> 0x3023
mem[X,0x00000000800022C2] -> 0x28A1
[1200] [M]: 0x00000000800022C0 (0x28A13023) sd x10, 0x280(x2)                       common_Mhandler+0
mem[W,0x0000000080006280] <- 0x0000000000000001

mem[X,0x00000000800022C4] -> 0x1573
mem[X,0x00000000800022C6] -> 0x3401
[1201] [M]: 0x00000000800022C4 (0x34011573) csrrw x10, mscratch, x2                 common_Mhandler+4
CSR mscratch (0x340) <- 0x0000000080006000
x10 <- 0x01FDDB7D5BFDDB7F

clint mtime 0x0000000000000259 (mip.MTI <- 0b1, mip.STI <- 0b0)
mem[X,0x00000000800022C8] -> 0x3823
mem[X,0x00000000800022CA] -> 0x28A1
[1202] [M]: 0x00000000800022C8 (0x28A13823) sd x10, 0x290(x2)                       common_Mhandler+8
mem[W,0x0000000080006290] <- 0x01FDDB7D5BFDDB7F

mem[X,0x00000000800022CC] -> 0x3503
mem[X,0x00000000800022CE] -> 0x2301
[1203] [M]: 0x00000000800022CC (0x23013503) ld x10, 0x230(x2)                       common_Mhandler+12
mem[R,0x0000000080006230] -> 0x00000000800022D4
x10 <- 0x00000000800022D4

clint mtime 0x000000000000025A (mip.MTI <- 0b1, mip.STI <- 0b0)
mem[X,0x00000000800022D0] -> 0x0067
mem[X,0x00000000800022D2] -> 0x0005
[1204] [M]: 0x00000000800022D0 (0x00050067) jalr x0, 0x0(x10)                       common_Mhandler+16

mem[X,0x00000000800022D4] -> 0x3C23
mem[X,0x00000000800022D6] -> 0x2691
[1205] [M]: 0x00000000800022D4 (0x26913C23) sd x9, 0x278(x2)                        common_Mentry+0
mem[W,0x0000000080006278] <- 0x0000000000000000

clint mtime 0x000000000000025B (mip.MTI <- 0b1, mip.STI <- 0b0)
mem[X,0x00000000800022D8] -> 0x3823
mem[X,0x00000000800022DA] -> 0x2681
[1206] [M]: 0x00000000800022D8 (0x26813823) sd x8, 0x270(x2)                        common_Mentry+4
mem[W,0x0000000080006270] <- 0x0000000000007F76

mem[X,0x00000000800022DC] -> 0x3423
mem[X,0x00000000800022DE] -> 0x2671
[1207] [M]: 0x00000000800022DC (0x26713423) sd x7, 0x268(x2)                        common_Mentry+8
mem[W,0x0000000080006268] <- 0x0000000080006000

clint mtime 0x000000000000025C (mip.MTI <- 0b1, mip.STI <- 0b0)
mem[X,0x00000000800022E0] -> 0x3023
mem[X,0x00000000800022E2] -> 0x2661
[1208] [M]: 0x00000000800022E0 (0x26613023) sd x6, 0x260(x2)                        common_Mentry+12
mem[W,0x0000000080006260] <- 0x0000000000000010

mem[X,0x00000000800022E4] -> 0x2573
mem[X,0x00000000800022E6] -> 0x3420
[1209] [M]: 0x00000000800022E4 (0x34202573) csrrs x10, mcause, x0                   spcl_M2mmode_test+0
CSR mcause (0x342) -> 0x0000000000000005
x10 <- 0x0000000000000005

clint mtime 0x000000000000025D (mip.MTI <- 0b1, mip.STI <- 0b0)
mem[X,0x00000000800022E8] -> 0x04B7
mem[X,0x00000000800022EA] -> 0x8000
[1210] [M]: 0x00000000800022E8 (0x800004B7) lui x9, -0x80000                        spcl_M2mmode_test+4
x9 <- 0xFFFFFFFF80000000

mem[X,0x00000000800022EC] -> 0x8493
mem[X,0x00000000800022EE] -> 0x0004
[1211] [M]: 0x00000000800022EC (0x00048493) addi x9, x9, 0x0                        spcl_M2mmode_test+8
x9 <- 0xFFFFFFFF80000000

clint mtime 0x000000000000025E (mip.MTI <- 0b1, mip.STI <- 0b0)
mem[X,0x00000000800022F0] -> 0x9493
mem[X,0x00000000800022F2] -> 0x00B4
[1212] [M]: 0x00000000800022F0 (0x00B49493) slli x9, x9, 0xb                        spcl_M2mmode_test+12
x9 <- 0xFFFFFC0000000000

mem[X,0x00000000800022F4] -> 0x8493
mem[X,0x00000000800022F6] -> 0x0004
[1213] [M]: 0x00000000800022F4 (0x00048493) addi x9, x9, 0x0                        spcl_M2mmode_test+16
x9 <- 0xFFFFFC0000000000

clint mtime 0x000000000000025F (mip.MTI <- 0b1, mip.STI <- 0b0)
mem[X,0x00000000800022F8] -> 0x9493
mem[X,0x00000000800022FA] -> 0x00B4
[1214] [M]: 0x00000000800022F8 (0x00B49493) slli x9, x9, 0xb                        spcl_M2mmode_test+20
x9 <- 0xFFE0000000000000

mem[X,0x00000000800022FC] -> 0x8493
mem[X,0x00000000800022FE] -> 0x0034
[1215] [M]: 0x00000000800022FC (0x00348493) addi x9, x9, 0x3                        spcl_M2mmode_test+24
x9 <- 0xFFE0000000000003

clint mtime 0x0000000000000260 (mip.MTI <- 0b1, mip.STI <- 0b0)
mem[X,0x0000000080002300] -> 0x9493
mem[X,0x0000000080002302] -> 0x00A4
[1216] [M]: 0x0000000080002300 (0x00A49493) slli x9, x9, 0xa                        spcl_M2mmode_test+28
x9 <- 0x8000000000000C00

mem[X,0x0000000080002304] -> 0x8493
mem[X,0x0000000080002306] -> 0x3FC4
[1217] [M]: 0x0000000080002304 (0x3FC48493) addi x9, x9, 0x3fc                      spcl_M2mmode_test+32
x9 <- 0x8000000000000FFC

clint mtime 0x0000000000000261 (mip.MTI <- 0b1, mip.STI <- 0b0)
mem[X,0x0000000080002308] -> 0xF4B3
mem[X,0x000000008000230A] -> 0x00A4
[1218] [M]: 0x0000000080002308 (0x00A4F4B3) and x9, x9, x10                         spcl_M2mmode_test+36
x9 <- 0x0000000000000004

mem[X,0x000000008000230C] -> 0x8493
mem[X,0x000000008000230E] -> 0xFF84
[1219] [M]: 0x000000008000230C (0xFF848493) addi x9, x9, -0x8                       spcl_M2mmode_test+40
x9 <- 0xFFFFFFFFFFFFFFFC

clint mtime 0x0000000000000262 (mip.MTI <- 0b1, mip.STI <- 0b0)
mem[X,0x0000000080002310] -> 0x9663
mem[X,0x0000000080002312] -> 0x0004
[1220] [M]: 0x0000000080002310 (0x00049663) bne x9, x0, 0xc                         spcl_M2mmode_test+44

mem[X,0x000000008000231C] -> 0x0393
mem[X,0x000000008000231E] -> 0x0200
[1221] [M]: 0x000000008000231C (0x02000393) addi x7, x0, 0x20                       Mtrapsig_ptr_upd+0
x7 <- 0x0000000000000020

clint mtime 0x0000000000000263 (mip.MTI <- 0b1, mip.STI <- 0b0)
mem[X,0x0000000080002320] -> 0x5263
mem[X,0x0000000080002322] -> 0x0405
[1222] [M]: 0x0000000080002320 (0x04055263) bge x10, x0, 0x44                       Mtrapsig_ptr_upd+4

mem[X,0x0000000080002364] -> 0x2373
mem[X,0x0000000080002366] -> 0x3010
[1223] [M]: 0x0000000080002364 (0x30102373) csrrs x6, misa, x0                      Mxcpt_sig_sv+0
CSR misa (0x301) -> 0x800000000034112F
x6 <- 0x800000000034112F

clint mtime 0x0000000000000264 (mip.MTI <- 0b1, mip.STI <- 0b0)
mem[X,0x0000000080002368] -> 0x1313
mem[X,0x000000008000236A] -> 0x0383
[1224] [M]: 0x0000000080002368 (0x03831313) slli x6, x6, 0x38                       Mxcpt_sig_sv+4
x6 <- 0x2F00000000000000

mem[X,0x000000008000236C] -> 0x5463
mem[X,0x000000008000236E] -> 0x0003
[1225] [M]: 0x000000008000236C (0x00035463) bge x6, x0, 0x8                         Mxcpt_sig_sv+8

clint mtime 0x0000000000000265 (mip.MTI <- 0b1, mip.STI <- 0b0)
mem[X,0x0000000080002374] -> 0x3303
mem[X,0x0000000080002376] -> 0x2181
[1226] [M]: 0x0000000080002374 (0x21813303) ld x6, 0x218(x2)                        Mtrap_sig_sv+0
mem[R,0x0000000080006218] -> 0x00000000800073E0
x6 <- 0x00000000800073E0

mem[X,0x0000000080002378] -> 0x04B3
mem[X,0x000000008000237A] -> 0x0073
[1227] [M]: 0x0000000080002378 (0x007304B3) add x9, x6, x7                          Mtrap_sig_sv+4
x9 <- 0x0000000080007400

clint mtime 0x0000000000000266 (mip.MTI <- 0b1, mip.STI <- 0b0)
mem[X,0x000000008000237C] -> 0x3C23
mem[X,0x000000008000237E] -> 0x2091
[1228] [M]: 0x000000008000237C (0x20913C23) sd x9, 0x218(x2)                        Mtrap_sig_sv+8
mem[W,0x0000000080006218] <- 0x0000000080007400

mem[X,0x0000000080002380] -> 0x3403
mem[X,0x0000000080002382] -> 0x1F81
[1229] [M]: 0x0000000080002380 (0x1F813403) ld x8, 0x1f8(x2)                        Mtrap_sig_sv+12
mem[R,0x00000000800061F8] -> 0x0000000080007210
x8 <- 0x0000000080007210

clint mtime 0x0000000000000267 (mip.MTI <- 0b1, mip.STI <- 0b0)
mem[X,0x0000000080002384] -> 0x0333
mem[X,0x0000000080002386] -> 0x4083
[1230] [M]: 0x0000000080002384 (0x40830333) sub x6, x6, x8                          Mtrap_sig_sv+16
x6 <- 0x00000000000001D0

mem[X,0x0000000080002388] -> 0x3403
mem[X,0x000000008000238A] -> 0x1F81
[1231] [M]: 0x0000000080002388 (0x1F813403) ld x8, 0x1f8(x2)                        Mtrap_sig_sv+20
mem[R,0x00000000800061F8] -> 0x0000000080007210
x8 <- 0x0000000080007210

clint mtime 0x0000000000000268 (mip.MTI <- 0b1, mip.STI <- 0b0)
mem[X,0x000000008000238C] -> 0x0333
mem[X,0x000000008000238E] -> 0x0083
[1232] [M]: 0x000000008000238C (0x00830333) add x6, x6, x8                          Mtrap_sig_sv+24
x6 <- 0x00000000800073E0

mem[X,0x0000000080002390] -> 0x3403
mem[X,0x0000000080002392] -> 0x2401
[1233] [M]: 0x0000000080002390 (0x24013403) ld x8, 0x240(x2)                        Mtrap_sig_sv+28
mem[R,0x0000000080006240] -> 0x0000000080002100
x8 <- 0x0000000080002100

clint mtime 0x0000000000000269 (mip.MTI <- 0b1, mip.STI <- 0b0)
mem[X,0x0000000080002394] -> 0x85B3
mem[X,0x0000000080002396] -> 0x4085
[1234] [M]: 0x0000000080002394 (0x408585B3) sub x11, x11, x8                        sv_Mvect+0
x11 <- 0x000000000000010C

mem[X,0x0000000080002398] -> 0x9593
mem[X,0x000000008000239A] -> 0x0045
[1235] [M]: 0x0000000080002398 (0x00459593) slli x11, x11, 0x4                      sv_Mvect+4
x11 <- 0x00000000000010C0

clint mtime 0x000000000000026A (mip.MTI <- 0b1, mip.STI <- 0b0)
mem[X,0x000000008000239C] -> 0xE5B3
mem[X,0x000000008000239E] -> 0x0075
[1236] [M]: 0x000000008000239C (0x0075E5B3) or x11, x11, x7                         sv_Mvect+8
x11 <- 0x00000000000010E0

mem[X,0x00000000800023A0] -> 0x8593
mem[X,0x00000000800023A2] -> 0x0035
[1237] [M]: 0x00000000800023A0 (0x00358593) addi x11, x11, 0x3                      sv_Mvect+12
x11 <- 0x00000000000010E3

clint mtime 0x000000000000026B (mip.MTI <- 0b1, mip.STI <- 0b0)
mem[X,0x00000000800023A4] -> 0x3023
mem[X,0x00000000800023A6] -> 0x00B3
[1238] [M]: 0x00000000800023A4 (0x00B33023) sd x11, 0x0(x6)                         sv_Mvect+16
mem[W,0x00000000800073E0] <- 0x00000000000010E3

mem[X,0x00000000800023A8] -> 0x3423
mem[X,0x00000000800023AA] -> 0x00A3
[1239] [M]: 0x00000000800023A8 (0x00A33423) sd x10, 0x8(x6)                         sv_Mcause+0
mem[W,0x00000000800073E8] <- 0x0000000000000005

clint mtime 0x000000000000026C (mip.MTI <- 0b1, mip.STI <- 0b0)
mem[X,0x00000000800023AC] -> 0x4263
mem[X,0x00000000800023AE] -> 0x1A05
[1240] [M]: 0x00000000800023AC (0x1A054263) blt x10, x0, 0x1a4                      sv_Mcause+4

mem[X,0x00000000800023B0] -> 0x25F3
mem[X,0x00000000800023B2] -> 0x3000
[1241] [M]: 0x00000000800023B0 (0x300025F3) csrrs x11, mstatus, x0                  common_Mexcpt_handler+0
CSR mstatus (0x300) -> 0x0000000A00000800
x11 <- 0x0000000A00000800

clint mtime 0x000000000000026D (mip.MTI <- 0b1, mip.STI <- 0b0)
mem[X,0x00000000800023B4] -> 0x9413
mem[X,0x00000000800023B6] -> 0x02E5
[1242] [M]: 0x00000000800023B4 (0x02E59413) slli x8, x11, 0x2e                      common_Mexcpt_handler+4
x8 <- 0x0200000000000000

mem[X,0x00000000800023B8] -> 0x5463
mem[X,0x00000000800023BA] -> 0x0004
[1243] [M]: 0x00000000800023B8 (0x00045463) bge x8, x0, 0x8                         common_Mexcpt_handler+8

clint mtime 0x000000000000026E (mip.MTI <- 0b1, mip.STI <- 0b0)
mem[X,0x00000000800023C0] -> 0xD493
mem[X,0x00000000800023C2] -> 0x00B5
[1244] [M]: 0x00000000800023C0 (0x00B5D493) srli x9, x11, 0xb                       common_Mexcpt_handler+16
x9 <- 0x0000000001400001

mem[X,0x00000000800023C4] -> 0xF493
mem[X,0x00000000800023C6] -> 0x0034
[1245] [M]: 0x00000000800023C4 (0x0034F493) andi x9, x9, 0x3                        common_Mexcpt_handler+20
x9 <- 0x0000000000000001

clint mtime 0x000000000000026F (mip.MTI <- 0b1, mip.STI <- 0b0)
mem[X,0x00000000800023C8] -> 0x8493
mem[X,0x00000000800023CA] -> 0x0014
[1246] [M]: 0x00000000800023C8 (0x00148493) addi x9, x9, 0x1                        common_Mexcpt_handler+24
x9 <- 0x0000000000000002

mem[X,0x00000000800023CC] -> 0xF493
mem[X,0x00000000800023CE] -> 0x0044
[1247] [M]: 0x00000000800023CC (0x0044F493) andi x9, x9, 0x4                        common_Mexcpt_handler+28
x9 <- 0x0000000000000000

clint mtime 0x0000000000000270 (mip.MTI <- 0b1, mip.STI <- 0b0)
mem[X,0x00000000800023D0] -> 0x0593
mem[X,0x00000000800023D2] -> 0x05D0
[1248] [M]: 0x00000000800023D0 (0x05D00593) addi x11, x0, 0x5d                      common_Mexcpt_handler+32
x11 <- 0x000000000000005D

mem[X,0x00000000800023D4] -> 0xD5B3
mem[X,0x00000000800023D6] -> 0x0095
[1249] [M]: 0x00000000800023D4 (0x0095D5B3) srl x11, x11, x9                        common_Mexcpt_handler+36
x11 <- 0x000000000000005D

clint mtime 0x0000000000000271 (mip.MTI <- 0b1, mip.STI <- 0b0)
mem[X,0x00000000800023D8] -> 0xF593
mem[X,0x00000000800023DA] -> 0x0015
[1250] [M]: 0x00000000800023D8 (0x0015F593) andi x11, x11, 0x1                      common_Mexcpt_handler+40
x11 <- 0x0000000000000001

mem[X,0x00000000800023DC] -> 0x8EE3
mem[X,0x00000000800023DE] -> 0xF405
[1251] [M]: 0x00000000800023DC (0xF4058EE3) beq x11, x0, -0xa4                      common_Mexcpt_handler+44

clint mtime 0x0000000000000272 (mip.MTI <- 0b1, mip.STI <- 0b0)
mem[X,0x00000000800023E0] -> 0x0593
mem[X,0x00000000800023E2] -> 0x2980
[1252] [M]: 0x00000000800023E0 (0x29800593) addi x11, x0, 0x298                     common_Mexcpt_handler+48
x11 <- 0x0000000000000298

mem[X,0x00000000800023E4] -> 0xF413
mem[X,0x00000000800023E6] -> 0x0014
[1253] [M]: 0x00000000800023E4 (0x0014F413) andi x8, x9, 0x1                        common_Mexcpt_handler+52
x8 <- 0x0000000000000000

clint mtime 0x0000000000000273 (mip.MTI <- 0b1, mip.STI <- 0b0)
mem[X,0x00000000800023E8] -> 0x95B3
mem[X,0x00000000800023EA] -> 0x0085
[1254] [M]: 0x00000000800023E8 (0x008595B3) sll x11, x11, x8                        common_Mexcpt_handler+56
x11 <- 0x0000000000000298

mem[X,0x00000000800023EC] -> 0x9413
mem[X,0x00000000800023EE] -> 0x03D4
[1255] [M]: 0x00000000800023EC (0x03D49413) slli x8, x9, 0x3d                       common_Mexcpt_handler+60
x8 <- 0x0000000000000000

clint mtime 0x0000000000000274 (mip.MTI <- 0b1, mip.STI <- 0b0)
mem[X,0x00000000800023F0] -> 0x5413
mem[X,0x00000000800023F2] -> 0x43F4
[1256] [M]: 0x00000000800023F0 (0x43F45413) srai x8, x8, 0x3f                       common_Mexcpt_handler+64
x8 <- 0x0000000000000000

mem[X,0x00000000800023F4] -> 0x4413
mem[X,0x00000000800023F6] -> 0xFFF4
[1257] [M]: 0x00000000800023F4 (0xFFF44413) xori x8, x8, -0x1                       common_Mexcpt_handler+68
x8 <- 0xFFFFFFFFFFFFFFFF

clint mtime 0x0000000000000275 (mip.MTI <- 0b1, mip.STI <- 0b0)
mem[X,0x00000000800023F8] -> 0xF4B3
mem[X,0x00000000800023FA] -> 0x0085
[1258] [M]: 0x00000000800023F8 (0x0085F4B3) and x9, x11, x8                         common_Mexcpt_handler+72
x9 <- 0x0000000000000298

mem[X,0x00000000800023FC] -> 0x84B3
mem[X,0x00000000800023FE] -> 0x0024
[1259] [M]: 0x00000000800023FC (0x002484B3) add x9, x9, x2                          vmem_adj_Mepc+0
x9 <- 0x0000000080006298

clint mtime 0x0000000000000276 (mip.MTI <- 0b1, mip.STI <- 0b0)
mem[X,0x0000000080002400] -> 0x23F3
mem[X,0x0000000080002402] -> 0x3410
[1260] [M]: 0x0000000080002400 (0x341023F3) csrrs x7, mepc, x0                      vmem_adj_Mepc+4
CSR mepc (0x341) -> 0x0000000080000774
x7 <- 0x0000000080000774

mem[X,0x0000000080002404] -> 0x0413
mem[X,0x0000000080002406] -> 0x0004
[1261] [M]: 0x0000000080002404 (0x00040413) addi x8, x8, 0x0                        vmem_adj_Mepc+8
x8 <- 0xFFFFFFFFFFFFFFFF

clint mtime 0x0000000000000277 (mip.MTI <- 0b1, mip.STI <- 0b0)
mem[X,0x0000000080002408] -> 0x006F
mem[X,0x000000008000240A] -> 0x0400
[1262] [M]: 0x0000000080002408 (0x0400006F) jal x0, 0x40                            vmem_adj_Mepc+12

mem[X,0x0000000080002448] -> 0x8433
mem[X,0x000000008000244A] -> 0x4083
[1263] [M]: 0x0000000080002448 (0x40838433) sub x8, x7, x8                          adj_Mepc+0
x8 <- 0x0000000080000775

clint mtime 0x0000000000000278 (mip.MTI <- 0b1, mip.STI <- 0b0)
mem[X,0x000000008000244C] -> 0x3823
mem[X,0x000000008000244E] -> 0x0083
[1264] [M]: 0x000000008000244C (0x00833823) sd x8, 0x10(x6)                         sv_Mepc+0
mem[W,0x00000000800073F0] <- 0x0000000080000775

mem[X,0x0000000080002450] -> 0x55B7
mem[X,0x0000000080002452] -> 0x0000
[1265] [M]: 0x0000000080002450 (0x000055B7) lui x11, 0x5                            sv_Mepc+4
x11 <- 0x0000000000005000

clint mtime 0x0000000000000279 (mip.MTI <- 0b1, mip.STI <- 0b0)
mem[X,0x0000000080002454] -> 0x8593
mem[X,0x0000000080002456] -> 0x6675
[1266] [M]: 0x0000000080002454 (0x66758593) addi x11, x11, 0x667                    sv_Mepc+8
x11 <- 0x0000000000005667

mem[X,0x0000000080002458] -> 0x9593
mem[X,0x000000008000245A] -> 0x0015
[1267] [M]: 0x0000000080002458 (0x00159593) slli x11, x11, 0x1                      sv_Mepc+12
x11 <- 0x000000000000ACCE

clint mtime 0x000000000000027A (mip.MTI <- 0b1, mip.STI <- 0b0)
mem[X,0x000000008000245C] -> 0x9063
mem[X,0x000000008000245E] -> 0x02B1
[1268] [M]: 0x000000008000245C (0x02B19063) bne x3, x11, 0x20                       sv_Mepc+16

mem[X,0x0000000080002460] -> 0x2473
mem[X,0x0000000080002462] -> 0x3420
[1269] [M]: 0x0000000080002460 (0x34202473) csrrs x8, mcause, x0                    sv_Mepc+20
CSR mcause (0x342) -> 0x0000000000000005
x8 <- 0x0000000000000005

clint mtime 0x000000000000027B (mip.MTI <- 0b1, mip.STI <- 0b0)
mem[X,0x0000000080002464] -> 0x0593
mem[X,0x0000000080002466] -> 0x00C0
[1270] [M]: 0x0000000080002464 (0x00C00593) addi x11, x0, 0xc                       sv_Mepc+24
x11 <- 0x000000000000000C

mem[X,0x0000000080002468] -> 0x0663
mem[X,0x000000008000246A] -> 0x00B4
[1271] [M]: 0x0000000080002468 (0x00B40663) beq x8, x11, 0xc                        sv_Mepc+28

clint mtime 0x000000000000027C (mip.MTI <- 0b1, mip.STI <- 0b0)
mem[X,0x000000008000246C] -> 0x0593
mem[X,0x000000008000246E] -> 0x0010
[1272] [M]: 0x000000008000246C (0x00100593) addi x11, x0, 0x1                       sv_Mepc+32
x11 <- 0x0000000000000001

mem[X,0x0000000080002470] -> 0x1663
mem[X,0x0000000080002472] -> 0x00B4
[1273] [M]: 0x0000000080002470 (0x00B41663) bne x8, x11, 0xc                        sv_Mepc+36

clint mtime 0x000000000000027D (mip.MTI <- 0b1, mip.STI <- 0b0)
mem[X,0x000000008000247C] -> 0xF593
mem[X,0x000000008000247E] -> 0xFFC3
[1274] [M]: 0x000000008000247C (0xFFC3F593) andi x11, x7, -0x4                      adj_Mepc_rtn+0
x11 <- 0x0000000080000774

mem[X,0x0000000080002480] -> 0x8593
mem[X,0x0000000080002482] -> 0x0085
[1275] [M]: 0x0000000080002480 (0x00858593) addi x11, x11, 0x8                      adj_Mepc_rtn+4
x11 <- 0x000000008000077C

clint mtime 0x000000000000027E (mip.MTI <- 0b1, mip.STI <- 0b0)
mem[X,0x0000000080002484] -> 0x9073
mem[X,0x0000000080002486] -> 0x3415
[1276] [M]: 0x0000000080002484 (0x34159073) csrrw x0, mepc, x11                     adj_Mepc_rtn+8
CSR mepc (0x341) <- 0x000000008000077C

mem[X,0x0000000080002488] -> 0x23F3
mem[X,0x000000008000248A] -> 0x3430
[1277] [M]: 0x0000000080002488 (0x343023F3) csrrs x7, mtval, x0                     skp_adj_Mepc+0
CSR mtval (0x343) -> 0x0000000080002000
x7 <- 0x0000000080002000

clint mtime 0x000000000000027F (mip.MTI <- 0b1, mip.STI <- 0b0)
mem[X,0x000000008000248C] -> 0x7513
mem[X,0x000000008000248E] -> 0x00F5
[1278] [M]: 0x000000008000248C (0x00F57513) andi x10, x10, 0xf                      chk_Mtval+0
x10 <- 0x0000000000000005

mem[X,0x0000000080002490] -> 0x0437
mem[X,0x0000000080002492] -> 0x0000
[1279] [M]: 0x0000000080002490 (0x00000437) lui x8, 0x0                             chk_Mtval+4
x8 <- 0x0000000000000000

clint mtime 0x0000000000000280 (mip.MTI <- 0b1, mip.STI <- 0b0)
mem[X,0x0000000080002494] -> 0x0413
mem[X,0x0000000080002496] -> 0x0004
[1280] [M]: 0x0000000080002494 (0x00040413) addi x8, x8, 0x0                        chk_Mtval+8
x8 <- 0x0000000000000000

mem[X,0x0000000080002498] -> 0x1413
mem[X,0x000000008000249A] -> 0x00B4
[1281] [M]: 0x0000000080002498 (0x00B41413) slli x8, x8, 0xb                        chk_Mtval+12
x8 <- 0x0000000000000000

clint mtime 0x0000000000000281 (mip.MTI <- 0b1, mip.STI <- 0b0)
mem[X,0x000000008000249C] -> 0x0413
mem[X,0x000000008000249E] -> 0x0004
[1282] [M]: 0x000000008000249C (0x00040413) addi x8, x8, 0x0                        chk_Mtval+16
x8 <- 0x0000000000000000

mem[X,0x00000000800024A0] -> 0x1413
mem[X,0x00000000800024A2] -> 0x00B4
[1283] [M]: 0x00000000800024A0 (0x00B41413) slli x8, x8, 0xb                        chk_Mtval+20
x8 <- 0x0000000000000000

clint mtime 0x0000000000000282 (mip.MTI <- 0b1, mip.STI <- 0b0)
mem[X,0x00000000800024A4] -> 0x0413
mem[X,0x00000000800024A6] -> 0x02C4
[1284] [M]: 0x00000000800024A4 (0x02C40413) addi x8, x8, 0x2c                       chk_Mtval+24
x8 <- 0x000000000000002C

mem[X,0x00000000800024A8] -> 0x1413
mem[X,0x00000000800024AA] -> 0x00A4
[1285] [M]: 0x00000000800024A8 (0x00A41413) slli x8, x8, 0xa                        chk_Mtval+28
x8 <- 0x000000000000B000

clint mtime 0x0000000000000283 (mip.MTI <- 0b1, mip.STI <- 0b0)
mem[X,0x00000000800024AC] -> 0x0413
mem[X,0x00000000800024AE] -> 0x0FB4
[1286] [M]: 0x00000000800024AC (0x0FB40413) addi x8, x8, 0xfb                       chk_Mtval+32
x8 <- 0x000000000000B0FB

mem[X,0x00000000800024B0] -> 0x5433
mem[X,0x00000000800024B2] -> 0x00A4
[1287] [M]: 0x00000000800024B0 (0x00A45433) srl x8, x8, x10                         chk_Mtval+36
x8 <- 0x0000000000000587

clint mtime 0x0000000000000284 (mip.MTI <- 0b1, mip.STI <- 0b0)
mem[X,0x00000000800024B4] -> 0x1413
mem[X,0x00000000800024B6] -> 0x03F4
[1288] [M]: 0x00000000800024B4 (0x03F41413) slli x8, x8, 0x3f                       chk_Mtval+40
x8 <- 0x8000000000000000

mem[X,0x00000000800024B8] -> 0x5C63
mem[X,0x00000000800024BA] -> 0x0404
[1289] [M]: 0x00000000800024B8 (0x04045C63) bge x8, x0, 0x58                        chk_Mtval+44

clint mtime 0x0000000000000285 (mip.MTI <- 0b1, mip.STI <- 0b0)
mem[X,0x00000000800024BC] -> 0xB403
mem[X,0x00000000800024BE] -> 0x2084
[1290] [M]: 0x00000000800024BC (0x2084B403) ld x8, 0x208(x9)                        vmem_adj_Mtval+0
mem[R,0x00000000800064A0] -> 0x00000000800003B4
x8 <- 0x00000000800003B4

mem[X,0x00000000800024C0] -> 0xB583
mem[X,0x00000000800024C2] -> 0x2104
[1291] [M]: 0x00000000800024C0 (0x2104B583) ld x11, 0x210(x9)                       vmem_adj_Mtval+4
mem[R,0x00000000800064A8] -> 0x0000000000001C60
x11 <- 0x0000000000001C60

clint mtime 0x0000000000000286 (mip.MTI <- 0b1, mip.STI <- 0b0)
mem[X,0x00000000800024C4] -> 0x85B3
mem[X,0x00000000800024C6] -> 0x0085
[1292] [M]: 0x00000000800024C4 (0x008585B3) add x11, x11, x8                        vmem_adj_Mtval+8
x11 <- 0x0000000080002014

mem[X,0x00000000800024C8] -> 0xF463
mem[X,0x00000000800024CA] -> 0x00B3
[1293] [M]: 0x00000000800024C8 (0x00B3F463) bgeu x7, x11, 0x8                       vmem_adj_Mtval+12

clint mtime 0x0000000000000287 (mip.MTI <- 0b1, mip.STI <- 0b0)
mem[X,0x00000000800024CC] -> 0xF063
mem[X,0x00000000800024CE] -> 0x0483
[1294] [M]: 0x00000000800024CC (0x0483F063) bgeu x7, x8, 0x40                       vmem_adj_Mtval+16

mem[X,0x000000008000250C] -> 0x8433
mem[X,0x000000008000250E] -> 0x4083
[1295] [M]: 0x000000008000250C (0x40838433) sub x8, x7, x8                          adj_Mtval+0
x8 <- 0x0000000000001C4C

clint mtime 0x0000000000000288 (mip.MTI <- 0b1, mip.STI <- 0b0)
mem[X,0x0000000080002510] -> 0x3C23
mem[X,0x0000000080002512] -> 0x0083
[1296] [M]: 0x0000000080002510 (0x00833C23) sd x8, 0x18(x6)                         sv_Mtval+0
mem[W,0x00000000800073F8] <- 0x0000000000001C4C

mem[X,0x0000000080002514] -> 0x3483
mem[X,0x0000000080002516] -> 0x2181
[1297] [M]: 0x0000000080002514 (0x21813483) ld x9, 0x218(x2)                        skp_Mtval+0
mem[R,0x0000000080006218] -> 0x0000000080007400
x9 <- 0x0000000080007400

clint mtime 0x0000000000000289 (mip.MTI <- 0b1, mip.STI <- 0b0)
mem[X,0x0000000080002518] -> 0x3383
mem[X,0x000000008000251A] -> 0x1F81
[1298] [M]: 0x0000000080002518 (0x1F813383) ld x7, 0x1f8(x2)                        skp_Mtval+4
mem[R,0x00000000800061F8] -> 0x0000000080007210
x7 <- 0x0000000080007210

mem[X,0x000000008000251C] -> 0x3303
mem[X,0x000000008000251E] -> 0x2001
[1299] [M]: 0x000000008000251C (0x20013303) ld x6, 0x200(x2)                        skp_Mtval+8
mem[R,0x0000000080006200] -> 0x0000000000000920
x6 <- 0x0000000000000920

clint mtime 0x000000000000028A (mip.MTI <- 0b1, mip.STI <- 0b0)
mem[X,0x0000000080002520] -> 0x0333
mem[X,0x0000000080002522] -> 0x0073
[1300] [M]: 0x0000000080002520 (0x00730333) add x6, x6, x7                          skp_Mtval+12
x6 <- 0x0000000080007B30

mem[X,0x0000000080002524] -> 0x6CE3
mem[X,0x0000000080002526] -> 0xAE93
[1301] [M]: 0x0000000080002524 (0xAE936CE3) bltu x6, x9, -0x508                     skp_Mtval+16

clint mtime 0x000000000000028B (mip.MTI <- 0b1, mip.STI <- 0b0)
mem[X,0x0000000080002528] -> 0x0393
mem[X,0x000000008000252A] -> 0x2000
[1302] [M]: 0x0000000080002528 (0x20000393) addi x7, x0, 0x200                      skp_Mtval+20
x7 <- 0x0000000000000200

mem[X,0x000000008000252C] -> 0x006F
mem[X,0x000000008000252E] -> 0x0400
[1303] [M]: 0x000000008000252C (0x0400006F) jal x0, 0x40                            skp_Mtval+24

clint mtime 0x000000000000028C (mip.MTI <- 0b1, mip.STI <- 0b0)
mem[X,0x000000008000256C] -> 0x0417
mem[X,0x000000008000256E] -> 0x0000
[1304] [M]: 0x000000008000256C (0x00000417) auipc x8, 0x0                           spcl_Mhandler+0
x8 <- 0x000000008000256C

mem[X,0x0000000080002570] -> 0x0413
mem[X,0x0000000080002572] -> 0x03C4
[1305] [M]: 0x0000000080002570 (0x03C40413) addi x8, x8, 0x3c                       spcl_Mhandler+4
x8 <- 0x00000000800025A8

clint mtime 0x000000000000028D (mip.MTI <- 0b1, mip.STI <- 0b0)
mem[X,0x0000000080002574] -> 0x0433
mem[X,0x0000000080002576] -> 0x0074
[1306] [M]: 0x0000000080002574 (0x00740433) add x8, x8, x7                          spcl_Mhandler+8
x8 <- 0x00000000800027A8

mem[X,0x0000000080002578] -> 0x1393
mem[X,0x000000008000257A] -> 0x0035
[1307] [M]: 0x0000000080002578 (0x00351393) slli x7, x10, 0x3                       spcl_Mhandler+12
x7 <- 0x0000000000000028

clint mtime 0x000000000000028E (mip.MTI <- 0b1, mip.STI <- 0b0)
mem[X,0x000000008000257C] -> 0x0433
mem[X,0x000000008000257E] -> 0x0074
[1308] [M]: 0x000000008000257C (0x00740433) add x8, x8, x7                          spcl_Mhandler+16
x8 <- 0x00000000800027D0

mem[X,0x0000000080002580] -> 0x7413
mem[X,0x0000000080002582] -> 0xFF84
[1309] [M]: 0x0000000080002580 (0xFF847413) andi x8, x8, -0x8                       spcl_Mhandler+20
x8 <- 0x00000000800027D0

clint mtime 0x000000000000028F (mip.MTI <- 0b1, mip.STI <- 0b0)
mem[X,0x0000000080002584] -> 0x3403
mem[X,0x0000000080002586] -> 0x0004
[1310] [M]: 0x0000000080002584 (0x00043403) ld x8, 0x0(x8)                          spcl_Mhandler+24
mem[R,0x00000000800027D0] -> 0x000000000000000B
x8 <- 0x000000000000000B

mem[X,0x0000000080002588] -> 0x04E3
mem[X,0x000000008000258A] -> 0xB204
[1311] [M]: 0x0000000080002588 (0xB20404E3) beq x8, x0, -0x4d8                      spcl_Mdispatch_hndling+0

clint mtime 0x0000000000000290 (mip.MTI <- 0b1, mip.STI <- 0b0)
mem[X,0x000000008000258C] -> 0x1393
mem[X,0x000000008000258E] -> 0x03F4
[1312] [M]: 0x000000008000258C (0x03F41393) slli x7, x8, 0x3f                       spcl_Mdispatch_hndling+4
x7 <- 0x8000000000000000

mem[X,0x0000000080002590] -> 0xD863
mem[X,0x0000000080002592] -> 0x0003
[1313] [M]: 0x0000000080002590 (0x0003D863) bge x7, x0, 0x10                        spcl_Mdispatch_hndling+8

clint mtime 0x0000000000000291 (mip.MTI <- 0b1, mip.STI <- 0b0)
mem[X,0x0000000080002594] -> 0x5413
mem[X,0x0000000080002596] -> 0x0014
[1314] [M]: 0x0000000080002594 (0x00145413) srli x8, x8, 0x1                        spcl_Mdispatch_hndling+12
x8 <- 0x0000000000000005

mem[X,0x0000000080002598] -> 0x0CE3
mem[X,0x000000008000259A] -> 0xF885
[1315] [M]: 0x0000000080002598 (0xF8850CE3) beq x10, x8, -0x68                      spcl_Mdispatch_hndling+16

clint mtime 0x0000000000000292 (mip.MTI <- 0b1, mip.STI <- 0b0)
mem[X,0x0000000080002530] -> 0x3303
mem[X,0x0000000080002532] -> 0x2601
[1316] [M]: 0x0000000080002530 (0x26013303) ld x6, 0x260(x2)                        resto_Mrtn+0
mem[R,0x0000000080006260] -> 0x0000000000000010
x6 <- 0x0000000000000010

mem[X,0x0000000080002534] -> 0x3383
mem[X,0x0000000080002536] -> 0x2681
[1317] [M]: 0x0000000080002534 (0x26813383) ld x7, 0x268(x2)                        resto_Mrtn+4
mem[R,0x0000000080006268] -> 0x0000000080006000
x7 <- 0x0000000080006000

clint mtime 0x0000000000000293 (mip.MTI <- 0b1, mip.STI <- 0b0)
mem[X,0x0000000080002538] -> 0x3403
mem[X,0x000000008000253A] -> 0x2701
[1318] [M]: 0x0000000080002538 (0x27013403) ld x8, 0x270(x2)                        resto_Mrtn+8
mem[R,0x0000000080006270] -> 0x0000000000007F76
x8 <- 0x0000000000007F76

mem[X,0x000000008000253C] -> 0x3483
mem[X,0x000000008000253E] -> 0x2781
[1319] [M]: 0x000000008000253C (0x27813483) ld x9, 0x278(x2)                        resto_Mrtn+12
mem[R,0x0000000080006278] -> 0x0000000000000000
x9 <- 0x0000000000000000

clint mtime 0x0000000000000294 (mip.MTI <- 0b1, mip.STI <- 0b0)
mem[X,0x0000000080002540] -> 0x3503
mem[X,0x0000000080002542] -> 0x2801
[1320] [M]: 0x0000000080002540 (0x28013503) ld x10, 0x280(x2)                       resto_Mrtn+16
mem[R,0x0000000080006280] -> 0x0000000000000001
x10 <- 0x0000000000000001

mem[X,0x0000000080002544] -> 0x3583
mem[X,0x0000000080002546] -> 0x2881
[1321] [M]: 0x0000000080002544 (0x28813583) ld x11, 0x288(x2)                       resto_Mrtn+20
mem[R,0x0000000080006288] -> 0x0000000000000000
x11 <- 0x0000000000000000

clint mtime 0x0000000000000295 (mip.MTI <- 0b1, mip.STI <- 0b0)
mem[X,0x0000000080002548] -> 0x3103
mem[X,0x000000008000254A] -> 0x2901
[1322] [M]: 0x0000000080002548 (0x29013103) ld x2, 0x290(x2)                        resto_Mrtn+24
mem[R,0x0000000080006290] -> 0x01FDDB7D5BFDDB7F
x2 <- 0x01FDDB7D5BFDDB7F

mem[X,0x000000008000254C] -> 0x0073
mem[X,0x000000008000254E] -> 0x3020
[1323] [M]: 0x000000008000254C (0x30200073) mret                                    resto_Mrtn+28
CSR mstatus (0x300) <- 0x0000000A00000080
ret-ing from M to S

clint mtime 0x0000000000000296 (mip.MTI <- 0b1, mip.STI <- 0b0)
mem[X,0x000000008000077C] -> 0xBC23
mem[X,0x000000008000077E] -> 0x00E6
[1324] [S]: 0x000000008000077C (0x00E6BC23) sd x14, 0x18(x13)                       main+924
mem[W,0x0000000080007230] <- 0x0000000000000013

mem[X,0x0000000080000780] -> 0x8793
mem[X,0x0000000080000782] -> 0x0047
[1325] [S]: 0x0000000080000780 (0x00478793) addi x15, x15, 0x4                      main+928
x15 <- 0x0000000080002004

clint mtime 0x0000000000000297 (mip.MTI <- 0b1, mip.STI <- 0b0)
mem[X,0x0000000080000784] -> 0xA703
mem[X,0x0000000080000786] -> 0x0007
[1326] [S]: 0x0000000080000784 (0x0007A703) lw x14, 0x0(x15)                        main+932
mem[R,0x0000000080002004] -> 0x00000013
x14 <- 0x0000000000000013

mem[X,0x0000000080000788] -> 0x0013
mem[X,0x000000008000078A] -> 0x0000
[1327] [S]: 0x0000000080000788 (0x00000013) addi x0, x0, 0x0                        main+936

clint mtime 0x0000000000000298 (mip.MTI <- 0b1, mip.STI <- 0b0)
mem[X,0x000000008000078C] -> 0xB023
mem[X,0x000000008000078E] -> 0x02E6
[1328] [S]: 0x000000008000078C (0x02E6B023) sd x14, 0x20(x13)                       main+940
mem[W,0x0000000080007238] <- 0x0000000000000013

mem[X,0x0000000080000790] -> 0x0113
mem[X,0x0000000080000792] -> 0x0000
[1329] [S]: 0x0000000080000790 (0x00000113) addi x2, x0, 0x0                        main+944
x2 <- 0x0000000000000000

clint mtime 0x0000000000000299 (mip.MTI <- 0b1, mip.STI <- 0b0)
mem[X,0x0000000080000794] -> 0x0073
mem[X,0x0000000080000796] -> 0x0000
[1330] [S]: 0x0000000080000794 (0x00000073) ecall                                   main+948
trapping from S to M to handle s-call
handling exc#s-call at priv M with tval 0x0000000000000000
CSR mstatus (0x300) <- 0x0000000A00000800
CSR mcause (0x342) <- 0x0000000000000009
CSR mtval (0x343) <- 0x0000000000000000
CSR mepc (0x341) <- 0x0000000080000794

mem[X,0x0000000080002100] -> 0x006F
mem[X,0x0000000080002102] -> 0x1000
[1331] [M]: 0x0000000080002100 (0x1000006F) jal x0, 0x100                           Mtrampoline+0

clint mtime 0x000000000000029A (mip.MTI <- 0b1, mip.STI <- 0b0)
mem[X,0x0000000080002200] -> 0x1173
mem[X,0x0000000080002202] -> 0x3401
[1332] [M]: 0x0000000080002200 (0x34011173) csrrw x2, mscratch, x2                  trap_Mhandler+0
CSR mscratch (0x340) <- 0x0000000000000000
x2 <- 0x0000000080006000

mem[X,0x0000000080002204] -> 0x3423
mem[X,0x0000000080002206] -> 0x28B1
[1333] [M]: 0x0000000080002204 (0x28B13423) sd x11, 0x288(x2)                       trap_Mhandler+4
mem[W,0x0000000080006288] <- 0x0000000000000000

clint mtime 0x000000000000029B (mip.MTI <- 0b1, mip.STI <- 0b0)
mem[X,0x0000000080002208] -> 0x05EF
mem[X,0x000000008000220A] -> 0x0B80
[1334] [M]: 0x0000000080002208 (0x0B8005EF) jal x11, 0xb8                           trap_Mhandler+8
x11 <- 0x000000008000220C

mem[X,0x00000000800022C0] -> 0x3023
mem[X,0x00000000800022C2] -> 0x28A1
[1335] [M]: 0x00000000800022C0 (0x28A13023) sd x10, 0x280(x2)                       common_Mhandler+0
mem[W,0x0000000080006280] <- 0x0000000000000001

clint mtime 0x000000000000029C (mip.MTI <- 0b1, mip.STI <- 0b0)
mem[X,0x00000000800022C4] -> 0x1573
mem[X,0x00000000800022C6] -> 0x3401
[1336] [M]: 0x00000000800022C4 (0x34011573) csrrw x10, mscratch, x2                 common_Mhandler+4
CSR mscratch (0x340) <- 0x0000000080006000
x10 <- 0x0000000000000000

mem[X,0x00000000800022C8] -> 0x3823
mem[X,0x00000000800022CA] -> 0x28A1
[1337] [M]: 0x00000000800022C8 (0x28A13823) sd x10, 0x290(x2)                       common_Mhandler+8
mem[W,0x0000000080006290] <- 0x0000000000000000

clint mtime 0x000000000000029D (mip.MTI <- 0b1, mip.STI <- 0b0)
mem[X,0x00000000800022CC] -> 0x3503
mem[X,0x00000000800022CE] -> 0x2301
[1338] [M]: 0x00000000800022CC (0x23013503) ld x10, 0x230(x2)                       common_Mhandler+12
mem[R,0x0000000080006230] -> 0x00000000800022D4
x10 <- 0x00000000800022D4

mem[X,0x00000000800022D0] -> 0x0067
mem[X,0x00000000800022D2] -> 0x0005
[1339] [M]: 0x00000000800022D0 (0x00050067) jalr x0, 0x0(x10)                       common_Mhandler+16

clint mtime 0x000000000000029E (mip.MTI <- 0b1, mip.STI <- 0b0)
mem[X,0x00000000800022D4] -> 0x3C23
mem[X,0x00000000800022D6] -> 0x2691
[1340] [M]: 0x00000000800022D4 (0x26913C23) sd x9, 0x278(x2)                        common_Mentry+0
mem[W,0x0000000080006278] <- 0x0000000000000000

mem[X,0x00000000800022D8] -> 0x3823
mem[X,0x00000000800022DA] -> 0x2681
[1341] [M]: 0x00000000800022D8 (0x26813823) sd x8, 0x270(x2)                        common_Mentry+4
mem[W,0x0000000080006270] <- 0x0000000000007F76

clint mtime 0x000000000000029F (mip.MTI <- 0b1, mip.STI <- 0b0)
mem[X,0x00000000800022DC] -> 0x3423
mem[X,0x00000000800022DE] -> 0x2671
[1342] [M]: 0x00000000800022DC (0x26713423) sd x7, 0x268(x2)                        common_Mentry+8
mem[W,0x0000000080006268] <- 0x0000000080006000

mem[X,0x00000000800022E0] -> 0x3023
mem[X,0x00000000800022E2] -> 0x2661
[1343] [M]: 0x00000000800022E0 (0x26613023) sd x6, 0x260(x2)                        common_Mentry+12
mem[W,0x0000000080006260] <- 0x0000000000000010

clint mtime 0x00000000000002A0 (mip.MTI <- 0b1, mip.STI <- 0b0)
mem[X,0x00000000800022E4] -> 0x2573
mem[X,0x00000000800022E6] -> 0x3420
[1344] [M]: 0x00000000800022E4 (0x34202573) csrrs x10, mcause, x0                   spcl_M2mmode_test+0
CSR mcause (0x342) -> 0x0000000000000009
x10 <- 0x0000000000000009

mem[X,0x00000000800022E8] -> 0x04B7
mem[X,0x00000000800022EA] -> 0x8000
[1345] [M]: 0x00000000800022E8 (0x800004B7) lui x9, -0x80000                        spcl_M2mmode_test+4
x9 <- 0xFFFFFFFF80000000

clint mtime 0x00000000000002A1 (mip.MTI <- 0b1, mip.STI <- 0b0)
mem[X,0x00000000800022EC] -> 0x8493
mem[X,0x00000000800022EE] -> 0x0004
[1346] [M]: 0x00000000800022EC (0x00048493) addi x9, x9, 0x0                        spcl_M2mmode_test+8
x9 <- 0xFFFFFFFF80000000

mem[X,0x00000000800022F0] -> 0x9493
mem[X,0x00000000800022F2] -> 0x00B4
[1347] [M]: 0x00000000800022F0 (0x00B49493) slli x9, x9, 0xb                        spcl_M2mmode_test+12
x9 <- 0xFFFFFC0000000000

clint mtime 0x00000000000002A2 (mip.MTI <- 0b1, mip.STI <- 0b0)
mem[X,0x00000000800022F4] -> 0x8493
mem[X,0x00000000800022F6] -> 0x0004
[1348] [M]: 0x00000000800022F4 (0x00048493) addi x9, x9, 0x0                        spcl_M2mmode_test+16
x9 <- 0xFFFFFC0000000000

mem[X,0x00000000800022F8] -> 0x9493
mem[X,0x00000000800022FA] -> 0x00B4
[1349] [M]: 0x00000000800022F8 (0x00B49493) slli x9, x9, 0xb                        spcl_M2mmode_test+20
x9 <- 0xFFE0000000000000

clint mtime 0x00000000000002A3 (mip.MTI <- 0b1, mip.STI <- 0b0)
mem[X,0x00000000800022FC] -> 0x8493
mem[X,0x00000000800022FE] -> 0x0034
[1350] [M]: 0x00000000800022FC (0x00348493) addi x9, x9, 0x3                        spcl_M2mmode_test+24
x9 <- 0xFFE0000000000003

mem[X,0x0000000080002300] -> 0x9493
mem[X,0x0000000080002302] -> 0x00A4
[1351] [M]: 0x0000000080002300 (0x00A49493) slli x9, x9, 0xa                        spcl_M2mmode_test+28
x9 <- 0x8000000000000C00

clint mtime 0x00000000000002A4 (mip.MTI <- 0b1, mip.STI <- 0b0)
mem[X,0x0000000080002304] -> 0x8493
mem[X,0x0000000080002306] -> 0x3FC4
[1352] [M]: 0x0000000080002304 (0x3FC48493) addi x9, x9, 0x3fc                      spcl_M2mmode_test+32
x9 <- 0x8000000000000FFC

mem[X,0x0000000080002308] -> 0xF4B3
mem[X,0x000000008000230A] -> 0x00A4
[1353] [M]: 0x0000000080002308 (0x00A4F4B3) and x9, x9, x10                         spcl_M2mmode_test+36
x9 <- 0x0000000000000008

clint mtime 0x00000000000002A5 (mip.MTI <- 0b1, mip.STI <- 0b0)
mem[X,0x000000008000230C] -> 0x8493
mem[X,0x000000008000230E] -> 0xFF84
[1354] [M]: 0x000000008000230C (0xFF848493) addi x9, x9, -0x8                       spcl_M2mmode_test+40
x9 <- 0x0000000000000000

mem[X,0x0000000080002310] -> 0x9663
mem[X,0x0000000080002312] -> 0x0004
[1355] [M]: 0x0000000080002310 (0x00049663) bne x9, x0, 0xc                         spcl_M2mmode_test+44

clint mtime 0x00000000000002A6 (mip.MTI <- 0b1, mip.STI <- 0b0)
mem[X,0x0000000080002314] -> 0x3383
mem[X,0x0000000080002316] -> 0x2901
[1356] [M]: 0x0000000080002314 (0x29013383) ld x7, 0x290(x2)                        spcl_M2mmode_test+48
mem[R,0x0000000080006290] -> 0x0000000000000000
x7 <- 0x0000000000000000

mem[X,0x0000000080002318] -> 0x8263
mem[X,0x000000008000231A] -> 0x6E03
[1357] [M]: 0x0000000080002318 (0x6E038263) beq x7, x0, 0x6e4                       spcl_M2mmode_test+52

clint mtime 0x00000000000002A7 (mip.MTI <- 0b1, mip.STI <- 0b0)
mem[X,0x00000000800029FC] -> 0x0493
mem[X,0x00000000800029FE] -> 0xFF55
[1358] [M]: 0x00000000800029FC (0xFF550493) addi x9, x10, -0xb                      rtn2mmode+0
x9 <- 0xFFFFFFFFFFFFFFFE

mem[X,0x0000000080002A00] -> 0x8C63
mem[X,0x0000000080002A02] -> 0x0004
[1359] [M]: 0x0000000080002A00 (0x00048C63) beq x9, x0, 0x18                        rtn2mmode+4

clint mtime 0x00000000000002A8 (mip.MTI <- 0b1, mip.STI <- 0b0)
mem[X,0x0000000080002A04] -> 0x3583
mem[X,0x0000000080002A06] -> 0x4701
[1360] [M]: 0x0000000080002A04 (0x47013583) ld x11, 0x470(x2)                       rtn2mmode+8
mem[R,0x0000000080006470] -> 0x00000000800003B4
x11 <- 0x00000000800003B4

mem[X,0x0000000080002A08] -> 0xD463
mem[X,0x0000000080002A0A] -> 0x0003
[1361] [M]: 0x0000000080002A08 (0x0003D463) bge x7, x0, 0x8                         rtn2mmode+12

clint mtime 0x00000000000002A9 (mip.MTI <- 0b1, mip.STI <- 0b0)
mem[X,0x0000000080002A10] -> 0x3483
mem[X,0x0000000080002A12] -> 0x1D81
[1362] [M]: 0x0000000080002A10 (0x1D813483) ld x9, 0x1d8(x2)                        from_u_s+0
mem[R,0x00000000800061D8] -> 0x00000000800003B4
x9 <- 0x00000000800003B4

mem[X,0x0000000080002A14] -> 0x84B3
mem[X,0x0000000080002A16] -> 0x40B4
[1363] [M]: 0x0000000080002A14 (0x40B484B3) sub x9, x9, x11                         from_u_s+4
x9 <- 0x0000000000000000

clint mtime 0x00000000000002AA (mip.MTI <- 0b1, mip.STI <- 0b0)
mem[X,0x0000000080002A18] -> 0x23F3
mem[X,0x0000000080002A1A] -> 0x3410
[1364] [M]: 0x0000000080002A18 (0x341023F3) csrrs x7, mepc, x0                      rtn_fm_mmode+0
CSR mepc (0x341) -> 0x0000000080000794
x7 <- 0x0000000080000794

mem[X,0x0000000080002A1C] -> 0x83B3
mem[X,0x0000000080002A1E] -> 0x0093
[1365] [M]: 0x0000000080002A1C (0x009383B3) add x7, x7, x9                          rtn_fm_mmode+4
x7 <- 0x0000000080000794

clint mtime 0x00000000000002AB (mip.MTI <- 0b1, mip.STI <- 0b0)
mem[X,0x0000000080002A20] -> 0x3303
mem[X,0x0000000080002A22] -> 0x2601
[1366] [M]: 0x0000000080002A20 (0x26013303) ld x6, 0x260(x2)                        rtn_fm_mmode+8
mem[R,0x0000000080006260] -> 0x0000000000000010
x6 <- 0x0000000000000010

mem[X,0x0000000080002A24] -> 0x3403
mem[X,0x0000000080002A26] -> 0x2701
[1367] [M]: 0x0000000080002A24 (0x27013403) ld x8, 0x270(x2)                        rtn_fm_mmode+12
mem[R,0x0000000080006270] -> 0x0000000000007F76
x8 <- 0x0000000000007F76

clint mtime 0x00000000000002AC (mip.MTI <- 0b1, mip.STI <- 0b0)
mem[X,0x0000000080002A28] -> 0x3483
mem[X,0x0000000080002A2A] -> 0x2781
[1368] [M]: 0x0000000080002A28 (0x27813483) ld x9, 0x278(x2)                        rtn_fm_mmode+16
mem[R,0x0000000080006278] -> 0x0000000000000000
x9 <- 0x0000000000000000

mem[X,0x0000000080002A2C] -> 0x3503
mem[X,0x0000000080002A2E] -> 0x2801
[1369] [M]: 0x0000000080002A2C (0x28013503) ld x10, 0x280(x2)                       rtn_fm_mmode+20
mem[R,0x0000000080006280] -> 0x0000000000000001
x10 <- 0x0000000000000001

clint mtime 0x00000000000002AD (mip.MTI <- 0b1, mip.STI <- 0b0)
mem[X,0x0000000080002A30] -> 0x3583
mem[X,0x0000000080002A32] -> 0x2881
[1370] [M]: 0x0000000080002A30 (0x28813583) ld x11, 0x288(x2)                       rtn_fm_mmode+24
mem[R,0x0000000080006288] -> 0x0000000000000000
x11 <- 0x0000000000000000

mem[X,0x0000000080002A34] -> 0x3103
mem[X,0x0000000080002A36] -> 0x2901
[1371] [M]: 0x0000000080002A34 (0x29013103) ld x2, 0x290(x2)                        rtn_fm_mmode+28
mem[R,0x0000000080006290] -> 0x0000000000000000
x2 <- 0x0000000000000000

clint mtime 0x00000000000002AE (mip.MTI <- 0b1, mip.STI <- 0b0)
mem[X,0x0000000080002A38] -> 0x8067
mem[X,0x0000000080002A3A] -> 0x0043
[1372] [M]: 0x0000000080002A38 (0x00438067) jalr x0, 0x4(x7)                        rtn_fm_mmode+32

mem[X,0x0000000080000798] -> 0x0013
mem[X,0x000000008000079A] -> 0x0000
[1373] [M]: 0x0000000080000798 (0x00000013) addi x0, x0, 0x0                        main+952

clint mtime 0x00000000000002AF (mip.MTI <- 0b1, mip.STI <- 0b0)
mem[X,0x000000008000079C] -> 0x0013
mem[X,0x000000008000079E] -> 0x0000
[1374] [M]: 0x000000008000079C (0x00000013) addi x0, x0, 0x0                        main+956

mem[X,0x00000000800007A0] -> 0x1337
mem[X,0x00000000800007A2] -> 0x2000
[1375] [M]: 0x00000000800007A0 (0x20001337) lui x6, 0x20001                         main+960
x6 <- 0x0000000020001000

clint mtime 0x00000000000002B0 (mip.MTI <- 0b1, mip.STI <- 0b0)
mem[X,0x00000000800007A4] -> 0x031B
mem[X,0x00000000800007A6] -> 0x8013
[1376] [M]: 0x00000000800007A4 (0x8013031B) addiw x6, x6, -0x7ff                    main+964
x6 <- 0x0000000020000801

mem[X,0x00000000800007A8] -> 0x0001
[1377] [M]: 0x00000000800007A8 (0x0001) c.nop                                       main+968

clint mtime 0x00000000000002B1 (mip.MTI <- 0b1, mip.STI <- 0b0)
mem[X,0x00000000800007AA] -> 0x0013
mem[X,0x00000000800007AC] -> 0x0000
[1378] [M]: 0x00000000800007AA (0x00000013) addi x0, x0, 0x0                        main+970

mem[X,0x00000000800007AE] -> 0x0013
mem[X,0x00000000800007B0] -> 0x0000
[1379] [M]: 0x00000000800007AE (0x00000013) addi x0, x0, 0x0                        main+974

clint mtime 0x00000000000002B2 (mip.MTI <- 0b1, mip.STI <- 0b0)
mem[X,0x00000000800007B2] -> 0x0013
mem[X,0x00000000800007B4] -> 0x0000
[1380] [M]: 0x00000000800007B2 (0x00000013) addi x0, x0, 0x0                        main+978

mem[X,0x00000000800007B6] -> 0x0013
mem[X,0x00000000800007B8] -> 0x0000
[1381] [M]: 0x00000000800007B6 (0x00000013) addi x0, x0, 0x0                        main+982

clint mtime 0x00000000000002B3 (mip.MTI <- 0b1, mip.STI <- 0b0)
mem[X,0x00000000800007BA] -> 0x0013
mem[X,0x00000000800007BC] -> 0x0000
[1382] [M]: 0x00000000800007BA (0x00000013) addi x0, x0, 0x0                        main+986

mem[X,0x00000000800007BE] -> 0x0001
[1383] [M]: 0x00000000800007BE (0x0001) c.nop                                       main+990

clint mtime 0x00000000000002B4 (mip.MTI <- 0b1, mip.STI <- 0b0)
mem[X,0x00000000800007C0] -> 0x1073
mem[X,0x00000000800007C2] -> 0x3B93
[1384] [M]: 0x00000000800007C0 (0x3B931073) csrrw x0, pmpaddr9, x6                  main+992
CSR pmpaddr9 (0x3B9) <- 0x0000000020000801

mem[X,0x00000000800007C4] -> 0x0013
mem[X,0x00000000800007C6] -> 0x0000
[1385] [M]: 0x00000000800007C4 (0x00000013) addi x0, x0, 0x0                        main+996

clint mtime 0x00000000000002B5 (mip.MTI <- 0b1, mip.STI <- 0b0)
mem[X,0x00000000800007C8] -> 0x0013
mem[X,0x00000000800007CA] -> 0x0000
[1386] [M]: 0x00000000800007C8 (0x00000013) addi x0, x0, 0x0                        main+1000

mem[X,0x00000000800007CC] -> 0x0013
mem[X,0x00000000800007CE] -> 0x0000
[1387] [M]: 0x00000000800007CC (0x00000013) addi x0, x0, 0x0                        main+1004

clint mtime 0x00000000000002B6 (mip.MTI <- 0b1, mip.STI <- 0b0)
mem[X,0x00000000800007D0] -> 0x0013
mem[X,0x00000000800007D2] -> 0x0000
[1388] [M]: 0x00000000800007D0 (0x00000013) addi x0, x0, 0x0                        main+1008

mem[X,0x00000000800007D4] -> 0x0013
mem[X,0x00000000800007D6] -> 0x0000
[1389] [M]: 0x00000000800007D4 (0x00000013) addi x0, x0, 0x0                        main+1012

clint mtime 0x00000000000002B7 (mip.MTI <- 0b1, mip.STI <- 0b0)
mem[X,0x00000000800007D8] -> 0x0013
mem[X,0x00000000800007DA] -> 0x0000
[1390] [M]: 0x00000000800007D8 (0x00000013) addi x0, x0, 0x0                        main+1016

mem[X,0x00000000800007DC] -> 0x0013
mem[X,0x00000000800007DE] -> 0x0000
[1391] [M]: 0x00000000800007DC (0x00000013) addi x0, x0, 0x0                        main+1020

clint mtime 0x00000000000002B8 (mip.MTI <- 0b1, mip.STI <- 0b0)
mem[X,0x00000000800007E0] -> 0x12B7
mem[X,0x00000000800007E2] -> 0x2000
[1392] [M]: 0x00000000800007E0 (0x200012B7) lui x5, 0x20001                         main+1024
x5 <- 0x0000000020001000

mem[X,0x00000000800007E4] -> 0x829B
mem[X,0x00000000800007E6] -> 0x8002
[1393] [M]: 0x00000000800007E4 (0x8002829B) addiw x5, x5, -0x800                    main+1028
x5 <- 0x0000000020000800

clint mtime 0x00000000000002B9 (mip.MTI <- 0b1, mip.STI <- 0b0)
mem[X,0x00000000800007E8] -> 0x0001
[1394] [M]: 0x00000000800007E8 (0x0001) c.nop                                       main+1032

mem[X,0x00000000800007EA] -> 0x0013
mem[X,0x00000000800007EC] -> 0x0000
[1395] [M]: 0x00000000800007EA (0x00000013) addi x0, x0, 0x0                        main+1034

clint mtime 0x00000000000002BA (mip.MTI <- 0b1, mip.STI <- 0b0)
mem[X,0x00000000800007EE] -> 0x0013
mem[X,0x00000000800007F0] -> 0x0000
[1396] [M]: 0x00000000800007EE (0x00000013) addi x0, x0, 0x0                        main+1038

mem[X,0x00000000800007F2] -> 0x0013
mem[X,0x00000000800007F4] -> 0x0000
[1397] [M]: 0x00000000800007F2 (0x00000013) addi x0, x0, 0x0                        main+1042

clint mtime 0x00000000000002BB (mip.MTI <- 0b1, mip.STI <- 0b0)
mem[X,0x00000000800007F6] -> 0x0013
mem[X,0x00000000800007F8] -> 0x0000
[1398] [M]: 0x00000000800007F6 (0x00000013) addi x0, x0, 0x0                        main+1046

mem[X,0x00000000800007FA] -> 0x0013
mem[X,0x00000000800007FC] -> 0x0000
[1399] [M]: 0x00000000800007FA (0x00000013) addi x0, x0, 0x0                        main+1050

clint mtime 0x00000000000002BC (mip.MTI <- 0b1, mip.STI <- 0b0)
mem[X,0x00000000800007FE] -> 0x0001
[1400] [M]: 0x00000000800007FE (0x0001) c.nop                                       main+1054

mem[X,0x0000000080000800] -> 0x9073
mem[X,0x0000000080000802] -> 0x3B82
[1401] [M]: 0x0000000080000800 (0x3B829073) csrrw x0, pmpaddr8, x5                  main+1056
CSR pmpaddr8 (0x3B8) <- 0x0000000020000800

clint mtime 0x00000000000002BD (mip.MTI <- 0b1, mip.STI <- 0b0)
mem[X,0x0000000080000804] -> 0x0213
mem[X,0x0000000080000806] -> 0x0090
[1402] [M]: 0x0000000080000804 (0x00900213) addi x4, x0, 0x9                        main+1060
x4 <- 0x0000000000000009

mem[X,0x0000000080000808] -> 0x1213
mem[X,0x000000008000080A] -> 0x0082
[1403] [M]: 0x0000000080000808 (0x00821213) slli x4, x4, 0x8                        main+1064
x4 <- 0x0000000000000900

clint mtime 0x00000000000002BE (mip.MTI <- 0b1, mip.STI <- 0b0)
mem[X,0x000000008000080C] -> 0x1073
mem[X,0x000000008000080E] -> 0x3A22
[1404] [M]: 0x000000008000080C (0x3A221073) csrrw x0, pmpcfg2, x4                   main+1068
CSR pmpcfg2 (0x3A2) <- 0x9F00000000000900

mem[X,0x0000000080000810] -> 0x0493
mem[X,0x0000000080000812] -> 0x0010
[1405] [M]: 0x0000000080000810 (0x00100493) addi x9, x0, 0x1                        main+1072
x9 <- 0x0000000000000001

clint mtime 0x00000000000002BF (mip.MTI <- 0b1, mip.STI <- 0b0)
mem[X,0x0000000080000814] -> 0x9493
mem[X,0x0000000080000816] -> 0x00B4
[1406] [M]: 0x0000000080000814 (0x00B49493) slli x9, x9, 0xb                        main+1076
x9 <- 0x0000000000000800

mem[X,0x0000000080000818] -> 0xB073
mem[X,0x000000008000081A] -> 0x3004
[1407] [M]: 0x0000000080000818 (0x3004B073) csrrc x0, mstatus, x9                   main+1080
CSR mstatus (0x300) <- 0x0000000A00000000

clint mtime 0x00000000000002C0 (mip.MTI <- 0b1, mip.STI <- 0b0)
mem[X,0x000000008000081C] -> 0x0493
mem[X,0x000000008000081E] -> 0x0010
[1408] [M]: 0x000000008000081C (0x00100493) addi x9, x0, 0x1                        main+1084
x9 <- 0x0000000000000001

mem[X,0x0000000080000820] -> 0x9493
mem[X,0x0000000080000822] -> 0x00B4
[1409] [M]: 0x0000000080000820 (0x00B49493) slli x9, x9, 0xb                        main+1088
x9 <- 0x0000000000000800

clint mtime 0x00000000000002C1 (mip.MTI <- 0b1, mip.STI <- 0b0)
mem[X,0x0000000080000824] -> 0xA073
mem[X,0x0000000080000826] -> 0x3004
[1410] [M]: 0x0000000080000824 (0x3004A073) csrrs x0, mstatus, x9                   main+1092
CSR mstatus (0x300) <- 0x0000000A00000800

mem[X,0x0000000080000828] -> 0x23F3
mem[X,0x000000008000082A] -> 0x3400
[1411] [M]: 0x0000000080000828 (0x340023F3) csrrs x7, mscratch, x0                  main+1096
CSR mscratch (0x340) -> 0x0000000080006000
x7 <- 0x0000000080006000

clint mtime 0x00000000000002C2 (mip.MTI <- 0b1, mip.STI <- 0b0)
mem[X,0x000000008000082C] -> 0xB303
mem[X,0x000000008000082E] -> 0x4703
[1412] [M]: 0x000000008000082C (0x4703B303) ld x6, 0x470(x7)                        main+1100
mem[R,0x0000000080006470] -> 0x00000000800003B4
x6 <- 0x00000000800003B4

mem[X,0x0000000080000830] -> 0xB483
mem[X,0x0000000080000832] -> 0x1D83
[1413] [M]: 0x0000000080000830 (0x1D83B483) ld x9, 0x1d8(x7)                        main+1104
mem[R,0x00000000800061D8] -> 0x00000000800003B4
x9 <- 0x00000000800003B4

clint mtime 0x00000000000002C3 (mip.MTI <- 0b1, mip.STI <- 0b0)
mem[X,0x0000000080000834] -> 0x0333
mem[X,0x0000000080000836] -> 0x4093
[1414] [M]: 0x0000000080000834 (0x40930333) sub x6, x6, x9                          main+1108
x6 <- 0x0000000000000000

mem[X,0x0000000080000838] -> 0x0313
mem[X,0x000000008000083A] -> 0x0103
[1415] [M]: 0x0000000080000838 (0x01030313) addi x6, x6, 0x10                       main+1112
x6 <- 0x0000000000000010

clint mtime 0x00000000000002C4 (mip.MTI <- 0b1, mip.STI <- 0b0)
mem[X,0x000000008000083C] -> 0x0497
mem[X,0x000000008000083E] -> 0x0000
[1416] [M]: 0x000000008000083C (0x00000497) auipc x9, 0x0                           main+1116
x9 <- 0x000000008000083C

mem[X,0x0000000080000840] -> 0x84B3
mem[X,0x0000000080000842] -> 0x0064
[1417] [M]: 0x0000000080000840 (0x006484B3) add x9, x9, x6                          main+1120
x9 <- 0x000000008000084C

clint mtime 0x00000000000002C5 (mip.MTI <- 0b1, mip.STI <- 0b0)
mem[X,0x0000000080000844] -> 0x94F3
mem[X,0x0000000080000846] -> 0x3414
[1418] [M]: 0x0000000080000844 (0x341494F3) csrrw x9, mepc, x9                      main+1124
CSR mepc (0x341) <- 0x000000008000084C
x9 <- 0x0000000080000794

mem[X,0x0000000080000848] -> 0x0073
mem[X,0x000000008000084A] -> 0x3020
[1419] [M]: 0x0000000080000848 (0x30200073) mret                                    main+1128
CSR mstatus (0x300) <- 0x0000000A00000080
ret-ing from M to S

clint mtime 0x00000000000002C6 (mip.MTI <- 0b1, mip.STI <- 0b0)
mem[X,0x000000008000084C] -> 0x51B7
mem[X,0x000000008000084E] -> 0x0000
[1420] [S]: 0x000000008000084C (0x000051B7) lui x3, 0x5                             main+1132
x3 <- 0x0000000000005000

mem[X,0x0000000080000850] -> 0x8193
mem[X,0x0000000080000852] -> 0x6671
[1421] [S]: 0x0000000080000850 (0x66718193) addi x3, x3, 0x667                      main+1136
x3 <- 0x0000000000005667

clint mtime 0x00000000000002C7 (mip.MTI <- 0b1, mip.STI <- 0b0)
mem[X,0x0000000080000854] -> 0x9193
mem[X,0x0000000080000856] -> 0x0011
[1422] [S]: 0x0000000080000854 (0x00119193) slli x3, x3, 0x1                        main+1140
x3 <- 0x000000000000ACCE

mem[X,0x0000000080000858] -> 0x0013
mem[X,0x000000008000085A] -> 0x0000
[1423] [S]: 0x0000000080000858 (0x00000013) addi x0, x0, 0x0                        main+1144

clint mtime 0x00000000000002C8 (mip.MTI <- 0b1, mip.STI <- 0b0)
mem[X,0x000000008000085C] -> 0x0013
mem[X,0x000000008000085E] -> 0x0000
[1424] [S]: 0x000000008000085C (0x00000013) addi x0, x0, 0x0                        main+1148

mem[X,0x0000000080000860] -> 0x1717
mem[X,0x0000000080000862] -> 0x0000
[1425] [S]: 0x0000000080000860 (0x00001717) auipc x14, 0x1                          main+1152
x14 <- 0x0000000080001860

clint mtime 0x00000000000002C9 (mip.MTI <- 0b1, mip.STI <- 0b0)
mem[X,0x0000000080000864] -> 0x0713
mem[X,0x0000000080000866] -> 0x7A07
[1426] [S]: 0x0000000080000864 (0x7A070713) addi x14, x14, 0x7a0                    main+1156
x14 <- 0x0000000080002000

mem[X,0x0000000080000868] -> 0x0001
[1427] [S]: 0x0000000080000868 (0x0001) c.nop                                       main+1160

clint mtime 0x00000000000002CA (mip.MTI <- 0b1, mip.STI <- 0b0)
mem[X,0x000000008000086A] -> 0x0013
mem[X,0x000000008000086C] -> 0x0000
[1428] [S]: 0x000000008000086A (0x00000013) addi x0, x0, 0x0                        main+1162

mem[X,0x000000008000086E] -> 0x0013
mem[X,0x0000000080000870] -> 0x0000
[1429] [S]: 0x000000008000086E (0x00000013) addi x0, x0, 0x0                        main+1166

clint mtime 0x00000000000002CB (mip.MTI <- 0b1, mip.STI <- 0b0)
mem[X,0x0000000080000872] -> 0x0013
mem[X,0x0000000080000874] -> 0x0000
[1430] [S]: 0x0000000080000872 (0x00000013) addi x0, x0, 0x0                        main+1170

mem[X,0x0000000080000876] -> 0x0013
mem[X,0x0000000080000878] -> 0x0000
[1431] [S]: 0x0000000080000876 (0x00000013) addi x0, x0, 0x0                        main+1174

clint mtime 0x00000000000002CC (mip.MTI <- 0b1, mip.STI <- 0b0)
mem[X,0x000000008000087A] -> 0x0013
mem[X,0x000000008000087C] -> 0x0000
[1432] [S]: 0x000000008000087A (0x00000013) addi x0, x0, 0x0                        main+1178

mem[X,0x000000008000087E] -> 0x0001
[1433] [S]: 0x000000008000087E (0x0001) c.nop                                       main+1182

clint mtime 0x00000000000002CD (mip.MTI <- 0b1, mip.STI <- 0b0)
mem[X,0x0000000080000880] -> 0x0217
mem[X,0x0000000080000882] -> 0x0000
[1434] [S]: 0x0000000080000880 (0x00000217) auipc x4, 0x0                           main+1184
x4 <- 0x0000000080000880

mem[X,0x0000000080000884] -> 0x0213
mem[X,0x0000000080000886] -> 0x0282
[1435] [S]: 0x0000000080000884 (0x02820213) addi x4, x4, 0x28                       main+1188
x4 <- 0x00000000800008A8

clint mtime 0x00000000000002CE (mip.MTI <- 0b1, mip.STI <- 0b0)
mem[X,0x0000000080000888] -> 0x0001
[1436] [S]: 0x0000000080000888 (0x0001) c.nop                                       main+1192

mem[X,0x000000008000088A] -> 0x0013
mem[X,0x000000008000088C] -> 0x0000
[1437] [S]: 0x000000008000088A (0x00000013) addi x0, x0, 0x0                        main+1194

clint mtime 0x00000000000002CF (mip.MTI <- 0b1, mip.STI <- 0b0)
mem[X,0x000000008000088E] -> 0x0013
mem[X,0x0000000080000890] -> 0x0000
[1438] [S]: 0x000000008000088E (0x00000013) addi x0, x0, 0x0                        main+1198

mem[X,0x0000000080000892] -> 0x0013
mem[X,0x0000000080000894] -> 0x0000
[1439] [S]: 0x0000000080000892 (0x00000013) addi x0, x0, 0x0                        main+1202

clint mtime 0x00000000000002D0 (mip.MTI <- 0b1, mip.STI <- 0b0)
mem[X,0x0000000080000896] -> 0x0013
mem[X,0x0000000080000898] -> 0x0000
[1440] [S]: 0x0000000080000896 (0x00000013) addi x0, x0, 0x0                        main+1206

mem[X,0x000000008000089A] -> 0x0013
mem[X,0x000000008000089C] -> 0x0000
[1441] [S]: 0x000000008000089A (0x00000013) addi x0, x0, 0x0                        main+1210

clint mtime 0x00000000000002D1 (mip.MTI <- 0b1, mip.STI <- 0b0)
mem[X,0x000000008000089E] -> 0x0001
[1442] [S]: 0x000000008000089E (0x0001) c.nop                                       main+1214

mem[X,0x00000000800008A0] -> 0x00E7
mem[X,0x00000000800008A2] -> 0x0007
[1443] [S]: 0x00000000800008A0 (0x000700E7) jalr x1, 0x0(x14)                       main+1216
x1 <- 0x00000000800008A4

clint mtime 0x00000000000002D2 (mip.MTI <- 0b1, mip.STI <- 0b0)
trapping from S to M to handle fetch-access-fault
handling exc#fetch-access-fault at priv M with tval 0x0000000080002000
CSR mstatus (0x300) <- 0x0000000A00000800
CSR mcause (0x342) <- 0x0000000000000001
CSR mtval (0x343) <- 0x0000000080002000
CSR mepc (0x341) <- 0x0000000080002000

mem[X,0x0000000080002100] -> 0x006F
mem[X,0x0000000080002102] -> 0x1000
[1445] [M]: 0x0000000080002100 (0x1000006F) jal x0, 0x100                           Mtrampoline+0

clint mtime 0x00000000000002D3 (mip.MTI <- 0b1, mip.STI <- 0b0)
mem[X,0x0000000080002200] -> 0x1173
mem[X,0x0000000080002202] -> 0x3401
[1446] [M]: 0x0000000080002200 (0x34011173) csrrw x2, mscratch, x2                  trap_Mhandler+0
CSR mscratch (0x340) <- 0x0000000000000000
x2 <- 0x0000000080006000

mem[X,0x0000000080002204] -> 0x3423
mem[X,0x0000000080002206] -> 0x28B1
[1447] [M]: 0x0000000080002204 (0x28B13423) sd x11, 0x288(x2)                       trap_Mhandler+4
mem[W,0x0000000080006288] <- 0x0000000000000000

clint mtime 0x00000000000002D4 (mip.MTI <- 0b1, mip.STI <- 0b0)
mem[X,0x0000000080002208] -> 0x05EF
mem[X,0x000000008000220A] -> 0x0B80
[1448] [M]: 0x0000000080002208 (0x0B8005EF) jal x11, 0xb8                           trap_Mhandler+8
x11 <- 0x000000008000220C

mem[X,0x00000000800022C0] -> 0x3023
mem[X,0x00000000800022C2] -> 0x28A1
[1449] [M]: 0x00000000800022C0 (0x28A13023) sd x10, 0x280(x2)                       common_Mhandler+0
mem[W,0x0000000080006280] <- 0x0000000000000001

clint mtime 0x00000000000002D5 (mip.MTI <- 0b1, mip.STI <- 0b0)
mem[X,0x00000000800022C4] -> 0x1573
mem[X,0x00000000800022C6] -> 0x3401
[1450] [M]: 0x00000000800022C4 (0x34011573) csrrw x10, mscratch, x2                 common_Mhandler+4
CSR mscratch (0x340) <- 0x0000000080006000
x10 <- 0x0000000000000000

mem[X,0x00000000800022C8] -> 0x3823
mem[X,0x00000000800022CA] -> 0x28A1
[1451] [M]: 0x00000000800022C8 (0x28A13823) sd x10, 0x290(x2)                       common_Mhandler+8
mem[W,0x0000000080006290] <- 0x0000000000000000

clint mtime 0x00000000000002D6 (mip.MTI <- 0b1, mip.STI <- 0b0)
mem[X,0x00000000800022CC] -> 0x3503
mem[X,0x00000000800022CE] -> 0x2301
[1452] [M]: 0x00000000800022CC (0x23013503) ld x10, 0x230(x2)                       common_Mhandler+12
mem[R,0x0000000080006230] -> 0x00000000800022D4
x10 <- 0x00000000800022D4

mem[X,0x00000000800022D0] -> 0x0067
mem[X,0x00000000800022D2] -> 0x0005
[1453] [M]: 0x00000000800022D0 (0x00050067) jalr x0, 0x0(x10)                       common_Mhandler+16

clint mtime 0x00000000000002D7 (mip.MTI <- 0b1, mip.STI <- 0b0)
mem[X,0x00000000800022D4] -> 0x3C23
mem[X,0x00000000800022D6] -> 0x2691
[1454] [M]: 0x00000000800022D4 (0x26913C23) sd x9, 0x278(x2)                        common_Mentry+0
mem[W,0x0000000080006278] <- 0x0000000080000794

mem[X,0x00000000800022D8] -> 0x3823
mem[X,0x00000000800022DA] -> 0x2681
[1455] [M]: 0x00000000800022D8 (0x26813823) sd x8, 0x270(x2)                        common_Mentry+4
mem[W,0x0000000080006270] <- 0x0000000000007F76

clint mtime 0x00000000000002D8 (mip.MTI <- 0b1, mip.STI <- 0b0)
mem[X,0x00000000800022DC] -> 0x3423
mem[X,0x00000000800022DE] -> 0x2671
[1456] [M]: 0x00000000800022DC (0x26713423) sd x7, 0x268(x2)                        common_Mentry+8
mem[W,0x0000000080006268] <- 0x0000000080006000

mem[X,0x00000000800022E0] -> 0x3023
mem[X,0x00000000800022E2] -> 0x2661
[1457] [M]: 0x00000000800022E0 (0x26613023) sd x6, 0x260(x2)                        common_Mentry+12
mem[W,0x0000000080006260] <- 0x0000000000000010

clint mtime 0x00000000000002D9 (mip.MTI <- 0b1, mip.STI <- 0b0)
mem[X,0x00000000800022E4] -> 0x2573
mem[X,0x00000000800022E6] -> 0x3420
[1458] [M]: 0x00000000800022E4 (0x34202573) csrrs x10, mcause, x0                   spcl_M2mmode_test+0
CSR mcause (0x342) -> 0x0000000000000001
x10 <- 0x0000000000000001

mem[X,0x00000000800022E8] -> 0x04B7
mem[X,0x00000000800022EA] -> 0x8000
[1459] [M]: 0x00000000800022E8 (0x800004B7) lui x9, -0x80000                        spcl_M2mmode_test+4
x9 <- 0xFFFFFFFF80000000

clint mtime 0x00000000000002DA (mip.MTI <- 0b1, mip.STI <- 0b0)
mem[X,0x00000000800022EC] -> 0x8493
mem[X,0x00000000800022EE] -> 0x0004
[1460] [M]: 0x00000000800022EC (0x00048493) addi x9, x9, 0x0                        spcl_M2mmode_test+8
x9 <- 0xFFFFFFFF80000000

mem[X,0x00000000800022F0] -> 0x9493
mem[X,0x00000000800022F2] -> 0x00B4
[1461] [M]: 0x00000000800022F0 (0x00B49493) slli x9, x9, 0xb                        spcl_M2mmode_test+12
x9 <- 0xFFFFFC0000000000

clint mtime 0x00000000000002DB (mip.MTI <- 0b1, mip.STI <- 0b0)
mem[X,0x00000000800022F4] -> 0x8493
mem[X,0x00000000800022F6] -> 0x0004
[1462] [M]: 0x00000000800022F4 (0x00048493) addi x9, x9, 0x0                        spcl_M2mmode_test+16
x9 <- 0xFFFFFC0000000000

mem[X,0x00000000800022F8] -> 0x9493
mem[X,0x00000000800022FA] -> 0x00B4
[1463] [M]: 0x00000000800022F8 (0x00B49493) slli x9, x9, 0xb                        spcl_M2mmode_test+20
x9 <- 0xFFE0000000000000

clint mtime 0x00000000000002DC (mip.MTI <- 0b1, mip.STI <- 0b0)
mem[X,0x00000000800022FC] -> 0x8493
mem[X,0x00000000800022FE] -> 0x0034
[1464] [M]: 0x00000000800022FC (0x00348493) addi x9, x9, 0x3                        spcl_M2mmode_test+24
x9 <- 0xFFE0000000000003

mem[X,0x0000000080002300] -> 0x9493
mem[X,0x0000000080002302] -> 0x00A4
[1465] [M]: 0x0000000080002300 (0x00A49493) slli x9, x9, 0xa                        spcl_M2mmode_test+28
x9 <- 0x8000000000000C00

clint mtime 0x00000000000002DD (mip.MTI <- 0b1, mip.STI <- 0b0)
mem[X,0x0000000080002304] -> 0x8493
mem[X,0x0000000080002306] -> 0x3FC4
[1466] [M]: 0x0000000080002304 (0x3FC48493) addi x9, x9, 0x3fc                      spcl_M2mmode_test+32
x9 <- 0x8000000000000FFC

mem[X,0x0000000080002308] -> 0xF4B3
mem[X,0x000000008000230A] -> 0x00A4
[1467] [M]: 0x0000000080002308 (0x00A4F4B3) and x9, x9, x10                         spcl_M2mmode_test+36
x9 <- 0x0000000000000000

clint mtime 0x00000000000002DE (mip.MTI <- 0b1, mip.STI <- 0b0)
mem[X,0x000000008000230C] -> 0x8493
mem[X,0x000000008000230E] -> 0xFF84
[1468] [M]: 0x000000008000230C (0xFF848493) addi x9, x9, -0x8                       spcl_M2mmode_test+40
x9 <- 0xFFFFFFFFFFFFFFF8

mem[X,0x0000000080002310] -> 0x9663
mem[X,0x0000000080002312] -> 0x0004
[1469] [M]: 0x0000000080002310 (0x00049663) bne x9, x0, 0xc                         spcl_M2mmode_test+44

clint mtime 0x00000000000002DF (mip.MTI <- 0b1, mip.STI <- 0b0)
mem[X,0x000000008000231C] -> 0x0393
mem[X,0x000000008000231E] -> 0x0200
[1470] [M]: 0x000000008000231C (0x02000393) addi x7, x0, 0x20                       Mtrapsig_ptr_upd+0
x7 <- 0x0000000000000020

mem[X,0x0000000080002320] -> 0x5263
mem[X,0x0000000080002322] -> 0x0405
[1471] [M]: 0x0000000080002320 (0x04055263) bge x10, x0, 0x44                       Mtrapsig_ptr_upd+4

clint mtime 0x00000000000002E0 (mip.MTI <- 0b1, mip.STI <- 0b0)
mem[X,0x0000000080002364] -> 0x2373
mem[X,0x0000000080002366] -> 0x3010
[1472] [M]: 0x0000000080002364 (0x30102373) csrrs x6, misa, x0                      Mxcpt_sig_sv+0
CSR misa (0x301) -> 0x800000000034112F
x6 <- 0x800000000034112F

mem[X,0x0000000080002368] -> 0x1313
mem[X,0x000000008000236A] -> 0x0383
[1473] [M]: 0x0000000080002368 (0x03831313) slli x6, x6, 0x38                       Mxcpt_sig_sv+4
x6 <- 0x2F00000000000000

clint mtime 0x00000000000002E1 (mip.MTI <- 0b1, mip.STI <- 0b0)
mem[X,0x000000008000236C] -> 0x5463
mem[X,0x000000008000236E] -> 0x0003
[1474] [M]: 0x000000008000236C (0x00035463) bge x6, x0, 0x8                         Mxcpt_sig_sv+8

mem[X,0x0000000080002374] -> 0x3303
mem[X,0x0000000080002376] -> 0x2181
[1475] [M]: 0x0000000080002374 (0x21813303) ld x6, 0x218(x2)                        Mtrap_sig_sv+0
mem[R,0x0000000080006218] -> 0x0000000080007400
x6 <- 0x0000000080007400

clint mtime 0x00000000000002E2 (mip.MTI <- 0b1, mip.STI <- 0b0)
mem[X,0x0000000080002378] -> 0x04B3
mem[X,0x000000008000237A] -> 0x0073
[1476] [M]: 0x0000000080002378 (0x007304B3) add x9, x6, x7                          Mtrap_sig_sv+4
x9 <- 0x0000000080007420

mem[X,0x000000008000237C] -> 0x3C23
mem[X,0x000000008000237E] -> 0x2091
[1477] [M]: 0x000000008000237C (0x20913C23) sd x9, 0x218(x2)                        Mtrap_sig_sv+8
mem[W,0x0000000080006218] <- 0x0000000080007420

clint mtime 0x00000000000002E3 (mip.MTI <- 0b1, mip.STI <- 0b0)
mem[X,0x0000000080002380] -> 0x3403
mem[X,0x0000000080002382] -> 0x1F81
[1478] [M]: 0x0000000080002380 (0x1F813403) ld x8, 0x1f8(x2)                        Mtrap_sig_sv+12
mem[R,0x00000000800061F8] -> 0x0000000080007210
x8 <- 0x0000000080007210

mem[X,0x0000000080002384] -> 0x0333
mem[X,0x0000000080002386] -> 0x4083
[1479] [M]: 0x0000000080002384 (0x40830333) sub x6, x6, x8                          Mtrap_sig_sv+16
x6 <- 0x00000000000001F0

clint mtime 0x00000000000002E4 (mip.MTI <- 0b1, mip.STI <- 0b0)
mem[X,0x0000000080002388] -> 0x3403
mem[X,0x000000008000238A] -> 0x1F81
[1480] [M]: 0x0000000080002388 (0x1F813403) ld x8, 0x1f8(x2)                        Mtrap_sig_sv+20
mem[R,0x00000000800061F8] -> 0x0000000080007210
x8 <- 0x0000000080007210

mem[X,0x000000008000238C] -> 0x0333
mem[X,0x000000008000238E] -> 0x0083
[1481] [M]: 0x000000008000238C (0x00830333) add x6, x6, x8                          Mtrap_sig_sv+24
x6 <- 0x0000000080007400

clint mtime 0x00000000000002E5 (mip.MTI <- 0b1, mip.STI <- 0b0)
mem[X,0x0000000080002390] -> 0x3403
mem[X,0x0000000080002392] -> 0x2401
[1482] [M]: 0x0000000080002390 (0x24013403) ld x8, 0x240(x2)                        Mtrap_sig_sv+28
mem[R,0x0000000080006240] -> 0x0000000080002100
x8 <- 0x0000000080002100

mem[X,0x0000000080002394] -> 0x85B3
mem[X,0x0000000080002396] -> 0x4085
[1483] [M]: 0x0000000080002394 (0x408585B3) sub x11, x11, x8                        sv_Mvect+0
x11 <- 0x000000000000010C

clint mtime 0x00000000000002E6 (mip.MTI <- 0b1, mip.STI <- 0b0)
mem[X,0x0000000080002398] -> 0x9593
mem[X,0x000000008000239A] -> 0x0045
[1484] [M]: 0x0000000080002398 (0x00459593) slli x11, x11, 0x4                      sv_Mvect+4
x11 <- 0x00000000000010C0

mem[X,0x000000008000239C] -> 0xE5B3
mem[X,0x000000008000239E] -> 0x0075
[1485] [M]: 0x000000008000239C (0x0075E5B3) or x11, x11, x7                         sv_Mvect+8
x11 <- 0x00000000000010E0

clint mtime 0x00000000000002E7 (mip.MTI <- 0b1, mip.STI <- 0b0)
mem[X,0x00000000800023A0] -> 0x8593
mem[X,0x00000000800023A2] -> 0x0035
[1486] [M]: 0x00000000800023A0 (0x00358593) addi x11, x11, 0x3                      sv_Mvect+12
x11 <- 0x00000000000010E3

mem[X,0x00000000800023A4] -> 0x3023
mem[X,0x00000000800023A6] -> 0x00B3
[1487] [M]: 0x00000000800023A4 (0x00B33023) sd x11, 0x0(x6)                         sv_Mvect+16
mem[W,0x0000000080007400] <- 0x00000000000010E3

clint mtime 0x00000000000002E8 (mip.MTI <- 0b1, mip.STI <- 0b0)
mem[X,0x00000000800023A8] -> 0x3423
mem[X,0x00000000800023AA] -> 0x00A3
[1488] [M]: 0x00000000800023A8 (0x00A33423) sd x10, 0x8(x6)                         sv_Mcause+0
mem[W,0x0000000080007408] <- 0x0000000000000001

mem[X,0x00000000800023AC] -> 0x4263
mem[X,0x00000000800023AE] -> 0x1A05
[1489] [M]: 0x00000000800023AC (0x1A054263) blt x10, x0, 0x1a4                      sv_Mcause+4

clint mtime 0x00000000000002E9 (mip.MTI <- 0b1, mip.STI <- 0b0)
mem[X,0x00000000800023B0] -> 0x25F3
mem[X,0x00000000800023B2] -> 0x3000
[1490] [M]: 0x00000000800023B0 (0x300025F3) csrrs x11, mstatus, x0                  common_Mexcpt_handler+0
CSR mstatus (0x300) -> 0x0000000A00000800
x11 <- 0x0000000A00000800

mem[X,0x00000000800023B4] -> 0x9413
mem[X,0x00000000800023B6] -> 0x02E5
[1491] [M]: 0x00000000800023B4 (0x02E59413) slli x8, x11, 0x2e                      common_Mexcpt_handler+4
x8 <- 0x0200000000000000

clint mtime 0x00000000000002EA (mip.MTI <- 0b1, mip.STI <- 0b0)
mem[X,0x00000000800023B8] -> 0x5463
mem[X,0x00000000800023BA] -> 0x0004
[1492] [M]: 0x00000000800023B8 (0x00045463) bge x8, x0, 0x8                         common_Mexcpt_handler+8

mem[X,0x00000000800023C0] -> 0xD493
mem[X,0x00000000800023C2] -> 0x00B5
[1493] [M]: 0x00000000800023C0 (0x00B5D493) srli x9, x11, 0xb                       common_Mexcpt_handler+16
x9 <- 0x0000000001400001

clint mtime 0x00000000000002EB (mip.MTI <- 0b1, mip.STI <- 0b0)
mem[X,0x00000000800023C4] -> 0xF493
mem[X,0x00000000800023C6] -> 0x0034
[1494] [M]: 0x00000000800023C4 (0x0034F493) andi x9, x9, 0x3                        common_Mexcpt_handler+20
x9 <- 0x0000000000000001

mem[X,0x00000000800023C8] -> 0x8493
mem[X,0x00000000800023CA] -> 0x0014
[1495] [M]: 0x00000000800023C8 (0x00148493) addi x9, x9, 0x1                        common_Mexcpt_handler+24
x9 <- 0x0000000000000002

clint mtime 0x00000000000002EC (mip.MTI <- 0b1, mip.STI <- 0b0)
mem[X,0x00000000800023CC] -> 0xF493
mem[X,0x00000000800023CE] -> 0x0044
[1496] [M]: 0x00000000800023CC (0x0044F493) andi x9, x9, 0x4                        common_Mexcpt_handler+28
x9 <- 0x0000000000000000

mem[X,0x00000000800023D0] -> 0x0593
mem[X,0x00000000800023D2] -> 0x05D0
[1497] [M]: 0x00000000800023D0 (0x05D00593) addi x11, x0, 0x5d                      common_Mexcpt_handler+32
x11 <- 0x000000000000005D

clint mtime 0x00000000000002ED (mip.MTI <- 0b1, mip.STI <- 0b0)
mem[X,0x00000000800023D4] -> 0xD5B3
mem[X,0x00000000800023D6] -> 0x0095
[1498] [M]: 0x00000000800023D4 (0x0095D5B3) srl x11, x11, x9                        common_Mexcpt_handler+36
x11 <- 0x000000000000005D

mem[X,0x00000000800023D8] -> 0xF593
mem[X,0x00000000800023DA] -> 0x0015
[1499] [M]: 0x00000000800023D8 (0x0015F593) andi x11, x11, 0x1                      common_Mexcpt_handler+40
x11 <- 0x0000000000000001

clint mtime 0x00000000000002EE (mip.MTI <- 0b1, mip.STI <- 0b0)
mem[X,0x00000000800023DC] -> 0x8EE3
mem[X,0x00000000800023DE] -> 0xF405
[1500] [M]: 0x00000000800023DC (0xF4058EE3) beq x11, x0, -0xa4                      common_Mexcpt_handler+44

mem[X,0x00000000800023E0] -> 0x0593
mem[X,0x00000000800023E2] -> 0x2980
[1501] [M]: 0x00000000800023E0 (0x29800593) addi x11, x0, 0x298                     common_Mexcpt_handler+48
x11 <- 0x0000000000000298

clint mtime 0x00000000000002EF (mip.MTI <- 0b1, mip.STI <- 0b0)
mem[X,0x00000000800023E4] -> 0xF413
mem[X,0x00000000800023E6] -> 0x0014
[1502] [M]: 0x00000000800023E4 (0x0014F413) andi x8, x9, 0x1                        common_Mexcpt_handler+52
x8 <- 0x0000000000000000

mem[X,0x00000000800023E8] -> 0x95B3
mem[X,0x00000000800023EA] -> 0x0085
[1503] [M]: 0x00000000800023E8 (0x008595B3) sll x11, x11, x8                        common_Mexcpt_handler+56
x11 <- 0x0000000000000298

clint mtime 0x00000000000002F0 (mip.MTI <- 0b1, mip.STI <- 0b0)
mem[X,0x00000000800023EC] -> 0x9413
mem[X,0x00000000800023EE] -> 0x03D4
[1504] [M]: 0x00000000800023EC (0x03D49413) slli x8, x9, 0x3d                       common_Mexcpt_handler+60
x8 <- 0x0000000000000000

mem[X,0x00000000800023F0] -> 0x5413
mem[X,0x00000000800023F2] -> 0x43F4
[1505] [M]: 0x00000000800023F0 (0x43F45413) srai x8, x8, 0x3f                       common_Mexcpt_handler+64
x8 <- 0x0000000000000000

clint mtime 0x00000000000002F1 (mip.MTI <- 0b1, mip.STI <- 0b0)
mem[X,0x00000000800023F4] -> 0x4413
mem[X,0x00000000800023F6] -> 0xFFF4
[1506] [M]: 0x00000000800023F4 (0xFFF44413) xori x8, x8, -0x1                       common_Mexcpt_handler+68
x8 <- 0xFFFFFFFFFFFFFFFF

mem[X,0x00000000800023F8] -> 0xF4B3
mem[X,0x00000000800023FA] -> 0x0085
[1507] [M]: 0x00000000800023F8 (0x0085F4B3) and x9, x11, x8                         common_Mexcpt_handler+72
x9 <- 0x0000000000000298

clint mtime 0x00000000000002F2 (mip.MTI <- 0b1, mip.STI <- 0b0)
mem[X,0x00000000800023FC] -> 0x84B3
mem[X,0x00000000800023FE] -> 0x0024
[1508] [M]: 0x00000000800023FC (0x002484B3) add x9, x9, x2                          vmem_adj_Mepc+0
x9 <- 0x0000000080006298

mem[X,0x0000000080002400] -> 0x23F3
mem[X,0x0000000080002402] -> 0x3410
[1509] [M]: 0x0000000080002400 (0x341023F3) csrrs x7, mepc, x0                      vmem_adj_Mepc+4
CSR mepc (0x341) -> 0x0000000080002000
x7 <- 0x0000000080002000

clint mtime 0x00000000000002F3 (mip.MTI <- 0b1, mip.STI <- 0b0)
mem[X,0x0000000080002404] -> 0x0413
mem[X,0x0000000080002406] -> 0x0004
[1510] [M]: 0x0000000080002404 (0x00040413) addi x8, x8, 0x0                        vmem_adj_Mepc+8
x8 <- 0xFFFFFFFFFFFFFFFF

mem[X,0x0000000080002408] -> 0x006F
mem[X,0x000000008000240A] -> 0x0400
[1511] [M]: 0x0000000080002408 (0x0400006F) jal x0, 0x40                            vmem_adj_Mepc+12

clint mtime 0x00000000000002F4 (mip.MTI <- 0b1, mip.STI <- 0b0)
mem[X,0x0000000080002448] -> 0x8433
mem[X,0x000000008000244A] -> 0x4083
[1512] [M]: 0x0000000080002448 (0x40838433) sub x8, x7, x8                          adj_Mepc+0
x8 <- 0x0000000080002001

mem[X,0x000000008000244C] -> 0x3823
mem[X,0x000000008000244E] -> 0x0083
[1513] [M]: 0x000000008000244C (0x00833823) sd x8, 0x10(x6)                         sv_Mepc+0
mem[W,0x0000000080007410] <- 0x0000000080002001

clint mtime 0x00000000000002F5 (mip.MTI <- 0b1, mip.STI <- 0b0)
mem[X,0x0000000080002450] -> 0x55B7
mem[X,0x0000000080002452] -> 0x0000
[1514] [M]: 0x0000000080002450 (0x000055B7) lui x11, 0x5                            sv_Mepc+4
x11 <- 0x0000000000005000

mem[X,0x0000000080002454] -> 0x8593
mem[X,0x0000000080002456] -> 0x6675
[1515] [M]: 0x0000000080002454 (0x66758593) addi x11, x11, 0x667                    sv_Mepc+8
x11 <- 0x0000000000005667

clint mtime 0x00000000000002F6 (mip.MTI <- 0b1, mip.STI <- 0b0)
mem[X,0x0000000080002458] -> 0x9593
mem[X,0x000000008000245A] -> 0x0015
[1516] [M]: 0x0000000080002458 (0x00159593) slli x11, x11, 0x1                      sv_Mepc+12
x11 <- 0x000000000000ACCE

mem[X,0x000000008000245C] -> 0x9063
mem[X,0x000000008000245E] -> 0x02B1
[1517] [M]: 0x000000008000245C (0x02B19063) bne x3, x11, 0x20                       sv_Mepc+16

clint mtime 0x00000000000002F7 (mip.MTI <- 0b1, mip.STI <- 0b0)
mem[X,0x0000000080002460] -> 0x2473
mem[X,0x0000000080002462] -> 0x3420
[1518] [M]: 0x0000000080002460 (0x34202473) csrrs x8, mcause, x0                    sv_Mepc+20
CSR mcause (0x342) -> 0x0000000000000001
x8 <- 0x0000000000000001

mem[X,0x0000000080002464] -> 0x0593
mem[X,0x0000000080002466] -> 0x00C0
[1519] [M]: 0x0000000080002464 (0x00C00593) addi x11, x0, 0xc                       sv_Mepc+24
x11 <- 0x000000000000000C

clint mtime 0x00000000000002F8 (mip.MTI <- 0b1, mip.STI <- 0b0)
mem[X,0x0000000080002468] -> 0x0663
mem[X,0x000000008000246A] -> 0x00B4
[1520] [M]: 0x0000000080002468 (0x00B40663) beq x8, x11, 0xc                        sv_Mepc+28

mem[X,0x000000008000246C] -> 0x0593
mem[X,0x000000008000246E] -> 0x0010
[1521] [M]: 0x000000008000246C (0x00100593) addi x11, x0, 0x1                       sv_Mepc+32
x11 <- 0x0000000000000001

clint mtime 0x00000000000002F9 (mip.MTI <- 0b1, mip.STI <- 0b0)
mem[X,0x0000000080002470] -> 0x1663
mem[X,0x0000000080002472] -> 0x00B4
[1522] [M]: 0x0000000080002470 (0x00B41663) bne x8, x11, 0xc                        sv_Mepc+36

mem[X,0x0000000080002474] -> 0x1073
mem[X,0x0000000080002476] -> 0x3412
[1523] [M]: 0x0000000080002474 (0x34121073) csrrw x0, mepc, x4                      sv_Mepc+40
CSR mepc (0x341) <- 0x00000000800008A8

clint mtime 0x00000000000002FA (mip.MTI <- 0b1, mip.STI <- 0b0)
mem[X,0x0000000080002478] -> 0x006F
mem[X,0x000000008000247A] -> 0x0100
[1524] [M]: 0x0000000080002478 (0x0100006F) jal x0, 0x10                            sv_Mepc+44

mem[X,0x0000000080002488] -> 0x23F3
mem[X,0x000000008000248A] -> 0x3430
[1525] [M]: 0x0000000080002488 (0x343023F3) csrrs x7, mtval, x0                     skp_adj_Mepc+0
CSR mtval (0x343) -> 0x0000000080002000
x7 <- 0x0000000080002000

clint mtime 0x00000000000002FB (mip.MTI <- 0b1, mip.STI <- 0b0)
mem[X,0x000000008000248C] -> 0x7513
mem[X,0x000000008000248E] -> 0x00F5
[1526] [M]: 0x000000008000248C (0x00F57513) andi x10, x10, 0xf                      chk_Mtval+0
x10 <- 0x0000000000000001

mem[X,0x0000000080002490] -> 0x0437
mem[X,0x0000000080002492] -> 0x0000
[1527] [M]: 0x0000000080002490 (0x00000437) lui x8, 0x0                             chk_Mtval+4
x8 <- 0x0000000000000000

clint mtime 0x00000000000002FC (mip.MTI <- 0b1, mip.STI <- 0b0)
mem[X,0x0000000080002494] -> 0x0413
mem[X,0x0000000080002496] -> 0x0004
[1528] [M]: 0x0000000080002494 (0x00040413) addi x8, x8, 0x0                        chk_Mtval+8
x8 <- 0x0000000000000000

mem[X,0x0000000080002498] -> 0x1413
mem[X,0x000000008000249A] -> 0x00B4
[1529] [M]: 0x0000000080002498 (0x00B41413) slli x8, x8, 0xb                        chk_Mtval+12
x8 <- 0x0000000000000000

clint mtime 0x00000000000002FD (mip.MTI <- 0b1, mip.STI <- 0b0)
mem[X,0x000000008000249C] -> 0x0413
mem[X,0x000000008000249E] -> 0x0004
[1530] [M]: 0x000000008000249C (0x00040413) addi x8, x8, 0x0                        chk_Mtval+16
x8 <- 0x0000000000000000

mem[X,0x00000000800024A0] -> 0x1413
mem[X,0x00000000800024A2] -> 0x00B4
[1531] [M]: 0x00000000800024A0 (0x00B41413) slli x8, x8, 0xb                        chk_Mtval+20
x8 <- 0x0000000000000000

clint mtime 0x00000000000002FE (mip.MTI <- 0b1, mip.STI <- 0b0)
mem[X,0x00000000800024A4] -> 0x0413
mem[X,0x00000000800024A6] -> 0x02C4
[1532] [M]: 0x00000000800024A4 (0x02C40413) addi x8, x8, 0x2c                       chk_Mtval+24
x8 <- 0x000000000000002C

mem[X,0x00000000800024A8] -> 0x1413
mem[X,0x00000000800024AA] -> 0x00A4
[1533] [M]: 0x00000000800024A8 (0x00A41413) slli x8, x8, 0xa                        chk_Mtval+28
x8 <- 0x000000000000B000

clint mtime 0x00000000000002FF (mip.MTI <- 0b1, mip.STI <- 0b0)
mem[X,0x00000000800024AC] -> 0x0413
mem[X,0x00000000800024AE] -> 0x0FB4
[1534] [M]: 0x00000000800024AC (0x0FB40413) addi x8, x8, 0xfb                       chk_Mtval+32
x8 <- 0x000000000000B0FB

mem[X,0x00000000800024B0] -> 0x5433
mem[X,0x00000000800024B2] -> 0x00A4
[1535] [M]: 0x00000000800024B0 (0x00A45433) srl x8, x8, x10                         chk_Mtval+36
x8 <- 0x000000000000587D

clint mtime 0x0000000000000300 (mip.MTI <- 0b1, mip.STI <- 0b0)
mem[X,0x00000000800024B4] -> 0x1413
mem[X,0x00000000800024B6] -> 0x03F4
[1536] [M]: 0x00000000800024B4 (0x03F41413) slli x8, x8, 0x3f                       chk_Mtval+40
x8 <- 0x8000000000000000

mem[X,0x00000000800024B8] -> 0x5C63
mem[X,0x00000000800024BA] -> 0x0404
[1537] [M]: 0x00000000800024B8 (0x04045C63) bge x8, x0, 0x58                        chk_Mtval+44

clint mtime 0x0000000000000301 (mip.MTI <- 0b1, mip.STI <- 0b0)
mem[X,0x00000000800024BC] -> 0xB403
mem[X,0x00000000800024BE] -> 0x2084
[1538] [M]: 0x00000000800024BC (0x2084B403) ld x8, 0x208(x9)                        vmem_adj_Mtval+0
mem[R,0x00000000800064A0] -> 0x00000000800003B4
x8 <- 0x00000000800003B4

mem[X,0x00000000800024C0] -> 0xB583
mem[X,0x00000000800024C2] -> 0x2104
[1539] [M]: 0x00000000800024C0 (0x2104B583) ld x11, 0x210(x9)                       vmem_adj_Mtval+4
mem[R,0x00000000800064A8] -> 0x0000000000001C60
x11 <- 0x0000000000001C60

clint mtime 0x0000000000000302 (mip.MTI <- 0b1, mip.STI <- 0b0)
mem[X,0x00000000800024C4] -> 0x85B3
mem[X,0x00000000800024C6] -> 0x0085
[1540] [M]: 0x00000000800024C4 (0x008585B3) add x11, x11, x8                        vmem_adj_Mtval+8
x11 <- 0x0000000080002014

mem[X,0x00000000800024C8] -> 0xF463
mem[X,0x00000000800024CA] -> 0x00B3
[1541] [M]: 0x00000000800024C8 (0x00B3F463) bgeu x7, x11, 0x8                       vmem_adj_Mtval+12

clint mtime 0x0000000000000303 (mip.MTI <- 0b1, mip.STI <- 0b0)
mem[X,0x00000000800024CC] -> 0xF063
mem[X,0x00000000800024CE] -> 0x0483
[1542] [M]: 0x00000000800024CC (0x0483F063) bgeu x7, x8, 0x40                       vmem_adj_Mtval+16

mem[X,0x000000008000250C] -> 0x8433
mem[X,0x000000008000250E] -> 0x4083
[1543] [M]: 0x000000008000250C (0x40838433) sub x8, x7, x8                          adj_Mtval+0
x8 <- 0x0000000000001C4C

clint mtime 0x0000000000000304 (mip.MTI <- 0b1, mip.STI <- 0b0)
mem[X,0x0000000080002510] -> 0x3C23
mem[X,0x0000000080002512] -> 0x0083
[1544] [M]: 0x0000000080002510 (0x00833C23) sd x8, 0x18(x6)                         sv_Mtval+0
mem[W,0x0000000080007418] <- 0x0000000000001C4C

mem[X,0x0000000080002514] -> 0x3483
mem[X,0x0000000080002516] -> 0x2181
[1545] [M]: 0x0000000080002514 (0x21813483) ld x9, 0x218(x2)                        skp_Mtval+0
mem[R,0x0000000080006218] -> 0x0000000080007420
x9 <- 0x0000000080007420

clint mtime 0x0000000000000305 (mip.MTI <- 0b1, mip.STI <- 0b0)
mem[X,0x0000000080002518] -> 0x3383
mem[X,0x000000008000251A] -> 0x1F81
[1546] [M]: 0x0000000080002518 (0x1F813383) ld x7, 0x1f8(x2)                        skp_Mtval+4
mem[R,0x00000000800061F8] -> 0x0000000080007210
x7 <- 0x0000000080007210

mem[X,0x000000008000251C] -> 0x3303
mem[X,0x000000008000251E] -> 0x2001
[1547] [M]: 0x000000008000251C (0x20013303) ld x6, 0x200(x2)                        skp_Mtval+8
mem[R,0x0000000080006200] -> 0x0000000000000920
x6 <- 0x0000000000000920

clint mtime 0x0000000000000306 (mip.MTI <- 0b1, mip.STI <- 0b0)
mem[X,0x0000000080002520] -> 0x0333
mem[X,0x0000000080002522] -> 0x0073
[1548] [M]: 0x0000000080002520 (0x00730333) add x6, x6, x7                          skp_Mtval+12
x6 <- 0x0000000080007B30

mem[X,0x0000000080002524] -> 0x6CE3
mem[X,0x0000000080002526] -> 0xAE93
[1549] [M]: 0x0000000080002524 (0xAE936CE3) bltu x6, x9, -0x508                     skp_Mtval+16

clint mtime 0x0000000000000307 (mip.MTI <- 0b1, mip.STI <- 0b0)
mem[X,0x0000000080002528] -> 0x0393
mem[X,0x000000008000252A] -> 0x2000
[1550] [M]: 0x0000000080002528 (0x20000393) addi x7, x0, 0x200                      skp_Mtval+20
x7 <- 0x0000000000000200

mem[X,0x000000008000252C] -> 0x006F
mem[X,0x000000008000252E] -> 0x0400
[1551] [M]: 0x000000008000252C (0x0400006F) jal x0, 0x40                            skp_Mtval+24

clint mtime 0x0000000000000308 (mip.MTI <- 0b1, mip.STI <- 0b0)
mem[X,0x000000008000256C] -> 0x0417
mem[X,0x000000008000256E] -> 0x0000
[1552] [M]: 0x000000008000256C (0x00000417) auipc x8, 0x0                           spcl_Mhandler+0
x8 <- 0x000000008000256C

mem[X,0x0000000080002570] -> 0x0413
mem[X,0x0000000080002572] -> 0x03C4
[1553] [M]: 0x0000000080002570 (0x03C40413) addi x8, x8, 0x3c                       spcl_Mhandler+4
x8 <- 0x00000000800025A8

clint mtime 0x0000000000000309 (mip.MTI <- 0b1, mip.STI <- 0b0)
mem[X,0x0000000080002574] -> 0x0433
mem[X,0x0000000080002576] -> 0x0074
[1554] [M]: 0x0000000080002574 (0x00740433) add x8, x8, x7                          spcl_Mhandler+8
x8 <- 0x00000000800027A8

mem[X,0x0000000080002578] -> 0x1393
mem[X,0x000000008000257A] -> 0x0035
[1555] [M]: 0x0000000080002578 (0x00351393) slli x7, x10, 0x3                       spcl_Mhandler+12
x7 <- 0x0000000000000008

clint mtime 0x000000000000030A (mip.MTI <- 0b1, mip.STI <- 0b0)
mem[X,0x000000008000257C] -> 0x0433
mem[X,0x000000008000257E] -> 0x0074
[1556] [M]: 0x000000008000257C (0x00740433) add x8, x8, x7                          spcl_Mhandler+16
x8 <- 0x00000000800027B0

mem[X,0x0000000080002580] -> 0x7413
mem[X,0x0000000080002582] -> 0xFF84
[1557] [M]: 0x0000000080002580 (0xFF847413) andi x8, x8, -0x8                       spcl_Mhandler+20
x8 <- 0x00000000800027B0

clint mtime 0x000000000000030B (mip.MTI <- 0b1, mip.STI <- 0b0)
mem[X,0x0000000080002584] -> 0x3403
mem[X,0x0000000080002586] -> 0x0004
[1558] [M]: 0x0000000080002584 (0x00043403) ld x8, 0x0(x8)                          spcl_Mhandler+24
mem[R,0x00000000800027B0] -> 0x0000000000000003
x8 <- 0x0000000000000003

mem[X,0x0000000080002588] -> 0x04E3
mem[X,0x000000008000258A] -> 0xB204
[1559] [M]: 0x0000000080002588 (0xB20404E3) beq x8, x0, -0x4d8                      spcl_Mdispatch_hndling+0

clint mtime 0x000000000000030C (mip.MTI <- 0b1, mip.STI <- 0b0)
mem[X,0x000000008000258C] -> 0x1393
mem[X,0x000000008000258E] -> 0x03F4
[1560] [M]: 0x000000008000258C (0x03F41393) slli x7, x8, 0x3f                       spcl_Mdispatch_hndling+4
x7 <- 0x8000000000000000

mem[X,0x0000000080002590] -> 0xD863
mem[X,0x0000000080002592] -> 0x0003
[1561] [M]: 0x0000000080002590 (0x0003D863) bge x7, x0, 0x10                        spcl_Mdispatch_hndling+8

clint mtime 0x000000000000030D (mip.MTI <- 0b1, mip.STI <- 0b0)
mem[X,0x0000000080002594] -> 0x5413
mem[X,0x0000000080002596] -> 0x0014
[1562] [M]: 0x0000000080002594 (0x00145413) srli x8, x8, 0x1                        spcl_Mdispatch_hndling+12
x8 <- 0x0000000000000001

mem[X,0x0000000080002598] -> 0x0CE3
mem[X,0x000000008000259A] -> 0xF885
[1563] [M]: 0x0000000080002598 (0xF8850CE3) beq x10, x8, -0x68                      spcl_Mdispatch_hndling+16

clint mtime 0x000000000000030E (mip.MTI <- 0b1, mip.STI <- 0b0)
mem[X,0x0000000080002530] -> 0x3303
mem[X,0x0000000080002532] -> 0x2601
[1564] [M]: 0x0000000080002530 (0x26013303) ld x6, 0x260(x2)                        resto_Mrtn+0
mem[R,0x0000000080006260] -> 0x0000000000000010
x6 <- 0x0000000000000010

mem[X,0x0000000080002534] -> 0x3383
mem[X,0x0000000080002536] -> 0x2681
[1565] [M]: 0x0000000080002534 (0x26813383) ld x7, 0x268(x2)                        resto_Mrtn+4
mem[R,0x0000000080006268] -> 0x0000000080006000
x7 <- 0x0000000080006000

clint mtime 0x000000000000030F (mip.MTI <- 0b1, mip.STI <- 0b0)
mem[X,0x0000000080002538] -> 0x3403
mem[X,0x000000008000253A] -> 0x2701
[1566] [M]: 0x0000000080002538 (0x27013403) ld x8, 0x270(x2)                        resto_Mrtn+8
mem[R,0x0000000080006270] -> 0x0000000000007F76
x8 <- 0x0000000000007F76

mem[X,0x000000008000253C] -> 0x3483
mem[X,0x000000008000253E] -> 0x2781
[1567] [M]: 0x000000008000253C (0x27813483) ld x9, 0x278(x2)                        resto_Mrtn+12
mem[R,0x0000000080006278] -> 0x0000000080000794
x9 <- 0x0000000080000794

clint mtime 0x0000000000000310 (mip.MTI <- 0b1, mip.STI <- 0b0)
mem[X,0x0000000080002540] -> 0x3503
mem[X,0x0000000080002542] -> 0x2801
[1568] [M]: 0x0000000080002540 (0x28013503) ld x10, 0x280(x2)                       resto_Mrtn+16
mem[R,0x0000000080006280] -> 0x0000000000000001
x10 <- 0x0000000000000001

mem[X,0x0000000080002544] -> 0x3583
mem[X,0x0000000080002546] -> 0x2881
[1569] [M]: 0x0000000080002544 (0x28813583) ld x11, 0x288(x2)                       resto_Mrtn+20
mem[R,0x0000000080006288] -> 0x0000000000000000
x11 <- 0x0000000000000000

clint mtime 0x0000000000000311 (mip.MTI <- 0b1, mip.STI <- 0b0)
mem[X,0x0000000080002548] -> 0x3103
mem[X,0x000000008000254A] -> 0x2901
[1570] [M]: 0x0000000080002548 (0x29013103) ld x2, 0x290(x2)                        resto_Mrtn+24
mem[R,0x0000000080006290] -> 0x0000000000000000
x2 <- 0x0000000000000000

mem[X,0x000000008000254C] -> 0x0073
mem[X,0x000000008000254E] -> 0x3020
[1571] [M]: 0x000000008000254C (0x30200073) mret                                    resto_Mrtn+28
CSR mstatus (0x300) <- 0x0000000A00000080
ret-ing from M to S

clint mtime 0x0000000000000312 (mip.MTI <- 0b1, mip.STI <- 0b0)
mem[X,0x00000000800008A8] -> 0x0013
mem[X,0x00000000800008AA] -> 0x0000
[1572] [S]: 0x00000000800008A8 (0x00000013) addi x0, x0, 0x0                        main+1224

mem[X,0x00000000800008AC] -> 0x0713
mem[X,0x00000000800008AE] -> 0xFFC7
[1573] [S]: 0x00000000800008AC (0xFFC70713) addi x14, x14, -0x4                     main+1228
x14 <- 0x0000000080001FFC

clint mtime 0x0000000000000313 (mip.MTI <- 0b1, mip.STI <- 0b0)
mem[X,0x00000000800008B0] -> 0x0013
mem[X,0x00000000800008B2] -> 0x0000
[1574] [S]: 0x00000000800008B0 (0x00000013) addi x0, x0, 0x0                        main+1232

mem[X,0x00000000800008B4] -> 0x0013
mem[X,0x00000000800008B6] -> 0x0000
[1575] [S]: 0x00000000800008B4 (0x00000013) addi x0, x0, 0x0                        main+1236

clint mtime 0x0000000000000314 (mip.MTI <- 0b1, mip.STI <- 0b0)
mem[X,0x00000000800008B8] -> 0x0013
mem[X,0x00000000800008BA] -> 0x0000
[1576] [S]: 0x00000000800008B8 (0x00000013) addi x0, x0, 0x0                        main+1240

mem[X,0x00000000800008BC] -> 0x0013
mem[X,0x00000000800008BE] -> 0x0000
[1577] [S]: 0x00000000800008BC (0x00000013) addi x0, x0, 0x0                        main+1244

clint mtime 0x0000000000000315 (mip.MTI <- 0b1, mip.STI <- 0b0)
mem[X,0x00000000800008C0] -> 0x0217
mem[X,0x00000000800008C2] -> 0x0000
[1578] [S]: 0x00000000800008C0 (0x00000217) auipc x4, 0x0                           main+1248
x4 <- 0x00000000800008C0

mem[X,0x00000000800008C4] -> 0x0213
mem[X,0x00000000800008C6] -> 0x0282
[1579] [S]: 0x00000000800008C4 (0x02820213) addi x4, x4, 0x28                       main+1252
x4 <- 0x00000000800008E8

clint mtime 0x0000000000000316 (mip.MTI <- 0b1, mip.STI <- 0b0)
mem[X,0x00000000800008C8] -> 0x0001
[1580] [S]: 0x00000000800008C8 (0x0001) c.nop                                       main+1256

mem[X,0x00000000800008CA] -> 0x0013
mem[X,0x00000000800008CC] -> 0x0000
[1581] [S]: 0x00000000800008CA (0x00000013) addi x0, x0, 0x0                        main+1258

clint mtime 0x0000000000000317 (mip.MTI <- 0b1, mip.STI <- 0b0)
mem[X,0x00000000800008CE] -> 0x0013
mem[X,0x00000000800008D0] -> 0x0000
[1582] [S]: 0x00000000800008CE (0x00000013) addi x0, x0, 0x0                        main+1262

mem[X,0x00000000800008D2] -> 0x0013
mem[X,0x00000000800008D4] -> 0x0000
[1583] [S]: 0x00000000800008D2 (0x00000013) addi x0, x0, 0x0                        main+1266

clint mtime 0x0000000000000318 (mip.MTI <- 0b1, mip.STI <- 0b0)
mem[X,0x00000000800008D6] -> 0x0013
mem[X,0x00000000800008D8] -> 0x0000
[1584] [S]: 0x00000000800008D6 (0x00000013) addi x0, x0, 0x0                        main+1270

mem[X,0x00000000800008DA] -> 0x0013
mem[X,0x00000000800008DC] -> 0x0000
[1585] [S]: 0x00000000800008DA (0x00000013) addi x0, x0, 0x0                        main+1274

clint mtime 0x0000000000000319 (mip.MTI <- 0b1, mip.STI <- 0b0)
mem[X,0x00000000800008DE] -> 0x0001
[1586] [S]: 0x00000000800008DE (0x0001) c.nop                                       main+1278

mem[X,0x00000000800008E0] -> 0x00E7
mem[X,0x00000000800008E2] -> 0x0007
[1587] [S]: 0x00000000800008E0 (0x000700E7) jalr x1, 0x0(x14)                       main+1280
x1 <- 0x00000000800008E4

clint mtime 0x000000000000031A (mip.MTI <- 0b1, mip.STI <- 0b0)
mem[X,0x0000000080001FFC] -> 0x0013
mem[X,0x0000000080001FFE] -> 0x0000
[1588] [S]: 0x0000000080001FFC (0x00000013) addi x0, x0, 0x0                        main+7196

trapping from S to M to handle fetch-access-fault
handling exc#fetch-access-fault at priv M with tval 0x0000000080002000
CSR mstatus (0x300) <- 0x0000000A00000800
CSR mcause (0x342) <- 0x0000000000000001
CSR mtval (0x343) <- 0x0000000080002000
CSR mepc (0x341) <- 0x0000000080002000

clint mtime 0x000000000000031B (mip.MTI <- 0b1, mip.STI <- 0b0)
mem[X,0x0000000080002100] -> 0x006F
mem[X,0x0000000080002102] -> 0x1000
[1590] [M]: 0x0000000080002100 (0x1000006F) jal x0, 0x100                           Mtrampoline+0

mem[X,0x0000000080002200] -> 0x1173
mem[X,0x0000000080002202] -> 0x3401
[1591] [M]: 0x0000000080002200 (0x34011173) csrrw x2, mscratch, x2                  trap_Mhandler+0
CSR mscratch (0x340) <- 0x0000000000000000
x2 <- 0x0000000080006000

clint mtime 0x000000000000031C (mip.MTI <- 0b1, mip.STI <- 0b0)
mem[X,0x0000000080002204] -> 0x3423
mem[X,0x0000000080002206] -> 0x28B1
[1592] [M]: 0x0000000080002204 (0x28B13423) sd x11, 0x288(x2)                       trap_Mhandler+4
mem[W,0x0000000080006288] <- 0x0000000000000000

mem[X,0x0000000080002208] -> 0x05EF
mem[X,0x000000008000220A] -> 0x0B80
[1593] [M]: 0x0000000080002208 (0x0B8005EF) jal x11, 0xb8                           trap_Mhandler+8
x11 <- 0x000000008000220C

clint mtime 0x000000000000031D (mip.MTI <- 0b1, mip.STI <- 0b0)
mem[X,0x00000000800022C0] -> 0x3023
mem[X,0x00000000800022C2] -> 0x28A1
[1594] [M]: 0x00000000800022C0 (0x28A13023) sd x10, 0x280(x2)                       common_Mhandler+0
mem[W,0x0000000080006280] <- 0x0000000000000001

mem[X,0x00000000800022C4] -> 0x1573
mem[X,0x00000000800022C6] -> 0x3401
[1595] [M]: 0x00000000800022C4 (0x34011573) csrrw x10, mscratch, x2                 common_Mhandler+4
CSR mscratch (0x340) <- 0x0000000080006000
x10 <- 0x0000000000000000

clint mtime 0x000000000000031E (mip.MTI <- 0b1, mip.STI <- 0b0)
mem[X,0x00000000800022C8] -> 0x3823
mem[X,0x00000000800022CA] -> 0x28A1
[1596] [M]: 0x00000000800022C8 (0x28A13823) sd x10, 0x290(x2)                       common_Mhandler+8
mem[W,0x0000000080006290] <- 0x0000000000000000

mem[X,0x00000000800022CC] -> 0x3503
mem[X,0x00000000800022CE] -> 0x2301
[1597] [M]: 0x00000000800022CC (0x23013503) ld x10, 0x230(x2)                       common_Mhandler+12
mem[R,0x0000000080006230] -> 0x00000000800022D4
x10 <- 0x00000000800022D4

clint mtime 0x000000000000031F (mip.MTI <- 0b1, mip.STI <- 0b0)
mem[X,0x00000000800022D0] -> 0x0067
mem[X,0x00000000800022D2] -> 0x0005
[1598] [M]: 0x00000000800022D0 (0x00050067) jalr x0, 0x0(x10)                       common_Mhandler+16

mem[X,0x00000000800022D4] -> 0x3C23
mem[X,0x00000000800022D6] -> 0x2691
[1599] [M]: 0x00000000800022D4 (0x26913C23) sd x9, 0x278(x2)                        common_Mentry+0
mem[W,0x0000000080006278] <- 0x0000000080000794

clint mtime 0x0000000000000320 (mip.MTI <- 0b1, mip.STI <- 0b0)
mem[X,0x00000000800022D8] -> 0x3823
mem[X,0x00000000800022DA] -> 0x2681
[1600] [M]: 0x00000000800022D8 (0x26813823) sd x8, 0x270(x2)                        common_Mentry+4
mem[W,0x0000000080006270] <- 0x0000000000007F76

mem[X,0x00000000800022DC] -> 0x3423
mem[X,0x00000000800022DE] -> 0x2671
[1601] [M]: 0x00000000800022DC (0x26713423) sd x7, 0x268(x2)                        common_Mentry+8
mem[W,0x0000000080006268] <- 0x0000000080006000

clint mtime 0x0000000000000321 (mip.MTI <- 0b1, mip.STI <- 0b0)
mem[X,0x00000000800022E0] -> 0x3023
mem[X,0x00000000800022E2] -> 0x2661
[1602] [M]: 0x00000000800022E0 (0x26613023) sd x6, 0x260(x2)                        common_Mentry+12
mem[W,0x0000000080006260] <- 0x0000000000000010

mem[X,0x00000000800022E4] -> 0x2573
mem[X,0x00000000800022E6] -> 0x3420
[1603] [M]: 0x00000000800022E4 (0x34202573) csrrs x10, mcause, x0                   spcl_M2mmode_test+0
CSR mcause (0x342) -> 0x0000000000000001
x10 <- 0x0000000000000001

clint mtime 0x0000000000000322 (mip.MTI <- 0b1, mip.STI <- 0b0)
mem[X,0x00000000800022E8] -> 0x04B7
mem[X,0x00000000800022EA] -> 0x8000
[1604] [M]: 0x00000000800022E8 (0x800004B7) lui x9, -0x80000                        spcl_M2mmode_test+4
x9 <- 0xFFFFFFFF80000000

mem[X,0x00000000800022EC] -> 0x8493
mem[X,0x00000000800022EE] -> 0x0004
[1605] [M]: 0x00000000800022EC (0x00048493) addi x9, x9, 0x0                        spcl_M2mmode_test+8
x9 <- 0xFFFFFFFF80000000

clint mtime 0x0000000000000323 (mip.MTI <- 0b1, mip.STI <- 0b0)
mem[X,0x00000000800022F0] -> 0x9493
mem[X,0x00000000800022F2] -> 0x00B4
[1606] [M]: 0x00000000800022F0 (0x00B49493) slli x9, x9, 0xb                        spcl_M2mmode_test+12
x9 <- 0xFFFFFC0000000000

mem[X,0x00000000800022F4] -> 0x8493
mem[X,0x00000000800022F6] -> 0x0004
[1607] [M]: 0x00000000800022F4 (0x00048493) addi x9, x9, 0x0                        spcl_M2mmode_test+16
x9 <- 0xFFFFFC0000000000

clint mtime 0x0000000000000324 (mip.MTI <- 0b1, mip.STI <- 0b0)
mem[X,0x00000000800022F8] -> 0x9493
mem[X,0x00000000800022FA] -> 0x00B4
[1608] [M]: 0x00000000800022F8 (0x00B49493) slli x9, x9, 0xb                        spcl_M2mmode_test+20
x9 <- 0xFFE0000000000000

mem[X,0x00000000800022FC] -> 0x8493
mem[X,0x00000000800022FE] -> 0x0034
[1609] [M]: 0x00000000800022FC (0x00348493) addi x9, x9, 0x3                        spcl_M2mmode_test+24
x9 <- 0xFFE0000000000003

clint mtime 0x0000000000000325 (mip.MTI <- 0b1, mip.STI <- 0b0)
mem[X,0x0000000080002300] -> 0x9493
mem[X,0x0000000080002302] -> 0x00A4
[1610] [M]: 0x0000000080002300 (0x00A49493) slli x9, x9, 0xa                        spcl_M2mmode_test+28
x9 <- 0x8000000000000C00

mem[X,0x0000000080002304] -> 0x8493
mem[X,0x0000000080002306] -> 0x3FC4
[1611] [M]: 0x0000000080002304 (0x3FC48493) addi x9, x9, 0x3fc                      spcl_M2mmode_test+32
x9 <- 0x8000000000000FFC

clint mtime 0x0000000000000326 (mip.MTI <- 0b1, mip.STI <- 0b0)
mem[X,0x0000000080002308] -> 0xF4B3
mem[X,0x000000008000230A] -> 0x00A4
[1612] [M]: 0x0000000080002308 (0x00A4F4B3) and x9, x9, x10                         spcl_M2mmode_test+36
x9 <- 0x0000000000000000

mem[X,0x000000008000230C] -> 0x8493
mem[X,0x000000008000230E] -> 0xFF84
[1613] [M]: 0x000000008000230C (0xFF848493) addi x9, x9, -0x8                       spcl_M2mmode_test+40
x9 <- 0xFFFFFFFFFFFFFFF8

clint mtime 0x0000000000000327 (mip.MTI <- 0b1, mip.STI <- 0b0)
mem[X,0x0000000080002310] -> 0x9663
mem[X,0x0000000080002312] -> 0x0004
[1614] [M]: 0x0000000080002310 (0x00049663) bne x9, x0, 0xc                         spcl_M2mmode_test+44

mem[X,0x000000008000231C] -> 0x0393
mem[X,0x000000008000231E] -> 0x0200
[1615] [M]: 0x000000008000231C (0x02000393) addi x7, x0, 0x20                       Mtrapsig_ptr_upd+0
x7 <- 0x0000000000000020

clint mtime 0x0000000000000328 (mip.MTI <- 0b1, mip.STI <- 0b0)
mem[X,0x0000000080002320] -> 0x5263
mem[X,0x0000000080002322] -> 0x0405
[1616] [M]: 0x0000000080002320 (0x04055263) bge x10, x0, 0x44                       Mtrapsig_ptr_upd+4

mem[X,0x0000000080002364] -> 0x2373
mem[X,0x0000000080002366] -> 0x3010
[1617] [M]: 0x0000000080002364 (0x30102373) csrrs x6, misa, x0                      Mxcpt_sig_sv+0
CSR misa (0x301) -> 0x800000000034112F
x6 <- 0x800000000034112F

clint mtime 0x0000000000000329 (mip.MTI <- 0b1, mip.STI <- 0b0)
mem[X,0x0000000080002368] -> 0x1313
mem[X,0x000000008000236A] -> 0x0383
[1618] [M]: 0x0000000080002368 (0x03831313) slli x6, x6, 0x38                       Mxcpt_sig_sv+4
x6 <- 0x2F00000000000000

mem[X,0x000000008000236C] -> 0x5463
mem[X,0x000000008000236E] -> 0x0003
[1619] [M]: 0x000000008000236C (0x00035463) bge x6, x0, 0x8                         Mxcpt_sig_sv+8

clint mtime 0x000000000000032A (mip.MTI <- 0b1, mip.STI <- 0b0)
mem[X,0x0000000080002374] -> 0x3303
mem[X,0x0000000080002376] -> 0x2181
[1620] [M]: 0x0000000080002374 (0x21813303) ld x6, 0x218(x2)                        Mtrap_sig_sv+0
mem[R,0x0000000080006218] -> 0x0000000080007420
x6 <- 0x0000000080007420

mem[X,0x0000000080002378] -> 0x04B3
mem[X,0x000000008000237A] -> 0x0073
[1621] [M]: 0x0000000080002378 (0x007304B3) add x9, x6, x7                          Mtrap_sig_sv+4
x9 <- 0x0000000080007440

clint mtime 0x000000000000032B (mip.MTI <- 0b1, mip.STI <- 0b0)
mem[X,0x000000008000237C] -> 0x3C23
mem[X,0x000000008000237E] -> 0x2091
[1622] [M]: 0x000000008000237C (0x20913C23) sd x9, 0x218(x2)                        Mtrap_sig_sv+8
mem[W,0x0000000080006218] <- 0x0000000080007440

mem[X,0x0000000080002380] -> 0x3403
mem[X,0x0000000080002382] -> 0x1F81
[1623] [M]: 0x0000000080002380 (0x1F813403) ld x8, 0x1f8(x2)                        Mtrap_sig_sv+12
mem[R,0x00000000800061F8] -> 0x0000000080007210
x8 <- 0x0000000080007210

clint mtime 0x000000000000032C (mip.MTI <- 0b1, mip.STI <- 0b0)
mem[X,0x0000000080002384] -> 0x0333
mem[X,0x0000000080002386] -> 0x4083
[1624] [M]: 0x0000000080002384 (0x40830333) sub x6, x6, x8                          Mtrap_sig_sv+16
x6 <- 0x0000000000000210

mem[X,0x0000000080002388] -> 0x3403
mem[X,0x000000008000238A] -> 0x1F81
[1625] [M]: 0x0000000080002388 (0x1F813403) ld x8, 0x1f8(x2)                        Mtrap_sig_sv+20
mem[R,0x00000000800061F8] -> 0x0000000080007210
x8 <- 0x0000000080007210

clint mtime 0x000000000000032D (mip.MTI <- 0b1, mip.STI <- 0b0)
mem[X,0x000000008000238C] -> 0x0333
mem[X,0x000000008000238E] -> 0x0083
[1626] [M]: 0x000000008000238C (0x00830333) add x6, x6, x8                          Mtrap_sig_sv+24
x6 <- 0x0000000080007420

mem[X,0x0000000080002390] -> 0x3403
mem[X,0x0000000080002392] -> 0x2401
[1627] [M]: 0x0000000080002390 (0x24013403) ld x8, 0x240(x2)                        Mtrap_sig_sv+28
mem[R,0x0000000080006240] -> 0x0000000080002100
x8 <- 0x0000000080002100

clint mtime 0x000000000000032E (mip.MTI <- 0b1, mip.STI <- 0b0)
mem[X,0x0000000080002394] -> 0x85B3
mem[X,0x0000000080002396] -> 0x4085
[1628] [M]: 0x0000000080002394 (0x408585B3) sub x11, x11, x8                        sv_Mvect+0
x11 <- 0x000000000000010C

mem[X,0x0000000080002398] -> 0x9593
mem[X,0x000000008000239A] -> 0x0045
[1629] [M]: 0x0000000080002398 (0x00459593) slli x11, x11, 0x4                      sv_Mvect+4
x11 <- 0x00000000000010C0

clint mtime 0x000000000000032F (mip.MTI <- 0b1, mip.STI <- 0b0)
mem[X,0x000000008000239C] -> 0xE5B3
mem[X,0x000000008000239E] -> 0x0075
[1630] [M]: 0x000000008000239C (0x0075E5B3) or x11, x11, x7                         sv_Mvect+8
x11 <- 0x00000000000010E0

mem[X,0x00000000800023A0] -> 0x8593
mem[X,0x00000000800023A2] -> 0x0035
[1631] [M]: 0x00000000800023A0 (0x00358593) addi x11, x11, 0x3                      sv_Mvect+12
x11 <- 0x00000000000010E3

clint mtime 0x0000000000000330 (mip.MTI <- 0b1, mip.STI <- 0b0)
mem[X,0x00000000800023A4] -> 0x3023
mem[X,0x00000000800023A6] -> 0x00B3
[1632] [M]: 0x00000000800023A4 (0x00B33023) sd x11, 0x0(x6)                         sv_Mvect+16
mem[W,0x0000000080007420] <- 0x00000000000010E3

mem[X,0x00000000800023A8] -> 0x3423
mem[X,0x00000000800023AA] -> 0x00A3
[1633] [M]: 0x00000000800023A8 (0x00A33423) sd x10, 0x8(x6)                         sv_Mcause+0
mem[W,0x0000000080007428] <- 0x0000000000000001

clint mtime 0x0000000000000331 (mip.MTI <- 0b1, mip.STI <- 0b0)
mem[X,0x00000000800023AC] -> 0x4263
mem[X,0x00000000800023AE] -> 0x1A05
[1634] [M]: 0x00000000800023AC (0x1A054263) blt x10, x0, 0x1a4                      sv_Mcause+4

mem[X,0x00000000800023B0] -> 0x25F3
mem[X,0x00000000800023B2] -> 0x3000
[1635] [M]: 0x00000000800023B0 (0x300025F3) csrrs x11, mstatus, x0                  common_Mexcpt_handler+0
CSR mstatus (0x300) -> 0x0000000A00000800
x11 <- 0x0000000A00000800

clint mtime 0x0000000000000332 (mip.MTI <- 0b1, mip.STI <- 0b0)
mem[X,0x00000000800023B4] -> 0x9413
mem[X,0x00000000800023B6] -> 0x02E5
[1636] [M]: 0x00000000800023B4 (0x02E59413) slli x8, x11, 0x2e                      common_Mexcpt_handler+4
x8 <- 0x0200000000000000

mem[X,0x00000000800023B8] -> 0x5463
mem[X,0x00000000800023BA] -> 0x0004
[1637] [M]: 0x00000000800023B8 (0x00045463) bge x8, x0, 0x8                         common_Mexcpt_handler+8

clint mtime 0x0000000000000333 (mip.MTI <- 0b1, mip.STI <- 0b0)
mem[X,0x00000000800023C0] -> 0xD493
mem[X,0x00000000800023C2] -> 0x00B5
[1638] [M]: 0x00000000800023C0 (0x00B5D493) srli x9, x11, 0xb                       common_Mexcpt_handler+16
x9 <- 0x0000000001400001

mem[X,0x00000000800023C4] -> 0xF493
mem[X,0x00000000800023C6] -> 0x0034
[1639] [M]: 0x00000000800023C4 (0x0034F493) andi x9, x9, 0x3                        common_Mexcpt_handler+20
x9 <- 0x0000000000000001

clint mtime 0x0000000000000334 (mip.MTI <- 0b1, mip.STI <- 0b0)
mem[X,0x00000000800023C8] -> 0x8493
mem[X,0x00000000800023CA] -> 0x0014
[1640] [M]: 0x00000000800023C8 (0x00148493) addi x9, x9, 0x1                        common_Mexcpt_handler+24
x9 <- 0x0000000000000002

mem[X,0x00000000800023CC] -> 0xF493
mem[X,0x00000000800023CE] -> 0x0044
[1641] [M]: 0x00000000800023CC (0x0044F493) andi x9, x9, 0x4                        common_Mexcpt_handler+28
x9 <- 0x0000000000000000

clint mtime 0x0000000000000335 (mip.MTI <- 0b1, mip.STI <- 0b0)
mem[X,0x00000000800023D0] -> 0x0593
mem[X,0x00000000800023D2] -> 0x05D0
[1642] [M]: 0x00000000800023D0 (0x05D00593) addi x11, x0, 0x5d                      common_Mexcpt_handler+32
x11 <- 0x000000000000005D

mem[X,0x00000000800023D4] -> 0xD5B3
mem[X,0x00000000800023D6] -> 0x0095
[1643] [M]: 0x00000000800023D4 (0x0095D5B3) srl x11, x11, x9                        common_Mexcpt_handler+36
x11 <- 0x000000000000005D

clint mtime 0x0000000000000336 (mip.MTI <- 0b1, mip.STI <- 0b0)
mem[X,0x00000000800023D8] -> 0xF593
mem[X,0x00000000800023DA] -> 0x0015
[1644] [M]: 0x00000000800023D8 (0x0015F593) andi x11, x11, 0x1                      common_Mexcpt_handler+40
x11 <- 0x0000000000000001

mem[X,0x00000000800023DC] -> 0x8EE3
mem[X,0x00000000800023DE] -> 0xF405
[1645] [M]: 0x00000000800023DC (0xF4058EE3) beq x11, x0, -0xa4                      common_Mexcpt_handler+44

clint mtime 0x0000000000000337 (mip.MTI <- 0b1, mip.STI <- 0b0)
mem[X,0x00000000800023E0] -> 0x0593
mem[X,0x00000000800023E2] -> 0x2980
[1646] [M]: 0x00000000800023E0 (0x29800593) addi x11, x0, 0x298                     common_Mexcpt_handler+48
x11 <- 0x0000000000000298

mem[X,0x00000000800023E4] -> 0xF413
mem[X,0x00000000800023E6] -> 0x0014
[1647] [M]: 0x00000000800023E4 (0x0014F413) andi x8, x9, 0x1                        common_Mexcpt_handler+52
x8 <- 0x0000000000000000

clint mtime 0x0000000000000338 (mip.MTI <- 0b1, mip.STI <- 0b0)
mem[X,0x00000000800023E8] -> 0x95B3
mem[X,0x00000000800023EA] -> 0x0085
[1648] [M]: 0x00000000800023E8 (0x008595B3) sll x11, x11, x8                        common_Mexcpt_handler+56
x11 <- 0x0000000000000298

mem[X,0x00000000800023EC] -> 0x9413
mem[X,0x00000000800023EE] -> 0x03D4
[1649] [M]: 0x00000000800023EC (0x03D49413) slli x8, x9, 0x3d                       common_Mexcpt_handler+60
x8 <- 0x0000000000000000

clint mtime 0x0000000000000339 (mip.MTI <- 0b1, mip.STI <- 0b0)
mem[X,0x00000000800023F0] -> 0x5413
mem[X,0x00000000800023F2] -> 0x43F4
[1650] [M]: 0x00000000800023F0 (0x43F45413) srai x8, x8, 0x3f                       common_Mexcpt_handler+64
x8 <- 0x0000000000000000

mem[X,0x00000000800023F4] -> 0x4413
mem[X,0x00000000800023F6] -> 0xFFF4
[1651] [M]: 0x00000000800023F4 (0xFFF44413) xori x8, x8, -0x1                       common_Mexcpt_handler+68
x8 <- 0xFFFFFFFFFFFFFFFF

clint mtime 0x000000000000033A (mip.MTI <- 0b1, mip.STI <- 0b0)
mem[X,0x00000000800023F8] -> 0xF4B3
mem[X,0x00000000800023FA] -> 0x0085
[1652] [M]: 0x00000000800023F8 (0x0085F4B3) and x9, x11, x8                         common_Mexcpt_handler+72
x9 <- 0x0000000000000298

mem[X,0x00000000800023FC] -> 0x84B3
mem[X,0x00000000800023FE] -> 0x0024
[1653] [M]: 0x00000000800023FC (0x002484B3) add x9, x9, x2                          vmem_adj_Mepc+0
x9 <- 0x0000000080006298

clint mtime 0x000000000000033B (mip.MTI <- 0b1, mip.STI <- 0b0)
mem[X,0x0000000080002400] -> 0x23F3
mem[X,0x0000000080002402] -> 0x3410
[1654] [M]: 0x0000000080002400 (0x341023F3) csrrs x7, mepc, x0                      vmem_adj_Mepc+4
CSR mepc (0x341) -> 0x0000000080002000
x7 <- 0x0000000080002000

mem[X,0x0000000080002404] -> 0x0413
mem[X,0x0000000080002406] -> 0x0004
[1655] [M]: 0x0000000080002404 (0x00040413) addi x8, x8, 0x0                        vmem_adj_Mepc+8
x8 <- 0xFFFFFFFFFFFFFFFF

clint mtime 0x000000000000033C (mip.MTI <- 0b1, mip.STI <- 0b0)
mem[X,0x0000000080002408] -> 0x006F
mem[X,0x000000008000240A] -> 0x0400
[1656] [M]: 0x0000000080002408 (0x0400006F) jal x0, 0x40                            vmem_adj_Mepc+12

mem[X,0x0000000080002448] -> 0x8433
mem[X,0x000000008000244A] -> 0x4083
[1657] [M]: 0x0000000080002448 (0x40838433) sub x8, x7, x8                          adj_Mepc+0
x8 <- 0x0000000080002001

clint mtime 0x000000000000033D (mip.MTI <- 0b1, mip.STI <- 0b0)
mem[X,0x000000008000244C] -> 0x3823
mem[X,0x000000008000244E] -> 0x0083
[1658] [M]: 0x000000008000244C (0x00833823) sd x8, 0x10(x6)                         sv_Mepc+0
mem[W,0x0000000080007430] <- 0x0000000080002001

mem[X,0x0000000080002450] -> 0x55B7
mem[X,0x0000000080002452] -> 0x0000
[1659] [M]: 0x0000000080002450 (0x000055B7) lui x11, 0x5                            sv_Mepc+4
x11 <- 0x0000000000005000

clint mtime 0x000000000000033E (mip.MTI <- 0b1, mip.STI <- 0b0)
mem[X,0x0000000080002454] -> 0x8593
mem[X,0x0000000080002456] -> 0x6675
[1660] [M]: 0x0000000080002454 (0x66758593) addi x11, x11, 0x667                    sv_Mepc+8
x11 <- 0x0000000000005667

mem[X,0x0000000080002458] -> 0x9593
mem[X,0x000000008000245A] -> 0x0015
[1661] [M]: 0x0000000080002458 (0x00159593) slli x11, x11, 0x1                      sv_Mepc+12
x11 <- 0x000000000000ACCE

clint mtime 0x000000000000033F (mip.MTI <- 0b1, mip.STI <- 0b0)
mem[X,0x000000008000245C] -> 0x9063
mem[X,0x000000008000245E] -> 0x02B1
[1662] [M]: 0x000000008000245C (0x02B19063) bne x3, x11, 0x20                       sv_Mepc+16

mem[X,0x0000000080002460] -> 0x2473
mem[X,0x0000000080002462] -> 0x3420
[1663] [M]: 0x0000000080002460 (0x34202473) csrrs x8, mcause, x0                    sv_Mepc+20
CSR mcause (0x342) -> 0x0000000000000001
x8 <- 0x0000000000000001

clint mtime 0x0000000000000340 (mip.MTI <- 0b1, mip.STI <- 0b0)
mem[X,0x0000000080002464] -> 0x0593
mem[X,0x0000000080002466] -> 0x00C0
[1664] [M]: 0x0000000080002464 (0x00C00593) addi x11, x0, 0xc                       sv_Mepc+24
x11 <- 0x000000000000000C

mem[X,0x0000000080002468] -> 0x0663
mem[X,0x000000008000246A] -> 0x00B4
[1665] [M]: 0x0000000080002468 (0x00B40663) beq x8, x11, 0xc                        sv_Mepc+28

clint mtime 0x0000000000000341 (mip.MTI <- 0b1, mip.STI <- 0b0)
mem[X,0x000000008000246C] -> 0x0593
mem[X,0x000000008000246E] -> 0x0010
[1666] [M]: 0x000000008000246C (0x00100593) addi x11, x0, 0x1                       sv_Mepc+32
x11 <- 0x0000000000000001

mem[X,0x0000000080002470] -> 0x1663
mem[X,0x0000000080002472] -> 0x00B4
[1667] [M]: 0x0000000080002470 (0x00B41663) bne x8, x11, 0xc                        sv_Mepc+36

clint mtime 0x0000000000000342 (mip.MTI <- 0b1, mip.STI <- 0b0)
mem[X,0x0000000080002474] -> 0x1073
mem[X,0x0000000080002476] -> 0x3412
[1668] [M]: 0x0000000080002474 (0x34121073) csrrw x0, mepc, x4                      sv_Mepc+40
CSR mepc (0x341) <- 0x00000000800008E8

mem[X,0x0000000080002478] -> 0x006F
mem[X,0x000000008000247A] -> 0x0100
[1669] [M]: 0x0000000080002478 (0x0100006F) jal x0, 0x10                            sv_Mepc+44

clint mtime 0x0000000000000343 (mip.MTI <- 0b1, mip.STI <- 0b0)
mem[X,0x0000000080002488] -> 0x23F3
mem[X,0x000000008000248A] -> 0x3430
[1670] [M]: 0x0000000080002488 (0x343023F3) csrrs x7, mtval, x0                     skp_adj_Mepc+0
CSR mtval (0x343) -> 0x0000000080002000
x7 <- 0x0000000080002000

mem[X,0x000000008000248C] -> 0x7513
mem[X,0x000000008000248E] -> 0x00F5
[1671] [M]: 0x000000008000248C (0x00F57513) andi x10, x10, 0xf                      chk_Mtval+0
x10 <- 0x0000000000000001

clint mtime 0x0000000000000344 (mip.MTI <- 0b1, mip.STI <- 0b0)
mem[X,0x0000000080002490] -> 0x0437
mem[X,0x0000000080002492] -> 0x0000
[1672] [M]: 0x0000000080002490 (0x00000437) lui x8, 0x0                             chk_Mtval+4
x8 <- 0x0000000000000000

mem[X,0x0000000080002494] -> 0x0413
mem[X,0x0000000080002496] -> 0x0004
[1673] [M]: 0x0000000080002494 (0x00040413) addi x8, x8, 0x0                        chk_Mtval+8
x8 <- 0x0000000000000000

clint mtime 0x0000000000000345 (mip.MTI <- 0b1, mip.STI <- 0b0)
mem[X,0x0000000080002498] -> 0x1413
mem[X,0x000000008000249A] -> 0x00B4
[1674] [M]: 0x0000000080002498 (0x00B41413) slli x8, x8, 0xb                        chk_Mtval+12
x8 <- 0x0000000000000000

mem[X,0x000000008000249C] -> 0x0413
mem[X,0x000000008000249E] -> 0x0004
[1675] [M]: 0x000000008000249C (0x00040413) addi x8, x8, 0x0                        chk_Mtval+16
x8 <- 0x0000000000000000

clint mtime 0x0000000000000346 (mip.MTI <- 0b1, mip.STI <- 0b0)
mem[X,0x00000000800024A0] -> 0x1413
mem[X,0x00000000800024A2] -> 0x00B4
[1676] [M]: 0x00000000800024A0 (0x00B41413) slli x8, x8, 0xb                        chk_Mtval+20
x8 <- 0x0000000000000000

mem[X,0x00000000800024A4] -> 0x0413
mem[X,0x00000000800024A6] -> 0x02C4
[1677] [M]: 0x00000000800024A4 (0x02C40413) addi x8, x8, 0x2c                       chk_Mtval+24
x8 <- 0x000000000000002C

clint mtime 0x0000000000000347 (mip.MTI <- 0b1, mip.STI <- 0b0)
mem[X,0x00000000800024A8] -> 0x1413
mem[X,0x00000000800024AA] -> 0x00A4
[1678] [M]: 0x00000000800024A8 (0x00A41413) slli x8, x8, 0xa                        chk_Mtval+28
x8 <- 0x000000000000B000

mem[X,0x00000000800024AC] -> 0x0413
mem[X,0x00000000800024AE] -> 0x0FB4
[1679] [M]: 0x00000000800024AC (0x0FB40413) addi x8, x8, 0xfb                       chk_Mtval+32
x8 <- 0x000000000000B0FB

clint mtime 0x0000000000000348 (mip.MTI <- 0b1, mip.STI <- 0b0)
mem[X,0x00000000800024B0] -> 0x5433
mem[X,0x00000000800024B2] -> 0x00A4
[1680] [M]: 0x00000000800024B0 (0x00A45433) srl x8, x8, x10                         chk_Mtval+36
x8 <- 0x000000000000587D

mem[X,0x00000000800024B4] -> 0x1413
mem[X,0x00000000800024B6] -> 0x03F4
[1681] [M]: 0x00000000800024B4 (0x03F41413) slli x8, x8, 0x3f                       chk_Mtval+40
x8 <- 0x8000000000000000

clint mtime 0x0000000000000349 (mip.MTI <- 0b1, mip.STI <- 0b0)
mem[X,0x00000000800024B8] -> 0x5C63
mem[X,0x00000000800024BA] -> 0x0404
[1682] [M]: 0x00000000800024B8 (0x04045C63) bge x8, x0, 0x58                        chk_Mtval+44

mem[X,0x00000000800024BC] -> 0xB403
mem[X,0x00000000800024BE] -> 0x2084
[1683] [M]: 0x00000000800024BC (0x2084B403) ld x8, 0x208(x9)                        vmem_adj_Mtval+0
mem[R,0x00000000800064A0] -> 0x00000000800003B4
x8 <- 0x00000000800003B4

clint mtime 0x000000000000034A (mip.MTI <- 0b1, mip.STI <- 0b0)
mem[X,0x00000000800024C0] -> 0xB583
mem[X,0x00000000800024C2] -> 0x2104
[1684] [M]: 0x00000000800024C0 (0x2104B583) ld x11, 0x210(x9)                       vmem_adj_Mtval+4
mem[R,0x00000000800064A8] -> 0x0000000000001C60
x11 <- 0x0000000000001C60

mem[X,0x00000000800024C4] -> 0x85B3
mem[X,0x00000000800024C6] -> 0x0085
[1685] [M]: 0x00000000800024C4 (0x008585B3) add x11, x11, x8                        vmem_adj_Mtval+8
x11 <- 0x0000000080002014

clint mtime 0x000000000000034B (mip.MTI <- 0b1, mip.STI <- 0b0)
mem[X,0x00000000800024C8] -> 0xF463
mem[X,0x00000000800024CA] -> 0x00B3
[1686] [M]: 0x00000000800024C8 (0x00B3F463) bgeu x7, x11, 0x8                       vmem_adj_Mtval+12

mem[X,0x00000000800024CC] -> 0xF063
mem[X,0x00000000800024CE] -> 0x0483
[1687] [M]: 0x00000000800024CC (0x0483F063) bgeu x7, x8, 0x40                       vmem_adj_Mtval+16

clint mtime 0x000000000000034C (mip.MTI <- 0b1, mip.STI <- 0b0)
mem[X,0x000000008000250C] -> 0x8433
mem[X,0x000000008000250E] -> 0x4083
[1688] [M]: 0x000000008000250C (0x40838433) sub x8, x7, x8                          adj_Mtval+0
x8 <- 0x0000000000001C4C

mem[X,0x0000000080002510] -> 0x3C23
mem[X,0x0000000080002512] -> 0x0083
[1689] [M]: 0x0000000080002510 (0x00833C23) sd x8, 0x18(x6)                         sv_Mtval+0
mem[W,0x0000000080007438] <- 0x0000000000001C4C

clint mtime 0x000000000000034D (mip.MTI <- 0b1, mip.STI <- 0b0)
mem[X,0x0000000080002514] -> 0x3483
mem[X,0x0000000080002516] -> 0x2181
[1690] [M]: 0x0000000080002514 (0x21813483) ld x9, 0x218(x2)                        skp_Mtval+0
mem[R,0x0000000080006218] -> 0x0000000080007440
x9 <- 0x0000000080007440

mem[X,0x0000000080002518] -> 0x3383
mem[X,0x000000008000251A] -> 0x1F81
[1691] [M]: 0x0000000080002518 (0x1F813383) ld x7, 0x1f8(x2)                        skp_Mtval+4
mem[R,0x00000000800061F8] -> 0x0000000080007210
x7 <- 0x0000000080007210

clint mtime 0x000000000000034E (mip.MTI <- 0b1, mip.STI <- 0b0)
mem[X,0x000000008000251C] -> 0x3303
mem[X,0x000000008000251E] -> 0x2001
[1692] [M]: 0x000000008000251C (0x20013303) ld x6, 0x200(x2)                        skp_Mtval+8
mem[R,0x0000000080006200] -> 0x0000000000000920
x6 <- 0x0000000000000920

mem[X,0x0000000080002520] -> 0x0333
mem[X,0x0000000080002522] -> 0x0073
[1693] [M]: 0x0000000080002520 (0x00730333) add x6, x6, x7                          skp_Mtval+12
x6 <- 0x0000000080007B30

clint mtime 0x000000000000034F (mip.MTI <- 0b1, mip.STI <- 0b0)
mem[X,0x0000000080002524] -> 0x6CE3
mem[X,0x0000000080002526] -> 0xAE93
[1694] [M]: 0x0000000080002524 (0xAE936CE3) bltu x6, x9, -0x508                     skp_Mtval+16

mem[X,0x0000000080002528] -> 0x0393
mem[X,0x000000008000252A] -> 0x2000
[1695] [M]: 0x0000000080002528 (0x20000393) addi x7, x0, 0x200                      skp_Mtval+20
x7 <- 0x0000000000000200

clint mtime 0x0000000000000350 (mip.MTI <- 0b1, mip.STI <- 0b0)
mem[X,0x000000008000252C] -> 0x006F
mem[X,0x000000008000252E] -> 0x0400
[1696] [M]: 0x000000008000252C (0x0400006F) jal x0, 0x40                            skp_Mtval+24

mem[X,0x000000008000256C] -> 0x0417
mem[X,0x000000008000256E] -> 0x0000
[1697] [M]: 0x000000008000256C (0x00000417) auipc x8, 0x0                           spcl_Mhandler+0
x8 <- 0x000000008000256C

clint mtime 0x0000000000000351 (mip.MTI <- 0b1, mip.STI <- 0b0)
mem[X,0x0000000080002570] -> 0x0413
mem[X,0x0000000080002572] -> 0x03C4
[1698] [M]: 0x0000000080002570 (0x03C40413) addi x8, x8, 0x3c                       spcl_Mhandler+4
x8 <- 0x00000000800025A8

mem[X,0x0000000080002574] -> 0x0433
mem[X,0x0000000080002576] -> 0x0074
[1699] [M]: 0x0000000080002574 (0x00740433) add x8, x8, x7                          spcl_Mhandler+8
x8 <- 0x00000000800027A8

clint mtime 0x0000000000000352 (mip.MTI <- 0b1, mip.STI <- 0b0)
mem[X,0x0000000080002578] -> 0x1393
mem[X,0x000000008000257A] -> 0x0035
[1700] [M]: 0x0000000080002578 (0x00351393) slli x7, x10, 0x3                       spcl_Mhandler+12
x7 <- 0x0000000000000008

mem[X,0x000000008000257C] -> 0x0433
mem[X,0x000000008000257E] -> 0x0074
[1701] [M]: 0x000000008000257C (0x00740433) add x8, x8, x7                          spcl_Mhandler+16
x8 <- 0x00000000800027B0

clint mtime 0x0000000000000353 (mip.MTI <- 0b1, mip.STI <- 0b0)
mem[X,0x0000000080002580] -> 0x7413
mem[X,0x0000000080002582] -> 0xFF84
[1702] [M]: 0x0000000080002580 (0xFF847413) andi x8, x8, -0x8                       spcl_Mhandler+20
x8 <- 0x00000000800027B0

mem[X,0x0000000080002584] -> 0x3403
mem[X,0x0000000080002586] -> 0x0004
[1703] [M]: 0x0000000080002584 (0x00043403) ld x8, 0x0(x8)                          spcl_Mhandler+24
mem[R,0x00000000800027B0] -> 0x0000000000000003
x8 <- 0x0000000000000003

clint mtime 0x0000000000000354 (mip.MTI <- 0b1, mip.STI <- 0b0)
mem[X,0x0000000080002588] -> 0x04E3
mem[X,0x000000008000258A] -> 0xB204
[1704] [M]: 0x0000000080002588 (0xB20404E3) beq x8, x0, -0x4d8                      spcl_Mdispatch_hndling+0

mem[X,0x000000008000258C] -> 0x1393
mem[X,0x000000008000258E] -> 0x03F4
[1705] [M]: 0x000000008000258C (0x03F41393) slli x7, x8, 0x3f                       spcl_Mdispatch_hndling+4
x7 <- 0x8000000000000000

clint mtime 0x0000000000000355 (mip.MTI <- 0b1, mip.STI <- 0b0)
mem[X,0x0000000080002590] -> 0xD863
mem[X,0x0000000080002592] -> 0x0003
[1706] [M]: 0x0000000080002590 (0x0003D863) bge x7, x0, 0x10                        spcl_Mdispatch_hndling+8

mem[X,0x0000000080002594] -> 0x5413
mem[X,0x0000000080002596] -> 0x0014
[1707] [M]: 0x0000000080002594 (0x00145413) srli x8, x8, 0x1                        spcl_Mdispatch_hndling+12
x8 <- 0x0000000000000001

clint mtime 0x0000000000000356 (mip.MTI <- 0b1, mip.STI <- 0b0)
mem[X,0x0000000080002598] -> 0x0CE3
mem[X,0x000000008000259A] -> 0xF885
[1708] [M]: 0x0000000080002598 (0xF8850CE3) beq x10, x8, -0x68                      spcl_Mdispatch_hndling+16

mem[X,0x0000000080002530] -> 0x3303
mem[X,0x0000000080002532] -> 0x2601
[1709] [M]: 0x0000000080002530 (0x26013303) ld x6, 0x260(x2)                        resto_Mrtn+0
mem[R,0x0000000080006260] -> 0x0000000000000010
x6 <- 0x0000000000000010

clint mtime 0x0000000000000357 (mip.MTI <- 0b1, mip.STI <- 0b0)
mem[X,0x0000000080002534] -> 0x3383
mem[X,0x0000000080002536] -> 0x2681
[1710] [M]: 0x0000000080002534 (0x26813383) ld x7, 0x268(x2)                        resto_Mrtn+4
mem[R,0x0000000080006268] -> 0x0000000080006000
x7 <- 0x0000000080006000

mem[X,0x0000000080002538] -> 0x3403
mem[X,0x000000008000253A] -> 0x2701
[1711] [M]: 0x0000000080002538 (0x27013403) ld x8, 0x270(x2)                        resto_Mrtn+8
mem[R,0x0000000080006270] -> 0x0000000000007F76
x8 <- 0x0000000000007F76

clint mtime 0x0000000000000358 (mip.MTI <- 0b1, mip.STI <- 0b0)
mem[X,0x000000008000253C] -> 0x3483
mem[X,0x000000008000253E] -> 0x2781
[1712] [M]: 0x000000008000253C (0x27813483) ld x9, 0x278(x2)                        resto_Mrtn+12
mem[R,0x0000000080006278] -> 0x0000000080000794
x9 <- 0x0000000080000794

mem[X,0x0000000080002540] -> 0x3503
mem[X,0x0000000080002542] -> 0x2801
[1713] [M]: 0x0000000080002540 (0x28013503) ld x10, 0x280(x2)                       resto_Mrtn+16
mem[R,0x0000000080006280] -> 0x0000000000000001
x10 <- 0x0000000000000001

clint mtime 0x0000000000000359 (mip.MTI <- 0b1, mip.STI <- 0b0)
mem[X,0x0000000080002544] -> 0x3583
mem[X,0x0000000080002546] -> 0x2881
[1714] [M]: 0x0000000080002544 (0x28813583) ld x11, 0x288(x2)                       resto_Mrtn+20
mem[R,0x0000000080006288] -> 0x0000000000000000
x11 <- 0x0000000000000000

mem[X,0x0000000080002548] -> 0x3103
mem[X,0x000000008000254A] -> 0x2901
[1715] [M]: 0x0000000080002548 (0x29013103) ld x2, 0x290(x2)                        resto_Mrtn+24
mem[R,0x0000000080006290] -> 0x0000000000000000
x2 <- 0x0000000000000000

clint mtime 0x000000000000035A (mip.MTI <- 0b1, mip.STI <- 0b0)
mem[X,0x000000008000254C] -> 0x0073
mem[X,0x000000008000254E] -> 0x3020
[1716] [M]: 0x000000008000254C (0x30200073) mret                                    resto_Mrtn+28
CSR mstatus (0x300) <- 0x0000000A00000080
ret-ing from M to S

mem[X,0x00000000800008E8] -> 0x0013
mem[X,0x00000000800008EA] -> 0x0000
[1717] [S]: 0x00000000800008E8 (0x00000013) addi x0, x0, 0x0                        main+1288

clint mtime 0x000000000000035B (mip.MTI <- 0b1, mip.STI <- 0b0)
mem[X,0x00000000800008EC] -> 0x0713
mem[X,0x00000000800008EE] -> 0x0087
[1718] [S]: 0x00000000800008EC (0x00870713) addi x14, x14, 0x8                      main+1292
x14 <- 0x0000000080002004

mem[X,0x00000000800008F0] -> 0x0013
mem[X,0x00000000800008F2] -> 0x0000
[1719] [S]: 0x00000000800008F0 (0x00000013) addi x0, x0, 0x0                        main+1296

clint mtime 0x000000000000035C (mip.MTI <- 0b1, mip.STI <- 0b0)
mem[X,0x00000000800008F4] -> 0x0013
mem[X,0x00000000800008F6] -> 0x0000
[1720] [S]: 0x00000000800008F4 (0x00000013) addi x0, x0, 0x0                        main+1300

mem[X,0x00000000800008F8] -> 0x0013
mem[X,0x00000000800008FA] -> 0x0000
[1721] [S]: 0x00000000800008F8 (0x00000013) addi x0, x0, 0x0                        main+1304

clint mtime 0x000000000000035D (mip.MTI <- 0b1, mip.STI <- 0b0)
mem[X,0x00000000800008FC] -> 0x0013
mem[X,0x00000000800008FE] -> 0x0000
[1722] [S]: 0x00000000800008FC (0x00000013) addi x0, x0, 0x0                        main+1308

mem[X,0x0000000080000900] -> 0x0217
mem[X,0x0000000080000902] -> 0x0000
[1723] [S]: 0x0000000080000900 (0x00000217) auipc x4, 0x0                           main+1312
x4 <- 0x0000000080000900

clint mtime 0x000000000000035E (mip.MTI <- 0b1, mip.STI <- 0b0)
mem[X,0x0000000080000904] -> 0x0213
mem[X,0x0000000080000906] -> 0x0282
[1724] [S]: 0x0000000080000904 (0x02820213) addi x4, x4, 0x28                       main+1316
x4 <- 0x0000000080000928

mem[X,0x0000000080000908] -> 0x0001
[1725] [S]: 0x0000000080000908 (0x0001) c.nop                                       main+1320

clint mtime 0x000000000000035F (mip.MTI <- 0b1, mip.STI <- 0b0)
mem[X,0x000000008000090A] -> 0x0013
mem[X,0x000000008000090C] -> 0x0000
[1726] [S]: 0x000000008000090A (0x00000013) addi x0, x0, 0x0                        main+1322

mem[X,0x000000008000090E] -> 0x0013
mem[X,0x0000000080000910] -> 0x0000
[1727] [S]: 0x000000008000090E (0x00000013) addi x0, x0, 0x0                        main+1326

clint mtime 0x0000000000000360 (mip.MTI <- 0b1, mip.STI <- 0b0)
mem[X,0x0000000080000912] -> 0x0013
mem[X,0x0000000080000914] -> 0x0000
[1728] [S]: 0x0000000080000912 (0x00000013) addi x0, x0, 0x0                        main+1330

mem[X,0x0000000080000916] -> 0x0013
mem[X,0x0000000080000918] -> 0x0000
[1729] [S]: 0x0000000080000916 (0x00000013) addi x0, x0, 0x0                        main+1334

clint mtime 0x0000000000000361 (mip.MTI <- 0b1, mip.STI <- 0b0)
mem[X,0x000000008000091A] -> 0x0013
mem[X,0x000000008000091C] -> 0x0000
[1730] [S]: 0x000000008000091A (0x00000013) addi x0, x0, 0x0                        main+1338

mem[X,0x000000008000091E] -> 0x0001
[1731] [S]: 0x000000008000091E (0x0001) c.nop                                       main+1342

clint mtime 0x0000000000000362 (mip.MTI <- 0b1, mip.STI <- 0b0)
mem[X,0x0000000080000920] -> 0x00E7
mem[X,0x0000000080000922] -> 0x0007
[1732] [S]: 0x0000000080000920 (0x000700E7) jalr x1, 0x0(x14)                       main+1344
x1 <- 0x0000000080000924

mem[X,0x0000000080002004] -> 0x0013
mem[X,0x0000000080002006] -> 0x0000
[1733] [S]: 0x0000000080002004 (0x00000013) addi x0, x0, 0x0                        TEST_FOR_EXECUTION+4

clint mtime 0x0000000000000363 (mip.MTI <- 0b1, mip.STI <- 0b0)
mem[X,0x0000000080002008] -> 0x0013
mem[X,0x000000008000200A] -> 0x0000
[1734] [S]: 0x0000000080002008 (0x00000013) addi x0, x0, 0x0                        RETURN_INSTRUCTION+0

mem[X,0x000000008000200C] -> 0x0013
mem[X,0x000000008000200E] -> 0x0000
[1735] [S]: 0x000000008000200C (0x00000013) addi x0, x0, 0x0                        RETURN_INSTRUCTION+4

clint mtime 0x0000000000000364 (mip.MTI <- 0b1, mip.STI <- 0b0)
mem[X,0x0000000080002010] -> 0x8067
mem[X,0x0000000080002012] -> 0x0000
[1736] [S]: 0x0000000080002010 (0x00008067) jalr x0, 0x0(x1)                        RETURN_INSTRUCTION+8

mem[X,0x0000000080000924] -> 0x0013
mem[X,0x0000000080000926] -> 0x0000
[1737] [S]: 0x0000000080000924 (0x00000013) addi x0, x0, 0x0                        main+1348

clint mtime 0x0000000000000365 (mip.MTI <- 0b1, mip.STI <- 0b0)
mem[X,0x0000000080000928] -> 0x0013
mem[X,0x000000008000092A] -> 0x0000
[1738] [S]: 0x0000000080000928 (0x00000013) addi x0, x0, 0x0                        main+1352

mem[X,0x000000008000092C] -> 0x0293
mem[X,0x000000008000092E] -> 0xFFC0
[1739] [S]: 0x000000008000092C (0xFFC00293) addi x5, x0, -0x4                       main+1356
x5 <- 0xFFFFFFFFFFFFFFFC

clint mtime 0x0000000000000366 (mip.MTI <- 0b1, mip.STI <- 0b0)
mem[X,0x0000000080000930] -> 0x0733
mem[X,0x0000000080000932] -> 0x0057
[1740] [S]: 0x0000000080000930 (0x00570733) add x14, x14, x5                        main+1360
x14 <- 0x0000000080002000

mem[X,0x0000000080000934] -> 0x0013
mem[X,0x0000000080000936] -> 0x0000
[1741] [S]: 0x0000000080000934 (0x00000013) addi x0, x0, 0x0                        main+1364

clint mtime 0x0000000000000367 (mip.MTI <- 0b1, mip.STI <- 0b0)
mem[X,0x0000000080000938] -> 0x0013
mem[X,0x000000008000093A] -> 0x0000
[1742] [S]: 0x0000000080000938 (0x00000013) addi x0, x0, 0x0                        main+1368

mem[X,0x000000008000093C] -> 0x0013
mem[X,0x000000008000093E] -> 0x0000
[1743] [S]: 0x000000008000093C (0x00000013) addi x0, x0, 0x0                        main+1372

clint mtime 0x0000000000000368 (mip.MTI <- 0b1, mip.STI <- 0b0)
mem[X,0x0000000080000940] -> 0x0217
mem[X,0x0000000080000942] -> 0x0000
[1744] [S]: 0x0000000080000940 (0x00000217) auipc x4, 0x0                           main+1376
x4 <- 0x0000000080000940

mem[X,0x0000000080000944] -> 0x0213
mem[X,0x0000000080000946] -> 0x0282
[1745] [S]: 0x0000000080000944 (0x02820213) addi x4, x4, 0x28                       main+1380
x4 <- 0x0000000080000968

clint mtime 0x0000000000000369 (mip.MTI <- 0b1, mip.STI <- 0b0)
mem[X,0x0000000080000948] -> 0x0001
[1746] [S]: 0x0000000080000948 (0x0001) c.nop                                       main+1384

mem[X,0x000000008000094A] -> 0x0013
mem[X,0x000000008000094C] -> 0x0000
[1747] [S]: 0x000000008000094A (0x00000013) addi x0, x0, 0x0                        main+1386

clint mtime 0x000000000000036A (mip.MTI <- 0b1, mip.STI <- 0b0)
mem[X,0x000000008000094E] -> 0x0013
mem[X,0x0000000080000950] -> 0x0000
[1748] [S]: 0x000000008000094E (0x00000013) addi x0, x0, 0x0                        main+1390

mem[X,0x0000000080000952] -> 0x0013
mem[X,0x0000000080000954] -> 0x0000
[1749] [S]: 0x0000000080000952 (0x00000013) addi x0, x0, 0x0                        main+1394

clint mtime 0x000000000000036B (mip.MTI <- 0b1, mip.STI <- 0b0)
mem[X,0x0000000080000956] -> 0x0013
mem[X,0x0000000080000958] -> 0x0000
[1750] [S]: 0x0000000080000956 (0x00000013) addi x0, x0, 0x0                        main+1398

mem[X,0x000000008000095A] -> 0x0013
mem[X,0x000000008000095C] -> 0x0000
[1751] [S]: 0x000000008000095A (0x00000013) addi x0, x0, 0x0                        main+1402

clint mtime 0x000000000000036C (mip.MTI <- 0b1, mip.STI <- 0b0)
mem[X,0x000000008000095E] -> 0x0001
[1752] [S]: 0x000000008000095E (0x0001) c.nop                                       main+1406

mem[X,0x0000000080000960] -> 0x00E7
mem[X,0x0000000080000962] -> 0x0007
[1753] [S]: 0x0000000080000960 (0x000700E7) jalr x1, 0x0(x14)                       main+1408
x1 <- 0x0000000080000964

clint mtime 0x000000000000036D (mip.MTI <- 0b1, mip.STI <- 0b0)
trapping from S to M to handle fetch-access-fault
handling exc#fetch-access-fault at priv M with tval 0x0000000080002000
CSR mstatus (0x300) <- 0x0000000A00000800
CSR mcause (0x342) <- 0x0000000000000001
CSR mtval (0x343) <- 0x0000000080002000
CSR mepc (0x341) <- 0x0000000080002000

mem[X,0x0000000080002100] -> 0x006F
mem[X,0x0000000080002102] -> 0x1000
[1755] [M]: 0x0000000080002100 (0x1000006F) jal x0, 0x100                           Mtrampoline+0

clint mtime 0x000000000000036E (mip.MTI <- 0b1, mip.STI <- 0b0)
mem[X,0x0000000080002200] -> 0x1173
mem[X,0x0000000080002202] -> 0x3401
[1756] [M]: 0x0000000080002200 (0x34011173) csrrw x2, mscratch, x2                  trap_Mhandler+0
CSR mscratch (0x340) <- 0x0000000000000000
x2 <- 0x0000000080006000

mem[X,0x0000000080002204] -> 0x3423
mem[X,0x0000000080002206] -> 0x28B1
[1757] [M]: 0x0000000080002204 (0x28B13423) sd x11, 0x288(x2)                       trap_Mhandler+4
mem[W,0x0000000080006288] <- 0x0000000000000000

clint mtime 0x000000000000036F (mip.MTI <- 0b1, mip.STI <- 0b0)
mem[X,0x0000000080002208] -> 0x05EF
mem[X,0x000000008000220A] -> 0x0B80
[1758] [M]: 0x0000000080002208 (0x0B8005EF) jal x11, 0xb8                           trap_Mhandler+8
x11 <- 0x000000008000220C

mem[X,0x00000000800022C0] -> 0x3023
mem[X,0x00000000800022C2] -> 0x28A1
[1759] [M]: 0x00000000800022C0 (0x28A13023) sd x10, 0x280(x2)                       common_Mhandler+0
mem[W,0x0000000080006280] <- 0x0000000000000001

clint mtime 0x0000000000000370 (mip.MTI <- 0b1, mip.STI <- 0b0)
mem[X,0x00000000800022C4] -> 0x1573
mem[X,0x00000000800022C6] -> 0x3401
[1760] [M]: 0x00000000800022C4 (0x34011573) csrrw x10, mscratch, x2                 common_Mhandler+4
CSR mscratch (0x340) <- 0x0000000080006000
x10 <- 0x0000000000000000

mem[X,0x00000000800022C8] -> 0x3823
mem[X,0x00000000800022CA] -> 0x28A1
[1761] [M]: 0x00000000800022C8 (0x28A13823) sd x10, 0x290(x2)                       common_Mhandler+8
mem[W,0x0000000080006290] <- 0x0000000000000000

clint mtime 0x0000000000000371 (mip.MTI <- 0b1, mip.STI <- 0b0)
mem[X,0x00000000800022CC] -> 0x3503
mem[X,0x00000000800022CE] -> 0x2301
[1762] [M]: 0x00000000800022CC (0x23013503) ld x10, 0x230(x2)                       common_Mhandler+12
mem[R,0x0000000080006230] -> 0x00000000800022D4
x10 <- 0x00000000800022D4

mem[X,0x00000000800022D0] -> 0x0067
mem[X,0x00000000800022D2] -> 0x0005
[1763] [M]: 0x00000000800022D0 (0x00050067) jalr x0, 0x0(x10)                       common_Mhandler+16

clint mtime 0x0000000000000372 (mip.MTI <- 0b1, mip.STI <- 0b0)
mem[X,0x00000000800022D4] -> 0x3C23
mem[X,0x00000000800022D6] -> 0x2691
[1764] [M]: 0x00000000800022D4 (0x26913C23) sd x9, 0x278(x2)                        common_Mentry+0
mem[W,0x0000000080006278] <- 0x0000000080000794

mem[X,0x00000000800022D8] -> 0x3823
mem[X,0x00000000800022DA] -> 0x2681
[1765] [M]: 0x00000000800022D8 (0x26813823) sd x8, 0x270(x2)                        common_Mentry+4
mem[W,0x0000000080006270] <- 0x0000000000007F76

clint mtime 0x0000000000000373 (mip.MTI <- 0b1, mip.STI <- 0b0)
mem[X,0x00000000800022DC] -> 0x3423
mem[X,0x00000000800022DE] -> 0x2671
[1766] [M]: 0x00000000800022DC (0x26713423) sd x7, 0x268(x2)                        common_Mentry+8
mem[W,0x0000000080006268] <- 0x0000000080006000

mem[X,0x00000000800022E0] -> 0x3023
mem[X,0x00000000800022E2] -> 0x2661
[1767] [M]: 0x00000000800022E0 (0x26613023) sd x6, 0x260(x2)                        common_Mentry+12
mem[W,0x0000000080006260] <- 0x0000000000000010

clint mtime 0x0000000000000374 (mip.MTI <- 0b1, mip.STI <- 0b0)
mem[X,0x00000000800022E4] -> 0x2573
mem[X,0x00000000800022E6] -> 0x3420
[1768] [M]: 0x00000000800022E4 (0x34202573) csrrs x10, mcause, x0                   spcl_M2mmode_test+0
CSR mcause (0x342) -> 0x0000000000000001
x10 <- 0x0000000000000001

mem[X,0x00000000800022E8] -> 0x04B7
mem[X,0x00000000800022EA] -> 0x8000
[1769] [M]: 0x00000000800022E8 (0x800004B7) lui x9, -0x80000                        spcl_M2mmode_test+4
x9 <- 0xFFFFFFFF80000000

clint mtime 0x0000000000000375 (mip.MTI <- 0b1, mip.STI <- 0b0)
mem[X,0x00000000800022EC] -> 0x8493
mem[X,0x00000000800022EE] -> 0x0004
[1770] [M]: 0x00000000800022EC (0x00048493) addi x9, x9, 0x0                        spcl_M2mmode_test+8
x9 <- 0xFFFFFFFF80000000

mem[X,0x00000000800022F0] -> 0x9493
mem[X,0x00000000800022F2] -> 0x00B4
[1771] [M]: 0x00000000800022F0 (0x00B49493) slli x9, x9, 0xb                        spcl_M2mmode_test+12
x9 <- 0xFFFFFC0000000000

clint mtime 0x0000000000000376 (mip.MTI <- 0b1, mip.STI <- 0b0)
mem[X,0x00000000800022F4] -> 0x8493
mem[X,0x00000000800022F6] -> 0x0004
[1772] [M]: 0x00000000800022F4 (0x00048493) addi x9, x9, 0x0                        spcl_M2mmode_test+16
x9 <- 0xFFFFFC0000000000

mem[X,0x00000000800022F8] -> 0x9493
mem[X,0x00000000800022FA] -> 0x00B4
[1773] [M]: 0x00000000800022F8 (0x00B49493) slli x9, x9, 0xb                        spcl_M2mmode_test+20
x9 <- 0xFFE0000000000000

clint mtime 0x0000000000000377 (mip.MTI <- 0b1, mip.STI <- 0b0)
mem[X,0x00000000800022FC] -> 0x8493
mem[X,0x00000000800022FE] -> 0x0034
[1774] [M]: 0x00000000800022FC (0x00348493) addi x9, x9, 0x3                        spcl_M2mmode_test+24
x9 <- 0xFFE0000000000003

mem[X,0x0000000080002300] -> 0x9493
mem[X,0x0000000080002302] -> 0x00A4
[1775] [M]: 0x0000000080002300 (0x00A49493) slli x9, x9, 0xa                        spcl_M2mmode_test+28
x9 <- 0x8000000000000C00

clint mtime 0x0000000000000378 (mip.MTI <- 0b1, mip.STI <- 0b0)
mem[X,0x0000000080002304] -> 0x8493
mem[X,0x0000000080002306] -> 0x3FC4
[1776] [M]: 0x0000000080002304 (0x3FC48493) addi x9, x9, 0x3fc                      spcl_M2mmode_test+32
x9 <- 0x8000000000000FFC

mem[X,0x0000000080002308] -> 0xF4B3
mem[X,0x000000008000230A] -> 0x00A4
[1777] [M]: 0x0000000080002308 (0x00A4F4B3) and x9, x9, x10                         spcl_M2mmode_test+36
x9 <- 0x0000000000000000

clint mtime 0x0000000000000379 (mip.MTI <- 0b1, mip.STI <- 0b0)
mem[X,0x000000008000230C] -> 0x8493
mem[X,0x000000008000230E] -> 0xFF84
[1778] [M]: 0x000000008000230C (0xFF848493) addi x9, x9, -0x8                       spcl_M2mmode_test+40
x9 <- 0xFFFFFFFFFFFFFFF8

mem[X,0x0000000080002310] -> 0x9663
mem[X,0x0000000080002312] -> 0x0004
[1779] [M]: 0x0000000080002310 (0x00049663) bne x9, x0, 0xc                         spcl_M2mmode_test+44

clint mtime 0x000000000000037A (mip.MTI <- 0b1, mip.STI <- 0b0)
mem[X,0x000000008000231C] -> 0x0393
mem[X,0x000000008000231E] -> 0x0200
[1780] [M]: 0x000000008000231C (0x02000393) addi x7, x0, 0x20                       Mtrapsig_ptr_upd+0
x7 <- 0x0000000000000020

mem[X,0x0000000080002320] -> 0x5263
mem[X,0x0000000080002322] -> 0x0405
[1781] [M]: 0x0000000080002320 (0x04055263) bge x10, x0, 0x44                       Mtrapsig_ptr_upd+4

clint mtime 0x000000000000037B (mip.MTI <- 0b1, mip.STI <- 0b0)
mem[X,0x0000000080002364] -> 0x2373
mem[X,0x0000000080002366] -> 0x3010
[1782] [M]: 0x0000000080002364 (0x30102373) csrrs x6, misa, x0                      Mxcpt_sig_sv+0
CSR misa (0x301) -> 0x800000000034112F
x6 <- 0x800000000034112F

mem[X,0x0000000080002368] -> 0x1313
mem[X,0x000000008000236A] -> 0x0383
[1783] [M]: 0x0000000080002368 (0x03831313) slli x6, x6, 0x38                       Mxcpt_sig_sv+4
x6 <- 0x2F00000000000000

clint mtime 0x000000000000037C (mip.MTI <- 0b1, mip.STI <- 0b0)
mem[X,0x000000008000236C] -> 0x5463
mem[X,0x000000008000236E] -> 0x0003
[1784] [M]: 0x000000008000236C (0x00035463) bge x6, x0, 0x8                         Mxcpt_sig_sv+8

mem[X,0x0000000080002374] -> 0x3303
mem[X,0x0000000080002376] -> 0x2181
[1785] [M]: 0x0000000080002374 (0x21813303) ld x6, 0x218(x2)                        Mtrap_sig_sv+0
mem[R,0x0000000080006218] -> 0x0000000080007440
x6 <- 0x0000000080007440

clint mtime 0x000000000000037D (mip.MTI <- 0b1, mip.STI <- 0b0)
mem[X,0x0000000080002378] -> 0x04B3
mem[X,0x000000008000237A] -> 0x0073
[1786] [M]: 0x0000000080002378 (0x007304B3) add x9, x6, x7                          Mtrap_sig_sv+4
x9 <- 0x0000000080007460

mem[X,0x000000008000237C] -> 0x3C23
mem[X,0x000000008000237E] -> 0x2091
[1787] [M]: 0x000000008000237C (0x20913C23) sd x9, 0x218(x2)                        Mtrap_sig_sv+8
mem[W,0x0000000080006218] <- 0x0000000080007460

clint mtime 0x000000000000037E (mip.MTI <- 0b1, mip.STI <- 0b0)
mem[X,0x0000000080002380] -> 0x3403
mem[X,0x0000000080002382] -> 0x1F81
[1788] [M]: 0x0000000080002380 (0x1F813403) ld x8, 0x1f8(x2)                        Mtrap_sig_sv+12
mem[R,0x00000000800061F8] -> 0x0000000080007210
x8 <- 0x0000000080007210

mem[X,0x0000000080002384] -> 0x0333
mem[X,0x0000000080002386] -> 0x4083
[1789] [M]: 0x0000000080002384 (0x40830333) sub x6, x6, x8                          Mtrap_sig_sv+16
x6 <- 0x0000000000000230

clint mtime 0x000000000000037F (mip.MTI <- 0b1, mip.STI <- 0b0)
mem[X,0x0000000080002388] -> 0x3403
mem[X,0x000000008000238A] -> 0x1F81
[1790] [M]: 0x0000000080002388 (0x1F813403) ld x8, 0x1f8(x2)                        Mtrap_sig_sv+20
mem[R,0x00000000800061F8] -> 0x0000000080007210
x8 <- 0x0000000080007210

mem[X,0x000000008000238C] -> 0x0333
mem[X,0x000000008000238E] -> 0x0083
[1791] [M]: 0x000000008000238C (0x00830333) add x6, x6, x8                          Mtrap_sig_sv+24
x6 <- 0x0000000080007440

clint mtime 0x0000000000000380 (mip.MTI <- 0b1, mip.STI <- 0b0)
mem[X,0x0000000080002390] -> 0x3403
mem[X,0x0000000080002392] -> 0x2401
[1792] [M]: 0x0000000080002390 (0x24013403) ld x8, 0x240(x2)                        Mtrap_sig_sv+28
mem[R,0x0000000080006240] -> 0x0000000080002100
x8 <- 0x0000000080002100

mem[X,0x0000000080002394] -> 0x85B3
mem[X,0x0000000080002396] -> 0x4085
[1793] [M]: 0x0000000080002394 (0x408585B3) sub x11, x11, x8                        sv_Mvect+0
x11 <- 0x000000000000010C

clint mtime 0x0000000000000381 (mip.MTI <- 0b1, mip.STI <- 0b0)
mem[X,0x0000000080002398] -> 0x9593
mem[X,0x000000008000239A] -> 0x0045
[1794] [M]: 0x0000000080002398 (0x00459593) slli x11, x11, 0x4                      sv_Mvect+4
x11 <- 0x00000000000010C0

mem[X,0x000000008000239C] -> 0xE5B3
mem[X,0x000000008000239E] -> 0x0075
[1795] [M]: 0x000000008000239C (0x0075E5B3) or x11, x11, x7                         sv_Mvect+8
x11 <- 0x00000000000010E0

clint mtime 0x0000000000000382 (mip.MTI <- 0b1, mip.STI <- 0b0)
mem[X,0x00000000800023A0] -> 0x8593
mem[X,0x00000000800023A2] -> 0x0035
[1796] [M]: 0x00000000800023A0 (0x00358593) addi x11, x11, 0x3                      sv_Mvect+12
x11 <- 0x00000000000010E3

mem[X,0x00000000800023A4] -> 0x3023
mem[X,0x00000000800023A6] -> 0x00B3
[1797] [M]: 0x00000000800023A4 (0x00B33023) sd x11, 0x0(x6)                         sv_Mvect+16
mem[W,0x0000000080007440] <- 0x00000000000010E3

clint mtime 0x0000000000000383 (mip.MTI <- 0b1, mip.STI <- 0b0)
mem[X,0x00000000800023A8] -> 0x3423
mem[X,0x00000000800023AA] -> 0x00A3
[1798] [M]: 0x00000000800023A8 (0x00A33423) sd x10, 0x8(x6)                         sv_Mcause+0
mem[W,0x0000000080007448] <- 0x0000000000000001

mem[X,0x00000000800023AC] -> 0x4263
mem[X,0x00000000800023AE] -> 0x1A05
[1799] [M]: 0x00000000800023AC (0x1A054263) blt x10, x0, 0x1a4                      sv_Mcause+4

clint mtime 0x0000000000000384 (mip.MTI <- 0b1, mip.STI <- 0b0)
mem[X,0x00000000800023B0] -> 0x25F3
mem[X,0x00000000800023B2] -> 0x3000
[1800] [M]: 0x00000000800023B0 (0x300025F3) csrrs x11, mstatus, x0                  common_Mexcpt_handler+0
CSR mstatus (0x300) -> 0x0000000A00000800
x11 <- 0x0000000A00000800

mem[X,0x00000000800023B4] -> 0x9413
mem[X,0x00000000800023B6] -> 0x02E5
[1801] [M]: 0x00000000800023B4 (0x02E59413) slli x8, x11, 0x2e                      common_Mexcpt_handler+4
x8 <- 0x0200000000000000

clint mtime 0x0000000000000385 (mip.MTI <- 0b1, mip.STI <- 0b0)
mem[X,0x00000000800023B8] -> 0x5463
mem[X,0x00000000800023BA] -> 0x0004
[1802] [M]: 0x00000000800023B8 (0x00045463) bge x8, x0, 0x8                         common_Mexcpt_handler+8

mem[X,0x00000000800023C0] -> 0xD493
mem[X,0x00000000800023C2] -> 0x00B5
[1803] [M]: 0x00000000800023C0 (0x00B5D493) srli x9, x11, 0xb                       common_Mexcpt_handler+16
x9 <- 0x0000000001400001

clint mtime 0x0000000000000386 (mip.MTI <- 0b1, mip.STI <- 0b0)
mem[X,0x00000000800023C4] -> 0xF493
mem[X,0x00000000800023C6] -> 0x0034
[1804] [M]: 0x00000000800023C4 (0x0034F493) andi x9, x9, 0x3                        common_Mexcpt_handler+20
x9 <- 0x0000000000000001

mem[X,0x00000000800023C8] -> 0x8493
mem[X,0x00000000800023CA] -> 0x0014
[1805] [M]: 0x00000000800023C8 (0x00148493) addi x9, x9, 0x1                        common_Mexcpt_handler+24
x9 <- 0x0000000000000002

clint mtime 0x0000000000000387 (mip.MTI <- 0b1, mip.STI <- 0b0)
mem[X,0x00000000800023CC] -> 0xF493
mem[X,0x00000000800023CE] -> 0x0044
[1806] [M]: 0x00000000800023CC (0x0044F493) andi x9, x9, 0x4                        common_Mexcpt_handler+28
x9 <- 0x0000000000000000

mem[X,0x00000000800023D0] -> 0x0593
mem[X,0x00000000800023D2] -> 0x05D0
[1807] [M]: 0x00000000800023D0 (0x05D00593) addi x11, x0, 0x5d                      common_Mexcpt_handler+32
x11 <- 0x000000000000005D

clint mtime 0x0000000000000388 (mip.MTI <- 0b1, mip.STI <- 0b0)
mem[X,0x00000000800023D4] -> 0xD5B3
mem[X,0x00000000800023D6] -> 0x0095
[1808] [M]: 0x00000000800023D4 (0x0095D5B3) srl x11, x11, x9                        common_Mexcpt_handler+36
x11 <- 0x000000000000005D

mem[X,0x00000000800023D8] -> 0xF593
mem[X,0x00000000800023DA] -> 0x0015
[1809] [M]: 0x00000000800023D8 (0x0015F593) andi x11, x11, 0x1                      common_Mexcpt_handler+40
x11 <- 0x0000000000000001

clint mtime 0x0000000000000389 (mip.MTI <- 0b1, mip.STI <- 0b0)
mem[X,0x00000000800023DC] -> 0x8EE3
mem[X,0x00000000800023DE] -> 0xF405
[1810] [M]: 0x00000000800023DC (0xF4058EE3) beq x11, x0, -0xa4                      common_Mexcpt_handler+44

mem[X,0x00000000800023E0] -> 0x0593
mem[X,0x00000000800023E2] -> 0x2980
[1811] [M]: 0x00000000800023E0 (0x29800593) addi x11, x0, 0x298                     common_Mexcpt_handler+48
x11 <- 0x0000000000000298

clint mtime 0x000000000000038A (mip.MTI <- 0b1, mip.STI <- 0b0)
mem[X,0x00000000800023E4] -> 0xF413
mem[X,0x00000000800023E6] -> 0x0014
[1812] [M]: 0x00000000800023E4 (0x0014F413) andi x8, x9, 0x1                        common_Mexcpt_handler+52
x8 <- 0x0000000000000000

mem[X,0x00000000800023E8] -> 0x95B3
mem[X,0x00000000800023EA] -> 0x0085
[1813] [M]: 0x00000000800023E8 (0x008595B3) sll x11, x11, x8                        common_Mexcpt_handler+56
x11 <- 0x0000000000000298

clint mtime 0x000000000000038B (mip.MTI <- 0b1, mip.STI <- 0b0)
mem[X,0x00000000800023EC] -> 0x9413
mem[X,0x00000000800023EE] -> 0x03D4
[1814] [M]: 0x00000000800023EC (0x03D49413) slli x8, x9, 0x3d                       common_Mexcpt_handler+60
x8 <- 0x0000000000000000

mem[X,0x00000000800023F0] -> 0x5413
mem[X,0x00000000800023F2] -> 0x43F4
[1815] [M]: 0x00000000800023F0 (0x43F45413) srai x8, x8, 0x3f                       common_Mexcpt_handler+64
x8 <- 0x0000000000000000

clint mtime 0x000000000000038C (mip.MTI <- 0b1, mip.STI <- 0b0)
mem[X,0x00000000800023F4] -> 0x4413
mem[X,0x00000000800023F6] -> 0xFFF4
[1816] [M]: 0x00000000800023F4 (0xFFF44413) xori x8, x8, -0x1                       common_Mexcpt_handler+68
x8 <- 0xFFFFFFFFFFFFFFFF

mem[X,0x00000000800023F8] -> 0xF4B3
mem[X,0x00000000800023FA] -> 0x0085
[1817] [M]: 0x00000000800023F8 (0x0085F4B3) and x9, x11, x8                         common_Mexcpt_handler+72
x9 <- 0x0000000000000298

clint mtime 0x000000000000038D (mip.MTI <- 0b1, mip.STI <- 0b0)
mem[X,0x00000000800023FC] -> 0x84B3
mem[X,0x00000000800023FE] -> 0x0024
[1818] [M]: 0x00000000800023FC (0x002484B3) add x9, x9, x2                          vmem_adj_Mepc+0
x9 <- 0x0000000080006298

mem[X,0x0000000080002400] -> 0x23F3
mem[X,0x0000000080002402] -> 0x3410
[1819] [M]: 0x0000000080002400 (0x341023F3) csrrs x7, mepc, x0                      vmem_adj_Mepc+4
CSR mepc (0x341) -> 0x0000000080002000
x7 <- 0x0000000080002000

clint mtime 0x000000000000038E (mip.MTI <- 0b1, mip.STI <- 0b0)
mem[X,0x0000000080002404] -> 0x0413
mem[X,0x0000000080002406] -> 0x0004
[1820] [M]: 0x0000000080002404 (0x00040413) addi x8, x8, 0x0                        vmem_adj_Mepc+8
x8 <- 0xFFFFFFFFFFFFFFFF

mem[X,0x0000000080002408] -> 0x006F
mem[X,0x000000008000240A] -> 0x0400
[1821] [M]: 0x0000000080002408 (0x0400006F) jal x0, 0x40                            vmem_adj_Mepc+12

clint mtime 0x000000000000038F (mip.MTI <- 0b1, mip.STI <- 0b0)
mem[X,0x0000000080002448] -> 0x8433
mem[X,0x000000008000244A] -> 0x4083
[1822] [M]: 0x0000000080002448 (0x40838433) sub x8, x7, x8                          adj_Mepc+0
x8 <- 0x0000000080002001

mem[X,0x000000008000244C] -> 0x3823
mem[X,0x000000008000244E] -> 0x0083
[1823] [M]: 0x000000008000244C (0x00833823) sd x8, 0x10(x6)                         sv_Mepc+0
mem[W,0x0000000080007450] <- 0x0000000080002001

clint mtime 0x0000000000000390 (mip.MTI <- 0b1, mip.STI <- 0b0)
mem[X,0x0000000080002450] -> 0x55B7
mem[X,0x0000000080002452] -> 0x0000
[1824] [M]: 0x0000000080002450 (0x000055B7) lui x11, 0x5                            sv_Mepc+4
x11 <- 0x0000000000005000

mem[X,0x0000000080002454] -> 0x8593
mem[X,0x0000000080002456] -> 0x6675
[1825] [M]: 0x0000000080002454 (0x66758593) addi x11, x11, 0x667                    sv_Mepc+8
x11 <- 0x0000000000005667

clint mtime 0x0000000000000391 (mip.MTI <- 0b1, mip.STI <- 0b0)
mem[X,0x0000000080002458] -> 0x9593
mem[X,0x000000008000245A] -> 0x0015
[1826] [M]: 0x0000000080002458 (0x00159593) slli x11, x11, 0x1                      sv_Mepc+12
x11 <- 0x000000000000ACCE

mem[X,0x000000008000245C] -> 0x9063
mem[X,0x000000008000245E] -> 0x02B1
[1827] [M]: 0x000000008000245C (0x02B19063) bne x3, x11, 0x20                       sv_Mepc+16

clint mtime 0x0000000000000392 (mip.MTI <- 0b1, mip.STI <- 0b0)
mem[X,0x0000000080002460] -> 0x2473
mem[X,0x0000000080002462] -> 0x3420
[1828] [M]: 0x0000000080002460 (0x34202473) csrrs x8, mcause, x0                    sv_Mepc+20
CSR mcause (0x342) -> 0x0000000000000001
x8 <- 0x0000000000000001

mem[X,0x0000000080002464] -> 0x0593
mem[X,0x0000000080002466] -> 0x00C0
[1829] [M]: 0x0000000080002464 (0x00C00593) addi x11, x0, 0xc                       sv_Mepc+24
x11 <- 0x000000000000000C

clint mtime 0x0000000000000393 (mip.MTI <- 0b1, mip.STI <- 0b0)
mem[X,0x0000000080002468] -> 0x0663
mem[X,0x000000008000246A] -> 0x00B4
[1830] [M]: 0x0000000080002468 (0x00B40663) beq x8, x11, 0xc                        sv_Mepc+28

mem[X,0x000000008000246C] -> 0x0593
mem[X,0x000000008000246E] -> 0x0010
[1831] [M]: 0x000000008000246C (0x00100593) addi x11, x0, 0x1                       sv_Mepc+32
x11 <- 0x0000000000000001

clint mtime 0x0000000000000394 (mip.MTI <- 0b1, mip.STI <- 0b0)
mem[X,0x0000000080002470] -> 0x1663
mem[X,0x0000000080002472] -> 0x00B4
[1832] [M]: 0x0000000080002470 (0x00B41663) bne x8, x11, 0xc                        sv_Mepc+36

mem[X,0x0000000080002474] -> 0x1073
mem[X,0x0000000080002476] -> 0x3412
[1833] [M]: 0x0000000080002474 (0x34121073) csrrw x0, mepc, x4                      sv_Mepc+40
CSR mepc (0x341) <- 0x0000000080000968

clint mtime 0x0000000000000395 (mip.MTI <- 0b1, mip.STI <- 0b0)
mem[X,0x0000000080002478] -> 0x006F
mem[X,0x000000008000247A] -> 0x0100
[1834] [M]: 0x0000000080002478 (0x0100006F) jal x0, 0x10                            sv_Mepc+44

mem[X,0x0000000080002488] -> 0x23F3
mem[X,0x000000008000248A] -> 0x3430
[1835] [M]: 0x0000000080002488 (0x343023F3) csrrs x7, mtval, x0                     skp_adj_Mepc+0
CSR mtval (0x343) -> 0x0000000080002000
x7 <- 0x0000000080002000

clint mtime 0x0000000000000396 (mip.MTI <- 0b1, mip.STI <- 0b0)
mem[X,0x000000008000248C] -> 0x7513
mem[X,0x000000008000248E] -> 0x00F5
[1836] [M]: 0x000000008000248C (0x00F57513) andi x10, x10, 0xf                      chk_Mtval+0
x10 <- 0x0000000000000001

mem[X,0x0000000080002490] -> 0x0437
mem[X,0x0000000080002492] -> 0x0000
[1837] [M]: 0x0000000080002490 (0x00000437) lui x8, 0x0                             chk_Mtval+4
x8 <- 0x0000000000000000

clint mtime 0x0000000000000397 (mip.MTI <- 0b1, mip.STI <- 0b0)
mem[X,0x0000000080002494] -> 0x0413
mem[X,0x0000000080002496] -> 0x0004
[1838] [M]: 0x0000000080002494 (0x00040413) addi x8, x8, 0x0                        chk_Mtval+8
x8 <- 0x0000000000000000

mem[X,0x0000000080002498] -> 0x1413
mem[X,0x000000008000249A] -> 0x00B4
[1839] [M]: 0x0000000080002498 (0x00B41413) slli x8, x8, 0xb                        chk_Mtval+12
x8 <- 0x0000000000000000

clint mtime 0x0000000000000398 (mip.MTI <- 0b1, mip.STI <- 0b0)
mem[X,0x000000008000249C] -> 0x0413
mem[X,0x000000008000249E] -> 0x0004
[1840] [M]: 0x000000008000249C (0x00040413) addi x8, x8, 0x0                        chk_Mtval+16
x8 <- 0x0000000000000000

mem[X,0x00000000800024A0] -> 0x1413
mem[X,0x00000000800024A2] -> 0x00B4
[1841] [M]: 0x00000000800024A0 (0x00B41413) slli x8, x8, 0xb                        chk_Mtval+20
x8 <- 0x0000000000000000

clint mtime 0x0000000000000399 (mip.MTI <- 0b1, mip.STI <- 0b0)
mem[X,0x00000000800024A4] -> 0x0413
mem[X,0x00000000800024A6] -> 0x02C4
[1842] [M]: 0x00000000800024A4 (0x02C40413) addi x8, x8, 0x2c                       chk_Mtval+24
x8 <- 0x000000000000002C

mem[X,0x00000000800024A8] -> 0x1413
mem[X,0x00000000800024AA] -> 0x00A4
[1843] [M]: 0x00000000800024A8 (0x00A41413) slli x8, x8, 0xa                        chk_Mtval+28
x8 <- 0x000000000000B000

clint mtime 0x000000000000039A (mip.MTI <- 0b1, mip.STI <- 0b0)
mem[X,0x00000000800024AC] -> 0x0413
mem[X,0x00000000800024AE] -> 0x0FB4
[1844] [M]: 0x00000000800024AC (0x0FB40413) addi x8, x8, 0xfb                       chk_Mtval+32
x8 <- 0x000000000000B0FB

mem[X,0x00000000800024B0] -> 0x5433
mem[X,0x00000000800024B2] -> 0x00A4
[1845] [M]: 0x00000000800024B0 (0x00A45433) srl x8, x8, x10                         chk_Mtval+36
x8 <- 0x000000000000587D

clint mtime 0x000000000000039B (mip.MTI <- 0b1, mip.STI <- 0b0)
mem[X,0x00000000800024B4] -> 0x1413
mem[X,0x00000000800024B6] -> 0x03F4
[1846] [M]: 0x00000000800024B4 (0x03F41413) slli x8, x8, 0x3f                       chk_Mtval+40
x8 <- 0x8000000000000000

mem[X,0x00000000800024B8] -> 0x5C63
mem[X,0x00000000800024BA] -> 0x0404
[1847] [M]: 0x00000000800024B8 (0x04045C63) bge x8, x0, 0x58                        chk_Mtval+44

clint mtime 0x000000000000039C (mip.MTI <- 0b1, mip.STI <- 0b0)
mem[X,0x00000000800024BC] -> 0xB403
mem[X,0x00000000800024BE] -> 0x2084
[1848] [M]: 0x00000000800024BC (0x2084B403) ld x8, 0x208(x9)                        vmem_adj_Mtval+0
mem[R,0x00000000800064A0] -> 0x00000000800003B4
x8 <- 0x00000000800003B4

mem[X,0x00000000800024C0] -> 0xB583
mem[X,0x00000000800024C2] -> 0x2104
[1849] [M]: 0x00000000800024C0 (0x2104B583) ld x11, 0x210(x9)                       vmem_adj_Mtval+4
mem[R,0x00000000800064A8] -> 0x0000000000001C60
x11 <- 0x0000000000001C60

clint mtime 0x000000000000039D (mip.MTI <- 0b1, mip.STI <- 0b0)
mem[X,0x00000000800024C4] -> 0x85B3
mem[X,0x00000000800024C6] -> 0x0085
[1850] [M]: 0x00000000800024C4 (0x008585B3) add x11, x11, x8                        vmem_adj_Mtval+8
x11 <- 0x0000000080002014

mem[X,0x00000000800024C8] -> 0xF463
mem[X,0x00000000800024CA] -> 0x00B3
[1851] [M]: 0x00000000800024C8 (0x00B3F463) bgeu x7, x11, 0x8                       vmem_adj_Mtval+12

clint mtime 0x000000000000039E (mip.MTI <- 0b1, mip.STI <- 0b0)
mem[X,0x00000000800024CC] -> 0xF063
mem[X,0x00000000800024CE] -> 0x0483
[1852] [M]: 0x00000000800024CC (0x0483F063) bgeu x7, x8, 0x40                       vmem_adj_Mtval+16

mem[X,0x000000008000250C] -> 0x8433
mem[X,0x000000008000250E] -> 0x4083
[1853] [M]: 0x000000008000250C (0x40838433) sub x8, x7, x8                          adj_Mtval+0
x8 <- 0x0000000000001C4C

clint mtime 0x000000000000039F (mip.MTI <- 0b1, mip.STI <- 0b0)
mem[X,0x0000000080002510] -> 0x3C23
mem[X,0x0000000080002512] -> 0x0083
[1854] [M]: 0x0000000080002510 (0x00833C23) sd x8, 0x18(x6)                         sv_Mtval+0
mem[W,0x0000000080007458] <- 0x0000000000001C4C

mem[X,0x0000000080002514] -> 0x3483
mem[X,0x0000000080002516] -> 0x2181
[1855] [M]: 0x0000000080002514 (0x21813483) ld x9, 0x218(x2)                        skp_Mtval+0
mem[R,0x0000000080006218] -> 0x0000000080007460
x9 <- 0x0000000080007460

clint mtime 0x00000000000003A0 (mip.MTI <- 0b1, mip.STI <- 0b0)
mem[X,0x0000000080002518] -> 0x3383
mem[X,0x000000008000251A] -> 0x1F81
[1856] [M]: 0x0000000080002518 (0x1F813383) ld x7, 0x1f8(x2)                        skp_Mtval+4
mem[R,0x00000000800061F8] -> 0x0000000080007210
x7 <- 0x0000000080007210

mem[X,0x000000008000251C] -> 0x3303
mem[X,0x000000008000251E] -> 0x2001
[1857] [M]: 0x000000008000251C (0x20013303) ld x6, 0x200(x2)                        skp_Mtval+8
mem[R,0x0000000080006200] -> 0x0000000000000920
x6 <- 0x0000000000000920

clint mtime 0x00000000000003A1 (mip.MTI <- 0b1, mip.STI <- 0b0)
mem[X,0x0000000080002520] -> 0x0333
mem[X,0x0000000080002522] -> 0x0073
[1858] [M]: 0x0000000080002520 (0x00730333) add x6, x6, x7                          skp_Mtval+12
x6 <- 0x0000000080007B30

mem[X,0x0000000080002524] -> 0x6CE3
mem[X,0x0000000080002526] -> 0xAE93
[1859] [M]: 0x0000000080002524 (0xAE936CE3) bltu x6, x9, -0x508                     skp_Mtval+16

clint mtime 0x00000000000003A2 (mip.MTI <- 0b1, mip.STI <- 0b0)
mem[X,0x0000000080002528] -> 0x0393
mem[X,0x000000008000252A] -> 0x2000
[1860] [M]: 0x0000000080002528 (0x20000393) addi x7, x0, 0x200                      skp_Mtval+20
x7 <- 0x0000000000000200

mem[X,0x000000008000252C] -> 0x006F
mem[X,0x000000008000252E] -> 0x0400
[1861] [M]: 0x000000008000252C (0x0400006F) jal x0, 0x40                            skp_Mtval+24

clint mtime 0x00000000000003A3 (mip.MTI <- 0b1, mip.STI <- 0b0)
mem[X,0x000000008000256C] -> 0x0417
mem[X,0x000000008000256E] -> 0x0000
[1862] [M]: 0x000000008000256C (0x00000417) auipc x8, 0x0                           spcl_Mhandler+0
x8 <- 0x000000008000256C

mem[X,0x0000000080002570] -> 0x0413
mem[X,0x0000000080002572] -> 0x03C4
[1863] [M]: 0x0000000080002570 (0x03C40413) addi x8, x8, 0x3c                       spcl_Mhandler+4
x8 <- 0x00000000800025A8

clint mtime 0x00000000000003A4 (mip.MTI <- 0b1, mip.STI <- 0b0)
mem[X,0x0000000080002574] -> 0x0433
mem[X,0x0000000080002576] -> 0x0074
[1864] [M]: 0x0000000080002574 (0x00740433) add x8, x8, x7                          spcl_Mhandler+8
x8 <- 0x00000000800027A8

mem[X,0x0000000080002578] -> 0x1393
mem[X,0x000000008000257A] -> 0x0035
[1865] [M]: 0x0000000080002578 (0x00351393) slli x7, x10, 0x3                       spcl_Mhandler+12
x7 <- 0x0000000000000008

clint mtime 0x00000000000003A5 (mip.MTI <- 0b1, mip.STI <- 0b0)
mem[X,0x000000008000257C] -> 0x0433
mem[X,0x000000008000257E] -> 0x0074
[1866] [M]: 0x000000008000257C (0x00740433) add x8, x8, x7                          spcl_Mhandler+16
x8 <- 0x00000000800027B0

mem[X,0x0000000080002580] -> 0x7413
mem[X,0x0000000080002582] -> 0xFF84
[1867] [M]: 0x0000000080002580 (0xFF847413) andi x8, x8, -0x8                       spcl_Mhandler+20
x8 <- 0x00000000800027B0

clint mtime 0x00000000000003A6 (mip.MTI <- 0b1, mip.STI <- 0b0)
mem[X,0x0000000080002584] -> 0x3403
mem[X,0x0000000080002586] -> 0x0004
[1868] [M]: 0x0000000080002584 (0x00043403) ld x8, 0x0(x8)                          spcl_Mhandler+24
mem[R,0x00000000800027B0] -> 0x0000000000000003
x8 <- 0x0000000000000003

mem[X,0x0000000080002588] -> 0x04E3
mem[X,0x000000008000258A] -> 0xB204
[1869] [M]: 0x0000000080002588 (0xB20404E3) beq x8, x0, -0x4d8                      spcl_Mdispatch_hndling+0

clint mtime 0x00000000000003A7 (mip.MTI <- 0b1, mip.STI <- 0b0)
mem[X,0x000000008000258C] -> 0x1393
mem[X,0x000000008000258E] -> 0x03F4
[1870] [M]: 0x000000008000258C (0x03F41393) slli x7, x8, 0x3f                       spcl_Mdispatch_hndling+4
x7 <- 0x8000000000000000

mem[X,0x0000000080002590] -> 0xD863
mem[X,0x0000000080002592] -> 0x0003
[1871] [M]: 0x0000000080002590 (0x0003D863) bge x7, x0, 0x10                        spcl_Mdispatch_hndling+8

clint mtime 0x00000000000003A8 (mip.MTI <- 0b1, mip.STI <- 0b0)
mem[X,0x0000000080002594] -> 0x5413
mem[X,0x0000000080002596] -> 0x0014
[1872] [M]: 0x0000000080002594 (0x00145413) srli x8, x8, 0x1                        spcl_Mdispatch_hndling+12
x8 <- 0x0000000000000001

mem[X,0x0000000080002598] -> 0x0CE3
mem[X,0x000000008000259A] -> 0xF885
[1873] [M]: 0x0000000080002598 (0xF8850CE3) beq x10, x8, -0x68                      spcl_Mdispatch_hndling+16

clint mtime 0x00000000000003A9 (mip.MTI <- 0b1, mip.STI <- 0b0)
mem[X,0x0000000080002530] -> 0x3303
mem[X,0x0000000080002532] -> 0x2601
[1874] [M]: 0x0000000080002530 (0x26013303) ld x6, 0x260(x2)                        resto_Mrtn+0
mem[R,0x0000000080006260] -> 0x0000000000000010
x6 <- 0x0000000000000010

mem[X,0x0000000080002534] -> 0x3383
mem[X,0x0000000080002536] -> 0x2681
[1875] [M]: 0x0000000080002534 (0x26813383) ld x7, 0x268(x2)                        resto_Mrtn+4
mem[R,0x0000000080006268] -> 0x0000000080006000
x7 <- 0x0000000080006000

clint mtime 0x00000000000003AA (mip.MTI <- 0b1, mip.STI <- 0b0)
mem[X,0x0000000080002538] -> 0x3403
mem[X,0x000000008000253A] -> 0x2701
[1876] [M]: 0x0000000080002538 (0x27013403) ld x8, 0x270(x2)                        resto_Mrtn+8
mem[R,0x0000000080006270] -> 0x0000000000007F76
x8 <- 0x0000000000007F76

mem[X,0x000000008000253C] -> 0x3483
mem[X,0x000000008000253E] -> 0x2781
[1877] [M]: 0x000000008000253C (0x27813483) ld x9, 0x278(x2)                        resto_Mrtn+12
mem[R,0x0000000080006278] -> 0x0000000080000794
x9 <- 0x0000000080000794

clint mtime 0x00000000000003AB (mip.MTI <- 0b1, mip.STI <- 0b0)
mem[X,0x0000000080002540] -> 0x3503
mem[X,0x0000000080002542] -> 0x2801
[1878] [M]: 0x0000000080002540 (0x28013503) ld x10, 0x280(x2)                       resto_Mrtn+16
mem[R,0x0000000080006280] -> 0x0000000000000001
x10 <- 0x0000000000000001

mem[X,0x0000000080002544] -> 0x3583
mem[X,0x0000000080002546] -> 0x2881
[1879] [M]: 0x0000000080002544 (0x28813583) ld x11, 0x288(x2)                       resto_Mrtn+20
mem[R,0x0000000080006288] -> 0x0000000000000000
x11 <- 0x0000000000000000

clint mtime 0x00000000000003AC (mip.MTI <- 0b1, mip.STI <- 0b0)
mem[X,0x0000000080002548] -> 0x3103
mem[X,0x000000008000254A] -> 0x2901
[1880] [M]: 0x0000000080002548 (0x29013103) ld x2, 0x290(x2)                        resto_Mrtn+24
mem[R,0x0000000080006290] -> 0x0000000000000000
x2 <- 0x0000000000000000

mem[X,0x000000008000254C] -> 0x0073
mem[X,0x000000008000254E] -> 0x3020
[1881] [M]: 0x000000008000254C (0x30200073) mret                                    resto_Mrtn+28
CSR mstatus (0x300) <- 0x0000000A00000080
ret-ing from M to S

clint mtime 0x00000000000003AD (mip.MTI <- 0b1, mip.STI <- 0b0)
mem[X,0x0000000080000968] -> 0x0013
mem[X,0x000000008000096A] -> 0x0000
[1882] [S]: 0x0000000080000968 (0x00000013) addi x0, x0, 0x0                        main+1416

mem[X,0x000000008000096C] -> 0x0713
mem[X,0x000000008000096E] -> 0x0047
[1883] [S]: 0x000000008000096C (0x00470713) addi x14, x14, 0x4                      main+1420
x14 <- 0x0000000080002004

clint mtime 0x00000000000003AE (mip.MTI <- 0b1, mip.STI <- 0b0)
mem[X,0x0000000080000970] -> 0x0013
mem[X,0x0000000080000972] -> 0x0000
[1884] [S]: 0x0000000080000970 (0x00000013) addi x0, x0, 0x0                        main+1424

mem[X,0x0000000080000974] -> 0x0013
mem[X,0x0000000080000976] -> 0x0000
[1885] [S]: 0x0000000080000974 (0x00000013) addi x0, x0, 0x0                        main+1428

clint mtime 0x00000000000003AF (mip.MTI <- 0b1, mip.STI <- 0b0)
mem[X,0x0000000080000978] -> 0x0013
mem[X,0x000000008000097A] -> 0x0000
[1886] [S]: 0x0000000080000978 (0x00000013) addi x0, x0, 0x0                        main+1432

mem[X,0x000000008000097C] -> 0x0013
mem[X,0x000000008000097E] -> 0x0000
[1887] [S]: 0x000000008000097C (0x00000013) addi x0, x0, 0x0                        main+1436

clint mtime 0x00000000000003B0 (mip.MTI <- 0b1, mip.STI <- 0b0)
mem[X,0x0000000080000980] -> 0x0217
mem[X,0x0000000080000982] -> 0x0000
[1888] [S]: 0x0000000080000980 (0x00000217) auipc x4, 0x0                           main+1440
x4 <- 0x0000000080000980

mem[X,0x0000000080000984] -> 0x0213
mem[X,0x0000000080000986] -> 0x0282
[1889] [S]: 0x0000000080000984 (0x02820213) addi x4, x4, 0x28                       main+1444
x4 <- 0x00000000800009A8

clint mtime 0x00000000000003B1 (mip.MTI <- 0b1, mip.STI <- 0b0)
mem[X,0x0000000080000988] -> 0x0001
[1890] [S]: 0x0000000080000988 (0x0001) c.nop                                       main+1448

mem[X,0x000000008000098A] -> 0x0013
mem[X,0x000000008000098C] -> 0x0000
[1891] [S]: 0x000000008000098A (0x00000013) addi x0, x0, 0x0                        main+1450

clint mtime 0x00000000000003B2 (mip.MTI <- 0b1, mip.STI <- 0b0)
mem[X,0x000000008000098E] -> 0x0013
mem[X,0x0000000080000990] -> 0x0000
[1892] [S]: 0x000000008000098E (0x00000013) addi x0, x0, 0x0                        main+1454

mem[X,0x0000000080000992] -> 0x0013
mem[X,0x0000000080000994] -> 0x0000
[1893] [S]: 0x0000000080000992 (0x00000013) addi x0, x0, 0x0                        main+1458

clint mtime 0x00000000000003B3 (mip.MTI <- 0b1, mip.STI <- 0b0)
mem[X,0x0000000080000996] -> 0x0013
mem[X,0x0000000080000998] -> 0x0000
[1894] [S]: 0x0000000080000996 (0x00000013) addi x0, x0, 0x0                        main+1462

mem[X,0x000000008000099A] -> 0x0013
mem[X,0x000000008000099C] -> 0x0000
[1895] [S]: 0x000000008000099A (0x00000013) addi x0, x0, 0x0                        main+1466

clint mtime 0x00000000000003B4 (mip.MTI <- 0b1, mip.STI <- 0b0)
mem[X,0x000000008000099E] -> 0x0001
[1896] [S]: 0x000000008000099E (0x0001) c.nop                                       main+1470

mem[X,0x00000000800009A0] -> 0x00E7
mem[X,0x00000000800009A2] -> 0x0007
[1897] [S]: 0x00000000800009A0 (0x000700E7) jalr x1, 0x0(x14)                       main+1472
x1 <- 0x00000000800009A4

clint mtime 0x00000000000003B5 (mip.MTI <- 0b1, mip.STI <- 0b0)
mem[X,0x0000000080002004] -> 0x0013
mem[X,0x0000000080002006] -> 0x0000
[1898] [S]: 0x0000000080002004 (0x00000013) addi x0, x0, 0x0                        TEST_FOR_EXECUTION+4

mem[X,0x0000000080002008] -> 0x0013
mem[X,0x000000008000200A] -> 0x0000
[1899] [S]: 0x0000000080002008 (0x00000013) addi x0, x0, 0x0                        RETURN_INSTRUCTION+0

clint mtime 0x00000000000003B6 (mip.MTI <- 0b1, mip.STI <- 0b0)
mem[X,0x000000008000200C] -> 0x0013
mem[X,0x000000008000200E] -> 0x0000
[1900] [S]: 0x000000008000200C (0x00000013) addi x0, x0, 0x0                        RETURN_INSTRUCTION+4

mem[X,0x0000000080002010] -> 0x8067
mem[X,0x0000000080002012] -> 0x0000
[1901] [S]: 0x0000000080002010 (0x00008067) jalr x0, 0x0(x1)                        RETURN_INSTRUCTION+8

clint mtime 0x00000000000003B7 (mip.MTI <- 0b1, mip.STI <- 0b0)
mem[X,0x00000000800009A4] -> 0x0013
mem[X,0x00000000800009A6] -> 0x0000
[1902] [S]: 0x00000000800009A4 (0x00000013) addi x0, x0, 0x0                        main+1476

mem[X,0x00000000800009A8] -> 0x0013
mem[X,0x00000000800009AA] -> 0x0000
[1903] [S]: 0x00000000800009A8 (0x00000013) addi x0, x0, 0x0                        main+1480

clint mtime 0x00000000000003B8 (mip.MTI <- 0b1, mip.STI <- 0b0)
mem[X,0x00000000800009AC] -> 0x0737
mem[X,0x00000000800009AE] -> 0x0000
[1904] [S]: 0x00000000800009AC (0x00000737) lui x14, 0x0                            main+1484
x14 <- 0x0000000000000000

mem[X,0x00000000800009B0] -> 0x0713
mem[X,0x00000000800009B2] -> 0x0137
[1905] [S]: 0x00000000800009B0 (0x01370713) addi x14, x14, 0x13                     main+1488
x14 <- 0x0000000000000013

clint mtime 0x00000000000003B9 (mip.MTI <- 0b1, mip.STI <- 0b0)
mem[X,0x00000000800009B4] -> 0x1713
mem[X,0x00000000800009B6] -> 0x00B7
[1906] [S]: 0x00000000800009B4 (0x00B71713) slli x14, x14, 0xb                      main+1492
x14 <- 0x0000000000009800

mem[X,0x00000000800009B8] -> 0x0713
mem[X,0x00000000800009BA] -> 0x0007
[1907] [S]: 0x00000000800009B8 (0x00070713) addi x14, x14, 0x0                      main+1496
x14 <- 0x0000000000009800

clint mtime 0x00000000000003BA (mip.MTI <- 0b1, mip.STI <- 0b0)
mem[X,0x00000000800009BC] -> 0x1713
mem[X,0x00000000800009BE] -> 0x00B7
[1908] [S]: 0x00000000800009BC (0x00B71713) slli x14, x14, 0xb                      main+1500
x14 <- 0x0000000004C00000

mem[X,0x00000000800009C0] -> 0x0713
mem[X,0x00000000800009C2] -> 0x0007
[1909] [S]: 0x00000000800009C0 (0x00070713) addi x14, x14, 0x0                      main+1504
x14 <- 0x0000000004C00000

clint mtime 0x00000000000003BB (mip.MTI <- 0b1, mip.STI <- 0b0)
mem[X,0x00000000800009C4] -> 0x1713
mem[X,0x00000000800009C6] -> 0x00A7
[1910] [S]: 0x00000000800009C4 (0x00A71713) slli x14, x14, 0xa                      main+1508
x14 <- 0x0000001300000000

mem[X,0x00000000800009C8] -> 0x0713
mem[X,0x00000000800009CA] -> 0x0137
[1911] [S]: 0x00000000800009C8 (0x01370713) addi x14, x14, 0x13                     main+1512
x14 <- 0x0000001300000013

clint mtime 0x00000000000003BC (mip.MTI <- 0b1, mip.STI <- 0b0)
mem[X,0x00000000800009CC] -> 0x0013
mem[X,0x00000000800009CE] -> 0x0000
[1912] [S]: 0x00000000800009CC (0x00000013) addi x0, x0, 0x0                        main+1516

mem[X,0x00000000800009D0] -> 0x0013
mem[X,0x00000000800009D2] -> 0x0000
[1913] [S]: 0x00000000800009D0 (0x00000013) addi x0, x0, 0x0                        main+1520

clint mtime 0x00000000000003BD (mip.MTI <- 0b1, mip.STI <- 0b0)
mem[X,0x00000000800009D4] -> 0x0013
mem[X,0x00000000800009D6] -> 0x0000
[1914] [S]: 0x00000000800009D4 (0x00000013) addi x0, x0, 0x0                        main+1524

mem[X,0x00000000800009D8] -> 0x0013
mem[X,0x00000000800009DA] -> 0x0000
[1915] [S]: 0x00000000800009D8 (0x00000013) addi x0, x0, 0x0                        main+1528

clint mtime 0x00000000000003BE (mip.MTI <- 0b1, mip.STI <- 0b0)
mem[X,0x00000000800009DC] -> 0x0013
mem[X,0x00000000800009DE] -> 0x0000
[1916] [S]: 0x00000000800009DC (0x00000013) addi x0, x0, 0x0                        main+1532

mem[X,0x00000000800009E0] -> 0x1797
mem[X,0x00000000800009E2] -> 0x0000
[1917] [S]: 0x00000000800009E0 (0x00001797) auipc x15, 0x1                          main+1536
x15 <- 0x00000000800019E0

clint mtime 0x00000000000003BF (mip.MTI <- 0b1, mip.STI <- 0b0)
mem[X,0x00000000800009E4] -> 0x8793
mem[X,0x00000000800009E6] -> 0x6207
[1918] [S]: 0x00000000800009E4 (0x62078793) addi x15, x15, 0x620                    main+1540
x15 <- 0x0000000080002000

mem[X,0x00000000800009E8] -> 0x0001
[1919] [S]: 0x00000000800009E8 (0x0001) c.nop                                       main+1544

clint mtime 0x00000000000003C0 (mip.MTI <- 0b1, mip.STI <- 0b0)
mem[X,0x00000000800009EA] -> 0x0013
mem[X,0x00000000800009EC] -> 0x0000
[1920] [S]: 0x00000000800009EA (0x00000013) addi x0, x0, 0x0                        main+1546

mem[X,0x00000000800009EE] -> 0x0013
mem[X,0x00000000800009F0] -> 0x0000
[1921] [S]: 0x00000000800009EE (0x00000013) addi x0, x0, 0x0                        main+1550

clint mtime 0x00000000000003C1 (mip.MTI <- 0b1, mip.STI <- 0b0)
mem[X,0x00000000800009F2] -> 0x0013
mem[X,0x00000000800009F4] -> 0x0000
[1922] [S]: 0x00000000800009F2 (0x00000013) addi x0, x0, 0x0                        main+1554

mem[X,0x00000000800009F6] -> 0x0013
mem[X,0x00000000800009F8] -> 0x0000
[1923] [S]: 0x00000000800009F6 (0x00000013) addi x0, x0, 0x0                        main+1558

clint mtime 0x00000000000003C2 (mip.MTI <- 0b1, mip.STI <- 0b0)
mem[X,0x00000000800009FA] -> 0x0013
mem[X,0x00000000800009FC] -> 0x0000
[1924] [S]: 0x00000000800009FA (0x00000013) addi x0, x0, 0x0                        main+1562

mem[X,0x00000000800009FE] -> 0x0001
[1925] [S]: 0x00000000800009FE (0x0001) c.nop                                       main+1566

clint mtime 0x00000000000003C3 (mip.MTI <- 0b1, mip.STI <- 0b0)
mem[X,0x0000000080000A00] -> 0xA023
mem[X,0x0000000080000A02] -> 0x00E7
[1926] [S]: 0x0000000080000A00 (0x00E7A023) sw x14, 0x0(x15)                        main+1568
trapping from S to M to handle store/amo-access-fault
handling exc#store/amo-access-fault at priv M with tval 0x0000000080002000
CSR mstatus (0x300) <- 0x0000000A00000800
CSR mcause (0x342) <- 0x0000000000000007
CSR mtval (0x343) <- 0x0000000080002000
CSR mepc (0x341) <- 0x0000000080000A00

mem[X,0x0000000080002100] -> 0x006F
mem[X,0x0000000080002102] -> 0x1000
[1927] [M]: 0x0000000080002100 (0x1000006F) jal x0, 0x100                           Mtrampoline+0

clint mtime 0x00000000000003C4 (mip.MTI <- 0b1, mip.STI <- 0b0)
mem[X,0x0000000080002200] -> 0x1173
mem[X,0x0000000080002202] -> 0x3401
[1928] [M]: 0x0000000080002200 (0x34011173) csrrw x2, mscratch, x2                  trap_Mhandler+0
CSR mscratch (0x340) <- 0x0000000000000000
x2 <- 0x0000000080006000

mem[X,0x0000000080002204] -> 0x3423
mem[X,0x0000000080002206] -> 0x28B1
[1929] [M]: 0x0000000080002204 (0x28B13423) sd x11, 0x288(x2)                       trap_Mhandler+4
mem[W,0x0000000080006288] <- 0x0000000000000000

clint mtime 0x00000000000003C5 (mip.MTI <- 0b1, mip.STI <- 0b0)
mem[X,0x0000000080002208] -> 0x05EF
mem[X,0x000000008000220A] -> 0x0B80
[1930] [M]: 0x0000000080002208 (0x0B8005EF) jal x11, 0xb8                           trap_Mhandler+8
x11 <- 0x000000008000220C

mem[X,0x00000000800022C0] -> 0x3023
mem[X,0x00000000800022C2] -> 0x28A1
[1931] [M]: 0x00000000800022C0 (0x28A13023) sd x10, 0x280(x2)                       common_Mhandler+0
mem[W,0x0000000080006280] <- 0x0000000000000001

clint mtime 0x00000000000003C6 (mip.MTI <- 0b1, mip.STI <- 0b0)
mem[X,0x00000000800022C4] -> 0x1573
mem[X,0x00000000800022C6] -> 0x3401
[1932] [M]: 0x00000000800022C4 (0x34011573) csrrw x10, mscratch, x2                 common_Mhandler+4
CSR mscratch (0x340) <- 0x0000000080006000
x10 <- 0x0000000000000000

mem[X,0x00000000800022C8] -> 0x3823
mem[X,0x00000000800022CA] -> 0x28A1
[1933] [M]: 0x00000000800022C8 (0x28A13823) sd x10, 0x290(x2)                       common_Mhandler+8
mem[W,0x0000000080006290] <- 0x0000000000000000

clint mtime 0x00000000000003C7 (mip.MTI <- 0b1, mip.STI <- 0b0)
mem[X,0x00000000800022CC] -> 0x3503
mem[X,0x00000000800022CE] -> 0x2301
[1934] [M]: 0x00000000800022CC (0x23013503) ld x10, 0x230(x2)                       common_Mhandler+12
mem[R,0x0000000080006230] -> 0x00000000800022D4
x10 <- 0x00000000800022D4

mem[X,0x00000000800022D0] -> 0x0067
mem[X,0x00000000800022D2] -> 0x0005
[1935] [M]: 0x00000000800022D0 (0x00050067) jalr x0, 0x0(x10)                       common_Mhandler+16

clint mtime 0x00000000000003C8 (mip.MTI <- 0b1, mip.STI <- 0b0)
mem[X,0x00000000800022D4] -> 0x3C23
mem[X,0x00000000800022D6] -> 0x2691
[1936] [M]: 0x00000000800022D4 (0x26913C23) sd x9, 0x278(x2)                        common_Mentry+0
mem[W,0x0000000080006278] <- 0x0000000080000794

mem[X,0x00000000800022D8] -> 0x3823
mem[X,0x00000000800022DA] -> 0x2681
[1937] [M]: 0x00000000800022D8 (0x26813823) sd x8, 0x270(x2)                        common_Mentry+4
mem[W,0x0000000080006270] <- 0x0000000000007F76

clint mtime 0x00000000000003C9 (mip.MTI <- 0b1, mip.STI <- 0b0)
mem[X,0x00000000800022DC] -> 0x3423
mem[X,0x00000000800022DE] -> 0x2671
[1938] [M]: 0x00000000800022DC (0x26713423) sd x7, 0x268(x2)                        common_Mentry+8
mem[W,0x0000000080006268] <- 0x0000000080006000

mem[X,0x00000000800022E0] -> 0x3023
mem[X,0x00000000800022E2] -> 0x2661
[1939] [M]: 0x00000000800022E0 (0x26613023) sd x6, 0x260(x2)                        common_Mentry+12
mem[W,0x0000000080006260] <- 0x0000000000000010

clint mtime 0x00000000000003CA (mip.MTI <- 0b1, mip.STI <- 0b0)
mem[X,0x00000000800022E4] -> 0x2573
mem[X,0x00000000800022E6] -> 0x3420
[1940] [M]: 0x00000000800022E4 (0x34202573) csrrs x10, mcause, x0                   spcl_M2mmode_test+0
CSR mcause (0x342) -> 0x0000000000000007
x10 <- 0x0000000000000007

mem[X,0x00000000800022E8] -> 0x04B7
mem[X,0x00000000800022EA] -> 0x8000
[1941] [M]: 0x00000000800022E8 (0x800004B7) lui x9, -0x80000                        spcl_M2mmode_test+4
x9 <- 0xFFFFFFFF80000000

clint mtime 0x00000000000003CB (mip.MTI <- 0b1, mip.STI <- 0b0)
mem[X,0x00000000800022EC] -> 0x8493
mem[X,0x00000000800022EE] -> 0x0004
[1942] [M]: 0x00000000800022EC (0x00048493) addi x9, x9, 0x0                        spcl_M2mmode_test+8
x9 <- 0xFFFFFFFF80000000

mem[X,0x00000000800022F0] -> 0x9493
mem[X,0x00000000800022F2] -> 0x00B4
[1943] [M]: 0x00000000800022F0 (0x00B49493) slli x9, x9, 0xb                        spcl_M2mmode_test+12
x9 <- 0xFFFFFC0000000000

clint mtime 0x00000000000003CC (mip.MTI <- 0b1, mip.STI <- 0b0)
mem[X,0x00000000800022F4] -> 0x8493
mem[X,0x00000000800022F6] -> 0x0004
[1944] [M]: 0x00000000800022F4 (0x00048493) addi x9, x9, 0x0                        spcl_M2mmode_test+16
x9 <- 0xFFFFFC0000000000

mem[X,0x00000000800022F8] -> 0x9493
mem[X,0x00000000800022FA] -> 0x00B4
[1945] [M]: 0x00000000800022F8 (0x00B49493) slli x9, x9, 0xb                        spcl_M2mmode_test+20
x9 <- 0xFFE0000000000000

clint mtime 0x00000000000003CD (mip.MTI <- 0b1, mip.STI <- 0b0)
mem[X,0x00000000800022FC] -> 0x8493
mem[X,0x00000000800022FE] -> 0x0034
[1946] [M]: 0x00000000800022FC (0x00348493) addi x9, x9, 0x3                        spcl_M2mmode_test+24
x9 <- 0xFFE0000000000003

mem[X,0x0000000080002300] -> 0x9493
mem[X,0x0000000080002302] -> 0x00A4
[1947] [M]: 0x0000000080002300 (0x00A49493) slli x9, x9, 0xa                        spcl_M2mmode_test+28
x9 <- 0x8000000000000C00

clint mtime 0x00000000000003CE (mip.MTI <- 0b1, mip.STI <- 0b0)
mem[X,0x0000000080002304] -> 0x8493
mem[X,0x0000000080002306] -> 0x3FC4
[1948] [M]: 0x0000000080002304 (0x3FC48493) addi x9, x9, 0x3fc                      spcl_M2mmode_test+32
x9 <- 0x8000000000000FFC

mem[X,0x0000000080002308] -> 0xF4B3
mem[X,0x000000008000230A] -> 0x00A4
[1949] [M]: 0x0000000080002308 (0x00A4F4B3) and x9, x9, x10                         spcl_M2mmode_test+36
x9 <- 0x0000000000000004

clint mtime 0x00000000000003CF (mip.MTI <- 0b1, mip.STI <- 0b0)
mem[X,0x000000008000230C] -> 0x8493
mem[X,0x000000008000230E] -> 0xFF84
[1950] [M]: 0x000000008000230C (0xFF848493) addi x9, x9, -0x8                       spcl_M2mmode_test+40
x9 <- 0xFFFFFFFFFFFFFFFC

mem[X,0x0000000080002310] -> 0x9663
mem[X,0x0000000080002312] -> 0x0004
[1951] [M]: 0x0000000080002310 (0x00049663) bne x9, x0, 0xc                         spcl_M2mmode_test+44

clint mtime 0x00000000000003D0 (mip.MTI <- 0b1, mip.STI <- 0b0)
mem[X,0x000000008000231C] -> 0x0393
mem[X,0x000000008000231E] -> 0x0200
[1952] [M]: 0x000000008000231C (0x02000393) addi x7, x0, 0x20                       Mtrapsig_ptr_upd+0
x7 <- 0x0000000000000020

mem[X,0x0000000080002320] -> 0x5263
mem[X,0x0000000080002322] -> 0x0405
[1953] [M]: 0x0000000080002320 (0x04055263) bge x10, x0, 0x44                       Mtrapsig_ptr_upd+4

clint mtime 0x00000000000003D1 (mip.MTI <- 0b1, mip.STI <- 0b0)
mem[X,0x0000000080002364] -> 0x2373
mem[X,0x0000000080002366] -> 0x3010
[1954] [M]: 0x0000000080002364 (0x30102373) csrrs x6, misa, x0                      Mxcpt_sig_sv+0
CSR misa (0x301) -> 0x800000000034112F
x6 <- 0x800000000034112F

mem[X,0x0000000080002368] -> 0x1313
mem[X,0x000000008000236A] -> 0x0383
[1955] [M]: 0x0000000080002368 (0x03831313) slli x6, x6, 0x38                       Mxcpt_sig_sv+4
x6 <- 0x2F00000000000000

clint mtime 0x00000000000003D2 (mip.MTI <- 0b1, mip.STI <- 0b0)
mem[X,0x000000008000236C] -> 0x5463
mem[X,0x000000008000236E] -> 0x0003
[1956] [M]: 0x000000008000236C (0x00035463) bge x6, x0, 0x8                         Mxcpt_sig_sv+8

mem[X,0x0000000080002374] -> 0x3303
mem[X,0x0000000080002376] -> 0x2181
[1957] [M]: 0x0000000080002374 (0x21813303) ld x6, 0x218(x2)                        Mtrap_sig_sv+0
mem[R,0x0000000080006218] -> 0x0000000080007460
x6 <- 0x0000000080007460

clint mtime 0x00000000000003D3 (mip.MTI <- 0b1, mip.STI <- 0b0)
mem[X,0x0000000080002378] -> 0x04B3
mem[X,0x000000008000237A] -> 0x0073
[1958] [M]: 0x0000000080002378 (0x007304B3) add x9, x6, x7                          Mtrap_sig_sv+4
x9 <- 0x0000000080007480

mem[X,0x000000008000237C] -> 0x3C23
mem[X,0x000000008000237E] -> 0x2091
[1959] [M]: 0x000000008000237C (0x20913C23) sd x9, 0x218(x2)                        Mtrap_sig_sv+8
mem[W,0x0000000080006218] <- 0x0000000080007480

clint mtime 0x00000000000003D4 (mip.MTI <- 0b1, mip.STI <- 0b0)
mem[X,0x0000000080002380] -> 0x3403
mem[X,0x0000000080002382] -> 0x1F81
[1960] [M]: 0x0000000080002380 (0x1F813403) ld x8, 0x1f8(x2)                        Mtrap_sig_sv+12
mem[R,0x00000000800061F8] -> 0x0000000080007210
x8 <- 0x0000000080007210

mem[X,0x0000000080002384] -> 0x0333
mem[X,0x0000000080002386] -> 0x4083
[1961] [M]: 0x0000000080002384 (0x40830333) sub x6, x6, x8                          Mtrap_sig_sv+16
x6 <- 0x0000000000000250

clint mtime 0x00000000000003D5 (mip.MTI <- 0b1, mip.STI <- 0b0)
mem[X,0x0000000080002388] -> 0x3403
mem[X,0x000000008000238A] -> 0x1F81
[1962] [M]: 0x0000000080002388 (0x1F813403) ld x8, 0x1f8(x2)                        Mtrap_sig_sv+20
mem[R,0x00000000800061F8] -> 0x0000000080007210
x8 <- 0x0000000080007210

mem[X,0x000000008000238C] -> 0x0333
mem[X,0x000000008000238E] -> 0x0083
[1963] [M]: 0x000000008000238C (0x00830333) add x6, x6, x8                          Mtrap_sig_sv+24
x6 <- 0x0000000080007460

clint mtime 0x00000000000003D6 (mip.MTI <- 0b1, mip.STI <- 0b0)
mem[X,0x0000000080002390] -> 0x3403
mem[X,0x0000000080002392] -> 0x2401
[1964] [M]: 0x0000000080002390 (0x24013403) ld x8, 0x240(x2)                        Mtrap_sig_sv+28
mem[R,0x0000000080006240] -> 0x0000000080002100
x8 <- 0x0000000080002100

mem[X,0x0000000080002394] -> 0x85B3
mem[X,0x0000000080002396] -> 0x4085
[1965] [M]: 0x0000000080002394 (0x408585B3) sub x11, x11, x8                        sv_Mvect+0
x11 <- 0x000000000000010C

clint mtime 0x00000000000003D7 (mip.MTI <- 0b1, mip.STI <- 0b0)
mem[X,0x0000000080002398] -> 0x9593
mem[X,0x000000008000239A] -> 0x0045
[1966] [M]: 0x0000000080002398 (0x00459593) slli x11, x11, 0x4                      sv_Mvect+4
x11 <- 0x00000000000010C0

mem[X,0x000000008000239C] -> 0xE5B3
mem[X,0x000000008000239E] -> 0x0075
[1967] [M]: 0x000000008000239C (0x0075E5B3) or x11, x11, x7                         sv_Mvect+8
x11 <- 0x00000000000010E0

clint mtime 0x00000000000003D8 (mip.MTI <- 0b1, mip.STI <- 0b0)
mem[X,0x00000000800023A0] -> 0x8593
mem[X,0x00000000800023A2] -> 0x0035
[1968] [M]: 0x00000000800023A0 (0x00358593) addi x11, x11, 0x3                      sv_Mvect+12
x11 <- 0x00000000000010E3

mem[X,0x00000000800023A4] -> 0x3023
mem[X,0x00000000800023A6] -> 0x00B3
[1969] [M]: 0x00000000800023A4 (0x00B33023) sd x11, 0x0(x6)                         sv_Mvect+16
mem[W,0x0000000080007460] <- 0x00000000000010E3

clint mtime 0x00000000000003D9 (mip.MTI <- 0b1, mip.STI <- 0b0)
mem[X,0x00000000800023A8] -> 0x3423
mem[X,0x00000000800023AA] -> 0x00A3
[1970] [M]: 0x00000000800023A8 (0x00A33423) sd x10, 0x8(x6)                         sv_Mcause+0
mem[W,0x0000000080007468] <- 0x0000000000000007

mem[X,0x00000000800023AC] -> 0x4263
mem[X,0x00000000800023AE] -> 0x1A05
[1971] [M]: 0x00000000800023AC (0x1A054263) blt x10, x0, 0x1a4                      sv_Mcause+4

clint mtime 0x00000000000003DA (mip.MTI <- 0b1, mip.STI <- 0b0)
mem[X,0x00000000800023B0] -> 0x25F3
mem[X,0x00000000800023B2] -> 0x3000
[1972] [M]: 0x00000000800023B0 (0x300025F3) csrrs x11, mstatus, x0                  common_Mexcpt_handler+0
CSR mstatus (0x300) -> 0x0000000A00000800
x11 <- 0x0000000A00000800

mem[X,0x00000000800023B4] -> 0x9413
mem[X,0x00000000800023B6] -> 0x02E5
[1973] [M]: 0x00000000800023B4 (0x02E59413) slli x8, x11, 0x2e                      common_Mexcpt_handler+4
x8 <- 0x0200000000000000

clint mtime 0x00000000000003DB (mip.MTI <- 0b1, mip.STI <- 0b0)
mem[X,0x00000000800023B8] -> 0x5463
mem[X,0x00000000800023BA] -> 0x0004
[1974] [M]: 0x00000000800023B8 (0x00045463) bge x8, x0, 0x8                         common_Mexcpt_handler+8

mem[X,0x00000000800023C0] -> 0xD493
mem[X,0x00000000800023C2] -> 0x00B5
[1975] [M]: 0x00000000800023C0 (0x00B5D493) srli x9, x11, 0xb                       common_Mexcpt_handler+16
x9 <- 0x0000000001400001

clint mtime 0x00000000000003DC (mip.MTI <- 0b1, mip.STI <- 0b0)
mem[X,0x00000000800023C4] -> 0xF493
mem[X,0x00000000800023C6] -> 0x0034
[1976] [M]: 0x00000000800023C4 (0x0034F493) andi x9, x9, 0x3                        common_Mexcpt_handler+20
x9 <- 0x0000000000000001

mem[X,0x00000000800023C8] -> 0x8493
mem[X,0x00000000800023CA] -> 0x0014
[1977] [M]: 0x00000000800023C8 (0x00148493) addi x9, x9, 0x1                        common_Mexcpt_handler+24
x9 <- 0x0000000000000002

clint mtime 0x00000000000003DD (mip.MTI <- 0b1, mip.STI <- 0b0)
mem[X,0x00000000800023CC] -> 0xF493
mem[X,0x00000000800023CE] -> 0x0044
[1978] [M]: 0x00000000800023CC (0x0044F493) andi x9, x9, 0x4                        common_Mexcpt_handler+28
x9 <- 0x0000000000000000

mem[X,0x00000000800023D0] -> 0x0593
mem[X,0x00000000800023D2] -> 0x05D0
[1979] [M]: 0x00000000800023D0 (0x05D00593) addi x11, x0, 0x5d                      common_Mexcpt_handler+32
x11 <- 0x000000000000005D

clint mtime 0x00000000000003DE (mip.MTI <- 0b1, mip.STI <- 0b0)
mem[X,0x00000000800023D4] -> 0xD5B3
mem[X,0x00000000800023D6] -> 0x0095
[1980] [M]: 0x00000000800023D4 (0x0095D5B3) srl x11, x11, x9                        common_Mexcpt_handler+36
x11 <- 0x000000000000005D

mem[X,0x00000000800023D8] -> 0xF593
mem[X,0x00000000800023DA] -> 0x0015
[1981] [M]: 0x00000000800023D8 (0x0015F593) andi x11, x11, 0x1                      common_Mexcpt_handler+40
x11 <- 0x0000000000000001

clint mtime 0x00000000000003DF (mip.MTI <- 0b1, mip.STI <- 0b0)
mem[X,0x00000000800023DC] -> 0x8EE3
mem[X,0x00000000800023DE] -> 0xF405
[1982] [M]: 0x00000000800023DC (0xF4058EE3) beq x11, x0, -0xa4                      common_Mexcpt_handler+44

mem[X,0x00000000800023E0] -> 0x0593
mem[X,0x00000000800023E2] -> 0x2980
[1983] [M]: 0x00000000800023E0 (0x29800593) addi x11, x0, 0x298                     common_Mexcpt_handler+48
x11 <- 0x0000000000000298

clint mtime 0x00000000000003E0 (mip.MTI <- 0b1, mip.STI <- 0b0)
mem[X,0x00000000800023E4] -> 0xF413
mem[X,0x00000000800023E6] -> 0x0014
[1984] [M]: 0x00000000800023E4 (0x0014F413) andi x8, x9, 0x1                        common_Mexcpt_handler+52
x8 <- 0x0000000000000000

mem[X,0x00000000800023E8] -> 0x95B3
mem[X,0x00000000800023EA] -> 0x0085
[1985] [M]: 0x00000000800023E8 (0x008595B3) sll x11, x11, x8                        common_Mexcpt_handler+56
x11 <- 0x0000000000000298

clint mtime 0x00000000000003E1 (mip.MTI <- 0b1, mip.STI <- 0b0)
mem[X,0x00000000800023EC] -> 0x9413
mem[X,0x00000000800023EE] -> 0x03D4
[1986] [M]: 0x00000000800023EC (0x03D49413) slli x8, x9, 0x3d                       common_Mexcpt_handler+60
x8 <- 0x0000000000000000

mem[X,0x00000000800023F0] -> 0x5413
mem[X,0x00000000800023F2] -> 0x43F4
[1987] [M]: 0x00000000800023F0 (0x43F45413) srai x8, x8, 0x3f                       common_Mexcpt_handler+64
x8 <- 0x0000000000000000

clint mtime 0x00000000000003E2 (mip.MTI <- 0b1, mip.STI <- 0b0)
mem[X,0x00000000800023F4] -> 0x4413
mem[X,0x00000000800023F6] -> 0xFFF4
[1988] [M]: 0x00000000800023F4 (0xFFF44413) xori x8, x8, -0x1                       common_Mexcpt_handler+68
x8 <- 0xFFFFFFFFFFFFFFFF

mem[X,0x00000000800023F8] -> 0xF4B3
mem[X,0x00000000800023FA] -> 0x0085
[1989] [M]: 0x00000000800023F8 (0x0085F4B3) and x9, x11, x8                         common_Mexcpt_handler+72
x9 <- 0x0000000000000298

clint mtime 0x00000000000003E3 (mip.MTI <- 0b1, mip.STI <- 0b0)
mem[X,0x00000000800023FC] -> 0x84B3
mem[X,0x00000000800023FE] -> 0x0024
[1990] [M]: 0x00000000800023FC (0x002484B3) add x9, x9, x2                          vmem_adj_Mepc+0
x9 <- 0x0000000080006298

mem[X,0x0000000080002400] -> 0x23F3
mem[X,0x0000000080002402] -> 0x3410
[1991] [M]: 0x0000000080002400 (0x341023F3) csrrs x7, mepc, x0                      vmem_adj_Mepc+4
CSR mepc (0x341) -> 0x0000000080000A00
x7 <- 0x0000000080000A00

clint mtime 0x00000000000003E4 (mip.MTI <- 0b1, mip.STI <- 0b0)
mem[X,0x0000000080002404] -> 0x0413
mem[X,0x0000000080002406] -> 0x0004
[1992] [M]: 0x0000000080002404 (0x00040413) addi x8, x8, 0x0                        vmem_adj_Mepc+8
x8 <- 0xFFFFFFFFFFFFFFFF

mem[X,0x0000000080002408] -> 0x006F
mem[X,0x000000008000240A] -> 0x0400
[1993] [M]: 0x0000000080002408 (0x0400006F) jal x0, 0x40                            vmem_adj_Mepc+12

clint mtime 0x00000000000003E5 (mip.MTI <- 0b1, mip.STI <- 0b0)
mem[X,0x0000000080002448] -> 0x8433
mem[X,0x000000008000244A] -> 0x4083
[1994] [M]: 0x0000000080002448 (0x40838433) sub x8, x7, x8                          adj_Mepc+0
x8 <- 0x0000000080000A01

mem[X,0x000000008000244C] -> 0x3823
mem[X,0x000000008000244E] -> 0x0083
[1995] [M]: 0x000000008000244C (0x00833823) sd x8, 0x10(x6)                         sv_Mepc+0
mem[W,0x0000000080007470] <- 0x0000000080000A01

clint mtime 0x00000000000003E6 (mip.MTI <- 0b1, mip.STI <- 0b0)
mem[X,0x0000000080002450] -> 0x55B7
mem[X,0x0000000080002452] -> 0x0000
[1996] [M]: 0x0000000080002450 (0x000055B7) lui x11, 0x5                            sv_Mepc+4
x11 <- 0x0000000000005000

mem[X,0x0000000080002454] -> 0x8593
mem[X,0x0000000080002456] -> 0x6675
[1997] [M]: 0x0000000080002454 (0x66758593) addi x11, x11, 0x667                    sv_Mepc+8
x11 <- 0x0000000000005667

clint mtime 0x00000000000003E7 (mip.MTI <- 0b1, mip.STI <- 0b0)
mem[X,0x0000000080002458] -> 0x9593
mem[X,0x000000008000245A] -> 0x0015
[1998] [M]: 0x0000000080002458 (0x00159593) slli x11, x11, 0x1                      sv_Mepc+12
x11 <- 0x000000000000ACCE

mem[X,0x000000008000245C] -> 0x9063
mem[X,0x000000008000245E] -> 0x02B1
[1999] [M]: 0x000000008000245C (0x02B19063) bne x3, x11, 0x20                       sv_Mepc+16

clint mtime 0x00000000000003E8 (mip.MTI <- 0b1, mip.STI <- 0b0)
mem[X,0x0000000080002460] -> 0x2473
mem[X,0x0000000080002462] -> 0x3420
[2000] [M]: 0x0000000080002460 (0x34202473) csrrs x8, mcause, x0                    sv_Mepc+20
CSR mcause (0x342) -> 0x0000000000000007
x8 <- 0x0000000000000007

mem[X,0x0000000080002464] -> 0x0593
mem[X,0x0000000080002466] -> 0x00C0
[2001] [M]: 0x0000000080002464 (0x00C00593) addi x11, x0, 0xc                       sv_Mepc+24
x11 <- 0x000000000000000C

clint mtime 0x00000000000003E9 (mip.MTI <- 0b1, mip.STI <- 0b0)
mem[X,0x0000000080002468] -> 0x0663
mem[X,0x000000008000246A] -> 0x00B4
[2002] [M]: 0x0000000080002468 (0x00B40663) beq x8, x11, 0xc                        sv_Mepc+28

mem[X,0x000000008000246C] -> 0x0593
mem[X,0x000000008000246E] -> 0x0010
[2003] [M]: 0x000000008000246C (0x00100593) addi x11, x0, 0x1                       sv_Mepc+32
x11 <- 0x0000000000000001

clint mtime 0x00000000000003EA (mip.MTI <- 0b1, mip.STI <- 0b0)
mem[X,0x0000000080002470] -> 0x1663
mem[X,0x0000000080002472] -> 0x00B4
[2004] [M]: 0x0000000080002470 (0x00B41663) bne x8, x11, 0xc                        sv_Mepc+36

mem[X,0x000000008000247C] -> 0xF593
mem[X,0x000000008000247E] -> 0xFFC3
[2005] [M]: 0x000000008000247C (0xFFC3F593) andi x11, x7, -0x4                      adj_Mepc_rtn+0
x11 <- 0x0000000080000A00

clint mtime 0x00000000000003EB (mip.MTI <- 0b1, mip.STI <- 0b0)
mem[X,0x0000000080002480] -> 0x8593
mem[X,0x0000000080002482] -> 0x0085
[2006] [M]: 0x0000000080002480 (0x00858593) addi x11, x11, 0x8                      adj_Mepc_rtn+4
x11 <- 0x0000000080000A08

mem[X,0x0000000080002484] -> 0x9073
mem[X,0x0000000080002486] -> 0x3415
[2007] [M]: 0x0000000080002484 (0x34159073) csrrw x0, mepc, x11                     adj_Mepc_rtn+8
CSR mepc (0x341) <- 0x0000000080000A08

clint mtime 0x00000000000003EC (mip.MTI <- 0b1, mip.STI <- 0b0)
mem[X,0x0000000080002488] -> 0x23F3
mem[X,0x000000008000248A] -> 0x3430
[2008] [M]: 0x0000000080002488 (0x343023F3) csrrs x7, mtval, x0                     skp_adj_Mepc+0
CSR mtval (0x343) -> 0x0000000080002000
x7 <- 0x0000000080002000

mem[X,0x000000008000248C] -> 0x7513
mem[X,0x000000008000248E] -> 0x00F5
[2009] [M]: 0x000000008000248C (0x00F57513) andi x10, x10, 0xf                      chk_Mtval+0
x10 <- 0x0000000000000007

clint mtime 0x00000000000003ED (mip.MTI <- 0b1, mip.STI <- 0b0)
mem[X,0x0000000080002490] -> 0x0437
mem[X,0x0000000080002492] -> 0x0000
[2010] [M]: 0x0000000080002490 (0x00000437) lui x8, 0x0                             chk_Mtval+4
x8 <- 0x0000000000000000

mem[X,0x0000000080002494] -> 0x0413
mem[X,0x0000000080002496] -> 0x0004
[2011] [M]: 0x0000000080002494 (0x00040413) addi x8, x8, 0x0                        chk_Mtval+8
x8 <- 0x0000000000000000

clint mtime 0x00000000000003EE (mip.MTI <- 0b1, mip.STI <- 0b0)
mem[X,0x0000000080002498] -> 0x1413
mem[X,0x000000008000249A] -> 0x00B4
[2012] [M]: 0x0000000080002498 (0x00B41413) slli x8, x8, 0xb                        chk_Mtval+12
x8 <- 0x0000000000000000

mem[X,0x000000008000249C] -> 0x0413
mem[X,0x000000008000249E] -> 0x0004
[2013] [M]: 0x000000008000249C (0x00040413) addi x8, x8, 0x0                        chk_Mtval+16
x8 <- 0x0000000000000000

clint mtime 0x00000000000003EF (mip.MTI <- 0b1, mip.STI <- 0b0)
mem[X,0x00000000800024A0] -> 0x1413
mem[X,0x00000000800024A2] -> 0x00B4
[2014] [M]: 0x00000000800024A0 (0x00B41413) slli x8, x8, 0xb                        chk_Mtval+20
x8 <- 0x0000000000000000

mem[X,0x00000000800024A4] -> 0x0413
mem[X,0x00000000800024A6] -> 0x02C4
[2015] [M]: 0x00000000800024A4 (0x02C40413) addi x8, x8, 0x2c                       chk_Mtval+24
x8 <- 0x000000000000002C

clint mtime 0x00000000000003F0 (mip.MTI <- 0b1, mip.STI <- 0b0)
mem[X,0x00000000800024A8] -> 0x1413
mem[X,0x00000000800024AA] -> 0x00A4
[2016] [M]: 0x00000000800024A8 (0x00A41413) slli x8, x8, 0xa                        chk_Mtval+28
x8 <- 0x000000000000B000

mem[X,0x00000000800024AC] -> 0x0413
mem[X,0x00000000800024AE] -> 0x0FB4
[2017] [M]: 0x00000000800024AC (0x0FB40413) addi x8, x8, 0xfb                       chk_Mtval+32
x8 <- 0x000000000000B0FB

clint mtime 0x00000000000003F1 (mip.MTI <- 0b1, mip.STI <- 0b0)
mem[X,0x00000000800024B0] -> 0x5433
mem[X,0x00000000800024B2] -> 0x00A4
[2018] [M]: 0x00000000800024B0 (0x00A45433) srl x8, x8, x10                         chk_Mtval+36
x8 <- 0x0000000000000161

mem[X,0x00000000800024B4] -> 0x1413
mem[X,0x00000000800024B6] -> 0x03F4
[2019] [M]: 0x00000000800024B4 (0x03F41413) slli x8, x8, 0x3f                       chk_Mtval+40
x8 <- 0x8000000000000000

clint mtime 0x00000000000003F2 (mip.MTI <- 0b1, mip.STI <- 0b0)
mem[X,0x00000000800024B8] -> 0x5C63
mem[X,0x00000000800024BA] -> 0x0404
[2020] [M]: 0x00000000800024B8 (0x04045C63) bge x8, x0, 0x58                        chk_Mtval+44

mem[X,0x00000000800024BC] -> 0xB403
mem[X,0x00000000800024BE] -> 0x2084
[2021] [M]: 0x00000000800024BC (0x2084B403) ld x8, 0x208(x9)                        vmem_adj_Mtval+0
mem[R,0x00000000800064A0] -> 0x00000000800003B4
x8 <- 0x00000000800003B4

clint mtime 0x00000000000003F3 (mip.MTI <- 0b1, mip.STI <- 0b0)
mem[X,0x00000000800024C0] -> 0xB583
mem[X,0x00000000800024C2] -> 0x2104
[2022] [M]: 0x00000000800024C0 (0x2104B583) ld x11, 0x210(x9)                       vmem_adj_Mtval+4
mem[R,0x00000000800064A8] -> 0x0000000000001C60
x11 <- 0x0000000000001C60

mem[X,0x00000000800024C4] -> 0x85B3
mem[X,0x00000000800024C6] -> 0x0085
[2023] [M]: 0x00000000800024C4 (0x008585B3) add x11, x11, x8                        vmem_adj_Mtval+8
x11 <- 0x0000000080002014

clint mtime 0x00000000000003F4 (mip.MTI <- 0b1, mip.STI <- 0b0)
mem[X,0x00000000800024C8] -> 0xF463
mem[X,0x00000000800024CA] -> 0x00B3
[2024] [M]: 0x00000000800024C8 (0x00B3F463) bgeu x7, x11, 0x8                       vmem_adj_Mtval+12

mem[X,0x00000000800024CC] -> 0xF063
mem[X,0x00000000800024CE] -> 0x0483
[2025] [M]: 0x00000000800024CC (0x0483F063) bgeu x7, x8, 0x40                       vmem_adj_Mtval+16

clint mtime 0x00000000000003F5 (mip.MTI <- 0b1, mip.STI <- 0b0)
mem[X,0x000000008000250C] -> 0x8433
mem[X,0x000000008000250E] -> 0x4083
[2026] [M]: 0x000000008000250C (0x40838433) sub x8, x7, x8                          adj_Mtval+0
x8 <- 0x0000000000001C4C

mem[X,0x0000000080002510] -> 0x3C23
mem[X,0x0000000080002512] -> 0x0083
[2027] [M]: 0x0000000080002510 (0x00833C23) sd x8, 0x18(x6)                         sv_Mtval+0
mem[W,0x0000000080007478] <- 0x0000000000001C4C

clint mtime 0x00000000000003F6 (mip.MTI <- 0b1, mip.STI <- 0b0)
mem[X,0x0000000080002514] -> 0x3483
mem[X,0x0000000080002516] -> 0x2181
[2028] [M]: 0x0000000080002514 (0x21813483) ld x9, 0x218(x2)                        skp_Mtval+0
mem[R,0x0000000080006218] -> 0x0000000080007480
x9 <- 0x0000000080007480

mem[X,0x0000000080002518] -> 0x3383
mem[X,0x000000008000251A] -> 0x1F81
[2029] [M]: 0x0000000080002518 (0x1F813383) ld x7, 0x1f8(x2)                        skp_Mtval+4
mem[R,0x00000000800061F8] -> 0x0000000080007210
x7 <- 0x0000000080007210

clint mtime 0x00000000000003F7 (mip.MTI <- 0b1, mip.STI <- 0b0)
mem[X,0x000000008000251C] -> 0x3303
mem[X,0x000000008000251E] -> 0x2001
[2030] [M]: 0x000000008000251C (0x20013303) ld x6, 0x200(x2)                        skp_Mtval+8
mem[R,0x0000000080006200] -> 0x0000000000000920
x6 <- 0x0000000000000920

mem[X,0x0000000080002520] -> 0x0333
mem[X,0x0000000080002522] -> 0x0073
[2031] [M]: 0x0000000080002520 (0x00730333) add x6, x6, x7                          skp_Mtval+12
x6 <- 0x0000000080007B30

clint mtime 0x00000000000003F8 (mip.MTI <- 0b1, mip.STI <- 0b0)
mem[X,0x0000000080002524] -> 0x6CE3
mem[X,0x0000000080002526] -> 0xAE93
[2032] [M]: 0x0000000080002524 (0xAE936CE3) bltu x6, x9, -0x508                     skp_Mtval+16

mem[X,0x0000000080002528] -> 0x0393
mem[X,0x000000008000252A] -> 0x2000
[2033] [M]: 0x0000000080002528 (0x20000393) addi x7, x0, 0x200                      skp_Mtval+20
x7 <- 0x0000000000000200

clint mtime 0x00000000000003F9 (mip.MTI <- 0b1, mip.STI <- 0b0)
mem[X,0x000000008000252C] -> 0x006F
mem[X,0x000000008000252E] -> 0x0400
[2034] [M]: 0x000000008000252C (0x0400006F) jal x0, 0x40                            skp_Mtval+24

mem[X,0x000000008000256C] -> 0x0417
mem[X,0x000000008000256E] -> 0x0000
[2035] [M]: 0x000000008000256C (0x00000417) auipc x8, 0x0                           spcl_Mhandler+0
x8 <- 0x000000008000256C

clint mtime 0x00000000000003FA (mip.MTI <- 0b1, mip.STI <- 0b0)
mem[X,0x0000000080002570] -> 0x0413
mem[X,0x0000000080002572] -> 0x03C4
[2036] [M]: 0x0000000080002570 (0x03C40413) addi x8, x8, 0x3c                       spcl_Mhandler+4
x8 <- 0x00000000800025A8

mem[X,0x0000000080002574] -> 0x0433
mem[X,0x0000000080002576] -> 0x0074
[2037] [M]: 0x0000000080002574 (0x00740433) add x8, x8, x7                          spcl_Mhandler+8
x8 <- 0x00000000800027A8

clint mtime 0x00000000000003FB (mip.MTI <- 0b1, mip.STI <- 0b0)
mem[X,0x0000000080002578] -> 0x1393
mem[X,0x000000008000257A] -> 0x0035
[2038] [M]: 0x0000000080002578 (0x00351393) slli x7, x10, 0x3                       spcl_Mhandler+12
x7 <- 0x0000000000000038

mem[X,0x000000008000257C] -> 0x0433
mem[X,0x000000008000257E] -> 0x0074
[2039] [M]: 0x000000008000257C (0x00740433) add x8, x8, x7                          spcl_Mhandler+16
x8 <- 0x00000000800027E0

clint mtime 0x00000000000003FC (mip.MTI <- 0b1, mip.STI <- 0b0)
mem[X,0x0000000080002580] -> 0x7413
mem[X,0x0000000080002582] -> 0xFF84
[2040] [M]: 0x0000000080002580 (0xFF847413) andi x8, x8, -0x8                       spcl_Mhandler+20
x8 <- 0x00000000800027E0

mem[X,0x0000000080002584] -> 0x3403
mem[X,0x0000000080002586] -> 0x0004
[2041] [M]: 0x0000000080002584 (0x00043403) ld x8, 0x0(x8)                          spcl_Mhandler+24
mem[R,0x00000000800027E0] -> 0x000000000000000F
x8 <- 0x000000000000000F

clint mtime 0x00000000000003FD (mip.MTI <- 0b1, mip.STI <- 0b0)
mem[X,0x0000000080002588] -> 0x04E3
mem[X,0x000000008000258A] -> 0xB204
[2042] [M]: 0x0000000080002588 (0xB20404E3) beq x8, x0, -0x4d8                      spcl_Mdispatch_hndling+0

mem[X,0x000000008000258C] -> 0x1393
mem[X,0x000000008000258E] -> 0x03F4
[2043] [M]: 0x000000008000258C (0x03F41393) slli x7, x8, 0x3f                       spcl_Mdispatch_hndling+4
x7 <- 0x8000000000000000

clint mtime 0x00000000000003FE (mip.MTI <- 0b1, mip.STI <- 0b0)
mem[X,0x0000000080002590] -> 0xD863
mem[X,0x0000000080002592] -> 0x0003
[2044] [M]: 0x0000000080002590 (0x0003D863) bge x7, x0, 0x10                        spcl_Mdispatch_hndling+8

mem[X,0x0000000080002594] -> 0x5413
mem[X,0x0000000080002596] -> 0x0014
[2045] [M]: 0x0000000080002594 (0x00145413) srli x8, x8, 0x1                        spcl_Mdispatch_hndling+12
x8 <- 0x0000000000000007

clint mtime 0x00000000000003FF (mip.MTI <- 0b1, mip.STI <- 0b0)
mem[X,0x0000000080002598] -> 0x0CE3
mem[X,0x000000008000259A] -> 0xF885
[2046] [M]: 0x0000000080002598 (0xF8850CE3) beq x10, x8, -0x68                      spcl_Mdispatch_hndling+16

mem[X,0x0000000080002530] -> 0x3303
mem[X,0x0000000080002532] -> 0x2601
[2047] [M]: 0x0000000080002530 (0x26013303) ld x6, 0x260(x2)                        resto_Mrtn+0
mem[R,0x0000000080006260] -> 0x0000000000000010
x6 <- 0x0000000000000010

clint mtime 0x0000000000000400 (mip.MTI <- 0b1, mip.STI <- 0b0)
mem[X,0x0000000080002534] -> 0x3383
mem[X,0x0000000080002536] -> 0x2681
[2048] [M]: 0x0000000080002534 (0x26813383) ld x7, 0x268(x2)                        resto_Mrtn+4
mem[R,0x0000000080006268] -> 0x0000000080006000
x7 <- 0x0000000080006000

mem[X,0x0000000080002538] -> 0x3403
mem[X,0x000000008000253A] -> 0x2701
[2049] [M]: 0x0000000080002538 (0x27013403) ld x8, 0x270(x2)                        resto_Mrtn+8
mem[R,0x0000000080006270] -> 0x0000000000007F76
x8 <- 0x0000000000007F76

clint mtime 0x0000000000000401 (mip.MTI <- 0b1, mip.STI <- 0b0)
mem[X,0x000000008000253C] -> 0x3483
mem[X,0x000000008000253E] -> 0x2781
[2050] [M]: 0x000000008000253C (0x27813483) ld x9, 0x278(x2)                        resto_Mrtn+12
mem[R,0x0000000080006278] -> 0x0000000080000794
x9 <- 0x0000000080000794

mem[X,0x0000000080002540] -> 0x3503
mem[X,0x0000000080002542] -> 0x2801
[2051] [M]: 0x0000000080002540 (0x28013503) ld x10, 0x280(x2)                       resto_Mrtn+16
mem[R,0x0000000080006280] -> 0x0000000000000001
x10 <- 0x0000000000000001

clint mtime 0x0000000000000402 (mip.MTI <- 0b1, mip.STI <- 0b0)
mem[X,0x0000000080002544] -> 0x3583
mem[X,0x0000000080002546] -> 0x2881
[2052] [M]: 0x0000000080002544 (0x28813583) ld x11, 0x288(x2)                       resto_Mrtn+20
mem[R,0x0000000080006288] -> 0x0000000000000000
x11 <- 0x0000000000000000

mem[X,0x0000000080002548] -> 0x3103
mem[X,0x000000008000254A] -> 0x2901
[2053] [M]: 0x0000000080002548 (0x29013103) ld x2, 0x290(x2)                        resto_Mrtn+24
mem[R,0x0000000080006290] -> 0x0000000000000000
x2 <- 0x0000000000000000

clint mtime 0x0000000000000403 (mip.MTI <- 0b1, mip.STI <- 0b0)
mem[X,0x000000008000254C] -> 0x0073
mem[X,0x000000008000254E] -> 0x3020
[2054] [M]: 0x000000008000254C (0x30200073) mret                                    resto_Mrtn+28
CSR mstatus (0x300) <- 0x0000000A00000080
ret-ing from M to S

mem[X,0x0000000080000A08] -> 0x8793
mem[X,0x0000000080000A0A] -> 0xFFC7
[2055] [S]: 0x0000000080000A08 (0xFFC78793) addi x15, x15, -0x4                     main+1576
x15 <- 0x0000000080001FFC

clint mtime 0x0000000000000404 (mip.MTI <- 0b1, mip.STI <- 0b0)
mem[X,0x0000000080000A0C] -> 0xA023
mem[X,0x0000000080000A0E] -> 0x00E7
[2056] [S]: 0x0000000080000A0C (0x00E7A023) sw x14, 0x0(x15)                        main+1580
mem[W,0x0000000080001FFC] <- 0x00000013

mem[X,0x0000000080000A10] -> 0x0013
mem[X,0x0000000080000A12] -> 0x0000
[2057] [S]: 0x0000000080000A10 (0x00000013) addi x0, x0, 0x0                        main+1584

clint mtime 0x0000000000000405 (mip.MTI <- 0b1, mip.STI <- 0b0)
mem[X,0x0000000080000A14] -> 0x8793
mem[X,0x0000000080000A16] -> 0x0087
[2058] [S]: 0x0000000080000A14 (0x00878793) addi x15, x15, 0x8                      main+1588
x15 <- 0x0000000080002004

mem[X,0x0000000080000A18] -> 0xA023
mem[X,0x0000000080000A1A] -> 0x00E7
[2059] [S]: 0x0000000080000A18 (0x00E7A023) sw x14, 0x0(x15)                        main+1592
mem[W,0x0000000080002004] <- 0x00000013

clint mtime 0x0000000000000406 (mip.MTI <- 0b1, mip.STI <- 0b0)
mem[X,0x0000000080000A1C] -> 0x0013
mem[X,0x0000000080000A1E] -> 0x0000
[2060] [S]: 0x0000000080000A1C (0x00000013) addi x0, x0, 0x0                        main+1596

mem[X,0x0000000080000A20] -> 0x0293
mem[X,0x0000000080000A22] -> 0xFFC0
[2061] [S]: 0x0000000080000A20 (0xFFC00293) addi x5, x0, -0x4                       main+1600
x5 <- 0xFFFFFFFFFFFFFFFC

clint mtime 0x0000000000000407 (mip.MTI <- 0b1, mip.STI <- 0b0)
mem[X,0x0000000080000A24] -> 0x87B3
mem[X,0x0000000080000A26] -> 0x0057
[2062] [S]: 0x0000000080000A24 (0x005787B3) add x15, x15, x5                        main+1604
x15 <- 0x0000000080002000

mem[X,0x0000000080000A28] -> 0xA023
mem[X,0x0000000080000A2A] -> 0x00E7
[2063] [S]: 0x0000000080000A28 (0x00E7A023) sw x14, 0x0(x15)                        main+1608
trapping from S to M to handle store/amo-access-fault
handling exc#store/amo-access-fault at priv M with tval 0x0000000080002000
CSR mstatus (0x300) <- 0x0000000A00000800
CSR mcause (0x342) <- 0x0000000000000007
CSR mtval (0x343) <- 0x0000000080002000
CSR mepc (0x341) <- 0x0000000080000A28

clint mtime 0x0000000000000408 (mip.MTI <- 0b1, mip.STI <- 0b0)
mem[X,0x0000000080002100] -> 0x006F
mem[X,0x0000000080002102] -> 0x1000
[2064] [M]: 0x0000000080002100 (0x1000006F) jal x0, 0x100                           Mtrampoline+0

mem[X,0x0000000080002200] -> 0x1173
mem[X,0x0000000080002202] -> 0x3401
[2065] [M]: 0x0000000080002200 (0x34011173) csrrw x2, mscratch, x2                  trap_Mhandler+0
CSR mscratch (0x340) <- 0x0000000000000000
x2 <- 0x0000000080006000

clint mtime 0x0000000000000409 (mip.MTI <- 0b1, mip.STI <- 0b0)
mem[X,0x0000000080002204] -> 0x3423
mem[X,0x0000000080002206] -> 0x28B1
[2066] [M]: 0x0000000080002204 (0x28B13423) sd x11, 0x288(x2)                       trap_Mhandler+4
mem[W,0x0000000080006288] <- 0x0000000000000000

mem[X,0x0000000080002208] -> 0x05EF
mem[X,0x000000008000220A] -> 0x0B80
[2067] [M]: 0x0000000080002208 (0x0B8005EF) jal x11, 0xb8                           trap_Mhandler+8
x11 <- 0x000000008000220C

clint mtime 0x000000000000040A (mip.MTI <- 0b1, mip.STI <- 0b0)
mem[X,0x00000000800022C0] -> 0x3023
mem[X,0x00000000800022C2] -> 0x28A1
[2068] [M]: 0x00000000800022C0 (0x28A13023) sd x10, 0x280(x2)                       common_Mhandler+0
mem[W,0x0000000080006280] <- 0x0000000000000001

mem[X,0x00000000800022C4] -> 0x1573
mem[X,0x00000000800022C6] -> 0x3401
[2069] [M]: 0x00000000800022C4 (0x34011573) csrrw x10, mscratch, x2                 common_Mhandler+4
CSR mscratch (0x340) <- 0x0000000080006000
x10 <- 0x0000000000000000

clint mtime 0x000000000000040B (mip.MTI <- 0b1, mip.STI <- 0b0)
mem[X,0x00000000800022C8] -> 0x3823
mem[X,0x00000000800022CA] -> 0x28A1
[2070] [M]: 0x00000000800022C8 (0x28A13823) sd x10, 0x290(x2)                       common_Mhandler+8
mem[W,0x0000000080006290] <- 0x0000000000000000

mem[X,0x00000000800022CC] -> 0x3503
mem[X,0x00000000800022CE] -> 0x2301
[2071] [M]: 0x00000000800022CC (0x23013503) ld x10, 0x230(x2)                       common_Mhandler+12
mem[R,0x0000000080006230] -> 0x00000000800022D4
x10 <- 0x00000000800022D4

clint mtime 0x000000000000040C (mip.MTI <- 0b1, mip.STI <- 0b0)
mem[X,0x00000000800022D0] -> 0x0067
mem[X,0x00000000800022D2] -> 0x0005
[2072] [M]: 0x00000000800022D0 (0x00050067) jalr x0, 0x0(x10)                       common_Mhandler+16

mem[X,0x00000000800022D4] -> 0x3C23
mem[X,0x00000000800022D6] -> 0x2691
[2073] [M]: 0x00000000800022D4 (0x26913C23) sd x9, 0x278(x2)                        common_Mentry+0
mem[W,0x0000000080006278] <- 0x0000000080000794

clint mtime 0x000000000000040D (mip.MTI <- 0b1, mip.STI <- 0b0)
mem[X,0x00000000800022D8] -> 0x3823
mem[X,0x00000000800022DA] -> 0x2681
[2074] [M]: 0x00000000800022D8 (0x26813823) sd x8, 0x270(x2)                        common_Mentry+4
mem[W,0x0000000080006270] <- 0x0000000000007F76

mem[X,0x00000000800022DC] -> 0x3423
mem[X,0x00000000800022DE] -> 0x2671
[2075] [M]: 0x00000000800022DC (0x26713423) sd x7, 0x268(x2)                        common_Mentry+8
mem[W,0x0000000080006268] <- 0x0000000080006000

clint mtime 0x000000000000040E (mip.MTI <- 0b1, mip.STI <- 0b0)
mem[X,0x00000000800022E0] -> 0x3023
mem[X,0x00000000800022E2] -> 0x2661
[2076] [M]: 0x00000000800022E0 (0x26613023) sd x6, 0x260(x2)                        common_Mentry+12
mem[W,0x0000000080006260] <- 0x0000000000000010

mem[X,0x00000000800022E4] -> 0x2573
mem[X,0x00000000800022E6] -> 0x3420
[2077] [M]: 0x00000000800022E4 (0x34202573) csrrs x10, mcause, x0                   spcl_M2mmode_test+0
CSR mcause (0x342) -> 0x0000000000000007
x10 <- 0x0000000000000007

clint mtime 0x000000000000040F (mip.MTI <- 0b1, mip.STI <- 0b0)
mem[X,0x00000000800022E8] -> 0x04B7
mem[X,0x00000000800022EA] -> 0x8000
[2078] [M]: 0x00000000800022E8 (0x800004B7) lui x9, -0x80000                        spcl_M2mmode_test+4
x9 <- 0xFFFFFFFF80000000

mem[X,0x00000000800022EC] -> 0x8493
mem[X,0x00000000800022EE] -> 0x0004
[2079] [M]: 0x00000000800022EC (0x00048493) addi x9, x9, 0x0                        spcl_M2mmode_test+8
x9 <- 0xFFFFFFFF80000000

clint mtime 0x0000000000000410 (mip.MTI <- 0b1, mip.STI <- 0b0)
mem[X,0x00000000800022F0] -> 0x9493
mem[X,0x00000000800022F2] -> 0x00B4
[2080] [M]: 0x00000000800022F0 (0x00B49493) slli x9, x9, 0xb                        spcl_M2mmode_test+12
x9 <- 0xFFFFFC0000000000

mem[X,0x00000000800022F4] -> 0x8493
mem[X,0x00000000800022F6] -> 0x0004
[2081] [M]: 0x00000000800022F4 (0x00048493) addi x9, x9, 0x0                        spcl_M2mmode_test+16
x9 <- 0xFFFFFC0000000000

clint mtime 0x0000000000000411 (mip.MTI <- 0b1, mip.STI <- 0b0)
mem[X,0x00000000800022F8] -> 0x9493
mem[X,0x00000000800022FA] -> 0x00B4
[2082] [M]: 0x00000000800022F8 (0x00B49493) slli x9, x9, 0xb                        spcl_M2mmode_test+20
x9 <- 0xFFE0000000000000

mem[X,0x00000000800022FC] -> 0x8493
mem[X,0x00000000800022FE] -> 0x0034
[2083] [M]: 0x00000000800022FC (0x00348493) addi x9, x9, 0x3                        spcl_M2mmode_test+24
x9 <- 0xFFE0000000000003

clint mtime 0x0000000000000412 (mip.MTI <- 0b1, mip.STI <- 0b0)
mem[X,0x0000000080002300] -> 0x9493
mem[X,0x0000000080002302] -> 0x00A4
[2084] [M]: 0x0000000080002300 (0x00A49493) slli x9, x9, 0xa                        spcl_M2mmode_test+28
x9 <- 0x8000000000000C00

mem[X,0x0000000080002304] -> 0x8493
mem[X,0x0000000080002306] -> 0x3FC4
[2085] [M]: 0x0000000080002304 (0x3FC48493) addi x9, x9, 0x3fc                      spcl_M2mmode_test+32
x9 <- 0x8000000000000FFC

clint mtime 0x0000000000000413 (mip.MTI <- 0b1, mip.STI <- 0b0)
mem[X,0x0000000080002308] -> 0xF4B3
mem[X,0x000000008000230A] -> 0x00A4
[2086] [M]: 0x0000000080002308 (0x00A4F4B3) and x9, x9, x10                         spcl_M2mmode_test+36
x9 <- 0x0000000000000004

mem[X,0x000000008000230C] -> 0x8493
mem[X,0x000000008000230E] -> 0xFF84
[2087] [M]: 0x000000008000230C (0xFF848493) addi x9, x9, -0x8                       spcl_M2mmode_test+40
x9 <- 0xFFFFFFFFFFFFFFFC

clint mtime 0x0000000000000414 (mip.MTI <- 0b1, mip.STI <- 0b0)
mem[X,0x0000000080002310] -> 0x9663
mem[X,0x0000000080002312] -> 0x0004
[2088] [M]: 0x0000000080002310 (0x00049663) bne x9, x0, 0xc                         spcl_M2mmode_test+44

mem[X,0x000000008000231C] -> 0x0393
mem[X,0x000000008000231E] -> 0x0200
[2089] [M]: 0x000000008000231C (0x02000393) addi x7, x0, 0x20                       Mtrapsig_ptr_upd+0
x7 <- 0x0000000000000020

clint mtime 0x0000000000000415 (mip.MTI <- 0b1, mip.STI <- 0b0)
mem[X,0x0000000080002320] -> 0x5263
mem[X,0x0000000080002322] -> 0x0405
[2090] [M]: 0x0000000080002320 (0x04055263) bge x10, x0, 0x44                       Mtrapsig_ptr_upd+4

mem[X,0x0000000080002364] -> 0x2373
mem[X,0x0000000080002366] -> 0x3010
[2091] [M]: 0x0000000080002364 (0x30102373) csrrs x6, misa, x0                      Mxcpt_sig_sv+0
CSR misa (0x301) -> 0x800000000034112F
x6 <- 0x800000000034112F

clint mtime 0x0000000000000416 (mip.MTI <- 0b1, mip.STI <- 0b0)
mem[X,0x0000000080002368] -> 0x1313
mem[X,0x000000008000236A] -> 0x0383
[2092] [M]: 0x0000000080002368 (0x03831313) slli x6, x6, 0x38                       Mxcpt_sig_sv+4
x6 <- 0x2F00000000000000

mem[X,0x000000008000236C] -> 0x5463
mem[X,0x000000008000236E] -> 0x0003
[2093] [M]: 0x000000008000236C (0x00035463) bge x6, x0, 0x8                         Mxcpt_sig_sv+8

clint mtime 0x0000000000000417 (mip.MTI <- 0b1, mip.STI <- 0b0)
mem[X,0x0000000080002374] -> 0x3303
mem[X,0x0000000080002376] -> 0x2181
[2094] [M]: 0x0000000080002374 (0x21813303) ld x6, 0x218(x2)                        Mtrap_sig_sv+0
mem[R,0x0000000080006218] -> 0x0000000080007480
x6 <- 0x0000000080007480

mem[X,0x0000000080002378] -> 0x04B3
mem[X,0x000000008000237A] -> 0x0073
[2095] [M]: 0x0000000080002378 (0x007304B3) add x9, x6, x7                          Mtrap_sig_sv+4
x9 <- 0x00000000800074A0

clint mtime 0x0000000000000418 (mip.MTI <- 0b1, mip.STI <- 0b0)
mem[X,0x000000008000237C] -> 0x3C23
mem[X,0x000000008000237E] -> 0x2091
[2096] [M]: 0x000000008000237C (0x20913C23) sd x9, 0x218(x2)                        Mtrap_sig_sv+8
mem[W,0x0000000080006218] <- 0x00000000800074A0

mem[X,0x0000000080002380] -> 0x3403
mem[X,0x0000000080002382] -> 0x1F81
[2097] [M]: 0x0000000080002380 (0x1F813403) ld x8, 0x1f8(x2)                        Mtrap_sig_sv+12
mem[R,0x00000000800061F8] -> 0x0000000080007210
x8 <- 0x0000000080007210

clint mtime 0x0000000000000419 (mip.MTI <- 0b1, mip.STI <- 0b0)
mem[X,0x0000000080002384] -> 0x0333
mem[X,0x0000000080002386] -> 0x4083
[2098] [M]: 0x0000000080002384 (0x40830333) sub x6, x6, x8                          Mtrap_sig_sv+16
x6 <- 0x0000000000000270

mem[X,0x0000000080002388] -> 0x3403
mem[X,0x000000008000238A] -> 0x1F81
[2099] [M]: 0x0000000080002388 (0x1F813403) ld x8, 0x1f8(x2)                        Mtrap_sig_sv+20
mem[R,0x00000000800061F8] -> 0x0000000080007210
x8 <- 0x0000000080007210

clint mtime 0x000000000000041A (mip.MTI <- 0b1, mip.STI <- 0b0)
mem[X,0x000000008000238C] -> 0x0333
mem[X,0x000000008000238E] -> 0x0083
[2100] [M]: 0x000000008000238C (0x00830333) add x6, x6, x8                          Mtrap_sig_sv+24
x6 <- 0x0000000080007480

mem[X,0x0000000080002390] -> 0x3403
mem[X,0x0000000080002392] -> 0x2401
[2101] [M]: 0x0000000080002390 (0x24013403) ld x8, 0x240(x2)                        Mtrap_sig_sv+28
mem[R,0x0000000080006240] -> 0x0000000080002100
x8 <- 0x0000000080002100

clint mtime 0x000000000000041B (mip.MTI <- 0b1, mip.STI <- 0b0)
mem[X,0x0000000080002394] -> 0x85B3
mem[X,0x0000000080002396] -> 0x4085
[2102] [M]: 0x0000000080002394 (0x408585B3) sub x11, x11, x8                        sv_Mvect+0
x11 <- 0x000000000000010C

mem[X,0x0000000080002398] -> 0x9593
mem[X,0x000000008000239A] -> 0x0045
[2103] [M]: 0x0000000080002398 (0x00459593) slli x11, x11, 0x4                      sv_Mvect+4
x11 <- 0x00000000000010C0

clint mtime 0x000000000000041C (mip.MTI <- 0b1, mip.STI <- 0b0)
mem[X,0x000000008000239C] -> 0xE5B3
mem[X,0x000000008000239E] -> 0x0075
[2104] [M]: 0x000000008000239C (0x0075E5B3) or x11, x11, x7                         sv_Mvect+8
x11 <- 0x00000000000010E0

mem[X,0x00000000800023A0] -> 0x8593
mem[X,0x00000000800023A2] -> 0x0035
[2105] [M]: 0x00000000800023A0 (0x00358593) addi x11, x11, 0x3                      sv_Mvect+12
x11 <- 0x00000000000010E3

clint mtime 0x000000000000041D (mip.MTI <- 0b1, mip.STI <- 0b0)
mem[X,0x00000000800023A4] -> 0x3023
mem[X,0x00000000800023A6] -> 0x00B3
[2106] [M]: 0x00000000800023A4 (0x00B33023) sd x11, 0x0(x6)                         sv_Mvect+16
mem[W,0x0000000080007480] <- 0x00000000000010E3

mem[X,0x00000000800023A8] -> 0x3423
mem[X,0x00000000800023AA] -> 0x00A3
[2107] [M]: 0x00000000800023A8 (0x00A33423) sd x10, 0x8(x6)                         sv_Mcause+0
mem[W,0x0000000080007488] <- 0x0000000000000007

clint mtime 0x000000000000041E (mip.MTI <- 0b1, mip.STI <- 0b0)
mem[X,0x00000000800023AC] -> 0x4263
mem[X,0x00000000800023AE] -> 0x1A05
[2108] [M]: 0x00000000800023AC (0x1A054263) blt x10, x0, 0x1a4                      sv_Mcause+4

mem[X,0x00000000800023B0] -> 0x25F3
mem[X,0x00000000800023B2] -> 0x3000
[2109] [M]: 0x00000000800023B0 (0x300025F3) csrrs x11, mstatus, x0                  common_Mexcpt_handler+0
CSR mstatus (0x300) -> 0x0000000A00000800
x11 <- 0x0000000A00000800

clint mtime 0x000000000000041F (mip.MTI <- 0b1, mip.STI <- 0b0)
mem[X,0x00000000800023B4] -> 0x9413
mem[X,0x00000000800023B6] -> 0x02E5
[2110] [M]: 0x00000000800023B4 (0x02E59413) slli x8, x11, 0x2e                      common_Mexcpt_handler+4
x8 <- 0x0200000000000000

mem[X,0x00000000800023B8] -> 0x5463
mem[X,0x00000000800023BA] -> 0x0004
[2111] [M]: 0x00000000800023B8 (0x00045463) bge x8, x0, 0x8                         common_Mexcpt_handler+8

clint mtime 0x0000000000000420 (mip.MTI <- 0b1, mip.STI <- 0b0)
mem[X,0x00000000800023C0] -> 0xD493
mem[X,0x00000000800023C2] -> 0x00B5
[2112] [M]: 0x00000000800023C0 (0x00B5D493) srli x9, x11, 0xb                       common_Mexcpt_handler+16
x9 <- 0x0000000001400001

mem[X,0x00000000800023C4] -> 0xF493
mem[X,0x00000000800023C6] -> 0x0034
[2113] [M]: 0x00000000800023C4 (0x0034F493) andi x9, x9, 0x3                        common_Mexcpt_handler+20
x9 <- 0x0000000000000001

clint mtime 0x0000000000000421 (mip.MTI <- 0b1, mip.STI <- 0b0)
mem[X,0x00000000800023C8] -> 0x8493
mem[X,0x00000000800023CA] -> 0x0014
[2114] [M]: 0x00000000800023C8 (0x00148493) addi x9, x9, 0x1                        common_Mexcpt_handler+24
x9 <- 0x0000000000000002

mem[X,0x00000000800023CC] -> 0xF493
mem[X,0x00000000800023CE] -> 0x0044
[2115] [M]: 0x00000000800023CC (0x0044F493) andi x9, x9, 0x4                        common_Mexcpt_handler+28
x9 <- 0x0000000000000000

clint mtime 0x0000000000000422 (mip.MTI <- 0b1, mip.STI <- 0b0)
mem[X,0x00000000800023D0] -> 0x0593
mem[X,0x00000000800023D2] -> 0x05D0
[2116] [M]: 0x00000000800023D0 (0x05D00593) addi x11, x0, 0x5d                      common_Mexcpt_handler+32
x11 <- 0x000000000000005D

mem[X,0x00000000800023D4] -> 0xD5B3
mem[X,0x00000000800023D6] -> 0x0095
[2117] [M]: 0x00000000800023D4 (0x0095D5B3) srl x11, x11, x9                        common_Mexcpt_handler+36
x11 <- 0x000000000000005D

clint mtime 0x0000000000000423 (mip.MTI <- 0b1, mip.STI <- 0b0)
mem[X,0x00000000800023D8] -> 0xF593
mem[X,0x00000000800023DA] -> 0x0015
[2118] [M]: 0x00000000800023D8 (0x0015F593) andi x11, x11, 0x1                      common_Mexcpt_handler+40
x11 <- 0x0000000000000001

mem[X,0x00000000800023DC] -> 0x8EE3
mem[X,0x00000000800023DE] -> 0xF405
[2119] [M]: 0x00000000800023DC (0xF4058EE3) beq x11, x0, -0xa4                      common_Mexcpt_handler+44

clint mtime 0x0000000000000424 (mip.MTI <- 0b1, mip.STI <- 0b0)
mem[X,0x00000000800023E0] -> 0x0593
mem[X,0x00000000800023E2] -> 0x2980
[2120] [M]: 0x00000000800023E0 (0x29800593) addi x11, x0, 0x298                     common_Mexcpt_handler+48
x11 <- 0x0000000000000298

mem[X,0x00000000800023E4] -> 0xF413
mem[X,0x00000000800023E6] -> 0x0014
[2121] [M]: 0x00000000800023E4 (0x0014F413) andi x8, x9, 0x1                        common_Mexcpt_handler+52
x8 <- 0x0000000000000000

clint mtime 0x0000000000000425 (mip.MTI <- 0b1, mip.STI <- 0b0)
mem[X,0x00000000800023E8] -> 0x95B3
mem[X,0x00000000800023EA] -> 0x0085
[2122] [M]: 0x00000000800023E8 (0x008595B3) sll x11, x11, x8                        common_Mexcpt_handler+56
x11 <- 0x0000000000000298

mem[X,0x00000000800023EC] -> 0x9413
mem[X,0x00000000800023EE] -> 0x03D4
[2123] [M]: 0x00000000800023EC (0x03D49413) slli x8, x9, 0x3d                       common_Mexcpt_handler+60
x8 <- 0x0000000000000000

clint mtime 0x0000000000000426 (mip.MTI <- 0b1, mip.STI <- 0b0)
mem[X,0x00000000800023F0] -> 0x5413
mem[X,0x00000000800023F2] -> 0x43F4
[2124] [M]: 0x00000000800023F0 (0x43F45413) srai x8, x8, 0x3f                       common_Mexcpt_handler+64
x8 <- 0x0000000000000000

mem[X,0x00000000800023F4] -> 0x4413
mem[X,0x00000000800023F6] -> 0xFFF4
[2125] [M]: 0x00000000800023F4 (0xFFF44413) xori x8, x8, -0x1                       common_Mexcpt_handler+68
x8 <- 0xFFFFFFFFFFFFFFFF

clint mtime 0x0000000000000427 (mip.MTI <- 0b1, mip.STI <- 0b0)
mem[X,0x00000000800023F8] -> 0xF4B3
mem[X,0x00000000800023FA] -> 0x0085
[2126] [M]: 0x00000000800023F8 (0x0085F4B3) and x9, x11, x8                         common_Mexcpt_handler+72
x9 <- 0x0000000000000298

mem[X,0x00000000800023FC] -> 0x84B3
mem[X,0x00000000800023FE] -> 0x0024
[2127] [M]: 0x00000000800023FC (0x002484B3) add x9, x9, x2                          vmem_adj_Mepc+0
x9 <- 0x0000000080006298

clint mtime 0x0000000000000428 (mip.MTI <- 0b1, mip.STI <- 0b0)
mem[X,0x0000000080002400] -> 0x23F3
mem[X,0x0000000080002402] -> 0x3410
[2128] [M]: 0x0000000080002400 (0x341023F3) csrrs x7, mepc, x0                      vmem_adj_Mepc+4
CSR mepc (0x341) -> 0x0000000080000A28
x7 <- 0x0000000080000A28

mem[X,0x0000000080002404] -> 0x0413
mem[X,0x0000000080002406] -> 0x0004
[2129] [M]: 0x0000000080002404 (0x00040413) addi x8, x8, 0x0                        vmem_adj_Mepc+8
x8 <- 0xFFFFFFFFFFFFFFFF

clint mtime 0x0000000000000429 (mip.MTI <- 0b1, mip.STI <- 0b0)
mem[X,0x0000000080002408] -> 0x006F
mem[X,0x000000008000240A] -> 0x0400
[2130] [M]: 0x0000000080002408 (0x0400006F) jal x0, 0x40                            vmem_adj_Mepc+12

mem[X,0x0000000080002448] -> 0x8433
mem[X,0x000000008000244A] -> 0x4083
[2131] [M]: 0x0000000080002448 (0x40838433) sub x8, x7, x8                          adj_Mepc+0
x8 <- 0x0000000080000A29

clint mtime 0x000000000000042A (mip.MTI <- 0b1, mip.STI <- 0b0)
mem[X,0x000000008000244C] -> 0x3823
mem[X,0x000000008000244E] -> 0x0083
[2132] [M]: 0x000000008000244C (0x00833823) sd x8, 0x10(x6)                         sv_Mepc+0
mem[W,0x0000000080007490] <- 0x0000000080000A29

mem[X,0x0000000080002450] -> 0x55B7
mem[X,0x0000000080002452] -> 0x0000
[2133] [M]: 0x0000000080002450 (0x000055B7) lui x11, 0x5                            sv_Mepc+4
x11 <- 0x0000000000005000

clint mtime 0x000000000000042B (mip.MTI <- 0b1, mip.STI <- 0b0)
mem[X,0x0000000080002454] -> 0x8593
mem[X,0x0000000080002456] -> 0x6675
[2134] [M]: 0x0000000080002454 (0x66758593) addi x11, x11, 0x667                    sv_Mepc+8
x11 <- 0x0000000000005667

mem[X,0x0000000080002458] -> 0x9593
mem[X,0x000000008000245A] -> 0x0015
[2135] [M]: 0x0000000080002458 (0x00159593) slli x11, x11, 0x1                      sv_Mepc+12
x11 <- 0x000000000000ACCE

clint mtime 0x000000000000042C (mip.MTI <- 0b1, mip.STI <- 0b0)
mem[X,0x000000008000245C] -> 0x9063
mem[X,0x000000008000245E] -> 0x02B1
[2136] [M]: 0x000000008000245C (0x02B19063) bne x3, x11, 0x20                       sv_Mepc+16

mem[X,0x0000000080002460] -> 0x2473
mem[X,0x0000000080002462] -> 0x3420
[2137] [M]: 0x0000000080002460 (0x34202473) csrrs x8, mcause, x0                    sv_Mepc+20
CSR mcause (0x342) -> 0x0000000000000007
x8 <- 0x0000000000000007

clint mtime 0x000000000000042D (mip.MTI <- 0b1, mip.STI <- 0b0)
mem[X,0x0000000080002464] -> 0x0593
mem[X,0x0000000080002466] -> 0x00C0
[2138] [M]: 0x0000000080002464 (0x00C00593) addi x11, x0, 0xc                       sv_Mepc+24
x11 <- 0x000000000000000C

mem[X,0x0000000080002468] -> 0x0663
mem[X,0x000000008000246A] -> 0x00B4
[2139] [M]: 0x0000000080002468 (0x00B40663) beq x8, x11, 0xc                        sv_Mepc+28

clint mtime 0x000000000000042E (mip.MTI <- 0b1, mip.STI <- 0b0)
mem[X,0x000000008000246C] -> 0x0593
mem[X,0x000000008000246E] -> 0x0010
[2140] [M]: 0x000000008000246C (0x00100593) addi x11, x0, 0x1                       sv_Mepc+32
x11 <- 0x0000000000000001

mem[X,0x0000000080002470] -> 0x1663
mem[X,0x0000000080002472] -> 0x00B4
[2141] [M]: 0x0000000080002470 (0x00B41663) bne x8, x11, 0xc                        sv_Mepc+36

clint mtime 0x000000000000042F (mip.MTI <- 0b1, mip.STI <- 0b0)
mem[X,0x000000008000247C] -> 0xF593
mem[X,0x000000008000247E] -> 0xFFC3
[2142] [M]: 0x000000008000247C (0xFFC3F593) andi x11, x7, -0x4                      adj_Mepc_rtn+0
x11 <- 0x0000000080000A28

mem[X,0x0000000080002480] -> 0x8593
mem[X,0x0000000080002482] -> 0x0085
[2143] [M]: 0x0000000080002480 (0x00858593) addi x11, x11, 0x8                      adj_Mepc_rtn+4
x11 <- 0x0000000080000A30

clint mtime 0x0000000000000430 (mip.MTI <- 0b1, mip.STI <- 0b0)
mem[X,0x0000000080002484] -> 0x9073
mem[X,0x0000000080002486] -> 0x3415
[2144] [M]: 0x0000000080002484 (0x34159073) csrrw x0, mepc, x11                     adj_Mepc_rtn+8
CSR mepc (0x341) <- 0x0000000080000A30

mem[X,0x0000000080002488] -> 0x23F3
mem[X,0x000000008000248A] -> 0x3430
[2145] [M]: 0x0000000080002488 (0x343023F3) csrrs x7, mtval, x0                     skp_adj_Mepc+0
CSR mtval (0x343) -> 0x0000000080002000
x7 <- 0x0000000080002000

clint mtime 0x0000000000000431 (mip.MTI <- 0b1, mip.STI <- 0b0)
mem[X,0x000000008000248C] -> 0x7513
mem[X,0x000000008000248E] -> 0x00F5
[2146] [M]: 0x000000008000248C (0x00F57513) andi x10, x10, 0xf                      chk_Mtval+0
x10 <- 0x0000000000000007

mem[X,0x0000000080002490] -> 0x0437
mem[X,0x0000000080002492] -> 0x0000
[2147] [M]: 0x0000000080002490 (0x00000437) lui x8, 0x0                             chk_Mtval+4
x8 <- 0x0000000000000000

clint mtime 0x0000000000000432 (mip.MTI <- 0b1, mip.STI <- 0b0)
mem[X,0x0000000080002494] -> 0x0413
mem[X,0x0000000080002496] -> 0x0004
[2148] [M]: 0x0000000080002494 (0x00040413) addi x8, x8, 0x0                        chk_Mtval+8
x8 <- 0x0000000000000000

mem[X,0x0000000080002498] -> 0x1413
mem[X,0x000000008000249A] -> 0x00B4
[2149] [M]: 0x0000000080002498 (0x00B41413) slli x8, x8, 0xb                        chk_Mtval+12
x8 <- 0x0000000000000000

clint mtime 0x0000000000000433 (mip.MTI <- 0b1, mip.STI <- 0b0)
mem[X,0x000000008000249C] -> 0x0413
mem[X,0x000000008000249E] -> 0x0004
[2150] [M]: 0x000000008000249C (0x00040413) addi x8, x8, 0x0                        chk_Mtval+16
x8 <- 0x0000000000000000

mem[X,0x00000000800024A0] -> 0x1413
mem[X,0x00000000800024A2] -> 0x00B4
[2151] [M]: 0x00000000800024A0 (0x00B41413) slli x8, x8, 0xb                        chk_Mtval+20
x8 <- 0x0000000000000000

clint mtime 0x0000000000000434 (mip.MTI <- 0b1, mip.STI <- 0b0)
mem[X,0x00000000800024A4] -> 0x0413
mem[X,0x00000000800024A6] -> 0x02C4
[2152] [M]: 0x00000000800024A4 (0x02C40413) addi x8, x8, 0x2c                       chk_Mtval+24
x8 <- 0x000000000000002C

mem[X,0x00000000800024A8] -> 0x1413
mem[X,0x00000000800024AA] -> 0x00A4
[2153] [M]: 0x00000000800024A8 (0x00A41413) slli x8, x8, 0xa                        chk_Mtval+28
x8 <- 0x000000000000B000

clint mtime 0x0000000000000435 (mip.MTI <- 0b1, mip.STI <- 0b0)
mem[X,0x00000000800024AC] -> 0x0413
mem[X,0x00000000800024AE] -> 0x0FB4
[2154] [M]: 0x00000000800024AC (0x0FB40413) addi x8, x8, 0xfb                       chk_Mtval+32
x8 <- 0x000000000000B0FB

mem[X,0x00000000800024B0] -> 0x5433
mem[X,0x00000000800024B2] -> 0x00A4
[2155] [M]: 0x00000000800024B0 (0x00A45433) srl x8, x8, x10                         chk_Mtval+36
x8 <- 0x0000000000000161

clint mtime 0x0000000000000436 (mip.MTI <- 0b1, mip.STI <- 0b0)
mem[X,0x00000000800024B4] -> 0x1413
mem[X,0x00000000800024B6] -> 0x03F4
[2156] [M]: 0x00000000800024B4 (0x03F41413) slli x8, x8, 0x3f                       chk_Mtval+40
x8 <- 0x8000000000000000

mem[X,0x00000000800024B8] -> 0x5C63
mem[X,0x00000000800024BA] -> 0x0404
[2157] [M]: 0x00000000800024B8 (0x04045C63) bge x8, x0, 0x58                        chk_Mtval+44

clint mtime 0x0000000000000437 (mip.MTI <- 0b1, mip.STI <- 0b0)
mem[X,0x00000000800024BC] -> 0xB403
mem[X,0x00000000800024BE] -> 0x2084
[2158] [M]: 0x00000000800024BC (0x2084B403) ld x8, 0x208(x9)                        vmem_adj_Mtval+0
mem[R,0x00000000800064A0] -> 0x00000000800003B4
x8 <- 0x00000000800003B4

mem[X,0x00000000800024C0] -> 0xB583
mem[X,0x00000000800024C2] -> 0x2104
[2159] [M]: 0x00000000800024C0 (0x2104B583) ld x11, 0x210(x9)                       vmem_adj_Mtval+4
mem[R,0x00000000800064A8] -> 0x0000000000001C60
x11 <- 0x0000000000001C60

clint mtime 0x0000000000000438 (mip.MTI <- 0b1, mip.STI <- 0b0)
mem[X,0x00000000800024C4] -> 0x85B3
mem[X,0x00000000800024C6] -> 0x0085
[2160] [M]: 0x00000000800024C4 (0x008585B3) add x11, x11, x8                        vmem_adj_Mtval+8
x11 <- 0x0000000080002014

mem[X,0x00000000800024C8] -> 0xF463
mem[X,0x00000000800024CA] -> 0x00B3
[2161] [M]: 0x00000000800024C8 (0x00B3F463) bgeu x7, x11, 0x8                       vmem_adj_Mtval+12

clint mtime 0x0000000000000439 (mip.MTI <- 0b1, mip.STI <- 0b0)
mem[X,0x00000000800024CC] -> 0xF063
mem[X,0x00000000800024CE] -> 0x0483
[2162] [M]: 0x00000000800024CC (0x0483F063) bgeu x7, x8, 0x40                       vmem_adj_Mtval+16

mem[X,0x000000008000250C] -> 0x8433
mem[X,0x000000008000250E] -> 0x4083
[2163] [M]: 0x000000008000250C (0x40838433) sub x8, x7, x8                          adj_Mtval+0
x8 <- 0x0000000000001C4C

clint mtime 0x000000000000043A (mip.MTI <- 0b1, mip.STI <- 0b0)
mem[X,0x0000000080002510] -> 0x3C23
mem[X,0x0000000080002512] -> 0x0083
[2164] [M]: 0x0000000080002510 (0x00833C23) sd x8, 0x18(x6)                         sv_Mtval+0
mem[W,0x0000000080007498] <- 0x0000000000001C4C

mem[X,0x0000000080002514] -> 0x3483
mem[X,0x0000000080002516] -> 0x2181
[2165] [M]: 0x0000000080002514 (0x21813483) ld x9, 0x218(x2)                        skp_Mtval+0
mem[R,0x0000000080006218] -> 0x00000000800074A0
x9 <- 0x00000000800074A0

clint mtime 0x000000000000043B (mip.MTI <- 0b1, mip.STI <- 0b0)
mem[X,0x0000000080002518] -> 0x3383
mem[X,0x000000008000251A] -> 0x1F81
[2166] [M]: 0x0000000080002518 (0x1F813383) ld x7, 0x1f8(x2)                        skp_Mtval+4
mem[R,0x00000000800061F8] -> 0x0000000080007210
x7 <- 0x0000000080007210

mem[X,0x000000008000251C] -> 0x3303
mem[X,0x000000008000251E] -> 0x2001
[2167] [M]: 0x000000008000251C (0x20013303) ld x6, 0x200(x2)                        skp_Mtval+8
mem[R,0x0000000080006200] -> 0x0000000000000920
x6 <- 0x0000000000000920

clint mtime 0x000000000000043C (mip.MTI <- 0b1, mip.STI <- 0b0)
mem[X,0x0000000080002520] -> 0x0333
mem[X,0x0000000080002522] -> 0x0073
[2168] [M]: 0x0000000080002520 (0x00730333) add x6, x6, x7                          skp_Mtval+12
x6 <- 0x0000000080007B30

mem[X,0x0000000080002524] -> 0x6CE3
mem[X,0x0000000080002526] -> 0xAE93
[2169] [M]: 0x0000000080002524 (0xAE936CE3) bltu x6, x9, -0x508                     skp_Mtval+16

clint mtime 0x000000000000043D (mip.MTI <- 0b1, mip.STI <- 0b0)
mem[X,0x0000000080002528] -> 0x0393
mem[X,0x000000008000252A] -> 0x2000
[2170] [M]: 0x0000000080002528 (0x20000393) addi x7, x0, 0x200                      skp_Mtval+20
x7 <- 0x0000000000000200

mem[X,0x000000008000252C] -> 0x006F
mem[X,0x000000008000252E] -> 0x0400
[2171] [M]: 0x000000008000252C (0x0400006F) jal x0, 0x40                            skp_Mtval+24

clint mtime 0x000000000000043E (mip.MTI <- 0b1, mip.STI <- 0b0)
mem[X,0x000000008000256C] -> 0x0417
mem[X,0x000000008000256E] -> 0x0000
[2172] [M]: 0x000000008000256C (0x00000417) auipc x8, 0x0                           spcl_Mhandler+0
x8 <- 0x000000008000256C

mem[X,0x0000000080002570] -> 0x0413
mem[X,0x0000000080002572] -> 0x03C4
[2173] [M]: 0x0000000080002570 (0x03C40413) addi x8, x8, 0x3c                       spcl_Mhandler+4
x8 <- 0x00000000800025A8

clint mtime 0x000000000000043F (mip.MTI <- 0b1, mip.STI <- 0b0)
mem[X,0x0000000080002574] -> 0x0433
mem[X,0x0000000080002576] -> 0x0074
[2174] [M]: 0x0000000080002574 (0x00740433) add x8, x8, x7                          spcl_Mhandler+8
x8 <- 0x00000000800027A8

mem[X,0x0000000080002578] -> 0x1393
mem[X,0x000000008000257A] -> 0x0035
[2175] [M]: 0x0000000080002578 (0x00351393) slli x7, x10, 0x3                       spcl_Mhandler+12
x7 <- 0x0000000000000038

clint mtime 0x0000000000000440 (mip.MTI <- 0b1, mip.STI <- 0b0)
mem[X,0x000000008000257C] -> 0x0433
mem[X,0x000000008000257E] -> 0x0074
[2176] [M]: 0x000000008000257C (0x00740433) add x8, x8, x7                          spcl_Mhandler+16
x8 <- 0x00000000800027E0

mem[X,0x0000000080002580] -> 0x7413
mem[X,0x0000000080002582] -> 0xFF84
[2177] [M]: 0x0000000080002580 (0xFF847413) andi x8, x8, -0x8                       spcl_Mhandler+20
x8 <- 0x00000000800027E0

clint mtime 0x0000000000000441 (mip.MTI <- 0b1, mip.STI <- 0b0)
mem[X,0x0000000080002584] -> 0x3403
mem[X,0x0000000080002586] -> 0x0004
[2178] [M]: 0x0000000080002584 (0x00043403) ld x8, 0x0(x8)                          spcl_Mhandler+24
mem[R,0x00000000800027E0] -> 0x000000000000000F
x8 <- 0x000000000000000F

mem[X,0x0000000080002588] -> 0x04E3
mem[X,0x000000008000258A] -> 0xB204
[2179] [M]: 0x0000000080002588 (0xB20404E3) beq x8, x0, -0x4d8                      spcl_Mdispatch_hndling+0

clint mtime 0x0000000000000442 (mip.MTI <- 0b1, mip.STI <- 0b0)
mem[X,0x000000008000258C] -> 0x1393
mem[X,0x000000008000258E] -> 0x03F4
[2180] [M]: 0x000000008000258C (0x03F41393) slli x7, x8, 0x3f                       spcl_Mdispatch_hndling+4
x7 <- 0x8000000000000000

mem[X,0x0000000080002590] -> 0xD863
mem[X,0x0000000080002592] -> 0x0003
[2181] [M]: 0x0000000080002590 (0x0003D863) bge x7, x0, 0x10                        spcl_Mdispatch_hndling+8

clint mtime 0x0000000000000443 (mip.MTI <- 0b1, mip.STI <- 0b0)
mem[X,0x0000000080002594] -> 0x5413
mem[X,0x0000000080002596] -> 0x0014
[2182] [M]: 0x0000000080002594 (0x00145413) srli x8, x8, 0x1                        spcl_Mdispatch_hndling+12
x8 <- 0x0000000000000007

mem[X,0x0000000080002598] -> 0x0CE3
mem[X,0x000000008000259A] -> 0xF885
[2183] [M]: 0x0000000080002598 (0xF8850CE3) beq x10, x8, -0x68                      spcl_Mdispatch_hndling+16

clint mtime 0x0000000000000444 (mip.MTI <- 0b1, mip.STI <- 0b0)
mem[X,0x0000000080002530] -> 0x3303
mem[X,0x0000000080002532] -> 0x2601
[2184] [M]: 0x0000000080002530 (0x26013303) ld x6, 0x260(x2)                        resto_Mrtn+0
mem[R,0x0000000080006260] -> 0x0000000000000010
x6 <- 0x0000000000000010

mem[X,0x0000000080002534] -> 0x3383
mem[X,0x0000000080002536] -> 0x2681
[2185] [M]: 0x0000000080002534 (0x26813383) ld x7, 0x268(x2)                        resto_Mrtn+4
mem[R,0x0000000080006268] -> 0x0000000080006000
x7 <- 0x0000000080006000

clint mtime 0x0000000000000445 (mip.MTI <- 0b1, mip.STI <- 0b0)
mem[X,0x0000000080002538] -> 0x3403
mem[X,0x000000008000253A] -> 0x2701
[2186] [M]: 0x0000000080002538 (0x27013403) ld x8, 0x270(x2)                        resto_Mrtn+8
mem[R,0x0000000080006270] -> 0x0000000000007F76
x8 <- 0x0000000000007F76

mem[X,0x000000008000253C] -> 0x3483
mem[X,0x000000008000253E] -> 0x2781
[2187] [M]: 0x000000008000253C (0x27813483) ld x9, 0x278(x2)                        resto_Mrtn+12
mem[R,0x0000000080006278] -> 0x0000000080000794
x9 <- 0x0000000080000794

clint mtime 0x0000000000000446 (mip.MTI <- 0b1, mip.STI <- 0b0)
mem[X,0x0000000080002540] -> 0x3503
mem[X,0x0000000080002542] -> 0x2801
[2188] [M]: 0x0000000080002540 (0x28013503) ld x10, 0x280(x2)                       resto_Mrtn+16
mem[R,0x0000000080006280] -> 0x0000000000000001
x10 <- 0x0000000000000001

mem[X,0x0000000080002544] -> 0x3583
mem[X,0x0000000080002546] -> 0x2881
[2189] [M]: 0x0000000080002544 (0x28813583) ld x11, 0x288(x2)                       resto_Mrtn+20
mem[R,0x0000000080006288] -> 0x0000000000000000
x11 <- 0x0000000000000000

clint mtime 0x0000000000000447 (mip.MTI <- 0b1, mip.STI <- 0b0)
mem[X,0x0000000080002548] -> 0x3103
mem[X,0x000000008000254A] -> 0x2901
[2190] [M]: 0x0000000080002548 (0x29013103) ld x2, 0x290(x2)                        resto_Mrtn+24
mem[R,0x0000000080006290] -> 0x0000000000000000
x2 <- 0x0000000000000000

mem[X,0x000000008000254C] -> 0x0073
mem[X,0x000000008000254E] -> 0x3020
[2191] [M]: 0x000000008000254C (0x30200073) mret                                    resto_Mrtn+28
CSR mstatus (0x300) <- 0x0000000A00000080
ret-ing from M to S

clint mtime 0x0000000000000448 (mip.MTI <- 0b1, mip.STI <- 0b0)
mem[X,0x0000000080000A30] -> 0x8793
mem[X,0x0000000080000A32] -> 0x0047
[2192] [S]: 0x0000000080000A30 (0x00478793) addi x15, x15, 0x4                      main+1616
x15 <- 0x0000000080002004

mem[X,0x0000000080000A34] -> 0xA023
mem[X,0x0000000080000A36] -> 0x00E7
[2193] [S]: 0x0000000080000A34 (0x00E7A023) sw x14, 0x0(x15)                        main+1620
mem[W,0x0000000080002004] <- 0x00000013

clint mtime 0x0000000000000449 (mip.MTI <- 0b1, mip.STI <- 0b0)
mem[X,0x0000000080000A38] -> 0x0013
mem[X,0x0000000080000A3A] -> 0x0000
[2194] [S]: 0x0000000080000A38 (0x00000013) addi x0, x0, 0x0                        main+1624

mem[X,0x0000000080000A3C] -> 0x0013
mem[X,0x0000000080000A3E] -> 0x0000
[2195] [S]: 0x0000000080000A3C (0x00000013) addi x0, x0, 0x0                        main+1628

clint mtime 0x000000000000044A (mip.MTI <- 0b1, mip.STI <- 0b0)
mem[X,0x0000000080000A40] -> 0x1797
mem[X,0x0000000080000A42] -> 0x0000
[2196] [S]: 0x0000000080000A40 (0x00001797) auipc x15, 0x1                          main+1632
x15 <- 0x0000000080001A40

mem[X,0x0000000080000A44] -> 0x8793
mem[X,0x0000000080000A46] -> 0x5C07
[2197] [S]: 0x0000000080000A44 (0x5C078793) addi x15, x15, 0x5c0                    main+1636
x15 <- 0x0000000080002000

clint mtime 0x000000000000044B (mip.MTI <- 0b1, mip.STI <- 0b0)
mem[X,0x0000000080000A48] -> 0x0001
[2198] [S]: 0x0000000080000A48 (0x0001) c.nop                                       main+1640

mem[X,0x0000000080000A4A] -> 0x0013
mem[X,0x0000000080000A4C] -> 0x0000
[2199] [S]: 0x0000000080000A4A (0x00000013) addi x0, x0, 0x0                        main+1642

clint mtime 0x000000000000044C (mip.MTI <- 0b1, mip.STI <- 0b0)
mem[X,0x0000000080000A4E] -> 0x0013
mem[X,0x0000000080000A50] -> 0x0000
[2200] [S]: 0x0000000080000A4E (0x00000013) addi x0, x0, 0x0                        main+1646

mem[X,0x0000000080000A52] -> 0x0013
mem[X,0x0000000080000A54] -> 0x0000
[2201] [S]: 0x0000000080000A52 (0x00000013) addi x0, x0, 0x0                        main+1650

clint mtime 0x000000000000044D (mip.MTI <- 0b1, mip.STI <- 0b0)
mem[X,0x0000000080000A56] -> 0x0013
mem[X,0x0000000080000A58] -> 0x0000
[2202] [S]: 0x0000000080000A56 (0x00000013) addi x0, x0, 0x0                        main+1654

mem[X,0x0000000080000A5A] -> 0x0013
mem[X,0x0000000080000A5C] -> 0x0000
[2203] [S]: 0x0000000080000A5A (0x00000013) addi x0, x0, 0x0                        main+1658

clint mtime 0x000000000000044E (mip.MTI <- 0b1, mip.STI <- 0b0)
mem[X,0x0000000080000A5E] -> 0x0001
[2204] [S]: 0x0000000080000A5E (0x0001) c.nop                                       main+1662

mem[X,0x0000000080000A60] -> 0xA703
mem[X,0x0000000080000A62] -> 0x0007
[2205] [S]: 0x0000000080000A60 (0x0007A703) lw x14, 0x0(x15)                        main+1664
mem[R,0x0000000080002000] -> 0x00000013
x14 <- 0x0000000000000013

clint mtime 0x000000000000044F (mip.MTI <- 0b1, mip.STI <- 0b0)
mem[X,0x0000000080000A64] -> 0x0013
mem[X,0x0000000080000A66] -> 0x0000
[2206] [S]: 0x0000000080000A64 (0x00000013) addi x0, x0, 0x0                        main+1668

mem[X,0x0000000080000A68] -> 0xB423
mem[X,0x0000000080000A6A] -> 0x02E6
[2207] [S]: 0x0000000080000A68 (0x02E6B423) sd x14, 0x28(x13)                       main+1672
mem[W,0x0000000080007240] <- 0x0000000000000013

clint mtime 0x0000000000000450 (mip.MTI <- 0b1, mip.STI <- 0b0)
mem[X,0x0000000080000A6C] -> 0x8793
mem[X,0x0000000080000A6E] -> 0xFFC7
[2208] [S]: 0x0000000080000A6C (0xFFC78793) addi x15, x15, -0x4                     main+1676
x15 <- 0x0000000080001FFC

mem[X,0x0000000080000A70] -> 0xA703
mem[X,0x0000000080000A72] -> 0x0007
[2209] [S]: 0x0000000080000A70 (0x0007A703) lw x14, 0x0(x15)                        main+1680
mem[R,0x0000000080001FFC] -> 0x00000013
x14 <- 0x0000000000000013

clint mtime 0x0000000000000451 (mip.MTI <- 0b1, mip.STI <- 0b0)
mem[X,0x0000000080000A74] -> 0x0013
mem[X,0x0000000080000A76] -> 0x0000
[2210] [S]: 0x0000000080000A74 (0x00000013) addi x0, x0, 0x0                        main+1684

mem[X,0x0000000080000A78] -> 0xB823
mem[X,0x0000000080000A7A] -> 0x02E6
[2211] [S]: 0x0000000080000A78 (0x02E6B823) sd x14, 0x30(x13)                       main+1688
mem[W,0x0000000080007248] <- 0x0000000000000013

clint mtime 0x0000000000000452 (mip.MTI <- 0b1, mip.STI <- 0b0)
mem[X,0x0000000080000A7C] -> 0x8793
mem[X,0x0000000080000A7E] -> 0x0087
[2212] [S]: 0x0000000080000A7C (0x00878793) addi x15, x15, 0x8                      main+1692
x15 <- 0x0000000080002004

mem[X,0x0000000080000A80] -> 0xA703
mem[X,0x0000000080000A82] -> 0x0007
[2213] [S]: 0x0000000080000A80 (0x0007A703) lw x14, 0x0(x15)                        main+1696
mem[R,0x0000000080002004] -> 0x00000013
x14 <- 0x0000000000000013

clint mtime 0x0000000000000453 (mip.MTI <- 0b1, mip.STI <- 0b0)
mem[X,0x0000000080000A84] -> 0x0013
mem[X,0x0000000080000A86] -> 0x0000
[2214] [S]: 0x0000000080000A84 (0x00000013) addi x0, x0, 0x0                        main+1700

mem[X,0x0000000080000A88] -> 0xBC23
mem[X,0x0000000080000A8A] -> 0x02E6
[2215] [S]: 0x0000000080000A88 (0x02E6BC23) sd x14, 0x38(x13)                       main+1704
mem[W,0x0000000080007250] <- 0x0000000000000013

clint mtime 0x0000000000000454 (mip.MTI <- 0b1, mip.STI <- 0b0)
mem[X,0x0000000080000A8C] -> 0x0293
mem[X,0x0000000080000A8E] -> 0xFFC0
[2216] [S]: 0x0000000080000A8C (0xFFC00293) addi x5, x0, -0x4                       main+1708
x5 <- 0xFFFFFFFFFFFFFFFC

mem[X,0x0000000080000A90] -> 0x87B3
mem[X,0x0000000080000A92] -> 0x0057
[2217] [S]: 0x0000000080000A90 (0x005787B3) add x15, x15, x5                        main+1712
x15 <- 0x0000000080002000

clint mtime 0x0000000000000455 (mip.MTI <- 0b1, mip.STI <- 0b0)
mem[X,0x0000000080000A94] -> 0xA703
mem[X,0x0000000080000A96] -> 0x0007
[2218] [S]: 0x0000000080000A94 (0x0007A703) lw x14, 0x0(x15)                        main+1716
mem[R,0x0000000080002000] -> 0x00000013
x14 <- 0x0000000000000013

mem[X,0x0000000080000A98] -> 0x0013
mem[X,0x0000000080000A9A] -> 0x0000
[2219] [S]: 0x0000000080000A98 (0x00000013) addi x0, x0, 0x0                        main+1720

clint mtime 0x0000000000000456 (mip.MTI <- 0b1, mip.STI <- 0b0)
mem[X,0x0000000080000A9C] -> 0xB023
mem[X,0x0000000080000A9E] -> 0x04E6
[2220] [S]: 0x0000000080000A9C (0x04E6B023) sd x14, 0x40(x13)                       main+1724
mem[W,0x0000000080007258] <- 0x0000000000000013

mem[X,0x0000000080000AA0] -> 0x8793
mem[X,0x0000000080000AA2] -> 0x0047
[2221] [S]: 0x0000000080000AA0 (0x00478793) addi x15, x15, 0x4                      main+1728
x15 <- 0x0000000080002004

clint mtime 0x0000000000000457 (mip.MTI <- 0b1, mip.STI <- 0b0)
mem[X,0x0000000080000AA4] -> 0xA703
mem[X,0x0000000080000AA6] -> 0x0007
[2222] [S]: 0x0000000080000AA4 (0x0007A703) lw x14, 0x0(x15)                        main+1732
mem[R,0x0000000080002004] -> 0x00000013
x14 <- 0x0000000000000013

mem[X,0x0000000080000AA8] -> 0x0013
mem[X,0x0000000080000AAA] -> 0x0000
[2223] [S]: 0x0000000080000AA8 (0x00000013) addi x0, x0, 0x0                        main+1736

clint mtime 0x0000000000000458 (mip.MTI <- 0b1, mip.STI <- 0b0)
mem[X,0x0000000080000AAC] -> 0xB423
mem[X,0x0000000080000AAE] -> 0x04E6
[2224] [S]: 0x0000000080000AAC (0x04E6B423) sd x14, 0x48(x13)                       main+1740
mem[W,0x0000000080007260] <- 0x0000000000000013

mem[X,0x0000000080000AB0] -> 0x0113
mem[X,0x0000000080000AB2] -> 0x0000
[2225] [S]: 0x0000000080000AB0 (0x00000113) addi x2, x0, 0x0                        main+1744
x2 <- 0x0000000000000000

clint mtime 0x0000000000000459 (mip.MTI <- 0b1, mip.STI <- 0b0)
mem[X,0x0000000080000AB4] -> 0x0073
mem[X,0x0000000080000AB6] -> 0x0000
[2226] [S]: 0x0000000080000AB4 (0x00000073) ecall                                   main+1748
trapping from S to M to handle s-call
handling exc#s-call at priv M with tval 0x0000000000000000
CSR mstatus (0x300) <- 0x0000000A00000800
CSR mcause (0x342) <- 0x0000000000000009
CSR mtval (0x343) <- 0x0000000000000000
CSR mepc (0x341) <- 0x0000000080000AB4

mem[X,0x0000000080002100] -> 0x006F
mem[X,0x0000000080002102] -> 0x1000
[2227] [M]: 0x0000000080002100 (0x1000006F) jal x0, 0x100                           Mtrampoline+0

clint mtime 0x000000000000045A (mip.MTI <- 0b1, mip.STI <- 0b0)
mem[X,0x0000000080002200] -> 0x1173
mem[X,0x0000000080002202] -> 0x3401
[2228] [M]: 0x0000000080002200 (0x34011173) csrrw x2, mscratch, x2                  trap_Mhandler+0
CSR mscratch (0x340) <- 0x0000000000000000
x2 <- 0x0000000080006000

mem[X,0x0000000080002204] -> 0x3423
mem[X,0x0000000080002206] -> 0x28B1
[2229] [M]: 0x0000000080002204 (0x28B13423) sd x11, 0x288(x2)                       trap_Mhandler+4
mem[W,0x0000000080006288] <- 0x0000000000000000

clint mtime 0x000000000000045B (mip.MTI <- 0b1, mip.STI <- 0b0)
mem[X,0x0000000080002208] -> 0x05EF
mem[X,0x000000008000220A] -> 0x0B80
[2230] [M]: 0x0000000080002208 (0x0B8005EF) jal x11, 0xb8                           trap_Mhandler+8
x11 <- 0x000000008000220C

mem[X,0x00000000800022C0] -> 0x3023
mem[X,0x00000000800022C2] -> 0x28A1
[2231] [M]: 0x00000000800022C0 (0x28A13023) sd x10, 0x280(x2)                       common_Mhandler+0
mem[W,0x0000000080006280] <- 0x0000000000000001

clint mtime 0x000000000000045C (mip.MTI <- 0b1, mip.STI <- 0b0)
mem[X,0x00000000800022C4] -> 0x1573
mem[X,0x00000000800022C6] -> 0x3401
[2232] [M]: 0x00000000800022C4 (0x34011573) csrrw x10, mscratch, x2                 common_Mhandler+4
CSR mscratch (0x340) <- 0x0000000080006000
x10 <- 0x0000000000000000

mem[X,0x00000000800022C8] -> 0x3823
mem[X,0x00000000800022CA] -> 0x28A1
[2233] [M]: 0x00000000800022C8 (0x28A13823) sd x10, 0x290(x2)                       common_Mhandler+8
mem[W,0x0000000080006290] <- 0x0000000000000000

clint mtime 0x000000000000045D (mip.MTI <- 0b1, mip.STI <- 0b0)
mem[X,0x00000000800022CC] -> 0x3503
mem[X,0x00000000800022CE] -> 0x2301
[2234] [M]: 0x00000000800022CC (0x23013503) ld x10, 0x230(x2)                       common_Mhandler+12
mem[R,0x0000000080006230] -> 0x00000000800022D4
x10 <- 0x00000000800022D4

mem[X,0x00000000800022D0] -> 0x0067
mem[X,0x00000000800022D2] -> 0x0005
[2235] [M]: 0x00000000800022D0 (0x00050067) jalr x0, 0x0(x10)                       common_Mhandler+16

clint mtime 0x000000000000045E (mip.MTI <- 0b1, mip.STI <- 0b0)
mem[X,0x00000000800022D4] -> 0x3C23
mem[X,0x00000000800022D6] -> 0x2691
[2236] [M]: 0x00000000800022D4 (0x26913C23) sd x9, 0x278(x2)                        common_Mentry+0
mem[W,0x0000000080006278] <- 0x0000000080000794

mem[X,0x00000000800022D8] -> 0x3823
mem[X,0x00000000800022DA] -> 0x2681
[2237] [M]: 0x00000000800022D8 (0x26813823) sd x8, 0x270(x2)                        common_Mentry+4
mem[W,0x0000000080006270] <- 0x0000000000007F76

clint mtime 0x000000000000045F (mip.MTI <- 0b1, mip.STI <- 0b0)
mem[X,0x00000000800022DC] -> 0x3423
mem[X,0x00000000800022DE] -> 0x2671
[2238] [M]: 0x00000000800022DC (0x26713423) sd x7, 0x268(x2)                        common_Mentry+8
mem[W,0x0000000080006268] <- 0x0000000080006000

mem[X,0x00000000800022E0] -> 0x3023
mem[X,0x00000000800022E2] -> 0x2661
[2239] [M]: 0x00000000800022E0 (0x26613023) sd x6, 0x260(x2)                        common_Mentry+12
mem[W,0x0000000080006260] <- 0x0000000000000010

clint mtime 0x0000000000000460 (mip.MTI <- 0b1, mip.STI <- 0b0)
mem[X,0x00000000800022E4] -> 0x2573
mem[X,0x00000000800022E6] -> 0x3420
[2240] [M]: 0x00000000800022E4 (0x34202573) csrrs x10, mcause, x0                   spcl_M2mmode_test+0
CSR mcause (0x342) -> 0x0000000000000009
x10 <- 0x0000000000000009

mem[X,0x00000000800022E8] -> 0x04B7
mem[X,0x00000000800022EA] -> 0x8000
[2241] [M]: 0x00000000800022E8 (0x800004B7) lui x9, -0x80000                        spcl_M2mmode_test+4
x9 <- 0xFFFFFFFF80000000

clint mtime 0x0000000000000461 (mip.MTI <- 0b1, mip.STI <- 0b0)
mem[X,0x00000000800022EC] -> 0x8493
mem[X,0x00000000800022EE] -> 0x0004
[2242] [M]: 0x00000000800022EC (0x00048493) addi x9, x9, 0x0                        spcl_M2mmode_test+8
x9 <- 0xFFFFFFFF80000000

mem[X,0x00000000800022F0] -> 0x9493
mem[X,0x00000000800022F2] -> 0x00B4
[2243] [M]: 0x00000000800022F0 (0x00B49493) slli x9, x9, 0xb                        spcl_M2mmode_test+12
x9 <- 0xFFFFFC0000000000

clint mtime 0x0000000000000462 (mip.MTI <- 0b1, mip.STI <- 0b0)
mem[X,0x00000000800022F4] -> 0x8493
mem[X,0x00000000800022F6] -> 0x0004
[2244] [M]: 0x00000000800022F4 (0x00048493) addi x9, x9, 0x0                        spcl_M2mmode_test+16
x9 <- 0xFFFFFC0000000000

mem[X,0x00000000800022F8] -> 0x9493
mem[X,0x00000000800022FA] -> 0x00B4
[2245] [M]: 0x00000000800022F8 (0x00B49493) slli x9, x9, 0xb                        spcl_M2mmode_test+20
x9 <- 0xFFE0000000000000

clint mtime 0x0000000000000463 (mip.MTI <- 0b1, mip.STI <- 0b0)
mem[X,0x00000000800022FC] -> 0x8493
mem[X,0x00000000800022FE] -> 0x0034
[2246] [M]: 0x00000000800022FC (0x00348493) addi x9, x9, 0x3                        spcl_M2mmode_test+24
x9 <- 0xFFE0000000000003

mem[X,0x0000000080002300] -> 0x9493
mem[X,0x0000000080002302] -> 0x00A4
[2247] [M]: 0x0000000080002300 (0x00A49493) slli x9, x9, 0xa                        spcl_M2mmode_test+28
x9 <- 0x8000000000000C00

clint mtime 0x0000000000000464 (mip.MTI <- 0b1, mip.STI <- 0b0)
mem[X,0x0000000080002304] -> 0x8493
mem[X,0x0000000080002306] -> 0x3FC4
[2248] [M]: 0x0000000080002304 (0x3FC48493) addi x9, x9, 0x3fc                      spcl_M2mmode_test+32
x9 <- 0x8000000000000FFC

mem[X,0x0000000080002308] -> 0xF4B3
mem[X,0x000000008000230A] -> 0x00A4
[2249] [M]: 0x0000000080002308 (0x00A4F4B3) and x9, x9, x10                         spcl_M2mmode_test+36
x9 <- 0x0000000000000008

clint mtime 0x0000000000000465 (mip.MTI <- 0b1, mip.STI <- 0b0)
mem[X,0x000000008000230C] -> 0x8493
mem[X,0x000000008000230E] -> 0xFF84
[2250] [M]: 0x000000008000230C (0xFF848493) addi x9, x9, -0x8                       spcl_M2mmode_test+40
x9 <- 0x0000000000000000

mem[X,0x0000000080002310] -> 0x9663
mem[X,0x0000000080002312] -> 0x0004
[2251] [M]: 0x0000000080002310 (0x00049663) bne x9, x0, 0xc                         spcl_M2mmode_test+44

clint mtime 0x0000000000000466 (mip.MTI <- 0b1, mip.STI <- 0b0)
mem[X,0x0000000080002314] -> 0x3383
mem[X,0x0000000080002316] -> 0x2901
[2252] [M]: 0x0000000080002314 (0x29013383) ld x7, 0x290(x2)                        spcl_M2mmode_test+48
mem[R,0x0000000080006290] -> 0x0000000000000000
x7 <- 0x0000000000000000

mem[X,0x0000000080002318] -> 0x8263
mem[X,0x000000008000231A] -> 0x6E03
[2253] [M]: 0x0000000080002318 (0x6E038263) beq x7, x0, 0x6e4                       spcl_M2mmode_test+52

clint mtime 0x0000000000000467 (mip.MTI <- 0b1, mip.STI <- 0b0)
mem[X,0x00000000800029FC] -> 0x0493
mem[X,0x00000000800029FE] -> 0xFF55
[2254] [M]: 0x00000000800029FC (0xFF550493) addi x9, x10, -0xb                      rtn2mmode+0
x9 <- 0xFFFFFFFFFFFFFFFE

mem[X,0x0000000080002A00] -> 0x8C63
mem[X,0x0000000080002A02] -> 0x0004
[2255] [M]: 0x0000000080002A00 (0x00048C63) beq x9, x0, 0x18                        rtn2mmode+4

clint mtime 0x0000000000000468 (mip.MTI <- 0b1, mip.STI <- 0b0)
mem[X,0x0000000080002A04] -> 0x3583
mem[X,0x0000000080002A06] -> 0x4701
[2256] [M]: 0x0000000080002A04 (0x47013583) ld x11, 0x470(x2)                       rtn2mmode+8
mem[R,0x0000000080006470] -> 0x00000000800003B4
x11 <- 0x00000000800003B4

mem[X,0x0000000080002A08] -> 0xD463
mem[X,0x0000000080002A0A] -> 0x0003
[2257] [M]: 0x0000000080002A08 (0x0003D463) bge x7, x0, 0x8                         rtn2mmode+12

clint mtime 0x0000000000000469 (mip.MTI <- 0b1, mip.STI <- 0b0)
mem[X,0x0000000080002A10] -> 0x3483
mem[X,0x0000000080002A12] -> 0x1D81
[2258] [M]: 0x0000000080002A10 (0x1D813483) ld x9, 0x1d8(x2)                        from_u_s+0
mem[R,0x00000000800061D8] -> 0x00000000800003B4
x9 <- 0x00000000800003B4

mem[X,0x0000000080002A14] -> 0x84B3
mem[X,0x0000000080002A16] -> 0x40B4
[2259] [M]: 0x0000000080002A14 (0x40B484B3) sub x9, x9, x11                         from_u_s+4
x9 <- 0x0000000000000000

clint mtime 0x000000000000046A (mip.MTI <- 0b1, mip.STI <- 0b0)
mem[X,0x0000000080002A18] -> 0x23F3
mem[X,0x0000000080002A1A] -> 0x3410
[2260] [M]: 0x0000000080002A18 (0x341023F3) csrrs x7, mepc, x0                      rtn_fm_mmode+0
CSR mepc (0x341) -> 0x0000000080000AB4
x7 <- 0x0000000080000AB4

mem[X,0x0000000080002A1C] -> 0x83B3
mem[X,0x0000000080002A1E] -> 0x0093
[2261] [M]: 0x0000000080002A1C (0x009383B3) add x7, x7, x9                          rtn_fm_mmode+4
x7 <- 0x0000000080000AB4

clint mtime 0x000000000000046B (mip.MTI <- 0b1, mip.STI <- 0b0)
mem[X,0x0000000080002A20] -> 0x3303
mem[X,0x0000000080002A22] -> 0x2601
[2262] [M]: 0x0000000080002A20 (0x26013303) ld x6, 0x260(x2)                        rtn_fm_mmode+8
mem[R,0x0000000080006260] -> 0x0000000000000010
x6 <- 0x0000000000000010

mem[X,0x0000000080002A24] -> 0x3403
mem[X,0x0000000080002A26] -> 0x2701
[2263] [M]: 0x0000000080002A24 (0x27013403) ld x8, 0x270(x2)                        rtn_fm_mmode+12
mem[R,0x0000000080006270] -> 0x0000000000007F76
x8 <- 0x0000000000007F76

clint mtime 0x000000000000046C (mip.MTI <- 0b1, mip.STI <- 0b0)
mem[X,0x0000000080002A28] -> 0x3483
mem[X,0x0000000080002A2A] -> 0x2781
[2264] [M]: 0x0000000080002A28 (0x27813483) ld x9, 0x278(x2)                        rtn_fm_mmode+16
mem[R,0x0000000080006278] -> 0x0000000080000794
x9 <- 0x0000000080000794

mem[X,0x0000000080002A2C] -> 0x3503
mem[X,0x0000000080002A2E] -> 0x2801
[2265] [M]: 0x0000000080002A2C (0x28013503) ld x10, 0x280(x2)                       rtn_fm_mmode+20
mem[R,0x0000000080006280] -> 0x0000000000000001
x10 <- 0x0000000000000001

clint mtime 0x000000000000046D (mip.MTI <- 0b1, mip.STI <- 0b0)
mem[X,0x0000000080002A30] -> 0x3583
mem[X,0x0000000080002A32] -> 0x2881
[2266] [M]: 0x0000000080002A30 (0x28813583) ld x11, 0x288(x2)                       rtn_fm_mmode+24
mem[R,0x0000000080006288] -> 0x0000000000000000
x11 <- 0x0000000000000000

mem[X,0x0000000080002A34] -> 0x3103
mem[X,0x0000000080002A36] -> 0x2901
[2267] [M]: 0x0000000080002A34 (0x29013103) ld x2, 0x290(x2)                        rtn_fm_mmode+28
mem[R,0x0000000080006290] -> 0x0000000000000000
x2 <- 0x0000000000000000

clint mtime 0x000000000000046E (mip.MTI <- 0b1, mip.STI <- 0b0)
mem[X,0x0000000080002A38] -> 0x8067
mem[X,0x0000000080002A3A] -> 0x0043
[2268] [M]: 0x0000000080002A38 (0x00438067) jalr x0, 0x4(x7)                        rtn_fm_mmode+32

mem[X,0x0000000080000AB8] -> 0x0013
mem[X,0x0000000080000ABA] -> 0x0000
[2269] [M]: 0x0000000080000AB8 (0x00000013) addi x0, x0, 0x0                        main+1752

clint mtime 0x000000000000046F (mip.MTI <- 0b1, mip.STI <- 0b0)
mem[X,0x0000000080000ABC] -> 0x0013
mem[X,0x0000000080000ABE] -> 0x0000
[2270] [M]: 0x0000000080000ABC (0x00000013) addi x0, x0, 0x0                        main+1756

mem[X,0x0000000080000AC0] -> 0x1337
mem[X,0x0000000080000AC2] -> 0x2000
[2271] [M]: 0x0000000080000AC0 (0x20001337) lui x6, 0x20001                         main+1760
x6 <- 0x0000000020001000

clint mtime 0x0000000000000470 (mip.MTI <- 0b1, mip.STI <- 0b0)
mem[X,0x0000000080000AC4] -> 0x031B
mem[X,0x0000000080000AC6] -> 0x8013
[2272] [M]: 0x0000000080000AC4 (0x8013031B) addiw x6, x6, -0x7ff                    main+1764
x6 <- 0x0000000020000801

mem[X,0x0000000080000AC8] -> 0x0001
[2273] [M]: 0x0000000080000AC8 (0x0001) c.nop                                       main+1768

clint mtime 0x0000000000000471 (mip.MTI <- 0b1, mip.STI <- 0b0)
mem[X,0x0000000080000ACA] -> 0x0013
mem[X,0x0000000080000ACC] -> 0x0000
[2274] [M]: 0x0000000080000ACA (0x00000013) addi x0, x0, 0x0                        main+1770

mem[X,0x0000000080000ACE] -> 0x0013
mem[X,0x0000000080000AD0] -> 0x0000
[2275] [M]: 0x0000000080000ACE (0x00000013) addi x0, x0, 0x0                        main+1774

clint mtime 0x0000000000000472 (mip.MTI <- 0b1, mip.STI <- 0b0)
mem[X,0x0000000080000AD2] -> 0x0013
mem[X,0x0000000080000AD4] -> 0x0000
[2276] [M]: 0x0000000080000AD2 (0x00000013) addi x0, x0, 0x0                        main+1778

mem[X,0x0000000080000AD6] -> 0x0013
mem[X,0x0000000080000AD8] -> 0x0000
[2277] [M]: 0x0000000080000AD6 (0x00000013) addi x0, x0, 0x0                        main+1782

clint mtime 0x0000000000000473 (mip.MTI <- 0b1, mip.STI <- 0b0)
mem[X,0x0000000080000ADA] -> 0x0013
mem[X,0x0000000080000ADC] -> 0x0000
[2278] [M]: 0x0000000080000ADA (0x00000013) addi x0, x0, 0x0                        main+1786

mem[X,0x0000000080000ADE] -> 0x0001
[2279] [M]: 0x0000000080000ADE (0x0001) c.nop                                       main+1790

clint mtime 0x0000000000000474 (mip.MTI <- 0b1, mip.STI <- 0b0)
mem[X,0x0000000080000AE0] -> 0x1073
mem[X,0x0000000080000AE2] -> 0x3B73
[2280] [M]: 0x0000000080000AE0 (0x3B731073) csrrw x0, pmpaddr7, x6                  main+1792
CSR pmpaddr7 (0x3B7) <- 0x0000000020000801

mem[X,0x0000000080000AE4] -> 0x0013
mem[X,0x0000000080000AE6] -> 0x0000
[2281] [M]: 0x0000000080000AE4 (0x00000013) addi x0, x0, 0x0                        main+1796

clint mtime 0x0000000000000475 (mip.MTI <- 0b1, mip.STI <- 0b0)
mem[X,0x0000000080000AE8] -> 0x0013
mem[X,0x0000000080000AEA] -> 0x0000
[2282] [M]: 0x0000000080000AE8 (0x00000013) addi x0, x0, 0x0                        main+1800

mem[X,0x0000000080000AEC] -> 0x0013
mem[X,0x0000000080000AEE] -> 0x0000
[2283] [M]: 0x0000000080000AEC (0x00000013) addi x0, x0, 0x0                        main+1804

clint mtime 0x0000000000000476 (mip.MTI <- 0b1, mip.STI <- 0b0)
mem[X,0x0000000080000AF0] -> 0x0013
mem[X,0x0000000080000AF2] -> 0x0000
[2284] [M]: 0x0000000080000AF0 (0x00000013) addi x0, x0, 0x0                        main+1808

mem[X,0x0000000080000AF4] -> 0x0013
mem[X,0x0000000080000AF6] -> 0x0000
[2285] [M]: 0x0000000080000AF4 (0x00000013) addi x0, x0, 0x0                        main+1812

clint mtime 0x0000000000000477 (mip.MTI <- 0b1, mip.STI <- 0b0)
mem[X,0x0000000080000AF8] -> 0x0013
mem[X,0x0000000080000AFA] -> 0x0000
[2286] [M]: 0x0000000080000AF8 (0x00000013) addi x0, x0, 0x0                        main+1816

mem[X,0x0000000080000AFC] -> 0x0013
mem[X,0x0000000080000AFE] -> 0x0000
[2287] [M]: 0x0000000080000AFC (0x00000013) addi x0, x0, 0x0                        main+1820

clint mtime 0x0000000000000478 (mip.MTI <- 0b1, mip.STI <- 0b0)
mem[X,0x0000000080000B00] -> 0x12B7
mem[X,0x0000000080000B02] -> 0x2000
[2288] [M]: 0x0000000080000B00 (0x200012B7) lui x5, 0x20001                         main+1824
x5 <- 0x0000000020001000

mem[X,0x0000000080000B04] -> 0x829B
mem[X,0x0000000080000B06] -> 0x8002
[2289] [M]: 0x0000000080000B04 (0x8002829B) addiw x5, x5, -0x800                    main+1828
x5 <- 0x0000000020000800

clint mtime 0x0000000000000479 (mip.MTI <- 0b1, mip.STI <- 0b0)
mem[X,0x0000000080000B08] -> 0x0001
[2290] [M]: 0x0000000080000B08 (0x0001) c.nop                                       main+1832

mem[X,0x0000000080000B0A] -> 0x0013
mem[X,0x0000000080000B0C] -> 0x0000
[2291] [M]: 0x0000000080000B0A (0x00000013) addi x0, x0, 0x0                        main+1834

clint mtime 0x000000000000047A (mip.MTI <- 0b1, mip.STI <- 0b0)
mem[X,0x0000000080000B0E] -> 0x0013
mem[X,0x0000000080000B10] -> 0x0000
[2292] [M]: 0x0000000080000B0E (0x00000013) addi x0, x0, 0x0                        main+1838

mem[X,0x0000000080000B12] -> 0x0013
mem[X,0x0000000080000B14] -> 0x0000
[2293] [M]: 0x0000000080000B12 (0x00000013) addi x0, x0, 0x0                        main+1842

clint mtime 0x000000000000047B (mip.MTI <- 0b1, mip.STI <- 0b0)
mem[X,0x0000000080000B16] -> 0x0013
mem[X,0x0000000080000B18] -> 0x0000
[2294] [M]: 0x0000000080000B16 (0x00000013) addi x0, x0, 0x0                        main+1846

mem[X,0x0000000080000B1A] -> 0x0013
mem[X,0x0000000080000B1C] -> 0x0000
[2295] [M]: 0x0000000080000B1A (0x00000013) addi x0, x0, 0x0                        main+1850

clint mtime 0x000000000000047C (mip.MTI <- 0b1, mip.STI <- 0b0)
mem[X,0x0000000080000B1E] -> 0x0001
[2296] [M]: 0x0000000080000B1E (0x0001) c.nop                                       main+1854

mem[X,0x0000000080000B20] -> 0x9073
mem[X,0x0000000080000B22] -> 0x3B62
[2297] [M]: 0x0000000080000B20 (0x3B629073) csrrw x0, pmpaddr6, x5                  main+1856
CSR pmpaddr6 (0x3B6) <- 0x0000000020000800

clint mtime 0x000000000000047D (mip.MTI <- 0b1, mip.STI <- 0b0)
mem[X,0x0000000080000B24] -> 0x0213
mem[X,0x0000000080000B26] -> 0x00B0
[2298] [M]: 0x0000000080000B24 (0x00B00213) addi x4, x0, 0xb                        main+1860
x4 <- 0x000000000000000B

mem[X,0x0000000080000B28] -> 0x1213
mem[X,0x0000000080000B2A] -> 0x0382
[2299] [M]: 0x0000000080000B28 (0x03821213) slli x4, x4, 0x38                       main+1864
x4 <- 0x0B00000000000000

clint mtime 0x000000000000047E (mip.MTI <- 0b1, mip.STI <- 0b0)
mem[X,0x0000000080000B2C] -> 0x1073
mem[X,0x0000000080000B2E] -> 0x3A02
[2300] [M]: 0x0000000080000B2C (0x3A021073) csrrw x0, pmpcfg0, x4                   main+1868
CSR pmpcfg0 (0x3A0) <- 0x0B00000000000000

mem[X,0x0000000080000B30] -> 0x0493
mem[X,0x0000000080000B32] -> 0x0010
[2301] [M]: 0x0000000080000B30 (0x00100493) addi x9, x0, 0x1                        main+1872
x9 <- 0x0000000000000001

clint mtime 0x000000000000047F (mip.MTI <- 0b1, mip.STI <- 0b0)
mem[X,0x0000000080000B34] -> 0x9493
mem[X,0x0000000080000B36] -> 0x00B4
[2302] [M]: 0x0000000080000B34 (0x00B49493) slli x9, x9, 0xb                        main+1876
x9 <- 0x0000000000000800

mem[X,0x0000000080000B38] -> 0xB073
mem[X,0x0000000080000B3A] -> 0x3004
[2303] [M]: 0x0000000080000B38 (0x3004B073) csrrc x0, mstatus, x9                   main+1880
CSR mstatus (0x300) <- 0x0000000A00000000

clint mtime 0x0000000000000480 (mip.MTI <- 0b1, mip.STI <- 0b0)
mem[X,0x0000000080000B3C] -> 0x0493
mem[X,0x0000000080000B3E] -> 0x0010
[2304] [M]: 0x0000000080000B3C (0x00100493) addi x9, x0, 0x1                        main+1884
x9 <- 0x0000000000000001

mem[X,0x0000000080000B40] -> 0x9493
mem[X,0x0000000080000B42] -> 0x00B4
[2305] [M]: 0x0000000080000B40 (0x00B49493) slli x9, x9, 0xb                        main+1888
x9 <- 0x0000000000000800

clint mtime 0x0000000000000481 (mip.MTI <- 0b1, mip.STI <- 0b0)
mem[X,0x0000000080000B44] -> 0xA073
mem[X,0x0000000080000B46] -> 0x3004
[2306] [M]: 0x0000000080000B44 (0x3004A073) csrrs x0, mstatus, x9                   main+1892
CSR mstatus (0x300) <- 0x0000000A00000800

mem[X,0x0000000080000B48] -> 0x23F3
mem[X,0x0000000080000B4A] -> 0x3400
[2307] [M]: 0x0000000080000B48 (0x340023F3) csrrs x7, mscratch, x0                  main+1896
CSR mscratch (0x340) -> 0x0000000080006000
x7 <- 0x0000000080006000

clint mtime 0x0000000000000482 (mip.MTI <- 0b1, mip.STI <- 0b0)
mem[X,0x0000000080000B4C] -> 0xB303
mem[X,0x0000000080000B4E] -> 0x4703
[2308] [M]: 0x0000000080000B4C (0x4703B303) ld x6, 0x470(x7)                        main+1900
mem[R,0x0000000080006470] -> 0x00000000800003B4
x6 <- 0x00000000800003B4

mem[X,0x0000000080000B50] -> 0xB483
mem[X,0x0000000080000B52] -> 0x1D83
[2309] [M]: 0x0000000080000B50 (0x1D83B483) ld x9, 0x1d8(x7)                        main+1904
mem[R,0x00000000800061D8] -> 0x00000000800003B4
x9 <- 0x00000000800003B4

clint mtime 0x0000000000000483 (mip.MTI <- 0b1, mip.STI <- 0b0)
mem[X,0x0000000080000B54] -> 0x0333
mem[X,0x0000000080000B56] -> 0x4093
[2310] [M]: 0x0000000080000B54 (0x40930333) sub x6, x6, x9                          main+1908
x6 <- 0x0000000000000000

mem[X,0x0000000080000B58] -> 0x0313
mem[X,0x0000000080000B5A] -> 0x0103
[2311] [M]: 0x0000000080000B58 (0x01030313) addi x6, x6, 0x10                       main+1912
x6 <- 0x0000000000000010

clint mtime 0x0000000000000484 (mip.MTI <- 0b1, mip.STI <- 0b0)
mem[X,0x0000000080000B5C] -> 0x0497
mem[X,0x0000000080000B5E] -> 0x0000
[2312] [M]: 0x0000000080000B5C (0x00000497) auipc x9, 0x0                           main+1916
x9 <- 0x0000000080000B5C

mem[X,0x0000000080000B60] -> 0x84B3
mem[X,0x0000000080000B62] -> 0x0064
[2313] [M]: 0x0000000080000B60 (0x006484B3) add x9, x9, x6                          main+1920
x9 <- 0x0000000080000B6C

clint mtime 0x0000000000000485 (mip.MTI <- 0b1, mip.STI <- 0b0)
mem[X,0x0000000080000B64] -> 0x94F3
mem[X,0x0000000080000B66] -> 0x3414
[2314] [M]: 0x0000000080000B64 (0x341494F3) csrrw x9, mepc, x9                      main+1924
CSR mepc (0x341) <- 0x0000000080000B6C
x9 <- 0x0000000080000AB4

mem[X,0x0000000080000B68] -> 0x0073
mem[X,0x0000000080000B6A] -> 0x3020
[2315] [M]: 0x0000000080000B68 (0x30200073) mret                                    main+1928
CSR mstatus (0x300) <- 0x0000000A00000080
ret-ing from M to S

clint mtime 0x0000000000000486 (mip.MTI <- 0b1, mip.STI <- 0b0)
mem[X,0x0000000080000B6C] -> 0x51B7
mem[X,0x0000000080000B6E] -> 0x0000
[2316] [S]: 0x0000000080000B6C (0x000051B7) lui x3, 0x5                             main+1932
x3 <- 0x0000000000005000

mem[X,0x0000000080000B70] -> 0x8193
mem[X,0x0000000080000B72] -> 0x6671
[2317] [S]: 0x0000000080000B70 (0x66718193) addi x3, x3, 0x667                      main+1936
x3 <- 0x0000000000005667

clint mtime 0x0000000000000487 (mip.MTI <- 0b1, mip.STI <- 0b0)
mem[X,0x0000000080000B74] -> 0x9193
mem[X,0x0000000080000B76] -> 0x0011
[2318] [S]: 0x0000000080000B74 (0x00119193) slli x3, x3, 0x1                        main+1940
x3 <- 0x000000000000ACCE

mem[X,0x0000000080000B78] -> 0x0013
mem[X,0x0000000080000B7A] -> 0x0000
[2319] [S]: 0x0000000080000B78 (0x00000013) addi x0, x0, 0x0                        main+1944

clint mtime 0x0000000000000488 (mip.MTI <- 0b1, mip.STI <- 0b0)
mem[X,0x0000000080000B7C] -> 0x0013
mem[X,0x0000000080000B7E] -> 0x0000
[2320] [S]: 0x0000000080000B7C (0x00000013) addi x0, x0, 0x0                        main+1948

mem[X,0x0000000080000B80] -> 0x1717
mem[X,0x0000000080000B82] -> 0x0000
[2321] [S]: 0x0000000080000B80 (0x00001717) auipc x14, 0x1                          main+1952
x14 <- 0x0000000080001B80

clint mtime 0x0000000000000489 (mip.MTI <- 0b1, mip.STI <- 0b0)
mem[X,0x0000000080000B84] -> 0x0713
mem[X,0x0000000080000B86] -> 0x4807
[2322] [S]: 0x0000000080000B84 (0x48070713) addi x14, x14, 0x480                    main+1956
x14 <- 0x0000000080002000

mem[X,0x0000000080000B88] -> 0x0001
[2323] [S]: 0x0000000080000B88 (0x0001) c.nop                                       main+1960

clint mtime 0x000000000000048A (mip.MTI <- 0b1, mip.STI <- 0b0)
mem[X,0x0000000080000B8A] -> 0x0013
mem[X,0x0000000080000B8C] -> 0x0000
[2324] [S]: 0x0000000080000B8A (0x00000013) addi x0, x0, 0x0                        main+1962

mem[X,0x0000000080000B8E] -> 0x0013
mem[X,0x0000000080000B90] -> 0x0000
[2325] [S]: 0x0000000080000B8E (0x00000013) addi x0, x0, 0x0                        main+1966

clint mtime 0x000000000000048B (mip.MTI <- 0b1, mip.STI <- 0b0)
mem[X,0x0000000080000B92] -> 0x0013
mem[X,0x0000000080000B94] -> 0x0000
[2326] [S]: 0x0000000080000B92 (0x00000013) addi x0, x0, 0x0                        main+1970

mem[X,0x0000000080000B96] -> 0x0013
mem[X,0x0000000080000B98] -> 0x0000
[2327] [S]: 0x0000000080000B96 (0x00000013) addi x0, x0, 0x0                        main+1974

clint mtime 0x000000000000048C (mip.MTI <- 0b1, mip.STI <- 0b0)
mem[X,0x0000000080000B9A] -> 0x0013
mem[X,0x0000000080000B9C] -> 0x0000
[2328] [S]: 0x0000000080000B9A (0x00000013) addi x0, x0, 0x0                        main+1978

mem[X,0x0000000080000B9E] -> 0x0001
[2329] [S]: 0x0000000080000B9E (0x0001) c.nop                                       main+1982

clint mtime 0x000000000000048D (mip.MTI <- 0b1, mip.STI <- 0b0)
mem[X,0x0000000080000BA0] -> 0x0217
mem[X,0x0000000080000BA2] -> 0x0000
[2330] [S]: 0x0000000080000BA0 (0x00000217) auipc x4, 0x0                           main+1984
x4 <- 0x0000000080000BA0

mem[X,0x0000000080000BA4] -> 0x0213
mem[X,0x0000000080000BA6] -> 0x0282
[2331] [S]: 0x0000000080000BA4 (0x02820213) addi x4, x4, 0x28                       main+1988
x4 <- 0x0000000080000BC8

clint mtime 0x000000000000048E (mip.MTI <- 0b1, mip.STI <- 0b0)
mem[X,0x0000000080000BA8] -> 0x0001
[2332] [S]: 0x0000000080000BA8 (0x0001) c.nop                                       main+1992

mem[X,0x0000000080000BAA] -> 0x0013
mem[X,0x0000000080000BAC] -> 0x0000
[2333] [S]: 0x0000000080000BAA (0x00000013) addi x0, x0, 0x0                        main+1994

clint mtime 0x000000000000048F (mip.MTI <- 0b1, mip.STI <- 0b0)
mem[X,0x0000000080000BAE] -> 0x0013
mem[X,0x0000000080000BB0] -> 0x0000
[2334] [S]: 0x0000000080000BAE (0x00000013) addi x0, x0, 0x0                        main+1998

mem[X,0x0000000080000BB2] -> 0x0013
mem[X,0x0000000080000BB4] -> 0x0000
[2335] [S]: 0x0000000080000BB2 (0x00000013) addi x0, x0, 0x0                        main+2002

clint mtime 0x0000000000000490 (mip.MTI <- 0b1, mip.STI <- 0b0)
mem[X,0x0000000080000BB6] -> 0x0013
mem[X,0x0000000080000BB8] -> 0x0000
[2336] [S]: 0x0000000080000BB6 (0x00000013) addi x0, x0, 0x0                        main+2006

mem[X,0x0000000080000BBA] -> 0x0013
mem[X,0x0000000080000BBC] -> 0x0000
[2337] [S]: 0x0000000080000BBA (0x00000013) addi x0, x0, 0x0                        main+2010

clint mtime 0x0000000000000491 (mip.MTI <- 0b1, mip.STI <- 0b0)
mem[X,0x0000000080000BBE] -> 0x0001
[2338] [S]: 0x0000000080000BBE (0x0001) c.nop                                       main+2014

mem[X,0x0000000080000BC0] -> 0x00E7
mem[X,0x0000000080000BC2] -> 0x0007
[2339] [S]: 0x0000000080000BC0 (0x000700E7) jalr x1, 0x0(x14)                       main+2016
x1 <- 0x0000000080000BC4

clint mtime 0x0000000000000492 (mip.MTI <- 0b1, mip.STI <- 0b0)
trapping from S to M to handle fetch-access-fault
handling exc#fetch-access-fault at priv M with tval 0x0000000080002000
CSR mstatus (0x300) <- 0x0000000A00000800
CSR mcause (0x342) <- 0x0000000000000001
CSR mtval (0x343) <- 0x0000000080002000
CSR mepc (0x341) <- 0x0000000080002000

mem[X,0x0000000080002100] -> 0x006F
mem[X,0x0000000080002102] -> 0x1000
[2341] [M]: 0x0000000080002100 (0x1000006F) jal x0, 0x100                           Mtrampoline+0

clint mtime 0x0000000000000493 (mip.MTI <- 0b1, mip.STI <- 0b0)
mem[X,0x0000000080002200] -> 0x1173
mem[X,0x0000000080002202] -> 0x3401
[2342] [M]: 0x0000000080002200 (0x34011173) csrrw x2, mscratch, x2                  trap_Mhandler+0
CSR mscratch (0x340) <- 0x0000000000000000
x2 <- 0x0000000080006000

mem[X,0x0000000080002204] -> 0x3423
mem[X,0x0000000080002206] -> 0x28B1
[2343] [M]: 0x0000000080002204 (0x28B13423) sd x11, 0x288(x2)                       trap_Mhandler+4
mem[W,0x0000000080006288] <- 0x0000000000000000

clint mtime 0x0000000000000494 (mip.MTI <- 0b1, mip.STI <- 0b0)
mem[X,0x0000000080002208] -> 0x05EF
mem[X,0x000000008000220A] -> 0x0B80
[2344] [M]: 0x0000000080002208 (0x0B8005EF) jal x11, 0xb8                           trap_Mhandler+8
x11 <- 0x000000008000220C

mem[X,0x00000000800022C0] -> 0x3023
mem[X,0x00000000800022C2] -> 0x28A1
[2345] [M]: 0x00000000800022C0 (0x28A13023) sd x10, 0x280(x2)                       common_Mhandler+0
mem[W,0x0000000080006280] <- 0x0000000000000001

clint mtime 0x0000000000000495 (mip.MTI <- 0b1, mip.STI <- 0b0)
mem[X,0x00000000800022C4] -> 0x1573
mem[X,0x00000000800022C6] -> 0x3401
[2346] [M]: 0x00000000800022C4 (0x34011573) csrrw x10, mscratch, x2                 common_Mhandler+4
CSR mscratch (0x340) <- 0x0000000080006000
x10 <- 0x0000000000000000

mem[X,0x00000000800022C8] -> 0x3823
mem[X,0x00000000800022CA] -> 0x28A1
[2347] [M]: 0x00000000800022C8 (0x28A13823) sd x10, 0x290(x2)                       common_Mhandler+8
mem[W,0x0000000080006290] <- 0x0000000000000000

clint mtime 0x0000000000000496 (mip.MTI <- 0b1, mip.STI <- 0b0)
mem[X,0x00000000800022CC] -> 0x3503
mem[X,0x00000000800022CE] -> 0x2301
[2348] [M]: 0x00000000800022CC (0x23013503) ld x10, 0x230(x2)                       common_Mhandler+12
mem[R,0x0000000080006230] -> 0x00000000800022D4
x10 <- 0x00000000800022D4

mem[X,0x00000000800022D0] -> 0x0067
mem[X,0x00000000800022D2] -> 0x0005
[2349] [M]: 0x00000000800022D0 (0x00050067) jalr x0, 0x0(x10)                       common_Mhandler+16

clint mtime 0x0000000000000497 (mip.MTI <- 0b1, mip.STI <- 0b0)
mem[X,0x00000000800022D4] -> 0x3C23
mem[X,0x00000000800022D6] -> 0x2691
[2350] [M]: 0x00000000800022D4 (0x26913C23) sd x9, 0x278(x2)                        common_Mentry+0
mem[W,0x0000000080006278] <- 0x0000000080000AB4

mem[X,0x00000000800022D8] -> 0x3823
mem[X,0x00000000800022DA] -> 0x2681
[2351] [M]: 0x00000000800022D8 (0x26813823) sd x8, 0x270(x2)                        common_Mentry+4
mem[W,0x0000000080006270] <- 0x0000000000007F76

clint mtime 0x0000000000000498 (mip.MTI <- 0b1, mip.STI <- 0b0)
mem[X,0x00000000800022DC] -> 0x3423
mem[X,0x00000000800022DE] -> 0x2671
[2352] [M]: 0x00000000800022DC (0x26713423) sd x7, 0x268(x2)                        common_Mentry+8
mem[W,0x0000000080006268] <- 0x0000000080006000

mem[X,0x00000000800022E0] -> 0x3023
mem[X,0x00000000800022E2] -> 0x2661
[2353] [M]: 0x00000000800022E0 (0x26613023) sd x6, 0x260(x2)                        common_Mentry+12
mem[W,0x0000000080006260] <- 0x0000000000000010

clint mtime 0x0000000000000499 (mip.MTI <- 0b1, mip.STI <- 0b0)
mem[X,0x00000000800022E4] -> 0x2573
mem[X,0x00000000800022E6] -> 0x3420
[2354] [M]: 0x00000000800022E4 (0x34202573) csrrs x10, mcause, x0                   spcl_M2mmode_test+0
CSR mcause (0x342) -> 0x0000000000000001
x10 <- 0x0000000000000001

mem[X,0x00000000800022E8] -> 0x04B7
mem[X,0x00000000800022EA] -> 0x8000
[2355] [M]: 0x00000000800022E8 (0x800004B7) lui x9, -0x80000                        spcl_M2mmode_test+4
x9 <- 0xFFFFFFFF80000000

clint mtime 0x000000000000049A (mip.MTI <- 0b1, mip.STI <- 0b0)
mem[X,0x00000000800022EC] -> 0x8493
mem[X,0x00000000800022EE] -> 0x0004
[2356] [M]: 0x00000000800022EC (0x00048493) addi x9, x9, 0x0                        spcl_M2mmode_test+8
x9 <- 0xFFFFFFFF80000000

mem[X,0x00000000800022F0] -> 0x9493
mem[X,0x00000000800022F2] -> 0x00B4
[2357] [M]: 0x00000000800022F0 (0x00B49493) slli x9, x9, 0xb                        spcl_M2mmode_test+12
x9 <- 0xFFFFFC0000000000

clint mtime 0x000000000000049B (mip.MTI <- 0b1, mip.STI <- 0b0)
mem[X,0x00000000800022F4] -> 0x8493
mem[X,0x00000000800022F6] -> 0x0004
[2358] [M]: 0x00000000800022F4 (0x00048493) addi x9, x9, 0x0                        spcl_M2mmode_test+16
x9 <- 0xFFFFFC0000000000

mem[X,0x00000000800022F8] -> 0x9493
mem[X,0x00000000800022FA] -> 0x00B4
[2359] [M]: 0x00000000800022F8 (0x00B49493) slli x9, x9, 0xb                        spcl_M2mmode_test+20
x9 <- 0xFFE0000000000000

clint mtime 0x000000000000049C (mip.MTI <- 0b1, mip.STI <- 0b0)
mem[X,0x00000000800022FC] -> 0x8493
mem[X,0x00000000800022FE] -> 0x0034
[2360] [M]: 0x00000000800022FC (0x00348493) addi x9, x9, 0x3                        spcl_M2mmode_test+24
x9 <- 0xFFE0000000000003

mem[X,0x0000000080002300] -> 0x9493
mem[X,0x0000000080002302] -> 0x00A4
[2361] [M]: 0x0000000080002300 (0x00A49493) slli x9, x9, 0xa                        spcl_M2mmode_test+28
x9 <- 0x8000000000000C00

clint mtime 0x000000000000049D (mip.MTI <- 0b1, mip.STI <- 0b0)
mem[X,0x0000000080002304] -> 0x8493
mem[X,0x0000000080002306] -> 0x3FC4
[2362] [M]: 0x0000000080002304 (0x3FC48493) addi x9, x9, 0x3fc                      spcl_M2mmode_test+32
x9 <- 0x8000000000000FFC

mem[X,0x0000000080002308] -> 0xF4B3
mem[X,0x000000008000230A] -> 0x00A4
[2363] [M]: 0x0000000080002308 (0x00A4F4B3) and x9, x9, x10                         spcl_M2mmode_test+36
x9 <- 0x0000000000000000

clint mtime 0x000000000000049E (mip.MTI <- 0b1, mip.STI <- 0b0)
mem[X,0x000000008000230C] -> 0x8493
mem[X,0x000000008000230E] -> 0xFF84
[2364] [M]: 0x000000008000230C (0xFF848493) addi x9, x9, -0x8                       spcl_M2mmode_test+40
x9 <- 0xFFFFFFFFFFFFFFF8

mem[X,0x0000000080002310] -> 0x9663
mem[X,0x0000000080002312] -> 0x0004
[2365] [M]: 0x0000000080002310 (0x00049663) bne x9, x0, 0xc                         spcl_M2mmode_test+44

clint mtime 0x000000000000049F (mip.MTI <- 0b1, mip.STI <- 0b0)
mem[X,0x000000008000231C] -> 0x0393
mem[X,0x000000008000231E] -> 0x0200
[2366] [M]: 0x000000008000231C (0x02000393) addi x7, x0, 0x20                       Mtrapsig_ptr_upd+0
x7 <- 0x0000000000000020

mem[X,0x0000000080002320] -> 0x5263
mem[X,0x0000000080002322] -> 0x0405
[2367] [M]: 0x0000000080002320 (0x04055263) bge x10, x0, 0x44                       Mtrapsig_ptr_upd+4

clint mtime 0x00000000000004A0 (mip.MTI <- 0b1, mip.STI <- 0b0)
mem[X,0x0000000080002364] -> 0x2373
mem[X,0x0000000080002366] -> 0x3010
[2368] [M]: 0x0000000080002364 (0x30102373) csrrs x6, misa, x0                      Mxcpt_sig_sv+0
CSR misa (0x301) -> 0x800000000034112F
x6 <- 0x800000000034112F

mem[X,0x0000000080002368] -> 0x1313
mem[X,0x000000008000236A] -> 0x0383
[2369] [M]: 0x0000000080002368 (0x03831313) slli x6, x6, 0x38                       Mxcpt_sig_sv+4
x6 <- 0x2F00000000000000

clint mtime 0x00000000000004A1 (mip.MTI <- 0b1, mip.STI <- 0b0)
mem[X,0x000000008000236C] -> 0x5463
mem[X,0x000000008000236E] -> 0x0003
[2370] [M]: 0x000000008000236C (0x00035463) bge x6, x0, 0x8                         Mxcpt_sig_sv+8

mem[X,0x0000000080002374] -> 0x3303
mem[X,0x0000000080002376] -> 0x2181
[2371] [M]: 0x0000000080002374 (0x21813303) ld x6, 0x218(x2)                        Mtrap_sig_sv+0
mem[R,0x0000000080006218] -> 0x00000000800074A0
x6 <- 0x00000000800074A0

clint mtime 0x00000000000004A2 (mip.MTI <- 0b1, mip.STI <- 0b0)
mem[X,0x0000000080002378] -> 0x04B3
mem[X,0x000000008000237A] -> 0x0073
[2372] [M]: 0x0000000080002378 (0x007304B3) add x9, x6, x7                          Mtrap_sig_sv+4
x9 <- 0x00000000800074C0

mem[X,0x000000008000237C] -> 0x3C23
mem[X,0x000000008000237E] -> 0x2091
[2373] [M]: 0x000000008000237C (0x20913C23) sd x9, 0x218(x2)                        Mtrap_sig_sv+8
mem[W,0x0000000080006218] <- 0x00000000800074C0

clint mtime 0x00000000000004A3 (mip.MTI <- 0b1, mip.STI <- 0b0)
mem[X,0x0000000080002380] -> 0x3403
mem[X,0x0000000080002382] -> 0x1F81
[2374] [M]: 0x0000000080002380 (0x1F813403) ld x8, 0x1f8(x2)                        Mtrap_sig_sv+12
mem[R,0x00000000800061F8] -> 0x0000000080007210
x8 <- 0x0000000080007210

mem[X,0x0000000080002384] -> 0x0333
mem[X,0x0000000080002386] -> 0x4083
[2375] [M]: 0x0000000080002384 (0x40830333) sub x6, x6, x8                          Mtrap_sig_sv+16
x6 <- 0x0000000000000290

clint mtime 0x00000000000004A4 (mip.MTI <- 0b1, mip.STI <- 0b0)
mem[X,0x0000000080002388] -> 0x3403
mem[X,0x000000008000238A] -> 0x1F81
[2376] [M]: 0x0000000080002388 (0x1F813403) ld x8, 0x1f8(x2)                        Mtrap_sig_sv+20
mem[R,0x00000000800061F8] -> 0x0000000080007210
x8 <- 0x0000000080007210

mem[X,0x000000008000238C] -> 0x0333
mem[X,0x000000008000238E] -> 0x0083
[2377] [M]: 0x000000008000238C (0x00830333) add x6, x6, x8                          Mtrap_sig_sv+24
x6 <- 0x00000000800074A0

clint mtime 0x00000000000004A5 (mip.MTI <- 0b1, mip.STI <- 0b0)
mem[X,0x0000000080002390] -> 0x3403
mem[X,0x0000000080002392] -> 0x2401
[2378] [M]: 0x0000000080002390 (0x24013403) ld x8, 0x240(x2)                        Mtrap_sig_sv+28
mem[R,0x0000000080006240] -> 0x0000000080002100
x8 <- 0x0000000080002100

mem[X,0x0000000080002394] -> 0x85B3
mem[X,0x0000000080002396] -> 0x4085
[2379] [M]: 0x0000000080002394 (0x408585B3) sub x11, x11, x8                        sv_Mvect+0
x11 <- 0x000000000000010C

clint mtime 0x00000000000004A6 (mip.MTI <- 0b1, mip.STI <- 0b0)
mem[X,0x0000000080002398] -> 0x9593
mem[X,0x000000008000239A] -> 0x0045
[2380] [M]: 0x0000000080002398 (0x00459593) slli x11, x11, 0x4                      sv_Mvect+4
x11 <- 0x00000000000010C0

mem[X,0x000000008000239C] -> 0xE5B3
mem[X,0x000000008000239E] -> 0x0075
[2381] [M]: 0x000000008000239C (0x0075E5B3) or x11, x11, x7                         sv_Mvect+8
x11 <- 0x00000000000010E0

clint mtime 0x00000000000004A7 (mip.MTI <- 0b1, mip.STI <- 0b0)
mem[X,0x00000000800023A0] -> 0x8593
mem[X,0x00000000800023A2] -> 0x0035
[2382] [M]: 0x00000000800023A0 (0x00358593) addi x11, x11, 0x3                      sv_Mvect+12
x11 <- 0x00000000000010E3

mem[X,0x00000000800023A4] -> 0x3023
mem[X,0x00000000800023A6] -> 0x00B3
[2383] [M]: 0x00000000800023A4 (0x00B33023) sd x11, 0x0(x6)                         sv_Mvect+16
mem[W,0x00000000800074A0] <- 0x00000000000010E3

clint mtime 0x00000000000004A8 (mip.MTI <- 0b1, mip.STI <- 0b0)
mem[X,0x00000000800023A8] -> 0x3423
mem[X,0x00000000800023AA] -> 0x00A3
[2384] [M]: 0x00000000800023A8 (0x00A33423) sd x10, 0x8(x6)                         sv_Mcause+0
mem[W,0x00000000800074A8] <- 0x0000000000000001

mem[X,0x00000000800023AC] -> 0x4263
mem[X,0x00000000800023AE] -> 0x1A05
[2385] [M]: 0x00000000800023AC (0x1A054263) blt x10, x0, 0x1a4                      sv_Mcause+4

clint mtime 0x00000000000004A9 (mip.MTI <- 0b1, mip.STI <- 0b0)
mem[X,0x00000000800023B0] -> 0x25F3
mem[X,0x00000000800023B2] -> 0x3000
[2386] [M]: 0x00000000800023B0 (0x300025F3) csrrs x11, mstatus, x0                  common_Mexcpt_handler+0
CSR mstatus (0x300) -> 0x0000000A00000800
x11 <- 0x0000000A00000800

mem[X,0x00000000800023B4] -> 0x9413
mem[X,0x00000000800023B6] -> 0x02E5
[2387] [M]: 0x00000000800023B4 (0x02E59413) slli x8, x11, 0x2e                      common_Mexcpt_handler+4
x8 <- 0x0200000000000000

clint mtime 0x00000000000004AA (mip.MTI <- 0b1, mip.STI <- 0b0)
mem[X,0x00000000800023B8] -> 0x5463
mem[X,0x00000000800023BA] -> 0x0004
[2388] [M]: 0x00000000800023B8 (0x00045463) bge x8, x0, 0x8                         common_Mexcpt_handler+8

mem[X,0x00000000800023C0] -> 0xD493
mem[X,0x00000000800023C2] -> 0x00B5
[2389] [M]: 0x00000000800023C0 (0x00B5D493) srli x9, x11, 0xb                       common_Mexcpt_handler+16
x9 <- 0x0000000001400001

clint mtime 0x00000000000004AB (mip.MTI <- 0b1, mip.STI <- 0b0)
mem[X,0x00000000800023C4] -> 0xF493
mem[X,0x00000000800023C6] -> 0x0034
[2390] [M]: 0x00000000800023C4 (0x0034F493) andi x9, x9, 0x3                        common_Mexcpt_handler+20
x9 <- 0x0000000000000001

mem[X,0x00000000800023C8] -> 0x8493
mem[X,0x00000000800023CA] -> 0x0014
[2391] [M]: 0x00000000800023C8 (0x00148493) addi x9, x9, 0x1                        common_Mexcpt_handler+24
x9 <- 0x0000000000000002

clint mtime 0x00000000000004AC (mip.MTI <- 0b1, mip.STI <- 0b0)
mem[X,0x00000000800023CC] -> 0xF493
mem[X,0x00000000800023CE] -> 0x0044
[2392] [M]: 0x00000000800023CC (0x0044F493) andi x9, x9, 0x4                        common_Mexcpt_handler+28
x9 <- 0x0000000000000000

mem[X,0x00000000800023D0] -> 0x0593
mem[X,0x00000000800023D2] -> 0x05D0
[2393] [M]: 0x00000000800023D0 (0x05D00593) addi x11, x0, 0x5d                      common_Mexcpt_handler+32
x11 <- 0x000000000000005D

clint mtime 0x00000000000004AD (mip.MTI <- 0b1, mip.STI <- 0b0)
mem[X,0x00000000800023D4] -> 0xD5B3
mem[X,0x00000000800023D6] -> 0x0095
[2394] [M]: 0x00000000800023D4 (0x0095D5B3) srl x11, x11, x9                        common_Mexcpt_handler+36
x11 <- 0x000000000000005D

mem[X,0x00000000800023D8] -> 0xF593
mem[X,0x00000000800023DA] -> 0x0015
[2395] [M]: 0x00000000800023D8 (0x0015F593) andi x11, x11, 0x1                      common_Mexcpt_handler+40
x11 <- 0x0000000000000001

clint mtime 0x00000000000004AE (mip.MTI <- 0b1, mip.STI <- 0b0)
mem[X,0x00000000800023DC] -> 0x8EE3
mem[X,0x00000000800023DE] -> 0xF405
[2396] [M]: 0x00000000800023DC (0xF4058EE3) beq x11, x0, -0xa4                      common_Mexcpt_handler+44

mem[X,0x00000000800023E0] -> 0x0593
mem[X,0x00000000800023E2] -> 0x2980
[2397] [M]: 0x00000000800023E0 (0x29800593) addi x11, x0, 0x298                     common_Mexcpt_handler+48
x11 <- 0x0000000000000298

clint mtime 0x00000000000004AF (mip.MTI <- 0b1, mip.STI <- 0b0)
mem[X,0x00000000800023E4] -> 0xF413
mem[X,0x00000000800023E6] -> 0x0014
[2398] [M]: 0x00000000800023E4 (0x0014F413) andi x8, x9, 0x1                        common_Mexcpt_handler+52
x8 <- 0x0000000000000000

mem[X,0x00000000800023E8] -> 0x95B3
mem[X,0x00000000800023EA] -> 0x0085
[2399] [M]: 0x00000000800023E8 (0x008595B3) sll x11, x11, x8                        common_Mexcpt_handler+56
x11 <- 0x0000000000000298

clint mtime 0x00000000000004B0 (mip.MTI <- 0b1, mip.STI <- 0b0)
mem[X,0x00000000800023EC] -> 0x9413
mem[X,0x00000000800023EE] -> 0x03D4
[2400] [M]: 0x00000000800023EC (0x03D49413) slli x8, x9, 0x3d                       common_Mexcpt_handler+60
x8 <- 0x0000000000000000

mem[X,0x00000000800023F0] -> 0x5413
mem[X,0x00000000800023F2] -> 0x43F4
[2401] [M]: 0x00000000800023F0 (0x43F45413) srai x8, x8, 0x3f                       common_Mexcpt_handler+64
x8 <- 0x0000000000000000

clint mtime 0x00000000000004B1 (mip.MTI <- 0b1, mip.STI <- 0b0)
mem[X,0x00000000800023F4] -> 0x4413
mem[X,0x00000000800023F6] -> 0xFFF4
[2402] [M]: 0x00000000800023F4 (0xFFF44413) xori x8, x8, -0x1                       common_Mexcpt_handler+68
x8 <- 0xFFFFFFFFFFFFFFFF

mem[X,0x00000000800023F8] -> 0xF4B3
mem[X,0x00000000800023FA] -> 0x0085
[2403] [M]: 0x00000000800023F8 (0x0085F4B3) and x9, x11, x8                         common_Mexcpt_handler+72
x9 <- 0x0000000000000298

clint mtime 0x00000000000004B2 (mip.MTI <- 0b1, mip.STI <- 0b0)
mem[X,0x00000000800023FC] -> 0x84B3
mem[X,0x00000000800023FE] -> 0x0024
[2404] [M]: 0x00000000800023FC (0x002484B3) add x9, x9, x2                          vmem_adj_Mepc+0
x9 <- 0x0000000080006298

mem[X,0x0000000080002400] -> 0x23F3
mem[X,0x0000000080002402] -> 0x3410
[2405] [M]: 0x0000000080002400 (0x341023F3) csrrs x7, mepc, x0                      vmem_adj_Mepc+4
CSR mepc (0x341) -> 0x0000000080002000
x7 <- 0x0000000080002000

clint mtime 0x00000000000004B3 (mip.MTI <- 0b1, mip.STI <- 0b0)
mem[X,0x0000000080002404] -> 0x0413
mem[X,0x0000000080002406] -> 0x0004
[2406] [M]: 0x0000000080002404 (0x00040413) addi x8, x8, 0x0                        vmem_adj_Mepc+8
x8 <- 0xFFFFFFFFFFFFFFFF

mem[X,0x0000000080002408] -> 0x006F
mem[X,0x000000008000240A] -> 0x0400
[2407] [M]: 0x0000000080002408 (0x0400006F) jal x0, 0x40                            vmem_adj_Mepc+12

clint mtime 0x00000000000004B4 (mip.MTI <- 0b1, mip.STI <- 0b0)
mem[X,0x0000000080002448] -> 0x8433
mem[X,0x000000008000244A] -> 0x4083
[2408] [M]: 0x0000000080002448 (0x40838433) sub x8, x7, x8                          adj_Mepc+0
x8 <- 0x0000000080002001

mem[X,0x000000008000244C] -> 0x3823
mem[X,0x000000008000244E] -> 0x0083
[2409] [M]: 0x000000008000244C (0x00833823) sd x8, 0x10(x6)                         sv_Mepc+0
mem[W,0x00000000800074B0] <- 0x0000000080002001

clint mtime 0x00000000000004B5 (mip.MTI <- 0b1, mip.STI <- 0b0)
mem[X,0x0000000080002450] -> 0x55B7
mem[X,0x0000000080002452] -> 0x0000
[2410] [M]: 0x0000000080002450 (0x000055B7) lui x11, 0x5                            sv_Mepc+4
x11 <- 0x0000000000005000

mem[X,0x0000000080002454] -> 0x8593
mem[X,0x0000000080002456] -> 0x6675
[2411] [M]: 0x0000000080002454 (0x66758593) addi x11, x11, 0x667                    sv_Mepc+8
x11 <- 0x0000000000005667

clint mtime 0x00000000000004B6 (mip.MTI <- 0b1, mip.STI <- 0b0)
mem[X,0x0000000080002458] -> 0x9593
mem[X,0x000000008000245A] -> 0x0015
[2412] [M]: 0x0000000080002458 (0x00159593) slli x11, x11, 0x1                      sv_Mepc+12
x11 <- 0x000000000000ACCE

mem[X,0x000000008000245C] -> 0x9063
mem[X,0x000000008000245E] -> 0x02B1
[2413] [M]: 0x000000008000245C (0x02B19063) bne x3, x11, 0x20                       sv_Mepc+16

clint mtime 0x00000000000004B7 (mip.MTI <- 0b1, mip.STI <- 0b0)
mem[X,0x0000000080002460] -> 0x2473
mem[X,0x0000000080002462] -> 0x3420
[2414] [M]: 0x0000000080002460 (0x34202473) csrrs x8, mcause, x0                    sv_Mepc+20
CSR mcause (0x342) -> 0x0000000000000001
x8 <- 0x0000000000000001

mem[X,0x0000000080002464] -> 0x0593
mem[X,0x0000000080002466] -> 0x00C0
[2415] [M]: 0x0000000080002464 (0x00C00593) addi x11, x0, 0xc                       sv_Mepc+24
x11 <- 0x000000000000000C

clint mtime 0x00000000000004B8 (mip.MTI <- 0b1, mip.STI <- 0b0)
mem[X,0x0000000080002468] -> 0x0663
mem[X,0x000000008000246A] -> 0x00B4
[2416] [M]: 0x0000000080002468 (0x00B40663) beq x8, x11, 0xc                        sv_Mepc+28

mem[X,0x000000008000246C] -> 0x0593
mem[X,0x000000008000246E] -> 0x0010
[2417] [M]: 0x000000008000246C (0x00100593) addi x11, x0, 0x1                       sv_Mepc+32
x11 <- 0x0000000000000001

clint mtime 0x00000000000004B9 (mip.MTI <- 0b1, mip.STI <- 0b0)
mem[X,0x0000000080002470] -> 0x1663
mem[X,0x0000000080002472] -> 0x00B4
[2418] [M]: 0x0000000080002470 (0x00B41663) bne x8, x11, 0xc                        sv_Mepc+36

mem[X,0x0000000080002474] -> 0x1073
mem[X,0x0000000080002476] -> 0x3412
[2419] [M]: 0x0000000080002474 (0x34121073) csrrw x0, mepc, x4                      sv_Mepc+40
CSR mepc (0x341) <- 0x0000000080000BC8

clint mtime 0x00000000000004BA (mip.MTI <- 0b1, mip.STI <- 0b0)
mem[X,0x0000000080002478] -> 0x006F
mem[X,0x000000008000247A] -> 0x0100
[2420] [M]: 0x0000000080002478 (0x0100006F) jal x0, 0x10                            sv_Mepc+44

mem[X,0x0000000080002488] -> 0x23F3
mem[X,0x000000008000248A] -> 0x3430
[2421] [M]: 0x0000000080002488 (0x343023F3) csrrs x7, mtval, x0                     skp_adj_Mepc+0
CSR mtval (0x343) -> 0x0000000080002000
x7 <- 0x0000000080002000

clint mtime 0x00000000000004BB (mip.MTI <- 0b1, mip.STI <- 0b0)
mem[X,0x000000008000248C] -> 0x7513
mem[X,0x000000008000248E] -> 0x00F5
[2422] [M]: 0x000000008000248C (0x00F57513) andi x10, x10, 0xf                      chk_Mtval+0
x10 <- 0x0000000000000001

mem[X,0x0000000080002490] -> 0x0437
mem[X,0x0000000080002492] -> 0x0000
[2423] [M]: 0x0000000080002490 (0x00000437) lui x8, 0x0                             chk_Mtval+4
x8 <- 0x0000000000000000

clint mtime 0x00000000000004BC (mip.MTI <- 0b1, mip.STI <- 0b0)
mem[X,0x0000000080002494] -> 0x0413
mem[X,0x0000000080002496] -> 0x0004
[2424] [M]: 0x0000000080002494 (0x00040413) addi x8, x8, 0x0                        chk_Mtval+8
x8 <- 0x0000000000000000

mem[X,0x0000000080002498] -> 0x1413
mem[X,0x000000008000249A] -> 0x00B4
[2425] [M]: 0x0000000080002498 (0x00B41413) slli x8, x8, 0xb                        chk_Mtval+12
x8 <- 0x0000000000000000

clint mtime 0x00000000000004BD (mip.MTI <- 0b1, mip.STI <- 0b0)
mem[X,0x000000008000249C] -> 0x0413
mem[X,0x000000008000249E] -> 0x0004
[2426] [M]: 0x000000008000249C (0x00040413) addi x8, x8, 0x0                        chk_Mtval+16
x8 <- 0x0000000000000000

mem[X,0x00000000800024A0] -> 0x1413
mem[X,0x00000000800024A2] -> 0x00B4
[2427] [M]: 0x00000000800024A0 (0x00B41413) slli x8, x8, 0xb                        chk_Mtval+20
x8 <- 0x0000000000000000

clint mtime 0x00000000000004BE (mip.MTI <- 0b1, mip.STI <- 0b0)
mem[X,0x00000000800024A4] -> 0x0413
mem[X,0x00000000800024A6] -> 0x02C4
[2428] [M]: 0x00000000800024A4 (0x02C40413) addi x8, x8, 0x2c                       chk_Mtval+24
x8 <- 0x000000000000002C

mem[X,0x00000000800024A8] -> 0x1413
mem[X,0x00000000800024AA] -> 0x00A4
[2429] [M]: 0x00000000800024A8 (0x00A41413) slli x8, x8, 0xa                        chk_Mtval+28
x8 <- 0x000000000000B000

clint mtime 0x00000000000004BF (mip.MTI <- 0b1, mip.STI <- 0b0)
mem[X,0x00000000800024AC] -> 0x0413
mem[X,0x00000000800024AE] -> 0x0FB4
[2430] [M]: 0x00000000800024AC (0x0FB40413) addi x8, x8, 0xfb                       chk_Mtval+32
x8 <- 0x000000000000B0FB

mem[X,0x00000000800024B0] -> 0x5433
mem[X,0x00000000800024B2] -> 0x00A4
[2431] [M]: 0x00000000800024B0 (0x00A45433) srl x8, x8, x10                         chk_Mtval+36
x8 <- 0x000000000000587D

clint mtime 0x00000000000004C0 (mip.MTI <- 0b1, mip.STI <- 0b0)
mem[X,0x00000000800024B4] -> 0x1413
mem[X,0x00000000800024B6] -> 0x03F4
[2432] [M]: 0x00000000800024B4 (0x03F41413) slli x8, x8, 0x3f                       chk_Mtval+40
x8 <- 0x8000000000000000

mem[X,0x00000000800024B8] -> 0x5C63
mem[X,0x00000000800024BA] -> 0x0404
[2433] [M]: 0x00000000800024B8 (0x04045C63) bge x8, x0, 0x58                        chk_Mtval+44

clint mtime 0x00000000000004C1 (mip.MTI <- 0b1, mip.STI <- 0b0)
mem[X,0x00000000800024BC] -> 0xB403
mem[X,0x00000000800024BE] -> 0x2084
[2434] [M]: 0x00000000800024BC (0x2084B403) ld x8, 0x208(x9)                        vmem_adj_Mtval+0
mem[R,0x00000000800064A0] -> 0x00000000800003B4
x8 <- 0x00000000800003B4

mem[X,0x00000000800024C0] -> 0xB583
mem[X,0x00000000800024C2] -> 0x2104
[2435] [M]: 0x00000000800024C0 (0x2104B583) ld x11, 0x210(x9)                       vmem_adj_Mtval+4
mem[R,0x00000000800064A8] -> 0x0000000000001C60
x11 <- 0x0000000000001C60

clint mtime 0x00000000000004C2 (mip.MTI <- 0b1, mip.STI <- 0b0)
mem[X,0x00000000800024C4] -> 0x85B3
mem[X,0x00000000800024C6] -> 0x0085
[2436] [M]: 0x00000000800024C4 (0x008585B3) add x11, x11, x8                        vmem_adj_Mtval+8
x11 <- 0x0000000080002014

mem[X,0x00000000800024C8] -> 0xF463
mem[X,0x00000000800024CA] -> 0x00B3
[2437] [M]: 0x00000000800024C8 (0x00B3F463) bgeu x7, x11, 0x8                       vmem_adj_Mtval+12

clint mtime 0x00000000000004C3 (mip.MTI <- 0b1, mip.STI <- 0b0)
mem[X,0x00000000800024CC] -> 0xF063
mem[X,0x00000000800024CE] -> 0x0483
[2438] [M]: 0x00000000800024CC (0x0483F063) bgeu x7, x8, 0x40                       vmem_adj_Mtval+16

mem[X,0x000000008000250C] -> 0x8433
mem[X,0x000000008000250E] -> 0x4083
[2439] [M]: 0x000000008000250C (0x40838433) sub x8, x7, x8                          adj_Mtval+0
x8 <- 0x0000000000001C4C

clint mtime 0x00000000000004C4 (mip.MTI <- 0b1, mip.STI <- 0b0)
mem[X,0x0000000080002510] -> 0x3C23
mem[X,0x0000000080002512] -> 0x0083
[2440] [M]: 0x0000000080002510 (0x00833C23) sd x8, 0x18(x6)                         sv_Mtval+0
mem[W,0x00000000800074B8] <- 0x0000000000001C4C

mem[X,0x0000000080002514] -> 0x3483
mem[X,0x0000000080002516] -> 0x2181
[2441] [M]: 0x0000000080002514 (0x21813483) ld x9, 0x218(x2)                        skp_Mtval+0
mem[R,0x0000000080006218] -> 0x00000000800074C0
x9 <- 0x00000000800074C0

clint mtime 0x00000000000004C5 (mip.MTI <- 0b1, mip.STI <- 0b0)
mem[X,0x0000000080002518] -> 0x3383
mem[X,0x000000008000251A] -> 0x1F81
[2442] [M]: 0x0000000080002518 (0x1F813383) ld x7, 0x1f8(x2)                        skp_Mtval+4
mem[R,0x00000000800061F8] -> 0x0000000080007210
x7 <- 0x0000000080007210

mem[X,0x000000008000251C] -> 0x3303
mem[X,0x000000008000251E] -> 0x2001
[2443] [M]: 0x000000008000251C (0x20013303) ld x6, 0x200(x2)                        skp_Mtval+8
mem[R,0x0000000080006200] -> 0x0000000000000920
x6 <- 0x0000000000000920

clint mtime 0x00000000000004C6 (mip.MTI <- 0b1, mip.STI <- 0b0)
mem[X,0x0000000080002520] -> 0x0333
mem[X,0x0000000080002522] -> 0x0073
[2444] [M]: 0x0000000080002520 (0x00730333) add x6, x6, x7                          skp_Mtval+12
x6 <- 0x0000000080007B30

mem[X,0x0000000080002524] -> 0x6CE3
mem[X,0x0000000080002526] -> 0xAE93
[2445] [M]: 0x0000000080002524 (0xAE936CE3) bltu x6, x9, -0x508                     skp_Mtval+16

clint mtime 0x00000000000004C7 (mip.MTI <- 0b1, mip.STI <- 0b0)
mem[X,0x0000000080002528] -> 0x0393
mem[X,0x000000008000252A] -> 0x2000
[2446] [M]: 0x0000000080002528 (0x20000393) addi x7, x0, 0x200                      skp_Mtval+20
x7 <- 0x0000000000000200

mem[X,0x000000008000252C] -> 0x006F
mem[X,0x000000008000252E] -> 0x0400
[2447] [M]: 0x000000008000252C (0x0400006F) jal x0, 0x40                            skp_Mtval+24

clint mtime 0x00000000000004C8 (mip.MTI <- 0b1, mip.STI <- 0b0)
mem[X,0x000000008000256C] -> 0x0417
mem[X,0x000000008000256E] -> 0x0000
[2448] [M]: 0x000000008000256C (0x00000417) auipc x8, 0x0                           spcl_Mhandler+0
x8 <- 0x000000008000256C

mem[X,0x0000000080002570] -> 0x0413
mem[X,0x0000000080002572] -> 0x03C4
[2449] [M]: 0x0000000080002570 (0x03C40413) addi x8, x8, 0x3c                       spcl_Mhandler+4
x8 <- 0x00000000800025A8

clint mtime 0x00000000000004C9 (mip.MTI <- 0b1, mip.STI <- 0b0)
mem[X,0x0000000080002574] -> 0x0433
mem[X,0x0000000080002576] -> 0x0074
[2450] [M]: 0x0000000080002574 (0x00740433) add x8, x8, x7                          spcl_Mhandler+8
x8 <- 0x00000000800027A8

mem[X,0x0000000080002578] -> 0x1393
mem[X,0x000000008000257A] -> 0x0035
[2451] [M]: 0x0000000080002578 (0x00351393) slli x7, x10, 0x3                       spcl_Mhandler+12
x7 <- 0x0000000000000008

clint mtime 0x00000000000004CA (mip.MTI <- 0b1, mip.STI <- 0b0)
mem[X,0x000000008000257C] -> 0x0433
mem[X,0x000000008000257E] -> 0x0074
[2452] [M]: 0x000000008000257C (0x00740433) add x8, x8, x7                          spcl_Mhandler+16
x8 <- 0x00000000800027B0

mem[X,0x0000000080002580] -> 0x7413
mem[X,0x0000000080002582] -> 0xFF84
[2453] [M]: 0x0000000080002580 (0xFF847413) andi x8, x8, -0x8                       spcl_Mhandler+20
x8 <- 0x00000000800027B0

clint mtime 0x00000000000004CB (mip.MTI <- 0b1, mip.STI <- 0b0)
mem[X,0x0000000080002584] -> 0x3403
mem[X,0x0000000080002586] -> 0x0004
[2454] [M]: 0x0000000080002584 (0x00043403) ld x8, 0x0(x8)                          spcl_Mhandler+24
mem[R,0x00000000800027B0] -> 0x0000000000000003
x8 <- 0x0000000000000003

mem[X,0x0000000080002588] -> 0x04E3
mem[X,0x000000008000258A] -> 0xB204
[2455] [M]: 0x0000000080002588 (0xB20404E3) beq x8, x0, -0x4d8                      spcl_Mdispatch_hndling+0

clint mtime 0x00000000000004CC (mip.MTI <- 0b1, mip.STI <- 0b0)
mem[X,0x000000008000258C] -> 0x1393
mem[X,0x000000008000258E] -> 0x03F4
[2456] [M]: 0x000000008000258C (0x03F41393) slli x7, x8, 0x3f                       spcl_Mdispatch_hndling+4
x7 <- 0x8000000000000000

mem[X,0x0000000080002590] -> 0xD863
mem[X,0x0000000080002592] -> 0x0003
[2457] [M]: 0x0000000080002590 (0x0003D863) bge x7, x0, 0x10                        spcl_Mdispatch_hndling+8

clint mtime 0x00000000000004CD (mip.MTI <- 0b1, mip.STI <- 0b0)
mem[X,0x0000000080002594] -> 0x5413
mem[X,0x0000000080002596] -> 0x0014
[2458] [M]: 0x0000000080002594 (0x00145413) srli x8, x8, 0x1                        spcl_Mdispatch_hndling+12
x8 <- 0x0000000000000001

mem[X,0x0000000080002598] -> 0x0CE3
mem[X,0x000000008000259A] -> 0xF885
[2459] [M]: 0x0000000080002598 (0xF8850CE3) beq x10, x8, -0x68                      spcl_Mdispatch_hndling+16

clint mtime 0x00000000000004CE (mip.MTI <- 0b1, mip.STI <- 0b0)
mem[X,0x0000000080002530] -> 0x3303
mem[X,0x0000000080002532] -> 0x2601
[2460] [M]: 0x0000000080002530 (0x26013303) ld x6, 0x260(x2)                        resto_Mrtn+0
mem[R,0x0000000080006260] -> 0x0000000000000010
x6 <- 0x0000000000000010

mem[X,0x0000000080002534] -> 0x3383
mem[X,0x0000000080002536] -> 0x2681
[2461] [M]: 0x0000000080002534 (0x26813383) ld x7, 0x268(x2)                        resto_Mrtn+4
mem[R,0x0000000080006268] -> 0x0000000080006000
x7 <- 0x0000000080006000

clint mtime 0x00000000000004CF (mip.MTI <- 0b1, mip.STI <- 0b0)
mem[X,0x0000000080002538] -> 0x3403
mem[X,0x000000008000253A] -> 0x2701
[2462] [M]: 0x0000000080002538 (0x27013403) ld x8, 0x270(x2)                        resto_Mrtn+8
mem[R,0x0000000080006270] -> 0x0000000000007F76
x8 <- 0x0000000000007F76

mem[X,0x000000008000253C] -> 0x3483
mem[X,0x000000008000253E] -> 0x2781
[2463] [M]: 0x000000008000253C (0x27813483) ld x9, 0x278(x2)                        resto_Mrtn+12
mem[R,0x0000000080006278] -> 0x0000000080000AB4
x9 <- 0x0000000080000AB4

clint mtime 0x00000000000004D0 (mip.MTI <- 0b1, mip.STI <- 0b0)
mem[X,0x0000000080002540] -> 0x3503
mem[X,0x0000000080002542] -> 0x2801
[2464] [M]: 0x0000000080002540 (0x28013503) ld x10, 0x280(x2)                       resto_Mrtn+16
mem[R,0x0000000080006280] -> 0x0000000000000001
x10 <- 0x0000000000000001

mem[X,0x0000000080002544] -> 0x3583
mem[X,0x0000000080002546] -> 0x2881
[2465] [M]: 0x0000000080002544 (0x28813583) ld x11, 0x288(x2)                       resto_Mrtn+20
mem[R,0x0000000080006288] -> 0x0000000000000000
x11 <- 0x0000000000000000

clint mtime 0x00000000000004D1 (mip.MTI <- 0b1, mip.STI <- 0b0)
mem[X,0x0000000080002548] -> 0x3103
mem[X,0x000000008000254A] -> 0x2901
[2466] [M]: 0x0000000080002548 (0x29013103) ld x2, 0x290(x2)                        resto_Mrtn+24
mem[R,0x0000000080006290] -> 0x0000000000000000
x2 <- 0x0000000000000000

mem[X,0x000000008000254C] -> 0x0073
mem[X,0x000000008000254E] -> 0x3020
[2467] [M]: 0x000000008000254C (0x30200073) mret                                    resto_Mrtn+28
CSR mstatus (0x300) <- 0x0000000A00000080
ret-ing from M to S

clint mtime 0x00000000000004D2 (mip.MTI <- 0b1, mip.STI <- 0b0)
mem[X,0x0000000080000BC8] -> 0x0013
mem[X,0x0000000080000BCA] -> 0x0000
[2468] [S]: 0x0000000080000BC8 (0x00000013) addi x0, x0, 0x0                        main+2024

mem[X,0x0000000080000BCC] -> 0x0713
mem[X,0x0000000080000BCE] -> 0xFFC7
[2469] [S]: 0x0000000080000BCC (0xFFC70713) addi x14, x14, -0x4                     main+2028
x14 <- 0x0000000080001FFC

clint mtime 0x00000000000004D3 (mip.MTI <- 0b1, mip.STI <- 0b0)
mem[X,0x0000000080000BD0] -> 0x0013
mem[X,0x0000000080000BD2] -> 0x0000
[2470] [S]: 0x0000000080000BD0 (0x00000013) addi x0, x0, 0x0                        main+2032

mem[X,0x0000000080000BD4] -> 0x0013
mem[X,0x0000000080000BD6] -> 0x0000
[2471] [S]: 0x0000000080000BD4 (0x00000013) addi x0, x0, 0x0                        main+2036

clint mtime 0x00000000000004D4 (mip.MTI <- 0b1, mip.STI <- 0b0)
mem[X,0x0000000080000BD8] -> 0x0013
mem[X,0x0000000080000BDA] -> 0x0000
[2472] [S]: 0x0000000080000BD8 (0x00000013) addi x0, x0, 0x0                        main+2040

mem[X,0x0000000080000BDC] -> 0x0013
mem[X,0x0000000080000BDE] -> 0x0000
[2473] [S]: 0x0000000080000BDC (0x00000013) addi x0, x0, 0x0                        main+2044

clint mtime 0x00000000000004D5 (mip.MTI <- 0b1, mip.STI <- 0b0)
mem[X,0x0000000080000BE0] -> 0x0217
mem[X,0x0000000080000BE2] -> 0x0000
[2474] [S]: 0x0000000080000BE0 (0x00000217) auipc x4, 0x0                           main+2048
x4 <- 0x0000000080000BE0

mem[X,0x0000000080000BE4] -> 0x0213
mem[X,0x0000000080000BE6] -> 0x0282
[2475] [S]: 0x0000000080000BE4 (0x02820213) addi x4, x4, 0x28                       main+2052
x4 <- 0x0000000080000C08

clint mtime 0x00000000000004D6 (mip.MTI <- 0b1, mip.STI <- 0b0)
mem[X,0x0000000080000BE8] -> 0x0001
[2476] [S]: 0x0000000080000BE8 (0x0001) c.nop                                       main+2056

mem[X,0x0000000080000BEA] -> 0x0013
mem[X,0x0000000080000BEC] -> 0x0000
[2477] [S]: 0x0000000080000BEA (0x00000013) addi x0, x0, 0x0                        main+2058

clint mtime 0x00000000000004D7 (mip.MTI <- 0b1, mip.STI <- 0b0)
mem[X,0x0000000080000BEE] -> 0x0013
mem[X,0x0000000080000BF0] -> 0x0000
[2478] [S]: 0x0000000080000BEE (0x00000013) addi x0, x0, 0x0                        main+2062

mem[X,0x0000000080000BF2] -> 0x0013
mem[X,0x0000000080000BF4] -> 0x0000
[2479] [S]: 0x0000000080000BF2 (0x00000013) addi x0, x0, 0x0                        main+2066

clint mtime 0x00000000000004D8 (mip.MTI <- 0b1, mip.STI <- 0b0)
mem[X,0x0000000080000BF6] -> 0x0013
mem[X,0x0000000080000BF8] -> 0x0000
[2480] [S]: 0x0000000080000BF6 (0x00000013) addi x0, x0, 0x0                        main+2070

mem[X,0x0000000080000BFA] -> 0x0013
mem[X,0x0000000080000BFC] -> 0x0000
[2481] [S]: 0x0000000080000BFA (0x00000013) addi x0, x0, 0x0                        main+2074

clint mtime 0x00000000000004D9 (mip.MTI <- 0b1, mip.STI <- 0b0)
mem[X,0x0000000080000BFE] -> 0x0001
[2482] [S]: 0x0000000080000BFE (0x0001) c.nop                                       main+2078

mem[X,0x0000000080000C00] -> 0x00E7
mem[X,0x0000000080000C02] -> 0x0007
[2483] [S]: 0x0000000080000C00 (0x000700E7) jalr x1, 0x0(x14)                       main+2080
x1 <- 0x0000000080000C04

clint mtime 0x00000000000004DA (mip.MTI <- 0b1, mip.STI <- 0b0)
mem[X,0x0000000080001FFC] -> 0x0013
mem[X,0x0000000080001FFE] -> 0x0000
[2484] [S]: 0x0000000080001FFC (0x00000013) addi x0, x0, 0x0                        main+7196

trapping from S to M to handle fetch-access-fault
handling exc#fetch-access-fault at priv M with tval 0x0000000080002000
CSR mstatus (0x300) <- 0x0000000A00000800
CSR mcause (0x342) <- 0x0000000000000001
CSR mtval (0x343) <- 0x0000000080002000
CSR mepc (0x341) <- 0x0000000080002000

clint mtime 0x00000000000004DB (mip.MTI <- 0b1, mip.STI <- 0b0)
mem[X,0x0000000080002100] -> 0x006F
mem[X,0x0000000080002102] -> 0x1000
[2486] [M]: 0x0000000080002100 (0x1000006F) jal x0, 0x100                           Mtrampoline+0

mem[X,0x0000000080002200] -> 0x1173
mem[X,0x0000000080002202] -> 0x3401
[2487] [M]: 0x0000000080002200 (0x34011173) csrrw x2, mscratch, x2                  trap_Mhandler+0
CSR mscratch (0x340) <- 0x0000000000000000
x2 <- 0x0000000080006000

clint mtime 0x00000000000004DC (mip.MTI <- 0b1, mip.STI <- 0b0)
mem[X,0x0000000080002204] -> 0x3423
mem[X,0x0000000080002206] -> 0x28B1
[2488] [M]: 0x0000000080002204 (0x28B13423) sd x11, 0x288(x2)                       trap_Mhandler+4
mem[W,0x0000000080006288] <- 0x0000000000000000

mem[X,0x0000000080002208] -> 0x05EF
mem[X,0x000000008000220A] -> 0x0B80
[2489] [M]: 0x0000000080002208 (0x0B8005EF) jal x11, 0xb8                           trap_Mhandler+8
x11 <- 0x000000008000220C

clint mtime 0x00000000000004DD (mip.MTI <- 0b1, mip.STI <- 0b0)
mem[X,0x00000000800022C0] -> 0x3023
mem[X,0x00000000800022C2] -> 0x28A1
[2490] [M]: 0x00000000800022C0 (0x28A13023) sd x10, 0x280(x2)                       common_Mhandler+0
mem[W,0x0000000080006280] <- 0x0000000000000001

mem[X,0x00000000800022C4] -> 0x1573
mem[X,0x00000000800022C6] -> 0x3401
[2491] [M]: 0x00000000800022C4 (0x34011573) csrrw x10, mscratch, x2                 common_Mhandler+4
CSR mscratch (0x340) <- 0x0000000080006000
x10 <- 0x0000000000000000

clint mtime 0x00000000000004DE (mip.MTI <- 0b1, mip.STI <- 0b0)
mem[X,0x00000000800022C8] -> 0x3823
mem[X,0x00000000800022CA] -> 0x28A1
[2492] [M]: 0x00000000800022C8 (0x28A13823) sd x10, 0x290(x2)                       common_Mhandler+8
mem[W,0x0000000080006290] <- 0x0000000000000000

mem[X,0x00000000800022CC] -> 0x3503
mem[X,0x00000000800022CE] -> 0x2301
[2493] [M]: 0x00000000800022CC (0x23013503) ld x10, 0x230(x2)                       common_Mhandler+12
mem[R,0x0000000080006230] -> 0x00000000800022D4
x10 <- 0x00000000800022D4

clint mtime 0x00000000000004DF (mip.MTI <- 0b1, mip.STI <- 0b0)
mem[X,0x00000000800022D0] -> 0x0067
mem[X,0x00000000800022D2] -> 0x0005
[2494] [M]: 0x00000000800022D0 (0x00050067) jalr x0, 0x0(x10)                       common_Mhandler+16

mem[X,0x00000000800022D4] -> 0x3C23
mem[X,0x00000000800022D6] -> 0x2691
[2495] [M]: 0x00000000800022D4 (0x26913C23) sd x9, 0x278(x2)                        common_Mentry+0
mem[W,0x0000000080006278] <- 0x0000000080000AB4

clint mtime 0x00000000000004E0 (mip.MTI <- 0b1, mip.STI <- 0b0)
mem[X,0x00000000800022D8] -> 0x3823
mem[X,0x00000000800022DA] -> 0x2681
[2496] [M]: 0x00000000800022D8 (0x26813823) sd x8, 0x270(x2)                        common_Mentry+4
mem[W,0x0000000080006270] <- 0x0000000000007F76

mem[X,0x00000000800022DC] -> 0x3423
mem[X,0x00000000800022DE] -> 0x2671
[2497] [M]: 0x00000000800022DC (0x26713423) sd x7, 0x268(x2)                        common_Mentry+8
mem[W,0x0000000080006268] <- 0x0000000080006000

clint mtime 0x00000000000004E1 (mip.MTI <- 0b1, mip.STI <- 0b0)
mem[X,0x00000000800022E0] -> 0x3023
mem[X,0x00000000800022E2] -> 0x2661
[2498] [M]: 0x00000000800022E0 (0x26613023) sd x6, 0x260(x2)                        common_Mentry+12
mem[W,0x0000000080006260] <- 0x0000000000000010

mem[X,0x00000000800022E4] -> 0x2573
mem[X,0x00000000800022E6] -> 0x3420
[2499] [M]: 0x00000000800022E4 (0x34202573) csrrs x10, mcause, x0                   spcl_M2mmode_test+0
CSR mcause (0x342) -> 0x0000000000000001
x10 <- 0x0000000000000001

clint mtime 0x00000000000004E2 (mip.MTI <- 0b1, mip.STI <- 0b0)
mem[X,0x00000000800022E8] -> 0x04B7
mem[X,0x00000000800022EA] -> 0x8000
[2500] [M]: 0x00000000800022E8 (0x800004B7) lui x9, -0x80000                        spcl_M2mmode_test+4
x9 <- 0xFFFFFFFF80000000

mem[X,0x00000000800022EC] -> 0x8493
mem[X,0x00000000800022EE] -> 0x0004
[2501] [M]: 0x00000000800022EC (0x00048493) addi x9, x9, 0x0                        spcl_M2mmode_test+8
x9 <- 0xFFFFFFFF80000000

clint mtime 0x00000000000004E3 (mip.MTI <- 0b1, mip.STI <- 0b0)
mem[X,0x00000000800022F0] -> 0x9493
mem[X,0x00000000800022F2] -> 0x00B4
[2502] [M]: 0x00000000800022F0 (0x00B49493) slli x9, x9, 0xb                        spcl_M2mmode_test+12
x9 <- 0xFFFFFC0000000000

mem[X,0x00000000800022F4] -> 0x8493
mem[X,0x00000000800022F6] -> 0x0004
[2503] [M]: 0x00000000800022F4 (0x00048493) addi x9, x9, 0x0                        spcl_M2mmode_test+16
x9 <- 0xFFFFFC0000000000

clint mtime 0x00000000000004E4 (mip.MTI <- 0b1, mip.STI <- 0b0)
mem[X,0x00000000800022F8] -> 0x9493
mem[X,0x00000000800022FA] -> 0x00B4
[2504] [M]: 0x00000000800022F8 (0x00B49493) slli x9, x9, 0xb                        spcl_M2mmode_test+20
x9 <- 0xFFE0000000000000

mem[X,0x00000000800022FC] -> 0x8493
mem[X,0x00000000800022FE] -> 0x0034
[2505] [M]: 0x00000000800022FC (0x00348493) addi x9, x9, 0x3                        spcl_M2mmode_test+24
x9 <- 0xFFE0000000000003

clint mtime 0x00000000000004E5 (mip.MTI <- 0b1, mip.STI <- 0b0)
mem[X,0x0000000080002300] -> 0x9493
mem[X,0x0000000080002302] -> 0x00A4
[2506] [M]: 0x0000000080002300 (0x00A49493) slli x9, x9, 0xa                        spcl_M2mmode_test+28
x9 <- 0x8000000000000C00

mem[X,0x0000000080002304] -> 0x8493
mem[X,0x0000000080002306] -> 0x3FC4
[2507] [M]: 0x0000000080002304 (0x3FC48493) addi x9, x9, 0x3fc                      spcl_M2mmode_test+32
x9 <- 0x8000000000000FFC

clint mtime 0x00000000000004E6 (mip.MTI <- 0b1, mip.STI <- 0b0)
mem[X,0x0000000080002308] -> 0xF4B3
mem[X,0x000000008000230A] -> 0x00A4
[2508] [M]: 0x0000000080002308 (0x00A4F4B3) and x9, x9, x10                         spcl_M2mmode_test+36
x9 <- 0x0000000000000000

mem[X,0x000000008000230C] -> 0x8493
mem[X,0x000000008000230E] -> 0xFF84
[2509] [M]: 0x000000008000230C (0xFF848493) addi x9, x9, -0x8                       spcl_M2mmode_test+40
x9 <- 0xFFFFFFFFFFFFFFF8

clint mtime 0x00000000000004E7 (mip.MTI <- 0b1, mip.STI <- 0b0)
mem[X,0x0000000080002310] -> 0x9663
mem[X,0x0000000080002312] -> 0x0004
[2510] [M]: 0x0000000080002310 (0x00049663) bne x9, x0, 0xc                         spcl_M2mmode_test+44

mem[X,0x000000008000231C] -> 0x0393
mem[X,0x000000008000231E] -> 0x0200
[2511] [M]: 0x000000008000231C (0x02000393) addi x7, x0, 0x20                       Mtrapsig_ptr_upd+0
x7 <- 0x0000000000000020

clint mtime 0x00000000000004E8 (mip.MTI <- 0b1, mip.STI <- 0b0)
mem[X,0x0000000080002320] -> 0x5263
mem[X,0x0000000080002322] -> 0x0405
[2512] [M]: 0x0000000080002320 (0x04055263) bge x10, x0, 0x44                       Mtrapsig_ptr_upd+4

mem[X,0x0000000080002364] -> 0x2373
mem[X,0x0000000080002366] -> 0x3010
[2513] [M]: 0x0000000080002364 (0x30102373) csrrs x6, misa, x0                      Mxcpt_sig_sv+0
CSR misa (0x301) -> 0x800000000034112F
x6 <- 0x800000000034112F

clint mtime 0x00000000000004E9 (mip.MTI <- 0b1, mip.STI <- 0b0)
mem[X,0x0000000080002368] -> 0x1313
mem[X,0x000000008000236A] -> 0x0383
[2514] [M]: 0x0000000080002368 (0x03831313) slli x6, x6, 0x38                       Mxcpt_sig_sv+4
x6 <- 0x2F00000000000000

mem[X,0x000000008000236C] -> 0x5463
mem[X,0x000000008000236E] -> 0x0003
[2515] [M]: 0x000000008000236C (0x00035463) bge x6, x0, 0x8                         Mxcpt_sig_sv+8

clint mtime 0x00000000000004EA (mip.MTI <- 0b1, mip.STI <- 0b0)
mem[X,0x0000000080002374] -> 0x3303
mem[X,0x0000000080002376] -> 0x2181
[2516] [M]: 0x0000000080002374 (0x21813303) ld x6, 0x218(x2)                        Mtrap_sig_sv+0
mem[R,0x0000000080006218] -> 0x00000000800074C0
x6 <- 0x00000000800074C0

mem[X,0x0000000080002378] -> 0x04B3
mem[X,0x000000008000237A] -> 0x0073
[2517] [M]: 0x0000000080002378 (0x007304B3) add x9, x6, x7                          Mtrap_sig_sv+4
x9 <- 0x00000000800074E0

clint mtime 0x00000000000004EB (mip.MTI <- 0b1, mip.STI <- 0b0)
mem[X,0x000000008000237C] -> 0x3C23
mem[X,0x000000008000237E] -> 0x2091
[2518] [M]: 0x000000008000237C (0x20913C23) sd x9, 0x218(x2)                        Mtrap_sig_sv+8
mem[W,0x0000000080006218] <- 0x00000000800074E0

mem[X,0x0000000080002380] -> 0x3403
mem[X,0x0000000080002382] -> 0x1F81
[2519] [M]: 0x0000000080002380 (0x1F813403) ld x8, 0x1f8(x2)                        Mtrap_sig_sv+12
mem[R,0x00000000800061F8] -> 0x0000000080007210
x8 <- 0x0000000080007210

clint mtime 0x00000000000004EC (mip.MTI <- 0b1, mip.STI <- 0b0)
mem[X,0x0000000080002384] -> 0x0333
mem[X,0x0000000080002386] -> 0x4083
[2520] [M]: 0x0000000080002384 (0x40830333) sub x6, x6, x8                          Mtrap_sig_sv+16
x6 <- 0x00000000000002B0

mem[X,0x0000000080002388] -> 0x3403
mem[X,0x000000008000238A] -> 0x1F81
[2521] [M]: 0x0000000080002388 (0x1F813403) ld x8, 0x1f8(x2)                        Mtrap_sig_sv+20
mem[R,0x00000000800061F8] -> 0x0000000080007210
x8 <- 0x0000000080007210

clint mtime 0x00000000000004ED (mip.MTI <- 0b1, mip.STI <- 0b0)
mem[X,0x000000008000238C] -> 0x0333
mem[X,0x000000008000238E] -> 0x0083
[2522] [M]: 0x000000008000238C (0x00830333) add x6, x6, x8                          Mtrap_sig_sv+24
x6 <- 0x00000000800074C0

mem[X,0x0000000080002390] -> 0x3403
mem[X,0x0000000080002392] -> 0x2401
[2523] [M]: 0x0000000080002390 (0x24013403) ld x8, 0x240(x2)                        Mtrap_sig_sv+28
mem[R,0x0000000080006240] -> 0x0000000080002100
x8 <- 0x0000000080002100

clint mtime 0x00000000000004EE (mip.MTI <- 0b1, mip.STI <- 0b0)
mem[X,0x0000000080002394] -> 0x85B3
mem[X,0x0000000080002396] -> 0x4085
[2524] [M]: 0x0000000080002394 (0x408585B3) sub x11, x11, x8                        sv_Mvect+0
x11 <- 0x000000000000010C

mem[X,0x0000000080002398] -> 0x9593
mem[X,0x000000008000239A] -> 0x0045
[2525] [M]: 0x0000000080002398 (0x00459593) slli x11, x11, 0x4                      sv_Mvect+4
x11 <- 0x00000000000010C0

clint mtime 0x00000000000004EF (mip.MTI <- 0b1, mip.STI <- 0b0)
mem[X,0x000000008000239C] -> 0xE5B3
mem[X,0x000000008000239E] -> 0x0075
[2526] [M]: 0x000000008000239C (0x0075E5B3) or x11, x11, x7                         sv_Mvect+8
x11 <- 0x00000000000010E0

mem[X,0x00000000800023A0] -> 0x8593
mem[X,0x00000000800023A2] -> 0x0035
[2527] [M]: 0x00000000800023A0 (0x00358593) addi x11, x11, 0x3                      sv_Mvect+12
x11 <- 0x00000000000010E3

clint mtime 0x00000000000004F0 (mip.MTI <- 0b1, mip.STI <- 0b0)
mem[X,0x00000000800023A4] -> 0x3023
mem[X,0x00000000800023A6] -> 0x00B3
[2528] [M]: 0x00000000800023A4 (0x00B33023) sd x11, 0x0(x6)                         sv_Mvect+16
mem[W,0x00000000800074C0] <- 0x00000000000010E3

mem[X,0x00000000800023A8] -> 0x3423
mem[X,0x00000000800023AA] -> 0x00A3
[2529] [M]: 0x00000000800023A8 (0x00A33423) sd x10, 0x8(x6)                         sv_Mcause+0
mem[W,0x00000000800074C8] <- 0x0000000000000001

clint mtime 0x00000000000004F1 (mip.MTI <- 0b1, mip.STI <- 0b0)
mem[X,0x00000000800023AC] -> 0x4263
mem[X,0x00000000800023AE] -> 0x1A05
[2530] [M]: 0x00000000800023AC (0x1A054263) blt x10, x0, 0x1a4                      sv_Mcause+4

mem[X,0x00000000800023B0] -> 0x25F3
mem[X,0x00000000800023B2] -> 0x3000
[2531] [M]: 0x00000000800023B0 (0x300025F3) csrrs x11, mstatus, x0                  common_Mexcpt_handler+0
CSR mstatus (0x300) -> 0x0000000A00000800
x11 <- 0x0000000A00000800

clint mtime 0x00000000000004F2 (mip.MTI <- 0b1, mip.STI <- 0b0)
mem[X,0x00000000800023B4] -> 0x9413
mem[X,0x00000000800023B6] -> 0x02E5
[2532] [M]: 0x00000000800023B4 (0x02E59413) slli x8, x11, 0x2e                      common_Mexcpt_handler+4
x8 <- 0x0200000000000000

mem[X,0x00000000800023B8] -> 0x5463
mem[X,0x00000000800023BA] -> 0x0004
[2533] [M]: 0x00000000800023B8 (0x00045463) bge x8, x0, 0x8                         common_Mexcpt_handler+8

clint mtime 0x00000000000004F3 (mip.MTI <- 0b1, mip.STI <- 0b0)
mem[X,0x00000000800023C0] -> 0xD493
mem[X,0x00000000800023C2] -> 0x00B5
[2534] [M]: 0x00000000800023C0 (0x00B5D493) srli x9, x11, 0xb                       common_Mexcpt_handler+16
x9 <- 0x0000000001400001

mem[X,0x00000000800023C4] -> 0xF493
mem[X,0x00000000800023C6] -> 0x0034
[2535] [M]: 0x00000000800023C4 (0x0034F493) andi x9, x9, 0x3                        common_Mexcpt_handler+20
x9 <- 0x0000000000000001

clint mtime 0x00000000000004F4 (mip.MTI <- 0b1, mip.STI <- 0b0)
mem[X,0x00000000800023C8] -> 0x8493
mem[X,0x00000000800023CA] -> 0x0014
[2536] [M]: 0x00000000800023C8 (0x00148493) addi x9, x9, 0x1                        common_Mexcpt_handler+24
x9 <- 0x0000000000000002

mem[X,0x00000000800023CC] -> 0xF493
mem[X,0x00000000800023CE] -> 0x0044
[2537] [M]: 0x00000000800023CC (0x0044F493) andi x9, x9, 0x4                        common_Mexcpt_handler+28
x9 <- 0x0000000000000000

clint mtime 0x00000000000004F5 (mip.MTI <- 0b1, mip.STI <- 0b0)
mem[X,0x00000000800023D0] -> 0x0593
mem[X,0x00000000800023D2] -> 0x05D0
[2538] [M]: 0x00000000800023D0 (0x05D00593) addi x11, x0, 0x5d                      common_Mexcpt_handler+32
x11 <- 0x000000000000005D

mem[X,0x00000000800023D4] -> 0xD5B3
mem[X,0x00000000800023D6] -> 0x0095
[2539] [M]: 0x00000000800023D4 (0x0095D5B3) srl x11, x11, x9                        common_Mexcpt_handler+36
x11 <- 0x000000000000005D

clint mtime 0x00000000000004F6 (mip.MTI <- 0b1, mip.STI <- 0b0)
mem[X,0x00000000800023D8] -> 0xF593
mem[X,0x00000000800023DA] -> 0x0015
[2540] [M]: 0x00000000800023D8 (0x0015F593) andi x11, x11, 0x1                      common_Mexcpt_handler+40
x11 <- 0x0000000000000001

mem[X,0x00000000800023DC] -> 0x8EE3
mem[X,0x00000000800023DE] -> 0xF405
[2541] [M]: 0x00000000800023DC (0xF4058EE3) beq x11, x0, -0xa4                      common_Mexcpt_handler+44

clint mtime 0x00000000000004F7 (mip.MTI <- 0b1, mip.STI <- 0b0)
mem[X,0x00000000800023E0] -> 0x0593
mem[X,0x00000000800023E2] -> 0x2980
[2542] [M]: 0x00000000800023E0 (0x29800593) addi x11, x0, 0x298                     common_Mexcpt_handler+48
x11 <- 0x0000000000000298

mem[X,0x00000000800023E4] -> 0xF413
mem[X,0x00000000800023E6] -> 0x0014
[2543] [M]: 0x00000000800023E4 (0x0014F413) andi x8, x9, 0x1                        common_Mexcpt_handler+52
x8 <- 0x0000000000000000

clint mtime 0x00000000000004F8 (mip.MTI <- 0b1, mip.STI <- 0b0)
mem[X,0x00000000800023E8] -> 0x95B3
mem[X,0x00000000800023EA] -> 0x0085
[2544] [M]: 0x00000000800023E8 (0x008595B3) sll x11, x11, x8                        common_Mexcpt_handler+56
x11 <- 0x0000000000000298

mem[X,0x00000000800023EC] -> 0x9413
mem[X,0x00000000800023EE] -> 0x03D4
[2545] [M]: 0x00000000800023EC (0x03D49413) slli x8, x9, 0x3d                       common_Mexcpt_handler+60
x8 <- 0x0000000000000000

clint mtime 0x00000000000004F9 (mip.MTI <- 0b1, mip.STI <- 0b0)
mem[X,0x00000000800023F0] -> 0x5413
mem[X,0x00000000800023F2] -> 0x43F4
[2546] [M]: 0x00000000800023F0 (0x43F45413) srai x8, x8, 0x3f                       common_Mexcpt_handler+64
x8 <- 0x0000000000000000

mem[X,0x00000000800023F4] -> 0x4413
mem[X,0x00000000800023F6] -> 0xFFF4
[2547] [M]: 0x00000000800023F4 (0xFFF44413) xori x8, x8, -0x1                       common_Mexcpt_handler+68
x8 <- 0xFFFFFFFFFFFFFFFF

clint mtime 0x00000000000004FA (mip.MTI <- 0b1, mip.STI <- 0b0)
mem[X,0x00000000800023F8] -> 0xF4B3
mem[X,0x00000000800023FA] -> 0x0085
[2548] [M]: 0x00000000800023F8 (0x0085F4B3) and x9, x11, x8                         common_Mexcpt_handler+72
x9 <- 0x0000000000000298

mem[X,0x00000000800023FC] -> 0x84B3
mem[X,0x00000000800023FE] -> 0x0024
[2549] [M]: 0x00000000800023FC (0x002484B3) add x9, x9, x2                          vmem_adj_Mepc+0
x9 <- 0x0000000080006298

clint mtime 0x00000000000004FB (mip.MTI <- 0b1, mip.STI <- 0b0)
mem[X,0x0000000080002400] -> 0x23F3
mem[X,0x0000000080002402] -> 0x3410
[2550] [M]: 0x0000000080002400 (0x341023F3) csrrs x7, mepc, x0                      vmem_adj_Mepc+4
CSR mepc (0x341) -> 0x0000000080002000
x7 <- 0x0000000080002000

mem[X,0x0000000080002404] -> 0x0413
mem[X,0x0000000080002406] -> 0x0004
[2551] [M]: 0x0000000080002404 (0x00040413) addi x8, x8, 0x0                        vmem_adj_Mepc+8
x8 <- 0xFFFFFFFFFFFFFFFF

clint mtime 0x00000000000004FC (mip.MTI <- 0b1, mip.STI <- 0b0)
mem[X,0x0000000080002408] -> 0x006F
mem[X,0x000000008000240A] -> 0x0400
[2552] [M]: 0x0000000080002408 (0x0400006F) jal x0, 0x40                            vmem_adj_Mepc+12

mem[X,0x0000000080002448] -> 0x8433
mem[X,0x000000008000244A] -> 0x4083
[2553] [M]: 0x0000000080002448 (0x40838433) sub x8, x7, x8                          adj_Mepc+0
x8 <- 0x0000000080002001

clint mtime 0x00000000000004FD (mip.MTI <- 0b1, mip.STI <- 0b0)
mem[X,0x000000008000244C] -> 0x3823
mem[X,0x000000008000244E] -> 0x0083
[2554] [M]: 0x000000008000244C (0x00833823) sd x8, 0x10(x6)                         sv_Mepc+0
mem[W,0x00000000800074D0] <- 0x0000000080002001

mem[X,0x0000000080002450] -> 0x55B7
mem[X,0x0000000080002452] -> 0x0000
[2555] [M]: 0x0000000080002450 (0x000055B7) lui x11, 0x5                            sv_Mepc+4
x11 <- 0x0000000000005000

clint mtime 0x00000000000004FE (mip.MTI <- 0b1, mip.STI <- 0b0)
mem[X,0x0000000080002454] -> 0x8593
mem[X,0x0000000080002456] -> 0x6675
[2556] [M]: 0x0000000080002454 (0x66758593) addi x11, x11, 0x667                    sv_Mepc+8
x11 <- 0x0000000000005667

mem[X,0x0000000080002458] -> 0x9593
mem[X,0x000000008000245A] -> 0x0015
[2557] [M]: 0x0000000080002458 (0x00159593) slli x11, x11, 0x1                      sv_Mepc+12
x11 <- 0x000000000000ACCE

clint mtime 0x00000000000004FF (mip.MTI <- 0b1, mip.STI <- 0b0)
mem[X,0x000000008000245C] -> 0x9063
mem[X,0x000000008000245E] -> 0x02B1
[2558] [M]: 0x000000008000245C (0x02B19063) bne x3, x11, 0x20                       sv_Mepc+16

mem[X,0x0000000080002460] -> 0x2473
mem[X,0x0000000080002462] -> 0x3420
[2559] [M]: 0x0000000080002460 (0x34202473) csrrs x8, mcause, x0                    sv_Mepc+20
CSR mcause (0x342) -> 0x0000000000000001
x8 <- 0x0000000000000001

clint mtime 0x0000000000000500 (mip.MTI <- 0b1, mip.STI <- 0b0)
mem[X,0x0000000080002464] -> 0x0593
mem[X,0x0000000080002466] -> 0x00C0
[2560] [M]: 0x0000000080002464 (0x00C00593) addi x11, x0, 0xc                       sv_Mepc+24
x11 <- 0x000000000000000C

mem[X,0x0000000080002468] -> 0x0663
mem[X,0x000000008000246A] -> 0x00B4
[2561] [M]: 0x0000000080002468 (0x00B40663) beq x8, x11, 0xc                        sv_Mepc+28

clint mtime 0x0000000000000501 (mip.MTI <- 0b1, mip.STI <- 0b0)
mem[X,0x000000008000246C] -> 0x0593
mem[X,0x000000008000246E] -> 0x0010
[2562] [M]: 0x000000008000246C (0x00100593) addi x11, x0, 0x1                       sv_Mepc+32
x11 <- 0x0000000000000001

mem[X,0x0000000080002470] -> 0x1663
mem[X,0x0000000080002472] -> 0x00B4
[2563] [M]: 0x0000000080002470 (0x00B41663) bne x8, x11, 0xc                        sv_Mepc+36

clint mtime 0x0000000000000502 (mip.MTI <- 0b1, mip.STI <- 0b0)
mem[X,0x0000000080002474] -> 0x1073
mem[X,0x0000000080002476] -> 0x3412
[2564] [M]: 0x0000000080002474 (0x34121073) csrrw x0, mepc, x4                      sv_Mepc+40
CSR mepc (0x341) <- 0x0000000080000C08

mem[X,0x0000000080002478] -> 0x006F
mem[X,0x000000008000247A] -> 0x0100
[2565] [M]: 0x0000000080002478 (0x0100006F) jal x0, 0x10                            sv_Mepc+44

clint mtime 0x0000000000000503 (mip.MTI <- 0b1, mip.STI <- 0b0)
mem[X,0x0000000080002488] -> 0x23F3
mem[X,0x000000008000248A] -> 0x3430
[2566] [M]: 0x0000000080002488 (0x343023F3) csrrs x7, mtval, x0                     skp_adj_Mepc+0
CSR mtval (0x343) -> 0x0000000080002000
x7 <- 0x0000000080002000

mem[X,0x000000008000248C] -> 0x7513
mem[X,0x000000008000248E] -> 0x00F5
[2567] [M]: 0x000000008000248C (0x00F57513) andi x10, x10, 0xf                      chk_Mtval+0
x10 <- 0x0000000000000001

clint mtime 0x0000000000000504 (mip.MTI <- 0b1, mip.STI <- 0b0)
mem[X,0x0000000080002490] -> 0x0437
mem[X,0x0000000080002492] -> 0x0000
[2568] [M]: 0x0000000080002490 (0x00000437) lui x8, 0x0                             chk_Mtval+4
x8 <- 0x0000000000000000

mem[X,0x0000000080002494] -> 0x0413
mem[X,0x0000000080002496] -> 0x0004
[2569] [M]: 0x0000000080002494 (0x00040413) addi x8, x8, 0x0                        chk_Mtval+8
x8 <- 0x0000000000000000

clint mtime 0x0000000000000505 (mip.MTI <- 0b1, mip.STI <- 0b0)
mem[X,0x0000000080002498] -> 0x1413
mem[X,0x000000008000249A] -> 0x00B4
[2570] [M]: 0x0000000080002498 (0x00B41413) slli x8, x8, 0xb                        chk_Mtval+12
x8 <- 0x0000000000000000

mem[X,0x000000008000249C] -> 0x0413
mem[X,0x000000008000249E] -> 0x0004
[2571] [M]: 0x000000008000249C (0x00040413) addi x8, x8, 0x0                        chk_Mtval+16
x8 <- 0x0000000000000000

clint mtime 0x0000000000000506 (mip.MTI <- 0b1, mip.STI <- 0b0)
mem[X,0x00000000800024A0] -> 0x1413
mem[X,0x00000000800024A2] -> 0x00B4
[2572] [M]: 0x00000000800024A0 (0x00B41413) slli x8, x8, 0xb                        chk_Mtval+20
x8 <- 0x0000000000000000

mem[X,0x00000000800024A4] -> 0x0413
mem[X,0x00000000800024A6] -> 0x02C4
[2573] [M]: 0x00000000800024A4 (0x02C40413) addi x8, x8, 0x2c                       chk_Mtval+24
x8 <- 0x000000000000002C

clint mtime 0x0000000000000507 (mip.MTI <- 0b1, mip.STI <- 0b0)
mem[X,0x00000000800024A8] -> 0x1413
mem[X,0x00000000800024AA] -> 0x00A4
[2574] [M]: 0x00000000800024A8 (0x00A41413) slli x8, x8, 0xa                        chk_Mtval+28
x8 <- 0x000000000000B000

mem[X,0x00000000800024AC] -> 0x0413
mem[X,0x00000000800024AE] -> 0x0FB4
[2575] [M]: 0x00000000800024AC (0x0FB40413) addi x8, x8, 0xfb                       chk_Mtval+32
x8 <- 0x000000000000B0FB

clint mtime 0x0000000000000508 (mip.MTI <- 0b1, mip.STI <- 0b0)
mem[X,0x00000000800024B0] -> 0x5433
mem[X,0x00000000800024B2] -> 0x00A4
[2576] [M]: 0x00000000800024B0 (0x00A45433) srl x8, x8, x10                         chk_Mtval+36
x8 <- 0x000000000000587D

mem[X,0x00000000800024B4] -> 0x1413
mem[X,0x00000000800024B6] -> 0x03F4
[2577] [M]: 0x00000000800024B4 (0x03F41413) slli x8, x8, 0x3f                       chk_Mtval+40
x8 <- 0x8000000000000000

clint mtime 0x0000000000000509 (mip.MTI <- 0b1, mip.STI <- 0b0)
mem[X,0x00000000800024B8] -> 0x5C63
mem[X,0x00000000800024BA] -> 0x0404
[2578] [M]: 0x00000000800024B8 (0x04045C63) bge x8, x0, 0x58                        chk_Mtval+44

mem[X,0x00000000800024BC] -> 0xB403
mem[X,0x00000000800024BE] -> 0x2084
[2579] [M]: 0x00000000800024BC (0x2084B403) ld x8, 0x208(x9)                        vmem_adj_Mtval+0
mem[R,0x00000000800064A0] -> 0x00000000800003B4
x8 <- 0x00000000800003B4

clint mtime 0x000000000000050A (mip.MTI <- 0b1, mip.STI <- 0b0)
mem[X,0x00000000800024C0] -> 0xB583
mem[X,0x00000000800024C2] -> 0x2104
[2580] [M]: 0x00000000800024C0 (0x2104B583) ld x11, 0x210(x9)                       vmem_adj_Mtval+4
mem[R,0x00000000800064A8] -> 0x0000000000001C60
x11 <- 0x0000000000001C60

mem[X,0x00000000800024C4] -> 0x85B3
mem[X,0x00000000800024C6] -> 0x0085
[2581] [M]: 0x00000000800024C4 (0x008585B3) add x11, x11, x8                        vmem_adj_Mtval+8
x11 <- 0x0000000080002014

clint mtime 0x000000000000050B (mip.MTI <- 0b1, mip.STI <- 0b0)
mem[X,0x00000000800024C8] -> 0xF463
mem[X,0x00000000800024CA] -> 0x00B3
[2582] [M]: 0x00000000800024C8 (0x00B3F463) bgeu x7, x11, 0x8                       vmem_adj_Mtval+12

mem[X,0x00000000800024CC] -> 0xF063
mem[X,0x00000000800024CE] -> 0x0483
[2583] [M]: 0x00000000800024CC (0x0483F063) bgeu x7, x8, 0x40                       vmem_adj_Mtval+16

clint mtime 0x000000000000050C (mip.MTI <- 0b1, mip.STI <- 0b0)
mem[X,0x000000008000250C] -> 0x8433
mem[X,0x000000008000250E] -> 0x4083
[2584] [M]: 0x000000008000250C (0x40838433) sub x8, x7, x8                          adj_Mtval+0
x8 <- 0x0000000000001C4C

mem[X,0x0000000080002510] -> 0x3C23
mem[X,0x0000000080002512] -> 0x0083
[2585] [M]: 0x0000000080002510 (0x00833C23) sd x8, 0x18(x6)                         sv_Mtval+0
mem[W,0x00000000800074D8] <- 0x0000000000001C4C

clint mtime 0x000000000000050D (mip.MTI <- 0b1, mip.STI <- 0b0)
mem[X,0x0000000080002514] -> 0x3483
mem[X,0x0000000080002516] -> 0x2181
[2586] [M]: 0x0000000080002514 (0x21813483) ld x9, 0x218(x2)                        skp_Mtval+0
mem[R,0x0000000080006218] -> 0x00000000800074E0
x9 <- 0x00000000800074E0

mem[X,0x0000000080002518] -> 0x3383
mem[X,0x000000008000251A] -> 0x1F81
[2587] [M]: 0x0000000080002518 (0x1F813383) ld x7, 0x1f8(x2)                        skp_Mtval+4
mem[R,0x00000000800061F8] -> 0x0000000080007210
x7 <- 0x0000000080007210

clint mtime 0x000000000000050E (mip.MTI <- 0b1, mip.STI <- 0b0)
mem[X,0x000000008000251C] -> 0x3303
mem[X,0x000000008000251E] -> 0x2001
[2588] [M]: 0x000000008000251C (0x20013303) ld x6, 0x200(x2)                        skp_Mtval+8
mem[R,0x0000000080006200] -> 0x0000000000000920
x6 <- 0x0000000000000920

mem[X,0x0000000080002520] -> 0x0333
mem[X,0x0000000080002522] -> 0x0073
[2589] [M]: 0x0000000080002520 (0x00730333) add x6, x6, x7                          skp_Mtval+12
x6 <- 0x0000000080007B30

clint mtime 0x000000000000050F (mip.MTI <- 0b1, mip.STI <- 0b0)
mem[X,0x0000000080002524] -> 0x6CE3
mem[X,0x0000000080002526] -> 0xAE93
[2590] [M]: 0x0000000080002524 (0xAE936CE3) bltu x6, x9, -0x508                     skp_Mtval+16

mem[X,0x0000000080002528] -> 0x0393
mem[X,0x000000008000252A] -> 0x2000
[2591] [M]: 0x0000000080002528 (0x20000393) addi x7, x0, 0x200                      skp_Mtval+20
x7 <- 0x0000000000000200

clint mtime 0x0000000000000510 (mip.MTI <- 0b1, mip.STI <- 0b0)
mem[X,0x000000008000252C] -> 0x006F
mem[X,0x000000008000252E] -> 0x0400
[2592] [M]: 0x000000008000252C (0x0400006F) jal x0, 0x40                            skp_Mtval+24

mem[X,0x000000008000256C] -> 0x0417
mem[X,0x000000008000256E] -> 0x0000
[2593] [M]: 0x000000008000256C (0x00000417) auipc x8, 0x0                           spcl_Mhandler+0
x8 <- 0x000000008000256C

clint mtime 0x0000000000000511 (mip.MTI <- 0b1, mip.STI <- 0b0)
mem[X,0x0000000080002570] -> 0x0413
mem[X,0x0000000080002572] -> 0x03C4
[2594] [M]: 0x0000000080002570 (0x03C40413) addi x8, x8, 0x3c                       spcl_Mhandler+4
x8 <- 0x00000000800025A8

mem[X,0x0000000080002574] -> 0x0433
mem[X,0x0000000080002576] -> 0x0074
[2595] [M]: 0x0000000080002574 (0x00740433) add x8, x8, x7                          spcl_Mhandler+8
x8 <- 0x00000000800027A8

clint mtime 0x0000000000000512 (mip.MTI <- 0b1, mip.STI <- 0b0)
mem[X,0x0000000080002578] -> 0x1393
mem[X,0x000000008000257A] -> 0x0035
[2596] [M]: 0x0000000080002578 (0x00351393) slli x7, x10, 0x3                       spcl_Mhandler+12
x7 <- 0x0000000000000008

mem[X,0x000000008000257C] -> 0x0433
mem[X,0x000000008000257E] -> 0x0074
[2597] [M]: 0x000000008000257C (0x00740433) add x8, x8, x7                          spcl_Mhandler+16
x8 <- 0x00000000800027B0

clint mtime 0x0000000000000513 (mip.MTI <- 0b1, mip.STI <- 0b0)
mem[X,0x0000000080002580] -> 0x7413
mem[X,0x0000000080002582] -> 0xFF84
[2598] [M]: 0x0000000080002580 (0xFF847413) andi x8, x8, -0x8                       spcl_Mhandler+20
x8 <- 0x00000000800027B0

mem[X,0x0000000080002584] -> 0x3403
mem[X,0x0000000080002586] -> 0x0004
[2599] [M]: 0x0000000080002584 (0x00043403) ld x8, 0x0(x8)                          spcl_Mhandler+24
mem[R,0x00000000800027B0] -> 0x0000000000000003
x8 <- 0x0000000000000003

clint mtime 0x0000000000000514 (mip.MTI <- 0b1, mip.STI <- 0b0)
mem[X,0x0000000080002588] -> 0x04E3
mem[X,0x000000008000258A] -> 0xB204
[2600] [M]: 0x0000000080002588 (0xB20404E3) beq x8, x0, -0x4d8                      spcl_Mdispatch_hndling+0

mem[X,0x000000008000258C] -> 0x1393
mem[X,0x000000008000258E] -> 0x03F4
[2601] [M]: 0x000000008000258C (0x03F41393) slli x7, x8, 0x3f                       spcl_Mdispatch_hndling+4
x7 <- 0x8000000000000000

clint mtime 0x0000000000000515 (mip.MTI <- 0b1, mip.STI <- 0b0)
mem[X,0x0000000080002590] -> 0xD863
mem[X,0x0000000080002592] -> 0x0003
[2602] [M]: 0x0000000080002590 (0x0003D863) bge x7, x0, 0x10                        spcl_Mdispatch_hndling+8

mem[X,0x0000000080002594] -> 0x5413
mem[X,0x0000000080002596] -> 0x0014
[2603] [M]: 0x0000000080002594 (0x00145413) srli x8, x8, 0x1                        spcl_Mdispatch_hndling+12
x8 <- 0x0000000000000001

clint mtime 0x0000000000000516 (mip.MTI <- 0b1, mip.STI <- 0b0)
mem[X,0x0000000080002598] -> 0x0CE3
mem[X,0x000000008000259A] -> 0xF885
[2604] [M]: 0x0000000080002598 (0xF8850CE3) beq x10, x8, -0x68                      spcl_Mdispatch_hndling+16

mem[X,0x0000000080002530] -> 0x3303
mem[X,0x0000000080002532] -> 0x2601
[2605] [M]: 0x0000000080002530 (0x26013303) ld x6, 0x260(x2)                        resto_Mrtn+0
mem[R,0x0000000080006260] -> 0x0000000000000010
x6 <- 0x0000000000000010

clint mtime 0x0000000000000517 (mip.MTI <- 0b1, mip.STI <- 0b0)
mem[X,0x0000000080002534] -> 0x3383
mem[X,0x0000000080002536] -> 0x2681
[2606] [M]: 0x0000000080002534 (0x26813383) ld x7, 0x268(x2)                        resto_Mrtn+4
mem[R,0x0000000080006268] -> 0x0000000080006000
x7 <- 0x0000000080006000

mem[X,0x0000000080002538] -> 0x3403
mem[X,0x000000008000253A] -> 0x2701
[2607] [M]: 0x0000000080002538 (0x27013403) ld x8, 0x270(x2)                        resto_Mrtn+8
mem[R,0x0000000080006270] -> 0x0000000000007F76
x8 <- 0x0000000000007F76

clint mtime 0x0000000000000518 (mip.MTI <- 0b1, mip.STI <- 0b0)
mem[X,0x000000008000253C] -> 0x3483
mem[X,0x000000008000253E] -> 0x2781
[2608] [M]: 0x000000008000253C (0x27813483) ld x9, 0x278(x2)                        resto_Mrtn+12
mem[R,0x0000000080006278] -> 0x0000000080000AB4
x9 <- 0x0000000080000AB4

mem[X,0x0000000080002540] -> 0x3503
mem[X,0x0000000080002542] -> 0x2801
[2609] [M]: 0x0000000080002540 (0x28013503) ld x10, 0x280(x2)                       resto_Mrtn+16
mem[R,0x0000000080006280] -> 0x0000000000000001
x10 <- 0x0000000000000001

clint mtime 0x0000000000000519 (mip.MTI <- 0b1, mip.STI <- 0b0)
mem[X,0x0000000080002544] -> 0x3583
mem[X,0x0000000080002546] -> 0x2881
[2610] [M]: 0x0000000080002544 (0x28813583) ld x11, 0x288(x2)                       resto_Mrtn+20
mem[R,0x0000000080006288] -> 0x0000000000000000
x11 <- 0x0000000000000000

mem[X,0x0000000080002548] -> 0x3103
mem[X,0x000000008000254A] -> 0x2901
[2611] [M]: 0x0000000080002548 (0x29013103) ld x2, 0x290(x2)                        resto_Mrtn+24
mem[R,0x0000000080006290] -> 0x0000000000000000
x2 <- 0x0000000000000000

clint mtime 0x000000000000051A (mip.MTI <- 0b1, mip.STI <- 0b0)
mem[X,0x000000008000254C] -> 0x0073
mem[X,0x000000008000254E] -> 0x3020
[2612] [M]: 0x000000008000254C (0x30200073) mret                                    resto_Mrtn+28
CSR mstatus (0x300) <- 0x0000000A00000080
ret-ing from M to S

mem[X,0x0000000080000C08] -> 0x0013
mem[X,0x0000000080000C0A] -> 0x0000
[2613] [S]: 0x0000000080000C08 (0x00000013) addi x0, x0, 0x0                        main+2088

clint mtime 0x000000000000051B (mip.MTI <- 0b1, mip.STI <- 0b0)
mem[X,0x0000000080000C0C] -> 0x0713
mem[X,0x0000000080000C0E] -> 0x0087
[2614] [S]: 0x0000000080000C0C (0x00870713) addi x14, x14, 0x8                      main+2092
x14 <- 0x0000000080002004

mem[X,0x0000000080000C10] -> 0x0013
mem[X,0x0000000080000C12] -> 0x0000
[2615] [S]: 0x0000000080000C10 (0x00000013) addi x0, x0, 0x0                        main+2096

clint mtime 0x000000000000051C (mip.MTI <- 0b1, mip.STI <- 0b0)
mem[X,0x0000000080000C14] -> 0x0013
mem[X,0x0000000080000C16] -> 0x0000
[2616] [S]: 0x0000000080000C14 (0x00000013) addi x0, x0, 0x0                        main+2100

mem[X,0x0000000080000C18] -> 0x0013
mem[X,0x0000000080000C1A] -> 0x0000
[2617] [S]: 0x0000000080000C18 (0x00000013) addi x0, x0, 0x0                        main+2104

clint mtime 0x000000000000051D (mip.MTI <- 0b1, mip.STI <- 0b0)
mem[X,0x0000000080000C1C] -> 0x0013
mem[X,0x0000000080000C1E] -> 0x0000
[2618] [S]: 0x0000000080000C1C (0x00000013) addi x0, x0, 0x0                        main+2108

mem[X,0x0000000080000C20] -> 0x0217
mem[X,0x0000000080000C22] -> 0x0000
[2619] [S]: 0x0000000080000C20 (0x00000217) auipc x4, 0x0                           main+2112
x4 <- 0x0000000080000C20

clint mtime 0x000000000000051E (mip.MTI <- 0b1, mip.STI <- 0b0)
mem[X,0x0000000080000C24] -> 0x0213
mem[X,0x0000000080000C26] -> 0x0282
[2620] [S]: 0x0000000080000C24 (0x02820213) addi x4, x4, 0x28                       main+2116
x4 <- 0x0000000080000C48

mem[X,0x0000000080000C28] -> 0x0001
[2621] [S]: 0x0000000080000C28 (0x0001) c.nop                                       main+2120

clint mtime 0x000000000000051F (mip.MTI <- 0b1, mip.STI <- 0b0)
mem[X,0x0000000080000C2A] -> 0x0013
mem[X,0x0000000080000C2C] -> 0x0000
[2622] [S]: 0x0000000080000C2A (0x00000013) addi x0, x0, 0x0                        main+2122

mem[X,0x0000000080000C2E] -> 0x0013
mem[X,0x0000000080000C30] -> 0x0000
[2623] [S]: 0x0000000080000C2E (0x00000013) addi x0, x0, 0x0                        main+2126

clint mtime 0x0000000000000520 (mip.MTI <- 0b1, mip.STI <- 0b0)
mem[X,0x0000000080000C32] -> 0x0013
mem[X,0x0000000080000C34] -> 0x0000
[2624] [S]: 0x0000000080000C32 (0x00000013) addi x0, x0, 0x0                        main+2130

mem[X,0x0000000080000C36] -> 0x0013
mem[X,0x0000000080000C38] -> 0x0000
[2625] [S]: 0x0000000080000C36 (0x00000013) addi x0, x0, 0x0                        main+2134

clint mtime 0x0000000000000521 (mip.MTI <- 0b1, mip.STI <- 0b0)
mem[X,0x0000000080000C3A] -> 0x0013
mem[X,0x0000000080000C3C] -> 0x0000
[2626] [S]: 0x0000000080000C3A (0x00000013) addi x0, x0, 0x0                        main+2138

mem[X,0x0000000080000C3E] -> 0x0001
[2627] [S]: 0x0000000080000C3E (0x0001) c.nop                                       main+2142

clint mtime 0x0000000000000522 (mip.MTI <- 0b1, mip.STI <- 0b0)
mem[X,0x0000000080000C40] -> 0x00E7
mem[X,0x0000000080000C42] -> 0x0007
[2628] [S]: 0x0000000080000C40 (0x000700E7) jalr x1, 0x0(x14)                       main+2144
x1 <- 0x0000000080000C44

mem[X,0x0000000080002004] -> 0x0013
mem[X,0x0000000080002006] -> 0x0000
[2629] [S]: 0x0000000080002004 (0x00000013) addi x0, x0, 0x0                        TEST_FOR_EXECUTION+4

clint mtime 0x0000000000000523 (mip.MTI <- 0b1, mip.STI <- 0b0)
mem[X,0x0000000080002008] -> 0x0013
mem[X,0x000000008000200A] -> 0x0000
[2630] [S]: 0x0000000080002008 (0x00000013) addi x0, x0, 0x0                        RETURN_INSTRUCTION+0

mem[X,0x000000008000200C] -> 0x0013
mem[X,0x000000008000200E] -> 0x0000
[2631] [S]: 0x000000008000200C (0x00000013) addi x0, x0, 0x0                        RETURN_INSTRUCTION+4

clint mtime 0x0000000000000524 (mip.MTI <- 0b1, mip.STI <- 0b0)
mem[X,0x0000000080002010] -> 0x8067
mem[X,0x0000000080002012] -> 0x0000
[2632] [S]: 0x0000000080002010 (0x00008067) jalr x0, 0x0(x1)                        RETURN_INSTRUCTION+8

mem[X,0x0000000080000C44] -> 0x0013
mem[X,0x0000000080000C46] -> 0x0000
[2633] [S]: 0x0000000080000C44 (0x00000013) addi x0, x0, 0x0                        main+2148

clint mtime 0x0000000000000525 (mip.MTI <- 0b1, mip.STI <- 0b0)
mem[X,0x0000000080000C48] -> 0x0013
mem[X,0x0000000080000C4A] -> 0x0000
[2634] [S]: 0x0000000080000C48 (0x00000013) addi x0, x0, 0x0                        main+2152

mem[X,0x0000000080000C4C] -> 0x0293
mem[X,0x0000000080000C4E] -> 0xFFC0
[2635] [S]: 0x0000000080000C4C (0xFFC00293) addi x5, x0, -0x4                       main+2156
x5 <- 0xFFFFFFFFFFFFFFFC

clint mtime 0x0000000000000526 (mip.MTI <- 0b1, mip.STI <- 0b0)
mem[X,0x0000000080000C50] -> 0x0733
mem[X,0x0000000080000C52] -> 0x0057
[2636] [S]: 0x0000000080000C50 (0x00570733) add x14, x14, x5                        main+2160
x14 <- 0x0000000080002000

mem[X,0x0000000080000C54] -> 0x0013
mem[X,0x0000000080000C56] -> 0x0000
[2637] [S]: 0x0000000080000C54 (0x00000013) addi x0, x0, 0x0                        main+2164

clint mtime 0x0000000000000527 (mip.MTI <- 0b1, mip.STI <- 0b0)
mem[X,0x0000000080000C58] -> 0x0013
mem[X,0x0000000080000C5A] -> 0x0000
[2638] [S]: 0x0000000080000C58 (0x00000013) addi x0, x0, 0x0                        main+2168

mem[X,0x0000000080000C5C] -> 0x0013
mem[X,0x0000000080000C5E] -> 0x0000
[2639] [S]: 0x0000000080000C5C (0x00000013) addi x0, x0, 0x0                        main+2172

clint mtime 0x0000000000000528 (mip.MTI <- 0b1, mip.STI <- 0b0)
mem[X,0x0000000080000C60] -> 0x0217
mem[X,0x0000000080000C62] -> 0x0000
[2640] [S]: 0x0000000080000C60 (0x00000217) auipc x4, 0x0                           main+2176
x4 <- 0x0000000080000C60

mem[X,0x0000000080000C64] -> 0x0213
mem[X,0x0000000080000C66] -> 0x0282
[2641] [S]: 0x0000000080000C64 (0x02820213) addi x4, x4, 0x28                       main+2180
x4 <- 0x0000000080000C88

clint mtime 0x0000000000000529 (mip.MTI <- 0b1, mip.STI <- 0b0)
mem[X,0x0000000080000C68] -> 0x0001
[2642] [S]: 0x0000000080000C68 (0x0001) c.nop                                       main+2184

mem[X,0x0000000080000C6A] -> 0x0013
mem[X,0x0000000080000C6C] -> 0x0000
[2643] [S]: 0x0000000080000C6A (0x00000013) addi x0, x0, 0x0                        main+2186

clint mtime 0x000000000000052A (mip.MTI <- 0b1, mip.STI <- 0b0)
mem[X,0x0000000080000C6E] -> 0x0013
mem[X,0x0000000080000C70] -> 0x0000
[2644] [S]: 0x0000000080000C6E (0x00000013) addi x0, x0, 0x0                        main+2190

mem[X,0x0000000080000C72] -> 0x0013
mem[X,0x0000000080000C74] -> 0x0000
[2645] [S]: 0x0000000080000C72 (0x00000013) addi x0, x0, 0x0                        main+2194

clint mtime 0x000000000000052B (mip.MTI <- 0b1, mip.STI <- 0b0)
mem[X,0x0000000080000C76] -> 0x0013
mem[X,0x0000000080000C78] -> 0x0000
[2646] [S]: 0x0000000080000C76 (0x00000013) addi x0, x0, 0x0                        main+2198

mem[X,0x0000000080000C7A] -> 0x0013
mem[X,0x0000000080000C7C] -> 0x0000
[2647] [S]: 0x0000000080000C7A (0x00000013) addi x0, x0, 0x0                        main+2202

clint mtime 0x000000000000052C (mip.MTI <- 0b1, mip.STI <- 0b0)
mem[X,0x0000000080000C7E] -> 0x0001
[2648] [S]: 0x0000000080000C7E (0x0001) c.nop                                       main+2206

mem[X,0x0000000080000C80] -> 0x00E7
mem[X,0x0000000080000C82] -> 0x0007
[2649] [S]: 0x0000000080000C80 (0x000700E7) jalr x1, 0x0(x14)                       main+2208
x1 <- 0x0000000080000C84

clint mtime 0x000000000000052D (mip.MTI <- 0b1, mip.STI <- 0b0)
trapping from S to M to handle fetch-access-fault
handling exc#fetch-access-fault at priv M with tval 0x0000000080002000
CSR mstatus (0x300) <- 0x0000000A00000800
CSR mcause (0x342) <- 0x0000000000000001
CSR mtval (0x343) <- 0x0000000080002000
CSR mepc (0x341) <- 0x0000000080002000

mem[X,0x0000000080002100] -> 0x006F
mem[X,0x0000000080002102] -> 0x1000
[2651] [M]: 0x0000000080002100 (0x1000006F) jal x0, 0x100                           Mtrampoline+0

clint mtime 0x000000000000052E (mip.MTI <- 0b1, mip.STI <- 0b0)
mem[X,0x0000000080002200] -> 0x1173
mem[X,0x0000000080002202] -> 0x3401
[2652] [M]: 0x0000000080002200 (0x34011173) csrrw x2, mscratch, x2                  trap_Mhandler+0
CSR mscratch (0x340) <- 0x0000000000000000
x2 <- 0x0000000080006000

mem[X,0x0000000080002204] -> 0x3423
mem[X,0x0000000080002206] -> 0x28B1
[2653] [M]: 0x0000000080002204 (0x28B13423) sd x11, 0x288(x2)                       trap_Mhandler+4
mem[W,0x0000000080006288] <- 0x0000000000000000

clint mtime 0x000000000000052F (mip.MTI <- 0b1, mip.STI <- 0b0)
mem[X,0x0000000080002208] -> 0x05EF
mem[X,0x000000008000220A] -> 0x0B80
[2654] [M]: 0x0000000080002208 (0x0B8005EF) jal x11, 0xb8                           trap_Mhandler+8
x11 <- 0x000000008000220C

mem[X,0x00000000800022C0] -> 0x3023
mem[X,0x00000000800022C2] -> 0x28A1
[2655] [M]: 0x00000000800022C0 (0x28A13023) sd x10, 0x280(x2)                       common_Mhandler+0
mem[W,0x0000000080006280] <- 0x0000000000000001

clint mtime 0x0000000000000530 (mip.MTI <- 0b1, mip.STI <- 0b0)
mem[X,0x00000000800022C4] -> 0x1573
mem[X,0x00000000800022C6] -> 0x3401
[2656] [M]: 0x00000000800022C4 (0x34011573) csrrw x10, mscratch, x2                 common_Mhandler+4
CSR mscratch (0x340) <- 0x0000000080006000
x10 <- 0x0000000000000000

mem[X,0x00000000800022C8] -> 0x3823
mem[X,0x00000000800022CA] -> 0x28A1
[2657] [M]: 0x00000000800022C8 (0x28A13823) sd x10, 0x290(x2)                       common_Mhandler+8
mem[W,0x0000000080006290] <- 0x0000000000000000

clint mtime 0x0000000000000531 (mip.MTI <- 0b1, mip.STI <- 0b0)
mem[X,0x00000000800022CC] -> 0x3503
mem[X,0x00000000800022CE] -> 0x2301
[2658] [M]: 0x00000000800022CC (0x23013503) ld x10, 0x230(x2)                       common_Mhandler+12
mem[R,0x0000000080006230] -> 0x00000000800022D4
x10 <- 0x00000000800022D4

mem[X,0x00000000800022D0] -> 0x0067
mem[X,0x00000000800022D2] -> 0x0005
[2659] [M]: 0x00000000800022D0 (0x00050067) jalr x0, 0x0(x10)                       common_Mhandler+16

clint mtime 0x0000000000000532 (mip.MTI <- 0b1, mip.STI <- 0b0)
mem[X,0x00000000800022D4] -> 0x3C23
mem[X,0x00000000800022D6] -> 0x2691
[2660] [M]: 0x00000000800022D4 (0x26913C23) sd x9, 0x278(x2)                        common_Mentry+0
mem[W,0x0000000080006278] <- 0x0000000080000AB4

mem[X,0x00000000800022D8] -> 0x3823
mem[X,0x00000000800022DA] -> 0x2681
[2661] [M]: 0x00000000800022D8 (0x26813823) sd x8, 0x270(x2)                        common_Mentry+4
mem[W,0x0000000080006270] <- 0x0000000000007F76

clint mtime 0x0000000000000533 (mip.MTI <- 0b1, mip.STI <- 0b0)
mem[X,0x00000000800022DC] -> 0x3423
mem[X,0x00000000800022DE] -> 0x2671
[2662] [M]: 0x00000000800022DC (0x26713423) sd x7, 0x268(x2)                        common_Mentry+8
mem[W,0x0000000080006268] <- 0x0000000080006000

mem[X,0x00000000800022E0] -> 0x3023
mem[X,0x00000000800022E2] -> 0x2661
[2663] [M]: 0x00000000800022E0 (0x26613023) sd x6, 0x260(x2)                        common_Mentry+12
mem[W,0x0000000080006260] <- 0x0000000000000010

clint mtime 0x0000000000000534 (mip.MTI <- 0b1, mip.STI <- 0b0)
mem[X,0x00000000800022E4] -> 0x2573
mem[X,0x00000000800022E6] -> 0x3420
[2664] [M]: 0x00000000800022E4 (0x34202573) csrrs x10, mcause, x0                   spcl_M2mmode_test+0
CSR mcause (0x342) -> 0x0000000000000001
x10 <- 0x0000000000000001

mem[X,0x00000000800022E8] -> 0x04B7
mem[X,0x00000000800022EA] -> 0x8000
[2665] [M]: 0x00000000800022E8 (0x800004B7) lui x9, -0x80000                        spcl_M2mmode_test+4
x9 <- 0xFFFFFFFF80000000

clint mtime 0x0000000000000535 (mip.MTI <- 0b1, mip.STI <- 0b0)
mem[X,0x00000000800022EC] -> 0x8493
mem[X,0x00000000800022EE] -> 0x0004
[2666] [M]: 0x00000000800022EC (0x00048493) addi x9, x9, 0x0                        spcl_M2mmode_test+8
x9 <- 0xFFFFFFFF80000000

mem[X,0x00000000800022F0] -> 0x9493
mem[X,0x00000000800022F2] -> 0x00B4
[2667] [M]: 0x00000000800022F0 (0x00B49493) slli x9, x9, 0xb                        spcl_M2mmode_test+12
x9 <- 0xFFFFFC0000000000

clint mtime 0x0000000000000536 (mip.MTI <- 0b1, mip.STI <- 0b0)
mem[X,0x00000000800022F4] -> 0x8493
mem[X,0x00000000800022F6] -> 0x0004
[2668] [M]: 0x00000000800022F4 (0x00048493) addi x9, x9, 0x0                        spcl_M2mmode_test+16
x9 <- 0xFFFFFC0000000000

mem[X,0x00000000800022F8] -> 0x9493
mem[X,0x00000000800022FA] -> 0x00B4
[2669] [M]: 0x00000000800022F8 (0x00B49493) slli x9, x9, 0xb                        spcl_M2mmode_test+20
x9 <- 0xFFE0000000000000

clint mtime 0x0000000000000537 (mip.MTI <- 0b1, mip.STI <- 0b0)
mem[X,0x00000000800022FC] -> 0x8493
mem[X,0x00000000800022FE] -> 0x0034
[2670] [M]: 0x00000000800022FC (0x00348493) addi x9, x9, 0x3                        spcl_M2mmode_test+24
x9 <- 0xFFE0000000000003

mem[X,0x0000000080002300] -> 0x9493
mem[X,0x0000000080002302] -> 0x00A4
[2671] [M]: 0x0000000080002300 (0x00A49493) slli x9, x9, 0xa                        spcl_M2mmode_test+28
x9 <- 0x8000000000000C00

clint mtime 0x0000000000000538 (mip.MTI <- 0b1, mip.STI <- 0b0)
mem[X,0x0000000080002304] -> 0x8493
mem[X,0x0000000080002306] -> 0x3FC4
[2672] [M]: 0x0000000080002304 (0x3FC48493) addi x9, x9, 0x3fc                      spcl_M2mmode_test+32
x9 <- 0x8000000000000FFC

mem[X,0x0000000080002308] -> 0xF4B3
mem[X,0x000000008000230A] -> 0x00A4
[2673] [M]: 0x0000000080002308 (0x00A4F4B3) and x9, x9, x10                         spcl_M2mmode_test+36
x9 <- 0x0000000000000000

clint mtime 0x0000000000000539 (mip.MTI <- 0b1, mip.STI <- 0b0)
mem[X,0x000000008000230C] -> 0x8493
mem[X,0x000000008000230E] -> 0xFF84
[2674] [M]: 0x000000008000230C (0xFF848493) addi x9, x9, -0x8                       spcl_M2mmode_test+40
x9 <- 0xFFFFFFFFFFFFFFF8

mem[X,0x0000000080002310] -> 0x9663
mem[X,0x0000000080002312] -> 0x0004
[2675] [M]: 0x0000000080002310 (0x00049663) bne x9, x0, 0xc                         spcl_M2mmode_test+44

clint mtime 0x000000000000053A (mip.MTI <- 0b1, mip.STI <- 0b0)
mem[X,0x000000008000231C] -> 0x0393
mem[X,0x000000008000231E] -> 0x0200
[2676] [M]: 0x000000008000231C (0x02000393) addi x7, x0, 0x20                       Mtrapsig_ptr_upd+0
x7 <- 0x0000000000000020

mem[X,0x0000000080002320] -> 0x5263
mem[X,0x0000000080002322] -> 0x0405
[2677] [M]: 0x0000000080002320 (0x04055263) bge x10, x0, 0x44                       Mtrapsig_ptr_upd+4

clint mtime 0x000000000000053B (mip.MTI <- 0b1, mip.STI <- 0b0)
mem[X,0x0000000080002364] -> 0x2373
mem[X,0x0000000080002366] -> 0x3010
[2678] [M]: 0x0000000080002364 (0x30102373) csrrs x6, misa, x0                      Mxcpt_sig_sv+0
CSR misa (0x301) -> 0x800000000034112F
x6 <- 0x800000000034112F

mem[X,0x0000000080002368] -> 0x1313
mem[X,0x000000008000236A] -> 0x0383
[2679] [M]: 0x0000000080002368 (0x03831313) slli x6, x6, 0x38                       Mxcpt_sig_sv+4
x6 <- 0x2F00000000000000

clint mtime 0x000000000000053C (mip.MTI <- 0b1, mip.STI <- 0b0)
mem[X,0x000000008000236C] -> 0x5463
mem[X,0x000000008000236E] -> 0x0003
[2680] [M]: 0x000000008000236C (0x00035463) bge x6, x0, 0x8                         Mxcpt_sig_sv+8

mem[X,0x0000000080002374] -> 0x3303
mem[X,0x0000000080002376] -> 0x2181
[2681] [M]: 0x0000000080002374 (0x21813303) ld x6, 0x218(x2)                        Mtrap_sig_sv+0
mem[R,0x0000000080006218] -> 0x00000000800074E0
x6 <- 0x00000000800074E0

clint mtime 0x000000000000053D (mip.MTI <- 0b1, mip.STI <- 0b0)
mem[X,0x0000000080002378] -> 0x04B3
mem[X,0x000000008000237A] -> 0x0073
[2682] [M]: 0x0000000080002378 (0x007304B3) add x9, x6, x7                          Mtrap_sig_sv+4
x9 <- 0x0000000080007500

mem[X,0x000000008000237C] -> 0x3C23
mem[X,0x000000008000237E] -> 0x2091
[2683] [M]: 0x000000008000237C (0x20913C23) sd x9, 0x218(x2)                        Mtrap_sig_sv+8
mem[W,0x0000000080006218] <- 0x0000000080007500

clint mtime 0x000000000000053E (mip.MTI <- 0b1, mip.STI <- 0b0)
mem[X,0x0000000080002380] -> 0x3403
mem[X,0x0000000080002382] -> 0x1F81
[2684] [M]: 0x0000000080002380 (0x1F813403) ld x8, 0x1f8(x2)                        Mtrap_sig_sv+12
mem[R,0x00000000800061F8] -> 0x0000000080007210
x8 <- 0x0000000080007210

mem[X,0x0000000080002384] -> 0x0333
mem[X,0x0000000080002386] -> 0x4083
[2685] [M]: 0x0000000080002384 (0x40830333) sub x6, x6, x8                          Mtrap_sig_sv+16
x6 <- 0x00000000000002D0

clint mtime 0x000000000000053F (mip.MTI <- 0b1, mip.STI <- 0b0)
mem[X,0x0000000080002388] -> 0x3403
mem[X,0x000000008000238A] -> 0x1F81
[2686] [M]: 0x0000000080002388 (0x1F813403) ld x8, 0x1f8(x2)                        Mtrap_sig_sv+20
mem[R,0x00000000800061F8] -> 0x0000000080007210
x8 <- 0x0000000080007210

mem[X,0x000000008000238C] -> 0x0333
mem[X,0x000000008000238E] -> 0x0083
[2687] [M]: 0x000000008000238C (0x00830333) add x6, x6, x8                          Mtrap_sig_sv+24
x6 <- 0x00000000800074E0

clint mtime 0x0000000000000540 (mip.MTI <- 0b1, mip.STI <- 0b0)
mem[X,0x0000000080002390] -> 0x3403
mem[X,0x0000000080002392] -> 0x2401
[2688] [M]: 0x0000000080002390 (0x24013403) ld x8, 0x240(x2)                        Mtrap_sig_sv+28
mem[R,0x0000000080006240] -> 0x0000000080002100
x8 <- 0x0000000080002100

mem[X,0x0000000080002394] -> 0x85B3
mem[X,0x0000000080002396] -> 0x4085
[2689] [M]: 0x0000000080002394 (0x408585B3) sub x11, x11, x8                        sv_Mvect+0
x11 <- 0x000000000000010C

clint mtime 0x0000000000000541 (mip.MTI <- 0b1, mip.STI <- 0b0)
mem[X,0x0000000080002398] -> 0x9593
mem[X,0x000000008000239A] -> 0x0045
[2690] [M]: 0x0000000080002398 (0x00459593) slli x11, x11, 0x4                      sv_Mvect+4
x11 <- 0x00000000000010C0

mem[X,0x000000008000239C] -> 0xE5B3
mem[X,0x000000008000239E] -> 0x0075
[2691] [M]: 0x000000008000239C (0x0075E5B3) or x11, x11, x7                         sv_Mvect+8
x11 <- 0x00000000000010E0

clint mtime 0x0000000000000542 (mip.MTI <- 0b1, mip.STI <- 0b0)
mem[X,0x00000000800023A0] -> 0x8593
mem[X,0x00000000800023A2] -> 0x0035
[2692] [M]: 0x00000000800023A0 (0x00358593) addi x11, x11, 0x3                      sv_Mvect+12
x11 <- 0x00000000000010E3

mem[X,0x00000000800023A4] -> 0x3023
mem[X,0x00000000800023A6] -> 0x00B3
[2693] [M]: 0x00000000800023A4 (0x00B33023) sd x11, 0x0(x6)                         sv_Mvect+16
mem[W,0x00000000800074E0] <- 0x00000000000010E3

clint mtime 0x0000000000000543 (mip.MTI <- 0b1, mip.STI <- 0b0)
mem[X,0x00000000800023A8] -> 0x3423
mem[X,0x00000000800023AA] -> 0x00A3
[2694] [M]: 0x00000000800023A8 (0x00A33423) sd x10, 0x8(x6)                         sv_Mcause+0
mem[W,0x00000000800074E8] <- 0x0000000000000001

mem[X,0x00000000800023AC] -> 0x4263
mem[X,0x00000000800023AE] -> 0x1A05
[2695] [M]: 0x00000000800023AC (0x1A054263) blt x10, x0, 0x1a4                      sv_Mcause+4

clint mtime 0x0000000000000544 (mip.MTI <- 0b1, mip.STI <- 0b0)
mem[X,0x00000000800023B0] -> 0x25F3
mem[X,0x00000000800023B2] -> 0x3000
[2696] [M]: 0x00000000800023B0 (0x300025F3) csrrs x11, mstatus, x0                  common_Mexcpt_handler+0
CSR mstatus (0x300) -> 0x0000000A00000800
x11 <- 0x0000000A00000800

mem[X,0x00000000800023B4] -> 0x9413
mem[X,0x00000000800023B6] -> 0x02E5
[2697] [M]: 0x00000000800023B4 (0x02E59413) slli x8, x11, 0x2e                      common_Mexcpt_handler+4
x8 <- 0x0200000000000000

clint mtime 0x0000000000000545 (mip.MTI <- 0b1, mip.STI <- 0b0)
mem[X,0x00000000800023B8] -> 0x5463
mem[X,0x00000000800023BA] -> 0x0004
[2698] [M]: 0x00000000800023B8 (0x00045463) bge x8, x0, 0x8                         common_Mexcpt_handler+8

mem[X,0x00000000800023C0] -> 0xD493
mem[X,0x00000000800023C2] -> 0x00B5
[2699] [M]: 0x00000000800023C0 (0x00B5D493) srli x9, x11, 0xb                       common_Mexcpt_handler+16
x9 <- 0x0000000001400001

clint mtime 0x0000000000000546 (mip.MTI <- 0b1, mip.STI <- 0b0)
mem[X,0x00000000800023C4] -> 0xF493
mem[X,0x00000000800023C6] -> 0x0034
[2700] [M]: 0x00000000800023C4 (0x0034F493) andi x9, x9, 0x3                        common_Mexcpt_handler+20
x9 <- 0x0000000000000001

mem[X,0x00000000800023C8] -> 0x8493
mem[X,0x00000000800023CA] -> 0x0014
[2701] [M]: 0x00000000800023C8 (0x00148493) addi x9, x9, 0x1                        common_Mexcpt_handler+24
x9 <- 0x0000000000000002

clint mtime 0x0000000000000547 (mip.MTI <- 0b1, mip.STI <- 0b0)
mem[X,0x00000000800023CC] -> 0xF493
mem[X,0x00000000800023CE] -> 0x0044
[2702] [M]: 0x00000000800023CC (0x0044F493) andi x9, x9, 0x4                        common_Mexcpt_handler+28
x9 <- 0x0000000000000000

mem[X,0x00000000800023D0] -> 0x0593
mem[X,0x00000000800023D2] -> 0x05D0
[2703] [M]: 0x00000000800023D0 (0x05D00593) addi x11, x0, 0x5d                      common_Mexcpt_handler+32
x11 <- 0x000000000000005D

clint mtime 0x0000000000000548 (mip.MTI <- 0b1, mip.STI <- 0b0)
mem[X,0x00000000800023D4] -> 0xD5B3
mem[X,0x00000000800023D6] -> 0x0095
[2704] [M]: 0x00000000800023D4 (0x0095D5B3) srl x11, x11, x9                        common_Mexcpt_handler+36
x11 <- 0x000000000000005D

mem[X,0x00000000800023D8] -> 0xF593
mem[X,0x00000000800023DA] -> 0x0015
[2705] [M]: 0x00000000800023D8 (0x0015F593) andi x11, x11, 0x1                      common_Mexcpt_handler+40
x11 <- 0x0000000000000001

clint mtime 0x0000000000000549 (mip.MTI <- 0b1, mip.STI <- 0b0)
mem[X,0x00000000800023DC] -> 0x8EE3
mem[X,0x00000000800023DE] -> 0xF405
[2706] [M]: 0x00000000800023DC (0xF4058EE3) beq x11, x0, -0xa4                      common_Mexcpt_handler+44

mem[X,0x00000000800023E0] -> 0x0593
mem[X,0x00000000800023E2] -> 0x2980
[2707] [M]: 0x00000000800023E0 (0x29800593) addi x11, x0, 0x298                     common_Mexcpt_handler+48
x11 <- 0x0000000000000298

clint mtime 0x000000000000054A (mip.MTI <- 0b1, mip.STI <- 0b0)
mem[X,0x00000000800023E4] -> 0xF413
mem[X,0x00000000800023E6] -> 0x0014
[2708] [M]: 0x00000000800023E4 (0x0014F413) andi x8, x9, 0x1                        common_Mexcpt_handler+52
x8 <- 0x0000000000000000

mem[X,0x00000000800023E8] -> 0x95B3
mem[X,0x00000000800023EA] -> 0x0085
[2709] [M]: 0x00000000800023E8 (0x008595B3) sll x11, x11, x8                        common_Mexcpt_handler+56
x11 <- 0x0000000000000298

clint mtime 0x000000000000054B (mip.MTI <- 0b1, mip.STI <- 0b0)
mem[X,0x00000000800023EC] -> 0x9413
mem[X,0x00000000800023EE] -> 0x03D4
[2710] [M]: 0x00000000800023EC (0x03D49413) slli x8, x9, 0x3d                       common_Mexcpt_handler+60
x8 <- 0x0000000000000000

mem[X,0x00000000800023F0] -> 0x5413
mem[X,0x00000000800023F2] -> 0x43F4
[2711] [M]: 0x00000000800023F0 (0x43F45413) srai x8, x8, 0x3f                       common_Mexcpt_handler+64
x8 <- 0x0000000000000000

clint mtime 0x000000000000054C (mip.MTI <- 0b1, mip.STI <- 0b0)
mem[X,0x00000000800023F4] -> 0x4413
mem[X,0x00000000800023F6] -> 0xFFF4
[2712] [M]: 0x00000000800023F4 (0xFFF44413) xori x8, x8, -0x1                       common_Mexcpt_handler+68
x8 <- 0xFFFFFFFFFFFFFFFF

mem[X,0x00000000800023F8] -> 0xF4B3
mem[X,0x00000000800023FA] -> 0x0085
[2713] [M]: 0x00000000800023F8 (0x0085F4B3) and x9, x11, x8                         common_Mexcpt_handler+72
x9 <- 0x0000000000000298

clint mtime 0x000000000000054D (mip.MTI <- 0b1, mip.STI <- 0b0)
mem[X,0x00000000800023FC] -> 0x84B3
mem[X,0x00000000800023FE] -> 0x0024
[2714] [M]: 0x00000000800023FC (0x002484B3) add x9, x9, x2                          vmem_adj_Mepc+0
x9 <- 0x0000000080006298

mem[X,0x0000000080002400] -> 0x23F3
mem[X,0x0000000080002402] -> 0x3410
[2715] [M]: 0x0000000080002400 (0x341023F3) csrrs x7, mepc, x0                      vmem_adj_Mepc+4
CSR mepc (0x341) -> 0x0000000080002000
x7 <- 0x0000000080002000

clint mtime 0x000000000000054E (mip.MTI <- 0b1, mip.STI <- 0b0)
mem[X,0x0000000080002404] -> 0x0413
mem[X,0x0000000080002406] -> 0x0004
[2716] [M]: 0x0000000080002404 (0x00040413) addi x8, x8, 0x0                        vmem_adj_Mepc+8
x8 <- 0xFFFFFFFFFFFFFFFF

mem[X,0x0000000080002408] -> 0x006F
mem[X,0x000000008000240A] -> 0x0400
[2717] [M]: 0x0000000080002408 (0x0400006F) jal x0, 0x40                            vmem_adj_Mepc+12

clint mtime 0x000000000000054F (mip.MTI <- 0b1, mip.STI <- 0b0)
mem[X,0x0000000080002448] -> 0x8433
mem[X,0x000000008000244A] -> 0x4083
[2718] [M]: 0x0000000080002448 (0x40838433) sub x8, x7, x8                          adj_Mepc+0
x8 <- 0x0000000080002001

mem[X,0x000000008000244C] -> 0x3823
mem[X,0x000000008000244E] -> 0x0083
[2719] [M]: 0x000000008000244C (0x00833823) sd x8, 0x10(x6)                         sv_Mepc+0
mem[W,0x00000000800074F0] <- 0x0000000080002001

clint mtime 0x0000000000000550 (mip.MTI <- 0b1, mip.STI <- 0b0)
mem[X,0x0000000080002450] -> 0x55B7
mem[X,0x0000000080002452] -> 0x0000
[2720] [M]: 0x0000000080002450 (0x000055B7) lui x11, 0x5                            sv_Mepc+4
x11 <- 0x0000000000005000

mem[X,0x0000000080002454] -> 0x8593
mem[X,0x0000000080002456] -> 0x6675
[2721] [M]: 0x0000000080002454 (0x66758593) addi x11, x11, 0x667                    sv_Mepc+8
x11 <- 0x0000000000005667

clint mtime 0x0000000000000551 (mip.MTI <- 0b1, mip.STI <- 0b0)
mem[X,0x0000000080002458] -> 0x9593
mem[X,0x000000008000245A] -> 0x0015
[2722] [M]: 0x0000000080002458 (0x00159593) slli x11, x11, 0x1                      sv_Mepc+12
x11 <- 0x000000000000ACCE

mem[X,0x000000008000245C] -> 0x9063
mem[X,0x000000008000245E] -> 0x02B1
[2723] [M]: 0x000000008000245C (0x02B19063) bne x3, x11, 0x20                       sv_Mepc+16

clint mtime 0x0000000000000552 (mip.MTI <- 0b1, mip.STI <- 0b0)
mem[X,0x0000000080002460] -> 0x2473
mem[X,0x0000000080002462] -> 0x3420
[2724] [M]: 0x0000000080002460 (0x34202473) csrrs x8, mcause, x0                    sv_Mepc+20
CSR mcause (0x342) -> 0x0000000000000001
x8 <- 0x0000000000000001

mem[X,0x0000000080002464] -> 0x0593
mem[X,0x0000000080002466] -> 0x00C0
[2725] [M]: 0x0000000080002464 (0x00C00593) addi x11, x0, 0xc                       sv_Mepc+24
x11 <- 0x000000000000000C

clint mtime 0x0000000000000553 (mip.MTI <- 0b1, mip.STI <- 0b0)
mem[X,0x0000000080002468] -> 0x0663
mem[X,0x000000008000246A] -> 0x00B4
[2726] [M]: 0x0000000080002468 (0x00B40663) beq x8, x11, 0xc                        sv_Mepc+28

mem[X,0x000000008000246C] -> 0x0593
mem[X,0x000000008000246E] -> 0x0010
[2727] [M]: 0x000000008000246C (0x00100593) addi x11, x0, 0x1                       sv_Mepc+32
x11 <- 0x0000000000000001

clint mtime 0x0000000000000554 (mip.MTI <- 0b1, mip.STI <- 0b0)
mem[X,0x0000000080002470] -> 0x1663
mem[X,0x0000000080002472] -> 0x00B4
[2728] [M]: 0x0000000080002470 (0x00B41663) bne x8, x11, 0xc                        sv_Mepc+36

mem[X,0x0000000080002474] -> 0x1073
mem[X,0x0000000080002476] -> 0x3412
[2729] [M]: 0x0000000080002474 (0x34121073) csrrw x0, mepc, x4                      sv_Mepc+40
CSR mepc (0x341) <- 0x0000000080000C88

clint mtime 0x0000000000000555 (mip.MTI <- 0b1, mip.STI <- 0b0)
mem[X,0x0000000080002478] -> 0x006F
mem[X,0x000000008000247A] -> 0x0100
[2730] [M]: 0x0000000080002478 (0x0100006F) jal x0, 0x10                            sv_Mepc+44

mem[X,0x0000000080002488] -> 0x23F3
mem[X,0x000000008000248A] -> 0x3430
[2731] [M]: 0x0000000080002488 (0x343023F3) csrrs x7, mtval, x0                     skp_adj_Mepc+0
CSR mtval (0x343) -> 0x0000000080002000
x7 <- 0x0000000080002000

clint mtime 0x0000000000000556 (mip.MTI <- 0b1, mip.STI <- 0b0)
mem[X,0x000000008000248C] -> 0x7513
mem[X,0x000000008000248E] -> 0x00F5
[2732] [M]: 0x000000008000248C (0x00F57513) andi x10, x10, 0xf                      chk_Mtval+0
x10 <- 0x0000000000000001

mem[X,0x0000000080002490] -> 0x0437
mem[X,0x0000000080002492] -> 0x0000
[2733] [M]: 0x0000000080002490 (0x00000437) lui x8, 0x0                             chk_Mtval+4
x8 <- 0x0000000000000000

clint mtime 0x0000000000000557 (mip.MTI <- 0b1, mip.STI <- 0b0)
mem[X,0x0000000080002494] -> 0x0413
mem[X,0x0000000080002496] -> 0x0004
[2734] [M]: 0x0000000080002494 (0x00040413) addi x8, x8, 0x0                        chk_Mtval+8
x8 <- 0x0000000000000000

mem[X,0x0000000080002498] -> 0x1413
mem[X,0x000000008000249A] -> 0x00B4
[2735] [M]: 0x0000000080002498 (0x00B41413) slli x8, x8, 0xb                        chk_Mtval+12
x8 <- 0x0000000000000000

clint mtime 0x0000000000000558 (mip.MTI <- 0b1, mip.STI <- 0b0)
mem[X,0x000000008000249C] -> 0x0413
mem[X,0x000000008000249E] -> 0x0004
[2736] [M]: 0x000000008000249C (0x00040413) addi x8, x8, 0x0                        chk_Mtval+16
x8 <- 0x0000000000000000

mem[X,0x00000000800024A0] -> 0x1413
mem[X,0x00000000800024A2] -> 0x00B4
[2737] [M]: 0x00000000800024A0 (0x00B41413) slli x8, x8, 0xb                        chk_Mtval+20
x8 <- 0x0000000000000000

clint mtime 0x0000000000000559 (mip.MTI <- 0b1, mip.STI <- 0b0)
mem[X,0x00000000800024A4] -> 0x0413
mem[X,0x00000000800024A6] -> 0x02C4
[2738] [M]: 0x00000000800024A4 (0x02C40413) addi x8, x8, 0x2c                       chk_Mtval+24
x8 <- 0x000000000000002C

mem[X,0x00000000800024A8] -> 0x1413
mem[X,0x00000000800024AA] -> 0x00A4
[2739] [M]: 0x00000000800024A8 (0x00A41413) slli x8, x8, 0xa                        chk_Mtval+28
x8 <- 0x000000000000B000

clint mtime 0x000000000000055A (mip.MTI <- 0b1, mip.STI <- 0b0)
mem[X,0x00000000800024AC] -> 0x0413
mem[X,0x00000000800024AE] -> 0x0FB4
[2740] [M]: 0x00000000800024AC (0x0FB40413) addi x8, x8, 0xfb                       chk_Mtval+32
x8 <- 0x000000000000B0FB

mem[X,0x00000000800024B0] -> 0x5433
mem[X,0x00000000800024B2] -> 0x00A4
[2741] [M]: 0x00000000800024B0 (0x00A45433) srl x8, x8, x10                         chk_Mtval+36
x8 <- 0x000000000000587D

clint mtime 0x000000000000055B (mip.MTI <- 0b1, mip.STI <- 0b0)
mem[X,0x00000000800024B4] -> 0x1413
mem[X,0x00000000800024B6] -> 0x03F4
[2742] [M]: 0x00000000800024B4 (0x03F41413) slli x8, x8, 0x3f                       chk_Mtval+40
x8 <- 0x8000000000000000

mem[X,0x00000000800024B8] -> 0x5C63
mem[X,0x00000000800024BA] -> 0x0404
[2743] [M]: 0x00000000800024B8 (0x04045C63) bge x8, x0, 0x58                        chk_Mtval+44

clint mtime 0x000000000000055C (mip.MTI <- 0b1, mip.STI <- 0b0)
mem[X,0x00000000800024BC] -> 0xB403
mem[X,0x00000000800024BE] -> 0x2084
[2744] [M]: 0x00000000800024BC (0x2084B403) ld x8, 0x208(x9)                        vmem_adj_Mtval+0
mem[R,0x00000000800064A0] -> 0x00000000800003B4
x8 <- 0x00000000800003B4

mem[X,0x00000000800024C0] -> 0xB583
mem[X,0x00000000800024C2] -> 0x2104
[2745] [M]: 0x00000000800024C0 (0x2104B583) ld x11, 0x210(x9)                       vmem_adj_Mtval+4
mem[R,0x00000000800064A8] -> 0x0000000000001C60
x11 <- 0x0000000000001C60

clint mtime 0x000000000000055D (mip.MTI <- 0b1, mip.STI <- 0b0)
mem[X,0x00000000800024C4] -> 0x85B3
mem[X,0x00000000800024C6] -> 0x0085
[2746] [M]: 0x00000000800024C4 (0x008585B3) add x11, x11, x8                        vmem_adj_Mtval+8
x11 <- 0x0000000080002014

mem[X,0x00000000800024C8] -> 0xF463
mem[X,0x00000000800024CA] -> 0x00B3
[2747] [M]: 0x00000000800024C8 (0x00B3F463) bgeu x7, x11, 0x8                       vmem_adj_Mtval+12

clint mtime 0x000000000000055E (mip.MTI <- 0b1, mip.STI <- 0b0)
mem[X,0x00000000800024CC] -> 0xF063
mem[X,0x00000000800024CE] -> 0x0483
[2748] [M]: 0x00000000800024CC (0x0483F063) bgeu x7, x8, 0x40                       vmem_adj_Mtval+16

mem[X,0x000000008000250C] -> 0x8433
mem[X,0x000000008000250E] -> 0x4083
[2749] [M]: 0x000000008000250C (0x40838433) sub x8, x7, x8                          adj_Mtval+0
x8 <- 0x0000000000001C4C

clint mtime 0x000000000000055F (mip.MTI <- 0b1, mip.STI <- 0b0)
mem[X,0x0000000080002510] -> 0x3C23
mem[X,0x0000000080002512] -> 0x0083
[2750] [M]: 0x0000000080002510 (0x00833C23) sd x8, 0x18(x6)                         sv_Mtval+0
mem[W,0x00000000800074F8] <- 0x0000000000001C4C

mem[X,0x0000000080002514] -> 0x3483
mem[X,0x0000000080002516] -> 0x2181
[2751] [M]: 0x0000000080002514 (0x21813483) ld x9, 0x218(x2)                        skp_Mtval+0
mem[R,0x0000000080006218] -> 0x0000000080007500
x9 <- 0x0000000080007500

clint mtime 0x0000000000000560 (mip.MTI <- 0b1, mip.STI <- 0b0)
mem[X,0x0000000080002518] -> 0x3383
mem[X,0x000000008000251A] -> 0x1F81
[2752] [M]: 0x0000000080002518 (0x1F813383) ld x7, 0x1f8(x2)                        skp_Mtval+4
mem[R,0x00000000800061F8] -> 0x0000000080007210
x7 <- 0x0000000080007210

mem[X,0x000000008000251C] -> 0x3303
mem[X,0x000000008000251E] -> 0x2001
[2753] [M]: 0x000000008000251C (0x20013303) ld x6, 0x200(x2)                        skp_Mtval+8
mem[R,0x0000000080006200] -> 0x0000000000000920
x6 <- 0x0000000000000920

clint mtime 0x0000000000000561 (mip.MTI <- 0b1, mip.STI <- 0b0)
mem[X,0x0000000080002520] -> 0x0333
mem[X,0x0000000080002522] -> 0x0073
[2754] [M]: 0x0000000080002520 (0x00730333) add x6, x6, x7                          skp_Mtval+12
x6 <- 0x0000000080007B30

mem[X,0x0000000080002524] -> 0x6CE3
mem[X,0x0000000080002526] -> 0xAE93
[2755] [M]: 0x0000000080002524 (0xAE936CE3) bltu x6, x9, -0x508                     skp_Mtval+16

clint mtime 0x0000000000000562 (mip.MTI <- 0b1, mip.STI <- 0b0)
mem[X,0x0000000080002528] -> 0x0393
mem[X,0x000000008000252A] -> 0x2000
[2756] [M]: 0x0000000080002528 (0x20000393) addi x7, x0, 0x200                      skp_Mtval+20
x7 <- 0x0000000000000200

mem[X,0x000000008000252C] -> 0x006F
mem[X,0x000000008000252E] -> 0x0400
[2757] [M]: 0x000000008000252C (0x0400006F) jal x0, 0x40                            skp_Mtval+24

clint mtime 0x0000000000000563 (mip.MTI <- 0b1, mip.STI <- 0b0)
mem[X,0x000000008000256C] -> 0x0417
mem[X,0x000000008000256E] -> 0x0000
[2758] [M]: 0x000000008000256C (0x00000417) auipc x8, 0x0                           spcl_Mhandler+0
x8 <- 0x000000008000256C

mem[X,0x0000000080002570] -> 0x0413
mem[X,0x0000000080002572] -> 0x03C4
[2759] [M]: 0x0000000080002570 (0x03C40413) addi x8, x8, 0x3c                       spcl_Mhandler+4
x8 <- 0x00000000800025A8

clint mtime 0x0000000000000564 (mip.MTI <- 0b1, mip.STI <- 0b0)
mem[X,0x0000000080002574] -> 0x0433
mem[X,0x0000000080002576] -> 0x0074
[2760] [M]: 0x0000000080002574 (0x00740433) add x8, x8, x7                          spcl_Mhandler+8
x8 <- 0x00000000800027A8

mem[X,0x0000000080002578] -> 0x1393
mem[X,0x000000008000257A] -> 0x0035
[2761] [M]: 0x0000000080002578 (0x00351393) slli x7, x10, 0x3                       spcl_Mhandler+12
x7 <- 0x0000000000000008

clint mtime 0x0000000000000565 (mip.MTI <- 0b1, mip.STI <- 0b0)
mem[X,0x000000008000257C] -> 0x0433
mem[X,0x000000008000257E] -> 0x0074
[2762] [M]: 0x000000008000257C (0x00740433) add x8, x8, x7                          spcl_Mhandler+16
x8 <- 0x00000000800027B0

mem[X,0x0000000080002580] -> 0x7413
mem[X,0x0000000080002582] -> 0xFF84
[2763] [M]: 0x0000000080002580 (0xFF847413) andi x8, x8, -0x8                       spcl_Mhandler+20
x8 <- 0x00000000800027B0

clint mtime 0x0000000000000566 (mip.MTI <- 0b1, mip.STI <- 0b0)
mem[X,0x0000000080002584] -> 0x3403
mem[X,0x0000000080002586] -> 0x0004
[2764] [M]: 0x0000000080002584 (0x00043403) ld x8, 0x0(x8)                          spcl_Mhandler+24
mem[R,0x00000000800027B0] -> 0x0000000000000003
x8 <- 0x0000000000000003

mem[X,0x0000000080002588] -> 0x04E3
mem[X,0x000000008000258A] -> 0xB204
[2765] [M]: 0x0000000080002588 (0xB20404E3) beq x8, x0, -0x4d8                      spcl_Mdispatch_hndling+0

clint mtime 0x0000000000000567 (mip.MTI <- 0b1, mip.STI <- 0b0)
mem[X,0x000000008000258C] -> 0x1393
mem[X,0x000000008000258E] -> 0x03F4
[2766] [M]: 0x000000008000258C (0x03F41393) slli x7, x8, 0x3f                       spcl_Mdispatch_hndling+4
x7 <- 0x8000000000000000

mem[X,0x0000000080002590] -> 0xD863
mem[X,0x0000000080002592] -> 0x0003
[2767] [M]: 0x0000000080002590 (0x0003D863) bge x7, x0, 0x10                        spcl_Mdispatch_hndling+8

clint mtime 0x0000000000000568 (mip.MTI <- 0b1, mip.STI <- 0b0)
mem[X,0x0000000080002594] -> 0x5413
mem[X,0x0000000080002596] -> 0x0014
[2768] [M]: 0x0000000080002594 (0x00145413) srli x8, x8, 0x1                        spcl_Mdispatch_hndling+12
x8 <- 0x0000000000000001

mem[X,0x0000000080002598] -> 0x0CE3
mem[X,0x000000008000259A] -> 0xF885
[2769] [M]: 0x0000000080002598 (0xF8850CE3) beq x10, x8, -0x68                      spcl_Mdispatch_hndling+16

clint mtime 0x0000000000000569 (mip.MTI <- 0b1, mip.STI <- 0b0)
mem[X,0x0000000080002530] -> 0x3303
mem[X,0x0000000080002532] -> 0x2601
[2770] [M]: 0x0000000080002530 (0x26013303) ld x6, 0x260(x2)                        resto_Mrtn+0
mem[R,0x0000000080006260] -> 0x0000000000000010
x6 <- 0x0000000000000010

mem[X,0x0000000080002534] -> 0x3383
mem[X,0x0000000080002536] -> 0x2681
[2771] [M]: 0x0000000080002534 (0x26813383) ld x7, 0x268(x2)                        resto_Mrtn+4
mem[R,0x0000000080006268] -> 0x0000000080006000
x7 <- 0x0000000080006000

clint mtime 0x000000000000056A (mip.MTI <- 0b1, mip.STI <- 0b0)
mem[X,0x0000000080002538] -> 0x3403
mem[X,0x000000008000253A] -> 0x2701
[2772] [M]: 0x0000000080002538 (0x27013403) ld x8, 0x270(x2)                        resto_Mrtn+8
mem[R,0x0000000080006270] -> 0x0000000000007F76
x8 <- 0x0000000000007F76

mem[X,0x000000008000253C] -> 0x3483
mem[X,0x000000008000253E] -> 0x2781
[2773] [M]: 0x000000008000253C (0x27813483) ld x9, 0x278(x2)                        resto_Mrtn+12
mem[R,0x0000000080006278] -> 0x0000000080000AB4
x9 <- 0x0000000080000AB4

clint mtime 0x000000000000056B (mip.MTI <- 0b1, mip.STI <- 0b0)
mem[X,0x0000000080002540] -> 0x3503
mem[X,0x0000000080002542] -> 0x2801
[2774] [M]: 0x0000000080002540 (0x28013503) ld x10, 0x280(x2)                       resto_Mrtn+16
mem[R,0x0000000080006280] -> 0x0000000000000001
x10 <- 0x0000000000000001

mem[X,0x0000000080002544] -> 0x3583
mem[X,0x0000000080002546] -> 0x2881
[2775] [M]: 0x0000000080002544 (0x28813583) ld x11, 0x288(x2)                       resto_Mrtn+20
mem[R,0x0000000080006288] -> 0x0000000000000000
x11 <- 0x0000000000000000

clint mtime 0x000000000000056C (mip.MTI <- 0b1, mip.STI <- 0b0)
mem[X,0x0000000080002548] -> 0x3103
mem[X,0x000000008000254A] -> 0x2901
[2776] [M]: 0x0000000080002548 (0x29013103) ld x2, 0x290(x2)                        resto_Mrtn+24
mem[R,0x0000000080006290] -> 0x0000000000000000
x2 <- 0x0000000000000000

mem[X,0x000000008000254C] -> 0x0073
mem[X,0x000000008000254E] -> 0x3020
[2777] [M]: 0x000000008000254C (0x30200073) mret                                    resto_Mrtn+28
CSR mstatus (0x300) <- 0x0000000A00000080
ret-ing from M to S

clint mtime 0x000000000000056D (mip.MTI <- 0b1, mip.STI <- 0b0)
mem[X,0x0000000080000C88] -> 0x0013
mem[X,0x0000000080000C8A] -> 0x0000
[2778] [S]: 0x0000000080000C88 (0x00000013) addi x0, x0, 0x0                        main+2216

mem[X,0x0000000080000C8C] -> 0x0713
mem[X,0x0000000080000C8E] -> 0x0047
[2779] [S]: 0x0000000080000C8C (0x00470713) addi x14, x14, 0x4                      main+2220
x14 <- 0x0000000080002004

clint mtime 0x000000000000056E (mip.MTI <- 0b1, mip.STI <- 0b0)
mem[X,0x0000000080000C90] -> 0x0013
mem[X,0x0000000080000C92] -> 0x0000
[2780] [S]: 0x0000000080000C90 (0x00000013) addi x0, x0, 0x0                        main+2224

mem[X,0x0000000080000C94] -> 0x0013
mem[X,0x0000000080000C96] -> 0x0000
[2781] [S]: 0x0000000080000C94 (0x00000013) addi x0, x0, 0x0                        main+2228

clint mtime 0x000000000000056F (mip.MTI <- 0b1, mip.STI <- 0b0)
mem[X,0x0000000080000C98] -> 0x0013
mem[X,0x0000000080000C9A] -> 0x0000
[2782] [S]: 0x0000000080000C98 (0x00000013) addi x0, x0, 0x0                        main+2232

mem[X,0x0000000080000C9C] -> 0x0013
mem[X,0x0000000080000C9E] -> 0x0000
[2783] [S]: 0x0000000080000C9C (0x00000013) addi x0, x0, 0x0                        main+2236

clint mtime 0x0000000000000570 (mip.MTI <- 0b1, mip.STI <- 0b0)
mem[X,0x0000000080000CA0] -> 0x0217
mem[X,0x0000000080000CA2] -> 0x0000
[2784] [S]: 0x0000000080000CA0 (0x00000217) auipc x4, 0x0                           main+2240
x4 <- 0x0000000080000CA0

mem[X,0x0000000080000CA4] -> 0x0213
mem[X,0x0000000080000CA6] -> 0x0282
[2785] [S]: 0x0000000080000CA4 (0x02820213) addi x4, x4, 0x28                       main+2244
x4 <- 0x0000000080000CC8

clint mtime 0x0000000000000571 (mip.MTI <- 0b1, mip.STI <- 0b0)
mem[X,0x0000000080000CA8] -> 0x0001
[2786] [S]: 0x0000000080000CA8 (0x0001) c.nop                                       main+2248

mem[X,0x0000000080000CAA] -> 0x0013
mem[X,0x0000000080000CAC] -> 0x0000
[2787] [S]: 0x0000000080000CAA (0x00000013) addi x0, x0, 0x0                        main+2250

clint mtime 0x0000000000000572 (mip.MTI <- 0b1, mip.STI <- 0b0)
mem[X,0x0000000080000CAE] -> 0x0013
mem[X,0x0000000080000CB0] -> 0x0000
[2788] [S]: 0x0000000080000CAE (0x00000013) addi x0, x0, 0x0                        main+2254

mem[X,0x0000000080000CB2] -> 0x0013
mem[X,0x0000000080000CB4] -> 0x0000
[2789] [S]: 0x0000000080000CB2 (0x00000013) addi x0, x0, 0x0                        main+2258

clint mtime 0x0000000000000573 (mip.MTI <- 0b1, mip.STI <- 0b0)
mem[X,0x0000000080000CB6] -> 0x0013
mem[X,0x0000000080000CB8] -> 0x0000
[2790] [S]: 0x0000000080000CB6 (0x00000013) addi x0, x0, 0x0                        main+2262

mem[X,0x0000000080000CBA] -> 0x0013
mem[X,0x0000000080000CBC] -> 0x0000
[2791] [S]: 0x0000000080000CBA (0x00000013) addi x0, x0, 0x0                        main+2266

clint mtime 0x0000000000000574 (mip.MTI <- 0b1, mip.STI <- 0b0)
mem[X,0x0000000080000CBE] -> 0x0001
[2792] [S]: 0x0000000080000CBE (0x0001) c.nop                                       main+2270

mem[X,0x0000000080000CC0] -> 0x00E7
mem[X,0x0000000080000CC2] -> 0x0007
[2793] [S]: 0x0000000080000CC0 (0x000700E7) jalr x1, 0x0(x14)                       main+2272
x1 <- 0x0000000080000CC4

clint mtime 0x0000000000000575 (mip.MTI <- 0b1, mip.STI <- 0b0)
mem[X,0x0000000080002004] -> 0x0013
mem[X,0x0000000080002006] -> 0x0000
[2794] [S]: 0x0000000080002004 (0x00000013) addi x0, x0, 0x0                        TEST_FOR_EXECUTION+4

mem[X,0x0000000080002008] -> 0x0013
mem[X,0x000000008000200A] -> 0x0000
[2795] [S]: 0x0000000080002008 (0x00000013) addi x0, x0, 0x0                        RETURN_INSTRUCTION+0

clint mtime 0x0000000000000576 (mip.MTI <- 0b1, mip.STI <- 0b0)
mem[X,0x000000008000200C] -> 0x0013
mem[X,0x000000008000200E] -> 0x0000
[2796] [S]: 0x000000008000200C (0x00000013) addi x0, x0, 0x0                        RETURN_INSTRUCTION+4

mem[X,0x0000000080002010] -> 0x8067
mem[X,0x0000000080002012] -> 0x0000
[2797] [S]: 0x0000000080002010 (0x00008067) jalr x0, 0x0(x1)                        RETURN_INSTRUCTION+8

clint mtime 0x0000000000000577 (mip.MTI <- 0b1, mip.STI <- 0b0)
mem[X,0x0000000080000CC4] -> 0x0013
mem[X,0x0000000080000CC6] -> 0x0000
[2798] [S]: 0x0000000080000CC4 (0x00000013) addi x0, x0, 0x0                        main+2276

mem[X,0x0000000080000CC8] -> 0x0013
mem[X,0x0000000080000CCA] -> 0x0000
[2799] [S]: 0x0000000080000CC8 (0x00000013) addi x0, x0, 0x0                        main+2280

clint mtime 0x0000000000000578 (mip.MTI <- 0b1, mip.STI <- 0b0)
mem[X,0x0000000080000CCC] -> 0x0737
mem[X,0x0000000080000CCE] -> 0x0000
[2800] [S]: 0x0000000080000CCC (0x00000737) lui x14, 0x0                            main+2284
x14 <- 0x0000000000000000

mem[X,0x0000000080000CD0] -> 0x0713
mem[X,0x0000000080000CD2] -> 0x0137
[2801] [S]: 0x0000000080000CD0 (0x01370713) addi x14, x14, 0x13                     main+2288
x14 <- 0x0000000000000013

clint mtime 0x0000000000000579 (mip.MTI <- 0b1, mip.STI <- 0b0)
mem[X,0x0000000080000CD4] -> 0x1713
mem[X,0x0000000080000CD6] -> 0x00B7
[2802] [S]: 0x0000000080000CD4 (0x00B71713) slli x14, x14, 0xb                      main+2292
x14 <- 0x0000000000009800

mem[X,0x0000000080000CD8] -> 0x0713
mem[X,0x0000000080000CDA] -> 0x0007
[2803] [S]: 0x0000000080000CD8 (0x00070713) addi x14, x14, 0x0                      main+2296
x14 <- 0x0000000000009800

clint mtime 0x000000000000057A (mip.MTI <- 0b1, mip.STI <- 0b0)
mem[X,0x0000000080000CDC] -> 0x1713
mem[X,0x0000000080000CDE] -> 0x00B7
[2804] [S]: 0x0000000080000CDC (0x00B71713) slli x14, x14, 0xb                      main+2300
x14 <- 0x0000000004C00000

mem[X,0x0000000080000CE0] -> 0x0713
mem[X,0x0000000080000CE2] -> 0x0007
[2805] [S]: 0x0000000080000CE0 (0x00070713) addi x14, x14, 0x0                      main+2304
x14 <- 0x0000000004C00000

clint mtime 0x000000000000057B (mip.MTI <- 0b1, mip.STI <- 0b0)
mem[X,0x0000000080000CE4] -> 0x1713
mem[X,0x0000000080000CE6] -> 0x00A7
[2806] [S]: 0x0000000080000CE4 (0x00A71713) slli x14, x14, 0xa                      main+2308
x14 <- 0x0000001300000000

mem[X,0x0000000080000CE8] -> 0x0713
mem[X,0x0000000080000CEA] -> 0x0137
[2807] [S]: 0x0000000080000CE8 (0x01370713) addi x14, x14, 0x13                     main+2312
x14 <- 0x0000001300000013

clint mtime 0x000000000000057C (mip.MTI <- 0b1, mip.STI <- 0b0)
mem[X,0x0000000080000CEC] -> 0x0013
mem[X,0x0000000080000CEE] -> 0x0000
[2808] [S]: 0x0000000080000CEC (0x00000013) addi x0, x0, 0x0                        main+2316

mem[X,0x0000000080000CF0] -> 0x0013
mem[X,0x0000000080000CF2] -> 0x0000
[2809] [S]: 0x0000000080000CF0 (0x00000013) addi x0, x0, 0x0                        main+2320

clint mtime 0x000000000000057D (mip.MTI <- 0b1, mip.STI <- 0b0)
mem[X,0x0000000080000CF4] -> 0x0013
mem[X,0x0000000080000CF6] -> 0x0000
[2810] [S]: 0x0000000080000CF4 (0x00000013) addi x0, x0, 0x0                        main+2324

mem[X,0x0000000080000CF8] -> 0x0013
mem[X,0x0000000080000CFA] -> 0x0000
[2811] [S]: 0x0000000080000CF8 (0x00000013) addi x0, x0, 0x0                        main+2328

clint mtime 0x000000000000057E (mip.MTI <- 0b1, mip.STI <- 0b0)
mem[X,0x0000000080000CFC] -> 0x0013
mem[X,0x0000000080000CFE] -> 0x0000
[2812] [S]: 0x0000000080000CFC (0x00000013) addi x0, x0, 0x0                        main+2332

mem[X,0x0000000080000D00] -> 0x1797
mem[X,0x0000000080000D02] -> 0x0000
[2813] [S]: 0x0000000080000D00 (0x00001797) auipc x15, 0x1                          main+2336
x15 <- 0x0000000080001D00

clint mtime 0x000000000000057F (mip.MTI <- 0b1, mip.STI <- 0b0)
mem[X,0x0000000080000D04] -> 0x8793
mem[X,0x0000000080000D06] -> 0x3007
[2814] [S]: 0x0000000080000D04 (0x30078793) addi x15, x15, 0x300                    main+2340
x15 <- 0x0000000080002000

mem[X,0x0000000080000D08] -> 0x0001
[2815] [S]: 0x0000000080000D08 (0x0001) c.nop                                       main+2344

clint mtime 0x0000000000000580 (mip.MTI <- 0b1, mip.STI <- 0b0)
mem[X,0x0000000080000D0A] -> 0x0013
mem[X,0x0000000080000D0C] -> 0x0000
[2816] [S]: 0x0000000080000D0A (0x00000013) addi x0, x0, 0x0                        main+2346

mem[X,0x0000000080000D0E] -> 0x0013
mem[X,0x0000000080000D10] -> 0x0000
[2817] [S]: 0x0000000080000D0E (0x00000013) addi x0, x0, 0x0                        main+2350

clint mtime 0x0000000000000581 (mip.MTI <- 0b1, mip.STI <- 0b0)
mem[X,0x0000000080000D12] -> 0x0013
mem[X,0x0000000080000D14] -> 0x0000
[2818] [S]: 0x0000000080000D12 (0x00000013) addi x0, x0, 0x0                        main+2354

mem[X,0x0000000080000D16] -> 0x0013
mem[X,0x0000000080000D18] -> 0x0000
[2819] [S]: 0x0000000080000D16 (0x00000013) addi x0, x0, 0x0                        main+2358

clint mtime 0x0000000000000582 (mip.MTI <- 0b1, mip.STI <- 0b0)
mem[X,0x0000000080000D1A] -> 0x0013
mem[X,0x0000000080000D1C] -> 0x0000
[2820] [S]: 0x0000000080000D1A (0x00000013) addi x0, x0, 0x0                        main+2362

mem[X,0x0000000080000D1E] -> 0x0001
[2821] [S]: 0x0000000080000D1E (0x0001) c.nop                                       main+2366

clint mtime 0x0000000000000583 (mip.MTI <- 0b1, mip.STI <- 0b0)
mem[X,0x0000000080000D20] -> 0xA023
mem[X,0x0000000080000D22] -> 0x00E7
[2822] [S]: 0x0000000080000D20 (0x00E7A023) sw x14, 0x0(x15)                        main+2368
mem[W,0x0000000080002000] <- 0x00000013

mem[X,0x0000000080000D24] -> 0x0013
mem[X,0x0000000080000D26] -> 0x0000
[2823] [S]: 0x0000000080000D24 (0x00000013) addi x0, x0, 0x0                        main+2372

clint mtime 0x0000000000000584 (mip.MTI <- 0b1, mip.STI <- 0b0)
mem[X,0x0000000080000D28] -> 0x8793
mem[X,0x0000000080000D2A] -> 0xFFC7
[2824] [S]: 0x0000000080000D28 (0xFFC78793) addi x15, x15, -0x4                     main+2376
x15 <- 0x0000000080001FFC

mem[X,0x0000000080000D2C] -> 0xA023
mem[X,0x0000000080000D2E] -> 0x00E7
[2825] [S]: 0x0000000080000D2C (0x00E7A023) sw x14, 0x0(x15)                        main+2380
mem[W,0x0000000080001FFC] <- 0x00000013

clint mtime 0x0000000000000585 (mip.MTI <- 0b1, mip.STI <- 0b0)
mem[X,0x0000000080000D30] -> 0x0013
mem[X,0x0000000080000D32] -> 0x0000
[2826] [S]: 0x0000000080000D30 (0x00000013) addi x0, x0, 0x0                        main+2384

mem[X,0x0000000080000D34] -> 0x8793
mem[X,0x0000000080000D36] -> 0x0087
[2827] [S]: 0x0000000080000D34 (0x00878793) addi x15, x15, 0x8                      main+2388
x15 <- 0x0000000080002004

clint mtime 0x0000000000000586 (mip.MTI <- 0b1, mip.STI <- 0b0)
mem[X,0x0000000080000D38] -> 0xA023
mem[X,0x0000000080000D3A] -> 0x00E7
[2828] [S]: 0x0000000080000D38 (0x00E7A023) sw x14, 0x0(x15)                        main+2392
mem[W,0x0000000080002004] <- 0x00000013

mem[X,0x0000000080000D3C] -> 0x0013
mem[X,0x0000000080000D3E] -> 0x0000
[2829] [S]: 0x0000000080000D3C (0x00000013) addi x0, x0, 0x0                        main+2396

clint mtime 0x0000000000000587 (mip.MTI <- 0b1, mip.STI <- 0b0)
mem[X,0x0000000080000D40] -> 0x0293
mem[X,0x0000000080000D42] -> 0xFFC0
[2830] [S]: 0x0000000080000D40 (0xFFC00293) addi x5, x0, -0x4                       main+2400
x5 <- 0xFFFFFFFFFFFFFFFC

mem[X,0x0000000080000D44] -> 0x87B3
mem[X,0x0000000080000D46] -> 0x0057
[2831] [S]: 0x0000000080000D44 (0x005787B3) add x15, x15, x5                        main+2404
x15 <- 0x0000000080002000

clint mtime 0x0000000000000588 (mip.MTI <- 0b1, mip.STI <- 0b0)
mem[X,0x0000000080000D48] -> 0xA023
mem[X,0x0000000080000D4A] -> 0x00E7
[2832] [S]: 0x0000000080000D48 (0x00E7A023) sw x14, 0x0(x15)                        main+2408
mem[W,0x0000000080002000] <- 0x00000013

mem[X,0x0000000080000D4C] -> 0x0013
mem[X,0x0000000080000D4E] -> 0x0000
[2833] [S]: 0x0000000080000D4C (0x00000013) addi x0, x0, 0x0                        main+2412

clint mtime 0x0000000000000589 (mip.MTI <- 0b1, mip.STI <- 0b0)
mem[X,0x0000000080000D50] -> 0x8793
mem[X,0x0000000080000D52] -> 0x0047
[2834] [S]: 0x0000000080000D50 (0x00478793) addi x15, x15, 0x4                      main+2416
x15 <- 0x0000000080002004

mem[X,0x0000000080000D54] -> 0xA023
mem[X,0x0000000080000D56] -> 0x00E7
[2835] [S]: 0x0000000080000D54 (0x00E7A023) sw x14, 0x0(x15)                        main+2420
mem[W,0x0000000080002004] <- 0x00000013

clint mtime 0x000000000000058A (mip.MTI <- 0b1, mip.STI <- 0b0)
mem[X,0x0000000080000D58] -> 0x0013
mem[X,0x0000000080000D5A] -> 0x0000
[2836] [S]: 0x0000000080000D58 (0x00000013) addi x0, x0, 0x0                        main+2424

mem[X,0x0000000080000D5C] -> 0x0013
mem[X,0x0000000080000D5E] -> 0x0000
[2837] [S]: 0x0000000080000D5C (0x00000013) addi x0, x0, 0x0                        main+2428

clint mtime 0x000000000000058B (mip.MTI <- 0b1, mip.STI <- 0b0)
mem[X,0x0000000080000D60] -> 0x1797
mem[X,0x0000000080000D62] -> 0x0000
[2838] [S]: 0x0000000080000D60 (0x00001797) auipc x15, 0x1                          main+2432
x15 <- 0x0000000080001D60

mem[X,0x0000000080000D64] -> 0x8793
mem[X,0x0000000080000D66] -> 0x2A07
[2839] [S]: 0x0000000080000D64 (0x2A078793) addi x15, x15, 0x2a0                    main+2436
x15 <- 0x0000000080002000

clint mtime 0x000000000000058C (mip.MTI <- 0b1, mip.STI <- 0b0)
mem[X,0x0000000080000D68] -> 0x0001
[2840] [S]: 0x0000000080000D68 (0x0001) c.nop                                       main+2440

mem[X,0x0000000080000D6A] -> 0x0013
mem[X,0x0000000080000D6C] -> 0x0000
[2841] [S]: 0x0000000080000D6A (0x00000013) addi x0, x0, 0x0                        main+2442

clint mtime 0x000000000000058D (mip.MTI <- 0b1, mip.STI <- 0b0)
mem[X,0x0000000080000D6E] -> 0x0013
mem[X,0x0000000080000D70] -> 0x0000
[2842] [S]: 0x0000000080000D6E (0x00000013) addi x0, x0, 0x0                        main+2446

mem[X,0x0000000080000D72] -> 0x0013
mem[X,0x0000000080000D74] -> 0x0000
[2843] [S]: 0x0000000080000D72 (0x00000013) addi x0, x0, 0x0                        main+2450

clint mtime 0x000000000000058E (mip.MTI <- 0b1, mip.STI <- 0b0)
mem[X,0x0000000080000D76] -> 0x0013
mem[X,0x0000000080000D78] -> 0x0000
[2844] [S]: 0x0000000080000D76 (0x00000013) addi x0, x0, 0x0                        main+2454

mem[X,0x0000000080000D7A] -> 0x0013
mem[X,0x0000000080000D7C] -> 0x0000
[2845] [S]: 0x0000000080000D7A (0x00000013) addi x0, x0, 0x0                        main+2458

clint mtime 0x000000000000058F (mip.MTI <- 0b1, mip.STI <- 0b0)
mem[X,0x0000000080000D7E] -> 0x0001
[2846] [S]: 0x0000000080000D7E (0x0001) c.nop                                       main+2462

mem[X,0x0000000080000D80] -> 0xA703
mem[X,0x0000000080000D82] -> 0x0007
[2847] [S]: 0x0000000080000D80 (0x0007A703) lw x14, 0x0(x15)                        main+2464
mem[R,0x0000000080002000] -> 0x00000013
x14 <- 0x0000000000000013

clint mtime 0x0000000000000590 (mip.MTI <- 0b1, mip.STI <- 0b0)
mem[X,0x0000000080000D84] -> 0x0013
mem[X,0x0000000080000D86] -> 0x0000
[2848] [S]: 0x0000000080000D84 (0x00000013) addi x0, x0, 0x0                        main+2468

mem[X,0x0000000080000D88] -> 0xB823
mem[X,0x0000000080000D8A] -> 0x04E6
[2849] [S]: 0x0000000080000D88 (0x04E6B823) sd x14, 0x50(x13)                       main+2472
mem[W,0x0000000080007268] <- 0x0000000000000013

clint mtime 0x0000000000000591 (mip.MTI <- 0b1, mip.STI <- 0b0)
mem[X,0x0000000080000D8C] -> 0x8793
mem[X,0x0000000080000D8E] -> 0xFFC7
[2850] [S]: 0x0000000080000D8C (0xFFC78793) addi x15, x15, -0x4                     main+2476
x15 <- 0x0000000080001FFC

mem[X,0x0000000080000D90] -> 0xA703
mem[X,0x0000000080000D92] -> 0x0007
[2851] [S]: 0x0000000080000D90 (0x0007A703) lw x14, 0x0(x15)                        main+2480
mem[R,0x0000000080001FFC] -> 0x00000013
x14 <- 0x0000000000000013

clint mtime 0x0000000000000592 (mip.MTI <- 0b1, mip.STI <- 0b0)
mem[X,0x0000000080000D94] -> 0x0013
mem[X,0x0000000080000D96] -> 0x0000
[2852] [S]: 0x0000000080000D94 (0x00000013) addi x0, x0, 0x0                        main+2484

mem[X,0x0000000080000D98] -> 0xBC23
mem[X,0x0000000080000D9A] -> 0x04E6
[2853] [S]: 0x0000000080000D98 (0x04E6BC23) sd x14, 0x58(x13)                       main+2488
mem[W,0x0000000080007270] <- 0x0000000000000013

clint mtime 0x0000000000000593 (mip.MTI <- 0b1, mip.STI <- 0b0)
mem[X,0x0000000080000D9C] -> 0x8793
mem[X,0x0000000080000D9E] -> 0x0087
[2854] [S]: 0x0000000080000D9C (0x00878793) addi x15, x15, 0x8                      main+2492
x15 <- 0x0000000080002004

mem[X,0x0000000080000DA0] -> 0xA703
mem[X,0x0000000080000DA2] -> 0x0007
[2855] [S]: 0x0000000080000DA0 (0x0007A703) lw x14, 0x0(x15)                        main+2496
mem[R,0x0000000080002004] -> 0x00000013
x14 <- 0x0000000000000013

clint mtime 0x0000000000000594 (mip.MTI <- 0b1, mip.STI <- 0b0)
mem[X,0x0000000080000DA4] -> 0x0013
mem[X,0x0000000080000DA6] -> 0x0000
[2856] [S]: 0x0000000080000DA4 (0x00000013) addi x0, x0, 0x0                        main+2500

mem[X,0x0000000080000DA8] -> 0xB023
mem[X,0x0000000080000DAA] -> 0x06E6
[2857] [S]: 0x0000000080000DA8 (0x06E6B023) sd x14, 0x60(x13)                       main+2504
mem[W,0x0000000080007278] <- 0x0000000000000013

clint mtime 0x0000000000000595 (mip.MTI <- 0b1, mip.STI <- 0b0)
mem[X,0x0000000080000DAC] -> 0x0293
mem[X,0x0000000080000DAE] -> 0xFFC0
[2858] [S]: 0x0000000080000DAC (0xFFC00293) addi x5, x0, -0x4                       main+2508
x5 <- 0xFFFFFFFFFFFFFFFC

mem[X,0x0000000080000DB0] -> 0x87B3
mem[X,0x0000000080000DB2] -> 0x0057
[2859] [S]: 0x0000000080000DB0 (0x005787B3) add x15, x15, x5                        main+2512
x15 <- 0x0000000080002000

clint mtime 0x0000000000000596 (mip.MTI <- 0b1, mip.STI <- 0b0)
mem[X,0x0000000080000DB4] -> 0xA703
mem[X,0x0000000080000DB6] -> 0x0007
[2860] [S]: 0x0000000080000DB4 (0x0007A703) lw x14, 0x0(x15)                        main+2516
mem[R,0x0000000080002000] -> 0x00000013
x14 <- 0x0000000000000013

mem[X,0x0000000080000DB8] -> 0x0013
mem[X,0x0000000080000DBA] -> 0x0000
[2861] [S]: 0x0000000080000DB8 (0x00000013) addi x0, x0, 0x0                        main+2520

clint mtime 0x0000000000000597 (mip.MTI <- 0b1, mip.STI <- 0b0)
mem[X,0x0000000080000DBC] -> 0xB423
mem[X,0x0000000080000DBE] -> 0x06E6
[2862] [S]: 0x0000000080000DBC (0x06E6B423) sd x14, 0x68(x13)                       main+2524
mem[W,0x0000000080007280] <- 0x0000000000000013

mem[X,0x0000000080000DC0] -> 0x8793
mem[X,0x0000000080000DC2] -> 0x0047
[2863] [S]: 0x0000000080000DC0 (0x00478793) addi x15, x15, 0x4                      main+2528
x15 <- 0x0000000080002004

clint mtime 0x0000000000000598 (mip.MTI <- 0b1, mip.STI <- 0b0)
mem[X,0x0000000080000DC4] -> 0xA703
mem[X,0x0000000080000DC6] -> 0x0007
[2864] [S]: 0x0000000080000DC4 (0x0007A703) lw x14, 0x0(x15)                        main+2532
mem[R,0x0000000080002004] -> 0x00000013
x14 <- 0x0000000000000013

mem[X,0x0000000080000DC8] -> 0x0013
mem[X,0x0000000080000DCA] -> 0x0000
[2865] [S]: 0x0000000080000DC8 (0x00000013) addi x0, x0, 0x0                        main+2536

clint mtime 0x0000000000000599 (mip.MTI <- 0b1, mip.STI <- 0b0)
mem[X,0x0000000080000DCC] -> 0xB823
mem[X,0x0000000080000DCE] -> 0x06E6
[2866] [S]: 0x0000000080000DCC (0x06E6B823) sd x14, 0x70(x13)                       main+2540
mem[W,0x0000000080007288] <- 0x0000000000000013

mem[X,0x0000000080000DD0] -> 0x0113
mem[X,0x0000000080000DD2] -> 0x0000
[2867] [S]: 0x0000000080000DD0 (0x00000113) addi x2, x0, 0x0                        main+2544
x2 <- 0x0000000000000000

clint mtime 0x000000000000059A (mip.MTI <- 0b1, mip.STI <- 0b0)
mem[X,0x0000000080000DD4] -> 0x0073
mem[X,0x0000000080000DD6] -> 0x0000
[2868] [S]: 0x0000000080000DD4 (0x00000073) ecall                                   main+2548
trapping from S to M to handle s-call
handling exc#s-call at priv M with tval 0x0000000000000000
CSR mstatus (0x300) <- 0x0000000A00000800
CSR mcause (0x342) <- 0x0000000000000009
CSR mtval (0x343) <- 0x0000000000000000
CSR mepc (0x341) <- 0x0000000080000DD4

mem[X,0x0000000080002100] -> 0x006F
mem[X,0x0000000080002102] -> 0x1000
[2869] [M]: 0x0000000080002100 (0x1000006F) jal x0, 0x100                           Mtrampoline+0

clint mtime 0x000000000000059B (mip.MTI <- 0b1, mip.STI <- 0b0)
mem[X,0x0000000080002200] -> 0x1173
mem[X,0x0000000080002202] -> 0x3401
[2870] [M]: 0x0000000080002200 (0x34011173) csrrw x2, mscratch, x2                  trap_Mhandler+0
CSR mscratch (0x340) <- 0x0000000000000000
x2 <- 0x0000000080006000

mem[X,0x0000000080002204] -> 0x3423
mem[X,0x0000000080002206] -> 0x28B1
[2871] [M]: 0x0000000080002204 (0x28B13423) sd x11, 0x288(x2)                       trap_Mhandler+4
mem[W,0x0000000080006288] <- 0x0000000000000000

clint mtime 0x000000000000059C (mip.MTI <- 0b1, mip.STI <- 0b0)
mem[X,0x0000000080002208] -> 0x05EF
mem[X,0x000000008000220A] -> 0x0B80
[2872] [M]: 0x0000000080002208 (0x0B8005EF) jal x11, 0xb8                           trap_Mhandler+8
x11 <- 0x000000008000220C

mem[X,0x00000000800022C0] -> 0x3023
mem[X,0x00000000800022C2] -> 0x28A1
[2873] [M]: 0x00000000800022C0 (0x28A13023) sd x10, 0x280(x2)                       common_Mhandler+0
mem[W,0x0000000080006280] <- 0x0000000000000001

clint mtime 0x000000000000059D (mip.MTI <- 0b1, mip.STI <- 0b0)
mem[X,0x00000000800022C4] -> 0x1573
mem[X,0x00000000800022C6] -> 0x3401
[2874] [M]: 0x00000000800022C4 (0x34011573) csrrw x10, mscratch, x2                 common_Mhandler+4
CSR mscratch (0x340) <- 0x0000000080006000
x10 <- 0x0000000000000000

mem[X,0x00000000800022C8] -> 0x3823
mem[X,0x00000000800022CA] -> 0x28A1
[2875] [M]: 0x00000000800022C8 (0x28A13823) sd x10, 0x290(x2)                       common_Mhandler+8
mem[W,0x0000000080006290] <- 0x0000000000000000

clint mtime 0x000000000000059E (mip.MTI <- 0b1, mip.STI <- 0b0)
mem[X,0x00000000800022CC] -> 0x3503
mem[X,0x00000000800022CE] -> 0x2301
[2876] [M]: 0x00000000800022CC (0x23013503) ld x10, 0x230(x2)                       common_Mhandler+12
mem[R,0x0000000080006230] -> 0x00000000800022D4
x10 <- 0x00000000800022D4

mem[X,0x00000000800022D0] -> 0x0067
mem[X,0x00000000800022D2] -> 0x0005
[2877] [M]: 0x00000000800022D0 (0x00050067) jalr x0, 0x0(x10)                       common_Mhandler+16

clint mtime 0x000000000000059F (mip.MTI <- 0b1, mip.STI <- 0b0)
mem[X,0x00000000800022D4] -> 0x3C23
mem[X,0x00000000800022D6] -> 0x2691
[2878] [M]: 0x00000000800022D4 (0x26913C23) sd x9, 0x278(x2)                        common_Mentry+0
mem[W,0x0000000080006278] <- 0x0000000080000AB4

mem[X,0x00000000800022D8] -> 0x3823
mem[X,0x00000000800022DA] -> 0x2681
[2879] [M]: 0x00000000800022D8 (0x26813823) sd x8, 0x270(x2)                        common_Mentry+4
mem[W,0x0000000080006270] <- 0x0000000000007F76

clint mtime 0x00000000000005A0 (mip.MTI <- 0b1, mip.STI <- 0b0)
mem[X,0x00000000800022DC] -> 0x3423
mem[X,0x00000000800022DE] -> 0x2671
[2880] [M]: 0x00000000800022DC (0x26713423) sd x7, 0x268(x2)                        common_Mentry+8
mem[W,0x0000000080006268] <- 0x0000000080006000

mem[X,0x00000000800022E0] -> 0x3023
mem[X,0x00000000800022E2] -> 0x2661
[2881] [M]: 0x00000000800022E0 (0x26613023) sd x6, 0x260(x2)                        common_Mentry+12
mem[W,0x0000000080006260] <- 0x0000000000000010

clint mtime 0x00000000000005A1 (mip.MTI <- 0b1, mip.STI <- 0b0)
mem[X,0x00000000800022E4] -> 0x2573
mem[X,0x00000000800022E6] -> 0x3420
[2882] [M]: 0x00000000800022E4 (0x34202573) csrrs x10, mcause, x0                   spcl_M2mmode_test+0
CSR mcause (0x342) -> 0x0000000000000009
x10 <- 0x0000000000000009

mem[X,0x00000000800022E8] -> 0x04B7
mem[X,0x00000000800022EA] -> 0x8000
[2883] [M]: 0x00000000800022E8 (0x800004B7) lui x9, -0x80000                        spcl_M2mmode_test+4
x9 <- 0xFFFFFFFF80000000

clint mtime 0x00000000000005A2 (mip.MTI <- 0b1, mip.STI <- 0b0)
mem[X,0x00000000800022EC] -> 0x8493
mem[X,0x00000000800022EE] -> 0x0004
[2884] [M]: 0x00000000800022EC (0x00048493) addi x9, x9, 0x0                        spcl_M2mmode_test+8
x9 <- 0xFFFFFFFF80000000

mem[X,0x00000000800022F0] -> 0x9493
mem[X,0x00000000800022F2] -> 0x00B4
[2885] [M]: 0x00000000800022F0 (0x00B49493) slli x9, x9, 0xb                        spcl_M2mmode_test+12
x9 <- 0xFFFFFC0000000000

clint mtime 0x00000000000005A3 (mip.MTI <- 0b1, mip.STI <- 0b0)
mem[X,0x00000000800022F4] -> 0x8493
mem[X,0x00000000800022F6] -> 0x0004
[2886] [M]: 0x00000000800022F4 (0x00048493) addi x9, x9, 0x0                        spcl_M2mmode_test+16
x9 <- 0xFFFFFC0000000000

mem[X,0x00000000800022F8] -> 0x9493
mem[X,0x00000000800022FA] -> 0x00B4
[2887] [M]: 0x00000000800022F8 (0x00B49493) slli x9, x9, 0xb                        spcl_M2mmode_test+20
x9 <- 0xFFE0000000000000

clint mtime 0x00000000000005A4 (mip.MTI <- 0b1, mip.STI <- 0b0)
mem[X,0x00000000800022FC] -> 0x8493
mem[X,0x00000000800022FE] -> 0x0034
[2888] [M]: 0x00000000800022FC (0x00348493) addi x9, x9, 0x3                        spcl_M2mmode_test+24
x9 <- 0xFFE0000000000003

mem[X,0x0000000080002300] -> 0x9493
mem[X,0x0000000080002302] -> 0x00A4
[2889] [M]: 0x0000000080002300 (0x00A49493) slli x9, x9, 0xa                        spcl_M2mmode_test+28
x9 <- 0x8000000000000C00

clint mtime 0x00000000000005A5 (mip.MTI <- 0b1, mip.STI <- 0b0)
mem[X,0x0000000080002304] -> 0x8493
mem[X,0x0000000080002306] -> 0x3FC4
[2890] [M]: 0x0000000080002304 (0x3FC48493) addi x9, x9, 0x3fc                      spcl_M2mmode_test+32
x9 <- 0x8000000000000FFC

mem[X,0x0000000080002308] -> 0xF4B3
mem[X,0x000000008000230A] -> 0x00A4
[2891] [M]: 0x0000000080002308 (0x00A4F4B3) and x9, x9, x10                         spcl_M2mmode_test+36
x9 <- 0x0000000000000008

clint mtime 0x00000000000005A6 (mip.MTI <- 0b1, mip.STI <- 0b0)
mem[X,0x000000008000230C] -> 0x8493
mem[X,0x000000008000230E] -> 0xFF84
[2892] [M]: 0x000000008000230C (0xFF848493) addi x9, x9, -0x8                       spcl_M2mmode_test+40
x9 <- 0x0000000000000000

mem[X,0x0000000080002310] -> 0x9663
mem[X,0x0000000080002312] -> 0x0004
[2893] [M]: 0x0000000080002310 (0x00049663) bne x9, x0, 0xc                         spcl_M2mmode_test+44

clint mtime 0x00000000000005A7 (mip.MTI <- 0b1, mip.STI <- 0b0)
mem[X,0x0000000080002314] -> 0x3383
mem[X,0x0000000080002316] -> 0x2901
[2894] [M]: 0x0000000080002314 (0x29013383) ld x7, 0x290(x2)                        spcl_M2mmode_test+48
mem[R,0x0000000080006290] -> 0x0000000000000000
x7 <- 0x0000000000000000

mem[X,0x0000000080002318] -> 0x8263
mem[X,0x000000008000231A] -> 0x6E03
[2895] [M]: 0x0000000080002318 (0x6E038263) beq x7, x0, 0x6e4                       spcl_M2mmode_test+52

clint mtime 0x00000000000005A8 (mip.MTI <- 0b1, mip.STI <- 0b0)
mem[X,0x00000000800029FC] -> 0x0493
mem[X,0x00000000800029FE] -> 0xFF55
[2896] [M]: 0x00000000800029FC (0xFF550493) addi x9, x10, -0xb                      rtn2mmode+0
x9 <- 0xFFFFFFFFFFFFFFFE

mem[X,0x0000000080002A00] -> 0x8C63
mem[X,0x0000000080002A02] -> 0x0004
[2897] [M]: 0x0000000080002A00 (0x00048C63) beq x9, x0, 0x18                        rtn2mmode+4

clint mtime 0x00000000000005A9 (mip.MTI <- 0b1, mip.STI <- 0b0)
mem[X,0x0000000080002A04] -> 0x3583
mem[X,0x0000000080002A06] -> 0x4701
[2898] [M]: 0x0000000080002A04 (0x47013583) ld x11, 0x470(x2)                       rtn2mmode+8
mem[R,0x0000000080006470] -> 0x00000000800003B4
x11 <- 0x00000000800003B4

mem[X,0x0000000080002A08] -> 0xD463
mem[X,0x0000000080002A0A] -> 0x0003
[2899] [M]: 0x0000000080002A08 (0x0003D463) bge x7, x0, 0x8                         rtn2mmode+12

clint mtime 0x00000000000005AA (mip.MTI <- 0b1, mip.STI <- 0b0)
mem[X,0x0000000080002A10] -> 0x3483
mem[X,0x0000000080002A12] -> 0x1D81
[2900] [M]: 0x0000000080002A10 (0x1D813483) ld x9, 0x1d8(x2)                        from_u_s+0
mem[R,0x00000000800061D8] -> 0x00000000800003B4
x9 <- 0x00000000800003B4

mem[X,0x0000000080002A14] -> 0x84B3
mem[X,0x0000000080002A16] -> 0x40B4
[2901] [M]: 0x0000000080002A14 (0x40B484B3) sub x9, x9, x11                         from_u_s+4
x9 <- 0x0000000000000000

clint mtime 0x00000000000005AB (mip.MTI <- 0b1, mip.STI <- 0b0)
mem[X,0x0000000080002A18] -> 0x23F3
mem[X,0x0000000080002A1A] -> 0x3410
[2902] [M]: 0x0000000080002A18 (0x341023F3) csrrs x7, mepc, x0                      rtn_fm_mmode+0
CSR mepc (0x341) -> 0x0000000080000DD4
x7 <- 0x0000000080000DD4

mem[X,0x0000000080002A1C] -> 0x83B3
mem[X,0x0000000080002A1E] -> 0x0093
[2903] [M]: 0x0000000080002A1C (0x009383B3) add x7, x7, x9                          rtn_fm_mmode+4
x7 <- 0x0000000080000DD4

clint mtime 0x00000000000005AC (mip.MTI <- 0b1, mip.STI <- 0b0)
mem[X,0x0000000080002A20] -> 0x3303
mem[X,0x0000000080002A22] -> 0x2601
[2904] [M]: 0x0000000080002A20 (0x26013303) ld x6, 0x260(x2)                        rtn_fm_mmode+8
mem[R,0x0000000080006260] -> 0x0000000000000010
x6 <- 0x0000000000000010

mem[X,0x0000000080002A24] -> 0x3403
mem[X,0x0000000080002A26] -> 0x2701
[2905] [M]: 0x0000000080002A24 (0x27013403) ld x8, 0x270(x2)                        rtn_fm_mmode+12
mem[R,0x0000000080006270] -> 0x0000000000007F76
x8 <- 0x0000000000007F76

clint mtime 0x00000000000005AD (mip.MTI <- 0b1, mip.STI <- 0b0)
mem[X,0x0000000080002A28] -> 0x3483
mem[X,0x0000000080002A2A] -> 0x2781
[2906] [M]: 0x0000000080002A28 (0x27813483) ld x9, 0x278(x2)                        rtn_fm_mmode+16
mem[R,0x0000000080006278] -> 0x0000000080000AB4
x9 <- 0x0000000080000AB4

mem[X,0x0000000080002A2C] -> 0x3503
mem[X,0x0000000080002A2E] -> 0x2801
[2907] [M]: 0x0000000080002A2C (0x28013503) ld x10, 0x280(x2)                       rtn_fm_mmode+20
mem[R,0x0000000080006280] -> 0x0000000000000001
x10 <- 0x0000000000000001

clint mtime 0x00000000000005AE (mip.MTI <- 0b1, mip.STI <- 0b0)
mem[X,0x0000000080002A30] -> 0x3583
mem[X,0x0000000080002A32] -> 0x2881
[2908] [M]: 0x0000000080002A30 (0x28813583) ld x11, 0x288(x2)                       rtn_fm_mmode+24
mem[R,0x0000000080006288] -> 0x0000000000000000
x11 <- 0x0000000000000000

mem[X,0x0000000080002A34] -> 0x3103
mem[X,0x0000000080002A36] -> 0x2901
[2909] [M]: 0x0000000080002A34 (0x29013103) ld x2, 0x290(x2)                        rtn_fm_mmode+28
mem[R,0x0000000080006290] -> 0x0000000000000000
x2 <- 0x0000000000000000

clint mtime 0x00000000000005AF (mip.MTI <- 0b1, mip.STI <- 0b0)
mem[X,0x0000000080002A38] -> 0x8067
mem[X,0x0000000080002A3A] -> 0x0043
[2910] [M]: 0x0000000080002A38 (0x00438067) jalr x0, 0x4(x7)                        rtn_fm_mmode+32

mem[X,0x0000000080000DD8] -> 0x0013
mem[X,0x0000000080000DDA] -> 0x0000
[2911] [M]: 0x0000000080000DD8 (0x00000013) addi x0, x0, 0x0                        main+2552

clint mtime 0x00000000000005B0 (mip.MTI <- 0b1, mip.STI <- 0b0)
mem[X,0x0000000080000DDC] -> 0x0013
mem[X,0x0000000080000DDE] -> 0x0000
[2912] [M]: 0x0000000080000DDC (0x00000013) addi x0, x0, 0x0                        main+2556

mem[X,0x0000000080000DE0] -> 0x1337
mem[X,0x0000000080000DE2] -> 0x2000
[2913] [M]: 0x0000000080000DE0 (0x20001337) lui x6, 0x20001                         main+2560
x6 <- 0x0000000020001000

clint mtime 0x00000000000005B1 (mip.MTI <- 0b1, mip.STI <- 0b0)
mem[X,0x0000000080000DE4] -> 0x031B
mem[X,0x0000000080000DE6] -> 0x8013
[2914] [M]: 0x0000000080000DE4 (0x8013031B) addiw x6, x6, -0x7ff                    main+2564
x6 <- 0x0000000020000801

mem[X,0x0000000080000DE8] -> 0x0001
[2915] [M]: 0x0000000080000DE8 (0x0001) c.nop                                       main+2568

clint mtime 0x00000000000005B2 (mip.MTI <- 0b1, mip.STI <- 0b0)
mem[X,0x0000000080000DEA] -> 0x0013
mem[X,0x0000000080000DEC] -> 0x0000
[2916] [M]: 0x0000000080000DEA (0x00000013) addi x0, x0, 0x0                        main+2570

mem[X,0x0000000080000DEE] -> 0x0013
mem[X,0x0000000080000DF0] -> 0x0000
[2917] [M]: 0x0000000080000DEE (0x00000013) addi x0, x0, 0x0                        main+2574

clint mtime 0x00000000000005B3 (mip.MTI <- 0b1, mip.STI <- 0b0)
mem[X,0x0000000080000DF2] -> 0x0013
mem[X,0x0000000080000DF4] -> 0x0000
[2918] [M]: 0x0000000080000DF2 (0x00000013) addi x0, x0, 0x0                        main+2578

mem[X,0x0000000080000DF6] -> 0x0013
mem[X,0x0000000080000DF8] -> 0x0000
[2919] [M]: 0x0000000080000DF6 (0x00000013) addi x0, x0, 0x0                        main+2582

clint mtime 0x00000000000005B4 (mip.MTI <- 0b1, mip.STI <- 0b0)
mem[X,0x0000000080000DFA] -> 0x0013
mem[X,0x0000000080000DFC] -> 0x0000
[2920] [M]: 0x0000000080000DFA (0x00000013) addi x0, x0, 0x0                        main+2586

mem[X,0x0000000080000DFE] -> 0x0001
[2921] [M]: 0x0000000080000DFE (0x0001) c.nop                                       main+2590

clint mtime 0x00000000000005B5 (mip.MTI <- 0b1, mip.STI <- 0b0)
mem[X,0x0000000080000E00] -> 0x1073
mem[X,0x0000000080000E02] -> 0x3B53
[2922] [M]: 0x0000000080000E00 (0x3B531073) csrrw x0, pmpaddr5, x6                  main+2592
CSR pmpaddr5 (0x3B5) <- 0x0000000020000801

mem[X,0x0000000080000E04] -> 0x0013
mem[X,0x0000000080000E06] -> 0x0000
[2923] [M]: 0x0000000080000E04 (0x00000013) addi x0, x0, 0x0                        main+2596

clint mtime 0x00000000000005B6 (mip.MTI <- 0b1, mip.STI <- 0b0)
mem[X,0x0000000080000E08] -> 0x0013
mem[X,0x0000000080000E0A] -> 0x0000
[2924] [M]: 0x0000000080000E08 (0x00000013) addi x0, x0, 0x0                        main+2600

mem[X,0x0000000080000E0C] -> 0x0013
mem[X,0x0000000080000E0E] -> 0x0000
[2925] [M]: 0x0000000080000E0C (0x00000013) addi x0, x0, 0x0                        main+2604

clint mtime 0x00000000000005B7 (mip.MTI <- 0b1, mip.STI <- 0b0)
mem[X,0x0000000080000E10] -> 0x0013
mem[X,0x0000000080000E12] -> 0x0000
[2926] [M]: 0x0000000080000E10 (0x00000013) addi x0, x0, 0x0                        main+2608

mem[X,0x0000000080000E14] -> 0x0013
mem[X,0x0000000080000E16] -> 0x0000
[2927] [M]: 0x0000000080000E14 (0x00000013) addi x0, x0, 0x0                        main+2612

clint mtime 0x00000000000005B8 (mip.MTI <- 0b1, mip.STI <- 0b0)
mem[X,0x0000000080000E18] -> 0x0013
mem[X,0x0000000080000E1A] -> 0x0000
[2928] [M]: 0x0000000080000E18 (0x00000013) addi x0, x0, 0x0                        main+2616

mem[X,0x0000000080000E1C] -> 0x0013
mem[X,0x0000000080000E1E] -> 0x0000
[2929] [M]: 0x0000000080000E1C (0x00000013) addi x0, x0, 0x0                        main+2620

clint mtime 0x00000000000005B9 (mip.MTI <- 0b1, mip.STI <- 0b0)
mem[X,0x0000000080000E20] -> 0x12B7
mem[X,0x0000000080000E22] -> 0x2000
[2930] [M]: 0x0000000080000E20 (0x200012B7) lui x5, 0x20001                         main+2624
x5 <- 0x0000000020001000

mem[X,0x0000000080000E24] -> 0x829B
mem[X,0x0000000080000E26] -> 0x8002
[2931] [M]: 0x0000000080000E24 (0x8002829B) addiw x5, x5, -0x800                    main+2628
x5 <- 0x0000000020000800

clint mtime 0x00000000000005BA (mip.MTI <- 0b1, mip.STI <- 0b0)
mem[X,0x0000000080000E28] -> 0x0001
[2932] [M]: 0x0000000080000E28 (0x0001) c.nop                                       main+2632

mem[X,0x0000000080000E2A] -> 0x0013
mem[X,0x0000000080000E2C] -> 0x0000
[2933] [M]: 0x0000000080000E2A (0x00000013) addi x0, x0, 0x0                        main+2634

clint mtime 0x00000000000005BB (mip.MTI <- 0b1, mip.STI <- 0b0)
mem[X,0x0000000080000E2E] -> 0x0013
mem[X,0x0000000080000E30] -> 0x0000
[2934] [M]: 0x0000000080000E2E (0x00000013) addi x0, x0, 0x0                        main+2638

mem[X,0x0000000080000E32] -> 0x0013
mem[X,0x0000000080000E34] -> 0x0000
[2935] [M]: 0x0000000080000E32 (0x00000013) addi x0, x0, 0x0                        main+2642

clint mtime 0x00000000000005BC (mip.MTI <- 0b1, mip.STI <- 0b0)
mem[X,0x0000000080000E36] -> 0x0013
mem[X,0x0000000080000E38] -> 0x0000
[2936] [M]: 0x0000000080000E36 (0x00000013) addi x0, x0, 0x0                        main+2646

mem[X,0x0000000080000E3A] -> 0x0013
mem[X,0x0000000080000E3C] -> 0x0000
[2937] [M]: 0x0000000080000E3A (0x00000013) addi x0, x0, 0x0                        main+2650

clint mtime 0x00000000000005BD (mip.MTI <- 0b1, mip.STI <- 0b0)
mem[X,0x0000000080000E3E] -> 0x0001
[2938] [M]: 0x0000000080000E3E (0x0001) c.nop                                       main+2654

mem[X,0x0000000080000E40] -> 0x9073
mem[X,0x0000000080000E42] -> 0x3B42
[2939] [M]: 0x0000000080000E40 (0x3B429073) csrrw x0, pmpaddr4, x5                  main+2656
CSR pmpaddr4 (0x3B4) <- 0x0000000020000800

clint mtime 0x00000000000005BE (mip.MTI <- 0b1, mip.STI <- 0b0)
mem[X,0x0000000080000E44] -> 0x0213
mem[X,0x0000000080000E46] -> 0xFFF0
[2940] [M]: 0x0000000080000E44 (0xFFF00213) addi x4, x0, -0x1                       main+2660
x4 <- 0xFFFFFFFFFFFFFFFF

mem[X,0x0000000080000E48] -> 0x5213
mem[X,0x0000000080000E4A] -> 0x03E2
[2941] [M]: 0x0000000080000E48 (0x03E25213) srli x4, x4, 0x3e                       main+2664
x4 <- 0x0000000000000003

clint mtime 0x00000000000005BF (mip.MTI <- 0b1, mip.STI <- 0b0)
mem[X,0x0000000080000E4C] -> 0x1213
mem[X,0x0000000080000E4E] -> 0x02A2
[2942] [M]: 0x0000000080000E4C (0x02A21213) slli x4, x4, 0x2a                       main+2668
x4 <- 0x00000C0000000000

mem[X,0x0000000080000E50] -> 0x1073
mem[X,0x0000000080000E52] -> 0x3A02
[2943] [M]: 0x0000000080000E50 (0x3A021073) csrrw x0, pmpcfg0, x4                   main+2672
CSR pmpcfg0 (0x3A0) <- 0x00000C0000000000

clint mtime 0x00000000000005C0 (mip.MTI <- 0b1, mip.STI <- 0b0)
mem[X,0x0000000080000E54] -> 0x0493
mem[X,0x0000000080000E56] -> 0x0010
[2944] [M]: 0x0000000080000E54 (0x00100493) addi x9, x0, 0x1                        main+2676
x9 <- 0x0000000000000001

mem[X,0x0000000080000E58] -> 0x9493
mem[X,0x0000000080000E5A] -> 0x00B4
[2945] [M]: 0x0000000080000E58 (0x00B49493) slli x9, x9, 0xb                        main+2680
x9 <- 0x0000000000000800

clint mtime 0x00000000000005C1 (mip.MTI <- 0b1, mip.STI <- 0b0)
mem[X,0x0000000080000E5C] -> 0xB073
mem[X,0x0000000080000E5E] -> 0x3004
[2946] [M]: 0x0000000080000E5C (0x3004B073) csrrc x0, mstatus, x9                   main+2684
CSR mstatus (0x300) <- 0x0000000A00000000

mem[X,0x0000000080000E60] -> 0x0493
mem[X,0x0000000080000E62] -> 0x0010
[2947] [M]: 0x0000000080000E60 (0x00100493) addi x9, x0, 0x1                        main+2688
x9 <- 0x0000000000000001

clint mtime 0x00000000000005C2 (mip.MTI <- 0b1, mip.STI <- 0b0)
mem[X,0x0000000080000E64] -> 0x9493
mem[X,0x0000000080000E66] -> 0x00B4
[2948] [M]: 0x0000000080000E64 (0x00B49493) slli x9, x9, 0xb                        main+2692
x9 <- 0x0000000000000800

mem[X,0x0000000080000E68] -> 0xA073
mem[X,0x0000000080000E6A] -> 0x3004
[2949] [M]: 0x0000000080000E68 (0x3004A073) csrrs x0, mstatus, x9                   main+2696
CSR mstatus (0x300) <- 0x0000000A00000800

clint mtime 0x00000000000005C3 (mip.MTI <- 0b1, mip.STI <- 0b0)
mem[X,0x0000000080000E6C] -> 0x23F3
mem[X,0x0000000080000E6E] -> 0x3400
[2950] [M]: 0x0000000080000E6C (0x340023F3) csrrs x7, mscratch, x0                  main+2700
CSR mscratch (0x340) -> 0x0000000080006000
x7 <- 0x0000000080006000

mem[X,0x0000000080000E70] -> 0xB303
mem[X,0x0000000080000E72] -> 0x4703
[2951] [M]: 0x0000000080000E70 (0x4703B303) ld x6, 0x470(x7)                        main+2704
mem[R,0x0000000080006470] -> 0x00000000800003B4
x6 <- 0x00000000800003B4

clint mtime 0x00000000000005C4 (mip.MTI <- 0b1, mip.STI <- 0b0)
mem[X,0x0000000080000E74] -> 0xB483
mem[X,0x0000000080000E76] -> 0x1D83
[2952] [M]: 0x0000000080000E74 (0x1D83B483) ld x9, 0x1d8(x7)                        main+2708
mem[R,0x00000000800061D8] -> 0x00000000800003B4
x9 <- 0x00000000800003B4

mem[X,0x0000000080000E78] -> 0x0333
mem[X,0x0000000080000E7A] -> 0x4093
[2953] [M]: 0x0000000080000E78 (0x40930333) sub x6, x6, x9                          main+2712
x6 <- 0x0000000000000000

clint mtime 0x00000000000005C5 (mip.MTI <- 0b1, mip.STI <- 0b0)
mem[X,0x0000000080000E7C] -> 0x0313
mem[X,0x0000000080000E7E] -> 0x0103
[2954] [M]: 0x0000000080000E7C (0x01030313) addi x6, x6, 0x10                       main+2716
x6 <- 0x0000000000000010

mem[X,0x0000000080000E80] -> 0x0497
mem[X,0x0000000080000E82] -> 0x0000
[2955] [M]: 0x0000000080000E80 (0x00000497) auipc x9, 0x0                           main+2720
x9 <- 0x0000000080000E80

clint mtime 0x00000000000005C6 (mip.MTI <- 0b1, mip.STI <- 0b0)
mem[X,0x0000000080000E84] -> 0x84B3
mem[X,0x0000000080000E86] -> 0x0064
[2956] [M]: 0x0000000080000E84 (0x006484B3) add x9, x9, x6                          main+2724
x9 <- 0x0000000080000E90

mem[X,0x0000000080000E88] -> 0x94F3
mem[X,0x0000000080000E8A] -> 0x3414
[2957] [M]: 0x0000000080000E88 (0x341494F3) csrrw x9, mepc, x9                      main+2728
CSR mepc (0x341) <- 0x0000000080000E90
x9 <- 0x0000000080000DD4

clint mtime 0x00000000000005C7 (mip.MTI <- 0b1, mip.STI <- 0b0)
mem[X,0x0000000080000E8C] -> 0x0073
mem[X,0x0000000080000E8E] -> 0x3020
[2958] [M]: 0x0000000080000E8C (0x30200073) mret                                    main+2732
CSR mstatus (0x300) <- 0x0000000A00000080
ret-ing from M to S

mem[X,0x0000000080000E90] -> 0x51B7
mem[X,0x0000000080000E92] -> 0x0000
[2959] [S]: 0x0000000080000E90 (0x000051B7) lui x3, 0x5                             main+2736
x3 <- 0x0000000000005000

clint mtime 0x00000000000005C8 (mip.MTI <- 0b1, mip.STI <- 0b0)
mem[X,0x0000000080000E94] -> 0x8193
mem[X,0x0000000080000E96] -> 0x6671
[2960] [S]: 0x0000000080000E94 (0x66718193) addi x3, x3, 0x667                      main+2740
x3 <- 0x0000000000005667

mem[X,0x0000000080000E98] -> 0x9193
mem[X,0x0000000080000E9A] -> 0x0011
[2961] [S]: 0x0000000080000E98 (0x00119193) slli x3, x3, 0x1                        main+2744
x3 <- 0x000000000000ACCE

clint mtime 0x00000000000005C9 (mip.MTI <- 0b1, mip.STI <- 0b0)
mem[X,0x0000000080000E9C] -> 0x0013
mem[X,0x0000000080000E9E] -> 0x0000
[2962] [S]: 0x0000000080000E9C (0x00000013) addi x0, x0, 0x0                        main+2748

mem[X,0x0000000080000EA0] -> 0x1717
mem[X,0x0000000080000EA2] -> 0x0000
[2963] [S]: 0x0000000080000EA0 (0x00001717) auipc x14, 0x1                          main+2752
x14 <- 0x0000000080001EA0

clint mtime 0x00000000000005CA (mip.MTI <- 0b1, mip.STI <- 0b0)
mem[X,0x0000000080000EA4] -> 0x0713
mem[X,0x0000000080000EA6] -> 0x1607
[2964] [S]: 0x0000000080000EA4 (0x16070713) addi x14, x14, 0x160                    main+2756
x14 <- 0x0000000080002000

mem[X,0x0000000080000EA8] -> 0x0001
[2965] [S]: 0x0000000080000EA8 (0x0001) c.nop                                       main+2760

clint mtime 0x00000000000005CB (mip.MTI <- 0b1, mip.STI <- 0b0)
mem[X,0x0000000080000EAA] -> 0x0013
mem[X,0x0000000080000EAC] -> 0x0000
[2966] [S]: 0x0000000080000EAA (0x00000013) addi x0, x0, 0x0                        main+2762

mem[X,0x0000000080000EAE] -> 0x0013
mem[X,0x0000000080000EB0] -> 0x0000
[2967] [S]: 0x0000000080000EAE (0x00000013) addi x0, x0, 0x0                        main+2766

clint mtime 0x00000000000005CC (mip.MTI <- 0b1, mip.STI <- 0b0)
mem[X,0x0000000080000EB2] -> 0x0013
mem[X,0x0000000080000EB4] -> 0x0000
[2968] [S]: 0x0000000080000EB2 (0x00000013) addi x0, x0, 0x0                        main+2770

mem[X,0x0000000080000EB6] -> 0x0013
mem[X,0x0000000080000EB8] -> 0x0000
[2969] [S]: 0x0000000080000EB6 (0x00000013) addi x0, x0, 0x0                        main+2774

clint mtime 0x00000000000005CD (mip.MTI <- 0b1, mip.STI <- 0b0)
mem[X,0x0000000080000EBA] -> 0x0013
mem[X,0x0000000080000EBC] -> 0x0000
[2970] [S]: 0x0000000080000EBA (0x00000013) addi x0, x0, 0x0                        main+2778

mem[X,0x0000000080000EBE] -> 0x0001
[2971] [S]: 0x0000000080000EBE (0x0001) c.nop                                       main+2782

clint mtime 0x00000000000005CE (mip.MTI <- 0b1, mip.STI <- 0b0)
mem[X,0x0000000080000EC0] -> 0x0217
mem[X,0x0000000080000EC2] -> 0x0000
[2972] [S]: 0x0000000080000EC0 (0x00000217) auipc x4, 0x0                           main+2784
x4 <- 0x0000000080000EC0

mem[X,0x0000000080000EC4] -> 0x0213
mem[X,0x0000000080000EC6] -> 0x0282
[2973] [S]: 0x0000000080000EC4 (0x02820213) addi x4, x4, 0x28                       main+2788
x4 <- 0x0000000080000EE8

clint mtime 0x00000000000005CF (mip.MTI <- 0b1, mip.STI <- 0b0)
mem[X,0x0000000080000EC8] -> 0x0001
[2974] [S]: 0x0000000080000EC8 (0x0001) c.nop                                       main+2792

mem[X,0x0000000080000ECA] -> 0x0013
mem[X,0x0000000080000ECC] -> 0x0000
[2975] [S]: 0x0000000080000ECA (0x00000013) addi x0, x0, 0x0                        main+2794

clint mtime 0x00000000000005D0 (mip.MTI <- 0b1, mip.STI <- 0b0)
mem[X,0x0000000080000ECE] -> 0x0013
mem[X,0x0000000080000ED0] -> 0x0000
[2976] [S]: 0x0000000080000ECE (0x00000013) addi x0, x0, 0x0                        main+2798

mem[X,0x0000000080000ED2] -> 0x0013
mem[X,0x0000000080000ED4] -> 0x0000
[2977] [S]: 0x0000000080000ED2 (0x00000013) addi x0, x0, 0x0                        main+2802

clint mtime 0x00000000000005D1 (mip.MTI <- 0b1, mip.STI <- 0b0)
mem[X,0x0000000080000ED6] -> 0x0013
mem[X,0x0000000080000ED8] -> 0x0000
[2978] [S]: 0x0000000080000ED6 (0x00000013) addi x0, x0, 0x0                        main+2806

mem[X,0x0000000080000EDA] -> 0x0013
mem[X,0x0000000080000EDC] -> 0x0000
[2979] [S]: 0x0000000080000EDA (0x00000013) addi x0, x0, 0x0                        main+2810

clint mtime 0x00000000000005D2 (mip.MTI <- 0b1, mip.STI <- 0b0)
mem[X,0x0000000080000EDE] -> 0x0001
[2980] [S]: 0x0000000080000EDE (0x0001) c.nop                                       main+2814

mem[X,0x0000000080000EE0] -> 0x00E7
mem[X,0x0000000080000EE2] -> 0x0007
[2981] [S]: 0x0000000080000EE0 (0x000700E7) jalr x1, 0x0(x14)                       main+2816
x1 <- 0x0000000080000EE4

clint mtime 0x00000000000005D3 (mip.MTI <- 0b1, mip.STI <- 0b0)
mem[X,0x0000000080002000] -> 0x0013
mem[X,0x0000000080002002] -> 0x0000
[2982] [S]: 0x0000000080002000 (0x00000013) addi x0, x0, 0x0                        TEST_FOR_EXECUTION+0

mem[X,0x0000000080002004] -> 0x0013
mem[X,0x0000000080002006] -> 0x0000
[2983] [S]: 0x0000000080002004 (0x00000013) addi x0, x0, 0x0                        TEST_FOR_EXECUTION+4

clint mtime 0x00000000000005D4 (mip.MTI <- 0b1, mip.STI <- 0b0)
mem[X,0x0000000080002008] -> 0x0013
mem[X,0x000000008000200A] -> 0x0000
[2984] [S]: 0x0000000080002008 (0x00000013) addi x0, x0, 0x0                        RETURN_INSTRUCTION+0

mem[X,0x000000008000200C] -> 0x0013
mem[X,0x000000008000200E] -> 0x0000
[2985] [S]: 0x000000008000200C (0x00000013) addi x0, x0, 0x0                        RETURN_INSTRUCTION+4

clint mtime 0x00000000000005D5 (mip.MTI <- 0b1, mip.STI <- 0b0)
mem[X,0x0000000080002010] -> 0x8067
mem[X,0x0000000080002012] -> 0x0000
[2986] [S]: 0x0000000080002010 (0x00008067) jalr x0, 0x0(x1)                        RETURN_INSTRUCTION+8

mem[X,0x0000000080000EE4] -> 0x0013
mem[X,0x0000000080000EE6] -> 0x0000
[2987] [S]: 0x0000000080000EE4 (0x00000013) addi x0, x0, 0x0                        main+2820

clint mtime 0x00000000000005D6 (mip.MTI <- 0b1, mip.STI <- 0b0)
mem[X,0x0000000080000EE8] -> 0x0013
mem[X,0x0000000080000EEA] -> 0x0000
[2988] [S]: 0x0000000080000EE8 (0x00000013) addi x0, x0, 0x0                        main+2824

mem[X,0x0000000080000EEC] -> 0x0713
mem[X,0x0000000080000EEE] -> 0xFFC7
[2989] [S]: 0x0000000080000EEC (0xFFC70713) addi x14, x14, -0x4                     main+2828
x14 <- 0x0000000080001FFC

clint mtime 0x00000000000005D7 (mip.MTI <- 0b1, mip.STI <- 0b0)
mem[X,0x0000000080000EF0] -> 0x0013
mem[X,0x0000000080000EF2] -> 0x0000
[2990] [S]: 0x0000000080000EF0 (0x00000013) addi x0, x0, 0x0                        main+2832

mem[X,0x0000000080000EF4] -> 0x0013
mem[X,0x0000000080000EF6] -> 0x0000
[2991] [S]: 0x0000000080000EF4 (0x00000013) addi x0, x0, 0x0                        main+2836

clint mtime 0x00000000000005D8 (mip.MTI <- 0b1, mip.STI <- 0b0)
mem[X,0x0000000080000EF8] -> 0x0013
mem[X,0x0000000080000EFA] -> 0x0000
[2992] [S]: 0x0000000080000EF8 (0x00000013) addi x0, x0, 0x0                        main+2840

mem[X,0x0000000080000EFC] -> 0x0013
mem[X,0x0000000080000EFE] -> 0x0000
[2993] [S]: 0x0000000080000EFC (0x00000013) addi x0, x0, 0x0                        main+2844

clint mtime 0x00000000000005D9 (mip.MTI <- 0b1, mip.STI <- 0b0)
mem[X,0x0000000080000F00] -> 0x0217
mem[X,0x0000000080000F02] -> 0x0000
[2994] [S]: 0x0000000080000F00 (0x00000217) auipc x4, 0x0                           main+2848
x4 <- 0x0000000080000F00

mem[X,0x0000000080000F04] -> 0x0213
mem[X,0x0000000080000F06] -> 0x0282
[2995] [S]: 0x0000000080000F04 (0x02820213) addi x4, x4, 0x28                       main+2852
x4 <- 0x0000000080000F28

clint mtime 0x00000000000005DA (mip.MTI <- 0b1, mip.STI <- 0b0)
mem[X,0x0000000080000F08] -> 0x0001
[2996] [S]: 0x0000000080000F08 (0x0001) c.nop                                       main+2856

mem[X,0x0000000080000F0A] -> 0x0013
mem[X,0x0000000080000F0C] -> 0x0000
[2997] [S]: 0x0000000080000F0A (0x00000013) addi x0, x0, 0x0                        main+2858

clint mtime 0x00000000000005DB (mip.MTI <- 0b1, mip.STI <- 0b0)
mem[X,0x0000000080000F0E] -> 0x0013
mem[X,0x0000000080000F10] -> 0x0000
[2998] [S]: 0x0000000080000F0E (0x00000013) addi x0, x0, 0x0                        main+2862

mem[X,0x0000000080000F12] -> 0x0013
mem[X,0x0000000080000F14] -> 0x0000
[2999] [S]: 0x0000000080000F12 (0x00000013) addi x0, x0, 0x0                        main+2866

clint mtime 0x00000000000005DC (mip.MTI <- 0b1, mip.STI <- 0b0)
mem[X,0x0000000080000F16] -> 0x0013
mem[X,0x0000000080000F18] -> 0x0000
[3000] [S]: 0x0000000080000F16 (0x00000013) addi x0, x0, 0x0                        main+2870

mem[X,0x0000000080000F1A] -> 0x0013
mem[X,0x0000000080000F1C] -> 0x0000
[3001] [S]: 0x0000000080000F1A (0x00000013) addi x0, x0, 0x0                        main+2874

clint mtime 0x00000000000005DD (mip.MTI <- 0b1, mip.STI <- 0b0)
mem[X,0x0000000080000F1E] -> 0x0001
[3002] [S]: 0x0000000080000F1E (0x0001) c.nop                                       main+2878

mem[X,0x0000000080000F20] -> 0x00E7
mem[X,0x0000000080000F22] -> 0x0007
[3003] [S]: 0x0000000080000F20 (0x000700E7) jalr x1, 0x0(x14)                       main+2880
x1 <- 0x0000000080000F24

clint mtime 0x00000000000005DE (mip.MTI <- 0b1, mip.STI <- 0b0)
mem[X,0x0000000080001FFC] -> 0x0013
mem[X,0x0000000080001FFE] -> 0x0000
[3004] [S]: 0x0000000080001FFC (0x00000013) addi x0, x0, 0x0                        main+7196

mem[X,0x0000000080002000] -> 0x0013
mem[X,0x0000000080002002] -> 0x0000
[3005] [S]: 0x0000000080002000 (0x00000013) addi x0, x0, 0x0                        TEST_FOR_EXECUTION+0

clint mtime 0x00000000000005DF (mip.MTI <- 0b1, mip.STI <- 0b0)
mem[X,0x0000000080002004] -> 0x0013
mem[X,0x0000000080002006] -> 0x0000
[3006] [S]: 0x0000000080002004 (0x00000013) addi x0, x0, 0x0                        TEST_FOR_EXECUTION+4

mem[X,0x0000000080002008] -> 0x0013
mem[X,0x000000008000200A] -> 0x0000
[3007] [S]: 0x0000000080002008 (0x00000013) addi x0, x0, 0x0                        RETURN_INSTRUCTION+0

clint mtime 0x00000000000005E0 (mip.MTI <- 0b1, mip.STI <- 0b0)
mem[X,0x000000008000200C] -> 0x0013
mem[X,0x000000008000200E] -> 0x0000
[3008] [S]: 0x000000008000200C (0x00000013) addi x0, x0, 0x0                        RETURN_INSTRUCTION+4

mem[X,0x0000000080002010] -> 0x8067
mem[X,0x0000000080002012] -> 0x0000
[3009] [S]: 0x0000000080002010 (0x00008067) jalr x0, 0x0(x1)                        RETURN_INSTRUCTION+8

clint mtime 0x00000000000005E1 (mip.MTI <- 0b1, mip.STI <- 0b0)
mem[X,0x0000000080000F24] -> 0x0013
mem[X,0x0000000080000F26] -> 0x0000
[3010] [S]: 0x0000000080000F24 (0x00000013) addi x0, x0, 0x0                        main+2884

mem[X,0x0000000080000F28] -> 0x0013
mem[X,0x0000000080000F2A] -> 0x0000
[3011] [S]: 0x0000000080000F28 (0x00000013) addi x0, x0, 0x0                        main+2888

clint mtime 0x00000000000005E2 (mip.MTI <- 0b1, mip.STI <- 0b0)
mem[X,0x0000000080000F2C] -> 0x0713
mem[X,0x0000000080000F2E] -> 0x0087
[3012] [S]: 0x0000000080000F2C (0x00870713) addi x14, x14, 0x8                      main+2892
x14 <- 0x0000000080002004

mem[X,0x0000000080000F30] -> 0x0013
mem[X,0x0000000080000F32] -> 0x0000
[3013] [S]: 0x0000000080000F30 (0x00000013) addi x0, x0, 0x0                        main+2896

clint mtime 0x00000000000005E3 (mip.MTI <- 0b1, mip.STI <- 0b0)
mem[X,0x0000000080000F34] -> 0x0013
mem[X,0x0000000080000F36] -> 0x0000
[3014] [S]: 0x0000000080000F34 (0x00000013) addi x0, x0, 0x0                        main+2900

mem[X,0x0000000080000F38] -> 0x0013
mem[X,0x0000000080000F3A] -> 0x0000
[3015] [S]: 0x0000000080000F38 (0x00000013) addi x0, x0, 0x0                        main+2904

clint mtime 0x00000000000005E4 (mip.MTI <- 0b1, mip.STI <- 0b0)
mem[X,0x0000000080000F3C] -> 0x0013
mem[X,0x0000000080000F3E] -> 0x0000
[3016] [S]: 0x0000000080000F3C (0x00000013) addi x0, x0, 0x0                        main+2908

mem[X,0x0000000080000F40] -> 0x0217
mem[X,0x0000000080000F42] -> 0x0000
[3017] [S]: 0x0000000080000F40 (0x00000217) auipc x4, 0x0                           main+2912
x4 <- 0x0000000080000F40

clint mtime 0x00000000000005E5 (mip.MTI <- 0b1, mip.STI <- 0b0)
mem[X,0x0000000080000F44] -> 0x0213
mem[X,0x0000000080000F46] -> 0x0282
[3018] [S]: 0x0000000080000F44 (0x02820213) addi x4, x4, 0x28                       main+2916
x4 <- 0x0000000080000F68

mem[X,0x0000000080000F48] -> 0x0001
[3019] [S]: 0x0000000080000F48 (0x0001) c.nop                                       main+2920

clint mtime 0x00000000000005E6 (mip.MTI <- 0b1, mip.STI <- 0b0)
mem[X,0x0000000080000F4A] -> 0x0013
mem[X,0x0000000080000F4C] -> 0x0000
[3020] [S]: 0x0000000080000F4A (0x00000013) addi x0, x0, 0x0                        main+2922

mem[X,0x0000000080000F4E] -> 0x0013
mem[X,0x0000000080000F50] -> 0x0000
[3021] [S]: 0x0000000080000F4E (0x00000013) addi x0, x0, 0x0                        main+2926

clint mtime 0x00000000000005E7 (mip.MTI <- 0b1, mip.STI <- 0b0)
mem[X,0x0000000080000F52] -> 0x0013
mem[X,0x0000000080000F54] -> 0x0000
[3022] [S]: 0x0000000080000F52 (0x00000013) addi x0, x0, 0x0                        main+2930

mem[X,0x0000000080000F56] -> 0x0013
mem[X,0x0000000080000F58] -> 0x0000
[3023] [S]: 0x0000000080000F56 (0x00000013) addi x0, x0, 0x0                        main+2934

clint mtime 0x00000000000005E8 (mip.MTI <- 0b1, mip.STI <- 0b0)
mem[X,0x0000000080000F5A] -> 0x0013
mem[X,0x0000000080000F5C] -> 0x0000
[3024] [S]: 0x0000000080000F5A (0x00000013) addi x0, x0, 0x0                        main+2938

mem[X,0x0000000080000F5E] -> 0x0001
[3025] [S]: 0x0000000080000F5E (0x0001) c.nop                                       main+2942

clint mtime 0x00000000000005E9 (mip.MTI <- 0b1, mip.STI <- 0b0)
mem[X,0x0000000080000F60] -> 0x00E7
mem[X,0x0000000080000F62] -> 0x0007
[3026] [S]: 0x0000000080000F60 (0x000700E7) jalr x1, 0x0(x14)                       main+2944
x1 <- 0x0000000080000F64

mem[X,0x0000000080002004] -> 0x0013
mem[X,0x0000000080002006] -> 0x0000
[3027] [S]: 0x0000000080002004 (0x00000013) addi x0, x0, 0x0                        TEST_FOR_EXECUTION+4

clint mtime 0x00000000000005EA (mip.MTI <- 0b1, mip.STI <- 0b0)
mem[X,0x0000000080002008] -> 0x0013
mem[X,0x000000008000200A] -> 0x0000
[3028] [S]: 0x0000000080002008 (0x00000013) addi x0, x0, 0x0                        RETURN_INSTRUCTION+0

mem[X,0x000000008000200C] -> 0x0013
mem[X,0x000000008000200E] -> 0x0000
[3029] [S]: 0x000000008000200C (0x00000013) addi x0, x0, 0x0                        RETURN_INSTRUCTION+4

clint mtime 0x00000000000005EB (mip.MTI <- 0b1, mip.STI <- 0b0)
mem[X,0x0000000080002010] -> 0x8067
mem[X,0x0000000080002012] -> 0x0000
[3030] [S]: 0x0000000080002010 (0x00008067) jalr x0, 0x0(x1)                        RETURN_INSTRUCTION+8

mem[X,0x0000000080000F64] -> 0x0013
mem[X,0x0000000080000F66] -> 0x0000
[3031] [S]: 0x0000000080000F64 (0x00000013) addi x0, x0, 0x0                        main+2948

clint mtime 0x00000000000005EC (mip.MTI <- 0b1, mip.STI <- 0b0)
mem[X,0x0000000080000F68] -> 0x0013
mem[X,0x0000000080000F6A] -> 0x0000
[3032] [S]: 0x0000000080000F68 (0x00000013) addi x0, x0, 0x0                        main+2952

mem[X,0x0000000080000F6C] -> 0x0293
mem[X,0x0000000080000F6E] -> 0xFFC0
[3033] [S]: 0x0000000080000F6C (0xFFC00293) addi x5, x0, -0x4                       main+2956
x5 <- 0xFFFFFFFFFFFFFFFC

clint mtime 0x00000000000005ED (mip.MTI <- 0b1, mip.STI <- 0b0)
mem[X,0x0000000080000F70] -> 0x0733
mem[X,0x0000000080000F72] -> 0x0057
[3034] [S]: 0x0000000080000F70 (0x00570733) add x14, x14, x5                        main+2960
x14 <- 0x0000000080002000

mem[X,0x0000000080000F74] -> 0x0013
mem[X,0x0000000080000F76] -> 0x0000
[3035] [S]: 0x0000000080000F74 (0x00000013) addi x0, x0, 0x0                        main+2964

clint mtime 0x00000000000005EE (mip.MTI <- 0b1, mip.STI <- 0b0)
mem[X,0x0000000080000F78] -> 0x0013
mem[X,0x0000000080000F7A] -> 0x0000
[3036] [S]: 0x0000000080000F78 (0x00000013) addi x0, x0, 0x0                        main+2968

mem[X,0x0000000080000F7C] -> 0x0013
mem[X,0x0000000080000F7E] -> 0x0000
[3037] [S]: 0x0000000080000F7C (0x00000013) addi x0, x0, 0x0                        main+2972

clint mtime 0x00000000000005EF (mip.MTI <- 0b1, mip.STI <- 0b0)
mem[X,0x0000000080000F80] -> 0x0217
mem[X,0x0000000080000F82] -> 0x0000
[3038] [S]: 0x0000000080000F80 (0x00000217) auipc x4, 0x0                           main+2976
x4 <- 0x0000000080000F80

mem[X,0x0000000080000F84] -> 0x0213
mem[X,0x0000000080000F86] -> 0x0282
[3039] [S]: 0x0000000080000F84 (0x02820213) addi x4, x4, 0x28                       main+2980
x4 <- 0x0000000080000FA8

clint mtime 0x00000000000005F0 (mip.MTI <- 0b1, mip.STI <- 0b0)
mem[X,0x0000000080000F88] -> 0x0001
[3040] [S]: 0x0000000080000F88 (0x0001) c.nop                                       main+2984

mem[X,0x0000000080000F8A] -> 0x0013
mem[X,0x0000000080000F8C] -> 0x0000
[3041] [S]: 0x0000000080000F8A (0x00000013) addi x0, x0, 0x0                        main+2986

clint mtime 0x00000000000005F1 (mip.MTI <- 0b1, mip.STI <- 0b0)
mem[X,0x0000000080000F8E] -> 0x0013
mem[X,0x0000000080000F90] -> 0x0000
[3042] [S]: 0x0000000080000F8E (0x00000013) addi x0, x0, 0x0                        main+2990

mem[X,0x0000000080000F92] -> 0x0013
mem[X,0x0000000080000F94] -> 0x0000
[3043] [S]: 0x0000000080000F92 (0x00000013) addi x0, x0, 0x0                        main+2994

clint mtime 0x00000000000005F2 (mip.MTI <- 0b1, mip.STI <- 0b0)
mem[X,0x0000000080000F96] -> 0x0013
mem[X,0x0000000080000F98] -> 0x0000
[3044] [S]: 0x0000000080000F96 (0x00000013) addi x0, x0, 0x0                        main+2998

mem[X,0x0000000080000F9A] -> 0x0013
mem[X,0x0000000080000F9C] -> 0x0000
[3045] [S]: 0x0000000080000F9A (0x00000013) addi x0, x0, 0x0                        main+3002

clint mtime 0x00000000000005F3 (mip.MTI <- 0b1, mip.STI <- 0b0)
mem[X,0x0000000080000F9E] -> 0x0001
[3046] [S]: 0x0000000080000F9E (0x0001) c.nop                                       main+3006

mem[X,0x0000000080000FA0] -> 0x00E7
mem[X,0x0000000080000FA2] -> 0x0007
[3047] [S]: 0x0000000080000FA0 (0x000700E7) jalr x1, 0x0(x14)                       main+3008
x1 <- 0x0000000080000FA4

clint mtime 0x00000000000005F4 (mip.MTI <- 0b1, mip.STI <- 0b0)
mem[X,0x0000000080002000] -> 0x0013
mem[X,0x0000000080002002] -> 0x0000
[3048] [S]: 0x0000000080002000 (0x00000013) addi x0, x0, 0x0                        TEST_FOR_EXECUTION+0

mem[X,0x0000000080002004] -> 0x0013
mem[X,0x0000000080002006] -> 0x0000
[3049] [S]: 0x0000000080002004 (0x00000013) addi x0, x0, 0x0                        TEST_FOR_EXECUTION+4

clint mtime 0x00000000000005F5 (mip.MTI <- 0b1, mip.STI <- 0b0)
mem[X,0x0000000080002008] -> 0x0013
mem[X,0x000000008000200A] -> 0x0000
[3050] [S]: 0x0000000080002008 (0x00000013) addi x0, x0, 0x0                        RETURN_INSTRUCTION+0

mem[X,0x000000008000200C] -> 0x0013
mem[X,0x000000008000200E] -> 0x0000
[3051] [S]: 0x000000008000200C (0x00000013) addi x0, x0, 0x0                        RETURN_INSTRUCTION+4

clint mtime 0x00000000000005F6 (mip.MTI <- 0b1, mip.STI <- 0b0)
mem[X,0x0000000080002010] -> 0x8067
mem[X,0x0000000080002012] -> 0x0000
[3052] [S]: 0x0000000080002010 (0x00008067) jalr x0, 0x0(x1)                        RETURN_INSTRUCTION+8

mem[X,0x0000000080000FA4] -> 0x0013
mem[X,0x0000000080000FA6] -> 0x0000
[3053] [S]: 0x0000000080000FA4 (0x00000013) addi x0, x0, 0x0                        main+3012

clint mtime 0x00000000000005F7 (mip.MTI <- 0b1, mip.STI <- 0b0)
mem[X,0x0000000080000FA8] -> 0x0013
mem[X,0x0000000080000FAA] -> 0x0000
[3054] [S]: 0x0000000080000FA8 (0x00000013) addi x0, x0, 0x0                        main+3016

mem[X,0x0000000080000FAC] -> 0x0713
mem[X,0x0000000080000FAE] -> 0x0047
[3055] [S]: 0x0000000080000FAC (0x00470713) addi x14, x14, 0x4                      main+3020
x14 <- 0x0000000080002004

clint mtime 0x00000000000005F8 (mip.MTI <- 0b1, mip.STI <- 0b0)
mem[X,0x0000000080000FB0] -> 0x0013
mem[X,0x0000000080000FB2] -> 0x0000
[3056] [S]: 0x0000000080000FB0 (0x00000013) addi x0, x0, 0x0                        main+3024

mem[X,0x0000000080000FB4] -> 0x0013
mem[X,0x0000000080000FB6] -> 0x0000
[3057] [S]: 0x0000000080000FB4 (0x00000013) addi x0, x0, 0x0                        main+3028

clint mtime 0x00000000000005F9 (mip.MTI <- 0b1, mip.STI <- 0b0)
mem[X,0x0000000080000FB8] -> 0x0013
mem[X,0x0000000080000FBA] -> 0x0000
[3058] [S]: 0x0000000080000FB8 (0x00000013) addi x0, x0, 0x0                        main+3032

mem[X,0x0000000080000FBC] -> 0x0013
mem[X,0x0000000080000FBE] -> 0x0000
[3059] [S]: 0x0000000080000FBC (0x00000013) addi x0, x0, 0x0                        main+3036

clint mtime 0x00000000000005FA (mip.MTI <- 0b1, mip.STI <- 0b0)
mem[X,0x0000000080000FC0] -> 0x0217
mem[X,0x0000000080000FC2] -> 0x0000
[3060] [S]: 0x0000000080000FC0 (0x00000217) auipc x4, 0x0                           main+3040
x4 <- 0x0000000080000FC0

mem[X,0x0000000080000FC4] -> 0x0213
mem[X,0x0000000080000FC6] -> 0x0282
[3061] [S]: 0x0000000080000FC4 (0x02820213) addi x4, x4, 0x28                       main+3044
x4 <- 0x0000000080000FE8

clint mtime 0x00000000000005FB (mip.MTI <- 0b1, mip.STI <- 0b0)
mem[X,0x0000000080000FC8] -> 0x0001
[3062] [S]: 0x0000000080000FC8 (0x0001) c.nop                                       main+3048

mem[X,0x0000000080000FCA] -> 0x0013
mem[X,0x0000000080000FCC] -> 0x0000
[3063] [S]: 0x0000000080000FCA (0x00000013) addi x0, x0, 0x0                        main+3050

clint mtime 0x00000000000005FC (mip.MTI <- 0b1, mip.STI <- 0b0)
mem[X,0x0000000080000FCE] -> 0x0013
mem[X,0x0000000080000FD0] -> 0x0000
[3064] [S]: 0x0000000080000FCE (0x00000013) addi x0, x0, 0x0                        main+3054

mem[X,0x0000000080000FD2] -> 0x0013
mem[X,0x0000000080000FD4] -> 0x0000
[3065] [S]: 0x0000000080000FD2 (0x00000013) addi x0, x0, 0x0                        main+3058

clint mtime 0x00000000000005FD (mip.MTI <- 0b1, mip.STI <- 0b0)
mem[X,0x0000000080000FD6] -> 0x0013
mem[X,0x0000000080000FD8] -> 0x0000
[3066] [S]: 0x0000000080000FD6 (0x00000013) addi x0, x0, 0x0                        main+3062

mem[X,0x0000000080000FDA] -> 0x0013
mem[X,0x0000000080000FDC] -> 0x0000
[3067] [S]: 0x0000000080000FDA (0x00000013) addi x0, x0, 0x0                        main+3066

clint mtime 0x00000000000005FE (mip.MTI <- 0b1, mip.STI <- 0b0)
mem[X,0x0000000080000FDE] -> 0x0001
[3068] [S]: 0x0000000080000FDE (0x0001) c.nop                                       main+3070

mem[X,0x0000000080000FE0] -> 0x00E7
mem[X,0x0000000080000FE2] -> 0x0007
[3069] [S]: 0x0000000080000FE0 (0x000700E7) jalr x1, 0x0(x14)                       main+3072
x1 <- 0x0000000080000FE4

clint mtime 0x00000000000005FF (mip.MTI <- 0b1, mip.STI <- 0b0)
mem[X,0x0000000080002004] -> 0x0013
mem[X,0x0000000080002006] -> 0x0000
[3070] [S]: 0x0000000080002004 (0x00000013) addi x0, x0, 0x0                        TEST_FOR_EXECUTION+4

mem[X,0x0000000080002008] -> 0x0013
mem[X,0x000000008000200A] -> 0x0000
[3071] [S]: 0x0000000080002008 (0x00000013) addi x0, x0, 0x0                        RETURN_INSTRUCTION+0

clint mtime 0x0000000000000600 (mip.MTI <- 0b1, mip.STI <- 0b0)
mem[X,0x000000008000200C] -> 0x0013
mem[X,0x000000008000200E] -> 0x0000
[3072] [S]: 0x000000008000200C (0x00000013) addi x0, x0, 0x0                        RETURN_INSTRUCTION+4

mem[X,0x0000000080002010] -> 0x8067
mem[X,0x0000000080002012] -> 0x0000
[3073] [S]: 0x0000000080002010 (0x00008067) jalr x0, 0x0(x1)                        RETURN_INSTRUCTION+8

clint mtime 0x0000000000000601 (mip.MTI <- 0b1, mip.STI <- 0b0)
mem[X,0x0000000080000FE4] -> 0x0013
mem[X,0x0000000080000FE6] -> 0x0000
[3074] [S]: 0x0000000080000FE4 (0x00000013) addi x0, x0, 0x0                        main+3076

mem[X,0x0000000080000FE8] -> 0x0013
mem[X,0x0000000080000FEA] -> 0x0000
[3075] [S]: 0x0000000080000FE8 (0x00000013) addi x0, x0, 0x0                        main+3080

clint mtime 0x0000000000000602 (mip.MTI <- 0b1, mip.STI <- 0b0)
mem[X,0x0000000080000FEC] -> 0x0737
mem[X,0x0000000080000FEE] -> 0x0000
[3076] [S]: 0x0000000080000FEC (0x00000737) lui x14, 0x0                            main+3084
x14 <- 0x0000000000000000

mem[X,0x0000000080000FF0] -> 0x0713
mem[X,0x0000000080000FF2] -> 0x0137
[3077] [S]: 0x0000000080000FF0 (0x01370713) addi x14, x14, 0x13                     main+3088
x14 <- 0x0000000000000013

clint mtime 0x0000000000000603 (mip.MTI <- 0b1, mip.STI <- 0b0)
mem[X,0x0000000080000FF4] -> 0x1713
mem[X,0x0000000080000FF6] -> 0x00B7
[3078] [S]: 0x0000000080000FF4 (0x00B71713) slli x14, x14, 0xb                      main+3092
x14 <- 0x0000000000009800

mem[X,0x0000000080000FF8] -> 0x0713
mem[X,0x0000000080000FFA] -> 0x0007
[3079] [S]: 0x0000000080000FF8 (0x00070713) addi x14, x14, 0x0                      main+3096
x14 <- 0x0000000000009800

clint mtime 0x0000000000000604 (mip.MTI <- 0b1, mip.STI <- 0b0)
mem[X,0x0000000080000FFC] -> 0x1713
mem[X,0x0000000080000FFE] -> 0x00B7
[3080] [S]: 0x0000000080000FFC (0x00B71713) slli x14, x14, 0xb                      main+3100
x14 <- 0x0000000004C00000

mem[X,0x0000000080001000] -> 0x0713
mem[X,0x0000000080001002] -> 0x0007
[3081] [S]: 0x0000000080001000 (0x00070713) addi x14, x14, 0x0                      main+3104
x14 <- 0x0000000004C00000

clint mtime 0x0000000000000605 (mip.MTI <- 0b1, mip.STI <- 0b0)
mem[X,0x0000000080001004] -> 0x1713
mem[X,0x0000000080001006] -> 0x00A7
[3082] [S]: 0x0000000080001004 (0x00A71713) slli x14, x14, 0xa                      main+3108
x14 <- 0x0000001300000000

mem[X,0x0000000080001008] -> 0x0713
mem[X,0x000000008000100A] -> 0x0137
[3083] [S]: 0x0000000080001008 (0x01370713) addi x14, x14, 0x13                     main+3112
x14 <- 0x0000001300000013

clint mtime 0x0000000000000606 (mip.MTI <- 0b1, mip.STI <- 0b0)
mem[X,0x000000008000100C] -> 0x0013
mem[X,0x000000008000100E] -> 0x0000
[3084] [S]: 0x000000008000100C (0x00000013) addi x0, x0, 0x0                        main+3116

mem[X,0x0000000080001010] -> 0x0013
mem[X,0x0000000080001012] -> 0x0000
[3085] [S]: 0x0000000080001010 (0x00000013) addi x0, x0, 0x0                        main+3120

clint mtime 0x0000000000000607 (mip.MTI <- 0b1, mip.STI <- 0b0)
mem[X,0x0000000080001014] -> 0x0013
mem[X,0x0000000080001016] -> 0x0000
[3086] [S]: 0x0000000080001014 (0x00000013) addi x0, x0, 0x0                        main+3124

mem[X,0x0000000080001018] -> 0x0013
mem[X,0x000000008000101A] -> 0x0000
[3087] [S]: 0x0000000080001018 (0x00000013) addi x0, x0, 0x0                        main+3128

clint mtime 0x0000000000000608 (mip.MTI <- 0b1, mip.STI <- 0b0)
mem[X,0x000000008000101C] -> 0x0013
mem[X,0x000000008000101E] -> 0x0000
[3088] [S]: 0x000000008000101C (0x00000013) addi x0, x0, 0x0                        main+3132

mem[X,0x0000000080001020] -> 0x1797
mem[X,0x0000000080001022] -> 0x0000
[3089] [S]: 0x0000000080001020 (0x00001797) auipc x15, 0x1                          main+3136
x15 <- 0x0000000080002020

clint mtime 0x0000000000000609 (mip.MTI <- 0b1, mip.STI <- 0b0)
mem[X,0x0000000080001024] -> 0x8793
mem[X,0x0000000080001026] -> 0xFE07
[3090] [S]: 0x0000000080001024 (0xFE078793) addi x15, x15, -0x20                    main+3140
x15 <- 0x0000000080002000

mem[X,0x0000000080001028] -> 0x0001
[3091] [S]: 0x0000000080001028 (0x0001) c.nop                                       main+3144

clint mtime 0x000000000000060A (mip.MTI <- 0b1, mip.STI <- 0b0)
mem[X,0x000000008000102A] -> 0x0013
mem[X,0x000000008000102C] -> 0x0000
[3092] [S]: 0x000000008000102A (0x00000013) addi x0, x0, 0x0                        main+3146

mem[X,0x000000008000102E] -> 0x0013
mem[X,0x0000000080001030] -> 0x0000
[3093] [S]: 0x000000008000102E (0x00000013) addi x0, x0, 0x0                        main+3150

clint mtime 0x000000000000060B (mip.MTI <- 0b1, mip.STI <- 0b0)
mem[X,0x0000000080001032] -> 0x0013
mem[X,0x0000000080001034] -> 0x0000
[3094] [S]: 0x0000000080001032 (0x00000013) addi x0, x0, 0x0                        main+3154

mem[X,0x0000000080001036] -> 0x0013
mem[X,0x0000000080001038] -> 0x0000
[3095] [S]: 0x0000000080001036 (0x00000013) addi x0, x0, 0x0                        main+3158

clint mtime 0x000000000000060C (mip.MTI <- 0b1, mip.STI <- 0b0)
mem[X,0x000000008000103A] -> 0x0013
mem[X,0x000000008000103C] -> 0x0000
[3096] [S]: 0x000000008000103A (0x00000013) addi x0, x0, 0x0                        main+3162

mem[X,0x000000008000103E] -> 0x0001
[3097] [S]: 0x000000008000103E (0x0001) c.nop                                       main+3166

clint mtime 0x000000000000060D (mip.MTI <- 0b1, mip.STI <- 0b0)
mem[X,0x0000000080001040] -> 0xA023
mem[X,0x0000000080001042] -> 0x00E7
[3098] [S]: 0x0000000080001040 (0x00E7A023) sw x14, 0x0(x15)                        main+3168
trapping from S to M to handle store/amo-access-fault
handling exc#store/amo-access-fault at priv M with tval 0x0000000080002000
CSR mstatus (0x300) <- 0x0000000A00000800
CSR mcause (0x342) <- 0x0000000000000007
CSR mtval (0x343) <- 0x0000000080002000
CSR mepc (0x341) <- 0x0000000080001040

mem[X,0x0000000080002100] -> 0x006F
mem[X,0x0000000080002102] -> 0x1000
[3099] [M]: 0x0000000080002100 (0x1000006F) jal x0, 0x100                           Mtrampoline+0

clint mtime 0x000000000000060E (mip.MTI <- 0b1, mip.STI <- 0b0)
mem[X,0x0000000080002200] -> 0x1173
mem[X,0x0000000080002202] -> 0x3401
[3100] [M]: 0x0000000080002200 (0x34011173) csrrw x2, mscratch, x2                  trap_Mhandler+0
CSR mscratch (0x340) <- 0x0000000000000000
x2 <- 0x0000000080006000

mem[X,0x0000000080002204] -> 0x3423
mem[X,0x0000000080002206] -> 0x28B1
[3101] [M]: 0x0000000080002204 (0x28B13423) sd x11, 0x288(x2)                       trap_Mhandler+4
mem[W,0x0000000080006288] <- 0x0000000000000000

clint mtime 0x000000000000060F (mip.MTI <- 0b1, mip.STI <- 0b0)
mem[X,0x0000000080002208] -> 0x05EF
mem[X,0x000000008000220A] -> 0x0B80
[3102] [M]: 0x0000000080002208 (0x0B8005EF) jal x11, 0xb8                           trap_Mhandler+8
x11 <- 0x000000008000220C

mem[X,0x00000000800022C0] -> 0x3023
mem[X,0x00000000800022C2] -> 0x28A1
[3103] [M]: 0x00000000800022C0 (0x28A13023) sd x10, 0x280(x2)                       common_Mhandler+0
mem[W,0x0000000080006280] <- 0x0000000000000001

clint mtime 0x0000000000000610 (mip.MTI <- 0b1, mip.STI <- 0b0)
mem[X,0x00000000800022C4] -> 0x1573
mem[X,0x00000000800022C6] -> 0x3401
[3104] [M]: 0x00000000800022C4 (0x34011573) csrrw x10, mscratch, x2                 common_Mhandler+4
CSR mscratch (0x340) <- 0x0000000080006000
x10 <- 0x0000000000000000

mem[X,0x00000000800022C8] -> 0x3823
mem[X,0x00000000800022CA] -> 0x28A1
[3105] [M]: 0x00000000800022C8 (0x28A13823) sd x10, 0x290(x2)                       common_Mhandler+8
mem[W,0x0000000080006290] <- 0x0000000000000000

clint mtime 0x0000000000000611 (mip.MTI <- 0b1, mip.STI <- 0b0)
mem[X,0x00000000800022CC] -> 0x3503
mem[X,0x00000000800022CE] -> 0x2301
[3106] [M]: 0x00000000800022CC (0x23013503) ld x10, 0x230(x2)                       common_Mhandler+12
mem[R,0x0000000080006230] -> 0x00000000800022D4
x10 <- 0x00000000800022D4

mem[X,0x00000000800022D0] -> 0x0067
mem[X,0x00000000800022D2] -> 0x0005
[3107] [M]: 0x00000000800022D0 (0x00050067) jalr x0, 0x0(x10)                       common_Mhandler+16

clint mtime 0x0000000000000612 (mip.MTI <- 0b1, mip.STI <- 0b0)
mem[X,0x00000000800022D4] -> 0x3C23
mem[X,0x00000000800022D6] -> 0x2691
[3108] [M]: 0x00000000800022D4 (0x26913C23) sd x9, 0x278(x2)                        common_Mentry+0
mem[W,0x0000000080006278] <- 0x0000000080000DD4

mem[X,0x00000000800022D8] -> 0x3823
mem[X,0x00000000800022DA] -> 0x2681
[3109] [M]: 0x00000000800022D8 (0x26813823) sd x8, 0x270(x2)                        common_Mentry+4
mem[W,0x0000000080006270] <- 0x0000000000007F76

clint mtime 0x0000000000000613 (mip.MTI <- 0b1, mip.STI <- 0b0)
mem[X,0x00000000800022DC] -> 0x3423
mem[X,0x00000000800022DE] -> 0x2671
[3110] [M]: 0x00000000800022DC (0x26713423) sd x7, 0x268(x2)                        common_Mentry+8
mem[W,0x0000000080006268] <- 0x0000000080006000

mem[X,0x00000000800022E0] -> 0x3023
mem[X,0x00000000800022E2] -> 0x2661
[3111] [M]: 0x00000000800022E0 (0x26613023) sd x6, 0x260(x2)                        common_Mentry+12
mem[W,0x0000000080006260] <- 0x0000000000000010

clint mtime 0x0000000000000614 (mip.MTI <- 0b1, mip.STI <- 0b0)
mem[X,0x00000000800022E4] -> 0x2573
mem[X,0x00000000800022E6] -> 0x3420
[3112] [M]: 0x00000000800022E4 (0x34202573) csrrs x10, mcause, x0                   spcl_M2mmode_test+0
CSR mcause (0x342) -> 0x0000000000000007
x10 <- 0x0000000000000007

mem[X,0x00000000800022E8] -> 0x04B7
mem[X,0x00000000800022EA] -> 0x8000
[3113] [M]: 0x00000000800022E8 (0x800004B7) lui x9, -0x80000                        spcl_M2mmode_test+4
x9 <- 0xFFFFFFFF80000000

clint mtime 0x0000000000000615 (mip.MTI <- 0b1, mip.STI <- 0b0)
mem[X,0x00000000800022EC] -> 0x8493
mem[X,0x00000000800022EE] -> 0x0004
[3114] [M]: 0x00000000800022EC (0x00048493) addi x9, x9, 0x0                        spcl_M2mmode_test+8
x9 <- 0xFFFFFFFF80000000

mem[X,0x00000000800022F0] -> 0x9493
mem[X,0x00000000800022F2] -> 0x00B4
[3115] [M]: 0x00000000800022F0 (0x00B49493) slli x9, x9, 0xb                        spcl_M2mmode_test+12
x9 <- 0xFFFFFC0000000000

clint mtime 0x0000000000000616 (mip.MTI <- 0b1, mip.STI <- 0b0)
mem[X,0x00000000800022F4] -> 0x8493
mem[X,0x00000000800022F6] -> 0x0004
[3116] [M]: 0x00000000800022F4 (0x00048493) addi x9, x9, 0x0                        spcl_M2mmode_test+16
x9 <- 0xFFFFFC0000000000

mem[X,0x00000000800022F8] -> 0x9493
mem[X,0x00000000800022FA] -> 0x00B4
[3117] [M]: 0x00000000800022F8 (0x00B49493) slli x9, x9, 0xb                        spcl_M2mmode_test+20
x9 <- 0xFFE0000000000000

clint mtime 0x0000000000000617 (mip.MTI <- 0b1, mip.STI <- 0b0)
mem[X,0x00000000800022FC] -> 0x8493
mem[X,0x00000000800022FE] -> 0x0034
[3118] [M]: 0x00000000800022FC (0x00348493) addi x9, x9, 0x3                        spcl_M2mmode_test+24
x9 <- 0xFFE0000000000003

mem[X,0x0000000080002300] -> 0x9493
mem[X,0x0000000080002302] -> 0x00A4
[3119] [M]: 0x0000000080002300 (0x00A49493) slli x9, x9, 0xa                        spcl_M2mmode_test+28
x9 <- 0x8000000000000C00

clint mtime 0x0000000000000618 (mip.MTI <- 0b1, mip.STI <- 0b0)
mem[X,0x0000000080002304] -> 0x8493
mem[X,0x0000000080002306] -> 0x3FC4
[3120] [M]: 0x0000000080002304 (0x3FC48493) addi x9, x9, 0x3fc                      spcl_M2mmode_test+32
x9 <- 0x8000000000000FFC

mem[X,0x0000000080002308] -> 0xF4B3
mem[X,0x000000008000230A] -> 0x00A4
[3121] [M]: 0x0000000080002308 (0x00A4F4B3) and x9, x9, x10                         spcl_M2mmode_test+36
x9 <- 0x0000000000000004

clint mtime 0x0000000000000619 (mip.MTI <- 0b1, mip.STI <- 0b0)
mem[X,0x000000008000230C] -> 0x8493
mem[X,0x000000008000230E] -> 0xFF84
[3122] [M]: 0x000000008000230C (0xFF848493) addi x9, x9, -0x8                       spcl_M2mmode_test+40
x9 <- 0xFFFFFFFFFFFFFFFC

mem[X,0x0000000080002310] -> 0x9663
mem[X,0x0000000080002312] -> 0x0004
[3123] [M]: 0x0000000080002310 (0x00049663) bne x9, x0, 0xc                         spcl_M2mmode_test+44

clint mtime 0x000000000000061A (mip.MTI <- 0b1, mip.STI <- 0b0)
mem[X,0x000000008000231C] -> 0x0393
mem[X,0x000000008000231E] -> 0x0200
[3124] [M]: 0x000000008000231C (0x02000393) addi x7, x0, 0x20                       Mtrapsig_ptr_upd+0
x7 <- 0x0000000000000020

mem[X,0x0000000080002320] -> 0x5263
mem[X,0x0000000080002322] -> 0x0405
[3125] [M]: 0x0000000080002320 (0x04055263) bge x10, x0, 0x44                       Mtrapsig_ptr_upd+4

clint mtime 0x000000000000061B (mip.MTI <- 0b1, mip.STI <- 0b0)
mem[X,0x0000000080002364] -> 0x2373
mem[X,0x0000000080002366] -> 0x3010
[3126] [M]: 0x0000000080002364 (0x30102373) csrrs x6, misa, x0                      Mxcpt_sig_sv+0
CSR misa (0x301) -> 0x800000000034112F
x6 <- 0x800000000034112F

mem[X,0x0000000080002368] -> 0x1313
mem[X,0x000000008000236A] -> 0x0383
[3127] [M]: 0x0000000080002368 (0x03831313) slli x6, x6, 0x38                       Mxcpt_sig_sv+4
x6 <- 0x2F00000000000000

clint mtime 0x000000000000061C (mip.MTI <- 0b1, mip.STI <- 0b0)
mem[X,0x000000008000236C] -> 0x5463
mem[X,0x000000008000236E] -> 0x0003
[3128] [M]: 0x000000008000236C (0x00035463) bge x6, x0, 0x8                         Mxcpt_sig_sv+8

mem[X,0x0000000080002374] -> 0x3303
mem[X,0x0000000080002376] -> 0x2181
[3129] [M]: 0x0000000080002374 (0x21813303) ld x6, 0x218(x2)                        Mtrap_sig_sv+0
mem[R,0x0000000080006218] -> 0x0000000080007500
x6 <- 0x0000000080007500

clint mtime 0x000000000000061D (mip.MTI <- 0b1, mip.STI <- 0b0)
mem[X,0x0000000080002378] -> 0x04B3
mem[X,0x000000008000237A] -> 0x0073
[3130] [M]: 0x0000000080002378 (0x007304B3) add x9, x6, x7                          Mtrap_sig_sv+4
x9 <- 0x0000000080007520

mem[X,0x000000008000237C] -> 0x3C23
mem[X,0x000000008000237E] -> 0x2091
[3131] [M]: 0x000000008000237C (0x20913C23) sd x9, 0x218(x2)                        Mtrap_sig_sv+8
mem[W,0x0000000080006218] <- 0x0000000080007520

clint mtime 0x000000000000061E (mip.MTI <- 0b1, mip.STI <- 0b0)
mem[X,0x0000000080002380] -> 0x3403
mem[X,0x0000000080002382] -> 0x1F81
[3132] [M]: 0x0000000080002380 (0x1F813403) ld x8, 0x1f8(x2)                        Mtrap_sig_sv+12
mem[R,0x00000000800061F8] -> 0x0000000080007210
x8 <- 0x0000000080007210

mem[X,0x0000000080002384] -> 0x0333
mem[X,0x0000000080002386] -> 0x4083
[3133] [M]: 0x0000000080002384 (0x40830333) sub x6, x6, x8                          Mtrap_sig_sv+16
x6 <- 0x00000000000002F0

clint mtime 0x000000000000061F (mip.MTI <- 0b1, mip.STI <- 0b0)
mem[X,0x0000000080002388] -> 0x3403
mem[X,0x000000008000238A] -> 0x1F81
[3134] [M]: 0x0000000080002388 (0x1F813403) ld x8, 0x1f8(x2)                        Mtrap_sig_sv+20
mem[R,0x00000000800061F8] -> 0x0000000080007210
x8 <- 0x0000000080007210

mem[X,0x000000008000238C] -> 0x0333
mem[X,0x000000008000238E] -> 0x0083
[3135] [M]: 0x000000008000238C (0x00830333) add x6, x6, x8                          Mtrap_sig_sv+24
x6 <- 0x0000000080007500

clint mtime 0x0000000000000620 (mip.MTI <- 0b1, mip.STI <- 0b0)
mem[X,0x0000000080002390] -> 0x3403
mem[X,0x0000000080002392] -> 0x2401
[3136] [M]: 0x0000000080002390 (0x24013403) ld x8, 0x240(x2)                        Mtrap_sig_sv+28
mem[R,0x0000000080006240] -> 0x0000000080002100
x8 <- 0x0000000080002100

mem[X,0x0000000080002394] -> 0x85B3
mem[X,0x0000000080002396] -> 0x4085
[3137] [M]: 0x0000000080002394 (0x408585B3) sub x11, x11, x8                        sv_Mvect+0
x11 <- 0x000000000000010C

clint mtime 0x0000000000000621 (mip.MTI <- 0b1, mip.STI <- 0b0)
mem[X,0x0000000080002398] -> 0x9593
mem[X,0x000000008000239A] -> 0x0045
[3138] [M]: 0x0000000080002398 (0x00459593) slli x11, x11, 0x4                      sv_Mvect+4
x11 <- 0x00000000000010C0

mem[X,0x000000008000239C] -> 0xE5B3
mem[X,0x000000008000239E] -> 0x0075
[3139] [M]: 0x000000008000239C (0x0075E5B3) or x11, x11, x7                         sv_Mvect+8
x11 <- 0x00000000000010E0

clint mtime 0x0000000000000622 (mip.MTI <- 0b1, mip.STI <- 0b0)
mem[X,0x00000000800023A0] -> 0x8593
mem[X,0x00000000800023A2] -> 0x0035
[3140] [M]: 0x00000000800023A0 (0x00358593) addi x11, x11, 0x3                      sv_Mvect+12
x11 <- 0x00000000000010E3

mem[X,0x00000000800023A4] -> 0x3023
mem[X,0x00000000800023A6] -> 0x00B3
[3141] [M]: 0x00000000800023A4 (0x00B33023) sd x11, 0x0(x6)                         sv_Mvect+16
mem[W,0x0000000080007500] <- 0x00000000000010E3

clint mtime 0x0000000000000623 (mip.MTI <- 0b1, mip.STI <- 0b0)
mem[X,0x00000000800023A8] -> 0x3423
mem[X,0x00000000800023AA] -> 0x00A3
[3142] [M]: 0x00000000800023A8 (0x00A33423) sd x10, 0x8(x6)                         sv_Mcause+0
mem[W,0x0000000080007508] <- 0x0000000000000007

mem[X,0x00000000800023AC] -> 0x4263
mem[X,0x00000000800023AE] -> 0x1A05
[3143] [M]: 0x00000000800023AC (0x1A054263) blt x10, x0, 0x1a4                      sv_Mcause+4

clint mtime 0x0000000000000624 (mip.MTI <- 0b1, mip.STI <- 0b0)
mem[X,0x00000000800023B0] -> 0x25F3
mem[X,0x00000000800023B2] -> 0x3000
[3144] [M]: 0x00000000800023B0 (0x300025F3) csrrs x11, mstatus, x0                  common_Mexcpt_handler+0
CSR mstatus (0x300) -> 0x0000000A00000800
x11 <- 0x0000000A00000800

mem[X,0x00000000800023B4] -> 0x9413
mem[X,0x00000000800023B6] -> 0x02E5
[3145] [M]: 0x00000000800023B4 (0x02E59413) slli x8, x11, 0x2e                      common_Mexcpt_handler+4
x8 <- 0x0200000000000000

clint mtime 0x0000000000000625 (mip.MTI <- 0b1, mip.STI <- 0b0)
mem[X,0x00000000800023B8] -> 0x5463
mem[X,0x00000000800023BA] -> 0x0004
[3146] [M]: 0x00000000800023B8 (0x00045463) bge x8, x0, 0x8                         common_Mexcpt_handler+8

mem[X,0x00000000800023C0] -> 0xD493
mem[X,0x00000000800023C2] -> 0x00B5
[3147] [M]: 0x00000000800023C0 (0x00B5D493) srli x9, x11, 0xb                       common_Mexcpt_handler+16
x9 <- 0x0000000001400001

clint mtime 0x0000000000000626 (mip.MTI <- 0b1, mip.STI <- 0b0)
mem[X,0x00000000800023C4] -> 0xF493
mem[X,0x00000000800023C6] -> 0x0034
[3148] [M]: 0x00000000800023C4 (0x0034F493) andi x9, x9, 0x3                        common_Mexcpt_handler+20
x9 <- 0x0000000000000001

mem[X,0x00000000800023C8] -> 0x8493
mem[X,0x00000000800023CA] -> 0x0014
[3149] [M]: 0x00000000800023C8 (0x00148493) addi x9, x9, 0x1                        common_Mexcpt_handler+24
x9 <- 0x0000000000000002

clint mtime 0x0000000000000627 (mip.MTI <- 0b1, mip.STI <- 0b0)
mem[X,0x00000000800023CC] -> 0xF493
mem[X,0x00000000800023CE] -> 0x0044
[3150] [M]: 0x00000000800023CC (0x0044F493) andi x9, x9, 0x4                        common_Mexcpt_handler+28
x9 <- 0x0000000000000000

mem[X,0x00000000800023D0] -> 0x0593
mem[X,0x00000000800023D2] -> 0x05D0
[3151] [M]: 0x00000000800023D0 (0x05D00593) addi x11, x0, 0x5d                      common_Mexcpt_handler+32
x11 <- 0x000000000000005D

clint mtime 0x0000000000000628 (mip.MTI <- 0b1, mip.STI <- 0b0)
mem[X,0x00000000800023D4] -> 0xD5B3
mem[X,0x00000000800023D6] -> 0x0095
[3152] [M]: 0x00000000800023D4 (0x0095D5B3) srl x11, x11, x9                        common_Mexcpt_handler+36
x11 <- 0x000000000000005D

mem[X,0x00000000800023D8] -> 0xF593
mem[X,0x00000000800023DA] -> 0x0015
[3153] [M]: 0x00000000800023D8 (0x0015F593) andi x11, x11, 0x1                      common_Mexcpt_handler+40
x11 <- 0x0000000000000001

clint mtime 0x0000000000000629 (mip.MTI <- 0b1, mip.STI <- 0b0)
mem[X,0x00000000800023DC] -> 0x8EE3
mem[X,0x00000000800023DE] -> 0xF405
[3154] [M]: 0x00000000800023DC (0xF4058EE3) beq x11, x0, -0xa4                      common_Mexcpt_handler+44

mem[X,0x00000000800023E0] -> 0x0593
mem[X,0x00000000800023E2] -> 0x2980
[3155] [M]: 0x00000000800023E0 (0x29800593) addi x11, x0, 0x298                     common_Mexcpt_handler+48
x11 <- 0x0000000000000298

clint mtime 0x000000000000062A (mip.MTI <- 0b1, mip.STI <- 0b0)
mem[X,0x00000000800023E4] -> 0xF413
mem[X,0x00000000800023E6] -> 0x0014
[3156] [M]: 0x00000000800023E4 (0x0014F413) andi x8, x9, 0x1                        common_Mexcpt_handler+52
x8 <- 0x0000000000000000

mem[X,0x00000000800023E8] -> 0x95B3
mem[X,0x00000000800023EA] -> 0x0085
[3157] [M]: 0x00000000800023E8 (0x008595B3) sll x11, x11, x8                        common_Mexcpt_handler+56
x11 <- 0x0000000000000298

clint mtime 0x000000000000062B (mip.MTI <- 0b1, mip.STI <- 0b0)
mem[X,0x00000000800023EC] -> 0x9413
mem[X,0x00000000800023EE] -> 0x03D4
[3158] [M]: 0x00000000800023EC (0x03D49413) slli x8, x9, 0x3d                       common_Mexcpt_handler+60
x8 <- 0x0000000000000000

mem[X,0x00000000800023F0] -> 0x5413
mem[X,0x00000000800023F2] -> 0x43F4
[3159] [M]: 0x00000000800023F0 (0x43F45413) srai x8, x8, 0x3f                       common_Mexcpt_handler+64
x8 <- 0x0000000000000000

clint mtime 0x000000000000062C (mip.MTI <- 0b1, mip.STI <- 0b0)
mem[X,0x00000000800023F4] -> 0x4413
mem[X,0x00000000800023F6] -> 0xFFF4
[3160] [M]: 0x00000000800023F4 (0xFFF44413) xori x8, x8, -0x1                       common_Mexcpt_handler+68
x8 <- 0xFFFFFFFFFFFFFFFF

mem[X,0x00000000800023F8] -> 0xF4B3
mem[X,0x00000000800023FA] -> 0x0085
[3161] [M]: 0x00000000800023F8 (0x0085F4B3) and x9, x11, x8                         common_Mexcpt_handler+72
x9 <- 0x0000000000000298

clint mtime 0x000000000000062D (mip.MTI <- 0b1, mip.STI <- 0b0)
mem[X,0x00000000800023FC] -> 0x84B3
mem[X,0x00000000800023FE] -> 0x0024
[3162] [M]: 0x00000000800023FC (0x002484B3) add x9, x9, x2                          vmem_adj_Mepc+0
x9 <- 0x0000000080006298

mem[X,0x0000000080002400] -> 0x23F3
mem[X,0x0000000080002402] -> 0x3410
[3163] [M]: 0x0000000080002400 (0x341023F3) csrrs x7, mepc, x0                      vmem_adj_Mepc+4
CSR mepc (0x341) -> 0x0000000080001040
x7 <- 0x0000000080001040

clint mtime 0x000000000000062E (mip.MTI <- 0b1, mip.STI <- 0b0)
mem[X,0x0000000080002404] -> 0x0413
mem[X,0x0000000080002406] -> 0x0004
[3164] [M]: 0x0000000080002404 (0x00040413) addi x8, x8, 0x0                        vmem_adj_Mepc+8
x8 <- 0xFFFFFFFFFFFFFFFF

mem[X,0x0000000080002408] -> 0x006F
mem[X,0x000000008000240A] -> 0x0400
[3165] [M]: 0x0000000080002408 (0x0400006F) jal x0, 0x40                            vmem_adj_Mepc+12

clint mtime 0x000000000000062F (mip.MTI <- 0b1, mip.STI <- 0b0)
mem[X,0x0000000080002448] -> 0x8433
mem[X,0x000000008000244A] -> 0x4083
[3166] [M]: 0x0000000080002448 (0x40838433) sub x8, x7, x8                          adj_Mepc+0
x8 <- 0x0000000080001041

mem[X,0x000000008000244C] -> 0x3823
mem[X,0x000000008000244E] -> 0x0083
[3167] [M]: 0x000000008000244C (0x00833823) sd x8, 0x10(x6)                         sv_Mepc+0
mem[W,0x0000000080007510] <- 0x0000000080001041

clint mtime 0x0000000000000630 (mip.MTI <- 0b1, mip.STI <- 0b0)
mem[X,0x0000000080002450] -> 0x55B7
mem[X,0x0000000080002452] -> 0x0000
[3168] [M]: 0x0000000080002450 (0x000055B7) lui x11, 0x5                            sv_Mepc+4
x11 <- 0x0000000000005000

mem[X,0x0000000080002454] -> 0x8593
mem[X,0x0000000080002456] -> 0x6675
[3169] [M]: 0x0000000080002454 (0x66758593) addi x11, x11, 0x667                    sv_Mepc+8
x11 <- 0x0000000000005667

clint mtime 0x0000000000000631 (mip.MTI <- 0b1, mip.STI <- 0b0)
mem[X,0x0000000080002458] -> 0x9593
mem[X,0x000000008000245A] -> 0x0015
[3170] [M]: 0x0000000080002458 (0x00159593) slli x11, x11, 0x1                      sv_Mepc+12
x11 <- 0x000000000000ACCE

mem[X,0x000000008000245C] -> 0x9063
mem[X,0x000000008000245E] -> 0x02B1
[3171] [M]: 0x000000008000245C (0x02B19063) bne x3, x11, 0x20                       sv_Mepc+16

clint mtime 0x0000000000000632 (mip.MTI <- 0b1, mip.STI <- 0b0)
mem[X,0x0000000080002460] -> 0x2473
mem[X,0x0000000080002462] -> 0x3420
[3172] [M]: 0x0000000080002460 (0x34202473) csrrs x8, mcause, x0                    sv_Mepc+20
CSR mcause (0x342) -> 0x0000000000000007
x8 <- 0x0000000000000007

mem[X,0x0000000080002464] -> 0x0593
mem[X,0x0000000080002466] -> 0x00C0
[3173] [M]: 0x0000000080002464 (0x00C00593) addi x11, x0, 0xc                       sv_Mepc+24
x11 <- 0x000000000000000C

clint mtime 0x0000000000000633 (mip.MTI <- 0b1, mip.STI <- 0b0)
mem[X,0x0000000080002468] -> 0x0663
mem[X,0x000000008000246A] -> 0x00B4
[3174] [M]: 0x0000000080002468 (0x00B40663) beq x8, x11, 0xc                        sv_Mepc+28

mem[X,0x000000008000246C] -> 0x0593
mem[X,0x000000008000246E] -> 0x0010
[3175] [M]: 0x000000008000246C (0x00100593) addi x11, x0, 0x1                       sv_Mepc+32
x11 <- 0x0000000000000001

clint mtime 0x0000000000000634 (mip.MTI <- 0b1, mip.STI <- 0b0)
mem[X,0x0000000080002470] -> 0x1663
mem[X,0x0000000080002472] -> 0x00B4
[3176] [M]: 0x0000000080002470 (0x00B41663) bne x8, x11, 0xc                        sv_Mepc+36

mem[X,0x000000008000247C] -> 0xF593
mem[X,0x000000008000247E] -> 0xFFC3
[3177] [M]: 0x000000008000247C (0xFFC3F593) andi x11, x7, -0x4                      adj_Mepc_rtn+0
x11 <- 0x0000000080001040

clint mtime 0x0000000000000635 (mip.MTI <- 0b1, mip.STI <- 0b0)
mem[X,0x0000000080002480] -> 0x8593
mem[X,0x0000000080002482] -> 0x0085
[3178] [M]: 0x0000000080002480 (0x00858593) addi x11, x11, 0x8                      adj_Mepc_rtn+4
x11 <- 0x0000000080001048

mem[X,0x0000000080002484] -> 0x9073
mem[X,0x0000000080002486] -> 0x3415
[3179] [M]: 0x0000000080002484 (0x34159073) csrrw x0, mepc, x11                     adj_Mepc_rtn+8
CSR mepc (0x341) <- 0x0000000080001048

clint mtime 0x0000000000000636 (mip.MTI <- 0b1, mip.STI <- 0b0)
mem[X,0x0000000080002488] -> 0x23F3
mem[X,0x000000008000248A] -> 0x3430
[3180] [M]: 0x0000000080002488 (0x343023F3) csrrs x7, mtval, x0                     skp_adj_Mepc+0
CSR mtval (0x343) -> 0x0000000080002000
x7 <- 0x0000000080002000

mem[X,0x000000008000248C] -> 0x7513
mem[X,0x000000008000248E] -> 0x00F5
[3181] [M]: 0x000000008000248C (0x00F57513) andi x10, x10, 0xf                      chk_Mtval+0
x10 <- 0x0000000000000007

clint mtime 0x0000000000000637 (mip.MTI <- 0b1, mip.STI <- 0b0)
mem[X,0x0000000080002490] -> 0x0437
mem[X,0x0000000080002492] -> 0x0000
[3182] [M]: 0x0000000080002490 (0x00000437) lui x8, 0x0                             chk_Mtval+4
x8 <- 0x0000000000000000

mem[X,0x0000000080002494] -> 0x0413
mem[X,0x0000000080002496] -> 0x0004
[3183] [M]: 0x0000000080002494 (0x00040413) addi x8, x8, 0x0                        chk_Mtval+8
x8 <- 0x0000000000000000

clint mtime 0x0000000000000638 (mip.MTI <- 0b1, mip.STI <- 0b0)
mem[X,0x0000000080002498] -> 0x1413
mem[X,0x000000008000249A] -> 0x00B4
[3184] [M]: 0x0000000080002498 (0x00B41413) slli x8, x8, 0xb                        chk_Mtval+12
x8 <- 0x0000000000000000

mem[X,0x000000008000249C] -> 0x0413
mem[X,0x000000008000249E] -> 0x0004
[3185] [M]: 0x000000008000249C (0x00040413) addi x8, x8, 0x0                        chk_Mtval+16
x8 <- 0x0000000000000000

clint mtime 0x0000000000000639 (mip.MTI <- 0b1, mip.STI <- 0b0)
mem[X,0x00000000800024A0] -> 0x1413
mem[X,0x00000000800024A2] -> 0x00B4
[3186] [M]: 0x00000000800024A0 (0x00B41413) slli x8, x8, 0xb                        chk_Mtval+20
x8 <- 0x0000000000000000

mem[X,0x00000000800024A4] -> 0x0413
mem[X,0x00000000800024A6] -> 0x02C4
[3187] [M]: 0x00000000800024A4 (0x02C40413) addi x8, x8, 0x2c                       chk_Mtval+24
x8 <- 0x000000000000002C

clint mtime 0x000000000000063A (mip.MTI <- 0b1, mip.STI <- 0b0)
mem[X,0x00000000800024A8] -> 0x1413
mem[X,0x00000000800024AA] -> 0x00A4
[3188] [M]: 0x00000000800024A8 (0x00A41413) slli x8, x8, 0xa                        chk_Mtval+28
x8 <- 0x000000000000B000

mem[X,0x00000000800024AC] -> 0x0413
mem[X,0x00000000800024AE] -> 0x0FB4
[3189] [M]: 0x00000000800024AC (0x0FB40413) addi x8, x8, 0xfb                       chk_Mtval+32
x8 <- 0x000000000000B0FB

clint mtime 0x000000000000063B (mip.MTI <- 0b1, mip.STI <- 0b0)
mem[X,0x00000000800024B0] -> 0x5433
mem[X,0x00000000800024B2] -> 0x00A4
[3190] [M]: 0x00000000800024B0 (0x00A45433) srl x8, x8, x10                         chk_Mtval+36
x8 <- 0x0000000000000161

mem[X,0x00000000800024B4] -> 0x1413
mem[X,0x00000000800024B6] -> 0x03F4
[3191] [M]: 0x00000000800024B4 (0x03F41413) slli x8, x8, 0x3f                       chk_Mtval+40
x8 <- 0x8000000000000000

clint mtime 0x000000000000063C (mip.MTI <- 0b1, mip.STI <- 0b0)
mem[X,0x00000000800024B8] -> 0x5C63
mem[X,0x00000000800024BA] -> 0x0404
[3192] [M]: 0x00000000800024B8 (0x04045C63) bge x8, x0, 0x58                        chk_Mtval+44

mem[X,0x00000000800024BC] -> 0xB403
mem[X,0x00000000800024BE] -> 0x2084
[3193] [M]: 0x00000000800024BC (0x2084B403) ld x8, 0x208(x9)                        vmem_adj_Mtval+0
mem[R,0x00000000800064A0] -> 0x00000000800003B4
x8 <- 0x00000000800003B4

clint mtime 0x000000000000063D (mip.MTI <- 0b1, mip.STI <- 0b0)
mem[X,0x00000000800024C0] -> 0xB583
mem[X,0x00000000800024C2] -> 0x2104
[3194] [M]: 0x00000000800024C0 (0x2104B583) ld x11, 0x210(x9)                       vmem_adj_Mtval+4
mem[R,0x00000000800064A8] -> 0x0000000000001C60
x11 <- 0x0000000000001C60

mem[X,0x00000000800024C4] -> 0x85B3
mem[X,0x00000000800024C6] -> 0x0085
[3195] [M]: 0x00000000800024C4 (0x008585B3) add x11, x11, x8                        vmem_adj_Mtval+8
x11 <- 0x0000000080002014

clint mtime 0x000000000000063E (mip.MTI <- 0b1, mip.STI <- 0b0)
mem[X,0x00000000800024C8] -> 0xF463
mem[X,0x00000000800024CA] -> 0x00B3
[3196] [M]: 0x00000000800024C8 (0x00B3F463) bgeu x7, x11, 0x8                       vmem_adj_Mtval+12

mem[X,0x00000000800024CC] -> 0xF063
mem[X,0x00000000800024CE] -> 0x0483
[3197] [M]: 0x00000000800024CC (0x0483F063) bgeu x7, x8, 0x40                       vmem_adj_Mtval+16

clint mtime 0x000000000000063F (mip.MTI <- 0b1, mip.STI <- 0b0)
mem[X,0x000000008000250C] -> 0x8433
mem[X,0x000000008000250E] -> 0x4083
[3198] [M]: 0x000000008000250C (0x40838433) sub x8, x7, x8                          adj_Mtval+0
x8 <- 0x0000000000001C4C

mem[X,0x0000000080002510] -> 0x3C23
mem[X,0x0000000080002512] -> 0x0083
[3199] [M]: 0x0000000080002510 (0x00833C23) sd x8, 0x18(x6)                         sv_Mtval+0
mem[W,0x0000000080007518] <- 0x0000000000001C4C

clint mtime 0x0000000000000640 (mip.MTI <- 0b1, mip.STI <- 0b0)
mem[X,0x0000000080002514] -> 0x3483
mem[X,0x0000000080002516] -> 0x2181
[3200] [M]: 0x0000000080002514 (0x21813483) ld x9, 0x218(x2)                        skp_Mtval+0
mem[R,0x0000000080006218] -> 0x0000000080007520
x9 <- 0x0000000080007520

mem[X,0x0000000080002518] -> 0x3383
mem[X,0x000000008000251A] -> 0x1F81
[3201] [M]: 0x0000000080002518 (0x1F813383) ld x7, 0x1f8(x2)                        skp_Mtval+4
mem[R,0x00000000800061F8] -> 0x0000000080007210
x7 <- 0x0000000080007210

clint mtime 0x0000000000000641 (mip.MTI <- 0b1, mip.STI <- 0b0)
mem[X,0x000000008000251C] -> 0x3303
mem[X,0x000000008000251E] -> 0x2001
[3202] [M]: 0x000000008000251C (0x20013303) ld x6, 0x200(x2)                        skp_Mtval+8
mem[R,0x0000000080006200] -> 0x0000000000000920
x6 <- 0x0000000000000920

mem[X,0x0000000080002520] -> 0x0333
mem[X,0x0000000080002522] -> 0x0073
[3203] [M]: 0x0000000080002520 (0x00730333) add x6, x6, x7                          skp_Mtval+12
x6 <- 0x0000000080007B30

clint mtime 0x0000000000000642 (mip.MTI <- 0b1, mip.STI <- 0b0)
mem[X,0x0000000080002524] -> 0x6CE3
mem[X,0x0000000080002526] -> 0xAE93
[3204] [M]: 0x0000000080002524 (0xAE936CE3) bltu x6, x9, -0x508                     skp_Mtval+16

mem[X,0x0000000080002528] -> 0x0393
mem[X,0x000000008000252A] -> 0x2000
[3205] [M]: 0x0000000080002528 (0x20000393) addi x7, x0, 0x200                      skp_Mtval+20
x7 <- 0x0000000000000200

clint mtime 0x0000000000000643 (mip.MTI <- 0b1, mip.STI <- 0b0)
mem[X,0x000000008000252C] -> 0x006F
mem[X,0x000000008000252E] -> 0x0400
[3206] [M]: 0x000000008000252C (0x0400006F) jal x0, 0x40                            skp_Mtval+24

mem[X,0x000000008000256C] -> 0x0417
mem[X,0x000000008000256E] -> 0x0000
[3207] [M]: 0x000000008000256C (0x00000417) auipc x8, 0x0                           spcl_Mhandler+0
x8 <- 0x000000008000256C

clint mtime 0x0000000000000644 (mip.MTI <- 0b1, mip.STI <- 0b0)
mem[X,0x0000000080002570] -> 0x0413
mem[X,0x0000000080002572] -> 0x03C4
[3208] [M]: 0x0000000080002570 (0x03C40413) addi x8, x8, 0x3c                       spcl_Mhandler+4
x8 <- 0x00000000800025A8

mem[X,0x0000000080002574] -> 0x0433
mem[X,0x0000000080002576] -> 0x0074
[3209] [M]: 0x0000000080002574 (0x00740433) add x8, x8, x7                          spcl_Mhandler+8
x8 <- 0x00000000800027A8

clint mtime 0x0000000000000645 (mip.MTI <- 0b1, mip.STI <- 0b0)
mem[X,0x0000000080002578] -> 0x1393
mem[X,0x000000008000257A] -> 0x0035
[3210] [M]: 0x0000000080002578 (0x00351393) slli x7, x10, 0x3                       spcl_Mhandler+12
x7 <- 0x0000000000000038

mem[X,0x000000008000257C] -> 0x0433
mem[X,0x000000008000257E] -> 0x0074
[3211] [M]: 0x000000008000257C (0x00740433) add x8, x8, x7                          spcl_Mhandler+16
x8 <- 0x00000000800027E0

clint mtime 0x0000000000000646 (mip.MTI <- 0b1, mip.STI <- 0b0)
mem[X,0x0000000080002580] -> 0x7413
mem[X,0x0000000080002582] -> 0xFF84
[3212] [M]: 0x0000000080002580 (0xFF847413) andi x8, x8, -0x8                       spcl_Mhandler+20
x8 <- 0x00000000800027E0

mem[X,0x0000000080002584] -> 0x3403
mem[X,0x0000000080002586] -> 0x0004
[3213] [M]: 0x0000000080002584 (0x00043403) ld x8, 0x0(x8)                          spcl_Mhandler+24
mem[R,0x00000000800027E0] -> 0x000000000000000F
x8 <- 0x000000000000000F

clint mtime 0x0000000000000647 (mip.MTI <- 0b1, mip.STI <- 0b0)
mem[X,0x0000000080002588] -> 0x04E3
mem[X,0x000000008000258A] -> 0xB204
[3214] [M]: 0x0000000080002588 (0xB20404E3) beq x8, x0, -0x4d8                      spcl_Mdispatch_hndling+0

mem[X,0x000000008000258C] -> 0x1393
mem[X,0x000000008000258E] -> 0x03F4
[3215] [M]: 0x000000008000258C (0x03F41393) slli x7, x8, 0x3f                       spcl_Mdispatch_hndling+4
x7 <- 0x8000000000000000

clint mtime 0x0000000000000648 (mip.MTI <- 0b1, mip.STI <- 0b0)
mem[X,0x0000000080002590] -> 0xD863
mem[X,0x0000000080002592] -> 0x0003
[3216] [M]: 0x0000000080002590 (0x0003D863) bge x7, x0, 0x10                        spcl_Mdispatch_hndling+8

mem[X,0x0000000080002594] -> 0x5413
mem[X,0x0000000080002596] -> 0x0014
[3217] [M]: 0x0000000080002594 (0x00145413) srli x8, x8, 0x1                        spcl_Mdispatch_hndling+12
x8 <- 0x0000000000000007

clint mtime 0x0000000000000649 (mip.MTI <- 0b1, mip.STI <- 0b0)
mem[X,0x0000000080002598] -> 0x0CE3
mem[X,0x000000008000259A] -> 0xF885
[3218] [M]: 0x0000000080002598 (0xF8850CE3) beq x10, x8, -0x68                      spcl_Mdispatch_hndling+16

mem[X,0x0000000080002530] -> 0x3303
mem[X,0x0000000080002532] -> 0x2601
[3219] [M]: 0x0000000080002530 (0x26013303) ld x6, 0x260(x2)                        resto_Mrtn+0
mem[R,0x0000000080006260] -> 0x0000000000000010
x6 <- 0x0000000000000010

clint mtime 0x000000000000064A (mip.MTI <- 0b1, mip.STI <- 0b0)
mem[X,0x0000000080002534] -> 0x3383
mem[X,0x0000000080002536] -> 0x2681
[3220] [M]: 0x0000000080002534 (0x26813383) ld x7, 0x268(x2)                        resto_Mrtn+4
mem[R,0x0000000080006268] -> 0x0000000080006000
x7 <- 0x0000000080006000

mem[X,0x0000000080002538] -> 0x3403
mem[X,0x000000008000253A] -> 0x2701
[3221] [M]: 0x0000000080002538 (0x27013403) ld x8, 0x270(x2)                        resto_Mrtn+8
mem[R,0x0000000080006270] -> 0x0000000000007F76
x8 <- 0x0000000000007F76

clint mtime 0x000000000000064B (mip.MTI <- 0b1, mip.STI <- 0b0)
mem[X,0x000000008000253C] -> 0x3483
mem[X,0x000000008000253E] -> 0x2781
[3222] [M]: 0x000000008000253C (0x27813483) ld x9, 0x278(x2)                        resto_Mrtn+12
mem[R,0x0000000080006278] -> 0x0000000080000DD4
x9 <- 0x0000000080000DD4

mem[X,0x0000000080002540] -> 0x3503
mem[X,0x0000000080002542] -> 0x2801
[3223] [M]: 0x0000000080002540 (0x28013503) ld x10, 0x280(x2)                       resto_Mrtn+16
mem[R,0x0000000080006280] -> 0x0000000000000001
x10 <- 0x0000000000000001

clint mtime 0x000000000000064C (mip.MTI <- 0b1, mip.STI <- 0b0)
mem[X,0x0000000080002544] -> 0x3583
mem[X,0x0000000080002546] -> 0x2881
[3224] [M]: 0x0000000080002544 (0x28813583) ld x11, 0x288(x2)                       resto_Mrtn+20
mem[R,0x0000000080006288] -> 0x0000000000000000
x11 <- 0x0000000000000000

mem[X,0x0000000080002548] -> 0x3103
mem[X,0x000000008000254A] -> 0x2901
[3225] [M]: 0x0000000080002548 (0x29013103) ld x2, 0x290(x2)                        resto_Mrtn+24
mem[R,0x0000000080006290] -> 0x0000000000000000
x2 <- 0x0000000000000000

clint mtime 0x000000000000064D (mip.MTI <- 0b1, mip.STI <- 0b0)
mem[X,0x000000008000254C] -> 0x0073
mem[X,0x000000008000254E] -> 0x3020
[3226] [M]: 0x000000008000254C (0x30200073) mret                                    resto_Mrtn+28
CSR mstatus (0x300) <- 0x0000000A00000080
ret-ing from M to S

mem[X,0x0000000080001048] -> 0x8793
mem[X,0x000000008000104A] -> 0xFFC7
[3227] [S]: 0x0000000080001048 (0xFFC78793) addi x15, x15, -0x4                     main+3176
x15 <- 0x0000000080001FFC

clint mtime 0x000000000000064E (mip.MTI <- 0b1, mip.STI <- 0b0)
mem[X,0x000000008000104C] -> 0xA023
mem[X,0x000000008000104E] -> 0x00E7
[3228] [S]: 0x000000008000104C (0x00E7A023) sw x14, 0x0(x15)                        main+3180
mem[W,0x0000000080001FFC] <- 0x00000013

mem[X,0x0000000080001050] -> 0x0013
mem[X,0x0000000080001052] -> 0x0000
[3229] [S]: 0x0000000080001050 (0x00000013) addi x0, x0, 0x0                        main+3184

clint mtime 0x000000000000064F (mip.MTI <- 0b1, mip.STI <- 0b0)
mem[X,0x0000000080001054] -> 0x8793
mem[X,0x0000000080001056] -> 0x0087
[3230] [S]: 0x0000000080001054 (0x00878793) addi x15, x15, 0x8                      main+3188
x15 <- 0x0000000080002004

mem[X,0x0000000080001058] -> 0xA023
mem[X,0x000000008000105A] -> 0x00E7
[3231] [S]: 0x0000000080001058 (0x00E7A023) sw x14, 0x0(x15)                        main+3192
mem[W,0x0000000080002004] <- 0x00000013

clint mtime 0x0000000000000650 (mip.MTI <- 0b1, mip.STI <- 0b0)
mem[X,0x000000008000105C] -> 0x0013
mem[X,0x000000008000105E] -> 0x0000
[3232] [S]: 0x000000008000105C (0x00000013) addi x0, x0, 0x0                        main+3196

mem[X,0x0000000080001060] -> 0x0293
mem[X,0x0000000080001062] -> 0xFFC0
[3233] [S]: 0x0000000080001060 (0xFFC00293) addi x5, x0, -0x4                       main+3200
x5 <- 0xFFFFFFFFFFFFFFFC

clint mtime 0x0000000000000651 (mip.MTI <- 0b1, mip.STI <- 0b0)
mem[X,0x0000000080001064] -> 0x87B3
mem[X,0x0000000080001066] -> 0x0057
[3234] [S]: 0x0000000080001064 (0x005787B3) add x15, x15, x5                        main+3204
x15 <- 0x0000000080002000

mem[X,0x0000000080001068] -> 0xA023
mem[X,0x000000008000106A] -> 0x00E7
[3235] [S]: 0x0000000080001068 (0x00E7A023) sw x14, 0x0(x15)                        main+3208
trapping from S to M to handle store/amo-access-fault
handling exc#store/amo-access-fault at priv M with tval 0x0000000080002000
CSR mstatus (0x300) <- 0x0000000A00000800
CSR mcause (0x342) <- 0x0000000000000007
CSR mtval (0x343) <- 0x0000000080002000
CSR mepc (0x341) <- 0x0000000080001068

clint mtime 0x0000000000000652 (mip.MTI <- 0b1, mip.STI <- 0b0)
mem[X,0x0000000080002100] -> 0x006F
mem[X,0x0000000080002102] -> 0x1000
[3236] [M]: 0x0000000080002100 (0x1000006F) jal x0, 0x100                           Mtrampoline+0

mem[X,0x0000000080002200] -> 0x1173
mem[X,0x0000000080002202] -> 0x3401
[3237] [M]: 0x0000000080002200 (0x34011173) csrrw x2, mscratch, x2                  trap_Mhandler+0
CSR mscratch (0x340) <- 0x0000000000000000
x2 <- 0x0000000080006000

clint mtime 0x0000000000000653 (mip.MTI <- 0b1, mip.STI <- 0b0)
mem[X,0x0000000080002204] -> 0x3423
mem[X,0x0000000080002206] -> 0x28B1
[3238] [M]: 0x0000000080002204 (0x28B13423) sd x11, 0x288(x2)                       trap_Mhandler+4
mem[W,0x0000000080006288] <- 0x0000000000000000

mem[X,0x0000000080002208] -> 0x05EF
mem[X,0x000000008000220A] -> 0x0B80
[3239] [M]: 0x0000000080002208 (0x0B8005EF) jal x11, 0xb8                           trap_Mhandler+8
x11 <- 0x000000008000220C

clint mtime 0x0000000000000654 (mip.MTI <- 0b1, mip.STI <- 0b0)
mem[X,0x00000000800022C0] -> 0x3023
mem[X,0x00000000800022C2] -> 0x28A1
[3240] [M]: 0x00000000800022C0 (0x28A13023) sd x10, 0x280(x2)                       common_Mhandler+0
mem[W,0x0000000080006280] <- 0x0000000000000001

mem[X,0x00000000800022C4] -> 0x1573
mem[X,0x00000000800022C6] -> 0x3401
[3241] [M]: 0x00000000800022C4 (0x34011573) csrrw x10, mscratch, x2                 common_Mhandler+4
CSR mscratch (0x340) <- 0x0000000080006000
x10 <- 0x0000000000000000

clint mtime 0x0000000000000655 (mip.MTI <- 0b1, mip.STI <- 0b0)
mem[X,0x00000000800022C8] -> 0x3823
mem[X,0x00000000800022CA] -> 0x28A1
[3242] [M]: 0x00000000800022C8 (0x28A13823) sd x10, 0x290(x2)                       common_Mhandler+8
mem[W,0x0000000080006290] <- 0x0000000000000000

mem[X,0x00000000800022CC] -> 0x3503
mem[X,0x00000000800022CE] -> 0x2301
[3243] [M]: 0x00000000800022CC (0x23013503) ld x10, 0x230(x2)                       common_Mhandler+12
mem[R,0x0000000080006230] -> 0x00000000800022D4
x10 <- 0x00000000800022D4

clint mtime 0x0000000000000656 (mip.MTI <- 0b1, mip.STI <- 0b0)
mem[X,0x00000000800022D0] -> 0x0067
mem[X,0x00000000800022D2] -> 0x0005
[3244] [M]: 0x00000000800022D0 (0x00050067) jalr x0, 0x0(x10)                       common_Mhandler+16

mem[X,0x00000000800022D4] -> 0x3C23
mem[X,0x00000000800022D6] -> 0x2691
[3245] [M]: 0x00000000800022D4 (0x26913C23) sd x9, 0x278(x2)                        common_Mentry+0
mem[W,0x0000000080006278] <- 0x0000000080000DD4

clint mtime 0x0000000000000657 (mip.MTI <- 0b1, mip.STI <- 0b0)
mem[X,0x00000000800022D8] -> 0x3823
mem[X,0x00000000800022DA] -> 0x2681
[3246] [M]: 0x00000000800022D8 (0x26813823) sd x8, 0x270(x2)                        common_Mentry+4
mem[W,0x0000000080006270] <- 0x0000000000007F76

mem[X,0x00000000800022DC] -> 0x3423
mem[X,0x00000000800022DE] -> 0x2671
[3247] [M]: 0x00000000800022DC (0x26713423) sd x7, 0x268(x2)                        common_Mentry+8
mem[W,0x0000000080006268] <- 0x0000000080006000

clint mtime 0x0000000000000658 (mip.MTI <- 0b1, mip.STI <- 0b0)
mem[X,0x00000000800022E0] -> 0x3023
mem[X,0x00000000800022E2] -> 0x2661
[3248] [M]: 0x00000000800022E0 (0x26613023) sd x6, 0x260(x2)                        common_Mentry+12
mem[W,0x0000000080006260] <- 0x0000000000000010

mem[X,0x00000000800022E4] -> 0x2573
mem[X,0x00000000800022E6] -> 0x3420
[3249] [M]: 0x00000000800022E4 (0x34202573) csrrs x10, mcause, x0                   spcl_M2mmode_test+0
CSR mcause (0x342) -> 0x0000000000000007
x10 <- 0x0000000000000007

clint mtime 0x0000000000000659 (mip.MTI <- 0b1, mip.STI <- 0b0)
mem[X,0x00000000800022E8] -> 0x04B7
mem[X,0x00000000800022EA] -> 0x8000
[3250] [M]: 0x00000000800022E8 (0x800004B7) lui x9, -0x80000                        spcl_M2mmode_test+4
x9 <- 0xFFFFFFFF80000000

mem[X,0x00000000800022EC] -> 0x8493
mem[X,0x00000000800022EE] -> 0x0004
[3251] [M]: 0x00000000800022EC (0x00048493) addi x9, x9, 0x0                        spcl_M2mmode_test+8
x9 <- 0xFFFFFFFF80000000

clint mtime 0x000000000000065A (mip.MTI <- 0b1, mip.STI <- 0b0)
mem[X,0x00000000800022F0] -> 0x9493
mem[X,0x00000000800022F2] -> 0x00B4
[3252] [M]: 0x00000000800022F0 (0x00B49493) slli x9, x9, 0xb                        spcl_M2mmode_test+12
x9 <- 0xFFFFFC0000000000

mem[X,0x00000000800022F4] -> 0x8493
mem[X,0x00000000800022F6] -> 0x0004
[3253] [M]: 0x00000000800022F4 (0x00048493) addi x9, x9, 0x0                        spcl_M2mmode_test+16
x9 <- 0xFFFFFC0000000000

clint mtime 0x000000000000065B (mip.MTI <- 0b1, mip.STI <- 0b0)
mem[X,0x00000000800022F8] -> 0x9493
mem[X,0x00000000800022FA] -> 0x00B4
[3254] [M]: 0x00000000800022F8 (0x00B49493) slli x9, x9, 0xb                        spcl_M2mmode_test+20
x9 <- 0xFFE0000000000000

mem[X,0x00000000800022FC] -> 0x8493
mem[X,0x00000000800022FE] -> 0x0034
[3255] [M]: 0x00000000800022FC (0x00348493) addi x9, x9, 0x3                        spcl_M2mmode_test+24
x9 <- 0xFFE0000000000003

clint mtime 0x000000000000065C (mip.MTI <- 0b1, mip.STI <- 0b0)
mem[X,0x0000000080002300] -> 0x9493
mem[X,0x0000000080002302] -> 0x00A4
[3256] [M]: 0x0000000080002300 (0x00A49493) slli x9, x9, 0xa                        spcl_M2mmode_test+28
x9 <- 0x8000000000000C00

mem[X,0x0000000080002304] -> 0x8493
mem[X,0x0000000080002306] -> 0x3FC4
[3257] [M]: 0x0000000080002304 (0x3FC48493) addi x9, x9, 0x3fc                      spcl_M2mmode_test+32
x9 <- 0x8000000000000FFC

clint mtime 0x000000000000065D (mip.MTI <- 0b1, mip.STI <- 0b0)
mem[X,0x0000000080002308] -> 0xF4B3
mem[X,0x000000008000230A] -> 0x00A4
[3258] [M]: 0x0000000080002308 (0x00A4F4B3) and x9, x9, x10                         spcl_M2mmode_test+36
x9 <- 0x0000000000000004

mem[X,0x000000008000230C] -> 0x8493
mem[X,0x000000008000230E] -> 0xFF84
[3259] [M]: 0x000000008000230C (0xFF848493) addi x9, x9, -0x8                       spcl_M2mmode_test+40
x9 <- 0xFFFFFFFFFFFFFFFC

clint mtime 0x000000000000065E (mip.MTI <- 0b1, mip.STI <- 0b0)
mem[X,0x0000000080002310] -> 0x9663
mem[X,0x0000000080002312] -> 0x0004
[3260] [M]: 0x0000000080002310 (0x00049663) bne x9, x0, 0xc                         spcl_M2mmode_test+44

mem[X,0x000000008000231C] -> 0x0393
mem[X,0x000000008000231E] -> 0x0200
[3261] [M]: 0x000000008000231C (0x02000393) addi x7, x0, 0x20                       Mtrapsig_ptr_upd+0
x7 <- 0x0000000000000020

clint mtime 0x000000000000065F (mip.MTI <- 0b1, mip.STI <- 0b0)
mem[X,0x0000000080002320] -> 0x5263
mem[X,0x0000000080002322] -> 0x0405
[3262] [M]: 0x0000000080002320 (0x04055263) bge x10, x0, 0x44                       Mtrapsig_ptr_upd+4

mem[X,0x0000000080002364] -> 0x2373
mem[X,0x0000000080002366] -> 0x3010
[3263] [M]: 0x0000000080002364 (0x30102373) csrrs x6, misa, x0                      Mxcpt_sig_sv+0
CSR misa (0x301) -> 0x800000000034112F
x6 <- 0x800000000034112F

clint mtime 0x0000000000000660 (mip.MTI <- 0b1, mip.STI <- 0b0)
mem[X,0x0000000080002368] -> 0x1313
mem[X,0x000000008000236A] -> 0x0383
[3264] [M]: 0x0000000080002368 (0x03831313) slli x6, x6, 0x38                       Mxcpt_sig_sv+4
x6 <- 0x2F00000000000000

mem[X,0x000000008000236C] -> 0x5463
mem[X,0x000000008000236E] -> 0x0003
[3265] [M]: 0x000000008000236C (0x00035463) bge x6, x0, 0x8                         Mxcpt_sig_sv+8

clint mtime 0x0000000000000661 (mip.MTI <- 0b1, mip.STI <- 0b0)
mem[X,0x0000000080002374] -> 0x3303
mem[X,0x0000000080002376] -> 0x2181
[3266] [M]: 0x0000000080002374 (0x21813303) ld x6, 0x218(x2)                        Mtrap_sig_sv+0
mem[R,0x0000000080006218] -> 0x0000000080007520
x6 <- 0x0000000080007520

mem[X,0x0000000080002378] -> 0x04B3
mem[X,0x000000008000237A] -> 0x0073
[3267] [M]: 0x0000000080002378 (0x007304B3) add x9, x6, x7                          Mtrap_sig_sv+4
x9 <- 0x0000000080007540

clint mtime 0x0000000000000662 (mip.MTI <- 0b1, mip.STI <- 0b0)
mem[X,0x000000008000237C] -> 0x3C23
mem[X,0x000000008000237E] -> 0x2091
[3268] [M]: 0x000000008000237C (0x20913C23) sd x9, 0x218(x2)                        Mtrap_sig_sv+8
mem[W,0x0000000080006218] <- 0x0000000080007540

mem[X,0x0000000080002380] -> 0x3403
mem[X,0x0000000080002382] -> 0x1F81
[3269] [M]: 0x0000000080002380 (0x1F813403) ld x8, 0x1f8(x2)                        Mtrap_sig_sv+12
mem[R,0x00000000800061F8] -> 0x0000000080007210
x8 <- 0x0000000080007210

clint mtime 0x0000000000000663 (mip.MTI <- 0b1, mip.STI <- 0b0)
mem[X,0x0000000080002384] -> 0x0333
mem[X,0x0000000080002386] -> 0x4083
[3270] [M]: 0x0000000080002384 (0x40830333) sub x6, x6, x8                          Mtrap_sig_sv+16
x6 <- 0x0000000000000310

mem[X,0x0000000080002388] -> 0x3403
mem[X,0x000000008000238A] -> 0x1F81
[3271] [M]: 0x0000000080002388 (0x1F813403) ld x8, 0x1f8(x2)                        Mtrap_sig_sv+20
mem[R,0x00000000800061F8] -> 0x0000000080007210
x8 <- 0x0000000080007210

clint mtime 0x0000000000000664 (mip.MTI <- 0b1, mip.STI <- 0b0)
mem[X,0x000000008000238C] -> 0x0333
mem[X,0x000000008000238E] -> 0x0083
[3272] [M]: 0x000000008000238C (0x00830333) add x6, x6, x8                          Mtrap_sig_sv+24
x6 <- 0x0000000080007520

mem[X,0x0000000080002390] -> 0x3403
mem[X,0x0000000080002392] -> 0x2401
[3273] [M]: 0x0000000080002390 (0x24013403) ld x8, 0x240(x2)                        Mtrap_sig_sv+28
mem[R,0x0000000080006240] -> 0x0000000080002100
x8 <- 0x0000000080002100

clint mtime 0x0000000000000665 (mip.MTI <- 0b1, mip.STI <- 0b0)
mem[X,0x0000000080002394] -> 0x85B3
mem[X,0x0000000080002396] -> 0x4085
[3274] [M]: 0x0000000080002394 (0x408585B3) sub x11, x11, x8                        sv_Mvect+0
x11 <- 0x000000000000010C

mem[X,0x0000000080002398] -> 0x9593
mem[X,0x000000008000239A] -> 0x0045
[3275] [M]: 0x0000000080002398 (0x00459593) slli x11, x11, 0x4                      sv_Mvect+4
x11 <- 0x00000000000010C0

clint mtime 0x0000000000000666 (mip.MTI <- 0b1, mip.STI <- 0b0)
mem[X,0x000000008000239C] -> 0xE5B3
mem[X,0x000000008000239E] -> 0x0075
[3276] [M]: 0x000000008000239C (0x0075E5B3) or x11, x11, x7                         sv_Mvect+8
x11 <- 0x00000000000010E0

mem[X,0x00000000800023A0] -> 0x8593
mem[X,0x00000000800023A2] -> 0x0035
[3277] [M]: 0x00000000800023A0 (0x00358593) addi x11, x11, 0x3                      sv_Mvect+12
x11 <- 0x00000000000010E3

clint mtime 0x0000000000000667 (mip.MTI <- 0b1, mip.STI <- 0b0)
mem[X,0x00000000800023A4] -> 0x3023
mem[X,0x00000000800023A6] -> 0x00B3
[3278] [M]: 0x00000000800023A4 (0x00B33023) sd x11, 0x0(x6)                         sv_Mvect+16
mem[W,0x0000000080007520] <- 0x00000000000010E3

mem[X,0x00000000800023A8] -> 0x3423
mem[X,0x00000000800023AA] -> 0x00A3
[3279] [M]: 0x00000000800023A8 (0x00A33423) sd x10, 0x8(x6)                         sv_Mcause+0
mem[W,0x0000000080007528] <- 0x0000000000000007

clint mtime 0x0000000000000668 (mip.MTI <- 0b1, mip.STI <- 0b0)
mem[X,0x00000000800023AC] -> 0x4263
mem[X,0x00000000800023AE] -> 0x1A05
[3280] [M]: 0x00000000800023AC (0x1A054263) blt x10, x0, 0x1a4                      sv_Mcause+4

mem[X,0x00000000800023B0] -> 0x25F3
mem[X,0x00000000800023B2] -> 0x3000
[3281] [M]: 0x00000000800023B0 (0x300025F3) csrrs x11, mstatus, x0                  common_Mexcpt_handler+0
CSR mstatus (0x300) -> 0x0000000A00000800
x11 <- 0x0000000A00000800

clint mtime 0x0000000000000669 (mip.MTI <- 0b1, mip.STI <- 0b0)
mem[X,0x00000000800023B4] -> 0x9413
mem[X,0x00000000800023B6] -> 0x02E5
[3282] [M]: 0x00000000800023B4 (0x02E59413) slli x8, x11, 0x2e                      common_Mexcpt_handler+4
x8 <- 0x0200000000000000

mem[X,0x00000000800023B8] -> 0x5463
mem[X,0x00000000800023BA] -> 0x0004
[3283] [M]: 0x00000000800023B8 (0x00045463) bge x8, x0, 0x8                         common_Mexcpt_handler+8

clint mtime 0x000000000000066A (mip.MTI <- 0b1, mip.STI <- 0b0)
mem[X,0x00000000800023C0] -> 0xD493
mem[X,0x00000000800023C2] -> 0x00B5
[3284] [M]: 0x00000000800023C0 (0x00B5D493) srli x9, x11, 0xb                       common_Mexcpt_handler+16
x9 <- 0x0000000001400001

mem[X,0x00000000800023C4] -> 0xF493
mem[X,0x00000000800023C6] -> 0x0034
[3285] [M]: 0x00000000800023C4 (0x0034F493) andi x9, x9, 0x3                        common_Mexcpt_handler+20
x9 <- 0x0000000000000001

clint mtime 0x000000000000066B (mip.MTI <- 0b1, mip.STI <- 0b0)
mem[X,0x00000000800023C8] -> 0x8493
mem[X,0x00000000800023CA] -> 0x0014
[3286] [M]: 0x00000000800023C8 (0x00148493) addi x9, x9, 0x1                        common_Mexcpt_handler+24
x9 <- 0x0000000000000002

mem[X,0x00000000800023CC] -> 0xF493
mem[X,0x00000000800023CE] -> 0x0044
[3287] [M]: 0x00000000800023CC (0x0044F493) andi x9, x9, 0x4                        common_Mexcpt_handler+28
x9 <- 0x0000000000000000

clint mtime 0x000000000000066C (mip.MTI <- 0b1, mip.STI <- 0b0)
mem[X,0x00000000800023D0] -> 0x0593
mem[X,0x00000000800023D2] -> 0x05D0
[3288] [M]: 0x00000000800023D0 (0x05D00593) addi x11, x0, 0x5d                      common_Mexcpt_handler+32
x11 <- 0x000000000000005D

mem[X,0x00000000800023D4] -> 0xD5B3
mem[X,0x00000000800023D6] -> 0x0095
[3289] [M]: 0x00000000800023D4 (0x0095D5B3) srl x11, x11, x9                        common_Mexcpt_handler+36
x11 <- 0x000000000000005D

clint mtime 0x000000000000066D (mip.MTI <- 0b1, mip.STI <- 0b0)
mem[X,0x00000000800023D8] -> 0xF593
mem[X,0x00000000800023DA] -> 0x0015
[3290] [M]: 0x00000000800023D8 (0x0015F593) andi x11, x11, 0x1                      common_Mexcpt_handler+40
x11 <- 0x0000000000000001

mem[X,0x00000000800023DC] -> 0x8EE3
mem[X,0x00000000800023DE] -> 0xF405
[3291] [M]: 0x00000000800023DC (0xF4058EE3) beq x11, x0, -0xa4                      common_Mexcpt_handler+44

clint mtime 0x000000000000066E (mip.MTI <- 0b1, mip.STI <- 0b0)
mem[X,0x00000000800023E0] -> 0x0593
mem[X,0x00000000800023E2] -> 0x2980
[3292] [M]: 0x00000000800023E0 (0x29800593) addi x11, x0, 0x298                     common_Mexcpt_handler+48
x11 <- 0x0000000000000298

mem[X,0x00000000800023E4] -> 0xF413
mem[X,0x00000000800023E6] -> 0x0014
[3293] [M]: 0x00000000800023E4 (0x0014F413) andi x8, x9, 0x1                        common_Mexcpt_handler+52
x8 <- 0x0000000000000000

clint mtime 0x000000000000066F (mip.MTI <- 0b1, mip.STI <- 0b0)
mem[X,0x00000000800023E8] -> 0x95B3
mem[X,0x00000000800023EA] -> 0x0085
[3294] [M]: 0x00000000800023E8 (0x008595B3) sll x11, x11, x8                        common_Mexcpt_handler+56
x11 <- 0x0000000000000298

mem[X,0x00000000800023EC] -> 0x9413
mem[X,0x00000000800023EE] -> 0x03D4
[3295] [M]: 0x00000000800023EC (0x03D49413) slli x8, x9, 0x3d                       common_Mexcpt_handler+60
x8 <- 0x0000000000000000

clint mtime 0x0000000000000670 (mip.MTI <- 0b1, mip.STI <- 0b0)
mem[X,0x00000000800023F0] -> 0x5413
mem[X,0x00000000800023F2] -> 0x43F4
[3296] [M]: 0x00000000800023F0 (0x43F45413) srai x8, x8, 0x3f                       common_Mexcpt_handler+64
x8 <- 0x0000000000000000

mem[X,0x00000000800023F4] -> 0x4413
mem[X,0x00000000800023F6] -> 0xFFF4
[3297] [M]: 0x00000000800023F4 (0xFFF44413) xori x8, x8, -0x1                       common_Mexcpt_handler+68
x8 <- 0xFFFFFFFFFFFFFFFF

clint mtime 0x0000000000000671 (mip.MTI <- 0b1, mip.STI <- 0b0)
mem[X,0x00000000800023F8] -> 0xF4B3
mem[X,0x00000000800023FA] -> 0x0085
[3298] [M]: 0x00000000800023F8 (0x0085F4B3) and x9, x11, x8                         common_Mexcpt_handler+72
x9 <- 0x0000000000000298

mem[X,0x00000000800023FC] -> 0x84B3
mem[X,0x00000000800023FE] -> 0x0024
[3299] [M]: 0x00000000800023FC (0x002484B3) add x9, x9, x2                          vmem_adj_Mepc+0
x9 <- 0x0000000080006298

clint mtime 0x0000000000000672 (mip.MTI <- 0b1, mip.STI <- 0b0)
mem[X,0x0000000080002400] -> 0x23F3
mem[X,0x0000000080002402] -> 0x3410
[3300] [M]: 0x0000000080002400 (0x341023F3) csrrs x7, mepc, x0                      vmem_adj_Mepc+4
CSR mepc (0x341) -> 0x0000000080001068
x7 <- 0x0000000080001068

mem[X,0x0000000080002404] -> 0x0413
mem[X,0x0000000080002406] -> 0x0004
[3301] [M]: 0x0000000080002404 (0x00040413) addi x8, x8, 0x0                        vmem_adj_Mepc+8
x8 <- 0xFFFFFFFFFFFFFFFF

clint mtime 0x0000000000000673 (mip.MTI <- 0b1, mip.STI <- 0b0)
mem[X,0x0000000080002408] -> 0x006F
mem[X,0x000000008000240A] -> 0x0400
[3302] [M]: 0x0000000080002408 (0x0400006F) jal x0, 0x40                            vmem_adj_Mepc+12

mem[X,0x0000000080002448] -> 0x8433
mem[X,0x000000008000244A] -> 0x4083
[3303] [M]: 0x0000000080002448 (0x40838433) sub x8, x7, x8                          adj_Mepc+0
x8 <- 0x0000000080001069

clint mtime 0x0000000000000674 (mip.MTI <- 0b1, mip.STI <- 0b0)
mem[X,0x000000008000244C] -> 0x3823
mem[X,0x000000008000244E] -> 0x0083
[3304] [M]: 0x000000008000244C (0x00833823) sd x8, 0x10(x6)                         sv_Mepc+0
mem[W,0x0000000080007530] <- 0x0000000080001069

mem[X,0x0000000080002450] -> 0x55B7
mem[X,0x0000000080002452] -> 0x0000
[3305] [M]: 0x0000000080002450 (0x000055B7) lui x11, 0x5                            sv_Mepc+4
x11 <- 0x0000000000005000

clint mtime 0x0000000000000675 (mip.MTI <- 0b1, mip.STI <- 0b0)
mem[X,0x0000000080002454] -> 0x8593
mem[X,0x0000000080002456] -> 0x6675
[3306] [M]: 0x0000000080002454 (0x66758593) addi x11, x11, 0x667                    sv_Mepc+8
x11 <- 0x0000000000005667

mem[X,0x0000000080002458] -> 0x9593
mem[X,0x000000008000245A] -> 0x0015
[3307] [M]: 0x0000000080002458 (0x00159593) slli x11, x11, 0x1                      sv_Mepc+12
x11 <- 0x000000000000ACCE

clint mtime 0x0000000000000676 (mip.MTI <- 0b1, mip.STI <- 0b0)
mem[X,0x000000008000245C] -> 0x9063
mem[X,0x000000008000245E] -> 0x02B1
[3308] [M]: 0x000000008000245C (0x02B19063) bne x3, x11, 0x20                       sv_Mepc+16

mem[X,0x0000000080002460] -> 0x2473
mem[X,0x0000000080002462] -> 0x3420
[3309] [M]: 0x0000000080002460 (0x34202473) csrrs x8, mcause, x0                    sv_Mepc+20
CSR mcause (0x342) -> 0x0000000000000007
x8 <- 0x0000000000000007

clint mtime 0x0000000000000677 (mip.MTI <- 0b1, mip.STI <- 0b0)
mem[X,0x0000000080002464] -> 0x0593
mem[X,0x0000000080002466] -> 0x00C0
[3310] [M]: 0x0000000080002464 (0x00C00593) addi x11, x0, 0xc                       sv_Mepc+24
x11 <- 0x000000000000000C

mem[X,0x0000000080002468] -> 0x0663
mem[X,0x000000008000246A] -> 0x00B4
[3311] [M]: 0x0000000080002468 (0x00B40663) beq x8, x11, 0xc                        sv_Mepc+28

clint mtime 0x0000000000000678 (mip.MTI <- 0b1, mip.STI <- 0b0)
mem[X,0x000000008000246C] -> 0x0593
mem[X,0x000000008000246E] -> 0x0010
[3312] [M]: 0x000000008000246C (0x00100593) addi x11, x0, 0x1                       sv_Mepc+32
x11 <- 0x0000000000000001

mem[X,0x0000000080002470] -> 0x1663
mem[X,0x0000000080002472] -> 0x00B4
[3313] [M]: 0x0000000080002470 (0x00B41663) bne x8, x11, 0xc                        sv_Mepc+36

clint mtime 0x0000000000000679 (mip.MTI <- 0b1, mip.STI <- 0b0)
mem[X,0x000000008000247C] -> 0xF593
mem[X,0x000000008000247E] -> 0xFFC3
[3314] [M]: 0x000000008000247C (0xFFC3F593) andi x11, x7, -0x4                      adj_Mepc_rtn+0
x11 <- 0x0000000080001068

mem[X,0x0000000080002480] -> 0x8593
mem[X,0x0000000080002482] -> 0x0085
[3315] [M]: 0x0000000080002480 (0x00858593) addi x11, x11, 0x8                      adj_Mepc_rtn+4
x11 <- 0x0000000080001070

clint mtime 0x000000000000067A (mip.MTI <- 0b1, mip.STI <- 0b0)
mem[X,0x0000000080002484] -> 0x9073
mem[X,0x0000000080002486] -> 0x3415
[3316] [M]: 0x0000000080002484 (0x34159073) csrrw x0, mepc, x11                     adj_Mepc_rtn+8
CSR mepc (0x341) <- 0x0000000080001070

mem[X,0x0000000080002488] -> 0x23F3
mem[X,0x000000008000248A] -> 0x3430
[3317] [M]: 0x0000000080002488 (0x343023F3) csrrs x7, mtval, x0                     skp_adj_Mepc+0
CSR mtval (0x343) -> 0x0000000080002000
x7 <- 0x0000000080002000

clint mtime 0x000000000000067B (mip.MTI <- 0b1, mip.STI <- 0b0)
mem[X,0x000000008000248C] -> 0x7513
mem[X,0x000000008000248E] -> 0x00F5
[3318] [M]: 0x000000008000248C (0x00F57513) andi x10, x10, 0xf                      chk_Mtval+0
x10 <- 0x0000000000000007

mem[X,0x0000000080002490] -> 0x0437
mem[X,0x0000000080002492] -> 0x0000
[3319] [M]: 0x0000000080002490 (0x00000437) lui x8, 0x0                             chk_Mtval+4
x8 <- 0x0000000000000000

clint mtime 0x000000000000067C (mip.MTI <- 0b1, mip.STI <- 0b0)
mem[X,0x0000000080002494] -> 0x0413
mem[X,0x0000000080002496] -> 0x0004
[3320] [M]: 0x0000000080002494 (0x00040413) addi x8, x8, 0x0                        chk_Mtval+8
x8 <- 0x0000000000000000

mem[X,0x0000000080002498] -> 0x1413
mem[X,0x000000008000249A] -> 0x00B4
[3321] [M]: 0x0000000080002498 (0x00B41413) slli x8, x8, 0xb                        chk_Mtval+12
x8 <- 0x0000000000000000

clint mtime 0x000000000000067D (mip.MTI <- 0b1, mip.STI <- 0b0)
mem[X,0x000000008000249C] -> 0x0413
mem[X,0x000000008000249E] -> 0x0004
[3322] [M]: 0x000000008000249C (0x00040413) addi x8, x8, 0x0                        chk_Mtval+16
x8 <- 0x0000000000000000

mem[X,0x00000000800024A0] -> 0x1413
mem[X,0x00000000800024A2] -> 0x00B4
[3323] [M]: 0x00000000800024A0 (0x00B41413) slli x8, x8, 0xb                        chk_Mtval+20
x8 <- 0x0000000000000000

clint mtime 0x000000000000067E (mip.MTI <- 0b1, mip.STI <- 0b0)
mem[X,0x00000000800024A4] -> 0x0413
mem[X,0x00000000800024A6] -> 0x02C4
[3324] [M]: 0x00000000800024A4 (0x02C40413) addi x8, x8, 0x2c                       chk_Mtval+24
x8 <- 0x000000000000002C

mem[X,0x00000000800024A8] -> 0x1413
mem[X,0x00000000800024AA] -> 0x00A4
[3325] [M]: 0x00000000800024A8 (0x00A41413) slli x8, x8, 0xa                        chk_Mtval+28
x8 <- 0x000000000000B000

clint mtime 0x000000000000067F (mip.MTI <- 0b1, mip.STI <- 0b0)
mem[X,0x00000000800024AC] -> 0x0413
mem[X,0x00000000800024AE] -> 0x0FB4
[3326] [M]: 0x00000000800024AC (0x0FB40413) addi x8, x8, 0xfb                       chk_Mtval+32
x8 <- 0x000000000000B0FB

mem[X,0x00000000800024B0] -> 0x5433
mem[X,0x00000000800024B2] -> 0x00A4
[3327] [M]: 0x00000000800024B0 (0x00A45433) srl x8, x8, x10                         chk_Mtval+36
x8 <- 0x0000000000000161

clint mtime 0x0000000000000680 (mip.MTI <- 0b1, mip.STI <- 0b0)
mem[X,0x00000000800024B4] -> 0x1413
mem[X,0x00000000800024B6] -> 0x03F4
[3328] [M]: 0x00000000800024B4 (0x03F41413) slli x8, x8, 0x3f                       chk_Mtval+40
x8 <- 0x8000000000000000

mem[X,0x00000000800024B8] -> 0x5C63
mem[X,0x00000000800024BA] -> 0x0404
[3329] [M]: 0x00000000800024B8 (0x04045C63) bge x8, x0, 0x58                        chk_Mtval+44

clint mtime 0x0000000000000681 (mip.MTI <- 0b1, mip.STI <- 0b0)
mem[X,0x00000000800024BC] -> 0xB403
mem[X,0x00000000800024BE] -> 0x2084
[3330] [M]: 0x00000000800024BC (0x2084B403) ld x8, 0x208(x9)                        vmem_adj_Mtval+0
mem[R,0x00000000800064A0] -> 0x00000000800003B4
x8 <- 0x00000000800003B4

mem[X,0x00000000800024C0] -> 0xB583
mem[X,0x00000000800024C2] -> 0x2104
[3331] [M]: 0x00000000800024C0 (0x2104B583) ld x11, 0x210(x9)                       vmem_adj_Mtval+4
mem[R,0x00000000800064A8] -> 0x0000000000001C60
x11 <- 0x0000000000001C60

clint mtime 0x0000000000000682 (mip.MTI <- 0b1, mip.STI <- 0b0)
mem[X,0x00000000800024C4] -> 0x85B3
mem[X,0x00000000800024C6] -> 0x0085
[3332] [M]: 0x00000000800024C4 (0x008585B3) add x11, x11, x8                        vmem_adj_Mtval+8
x11 <- 0x0000000080002014

mem[X,0x00000000800024C8] -> 0xF463
mem[X,0x00000000800024CA] -> 0x00B3
[3333] [M]: 0x00000000800024C8 (0x00B3F463) bgeu x7, x11, 0x8                       vmem_adj_Mtval+12

clint mtime 0x0000000000000683 (mip.MTI <- 0b1, mip.STI <- 0b0)
mem[X,0x00000000800024CC] -> 0xF063
mem[X,0x00000000800024CE] -> 0x0483
[3334] [M]: 0x00000000800024CC (0x0483F063) bgeu x7, x8, 0x40                       vmem_adj_Mtval+16

mem[X,0x000000008000250C] -> 0x8433
mem[X,0x000000008000250E] -> 0x4083
[3335] [M]: 0x000000008000250C (0x40838433) sub x8, x7, x8                          adj_Mtval+0
x8 <- 0x0000000000001C4C

clint mtime 0x0000000000000684 (mip.MTI <- 0b1, mip.STI <- 0b0)
mem[X,0x0000000080002510] -> 0x3C23
mem[X,0x0000000080002512] -> 0x0083
[3336] [M]: 0x0000000080002510 (0x00833C23) sd x8, 0x18(x6)                         sv_Mtval+0
mem[W,0x0000000080007538] <- 0x0000000000001C4C

mem[X,0x0000000080002514] -> 0x3483
mem[X,0x0000000080002516] -> 0x2181
[3337] [M]: 0x0000000080002514 (0x21813483) ld x9, 0x218(x2)                        skp_Mtval+0
mem[R,0x0000000080006218] -> 0x0000000080007540
x9 <- 0x0000000080007540

clint mtime 0x0000000000000685 (mip.MTI <- 0b1, mip.STI <- 0b0)
mem[X,0x0000000080002518] -> 0x3383
mem[X,0x000000008000251A] -> 0x1F81
[3338] [M]: 0x0000000080002518 (0x1F813383) ld x7, 0x1f8(x2)                        skp_Mtval+4
mem[R,0x00000000800061F8] -> 0x0000000080007210
x7 <- 0x0000000080007210

mem[X,0x000000008000251C] -> 0x3303
mem[X,0x000000008000251E] -> 0x2001
[3339] [M]: 0x000000008000251C (0x20013303) ld x6, 0x200(x2)                        skp_Mtval+8
mem[R,0x0000000080006200] -> 0x0000000000000920
x6 <- 0x0000000000000920

clint mtime 0x0000000000000686 (mip.MTI <- 0b1, mip.STI <- 0b0)
mem[X,0x0000000080002520] -> 0x0333
mem[X,0x0000000080002522] -> 0x0073
[3340] [M]: 0x0000000080002520 (0x00730333) add x6, x6, x7                          skp_Mtval+12
x6 <- 0x0000000080007B30

mem[X,0x0000000080002524] -> 0x6CE3
mem[X,0x0000000080002526] -> 0xAE93
[3341] [M]: 0x0000000080002524 (0xAE936CE3) bltu x6, x9, -0x508                     skp_Mtval+16

clint mtime 0x0000000000000687 (mip.MTI <- 0b1, mip.STI <- 0b0)
mem[X,0x0000000080002528] -> 0x0393
mem[X,0x000000008000252A] -> 0x2000
[3342] [M]: 0x0000000080002528 (0x20000393) addi x7, x0, 0x200                      skp_Mtval+20
x7 <- 0x0000000000000200

mem[X,0x000000008000252C] -> 0x006F
mem[X,0x000000008000252E] -> 0x0400
[3343] [M]: 0x000000008000252C (0x0400006F) jal x0, 0x40                            skp_Mtval+24

clint mtime 0x0000000000000688 (mip.MTI <- 0b1, mip.STI <- 0b0)
mem[X,0x000000008000256C] -> 0x0417
mem[X,0x000000008000256E] -> 0x0000
[3344] [M]: 0x000000008000256C (0x00000417) auipc x8, 0x0                           spcl_Mhandler+0
x8 <- 0x000000008000256C

mem[X,0x0000000080002570] -> 0x0413
mem[X,0x0000000080002572] -> 0x03C4
[3345] [M]: 0x0000000080002570 (0x03C40413) addi x8, x8, 0x3c                       spcl_Mhandler+4
x8 <- 0x00000000800025A8

clint mtime 0x0000000000000689 (mip.MTI <- 0b1, mip.STI <- 0b0)
mem[X,0x0000000080002574] -> 0x0433
mem[X,0x0000000080002576] -> 0x0074
[3346] [M]: 0x0000000080002574 (0x00740433) add x8, x8, x7                          spcl_Mhandler+8
x8 <- 0x00000000800027A8

mem[X,0x0000000080002578] -> 0x1393
mem[X,0x000000008000257A] -> 0x0035
[3347] [M]: 0x0000000080002578 (0x00351393) slli x7, x10, 0x3                       spcl_Mhandler+12
x7 <- 0x0000000000000038

clint mtime 0x000000000000068A (mip.MTI <- 0b1, mip.STI <- 0b0)
mem[X,0x000000008000257C] -> 0x0433
mem[X,0x000000008000257E] -> 0x0074
[3348] [M]: 0x000000008000257C (0x00740433) add x8, x8, x7                          spcl_Mhandler+16
x8 <- 0x00000000800027E0

mem[X,0x0000000080002580] -> 0x7413
mem[X,0x0000000080002582] -> 0xFF84
[3349] [M]: 0x0000000080002580 (0xFF847413) andi x8, x8, -0x8                       spcl_Mhandler+20
x8 <- 0x00000000800027E0

clint mtime 0x000000000000068B (mip.MTI <- 0b1, mip.STI <- 0b0)
mem[X,0x0000000080002584] -> 0x3403
mem[X,0x0000000080002586] -> 0x0004
[3350] [M]: 0x0000000080002584 (0x00043403) ld x8, 0x0(x8)                          spcl_Mhandler+24
mem[R,0x00000000800027E0] -> 0x000000000000000F
x8 <- 0x000000000000000F

mem[X,0x0000000080002588] -> 0x04E3
mem[X,0x000000008000258A] -> 0xB204
[3351] [M]: 0x0000000080002588 (0xB20404E3) beq x8, x0, -0x4d8                      spcl_Mdispatch_hndling+0

clint mtime 0x000000000000068C (mip.MTI <- 0b1, mip.STI <- 0b0)
mem[X,0x000000008000258C] -> 0x1393
mem[X,0x000000008000258E] -> 0x03F4
[3352] [M]: 0x000000008000258C (0x03F41393) slli x7, x8, 0x3f                       spcl_Mdispatch_hndling+4
x7 <- 0x8000000000000000

mem[X,0x0000000080002590] -> 0xD863
mem[X,0x0000000080002592] -> 0x0003
[3353] [M]: 0x0000000080002590 (0x0003D863) bge x7, x0, 0x10                        spcl_Mdispatch_hndling+8

clint mtime 0x000000000000068D (mip.MTI <- 0b1, mip.STI <- 0b0)
mem[X,0x0000000080002594] -> 0x5413
mem[X,0x0000000080002596] -> 0x0014
[3354] [M]: 0x0000000080002594 (0x00145413) srli x8, x8, 0x1                        spcl_Mdispatch_hndling+12
x8 <- 0x0000000000000007

mem[X,0x0000000080002598] -> 0x0CE3
mem[X,0x000000008000259A] -> 0xF885
[3355] [M]: 0x0000000080002598 (0xF8850CE3) beq x10, x8, -0x68                      spcl_Mdispatch_hndling+16

clint mtime 0x000000000000068E (mip.MTI <- 0b1, mip.STI <- 0b0)
mem[X,0x0000000080002530] -> 0x3303
mem[X,0x0000000080002532] -> 0x2601
[3356] [M]: 0x0000000080002530 (0x26013303) ld x6, 0x260(x2)                        resto_Mrtn+0
mem[R,0x0000000080006260] -> 0x0000000000000010
x6 <- 0x0000000000000010

mem[X,0x0000000080002534] -> 0x3383
mem[X,0x0000000080002536] -> 0x2681
[3357] [M]: 0x0000000080002534 (0x26813383) ld x7, 0x268(x2)                        resto_Mrtn+4
mem[R,0x0000000080006268] -> 0x0000000080006000
x7 <- 0x0000000080006000

clint mtime 0x000000000000068F (mip.MTI <- 0b1, mip.STI <- 0b0)
mem[X,0x0000000080002538] -> 0x3403
mem[X,0x000000008000253A] -> 0x2701
[3358] [M]: 0x0000000080002538 (0x27013403) ld x8, 0x270(x2)                        resto_Mrtn+8
mem[R,0x0000000080006270] -> 0x0000000000007F76
x8 <- 0x0000000000007F76

mem[X,0x000000008000253C] -> 0x3483
mem[X,0x000000008000253E] -> 0x2781
[3359] [M]: 0x000000008000253C (0x27813483) ld x9, 0x278(x2)                        resto_Mrtn+12
mem[R,0x0000000080006278] -> 0x0000000080000DD4
x9 <- 0x0000000080000DD4

clint mtime 0x0000000000000690 (mip.MTI <- 0b1, mip.STI <- 0b0)
mem[X,0x0000000080002540] -> 0x3503
mem[X,0x0000000080002542] -> 0x2801
[3360] [M]: 0x0000000080002540 (0x28013503) ld x10, 0x280(x2)                       resto_Mrtn+16
mem[R,0x0000000080006280] -> 0x0000000000000001
x10 <- 0x0000000000000001

mem[X,0x0000000080002544] -> 0x3583
mem[X,0x0000000080002546] -> 0x2881
[3361] [M]: 0x0000000080002544 (0x28813583) ld x11, 0x288(x2)                       resto_Mrtn+20
mem[R,0x0000000080006288] -> 0x0000000000000000
x11 <- 0x0000000000000000

clint mtime 0x0000000000000691 (mip.MTI <- 0b1, mip.STI <- 0b0)
mem[X,0x0000000080002548] -> 0x3103
mem[X,0x000000008000254A] -> 0x2901
[3362] [M]: 0x0000000080002548 (0x29013103) ld x2, 0x290(x2)                        resto_Mrtn+24
mem[R,0x0000000080006290] -> 0x0000000000000000
x2 <- 0x0000000000000000

mem[X,0x000000008000254C] -> 0x0073
mem[X,0x000000008000254E] -> 0x3020
[3363] [M]: 0x000000008000254C (0x30200073) mret                                    resto_Mrtn+28
CSR mstatus (0x300) <- 0x0000000A00000080
ret-ing from M to S

clint mtime 0x0000000000000692 (mip.MTI <- 0b1, mip.STI <- 0b0)
mem[X,0x0000000080001070] -> 0x8793
mem[X,0x0000000080001072] -> 0x0047
[3364] [S]: 0x0000000080001070 (0x00478793) addi x15, x15, 0x4                      main+3216
x15 <- 0x0000000080002004

mem[X,0x0000000080001074] -> 0xA023
mem[X,0x0000000080001076] -> 0x00E7
[3365] [S]: 0x0000000080001074 (0x00E7A023) sw x14, 0x0(x15)                        main+3220
mem[W,0x0000000080002004] <- 0x00000013

clint mtime 0x0000000000000693 (mip.MTI <- 0b1, mip.STI <- 0b0)
mem[X,0x0000000080001078] -> 0x0013
mem[X,0x000000008000107A] -> 0x0000
[3366] [S]: 0x0000000080001078 (0x00000013) addi x0, x0, 0x0                        main+3224

mem[X,0x000000008000107C] -> 0x0013
mem[X,0x000000008000107E] -> 0x0000
[3367] [S]: 0x000000008000107C (0x00000013) addi x0, x0, 0x0                        main+3228

clint mtime 0x0000000000000694 (mip.MTI <- 0b1, mip.STI <- 0b0)
mem[X,0x0000000080001080] -> 0x1797
mem[X,0x0000000080001082] -> 0x0000
[3368] [S]: 0x0000000080001080 (0x00001797) auipc x15, 0x1                          main+3232
x15 <- 0x0000000080002080

mem[X,0x0000000080001084] -> 0x8793
mem[X,0x0000000080001086] -> 0xF807
[3369] [S]: 0x0000000080001084 (0xF8078793) addi x15, x15, -0x80                    main+3236
x15 <- 0x0000000080002000

clint mtime 0x0000000000000695 (mip.MTI <- 0b1, mip.STI <- 0b0)
mem[X,0x0000000080001088] -> 0x0001
[3370] [S]: 0x0000000080001088 (0x0001) c.nop                                       main+3240

mem[X,0x000000008000108A] -> 0x0013
mem[X,0x000000008000108C] -> 0x0000
[3371] [S]: 0x000000008000108A (0x00000013) addi x0, x0, 0x0                        main+3242

clint mtime 0x0000000000000696 (mip.MTI <- 0b1, mip.STI <- 0b0)
mem[X,0x000000008000108E] -> 0x0013
mem[X,0x0000000080001090] -> 0x0000
[3372] [S]: 0x000000008000108E (0x00000013) addi x0, x0, 0x0                        main+3246

mem[X,0x0000000080001092] -> 0x0013
mem[X,0x0000000080001094] -> 0x0000
[3373] [S]: 0x0000000080001092 (0x00000013) addi x0, x0, 0x0                        main+3250

clint mtime 0x0000000000000697 (mip.MTI <- 0b1, mip.STI <- 0b0)
mem[X,0x0000000080001096] -> 0x0013
mem[X,0x0000000080001098] -> 0x0000
[3374] [S]: 0x0000000080001096 (0x00000013) addi x0, x0, 0x0                        main+3254

mem[X,0x000000008000109A] -> 0x0013
mem[X,0x000000008000109C] -> 0x0000
[3375] [S]: 0x000000008000109A (0x00000013) addi x0, x0, 0x0                        main+3258

clint mtime 0x0000000000000698 (mip.MTI <- 0b1, mip.STI <- 0b0)
mem[X,0x000000008000109E] -> 0x0001
[3376] [S]: 0x000000008000109E (0x0001) c.nop                                       main+3262

mem[X,0x00000000800010A0] -> 0xA703
mem[X,0x00000000800010A2] -> 0x0007
[3377] [S]: 0x00000000800010A0 (0x0007A703) lw x14, 0x0(x15)                        main+3264
trapping from S to M to handle load-access-fault
handling exc#load-access-fault at priv M with tval 0x0000000080002000
CSR mstatus (0x300) <- 0x0000000A00000800
CSR mcause (0x342) <- 0x0000000000000005
CSR mtval (0x343) <- 0x0000000080002000
CSR mepc (0x341) <- 0x00000000800010A0

clint mtime 0x0000000000000699 (mip.MTI <- 0b1, mip.STI <- 0b0)
mem[X,0x0000000080002100] -> 0x006F
mem[X,0x0000000080002102] -> 0x1000
[3378] [M]: 0x0000000080002100 (0x1000006F) jal x0, 0x100                           Mtrampoline+0

mem[X,0x0000000080002200] -> 0x1173
mem[X,0x0000000080002202] -> 0x3401
[3379] [M]: 0x0000000080002200 (0x34011173) csrrw x2, mscratch, x2                  trap_Mhandler+0
CSR mscratch (0x340) <- 0x0000000000000000
x2 <- 0x0000000080006000

clint mtime 0x000000000000069A (mip.MTI <- 0b1, mip.STI <- 0b0)
mem[X,0x0000000080002204] -> 0x3423
mem[X,0x0000000080002206] -> 0x28B1
[3380] [M]: 0x0000000080002204 (0x28B13423) sd x11, 0x288(x2)                       trap_Mhandler+4
mem[W,0x0000000080006288] <- 0x0000000000000000

mem[X,0x0000000080002208] -> 0x05EF
mem[X,0x000000008000220A] -> 0x0B80
[3381] [M]: 0x0000000080002208 (0x0B8005EF) jal x11, 0xb8                           trap_Mhandler+8
x11 <- 0x000000008000220C

clint mtime 0x000000000000069B (mip.MTI <- 0b1, mip.STI <- 0b0)
mem[X,0x00000000800022C0] -> 0x3023
mem[X,0x00000000800022C2] -> 0x28A1
[3382] [M]: 0x00000000800022C0 (0x28A13023) sd x10, 0x280(x2)                       common_Mhandler+0
mem[W,0x0000000080006280] <- 0x0000000000000001

mem[X,0x00000000800022C4] -> 0x1573
mem[X,0x00000000800022C6] -> 0x3401
[3383] [M]: 0x00000000800022C4 (0x34011573) csrrw x10, mscratch, x2                 common_Mhandler+4
CSR mscratch (0x340) <- 0x0000000080006000
x10 <- 0x0000000000000000

clint mtime 0x000000000000069C (mip.MTI <- 0b1, mip.STI <- 0b0)
mem[X,0x00000000800022C8] -> 0x3823
mem[X,0x00000000800022CA] -> 0x28A1
[3384] [M]: 0x00000000800022C8 (0x28A13823) sd x10, 0x290(x2)                       common_Mhandler+8
mem[W,0x0000000080006290] <- 0x0000000000000000

mem[X,0x00000000800022CC] -> 0x3503
mem[X,0x00000000800022CE] -> 0x2301
[3385] [M]: 0x00000000800022CC (0x23013503) ld x10, 0x230(x2)                       common_Mhandler+12
mem[R,0x0000000080006230] -> 0x00000000800022D4
x10 <- 0x00000000800022D4

clint mtime 0x000000000000069D (mip.MTI <- 0b1, mip.STI <- 0b0)
mem[X,0x00000000800022D0] -> 0x0067
mem[X,0x00000000800022D2] -> 0x0005
[3386] [M]: 0x00000000800022D0 (0x00050067) jalr x0, 0x0(x10)                       common_Mhandler+16

mem[X,0x00000000800022D4] -> 0x3C23
mem[X,0x00000000800022D6] -> 0x2691
[3387] [M]: 0x00000000800022D4 (0x26913C23) sd x9, 0x278(x2)                        common_Mentry+0
mem[W,0x0000000080006278] <- 0x0000000080000DD4

clint mtime 0x000000000000069E (mip.MTI <- 0b1, mip.STI <- 0b0)
mem[X,0x00000000800022D8] -> 0x3823
mem[X,0x00000000800022DA] -> 0x2681
[3388] [M]: 0x00000000800022D8 (0x26813823) sd x8, 0x270(x2)                        common_Mentry+4
mem[W,0x0000000080006270] <- 0x0000000000007F76

mem[X,0x00000000800022DC] -> 0x3423
mem[X,0x00000000800022DE] -> 0x2671
[3389] [M]: 0x00000000800022DC (0x26713423) sd x7, 0x268(x2)                        common_Mentry+8
mem[W,0x0000000080006268] <- 0x0000000080006000

clint mtime 0x000000000000069F (mip.MTI <- 0b1, mip.STI <- 0b0)
mem[X,0x00000000800022E0] -> 0x3023
mem[X,0x00000000800022E2] -> 0x2661
[3390] [M]: 0x00000000800022E0 (0x26613023) sd x6, 0x260(x2)                        common_Mentry+12
mem[W,0x0000000080006260] <- 0x0000000000000010

mem[X,0x00000000800022E4] -> 0x2573
mem[X,0x00000000800022E6] -> 0x3420
[3391] [M]: 0x00000000800022E4 (0x34202573) csrrs x10, mcause, x0                   spcl_M2mmode_test+0
CSR mcause (0x342) -> 0x0000000000000005
x10 <- 0x0000000000000005

clint mtime 0x00000000000006A0 (mip.MTI <- 0b1, mip.STI <- 0b0)
mem[X,0x00000000800022E8] -> 0x04B7
mem[X,0x00000000800022EA] -> 0x8000
[3392] [M]: 0x00000000800022E8 (0x800004B7) lui x9, -0x80000                        spcl_M2mmode_test+4
x9 <- 0xFFFFFFFF80000000

mem[X,0x00000000800022EC] -> 0x8493
mem[X,0x00000000800022EE] -> 0x0004
[3393] [M]: 0x00000000800022EC (0x00048493) addi x9, x9, 0x0                        spcl_M2mmode_test+8
x9 <- 0xFFFFFFFF80000000

clint mtime 0x00000000000006A1 (mip.MTI <- 0b1, mip.STI <- 0b0)
mem[X,0x00000000800022F0] -> 0x9493
mem[X,0x00000000800022F2] -> 0x00B4
[3394] [M]: 0x00000000800022F0 (0x00B49493) slli x9, x9, 0xb                        spcl_M2mmode_test+12
x9 <- 0xFFFFFC0000000000

mem[X,0x00000000800022F4] -> 0x8493
mem[X,0x00000000800022F6] -> 0x0004
[3395] [M]: 0x00000000800022F4 (0x00048493) addi x9, x9, 0x0                        spcl_M2mmode_test+16
x9 <- 0xFFFFFC0000000000

clint mtime 0x00000000000006A2 (mip.MTI <- 0b1, mip.STI <- 0b0)
mem[X,0x00000000800022F8] -> 0x9493
mem[X,0x00000000800022FA] -> 0x00B4
[3396] [M]: 0x00000000800022F8 (0x00B49493) slli x9, x9, 0xb                        spcl_M2mmode_test+20
x9 <- 0xFFE0000000000000

mem[X,0x00000000800022FC] -> 0x8493
mem[X,0x00000000800022FE] -> 0x0034
[3397] [M]: 0x00000000800022FC (0x00348493) addi x9, x9, 0x3                        spcl_M2mmode_test+24
x9 <- 0xFFE0000000000003

clint mtime 0x00000000000006A3 (mip.MTI <- 0b1, mip.STI <- 0b0)
mem[X,0x0000000080002300] -> 0x9493
mem[X,0x0000000080002302] -> 0x00A4
[3398] [M]: 0x0000000080002300 (0x00A49493) slli x9, x9, 0xa                        spcl_M2mmode_test+28
x9 <- 0x8000000000000C00

mem[X,0x0000000080002304] -> 0x8493
mem[X,0x0000000080002306] -> 0x3FC4
[3399] [M]: 0x0000000080002304 (0x3FC48493) addi x9, x9, 0x3fc                      spcl_M2mmode_test+32
x9 <- 0x8000000000000FFC

clint mtime 0x00000000000006A4 (mip.MTI <- 0b1, mip.STI <- 0b0)
mem[X,0x0000000080002308] -> 0xF4B3
mem[X,0x000000008000230A] -> 0x00A4
[3400] [M]: 0x0000000080002308 (0x00A4F4B3) and x9, x9, x10                         spcl_M2mmode_test+36
x9 <- 0x0000000000000004

mem[X,0x000000008000230C] -> 0x8493
mem[X,0x000000008000230E] -> 0xFF84
[3401] [M]: 0x000000008000230C (0xFF848493) addi x9, x9, -0x8                       spcl_M2mmode_test+40
x9 <- 0xFFFFFFFFFFFFFFFC

clint mtime 0x00000000000006A5 (mip.MTI <- 0b1, mip.STI <- 0b0)
mem[X,0x0000000080002310] -> 0x9663
mem[X,0x0000000080002312] -> 0x0004
[3402] [M]: 0x0000000080002310 (0x00049663) bne x9, x0, 0xc                         spcl_M2mmode_test+44

mem[X,0x000000008000231C] -> 0x0393
mem[X,0x000000008000231E] -> 0x0200
[3403] [M]: 0x000000008000231C (0x02000393) addi x7, x0, 0x20                       Mtrapsig_ptr_upd+0
x7 <- 0x0000000000000020

clint mtime 0x00000000000006A6 (mip.MTI <- 0b1, mip.STI <- 0b0)
mem[X,0x0000000080002320] -> 0x5263
mem[X,0x0000000080002322] -> 0x0405
[3404] [M]: 0x0000000080002320 (0x04055263) bge x10, x0, 0x44                       Mtrapsig_ptr_upd+4

mem[X,0x0000000080002364] -> 0x2373
mem[X,0x0000000080002366] -> 0x3010
[3405] [M]: 0x0000000080002364 (0x30102373) csrrs x6, misa, x0                      Mxcpt_sig_sv+0
CSR misa (0x301) -> 0x800000000034112F
x6 <- 0x800000000034112F

clint mtime 0x00000000000006A7 (mip.MTI <- 0b1, mip.STI <- 0b0)
mem[X,0x0000000080002368] -> 0x1313
mem[X,0x000000008000236A] -> 0x0383
[3406] [M]: 0x0000000080002368 (0x03831313) slli x6, x6, 0x38                       Mxcpt_sig_sv+4
x6 <- 0x2F00000000000000

mem[X,0x000000008000236C] -> 0x5463
mem[X,0x000000008000236E] -> 0x0003
[3407] [M]: 0x000000008000236C (0x00035463) bge x6, x0, 0x8                         Mxcpt_sig_sv+8

clint mtime 0x00000000000006A8 (mip.MTI <- 0b1, mip.STI <- 0b0)
mem[X,0x0000000080002374] -> 0x3303
mem[X,0x0000000080002376] -> 0x2181
[3408] [M]: 0x0000000080002374 (0x21813303) ld x6, 0x218(x2)                        Mtrap_sig_sv+0
mem[R,0x0000000080006218] -> 0x0000000080007540
x6 <- 0x0000000080007540

mem[X,0x0000000080002378] -> 0x04B3
mem[X,0x000000008000237A] -> 0x0073
[3409] [M]: 0x0000000080002378 (0x007304B3) add x9, x6, x7                          Mtrap_sig_sv+4
x9 <- 0x0000000080007560

clint mtime 0x00000000000006A9 (mip.MTI <- 0b1, mip.STI <- 0b0)
mem[X,0x000000008000237C] -> 0x3C23
mem[X,0x000000008000237E] -> 0x2091
[3410] [M]: 0x000000008000237C (0x20913C23) sd x9, 0x218(x2)                        Mtrap_sig_sv+8
mem[W,0x0000000080006218] <- 0x0000000080007560

mem[X,0x0000000080002380] -> 0x3403
mem[X,0x0000000080002382] -> 0x1F81
[3411] [M]: 0x0000000080002380 (0x1F813403) ld x8, 0x1f8(x2)                        Mtrap_sig_sv+12
mem[R,0x00000000800061F8] -> 0x0000000080007210
x8 <- 0x0000000080007210

clint mtime 0x00000000000006AA (mip.MTI <- 0b1, mip.STI <- 0b0)
mem[X,0x0000000080002384] -> 0x0333
mem[X,0x0000000080002386] -> 0x4083
[3412] [M]: 0x0000000080002384 (0x40830333) sub x6, x6, x8                          Mtrap_sig_sv+16
x6 <- 0x0000000000000330

mem[X,0x0000000080002388] -> 0x3403
mem[X,0x000000008000238A] -> 0x1F81
[3413] [M]: 0x0000000080002388 (0x1F813403) ld x8, 0x1f8(x2)                        Mtrap_sig_sv+20
mem[R,0x00000000800061F8] -> 0x0000000080007210
x8 <- 0x0000000080007210

clint mtime 0x00000000000006AB (mip.MTI <- 0b1, mip.STI <- 0b0)
mem[X,0x000000008000238C] -> 0x0333
mem[X,0x000000008000238E] -> 0x0083
[3414] [M]: 0x000000008000238C (0x00830333) add x6, x6, x8                          Mtrap_sig_sv+24
x6 <- 0x0000000080007540

mem[X,0x0000000080002390] -> 0x3403
mem[X,0x0000000080002392] -> 0x2401
[3415] [M]: 0x0000000080002390 (0x24013403) ld x8, 0x240(x2)                        Mtrap_sig_sv+28
mem[R,0x0000000080006240] -> 0x0000000080002100
x8 <- 0x0000000080002100

clint mtime 0x00000000000006AC (mip.MTI <- 0b1, mip.STI <- 0b0)
mem[X,0x0000000080002394] -> 0x85B3
mem[X,0x0000000080002396] -> 0x4085
[3416] [M]: 0x0000000080002394 (0x408585B3) sub x11, x11, x8                        sv_Mvect+0
x11 <- 0x000000000000010C

mem[X,0x0000000080002398] -> 0x9593
mem[X,0x000000008000239A] -> 0x0045
[3417] [M]: 0x0000000080002398 (0x00459593) slli x11, x11, 0x4                      sv_Mvect+4
x11 <- 0x00000000000010C0

clint mtime 0x00000000000006AD (mip.MTI <- 0b1, mip.STI <- 0b0)
mem[X,0x000000008000239C] -> 0xE5B3
mem[X,0x000000008000239E] -> 0x0075
[3418] [M]: 0x000000008000239C (0x0075E5B3) or x11, x11, x7                         sv_Mvect+8
x11 <- 0x00000000000010E0

mem[X,0x00000000800023A0] -> 0x8593
mem[X,0x00000000800023A2] -> 0x0035
[3419] [M]: 0x00000000800023A0 (0x00358593) addi x11, x11, 0x3                      sv_Mvect+12
x11 <- 0x00000000000010E3

clint mtime 0x00000000000006AE (mip.MTI <- 0b1, mip.STI <- 0b0)
mem[X,0x00000000800023A4] -> 0x3023
mem[X,0x00000000800023A6] -> 0x00B3
[3420] [M]: 0x00000000800023A4 (0x00B33023) sd x11, 0x0(x6)                         sv_Mvect+16
mem[W,0x0000000080007540] <- 0x00000000000010E3

mem[X,0x00000000800023A8] -> 0x3423
mem[X,0x00000000800023AA] -> 0x00A3
[3421] [M]: 0x00000000800023A8 (0x00A33423) sd x10, 0x8(x6)                         sv_Mcause+0
mem[W,0x0000000080007548] <- 0x0000000000000005

clint mtime 0x00000000000006AF (mip.MTI <- 0b1, mip.STI <- 0b0)
mem[X,0x00000000800023AC] -> 0x4263
mem[X,0x00000000800023AE] -> 0x1A05
[3422] [M]: 0x00000000800023AC (0x1A054263) blt x10, x0, 0x1a4                      sv_Mcause+4

mem[X,0x00000000800023B0] -> 0x25F3
mem[X,0x00000000800023B2] -> 0x3000
[3423] [M]: 0x00000000800023B0 (0x300025F3) csrrs x11, mstatus, x0                  common_Mexcpt_handler+0
CSR mstatus (0x300) -> 0x0000000A00000800
x11 <- 0x0000000A00000800

clint mtime 0x00000000000006B0 (mip.MTI <- 0b1, mip.STI <- 0b0)
mem[X,0x00000000800023B4] -> 0x9413
mem[X,0x00000000800023B6] -> 0x02E5
[3424] [M]: 0x00000000800023B4 (0x02E59413) slli x8, x11, 0x2e                      common_Mexcpt_handler+4
x8 <- 0x0200000000000000

mem[X,0x00000000800023B8] -> 0x5463
mem[X,0x00000000800023BA] -> 0x0004
[3425] [M]: 0x00000000800023B8 (0x00045463) bge x8, x0, 0x8                         common_Mexcpt_handler+8

clint mtime 0x00000000000006B1 (mip.MTI <- 0b1, mip.STI <- 0b0)
mem[X,0x00000000800023C0] -> 0xD493
mem[X,0x00000000800023C2] -> 0x00B5
[3426] [M]: 0x00000000800023C0 (0x00B5D493) srli x9, x11, 0xb                       common_Mexcpt_handler+16
x9 <- 0x0000000001400001

mem[X,0x00000000800023C4] -> 0xF493
mem[X,0x00000000800023C6] -> 0x0034
[3427] [M]: 0x00000000800023C4 (0x0034F493) andi x9, x9, 0x3                        common_Mexcpt_handler+20
x9 <- 0x0000000000000001

clint mtime 0x00000000000006B2 (mip.MTI <- 0b1, mip.STI <- 0b0)
mem[X,0x00000000800023C8] -> 0x8493
mem[X,0x00000000800023CA] -> 0x0014
[3428] [M]: 0x00000000800023C8 (0x00148493) addi x9, x9, 0x1                        common_Mexcpt_handler+24
x9 <- 0x0000000000000002

mem[X,0x00000000800023CC] -> 0xF493
mem[X,0x00000000800023CE] -> 0x0044
[3429] [M]: 0x00000000800023CC (0x0044F493) andi x9, x9, 0x4                        common_Mexcpt_handler+28
x9 <- 0x0000000000000000

clint mtime 0x00000000000006B3 (mip.MTI <- 0b1, mip.STI <- 0b0)
mem[X,0x00000000800023D0] -> 0x0593
mem[X,0x00000000800023D2] -> 0x05D0
[3430] [M]: 0x00000000800023D0 (0x05D00593) addi x11, x0, 0x5d                      common_Mexcpt_handler+32
x11 <- 0x000000000000005D

mem[X,0x00000000800023D4] -> 0xD5B3
mem[X,0x00000000800023D6] -> 0x0095
[3431] [M]: 0x00000000800023D4 (0x0095D5B3) srl x11, x11, x9                        common_Mexcpt_handler+36
x11 <- 0x000000000000005D

clint mtime 0x00000000000006B4 (mip.MTI <- 0b1, mip.STI <- 0b0)
mem[X,0x00000000800023D8] -> 0xF593
mem[X,0x00000000800023DA] -> 0x0015
[3432] [M]: 0x00000000800023D8 (0x0015F593) andi x11, x11, 0x1                      common_Mexcpt_handler+40
x11 <- 0x0000000000000001

mem[X,0x00000000800023DC] -> 0x8EE3
mem[X,0x00000000800023DE] -> 0xF405
[3433] [M]: 0x00000000800023DC (0xF4058EE3) beq x11, x0, -0xa4                      common_Mexcpt_handler+44

clint mtime 0x00000000000006B5 (mip.MTI <- 0b1, mip.STI <- 0b0)
mem[X,0x00000000800023E0] -> 0x0593
mem[X,0x00000000800023E2] -> 0x2980
[3434] [M]: 0x00000000800023E0 (0x29800593) addi x11, x0, 0x298                     common_Mexcpt_handler+48
x11 <- 0x0000000000000298

mem[X,0x00000000800023E4] -> 0xF413
mem[X,0x00000000800023E6] -> 0x0014
[3435] [M]: 0x00000000800023E4 (0x0014F413) andi x8, x9, 0x1                        common_Mexcpt_handler+52
x8 <- 0x0000000000000000

clint mtime 0x00000000000006B6 (mip.MTI <- 0b1, mip.STI <- 0b0)
mem[X,0x00000000800023E8] -> 0x95B3
mem[X,0x00000000800023EA] -> 0x0085
[3436] [M]: 0x00000000800023E8 (0x008595B3) sll x11, x11, x8                        common_Mexcpt_handler+56
x11 <- 0x0000000000000298

mem[X,0x00000000800023EC] -> 0x9413
mem[X,0x00000000800023EE] -> 0x03D4
[3437] [M]: 0x00000000800023EC (0x03D49413) slli x8, x9, 0x3d                       common_Mexcpt_handler+60
x8 <- 0x0000000000000000

clint mtime 0x00000000000006B7 (mip.MTI <- 0b1, mip.STI <- 0b0)
mem[X,0x00000000800023F0] -> 0x5413
mem[X,0x00000000800023F2] -> 0x43F4
[3438] [M]: 0x00000000800023F0 (0x43F45413) srai x8, x8, 0x3f                       common_Mexcpt_handler+64
x8 <- 0x0000000000000000

mem[X,0x00000000800023F4] -> 0x4413
mem[X,0x00000000800023F6] -> 0xFFF4
[3439] [M]: 0x00000000800023F4 (0xFFF44413) xori x8, x8, -0x1                       common_Mexcpt_handler+68
x8 <- 0xFFFFFFFFFFFFFFFF

clint mtime 0x00000000000006B8 (mip.MTI <- 0b1, mip.STI <- 0b0)
mem[X,0x00000000800023F8] -> 0xF4B3
mem[X,0x00000000800023FA] -> 0x0085
[3440] [M]: 0x00000000800023F8 (0x0085F4B3) and x9, x11, x8                         common_Mexcpt_handler+72
x9 <- 0x0000000000000298

mem[X,0x00000000800023FC] -> 0x84B3
mem[X,0x00000000800023FE] -> 0x0024
[3441] [M]: 0x00000000800023FC (0x002484B3) add x9, x9, x2                          vmem_adj_Mepc+0
x9 <- 0x0000000080006298

clint mtime 0x00000000000006B9 (mip.MTI <- 0b1, mip.STI <- 0b0)
mem[X,0x0000000080002400] -> 0x23F3
mem[X,0x0000000080002402] -> 0x3410
[3442] [M]: 0x0000000080002400 (0x341023F3) csrrs x7, mepc, x0                      vmem_adj_Mepc+4
CSR mepc (0x341) -> 0x00000000800010A0
x7 <- 0x00000000800010A0

mem[X,0x0000000080002404] -> 0x0413
mem[X,0x0000000080002406] -> 0x0004
[3443] [M]: 0x0000000080002404 (0x00040413) addi x8, x8, 0x0                        vmem_adj_Mepc+8
x8 <- 0xFFFFFFFFFFFFFFFF

clint mtime 0x00000000000006BA (mip.MTI <- 0b1, mip.STI <- 0b0)
mem[X,0x0000000080002408] -> 0x006F
mem[X,0x000000008000240A] -> 0x0400
[3444] [M]: 0x0000000080002408 (0x0400006F) jal x0, 0x40                            vmem_adj_Mepc+12

mem[X,0x0000000080002448] -> 0x8433
mem[X,0x000000008000244A] -> 0x4083
[3445] [M]: 0x0000000080002448 (0x40838433) sub x8, x7, x8                          adj_Mepc+0
x8 <- 0x00000000800010A1

clint mtime 0x00000000000006BB (mip.MTI <- 0b1, mip.STI <- 0b0)
mem[X,0x000000008000244C] -> 0x3823
mem[X,0x000000008000244E] -> 0x0083
[3446] [M]: 0x000000008000244C (0x00833823) sd x8, 0x10(x6)                         sv_Mepc+0
mem[W,0x0000000080007550] <- 0x00000000800010A1

mem[X,0x0000000080002450] -> 0x55B7
mem[X,0x0000000080002452] -> 0x0000
[3447] [M]: 0x0000000080002450 (0x000055B7) lui x11, 0x5                            sv_Mepc+4
x11 <- 0x0000000000005000

clint mtime 0x00000000000006BC (mip.MTI <- 0b1, mip.STI <- 0b0)
mem[X,0x0000000080002454] -> 0x8593
mem[X,0x0000000080002456] -> 0x6675
[3448] [M]: 0x0000000080002454 (0x66758593) addi x11, x11, 0x667                    sv_Mepc+8
x11 <- 0x0000000000005667

mem[X,0x0000000080002458] -> 0x9593
mem[X,0x000000008000245A] -> 0x0015
[3449] [M]: 0x0000000080002458 (0x00159593) slli x11, x11, 0x1                      sv_Mepc+12
x11 <- 0x000000000000ACCE

clint mtime 0x00000000000006BD (mip.MTI <- 0b1, mip.STI <- 0b0)
mem[X,0x000000008000245C] -> 0x9063
mem[X,0x000000008000245E] -> 0x02B1
[3450] [M]: 0x000000008000245C (0x02B19063) bne x3, x11, 0x20                       sv_Mepc+16

mem[X,0x0000000080002460] -> 0x2473
mem[X,0x0000000080002462] -> 0x3420
[3451] [M]: 0x0000000080002460 (0x34202473) csrrs x8, mcause, x0                    sv_Mepc+20
CSR mcause (0x342) -> 0x0000000000000005
x8 <- 0x0000000000000005

clint mtime 0x00000000000006BE (mip.MTI <- 0b1, mip.STI <- 0b0)
mem[X,0x0000000080002464] -> 0x0593
mem[X,0x0000000080002466] -> 0x00C0
[3452] [M]: 0x0000000080002464 (0x00C00593) addi x11, x0, 0xc                       sv_Mepc+24
x11 <- 0x000000000000000C

mem[X,0x0000000080002468] -> 0x0663
mem[X,0x000000008000246A] -> 0x00B4
[3453] [M]: 0x0000000080002468 (0x00B40663) beq x8, x11, 0xc                        sv_Mepc+28

clint mtime 0x00000000000006BF (mip.MTI <- 0b1, mip.STI <- 0b0)
mem[X,0x000000008000246C] -> 0x0593
mem[X,0x000000008000246E] -> 0x0010
[3454] [M]: 0x000000008000246C (0x00100593) addi x11, x0, 0x1                       sv_Mepc+32
x11 <- 0x0000000000000001

mem[X,0x0000000080002470] -> 0x1663
mem[X,0x0000000080002472] -> 0x00B4
[3455] [M]: 0x0000000080002470 (0x00B41663) bne x8, x11, 0xc                        sv_Mepc+36

clint mtime 0x00000000000006C0 (mip.MTI <- 0b1, mip.STI <- 0b0)
mem[X,0x000000008000247C] -> 0xF593
mem[X,0x000000008000247E] -> 0xFFC3
[3456] [M]: 0x000000008000247C (0xFFC3F593) andi x11, x7, -0x4                      adj_Mepc_rtn+0
x11 <- 0x00000000800010A0

mem[X,0x0000000080002480] -> 0x8593
mem[X,0x0000000080002482] -> 0x0085
[3457] [M]: 0x0000000080002480 (0x00858593) addi x11, x11, 0x8                      adj_Mepc_rtn+4
x11 <- 0x00000000800010A8

clint mtime 0x00000000000006C1 (mip.MTI <- 0b1, mip.STI <- 0b0)
mem[X,0x0000000080002484] -> 0x9073
mem[X,0x0000000080002486] -> 0x3415
[3458] [M]: 0x0000000080002484 (0x34159073) csrrw x0, mepc, x11                     adj_Mepc_rtn+8
CSR mepc (0x341) <- 0x00000000800010A8

mem[X,0x0000000080002488] -> 0x23F3
mem[X,0x000000008000248A] -> 0x3430
[3459] [M]: 0x0000000080002488 (0x343023F3) csrrs x7, mtval, x0                     skp_adj_Mepc+0
CSR mtval (0x343) -> 0x0000000080002000
x7 <- 0x0000000080002000

clint mtime 0x00000000000006C2 (mip.MTI <- 0b1, mip.STI <- 0b0)
mem[X,0x000000008000248C] -> 0x7513
mem[X,0x000000008000248E] -> 0x00F5
[3460] [M]: 0x000000008000248C (0x00F57513) andi x10, x10, 0xf                      chk_Mtval+0
x10 <- 0x0000000000000005

mem[X,0x0000000080002490] -> 0x0437
mem[X,0x0000000080002492] -> 0x0000
[3461] [M]: 0x0000000080002490 (0x00000437) lui x8, 0x0                             chk_Mtval+4
x8 <- 0x0000000000000000

clint mtime 0x00000000000006C3 (mip.MTI <- 0b1, mip.STI <- 0b0)
mem[X,0x0000000080002494] -> 0x0413
mem[X,0x0000000080002496] -> 0x0004
[3462] [M]: 0x0000000080002494 (0x00040413) addi x8, x8, 0x0                        chk_Mtval+8
x8 <- 0x0000000000000000

mem[X,0x0000000080002498] -> 0x1413
mem[X,0x000000008000249A] -> 0x00B4
[3463] [M]: 0x0000000080002498 (0x00B41413) slli x8, x8, 0xb                        chk_Mtval+12
x8 <- 0x0000000000000000

clint mtime 0x00000000000006C4 (mip.MTI <- 0b1, mip.STI <- 0b0)
mem[X,0x000000008000249C] -> 0x0413
mem[X,0x000000008000249E] -> 0x0004
[3464] [M]: 0x000000008000249C (0x00040413) addi x8, x8, 0x0                        chk_Mtval+16
x8 <- 0x0000000000000000

mem[X,0x00000000800024A0] -> 0x1413
mem[X,0x00000000800024A2] -> 0x00B4
[3465] [M]: 0x00000000800024A0 (0x00B41413) slli x8, x8, 0xb                        chk_Mtval+20
x8 <- 0x0000000000000000

clint mtime 0x00000000000006C5 (mip.MTI <- 0b1, mip.STI <- 0b0)
mem[X,0x00000000800024A4] -> 0x0413
mem[X,0x00000000800024A6] -> 0x02C4
[3466] [M]: 0x00000000800024A4 (0x02C40413) addi x8, x8, 0x2c                       chk_Mtval+24
x8 <- 0x000000000000002C

mem[X,0x00000000800024A8] -> 0x1413
mem[X,0x00000000800024AA] -> 0x00A4
[3467] [M]: 0x00000000800024A8 (0x00A41413) slli x8, x8, 0xa                        chk_Mtval+28
x8 <- 0x000000000000B000

clint mtime 0x00000000000006C6 (mip.MTI <- 0b1, mip.STI <- 0b0)
mem[X,0x00000000800024AC] -> 0x0413
mem[X,0x00000000800024AE] -> 0x0FB4
[3468] [M]: 0x00000000800024AC (0x0FB40413) addi x8, x8, 0xfb                       chk_Mtval+32
x8 <- 0x000000000000B0FB

mem[X,0x00000000800024B0] -> 0x5433
mem[X,0x00000000800024B2] -> 0x00A4
[3469] [M]: 0x00000000800024B0 (0x00A45433) srl x8, x8, x10                         chk_Mtval+36
x8 <- 0x0000000000000587

clint mtime 0x00000000000006C7 (mip.MTI <- 0b1, mip.STI <- 0b0)
mem[X,0x00000000800024B4] -> 0x1413
mem[X,0x00000000800024B6] -> 0x03F4
[3470] [M]: 0x00000000800024B4 (0x03F41413) slli x8, x8, 0x3f                       chk_Mtval+40
x8 <- 0x8000000000000000

mem[X,0x00000000800024B8] -> 0x5C63
mem[X,0x00000000800024BA] -> 0x0404
[3471] [M]: 0x00000000800024B8 (0x04045C63) bge x8, x0, 0x58                        chk_Mtval+44

clint mtime 0x00000000000006C8 (mip.MTI <- 0b1, mip.STI <- 0b0)
mem[X,0x00000000800024BC] -> 0xB403
mem[X,0x00000000800024BE] -> 0x2084
[3472] [M]: 0x00000000800024BC (0x2084B403) ld x8, 0x208(x9)                        vmem_adj_Mtval+0
mem[R,0x00000000800064A0] -> 0x00000000800003B4
x8 <- 0x00000000800003B4

mem[X,0x00000000800024C0] -> 0xB583
mem[X,0x00000000800024C2] -> 0x2104
[3473] [M]: 0x00000000800024C0 (0x2104B583) ld x11, 0x210(x9)                       vmem_adj_Mtval+4
mem[R,0x00000000800064A8] -> 0x0000000000001C60
x11 <- 0x0000000000001C60

clint mtime 0x00000000000006C9 (mip.MTI <- 0b1, mip.STI <- 0b0)
mem[X,0x00000000800024C4] -> 0x85B3
mem[X,0x00000000800024C6] -> 0x0085
[3474] [M]: 0x00000000800024C4 (0x008585B3) add x11, x11, x8                        vmem_adj_Mtval+8
x11 <- 0x0000000080002014

mem[X,0x00000000800024C8] -> 0xF463
mem[X,0x00000000800024CA] -> 0x00B3
[3475] [M]: 0x00000000800024C8 (0x00B3F463) bgeu x7, x11, 0x8                       vmem_adj_Mtval+12

clint mtime 0x00000000000006CA (mip.MTI <- 0b1, mip.STI <- 0b0)
mem[X,0x00000000800024CC] -> 0xF063
mem[X,0x00000000800024CE] -> 0x0483
[3476] [M]: 0x00000000800024CC (0x0483F063) bgeu x7, x8, 0x40                       vmem_adj_Mtval+16

mem[X,0x000000008000250C] -> 0x8433
mem[X,0x000000008000250E] -> 0x4083
[3477] [M]: 0x000000008000250C (0x40838433) sub x8, x7, x8                          adj_Mtval+0
x8 <- 0x0000000000001C4C

clint mtime 0x00000000000006CB (mip.MTI <- 0b1, mip.STI <- 0b0)
mem[X,0x0000000080002510] -> 0x3C23
mem[X,0x0000000080002512] -> 0x0083
[3478] [M]: 0x0000000080002510 (0x00833C23) sd x8, 0x18(x6)                         sv_Mtval+0
mem[W,0x0000000080007558] <- 0x0000000000001C4C

mem[X,0x0000000080002514] -> 0x3483
mem[X,0x0000000080002516] -> 0x2181
[3479] [M]: 0x0000000080002514 (0x21813483) ld x9, 0x218(x2)                        skp_Mtval+0
mem[R,0x0000000080006218] -> 0x0000000080007560
x9 <- 0x0000000080007560

clint mtime 0x00000000000006CC (mip.MTI <- 0b1, mip.STI <- 0b0)
mem[X,0x0000000080002518] -> 0x3383
mem[X,0x000000008000251A] -> 0x1F81
[3480] [M]: 0x0000000080002518 (0x1F813383) ld x7, 0x1f8(x2)                        skp_Mtval+4
mem[R,0x00000000800061F8] -> 0x0000000080007210
x7 <- 0x0000000080007210

mem[X,0x000000008000251C] -> 0x3303
mem[X,0x000000008000251E] -> 0x2001
[3481] [M]: 0x000000008000251C (0x20013303) ld x6, 0x200(x2)                        skp_Mtval+8
mem[R,0x0000000080006200] -> 0x0000000000000920
x6 <- 0x0000000000000920

clint mtime 0x00000000000006CD (mip.MTI <- 0b1, mip.STI <- 0b0)
mem[X,0x0000000080002520] -> 0x0333
mem[X,0x0000000080002522] -> 0x0073
[3482] [M]: 0x0000000080002520 (0x00730333) add x6, x6, x7                          skp_Mtval+12
x6 <- 0x0000000080007B30

mem[X,0x0000000080002524] -> 0x6CE3
mem[X,0x0000000080002526] -> 0xAE93
[3483] [M]: 0x0000000080002524 (0xAE936CE3) bltu x6, x9, -0x508                     skp_Mtval+16

clint mtime 0x00000000000006CE (mip.MTI <- 0b1, mip.STI <- 0b0)
mem[X,0x0000000080002528] -> 0x0393
mem[X,0x000000008000252A] -> 0x2000
[3484] [M]: 0x0000000080002528 (0x20000393) addi x7, x0, 0x200                      skp_Mtval+20
x7 <- 0x0000000000000200

mem[X,0x000000008000252C] -> 0x006F
mem[X,0x000000008000252E] -> 0x0400
[3485] [M]: 0x000000008000252C (0x0400006F) jal x0, 0x40                            skp_Mtval+24

clint mtime 0x00000000000006CF (mip.MTI <- 0b1, mip.STI <- 0b0)
mem[X,0x000000008000256C] -> 0x0417
mem[X,0x000000008000256E] -> 0x0000
[3486] [M]: 0x000000008000256C (0x00000417) auipc x8, 0x0                           spcl_Mhandler+0
x8 <- 0x000000008000256C

mem[X,0x0000000080002570] -> 0x0413
mem[X,0x0000000080002572] -> 0x03C4
[3487] [M]: 0x0000000080002570 (0x03C40413) addi x8, x8, 0x3c                       spcl_Mhandler+4
x8 <- 0x00000000800025A8

clint mtime 0x00000000000006D0 (mip.MTI <- 0b1, mip.STI <- 0b0)
mem[X,0x0000000080002574] -> 0x0433
mem[X,0x0000000080002576] -> 0x0074
[3488] [M]: 0x0000000080002574 (0x00740433) add x8, x8, x7                          spcl_Mhandler+8
x8 <- 0x00000000800027A8

mem[X,0x0000000080002578] -> 0x1393
mem[X,0x000000008000257A] -> 0x0035
[3489] [M]: 0x0000000080002578 (0x00351393) slli x7, x10, 0x3                       spcl_Mhandler+12
x7 <- 0x0000000000000028

clint mtime 0x00000000000006D1 (mip.MTI <- 0b1, mip.STI <- 0b0)
mem[X,0x000000008000257C] -> 0x0433
mem[X,0x000000008000257E] -> 0x0074
[3490] [M]: 0x000000008000257C (0x00740433) add x8, x8, x7                          spcl_Mhandler+16
x8 <- 0x00000000800027D0

mem[X,0x0000000080002580] -> 0x7413
mem[X,0x0000000080002582] -> 0xFF84
[3491] [M]: 0x0000000080002580 (0xFF847413) andi x8, x8, -0x8                       spcl_Mhandler+20
x8 <- 0x00000000800027D0

clint mtime 0x00000000000006D2 (mip.MTI <- 0b1, mip.STI <- 0b0)
mem[X,0x0000000080002584] -> 0x3403
mem[X,0x0000000080002586] -> 0x0004
[3492] [M]: 0x0000000080002584 (0x00043403) ld x8, 0x0(x8)                          spcl_Mhandler+24
mem[R,0x00000000800027D0] -> 0x000000000000000B
x8 <- 0x000000000000000B

mem[X,0x0000000080002588] -> 0x04E3
mem[X,0x000000008000258A] -> 0xB204
[3493] [M]: 0x0000000080002588 (0xB20404E3) beq x8, x0, -0x4d8                      spcl_Mdispatch_hndling+0

clint mtime 0x00000000000006D3 (mip.MTI <- 0b1, mip.STI <- 0b0)
mem[X,0x000000008000258C] -> 0x1393
mem[X,0x000000008000258E] -> 0x03F4
[3494] [M]: 0x000000008000258C (0x03F41393) slli x7, x8, 0x3f                       spcl_Mdispatch_hndling+4
x7 <- 0x8000000000000000

mem[X,0x0000000080002590] -> 0xD863
mem[X,0x0000000080002592] -> 0x0003
[3495] [M]: 0x0000000080002590 (0x0003D863) bge x7, x0, 0x10                        spcl_Mdispatch_hndling+8

clint mtime 0x00000000000006D4 (mip.MTI <- 0b1, mip.STI <- 0b0)
mem[X,0x0000000080002594] -> 0x5413
mem[X,0x0000000080002596] -> 0x0014
[3496] [M]: 0x0000000080002594 (0x00145413) srli x8, x8, 0x1                        spcl_Mdispatch_hndling+12
x8 <- 0x0000000000000005

mem[X,0x0000000080002598] -> 0x0CE3
mem[X,0x000000008000259A] -> 0xF885
[3497] [M]: 0x0000000080002598 (0xF8850CE3) beq x10, x8, -0x68                      spcl_Mdispatch_hndling+16

clint mtime 0x00000000000006D5 (mip.MTI <- 0b1, mip.STI <- 0b0)
mem[X,0x0000000080002530] -> 0x3303
mem[X,0x0000000080002532] -> 0x2601
[3498] [M]: 0x0000000080002530 (0x26013303) ld x6, 0x260(x2)                        resto_Mrtn+0
mem[R,0x0000000080006260] -> 0x0000000000000010
x6 <- 0x0000000000000010

mem[X,0x0000000080002534] -> 0x3383
mem[X,0x0000000080002536] -> 0x2681
[3499] [M]: 0x0000000080002534 (0x26813383) ld x7, 0x268(x2)                        resto_Mrtn+4
mem[R,0x0000000080006268] -> 0x0000000080006000
x7 <- 0x0000000080006000

clint mtime 0x00000000000006D6 (mip.MTI <- 0b1, mip.STI <- 0b0)
mem[X,0x0000000080002538] -> 0x3403
mem[X,0x000000008000253A] -> 0x2701
[3500] [M]: 0x0000000080002538 (0x27013403) ld x8, 0x270(x2)                        resto_Mrtn+8
mem[R,0x0000000080006270] -> 0x0000000000007F76
x8 <- 0x0000000000007F76

mem[X,0x000000008000253C] -> 0x3483
mem[X,0x000000008000253E] -> 0x2781
[3501] [M]: 0x000000008000253C (0x27813483) ld x9, 0x278(x2)                        resto_Mrtn+12
mem[R,0x0000000080006278] -> 0x0000000080000DD4
x9 <- 0x0000000080000DD4

clint mtime 0x00000000000006D7 (mip.MTI <- 0b1, mip.STI <- 0b0)
mem[X,0x0000000080002540] -> 0x3503
mem[X,0x0000000080002542] -> 0x2801
[3502] [M]: 0x0000000080002540 (0x28013503) ld x10, 0x280(x2)                       resto_Mrtn+16
mem[R,0x0000000080006280] -> 0x0000000000000001
x10 <- 0x0000000000000001

mem[X,0x0000000080002544] -> 0x3583
mem[X,0x0000000080002546] -> 0x2881
[3503] [M]: 0x0000000080002544 (0x28813583) ld x11, 0x288(x2)                       resto_Mrtn+20
mem[R,0x0000000080006288] -> 0x0000000000000000
x11 <- 0x0000000000000000

clint mtime 0x00000000000006D8 (mip.MTI <- 0b1, mip.STI <- 0b0)
mem[X,0x0000000080002548] -> 0x3103
mem[X,0x000000008000254A] -> 0x2901
[3504] [M]: 0x0000000080002548 (0x29013103) ld x2, 0x290(x2)                        resto_Mrtn+24
mem[R,0x0000000080006290] -> 0x0000000000000000
x2 <- 0x0000000000000000

mem[X,0x000000008000254C] -> 0x0073
mem[X,0x000000008000254E] -> 0x3020
[3505] [M]: 0x000000008000254C (0x30200073) mret                                    resto_Mrtn+28
CSR mstatus (0x300) <- 0x0000000A00000080
ret-ing from M to S

clint mtime 0x00000000000006D9 (mip.MTI <- 0b1, mip.STI <- 0b0)
mem[X,0x00000000800010A8] -> 0xBC23
mem[X,0x00000000800010AA] -> 0x06E6
[3506] [S]: 0x00000000800010A8 (0x06E6BC23) sd x14, 0x78(x13)                       main+3272
mem[W,0x0000000080007290] <- 0x0000001300000013

mem[X,0x00000000800010AC] -> 0x8793
mem[X,0x00000000800010AE] -> 0xFFC7
[3507] [S]: 0x00000000800010AC (0xFFC78793) addi x15, x15, -0x4                     main+3276
x15 <- 0x0000000080001FFC

clint mtime 0x00000000000006DA (mip.MTI <- 0b1, mip.STI <- 0b0)
mem[X,0x00000000800010B0] -> 0xA703
mem[X,0x00000000800010B2] -> 0x0007
[3508] [S]: 0x00000000800010B0 (0x0007A703) lw x14, 0x0(x15)                        main+3280
mem[R,0x0000000080001FFC] -> 0x00000013
x14 <- 0x0000000000000013

mem[X,0x00000000800010B4] -> 0x0013
mem[X,0x00000000800010B6] -> 0x0000
[3509] [S]: 0x00000000800010B4 (0x00000013) addi x0, x0, 0x0                        main+3284

clint mtime 0x00000000000006DB (mip.MTI <- 0b1, mip.STI <- 0b0)
mem[X,0x00000000800010B8] -> 0xB023
mem[X,0x00000000800010BA] -> 0x08E6
[3510] [S]: 0x00000000800010B8 (0x08E6B023) sd x14, 0x80(x13)                       main+3288
mem[W,0x0000000080007298] <- 0x0000000000000013

mem[X,0x00000000800010BC] -> 0x8793
mem[X,0x00000000800010BE] -> 0x0087
[3511] [S]: 0x00000000800010BC (0x00878793) addi x15, x15, 0x8                      main+3292
x15 <- 0x0000000080002004

clint mtime 0x00000000000006DC (mip.MTI <- 0b1, mip.STI <- 0b0)
mem[X,0x00000000800010C0] -> 0xA703
mem[X,0x00000000800010C2] -> 0x0007
[3512] [S]: 0x00000000800010C0 (0x0007A703) lw x14, 0x0(x15)                        main+3296
mem[R,0x0000000080002004] -> 0x00000013
x14 <- 0x0000000000000013

mem[X,0x00000000800010C4] -> 0x0013
mem[X,0x00000000800010C6] -> 0x0000
[3513] [S]: 0x00000000800010C4 (0x00000013) addi x0, x0, 0x0                        main+3300

clint mtime 0x00000000000006DD (mip.MTI <- 0b1, mip.STI <- 0b0)
mem[X,0x00000000800010C8] -> 0xB423
mem[X,0x00000000800010CA] -> 0x08E6
[3514] [S]: 0x00000000800010C8 (0x08E6B423) sd x14, 0x88(x13)                       main+3304
mem[W,0x00000000800072A0] <- 0x0000000000000013

mem[X,0x00000000800010CC] -> 0x0293
mem[X,0x00000000800010CE] -> 0xFFC0
[3515] [S]: 0x00000000800010CC (0xFFC00293) addi x5, x0, -0x4                       main+3308
x5 <- 0xFFFFFFFFFFFFFFFC

clint mtime 0x00000000000006DE (mip.MTI <- 0b1, mip.STI <- 0b0)
mem[X,0x00000000800010D0] -> 0x87B3
mem[X,0x00000000800010D2] -> 0x0057
[3516] [S]: 0x00000000800010D0 (0x005787B3) add x15, x15, x5                        main+3312
x15 <- 0x0000000080002000

mem[X,0x00000000800010D4] -> 0xA703
mem[X,0x00000000800010D6] -> 0x0007
[3517] [S]: 0x00000000800010D4 (0x0007A703) lw x14, 0x0(x15)                        main+3316
trapping from S to M to handle load-access-fault
handling exc#load-access-fault at priv M with tval 0x0000000080002000
CSR mstatus (0x300) <- 0x0000000A00000800
CSR mcause (0x342) <- 0x0000000000000005
CSR mtval (0x343) <- 0x0000000080002000
CSR mepc (0x341) <- 0x00000000800010D4

clint mtime 0x00000000000006DF (mip.MTI <- 0b1, mip.STI <- 0b0)
mem[X,0x0000000080002100] -> 0x006F
mem[X,0x0000000080002102] -> 0x1000
[3518] [M]: 0x0000000080002100 (0x1000006F) jal x0, 0x100                           Mtrampoline+0

mem[X,0x0000000080002200] -> 0x1173
mem[X,0x0000000080002202] -> 0x3401
[3519] [M]: 0x0000000080002200 (0x34011173) csrrw x2, mscratch, x2                  trap_Mhandler+0
CSR mscratch (0x340) <- 0x0000000000000000
x2 <- 0x0000000080006000

clint mtime 0x00000000000006E0 (mip.MTI <- 0b1, mip.STI <- 0b0)
mem[X,0x0000000080002204] -> 0x3423
mem[X,0x0000000080002206] -> 0x28B1
[3520] [M]: 0x0000000080002204 (0x28B13423) sd x11, 0x288(x2)                       trap_Mhandler+4
mem[W,0x0000000080006288] <- 0x0000000000000000

mem[X,0x0000000080002208] -> 0x05EF
mem[X,0x000000008000220A] -> 0x0B80
[3521] [M]: 0x0000000080002208 (0x0B8005EF) jal x11, 0xb8                           trap_Mhandler+8
x11 <- 0x000000008000220C

clint mtime 0x00000000000006E1 (mip.MTI <- 0b1, mip.STI <- 0b0)
mem[X,0x00000000800022C0] -> 0x3023
mem[X,0x00000000800022C2] -> 0x28A1
[3522] [M]: 0x00000000800022C0 (0x28A13023) sd x10, 0x280(x2)                       common_Mhandler+0
mem[W,0x0000000080006280] <- 0x0000000000000001

mem[X,0x00000000800022C4] -> 0x1573
mem[X,0x00000000800022C6] -> 0x3401
[3523] [M]: 0x00000000800022C4 (0x34011573) csrrw x10, mscratch, x2                 common_Mhandler+4
CSR mscratch (0x340) <- 0x0000000080006000
x10 <- 0x0000000000000000

clint mtime 0x00000000000006E2 (mip.MTI <- 0b1, mip.STI <- 0b0)
mem[X,0x00000000800022C8] -> 0x3823
mem[X,0x00000000800022CA] -> 0x28A1
[3524] [M]: 0x00000000800022C8 (0x28A13823) sd x10, 0x290(x2)                       common_Mhandler+8
mem[W,0x0000000080006290] <- 0x0000000000000000

mem[X,0x00000000800022CC] -> 0x3503
mem[X,0x00000000800022CE] -> 0x2301
[3525] [M]: 0x00000000800022CC (0x23013503) ld x10, 0x230(x2)                       common_Mhandler+12
mem[R,0x0000000080006230] -> 0x00000000800022D4
x10 <- 0x00000000800022D4

clint mtime 0x00000000000006E3 (mip.MTI <- 0b1, mip.STI <- 0b0)
mem[X,0x00000000800022D0] -> 0x0067
mem[X,0x00000000800022D2] -> 0x0005
[3526] [M]: 0x00000000800022D0 (0x00050067) jalr x0, 0x0(x10)                       common_Mhandler+16

mem[X,0x00000000800022D4] -> 0x3C23
mem[X,0x00000000800022D6] -> 0x2691
[3527] [M]: 0x00000000800022D4 (0x26913C23) sd x9, 0x278(x2)                        common_Mentry+0
mem[W,0x0000000080006278] <- 0x0000000080000DD4

clint mtime 0x00000000000006E4 (mip.MTI <- 0b1, mip.STI <- 0b0)
mem[X,0x00000000800022D8] -> 0x3823
mem[X,0x00000000800022DA] -> 0x2681
[3528] [M]: 0x00000000800022D8 (0x26813823) sd x8, 0x270(x2)                        common_Mentry+4
mem[W,0x0000000080006270] <- 0x0000000000007F76

mem[X,0x00000000800022DC] -> 0x3423
mem[X,0x00000000800022DE] -> 0x2671
[3529] [M]: 0x00000000800022DC (0x26713423) sd x7, 0x268(x2)                        common_Mentry+8
mem[W,0x0000000080006268] <- 0x0000000080006000

clint mtime 0x00000000000006E5 (mip.MTI <- 0b1, mip.STI <- 0b0)
mem[X,0x00000000800022E0] -> 0x3023
mem[X,0x00000000800022E2] -> 0x2661
[3530] [M]: 0x00000000800022E0 (0x26613023) sd x6, 0x260(x2)                        common_Mentry+12
mem[W,0x0000000080006260] <- 0x0000000000000010

mem[X,0x00000000800022E4] -> 0x2573
mem[X,0x00000000800022E6] -> 0x3420
[3531] [M]: 0x00000000800022E4 (0x34202573) csrrs x10, mcause, x0                   spcl_M2mmode_test+0
CSR mcause (0x342) -> 0x0000000000000005
x10 <- 0x0000000000000005

clint mtime 0x00000000000006E6 (mip.MTI <- 0b1, mip.STI <- 0b0)
mem[X,0x00000000800022E8] -> 0x04B7
mem[X,0x00000000800022EA] -> 0x8000
[3532] [M]: 0x00000000800022E8 (0x800004B7) lui x9, -0x80000                        spcl_M2mmode_test+4
x9 <- 0xFFFFFFFF80000000

mem[X,0x00000000800022EC] -> 0x8493
mem[X,0x00000000800022EE] -> 0x0004
[3533] [M]: 0x00000000800022EC (0x00048493) addi x9, x9, 0x0                        spcl_M2mmode_test+8
x9 <- 0xFFFFFFFF80000000

clint mtime 0x00000000000006E7 (mip.MTI <- 0b1, mip.STI <- 0b0)
mem[X,0x00000000800022F0] -> 0x9493
mem[X,0x00000000800022F2] -> 0x00B4
[3534] [M]: 0x00000000800022F0 (0x00B49493) slli x9, x9, 0xb                        spcl_M2mmode_test+12
x9 <- 0xFFFFFC0000000000

mem[X,0x00000000800022F4] -> 0x8493
mem[X,0x00000000800022F6] -> 0x0004
[3535] [M]: 0x00000000800022F4 (0x00048493) addi x9, x9, 0x0                        spcl_M2mmode_test+16
x9 <- 0xFFFFFC0000000000

clint mtime 0x00000000000006E8 (mip.MTI <- 0b1, mip.STI <- 0b0)
mem[X,0x00000000800022F8] -> 0x9493
mem[X,0x00000000800022FA] -> 0x00B4
[3536] [M]: 0x00000000800022F8 (0x00B49493) slli x9, x9, 0xb                        spcl_M2mmode_test+20
x9 <- 0xFFE0000000000000

mem[X,0x00000000800022FC] -> 0x8493
mem[X,0x00000000800022FE] -> 0x0034
[3537] [M]: 0x00000000800022FC (0x00348493) addi x9, x9, 0x3                        spcl_M2mmode_test+24
x9 <- 0xFFE0000000000003

clint mtime 0x00000000000006E9 (mip.MTI <- 0b1, mip.STI <- 0b0)
mem[X,0x0000000080002300] -> 0x9493
mem[X,0x0000000080002302] -> 0x00A4
[3538] [M]: 0x0000000080002300 (0x00A49493) slli x9, x9, 0xa                        spcl_M2mmode_test+28
x9 <- 0x8000000000000C00

mem[X,0x0000000080002304] -> 0x8493
mem[X,0x0000000080002306] -> 0x3FC4
[3539] [M]: 0x0000000080002304 (0x3FC48493) addi x9, x9, 0x3fc                      spcl_M2mmode_test+32
x9 <- 0x8000000000000FFC

clint mtime 0x00000000000006EA (mip.MTI <- 0b1, mip.STI <- 0b0)
mem[X,0x0000000080002308] -> 0xF4B3
mem[X,0x000000008000230A] -> 0x00A4
[3540] [M]: 0x0000000080002308 (0x00A4F4B3) and x9, x9, x10                         spcl_M2mmode_test+36
x9 <- 0x0000000000000004

mem[X,0x000000008000230C] -> 0x8493
mem[X,0x000000008000230E] -> 0xFF84
[3541] [M]: 0x000000008000230C (0xFF848493) addi x9, x9, -0x8                       spcl_M2mmode_test+40
x9 <- 0xFFFFFFFFFFFFFFFC

clint mtime 0x00000000000006EB (mip.MTI <- 0b1, mip.STI <- 0b0)
mem[X,0x0000000080002310] -> 0x9663
mem[X,0x0000000080002312] -> 0x0004
[3542] [M]: 0x0000000080002310 (0x00049663) bne x9, x0, 0xc                         spcl_M2mmode_test+44

mem[X,0x000000008000231C] -> 0x0393
mem[X,0x000000008000231E] -> 0x0200
[3543] [M]: 0x000000008000231C (0x02000393) addi x7, x0, 0x20                       Mtrapsig_ptr_upd+0
x7 <- 0x0000000000000020

clint mtime 0x00000000000006EC (mip.MTI <- 0b1, mip.STI <- 0b0)
mem[X,0x0000000080002320] -> 0x5263
mem[X,0x0000000080002322] -> 0x0405
[3544] [M]: 0x0000000080002320 (0x04055263) bge x10, x0, 0x44                       Mtrapsig_ptr_upd+4

mem[X,0x0000000080002364] -> 0x2373
mem[X,0x0000000080002366] -> 0x3010
[3545] [M]: 0x0000000080002364 (0x30102373) csrrs x6, misa, x0                      Mxcpt_sig_sv+0
CSR misa (0x301) -> 0x800000000034112F
x6 <- 0x800000000034112F

clint mtime 0x00000000000006ED (mip.MTI <- 0b1, mip.STI <- 0b0)
mem[X,0x0000000080002368] -> 0x1313
mem[X,0x000000008000236A] -> 0x0383
[3546] [M]: 0x0000000080002368 (0x03831313) slli x6, x6, 0x38                       Mxcpt_sig_sv+4
x6 <- 0x2F00000000000000

mem[X,0x000000008000236C] -> 0x5463
mem[X,0x000000008000236E] -> 0x0003
[3547] [M]: 0x000000008000236C (0x00035463) bge x6, x0, 0x8                         Mxcpt_sig_sv+8

clint mtime 0x00000000000006EE (mip.MTI <- 0b1, mip.STI <- 0b0)
mem[X,0x0000000080002374] -> 0x3303
mem[X,0x0000000080002376] -> 0x2181
[3548] [M]: 0x0000000080002374 (0x21813303) ld x6, 0x218(x2)                        Mtrap_sig_sv+0
mem[R,0x0000000080006218] -> 0x0000000080007560
x6 <- 0x0000000080007560

mem[X,0x0000000080002378] -> 0x04B3
mem[X,0x000000008000237A] -> 0x0073
[3549] [M]: 0x0000000080002378 (0x007304B3) add x9, x6, x7                          Mtrap_sig_sv+4
x9 <- 0x0000000080007580

clint mtime 0x00000000000006EF (mip.MTI <- 0b1, mip.STI <- 0b0)
mem[X,0x000000008000237C] -> 0x3C23
mem[X,0x000000008000237E] -> 0x2091
[3550] [M]: 0x000000008000237C (0x20913C23) sd x9, 0x218(x2)                        Mtrap_sig_sv+8
mem[W,0x0000000080006218] <- 0x0000000080007580

mem[X,0x0000000080002380] -> 0x3403
mem[X,0x0000000080002382] -> 0x1F81
[3551] [M]: 0x0000000080002380 (0x1F813403) ld x8, 0x1f8(x2)                        Mtrap_sig_sv+12
mem[R,0x00000000800061F8] -> 0x0000000080007210
x8 <- 0x0000000080007210

clint mtime 0x00000000000006F0 (mip.MTI <- 0b1, mip.STI <- 0b0)
mem[X,0x0000000080002384] -> 0x0333
mem[X,0x0000000080002386] -> 0x4083
[3552] [M]: 0x0000000080002384 (0x40830333) sub x6, x6, x8                          Mtrap_sig_sv+16
x6 <- 0x0000000000000350

mem[X,0x0000000080002388] -> 0x3403
mem[X,0x000000008000238A] -> 0x1F81
[3553] [M]: 0x0000000080002388 (0x1F813403) ld x8, 0x1f8(x2)                        Mtrap_sig_sv+20
mem[R,0x00000000800061F8] -> 0x0000000080007210
x8 <- 0x0000000080007210

clint mtime 0x00000000000006F1 (mip.MTI <- 0b1, mip.STI <- 0b0)
mem[X,0x000000008000238C] -> 0x0333
mem[X,0x000000008000238E] -> 0x0083
[3554] [M]: 0x000000008000238C (0x00830333) add x6, x6, x8                          Mtrap_sig_sv+24
x6 <- 0x0000000080007560

mem[X,0x0000000080002390] -> 0x3403
mem[X,0x0000000080002392] -> 0x2401
[3555] [M]: 0x0000000080002390 (0x24013403) ld x8, 0x240(x2)                        Mtrap_sig_sv+28
mem[R,0x0000000080006240] -> 0x0000000080002100
x8 <- 0x0000000080002100

clint mtime 0x00000000000006F2 (mip.MTI <- 0b1, mip.STI <- 0b0)
mem[X,0x0000000080002394] -> 0x85B3
mem[X,0x0000000080002396] -> 0x4085
[3556] [M]: 0x0000000080002394 (0x408585B3) sub x11, x11, x8                        sv_Mvect+0
x11 <- 0x000000000000010C

mem[X,0x0000000080002398] -> 0x9593
mem[X,0x000000008000239A] -> 0x0045
[3557] [M]: 0x0000000080002398 (0x00459593) slli x11, x11, 0x4                      sv_Mvect+4
x11 <- 0x00000000000010C0

clint mtime 0x00000000000006F3 (mip.MTI <- 0b1, mip.STI <- 0b0)
mem[X,0x000000008000239C] -> 0xE5B3
mem[X,0x000000008000239E] -> 0x0075
[3558] [M]: 0x000000008000239C (0x0075E5B3) or x11, x11, x7                         sv_Mvect+8
x11 <- 0x00000000000010E0

mem[X,0x00000000800023A0] -> 0x8593
mem[X,0x00000000800023A2] -> 0x0035
[3559] [M]: 0x00000000800023A0 (0x00358593) addi x11, x11, 0x3                      sv_Mvect+12
x11 <- 0x00000000000010E3

clint mtime 0x00000000000006F4 (mip.MTI <- 0b1, mip.STI <- 0b0)
mem[X,0x00000000800023A4] -> 0x3023
mem[X,0x00000000800023A6] -> 0x00B3
[3560] [M]: 0x00000000800023A4 (0x00B33023) sd x11, 0x0(x6)                         sv_Mvect+16
mem[W,0x0000000080007560] <- 0x00000000000010E3

mem[X,0x00000000800023A8] -> 0x3423
mem[X,0x00000000800023AA] -> 0x00A3
[3561] [M]: 0x00000000800023A8 (0x00A33423) sd x10, 0x8(x6)                         sv_Mcause+0
mem[W,0x0000000080007568] <- 0x0000000000000005

clint mtime 0x00000000000006F5 (mip.MTI <- 0b1, mip.STI <- 0b0)
mem[X,0x00000000800023AC] -> 0x4263
mem[X,0x00000000800023AE] -> 0x1A05
[3562] [M]: 0x00000000800023AC (0x1A054263) blt x10, x0, 0x1a4                      sv_Mcause+4

mem[X,0x00000000800023B0] -> 0x25F3
mem[X,0x00000000800023B2] -> 0x3000
[3563] [M]: 0x00000000800023B0 (0x300025F3) csrrs x11, mstatus, x0                  common_Mexcpt_handler+0
CSR mstatus (0x300) -> 0x0000000A00000800
x11 <- 0x0000000A00000800

clint mtime 0x00000000000006F6 (mip.MTI <- 0b1, mip.STI <- 0b0)
mem[X,0x00000000800023B4] -> 0x9413
mem[X,0x00000000800023B6] -> 0x02E5
[3564] [M]: 0x00000000800023B4 (0x02E59413) slli x8, x11, 0x2e                      common_Mexcpt_handler+4
x8 <- 0x0200000000000000

mem[X,0x00000000800023B8] -> 0x5463
mem[X,0x00000000800023BA] -> 0x0004
[3565] [M]: 0x00000000800023B8 (0x00045463) bge x8, x0, 0x8                         common_Mexcpt_handler+8

clint mtime 0x00000000000006F7 (mip.MTI <- 0b1, mip.STI <- 0b0)
mem[X,0x00000000800023C0] -> 0xD493
mem[X,0x00000000800023C2] -> 0x00B5
[3566] [M]: 0x00000000800023C0 (0x00B5D493) srli x9, x11, 0xb                       common_Mexcpt_handler+16
x9 <- 0x0000000001400001

mem[X,0x00000000800023C4] -> 0xF493
mem[X,0x00000000800023C6] -> 0x0034
[3567] [M]: 0x00000000800023C4 (0x0034F493) andi x9, x9, 0x3                        common_Mexcpt_handler+20
x9 <- 0x0000000000000001

clint mtime 0x00000000000006F8 (mip.MTI <- 0b1, mip.STI <- 0b0)
mem[X,0x00000000800023C8] -> 0x8493
mem[X,0x00000000800023CA] -> 0x0014
[3568] [M]: 0x00000000800023C8 (0x00148493) addi x9, x9, 0x1                        common_Mexcpt_handler+24
x9 <- 0x0000000000000002

mem[X,0x00000000800023CC] -> 0xF493
mem[X,0x00000000800023CE] -> 0x0044
[3569] [M]: 0x00000000800023CC (0x0044F493) andi x9, x9, 0x4                        common_Mexcpt_handler+28
x9 <- 0x0000000000000000

clint mtime 0x00000000000006F9 (mip.MTI <- 0b1, mip.STI <- 0b0)
mem[X,0x00000000800023D0] -> 0x0593
mem[X,0x00000000800023D2] -> 0x05D0
[3570] [M]: 0x00000000800023D0 (0x05D00593) addi x11, x0, 0x5d                      common_Mexcpt_handler+32
x11 <- 0x000000000000005D

mem[X,0x00000000800023D4] -> 0xD5B3
mem[X,0x00000000800023D6] -> 0x0095
[3571] [M]: 0x00000000800023D4 (0x0095D5B3) srl x11, x11, x9                        common_Mexcpt_handler+36
x11 <- 0x000000000000005D

clint mtime 0x00000000000006FA (mip.MTI <- 0b1, mip.STI <- 0b0)
mem[X,0x00000000800023D8] -> 0xF593
mem[X,0x00000000800023DA] -> 0x0015
[3572] [M]: 0x00000000800023D8 (0x0015F593) andi x11, x11, 0x1                      common_Mexcpt_handler+40
x11 <- 0x0000000000000001

mem[X,0x00000000800023DC] -> 0x8EE3
mem[X,0x00000000800023DE] -> 0xF405
[3573] [M]: 0x00000000800023DC (0xF4058EE3) beq x11, x0, -0xa4                      common_Mexcpt_handler+44

clint mtime 0x00000000000006FB (mip.MTI <- 0b1, mip.STI <- 0b0)
mem[X,0x00000000800023E0] -> 0x0593
mem[X,0x00000000800023E2] -> 0x2980
[3574] [M]: 0x00000000800023E0 (0x29800593) addi x11, x0, 0x298                     common_Mexcpt_handler+48
x11 <- 0x0000000000000298

mem[X,0x00000000800023E4] -> 0xF413
mem[X,0x00000000800023E6] -> 0x0014
[3575] [M]: 0x00000000800023E4 (0x0014F413) andi x8, x9, 0x1                        common_Mexcpt_handler+52
x8 <- 0x0000000000000000

clint mtime 0x00000000000006FC (mip.MTI <- 0b1, mip.STI <- 0b0)
mem[X,0x00000000800023E8] -> 0x95B3
mem[X,0x00000000800023EA] -> 0x0085
[3576] [M]: 0x00000000800023E8 (0x008595B3) sll x11, x11, x8                        common_Mexcpt_handler+56
x11 <- 0x0000000000000298

mem[X,0x00000000800023EC] -> 0x9413
mem[X,0x00000000800023EE] -> 0x03D4
[3577] [M]: 0x00000000800023EC (0x03D49413) slli x8, x9, 0x3d                       common_Mexcpt_handler+60
x8 <- 0x0000000000000000

clint mtime 0x00000000000006FD (mip.MTI <- 0b1, mip.STI <- 0b0)
mem[X,0x00000000800023F0] -> 0x5413
mem[X,0x00000000800023F2] -> 0x43F4
[3578] [M]: 0x00000000800023F0 (0x43F45413) srai x8, x8, 0x3f                       common_Mexcpt_handler+64
x8 <- 0x0000000000000000

mem[X,0x00000000800023F4] -> 0x4413
mem[X,0x00000000800023F6] -> 0xFFF4
[3579] [M]: 0x00000000800023F4 (0xFFF44413) xori x8, x8, -0x1                       common_Mexcpt_handler+68
x8 <- 0xFFFFFFFFFFFFFFFF

clint mtime 0x00000000000006FE (mip.MTI <- 0b1, mip.STI <- 0b0)
mem[X,0x00000000800023F8] -> 0xF4B3
mem[X,0x00000000800023FA] -> 0x0085
[3580] [M]: 0x00000000800023F8 (0x0085F4B3) and x9, x11, x8                         common_Mexcpt_handler+72
x9 <- 0x0000000000000298

mem[X,0x00000000800023FC] -> 0x84B3
mem[X,0x00000000800023FE] -> 0x0024
[3581] [M]: 0x00000000800023FC (0x002484B3) add x9, x9, x2                          vmem_adj_Mepc+0
x9 <- 0x0000000080006298

clint mtime 0x00000000000006FF (mip.MTI <- 0b1, mip.STI <- 0b0)
mem[X,0x0000000080002400] -> 0x23F3
mem[X,0x0000000080002402] -> 0x3410
[3582] [M]: 0x0000000080002400 (0x341023F3) csrrs x7, mepc, x0                      vmem_adj_Mepc+4
CSR mepc (0x341) -> 0x00000000800010D4
x7 <- 0x00000000800010D4

mem[X,0x0000000080002404] -> 0x0413
mem[X,0x0000000080002406] -> 0x0004
[3583] [M]: 0x0000000080002404 (0x00040413) addi x8, x8, 0x0                        vmem_adj_Mepc+8
x8 <- 0xFFFFFFFFFFFFFFFF

clint mtime 0x0000000000000700 (mip.MTI <- 0b1, mip.STI <- 0b0)
mem[X,0x0000000080002408] -> 0x006F
mem[X,0x000000008000240A] -> 0x0400
[3584] [M]: 0x0000000080002408 (0x0400006F) jal x0, 0x40                            vmem_adj_Mepc+12

mem[X,0x0000000080002448] -> 0x8433
mem[X,0x000000008000244A] -> 0x4083
[3585] [M]: 0x0000000080002448 (0x40838433) sub x8, x7, x8                          adj_Mepc+0
x8 <- 0x00000000800010D5

clint mtime 0x0000000000000701 (mip.MTI <- 0b1, mip.STI <- 0b0)
mem[X,0x000000008000244C] -> 0x3823
mem[X,0x000000008000244E] -> 0x0083
[3586] [M]: 0x000000008000244C (0x00833823) sd x8, 0x10(x6)                         sv_Mepc+0
mem[W,0x0000000080007570] <- 0x00000000800010D5

mem[X,0x0000000080002450] -> 0x55B7
mem[X,0x0000000080002452] -> 0x0000
[3587] [M]: 0x0000000080002450 (0x000055B7) lui x11, 0x5                            sv_Mepc+4
x11 <- 0x0000000000005000

clint mtime 0x0000000000000702 (mip.MTI <- 0b1, mip.STI <- 0b0)
mem[X,0x0000000080002454] -> 0x8593
mem[X,0x0000000080002456] -> 0x6675
[3588] [M]: 0x0000000080002454 (0x66758593) addi x11, x11, 0x667                    sv_Mepc+8
x11 <- 0x0000000000005667

mem[X,0x0000000080002458] -> 0x9593
mem[X,0x000000008000245A] -> 0x0015
[3589] [M]: 0x0000000080002458 (0x00159593) slli x11, x11, 0x1                      sv_Mepc+12
x11 <- 0x000000000000ACCE

clint mtime 0x0000000000000703 (mip.MTI <- 0b1, mip.STI <- 0b0)
mem[X,0x000000008000245C] -> 0x9063
mem[X,0x000000008000245E] -> 0x02B1
[3590] [M]: 0x000000008000245C (0x02B19063) bne x3, x11, 0x20                       sv_Mepc+16

mem[X,0x0000000080002460] -> 0x2473
mem[X,0x0000000080002462] -> 0x3420
[3591] [M]: 0x0000000080002460 (0x34202473) csrrs x8, mcause, x0                    sv_Mepc+20
CSR mcause (0x342) -> 0x0000000000000005
x8 <- 0x0000000000000005

clint mtime 0x0000000000000704 (mip.MTI <- 0b1, mip.STI <- 0b0)
mem[X,0x0000000080002464] -> 0x0593
mem[X,0x0000000080002466] -> 0x00C0
[3592] [M]: 0x0000000080002464 (0x00C00593) addi x11, x0, 0xc                       sv_Mepc+24
x11 <- 0x000000000000000C

mem[X,0x0000000080002468] -> 0x0663
mem[X,0x000000008000246A] -> 0x00B4
[3593] [M]: 0x0000000080002468 (0x00B40663) beq x8, x11, 0xc                        sv_Mepc+28

clint mtime 0x0000000000000705 (mip.MTI <- 0b1, mip.STI <- 0b0)
mem[X,0x000000008000246C] -> 0x0593
mem[X,0x000000008000246E] -> 0x0010
[3594] [M]: 0x000000008000246C (0x00100593) addi x11, x0, 0x1                       sv_Mepc+32
x11 <- 0x0000000000000001

mem[X,0x0000000080002470] -> 0x1663
mem[X,0x0000000080002472] -> 0x00B4
[3595] [M]: 0x0000000080002470 (0x00B41663) bne x8, x11, 0xc                        sv_Mepc+36

clint mtime 0x0000000000000706 (mip.MTI <- 0b1, mip.STI <- 0b0)
mem[X,0x000000008000247C] -> 0xF593
mem[X,0x000000008000247E] -> 0xFFC3
[3596] [M]: 0x000000008000247C (0xFFC3F593) andi x11, x7, -0x4                      adj_Mepc_rtn+0
x11 <- 0x00000000800010D4

mem[X,0x0000000080002480] -> 0x8593
mem[X,0x0000000080002482] -> 0x0085
[3597] [M]: 0x0000000080002480 (0x00858593) addi x11, x11, 0x8                      adj_Mepc_rtn+4
x11 <- 0x00000000800010DC

clint mtime 0x0000000000000707 (mip.MTI <- 0b1, mip.STI <- 0b0)
mem[X,0x0000000080002484] -> 0x9073
mem[X,0x0000000080002486] -> 0x3415
[3598] [M]: 0x0000000080002484 (0x34159073) csrrw x0, mepc, x11                     adj_Mepc_rtn+8
CSR mepc (0x341) <- 0x00000000800010DC

mem[X,0x0000000080002488] -> 0x23F3
mem[X,0x000000008000248A] -> 0x3430
[3599] [M]: 0x0000000080002488 (0x343023F3) csrrs x7, mtval, x0                     skp_adj_Mepc+0
CSR mtval (0x343) -> 0x0000000080002000
x7 <- 0x0000000080002000

clint mtime 0x0000000000000708 (mip.MTI <- 0b1, mip.STI <- 0b0)
mem[X,0x000000008000248C] -> 0x7513
mem[X,0x000000008000248E] -> 0x00F5
[3600] [M]: 0x000000008000248C (0x00F57513) andi x10, x10, 0xf                      chk_Mtval+0
x10 <- 0x0000000000000005

mem[X,0x0000000080002490] -> 0x0437
mem[X,0x0000000080002492] -> 0x0000
[3601] [M]: 0x0000000080002490 (0x00000437) lui x8, 0x0                             chk_Mtval+4
x8 <- 0x0000000000000000

clint mtime 0x0000000000000709 (mip.MTI <- 0b1, mip.STI <- 0b0)
mem[X,0x0000000080002494] -> 0x0413
mem[X,0x0000000080002496] -> 0x0004
[3602] [M]: 0x0000000080002494 (0x00040413) addi x8, x8, 0x0                        chk_Mtval+8
x8 <- 0x0000000000000000

mem[X,0x0000000080002498] -> 0x1413
mem[X,0x000000008000249A] -> 0x00B4
[3603] [M]: 0x0000000080002498 (0x00B41413) slli x8, x8, 0xb                        chk_Mtval+12
x8 <- 0x0000000000000000

clint mtime 0x000000000000070A (mip.MTI <- 0b1, mip.STI <- 0b0)
mem[X,0x000000008000249C] -> 0x0413
mem[X,0x000000008000249E] -> 0x0004
[3604] [M]: 0x000000008000249C (0x00040413) addi x8, x8, 0x0                        chk_Mtval+16
x8 <- 0x0000000000000000

mem[X,0x00000000800024A0] -> 0x1413
mem[X,0x00000000800024A2] -> 0x00B4
[3605] [M]: 0x00000000800024A0 (0x00B41413) slli x8, x8, 0xb                        chk_Mtval+20
x8 <- 0x0000000000000000

clint mtime 0x000000000000070B (mip.MTI <- 0b1, mip.STI <- 0b0)
mem[X,0x00000000800024A4] -> 0x0413
mem[X,0x00000000800024A6] -> 0x02C4
[3606] [M]: 0x00000000800024A4 (0x02C40413) addi x8, x8, 0x2c                       chk_Mtval+24
x8 <- 0x000000000000002C

mem[X,0x00000000800024A8] -> 0x1413
mem[X,0x00000000800024AA] -> 0x00A4
[3607] [M]: 0x00000000800024A8 (0x00A41413) slli x8, x8, 0xa                        chk_Mtval+28
x8 <- 0x000000000000B000

clint mtime 0x000000000000070C (mip.MTI <- 0b1, mip.STI <- 0b0)
mem[X,0x00000000800024AC] -> 0x0413
mem[X,0x00000000800024AE] -> 0x0FB4
[3608] [M]: 0x00000000800024AC (0x0FB40413) addi x8, x8, 0xfb                       chk_Mtval+32
x8 <- 0x000000000000B0FB

mem[X,0x00000000800024B0] -> 0x5433
mem[X,0x00000000800024B2] -> 0x00A4
[3609] [M]: 0x00000000800024B0 (0x00A45433) srl x8, x8, x10                         chk_Mtval+36
x8 <- 0x0000000000000587

clint mtime 0x000000000000070D (mip.MTI <- 0b1, mip.STI <- 0b0)
mem[X,0x00000000800024B4] -> 0x1413
mem[X,0x00000000800024B6] -> 0x03F4
[3610] [M]: 0x00000000800024B4 (0x03F41413) slli x8, x8, 0x3f                       chk_Mtval+40
x8 <- 0x8000000000000000

mem[X,0x00000000800024B8] -> 0x5C63
mem[X,0x00000000800024BA] -> 0x0404
[3611] [M]: 0x00000000800024B8 (0x04045C63) bge x8, x0, 0x58                        chk_Mtval+44

clint mtime 0x000000000000070E (mip.MTI <- 0b1, mip.STI <- 0b0)
mem[X,0x00000000800024BC] -> 0xB403
mem[X,0x00000000800024BE] -> 0x2084
[3612] [M]: 0x00000000800024BC (0x2084B403) ld x8, 0x208(x9)                        vmem_adj_Mtval+0
mem[R,0x00000000800064A0] -> 0x00000000800003B4
x8 <- 0x00000000800003B4

mem[X,0x00000000800024C0] -> 0xB583
mem[X,0x00000000800024C2] -> 0x2104
[3613] [M]: 0x00000000800024C0 (0x2104B583) ld x11, 0x210(x9)                       vmem_adj_Mtval+4
mem[R,0x00000000800064A8] -> 0x0000000000001C60
x11 <- 0x0000000000001C60

clint mtime 0x000000000000070F (mip.MTI <- 0b1, mip.STI <- 0b0)
mem[X,0x00000000800024C4] -> 0x85B3
mem[X,0x00000000800024C6] -> 0x0085
[3614] [M]: 0x00000000800024C4 (0x008585B3) add x11, x11, x8                        vmem_adj_Mtval+8
x11 <- 0x0000000080002014

mem[X,0x00000000800024C8] -> 0xF463
mem[X,0x00000000800024CA] -> 0x00B3
[3615] [M]: 0x00000000800024C8 (0x00B3F463) bgeu x7, x11, 0x8                       vmem_adj_Mtval+12

clint mtime 0x0000000000000710 (mip.MTI <- 0b1, mip.STI <- 0b0)
mem[X,0x00000000800024CC] -> 0xF063
mem[X,0x00000000800024CE] -> 0x0483
[3616] [M]: 0x00000000800024CC (0x0483F063) bgeu x7, x8, 0x40                       vmem_adj_Mtval+16

mem[X,0x000000008000250C] -> 0x8433
mem[X,0x000000008000250E] -> 0x4083
[3617] [M]: 0x000000008000250C (0x40838433) sub x8, x7, x8                          adj_Mtval+0
x8 <- 0x0000000000001C4C

clint mtime 0x0000000000000711 (mip.MTI <- 0b1, mip.STI <- 0b0)
mem[X,0x0000000080002510] -> 0x3C23
mem[X,0x0000000080002512] -> 0x0083
[3618] [M]: 0x0000000080002510 (0x00833C23) sd x8, 0x18(x6)                         sv_Mtval+0
mem[W,0x0000000080007578] <- 0x0000000000001C4C

mem[X,0x0000000080002514] -> 0x3483
mem[X,0x0000000080002516] -> 0x2181
[3619] [M]: 0x0000000080002514 (0x21813483) ld x9, 0x218(x2)                        skp_Mtval+0
mem[R,0x0000000080006218] -> 0x0000000080007580
x9 <- 0x0000000080007580

clint mtime 0x0000000000000712 (mip.MTI <- 0b1, mip.STI <- 0b0)
mem[X,0x0000000080002518] -> 0x3383
mem[X,0x000000008000251A] -> 0x1F81
[3620] [M]: 0x0000000080002518 (0x1F813383) ld x7, 0x1f8(x2)                        skp_Mtval+4
mem[R,0x00000000800061F8] -> 0x0000000080007210
x7 <- 0x0000000080007210

mem[X,0x000000008000251C] -> 0x3303
mem[X,0x000000008000251E] -> 0x2001
[3621] [M]: 0x000000008000251C (0x20013303) ld x6, 0x200(x2)                        skp_Mtval+8
mem[R,0x0000000080006200] -> 0x0000000000000920
x6 <- 0x0000000000000920

clint mtime 0x0000000000000713 (mip.MTI <- 0b1, mip.STI <- 0b0)
mem[X,0x0000000080002520] -> 0x0333
mem[X,0x0000000080002522] -> 0x0073
[3622] [M]: 0x0000000080002520 (0x00730333) add x6, x6, x7                          skp_Mtval+12
x6 <- 0x0000000080007B30

mem[X,0x0000000080002524] -> 0x6CE3
mem[X,0x0000000080002526] -> 0xAE93
[3623] [M]: 0x0000000080002524 (0xAE936CE3) bltu x6, x9, -0x508                     skp_Mtval+16

clint mtime 0x0000000000000714 (mip.MTI <- 0b1, mip.STI <- 0b0)
mem[X,0x0000000080002528] -> 0x0393
mem[X,0x000000008000252A] -> 0x2000
[3624] [M]: 0x0000000080002528 (0x20000393) addi x7, x0, 0x200                      skp_Mtval+20
x7 <- 0x0000000000000200

mem[X,0x000000008000252C] -> 0x006F
mem[X,0x000000008000252E] -> 0x0400
[3625] [M]: 0x000000008000252C (0x0400006F) jal x0, 0x40                            skp_Mtval+24

clint mtime 0x0000000000000715 (mip.MTI <- 0b1, mip.STI <- 0b0)
mem[X,0x000000008000256C] -> 0x0417
mem[X,0x000000008000256E] -> 0x0000
[3626] [M]: 0x000000008000256C (0x00000417) auipc x8, 0x0                           spcl_Mhandler+0
x8 <- 0x000000008000256C

mem[X,0x0000000080002570] -> 0x0413
mem[X,0x0000000080002572] -> 0x03C4
[3627] [M]: 0x0000000080002570 (0x03C40413) addi x8, x8, 0x3c                       spcl_Mhandler+4
x8 <- 0x00000000800025A8

clint mtime 0x0000000000000716 (mip.MTI <- 0b1, mip.STI <- 0b0)
mem[X,0x0000000080002574] -> 0x0433
mem[X,0x0000000080002576] -> 0x0074
[3628] [M]: 0x0000000080002574 (0x00740433) add x8, x8, x7                          spcl_Mhandler+8
x8 <- 0x00000000800027A8

mem[X,0x0000000080002578] -> 0x1393
mem[X,0x000000008000257A] -> 0x0035
[3629] [M]: 0x0000000080002578 (0x00351393) slli x7, x10, 0x3                       spcl_Mhandler+12
x7 <- 0x0000000000000028

clint mtime 0x0000000000000717 (mip.MTI <- 0b1, mip.STI <- 0b0)
mem[X,0x000000008000257C] -> 0x0433
mem[X,0x000000008000257E] -> 0x0074
[3630] [M]: 0x000000008000257C (0x00740433) add x8, x8, x7                          spcl_Mhandler+16
x8 <- 0x00000000800027D0

mem[X,0x0000000080002580] -> 0x7413
mem[X,0x0000000080002582] -> 0xFF84
[3631] [M]: 0x0000000080002580 (0xFF847413) andi x8, x8, -0x8                       spcl_Mhandler+20
x8 <- 0x00000000800027D0

clint mtime 0x0000000000000718 (mip.MTI <- 0b1, mip.STI <- 0b0)
mem[X,0x0000000080002584] -> 0x3403
mem[X,0x0000000080002586] -> 0x0004
[3632] [M]: 0x0000000080002584 (0x00043403) ld x8, 0x0(x8)                          spcl_Mhandler+24
mem[R,0x00000000800027D0] -> 0x000000000000000B
x8 <- 0x000000000000000B

mem[X,0x0000000080002588] -> 0x04E3
mem[X,0x000000008000258A] -> 0xB204
[3633] [M]: 0x0000000080002588 (0xB20404E3) beq x8, x0, -0x4d8                      spcl_Mdispatch_hndling+0

clint mtime 0x0000000000000719 (mip.MTI <- 0b1, mip.STI <- 0b0)
mem[X,0x000000008000258C] -> 0x1393
mem[X,0x000000008000258E] -> 0x03F4
[3634] [M]: 0x000000008000258C (0x03F41393) slli x7, x8, 0x3f                       spcl_Mdispatch_hndling+4
x7 <- 0x8000000000000000

mem[X,0x0000000080002590] -> 0xD863
mem[X,0x0000000080002592] -> 0x0003
[3635] [M]: 0x0000000080002590 (0x0003D863) bge x7, x0, 0x10                        spcl_Mdispatch_hndling+8

clint mtime 0x000000000000071A (mip.MTI <- 0b1, mip.STI <- 0b0)
mem[X,0x0000000080002594] -> 0x5413
mem[X,0x0000000080002596] -> 0x0014
[3636] [M]: 0x0000000080002594 (0x00145413) srli x8, x8, 0x1                        spcl_Mdispatch_hndling+12
x8 <- 0x0000000000000005

mem[X,0x0000000080002598] -> 0x0CE3
mem[X,0x000000008000259A] -> 0xF885
[3637] [M]: 0x0000000080002598 (0xF8850CE3) beq x10, x8, -0x68                      spcl_Mdispatch_hndling+16

clint mtime 0x000000000000071B (mip.MTI <- 0b1, mip.STI <- 0b0)
mem[X,0x0000000080002530] -> 0x3303
mem[X,0x0000000080002532] -> 0x2601
[3638] [M]: 0x0000000080002530 (0x26013303) ld x6, 0x260(x2)                        resto_Mrtn+0
mem[R,0x0000000080006260] -> 0x0000000000000010
x6 <- 0x0000000000000010

mem[X,0x0000000080002534] -> 0x3383
mem[X,0x0000000080002536] -> 0x2681
[3639] [M]: 0x0000000080002534 (0x26813383) ld x7, 0x268(x2)                        resto_Mrtn+4
mem[R,0x0000000080006268] -> 0x0000000080006000
x7 <- 0x0000000080006000

clint mtime 0x000000000000071C (mip.MTI <- 0b1, mip.STI <- 0b0)
mem[X,0x0000000080002538] -> 0x3403
mem[X,0x000000008000253A] -> 0x2701
[3640] [M]: 0x0000000080002538 (0x27013403) ld x8, 0x270(x2)                        resto_Mrtn+8
mem[R,0x0000000080006270] -> 0x0000000000007F76
x8 <- 0x0000000000007F76

mem[X,0x000000008000253C] -> 0x3483
mem[X,0x000000008000253E] -> 0x2781
[3641] [M]: 0x000000008000253C (0x27813483) ld x9, 0x278(x2)                        resto_Mrtn+12
mem[R,0x0000000080006278] -> 0x0000000080000DD4
x9 <- 0x0000000080000DD4

clint mtime 0x000000000000071D (mip.MTI <- 0b1, mip.STI <- 0b0)
mem[X,0x0000000080002540] -> 0x3503
mem[X,0x0000000080002542] -> 0x2801
[3642] [M]: 0x0000000080002540 (0x28013503) ld x10, 0x280(x2)                       resto_Mrtn+16
mem[R,0x0000000080006280] -> 0x0000000000000001
x10 <- 0x0000000000000001

mem[X,0x0000000080002544] -> 0x3583
mem[X,0x0000000080002546] -> 0x2881
[3643] [M]: 0x0000000080002544 (0x28813583) ld x11, 0x288(x2)                       resto_Mrtn+20
mem[R,0x0000000080006288] -> 0x0000000000000000
x11 <- 0x0000000000000000

clint mtime 0x000000000000071E (mip.MTI <- 0b1, mip.STI <- 0b0)
mem[X,0x0000000080002548] -> 0x3103
mem[X,0x000000008000254A] -> 0x2901
[3644] [M]: 0x0000000080002548 (0x29013103) ld x2, 0x290(x2)                        resto_Mrtn+24
mem[R,0x0000000080006290] -> 0x0000000000000000
x2 <- 0x0000000000000000

mem[X,0x000000008000254C] -> 0x0073
mem[X,0x000000008000254E] -> 0x3020
[3645] [M]: 0x000000008000254C (0x30200073) mret                                    resto_Mrtn+28
CSR mstatus (0x300) <- 0x0000000A00000080
ret-ing from M to S

clint mtime 0x000000000000071F (mip.MTI <- 0b1, mip.STI <- 0b0)
mem[X,0x00000000800010DC] -> 0xB823
mem[X,0x00000000800010DE] -> 0x08E6
[3646] [S]: 0x00000000800010DC (0x08E6B823) sd x14, 0x90(x13)                       main+3324
mem[W,0x00000000800072A8] <- 0x0000000000000013

mem[X,0x00000000800010E0] -> 0x8793
mem[X,0x00000000800010E2] -> 0x0047
[3647] [S]: 0x00000000800010E0 (0x00478793) addi x15, x15, 0x4                      main+3328
x15 <- 0x0000000080002004

clint mtime 0x0000000000000720 (mip.MTI <- 0b1, mip.STI <- 0b0)
mem[X,0x00000000800010E4] -> 0xA703
mem[X,0x00000000800010E6] -> 0x0007
[3648] [S]: 0x00000000800010E4 (0x0007A703) lw x14, 0x0(x15)                        main+3332
mem[R,0x0000000080002004] -> 0x00000013
x14 <- 0x0000000000000013

mem[X,0x00000000800010E8] -> 0x0013
mem[X,0x00000000800010EA] -> 0x0000
[3649] [S]: 0x00000000800010E8 (0x00000013) addi x0, x0, 0x0                        main+3336

clint mtime 0x0000000000000721 (mip.MTI <- 0b1, mip.STI <- 0b0)
mem[X,0x00000000800010EC] -> 0xBC23
mem[X,0x00000000800010EE] -> 0x08E6
[3650] [S]: 0x00000000800010EC (0x08E6BC23) sd x14, 0x98(x13)                       main+3340
mem[W,0x00000000800072B0] <- 0x0000000000000013

mem[X,0x00000000800010F0] -> 0x0113
mem[X,0x00000000800010F2] -> 0x0000
[3651] [S]: 0x00000000800010F0 (0x00000113) addi x2, x0, 0x0                        main+3344
x2 <- 0x0000000000000000

clint mtime 0x0000000000000722 (mip.MTI <- 0b1, mip.STI <- 0b0)
mem[X,0x00000000800010F4] -> 0x0073
mem[X,0x00000000800010F6] -> 0x0000
[3652] [S]: 0x00000000800010F4 (0x00000073) ecall                                   main+3348
trapping from S to M to handle s-call
handling exc#s-call at priv M with tval 0x0000000000000000
CSR mstatus (0x300) <- 0x0000000A00000800
CSR mcause (0x342) <- 0x0000000000000009
CSR mtval (0x343) <- 0x0000000000000000
CSR mepc (0x341) <- 0x00000000800010F4

mem[X,0x0000000080002100] -> 0x006F
mem[X,0x0000000080002102] -> 0x1000
[3653] [M]: 0x0000000080002100 (0x1000006F) jal x0, 0x100                           Mtrampoline+0

clint mtime 0x0000000000000723 (mip.MTI <- 0b1, mip.STI <- 0b0)
mem[X,0x0000000080002200] -> 0x1173
mem[X,0x0000000080002202] -> 0x3401
[3654] [M]: 0x0000000080002200 (0x34011173) csrrw x2, mscratch, x2                  trap_Mhandler+0
CSR mscratch (0x340) <- 0x0000000000000000
x2 <- 0x0000000080006000

mem[X,0x0000000080002204] -> 0x3423
mem[X,0x0000000080002206] -> 0x28B1
[3655] [M]: 0x0000000080002204 (0x28B13423) sd x11, 0x288(x2)                       trap_Mhandler+4
mem[W,0x0000000080006288] <- 0x0000000000000000

clint mtime 0x0000000000000724 (mip.MTI <- 0b1, mip.STI <- 0b0)
mem[X,0x0000000080002208] -> 0x05EF
mem[X,0x000000008000220A] -> 0x0B80
[3656] [M]: 0x0000000080002208 (0x0B8005EF) jal x11, 0xb8                           trap_Mhandler+8
x11 <- 0x000000008000220C

mem[X,0x00000000800022C0] -> 0x3023
mem[X,0x00000000800022C2] -> 0x28A1
[3657] [M]: 0x00000000800022C0 (0x28A13023) sd x10, 0x280(x2)                       common_Mhandler+0
mem[W,0x0000000080006280] <- 0x0000000000000001

clint mtime 0x0000000000000725 (mip.MTI <- 0b1, mip.STI <- 0b0)
mem[X,0x00000000800022C4] -> 0x1573
mem[X,0x00000000800022C6] -> 0x3401
[3658] [M]: 0x00000000800022C4 (0x34011573) csrrw x10, mscratch, x2                 common_Mhandler+4
CSR mscratch (0x340) <- 0x0000000080006000
x10 <- 0x0000000000000000

mem[X,0x00000000800022C8] -> 0x3823
mem[X,0x00000000800022CA] -> 0x28A1
[3659] [M]: 0x00000000800022C8 (0x28A13823) sd x10, 0x290(x2)                       common_Mhandler+8
mem[W,0x0000000080006290] <- 0x0000000000000000

clint mtime 0x0000000000000726 (mip.MTI <- 0b1, mip.STI <- 0b0)
mem[X,0x00000000800022CC] -> 0x3503
mem[X,0x00000000800022CE] -> 0x2301
[3660] [M]: 0x00000000800022CC (0x23013503) ld x10, 0x230(x2)                       common_Mhandler+12
mem[R,0x0000000080006230] -> 0x00000000800022D4
x10 <- 0x00000000800022D4

mem[X,0x00000000800022D0] -> 0x0067
mem[X,0x00000000800022D2] -> 0x0005
[3661] [M]: 0x00000000800022D0 (0x00050067) jalr x0, 0x0(x10)                       common_Mhandler+16

clint mtime 0x0000000000000727 (mip.MTI <- 0b1, mip.STI <- 0b0)
mem[X,0x00000000800022D4] -> 0x3C23
mem[X,0x00000000800022D6] -> 0x2691
[3662] [M]: 0x00000000800022D4 (0x26913C23) sd x9, 0x278(x2)                        common_Mentry+0
mem[W,0x0000000080006278] <- 0x0000000080000DD4

mem[X,0x00000000800022D8] -> 0x3823
mem[X,0x00000000800022DA] -> 0x2681
[3663] [M]: 0x00000000800022D8 (0x26813823) sd x8, 0x270(x2)                        common_Mentry+4
mem[W,0x0000000080006270] <- 0x0000000000007F76

clint mtime 0x0000000000000728 (mip.MTI <- 0b1, mip.STI <- 0b0)
mem[X,0x00000000800022DC] -> 0x3423
mem[X,0x00000000800022DE] -> 0x2671
[3664] [M]: 0x00000000800022DC (0x26713423) sd x7, 0x268(x2)                        common_Mentry+8
mem[W,0x0000000080006268] <- 0x0000000080006000

mem[X,0x00000000800022E0] -> 0x3023
mem[X,0x00000000800022E2] -> 0x2661
[3665] [M]: 0x00000000800022E0 (0x26613023) sd x6, 0x260(x2)                        common_Mentry+12
mem[W,0x0000000080006260] <- 0x0000000000000010

clint mtime 0x0000000000000729 (mip.MTI <- 0b1, mip.STI <- 0b0)
mem[X,0x00000000800022E4] -> 0x2573
mem[X,0x00000000800022E6] -> 0x3420
[3666] [M]: 0x00000000800022E4 (0x34202573) csrrs x10, mcause, x0                   spcl_M2mmode_test+0
CSR mcause (0x342) -> 0x0000000000000009
x10 <- 0x0000000000000009

mem[X,0x00000000800022E8] -> 0x04B7
mem[X,0x00000000800022EA] -> 0x8000
[3667] [M]: 0x00000000800022E8 (0x800004B7) lui x9, -0x80000                        spcl_M2mmode_test+4
x9 <- 0xFFFFFFFF80000000

clint mtime 0x000000000000072A (mip.MTI <- 0b1, mip.STI <- 0b0)
mem[X,0x00000000800022EC] -> 0x8493
mem[X,0x00000000800022EE] -> 0x0004
[3668] [M]: 0x00000000800022EC (0x00048493) addi x9, x9, 0x0                        spcl_M2mmode_test+8
x9 <- 0xFFFFFFFF80000000

mem[X,0x00000000800022F0] -> 0x9493
mem[X,0x00000000800022F2] -> 0x00B4
[3669] [M]: 0x00000000800022F0 (0x00B49493) slli x9, x9, 0xb                        spcl_M2mmode_test+12
x9 <- 0xFFFFFC0000000000

clint mtime 0x000000000000072B (mip.MTI <- 0b1, mip.STI <- 0b0)
mem[X,0x00000000800022F4] -> 0x8493
mem[X,0x00000000800022F6] -> 0x0004
[3670] [M]: 0x00000000800022F4 (0x00048493) addi x9, x9, 0x0                        spcl_M2mmode_test+16
x9 <- 0xFFFFFC0000000000

mem[X,0x00000000800022F8] -> 0x9493
mem[X,0x00000000800022FA] -> 0x00B4
[3671] [M]: 0x00000000800022F8 (0x00B49493) slli x9, x9, 0xb                        spcl_M2mmode_test+20
x9 <- 0xFFE0000000000000

clint mtime 0x000000000000072C (mip.MTI <- 0b1, mip.STI <- 0b0)
mem[X,0x00000000800022FC] -> 0x8493
mem[X,0x00000000800022FE] -> 0x0034
[3672] [M]: 0x00000000800022FC (0x00348493) addi x9, x9, 0x3                        spcl_M2mmode_test+24
x9 <- 0xFFE0000000000003

mem[X,0x0000000080002300] -> 0x9493
mem[X,0x0000000080002302] -> 0x00A4
[3673] [M]: 0x0000000080002300 (0x00A49493) slli x9, x9, 0xa                        spcl_M2mmode_test+28
x9 <- 0x8000000000000C00

clint mtime 0x000000000000072D (mip.MTI <- 0b1, mip.STI <- 0b0)
mem[X,0x0000000080002304] -> 0x8493
mem[X,0x0000000080002306] -> 0x3FC4
[3674] [M]: 0x0000000080002304 (0x3FC48493) addi x9, x9, 0x3fc                      spcl_M2mmode_test+32
x9 <- 0x8000000000000FFC

mem[X,0x0000000080002308] -> 0xF4B3
mem[X,0x000000008000230A] -> 0x00A4
[3675] [M]: 0x0000000080002308 (0x00A4F4B3) and x9, x9, x10                         spcl_M2mmode_test+36
x9 <- 0x0000000000000008

clint mtime 0x000000000000072E (mip.MTI <- 0b1, mip.STI <- 0b0)
mem[X,0x000000008000230C] -> 0x8493
mem[X,0x000000008000230E] -> 0xFF84
[3676] [M]: 0x000000008000230C (0xFF848493) addi x9, x9, -0x8                       spcl_M2mmode_test+40
x9 <- 0x0000000000000000

mem[X,0x0000000080002310] -> 0x9663
mem[X,0x0000000080002312] -> 0x0004
[3677] [M]: 0x0000000080002310 (0x00049663) bne x9, x0, 0xc                         spcl_M2mmode_test+44

clint mtime 0x000000000000072F (mip.MTI <- 0b1, mip.STI <- 0b0)
mem[X,0x0000000080002314] -> 0x3383
mem[X,0x0000000080002316] -> 0x2901
[3678] [M]: 0x0000000080002314 (0x29013383) ld x7, 0x290(x2)                        spcl_M2mmode_test+48
mem[R,0x0000000080006290] -> 0x0000000000000000
x7 <- 0x0000000000000000

mem[X,0x0000000080002318] -> 0x8263
mem[X,0x000000008000231A] -> 0x6E03
[3679] [M]: 0x0000000080002318 (0x6E038263) beq x7, x0, 0x6e4                       spcl_M2mmode_test+52

clint mtime 0x0000000000000730 (mip.MTI <- 0b1, mip.STI <- 0b0)
mem[X,0x00000000800029FC] -> 0x0493
mem[X,0x00000000800029FE] -> 0xFF55
[3680] [M]: 0x00000000800029FC (0xFF550493) addi x9, x10, -0xb                      rtn2mmode+0
x9 <- 0xFFFFFFFFFFFFFFFE

mem[X,0x0000000080002A00] -> 0x8C63
mem[X,0x0000000080002A02] -> 0x0004
[3681] [M]: 0x0000000080002A00 (0x00048C63) beq x9, x0, 0x18                        rtn2mmode+4

clint mtime 0x0000000000000731 (mip.MTI <- 0b1, mip.STI <- 0b0)
mem[X,0x0000000080002A04] -> 0x3583
mem[X,0x0000000080002A06] -> 0x4701
[3682] [M]: 0x0000000080002A04 (0x47013583) ld x11, 0x470(x2)                       rtn2mmode+8
mem[R,0x0000000080006470] -> 0x00000000800003B4
x11 <- 0x00000000800003B4

mem[X,0x0000000080002A08] -> 0xD463
mem[X,0x0000000080002A0A] -> 0x0003
[3683] [M]: 0x0000000080002A08 (0x0003D463) bge x7, x0, 0x8                         rtn2mmode+12

clint mtime 0x0000000000000732 (mip.MTI <- 0b1, mip.STI <- 0b0)
mem[X,0x0000000080002A10] -> 0x3483
mem[X,0x0000000080002A12] -> 0x1D81
[3684] [M]: 0x0000000080002A10 (0x1D813483) ld x9, 0x1d8(x2)                        from_u_s+0
mem[R,0x00000000800061D8] -> 0x00000000800003B4
x9 <- 0x00000000800003B4

mem[X,0x0000000080002A14] -> 0x84B3
mem[X,0x0000000080002A16] -> 0x40B4
[3685] [M]: 0x0000000080002A14 (0x40B484B3) sub x9, x9, x11                         from_u_s+4
x9 <- 0x0000000000000000

clint mtime 0x0000000000000733 (mip.MTI <- 0b1, mip.STI <- 0b0)
mem[X,0x0000000080002A18] -> 0x23F3
mem[X,0x0000000080002A1A] -> 0x3410
[3686] [M]: 0x0000000080002A18 (0x341023F3) csrrs x7, mepc, x0                      rtn_fm_mmode+0
CSR mepc (0x341) -> 0x00000000800010F4
x7 <- 0x00000000800010F4

mem[X,0x0000000080002A1C] -> 0x83B3
mem[X,0x0000000080002A1E] -> 0x0093
[3687] [M]: 0x0000000080002A1C (0x009383B3) add x7, x7, x9                          rtn_fm_mmode+4
x7 <- 0x00000000800010F4

clint mtime 0x0000000000000734 (mip.MTI <- 0b1, mip.STI <- 0b0)
mem[X,0x0000000080002A20] -> 0x3303
mem[X,0x0000000080002A22] -> 0x2601
[3688] [M]: 0x0000000080002A20 (0x26013303) ld x6, 0x260(x2)                        rtn_fm_mmode+8
mem[R,0x0000000080006260] -> 0x0000000000000010
x6 <- 0x0000000000000010

mem[X,0x0000000080002A24] -> 0x3403
mem[X,0x0000000080002A26] -> 0x2701
[3689] [M]: 0x0000000080002A24 (0x27013403) ld x8, 0x270(x2)                        rtn_fm_mmode+12
mem[R,0x0000000080006270] -> 0x0000000000007F76
x8 <- 0x0000000000007F76

clint mtime 0x0000000000000735 (mip.MTI <- 0b1, mip.STI <- 0b0)
mem[X,0x0000000080002A28] -> 0x3483
mem[X,0x0000000080002A2A] -> 0x2781
[3690] [M]: 0x0000000080002A28 (0x27813483) ld x9, 0x278(x2)                        rtn_fm_mmode+16
mem[R,0x0000000080006278] -> 0x0000000080000DD4
x9 <- 0x0000000080000DD4

mem[X,0x0000000080002A2C] -> 0x3503
mem[X,0x0000000080002A2E] -> 0x2801
[3691] [M]: 0x0000000080002A2C (0x28013503) ld x10, 0x280(x2)                       rtn_fm_mmode+20
mem[R,0x0000000080006280] -> 0x0000000000000001
x10 <- 0x0000000000000001

clint mtime 0x0000000000000736 (mip.MTI <- 0b1, mip.STI <- 0b0)
mem[X,0x0000000080002A30] -> 0x3583
mem[X,0x0000000080002A32] -> 0x2881
[3692] [M]: 0x0000000080002A30 (0x28813583) ld x11, 0x288(x2)                       rtn_fm_mmode+24
mem[R,0x0000000080006288] -> 0x0000000000000000
x11 <- 0x0000000000000000

mem[X,0x0000000080002A34] -> 0x3103
mem[X,0x0000000080002A36] -> 0x2901
[3693] [M]: 0x0000000080002A34 (0x29013103) ld x2, 0x290(x2)                        rtn_fm_mmode+28
mem[R,0x0000000080006290] -> 0x0000000000000000
x2 <- 0x0000000000000000

clint mtime 0x0000000000000737 (mip.MTI <- 0b1, mip.STI <- 0b0)
mem[X,0x0000000080002A38] -> 0x8067
mem[X,0x0000000080002A3A] -> 0x0043
[3694] [M]: 0x0000000080002A38 (0x00438067) jalr x0, 0x4(x7)                        rtn_fm_mmode+32

mem[X,0x00000000800010F8] -> 0x0013
mem[X,0x00000000800010FA] -> 0x0000
[3695] [M]: 0x00000000800010F8 (0x00000013) addi x0, x0, 0x0                        main+3352

clint mtime 0x0000000000000738 (mip.MTI <- 0b1, mip.STI <- 0b0)
mem[X,0x00000000800010FC] -> 0x0013
mem[X,0x00000000800010FE] -> 0x0000
[3696] [M]: 0x00000000800010FC (0x00000013) addi x0, x0, 0x0                        main+3356

mem[X,0x0000000080001100] -> 0x1337
mem[X,0x0000000080001102] -> 0x2000
[3697] [M]: 0x0000000080001100 (0x20001337) lui x6, 0x20001                         main+3360
x6 <- 0x0000000020001000

clint mtime 0x0000000000000739 (mip.MTI <- 0b1, mip.STI <- 0b0)
mem[X,0x0000000080001104] -> 0x031B
mem[X,0x0000000080001106] -> 0x8013
[3698] [M]: 0x0000000080001104 (0x8013031B) addiw x6, x6, -0x7ff                    main+3364
x6 <- 0x0000000020000801

mem[X,0x0000000080001108] -> 0x0001
[3699] [M]: 0x0000000080001108 (0x0001) c.nop                                       main+3368

clint mtime 0x000000000000073A (mip.MTI <- 0b1, mip.STI <- 0b0)
mem[X,0x000000008000110A] -> 0x0013
mem[X,0x000000008000110C] -> 0x0000
[3700] [M]: 0x000000008000110A (0x00000013) addi x0, x0, 0x0                        main+3370

mem[X,0x000000008000110E] -> 0x0013
mem[X,0x0000000080001110] -> 0x0000
[3701] [M]: 0x000000008000110E (0x00000013) addi x0, x0, 0x0                        main+3374

clint mtime 0x000000000000073B (mip.MTI <- 0b1, mip.STI <- 0b0)
mem[X,0x0000000080001112] -> 0x0013
mem[X,0x0000000080001114] -> 0x0000
[3702] [M]: 0x0000000080001112 (0x00000013) addi x0, x0, 0x0                        main+3378

mem[X,0x0000000080001116] -> 0x0013
mem[X,0x0000000080001118] -> 0x0000
[3703] [M]: 0x0000000080001116 (0x00000013) addi x0, x0, 0x0                        main+3382

clint mtime 0x000000000000073C (mip.MTI <- 0b1, mip.STI <- 0b0)
mem[X,0x000000008000111A] -> 0x0013
mem[X,0x000000008000111C] -> 0x0000
[3704] [M]: 0x000000008000111A (0x00000013) addi x0, x0, 0x0                        main+3386

mem[X,0x000000008000111E] -> 0x0001
[3705] [M]: 0x000000008000111E (0x0001) c.nop                                       main+3390

clint mtime 0x000000000000073D (mip.MTI <- 0b1, mip.STI <- 0b0)
mem[X,0x0000000080001120] -> 0x1073
mem[X,0x0000000080001122] -> 0x3B33
[3706] [M]: 0x0000000080001120 (0x3B331073) csrrw x0, pmpaddr3, x6                  main+3392
CSR pmpaddr3 (0x3B3) <- 0x0000000020000801

mem[X,0x0000000080001124] -> 0x0013
mem[X,0x0000000080001126] -> 0x0000
[3707] [M]: 0x0000000080001124 (0x00000013) addi x0, x0, 0x0                        main+3396

clint mtime 0x000000000000073E (mip.MTI <- 0b1, mip.STI <- 0b0)
mem[X,0x0000000080001128] -> 0x0013
mem[X,0x000000008000112A] -> 0x0000
[3708] [M]: 0x0000000080001128 (0x00000013) addi x0, x0, 0x0                        main+3400

mem[X,0x000000008000112C] -> 0x0013
mem[X,0x000000008000112E] -> 0x0000
[3709] [M]: 0x000000008000112C (0x00000013) addi x0, x0, 0x0                        main+3404

clint mtime 0x000000000000073F (mip.MTI <- 0b1, mip.STI <- 0b0)
mem[X,0x0000000080001130] -> 0x0013
mem[X,0x0000000080001132] -> 0x0000
[3710] [M]: 0x0000000080001130 (0x00000013) addi x0, x0, 0x0                        main+3408

mem[X,0x0000000080001134] -> 0x0013
mem[X,0x0000000080001136] -> 0x0000
[3711] [M]: 0x0000000080001134 (0x00000013) addi x0, x0, 0x0                        main+3412

clint mtime 0x0000000000000740 (mip.MTI <- 0b1, mip.STI <- 0b0)
mem[X,0x0000000080001138] -> 0x0013
mem[X,0x000000008000113A] -> 0x0000
[3712] [M]: 0x0000000080001138 (0x00000013) addi x0, x0, 0x0                        main+3416

mem[X,0x000000008000113C] -> 0x0013
mem[X,0x000000008000113E] -> 0x0000
[3713] [M]: 0x000000008000113C (0x00000013) addi x0, x0, 0x0                        main+3420

clint mtime 0x0000000000000741 (mip.MTI <- 0b1, mip.STI <- 0b0)
mem[X,0x0000000080001140] -> 0x12B7
mem[X,0x0000000080001142] -> 0x2000
[3714] [M]: 0x0000000080001140 (0x200012B7) lui x5, 0x20001                         main+3424
x5 <- 0x0000000020001000

mem[X,0x0000000080001144] -> 0x829B
mem[X,0x0000000080001146] -> 0x8002
[3715] [M]: 0x0000000080001144 (0x8002829B) addiw x5, x5, -0x800                    main+3428
x5 <- 0x0000000020000800

clint mtime 0x0000000000000742 (mip.MTI <- 0b1, mip.STI <- 0b0)
mem[X,0x0000000080001148] -> 0x0001
[3716] [M]: 0x0000000080001148 (0x0001) c.nop                                       main+3432

mem[X,0x000000008000114A] -> 0x0013
mem[X,0x000000008000114C] -> 0x0000
[3717] [M]: 0x000000008000114A (0x00000013) addi x0, x0, 0x0                        main+3434

clint mtime 0x0000000000000743 (mip.MTI <- 0b1, mip.STI <- 0b0)
mem[X,0x000000008000114E] -> 0x0013
mem[X,0x0000000080001150] -> 0x0000
[3718] [M]: 0x000000008000114E (0x00000013) addi x0, x0, 0x0                        main+3438

mem[X,0x0000000080001152] -> 0x0013
mem[X,0x0000000080001154] -> 0x0000
[3719] [M]: 0x0000000080001152 (0x00000013) addi x0, x0, 0x0                        main+3442

clint mtime 0x0000000000000744 (mip.MTI <- 0b1, mip.STI <- 0b0)
mem[X,0x0000000080001156] -> 0x0013
mem[X,0x0000000080001158] -> 0x0000
[3720] [M]: 0x0000000080001156 (0x00000013) addi x0, x0, 0x0                        main+3446

mem[X,0x000000008000115A] -> 0x0013
mem[X,0x000000008000115C] -> 0x0000
[3721] [M]: 0x000000008000115A (0x00000013) addi x0, x0, 0x0                        main+3450

clint mtime 0x0000000000000745 (mip.MTI <- 0b1, mip.STI <- 0b0)
mem[X,0x000000008000115E] -> 0x0001
[3722] [M]: 0x000000008000115E (0x0001) c.nop                                       main+3454

mem[X,0x0000000080001160] -> 0x9073
mem[X,0x0000000080001162] -> 0x3B22
[3723] [M]: 0x0000000080001160 (0x3B229073) csrrw x0, pmpaddr2, x5                  main+3456
CSR pmpaddr2 (0x3B2) <- 0x0000000020000800

clint mtime 0x0000000000000746 (mip.MTI <- 0b1, mip.STI <- 0b0)
mem[X,0x0000000080001164] -> 0x0213
mem[X,0x0000000080001166] -> 0x00D0
[3724] [M]: 0x0000000080001164 (0x00D00213) addi x4, x0, 0xd                        main+3460
x4 <- 0x000000000000000D

mem[X,0x0000000080001168] -> 0x1213
mem[X,0x000000008000116A] -> 0x0182
[3725] [M]: 0x0000000080001168 (0x01821213) slli x4, x4, 0x18                       main+3464
x4 <- 0x000000000D000000

clint mtime 0x0000000000000747 (mip.MTI <- 0b1, mip.STI <- 0b0)
mem[X,0x000000008000116C] -> 0x1073
mem[X,0x000000008000116E] -> 0x3A02
[3726] [M]: 0x000000008000116C (0x3A021073) csrrw x0, pmpcfg0, x4                   main+3468
CSR pmpcfg0 (0x3A0) <- 0x000000000D000000

mem[X,0x0000000080001170] -> 0x0493
mem[X,0x0000000080001172] -> 0x0010
[3727] [M]: 0x0000000080001170 (0x00100493) addi x9, x0, 0x1                        main+3472
x9 <- 0x0000000000000001

clint mtime 0x0000000000000748 (mip.MTI <- 0b1, mip.STI <- 0b0)
mem[X,0x0000000080001174] -> 0x9493
mem[X,0x0000000080001176] -> 0x00B4
[3728] [M]: 0x0000000080001174 (0x00B49493) slli x9, x9, 0xb                        main+3476
x9 <- 0x0000000000000800

mem[X,0x0000000080001178] -> 0xB073
mem[X,0x000000008000117A] -> 0x3004
[3729] [M]: 0x0000000080001178 (0x3004B073) csrrc x0, mstatus, x9                   main+3480
CSR mstatus (0x300) <- 0x0000000A00000000

clint mtime 0x0000000000000749 (mip.MTI <- 0b1, mip.STI <- 0b0)
mem[X,0x000000008000117C] -> 0x0493
mem[X,0x000000008000117E] -> 0x0010
[3730] [M]: 0x000000008000117C (0x00100493) addi x9, x0, 0x1                        main+3484
x9 <- 0x0000000000000001

mem[X,0x0000000080001180] -> 0x9493
mem[X,0x0000000080001182] -> 0x00B4
[3731] [M]: 0x0000000080001180 (0x00B49493) slli x9, x9, 0xb                        main+3488
x9 <- 0x0000000000000800

clint mtime 0x000000000000074A (mip.MTI <- 0b1, mip.STI <- 0b0)
mem[X,0x0000000080001184] -> 0xA073
mem[X,0x0000000080001186] -> 0x3004
[3732] [M]: 0x0000000080001184 (0x3004A073) csrrs x0, mstatus, x9                   main+3492
CSR mstatus (0x300) <- 0x0000000A00000800

mem[X,0x0000000080001188] -> 0x23F3
mem[X,0x000000008000118A] -> 0x3400
[3733] [M]: 0x0000000080001188 (0x340023F3) csrrs x7, mscratch, x0                  main+3496
CSR mscratch (0x340) -> 0x0000000080006000
x7 <- 0x0000000080006000

clint mtime 0x000000000000074B (mip.MTI <- 0b1, mip.STI <- 0b0)
mem[X,0x000000008000118C] -> 0xB303
mem[X,0x000000008000118E] -> 0x4703
[3734] [M]: 0x000000008000118C (0x4703B303) ld x6, 0x470(x7)                        main+3500
mem[R,0x0000000080006470] -> 0x00000000800003B4
x6 <- 0x00000000800003B4

mem[X,0x0000000080001190] -> 0xB483
mem[X,0x0000000080001192] -> 0x1D83
[3735] [M]: 0x0000000080001190 (0x1D83B483) ld x9, 0x1d8(x7)                        main+3504
mem[R,0x00000000800061D8] -> 0x00000000800003B4
x9 <- 0x00000000800003B4

clint mtime 0x000000000000074C (mip.MTI <- 0b1, mip.STI <- 0b0)
mem[X,0x0000000080001194] -> 0x0333
mem[X,0x0000000080001196] -> 0x4093
[3736] [M]: 0x0000000080001194 (0x40930333) sub x6, x6, x9                          main+3508
x6 <- 0x0000000000000000

mem[X,0x0000000080001198] -> 0x0313
mem[X,0x000000008000119A] -> 0x0103
[3737] [M]: 0x0000000080001198 (0x01030313) addi x6, x6, 0x10                       main+3512
x6 <- 0x0000000000000010

clint mtime 0x000000000000074D (mip.MTI <- 0b1, mip.STI <- 0b0)
mem[X,0x000000008000119C] -> 0x0497
mem[X,0x000000008000119E] -> 0x0000
[3738] [M]: 0x000000008000119C (0x00000497) auipc x9, 0x0                           main+3516
x9 <- 0x000000008000119C

mem[X,0x00000000800011A0] -> 0x84B3
mem[X,0x00000000800011A2] -> 0x0064
[3739] [M]: 0x00000000800011A0 (0x006484B3) add x9, x9, x6                          main+3520
x9 <- 0x00000000800011AC

clint mtime 0x000000000000074E (mip.MTI <- 0b1, mip.STI <- 0b0)
mem[X,0x00000000800011A4] -> 0x94F3
mem[X,0x00000000800011A6] -> 0x3414
[3740] [M]: 0x00000000800011A4 (0x341494F3) csrrw x9, mepc, x9                      main+3524
CSR mepc (0x341) <- 0x00000000800011AC
x9 <- 0x00000000800010F4

mem[X,0x00000000800011A8] -> 0x0073
mem[X,0x00000000800011AA] -> 0x3020
[3741] [M]: 0x00000000800011A8 (0x30200073) mret                                    main+3528
CSR mstatus (0x300) <- 0x0000000A00000080
ret-ing from M to S

clint mtime 0x000000000000074F (mip.MTI <- 0b1, mip.STI <- 0b0)
mem[X,0x00000000800011AC] -> 0x51B7
mem[X,0x00000000800011AE] -> 0x0000
[3742] [S]: 0x00000000800011AC (0x000051B7) lui x3, 0x5                             main+3532
x3 <- 0x0000000000005000

mem[X,0x00000000800011B0] -> 0x8193
mem[X,0x00000000800011B2] -> 0x6671
[3743] [S]: 0x00000000800011B0 (0x66718193) addi x3, x3, 0x667                      main+3536
x3 <- 0x0000000000005667

clint mtime 0x0000000000000750 (mip.MTI <- 0b1, mip.STI <- 0b0)
mem[X,0x00000000800011B4] -> 0x9193
mem[X,0x00000000800011B6] -> 0x0011
[3744] [S]: 0x00000000800011B4 (0x00119193) slli x3, x3, 0x1                        main+3540
x3 <- 0x000000000000ACCE

mem[X,0x00000000800011B8] -> 0x0013
mem[X,0x00000000800011BA] -> 0x0000
[3745] [S]: 0x00000000800011B8 (0x00000013) addi x0, x0, 0x0                        main+3544

clint mtime 0x0000000000000751 (mip.MTI <- 0b1, mip.STI <- 0b0)
mem[X,0x00000000800011BC] -> 0x0013
mem[X,0x00000000800011BE] -> 0x0000
[3746] [S]: 0x00000000800011BC (0x00000013) addi x0, x0, 0x0                        main+3548

mem[X,0x00000000800011C0] -> 0x1717
mem[X,0x00000000800011C2] -> 0x0000
[3747] [S]: 0x00000000800011C0 (0x00001717) auipc x14, 0x1                          main+3552
x14 <- 0x00000000800021C0

clint mtime 0x0000000000000752 (mip.MTI <- 0b1, mip.STI <- 0b0)
mem[X,0x00000000800011C4] -> 0x0713
mem[X,0x00000000800011C6] -> 0xE407
[3748] [S]: 0x00000000800011C4 (0xE4070713) addi x14, x14, -0x1c0                   main+3556
x14 <- 0x0000000080002000

mem[X,0x00000000800011C8] -> 0x0001
[3749] [S]: 0x00000000800011C8 (0x0001) c.nop                                       main+3560

clint mtime 0x0000000000000753 (mip.MTI <- 0b1, mip.STI <- 0b0)
mem[X,0x00000000800011CA] -> 0x0013
mem[X,0x00000000800011CC] -> 0x0000
[3750] [S]: 0x00000000800011CA (0x00000013) addi x0, x0, 0x0                        main+3562

mem[X,0x00000000800011CE] -> 0x0013
mem[X,0x00000000800011D0] -> 0x0000
[3751] [S]: 0x00000000800011CE (0x00000013) addi x0, x0, 0x0                        main+3566

clint mtime 0x0000000000000754 (mip.MTI <- 0b1, mip.STI <- 0b0)
mem[X,0x00000000800011D2] -> 0x0013
mem[X,0x00000000800011D4] -> 0x0000
[3752] [S]: 0x00000000800011D2 (0x00000013) addi x0, x0, 0x0                        main+3570

mem[X,0x00000000800011D6] -> 0x0013
mem[X,0x00000000800011D8] -> 0x0000
[3753] [S]: 0x00000000800011D6 (0x00000013) addi x0, x0, 0x0                        main+3574

clint mtime 0x0000000000000755 (mip.MTI <- 0b1, mip.STI <- 0b0)
mem[X,0x00000000800011DA] -> 0x0013
mem[X,0x00000000800011DC] -> 0x0000
[3754] [S]: 0x00000000800011DA (0x00000013) addi x0, x0, 0x0                        main+3578

mem[X,0x00000000800011DE] -> 0x0001
[3755] [S]: 0x00000000800011DE (0x0001) c.nop                                       main+3582

clint mtime 0x0000000000000756 (mip.MTI <- 0b1, mip.STI <- 0b0)
mem[X,0x00000000800011E0] -> 0x0217
mem[X,0x00000000800011E2] -> 0x0000
[3756] [S]: 0x00000000800011E0 (0x00000217) auipc x4, 0x0                           main+3584
x4 <- 0x00000000800011E0

mem[X,0x00000000800011E4] -> 0x0213
mem[X,0x00000000800011E6] -> 0x0282
[3757] [S]: 0x00000000800011E4 (0x02820213) addi x4, x4, 0x28                       main+3588
x4 <- 0x0000000080001208

clint mtime 0x0000000000000757 (mip.MTI <- 0b1, mip.STI <- 0b0)
mem[X,0x00000000800011E8] -> 0x0001
[3758] [S]: 0x00000000800011E8 (0x0001) c.nop                                       main+3592

mem[X,0x00000000800011EA] -> 0x0013
mem[X,0x00000000800011EC] -> 0x0000
[3759] [S]: 0x00000000800011EA (0x00000013) addi x0, x0, 0x0                        main+3594

clint mtime 0x0000000000000758 (mip.MTI <- 0b1, mip.STI <- 0b0)
mem[X,0x00000000800011EE] -> 0x0013
mem[X,0x00000000800011F0] -> 0x0000
[3760] [S]: 0x00000000800011EE (0x00000013) addi x0, x0, 0x0                        main+3598

mem[X,0x00000000800011F2] -> 0x0013
mem[X,0x00000000800011F4] -> 0x0000
[3761] [S]: 0x00000000800011F2 (0x00000013) addi x0, x0, 0x0                        main+3602

clint mtime 0x0000000000000759 (mip.MTI <- 0b1, mip.STI <- 0b0)
mem[X,0x00000000800011F6] -> 0x0013
mem[X,0x00000000800011F8] -> 0x0000
[3762] [S]: 0x00000000800011F6 (0x00000013) addi x0, x0, 0x0                        main+3606

mem[X,0x00000000800011FA] -> 0x0013
mem[X,0x00000000800011FC] -> 0x0000
[3763] [S]: 0x00000000800011FA (0x00000013) addi x0, x0, 0x0                        main+3610

clint mtime 0x000000000000075A (mip.MTI <- 0b1, mip.STI <- 0b0)
mem[X,0x00000000800011FE] -> 0x0001
[3764] [S]: 0x00000000800011FE (0x0001) c.nop                                       main+3614

mem[X,0x0000000080001200] -> 0x00E7
mem[X,0x0000000080001202] -> 0x0007
[3765] [S]: 0x0000000080001200 (0x000700E7) jalr x1, 0x0(x14)                       main+3616
x1 <- 0x0000000080001204

clint mtime 0x000000000000075B (mip.MTI <- 0b1, mip.STI <- 0b0)
mem[X,0x0000000080002000] -> 0x0013
mem[X,0x0000000080002002] -> 0x0000
[3766] [S]: 0x0000000080002000 (0x00000013) addi x0, x0, 0x0                        TEST_FOR_EXECUTION+0

mem[X,0x0000000080002004] -> 0x0013
mem[X,0x0000000080002006] -> 0x0000
[3767] [S]: 0x0000000080002004 (0x00000013) addi x0, x0, 0x0                        TEST_FOR_EXECUTION+4

clint mtime 0x000000000000075C (mip.MTI <- 0b1, mip.STI <- 0b0)
mem[X,0x0000000080002008] -> 0x0013
mem[X,0x000000008000200A] -> 0x0000
[3768] [S]: 0x0000000080002008 (0x00000013) addi x0, x0, 0x0                        RETURN_INSTRUCTION+0

mem[X,0x000000008000200C] -> 0x0013
mem[X,0x000000008000200E] -> 0x0000
[3769] [S]: 0x000000008000200C (0x00000013) addi x0, x0, 0x0                        RETURN_INSTRUCTION+4

clint mtime 0x000000000000075D (mip.MTI <- 0b1, mip.STI <- 0b0)
mem[X,0x0000000080002010] -> 0x8067
mem[X,0x0000000080002012] -> 0x0000
[3770] [S]: 0x0000000080002010 (0x00008067) jalr x0, 0x0(x1)                        RETURN_INSTRUCTION+8

mem[X,0x0000000080001204] -> 0x0013
mem[X,0x0000000080001206] -> 0x0000
[3771] [S]: 0x0000000080001204 (0x00000013) addi x0, x0, 0x0                        main+3620

clint mtime 0x000000000000075E (mip.MTI <- 0b1, mip.STI <- 0b0)
mem[X,0x0000000080001208] -> 0x0013
mem[X,0x000000008000120A] -> 0x0000
[3772] [S]: 0x0000000080001208 (0x00000013) addi x0, x0, 0x0                        main+3624

mem[X,0x000000008000120C] -> 0x0713
mem[X,0x000000008000120E] -> 0xFFC7
[3773] [S]: 0x000000008000120C (0xFFC70713) addi x14, x14, -0x4                     main+3628
x14 <- 0x0000000080001FFC

clint mtime 0x000000000000075F (mip.MTI <- 0b1, mip.STI <- 0b0)
mem[X,0x0000000080001210] -> 0x0013
mem[X,0x0000000080001212] -> 0x0000
[3774] [S]: 0x0000000080001210 (0x00000013) addi x0, x0, 0x0                        main+3632

mem[X,0x0000000080001214] -> 0x0013
mem[X,0x0000000080001216] -> 0x0000
[3775] [S]: 0x0000000080001214 (0x00000013) addi x0, x0, 0x0                        main+3636

clint mtime 0x0000000000000760 (mip.MTI <- 0b1, mip.STI <- 0b0)
mem[X,0x0000000080001218] -> 0x0013
mem[X,0x000000008000121A] -> 0x0000
[3776] [S]: 0x0000000080001218 (0x00000013) addi x0, x0, 0x0                        main+3640

mem[X,0x000000008000121C] -> 0x0013
mem[X,0x000000008000121E] -> 0x0000
[3777] [S]: 0x000000008000121C (0x00000013) addi x0, x0, 0x0                        main+3644

clint mtime 0x0000000000000761 (mip.MTI <- 0b1, mip.STI <- 0b0)
mem[X,0x0000000080001220] -> 0x0217
mem[X,0x0000000080001222] -> 0x0000
[3778] [S]: 0x0000000080001220 (0x00000217) auipc x4, 0x0                           main+3648
x4 <- 0x0000000080001220

mem[X,0x0000000080001224] -> 0x0213
mem[X,0x0000000080001226] -> 0x0282
[3779] [S]: 0x0000000080001224 (0x02820213) addi x4, x4, 0x28                       main+3652
x4 <- 0x0000000080001248

clint mtime 0x0000000000000762 (mip.MTI <- 0b1, mip.STI <- 0b0)
mem[X,0x0000000080001228] -> 0x0001
[3780] [S]: 0x0000000080001228 (0x0001) c.nop                                       main+3656

mem[X,0x000000008000122A] -> 0x0013
mem[X,0x000000008000122C] -> 0x0000
[3781] [S]: 0x000000008000122A (0x00000013) addi x0, x0, 0x0                        main+3658

clint mtime 0x0000000000000763 (mip.MTI <- 0b1, mip.STI <- 0b0)
mem[X,0x000000008000122E] -> 0x0013
mem[X,0x0000000080001230] -> 0x0000
[3782] [S]: 0x000000008000122E (0x00000013) addi x0, x0, 0x0                        main+3662

mem[X,0x0000000080001232] -> 0x0013
mem[X,0x0000000080001234] -> 0x0000
[3783] [S]: 0x0000000080001232 (0x00000013) addi x0, x0, 0x0                        main+3666

clint mtime 0x0000000000000764 (mip.MTI <- 0b1, mip.STI <- 0b0)
mem[X,0x0000000080001236] -> 0x0013
mem[X,0x0000000080001238] -> 0x0000
[3784] [S]: 0x0000000080001236 (0x00000013) addi x0, x0, 0x0                        main+3670

mem[X,0x000000008000123A] -> 0x0013
mem[X,0x000000008000123C] -> 0x0000
[3785] [S]: 0x000000008000123A (0x00000013) addi x0, x0, 0x0                        main+3674

clint mtime 0x0000000000000765 (mip.MTI <- 0b1, mip.STI <- 0b0)
mem[X,0x000000008000123E] -> 0x0001
[3786] [S]: 0x000000008000123E (0x0001) c.nop                                       main+3678

mem[X,0x0000000080001240] -> 0x00E7
mem[X,0x0000000080001242] -> 0x0007
[3787] [S]: 0x0000000080001240 (0x000700E7) jalr x1, 0x0(x14)                       main+3680
x1 <- 0x0000000080001244

clint mtime 0x0000000000000766 (mip.MTI <- 0b1, mip.STI <- 0b0)
mem[X,0x0000000080001FFC] -> 0x0013
mem[X,0x0000000080001FFE] -> 0x0000
[3788] [S]: 0x0000000080001FFC (0x00000013) addi x0, x0, 0x0                        main+7196

mem[X,0x0000000080002000] -> 0x0013
mem[X,0x0000000080002002] -> 0x0000
[3789] [S]: 0x0000000080002000 (0x00000013) addi x0, x0, 0x0                        TEST_FOR_EXECUTION+0

clint mtime 0x0000000000000767 (mip.MTI <- 0b1, mip.STI <- 0b0)
mem[X,0x0000000080002004] -> 0x0013
mem[X,0x0000000080002006] -> 0x0000
[3790] [S]: 0x0000000080002004 (0x00000013) addi x0, x0, 0x0                        TEST_FOR_EXECUTION+4

mem[X,0x0000000080002008] -> 0x0013
mem[X,0x000000008000200A] -> 0x0000
[3791] [S]: 0x0000000080002008 (0x00000013) addi x0, x0, 0x0                        RETURN_INSTRUCTION+0

clint mtime 0x0000000000000768 (mip.MTI <- 0b1, mip.STI <- 0b0)
mem[X,0x000000008000200C] -> 0x0013
mem[X,0x000000008000200E] -> 0x0000
[3792] [S]: 0x000000008000200C (0x00000013) addi x0, x0, 0x0                        RETURN_INSTRUCTION+4

mem[X,0x0000000080002010] -> 0x8067
mem[X,0x0000000080002012] -> 0x0000
[3793] [S]: 0x0000000080002010 (0x00008067) jalr x0, 0x0(x1)                        RETURN_INSTRUCTION+8

clint mtime 0x0000000000000769 (mip.MTI <- 0b1, mip.STI <- 0b0)
mem[X,0x0000000080001244] -> 0x0013
mem[X,0x0000000080001246] -> 0x0000
[3794] [S]: 0x0000000080001244 (0x00000013) addi x0, x0, 0x0                        main+3684

mem[X,0x0000000080001248] -> 0x0013
mem[X,0x000000008000124A] -> 0x0000
[3795] [S]: 0x0000000080001248 (0x00000013) addi x0, x0, 0x0                        main+3688

clint mtime 0x000000000000076A (mip.MTI <- 0b1, mip.STI <- 0b0)
mem[X,0x000000008000124C] -> 0x0713
mem[X,0x000000008000124E] -> 0x0087
[3796] [S]: 0x000000008000124C (0x00870713) addi x14, x14, 0x8                      main+3692
x14 <- 0x0000000080002004

mem[X,0x0000000080001250] -> 0x0013
mem[X,0x0000000080001252] -> 0x0000
[3797] [S]: 0x0000000080001250 (0x00000013) addi x0, x0, 0x0                        main+3696

clint mtime 0x000000000000076B (mip.MTI <- 0b1, mip.STI <- 0b0)
mem[X,0x0000000080001254] -> 0x0013
mem[X,0x0000000080001256] -> 0x0000
[3798] [S]: 0x0000000080001254 (0x00000013) addi x0, x0, 0x0                        main+3700

mem[X,0x0000000080001258] -> 0x0013
mem[X,0x000000008000125A] -> 0x0000
[3799] [S]: 0x0000000080001258 (0x00000013) addi x0, x0, 0x0                        main+3704

clint mtime 0x000000000000076C (mip.MTI <- 0b1, mip.STI <- 0b0)
mem[X,0x000000008000125C] -> 0x0013
mem[X,0x000000008000125E] -> 0x0000
[3800] [S]: 0x000000008000125C (0x00000013) addi x0, x0, 0x0                        main+3708

mem[X,0x0000000080001260] -> 0x0217
mem[X,0x0000000080001262] -> 0x0000
[3801] [S]: 0x0000000080001260 (0x00000217) auipc x4, 0x0                           main+3712
x4 <- 0x0000000080001260

clint mtime 0x000000000000076D (mip.MTI <- 0b1, mip.STI <- 0b0)
mem[X,0x0000000080001264] -> 0x0213
mem[X,0x0000000080001266] -> 0x0282
[3802] [S]: 0x0000000080001264 (0x02820213) addi x4, x4, 0x28                       main+3716
x4 <- 0x0000000080001288

mem[X,0x0000000080001268] -> 0x0001
[3803] [S]: 0x0000000080001268 (0x0001) c.nop                                       main+3720

clint mtime 0x000000000000076E (mip.MTI <- 0b1, mip.STI <- 0b0)
mem[X,0x000000008000126A] -> 0x0013
mem[X,0x000000008000126C] -> 0x0000
[3804] [S]: 0x000000008000126A (0x00000013) addi x0, x0, 0x0                        main+3722

mem[X,0x000000008000126E] -> 0x0013
mem[X,0x0000000080001270] -> 0x0000
[3805] [S]: 0x000000008000126E (0x00000013) addi x0, x0, 0x0                        main+3726

clint mtime 0x000000000000076F (mip.MTI <- 0b1, mip.STI <- 0b0)
mem[X,0x0000000080001272] -> 0x0013
mem[X,0x0000000080001274] -> 0x0000
[3806] [S]: 0x0000000080001272 (0x00000013) addi x0, x0, 0x0                        main+3730

mem[X,0x0000000080001276] -> 0x0013
mem[X,0x0000000080001278] -> 0x0000
[3807] [S]: 0x0000000080001276 (0x00000013) addi x0, x0, 0x0                        main+3734

clint mtime 0x0000000000000770 (mip.MTI <- 0b1, mip.STI <- 0b0)
mem[X,0x000000008000127A] -> 0x0013
mem[X,0x000000008000127C] -> 0x0000
[3808] [S]: 0x000000008000127A (0x00000013) addi x0, x0, 0x0                        main+3738

mem[X,0x000000008000127E] -> 0x0001
[3809] [S]: 0x000000008000127E (0x0001) c.nop                                       main+3742

clint mtime 0x0000000000000771 (mip.MTI <- 0b1, mip.STI <- 0b0)
mem[X,0x0000000080001280] -> 0x00E7
mem[X,0x0000000080001282] -> 0x0007
[3810] [S]: 0x0000000080001280 (0x000700E7) jalr x1, 0x0(x14)                       main+3744
x1 <- 0x0000000080001284

mem[X,0x0000000080002004] -> 0x0013
mem[X,0x0000000080002006] -> 0x0000
[3811] [S]: 0x0000000080002004 (0x00000013) addi x0, x0, 0x0                        TEST_FOR_EXECUTION+4

clint mtime 0x0000000000000772 (mip.MTI <- 0b1, mip.STI <- 0b0)
mem[X,0x0000000080002008] -> 0x0013
mem[X,0x000000008000200A] -> 0x0000
[3812] [S]: 0x0000000080002008 (0x00000013) addi x0, x0, 0x0                        RETURN_INSTRUCTION+0

mem[X,0x000000008000200C] -> 0x0013
mem[X,0x000000008000200E] -> 0x0000
[3813] [S]: 0x000000008000200C (0x00000013) addi x0, x0, 0x0                        RETURN_INSTRUCTION+4

clint mtime 0x0000000000000773 (mip.MTI <- 0b1, mip.STI <- 0b0)
mem[X,0x0000000080002010] -> 0x8067
mem[X,0x0000000080002012] -> 0x0000
[3814] [S]: 0x0000000080002010 (0x00008067) jalr x0, 0x0(x1)                        RETURN_INSTRUCTION+8

mem[X,0x0000000080001284] -> 0x0013
mem[X,0x0000000080001286] -> 0x0000
[3815] [S]: 0x0000000080001284 (0x00000013) addi x0, x0, 0x0                        main+3748

clint mtime 0x0000000000000774 (mip.MTI <- 0b1, mip.STI <- 0b0)
mem[X,0x0000000080001288] -> 0x0013
mem[X,0x000000008000128A] -> 0x0000
[3816] [S]: 0x0000000080001288 (0x00000013) addi x0, x0, 0x0                        main+3752

mem[X,0x000000008000128C] -> 0x0293
mem[X,0x000000008000128E] -> 0xFFC0
[3817] [S]: 0x000000008000128C (0xFFC00293) addi x5, x0, -0x4                       main+3756
x5 <- 0xFFFFFFFFFFFFFFFC

clint mtime 0x0000000000000775 (mip.MTI <- 0b1, mip.STI <- 0b0)
mem[X,0x0000000080001290] -> 0x0733
mem[X,0x0000000080001292] -> 0x0057
[3818] [S]: 0x0000000080001290 (0x00570733) add x14, x14, x5                        main+3760
x14 <- 0x0000000080002000

mem[X,0x0000000080001294] -> 0x0013
mem[X,0x0000000080001296] -> 0x0000
[3819] [S]: 0x0000000080001294 (0x00000013) addi x0, x0, 0x0                        main+3764

clint mtime 0x0000000000000776 (mip.MTI <- 0b1, mip.STI <- 0b0)
mem[X,0x0000000080001298] -> 0x0013
mem[X,0x000000008000129A] -> 0x0000
[3820] [S]: 0x0000000080001298 (0x00000013) addi x0, x0, 0x0                        main+3768

mem[X,0x000000008000129C] -> 0x0013
mem[X,0x000000008000129E] -> 0x0000
[3821] [S]: 0x000000008000129C (0x00000013) addi x0, x0, 0x0                        main+3772

clint mtime 0x0000000000000777 (mip.MTI <- 0b1, mip.STI <- 0b0)
mem[X,0x00000000800012A0] -> 0x0217
mem[X,0x00000000800012A2] -> 0x0000
[3822] [S]: 0x00000000800012A0 (0x00000217) auipc x4, 0x0                           main+3776
x4 <- 0x00000000800012A0

mem[X,0x00000000800012A4] -> 0x0213
mem[X,0x00000000800012A6] -> 0x0282
[3823] [S]: 0x00000000800012A4 (0x02820213) addi x4, x4, 0x28                       main+3780
x4 <- 0x00000000800012C8

clint mtime 0x0000000000000778 (mip.MTI <- 0b1, mip.STI <- 0b0)
mem[X,0x00000000800012A8] -> 0x0001
[3824] [S]: 0x00000000800012A8 (0x0001) c.nop                                       main+3784

mem[X,0x00000000800012AA] -> 0x0013
mem[X,0x00000000800012AC] -> 0x0000
[3825] [S]: 0x00000000800012AA (0x00000013) addi x0, x0, 0x0                        main+3786

clint mtime 0x0000000000000779 (mip.MTI <- 0b1, mip.STI <- 0b0)
mem[X,0x00000000800012AE] -> 0x0013
mem[X,0x00000000800012B0] -> 0x0000
[3826] [S]: 0x00000000800012AE (0x00000013) addi x0, x0, 0x0                        main+3790

mem[X,0x00000000800012B2] -> 0x0013
mem[X,0x00000000800012B4] -> 0x0000
[3827] [S]: 0x00000000800012B2 (0x00000013) addi x0, x0, 0x0                        main+3794

clint mtime 0x000000000000077A (mip.MTI <- 0b1, mip.STI <- 0b0)
mem[X,0x00000000800012B6] -> 0x0013
mem[X,0x00000000800012B8] -> 0x0000
[3828] [S]: 0x00000000800012B6 (0x00000013) addi x0, x0, 0x0                        main+3798

mem[X,0x00000000800012BA] -> 0x0013
mem[X,0x00000000800012BC] -> 0x0000
[3829] [S]: 0x00000000800012BA (0x00000013) addi x0, x0, 0x0                        main+3802

clint mtime 0x000000000000077B (mip.MTI <- 0b1, mip.STI <- 0b0)
mem[X,0x00000000800012BE] -> 0x0001
[3830] [S]: 0x00000000800012BE (0x0001) c.nop                                       main+3806

mem[X,0x00000000800012C0] -> 0x00E7
mem[X,0x00000000800012C2] -> 0x0007
[3831] [S]: 0x00000000800012C0 (0x000700E7) jalr x1, 0x0(x14)                       main+3808
x1 <- 0x00000000800012C4

clint mtime 0x000000000000077C (mip.MTI <- 0b1, mip.STI <- 0b0)
mem[X,0x0000000080002000] -> 0x0013
mem[X,0x0000000080002002] -> 0x0000
[3832] [S]: 0x0000000080002000 (0x00000013) addi x0, x0, 0x0                        TEST_FOR_EXECUTION+0

mem[X,0x0000000080002004] -> 0x0013
mem[X,0x0000000080002006] -> 0x0000
[3833] [S]: 0x0000000080002004 (0x00000013) addi x0, x0, 0x0                        TEST_FOR_EXECUTION+4

clint mtime 0x000000000000077D (mip.MTI <- 0b1, mip.STI <- 0b0)
mem[X,0x0000000080002008] -> 0x0013
mem[X,0x000000008000200A] -> 0x0000
[3834] [S]: 0x0000000080002008 (0x00000013) addi x0, x0, 0x0                        RETURN_INSTRUCTION+0

mem[X,0x000000008000200C] -> 0x0013
mem[X,0x000000008000200E] -> 0x0000
[3835] [S]: 0x000000008000200C (0x00000013) addi x0, x0, 0x0                        RETURN_INSTRUCTION+4

clint mtime 0x000000000000077E (mip.MTI <- 0b1, mip.STI <- 0b0)
mem[X,0x0000000080002010] -> 0x8067
mem[X,0x0000000080002012] -> 0x0000
[3836] [S]: 0x0000000080002010 (0x00008067) jalr x0, 0x0(x1)                        RETURN_INSTRUCTION+8

mem[X,0x00000000800012C4] -> 0x0013
mem[X,0x00000000800012C6] -> 0x0000
[3837] [S]: 0x00000000800012C4 (0x00000013) addi x0, x0, 0x0                        main+3812

clint mtime 0x000000000000077F (mip.MTI <- 0b1, mip.STI <- 0b0)
mem[X,0x00000000800012C8] -> 0x0013
mem[X,0x00000000800012CA] -> 0x0000
[3838] [S]: 0x00000000800012C8 (0x00000013) addi x0, x0, 0x0                        main+3816

mem[X,0x00000000800012CC] -> 0x0713
mem[X,0x00000000800012CE] -> 0x0047
[3839] [S]: 0x00000000800012CC (0x00470713) addi x14, x14, 0x4                      main+3820
x14 <- 0x0000000080002004

clint mtime 0x0000000000000780 (mip.MTI <- 0b1, mip.STI <- 0b0)
mem[X,0x00000000800012D0] -> 0x0013
mem[X,0x00000000800012D2] -> 0x0000
[3840] [S]: 0x00000000800012D0 (0x00000013) addi x0, x0, 0x0                        main+3824

mem[X,0x00000000800012D4] -> 0x0013
mem[X,0x00000000800012D6] -> 0x0000
[3841] [S]: 0x00000000800012D4 (0x00000013) addi x0, x0, 0x0                        main+3828

clint mtime 0x0000000000000781 (mip.MTI <- 0b1, mip.STI <- 0b0)
mem[X,0x00000000800012D8] -> 0x0013
mem[X,0x00000000800012DA] -> 0x0000
[3842] [S]: 0x00000000800012D8 (0x00000013) addi x0, x0, 0x0                        main+3832

mem[X,0x00000000800012DC] -> 0x0013
mem[X,0x00000000800012DE] -> 0x0000
[3843] [S]: 0x00000000800012DC (0x00000013) addi x0, x0, 0x0                        main+3836

clint mtime 0x0000000000000782 (mip.MTI <- 0b1, mip.STI <- 0b0)
mem[X,0x00000000800012E0] -> 0x0217
mem[X,0x00000000800012E2] -> 0x0000
[3844] [S]: 0x00000000800012E0 (0x00000217) auipc x4, 0x0                           main+3840
x4 <- 0x00000000800012E0

mem[X,0x00000000800012E4] -> 0x0213
mem[X,0x00000000800012E6] -> 0x0282
[3845] [S]: 0x00000000800012E4 (0x02820213) addi x4, x4, 0x28                       main+3844
x4 <- 0x0000000080001308

clint mtime 0x0000000000000783 (mip.MTI <- 0b1, mip.STI <- 0b0)
mem[X,0x00000000800012E8] -> 0x0001
[3846] [S]: 0x00000000800012E8 (0x0001) c.nop                                       main+3848

mem[X,0x00000000800012EA] -> 0x0013
mem[X,0x00000000800012EC] -> 0x0000
[3847] [S]: 0x00000000800012EA (0x00000013) addi x0, x0, 0x0                        main+3850

clint mtime 0x0000000000000784 (mip.MTI <- 0b1, mip.STI <- 0b0)
mem[X,0x00000000800012EE] -> 0x0013
mem[X,0x00000000800012F0] -> 0x0000
[3848] [S]: 0x00000000800012EE (0x00000013) addi x0, x0, 0x0                        main+3854

mem[X,0x00000000800012F2] -> 0x0013
mem[X,0x00000000800012F4] -> 0x0000
[3849] [S]: 0x00000000800012F2 (0x00000013) addi x0, x0, 0x0                        main+3858

clint mtime 0x0000000000000785 (mip.MTI <- 0b1, mip.STI <- 0b0)
mem[X,0x00000000800012F6] -> 0x0013
mem[X,0x00000000800012F8] -> 0x0000
[3850] [S]: 0x00000000800012F6 (0x00000013) addi x0, x0, 0x0                        main+3862

mem[X,0x00000000800012FA] -> 0x0013
mem[X,0x00000000800012FC] -> 0x0000
[3851] [S]: 0x00000000800012FA (0x00000013) addi x0, x0, 0x0                        main+3866

clint mtime 0x0000000000000786 (mip.MTI <- 0b1, mip.STI <- 0b0)
mem[X,0x00000000800012FE] -> 0x0001
[3852] [S]: 0x00000000800012FE (0x0001) c.nop                                       main+3870

mem[X,0x0000000080001300] -> 0x00E7
mem[X,0x0000000080001302] -> 0x0007
[3853] [S]: 0x0000000080001300 (0x000700E7) jalr x1, 0x0(x14)                       main+3872
x1 <- 0x0000000080001304

clint mtime 0x0000000000000787 (mip.MTI <- 0b1, mip.STI <- 0b0)
mem[X,0x0000000080002004] -> 0x0013
mem[X,0x0000000080002006] -> 0x0000
[3854] [S]: 0x0000000080002004 (0x00000013) addi x0, x0, 0x0                        TEST_FOR_EXECUTION+4

mem[X,0x0000000080002008] -> 0x0013
mem[X,0x000000008000200A] -> 0x0000
[3855] [S]: 0x0000000080002008 (0x00000013) addi x0, x0, 0x0                        RETURN_INSTRUCTION+0

clint mtime 0x0000000000000788 (mip.MTI <- 0b1, mip.STI <- 0b0)
mem[X,0x000000008000200C] -> 0x0013
mem[X,0x000000008000200E] -> 0x0000
[3856] [S]: 0x000000008000200C (0x00000013) addi x0, x0, 0x0                        RETURN_INSTRUCTION+4

mem[X,0x0000000080002010] -> 0x8067
mem[X,0x0000000080002012] -> 0x0000
[3857] [S]: 0x0000000080002010 (0x00008067) jalr x0, 0x0(x1)                        RETURN_INSTRUCTION+8

clint mtime 0x0000000000000789 (mip.MTI <- 0b1, mip.STI <- 0b0)
mem[X,0x0000000080001304] -> 0x0013
mem[X,0x0000000080001306] -> 0x0000
[3858] [S]: 0x0000000080001304 (0x00000013) addi x0, x0, 0x0                        main+3876

mem[X,0x0000000080001308] -> 0x0013
mem[X,0x000000008000130A] -> 0x0000
[3859] [S]: 0x0000000080001308 (0x00000013) addi x0, x0, 0x0                        main+3880

clint mtime 0x000000000000078A (mip.MTI <- 0b1, mip.STI <- 0b0)
mem[X,0x000000008000130C] -> 0x0737
mem[X,0x000000008000130E] -> 0x0000
[3860] [S]: 0x000000008000130C (0x00000737) lui x14, 0x0                            main+3884
x14 <- 0x0000000000000000

mem[X,0x0000000080001310] -> 0x0713
mem[X,0x0000000080001312] -> 0x0137
[3861] [S]: 0x0000000080001310 (0x01370713) addi x14, x14, 0x13                     main+3888
x14 <- 0x0000000000000013

clint mtime 0x000000000000078B (mip.MTI <- 0b1, mip.STI <- 0b0)
mem[X,0x0000000080001314] -> 0x1713
mem[X,0x0000000080001316] -> 0x00B7
[3862] [S]: 0x0000000080001314 (0x00B71713) slli x14, x14, 0xb                      main+3892
x14 <- 0x0000000000009800

mem[X,0x0000000080001318] -> 0x0713
mem[X,0x000000008000131A] -> 0x0007
[3863] [S]: 0x0000000080001318 (0x00070713) addi x14, x14, 0x0                      main+3896
x14 <- 0x0000000000009800

clint mtime 0x000000000000078C (mip.MTI <- 0b1, mip.STI <- 0b0)
mem[X,0x000000008000131C] -> 0x1713
mem[X,0x000000008000131E] -> 0x00B7
[3864] [S]: 0x000000008000131C (0x00B71713) slli x14, x14, 0xb                      main+3900
x14 <- 0x0000000004C00000

mem[X,0x0000000080001320] -> 0x0713
mem[X,0x0000000080001322] -> 0x0007
[3865] [S]: 0x0000000080001320 (0x00070713) addi x14, x14, 0x0                      main+3904
x14 <- 0x0000000004C00000

clint mtime 0x000000000000078D (mip.MTI <- 0b1, mip.STI <- 0b0)
mem[X,0x0000000080001324] -> 0x1713
mem[X,0x0000000080001326] -> 0x00A7
[3866] [S]: 0x0000000080001324 (0x00A71713) slli x14, x14, 0xa                      main+3908
x14 <- 0x0000001300000000

mem[X,0x0000000080001328] -> 0x0713
mem[X,0x000000008000132A] -> 0x0137
[3867] [S]: 0x0000000080001328 (0x01370713) addi x14, x14, 0x13                     main+3912
x14 <- 0x0000001300000013

clint mtime 0x000000000000078E (mip.MTI <- 0b1, mip.STI <- 0b0)
mem[X,0x000000008000132C] -> 0x0013
mem[X,0x000000008000132E] -> 0x0000
[3868] [S]: 0x000000008000132C (0x00000013) addi x0, x0, 0x0                        main+3916

mem[X,0x0000000080001330] -> 0x0013
mem[X,0x0000000080001332] -> 0x0000
[3869] [S]: 0x0000000080001330 (0x00000013) addi x0, x0, 0x0                        main+3920

clint mtime 0x000000000000078F (mip.MTI <- 0b1, mip.STI <- 0b0)
mem[X,0x0000000080001334] -> 0x0013
mem[X,0x0000000080001336] -> 0x0000
[3870] [S]: 0x0000000080001334 (0x00000013) addi x0, x0, 0x0                        main+3924

mem[X,0x0000000080001338] -> 0x0013
mem[X,0x000000008000133A] -> 0x0000
[3871] [S]: 0x0000000080001338 (0x00000013) addi x0, x0, 0x0                        main+3928

clint mtime 0x0000000000000790 (mip.MTI <- 0b1, mip.STI <- 0b0)
mem[X,0x000000008000133C] -> 0x0013
mem[X,0x000000008000133E] -> 0x0000
[3872] [S]: 0x000000008000133C (0x00000013) addi x0, x0, 0x0                        main+3932

mem[X,0x0000000080001340] -> 0x1797
mem[X,0x0000000080001342] -> 0x0000
[3873] [S]: 0x0000000080001340 (0x00001797) auipc x15, 0x1                          main+3936
x15 <- 0x0000000080002340

clint mtime 0x0000000000000791 (mip.MTI <- 0b1, mip.STI <- 0b0)
mem[X,0x0000000080001344] -> 0x8793
mem[X,0x0000000080001346] -> 0xCC07
[3874] [S]: 0x0000000080001344 (0xCC078793) addi x15, x15, -0x340                   main+3940
x15 <- 0x0000000080002000

mem[X,0x0000000080001348] -> 0x0001
[3875] [S]: 0x0000000080001348 (0x0001) c.nop                                       main+3944

clint mtime 0x0000000000000792 (mip.MTI <- 0b1, mip.STI <- 0b0)
mem[X,0x000000008000134A] -> 0x0013
mem[X,0x000000008000134C] -> 0x0000
[3876] [S]: 0x000000008000134A (0x00000013) addi x0, x0, 0x0                        main+3946

mem[X,0x000000008000134E] -> 0x0013
mem[X,0x0000000080001350] -> 0x0000
[3877] [S]: 0x000000008000134E (0x00000013) addi x0, x0, 0x0                        main+3950

clint mtime 0x0000000000000793 (mip.MTI <- 0b1, mip.STI <- 0b0)
mem[X,0x0000000080001352] -> 0x0013
mem[X,0x0000000080001354] -> 0x0000
[3878] [S]: 0x0000000080001352 (0x00000013) addi x0, x0, 0x0                        main+3954

mem[X,0x0000000080001356] -> 0x0013
mem[X,0x0000000080001358] -> 0x0000
[3879] [S]: 0x0000000080001356 (0x00000013) addi x0, x0, 0x0                        main+3958

clint mtime 0x0000000000000794 (mip.MTI <- 0b1, mip.STI <- 0b0)
mem[X,0x000000008000135A] -> 0x0013
mem[X,0x000000008000135C] -> 0x0000
[3880] [S]: 0x000000008000135A (0x00000013) addi x0, x0, 0x0                        main+3962

mem[X,0x000000008000135E] -> 0x0001
[3881] [S]: 0x000000008000135E (0x0001) c.nop                                       main+3966

clint mtime 0x0000000000000795 (mip.MTI <- 0b1, mip.STI <- 0b0)
mem[X,0x0000000080001360] -> 0xA023
mem[X,0x0000000080001362] -> 0x00E7
[3882] [S]: 0x0000000080001360 (0x00E7A023) sw x14, 0x0(x15)                        main+3968
trapping from S to M to handle store/amo-access-fault
handling exc#store/amo-access-fault at priv M with tval 0x0000000080002000
CSR mstatus (0x300) <- 0x0000000A00000800
CSR mcause (0x342) <- 0x0000000000000007
CSR mtval (0x343) <- 0x0000000080002000
CSR mepc (0x341) <- 0x0000000080001360

mem[X,0x0000000080002100] -> 0x006F
mem[X,0x0000000080002102] -> 0x1000
[3883] [M]: 0x0000000080002100 (0x1000006F) jal x0, 0x100                           Mtrampoline+0

clint mtime 0x0000000000000796 (mip.MTI <- 0b1, mip.STI <- 0b0)
mem[X,0x0000000080002200] -> 0x1173
mem[X,0x0000000080002202] -> 0x3401
[3884] [M]: 0x0000000080002200 (0x34011173) csrrw x2, mscratch, x2                  trap_Mhandler+0
CSR mscratch (0x340) <- 0x0000000000000000
x2 <- 0x0000000080006000

mem[X,0x0000000080002204] -> 0x3423
mem[X,0x0000000080002206] -> 0x28B1
[3885] [M]: 0x0000000080002204 (0x28B13423) sd x11, 0x288(x2)                       trap_Mhandler+4
mem[W,0x0000000080006288] <- 0x0000000000000000

clint mtime 0x0000000000000797 (mip.MTI <- 0b1, mip.STI <- 0b0)
mem[X,0x0000000080002208] -> 0x05EF
mem[X,0x000000008000220A] -> 0x0B80
[3886] [M]: 0x0000000080002208 (0x0B8005EF) jal x11, 0xb8                           trap_Mhandler+8
x11 <- 0x000000008000220C

mem[X,0x00000000800022C0] -> 0x3023
mem[X,0x00000000800022C2] -> 0x28A1
[3887] [M]: 0x00000000800022C0 (0x28A13023) sd x10, 0x280(x2)                       common_Mhandler+0
mem[W,0x0000000080006280] <- 0x0000000000000001

clint mtime 0x0000000000000798 (mip.MTI <- 0b1, mip.STI <- 0b0)
mem[X,0x00000000800022C4] -> 0x1573
mem[X,0x00000000800022C6] -> 0x3401
[3888] [M]: 0x00000000800022C4 (0x34011573) csrrw x10, mscratch, x2                 common_Mhandler+4
CSR mscratch (0x340) <- 0x0000000080006000
x10 <- 0x0000000000000000

mem[X,0x00000000800022C8] -> 0x3823
mem[X,0x00000000800022CA] -> 0x28A1
[3889] [M]: 0x00000000800022C8 (0x28A13823) sd x10, 0x290(x2)                       common_Mhandler+8
mem[W,0x0000000080006290] <- 0x0000000000000000

clint mtime 0x0000000000000799 (mip.MTI <- 0b1, mip.STI <- 0b0)
mem[X,0x00000000800022CC] -> 0x3503
mem[X,0x00000000800022CE] -> 0x2301
[3890] [M]: 0x00000000800022CC (0x23013503) ld x10, 0x230(x2)                       common_Mhandler+12
mem[R,0x0000000080006230] -> 0x00000000800022D4
x10 <- 0x00000000800022D4

mem[X,0x00000000800022D0] -> 0x0067
mem[X,0x00000000800022D2] -> 0x0005
[3891] [M]: 0x00000000800022D0 (0x00050067) jalr x0, 0x0(x10)                       common_Mhandler+16

clint mtime 0x000000000000079A (mip.MTI <- 0b1, mip.STI <- 0b0)
mem[X,0x00000000800022D4] -> 0x3C23
mem[X,0x00000000800022D6] -> 0x2691
[3892] [M]: 0x00000000800022D4 (0x26913C23) sd x9, 0x278(x2)                        common_Mentry+0
mem[W,0x0000000080006278] <- 0x00000000800010F4

mem[X,0x00000000800022D8] -> 0x3823
mem[X,0x00000000800022DA] -> 0x2681
[3893] [M]: 0x00000000800022D8 (0x26813823) sd x8, 0x270(x2)                        common_Mentry+4
mem[W,0x0000000080006270] <- 0x0000000000007F76

clint mtime 0x000000000000079B (mip.MTI <- 0b1, mip.STI <- 0b0)
mem[X,0x00000000800022DC] -> 0x3423
mem[X,0x00000000800022DE] -> 0x2671
[3894] [M]: 0x00000000800022DC (0x26713423) sd x7, 0x268(x2)                        common_Mentry+8
mem[W,0x0000000080006268] <- 0x0000000080006000

mem[X,0x00000000800022E0] -> 0x3023
mem[X,0x00000000800022E2] -> 0x2661
[3895] [M]: 0x00000000800022E0 (0x26613023) sd x6, 0x260(x2)                        common_Mentry+12
mem[W,0x0000000080006260] <- 0x0000000000000010

clint mtime 0x000000000000079C (mip.MTI <- 0b1, mip.STI <- 0b0)
mem[X,0x00000000800022E4] -> 0x2573
mem[X,0x00000000800022E6] -> 0x3420
[3896] [M]: 0x00000000800022E4 (0x34202573) csrrs x10, mcause, x0                   spcl_M2mmode_test+0
CSR mcause (0x342) -> 0x0000000000000007
x10 <- 0x0000000000000007

mem[X,0x00000000800022E8] -> 0x04B7
mem[X,0x00000000800022EA] -> 0x8000
[3897] [M]: 0x00000000800022E8 (0x800004B7) lui x9, -0x80000                        spcl_M2mmode_test+4
x9 <- 0xFFFFFFFF80000000

clint mtime 0x000000000000079D (mip.MTI <- 0b1, mip.STI <- 0b0)
mem[X,0x00000000800022EC] -> 0x8493
mem[X,0x00000000800022EE] -> 0x0004
[3898] [M]: 0x00000000800022EC (0x00048493) addi x9, x9, 0x0                        spcl_M2mmode_test+8
x9 <- 0xFFFFFFFF80000000

mem[X,0x00000000800022F0] -> 0x9493
mem[X,0x00000000800022F2] -> 0x00B4
[3899] [M]: 0x00000000800022F0 (0x00B49493) slli x9, x9, 0xb                        spcl_M2mmode_test+12
x9 <- 0xFFFFFC0000000000

clint mtime 0x000000000000079E (mip.MTI <- 0b1, mip.STI <- 0b0)
mem[X,0x00000000800022F4] -> 0x8493
mem[X,0x00000000800022F6] -> 0x0004
[3900] [M]: 0x00000000800022F4 (0x00048493) addi x9, x9, 0x0                        spcl_M2mmode_test+16
x9 <- 0xFFFFFC0000000000

mem[X,0x00000000800022F8] -> 0x9493
mem[X,0x00000000800022FA] -> 0x00B4
[3901] [M]: 0x00000000800022F8 (0x00B49493) slli x9, x9, 0xb                        spcl_M2mmode_test+20
x9 <- 0xFFE0000000000000

clint mtime 0x000000000000079F (mip.MTI <- 0b1, mip.STI <- 0b0)
mem[X,0x00000000800022FC] -> 0x8493
mem[X,0x00000000800022FE] -> 0x0034
[3902] [M]: 0x00000000800022FC (0x00348493) addi x9, x9, 0x3                        spcl_M2mmode_test+24
x9 <- 0xFFE0000000000003

mem[X,0x0000000080002300] -> 0x9493
mem[X,0x0000000080002302] -> 0x00A4
[3903] [M]: 0x0000000080002300 (0x00A49493) slli x9, x9, 0xa                        spcl_M2mmode_test+28
x9 <- 0x8000000000000C00

clint mtime 0x00000000000007A0 (mip.MTI <- 0b1, mip.STI <- 0b0)
mem[X,0x0000000080002304] -> 0x8493
mem[X,0x0000000080002306] -> 0x3FC4
[3904] [M]: 0x0000000080002304 (0x3FC48493) addi x9, x9, 0x3fc                      spcl_M2mmode_test+32
x9 <- 0x8000000000000FFC

mem[X,0x0000000080002308] -> 0xF4B3
mem[X,0x000000008000230A] -> 0x00A4
[3905] [M]: 0x0000000080002308 (0x00A4F4B3) and x9, x9, x10                         spcl_M2mmode_test+36
x9 <- 0x0000000000000004

clint mtime 0x00000000000007A1 (mip.MTI <- 0b1, mip.STI <- 0b0)
mem[X,0x000000008000230C] -> 0x8493
mem[X,0x000000008000230E] -> 0xFF84
[3906] [M]: 0x000000008000230C (0xFF848493) addi x9, x9, -0x8                       spcl_M2mmode_test+40
x9 <- 0xFFFFFFFFFFFFFFFC

mem[X,0x0000000080002310] -> 0x9663
mem[X,0x0000000080002312] -> 0x0004
[3907] [M]: 0x0000000080002310 (0x00049663) bne x9, x0, 0xc                         spcl_M2mmode_test+44

clint mtime 0x00000000000007A2 (mip.MTI <- 0b1, mip.STI <- 0b0)
mem[X,0x000000008000231C] -> 0x0393
mem[X,0x000000008000231E] -> 0x0200
[3908] [M]: 0x000000008000231C (0x02000393) addi x7, x0, 0x20                       Mtrapsig_ptr_upd+0
x7 <- 0x0000000000000020

mem[X,0x0000000080002320] -> 0x5263
mem[X,0x0000000080002322] -> 0x0405
[3909] [M]: 0x0000000080002320 (0x04055263) bge x10, x0, 0x44                       Mtrapsig_ptr_upd+4

clint mtime 0x00000000000007A3 (mip.MTI <- 0b1, mip.STI <- 0b0)
mem[X,0x0000000080002364] -> 0x2373
mem[X,0x0000000080002366] -> 0x3010
[3910] [M]: 0x0000000080002364 (0x30102373) csrrs x6, misa, x0                      Mxcpt_sig_sv+0
CSR misa (0x301) -> 0x800000000034112F
x6 <- 0x800000000034112F

mem[X,0x0000000080002368] -> 0x1313
mem[X,0x000000008000236A] -> 0x0383
[3911] [M]: 0x0000000080002368 (0x03831313) slli x6, x6, 0x38                       Mxcpt_sig_sv+4
x6 <- 0x2F00000000000000

clint mtime 0x00000000000007A4 (mip.MTI <- 0b1, mip.STI <- 0b0)
mem[X,0x000000008000236C] -> 0x5463
mem[X,0x000000008000236E] -> 0x0003
[3912] [M]: 0x000000008000236C (0x00035463) bge x6, x0, 0x8                         Mxcpt_sig_sv+8

mem[X,0x0000000080002374] -> 0x3303
mem[X,0x0000000080002376] -> 0x2181
[3913] [M]: 0x0000000080002374 (0x21813303) ld x6, 0x218(x2)                        Mtrap_sig_sv+0
mem[R,0x0000000080006218] -> 0x0000000080007580
x6 <- 0x0000000080007580

clint mtime 0x00000000000007A5 (mip.MTI <- 0b1, mip.STI <- 0b0)
mem[X,0x0000000080002378] -> 0x04B3
mem[X,0x000000008000237A] -> 0x0073
[3914] [M]: 0x0000000080002378 (0x007304B3) add x9, x6, x7                          Mtrap_sig_sv+4
x9 <- 0x00000000800075A0

mem[X,0x000000008000237C] -> 0x3C23
mem[X,0x000000008000237E] -> 0x2091
[3915] [M]: 0x000000008000237C (0x20913C23) sd x9, 0x218(x2)                        Mtrap_sig_sv+8
mem[W,0x0000000080006218] <- 0x00000000800075A0

clint mtime 0x00000000000007A6 (mip.MTI <- 0b1, mip.STI <- 0b0)
mem[X,0x0000000080002380] -> 0x3403
mem[X,0x0000000080002382] -> 0x1F81
[3916] [M]: 0x0000000080002380 (0x1F813403) ld x8, 0x1f8(x2)                        Mtrap_sig_sv+12
mem[R,0x00000000800061F8] -> 0x0000000080007210
x8 <- 0x0000000080007210

mem[X,0x0000000080002384] -> 0x0333
mem[X,0x0000000080002386] -> 0x4083
[3917] [M]: 0x0000000080002384 (0x40830333) sub x6, x6, x8                          Mtrap_sig_sv+16
x6 <- 0x0000000000000370

clint mtime 0x00000000000007A7 (mip.MTI <- 0b1, mip.STI <- 0b0)
mem[X,0x0000000080002388] -> 0x3403
mem[X,0x000000008000238A] -> 0x1F81
[3918] [M]: 0x0000000080002388 (0x1F813403) ld x8, 0x1f8(x2)                        Mtrap_sig_sv+20
mem[R,0x00000000800061F8] -> 0x0000000080007210
x8 <- 0x0000000080007210

mem[X,0x000000008000238C] -> 0x0333
mem[X,0x000000008000238E] -> 0x0083
[3919] [M]: 0x000000008000238C (0x00830333) add x6, x6, x8                          Mtrap_sig_sv+24
x6 <- 0x0000000080007580

clint mtime 0x00000000000007A8 (mip.MTI <- 0b1, mip.STI <- 0b0)
mem[X,0x0000000080002390] -> 0x3403
mem[X,0x0000000080002392] -> 0x2401
[3920] [M]: 0x0000000080002390 (0x24013403) ld x8, 0x240(x2)                        Mtrap_sig_sv+28
mem[R,0x0000000080006240] -> 0x0000000080002100
x8 <- 0x0000000080002100

mem[X,0x0000000080002394] -> 0x85B3
mem[X,0x0000000080002396] -> 0x4085
[3921] [M]: 0x0000000080002394 (0x408585B3) sub x11, x11, x8                        sv_Mvect+0
x11 <- 0x000000000000010C

clint mtime 0x00000000000007A9 (mip.MTI <- 0b1, mip.STI <- 0b0)
mem[X,0x0000000080002398] -> 0x9593
mem[X,0x000000008000239A] -> 0x0045
[3922] [M]: 0x0000000080002398 (0x00459593) slli x11, x11, 0x4                      sv_Mvect+4
x11 <- 0x00000000000010C0

mem[X,0x000000008000239C] -> 0xE5B3
mem[X,0x000000008000239E] -> 0x0075
[3923] [M]: 0x000000008000239C (0x0075E5B3) or x11, x11, x7                         sv_Mvect+8
x11 <- 0x00000000000010E0

clint mtime 0x00000000000007AA (mip.MTI <- 0b1, mip.STI <- 0b0)
mem[X,0x00000000800023A0] -> 0x8593
mem[X,0x00000000800023A2] -> 0x0035
[3924] [M]: 0x00000000800023A0 (0x00358593) addi x11, x11, 0x3                      sv_Mvect+12
x11 <- 0x00000000000010E3

mem[X,0x00000000800023A4] -> 0x3023
mem[X,0x00000000800023A6] -> 0x00B3
[3925] [M]: 0x00000000800023A4 (0x00B33023) sd x11, 0x0(x6)                         sv_Mvect+16
mem[W,0x0000000080007580] <- 0x00000000000010E3

clint mtime 0x00000000000007AB (mip.MTI <- 0b1, mip.STI <- 0b0)
mem[X,0x00000000800023A8] -> 0x3423
mem[X,0x00000000800023AA] -> 0x00A3
[3926] [M]: 0x00000000800023A8 (0x00A33423) sd x10, 0x8(x6)                         sv_Mcause+0
mem[W,0x0000000080007588] <- 0x0000000000000007

mem[X,0x00000000800023AC] -> 0x4263
mem[X,0x00000000800023AE] -> 0x1A05
[3927] [M]: 0x00000000800023AC (0x1A054263) blt x10, x0, 0x1a4                      sv_Mcause+4

clint mtime 0x00000000000007AC (mip.MTI <- 0b1, mip.STI <- 0b0)
mem[X,0x00000000800023B0] -> 0x25F3
mem[X,0x00000000800023B2] -> 0x3000
[3928] [M]: 0x00000000800023B0 (0x300025F3) csrrs x11, mstatus, x0                  common_Mexcpt_handler+0
CSR mstatus (0x300) -> 0x0000000A00000800
x11 <- 0x0000000A00000800

mem[X,0x00000000800023B4] -> 0x9413
mem[X,0x00000000800023B6] -> 0x02E5
[3929] [M]: 0x00000000800023B4 (0x02E59413) slli x8, x11, 0x2e                      common_Mexcpt_handler+4
x8 <- 0x0200000000000000

clint mtime 0x00000000000007AD (mip.MTI <- 0b1, mip.STI <- 0b0)
mem[X,0x00000000800023B8] -> 0x5463
mem[X,0x00000000800023BA] -> 0x0004
[3930] [M]: 0x00000000800023B8 (0x00045463) bge x8, x0, 0x8                         common_Mexcpt_handler+8

mem[X,0x00000000800023C0] -> 0xD493
mem[X,0x00000000800023C2] -> 0x00B5
[3931] [M]: 0x00000000800023C0 (0x00B5D493) srli x9, x11, 0xb                       common_Mexcpt_handler+16
x9 <- 0x0000000001400001

clint mtime 0x00000000000007AE (mip.MTI <- 0b1, mip.STI <- 0b0)
mem[X,0x00000000800023C4] -> 0xF493
mem[X,0x00000000800023C6] -> 0x0034
[3932] [M]: 0x00000000800023C4 (0x0034F493) andi x9, x9, 0x3                        common_Mexcpt_handler+20
x9 <- 0x0000000000000001

mem[X,0x00000000800023C8] -> 0x8493
mem[X,0x00000000800023CA] -> 0x0014
[3933] [M]: 0x00000000800023C8 (0x00148493) addi x9, x9, 0x1                        common_Mexcpt_handler+24
x9 <- 0x0000000000000002

clint mtime 0x00000000000007AF (mip.MTI <- 0b1, mip.STI <- 0b0)
mem[X,0x00000000800023CC] -> 0xF493
mem[X,0x00000000800023CE] -> 0x0044
[3934] [M]: 0x00000000800023CC (0x0044F493) andi x9, x9, 0x4                        common_Mexcpt_handler+28
x9 <- 0x0000000000000000

mem[X,0x00000000800023D0] -> 0x0593
mem[X,0x00000000800023D2] -> 0x05D0
[3935] [M]: 0x00000000800023D0 (0x05D00593) addi x11, x0, 0x5d                      common_Mexcpt_handler+32
x11 <- 0x000000000000005D

clint mtime 0x00000000000007B0 (mip.MTI <- 0b1, mip.STI <- 0b0)
mem[X,0x00000000800023D4] -> 0xD5B3
mem[X,0x00000000800023D6] -> 0x0095
[3936] [M]: 0x00000000800023D4 (0x0095D5B3) srl x11, x11, x9                        common_Mexcpt_handler+36
x11 <- 0x000000000000005D

mem[X,0x00000000800023D8] -> 0xF593
mem[X,0x00000000800023DA] -> 0x0015
[3937] [M]: 0x00000000800023D8 (0x0015F593) andi x11, x11, 0x1                      common_Mexcpt_handler+40
x11 <- 0x0000000000000001

clint mtime 0x00000000000007B1 (mip.MTI <- 0b1, mip.STI <- 0b0)
mem[X,0x00000000800023DC] -> 0x8EE3
mem[X,0x00000000800023DE] -> 0xF405
[3938] [M]: 0x00000000800023DC (0xF4058EE3) beq x11, x0, -0xa4                      common_Mexcpt_handler+44

mem[X,0x00000000800023E0] -> 0x0593
mem[X,0x00000000800023E2] -> 0x2980
[3939] [M]: 0x00000000800023E0 (0x29800593) addi x11, x0, 0x298                     common_Mexcpt_handler+48
x11 <- 0x0000000000000298

clint mtime 0x00000000000007B2 (mip.MTI <- 0b1, mip.STI <- 0b0)
mem[X,0x00000000800023E4] -> 0xF413
mem[X,0x00000000800023E6] -> 0x0014
[3940] [M]: 0x00000000800023E4 (0x0014F413) andi x8, x9, 0x1                        common_Mexcpt_handler+52
x8 <- 0x0000000000000000

mem[X,0x00000000800023E8] -> 0x95B3
mem[X,0x00000000800023EA] -> 0x0085
[3941] [M]: 0x00000000800023E8 (0x008595B3) sll x11, x11, x8                        common_Mexcpt_handler+56
x11 <- 0x0000000000000298

clint mtime 0x00000000000007B3 (mip.MTI <- 0b1, mip.STI <- 0b0)
mem[X,0x00000000800023EC] -> 0x9413
mem[X,0x00000000800023EE] -> 0x03D4
[3942] [M]: 0x00000000800023EC (0x03D49413) slli x8, x9, 0x3d                       common_Mexcpt_handler+60
x8 <- 0x0000000000000000

mem[X,0x00000000800023F0] -> 0x5413
mem[X,0x00000000800023F2] -> 0x43F4
[3943] [M]: 0x00000000800023F0 (0x43F45413) srai x8, x8, 0x3f                       common_Mexcpt_handler+64
x8 <- 0x0000000000000000

clint mtime 0x00000000000007B4 (mip.MTI <- 0b1, mip.STI <- 0b0)
mem[X,0x00000000800023F4] -> 0x4413
mem[X,0x00000000800023F6] -> 0xFFF4
[3944] [M]: 0x00000000800023F4 (0xFFF44413) xori x8, x8, -0x1                       common_Mexcpt_handler+68
x8 <- 0xFFFFFFFFFFFFFFFF

mem[X,0x00000000800023F8] -> 0xF4B3
mem[X,0x00000000800023FA] -> 0x0085
[3945] [M]: 0x00000000800023F8 (0x0085F4B3) and x9, x11, x8                         common_Mexcpt_handler+72
x9 <- 0x0000000000000298

clint mtime 0x00000000000007B5 (mip.MTI <- 0b1, mip.STI <- 0b0)
mem[X,0x00000000800023FC] -> 0x84B3
mem[X,0x00000000800023FE] -> 0x0024
[3946] [M]: 0x00000000800023FC (0x002484B3) add x9, x9, x2                          vmem_adj_Mepc+0
x9 <- 0x0000000080006298

mem[X,0x0000000080002400] -> 0x23F3
mem[X,0x0000000080002402] -> 0x3410
[3947] [M]: 0x0000000080002400 (0x341023F3) csrrs x7, mepc, x0                      vmem_adj_Mepc+4
CSR mepc (0x341) -> 0x0000000080001360
x7 <- 0x0000000080001360

clint mtime 0x00000000000007B6 (mip.MTI <- 0b1, mip.STI <- 0b0)
mem[X,0x0000000080002404] -> 0x0413
mem[X,0x0000000080002406] -> 0x0004
[3948] [M]: 0x0000000080002404 (0x00040413) addi x8, x8, 0x0                        vmem_adj_Mepc+8
x8 <- 0xFFFFFFFFFFFFFFFF

mem[X,0x0000000080002408] -> 0x006F
mem[X,0x000000008000240A] -> 0x0400
[3949] [M]: 0x0000000080002408 (0x0400006F) jal x0, 0x40                            vmem_adj_Mepc+12

clint mtime 0x00000000000007B7 (mip.MTI <- 0b1, mip.STI <- 0b0)
mem[X,0x0000000080002448] -> 0x8433
mem[X,0x000000008000244A] -> 0x4083
[3950] [M]: 0x0000000080002448 (0x40838433) sub x8, x7, x8                          adj_Mepc+0
x8 <- 0x0000000080001361

mem[X,0x000000008000244C] -> 0x3823
mem[X,0x000000008000244E] -> 0x0083
[3951] [M]: 0x000000008000244C (0x00833823) sd x8, 0x10(x6)                         sv_Mepc+0
mem[W,0x0000000080007590] <- 0x0000000080001361

clint mtime 0x00000000000007B8 (mip.MTI <- 0b1, mip.STI <- 0b0)
mem[X,0x0000000080002450] -> 0x55B7
mem[X,0x0000000080002452] -> 0x0000
[3952] [M]: 0x0000000080002450 (0x000055B7) lui x11, 0x5                            sv_Mepc+4
x11 <- 0x0000000000005000

mem[X,0x0000000080002454] -> 0x8593
mem[X,0x0000000080002456] -> 0x6675
[3953] [M]: 0x0000000080002454 (0x66758593) addi x11, x11, 0x667                    sv_Mepc+8
x11 <- 0x0000000000005667

clint mtime 0x00000000000007B9 (mip.MTI <- 0b1, mip.STI <- 0b0)
mem[X,0x0000000080002458] -> 0x9593
mem[X,0x000000008000245A] -> 0x0015
[3954] [M]: 0x0000000080002458 (0x00159593) slli x11, x11, 0x1                      sv_Mepc+12
x11 <- 0x000000000000ACCE

mem[X,0x000000008000245C] -> 0x9063
mem[X,0x000000008000245E] -> 0x02B1
[3955] [M]: 0x000000008000245C (0x02B19063) bne x3, x11, 0x20                       sv_Mepc+16

clint mtime 0x00000000000007BA (mip.MTI <- 0b1, mip.STI <- 0b0)
mem[X,0x0000000080002460] -> 0x2473
mem[X,0x0000000080002462] -> 0x3420
[3956] [M]: 0x0000000080002460 (0x34202473) csrrs x8, mcause, x0                    sv_Mepc+20
CSR mcause (0x342) -> 0x0000000000000007
x8 <- 0x0000000000000007

mem[X,0x0000000080002464] -> 0x0593
mem[X,0x0000000080002466] -> 0x00C0
[3957] [M]: 0x0000000080002464 (0x00C00593) addi x11, x0, 0xc                       sv_Mepc+24
x11 <- 0x000000000000000C

clint mtime 0x00000000000007BB (mip.MTI <- 0b1, mip.STI <- 0b0)
mem[X,0x0000000080002468] -> 0x0663
mem[X,0x000000008000246A] -> 0x00B4
[3958] [M]: 0x0000000080002468 (0x00B40663) beq x8, x11, 0xc                        sv_Mepc+28

mem[X,0x000000008000246C] -> 0x0593
mem[X,0x000000008000246E] -> 0x0010
[3959] [M]: 0x000000008000246C (0x00100593) addi x11, x0, 0x1                       sv_Mepc+32
x11 <- 0x0000000000000001

clint mtime 0x00000000000007BC (mip.MTI <- 0b1, mip.STI <- 0b0)
mem[X,0x0000000080002470] -> 0x1663
mem[X,0x0000000080002472] -> 0x00B4
[3960] [M]: 0x0000000080002470 (0x00B41663) bne x8, x11, 0xc                        sv_Mepc+36

mem[X,0x000000008000247C] -> 0xF593
mem[X,0x000000008000247E] -> 0xFFC3
[3961] [M]: 0x000000008000247C (0xFFC3F593) andi x11, x7, -0x4                      adj_Mepc_rtn+0
x11 <- 0x0000000080001360

clint mtime 0x00000000000007BD (mip.MTI <- 0b1, mip.STI <- 0b0)
mem[X,0x0000000080002480] -> 0x8593
mem[X,0x0000000080002482] -> 0x0085
[3962] [M]: 0x0000000080002480 (0x00858593) addi x11, x11, 0x8                      adj_Mepc_rtn+4
x11 <- 0x0000000080001368

mem[X,0x0000000080002484] -> 0x9073
mem[X,0x0000000080002486] -> 0x3415
[3963] [M]: 0x0000000080002484 (0x34159073) csrrw x0, mepc, x11                     adj_Mepc_rtn+8
CSR mepc (0x341) <- 0x0000000080001368

clint mtime 0x00000000000007BE (mip.MTI <- 0b1, mip.STI <- 0b0)
mem[X,0x0000000080002488] -> 0x23F3
mem[X,0x000000008000248A] -> 0x3430
[3964] [M]: 0x0000000080002488 (0x343023F3) csrrs x7, mtval, x0                     skp_adj_Mepc+0
CSR mtval (0x343) -> 0x0000000080002000
x7 <- 0x0000000080002000

mem[X,0x000000008000248C] -> 0x7513
mem[X,0x000000008000248E] -> 0x00F5
[3965] [M]: 0x000000008000248C (0x00F57513) andi x10, x10, 0xf                      chk_Mtval+0
x10 <- 0x0000000000000007

clint mtime 0x00000000000007BF (mip.MTI <- 0b1, mip.STI <- 0b0)
mem[X,0x0000000080002490] -> 0x0437
mem[X,0x0000000080002492] -> 0x0000
[3966] [M]: 0x0000000080002490 (0x00000437) lui x8, 0x0                             chk_Mtval+4
x8 <- 0x0000000000000000

mem[X,0x0000000080002494] -> 0x0413
mem[X,0x0000000080002496] -> 0x0004
[3967] [M]: 0x0000000080002494 (0x00040413) addi x8, x8, 0x0                        chk_Mtval+8
x8 <- 0x0000000000000000

clint mtime 0x00000000000007C0 (mip.MTI <- 0b1, mip.STI <- 0b0)
mem[X,0x0000000080002498] -> 0x1413
mem[X,0x000000008000249A] -> 0x00B4
[3968] [M]: 0x0000000080002498 (0x00B41413) slli x8, x8, 0xb                        chk_Mtval+12
x8 <- 0x0000000000000000

mem[X,0x000000008000249C] -> 0x0413
mem[X,0x000000008000249E] -> 0x0004
[3969] [M]: 0x000000008000249C (0x00040413) addi x8, x8, 0x0                        chk_Mtval+16
x8 <- 0x0000000000000000

clint mtime 0x00000000000007C1 (mip.MTI <- 0b1, mip.STI <- 0b0)
mem[X,0x00000000800024A0] -> 0x1413
mem[X,0x00000000800024A2] -> 0x00B4
[3970] [M]: 0x00000000800024A0 (0x00B41413) slli x8, x8, 0xb                        chk_Mtval+20
x8 <- 0x0000000000000000

mem[X,0x00000000800024A4] -> 0x0413
mem[X,0x00000000800024A6] -> 0x02C4
[3971] [M]: 0x00000000800024A4 (0x02C40413) addi x8, x8, 0x2c                       chk_Mtval+24
x8 <- 0x000000000000002C

clint mtime 0x00000000000007C2 (mip.MTI <- 0b1, mip.STI <- 0b0)
mem[X,0x00000000800024A8] -> 0x1413
mem[X,0x00000000800024AA] -> 0x00A4
[3972] [M]: 0x00000000800024A8 (0x00A41413) slli x8, x8, 0xa                        chk_Mtval+28
x8 <- 0x000000000000B000

mem[X,0x00000000800024AC] -> 0x0413
mem[X,0x00000000800024AE] -> 0x0FB4
[3973] [M]: 0x00000000800024AC (0x0FB40413) addi x8, x8, 0xfb                       chk_Mtval+32
x8 <- 0x000000000000B0FB

clint mtime 0x00000000000007C3 (mip.MTI <- 0b1, mip.STI <- 0b0)
mem[X,0x00000000800024B0] -> 0x5433
mem[X,0x00000000800024B2] -> 0x00A4
[3974] [M]: 0x00000000800024B0 (0x00A45433) srl x8, x8, x10                         chk_Mtval+36
x8 <- 0x0000000000000161

mem[X,0x00000000800024B4] -> 0x1413
mem[X,0x00000000800024B6] -> 0x03F4
[3975] [M]: 0x00000000800024B4 (0x03F41413) slli x8, x8, 0x3f                       chk_Mtval+40
x8 <- 0x8000000000000000

clint mtime 0x00000000000007C4 (mip.MTI <- 0b1, mip.STI <- 0b0)
mem[X,0x00000000800024B8] -> 0x5C63
mem[X,0x00000000800024BA] -> 0x0404
[3976] [M]: 0x00000000800024B8 (0x04045C63) bge x8, x0, 0x58                        chk_Mtval+44

mem[X,0x00000000800024BC] -> 0xB403
mem[X,0x00000000800024BE] -> 0x2084
[3977] [M]: 0x00000000800024BC (0x2084B403) ld x8, 0x208(x9)                        vmem_adj_Mtval+0
mem[R,0x00000000800064A0] -> 0x00000000800003B4
x8 <- 0x00000000800003B4

clint mtime 0x00000000000007C5 (mip.MTI <- 0b1, mip.STI <- 0b0)
mem[X,0x00000000800024C0] -> 0xB583
mem[X,0x00000000800024C2] -> 0x2104
[3978] [M]: 0x00000000800024C0 (0x2104B583) ld x11, 0x210(x9)                       vmem_adj_Mtval+4
mem[R,0x00000000800064A8] -> 0x0000000000001C60
x11 <- 0x0000000000001C60

mem[X,0x00000000800024C4] -> 0x85B3
mem[X,0x00000000800024C6] -> 0x0085
[3979] [M]: 0x00000000800024C4 (0x008585B3) add x11, x11, x8                        vmem_adj_Mtval+8
x11 <- 0x0000000080002014

clint mtime 0x00000000000007C6 (mip.MTI <- 0b1, mip.STI <- 0b0)
mem[X,0x00000000800024C8] -> 0xF463
mem[X,0x00000000800024CA] -> 0x00B3
[3980] [M]: 0x00000000800024C8 (0x00B3F463) bgeu x7, x11, 0x8                       vmem_adj_Mtval+12

mem[X,0x00000000800024CC] -> 0xF063
mem[X,0x00000000800024CE] -> 0x0483
[3981] [M]: 0x00000000800024CC (0x0483F063) bgeu x7, x8, 0x40                       vmem_adj_Mtval+16

clint mtime 0x00000000000007C7 (mip.MTI <- 0b1, mip.STI <- 0b0)
mem[X,0x000000008000250C] -> 0x8433
mem[X,0x000000008000250E] -> 0x4083
[3982] [M]: 0x000000008000250C (0x40838433) sub x8, x7, x8                          adj_Mtval+0
x8 <- 0x0000000000001C4C

mem[X,0x0000000080002510] -> 0x3C23
mem[X,0x0000000080002512] -> 0x0083
[3983] [M]: 0x0000000080002510 (0x00833C23) sd x8, 0x18(x6)                         sv_Mtval+0
mem[W,0x0000000080007598] <- 0x0000000000001C4C

clint mtime 0x00000000000007C8 (mip.MTI <- 0b1, mip.STI <- 0b0)
mem[X,0x0000000080002514] -> 0x3483
mem[X,0x0000000080002516] -> 0x2181
[3984] [M]: 0x0000000080002514 (0x21813483) ld x9, 0x218(x2)                        skp_Mtval+0
mem[R,0x0000000080006218] -> 0x00000000800075A0
x9 <- 0x00000000800075A0

mem[X,0x0000000080002518] -> 0x3383
mem[X,0x000000008000251A] -> 0x1F81
[3985] [M]: 0x0000000080002518 (0x1F813383) ld x7, 0x1f8(x2)                        skp_Mtval+4
mem[R,0x00000000800061F8] -> 0x0000000080007210
x7 <- 0x0000000080007210

clint mtime 0x00000000000007C9 (mip.MTI <- 0b1, mip.STI <- 0b0)
mem[X,0x000000008000251C] -> 0x3303
mem[X,0x000000008000251E] -> 0x2001
[3986] [M]: 0x000000008000251C (0x20013303) ld x6, 0x200(x2)                        skp_Mtval+8
mem[R,0x0000000080006200] -> 0x0000000000000920
x6 <- 0x0000000000000920

mem[X,0x0000000080002520] -> 0x0333
mem[X,0x0000000080002522] -> 0x0073
[3987] [M]: 0x0000000080002520 (0x00730333) add x6, x6, x7                          skp_Mtval+12
x6 <- 0x0000000080007B30

clint mtime 0x00000000000007CA (mip.MTI <- 0b1, mip.STI <- 0b0)
mem[X,0x0000000080002524] -> 0x6CE3
mem[X,0x0000000080002526] -> 0xAE93
[3988] [M]: 0x0000000080002524 (0xAE936CE3) bltu x6, x9, -0x508                     skp_Mtval+16

mem[X,0x0000000080002528] -> 0x0393
mem[X,0x000000008000252A] -> 0x2000
[3989] [M]: 0x0000000080002528 (0x20000393) addi x7, x0, 0x200                      skp_Mtval+20
x7 <- 0x0000000000000200

clint mtime 0x00000000000007CB (mip.MTI <- 0b1, mip.STI <- 0b0)
mem[X,0x000000008000252C] -> 0x006F
mem[X,0x000000008000252E] -> 0x0400
[3990] [M]: 0x000000008000252C (0x0400006F) jal x0, 0x40                            skp_Mtval+24

mem[X,0x000000008000256C] -> 0x0417
mem[X,0x000000008000256E] -> 0x0000
[3991] [M]: 0x000000008000256C (0x00000417) auipc x8, 0x0                           spcl_Mhandler+0
x8 <- 0x000000008000256C

clint mtime 0x00000000000007CC (mip.MTI <- 0b1, mip.STI <- 0b0)
mem[X,0x0000000080002570] -> 0x0413
mem[X,0x0000000080002572] -> 0x03C4
[3992] [M]: 0x0000000080002570 (0x03C40413) addi x8, x8, 0x3c                       spcl_Mhandler+4
x8 <- 0x00000000800025A8

mem[X,0x0000000080002574] -> 0x0433
mem[X,0x0000000080002576] -> 0x0074
[3993] [M]: 0x0000000080002574 (0x00740433) add x8, x8, x7                          spcl_Mhandler+8
x8 <- 0x00000000800027A8

clint mtime 0x00000000000007CD (mip.MTI <- 0b1, mip.STI <- 0b0)
mem[X,0x0000000080002578] -> 0x1393
mem[X,0x000000008000257A] -> 0x0035
[3994] [M]: 0x0000000080002578 (0x00351393) slli x7, x10, 0x3                       spcl_Mhandler+12
x7 <- 0x0000000000000038

mem[X,0x000000008000257C] -> 0x0433
mem[X,0x000000008000257E] -> 0x0074
[3995] [M]: 0x000000008000257C (0x00740433) add x8, x8, x7                          spcl_Mhandler+16
x8 <- 0x00000000800027E0

clint mtime 0x00000000000007CE (mip.MTI <- 0b1, mip.STI <- 0b0)
mem[X,0x0000000080002580] -> 0x7413
mem[X,0x0000000080002582] -> 0xFF84
[3996] [M]: 0x0000000080002580 (0xFF847413) andi x8, x8, -0x8                       spcl_Mhandler+20
x8 <- 0x00000000800027E0

mem[X,0x0000000080002584] -> 0x3403
mem[X,0x0000000080002586] -> 0x0004
[3997] [M]: 0x0000000080002584 (0x00043403) ld x8, 0x0(x8)                          spcl_Mhandler+24
mem[R,0x00000000800027E0] -> 0x000000000000000F
x8 <- 0x000000000000000F

clint mtime 0x00000000000007CF (mip.MTI <- 0b1, mip.STI <- 0b0)
mem[X,0x0000000080002588] -> 0x04E3
mem[X,0x000000008000258A] -> 0xB204
[3998] [M]: 0x0000000080002588 (0xB20404E3) beq x8, x0, -0x4d8                      spcl_Mdispatch_hndling+0

mem[X,0x000000008000258C] -> 0x1393
mem[X,0x000000008000258E] -> 0x03F4
[3999] [M]: 0x000000008000258C (0x03F41393) slli x7, x8, 0x3f                       spcl_Mdispatch_hndling+4
x7 <- 0x8000000000000000

clint mtime 0x00000000000007D0 (mip.MTI <- 0b1, mip.STI <- 0b0)
mem[X,0x0000000080002590] -> 0xD863
mem[X,0x0000000080002592] -> 0x0003
[4000] [M]: 0x0000000080002590 (0x0003D863) bge x7, x0, 0x10                        spcl_Mdispatch_hndling+8

mem[X,0x0000000080002594] -> 0x5413
mem[X,0x0000000080002596] -> 0x0014
[4001] [M]: 0x0000000080002594 (0x00145413) srli x8, x8, 0x1                        spcl_Mdispatch_hndling+12
x8 <- 0x0000000000000007

clint mtime 0x00000000000007D1 (mip.MTI <- 0b1, mip.STI <- 0b0)
mem[X,0x0000000080002598] -> 0x0CE3
mem[X,0x000000008000259A] -> 0xF885
[4002] [M]: 0x0000000080002598 (0xF8850CE3) beq x10, x8, -0x68                      spcl_Mdispatch_hndling+16

mem[X,0x0000000080002530] -> 0x3303
mem[X,0x0000000080002532] -> 0x2601
[4003] [M]: 0x0000000080002530 (0x26013303) ld x6, 0x260(x2)                        resto_Mrtn+0
mem[R,0x0000000080006260] -> 0x0000000000000010
x6 <- 0x0000000000000010

clint mtime 0x00000000000007D2 (mip.MTI <- 0b1, mip.STI <- 0b0)
mem[X,0x0000000080002534] -> 0x3383
mem[X,0x0000000080002536] -> 0x2681
[4004] [M]: 0x0000000080002534 (0x26813383) ld x7, 0x268(x2)                        resto_Mrtn+4
mem[R,0x0000000080006268] -> 0x0000000080006000
x7 <- 0x0000000080006000

mem[X,0x0000000080002538] -> 0x3403
mem[X,0x000000008000253A] -> 0x2701
[4005] [M]: 0x0000000080002538 (0x27013403) ld x8, 0x270(x2)                        resto_Mrtn+8
mem[R,0x0000000080006270] -> 0x0000000000007F76
x8 <- 0x0000000000007F76

clint mtime 0x00000000000007D3 (mip.MTI <- 0b1, mip.STI <- 0b0)
mem[X,0x000000008000253C] -> 0x3483
mem[X,0x000000008000253E] -> 0x2781
[4006] [M]: 0x000000008000253C (0x27813483) ld x9, 0x278(x2)                        resto_Mrtn+12
mem[R,0x0000000080006278] -> 0x00000000800010F4
x9 <- 0x00000000800010F4

mem[X,0x0000000080002540] -> 0x3503
mem[X,0x0000000080002542] -> 0x2801
[4007] [M]: 0x0000000080002540 (0x28013503) ld x10, 0x280(x2)                       resto_Mrtn+16
mem[R,0x0000000080006280] -> 0x0000000000000001
x10 <- 0x0000000000000001

clint mtime 0x00000000000007D4 (mip.MTI <- 0b1, mip.STI <- 0b0)
mem[X,0x0000000080002544] -> 0x3583
mem[X,0x0000000080002546] -> 0x2881
[4008] [M]: 0x0000000080002544 (0x28813583) ld x11, 0x288(x2)                       resto_Mrtn+20
mem[R,0x0000000080006288] -> 0x0000000000000000
x11 <- 0x0000000000000000

mem[X,0x0000000080002548] -> 0x3103
mem[X,0x000000008000254A] -> 0x2901
[4009] [M]: 0x0000000080002548 (0x29013103) ld x2, 0x290(x2)                        resto_Mrtn+24
mem[R,0x0000000080006290] -> 0x0000000000000000
x2 <- 0x0000000000000000

clint mtime 0x00000000000007D5 (mip.MTI <- 0b1, mip.STI <- 0b0)
mem[X,0x000000008000254C] -> 0x0073
mem[X,0x000000008000254E] -> 0x3020
[4010] [M]: 0x000000008000254C (0x30200073) mret                                    resto_Mrtn+28
CSR mstatus (0x300) <- 0x0000000A00000080
ret-ing from M to S

mem[X,0x0000000080001368] -> 0x8793
mem[X,0x000000008000136A] -> 0xFFC7
[4011] [S]: 0x0000000080001368 (0xFFC78793) addi x15, x15, -0x4                     main+3976
x15 <- 0x0000000080001FFC

clint mtime 0x00000000000007D6 (mip.MTI <- 0b1, mip.STI <- 0b0)
mem[X,0x000000008000136C] -> 0xA023
mem[X,0x000000008000136E] -> 0x00E7
[4012] [S]: 0x000000008000136C (0x00E7A023) sw x14, 0x0(x15)                        main+3980
mem[W,0x0000000080001FFC] <- 0x00000013

mem[X,0x0000000080001370] -> 0x0013
mem[X,0x0000000080001372] -> 0x0000
[4013] [S]: 0x0000000080001370 (0x00000013) addi x0, x0, 0x0                        main+3984

clint mtime 0x00000000000007D7 (mip.MTI <- 0b1, mip.STI <- 0b0)
mem[X,0x0000000080001374] -> 0x8793
mem[X,0x0000000080001376] -> 0x0087
[4014] [S]: 0x0000000080001374 (0x00878793) addi x15, x15, 0x8                      main+3988
x15 <- 0x0000000080002004

mem[X,0x0000000080001378] -> 0xA023
mem[X,0x000000008000137A] -> 0x00E7
[4015] [S]: 0x0000000080001378 (0x00E7A023) sw x14, 0x0(x15)                        main+3992
mem[W,0x0000000080002004] <- 0x00000013

clint mtime 0x00000000000007D8 (mip.MTI <- 0b1, mip.STI <- 0b0)
mem[X,0x000000008000137C] -> 0x0013
mem[X,0x000000008000137E] -> 0x0000
[4016] [S]: 0x000000008000137C (0x00000013) addi x0, x0, 0x0                        main+3996

mem[X,0x0000000080001380] -> 0x0293
mem[X,0x0000000080001382] -> 0xFFC0
[4017] [S]: 0x0000000080001380 (0xFFC00293) addi x5, x0, -0x4                       main+4000
x5 <- 0xFFFFFFFFFFFFFFFC

clint mtime 0x00000000000007D9 (mip.MTI <- 0b1, mip.STI <- 0b0)
mem[X,0x0000000080001384] -> 0x87B3
mem[X,0x0000000080001386] -> 0x0057
[4018] [S]: 0x0000000080001384 (0x005787B3) add x15, x15, x5                        main+4004
x15 <- 0x0000000080002000

mem[X,0x0000000080001388] -> 0xA023
mem[X,0x000000008000138A] -> 0x00E7
[4019] [S]: 0x0000000080001388 (0x00E7A023) sw x14, 0x0(x15)                        main+4008
trapping from S to M to handle store/amo-access-fault
handling exc#store/amo-access-fault at priv M with tval 0x0000000080002000
CSR mstatus (0x300) <- 0x0000000A00000800
CSR mcause (0x342) <- 0x0000000000000007
CSR mtval (0x343) <- 0x0000000080002000
CSR mepc (0x341) <- 0x0000000080001388

clint mtime 0x00000000000007DA (mip.MTI <- 0b1, mip.STI <- 0b0)
mem[X,0x0000000080002100] -> 0x006F
mem[X,0x0000000080002102] -> 0x1000
[4020] [M]: 0x0000000080002100 (0x1000006F) jal x0, 0x100                           Mtrampoline+0

mem[X,0x0000000080002200] -> 0x1173
mem[X,0x0000000080002202] -> 0x3401
[4021] [M]: 0x0000000080002200 (0x34011173) csrrw x2, mscratch, x2                  trap_Mhandler+0
CSR mscratch (0x340) <- 0x0000000000000000
x2 <- 0x0000000080006000

clint mtime 0x00000000000007DB (mip.MTI <- 0b1, mip.STI <- 0b0)
mem[X,0x0000000080002204] -> 0x3423
mem[X,0x0000000080002206] -> 0x28B1
[4022] [M]: 0x0000000080002204 (0x28B13423) sd x11, 0x288(x2)                       trap_Mhandler+4
mem[W,0x0000000080006288] <- 0x0000000000000000

mem[X,0x0000000080002208] -> 0x05EF
mem[X,0x000000008000220A] -> 0x0B80
[4023] [M]: 0x0000000080002208 (0x0B8005EF) jal x11, 0xb8                           trap_Mhandler+8
x11 <- 0x000000008000220C

clint mtime 0x00000000000007DC (mip.MTI <- 0b1, mip.STI <- 0b0)
mem[X,0x00000000800022C0] -> 0x3023
mem[X,0x00000000800022C2] -> 0x28A1
[4024] [M]: 0x00000000800022C0 (0x28A13023) sd x10, 0x280(x2)                       common_Mhandler+0
mem[W,0x0000000080006280] <- 0x0000000000000001

mem[X,0x00000000800022C4] -> 0x1573
mem[X,0x00000000800022C6] -> 0x3401
[4025] [M]: 0x00000000800022C4 (0x34011573) csrrw x10, mscratch, x2                 common_Mhandler+4
CSR mscratch (0x340) <- 0x0000000080006000
x10 <- 0x0000000000000000

clint mtime 0x00000000000007DD (mip.MTI <- 0b1, mip.STI <- 0b0)
mem[X,0x00000000800022C8] -> 0x3823
mem[X,0x00000000800022CA] -> 0x28A1
[4026] [M]: 0x00000000800022C8 (0x28A13823) sd x10, 0x290(x2)                       common_Mhandler+8
mem[W,0x0000000080006290] <- 0x0000000000000000

mem[X,0x00000000800022CC] -> 0x3503
mem[X,0x00000000800022CE] -> 0x2301
[4027] [M]: 0x00000000800022CC (0x23013503) ld x10, 0x230(x2)                       common_Mhandler+12
mem[R,0x0000000080006230] -> 0x00000000800022D4
x10 <- 0x00000000800022D4

clint mtime 0x00000000000007DE (mip.MTI <- 0b1, mip.STI <- 0b0)
mem[X,0x00000000800022D0] -> 0x0067
mem[X,0x00000000800022D2] -> 0x0005
[4028] [M]: 0x00000000800022D0 (0x00050067) jalr x0, 0x0(x10)                       common_Mhandler+16

mem[X,0x00000000800022D4] -> 0x3C23
mem[X,0x00000000800022D6] -> 0x2691
[4029] [M]: 0x00000000800022D4 (0x26913C23) sd x9, 0x278(x2)                        common_Mentry+0
mem[W,0x0000000080006278] <- 0x00000000800010F4

clint mtime 0x00000000000007DF (mip.MTI <- 0b1, mip.STI <- 0b0)
mem[X,0x00000000800022D8] -> 0x3823
mem[X,0x00000000800022DA] -> 0x2681
[4030] [M]: 0x00000000800022D8 (0x26813823) sd x8, 0x270(x2)                        common_Mentry+4
mem[W,0x0000000080006270] <- 0x0000000000007F76

mem[X,0x00000000800022DC] -> 0x3423
mem[X,0x00000000800022DE] -> 0x2671
[4031] [M]: 0x00000000800022DC (0x26713423) sd x7, 0x268(x2)                        common_Mentry+8
mem[W,0x0000000080006268] <- 0x0000000080006000

clint mtime 0x00000000000007E0 (mip.MTI <- 0b1, mip.STI <- 0b0)
mem[X,0x00000000800022E0] -> 0x3023
mem[X,0x00000000800022E2] -> 0x2661
[4032] [M]: 0x00000000800022E0 (0x26613023) sd x6, 0x260(x2)                        common_Mentry+12
mem[W,0x0000000080006260] <- 0x0000000000000010

mem[X,0x00000000800022E4] -> 0x2573
mem[X,0x00000000800022E6] -> 0x3420
[4033] [M]: 0x00000000800022E4 (0x34202573) csrrs x10, mcause, x0                   spcl_M2mmode_test+0
CSR mcause (0x342) -> 0x0000000000000007
x10 <- 0x0000000000000007

clint mtime 0x00000000000007E1 (mip.MTI <- 0b1, mip.STI <- 0b0)
mem[X,0x00000000800022E8] -> 0x04B7
mem[X,0x00000000800022EA] -> 0x8000
[4034] [M]: 0x00000000800022E8 (0x800004B7) lui x9, -0x80000                        spcl_M2mmode_test+4
x9 <- 0xFFFFFFFF80000000

mem[X,0x00000000800022EC] -> 0x8493
mem[X,0x00000000800022EE] -> 0x0004
[4035] [M]: 0x00000000800022EC (0x00048493) addi x9, x9, 0x0                        spcl_M2mmode_test+8
x9 <- 0xFFFFFFFF80000000

clint mtime 0x00000000000007E2 (mip.MTI <- 0b1, mip.STI <- 0b0)
mem[X,0x00000000800022F0] -> 0x9493
mem[X,0x00000000800022F2] -> 0x00B4
[4036] [M]: 0x00000000800022F0 (0x00B49493) slli x9, x9, 0xb                        spcl_M2mmode_test+12
x9 <- 0xFFFFFC0000000000

mem[X,0x00000000800022F4] -> 0x8493
mem[X,0x00000000800022F6] -> 0x0004
[4037] [M]: 0x00000000800022F4 (0x00048493) addi x9, x9, 0x0                        spcl_M2mmode_test+16
x9 <- 0xFFFFFC0000000000

clint mtime 0x00000000000007E3 (mip.MTI <- 0b1, mip.STI <- 0b0)
mem[X,0x00000000800022F8] -> 0x9493
mem[X,0x00000000800022FA] -> 0x00B4
[4038] [M]: 0x00000000800022F8 (0x00B49493) slli x9, x9, 0xb                        spcl_M2mmode_test+20
x9 <- 0xFFE0000000000000

mem[X,0x00000000800022FC] -> 0x8493
mem[X,0x00000000800022FE] -> 0x0034
[4039] [M]: 0x00000000800022FC (0x00348493) addi x9, x9, 0x3                        spcl_M2mmode_test+24
x9 <- 0xFFE0000000000003

clint mtime 0x00000000000007E4 (mip.MTI <- 0b1, mip.STI <- 0b0)
mem[X,0x0000000080002300] -> 0x9493
mem[X,0x0000000080002302] -> 0x00A4
[4040] [M]: 0x0000000080002300 (0x00A49493) slli x9, x9, 0xa                        spcl_M2mmode_test+28
x9 <- 0x8000000000000C00

mem[X,0x0000000080002304] -> 0x8493
mem[X,0x0000000080002306] -> 0x3FC4
[4041] [M]: 0x0000000080002304 (0x3FC48493) addi x9, x9, 0x3fc                      spcl_M2mmode_test+32
x9 <- 0x8000000000000FFC

clint mtime 0x00000000000007E5 (mip.MTI <- 0b1, mip.STI <- 0b0)
mem[X,0x0000000080002308] -> 0xF4B3
mem[X,0x000000008000230A] -> 0x00A4
[4042] [M]: 0x0000000080002308 (0x00A4F4B3) and x9, x9, x10                         spcl_M2mmode_test+36
x9 <- 0x0000000000000004

mem[X,0x000000008000230C] -> 0x8493
mem[X,0x000000008000230E] -> 0xFF84
[4043] [M]: 0x000000008000230C (0xFF848493) addi x9, x9, -0x8                       spcl_M2mmode_test+40
x9 <- 0xFFFFFFFFFFFFFFFC

clint mtime 0x00000000000007E6 (mip.MTI <- 0b1, mip.STI <- 0b0)
mem[X,0x0000000080002310] -> 0x9663
mem[X,0x0000000080002312] -> 0x0004
[4044] [M]: 0x0000000080002310 (0x00049663) bne x9, x0, 0xc                         spcl_M2mmode_test+44

mem[X,0x000000008000231C] -> 0x0393
mem[X,0x000000008000231E] -> 0x0200
[4045] [M]: 0x000000008000231C (0x02000393) addi x7, x0, 0x20                       Mtrapsig_ptr_upd+0
x7 <- 0x0000000000000020

clint mtime 0x00000000000007E7 (mip.MTI <- 0b1, mip.STI <- 0b0)
mem[X,0x0000000080002320] -> 0x5263
mem[X,0x0000000080002322] -> 0x0405
[4046] [M]: 0x0000000080002320 (0x04055263) bge x10, x0, 0x44                       Mtrapsig_ptr_upd+4

mem[X,0x0000000080002364] -> 0x2373
mem[X,0x0000000080002366] -> 0x3010
[4047] [M]: 0x0000000080002364 (0x30102373) csrrs x6, misa, x0                      Mxcpt_sig_sv+0
CSR misa (0x301) -> 0x800000000034112F
x6 <- 0x800000000034112F

clint mtime 0x00000000000007E8 (mip.MTI <- 0b1, mip.STI <- 0b0)
mem[X,0x0000000080002368] -> 0x1313
mem[X,0x000000008000236A] -> 0x0383
[4048] [M]: 0x0000000080002368 (0x03831313) slli x6, x6, 0x38                       Mxcpt_sig_sv+4
x6 <- 0x2F00000000000000

mem[X,0x000000008000236C] -> 0x5463
mem[X,0x000000008000236E] -> 0x0003
[4049] [M]: 0x000000008000236C (0x00035463) bge x6, x0, 0x8                         Mxcpt_sig_sv+8

clint mtime 0x00000000000007E9 (mip.MTI <- 0b1, mip.STI <- 0b0)
mem[X,0x0000000080002374] -> 0x3303
mem[X,0x0000000080002376] -> 0x2181
[4050] [M]: 0x0000000080002374 (0x21813303) ld x6, 0x218(x2)                        Mtrap_sig_sv+0
mem[R,0x0000000080006218] -> 0x00000000800075A0
x6 <- 0x00000000800075A0

mem[X,0x0000000080002378] -> 0x04B3
mem[X,0x000000008000237A] -> 0x0073
[4051] [M]: 0x0000000080002378 (0x007304B3) add x9, x6, x7                          Mtrap_sig_sv+4
x9 <- 0x00000000800075C0

clint mtime 0x00000000000007EA (mip.MTI <- 0b1, mip.STI <- 0b0)
mem[X,0x000000008000237C] -> 0x3C23
mem[X,0x000000008000237E] -> 0x2091
[4052] [M]: 0x000000008000237C (0x20913C23) sd x9, 0x218(x2)                        Mtrap_sig_sv+8
mem[W,0x0000000080006218] <- 0x00000000800075C0

mem[X,0x0000000080002380] -> 0x3403
mem[X,0x0000000080002382] -> 0x1F81
[4053] [M]: 0x0000000080002380 (0x1F813403) ld x8, 0x1f8(x2)                        Mtrap_sig_sv+12
mem[R,0x00000000800061F8] -> 0x0000000080007210
x8 <- 0x0000000080007210

clint mtime 0x00000000000007EB (mip.MTI <- 0b1, mip.STI <- 0b0)
mem[X,0x0000000080002384] -> 0x0333
mem[X,0x0000000080002386] -> 0x4083
[4054] [M]: 0x0000000080002384 (0x40830333) sub x6, x6, x8                          Mtrap_sig_sv+16
x6 <- 0x0000000000000390

mem[X,0x0000000080002388] -> 0x3403
mem[X,0x000000008000238A] -> 0x1F81
[4055] [M]: 0x0000000080002388 (0x1F813403) ld x8, 0x1f8(x2)                        Mtrap_sig_sv+20
mem[R,0x00000000800061F8] -> 0x0000000080007210
x8 <- 0x0000000080007210

clint mtime 0x00000000000007EC (mip.MTI <- 0b1, mip.STI <- 0b0)
mem[X,0x000000008000238C] -> 0x0333
mem[X,0x000000008000238E] -> 0x0083
[4056] [M]: 0x000000008000238C (0x00830333) add x6, x6, x8                          Mtrap_sig_sv+24
x6 <- 0x00000000800075A0

mem[X,0x0000000080002390] -> 0x3403
mem[X,0x0000000080002392] -> 0x2401
[4057] [M]: 0x0000000080002390 (0x24013403) ld x8, 0x240(x2)                        Mtrap_sig_sv+28
mem[R,0x0000000080006240] -> 0x0000000080002100
x8 <- 0x0000000080002100

clint mtime 0x00000000000007ED (mip.MTI <- 0b1, mip.STI <- 0b0)
mem[X,0x0000000080002394] -> 0x85B3
mem[X,0x0000000080002396] -> 0x4085
[4058] [M]: 0x0000000080002394 (0x408585B3) sub x11, x11, x8                        sv_Mvect+0
x11 <- 0x000000000000010C

mem[X,0x0000000080002398] -> 0x9593
mem[X,0x000000008000239A] -> 0x0045
[4059] [M]: 0x0000000080002398 (0x00459593) slli x11, x11, 0x4                      sv_Mvect+4
x11 <- 0x00000000000010C0

clint mtime 0x00000000000007EE (mip.MTI <- 0b1, mip.STI <- 0b0)
mem[X,0x000000008000239C] -> 0xE5B3
mem[X,0x000000008000239E] -> 0x0075
[4060] [M]: 0x000000008000239C (0x0075E5B3) or x11, x11, x7                         sv_Mvect+8
x11 <- 0x00000000000010E0

mem[X,0x00000000800023A0] -> 0x8593
mem[X,0x00000000800023A2] -> 0x0035
[4061] [M]: 0x00000000800023A0 (0x00358593) addi x11, x11, 0x3                      sv_Mvect+12
x11 <- 0x00000000000010E3

clint mtime 0x00000000000007EF (mip.MTI <- 0b1, mip.STI <- 0b0)
mem[X,0x00000000800023A4] -> 0x3023
mem[X,0x00000000800023A6] -> 0x00B3
[4062] [M]: 0x00000000800023A4 (0x00B33023) sd x11, 0x0(x6)                         sv_Mvect+16
mem[W,0x00000000800075A0] <- 0x00000000000010E3

mem[X,0x00000000800023A8] -> 0x3423
mem[X,0x00000000800023AA] -> 0x00A3
[4063] [M]: 0x00000000800023A8 (0x00A33423) sd x10, 0x8(x6)                         sv_Mcause+0
mem[W,0x00000000800075A8] <- 0x0000000000000007

clint mtime 0x00000000000007F0 (mip.MTI <- 0b1, mip.STI <- 0b0)
mem[X,0x00000000800023AC] -> 0x4263
mem[X,0x00000000800023AE] -> 0x1A05
[4064] [M]: 0x00000000800023AC (0x1A054263) blt x10, x0, 0x1a4                      sv_Mcause+4

mem[X,0x00000000800023B0] -> 0x25F3
mem[X,0x00000000800023B2] -> 0x3000
[4065] [M]: 0x00000000800023B0 (0x300025F3) csrrs x11, mstatus, x0                  common_Mexcpt_handler+0
CSR mstatus (0x300) -> 0x0000000A00000800
x11 <- 0x0000000A00000800

clint mtime 0x00000000000007F1 (mip.MTI <- 0b1, mip.STI <- 0b0)
mem[X,0x00000000800023B4] -> 0x9413
mem[X,0x00000000800023B6] -> 0x02E5
[4066] [M]: 0x00000000800023B4 (0x02E59413) slli x8, x11, 0x2e                      common_Mexcpt_handler+4
x8 <- 0x0200000000000000

mem[X,0x00000000800023B8] -> 0x5463
mem[X,0x00000000800023BA] -> 0x0004
[4067] [M]: 0x00000000800023B8 (0x00045463) bge x8, x0, 0x8                         common_Mexcpt_handler+8

clint mtime 0x00000000000007F2 (mip.MTI <- 0b1, mip.STI <- 0b0)
mem[X,0x00000000800023C0] -> 0xD493
mem[X,0x00000000800023C2] -> 0x00B5
[4068] [M]: 0x00000000800023C0 (0x00B5D493) srli x9, x11, 0xb                       common_Mexcpt_handler+16
x9 <- 0x0000000001400001

mem[X,0x00000000800023C4] -> 0xF493
mem[X,0x00000000800023C6] -> 0x0034
[4069] [M]: 0x00000000800023C4 (0x0034F493) andi x9, x9, 0x3                        common_Mexcpt_handler+20
x9 <- 0x0000000000000001

clint mtime 0x00000000000007F3 (mip.MTI <- 0b1, mip.STI <- 0b0)
mem[X,0x00000000800023C8] -> 0x8493
mem[X,0x00000000800023CA] -> 0x0014
[4070] [M]: 0x00000000800023C8 (0x00148493) addi x9, x9, 0x1                        common_Mexcpt_handler+24
x9 <- 0x0000000000000002

mem[X,0x00000000800023CC] -> 0xF493
mem[X,0x00000000800023CE] -> 0x0044
[4071] [M]: 0x00000000800023CC (0x0044F493) andi x9, x9, 0x4                        common_Mexcpt_handler+28
x9 <- 0x0000000000000000

clint mtime 0x00000000000007F4 (mip.MTI <- 0b1, mip.STI <- 0b0)
mem[X,0x00000000800023D0] -> 0x0593
mem[X,0x00000000800023D2] -> 0x05D0
[4072] [M]: 0x00000000800023D0 (0x05D00593) addi x11, x0, 0x5d                      common_Mexcpt_handler+32
x11 <- 0x000000000000005D

mem[X,0x00000000800023D4] -> 0xD5B3
mem[X,0x00000000800023D6] -> 0x0095
[4073] [M]: 0x00000000800023D4 (0x0095D5B3) srl x11, x11, x9                        common_Mexcpt_handler+36
x11 <- 0x000000000000005D

clint mtime 0x00000000000007F5 (mip.MTI <- 0b1, mip.STI <- 0b0)
mem[X,0x00000000800023D8] -> 0xF593
mem[X,0x00000000800023DA] -> 0x0015
[4074] [M]: 0x00000000800023D8 (0x0015F593) andi x11, x11, 0x1                      common_Mexcpt_handler+40
x11 <- 0x0000000000000001

mem[X,0x00000000800023DC] -> 0x8EE3
mem[X,0x00000000800023DE] -> 0xF405
[4075] [M]: 0x00000000800023DC (0xF4058EE3) beq x11, x0, -0xa4                      common_Mexcpt_handler+44

clint mtime 0x00000000000007F6 (mip.MTI <- 0b1, mip.STI <- 0b0)
mem[X,0x00000000800023E0] -> 0x0593
mem[X,0x00000000800023E2] -> 0x2980
[4076] [M]: 0x00000000800023E0 (0x29800593) addi x11, x0, 0x298                     common_Mexcpt_handler+48
x11 <- 0x0000000000000298

mem[X,0x00000000800023E4] -> 0xF413
mem[X,0x00000000800023E6] -> 0x0014
[4077] [M]: 0x00000000800023E4 (0x0014F413) andi x8, x9, 0x1                        common_Mexcpt_handler+52
x8 <- 0x0000000000000000

clint mtime 0x00000000000007F7 (mip.MTI <- 0b1, mip.STI <- 0b0)
mem[X,0x00000000800023E8] -> 0x95B3
mem[X,0x00000000800023EA] -> 0x0085
[4078] [M]: 0x00000000800023E8 (0x008595B3) sll x11, x11, x8                        common_Mexcpt_handler+56
x11 <- 0x0000000000000298

mem[X,0x00000000800023EC] -> 0x9413
mem[X,0x00000000800023EE] -> 0x03D4
[4079] [M]: 0x00000000800023EC (0x03D49413) slli x8, x9, 0x3d                       common_Mexcpt_handler+60
x8 <- 0x0000000000000000

clint mtime 0x00000000000007F8 (mip.MTI <- 0b1, mip.STI <- 0b0)
mem[X,0x00000000800023F0] -> 0x5413
mem[X,0x00000000800023F2] -> 0x43F4
[4080] [M]: 0x00000000800023F0 (0x43F45413) srai x8, x8, 0x3f                       common_Mexcpt_handler+64
x8 <- 0x0000000000000000

mem[X,0x00000000800023F4] -> 0x4413
mem[X,0x00000000800023F6] -> 0xFFF4
[4081] [M]: 0x00000000800023F4 (0xFFF44413) xori x8, x8, -0x1                       common_Mexcpt_handler+68
x8 <- 0xFFFFFFFFFFFFFFFF

clint mtime 0x00000000000007F9 (mip.MTI <- 0b1, mip.STI <- 0b0)
mem[X,0x00000000800023F8] -> 0xF4B3
mem[X,0x00000000800023FA] -> 0x0085
[4082] [M]: 0x00000000800023F8 (0x0085F4B3) and x9, x11, x8                         common_Mexcpt_handler+72
x9 <- 0x0000000000000298

mem[X,0x00000000800023FC] -> 0x84B3
mem[X,0x00000000800023FE] -> 0x0024
[4083] [M]: 0x00000000800023FC (0x002484B3) add x9, x9, x2                          vmem_adj_Mepc+0
x9 <- 0x0000000080006298

clint mtime 0x00000000000007FA (mip.MTI <- 0b1, mip.STI <- 0b0)
mem[X,0x0000000080002400] -> 0x23F3
mem[X,0x0000000080002402] -> 0x3410
[4084] [M]: 0x0000000080002400 (0x341023F3) csrrs x7, mepc, x0                      vmem_adj_Mepc+4
CSR mepc (0x341) -> 0x0000000080001388
x7 <- 0x0000000080001388

mem[X,0x0000000080002404] -> 0x0413
mem[X,0x0000000080002406] -> 0x0004
[4085] [M]: 0x0000000080002404 (0x00040413) addi x8, x8, 0x0                        vmem_adj_Mepc+8
x8 <- 0xFFFFFFFFFFFFFFFF

clint mtime 0x00000000000007FB (mip.MTI <- 0b1, mip.STI <- 0b0)
mem[X,0x0000000080002408] -> 0x006F
mem[X,0x000000008000240A] -> 0x0400
[4086] [M]: 0x0000000080002408 (0x0400006F) jal x0, 0x40                            vmem_adj_Mepc+12

mem[X,0x0000000080002448] -> 0x8433
mem[X,0x000000008000244A] -> 0x4083
[4087] [M]: 0x0000000080002448 (0x40838433) sub x8, x7, x8                          adj_Mepc+0
x8 <- 0x0000000080001389

clint mtime 0x00000000000007FC (mip.MTI <- 0b1, mip.STI <- 0b0)
mem[X,0x000000008000244C] -> 0x3823
mem[X,0x000000008000244E] -> 0x0083
[4088] [M]: 0x000000008000244C (0x00833823) sd x8, 0x10(x6)                         sv_Mepc+0
mem[W,0x00000000800075B0] <- 0x0000000080001389

mem[X,0x0000000080002450] -> 0x55B7
mem[X,0x0000000080002452] -> 0x0000
[4089] [M]: 0x0000000080002450 (0x000055B7) lui x11, 0x5                            sv_Mepc+4
x11 <- 0x0000000000005000

clint mtime 0x00000000000007FD (mip.MTI <- 0b1, mip.STI <- 0b0)
mem[X,0x0000000080002454] -> 0x8593
mem[X,0x0000000080002456] -> 0x6675
[4090] [M]: 0x0000000080002454 (0x66758593) addi x11, x11, 0x667                    sv_Mepc+8
x11 <- 0x0000000000005667

mem[X,0x0000000080002458] -> 0x9593
mem[X,0x000000008000245A] -> 0x0015
[4091] [M]: 0x0000000080002458 (0x00159593) slli x11, x11, 0x1                      sv_Mepc+12
x11 <- 0x000000000000ACCE

clint mtime 0x00000000000007FE (mip.MTI <- 0b1, mip.STI <- 0b0)
mem[X,0x000000008000245C] -> 0x9063
mem[X,0x000000008000245E] -> 0x02B1
[4092] [M]: 0x000000008000245C (0x02B19063) bne x3, x11, 0x20                       sv_Mepc+16

mem[X,0x0000000080002460] -> 0x2473
mem[X,0x0000000080002462] -> 0x3420
[4093] [M]: 0x0000000080002460 (0x34202473) csrrs x8, mcause, x0                    sv_Mepc+20
CSR mcause (0x342) -> 0x0000000000000007
x8 <- 0x0000000000000007

clint mtime 0x00000000000007FF (mip.MTI <- 0b1, mip.STI <- 0b0)
mem[X,0x0000000080002464] -> 0x0593
mem[X,0x0000000080002466] -> 0x00C0
[4094] [M]: 0x0000000080002464 (0x00C00593) addi x11, x0, 0xc                       sv_Mepc+24
x11 <- 0x000000000000000C

mem[X,0x0000000080002468] -> 0x0663
mem[X,0x000000008000246A] -> 0x00B4
[4095] [M]: 0x0000000080002468 (0x00B40663) beq x8, x11, 0xc                        sv_Mepc+28

clint mtime 0x0000000000000800 (mip.MTI <- 0b1, mip.STI <- 0b0)
mem[X,0x000000008000246C] -> 0x0593
mem[X,0x000000008000246E] -> 0x0010
[4096] [M]: 0x000000008000246C (0x00100593) addi x11, x0, 0x1                       sv_Mepc+32
x11 <- 0x0000000000000001

mem[X,0x0000000080002470] -> 0x1663
mem[X,0x0000000080002472] -> 0x00B4
[4097] [M]: 0x0000000080002470 (0x00B41663) bne x8, x11, 0xc                        sv_Mepc+36

clint mtime 0x0000000000000801 (mip.MTI <- 0b1, mip.STI <- 0b0)
mem[X,0x000000008000247C] -> 0xF593
mem[X,0x000000008000247E] -> 0xFFC3
[4098] [M]: 0x000000008000247C (0xFFC3F593) andi x11, x7, -0x4                      adj_Mepc_rtn+0
x11 <- 0x0000000080001388

mem[X,0x0000000080002480] -> 0x8593
mem[X,0x0000000080002482] -> 0x0085
[4099] [M]: 0x0000000080002480 (0x00858593) addi x11, x11, 0x8                      adj_Mepc_rtn+4
x11 <- 0x0000000080001390

clint mtime 0x0000000000000802 (mip.MTI <- 0b1, mip.STI <- 0b0)
mem[X,0x0000000080002484] -> 0x9073
mem[X,0x0000000080002486] -> 0x3415
[4100] [M]: 0x0000000080002484 (0x34159073) csrrw x0, mepc, x11                     adj_Mepc_rtn+8
CSR mepc (0x341) <- 0x0000000080001390

mem[X,0x0000000080002488] -> 0x23F3
mem[X,0x000000008000248A] -> 0x3430
[4101] [M]: 0x0000000080002488 (0x343023F3) csrrs x7, mtval, x0                     skp_adj_Mepc+0
CSR mtval (0x343) -> 0x0000000080002000
x7 <- 0x0000000080002000

clint mtime 0x0000000000000803 (mip.MTI <- 0b1, mip.STI <- 0b0)
mem[X,0x000000008000248C] -> 0x7513
mem[X,0x000000008000248E] -> 0x00F5
[4102] [M]: 0x000000008000248C (0x00F57513) andi x10, x10, 0xf                      chk_Mtval+0
x10 <- 0x0000000000000007

mem[X,0x0000000080002490] -> 0x0437
mem[X,0x0000000080002492] -> 0x0000
[4103] [M]: 0x0000000080002490 (0x00000437) lui x8, 0x0                             chk_Mtval+4
x8 <- 0x0000000000000000

clint mtime 0x0000000000000804 (mip.MTI <- 0b1, mip.STI <- 0b0)
mem[X,0x0000000080002494] -> 0x0413
mem[X,0x0000000080002496] -> 0x0004
[4104] [M]: 0x0000000080002494 (0x00040413) addi x8, x8, 0x0                        chk_Mtval+8
x8 <- 0x0000000000000000

mem[X,0x0000000080002498] -> 0x1413
mem[X,0x000000008000249A] -> 0x00B4
[4105] [M]: 0x0000000080002498 (0x00B41413) slli x8, x8, 0xb                        chk_Mtval+12
x8 <- 0x0000000000000000

clint mtime 0x0000000000000805 (mip.MTI <- 0b1, mip.STI <- 0b0)
mem[X,0x000000008000249C] -> 0x0413
mem[X,0x000000008000249E] -> 0x0004
[4106] [M]: 0x000000008000249C (0x00040413) addi x8, x8, 0x0                        chk_Mtval+16
x8 <- 0x0000000000000000

mem[X,0x00000000800024A0] -> 0x1413
mem[X,0x00000000800024A2] -> 0x00B4
[4107] [M]: 0x00000000800024A0 (0x00B41413) slli x8, x8, 0xb                        chk_Mtval+20
x8 <- 0x0000000000000000

clint mtime 0x0000000000000806 (mip.MTI <- 0b1, mip.STI <- 0b0)
mem[X,0x00000000800024A4] -> 0x0413
mem[X,0x00000000800024A6] -> 0x02C4
[4108] [M]: 0x00000000800024A4 (0x02C40413) addi x8, x8, 0x2c                       chk_Mtval+24
x8 <- 0x000000000000002C

mem[X,0x00000000800024A8] -> 0x1413
mem[X,0x00000000800024AA] -> 0x00A4
[4109] [M]: 0x00000000800024A8 (0x00A41413) slli x8, x8, 0xa                        chk_Mtval+28
x8 <- 0x000000000000B000

clint mtime 0x0000000000000807 (mip.MTI <- 0b1, mip.STI <- 0b0)
mem[X,0x00000000800024AC] -> 0x0413
mem[X,0x00000000800024AE] -> 0x0FB4
[4110] [M]: 0x00000000800024AC (0x0FB40413) addi x8, x8, 0xfb                       chk_Mtval+32
x8 <- 0x000000000000B0FB

mem[X,0x00000000800024B0] -> 0x5433
mem[X,0x00000000800024B2] -> 0x00A4
[4111] [M]: 0x00000000800024B0 (0x00A45433) srl x8, x8, x10                         chk_Mtval+36
x8 <- 0x0000000000000161

clint mtime 0x0000000000000808 (mip.MTI <- 0b1, mip.STI <- 0b0)
mem[X,0x00000000800024B4] -> 0x1413
mem[X,0x00000000800024B6] -> 0x03F4
[4112] [M]: 0x00000000800024B4 (0x03F41413) slli x8, x8, 0x3f                       chk_Mtval+40
x8 <- 0x8000000000000000

mem[X,0x00000000800024B8] -> 0x5C63
mem[X,0x00000000800024BA] -> 0x0404
[4113] [M]: 0x00000000800024B8 (0x04045C63) bge x8, x0, 0x58                        chk_Mtval+44

clint mtime 0x0000000000000809 (mip.MTI <- 0b1, mip.STI <- 0b0)
mem[X,0x00000000800024BC] -> 0xB403
mem[X,0x00000000800024BE] -> 0x2084
[4114] [M]: 0x00000000800024BC (0x2084B403) ld x8, 0x208(x9)                        vmem_adj_Mtval+0
mem[R,0x00000000800064A0] -> 0x00000000800003B4
x8 <- 0x00000000800003B4

mem[X,0x00000000800024C0] -> 0xB583
mem[X,0x00000000800024C2] -> 0x2104
[4115] [M]: 0x00000000800024C0 (0x2104B583) ld x11, 0x210(x9)                       vmem_adj_Mtval+4
mem[R,0x00000000800064A8] -> 0x0000000000001C60
x11 <- 0x0000000000001C60

clint mtime 0x000000000000080A (mip.MTI <- 0b1, mip.STI <- 0b0)
mem[X,0x00000000800024C4] -> 0x85B3
mem[X,0x00000000800024C6] -> 0x0085
[4116] [M]: 0x00000000800024C4 (0x008585B3) add x11, x11, x8                        vmem_adj_Mtval+8
x11 <- 0x0000000080002014

mem[X,0x00000000800024C8] -> 0xF463
mem[X,0x00000000800024CA] -> 0x00B3
[4117] [M]: 0x00000000800024C8 (0x00B3F463) bgeu x7, x11, 0x8                       vmem_adj_Mtval+12

clint mtime 0x000000000000080B (mip.MTI <- 0b1, mip.STI <- 0b0)
mem[X,0x00000000800024CC] -> 0xF063
mem[X,0x00000000800024CE] -> 0x0483
[4118] [M]: 0x00000000800024CC (0x0483F063) bgeu x7, x8, 0x40                       vmem_adj_Mtval+16

mem[X,0x000000008000250C] -> 0x8433
mem[X,0x000000008000250E] -> 0x4083
[4119] [M]: 0x000000008000250C (0x40838433) sub x8, x7, x8                          adj_Mtval+0
x8 <- 0x0000000000001C4C

clint mtime 0x000000000000080C (mip.MTI <- 0b1, mip.STI <- 0b0)
mem[X,0x0000000080002510] -> 0x3C23
mem[X,0x0000000080002512] -> 0x0083
[4120] [M]: 0x0000000080002510 (0x00833C23) sd x8, 0x18(x6)                         sv_Mtval+0
mem[W,0x00000000800075B8] <- 0x0000000000001C4C

mem[X,0x0000000080002514] -> 0x3483
mem[X,0x0000000080002516] -> 0x2181
[4121] [M]: 0x0000000080002514 (0x21813483) ld x9, 0x218(x2)                        skp_Mtval+0
mem[R,0x0000000080006218] -> 0x00000000800075C0
x9 <- 0x00000000800075C0

clint mtime 0x000000000000080D (mip.MTI <- 0b1, mip.STI <- 0b0)
mem[X,0x0000000080002518] -> 0x3383
mem[X,0x000000008000251A] -> 0x1F81
[4122] [M]: 0x0000000080002518 (0x1F813383) ld x7, 0x1f8(x2)                        skp_Mtval+4
mem[R,0x00000000800061F8] -> 0x0000000080007210
x7 <- 0x0000000080007210

mem[X,0x000000008000251C] -> 0x3303
mem[X,0x000000008000251E] -> 0x2001
[4123] [M]: 0x000000008000251C (0x20013303) ld x6, 0x200(x2)                        skp_Mtval+8
mem[R,0x0000000080006200] -> 0x0000000000000920
x6 <- 0x0000000000000920

clint mtime 0x000000000000080E (mip.MTI <- 0b1, mip.STI <- 0b0)
mem[X,0x0000000080002520] -> 0x0333
mem[X,0x0000000080002522] -> 0x0073
[4124] [M]: 0x0000000080002520 (0x00730333) add x6, x6, x7                          skp_Mtval+12
x6 <- 0x0000000080007B30

mem[X,0x0000000080002524] -> 0x6CE3
mem[X,0x0000000080002526] -> 0xAE93
[4125] [M]: 0x0000000080002524 (0xAE936CE3) bltu x6, x9, -0x508                     skp_Mtval+16

clint mtime 0x000000000000080F (mip.MTI <- 0b1, mip.STI <- 0b0)
mem[X,0x0000000080002528] -> 0x0393
mem[X,0x000000008000252A] -> 0x2000
[4126] [M]: 0x0000000080002528 (0x20000393) addi x7, x0, 0x200                      skp_Mtval+20
x7 <- 0x0000000000000200

mem[X,0x000000008000252C] -> 0x006F
mem[X,0x000000008000252E] -> 0x0400
[4127] [M]: 0x000000008000252C (0x0400006F) jal x0, 0x40                            skp_Mtval+24

clint mtime 0x0000000000000810 (mip.MTI <- 0b1, mip.STI <- 0b0)
mem[X,0x000000008000256C] -> 0x0417
mem[X,0x000000008000256E] -> 0x0000
[4128] [M]: 0x000000008000256C (0x00000417) auipc x8, 0x0                           spcl_Mhandler+0
x8 <- 0x000000008000256C

mem[X,0x0000000080002570] -> 0x0413
mem[X,0x0000000080002572] -> 0x03C4
[4129] [M]: 0x0000000080002570 (0x03C40413) addi x8, x8, 0x3c                       spcl_Mhandler+4
x8 <- 0x00000000800025A8

clint mtime 0x0000000000000811 (mip.MTI <- 0b1, mip.STI <- 0b0)
mem[X,0x0000000080002574] -> 0x0433
mem[X,0x0000000080002576] -> 0x0074
[4130] [M]: 0x0000000080002574 (0x00740433) add x8, x8, x7                          spcl_Mhandler+8
x8 <- 0x00000000800027A8

mem[X,0x0000000080002578] -> 0x1393
mem[X,0x000000008000257A] -> 0x0035
[4131] [M]: 0x0000000080002578 (0x00351393) slli x7, x10, 0x3                       spcl_Mhandler+12
x7 <- 0x0000000000000038

clint mtime 0x0000000000000812 (mip.MTI <- 0b1, mip.STI <- 0b0)
mem[X,0x000000008000257C] -> 0x0433
mem[X,0x000000008000257E] -> 0x0074
[4132] [M]: 0x000000008000257C (0x00740433) add x8, x8, x7                          spcl_Mhandler+16
x8 <- 0x00000000800027E0

mem[X,0x0000000080002580] -> 0x7413
mem[X,0x0000000080002582] -> 0xFF84
[4133] [M]: 0x0000000080002580 (0xFF847413) andi x8, x8, -0x8                       spcl_Mhandler+20
x8 <- 0x00000000800027E0

clint mtime 0x0000000000000813 (mip.MTI <- 0b1, mip.STI <- 0b0)
mem[X,0x0000000080002584] -> 0x3403
mem[X,0x0000000080002586] -> 0x0004
[4134] [M]: 0x0000000080002584 (0x00043403) ld x8, 0x0(x8)                          spcl_Mhandler+24
mem[R,0x00000000800027E0] -> 0x000000000000000F
x8 <- 0x000000000000000F

mem[X,0x0000000080002588] -> 0x04E3
mem[X,0x000000008000258A] -> 0xB204
[4135] [M]: 0x0000000080002588 (0xB20404E3) beq x8, x0, -0x4d8                      spcl_Mdispatch_hndling+0

clint mtime 0x0000000000000814 (mip.MTI <- 0b1, mip.STI <- 0b0)
mem[X,0x000000008000258C] -> 0x1393
mem[X,0x000000008000258E] -> 0x03F4
[4136] [M]: 0x000000008000258C (0x03F41393) slli x7, x8, 0x3f                       spcl_Mdispatch_hndling+4
x7 <- 0x8000000000000000

mem[X,0x0000000080002590] -> 0xD863
mem[X,0x0000000080002592] -> 0x0003
[4137] [M]: 0x0000000080002590 (0x0003D863) bge x7, x0, 0x10                        spcl_Mdispatch_hndling+8

clint mtime 0x0000000000000815 (mip.MTI <- 0b1, mip.STI <- 0b0)
mem[X,0x0000000080002594] -> 0x5413
mem[X,0x0000000080002596] -> 0x0014
[4138] [M]: 0x0000000080002594 (0x00145413) srli x8, x8, 0x1                        spcl_Mdispatch_hndling+12
x8 <- 0x0000000000000007

mem[X,0x0000000080002598] -> 0x0CE3
mem[X,0x000000008000259A] -> 0xF885
[4139] [M]: 0x0000000080002598 (0xF8850CE3) beq x10, x8, -0x68                      spcl_Mdispatch_hndling+16

clint mtime 0x0000000000000816 (mip.MTI <- 0b1, mip.STI <- 0b0)
mem[X,0x0000000080002530] -> 0x3303
mem[X,0x0000000080002532] -> 0x2601
[4140] [M]: 0x0000000080002530 (0x26013303) ld x6, 0x260(x2)                        resto_Mrtn+0
mem[R,0x0000000080006260] -> 0x0000000000000010
x6 <- 0x0000000000000010

mem[X,0x0000000080002534] -> 0x3383
mem[X,0x0000000080002536] -> 0x2681
[4141] [M]: 0x0000000080002534 (0x26813383) ld x7, 0x268(x2)                        resto_Mrtn+4
mem[R,0x0000000080006268] -> 0x0000000080006000
x7 <- 0x0000000080006000

clint mtime 0x0000000000000817 (mip.MTI <- 0b1, mip.STI <- 0b0)
mem[X,0x0000000080002538] -> 0x3403
mem[X,0x000000008000253A] -> 0x2701
[4142] [M]: 0x0000000080002538 (0x27013403) ld x8, 0x270(x2)                        resto_Mrtn+8
mem[R,0x0000000080006270] -> 0x0000000000007F76
x8 <- 0x0000000000007F76

mem[X,0x000000008000253C] -> 0x3483
mem[X,0x000000008000253E] -> 0x2781
[4143] [M]: 0x000000008000253C (0x27813483) ld x9, 0x278(x2)                        resto_Mrtn+12
mem[R,0x0000000080006278] -> 0x00000000800010F4
x9 <- 0x00000000800010F4

clint mtime 0x0000000000000818 (mip.MTI <- 0b1, mip.STI <- 0b0)
mem[X,0x0000000080002540] -> 0x3503
mem[X,0x0000000080002542] -> 0x2801
[4144] [M]: 0x0000000080002540 (0x28013503) ld x10, 0x280(x2)                       resto_Mrtn+16
mem[R,0x0000000080006280] -> 0x0000000000000001
x10 <- 0x0000000000000001

mem[X,0x0000000080002544] -> 0x3583
mem[X,0x0000000080002546] -> 0x2881
[4145] [M]: 0x0000000080002544 (0x28813583) ld x11, 0x288(x2)                       resto_Mrtn+20
mem[R,0x0000000080006288] -> 0x0000000000000000
x11 <- 0x0000000000000000

clint mtime 0x0000000000000819 (mip.MTI <- 0b1, mip.STI <- 0b0)
mem[X,0x0000000080002548] -> 0x3103
mem[X,0x000000008000254A] -> 0x2901
[4146] [M]: 0x0000000080002548 (0x29013103) ld x2, 0x290(x2)                        resto_Mrtn+24
mem[R,0x0000000080006290] -> 0x0000000000000000
x2 <- 0x0000000000000000

mem[X,0x000000008000254C] -> 0x0073
mem[X,0x000000008000254E] -> 0x3020
[4147] [M]: 0x000000008000254C (0x30200073) mret                                    resto_Mrtn+28
CSR mstatus (0x300) <- 0x0000000A00000080
ret-ing from M to S

clint mtime 0x000000000000081A (mip.MTI <- 0b1, mip.STI <- 0b0)
mem[X,0x0000000080001390] -> 0x8793
mem[X,0x0000000080001392] -> 0x0047
[4148] [S]: 0x0000000080001390 (0x00478793) addi x15, x15, 0x4                      main+4016
x15 <- 0x0000000080002004

mem[X,0x0000000080001394] -> 0xA023
mem[X,0x0000000080001396] -> 0x00E7
[4149] [S]: 0x0000000080001394 (0x00E7A023) sw x14, 0x0(x15)                        main+4020
mem[W,0x0000000080002004] <- 0x00000013

clint mtime 0x000000000000081B (mip.MTI <- 0b1, mip.STI <- 0b0)
mem[X,0x0000000080001398] -> 0x0013
mem[X,0x000000008000139A] -> 0x0000
[4150] [S]: 0x0000000080001398 (0x00000013) addi x0, x0, 0x0                        main+4024

mem[X,0x000000008000139C] -> 0x0013
mem[X,0x000000008000139E] -> 0x0000
[4151] [S]: 0x000000008000139C (0x00000013) addi x0, x0, 0x0                        main+4028

clint mtime 0x000000000000081C (mip.MTI <- 0b1, mip.STI <- 0b0)
mem[X,0x00000000800013A0] -> 0x1797
mem[X,0x00000000800013A2] -> 0x0000
[4152] [S]: 0x00000000800013A0 (0x00001797) auipc x15, 0x1                          main+4032
x15 <- 0x00000000800023A0

mem[X,0x00000000800013A4] -> 0x8793
mem[X,0x00000000800013A6] -> 0xC607
[4153] [S]: 0x00000000800013A4 (0xC6078793) addi x15, x15, -0x3a0                   main+4036
x15 <- 0x0000000080002000

clint mtime 0x000000000000081D (mip.MTI <- 0b1, mip.STI <- 0b0)
mem[X,0x00000000800013A8] -> 0x0001
[4154] [S]: 0x00000000800013A8 (0x0001) c.nop                                       main+4040

mem[X,0x00000000800013AA] -> 0x0013
mem[X,0x00000000800013AC] -> 0x0000
[4155] [S]: 0x00000000800013AA (0x00000013) addi x0, x0, 0x0                        main+4042

clint mtime 0x000000000000081E (mip.MTI <- 0b1, mip.STI <- 0b0)
mem[X,0x00000000800013AE] -> 0x0013
mem[X,0x00000000800013B0] -> 0x0000
[4156] [S]: 0x00000000800013AE (0x00000013) addi x0, x0, 0x0                        main+4046

mem[X,0x00000000800013B2] -> 0x0013
mem[X,0x00000000800013B4] -> 0x0000
[4157] [S]: 0x00000000800013B2 (0x00000013) addi x0, x0, 0x0                        main+4050

clint mtime 0x000000000000081F (mip.MTI <- 0b1, mip.STI <- 0b0)
mem[X,0x00000000800013B6] -> 0x0013
mem[X,0x00000000800013B8] -> 0x0000
[4158] [S]: 0x00000000800013B6 (0x00000013) addi x0, x0, 0x0                        main+4054

mem[X,0x00000000800013BA] -> 0x0013
mem[X,0x00000000800013BC] -> 0x0000
[4159] [S]: 0x00000000800013BA (0x00000013) addi x0, x0, 0x0                        main+4058

clint mtime 0x0000000000000820 (mip.MTI <- 0b1, mip.STI <- 0b0)
mem[X,0x00000000800013BE] -> 0x0001
[4160] [S]: 0x00000000800013BE (0x0001) c.nop                                       main+4062

mem[X,0x00000000800013C0] -> 0xA703
mem[X,0x00000000800013C2] -> 0x0007
[4161] [S]: 0x00000000800013C0 (0x0007A703) lw x14, 0x0(x15)                        main+4064
mem[R,0x0000000080002000] -> 0x00000013
x14 <- 0x0000000000000013

clint mtime 0x0000000000000821 (mip.MTI <- 0b1, mip.STI <- 0b0)
mem[X,0x00000000800013C4] -> 0x0013
mem[X,0x00000000800013C6] -> 0x0000
[4162] [S]: 0x00000000800013C4 (0x00000013) addi x0, x0, 0x0                        main+4068

mem[X,0x00000000800013C8] -> 0xB023
mem[X,0x00000000800013CA] -> 0x0AE6
[4163] [S]: 0x00000000800013C8 (0x0AE6B023) sd x14, 0xa0(x13)                       main+4072
mem[W,0x00000000800072B8] <- 0x0000000000000013

clint mtime 0x0000000000000822 (mip.MTI <- 0b1, mip.STI <- 0b0)
mem[X,0x00000000800013CC] -> 0x8793
mem[X,0x00000000800013CE] -> 0xFFC7
[4164] [S]: 0x00000000800013CC (0xFFC78793) addi x15, x15, -0x4                     main+4076
x15 <- 0x0000000080001FFC

mem[X,0x00000000800013D0] -> 0xA703
mem[X,0x00000000800013D2] -> 0x0007
[4165] [S]: 0x00000000800013D0 (0x0007A703) lw x14, 0x0(x15)                        main+4080
mem[R,0x0000000080001FFC] -> 0x00000013
x14 <- 0x0000000000000013

clint mtime 0x0000000000000823 (mip.MTI <- 0b1, mip.STI <- 0b0)
mem[X,0x00000000800013D4] -> 0x0013
mem[X,0x00000000800013D6] -> 0x0000
[4166] [S]: 0x00000000800013D4 (0x00000013) addi x0, x0, 0x0                        main+4084

mem[X,0x00000000800013D8] -> 0xB423
mem[X,0x00000000800013DA] -> 0x0AE6
[4167] [S]: 0x00000000800013D8 (0x0AE6B423) sd x14, 0xa8(x13)                       main+4088
mem[W,0x00000000800072C0] <- 0x0000000000000013

clint mtime 0x0000000000000824 (mip.MTI <- 0b1, mip.STI <- 0b0)
mem[X,0x00000000800013DC] -> 0x8793
mem[X,0x00000000800013DE] -> 0x0087
[4168] [S]: 0x00000000800013DC (0x00878793) addi x15, x15, 0x8                      main+4092
x15 <- 0x0000000080002004

mem[X,0x00000000800013E0] -> 0xA703
mem[X,0x00000000800013E2] -> 0x0007
[4169] [S]: 0x00000000800013E0 (0x0007A703) lw x14, 0x0(x15)                        main+4096
mem[R,0x0000000080002004] -> 0x00000013
x14 <- 0x0000000000000013

clint mtime 0x0000000000000825 (mip.MTI <- 0b1, mip.STI <- 0b0)
mem[X,0x00000000800013E4] -> 0x0013
mem[X,0x00000000800013E6] -> 0x0000
[4170] [S]: 0x00000000800013E4 (0x00000013) addi x0, x0, 0x0                        main+4100

mem[X,0x00000000800013E8] -> 0xB823
mem[X,0x00000000800013EA] -> 0x0AE6
[4171] [S]: 0x00000000800013E8 (0x0AE6B823) sd x14, 0xb0(x13)                       main+4104
mem[W,0x00000000800072C8] <- 0x0000000000000013

clint mtime 0x0000000000000826 (mip.MTI <- 0b1, mip.STI <- 0b0)
mem[X,0x00000000800013EC] -> 0x0293
mem[X,0x00000000800013EE] -> 0xFFC0
[4172] [S]: 0x00000000800013EC (0xFFC00293) addi x5, x0, -0x4                       main+4108
x5 <- 0xFFFFFFFFFFFFFFFC

mem[X,0x00000000800013F0] -> 0x87B3
mem[X,0x00000000800013F2] -> 0x0057
[4173] [S]: 0x00000000800013F0 (0x005787B3) add x15, x15, x5                        main+4112
x15 <- 0x0000000080002000

clint mtime 0x0000000000000827 (mip.MTI <- 0b1, mip.STI <- 0b0)
mem[X,0x00000000800013F4] -> 0xA703
mem[X,0x00000000800013F6] -> 0x0007
[4174] [S]: 0x00000000800013F4 (0x0007A703) lw x14, 0x0(x15)                        main+4116
mem[R,0x0000000080002000] -> 0x00000013
x14 <- 0x0000000000000013

mem[X,0x00000000800013F8] -> 0x0013
mem[X,0x00000000800013FA] -> 0x0000
[4175] [S]: 0x00000000800013F8 (0x00000013) addi x0, x0, 0x0                        main+4120

clint mtime 0x0000000000000828 (mip.MTI <- 0b1, mip.STI <- 0b0)
mem[X,0x00000000800013FC] -> 0xBC23
mem[X,0x00000000800013FE] -> 0x0AE6
[4176] [S]: 0x00000000800013FC (0x0AE6BC23) sd x14, 0xb8(x13)                       main+4124
mem[W,0x00000000800072D0] <- 0x0000000000000013

mem[X,0x0000000080001400] -> 0x8793
mem[X,0x0000000080001402] -> 0x0047
[4177] [S]: 0x0000000080001400 (0x00478793) addi x15, x15, 0x4                      main+4128
x15 <- 0x0000000080002004

clint mtime 0x0000000000000829 (mip.MTI <- 0b1, mip.STI <- 0b0)
mem[X,0x0000000080001404] -> 0xA703
mem[X,0x0000000080001406] -> 0x0007
[4178] [S]: 0x0000000080001404 (0x0007A703) lw x14, 0x0(x15)                        main+4132
mem[R,0x0000000080002004] -> 0x00000013
x14 <- 0x0000000000000013

mem[X,0x0000000080001408] -> 0x0013
mem[X,0x000000008000140A] -> 0x0000
[4179] [S]: 0x0000000080001408 (0x00000013) addi x0, x0, 0x0                        main+4136

clint mtime 0x000000000000082A (mip.MTI <- 0b1, mip.STI <- 0b0)
mem[X,0x000000008000140C] -> 0xB023
mem[X,0x000000008000140E] -> 0x0CE6
[4180] [S]: 0x000000008000140C (0x0CE6B023) sd x14, 0xc0(x13)                       main+4140
mem[W,0x00000000800072D8] <- 0x0000000000000013

mem[X,0x0000000080001410] -> 0x0113
mem[X,0x0000000080001412] -> 0x0000
[4181] [S]: 0x0000000080001410 (0x00000113) addi x2, x0, 0x0                        main+4144
x2 <- 0x0000000000000000

clint mtime 0x000000000000082B (mip.MTI <- 0b1, mip.STI <- 0b0)
mem[X,0x0000000080001414] -> 0x0073
mem[X,0x0000000080001416] -> 0x0000
[4182] [S]: 0x0000000080001414 (0x00000073) ecall                                   main+4148
trapping from S to M to handle s-call
handling exc#s-call at priv M with tval 0x0000000000000000
CSR mstatus (0x300) <- 0x0000000A00000800
CSR mcause (0x342) <- 0x0000000000000009
CSR mtval (0x343) <- 0x0000000000000000
CSR mepc (0x341) <- 0x0000000080001414

mem[X,0x0000000080002100] -> 0x006F
mem[X,0x0000000080002102] -> 0x1000
[4183] [M]: 0x0000000080002100 (0x1000006F) jal x0, 0x100                           Mtrampoline+0

clint mtime 0x000000000000082C (mip.MTI <- 0b1, mip.STI <- 0b0)
mem[X,0x0000000080002200] -> 0x1173
mem[X,0x0000000080002202] -> 0x3401
[4184] [M]: 0x0000000080002200 (0x34011173) csrrw x2, mscratch, x2                  trap_Mhandler+0
CSR mscratch (0x340) <- 0x0000000000000000
x2 <- 0x0000000080006000

mem[X,0x0000000080002204] -> 0x3423
mem[X,0x0000000080002206] -> 0x28B1
[4185] [M]: 0x0000000080002204 (0x28B13423) sd x11, 0x288(x2)                       trap_Mhandler+4
mem[W,0x0000000080006288] <- 0x0000000000000000

clint mtime 0x000000000000082D (mip.MTI <- 0b1, mip.STI <- 0b0)
mem[X,0x0000000080002208] -> 0x05EF
mem[X,0x000000008000220A] -> 0x0B80
[4186] [M]: 0x0000000080002208 (0x0B8005EF) jal x11, 0xb8                           trap_Mhandler+8
x11 <- 0x000000008000220C

mem[X,0x00000000800022C0] -> 0x3023
mem[X,0x00000000800022C2] -> 0x28A1
[4187] [M]: 0x00000000800022C0 (0x28A13023) sd x10, 0x280(x2)                       common_Mhandler+0
mem[W,0x0000000080006280] <- 0x0000000000000001

clint mtime 0x000000000000082E (mip.MTI <- 0b1, mip.STI <- 0b0)
mem[X,0x00000000800022C4] -> 0x1573
mem[X,0x00000000800022C6] -> 0x3401
[4188] [M]: 0x00000000800022C4 (0x34011573) csrrw x10, mscratch, x2                 common_Mhandler+4
CSR mscratch (0x340) <- 0x0000000080006000
x10 <- 0x0000000000000000

mem[X,0x00000000800022C8] -> 0x3823
mem[X,0x00000000800022CA] -> 0x28A1
[4189] [M]: 0x00000000800022C8 (0x28A13823) sd x10, 0x290(x2)                       common_Mhandler+8
mem[W,0x0000000080006290] <- 0x0000000000000000

clint mtime 0x000000000000082F (mip.MTI <- 0b1, mip.STI <- 0b0)
mem[X,0x00000000800022CC] -> 0x3503
mem[X,0x00000000800022CE] -> 0x2301
[4190] [M]: 0x00000000800022CC (0x23013503) ld x10, 0x230(x2)                       common_Mhandler+12
mem[R,0x0000000080006230] -> 0x00000000800022D4
x10 <- 0x00000000800022D4

mem[X,0x00000000800022D0] -> 0x0067
mem[X,0x00000000800022D2] -> 0x0005
[4191] [M]: 0x00000000800022D0 (0x00050067) jalr x0, 0x0(x10)                       common_Mhandler+16

clint mtime 0x0000000000000830 (mip.MTI <- 0b1, mip.STI <- 0b0)
mem[X,0x00000000800022D4] -> 0x3C23
mem[X,0x00000000800022D6] -> 0x2691
[4192] [M]: 0x00000000800022D4 (0x26913C23) sd x9, 0x278(x2)                        common_Mentry+0
mem[W,0x0000000080006278] <- 0x00000000800010F4

mem[X,0x00000000800022D8] -> 0x3823
mem[X,0x00000000800022DA] -> 0x2681
[4193] [M]: 0x00000000800022D8 (0x26813823) sd x8, 0x270(x2)                        common_Mentry+4
mem[W,0x0000000080006270] <- 0x0000000000007F76

clint mtime 0x0000000000000831 (mip.MTI <- 0b1, mip.STI <- 0b0)
mem[X,0x00000000800022DC] -> 0x3423
mem[X,0x00000000800022DE] -> 0x2671
[4194] [M]: 0x00000000800022DC (0x26713423) sd x7, 0x268(x2)                        common_Mentry+8
mem[W,0x0000000080006268] <- 0x0000000080006000

mem[X,0x00000000800022E0] -> 0x3023
mem[X,0x00000000800022E2] -> 0x2661
[4195] [M]: 0x00000000800022E0 (0x26613023) sd x6, 0x260(x2)                        common_Mentry+12
mem[W,0x0000000080006260] <- 0x0000000000000010

clint mtime 0x0000000000000832 (mip.MTI <- 0b1, mip.STI <- 0b0)
mem[X,0x00000000800022E4] -> 0x2573
mem[X,0x00000000800022E6] -> 0x3420
[4196] [M]: 0x00000000800022E4 (0x34202573) csrrs x10, mcause, x0                   spcl_M2mmode_test+0
CSR mcause (0x342) -> 0x0000000000000009
x10 <- 0x0000000000000009

mem[X,0x00000000800022E8] -> 0x04B7
mem[X,0x00000000800022EA] -> 0x8000
[4197] [M]: 0x00000000800022E8 (0x800004B7) lui x9, -0x80000                        spcl_M2mmode_test+4
x9 <- 0xFFFFFFFF80000000

clint mtime 0x0000000000000833 (mip.MTI <- 0b1, mip.STI <- 0b0)
mem[X,0x00000000800022EC] -> 0x8493
mem[X,0x00000000800022EE] -> 0x0004
[4198] [M]: 0x00000000800022EC (0x00048493) addi x9, x9, 0x0                        spcl_M2mmode_test+8
x9 <- 0xFFFFFFFF80000000

mem[X,0x00000000800022F0] -> 0x9493
mem[X,0x00000000800022F2] -> 0x00B4
[4199] [M]: 0x00000000800022F0 (0x00B49493) slli x9, x9, 0xb                        spcl_M2mmode_test+12
x9 <- 0xFFFFFC0000000000

clint mtime 0x0000000000000834 (mip.MTI <- 0b1, mip.STI <- 0b0)
mem[X,0x00000000800022F4] -> 0x8493
mem[X,0x00000000800022F6] -> 0x0004
[4200] [M]: 0x00000000800022F4 (0x00048493) addi x9, x9, 0x0                        spcl_M2mmode_test+16
x9 <- 0xFFFFFC0000000000

mem[X,0x00000000800022F8] -> 0x9493
mem[X,0x00000000800022FA] -> 0x00B4
[4201] [M]: 0x00000000800022F8 (0x00B49493) slli x9, x9, 0xb                        spcl_M2mmode_test+20
x9 <- 0xFFE0000000000000

clint mtime 0x0000000000000835 (mip.MTI <- 0b1, mip.STI <- 0b0)
mem[X,0x00000000800022FC] -> 0x8493
mem[X,0x00000000800022FE] -> 0x0034
[4202] [M]: 0x00000000800022FC (0x00348493) addi x9, x9, 0x3                        spcl_M2mmode_test+24
x9 <- 0xFFE0000000000003

mem[X,0x0000000080002300] -> 0x9493
mem[X,0x0000000080002302] -> 0x00A4
[4203] [M]: 0x0000000080002300 (0x00A49493) slli x9, x9, 0xa                        spcl_M2mmode_test+28
x9 <- 0x8000000000000C00

clint mtime 0x0000000000000836 (mip.MTI <- 0b1, mip.STI <- 0b0)
mem[X,0x0000000080002304] -> 0x8493
mem[X,0x0000000080002306] -> 0x3FC4
[4204] [M]: 0x0000000080002304 (0x3FC48493) addi x9, x9, 0x3fc                      spcl_M2mmode_test+32
x9 <- 0x8000000000000FFC

mem[X,0x0000000080002308] -> 0xF4B3
mem[X,0x000000008000230A] -> 0x00A4
[4205] [M]: 0x0000000080002308 (0x00A4F4B3) and x9, x9, x10                         spcl_M2mmode_test+36
x9 <- 0x0000000000000008

clint mtime 0x0000000000000837 (mip.MTI <- 0b1, mip.STI <- 0b0)
mem[X,0x000000008000230C] -> 0x8493
mem[X,0x000000008000230E] -> 0xFF84
[4206] [M]: 0x000000008000230C (0xFF848493) addi x9, x9, -0x8                       spcl_M2mmode_test+40
x9 <- 0x0000000000000000

mem[X,0x0000000080002310] -> 0x9663
mem[X,0x0000000080002312] -> 0x0004
[4207] [M]: 0x0000000080002310 (0x00049663) bne x9, x0, 0xc                         spcl_M2mmode_test+44

clint mtime 0x0000000000000838 (mip.MTI <- 0b1, mip.STI <- 0b0)
mem[X,0x0000000080002314] -> 0x3383
mem[X,0x0000000080002316] -> 0x2901
[4208] [M]: 0x0000000080002314 (0x29013383) ld x7, 0x290(x2)                        spcl_M2mmode_test+48
mem[R,0x0000000080006290] -> 0x0000000000000000
x7 <- 0x0000000000000000

mem[X,0x0000000080002318] -> 0x8263
mem[X,0x000000008000231A] -> 0x6E03
[4209] [M]: 0x0000000080002318 (0x6E038263) beq x7, x0, 0x6e4                       spcl_M2mmode_test+52

clint mtime 0x0000000000000839 (mip.MTI <- 0b1, mip.STI <- 0b0)
mem[X,0x00000000800029FC] -> 0x0493
mem[X,0x00000000800029FE] -> 0xFF55
[4210] [M]: 0x00000000800029FC (0xFF550493) addi x9, x10, -0xb                      rtn2mmode+0
x9 <- 0xFFFFFFFFFFFFFFFE

mem[X,0x0000000080002A00] -> 0x8C63
mem[X,0x0000000080002A02] -> 0x0004
[4211] [M]: 0x0000000080002A00 (0x00048C63) beq x9, x0, 0x18                        rtn2mmode+4

clint mtime 0x000000000000083A (mip.MTI <- 0b1, mip.STI <- 0b0)
mem[X,0x0000000080002A04] -> 0x3583
mem[X,0x0000000080002A06] -> 0x4701
[4212] [M]: 0x0000000080002A04 (0x47013583) ld x11, 0x470(x2)                       rtn2mmode+8
mem[R,0x0000000080006470] -> 0x00000000800003B4
x11 <- 0x00000000800003B4

mem[X,0x0000000080002A08] -> 0xD463
mem[X,0x0000000080002A0A] -> 0x0003
[4213] [M]: 0x0000000080002A08 (0x0003D463) bge x7, x0, 0x8                         rtn2mmode+12

clint mtime 0x000000000000083B (mip.MTI <- 0b1, mip.STI <- 0b0)
mem[X,0x0000000080002A10] -> 0x3483
mem[X,0x0000000080002A12] -> 0x1D81
[4214] [M]: 0x0000000080002A10 (0x1D813483) ld x9, 0x1d8(x2)                        from_u_s+0
mem[R,0x00000000800061D8] -> 0x00000000800003B4
x9 <- 0x00000000800003B4

mem[X,0x0000000080002A14] -> 0x84B3
mem[X,0x0000000080002A16] -> 0x40B4
[4215] [M]: 0x0000000080002A14 (0x40B484B3) sub x9, x9, x11                         from_u_s+4
x9 <- 0x0000000000000000

clint mtime 0x000000000000083C (mip.MTI <- 0b1, mip.STI <- 0b0)
mem[X,0x0000000080002A18] -> 0x23F3
mem[X,0x0000000080002A1A] -> 0x3410
[4216] [M]: 0x0000000080002A18 (0x341023F3) csrrs x7, mepc, x0                      rtn_fm_mmode+0
CSR mepc (0x341) -> 0x0000000080001414
x7 <- 0x0000000080001414

mem[X,0x0000000080002A1C] -> 0x83B3
mem[X,0x0000000080002A1E] -> 0x0093
[4217] [M]: 0x0000000080002A1C (0x009383B3) add x7, x7, x9                          rtn_fm_mmode+4
x7 <- 0x0000000080001414

clint mtime 0x000000000000083D (mip.MTI <- 0b1, mip.STI <- 0b0)
mem[X,0x0000000080002A20] -> 0x3303
mem[X,0x0000000080002A22] -> 0x2601
[4218] [M]: 0x0000000080002A20 (0x26013303) ld x6, 0x260(x2)                        rtn_fm_mmode+8
mem[R,0x0000000080006260] -> 0x0000000000000010
x6 <- 0x0000000000000010

mem[X,0x0000000080002A24] -> 0x3403
mem[X,0x0000000080002A26] -> 0x2701
[4219] [M]: 0x0000000080002A24 (0x27013403) ld x8, 0x270(x2)                        rtn_fm_mmode+12
mem[R,0x0000000080006270] -> 0x0000000000007F76
x8 <- 0x0000000000007F76

clint mtime 0x000000000000083E (mip.MTI <- 0b1, mip.STI <- 0b0)
mem[X,0x0000000080002A28] -> 0x3483
mem[X,0x0000000080002A2A] -> 0x2781
[4220] [M]: 0x0000000080002A28 (0x27813483) ld x9, 0x278(x2)                        rtn_fm_mmode+16
mem[R,0x0000000080006278] -> 0x00000000800010F4
x9 <- 0x00000000800010F4

mem[X,0x0000000080002A2C] -> 0x3503
mem[X,0x0000000080002A2E] -> 0x2801
[4221] [M]: 0x0000000080002A2C (0x28013503) ld x10, 0x280(x2)                       rtn_fm_mmode+20
mem[R,0x0000000080006280] -> 0x0000000000000001
x10 <- 0x0000000000000001

clint mtime 0x000000000000083F (mip.MTI <- 0b1, mip.STI <- 0b0)
mem[X,0x0000000080002A30] -> 0x3583
mem[X,0x0000000080002A32] -> 0x2881
[4222] [M]: 0x0000000080002A30 (0x28813583) ld x11, 0x288(x2)                       rtn_fm_mmode+24
mem[R,0x0000000080006288] -> 0x0000000000000000
x11 <- 0x0000000000000000

mem[X,0x0000000080002A34] -> 0x3103
mem[X,0x0000000080002A36] -> 0x2901
[4223] [M]: 0x0000000080002A34 (0x29013103) ld x2, 0x290(x2)                        rtn_fm_mmode+28
mem[R,0x0000000080006290] -> 0x0000000000000000
x2 <- 0x0000000000000000

clint mtime 0x0000000000000840 (mip.MTI <- 0b1, mip.STI <- 0b0)
mem[X,0x0000000080002A38] -> 0x8067
mem[X,0x0000000080002A3A] -> 0x0043
[4224] [M]: 0x0000000080002A38 (0x00438067) jalr x0, 0x4(x7)                        rtn_fm_mmode+32

mem[X,0x0000000080001418] -> 0x0013
mem[X,0x000000008000141A] -> 0x0000
[4225] [M]: 0x0000000080001418 (0x00000013) addi x0, x0, 0x0                        main+4152

clint mtime 0x0000000000000841 (mip.MTI <- 0b1, mip.STI <- 0b0)
mem[X,0x000000008000141C] -> 0x0013
mem[X,0x000000008000141E] -> 0x0000
[4226] [M]: 0x000000008000141C (0x00000013) addi x0, x0, 0x0                        main+4156

mem[X,0x0000000080001420] -> 0x1337
mem[X,0x0000000080001422] -> 0x2000
[4227] [M]: 0x0000000080001420 (0x20001337) lui x6, 0x20001                         main+4160
x6 <- 0x0000000020001000

clint mtime 0x0000000000000842 (mip.MTI <- 0b1, mip.STI <- 0b0)
mem[X,0x0000000080001424] -> 0x031B
mem[X,0x0000000080001426] -> 0x8013
[4228] [M]: 0x0000000080001424 (0x8013031B) addiw x6, x6, -0x7ff                    main+4164
x6 <- 0x0000000020000801

mem[X,0x0000000080001428] -> 0x0001
[4229] [M]: 0x0000000080001428 (0x0001) c.nop                                       main+4168

clint mtime 0x0000000000000843 (mip.MTI <- 0b1, mip.STI <- 0b0)
mem[X,0x000000008000142A] -> 0x0013
mem[X,0x000000008000142C] -> 0x0000
[4230] [M]: 0x000000008000142A (0x00000013) addi x0, x0, 0x0                        main+4170

mem[X,0x000000008000142E] -> 0x0013
mem[X,0x0000000080001430] -> 0x0000
[4231] [M]: 0x000000008000142E (0x00000013) addi x0, x0, 0x0                        main+4174

clint mtime 0x0000000000000844 (mip.MTI <- 0b1, mip.STI <- 0b0)
mem[X,0x0000000080001432] -> 0x0013
mem[X,0x0000000080001434] -> 0x0000
[4232] [M]: 0x0000000080001432 (0x00000013) addi x0, x0, 0x0                        main+4178

mem[X,0x0000000080001436] -> 0x0013
mem[X,0x0000000080001438] -> 0x0000
[4233] [M]: 0x0000000080001436 (0x00000013) addi x0, x0, 0x0                        main+4182

clint mtime 0x0000000000000845 (mip.MTI <- 0b1, mip.STI <- 0b0)
mem[X,0x000000008000143A] -> 0x0013
mem[X,0x000000008000143C] -> 0x0000
[4234] [M]: 0x000000008000143A (0x00000013) addi x0, x0, 0x0                        main+4186

mem[X,0x000000008000143E] -> 0x0001
[4235] [M]: 0x000000008000143E (0x0001) c.nop                                       main+4190

clint mtime 0x0000000000000846 (mip.MTI <- 0b1, mip.STI <- 0b0)
mem[X,0x0000000080001440] -> 0x1073
mem[X,0x0000000080001442] -> 0x3B13
[4236] [M]: 0x0000000080001440 (0x3B131073) csrrw x0, pmpaddr1, x6                  main+4192
CSR pmpaddr1 (0x3B1) <- 0x0000000020000801

mem[X,0x0000000080001444] -> 0x0013
mem[X,0x0000000080001446] -> 0x0000
[4237] [M]: 0x0000000080001444 (0x00000013) addi x0, x0, 0x0                        main+4196

clint mtime 0x0000000000000847 (mip.MTI <- 0b1, mip.STI <- 0b0)
mem[X,0x0000000080001448] -> 0x0013
mem[X,0x000000008000144A] -> 0x0000
[4238] [M]: 0x0000000080001448 (0x00000013) addi x0, x0, 0x0                        main+4200

mem[X,0x000000008000144C] -> 0x0013
mem[X,0x000000008000144E] -> 0x0000
[4239] [M]: 0x000000008000144C (0x00000013) addi x0, x0, 0x0                        main+4204

clint mtime 0x0000000000000848 (mip.MTI <- 0b1, mip.STI <- 0b0)
mem[X,0x0000000080001450] -> 0x0013
mem[X,0x0000000080001452] -> 0x0000
[4240] [M]: 0x0000000080001450 (0x00000013) addi x0, x0, 0x0                        main+4208

mem[X,0x0000000080001454] -> 0x0013
mem[X,0x0000000080001456] -> 0x0000
[4241] [M]: 0x0000000080001454 (0x00000013) addi x0, x0, 0x0                        main+4212

clint mtime 0x0000000000000849 (mip.MTI <- 0b1, mip.STI <- 0b0)
mem[X,0x0000000080001458] -> 0x0013
mem[X,0x000000008000145A] -> 0x0000
[4242] [M]: 0x0000000080001458 (0x00000013) addi x0, x0, 0x0                        main+4216

mem[X,0x000000008000145C] -> 0x0013
mem[X,0x000000008000145E] -> 0x0000
[4243] [M]: 0x000000008000145C (0x00000013) addi x0, x0, 0x0                        main+4220

clint mtime 0x000000000000084A (mip.MTI <- 0b1, mip.STI <- 0b0)
mem[X,0x0000000080001460] -> 0x12B7
mem[X,0x0000000080001462] -> 0x2000
[4244] [M]: 0x0000000080001460 (0x200012B7) lui x5, 0x20001                         main+4224
x5 <- 0x0000000020001000

mem[X,0x0000000080001464] -> 0x829B
mem[X,0x0000000080001466] -> 0x8002
[4245] [M]: 0x0000000080001464 (0x8002829B) addiw x5, x5, -0x800                    main+4228
x5 <- 0x0000000020000800

clint mtime 0x000000000000084B (mip.MTI <- 0b1, mip.STI <- 0b0)
mem[X,0x0000000080001468] -> 0x0001
[4246] [M]: 0x0000000080001468 (0x0001) c.nop                                       main+4232

mem[X,0x000000008000146A] -> 0x0013
mem[X,0x000000008000146C] -> 0x0000
[4247] [M]: 0x000000008000146A (0x00000013) addi x0, x0, 0x0                        main+4234

clint mtime 0x000000000000084C (mip.MTI <- 0b1, mip.STI <- 0b0)
mem[X,0x000000008000146E] -> 0x0013
mem[X,0x0000000080001470] -> 0x0000
[4248] [M]: 0x000000008000146E (0x00000013) addi x0, x0, 0x0                        main+4238

mem[X,0x0000000080001472] -> 0x0013
mem[X,0x0000000080001474] -> 0x0000
[4249] [M]: 0x0000000080001472 (0x00000013) addi x0, x0, 0x0                        main+4242

clint mtime 0x000000000000084D (mip.MTI <- 0b1, mip.STI <- 0b0)
mem[X,0x0000000080001476] -> 0x0013
mem[X,0x0000000080001478] -> 0x0000
[4250] [M]: 0x0000000080001476 (0x00000013) addi x0, x0, 0x0                        main+4246

mem[X,0x000000008000147A] -> 0x0013
mem[X,0x000000008000147C] -> 0x0000
[4251] [M]: 0x000000008000147A (0x00000013) addi x0, x0, 0x0                        main+4250

clint mtime 0x000000000000084E (mip.MTI <- 0b1, mip.STI <- 0b0)
mem[X,0x000000008000147E] -> 0x0001
[4252] [M]: 0x000000008000147E (0x0001) c.nop                                       main+4254

mem[X,0x0000000080001480] -> 0x9073
mem[X,0x0000000080001482] -> 0x3B02
[4253] [M]: 0x0000000080001480 (0x3B029073) csrrw x0, pmpaddr0, x5                  main+4256
CSR pmpaddr0 (0x3B0) <- 0x0000000020000800

clint mtime 0x000000000000084F (mip.MTI <- 0b1, mip.STI <- 0b0)
mem[X,0x0000000080001484] -> 0x0213
mem[X,0x0000000080001486] -> 0xFFF0
[4254] [M]: 0x0000000080001484 (0xFFF00213) addi x4, x0, -0x1                       main+4260
x4 <- 0xFFFFFFFFFFFFFFFF

mem[X,0x0000000080001488] -> 0x5213
mem[X,0x000000008000148A] -> 0x03C2
[4255] [M]: 0x0000000080001488 (0x03C25213) srli x4, x4, 0x3c                       main+4264
x4 <- 0x000000000000000F

clint mtime 0x0000000000000850 (mip.MTI <- 0b1, mip.STI <- 0b0)
mem[X,0x000000008000148C] -> 0x1213
mem[X,0x000000008000148E] -> 0x0082
[4256] [M]: 0x000000008000148C (0x00821213) slli x4, x4, 0x8                        main+4268
x4 <- 0x0000000000000F00

mem[X,0x0000000080001490] -> 0x1073
mem[X,0x0000000080001492] -> 0x3A02
[4257] [M]: 0x0000000080001490 (0x3A021073) csrrw x0, pmpcfg0, x4                   main+4272
CSR pmpcfg0 (0x3A0) <- 0x0000000000000F00

clint mtime 0x0000000000000851 (mip.MTI <- 0b1, mip.STI <- 0b0)
mem[X,0x0000000080001494] -> 0x0493
mem[X,0x0000000080001496] -> 0x0010
[4258] [M]: 0x0000000080001494 (0x00100493) addi x9, x0, 0x1                        main+4276
x9 <- 0x0000000000000001

mem[X,0x0000000080001498] -> 0x9493
mem[X,0x000000008000149A] -> 0x00B4
[4259] [M]: 0x0000000080001498 (0x00B49493) slli x9, x9, 0xb                        main+4280
x9 <- 0x0000000000000800

clint mtime 0x0000000000000852 (mip.MTI <- 0b1, mip.STI <- 0b0)
mem[X,0x000000008000149C] -> 0xB073
mem[X,0x000000008000149E] -> 0x3004
[4260] [M]: 0x000000008000149C (0x3004B073) csrrc x0, mstatus, x9                   main+4284
CSR mstatus (0x300) <- 0x0000000A00000000

mem[X,0x00000000800014A0] -> 0x0493
mem[X,0x00000000800014A2] -> 0x0010
[4261] [M]: 0x00000000800014A0 (0x00100493) addi x9, x0, 0x1                        main+4288
x9 <- 0x0000000000000001

clint mtime 0x0000000000000853 (mip.MTI <- 0b1, mip.STI <- 0b0)
mem[X,0x00000000800014A4] -> 0x9493
mem[X,0x00000000800014A6] -> 0x00B4
[4262] [M]: 0x00000000800014A4 (0x00B49493) slli x9, x9, 0xb                        main+4292
x9 <- 0x0000000000000800

mem[X,0x00000000800014A8] -> 0xA073
mem[X,0x00000000800014AA] -> 0x3004
[4263] [M]: 0x00000000800014A8 (0x3004A073) csrrs x0, mstatus, x9                   main+4296
CSR mstatus (0x300) <- 0x0000000A00000800

clint mtime 0x0000000000000854 (mip.MTI <- 0b1, mip.STI <- 0b0)
mem[X,0x00000000800014AC] -> 0x23F3
mem[X,0x00000000800014AE] -> 0x3400
[4264] [M]: 0x00000000800014AC (0x340023F3) csrrs x7, mscratch, x0                  main+4300
CSR mscratch (0x340) -> 0x0000000080006000
x7 <- 0x0000000080006000

mem[X,0x00000000800014B0] -> 0xB303
mem[X,0x00000000800014B2] -> 0x4703
[4265] [M]: 0x00000000800014B0 (0x4703B303) ld x6, 0x470(x7)                        main+4304
mem[R,0x0000000080006470] -> 0x00000000800003B4
x6 <- 0x00000000800003B4

clint mtime 0x0000000000000855 (mip.MTI <- 0b1, mip.STI <- 0b0)
mem[X,0x00000000800014B4] -> 0xB483
mem[X,0x00000000800014B6] -> 0x1D83
[4266] [M]: 0x00000000800014B4 (0x1D83B483) ld x9, 0x1d8(x7)                        main+4308
mem[R,0x00000000800061D8] -> 0x00000000800003B4
x9 <- 0x00000000800003B4

mem[X,0x00000000800014B8] -> 0x0333
mem[X,0x00000000800014BA] -> 0x4093
[4267] [M]: 0x00000000800014B8 (0x40930333) sub x6, x6, x9                          main+4312
x6 <- 0x0000000000000000

clint mtime 0x0000000000000856 (mip.MTI <- 0b1, mip.STI <- 0b0)
mem[X,0x00000000800014BC] -> 0x0313
mem[X,0x00000000800014BE] -> 0x0103
[4268] [M]: 0x00000000800014BC (0x01030313) addi x6, x6, 0x10                       main+4316
x6 <- 0x0000000000000010

mem[X,0x00000000800014C0] -> 0x0497
mem[X,0x00000000800014C2] -> 0x0000
[4269] [M]: 0x00000000800014C0 (0x00000497) auipc x9, 0x0                           main+4320
x9 <- 0x00000000800014C0

clint mtime 0x0000000000000857 (mip.MTI <- 0b1, mip.STI <- 0b0)
mem[X,0x00000000800014C4] -> 0x84B3
mem[X,0x00000000800014C6] -> 0x0064
[4270] [M]: 0x00000000800014C4 (0x006484B3) add x9, x9, x6                          main+4324
x9 <- 0x00000000800014D0

mem[X,0x00000000800014C8] -> 0x94F3
mem[X,0x00000000800014CA] -> 0x3414
[4271] [M]: 0x00000000800014C8 (0x341494F3) csrrw x9, mepc, x9                      main+4328
CSR mepc (0x341) <- 0x00000000800014D0
x9 <- 0x0000000080001414

clint mtime 0x0000000000000858 (mip.MTI <- 0b1, mip.STI <- 0b0)
mem[X,0x00000000800014CC] -> 0x0073
mem[X,0x00000000800014CE] -> 0x3020
[4272] [M]: 0x00000000800014CC (0x30200073) mret                                    main+4332
CSR mstatus (0x300) <- 0x0000000A00000080
ret-ing from M to S

mem[X,0x00000000800014D0] -> 0x51B7
mem[X,0x00000000800014D2] -> 0x0000
[4273] [S]: 0x00000000800014D0 (0x000051B7) lui x3, 0x5                             main+4336
x3 <- 0x0000000000005000

clint mtime 0x0000000000000859 (mip.MTI <- 0b1, mip.STI <- 0b0)
mem[X,0x00000000800014D4] -> 0x8193
mem[X,0x00000000800014D6] -> 0x6671
[4274] [S]: 0x00000000800014D4 (0x66718193) addi x3, x3, 0x667                      main+4340
x3 <- 0x0000000000005667

mem[X,0x00000000800014D8] -> 0x9193
mem[X,0x00000000800014DA] -> 0x0011
[4275] [S]: 0x00000000800014D8 (0x00119193) slli x3, x3, 0x1                        main+4344
x3 <- 0x000000000000ACCE

clint mtime 0x000000000000085A (mip.MTI <- 0b1, mip.STI <- 0b0)
mem[X,0x00000000800014DC] -> 0x0013
mem[X,0x00000000800014DE] -> 0x0000
[4276] [S]: 0x00000000800014DC (0x00000013) addi x0, x0, 0x0                        main+4348

mem[X,0x00000000800014E0] -> 0x1717
mem[X,0x00000000800014E2] -> 0x0000
[4277] [S]: 0x00000000800014E0 (0x00001717) auipc x14, 0x1                          main+4352
x14 <- 0x00000000800024E0

clint mtime 0x000000000000085B (mip.MTI <- 0b1, mip.STI <- 0b0)
mem[X,0x00000000800014E4] -> 0x0713
mem[X,0x00000000800014E6] -> 0xB207
[4278] [S]: 0x00000000800014E4 (0xB2070713) addi x14, x14, -0x4e0                   main+4356
x14 <- 0x0000000080002000

mem[X,0x00000000800014E8] -> 0x0001
[4279] [S]: 0x00000000800014E8 (0x0001) c.nop                                       main+4360

clint mtime 0x000000000000085C (mip.MTI <- 0b1, mip.STI <- 0b0)
mem[X,0x00000000800014EA] -> 0x0013
mem[X,0x00000000800014EC] -> 0x0000
[4280] [S]: 0x00000000800014EA (0x00000013) addi x0, x0, 0x0                        main+4362

mem[X,0x00000000800014EE] -> 0x0013
mem[X,0x00000000800014F0] -> 0x0000
[4281] [S]: 0x00000000800014EE (0x00000013) addi x0, x0, 0x0                        main+4366

clint mtime 0x000000000000085D (mip.MTI <- 0b1, mip.STI <- 0b0)
mem[X,0x00000000800014F2] -> 0x0013
mem[X,0x00000000800014F4] -> 0x0000
[4282] [S]: 0x00000000800014F2 (0x00000013) addi x0, x0, 0x0                        main+4370

mem[X,0x00000000800014F6] -> 0x0013
mem[X,0x00000000800014F8] -> 0x0000
[4283] [S]: 0x00000000800014F6 (0x00000013) addi x0, x0, 0x0                        main+4374

clint mtime 0x000000000000085E (mip.MTI <- 0b1, mip.STI <- 0b0)
mem[X,0x00000000800014FA] -> 0x0013
mem[X,0x00000000800014FC] -> 0x0000
[4284] [S]: 0x00000000800014FA (0x00000013) addi x0, x0, 0x0                        main+4378

mem[X,0x00000000800014FE] -> 0x0001
[4285] [S]: 0x00000000800014FE (0x0001) c.nop                                       main+4382

clint mtime 0x000000000000085F (mip.MTI <- 0b1, mip.STI <- 0b0)
mem[X,0x0000000080001500] -> 0x0217
mem[X,0x0000000080001502] -> 0x0000
[4286] [S]: 0x0000000080001500 (0x00000217) auipc x4, 0x0                           main+4384
x4 <- 0x0000000080001500

mem[X,0x0000000080001504] -> 0x0213
mem[X,0x0000000080001506] -> 0x0282
[4287] [S]: 0x0000000080001504 (0x02820213) addi x4, x4, 0x28                       main+4388
x4 <- 0x0000000080001528

clint mtime 0x0000000000000860 (mip.MTI <- 0b1, mip.STI <- 0b0)
mem[X,0x0000000080001508] -> 0x0001
[4288] [S]: 0x0000000080001508 (0x0001) c.nop                                       main+4392

mem[X,0x000000008000150A] -> 0x0013
mem[X,0x000000008000150C] -> 0x0000
[4289] [S]: 0x000000008000150A (0x00000013) addi x0, x0, 0x0                        main+4394

clint mtime 0x0000000000000861 (mip.MTI <- 0b1, mip.STI <- 0b0)
mem[X,0x000000008000150E] -> 0x0013
mem[X,0x0000000080001510] -> 0x0000
[4290] [S]: 0x000000008000150E (0x00000013) addi x0, x0, 0x0                        main+4398

mem[X,0x0000000080001512] -> 0x0013
mem[X,0x0000000080001514] -> 0x0000
[4291] [S]: 0x0000000080001512 (0x00000013) addi x0, x0, 0x0                        main+4402

clint mtime 0x0000000000000862 (mip.MTI <- 0b1, mip.STI <- 0b0)
mem[X,0x0000000080001516] -> 0x0013
mem[X,0x0000000080001518] -> 0x0000
[4292] [S]: 0x0000000080001516 (0x00000013) addi x0, x0, 0x0                        main+4406

mem[X,0x000000008000151A] -> 0x0013
mem[X,0x000000008000151C] -> 0x0000
[4293] [S]: 0x000000008000151A (0x00000013) addi x0, x0, 0x0                        main+4410

clint mtime 0x0000000000000863 (mip.MTI <- 0b1, mip.STI <- 0b0)
mem[X,0x000000008000151E] -> 0x0001
[4294] [S]: 0x000000008000151E (0x0001) c.nop                                       main+4414

mem[X,0x0000000080001520] -> 0x00E7
mem[X,0x0000000080001522] -> 0x0007
[4295] [S]: 0x0000000080001520 (0x000700E7) jalr x1, 0x0(x14)                       main+4416
x1 <- 0x0000000080001524

clint mtime 0x0000000000000864 (mip.MTI <- 0b1, mip.STI <- 0b0)
mem[X,0x0000000080002000] -> 0x0013
mem[X,0x0000000080002002] -> 0x0000
[4296] [S]: 0x0000000080002000 (0x00000013) addi x0, x0, 0x0                        TEST_FOR_EXECUTION+0

mem[X,0x0000000080002004] -> 0x0013
mem[X,0x0000000080002006] -> 0x0000
[4297] [S]: 0x0000000080002004 (0x00000013) addi x0, x0, 0x0                        TEST_FOR_EXECUTION+4

clint mtime 0x0000000000000865 (mip.MTI <- 0b1, mip.STI <- 0b0)
mem[X,0x0000000080002008] -> 0x0013
mem[X,0x000000008000200A] -> 0x0000
[4298] [S]: 0x0000000080002008 (0x00000013) addi x0, x0, 0x0                        RETURN_INSTRUCTION+0

mem[X,0x000000008000200C] -> 0x0013
mem[X,0x000000008000200E] -> 0x0000
[4299] [S]: 0x000000008000200C (0x00000013) addi x0, x0, 0x0                        RETURN_INSTRUCTION+4

clint mtime 0x0000000000000866 (mip.MTI <- 0b1, mip.STI <- 0b0)
mem[X,0x0000000080002010] -> 0x8067
mem[X,0x0000000080002012] -> 0x0000
[4300] [S]: 0x0000000080002010 (0x00008067) jalr x0, 0x0(x1)                        RETURN_INSTRUCTION+8

mem[X,0x0000000080001524] -> 0x0013
mem[X,0x0000000080001526] -> 0x0000
[4301] [S]: 0x0000000080001524 (0x00000013) addi x0, x0, 0x0                        main+4420

clint mtime 0x0000000000000867 (mip.MTI <- 0b1, mip.STI <- 0b0)
mem[X,0x0000000080001528] -> 0x0013
mem[X,0x000000008000152A] -> 0x0000
[4302] [S]: 0x0000000080001528 (0x00000013) addi x0, x0, 0x0                        main+4424

mem[X,0x000000008000152C] -> 0x0713
mem[X,0x000000008000152E] -> 0xFFC7
[4303] [S]: 0x000000008000152C (0xFFC70713) addi x14, x14, -0x4                     main+4428
x14 <- 0x0000000080001FFC

clint mtime 0x0000000000000868 (mip.MTI <- 0b1, mip.STI <- 0b0)
mem[X,0x0000000080001530] -> 0x0013
mem[X,0x0000000080001532] -> 0x0000
[4304] [S]: 0x0000000080001530 (0x00000013) addi x0, x0, 0x0                        main+4432

mem[X,0x0000000080001534] -> 0x0013
mem[X,0x0000000080001536] -> 0x0000
[4305] [S]: 0x0000000080001534 (0x00000013) addi x0, x0, 0x0                        main+4436

clint mtime 0x0000000000000869 (mip.MTI <- 0b1, mip.STI <- 0b0)
mem[X,0x0000000080001538] -> 0x0013
mem[X,0x000000008000153A] -> 0x0000
[4306] [S]: 0x0000000080001538 (0x00000013) addi x0, x0, 0x0                        main+4440

mem[X,0x000000008000153C] -> 0x0013
mem[X,0x000000008000153E] -> 0x0000
[4307] [S]: 0x000000008000153C (0x00000013) addi x0, x0, 0x0                        main+4444

clint mtime 0x000000000000086A (mip.MTI <- 0b1, mip.STI <- 0b0)
mem[X,0x0000000080001540] -> 0x0217
mem[X,0x0000000080001542] -> 0x0000
[4308] [S]: 0x0000000080001540 (0x00000217) auipc x4, 0x0                           main+4448
x4 <- 0x0000000080001540

mem[X,0x0000000080001544] -> 0x0213
mem[X,0x0000000080001546] -> 0x0282
[4309] [S]: 0x0000000080001544 (0x02820213) addi x4, x4, 0x28                       main+4452
x4 <- 0x0000000080001568

clint mtime 0x000000000000086B (mip.MTI <- 0b1, mip.STI <- 0b0)
mem[X,0x0000000080001548] -> 0x0001
[4310] [S]: 0x0000000080001548 (0x0001) c.nop                                       main+4456

mem[X,0x000000008000154A] -> 0x0013
mem[X,0x000000008000154C] -> 0x0000
[4311] [S]: 0x000000008000154A (0x00000013) addi x0, x0, 0x0                        main+4458

clint mtime 0x000000000000086C (mip.MTI <- 0b1, mip.STI <- 0b0)
mem[X,0x000000008000154E] -> 0x0013
mem[X,0x0000000080001550] -> 0x0000
[4312] [S]: 0x000000008000154E (0x00000013) addi x0, x0, 0x0                        main+4462

mem[X,0x0000000080001552] -> 0x0013
mem[X,0x0000000080001554] -> 0x0000
[4313] [S]: 0x0000000080001552 (0x00000013) addi x0, x0, 0x0                        main+4466

clint mtime 0x000000000000086D (mip.MTI <- 0b1, mip.STI <- 0b0)
mem[X,0x0000000080001556] -> 0x0013
mem[X,0x0000000080001558] -> 0x0000
[4314] [S]: 0x0000000080001556 (0x00000013) addi x0, x0, 0x0                        main+4470

mem[X,0x000000008000155A] -> 0x0013
mem[X,0x000000008000155C] -> 0x0000
[4315] [S]: 0x000000008000155A (0x00000013) addi x0, x0, 0x0                        main+4474

clint mtime 0x000000000000086E (mip.MTI <- 0b1, mip.STI <- 0b0)
mem[X,0x000000008000155E] -> 0x0001
[4316] [S]: 0x000000008000155E (0x0001) c.nop                                       main+4478

mem[X,0x0000000080001560] -> 0x00E7
mem[X,0x0000000080001562] -> 0x0007
[4317] [S]: 0x0000000080001560 (0x000700E7) jalr x1, 0x0(x14)                       main+4480
x1 <- 0x0000000080001564

clint mtime 0x000000000000086F (mip.MTI <- 0b1, mip.STI <- 0b0)
mem[X,0x0000000080001FFC] -> 0x0013
mem[X,0x0000000080001FFE] -> 0x0000
[4318] [S]: 0x0000000080001FFC (0x00000013) addi x0, x0, 0x0                        main+7196

mem[X,0x0000000080002000] -> 0x0013
mem[X,0x0000000080002002] -> 0x0000
[4319] [S]: 0x0000000080002000 (0x00000013) addi x0, x0, 0x0                        TEST_FOR_EXECUTION+0

clint mtime 0x0000000000000870 (mip.MTI <- 0b1, mip.STI <- 0b0)
mem[X,0x0000000080002004] -> 0x0013
mem[X,0x0000000080002006] -> 0x0000
[4320] [S]: 0x0000000080002004 (0x00000013) addi x0, x0, 0x0                        TEST_FOR_EXECUTION+4

mem[X,0x0000000080002008] -> 0x0013
mem[X,0x000000008000200A] -> 0x0000
[4321] [S]: 0x0000000080002008 (0x00000013) addi x0, x0, 0x0                        RETURN_INSTRUCTION+0

clint mtime 0x0000000000000871 (mip.MTI <- 0b1, mip.STI <- 0b0)
mem[X,0x000000008000200C] -> 0x0013
mem[X,0x000000008000200E] -> 0x0000
[4322] [S]: 0x000000008000200C (0x00000013) addi x0, x0, 0x0                        RETURN_INSTRUCTION+4

mem[X,0x0000000080002010] -> 0x8067
mem[X,0x0000000080002012] -> 0x0000
[4323] [S]: 0x0000000080002010 (0x00008067) jalr x0, 0x0(x1)                        RETURN_INSTRUCTION+8

clint mtime 0x0000000000000872 (mip.MTI <- 0b1, mip.STI <- 0b0)
mem[X,0x0000000080001564] -> 0x0013
mem[X,0x0000000080001566] -> 0x0000
[4324] [S]: 0x0000000080001564 (0x00000013) addi x0, x0, 0x0                        main+4484

mem[X,0x0000000080001568] -> 0x0013
mem[X,0x000000008000156A] -> 0x0000
[4325] [S]: 0x0000000080001568 (0x00000013) addi x0, x0, 0x0                        main+4488

clint mtime 0x0000000000000873 (mip.MTI <- 0b1, mip.STI <- 0b0)
mem[X,0x000000008000156C] -> 0x0713
mem[X,0x000000008000156E] -> 0x0087
[4326] [S]: 0x000000008000156C (0x00870713) addi x14, x14, 0x8                      main+4492
x14 <- 0x0000000080002004

mem[X,0x0000000080001570] -> 0x0013
mem[X,0x0000000080001572] -> 0x0000
[4327] [S]: 0x0000000080001570 (0x00000013) addi x0, x0, 0x0                        main+4496

clint mtime 0x0000000000000874 (mip.MTI <- 0b1, mip.STI <- 0b0)
mem[X,0x0000000080001574] -> 0x0013
mem[X,0x0000000080001576] -> 0x0000
[4328] [S]: 0x0000000080001574 (0x00000013) addi x0, x0, 0x0                        main+4500

mem[X,0x0000000080001578] -> 0x0013
mem[X,0x000000008000157A] -> 0x0000
[4329] [S]: 0x0000000080001578 (0x00000013) addi x0, x0, 0x0                        main+4504

clint mtime 0x0000000000000875 (mip.MTI <- 0b1, mip.STI <- 0b0)
mem[X,0x000000008000157C] -> 0x0013
mem[X,0x000000008000157E] -> 0x0000
[4330] [S]: 0x000000008000157C (0x00000013) addi x0, x0, 0x0                        main+4508

mem[X,0x0000000080001580] -> 0x0217
mem[X,0x0000000080001582] -> 0x0000
[4331] [S]: 0x0000000080001580 (0x00000217) auipc x4, 0x0                           main+4512
x4 <- 0x0000000080001580

clint mtime 0x0000000000000876 (mip.MTI <- 0b1, mip.STI <- 0b0)
mem[X,0x0000000080001584] -> 0x0213
mem[X,0x0000000080001586] -> 0x0282
[4332] [S]: 0x0000000080001584 (0x02820213) addi x4, x4, 0x28                       main+4516
x4 <- 0x00000000800015A8

mem[X,0x0000000080001588] -> 0x0001
[4333] [S]: 0x0000000080001588 (0x0001) c.nop                                       main+4520

clint mtime 0x0000000000000877 (mip.MTI <- 0b1, mip.STI <- 0b0)
mem[X,0x000000008000158A] -> 0x0013
mem[X,0x000000008000158C] -> 0x0000
[4334] [S]: 0x000000008000158A (0x00000013) addi x0, x0, 0x0                        main+4522

mem[X,0x000000008000158E] -> 0x0013
mem[X,0x0000000080001590] -> 0x0000
[4335] [S]: 0x000000008000158E (0x00000013) addi x0, x0, 0x0                        main+4526

clint mtime 0x0000000000000878 (mip.MTI <- 0b1, mip.STI <- 0b0)
mem[X,0x0000000080001592] -> 0x0013
mem[X,0x0000000080001594] -> 0x0000
[4336] [S]: 0x0000000080001592 (0x00000013) addi x0, x0, 0x0                        main+4530

mem[X,0x0000000080001596] -> 0x0013
mem[X,0x0000000080001598] -> 0x0000
[4337] [S]: 0x0000000080001596 (0x00000013) addi x0, x0, 0x0                        main+4534

clint mtime 0x0000000000000879 (mip.MTI <- 0b1, mip.STI <- 0b0)
mem[X,0x000000008000159A] -> 0x0013
mem[X,0x000000008000159C] -> 0x0000
[4338] [S]: 0x000000008000159A (0x00000013) addi x0, x0, 0x0                        main+4538

mem[X,0x000000008000159E] -> 0x0001
[4339] [S]: 0x000000008000159E (0x0001) c.nop                                       main+4542

clint mtime 0x000000000000087A (mip.MTI <- 0b1, mip.STI <- 0b0)
mem[X,0x00000000800015A0] -> 0x00E7
mem[X,0x00000000800015A2] -> 0x0007
[4340] [S]: 0x00000000800015A0 (0x000700E7) jalr x1, 0x0(x14)                       main+4544
x1 <- 0x00000000800015A4

mem[X,0x0000000080002004] -> 0x0013
mem[X,0x0000000080002006] -> 0x0000
[4341] [S]: 0x0000000080002004 (0x00000013) addi x0, x0, 0x0                        TEST_FOR_EXECUTION+4

clint mtime 0x000000000000087B (mip.MTI <- 0b1, mip.STI <- 0b0)
mem[X,0x0000000080002008] -> 0x0013
mem[X,0x000000008000200A] -> 0x0000
[4342] [S]: 0x0000000080002008 (0x00000013) addi x0, x0, 0x0                        RETURN_INSTRUCTION+0

mem[X,0x000000008000200C] -> 0x0013
mem[X,0x000000008000200E] -> 0x0000
[4343] [S]: 0x000000008000200C (0x00000013) addi x0, x0, 0x0                        RETURN_INSTRUCTION+4

clint mtime 0x000000000000087C (mip.MTI <- 0b1, mip.STI <- 0b0)
mem[X,0x0000000080002010] -> 0x8067
mem[X,0x0000000080002012] -> 0x0000
[4344] [S]: 0x0000000080002010 (0x00008067) jalr x0, 0x0(x1)                        RETURN_INSTRUCTION+8

mem[X,0x00000000800015A4] -> 0x0013
mem[X,0x00000000800015A6] -> 0x0000
[4345] [S]: 0x00000000800015A4 (0x00000013) addi x0, x0, 0x0                        main+4548

clint mtime 0x000000000000087D (mip.MTI <- 0b1, mip.STI <- 0b0)
mem[X,0x00000000800015A8] -> 0x0013
mem[X,0x00000000800015AA] -> 0x0000
[4346] [S]: 0x00000000800015A8 (0x00000013) addi x0, x0, 0x0                        main+4552

mem[X,0x00000000800015AC] -> 0x0293
mem[X,0x00000000800015AE] -> 0xFFC0
[4347] [S]: 0x00000000800015AC (0xFFC00293) addi x5, x0, -0x4                       main+4556
x5 <- 0xFFFFFFFFFFFFFFFC

clint mtime 0x000000000000087E (mip.MTI <- 0b1, mip.STI <- 0b0)
mem[X,0x00000000800015B0] -> 0x0733
mem[X,0x00000000800015B2] -> 0x0057
[4348] [S]: 0x00000000800015B0 (0x00570733) add x14, x14, x5                        main+4560
x14 <- 0x0000000080002000

mem[X,0x00000000800015B4] -> 0x0013
mem[X,0x00000000800015B6] -> 0x0000
[4349] [S]: 0x00000000800015B4 (0x00000013) addi x0, x0, 0x0                        main+4564

clint mtime 0x000000000000087F (mip.MTI <- 0b1, mip.STI <- 0b0)
mem[X,0x00000000800015B8] -> 0x0013
mem[X,0x00000000800015BA] -> 0x0000
[4350] [S]: 0x00000000800015B8 (0x00000013) addi x0, x0, 0x0                        main+4568

mem[X,0x00000000800015BC] -> 0x0013
mem[X,0x00000000800015BE] -> 0x0000
[4351] [S]: 0x00000000800015BC (0x00000013) addi x0, x0, 0x0                        main+4572

clint mtime 0x0000000000000880 (mip.MTI <- 0b1, mip.STI <- 0b0)
mem[X,0x00000000800015C0] -> 0x0217
mem[X,0x00000000800015C2] -> 0x0000
[4352] [S]: 0x00000000800015C0 (0x00000217) auipc x4, 0x0                           main+4576
x4 <- 0x00000000800015C0

mem[X,0x00000000800015C4] -> 0x0213
mem[X,0x00000000800015C6] -> 0x0282
[4353] [S]: 0x00000000800015C4 (0x02820213) addi x4, x4, 0x28                       main+4580
x4 <- 0x00000000800015E8

clint mtime 0x0000000000000881 (mip.MTI <- 0b1, mip.STI <- 0b0)
mem[X,0x00000000800015C8] -> 0x0001
[4354] [S]: 0x00000000800015C8 (0x0001) c.nop                                       main+4584

mem[X,0x00000000800015CA] -> 0x0013
mem[X,0x00000000800015CC] -> 0x0000
[4355] [S]: 0x00000000800015CA (0x00000013) addi x0, x0, 0x0                        main+4586

clint mtime 0x0000000000000882 (mip.MTI <- 0b1, mip.STI <- 0b0)
mem[X,0x00000000800015CE] -> 0x0013
mem[X,0x00000000800015D0] -> 0x0000
[4356] [S]: 0x00000000800015CE (0x00000013) addi x0, x0, 0x0                        main+4590

mem[X,0x00000000800015D2] -> 0x0013
mem[X,0x00000000800015D4] -> 0x0000
[4357] [S]: 0x00000000800015D2 (0x00000013) addi x0, x0, 0x0                        main+4594

clint mtime 0x0000000000000883 (mip.MTI <- 0b1, mip.STI <- 0b0)
mem[X,0x00000000800015D6] -> 0x0013
mem[X,0x00000000800015D8] -> 0x0000
[4358] [S]: 0x00000000800015D6 (0x00000013) addi x0, x0, 0x0                        main+4598

mem[X,0x00000000800015DA] -> 0x0013
mem[X,0x00000000800015DC] -> 0x0000
[4359] [S]: 0x00000000800015DA (0x00000013) addi x0, x0, 0x0                        main+4602

clint mtime 0x0000000000000884 (mip.MTI <- 0b1, mip.STI <- 0b0)
mem[X,0x00000000800015DE] -> 0x0001
[4360] [S]: 0x00000000800015DE (0x0001) c.nop                                       main+4606

mem[X,0x00000000800015E0] -> 0x00E7
mem[X,0x00000000800015E2] -> 0x0007
[4361] [S]: 0x00000000800015E0 (0x000700E7) jalr x1, 0x0(x14)                       main+4608
x1 <- 0x00000000800015E4

clint mtime 0x0000000000000885 (mip.MTI <- 0b1, mip.STI <- 0b0)
mem[X,0x0000000080002000] -> 0x0013
mem[X,0x0000000080002002] -> 0x0000
[4362] [S]: 0x0000000080002000 (0x00000013) addi x0, x0, 0x0                        TEST_FOR_EXECUTION+0

mem[X,0x0000000080002004] -> 0x0013
mem[X,0x0000000080002006] -> 0x0000
[4363] [S]: 0x0000000080002004 (0x00000013) addi x0, x0, 0x0                        TEST_FOR_EXECUTION+4

clint mtime 0x0000000000000886 (mip.MTI <- 0b1, mip.STI <- 0b0)
mem[X,0x0000000080002008] -> 0x0013
mem[X,0x000000008000200A] -> 0x0000
[4364] [S]: 0x0000000080002008 (0x00000013) addi x0, x0, 0x0                        RETURN_INSTRUCTION+0

mem[X,0x000000008000200C] -> 0x0013
mem[X,0x000000008000200E] -> 0x0000
[4365] [S]: 0x000000008000200C (0x00000013) addi x0, x0, 0x0                        RETURN_INSTRUCTION+4

clint mtime 0x0000000000000887 (mip.MTI <- 0b1, mip.STI <- 0b0)
mem[X,0x0000000080002010] -> 0x8067
mem[X,0x0000000080002012] -> 0x0000
[4366] [S]: 0x0000000080002010 (0x00008067) jalr x0, 0x0(x1)                        RETURN_INSTRUCTION+8

mem[X,0x00000000800015E4] -> 0x0013
mem[X,0x00000000800015E6] -> 0x0000
[4367] [S]: 0x00000000800015E4 (0x00000013) addi x0, x0, 0x0                        main+4612

clint mtime 0x0000000000000888 (mip.MTI <- 0b1, mip.STI <- 0b0)
mem[X,0x00000000800015E8] -> 0x0013
mem[X,0x00000000800015EA] -> 0x0000
[4368] [S]: 0x00000000800015E8 (0x00000013) addi x0, x0, 0x0                        main+4616

mem[X,0x00000000800015EC] -> 0x0713
mem[X,0x00000000800015EE] -> 0x0047
[4369] [S]: 0x00000000800015EC (0x00470713) addi x14, x14, 0x4                      main+4620
x14 <- 0x0000000080002004

clint mtime 0x0000000000000889 (mip.MTI <- 0b1, mip.STI <- 0b0)
mem[X,0x00000000800015F0] -> 0x0013
mem[X,0x00000000800015F2] -> 0x0000
[4370] [S]: 0x00000000800015F0 (0x00000013) addi x0, x0, 0x0                        main+4624

mem[X,0x00000000800015F4] -> 0x0013
mem[X,0x00000000800015F6] -> 0x0000
[4371] [S]: 0x00000000800015F4 (0x00000013) addi x0, x0, 0x0                        main+4628

clint mtime 0x000000000000088A (mip.MTI <- 0b1, mip.STI <- 0b0)
mem[X,0x00000000800015F8] -> 0x0013
mem[X,0x00000000800015FA] -> 0x0000
[4372] [S]: 0x00000000800015F8 (0x00000013) addi x0, x0, 0x0                        main+4632

mem[X,0x00000000800015FC] -> 0x0013
mem[X,0x00000000800015FE] -> 0x0000
[4373] [S]: 0x00000000800015FC (0x00000013) addi x0, x0, 0x0                        main+4636

clint mtime 0x000000000000088B (mip.MTI <- 0b1, mip.STI <- 0b0)
mem[X,0x0000000080001600] -> 0x0217
mem[X,0x0000000080001602] -> 0x0000
[4374] [S]: 0x0000000080001600 (0x00000217) auipc x4, 0x0                           main+4640
x4 <- 0x0000000080001600

mem[X,0x0000000080001604] -> 0x0213
mem[X,0x0000000080001606] -> 0x0282
[4375] [S]: 0x0000000080001604 (0x02820213) addi x4, x4, 0x28                       main+4644
x4 <- 0x0000000080001628

clint mtime 0x000000000000088C (mip.MTI <- 0b1, mip.STI <- 0b0)
mem[X,0x0000000080001608] -> 0x0001
[4376] [S]: 0x0000000080001608 (0x0001) c.nop                                       main+4648

mem[X,0x000000008000160A] -> 0x0013
mem[X,0x000000008000160C] -> 0x0000
[4377] [S]: 0x000000008000160A (0x00000013) addi x0, x0, 0x0                        main+4650

clint mtime 0x000000000000088D (mip.MTI <- 0b1, mip.STI <- 0b0)
mem[X,0x000000008000160E] -> 0x0013
mem[X,0x0000000080001610] -> 0x0000
[4378] [S]: 0x000000008000160E (0x00000013) addi x0, x0, 0x0                        main+4654

mem[X,0x0000000080001612] -> 0x0013
mem[X,0x0000000080001614] -> 0x0000
[4379] [S]: 0x0000000080001612 (0x00000013) addi x0, x0, 0x0                        main+4658

clint mtime 0x000000000000088E (mip.MTI <- 0b1, mip.STI <- 0b0)
mem[X,0x0000000080001616] -> 0x0013
mem[X,0x0000000080001618] -> 0x0000
[4380] [S]: 0x0000000080001616 (0x00000013) addi x0, x0, 0x0                        main+4662

mem[X,0x000000008000161A] -> 0x0013
mem[X,0x000000008000161C] -> 0x0000
[4381] [S]: 0x000000008000161A (0x00000013) addi x0, x0, 0x0                        main+4666

clint mtime 0x000000000000088F (mip.MTI <- 0b1, mip.STI <- 0b0)
mem[X,0x000000008000161E] -> 0x0001
[4382] [S]: 0x000000008000161E (0x0001) c.nop                                       main+4670

mem[X,0x0000000080001620] -> 0x00E7
mem[X,0x0000000080001622] -> 0x0007
[4383] [S]: 0x0000000080001620 (0x000700E7) jalr x1, 0x0(x14)                       main+4672
x1 <- 0x0000000080001624

clint mtime 0x0000000000000890 (mip.MTI <- 0b1, mip.STI <- 0b0)
mem[X,0x0000000080002004] -> 0x0013
mem[X,0x0000000080002006] -> 0x0000
[4384] [S]: 0x0000000080002004 (0x00000013) addi x0, x0, 0x0                        TEST_FOR_EXECUTION+4

mem[X,0x0000000080002008] -> 0x0013
mem[X,0x000000008000200A] -> 0x0000
[4385] [S]: 0x0000000080002008 (0x00000013) addi x0, x0, 0x0                        RETURN_INSTRUCTION+0

clint mtime 0x0000000000000891 (mip.MTI <- 0b1, mip.STI <- 0b0)
mem[X,0x000000008000200C] -> 0x0013
mem[X,0x000000008000200E] -> 0x0000
[4386] [S]: 0x000000008000200C (0x00000013) addi x0, x0, 0x0                        RETURN_INSTRUCTION+4

mem[X,0x0000000080002010] -> 0x8067
mem[X,0x0000000080002012] -> 0x0000
[4387] [S]: 0x0000000080002010 (0x00008067) jalr x0, 0x0(x1)                        RETURN_INSTRUCTION+8

clint mtime 0x0000000000000892 (mip.MTI <- 0b1, mip.STI <- 0b0)
mem[X,0x0000000080001624] -> 0x0013
mem[X,0x0000000080001626] -> 0x0000
[4388] [S]: 0x0000000080001624 (0x00000013) addi x0, x0, 0x0                        main+4676

mem[X,0x0000000080001628] -> 0x0013
mem[X,0x000000008000162A] -> 0x0000
[4389] [S]: 0x0000000080001628 (0x00000013) addi x0, x0, 0x0                        main+4680

clint mtime 0x0000000000000893 (mip.MTI <- 0b1, mip.STI <- 0b0)
mem[X,0x000000008000162C] -> 0x0737
mem[X,0x000000008000162E] -> 0x0000
[4390] [S]: 0x000000008000162C (0x00000737) lui x14, 0x0                            main+4684
x14 <- 0x0000000000000000

mem[X,0x0000000080001630] -> 0x0713
mem[X,0x0000000080001632] -> 0x0137
[4391] [S]: 0x0000000080001630 (0x01370713) addi x14, x14, 0x13                     main+4688
x14 <- 0x0000000000000013

clint mtime 0x0000000000000894 (mip.MTI <- 0b1, mip.STI <- 0b0)
mem[X,0x0000000080001634] -> 0x1713
mem[X,0x0000000080001636] -> 0x00B7
[4392] [S]: 0x0000000080001634 (0x00B71713) slli x14, x14, 0xb                      main+4692
x14 <- 0x0000000000009800

mem[X,0x0000000080001638] -> 0x0713
mem[X,0x000000008000163A] -> 0x0007
[4393] [S]: 0x0000000080001638 (0x00070713) addi x14, x14, 0x0                      main+4696
x14 <- 0x0000000000009800

clint mtime 0x0000000000000895 (mip.MTI <- 0b1, mip.STI <- 0b0)
mem[X,0x000000008000163C] -> 0x1713
mem[X,0x000000008000163E] -> 0x00B7
[4394] [S]: 0x000000008000163C (0x00B71713) slli x14, x14, 0xb                      main+4700
x14 <- 0x0000000004C00000

mem[X,0x0000000080001640] -> 0x0713
mem[X,0x0000000080001642] -> 0x0007
[4395] [S]: 0x0000000080001640 (0x00070713) addi x14, x14, 0x0                      main+4704
x14 <- 0x0000000004C00000

clint mtime 0x0000000000000896 (mip.MTI <- 0b1, mip.STI <- 0b0)
mem[X,0x0000000080001644] -> 0x1713
mem[X,0x0000000080001646] -> 0x00A7
[4396] [S]: 0x0000000080001644 (0x00A71713) slli x14, x14, 0xa                      main+4708
x14 <- 0x0000001300000000

mem[X,0x0000000080001648] -> 0x0713
mem[X,0x000000008000164A] -> 0x0137
[4397] [S]: 0x0000000080001648 (0x01370713) addi x14, x14, 0x13                     main+4712
x14 <- 0x0000001300000013

clint mtime 0x0000000000000897 (mip.MTI <- 0b1, mip.STI <- 0b0)
mem[X,0x000000008000164C] -> 0x0013
mem[X,0x000000008000164E] -> 0x0000
[4398] [S]: 0x000000008000164C (0x00000013) addi x0, x0, 0x0                        main+4716

mem[X,0x0000000080001650] -> 0x0013
mem[X,0x0000000080001652] -> 0x0000
[4399] [S]: 0x0000000080001650 (0x00000013) addi x0, x0, 0x0                        main+4720

clint mtime 0x0000000000000898 (mip.MTI <- 0b1, mip.STI <- 0b0)
mem[X,0x0000000080001654] -> 0x0013
mem[X,0x0000000080001656] -> 0x0000
[4400] [S]: 0x0000000080001654 (0x00000013) addi x0, x0, 0x0                        main+4724

mem[X,0x0000000080001658] -> 0x0013
mem[X,0x000000008000165A] -> 0x0000
[4401] [S]: 0x0000000080001658 (0x00000013) addi x0, x0, 0x0                        main+4728

clint mtime 0x0000000000000899 (mip.MTI <- 0b1, mip.STI <- 0b0)
mem[X,0x000000008000165C] -> 0x0013
mem[X,0x000000008000165E] -> 0x0000
[4402] [S]: 0x000000008000165C (0x00000013) addi x0, x0, 0x0                        main+4732

mem[X,0x0000000080001660] -> 0x1797
mem[X,0x0000000080001662] -> 0x0000
[4403] [S]: 0x0000000080001660 (0x00001797) auipc x15, 0x1                          main+4736
x15 <- 0x0000000080002660

clint mtime 0x000000000000089A (mip.MTI <- 0b1, mip.STI <- 0b0)
mem[X,0x0000000080001664] -> 0x8793
mem[X,0x0000000080001666] -> 0x9A07
[4404] [S]: 0x0000000080001664 (0x9A078793) addi x15, x15, -0x660                   main+4740
x15 <- 0x0000000080002000

mem[X,0x0000000080001668] -> 0x0001
[4405] [S]: 0x0000000080001668 (0x0001) c.nop                                       main+4744

clint mtime 0x000000000000089B (mip.MTI <- 0b1, mip.STI <- 0b0)
mem[X,0x000000008000166A] -> 0x0013
mem[X,0x000000008000166C] -> 0x0000
[4406] [S]: 0x000000008000166A (0x00000013) addi x0, x0, 0x0                        main+4746

mem[X,0x000000008000166E] -> 0x0013
mem[X,0x0000000080001670] -> 0x0000
[4407] [S]: 0x000000008000166E (0x00000013) addi x0, x0, 0x0                        main+4750

clint mtime 0x000000000000089C (mip.MTI <- 0b1, mip.STI <- 0b0)
mem[X,0x0000000080001672] -> 0x0013
mem[X,0x0000000080001674] -> 0x0000
[4408] [S]: 0x0000000080001672 (0x00000013) addi x0, x0, 0x0                        main+4754

mem[X,0x0000000080001676] -> 0x0013
mem[X,0x0000000080001678] -> 0x0000
[4409] [S]: 0x0000000080001676 (0x00000013) addi x0, x0, 0x0                        main+4758

clint mtime 0x000000000000089D (mip.MTI <- 0b1, mip.STI <- 0b0)
mem[X,0x000000008000167A] -> 0x0013
mem[X,0x000000008000167C] -> 0x0000
[4410] [S]: 0x000000008000167A (0x00000013) addi x0, x0, 0x0                        main+4762

mem[X,0x000000008000167E] -> 0x0001
[4411] [S]: 0x000000008000167E (0x0001) c.nop                                       main+4766

clint mtime 0x000000000000089E (mip.MTI <- 0b1, mip.STI <- 0b0)
mem[X,0x0000000080001680] -> 0xA023
mem[X,0x0000000080001682] -> 0x00E7
[4412] [S]: 0x0000000080001680 (0x00E7A023) sw x14, 0x0(x15)                        main+4768
mem[W,0x0000000080002000] <- 0x00000013

mem[X,0x0000000080001684] -> 0x0013
mem[X,0x0000000080001686] -> 0x0000
[4413] [S]: 0x0000000080001684 (0x00000013) addi x0, x0, 0x0                        main+4772

clint mtime 0x000000000000089F (mip.MTI <- 0b1, mip.STI <- 0b0)
mem[X,0x0000000080001688] -> 0x8793
mem[X,0x000000008000168A] -> 0xFFC7
[4414] [S]: 0x0000000080001688 (0xFFC78793) addi x15, x15, -0x4                     main+4776
x15 <- 0x0000000080001FFC

mem[X,0x000000008000168C] -> 0xA023
mem[X,0x000000008000168E] -> 0x00E7
[4415] [S]: 0x000000008000168C (0x00E7A023) sw x14, 0x0(x15)                        main+4780
mem[W,0x0000000080001FFC] <- 0x00000013

clint mtime 0x00000000000008A0 (mip.MTI <- 0b1, mip.STI <- 0b0)
mem[X,0x0000000080001690] -> 0x0013
mem[X,0x0000000080001692] -> 0x0000
[4416] [S]: 0x0000000080001690 (0x00000013) addi x0, x0, 0x0                        main+4784

mem[X,0x0000000080001694] -> 0x8793
mem[X,0x0000000080001696] -> 0x0087
[4417] [S]: 0x0000000080001694 (0x00878793) addi x15, x15, 0x8                      main+4788
x15 <- 0x0000000080002004

clint mtime 0x00000000000008A1 (mip.MTI <- 0b1, mip.STI <- 0b0)
mem[X,0x0000000080001698] -> 0xA023
mem[X,0x000000008000169A] -> 0x00E7
[4418] [S]: 0x0000000080001698 (0x00E7A023) sw x14, 0x0(x15)                        main+4792
mem[W,0x0000000080002004] <- 0x00000013

mem[X,0x000000008000169C] -> 0x0013
mem[X,0x000000008000169E] -> 0x0000
[4419] [S]: 0x000000008000169C (0x00000013) addi x0, x0, 0x0                        main+4796

clint mtime 0x00000000000008A2 (mip.MTI <- 0b1, mip.STI <- 0b0)
mem[X,0x00000000800016A0] -> 0x0293
mem[X,0x00000000800016A2] -> 0xFFC0
[4420] [S]: 0x00000000800016A0 (0xFFC00293) addi x5, x0, -0x4                       main+4800
x5 <- 0xFFFFFFFFFFFFFFFC

mem[X,0x00000000800016A4] -> 0x87B3
mem[X,0x00000000800016A6] -> 0x0057
[4421] [S]: 0x00000000800016A4 (0x005787B3) add x15, x15, x5                        main+4804
x15 <- 0x0000000080002000

clint mtime 0x00000000000008A3 (mip.MTI <- 0b1, mip.STI <- 0b0)
mem[X,0x00000000800016A8] -> 0xA023
mem[X,0x00000000800016AA] -> 0x00E7
[4422] [S]: 0x00000000800016A8 (0x00E7A023) sw x14, 0x0(x15)                        main+4808
mem[W,0x0000000080002000] <- 0x00000013

mem[X,0x00000000800016AC] -> 0x0013
mem[X,0x00000000800016AE] -> 0x0000
[4423] [S]: 0x00000000800016AC (0x00000013) addi x0, x0, 0x0                        main+4812

clint mtime 0x00000000000008A4 (mip.MTI <- 0b1, mip.STI <- 0b0)
mem[X,0x00000000800016B0] -> 0x8793
mem[X,0x00000000800016B2] -> 0x0047
[4424] [S]: 0x00000000800016B0 (0x00478793) addi x15, x15, 0x4                      main+4816
x15 <- 0x0000000080002004

mem[X,0x00000000800016B4] -> 0xA023
mem[X,0x00000000800016B6] -> 0x00E7
[4425] [S]: 0x00000000800016B4 (0x00E7A023) sw x14, 0x0(x15)                        main+4820
mem[W,0x0000000080002004] <- 0x00000013

clint mtime 0x00000000000008A5 (mip.MTI <- 0b1, mip.STI <- 0b0)
mem[X,0x00000000800016B8] -> 0x0013
mem[X,0x00000000800016BA] -> 0x0000
[4426] [S]: 0x00000000800016B8 (0x00000013) addi x0, x0, 0x0                        main+4824

mem[X,0x00000000800016BC] -> 0x0013
mem[X,0x00000000800016BE] -> 0x0000
[4427] [S]: 0x00000000800016BC (0x00000013) addi x0, x0, 0x0                        main+4828

clint mtime 0x00000000000008A6 (mip.MTI <- 0b1, mip.STI <- 0b0)
mem[X,0x00000000800016C0] -> 0x1797
mem[X,0x00000000800016C2] -> 0x0000
[4428] [S]: 0x00000000800016C0 (0x00001797) auipc x15, 0x1                          main+4832
x15 <- 0x00000000800026C0

mem[X,0x00000000800016C4] -> 0x8793
mem[X,0x00000000800016C6] -> 0x9407
[4429] [S]: 0x00000000800016C4 (0x94078793) addi x15, x15, -0x6c0                   main+4836
x15 <- 0x0000000080002000

clint mtime 0x00000000000008A7 (mip.MTI <- 0b1, mip.STI <- 0b0)
mem[X,0x00000000800016C8] -> 0x0001
[4430] [S]: 0x00000000800016C8 (0x0001) c.nop                                       main+4840

mem[X,0x00000000800016CA] -> 0x0013
mem[X,0x00000000800016CC] -> 0x0000
[4431] [S]: 0x00000000800016CA (0x00000013) addi x0, x0, 0x0                        main+4842

clint mtime 0x00000000000008A8 (mip.MTI <- 0b1, mip.STI <- 0b0)
mem[X,0x00000000800016CE] -> 0x0013
mem[X,0x00000000800016D0] -> 0x0000
[4432] [S]: 0x00000000800016CE (0x00000013) addi x0, x0, 0x0                        main+4846

mem[X,0x00000000800016D2] -> 0x0013
mem[X,0x00000000800016D4] -> 0x0000
[4433] [S]: 0x00000000800016D2 (0x00000013) addi x0, x0, 0x0                        main+4850

clint mtime 0x00000000000008A9 (mip.MTI <- 0b1, mip.STI <- 0b0)
mem[X,0x00000000800016D6] -> 0x0013
mem[X,0x00000000800016D8] -> 0x0000
[4434] [S]: 0x00000000800016D6 (0x00000013) addi x0, x0, 0x0                        main+4854

mem[X,0x00000000800016DA] -> 0x0013
mem[X,0x00000000800016DC] -> 0x0000
[4435] [S]: 0x00000000800016DA (0x00000013) addi x0, x0, 0x0                        main+4858

clint mtime 0x00000000000008AA (mip.MTI <- 0b1, mip.STI <- 0b0)
mem[X,0x00000000800016DE] -> 0x0001
[4436] [S]: 0x00000000800016DE (0x0001) c.nop                                       main+4862

mem[X,0x00000000800016E0] -> 0xA703
mem[X,0x00000000800016E2] -> 0x0007
[4437] [S]: 0x00000000800016E0 (0x0007A703) lw x14, 0x0(x15)                        main+4864
mem[R,0x0000000080002000] -> 0x00000013
x14 <- 0x0000000000000013

clint mtime 0x00000000000008AB (mip.MTI <- 0b1, mip.STI <- 0b0)
mem[X,0x00000000800016E4] -> 0x0013
mem[X,0x00000000800016E6] -> 0x0000
[4438] [S]: 0x00000000800016E4 (0x00000013) addi x0, x0, 0x0                        main+4868

mem[X,0x00000000800016E8] -> 0xB423
mem[X,0x00000000800016EA] -> 0x0CE6
[4439] [S]: 0x00000000800016E8 (0x0CE6B423) sd x14, 0xc8(x13)                       main+4872
mem[W,0x00000000800072E0] <- 0x0000000000000013

clint mtime 0x00000000000008AC (mip.MTI <- 0b1, mip.STI <- 0b0)
mem[X,0x00000000800016EC] -> 0x8793
mem[X,0x00000000800016EE] -> 0xFFC7
[4440] [S]: 0x00000000800016EC (0xFFC78793) addi x15, x15, -0x4                     main+4876
x15 <- 0x0000000080001FFC

mem[X,0x00000000800016F0] -> 0xA703
mem[X,0x00000000800016F2] -> 0x0007
[4441] [S]: 0x00000000800016F0 (0x0007A703) lw x14, 0x0(x15)                        main+4880
mem[R,0x0000000080001FFC] -> 0x00000013
x14 <- 0x0000000000000013

clint mtime 0x00000000000008AD (mip.MTI <- 0b1, mip.STI <- 0b0)
mem[X,0x00000000800016F4] -> 0x0013
mem[X,0x00000000800016F6] -> 0x0000
[4442] [S]: 0x00000000800016F4 (0x00000013) addi x0, x0, 0x0                        main+4884

mem[X,0x00000000800016F8] -> 0xB823
mem[X,0x00000000800016FA] -> 0x0CE6
[4443] [S]: 0x00000000800016F8 (0x0CE6B823) sd x14, 0xd0(x13)                       main+4888
mem[W,0x00000000800072E8] <- 0x0000000000000013

clint mtime 0x00000000000008AE (mip.MTI <- 0b1, mip.STI <- 0b0)
mem[X,0x00000000800016FC] -> 0x8793
mem[X,0x00000000800016FE] -> 0x0087
[4444] [S]: 0x00000000800016FC (0x00878793) addi x15, x15, 0x8                      main+4892
x15 <- 0x0000000080002004

mem[X,0x0000000080001700] -> 0xA703
mem[X,0x0000000080001702] -> 0x0007
[4445] [S]: 0x0000000080001700 (0x0007A703) lw x14, 0x0(x15)                        main+4896
mem[R,0x0000000080002004] -> 0x00000013
x14 <- 0x0000000000000013

clint mtime 0x00000000000008AF (mip.MTI <- 0b1, mip.STI <- 0b0)
mem[X,0x0000000080001704] -> 0x0013
mem[X,0x0000000080001706] -> 0x0000
[4446] [S]: 0x0000000080001704 (0x00000013) addi x0, x0, 0x0                        main+4900

mem[X,0x0000000080001708] -> 0xBC23
mem[X,0x000000008000170A] -> 0x0CE6
[4447] [S]: 0x0000000080001708 (0x0CE6BC23) sd x14, 0xd8(x13)                       main+4904
mem[W,0x00000000800072F0] <- 0x0000000000000013

clint mtime 0x00000000000008B0 (mip.MTI <- 0b1, mip.STI <- 0b0)
mem[X,0x000000008000170C] -> 0x0293
mem[X,0x000000008000170E] -> 0xFFC0
[4448] [S]: 0x000000008000170C (0xFFC00293) addi x5, x0, -0x4                       main+4908
x5 <- 0xFFFFFFFFFFFFFFFC

mem[X,0x0000000080001710] -> 0x87B3
mem[X,0x0000000080001712] -> 0x0057
[4449] [S]: 0x0000000080001710 (0x005787B3) add x15, x15, x5                        main+4912
x15 <- 0x0000000080002000

clint mtime 0x00000000000008B1 (mip.MTI <- 0b1, mip.STI <- 0b0)
mem[X,0x0000000080001714] -> 0xA703
mem[X,0x0000000080001716] -> 0x0007
[4450] [S]: 0x0000000080001714 (0x0007A703) lw x14, 0x0(x15)                        main+4916
mem[R,0x0000000080002000] -> 0x00000013
x14 <- 0x0000000000000013

mem[X,0x0000000080001718] -> 0x0013
mem[X,0x000000008000171A] -> 0x0000
[4451] [S]: 0x0000000080001718 (0x00000013) addi x0, x0, 0x0                        main+4920

clint mtime 0x00000000000008B2 (mip.MTI <- 0b1, mip.STI <- 0b0)
mem[X,0x000000008000171C] -> 0xB023
mem[X,0x000000008000171E] -> 0x0EE6
[4452] [S]: 0x000000008000171C (0x0EE6B023) sd x14, 0xe0(x13)                       main+4924
mem[W,0x00000000800072F8] <- 0x0000000000000013

mem[X,0x0000000080001720] -> 0x8793
mem[X,0x0000000080001722] -> 0x0047
[4453] [S]: 0x0000000080001720 (0x00478793) addi x15, x15, 0x4                      main+4928
x15 <- 0x0000000080002004

clint mtime 0x00000000000008B3 (mip.MTI <- 0b1, mip.STI <- 0b0)
mem[X,0x0000000080001724] -> 0xA703
mem[X,0x0000000080001726] -> 0x0007
[4454] [S]: 0x0000000080001724 (0x0007A703) lw x14, 0x0(x15)                        main+4932
mem[R,0x0000000080002004] -> 0x00000013
x14 <- 0x0000000000000013

mem[X,0x0000000080001728] -> 0x0013
mem[X,0x000000008000172A] -> 0x0000
[4455] [S]: 0x0000000080001728 (0x00000013) addi x0, x0, 0x0                        main+4936

clint mtime 0x00000000000008B4 (mip.MTI <- 0b1, mip.STI <- 0b0)
mem[X,0x000000008000172C] -> 0xB423
mem[X,0x000000008000172E] -> 0x0EE6
[4456] [S]: 0x000000008000172C (0x0EE6B423) sd x14, 0xe8(x13)                       main+4940
mem[W,0x0000000080007300] <- 0x0000000000000013

mem[X,0x0000000080001730] -> 0x0113
mem[X,0x0000000080001732] -> 0x0000
[4457] [S]: 0x0000000080001730 (0x00000113) addi x2, x0, 0x0                        main+4944
x2 <- 0x0000000000000000

clint mtime 0x00000000000008B5 (mip.MTI <- 0b1, mip.STI <- 0b0)
mem[X,0x0000000080001734] -> 0x0073
mem[X,0x0000000080001736] -> 0x0000
[4458] [S]: 0x0000000080001734 (0x00000073) ecall                                   main+4948
trapping from S to M to handle s-call
handling exc#s-call at priv M with tval 0x0000000000000000
CSR mstatus (0x300) <- 0x0000000A00000800
CSR mcause (0x342) <- 0x0000000000000009
CSR mtval (0x343) <- 0x0000000000000000
CSR mepc (0x341) <- 0x0000000080001734

mem[X,0x0000000080002100] -> 0x006F
mem[X,0x0000000080002102] -> 0x1000
[4459] [M]: 0x0000000080002100 (0x1000006F) jal x0, 0x100                           Mtrampoline+0

clint mtime 0x00000000000008B6 (mip.MTI <- 0b1, mip.STI <- 0b0)
mem[X,0x0000000080002200] -> 0x1173
mem[X,0x0000000080002202] -> 0x3401
[4460] [M]: 0x0000000080002200 (0x34011173) csrrw x2, mscratch, x2                  trap_Mhandler+0
CSR mscratch (0x340) <- 0x0000000000000000
x2 <- 0x0000000080006000

mem[X,0x0000000080002204] -> 0x3423
mem[X,0x0000000080002206] -> 0x28B1
[4461] [M]: 0x0000000080002204 (0x28B13423) sd x11, 0x288(x2)                       trap_Mhandler+4
mem[W,0x0000000080006288] <- 0x0000000000000000

clint mtime 0x00000000000008B7 (mip.MTI <- 0b1, mip.STI <- 0b0)
mem[X,0x0000000080002208] -> 0x05EF
mem[X,0x000000008000220A] -> 0x0B80
[4462] [M]: 0x0000000080002208 (0x0B8005EF) jal x11, 0xb8                           trap_Mhandler+8
x11 <- 0x000000008000220C

mem[X,0x00000000800022C0] -> 0x3023
mem[X,0x00000000800022C2] -> 0x28A1
[4463] [M]: 0x00000000800022C0 (0x28A13023) sd x10, 0x280(x2)                       common_Mhandler+0
mem[W,0x0000000080006280] <- 0x0000000000000001

clint mtime 0x00000000000008B8 (mip.MTI <- 0b1, mip.STI <- 0b0)
mem[X,0x00000000800022C4] -> 0x1573
mem[X,0x00000000800022C6] -> 0x3401
[4464] [M]: 0x00000000800022C4 (0x34011573) csrrw x10, mscratch, x2                 common_Mhandler+4
CSR mscratch (0x340) <- 0x0000000080006000
x10 <- 0x0000000000000000

mem[X,0x00000000800022C8] -> 0x3823
mem[X,0x00000000800022CA] -> 0x28A1
[4465] [M]: 0x00000000800022C8 (0x28A13823) sd x10, 0x290(x2)                       common_Mhandler+8
mem[W,0x0000000080006290] <- 0x0000000000000000

clint mtime 0x00000000000008B9 (mip.MTI <- 0b1, mip.STI <- 0b0)
mem[X,0x00000000800022CC] -> 0x3503
mem[X,0x00000000800022CE] -> 0x2301
[4466] [M]: 0x00000000800022CC (0x23013503) ld x10, 0x230(x2)                       common_Mhandler+12
mem[R,0x0000000080006230] -> 0x00000000800022D4
x10 <- 0x00000000800022D4

mem[X,0x00000000800022D0] -> 0x0067
mem[X,0x00000000800022D2] -> 0x0005
[4467] [M]: 0x00000000800022D0 (0x00050067) jalr x0, 0x0(x10)                       common_Mhandler+16

clint mtime 0x00000000000008BA (mip.MTI <- 0b1, mip.STI <- 0b0)
mem[X,0x00000000800022D4] -> 0x3C23
mem[X,0x00000000800022D6] -> 0x2691
[4468] [M]: 0x00000000800022D4 (0x26913C23) sd x9, 0x278(x2)                        common_Mentry+0
mem[W,0x0000000080006278] <- 0x0000000080001414

mem[X,0x00000000800022D8] -> 0x3823
mem[X,0x00000000800022DA] -> 0x2681
[4469] [M]: 0x00000000800022D8 (0x26813823) sd x8, 0x270(x2)                        common_Mentry+4
mem[W,0x0000000080006270] <- 0x0000000000007F76

clint mtime 0x00000000000008BB (mip.MTI <- 0b1, mip.STI <- 0b0)
mem[X,0x00000000800022DC] -> 0x3423
mem[X,0x00000000800022DE] -> 0x2671
[4470] [M]: 0x00000000800022DC (0x26713423) sd x7, 0x268(x2)                        common_Mentry+8
mem[W,0x0000000080006268] <- 0x0000000080006000

mem[X,0x00000000800022E0] -> 0x3023
mem[X,0x00000000800022E2] -> 0x2661
[4471] [M]: 0x00000000800022E0 (0x26613023) sd x6, 0x260(x2)                        common_Mentry+12
mem[W,0x0000000080006260] <- 0x0000000000000010

clint mtime 0x00000000000008BC (mip.MTI <- 0b1, mip.STI <- 0b0)
mem[X,0x00000000800022E4] -> 0x2573
mem[X,0x00000000800022E6] -> 0x3420
[4472] [M]: 0x00000000800022E4 (0x34202573) csrrs x10, mcause, x0                   spcl_M2mmode_test+0
CSR mcause (0x342) -> 0x0000000000000009
x10 <- 0x0000000000000009

mem[X,0x00000000800022E8] -> 0x04B7
mem[X,0x00000000800022EA] -> 0x8000
[4473] [M]: 0x00000000800022E8 (0x800004B7) lui x9, -0x80000                        spcl_M2mmode_test+4
x9 <- 0xFFFFFFFF80000000

clint mtime 0x00000000000008BD (mip.MTI <- 0b1, mip.STI <- 0b0)
mem[X,0x00000000800022EC] -> 0x8493
mem[X,0x00000000800022EE] -> 0x0004
[4474] [M]: 0x00000000800022EC (0x00048493) addi x9, x9, 0x0                        spcl_M2mmode_test+8
x9 <- 0xFFFFFFFF80000000

mem[X,0x00000000800022F0] -> 0x9493
mem[X,0x00000000800022F2] -> 0x00B4
[4475] [M]: 0x00000000800022F0 (0x00B49493) slli x9, x9, 0xb                        spcl_M2mmode_test+12
x9 <- 0xFFFFFC0000000000

clint mtime 0x00000000000008BE (mip.MTI <- 0b1, mip.STI <- 0b0)
mem[X,0x00000000800022F4] -> 0x8493
mem[X,0x00000000800022F6] -> 0x0004
[4476] [M]: 0x00000000800022F4 (0x00048493) addi x9, x9, 0x0                        spcl_M2mmode_test+16
x9 <- 0xFFFFFC0000000000

mem[X,0x00000000800022F8] -> 0x9493
mem[X,0x00000000800022FA] -> 0x00B4
[4477] [M]: 0x00000000800022F8 (0x00B49493) slli x9, x9, 0xb                        spcl_M2mmode_test+20
x9 <- 0xFFE0000000000000

clint mtime 0x00000000000008BF (mip.MTI <- 0b1, mip.STI <- 0b0)
mem[X,0x00000000800022FC] -> 0x8493
mem[X,0x00000000800022FE] -> 0x0034
[4478] [M]: 0x00000000800022FC (0x00348493) addi x9, x9, 0x3                        spcl_M2mmode_test+24
x9 <- 0xFFE0000000000003

mem[X,0x0000000080002300] -> 0x9493
mem[X,0x0000000080002302] -> 0x00A4
[4479] [M]: 0x0000000080002300 (0x00A49493) slli x9, x9, 0xa                        spcl_M2mmode_test+28
x9 <- 0x8000000000000C00

clint mtime 0x00000000000008C0 (mip.MTI <- 0b1, mip.STI <- 0b0)
mem[X,0x0000000080002304] -> 0x8493
mem[X,0x0000000080002306] -> 0x3FC4
[4480] [M]: 0x0000000080002304 (0x3FC48493) addi x9, x9, 0x3fc                      spcl_M2mmode_test+32
x9 <- 0x8000000000000FFC

mem[X,0x0000000080002308] -> 0xF4B3
mem[X,0x000000008000230A] -> 0x00A4
[4481] [M]: 0x0000000080002308 (0x00A4F4B3) and x9, x9, x10                         spcl_M2mmode_test+36
x9 <- 0x0000000000000008

clint mtime 0x00000000000008C1 (mip.MTI <- 0b1, mip.STI <- 0b0)
mem[X,0x000000008000230C] -> 0x8493
mem[X,0x000000008000230E] -> 0xFF84
[4482] [M]: 0x000000008000230C (0xFF848493) addi x9, x9, -0x8                       spcl_M2mmode_test+40
x9 <- 0x0000000000000000

mem[X,0x0000000080002310] -> 0x9663
mem[X,0x0000000080002312] -> 0x0004
[4483] [M]: 0x0000000080002310 (0x00049663) bne x9, x0, 0xc                         spcl_M2mmode_test+44

clint mtime 0x00000000000008C2 (mip.MTI <- 0b1, mip.STI <- 0b0)
mem[X,0x0000000080002314] -> 0x3383
mem[X,0x0000000080002316] -> 0x2901
[4484] [M]: 0x0000000080002314 (0x29013383) ld x7, 0x290(x2)                        spcl_M2mmode_test+48
mem[R,0x0000000080006290] -> 0x0000000000000000
x7 <- 0x0000000000000000

mem[X,0x0000000080002318] -> 0x8263
mem[X,0x000000008000231A] -> 0x6E03
[4485] [M]: 0x0000000080002318 (0x6E038263) beq x7, x0, 0x6e4                       spcl_M2mmode_test+52

clint mtime 0x00000000000008C3 (mip.MTI <- 0b1, mip.STI <- 0b0)
mem[X,0x00000000800029FC] -> 0x0493
mem[X,0x00000000800029FE] -> 0xFF55
[4486] [M]: 0x00000000800029FC (0xFF550493) addi x9, x10, -0xb                      rtn2mmode+0
x9 <- 0xFFFFFFFFFFFFFFFE

mem[X,0x0000000080002A00] -> 0x8C63
mem[X,0x0000000080002A02] -> 0x0004
[4487] [M]: 0x0000000080002A00 (0x00048C63) beq x9, x0, 0x18                        rtn2mmode+4

clint mtime 0x00000000000008C4 (mip.MTI <- 0b1, mip.STI <- 0b0)
mem[X,0x0000000080002A04] -> 0x3583
mem[X,0x0000000080002A06] -> 0x4701
[4488] [M]: 0x0000000080002A04 (0x47013583) ld x11, 0x470(x2)                       rtn2mmode+8
mem[R,0x0000000080006470] -> 0x00000000800003B4
x11 <- 0x00000000800003B4

mem[X,0x0000000080002A08] -> 0xD463
mem[X,0x0000000080002A0A] -> 0x0003
[4489] [M]: 0x0000000080002A08 (0x0003D463) bge x7, x0, 0x8                         rtn2mmode+12

clint mtime 0x00000000000008C5 (mip.MTI <- 0b1, mip.STI <- 0b0)
mem[X,0x0000000080002A10] -> 0x3483
mem[X,0x0000000080002A12] -> 0x1D81
[4490] [M]: 0x0000000080002A10 (0x1D813483) ld x9, 0x1d8(x2)                        from_u_s+0
mem[R,0x00000000800061D8] -> 0x00000000800003B4
x9 <- 0x00000000800003B4

mem[X,0x0000000080002A14] -> 0x84B3
mem[X,0x0000000080002A16] -> 0x40B4
[4491] [M]: 0x0000000080002A14 (0x40B484B3) sub x9, x9, x11                         from_u_s+4
x9 <- 0x0000000000000000

clint mtime 0x00000000000008C6 (mip.MTI <- 0b1, mip.STI <- 0b0)
mem[X,0x0000000080002A18] -> 0x23F3
mem[X,0x0000000080002A1A] -> 0x3410
[4492] [M]: 0x0000000080002A18 (0x341023F3) csrrs x7, mepc, x0                      rtn_fm_mmode+0
CSR mepc (0x341) -> 0x0000000080001734
x7 <- 0x0000000080001734

mem[X,0x0000000080002A1C] -> 0x83B3
mem[X,0x0000000080002A1E] -> 0x0093
[4493] [M]: 0x0000000080002A1C (0x009383B3) add x7, x7, x9                          rtn_fm_mmode+4
x7 <- 0x0000000080001734

clint mtime 0x00000000000008C7 (mip.MTI <- 0b1, mip.STI <- 0b0)
mem[X,0x0000000080002A20] -> 0x3303
mem[X,0x0000000080002A22] -> 0x2601
[4494] [M]: 0x0000000080002A20 (0x26013303) ld x6, 0x260(x2)                        rtn_fm_mmode+8
mem[R,0x0000000080006260] -> 0x0000000000000010
x6 <- 0x0000000000000010

mem[X,0x0000000080002A24] -> 0x3403
mem[X,0x0000000080002A26] -> 0x2701
[4495] [M]: 0x0000000080002A24 (0x27013403) ld x8, 0x270(x2)                        rtn_fm_mmode+12
mem[R,0x0000000080006270] -> 0x0000000000007F76
x8 <- 0x0000000000007F76

clint mtime 0x00000000000008C8 (mip.MTI <- 0b1, mip.STI <- 0b0)
mem[X,0x0000000080002A28] -> 0x3483
mem[X,0x0000000080002A2A] -> 0x2781
[4496] [M]: 0x0000000080002A28 (0x27813483) ld x9, 0x278(x2)                        rtn_fm_mmode+16
mem[R,0x0000000080006278] -> 0x0000000080001414
x9 <- 0x0000000080001414

mem[X,0x0000000080002A2C] -> 0x3503
mem[X,0x0000000080002A2E] -> 0x2801
[4497] [M]: 0x0000000080002A2C (0x28013503) ld x10, 0x280(x2)                       rtn_fm_mmode+20
mem[R,0x0000000080006280] -> 0x0000000000000001
x10 <- 0x0000000000000001

clint mtime 0x00000000000008C9 (mip.MTI <- 0b1, mip.STI <- 0b0)
mem[X,0x0000000080002A30] -> 0x3583
mem[X,0x0000000080002A32] -> 0x2881
[4498] [M]: 0x0000000080002A30 (0x28813583) ld x11, 0x288(x2)                       rtn_fm_mmode+24
mem[R,0x0000000080006288] -> 0x0000000000000000
x11 <- 0x0000000000000000

mem[X,0x0000000080002A34] -> 0x3103
mem[X,0x0000000080002A36] -> 0x2901
[4499] [M]: 0x0000000080002A34 (0x29013103) ld x2, 0x290(x2)                        rtn_fm_mmode+28
mem[R,0x0000000080006290] -> 0x0000000000000000
x2 <- 0x0000000000000000

clint mtime 0x00000000000008CA (mip.MTI <- 0b1, mip.STI <- 0b0)
mem[X,0x0000000080002A38] -> 0x8067
mem[X,0x0000000080002A3A] -> 0x0043
[4500] [M]: 0x0000000080002A38 (0x00438067) jalr x0, 0x4(x7)                        rtn_fm_mmode+32

mem[X,0x0000000080001738] -> 0xF737
mem[X,0x000000008000173A] -> 0x000B
[4501] [M]: 0x0000000080001738 (0x000BF737) lui x14, 0xbf                           main+4952
x14 <- 0x00000000000BF000

clint mtime 0x00000000000008CB (mip.MTI <- 0b1, mip.STI <- 0b0)
mem[X,0x000000008000173C] -> 0x071B
mem[X,0x000000008000173E] -> 0xEFD7
[4502] [M]: 0x000000008000173C (0xEFD7071B) addiw x14, x14, -0x103                  main+4956
x14 <- 0x00000000000BEEFD

mem[X,0x0000000080001740] -> 0x1713
mem[X,0x0000000080001742] -> 0x00C7
[4503] [M]: 0x0000000080001740 (0x00C71713) slli x14, x14, 0xc                      main+4960
x14 <- 0x00000000BEEFD000

clint mtime 0x00000000000008CC (mip.MTI <- 0b1, mip.STI <- 0b0)
mem[X,0x0000000080001744] -> 0x0713
mem[X,0x0000000080001746] -> 0xAFE7
[4504] [M]: 0x0000000080001744 (0xAFE70713) addi x14, x14, -0x502                   main+4964
x14 <- 0x00000000BEEFCAFE

mem[X,0x0000000080001748] -> 0xB823
mem[X,0x000000008000174A] -> 0x0EE6
[4505] [M]: 0x0000000080001748 (0x0EE6B823) sd x14, 0xf0(x13)                       main+4968
mem[W,0x0000000080007308] <- 0x00000000BEEFCAFE

clint mtime 0x00000000000008CD (mip.MTI <- 0b1, mip.STI <- 0b0)
mem[X,0x000000008000174C] -> 0x006F
mem[X,0x000000008000174E] -> 0x0C90
[4506] [M]: 0x000000008000174C (0x0C90006F) jal x0, 0x8c8                           main+4972

mem[X,0x0000000080002014] -> 0x0113
mem[X,0x0000000080002016] -> 0x0000
[4507] [M]: 0x0000000080002014 (0x00000113) addi x2, x0, 0x0                        rvtest_code_end+0
x2 <- 0x0000000000000000

clint mtime 0x00000000000008CE (mip.MTI <- 0b1, mip.STI <- 0b0)
mem[X,0x0000000080002018] -> 0x0073
mem[X,0x000000008000201A] -> 0x0000
[4508] [M]: 0x0000000080002018 (0x00000073) ecall                                   rvtest_code_end+4
trapping from M to M to handle m-call
handling exc#m-call at priv M with tval 0x0000000000000000
CSR mstatus (0x300) <- 0x0000000A00001800
CSR mcause (0x342) <- 0x000000000000000B
CSR mtval (0x343) <- 0x0000000000000000
CSR mepc (0x341) <- 0x0000000080002018

mem[X,0x0000000080002100] -> 0x006F
mem[X,0x0000000080002102] -> 0x1000
[4509] [M]: 0x0000000080002100 (0x1000006F) jal x0, 0x100                           Mtrampoline+0

clint mtime 0x00000000000008CF (mip.MTI <- 0b1, mip.STI <- 0b0)
mem[X,0x0000000080002200] -> 0x1173
mem[X,0x0000000080002202] -> 0x3401
[4510] [M]: 0x0000000080002200 (0x34011173) csrrw x2, mscratch, x2                  trap_Mhandler+0
CSR mscratch (0x340) <- 0x0000000000000000
x2 <- 0x0000000080006000

mem[X,0x0000000080002204] -> 0x3423
mem[X,0x0000000080002206] -> 0x28B1
[4511] [M]: 0x0000000080002204 (0x28B13423) sd x11, 0x288(x2)                       trap_Mhandler+4
mem[W,0x0000000080006288] <- 0x0000000000000000

clint mtime 0x00000000000008D0 (mip.MTI <- 0b1, mip.STI <- 0b0)
mem[X,0x0000000080002208] -> 0x05EF
mem[X,0x000000008000220A] -> 0x0B80
[4512] [M]: 0x0000000080002208 (0x0B8005EF) jal x11, 0xb8                           trap_Mhandler+8
x11 <- 0x000000008000220C

mem[X,0x00000000800022C0] -> 0x3023
mem[X,0x00000000800022C2] -> 0x28A1
[4513] [M]: 0x00000000800022C0 (0x28A13023) sd x10, 0x280(x2)                       common_Mhandler+0
mem[W,0x0000000080006280] <- 0x0000000000000001

clint mtime 0x00000000000008D1 (mip.MTI <- 0b1, mip.STI <- 0b0)
mem[X,0x00000000800022C4] -> 0x1573
mem[X,0x00000000800022C6] -> 0x3401
[4514] [M]: 0x00000000800022C4 (0x34011573) csrrw x10, mscratch, x2                 common_Mhandler+4
CSR mscratch (0x340) <- 0x0000000080006000
x10 <- 0x0000000000000000

mem[X,0x00000000800022C8] -> 0x3823
mem[X,0x00000000800022CA] -> 0x28A1
[4515] [M]: 0x00000000800022C8 (0x28A13823) sd x10, 0x290(x2)                       common_Mhandler+8
mem[W,0x0000000080006290] <- 0x0000000000000000

clint mtime 0x00000000000008D2 (mip.MTI <- 0b1, mip.STI <- 0b0)
mem[X,0x00000000800022CC] -> 0x3503
mem[X,0x00000000800022CE] -> 0x2301
[4516] [M]: 0x00000000800022CC (0x23013503) ld x10, 0x230(x2)                       common_Mhandler+12
mem[R,0x0000000080006230] -> 0x00000000800022D4
x10 <- 0x00000000800022D4

mem[X,0x00000000800022D0] -> 0x0067
mem[X,0x00000000800022D2] -> 0x0005
[4517] [M]: 0x00000000800022D0 (0x00050067) jalr x0, 0x0(x10)                       common_Mhandler+16

clint mtime 0x00000000000008D3 (mip.MTI <- 0b1, mip.STI <- 0b0)
mem[X,0x00000000800022D4] -> 0x3C23
mem[X,0x00000000800022D6] -> 0x2691
[4518] [M]: 0x00000000800022D4 (0x26913C23) sd x9, 0x278(x2)                        common_Mentry+0
mem[W,0x0000000080006278] <- 0x0000000080001414

mem[X,0x00000000800022D8] -> 0x3823
mem[X,0x00000000800022DA] -> 0x2681
[4519] [M]: 0x00000000800022D8 (0x26813823) sd x8, 0x270(x2)                        common_Mentry+4
mem[W,0x0000000080006270] <- 0x0000000000007F76

clint mtime 0x00000000000008D4 (mip.MTI <- 0b1, mip.STI <- 0b0)
mem[X,0x00000000800022DC] -> 0x3423
mem[X,0x00000000800022DE] -> 0x2671
[4520] [M]: 0x00000000800022DC (0x26713423) sd x7, 0x268(x2)                        common_Mentry+8
mem[W,0x0000000080006268] <- 0x0000000080001734

mem[X,0x00000000800022E0] -> 0x3023
mem[X,0x00000000800022E2] -> 0x2661
[4521] [M]: 0x00000000800022E0 (0x26613023) sd x6, 0x260(x2)                        common_Mentry+12
mem[W,0x0000000080006260] <- 0x0000000000000010

clint mtime 0x00000000000008D5 (mip.MTI <- 0b1, mip.STI <- 0b0)
mem[X,0x00000000800022E4] -> 0x2573
mem[X,0x00000000800022E6] -> 0x3420
[4522] [M]: 0x00000000800022E4 (0x34202573) csrrs x10, mcause, x0                   spcl_M2mmode_test+0
CSR mcause (0x342) -> 0x000000000000000B
x10 <- 0x000000000000000B

mem[X,0x00000000800022E8] -> 0x04B7
mem[X,0x00000000800022EA] -> 0x8000
[4523] [M]: 0x00000000800022E8 (0x800004B7) lui x9, -0x80000                        spcl_M2mmode_test+4
x9 <- 0xFFFFFFFF80000000

clint mtime 0x00000000000008D6 (mip.MTI <- 0b1, mip.STI <- 0b0)
mem[X,0x00000000800022EC] -> 0x8493
mem[X,0x00000000800022EE] -> 0x0004
[4524] [M]: 0x00000000800022EC (0x00048493) addi x9, x9, 0x0                        spcl_M2mmode_test+8
x9 <- 0xFFFFFFFF80000000

mem[X,0x00000000800022F0] -> 0x9493
mem[X,0x00000000800022F2] -> 0x00B4
[4525] [M]: 0x00000000800022F0 (0x00B49493) slli x9, x9, 0xb                        spcl_M2mmode_test+12
x9 <- 0xFFFFFC0000000000

clint mtime 0x00000000000008D7 (mip.MTI <- 0b1, mip.STI <- 0b0)
mem[X,0x00000000800022F4] -> 0x8493
mem[X,0x00000000800022F6] -> 0x0004
[4526] [M]: 0x00000000800022F4 (0x00048493) addi x9, x9, 0x0                        spcl_M2mmode_test+16
x9 <- 0xFFFFFC0000000000

mem[X,0x00000000800022F8] -> 0x9493
mem[X,0x00000000800022FA] -> 0x00B4
[4527] [M]: 0x00000000800022F8 (0x00B49493) slli x9, x9, 0xb                        spcl_M2mmode_test+20
x9 <- 0xFFE0000000000000

clint mtime 0x00000000000008D8 (mip.MTI <- 0b1, mip.STI <- 0b0)
mem[X,0x00000000800022FC] -> 0x8493
mem[X,0x00000000800022FE] -> 0x0034
[4528] [M]: 0x00000000800022FC (0x00348493) addi x9, x9, 0x3                        spcl_M2mmode_test+24
x9 <- 0xFFE0000000000003

mem[X,0x0000000080002300] -> 0x9493
mem[X,0x0000000080002302] -> 0x00A4
[4529] [M]: 0x0000000080002300 (0x00A49493) slli x9, x9, 0xa                        spcl_M2mmode_test+28
x9 <- 0x8000000000000C00

clint mtime 0x00000000000008D9 (mip.MTI <- 0b1, mip.STI <- 0b0)
mem[X,0x0000000080002304] -> 0x8493
mem[X,0x0000000080002306] -> 0x3FC4
[4530] [M]: 0x0000000080002304 (0x3FC48493) addi x9, x9, 0x3fc                      spcl_M2mmode_test+32
x9 <- 0x8000000000000FFC

mem[X,0x0000000080002308] -> 0xF4B3
mem[X,0x000000008000230A] -> 0x00A4
[4531] [M]: 0x0000000080002308 (0x00A4F4B3) and x9, x9, x10                         spcl_M2mmode_test+36
x9 <- 0x0000000000000008

clint mtime 0x00000000000008DA (mip.MTI <- 0b1, mip.STI <- 0b0)
mem[X,0x000000008000230C] -> 0x8493
mem[X,0x000000008000230E] -> 0xFF84
[4532] [M]: 0x000000008000230C (0xFF848493) addi x9, x9, -0x8                       spcl_M2mmode_test+40
x9 <- 0x0000000000000000

mem[X,0x0000000080002310] -> 0x9663
mem[X,0x0000000080002312] -> 0x0004
[4533] [M]: 0x0000000080002310 (0x00049663) bne x9, x0, 0xc                         spcl_M2mmode_test+44

clint mtime 0x00000000000008DB (mip.MTI <- 0b1, mip.STI <- 0b0)
mem[X,0x0000000080002314] -> 0x3383
mem[X,0x0000000080002316] -> 0x2901
[4534] [M]: 0x0000000080002314 (0x29013383) ld x7, 0x290(x2)                        spcl_M2mmode_test+48
mem[R,0x0000000080006290] -> 0x0000000000000000
x7 <- 0x0000000000000000

mem[X,0x0000000080002318] -> 0x8263
mem[X,0x000000008000231A] -> 0x6E03
[4535] [M]: 0x0000000080002318 (0x6E038263) beq x7, x0, 0x6e4                       spcl_M2mmode_test+52

clint mtime 0x00000000000008DC (mip.MTI <- 0b1, mip.STI <- 0b0)
mem[X,0x00000000800029FC] -> 0x0493
mem[X,0x00000000800029FE] -> 0xFF55
[4536] [M]: 0x00000000800029FC (0xFF550493) addi x9, x10, -0xb                      rtn2mmode+0
x9 <- 0x0000000000000000

mem[X,0x0000000080002A00] -> 0x8C63
mem[X,0x0000000080002A02] -> 0x0004
[4537] [M]: 0x0000000080002A00 (0x00048C63) beq x9, x0, 0x18                        rtn2mmode+4

clint mtime 0x00000000000008DD (mip.MTI <- 0b1, mip.STI <- 0b0)
mem[X,0x0000000080002A18] -> 0x23F3
mem[X,0x0000000080002A1A] -> 0x3410
[4538] [M]: 0x0000000080002A18 (0x341023F3) csrrs x7, mepc, x0                      rtn_fm_mmode+0
CSR mepc (0x341) -> 0x0000000080002018
x7 <- 0x0000000080002018

mem[X,0x0000000080002A1C] -> 0x83B3
mem[X,0x0000000080002A1E] -> 0x0093
[4539] [M]: 0x0000000080002A1C (0x009383B3) add x7, x7, x9                          rtn_fm_mmode+4
x7 <- 0x0000000080002018

clint mtime 0x00000000000008DE (mip.MTI <- 0b1, mip.STI <- 0b0)
mem[X,0x0000000080002A20] -> 0x3303
mem[X,0x0000000080002A22] -> 0x2601
[4540] [M]: 0x0000000080002A20 (0x26013303) ld x6, 0x260(x2)                        rtn_fm_mmode+8
mem[R,0x0000000080006260] -> 0x0000000000000010
x6 <- 0x0000000000000010

mem[X,0x0000000080002A24] -> 0x3403
mem[X,0x0000000080002A26] -> 0x2701
[4541] [M]: 0x0000000080002A24 (0x27013403) ld x8, 0x270(x2)                        rtn_fm_mmode+12
mem[R,0x0000000080006270] -> 0x0000000000007F76
x8 <- 0x0000000000007F76

clint mtime 0x00000000000008DF (mip.MTI <- 0b1, mip.STI <- 0b0)
mem[X,0x0000000080002A28] -> 0x3483
mem[X,0x0000000080002A2A] -> 0x2781
[4542] [M]: 0x0000000080002A28 (0x27813483) ld x9, 0x278(x2)                        rtn_fm_mmode+16
mem[R,0x0000000080006278] -> 0x0000000080001414
x9 <- 0x0000000080001414

mem[X,0x0000000080002A2C] -> 0x3503
mem[X,0x0000000080002A2E] -> 0x2801
[4543] [M]: 0x0000000080002A2C (0x28013503) ld x10, 0x280(x2)                       rtn_fm_mmode+20
mem[R,0x0000000080006280] -> 0x0000000000000001
x10 <- 0x0000000000000001

clint mtime 0x00000000000008E0 (mip.MTI <- 0b1, mip.STI <- 0b0)
mem[X,0x0000000080002A30] -> 0x3583
mem[X,0x0000000080002A32] -> 0x2881
[4544] [M]: 0x0000000080002A30 (0x28813583) ld x11, 0x288(x2)                       rtn_fm_mmode+24
mem[R,0x0000000080006288] -> 0x0000000000000000
x11 <- 0x0000000000000000

mem[X,0x0000000080002A34] -> 0x3103
mem[X,0x0000000080002A36] -> 0x2901
[4545] [M]: 0x0000000080002A34 (0x29013103) ld x2, 0x290(x2)                        rtn_fm_mmode+28
mem[R,0x0000000080006290] -> 0x0000000000000000
x2 <- 0x0000000000000000

clint mtime 0x00000000000008E1 (mip.MTI <- 0b1, mip.STI <- 0b0)
mem[X,0x0000000080002A38] -> 0x8067
mem[X,0x0000000080002A3A] -> 0x0043
[4546] [M]: 0x0000000080002A38 (0x00438067) jalr x0, 0x4(x7)                        rtn_fm_mmode+32

mem[X,0x000000008000201C] -> 0x2373
mem[X,0x000000008000201E] -> 0x3400
[4547] [M]: 0x000000008000201C (0x34002373) csrrs x6, mscratch, x0                  exit_Scleanup+0
CSR mscratch (0x340) -> 0x0000000080006000
x6 <- 0x0000000080006000

clint mtime 0x00000000000008E2 (mip.MTI <- 0b1, mip.STI <- 0b0)
mem[X,0x0000000080002020] -> 0x0313
mem[X,0x0000000080002022] -> 0x2983
[4548] [M]: 0x0000000080002020 (0x29830313) addi x6, x6, 0x298                      exit_Scleanup+4
x6 <- 0x0000000080006298

mem[X,0x0000000080002024] -> 0x3383
mem[X,0x0000000080002026] -> 0x2383
[4549] [M]: 0x0000000080002024 (0x23833383) ld x7, 0x238(x6)                        resto_Sedeleg+0
mem[R,0x00000000800064D0] -> 0x0000000000000000
x7 <- 0x0000000000000000

clint mtime 0x00000000000008E3 (mip.MTI <- 0b1, mip.STI <- 0b0)
mem[X,0x0000000080002028] -> 0x3383
mem[X,0x000000008000202A] -> 0x2203
[4550] [M]: 0x0000000080002028 (0x22033383) ld x7, 0x220(x6)                        resto_Ssatp+0
mem[R,0x00000000800064B8] -> 0x0000000000000000
x7 <- 0x0000000000000000

mem[X,0x000000008000202C] -> 0x9073
mem[X,0x000000008000202E] -> 0x1803
[4551] [M]: 0x000000008000202C (0x18039073) csrrw x0, satp, x7                      resto_Ssatp+4
CSR satp (0x180) <- 0x0000000000000000

clint mtime 0x00000000000008E4 (mip.MTI <- 0b1, mip.STI <- 0b0)
mem[X,0x0000000080002030] -> 0x3503
mem[X,0x0000000080002032] -> 0x2503
[4552] [M]: 0x0000000080002030 (0x25033503) ld x10, 0x250(x6)                       resto_Sscratch+0
mem[R,0x00000000800064E8] -> 0x0000000000000000
x10 <- 0x0000000000000000

mem[X,0x0000000080002034] -> 0x1073
mem[X,0x0000000080002036] -> 0x1405
[4553] [M]: 0x0000000080002034 (0x14051073) csrrw x0, sscratch, x10                 resto_Sscratch+4
CSR sscratch (0x140) <- 0x0000000000000000

clint mtime 0x00000000000008E5 (mip.MTI <- 0b1, mip.STI <- 0b0)
mem[X,0x0000000080002038] -> 0x3483
mem[X,0x000000008000203A] -> 0x2483
[4554] [M]: 0x0000000080002038 (0x24833483) ld x9, 0x248(x6)                        resto_Sxtvec+0
mem[R,0x00000000800064E0] -> 0x0000000000000000
x9 <- 0x0000000000000000

mem[X,0x000000008000203C] -> 0x93F3
mem[X,0x000000008000203E] -> 0x1054
[4555] [M]: 0x000000008000203C (0x105493F3) csrrw x7, stvec, x9                     resto_Sxtvec+4
CSR stvec (0x105) <- 0x0000000000000000
x7 <- 0x0000000080002A40

clint mtime 0x00000000000008E6 (mip.MTI <- 0b1, mip.STI <- 0b0)
mem[X,0x0000000080002040] -> 0xF493
mem[X,0x0000000080002042] -> 0xFFC4
[4556] [M]: 0x0000000080002040 (0xFFC4F493) andi x9, x9, -0x4                       resto_Sxtvec+8
x9 <- 0x0000000000000000

mem[X,0x0000000080002044] -> 0xF393
mem[X,0x0000000080002046] -> 0xFFC3
[4557] [M]: 0x0000000080002044 (0xFFC3F393) andi x7, x7, -0x4                       resto_Sxtvec+12
x7 <- 0x0000000080002A40

clint mtime 0x00000000000008E7 (mip.MTI <- 0b1, mip.STI <- 0b0)
mem[X,0x0000000080002048] -> 0x9063
mem[X,0x000000008000204A] -> 0x0274
[4558] [M]: 0x0000000080002048 (0x02749063) bne x9, x7, 0x20                        resto_Sxtvec+16

mem[X,0x0000000080002068] -> 0x2373
mem[X,0x000000008000206A] -> 0x3400
[4559] [M]: 0x0000000080002068 (0x34002373) csrrs x6, mscratch, x0                  rvtest_Send+0
CSR mscratch (0x340) -> 0x0000000080006000
x6 <- 0x0000000080006000

clint mtime 0x00000000000008E8 (mip.MTI <- 0b1, mip.STI <- 0b0)
mem[X,0x000000008000206C] -> 0x3383
mem[X,0x000000008000206E] -> 0x2383
[4560] [M]: 0x000000008000206C (0x23833383) ld x7, 0x238(x6)                        resto_Medeleg+0
mem[R,0x0000000080006238] -> 0x0000000000000000
x7 <- 0x0000000000000000

mem[X,0x0000000080002070] -> 0x9073
mem[X,0x0000000080002072] -> 0x3023
[4561] [M]: 0x0000000080002070 (0x30239073) csrrw x0, medeleg, x7                   resto_Medeleg+4
CSR medeleg (0x302) <- 0x0000000000000000

clint mtime 0x00000000000008E9 (mip.MTI <- 0b1, mip.STI <- 0b0)
mem[X,0x0000000080002074] -> 0x3503
mem[X,0x0000000080002076] -> 0x2503
[4562] [M]: 0x0000000080002074 (0x25033503) ld x10, 0x250(x6)                       resto_Mscratch+0
mem[R,0x0000000080006250] -> 0x0000000000000000
x10 <- 0x0000000000000000

mem[X,0x0000000080002078] -> 0x1073
mem[X,0x000000008000207A] -> 0x3405
[4563] [M]: 0x0000000080002078 (0x34051073) csrrw x0, mscratch, x10                 resto_Mscratch+4
CSR mscratch (0x340) <- 0x0000000000000000

clint mtime 0x00000000000008EA (mip.MTI <- 0b1, mip.STI <- 0b0)
mem[X,0x000000008000207C] -> 0x3483
mem[X,0x000000008000207E] -> 0x2483
[4564] [M]: 0x000000008000207C (0x24833483) ld x9, 0x248(x6)                        resto_Mxtvec+0
mem[R,0x0000000080006248] -> 0x0000000000000000
x9 <- 0x0000000000000000

mem[X,0x0000000080002080] -> 0x93F3
mem[X,0x0000000080002082] -> 0x3054
[4565] [M]: 0x0000000080002080 (0x305493F3) csrrw x7, mtvec, x9                     resto_Mxtvec+4
CSR mtvec (0x305) <- 0x0000000000000000
x7 <- 0x0000000080002100

clint mtime 0x00000000000008EB (mip.MTI <- 0b1, mip.STI <- 0b0)
mem[X,0x0000000080002084] -> 0xF493
mem[X,0x0000000080002086] -> 0xFFC4
[4566] [M]: 0x0000000080002084 (0xFFC4F493) andi x9, x9, -0x4                       resto_Mxtvec+8
x9 <- 0x0000000000000000

mem[X,0x0000000080002088] -> 0xF393
mem[X,0x000000008000208A] -> 0xFFC3
[4567] [M]: 0x0000000080002088 (0xFFC3F393) andi x7, x7, -0x4                       resto_Mxtvec+12
x7 <- 0x0000000080002100

clint mtime 0x00000000000008EC (mip.MTI <- 0b1, mip.STI <- 0b0)
mem[X,0x000000008000208C] -> 0x9063
mem[X,0x000000008000208E] -> 0x0274
[4568] [M]: 0x000000008000208C (0x02749063) bne x9, x7, 0x20                        resto_Mxtvec+16

mem[X,0x00000000800020AC] -> 0x106F
mem[X,0x00000000800020AE] -> 0x2380
[4569] [M]: 0x00000000800020AC (0x2380106F) jal x0, 0x1238                          rvtest_Mend+0

clint mtime 0x00000000000008ED (mip.MTI <- 0b1, mip.STI <- 0b0)
mem[X,0x00000000800032E4] -> 0x0093
mem[X,0x00000000800032E6] -> 0x0010
[4570] [M]: 0x00000000800032E4 (0x00100093) addi x1, x0, 0x1                        exit_cleanup+0
x1 <- 0x0000000000000001

mem[X,0x00000000800032E8] -> 0x2397
mem[X,0x00000000800032EA] -> 0x0000
[4571] [M]: 0x00000000800032E8 (0x00002397) auipc x7, 0x2                           exit_cleanup+4
x7 <- 0x00000000800052E8

clint mtime 0x00000000000008EE (mip.MTI <- 0b1, mip.STI <- 0b0)
mem[X,0x00000000800032EC] -> 0xAC23
mem[X,0x00000000800032EE] -> 0xD013
[4572] [M]: 0x00000000800032EC (0xD013AC23) sw x1, -0x2e8(x7)                       exit_cleanup+8
htif[0x0000000080005000] <- 0x00000001
mem[W,0x0000000080005000] <- 0x00000001

mem[X,0x00000000800032F0] -> 0xF06F
mem[X,0x00000000800032F2] -> 0xFF9F
[4573] [M]: 0x00000000800032F0 (0xFF9FF06F) jal x0, -0x8                            exit_cleanup+12

clint mtime 0x00000000000008EF (mip.MTI <- 0b1, mip.STI <- 0b0)
mem[X,0x00000000800032E8] -> 0x2397
mem[X,0x00000000800032EA] -> 0x0000
[4574] [M]: 0x00000000800032E8 (0x00002397) auipc x7, 0x2                           exit_cleanup+4
x7 <- 0x00000000800052E8

mem[X,0x00000000800032EC] -> 0xAC23
mem[X,0x00000000800032EE] -> 0xD013
[4575] [M]: 0x00000000800032EC (0xD013AC23) sw x1, -0x2e8(x7)                       exit_cleanup+8
htif[0x0000000080005000] <- 0x00000001
mem[W,0x0000000080005000] <- 0x00000001

clint mtime 0x00000000000008F0 (mip.MTI <- 0b1, mip.STI <- 0b0)
mem[X,0x00000000800032F0] -> 0xF06F
mem[X,0x00000000800032F2] -> 0xFF9F
[4576] [M]: 0x00000000800032F0 (0xFF9FF06F) jal x0, -0x8                            exit_cleanup+12

mem[X,0x00000000800032E8] -> 0x2397
mem[X,0x00000000800032EA] -> 0x0000
[4577] [M]: 0x00000000800032E8 (0x00002397) auipc x7, 0x2                           exit_cleanup+4
x7 <- 0x00000000800052E8

clint mtime 0x00000000000008F1 (mip.MTI <- 0b1, mip.STI <- 0b0)
mem[X,0x00000000800032EC] -> 0xAC23
mem[X,0x00000000800032EE] -> 0xD013
[4578] [M]: 0x00000000800032EC (0xD013AC23) sw x1, -0x2e8(x7)                       exit_cleanup+8
htif[0x0000000080005000] <- 0x00000001
htif-syscall-proxy cmd: 0x000000000001
mem[W,0x0000000080005000] <- 0x00000001

SUCCESS
