using /opt/riscv-arch-test/riscof-plugins/rv64/riscof_work/B/src/clmul-01.S/ref/Reference-sail_c_simulator.signature for test-signature output.
setting signature-granularity to 8 bytes
HTIF located at 0x80002000
begin_signature: 0x80004110
end_signature: 0x80004a20
Entry point: 0x80000000
CSR mstatus (0x300) <- 0x0000000A00000000
CSR misa (0x301) <- 0x800000000034112F
CSR mcause (0x342) <- 0x0000000000000000
x10 <- 0x0000000000000000
x11 <- 0x0000000000001000
mem[X,0x0000000080000000] -> 0x0837
mem[X,0x0000000080000002] -> 0x7D5C
[0] [M]: 0x0000000080000000 (0x7D5C0837) lui x16, 0x7d5c0                           rvtest_init+0
x16 <- 0x000000007D5C0000

mem[X,0x0000000080000004] -> 0x0813
mem[X,0x0000000080000006] -> 0xDDB8
[1] [M]: 0x0000000080000004 (0xDDB80813) addi x16, x16, -0x225                      rvtest_init+4
x16 <- 0x000000007D5BFDDB

clint mtime 0x0000000000000001 (mip.MTI <- 0b1, mip.STI <- 0b0)
mem[X,0x0000000080000008] -> 0x1813
mem[X,0x000000008000000A] -> 0x00B8
[2] [M]: 0x0000000080000008 (0x00B81813) slli x16, x16, 0xb                         rvtest_init+8
x16 <- 0x000003EADFEED800

mem[X,0x000000008000000C] -> 0x0813
mem[X,0x000000008000000E] -> 0x3EA8
[3] [M]: 0x000000008000000C (0x3EA80813) addi x16, x16, 0x3ea                       rvtest_init+12
x16 <- 0x000003EADFEEDBEA

clint mtime 0x0000000000000002 (mip.MTI <- 0b1, mip.STI <- 0b0)
mem[X,0x0000000080000010] -> 0x1813
mem[X,0x0000000080000012] -> 0x00B8
[4] [M]: 0x0000000080000010 (0x00B81813) slli x16, x16, 0xb                         rvtest_init+16
x16 <- 0x001F56FF76DF5000

mem[X,0x0000000080000014] -> 0x0813
mem[X,0x0000000080000016] -> 0x6FF8
[5] [M]: 0x0000000080000014 (0x6FF80813) addi x16, x16, 0x6ff                       rvtest_init+20
x16 <- 0x001F56FF76DF56FF

clint mtime 0x0000000000000003 (mip.MTI <- 0b1, mip.STI <- 0b0)
mem[X,0x0000000080000018] -> 0x1813
mem[X,0x000000008000001A] -> 0x00A8
[6] [M]: 0x0000000080000018 (0x00A81813) slli x16, x16, 0xa                         rvtest_init+24
x16 <- 0x7D5BFDDB7D5BFC00

mem[X,0x000000008000001C] -> 0x0813
mem[X,0x000000008000001E] -> 0x1DB8
[7] [M]: 0x000000008000001C (0x1DB80813) addi x16, x16, 0x1db                       rvtest_init+28
x16 <- 0x7D5BFDDB7D5BFDDB

clint mtime 0x0000000000000004 (mip.MTI <- 0b1, mip.STI <- 0b0)
mem[X,0x0000000080000020] -> 0x5893
mem[X,0x0000000080000022] -> 0x0078
[8] [M]: 0x0000000080000020 (0x00785893) srli x17, x16, 0x7                         rvtest_init+32
x17 <- 0x00FAB7FBB6FAB7FB

mem[X,0x0000000080000024] -> 0x5793
mem[X,0x0000000080000026] -> 0x0398
[9] [M]: 0x0000000080000024 (0x03985793) srli x15, x16, 0x39                        rvtest_init+36
x15 <- 0x000000000000003E

clint mtime 0x0000000000000005 (mip.MTI <- 0b1, mip.STI <- 0b0)
mem[X,0x0000000080000028] -> 0xE8B3
mem[X,0x000000008000002A] -> 0x00F8
[10] [M]: 0x0000000080000028 (0x00F8E8B3) or x17, x17, x15                          rvtest_init+40
x17 <- 0x00FAB7FBB6FAB7FF

mem[X,0x000000008000002C] -> 0xD913
mem[X,0x000000008000002E] -> 0x0078
[11] [M]: 0x000000008000002C (0x0078D913) srli x18, x17, 0x7                        rvtest_init+44
x18 <- 0x0001F56FF76DF56F

clint mtime 0x0000000000000006 (mip.MTI <- 0b1, mip.STI <- 0b0)
mem[X,0x0000000080000030] -> 0xD793
mem[X,0x0000000080000032] -> 0x0398
[12] [M]: 0x0000000080000030 (0x0398D793) srli x15, x17, 0x39                       rvtest_init+48
x15 <- 0x0000000000000000

mem[X,0x0000000080000034] -> 0x6933
mem[X,0x0000000080000036] -> 0x00F9
[13] [M]: 0x0000000080000034 (0x00F96933) or x18, x18, x15                          rvtest_init+52
x18 <- 0x0001F56FF76DF56F

clint mtime 0x0000000000000007 (mip.MTI <- 0b1, mip.STI <- 0b0)
mem[X,0x0000000080000038] -> 0x5993
mem[X,0x000000008000003A] -> 0x0079
[14] [M]: 0x0000000080000038 (0x00795993) srli x19, x18, 0x7                        rvtest_init+56
x19 <- 0x000003EADFEEDBEA

mem[X,0x000000008000003C] -> 0x5793
mem[X,0x000000008000003E] -> 0x0399
[15] [M]: 0x000000008000003C (0x03995793) srli x15, x18, 0x39                       rvtest_init+60
x15 <- 0x0000000000000000

clint mtime 0x0000000000000008 (mip.MTI <- 0b1, mip.STI <- 0b0)
mem[X,0x0000000080000040] -> 0xE9B3
mem[X,0x0000000080000042] -> 0x00F9
[16] [M]: 0x0000000080000040 (0x00F9E9B3) or x19, x19, x15                          rvtest_init+64
x19 <- 0x000003EADFEEDBEA

mem[X,0x0000000080000044] -> 0xDA13
mem[X,0x0000000080000046] -> 0x0079
[17] [M]: 0x0000000080000044 (0x0079DA13) srli x20, x19, 0x7                        rvtest_init+68
x20 <- 0x00000007D5BFDDB7

clint mtime 0x0000000000000009 (mip.MTI <- 0b1, mip.STI <- 0b0)
mem[X,0x0000000080000048] -> 0xD793
mem[X,0x000000008000004A] -> 0x0399
[18] [M]: 0x0000000080000048 (0x0399D793) srli x15, x19, 0x39                       rvtest_init+72
x15 <- 0x0000000000000000

mem[X,0x000000008000004C] -> 0x6A33
mem[X,0x000000008000004E] -> 0x00FA
[19] [M]: 0x000000008000004C (0x00FA6A33) or x20, x20, x15                          rvtest_init+76
x20 <- 0x00000007D5BFDDB7

clint mtime 0x000000000000000A (mip.MTI <- 0b1, mip.STI <- 0b0)
mem[X,0x0000000080000050] -> 0x5A93
mem[X,0x0000000080000052] -> 0x007A
[20] [M]: 0x0000000080000050 (0x007A5A93) srli x21, x20, 0x7                        rvtest_init+80
x21 <- 0x000000000FAB7FBB

mem[X,0x0000000080000054] -> 0x5793
mem[X,0x0000000080000056] -> 0x039A
[21] [M]: 0x0000000080000054 (0x039A5793) srli x15, x20, 0x39                       rvtest_init+84
x15 <- 0x0000000000000000

clint mtime 0x000000000000000B (mip.MTI <- 0b1, mip.STI <- 0b0)
mem[X,0x0000000080000058] -> 0xEAB3
mem[X,0x000000008000005A] -> 0x00FA
[22] [M]: 0x0000000080000058 (0x00FAEAB3) or x21, x21, x15                          rvtest_init+88
x21 <- 0x000000000FAB7FBB

mem[X,0x000000008000005C] -> 0xDB13
mem[X,0x000000008000005E] -> 0x007A
[23] [M]: 0x000000008000005C (0x007ADB13) srli x22, x21, 0x7                        rvtest_init+92
x22 <- 0x00000000001F56FF

clint mtime 0x000000000000000C (mip.MTI <- 0b1, mip.STI <- 0b0)
mem[X,0x0000000080000060] -> 0xD793
mem[X,0x0000000080000062] -> 0x039A
[24] [M]: 0x0000000080000060 (0x039AD793) srli x15, x21, 0x39                       rvtest_init+96
x15 <- 0x0000000000000000

mem[X,0x0000000080000064] -> 0x6B33
mem[X,0x0000000080000066] -> 0x00FB
[25] [M]: 0x0000000080000064 (0x00FB6B33) or x22, x22, x15                          rvtest_init+100
x22 <- 0x00000000001F56FF

clint mtime 0x000000000000000D (mip.MTI <- 0b1, mip.STI <- 0b0)
mem[X,0x0000000080000068] -> 0x5B93
mem[X,0x000000008000006A] -> 0x007B
[26] [M]: 0x0000000080000068 (0x007B5B93) srli x23, x22, 0x7                        rvtest_init+104
x23 <- 0x0000000000003EAD

mem[X,0x000000008000006C] -> 0x5793
mem[X,0x000000008000006E] -> 0x039B
[27] [M]: 0x000000008000006C (0x039B5793) srli x15, x22, 0x39                       rvtest_init+108
x15 <- 0x0000000000000000

clint mtime 0x000000000000000E (mip.MTI <- 0b1, mip.STI <- 0b0)
mem[X,0x0000000080000070] -> 0xEBB3
mem[X,0x0000000080000072] -> 0x00FB
[28] [M]: 0x0000000080000070 (0x00FBEBB3) or x23, x23, x15                          rvtest_init+112
x23 <- 0x0000000000003EAD

mem[X,0x0000000080000074] -> 0xDC13
mem[X,0x0000000080000076] -> 0x007B
[29] [M]: 0x0000000080000074 (0x007BDC13) srli x24, x23, 0x7                        rvtest_init+116
x24 <- 0x000000000000007D

clint mtime 0x000000000000000F (mip.MTI <- 0b1, mip.STI <- 0b0)
mem[X,0x0000000080000078] -> 0xD793
mem[X,0x000000008000007A] -> 0x039B
[30] [M]: 0x0000000080000078 (0x039BD793) srli x15, x23, 0x39                       rvtest_init+120
x15 <- 0x0000000000000000

mem[X,0x000000008000007C] -> 0x6C33
mem[X,0x000000008000007E] -> 0x00FC
[31] [M]: 0x000000008000007C (0x00FC6C33) or x24, x24, x15                          rvtest_init+124
x24 <- 0x000000000000007D

clint mtime 0x0000000000000010 (mip.MTI <- 0b1, mip.STI <- 0b0)
mem[X,0x0000000080000080] -> 0x5C93
mem[X,0x0000000080000082] -> 0x007C
[32] [M]: 0x0000000080000080 (0x007C5C93) srli x25, x24, 0x7                        rvtest_init+128
x25 <- 0x0000000000000000

mem[X,0x0000000080000084] -> 0x5793
mem[X,0x0000000080000086] -> 0x039C
[33] [M]: 0x0000000080000084 (0x039C5793) srli x15, x24, 0x39                       rvtest_init+132
x15 <- 0x0000000000000000

clint mtime 0x0000000000000011 (mip.MTI <- 0b1, mip.STI <- 0b0)
mem[X,0x0000000080000088] -> 0xECB3
mem[X,0x000000008000008A] -> 0x00FC
[34] [M]: 0x0000000080000088 (0x00FCECB3) or x25, x25, x15                          rvtest_init+136
x25 <- 0x0000000000000000

mem[X,0x000000008000008C] -> 0xDD13
mem[X,0x000000008000008E] -> 0x007C
[35] [M]: 0x000000008000008C (0x007CDD13) srli x26, x25, 0x7                        rvtest_init+140
x26 <- 0x0000000000000000

clint mtime 0x0000000000000012 (mip.MTI <- 0b1, mip.STI <- 0b0)
mem[X,0x0000000080000090] -> 0xD793
mem[X,0x0000000080000092] -> 0x039C
[36] [M]: 0x0000000080000090 (0x039CD793) srli x15, x25, 0x39                       rvtest_init+144
x15 <- 0x0000000000000000

mem[X,0x0000000080000094] -> 0x6D33
mem[X,0x0000000080000096] -> 0x00FD
[37] [M]: 0x0000000080000094 (0x00FD6D33) or x26, x26, x15                          rvtest_init+148
x26 <- 0x0000000000000000

clint mtime 0x0000000000000013 (mip.MTI <- 0b1, mip.STI <- 0b0)
mem[X,0x0000000080000098] -> 0x5D93
mem[X,0x000000008000009A] -> 0x007D
[38] [M]: 0x0000000080000098 (0x007D5D93) srli x27, x26, 0x7                        rvtest_init+152
x27 <- 0x0000000000000000

mem[X,0x000000008000009C] -> 0x5793
mem[X,0x000000008000009E] -> 0x039D
[39] [M]: 0x000000008000009C (0x039D5793) srli x15, x26, 0x39                       rvtest_init+156
x15 <- 0x0000000000000000

clint mtime 0x0000000000000014 (mip.MTI <- 0b1, mip.STI <- 0b0)
mem[X,0x00000000800000A0] -> 0xEDB3
mem[X,0x00000000800000A2] -> 0x00FD
[40] [M]: 0x00000000800000A0 (0x00FDEDB3) or x27, x27, x15                          rvtest_init+160
x27 <- 0x0000000000000000

mem[X,0x00000000800000A4] -> 0xDE13
mem[X,0x00000000800000A6] -> 0x007D
[41] [M]: 0x00000000800000A4 (0x007DDE13) srli x28, x27, 0x7                        rvtest_init+164
x28 <- 0x0000000000000000

clint mtime 0x0000000000000015 (mip.MTI <- 0b1, mip.STI <- 0b0)
mem[X,0x00000000800000A8] -> 0xD793
mem[X,0x00000000800000AA] -> 0x039D
[42] [M]: 0x00000000800000A8 (0x039DD793) srli x15, x27, 0x39                       rvtest_init+168
x15 <- 0x0000000000000000

mem[X,0x00000000800000AC] -> 0x6E33
mem[X,0x00000000800000AE] -> 0x00FE
[43] [M]: 0x00000000800000AC (0x00FE6E33) or x28, x28, x15                          rvtest_init+172
x28 <- 0x0000000000000000

clint mtime 0x0000000000000016 (mip.MTI <- 0b1, mip.STI <- 0b0)
mem[X,0x00000000800000B0] -> 0x5E93
mem[X,0x00000000800000B2] -> 0x007E
[44] [M]: 0x00000000800000B0 (0x007E5E93) srli x29, x28, 0x7                        rvtest_init+176
x29 <- 0x0000000000000000

mem[X,0x00000000800000B4] -> 0x5793
mem[X,0x00000000800000B6] -> 0x039E
[45] [M]: 0x00000000800000B4 (0x039E5793) srli x15, x28, 0x39                       rvtest_init+180
x15 <- 0x0000000000000000

clint mtime 0x0000000000000017 (mip.MTI <- 0b1, mip.STI <- 0b0)
mem[X,0x00000000800000B8] -> 0xEEB3
mem[X,0x00000000800000BA] -> 0x00FE
[46] [M]: 0x00000000800000B8 (0x00FEEEB3) or x29, x29, x15                          rvtest_init+184
x29 <- 0x0000000000000000

mem[X,0x00000000800000BC] -> 0xDF13
mem[X,0x00000000800000BE] -> 0x007E
[47] [M]: 0x00000000800000BC (0x007EDF13) srli x30, x29, 0x7                        rvtest_init+188
x30 <- 0x0000000000000000

clint mtime 0x0000000000000018 (mip.MTI <- 0b1, mip.STI <- 0b0)
mem[X,0x00000000800000C0] -> 0xD793
mem[X,0x00000000800000C2] -> 0x039E
[48] [M]: 0x00000000800000C0 (0x039ED793) srli x15, x29, 0x39                       rvtest_init+192
x15 <- 0x0000000000000000

mem[X,0x00000000800000C4] -> 0x6F33
mem[X,0x00000000800000C6] -> 0x00FF
[49] [M]: 0x00000000800000C4 (0x00FF6F33) or x30, x30, x15                          rvtest_init+196
x30 <- 0x0000000000000000

clint mtime 0x0000000000000019 (mip.MTI <- 0b1, mip.STI <- 0b0)
mem[X,0x00000000800000C8] -> 0xC0B7
mem[X,0x00000000800000CA] -> 0xFEED
[50] [M]: 0x00000000800000C8 (0xFEEDC0B7) lui x1, -0x1124                           rvtest_init+200
x1 <- 0xFFFFFFFFFEEDC000

mem[X,0x00000000800000CC] -> 0x8093
mem[X,0x00000000800000CE] -> 0xEAD0
[51] [M]: 0x00000000800000CC (0xEAD08093) addi x1, x1, -0x153                       rvtest_init+204
x1 <- 0xFFFFFFFFFEEDBEAD

clint mtime 0x000000000000001A (mip.MTI <- 0b1, mip.STI <- 0b0)
mem[X,0x00000000800000D0] -> 0x9093
mem[X,0x00000000800000D2] -> 0x00B0
[52] [M]: 0x00000000800000D0 (0x00B09093) slli x1, x1, 0xb                          rvtest_init+208
x1 <- 0xFFFFFFF76DF56800

mem[X,0x00000000800000D4] -> 0x8093
mem[X,0x00000000800000D6] -> 0x7F70
[53] [M]: 0x00000000800000D4 (0x7F708093) addi x1, x1, 0x7f7                        rvtest_init+212
x1 <- 0xFFFFFFF76DF56FF7

clint mtime 0x000000000000001B (mip.MTI <- 0b1, mip.STI <- 0b0)
mem[X,0x00000000800000D8] -> 0x9093
mem[X,0x00000000800000DA] -> 0x00B0
[54] [M]: 0x00000000800000D8 (0x00B09093) slli x1, x1, 0xb                          rvtest_init+216
x1 <- 0xFFFFBB6FAB7FB800

mem[X,0x00000000800000DC] -> 0x8093
mem[X,0x00000000800000DE] -> 0x36F0
[55] [M]: 0x00000000800000DC (0x36F08093) addi x1, x1, 0x36f                        rvtest_init+220
x1 <- 0xFFFFBB6FAB7FBB6F

clint mtime 0x000000000000001C (mip.MTI <- 0b1, mip.STI <- 0b0)
mem[X,0x00000000800000E0] -> 0x9093
mem[X,0x00000000800000E2] -> 0x00A0
[56] [M]: 0x00000000800000E0 (0x00A09093) slli x1, x1, 0xa                          rvtest_init+224
x1 <- 0xFEEDBEADFEEDBC00

mem[X,0x00000000800000E4] -> 0x8093
mem[X,0x00000000800000E6] -> 0x2AD0
[57] [M]: 0x00000000800000E4 (0x2AD08093) addi x1, x1, 0x2ad                        rvtest_init+228
x1 <- 0xFEEDBEADFEEDBEAD

clint mtime 0x000000000000001D (mip.MTI <- 0b1, mip.STI <- 0b0)
mem[X,0x00000000800000E8] -> 0xD113
mem[X,0x00000000800000EA] -> 0x0070
[58] [M]: 0x00000000800000E8 (0x0070D113) srli x2, x1, 0x7                          rvtest_init+232
x2 <- 0x01FDDB7D5BFDDB7D

mem[X,0x00000000800000EC] -> 0xD793
mem[X,0x00000000800000EE] -> 0x0390
[59] [M]: 0x00000000800000EC (0x0390D793) srli x15, x1, 0x39                        rvtest_init+236
x15 <- 0x000000000000007F

clint mtime 0x000000000000001E (mip.MTI <- 0b1, mip.STI <- 0b0)
mem[X,0x00000000800000F0] -> 0x6133
mem[X,0x00000000800000F2] -> 0x00F1
[60] [M]: 0x00000000800000F0 (0x00F16133) or x2, x2, x15                            rvtest_init+240
x2 <- 0x01FDDB7D5BFDDB7F

mem[X,0x00000000800000F4] -> 0x5193
mem[X,0x00000000800000F6] -> 0x0071
[61] [M]: 0x00000000800000F4 (0x00715193) srli x3, x2, 0x7                          rvtest_init+244
x3 <- 0x0003FBB6FAB7FBB6

clint mtime 0x000000000000001F (mip.MTI <- 0b1, mip.STI <- 0b0)
mem[X,0x00000000800000F8] -> 0x5793
mem[X,0x00000000800000FA] -> 0x0391
[62] [M]: 0x00000000800000F8 (0x03915793) srli x15, x2, 0x39                        rvtest_init+248
x15 <- 0x0000000000000000

mem[X,0x00000000800000FC] -> 0xE1B3
mem[X,0x00000000800000FE] -> 0x00F1
[63] [M]: 0x00000000800000FC (0x00F1E1B3) or x3, x3, x15                            rvtest_init+252
x3 <- 0x0003FBB6FAB7FBB6

clint mtime 0x0000000000000020 (mip.MTI <- 0b1, mip.STI <- 0b0)
mem[X,0x0000000080000100] -> 0xD213
mem[X,0x0000000080000102] -> 0x0071
[64] [M]: 0x0000000080000100 (0x0071D213) srli x4, x3, 0x7                          rvtest_init+256
x4 <- 0x000007F76DF56FF7

mem[X,0x0000000080000104] -> 0xD793
mem[X,0x0000000080000106] -> 0x0391
[65] [M]: 0x0000000080000104 (0x0391D793) srli x15, x3, 0x39                        rvtest_init+260
x15 <- 0x0000000000000000

clint mtime 0x0000000000000021 (mip.MTI <- 0b1, mip.STI <- 0b0)
mem[X,0x0000000080000108] -> 0x6233
mem[X,0x000000008000010A] -> 0x00F2
[66] [M]: 0x0000000080000108 (0x00F26233) or x4, x4, x15                            rvtest_init+264
x4 <- 0x000007F76DF56FF7

mem[X,0x000000008000010C] -> 0x5293
mem[X,0x000000008000010E] -> 0x0072
[67] [M]: 0x000000008000010C (0x00725293) srli x5, x4, 0x7                          rvtest_init+268
x5 <- 0x0000000FEEDBEADF

clint mtime 0x0000000000000022 (mip.MTI <- 0b1, mip.STI <- 0b0)
mem[X,0x0000000080000110] -> 0x5793
mem[X,0x0000000080000112] -> 0x0392
[68] [M]: 0x0000000080000110 (0x03925793) srli x15, x4, 0x39                        rvtest_init+272
x15 <- 0x0000000000000000

mem[X,0x0000000080000114] -> 0xE2B3
mem[X,0x0000000080000116] -> 0x00F2
[69] [M]: 0x0000000080000114 (0x00F2E2B3) or x5, x5, x15                            rvtest_init+276
x5 <- 0x0000000FEEDBEADF

clint mtime 0x0000000000000023 (mip.MTI <- 0b1, mip.STI <- 0b0)
mem[X,0x0000000080000118] -> 0xD313
mem[X,0x000000008000011A] -> 0x0072
[70] [M]: 0x0000000080000118 (0x0072D313) srli x6, x5, 0x7                          rvtest_init+280
x6 <- 0x000000001FDDB7D5

mem[X,0x000000008000011C] -> 0xD793
mem[X,0x000000008000011E] -> 0x0392
[71] [M]: 0x000000008000011C (0x0392D793) srli x15, x5, 0x39                        rvtest_init+284
x15 <- 0x0000000000000000

clint mtime 0x0000000000000024 (mip.MTI <- 0b1, mip.STI <- 0b0)
mem[X,0x0000000080000120] -> 0x6333
mem[X,0x0000000080000122] -> 0x00F3
[72] [M]: 0x0000000080000120 (0x00F36333) or x6, x6, x15                            rvtest_init+288
x6 <- 0x000000001FDDB7D5

mem[X,0x0000000080000124] -> 0x5393
mem[X,0x0000000080000126] -> 0x0073
[73] [M]: 0x0000000080000124 (0x00735393) srli x7, x6, 0x7                          rvtest_init+292
x7 <- 0x00000000003FBB6F

clint mtime 0x0000000000000025 (mip.MTI <- 0b1, mip.STI <- 0b0)
mem[X,0x0000000080000128] -> 0x5793
mem[X,0x000000008000012A] -> 0x0393
[74] [M]: 0x0000000080000128 (0x03935793) srli x15, x6, 0x39                        rvtest_init+296
x15 <- 0x0000000000000000

mem[X,0x000000008000012C] -> 0xE3B3
mem[X,0x000000008000012E] -> 0x00F3
[75] [M]: 0x000000008000012C (0x00F3E3B3) or x7, x7, x15                            rvtest_init+300
x7 <- 0x00000000003FBB6F

clint mtime 0x0000000000000026 (mip.MTI <- 0b1, mip.STI <- 0b0)
mem[X,0x0000000080000130] -> 0xD413
mem[X,0x0000000080000132] -> 0x0073
[76] [M]: 0x0000000080000130 (0x0073D413) srli x8, x7, 0x7                          rvtest_init+304
x8 <- 0x0000000000007F76

mem[X,0x0000000080000134] -> 0xD793
mem[X,0x0000000080000136] -> 0x0393
[77] [M]: 0x0000000080000134 (0x0393D793) srli x15, x7, 0x39                        rvtest_init+308
x15 <- 0x0000000000000000

clint mtime 0x0000000000000027 (mip.MTI <- 0b1, mip.STI <- 0b0)
mem[X,0x0000000080000138] -> 0x6433
mem[X,0x000000008000013A] -> 0x00F4
[78] [M]: 0x0000000080000138 (0x00F46433) or x8, x8, x15                            rvtest_init+312
x8 <- 0x0000000000007F76

mem[X,0x000000008000013C] -> 0x5493
mem[X,0x000000008000013E] -> 0x0074
[79] [M]: 0x000000008000013C (0x00745493) srli x9, x8, 0x7                          rvtest_init+316
x9 <- 0x00000000000000FE

clint mtime 0x0000000000000028 (mip.MTI <- 0b1, mip.STI <- 0b0)
mem[X,0x0000000080000140] -> 0x5793
mem[X,0x0000000080000142] -> 0x0394
[80] [M]: 0x0000000080000140 (0x03945793) srli x15, x8, 0x39                        rvtest_init+320
x15 <- 0x0000000000000000

mem[X,0x0000000080000144] -> 0xE4B3
mem[X,0x0000000080000146] -> 0x00F4
[81] [M]: 0x0000000080000144 (0x00F4E4B3) or x9, x9, x15                            rvtest_init+324
x9 <- 0x00000000000000FE

clint mtime 0x0000000000000029 (mip.MTI <- 0b1, mip.STI <- 0b0)
mem[X,0x0000000080000148] -> 0xD513
mem[X,0x000000008000014A] -> 0x0074
[82] [M]: 0x0000000080000148 (0x0074D513) srli x10, x9, 0x7                         rvtest_init+328
x10 <- 0x0000000000000001

mem[X,0x000000008000014C] -> 0xD793
mem[X,0x000000008000014E] -> 0x0394
[83] [M]: 0x000000008000014C (0x0394D793) srli x15, x9, 0x39                        rvtest_init+332
x15 <- 0x0000000000000000

clint mtime 0x000000000000002A (mip.MTI <- 0b1, mip.STI <- 0b0)
mem[X,0x0000000080000150] -> 0x6533
mem[X,0x0000000080000152] -> 0x00F5
[84] [M]: 0x0000000080000150 (0x00F56533) or x10, x10, x15                          rvtest_init+336
x10 <- 0x0000000000000001

mem[X,0x0000000080000154] -> 0x5593
mem[X,0x0000000080000156] -> 0x0075
[85] [M]: 0x0000000080000154 (0x00755593) srli x11, x10, 0x7                        rvtest_init+340
x11 <- 0x0000000000000000

clint mtime 0x000000000000002B (mip.MTI <- 0b1, mip.STI <- 0b0)
mem[X,0x0000000080000158] -> 0x5793
mem[X,0x000000008000015A] -> 0x0395
[86] [M]: 0x0000000080000158 (0x03955793) srli x15, x10, 0x39                       rvtest_init+344
x15 <- 0x0000000000000000

mem[X,0x000000008000015C] -> 0xE5B3
mem[X,0x000000008000015E] -> 0x00F5
[87] [M]: 0x000000008000015C (0x00F5E5B3) or x11, x11, x15                          rvtest_init+348
x11 <- 0x0000000000000000

clint mtime 0x000000000000002C (mip.MTI <- 0b1, mip.STI <- 0b0)
mem[X,0x0000000080000160] -> 0xD613
mem[X,0x0000000080000162] -> 0x0075
[88] [M]: 0x0000000080000160 (0x0075D613) srli x12, x11, 0x7                        rvtest_init+352
x12 <- 0x0000000000000000

mem[X,0x0000000080000164] -> 0xD793
mem[X,0x0000000080000166] -> 0x0395
[89] [M]: 0x0000000080000164 (0x0395D793) srli x15, x11, 0x39                       rvtest_init+356
x15 <- 0x0000000000000000

clint mtime 0x000000000000002D (mip.MTI <- 0b1, mip.STI <- 0b0)
mem[X,0x0000000080000168] -> 0x6633
mem[X,0x000000008000016A] -> 0x00F6
[90] [M]: 0x0000000080000168 (0x00F66633) or x12, x12, x15                          rvtest_init+360
x12 <- 0x0000000000000000

mem[X,0x000000008000016C] -> 0x5693
mem[X,0x000000008000016E] -> 0x0076
[91] [M]: 0x000000008000016C (0x00765693) srli x13, x12, 0x7                        rvtest_init+364
x13 <- 0x0000000000000000

clint mtime 0x000000000000002E (mip.MTI <- 0b1, mip.STI <- 0b0)
mem[X,0x0000000080000170] -> 0x5793
mem[X,0x0000000080000172] -> 0x0396
[92] [M]: 0x0000000080000170 (0x03965793) srli x15, x12, 0x39                       rvtest_init+368
x15 <- 0x0000000000000000

mem[X,0x0000000080000174] -> 0xE6B3
mem[X,0x0000000080000176] -> 0x00F6
[93] [M]: 0x0000000080000174 (0x00F6E6B3) or x13, x13, x15                          rvtest_init+372
x13 <- 0x0000000000000000

clint mtime 0x000000000000002F (mip.MTI <- 0b1, mip.STI <- 0b0)
mem[X,0x0000000080000178] -> 0x0013
mem[X,0x000000008000017A] -> 0x0000
[94] [M]: 0x0000000080000178 (0x00000013) addi x0, x0, 0x0                          rvtest_code_begin+0

mem[X,0x000000008000017C] -> 0x0013
mem[X,0x000000008000017E] -> 0x0000
[95] [M]: 0x000000008000017C (0x00000013) addi x0, x0, 0x0                          rvtest_code_begin+4

clint mtime 0x0000000000000030 (mip.MTI <- 0b1, mip.STI <- 0b0)
mem[X,0x0000000080000180] -> 0x4097
mem[X,0x0000000080000182] -> 0x0000
[96] [M]: 0x0000000080000180 (0x00004097) auipc x1, 0x4                             rvtest_code_begin+8
x1 <- 0x0000000080004180

mem[X,0x0000000080000184] -> 0x8093
mem[X,0x0000000080000186] -> 0xF980
[97] [M]: 0x0000000080000184 (0xF9808093) addi x1, x1, -0x68                        rvtest_code_begin+12
x1 <- 0x0000000080004118

clint mtime 0x0000000000000031 (mip.MTI <- 0b1, mip.STI <- 0b0)
mem[X,0x0000000080000188] -> 0x0013
mem[X,0x000000008000018A] -> 0x0000
[98] [M]: 0x0000000080000188 (0x00000013) addi x0, x0, 0x0                          rvtest_code_begin+16

mem[X,0x000000008000018C] -> 0x0013
mem[X,0x000000008000018E] -> 0x0000
[99] [M]: 0x000000008000018C (0x00000013) addi x0, x0, 0x0                          rvtest_code_begin+20

clint mtime 0x0000000000000032 (mip.MTI <- 0b1, mip.STI <- 0b0)
mem[X,0x0000000080000190] -> 0x0013
mem[X,0x0000000080000192] -> 0x0000
[100] [M]: 0x0000000080000190 (0x00000013) addi x0, x0, 0x0                         rvtest_code_begin+24

mem[X,0x0000000080000194] -> 0x0013
mem[X,0x0000000080000196] -> 0x0000
[101] [M]: 0x0000000080000194 (0x00000013) addi x0, x0, 0x0                         rvtest_code_begin+28

clint mtime 0x0000000000000033 (mip.MTI <- 0b1, mip.STI <- 0b0)
mem[X,0x0000000080000198] -> 0x0013
mem[X,0x000000008000019A] -> 0x0000
[102] [M]: 0x0000000080000198 (0x00000013) addi x0, x0, 0x0                         rvtest_code_begin+32

mem[X,0x000000008000019C] -> 0x0013
mem[X,0x000000008000019E] -> 0x0000
[103] [M]: 0x000000008000019C (0x00000013) addi x0, x0, 0x0                         rvtest_code_begin+36

clint mtime 0x0000000000000034 (mip.MTI <- 0b1, mip.STI <- 0b0)
mem[X,0x00000000800001A0] -> 0x0F13
mem[X,0x00000000800001A2] -> 0x0000
[104] [M]: 0x00000000800001A0 (0x00000F13) addi x30, x0, 0x0                        inst_0+0
x30 <- 0x0000000000000000

mem[X,0x00000000800001A4] -> 0x0F93
mem[X,0x00000000800001A6] -> 0x0000
[105] [M]: 0x00000000800001A4 (0x00000F93) addi x31, x0, 0x0                        inst_0+4
x31 <- 0x0000000000000000

clint mtime 0x0000000000000035 (mip.MTI <- 0b1, mip.STI <- 0b0)
mem[X,0x00000000800001A8] -> 0x1FB3
mem[X,0x00000000800001AA] -> 0x0BFF
[106] [M]: 0x00000000800001A8 (0x0BFF1FB3) clmul x31, x30, x31                      inst_0+8
x31 <- 0x0000000000000000

mem[X,0x00000000800001AC] -> 0xB023
mem[X,0x00000000800001AE] -> 0x01F0
[107] [M]: 0x00000000800001AC (0x01F0B023) sd x31, 0x0(x1)                          inst_0+12
mem[W,0x0000000080004118] <- 0x0000000000000000

clint mtime 0x0000000000000036 (mip.MTI <- 0b1, mip.STI <- 0b0)
mem[X,0x00000000800001B0] -> 0x0E93
mem[X,0x00000000800001B2] -> 0xBFF0
[108] [M]: 0x00000000800001B0 (0xBFF00E93) addi x29, x0, -0x401                     inst_1+0
x29 <- 0xFFFFFFFFFFFFFBFF

mem[X,0x00000000800001B4] -> 0x0F13
mem[X,0x00000000800001B6] -> 0xFFF0
[109] [M]: 0x00000000800001B4 (0xFFF00F13) addi x30, x0, -0x1                       inst_1+4
x30 <- 0xFFFFFFFFFFFFFFFF

clint mtime 0x0000000000000037 (mip.MTI <- 0b1, mip.STI <- 0b0)
mem[X,0x00000000800001B8] -> 0x5F13
mem[X,0x00000000800001BA] -> 0x001F
[110] [M]: 0x00000000800001B8 (0x001F5F13) srli x30, x30, 0x1                       inst_1+8
x30 <- 0x7FFFFFFFFFFFFFFF

mem[X,0x00000000800001BC] -> 0x9EB3
mem[X,0x00000000800001BE] -> 0x0BEE
[111] [M]: 0x00000000800001BC (0x0BEE9EB3) clmul x29, x29, x30                      inst_1+12
x29 <- 0x2AAAAAAAAAAAA955

clint mtime 0x0000000000000038 (mip.MTI <- 0b1, mip.STI <- 0b0)
mem[X,0x00000000800001C0] -> 0xB423
mem[X,0x00000000800001C2] -> 0x01D0
[112] [M]: 0x00000000800001C0 (0x01D0B423) sd x29, 0x8(x1)                          inst_1+16
mem[W,0x0000000080004120] <- 0x2AAAAAAAAAAAA955

mem[X,0x00000000800001C4] -> 0x0F93
mem[X,0x00000000800001C6] -> 0xBFF0
[113] [M]: 0x00000000800001C4 (0xBFF00F93) addi x31, x0, -0x401                     inst_2+0
x31 <- 0xFFFFFFFFFFFFFBFF

clint mtime 0x0000000000000039 (mip.MTI <- 0b1, mip.STI <- 0b0)
mem[X,0x00000000800001C8] -> 0x0E93
mem[X,0x00000000800001CA] -> 0x0010
[114] [M]: 0x00000000800001C8 (0x00100E93) addi x29, x0, 0x1                        inst_2+4
x29 <- 0x0000000000000001

mem[X,0x00000000800001CC] -> 0x9E93
mem[X,0x00000000800001CE] -> 0x03EE
[115] [M]: 0x00000000800001CC (0x03EE9E93) slli x29, x29, 0x3e                      inst_2+8
x29 <- 0x4000000000000000

clint mtime 0x000000000000003A (mip.MTI <- 0b1, mip.STI <- 0b0)
mem[X,0x00000000800001D0] -> 0xCE93
mem[X,0x00000000800001D2] -> 0xFFFE
[116] [M]: 0x00000000800001D0 (0xFFFECE93) xori x29, x29, -0x1                      inst_2+12
x29 <- 0xBFFFFFFFFFFFFFFF

mem[X,0x00000000800001D4] -> 0x9F33
mem[X,0x00000000800001D6] -> 0x0BDF
[117] [M]: 0x00000000800001D4 (0x0BDF9F33) clmul x30, x31, x29                      inst_2+16
x30 <- 0x6AAAAAAAAAAAA955

clint mtime 0x000000000000003B (mip.MTI <- 0b1, mip.STI <- 0b0)
mem[X,0x00000000800001D8] -> 0xB823
mem[X,0x00000000800001DA] -> 0x01E0
[118] [M]: 0x00000000800001D8 (0x01E0B823) sd x30, 0x10(x1)                         inst_2+20
mem[W,0x0000000080004128] <- 0x6AAAAAAAAAAAA955

mem[X,0x00000000800001DC] -> 0x0E13
mem[X,0x00000000800001DE] -> 0xBFF0
[119] [M]: 0x00000000800001DC (0xBFF00E13) addi x28, x0, -0x401                     inst_3+0
x28 <- 0xFFFFFFFFFFFFFBFF

clint mtime 0x000000000000003C (mip.MTI <- 0b1, mip.STI <- 0b0)
mem[X,0x00000000800001E0] -> 0x0E13
mem[X,0x00000000800001E2] -> 0xBFF0
[120] [M]: 0x00000000800001E0 (0xBFF00E13) addi x28, x0, -0x401                     inst_3+4
x28 <- 0xFFFFFFFFFFFFFBFF

mem[X,0x00000000800001E4] -> 0x1E33
mem[X,0x00000000800001E6] -> 0x0BCE
[121] [M]: 0x00000000800001E4 (0x0BCE1E33) clmul x28, x28, x28                      inst_3+8
x28 <- 0x5555555555455555

clint mtime 0x000000000000003D (mip.MTI <- 0b1, mip.STI <- 0b0)
mem[X,0x00000000800001E8] -> 0xBC23
mem[X,0x00000000800001EA] -> 0x01C0
[122] [M]: 0x00000000800001E8 (0x01C0BC23) sd x28, 0x18(x1)                         inst_3+12
mem[W,0x0000000080004130] <- 0x5555555555455555

mem[X,0x00000000800001EC] -> 0x0D13
mem[X,0x00000000800001EE] -> 0xBFF0
[123] [M]: 0x00000000800001EC (0xBFF00D13) addi x26, x0, -0x401                     inst_4+0
x26 <- 0xFFFFFFFFFFFFFBFF

clint mtime 0x000000000000003E (mip.MTI <- 0b1, mip.STI <- 0b0)
mem[X,0x00000000800001F0] -> 0x0D13
mem[X,0x00000000800001F2] -> 0xBFF0
[124] [M]: 0x00000000800001F0 (0xBFF00D13) addi x26, x0, -0x401                     inst_4+4
x26 <- 0xFFFFFFFFFFFFFBFF

mem[X,0x00000000800001F4] -> 0x1DB3
mem[X,0x00000000800001F6] -> 0x0BAD
[125] [M]: 0x00000000800001F4 (0x0BAD1DB3) clmul x27, x26, x26                      inst_4+8
x27 <- 0x5555555555455555

clint mtime 0x000000000000003F (mip.MTI <- 0b1, mip.STI <- 0b0)
mem[X,0x00000000800001F8] -> 0xB023
mem[X,0x00000000800001FA] -> 0x03B0
[126] [M]: 0x00000000800001F8 (0x03B0B023) sd x27, 0x20(x1)                         inst_4+12
mem[W,0x0000000080004138] <- 0x5555555555455555

mem[X,0x00000000800001FC] -> 0x0D93
mem[X,0x00000000800001FE] -> 0xBFF0
[127] [M]: 0x00000000800001FC (0xBFF00D93) addi x27, x0, -0x401                     inst_5+0
x27 <- 0xFFFFFFFFFFFFFBFF

clint mtime 0x0000000000000040 (mip.MTI <- 0b1, mip.STI <- 0b0)
mem[X,0x0000000080000200] -> 0x0C93
mem[X,0x0000000080000202] -> 0x0010
[128] [M]: 0x0000000080000200 (0x00100C93) addi x25, x0, 0x1                        inst_5+4
x25 <- 0x0000000000000001

mem[X,0x0000000080000204] -> 0x9C93
mem[X,0x0000000080000206] -> 0x03BC
[129] [M]: 0x0000000080000204 (0x03BC9C93) slli x25, x25, 0x3b                      inst_5+8
x25 <- 0x0800000000000000

clint mtime 0x0000000000000041 (mip.MTI <- 0b1, mip.STI <- 0b0)
mem[X,0x0000000080000208] -> 0xCC93
mem[X,0x000000008000020A] -> 0xFFFC
[130] [M]: 0x0000000080000208 (0xFFFCCC93) xori x25, x25, -0x1                      inst_5+12
x25 <- 0xF7FFFFFFFFFFFFFF

mem[X,0x000000008000020C] -> 0x9D33
mem[X,0x000000008000020E] -> 0x0B9D
[131] [M]: 0x000000008000020C (0x0B9D9D33) clmul x26, x27, x25                      inst_5+16
x26 <- 0x52AAAAAAAAAAA955

clint mtime 0x0000000000000042 (mip.MTI <- 0b1, mip.STI <- 0b0)
mem[X,0x0000000080000210] -> 0xB423
mem[X,0x0000000080000212] -> 0x03A0
[132] [M]: 0x0000000080000210 (0x03A0B423) sd x26, 0x28(x1)                         inst_5+20
mem[W,0x0000000080004140] <- 0x52AAAAAAAAAAA955

mem[X,0x0000000080000214] -> 0x0C13
mem[X,0x0000000080000216] -> 0xBFF0
[133] [M]: 0x0000000080000214 (0xBFF00C13) addi x24, x0, -0x401                     inst_6+0
x24 <- 0xFFFFFFFFFFFFFBFF

clint mtime 0x0000000000000043 (mip.MTI <- 0b1, mip.STI <- 0b0)
mem[X,0x0000000080000218] -> 0x0D93
mem[X,0x000000008000021A] -> 0x0010
[134] [M]: 0x0000000080000218 (0x00100D93) addi x27, x0, 0x1                        inst_6+4
x27 <- 0x0000000000000001

mem[X,0x000000008000021C] -> 0x9D93
mem[X,0x000000008000021E] -> 0x03AD
[135] [M]: 0x000000008000021C (0x03AD9D93) slli x27, x27, 0x3a                      inst_6+8
x27 <- 0x0400000000000000

clint mtime 0x0000000000000044 (mip.MTI <- 0b1, mip.STI <- 0b0)
mem[X,0x0000000080000220] -> 0xCD93
mem[X,0x0000000080000222] -> 0xFFFD
[136] [M]: 0x0000000080000220 (0xFFFDCD93) xori x27, x27, -0x1                      inst_6+12
x27 <- 0xFBFFFFFFFFFFFFFF

mem[X,0x0000000080000224] -> 0x1CB3
mem[X,0x0000000080000226] -> 0x0BBC
[137] [M]: 0x0000000080000224 (0x0BBC1CB3) clmul x25, x24, x27                      inst_6+16
x25 <- 0x56AAAAAAAAAAA955

clint mtime 0x0000000000000045 (mip.MTI <- 0b1, mip.STI <- 0b0)
mem[X,0x0000000080000228] -> 0xB823
mem[X,0x000000008000022A] -> 0x0390
[138] [M]: 0x0000000080000228 (0x0390B823) sd x25, 0x30(x1)                         inst_6+20
mem[W,0x0000000080004148] <- 0x56AAAAAAAAAAA955

mem[X,0x000000008000022C] -> 0x0C93
mem[X,0x000000008000022E] -> 0xBFF0
[139] [M]: 0x000000008000022C (0xBFF00C93) addi x25, x0, -0x401                     inst_7+0
x25 <- 0xFFFFFFFFFFFFFBFF

clint mtime 0x0000000000000046 (mip.MTI <- 0b1, mip.STI <- 0b0)
mem[X,0x0000000080000230] -> 0x0B93
mem[X,0x0000000080000232] -> 0x0010
[140] [M]: 0x0000000080000230 (0x00100B93) addi x23, x0, 0x1                        inst_7+4
x23 <- 0x0000000000000001

mem[X,0x0000000080000234] -> 0x9B93
mem[X,0x0000000080000236] -> 0x039B
[141] [M]: 0x0000000080000234 (0x039B9B93) slli x23, x23, 0x39                      inst_7+8
x23 <- 0x0200000000000000

clint mtime 0x0000000000000047 (mip.MTI <- 0b1, mip.STI <- 0b0)
mem[X,0x0000000080000238] -> 0xCB93
mem[X,0x000000008000023A] -> 0xFFFB
[142] [M]: 0x0000000080000238 (0xFFFBCB93) xori x23, x23, -0x1                      inst_7+12
x23 <- 0xFDFFFFFFFFFFFFFF

mem[X,0x000000008000023C] -> 0x9C33
mem[X,0x000000008000023E] -> 0x0B7C
[143] [M]: 0x000000008000023C (0x0B7C9C33) clmul x24, x25, x23                      inst_7+16
x24 <- 0x54AAAAAAAAAAA955

clint mtime 0x0000000000000048 (mip.MTI <- 0b1, mip.STI <- 0b0)
mem[X,0x0000000080000240] -> 0xBC23
mem[X,0x0000000080000242] -> 0x0380
[144] [M]: 0x0000000080000240 (0x0380BC23) sd x24, 0x38(x1)                         inst_7+20
mem[W,0x0000000080004150] <- 0x54AAAAAAAAAAA955

mem[X,0x0000000080000244] -> 0x0B13
mem[X,0x0000000080000246] -> 0xBFF0
[145] [M]: 0x0000000080000244 (0xBFF00B13) addi x22, x0, -0x401                     inst_8+0
x22 <- 0xFFFFFFFFFFFFFBFF

clint mtime 0x0000000000000049 (mip.MTI <- 0b1, mip.STI <- 0b0)
mem[X,0x0000000080000248] -> 0x0C13
mem[X,0x000000008000024A] -> 0x0010
[146] [M]: 0x0000000080000248 (0x00100C13) addi x24, x0, 0x1                        inst_8+4
x24 <- 0x0000000000000001

mem[X,0x000000008000024C] -> 0x1C13
mem[X,0x000000008000024E] -> 0x038C
[147] [M]: 0x000000008000024C (0x038C1C13) slli x24, x24, 0x38                      inst_8+8
x24 <- 0x0100000000000000

clint mtime 0x000000000000004A (mip.MTI <- 0b1, mip.STI <- 0b0)
mem[X,0x0000000080000250] -> 0x4C13
mem[X,0x0000000080000252] -> 0xFFFC
[148] [M]: 0x0000000080000250 (0xFFFC4C13) xori x24, x24, -0x1                      inst_8+12
x24 <- 0xFEFFFFFFFFFFFFFF

mem[X,0x0000000080000254] -> 0x1BB3
mem[X,0x0000000080000256] -> 0x0B8B
[149] [M]: 0x0000000080000254 (0x0B8B1BB3) clmul x23, x22, x24                      inst_8+16
x23 <- 0x55AAAAAAAAAAA955

clint mtime 0x000000000000004B (mip.MTI <- 0b1, mip.STI <- 0b0)
mem[X,0x0000000080000258] -> 0xB023
mem[X,0x000000008000025A] -> 0x0570
[150] [M]: 0x0000000080000258 (0x0570B023) sd x23, 0x40(x1)                         inst_8+20
mem[W,0x0000000080004158] <- 0x55AAAAAAAAAAA955

mem[X,0x000000008000025C] -> 0x0B93
mem[X,0x000000008000025E] -> 0xBFF0
[151] [M]: 0x000000008000025C (0xBFF00B93) addi x23, x0, -0x401                     inst_9+0
x23 <- 0xFFFFFFFFFFFFFBFF

clint mtime 0x000000000000004C (mip.MTI <- 0b1, mip.STI <- 0b0)
mem[X,0x0000000080000260] -> 0x0A93
mem[X,0x0000000080000262] -> 0x0010
[152] [M]: 0x0000000080000260 (0x00100A93) addi x21, x0, 0x1                        inst_9+4
x21 <- 0x0000000000000001

mem[X,0x0000000080000264] -> 0x9A93
mem[X,0x0000000080000266] -> 0x037A
[153] [M]: 0x0000000080000264 (0x037A9A93) slli x21, x21, 0x37                      inst_9+8
x21 <- 0x0080000000000000

clint mtime 0x000000000000004D (mip.MTI <- 0b1, mip.STI <- 0b0)
mem[X,0x0000000080000268] -> 0xCA93
mem[X,0x000000008000026A] -> 0xFFFA
[154] [M]: 0x0000000080000268 (0xFFFACA93) xori x21, x21, -0x1                      inst_9+12
x21 <- 0xFF7FFFFFFFFFFFFF

mem[X,0x000000008000026C] -> 0x9B33
mem[X,0x000000008000026E] -> 0x0B5B
[155] [M]: 0x000000008000026C (0x0B5B9B33) clmul x22, x23, x21                      inst_9+16
x22 <- 0x552AAAAAAAAAA955

clint mtime 0x000000000000004E (mip.MTI <- 0b1, mip.STI <- 0b0)
mem[X,0x0000000080000270] -> 0xB423
mem[X,0x0000000080000272] -> 0x0560
[156] [M]: 0x0000000080000270 (0x0560B423) sd x22, 0x48(x1)                         inst_9+20
mem[W,0x0000000080004160] <- 0x552AAAAAAAAAA955

mem[X,0x0000000080000274] -> 0x0A13
mem[X,0x0000000080000276] -> 0xBFF0
[157] [M]: 0x0000000080000274 (0xBFF00A13) addi x20, x0, -0x401                     inst_10+0
x20 <- 0xFFFFFFFFFFFFFBFF

clint mtime 0x000000000000004F (mip.MTI <- 0b1, mip.STI <- 0b0)
mem[X,0x0000000080000278] -> 0x0B13
mem[X,0x000000008000027A] -> 0x0010
[158] [M]: 0x0000000080000278 (0x00100B13) addi x22, x0, 0x1                        inst_10+4
x22 <- 0x0000000000000001

mem[X,0x000000008000027C] -> 0x1B13
mem[X,0x000000008000027E] -> 0x036B
[159] [M]: 0x000000008000027C (0x036B1B13) slli x22, x22, 0x36                      inst_10+8
x22 <- 0x0040000000000000

clint mtime 0x0000000000000050 (mip.MTI <- 0b1, mip.STI <- 0b0)
mem[X,0x0000000080000280] -> 0x4B13
mem[X,0x0000000080000282] -> 0xFFFB
[160] [M]: 0x0000000080000280 (0xFFFB4B13) xori x22, x22, -0x1                      inst_10+12
x22 <- 0xFFBFFFFFFFFFFFFF

mem[X,0x0000000080000284] -> 0x1AB3
mem[X,0x0000000080000286] -> 0x0B6A
[161] [M]: 0x0000000080000284 (0x0B6A1AB3) clmul x21, x20, x22                      inst_10+16
x21 <- 0x556AAAAAAAAAA955

clint mtime 0x0000000000000051 (mip.MTI <- 0b1, mip.STI <- 0b0)
mem[X,0x0000000080000288] -> 0xB823
mem[X,0x000000008000028A] -> 0x0550
[162] [M]: 0x0000000080000288 (0x0550B823) sd x21, 0x50(x1)                         inst_10+20
mem[W,0x0000000080004168] <- 0x556AAAAAAAAAA955

mem[X,0x000000008000028C] -> 0x0A93
mem[X,0x000000008000028E] -> 0xBFF0
[163] [M]: 0x000000008000028C (0xBFF00A93) addi x21, x0, -0x401                     inst_11+0
x21 <- 0xFFFFFFFFFFFFFBFF

clint mtime 0x0000000000000052 (mip.MTI <- 0b1, mip.STI <- 0b0)
mem[X,0x0000000080000290] -> 0x0993
mem[X,0x0000000080000292] -> 0x0010
[164] [M]: 0x0000000080000290 (0x00100993) addi x19, x0, 0x1                        inst_11+4
x19 <- 0x0000000000000001

mem[X,0x0000000080000294] -> 0x9993
mem[X,0x0000000080000296] -> 0x0359
[165] [M]: 0x0000000080000294 (0x03599993) slli x19, x19, 0x35                      inst_11+8
x19 <- 0x0020000000000000

clint mtime 0x0000000000000053 (mip.MTI <- 0b1, mip.STI <- 0b0)
mem[X,0x0000000080000298] -> 0xC993
mem[X,0x000000008000029A] -> 0xFFF9
[166] [M]: 0x0000000080000298 (0xFFF9C993) xori x19, x19, -0x1                      inst_11+12
x19 <- 0xFFDFFFFFFFFFFFFF

mem[X,0x000000008000029C] -> 0x9A33
mem[X,0x000000008000029E] -> 0x0B3A
[167] [M]: 0x000000008000029C (0x0B3A9A33) clmul x20, x21, x19                      inst_11+16
x20 <- 0xD54AAAAAAAAAA955

clint mtime 0x0000000000000054 (mip.MTI <- 0b1, mip.STI <- 0b0)
mem[X,0x00000000800002A0] -> 0xBC23
mem[X,0x00000000800002A2] -> 0x0540
[168] [M]: 0x00000000800002A0 (0x0540BC23) sd x20, 0x58(x1)                         inst_11+20
mem[W,0x0000000080004170] <- 0xD54AAAAAAAAAA955

mem[X,0x00000000800002A4] -> 0x0913
mem[X,0x00000000800002A6] -> 0xBFF0
[169] [M]: 0x00000000800002A4 (0xBFF00913) addi x18, x0, -0x401                     inst_12+0
x18 <- 0xFFFFFFFFFFFFFBFF

clint mtime 0x0000000000000055 (mip.MTI <- 0b1, mip.STI <- 0b0)
mem[X,0x00000000800002A8] -> 0x0A13
mem[X,0x00000000800002AA] -> 0x0010
[170] [M]: 0x00000000800002A8 (0x00100A13) addi x20, x0, 0x1                        inst_12+4
x20 <- 0x0000000000000001

mem[X,0x00000000800002AC] -> 0x1A13
mem[X,0x00000000800002AE] -> 0x034A
[171] [M]: 0x00000000800002AC (0x034A1A13) slli x20, x20, 0x34                      inst_12+8
x20 <- 0x0010000000000000

clint mtime 0x0000000000000056 (mip.MTI <- 0b1, mip.STI <- 0b0)
mem[X,0x00000000800002B0] -> 0x4A13
mem[X,0x00000000800002B2] -> 0xFFFA
[172] [M]: 0x00000000800002B0 (0xFFFA4A13) xori x20, x20, -0x1                      inst_12+12
x20 <- 0xFFEFFFFFFFFFFFFF

mem[X,0x00000000800002B4] -> 0x19B3
mem[X,0x00000000800002B6] -> 0x0B49
[173] [M]: 0x00000000800002B4 (0x0B4919B3) clmul x19, x18, x20                      inst_12+16
x19 <- 0x155AAAAAAAAAA955

clint mtime 0x0000000000000057 (mip.MTI <- 0b1, mip.STI <- 0b0)
mem[X,0x00000000800002B8] -> 0xB023
mem[X,0x00000000800002BA] -> 0x0730
[174] [M]: 0x00000000800002B8 (0x0730B023) sd x19, 0x60(x1)                         inst_12+20
mem[W,0x0000000080004178] <- 0x155AAAAAAAAAA955

mem[X,0x00000000800002BC] -> 0x0993
mem[X,0x00000000800002BE] -> 0xBFF0
[175] [M]: 0x00000000800002BC (0xBFF00993) addi x19, x0, -0x401                     inst_13+0
x19 <- 0xFFFFFFFFFFFFFBFF

clint mtime 0x0000000000000058 (mip.MTI <- 0b1, mip.STI <- 0b0)
mem[X,0x00000000800002C0] -> 0x0893
mem[X,0x00000000800002C2] -> 0x0010
[176] [M]: 0x00000000800002C0 (0x00100893) addi x17, x0, 0x1                        inst_13+4
x17 <- 0x0000000000000001

mem[X,0x00000000800002C4] -> 0x9893
mem[X,0x00000000800002C6] -> 0x0338
[177] [M]: 0x00000000800002C4 (0x03389893) slli x17, x17, 0x33                      inst_13+8
x17 <- 0x0008000000000000

clint mtime 0x0000000000000059 (mip.MTI <- 0b1, mip.STI <- 0b0)
mem[X,0x00000000800002C8] -> 0xC893
mem[X,0x00000000800002CA] -> 0xFFF8
[178] [M]: 0x00000000800002C8 (0xFFF8C893) xori x17, x17, -0x1                      inst_13+12
x17 <- 0xFFF7FFFFFFFFFFFF

mem[X,0x00000000800002CC] -> 0x9933
mem[X,0x00000000800002CE] -> 0x0B19
[179] [M]: 0x00000000800002CC (0x0B199933) clmul x18, x19, x17                      inst_13+16
x18 <- 0x7552AAAAAAAAA955

clint mtime 0x000000000000005A (mip.MTI <- 0b1, mip.STI <- 0b0)
mem[X,0x00000000800002D0] -> 0xB423
mem[X,0x00000000800002D2] -> 0x0720
[180] [M]: 0x00000000800002D0 (0x0720B423) sd x18, 0x68(x1)                         inst_13+20
mem[W,0x0000000080004180] <- 0x7552AAAAAAAAA955

mem[X,0x00000000800002D4] -> 0x0813
mem[X,0x00000000800002D6] -> 0xBFF0
[181] [M]: 0x00000000800002D4 (0xBFF00813) addi x16, x0, -0x401                     inst_14+0
x16 <- 0xFFFFFFFFFFFFFBFF

clint mtime 0x000000000000005B (mip.MTI <- 0b1, mip.STI <- 0b0)
mem[X,0x00000000800002D8] -> 0x0913
mem[X,0x00000000800002DA] -> 0x0010
[182] [M]: 0x00000000800002D8 (0x00100913) addi x18, x0, 0x1                        inst_14+4
x18 <- 0x0000000000000001

mem[X,0x00000000800002DC] -> 0x1913
mem[X,0x00000000800002DE] -> 0x0329
[183] [M]: 0x00000000800002DC (0x03291913) slli x18, x18, 0x32                      inst_14+8
x18 <- 0x0004000000000000

clint mtime 0x000000000000005C (mip.MTI <- 0b1, mip.STI <- 0b0)
mem[X,0x00000000800002E0] -> 0x4913
mem[X,0x00000000800002E2] -> 0xFFF9
[184] [M]: 0x00000000800002E0 (0xFFF94913) xori x18, x18, -0x1                      inst_14+12
x18 <- 0xFFFBFFFFFFFFFFFF

mem[X,0x00000000800002E4] -> 0x18B3
mem[X,0x00000000800002E6] -> 0x0B28
[185] [M]: 0x00000000800002E4 (0x0B2818B3) clmul x17, x16, x18                      inst_14+16
x17 <- 0x4556AAAAAAAAA955

clint mtime 0x000000000000005D (mip.MTI <- 0b1, mip.STI <- 0b0)
mem[X,0x00000000800002E8] -> 0xB823
mem[X,0x00000000800002EA] -> 0x0710
[186] [M]: 0x00000000800002E8 (0x0710B823) sd x17, 0x70(x1)                         inst_14+20
mem[W,0x0000000080004188] <- 0x4556AAAAAAAAA955

mem[X,0x00000000800002EC] -> 0x0893
mem[X,0x00000000800002EE] -> 0xBFF0
[187] [M]: 0x00000000800002EC (0xBFF00893) addi x17, x0, -0x401                     inst_15+0
x17 <- 0xFFFFFFFFFFFFFBFF

clint mtime 0x000000000000005E (mip.MTI <- 0b1, mip.STI <- 0b0)
mem[X,0x00000000800002F0] -> 0x0793
mem[X,0x00000000800002F2] -> 0x0010
[188] [M]: 0x00000000800002F0 (0x00100793) addi x15, x0, 0x1                        inst_15+4
x15 <- 0x0000000000000001

mem[X,0x00000000800002F4] -> 0x9793
mem[X,0x00000000800002F6] -> 0x0317
[189] [M]: 0x00000000800002F4 (0x03179793) slli x15, x15, 0x31                      inst_15+8
x15 <- 0x0002000000000000

clint mtime 0x000000000000005F (mip.MTI <- 0b1, mip.STI <- 0b0)
mem[X,0x00000000800002F8] -> 0xC793
mem[X,0x00000000800002FA] -> 0xFFF7
[190] [M]: 0x00000000800002F8 (0xFFF7C793) xori x15, x15, -0x1                      inst_15+12
x15 <- 0xFFFDFFFFFFFFFFFF

mem[X,0x00000000800002FC] -> 0x9833
mem[X,0x00000000800002FE] -> 0x0AF8
[191] [M]: 0x00000000800002FC (0x0AF89833) clmul x16, x17, x15                      inst_15+16
x16 <- 0x5D54AAAAAAAAA955

clint mtime 0x0000000000000060 (mip.MTI <- 0b1, mip.STI <- 0b0)
mem[X,0x0000000080000300] -> 0xBC23
mem[X,0x0000000080000302] -> 0x0700
[192] [M]: 0x0000000080000300 (0x0700BC23) sd x16, 0x78(x1)                         inst_15+20
mem[W,0x0000000080004190] <- 0x5D54AAAAAAAAA955

mem[X,0x0000000080000304] -> 0x0713
mem[X,0x0000000080000306] -> 0xBFF0
[193] [M]: 0x0000000080000304 (0xBFF00713) addi x14, x0, -0x401                     inst_16+0
x14 <- 0xFFFFFFFFFFFFFBFF

clint mtime 0x0000000000000061 (mip.MTI <- 0b1, mip.STI <- 0b0)
mem[X,0x0000000080000308] -> 0x0813
mem[X,0x000000008000030A] -> 0x0010
[194] [M]: 0x0000000080000308 (0x00100813) addi x16, x0, 0x1                        inst_16+4
x16 <- 0x0000000000000001

mem[X,0x000000008000030C] -> 0x1813
mem[X,0x000000008000030E] -> 0x0308
[195] [M]: 0x000000008000030C (0x03081813) slli x16, x16, 0x30                      inst_16+8
x16 <- 0x0001000000000000

clint mtime 0x0000000000000062 (mip.MTI <- 0b1, mip.STI <- 0b0)
mem[X,0x0000000080000310] -> 0x4813
mem[X,0x0000000080000312] -> 0xFFF8
[196] [M]: 0x0000000080000310 (0xFFF84813) xori x16, x16, -0x1                      inst_16+12
x16 <- 0xFFFEFFFFFFFFFFFF

mem[X,0x0000000080000314] -> 0x17B3
mem[X,0x0000000080000316] -> 0x0B07
[197] [M]: 0x0000000080000314 (0x0B0717B3) clmul x15, x14, x16                      inst_16+16
x15 <- 0x5155AAAAAAAAA955

clint mtime 0x0000000000000063 (mip.MTI <- 0b1, mip.STI <- 0b0)
mem[X,0x0000000080000318] -> 0xB023
mem[X,0x000000008000031A] -> 0x08F0
[198] [M]: 0x0000000080000318 (0x08F0B023) sd x15, 0x80(x1)                         inst_16+20
mem[W,0x0000000080004198] <- 0x5155AAAAAAAAA955

mem[X,0x000000008000031C] -> 0x0793
mem[X,0x000000008000031E] -> 0xBFF0
[199] [M]: 0x000000008000031C (0xBFF00793) addi x15, x0, -0x401                     inst_17+0
x15 <- 0xFFFFFFFFFFFFFBFF

clint mtime 0x0000000000000064 (mip.MTI <- 0b1, mip.STI <- 0b0)
mem[X,0x0000000080000320] -> 0x0693
mem[X,0x0000000080000322] -> 0x0010
[200] [M]: 0x0000000080000320 (0x00100693) addi x13, x0, 0x1                        inst_17+4
x13 <- 0x0000000000000001

mem[X,0x0000000080000324] -> 0x9693
mem[X,0x0000000080000326] -> 0x02F6
[201] [M]: 0x0000000080000324 (0x02F69693) slli x13, x13, 0x2f                      inst_17+8
x13 <- 0x0000800000000000

clint mtime 0x0000000000000065 (mip.MTI <- 0b1, mip.STI <- 0b0)
mem[X,0x0000000080000328] -> 0xC693
mem[X,0x000000008000032A] -> 0xFFF6
[202] [M]: 0x0000000080000328 (0xFFF6C693) xori x13, x13, -0x1                      inst_17+12
x13 <- 0xFFFF7FFFFFFFFFFF

mem[X,0x000000008000032C] -> 0x9733
mem[X,0x000000008000032E] -> 0x0AD7
[203] [M]: 0x000000008000032C (0x0AD79733) clmul x14, x15, x13                      inst_17+16
x14 <- 0x57552AAAAAAAA955

clint mtime 0x0000000000000066 (mip.MTI <- 0b1, mip.STI <- 0b0)
mem[X,0x0000000080000330] -> 0xB423
mem[X,0x0000000080000332] -> 0x08E0
[204] [M]: 0x0000000080000330 (0x08E0B423) sd x14, 0x88(x1)                         inst_17+20
mem[W,0x00000000800041A0] <- 0x57552AAAAAAAA955

mem[X,0x0000000080000334] -> 0x0613
mem[X,0x0000000080000336] -> 0xBFF0
[205] [M]: 0x0000000080000334 (0xBFF00613) addi x12, x0, -0x401                     inst_18+0
x12 <- 0xFFFFFFFFFFFFFBFF

clint mtime 0x0000000000000067 (mip.MTI <- 0b1, mip.STI <- 0b0)
mem[X,0x0000000080000338] -> 0x0713
mem[X,0x000000008000033A] -> 0x0010
[206] [M]: 0x0000000080000338 (0x00100713) addi x14, x0, 0x1                        inst_18+4
x14 <- 0x0000000000000001

mem[X,0x000000008000033C] -> 0x1713
mem[X,0x000000008000033E] -> 0x02E7
[207] [M]: 0x000000008000033C (0x02E71713) slli x14, x14, 0x2e                      inst_18+8
x14 <- 0x0000400000000000

clint mtime 0x0000000000000068 (mip.MTI <- 0b1, mip.STI <- 0b0)
mem[X,0x0000000080000340] -> 0x4713
mem[X,0x0000000080000342] -> 0xFFF7
[208] [M]: 0x0000000080000340 (0xFFF74713) xori x14, x14, -0x1                      inst_18+12
x14 <- 0xFFFFBFFFFFFFFFFF

mem[X,0x0000000080000344] -> 0x16B3
mem[X,0x0000000080000346] -> 0x0AE6
[209] [M]: 0x0000000080000344 (0x0AE616B3) clmul x13, x12, x14                      inst_18+16
x13 <- 0x54556AAAAAAAA955

clint mtime 0x0000000000000069 (mip.MTI <- 0b1, mip.STI <- 0b0)
mem[X,0x0000000080000348] -> 0xB823
mem[X,0x000000008000034A] -> 0x08D0
[210] [M]: 0x0000000080000348 (0x08D0B823) sd x13, 0x90(x1)                         inst_18+20
mem[W,0x00000000800041A8] <- 0x54556AAAAAAAA955

mem[X,0x000000008000034C] -> 0x0693
mem[X,0x000000008000034E] -> 0xBFF0
[211] [M]: 0x000000008000034C (0xBFF00693) addi x13, x0, -0x401                     inst_19+0
x13 <- 0xFFFFFFFFFFFFFBFF

clint mtime 0x000000000000006A (mip.MTI <- 0b1, mip.STI <- 0b0)
mem[X,0x0000000080000350] -> 0x0593
mem[X,0x0000000080000352] -> 0x0010
[212] [M]: 0x0000000080000350 (0x00100593) addi x11, x0, 0x1                        inst_19+4
x11 <- 0x0000000000000001

mem[X,0x0000000080000354] -> 0x9593
mem[X,0x0000000080000356] -> 0x02D5
[213] [M]: 0x0000000080000354 (0x02D59593) slli x11, x11, 0x2d                      inst_19+8
x11 <- 0x0000200000000000

clint mtime 0x000000000000006B (mip.MTI <- 0b1, mip.STI <- 0b0)
mem[X,0x0000000080000358] -> 0xC593
mem[X,0x000000008000035A] -> 0xFFF5
[214] [M]: 0x0000000080000358 (0xFFF5C593) xori x11, x11, -0x1                      inst_19+12
x11 <- 0xFFFFDFFFFFFFFFFF

mem[X,0x000000008000035C] -> 0x9633
mem[X,0x000000008000035E] -> 0x0AB6
[215] [M]: 0x000000008000035C (0x0AB69633) clmul x12, x13, x11                      inst_19+16
x12 <- 0x55D54AAAAAAAA955

clint mtime 0x000000000000006C (mip.MTI <- 0b1, mip.STI <- 0b0)
mem[X,0x0000000080000360] -> 0xBC23
mem[X,0x0000000080000362] -> 0x08C0
[216] [M]: 0x0000000080000360 (0x08C0BC23) sd x12, 0x98(x1)                         inst_19+20
mem[W,0x00000000800041B0] <- 0x55D54AAAAAAAA955

mem[X,0x0000000080000364] -> 0x0513
mem[X,0x0000000080000366] -> 0xBFF0
[217] [M]: 0x0000000080000364 (0xBFF00513) addi x10, x0, -0x401                     inst_20+0
x10 <- 0xFFFFFFFFFFFFFBFF

clint mtime 0x000000000000006D (mip.MTI <- 0b1, mip.STI <- 0b0)
mem[X,0x0000000080000368] -> 0x0613
mem[X,0x000000008000036A] -> 0x0010
[218] [M]: 0x0000000080000368 (0x00100613) addi x12, x0, 0x1                        inst_20+4
x12 <- 0x0000000000000001

mem[X,0x000000008000036C] -> 0x1613
mem[X,0x000000008000036E] -> 0x02C6
[219] [M]: 0x000000008000036C (0x02C61613) slli x12, x12, 0x2c                      inst_20+8
x12 <- 0x0000100000000000

clint mtime 0x000000000000006E (mip.MTI <- 0b1, mip.STI <- 0b0)
mem[X,0x0000000080000370] -> 0x4613
mem[X,0x0000000080000372] -> 0xFFF6
[220] [M]: 0x0000000080000370 (0xFFF64613) xori x12, x12, -0x1                      inst_20+12
x12 <- 0xFFFFEFFFFFFFFFFF

mem[X,0x0000000080000374] -> 0x15B3
mem[X,0x0000000080000376] -> 0x0AC5
[221] [M]: 0x0000000080000374 (0x0AC515B3) clmul x11, x10, x12                      inst_20+16
x11 <- 0x55155AAAAAAAA955

clint mtime 0x000000000000006F (mip.MTI <- 0b1, mip.STI <- 0b0)
mem[X,0x0000000080000378] -> 0xB023
mem[X,0x000000008000037A] -> 0x0AB0
[222] [M]: 0x0000000080000378 (0x0AB0B023) sd x11, 0xa0(x1)                         inst_20+20
mem[W,0x00000000800041B8] <- 0x55155AAAAAAAA955

mem[X,0x000000008000037C] -> 0x0593
mem[X,0x000000008000037E] -> 0xBFF0
[223] [M]: 0x000000008000037C (0xBFF00593) addi x11, x0, -0x401                     inst_21+0
x11 <- 0xFFFFFFFFFFFFFBFF

clint mtime 0x0000000000000070 (mip.MTI <- 0b1, mip.STI <- 0b0)
mem[X,0x0000000080000380] -> 0x0493
mem[X,0x0000000080000382] -> 0x0010
[224] [M]: 0x0000000080000380 (0x00100493) addi x9, x0, 0x1                         inst_21+4
x9 <- 0x0000000000000001

mem[X,0x0000000080000384] -> 0x9493
mem[X,0x0000000080000386] -> 0x02B4
[225] [M]: 0x0000000080000384 (0x02B49493) slli x9, x9, 0x2b                        inst_21+8
x9 <- 0x0000080000000000

clint mtime 0x0000000000000071 (mip.MTI <- 0b1, mip.STI <- 0b0)
mem[X,0x0000000080000388] -> 0xC493
mem[X,0x000000008000038A] -> 0xFFF4
[226] [M]: 0x0000000080000388 (0xFFF4C493) xori x9, x9, -0x1                        inst_21+12
x9 <- 0xFFFFF7FFFFFFFFFF

mem[X,0x000000008000038C] -> 0x9533
mem[X,0x000000008000038E] -> 0x0A95
[227] [M]: 0x000000008000038C (0x0A959533) clmul x10, x11, x9                       inst_21+16
x10 <- 0x557552AAAAAAA955

clint mtime 0x0000000000000072 (mip.MTI <- 0b1, mip.STI <- 0b0)
mem[X,0x0000000080000390] -> 0xB423
mem[X,0x0000000080000392] -> 0x0AA0
[228] [M]: 0x0000000080000390 (0x0AA0B423) sd x10, 0xa8(x1)                         inst_21+20
mem[W,0x00000000800041C0] <- 0x557552AAAAAAA955

mem[X,0x0000000080000394] -> 0x0413
mem[X,0x0000000080000396] -> 0xBFF0
[229] [M]: 0x0000000080000394 (0xBFF00413) addi x8, x0, -0x401                      inst_22+0
x8 <- 0xFFFFFFFFFFFFFBFF

clint mtime 0x0000000000000073 (mip.MTI <- 0b1, mip.STI <- 0b0)
mem[X,0x0000000080000398] -> 0x0513
mem[X,0x000000008000039A] -> 0x0010
[230] [M]: 0x0000000080000398 (0x00100513) addi x10, x0, 0x1                        inst_22+4
x10 <- 0x0000000000000001

mem[X,0x000000008000039C] -> 0x1513
mem[X,0x000000008000039E] -> 0x02A5
[231] [M]: 0x000000008000039C (0x02A51513) slli x10, x10, 0x2a                      inst_22+8
x10 <- 0x0000040000000000

clint mtime 0x0000000000000074 (mip.MTI <- 0b1, mip.STI <- 0b0)
mem[X,0x00000000800003A0] -> 0x4513
mem[X,0x00000000800003A2] -> 0xFFF5
[232] [M]: 0x00000000800003A0 (0xFFF54513) xori x10, x10, -0x1                      inst_22+12
x10 <- 0xFFFFFBFFFFFFFFFF

mem[X,0x00000000800003A4] -> 0x14B3
mem[X,0x00000000800003A6] -> 0x0AA4
[233] [M]: 0x00000000800003A4 (0x0AA414B3) clmul x9, x8, x10                        inst_22+16
x9 <- 0x554556AAAAAAA955

clint mtime 0x0000000000000075 (mip.MTI <- 0b1, mip.STI <- 0b0)
mem[X,0x00000000800003A8] -> 0xB823
mem[X,0x00000000800003AA] -> 0x0A90
[234] [M]: 0x00000000800003A8 (0x0A90B823) sd x9, 0xb0(x1)                          inst_22+20
mem[W,0x00000000800041C8] <- 0x554556AAAAAAA955

mem[X,0x00000000800003AC] -> 0x0493
mem[X,0x00000000800003AE] -> 0xBFF0
[235] [M]: 0x00000000800003AC (0xBFF00493) addi x9, x0, -0x401                      inst_23+0
x9 <- 0xFFFFFFFFFFFFFBFF

clint mtime 0x0000000000000076 (mip.MTI <- 0b1, mip.STI <- 0b0)
mem[X,0x00000000800003B0] -> 0x0393
mem[X,0x00000000800003B2] -> 0x0010
[236] [M]: 0x00000000800003B0 (0x00100393) addi x7, x0, 0x1                         inst_23+4
x7 <- 0x0000000000000001

mem[X,0x00000000800003B4] -> 0x9393
mem[X,0x00000000800003B6] -> 0x0293
[237] [M]: 0x00000000800003B4 (0x02939393) slli x7, x7, 0x29                        inst_23+8
x7 <- 0x0000020000000000

clint mtime 0x0000000000000077 (mip.MTI <- 0b1, mip.STI <- 0b0)
mem[X,0x00000000800003B8] -> 0xC393
mem[X,0x00000000800003BA] -> 0xFFF3
[238] [M]: 0x00000000800003B8 (0xFFF3C393) xori x7, x7, -0x1                        inst_23+12
x7 <- 0xFFFFFDFFFFFFFFFF

mem[X,0x00000000800003BC] -> 0x9433
mem[X,0x00000000800003BE] -> 0x0A74
[239] [M]: 0x00000000800003BC (0x0A749433) clmul x8, x9, x7                         inst_23+16
x8 <- 0x555D54AAAAAAA955

clint mtime 0x0000000000000078 (mip.MTI <- 0b1, mip.STI <- 0b0)
mem[X,0x00000000800003C0] -> 0xBC23
mem[X,0x00000000800003C2] -> 0x0A80
[240] [M]: 0x00000000800003C0 (0x0A80BC23) sd x8, 0xb8(x1)                          inst_23+20
mem[W,0x00000000800041D0] <- 0x555D54AAAAAAA955

mem[X,0x00000000800003C4] -> 0x0313
mem[X,0x00000000800003C6] -> 0xBFF0
[241] [M]: 0x00000000800003C4 (0xBFF00313) addi x6, x0, -0x401                      inst_24+0
x6 <- 0xFFFFFFFFFFFFFBFF

clint mtime 0x0000000000000079 (mip.MTI <- 0b1, mip.STI <- 0b0)
mem[X,0x00000000800003C8] -> 0x0413
mem[X,0x00000000800003CA] -> 0x0010
[242] [M]: 0x00000000800003C8 (0x00100413) addi x8, x0, 0x1                         inst_24+4
x8 <- 0x0000000000000001

mem[X,0x00000000800003CC] -> 0x1413
mem[X,0x00000000800003CE] -> 0x0284
[243] [M]: 0x00000000800003CC (0x02841413) slli x8, x8, 0x28                        inst_24+8
x8 <- 0x0000010000000000

clint mtime 0x000000000000007A (mip.MTI <- 0b1, mip.STI <- 0b0)
mem[X,0x00000000800003D0] -> 0x4413
mem[X,0x00000000800003D2] -> 0xFFF4
[244] [M]: 0x00000000800003D0 (0xFFF44413) xori x8, x8, -0x1                        inst_24+12
x8 <- 0xFFFFFEFFFFFFFFFF

mem[X,0x00000000800003D4] -> 0x13B3
mem[X,0x00000000800003D6] -> 0x0A83
[245] [M]: 0x00000000800003D4 (0x0A8313B3) clmul x7, x6, x8                         inst_24+16
x7 <- 0x555155AAAAAAA955

clint mtime 0x000000000000007B (mip.MTI <- 0b1, mip.STI <- 0b0)
mem[X,0x00000000800003D8] -> 0xB023
mem[X,0x00000000800003DA] -> 0x0C70
[246] [M]: 0x00000000800003D8 (0x0C70B023) sd x7, 0xc0(x1)                          inst_24+20
mem[W,0x00000000800041D8] <- 0x555155AAAAAAA955

mem[X,0x00000000800003DC] -> 0x0393
mem[X,0x00000000800003DE] -> 0xBFF0
[247] [M]: 0x00000000800003DC (0xBFF00393) addi x7, x0, -0x401                      inst_25+0
x7 <- 0xFFFFFFFFFFFFFBFF

clint mtime 0x000000000000007C (mip.MTI <- 0b1, mip.STI <- 0b0)
mem[X,0x00000000800003E0] -> 0x0293
mem[X,0x00000000800003E2] -> 0x0010
[248] [M]: 0x00000000800003E0 (0x00100293) addi x5, x0, 0x1                         inst_25+4
x5 <- 0x0000000000000001

mem[X,0x00000000800003E4] -> 0x9293
mem[X,0x00000000800003E6] -> 0x0272
[249] [M]: 0x00000000800003E4 (0x02729293) slli x5, x5, 0x27                        inst_25+8
x5 <- 0x0000008000000000

clint mtime 0x000000000000007D (mip.MTI <- 0b1, mip.STI <- 0b0)
mem[X,0x00000000800003E8] -> 0xC293
mem[X,0x00000000800003EA] -> 0xFFF2
[250] [M]: 0x00000000800003E8 (0xFFF2C293) xori x5, x5, -0x1                        inst_25+12
x5 <- 0xFFFFFF7FFFFFFFFF

mem[X,0x00000000800003EC] -> 0x9333
mem[X,0x00000000800003EE] -> 0x0A53
[251] [M]: 0x00000000800003EC (0x0A539333) clmul x6, x7, x5                         inst_25+16
x6 <- 0x5557552AAAAAA955

clint mtime 0x000000000000007E (mip.MTI <- 0b1, mip.STI <- 0b0)
mem[X,0x00000000800003F0] -> 0xB423
mem[X,0x00000000800003F2] -> 0x0C60
[252] [M]: 0x00000000800003F0 (0x0C60B423) sd x6, 0xc8(x1)                          inst_25+20
mem[W,0x00000000800041E0] <- 0x5557552AAAAAA955

mem[X,0x00000000800003F4] -> 0x0013
mem[X,0x00000000800003F6] -> 0x0000
[253] [M]: 0x00000000800003F4 (0x00000013) addi x0, x0, 0x0                         inst_25+24

clint mtime 0x000000000000007F (mip.MTI <- 0b1, mip.STI <- 0b0)
mem[X,0x00000000800003F8] -> 0x0013
mem[X,0x00000000800003FA] -> 0x0000
[254] [M]: 0x00000000800003F8 (0x00000013) addi x0, x0, 0x0                         inst_25+28

mem[X,0x00000000800003FC] -> 0x0013
mem[X,0x00000000800003FE] -> 0x0000
[255] [M]: 0x00000000800003FC (0x00000013) addi x0, x0, 0x0                         inst_25+32

clint mtime 0x0000000000000080 (mip.MTI <- 0b1, mip.STI <- 0b0)
mem[X,0x0000000080000400] -> 0x4397
mem[X,0x0000000080000402] -> 0x0000
[256] [M]: 0x0000000080000400 (0x00004397) auipc x7, 0x4                            inst_25+36
x7 <- 0x0000000080004400

mem[X,0x0000000080000404] -> 0x8393
mem[X,0x0000000080000406] -> 0xDE83
[257] [M]: 0x0000000080000404 (0xDE838393) addi x7, x7, -0x218                      inst_25+40
x7 <- 0x00000000800041E8

clint mtime 0x0000000000000081 (mip.MTI <- 0b1, mip.STI <- 0b0)
mem[X,0x0000000080000408] -> 0x0001
[258] [M]: 0x0000000080000408 (0x0001) c.nop                                        inst_25+44

mem[X,0x000000008000040A] -> 0x0013
mem[X,0x000000008000040C] -> 0x0000
[259] [M]: 0x000000008000040A (0x00000013) addi x0, x0, 0x0                         inst_25+46

clint mtime 0x0000000000000082 (mip.MTI <- 0b1, mip.STI <- 0b0)
mem[X,0x000000008000040E] -> 0x0013
mem[X,0x0000000080000410] -> 0x0000
[260] [M]: 0x000000008000040E (0x00000013) addi x0, x0, 0x0                         inst_25+50

mem[X,0x0000000080000412] -> 0x0013
mem[X,0x0000000080000414] -> 0x0000
[261] [M]: 0x0000000080000412 (0x00000013) addi x0, x0, 0x0                         inst_25+54

clint mtime 0x0000000000000083 (mip.MTI <- 0b1, mip.STI <- 0b0)
mem[X,0x0000000080000416] -> 0x0013
mem[X,0x0000000080000418] -> 0x0000
[262] [M]: 0x0000000080000416 (0x00000013) addi x0, x0, 0x0                         inst_25+58

mem[X,0x000000008000041A] -> 0x0013
mem[X,0x000000008000041C] -> 0x0000
[263] [M]: 0x000000008000041A (0x00000013) addi x0, x0, 0x0                         inst_25+62

clint mtime 0x0000000000000084 (mip.MTI <- 0b1, mip.STI <- 0b0)
mem[X,0x000000008000041E] -> 0x0001
[264] [M]: 0x000000008000041E (0x0001) c.nop                                        inst_25+66

mem[X,0x0000000080000420] -> 0x0213
mem[X,0x0000000080000422] -> 0xBFF0
[265] [M]: 0x0000000080000420 (0xBFF00213) addi x4, x0, -0x401                      inst_26+0
x4 <- 0xFFFFFFFFFFFFFBFF

clint mtime 0x0000000000000085 (mip.MTI <- 0b1, mip.STI <- 0b0)
mem[X,0x0000000080000424] -> 0x0313
mem[X,0x0000000080000426] -> 0x0010
[266] [M]: 0x0000000080000424 (0x00100313) addi x6, x0, 0x1                         inst_26+4
x6 <- 0x0000000000000001

mem[X,0x0000000080000428] -> 0x1313
mem[X,0x000000008000042A] -> 0x0263
[267] [M]: 0x0000000080000428 (0x02631313) slli x6, x6, 0x26                        inst_26+8
x6 <- 0x0000004000000000

clint mtime 0x0000000000000086 (mip.MTI <- 0b1, mip.STI <- 0b0)
mem[X,0x000000008000042C] -> 0x4313
mem[X,0x000000008000042E] -> 0xFFF3
[268] [M]: 0x000000008000042C (0xFFF34313) xori x6, x6, -0x1                        inst_26+12
x6 <- 0xFFFFFFBFFFFFFFFF

mem[X,0x0000000080000430] -> 0x12B3
mem[X,0x0000000080000432] -> 0x0A62
[269] [M]: 0x0000000080000430 (0x0A6212B3) clmul x5, x4, x6                         inst_26+16
x5 <- 0x5554556AAAAAA955

clint mtime 0x0000000000000087 (mip.MTI <- 0b1, mip.STI <- 0b0)
mem[X,0x0000000080000434] -> 0xB023
mem[X,0x0000000080000436] -> 0x0053
[270] [M]: 0x0000000080000434 (0x0053B023) sd x5, 0x0(x7)                           inst_26+20
mem[W,0x00000000800041E8] <- 0x5554556AAAAAA955

mem[X,0x0000000080000438] -> 0x0293
mem[X,0x000000008000043A] -> 0xBFF0
[271] [M]: 0x0000000080000438 (0xBFF00293) addi x5, x0, -0x401                      inst_27+0
x5 <- 0xFFFFFFFFFFFFFBFF

clint mtime 0x0000000000000088 (mip.MTI <- 0b1, mip.STI <- 0b0)
mem[X,0x000000008000043C] -> 0x0193
mem[X,0x000000008000043E] -> 0x0010
[272] [M]: 0x000000008000043C (0x00100193) addi x3, x0, 0x1                         inst_27+4
x3 <- 0x0000000000000001

mem[X,0x0000000080000440] -> 0x9193
mem[X,0x0000000080000442] -> 0x0251
[273] [M]: 0x0000000080000440 (0x02519193) slli x3, x3, 0x25                        inst_27+8
x3 <- 0x0000002000000000

clint mtime 0x0000000000000089 (mip.MTI <- 0b1, mip.STI <- 0b0)
mem[X,0x0000000080000444] -> 0xC193
mem[X,0x0000000080000446] -> 0xFFF1
[274] [M]: 0x0000000080000444 (0xFFF1C193) xori x3, x3, -0x1                        inst_27+12
x3 <- 0xFFFFFFDFFFFFFFFF

mem[X,0x0000000080000448] -> 0x9233
mem[X,0x000000008000044A] -> 0x0A32
[275] [M]: 0x0000000080000448 (0x0A329233) clmul x4, x5, x3                         inst_27+16
x4 <- 0x5555D54AAAAAA955

clint mtime 0x000000000000008A (mip.MTI <- 0b1, mip.STI <- 0b0)
mem[X,0x000000008000044C] -> 0xB423
mem[X,0x000000008000044E] -> 0x0043
[276] [M]: 0x000000008000044C (0x0043B423) sd x4, 0x8(x7)                           inst_27+20
mem[W,0x00000000800041F0] <- 0x5555D54AAAAAA955

mem[X,0x0000000080000450] -> 0x0113
mem[X,0x0000000080000452] -> 0xBFF0
[277] [M]: 0x0000000080000450 (0xBFF00113) addi x2, x0, -0x401                      inst_28+0
x2 <- 0xFFFFFFFFFFFFFBFF

clint mtime 0x000000000000008B (mip.MTI <- 0b1, mip.STI <- 0b0)
mem[X,0x0000000080000454] -> 0x0213
mem[X,0x0000000080000456] -> 0x0010
[278] [M]: 0x0000000080000454 (0x00100213) addi x4, x0, 0x1                         inst_28+4
x4 <- 0x0000000000000001

mem[X,0x0000000080000458] -> 0x1213
mem[X,0x000000008000045A] -> 0x0242
[279] [M]: 0x0000000080000458 (0x02421213) slli x4, x4, 0x24                        inst_28+8
x4 <- 0x0000001000000000

clint mtime 0x000000000000008C (mip.MTI <- 0b1, mip.STI <- 0b0)
mem[X,0x000000008000045C] -> 0x4213
mem[X,0x000000008000045E] -> 0xFFF2
[280] [M]: 0x000000008000045C (0xFFF24213) xori x4, x4, -0x1                        inst_28+12
x4 <- 0xFFFFFFEFFFFFFFFF

mem[X,0x0000000080000460] -> 0x11B3
mem[X,0x0000000080000462] -> 0x0A41
[281] [M]: 0x0000000080000460 (0x0A4111B3) clmul x3, x2, x4                         inst_28+16
x3 <- 0x5555155AAAAAA955

clint mtime 0x000000000000008D (mip.MTI <- 0b1, mip.STI <- 0b0)
mem[X,0x0000000080000464] -> 0xB823
mem[X,0x0000000080000466] -> 0x0033
[282] [M]: 0x0000000080000464 (0x0033B823) sd x3, 0x10(x7)                          inst_28+20
mem[W,0x00000000800041F8] <- 0x5555155AAAAAA955

mem[X,0x0000000080000468] -> 0x0193
mem[X,0x000000008000046A] -> 0xBFF0
[283] [M]: 0x0000000080000468 (0xBFF00193) addi x3, x0, -0x401                      inst_29+0
x3 <- 0xFFFFFFFFFFFFFBFF

clint mtime 0x000000000000008E (mip.MTI <- 0b1, mip.STI <- 0b0)
mem[X,0x000000008000046C] -> 0x0093
mem[X,0x000000008000046E] -> 0x0010
[284] [M]: 0x000000008000046C (0x00100093) addi x1, x0, 0x1                         inst_29+4
x1 <- 0x0000000000000001

mem[X,0x0000000080000470] -> 0x9093
mem[X,0x0000000080000472] -> 0x0230
[285] [M]: 0x0000000080000470 (0x02309093) slli x1, x1, 0x23                        inst_29+8
x1 <- 0x0000000800000000

clint mtime 0x000000000000008F (mip.MTI <- 0b1, mip.STI <- 0b0)
mem[X,0x0000000080000474] -> 0xC093
mem[X,0x0000000080000476] -> 0xFFF0
[286] [M]: 0x0000000080000474 (0xFFF0C093) xori x1, x1, -0x1                        inst_29+12
x1 <- 0xFFFFFFF7FFFFFFFF

mem[X,0x0000000080000478] -> 0x9133
mem[X,0x000000008000047A] -> 0x0A11
[287] [M]: 0x0000000080000478 (0x0A119133) clmul x2, x3, x1                         inst_29+16
x2 <- 0x55557552AAAAA955

clint mtime 0x0000000000000090 (mip.MTI <- 0b1, mip.STI <- 0b0)
mem[X,0x000000008000047C] -> 0xBC23
mem[X,0x000000008000047E] -> 0x0023
[288] [M]: 0x000000008000047C (0x0023BC23) sd x2, 0x18(x7)                          inst_29+20
mem[W,0x0000000080004200] <- 0x55557552AAAAA955

mem[X,0x0000000080000480] -> 0x0013
mem[X,0x0000000080000482] -> 0x0000
[289] [M]: 0x0000000080000480 (0x00000013) addi x0, x0, 0x0                         inst_30+0

clint mtime 0x0000000000000091 (mip.MTI <- 0b1, mip.STI <- 0b0)
mem[X,0x0000000080000484] -> 0x0113
mem[X,0x0000000080000486] -> 0x0010
[290] [M]: 0x0000000080000484 (0x00100113) addi x2, x0, 0x1                         inst_30+4
x2 <- 0x0000000000000001

mem[X,0x0000000080000488] -> 0x1113
mem[X,0x000000008000048A] -> 0x0221
[291] [M]: 0x0000000080000488 (0x02211113) slli x2, x2, 0x22                        inst_30+8
x2 <- 0x0000000400000000

clint mtime 0x0000000000000092 (mip.MTI <- 0b1, mip.STI <- 0b0)
mem[X,0x000000008000048C] -> 0x4113
mem[X,0x000000008000048E] -> 0xFFF1
[292] [M]: 0x000000008000048C (0xFFF14113) xori x2, x2, -0x1                        inst_30+12
x2 <- 0xFFFFFFFBFFFFFFFF

mem[X,0x0000000080000490] -> 0x10B3
mem[X,0x0000000080000492] -> 0x0A20
[293] [M]: 0x0000000080000490 (0x0A2010B3) clmul x1, x0, x2                         inst_30+16
x1 <- 0x0000000000000000

clint mtime 0x0000000000000093 (mip.MTI <- 0b1, mip.STI <- 0b0)
mem[X,0x0000000080000494] -> 0xB023
mem[X,0x0000000080000496] -> 0x0213
[294] [M]: 0x0000000080000494 (0x0213B023) sd x1, 0x20(x7)                          inst_30+20
mem[W,0x0000000080004208] <- 0x0000000000000000

mem[X,0x0000000080000498] -> 0x0093
mem[X,0x000000008000049A] -> 0xBFF0
[295] [M]: 0x0000000080000498 (0xBFF00093) addi x1, x0, -0x401                      inst_31+0
x1 <- 0xFFFFFFFFFFFFFBFF

clint mtime 0x0000000000000094 (mip.MTI <- 0b1, mip.STI <- 0b0)
mem[X,0x000000008000049C] -> 0x0F13
mem[X,0x000000008000049E] -> 0x0010
[296] [M]: 0x000000008000049C (0x00100F13) addi x30, x0, 0x1                        inst_31+4
x30 <- 0x0000000000000001

mem[X,0x00000000800004A0] -> 0x1F13
mem[X,0x00000000800004A2] -> 0x021F
[297] [M]: 0x00000000800004A0 (0x021F1F13) slli x30, x30, 0x21                      inst_31+8
x30 <- 0x0000000200000000

clint mtime 0x0000000000000095 (mip.MTI <- 0b1, mip.STI <- 0b0)
mem[X,0x00000000800004A4] -> 0x4F13
mem[X,0x00000000800004A6] -> 0xFFFF
[298] [M]: 0x00000000800004A4 (0xFFFF4F13) xori x30, x30, -0x1                      inst_31+12
x30 <- 0xFFFFFFFDFFFFFFFF

mem[X,0x00000000800004A8] -> 0x9FB3
mem[X,0x00000000800004AA] -> 0x0BE0
[299] [M]: 0x00000000800004A8 (0x0BE09FB3) clmul x31, x1, x30                       inst_31+16
x31 <- 0x55555D54AAAAA955

clint mtime 0x0000000000000096 (mip.MTI <- 0b1, mip.STI <- 0b0)
mem[X,0x00000000800004AC] -> 0xB423
mem[X,0x00000000800004AE] -> 0x03F3
[300] [M]: 0x00000000800004AC (0x03F3B423) sd x31, 0x28(x7)                         inst_31+20
mem[W,0x0000000080004210] <- 0x55555D54AAAAA955

mem[X,0x00000000800004B0] -> 0x0F13
mem[X,0x00000000800004B2] -> 0xBFF0
[301] [M]: 0x00000000800004B0 (0xBFF00F13) addi x30, x0, -0x401                     inst_32+0
x30 <- 0xFFFFFFFFFFFFFBFF

clint mtime 0x0000000000000097 (mip.MTI <- 0b1, mip.STI <- 0b0)
mem[X,0x00000000800004B4] -> 0x0013
mem[X,0x00000000800004B6] -> 0x0000
[302] [M]: 0x00000000800004B4 (0x00000013) addi x0, x0, 0x0                         inst_32+4

mem[X,0x00000000800004B8] -> 0x1FB3
mem[X,0x00000000800004BA] -> 0x0A0F
[303] [M]: 0x00000000800004B8 (0x0A0F1FB3) clmul x31, x30, x0                       inst_32+8
x31 <- 0x0000000000000000

clint mtime 0x0000000000000098 (mip.MTI <- 0b1, mip.STI <- 0b0)
mem[X,0x00000000800004BC] -> 0xB823
mem[X,0x00000000800004BE] -> 0x03F3
[304] [M]: 0x00000000800004BC (0x03F3B823) sd x31, 0x30(x7)                         inst_32+12
mem[W,0x0000000080004218] <- 0x0000000000000000

mem[X,0x00000000800004C0] -> 0x0F93
mem[X,0x00000000800004C2] -> 0xBFF0
[305] [M]: 0x00000000800004C0 (0xBFF00F93) addi x31, x0, -0x401                     inst_33+0
x31 <- 0xFFFFFFFFFFFFFBFF

clint mtime 0x0000000000000099 (mip.MTI <- 0b1, mip.STI <- 0b0)
mem[X,0x00000000800004C4] -> 0x0F13
mem[X,0x00000000800004C6] -> 0x0010
[306] [M]: 0x00000000800004C4 (0x00100F13) addi x30, x0, 0x1                        inst_33+4
x30 <- 0x0000000000000001

mem[X,0x00000000800004C8] -> 0x1F13
mem[X,0x00000000800004CA] -> 0x01FF
[307] [M]: 0x00000000800004C8 (0x01FF1F13) slli x30, x30, 0x1f                      inst_33+8
x30 <- 0x0000000080000000

clint mtime 0x000000000000009A (mip.MTI <- 0b1, mip.STI <- 0b0)
mem[X,0x00000000800004CC] -> 0x4F13
mem[X,0x00000000800004CE] -> 0xFFFF
[308] [M]: 0x00000000800004CC (0xFFFF4F13) xori x30, x30, -0x1                      inst_33+12
x30 <- 0xFFFFFFFF7FFFFFFF

mem[X,0x00000000800004D0] -> 0x9033
mem[X,0x00000000800004D2] -> 0x0BEF
[309] [M]: 0x00000000800004D0 (0x0BEF9033) clmul x0, x31, x30                       inst_33+16

clint mtime 0x000000000000009B (mip.MTI <- 0b1, mip.STI <- 0b0)
mem[X,0x00000000800004D4] -> 0xBC23
mem[X,0x00000000800004D6] -> 0x0203
[310] [M]: 0x00000000800004D4 (0x0203BC23) sd x0, 0x38(x7)                          inst_33+20
mem[W,0x0000000080004220] <- 0x0000000000000000

mem[X,0x00000000800004D8] -> 0x0F13
mem[X,0x00000000800004DA] -> 0xBFF0
[311] [M]: 0x00000000800004D8 (0xBFF00F13) addi x30, x0, -0x401                     inst_34+0
x30 <- 0xFFFFFFFFFFFFFBFF

clint mtime 0x000000000000009C (mip.MTI <- 0b1, mip.STI <- 0b0)
mem[X,0x00000000800004DC] -> 0x0E93
mem[X,0x00000000800004DE] -> 0x0010
[312] [M]: 0x00000000800004DC (0x00100E93) addi x29, x0, 0x1                        inst_34+4
x29 <- 0x0000000000000001

mem[X,0x00000000800004E0] -> 0x9E93
mem[X,0x00000000800004E2] -> 0x01EE
[313] [M]: 0x00000000800004E0 (0x01EE9E93) slli x29, x29, 0x1e                      inst_34+8
x29 <- 0x0000000040000000

clint mtime 0x000000000000009D (mip.MTI <- 0b1, mip.STI <- 0b0)
mem[X,0x00000000800004E4] -> 0xCE93
mem[X,0x00000000800004E6] -> 0xFFFE
[314] [M]: 0x00000000800004E4 (0xFFFECE93) xori x29, x29, -0x1                      inst_34+12
x29 <- 0xFFFFFFFFBFFFFFFF

mem[X,0x00000000800004E8] -> 0x1FB3
mem[X,0x00000000800004EA] -> 0x0BDF
[315] [M]: 0x00000000800004E8 (0x0BDF1FB3) clmul x31, x30, x29                      inst_34+16
x31 <- 0x555554556AAAA955

clint mtime 0x000000000000009E (mip.MTI <- 0b1, mip.STI <- 0b0)
mem[X,0x00000000800004EC] -> 0xB023
mem[X,0x00000000800004EE] -> 0x05F3
[316] [M]: 0x00000000800004EC (0x05F3B023) sd x31, 0x40(x7)                         inst_34+20
mem[W,0x0000000080004228] <- 0x555554556AAAA955

mem[X,0x00000000800004F0] -> 0x0F13
mem[X,0x00000000800004F2] -> 0xBFF0
[317] [M]: 0x00000000800004F0 (0xBFF00F13) addi x30, x0, -0x401                     inst_35+0
x30 <- 0xFFFFFFFFFFFFFBFF

clint mtime 0x000000000000009F (mip.MTI <- 0b1, mip.STI <- 0b0)
mem[X,0x00000000800004F4] -> 0x0E93
mem[X,0x00000000800004F6] -> 0x0010
[318] [M]: 0x00000000800004F4 (0x00100E93) addi x29, x0, 0x1                        inst_35+4
x29 <- 0x0000000000000001

mem[X,0x00000000800004F8] -> 0x9E93
mem[X,0x00000000800004FA] -> 0x01DE
[319] [M]: 0x00000000800004F8 (0x01DE9E93) slli x29, x29, 0x1d                      inst_35+8
x29 <- 0x0000000020000000

clint mtime 0x00000000000000A0 (mip.MTI <- 0b1, mip.STI <- 0b0)
mem[X,0x00000000800004FC] -> 0xCE93
mem[X,0x00000000800004FE] -> 0xFFFE
[320] [M]: 0x00000000800004FC (0xFFFECE93) xori x29, x29, -0x1                      inst_35+12
x29 <- 0xFFFFFFFFDFFFFFFF

mem[X,0x0000000080000500] -> 0x1FB3
mem[X,0x0000000080000502] -> 0x0BDF
[321] [M]: 0x0000000080000500 (0x0BDF1FB3) clmul x31, x30, x29                      inst_35+16
x31 <- 0x555555D54AAAA955

clint mtime 0x00000000000000A1 (mip.MTI <- 0b1, mip.STI <- 0b0)
mem[X,0x0000000080000504] -> 0xB423
mem[X,0x0000000080000506] -> 0x05F3
[322] [M]: 0x0000000080000504 (0x05F3B423) sd x31, 0x48(x7)                         inst_35+20
mem[W,0x0000000080004230] <- 0x555555D54AAAA955

mem[X,0x0000000080000508] -> 0x0F13
mem[X,0x000000008000050A] -> 0xBFF0
[323] [M]: 0x0000000080000508 (0xBFF00F13) addi x30, x0, -0x401                     inst_36+0
x30 <- 0xFFFFFFFFFFFFFBFF

clint mtime 0x00000000000000A2 (mip.MTI <- 0b1, mip.STI <- 0b0)
mem[X,0x000000008000050C] -> 0x0E93
mem[X,0x000000008000050E] -> 0x0010
[324] [M]: 0x000000008000050C (0x00100E93) addi x29, x0, 0x1                        inst_36+4
x29 <- 0x0000000000000001

mem[X,0x0000000080000510] -> 0x9E93
mem[X,0x0000000080000512] -> 0x01CE
[325] [M]: 0x0000000080000510 (0x01CE9E93) slli x29, x29, 0x1c                      inst_36+8
x29 <- 0x0000000010000000

clint mtime 0x00000000000000A3 (mip.MTI <- 0b1, mip.STI <- 0b0)
mem[X,0x0000000080000514] -> 0xCE93
mem[X,0x0000000080000516] -> 0xFFFE
[326] [M]: 0x0000000080000514 (0xFFFECE93) xori x29, x29, -0x1                      inst_36+12
x29 <- 0xFFFFFFFFEFFFFFFF

mem[X,0x0000000080000518] -> 0x1FB3
mem[X,0x000000008000051A] -> 0x0BDF
[327] [M]: 0x0000000080000518 (0x0BDF1FB3) clmul x31, x30, x29                      inst_36+16
x31 <- 0x555555155AAAA955

clint mtime 0x00000000000000A4 (mip.MTI <- 0b1, mip.STI <- 0b0)
mem[X,0x000000008000051C] -> 0xB823
mem[X,0x000000008000051E] -> 0x05F3
[328] [M]: 0x000000008000051C (0x05F3B823) sd x31, 0x50(x7)                         inst_36+20
mem[W,0x0000000080004238] <- 0x555555155AAAA955

mem[X,0x0000000080000520] -> 0x0F13
mem[X,0x0000000080000522] -> 0xBFF0
[329] [M]: 0x0000000080000520 (0xBFF00F13) addi x30, x0, -0x401                     inst_37+0
x30 <- 0xFFFFFFFFFFFFFBFF

clint mtime 0x00000000000000A5 (mip.MTI <- 0b1, mip.STI <- 0b0)
mem[X,0x0000000080000524] -> 0x0E93
mem[X,0x0000000080000526] -> 0x0010
[330] [M]: 0x0000000080000524 (0x00100E93) addi x29, x0, 0x1                        inst_37+4
x29 <- 0x0000000000000001

mem[X,0x0000000080000528] -> 0x9E93
mem[X,0x000000008000052A] -> 0x01BE
[331] [M]: 0x0000000080000528 (0x01BE9E93) slli x29, x29, 0x1b                      inst_37+8
x29 <- 0x0000000008000000

clint mtime 0x00000000000000A6 (mip.MTI <- 0b1, mip.STI <- 0b0)
mem[X,0x000000008000052C] -> 0xCE93
mem[X,0x000000008000052E] -> 0xFFFE
[332] [M]: 0x000000008000052C (0xFFFECE93) xori x29, x29, -0x1                      inst_37+12
x29 <- 0xFFFFFFFFF7FFFFFF

mem[X,0x0000000080000530] -> 0x1FB3
mem[X,0x0000000080000532] -> 0x0BDF
[333] [M]: 0x0000000080000530 (0x0BDF1FB3) clmul x31, x30, x29                      inst_37+16
x31 <- 0x5555557552AAA955

clint mtime 0x00000000000000A7 (mip.MTI <- 0b1, mip.STI <- 0b0)
mem[X,0x0000000080000534] -> 0xBC23
mem[X,0x0000000080000536] -> 0x05F3
[334] [M]: 0x0000000080000534 (0x05F3BC23) sd x31, 0x58(x7)                         inst_37+20
mem[W,0x0000000080004240] <- 0x5555557552AAA955

mem[X,0x0000000080000538] -> 0x0F13
mem[X,0x000000008000053A] -> 0xBFF0
[335] [M]: 0x0000000080000538 (0xBFF00F13) addi x30, x0, -0x401                     inst_38+0
x30 <- 0xFFFFFFFFFFFFFBFF

clint mtime 0x00000000000000A8 (mip.MTI <- 0b1, mip.STI <- 0b0)
mem[X,0x000000008000053C] -> 0x0E93
mem[X,0x000000008000053E] -> 0x0010
[336] [M]: 0x000000008000053C (0x00100E93) addi x29, x0, 0x1                        inst_38+4
x29 <- 0x0000000000000001

mem[X,0x0000000080000540] -> 0x9E93
mem[X,0x0000000080000542] -> 0x01AE
[337] [M]: 0x0000000080000540 (0x01AE9E93) slli x29, x29, 0x1a                      inst_38+8
x29 <- 0x0000000004000000

clint mtime 0x00000000000000A9 (mip.MTI <- 0b1, mip.STI <- 0b0)
mem[X,0x0000000080000544] -> 0xCE93
mem[X,0x0000000080000546] -> 0xFFFE
[338] [M]: 0x0000000080000544 (0xFFFECE93) xori x29, x29, -0x1                      inst_38+12
x29 <- 0xFFFFFFFFFBFFFFFF

mem[X,0x0000000080000548] -> 0x1FB3
mem[X,0x000000008000054A] -> 0x0BDF
[339] [M]: 0x0000000080000548 (0x0BDF1FB3) clmul x31, x30, x29                      inst_38+16
x31 <- 0x5555554556AAA955

clint mtime 0x00000000000000AA (mip.MTI <- 0b1, mip.STI <- 0b0)
mem[X,0x000000008000054C] -> 0xB023
mem[X,0x000000008000054E] -> 0x07F3
[340] [M]: 0x000000008000054C (0x07F3B023) sd x31, 0x60(x7)                         inst_38+20
mem[W,0x0000000080004248] <- 0x5555554556AAA955

mem[X,0x0000000080000550] -> 0x0F13
mem[X,0x0000000080000552] -> 0xBFF0
[341] [M]: 0x0000000080000550 (0xBFF00F13) addi x30, x0, -0x401                     inst_39+0
x30 <- 0xFFFFFFFFFFFFFBFF

clint mtime 0x00000000000000AB (mip.MTI <- 0b1, mip.STI <- 0b0)
mem[X,0x0000000080000554] -> 0x0E93
mem[X,0x0000000080000556] -> 0x0010
[342] [M]: 0x0000000080000554 (0x00100E93) addi x29, x0, 0x1                        inst_39+4
x29 <- 0x0000000000000001

mem[X,0x0000000080000558] -> 0x9E93
mem[X,0x000000008000055A] -> 0x019E
[343] [M]: 0x0000000080000558 (0x019E9E93) slli x29, x29, 0x19                      inst_39+8
x29 <- 0x0000000002000000

clint mtime 0x00000000000000AC (mip.MTI <- 0b1, mip.STI <- 0b0)
mem[X,0x000000008000055C] -> 0xCE93
mem[X,0x000000008000055E] -> 0xFFFE
[344] [M]: 0x000000008000055C (0xFFFECE93) xori x29, x29, -0x1                      inst_39+12
x29 <- 0xFFFFFFFFFDFFFFFF

mem[X,0x0000000080000560] -> 0x1FB3
mem[X,0x0000000080000562] -> 0x0BDF
[345] [M]: 0x0000000080000560 (0x0BDF1FB3) clmul x31, x30, x29                      inst_39+16
x31 <- 0x5555555D54AAA955

clint mtime 0x00000000000000AD (mip.MTI <- 0b1, mip.STI <- 0b0)
mem[X,0x0000000080000564] -> 0xB423
mem[X,0x0000000080000566] -> 0x07F3
[346] [M]: 0x0000000080000564 (0x07F3B423) sd x31, 0x68(x7)                         inst_39+20
mem[W,0x0000000080004250] <- 0x5555555D54AAA955

mem[X,0x0000000080000568] -> 0x0F13
mem[X,0x000000008000056A] -> 0xBFF0
[347] [M]: 0x0000000080000568 (0xBFF00F13) addi x30, x0, -0x401                     inst_40+0
x30 <- 0xFFFFFFFFFFFFFBFF

clint mtime 0x00000000000000AE (mip.MTI <- 0b1, mip.STI <- 0b0)
mem[X,0x000000008000056C] -> 0x0E93
mem[X,0x000000008000056E] -> 0x0010
[348] [M]: 0x000000008000056C (0x00100E93) addi x29, x0, 0x1                        inst_40+4
x29 <- 0x0000000000000001

mem[X,0x0000000080000570] -> 0x9E93
mem[X,0x0000000080000572] -> 0x018E
[349] [M]: 0x0000000080000570 (0x018E9E93) slli x29, x29, 0x18                      inst_40+8
x29 <- 0x0000000001000000

clint mtime 0x00000000000000AF (mip.MTI <- 0b1, mip.STI <- 0b0)
mem[X,0x0000000080000574] -> 0xCE93
mem[X,0x0000000080000576] -> 0xFFFE
[350] [M]: 0x0000000080000574 (0xFFFECE93) xori x29, x29, -0x1                      inst_40+12
x29 <- 0xFFFFFFFFFEFFFFFF

mem[X,0x0000000080000578] -> 0x1FB3
mem[X,0x000000008000057A] -> 0x0BDF
[351] [M]: 0x0000000080000578 (0x0BDF1FB3) clmul x31, x30, x29                      inst_40+16
x31 <- 0x5555555155AAA955

clint mtime 0x00000000000000B0 (mip.MTI <- 0b1, mip.STI <- 0b0)
mem[X,0x000000008000057C] -> 0xB823
mem[X,0x000000008000057E] -> 0x07F3
[352] [M]: 0x000000008000057C (0x07F3B823) sd x31, 0x70(x7)                         inst_40+20
mem[W,0x0000000080004258] <- 0x5555555155AAA955

mem[X,0x0000000080000580] -> 0x0F13
mem[X,0x0000000080000582] -> 0xBFF0
[353] [M]: 0x0000000080000580 (0xBFF00F13) addi x30, x0, -0x401                     inst_41+0
x30 <- 0xFFFFFFFFFFFFFBFF

clint mtime 0x00000000000000B1 (mip.MTI <- 0b1, mip.STI <- 0b0)
mem[X,0x0000000080000584] -> 0x0E93
mem[X,0x0000000080000586] -> 0x0010
[354] [M]: 0x0000000080000584 (0x00100E93) addi x29, x0, 0x1                        inst_41+4
x29 <- 0x0000000000000001

mem[X,0x0000000080000588] -> 0x9E93
mem[X,0x000000008000058A] -> 0x017E
[355] [M]: 0x0000000080000588 (0x017E9E93) slli x29, x29, 0x17                      inst_41+8
x29 <- 0x0000000000800000

clint mtime 0x00000000000000B2 (mip.MTI <- 0b1, mip.STI <- 0b0)
mem[X,0x000000008000058C] -> 0xCE93
mem[X,0x000000008000058E] -> 0xFFFE
[356] [M]: 0x000000008000058C (0xFFFECE93) xori x29, x29, -0x1                      inst_41+12
x29 <- 0xFFFFFFFFFF7FFFFF

mem[X,0x0000000080000590] -> 0x1FB3
mem[X,0x0000000080000592] -> 0x0BDF
[357] [M]: 0x0000000080000590 (0x0BDF1FB3) clmul x31, x30, x29                      inst_41+16
x31 <- 0x55555557552AA955

clint mtime 0x00000000000000B3 (mip.MTI <- 0b1, mip.STI <- 0b0)
mem[X,0x0000000080000594] -> 0xBC23
mem[X,0x0000000080000596] -> 0x07F3
[358] [M]: 0x0000000080000594 (0x07F3BC23) sd x31, 0x78(x7)                         inst_41+20
mem[W,0x0000000080004260] <- 0x55555557552AA955

mem[X,0x0000000080000598] -> 0x0F13
mem[X,0x000000008000059A] -> 0xBFF0
[359] [M]: 0x0000000080000598 (0xBFF00F13) addi x30, x0, -0x401                     inst_42+0
x30 <- 0xFFFFFFFFFFFFFBFF

clint mtime 0x00000000000000B4 (mip.MTI <- 0b1, mip.STI <- 0b0)
mem[X,0x000000008000059C] -> 0x0E93
mem[X,0x000000008000059E] -> 0x0010
[360] [M]: 0x000000008000059C (0x00100E93) addi x29, x0, 0x1                        inst_42+4
x29 <- 0x0000000000000001

mem[X,0x00000000800005A0] -> 0x9E93
mem[X,0x00000000800005A2] -> 0x016E
[361] [M]: 0x00000000800005A0 (0x016E9E93) slli x29, x29, 0x16                      inst_42+8
x29 <- 0x0000000000400000

clint mtime 0x00000000000000B5 (mip.MTI <- 0b1, mip.STI <- 0b0)
mem[X,0x00000000800005A4] -> 0xCE93
mem[X,0x00000000800005A6] -> 0xFFFE
[362] [M]: 0x00000000800005A4 (0xFFFECE93) xori x29, x29, -0x1                      inst_42+12
x29 <- 0xFFFFFFFFFFBFFFFF

mem[X,0x00000000800005A8] -> 0x1FB3
mem[X,0x00000000800005AA] -> 0x0BDF
[363] [M]: 0x00000000800005A8 (0x0BDF1FB3) clmul x31, x30, x29                      inst_42+16
x31 <- 0x55555554556AA955

clint mtime 0x00000000000000B6 (mip.MTI <- 0b1, mip.STI <- 0b0)
mem[X,0x00000000800005AC] -> 0xB023
mem[X,0x00000000800005AE] -> 0x09F3
[364] [M]: 0x00000000800005AC (0x09F3B023) sd x31, 0x80(x7)                         inst_42+20
mem[W,0x0000000080004268] <- 0x55555554556AA955

mem[X,0x00000000800005B0] -> 0x0F13
mem[X,0x00000000800005B2] -> 0xBFF0
[365] [M]: 0x00000000800005B0 (0xBFF00F13) addi x30, x0, -0x401                     inst_43+0
x30 <- 0xFFFFFFFFFFFFFBFF

clint mtime 0x00000000000000B7 (mip.MTI <- 0b1, mip.STI <- 0b0)
mem[X,0x00000000800005B4] -> 0x0E93
mem[X,0x00000000800005B6] -> 0x0010
[366] [M]: 0x00000000800005B4 (0x00100E93) addi x29, x0, 0x1                        inst_43+4
x29 <- 0x0000000000000001

mem[X,0x00000000800005B8] -> 0x9E93
mem[X,0x00000000800005BA] -> 0x015E
[367] [M]: 0x00000000800005B8 (0x015E9E93) slli x29, x29, 0x15                      inst_43+8
x29 <- 0x0000000000200000

clint mtime 0x00000000000000B8 (mip.MTI <- 0b1, mip.STI <- 0b0)
mem[X,0x00000000800005BC] -> 0xCE93
mem[X,0x00000000800005BE] -> 0xFFFE
[368] [M]: 0x00000000800005BC (0xFFFECE93) xori x29, x29, -0x1                      inst_43+12
x29 <- 0xFFFFFFFFFFDFFFFF

mem[X,0x00000000800005C0] -> 0x1FB3
mem[X,0x00000000800005C2] -> 0x0BDF
[369] [M]: 0x00000000800005C0 (0x0BDF1FB3) clmul x31, x30, x29                      inst_43+16
x31 <- 0x55555555D54AA955

clint mtime 0x00000000000000B9 (mip.MTI <- 0b1, mip.STI <- 0b0)
mem[X,0x00000000800005C4] -> 0xB423
mem[X,0x00000000800005C6] -> 0x09F3
[370] [M]: 0x00000000800005C4 (0x09F3B423) sd x31, 0x88(x7)                         inst_43+20
mem[W,0x0000000080004270] <- 0x55555555D54AA955

mem[X,0x00000000800005C8] -> 0x0F13
mem[X,0x00000000800005CA] -> 0xBFF0
[371] [M]: 0x00000000800005C8 (0xBFF00F13) addi x30, x0, -0x401                     inst_44+0
x30 <- 0xFFFFFFFFFFFFFBFF

clint mtime 0x00000000000000BA (mip.MTI <- 0b1, mip.STI <- 0b0)
mem[X,0x00000000800005CC] -> 0x0E93
mem[X,0x00000000800005CE] -> 0x0010
[372] [M]: 0x00000000800005CC (0x00100E93) addi x29, x0, 0x1                        inst_44+4
x29 <- 0x0000000000000001

mem[X,0x00000000800005D0] -> 0x9E93
mem[X,0x00000000800005D2] -> 0x014E
[373] [M]: 0x00000000800005D0 (0x014E9E93) slli x29, x29, 0x14                      inst_44+8
x29 <- 0x0000000000100000

clint mtime 0x00000000000000BB (mip.MTI <- 0b1, mip.STI <- 0b0)
mem[X,0x00000000800005D4] -> 0xCE93
mem[X,0x00000000800005D6] -> 0xFFFE
[374] [M]: 0x00000000800005D4 (0xFFFECE93) xori x29, x29, -0x1                      inst_44+12
x29 <- 0xFFFFFFFFFFEFFFFF

mem[X,0x00000000800005D8] -> 0x1FB3
mem[X,0x00000000800005DA] -> 0x0BDF
[375] [M]: 0x00000000800005D8 (0x0BDF1FB3) clmul x31, x30, x29                      inst_44+16
x31 <- 0x55555555155AA955

clint mtime 0x00000000000000BC (mip.MTI <- 0b1, mip.STI <- 0b0)
mem[X,0x00000000800005DC] -> 0xB823
mem[X,0x00000000800005DE] -> 0x09F3
[376] [M]: 0x00000000800005DC (0x09F3B823) sd x31, 0x90(x7)                         inst_44+20
mem[W,0x0000000080004278] <- 0x55555555155AA955

mem[X,0x00000000800005E0] -> 0x0F13
mem[X,0x00000000800005E2] -> 0xBFF0
[377] [M]: 0x00000000800005E0 (0xBFF00F13) addi x30, x0, -0x401                     inst_45+0
x30 <- 0xFFFFFFFFFFFFFBFF

clint mtime 0x00000000000000BD (mip.MTI <- 0b1, mip.STI <- 0b0)
mem[X,0x00000000800005E4] -> 0x0E93
mem[X,0x00000000800005E6] -> 0x0010
[378] [M]: 0x00000000800005E4 (0x00100E93) addi x29, x0, 0x1                        inst_45+4
x29 <- 0x0000000000000001

mem[X,0x00000000800005E8] -> 0x9E93
mem[X,0x00000000800005EA] -> 0x013E
[379] [M]: 0x00000000800005E8 (0x013E9E93) slli x29, x29, 0x13                      inst_45+8
x29 <- 0x0000000000080000

clint mtime 0x00000000000000BE (mip.MTI <- 0b1, mip.STI <- 0b0)
mem[X,0x00000000800005EC] -> 0xCE93
mem[X,0x00000000800005EE] -> 0xFFFE
[380] [M]: 0x00000000800005EC (0xFFFECE93) xori x29, x29, -0x1                      inst_45+12
x29 <- 0xFFFFFFFFFFF7FFFF

mem[X,0x00000000800005F0] -> 0x1FB3
mem[X,0x00000000800005F2] -> 0x0BDF
[381] [M]: 0x00000000800005F0 (0x0BDF1FB3) clmul x31, x30, x29                      inst_45+16
x31 <- 0x555555557552A955

clint mtime 0x00000000000000BF (mip.MTI <- 0b1, mip.STI <- 0b0)
mem[X,0x00000000800005F4] -> 0xBC23
mem[X,0x00000000800005F6] -> 0x09F3
[382] [M]: 0x00000000800005F4 (0x09F3BC23) sd x31, 0x98(x7)                         inst_45+20
mem[W,0x0000000080004280] <- 0x555555557552A955

mem[X,0x00000000800005F8] -> 0x0F13
mem[X,0x00000000800005FA] -> 0xBFF0
[383] [M]: 0x00000000800005F8 (0xBFF00F13) addi x30, x0, -0x401                     inst_46+0
x30 <- 0xFFFFFFFFFFFFFBFF

clint mtime 0x00000000000000C0 (mip.MTI <- 0b1, mip.STI <- 0b0)
mem[X,0x00000000800005FC] -> 0x0E93
mem[X,0x00000000800005FE] -> 0x0010
[384] [M]: 0x00000000800005FC (0x00100E93) addi x29, x0, 0x1                        inst_46+4
x29 <- 0x0000000000000001

mem[X,0x0000000080000600] -> 0x9E93
mem[X,0x0000000080000602] -> 0x012E
[385] [M]: 0x0000000080000600 (0x012E9E93) slli x29, x29, 0x12                      inst_46+8
x29 <- 0x0000000000040000

clint mtime 0x00000000000000C1 (mip.MTI <- 0b1, mip.STI <- 0b0)
mem[X,0x0000000080000604] -> 0xCE93
mem[X,0x0000000080000606] -> 0xFFFE
[386] [M]: 0x0000000080000604 (0xFFFECE93) xori x29, x29, -0x1                      inst_46+12
x29 <- 0xFFFFFFFFFFFBFFFF

mem[X,0x0000000080000608] -> 0x1FB3
mem[X,0x000000008000060A] -> 0x0BDF
[387] [M]: 0x0000000080000608 (0x0BDF1FB3) clmul x31, x30, x29                      inst_46+16
x31 <- 0x555555554556A955

clint mtime 0x00000000000000C2 (mip.MTI <- 0b1, mip.STI <- 0b0)
mem[X,0x000000008000060C] -> 0xB023
mem[X,0x000000008000060E] -> 0x0BF3
[388] [M]: 0x000000008000060C (0x0BF3B023) sd x31, 0xa0(x7)                         inst_46+20
mem[W,0x0000000080004288] <- 0x555555554556A955

mem[X,0x0000000080000610] -> 0x0F13
mem[X,0x0000000080000612] -> 0xBFF0
[389] [M]: 0x0000000080000610 (0xBFF00F13) addi x30, x0, -0x401                     inst_47+0
x30 <- 0xFFFFFFFFFFFFFBFF

clint mtime 0x00000000000000C3 (mip.MTI <- 0b1, mip.STI <- 0b0)
mem[X,0x0000000080000614] -> 0x0E93
mem[X,0x0000000080000616] -> 0x0010
[390] [M]: 0x0000000080000614 (0x00100E93) addi x29, x0, 0x1                        inst_47+4
x29 <- 0x0000000000000001

mem[X,0x0000000080000618] -> 0x9E93
mem[X,0x000000008000061A] -> 0x011E
[391] [M]: 0x0000000080000618 (0x011E9E93) slli x29, x29, 0x11                      inst_47+8
x29 <- 0x0000000000020000

clint mtime 0x00000000000000C4 (mip.MTI <- 0b1, mip.STI <- 0b0)
mem[X,0x000000008000061C] -> 0xCE93
mem[X,0x000000008000061E] -> 0xFFFE
[392] [M]: 0x000000008000061C (0xFFFECE93) xori x29, x29, -0x1                      inst_47+12
x29 <- 0xFFFFFFFFFFFDFFFF

mem[X,0x0000000080000620] -> 0x1FB3
mem[X,0x0000000080000622] -> 0x0BDF
[393] [M]: 0x0000000080000620 (0x0BDF1FB3) clmul x31, x30, x29                      inst_47+16
x31 <- 0x555555555D54A955

clint mtime 0x00000000000000C5 (mip.MTI <- 0b1, mip.STI <- 0b0)
mem[X,0x0000000080000624] -> 0xB423
mem[X,0x0000000080000626] -> 0x0BF3
[394] [M]: 0x0000000080000624 (0x0BF3B423) sd x31, 0xa8(x7)                         inst_47+20
mem[W,0x0000000080004290] <- 0x555555555D54A955

mem[X,0x0000000080000628] -> 0x0F13
mem[X,0x000000008000062A] -> 0xBFF0
[395] [M]: 0x0000000080000628 (0xBFF00F13) addi x30, x0, -0x401                     inst_48+0
x30 <- 0xFFFFFFFFFFFFFBFF

clint mtime 0x00000000000000C6 (mip.MTI <- 0b1, mip.STI <- 0b0)
mem[X,0x000000008000062C] -> 0x0E93
mem[X,0x000000008000062E] -> 0x0010
[396] [M]: 0x000000008000062C (0x00100E93) addi x29, x0, 0x1                        inst_48+4
x29 <- 0x0000000000000001

mem[X,0x0000000080000630] -> 0x9E93
mem[X,0x0000000080000632] -> 0x010E
[397] [M]: 0x0000000080000630 (0x010E9E93) slli x29, x29, 0x10                      inst_48+8
x29 <- 0x0000000000010000

clint mtime 0x00000000000000C7 (mip.MTI <- 0b1, mip.STI <- 0b0)
mem[X,0x0000000080000634] -> 0xCE93
mem[X,0x0000000080000636] -> 0xFFFE
[398] [M]: 0x0000000080000634 (0xFFFECE93) xori x29, x29, -0x1                      inst_48+12
x29 <- 0xFFFFFFFFFFFEFFFF

mem[X,0x0000000080000638] -> 0x1FB3
mem[X,0x000000008000063A] -> 0x0BDF
[399] [M]: 0x0000000080000638 (0x0BDF1FB3) clmul x31, x30, x29                      inst_48+16
x31 <- 0x555555555155A955

clint mtime 0x00000000000000C8 (mip.MTI <- 0b1, mip.STI <- 0b0)
mem[X,0x000000008000063C] -> 0xB823
mem[X,0x000000008000063E] -> 0x0BF3
[400] [M]: 0x000000008000063C (0x0BF3B823) sd x31, 0xb0(x7)                         inst_48+20
mem[W,0x0000000080004298] <- 0x555555555155A955

mem[X,0x0000000080000640] -> 0x0F13
mem[X,0x0000000080000642] -> 0xBFF0
[401] [M]: 0x0000000080000640 (0xBFF00F13) addi x30, x0, -0x401                     inst_49+0
x30 <- 0xFFFFFFFFFFFFFBFF

clint mtime 0x00000000000000C9 (mip.MTI <- 0b1, mip.STI <- 0b0)
mem[X,0x0000000080000644] -> 0x0E93
mem[X,0x0000000080000646] -> 0x0010
[402] [M]: 0x0000000080000644 (0x00100E93) addi x29, x0, 0x1                        inst_49+4
x29 <- 0x0000000000000001

mem[X,0x0000000080000648] -> 0x9E93
mem[X,0x000000008000064A] -> 0x00FE
[403] [M]: 0x0000000080000648 (0x00FE9E93) slli x29, x29, 0xf                       inst_49+8
x29 <- 0x0000000000008000

clint mtime 0x00000000000000CA (mip.MTI <- 0b1, mip.STI <- 0b0)
mem[X,0x000000008000064C] -> 0xCE93
mem[X,0x000000008000064E] -> 0xFFFE
[404] [M]: 0x000000008000064C (0xFFFECE93) xori x29, x29, -0x1                      inst_49+12
x29 <- 0xFFFFFFFFFFFF7FFF

mem[X,0x0000000080000650] -> 0x1FB3
mem[X,0x0000000080000652] -> 0x0BDF
[405] [M]: 0x0000000080000650 (0x0BDF1FB3) clmul x31, x30, x29                      inst_49+16
x31 <- 0x5555555557552955

clint mtime 0x00000000000000CB (mip.MTI <- 0b1, mip.STI <- 0b0)
mem[X,0x0000000080000654] -> 0xBC23
mem[X,0x0000000080000656] -> 0x0BF3
[406] [M]: 0x0000000080000654 (0x0BF3BC23) sd x31, 0xb8(x7)                         inst_49+20
mem[W,0x00000000800042A0] <- 0x5555555557552955

mem[X,0x0000000080000658] -> 0x0F13
mem[X,0x000000008000065A] -> 0xBFF0
[407] [M]: 0x0000000080000658 (0xBFF00F13) addi x30, x0, -0x401                     inst_50+0
x30 <- 0xFFFFFFFFFFFFFBFF

clint mtime 0x00000000000000CC (mip.MTI <- 0b1, mip.STI <- 0b0)
mem[X,0x000000008000065C] -> 0x0E93
mem[X,0x000000008000065E] -> 0x0010
[408] [M]: 0x000000008000065C (0x00100E93) addi x29, x0, 0x1                        inst_50+4
x29 <- 0x0000000000000001

mem[X,0x0000000080000660] -> 0x9E93
mem[X,0x0000000080000662] -> 0x00EE
[409] [M]: 0x0000000080000660 (0x00EE9E93) slli x29, x29, 0xe                       inst_50+8
x29 <- 0x0000000000004000

clint mtime 0x00000000000000CD (mip.MTI <- 0b1, mip.STI <- 0b0)
mem[X,0x0000000080000664] -> 0xCE93
mem[X,0x0000000080000666] -> 0xFFFE
[410] [M]: 0x0000000080000664 (0xFFFECE93) xori x29, x29, -0x1                      inst_50+12
x29 <- 0xFFFFFFFFFFFFBFFF

mem[X,0x0000000080000668] -> 0x1FB3
mem[X,0x000000008000066A] -> 0x0BDF
[411] [M]: 0x0000000080000668 (0x0BDF1FB3) clmul x31, x30, x29                      inst_50+16
x31 <- 0x5555555554556955

clint mtime 0x00000000000000CE (mip.MTI <- 0b1, mip.STI <- 0b0)
mem[X,0x000000008000066C] -> 0xB023
mem[X,0x000000008000066E] -> 0x0DF3
[412] [M]: 0x000000008000066C (0x0DF3B023) sd x31, 0xc0(x7)                         inst_50+20
mem[W,0x00000000800042A8] <- 0x5555555554556955

mem[X,0x0000000080000670] -> 0x0F13
mem[X,0x0000000080000672] -> 0xBFF0
[413] [M]: 0x0000000080000670 (0xBFF00F13) addi x30, x0, -0x401                     inst_51+0
x30 <- 0xFFFFFFFFFFFFFBFF

clint mtime 0x00000000000000CF (mip.MTI <- 0b1, mip.STI <- 0b0)
mem[X,0x0000000080000674] -> 0x0E93
mem[X,0x0000000080000676] -> 0x0010
[414] [M]: 0x0000000080000674 (0x00100E93) addi x29, x0, 0x1                        inst_51+4
x29 <- 0x0000000000000001

mem[X,0x0000000080000678] -> 0x9E93
mem[X,0x000000008000067A] -> 0x00DE
[415] [M]: 0x0000000080000678 (0x00DE9E93) slli x29, x29, 0xd                       inst_51+8
x29 <- 0x0000000000002000

clint mtime 0x00000000000000D0 (mip.MTI <- 0b1, mip.STI <- 0b0)
mem[X,0x000000008000067C] -> 0xCE93
mem[X,0x000000008000067E] -> 0xFFFE
[416] [M]: 0x000000008000067C (0xFFFECE93) xori x29, x29, -0x1                      inst_51+12
x29 <- 0xFFFFFFFFFFFFDFFF

mem[X,0x0000000080000680] -> 0x1FB3
mem[X,0x0000000080000682] -> 0x0BDF
[417] [M]: 0x0000000080000680 (0x0BDF1FB3) clmul x31, x30, x29                      inst_51+16
x31 <- 0x5555555555D54955

clint mtime 0x00000000000000D1 (mip.MTI <- 0b1, mip.STI <- 0b0)
mem[X,0x0000000080000684] -> 0xB423
mem[X,0x0000000080000686] -> 0x0DF3
[418] [M]: 0x0000000080000684 (0x0DF3B423) sd x31, 0xc8(x7)                         inst_51+20
mem[W,0x00000000800042B0] <- 0x5555555555D54955

mem[X,0x0000000080000688] -> 0x0F13
mem[X,0x000000008000068A] -> 0xBFF0
[419] [M]: 0x0000000080000688 (0xBFF00F13) addi x30, x0, -0x401                     inst_52+0
x30 <- 0xFFFFFFFFFFFFFBFF

clint mtime 0x00000000000000D2 (mip.MTI <- 0b1, mip.STI <- 0b0)
mem[X,0x000000008000068C] -> 0x0E93
mem[X,0x000000008000068E] -> 0x0010
[420] [M]: 0x000000008000068C (0x00100E93) addi x29, x0, 0x1                        inst_52+4
x29 <- 0x0000000000000001

mem[X,0x0000000080000690] -> 0x9E93
mem[X,0x0000000080000692] -> 0x00CE
[421] [M]: 0x0000000080000690 (0x00CE9E93) slli x29, x29, 0xc                       inst_52+8
x29 <- 0x0000000000001000

clint mtime 0x00000000000000D3 (mip.MTI <- 0b1, mip.STI <- 0b0)
mem[X,0x0000000080000694] -> 0xCE93
mem[X,0x0000000080000696] -> 0xFFFE
[422] [M]: 0x0000000080000694 (0xFFFECE93) xori x29, x29, -0x1                      inst_52+12
x29 <- 0xFFFFFFFFFFFFEFFF

mem[X,0x0000000080000698] -> 0x1FB3
mem[X,0x000000008000069A] -> 0x0BDF
[423] [M]: 0x0000000080000698 (0x0BDF1FB3) clmul x31, x30, x29                      inst_52+16
x31 <- 0x5555555555155955

clint mtime 0x00000000000000D4 (mip.MTI <- 0b1, mip.STI <- 0b0)
mem[X,0x000000008000069C] -> 0xB823
mem[X,0x000000008000069E] -> 0x0DF3
[424] [M]: 0x000000008000069C (0x0DF3B823) sd x31, 0xd0(x7)                         inst_52+20
mem[W,0x00000000800042B8] <- 0x5555555555155955

mem[X,0x00000000800006A0] -> 0x0F13
mem[X,0x00000000800006A2] -> 0xBFF0
[425] [M]: 0x00000000800006A0 (0xBFF00F13) addi x30, x0, -0x401                     inst_53+0
x30 <- 0xFFFFFFFFFFFFFBFF

clint mtime 0x00000000000000D5 (mip.MTI <- 0b1, mip.STI <- 0b0)
mem[X,0x00000000800006A4] -> 0x0E93
mem[X,0x00000000800006A6] -> 0x0010
[426] [M]: 0x00000000800006A4 (0x00100E93) addi x29, x0, 0x1                        inst_53+4
x29 <- 0x0000000000000001

mem[X,0x00000000800006A8] -> 0x9E93
mem[X,0x00000000800006AA] -> 0x00BE
[427] [M]: 0x00000000800006A8 (0x00BE9E93) slli x29, x29, 0xb                       inst_53+8
x29 <- 0x0000000000000800

clint mtime 0x00000000000000D6 (mip.MTI <- 0b1, mip.STI <- 0b0)
mem[X,0x00000000800006AC] -> 0xCE93
mem[X,0x00000000800006AE] -> 0xFFFE
[428] [M]: 0x00000000800006AC (0xFFFECE93) xori x29, x29, -0x1                      inst_53+12
x29 <- 0xFFFFFFFFFFFFF7FF

mem[X,0x00000000800006B0] -> 0x1FB3
mem[X,0x00000000800006B2] -> 0x0BDF
[429] [M]: 0x00000000800006B0 (0x0BDF1FB3) clmul x31, x30, x29                      inst_53+16
x31 <- 0x5555555555755155

clint mtime 0x00000000000000D7 (mip.MTI <- 0b1, mip.STI <- 0b0)
mem[X,0x00000000800006B4] -> 0xBC23
mem[X,0x00000000800006B6] -> 0x0DF3
[430] [M]: 0x00000000800006B4 (0x0DF3BC23) sd x31, 0xd8(x7)                         inst_53+20
mem[W,0x00000000800042C0] <- 0x5555555555755155

mem[X,0x00000000800006B8] -> 0x0F13
mem[X,0x00000000800006BA] -> 0xBFF0
[431] [M]: 0x00000000800006B8 (0xBFF00F13) addi x30, x0, -0x401                     inst_54+0
x30 <- 0xFFFFFFFFFFFFFBFF

clint mtime 0x00000000000000D8 (mip.MTI <- 0b1, mip.STI <- 0b0)
mem[X,0x00000000800006BC] -> 0x0E93
mem[X,0x00000000800006BE] -> 0xBFF0
[432] [M]: 0x00000000800006BC (0xBFF00E93) addi x29, x0, -0x401                     inst_54+4
x29 <- 0xFFFFFFFFFFFFFBFF

mem[X,0x00000000800006C0] -> 0x1FB3
mem[X,0x00000000800006C2] -> 0x0BDF
[433] [M]: 0x00000000800006C0 (0x0BDF1FB3) clmul x31, x30, x29                      inst_54+8
x31 <- 0x5555555555455555

clint mtime 0x00000000000000D9 (mip.MTI <- 0b1, mip.STI <- 0b0)
mem[X,0x00000000800006C4] -> 0xB023
mem[X,0x00000000800006C6] -> 0x0FF3
[434] [M]: 0x00000000800006C4 (0x0FF3B023) sd x31, 0xe0(x7)                         inst_54+12
mem[W,0x00000000800042C8] <- 0x5555555555455555

mem[X,0x00000000800006C8] -> 0x0F13
mem[X,0x00000000800006CA] -> 0xBFF0
[435] [M]: 0x00000000800006C8 (0xBFF00F13) addi x30, x0, -0x401                     inst_55+0
x30 <- 0xFFFFFFFFFFFFFBFF

clint mtime 0x00000000000000DA (mip.MTI <- 0b1, mip.STI <- 0b0)
mem[X,0x00000000800006CC] -> 0x0E93
mem[X,0x00000000800006CE] -> 0xDFF0
[436] [M]: 0x00000000800006CC (0xDFF00E93) addi x29, x0, -0x201                     inst_55+4
x29 <- 0xFFFFFFFFFFFFFDFF

mem[X,0x00000000800006D0] -> 0x1FB3
mem[X,0x00000000800006D2] -> 0x0BDF
[437] [M]: 0x00000000800006D0 (0x0BDF1FB3) clmul x31, x30, x29                      inst_55+8
x31 <- 0x55555555555D5755

clint mtime 0x00000000000000DB (mip.MTI <- 0b1, mip.STI <- 0b0)
mem[X,0x00000000800006D4] -> 0xB423
mem[X,0x00000000800006D6] -> 0x0FF3
[438] [M]: 0x00000000800006D4 (0x0FF3B423) sd x31, 0xe8(x7)                         inst_55+12
mem[W,0x00000000800042D0] <- 0x55555555555D5755

mem[X,0x00000000800006D8] -> 0x0F13
mem[X,0x00000000800006DA] -> 0xBFF0
[439] [M]: 0x00000000800006D8 (0xBFF00F13) addi x30, x0, -0x401                     inst_56+0
x30 <- 0xFFFFFFFFFFFFFBFF

clint mtime 0x00000000000000DC (mip.MTI <- 0b1, mip.STI <- 0b0)
mem[X,0x00000000800006DC] -> 0x0E93
mem[X,0x00000000800006DE] -> 0xEFF0
[440] [M]: 0x00000000800006DC (0xEFF00E93) addi x29, x0, -0x101                     inst_56+4
x29 <- 0xFFFFFFFFFFFFFEFF

mem[X,0x00000000800006E0] -> 0x1FB3
mem[X,0x00000000800006E2] -> 0x0BDF
[441] [M]: 0x00000000800006E0 (0x0BDF1FB3) clmul x31, x30, x29                      inst_56+8
x31 <- 0x5555555555515655

clint mtime 0x00000000000000DD (mip.MTI <- 0b1, mip.STI <- 0b0)
mem[X,0x00000000800006E4] -> 0xB823
mem[X,0x00000000800006E6] -> 0x0FF3
[442] [M]: 0x00000000800006E4 (0x0FF3B823) sd x31, 0xf0(x7)                         inst_56+12
mem[W,0x00000000800042D8] <- 0x5555555555515655

mem[X,0x00000000800006E8] -> 0x0F13
mem[X,0x00000000800006EA] -> 0xBFF0
[443] [M]: 0x00000000800006E8 (0xBFF00F13) addi x30, x0, -0x401                     inst_57+0
x30 <- 0xFFFFFFFFFFFFFBFF

clint mtime 0x00000000000000DE (mip.MTI <- 0b1, mip.STI <- 0b0)
mem[X,0x00000000800006EC] -> 0x0E93
mem[X,0x00000000800006EE] -> 0xF7F0
[444] [M]: 0x00000000800006EC (0xF7F00E93) addi x29, x0, -0x81                      inst_57+4
x29 <- 0xFFFFFFFFFFFFFF7F

mem[X,0x00000000800006F0] -> 0x1FB3
mem[X,0x00000000800006F2] -> 0x0BDF
[445] [M]: 0x00000000800006F0 (0x0BDF1FB3) clmul x31, x30, x29                      inst_57+8
x31 <- 0x55555555555756D5

clint mtime 0x00000000000000DF (mip.MTI <- 0b1, mip.STI <- 0b0)
mem[X,0x00000000800006F4] -> 0xBC23
mem[X,0x00000000800006F6] -> 0x0FF3
[446] [M]: 0x00000000800006F4 (0x0FF3BC23) sd x31, 0xf8(x7)                         inst_57+12
mem[W,0x00000000800042E0] <- 0x55555555555756D5

mem[X,0x00000000800006F8] -> 0x0F13
mem[X,0x00000000800006FA] -> 0xBFF0
[447] [M]: 0x00000000800006F8 (0xBFF00F13) addi x30, x0, -0x401                     inst_58+0
x30 <- 0xFFFFFFFFFFFFFBFF

clint mtime 0x00000000000000E0 (mip.MTI <- 0b1, mip.STI <- 0b0)
mem[X,0x00000000800006FC] -> 0x0E93
mem[X,0x00000000800006FE] -> 0xFBF0
[448] [M]: 0x00000000800006FC (0xFBF00E93) addi x29, x0, -0x41                      inst_58+4
x29 <- 0xFFFFFFFFFFFFFFBF

mem[X,0x0000000080000700] -> 0x1FB3
mem[X,0x0000000080000702] -> 0x0BDF
[449] [M]: 0x0000000080000700 (0x0BDF1FB3) clmul x31, x30, x29                      inst_58+8
x31 <- 0x5555555555545695

clint mtime 0x00000000000000E1 (mip.MTI <- 0b1, mip.STI <- 0b0)
mem[X,0x0000000080000704] -> 0xB023
mem[X,0x0000000080000706] -> 0x11F3
[450] [M]: 0x0000000080000704 (0x11F3B023) sd x31, 0x100(x7)                        inst_58+12
mem[W,0x00000000800042E8] <- 0x5555555555545695

mem[X,0x0000000080000708] -> 0x0F13
mem[X,0x000000008000070A] -> 0xBFF0
[451] [M]: 0x0000000080000708 (0xBFF00F13) addi x30, x0, -0x401                     inst_59+0
x30 <- 0xFFFFFFFFFFFFFBFF

clint mtime 0x00000000000000E2 (mip.MTI <- 0b1, mip.STI <- 0b0)
mem[X,0x000000008000070C] -> 0x0E93
mem[X,0x000000008000070E] -> 0xFDF0
[452] [M]: 0x000000008000070C (0xFDF00E93) addi x29, x0, -0x21                      inst_59+4
x29 <- 0xFFFFFFFFFFFFFFDF

mem[X,0x0000000080000710] -> 0x1FB3
mem[X,0x0000000080000712] -> 0x0BDF
[453] [M]: 0x0000000080000710 (0x0BDF1FB3) clmul x31, x30, x29                      inst_59+8
x31 <- 0x555555555555D6B5

clint mtime 0x00000000000000E3 (mip.MTI <- 0b1, mip.STI <- 0b0)
mem[X,0x0000000080000714] -> 0xB423
mem[X,0x0000000080000716] -> 0x11F3
[454] [M]: 0x0000000080000714 (0x11F3B423) sd x31, 0x108(x7)                        inst_59+12
mem[W,0x00000000800042F0] <- 0x555555555555D6B5

mem[X,0x0000000080000718] -> 0x0F13
mem[X,0x000000008000071A] -> 0xBFF0
[455] [M]: 0x0000000080000718 (0xBFF00F13) addi x30, x0, -0x401                     inst_60+0
x30 <- 0xFFFFFFFFFFFFFBFF

clint mtime 0x00000000000000E4 (mip.MTI <- 0b1, mip.STI <- 0b0)
mem[X,0x000000008000071C] -> 0x0E93
mem[X,0x000000008000071E] -> 0xFEF0
[456] [M]: 0x000000008000071C (0xFEF00E93) addi x29, x0, -0x11                      inst_60+4
x29 <- 0xFFFFFFFFFFFFFFEF

mem[X,0x0000000080000720] -> 0x1FB3
mem[X,0x0000000080000722] -> 0x0BDF
[457] [M]: 0x0000000080000720 (0x0BDF1FB3) clmul x31, x30, x29                      inst_60+8
x31 <- 0x55555555555516A5

clint mtime 0x00000000000000E5 (mip.MTI <- 0b1, mip.STI <- 0b0)
mem[X,0x0000000080000724] -> 0xB823
mem[X,0x0000000080000726] -> 0x11F3
[458] [M]: 0x0000000080000724 (0x11F3B823) sd x31, 0x110(x7)                        inst_60+12
mem[W,0x00000000800042F8] <- 0x55555555555516A5

mem[X,0x0000000080000728] -> 0x0F13
mem[X,0x000000008000072A] -> 0xBFF0
[459] [M]: 0x0000000080000728 (0xBFF00F13) addi x30, x0, -0x401                     inst_61+0
x30 <- 0xFFFFFFFFFFFFFBFF

clint mtime 0x00000000000000E6 (mip.MTI <- 0b1, mip.STI <- 0b0)
mem[X,0x000000008000072C] -> 0x0E93
mem[X,0x000000008000072E] -> 0xFF70
[460] [M]: 0x000000008000072C (0xFF700E93) addi x29, x0, -0x9                       inst_61+4
x29 <- 0xFFFFFFFFFFFFFFF7

mem[X,0x0000000080000730] -> 0x1FB3
mem[X,0x0000000080000732] -> 0x0BDF
[461] [M]: 0x0000000080000730 (0x0BDF1FB3) clmul x31, x30, x29                      inst_61+8
x31 <- 0x55555555555576AD

clint mtime 0x00000000000000E7 (mip.MTI <- 0b1, mip.STI <- 0b0)
mem[X,0x0000000080000734] -> 0xBC23
mem[X,0x0000000080000736] -> 0x11F3
[462] [M]: 0x0000000080000734 (0x11F3BC23) sd x31, 0x118(x7)                        inst_61+12
mem[W,0x0000000080004300] <- 0x55555555555576AD

mem[X,0x0000000080000738] -> 0x0F13
mem[X,0x000000008000073A] -> 0xBFF0
[463] [M]: 0x0000000080000738 (0xBFF00F13) addi x30, x0, -0x401                     inst_62+0
x30 <- 0xFFFFFFFFFFFFFBFF

clint mtime 0x00000000000000E8 (mip.MTI <- 0b1, mip.STI <- 0b0)
mem[X,0x000000008000073C] -> 0x0E93
mem[X,0x000000008000073E] -> 0xFFB0
[464] [M]: 0x000000008000073C (0xFFB00E93) addi x29, x0, -0x5                       inst_62+4
x29 <- 0xFFFFFFFFFFFFFFFB

mem[X,0x0000000080000740] -> 0x1FB3
mem[X,0x0000000080000742] -> 0x0BDF
[465] [M]: 0x0000000080000740 (0x0BDF1FB3) clmul x31, x30, x29                      inst_62+8
x31 <- 0x55555555555546A9

clint mtime 0x00000000000000E9 (mip.MTI <- 0b1, mip.STI <- 0b0)
mem[X,0x0000000080000744] -> 0xB023
mem[X,0x0000000080000746] -> 0x13F3
[466] [M]: 0x0000000080000744 (0x13F3B023) sd x31, 0x120(x7)                        inst_62+12
mem[W,0x0000000080004308] <- 0x55555555555546A9

mem[X,0x0000000080000748] -> 0x0F13
mem[X,0x000000008000074A] -> 0xBFF0
[467] [M]: 0x0000000080000748 (0xBFF00F13) addi x30, x0, -0x401                     inst_63+0
x30 <- 0xFFFFFFFFFFFFFBFF

clint mtime 0x00000000000000EA (mip.MTI <- 0b1, mip.STI <- 0b0)
mem[X,0x000000008000074C] -> 0x0E93
mem[X,0x000000008000074E] -> 0xFFD0
[468] [M]: 0x000000008000074C (0xFFD00E93) addi x29, x0, -0x3                       inst_63+4
x29 <- 0xFFFFFFFFFFFFFFFD

mem[X,0x0000000080000750] -> 0x1FB3
mem[X,0x0000000080000752] -> 0x0BDF
[469] [M]: 0x0000000080000750 (0x0BDF1FB3) clmul x31, x30, x29                      inst_63+8
x31 <- 0x5555555555555EAB

clint mtime 0x00000000000000EB (mip.MTI <- 0b1, mip.STI <- 0b0)
mem[X,0x0000000080000754] -> 0xB423
mem[X,0x0000000080000756] -> 0x13F3
[470] [M]: 0x0000000080000754 (0x13F3B423) sd x31, 0x128(x7)                        inst_63+12
mem[W,0x0000000080004310] <- 0x5555555555555EAB

mem[X,0x0000000080000758] -> 0x0F13
mem[X,0x000000008000075A] -> 0xBFF0
[471] [M]: 0x0000000080000758 (0xBFF00F13) addi x30, x0, -0x401                     inst_64+0
x30 <- 0xFFFFFFFFFFFFFBFF

clint mtime 0x00000000000000EC (mip.MTI <- 0b1, mip.STI <- 0b0)
mem[X,0x000000008000075C] -> 0x0E93
mem[X,0x000000008000075E] -> 0xFFE0
[472] [M]: 0x000000008000075C (0xFFE00E93) addi x29, x0, -0x2                       inst_64+4
x29 <- 0xFFFFFFFFFFFFFFFE

mem[X,0x0000000080000760] -> 0x1FB3
mem[X,0x0000000080000762] -> 0x0BDF
[473] [M]: 0x0000000080000760 (0x0BDF1FB3) clmul x31, x30, x29                      inst_64+8
x31 <- 0x55555555555552AA

clint mtime 0x00000000000000ED (mip.MTI <- 0b1, mip.STI <- 0b0)
mem[X,0x0000000080000764] -> 0xB823
mem[X,0x0000000080000766] -> 0x13F3
[474] [M]: 0x0000000080000764 (0x13F3B823) sd x31, 0x130(x7)                        inst_64+12
mem[W,0x0000000080004318] <- 0x55555555555552AA

mem[X,0x0000000080000768] -> 0x0F13
mem[X,0x000000008000076A] -> 0xFFF0
[475] [M]: 0x0000000080000768 (0xFFF00F13) addi x30, x0, -0x1                       inst_65+0
x30 <- 0xFFFFFFFFFFFFFFFF

clint mtime 0x00000000000000EE (mip.MTI <- 0b1, mip.STI <- 0b0)
mem[X,0x000000008000076C] -> 0x5F13
mem[X,0x000000008000076E] -> 0x001F
[476] [M]: 0x000000008000076C (0x001F5F13) srli x30, x30, 0x1                       inst_65+4
x30 <- 0x7FFFFFFFFFFFFFFF

mem[X,0x0000000080000770] -> 0x0E93
mem[X,0x0000000080000772] -> 0xBFF0
[477] [M]: 0x0000000080000770 (0xBFF00E93) addi x29, x0, -0x401                     inst_65+8
x29 <- 0xFFFFFFFFFFFFFBFF

clint mtime 0x00000000000000EF (mip.MTI <- 0b1, mip.STI <- 0b0)
mem[X,0x0000000080000774] -> 0x1FB3
mem[X,0x0000000080000776] -> 0x0BDF
[478] [M]: 0x0000000080000774 (0x0BDF1FB3) clmul x31, x30, x29                      inst_65+12
x31 <- 0x2AAAAAAAAAAAA955

mem[X,0x0000000080000778] -> 0xBC23
mem[X,0x000000008000077A] -> 0x13F3
[479] [M]: 0x0000000080000778 (0x13F3BC23) sd x31, 0x138(x7)                        inst_65+16
mem[W,0x0000000080004320] <- 0x2AAAAAAAAAAAA955

clint mtime 0x00000000000000F0 (mip.MTI <- 0b1, mip.STI <- 0b0)
mem[X,0x000000008000077C] -> 0x0F13
mem[X,0x000000008000077E] -> 0x0010
[480] [M]: 0x000000008000077C (0x00100F13) addi x30, x0, 0x1                        inst_66+0
x30 <- 0x0000000000000001

mem[X,0x0000000080000780] -> 0x1F13
mem[X,0x0000000080000782] -> 0x03EF
[481] [M]: 0x0000000080000780 (0x03EF1F13) slli x30, x30, 0x3e                      inst_66+4
x30 <- 0x4000000000000000

clint mtime 0x00000000000000F1 (mip.MTI <- 0b1, mip.STI <- 0b0)
mem[X,0x0000000080000784] -> 0x4F13
mem[X,0x0000000080000786] -> 0xFFFF
[482] [M]: 0x0000000080000784 (0xFFFF4F13) xori x30, x30, -0x1                      inst_66+8
x30 <- 0xBFFFFFFFFFFFFFFF

mem[X,0x0000000080000788] -> 0x0E93
mem[X,0x000000008000078A] -> 0xBFF0
[483] [M]: 0x0000000080000788 (0xBFF00E93) addi x29, x0, -0x401                     inst_66+12
x29 <- 0xFFFFFFFFFFFFFBFF

clint mtime 0x00000000000000F2 (mip.MTI <- 0b1, mip.STI <- 0b0)
mem[X,0x000000008000078C] -> 0x1FB3
mem[X,0x000000008000078E] -> 0x0BDF
[484] [M]: 0x000000008000078C (0x0BDF1FB3) clmul x31, x30, x29                      inst_66+16
x31 <- 0x6AAAAAAAAAAAA955

mem[X,0x0000000080000790] -> 0xB023
mem[X,0x0000000080000792] -> 0x15F3
[485] [M]: 0x0000000080000790 (0x15F3B023) sd x31, 0x140(x7)                        inst_66+20
mem[W,0x0000000080004328] <- 0x6AAAAAAAAAAAA955

clint mtime 0x00000000000000F3 (mip.MTI <- 0b1, mip.STI <- 0b0)
mem[X,0x0000000080000794] -> 0x0F13
mem[X,0x0000000080000796] -> 0x0010
[486] [M]: 0x0000000080000794 (0x00100F13) addi x30, x0, 0x1                        inst_67+0
x30 <- 0x0000000000000001

mem[X,0x0000000080000798] -> 0x1F13
mem[X,0x000000008000079A] -> 0x03DF
[487] [M]: 0x0000000080000798 (0x03DF1F13) slli x30, x30, 0x3d                      inst_67+4
x30 <- 0x2000000000000000

clint mtime 0x00000000000000F4 (mip.MTI <- 0b1, mip.STI <- 0b0)
mem[X,0x000000008000079C] -> 0x4F13
mem[X,0x000000008000079E] -> 0xFFFF
[488] [M]: 0x000000008000079C (0xFFFF4F13) xori x30, x30, -0x1                      inst_67+8
x30 <- 0xDFFFFFFFFFFFFFFF

mem[X,0x00000000800007A0] -> 0x0E93
mem[X,0x00000000800007A2] -> 0xBFF0
[489] [M]: 0x00000000800007A0 (0xBFF00E93) addi x29, x0, -0x401                     inst_67+12
x29 <- 0xFFFFFFFFFFFFFBFF

clint mtime 0x00000000000000F5 (mip.MTI <- 0b1, mip.STI <- 0b0)
mem[X,0x00000000800007A4] -> 0x1FB3
mem[X,0x00000000800007A6] -> 0x0BDF
[490] [M]: 0x00000000800007A4 (0x0BDF1FB3) clmul x31, x30, x29                      inst_67+16
x31 <- 0x4AAAAAAAAAAAA955

mem[X,0x00000000800007A8] -> 0xB423
mem[X,0x00000000800007AA] -> 0x15F3
[491] [M]: 0x00000000800007A8 (0x15F3B423) sd x31, 0x148(x7)                        inst_67+20
mem[W,0x0000000080004330] <- 0x4AAAAAAAAAAAA955

clint mtime 0x00000000000000F6 (mip.MTI <- 0b1, mip.STI <- 0b0)
mem[X,0x00000000800007AC] -> 0x0F13
mem[X,0x00000000800007AE] -> 0x0010
[492] [M]: 0x00000000800007AC (0x00100F13) addi x30, x0, 0x1                        inst_68+0
x30 <- 0x0000000000000001

mem[X,0x00000000800007B0] -> 0x1F13
mem[X,0x00000000800007B2] -> 0x03CF
[493] [M]: 0x00000000800007B0 (0x03CF1F13) slli x30, x30, 0x3c                      inst_68+4
x30 <- 0x1000000000000000

clint mtime 0x00000000000000F7 (mip.MTI <- 0b1, mip.STI <- 0b0)
mem[X,0x00000000800007B4] -> 0x4F13
mem[X,0x00000000800007B6] -> 0xFFFF
[494] [M]: 0x00000000800007B4 (0xFFFF4F13) xori x30, x30, -0x1                      inst_68+8
x30 <- 0xEFFFFFFFFFFFFFFF

mem[X,0x00000000800007B8] -> 0x0E93
mem[X,0x00000000800007BA] -> 0xBFF0
[495] [M]: 0x00000000800007B8 (0xBFF00E93) addi x29, x0, -0x401                     inst_68+12
x29 <- 0xFFFFFFFFFFFFFBFF

clint mtime 0x00000000000000F8 (mip.MTI <- 0b1, mip.STI <- 0b0)
mem[X,0x00000000800007BC] -> 0x1FB3
mem[X,0x00000000800007BE] -> 0x0BDF
[496] [M]: 0x00000000800007BC (0x0BDF1FB3) clmul x31, x30, x29                      inst_68+16
x31 <- 0x5AAAAAAAAAAAA955

mem[X,0x00000000800007C0] -> 0xB823
mem[X,0x00000000800007C2] -> 0x15F3
[497] [M]: 0x00000000800007C0 (0x15F3B823) sd x31, 0x150(x7)                        inst_68+20
mem[W,0x0000000080004338] <- 0x5AAAAAAAAAAAA955

clint mtime 0x00000000000000F9 (mip.MTI <- 0b1, mip.STI <- 0b0)
mem[X,0x00000000800007C4] -> 0x0F13
mem[X,0x00000000800007C6] -> 0x0010
[498] [M]: 0x00000000800007C4 (0x00100F13) addi x30, x0, 0x1                        inst_69+0
x30 <- 0x0000000000000001

mem[X,0x00000000800007C8] -> 0x1F13
mem[X,0x00000000800007CA] -> 0x03BF
[499] [M]: 0x00000000800007C8 (0x03BF1F13) slli x30, x30, 0x3b                      inst_69+4
x30 <- 0x0800000000000000

clint mtime 0x00000000000000FA (mip.MTI <- 0b1, mip.STI <- 0b0)
mem[X,0x00000000800007CC] -> 0x4F13
mem[X,0x00000000800007CE] -> 0xFFFF
[500] [M]: 0x00000000800007CC (0xFFFF4F13) xori x30, x30, -0x1                      inst_69+8
x30 <- 0xF7FFFFFFFFFFFFFF

mem[X,0x00000000800007D0] -> 0x0E93
mem[X,0x00000000800007D2] -> 0xBFF0
[501] [M]: 0x00000000800007D0 (0xBFF00E93) addi x29, x0, -0x401                     inst_69+12
x29 <- 0xFFFFFFFFFFFFFBFF

clint mtime 0x00000000000000FB (mip.MTI <- 0b1, mip.STI <- 0b0)
mem[X,0x00000000800007D4] -> 0x1FB3
mem[X,0x00000000800007D6] -> 0x0BDF
[502] [M]: 0x00000000800007D4 (0x0BDF1FB3) clmul x31, x30, x29                      inst_69+16
x31 <- 0x52AAAAAAAAAAA955

mem[X,0x00000000800007D8] -> 0xBC23
mem[X,0x00000000800007DA] -> 0x15F3
[503] [M]: 0x00000000800007D8 (0x15F3BC23) sd x31, 0x158(x7)                        inst_69+20
mem[W,0x0000000080004340] <- 0x52AAAAAAAAAAA955

clint mtime 0x00000000000000FC (mip.MTI <- 0b1, mip.STI <- 0b0)
mem[X,0x00000000800007DC] -> 0x0F13
mem[X,0x00000000800007DE] -> 0x0010
[504] [M]: 0x00000000800007DC (0x00100F13) addi x30, x0, 0x1                        inst_70+0
x30 <- 0x0000000000000001

mem[X,0x00000000800007E0] -> 0x1F13
mem[X,0x00000000800007E2] -> 0x03AF
[505] [M]: 0x00000000800007E0 (0x03AF1F13) slli x30, x30, 0x3a                      inst_70+4
x30 <- 0x0400000000000000

clint mtime 0x00000000000000FD (mip.MTI <- 0b1, mip.STI <- 0b0)
mem[X,0x00000000800007E4] -> 0x4F13
mem[X,0x00000000800007E6] -> 0xFFFF
[506] [M]: 0x00000000800007E4 (0xFFFF4F13) xori x30, x30, -0x1                      inst_70+8
x30 <- 0xFBFFFFFFFFFFFFFF

mem[X,0x00000000800007E8] -> 0x0E93
mem[X,0x00000000800007EA] -> 0xBFF0
[507] [M]: 0x00000000800007E8 (0xBFF00E93) addi x29, x0, -0x401                     inst_70+12
x29 <- 0xFFFFFFFFFFFFFBFF

clint mtime 0x00000000000000FE (mip.MTI <- 0b1, mip.STI <- 0b0)
mem[X,0x00000000800007EC] -> 0x1FB3
mem[X,0x00000000800007EE] -> 0x0BDF
[508] [M]: 0x00000000800007EC (0x0BDF1FB3) clmul x31, x30, x29                      inst_70+16
x31 <- 0x56AAAAAAAAAAA955

mem[X,0x00000000800007F0] -> 0xB023
mem[X,0x00000000800007F2] -> 0x17F3
[509] [M]: 0x00000000800007F0 (0x17F3B023) sd x31, 0x160(x7)                        inst_70+20
mem[W,0x0000000080004348] <- 0x56AAAAAAAAAAA955

clint mtime 0x00000000000000FF (mip.MTI <- 0b1, mip.STI <- 0b0)
mem[X,0x00000000800007F4] -> 0x0F13
mem[X,0x00000000800007F6] -> 0x0010
[510] [M]: 0x00000000800007F4 (0x00100F13) addi x30, x0, 0x1                        inst_71+0
x30 <- 0x0000000000000001

mem[X,0x00000000800007F8] -> 0x1F13
mem[X,0x00000000800007FA] -> 0x039F
[511] [M]: 0x00000000800007F8 (0x039F1F13) slli x30, x30, 0x39                      inst_71+4
x30 <- 0x0200000000000000

clint mtime 0x0000000000000100 (mip.MTI <- 0b1, mip.STI <- 0b0)
mem[X,0x00000000800007FC] -> 0x4F13
mem[X,0x00000000800007FE] -> 0xFFFF
[512] [M]: 0x00000000800007FC (0xFFFF4F13) xori x30, x30, -0x1                      inst_71+8
x30 <- 0xFDFFFFFFFFFFFFFF

mem[X,0x0000000080000800] -> 0x0E93
mem[X,0x0000000080000802] -> 0xBFF0
[513] [M]: 0x0000000080000800 (0xBFF00E93) addi x29, x0, -0x401                     inst_71+12
x29 <- 0xFFFFFFFFFFFFFBFF

clint mtime 0x0000000000000101 (mip.MTI <- 0b1, mip.STI <- 0b0)
mem[X,0x0000000080000804] -> 0x1FB3
mem[X,0x0000000080000806] -> 0x0BDF
[514] [M]: 0x0000000080000804 (0x0BDF1FB3) clmul x31, x30, x29                      inst_71+16
x31 <- 0x54AAAAAAAAAAA955

mem[X,0x0000000080000808] -> 0xB423
mem[X,0x000000008000080A] -> 0x17F3
[515] [M]: 0x0000000080000808 (0x17F3B423) sd x31, 0x168(x7)                        inst_71+20
mem[W,0x0000000080004350] <- 0x54AAAAAAAAAAA955

clint mtime 0x0000000000000102 (mip.MTI <- 0b1, mip.STI <- 0b0)
mem[X,0x000000008000080C] -> 0x0F13
mem[X,0x000000008000080E] -> 0x0010
[516] [M]: 0x000000008000080C (0x00100F13) addi x30, x0, 0x1                        inst_72+0
x30 <- 0x0000000000000001

mem[X,0x0000000080000810] -> 0x1F13
mem[X,0x0000000080000812] -> 0x038F
[517] [M]: 0x0000000080000810 (0x038F1F13) slli x30, x30, 0x38                      inst_72+4
x30 <- 0x0100000000000000

clint mtime 0x0000000000000103 (mip.MTI <- 0b1, mip.STI <- 0b0)
mem[X,0x0000000080000814] -> 0x4F13
mem[X,0x0000000080000816] -> 0xFFFF
[518] [M]: 0x0000000080000814 (0xFFFF4F13) xori x30, x30, -0x1                      inst_72+8
x30 <- 0xFEFFFFFFFFFFFFFF

mem[X,0x0000000080000818] -> 0x0E93
mem[X,0x000000008000081A] -> 0xBFF0
[519] [M]: 0x0000000080000818 (0xBFF00E93) addi x29, x0, -0x401                     inst_72+12
x29 <- 0xFFFFFFFFFFFFFBFF

clint mtime 0x0000000000000104 (mip.MTI <- 0b1, mip.STI <- 0b0)
mem[X,0x000000008000081C] -> 0x1FB3
mem[X,0x000000008000081E] -> 0x0BDF
[520] [M]: 0x000000008000081C (0x0BDF1FB3) clmul x31, x30, x29                      inst_72+16
x31 <- 0x55AAAAAAAAAAA955

mem[X,0x0000000080000820] -> 0xB823
mem[X,0x0000000080000822] -> 0x17F3
[521] [M]: 0x0000000080000820 (0x17F3B823) sd x31, 0x170(x7)                        inst_72+20
mem[W,0x0000000080004358] <- 0x55AAAAAAAAAAA955

clint mtime 0x0000000000000105 (mip.MTI <- 0b1, mip.STI <- 0b0)
mem[X,0x0000000080000824] -> 0x0F13
mem[X,0x0000000080000826] -> 0x0010
[522] [M]: 0x0000000080000824 (0x00100F13) addi x30, x0, 0x1                        inst_73+0
x30 <- 0x0000000000000001

mem[X,0x0000000080000828] -> 0x1F13
mem[X,0x000000008000082A] -> 0x037F
[523] [M]: 0x0000000080000828 (0x037F1F13) slli x30, x30, 0x37                      inst_73+4
x30 <- 0x0080000000000000

clint mtime 0x0000000000000106 (mip.MTI <- 0b1, mip.STI <- 0b0)
mem[X,0x000000008000082C] -> 0x4F13
mem[X,0x000000008000082E] -> 0xFFFF
[524] [M]: 0x000000008000082C (0xFFFF4F13) xori x30, x30, -0x1                      inst_73+8
x30 <- 0xFF7FFFFFFFFFFFFF

mem[X,0x0000000080000830] -> 0x0E93
mem[X,0x0000000080000832] -> 0xBFF0
[525] [M]: 0x0000000080000830 (0xBFF00E93) addi x29, x0, -0x401                     inst_73+12
x29 <- 0xFFFFFFFFFFFFFBFF

clint mtime 0x0000000000000107 (mip.MTI <- 0b1, mip.STI <- 0b0)
mem[X,0x0000000080000834] -> 0x1FB3
mem[X,0x0000000080000836] -> 0x0BDF
[526] [M]: 0x0000000080000834 (0x0BDF1FB3) clmul x31, x30, x29                      inst_73+16
x31 <- 0x552AAAAAAAAAA955

mem[X,0x0000000080000838] -> 0xBC23
mem[X,0x000000008000083A] -> 0x17F3
[527] [M]: 0x0000000080000838 (0x17F3BC23) sd x31, 0x178(x7)                        inst_73+20
mem[W,0x0000000080004360] <- 0x552AAAAAAAAAA955

clint mtime 0x0000000000000108 (mip.MTI <- 0b1, mip.STI <- 0b0)
mem[X,0x000000008000083C] -> 0x0F13
mem[X,0x000000008000083E] -> 0x0010
[528] [M]: 0x000000008000083C (0x00100F13) addi x30, x0, 0x1                        inst_74+0
x30 <- 0x0000000000000001

mem[X,0x0000000080000840] -> 0x1F13
mem[X,0x0000000080000842] -> 0x036F
[529] [M]: 0x0000000080000840 (0x036F1F13) slli x30, x30, 0x36                      inst_74+4
x30 <- 0x0040000000000000

clint mtime 0x0000000000000109 (mip.MTI <- 0b1, mip.STI <- 0b0)
mem[X,0x0000000080000844] -> 0x4F13
mem[X,0x0000000080000846] -> 0xFFFF
[530] [M]: 0x0000000080000844 (0xFFFF4F13) xori x30, x30, -0x1                      inst_74+8
x30 <- 0xFFBFFFFFFFFFFFFF

mem[X,0x0000000080000848] -> 0x0E93
mem[X,0x000000008000084A] -> 0xBFF0
[531] [M]: 0x0000000080000848 (0xBFF00E93) addi x29, x0, -0x401                     inst_74+12
x29 <- 0xFFFFFFFFFFFFFBFF

clint mtime 0x000000000000010A (mip.MTI <- 0b1, mip.STI <- 0b0)
mem[X,0x000000008000084C] -> 0x1FB3
mem[X,0x000000008000084E] -> 0x0BDF
[532] [M]: 0x000000008000084C (0x0BDF1FB3) clmul x31, x30, x29                      inst_74+16
x31 <- 0x556AAAAAAAAAA955

mem[X,0x0000000080000850] -> 0xB023
mem[X,0x0000000080000852] -> 0x19F3
[533] [M]: 0x0000000080000850 (0x19F3B023) sd x31, 0x180(x7)                        inst_74+20
mem[W,0x0000000080004368] <- 0x556AAAAAAAAAA955

clint mtime 0x000000000000010B (mip.MTI <- 0b1, mip.STI <- 0b0)
mem[X,0x0000000080000854] -> 0x0F13
mem[X,0x0000000080000856] -> 0x0010
[534] [M]: 0x0000000080000854 (0x00100F13) addi x30, x0, 0x1                        inst_75+0
x30 <- 0x0000000000000001

mem[X,0x0000000080000858] -> 0x1F13
mem[X,0x000000008000085A] -> 0x035F
[535] [M]: 0x0000000080000858 (0x035F1F13) slli x30, x30, 0x35                      inst_75+4
x30 <- 0x0020000000000000

clint mtime 0x000000000000010C (mip.MTI <- 0b1, mip.STI <- 0b0)
mem[X,0x000000008000085C] -> 0x4F13
mem[X,0x000000008000085E] -> 0xFFFF
[536] [M]: 0x000000008000085C (0xFFFF4F13) xori x30, x30, -0x1                      inst_75+8
x30 <- 0xFFDFFFFFFFFFFFFF

mem[X,0x0000000080000860] -> 0x0E93
mem[X,0x0000000080000862] -> 0xBFF0
[537] [M]: 0x0000000080000860 (0xBFF00E93) addi x29, x0, -0x401                     inst_75+12
x29 <- 0xFFFFFFFFFFFFFBFF

clint mtime 0x000000000000010D (mip.MTI <- 0b1, mip.STI <- 0b0)
mem[X,0x0000000080000864] -> 0x1FB3
mem[X,0x0000000080000866] -> 0x0BDF
[538] [M]: 0x0000000080000864 (0x0BDF1FB3) clmul x31, x30, x29                      inst_75+16
x31 <- 0xD54AAAAAAAAAA955

mem[X,0x0000000080000868] -> 0xB423
mem[X,0x000000008000086A] -> 0x19F3
[539] [M]: 0x0000000080000868 (0x19F3B423) sd x31, 0x188(x7)                        inst_75+20
mem[W,0x0000000080004370] <- 0xD54AAAAAAAAAA955

clint mtime 0x000000000000010E (mip.MTI <- 0b1, mip.STI <- 0b0)
mem[X,0x000000008000086C] -> 0x0F13
mem[X,0x000000008000086E] -> 0x0010
[540] [M]: 0x000000008000086C (0x00100F13) addi x30, x0, 0x1                        inst_76+0
x30 <- 0x0000000000000001

mem[X,0x0000000080000870] -> 0x1F13
mem[X,0x0000000080000872] -> 0x034F
[541] [M]: 0x0000000080000870 (0x034F1F13) slli x30, x30, 0x34                      inst_76+4
x30 <- 0x0010000000000000

clint mtime 0x000000000000010F (mip.MTI <- 0b1, mip.STI <- 0b0)
mem[X,0x0000000080000874] -> 0x4F13
mem[X,0x0000000080000876] -> 0xFFFF
[542] [M]: 0x0000000080000874 (0xFFFF4F13) xori x30, x30, -0x1                      inst_76+8
x30 <- 0xFFEFFFFFFFFFFFFF

mem[X,0x0000000080000878] -> 0x0E93
mem[X,0x000000008000087A] -> 0xBFF0
[543] [M]: 0x0000000080000878 (0xBFF00E93) addi x29, x0, -0x401                     inst_76+12
x29 <- 0xFFFFFFFFFFFFFBFF

clint mtime 0x0000000000000110 (mip.MTI <- 0b1, mip.STI <- 0b0)
mem[X,0x000000008000087C] -> 0x1FB3
mem[X,0x000000008000087E] -> 0x0BDF
[544] [M]: 0x000000008000087C (0x0BDF1FB3) clmul x31, x30, x29                      inst_76+16
x31 <- 0x155AAAAAAAAAA955

mem[X,0x0000000080000880] -> 0xB823
mem[X,0x0000000080000882] -> 0x19F3
[545] [M]: 0x0000000080000880 (0x19F3B823) sd x31, 0x190(x7)                        inst_76+20
mem[W,0x0000000080004378] <- 0x155AAAAAAAAAA955

clint mtime 0x0000000000000111 (mip.MTI <- 0b1, mip.STI <- 0b0)
mem[X,0x0000000080000884] -> 0x0F13
mem[X,0x0000000080000886] -> 0x0010
[546] [M]: 0x0000000080000884 (0x00100F13) addi x30, x0, 0x1                        inst_77+0
x30 <- 0x0000000000000001

mem[X,0x0000000080000888] -> 0x1F13
mem[X,0x000000008000088A] -> 0x033F
[547] [M]: 0x0000000080000888 (0x033F1F13) slli x30, x30, 0x33                      inst_77+4
x30 <- 0x0008000000000000

clint mtime 0x0000000000000112 (mip.MTI <- 0b1, mip.STI <- 0b0)
mem[X,0x000000008000088C] -> 0x4F13
mem[X,0x000000008000088E] -> 0xFFFF
[548] [M]: 0x000000008000088C (0xFFFF4F13) xori x30, x30, -0x1                      inst_77+8
x30 <- 0xFFF7FFFFFFFFFFFF

mem[X,0x0000000080000890] -> 0x0E93
mem[X,0x0000000080000892] -> 0xBFF0
[549] [M]: 0x0000000080000890 (0xBFF00E93) addi x29, x0, -0x401                     inst_77+12
x29 <- 0xFFFFFFFFFFFFFBFF

clint mtime 0x0000000000000113 (mip.MTI <- 0b1, mip.STI <- 0b0)
mem[X,0x0000000080000894] -> 0x1FB3
mem[X,0x0000000080000896] -> 0x0BDF
[550] [M]: 0x0000000080000894 (0x0BDF1FB3) clmul x31, x30, x29                      inst_77+16
x31 <- 0x7552AAAAAAAAA955

mem[X,0x0000000080000898] -> 0xBC23
mem[X,0x000000008000089A] -> 0x19F3
[551] [M]: 0x0000000080000898 (0x19F3BC23) sd x31, 0x198(x7)                        inst_77+20
mem[W,0x0000000080004380] <- 0x7552AAAAAAAAA955

clint mtime 0x0000000000000114 (mip.MTI <- 0b1, mip.STI <- 0b0)
mem[X,0x000000008000089C] -> 0x0F13
mem[X,0x000000008000089E] -> 0x0010
[552] [M]: 0x000000008000089C (0x00100F13) addi x30, x0, 0x1                        inst_78+0
x30 <- 0x0000000000000001

mem[X,0x00000000800008A0] -> 0x1F13
mem[X,0x00000000800008A2] -> 0x032F
[553] [M]: 0x00000000800008A0 (0x032F1F13) slli x30, x30, 0x32                      inst_78+4
x30 <- 0x0004000000000000

clint mtime 0x0000000000000115 (mip.MTI <- 0b1, mip.STI <- 0b0)
mem[X,0x00000000800008A4] -> 0x4F13
mem[X,0x00000000800008A6] -> 0xFFFF
[554] [M]: 0x00000000800008A4 (0xFFFF4F13) xori x30, x30, -0x1                      inst_78+8
x30 <- 0xFFFBFFFFFFFFFFFF

mem[X,0x00000000800008A8] -> 0x0E93
mem[X,0x00000000800008AA] -> 0xBFF0
[555] [M]: 0x00000000800008A8 (0xBFF00E93) addi x29, x0, -0x401                     inst_78+12
x29 <- 0xFFFFFFFFFFFFFBFF

clint mtime 0x0000000000000116 (mip.MTI <- 0b1, mip.STI <- 0b0)
mem[X,0x00000000800008AC] -> 0x1FB3
mem[X,0x00000000800008AE] -> 0x0BDF
[556] [M]: 0x00000000800008AC (0x0BDF1FB3) clmul x31, x30, x29                      inst_78+16
x31 <- 0x4556AAAAAAAAA955

mem[X,0x00000000800008B0] -> 0xB023
mem[X,0x00000000800008B2] -> 0x1BF3
[557] [M]: 0x00000000800008B0 (0x1BF3B023) sd x31, 0x1a0(x7)                        inst_78+20
mem[W,0x0000000080004388] <- 0x4556AAAAAAAAA955

clint mtime 0x0000000000000117 (mip.MTI <- 0b1, mip.STI <- 0b0)
mem[X,0x00000000800008B4] -> 0x0F13
mem[X,0x00000000800008B6] -> 0x0010
[558] [M]: 0x00000000800008B4 (0x00100F13) addi x30, x0, 0x1                        inst_79+0
x30 <- 0x0000000000000001

mem[X,0x00000000800008B8] -> 0x1F13
mem[X,0x00000000800008BA] -> 0x031F
[559] [M]: 0x00000000800008B8 (0x031F1F13) slli x30, x30, 0x31                      inst_79+4
x30 <- 0x0002000000000000

clint mtime 0x0000000000000118 (mip.MTI <- 0b1, mip.STI <- 0b0)
mem[X,0x00000000800008BC] -> 0x4F13
mem[X,0x00000000800008BE] -> 0xFFFF
[560] [M]: 0x00000000800008BC (0xFFFF4F13) xori x30, x30, -0x1                      inst_79+8
x30 <- 0xFFFDFFFFFFFFFFFF

mem[X,0x00000000800008C0] -> 0x0E93
mem[X,0x00000000800008C2] -> 0xBFF0
[561] [M]: 0x00000000800008C0 (0xBFF00E93) addi x29, x0, -0x401                     inst_79+12
x29 <- 0xFFFFFFFFFFFFFBFF

clint mtime 0x0000000000000119 (mip.MTI <- 0b1, mip.STI <- 0b0)
mem[X,0x00000000800008C4] -> 0x1FB3
mem[X,0x00000000800008C6] -> 0x0BDF
[562] [M]: 0x00000000800008C4 (0x0BDF1FB3) clmul x31, x30, x29                      inst_79+16
x31 <- 0x5D54AAAAAAAAA955

mem[X,0x00000000800008C8] -> 0xB423
mem[X,0x00000000800008CA] -> 0x1BF3
[563] [M]: 0x00000000800008C8 (0x1BF3B423) sd x31, 0x1a8(x7)                        inst_79+20
mem[W,0x0000000080004390] <- 0x5D54AAAAAAAAA955

clint mtime 0x000000000000011A (mip.MTI <- 0b1, mip.STI <- 0b0)
mem[X,0x00000000800008CC] -> 0x0F13
mem[X,0x00000000800008CE] -> 0x0010
[564] [M]: 0x00000000800008CC (0x00100F13) addi x30, x0, 0x1                        inst_80+0
x30 <- 0x0000000000000001

mem[X,0x00000000800008D0] -> 0x1F13
mem[X,0x00000000800008D2] -> 0x030F
[565] [M]: 0x00000000800008D0 (0x030F1F13) slli x30, x30, 0x30                      inst_80+4
x30 <- 0x0001000000000000

clint mtime 0x000000000000011B (mip.MTI <- 0b1, mip.STI <- 0b0)
mem[X,0x00000000800008D4] -> 0x4F13
mem[X,0x00000000800008D6] -> 0xFFFF
[566] [M]: 0x00000000800008D4 (0xFFFF4F13) xori x30, x30, -0x1                      inst_80+8
x30 <- 0xFFFEFFFFFFFFFFFF

mem[X,0x00000000800008D8] -> 0x0E93
mem[X,0x00000000800008DA] -> 0xBFF0
[567] [M]: 0x00000000800008D8 (0xBFF00E93) addi x29, x0, -0x401                     inst_80+12
x29 <- 0xFFFFFFFFFFFFFBFF

clint mtime 0x000000000000011C (mip.MTI <- 0b1, mip.STI <- 0b0)
mem[X,0x00000000800008DC] -> 0x1FB3
mem[X,0x00000000800008DE] -> 0x0BDF
[568] [M]: 0x00000000800008DC (0x0BDF1FB3) clmul x31, x30, x29                      inst_80+16
x31 <- 0x5155AAAAAAAAA955

mem[X,0x00000000800008E0] -> 0xB823
mem[X,0x00000000800008E2] -> 0x1BF3
[569] [M]: 0x00000000800008E0 (0x1BF3B823) sd x31, 0x1b0(x7)                        inst_80+20
mem[W,0x0000000080004398] <- 0x5155AAAAAAAAA955

clint mtime 0x000000000000011D (mip.MTI <- 0b1, mip.STI <- 0b0)
mem[X,0x00000000800008E4] -> 0x0F13
mem[X,0x00000000800008E6] -> 0x0010
[570] [M]: 0x00000000800008E4 (0x00100F13) addi x30, x0, 0x1                        inst_81+0
x30 <- 0x0000000000000001

mem[X,0x00000000800008E8] -> 0x1F13
mem[X,0x00000000800008EA] -> 0x02FF
[571] [M]: 0x00000000800008E8 (0x02FF1F13) slli x30, x30, 0x2f                      inst_81+4
x30 <- 0x0000800000000000

clint mtime 0x000000000000011E (mip.MTI <- 0b1, mip.STI <- 0b0)
mem[X,0x00000000800008EC] -> 0x4F13
mem[X,0x00000000800008EE] -> 0xFFFF
[572] [M]: 0x00000000800008EC (0xFFFF4F13) xori x30, x30, -0x1                      inst_81+8
x30 <- 0xFFFF7FFFFFFFFFFF

mem[X,0x00000000800008F0] -> 0x0E93
mem[X,0x00000000800008F2] -> 0xBFF0
[573] [M]: 0x00000000800008F0 (0xBFF00E93) addi x29, x0, -0x401                     inst_81+12
x29 <- 0xFFFFFFFFFFFFFBFF

clint mtime 0x000000000000011F (mip.MTI <- 0b1, mip.STI <- 0b0)
mem[X,0x00000000800008F4] -> 0x1FB3
mem[X,0x00000000800008F6] -> 0x0BDF
[574] [M]: 0x00000000800008F4 (0x0BDF1FB3) clmul x31, x30, x29                      inst_81+16
x31 <- 0x57552AAAAAAAA955

mem[X,0x00000000800008F8] -> 0xBC23
mem[X,0x00000000800008FA] -> 0x1BF3
[575] [M]: 0x00000000800008F8 (0x1BF3BC23) sd x31, 0x1b8(x7)                        inst_81+20
mem[W,0x00000000800043A0] <- 0x57552AAAAAAAA955

clint mtime 0x0000000000000120 (mip.MTI <- 0b1, mip.STI <- 0b0)
mem[X,0x00000000800008FC] -> 0x0F13
mem[X,0x00000000800008FE] -> 0x0010
[576] [M]: 0x00000000800008FC (0x00100F13) addi x30, x0, 0x1                        inst_82+0
x30 <- 0x0000000000000001

mem[X,0x0000000080000900] -> 0x1F13
mem[X,0x0000000080000902] -> 0x02EF
[577] [M]: 0x0000000080000900 (0x02EF1F13) slli x30, x30, 0x2e                      inst_82+4
x30 <- 0x0000400000000000

clint mtime 0x0000000000000121 (mip.MTI <- 0b1, mip.STI <- 0b0)
mem[X,0x0000000080000904] -> 0x4F13
mem[X,0x0000000080000906] -> 0xFFFF
[578] [M]: 0x0000000080000904 (0xFFFF4F13) xori x30, x30, -0x1                      inst_82+8
x30 <- 0xFFFFBFFFFFFFFFFF

mem[X,0x0000000080000908] -> 0x0E93
mem[X,0x000000008000090A] -> 0xBFF0
[579] [M]: 0x0000000080000908 (0xBFF00E93) addi x29, x0, -0x401                     inst_82+12
x29 <- 0xFFFFFFFFFFFFFBFF

clint mtime 0x0000000000000122 (mip.MTI <- 0b1, mip.STI <- 0b0)
mem[X,0x000000008000090C] -> 0x1FB3
mem[X,0x000000008000090E] -> 0x0BDF
[580] [M]: 0x000000008000090C (0x0BDF1FB3) clmul x31, x30, x29                      inst_82+16
x31 <- 0x54556AAAAAAAA955

mem[X,0x0000000080000910] -> 0xB023
mem[X,0x0000000080000912] -> 0x1DF3
[581] [M]: 0x0000000080000910 (0x1DF3B023) sd x31, 0x1c0(x7)                        inst_82+20
mem[W,0x00000000800043A8] <- 0x54556AAAAAAAA955

clint mtime 0x0000000000000123 (mip.MTI <- 0b1, mip.STI <- 0b0)
mem[X,0x0000000080000914] -> 0x0F13
mem[X,0x0000000080000916] -> 0x0010
[582] [M]: 0x0000000080000914 (0x00100F13) addi x30, x0, 0x1                        inst_83+0
x30 <- 0x0000000000000001

mem[X,0x0000000080000918] -> 0x1F13
mem[X,0x000000008000091A] -> 0x02DF
[583] [M]: 0x0000000080000918 (0x02DF1F13) slli x30, x30, 0x2d                      inst_83+4
x30 <- 0x0000200000000000

clint mtime 0x0000000000000124 (mip.MTI <- 0b1, mip.STI <- 0b0)
mem[X,0x000000008000091C] -> 0x4F13
mem[X,0x000000008000091E] -> 0xFFFF
[584] [M]: 0x000000008000091C (0xFFFF4F13) xori x30, x30, -0x1                      inst_83+8
x30 <- 0xFFFFDFFFFFFFFFFF

mem[X,0x0000000080000920] -> 0x0E93
mem[X,0x0000000080000922] -> 0xBFF0
[585] [M]: 0x0000000080000920 (0xBFF00E93) addi x29, x0, -0x401                     inst_83+12
x29 <- 0xFFFFFFFFFFFFFBFF

clint mtime 0x0000000000000125 (mip.MTI <- 0b1, mip.STI <- 0b0)
mem[X,0x0000000080000924] -> 0x1FB3
mem[X,0x0000000080000926] -> 0x0BDF
[586] [M]: 0x0000000080000924 (0x0BDF1FB3) clmul x31, x30, x29                      inst_83+16
x31 <- 0x55D54AAAAAAAA955

mem[X,0x0000000080000928] -> 0xB423
mem[X,0x000000008000092A] -> 0x1DF3
[587] [M]: 0x0000000080000928 (0x1DF3B423) sd x31, 0x1c8(x7)                        inst_83+20
mem[W,0x00000000800043B0] <- 0x55D54AAAAAAAA955

clint mtime 0x0000000000000126 (mip.MTI <- 0b1, mip.STI <- 0b0)
mem[X,0x000000008000092C] -> 0x0F13
mem[X,0x000000008000092E] -> 0x0010
[588] [M]: 0x000000008000092C (0x00100F13) addi x30, x0, 0x1                        inst_84+0
x30 <- 0x0000000000000001

mem[X,0x0000000080000930] -> 0x1F13
mem[X,0x0000000080000932] -> 0x02CF
[589] [M]: 0x0000000080000930 (0x02CF1F13) slli x30, x30, 0x2c                      inst_84+4
x30 <- 0x0000100000000000

clint mtime 0x0000000000000127 (mip.MTI <- 0b1, mip.STI <- 0b0)
mem[X,0x0000000080000934] -> 0x4F13
mem[X,0x0000000080000936] -> 0xFFFF
[590] [M]: 0x0000000080000934 (0xFFFF4F13) xori x30, x30, -0x1                      inst_84+8
x30 <- 0xFFFFEFFFFFFFFFFF

mem[X,0x0000000080000938] -> 0x0E93
mem[X,0x000000008000093A] -> 0xBFF0
[591] [M]: 0x0000000080000938 (0xBFF00E93) addi x29, x0, -0x401                     inst_84+12
x29 <- 0xFFFFFFFFFFFFFBFF

clint mtime 0x0000000000000128 (mip.MTI <- 0b1, mip.STI <- 0b0)
mem[X,0x000000008000093C] -> 0x1FB3
mem[X,0x000000008000093E] -> 0x0BDF
[592] [M]: 0x000000008000093C (0x0BDF1FB3) clmul x31, x30, x29                      inst_84+16
x31 <- 0x55155AAAAAAAA955

mem[X,0x0000000080000940] -> 0xB823
mem[X,0x0000000080000942] -> 0x1DF3
[593] [M]: 0x0000000080000940 (0x1DF3B823) sd x31, 0x1d0(x7)                        inst_84+20
mem[W,0x00000000800043B8] <- 0x55155AAAAAAAA955

clint mtime 0x0000000000000129 (mip.MTI <- 0b1, mip.STI <- 0b0)
mem[X,0x0000000080000944] -> 0x0F13
mem[X,0x0000000080000946] -> 0x0010
[594] [M]: 0x0000000080000944 (0x00100F13) addi x30, x0, 0x1                        inst_85+0
x30 <- 0x0000000000000001

mem[X,0x0000000080000948] -> 0x1F13
mem[X,0x000000008000094A] -> 0x02BF
[595] [M]: 0x0000000080000948 (0x02BF1F13) slli x30, x30, 0x2b                      inst_85+4
x30 <- 0x0000080000000000

clint mtime 0x000000000000012A (mip.MTI <- 0b1, mip.STI <- 0b0)
mem[X,0x000000008000094C] -> 0x4F13
mem[X,0x000000008000094E] -> 0xFFFF
[596] [M]: 0x000000008000094C (0xFFFF4F13) xori x30, x30, -0x1                      inst_85+8
x30 <- 0xFFFFF7FFFFFFFFFF

mem[X,0x0000000080000950] -> 0x0E93
mem[X,0x0000000080000952] -> 0xBFF0
[597] [M]: 0x0000000080000950 (0xBFF00E93) addi x29, x0, -0x401                     inst_85+12
x29 <- 0xFFFFFFFFFFFFFBFF

clint mtime 0x000000000000012B (mip.MTI <- 0b1, mip.STI <- 0b0)
mem[X,0x0000000080000954] -> 0x1FB3
mem[X,0x0000000080000956] -> 0x0BDF
[598] [M]: 0x0000000080000954 (0x0BDF1FB3) clmul x31, x30, x29                      inst_85+16
x31 <- 0x557552AAAAAAA955

mem[X,0x0000000080000958] -> 0xBC23
mem[X,0x000000008000095A] -> 0x1DF3
[599] [M]: 0x0000000080000958 (0x1DF3BC23) sd x31, 0x1d8(x7)                        inst_85+20
mem[W,0x00000000800043C0] <- 0x557552AAAAAAA955

clint mtime 0x000000000000012C (mip.MTI <- 0b1, mip.STI <- 0b0)
mem[X,0x000000008000095C] -> 0x0F13
mem[X,0x000000008000095E] -> 0x0010
[600] [M]: 0x000000008000095C (0x00100F13) addi x30, x0, 0x1                        inst_86+0
x30 <- 0x0000000000000001

mem[X,0x0000000080000960] -> 0x1F13
mem[X,0x0000000080000962] -> 0x02AF
[601] [M]: 0x0000000080000960 (0x02AF1F13) slli x30, x30, 0x2a                      inst_86+4
x30 <- 0x0000040000000000

clint mtime 0x000000000000012D (mip.MTI <- 0b1, mip.STI <- 0b0)
mem[X,0x0000000080000964] -> 0x4F13
mem[X,0x0000000080000966] -> 0xFFFF
[602] [M]: 0x0000000080000964 (0xFFFF4F13) xori x30, x30, -0x1                      inst_86+8
x30 <- 0xFFFFFBFFFFFFFFFF

mem[X,0x0000000080000968] -> 0x0E93
mem[X,0x000000008000096A] -> 0xBFF0
[603] [M]: 0x0000000080000968 (0xBFF00E93) addi x29, x0, -0x401                     inst_86+12
x29 <- 0xFFFFFFFFFFFFFBFF

clint mtime 0x000000000000012E (mip.MTI <- 0b1, mip.STI <- 0b0)
mem[X,0x000000008000096C] -> 0x1FB3
mem[X,0x000000008000096E] -> 0x0BDF
[604] [M]: 0x000000008000096C (0x0BDF1FB3) clmul x31, x30, x29                      inst_86+16
x31 <- 0x554556AAAAAAA955

mem[X,0x0000000080000970] -> 0xB023
mem[X,0x0000000080000972] -> 0x1FF3
[605] [M]: 0x0000000080000970 (0x1FF3B023) sd x31, 0x1e0(x7)                        inst_86+20
mem[W,0x00000000800043C8] <- 0x554556AAAAAAA955

clint mtime 0x000000000000012F (mip.MTI <- 0b1, mip.STI <- 0b0)
mem[X,0x0000000080000974] -> 0x0F13
mem[X,0x0000000080000976] -> 0x0010
[606] [M]: 0x0000000080000974 (0x00100F13) addi x30, x0, 0x1                        inst_87+0
x30 <- 0x0000000000000001

mem[X,0x0000000080000978] -> 0x1F13
mem[X,0x000000008000097A] -> 0x029F
[607] [M]: 0x0000000080000978 (0x029F1F13) slli x30, x30, 0x29                      inst_87+4
x30 <- 0x0000020000000000

clint mtime 0x0000000000000130 (mip.MTI <- 0b1, mip.STI <- 0b0)
mem[X,0x000000008000097C] -> 0x4F13
mem[X,0x000000008000097E] -> 0xFFFF
[608] [M]: 0x000000008000097C (0xFFFF4F13) xori x30, x30, -0x1                      inst_87+8
x30 <- 0xFFFFFDFFFFFFFFFF

mem[X,0x0000000080000980] -> 0x0E93
mem[X,0x0000000080000982] -> 0xBFF0
[609] [M]: 0x0000000080000980 (0xBFF00E93) addi x29, x0, -0x401                     inst_87+12
x29 <- 0xFFFFFFFFFFFFFBFF

clint mtime 0x0000000000000131 (mip.MTI <- 0b1, mip.STI <- 0b0)
mem[X,0x0000000080000984] -> 0x1FB3
mem[X,0x0000000080000986] -> 0x0BDF
[610] [M]: 0x0000000080000984 (0x0BDF1FB3) clmul x31, x30, x29                      inst_87+16
x31 <- 0x555D54AAAAAAA955

mem[X,0x0000000080000988] -> 0xB423
mem[X,0x000000008000098A] -> 0x1FF3
[611] [M]: 0x0000000080000988 (0x1FF3B423) sd x31, 0x1e8(x7)                        inst_87+20
mem[W,0x00000000800043D0] <- 0x555D54AAAAAAA955

clint mtime 0x0000000000000132 (mip.MTI <- 0b1, mip.STI <- 0b0)
mem[X,0x000000008000098C] -> 0x0F13
mem[X,0x000000008000098E] -> 0x0010
[612] [M]: 0x000000008000098C (0x00100F13) addi x30, x0, 0x1                        inst_88+0
x30 <- 0x0000000000000001

mem[X,0x0000000080000990] -> 0x1F13
mem[X,0x0000000080000992] -> 0x028F
[613] [M]: 0x0000000080000990 (0x028F1F13) slli x30, x30, 0x28                      inst_88+4
x30 <- 0x0000010000000000

clint mtime 0x0000000000000133 (mip.MTI <- 0b1, mip.STI <- 0b0)
mem[X,0x0000000080000994] -> 0x4F13
mem[X,0x0000000080000996] -> 0xFFFF
[614] [M]: 0x0000000080000994 (0xFFFF4F13) xori x30, x30, -0x1                      inst_88+8
x30 <- 0xFFFFFEFFFFFFFFFF

mem[X,0x0000000080000998] -> 0x0E93
mem[X,0x000000008000099A] -> 0xBFF0
[615] [M]: 0x0000000080000998 (0xBFF00E93) addi x29, x0, -0x401                     inst_88+12
x29 <- 0xFFFFFFFFFFFFFBFF

clint mtime 0x0000000000000134 (mip.MTI <- 0b1, mip.STI <- 0b0)
mem[X,0x000000008000099C] -> 0x1FB3
mem[X,0x000000008000099E] -> 0x0BDF
[616] [M]: 0x000000008000099C (0x0BDF1FB3) clmul x31, x30, x29                      inst_88+16
x31 <- 0x555155AAAAAAA955

mem[X,0x00000000800009A0] -> 0xB823
mem[X,0x00000000800009A2] -> 0x1FF3
[617] [M]: 0x00000000800009A0 (0x1FF3B823) sd x31, 0x1f0(x7)                        inst_88+20
mem[W,0x00000000800043D8] <- 0x555155AAAAAAA955

clint mtime 0x0000000000000135 (mip.MTI <- 0b1, mip.STI <- 0b0)
mem[X,0x00000000800009A4] -> 0x0F13
mem[X,0x00000000800009A6] -> 0x0010
[618] [M]: 0x00000000800009A4 (0x00100F13) addi x30, x0, 0x1                        inst_89+0
x30 <- 0x0000000000000001

mem[X,0x00000000800009A8] -> 0x1F13
mem[X,0x00000000800009AA] -> 0x027F
[619] [M]: 0x00000000800009A8 (0x027F1F13) slli x30, x30, 0x27                      inst_89+4
x30 <- 0x0000008000000000

clint mtime 0x0000000000000136 (mip.MTI <- 0b1, mip.STI <- 0b0)
mem[X,0x00000000800009AC] -> 0x4F13
mem[X,0x00000000800009AE] -> 0xFFFF
[620] [M]: 0x00000000800009AC (0xFFFF4F13) xori x30, x30, -0x1                      inst_89+8
x30 <- 0xFFFFFF7FFFFFFFFF

mem[X,0x00000000800009B0] -> 0x0E93
mem[X,0x00000000800009B2] -> 0xBFF0
[621] [M]: 0x00000000800009B0 (0xBFF00E93) addi x29, x0, -0x401                     inst_89+12
x29 <- 0xFFFFFFFFFFFFFBFF

clint mtime 0x0000000000000137 (mip.MTI <- 0b1, mip.STI <- 0b0)
mem[X,0x00000000800009B4] -> 0x1FB3
mem[X,0x00000000800009B6] -> 0x0BDF
[622] [M]: 0x00000000800009B4 (0x0BDF1FB3) clmul x31, x30, x29                      inst_89+16
x31 <- 0x5557552AAAAAA955

mem[X,0x00000000800009B8] -> 0xBC23
mem[X,0x00000000800009BA] -> 0x1FF3
[623] [M]: 0x00000000800009B8 (0x1FF3BC23) sd x31, 0x1f8(x7)                        inst_89+20
mem[W,0x00000000800043E0] <- 0x5557552AAAAAA955

clint mtime 0x0000000000000138 (mip.MTI <- 0b1, mip.STI <- 0b0)
mem[X,0x00000000800009BC] -> 0x0F13
mem[X,0x00000000800009BE] -> 0x0010
[624] [M]: 0x00000000800009BC (0x00100F13) addi x30, x0, 0x1                        inst_90+0
x30 <- 0x0000000000000001

mem[X,0x00000000800009C0] -> 0x1F13
mem[X,0x00000000800009C2] -> 0x026F
[625] [M]: 0x00000000800009C0 (0x026F1F13) slli x30, x30, 0x26                      inst_90+4
x30 <- 0x0000004000000000

clint mtime 0x0000000000000139 (mip.MTI <- 0b1, mip.STI <- 0b0)
mem[X,0x00000000800009C4] -> 0x4F13
mem[X,0x00000000800009C6] -> 0xFFFF
[626] [M]: 0x00000000800009C4 (0xFFFF4F13) xori x30, x30, -0x1                      inst_90+8
x30 <- 0xFFFFFFBFFFFFFFFF

mem[X,0x00000000800009C8] -> 0x0E93
mem[X,0x00000000800009CA] -> 0xBFF0
[627] [M]: 0x00000000800009C8 (0xBFF00E93) addi x29, x0, -0x401                     inst_90+12
x29 <- 0xFFFFFFFFFFFFFBFF

clint mtime 0x000000000000013A (mip.MTI <- 0b1, mip.STI <- 0b0)
mem[X,0x00000000800009CC] -> 0x1FB3
mem[X,0x00000000800009CE] -> 0x0BDF
[628] [M]: 0x00000000800009CC (0x0BDF1FB3) clmul x31, x30, x29                      inst_90+16
x31 <- 0x5554556AAAAAA955

mem[X,0x00000000800009D0] -> 0xB023
mem[X,0x00000000800009D2] -> 0x21F3
[629] [M]: 0x00000000800009D0 (0x21F3B023) sd x31, 0x200(x7)                        inst_90+20
mem[W,0x00000000800043E8] <- 0x5554556AAAAAA955

clint mtime 0x000000000000013B (mip.MTI <- 0b1, mip.STI <- 0b0)
mem[X,0x00000000800009D4] -> 0x0F13
mem[X,0x00000000800009D6] -> 0x0010
[630] [M]: 0x00000000800009D4 (0x00100F13) addi x30, x0, 0x1                        inst_91+0
x30 <- 0x0000000000000001

mem[X,0x00000000800009D8] -> 0x1F13
mem[X,0x00000000800009DA] -> 0x025F
[631] [M]: 0x00000000800009D8 (0x025F1F13) slli x30, x30, 0x25                      inst_91+4
x30 <- 0x0000002000000000

clint mtime 0x000000000000013C (mip.MTI <- 0b1, mip.STI <- 0b0)
mem[X,0x00000000800009DC] -> 0x4F13
mem[X,0x00000000800009DE] -> 0xFFFF
[632] [M]: 0x00000000800009DC (0xFFFF4F13) xori x30, x30, -0x1                      inst_91+8
x30 <- 0xFFFFFFDFFFFFFFFF

mem[X,0x00000000800009E0] -> 0x0E93
mem[X,0x00000000800009E2] -> 0xBFF0
[633] [M]: 0x00000000800009E0 (0xBFF00E93) addi x29, x0, -0x401                     inst_91+12
x29 <- 0xFFFFFFFFFFFFFBFF

clint mtime 0x000000000000013D (mip.MTI <- 0b1, mip.STI <- 0b0)
mem[X,0x00000000800009E4] -> 0x1FB3
mem[X,0x00000000800009E6] -> 0x0BDF
[634] [M]: 0x00000000800009E4 (0x0BDF1FB3) clmul x31, x30, x29                      inst_91+16
x31 <- 0x5555D54AAAAAA955

mem[X,0x00000000800009E8] -> 0xB423
mem[X,0x00000000800009EA] -> 0x21F3
[635] [M]: 0x00000000800009E8 (0x21F3B423) sd x31, 0x208(x7)                        inst_91+20
mem[W,0x00000000800043F0] <- 0x5555D54AAAAAA955

clint mtime 0x000000000000013E (mip.MTI <- 0b1, mip.STI <- 0b0)
mem[X,0x00000000800009EC] -> 0x0F13
mem[X,0x00000000800009EE] -> 0x0010
[636] [M]: 0x00000000800009EC (0x00100F13) addi x30, x0, 0x1                        inst_92+0
x30 <- 0x0000000000000001

mem[X,0x00000000800009F0] -> 0x1F13
mem[X,0x00000000800009F2] -> 0x024F
[637] [M]: 0x00000000800009F0 (0x024F1F13) slli x30, x30, 0x24                      inst_92+4
x30 <- 0x0000001000000000

clint mtime 0x000000000000013F (mip.MTI <- 0b1, mip.STI <- 0b0)
mem[X,0x00000000800009F4] -> 0x4F13
mem[X,0x00000000800009F6] -> 0xFFFF
[638] [M]: 0x00000000800009F4 (0xFFFF4F13) xori x30, x30, -0x1                      inst_92+8
x30 <- 0xFFFFFFEFFFFFFFFF

mem[X,0x00000000800009F8] -> 0x0E93
mem[X,0x00000000800009FA] -> 0xBFF0
[639] [M]: 0x00000000800009F8 (0xBFF00E93) addi x29, x0, -0x401                     inst_92+12
x29 <- 0xFFFFFFFFFFFFFBFF

clint mtime 0x0000000000000140 (mip.MTI <- 0b1, mip.STI <- 0b0)
mem[X,0x00000000800009FC] -> 0x1FB3
mem[X,0x00000000800009FE] -> 0x0BDF
[640] [M]: 0x00000000800009FC (0x0BDF1FB3) clmul x31, x30, x29                      inst_92+16
x31 <- 0x5555155AAAAAA955

mem[X,0x0000000080000A00] -> 0xB823
mem[X,0x0000000080000A02] -> 0x21F3
[641] [M]: 0x0000000080000A00 (0x21F3B823) sd x31, 0x210(x7)                        inst_92+20
mem[W,0x00000000800043F8] <- 0x5555155AAAAAA955

clint mtime 0x0000000000000141 (mip.MTI <- 0b1, mip.STI <- 0b0)
mem[X,0x0000000080000A04] -> 0x0F13
mem[X,0x0000000080000A06] -> 0x0010
[642] [M]: 0x0000000080000A04 (0x00100F13) addi x30, x0, 0x1                        inst_93+0
x30 <- 0x0000000000000001

mem[X,0x0000000080000A08] -> 0x1F13
mem[X,0x0000000080000A0A] -> 0x023F
[643] [M]: 0x0000000080000A08 (0x023F1F13) slli x30, x30, 0x23                      inst_93+4
x30 <- 0x0000000800000000

clint mtime 0x0000000000000142 (mip.MTI <- 0b1, mip.STI <- 0b0)
mem[X,0x0000000080000A0C] -> 0x4F13
mem[X,0x0000000080000A0E] -> 0xFFFF
[644] [M]: 0x0000000080000A0C (0xFFFF4F13) xori x30, x30, -0x1                      inst_93+8
x30 <- 0xFFFFFFF7FFFFFFFF

mem[X,0x0000000080000A10] -> 0x0E93
mem[X,0x0000000080000A12] -> 0xBFF0
[645] [M]: 0x0000000080000A10 (0xBFF00E93) addi x29, x0, -0x401                     inst_93+12
x29 <- 0xFFFFFFFFFFFFFBFF

clint mtime 0x0000000000000143 (mip.MTI <- 0b1, mip.STI <- 0b0)
mem[X,0x0000000080000A14] -> 0x1FB3
mem[X,0x0000000080000A16] -> 0x0BDF
[646] [M]: 0x0000000080000A14 (0x0BDF1FB3) clmul x31, x30, x29                      inst_93+16
x31 <- 0x55557552AAAAA955

mem[X,0x0000000080000A18] -> 0xBC23
mem[X,0x0000000080000A1A] -> 0x21F3
[647] [M]: 0x0000000080000A18 (0x21F3BC23) sd x31, 0x218(x7)                        inst_93+20
mem[W,0x0000000080004400] <- 0x55557552AAAAA955

clint mtime 0x0000000000000144 (mip.MTI <- 0b1, mip.STI <- 0b0)
mem[X,0x0000000080000A1C] -> 0x0F13
mem[X,0x0000000080000A1E] -> 0x0010
[648] [M]: 0x0000000080000A1C (0x00100F13) addi x30, x0, 0x1                        inst_94+0
x30 <- 0x0000000000000001

mem[X,0x0000000080000A20] -> 0x1F13
mem[X,0x0000000080000A22] -> 0x022F
[649] [M]: 0x0000000080000A20 (0x022F1F13) slli x30, x30, 0x22                      inst_94+4
x30 <- 0x0000000400000000

clint mtime 0x0000000000000145 (mip.MTI <- 0b1, mip.STI <- 0b0)
mem[X,0x0000000080000A24] -> 0x4F13
mem[X,0x0000000080000A26] -> 0xFFFF
[650] [M]: 0x0000000080000A24 (0xFFFF4F13) xori x30, x30, -0x1                      inst_94+8
x30 <- 0xFFFFFFFBFFFFFFFF

mem[X,0x0000000080000A28] -> 0x0E93
mem[X,0x0000000080000A2A] -> 0xBFF0
[651] [M]: 0x0000000080000A28 (0xBFF00E93) addi x29, x0, -0x401                     inst_94+12
x29 <- 0xFFFFFFFFFFFFFBFF

clint mtime 0x0000000000000146 (mip.MTI <- 0b1, mip.STI <- 0b0)
mem[X,0x0000000080000A2C] -> 0x1FB3
mem[X,0x0000000080000A2E] -> 0x0BDF
[652] [M]: 0x0000000080000A2C (0x0BDF1FB3) clmul x31, x30, x29                      inst_94+16
x31 <- 0x55554556AAAAA955

mem[X,0x0000000080000A30] -> 0xB023
mem[X,0x0000000080000A32] -> 0x23F3
[653] [M]: 0x0000000080000A30 (0x23F3B023) sd x31, 0x220(x7)                        inst_94+20
mem[W,0x0000000080004408] <- 0x55554556AAAAA955

clint mtime 0x0000000000000147 (mip.MTI <- 0b1, mip.STI <- 0b0)
mem[X,0x0000000080000A34] -> 0x0F13
mem[X,0x0000000080000A36] -> 0x0010
[654] [M]: 0x0000000080000A34 (0x00100F13) addi x30, x0, 0x1                        inst_95+0
x30 <- 0x0000000000000001

mem[X,0x0000000080000A38] -> 0x1F13
mem[X,0x0000000080000A3A] -> 0x021F
[655] [M]: 0x0000000080000A38 (0x021F1F13) slli x30, x30, 0x21                      inst_95+4
x30 <- 0x0000000200000000

clint mtime 0x0000000000000148 (mip.MTI <- 0b1, mip.STI <- 0b0)
mem[X,0x0000000080000A3C] -> 0x4F13
mem[X,0x0000000080000A3E] -> 0xFFFF
[656] [M]: 0x0000000080000A3C (0xFFFF4F13) xori x30, x30, -0x1                      inst_95+8
x30 <- 0xFFFFFFFDFFFFFFFF

mem[X,0x0000000080000A40] -> 0x0E93
mem[X,0x0000000080000A42] -> 0xBFF0
[657] [M]: 0x0000000080000A40 (0xBFF00E93) addi x29, x0, -0x401                     inst_95+12
x29 <- 0xFFFFFFFFFFFFFBFF

clint mtime 0x0000000000000149 (mip.MTI <- 0b1, mip.STI <- 0b0)
mem[X,0x0000000080000A44] -> 0x1FB3
mem[X,0x0000000080000A46] -> 0x0BDF
[658] [M]: 0x0000000080000A44 (0x0BDF1FB3) clmul x31, x30, x29                      inst_95+16
x31 <- 0x55555D54AAAAA955

mem[X,0x0000000080000A48] -> 0xB423
mem[X,0x0000000080000A4A] -> 0x23F3
[659] [M]: 0x0000000080000A48 (0x23F3B423) sd x31, 0x228(x7)                        inst_95+20
mem[W,0x0000000080004410] <- 0x55555D54AAAAA955

clint mtime 0x000000000000014A (mip.MTI <- 0b1, mip.STI <- 0b0)
mem[X,0x0000000080000A4C] -> 0x0F13
mem[X,0x0000000080000A4E] -> 0x0010
[660] [M]: 0x0000000080000A4C (0x00100F13) addi x30, x0, 0x1                        inst_96+0
x30 <- 0x0000000000000001

mem[X,0x0000000080000A50] -> 0x1F13
mem[X,0x0000000080000A52] -> 0x020F
[661] [M]: 0x0000000080000A50 (0x020F1F13) slli x30, x30, 0x20                      inst_96+4
x30 <- 0x0000000100000000

clint mtime 0x000000000000014B (mip.MTI <- 0b1, mip.STI <- 0b0)
mem[X,0x0000000080000A54] -> 0x4F13
mem[X,0x0000000080000A56] -> 0xFFFF
[662] [M]: 0x0000000080000A54 (0xFFFF4F13) xori x30, x30, -0x1                      inst_96+8
x30 <- 0xFFFFFFFEFFFFFFFF

mem[X,0x0000000080000A58] -> 0x0E93
mem[X,0x0000000080000A5A] -> 0xBFF0
[663] [M]: 0x0000000080000A58 (0xBFF00E93) addi x29, x0, -0x401                     inst_96+12
x29 <- 0xFFFFFFFFFFFFFBFF

clint mtime 0x000000000000014C (mip.MTI <- 0b1, mip.STI <- 0b0)
mem[X,0x0000000080000A5C] -> 0x1FB3
mem[X,0x0000000080000A5E] -> 0x0BDF
[664] [M]: 0x0000000080000A5C (0x0BDF1FB3) clmul x31, x30, x29                      inst_96+16
x31 <- 0x55555155AAAAA955

mem[X,0x0000000080000A60] -> 0xB823
mem[X,0x0000000080000A62] -> 0x23F3
[665] [M]: 0x0000000080000A60 (0x23F3B823) sd x31, 0x230(x7)                        inst_96+20
mem[W,0x0000000080004418] <- 0x55555155AAAAA955

clint mtime 0x000000000000014D (mip.MTI <- 0b1, mip.STI <- 0b0)
mem[X,0x0000000080000A64] -> 0x0F13
mem[X,0x0000000080000A66] -> 0x0010
[666] [M]: 0x0000000080000A64 (0x00100F13) addi x30, x0, 0x1                        inst_97+0
x30 <- 0x0000000000000001

mem[X,0x0000000080000A68] -> 0x1F13
mem[X,0x0000000080000A6A] -> 0x01FF
[667] [M]: 0x0000000080000A68 (0x01FF1F13) slli x30, x30, 0x1f                      inst_97+4
x30 <- 0x0000000080000000

clint mtime 0x000000000000014E (mip.MTI <- 0b1, mip.STI <- 0b0)
mem[X,0x0000000080000A6C] -> 0x4F13
mem[X,0x0000000080000A6E] -> 0xFFFF
[668] [M]: 0x0000000080000A6C (0xFFFF4F13) xori x30, x30, -0x1                      inst_97+8
x30 <- 0xFFFFFFFF7FFFFFFF

mem[X,0x0000000080000A70] -> 0x0E93
mem[X,0x0000000080000A72] -> 0xBFF0
[669] [M]: 0x0000000080000A70 (0xBFF00E93) addi x29, x0, -0x401                     inst_97+12
x29 <- 0xFFFFFFFFFFFFFBFF

clint mtime 0x000000000000014F (mip.MTI <- 0b1, mip.STI <- 0b0)
mem[X,0x0000000080000A74] -> 0x1FB3
mem[X,0x0000000080000A76] -> 0x0BDF
[670] [M]: 0x0000000080000A74 (0x0BDF1FB3) clmul x31, x30, x29                      inst_97+16
x31 <- 0x555557552AAAA955

mem[X,0x0000000080000A78] -> 0xBC23
mem[X,0x0000000080000A7A] -> 0x23F3
[671] [M]: 0x0000000080000A78 (0x23F3BC23) sd x31, 0x238(x7)                        inst_97+20
mem[W,0x0000000080004420] <- 0x555557552AAAA955

clint mtime 0x0000000000000150 (mip.MTI <- 0b1, mip.STI <- 0b0)
mem[X,0x0000000080000A7C] -> 0x0F13
mem[X,0x0000000080000A7E] -> 0x0010
[672] [M]: 0x0000000080000A7C (0x00100F13) addi x30, x0, 0x1                        inst_98+0
x30 <- 0x0000000000000001

mem[X,0x0000000080000A80] -> 0x1F13
mem[X,0x0000000080000A82] -> 0x01EF
[673] [M]: 0x0000000080000A80 (0x01EF1F13) slli x30, x30, 0x1e                      inst_98+4
x30 <- 0x0000000040000000

clint mtime 0x0000000000000151 (mip.MTI <- 0b1, mip.STI <- 0b0)
mem[X,0x0000000080000A84] -> 0x4F13
mem[X,0x0000000080000A86] -> 0xFFFF
[674] [M]: 0x0000000080000A84 (0xFFFF4F13) xori x30, x30, -0x1                      inst_98+8
x30 <- 0xFFFFFFFFBFFFFFFF

mem[X,0x0000000080000A88] -> 0x0E93
mem[X,0x0000000080000A8A] -> 0xBFF0
[675] [M]: 0x0000000080000A88 (0xBFF00E93) addi x29, x0, -0x401                     inst_98+12
x29 <- 0xFFFFFFFFFFFFFBFF

clint mtime 0x0000000000000152 (mip.MTI <- 0b1, mip.STI <- 0b0)
mem[X,0x0000000080000A8C] -> 0x1FB3
mem[X,0x0000000080000A8E] -> 0x0BDF
[676] [M]: 0x0000000080000A8C (0x0BDF1FB3) clmul x31, x30, x29                      inst_98+16
x31 <- 0x555554556AAAA955

mem[X,0x0000000080000A90] -> 0xB023
mem[X,0x0000000080000A92] -> 0x25F3
[677] [M]: 0x0000000080000A90 (0x25F3B023) sd x31, 0x240(x7)                        inst_98+20
mem[W,0x0000000080004428] <- 0x555554556AAAA955

clint mtime 0x0000000000000153 (mip.MTI <- 0b1, mip.STI <- 0b0)
mem[X,0x0000000080000A94] -> 0x0F13
mem[X,0x0000000080000A96] -> 0x0010
[678] [M]: 0x0000000080000A94 (0x00100F13) addi x30, x0, 0x1                        inst_99+0
x30 <- 0x0000000000000001

mem[X,0x0000000080000A98] -> 0x1F13
mem[X,0x0000000080000A9A] -> 0x01DF
[679] [M]: 0x0000000080000A98 (0x01DF1F13) slli x30, x30, 0x1d                      inst_99+4
x30 <- 0x0000000020000000

clint mtime 0x0000000000000154 (mip.MTI <- 0b1, mip.STI <- 0b0)
mem[X,0x0000000080000A9C] -> 0x4F13
mem[X,0x0000000080000A9E] -> 0xFFFF
[680] [M]: 0x0000000080000A9C (0xFFFF4F13) xori x30, x30, -0x1                      inst_99+8
x30 <- 0xFFFFFFFFDFFFFFFF

mem[X,0x0000000080000AA0] -> 0x0E93
mem[X,0x0000000080000AA2] -> 0xBFF0
[681] [M]: 0x0000000080000AA0 (0xBFF00E93) addi x29, x0, -0x401                     inst_99+12
x29 <- 0xFFFFFFFFFFFFFBFF

clint mtime 0x0000000000000155 (mip.MTI <- 0b1, mip.STI <- 0b0)
mem[X,0x0000000080000AA4] -> 0x1FB3
mem[X,0x0000000080000AA6] -> 0x0BDF
[682] [M]: 0x0000000080000AA4 (0x0BDF1FB3) clmul x31, x30, x29                      inst_99+16
x31 <- 0x555555D54AAAA955

mem[X,0x0000000080000AA8] -> 0xB423
mem[X,0x0000000080000AAA] -> 0x25F3
[683] [M]: 0x0000000080000AA8 (0x25F3B423) sd x31, 0x248(x7)                        inst_99+20
mem[W,0x0000000080004430] <- 0x555555D54AAAA955

clint mtime 0x0000000000000156 (mip.MTI <- 0b1, mip.STI <- 0b0)
mem[X,0x0000000080000AAC] -> 0x0F13
mem[X,0x0000000080000AAE] -> 0x0010
[684] [M]: 0x0000000080000AAC (0x00100F13) addi x30, x0, 0x1                        inst_100+0
x30 <- 0x0000000000000001

mem[X,0x0000000080000AB0] -> 0x1F13
mem[X,0x0000000080000AB2] -> 0x01CF
[685] [M]: 0x0000000080000AB0 (0x01CF1F13) slli x30, x30, 0x1c                      inst_100+4
x30 <- 0x0000000010000000

clint mtime 0x0000000000000157 (mip.MTI <- 0b1, mip.STI <- 0b0)
mem[X,0x0000000080000AB4] -> 0x4F13
mem[X,0x0000000080000AB6] -> 0xFFFF
[686] [M]: 0x0000000080000AB4 (0xFFFF4F13) xori x30, x30, -0x1                      inst_100+8
x30 <- 0xFFFFFFFFEFFFFFFF

mem[X,0x0000000080000AB8] -> 0x0E93
mem[X,0x0000000080000ABA] -> 0xBFF0
[687] [M]: 0x0000000080000AB8 (0xBFF00E93) addi x29, x0, -0x401                     inst_100+12
x29 <- 0xFFFFFFFFFFFFFBFF

clint mtime 0x0000000000000158 (mip.MTI <- 0b1, mip.STI <- 0b0)
mem[X,0x0000000080000ABC] -> 0x1FB3
mem[X,0x0000000080000ABE] -> 0x0BDF
[688] [M]: 0x0000000080000ABC (0x0BDF1FB3) clmul x31, x30, x29                      inst_100+16
x31 <- 0x555555155AAAA955

mem[X,0x0000000080000AC0] -> 0xB823
mem[X,0x0000000080000AC2] -> 0x25F3
[689] [M]: 0x0000000080000AC0 (0x25F3B823) sd x31, 0x250(x7)                        inst_100+20
mem[W,0x0000000080004438] <- 0x555555155AAAA955

clint mtime 0x0000000000000159 (mip.MTI <- 0b1, mip.STI <- 0b0)
mem[X,0x0000000080000AC4] -> 0x0F13
mem[X,0x0000000080000AC6] -> 0x0010
[690] [M]: 0x0000000080000AC4 (0x00100F13) addi x30, x0, 0x1                        inst_101+0
x30 <- 0x0000000000000001

mem[X,0x0000000080000AC8] -> 0x1F13
mem[X,0x0000000080000ACA] -> 0x01BF
[691] [M]: 0x0000000080000AC8 (0x01BF1F13) slli x30, x30, 0x1b                      inst_101+4
x30 <- 0x0000000008000000

clint mtime 0x000000000000015A (mip.MTI <- 0b1, mip.STI <- 0b0)
mem[X,0x0000000080000ACC] -> 0x4F13
mem[X,0x0000000080000ACE] -> 0xFFFF
[692] [M]: 0x0000000080000ACC (0xFFFF4F13) xori x30, x30, -0x1                      inst_101+8
x30 <- 0xFFFFFFFFF7FFFFFF

mem[X,0x0000000080000AD0] -> 0x0E93
mem[X,0x0000000080000AD2] -> 0xBFF0
[693] [M]: 0x0000000080000AD0 (0xBFF00E93) addi x29, x0, -0x401                     inst_101+12
x29 <- 0xFFFFFFFFFFFFFBFF

clint mtime 0x000000000000015B (mip.MTI <- 0b1, mip.STI <- 0b0)
mem[X,0x0000000080000AD4] -> 0x1FB3
mem[X,0x0000000080000AD6] -> 0x0BDF
[694] [M]: 0x0000000080000AD4 (0x0BDF1FB3) clmul x31, x30, x29                      inst_101+16
x31 <- 0x5555557552AAA955

mem[X,0x0000000080000AD8] -> 0xBC23
mem[X,0x0000000080000ADA] -> 0x25F3
[695] [M]: 0x0000000080000AD8 (0x25F3BC23) sd x31, 0x258(x7)                        inst_101+20
mem[W,0x0000000080004440] <- 0x5555557552AAA955

clint mtime 0x000000000000015C (mip.MTI <- 0b1, mip.STI <- 0b0)
mem[X,0x0000000080000ADC] -> 0x0F13
mem[X,0x0000000080000ADE] -> 0x0010
[696] [M]: 0x0000000080000ADC (0x00100F13) addi x30, x0, 0x1                        inst_102+0
x30 <- 0x0000000000000001

mem[X,0x0000000080000AE0] -> 0x1F13
mem[X,0x0000000080000AE2] -> 0x01AF
[697] [M]: 0x0000000080000AE0 (0x01AF1F13) slli x30, x30, 0x1a                      inst_102+4
x30 <- 0x0000000004000000

clint mtime 0x000000000000015D (mip.MTI <- 0b1, mip.STI <- 0b0)
mem[X,0x0000000080000AE4] -> 0x4F13
mem[X,0x0000000080000AE6] -> 0xFFFF
[698] [M]: 0x0000000080000AE4 (0xFFFF4F13) xori x30, x30, -0x1                      inst_102+8
x30 <- 0xFFFFFFFFFBFFFFFF

mem[X,0x0000000080000AE8] -> 0x0E93
mem[X,0x0000000080000AEA] -> 0xBFF0
[699] [M]: 0x0000000080000AE8 (0xBFF00E93) addi x29, x0, -0x401                     inst_102+12
x29 <- 0xFFFFFFFFFFFFFBFF

clint mtime 0x000000000000015E (mip.MTI <- 0b1, mip.STI <- 0b0)
mem[X,0x0000000080000AEC] -> 0x1FB3
mem[X,0x0000000080000AEE] -> 0x0BDF
[700] [M]: 0x0000000080000AEC (0x0BDF1FB3) clmul x31, x30, x29                      inst_102+16
x31 <- 0x5555554556AAA955

mem[X,0x0000000080000AF0] -> 0xB023
mem[X,0x0000000080000AF2] -> 0x27F3
[701] [M]: 0x0000000080000AF0 (0x27F3B023) sd x31, 0x260(x7)                        inst_102+20
mem[W,0x0000000080004448] <- 0x5555554556AAA955

clint mtime 0x000000000000015F (mip.MTI <- 0b1, mip.STI <- 0b0)
mem[X,0x0000000080000AF4] -> 0x0F13
mem[X,0x0000000080000AF6] -> 0x0010
[702] [M]: 0x0000000080000AF4 (0x00100F13) addi x30, x0, 0x1                        inst_103+0
x30 <- 0x0000000000000001

mem[X,0x0000000080000AF8] -> 0x1F13
mem[X,0x0000000080000AFA] -> 0x019F
[703] [M]: 0x0000000080000AF8 (0x019F1F13) slli x30, x30, 0x19                      inst_103+4
x30 <- 0x0000000002000000

clint mtime 0x0000000000000160 (mip.MTI <- 0b1, mip.STI <- 0b0)
mem[X,0x0000000080000AFC] -> 0x4F13
mem[X,0x0000000080000AFE] -> 0xFFFF
[704] [M]: 0x0000000080000AFC (0xFFFF4F13) xori x30, x30, -0x1                      inst_103+8
x30 <- 0xFFFFFFFFFDFFFFFF

mem[X,0x0000000080000B00] -> 0x0E93
mem[X,0x0000000080000B02] -> 0xBFF0
[705] [M]: 0x0000000080000B00 (0xBFF00E93) addi x29, x0, -0x401                     inst_103+12
x29 <- 0xFFFFFFFFFFFFFBFF

clint mtime 0x0000000000000161 (mip.MTI <- 0b1, mip.STI <- 0b0)
mem[X,0x0000000080000B04] -> 0x1FB3
mem[X,0x0000000080000B06] -> 0x0BDF
[706] [M]: 0x0000000080000B04 (0x0BDF1FB3) clmul x31, x30, x29                      inst_103+16
x31 <- 0x5555555D54AAA955

mem[X,0x0000000080000B08] -> 0xB423
mem[X,0x0000000080000B0A] -> 0x27F3
[707] [M]: 0x0000000080000B08 (0x27F3B423) sd x31, 0x268(x7)                        inst_103+20
mem[W,0x0000000080004450] <- 0x5555555D54AAA955

clint mtime 0x0000000000000162 (mip.MTI <- 0b1, mip.STI <- 0b0)
mem[X,0x0000000080000B0C] -> 0x0F13
mem[X,0x0000000080000B0E] -> 0x0010
[708] [M]: 0x0000000080000B0C (0x00100F13) addi x30, x0, 0x1                        inst_104+0
x30 <- 0x0000000000000001

mem[X,0x0000000080000B10] -> 0x1F13
mem[X,0x0000000080000B12] -> 0x018F
[709] [M]: 0x0000000080000B10 (0x018F1F13) slli x30, x30, 0x18                      inst_104+4
x30 <- 0x0000000001000000

clint mtime 0x0000000000000163 (mip.MTI <- 0b1, mip.STI <- 0b0)
mem[X,0x0000000080000B14] -> 0x4F13
mem[X,0x0000000080000B16] -> 0xFFFF
[710] [M]: 0x0000000080000B14 (0xFFFF4F13) xori x30, x30, -0x1                      inst_104+8
x30 <- 0xFFFFFFFFFEFFFFFF

mem[X,0x0000000080000B18] -> 0x0E93
mem[X,0x0000000080000B1A] -> 0xBFF0
[711] [M]: 0x0000000080000B18 (0xBFF00E93) addi x29, x0, -0x401                     inst_104+12
x29 <- 0xFFFFFFFFFFFFFBFF

clint mtime 0x0000000000000164 (mip.MTI <- 0b1, mip.STI <- 0b0)
mem[X,0x0000000080000B1C] -> 0x1FB3
mem[X,0x0000000080000B1E] -> 0x0BDF
[712] [M]: 0x0000000080000B1C (0x0BDF1FB3) clmul x31, x30, x29                      inst_104+16
x31 <- 0x5555555155AAA955

mem[X,0x0000000080000B20] -> 0xB823
mem[X,0x0000000080000B22] -> 0x27F3
[713] [M]: 0x0000000080000B20 (0x27F3B823) sd x31, 0x270(x7)                        inst_104+20
mem[W,0x0000000080004458] <- 0x5555555155AAA955

clint mtime 0x0000000000000165 (mip.MTI <- 0b1, mip.STI <- 0b0)
mem[X,0x0000000080000B24] -> 0x0F13
mem[X,0x0000000080000B26] -> 0x0010
[714] [M]: 0x0000000080000B24 (0x00100F13) addi x30, x0, 0x1                        inst_105+0
x30 <- 0x0000000000000001

mem[X,0x0000000080000B28] -> 0x1F13
mem[X,0x0000000080000B2A] -> 0x017F
[715] [M]: 0x0000000080000B28 (0x017F1F13) slli x30, x30, 0x17                      inst_105+4
x30 <- 0x0000000000800000

clint mtime 0x0000000000000166 (mip.MTI <- 0b1, mip.STI <- 0b0)
mem[X,0x0000000080000B2C] -> 0x4F13
mem[X,0x0000000080000B2E] -> 0xFFFF
[716] [M]: 0x0000000080000B2C (0xFFFF4F13) xori x30, x30, -0x1                      inst_105+8
x30 <- 0xFFFFFFFFFF7FFFFF

mem[X,0x0000000080000B30] -> 0x0E93
mem[X,0x0000000080000B32] -> 0xBFF0
[717] [M]: 0x0000000080000B30 (0xBFF00E93) addi x29, x0, -0x401                     inst_105+12
x29 <- 0xFFFFFFFFFFFFFBFF

clint mtime 0x0000000000000167 (mip.MTI <- 0b1, mip.STI <- 0b0)
mem[X,0x0000000080000B34] -> 0x1FB3
mem[X,0x0000000080000B36] -> 0x0BDF
[718] [M]: 0x0000000080000B34 (0x0BDF1FB3) clmul x31, x30, x29                      inst_105+16
x31 <- 0x55555557552AA955

mem[X,0x0000000080000B38] -> 0xBC23
mem[X,0x0000000080000B3A] -> 0x27F3
[719] [M]: 0x0000000080000B38 (0x27F3BC23) sd x31, 0x278(x7)                        inst_105+20
mem[W,0x0000000080004460] <- 0x55555557552AA955

clint mtime 0x0000000000000168 (mip.MTI <- 0b1, mip.STI <- 0b0)
mem[X,0x0000000080000B3C] -> 0x0F13
mem[X,0x0000000080000B3E] -> 0x0010
[720] [M]: 0x0000000080000B3C (0x00100F13) addi x30, x0, 0x1                        inst_106+0
x30 <- 0x0000000000000001

mem[X,0x0000000080000B40] -> 0x1F13
mem[X,0x0000000080000B42] -> 0x016F
[721] [M]: 0x0000000080000B40 (0x016F1F13) slli x30, x30, 0x16                      inst_106+4
x30 <- 0x0000000000400000

clint mtime 0x0000000000000169 (mip.MTI <- 0b1, mip.STI <- 0b0)
mem[X,0x0000000080000B44] -> 0x4F13
mem[X,0x0000000080000B46] -> 0xFFFF
[722] [M]: 0x0000000080000B44 (0xFFFF4F13) xori x30, x30, -0x1                      inst_106+8
x30 <- 0xFFFFFFFFFFBFFFFF

mem[X,0x0000000080000B48] -> 0x0E93
mem[X,0x0000000080000B4A] -> 0xBFF0
[723] [M]: 0x0000000080000B48 (0xBFF00E93) addi x29, x0, -0x401                     inst_106+12
x29 <- 0xFFFFFFFFFFFFFBFF

clint mtime 0x000000000000016A (mip.MTI <- 0b1, mip.STI <- 0b0)
mem[X,0x0000000080000B4C] -> 0x1FB3
mem[X,0x0000000080000B4E] -> 0x0BDF
[724] [M]: 0x0000000080000B4C (0x0BDF1FB3) clmul x31, x30, x29                      inst_106+16
x31 <- 0x55555554556AA955

mem[X,0x0000000080000B50] -> 0xB023
mem[X,0x0000000080000B52] -> 0x29F3
[725] [M]: 0x0000000080000B50 (0x29F3B023) sd x31, 0x280(x7)                        inst_106+20
mem[W,0x0000000080004468] <- 0x55555554556AA955

clint mtime 0x000000000000016B (mip.MTI <- 0b1, mip.STI <- 0b0)
mem[X,0x0000000080000B54] -> 0x0F13
mem[X,0x0000000080000B56] -> 0x0010
[726] [M]: 0x0000000080000B54 (0x00100F13) addi x30, x0, 0x1                        inst_107+0
x30 <- 0x0000000000000001

mem[X,0x0000000080000B58] -> 0x1F13
mem[X,0x0000000080000B5A] -> 0x015F
[727] [M]: 0x0000000080000B58 (0x015F1F13) slli x30, x30, 0x15                      inst_107+4
x30 <- 0x0000000000200000

clint mtime 0x000000000000016C (mip.MTI <- 0b1, mip.STI <- 0b0)
mem[X,0x0000000080000B5C] -> 0x4F13
mem[X,0x0000000080000B5E] -> 0xFFFF
[728] [M]: 0x0000000080000B5C (0xFFFF4F13) xori x30, x30, -0x1                      inst_107+8
x30 <- 0xFFFFFFFFFFDFFFFF

mem[X,0x0000000080000B60] -> 0x0E93
mem[X,0x0000000080000B62] -> 0xBFF0
[729] [M]: 0x0000000080000B60 (0xBFF00E93) addi x29, x0, -0x401                     inst_107+12
x29 <- 0xFFFFFFFFFFFFFBFF

clint mtime 0x000000000000016D (mip.MTI <- 0b1, mip.STI <- 0b0)
mem[X,0x0000000080000B64] -> 0x1FB3
mem[X,0x0000000080000B66] -> 0x0BDF
[730] [M]: 0x0000000080000B64 (0x0BDF1FB3) clmul x31, x30, x29                      inst_107+16
x31 <- 0x55555555D54AA955

mem[X,0x0000000080000B68] -> 0xB423
mem[X,0x0000000080000B6A] -> 0x29F3
[731] [M]: 0x0000000080000B68 (0x29F3B423) sd x31, 0x288(x7)                        inst_107+20
mem[W,0x0000000080004470] <- 0x55555555D54AA955

clint mtime 0x000000000000016E (mip.MTI <- 0b1, mip.STI <- 0b0)
mem[X,0x0000000080000B6C] -> 0x0F13
mem[X,0x0000000080000B6E] -> 0x0010
[732] [M]: 0x0000000080000B6C (0x00100F13) addi x30, x0, 0x1                        inst_108+0
x30 <- 0x0000000000000001

mem[X,0x0000000080000B70] -> 0x1F13
mem[X,0x0000000080000B72] -> 0x014F
[733] [M]: 0x0000000080000B70 (0x014F1F13) slli x30, x30, 0x14                      inst_108+4
x30 <- 0x0000000000100000

clint mtime 0x000000000000016F (mip.MTI <- 0b1, mip.STI <- 0b0)
mem[X,0x0000000080000B74] -> 0x4F13
mem[X,0x0000000080000B76] -> 0xFFFF
[734] [M]: 0x0000000080000B74 (0xFFFF4F13) xori x30, x30, -0x1                      inst_108+8
x30 <- 0xFFFFFFFFFFEFFFFF

mem[X,0x0000000080000B78] -> 0x0E93
mem[X,0x0000000080000B7A] -> 0xBFF0
[735] [M]: 0x0000000080000B78 (0xBFF00E93) addi x29, x0, -0x401                     inst_108+12
x29 <- 0xFFFFFFFFFFFFFBFF

clint mtime 0x0000000000000170 (mip.MTI <- 0b1, mip.STI <- 0b0)
mem[X,0x0000000080000B7C] -> 0x1FB3
mem[X,0x0000000080000B7E] -> 0x0BDF
[736] [M]: 0x0000000080000B7C (0x0BDF1FB3) clmul x31, x30, x29                      inst_108+16
x31 <- 0x55555555155AA955

mem[X,0x0000000080000B80] -> 0xB823
mem[X,0x0000000080000B82] -> 0x29F3
[737] [M]: 0x0000000080000B80 (0x29F3B823) sd x31, 0x290(x7)                        inst_108+20
mem[W,0x0000000080004478] <- 0x55555555155AA955

clint mtime 0x0000000000000171 (mip.MTI <- 0b1, mip.STI <- 0b0)
mem[X,0x0000000080000B84] -> 0x0F13
mem[X,0x0000000080000B86] -> 0x0010
[738] [M]: 0x0000000080000B84 (0x00100F13) addi x30, x0, 0x1                        inst_109+0
x30 <- 0x0000000000000001

mem[X,0x0000000080000B88] -> 0x1F13
mem[X,0x0000000080000B8A] -> 0x013F
[739] [M]: 0x0000000080000B88 (0x013F1F13) slli x30, x30, 0x13                      inst_109+4
x30 <- 0x0000000000080000

clint mtime 0x0000000000000172 (mip.MTI <- 0b1, mip.STI <- 0b0)
mem[X,0x0000000080000B8C] -> 0x4F13
mem[X,0x0000000080000B8E] -> 0xFFFF
[740] [M]: 0x0000000080000B8C (0xFFFF4F13) xori x30, x30, -0x1                      inst_109+8
x30 <- 0xFFFFFFFFFFF7FFFF

mem[X,0x0000000080000B90] -> 0x0E93
mem[X,0x0000000080000B92] -> 0xBFF0
[741] [M]: 0x0000000080000B90 (0xBFF00E93) addi x29, x0, -0x401                     inst_109+12
x29 <- 0xFFFFFFFFFFFFFBFF

clint mtime 0x0000000000000173 (mip.MTI <- 0b1, mip.STI <- 0b0)
mem[X,0x0000000080000B94] -> 0x1FB3
mem[X,0x0000000080000B96] -> 0x0BDF
[742] [M]: 0x0000000080000B94 (0x0BDF1FB3) clmul x31, x30, x29                      inst_109+16
x31 <- 0x555555557552A955

mem[X,0x0000000080000B98] -> 0xBC23
mem[X,0x0000000080000B9A] -> 0x29F3
[743] [M]: 0x0000000080000B98 (0x29F3BC23) sd x31, 0x298(x7)                        inst_109+20
mem[W,0x0000000080004480] <- 0x555555557552A955

clint mtime 0x0000000000000174 (mip.MTI <- 0b1, mip.STI <- 0b0)
mem[X,0x0000000080000B9C] -> 0x0F13
mem[X,0x0000000080000B9E] -> 0x0010
[744] [M]: 0x0000000080000B9C (0x00100F13) addi x30, x0, 0x1                        inst_110+0
x30 <- 0x0000000000000001

mem[X,0x0000000080000BA0] -> 0x1F13
mem[X,0x0000000080000BA2] -> 0x012F
[745] [M]: 0x0000000080000BA0 (0x012F1F13) slli x30, x30, 0x12                      inst_110+4
x30 <- 0x0000000000040000

clint mtime 0x0000000000000175 (mip.MTI <- 0b1, mip.STI <- 0b0)
mem[X,0x0000000080000BA4] -> 0x4F13
mem[X,0x0000000080000BA6] -> 0xFFFF
[746] [M]: 0x0000000080000BA4 (0xFFFF4F13) xori x30, x30, -0x1                      inst_110+8
x30 <- 0xFFFFFFFFFFFBFFFF

mem[X,0x0000000080000BA8] -> 0x0E93
mem[X,0x0000000080000BAA] -> 0xBFF0
[747] [M]: 0x0000000080000BA8 (0xBFF00E93) addi x29, x0, -0x401                     inst_110+12
x29 <- 0xFFFFFFFFFFFFFBFF

clint mtime 0x0000000000000176 (mip.MTI <- 0b1, mip.STI <- 0b0)
mem[X,0x0000000080000BAC] -> 0x1FB3
mem[X,0x0000000080000BAE] -> 0x0BDF
[748] [M]: 0x0000000080000BAC (0x0BDF1FB3) clmul x31, x30, x29                      inst_110+16
x31 <- 0x555555554556A955

mem[X,0x0000000080000BB0] -> 0xB023
mem[X,0x0000000080000BB2] -> 0x2BF3
[749] [M]: 0x0000000080000BB0 (0x2BF3B023) sd x31, 0x2a0(x7)                        inst_110+20
mem[W,0x0000000080004488] <- 0x555555554556A955

clint mtime 0x0000000000000177 (mip.MTI <- 0b1, mip.STI <- 0b0)
mem[X,0x0000000080000BB4] -> 0x0F13
mem[X,0x0000000080000BB6] -> 0x0010
[750] [M]: 0x0000000080000BB4 (0x00100F13) addi x30, x0, 0x1                        inst_111+0
x30 <- 0x0000000000000001

mem[X,0x0000000080000BB8] -> 0x1F13
mem[X,0x0000000080000BBA] -> 0x011F
[751] [M]: 0x0000000080000BB8 (0x011F1F13) slli x30, x30, 0x11                      inst_111+4
x30 <- 0x0000000000020000

clint mtime 0x0000000000000178 (mip.MTI <- 0b1, mip.STI <- 0b0)
mem[X,0x0000000080000BBC] -> 0x4F13
mem[X,0x0000000080000BBE] -> 0xFFFF
[752] [M]: 0x0000000080000BBC (0xFFFF4F13) xori x30, x30, -0x1                      inst_111+8
x30 <- 0xFFFFFFFFFFFDFFFF

mem[X,0x0000000080000BC0] -> 0x0E93
mem[X,0x0000000080000BC2] -> 0xBFF0
[753] [M]: 0x0000000080000BC0 (0xBFF00E93) addi x29, x0, -0x401                     inst_111+12
x29 <- 0xFFFFFFFFFFFFFBFF

clint mtime 0x0000000000000179 (mip.MTI <- 0b1, mip.STI <- 0b0)
mem[X,0x0000000080000BC4] -> 0x1FB3
mem[X,0x0000000080000BC6] -> 0x0BDF
[754] [M]: 0x0000000080000BC4 (0x0BDF1FB3) clmul x31, x30, x29                      inst_111+16
x31 <- 0x555555555D54A955

mem[X,0x0000000080000BC8] -> 0xB423
mem[X,0x0000000080000BCA] -> 0x2BF3
[755] [M]: 0x0000000080000BC8 (0x2BF3B423) sd x31, 0x2a8(x7)                        inst_111+20
mem[W,0x0000000080004490] <- 0x555555555D54A955

clint mtime 0x000000000000017A (mip.MTI <- 0b1, mip.STI <- 0b0)
mem[X,0x0000000080000BCC] -> 0x0F13
mem[X,0x0000000080000BCE] -> 0x0010
[756] [M]: 0x0000000080000BCC (0x00100F13) addi x30, x0, 0x1                        inst_112+0
x30 <- 0x0000000000000001

mem[X,0x0000000080000BD0] -> 0x1F13
mem[X,0x0000000080000BD2] -> 0x010F
[757] [M]: 0x0000000080000BD0 (0x010F1F13) slli x30, x30, 0x10                      inst_112+4
x30 <- 0x0000000000010000

clint mtime 0x000000000000017B (mip.MTI <- 0b1, mip.STI <- 0b0)
mem[X,0x0000000080000BD4] -> 0x4F13
mem[X,0x0000000080000BD6] -> 0xFFFF
[758] [M]: 0x0000000080000BD4 (0xFFFF4F13) xori x30, x30, -0x1                      inst_112+8
x30 <- 0xFFFFFFFFFFFEFFFF

mem[X,0x0000000080000BD8] -> 0x0E93
mem[X,0x0000000080000BDA] -> 0xBFF0
[759] [M]: 0x0000000080000BD8 (0xBFF00E93) addi x29, x0, -0x401                     inst_112+12
x29 <- 0xFFFFFFFFFFFFFBFF

clint mtime 0x000000000000017C (mip.MTI <- 0b1, mip.STI <- 0b0)
mem[X,0x0000000080000BDC] -> 0x1FB3
mem[X,0x0000000080000BDE] -> 0x0BDF
[760] [M]: 0x0000000080000BDC (0x0BDF1FB3) clmul x31, x30, x29                      inst_112+16
x31 <- 0x555555555155A955

mem[X,0x0000000080000BE0] -> 0xB823
mem[X,0x0000000080000BE2] -> 0x2BF3
[761] [M]: 0x0000000080000BE0 (0x2BF3B823) sd x31, 0x2b0(x7)                        inst_112+20
mem[W,0x0000000080004498] <- 0x555555555155A955

clint mtime 0x000000000000017D (mip.MTI <- 0b1, mip.STI <- 0b0)
mem[X,0x0000000080000BE4] -> 0x0F13
mem[X,0x0000000080000BE6] -> 0x0010
[762] [M]: 0x0000000080000BE4 (0x00100F13) addi x30, x0, 0x1                        inst_113+0
x30 <- 0x0000000000000001

mem[X,0x0000000080000BE8] -> 0x1F13
mem[X,0x0000000080000BEA] -> 0x00FF
[763] [M]: 0x0000000080000BE8 (0x00FF1F13) slli x30, x30, 0xf                       inst_113+4
x30 <- 0x0000000000008000

clint mtime 0x000000000000017E (mip.MTI <- 0b1, mip.STI <- 0b0)
mem[X,0x0000000080000BEC] -> 0x4F13
mem[X,0x0000000080000BEE] -> 0xFFFF
[764] [M]: 0x0000000080000BEC (0xFFFF4F13) xori x30, x30, -0x1                      inst_113+8
x30 <- 0xFFFFFFFFFFFF7FFF

mem[X,0x0000000080000BF0] -> 0x0E93
mem[X,0x0000000080000BF2] -> 0xBFF0
[765] [M]: 0x0000000080000BF0 (0xBFF00E93) addi x29, x0, -0x401                     inst_113+12
x29 <- 0xFFFFFFFFFFFFFBFF

clint mtime 0x000000000000017F (mip.MTI <- 0b1, mip.STI <- 0b0)
mem[X,0x0000000080000BF4] -> 0x1FB3
mem[X,0x0000000080000BF6] -> 0x0BDF
[766] [M]: 0x0000000080000BF4 (0x0BDF1FB3) clmul x31, x30, x29                      inst_113+16
x31 <- 0x5555555557552955

mem[X,0x0000000080000BF8] -> 0xBC23
mem[X,0x0000000080000BFA] -> 0x2BF3
[767] [M]: 0x0000000080000BF8 (0x2BF3BC23) sd x31, 0x2b8(x7)                        inst_113+20
mem[W,0x00000000800044A0] <- 0x5555555557552955

clint mtime 0x0000000000000180 (mip.MTI <- 0b1, mip.STI <- 0b0)
mem[X,0x0000000080000BFC] -> 0x0F13
mem[X,0x0000000080000BFE] -> 0x0010
[768] [M]: 0x0000000080000BFC (0x00100F13) addi x30, x0, 0x1                        inst_114+0
x30 <- 0x0000000000000001

mem[X,0x0000000080000C00] -> 0x1F13
mem[X,0x0000000080000C02] -> 0x00EF
[769] [M]: 0x0000000080000C00 (0x00EF1F13) slli x30, x30, 0xe                       inst_114+4
x30 <- 0x0000000000004000

clint mtime 0x0000000000000181 (mip.MTI <- 0b1, mip.STI <- 0b0)
mem[X,0x0000000080000C04] -> 0x4F13
mem[X,0x0000000080000C06] -> 0xFFFF
[770] [M]: 0x0000000080000C04 (0xFFFF4F13) xori x30, x30, -0x1                      inst_114+8
x30 <- 0xFFFFFFFFFFFFBFFF

mem[X,0x0000000080000C08] -> 0x0E93
mem[X,0x0000000080000C0A] -> 0xBFF0
[771] [M]: 0x0000000080000C08 (0xBFF00E93) addi x29, x0, -0x401                     inst_114+12
x29 <- 0xFFFFFFFFFFFFFBFF

clint mtime 0x0000000000000182 (mip.MTI <- 0b1, mip.STI <- 0b0)
mem[X,0x0000000080000C0C] -> 0x1FB3
mem[X,0x0000000080000C0E] -> 0x0BDF
[772] [M]: 0x0000000080000C0C (0x0BDF1FB3) clmul x31, x30, x29                      inst_114+16
x31 <- 0x5555555554556955

mem[X,0x0000000080000C10] -> 0xB023
mem[X,0x0000000080000C12] -> 0x2DF3
[773] [M]: 0x0000000080000C10 (0x2DF3B023) sd x31, 0x2c0(x7)                        inst_114+20
mem[W,0x00000000800044A8] <- 0x5555555554556955

clint mtime 0x0000000000000183 (mip.MTI <- 0b1, mip.STI <- 0b0)
mem[X,0x0000000080000C14] -> 0x0F13
mem[X,0x0000000080000C16] -> 0x0010
[774] [M]: 0x0000000080000C14 (0x00100F13) addi x30, x0, 0x1                        inst_115+0
x30 <- 0x0000000000000001

mem[X,0x0000000080000C18] -> 0x1F13
mem[X,0x0000000080000C1A] -> 0x00DF
[775] [M]: 0x0000000080000C18 (0x00DF1F13) slli x30, x30, 0xd                       inst_115+4
x30 <- 0x0000000000002000

clint mtime 0x0000000000000184 (mip.MTI <- 0b1, mip.STI <- 0b0)
mem[X,0x0000000080000C1C] -> 0x4F13
mem[X,0x0000000080000C1E] -> 0xFFFF
[776] [M]: 0x0000000080000C1C (0xFFFF4F13) xori x30, x30, -0x1                      inst_115+8
x30 <- 0xFFFFFFFFFFFFDFFF

mem[X,0x0000000080000C20] -> 0x0E93
mem[X,0x0000000080000C22] -> 0xBFF0
[777] [M]: 0x0000000080000C20 (0xBFF00E93) addi x29, x0, -0x401                     inst_115+12
x29 <- 0xFFFFFFFFFFFFFBFF

clint mtime 0x0000000000000185 (mip.MTI <- 0b1, mip.STI <- 0b0)
mem[X,0x0000000080000C24] -> 0x1FB3
mem[X,0x0000000080000C26] -> 0x0BDF
[778] [M]: 0x0000000080000C24 (0x0BDF1FB3) clmul x31, x30, x29                      inst_115+16
x31 <- 0x5555555555D54955

mem[X,0x0000000080000C28] -> 0xB423
mem[X,0x0000000080000C2A] -> 0x2DF3
[779] [M]: 0x0000000080000C28 (0x2DF3B423) sd x31, 0x2c8(x7)                        inst_115+20
mem[W,0x00000000800044B0] <- 0x5555555555D54955

clint mtime 0x0000000000000186 (mip.MTI <- 0b1, mip.STI <- 0b0)
mem[X,0x0000000080000C2C] -> 0x0F13
mem[X,0x0000000080000C2E] -> 0x0010
[780] [M]: 0x0000000080000C2C (0x00100F13) addi x30, x0, 0x1                        inst_116+0
x30 <- 0x0000000000000001

mem[X,0x0000000080000C30] -> 0x1F13
mem[X,0x0000000080000C32] -> 0x00CF
[781] [M]: 0x0000000080000C30 (0x00CF1F13) slli x30, x30, 0xc                       inst_116+4
x30 <- 0x0000000000001000

clint mtime 0x0000000000000187 (mip.MTI <- 0b1, mip.STI <- 0b0)
mem[X,0x0000000080000C34] -> 0x4F13
mem[X,0x0000000080000C36] -> 0xFFFF
[782] [M]: 0x0000000080000C34 (0xFFFF4F13) xori x30, x30, -0x1                      inst_116+8
x30 <- 0xFFFFFFFFFFFFEFFF

mem[X,0x0000000080000C38] -> 0x0E93
mem[X,0x0000000080000C3A] -> 0xBFF0
[783] [M]: 0x0000000080000C38 (0xBFF00E93) addi x29, x0, -0x401                     inst_116+12
x29 <- 0xFFFFFFFFFFFFFBFF

clint mtime 0x0000000000000188 (mip.MTI <- 0b1, mip.STI <- 0b0)
mem[X,0x0000000080000C3C] -> 0x1FB3
mem[X,0x0000000080000C3E] -> 0x0BDF
[784] [M]: 0x0000000080000C3C (0x0BDF1FB3) clmul x31, x30, x29                      inst_116+16
x31 <- 0x5555555555155955

mem[X,0x0000000080000C40] -> 0xB823
mem[X,0x0000000080000C42] -> 0x2DF3
[785] [M]: 0x0000000080000C40 (0x2DF3B823) sd x31, 0x2d0(x7)                        inst_116+20
mem[W,0x00000000800044B8] <- 0x5555555555155955

clint mtime 0x0000000000000189 (mip.MTI <- 0b1, mip.STI <- 0b0)
mem[X,0x0000000080000C44] -> 0x0F13
mem[X,0x0000000080000C46] -> 0x0010
[786] [M]: 0x0000000080000C44 (0x00100F13) addi x30, x0, 0x1                        inst_117+0
x30 <- 0x0000000000000001

mem[X,0x0000000080000C48] -> 0x1F13
mem[X,0x0000000080000C4A] -> 0x00BF
[787] [M]: 0x0000000080000C48 (0x00BF1F13) slli x30, x30, 0xb                       inst_117+4
x30 <- 0x0000000000000800

clint mtime 0x000000000000018A (mip.MTI <- 0b1, mip.STI <- 0b0)
mem[X,0x0000000080000C4C] -> 0x4F13
mem[X,0x0000000080000C4E] -> 0xFFFF
[788] [M]: 0x0000000080000C4C (0xFFFF4F13) xori x30, x30, -0x1                      inst_117+8
x30 <- 0xFFFFFFFFFFFFF7FF

mem[X,0x0000000080000C50] -> 0x0E93
mem[X,0x0000000080000C52] -> 0xBFF0
[789] [M]: 0x0000000080000C50 (0xBFF00E93) addi x29, x0, -0x401                     inst_117+12
x29 <- 0xFFFFFFFFFFFFFBFF

clint mtime 0x000000000000018B (mip.MTI <- 0b1, mip.STI <- 0b0)
mem[X,0x0000000080000C54] -> 0x1FB3
mem[X,0x0000000080000C56] -> 0x0BDF
[790] [M]: 0x0000000080000C54 (0x0BDF1FB3) clmul x31, x30, x29                      inst_117+16
x31 <- 0x5555555555755155

mem[X,0x0000000080000C58] -> 0xBC23
mem[X,0x0000000080000C5A] -> 0x2DF3
[791] [M]: 0x0000000080000C58 (0x2DF3BC23) sd x31, 0x2d8(x7)                        inst_117+20
mem[W,0x00000000800044C0] <- 0x5555555555755155

clint mtime 0x000000000000018C (mip.MTI <- 0b1, mip.STI <- 0b0)
mem[X,0x0000000080000C5C] -> 0x0F13
mem[X,0x0000000080000C5E] -> 0xDFF0
[792] [M]: 0x0000000080000C5C (0xDFF00F13) addi x30, x0, -0x201                     inst_118+0
x30 <- 0xFFFFFFFFFFFFFDFF

mem[X,0x0000000080000C60] -> 0x0E93
mem[X,0x0000000080000C62] -> 0xBFF0
[793] [M]: 0x0000000080000C60 (0xBFF00E93) addi x29, x0, -0x401                     inst_118+4
x29 <- 0xFFFFFFFFFFFFFBFF

clint mtime 0x000000000000018D (mip.MTI <- 0b1, mip.STI <- 0b0)
mem[X,0x0000000080000C64] -> 0x1FB3
mem[X,0x0000000080000C66] -> 0x0BDF
[794] [M]: 0x0000000080000C64 (0x0BDF1FB3) clmul x31, x30, x29                      inst_118+8
x31 <- 0x55555555555D5755

mem[X,0x0000000080000C68] -> 0xB023
mem[X,0x0000000080000C6A] -> 0x2FF3
[795] [M]: 0x0000000080000C68 (0x2FF3B023) sd x31, 0x2e0(x7)                        inst_118+12
mem[W,0x00000000800044C8] <- 0x55555555555D5755

clint mtime 0x000000000000018E (mip.MTI <- 0b1, mip.STI <- 0b0)
mem[X,0x0000000080000C6C] -> 0x0F13
mem[X,0x0000000080000C6E] -> 0xEFF0
[796] [M]: 0x0000000080000C6C (0xEFF00F13) addi x30, x0, -0x101                     inst_119+0
x30 <- 0xFFFFFFFFFFFFFEFF

mem[X,0x0000000080000C70] -> 0x0E93
mem[X,0x0000000080000C72] -> 0xBFF0
[797] [M]: 0x0000000080000C70 (0xBFF00E93) addi x29, x0, -0x401                     inst_119+4
x29 <- 0xFFFFFFFFFFFFFBFF

clint mtime 0x000000000000018F (mip.MTI <- 0b1, mip.STI <- 0b0)
mem[X,0x0000000080000C74] -> 0x1FB3
mem[X,0x0000000080000C76] -> 0x0BDF
[798] [M]: 0x0000000080000C74 (0x0BDF1FB3) clmul x31, x30, x29                      inst_119+8
x31 <- 0x5555555555515655

mem[X,0x0000000080000C78] -> 0xB423
mem[X,0x0000000080000C7A] -> 0x2FF3
[799] [M]: 0x0000000080000C78 (0x2FF3B423) sd x31, 0x2e8(x7)                        inst_119+12
mem[W,0x00000000800044D0] <- 0x5555555555515655

clint mtime 0x0000000000000190 (mip.MTI <- 0b1, mip.STI <- 0b0)
mem[X,0x0000000080000C7C] -> 0x0F13
mem[X,0x0000000080000C7E] -> 0xF7F0
[800] [M]: 0x0000000080000C7C (0xF7F00F13) addi x30, x0, -0x81                      inst_120+0
x30 <- 0xFFFFFFFFFFFFFF7F

mem[X,0x0000000080000C80] -> 0x0E93
mem[X,0x0000000080000C82] -> 0xBFF0
[801] [M]: 0x0000000080000C80 (0xBFF00E93) addi x29, x0, -0x401                     inst_120+4
x29 <- 0xFFFFFFFFFFFFFBFF

clint mtime 0x0000000000000191 (mip.MTI <- 0b1, mip.STI <- 0b0)
mem[X,0x0000000080000C84] -> 0x1FB3
mem[X,0x0000000080000C86] -> 0x0BDF
[802] [M]: 0x0000000080000C84 (0x0BDF1FB3) clmul x31, x30, x29                      inst_120+8
x31 <- 0x55555555555756D5

mem[X,0x0000000080000C88] -> 0xB823
mem[X,0x0000000080000C8A] -> 0x2FF3
[803] [M]: 0x0000000080000C88 (0x2FF3B823) sd x31, 0x2f0(x7)                        inst_120+12
mem[W,0x00000000800044D8] <- 0x55555555555756D5

clint mtime 0x0000000000000192 (mip.MTI <- 0b1, mip.STI <- 0b0)
mem[X,0x0000000080000C8C] -> 0x0F13
mem[X,0x0000000080000C8E] -> 0xFBF0
[804] [M]: 0x0000000080000C8C (0xFBF00F13) addi x30, x0, -0x41                      inst_121+0
x30 <- 0xFFFFFFFFFFFFFFBF

mem[X,0x0000000080000C90] -> 0x0E93
mem[X,0x0000000080000C92] -> 0xBFF0
[805] [M]: 0x0000000080000C90 (0xBFF00E93) addi x29, x0, -0x401                     inst_121+4
x29 <- 0xFFFFFFFFFFFFFBFF

clint mtime 0x0000000000000193 (mip.MTI <- 0b1, mip.STI <- 0b0)
mem[X,0x0000000080000C94] -> 0x1FB3
mem[X,0x0000000080000C96] -> 0x0BDF
[806] [M]: 0x0000000080000C94 (0x0BDF1FB3) clmul x31, x30, x29                      inst_121+8
x31 <- 0x5555555555545695

mem[X,0x0000000080000C98] -> 0xBC23
mem[X,0x0000000080000C9A] -> 0x2FF3
[807] [M]: 0x0000000080000C98 (0x2FF3BC23) sd x31, 0x2f8(x7)                        inst_121+12
mem[W,0x00000000800044E0] <- 0x5555555555545695

clint mtime 0x0000000000000194 (mip.MTI <- 0b1, mip.STI <- 0b0)
mem[X,0x0000000080000C9C] -> 0x0F13
mem[X,0x0000000080000C9E] -> 0xFDF0
[808] [M]: 0x0000000080000C9C (0xFDF00F13) addi x30, x0, -0x21                      inst_122+0
x30 <- 0xFFFFFFFFFFFFFFDF

mem[X,0x0000000080000CA0] -> 0x0E93
mem[X,0x0000000080000CA2] -> 0xBFF0
[809] [M]: 0x0000000080000CA0 (0xBFF00E93) addi x29, x0, -0x401                     inst_122+4
x29 <- 0xFFFFFFFFFFFFFBFF

clint mtime 0x0000000000000195 (mip.MTI <- 0b1, mip.STI <- 0b0)
mem[X,0x0000000080000CA4] -> 0x1FB3
mem[X,0x0000000080000CA6] -> 0x0BDF
[810] [M]: 0x0000000080000CA4 (0x0BDF1FB3) clmul x31, x30, x29                      inst_122+8
x31 <- 0x555555555555D6B5

mem[X,0x0000000080000CA8] -> 0xB023
mem[X,0x0000000080000CAA] -> 0x31F3
[811] [M]: 0x0000000080000CA8 (0x31F3B023) sd x31, 0x300(x7)                        inst_122+12
mem[W,0x00000000800044E8] <- 0x555555555555D6B5

clint mtime 0x0000000000000196 (mip.MTI <- 0b1, mip.STI <- 0b0)
mem[X,0x0000000080000CAC] -> 0x0F13
mem[X,0x0000000080000CAE] -> 0xFEF0
[812] [M]: 0x0000000080000CAC (0xFEF00F13) addi x30, x0, -0x11                      inst_123+0
x30 <- 0xFFFFFFFFFFFFFFEF

mem[X,0x0000000080000CB0] -> 0x0E93
mem[X,0x0000000080000CB2] -> 0xBFF0
[813] [M]: 0x0000000080000CB0 (0xBFF00E93) addi x29, x0, -0x401                     inst_123+4
x29 <- 0xFFFFFFFFFFFFFBFF

clint mtime 0x0000000000000197 (mip.MTI <- 0b1, mip.STI <- 0b0)
mem[X,0x0000000080000CB4] -> 0x1FB3
mem[X,0x0000000080000CB6] -> 0x0BDF
[814] [M]: 0x0000000080000CB4 (0x0BDF1FB3) clmul x31, x30, x29                      inst_123+8
x31 <- 0x55555555555516A5

mem[X,0x0000000080000CB8] -> 0xB423
mem[X,0x0000000080000CBA] -> 0x31F3
[815] [M]: 0x0000000080000CB8 (0x31F3B423) sd x31, 0x308(x7)                        inst_123+12
mem[W,0x00000000800044F0] <- 0x55555555555516A5

clint mtime 0x0000000000000198 (mip.MTI <- 0b1, mip.STI <- 0b0)
mem[X,0x0000000080000CBC] -> 0x0F13
mem[X,0x0000000080000CBE] -> 0xFF70
[816] [M]: 0x0000000080000CBC (0xFF700F13) addi x30, x0, -0x9                       inst_124+0
x30 <- 0xFFFFFFFFFFFFFFF7

mem[X,0x0000000080000CC0] -> 0x0E93
mem[X,0x0000000080000CC2] -> 0xBFF0
[817] [M]: 0x0000000080000CC0 (0xBFF00E93) addi x29, x0, -0x401                     inst_124+4
x29 <- 0xFFFFFFFFFFFFFBFF

clint mtime 0x0000000000000199 (mip.MTI <- 0b1, mip.STI <- 0b0)
mem[X,0x0000000080000CC4] -> 0x1FB3
mem[X,0x0000000080000CC6] -> 0x0BDF
[818] [M]: 0x0000000080000CC4 (0x0BDF1FB3) clmul x31, x30, x29                      inst_124+8
x31 <- 0x55555555555576AD

mem[X,0x0000000080000CC8] -> 0xB823
mem[X,0x0000000080000CCA] -> 0x31F3
[819] [M]: 0x0000000080000CC8 (0x31F3B823) sd x31, 0x310(x7)                        inst_124+12
mem[W,0x00000000800044F8] <- 0x55555555555576AD

clint mtime 0x000000000000019A (mip.MTI <- 0b1, mip.STI <- 0b0)
mem[X,0x0000000080000CCC] -> 0x0F13
mem[X,0x0000000080000CCE] -> 0xFFB0
[820] [M]: 0x0000000080000CCC (0xFFB00F13) addi x30, x0, -0x5                       inst_125+0
x30 <- 0xFFFFFFFFFFFFFFFB

mem[X,0x0000000080000CD0] -> 0x0E93
mem[X,0x0000000080000CD2] -> 0xBFF0
[821] [M]: 0x0000000080000CD0 (0xBFF00E93) addi x29, x0, -0x401                     inst_125+4
x29 <- 0xFFFFFFFFFFFFFBFF

clint mtime 0x000000000000019B (mip.MTI <- 0b1, mip.STI <- 0b0)
mem[X,0x0000000080000CD4] -> 0x1FB3
mem[X,0x0000000080000CD6] -> 0x0BDF
[822] [M]: 0x0000000080000CD4 (0x0BDF1FB3) clmul x31, x30, x29                      inst_125+8
x31 <- 0x55555555555546A9

mem[X,0x0000000080000CD8] -> 0xBC23
mem[X,0x0000000080000CDA] -> 0x31F3
[823] [M]: 0x0000000080000CD8 (0x31F3BC23) sd x31, 0x318(x7)                        inst_125+12
mem[W,0x0000000080004500] <- 0x55555555555546A9

clint mtime 0x000000000000019C (mip.MTI <- 0b1, mip.STI <- 0b0)
mem[X,0x0000000080000CDC] -> 0x0F13
mem[X,0x0000000080000CDE] -> 0xFFD0
[824] [M]: 0x0000000080000CDC (0xFFD00F13) addi x30, x0, -0x3                       inst_126+0
x30 <- 0xFFFFFFFFFFFFFFFD

mem[X,0x0000000080000CE0] -> 0x0E93
mem[X,0x0000000080000CE2] -> 0xBFF0
[825] [M]: 0x0000000080000CE0 (0xBFF00E93) addi x29, x0, -0x401                     inst_126+4
x29 <- 0xFFFFFFFFFFFFFBFF

clint mtime 0x000000000000019D (mip.MTI <- 0b1, mip.STI <- 0b0)
mem[X,0x0000000080000CE4] -> 0x1FB3
mem[X,0x0000000080000CE6] -> 0x0BDF
[826] [M]: 0x0000000080000CE4 (0x0BDF1FB3) clmul x31, x30, x29                      inst_126+8
x31 <- 0x5555555555555EAB

mem[X,0x0000000080000CE8] -> 0xB023
mem[X,0x0000000080000CEA] -> 0x33F3
[827] [M]: 0x0000000080000CE8 (0x33F3B023) sd x31, 0x320(x7)                        inst_126+12
mem[W,0x0000000080004508] <- 0x5555555555555EAB

clint mtime 0x000000000000019E (mip.MTI <- 0b1, mip.STI <- 0b0)
mem[X,0x0000000080000CEC] -> 0x0F13
mem[X,0x0000000080000CEE] -> 0xFFE0
[828] [M]: 0x0000000080000CEC (0xFFE00F13) addi x30, x0, -0x2                       inst_127+0
x30 <- 0xFFFFFFFFFFFFFFFE

mem[X,0x0000000080000CF0] -> 0x0E93
mem[X,0x0000000080000CF2] -> 0xBFF0
[829] [M]: 0x0000000080000CF0 (0xBFF00E93) addi x29, x0, -0x401                     inst_127+4
x29 <- 0xFFFFFFFFFFFFFBFF

clint mtime 0x000000000000019F (mip.MTI <- 0b1, mip.STI <- 0b0)
mem[X,0x0000000080000CF4] -> 0x1FB3
mem[X,0x0000000080000CF6] -> 0x0BDF
[830] [M]: 0x0000000080000CF4 (0x0BDF1FB3) clmul x31, x30, x29                      inst_127+8
x31 <- 0x55555555555552AA

mem[X,0x0000000080000CF8] -> 0xB423
mem[X,0x0000000080000CFA] -> 0x33F3
[831] [M]: 0x0000000080000CF8 (0x33F3B423) sd x31, 0x328(x7)                        inst_127+12
mem[W,0x0000000080004510] <- 0x55555555555552AA

clint mtime 0x00000000000001A0 (mip.MTI <- 0b1, mip.STI <- 0b0)
mem[X,0x0000000080000CFC] -> 0x0F13
mem[X,0x0000000080000CFE] -> 0xBFF0
[832] [M]: 0x0000000080000CFC (0xBFF00F13) addi x30, x0, -0x401                     inst_128+0
x30 <- 0xFFFFFFFFFFFFFBFF

mem[X,0x0000000080000D00] -> 0x0E93
mem[X,0x0000000080000D02] -> 0xFFF0
[833] [M]: 0x0000000080000D00 (0xFFF00E93) addi x29, x0, -0x1                       inst_128+4
x29 <- 0xFFFFFFFFFFFFFFFF

clint mtime 0x00000000000001A1 (mip.MTI <- 0b1, mip.STI <- 0b0)
mem[X,0x0000000080000D04] -> 0x9E93
mem[X,0x0000000080000D06] -> 0x03FE
[834] [M]: 0x0000000080000D04 (0x03FE9E93) slli x29, x29, 0x3f                      inst_128+8
x29 <- 0x8000000000000000

mem[X,0x0000000080000D08] -> 0x1FB3
mem[X,0x0000000080000D0A] -> 0x0BDF
[835] [M]: 0x0000000080000D08 (0x0BDF1FB3) clmul x31, x30, x29                      inst_128+12
x31 <- 0x8000000000000000

clint mtime 0x00000000000001A2 (mip.MTI <- 0b1, mip.STI <- 0b0)
mem[X,0x0000000080000D0C] -> 0xB823
mem[X,0x0000000080000D0E] -> 0x33F3
[836] [M]: 0x0000000080000D0C (0x33F3B823) sd x31, 0x330(x7)                        inst_128+16
mem[W,0x0000000080004518] <- 0x8000000000000000

mem[X,0x0000000080000D10] -> 0x0F13
mem[X,0x0000000080000D12] -> 0xBFF0
[837] [M]: 0x0000000080000D10 (0xBFF00F13) addi x30, x0, -0x401                     inst_129+0
x30 <- 0xFFFFFFFFFFFFFBFF

clint mtime 0x00000000000001A3 (mip.MTI <- 0b1, mip.STI <- 0b0)
mem[X,0x0000000080000D14] -> 0x0E93
mem[X,0x0000000080000D16] -> 0x0010
[838] [M]: 0x0000000080000D14 (0x00100E93) addi x29, x0, 0x1                        inst_129+4
x29 <- 0x0000000000000001

mem[X,0x0000000080000D18] -> 0x9E93
mem[X,0x0000000080000D1A] -> 0x03EE
[839] [M]: 0x0000000080000D18 (0x03EE9E93) slli x29, x29, 0x3e                      inst_129+8
x29 <- 0x4000000000000000

clint mtime 0x00000000000001A4 (mip.MTI <- 0b1, mip.STI <- 0b0)
mem[X,0x0000000080000D1C] -> 0x1FB3
mem[X,0x0000000080000D1E] -> 0x0BDF
[840] [M]: 0x0000000080000D1C (0x0BDF1FB3) clmul x31, x30, x29                      inst_129+12
x31 <- 0xC000000000000000

mem[X,0x0000000080000D20] -> 0xBC23
mem[X,0x0000000080000D22] -> 0x33F3
[841] [M]: 0x0000000080000D20 (0x33F3BC23) sd x31, 0x338(x7)                        inst_129+16
mem[W,0x0000000080004520] <- 0xC000000000000000

clint mtime 0x00000000000001A5 (mip.MTI <- 0b1, mip.STI <- 0b0)
mem[X,0x0000000080000D24] -> 0x0F13
mem[X,0x0000000080000D26] -> 0xBFF0
[842] [M]: 0x0000000080000D24 (0xBFF00F13) addi x30, x0, -0x401                     inst_130+0
x30 <- 0xFFFFFFFFFFFFFBFF

mem[X,0x0000000080000D28] -> 0x0E93
mem[X,0x0000000080000D2A] -> 0x0010
[843] [M]: 0x0000000080000D28 (0x00100E93) addi x29, x0, 0x1                        inst_130+4
x29 <- 0x0000000000000001

clint mtime 0x00000000000001A6 (mip.MTI <- 0b1, mip.STI <- 0b0)
mem[X,0x0000000080000D2C] -> 0x9E93
mem[X,0x0000000080000D2E] -> 0x03DE
[844] [M]: 0x0000000080000D2C (0x03DE9E93) slli x29, x29, 0x3d                      inst_130+8
x29 <- 0x2000000000000000

mem[X,0x0000000080000D30] -> 0x1FB3
mem[X,0x0000000080000D32] -> 0x0BDF
[845] [M]: 0x0000000080000D30 (0x0BDF1FB3) clmul x31, x30, x29                      inst_130+12
x31 <- 0xE000000000000000

clint mtime 0x00000000000001A7 (mip.MTI <- 0b1, mip.STI <- 0b0)
mem[X,0x0000000080000D34] -> 0xB023
mem[X,0x0000000080000D36] -> 0x35F3
[846] [M]: 0x0000000080000D34 (0x35F3B023) sd x31, 0x340(x7)                        inst_130+16
mem[W,0x0000000080004528] <- 0xE000000000000000

mem[X,0x0000000080000D38] -> 0x0F13
mem[X,0x0000000080000D3A] -> 0xBFF0
[847] [M]: 0x0000000080000D38 (0xBFF00F13) addi x30, x0, -0x401                     inst_131+0
x30 <- 0xFFFFFFFFFFFFFBFF

clint mtime 0x00000000000001A8 (mip.MTI <- 0b1, mip.STI <- 0b0)
mem[X,0x0000000080000D3C] -> 0x0E93
mem[X,0x0000000080000D3E] -> 0x0010
[848] [M]: 0x0000000080000D3C (0x00100E93) addi x29, x0, 0x1                        inst_131+4
x29 <- 0x0000000000000001

mem[X,0x0000000080000D40] -> 0x9E93
mem[X,0x0000000080000D42] -> 0x03CE
[849] [M]: 0x0000000080000D40 (0x03CE9E93) slli x29, x29, 0x3c                      inst_131+8
x29 <- 0x1000000000000000

clint mtime 0x00000000000001A9 (mip.MTI <- 0b1, mip.STI <- 0b0)
mem[X,0x0000000080000D44] -> 0x1FB3
mem[X,0x0000000080000D46] -> 0x0BDF
[850] [M]: 0x0000000080000D44 (0x0BDF1FB3) clmul x31, x30, x29                      inst_131+12
x31 <- 0xF000000000000000

mem[X,0x0000000080000D48] -> 0xB423
mem[X,0x0000000080000D4A] -> 0x35F3
[851] [M]: 0x0000000080000D48 (0x35F3B423) sd x31, 0x348(x7)                        inst_131+16
mem[W,0x0000000080004530] <- 0xF000000000000000

clint mtime 0x00000000000001AA (mip.MTI <- 0b1, mip.STI <- 0b0)
mem[X,0x0000000080000D4C] -> 0x0F13
mem[X,0x0000000080000D4E] -> 0xBFF0
[852] [M]: 0x0000000080000D4C (0xBFF00F13) addi x30, x0, -0x401                     inst_132+0
x30 <- 0xFFFFFFFFFFFFFBFF

mem[X,0x0000000080000D50] -> 0x0E93
mem[X,0x0000000080000D52] -> 0x0010
[853] [M]: 0x0000000080000D50 (0x00100E93) addi x29, x0, 0x1                        inst_132+4
x29 <- 0x0000000000000001

clint mtime 0x00000000000001AB (mip.MTI <- 0b1, mip.STI <- 0b0)
mem[X,0x0000000080000D54] -> 0x9E93
mem[X,0x0000000080000D56] -> 0x03BE
[854] [M]: 0x0000000080000D54 (0x03BE9E93) slli x29, x29, 0x3b                      inst_132+8
x29 <- 0x0800000000000000

mem[X,0x0000000080000D58] -> 0x1FB3
mem[X,0x0000000080000D5A] -> 0x0BDF
[855] [M]: 0x0000000080000D58 (0x0BDF1FB3) clmul x31, x30, x29                      inst_132+12
x31 <- 0xF800000000000000

clint mtime 0x00000000000001AC (mip.MTI <- 0b1, mip.STI <- 0b0)
mem[X,0x0000000080000D5C] -> 0xB823
mem[X,0x0000000080000D5E] -> 0x35F3
[856] [M]: 0x0000000080000D5C (0x35F3B823) sd x31, 0x350(x7)                        inst_132+16
mem[W,0x0000000080004538] <- 0xF800000000000000

mem[X,0x0000000080000D60] -> 0x0F13
mem[X,0x0000000080000D62] -> 0xBFF0
[857] [M]: 0x0000000080000D60 (0xBFF00F13) addi x30, x0, -0x401                     inst_133+0
x30 <- 0xFFFFFFFFFFFFFBFF

clint mtime 0x00000000000001AD (mip.MTI <- 0b1, mip.STI <- 0b0)
mem[X,0x0000000080000D64] -> 0x0E93
mem[X,0x0000000080000D66] -> 0x0010
[858] [M]: 0x0000000080000D64 (0x00100E93) addi x29, x0, 0x1                        inst_133+4
x29 <- 0x0000000000000001

mem[X,0x0000000080000D68] -> 0x9E93
mem[X,0x0000000080000D6A] -> 0x03AE
[859] [M]: 0x0000000080000D68 (0x03AE9E93) slli x29, x29, 0x3a                      inst_133+8
x29 <- 0x0400000000000000

clint mtime 0x00000000000001AE (mip.MTI <- 0b1, mip.STI <- 0b0)
mem[X,0x0000000080000D6C] -> 0x1FB3
mem[X,0x0000000080000D6E] -> 0x0BDF
[860] [M]: 0x0000000080000D6C (0x0BDF1FB3) clmul x31, x30, x29                      inst_133+12
x31 <- 0xFC00000000000000

mem[X,0x0000000080000D70] -> 0xBC23
mem[X,0x0000000080000D72] -> 0x35F3
[861] [M]: 0x0000000080000D70 (0x35F3BC23) sd x31, 0x358(x7)                        inst_133+16
mem[W,0x0000000080004540] <- 0xFC00000000000000

clint mtime 0x00000000000001AF (mip.MTI <- 0b1, mip.STI <- 0b0)
mem[X,0x0000000080000D74] -> 0x0F13
mem[X,0x0000000080000D76] -> 0xBFF0
[862] [M]: 0x0000000080000D74 (0xBFF00F13) addi x30, x0, -0x401                     inst_134+0
x30 <- 0xFFFFFFFFFFFFFBFF

mem[X,0x0000000080000D78] -> 0x0E93
mem[X,0x0000000080000D7A] -> 0x0010
[863] [M]: 0x0000000080000D78 (0x00100E93) addi x29, x0, 0x1                        inst_134+4
x29 <- 0x0000000000000001

clint mtime 0x00000000000001B0 (mip.MTI <- 0b1, mip.STI <- 0b0)
mem[X,0x0000000080000D7C] -> 0x9E93
mem[X,0x0000000080000D7E] -> 0x039E
[864] [M]: 0x0000000080000D7C (0x039E9E93) slli x29, x29, 0x39                      inst_134+8
x29 <- 0x0200000000000000

mem[X,0x0000000080000D80] -> 0x1FB3
mem[X,0x0000000080000D82] -> 0x0BDF
[865] [M]: 0x0000000080000D80 (0x0BDF1FB3) clmul x31, x30, x29                      inst_134+12
x31 <- 0xFE00000000000000

clint mtime 0x00000000000001B1 (mip.MTI <- 0b1, mip.STI <- 0b0)
mem[X,0x0000000080000D84] -> 0xB023
mem[X,0x0000000080000D86] -> 0x37F3
[866] [M]: 0x0000000080000D84 (0x37F3B023) sd x31, 0x360(x7)                        inst_134+16
mem[W,0x0000000080004548] <- 0xFE00000000000000

mem[X,0x0000000080000D88] -> 0x0F13
mem[X,0x0000000080000D8A] -> 0xBFF0
[867] [M]: 0x0000000080000D88 (0xBFF00F13) addi x30, x0, -0x401                     inst_135+0
x30 <- 0xFFFFFFFFFFFFFBFF

clint mtime 0x00000000000001B2 (mip.MTI <- 0b1, mip.STI <- 0b0)
mem[X,0x0000000080000D8C] -> 0x0E93
mem[X,0x0000000080000D8E] -> 0x0010
[868] [M]: 0x0000000080000D8C (0x00100E93) addi x29, x0, 0x1                        inst_135+4
x29 <- 0x0000000000000001

mem[X,0x0000000080000D90] -> 0x9E93
mem[X,0x0000000080000D92] -> 0x038E
[869] [M]: 0x0000000080000D90 (0x038E9E93) slli x29, x29, 0x38                      inst_135+8
x29 <- 0x0100000000000000

clint mtime 0x00000000000001B3 (mip.MTI <- 0b1, mip.STI <- 0b0)
mem[X,0x0000000080000D94] -> 0x1FB3
mem[X,0x0000000080000D96] -> 0x0BDF
[870] [M]: 0x0000000080000D94 (0x0BDF1FB3) clmul x31, x30, x29                      inst_135+12
x31 <- 0xFF00000000000000

mem[X,0x0000000080000D98] -> 0xB423
mem[X,0x0000000080000D9A] -> 0x37F3
[871] [M]: 0x0000000080000D98 (0x37F3B423) sd x31, 0x368(x7)                        inst_135+16
mem[W,0x0000000080004550] <- 0xFF00000000000000

clint mtime 0x00000000000001B4 (mip.MTI <- 0b1, mip.STI <- 0b0)
mem[X,0x0000000080000D9C] -> 0x0F13
mem[X,0x0000000080000D9E] -> 0xBFF0
[872] [M]: 0x0000000080000D9C (0xBFF00F13) addi x30, x0, -0x401                     inst_136+0
x30 <- 0xFFFFFFFFFFFFFBFF

mem[X,0x0000000080000DA0] -> 0x0E93
mem[X,0x0000000080000DA2] -> 0x0010
[873] [M]: 0x0000000080000DA0 (0x00100E93) addi x29, x0, 0x1                        inst_136+4
x29 <- 0x0000000000000001

clint mtime 0x00000000000001B5 (mip.MTI <- 0b1, mip.STI <- 0b0)
mem[X,0x0000000080000DA4] -> 0x9E93
mem[X,0x0000000080000DA6] -> 0x037E
[874] [M]: 0x0000000080000DA4 (0x037E9E93) slli x29, x29, 0x37                      inst_136+8
x29 <- 0x0080000000000000

mem[X,0x0000000080000DA8] -> 0x1FB3
mem[X,0x0000000080000DAA] -> 0x0BDF
[875] [M]: 0x0000000080000DA8 (0x0BDF1FB3) clmul x31, x30, x29                      inst_136+12
x31 <- 0xFF80000000000000

clint mtime 0x00000000000001B6 (mip.MTI <- 0b1, mip.STI <- 0b0)
mem[X,0x0000000080000DAC] -> 0xB823
mem[X,0x0000000080000DAE] -> 0x37F3
[876] [M]: 0x0000000080000DAC (0x37F3B823) sd x31, 0x370(x7)                        inst_136+16
mem[W,0x0000000080004558] <- 0xFF80000000000000

mem[X,0x0000000080000DB0] -> 0x0F13
mem[X,0x0000000080000DB2] -> 0xBFF0
[877] [M]: 0x0000000080000DB0 (0xBFF00F13) addi x30, x0, -0x401                     inst_137+0
x30 <- 0xFFFFFFFFFFFFFBFF

clint mtime 0x00000000000001B7 (mip.MTI <- 0b1, mip.STI <- 0b0)
mem[X,0x0000000080000DB4] -> 0x0E93
mem[X,0x0000000080000DB6] -> 0x0010
[878] [M]: 0x0000000080000DB4 (0x00100E93) addi x29, x0, 0x1                        inst_137+4
x29 <- 0x0000000000000001

mem[X,0x0000000080000DB8] -> 0x9E93
mem[X,0x0000000080000DBA] -> 0x036E
[879] [M]: 0x0000000080000DB8 (0x036E9E93) slli x29, x29, 0x36                      inst_137+8
x29 <- 0x0040000000000000

clint mtime 0x00000000000001B8 (mip.MTI <- 0b1, mip.STI <- 0b0)
mem[X,0x0000000080000DBC] -> 0x1FB3
mem[X,0x0000000080000DBE] -> 0x0BDF
[880] [M]: 0x0000000080000DBC (0x0BDF1FB3) clmul x31, x30, x29                      inst_137+12
x31 <- 0xFFC0000000000000

mem[X,0x0000000080000DC0] -> 0xBC23
mem[X,0x0000000080000DC2] -> 0x37F3
[881] [M]: 0x0000000080000DC0 (0x37F3BC23) sd x31, 0x378(x7)                        inst_137+16
mem[W,0x0000000080004560] <- 0xFFC0000000000000

clint mtime 0x00000000000001B9 (mip.MTI <- 0b1, mip.STI <- 0b0)
mem[X,0x0000000080000DC4] -> 0x0F13
mem[X,0x0000000080000DC6] -> 0xBFF0
[882] [M]: 0x0000000080000DC4 (0xBFF00F13) addi x30, x0, -0x401                     inst_138+0
x30 <- 0xFFFFFFFFFFFFFBFF

mem[X,0x0000000080000DC8] -> 0x0E93
mem[X,0x0000000080000DCA] -> 0x0010
[883] [M]: 0x0000000080000DC8 (0x00100E93) addi x29, x0, 0x1                        inst_138+4
x29 <- 0x0000000000000001

clint mtime 0x00000000000001BA (mip.MTI <- 0b1, mip.STI <- 0b0)
mem[X,0x0000000080000DCC] -> 0x9E93
mem[X,0x0000000080000DCE] -> 0x035E
[884] [M]: 0x0000000080000DCC (0x035E9E93) slli x29, x29, 0x35                      inst_138+8
x29 <- 0x0020000000000000

mem[X,0x0000000080000DD0] -> 0x1FB3
mem[X,0x0000000080000DD2] -> 0x0BDF
[885] [M]: 0x0000000080000DD0 (0x0BDF1FB3) clmul x31, x30, x29                      inst_138+12
x31 <- 0x7FE0000000000000

clint mtime 0x00000000000001BB (mip.MTI <- 0b1, mip.STI <- 0b0)
mem[X,0x0000000080000DD4] -> 0xB023
mem[X,0x0000000080000DD6] -> 0x39F3
[886] [M]: 0x0000000080000DD4 (0x39F3B023) sd x31, 0x380(x7)                        inst_138+16
mem[W,0x0000000080004568] <- 0x7FE0000000000000

mem[X,0x0000000080000DD8] -> 0x0F13
mem[X,0x0000000080000DDA] -> 0xBFF0
[887] [M]: 0x0000000080000DD8 (0xBFF00F13) addi x30, x0, -0x401                     inst_139+0
x30 <- 0xFFFFFFFFFFFFFBFF

clint mtime 0x00000000000001BC (mip.MTI <- 0b1, mip.STI <- 0b0)
mem[X,0x0000000080000DDC] -> 0x0E93
mem[X,0x0000000080000DDE] -> 0x0010
[888] [M]: 0x0000000080000DDC (0x00100E93) addi x29, x0, 0x1                        inst_139+4
x29 <- 0x0000000000000001

mem[X,0x0000000080000DE0] -> 0x9E93
mem[X,0x0000000080000DE2] -> 0x034E
[889] [M]: 0x0000000080000DE0 (0x034E9E93) slli x29, x29, 0x34                      inst_139+8
x29 <- 0x0010000000000000

clint mtime 0x00000000000001BD (mip.MTI <- 0b1, mip.STI <- 0b0)
mem[X,0x0000000080000DE4] -> 0x1FB3
mem[X,0x0000000080000DE6] -> 0x0BDF
[890] [M]: 0x0000000080000DE4 (0x0BDF1FB3) clmul x31, x30, x29                      inst_139+12
x31 <- 0xBFF0000000000000

mem[X,0x0000000080000DE8] -> 0xB423
mem[X,0x0000000080000DEA] -> 0x39F3
[891] [M]: 0x0000000080000DE8 (0x39F3B423) sd x31, 0x388(x7)                        inst_139+16
mem[W,0x0000000080004570] <- 0xBFF0000000000000

clint mtime 0x00000000000001BE (mip.MTI <- 0b1, mip.STI <- 0b0)
mem[X,0x0000000080000DEC] -> 0x0F13
mem[X,0x0000000080000DEE] -> 0xBFF0
[892] [M]: 0x0000000080000DEC (0xBFF00F13) addi x30, x0, -0x401                     inst_140+0
x30 <- 0xFFFFFFFFFFFFFBFF

mem[X,0x0000000080000DF0] -> 0x0E93
mem[X,0x0000000080000DF2] -> 0x0010
[893] [M]: 0x0000000080000DF0 (0x00100E93) addi x29, x0, 0x1                        inst_140+4
x29 <- 0x0000000000000001

clint mtime 0x00000000000001BF (mip.MTI <- 0b1, mip.STI <- 0b0)
mem[X,0x0000000080000DF4] -> 0x9E93
mem[X,0x0000000080000DF6] -> 0x033E
[894] [M]: 0x0000000080000DF4 (0x033E9E93) slli x29, x29, 0x33                      inst_140+8
x29 <- 0x0008000000000000

mem[X,0x0000000080000DF8] -> 0x1FB3
mem[X,0x0000000080000DFA] -> 0x0BDF
[895] [M]: 0x0000000080000DF8 (0x0BDF1FB3) clmul x31, x30, x29                      inst_140+12
x31 <- 0xDFF8000000000000

clint mtime 0x00000000000001C0 (mip.MTI <- 0b1, mip.STI <- 0b0)
mem[X,0x0000000080000DFC] -> 0xB823
mem[X,0x0000000080000DFE] -> 0x39F3
[896] [M]: 0x0000000080000DFC (0x39F3B823) sd x31, 0x390(x7)                        inst_140+16
mem[W,0x0000000080004578] <- 0xDFF8000000000000

mem[X,0x0000000080000E00] -> 0x0F13
mem[X,0x0000000080000E02] -> 0xBFF0
[897] [M]: 0x0000000080000E00 (0xBFF00F13) addi x30, x0, -0x401                     inst_141+0
x30 <- 0xFFFFFFFFFFFFFBFF

clint mtime 0x00000000000001C1 (mip.MTI <- 0b1, mip.STI <- 0b0)
mem[X,0x0000000080000E04] -> 0x0E93
mem[X,0x0000000080000E06] -> 0x0010
[898] [M]: 0x0000000080000E04 (0x00100E93) addi x29, x0, 0x1                        inst_141+4
x29 <- 0x0000000000000001

mem[X,0x0000000080000E08] -> 0x9E93
mem[X,0x0000000080000E0A] -> 0x032E
[899] [M]: 0x0000000080000E08 (0x032E9E93) slli x29, x29, 0x32                      inst_141+8
x29 <- 0x0004000000000000

clint mtime 0x00000000000001C2 (mip.MTI <- 0b1, mip.STI <- 0b0)
mem[X,0x0000000080000E0C] -> 0x1FB3
mem[X,0x0000000080000E0E] -> 0x0BDF
[900] [M]: 0x0000000080000E0C (0x0BDF1FB3) clmul x31, x30, x29                      inst_141+12
x31 <- 0xEFFC000000000000

mem[X,0x0000000080000E10] -> 0xBC23
mem[X,0x0000000080000E12] -> 0x39F3
[901] [M]: 0x0000000080000E10 (0x39F3BC23) sd x31, 0x398(x7)                        inst_141+16
mem[W,0x0000000080004580] <- 0xEFFC000000000000

clint mtime 0x00000000000001C3 (mip.MTI <- 0b1, mip.STI <- 0b0)
mem[X,0x0000000080000E14] -> 0x0F13
mem[X,0x0000000080000E16] -> 0xBFF0
[902] [M]: 0x0000000080000E14 (0xBFF00F13) addi x30, x0, -0x401                     inst_142+0
x30 <- 0xFFFFFFFFFFFFFBFF

mem[X,0x0000000080000E18] -> 0x0E93
mem[X,0x0000000080000E1A] -> 0x0010
[903] [M]: 0x0000000080000E18 (0x00100E93) addi x29, x0, 0x1                        inst_142+4
x29 <- 0x0000000000000001

clint mtime 0x00000000000001C4 (mip.MTI <- 0b1, mip.STI <- 0b0)
mem[X,0x0000000080000E1C] -> 0x9E93
mem[X,0x0000000080000E1E] -> 0x031E
[904] [M]: 0x0000000080000E1C (0x031E9E93) slli x29, x29, 0x31                      inst_142+8
x29 <- 0x0002000000000000

mem[X,0x0000000080000E20] -> 0x1FB3
mem[X,0x0000000080000E22] -> 0x0BDF
[905] [M]: 0x0000000080000E20 (0x0BDF1FB3) clmul x31, x30, x29                      inst_142+12
x31 <- 0xF7FE000000000000

clint mtime 0x00000000000001C5 (mip.MTI <- 0b1, mip.STI <- 0b0)
mem[X,0x0000000080000E24] -> 0xB023
mem[X,0x0000000080000E26] -> 0x3BF3
[906] [M]: 0x0000000080000E24 (0x3BF3B023) sd x31, 0x3a0(x7)                        inst_142+16
mem[W,0x0000000080004588] <- 0xF7FE000000000000

mem[X,0x0000000080000E28] -> 0x0F13
mem[X,0x0000000080000E2A] -> 0xBFF0
[907] [M]: 0x0000000080000E28 (0xBFF00F13) addi x30, x0, -0x401                     inst_143+0
x30 <- 0xFFFFFFFFFFFFFBFF

clint mtime 0x00000000000001C6 (mip.MTI <- 0b1, mip.STI <- 0b0)
mem[X,0x0000000080000E2C] -> 0x0E93
mem[X,0x0000000080000E2E] -> 0x0010
[908] [M]: 0x0000000080000E2C (0x00100E93) addi x29, x0, 0x1                        inst_143+4
x29 <- 0x0000000000000001

mem[X,0x0000000080000E30] -> 0x9E93
mem[X,0x0000000080000E32] -> 0x030E
[909] [M]: 0x0000000080000E30 (0x030E9E93) slli x29, x29, 0x30                      inst_143+8
x29 <- 0x0001000000000000

clint mtime 0x00000000000001C7 (mip.MTI <- 0b1, mip.STI <- 0b0)
mem[X,0x0000000080000E34] -> 0x1FB3
mem[X,0x0000000080000E36] -> 0x0BDF
[910] [M]: 0x0000000080000E34 (0x0BDF1FB3) clmul x31, x30, x29                      inst_143+12
x31 <- 0xFBFF000000000000

mem[X,0x0000000080000E38] -> 0xB423
mem[X,0x0000000080000E3A] -> 0x3BF3
[911] [M]: 0x0000000080000E38 (0x3BF3B423) sd x31, 0x3a8(x7)                        inst_143+16
mem[W,0x0000000080004590] <- 0xFBFF000000000000

clint mtime 0x00000000000001C8 (mip.MTI <- 0b1, mip.STI <- 0b0)
mem[X,0x0000000080000E3C] -> 0x0F13
mem[X,0x0000000080000E3E] -> 0xBFF0
[912] [M]: 0x0000000080000E3C (0xBFF00F13) addi x30, x0, -0x401                     inst_144+0
x30 <- 0xFFFFFFFFFFFFFBFF

mem[X,0x0000000080000E40] -> 0x0E93
mem[X,0x0000000080000E42] -> 0x0010
[913] [M]: 0x0000000080000E40 (0x00100E93) addi x29, x0, 0x1                        inst_144+4
x29 <- 0x0000000000000001

clint mtime 0x00000000000001C9 (mip.MTI <- 0b1, mip.STI <- 0b0)
mem[X,0x0000000080000E44] -> 0x9E93
mem[X,0x0000000080000E46] -> 0x02FE
[914] [M]: 0x0000000080000E44 (0x02FE9E93) slli x29, x29, 0x2f                      inst_144+8
x29 <- 0x0000800000000000

mem[X,0x0000000080000E48] -> 0x1FB3
mem[X,0x0000000080000E4A] -> 0x0BDF
[915] [M]: 0x0000000080000E48 (0x0BDF1FB3) clmul x31, x30, x29                      inst_144+12
x31 <- 0xFDFF800000000000

clint mtime 0x00000000000001CA (mip.MTI <- 0b1, mip.STI <- 0b0)
mem[X,0x0000000080000E4C] -> 0xB823
mem[X,0x0000000080000E4E] -> 0x3BF3
[916] [M]: 0x0000000080000E4C (0x3BF3B823) sd x31, 0x3b0(x7)                        inst_144+16
mem[W,0x0000000080004598] <- 0xFDFF800000000000

mem[X,0x0000000080000E50] -> 0x0F13
mem[X,0x0000000080000E52] -> 0xBFF0
[917] [M]: 0x0000000080000E50 (0xBFF00F13) addi x30, x0, -0x401                     inst_145+0
x30 <- 0xFFFFFFFFFFFFFBFF

clint mtime 0x00000000000001CB (mip.MTI <- 0b1, mip.STI <- 0b0)
mem[X,0x0000000080000E54] -> 0x0E93
mem[X,0x0000000080000E56] -> 0x0010
[918] [M]: 0x0000000080000E54 (0x00100E93) addi x29, x0, 0x1                        inst_145+4
x29 <- 0x0000000000000001

mem[X,0x0000000080000E58] -> 0x9E93
mem[X,0x0000000080000E5A] -> 0x02EE
[919] [M]: 0x0000000080000E58 (0x02EE9E93) slli x29, x29, 0x2e                      inst_145+8
x29 <- 0x0000400000000000

clint mtime 0x00000000000001CC (mip.MTI <- 0b1, mip.STI <- 0b0)
mem[X,0x0000000080000E5C] -> 0x1FB3
mem[X,0x0000000080000E5E] -> 0x0BDF
[920] [M]: 0x0000000080000E5C (0x0BDF1FB3) clmul x31, x30, x29                      inst_145+12
x31 <- 0xFEFFC00000000000

mem[X,0x0000000080000E60] -> 0xBC23
mem[X,0x0000000080000E62] -> 0x3BF3
[921] [M]: 0x0000000080000E60 (0x3BF3BC23) sd x31, 0x3b8(x7)                        inst_145+16
mem[W,0x00000000800045A0] <- 0xFEFFC00000000000

clint mtime 0x00000000000001CD (mip.MTI <- 0b1, mip.STI <- 0b0)
mem[X,0x0000000080000E64] -> 0x0F13
mem[X,0x0000000080000E66] -> 0xBFF0
[922] [M]: 0x0000000080000E64 (0xBFF00F13) addi x30, x0, -0x401                     inst_146+0
x30 <- 0xFFFFFFFFFFFFFBFF

mem[X,0x0000000080000E68] -> 0x0E93
mem[X,0x0000000080000E6A] -> 0x0010
[923] [M]: 0x0000000080000E68 (0x00100E93) addi x29, x0, 0x1                        inst_146+4
x29 <- 0x0000000000000001

clint mtime 0x00000000000001CE (mip.MTI <- 0b1, mip.STI <- 0b0)
mem[X,0x0000000080000E6C] -> 0x9E93
mem[X,0x0000000080000E6E] -> 0x02DE
[924] [M]: 0x0000000080000E6C (0x02DE9E93) slli x29, x29, 0x2d                      inst_146+8
x29 <- 0x0000200000000000

mem[X,0x0000000080000E70] -> 0x1FB3
mem[X,0x0000000080000E72] -> 0x0BDF
[925] [M]: 0x0000000080000E70 (0x0BDF1FB3) clmul x31, x30, x29                      inst_146+12
x31 <- 0xFF7FE00000000000

clint mtime 0x00000000000001CF (mip.MTI <- 0b1, mip.STI <- 0b0)
mem[X,0x0000000080000E74] -> 0xB023
mem[X,0x0000000080000E76] -> 0x3DF3
[926] [M]: 0x0000000080000E74 (0x3DF3B023) sd x31, 0x3c0(x7)                        inst_146+16
mem[W,0x00000000800045A8] <- 0xFF7FE00000000000

mem[X,0x0000000080000E78] -> 0x0F13
mem[X,0x0000000080000E7A] -> 0xBFF0
[927] [M]: 0x0000000080000E78 (0xBFF00F13) addi x30, x0, -0x401                     inst_147+0
x30 <- 0xFFFFFFFFFFFFFBFF

clint mtime 0x00000000000001D0 (mip.MTI <- 0b1, mip.STI <- 0b0)
mem[X,0x0000000080000E7C] -> 0x0E93
mem[X,0x0000000080000E7E] -> 0x0010
[928] [M]: 0x0000000080000E7C (0x00100E93) addi x29, x0, 0x1                        inst_147+4
x29 <- 0x0000000000000001

mem[X,0x0000000080000E80] -> 0x9E93
mem[X,0x0000000080000E82] -> 0x02CE
[929] [M]: 0x0000000080000E80 (0x02CE9E93) slli x29, x29, 0x2c                      inst_147+8
x29 <- 0x0000100000000000

clint mtime 0x00000000000001D1 (mip.MTI <- 0b1, mip.STI <- 0b0)
mem[X,0x0000000080000E84] -> 0x1FB3
mem[X,0x0000000080000E86] -> 0x0BDF
[930] [M]: 0x0000000080000E84 (0x0BDF1FB3) clmul x31, x30, x29                      inst_147+12
x31 <- 0xFFBFF00000000000

mem[X,0x0000000080000E88] -> 0xB423
mem[X,0x0000000080000E8A] -> 0x3DF3
[931] [M]: 0x0000000080000E88 (0x3DF3B423) sd x31, 0x3c8(x7)                        inst_147+16
mem[W,0x00000000800045B0] <- 0xFFBFF00000000000

clint mtime 0x00000000000001D2 (mip.MTI <- 0b1, mip.STI <- 0b0)
mem[X,0x0000000080000E8C] -> 0x0F13
mem[X,0x0000000080000E8E] -> 0xBFF0
[932] [M]: 0x0000000080000E8C (0xBFF00F13) addi x30, x0, -0x401                     inst_148+0
x30 <- 0xFFFFFFFFFFFFFBFF

mem[X,0x0000000080000E90] -> 0x0E93
mem[X,0x0000000080000E92] -> 0x0010
[933] [M]: 0x0000000080000E90 (0x00100E93) addi x29, x0, 0x1                        inst_148+4
x29 <- 0x0000000000000001

clint mtime 0x00000000000001D3 (mip.MTI <- 0b1, mip.STI <- 0b0)
mem[X,0x0000000080000E94] -> 0x9E93
mem[X,0x0000000080000E96] -> 0x02BE
[934] [M]: 0x0000000080000E94 (0x02BE9E93) slli x29, x29, 0x2b                      inst_148+8
x29 <- 0x0000080000000000

mem[X,0x0000000080000E98] -> 0x1FB3
mem[X,0x0000000080000E9A] -> 0x0BDF
[935] [M]: 0x0000000080000E98 (0x0BDF1FB3) clmul x31, x30, x29                      inst_148+12
x31 <- 0xFFDFF80000000000

clint mtime 0x00000000000001D4 (mip.MTI <- 0b1, mip.STI <- 0b0)
mem[X,0x0000000080000E9C] -> 0xB823
mem[X,0x0000000080000E9E] -> 0x3DF3
[936] [M]: 0x0000000080000E9C (0x3DF3B823) sd x31, 0x3d0(x7)                        inst_148+16
mem[W,0x00000000800045B8] <- 0xFFDFF80000000000

mem[X,0x0000000080000EA0] -> 0x0F13
mem[X,0x0000000080000EA2] -> 0xBFF0
[937] [M]: 0x0000000080000EA0 (0xBFF00F13) addi x30, x0, -0x401                     inst_149+0
x30 <- 0xFFFFFFFFFFFFFBFF

clint mtime 0x00000000000001D5 (mip.MTI <- 0b1, mip.STI <- 0b0)
mem[X,0x0000000080000EA4] -> 0x0E93
mem[X,0x0000000080000EA6] -> 0x0010
[938] [M]: 0x0000000080000EA4 (0x00100E93) addi x29, x0, 0x1                        inst_149+4
x29 <- 0x0000000000000001

mem[X,0x0000000080000EA8] -> 0x9E93
mem[X,0x0000000080000EAA] -> 0x02AE
[939] [M]: 0x0000000080000EA8 (0x02AE9E93) slli x29, x29, 0x2a                      inst_149+8
x29 <- 0x0000040000000000

clint mtime 0x00000000000001D6 (mip.MTI <- 0b1, mip.STI <- 0b0)
mem[X,0x0000000080000EAC] -> 0x1FB3
mem[X,0x0000000080000EAE] -> 0x0BDF
[940] [M]: 0x0000000080000EAC (0x0BDF1FB3) clmul x31, x30, x29                      inst_149+12
x31 <- 0xFFEFFC0000000000

mem[X,0x0000000080000EB0] -> 0xBC23
mem[X,0x0000000080000EB2] -> 0x3DF3
[941] [M]: 0x0000000080000EB0 (0x3DF3BC23) sd x31, 0x3d8(x7)                        inst_149+16
mem[W,0x00000000800045C0] <- 0xFFEFFC0000000000

clint mtime 0x00000000000001D7 (mip.MTI <- 0b1, mip.STI <- 0b0)
mem[X,0x0000000080000EB4] -> 0x0F13
mem[X,0x0000000080000EB6] -> 0xBFF0
[942] [M]: 0x0000000080000EB4 (0xBFF00F13) addi x30, x0, -0x401                     inst_150+0
x30 <- 0xFFFFFFFFFFFFFBFF

mem[X,0x0000000080000EB8] -> 0x0E93
mem[X,0x0000000080000EBA] -> 0x0010
[943] [M]: 0x0000000080000EB8 (0x00100E93) addi x29, x0, 0x1                        inst_150+4
x29 <- 0x0000000000000001

clint mtime 0x00000000000001D8 (mip.MTI <- 0b1, mip.STI <- 0b0)
mem[X,0x0000000080000EBC] -> 0x9E93
mem[X,0x0000000080000EBE] -> 0x029E
[944] [M]: 0x0000000080000EBC (0x029E9E93) slli x29, x29, 0x29                      inst_150+8
x29 <- 0x0000020000000000

mem[X,0x0000000080000EC0] -> 0x1FB3
mem[X,0x0000000080000EC2] -> 0x0BDF
[945] [M]: 0x0000000080000EC0 (0x0BDF1FB3) clmul x31, x30, x29                      inst_150+12
x31 <- 0xFFF7FE0000000000

clint mtime 0x00000000000001D9 (mip.MTI <- 0b1, mip.STI <- 0b0)
mem[X,0x0000000080000EC4] -> 0xB023
mem[X,0x0000000080000EC6] -> 0x3FF3
[946] [M]: 0x0000000080000EC4 (0x3FF3B023) sd x31, 0x3e0(x7)                        inst_150+16
mem[W,0x00000000800045C8] <- 0xFFF7FE0000000000

mem[X,0x0000000080000EC8] -> 0x0F13
mem[X,0x0000000080000ECA] -> 0xBFF0
[947] [M]: 0x0000000080000EC8 (0xBFF00F13) addi x30, x0, -0x401                     inst_151+0
x30 <- 0xFFFFFFFFFFFFFBFF

clint mtime 0x00000000000001DA (mip.MTI <- 0b1, mip.STI <- 0b0)
mem[X,0x0000000080000ECC] -> 0x0E93
mem[X,0x0000000080000ECE] -> 0x0010
[948] [M]: 0x0000000080000ECC (0x00100E93) addi x29, x0, 0x1                        inst_151+4
x29 <- 0x0000000000000001

mem[X,0x0000000080000ED0] -> 0x9E93
mem[X,0x0000000080000ED2] -> 0x028E
[949] [M]: 0x0000000080000ED0 (0x028E9E93) slli x29, x29, 0x28                      inst_151+8
x29 <- 0x0000010000000000

clint mtime 0x00000000000001DB (mip.MTI <- 0b1, mip.STI <- 0b0)
mem[X,0x0000000080000ED4] -> 0x1FB3
mem[X,0x0000000080000ED6] -> 0x0BDF
[950] [M]: 0x0000000080000ED4 (0x0BDF1FB3) clmul x31, x30, x29                      inst_151+12
x31 <- 0xFFFBFF0000000000

mem[X,0x0000000080000ED8] -> 0xB423
mem[X,0x0000000080000EDA] -> 0x3FF3
[951] [M]: 0x0000000080000ED8 (0x3FF3B423) sd x31, 0x3e8(x7)                        inst_151+16
mem[W,0x00000000800045D0] <- 0xFFFBFF0000000000

clint mtime 0x00000000000001DC (mip.MTI <- 0b1, mip.STI <- 0b0)
mem[X,0x0000000080000EDC] -> 0x0F13
mem[X,0x0000000080000EDE] -> 0xBFF0
[952] [M]: 0x0000000080000EDC (0xBFF00F13) addi x30, x0, -0x401                     inst_152+0
x30 <- 0xFFFFFFFFFFFFFBFF

mem[X,0x0000000080000EE0] -> 0x0E93
mem[X,0x0000000080000EE2] -> 0x0010
[953] [M]: 0x0000000080000EE0 (0x00100E93) addi x29, x0, 0x1                        inst_152+4
x29 <- 0x0000000000000001

clint mtime 0x00000000000001DD (mip.MTI <- 0b1, mip.STI <- 0b0)
mem[X,0x0000000080000EE4] -> 0x9E93
mem[X,0x0000000080000EE6] -> 0x027E
[954] [M]: 0x0000000080000EE4 (0x027E9E93) slli x29, x29, 0x27                      inst_152+8
x29 <- 0x0000008000000000

mem[X,0x0000000080000EE8] -> 0x1FB3
mem[X,0x0000000080000EEA] -> 0x0BDF
[955] [M]: 0x0000000080000EE8 (0x0BDF1FB3) clmul x31, x30, x29                      inst_152+12
x31 <- 0xFFFDFF8000000000

clint mtime 0x00000000000001DE (mip.MTI <- 0b1, mip.STI <- 0b0)
mem[X,0x0000000080000EEC] -> 0xB823
mem[X,0x0000000080000EEE] -> 0x3FF3
[956] [M]: 0x0000000080000EEC (0x3FF3B823) sd x31, 0x3f0(x7)                        inst_152+16
mem[W,0x00000000800045D8] <- 0xFFFDFF8000000000

mem[X,0x0000000080000EF0] -> 0x0F13
mem[X,0x0000000080000EF2] -> 0xBFF0
[957] [M]: 0x0000000080000EF0 (0xBFF00F13) addi x30, x0, -0x401                     inst_153+0
x30 <- 0xFFFFFFFFFFFFFBFF

clint mtime 0x00000000000001DF (mip.MTI <- 0b1, mip.STI <- 0b0)
mem[X,0x0000000080000EF4] -> 0x0E93
mem[X,0x0000000080000EF6] -> 0x0010
[958] [M]: 0x0000000080000EF4 (0x00100E93) addi x29, x0, 0x1                        inst_153+4
x29 <- 0x0000000000000001

mem[X,0x0000000080000EF8] -> 0x9E93
mem[X,0x0000000080000EFA] -> 0x026E
[959] [M]: 0x0000000080000EF8 (0x026E9E93) slli x29, x29, 0x26                      inst_153+8
x29 <- 0x0000004000000000

clint mtime 0x00000000000001E0 (mip.MTI <- 0b1, mip.STI <- 0b0)
mem[X,0x0000000080000EFC] -> 0x1FB3
mem[X,0x0000000080000EFE] -> 0x0BDF
[960] [M]: 0x0000000080000EFC (0x0BDF1FB3) clmul x31, x30, x29                      inst_153+12
x31 <- 0xFFFEFFC000000000

mem[X,0x0000000080000F00] -> 0xBC23
mem[X,0x0000000080000F02] -> 0x3FF3
[961] [M]: 0x0000000080000F00 (0x3FF3BC23) sd x31, 0x3f8(x7)                        inst_153+16
mem[W,0x00000000800045E0] <- 0xFFFEFFC000000000

clint mtime 0x00000000000001E1 (mip.MTI <- 0b1, mip.STI <- 0b0)
mem[X,0x0000000080000F04] -> 0x0F13
mem[X,0x0000000080000F06] -> 0xBFF0
[962] [M]: 0x0000000080000F04 (0xBFF00F13) addi x30, x0, -0x401                     inst_154+0
x30 <- 0xFFFFFFFFFFFFFBFF

mem[X,0x0000000080000F08] -> 0x0E93
mem[X,0x0000000080000F0A] -> 0x0010
[963] [M]: 0x0000000080000F08 (0x00100E93) addi x29, x0, 0x1                        inst_154+4
x29 <- 0x0000000000000001

clint mtime 0x00000000000001E2 (mip.MTI <- 0b1, mip.STI <- 0b0)
mem[X,0x0000000080000F0C] -> 0x9E93
mem[X,0x0000000080000F0E] -> 0x025E
[964] [M]: 0x0000000080000F0C (0x025E9E93) slli x29, x29, 0x25                      inst_154+8
x29 <- 0x0000002000000000

mem[X,0x0000000080000F10] -> 0x1FB3
mem[X,0x0000000080000F12] -> 0x0BDF
[965] [M]: 0x0000000080000F10 (0x0BDF1FB3) clmul x31, x30, x29                      inst_154+12
x31 <- 0xFFFF7FE000000000

clint mtime 0x00000000000001E3 (mip.MTI <- 0b1, mip.STI <- 0b0)
mem[X,0x0000000080000F14] -> 0xB023
mem[X,0x0000000080000F16] -> 0x41F3
[966] [M]: 0x0000000080000F14 (0x41F3B023) sd x31, 0x400(x7)                        inst_154+16
mem[W,0x00000000800045E8] <- 0xFFFF7FE000000000

mem[X,0x0000000080000F18] -> 0x0F13
mem[X,0x0000000080000F1A] -> 0xBFF0
[967] [M]: 0x0000000080000F18 (0xBFF00F13) addi x30, x0, -0x401                     inst_155+0
x30 <- 0xFFFFFFFFFFFFFBFF

clint mtime 0x00000000000001E4 (mip.MTI <- 0b1, mip.STI <- 0b0)
mem[X,0x0000000080000F1C] -> 0x0E93
mem[X,0x0000000080000F1E] -> 0x0010
[968] [M]: 0x0000000080000F1C (0x00100E93) addi x29, x0, 0x1                        inst_155+4
x29 <- 0x0000000000000001

mem[X,0x0000000080000F20] -> 0x9E93
mem[X,0x0000000080000F22] -> 0x024E
[969] [M]: 0x0000000080000F20 (0x024E9E93) slli x29, x29, 0x24                      inst_155+8
x29 <- 0x0000001000000000

clint mtime 0x00000000000001E5 (mip.MTI <- 0b1, mip.STI <- 0b0)
mem[X,0x0000000080000F24] -> 0x1FB3
mem[X,0x0000000080000F26] -> 0x0BDF
[970] [M]: 0x0000000080000F24 (0x0BDF1FB3) clmul x31, x30, x29                      inst_155+12
x31 <- 0xFFFFBFF000000000

mem[X,0x0000000080000F28] -> 0xB423
mem[X,0x0000000080000F2A] -> 0x41F3
[971] [M]: 0x0000000080000F28 (0x41F3B423) sd x31, 0x408(x7)                        inst_155+16
mem[W,0x00000000800045F0] <- 0xFFFFBFF000000000

clint mtime 0x00000000000001E6 (mip.MTI <- 0b1, mip.STI <- 0b0)
mem[X,0x0000000080000F2C] -> 0x0F13
mem[X,0x0000000080000F2E] -> 0xBFF0
[972] [M]: 0x0000000080000F2C (0xBFF00F13) addi x30, x0, -0x401                     inst_156+0
x30 <- 0xFFFFFFFFFFFFFBFF

mem[X,0x0000000080000F30] -> 0x0E93
mem[X,0x0000000080000F32] -> 0x0010
[973] [M]: 0x0000000080000F30 (0x00100E93) addi x29, x0, 0x1                        inst_156+4
x29 <- 0x0000000000000001

clint mtime 0x00000000000001E7 (mip.MTI <- 0b1, mip.STI <- 0b0)
mem[X,0x0000000080000F34] -> 0x9E93
mem[X,0x0000000080000F36] -> 0x023E
[974] [M]: 0x0000000080000F34 (0x023E9E93) slli x29, x29, 0x23                      inst_156+8
x29 <- 0x0000000800000000

mem[X,0x0000000080000F38] -> 0x1FB3
mem[X,0x0000000080000F3A] -> 0x0BDF
[975] [M]: 0x0000000080000F38 (0x0BDF1FB3) clmul x31, x30, x29                      inst_156+12
x31 <- 0xFFFFDFF800000000

clint mtime 0x00000000000001E8 (mip.MTI <- 0b1, mip.STI <- 0b0)
mem[X,0x0000000080000F3C] -> 0xB823
mem[X,0x0000000080000F3E] -> 0x41F3
[976] [M]: 0x0000000080000F3C (0x41F3B823) sd x31, 0x410(x7)                        inst_156+16
mem[W,0x00000000800045F8] <- 0xFFFFDFF800000000

mem[X,0x0000000080000F40] -> 0x0F13
mem[X,0x0000000080000F42] -> 0xBFF0
[977] [M]: 0x0000000080000F40 (0xBFF00F13) addi x30, x0, -0x401                     inst_157+0
x30 <- 0xFFFFFFFFFFFFFBFF

clint mtime 0x00000000000001E9 (mip.MTI <- 0b1, mip.STI <- 0b0)
mem[X,0x0000000080000F44] -> 0x0E93
mem[X,0x0000000080000F46] -> 0x0010
[978] [M]: 0x0000000080000F44 (0x00100E93) addi x29, x0, 0x1                        inst_157+4
x29 <- 0x0000000000000001

mem[X,0x0000000080000F48] -> 0x9E93
mem[X,0x0000000080000F4A] -> 0x022E
[979] [M]: 0x0000000080000F48 (0x022E9E93) slli x29, x29, 0x22                      inst_157+8
x29 <- 0x0000000400000000

clint mtime 0x00000000000001EA (mip.MTI <- 0b1, mip.STI <- 0b0)
mem[X,0x0000000080000F4C] -> 0x1FB3
mem[X,0x0000000080000F4E] -> 0x0BDF
[980] [M]: 0x0000000080000F4C (0x0BDF1FB3) clmul x31, x30, x29                      inst_157+12
x31 <- 0xFFFFEFFC00000000

mem[X,0x0000000080000F50] -> 0xBC23
mem[X,0x0000000080000F52] -> 0x41F3
[981] [M]: 0x0000000080000F50 (0x41F3BC23) sd x31, 0x418(x7)                        inst_157+16
mem[W,0x0000000080004600] <- 0xFFFFEFFC00000000

clint mtime 0x00000000000001EB (mip.MTI <- 0b1, mip.STI <- 0b0)
mem[X,0x0000000080000F54] -> 0x0F13
mem[X,0x0000000080000F56] -> 0x0010
[982] [M]: 0x0000000080000F54 (0x00100F13) addi x30, x0, 0x1                        inst_158+0
x30 <- 0x0000000000000001

mem[X,0x0000000080000F58] -> 0x0E93
mem[X,0x0000000080000F5A] -> 0xBFF0
[983] [M]: 0x0000000080000F58 (0xBFF00E93) addi x29, x0, -0x401                     inst_158+4
x29 <- 0xFFFFFFFFFFFFFBFF

clint mtime 0x00000000000001EC (mip.MTI <- 0b1, mip.STI <- 0b0)
mem[X,0x0000000080000F5C] -> 0x1FB3
mem[X,0x0000000080000F5E] -> 0x0BDF
[984] [M]: 0x0000000080000F5C (0x0BDF1FB3) clmul x31, x30, x29                      inst_158+8
x31 <- 0xFFFFFFFFFFFFFBFF

mem[X,0x0000000080000F60] -> 0xB023
mem[X,0x0000000080000F62] -> 0x43F3
[985] [M]: 0x0000000080000F60 (0x43F3B023) sd x31, 0x420(x7)                        inst_158+12
mem[W,0x0000000080004608] <- 0xFFFFFFFFFFFFFBFF

clint mtime 0x00000000000001ED (mip.MTI <- 0b1, mip.STI <- 0b0)
mem[X,0x0000000080000F64] -> 0x9F37
mem[X,0x0000000080000F66] -> 0x6AF2
[986] [M]: 0x0000000080000F64 (0x6AF29F37) lui x30, 0x6af29                         inst_159+0
x30 <- 0x000000006AF29000

mem[X,0x0000000080000F68] -> 0x0F13
mem[X,0x0000000080000F6A] -> 0x145F
[987] [M]: 0x0000000080000F68 (0x145F0F13) addi x30, x30, 0x145                     inst_159+4
x30 <- 0x000000006AF29145

clint mtime 0x00000000000001EE (mip.MTI <- 0b1, mip.STI <- 0b0)
mem[X,0x0000000080000F6C] -> 0x1F13
mem[X,0x0000000080000F6E] -> 0x00BF
[988] [M]: 0x0000000080000F6C (0x00BF1F13) slli x30, x30, 0xb                       inst_159+8
x30 <- 0x00000357948A2800

mem[X,0x0000000080000F70] -> 0x0F13
mem[X,0x0000000080000F72] -> 0x202F
[989] [M]: 0x0000000080000F70 (0x202F0F13) addi x30, x30, 0x202                     inst_159+12
x30 <- 0x00000357948A2A02

clint mtime 0x00000000000001EF (mip.MTI <- 0b1, mip.STI <- 0b0)
mem[X,0x0000000080000F74] -> 0x1F13
mem[X,0x0000000080000F76] -> 0x00BF
[990] [M]: 0x0000000080000F74 (0x00BF1F13) slli x30, x30, 0xb                       inst_159+16
x30 <- 0x001ABCA451501000

mem[X,0x0000000080000F78] -> 0x0F13
mem[X,0x0000000080000F7A] -> 0x3F6F
[991] [M]: 0x0000000080000F78 (0x3F6F0F13) addi x30, x30, 0x3f6                     inst_159+20
x30 <- 0x001ABCA4515013F6

clint mtime 0x00000000000001F0 (mip.MTI <- 0b1, mip.STI <- 0b0)
mem[X,0x0000000080000F7C] -> 0x1F13
mem[X,0x0000000080000F7E] -> 0x00AF
[992] [M]: 0x0000000080000F7C (0x00AF1F13) slli x30, x30, 0xa                       inst_159+24
x30 <- 0x6AF29145404FD800

mem[X,0x0000000080000F80] -> 0x0F13
mem[X,0x0000000080000F82] -> 0x0EDF
[993] [M]: 0x0000000080000F80 (0x0EDF0F13) addi x30, x30, 0xed                      inst_159+28
x30 <- 0x6AF29145404FD8ED

clint mtime 0x00000000000001F1 (mip.MTI <- 0b1, mip.STI <- 0b0)
mem[X,0x0000000080000F84] -> 0x7EB7
mem[X,0x0000000080000F86] -> 0x990E
[994] [M]: 0x0000000080000F84 (0x990E7EB7) lui x29, -0x66f19                        inst_159+32
x29 <- 0xFFFFFFFF990E7000

mem[X,0x0000000080000F88] -> 0x8E93
mem[X,0x0000000080000F8A] -> 0x5EAE
[995] [M]: 0x0000000080000F88 (0x5EAE8E93) addi x29, x29, 0x5ea                     inst_159+36
x29 <- 0xFFFFFFFF990E75EA

clint mtime 0x00000000000001F2 (mip.MTI <- 0b1, mip.STI <- 0b0)
mem[X,0x0000000080000F8C] -> 0x9E93
mem[X,0x0000000080000F8E] -> 0x00BE
[996] [M]: 0x0000000080000F8C (0x00BE9E93) slli x29, x29, 0xb                       inst_159+40
x29 <- 0xFFFFFCC873AF5000

mem[X,0x0000000080000F90] -> 0x8E93
mem[X,0x0000000080000F92] -> 0x7FFE
[997] [M]: 0x0000000080000F90 (0x7FFE8E93) addi x29, x29, 0x7ff                     inst_159+44
x29 <- 0xFFFFFCC873AF57FF

clint mtime 0x00000000000001F3 (mip.MTI <- 0b1, mip.STI <- 0b0)
mem[X,0x0000000080000F94] -> 0x9E93
mem[X,0x0000000080000F96] -> 0x00BE
[998] [M]: 0x0000000080000F94 (0x00BE9E93) slli x29, x29, 0xb                       inst_159+48
x29 <- 0xFFE6439D7ABFF800

mem[X,0x0000000080000F98] -> 0x8E93
mem[X,0x0000000080000F9A] -> 0x55AE
[999] [M]: 0x0000000080000F98 (0x55AE8E93) addi x29, x29, 0x55a                     inst_159+52
x29 <- 0xFFE6439D7ABFFD5A

clint mtime 0x00000000000001F4 (mip.MTI <- 0b1, mip.STI <- 0b0)
mem[X,0x0000000080000F9C] -> 0x9E93
mem[X,0x0000000080000F9E] -> 0x00AE
[1000] [M]: 0x0000000080000F9C (0x00AE9E93) slli x29, x29, 0xa                      inst_159+56
x29 <- 0x990E75EAFFF56800

mem[X,0x0000000080000FA0] -> 0x8E93
mem[X,0x0000000080000FA2] -> 0x1C2E
[1001] [M]: 0x0000000080000FA0 (0x1C2E8E93) addi x29, x29, 0x1c2                    inst_159+60
x29 <- 0x990E75EAFFF569C2

clint mtime 0x00000000000001F5 (mip.MTI <- 0b1, mip.STI <- 0b0)
mem[X,0x0000000080000FA4] -> 0x1FB3
mem[X,0x0000000080000FA6] -> 0x0BDF
[1002] [M]: 0x0000000080000FA4 (0x0BDF1FB3) clmul x31, x30, x29                     inst_159+64
x31 <- 0x98D8FC8FB655991A

mem[X,0x0000000080000FA8] -> 0xB423
mem[X,0x0000000080000FAA] -> 0x43F3
[1003] [M]: 0x0000000080000FA8 (0x43F3B423) sd x31, 0x428(x7)                       inst_159+68
mem[W,0x0000000080004610] <- 0x98D8FC8FB655991A

clint mtime 0x00000000000001F6 (mip.MTI <- 0b1, mip.STI <- 0b0)
mem[X,0x0000000080000FAC] -> 0xCF37
mem[X,0x0000000080000FAE] -> 0x6D23
[1004] [M]: 0x0000000080000FAC (0x6D23CF37) lui x30, 0x6d23c                        inst_160+0
x30 <- 0x000000006D23C000

mem[X,0x0000000080000FB0] -> 0x0F13
mem[X,0x0000000080000FB2] -> 0x048F
[1005] [M]: 0x0000000080000FB0 (0x048F0F13) addi x30, x30, 0x48                     inst_160+4
x30 <- 0x000000006D23C048

clint mtime 0x00000000000001F7 (mip.MTI <- 0b1, mip.STI <- 0b0)
mem[X,0x0000000080000FB4] -> 0x1F13
mem[X,0x0000000080000FB6] -> 0x00BF
[1006] [M]: 0x0000000080000FB4 (0x00BF1F13) slli x30, x30, 0xb                      inst_160+8
x30 <- 0x000003691E024000

mem[X,0x0000000080000FB8] -> 0x0F13
mem[X,0x0000000080000FBA] -> 0x453F
[1007] [M]: 0x0000000080000FB8 (0x453F0F13) addi x30, x30, 0x453                    inst_160+12
x30 <- 0x000003691E024453

clint mtime 0x00000000000001F8 (mip.MTI <- 0b1, mip.STI <- 0b0)
mem[X,0x0000000080000FBC] -> 0x1F13
mem[X,0x0000000080000FBE] -> 0x00BF
[1008] [M]: 0x0000000080000FBC (0x00BF1F13) slli x30, x30, 0xb                      inst_160+16
x30 <- 0x001B48F012229800

mem[X,0x0000000080000FC0] -> 0x0F13
mem[X,0x0000000080000FC2] -> 0x006F
[1009] [M]: 0x0000000080000FC0 (0x006F0F13) addi x30, x30, 0x6                      inst_160+20
x30 <- 0x001B48F012229806

clint mtime 0x00000000000001F9 (mip.MTI <- 0b1, mip.STI <- 0b0)
mem[X,0x0000000080000FC4] -> 0x1F13
mem[X,0x0000000080000FC6] -> 0x00AF
[1010] [M]: 0x0000000080000FC4 (0x00AF1F13) slli x30, x30, 0xa                      inst_160+24
x30 <- 0x6D23C0488A601800

mem[X,0x0000000080000FC8] -> 0x0F13
mem[X,0x0000000080000FCA] -> 0x1C1F
[1011] [M]: 0x0000000080000FC8 (0x1C1F0F13) addi x30, x30, 0x1c1                    inst_160+28
x30 <- 0x6D23C0488A6019C1

clint mtime 0x00000000000001FA (mip.MTI <- 0b1, mip.STI <- 0b0)
mem[X,0x0000000080000FCC] -> 0xEEB7
mem[X,0x0000000080000FCE] -> 0x860B
[1012] [M]: 0x0000000080000FCC (0x860BEEB7) lui x29, -0x79f42                       inst_160+32
x29 <- 0xFFFFFFFF860BE000

mem[X,0x0000000080000FD0] -> 0x8E93
mem[X,0x0000000080000FD2] -> 0xAADE
[1013] [M]: 0x0000000080000FD0 (0xAADE8E93) addi x29, x29, -0x553                   inst_160+36
x29 <- 0xFFFFFFFF860BDAAD

clint mtime 0x00000000000001FB (mip.MTI <- 0b1, mip.STI <- 0b0)
mem[X,0x0000000080000FD4] -> 0x9E93
mem[X,0x0000000080000FD6] -> 0x00BE
[1014] [M]: 0x0000000080000FD4 (0x00BE9E93) slli x29, x29, 0xb                      inst_160+40
x29 <- 0xFFFFFC305ED56800

mem[X,0x0000000080000FD8] -> 0x8E93
mem[X,0x0000000080000FDA] -> 0x3A2E
[1015] [M]: 0x0000000080000FD8 (0x3A2E8E93) addi x29, x29, 0x3a2                    inst_160+44
x29 <- 0xFFFFFC305ED56BA2

clint mtime 0x00000000000001FC (mip.MTI <- 0b1, mip.STI <- 0b0)
mem[X,0x0000000080000FDC] -> 0x9E93
mem[X,0x0000000080000FDE] -> 0x00BE
[1016] [M]: 0x0000000080000FDC (0x00BE9E93) slli x29, x29, 0xb                      inst_160+48
x29 <- 0xFFE182F6AB5D1000

mem[X,0x0000000080000FE0] -> 0x8E93
mem[X,0x0000000080000FE2] -> 0x1E8E
[1017] [M]: 0x0000000080000FE0 (0x1E8E8E93) addi x29, x29, 0x1e8                    inst_160+52
x29 <- 0xFFE182F6AB5D11E8

clint mtime 0x00000000000001FD (mip.MTI <- 0b1, mip.STI <- 0b0)
mem[X,0x0000000080000FE4] -> 0x9E93
mem[X,0x0000000080000FE6] -> 0x00AE
[1018] [M]: 0x0000000080000FE4 (0x00AE9E93) slli x29, x29, 0xa                      inst_160+56
x29 <- 0x860BDAAD7447A000

mem[X,0x0000000080000FE8] -> 0x8E93
mem[X,0x0000000080000FEA] -> 0x088E
[1019] [M]: 0x0000000080000FE8 (0x088E8E93) addi x29, x29, 0x88                     inst_160+60
x29 <- 0x860BDAAD7447A088

clint mtime 0x00000000000001FE (mip.MTI <- 0b1, mip.STI <- 0b0)
mem[X,0x0000000080000FEC] -> 0x1FB3
mem[X,0x0000000080000FEE] -> 0x0BDF
[1020] [M]: 0x0000000080000FEC (0x0BDF1FB3) clmul x31, x30, x29                     inst_160+64
x31 <- 0x0F04EB8525D38E88

mem[X,0x0000000080000FF0] -> 0xB823
mem[X,0x0000000080000FF2] -> 0x43F3
[1021] [M]: 0x0000000080000FF0 (0x43F3B823) sd x31, 0x430(x7)                       inst_160+68
mem[W,0x0000000080004618] <- 0x0F04EB8525D38E88

clint mtime 0x00000000000001FF (mip.MTI <- 0b1, mip.STI <- 0b0)
mem[X,0x0000000080000FF4] -> 0x9F37
mem[X,0x0000000080000FF6] -> 0x1F7D
[1022] [M]: 0x0000000080000FF4 (0x1F7D9F37) lui x30, 0x1f7d9                        inst_161+0
x30 <- 0x000000001F7D9000

mem[X,0x0000000080000FF8] -> 0x0F13
mem[X,0x0000000080000FFA] -> 0x46FF
[1023] [M]: 0x0000000080000FF8 (0x46FF0F13) addi x30, x30, 0x46f                    inst_161+4
x30 <- 0x000000001F7D946F

clint mtime 0x0000000000000200 (mip.MTI <- 0b1, mip.STI <- 0b0)
mem[X,0x0000000080000FFC] -> 0x1F13
mem[X,0x0000000080000FFE] -> 0x00BF
[1024] [M]: 0x0000000080000FFC (0x00BF1F13) slli x30, x30, 0xb                      inst_161+8
x30 <- 0x000000FBECA37800

mem[X,0x0000000080001000] -> 0x0F13
mem[X,0x0000000080001002] -> 0x0B8F
[1025] [M]: 0x0000000080001000 (0x0B8F0F13) addi x30, x30, 0xb8                     inst_161+12
x30 <- 0x000000FBECA378B8

clint mtime 0x0000000000000201 (mip.MTI <- 0b1, mip.STI <- 0b0)
mem[X,0x0000000080001004] -> 0x1F13
mem[X,0x0000000080001006] -> 0x00BF
[1026] [M]: 0x0000000080001004 (0x00BF1F13) slli x30, x30, 0xb                      inst_161+16
x30 <- 0x0007DF651BC5C000

mem[X,0x0000000080001008] -> 0x0F13
mem[X,0x000000008000100A] -> 0x5A2F
[1027] [M]: 0x0000000080001008 (0x5A2F0F13) addi x30, x30, 0x5a2                    inst_161+20
x30 <- 0x0007DF651BC5C5A2

clint mtime 0x0000000000000202 (mip.MTI <- 0b1, mip.STI <- 0b0)
mem[X,0x000000008000100C] -> 0x1F13
mem[X,0x000000008000100E] -> 0x00AF
[1028] [M]: 0x000000008000100C (0x00AF1F13) slli x30, x30, 0xa                      inst_161+24
x30 <- 0x1F7D946F17168800

mem[X,0x0000000080001010] -> 0x0F13
mem[X,0x0000000080001012] -> 0x2B3F
[1029] [M]: 0x0000000080001010 (0x2B3F0F13) addi x30, x30, 0x2b3                    inst_161+28
x30 <- 0x1F7D946F17168AB3

clint mtime 0x0000000000000203 (mip.MTI <- 0b1, mip.STI <- 0b0)
mem[X,0x0000000080001014] -> 0xEEB7
mem[X,0x0000000080001016] -> 0x66EA
[1030] [M]: 0x0000000080001014 (0x66EAEEB7) lui x29, 0x66eae                        inst_161+32
x29 <- 0x0000000066EAE000

mem[X,0x0000000080001018] -> 0x8E93
mem[X,0x000000008000101A] -> 0x3D9E
[1031] [M]: 0x0000000080001018 (0x3D9E8E93) addi x29, x29, 0x3d9                    inst_161+36
x29 <- 0x0000000066EAE3D9

clint mtime 0x0000000000000204 (mip.MTI <- 0b1, mip.STI <- 0b0)
mem[X,0x000000008000101C] -> 0x9E93
mem[X,0x000000008000101E] -> 0x00BE
[1032] [M]: 0x000000008000101C (0x00BE9E93) slli x29, x29, 0xb                      inst_161+40
x29 <- 0x00000337571EC800

mem[X,0x0000000080001020] -> 0x8E93
mem[X,0x0000000080001022] -> 0x5DDE
[1033] [M]: 0x0000000080001020 (0x5DDE8E93) addi x29, x29, 0x5dd                    inst_161+44
x29 <- 0x00000337571ECDDD

clint mtime 0x0000000000000205 (mip.MTI <- 0b1, mip.STI <- 0b0)
mem[X,0x0000000080001024] -> 0x9E93
mem[X,0x0000000080001026] -> 0x00BE
[1034] [M]: 0x0000000080001024 (0x00BE9E93) slli x29, x29, 0xb                      inst_161+48
x29 <- 0x0019BAB8F66EE800

mem[X,0x0000000080001028] -> 0x8E93
mem[X,0x000000008000102A] -> 0x53DE
[1035] [M]: 0x0000000080001028 (0x53DE8E93) addi x29, x29, 0x53d                    inst_161+52
x29 <- 0x0019BAB8F66EED3D

clint mtime 0x0000000000000206 (mip.MTI <- 0b1, mip.STI <- 0b0)
mem[X,0x000000008000102C] -> 0x9E93
mem[X,0x000000008000102E] -> 0x00AE
[1036] [M]: 0x000000008000102C (0x00AE9E93) slli x29, x29, 0xa                      inst_161+56
x29 <- 0x66EAE3D9BBB4F400

mem[X,0x0000000080001030] -> 0x8E93
mem[X,0x0000000080001032] -> 0x160E
[1037] [M]: 0x0000000080001030 (0x160E8E93) addi x29, x29, 0x160                    inst_161+60
x29 <- 0x66EAE3D9BBB4F560

clint mtime 0x0000000000000207 (mip.MTI <- 0b1, mip.STI <- 0b0)
mem[X,0x0000000080001034] -> 0x1FB3
mem[X,0x0000000080001036] -> 0x0BDF
[1038] [M]: 0x0000000080001034 (0x0BDF1FB3) clmul x31, x30, x29                     inst_161+64
x31 <- 0xF7875B2226C795A0

mem[X,0x0000000080001038] -> 0xBC23
mem[X,0x000000008000103A] -> 0x43F3
[1039] [M]: 0x0000000080001038 (0x43F3BC23) sd x31, 0x438(x7)                       inst_161+68
mem[W,0x0000000080004620] <- 0xF7875B2226C795A0

clint mtime 0x0000000000000208 (mip.MTI <- 0b1, mip.STI <- 0b0)
mem[X,0x000000008000103C] -> 0x5F37
mem[X,0x000000008000103E] -> 0xEF1D
[1040] [M]: 0x000000008000103C (0xEF1D5F37) lui x30, -0x10e2b                       inst_162+0
x30 <- 0xFFFFFFFFEF1D5000

mem[X,0x0000000080001040] -> 0x0F13
mem[X,0x0000000080001042] -> 0x4DBF
[1041] [M]: 0x0000000080001040 (0x4DBF0F13) addi x30, x30, 0x4db                    inst_162+4
x30 <- 0xFFFFFFFFEF1D54DB

clint mtime 0x0000000000000209 (mip.MTI <- 0b1, mip.STI <- 0b0)
mem[X,0x0000000080001044] -> 0x1F13
mem[X,0x0000000080001046] -> 0x00BF
[1042] [M]: 0x0000000080001044 (0x00BF1F13) slli x30, x30, 0xb                      inst_162+8
x30 <- 0xFFFFFF78EAA6D800

mem[X,0x0000000080001048] -> 0x0F13
mem[X,0x000000008000104A] -> 0x195F
[1043] [M]: 0x0000000080001048 (0x195F0F13) addi x30, x30, 0x195                    inst_162+12
x30 <- 0xFFFFFF78EAA6D995

clint mtime 0x000000000000020A (mip.MTI <- 0b1, mip.STI <- 0b0)
mem[X,0x000000008000104C] -> 0x1F13
mem[X,0x000000008000104E] -> 0x00BF
[1044] [M]: 0x000000008000104C (0x00BF1F13) slli x30, x30, 0xb                      inst_162+16
x30 <- 0xFFFBC75536CCA800

mem[X,0x0000000080001050] -> 0x0F13
mem[X,0x0000000080001052] -> 0x607F
[1045] [M]: 0x0000000080001050 (0x607F0F13) addi x30, x30, 0x607                    inst_162+20
x30 <- 0xFFFBC75536CCAE07

clint mtime 0x000000000000020B (mip.MTI <- 0b1, mip.STI <- 0b0)
mem[X,0x0000000080001054] -> 0x1F13
mem[X,0x0000000080001056] -> 0x00AF
[1046] [M]: 0x0000000080001054 (0x00AF1F13) slli x30, x30, 0xa                      inst_162+24
x30 <- 0xEF1D54DB32B81C00

mem[X,0x0000000080001058] -> 0x0F13
mem[X,0x000000008000105A] -> 0x327F
[1047] [M]: 0x0000000080001058 (0x327F0F13) addi x30, x30, 0x327                    inst_162+28
x30 <- 0xEF1D54DB32B81F27

clint mtime 0x000000000000020C (mip.MTI <- 0b1, mip.STI <- 0b0)
mem[X,0x000000008000105C] -> 0xBEB7
mem[X,0x000000008000105E] -> 0x1826
[1048] [M]: 0x000000008000105C (0x1826BEB7) lui x29, 0x1826b                        inst_162+32
x29 <- 0x000000001826B000

mem[X,0x0000000080001060] -> 0x8E93
mem[X,0x0000000080001062] -> 0x804E
[1049] [M]: 0x0000000080001060 (0x804E8E93) addi x29, x29, -0x7fc                   inst_162+36
x29 <- 0x000000001826A804

clint mtime 0x000000000000020D (mip.MTI <- 0b1, mip.STI <- 0b0)
mem[X,0x0000000080001064] -> 0x9E93
mem[X,0x0000000080001066] -> 0x00BE
[1050] [M]: 0x0000000080001064 (0x00BE9E93) slli x29, x29, 0xb                      inst_162+40
x29 <- 0x000000C135402000

mem[X,0x0000000080001068] -> 0x8E93
mem[X,0x000000008000106A] -> 0x142E
[1051] [M]: 0x0000000080001068 (0x142E8E93) addi x29, x29, 0x142                    inst_162+44
x29 <- 0x000000C135402142

clint mtime 0x000000000000020E (mip.MTI <- 0b1, mip.STI <- 0b0)
mem[X,0x000000008000106C] -> 0x9E93
mem[X,0x000000008000106E] -> 0x00BE
[1052] [M]: 0x000000008000106C (0x00BE9E93) slli x29, x29, 0xb                      inst_162+48
x29 <- 0x000609AA010A1000

mem[X,0x0000000080001070] -> 0x8E93
mem[X,0x0000000080001072] -> 0x3F8E
[1053] [M]: 0x0000000080001070 (0x3F8E8E93) addi x29, x29, 0x3f8                    inst_162+52
x29 <- 0x000609AA010A13F8

clint mtime 0x000000000000020F (mip.MTI <- 0b1, mip.STI <- 0b0)
mem[X,0x0000000080001074] -> 0x9E93
mem[X,0x0000000080001076] -> 0x00AE
[1054] [M]: 0x0000000080001074 (0x00AE9E93) slli x29, x29, 0xa                      inst_162+56
x29 <- 0x1826A804284FE000

mem[X,0x0000000080001078] -> 0x8E93
mem[X,0x000000008000107A] -> 0x16CE
[1055] [M]: 0x0000000080001078 (0x16CE8E93) addi x29, x29, 0x16c                    inst_162+60
x29 <- 0x1826A804284FE16C

clint mtime 0x0000000000000210 (mip.MTI <- 0b1, mip.STI <- 0b0)
mem[X,0x000000008000107C] -> 0x1FB3
mem[X,0x000000008000107E] -> 0x0BDF
[1056] [M]: 0x000000008000107C (0x0BDF1FB3) clmul x31, x30, x29                     inst_162+64
x31 <- 0xC17EF1E6A0882F84

mem[X,0x0000000080001080] -> 0xB023
mem[X,0x0000000080001082] -> 0x45F3
[1057] [M]: 0x0000000080001080 (0x45F3B023) sd x31, 0x440(x7)                       inst_162+68
mem[W,0x0000000080004628] <- 0xC17EF1E6A0882F84

clint mtime 0x0000000000000211 (mip.MTI <- 0b1, mip.STI <- 0b0)
mem[X,0x0000000080001084] -> 0xEF37
mem[X,0x0000000080001086] -> 0xB694
[1058] [M]: 0x0000000080001084 (0xB694EF37) lui x30, -0x496b2                       inst_163+0
x30 <- 0xFFFFFFFFB694E000

mem[X,0x0000000080001088] -> 0x0F13
mem[X,0x000000008000108A] -> 0xE26F
[1059] [M]: 0x0000000080001088 (0xE26F0F13) addi x30, x30, -0x1da                   inst_163+4
x30 <- 0xFFFFFFFFB694DE26

clint mtime 0x0000000000000212 (mip.MTI <- 0b1, mip.STI <- 0b0)
mem[X,0x000000008000108C] -> 0x1F13
mem[X,0x000000008000108E] -> 0x00BF
[1060] [M]: 0x000000008000108C (0x00BF1F13) slli x30, x30, 0xb                      inst_163+8
x30 <- 0xFFFFFDB4A6F13000

mem[X,0x0000000080001090] -> 0x0F13
mem[X,0x0000000080001092] -> 0x56CF
[1061] [M]: 0x0000000080001090 (0x56CF0F13) addi x30, x30, 0x56c                    inst_163+12
x30 <- 0xFFFFFDB4A6F1356C

clint mtime 0x0000000000000213 (mip.MTI <- 0b1, mip.STI <- 0b0)
mem[X,0x0000000080001094] -> 0x1F13
mem[X,0x0000000080001096] -> 0x00BF
[1062] [M]: 0x0000000080001094 (0x00BF1F13) slli x30, x30, 0xb                      inst_163+16
x30 <- 0xFFEDA53789AB6000

mem[X,0x0000000080001098] -> 0x0F13
mem[X,0x000000008000109A] -> 0x795F
[1063] [M]: 0x0000000080001098 (0x795F0F13) addi x30, x30, 0x795                    inst_163+20
x30 <- 0xFFEDA53789AB6795

clint mtime 0x0000000000000214 (mip.MTI <- 0b1, mip.STI <- 0b0)
mem[X,0x000000008000109C] -> 0x1F13
mem[X,0x000000008000109E] -> 0x00AF
[1064] [M]: 0x000000008000109C (0x00AF1F13) slli x30, x30, 0xa                      inst_163+24
x30 <- 0xB694DE26AD9E5400

mem[X,0x00000000800010A0] -> 0x0F13
mem[X,0x00000000800010A2] -> 0x031F
[1065] [M]: 0x00000000800010A0 (0x031F0F13) addi x30, x30, 0x31                     inst_163+28
x30 <- 0xB694DE26AD9E5431

clint mtime 0x0000000000000215 (mip.MTI <- 0b1, mip.STI <- 0b0)
mem[X,0x00000000800010A4] -> 0xAEB7
mem[X,0x00000000800010A6] -> 0x293F
[1066] [M]: 0x00000000800010A4 (0x293FAEB7) lui x29, 0x293fa                        inst_163+32
x29 <- 0x00000000293FA000

mem[X,0x00000000800010A8] -> 0x8E93
mem[X,0x00000000800010AA] -> 0xF60E
[1067] [M]: 0x00000000800010A8 (0xF60E8E93) addi x29, x29, -0xa0                    inst_163+36
x29 <- 0x00000000293F9F60

clint mtime 0x0000000000000216 (mip.MTI <- 0b1, mip.STI <- 0b0)
mem[X,0x00000000800010AC] -> 0x9E93
mem[X,0x00000000800010AE] -> 0x00BE
[1068] [M]: 0x00000000800010AC (0x00BE9E93) slli x29, x29, 0xb                      inst_163+40
x29 <- 0x00000149FCFB0000

mem[X,0x00000000800010B0] -> 0x8E93
mem[X,0x00000000800010B2] -> 0x38FE
[1069] [M]: 0x00000000800010B0 (0x38FE8E93) addi x29, x29, 0x38f                    inst_163+44
x29 <- 0x00000149FCFB038F

clint mtime 0x0000000000000217 (mip.MTI <- 0b1, mip.STI <- 0b0)
mem[X,0x00000000800010B4] -> 0x9E93
mem[X,0x00000000800010B6] -> 0x00BE
[1070] [M]: 0x00000000800010B4 (0x00BE9E93) slli x29, x29, 0xb                      inst_163+48
x29 <- 0x000A4FE7D81C7800

mem[X,0x00000000800010B8] -> 0x8E93
mem[X,0x00000000800010BA] -> 0x6B6E
[1071] [M]: 0x00000000800010B8 (0x6B6E8E93) addi x29, x29, 0x6b6                    inst_163+52
x29 <- 0x000A4FE7D81C7EB6

clint mtime 0x0000000000000218 (mip.MTI <- 0b1, mip.STI <- 0b0)
mem[X,0x00000000800010BC] -> 0x9E93
mem[X,0x00000000800010BE] -> 0x00AE
[1072] [M]: 0x00000000800010BC (0x00AE9E93) slli x29, x29, 0xa                      inst_163+56
x29 <- 0x293F9F6071FAD800

mem[X,0x00000000800010C0] -> 0x8E93
mem[X,0x00000000800010C2] -> 0x078E
[1073] [M]: 0x00000000800010C0 (0x078E8E93) addi x29, x29, 0x78                     inst_163+60
x29 <- 0x293F9F6071FAD878

clint mtime 0x0000000000000219 (mip.MTI <- 0b1, mip.STI <- 0b0)
mem[X,0x00000000800010C4] -> 0x1FB3
mem[X,0x00000000800010C6] -> 0x0BDF
[1074] [M]: 0x00000000800010C4 (0x0BDF1FB3) clmul x31, x30, x29                     inst_163+64
x31 <- 0xB972289F50A430F8

mem[X,0x00000000800010C8] -> 0xB423
mem[X,0x00000000800010CA] -> 0x45F3
[1075] [M]: 0x00000000800010C8 (0x45F3B423) sd x31, 0x448(x7)                       inst_163+68
mem[W,0x0000000080004630] <- 0xB972289F50A430F8

clint mtime 0x000000000000021A (mip.MTI <- 0b1, mip.STI <- 0b0)
mem[X,0x00000000800010CC] -> 0xBF37
mem[X,0x00000000800010CE] -> 0x987D
[1076] [M]: 0x00000000800010CC (0x987DBF37) lui x30, -0x67825                       inst_164+0
x30 <- 0xFFFFFFFF987DB000

mem[X,0x00000000800010D0] -> 0x0F13
mem[X,0x00000000800010D2] -> 0xA20F
[1077] [M]: 0x00000000800010D0 (0xA20F0F13) addi x30, x30, -0x5e0                   inst_164+4
x30 <- 0xFFFFFFFF987DAA20

clint mtime 0x000000000000021B (mip.MTI <- 0b1, mip.STI <- 0b0)
mem[X,0x00000000800010D4] -> 0x1F13
mem[X,0x00000000800010D6] -> 0x00BF
[1078] [M]: 0x00000000800010D4 (0x00BF1F13) slli x30, x30, 0xb                      inst_164+8
x30 <- 0xFFFFFCC3ED510000

mem[X,0x00000000800010D8] -> 0x0F13
mem[X,0x00000000800010DA] -> 0x5C2F
[1079] [M]: 0x00000000800010D8 (0x5C2F0F13) addi x30, x30, 0x5c2                    inst_164+12
x30 <- 0xFFFFFCC3ED5105C2

clint mtime 0x000000000000021C (mip.MTI <- 0b1, mip.STI <- 0b0)
mem[X,0x00000000800010DC] -> 0x1F13
mem[X,0x00000000800010DE] -> 0x00BF
[1080] [M]: 0x00000000800010DC (0x00BF1F13) slli x30, x30, 0xb                      inst_164+16
x30 <- 0xFFE61F6A882E1000

mem[X,0x00000000800010E0] -> 0x0F13
mem[X,0x00000000800010E2] -> 0x638F
[1081] [M]: 0x00000000800010E0 (0x638F0F13) addi x30, x30, 0x638                    inst_164+20
x30 <- 0xFFE61F6A882E1638

clint mtime 0x000000000000021D (mip.MTI <- 0b1, mip.STI <- 0b0)
mem[X,0x00000000800010E4] -> 0x1F13
mem[X,0x00000000800010E6] -> 0x00AF
[1082] [M]: 0x00000000800010E4 (0x00AF1F13) slli x30, x30, 0xa                      inst_164+24
x30 <- 0x987DAA20B858E000

mem[X,0x00000000800010E8] -> 0x0F13
mem[X,0x00000000800010EA] -> 0x304F
[1083] [M]: 0x00000000800010E8 (0x304F0F13) addi x30, x30, 0x304                    inst_164+28
x30 <- 0x987DAA20B858E304

clint mtime 0x000000000000021E (mip.MTI <- 0b1, mip.STI <- 0b0)
mem[X,0x00000000800010EC] -> 0xCEB7
mem[X,0x00000000800010EE] -> 0x1AA1
[1084] [M]: 0x00000000800010EC (0x1AA1CEB7) lui x29, 0x1aa1c                        inst_164+32
x29 <- 0x000000001AA1C000

mem[X,0x00000000800010F0] -> 0x8E93
mem[X,0x00000000800010F2] -> 0xEEBE
[1085] [M]: 0x00000000800010F0 (0xEEBE8E93) addi x29, x29, -0x115                   inst_164+36
x29 <- 0x000000001AA1BEEB

clint mtime 0x000000000000021F (mip.MTI <- 0b1, mip.STI <- 0b0)
mem[X,0x00000000800010F4] -> 0x9E93
mem[X,0x00000000800010F6] -> 0x00BE
[1086] [M]: 0x00000000800010F4 (0x00BE9E93) slli x29, x29, 0xb                      inst_164+40
x29 <- 0x000000D50DF75800

mem[X,0x00000000800010F8] -> 0x8E93
mem[X,0x00000000800010FA] -> 0x77DE
[1087] [M]: 0x00000000800010F8 (0x77DE8E93) addi x29, x29, 0x77d                    inst_164+44
x29 <- 0x000000D50DF75F7D

clint mtime 0x0000000000000220 (mip.MTI <- 0b1, mip.STI <- 0b0)
mem[X,0x00000000800010FC] -> 0x9E93
mem[X,0x00000000800010FE] -> 0x00BE
[1088] [M]: 0x00000000800010FC (0x00BE9E93) slli x29, x29, 0xb                      inst_164+48
x29 <- 0x0006A86FBAFBE800

mem[X,0x0000000080001100] -> 0x8E93
mem[X,0x0000000080001102] -> 0x640E
[1089] [M]: 0x0000000080001100 (0x640E8E93) addi x29, x29, 0x640                    inst_164+52
x29 <- 0x0006A86FBAFBEE40

clint mtime 0x0000000000000221 (mip.MTI <- 0b1, mip.STI <- 0b0)
mem[X,0x0000000080001104] -> 0x9E93
mem[X,0x0000000080001106] -> 0x00AE
[1090] [M]: 0x0000000080001104 (0x00AE9E93) slli x29, x29, 0xa                      inst_164+56
x29 <- 0x1AA1BEEBEFB90000

mem[X,0x0000000080001108] -> 0x8E93
mem[X,0x000000008000110A] -> 0x2CBE
[1091] [M]: 0x0000000080001108 (0x2CBE8E93) addi x29, x29, 0x2cb                    inst_164+60
x29 <- 0x1AA1BEEBEFB902CB

clint mtime 0x0000000000000222 (mip.MTI <- 0b1, mip.STI <- 0b0)
mem[X,0x000000008000110C] -> 0x1FB3
mem[X,0x000000008000110E] -> 0x0BDF
[1092] [M]: 0x000000008000110C (0x0BDF1FB3) clmul x31, x30, x29                     inst_164+64
x31 <- 0x9B4050241445762C

mem[X,0x0000000080001110] -> 0xB823
mem[X,0x0000000080001112] -> 0x45F3
[1093] [M]: 0x0000000080001110 (0x45F3B823) sd x31, 0x450(x7)                       inst_164+68
mem[W,0x0000000080004638] <- 0x9B4050241445762C

clint mtime 0x0000000000000223 (mip.MTI <- 0b1, mip.STI <- 0b0)
mem[X,0x0000000080001114] -> 0x8F37
mem[X,0x0000000080001116] -> 0x79BB
[1094] [M]: 0x0000000080001114 (0x79BB8F37) lui x30, 0x79bb8                        inst_165+0
x30 <- 0x0000000079BB8000

mem[X,0x0000000080001118] -> 0x0F13
mem[X,0x000000008000111A] -> 0xC34F
[1095] [M]: 0x0000000080001118 (0xC34F0F13) addi x30, x30, -0x3cc                   inst_165+4
x30 <- 0x0000000079BB7C34

clint mtime 0x0000000000000224 (mip.MTI <- 0b1, mip.STI <- 0b0)
mem[X,0x000000008000111C] -> 0x1F13
mem[X,0x000000008000111E] -> 0x00BF
[1096] [M]: 0x000000008000111C (0x00BF1F13) slli x30, x30, 0xb                      inst_165+8
x30 <- 0x000003CDDBE1A000

mem[X,0x0000000080001120] -> 0x0F13
mem[X,0x0000000080001122] -> 0x0E9F
[1097] [M]: 0x0000000080001120 (0x0E9F0F13) addi x30, x30, 0xe9                     inst_165+12
x30 <- 0x000003CDDBE1A0E9

clint mtime 0x0000000000000225 (mip.MTI <- 0b1, mip.STI <- 0b0)
mem[X,0x0000000080001124] -> 0x1F13
mem[X,0x0000000080001126] -> 0x00BF
[1098] [M]: 0x0000000080001124 (0x00BF1F13) slli x30, x30, 0xb                      inst_165+16
x30 <- 0x001E6EDF0D074800

mem[X,0x0000000080001128] -> 0x0F13
mem[X,0x000000008000112A] -> 0x444F
[1099] [M]: 0x0000000080001128 (0x444F0F13) addi x30, x30, 0x444                    inst_165+20
x30 <- 0x001E6EDF0D074C44

clint mtime 0x0000000000000226 (mip.MTI <- 0b1, mip.STI <- 0b0)
mem[X,0x000000008000112C] -> 0x1F13
mem[X,0x000000008000112E] -> 0x00AF
[1100] [M]: 0x000000008000112C (0x00AF1F13) slli x30, x30, 0xa                      inst_165+24
x30 <- 0x79BB7C341D311000

mem[X,0x0000000080001130] -> 0x0F13
mem[X,0x0000000080001132] -> 0x0BCF
[1101] [M]: 0x0000000080001130 (0x0BCF0F13) addi x30, x30, 0xbc                     inst_165+28
x30 <- 0x79BB7C341D3110BC

clint mtime 0x0000000000000227 (mip.MTI <- 0b1, mip.STI <- 0b0)
mem[X,0x0000000080001134] -> 0xFEB7
mem[X,0x0000000080001136] -> 0x8678
[1102] [M]: 0x0000000080001134 (0x8678FEB7) lui x29, -0x79871                       inst_165+32
x29 <- 0xFFFFFFFF8678F000

mem[X,0x0000000080001138] -> 0x8E93
mem[X,0x000000008000113A] -> 0x5E3E
[1103] [M]: 0x0000000080001138 (0x5E3E8E93) addi x29, x29, 0x5e3                    inst_165+36
x29 <- 0xFFFFFFFF8678F5E3

clint mtime 0x0000000000000228 (mip.MTI <- 0b1, mip.STI <- 0b0)
mem[X,0x000000008000113C] -> 0x9E93
mem[X,0x000000008000113E] -> 0x00BE
[1104] [M]: 0x000000008000113C (0x00BE9E93) slli x29, x29, 0xb                      inst_165+40
x29 <- 0xFFFFFC33C7AF1800

mem[X,0x0000000080001140] -> 0x8E93
mem[X,0x0000000080001142] -> 0x693E
[1105] [M]: 0x0000000080001140 (0x693E8E93) addi x29, x29, 0x693                    inst_165+44
x29 <- 0xFFFFFC33C7AF1E93

clint mtime 0x0000000000000229 (mip.MTI <- 0b1, mip.STI <- 0b0)
mem[X,0x0000000080001144] -> 0x9E93
mem[X,0x0000000080001146] -> 0x00BE
[1106] [M]: 0x0000000080001144 (0x00BE9E93) slli x29, x29, 0xb                      inst_165+48
x29 <- 0xFFE19E3D78F49800

mem[X,0x0000000080001148] -> 0x8E93
mem[X,0x000000008000114A] -> 0x4B8E
[1107] [M]: 0x0000000080001148 (0x4B8E8E93) addi x29, x29, 0x4b8                    inst_165+52
x29 <- 0xFFE19E3D78F49CB8

clint mtime 0x000000000000022A (mip.MTI <- 0b1, mip.STI <- 0b0)
mem[X,0x000000008000114C] -> 0x9E93
mem[X,0x000000008000114E] -> 0x00AE
[1108] [M]: 0x000000008000114C (0x00AE9E93) slli x29, x29, 0xa                      inst_165+56
x29 <- 0x8678F5E3D272E000

mem[X,0x0000000080001150] -> 0x8E93
mem[X,0x0000000080001152] -> 0x229E
[1109] [M]: 0x0000000080001150 (0x229E8E93) addi x29, x29, 0x229                    inst_165+60
x29 <- 0x8678F5E3D272E229

clint mtime 0x000000000000022B (mip.MTI <- 0b1, mip.STI <- 0b0)
mem[X,0x0000000080001154] -> 0x1FB3
mem[X,0x0000000080001156] -> 0x0BDF
[1110] [M]: 0x0000000080001154 (0x0BDF1FB3) clmul x31, x30, x29                     inst_165+64
x31 <- 0x0AD41E5574E47ADC

mem[X,0x0000000080001158] -> 0xBC23
mem[X,0x000000008000115A] -> 0x45F3
[1111] [M]: 0x0000000080001158 (0x45F3BC23) sd x31, 0x458(x7)                       inst_165+68
mem[W,0x0000000080004640] <- 0x0AD41E5574E47ADC

clint mtime 0x000000000000022C (mip.MTI <- 0b1, mip.STI <- 0b0)
mem[X,0x000000008000115C] -> 0xFF37
mem[X,0x000000008000115E] -> 0xE2EA
[1112] [M]: 0x000000008000115C (0xE2EAFF37) lui x30, -0x1d151                       inst_166+0
x30 <- 0xFFFFFFFFE2EAF000

mem[X,0x0000000080001160] -> 0x0F13
mem[X,0x0000000080001162] -> 0x4A0F
[1113] [M]: 0x0000000080001160 (0x4A0F0F13) addi x30, x30, 0x4a0                    inst_166+4
x30 <- 0xFFFFFFFFE2EAF4A0

clint mtime 0x000000000000022D (mip.MTI <- 0b1, mip.STI <- 0b0)
mem[X,0x0000000080001164] -> 0x1F13
mem[X,0x0000000080001166] -> 0x00BF
[1114] [M]: 0x0000000080001164 (0x00BF1F13) slli x30, x30, 0xb                      inst_166+8
x30 <- 0xFFFFFF1757A50000

mem[X,0x0000000080001168] -> 0x0F13
mem[X,0x000000008000116A] -> 0x4C3F
[1115] [M]: 0x0000000080001168 (0x4C3F0F13) addi x30, x30, 0x4c3                    inst_166+12
x30 <- 0xFFFFFF1757A504C3

clint mtime 0x000000000000022E (mip.MTI <- 0b1, mip.STI <- 0b0)
mem[X,0x000000008000116C] -> 0x1F13
mem[X,0x000000008000116E] -> 0x00BF
[1116] [M]: 0x000000008000116C (0x00BF1F13) slli x30, x30, 0xb                      inst_166+16
x30 <- 0xFFF8BABD28261800

mem[X,0x0000000080001170] -> 0x0F13
mem[X,0x0000000080001172] -> 0x26FF
[1117] [M]: 0x0000000080001170 (0x26FF0F13) addi x30, x30, 0x26f                    inst_166+20
x30 <- 0xFFF8BABD28261A6F

clint mtime 0x000000000000022F (mip.MTI <- 0b1, mip.STI <- 0b0)
mem[X,0x0000000080001174] -> 0x1F13
mem[X,0x0000000080001176] -> 0x00AF
[1118] [M]: 0x0000000080001174 (0x00AF1F13) slli x30, x30, 0xa                      inst_166+24
x30 <- 0xE2EAF4A09869BC00

mem[X,0x0000000080001178] -> 0x0F13
mem[X,0x000000008000117A] -> 0x28CF
[1119] [M]: 0x0000000080001178 (0x28CF0F13) addi x30, x30, 0x28c                    inst_166+28
x30 <- 0xE2EAF4A09869BE8C

clint mtime 0x0000000000000230 (mip.MTI <- 0b1, mip.STI <- 0b0)
mem[X,0x000000008000117C] -> 0x1EB7
mem[X,0x000000008000117E] -> 0x5B73
[1120] [M]: 0x000000008000117C (0x5B731EB7) lui x29, 0x5b731                        inst_166+32
x29 <- 0x000000005B731000

mem[X,0x0000000080001180] -> 0x8E93
mem[X,0x0000000080001182] -> 0xCADE
[1121] [M]: 0x0000000080001180 (0xCADE8E93) addi x29, x29, -0x353                   inst_166+36
x29 <- 0x000000005B730CAD

clint mtime 0x0000000000000231 (mip.MTI <- 0b1, mip.STI <- 0b0)
mem[X,0x0000000080001184] -> 0x9E93
mem[X,0x0000000080001186] -> 0x00BE
[1122] [M]: 0x0000000080001184 (0x00BE9E93) slli x29, x29, 0xb                      inst_166+40
x29 <- 0x000002DB98656800

mem[X,0x0000000080001188] -> 0x8E93
mem[X,0x000000008000118A] -> 0x48BE
[1123] [M]: 0x0000000080001188 (0x48BE8E93) addi x29, x29, 0x48b                    inst_166+44
x29 <- 0x000002DB98656C8B

clint mtime 0x0000000000000232 (mip.MTI <- 0b1, mip.STI <- 0b0)
mem[X,0x000000008000118C] -> 0x9E93
mem[X,0x000000008000118E] -> 0x00BE
[1124] [M]: 0x000000008000118C (0x00BE9E93) slli x29, x29, 0xb                      inst_166+48
x29 <- 0x0016DCC32B645800

mem[X,0x0000000080001190] -> 0x8E93
mem[X,0x0000000080001192] -> 0x59BE
[1125] [M]: 0x0000000080001190 (0x59BE8E93) addi x29, x29, 0x59b                    inst_166+52
x29 <- 0x0016DCC32B645D9B

clint mtime 0x0000000000000233 (mip.MTI <- 0b1, mip.STI <- 0b0)
mem[X,0x0000000080001194] -> 0x9E93
mem[X,0x0000000080001196] -> 0x00AE
[1126] [M]: 0x0000000080001194 (0x00AE9E93) slli x29, x29, 0xa                      inst_166+56
x29 <- 0x5B730CAD91766C00

mem[X,0x0000000080001198] -> 0x8E93
mem[X,0x000000008000119A] -> 0x362E
[1127] [M]: 0x0000000080001198 (0x362E8E93) addi x29, x29, 0x362                    inst_166+60
x29 <- 0x5B730CAD91766F62

clint mtime 0x0000000000000234 (mip.MTI <- 0b1, mip.STI <- 0b0)
mem[X,0x000000008000119C] -> 0x1FB3
mem[X,0x000000008000119E] -> 0x0BDF
[1128] [M]: 0x000000008000119C (0x0BDF1FB3) clmul x31, x30, x29                     inst_166+64
x31 <- 0xAF859D937F5C4B98

mem[X,0x00000000800011A0] -> 0xB023
mem[X,0x00000000800011A2] -> 0x47F3
[1129] [M]: 0x00000000800011A0 (0x47F3B023) sd x31, 0x460(x7)                       inst_166+68
mem[W,0x0000000080004648] <- 0xAF859D937F5C4B98

clint mtime 0x0000000000000235 (mip.MTI <- 0b1, mip.STI <- 0b0)
mem[X,0x00000000800011A4] -> 0x1F37
mem[X,0x00000000800011A6] -> 0xC0FE
[1130] [M]: 0x00000000800011A4 (0xC0FE1F37) lui x30, -0x3f01f                       inst_167+0
x30 <- 0xFFFFFFFFC0FE1000

mem[X,0x00000000800011A8] -> 0x0F13
mem[X,0x00000000800011AA] -> 0x5DDF
[1131] [M]: 0x00000000800011A8 (0x5DDF0F13) addi x30, x30, 0x5dd                    inst_167+4
x30 <- 0xFFFFFFFFC0FE15DD

clint mtime 0x0000000000000236 (mip.MTI <- 0b1, mip.STI <- 0b0)
mem[X,0x00000000800011AC] -> 0x1F13
mem[X,0x00000000800011AE] -> 0x00BF
[1132] [M]: 0x00000000800011AC (0x00BF1F13) slli x30, x30, 0xb                      inst_167+8
x30 <- 0xFFFFFE07F0AEE800

mem[X,0x00000000800011B0] -> 0x0F13
mem[X,0x00000000800011B2] -> 0x06FF
[1133] [M]: 0x00000000800011B0 (0x06FF0F13) addi x30, x30, 0x6f                     inst_167+12
x30 <- 0xFFFFFE07F0AEE86F

clint mtime 0x0000000000000237 (mip.MTI <- 0b1, mip.STI <- 0b0)
mem[X,0x00000000800011B4] -> 0x1F13
mem[X,0x00000000800011B6] -> 0x00BF
[1134] [M]: 0x00000000800011B4 (0x00BF1F13) slli x30, x30, 0xb                      inst_167+16
x30 <- 0xFFF03F8577437800

mem[X,0x00000000800011B8] -> 0x0F13
mem[X,0x00000000800011BA] -> 0x655F
[1135] [M]: 0x00000000800011B8 (0x655F0F13) addi x30, x30, 0x655                    inst_167+20
x30 <- 0xFFF03F8577437E55

clint mtime 0x0000000000000238 (mip.MTI <- 0b1, mip.STI <- 0b0)
mem[X,0x00000000800011BC] -> 0x1F13
mem[X,0x00000000800011BE] -> 0x00AF
[1136] [M]: 0x00000000800011BC (0x00AF1F13) slli x30, x30, 0xa                      inst_167+24
x30 <- 0xC0FE15DD0DF95400

mem[X,0x00000000800011C0] -> 0x0F13
mem[X,0x00000000800011C2] -> 0x24BF
[1137] [M]: 0x00000000800011C0 (0x24BF0F13) addi x30, x30, 0x24b                    inst_167+28
x30 <- 0xC0FE15DD0DF9564B

clint mtime 0x0000000000000239 (mip.MTI <- 0b1, mip.STI <- 0b0)
mem[X,0x00000000800011C4] -> 0xCEB7
mem[X,0x00000000800011C6] -> 0xB22B
[1138] [M]: 0x00000000800011C4 (0xB22BCEB7) lui x29, -0x4dd44                       inst_167+32
x29 <- 0xFFFFFFFFB22BC000

mem[X,0x00000000800011C8] -> 0x8E93
mem[X,0x00000000800011CA] -> 0xF7EE
[1139] [M]: 0x00000000800011C8 (0xF7EE8E93) addi x29, x29, -0x82                    inst_167+36
x29 <- 0xFFFFFFFFB22BBF7E

clint mtime 0x000000000000023A (mip.MTI <- 0b1, mip.STI <- 0b0)
mem[X,0x00000000800011CC] -> 0x9E93
mem[X,0x00000000800011CE] -> 0x00BE
[1140] [M]: 0x00000000800011CC (0x00BE9E93) slli x29, x29, 0xb                      inst_167+40
x29 <- 0xFFFFFD915DFBF000

mem[X,0x00000000800011D0] -> 0x8E93
mem[X,0x00000000800011D2] -> 0x5A6E
[1141] [M]: 0x00000000800011D0 (0x5A6E8E93) addi x29, x29, 0x5a6                    inst_167+44
x29 <- 0xFFFFFD915DFBF5A6

clint mtime 0x000000000000023B (mip.MTI <- 0b1, mip.STI <- 0b0)
mem[X,0x00000000800011D4] -> 0x9E93
mem[X,0x00000000800011D6] -> 0x00BE
[1142] [M]: 0x00000000800011D4 (0x00BE9E93) slli x29, x29, 0xb                      inst_167+48
x29 <- 0xFFEC8AEFDFAD3000

mem[X,0x00000000800011D8] -> 0x8E93
mem[X,0x00000000800011DA] -> 0x216E
[1143] [M]: 0x00000000800011D8 (0x216E8E93) addi x29, x29, 0x216                    inst_167+52
x29 <- 0xFFEC8AEFDFAD3216

clint mtime 0x000000000000023C (mip.MTI <- 0b1, mip.STI <- 0b0)
mem[X,0x00000000800011DC] -> 0x9E93
mem[X,0x00000000800011DE] -> 0x00AE
[1144] [M]: 0x00000000800011DC (0x00AE9E93) slli x29, x29, 0xa                      inst_167+56
x29 <- 0xB22BBF7EB4C85800

mem[X,0x00000000800011E0] -> 0x8E93
mem[X,0x00000000800011E2] -> 0x0FBE
[1145] [M]: 0x00000000800011E0 (0x0FBE8E93) addi x29, x29, 0xfb                     inst_167+60
x29 <- 0xB22BBF7EB4C858FB

clint mtime 0x000000000000023D (mip.MTI <- 0b1, mip.STI <- 0b0)
mem[X,0x00000000800011E4] -> 0x1FB3
mem[X,0x00000000800011E6] -> 0x0BDF
[1146] [M]: 0x00000000800011E4 (0x0BDF1FB3) clmul x31, x30, x29                     inst_167+64
x31 <- 0x1C1709E2E8DC7A15

mem[X,0x00000000800011E8] -> 0xB423
mem[X,0x00000000800011EA] -> 0x47F3
[1147] [M]: 0x00000000800011E8 (0x47F3B423) sd x31, 0x468(x7)                       inst_167+68
mem[W,0x0000000080004650] <- 0x1C1709E2E8DC7A15

clint mtime 0x000000000000023E (mip.MTI <- 0b1, mip.STI <- 0b0)
mem[X,0x00000000800011EC] -> 0xFF37
mem[X,0x00000000800011EE] -> 0x4113
[1148] [M]: 0x00000000800011EC (0x4113FF37) lui x30, 0x4113f                        inst_168+0
x30 <- 0x000000004113F000

mem[X,0x00000000800011F0] -> 0x0F13
mem[X,0x00000000800011F2] -> 0xE60F
[1149] [M]: 0x00000000800011F0 (0xE60F0F13) addi x30, x30, -0x1a0                   inst_168+4
x30 <- 0x000000004113EE60

clint mtime 0x000000000000023F (mip.MTI <- 0b1, mip.STI <- 0b0)
mem[X,0x00000000800011F4] -> 0x1F13
mem[X,0x00000000800011F6] -> 0x00BF
[1150] [M]: 0x00000000800011F4 (0x00BF1F13) slli x30, x30, 0xb                      inst_168+8
x30 <- 0x000002089F730000

mem[X,0x00000000800011F8] -> 0x0F13
mem[X,0x00000000800011FA] -> 0x4A9F
[1151] [M]: 0x00000000800011F8 (0x4A9F0F13) addi x30, x30, 0x4a9                    inst_168+12
x30 <- 0x000002089F7304A9

clint mtime 0x0000000000000240 (mip.MTI <- 0b1, mip.STI <- 0b0)
mem[X,0x00000000800011FC] -> 0x1F13
mem[X,0x00000000800011FE] -> 0x00BF
[1152] [M]: 0x00000000800011FC (0x00BF1F13) slli x30, x30, 0xb                      inst_168+16
x30 <- 0x001044FB98254800

mem[X,0x0000000080001200] -> 0x0F13
mem[X,0x0000000080001202] -> 0x2B3F
[1153] [M]: 0x0000000080001200 (0x2B3F0F13) addi x30, x30, 0x2b3                    inst_168+20
x30 <- 0x001044FB98254AB3

clint mtime 0x0000000000000241 (mip.MTI <- 0b1, mip.STI <- 0b0)
mem[X,0x0000000080001204] -> 0x1F13
mem[X,0x0000000080001206] -> 0x00AF
[1154] [M]: 0x0000000080001204 (0x00AF1F13) slli x30, x30, 0xa                      inst_168+24
x30 <- 0x4113EE60952ACC00

mem[X,0x0000000080001208] -> 0x0F13
mem[X,0x000000008000120A] -> 0x3FEF
[1155] [M]: 0x0000000080001208 (0x3FEF0F13) addi x30, x30, 0x3fe                    inst_168+28
x30 <- 0x4113EE60952ACFFE

clint mtime 0x0000000000000242 (mip.MTI <- 0b1, mip.STI <- 0b0)
mem[X,0x000000008000120C] -> 0x7EB7
mem[X,0x000000008000120E] -> 0x53A6
[1156] [M]: 0x000000008000120C (0x53A67EB7) lui x29, 0x53a67                        inst_168+32
x29 <- 0x0000000053A67000

mem[X,0x0000000080001210] -> 0x8E93
mem[X,0x0000000080001212] -> 0xED1E
[1157] [M]: 0x0000000080001210 (0xED1E8E93) addi x29, x29, -0x12f                   inst_168+36
x29 <- 0x0000000053A66ED1

clint mtime 0x0000000000000243 (mip.MTI <- 0b1, mip.STI <- 0b0)
mem[X,0x0000000080001214] -> 0x9E93
mem[X,0x0000000080001216] -> 0x00BE
[1158] [M]: 0x0000000080001214 (0x00BE9E93) slli x29, x29, 0xb                      inst_168+40
x29 <- 0x0000029D33768800

mem[X,0x0000000080001218] -> 0x8E93
mem[X,0x000000008000121A] -> 0x6E4E
[1159] [M]: 0x0000000080001218 (0x6E4E8E93) addi x29, x29, 0x6e4                    inst_168+44
x29 <- 0x0000029D33768EE4

clint mtime 0x0000000000000244 (mip.MTI <- 0b1, mip.STI <- 0b0)
mem[X,0x000000008000121C] -> 0x9E93
mem[X,0x000000008000121E] -> 0x00BE
[1160] [M]: 0x000000008000121C (0x00BE9E93) slli x29, x29, 0xb                      inst_168+48
x29 <- 0x0014E99BB4772000

mem[X,0x0000000080001220] -> 0x8E93
mem[X,0x0000000080001222] -> 0x036E
[1161] [M]: 0x0000000080001220 (0x036E8E93) addi x29, x29, 0x36                     inst_168+52
x29 <- 0x0014E99BB4772036

clint mtime 0x0000000000000245 (mip.MTI <- 0b1, mip.STI <- 0b0)
mem[X,0x0000000080001224] -> 0x9E93
mem[X,0x0000000080001226] -> 0x00AE
[1162] [M]: 0x0000000080001224 (0x00AE9E93) slli x29, x29, 0xa                      inst_168+56
x29 <- 0x53A66ED1DC80D800

mem[X,0x0000000080001228] -> 0x8E93
mem[X,0x000000008000122A] -> 0x116E
[1163] [M]: 0x0000000080001228 (0x116E8E93) addi x29, x29, 0x116                    inst_168+60
x29 <- 0x53A66ED1DC80D916

clint mtime 0x0000000000000246 (mip.MTI <- 0b1, mip.STI <- 0b0)
mem[X,0x000000008000122C] -> 0x1FB3
mem[X,0x000000008000122E] -> 0x0BDF
[1164] [M]: 0x000000008000122C (0x0BDF1FB3) clmul x31, x30, x29                     inst_168+64
x31 <- 0x61F615BDBF1D31E4

mem[X,0x0000000080001230] -> 0xB823
mem[X,0x0000000080001232] -> 0x47F3
[1165] [M]: 0x0000000080001230 (0x47F3B823) sd x31, 0x470(x7)                       inst_168+68
mem[W,0x0000000080004658] <- 0x61F615BDBF1D31E4

clint mtime 0x0000000000000247 (mip.MTI <- 0b1, mip.STI <- 0b0)
mem[X,0x0000000080001234] -> 0x0F37
mem[X,0x0000000080001236] -> 0x40A6
[1166] [M]: 0x0000000080001234 (0x40A60F37) lui x30, 0x40a60                        inst_169+0
x30 <- 0x0000000040A60000

mem[X,0x0000000080001238] -> 0x0F13
mem[X,0x000000008000123A] -> 0xF52F
[1167] [M]: 0x0000000080001238 (0xF52F0F13) addi x30, x30, -0xae                    inst_169+4
x30 <- 0x0000000040A5FF52

clint mtime 0x0000000000000248 (mip.MTI <- 0b1, mip.STI <- 0b0)
mem[X,0x000000008000123C] -> 0x1F13
mem[X,0x000000008000123E] -> 0x00BF
[1168] [M]: 0x000000008000123C (0x00BF1F13) slli x30, x30, 0xb                      inst_169+8
x30 <- 0x000002052FFA9000

mem[X,0x0000000080001240] -> 0x0F13
mem[X,0x0000000080001242] -> 0x379F
[1169] [M]: 0x0000000080001240 (0x379F0F13) addi x30, x30, 0x379                    inst_169+12
x30 <- 0x000002052FFA9379

clint mtime 0x0000000000000249 (mip.MTI <- 0b1, mip.STI <- 0b0)
mem[X,0x0000000080001244] -> 0x1F13
mem[X,0x0000000080001246] -> 0x00BF
[1170] [M]: 0x0000000080001244 (0x00BF1F13) slli x30, x30, 0xb                      inst_169+16
x30 <- 0x0010297FD49BC800

mem[X,0x0000000080001248] -> 0x0F13
mem[X,0x000000008000124A] -> 0x62AF
[1171] [M]: 0x0000000080001248 (0x62AF0F13) addi x30, x30, 0x62a                    inst_169+20
x30 <- 0x0010297FD49BCE2A

clint mtime 0x000000000000024A (mip.MTI <- 0b1, mip.STI <- 0b0)
mem[X,0x000000008000124C] -> 0x1F13
mem[X,0x000000008000124E] -> 0x00AF
[1172] [M]: 0x000000008000124C (0x00AF1F13) slli x30, x30, 0xa                      inst_169+24
x30 <- 0x40A5FF526F38A800

mem[X,0x0000000080001250] -> 0x0F13
mem[X,0x0000000080001252] -> 0x1C7F
[1173] [M]: 0x0000000080001250 (0x1C7F0F13) addi x30, x30, 0x1c7                    inst_169+28
x30 <- 0x40A5FF526F38A9C7

clint mtime 0x000000000000024B (mip.MTI <- 0b1, mip.STI <- 0b0)
mem[X,0x0000000080001254] -> 0x7EB7
mem[X,0x0000000080001256] -> 0xB6F9
[1174] [M]: 0x0000000080001254 (0xB6F97EB7) lui x29, -0x49069                       inst_169+32
x29 <- 0xFFFFFFFFB6F97000

mem[X,0x0000000080001258] -> 0x8E93
mem[X,0x000000008000125A] -> 0x06FE
[1175] [M]: 0x0000000080001258 (0x06FE8E93) addi x29, x29, 0x6f                     inst_169+36
x29 <- 0xFFFFFFFFB6F9706F

clint mtime 0x000000000000024C (mip.MTI <- 0b1, mip.STI <- 0b0)
mem[X,0x000000008000125C] -> 0x9E93
mem[X,0x000000008000125E] -> 0x00BE
[1176] [M]: 0x000000008000125C (0x00BE9E93) slli x29, x29, 0xb                      inst_169+40
x29 <- 0xFFFFFDB7CB837800

mem[X,0x0000000080001260] -> 0x8E93
mem[X,0x0000000080001262] -> 0x5A7E
[1177] [M]: 0x0000000080001260 (0x5A7E8E93) addi x29, x29, 0x5a7                    inst_169+44
x29 <- 0xFFFFFDB7CB837DA7

clint mtime 0x000000000000024D (mip.MTI <- 0b1, mip.STI <- 0b0)
mem[X,0x0000000080001264] -> 0x9E93
mem[X,0x0000000080001266] -> 0x00BE
[1178] [M]: 0x0000000080001264 (0x00BE9E93) slli x29, x29, 0xb                      inst_169+48
x29 <- 0xFFEDBE5C1BED3800

mem[X,0x0000000080001268] -> 0x8E93
mem[X,0x000000008000126A] -> 0x5D0E
[1179] [M]: 0x0000000080001268 (0x5D0E8E93) addi x29, x29, 0x5d0                    inst_169+52
x29 <- 0xFFEDBE5C1BED3DD0

clint mtime 0x000000000000024E (mip.MTI <- 0b1, mip.STI <- 0b0)
mem[X,0x000000008000126C] -> 0x9E93
mem[X,0x000000008000126E] -> 0x00AE
[1180] [M]: 0x000000008000126C (0x00AE9E93) slli x29, x29, 0xa                      inst_169+56
x29 <- 0xB6F9706FB4F74000

mem[X,0x0000000080001270] -> 0x8E93
mem[X,0x0000000080001272] -> 0x1AAE
[1181] [M]: 0x0000000080001270 (0x1AAE8E93) addi x29, x29, 0x1aa                    inst_169+60
x29 <- 0xB6F9706FB4F741AA

clint mtime 0x000000000000024F (mip.MTI <- 0b1, mip.STI <- 0b0)
mem[X,0x0000000080001274] -> 0x1FB3
mem[X,0x0000000080001276] -> 0x0BDF
[1182] [M]: 0x0000000080001274 (0x0BDF1FB3) clmul x31, x30, x29                     inst_169+64
x31 <- 0x28E8E60BA9A8C1D6

mem[X,0x0000000080001278] -> 0xBC23
mem[X,0x000000008000127A] -> 0x47F3
[1183] [M]: 0x0000000080001278 (0x47F3BC23) sd x31, 0x478(x7)                       inst_169+68
mem[W,0x0000000080004660] <- 0x28E8E60BA9A8C1D6

clint mtime 0x0000000000000250 (mip.MTI <- 0b1, mip.STI <- 0b0)
mem[X,0x000000008000127C] -> 0x0F37
mem[X,0x000000008000127E] -> 0x9BEE
[1184] [M]: 0x000000008000127C (0x9BEE0F37) lui x30, -0x64120                       inst_170+0
x30 <- 0xFFFFFFFF9BEE0000

mem[X,0x0000000080001280] -> 0x0F13
mem[X,0x0000000080001282] -> 0xE39F
[1185] [M]: 0x0000000080001280 (0xE39F0F13) addi x30, x30, -0x1c7                   inst_170+4
x30 <- 0xFFFFFFFF9BEDFE39

clint mtime 0x0000000000000251 (mip.MTI <- 0b1, mip.STI <- 0b0)
mem[X,0x0000000080001284] -> 0x1F13
mem[X,0x0000000080001286] -> 0x00BF
[1186] [M]: 0x0000000080001284 (0x00BF1F13) slli x30, x30, 0xb                      inst_170+8
x30 <- 0xFFFFFCDF6FF1C800

mem[X,0x0000000080001288] -> 0x0F13
mem[X,0x000000008000128A] -> 0x06BF
[1187] [M]: 0x0000000080001288 (0x06BF0F13) addi x30, x30, 0x6b                     inst_170+12
x30 <- 0xFFFFFCDF6FF1C86B

clint mtime 0x0000000000000252 (mip.MTI <- 0b1, mip.STI <- 0b0)
mem[X,0x000000008000128C] -> 0x1F13
mem[X,0x000000008000128E] -> 0x00BF
[1188] [M]: 0x000000008000128C (0x00BF1F13) slli x30, x30, 0xb                      inst_170+16
x30 <- 0xFFE6FB7F8E435800

mem[X,0x0000000080001290] -> 0x0F13
mem[X,0x0000000080001292] -> 0x377F
[1189] [M]: 0x0000000080001290 (0x377F0F13) addi x30, x30, 0x377                    inst_170+20
x30 <- 0xFFE6FB7F8E435B77

clint mtime 0x0000000000000253 (mip.MTI <- 0b1, mip.STI <- 0b0)
mem[X,0x0000000080001294] -> 0x1F13
mem[X,0x0000000080001296] -> 0x00AF
[1190] [M]: 0x0000000080001294 (0x00AF1F13) slli x30, x30, 0xa                      inst_170+24
x30 <- 0x9BEDFE390D6DDC00

mem[X,0x0000000080001298] -> 0x0F13
mem[X,0x000000008000129A] -> 0x19DF
[1191] [M]: 0x0000000080001298 (0x19DF0F13) addi x30, x30, 0x19d                    inst_170+28
x30 <- 0x9BEDFE390D6DDD9D

clint mtime 0x0000000000000254 (mip.MTI <- 0b1, mip.STI <- 0b0)
mem[X,0x000000008000129C] -> 0x7EB7
mem[X,0x000000008000129E] -> 0xD056
[1192] [M]: 0x000000008000129C (0xD0567EB7) lui x29, -0x2fa99                       inst_170+32
x29 <- 0xFFFFFFFFD0567000

mem[X,0x00000000800012A0] -> 0x8E93
mem[X,0x00000000800012A2] -> 0x8AEE
[1193] [M]: 0x00000000800012A0 (0x8AEE8E93) addi x29, x29, -0x752                   inst_170+36
x29 <- 0xFFFFFFFFD05668AE

clint mtime 0x0000000000000255 (mip.MTI <- 0b1, mip.STI <- 0b0)
mem[X,0x00000000800012A4] -> 0x9E93
mem[X,0x00000000800012A6] -> 0x00BE
[1194] [M]: 0x00000000800012A4 (0x00BE9E93) slli x29, x29, 0xb                      inst_170+40
x29 <- 0xFFFFFE82B3457000

mem[X,0x00000000800012A8] -> 0x8E93
mem[X,0x00000000800012AA] -> 0x07EE
[1195] [M]: 0x00000000800012A8 (0x07EE8E93) addi x29, x29, 0x7e                     inst_170+44
x29 <- 0xFFFFFE82B345707E

clint mtime 0x0000000000000256 (mip.MTI <- 0b1, mip.STI <- 0b0)
mem[X,0x00000000800012AC] -> 0x9E93
mem[X,0x00000000800012AE] -> 0x00BE
[1196] [M]: 0x00000000800012AC (0x00BE9E93) slli x29, x29, 0xb                      inst_170+48
x29 <- 0xFFF4159A2B83F000

mem[X,0x00000000800012B0] -> 0x8E93
mem[X,0x00000000800012B2] -> 0x6E0E
[1197] [M]: 0x00000000800012B0 (0x6E0E8E93) addi x29, x29, 0x6e0                    inst_170+52
x29 <- 0xFFF4159A2B83F6E0

clint mtime 0x0000000000000257 (mip.MTI <- 0b1, mip.STI <- 0b0)
mem[X,0x00000000800012B4] -> 0x9E93
mem[X,0x00000000800012B6] -> 0x00AE
[1198] [M]: 0x00000000800012B4 (0x00AE9E93) slli x29, x29, 0xa                      inst_170+56
x29 <- 0xD05668AE0FDB8000

mem[X,0x00000000800012B8] -> 0x8E93
mem[X,0x00000000800012BA] -> 0x2BCE
[1199] [M]: 0x00000000800012B8 (0x2BCE8E93) addi x29, x29, 0x2bc                    inst_170+60
x29 <- 0xD05668AE0FDB82BC

clint mtime 0x0000000000000258 (mip.MTI <- 0b1, mip.STI <- 0b0)
mem[X,0x00000000800012BC] -> 0x1FB3
mem[X,0x00000000800012BE] -> 0x0BDF
[1200] [M]: 0x00000000800012BC (0x0BDF1FB3) clmul x31, x30, x29                     inst_170+64
x31 <- 0xDA89B951677B846C

mem[X,0x00000000800012C0] -> 0xB023
mem[X,0x00000000800012C2] -> 0x49F3
[1201] [M]: 0x00000000800012C0 (0x49F3B023) sd x31, 0x480(x7)                       inst_170+68
mem[W,0x0000000080004668] <- 0xDA89B951677B846C

clint mtime 0x0000000000000259 (mip.MTI <- 0b1, mip.STI <- 0b0)
mem[X,0x00000000800012C4] -> 0x4F37
mem[X,0x00000000800012C6] -> 0xD757
[1202] [M]: 0x00000000800012C4 (0xD7574F37) lui x30, -0x28a8c                       inst_171+0
x30 <- 0xFFFFFFFFD7574000

mem[X,0x00000000800012C8] -> 0x0F13
mem[X,0x00000000800012CA] -> 0x9F8F
[1203] [M]: 0x00000000800012C8 (0x9F8F0F13) addi x30, x30, -0x608                   inst_171+4
x30 <- 0xFFFFFFFFD75739F8

clint mtime 0x000000000000025A (mip.MTI <- 0b1, mip.STI <- 0b0)
mem[X,0x00000000800012CC] -> 0x1F13
mem[X,0x00000000800012CE] -> 0x00BF
[1204] [M]: 0x00000000800012CC (0x00BF1F13) slli x30, x30, 0xb                      inst_171+8
x30 <- 0xFFFFFEBAB9CFC000

mem[X,0x00000000800012D0] -> 0x0F13
mem[X,0x00000000800012D2] -> 0x156F
[1205] [M]: 0x00000000800012D0 (0x156F0F13) addi x30, x30, 0x156                    inst_171+12
x30 <- 0xFFFFFEBAB9CFC156

clint mtime 0x000000000000025B (mip.MTI <- 0b1, mip.STI <- 0b0)
mem[X,0x00000000800012D4] -> 0x1F13
mem[X,0x00000000800012D6] -> 0x00BF
[1206] [M]: 0x00000000800012D4 (0x00BF1F13) slli x30, x30, 0xb                      inst_171+16
x30 <- 0xFFF5D5CE7E0AB000

mem[X,0x00000000800012D8] -> 0x0F13
mem[X,0x00000000800012DA] -> 0x05DF
[1207] [M]: 0x00000000800012D8 (0x05DF0F13) addi x30, x30, 0x5d                     inst_171+20
x30 <- 0xFFF5D5CE7E0AB05D

clint mtime 0x000000000000025C (mip.MTI <- 0b1, mip.STI <- 0b0)
mem[X,0x00000000800012DC] -> 0x1F13
mem[X,0x00000000800012DE] -> 0x00AF
[1208] [M]: 0x00000000800012DC (0x00AF1F13) slli x30, x30, 0xa                      inst_171+24
x30 <- 0xD75739F82AC17400

mem[X,0x00000000800012E0] -> 0x0F13
mem[X,0x00000000800012E2] -> 0x3C6F
[1209] [M]: 0x00000000800012E0 (0x3C6F0F13) addi x30, x30, 0x3c6                    inst_171+28
x30 <- 0xD75739F82AC177C6

clint mtime 0x000000000000025D (mip.MTI <- 0b1, mip.STI <- 0b0)
mem[X,0x00000000800012E4] -> 0xBEB7
mem[X,0x00000000800012E6] -> 0xAA6B
[1210] [M]: 0x00000000800012E4 (0xAA6BBEB7) lui x29, -0x55945                       inst_171+32
x29 <- 0xFFFFFFFFAA6BB000

mem[X,0x00000000800012E8] -> 0x8E93
mem[X,0x00000000800012EA] -> 0x2BDE
[1211] [M]: 0x00000000800012E8 (0x2BDE8E93) addi x29, x29, 0x2bd                    inst_171+36
x29 <- 0xFFFFFFFFAA6BB2BD

clint mtime 0x000000000000025E (mip.MTI <- 0b1, mip.STI <- 0b0)
mem[X,0x00000000800012EC] -> 0x9E93
mem[X,0x00000000800012EE] -> 0x00BE
[1212] [M]: 0x00000000800012EC (0x00BE9E93) slli x29, x29, 0xb                      inst_171+40
x29 <- 0xFFFFFD535D95E800

mem[X,0x00000000800012F0] -> 0x8E93
mem[X,0x00000000800012F2] -> 0x74FE
[1213] [M]: 0x00000000800012F0 (0x74FE8E93) addi x29, x29, 0x74f                    inst_171+44
x29 <- 0xFFFFFD535D95EF4F

clint mtime 0x000000000000025F (mip.MTI <- 0b1, mip.STI <- 0b0)
mem[X,0x00000000800012F4] -> 0x9E93
mem[X,0x00000000800012F6] -> 0x00BE
[1214] [M]: 0x00000000800012F4 (0x00BE9E93) slli x29, x29, 0xb                      inst_171+48
x29 <- 0xFFEA9AECAF7A7800

mem[X,0x00000000800012F8] -> 0x8E93
mem[X,0x00000000800012FA] -> 0x351E
[1215] [M]: 0x00000000800012F8 (0x351E8E93) addi x29, x29, 0x351                    inst_171+52
x29 <- 0xFFEA9AECAF7A7B51

clint mtime 0x0000000000000260 (mip.MTI <- 0b1, mip.STI <- 0b0)
mem[X,0x00000000800012FC] -> 0x9E93
mem[X,0x00000000800012FE] -> 0x00AE
[1216] [M]: 0x00000000800012FC (0x00AE9E93) slli x29, x29, 0xa                      inst_171+56
x29 <- 0xAA6BB2BDE9ED4400

mem[X,0x0000000080001300] -> 0x8E93
mem[X,0x0000000080001302] -> 0x37DE
[1217] [M]: 0x0000000080001300 (0x37DE8E93) addi x29, x29, 0x37d                    inst_171+60
x29 <- 0xAA6BB2BDE9ED477D

clint mtime 0x0000000000000261 (mip.MTI <- 0b1, mip.STI <- 0b0)
mem[X,0x0000000080001304] -> 0x1FB3
mem[X,0x0000000080001306] -> 0x0BDF
[1218] [M]: 0x0000000080001304 (0x0BDF1FB3) clmul x31, x30, x29                     inst_171+64
x31 <- 0x8EF32D5AC2B3B1CE

mem[X,0x0000000080001308] -> 0xB423
mem[X,0x000000008000130A] -> 0x49F3
[1219] [M]: 0x0000000080001308 (0x49F3B423) sd x31, 0x488(x7)                       inst_171+68
mem[W,0x0000000080004670] <- 0x8EF32D5AC2B3B1CE

clint mtime 0x0000000000000262 (mip.MTI <- 0b1, mip.STI <- 0b0)
mem[X,0x000000008000130C] -> 0xAF37
mem[X,0x000000008000130E] -> 0x9A4E
[1220] [M]: 0x000000008000130C (0x9A4EAF37) lui x30, -0x65b16                       inst_172+0
x30 <- 0xFFFFFFFF9A4EA000

mem[X,0x0000000080001310] -> 0x0F13
mem[X,0x0000000080001312] -> 0xEF1F
[1221] [M]: 0x0000000080001310 (0xEF1F0F13) addi x30, x30, -0x10f                   inst_172+4
x30 <- 0xFFFFFFFF9A4E9EF1

clint mtime 0x0000000000000263 (mip.MTI <- 0b1, mip.STI <- 0b0)
mem[X,0x0000000080001314] -> 0x1F13
mem[X,0x0000000080001316] -> 0x00BF
[1222] [M]: 0x0000000080001314 (0x00BF1F13) slli x30, x30, 0xb                      inst_172+8
x30 <- 0xFFFFFCD274F78800

mem[X,0x0000000080001318] -> 0x0F13
mem[X,0x000000008000131A] -> 0x00BF
[1223] [M]: 0x0000000080001318 (0x00BF0F13) addi x30, x30, 0xb                      inst_172+12
x30 <- 0xFFFFFCD274F7880B

clint mtime 0x0000000000000264 (mip.MTI <- 0b1, mip.STI <- 0b0)
mem[X,0x000000008000131C] -> 0x1F13
mem[X,0x000000008000131E] -> 0x00BF
[1224] [M]: 0x000000008000131C (0x00BF1F13) slli x30, x30, 0xb                      inst_172+16
x30 <- 0xFFE693A7BC405800

mem[X,0x0000000080001320] -> 0x0F13
mem[X,0x0000000080001322] -> 0x47DF
[1225] [M]: 0x0000000080001320 (0x47DF0F13) addi x30, x30, 0x47d                    inst_172+20
x30 <- 0xFFE693A7BC405C7D

clint mtime 0x0000000000000265 (mip.MTI <- 0b1, mip.STI <- 0b0)
mem[X,0x0000000080001324] -> 0x1F13
mem[X,0x0000000080001326] -> 0x00AF
[1226] [M]: 0x0000000080001324 (0x00AF1F13) slli x30, x30, 0xa                      inst_172+24
x30 <- 0x9A4E9EF10171F400

mem[X,0x0000000080001328] -> 0x0F13
mem[X,0x000000008000132A] -> 0x0DFF
[1227] [M]: 0x0000000080001328 (0x0DFF0F13) addi x30, x30, 0xdf                     inst_172+28
x30 <- 0x9A4E9EF10171F4DF

clint mtime 0x0000000000000266 (mip.MTI <- 0b1, mip.STI <- 0b0)
mem[X,0x000000008000132C] -> 0x4EB7
mem[X,0x000000008000132E] -> 0x299C
[1228] [M]: 0x000000008000132C (0x299C4EB7) lui x29, 0x299c4                        inst_172+32
x29 <- 0x00000000299C4000

mem[X,0x0000000080001330] -> 0x8E93
mem[X,0x0000000080001332] -> 0xBCFE
[1229] [M]: 0x0000000080001330 (0xBCFE8E93) addi x29, x29, -0x431                   inst_172+36
x29 <- 0x00000000299C3BCF

clint mtime 0x0000000000000267 (mip.MTI <- 0b1, mip.STI <- 0b0)
mem[X,0x0000000080001334] -> 0x9E93
mem[X,0x0000000080001336] -> 0x00BE
[1230] [M]: 0x0000000080001334 (0x00BE9E93) slli x29, x29, 0xb                      inst_172+40
x29 <- 0x0000014CE1DE7800

mem[X,0x0000000080001338] -> 0x8E93
mem[X,0x000000008000133A] -> 0x487E
[1231] [M]: 0x0000000080001338 (0x487E8E93) addi x29, x29, 0x487                    inst_172+44
x29 <- 0x0000014CE1DE7C87

clint mtime 0x0000000000000268 (mip.MTI <- 0b1, mip.STI <- 0b0)
mem[X,0x000000008000133C] -> 0x9E93
mem[X,0x000000008000133E] -> 0x00BE
[1232] [M]: 0x000000008000133C (0x00BE9E93) slli x29, x29, 0xb                      inst_172+48
x29 <- 0x000A670EF3E43800

mem[X,0x0000000080001340] -> 0x8E93
mem[X,0x0000000080001342] -> 0x3EDE
[1233] [M]: 0x0000000080001340 (0x3EDE8E93) addi x29, x29, 0x3ed                    inst_172+52
x29 <- 0x000A670EF3E43BED

clint mtime 0x0000000000000269 (mip.MTI <- 0b1, mip.STI <- 0b0)
mem[X,0x0000000080001344] -> 0x9E93
mem[X,0x0000000080001346] -> 0x00AE
[1234] [M]: 0x0000000080001344 (0x00AE9E93) slli x29, x29, 0xa                      inst_172+56
x29 <- 0x299C3BCF90EFB400

mem[X,0x0000000080001348] -> 0x8E93
mem[X,0x000000008000134A] -> 0x225E
[1235] [M]: 0x0000000080001348 (0x225E8E93) addi x29, x29, 0x225                    inst_172+60
x29 <- 0x299C3BCF90EFB625

clint mtime 0x000000000000026A (mip.MTI <- 0b1, mip.STI <- 0b0)
mem[X,0x000000008000134C] -> 0x1FB3
mem[X,0x000000008000134E] -> 0x0BDF
[1236] [M]: 0x000000008000134C (0x0BDF1FB3) clmul x31, x30, x29                     inst_172+64
x31 <- 0x887C36770E4EEE43

mem[X,0x0000000080001350] -> 0xB823
mem[X,0x0000000080001352] -> 0x49F3
[1237] [M]: 0x0000000080001350 (0x49F3B823) sd x31, 0x490(x7)                       inst_172+68
mem[W,0x0000000080004678] <- 0x887C36770E4EEE43

clint mtime 0x000000000000026B (mip.MTI <- 0b1, mip.STI <- 0b0)
mem[X,0x0000000080001354] -> 0xAF37
mem[X,0x0000000080001356] -> 0xD169
[1238] [M]: 0x0000000080001354 (0xD169AF37) lui x30, -0x2e966                       inst_173+0
x30 <- 0xFFFFFFFFD169A000

mem[X,0x0000000080001358] -> 0x0F13
mem[X,0x000000008000135A] -> 0x3F8F
[1239] [M]: 0x0000000080001358 (0x3F8F0F13) addi x30, x30, 0x3f8                    inst_173+4
x30 <- 0xFFFFFFFFD169A3F8

clint mtime 0x000000000000026C (mip.MTI <- 0b1, mip.STI <- 0b0)
mem[X,0x000000008000135C] -> 0x1F13
mem[X,0x000000008000135E] -> 0x00BF
[1240] [M]: 0x000000008000135C (0x00BF1F13) slli x30, x30, 0xb                      inst_173+8
x30 <- 0xFFFFFE8B4D1FC000

mem[X,0x0000000080001360] -> 0x0F13
mem[X,0x0000000080001362] -> 0x656F
[1241] [M]: 0x0000000080001360 (0x656F0F13) addi x30, x30, 0x656                    inst_173+12
x30 <- 0xFFFFFE8B4D1FC656

clint mtime 0x000000000000026D (mip.MTI <- 0b1, mip.STI <- 0b0)
mem[X,0x0000000080001364] -> 0x1F13
mem[X,0x0000000080001366] -> 0x00BF
[1242] [M]: 0x0000000080001364 (0x00BF1F13) slli x30, x30, 0xb                      inst_173+16
x30 <- 0xFFF45A68FE32B000

mem[X,0x0000000080001368] -> 0x0F13
mem[X,0x000000008000136A] -> 0x578F
[1243] [M]: 0x0000000080001368 (0x578F0F13) addi x30, x30, 0x578                    inst_173+20
x30 <- 0xFFF45A68FE32B578

clint mtime 0x000000000000026E (mip.MTI <- 0b1, mip.STI <- 0b0)
mem[X,0x000000008000136C] -> 0x1F13
mem[X,0x000000008000136E] -> 0x00AF
[1244] [M]: 0x000000008000136C (0x00AF1F13) slli x30, x30, 0xa                      inst_173+24
x30 <- 0xD169A3F8CAD5E000

mem[X,0x0000000080001370] -> 0x0F13
mem[X,0x0000000080001372] -> 0x297F
[1245] [M]: 0x0000000080001370 (0x297F0F13) addi x30, x30, 0x297                    inst_173+28
x30 <- 0xD169A3F8CAD5E297

clint mtime 0x000000000000026F (mip.MTI <- 0b1, mip.STI <- 0b0)
mem[X,0x0000000080001374] -> 0x9EB7
mem[X,0x0000000080001376] -> 0x1FC4
[1246] [M]: 0x0000000080001374 (0x1FC49EB7) lui x29, 0x1fc49                        inst_173+32
x29 <- 0x000000001FC49000

mem[X,0x0000000080001378] -> 0x8E93
mem[X,0x000000008000137A] -> 0x3CAE
[1247] [M]: 0x0000000080001378 (0x3CAE8E93) addi x29, x29, 0x3ca                    inst_173+36
x29 <- 0x000000001FC493CA

clint mtime 0x0000000000000270 (mip.MTI <- 0b1, mip.STI <- 0b0)
mem[X,0x000000008000137C] -> 0x9E93
mem[X,0x000000008000137E] -> 0x00BE
[1248] [M]: 0x000000008000137C (0x00BE9E93) slli x29, x29, 0xb                      inst_173+40
x29 <- 0x000000FE249E5000

mem[X,0x0000000080001380] -> 0x8E93
mem[X,0x0000000080001382] -> 0x51BE
[1249] [M]: 0x0000000080001380 (0x51BE8E93) addi x29, x29, 0x51b                    inst_173+44
x29 <- 0x000000FE249E551B

clint mtime 0x0000000000000271 (mip.MTI <- 0b1, mip.STI <- 0b0)
mem[X,0x0000000080001384] -> 0x9E93
mem[X,0x0000000080001386] -> 0x00BE
[1250] [M]: 0x0000000080001384 (0x00BE9E93) slli x29, x29, 0xb                      inst_173+48
x29 <- 0x0007F124F2A8D800

mem[X,0x0000000080001388] -> 0x8E93
mem[X,0x000000008000138A] -> 0x476E
[1251] [M]: 0x0000000080001388 (0x476E8E93) addi x29, x29, 0x476                    inst_173+52
x29 <- 0x0007F124F2A8DC76

clint mtime 0x0000000000000272 (mip.MTI <- 0b1, mip.STI <- 0b0)
mem[X,0x000000008000138C] -> 0x9E93
mem[X,0x000000008000138E] -> 0x00AE
[1252] [M]: 0x000000008000138C (0x00AE9E93) slli x29, x29, 0xa                      inst_173+56
x29 <- 0x1FC493CAA371D800

mem[X,0x0000000080001390] -> 0x8E93
mem[X,0x0000000080001392] -> 0x342E
[1253] [M]: 0x0000000080001390 (0x342E8E93) addi x29, x29, 0x342                    inst_173+60
x29 <- 0x1FC493CAA371DB42

clint mtime 0x0000000000000273 (mip.MTI <- 0b1, mip.STI <- 0b0)
mem[X,0x0000000080001394] -> 0x1FB3
mem[X,0x0000000080001396] -> 0x0BDF
[1254] [M]: 0x0000000080001394 (0x0BDF1FB3) clmul x31, x30, x29                     inst_173+64
x31 <- 0xC099601FC3E051EE

mem[X,0x0000000080001398] -> 0xBC23
mem[X,0x000000008000139A] -> 0x49F3
[1255] [M]: 0x0000000080001398 (0x49F3BC23) sd x31, 0x498(x7)                       inst_173+68
mem[W,0x0000000080004680] <- 0xC099601FC3E051EE

clint mtime 0x0000000000000274 (mip.MTI <- 0b1, mip.STI <- 0b0)
mem[X,0x000000008000139C] -> 0x0F37
mem[X,0x000000008000139E] -> 0xD5BA
[1256] [M]: 0x000000008000139C (0xD5BA0F37) lui x30, -0x2a460                       inst_174+0
x30 <- 0xFFFFFFFFD5BA0000

mem[X,0x00000000800013A0] -> 0x0F13
mem[X,0x00000000800013A2] -> 0xE5CF
[1257] [M]: 0x00000000800013A0 (0xE5CF0F13) addi x30, x30, -0x1a4                   inst_174+4
x30 <- 0xFFFFFFFFD5B9FE5C

clint mtime 0x0000000000000275 (mip.MTI <- 0b1, mip.STI <- 0b0)
mem[X,0x00000000800013A4] -> 0x1F13
mem[X,0x00000000800013A6] -> 0x00BF
[1258] [M]: 0x00000000800013A4 (0x00BF1F13) slli x30, x30, 0xb                      inst_174+8
x30 <- 0xFFFFFEADCFF2E000

mem[X,0x00000000800013A8] -> 0x0F13
mem[X,0x00000000800013AA] -> 0x7B4F
[1259] [M]: 0x00000000800013A8 (0x7B4F0F13) addi x30, x30, 0x7b4                    inst_174+12
x30 <- 0xFFFFFEADCFF2E7B4

clint mtime 0x0000000000000276 (mip.MTI <- 0b1, mip.STI <- 0b0)
mem[X,0x00000000800013AC] -> 0x1F13
mem[X,0x00000000800013AE] -> 0x00BF
[1260] [M]: 0x00000000800013AC (0x00BF1F13) slli x30, x30, 0xb                      inst_174+16
x30 <- 0xFFF56E7F973DA000

mem[X,0x00000000800013B0] -> 0x0F13
mem[X,0x00000000800013B2] -> 0x6F7F
[1261] [M]: 0x00000000800013B0 (0x6F7F0F13) addi x30, x30, 0x6f7                    inst_174+20
x30 <- 0xFFF56E7F973DA6F7

clint mtime 0x0000000000000277 (mip.MTI <- 0b1, mip.STI <- 0b0)
mem[X,0x00000000800013B4] -> 0x1F13
mem[X,0x00000000800013B6] -> 0x00AF
[1262] [M]: 0x00000000800013B4 (0x00AF1F13) slli x30, x30, 0xa                      inst_174+24
x30 <- 0xD5B9FE5CF69BDC00

mem[X,0x00000000800013B8] -> 0x0F13
mem[X,0x00000000800013BA] -> 0x0F3F
[1263] [M]: 0x00000000800013B8 (0x0F3F0F13) addi x30, x30, 0xf3                     inst_174+28
x30 <- 0xD5B9FE5CF69BDCF3

clint mtime 0x0000000000000278 (mip.MTI <- 0b1, mip.STI <- 0b0)
mem[X,0x00000000800013BC] -> 0x0EB7
mem[X,0x00000000800013BE] -> 0xF4C3
[1264] [M]: 0x00000000800013BC (0xF4C30EB7) lui x29, -0xb3d0                        inst_174+32
x29 <- 0xFFFFFFFFF4C30000

mem[X,0x00000000800013C0] -> 0x8E93
mem[X,0x00000000800013C2] -> 0x307E
[1265] [M]: 0x00000000800013C0 (0x307E8E93) addi x29, x29, 0x307                    inst_174+36
x29 <- 0xFFFFFFFFF4C30307

clint mtime 0x0000000000000279 (mip.MTI <- 0b1, mip.STI <- 0b0)
mem[X,0x00000000800013C4] -> 0x9E93
mem[X,0x00000000800013C6] -> 0x00BE
[1266] [M]: 0x00000000800013C4 (0x00BE9E93) slli x29, x29, 0xb                      inst_174+40
x29 <- 0xFFFFFFA618183800

mem[X,0x00000000800013C8] -> 0x8E93
mem[X,0x00000000800013CA] -> 0x339E
[1267] [M]: 0x00000000800013C8 (0x339E8E93) addi x29, x29, 0x339                    inst_174+44
x29 <- 0xFFFFFFA618183B39

clint mtime 0x000000000000027A (mip.MTI <- 0b1, mip.STI <- 0b0)
mem[X,0x00000000800013CC] -> 0x9E93
mem[X,0x00000000800013CE] -> 0x00BE
[1268] [M]: 0x00000000800013CC (0x00BE9E93) slli x29, x29, 0xb                      inst_174+48
x29 <- 0xFFFD30C0C1D9C800

mem[X,0x00000000800013D0] -> 0x8E93
mem[X,0x00000000800013D2] -> 0x3D9E
[1269] [M]: 0x00000000800013D0 (0x3D9E8E93) addi x29, x29, 0x3d9                    inst_174+52
x29 <- 0xFFFD30C0C1D9CBD9

clint mtime 0x000000000000027B (mip.MTI <- 0b1, mip.STI <- 0b0)
mem[X,0x00000000800013D4] -> 0x9E93
mem[X,0x00000000800013D6] -> 0x00AE
[1270] [M]: 0x00000000800013D4 (0x00AE9E93) slli x29, x29, 0xa                      inst_174+56
x29 <- 0xF4C30307672F6400

mem[X,0x00000000800013D8] -> 0x8E93
mem[X,0x00000000800013DA] -> 0x26DE
[1271] [M]: 0x00000000800013D8 (0x26DE8E93) addi x29, x29, 0x26d                    inst_174+60
x29 <- 0xF4C30307672F666D

clint mtime 0x000000000000027C (mip.MTI <- 0b1, mip.STI <- 0b0)
mem[X,0x00000000800013DC] -> 0x1FB3
mem[X,0x00000000800013DE] -> 0x0BDF
[1272] [M]: 0x00000000800013DC (0x0BDF1FB3) clmul x31, x30, x29                     inst_174+64
x31 <- 0x45202A222FEF6007

mem[X,0x00000000800013E0] -> 0xB023
mem[X,0x00000000800013E2] -> 0x4BF3
[1273] [M]: 0x00000000800013E0 (0x4BF3B023) sd x31, 0x4a0(x7)                       inst_174+68
mem[W,0x0000000080004688] <- 0x45202A222FEF6007

clint mtime 0x000000000000027D (mip.MTI <- 0b1, mip.STI <- 0b0)
mem[X,0x00000000800013E4] -> 0x2F37
mem[X,0x00000000800013E6] -> 0xE492
[1274] [M]: 0x00000000800013E4 (0xE4922F37) lui x30, -0x1b6de                       inst_175+0
x30 <- 0xFFFFFFFFE4922000

mem[X,0x00000000800013E8] -> 0x0F13
mem[X,0x00000000800013EA] -> 0xBF7F
[1275] [M]: 0x00000000800013E8 (0xBF7F0F13) addi x30, x30, -0x409                   inst_175+4
x30 <- 0xFFFFFFFFE4921BF7

clint mtime 0x000000000000027E (mip.MTI <- 0b1, mip.STI <- 0b0)
mem[X,0x00000000800013EC] -> 0x1F13
mem[X,0x00000000800013EE] -> 0x00BF
[1276] [M]: 0x00000000800013EC (0x00BF1F13) slli x30, x30, 0xb                      inst_175+8
x30 <- 0xFFFFFF2490DFB800

mem[X,0x00000000800013F0] -> 0x0F13
mem[X,0x00000000800013F2] -> 0x182F
[1277] [M]: 0x00000000800013F0 (0x182F0F13) addi x30, x30, 0x182                    inst_175+12
x30 <- 0xFFFFFF2490DFB982

clint mtime 0x000000000000027F (mip.MTI <- 0b1, mip.STI <- 0b0)
mem[X,0x00000000800013F4] -> 0x1F13
mem[X,0x00000000800013F6] -> 0x00BF
[1278] [M]: 0x00000000800013F4 (0x00BF1F13) slli x30, x30, 0xb                      inst_175+16
x30 <- 0xFFF92486FDCC1000

mem[X,0x00000000800013F8] -> 0x0F13
mem[X,0x00000000800013FA] -> 0x1F0F
[1279] [M]: 0x00000000800013F8 (0x1F0F0F13) addi x30, x30, 0x1f0                    inst_175+20
x30 <- 0xFFF92486FDCC11F0

clint mtime 0x0000000000000280 (mip.MTI <- 0b1, mip.STI <- 0b0)
mem[X,0x00000000800013FC] -> 0x1F13
mem[X,0x00000000800013FE] -> 0x00AF
[1280] [M]: 0x00000000800013FC (0x00AF1F13) slli x30, x30, 0xa                      inst_175+24
x30 <- 0xE4921BF73047C000

mem[X,0x0000000080001400] -> 0x0F13
mem[X,0x0000000080001402] -> 0x198F
[1281] [M]: 0x0000000080001400 (0x198F0F13) addi x30, x30, 0x198                    inst_175+28
x30 <- 0xE4921BF73047C198

clint mtime 0x0000000000000281 (mip.MTI <- 0b1, mip.STI <- 0b0)
mem[X,0x0000000080001404] -> 0xAEB7
mem[X,0x0000000080001406] -> 0xA056
[1282] [M]: 0x0000000080001404 (0xA056AEB7) lui x29, -0x5fa96                       inst_175+32
x29 <- 0xFFFFFFFFA056A000

mem[X,0x0000000080001408] -> 0x8E93
mem[X,0x000000008000140A] -> 0xD76E
[1283] [M]: 0x0000000080001408 (0xD76E8E93) addi x29, x29, -0x28a                   inst_175+36
x29 <- 0xFFFFFFFFA0569D76

clint mtime 0x0000000000000282 (mip.MTI <- 0b1, mip.STI <- 0b0)
mem[X,0x000000008000140C] -> 0x9E93
mem[X,0x000000008000140E] -> 0x00BE
[1284] [M]: 0x000000008000140C (0x00BE9E93) slli x29, x29, 0xb                      inst_175+40
x29 <- 0xFFFFFD02B4EBB000

mem[X,0x0000000080001410] -> 0x8E93
mem[X,0x0000000080001412] -> 0x2F5E
[1285] [M]: 0x0000000080001410 (0x2F5E8E93) addi x29, x29, 0x2f5                    inst_175+44
x29 <- 0xFFFFFD02B4EBB2F5

clint mtime 0x0000000000000283 (mip.MTI <- 0b1, mip.STI <- 0b0)
mem[X,0x0000000080001414] -> 0x9E93
mem[X,0x0000000080001416] -> 0x00BE
[1286] [M]: 0x0000000080001414 (0x00BE9E93) slli x29, x29, 0xb                      inst_175+48
x29 <- 0xFFE815A75D97A800

mem[X,0x0000000080001418] -> 0x8E93
mem[X,0x000000008000141A] -> 0x719E
[1287] [M]: 0x0000000080001418 (0x719E8E93) addi x29, x29, 0x719                    inst_175+52
x29 <- 0xFFE815A75D97AF19

clint mtime 0x0000000000000284 (mip.MTI <- 0b1, mip.STI <- 0b0)
mem[X,0x000000008000141C] -> 0x9E93
mem[X,0x000000008000141E] -> 0x00AE
[1288] [M]: 0x000000008000141C (0x00AE9E93) slli x29, x29, 0xa                      inst_175+56
x29 <- 0xA0569D765EBC6400

mem[X,0x0000000080001420] -> 0x8E93
mem[X,0x0000000080001422] -> 0x0CBE
[1289] [M]: 0x0000000080001420 (0x0CBE8E93) addi x29, x29, 0xcb                     inst_175+60
x29 <- 0xA0569D765EBC64CB

clint mtime 0x0000000000000285 (mip.MTI <- 0b1, mip.STI <- 0b0)
mem[X,0x0000000080001424] -> 0x1FB3
mem[X,0x0000000080001426] -> 0x0BDF
[1290] [M]: 0x0000000080001424 (0x0BDF1FB3) clmul x31, x30, x29                     inst_175+64
x31 <- 0xEB353C4F0B958468

mem[X,0x0000000080001428] -> 0xB423
mem[X,0x000000008000142A] -> 0x4BF3
[1291] [M]: 0x0000000080001428 (0x4BF3B423) sd x31, 0x4a8(x7)                       inst_175+68
mem[W,0x0000000080004690] <- 0xEB353C4F0B958468

clint mtime 0x0000000000000286 (mip.MTI <- 0b1, mip.STI <- 0b0)
mem[X,0x000000008000142C] -> 0xBF37
mem[X,0x000000008000142E] -> 0xFCC1
[1292] [M]: 0x000000008000142C (0xFCC1BF37) lui x30, -0x33e5                        inst_176+0
x30 <- 0xFFFFFFFFFCC1B000

mem[X,0x0000000080001430] -> 0x0F13
mem[X,0x0000000080001432] -> 0x543F
[1293] [M]: 0x0000000080001430 (0x543F0F13) addi x30, x30, 0x543                    inst_176+4
x30 <- 0xFFFFFFFFFCC1B543

clint mtime 0x0000000000000287 (mip.MTI <- 0b1, mip.STI <- 0b0)
mem[X,0x0000000080001434] -> 0x1F13
mem[X,0x0000000080001436] -> 0x00BF
[1294] [M]: 0x0000000080001434 (0x00BF1F13) slli x30, x30, 0xb                      inst_176+8
x30 <- 0xFFFFFFE60DAA1800

mem[X,0x0000000080001438] -> 0x0F13
mem[X,0x000000008000143A] -> 0x624F
[1295] [M]: 0x0000000080001438 (0x624F0F13) addi x30, x30, 0x624                    inst_176+12
x30 <- 0xFFFFFFE60DAA1E24

clint mtime 0x0000000000000288 (mip.MTI <- 0b1, mip.STI <- 0b0)
mem[X,0x000000008000143C] -> 0x1F13
mem[X,0x000000008000143E] -> 0x00BF
[1296] [M]: 0x000000008000143C (0x00BF1F13) slli x30, x30, 0xb                      inst_176+16
x30 <- 0xFFFF306D50F12000

mem[X,0x0000000080001440] -> 0x0F13
mem[X,0x0000000080001442] -> 0x735F
[1297] [M]: 0x0000000080001440 (0x735F0F13) addi x30, x30, 0x735                    inst_176+20
x30 <- 0xFFFF306D50F12735

clint mtime 0x0000000000000289 (mip.MTI <- 0b1, mip.STI <- 0b0)
mem[X,0x0000000080001444] -> 0x1F13
mem[X,0x0000000080001446] -> 0x00AF
[1298] [M]: 0x0000000080001444 (0x00AF1F13) slli x30, x30, 0xa                      inst_176+24
x30 <- 0xFCC1B543C49CD400

mem[X,0x0000000080001448] -> 0x0F13
mem[X,0x000000008000144A] -> 0x25BF
[1299] [M]: 0x0000000080001448 (0x25BF0F13) addi x30, x30, 0x25b                    inst_176+28
x30 <- 0xFCC1B543C49CD65B

clint mtime 0x000000000000028A (mip.MTI <- 0b1, mip.STI <- 0b0)
mem[X,0x000000008000144C] -> 0xAEB7
mem[X,0x000000008000144E] -> 0x2DAF
[1300] [M]: 0x000000008000144C (0x2DAFAEB7) lui x29, 0x2dafa                        inst_176+32
x29 <- 0x000000002DAFA000

mem[X,0x0000000080001450] -> 0x8E93
mem[X,0x0000000080001452] -> 0xAC7E
[1301] [M]: 0x0000000080001450 (0xAC7E8E93) addi x29, x29, -0x539                   inst_176+36
x29 <- 0x000000002DAF9AC7

clint mtime 0x000000000000028B (mip.MTI <- 0b1, mip.STI <- 0b0)
mem[X,0x0000000080001454] -> 0x9E93
mem[X,0x0000000080001456] -> 0x00BE
[1302] [M]: 0x0000000080001454 (0x00BE9E93) slli x29, x29, 0xb                      inst_176+40
x29 <- 0x0000016D7CD63800

mem[X,0x0000000080001458] -> 0x8E93
mem[X,0x000000008000145A] -> 0x7AFE
[1303] [M]: 0x0000000080001458 (0x7AFE8E93) addi x29, x29, 0x7af                    inst_176+44
x29 <- 0x0000016D7CD63FAF

clint mtime 0x000000000000028C (mip.MTI <- 0b1, mip.STI <- 0b0)
mem[X,0x000000008000145C] -> 0x9E93
mem[X,0x000000008000145E] -> 0x00BE
[1304] [M]: 0x000000008000145C (0x00BE9E93) slli x29, x29, 0xb                      inst_176+48
x29 <- 0x000B6BE6B1FD7800

mem[X,0x0000000080001460] -> 0x8E93
mem[X,0x0000000080001462] -> 0x6BCE
[1305] [M]: 0x0000000080001460 (0x6BCE8E93) addi x29, x29, 0x6bc                    inst_176+52
x29 <- 0x000B6BE6B1FD7EBC

clint mtime 0x000000000000028D (mip.MTI <- 0b1, mip.STI <- 0b0)
mem[X,0x0000000080001464] -> 0x9E93
mem[X,0x0000000080001466] -> 0x00AE
[1306] [M]: 0x0000000080001464 (0x00AE9E93) slli x29, x29, 0xa                      inst_176+56
x29 <- 0x2DAF9AC7F5FAF000

mem[X,0x0000000080001468] -> 0x8E93
mem[X,0x000000008000146A] -> 0x207E
[1307] [M]: 0x0000000080001468 (0x207E8E93) addi x29, x29, 0x207                    inst_176+60
x29 <- 0x2DAF9AC7F5FAF207

clint mtime 0x000000000000028E (mip.MTI <- 0b1, mip.STI <- 0b0)
mem[X,0x000000008000146C] -> 0x1FB3
mem[X,0x000000008000146E] -> 0x0BDF
[1308] [M]: 0x000000008000146C (0x0BDF1FB3) clmul x31, x30, x29                     inst_176+64
x31 <- 0x8EEFE47CC3910581

mem[X,0x0000000080001470] -> 0xB823
mem[X,0x0000000080001472] -> 0x4BF3
[1309] [M]: 0x0000000080001470 (0x4BF3B823) sd x31, 0x4b0(x7)                       inst_176+68
mem[W,0x0000000080004698] <- 0x8EEFE47CC3910581

clint mtime 0x000000000000028F (mip.MTI <- 0b1, mip.STI <- 0b0)
mem[X,0x0000000080001474] -> 0x4F37
mem[X,0x0000000080001476] -> 0x436F
[1310] [M]: 0x0000000080001474 (0x436F4F37) lui x30, 0x436f4                        inst_177+0
x30 <- 0x00000000436F4000

mem[X,0x0000000080001478] -> 0x0F13
mem[X,0x000000008000147A] -> 0x0F2F
[1311] [M]: 0x0000000080001478 (0x0F2F0F13) addi x30, x30, 0xf2                     inst_177+4
x30 <- 0x00000000436F40F2

clint mtime 0x0000000000000290 (mip.MTI <- 0b1, mip.STI <- 0b0)
mem[X,0x000000008000147C] -> 0x1F13
mem[X,0x000000008000147E] -> 0x00BF
[1312] [M]: 0x000000008000147C (0x00BF1F13) slli x30, x30, 0xb                      inst_177+8
x30 <- 0x0000021B7A079000

mem[X,0x0000000080001480] -> 0x0F13
mem[X,0x0000000080001482] -> 0x3A5F
[1313] [M]: 0x0000000080001480 (0x3A5F0F13) addi x30, x30, 0x3a5                    inst_177+12
x30 <- 0x0000021B7A0793A5

clint mtime 0x0000000000000291 (mip.MTI <- 0b1, mip.STI <- 0b0)
mem[X,0x0000000080001484] -> 0x1F13
mem[X,0x0000000080001486] -> 0x00BF
[1314] [M]: 0x0000000080001484 (0x00BF1F13) slli x30, x30, 0xb                      inst_177+16
x30 <- 0x0010DBD03C9D2800

mem[X,0x0000000080001488] -> 0x0F13
mem[X,0x000000008000148A] -> 0x637F
[1315] [M]: 0x0000000080001488 (0x637F0F13) addi x30, x30, 0x637                    inst_177+20
x30 <- 0x0010DBD03C9D2E37

clint mtime 0x0000000000000292 (mip.MTI <- 0b1, mip.STI <- 0b0)
mem[X,0x000000008000148C] -> 0x1F13
mem[X,0x000000008000148E] -> 0x00AF
[1316] [M]: 0x000000008000148C (0x00AF1F13) slli x30, x30, 0xa                      inst_177+24
x30 <- 0x436F40F274B8DC00

mem[X,0x0000000080001490] -> 0x0F13
mem[X,0x0000000080001492] -> 0x287F
[1317] [M]: 0x0000000080001490 (0x287F0F13) addi x30, x30, 0x287                    inst_177+28
x30 <- 0x436F40F274B8DE87

clint mtime 0x0000000000000293 (mip.MTI <- 0b1, mip.STI <- 0b0)
mem[X,0x0000000080001494] -> 0x3EB7
mem[X,0x0000000080001496] -> 0x3459
[1318] [M]: 0x0000000080001494 (0x34593EB7) lui x29, 0x34593                        inst_177+32
x29 <- 0x0000000034593000

mem[X,0x0000000080001498] -> 0x8E93
mem[X,0x000000008000149A] -> 0x94EE
[1319] [M]: 0x0000000080001498 (0x94EE8E93) addi x29, x29, -0x6b2                   inst_177+36
x29 <- 0x000000003459294E

clint mtime 0x0000000000000294 (mip.MTI <- 0b1, mip.STI <- 0b0)
mem[X,0x000000008000149C] -> 0x9E93
mem[X,0x000000008000149E] -> 0x00BE
[1320] [M]: 0x000000008000149C (0x00BE9E93) slli x29, x29, 0xb                      inst_177+40
x29 <- 0x000001A2C94A7000

mem[X,0x00000000800014A0] -> 0x8E93
mem[X,0x00000000800014A2] -> 0x793E
[1321] [M]: 0x00000000800014A0 (0x793E8E93) addi x29, x29, 0x793                    inst_177+44
x29 <- 0x000001A2C94A7793

clint mtime 0x0000000000000295 (mip.MTI <- 0b1, mip.STI <- 0b0)
mem[X,0x00000000800014A4] -> 0x9E93
mem[X,0x00000000800014A6] -> 0x00BE
[1322] [M]: 0x00000000800014A4 (0x00BE9E93) slli x29, x29, 0xb                      inst_177+48
x29 <- 0x000D164A53BC9800

mem[X,0x00000000800014A8] -> 0x8E93
mem[X,0x00000000800014AA] -> 0x4EDE
[1323] [M]: 0x00000000800014A8 (0x4EDE8E93) addi x29, x29, 0x4ed                    inst_177+52
x29 <- 0x000D164A53BC9CED

clint mtime 0x0000000000000296 (mip.MTI <- 0b1, mip.STI <- 0b0)
mem[X,0x00000000800014AC] -> 0x9E93
mem[X,0x00000000800014AE] -> 0x00AE
[1324] [M]: 0x00000000800014AC (0x00AE9E93) slli x29, x29, 0xa                      inst_177+56
x29 <- 0x3459294EF273B400

mem[X,0x00000000800014B0] -> 0x8E93
mem[X,0x00000000800014B2] -> 0x04CE
[1325] [M]: 0x00000000800014B0 (0x04CE8E93) addi x29, x29, 0x4c                     inst_177+60
x29 <- 0x3459294EF273B44C

clint mtime 0x0000000000000297 (mip.MTI <- 0b1, mip.STI <- 0b0)
mem[X,0x00000000800014B4] -> 0x1FB3
mem[X,0x00000000800014B6] -> 0x0BDF
[1326] [M]: 0x00000000800014B4 (0x0BDF1FB3) clmul x31, x30, x29                     inst_177+64
x31 <- 0x304FBF7067CA23E4

mem[X,0x00000000800014B8] -> 0xBC23
mem[X,0x00000000800014BA] -> 0x4BF3
[1327] [M]: 0x00000000800014B8 (0x4BF3BC23) sd x31, 0x4b8(x7)                       inst_177+68
mem[W,0x00000000800046A0] <- 0x304FBF7067CA23E4

clint mtime 0x0000000000000298 (mip.MTI <- 0b1, mip.STI <- 0b0)
mem[X,0x00000000800014BC] -> 0xBF37
mem[X,0x00000000800014BE] -> 0x75A3
[1328] [M]: 0x00000000800014BC (0x75A3BF37) lui x30, 0x75a3b                        inst_178+0
x30 <- 0x0000000075A3B000

mem[X,0x00000000800014C0] -> 0x0F13
mem[X,0x00000000800014C2] -> 0xDB3F
[1329] [M]: 0x00000000800014C0 (0xDB3F0F13) addi x30, x30, -0x24d                   inst_178+4
x30 <- 0x0000000075A3ADB3

clint mtime 0x0000000000000299 (mip.MTI <- 0b1, mip.STI <- 0b0)
mem[X,0x00000000800014C4] -> 0x1F13
mem[X,0x00000000800014C6] -> 0x00BF
[1330] [M]: 0x00000000800014C4 (0x00BF1F13) slli x30, x30, 0xb                      inst_178+8
x30 <- 0x000003AD1D6D9800

mem[X,0x00000000800014C8] -> 0x0F13
mem[X,0x00000000800014CA] -> 0x12AF
[1331] [M]: 0x00000000800014C8 (0x12AF0F13) addi x30, x30, 0x12a                    inst_178+12
x30 <- 0x000003AD1D6D992A

clint mtime 0x000000000000029A (mip.MTI <- 0b1, mip.STI <- 0b0)
mem[X,0x00000000800014CC] -> 0x1F13
mem[X,0x00000000800014CE] -> 0x00BF
[1332] [M]: 0x00000000800014CC (0x00BF1F13) slli x30, x30, 0xb                      inst_178+16
x30 <- 0x001D68EB6CC95000

mem[X,0x00000000800014D0] -> 0x0F13
mem[X,0x00000000800014D2] -> 0x2A5F
[1333] [M]: 0x00000000800014D0 (0x2A5F0F13) addi x30, x30, 0x2a5                    inst_178+20
x30 <- 0x001D68EB6CC952A5

clint mtime 0x000000000000029B (mip.MTI <- 0b1, mip.STI <- 0b0)
mem[X,0x00000000800014D4] -> 0x1F13
mem[X,0x00000000800014D6] -> 0x00AF
[1334] [M]: 0x00000000800014D4 (0x00AF1F13) slli x30, x30, 0xa                      inst_178+24
x30 <- 0x75A3ADB3254A9400

mem[X,0x00000000800014D8] -> 0x0F13
mem[X,0x00000000800014DA] -> 0x093F
[1335] [M]: 0x00000000800014D8 (0x093F0F13) addi x30, x30, 0x93                     inst_178+28
x30 <- 0x75A3ADB3254A9493

clint mtime 0x000000000000029C (mip.MTI <- 0b1, mip.STI <- 0b0)
mem[X,0x00000000800014DC] -> 0x1EB7
mem[X,0x00000000800014DE] -> 0xC552
[1336] [M]: 0x00000000800014DC (0xC5521EB7) lui x29, -0x3aadf                       inst_178+32
x29 <- 0xFFFFFFFFC5521000

mem[X,0x00000000800014E0] -> 0x8E93
mem[X,0x00000000800014E2] -> 0x660E
[1337] [M]: 0x00000000800014E0 (0x660E8E93) addi x29, x29, 0x660                    inst_178+36
x29 <- 0xFFFFFFFFC5521660

clint mtime 0x000000000000029D (mip.MTI <- 0b1, mip.STI <- 0b0)
mem[X,0x00000000800014E4] -> 0x9E93
mem[X,0x00000000800014E6] -> 0x00BE
[1338] [M]: 0x00000000800014E4 (0x00BE9E93) slli x29, x29, 0xb                      inst_178+40
x29 <- 0xFFFFFE2A90B30000

mem[X,0x00000000800014E8] -> 0x8E93
mem[X,0x00000000800014EA] -> 0x79DE
[1339] [M]: 0x00000000800014E8 (0x79DE8E93) addi x29, x29, 0x79d                    inst_178+44
x29 <- 0xFFFFFE2A90B3079D

clint mtime 0x000000000000029E (mip.MTI <- 0b1, mip.STI <- 0b0)
mem[X,0x00000000800014EC] -> 0x9E93
mem[X,0x00000000800014EE] -> 0x00BE
[1340] [M]: 0x00000000800014EC (0x00BE9E93) slli x29, x29, 0xb                      inst_178+48
x29 <- 0xFFF15485983CE800

mem[X,0x00000000800014F0] -> 0x8E93
mem[X,0x00000000800014F2] -> 0x0F1E
[1341] [M]: 0x00000000800014F0 (0x0F1E8E93) addi x29, x29, 0xf1                     inst_178+52
x29 <- 0xFFF15485983CE8F1

clint mtime 0x000000000000029F (mip.MTI <- 0b1, mip.STI <- 0b0)
mem[X,0x00000000800014F4] -> 0x9E93
mem[X,0x00000000800014F6] -> 0x00AE
[1342] [M]: 0x00000000800014F4 (0x00AE9E93) slli x29, x29, 0xa                      inst_178+56
x29 <- 0xC5521660F3A3C400

mem[X,0x00000000800014F8] -> 0x8E93
mem[X,0x00000000800014FA] -> 0x171E
[1343] [M]: 0x00000000800014F8 (0x171E8E93) addi x29, x29, 0x171                    inst_178+60
x29 <- 0xC5521660F3A3C571

clint mtime 0x00000000000002A0 (mip.MTI <- 0b1, mip.STI <- 0b0)
mem[X,0x00000000800014FC] -> 0x1FB3
mem[X,0x00000000800014FE] -> 0x0BDF
[1344] [M]: 0x00000000800014FC (0x0BDF1FB3) clmul x31, x30, x29                     inst_178+64
x31 <- 0x94FCCC07C6EAF403

mem[X,0x0000000080001500] -> 0xB023
mem[X,0x0000000080001502] -> 0x4DF3
[1345] [M]: 0x0000000080001500 (0x4DF3B023) sd x31, 0x4c0(x7)                       inst_178+68
mem[W,0x00000000800046A8] <- 0x94FCCC07C6EAF403

clint mtime 0x00000000000002A1 (mip.MTI <- 0b1, mip.STI <- 0b0)
mem[X,0x0000000080001504] -> 0x0F13
mem[X,0x0000000080001506] -> 0xBFF0
[1346] [M]: 0x0000000080001504 (0xBFF00F13) addi x30, x0, -0x401                    inst_179+0
x30 <- 0xFFFFFFFFFFFFFBFF

mem[X,0x0000000080001508] -> 0xBEB7
mem[X,0x000000008000150A] -> 0xAAAA
[1347] [M]: 0x0000000080001508 (0xAAAABEB7) lui x29, -0x55555                       inst_179+4
x29 <- 0xFFFFFFFFAAAAB000

clint mtime 0x00000000000002A2 (mip.MTI <- 0b1, mip.STI <- 0b0)
mem[X,0x000000008000150C] -> 0x8E93
mem[X,0x000000008000150E] -> 0xAAAE
[1348] [M]: 0x000000008000150C (0xAAAE8E93) addi x29, x29, -0x556                   inst_179+8
x29 <- 0xFFFFFFFFAAAAAAAA

mem[X,0x0000000080001510] -> 0x9E93
mem[X,0x0000000080001512] -> 0x00BE
[1349] [M]: 0x0000000080001510 (0x00BE9E93) slli x29, x29, 0xb                      inst_179+12
x29 <- 0xFFFFFD5555555000

clint mtime 0x00000000000002A3 (mip.MTI <- 0b1, mip.STI <- 0b0)
mem[X,0x0000000080001514] -> 0x8E93
mem[X,0x0000000080001516] -> 0x555E
[1350] [M]: 0x0000000080001514 (0x555E8E93) addi x29, x29, 0x555                    inst_179+16
x29 <- 0xFFFFFD5555555555

mem[X,0x0000000080001518] -> 0x9E93
mem[X,0x000000008000151A] -> 0x00BE
[1351] [M]: 0x0000000080001518 (0x00BE9E93) slli x29, x29, 0xb                      inst_179+20
x29 <- 0xFFEAAAAAAAAAA800

clint mtime 0x00000000000002A4 (mip.MTI <- 0b1, mip.STI <- 0b0)
mem[X,0x000000008000151C] -> 0x8E93
mem[X,0x000000008000151E] -> 0x2AAE
[1352] [M]: 0x000000008000151C (0x2AAE8E93) addi x29, x29, 0x2aa                    inst_179+24
x29 <- 0xFFEAAAAAAAAAAAAA

mem[X,0x0000000080001520] -> 0x9E93
mem[X,0x0000000080001522] -> 0x00AE
[1353] [M]: 0x0000000080001520 (0x00AE9E93) slli x29, x29, 0xa                      inst_179+28
x29 <- 0xAAAAAAAAAAAAA800

clint mtime 0x00000000000002A5 (mip.MTI <- 0b1, mip.STI <- 0b0)
mem[X,0x0000000080001524] -> 0x8E93
mem[X,0x0000000080001526] -> 0x2AAE
[1354] [M]: 0x0000000080001524 (0x2AAE8E93) addi x29, x29, 0x2aa                    inst_179+32
x29 <- 0xAAAAAAAAAAAAAAAA

mem[X,0x0000000080001528] -> 0x1FB3
mem[X,0x000000008000152A] -> 0x0BDF
[1355] [M]: 0x0000000080001528 (0x0BDF1FB3) clmul x31, x30, x29                     inst_179+36
x31 <- 0xCCCCCCCCCCCCCE66

clint mtime 0x00000000000002A6 (mip.MTI <- 0b1, mip.STI <- 0b0)
mem[X,0x000000008000152C] -> 0xB423
mem[X,0x000000008000152E] -> 0x4DF3
[1356] [M]: 0x000000008000152C (0x4DF3B423) sd x31, 0x4c8(x7)                       inst_179+40
mem[W,0x00000000800046B0] <- 0xCCCCCCCCCCCCCE66

mem[X,0x0000000080001530] -> 0x0F13
mem[X,0x0000000080001532] -> 0xBFF0
[1357] [M]: 0x0000000080001530 (0xBFF00F13) addi x30, x0, -0x401                    inst_180+0
x30 <- 0xFFFFFFFFFFFFFBFF

clint mtime 0x00000000000002A7 (mip.MTI <- 0b1, mip.STI <- 0b0)
mem[X,0x0000000080001534] -> 0x5EB7
mem[X,0x0000000080001536] -> 0x5555
[1358] [M]: 0x0000000080001534 (0x55555EB7) lui x29, 0x55555                        inst_180+4
x29 <- 0x0000000055555000

mem[X,0x0000000080001538] -> 0x8E93
mem[X,0x000000008000153A] -> 0x555E
[1359] [M]: 0x0000000080001538 (0x555E8E93) addi x29, x29, 0x555                    inst_180+8
x29 <- 0x0000000055555555

clint mtime 0x00000000000002A8 (mip.MTI <- 0b1, mip.STI <- 0b0)
mem[X,0x000000008000153C] -> 0x9E93
mem[X,0x000000008000153E] -> 0x00BE
[1360] [M]: 0x000000008000153C (0x00BE9E93) slli x29, x29, 0xb                      inst_180+12
x29 <- 0x000002AAAAAAA800

mem[X,0x0000000080001540] -> 0x8E93
mem[X,0x0000000080001542] -> 0x2AAE
[1361] [M]: 0x0000000080001540 (0x2AAE8E93) addi x29, x29, 0x2aa                    inst_180+16
x29 <- 0x000002AAAAAAAAAA

clint mtime 0x00000000000002A9 (mip.MTI <- 0b1, mip.STI <- 0b0)
mem[X,0x0000000080001544] -> 0x9E93
mem[X,0x0000000080001546] -> 0x00BE
[1362] [M]: 0x0000000080001544 (0x00BE9E93) slli x29, x29, 0xb                      inst_180+20
x29 <- 0x0015555555555000

mem[X,0x0000000080001548] -> 0x8E93
mem[X,0x000000008000154A] -> 0x555E
[1363] [M]: 0x0000000080001548 (0x555E8E93) addi x29, x29, 0x555                    inst_180+24
x29 <- 0x0015555555555555

clint mtime 0x00000000000002AA (mip.MTI <- 0b1, mip.STI <- 0b0)
mem[X,0x000000008000154C] -> 0x9E93
mem[X,0x000000008000154E] -> 0x00AE
[1364] [M]: 0x000000008000154C (0x00AE9E93) slli x29, x29, 0xa                      inst_180+28
x29 <- 0x5555555555555400

mem[X,0x0000000080001550] -> 0x8E93
mem[X,0x0000000080001552] -> 0x155E
[1365] [M]: 0x0000000080001550 (0x155E8E93) addi x29, x29, 0x155                    inst_180+32
x29 <- 0x5555555555555555

clint mtime 0x00000000000002AB (mip.MTI <- 0b1, mip.STI <- 0b0)
mem[X,0x0000000080001554] -> 0x1FB3
mem[X,0x0000000080001556] -> 0x0BDF
[1366] [M]: 0x0000000080001554 (0x0BDF1FB3) clmul x31, x30, x29                     inst_180+36
x31 <- 0x6666666666666733

mem[X,0x0000000080001558] -> 0xB823
mem[X,0x000000008000155A] -> 0x4DF3
[1367] [M]: 0x0000000080001558 (0x4DF3B823) sd x31, 0x4d0(x7)                       inst_180+40
mem[W,0x00000000800046B8] <- 0x6666666666666733

clint mtime 0x00000000000002AC (mip.MTI <- 0b1, mip.STI <- 0b0)
mem[X,0x000000008000155C] -> 0xBF37
mem[X,0x000000008000155E] -> 0xAAAA
[1368] [M]: 0x000000008000155C (0xAAAABF37) lui x30, -0x55555                       inst_181+0
x30 <- 0xFFFFFFFFAAAAB000

mem[X,0x0000000080001560] -> 0x0F13
mem[X,0x0000000080001562] -> 0xAAAF
[1369] [M]: 0x0000000080001560 (0xAAAF0F13) addi x30, x30, -0x556                   inst_181+4
x30 <- 0xFFFFFFFFAAAAAAAA

clint mtime 0x00000000000002AD (mip.MTI <- 0b1, mip.STI <- 0b0)
mem[X,0x0000000080001564] -> 0x1F13
mem[X,0x0000000080001566] -> 0x00BF
[1370] [M]: 0x0000000080001564 (0x00BF1F13) slli x30, x30, 0xb                      inst_181+8
x30 <- 0xFFFFFD5555555000

mem[X,0x0000000080001568] -> 0x0F13
mem[X,0x000000008000156A] -> 0x555F
[1371] [M]: 0x0000000080001568 (0x555F0F13) addi x30, x30, 0x555                    inst_181+12
x30 <- 0xFFFFFD5555555555

clint mtime 0x00000000000002AE (mip.MTI <- 0b1, mip.STI <- 0b0)
mem[X,0x000000008000156C] -> 0x1F13
mem[X,0x000000008000156E] -> 0x00BF
[1372] [M]: 0x000000008000156C (0x00BF1F13) slli x30, x30, 0xb                      inst_181+16
x30 <- 0xFFEAAAAAAAAAA800

mem[X,0x0000000080001570] -> 0x0F13
mem[X,0x0000000080001572] -> 0x2AAF
[1373] [M]: 0x0000000080001570 (0x2AAF0F13) addi x30, x30, 0x2aa                    inst_181+20
x30 <- 0xFFEAAAAAAAAAAAAA

clint mtime 0x00000000000002AF (mip.MTI <- 0b1, mip.STI <- 0b0)
mem[X,0x0000000080001574] -> 0x1F13
mem[X,0x0000000080001576] -> 0x00AF
[1374] [M]: 0x0000000080001574 (0x00AF1F13) slli x30, x30, 0xa                      inst_181+24
x30 <- 0xAAAAAAAAAAAAA800

mem[X,0x0000000080001578] -> 0x0F13
mem[X,0x000000008000157A] -> 0x2AAF
[1375] [M]: 0x0000000080001578 (0x2AAF0F13) addi x30, x30, 0x2aa                    inst_181+28
x30 <- 0xAAAAAAAAAAAAAAAA

clint mtime 0x00000000000002B0 (mip.MTI <- 0b1, mip.STI <- 0b0)
mem[X,0x000000008000157C] -> 0x0E93
mem[X,0x000000008000157E] -> 0xBFF0
[1376] [M]: 0x000000008000157C (0xBFF00E93) addi x29, x0, -0x401                    inst_181+32
x29 <- 0xFFFFFFFFFFFFFBFF

mem[X,0x0000000080001580] -> 0x1FB3
mem[X,0x0000000080001582] -> 0x0BDF
[1377] [M]: 0x0000000080001580 (0x0BDF1FB3) clmul x31, x30, x29                     inst_181+36
x31 <- 0xCCCCCCCCCCCCCE66

clint mtime 0x00000000000002B1 (mip.MTI <- 0b1, mip.STI <- 0b0)
mem[X,0x0000000080001584] -> 0xBC23
mem[X,0x0000000080001586] -> 0x4DF3
[1378] [M]: 0x0000000080001584 (0x4DF3BC23) sd x31, 0x4d8(x7)                       inst_181+40
mem[W,0x00000000800046C0] <- 0xCCCCCCCCCCCCCE66

mem[X,0x0000000080001588] -> 0x5F37
mem[X,0x000000008000158A] -> 0x5555
[1379] [M]: 0x0000000080001588 (0x55555F37) lui x30, 0x55555                        inst_182+0
x30 <- 0x0000000055555000

clint mtime 0x00000000000002B2 (mip.MTI <- 0b1, mip.STI <- 0b0)
mem[X,0x000000008000158C] -> 0x0F13
mem[X,0x000000008000158E] -> 0x555F
[1380] [M]: 0x000000008000158C (0x555F0F13) addi x30, x30, 0x555                    inst_182+4
x30 <- 0x0000000055555555

mem[X,0x0000000080001590] -> 0x1F13
mem[X,0x0000000080001592] -> 0x00BF
[1381] [M]: 0x0000000080001590 (0x00BF1F13) slli x30, x30, 0xb                      inst_182+8
x30 <- 0x000002AAAAAAA800

clint mtime 0x00000000000002B3 (mip.MTI <- 0b1, mip.STI <- 0b0)
mem[X,0x0000000080001594] -> 0x0F13
mem[X,0x0000000080001596] -> 0x2AAF
[1382] [M]: 0x0000000080001594 (0x2AAF0F13) addi x30, x30, 0x2aa                    inst_182+12
x30 <- 0x000002AAAAAAAAAA

mem[X,0x0000000080001598] -> 0x1F13
mem[X,0x000000008000159A] -> 0x00BF
[1383] [M]: 0x0000000080001598 (0x00BF1F13) slli x30, x30, 0xb                      inst_182+16
x30 <- 0x0015555555555000

clint mtime 0x00000000000002B4 (mip.MTI <- 0b1, mip.STI <- 0b0)
mem[X,0x000000008000159C] -> 0x0F13
mem[X,0x000000008000159E] -> 0x555F
[1384] [M]: 0x000000008000159C (0x555F0F13) addi x30, x30, 0x555                    inst_182+20
x30 <- 0x0015555555555555

mem[X,0x00000000800015A0] -> 0x1F13
mem[X,0x00000000800015A2] -> 0x00AF
[1385] [M]: 0x00000000800015A0 (0x00AF1F13) slli x30, x30, 0xa                      inst_182+24
x30 <- 0x5555555555555400

clint mtime 0x00000000000002B5 (mip.MTI <- 0b1, mip.STI <- 0b0)
mem[X,0x00000000800015A4] -> 0x0F13
mem[X,0x00000000800015A6] -> 0x155F
[1386] [M]: 0x00000000800015A4 (0x155F0F13) addi x30, x30, 0x155                    inst_182+28
x30 <- 0x5555555555555555

mem[X,0x00000000800015A8] -> 0x0E93
mem[X,0x00000000800015AA] -> 0xBFF0
[1387] [M]: 0x00000000800015A8 (0xBFF00E93) addi x29, x0, -0x401                    inst_182+32
x29 <- 0xFFFFFFFFFFFFFBFF

clint mtime 0x00000000000002B6 (mip.MTI <- 0b1, mip.STI <- 0b0)
mem[X,0x00000000800015AC] -> 0x1FB3
mem[X,0x00000000800015AE] -> 0x0BDF
[1388] [M]: 0x00000000800015AC (0x0BDF1FB3) clmul x31, x30, x29                     inst_182+36
x31 <- 0x6666666666666733

mem[X,0x00000000800015B0] -> 0xB023
mem[X,0x00000000800015B2] -> 0x4FF3
[1389] [M]: 0x00000000800015B0 (0x4FF3B023) sd x31, 0x4e0(x7)                       inst_182+40
mem[W,0x00000000800046C8] <- 0x6666666666666733

clint mtime 0x00000000000002B7 (mip.MTI <- 0b1, mip.STI <- 0b0)
mem[X,0x00000000800015B4] -> 0x0F13
mem[X,0x00000000800015B6] -> 0x0000
[1390] [M]: 0x00000000800015B4 (0x00000F13) addi x30, x0, 0x0                       inst_183+0
x30 <- 0x0000000000000000

mem[X,0x00000000800015B8] -> 0x0E93
mem[X,0x00000000800015BA] -> 0x0010
[1391] [M]: 0x00000000800015B8 (0x00100E93) addi x29, x0, 0x1                       inst_183+4
x29 <- 0x0000000000000001

clint mtime 0x00000000000002B8 (mip.MTI <- 0b1, mip.STI <- 0b0)
mem[X,0x00000000800015BC] -> 0x9E93
mem[X,0x00000000800015BE] -> 0x00CE
[1392] [M]: 0x00000000800015BC (0x00CE9E93) slli x29, x29, 0xc                      inst_183+8
x29 <- 0x0000000000001000

mem[X,0x00000000800015C0] -> 0x1FB3
mem[X,0x00000000800015C2] -> 0x0BDF
[1393] [M]: 0x00000000800015C0 (0x0BDF1FB3) clmul x31, x30, x29                     inst_183+12
x31 <- 0x0000000000000000

clint mtime 0x00000000000002B9 (mip.MTI <- 0b1, mip.STI <- 0b0)
mem[X,0x00000000800015C4] -> 0xB423
mem[X,0x00000000800015C6] -> 0x4FF3
[1394] [M]: 0x00000000800015C4 (0x4FF3B423) sd x31, 0x4e8(x7)                       inst_183+16
mem[W,0x00000000800046D0] <- 0x0000000000000000

mem[X,0x00000000800015C8] -> 0x0F13
mem[X,0x00000000800015CA] -> 0x0000
[1395] [M]: 0x00000000800015C8 (0x00000F13) addi x30, x0, 0x0                       inst_184+0
x30 <- 0x0000000000000000

clint mtime 0x00000000000002BA (mip.MTI <- 0b1, mip.STI <- 0b0)
mem[X,0x00000000800015CC] -> 0x0E93
mem[X,0x00000000800015CE] -> 0x0010
[1396] [M]: 0x00000000800015CC (0x00100E93) addi x29, x0, 0x1                       inst_184+4
x29 <- 0x0000000000000001

mem[X,0x00000000800015D0] -> 0x1FB3
mem[X,0x00000000800015D2] -> 0x0BDF
[1397] [M]: 0x00000000800015D0 (0x0BDF1FB3) clmul x31, x30, x29                     inst_184+8
x31 <- 0x0000000000000000

clint mtime 0x00000000000002BB (mip.MTI <- 0b1, mip.STI <- 0b0)
mem[X,0x00000000800015D4] -> 0xB823
mem[X,0x00000000800015D6] -> 0x4FF3
[1398] [M]: 0x00000000800015D4 (0x4FF3B823) sd x31, 0x4f0(x7)                       inst_184+12
mem[W,0x00000000800046D8] <- 0x0000000000000000

mem[X,0x00000000800015D8] -> 0x0F13
mem[X,0x00000000800015DA] -> 0x0010
[1399] [M]: 0x00000000800015D8 (0x00100F13) addi x30, x0, 0x1                       inst_185+0
x30 <- 0x0000000000000001

clint mtime 0x00000000000002BC (mip.MTI <- 0b1, mip.STI <- 0b0)
mem[X,0x00000000800015DC] -> 0x0E93
mem[X,0x00000000800015DE] -> 0x0000
[1400] [M]: 0x00000000800015DC (0x00000E93) addi x29, x0, 0x0                       inst_185+4
x29 <- 0x0000000000000000

mem[X,0x00000000800015E0] -> 0x1FB3
mem[X,0x00000000800015E2] -> 0x0BDF
[1401] [M]: 0x00000000800015E0 (0x0BDF1FB3) clmul x31, x30, x29                     inst_185+8
x31 <- 0x0000000000000000

clint mtime 0x00000000000002BD (mip.MTI <- 0b1, mip.STI <- 0b0)
mem[X,0x00000000800015E4] -> 0xBC23
mem[X,0x00000000800015E6] -> 0x4FF3
[1402] [M]: 0x00000000800015E4 (0x4FF3BC23) sd x31, 0x4f8(x7)                       inst_185+12
mem[W,0x00000000800046E0] <- 0x0000000000000000

mem[X,0x00000000800015E8] -> 0x0F13
mem[X,0x00000000800015EA] -> 0x0010
[1403] [M]: 0x00000000800015E8 (0x00100F13) addi x30, x0, 0x1                       inst_186+0
x30 <- 0x0000000000000001

clint mtime 0x00000000000002BE (mip.MTI <- 0b1, mip.STI <- 0b0)
mem[X,0x00000000800015EC] -> 0x0E93
mem[X,0x00000000800015EE] -> 0x0010
[1404] [M]: 0x00000000800015EC (0x00100E93) addi x29, x0, 0x1                       inst_186+4
x29 <- 0x0000000000000001

mem[X,0x00000000800015F0] -> 0x9E93
mem[X,0x00000000800015F2] -> 0x00CE
[1405] [M]: 0x00000000800015F0 (0x00CE9E93) slli x29, x29, 0xc                      inst_186+8
x29 <- 0x0000000000001000

clint mtime 0x00000000000002BF (mip.MTI <- 0b1, mip.STI <- 0b0)
mem[X,0x00000000800015F4] -> 0x1FB3
mem[X,0x00000000800015F6] -> 0x0BDF
[1406] [M]: 0x00000000800015F4 (0x0BDF1FB3) clmul x31, x30, x29                     inst_186+12
x31 <- 0x0000000000001000

mem[X,0x00000000800015F8] -> 0xB023
mem[X,0x00000000800015FA] -> 0x51F3
[1407] [M]: 0x00000000800015F8 (0x51F3B023) sd x31, 0x500(x7)                       inst_186+16
mem[W,0x00000000800046E8] <- 0x0000000000001000

clint mtime 0x00000000000002C0 (mip.MTI <- 0b1, mip.STI <- 0b0)
mem[X,0x00000000800015FC] -> 0x0F13
mem[X,0x00000000800015FE] -> 0x0010
[1408] [M]: 0x00000000800015FC (0x00100F13) addi x30, x0, 0x1                       inst_187+0
x30 <- 0x0000000000000001

mem[X,0x0000000080001600] -> 0x0E93
mem[X,0x0000000080001602] -> 0x0010
[1409] [M]: 0x0000000080001600 (0x00100E93) addi x29, x0, 0x1                       inst_187+4
x29 <- 0x0000000000000001

clint mtime 0x00000000000002C1 (mip.MTI <- 0b1, mip.STI <- 0b0)
mem[X,0x0000000080001604] -> 0x1FB3
mem[X,0x0000000080001606] -> 0x0BDF
[1410] [M]: 0x0000000080001604 (0x0BDF1FB3) clmul x31, x30, x29                     inst_187+8
x31 <- 0x0000000000000001

mem[X,0x0000000080001608] -> 0xB423
mem[X,0x000000008000160A] -> 0x51F3
[1411] [M]: 0x0000000080001608 (0x51F3B423) sd x31, 0x508(x7)                       inst_187+12
mem[W,0x00000000800046F0] <- 0x0000000000000001

clint mtime 0x00000000000002C2 (mip.MTI <- 0b1, mip.STI <- 0b0)
mem[X,0x000000008000160C] -> 0x0F13
mem[X,0x000000008000160E] -> 0xBFF0
[1412] [M]: 0x000000008000160C (0xBFF00F13) addi x30, x0, -0x401                    inst_188+0
x30 <- 0xFFFFFFFFFFFFFBFF

mem[X,0x0000000080001610] -> 0x0E93
mem[X,0x0000000080001612] -> 0x0010
[1413] [M]: 0x0000000080001610 (0x00100E93) addi x29, x0, 0x1                       inst_188+4
x29 <- 0x0000000000000001

clint mtime 0x00000000000002C3 (mip.MTI <- 0b1, mip.STI <- 0b0)
mem[X,0x0000000080001614] -> 0x9E93
mem[X,0x0000000080001616] -> 0x021E
[1414] [M]: 0x0000000080001614 (0x021E9E93) slli x29, x29, 0x21                     inst_188+8
x29 <- 0x0000000200000000

mem[X,0x0000000080001618] -> 0x1FB3
mem[X,0x000000008000161A] -> 0x0BDF
[1415] [M]: 0x0000000080001618 (0x0BDF1FB3) clmul x31, x30, x29                     inst_188+12
x31 <- 0xFFFFF7FE00000000

clint mtime 0x00000000000002C4 (mip.MTI <- 0b1, mip.STI <- 0b0)
mem[X,0x000000008000161C] -> 0xB823
mem[X,0x000000008000161E] -> 0x51F3
[1416] [M]: 0x000000008000161C (0x51F3B823) sd x31, 0x510(x7)                       inst_188+16
mem[W,0x00000000800046F8] <- 0xFFFFF7FE00000000

mem[X,0x0000000080001620] -> 0x0F13
mem[X,0x0000000080001622] -> 0xBFF0
[1417] [M]: 0x0000000080001620 (0xBFF00F13) addi x30, x0, -0x401                    inst_189+0
x30 <- 0xFFFFFFFFFFFFFBFF

clint mtime 0x00000000000002C5 (mip.MTI <- 0b1, mip.STI <- 0b0)
mem[X,0x0000000080001624] -> 0x0E93
mem[X,0x0000000080001626] -> 0x0010
[1418] [M]: 0x0000000080001624 (0x00100E93) addi x29, x0, 0x1                       inst_189+4
x29 <- 0x0000000000000001

mem[X,0x0000000080001628] -> 0x9E93
mem[X,0x000000008000162A] -> 0x020E
[1419] [M]: 0x0000000080001628 (0x020E9E93) slli x29, x29, 0x20                     inst_189+8
x29 <- 0x0000000100000000

clint mtime 0x00000000000002C6 (mip.MTI <- 0b1, mip.STI <- 0b0)
mem[X,0x000000008000162C] -> 0x1FB3
mem[X,0x000000008000162E] -> 0x0BDF
[1420] [M]: 0x000000008000162C (0x0BDF1FB3) clmul x31, x30, x29                     inst_189+12
x31 <- 0xFFFFFBFF00000000

mem[X,0x0000000080001630] -> 0xBC23
mem[X,0x0000000080001632] -> 0x51F3
[1421] [M]: 0x0000000080001630 (0x51F3BC23) sd x31, 0x518(x7)                       inst_189+16
mem[W,0x0000000080004700] <- 0xFFFFFBFF00000000

clint mtime 0x00000000000002C7 (mip.MTI <- 0b1, mip.STI <- 0b0)
mem[X,0x0000000080001634] -> 0x0F13
mem[X,0x0000000080001636] -> 0xBFF0
[1422] [M]: 0x0000000080001634 (0xBFF00F13) addi x30, x0, -0x401                    inst_190+0
x30 <- 0xFFFFFFFFFFFFFBFF

mem[X,0x0000000080001638] -> 0x0E93
mem[X,0x000000008000163A] -> 0x0010
[1423] [M]: 0x0000000080001638 (0x00100E93) addi x29, x0, 0x1                       inst_190+4
x29 <- 0x0000000000000001

clint mtime 0x00000000000002C8 (mip.MTI <- 0b1, mip.STI <- 0b0)
mem[X,0x000000008000163C] -> 0x9E93
mem[X,0x000000008000163E] -> 0x01FE
[1424] [M]: 0x000000008000163C (0x01FE9E93) slli x29, x29, 0x1f                     inst_190+8
x29 <- 0x0000000080000000

mem[X,0x0000000080001640] -> 0x1FB3
mem[X,0x0000000080001642] -> 0x0BDF
[1425] [M]: 0x0000000080001640 (0x0BDF1FB3) clmul x31, x30, x29                     inst_190+12
x31 <- 0xFFFFFDFF80000000

clint mtime 0x00000000000002C9 (mip.MTI <- 0b1, mip.STI <- 0b0)
mem[X,0x0000000080001644] -> 0xB023
mem[X,0x0000000080001646] -> 0x53F3
[1426] [M]: 0x0000000080001644 (0x53F3B023) sd x31, 0x520(x7)                       inst_190+16
mem[W,0x0000000080004708] <- 0xFFFFFDFF80000000

mem[X,0x0000000080001648] -> 0x0F13
mem[X,0x000000008000164A] -> 0xBFF0
[1427] [M]: 0x0000000080001648 (0xBFF00F13) addi x30, x0, -0x401                    inst_191+0
x30 <- 0xFFFFFFFFFFFFFBFF

clint mtime 0x00000000000002CA (mip.MTI <- 0b1, mip.STI <- 0b0)
mem[X,0x000000008000164C] -> 0x0E93
mem[X,0x000000008000164E] -> 0x0010
[1428] [M]: 0x000000008000164C (0x00100E93) addi x29, x0, 0x1                       inst_191+4
x29 <- 0x0000000000000001

mem[X,0x0000000080001650] -> 0x9E93
mem[X,0x0000000080001652] -> 0x01EE
[1429] [M]: 0x0000000080001650 (0x01EE9E93) slli x29, x29, 0x1e                     inst_191+8
x29 <- 0x0000000040000000

clint mtime 0x00000000000002CB (mip.MTI <- 0b1, mip.STI <- 0b0)
mem[X,0x0000000080001654] -> 0x1FB3
mem[X,0x0000000080001656] -> 0x0BDF
[1430] [M]: 0x0000000080001654 (0x0BDF1FB3) clmul x31, x30, x29                     inst_191+12
x31 <- 0xFFFFFEFFC0000000

mem[X,0x0000000080001658] -> 0xB423
mem[X,0x000000008000165A] -> 0x53F3
[1431] [M]: 0x0000000080001658 (0x53F3B423) sd x31, 0x528(x7)                       inst_191+16
mem[W,0x0000000080004710] <- 0xFFFFFEFFC0000000

clint mtime 0x00000000000002CC (mip.MTI <- 0b1, mip.STI <- 0b0)
mem[X,0x000000008000165C] -> 0x0F13
mem[X,0x000000008000165E] -> 0xBFF0
[1432] [M]: 0x000000008000165C (0xBFF00F13) addi x30, x0, -0x401                    inst_192+0
x30 <- 0xFFFFFFFFFFFFFBFF

mem[X,0x0000000080001660] -> 0x0E93
mem[X,0x0000000080001662] -> 0x0010
[1433] [M]: 0x0000000080001660 (0x00100E93) addi x29, x0, 0x1                       inst_192+4
x29 <- 0x0000000000000001

clint mtime 0x00000000000002CD (mip.MTI <- 0b1, mip.STI <- 0b0)
mem[X,0x0000000080001664] -> 0x9E93
mem[X,0x0000000080001666] -> 0x01DE
[1434] [M]: 0x0000000080001664 (0x01DE9E93) slli x29, x29, 0x1d                     inst_192+8
x29 <- 0x0000000020000000

mem[X,0x0000000080001668] -> 0x1FB3
mem[X,0x000000008000166A] -> 0x0BDF
[1435] [M]: 0x0000000080001668 (0x0BDF1FB3) clmul x31, x30, x29                     inst_192+12
x31 <- 0xFFFFFF7FE0000000

clint mtime 0x00000000000002CE (mip.MTI <- 0b1, mip.STI <- 0b0)
mem[X,0x000000008000166C] -> 0xB823
mem[X,0x000000008000166E] -> 0x53F3
[1436] [M]: 0x000000008000166C (0x53F3B823) sd x31, 0x530(x7)                       inst_192+16
mem[W,0x0000000080004718] <- 0xFFFFFF7FE0000000

mem[X,0x0000000080001670] -> 0x0F13
mem[X,0x0000000080001672] -> 0xBFF0
[1437] [M]: 0x0000000080001670 (0xBFF00F13) addi x30, x0, -0x401                    inst_193+0
x30 <- 0xFFFFFFFFFFFFFBFF

clint mtime 0x00000000000002CF (mip.MTI <- 0b1, mip.STI <- 0b0)
mem[X,0x0000000080001674] -> 0x0E93
mem[X,0x0000000080001676] -> 0x0010
[1438] [M]: 0x0000000080001674 (0x00100E93) addi x29, x0, 0x1                       inst_193+4
x29 <- 0x0000000000000001

mem[X,0x0000000080001678] -> 0x9E93
mem[X,0x000000008000167A] -> 0x01CE
[1439] [M]: 0x0000000080001678 (0x01CE9E93) slli x29, x29, 0x1c                     inst_193+8
x29 <- 0x0000000010000000

clint mtime 0x00000000000002D0 (mip.MTI <- 0b1, mip.STI <- 0b0)
mem[X,0x000000008000167C] -> 0x1FB3
mem[X,0x000000008000167E] -> 0x0BDF
[1440] [M]: 0x000000008000167C (0x0BDF1FB3) clmul x31, x30, x29                     inst_193+12
x31 <- 0xFFFFFFBFF0000000

mem[X,0x0000000080001680] -> 0xBC23
mem[X,0x0000000080001682] -> 0x53F3
[1441] [M]: 0x0000000080001680 (0x53F3BC23) sd x31, 0x538(x7)                       inst_193+16
mem[W,0x0000000080004720] <- 0xFFFFFFBFF0000000

clint mtime 0x00000000000002D1 (mip.MTI <- 0b1, mip.STI <- 0b0)
mem[X,0x0000000080001684] -> 0x0F13
mem[X,0x0000000080001686] -> 0xBFF0
[1442] [M]: 0x0000000080001684 (0xBFF00F13) addi x30, x0, -0x401                    inst_194+0
x30 <- 0xFFFFFFFFFFFFFBFF

mem[X,0x0000000080001688] -> 0x0E93
mem[X,0x000000008000168A] -> 0x0010
[1443] [M]: 0x0000000080001688 (0x00100E93) addi x29, x0, 0x1                       inst_194+4
x29 <- 0x0000000000000001

clint mtime 0x00000000000002D2 (mip.MTI <- 0b1, mip.STI <- 0b0)
mem[X,0x000000008000168C] -> 0x9E93
mem[X,0x000000008000168E] -> 0x01BE
[1444] [M]: 0x000000008000168C (0x01BE9E93) slli x29, x29, 0x1b                     inst_194+8
x29 <- 0x0000000008000000

mem[X,0x0000000080001690] -> 0x1FB3
mem[X,0x0000000080001692] -> 0x0BDF
[1445] [M]: 0x0000000080001690 (0x0BDF1FB3) clmul x31, x30, x29                     inst_194+12
x31 <- 0xFFFFFFDFF8000000

clint mtime 0x00000000000002D3 (mip.MTI <- 0b1, mip.STI <- 0b0)
mem[X,0x0000000080001694] -> 0xB023
mem[X,0x0000000080001696] -> 0x55F3
[1446] [M]: 0x0000000080001694 (0x55F3B023) sd x31, 0x540(x7)                       inst_194+16
mem[W,0x0000000080004728] <- 0xFFFFFFDFF8000000

mem[X,0x0000000080001698] -> 0x0F13
mem[X,0x000000008000169A] -> 0xBFF0
[1447] [M]: 0x0000000080001698 (0xBFF00F13) addi x30, x0, -0x401                    inst_195+0
x30 <- 0xFFFFFFFFFFFFFBFF

clint mtime 0x00000000000002D4 (mip.MTI <- 0b1, mip.STI <- 0b0)
mem[X,0x000000008000169C] -> 0x0E93
mem[X,0x000000008000169E] -> 0x0010
[1448] [M]: 0x000000008000169C (0x00100E93) addi x29, x0, 0x1                       inst_195+4
x29 <- 0x0000000000000001

mem[X,0x00000000800016A0] -> 0x9E93
mem[X,0x00000000800016A2] -> 0x01AE
[1449] [M]: 0x00000000800016A0 (0x01AE9E93) slli x29, x29, 0x1a                     inst_195+8
x29 <- 0x0000000004000000

clint mtime 0x00000000000002D5 (mip.MTI <- 0b1, mip.STI <- 0b0)
mem[X,0x00000000800016A4] -> 0x1FB3
mem[X,0x00000000800016A6] -> 0x0BDF
[1450] [M]: 0x00000000800016A4 (0x0BDF1FB3) clmul x31, x30, x29                     inst_195+12
x31 <- 0xFFFFFFEFFC000000

mem[X,0x00000000800016A8] -> 0xB423
mem[X,0x00000000800016AA] -> 0x55F3
[1451] [M]: 0x00000000800016A8 (0x55F3B423) sd x31, 0x548(x7)                       inst_195+16
mem[W,0x0000000080004730] <- 0xFFFFFFEFFC000000

clint mtime 0x00000000000002D6 (mip.MTI <- 0b1, mip.STI <- 0b0)
mem[X,0x00000000800016AC] -> 0x0F13
mem[X,0x00000000800016AE] -> 0xBFF0
[1452] [M]: 0x00000000800016AC (0xBFF00F13) addi x30, x0, -0x401                    inst_196+0
x30 <- 0xFFFFFFFFFFFFFBFF

mem[X,0x00000000800016B0] -> 0x0E93
mem[X,0x00000000800016B2] -> 0x0010
[1453] [M]: 0x00000000800016B0 (0x00100E93) addi x29, x0, 0x1                       inst_196+4
x29 <- 0x0000000000000001

clint mtime 0x00000000000002D7 (mip.MTI <- 0b1, mip.STI <- 0b0)
mem[X,0x00000000800016B4] -> 0x9E93
mem[X,0x00000000800016B6] -> 0x019E
[1454] [M]: 0x00000000800016B4 (0x019E9E93) slli x29, x29, 0x19                     inst_196+8
x29 <- 0x0000000002000000

mem[X,0x00000000800016B8] -> 0x1FB3
mem[X,0x00000000800016BA] -> 0x0BDF
[1455] [M]: 0x00000000800016B8 (0x0BDF1FB3) clmul x31, x30, x29                     inst_196+12
x31 <- 0xFFFFFFF7FE000000

clint mtime 0x00000000000002D8 (mip.MTI <- 0b1, mip.STI <- 0b0)
mem[X,0x00000000800016BC] -> 0xB823
mem[X,0x00000000800016BE] -> 0x55F3
[1456] [M]: 0x00000000800016BC (0x55F3B823) sd x31, 0x550(x7)                       inst_196+16
mem[W,0x0000000080004738] <- 0xFFFFFFF7FE000000

mem[X,0x00000000800016C0] -> 0x0F13
mem[X,0x00000000800016C2] -> 0xBFF0
[1457] [M]: 0x00000000800016C0 (0xBFF00F13) addi x30, x0, -0x401                    inst_197+0
x30 <- 0xFFFFFFFFFFFFFBFF

clint mtime 0x00000000000002D9 (mip.MTI <- 0b1, mip.STI <- 0b0)
mem[X,0x00000000800016C4] -> 0x0E93
mem[X,0x00000000800016C6] -> 0x0010
[1458] [M]: 0x00000000800016C4 (0x00100E93) addi x29, x0, 0x1                       inst_197+4
x29 <- 0x0000000000000001

mem[X,0x00000000800016C8] -> 0x9E93
mem[X,0x00000000800016CA] -> 0x018E
[1459] [M]: 0x00000000800016C8 (0x018E9E93) slli x29, x29, 0x18                     inst_197+8
x29 <- 0x0000000001000000

clint mtime 0x00000000000002DA (mip.MTI <- 0b1, mip.STI <- 0b0)
mem[X,0x00000000800016CC] -> 0x1FB3
mem[X,0x00000000800016CE] -> 0x0BDF
[1460] [M]: 0x00000000800016CC (0x0BDF1FB3) clmul x31, x30, x29                     inst_197+12
x31 <- 0xFFFFFFFBFF000000

mem[X,0x00000000800016D0] -> 0xBC23
mem[X,0x00000000800016D2] -> 0x55F3
[1461] [M]: 0x00000000800016D0 (0x55F3BC23) sd x31, 0x558(x7)                       inst_197+16
mem[W,0x0000000080004740] <- 0xFFFFFFFBFF000000

clint mtime 0x00000000000002DB (mip.MTI <- 0b1, mip.STI <- 0b0)
mem[X,0x00000000800016D4] -> 0x0F13
mem[X,0x00000000800016D6] -> 0xBFF0
[1462] [M]: 0x00000000800016D4 (0xBFF00F13) addi x30, x0, -0x401                    inst_198+0
x30 <- 0xFFFFFFFFFFFFFBFF

mem[X,0x00000000800016D8] -> 0x0E93
mem[X,0x00000000800016DA] -> 0x0010
[1463] [M]: 0x00000000800016D8 (0x00100E93) addi x29, x0, 0x1                       inst_198+4
x29 <- 0x0000000000000001

clint mtime 0x00000000000002DC (mip.MTI <- 0b1, mip.STI <- 0b0)
mem[X,0x00000000800016DC] -> 0x9E93
mem[X,0x00000000800016DE] -> 0x017E
[1464] [M]: 0x00000000800016DC (0x017E9E93) slli x29, x29, 0x17                     inst_198+8
x29 <- 0x0000000000800000

mem[X,0x00000000800016E0] -> 0x1FB3
mem[X,0x00000000800016E2] -> 0x0BDF
[1465] [M]: 0x00000000800016E0 (0x0BDF1FB3) clmul x31, x30, x29                     inst_198+12
x31 <- 0xFFFFFFFDFF800000

clint mtime 0x00000000000002DD (mip.MTI <- 0b1, mip.STI <- 0b0)
mem[X,0x00000000800016E4] -> 0xB023
mem[X,0x00000000800016E6] -> 0x57F3
[1466] [M]: 0x00000000800016E4 (0x57F3B023) sd x31, 0x560(x7)                       inst_198+16
mem[W,0x0000000080004748] <- 0xFFFFFFFDFF800000

mem[X,0x00000000800016E8] -> 0x0F13
mem[X,0x00000000800016EA] -> 0xBFF0
[1467] [M]: 0x00000000800016E8 (0xBFF00F13) addi x30, x0, -0x401                    inst_199+0
x30 <- 0xFFFFFFFFFFFFFBFF

clint mtime 0x00000000000002DE (mip.MTI <- 0b1, mip.STI <- 0b0)
mem[X,0x00000000800016EC] -> 0x0E93
mem[X,0x00000000800016EE] -> 0x0010
[1468] [M]: 0x00000000800016EC (0x00100E93) addi x29, x0, 0x1                       inst_199+4
x29 <- 0x0000000000000001

mem[X,0x00000000800016F0] -> 0x9E93
mem[X,0x00000000800016F2] -> 0x016E
[1469] [M]: 0x00000000800016F0 (0x016E9E93) slli x29, x29, 0x16                     inst_199+8
x29 <- 0x0000000000400000

clint mtime 0x00000000000002DF (mip.MTI <- 0b1, mip.STI <- 0b0)
mem[X,0x00000000800016F4] -> 0x1FB3
mem[X,0x00000000800016F6] -> 0x0BDF
[1470] [M]: 0x00000000800016F4 (0x0BDF1FB3) clmul x31, x30, x29                     inst_199+12
x31 <- 0xFFFFFFFEFFC00000

mem[X,0x00000000800016F8] -> 0xB423
mem[X,0x00000000800016FA] -> 0x57F3
[1471] [M]: 0x00000000800016F8 (0x57F3B423) sd x31, 0x568(x7)                       inst_199+16
mem[W,0x0000000080004750] <- 0xFFFFFFFEFFC00000

clint mtime 0x00000000000002E0 (mip.MTI <- 0b1, mip.STI <- 0b0)
mem[X,0x00000000800016FC] -> 0x0F13
mem[X,0x00000000800016FE] -> 0xBFF0
[1472] [M]: 0x00000000800016FC (0xBFF00F13) addi x30, x0, -0x401                    inst_200+0
x30 <- 0xFFFFFFFFFFFFFBFF

mem[X,0x0000000080001700] -> 0x0E93
mem[X,0x0000000080001702] -> 0x0010
[1473] [M]: 0x0000000080001700 (0x00100E93) addi x29, x0, 0x1                       inst_200+4
x29 <- 0x0000000000000001

clint mtime 0x00000000000002E1 (mip.MTI <- 0b1, mip.STI <- 0b0)
mem[X,0x0000000080001704] -> 0x9E93
mem[X,0x0000000080001706] -> 0x015E
[1474] [M]: 0x0000000080001704 (0x015E9E93) slli x29, x29, 0x15                     inst_200+8
x29 <- 0x0000000000200000

mem[X,0x0000000080001708] -> 0x1FB3
mem[X,0x000000008000170A] -> 0x0BDF
[1475] [M]: 0x0000000080001708 (0x0BDF1FB3) clmul x31, x30, x29                     inst_200+12
x31 <- 0xFFFFFFFF7FE00000

clint mtime 0x00000000000002E2 (mip.MTI <- 0b1, mip.STI <- 0b0)
mem[X,0x000000008000170C] -> 0xB823
mem[X,0x000000008000170E] -> 0x57F3
[1476] [M]: 0x000000008000170C (0x57F3B823) sd x31, 0x570(x7)                       inst_200+16
mem[W,0x0000000080004758] <- 0xFFFFFFFF7FE00000

mem[X,0x0000000080001710] -> 0x0F13
mem[X,0x0000000080001712] -> 0xBFF0
[1477] [M]: 0x0000000080001710 (0xBFF00F13) addi x30, x0, -0x401                    inst_201+0
x30 <- 0xFFFFFFFFFFFFFBFF

clint mtime 0x00000000000002E3 (mip.MTI <- 0b1, mip.STI <- 0b0)
mem[X,0x0000000080001714] -> 0x0E93
mem[X,0x0000000080001716] -> 0x0010
[1478] [M]: 0x0000000080001714 (0x00100E93) addi x29, x0, 0x1                       inst_201+4
x29 <- 0x0000000000000001

mem[X,0x0000000080001718] -> 0x9E93
mem[X,0x000000008000171A] -> 0x014E
[1479] [M]: 0x0000000080001718 (0x014E9E93) slli x29, x29, 0x14                     inst_201+8
x29 <- 0x0000000000100000

clint mtime 0x00000000000002E4 (mip.MTI <- 0b1, mip.STI <- 0b0)
mem[X,0x000000008000171C] -> 0x1FB3
mem[X,0x000000008000171E] -> 0x0BDF
[1480] [M]: 0x000000008000171C (0x0BDF1FB3) clmul x31, x30, x29                     inst_201+12
x31 <- 0xFFFFFFFFBFF00000

mem[X,0x0000000080001720] -> 0xBC23
mem[X,0x0000000080001722] -> 0x57F3
[1481] [M]: 0x0000000080001720 (0x57F3BC23) sd x31, 0x578(x7)                       inst_201+16
mem[W,0x0000000080004760] <- 0xFFFFFFFFBFF00000

clint mtime 0x00000000000002E5 (mip.MTI <- 0b1, mip.STI <- 0b0)
mem[X,0x0000000080001724] -> 0x0F13
mem[X,0x0000000080001726] -> 0xBFF0
[1482] [M]: 0x0000000080001724 (0xBFF00F13) addi x30, x0, -0x401                    inst_202+0
x30 <- 0xFFFFFFFFFFFFFBFF

mem[X,0x0000000080001728] -> 0x0E93
mem[X,0x000000008000172A] -> 0x0010
[1483] [M]: 0x0000000080001728 (0x00100E93) addi x29, x0, 0x1                       inst_202+4
x29 <- 0x0000000000000001

clint mtime 0x00000000000002E6 (mip.MTI <- 0b1, mip.STI <- 0b0)
mem[X,0x000000008000172C] -> 0x9E93
mem[X,0x000000008000172E] -> 0x013E
[1484] [M]: 0x000000008000172C (0x013E9E93) slli x29, x29, 0x13                     inst_202+8
x29 <- 0x0000000000080000

mem[X,0x0000000080001730] -> 0x1FB3
mem[X,0x0000000080001732] -> 0x0BDF
[1485] [M]: 0x0000000080001730 (0x0BDF1FB3) clmul x31, x30, x29                     inst_202+12
x31 <- 0xFFFFFFFFDFF80000

clint mtime 0x00000000000002E7 (mip.MTI <- 0b1, mip.STI <- 0b0)
mem[X,0x0000000080001734] -> 0xB023
mem[X,0x0000000080001736] -> 0x59F3
[1486] [M]: 0x0000000080001734 (0x59F3B023) sd x31, 0x580(x7)                       inst_202+16
mem[W,0x0000000080004768] <- 0xFFFFFFFFDFF80000

mem[X,0x0000000080001738] -> 0x0F13
mem[X,0x000000008000173A] -> 0xBFF0
[1487] [M]: 0x0000000080001738 (0xBFF00F13) addi x30, x0, -0x401                    inst_203+0
x30 <- 0xFFFFFFFFFFFFFBFF

clint mtime 0x00000000000002E8 (mip.MTI <- 0b1, mip.STI <- 0b0)
mem[X,0x000000008000173C] -> 0x0E93
mem[X,0x000000008000173E] -> 0x0010
[1488] [M]: 0x000000008000173C (0x00100E93) addi x29, x0, 0x1                       inst_203+4
x29 <- 0x0000000000000001

mem[X,0x0000000080001740] -> 0x9E93
mem[X,0x0000000080001742] -> 0x012E
[1489] [M]: 0x0000000080001740 (0x012E9E93) slli x29, x29, 0x12                     inst_203+8
x29 <- 0x0000000000040000

clint mtime 0x00000000000002E9 (mip.MTI <- 0b1, mip.STI <- 0b0)
mem[X,0x0000000080001744] -> 0x1FB3
mem[X,0x0000000080001746] -> 0x0BDF
[1490] [M]: 0x0000000080001744 (0x0BDF1FB3) clmul x31, x30, x29                     inst_203+12
x31 <- 0xFFFFFFFFEFFC0000

mem[X,0x0000000080001748] -> 0xB423
mem[X,0x000000008000174A] -> 0x59F3
[1491] [M]: 0x0000000080001748 (0x59F3B423) sd x31, 0x588(x7)                       inst_203+16
mem[W,0x0000000080004770] <- 0xFFFFFFFFEFFC0000

clint mtime 0x00000000000002EA (mip.MTI <- 0b1, mip.STI <- 0b0)
mem[X,0x000000008000174C] -> 0x0F13
mem[X,0x000000008000174E] -> 0xBFF0
[1492] [M]: 0x000000008000174C (0xBFF00F13) addi x30, x0, -0x401                    inst_204+0
x30 <- 0xFFFFFFFFFFFFFBFF

mem[X,0x0000000080001750] -> 0x0E93
mem[X,0x0000000080001752] -> 0x0010
[1493] [M]: 0x0000000080001750 (0x00100E93) addi x29, x0, 0x1                       inst_204+4
x29 <- 0x0000000000000001

clint mtime 0x00000000000002EB (mip.MTI <- 0b1, mip.STI <- 0b0)
mem[X,0x0000000080001754] -> 0x9E93
mem[X,0x0000000080001756] -> 0x011E
[1494] [M]: 0x0000000080001754 (0x011E9E93) slli x29, x29, 0x11                     inst_204+8
x29 <- 0x0000000000020000

mem[X,0x0000000080001758] -> 0x1FB3
mem[X,0x000000008000175A] -> 0x0BDF
[1495] [M]: 0x0000000080001758 (0x0BDF1FB3) clmul x31, x30, x29                     inst_204+12
x31 <- 0xFFFFFFFFF7FE0000

clint mtime 0x00000000000002EC (mip.MTI <- 0b1, mip.STI <- 0b0)
mem[X,0x000000008000175C] -> 0xB823
mem[X,0x000000008000175E] -> 0x59F3
[1496] [M]: 0x000000008000175C (0x59F3B823) sd x31, 0x590(x7)                       inst_204+16
mem[W,0x0000000080004778] <- 0xFFFFFFFFF7FE0000

mem[X,0x0000000080001760] -> 0x0F13
mem[X,0x0000000080001762] -> 0xBFF0
[1497] [M]: 0x0000000080001760 (0xBFF00F13) addi x30, x0, -0x401                    inst_205+0
x30 <- 0xFFFFFFFFFFFFFBFF

clint mtime 0x00000000000002ED (mip.MTI <- 0b1, mip.STI <- 0b0)
mem[X,0x0000000080001764] -> 0x0E93
mem[X,0x0000000080001766] -> 0x0010
[1498] [M]: 0x0000000080001764 (0x00100E93) addi x29, x0, 0x1                       inst_205+4
x29 <- 0x0000000000000001

mem[X,0x0000000080001768] -> 0x9E93
mem[X,0x000000008000176A] -> 0x010E
[1499] [M]: 0x0000000080001768 (0x010E9E93) slli x29, x29, 0x10                     inst_205+8
x29 <- 0x0000000000010000

clint mtime 0x00000000000002EE (mip.MTI <- 0b1, mip.STI <- 0b0)
mem[X,0x000000008000176C] -> 0x1FB3
mem[X,0x000000008000176E] -> 0x0BDF
[1500] [M]: 0x000000008000176C (0x0BDF1FB3) clmul x31, x30, x29                     inst_205+12
x31 <- 0xFFFFFFFFFBFF0000

mem[X,0x0000000080001770] -> 0xBC23
mem[X,0x0000000080001772] -> 0x59F3
[1501] [M]: 0x0000000080001770 (0x59F3BC23) sd x31, 0x598(x7)                       inst_205+16
mem[W,0x0000000080004780] <- 0xFFFFFFFFFBFF0000

clint mtime 0x00000000000002EF (mip.MTI <- 0b1, mip.STI <- 0b0)
mem[X,0x0000000080001774] -> 0x0F13
mem[X,0x0000000080001776] -> 0xBFF0
[1502] [M]: 0x0000000080001774 (0xBFF00F13) addi x30, x0, -0x401                    inst_206+0
x30 <- 0xFFFFFFFFFFFFFBFF

mem[X,0x0000000080001778] -> 0x0E93
mem[X,0x000000008000177A] -> 0x0010
[1503] [M]: 0x0000000080001778 (0x00100E93) addi x29, x0, 0x1                       inst_206+4
x29 <- 0x0000000000000001

clint mtime 0x00000000000002F0 (mip.MTI <- 0b1, mip.STI <- 0b0)
mem[X,0x000000008000177C] -> 0x9E93
mem[X,0x000000008000177E] -> 0x00FE
[1504] [M]: 0x000000008000177C (0x00FE9E93) slli x29, x29, 0xf                      inst_206+8
x29 <- 0x0000000000008000

mem[X,0x0000000080001780] -> 0x1FB3
mem[X,0x0000000080001782] -> 0x0BDF
[1505] [M]: 0x0000000080001780 (0x0BDF1FB3) clmul x31, x30, x29                     inst_206+12
x31 <- 0xFFFFFFFFFDFF8000

clint mtime 0x00000000000002F1 (mip.MTI <- 0b1, mip.STI <- 0b0)
mem[X,0x0000000080001784] -> 0xB023
mem[X,0x0000000080001786] -> 0x5BF3
[1506] [M]: 0x0000000080001784 (0x5BF3B023) sd x31, 0x5a0(x7)                       inst_206+16
mem[W,0x0000000080004788] <- 0xFFFFFFFFFDFF8000

mem[X,0x0000000080001788] -> 0x0F13
mem[X,0x000000008000178A] -> 0xBFF0
[1507] [M]: 0x0000000080001788 (0xBFF00F13) addi x30, x0, -0x401                    inst_207+0
x30 <- 0xFFFFFFFFFFFFFBFF

clint mtime 0x00000000000002F2 (mip.MTI <- 0b1, mip.STI <- 0b0)
mem[X,0x000000008000178C] -> 0x0E93
mem[X,0x000000008000178E] -> 0x0010
[1508] [M]: 0x000000008000178C (0x00100E93) addi x29, x0, 0x1                       inst_207+4
x29 <- 0x0000000000000001

mem[X,0x0000000080001790] -> 0x9E93
mem[X,0x0000000080001792] -> 0x00EE
[1509] [M]: 0x0000000080001790 (0x00EE9E93) slli x29, x29, 0xe                      inst_207+8
x29 <- 0x0000000000004000

clint mtime 0x00000000000002F3 (mip.MTI <- 0b1, mip.STI <- 0b0)
mem[X,0x0000000080001794] -> 0x1FB3
mem[X,0x0000000080001796] -> 0x0BDF
[1510] [M]: 0x0000000080001794 (0x0BDF1FB3) clmul x31, x30, x29                     inst_207+12
x31 <- 0xFFFFFFFFFEFFC000

mem[X,0x0000000080001798] -> 0xB423
mem[X,0x000000008000179A] -> 0x5BF3
[1511] [M]: 0x0000000080001798 (0x5BF3B423) sd x31, 0x5a8(x7)                       inst_207+16
mem[W,0x0000000080004790] <- 0xFFFFFFFFFEFFC000

clint mtime 0x00000000000002F4 (mip.MTI <- 0b1, mip.STI <- 0b0)
mem[X,0x000000008000179C] -> 0x0F13
mem[X,0x000000008000179E] -> 0xBFF0
[1512] [M]: 0x000000008000179C (0xBFF00F13) addi x30, x0, -0x401                    inst_208+0
x30 <- 0xFFFFFFFFFFFFFBFF

mem[X,0x00000000800017A0] -> 0x0E93
mem[X,0x00000000800017A2] -> 0x0010
[1513] [M]: 0x00000000800017A0 (0x00100E93) addi x29, x0, 0x1                       inst_208+4
x29 <- 0x0000000000000001

clint mtime 0x00000000000002F5 (mip.MTI <- 0b1, mip.STI <- 0b0)
mem[X,0x00000000800017A4] -> 0x9E93
mem[X,0x00000000800017A6] -> 0x00DE
[1514] [M]: 0x00000000800017A4 (0x00DE9E93) slli x29, x29, 0xd                      inst_208+8
x29 <- 0x0000000000002000

mem[X,0x00000000800017A8] -> 0x1FB3
mem[X,0x00000000800017AA] -> 0x0BDF
[1515] [M]: 0x00000000800017A8 (0x0BDF1FB3) clmul x31, x30, x29                     inst_208+12
x31 <- 0xFFFFFFFFFF7FE000

clint mtime 0x00000000000002F6 (mip.MTI <- 0b1, mip.STI <- 0b0)
mem[X,0x00000000800017AC] -> 0xB823
mem[X,0x00000000800017AE] -> 0x5BF3
[1516] [M]: 0x00000000800017AC (0x5BF3B823) sd x31, 0x5b0(x7)                       inst_208+16
mem[W,0x0000000080004798] <- 0xFFFFFFFFFF7FE000

mem[X,0x00000000800017B0] -> 0x0F13
mem[X,0x00000000800017B2] -> 0xBFF0
[1517] [M]: 0x00000000800017B0 (0xBFF00F13) addi x30, x0, -0x401                    inst_209+0
x30 <- 0xFFFFFFFFFFFFFBFF

clint mtime 0x00000000000002F7 (mip.MTI <- 0b1, mip.STI <- 0b0)
mem[X,0x00000000800017B4] -> 0x0E93
mem[X,0x00000000800017B6] -> 0x0010
[1518] [M]: 0x00000000800017B4 (0x00100E93) addi x29, x0, 0x1                       inst_209+4
x29 <- 0x0000000000000001

mem[X,0x00000000800017B8] -> 0x9E93
mem[X,0x00000000800017BA] -> 0x00BE
[1519] [M]: 0x00000000800017B8 (0x00BE9E93) slli x29, x29, 0xb                      inst_209+8
x29 <- 0x0000000000000800

clint mtime 0x00000000000002F8 (mip.MTI <- 0b1, mip.STI <- 0b0)
mem[X,0x00000000800017BC] -> 0x1FB3
mem[X,0x00000000800017BE] -> 0x0BDF
[1520] [M]: 0x00000000800017BC (0x0BDF1FB3) clmul x31, x30, x29                     inst_209+12
x31 <- 0xFFFFFFFFFFDFF800

mem[X,0x00000000800017C0] -> 0xBC23
mem[X,0x00000000800017C2] -> 0x5BF3
[1521] [M]: 0x00000000800017C0 (0x5BF3BC23) sd x31, 0x5b8(x7)                       inst_209+16
mem[W,0x00000000800047A0] <- 0xFFFFFFFFFFDFF800

clint mtime 0x00000000000002F9 (mip.MTI <- 0b1, mip.STI <- 0b0)
mem[X,0x00000000800017C4] -> 0x0F13
mem[X,0x00000000800017C6] -> 0xBFF0
[1522] [M]: 0x00000000800017C4 (0xBFF00F13) addi x30, x0, -0x401                    inst_210+0
x30 <- 0xFFFFFFFFFFFFFBFF

mem[X,0x00000000800017C8] -> 0x0E93
mem[X,0x00000000800017CA] -> 0x4000
[1523] [M]: 0x00000000800017C8 (0x40000E93) addi x29, x0, 0x400                     inst_210+4
x29 <- 0x0000000000000400

clint mtime 0x00000000000002FA (mip.MTI <- 0b1, mip.STI <- 0b0)
mem[X,0x00000000800017CC] -> 0x1FB3
mem[X,0x00000000800017CE] -> 0x0BDF
[1524] [M]: 0x00000000800017CC (0x0BDF1FB3) clmul x31, x30, x29                     inst_210+8
x31 <- 0xFFFFFFFFFFEFFC00

mem[X,0x00000000800017D0] -> 0xB023
mem[X,0x00000000800017D2] -> 0x5DF3
[1525] [M]: 0x00000000800017D0 (0x5DF3B023) sd x31, 0x5c0(x7)                       inst_210+12
mem[W,0x00000000800047A8] <- 0xFFFFFFFFFFEFFC00

clint mtime 0x00000000000002FB (mip.MTI <- 0b1, mip.STI <- 0b0)
mem[X,0x00000000800017D4] -> 0x0F13
mem[X,0x00000000800017D6] -> 0xBFF0
[1526] [M]: 0x00000000800017D4 (0xBFF00F13) addi x30, x0, -0x401                    inst_211+0
x30 <- 0xFFFFFFFFFFFFFBFF

mem[X,0x00000000800017D8] -> 0x0E93
mem[X,0x00000000800017DA] -> 0x2000
[1527] [M]: 0x00000000800017D8 (0x20000E93) addi x29, x0, 0x200                     inst_211+4
x29 <- 0x0000000000000200

clint mtime 0x00000000000002FC (mip.MTI <- 0b1, mip.STI <- 0b0)
mem[X,0x00000000800017DC] -> 0x1FB3
mem[X,0x00000000800017DE] -> 0x0BDF
[1528] [M]: 0x00000000800017DC (0x0BDF1FB3) clmul x31, x30, x29                     inst_211+8
x31 <- 0xFFFFFFFFFFF7FE00

mem[X,0x00000000800017E0] -> 0xB423
mem[X,0x00000000800017E2] -> 0x5DF3
[1529] [M]: 0x00000000800017E0 (0x5DF3B423) sd x31, 0x5c8(x7)                       inst_211+12
mem[W,0x00000000800047B0] <- 0xFFFFFFFFFFF7FE00

clint mtime 0x00000000000002FD (mip.MTI <- 0b1, mip.STI <- 0b0)
mem[X,0x00000000800017E4] -> 0x0F13
mem[X,0x00000000800017E6] -> 0xBFF0
[1530] [M]: 0x00000000800017E4 (0xBFF00F13) addi x30, x0, -0x401                    inst_212+0
x30 <- 0xFFFFFFFFFFFFFBFF

mem[X,0x00000000800017E8] -> 0x0E93
mem[X,0x00000000800017EA] -> 0x1000
[1531] [M]: 0x00000000800017E8 (0x10000E93) addi x29, x0, 0x100                     inst_212+4
x29 <- 0x0000000000000100

clint mtime 0x00000000000002FE (mip.MTI <- 0b1, mip.STI <- 0b0)
mem[X,0x00000000800017EC] -> 0x1FB3
mem[X,0x00000000800017EE] -> 0x0BDF
[1532] [M]: 0x00000000800017EC (0x0BDF1FB3) clmul x31, x30, x29                     inst_212+8
x31 <- 0xFFFFFFFFFFFBFF00

mem[X,0x00000000800017F0] -> 0xB823
mem[X,0x00000000800017F2] -> 0x5DF3
[1533] [M]: 0x00000000800017F0 (0x5DF3B823) sd x31, 0x5d0(x7)                       inst_212+12
mem[W,0x00000000800047B8] <- 0xFFFFFFFFFFFBFF00

clint mtime 0x00000000000002FF (mip.MTI <- 0b1, mip.STI <- 0b0)
mem[X,0x00000000800017F4] -> 0x0F13
mem[X,0x00000000800017F6] -> 0xBFF0
[1534] [M]: 0x00000000800017F4 (0xBFF00F13) addi x30, x0, -0x401                    inst_213+0
x30 <- 0xFFFFFFFFFFFFFBFF

mem[X,0x00000000800017F8] -> 0x0E93
mem[X,0x00000000800017FA] -> 0x0800
[1535] [M]: 0x00000000800017F8 (0x08000E93) addi x29, x0, 0x80                      inst_213+4
x29 <- 0x0000000000000080

clint mtime 0x0000000000000300 (mip.MTI <- 0b1, mip.STI <- 0b0)
mem[X,0x00000000800017FC] -> 0x1FB3
mem[X,0x00000000800017FE] -> 0x0BDF
[1536] [M]: 0x00000000800017FC (0x0BDF1FB3) clmul x31, x30, x29                     inst_213+8
x31 <- 0xFFFFFFFFFFFDFF80

mem[X,0x0000000080001800] -> 0xBC23
mem[X,0x0000000080001802] -> 0x5DF3
[1537] [M]: 0x0000000080001800 (0x5DF3BC23) sd x31, 0x5d8(x7)                       inst_213+12
mem[W,0x00000000800047C0] <- 0xFFFFFFFFFFFDFF80

clint mtime 0x0000000000000301 (mip.MTI <- 0b1, mip.STI <- 0b0)
mem[X,0x0000000080001804] -> 0x0F13
mem[X,0x0000000080001806] -> 0xBFF0
[1538] [M]: 0x0000000080001804 (0xBFF00F13) addi x30, x0, -0x401                    inst_214+0
x30 <- 0xFFFFFFFFFFFFFBFF

mem[X,0x0000000080001808] -> 0x0E93
mem[X,0x000000008000180A] -> 0x0400
[1539] [M]: 0x0000000080001808 (0x04000E93) addi x29, x0, 0x40                      inst_214+4
x29 <- 0x0000000000000040

clint mtime 0x0000000000000302 (mip.MTI <- 0b1, mip.STI <- 0b0)
mem[X,0x000000008000180C] -> 0x1FB3
mem[X,0x000000008000180E] -> 0x0BDF
[1540] [M]: 0x000000008000180C (0x0BDF1FB3) clmul x31, x30, x29                     inst_214+8
x31 <- 0xFFFFFFFFFFFEFFC0

mem[X,0x0000000080001810] -> 0xB023
mem[X,0x0000000080001812] -> 0x5FF3
[1541] [M]: 0x0000000080001810 (0x5FF3B023) sd x31, 0x5e0(x7)                       inst_214+12
mem[W,0x00000000800047C8] <- 0xFFFFFFFFFFFEFFC0

clint mtime 0x0000000000000303 (mip.MTI <- 0b1, mip.STI <- 0b0)
mem[X,0x0000000080001814] -> 0x0F13
mem[X,0x0000000080001816] -> 0xBFF0
[1542] [M]: 0x0000000080001814 (0xBFF00F13) addi x30, x0, -0x401                    inst_215+0
x30 <- 0xFFFFFFFFFFFFFBFF

mem[X,0x0000000080001818] -> 0x0E93
mem[X,0x000000008000181A] -> 0x0200
[1543] [M]: 0x0000000080001818 (0x02000E93) addi x29, x0, 0x20                      inst_215+4
x29 <- 0x0000000000000020

clint mtime 0x0000000000000304 (mip.MTI <- 0b1, mip.STI <- 0b0)
mem[X,0x000000008000181C] -> 0x1FB3
mem[X,0x000000008000181E] -> 0x0BDF
[1544] [M]: 0x000000008000181C (0x0BDF1FB3) clmul x31, x30, x29                     inst_215+8
x31 <- 0xFFFFFFFFFFFF7FE0

mem[X,0x0000000080001820] -> 0xB423
mem[X,0x0000000080001822] -> 0x5FF3
[1545] [M]: 0x0000000080001820 (0x5FF3B423) sd x31, 0x5e8(x7)                       inst_215+12
mem[W,0x00000000800047D0] <- 0xFFFFFFFFFFFF7FE0

clint mtime 0x0000000000000305 (mip.MTI <- 0b1, mip.STI <- 0b0)
mem[X,0x0000000080001824] -> 0x0F13
mem[X,0x0000000080001826] -> 0xBFF0
[1546] [M]: 0x0000000080001824 (0xBFF00F13) addi x30, x0, -0x401                    inst_216+0
x30 <- 0xFFFFFFFFFFFFFBFF

mem[X,0x0000000080001828] -> 0x0E93
mem[X,0x000000008000182A] -> 0x0100
[1547] [M]: 0x0000000080001828 (0x01000E93) addi x29, x0, 0x10                      inst_216+4
x29 <- 0x0000000000000010

clint mtime 0x0000000000000306 (mip.MTI <- 0b1, mip.STI <- 0b0)
mem[X,0x000000008000182C] -> 0x1FB3
mem[X,0x000000008000182E] -> 0x0BDF
[1548] [M]: 0x000000008000182C (0x0BDF1FB3) clmul x31, x30, x29                     inst_216+8
x31 <- 0xFFFFFFFFFFFFBFF0

mem[X,0x0000000080001830] -> 0xB823
mem[X,0x0000000080001832] -> 0x5FF3
[1549] [M]: 0x0000000080001830 (0x5FF3B823) sd x31, 0x5f0(x7)                       inst_216+12
mem[W,0x00000000800047D8] <- 0xFFFFFFFFFFFFBFF0

clint mtime 0x0000000000000307 (mip.MTI <- 0b1, mip.STI <- 0b0)
mem[X,0x0000000080001834] -> 0x0F13
mem[X,0x0000000080001836] -> 0xBFF0
[1550] [M]: 0x0000000080001834 (0xBFF00F13) addi x30, x0, -0x401                    inst_217+0
x30 <- 0xFFFFFFFFFFFFFBFF

mem[X,0x0000000080001838] -> 0x0E93
mem[X,0x000000008000183A] -> 0x0080
[1551] [M]: 0x0000000080001838 (0x00800E93) addi x29, x0, 0x8                       inst_217+4
x29 <- 0x0000000000000008

clint mtime 0x0000000000000308 (mip.MTI <- 0b1, mip.STI <- 0b0)
mem[X,0x000000008000183C] -> 0x1FB3
mem[X,0x000000008000183E] -> 0x0BDF
[1552] [M]: 0x000000008000183C (0x0BDF1FB3) clmul x31, x30, x29                     inst_217+8
x31 <- 0xFFFFFFFFFFFFDFF8

mem[X,0x0000000080001840] -> 0xBC23
mem[X,0x0000000080001842] -> 0x5FF3
[1553] [M]: 0x0000000080001840 (0x5FF3BC23) sd x31, 0x5f8(x7)                       inst_217+12
mem[W,0x00000000800047E0] <- 0xFFFFFFFFFFFFDFF8

clint mtime 0x0000000000000309 (mip.MTI <- 0b1, mip.STI <- 0b0)
mem[X,0x0000000080001844] -> 0x0F13
mem[X,0x0000000080001846] -> 0xBFF0
[1554] [M]: 0x0000000080001844 (0xBFF00F13) addi x30, x0, -0x401                    inst_218+0
x30 <- 0xFFFFFFFFFFFFFBFF

mem[X,0x0000000080001848] -> 0x0E93
mem[X,0x000000008000184A] -> 0x0040
[1555] [M]: 0x0000000080001848 (0x00400E93) addi x29, x0, 0x4                       inst_218+4
x29 <- 0x0000000000000004

clint mtime 0x000000000000030A (mip.MTI <- 0b1, mip.STI <- 0b0)
mem[X,0x000000008000184C] -> 0x1FB3
mem[X,0x000000008000184E] -> 0x0BDF
[1556] [M]: 0x000000008000184C (0x0BDF1FB3) clmul x31, x30, x29                     inst_218+8
x31 <- 0xFFFFFFFFFFFFEFFC

mem[X,0x0000000080001850] -> 0xB023
mem[X,0x0000000080001852] -> 0x61F3
[1557] [M]: 0x0000000080001850 (0x61F3B023) sd x31, 0x600(x7)                       inst_218+12
mem[W,0x00000000800047E8] <- 0xFFFFFFFFFFFFEFFC

clint mtime 0x000000000000030B (mip.MTI <- 0b1, mip.STI <- 0b0)
mem[X,0x0000000080001854] -> 0x0F13
mem[X,0x0000000080001856] -> 0xBFF0
[1558] [M]: 0x0000000080001854 (0xBFF00F13) addi x30, x0, -0x401                    inst_219+0
x30 <- 0xFFFFFFFFFFFFFBFF

mem[X,0x0000000080001858] -> 0x0E93
mem[X,0x000000008000185A] -> 0x0020
[1559] [M]: 0x0000000080001858 (0x00200E93) addi x29, x0, 0x2                       inst_219+4
x29 <- 0x0000000000000002

clint mtime 0x000000000000030C (mip.MTI <- 0b1, mip.STI <- 0b0)
mem[X,0x000000008000185C] -> 0x1FB3
mem[X,0x000000008000185E] -> 0x0BDF
[1560] [M]: 0x000000008000185C (0x0BDF1FB3) clmul x31, x30, x29                     inst_219+8
x31 <- 0xFFFFFFFFFFFFF7FE

mem[X,0x0000000080001860] -> 0xB423
mem[X,0x0000000080001862] -> 0x61F3
[1561] [M]: 0x0000000080001860 (0x61F3B423) sd x31, 0x608(x7)                       inst_219+12
mem[W,0x00000000800047F0] <- 0xFFFFFFFFFFFFF7FE

clint mtime 0x000000000000030D (mip.MTI <- 0b1, mip.STI <- 0b0)
mem[X,0x0000000080001864] -> 0x0F13
mem[X,0x0000000080001866] -> 0xFFF0
[1562] [M]: 0x0000000080001864 (0xFFF00F13) addi x30, x0, -0x1                      inst_220+0
x30 <- 0xFFFFFFFFFFFFFFFF

mem[X,0x0000000080001868] -> 0x1F13
mem[X,0x000000008000186A] -> 0x03FF
[1563] [M]: 0x0000000080001868 (0x03FF1F13) slli x30, x30, 0x3f                     inst_220+4
x30 <- 0x8000000000000000

clint mtime 0x000000000000030E (mip.MTI <- 0b1, mip.STI <- 0b0)
mem[X,0x000000008000186C] -> 0x0E93
mem[X,0x000000008000186E] -> 0xBFF0
[1564] [M]: 0x000000008000186C (0xBFF00E93) addi x29, x0, -0x401                    inst_220+8
x29 <- 0xFFFFFFFFFFFFFBFF

mem[X,0x0000000080001870] -> 0x1FB3
mem[X,0x0000000080001872] -> 0x0BDF
[1565] [M]: 0x0000000080001870 (0x0BDF1FB3) clmul x31, x30, x29                     inst_220+12
x31 <- 0x8000000000000000

clint mtime 0x000000000000030F (mip.MTI <- 0b1, mip.STI <- 0b0)
mem[X,0x0000000080001874] -> 0xB823
mem[X,0x0000000080001876] -> 0x61F3
[1566] [M]: 0x0000000080001874 (0x61F3B823) sd x31, 0x610(x7)                       inst_220+16
mem[W,0x00000000800047F8] <- 0x8000000000000000

mem[X,0x0000000080001878] -> 0x0F13
mem[X,0x000000008000187A] -> 0x0010
[1567] [M]: 0x0000000080001878 (0x00100F13) addi x30, x0, 0x1                       inst_221+0
x30 <- 0x0000000000000001

clint mtime 0x0000000000000310 (mip.MTI <- 0b1, mip.STI <- 0b0)
mem[X,0x000000008000187C] -> 0x1F13
mem[X,0x000000008000187E] -> 0x03EF
[1568] [M]: 0x000000008000187C (0x03EF1F13) slli x30, x30, 0x3e                     inst_221+4
x30 <- 0x4000000000000000

mem[X,0x0000000080001880] -> 0x0E93
mem[X,0x0000000080001882] -> 0xBFF0
[1569] [M]: 0x0000000080001880 (0xBFF00E93) addi x29, x0, -0x401                    inst_221+8
x29 <- 0xFFFFFFFFFFFFFBFF

clint mtime 0x0000000000000311 (mip.MTI <- 0b1, mip.STI <- 0b0)
mem[X,0x0000000080001884] -> 0x1FB3
mem[X,0x0000000080001886] -> 0x0BDF
[1570] [M]: 0x0000000080001884 (0x0BDF1FB3) clmul x31, x30, x29                     inst_221+12
x31 <- 0xC000000000000000

mem[X,0x0000000080001888] -> 0xBC23
mem[X,0x000000008000188A] -> 0x61F3
[1571] [M]: 0x0000000080001888 (0x61F3BC23) sd x31, 0x618(x7)                       inst_221+16
mem[W,0x0000000080004800] <- 0xC000000000000000

clint mtime 0x0000000000000312 (mip.MTI <- 0b1, mip.STI <- 0b0)
mem[X,0x000000008000188C] -> 0x0F13
mem[X,0x000000008000188E] -> 0x0010
[1572] [M]: 0x000000008000188C (0x00100F13) addi x30, x0, 0x1                       inst_222+0
x30 <- 0x0000000000000001

mem[X,0x0000000080001890] -> 0x1F13
mem[X,0x0000000080001892] -> 0x03DF
[1573] [M]: 0x0000000080001890 (0x03DF1F13) slli x30, x30, 0x3d                     inst_222+4
x30 <- 0x2000000000000000

clint mtime 0x0000000000000313 (mip.MTI <- 0b1, mip.STI <- 0b0)
mem[X,0x0000000080001894] -> 0x0E93
mem[X,0x0000000080001896] -> 0xBFF0
[1574] [M]: 0x0000000080001894 (0xBFF00E93) addi x29, x0, -0x401                    inst_222+8
x29 <- 0xFFFFFFFFFFFFFBFF

mem[X,0x0000000080001898] -> 0x1FB3
mem[X,0x000000008000189A] -> 0x0BDF
[1575] [M]: 0x0000000080001898 (0x0BDF1FB3) clmul x31, x30, x29                     inst_222+12
x31 <- 0xE000000000000000

clint mtime 0x0000000000000314 (mip.MTI <- 0b1, mip.STI <- 0b0)
mem[X,0x000000008000189C] -> 0xB023
mem[X,0x000000008000189E] -> 0x63F3
[1576] [M]: 0x000000008000189C (0x63F3B023) sd x31, 0x620(x7)                       inst_222+16
mem[W,0x0000000080004808] <- 0xE000000000000000

mem[X,0x00000000800018A0] -> 0x0F13
mem[X,0x00000000800018A2] -> 0x0010
[1577] [M]: 0x00000000800018A0 (0x00100F13) addi x30, x0, 0x1                       inst_223+0
x30 <- 0x0000000000000001

clint mtime 0x0000000000000315 (mip.MTI <- 0b1, mip.STI <- 0b0)
mem[X,0x00000000800018A4] -> 0x1F13
mem[X,0x00000000800018A6] -> 0x03CF
[1578] [M]: 0x00000000800018A4 (0x03CF1F13) slli x30, x30, 0x3c                     inst_223+4
x30 <- 0x1000000000000000

mem[X,0x00000000800018A8] -> 0x0E93
mem[X,0x00000000800018AA] -> 0xBFF0
[1579] [M]: 0x00000000800018A8 (0xBFF00E93) addi x29, x0, -0x401                    inst_223+8
x29 <- 0xFFFFFFFFFFFFFBFF

clint mtime 0x0000000000000316 (mip.MTI <- 0b1, mip.STI <- 0b0)
mem[X,0x00000000800018AC] -> 0x1FB3
mem[X,0x00000000800018AE] -> 0x0BDF
[1580] [M]: 0x00000000800018AC (0x0BDF1FB3) clmul x31, x30, x29                     inst_223+12
x31 <- 0xF000000000000000

mem[X,0x00000000800018B0] -> 0xB423
mem[X,0x00000000800018B2] -> 0x63F3
[1581] [M]: 0x00000000800018B0 (0x63F3B423) sd x31, 0x628(x7)                       inst_223+16
mem[W,0x0000000080004810] <- 0xF000000000000000

clint mtime 0x0000000000000317 (mip.MTI <- 0b1, mip.STI <- 0b0)
mem[X,0x00000000800018B4] -> 0x0F13
mem[X,0x00000000800018B6] -> 0x0010
[1582] [M]: 0x00000000800018B4 (0x00100F13) addi x30, x0, 0x1                       inst_224+0
x30 <- 0x0000000000000001

mem[X,0x00000000800018B8] -> 0x1F13
mem[X,0x00000000800018BA] -> 0x03BF
[1583] [M]: 0x00000000800018B8 (0x03BF1F13) slli x30, x30, 0x3b                     inst_224+4
x30 <- 0x0800000000000000

clint mtime 0x0000000000000318 (mip.MTI <- 0b1, mip.STI <- 0b0)
mem[X,0x00000000800018BC] -> 0x0E93
mem[X,0x00000000800018BE] -> 0xBFF0
[1584] [M]: 0x00000000800018BC (0xBFF00E93) addi x29, x0, -0x401                    inst_224+8
x29 <- 0xFFFFFFFFFFFFFBFF

mem[X,0x00000000800018C0] -> 0x1FB3
mem[X,0x00000000800018C2] -> 0x0BDF
[1585] [M]: 0x00000000800018C0 (0x0BDF1FB3) clmul x31, x30, x29                     inst_224+12
x31 <- 0xF800000000000000

clint mtime 0x0000000000000319 (mip.MTI <- 0b1, mip.STI <- 0b0)
mem[X,0x00000000800018C4] -> 0xB823
mem[X,0x00000000800018C6] -> 0x63F3
[1586] [M]: 0x00000000800018C4 (0x63F3B823) sd x31, 0x630(x7)                       inst_224+16
mem[W,0x0000000080004818] <- 0xF800000000000000

mem[X,0x00000000800018C8] -> 0x0F13
mem[X,0x00000000800018CA] -> 0x0010
[1587] [M]: 0x00000000800018C8 (0x00100F13) addi x30, x0, 0x1                       inst_225+0
x30 <- 0x0000000000000001

clint mtime 0x000000000000031A (mip.MTI <- 0b1, mip.STI <- 0b0)
mem[X,0x00000000800018CC] -> 0x1F13
mem[X,0x00000000800018CE] -> 0x03AF
[1588] [M]: 0x00000000800018CC (0x03AF1F13) slli x30, x30, 0x3a                     inst_225+4
x30 <- 0x0400000000000000

mem[X,0x00000000800018D0] -> 0x0E93
mem[X,0x00000000800018D2] -> 0xBFF0
[1589] [M]: 0x00000000800018D0 (0xBFF00E93) addi x29, x0, -0x401                    inst_225+8
x29 <- 0xFFFFFFFFFFFFFBFF

clint mtime 0x000000000000031B (mip.MTI <- 0b1, mip.STI <- 0b0)
mem[X,0x00000000800018D4] -> 0x1FB3
mem[X,0x00000000800018D6] -> 0x0BDF
[1590] [M]: 0x00000000800018D4 (0x0BDF1FB3) clmul x31, x30, x29                     inst_225+12
x31 <- 0xFC00000000000000

mem[X,0x00000000800018D8] -> 0xBC23
mem[X,0x00000000800018DA] -> 0x63F3
[1591] [M]: 0x00000000800018D8 (0x63F3BC23) sd x31, 0x638(x7)                       inst_225+16
mem[W,0x0000000080004820] <- 0xFC00000000000000

clint mtime 0x000000000000031C (mip.MTI <- 0b1, mip.STI <- 0b0)
mem[X,0x00000000800018DC] -> 0x0F13
mem[X,0x00000000800018DE] -> 0x0010
[1592] [M]: 0x00000000800018DC (0x00100F13) addi x30, x0, 0x1                       inst_226+0
x30 <- 0x0000000000000001

mem[X,0x00000000800018E0] -> 0x1F13
mem[X,0x00000000800018E2] -> 0x039F
[1593] [M]: 0x00000000800018E0 (0x039F1F13) slli x30, x30, 0x39                     inst_226+4
x30 <- 0x0200000000000000

clint mtime 0x000000000000031D (mip.MTI <- 0b1, mip.STI <- 0b0)
mem[X,0x00000000800018E4] -> 0x0E93
mem[X,0x00000000800018E6] -> 0xBFF0
[1594] [M]: 0x00000000800018E4 (0xBFF00E93) addi x29, x0, -0x401                    inst_226+8
x29 <- 0xFFFFFFFFFFFFFBFF

mem[X,0x00000000800018E8] -> 0x1FB3
mem[X,0x00000000800018EA] -> 0x0BDF
[1595] [M]: 0x00000000800018E8 (0x0BDF1FB3) clmul x31, x30, x29                     inst_226+12
x31 <- 0xFE00000000000000

clint mtime 0x000000000000031E (mip.MTI <- 0b1, mip.STI <- 0b0)
mem[X,0x00000000800018EC] -> 0xB023
mem[X,0x00000000800018EE] -> 0x65F3
[1596] [M]: 0x00000000800018EC (0x65F3B023) sd x31, 0x640(x7)                       inst_226+16
mem[W,0x0000000080004828] <- 0xFE00000000000000

mem[X,0x00000000800018F0] -> 0x0F13
mem[X,0x00000000800018F2] -> 0x0010
[1597] [M]: 0x00000000800018F0 (0x00100F13) addi x30, x0, 0x1                       inst_227+0
x30 <- 0x0000000000000001

clint mtime 0x000000000000031F (mip.MTI <- 0b1, mip.STI <- 0b0)
mem[X,0x00000000800018F4] -> 0x1F13
mem[X,0x00000000800018F6] -> 0x038F
[1598] [M]: 0x00000000800018F4 (0x038F1F13) slli x30, x30, 0x38                     inst_227+4
x30 <- 0x0100000000000000

mem[X,0x00000000800018F8] -> 0x0E93
mem[X,0x00000000800018FA] -> 0xBFF0
[1599] [M]: 0x00000000800018F8 (0xBFF00E93) addi x29, x0, -0x401                    inst_227+8
x29 <- 0xFFFFFFFFFFFFFBFF

clint mtime 0x0000000000000320 (mip.MTI <- 0b1, mip.STI <- 0b0)
mem[X,0x00000000800018FC] -> 0x1FB3
mem[X,0x00000000800018FE] -> 0x0BDF
[1600] [M]: 0x00000000800018FC (0x0BDF1FB3) clmul x31, x30, x29                     inst_227+12
x31 <- 0xFF00000000000000

mem[X,0x0000000080001900] -> 0xB423
mem[X,0x0000000080001902] -> 0x65F3
[1601] [M]: 0x0000000080001900 (0x65F3B423) sd x31, 0x648(x7)                       inst_227+16
mem[W,0x0000000080004830] <- 0xFF00000000000000

clint mtime 0x0000000000000321 (mip.MTI <- 0b1, mip.STI <- 0b0)
mem[X,0x0000000080001904] -> 0x0F13
mem[X,0x0000000080001906] -> 0x0010
[1602] [M]: 0x0000000080001904 (0x00100F13) addi x30, x0, 0x1                       inst_228+0
x30 <- 0x0000000000000001

mem[X,0x0000000080001908] -> 0x1F13
mem[X,0x000000008000190A] -> 0x037F
[1603] [M]: 0x0000000080001908 (0x037F1F13) slli x30, x30, 0x37                     inst_228+4
x30 <- 0x0080000000000000

clint mtime 0x0000000000000322 (mip.MTI <- 0b1, mip.STI <- 0b0)
mem[X,0x000000008000190C] -> 0x0E93
mem[X,0x000000008000190E] -> 0xBFF0
[1604] [M]: 0x000000008000190C (0xBFF00E93) addi x29, x0, -0x401                    inst_228+8
x29 <- 0xFFFFFFFFFFFFFBFF

mem[X,0x0000000080001910] -> 0x1FB3
mem[X,0x0000000080001912] -> 0x0BDF
[1605] [M]: 0x0000000080001910 (0x0BDF1FB3) clmul x31, x30, x29                     inst_228+12
x31 <- 0xFF80000000000000

clint mtime 0x0000000000000323 (mip.MTI <- 0b1, mip.STI <- 0b0)
mem[X,0x0000000080001914] -> 0xB823
mem[X,0x0000000080001916] -> 0x65F3
[1606] [M]: 0x0000000080001914 (0x65F3B823) sd x31, 0x650(x7)                       inst_228+16
mem[W,0x0000000080004838] <- 0xFF80000000000000

mem[X,0x0000000080001918] -> 0x0F13
mem[X,0x000000008000191A] -> 0x0010
[1607] [M]: 0x0000000080001918 (0x00100F13) addi x30, x0, 0x1                       inst_229+0
x30 <- 0x0000000000000001

clint mtime 0x0000000000000324 (mip.MTI <- 0b1, mip.STI <- 0b0)
mem[X,0x000000008000191C] -> 0x1F13
mem[X,0x000000008000191E] -> 0x036F
[1608] [M]: 0x000000008000191C (0x036F1F13) slli x30, x30, 0x36                     inst_229+4
x30 <- 0x0040000000000000

mem[X,0x0000000080001920] -> 0x0E93
mem[X,0x0000000080001922] -> 0xBFF0
[1609] [M]: 0x0000000080001920 (0xBFF00E93) addi x29, x0, -0x401                    inst_229+8
x29 <- 0xFFFFFFFFFFFFFBFF

clint mtime 0x0000000000000325 (mip.MTI <- 0b1, mip.STI <- 0b0)
mem[X,0x0000000080001924] -> 0x1FB3
mem[X,0x0000000080001926] -> 0x0BDF
[1610] [M]: 0x0000000080001924 (0x0BDF1FB3) clmul x31, x30, x29                     inst_229+12
x31 <- 0xFFC0000000000000

mem[X,0x0000000080001928] -> 0xBC23
mem[X,0x000000008000192A] -> 0x65F3
[1611] [M]: 0x0000000080001928 (0x65F3BC23) sd x31, 0x658(x7)                       inst_229+16
mem[W,0x0000000080004840] <- 0xFFC0000000000000

clint mtime 0x0000000000000326 (mip.MTI <- 0b1, mip.STI <- 0b0)
mem[X,0x000000008000192C] -> 0x0F13
mem[X,0x000000008000192E] -> 0x0010
[1612] [M]: 0x000000008000192C (0x00100F13) addi x30, x0, 0x1                       inst_230+0
x30 <- 0x0000000000000001

mem[X,0x0000000080001930] -> 0x1F13
mem[X,0x0000000080001932] -> 0x035F
[1613] [M]: 0x0000000080001930 (0x035F1F13) slli x30, x30, 0x35                     inst_230+4
x30 <- 0x0020000000000000

clint mtime 0x0000000000000327 (mip.MTI <- 0b1, mip.STI <- 0b0)
mem[X,0x0000000080001934] -> 0x0E93
mem[X,0x0000000080001936] -> 0xBFF0
[1614] [M]: 0x0000000080001934 (0xBFF00E93) addi x29, x0, -0x401                    inst_230+8
x29 <- 0xFFFFFFFFFFFFFBFF

mem[X,0x0000000080001938] -> 0x1FB3
mem[X,0x000000008000193A] -> 0x0BDF
[1615] [M]: 0x0000000080001938 (0x0BDF1FB3) clmul x31, x30, x29                     inst_230+12
x31 <- 0x7FE0000000000000

clint mtime 0x0000000000000328 (mip.MTI <- 0b1, mip.STI <- 0b0)
mem[X,0x000000008000193C] -> 0xB023
mem[X,0x000000008000193E] -> 0x67F3
[1616] [M]: 0x000000008000193C (0x67F3B023) sd x31, 0x660(x7)                       inst_230+16
mem[W,0x0000000080004848] <- 0x7FE0000000000000

mem[X,0x0000000080001940] -> 0x0F13
mem[X,0x0000000080001942] -> 0x0010
[1617] [M]: 0x0000000080001940 (0x00100F13) addi x30, x0, 0x1                       inst_231+0
x30 <- 0x0000000000000001

clint mtime 0x0000000000000329 (mip.MTI <- 0b1, mip.STI <- 0b0)
mem[X,0x0000000080001944] -> 0x1F13
mem[X,0x0000000080001946] -> 0x034F
[1618] [M]: 0x0000000080001944 (0x034F1F13) slli x30, x30, 0x34                     inst_231+4
x30 <- 0x0010000000000000

mem[X,0x0000000080001948] -> 0x0E93
mem[X,0x000000008000194A] -> 0xBFF0
[1619] [M]: 0x0000000080001948 (0xBFF00E93) addi x29, x0, -0x401                    inst_231+8
x29 <- 0xFFFFFFFFFFFFFBFF

clint mtime 0x000000000000032A (mip.MTI <- 0b1, mip.STI <- 0b0)
mem[X,0x000000008000194C] -> 0x1FB3
mem[X,0x000000008000194E] -> 0x0BDF
[1620] [M]: 0x000000008000194C (0x0BDF1FB3) clmul x31, x30, x29                     inst_231+12
x31 <- 0xBFF0000000000000

mem[X,0x0000000080001950] -> 0xB423
mem[X,0x0000000080001952] -> 0x67F3
[1621] [M]: 0x0000000080001950 (0x67F3B423) sd x31, 0x668(x7)                       inst_231+16
mem[W,0x0000000080004850] <- 0xBFF0000000000000

clint mtime 0x000000000000032B (mip.MTI <- 0b1, mip.STI <- 0b0)
mem[X,0x0000000080001954] -> 0x0F13
mem[X,0x0000000080001956] -> 0x0010
[1622] [M]: 0x0000000080001954 (0x00100F13) addi x30, x0, 0x1                       inst_232+0
x30 <- 0x0000000000000001

mem[X,0x0000000080001958] -> 0x1F13
mem[X,0x000000008000195A] -> 0x033F
[1623] [M]: 0x0000000080001958 (0x033F1F13) slli x30, x30, 0x33                     inst_232+4
x30 <- 0x0008000000000000

clint mtime 0x000000000000032C (mip.MTI <- 0b1, mip.STI <- 0b0)
mem[X,0x000000008000195C] -> 0x0E93
mem[X,0x000000008000195E] -> 0xBFF0
[1624] [M]: 0x000000008000195C (0xBFF00E93) addi x29, x0, -0x401                    inst_232+8
x29 <- 0xFFFFFFFFFFFFFBFF

mem[X,0x0000000080001960] -> 0x1FB3
mem[X,0x0000000080001962] -> 0x0BDF
[1625] [M]: 0x0000000080001960 (0x0BDF1FB3) clmul x31, x30, x29                     inst_232+12
x31 <- 0xDFF8000000000000

clint mtime 0x000000000000032D (mip.MTI <- 0b1, mip.STI <- 0b0)
mem[X,0x0000000080001964] -> 0xB823
mem[X,0x0000000080001966] -> 0x67F3
[1626] [M]: 0x0000000080001964 (0x67F3B823) sd x31, 0x670(x7)                       inst_232+16
mem[W,0x0000000080004858] <- 0xDFF8000000000000

mem[X,0x0000000080001968] -> 0x0F13
mem[X,0x000000008000196A] -> 0x0010
[1627] [M]: 0x0000000080001968 (0x00100F13) addi x30, x0, 0x1                       inst_233+0
x30 <- 0x0000000000000001

clint mtime 0x000000000000032E (mip.MTI <- 0b1, mip.STI <- 0b0)
mem[X,0x000000008000196C] -> 0x1F13
mem[X,0x000000008000196E] -> 0x032F
[1628] [M]: 0x000000008000196C (0x032F1F13) slli x30, x30, 0x32                     inst_233+4
x30 <- 0x0004000000000000

mem[X,0x0000000080001970] -> 0x0E93
mem[X,0x0000000080001972] -> 0xBFF0
[1629] [M]: 0x0000000080001970 (0xBFF00E93) addi x29, x0, -0x401                    inst_233+8
x29 <- 0xFFFFFFFFFFFFFBFF

clint mtime 0x000000000000032F (mip.MTI <- 0b1, mip.STI <- 0b0)
mem[X,0x0000000080001974] -> 0x1FB3
mem[X,0x0000000080001976] -> 0x0BDF
[1630] [M]: 0x0000000080001974 (0x0BDF1FB3) clmul x31, x30, x29                     inst_233+12
x31 <- 0xEFFC000000000000

mem[X,0x0000000080001978] -> 0xBC23
mem[X,0x000000008000197A] -> 0x67F3
[1631] [M]: 0x0000000080001978 (0x67F3BC23) sd x31, 0x678(x7)                       inst_233+16
mem[W,0x0000000080004860] <- 0xEFFC000000000000

clint mtime 0x0000000000000330 (mip.MTI <- 0b1, mip.STI <- 0b0)
mem[X,0x000000008000197C] -> 0x0F13
mem[X,0x000000008000197E] -> 0x0010
[1632] [M]: 0x000000008000197C (0x00100F13) addi x30, x0, 0x1                       inst_234+0
x30 <- 0x0000000000000001

mem[X,0x0000000080001980] -> 0x1F13
mem[X,0x0000000080001982] -> 0x031F
[1633] [M]: 0x0000000080001980 (0x031F1F13) slli x30, x30, 0x31                     inst_234+4
x30 <- 0x0002000000000000

clint mtime 0x0000000000000331 (mip.MTI <- 0b1, mip.STI <- 0b0)
mem[X,0x0000000080001984] -> 0x0E93
mem[X,0x0000000080001986] -> 0xBFF0
[1634] [M]: 0x0000000080001984 (0xBFF00E93) addi x29, x0, -0x401                    inst_234+8
x29 <- 0xFFFFFFFFFFFFFBFF

mem[X,0x0000000080001988] -> 0x1FB3
mem[X,0x000000008000198A] -> 0x0BDF
[1635] [M]: 0x0000000080001988 (0x0BDF1FB3) clmul x31, x30, x29                     inst_234+12
x31 <- 0xF7FE000000000000

clint mtime 0x0000000000000332 (mip.MTI <- 0b1, mip.STI <- 0b0)
mem[X,0x000000008000198C] -> 0xB023
mem[X,0x000000008000198E] -> 0x69F3
[1636] [M]: 0x000000008000198C (0x69F3B023) sd x31, 0x680(x7)                       inst_234+16
mem[W,0x0000000080004868] <- 0xF7FE000000000000

mem[X,0x0000000080001990] -> 0x0F13
mem[X,0x0000000080001992] -> 0x0010
[1637] [M]: 0x0000000080001990 (0x00100F13) addi x30, x0, 0x1                       inst_235+0
x30 <- 0x0000000000000001

clint mtime 0x0000000000000333 (mip.MTI <- 0b1, mip.STI <- 0b0)
mem[X,0x0000000080001994] -> 0x1F13
mem[X,0x0000000080001996] -> 0x030F
[1638] [M]: 0x0000000080001994 (0x030F1F13) slli x30, x30, 0x30                     inst_235+4
x30 <- 0x0001000000000000

mem[X,0x0000000080001998] -> 0x0E93
mem[X,0x000000008000199A] -> 0xBFF0
[1639] [M]: 0x0000000080001998 (0xBFF00E93) addi x29, x0, -0x401                    inst_235+8
x29 <- 0xFFFFFFFFFFFFFBFF

clint mtime 0x0000000000000334 (mip.MTI <- 0b1, mip.STI <- 0b0)
mem[X,0x000000008000199C] -> 0x1FB3
mem[X,0x000000008000199E] -> 0x0BDF
[1640] [M]: 0x000000008000199C (0x0BDF1FB3) clmul x31, x30, x29                     inst_235+12
x31 <- 0xFBFF000000000000

mem[X,0x00000000800019A0] -> 0xB423
mem[X,0x00000000800019A2] -> 0x69F3
[1641] [M]: 0x00000000800019A0 (0x69F3B423) sd x31, 0x688(x7)                       inst_235+16
mem[W,0x0000000080004870] <- 0xFBFF000000000000

clint mtime 0x0000000000000335 (mip.MTI <- 0b1, mip.STI <- 0b0)
mem[X,0x00000000800019A4] -> 0x0F13
mem[X,0x00000000800019A6] -> 0x0010
[1642] [M]: 0x00000000800019A4 (0x00100F13) addi x30, x0, 0x1                       inst_236+0
x30 <- 0x0000000000000001

mem[X,0x00000000800019A8] -> 0x1F13
mem[X,0x00000000800019AA] -> 0x02FF
[1643] [M]: 0x00000000800019A8 (0x02FF1F13) slli x30, x30, 0x2f                     inst_236+4
x30 <- 0x0000800000000000

clint mtime 0x0000000000000336 (mip.MTI <- 0b1, mip.STI <- 0b0)
mem[X,0x00000000800019AC] -> 0x0E93
mem[X,0x00000000800019AE] -> 0xBFF0
[1644] [M]: 0x00000000800019AC (0xBFF00E93) addi x29, x0, -0x401                    inst_236+8
x29 <- 0xFFFFFFFFFFFFFBFF

mem[X,0x00000000800019B0] -> 0x1FB3
mem[X,0x00000000800019B2] -> 0x0BDF
[1645] [M]: 0x00000000800019B0 (0x0BDF1FB3) clmul x31, x30, x29                     inst_236+12
x31 <- 0xFDFF800000000000

clint mtime 0x0000000000000337 (mip.MTI <- 0b1, mip.STI <- 0b0)
mem[X,0x00000000800019B4] -> 0xB823
mem[X,0x00000000800019B6] -> 0x69F3
[1646] [M]: 0x00000000800019B4 (0x69F3B823) sd x31, 0x690(x7)                       inst_236+16
mem[W,0x0000000080004878] <- 0xFDFF800000000000

mem[X,0x00000000800019B8] -> 0x0F13
mem[X,0x00000000800019BA] -> 0x0010
[1647] [M]: 0x00000000800019B8 (0x00100F13) addi x30, x0, 0x1                       inst_237+0
x30 <- 0x0000000000000001

clint mtime 0x0000000000000338 (mip.MTI <- 0b1, mip.STI <- 0b0)
mem[X,0x00000000800019BC] -> 0x1F13
mem[X,0x00000000800019BE] -> 0x02EF
[1648] [M]: 0x00000000800019BC (0x02EF1F13) slli x30, x30, 0x2e                     inst_237+4
x30 <- 0x0000400000000000

mem[X,0x00000000800019C0] -> 0x0E93
mem[X,0x00000000800019C2] -> 0xBFF0
[1649] [M]: 0x00000000800019C0 (0xBFF00E93) addi x29, x0, -0x401                    inst_237+8
x29 <- 0xFFFFFFFFFFFFFBFF

clint mtime 0x0000000000000339 (mip.MTI <- 0b1, mip.STI <- 0b0)
mem[X,0x00000000800019C4] -> 0x1FB3
mem[X,0x00000000800019C6] -> 0x0BDF
[1650] [M]: 0x00000000800019C4 (0x0BDF1FB3) clmul x31, x30, x29                     inst_237+12
x31 <- 0xFEFFC00000000000

mem[X,0x00000000800019C8] -> 0xBC23
mem[X,0x00000000800019CA] -> 0x69F3
[1651] [M]: 0x00000000800019C8 (0x69F3BC23) sd x31, 0x698(x7)                       inst_237+16
mem[W,0x0000000080004880] <- 0xFEFFC00000000000

clint mtime 0x000000000000033A (mip.MTI <- 0b1, mip.STI <- 0b0)
mem[X,0x00000000800019CC] -> 0x0F13
mem[X,0x00000000800019CE] -> 0x0010
[1652] [M]: 0x00000000800019CC (0x00100F13) addi x30, x0, 0x1                       inst_238+0
x30 <- 0x0000000000000001

mem[X,0x00000000800019D0] -> 0x1F13
mem[X,0x00000000800019D2] -> 0x02DF
[1653] [M]: 0x00000000800019D0 (0x02DF1F13) slli x30, x30, 0x2d                     inst_238+4
x30 <- 0x0000200000000000

clint mtime 0x000000000000033B (mip.MTI <- 0b1, mip.STI <- 0b0)
mem[X,0x00000000800019D4] -> 0x0E93
mem[X,0x00000000800019D6] -> 0xBFF0
[1654] [M]: 0x00000000800019D4 (0xBFF00E93) addi x29, x0, -0x401                    inst_238+8
x29 <- 0xFFFFFFFFFFFFFBFF

mem[X,0x00000000800019D8] -> 0x1FB3
mem[X,0x00000000800019DA] -> 0x0BDF
[1655] [M]: 0x00000000800019D8 (0x0BDF1FB3) clmul x31, x30, x29                     inst_238+12
x31 <- 0xFF7FE00000000000

clint mtime 0x000000000000033C (mip.MTI <- 0b1, mip.STI <- 0b0)
mem[X,0x00000000800019DC] -> 0xB023
mem[X,0x00000000800019DE] -> 0x6BF3
[1656] [M]: 0x00000000800019DC (0x6BF3B023) sd x31, 0x6a0(x7)                       inst_238+16
mem[W,0x0000000080004888] <- 0xFF7FE00000000000

mem[X,0x00000000800019E0] -> 0x0F13
mem[X,0x00000000800019E2] -> 0x0010
[1657] [M]: 0x00000000800019E0 (0x00100F13) addi x30, x0, 0x1                       inst_239+0
x30 <- 0x0000000000000001

clint mtime 0x000000000000033D (mip.MTI <- 0b1, mip.STI <- 0b0)
mem[X,0x00000000800019E4] -> 0x1F13
mem[X,0x00000000800019E6] -> 0x02CF
[1658] [M]: 0x00000000800019E4 (0x02CF1F13) slli x30, x30, 0x2c                     inst_239+4
x30 <- 0x0000100000000000

mem[X,0x00000000800019E8] -> 0x0E93
mem[X,0x00000000800019EA] -> 0xBFF0
[1659] [M]: 0x00000000800019E8 (0xBFF00E93) addi x29, x0, -0x401                    inst_239+8
x29 <- 0xFFFFFFFFFFFFFBFF

clint mtime 0x000000000000033E (mip.MTI <- 0b1, mip.STI <- 0b0)
mem[X,0x00000000800019EC] -> 0x1FB3
mem[X,0x00000000800019EE] -> 0x0BDF
[1660] [M]: 0x00000000800019EC (0x0BDF1FB3) clmul x31, x30, x29                     inst_239+12
x31 <- 0xFFBFF00000000000

mem[X,0x00000000800019F0] -> 0xB423
mem[X,0x00000000800019F2] -> 0x6BF3
[1661] [M]: 0x00000000800019F0 (0x6BF3B423) sd x31, 0x6a8(x7)                       inst_239+16
mem[W,0x0000000080004890] <- 0xFFBFF00000000000

clint mtime 0x000000000000033F (mip.MTI <- 0b1, mip.STI <- 0b0)
mem[X,0x00000000800019F4] -> 0x0F13
mem[X,0x00000000800019F6] -> 0x0010
[1662] [M]: 0x00000000800019F4 (0x00100F13) addi x30, x0, 0x1                       inst_240+0
x30 <- 0x0000000000000001

mem[X,0x00000000800019F8] -> 0x1F13
mem[X,0x00000000800019FA] -> 0x02BF
[1663] [M]: 0x00000000800019F8 (0x02BF1F13) slli x30, x30, 0x2b                     inst_240+4
x30 <- 0x0000080000000000

clint mtime 0x0000000000000340 (mip.MTI <- 0b1, mip.STI <- 0b0)
mem[X,0x00000000800019FC] -> 0x0E93
mem[X,0x00000000800019FE] -> 0xBFF0
[1664] [M]: 0x00000000800019FC (0xBFF00E93) addi x29, x0, -0x401                    inst_240+8
x29 <- 0xFFFFFFFFFFFFFBFF

mem[X,0x0000000080001A00] -> 0x1FB3
mem[X,0x0000000080001A02] -> 0x0BDF
[1665] [M]: 0x0000000080001A00 (0x0BDF1FB3) clmul x31, x30, x29                     inst_240+12
x31 <- 0xFFDFF80000000000

clint mtime 0x0000000000000341 (mip.MTI <- 0b1, mip.STI <- 0b0)
mem[X,0x0000000080001A04] -> 0xB823
mem[X,0x0000000080001A06] -> 0x6BF3
[1666] [M]: 0x0000000080001A04 (0x6BF3B823) sd x31, 0x6b0(x7)                       inst_240+16
mem[W,0x0000000080004898] <- 0xFFDFF80000000000

mem[X,0x0000000080001A08] -> 0x0F13
mem[X,0x0000000080001A0A] -> 0x0010
[1667] [M]: 0x0000000080001A08 (0x00100F13) addi x30, x0, 0x1                       inst_241+0
x30 <- 0x0000000000000001

clint mtime 0x0000000000000342 (mip.MTI <- 0b1, mip.STI <- 0b0)
mem[X,0x0000000080001A0C] -> 0x1F13
mem[X,0x0000000080001A0E] -> 0x02AF
[1668] [M]: 0x0000000080001A0C (0x02AF1F13) slli x30, x30, 0x2a                     inst_241+4
x30 <- 0x0000040000000000

mem[X,0x0000000080001A10] -> 0x0E93
mem[X,0x0000000080001A12] -> 0xBFF0
[1669] [M]: 0x0000000080001A10 (0xBFF00E93) addi x29, x0, -0x401                    inst_241+8
x29 <- 0xFFFFFFFFFFFFFBFF

clint mtime 0x0000000000000343 (mip.MTI <- 0b1, mip.STI <- 0b0)
mem[X,0x0000000080001A14] -> 0x1FB3
mem[X,0x0000000080001A16] -> 0x0BDF
[1670] [M]: 0x0000000080001A14 (0x0BDF1FB3) clmul x31, x30, x29                     inst_241+12
x31 <- 0xFFEFFC0000000000

mem[X,0x0000000080001A18] -> 0xBC23
mem[X,0x0000000080001A1A] -> 0x6BF3
[1671] [M]: 0x0000000080001A18 (0x6BF3BC23) sd x31, 0x6b8(x7)                       inst_241+16
mem[W,0x00000000800048A0] <- 0xFFEFFC0000000000

clint mtime 0x0000000000000344 (mip.MTI <- 0b1, mip.STI <- 0b0)
mem[X,0x0000000080001A1C] -> 0x0F13
mem[X,0x0000000080001A1E] -> 0x0010
[1672] [M]: 0x0000000080001A1C (0x00100F13) addi x30, x0, 0x1                       inst_242+0
x30 <- 0x0000000000000001

mem[X,0x0000000080001A20] -> 0x1F13
mem[X,0x0000000080001A22] -> 0x029F
[1673] [M]: 0x0000000080001A20 (0x029F1F13) slli x30, x30, 0x29                     inst_242+4
x30 <- 0x0000020000000000

clint mtime 0x0000000000000345 (mip.MTI <- 0b1, mip.STI <- 0b0)
mem[X,0x0000000080001A24] -> 0x0E93
mem[X,0x0000000080001A26] -> 0xBFF0
[1674] [M]: 0x0000000080001A24 (0xBFF00E93) addi x29, x0, -0x401                    inst_242+8
x29 <- 0xFFFFFFFFFFFFFBFF

mem[X,0x0000000080001A28] -> 0x1FB3
mem[X,0x0000000080001A2A] -> 0x0BDF
[1675] [M]: 0x0000000080001A28 (0x0BDF1FB3) clmul x31, x30, x29                     inst_242+12
x31 <- 0xFFF7FE0000000000

clint mtime 0x0000000000000346 (mip.MTI <- 0b1, mip.STI <- 0b0)
mem[X,0x0000000080001A2C] -> 0xB023
mem[X,0x0000000080001A2E] -> 0x6DF3
[1676] [M]: 0x0000000080001A2C (0x6DF3B023) sd x31, 0x6c0(x7)                       inst_242+16
mem[W,0x00000000800048A8] <- 0xFFF7FE0000000000

mem[X,0x0000000080001A30] -> 0x0F13
mem[X,0x0000000080001A32] -> 0x0010
[1677] [M]: 0x0000000080001A30 (0x00100F13) addi x30, x0, 0x1                       inst_243+0
x30 <- 0x0000000000000001

clint mtime 0x0000000000000347 (mip.MTI <- 0b1, mip.STI <- 0b0)
mem[X,0x0000000080001A34] -> 0x1F13
mem[X,0x0000000080001A36] -> 0x028F
[1678] [M]: 0x0000000080001A34 (0x028F1F13) slli x30, x30, 0x28                     inst_243+4
x30 <- 0x0000010000000000

mem[X,0x0000000080001A38] -> 0x0E93
mem[X,0x0000000080001A3A] -> 0xBFF0
[1679] [M]: 0x0000000080001A38 (0xBFF00E93) addi x29, x0, -0x401                    inst_243+8
x29 <- 0xFFFFFFFFFFFFFBFF

clint mtime 0x0000000000000348 (mip.MTI <- 0b1, mip.STI <- 0b0)
mem[X,0x0000000080001A3C] -> 0x1FB3
mem[X,0x0000000080001A3E] -> 0x0BDF
[1680] [M]: 0x0000000080001A3C (0x0BDF1FB3) clmul x31, x30, x29                     inst_243+12
x31 <- 0xFFFBFF0000000000

mem[X,0x0000000080001A40] -> 0xB423
mem[X,0x0000000080001A42] -> 0x6DF3
[1681] [M]: 0x0000000080001A40 (0x6DF3B423) sd x31, 0x6c8(x7)                       inst_243+16
mem[W,0x00000000800048B0] <- 0xFFFBFF0000000000

clint mtime 0x0000000000000349 (mip.MTI <- 0b1, mip.STI <- 0b0)
mem[X,0x0000000080001A44] -> 0x0F13
mem[X,0x0000000080001A46] -> 0x0010
[1682] [M]: 0x0000000080001A44 (0x00100F13) addi x30, x0, 0x1                       inst_244+0
x30 <- 0x0000000000000001

mem[X,0x0000000080001A48] -> 0x1F13
mem[X,0x0000000080001A4A] -> 0x027F
[1683] [M]: 0x0000000080001A48 (0x027F1F13) slli x30, x30, 0x27                     inst_244+4
x30 <- 0x0000008000000000

clint mtime 0x000000000000034A (mip.MTI <- 0b1, mip.STI <- 0b0)
mem[X,0x0000000080001A4C] -> 0x0E93
mem[X,0x0000000080001A4E] -> 0xBFF0
[1684] [M]: 0x0000000080001A4C (0xBFF00E93) addi x29, x0, -0x401                    inst_244+8
x29 <- 0xFFFFFFFFFFFFFBFF

mem[X,0x0000000080001A50] -> 0x1FB3
mem[X,0x0000000080001A52] -> 0x0BDF
[1685] [M]: 0x0000000080001A50 (0x0BDF1FB3) clmul x31, x30, x29                     inst_244+12
x31 <- 0xFFFDFF8000000000

clint mtime 0x000000000000034B (mip.MTI <- 0b1, mip.STI <- 0b0)
mem[X,0x0000000080001A54] -> 0xB823
mem[X,0x0000000080001A56] -> 0x6DF3
[1686] [M]: 0x0000000080001A54 (0x6DF3B823) sd x31, 0x6d0(x7)                       inst_244+16
mem[W,0x00000000800048B8] <- 0xFFFDFF8000000000

mem[X,0x0000000080001A58] -> 0x0F13
mem[X,0x0000000080001A5A] -> 0x0010
[1687] [M]: 0x0000000080001A58 (0x00100F13) addi x30, x0, 0x1                       inst_245+0
x30 <- 0x0000000000000001

clint mtime 0x000000000000034C (mip.MTI <- 0b1, mip.STI <- 0b0)
mem[X,0x0000000080001A5C] -> 0x1F13
mem[X,0x0000000080001A5E] -> 0x026F
[1688] [M]: 0x0000000080001A5C (0x026F1F13) slli x30, x30, 0x26                     inst_245+4
x30 <- 0x0000004000000000

mem[X,0x0000000080001A60] -> 0x0E93
mem[X,0x0000000080001A62] -> 0xBFF0
[1689] [M]: 0x0000000080001A60 (0xBFF00E93) addi x29, x0, -0x401                    inst_245+8
x29 <- 0xFFFFFFFFFFFFFBFF

clint mtime 0x000000000000034D (mip.MTI <- 0b1, mip.STI <- 0b0)
mem[X,0x0000000080001A64] -> 0x1FB3
mem[X,0x0000000080001A66] -> 0x0BDF
[1690] [M]: 0x0000000080001A64 (0x0BDF1FB3) clmul x31, x30, x29                     inst_245+12
x31 <- 0xFFFEFFC000000000

mem[X,0x0000000080001A68] -> 0xBC23
mem[X,0x0000000080001A6A] -> 0x6DF3
[1691] [M]: 0x0000000080001A68 (0x6DF3BC23) sd x31, 0x6d8(x7)                       inst_245+16
mem[W,0x00000000800048C0] <- 0xFFFEFFC000000000

clint mtime 0x000000000000034E (mip.MTI <- 0b1, mip.STI <- 0b0)
mem[X,0x0000000080001A6C] -> 0x0F13
mem[X,0x0000000080001A6E] -> 0x0010
[1692] [M]: 0x0000000080001A6C (0x00100F13) addi x30, x0, 0x1                       inst_246+0
x30 <- 0x0000000000000001

mem[X,0x0000000080001A70] -> 0x1F13
mem[X,0x0000000080001A72] -> 0x025F
[1693] [M]: 0x0000000080001A70 (0x025F1F13) slli x30, x30, 0x25                     inst_246+4
x30 <- 0x0000002000000000

clint mtime 0x000000000000034F (mip.MTI <- 0b1, mip.STI <- 0b0)
mem[X,0x0000000080001A74] -> 0x0E93
mem[X,0x0000000080001A76] -> 0xBFF0
[1694] [M]: 0x0000000080001A74 (0xBFF00E93) addi x29, x0, -0x401                    inst_246+8
x29 <- 0xFFFFFFFFFFFFFBFF

mem[X,0x0000000080001A78] -> 0x1FB3
mem[X,0x0000000080001A7A] -> 0x0BDF
[1695] [M]: 0x0000000080001A78 (0x0BDF1FB3) clmul x31, x30, x29                     inst_246+12
x31 <- 0xFFFF7FE000000000

clint mtime 0x0000000000000350 (mip.MTI <- 0b1, mip.STI <- 0b0)
mem[X,0x0000000080001A7C] -> 0xB023
mem[X,0x0000000080001A7E] -> 0x6FF3
[1696] [M]: 0x0000000080001A7C (0x6FF3B023) sd x31, 0x6e0(x7)                       inst_246+16
mem[W,0x00000000800048C8] <- 0xFFFF7FE000000000

mem[X,0x0000000080001A80] -> 0x0F13
mem[X,0x0000000080001A82] -> 0x0010
[1697] [M]: 0x0000000080001A80 (0x00100F13) addi x30, x0, 0x1                       inst_247+0
x30 <- 0x0000000000000001

clint mtime 0x0000000000000351 (mip.MTI <- 0b1, mip.STI <- 0b0)
mem[X,0x0000000080001A84] -> 0x1F13
mem[X,0x0000000080001A86] -> 0x024F
[1698] [M]: 0x0000000080001A84 (0x024F1F13) slli x30, x30, 0x24                     inst_247+4
x30 <- 0x0000001000000000

mem[X,0x0000000080001A88] -> 0x0E93
mem[X,0x0000000080001A8A] -> 0xBFF0
[1699] [M]: 0x0000000080001A88 (0xBFF00E93) addi x29, x0, -0x401                    inst_247+8
x29 <- 0xFFFFFFFFFFFFFBFF

clint mtime 0x0000000000000352 (mip.MTI <- 0b1, mip.STI <- 0b0)
mem[X,0x0000000080001A8C] -> 0x1FB3
mem[X,0x0000000080001A8E] -> 0x0BDF
[1700] [M]: 0x0000000080001A8C (0x0BDF1FB3) clmul x31, x30, x29                     inst_247+12
x31 <- 0xFFFFBFF000000000

mem[X,0x0000000080001A90] -> 0xB423
mem[X,0x0000000080001A92] -> 0x6FF3
[1701] [M]: 0x0000000080001A90 (0x6FF3B423) sd x31, 0x6e8(x7)                       inst_247+16
mem[W,0x00000000800048D0] <- 0xFFFFBFF000000000

clint mtime 0x0000000000000353 (mip.MTI <- 0b1, mip.STI <- 0b0)
mem[X,0x0000000080001A94] -> 0x0F13
mem[X,0x0000000080001A96] -> 0x0010
[1702] [M]: 0x0000000080001A94 (0x00100F13) addi x30, x0, 0x1                       inst_248+0
x30 <- 0x0000000000000001

mem[X,0x0000000080001A98] -> 0x1F13
mem[X,0x0000000080001A9A] -> 0x023F
[1703] [M]: 0x0000000080001A98 (0x023F1F13) slli x30, x30, 0x23                     inst_248+4
x30 <- 0x0000000800000000

clint mtime 0x0000000000000354 (mip.MTI <- 0b1, mip.STI <- 0b0)
mem[X,0x0000000080001A9C] -> 0x0E93
mem[X,0x0000000080001A9E] -> 0xBFF0
[1704] [M]: 0x0000000080001A9C (0xBFF00E93) addi x29, x0, -0x401                    inst_248+8
x29 <- 0xFFFFFFFFFFFFFBFF

mem[X,0x0000000080001AA0] -> 0x1FB3
mem[X,0x0000000080001AA2] -> 0x0BDF
[1705] [M]: 0x0000000080001AA0 (0x0BDF1FB3) clmul x31, x30, x29                     inst_248+12
x31 <- 0xFFFFDFF800000000

clint mtime 0x0000000000000355 (mip.MTI <- 0b1, mip.STI <- 0b0)
mem[X,0x0000000080001AA4] -> 0xB823
mem[X,0x0000000080001AA6] -> 0x6FF3
[1706] [M]: 0x0000000080001AA4 (0x6FF3B823) sd x31, 0x6f0(x7)                       inst_248+16
mem[W,0x00000000800048D8] <- 0xFFFFDFF800000000

mem[X,0x0000000080001AA8] -> 0x0F13
mem[X,0x0000000080001AAA] -> 0x0010
[1707] [M]: 0x0000000080001AA8 (0x00100F13) addi x30, x0, 0x1                       inst_249+0
x30 <- 0x0000000000000001

clint mtime 0x0000000000000356 (mip.MTI <- 0b1, mip.STI <- 0b0)
mem[X,0x0000000080001AAC] -> 0x1F13
mem[X,0x0000000080001AAE] -> 0x022F
[1708] [M]: 0x0000000080001AAC (0x022F1F13) slli x30, x30, 0x22                     inst_249+4
x30 <- 0x0000000400000000

mem[X,0x0000000080001AB0] -> 0x0E93
mem[X,0x0000000080001AB2] -> 0xBFF0
[1709] [M]: 0x0000000080001AB0 (0xBFF00E93) addi x29, x0, -0x401                    inst_249+8
x29 <- 0xFFFFFFFFFFFFFBFF

clint mtime 0x0000000000000357 (mip.MTI <- 0b1, mip.STI <- 0b0)
mem[X,0x0000000080001AB4] -> 0x1FB3
mem[X,0x0000000080001AB6] -> 0x0BDF
[1710] [M]: 0x0000000080001AB4 (0x0BDF1FB3) clmul x31, x30, x29                     inst_249+12
x31 <- 0xFFFFEFFC00000000

mem[X,0x0000000080001AB8] -> 0xBC23
mem[X,0x0000000080001ABA] -> 0x6FF3
[1711] [M]: 0x0000000080001AB8 (0x6FF3BC23) sd x31, 0x6f8(x7)                       inst_249+16
mem[W,0x00000000800048E0] <- 0xFFFFEFFC00000000

clint mtime 0x0000000000000358 (mip.MTI <- 0b1, mip.STI <- 0b0)
mem[X,0x0000000080001ABC] -> 0x0F13
mem[X,0x0000000080001ABE] -> 0x0010
[1712] [M]: 0x0000000080001ABC (0x00100F13) addi x30, x0, 0x1                       inst_250+0
x30 <- 0x0000000000000001

mem[X,0x0000000080001AC0] -> 0x1F13
mem[X,0x0000000080001AC2] -> 0x021F
[1713] [M]: 0x0000000080001AC0 (0x021F1F13) slli x30, x30, 0x21                     inst_250+4
x30 <- 0x0000000200000000

clint mtime 0x0000000000000359 (mip.MTI <- 0b1, mip.STI <- 0b0)
mem[X,0x0000000080001AC4] -> 0x0E93
mem[X,0x0000000080001AC6] -> 0xBFF0
[1714] [M]: 0x0000000080001AC4 (0xBFF00E93) addi x29, x0, -0x401                    inst_250+8
x29 <- 0xFFFFFFFFFFFFFBFF

mem[X,0x0000000080001AC8] -> 0x1FB3
mem[X,0x0000000080001ACA] -> 0x0BDF
[1715] [M]: 0x0000000080001AC8 (0x0BDF1FB3) clmul x31, x30, x29                     inst_250+12
x31 <- 0xFFFFF7FE00000000

clint mtime 0x000000000000035A (mip.MTI <- 0b1, mip.STI <- 0b0)
mem[X,0x0000000080001ACC] -> 0xB023
mem[X,0x0000000080001ACE] -> 0x71F3
[1716] [M]: 0x0000000080001ACC (0x71F3B023) sd x31, 0x700(x7)                       inst_250+16
mem[W,0x00000000800048E8] <- 0xFFFFF7FE00000000

mem[X,0x0000000080001AD0] -> 0x0F13
mem[X,0x0000000080001AD2] -> 0x0010
[1717] [M]: 0x0000000080001AD0 (0x00100F13) addi x30, x0, 0x1                       inst_251+0
x30 <- 0x0000000000000001

clint mtime 0x000000000000035B (mip.MTI <- 0b1, mip.STI <- 0b0)
mem[X,0x0000000080001AD4] -> 0x1F13
mem[X,0x0000000080001AD6] -> 0x020F
[1718] [M]: 0x0000000080001AD4 (0x020F1F13) slli x30, x30, 0x20                     inst_251+4
x30 <- 0x0000000100000000

mem[X,0x0000000080001AD8] -> 0x0E93
mem[X,0x0000000080001ADA] -> 0xBFF0
[1719] [M]: 0x0000000080001AD8 (0xBFF00E93) addi x29, x0, -0x401                    inst_251+8
x29 <- 0xFFFFFFFFFFFFFBFF

clint mtime 0x000000000000035C (mip.MTI <- 0b1, mip.STI <- 0b0)
mem[X,0x0000000080001ADC] -> 0x1FB3
mem[X,0x0000000080001ADE] -> 0x0BDF
[1720] [M]: 0x0000000080001ADC (0x0BDF1FB3) clmul x31, x30, x29                     inst_251+12
x31 <- 0xFFFFFBFF00000000

mem[X,0x0000000080001AE0] -> 0xB423
mem[X,0x0000000080001AE2] -> 0x71F3
[1721] [M]: 0x0000000080001AE0 (0x71F3B423) sd x31, 0x708(x7)                       inst_251+16
mem[W,0x00000000800048F0] <- 0xFFFFFBFF00000000

clint mtime 0x000000000000035D (mip.MTI <- 0b1, mip.STI <- 0b0)
mem[X,0x0000000080001AE4] -> 0x0F13
mem[X,0x0000000080001AE6] -> 0x0010
[1722] [M]: 0x0000000080001AE4 (0x00100F13) addi x30, x0, 0x1                       inst_252+0
x30 <- 0x0000000000000001

mem[X,0x0000000080001AE8] -> 0x1F13
mem[X,0x0000000080001AEA] -> 0x01FF
[1723] [M]: 0x0000000080001AE8 (0x01FF1F13) slli x30, x30, 0x1f                     inst_252+4
x30 <- 0x0000000080000000

clint mtime 0x000000000000035E (mip.MTI <- 0b1, mip.STI <- 0b0)
mem[X,0x0000000080001AEC] -> 0x0E93
mem[X,0x0000000080001AEE] -> 0xBFF0
[1724] [M]: 0x0000000080001AEC (0xBFF00E93) addi x29, x0, -0x401                    inst_252+8
x29 <- 0xFFFFFFFFFFFFFBFF

mem[X,0x0000000080001AF0] -> 0x1FB3
mem[X,0x0000000080001AF2] -> 0x0BDF
[1725] [M]: 0x0000000080001AF0 (0x0BDF1FB3) clmul x31, x30, x29                     inst_252+12
x31 <- 0xFFFFFDFF80000000

clint mtime 0x000000000000035F (mip.MTI <- 0b1, mip.STI <- 0b0)
mem[X,0x0000000080001AF4] -> 0xB823
mem[X,0x0000000080001AF6] -> 0x71F3
[1726] [M]: 0x0000000080001AF4 (0x71F3B823) sd x31, 0x710(x7)                       inst_252+16
mem[W,0x00000000800048F8] <- 0xFFFFFDFF80000000

mem[X,0x0000000080001AF8] -> 0x0F13
mem[X,0x0000000080001AFA] -> 0x0010
[1727] [M]: 0x0000000080001AF8 (0x00100F13) addi x30, x0, 0x1                       inst_253+0
x30 <- 0x0000000000000001

clint mtime 0x0000000000000360 (mip.MTI <- 0b1, mip.STI <- 0b0)
mem[X,0x0000000080001AFC] -> 0x1F13
mem[X,0x0000000080001AFE] -> 0x01EF
[1728] [M]: 0x0000000080001AFC (0x01EF1F13) slli x30, x30, 0x1e                     inst_253+4
x30 <- 0x0000000040000000

mem[X,0x0000000080001B00] -> 0x0E93
mem[X,0x0000000080001B02] -> 0xBFF0
[1729] [M]: 0x0000000080001B00 (0xBFF00E93) addi x29, x0, -0x401                    inst_253+8
x29 <- 0xFFFFFFFFFFFFFBFF

clint mtime 0x0000000000000361 (mip.MTI <- 0b1, mip.STI <- 0b0)
mem[X,0x0000000080001B04] -> 0x1FB3
mem[X,0x0000000080001B06] -> 0x0BDF
[1730] [M]: 0x0000000080001B04 (0x0BDF1FB3) clmul x31, x30, x29                     inst_253+12
x31 <- 0xFFFFFEFFC0000000

mem[X,0x0000000080001B08] -> 0xBC23
mem[X,0x0000000080001B0A] -> 0x71F3
[1731] [M]: 0x0000000080001B08 (0x71F3BC23) sd x31, 0x718(x7)                       inst_253+16
mem[W,0x0000000080004900] <- 0xFFFFFEFFC0000000

clint mtime 0x0000000000000362 (mip.MTI <- 0b1, mip.STI <- 0b0)
mem[X,0x0000000080001B0C] -> 0x0F13
mem[X,0x0000000080001B0E] -> 0x0010
[1732] [M]: 0x0000000080001B0C (0x00100F13) addi x30, x0, 0x1                       inst_254+0
x30 <- 0x0000000000000001

mem[X,0x0000000080001B10] -> 0x1F13
mem[X,0x0000000080001B12] -> 0x01DF
[1733] [M]: 0x0000000080001B10 (0x01DF1F13) slli x30, x30, 0x1d                     inst_254+4
x30 <- 0x0000000020000000

clint mtime 0x0000000000000363 (mip.MTI <- 0b1, mip.STI <- 0b0)
mem[X,0x0000000080001B14] -> 0x0E93
mem[X,0x0000000080001B16] -> 0xBFF0
[1734] [M]: 0x0000000080001B14 (0xBFF00E93) addi x29, x0, -0x401                    inst_254+8
x29 <- 0xFFFFFFFFFFFFFBFF

mem[X,0x0000000080001B18] -> 0x1FB3
mem[X,0x0000000080001B1A] -> 0x0BDF
[1735] [M]: 0x0000000080001B18 (0x0BDF1FB3) clmul x31, x30, x29                     inst_254+12
x31 <- 0xFFFFFF7FE0000000

clint mtime 0x0000000000000364 (mip.MTI <- 0b1, mip.STI <- 0b0)
mem[X,0x0000000080001B1C] -> 0xB023
mem[X,0x0000000080001B1E] -> 0x73F3
[1736] [M]: 0x0000000080001B1C (0x73F3B023) sd x31, 0x720(x7)                       inst_254+16
mem[W,0x0000000080004908] <- 0xFFFFFF7FE0000000

mem[X,0x0000000080001B20] -> 0x0F13
mem[X,0x0000000080001B22] -> 0x0010
[1737] [M]: 0x0000000080001B20 (0x00100F13) addi x30, x0, 0x1                       inst_255+0
x30 <- 0x0000000000000001

clint mtime 0x0000000000000365 (mip.MTI <- 0b1, mip.STI <- 0b0)
mem[X,0x0000000080001B24] -> 0x1F13
mem[X,0x0000000080001B26] -> 0x01CF
[1738] [M]: 0x0000000080001B24 (0x01CF1F13) slli x30, x30, 0x1c                     inst_255+4
x30 <- 0x0000000010000000

mem[X,0x0000000080001B28] -> 0x0E93
mem[X,0x0000000080001B2A] -> 0xBFF0
[1739] [M]: 0x0000000080001B28 (0xBFF00E93) addi x29, x0, -0x401                    inst_255+8
x29 <- 0xFFFFFFFFFFFFFBFF

clint mtime 0x0000000000000366 (mip.MTI <- 0b1, mip.STI <- 0b0)
mem[X,0x0000000080001B2C] -> 0x1FB3
mem[X,0x0000000080001B2E] -> 0x0BDF
[1740] [M]: 0x0000000080001B2C (0x0BDF1FB3) clmul x31, x30, x29                     inst_255+12
x31 <- 0xFFFFFFBFF0000000

mem[X,0x0000000080001B30] -> 0xB423
mem[X,0x0000000080001B32] -> 0x73F3
[1741] [M]: 0x0000000080001B30 (0x73F3B423) sd x31, 0x728(x7)                       inst_255+16
mem[W,0x0000000080004910] <- 0xFFFFFFBFF0000000

clint mtime 0x0000000000000367 (mip.MTI <- 0b1, mip.STI <- 0b0)
mem[X,0x0000000080001B34] -> 0x0F13
mem[X,0x0000000080001B36] -> 0x0010
[1742] [M]: 0x0000000080001B34 (0x00100F13) addi x30, x0, 0x1                       inst_256+0
x30 <- 0x0000000000000001

mem[X,0x0000000080001B38] -> 0x1F13
mem[X,0x0000000080001B3A] -> 0x01BF
[1743] [M]: 0x0000000080001B38 (0x01BF1F13) slli x30, x30, 0x1b                     inst_256+4
x30 <- 0x0000000008000000

clint mtime 0x0000000000000368 (mip.MTI <- 0b1, mip.STI <- 0b0)
mem[X,0x0000000080001B3C] -> 0x0E93
mem[X,0x0000000080001B3E] -> 0xBFF0
[1744] [M]: 0x0000000080001B3C (0xBFF00E93) addi x29, x0, -0x401                    inst_256+8
x29 <- 0xFFFFFFFFFFFFFBFF

mem[X,0x0000000080001B40] -> 0x1FB3
mem[X,0x0000000080001B42] -> 0x0BDF
[1745] [M]: 0x0000000080001B40 (0x0BDF1FB3) clmul x31, x30, x29                     inst_256+12
x31 <- 0xFFFFFFDFF8000000

clint mtime 0x0000000000000369 (mip.MTI <- 0b1, mip.STI <- 0b0)
mem[X,0x0000000080001B44] -> 0xB823
mem[X,0x0000000080001B46] -> 0x73F3
[1746] [M]: 0x0000000080001B44 (0x73F3B823) sd x31, 0x730(x7)                       inst_256+16
mem[W,0x0000000080004918] <- 0xFFFFFFDFF8000000

mem[X,0x0000000080001B48] -> 0x0F13
mem[X,0x0000000080001B4A] -> 0x0010
[1747] [M]: 0x0000000080001B48 (0x00100F13) addi x30, x0, 0x1                       inst_257+0
x30 <- 0x0000000000000001

clint mtime 0x000000000000036A (mip.MTI <- 0b1, mip.STI <- 0b0)
mem[X,0x0000000080001B4C] -> 0x1F13
mem[X,0x0000000080001B4E] -> 0x01AF
[1748] [M]: 0x0000000080001B4C (0x01AF1F13) slli x30, x30, 0x1a                     inst_257+4
x30 <- 0x0000000004000000

mem[X,0x0000000080001B50] -> 0x0E93
mem[X,0x0000000080001B52] -> 0xBFF0
[1749] [M]: 0x0000000080001B50 (0xBFF00E93) addi x29, x0, -0x401                    inst_257+8
x29 <- 0xFFFFFFFFFFFFFBFF

clint mtime 0x000000000000036B (mip.MTI <- 0b1, mip.STI <- 0b0)
mem[X,0x0000000080001B54] -> 0x1FB3
mem[X,0x0000000080001B56] -> 0x0BDF
[1750] [M]: 0x0000000080001B54 (0x0BDF1FB3) clmul x31, x30, x29                     inst_257+12
x31 <- 0xFFFFFFEFFC000000

mem[X,0x0000000080001B58] -> 0xBC23
mem[X,0x0000000080001B5A] -> 0x73F3
[1751] [M]: 0x0000000080001B58 (0x73F3BC23) sd x31, 0x738(x7)                       inst_257+16
mem[W,0x0000000080004920] <- 0xFFFFFFEFFC000000

clint mtime 0x000000000000036C (mip.MTI <- 0b1, mip.STI <- 0b0)
mem[X,0x0000000080001B5C] -> 0x0F13
mem[X,0x0000000080001B5E] -> 0x0010
[1752] [M]: 0x0000000080001B5C (0x00100F13) addi x30, x0, 0x1                       inst_258+0
x30 <- 0x0000000000000001

mem[X,0x0000000080001B60] -> 0x1F13
mem[X,0x0000000080001B62] -> 0x019F
[1753] [M]: 0x0000000080001B60 (0x019F1F13) slli x30, x30, 0x19                     inst_258+4
x30 <- 0x0000000002000000

clint mtime 0x000000000000036D (mip.MTI <- 0b1, mip.STI <- 0b0)
mem[X,0x0000000080001B64] -> 0x0E93
mem[X,0x0000000080001B66] -> 0xBFF0
[1754] [M]: 0x0000000080001B64 (0xBFF00E93) addi x29, x0, -0x401                    inst_258+8
x29 <- 0xFFFFFFFFFFFFFBFF

mem[X,0x0000000080001B68] -> 0x1FB3
mem[X,0x0000000080001B6A] -> 0x0BDF
[1755] [M]: 0x0000000080001B68 (0x0BDF1FB3) clmul x31, x30, x29                     inst_258+12
x31 <- 0xFFFFFFF7FE000000

clint mtime 0x000000000000036E (mip.MTI <- 0b1, mip.STI <- 0b0)
mem[X,0x0000000080001B6C] -> 0xB023
mem[X,0x0000000080001B6E] -> 0x75F3
[1756] [M]: 0x0000000080001B6C (0x75F3B023) sd x31, 0x740(x7)                       inst_258+16
mem[W,0x0000000080004928] <- 0xFFFFFFF7FE000000

mem[X,0x0000000080001B70] -> 0x0F13
mem[X,0x0000000080001B72] -> 0x0010
[1757] [M]: 0x0000000080001B70 (0x00100F13) addi x30, x0, 0x1                       inst_259+0
x30 <- 0x0000000000000001

clint mtime 0x000000000000036F (mip.MTI <- 0b1, mip.STI <- 0b0)
mem[X,0x0000000080001B74] -> 0x1F13
mem[X,0x0000000080001B76] -> 0x018F
[1758] [M]: 0x0000000080001B74 (0x018F1F13) slli x30, x30, 0x18                     inst_259+4
x30 <- 0x0000000001000000

mem[X,0x0000000080001B78] -> 0x0E93
mem[X,0x0000000080001B7A] -> 0xBFF0
[1759] [M]: 0x0000000080001B78 (0xBFF00E93) addi x29, x0, -0x401                    inst_259+8
x29 <- 0xFFFFFFFFFFFFFBFF

clint mtime 0x0000000000000370 (mip.MTI <- 0b1, mip.STI <- 0b0)
mem[X,0x0000000080001B7C] -> 0x1FB3
mem[X,0x0000000080001B7E] -> 0x0BDF
[1760] [M]: 0x0000000080001B7C (0x0BDF1FB3) clmul x31, x30, x29                     inst_259+12
x31 <- 0xFFFFFFFBFF000000

mem[X,0x0000000080001B80] -> 0xB423
mem[X,0x0000000080001B82] -> 0x75F3
[1761] [M]: 0x0000000080001B80 (0x75F3B423) sd x31, 0x748(x7)                       inst_259+16
mem[W,0x0000000080004930] <- 0xFFFFFFFBFF000000

clint mtime 0x0000000000000371 (mip.MTI <- 0b1, mip.STI <- 0b0)
mem[X,0x0000000080001B84] -> 0x0F13
mem[X,0x0000000080001B86] -> 0x0010
[1762] [M]: 0x0000000080001B84 (0x00100F13) addi x30, x0, 0x1                       inst_260+0
x30 <- 0x0000000000000001

mem[X,0x0000000080001B88] -> 0x1F13
mem[X,0x0000000080001B8A] -> 0x017F
[1763] [M]: 0x0000000080001B88 (0x017F1F13) slli x30, x30, 0x17                     inst_260+4
x30 <- 0x0000000000800000

clint mtime 0x0000000000000372 (mip.MTI <- 0b1, mip.STI <- 0b0)
mem[X,0x0000000080001B8C] -> 0x0E93
mem[X,0x0000000080001B8E] -> 0xBFF0
[1764] [M]: 0x0000000080001B8C (0xBFF00E93) addi x29, x0, -0x401                    inst_260+8
x29 <- 0xFFFFFFFFFFFFFBFF

mem[X,0x0000000080001B90] -> 0x1FB3
mem[X,0x0000000080001B92] -> 0x0BDF
[1765] [M]: 0x0000000080001B90 (0x0BDF1FB3) clmul x31, x30, x29                     inst_260+12
x31 <- 0xFFFFFFFDFF800000

clint mtime 0x0000000000000373 (mip.MTI <- 0b1, mip.STI <- 0b0)
mem[X,0x0000000080001B94] -> 0xB823
mem[X,0x0000000080001B96] -> 0x75F3
[1766] [M]: 0x0000000080001B94 (0x75F3B823) sd x31, 0x750(x7)                       inst_260+16
mem[W,0x0000000080004938] <- 0xFFFFFFFDFF800000

mem[X,0x0000000080001B98] -> 0x0F13
mem[X,0x0000000080001B9A] -> 0x0010
[1767] [M]: 0x0000000080001B98 (0x00100F13) addi x30, x0, 0x1                       inst_261+0
x30 <- 0x0000000000000001

clint mtime 0x0000000000000374 (mip.MTI <- 0b1, mip.STI <- 0b0)
mem[X,0x0000000080001B9C] -> 0x1F13
mem[X,0x0000000080001B9E] -> 0x016F
[1768] [M]: 0x0000000080001B9C (0x016F1F13) slli x30, x30, 0x16                     inst_261+4
x30 <- 0x0000000000400000

mem[X,0x0000000080001BA0] -> 0x0E93
mem[X,0x0000000080001BA2] -> 0xBFF0
[1769] [M]: 0x0000000080001BA0 (0xBFF00E93) addi x29, x0, -0x401                    inst_261+8
x29 <- 0xFFFFFFFFFFFFFBFF

clint mtime 0x0000000000000375 (mip.MTI <- 0b1, mip.STI <- 0b0)
mem[X,0x0000000080001BA4] -> 0x1FB3
mem[X,0x0000000080001BA6] -> 0x0BDF
[1770] [M]: 0x0000000080001BA4 (0x0BDF1FB3) clmul x31, x30, x29                     inst_261+12
x31 <- 0xFFFFFFFEFFC00000

mem[X,0x0000000080001BA8] -> 0xBC23
mem[X,0x0000000080001BAA] -> 0x75F3
[1771] [M]: 0x0000000080001BA8 (0x75F3BC23) sd x31, 0x758(x7)                       inst_261+16
mem[W,0x0000000080004940] <- 0xFFFFFFFEFFC00000

clint mtime 0x0000000000000376 (mip.MTI <- 0b1, mip.STI <- 0b0)
mem[X,0x0000000080001BAC] -> 0x0F13
mem[X,0x0000000080001BAE] -> 0x0010
[1772] [M]: 0x0000000080001BAC (0x00100F13) addi x30, x0, 0x1                       inst_262+0
x30 <- 0x0000000000000001

mem[X,0x0000000080001BB0] -> 0x1F13
mem[X,0x0000000080001BB2] -> 0x015F
[1773] [M]: 0x0000000080001BB0 (0x015F1F13) slli x30, x30, 0x15                     inst_262+4
x30 <- 0x0000000000200000

clint mtime 0x0000000000000377 (mip.MTI <- 0b1, mip.STI <- 0b0)
mem[X,0x0000000080001BB4] -> 0x0E93
mem[X,0x0000000080001BB6] -> 0xBFF0
[1774] [M]: 0x0000000080001BB4 (0xBFF00E93) addi x29, x0, -0x401                    inst_262+8
x29 <- 0xFFFFFFFFFFFFFBFF

mem[X,0x0000000080001BB8] -> 0x1FB3
mem[X,0x0000000080001BBA] -> 0x0BDF
[1775] [M]: 0x0000000080001BB8 (0x0BDF1FB3) clmul x31, x30, x29                     inst_262+12
x31 <- 0xFFFFFFFF7FE00000

clint mtime 0x0000000000000378 (mip.MTI <- 0b1, mip.STI <- 0b0)
mem[X,0x0000000080001BBC] -> 0xB023
mem[X,0x0000000080001BBE] -> 0x77F3
[1776] [M]: 0x0000000080001BBC (0x77F3B023) sd x31, 0x760(x7)                       inst_262+16
mem[W,0x0000000080004948] <- 0xFFFFFFFF7FE00000

mem[X,0x0000000080001BC0] -> 0x0F13
mem[X,0x0000000080001BC2] -> 0x0010
[1777] [M]: 0x0000000080001BC0 (0x00100F13) addi x30, x0, 0x1                       inst_263+0
x30 <- 0x0000000000000001

clint mtime 0x0000000000000379 (mip.MTI <- 0b1, mip.STI <- 0b0)
mem[X,0x0000000080001BC4] -> 0x1F13
mem[X,0x0000000080001BC6] -> 0x014F
[1778] [M]: 0x0000000080001BC4 (0x014F1F13) slli x30, x30, 0x14                     inst_263+4
x30 <- 0x0000000000100000

mem[X,0x0000000080001BC8] -> 0x0E93
mem[X,0x0000000080001BCA] -> 0xBFF0
[1779] [M]: 0x0000000080001BC8 (0xBFF00E93) addi x29, x0, -0x401                    inst_263+8
x29 <- 0xFFFFFFFFFFFFFBFF

clint mtime 0x000000000000037A (mip.MTI <- 0b1, mip.STI <- 0b0)
mem[X,0x0000000080001BCC] -> 0x1FB3
mem[X,0x0000000080001BCE] -> 0x0BDF
[1780] [M]: 0x0000000080001BCC (0x0BDF1FB3) clmul x31, x30, x29                     inst_263+12
x31 <- 0xFFFFFFFFBFF00000

mem[X,0x0000000080001BD0] -> 0xB423
mem[X,0x0000000080001BD2] -> 0x77F3
[1781] [M]: 0x0000000080001BD0 (0x77F3B423) sd x31, 0x768(x7)                       inst_263+16
mem[W,0x0000000080004950] <- 0xFFFFFFFFBFF00000

clint mtime 0x000000000000037B (mip.MTI <- 0b1, mip.STI <- 0b0)
mem[X,0x0000000080001BD4] -> 0x0F13
mem[X,0x0000000080001BD6] -> 0x0010
[1782] [M]: 0x0000000080001BD4 (0x00100F13) addi x30, x0, 0x1                       inst_264+0
x30 <- 0x0000000000000001

mem[X,0x0000000080001BD8] -> 0x1F13
mem[X,0x0000000080001BDA] -> 0x013F
[1783] [M]: 0x0000000080001BD8 (0x013F1F13) slli x30, x30, 0x13                     inst_264+4
x30 <- 0x0000000000080000

clint mtime 0x000000000000037C (mip.MTI <- 0b1, mip.STI <- 0b0)
mem[X,0x0000000080001BDC] -> 0x0E93
mem[X,0x0000000080001BDE] -> 0xBFF0
[1784] [M]: 0x0000000080001BDC (0xBFF00E93) addi x29, x0, -0x401                    inst_264+8
x29 <- 0xFFFFFFFFFFFFFBFF

mem[X,0x0000000080001BE0] -> 0x1FB3
mem[X,0x0000000080001BE2] -> 0x0BDF
[1785] [M]: 0x0000000080001BE0 (0x0BDF1FB3) clmul x31, x30, x29                     inst_264+12
x31 <- 0xFFFFFFFFDFF80000

clint mtime 0x000000000000037D (mip.MTI <- 0b1, mip.STI <- 0b0)
mem[X,0x0000000080001BE4] -> 0xB823
mem[X,0x0000000080001BE6] -> 0x77F3
[1786] [M]: 0x0000000080001BE4 (0x77F3B823) sd x31, 0x770(x7)                       inst_264+16
mem[W,0x0000000080004958] <- 0xFFFFFFFFDFF80000

mem[X,0x0000000080001BE8] -> 0x0F13
mem[X,0x0000000080001BEA] -> 0x0010
[1787] [M]: 0x0000000080001BE8 (0x00100F13) addi x30, x0, 0x1                       inst_265+0
x30 <- 0x0000000000000001

clint mtime 0x000000000000037E (mip.MTI <- 0b1, mip.STI <- 0b0)
mem[X,0x0000000080001BEC] -> 0x1F13
mem[X,0x0000000080001BEE] -> 0x012F
[1788] [M]: 0x0000000080001BEC (0x012F1F13) slli x30, x30, 0x12                     inst_265+4
x30 <- 0x0000000000040000

mem[X,0x0000000080001BF0] -> 0x0E93
mem[X,0x0000000080001BF2] -> 0xBFF0
[1789] [M]: 0x0000000080001BF0 (0xBFF00E93) addi x29, x0, -0x401                    inst_265+8
x29 <- 0xFFFFFFFFFFFFFBFF

clint mtime 0x000000000000037F (mip.MTI <- 0b1, mip.STI <- 0b0)
mem[X,0x0000000080001BF4] -> 0x1FB3
mem[X,0x0000000080001BF6] -> 0x0BDF
[1790] [M]: 0x0000000080001BF4 (0x0BDF1FB3) clmul x31, x30, x29                     inst_265+12
x31 <- 0xFFFFFFFFEFFC0000

mem[X,0x0000000080001BF8] -> 0xBC23
mem[X,0x0000000080001BFA] -> 0x77F3
[1791] [M]: 0x0000000080001BF8 (0x77F3BC23) sd x31, 0x778(x7)                       inst_265+16
mem[W,0x0000000080004960] <- 0xFFFFFFFFEFFC0000

clint mtime 0x0000000000000380 (mip.MTI <- 0b1, mip.STI <- 0b0)
mem[X,0x0000000080001BFC] -> 0x0F13
mem[X,0x0000000080001BFE] -> 0x0010
[1792] [M]: 0x0000000080001BFC (0x00100F13) addi x30, x0, 0x1                       inst_266+0
x30 <- 0x0000000000000001

mem[X,0x0000000080001C00] -> 0x1F13
mem[X,0x0000000080001C02] -> 0x011F
[1793] [M]: 0x0000000080001C00 (0x011F1F13) slli x30, x30, 0x11                     inst_266+4
x30 <- 0x0000000000020000

clint mtime 0x0000000000000381 (mip.MTI <- 0b1, mip.STI <- 0b0)
mem[X,0x0000000080001C04] -> 0x0E93
mem[X,0x0000000080001C06] -> 0xBFF0
[1794] [M]: 0x0000000080001C04 (0xBFF00E93) addi x29, x0, -0x401                    inst_266+8
x29 <- 0xFFFFFFFFFFFFFBFF

mem[X,0x0000000080001C08] -> 0x1FB3
mem[X,0x0000000080001C0A] -> 0x0BDF
[1795] [M]: 0x0000000080001C08 (0x0BDF1FB3) clmul x31, x30, x29                     inst_266+12
x31 <- 0xFFFFFFFFF7FE0000

clint mtime 0x0000000000000382 (mip.MTI <- 0b1, mip.STI <- 0b0)
mem[X,0x0000000080001C0C] -> 0xB023
mem[X,0x0000000080001C0E] -> 0x79F3
[1796] [M]: 0x0000000080001C0C (0x79F3B023) sd x31, 0x780(x7)                       inst_266+16
mem[W,0x0000000080004968] <- 0xFFFFFFFFF7FE0000

mem[X,0x0000000080001C10] -> 0x0F13
mem[X,0x0000000080001C12] -> 0x0010
[1797] [M]: 0x0000000080001C10 (0x00100F13) addi x30, x0, 0x1                       inst_267+0
x30 <- 0x0000000000000001

clint mtime 0x0000000000000383 (mip.MTI <- 0b1, mip.STI <- 0b0)
mem[X,0x0000000080001C14] -> 0x1F13
mem[X,0x0000000080001C16] -> 0x010F
[1798] [M]: 0x0000000080001C14 (0x010F1F13) slli x30, x30, 0x10                     inst_267+4
x30 <- 0x0000000000010000

mem[X,0x0000000080001C18] -> 0x0E93
mem[X,0x0000000080001C1A] -> 0xBFF0
[1799] [M]: 0x0000000080001C18 (0xBFF00E93) addi x29, x0, -0x401                    inst_267+8
x29 <- 0xFFFFFFFFFFFFFBFF

clint mtime 0x0000000000000384 (mip.MTI <- 0b1, mip.STI <- 0b0)
mem[X,0x0000000080001C1C] -> 0x1FB3
mem[X,0x0000000080001C1E] -> 0x0BDF
[1800] [M]: 0x0000000080001C1C (0x0BDF1FB3) clmul x31, x30, x29                     inst_267+12
x31 <- 0xFFFFFFFFFBFF0000

mem[X,0x0000000080001C20] -> 0xB423
mem[X,0x0000000080001C22] -> 0x79F3
[1801] [M]: 0x0000000080001C20 (0x79F3B423) sd x31, 0x788(x7)                       inst_267+16
mem[W,0x0000000080004970] <- 0xFFFFFFFFFBFF0000

clint mtime 0x0000000000000385 (mip.MTI <- 0b1, mip.STI <- 0b0)
mem[X,0x0000000080001C24] -> 0x0F13
mem[X,0x0000000080001C26] -> 0x0010
[1802] [M]: 0x0000000080001C24 (0x00100F13) addi x30, x0, 0x1                       inst_268+0
x30 <- 0x0000000000000001

mem[X,0x0000000080001C28] -> 0x1F13
mem[X,0x0000000080001C2A] -> 0x00FF
[1803] [M]: 0x0000000080001C28 (0x00FF1F13) slli x30, x30, 0xf                      inst_268+4
x30 <- 0x0000000000008000

clint mtime 0x0000000000000386 (mip.MTI <- 0b1, mip.STI <- 0b0)
mem[X,0x0000000080001C2C] -> 0x0E93
mem[X,0x0000000080001C2E] -> 0xBFF0
[1804] [M]: 0x0000000080001C2C (0xBFF00E93) addi x29, x0, -0x401                    inst_268+8
x29 <- 0xFFFFFFFFFFFFFBFF

mem[X,0x0000000080001C30] -> 0x1FB3
mem[X,0x0000000080001C32] -> 0x0BDF
[1805] [M]: 0x0000000080001C30 (0x0BDF1FB3) clmul x31, x30, x29                     inst_268+12
x31 <- 0xFFFFFFFFFDFF8000

clint mtime 0x0000000000000387 (mip.MTI <- 0b1, mip.STI <- 0b0)
mem[X,0x0000000080001C34] -> 0xB823
mem[X,0x0000000080001C36] -> 0x79F3
[1806] [M]: 0x0000000080001C34 (0x79F3B823) sd x31, 0x790(x7)                       inst_268+16
mem[W,0x0000000080004978] <- 0xFFFFFFFFFDFF8000

mem[X,0x0000000080001C38] -> 0x0F13
mem[X,0x0000000080001C3A] -> 0x0010
[1807] [M]: 0x0000000080001C38 (0x00100F13) addi x30, x0, 0x1                       inst_269+0
x30 <- 0x0000000000000001

clint mtime 0x0000000000000388 (mip.MTI <- 0b1, mip.STI <- 0b0)
mem[X,0x0000000080001C3C] -> 0x1F13
mem[X,0x0000000080001C3E] -> 0x00EF
[1808] [M]: 0x0000000080001C3C (0x00EF1F13) slli x30, x30, 0xe                      inst_269+4
x30 <- 0x0000000000004000

mem[X,0x0000000080001C40] -> 0x0E93
mem[X,0x0000000080001C42] -> 0xBFF0
[1809] [M]: 0x0000000080001C40 (0xBFF00E93) addi x29, x0, -0x401                    inst_269+8
x29 <- 0xFFFFFFFFFFFFFBFF

clint mtime 0x0000000000000389 (mip.MTI <- 0b1, mip.STI <- 0b0)
mem[X,0x0000000080001C44] -> 0x1FB3
mem[X,0x0000000080001C46] -> 0x0BDF
[1810] [M]: 0x0000000080001C44 (0x0BDF1FB3) clmul x31, x30, x29                     inst_269+12
x31 <- 0xFFFFFFFFFEFFC000

mem[X,0x0000000080001C48] -> 0xBC23
mem[X,0x0000000080001C4A] -> 0x79F3
[1811] [M]: 0x0000000080001C48 (0x79F3BC23) sd x31, 0x798(x7)                       inst_269+16
mem[W,0x0000000080004980] <- 0xFFFFFFFFFEFFC000

clint mtime 0x000000000000038A (mip.MTI <- 0b1, mip.STI <- 0b0)
mem[X,0x0000000080001C4C] -> 0x0F13
mem[X,0x0000000080001C4E] -> 0x0010
[1812] [M]: 0x0000000080001C4C (0x00100F13) addi x30, x0, 0x1                       inst_270+0
x30 <- 0x0000000000000001

mem[X,0x0000000080001C50] -> 0x1F13
mem[X,0x0000000080001C52] -> 0x00DF
[1813] [M]: 0x0000000080001C50 (0x00DF1F13) slli x30, x30, 0xd                      inst_270+4
x30 <- 0x0000000000002000

clint mtime 0x000000000000038B (mip.MTI <- 0b1, mip.STI <- 0b0)
mem[X,0x0000000080001C54] -> 0x0E93
mem[X,0x0000000080001C56] -> 0xBFF0
[1814] [M]: 0x0000000080001C54 (0xBFF00E93) addi x29, x0, -0x401                    inst_270+8
x29 <- 0xFFFFFFFFFFFFFBFF

mem[X,0x0000000080001C58] -> 0x1FB3
mem[X,0x0000000080001C5A] -> 0x0BDF
[1815] [M]: 0x0000000080001C58 (0x0BDF1FB3) clmul x31, x30, x29                     inst_270+12
x31 <- 0xFFFFFFFFFF7FE000

clint mtime 0x000000000000038C (mip.MTI <- 0b1, mip.STI <- 0b0)
mem[X,0x0000000080001C5C] -> 0xB023
mem[X,0x0000000080001C5E] -> 0x7BF3
[1816] [M]: 0x0000000080001C5C (0x7BF3B023) sd x31, 0x7a0(x7)                       inst_270+16
mem[W,0x0000000080004988] <- 0xFFFFFFFFFF7FE000

mem[X,0x0000000080001C60] -> 0x0F13
mem[X,0x0000000080001C62] -> 0x0010
[1817] [M]: 0x0000000080001C60 (0x00100F13) addi x30, x0, 0x1                       inst_271+0
x30 <- 0x0000000000000001

clint mtime 0x000000000000038D (mip.MTI <- 0b1, mip.STI <- 0b0)
mem[X,0x0000000080001C64] -> 0x1F13
mem[X,0x0000000080001C66] -> 0x00CF
[1818] [M]: 0x0000000080001C64 (0x00CF1F13) slli x30, x30, 0xc                      inst_271+4
x30 <- 0x0000000000001000

mem[X,0x0000000080001C68] -> 0x0E93
mem[X,0x0000000080001C6A] -> 0xBFF0
[1819] [M]: 0x0000000080001C68 (0xBFF00E93) addi x29, x0, -0x401                    inst_271+8
x29 <- 0xFFFFFFFFFFFFFBFF

clint mtime 0x000000000000038E (mip.MTI <- 0b1, mip.STI <- 0b0)
mem[X,0x0000000080001C6C] -> 0x1FB3
mem[X,0x0000000080001C6E] -> 0x0BDF
[1820] [M]: 0x0000000080001C6C (0x0BDF1FB3) clmul x31, x30, x29                     inst_271+12
x31 <- 0xFFFFFFFFFFBFF000

mem[X,0x0000000080001C70] -> 0xB423
mem[X,0x0000000080001C72] -> 0x7BF3
[1821] [M]: 0x0000000080001C70 (0x7BF3B423) sd x31, 0x7a8(x7)                       inst_271+16
mem[W,0x0000000080004990] <- 0xFFFFFFFFFFBFF000

clint mtime 0x000000000000038F (mip.MTI <- 0b1, mip.STI <- 0b0)
mem[X,0x0000000080001C74] -> 0x0F13
mem[X,0x0000000080001C76] -> 0x0010
[1822] [M]: 0x0000000080001C74 (0x00100F13) addi x30, x0, 0x1                       inst_272+0
x30 <- 0x0000000000000001

mem[X,0x0000000080001C78] -> 0x1F13
mem[X,0x0000000080001C7A] -> 0x00BF
[1823] [M]: 0x0000000080001C78 (0x00BF1F13) slli x30, x30, 0xb                      inst_272+4
x30 <- 0x0000000000000800

clint mtime 0x0000000000000390 (mip.MTI <- 0b1, mip.STI <- 0b0)
mem[X,0x0000000080001C7C] -> 0x0E93
mem[X,0x0000000080001C7E] -> 0xBFF0
[1824] [M]: 0x0000000080001C7C (0xBFF00E93) addi x29, x0, -0x401                    inst_272+8
x29 <- 0xFFFFFFFFFFFFFBFF

mem[X,0x0000000080001C80] -> 0x1FB3
mem[X,0x0000000080001C82] -> 0x0BDF
[1825] [M]: 0x0000000080001C80 (0x0BDF1FB3) clmul x31, x30, x29                     inst_272+12
x31 <- 0xFFFFFFFFFFDFF800

clint mtime 0x0000000000000391 (mip.MTI <- 0b1, mip.STI <- 0b0)
mem[X,0x0000000080001C84] -> 0xB823
mem[X,0x0000000080001C86] -> 0x7BF3
[1826] [M]: 0x0000000080001C84 (0x7BF3B823) sd x31, 0x7b0(x7)                       inst_272+16
mem[W,0x0000000080004998] <- 0xFFFFFFFFFFDFF800

mem[X,0x0000000080001C88] -> 0x0F13
mem[X,0x0000000080001C8A] -> 0x4000
[1827] [M]: 0x0000000080001C88 (0x40000F13) addi x30, x0, 0x400                     inst_273+0
x30 <- 0x0000000000000400

clint mtime 0x0000000000000392 (mip.MTI <- 0b1, mip.STI <- 0b0)
mem[X,0x0000000080001C8C] -> 0x0E93
mem[X,0x0000000080001C8E] -> 0xBFF0
[1828] [M]: 0x0000000080001C8C (0xBFF00E93) addi x29, x0, -0x401                    inst_273+4
x29 <- 0xFFFFFFFFFFFFFBFF

mem[X,0x0000000080001C90] -> 0x1FB3
mem[X,0x0000000080001C92] -> 0x0BDF
[1829] [M]: 0x0000000080001C90 (0x0BDF1FB3) clmul x31, x30, x29                     inst_273+8
x31 <- 0xFFFFFFFFFFEFFC00

clint mtime 0x0000000000000393 (mip.MTI <- 0b1, mip.STI <- 0b0)
mem[X,0x0000000080001C94] -> 0xBC23
mem[X,0x0000000080001C96] -> 0x7BF3
[1830] [M]: 0x0000000080001C94 (0x7BF3BC23) sd x31, 0x7b8(x7)                       inst_273+12
mem[W,0x00000000800049A0] <- 0xFFFFFFFFFFEFFC00

mem[X,0x0000000080001C98] -> 0x0F13
mem[X,0x0000000080001C9A] -> 0x2000
[1831] [M]: 0x0000000080001C98 (0x20000F13) addi x30, x0, 0x200                     inst_274+0
x30 <- 0x0000000000000200

clint mtime 0x0000000000000394 (mip.MTI <- 0b1, mip.STI <- 0b0)
mem[X,0x0000000080001C9C] -> 0x0E93
mem[X,0x0000000080001C9E] -> 0xBFF0
[1832] [M]: 0x0000000080001C9C (0xBFF00E93) addi x29, x0, -0x401                    inst_274+4
x29 <- 0xFFFFFFFFFFFFFBFF

mem[X,0x0000000080001CA0] -> 0x1FB3
mem[X,0x0000000080001CA2] -> 0x0BDF
[1833] [M]: 0x0000000080001CA0 (0x0BDF1FB3) clmul x31, x30, x29                     inst_274+8
x31 <- 0xFFFFFFFFFFF7FE00

clint mtime 0x0000000000000395 (mip.MTI <- 0b1, mip.STI <- 0b0)
mem[X,0x0000000080001CA4] -> 0xB023
mem[X,0x0000000080001CA6] -> 0x7DF3
[1834] [M]: 0x0000000080001CA4 (0x7DF3B023) sd x31, 0x7c0(x7)                       inst_274+12
mem[W,0x00000000800049A8] <- 0xFFFFFFFFFFF7FE00

mem[X,0x0000000080001CA8] -> 0x0F13
mem[X,0x0000000080001CAA] -> 0x1000
[1835] [M]: 0x0000000080001CA8 (0x10000F13) addi x30, x0, 0x100                     inst_275+0
x30 <- 0x0000000000000100

clint mtime 0x0000000000000396 (mip.MTI <- 0b1, mip.STI <- 0b0)
mem[X,0x0000000080001CAC] -> 0x0E93
mem[X,0x0000000080001CAE] -> 0xBFF0
[1836] [M]: 0x0000000080001CAC (0xBFF00E93) addi x29, x0, -0x401                    inst_275+4
x29 <- 0xFFFFFFFFFFFFFBFF

mem[X,0x0000000080001CB0] -> 0x1FB3
mem[X,0x0000000080001CB2] -> 0x0BDF
[1837] [M]: 0x0000000080001CB0 (0x0BDF1FB3) clmul x31, x30, x29                     inst_275+8
x31 <- 0xFFFFFFFFFFFBFF00

clint mtime 0x0000000000000397 (mip.MTI <- 0b1, mip.STI <- 0b0)
mem[X,0x0000000080001CB4] -> 0xB423
mem[X,0x0000000080001CB6] -> 0x7DF3
[1838] [M]: 0x0000000080001CB4 (0x7DF3B423) sd x31, 0x7c8(x7)                       inst_275+12
mem[W,0x00000000800049B0] <- 0xFFFFFFFFFFFBFF00

mem[X,0x0000000080001CB8] -> 0x0F13
mem[X,0x0000000080001CBA] -> 0x0800
[1839] [M]: 0x0000000080001CB8 (0x08000F13) addi x30, x0, 0x80                      inst_276+0
x30 <- 0x0000000000000080

clint mtime 0x0000000000000398 (mip.MTI <- 0b1, mip.STI <- 0b0)
mem[X,0x0000000080001CBC] -> 0x0E93
mem[X,0x0000000080001CBE] -> 0xBFF0
[1840] [M]: 0x0000000080001CBC (0xBFF00E93) addi x29, x0, -0x401                    inst_276+4
x29 <- 0xFFFFFFFFFFFFFBFF

mem[X,0x0000000080001CC0] -> 0x1FB3
mem[X,0x0000000080001CC2] -> 0x0BDF
[1841] [M]: 0x0000000080001CC0 (0x0BDF1FB3) clmul x31, x30, x29                     inst_276+8
x31 <- 0xFFFFFFFFFFFDFF80

clint mtime 0x0000000000000399 (mip.MTI <- 0b1, mip.STI <- 0b0)
mem[X,0x0000000080001CC4] -> 0xB823
mem[X,0x0000000080001CC6] -> 0x7DF3
[1842] [M]: 0x0000000080001CC4 (0x7DF3B823) sd x31, 0x7d0(x7)                       inst_276+12
mem[W,0x00000000800049B8] <- 0xFFFFFFFFFFFDFF80

mem[X,0x0000000080001CC8] -> 0x0F13
mem[X,0x0000000080001CCA] -> 0x0400
[1843] [M]: 0x0000000080001CC8 (0x04000F13) addi x30, x0, 0x40                      inst_277+0
x30 <- 0x0000000000000040

clint mtime 0x000000000000039A (mip.MTI <- 0b1, mip.STI <- 0b0)
mem[X,0x0000000080001CCC] -> 0x0E93
mem[X,0x0000000080001CCE] -> 0xBFF0
[1844] [M]: 0x0000000080001CCC (0xBFF00E93) addi x29, x0, -0x401                    inst_277+4
x29 <- 0xFFFFFFFFFFFFFBFF

mem[X,0x0000000080001CD0] -> 0x1FB3
mem[X,0x0000000080001CD2] -> 0x0BDF
[1845] [M]: 0x0000000080001CD0 (0x0BDF1FB3) clmul x31, x30, x29                     inst_277+8
x31 <- 0xFFFFFFFFFFFEFFC0

clint mtime 0x000000000000039B (mip.MTI <- 0b1, mip.STI <- 0b0)
mem[X,0x0000000080001CD4] -> 0xBC23
mem[X,0x0000000080001CD6] -> 0x7DF3
[1846] [M]: 0x0000000080001CD4 (0x7DF3BC23) sd x31, 0x7d8(x7)                       inst_277+12
mem[W,0x00000000800049C0] <- 0xFFFFFFFFFFFEFFC0

mem[X,0x0000000080001CD8] -> 0x0F13
mem[X,0x0000000080001CDA] -> 0x0200
[1847] [M]: 0x0000000080001CD8 (0x02000F13) addi x30, x0, 0x20                      inst_278+0
x30 <- 0x0000000000000020

clint mtime 0x000000000000039C (mip.MTI <- 0b1, mip.STI <- 0b0)
mem[X,0x0000000080001CDC] -> 0x0E93
mem[X,0x0000000080001CDE] -> 0xBFF0
[1848] [M]: 0x0000000080001CDC (0xBFF00E93) addi x29, x0, -0x401                    inst_278+4
x29 <- 0xFFFFFFFFFFFFFBFF

mem[X,0x0000000080001CE0] -> 0x1FB3
mem[X,0x0000000080001CE2] -> 0x0BDF
[1849] [M]: 0x0000000080001CE0 (0x0BDF1FB3) clmul x31, x30, x29                     inst_278+8
x31 <- 0xFFFFFFFFFFFF7FE0

clint mtime 0x000000000000039D (mip.MTI <- 0b1, mip.STI <- 0b0)
mem[X,0x0000000080001CE4] -> 0xB023
mem[X,0x0000000080001CE6] -> 0x7FF3
[1850] [M]: 0x0000000080001CE4 (0x7FF3B023) sd x31, 0x7e0(x7)                       inst_278+12
mem[W,0x00000000800049C8] <- 0xFFFFFFFFFFFF7FE0

mem[X,0x0000000080001CE8] -> 0x0F13
mem[X,0x0000000080001CEA] -> 0x0100
[1851] [M]: 0x0000000080001CE8 (0x01000F13) addi x30, x0, 0x10                      inst_279+0
x30 <- 0x0000000000000010

clint mtime 0x000000000000039E (mip.MTI <- 0b1, mip.STI <- 0b0)
mem[X,0x0000000080001CEC] -> 0x0E93
mem[X,0x0000000080001CEE] -> 0xBFF0
[1852] [M]: 0x0000000080001CEC (0xBFF00E93) addi x29, x0, -0x401                    inst_279+4
x29 <- 0xFFFFFFFFFFFFFBFF

mem[X,0x0000000080001CF0] -> 0x1FB3
mem[X,0x0000000080001CF2] -> 0x0BDF
[1853] [M]: 0x0000000080001CF0 (0x0BDF1FB3) clmul x31, x30, x29                     inst_279+8
x31 <- 0xFFFFFFFFFFFFBFF0

clint mtime 0x000000000000039F (mip.MTI <- 0b1, mip.STI <- 0b0)
mem[X,0x0000000080001CF4] -> 0xB423
mem[X,0x0000000080001CF6] -> 0x7FF3
[1854] [M]: 0x0000000080001CF4 (0x7FF3B423) sd x31, 0x7e8(x7)                       inst_279+12
mem[W,0x00000000800049D0] <- 0xFFFFFFFFFFFFBFF0

mem[X,0x0000000080001CF8] -> 0x0F13
mem[X,0x0000000080001CFA] -> 0x0080
[1855] [M]: 0x0000000080001CF8 (0x00800F13) addi x30, x0, 0x8                       inst_280+0
x30 <- 0x0000000000000008

clint mtime 0x00000000000003A0 (mip.MTI <- 0b1, mip.STI <- 0b0)
mem[X,0x0000000080001CFC] -> 0x0E93
mem[X,0x0000000080001CFE] -> 0xBFF0
[1856] [M]: 0x0000000080001CFC (0xBFF00E93) addi x29, x0, -0x401                    inst_280+4
x29 <- 0xFFFFFFFFFFFFFBFF

mem[X,0x0000000080001D00] -> 0x1FB3
mem[X,0x0000000080001D02] -> 0x0BDF
[1857] [M]: 0x0000000080001D00 (0x0BDF1FB3) clmul x31, x30, x29                     inst_280+8
x31 <- 0xFFFFFFFFFFFFDFF8

clint mtime 0x00000000000003A1 (mip.MTI <- 0b1, mip.STI <- 0b0)
mem[X,0x0000000080001D04] -> 0xB823
mem[X,0x0000000080001D06] -> 0x7FF3
[1858] [M]: 0x0000000080001D04 (0x7FF3B823) sd x31, 0x7f0(x7)                       inst_280+12
mem[W,0x00000000800049D8] <- 0xFFFFFFFFFFFFDFF8

mem[X,0x0000000080001D08] -> 0x0F13
mem[X,0x0000000080001D0A] -> 0x0040
[1859] [M]: 0x0000000080001D08 (0x00400F13) addi x30, x0, 0x4                       inst_281+0
x30 <- 0x0000000000000004

clint mtime 0x00000000000003A2 (mip.MTI <- 0b1, mip.STI <- 0b0)
mem[X,0x0000000080001D0C] -> 0x0E93
mem[X,0x0000000080001D0E] -> 0xBFF0
[1860] [M]: 0x0000000080001D0C (0xBFF00E93) addi x29, x0, -0x401                    inst_281+4
x29 <- 0xFFFFFFFFFFFFFBFF

mem[X,0x0000000080001D10] -> 0x1FB3
mem[X,0x0000000080001D12] -> 0x0BDF
[1861] [M]: 0x0000000080001D10 (0x0BDF1FB3) clmul x31, x30, x29                     inst_281+8
x31 <- 0xFFFFFFFFFFFFEFFC

clint mtime 0x00000000000003A3 (mip.MTI <- 0b1, mip.STI <- 0b0)
mem[X,0x0000000080001D14] -> 0xBC23
mem[X,0x0000000080001D16] -> 0x7FF3
[1862] [M]: 0x0000000080001D14 (0x7FF3BC23) sd x31, 0x7f8(x7)                       inst_281+12
mem[W,0x00000000800049E0] <- 0xFFFFFFFFFFFFEFFC

mem[X,0x0000000080001D18] -> 0x0013
mem[X,0x0000000080001D1A] -> 0x0000
[1863] [M]: 0x0000000080001D18 (0x00000013) addi x0, x0, 0x0                        inst_281+16

clint mtime 0x00000000000003A4 (mip.MTI <- 0b1, mip.STI <- 0b0)
mem[X,0x0000000080001D1C] -> 0x0013
mem[X,0x0000000080001D1E] -> 0x0000
[1864] [M]: 0x0000000080001D1C (0x00000013) addi x0, x0, 0x0                        inst_281+20

mem[X,0x0000000080001D20] -> 0x3397
mem[X,0x0000000080001D22] -> 0x0000
[1865] [M]: 0x0000000080001D20 (0x00003397) auipc x7, 0x3                           inst_281+24
x7 <- 0x0000000080004D20

clint mtime 0x00000000000003A5 (mip.MTI <- 0b1, mip.STI <- 0b0)
mem[X,0x0000000080001D24] -> 0x8393
mem[X,0x0000000080001D26] -> 0xCC83
[1866] [M]: 0x0000000080001D24 (0xCC838393) addi x7, x7, -0x338                     inst_281+28
x7 <- 0x00000000800049E8

mem[X,0x0000000080001D28] -> 0x0001
[1867] [M]: 0x0000000080001D28 (0x0001) c.nop                                       inst_281+32

clint mtime 0x00000000000003A6 (mip.MTI <- 0b1, mip.STI <- 0b0)
mem[X,0x0000000080001D2A] -> 0x0013
mem[X,0x0000000080001D2C] -> 0x0000
[1868] [M]: 0x0000000080001D2A (0x00000013) addi x0, x0, 0x0                        inst_281+34

mem[X,0x0000000080001D2E] -> 0x0013
mem[X,0x0000000080001D30] -> 0x0000
[1869] [M]: 0x0000000080001D2E (0x00000013) addi x0, x0, 0x0                        inst_281+38

clint mtime 0x00000000000003A7 (mip.MTI <- 0b1, mip.STI <- 0b0)
mem[X,0x0000000080001D32] -> 0x0013
mem[X,0x0000000080001D34] -> 0x0000
[1870] [M]: 0x0000000080001D32 (0x00000013) addi x0, x0, 0x0                        inst_281+42

mem[X,0x0000000080001D36] -> 0x0013
mem[X,0x0000000080001D38] -> 0x0000
[1871] [M]: 0x0000000080001D36 (0x00000013) addi x0, x0, 0x0                        inst_281+46

clint mtime 0x00000000000003A8 (mip.MTI <- 0b1, mip.STI <- 0b0)
mem[X,0x0000000080001D3A] -> 0x0013
mem[X,0x0000000080001D3C] -> 0x0000
[1872] [M]: 0x0000000080001D3A (0x00000013) addi x0, x0, 0x0                        inst_281+50

mem[X,0x0000000080001D3E] -> 0x0001
[1873] [M]: 0x0000000080001D3E (0x0001) c.nop                                       inst_281+54

clint mtime 0x00000000000003A9 (mip.MTI <- 0b1, mip.STI <- 0b0)
mem[X,0x0000000080001D40] -> 0x0F13
mem[X,0x0000000080001D42] -> 0x0020
[1874] [M]: 0x0000000080001D40 (0x00200F13) addi x30, x0, 0x2                       inst_282+0
x30 <- 0x0000000000000002

mem[X,0x0000000080001D44] -> 0x0E93
mem[X,0x0000000080001D46] -> 0xBFF0
[1875] [M]: 0x0000000080001D44 (0xBFF00E93) addi x29, x0, -0x401                    inst_282+4
x29 <- 0xFFFFFFFFFFFFFBFF

clint mtime 0x00000000000003AA (mip.MTI <- 0b1, mip.STI <- 0b0)
mem[X,0x0000000080001D48] -> 0x1FB3
mem[X,0x0000000080001D4A] -> 0x0BDF
[1876] [M]: 0x0000000080001D48 (0x0BDF1FB3) clmul x31, x30, x29                     inst_282+8
x31 <- 0xFFFFFFFFFFFFF7FE

mem[X,0x0000000080001D4C] -> 0xB023
mem[X,0x0000000080001D4E] -> 0x01F3
[1877] [M]: 0x0000000080001D4C (0x01F3B023) sd x31, 0x0(x7)                         inst_282+12
mem[W,0x00000000800049E8] <- 0xFFFFFFFFFFFFF7FE

clint mtime 0x00000000000003AB (mip.MTI <- 0b1, mip.STI <- 0b0)
mem[X,0x0000000080001D50] -> 0x0013
mem[X,0x0000000080001D52] -> 0x0000
[1878] [M]: 0x0000000080001D50 (0x00000013) addi x0, x0, 0x0                        inst_282+16

mem[X,0x0000000080001D54] -> 0x0013
mem[X,0x0000000080001D56] -> 0x0000
[1879] [M]: 0x0000000080001D54 (0x00000013) addi x0, x0, 0x0                        inst_282+20

clint mtime 0x00000000000003AC (mip.MTI <- 0b1, mip.STI <- 0b0)
mem[X,0x0000000080001D58] -> 0x0013
mem[X,0x0000000080001D5A] -> 0x0000
[1880] [M]: 0x0000000080001D58 (0x00000013) addi x0, x0, 0x0                        inst_282+24

mem[X,0x0000000080001D5C] -> 0x0013
mem[X,0x0000000080001D5E] -> 0x0000
[1881] [M]: 0x0000000080001D5C (0x00000013) addi x0, x0, 0x0                        inst_282+28

clint mtime 0x00000000000003AD (mip.MTI <- 0b1, mip.STI <- 0b0)
mem[X,0x0000000080001D60] -> 0x3397
mem[X,0x0000000080001D62] -> 0x0000
[1882] [M]: 0x0000000080001D60 (0x00003397) auipc x7, 0x3                           inst_282+32
x7 <- 0x0000000080004D60

mem[X,0x0000000080001D64] -> 0x8393
mem[X,0x0000000080001D66] -> 0xC903
[1883] [M]: 0x0000000080001D64 (0xC9038393) addi x7, x7, -0x370                     inst_282+36
x7 <- 0x00000000800049F0

clint mtime 0x00000000000003AE (mip.MTI <- 0b1, mip.STI <- 0b0)
mem[X,0x0000000080001D68] -> 0x0001
[1884] [M]: 0x0000000080001D68 (0x0001) c.nop                                       inst_282+40

mem[X,0x0000000080001D6A] -> 0x0013
mem[X,0x0000000080001D6C] -> 0x0000
[1885] [M]: 0x0000000080001D6A (0x00000013) addi x0, x0, 0x0                        inst_282+42

clint mtime 0x00000000000003AF (mip.MTI <- 0b1, mip.STI <- 0b0)
mem[X,0x0000000080001D6E] -> 0x0013
mem[X,0x0000000080001D70] -> 0x0000
[1886] [M]: 0x0000000080001D6E (0x00000013) addi x0, x0, 0x0                        inst_282+46

mem[X,0x0000000080001D72] -> 0x0013
mem[X,0x0000000080001D74] -> 0x0000
[1887] [M]: 0x0000000080001D72 (0x00000013) addi x0, x0, 0x0                        inst_282+50

clint mtime 0x00000000000003B0 (mip.MTI <- 0b1, mip.STI <- 0b0)
mem[X,0x0000000080001D76] -> 0x0013
mem[X,0x0000000080001D78] -> 0x0000
[1888] [M]: 0x0000000080001D76 (0x00000013) addi x0, x0, 0x0                        inst_282+54

mem[X,0x0000000080001D7A] -> 0x0013
mem[X,0x0000000080001D7C] -> 0x0000
[1889] [M]: 0x0000000080001D7A (0x00000013) addi x0, x0, 0x0                        inst_282+58

clint mtime 0x00000000000003B1 (mip.MTI <- 0b1, mip.STI <- 0b0)
mem[X,0x0000000080001D7E] -> 0x0001
[1890] [M]: 0x0000000080001D7E (0x0001) c.nop                                       inst_282+62

mem[X,0x0000000080001D80] -> 0x0F13
mem[X,0x0000000080001D82] -> 0xBFF0
[1891] [M]: 0x0000000080001D80 (0xBFF00F13) addi x30, x0, -0x401                    inst_283+0
x30 <- 0xFFFFFFFFFFFFFBFF

clint mtime 0x00000000000003B2 (mip.MTI <- 0b1, mip.STI <- 0b0)
mem[X,0x0000000080001D84] -> 0x0E93
mem[X,0x0000000080001D86] -> 0x0010
[1892] [M]: 0x0000000080001D84 (0x00100E93) addi x29, x0, 0x1                       inst_283+4
x29 <- 0x0000000000000001

mem[X,0x0000000080001D88] -> 0x9E93
mem[X,0x0000000080001D8A] -> 0x03DE
[1893] [M]: 0x0000000080001D88 (0x03DE9E93) slli x29, x29, 0x3d                     inst_283+8
x29 <- 0x2000000000000000

clint mtime 0x00000000000003B3 (mip.MTI <- 0b1, mip.STI <- 0b0)
mem[X,0x0000000080001D8C] -> 0xCE93
mem[X,0x0000000080001D8E] -> 0xFFFE
[1894] [M]: 0x0000000080001D8C (0xFFFECE93) xori x29, x29, -0x1                     inst_283+12
x29 <- 0xDFFFFFFFFFFFFFFF

mem[X,0x0000000080001D90] -> 0x1FB3
mem[X,0x0000000080001D92] -> 0x0BDF
[1895] [M]: 0x0000000080001D90 (0x0BDF1FB3) clmul x31, x30, x29                     inst_283+16
x31 <- 0x4AAAAAAAAAAAA955

clint mtime 0x00000000000003B4 (mip.MTI <- 0b1, mip.STI <- 0b0)
mem[X,0x0000000080001D94] -> 0xB023
mem[X,0x0000000080001D96] -> 0x01F3
[1896] [M]: 0x0000000080001D94 (0x01F3B023) sd x31, 0x0(x7)                         inst_283+20
mem[W,0x00000000800049F0] <- 0x4AAAAAAAAAAAA955

mem[X,0x0000000080001D98] -> 0x0F13
mem[X,0x0000000080001D9A] -> 0xBFF0
[1897] [M]: 0x0000000080001D98 (0xBFF00F13) addi x30, x0, -0x401                    inst_284+0
x30 <- 0xFFFFFFFFFFFFFBFF

clint mtime 0x00000000000003B5 (mip.MTI <- 0b1, mip.STI <- 0b0)
mem[X,0x0000000080001D9C] -> 0x0E93
mem[X,0x0000000080001D9E] -> 0x0010
[1898] [M]: 0x0000000080001D9C (0x00100E93) addi x29, x0, 0x1                       inst_284+4
x29 <- 0x0000000000000001

mem[X,0x0000000080001DA0] -> 0x9E93
mem[X,0x0000000080001DA2] -> 0x03CE
[1899] [M]: 0x0000000080001DA0 (0x03CE9E93) slli x29, x29, 0x3c                     inst_284+8
x29 <- 0x1000000000000000

clint mtime 0x00000000000003B6 (mip.MTI <- 0b1, mip.STI <- 0b0)
mem[X,0x0000000080001DA4] -> 0xCE93
mem[X,0x0000000080001DA6] -> 0xFFFE
[1900] [M]: 0x0000000080001DA4 (0xFFFECE93) xori x29, x29, -0x1                     inst_284+12
x29 <- 0xEFFFFFFFFFFFFFFF

mem[X,0x0000000080001DA8] -> 0x1FB3
mem[X,0x0000000080001DAA] -> 0x0BDF
[1901] [M]: 0x0000000080001DA8 (0x0BDF1FB3) clmul x31, x30, x29                     inst_284+16
x31 <- 0x5AAAAAAAAAAAA955

clint mtime 0x00000000000003B7 (mip.MTI <- 0b1, mip.STI <- 0b0)
mem[X,0x0000000080001DAC] -> 0xB423
mem[X,0x0000000080001DAE] -> 0x01F3
[1902] [M]: 0x0000000080001DAC (0x01F3B423) sd x31, 0x8(x7)                         inst_284+20
mem[W,0x00000000800049F8] <- 0x5AAAAAAAAAAAA955

mem[X,0x0000000080001DB0] -> 0x0F13
mem[X,0x0000000080001DB2] -> 0xBFF0
[1903] [M]: 0x0000000080001DB0 (0xBFF00F13) addi x30, x0, -0x401                    inst_285+0
x30 <- 0xFFFFFFFFFFFFFBFF

clint mtime 0x00000000000003B8 (mip.MTI <- 0b1, mip.STI <- 0b0)
mem[X,0x0000000080001DB4] -> 0x0E93
mem[X,0x0000000080001DB6] -> 0x0010
[1904] [M]: 0x0000000080001DB4 (0x00100E93) addi x29, x0, 0x1                       inst_285+4
x29 <- 0x0000000000000001

mem[X,0x0000000080001DB8] -> 0x9E93
mem[X,0x0000000080001DBA] -> 0x022E
[1905] [M]: 0x0000000080001DB8 (0x022E9E93) slli x29, x29, 0x22                     inst_285+8
x29 <- 0x0000000400000000

clint mtime 0x00000000000003B9 (mip.MTI <- 0b1, mip.STI <- 0b0)
mem[X,0x0000000080001DBC] -> 0xCE93
mem[X,0x0000000080001DBE] -> 0xFFFE
[1906] [M]: 0x0000000080001DBC (0xFFFECE93) xori x29, x29, -0x1                     inst_285+12
x29 <- 0xFFFFFFFBFFFFFFFF

mem[X,0x0000000080001DC0] -> 0x1FB3
mem[X,0x0000000080001DC2] -> 0x0BDF
[1907] [M]: 0x0000000080001DC0 (0x0BDF1FB3) clmul x31, x30, x29                     inst_285+16
x31 <- 0x55554556AAAAA955

clint mtime 0x00000000000003BA (mip.MTI <- 0b1, mip.STI <- 0b0)
mem[X,0x0000000080001DC4] -> 0xB823
mem[X,0x0000000080001DC6] -> 0x01F3
[1908] [M]: 0x0000000080001DC4 (0x01F3B823) sd x31, 0x10(x7)                        inst_285+20
mem[W,0x0000000080004A00] <- 0x55554556AAAAA955

mem[X,0x0000000080001DC8] -> 0x0F13
mem[X,0x0000000080001DCA] -> 0xBFF0
[1909] [M]: 0x0000000080001DC8 (0xBFF00F13) addi x30, x0, -0x401                    inst_286+0
x30 <- 0xFFFFFFFFFFFFFBFF

clint mtime 0x00000000000003BB (mip.MTI <- 0b1, mip.STI <- 0b0)
mem[X,0x0000000080001DCC] -> 0x0E93
mem[X,0x0000000080001DCE] -> 0x0010
[1910] [M]: 0x0000000080001DCC (0x00100E93) addi x29, x0, 0x1                       inst_286+4
x29 <- 0x0000000000000001

mem[X,0x0000000080001DD0] -> 0x9E93
mem[X,0x0000000080001DD2] -> 0x020E
[1911] [M]: 0x0000000080001DD0 (0x020E9E93) slli x29, x29, 0x20                     inst_286+8
x29 <- 0x0000000100000000

clint mtime 0x00000000000003BC (mip.MTI <- 0b1, mip.STI <- 0b0)
mem[X,0x0000000080001DD4] -> 0xCE93
mem[X,0x0000000080001DD6] -> 0xFFFE
[1912] [M]: 0x0000000080001DD4 (0xFFFECE93) xori x29, x29, -0x1                     inst_286+12
x29 <- 0xFFFFFFFEFFFFFFFF

mem[X,0x0000000080001DD8] -> 0x1FB3
mem[X,0x0000000080001DDA] -> 0x0BDF
[1913] [M]: 0x0000000080001DD8 (0x0BDF1FB3) clmul x31, x30, x29                     inst_286+16
x31 <- 0x55555155AAAAA955

clint mtime 0x00000000000003BD (mip.MTI <- 0b1, mip.STI <- 0b0)
mem[X,0x0000000080001DDC] -> 0xBC23
mem[X,0x0000000080001DDE] -> 0x01F3
[1914] [M]: 0x0000000080001DDC (0x01F3BC23) sd x31, 0x18(x7)                        inst_286+20
mem[W,0x0000000080004A08] <- 0x55555155AAAAA955

mem[X,0x0000000080001DE0] -> 0x0F13
mem[X,0x0000000080001DE2] -> 0xBFF0
[1915] [M]: 0x0000000080001DE0 (0xBFF00F13) addi x30, x0, -0x401                    inst_287+0
x30 <- 0xFFFFFFFFFFFFFBFF

clint mtime 0x00000000000003BE (mip.MTI <- 0b1, mip.STI <- 0b0)
mem[X,0x0000000080001DE4] -> 0x0E93
mem[X,0x0000000080001DE6] -> 0x0010
[1916] [M]: 0x0000000080001DE4 (0x00100E93) addi x29, x0, 0x1                       inst_287+4
x29 <- 0x0000000000000001

mem[X,0x0000000080001DE8] -> 0x9E93
mem[X,0x0000000080001DEA] -> 0x01FE
[1917] [M]: 0x0000000080001DE8 (0x01FE9E93) slli x29, x29, 0x1f                     inst_287+8
x29 <- 0x0000000080000000

clint mtime 0x00000000000003BF (mip.MTI <- 0b1, mip.STI <- 0b0)
mem[X,0x0000000080001DEC] -> 0xCE93
mem[X,0x0000000080001DEE] -> 0xFFFE
[1918] [M]: 0x0000000080001DEC (0xFFFECE93) xori x29, x29, -0x1                     inst_287+12
x29 <- 0xFFFFFFFF7FFFFFFF

mem[X,0x0000000080001DF0] -> 0x1FB3
mem[X,0x0000000080001DF2] -> 0x0BDF
[1919] [M]: 0x0000000080001DF0 (0x0BDF1FB3) clmul x31, x30, x29                     inst_287+16
x31 <- 0x555557552AAAA955

clint mtime 0x00000000000003C0 (mip.MTI <- 0b1, mip.STI <- 0b0)
mem[X,0x0000000080001DF4] -> 0xB023
mem[X,0x0000000080001DF6] -> 0x03F3
[1920] [M]: 0x0000000080001DF4 (0x03F3B023) sd x31, 0x20(x7)                        inst_287+20
mem[W,0x0000000080004A10] <- 0x555557552AAAA955

mem[X,0x0000000080001DF8] -> 0x006F
mem[X,0x0000000080001DFA] -> 0x0380
[1921] [M]: 0x0000000080001DF8 (0x0380006F) jal x0, 0x38                            rvtest_code_end+0

clint mtime 0x00000000000003C1 (mip.MTI <- 0b1, mip.STI <- 0b0)
mem[X,0x0000000080001E30] -> 0x0093
mem[X,0x0000000080001E32] -> 0x0010
[1922] [M]: 0x0000000080001E30 (0x00100093) addi x1, x0, 0x1                        exit_cleanup+0
x1 <- 0x0000000000000001

mem[X,0x0000000080001E34] -> 0x0397
mem[X,0x0000000080001E36] -> 0x0000
[1923] [M]: 0x0000000080001E34 (0x00000397) auipc x7, 0x0                           exit_cleanup+4
x7 <- 0x0000000080001E34

clint mtime 0x00000000000003C2 (mip.MTI <- 0b1, mip.STI <- 0b0)
mem[X,0x0000000080001E38] -> 0xA623
mem[X,0x0000000080001E3A] -> 0x1C13
[1924] [M]: 0x0000000080001E38 (0x1C13A623) sw x1, 0x1cc(x7)                        exit_cleanup+8
htif[0x0000000080002000] <- 0x00000001
mem[W,0x0000000080002000] <- 0x00000001

mem[X,0x0000000080001E3C] -> 0xF06F
mem[X,0x0000000080001E3E] -> 0xFF9F
[1925] [M]: 0x0000000080001E3C (0xFF9FF06F) jal x0, -0x8                            exit_cleanup+12

clint mtime 0x00000000000003C3 (mip.MTI <- 0b1, mip.STI <- 0b0)
mem[X,0x0000000080001E34] -> 0x0397
mem[X,0x0000000080001E36] -> 0x0000
[1926] [M]: 0x0000000080001E34 (0x00000397) auipc x7, 0x0                           exit_cleanup+4
x7 <- 0x0000000080001E34

mem[X,0x0000000080001E38] -> 0xA623
mem[X,0x0000000080001E3A] -> 0x1C13
[1927] [M]: 0x0000000080001E38 (0x1C13A623) sw x1, 0x1cc(x7)                        exit_cleanup+8
htif[0x0000000080002000] <- 0x00000001
mem[W,0x0000000080002000] <- 0x00000001

clint mtime 0x00000000000003C4 (mip.MTI <- 0b1, mip.STI <- 0b0)
mem[X,0x0000000080001E3C] -> 0xF06F
mem[X,0x0000000080001E3E] -> 0xFF9F
[1928] [M]: 0x0000000080001E3C (0xFF9FF06F) jal x0, -0x8                            exit_cleanup+12

mem[X,0x0000000080001E34] -> 0x0397
mem[X,0x0000000080001E36] -> 0x0000
[1929] [M]: 0x0000000080001E34 (0x00000397) auipc x7, 0x0                           exit_cleanup+4
x7 <- 0x0000000080001E34

clint mtime 0x00000000000003C5 (mip.MTI <- 0b1, mip.STI <- 0b0)
mem[X,0x0000000080001E38] -> 0xA623
mem[X,0x0000000080001E3A] -> 0x1C13
[1930] [M]: 0x0000000080001E38 (0x1C13A623) sw x1, 0x1cc(x7)                        exit_cleanup+8
htif[0x0000000080002000] <- 0x00000001
htif-syscall-proxy cmd: 0x000000000001
mem[W,0x0000000080002000] <- 0x00000001

SUCCESS
