using /opt/riscv-arch-test/riscof-plugins/rv64/riscof_work/D_Zcd/src/c.fsdsp-01.S/ref/Reference-sail_c_simulator.signature for test-signature output.
setting signature-granularity to 8 bytes
HTIF located at 0x80001000
begin_signature: 0x80003110
end_signature: 0x80003320
Entry point: 0x80000000
CSR mstatus (0x300) <- 0x0000000A00000000
CSR misa (0x301) <- 0x800000000034112F
CSR mcause (0x342) <- 0x0000000000000000
x10 <- 0x0000000000000000
x11 <- 0x0000000000001000
mem[X,0x0000000080000000] -> 0x0837
mem[X,0x0000000080000002] -> 0x7D5C
[0] [M]: 0x0000000080000000 (0x7D5C0837) lui x16, 0x7d5c0                           rvtest_init+0
x16 <- 0x000000007D5C0000

mem[X,0x0000000080000004] -> 0x0813
mem[X,0x0000000080000006] -> 0xDDB8
[1] [M]: 0x0000000080000004 (0xDDB80813) addi x16, x16, -0x225                      rvtest_init+4
x16 <- 0x000000007D5BFDDB

clint mtime 0x0000000000000001 (mip.MTI <- 0b1, mip.STI <- 0b0)
mem[X,0x0000000080000008] -> 0x1813
mem[X,0x000000008000000A] -> 0x00B8
[2] [M]: 0x0000000080000008 (0x00B81813) slli x16, x16, 0xb                         rvtest_init+8
x16 <- 0x000003EADFEED800

mem[X,0x000000008000000C] -> 0x0813
mem[X,0x000000008000000E] -> 0x3EA8
[3] [M]: 0x000000008000000C (0x3EA80813) addi x16, x16, 0x3ea                       rvtest_init+12
x16 <- 0x000003EADFEEDBEA

clint mtime 0x0000000000000002 (mip.MTI <- 0b1, mip.STI <- 0b0)
mem[X,0x0000000080000010] -> 0x1813
mem[X,0x0000000080000012] -> 0x00B8
[4] [M]: 0x0000000080000010 (0x00B81813) slli x16, x16, 0xb                         rvtest_init+16
x16 <- 0x001F56FF76DF5000

mem[X,0x0000000080000014] -> 0x0813
mem[X,0x0000000080000016] -> 0x6FF8
[5] [M]: 0x0000000080000014 (0x6FF80813) addi x16, x16, 0x6ff                       rvtest_init+20
x16 <- 0x001F56FF76DF56FF

clint mtime 0x0000000000000003 (mip.MTI <- 0b1, mip.STI <- 0b0)
mem[X,0x0000000080000018] -> 0x1813
mem[X,0x000000008000001A] -> 0x00A8
[6] [M]: 0x0000000080000018 (0x00A81813) slli x16, x16, 0xa                         rvtest_init+24
x16 <- 0x7D5BFDDB7D5BFC00

mem[X,0x000000008000001C] -> 0x0813
mem[X,0x000000008000001E] -> 0x1DB8
[7] [M]: 0x000000008000001C (0x1DB80813) addi x16, x16, 0x1db                       rvtest_init+28
x16 <- 0x7D5BFDDB7D5BFDDB

clint mtime 0x0000000000000004 (mip.MTI <- 0b1, mip.STI <- 0b0)
mem[X,0x0000000080000020] -> 0x5893
mem[X,0x0000000080000022] -> 0x0078
[8] [M]: 0x0000000080000020 (0x00785893) srli x17, x16, 0x7                         rvtest_init+32
x17 <- 0x00FAB7FBB6FAB7FB

mem[X,0x0000000080000024] -> 0x5793
mem[X,0x0000000080000026] -> 0x0398
[9] [M]: 0x0000000080000024 (0x03985793) srli x15, x16, 0x39                        rvtest_init+36
x15 <- 0x000000000000003E

clint mtime 0x0000000000000005 (mip.MTI <- 0b1, mip.STI <- 0b0)
mem[X,0x0000000080000028] -> 0xE8B3
mem[X,0x000000008000002A] -> 0x00F8
[10] [M]: 0x0000000080000028 (0x00F8E8B3) or x17, x17, x15                          rvtest_init+40
x17 <- 0x00FAB7FBB6FAB7FF

mem[X,0x000000008000002C] -> 0xD913
mem[X,0x000000008000002E] -> 0x0078
[11] [M]: 0x000000008000002C (0x0078D913) srli x18, x17, 0x7                        rvtest_init+44
x18 <- 0x0001F56FF76DF56F

clint mtime 0x0000000000000006 (mip.MTI <- 0b1, mip.STI <- 0b0)
mem[X,0x0000000080000030] -> 0xD793
mem[X,0x0000000080000032] -> 0x0398
[12] [M]: 0x0000000080000030 (0x0398D793) srli x15, x17, 0x39                       rvtest_init+48
x15 <- 0x0000000000000000

mem[X,0x0000000080000034] -> 0x6933
mem[X,0x0000000080000036] -> 0x00F9
[13] [M]: 0x0000000080000034 (0x00F96933) or x18, x18, x15                          rvtest_init+52
x18 <- 0x0001F56FF76DF56F

clint mtime 0x0000000000000007 (mip.MTI <- 0b1, mip.STI <- 0b0)
mem[X,0x0000000080000038] -> 0x5993
mem[X,0x000000008000003A] -> 0x0079
[14] [M]: 0x0000000080000038 (0x00795993) srli x19, x18, 0x7                        rvtest_init+56
x19 <- 0x000003EADFEEDBEA

mem[X,0x000000008000003C] -> 0x5793
mem[X,0x000000008000003E] -> 0x0399
[15] [M]: 0x000000008000003C (0x03995793) srli x15, x18, 0x39                       rvtest_init+60
x15 <- 0x0000000000000000

clint mtime 0x0000000000000008 (mip.MTI <- 0b1, mip.STI <- 0b0)
mem[X,0x0000000080000040] -> 0xE9B3
mem[X,0x0000000080000042] -> 0x00F9
[16] [M]: 0x0000000080000040 (0x00F9E9B3) or x19, x19, x15                          rvtest_init+64
x19 <- 0x000003EADFEEDBEA

mem[X,0x0000000080000044] -> 0xDA13
mem[X,0x0000000080000046] -> 0x0079
[17] [M]: 0x0000000080000044 (0x0079DA13) srli x20, x19, 0x7                        rvtest_init+68
x20 <- 0x00000007D5BFDDB7

clint mtime 0x0000000000000009 (mip.MTI <- 0b1, mip.STI <- 0b0)
mem[X,0x0000000080000048] -> 0xD793
mem[X,0x000000008000004A] -> 0x0399
[18] [M]: 0x0000000080000048 (0x0399D793) srli x15, x19, 0x39                       rvtest_init+72
x15 <- 0x0000000000000000

mem[X,0x000000008000004C] -> 0x6A33
mem[X,0x000000008000004E] -> 0x00FA
[19] [M]: 0x000000008000004C (0x00FA6A33) or x20, x20, x15                          rvtest_init+76
x20 <- 0x00000007D5BFDDB7

clint mtime 0x000000000000000A (mip.MTI <- 0b1, mip.STI <- 0b0)
mem[X,0x0000000080000050] -> 0x5A93
mem[X,0x0000000080000052] -> 0x007A
[20] [M]: 0x0000000080000050 (0x007A5A93) srli x21, x20, 0x7                        rvtest_init+80
x21 <- 0x000000000FAB7FBB

mem[X,0x0000000080000054] -> 0x5793
mem[X,0x0000000080000056] -> 0x039A
[21] [M]: 0x0000000080000054 (0x039A5793) srli x15, x20, 0x39                       rvtest_init+84
x15 <- 0x0000000000000000

clint mtime 0x000000000000000B (mip.MTI <- 0b1, mip.STI <- 0b0)
mem[X,0x0000000080000058] -> 0xEAB3
mem[X,0x000000008000005A] -> 0x00FA
[22] [M]: 0x0000000080000058 (0x00FAEAB3) or x21, x21, x15                          rvtest_init+88
x21 <- 0x000000000FAB7FBB

mem[X,0x000000008000005C] -> 0xDB13
mem[X,0x000000008000005E] -> 0x007A
[23] [M]: 0x000000008000005C (0x007ADB13) srli x22, x21, 0x7                        rvtest_init+92
x22 <- 0x00000000001F56FF

clint mtime 0x000000000000000C (mip.MTI <- 0b1, mip.STI <- 0b0)
mem[X,0x0000000080000060] -> 0xD793
mem[X,0x0000000080000062] -> 0x039A
[24] [M]: 0x0000000080000060 (0x039AD793) srli x15, x21, 0x39                       rvtest_init+96
x15 <- 0x0000000000000000

mem[X,0x0000000080000064] -> 0x6B33
mem[X,0x0000000080000066] -> 0x00FB
[25] [M]: 0x0000000080000064 (0x00FB6B33) or x22, x22, x15                          rvtest_init+100
x22 <- 0x00000000001F56FF

clint mtime 0x000000000000000D (mip.MTI <- 0b1, mip.STI <- 0b0)
mem[X,0x0000000080000068] -> 0x5B93
mem[X,0x000000008000006A] -> 0x007B
[26] [M]: 0x0000000080000068 (0x007B5B93) srli x23, x22, 0x7                        rvtest_init+104
x23 <- 0x0000000000003EAD

mem[X,0x000000008000006C] -> 0x5793
mem[X,0x000000008000006E] -> 0x039B
[27] [M]: 0x000000008000006C (0x039B5793) srli x15, x22, 0x39                       rvtest_init+108
x15 <- 0x0000000000000000

clint mtime 0x000000000000000E (mip.MTI <- 0b1, mip.STI <- 0b0)
mem[X,0x0000000080000070] -> 0xEBB3
mem[X,0x0000000080000072] -> 0x00FB
[28] [M]: 0x0000000080000070 (0x00FBEBB3) or x23, x23, x15                          rvtest_init+112
x23 <- 0x0000000000003EAD

mem[X,0x0000000080000074] -> 0xDC13
mem[X,0x0000000080000076] -> 0x007B
[29] [M]: 0x0000000080000074 (0x007BDC13) srli x24, x23, 0x7                        rvtest_init+116
x24 <- 0x000000000000007D

clint mtime 0x000000000000000F (mip.MTI <- 0b1, mip.STI <- 0b0)
mem[X,0x0000000080000078] -> 0xD793
mem[X,0x000000008000007A] -> 0x039B
[30] [M]: 0x0000000080000078 (0x039BD793) srli x15, x23, 0x39                       rvtest_init+120
x15 <- 0x0000000000000000

mem[X,0x000000008000007C] -> 0x6C33
mem[X,0x000000008000007E] -> 0x00FC
[31] [M]: 0x000000008000007C (0x00FC6C33) or x24, x24, x15                          rvtest_init+124
x24 <- 0x000000000000007D

clint mtime 0x0000000000000010 (mip.MTI <- 0b1, mip.STI <- 0b0)
mem[X,0x0000000080000080] -> 0x5C93
mem[X,0x0000000080000082] -> 0x007C
[32] [M]: 0x0000000080000080 (0x007C5C93) srli x25, x24, 0x7                        rvtest_init+128
x25 <- 0x0000000000000000

mem[X,0x0000000080000084] -> 0x5793
mem[X,0x0000000080000086] -> 0x039C
[33] [M]: 0x0000000080000084 (0x039C5793) srli x15, x24, 0x39                       rvtest_init+132
x15 <- 0x0000000000000000

clint mtime 0x0000000000000011 (mip.MTI <- 0b1, mip.STI <- 0b0)
mem[X,0x0000000080000088] -> 0xECB3
mem[X,0x000000008000008A] -> 0x00FC
[34] [M]: 0x0000000080000088 (0x00FCECB3) or x25, x25, x15                          rvtest_init+136
x25 <- 0x0000000000000000

mem[X,0x000000008000008C] -> 0xDD13
mem[X,0x000000008000008E] -> 0x007C
[35] [M]: 0x000000008000008C (0x007CDD13) srli x26, x25, 0x7                        rvtest_init+140
x26 <- 0x0000000000000000

clint mtime 0x0000000000000012 (mip.MTI <- 0b1, mip.STI <- 0b0)
mem[X,0x0000000080000090] -> 0xD793
mem[X,0x0000000080000092] -> 0x039C
[36] [M]: 0x0000000080000090 (0x039CD793) srli x15, x25, 0x39                       rvtest_init+144
x15 <- 0x0000000000000000

mem[X,0x0000000080000094] -> 0x6D33
mem[X,0x0000000080000096] -> 0x00FD
[37] [M]: 0x0000000080000094 (0x00FD6D33) or x26, x26, x15                          rvtest_init+148
x26 <- 0x0000000000000000

clint mtime 0x0000000000000013 (mip.MTI <- 0b1, mip.STI <- 0b0)
mem[X,0x0000000080000098] -> 0x5D93
mem[X,0x000000008000009A] -> 0x007D
[38] [M]: 0x0000000080000098 (0x007D5D93) srli x27, x26, 0x7                        rvtest_init+152
x27 <- 0x0000000000000000

mem[X,0x000000008000009C] -> 0x5793
mem[X,0x000000008000009E] -> 0x039D
[39] [M]: 0x000000008000009C (0x039D5793) srli x15, x26, 0x39                       rvtest_init+156
x15 <- 0x0000000000000000

clint mtime 0x0000000000000014 (mip.MTI <- 0b1, mip.STI <- 0b0)
mem[X,0x00000000800000A0] -> 0xEDB3
mem[X,0x00000000800000A2] -> 0x00FD
[40] [M]: 0x00000000800000A0 (0x00FDEDB3) or x27, x27, x15                          rvtest_init+160
x27 <- 0x0000000000000000

mem[X,0x00000000800000A4] -> 0xDE13
mem[X,0x00000000800000A6] -> 0x007D
[41] [M]: 0x00000000800000A4 (0x007DDE13) srli x28, x27, 0x7                        rvtest_init+164
x28 <- 0x0000000000000000

clint mtime 0x0000000000000015 (mip.MTI <- 0b1, mip.STI <- 0b0)
mem[X,0x00000000800000A8] -> 0xD793
mem[X,0x00000000800000AA] -> 0x039D
[42] [M]: 0x00000000800000A8 (0x039DD793) srli x15, x27, 0x39                       rvtest_init+168
x15 <- 0x0000000000000000

mem[X,0x00000000800000AC] -> 0x6E33
mem[X,0x00000000800000AE] -> 0x00FE
[43] [M]: 0x00000000800000AC (0x00FE6E33) or x28, x28, x15                          rvtest_init+172
x28 <- 0x0000000000000000

clint mtime 0x0000000000000016 (mip.MTI <- 0b1, mip.STI <- 0b0)
mem[X,0x00000000800000B0] -> 0x5E93
mem[X,0x00000000800000B2] -> 0x007E
[44] [M]: 0x00000000800000B0 (0x007E5E93) srli x29, x28, 0x7                        rvtest_init+176
x29 <- 0x0000000000000000

mem[X,0x00000000800000B4] -> 0x5793
mem[X,0x00000000800000B6] -> 0x039E
[45] [M]: 0x00000000800000B4 (0x039E5793) srli x15, x28, 0x39                       rvtest_init+180
x15 <- 0x0000000000000000

clint mtime 0x0000000000000017 (mip.MTI <- 0b1, mip.STI <- 0b0)
mem[X,0x00000000800000B8] -> 0xEEB3
mem[X,0x00000000800000BA] -> 0x00FE
[46] [M]: 0x00000000800000B8 (0x00FEEEB3) or x29, x29, x15                          rvtest_init+184
x29 <- 0x0000000000000000

mem[X,0x00000000800000BC] -> 0xDF13
mem[X,0x00000000800000BE] -> 0x007E
[47] [M]: 0x00000000800000BC (0x007EDF13) srli x30, x29, 0x7                        rvtest_init+188
x30 <- 0x0000000000000000

clint mtime 0x0000000000000018 (mip.MTI <- 0b1, mip.STI <- 0b0)
mem[X,0x00000000800000C0] -> 0xD793
mem[X,0x00000000800000C2] -> 0x039E
[48] [M]: 0x00000000800000C0 (0x039ED793) srli x15, x29, 0x39                       rvtest_init+192
x15 <- 0x0000000000000000

mem[X,0x00000000800000C4] -> 0x6F33
mem[X,0x00000000800000C6] -> 0x00FF
[49] [M]: 0x00000000800000C4 (0x00FF6F33) or x30, x30, x15                          rvtest_init+196
x30 <- 0x0000000000000000

clint mtime 0x0000000000000019 (mip.MTI <- 0b1, mip.STI <- 0b0)
mem[X,0x00000000800000C8] -> 0xC0B7
mem[X,0x00000000800000CA] -> 0xFEED
[50] [M]: 0x00000000800000C8 (0xFEEDC0B7) lui x1, -0x1124                           rvtest_init+200
x1 <- 0xFFFFFFFFFEEDC000

mem[X,0x00000000800000CC] -> 0x8093
mem[X,0x00000000800000CE] -> 0xEAD0
[51] [M]: 0x00000000800000CC (0xEAD08093) addi x1, x1, -0x153                       rvtest_init+204
x1 <- 0xFFFFFFFFFEEDBEAD

clint mtime 0x000000000000001A (mip.MTI <- 0b1, mip.STI <- 0b0)
mem[X,0x00000000800000D0] -> 0x9093
mem[X,0x00000000800000D2] -> 0x00B0
[52] [M]: 0x00000000800000D0 (0x00B09093) slli x1, x1, 0xb                          rvtest_init+208
x1 <- 0xFFFFFFF76DF56800

mem[X,0x00000000800000D4] -> 0x8093
mem[X,0x00000000800000D6] -> 0x7F70
[53] [M]: 0x00000000800000D4 (0x7F708093) addi x1, x1, 0x7f7                        rvtest_init+212
x1 <- 0xFFFFFFF76DF56FF7

clint mtime 0x000000000000001B (mip.MTI <- 0b1, mip.STI <- 0b0)
mem[X,0x00000000800000D8] -> 0x9093
mem[X,0x00000000800000DA] -> 0x00B0
[54] [M]: 0x00000000800000D8 (0x00B09093) slli x1, x1, 0xb                          rvtest_init+216
x1 <- 0xFFFFBB6FAB7FB800

mem[X,0x00000000800000DC] -> 0x8093
mem[X,0x00000000800000DE] -> 0x36F0
[55] [M]: 0x00000000800000DC (0x36F08093) addi x1, x1, 0x36f                        rvtest_init+220
x1 <- 0xFFFFBB6FAB7FBB6F

clint mtime 0x000000000000001C (mip.MTI <- 0b1, mip.STI <- 0b0)
mem[X,0x00000000800000E0] -> 0x9093
mem[X,0x00000000800000E2] -> 0x00A0
[56] [M]: 0x00000000800000E0 (0x00A09093) slli x1, x1, 0xa                          rvtest_init+224
x1 <- 0xFEEDBEADFEEDBC00

mem[X,0x00000000800000E4] -> 0x8093
mem[X,0x00000000800000E6] -> 0x2AD0
[57] [M]: 0x00000000800000E4 (0x2AD08093) addi x1, x1, 0x2ad                        rvtest_init+228
x1 <- 0xFEEDBEADFEEDBEAD

clint mtime 0x000000000000001D (mip.MTI <- 0b1, mip.STI <- 0b0)
mem[X,0x00000000800000E8] -> 0xD113
mem[X,0x00000000800000EA] -> 0x0070
[58] [M]: 0x00000000800000E8 (0x0070D113) srli x2, x1, 0x7                          rvtest_init+232
x2 <- 0x01FDDB7D5BFDDB7D

mem[X,0x00000000800000EC] -> 0xD793
mem[X,0x00000000800000EE] -> 0x0390
[59] [M]: 0x00000000800000EC (0x0390D793) srli x15, x1, 0x39                        rvtest_init+236
x15 <- 0x000000000000007F

clint mtime 0x000000000000001E (mip.MTI <- 0b1, mip.STI <- 0b0)
mem[X,0x00000000800000F0] -> 0x6133
mem[X,0x00000000800000F2] -> 0x00F1
[60] [M]: 0x00000000800000F0 (0x00F16133) or x2, x2, x15                            rvtest_init+240
x2 <- 0x01FDDB7D5BFDDB7F

mem[X,0x00000000800000F4] -> 0x5193
mem[X,0x00000000800000F6] -> 0x0071
[61] [M]: 0x00000000800000F4 (0x00715193) srli x3, x2, 0x7                          rvtest_init+244
x3 <- 0x0003FBB6FAB7FBB6

clint mtime 0x000000000000001F (mip.MTI <- 0b1, mip.STI <- 0b0)
mem[X,0x00000000800000F8] -> 0x5793
mem[X,0x00000000800000FA] -> 0x0391
[62] [M]: 0x00000000800000F8 (0x03915793) srli x15, x2, 0x39                        rvtest_init+248
x15 <- 0x0000000000000000

mem[X,0x00000000800000FC] -> 0xE1B3
mem[X,0x00000000800000FE] -> 0x00F1
[63] [M]: 0x00000000800000FC (0x00F1E1B3) or x3, x3, x15                            rvtest_init+252
x3 <- 0x0003FBB6FAB7FBB6

clint mtime 0x0000000000000020 (mip.MTI <- 0b1, mip.STI <- 0b0)
mem[X,0x0000000080000100] -> 0xD213
mem[X,0x0000000080000102] -> 0x0071
[64] [M]: 0x0000000080000100 (0x0071D213) srli x4, x3, 0x7                          rvtest_init+256
x4 <- 0x000007F76DF56FF7

mem[X,0x0000000080000104] -> 0xD793
mem[X,0x0000000080000106] -> 0x0391
[65] [M]: 0x0000000080000104 (0x0391D793) srli x15, x3, 0x39                        rvtest_init+260
x15 <- 0x0000000000000000

clint mtime 0x0000000000000021 (mip.MTI <- 0b1, mip.STI <- 0b0)
mem[X,0x0000000080000108] -> 0x6233
mem[X,0x000000008000010A] -> 0x00F2
[66] [M]: 0x0000000080000108 (0x00F26233) or x4, x4, x15                            rvtest_init+264
x4 <- 0x000007F76DF56FF7

mem[X,0x000000008000010C] -> 0x5293
mem[X,0x000000008000010E] -> 0x0072
[67] [M]: 0x000000008000010C (0x00725293) srli x5, x4, 0x7                          rvtest_init+268
x5 <- 0x0000000FEEDBEADF

clint mtime 0x0000000000000022 (mip.MTI <- 0b1, mip.STI <- 0b0)
mem[X,0x0000000080000110] -> 0x5793
mem[X,0x0000000080000112] -> 0x0392
[68] [M]: 0x0000000080000110 (0x03925793) srli x15, x4, 0x39                        rvtest_init+272
x15 <- 0x0000000000000000

mem[X,0x0000000080000114] -> 0xE2B3
mem[X,0x0000000080000116] -> 0x00F2
[69] [M]: 0x0000000080000114 (0x00F2E2B3) or x5, x5, x15                            rvtest_init+276
x5 <- 0x0000000FEEDBEADF

clint mtime 0x0000000000000023 (mip.MTI <- 0b1, mip.STI <- 0b0)
mem[X,0x0000000080000118] -> 0xD313
mem[X,0x000000008000011A] -> 0x0072
[70] [M]: 0x0000000080000118 (0x0072D313) srli x6, x5, 0x7                          rvtest_init+280
x6 <- 0x000000001FDDB7D5

mem[X,0x000000008000011C] -> 0xD793
mem[X,0x000000008000011E] -> 0x0392
[71] [M]: 0x000000008000011C (0x0392D793) srli x15, x5, 0x39                        rvtest_init+284
x15 <- 0x0000000000000000

clint mtime 0x0000000000000024 (mip.MTI <- 0b1, mip.STI <- 0b0)
mem[X,0x0000000080000120] -> 0x6333
mem[X,0x0000000080000122] -> 0x00F3
[72] [M]: 0x0000000080000120 (0x00F36333) or x6, x6, x15                            rvtest_init+288
x6 <- 0x000000001FDDB7D5

mem[X,0x0000000080000124] -> 0x5393
mem[X,0x0000000080000126] -> 0x0073
[73] [M]: 0x0000000080000124 (0x00735393) srli x7, x6, 0x7                          rvtest_init+292
x7 <- 0x00000000003FBB6F

clint mtime 0x0000000000000025 (mip.MTI <- 0b1, mip.STI <- 0b0)
mem[X,0x0000000080000128] -> 0x5793
mem[X,0x000000008000012A] -> 0x0393
[74] [M]: 0x0000000080000128 (0x03935793) srli x15, x6, 0x39                        rvtest_init+296
x15 <- 0x0000000000000000

mem[X,0x000000008000012C] -> 0xE3B3
mem[X,0x000000008000012E] -> 0x00F3
[75] [M]: 0x000000008000012C (0x00F3E3B3) or x7, x7, x15                            rvtest_init+300
x7 <- 0x00000000003FBB6F

clint mtime 0x0000000000000026 (mip.MTI <- 0b1, mip.STI <- 0b0)
mem[X,0x0000000080000130] -> 0xD413
mem[X,0x0000000080000132] -> 0x0073
[76] [M]: 0x0000000080000130 (0x0073D413) srli x8, x7, 0x7                          rvtest_init+304
x8 <- 0x0000000000007F76

mem[X,0x0000000080000134] -> 0xD793
mem[X,0x0000000080000136] -> 0x0393
[77] [M]: 0x0000000080000134 (0x0393D793) srli x15, x7, 0x39                        rvtest_init+308
x15 <- 0x0000000000000000

clint mtime 0x0000000000000027 (mip.MTI <- 0b1, mip.STI <- 0b0)
mem[X,0x0000000080000138] -> 0x6433
mem[X,0x000000008000013A] -> 0x00F4
[78] [M]: 0x0000000080000138 (0x00F46433) or x8, x8, x15                            rvtest_init+312
x8 <- 0x0000000000007F76

mem[X,0x000000008000013C] -> 0x5493
mem[X,0x000000008000013E] -> 0x0074
[79] [M]: 0x000000008000013C (0x00745493) srli x9, x8, 0x7                          rvtest_init+316
x9 <- 0x00000000000000FE

clint mtime 0x0000000000000028 (mip.MTI <- 0b1, mip.STI <- 0b0)
mem[X,0x0000000080000140] -> 0x5793
mem[X,0x0000000080000142] -> 0x0394
[80] [M]: 0x0000000080000140 (0x03945793) srli x15, x8, 0x39                        rvtest_init+320
x15 <- 0x0000000000000000

mem[X,0x0000000080000144] -> 0xE4B3
mem[X,0x0000000080000146] -> 0x00F4
[81] [M]: 0x0000000080000144 (0x00F4E4B3) or x9, x9, x15                            rvtest_init+324
x9 <- 0x00000000000000FE

clint mtime 0x0000000000000029 (mip.MTI <- 0b1, mip.STI <- 0b0)
mem[X,0x0000000080000148] -> 0xD513
mem[X,0x000000008000014A] -> 0x0074
[82] [M]: 0x0000000080000148 (0x0074D513) srli x10, x9, 0x7                         rvtest_init+328
x10 <- 0x0000000000000001

mem[X,0x000000008000014C] -> 0xD793
mem[X,0x000000008000014E] -> 0x0394
[83] [M]: 0x000000008000014C (0x0394D793) srli x15, x9, 0x39                        rvtest_init+332
x15 <- 0x0000000000000000

clint mtime 0x000000000000002A (mip.MTI <- 0b1, mip.STI <- 0b0)
mem[X,0x0000000080000150] -> 0x6533
mem[X,0x0000000080000152] -> 0x00F5
[84] [M]: 0x0000000080000150 (0x00F56533) or x10, x10, x15                          rvtest_init+336
x10 <- 0x0000000000000001

mem[X,0x0000000080000154] -> 0x5593
mem[X,0x0000000080000156] -> 0x0075
[85] [M]: 0x0000000080000154 (0x00755593) srli x11, x10, 0x7                        rvtest_init+340
x11 <- 0x0000000000000000

clint mtime 0x000000000000002B (mip.MTI <- 0b1, mip.STI <- 0b0)
mem[X,0x0000000080000158] -> 0x5793
mem[X,0x000000008000015A] -> 0x0395
[86] [M]: 0x0000000080000158 (0x03955793) srli x15, x10, 0x39                       rvtest_init+344
x15 <- 0x0000000000000000

mem[X,0x000000008000015C] -> 0xE5B3
mem[X,0x000000008000015E] -> 0x00F5
[87] [M]: 0x000000008000015C (0x00F5E5B3) or x11, x11, x15                          rvtest_init+348
x11 <- 0x0000000000000000

clint mtime 0x000000000000002C (mip.MTI <- 0b1, mip.STI <- 0b0)
mem[X,0x0000000080000160] -> 0xD613
mem[X,0x0000000080000162] -> 0x0075
[88] [M]: 0x0000000080000160 (0x0075D613) srli x12, x11, 0x7                        rvtest_init+352
x12 <- 0x0000000000000000

mem[X,0x0000000080000164] -> 0xD793
mem[X,0x0000000080000166] -> 0x0395
[89] [M]: 0x0000000080000164 (0x0395D793) srli x15, x11, 0x39                       rvtest_init+356
x15 <- 0x0000000000000000

clint mtime 0x000000000000002D (mip.MTI <- 0b1, mip.STI <- 0b0)
mem[X,0x0000000080000168] -> 0x6633
mem[X,0x000000008000016A] -> 0x00F6
[90] [M]: 0x0000000080000168 (0x00F66633) or x12, x12, x15                          rvtest_init+360
x12 <- 0x0000000000000000

mem[X,0x000000008000016C] -> 0x5693
mem[X,0x000000008000016E] -> 0x0076
[91] [M]: 0x000000008000016C (0x00765693) srli x13, x12, 0x7                        rvtest_init+364
x13 <- 0x0000000000000000

clint mtime 0x000000000000002E (mip.MTI <- 0b1, mip.STI <- 0b0)
mem[X,0x0000000080000170] -> 0x5793
mem[X,0x0000000080000172] -> 0x0396
[92] [M]: 0x0000000080000170 (0x03965793) srli x15, x12, 0x39                       rvtest_init+368
x15 <- 0x0000000000000000

mem[X,0x0000000080000174] -> 0xE6B3
mem[X,0x0000000080000176] -> 0x00F6
[93] [M]: 0x0000000080000174 (0x00F6E6B3) or x13, x13, x15                          rvtest_init+372
x13 <- 0x0000000000000000

clint mtime 0x000000000000002F (mip.MTI <- 0b1, mip.STI <- 0b0)
mem[X,0x0000000080000178] -> 0x0513
mem[X,0x000000008000017A] -> 0x0010
[94] [M]: 0x0000000080000178 (0x00100513) addi x10, x0, 0x1                         rvtest_code_begin+0
x10 <- 0x0000000000000001

mem[X,0x000000008000017C] -> 0x1513
mem[X,0x000000008000017E] -> 0x00D5
[95] [M]: 0x000000008000017C (0x00D51513) slli x10, x10, 0xd                        rvtest_code_begin+4
x10 <- 0x0000000000002000

clint mtime 0x0000000000000030 (mip.MTI <- 0b1, mip.STI <- 0b0)
mem[X,0x0000000080000180] -> 0x2073
mem[X,0x0000000080000182] -> 0x3005
[96] [M]: 0x0000000080000180 (0x30052073) csrrs x0, mstatus, x10                    rvtest_code_begin+8
CSR mstatus (0x300) <- 0x0000000A00002000

mem[X,0x0000000080000184] -> 0x5073
mem[X,0x0000000080000186] -> 0x0030
[97] [M]: 0x0000000080000184 (0x00305073) csrrwi x0, fcsr, 0x0                      rvtest_code_begin+12
CSR mstatus (0x300) <- 0x8000000A00006000
CSR fcsr (0x003) <- 0x0000000000000000

clint mtime 0x0000000000000031 (mip.MTI <- 0b1, mip.STI <- 0b0)
mem[X,0x0000000080000188] -> 0x0013
mem[X,0x000000008000018A] -> 0x0000
[98] [M]: 0x0000000080000188 (0x00000013) addi x0, x0, 0x0                          rvtest_code_begin+16

mem[X,0x000000008000018C] -> 0x0013
mem[X,0x000000008000018E] -> 0x0000
[99] [M]: 0x000000008000018C (0x00000013) addi x0, x0, 0x0                          rvtest_code_begin+20

clint mtime 0x0000000000000032 (mip.MTI <- 0b1, mip.STI <- 0b0)
mem[X,0x0000000080000190] -> 0x0013
mem[X,0x0000000080000192] -> 0x0000
[100] [M]: 0x0000000080000190 (0x00000013) addi x0, x0, 0x0                         rvtest_code_begin+24

mem[X,0x0000000080000194] -> 0x0013
mem[X,0x0000000080000196] -> 0x0000
[101] [M]: 0x0000000080000194 (0x00000013) addi x0, x0, 0x0                         rvtest_code_begin+28

clint mtime 0x0000000000000033 (mip.MTI <- 0b1, mip.STI <- 0b0)
mem[X,0x0000000080000198] -> 0x0013
mem[X,0x000000008000019A] -> 0x0000
[102] [M]: 0x0000000080000198 (0x00000013) addi x0, x0, 0x0                         rvtest_code_begin+32

mem[X,0x000000008000019C] -> 0x0013
mem[X,0x000000008000019E] -> 0x0000
[103] [M]: 0x000000008000019C (0x00000013) addi x0, x0, 0x0                         rvtest_code_begin+36

clint mtime 0x0000000000000034 (mip.MTI <- 0b1, mip.STI <- 0b0)
mem[X,0x00000000800001A0] -> 0x2217
mem[X,0x00000000800001A2] -> 0x0000
[104] [M]: 0x00000000800001A0 (0x00002217) auipc x4, 0x2                            rvtest_code_begin+40
x4 <- 0x00000000800021A0

mem[X,0x00000000800001A4] -> 0x0213
mem[X,0x00000000800001A6] -> 0xE702
[105] [M]: 0x00000000800001A4 (0xE7020213) addi x4, x4, -0x190                      rvtest_code_begin+44
x4 <- 0x0000000080002010

clint mtime 0x0000000000000035 (mip.MTI <- 0b1, mip.STI <- 0b0)
mem[X,0x00000000800001A8] -> 0x0013
mem[X,0x00000000800001AA] -> 0x0000
[106] [M]: 0x00000000800001A8 (0x00000013) addi x0, x0, 0x0                         rvtest_code_begin+48

mem[X,0x00000000800001AC] -> 0x0013
mem[X,0x00000000800001AE] -> 0x0000
[107] [M]: 0x00000000800001AC (0x00000013) addi x0, x0, 0x0                         rvtest_code_begin+52

clint mtime 0x0000000000000036 (mip.MTI <- 0b1, mip.STI <- 0b0)
mem[X,0x00000000800001B0] -> 0x0013
mem[X,0x00000000800001B2] -> 0x0000
[108] [M]: 0x00000000800001B0 (0x00000013) addi x0, x0, 0x0                         rvtest_code_begin+56

mem[X,0x00000000800001B4] -> 0x0013
mem[X,0x00000000800001B6] -> 0x0000
[109] [M]: 0x00000000800001B4 (0x00000013) addi x0, x0, 0x0                         rvtest_code_begin+60

clint mtime 0x0000000000000037 (mip.MTI <- 0b1, mip.STI <- 0b0)
mem[X,0x00000000800001B8] -> 0x0013
mem[X,0x00000000800001BA] -> 0x0000
[110] [M]: 0x00000000800001B8 (0x00000013) addi x0, x0, 0x0                         rvtest_code_begin+64

mem[X,0x00000000800001BC] -> 0x0013
mem[X,0x00000000800001BE] -> 0x0000
[111] [M]: 0x00000000800001BC (0x00000013) addi x0, x0, 0x0                         rvtest_code_begin+68

clint mtime 0x0000000000000038 (mip.MTI <- 0b1, mip.STI <- 0b0)
mem[X,0x00000000800001C0] -> 0x3097
mem[X,0x00000000800001C2] -> 0x0000
[112] [M]: 0x00000000800001C0 (0x00003097) auipc x1, 0x3                            rvtest_code_begin+72
x1 <- 0x00000000800031C0

mem[X,0x00000000800001C4] -> 0x8093
mem[X,0x00000000800001C6] -> 0xF580
[113] [M]: 0x00000000800001C4 (0xF5808093) addi x1, x1, -0xa8                       rvtest_code_begin+76
x1 <- 0x0000000080003118

clint mtime 0x0000000000000039 (mip.MTI <- 0b1, mip.STI <- 0b0)
mem[X,0x00000000800001C8] -> 0x0001
[114] [M]: 0x00000000800001C8 (0x0001) c.nop                                        rvtest_code_begin+80

mem[X,0x00000000800001CA] -> 0x0013
mem[X,0x00000000800001CC] -> 0x0000
[115] [M]: 0x00000000800001CA (0x00000013) addi x0, x0, 0x0                         rvtest_code_begin+82

clint mtime 0x000000000000003A (mip.MTI <- 0b1, mip.STI <- 0b0)
mem[X,0x00000000800001CE] -> 0x0013
mem[X,0x00000000800001D0] -> 0x0000
[116] [M]: 0x00000000800001CE (0x00000013) addi x0, x0, 0x0                         rvtest_code_begin+86

mem[X,0x00000000800001D2] -> 0x0013
mem[X,0x00000000800001D4] -> 0x0000
[117] [M]: 0x00000000800001D2 (0x00000013) addi x0, x0, 0x0                         rvtest_code_begin+90

clint mtime 0x000000000000003B (mip.MTI <- 0b1, mip.STI <- 0b0)
mem[X,0x00000000800001D6] -> 0x0013
mem[X,0x00000000800001D8] -> 0x0000
[118] [M]: 0x00000000800001D6 (0x00000013) addi x0, x0, 0x0                         rvtest_code_begin+94

mem[X,0x00000000800001DA] -> 0x0013
mem[X,0x00000000800001DC] -> 0x0000
[119] [M]: 0x00000000800001DA (0x00000013) addi x0, x0, 0x0                         rvtest_code_begin+98

clint mtime 0x000000000000003C (mip.MTI <- 0b1, mip.STI <- 0b0)
mem[X,0x00000000800001DE] -> 0x0001
[120] [M]: 0x00000000800001DE (0x0001) c.nop                                        rvtest_code_begin+102

mem[X,0x00000000800001E0] -> 0x3F87
mem[X,0x00000000800001E2] -> 0x0002
[121] [M]: 0x00000000800001E0 (0x00023F87) fld f31, 0x0(x4)                         inst_0+0
mem[R,0x0000000080002010] -> 0x0000000000000000
f31 <- 0x0000000000000000
CSR mstatus (0x300) <- 0x8000000A00006000

clint mtime 0x000000000000003D (mip.MTI <- 0b1, mip.STI <- 0b0)
mem[X,0x00000000800001E4] -> 0x8106
[122] [M]: 0x00000000800001E4 (0x8106) c.mv x2, x1                                  inst_0+4
x2 <- 0x0000000080003118

mem[X,0x00000000800001E6] -> 0x0193
mem[X,0x00000000800001E8] -> 0x0000
[123] [M]: 0x00000000800001E6 (0x00000193) addi x3, x0, 0x0                         inst_0+6
x3 <- 0x0000000000000000

clint mtime 0x000000000000003E (mip.MTI <- 0b1, mip.STI <- 0b0)
mem[X,0x00000000800001EA] -> 0x0133
mem[X,0x00000000800001EC] -> 0x4031
[124] [M]: 0x00000000800001EA (0x40310133) sub x2, x2, x3                           inst_0+10
x2 <- 0x0000000080003118

mem[X,0x00000000800001EE] -> 0xA07E
[125] [M]: 0x00000000800001EE (0xA07E) c.fsdsp f31, 0x0(x2)                         inst_0+14
mem[W,0x0000000080003118] <- 0x0000000000000000

clint mtime 0x000000000000003F (mip.MTI <- 0b1, mip.STI <- 0b0)
mem[X,0x00000000800001F0] -> 0x0001
[126] [M]: 0x00000000800001F0 (0x0001) c.nop                                        inst_0+16

mem[X,0x00000000800001F2] -> 0x0001
[127] [M]: 0x00000000800001F2 (0x0001) c.nop                                        inst_0+18

clint mtime 0x0000000000000040 (mip.MTI <- 0b1, mip.STI <- 0b0)
mem[X,0x00000000800001F4] -> 0x22F3
mem[X,0x00000000800001F6] -> 0x0030
[128] [M]: 0x00000000800001F4 (0x003022F3) csrrs x5, fcsr, x0                       inst_0+20
CSR fcsr (0x003) -> 0x0000000000000000
x5 <- 0x0000000000000000

mem[X,0x00000000800001F8] -> 0xB423
mem[X,0x00000000800001FA] -> 0x0050
[129] [M]: 0x00000000800001F8 (0x0050B423) sd x5, 0x8(x1)                           inst_0+24
mem[W,0x0000000080003120] <- 0x0000000000000000

clint mtime 0x0000000000000041 (mip.MTI <- 0b1, mip.STI <- 0b0)
mem[X,0x00000000800001FC] -> 0x0013
mem[X,0x00000000800001FE] -> 0x0000
[130] [M]: 0x00000000800001FC (0x00000013) addi x0, x0, 0x0                         inst_0+28

mem[X,0x0000000080000200] -> 0x2217
mem[X,0x0000000080000202] -> 0x0000
[131] [M]: 0x0000000080000200 (0x00002217) auipc x4, 0x2                            inst_0+32
x4 <- 0x0000000080002200

clint mtime 0x0000000000000042 (mip.MTI <- 0b1, mip.STI <- 0b0)
mem[X,0x0000000080000204] -> 0x0213
mem[X,0x0000000080000206] -> 0xE102
[132] [M]: 0x0000000080000204 (0xE1020213) addi x4, x4, -0x1f0                      inst_0+36
x4 <- 0x0000000080002010

mem[X,0x0000000080000208] -> 0x0013
mem[X,0x000000008000020A] -> 0x0000
[133] [M]: 0x0000000080000208 (0x00000013) addi x0, x0, 0x0                         inst_0+40

clint mtime 0x0000000000000043 (mip.MTI <- 0b1, mip.STI <- 0b0)
mem[X,0x000000008000020C] -> 0x0013
mem[X,0x000000008000020E] -> 0x0000
[134] [M]: 0x000000008000020C (0x00000013) addi x0, x0, 0x0                         inst_0+44

mem[X,0x0000000080000210] -> 0x0013
mem[X,0x0000000080000212] -> 0x0000
[135] [M]: 0x0000000080000210 (0x00000013) addi x0, x0, 0x0                         inst_0+48

clint mtime 0x0000000000000044 (mip.MTI <- 0b1, mip.STI <- 0b0)
mem[X,0x0000000080000214] -> 0x0013
mem[X,0x0000000080000216] -> 0x0000
[136] [M]: 0x0000000080000214 (0x00000013) addi x0, x0, 0x0                         inst_0+52

mem[X,0x0000000080000218] -> 0x0013
mem[X,0x000000008000021A] -> 0x0000
[137] [M]: 0x0000000080000218 (0x00000013) addi x0, x0, 0x0                         inst_0+56

clint mtime 0x0000000000000045 (mip.MTI <- 0b1, mip.STI <- 0b0)
mem[X,0x000000008000021C] -> 0x0013
mem[X,0x000000008000021E] -> 0x0000
[138] [M]: 0x000000008000021C (0x00000013) addi x0, x0, 0x0                         inst_0+60

mem[X,0x0000000080000220] -> 0x3F07
mem[X,0x0000000080000222] -> 0x0082
[139] [M]: 0x0000000080000220 (0x00823F07) fld f30, 0x8(x4)                         inst_1+0
mem[R,0x0000000080002018] -> 0x0000000000000000
f30 <- 0x0000000000000000
CSR mstatus (0x300) <- 0x8000000A00006000

clint mtime 0x0000000000000046 (mip.MTI <- 0b1, mip.STI <- 0b0)
mem[X,0x0000000080000224] -> 0x8113
mem[X,0x0000000080000226] -> 0x0100
[140] [M]: 0x0000000080000224 (0x01008113) addi x2, x1, 0x10                        inst_1+4
x2 <- 0x0000000080003128

mem[X,0x0000000080000228] -> 0x0193
mem[X,0x000000008000022A] -> 0x1F80
[141] [M]: 0x0000000080000228 (0x1F800193) addi x3, x0, 0x1f8                       inst_1+8
x3 <- 0x00000000000001F8

clint mtime 0x0000000000000047 (mip.MTI <- 0b1, mip.STI <- 0b0)
mem[X,0x000000008000022C] -> 0x0133
mem[X,0x000000008000022E] -> 0x4031
[142] [M]: 0x000000008000022C (0x40310133) sub x2, x2, x3                           inst_1+12
x2 <- 0x0000000080002F30

mem[X,0x0000000080000230] -> 0xBFFA
[143] [M]: 0x0000000080000230 (0xBFFA) c.fsdsp f30, 0x1f8(x2)                       inst_1+16
mem[W,0x0000000080003128] <- 0x0000000000000000

clint mtime 0x0000000000000048 (mip.MTI <- 0b1, mip.STI <- 0b0)
mem[X,0x0000000080000232] -> 0x0001
[144] [M]: 0x0000000080000232 (0x0001) c.nop                                        inst_1+18

mem[X,0x0000000080000234] -> 0x0001
[145] [M]: 0x0000000080000234 (0x0001) c.nop                                        inst_1+20

clint mtime 0x0000000000000049 (mip.MTI <- 0b1, mip.STI <- 0b0)
mem[X,0x0000000080000236] -> 0x22F3
mem[X,0x0000000080000238] -> 0x0030
[146] [M]: 0x0000000080000236 (0x003022F3) csrrs x5, fcsr, x0                       inst_1+22
CSR fcsr (0x003) -> 0x0000000000000000
x5 <- 0x0000000000000000

mem[X,0x000000008000023A] -> 0xBC23
mem[X,0x000000008000023C] -> 0x0050
[147] [M]: 0x000000008000023A (0x0050BC23) sd x5, 0x18(x1)                          inst_1+26
mem[W,0x0000000080003130] <- 0x0000000000000000

clint mtime 0x000000000000004A (mip.MTI <- 0b1, mip.STI <- 0b0)
mem[X,0x000000008000023E] -> 0x0001
[148] [M]: 0x000000008000023E (0x0001) c.nop                                        inst_1+30

mem[X,0x0000000080000240] -> 0x2217
mem[X,0x0000000080000242] -> 0x0000
[149] [M]: 0x0000000080000240 (0x00002217) auipc x4, 0x2                            inst_1+32
x4 <- 0x0000000080002240

clint mtime 0x000000000000004B (mip.MTI <- 0b1, mip.STI <- 0b0)
mem[X,0x0000000080000244] -> 0x0213
mem[X,0x0000000080000246] -> 0xDD02
[150] [M]: 0x0000000080000244 (0xDD020213) addi x4, x4, -0x230                      inst_1+36
x4 <- 0x0000000080002010

mem[X,0x0000000080000248] -> 0x0013
mem[X,0x000000008000024A] -> 0x0000
[151] [M]: 0x0000000080000248 (0x00000013) addi x0, x0, 0x0                         inst_1+40

clint mtime 0x000000000000004C (mip.MTI <- 0b1, mip.STI <- 0b0)
mem[X,0x000000008000024C] -> 0x0013
mem[X,0x000000008000024E] -> 0x0000
[152] [M]: 0x000000008000024C (0x00000013) addi x0, x0, 0x0                         inst_1+44

mem[X,0x0000000080000250] -> 0x0013
mem[X,0x0000000080000252] -> 0x0000
[153] [M]: 0x0000000080000250 (0x00000013) addi x0, x0, 0x0                         inst_1+48

clint mtime 0x000000000000004D (mip.MTI <- 0b1, mip.STI <- 0b0)
mem[X,0x0000000080000254] -> 0x0013
mem[X,0x0000000080000256] -> 0x0000
[154] [M]: 0x0000000080000254 (0x00000013) addi x0, x0, 0x0                         inst_1+52

mem[X,0x0000000080000258] -> 0x0013
mem[X,0x000000008000025A] -> 0x0000
[155] [M]: 0x0000000080000258 (0x00000013) addi x0, x0, 0x0                         inst_1+56

clint mtime 0x000000000000004E (mip.MTI <- 0b1, mip.STI <- 0b0)
mem[X,0x000000008000025C] -> 0x0013
mem[X,0x000000008000025E] -> 0x0000
[156] [M]: 0x000000008000025C (0x00000013) addi x0, x0, 0x0                         inst_1+60

mem[X,0x0000000080000260] -> 0x3E87
mem[X,0x0000000080000262] -> 0x0102
[157] [M]: 0x0000000080000260 (0x01023E87) fld f29, 0x10(x4)                        inst_2+0
mem[R,0x0000000080002020] -> 0x0000000000000000
f29 <- 0x0000000000000000
CSR mstatus (0x300) <- 0x8000000A00006000

clint mtime 0x000000000000004F (mip.MTI <- 0b1, mip.STI <- 0b0)
mem[X,0x0000000080000264] -> 0x8113
mem[X,0x0000000080000266] -> 0x0200
[158] [M]: 0x0000000080000264 (0x02008113) addi x2, x1, 0x20                        inst_2+4
x2 <- 0x0000000080003138

mem[X,0x0000000080000268] -> 0x0193
mem[X,0x000000008000026A] -> 0x0A80
[159] [M]: 0x0000000080000268 (0x0A800193) addi x3, x0, 0xa8                        inst_2+8
x3 <- 0x00000000000000A8

clint mtime 0x0000000000000050 (mip.MTI <- 0b1, mip.STI <- 0b0)
mem[X,0x000000008000026C] -> 0x0133
mem[X,0x000000008000026E] -> 0x4031
[160] [M]: 0x000000008000026C (0x40310133) sub x2, x2, x3                           inst_2+12
x2 <- 0x0000000080003090

mem[X,0x0000000080000270] -> 0xB576
[161] [M]: 0x0000000080000270 (0xB576) c.fsdsp f29, 0xa8(x2)                        inst_2+16
mem[W,0x0000000080003138] <- 0x0000000000000000

clint mtime 0x0000000000000051 (mip.MTI <- 0b1, mip.STI <- 0b0)
mem[X,0x0000000080000272] -> 0x0001
[162] [M]: 0x0000000080000272 (0x0001) c.nop                                        inst_2+18

mem[X,0x0000000080000274] -> 0x0001
[163] [M]: 0x0000000080000274 (0x0001) c.nop                                        inst_2+20

clint mtime 0x0000000000000052 (mip.MTI <- 0b1, mip.STI <- 0b0)
mem[X,0x0000000080000276] -> 0x22F3
mem[X,0x0000000080000278] -> 0x0030
[164] [M]: 0x0000000080000276 (0x003022F3) csrrs x5, fcsr, x0                       inst_2+22
CSR fcsr (0x003) -> 0x0000000000000000
x5 <- 0x0000000000000000

mem[X,0x000000008000027A] -> 0xB423
mem[X,0x000000008000027C] -> 0x0250
[165] [M]: 0x000000008000027A (0x0250B423) sd x5, 0x28(x1)                          inst_2+26
mem[W,0x0000000080003140] <- 0x0000000000000000

clint mtime 0x0000000000000053 (mip.MTI <- 0b1, mip.STI <- 0b0)
mem[X,0x000000008000027E] -> 0x0001
[166] [M]: 0x000000008000027E (0x0001) c.nop                                        inst_2+30

mem[X,0x0000000080000280] -> 0x2217
mem[X,0x0000000080000282] -> 0x0000
[167] [M]: 0x0000000080000280 (0x00002217) auipc x4, 0x2                            inst_2+32
x4 <- 0x0000000080002280

clint mtime 0x0000000000000054 (mip.MTI <- 0b1, mip.STI <- 0b0)
mem[X,0x0000000080000284] -> 0x0213
mem[X,0x0000000080000286] -> 0xD902
[168] [M]: 0x0000000080000284 (0xD9020213) addi x4, x4, -0x270                      inst_2+36
x4 <- 0x0000000080002010

mem[X,0x0000000080000288] -> 0x0013
mem[X,0x000000008000028A] -> 0x0000
[169] [M]: 0x0000000080000288 (0x00000013) addi x0, x0, 0x0                         inst_2+40

clint mtime 0x0000000000000055 (mip.MTI <- 0b1, mip.STI <- 0b0)
mem[X,0x000000008000028C] -> 0x0013
mem[X,0x000000008000028E] -> 0x0000
[170] [M]: 0x000000008000028C (0x00000013) addi x0, x0, 0x0                         inst_2+44

mem[X,0x0000000080000290] -> 0x0013
mem[X,0x0000000080000292] -> 0x0000
[171] [M]: 0x0000000080000290 (0x00000013) addi x0, x0, 0x0                         inst_2+48

clint mtime 0x0000000000000056 (mip.MTI <- 0b1, mip.STI <- 0b0)
mem[X,0x0000000080000294] -> 0x0013
mem[X,0x0000000080000296] -> 0x0000
[172] [M]: 0x0000000080000294 (0x00000013) addi x0, x0, 0x0                         inst_2+52

mem[X,0x0000000080000298] -> 0x0013
mem[X,0x000000008000029A] -> 0x0000
[173] [M]: 0x0000000080000298 (0x00000013) addi x0, x0, 0x0                         inst_2+56

clint mtime 0x0000000000000057 (mip.MTI <- 0b1, mip.STI <- 0b0)
mem[X,0x000000008000029C] -> 0x0013
mem[X,0x000000008000029E] -> 0x0000
[174] [M]: 0x000000008000029C (0x00000013) addi x0, x0, 0x0                         inst_2+60

mem[X,0x00000000800002A0] -> 0x3E07
mem[X,0x00000000800002A2] -> 0x0182
[175] [M]: 0x00000000800002A0 (0x01823E07) fld f28, 0x18(x4)                        inst_3+0
mem[R,0x0000000080002028] -> 0x0000000000000000
f28 <- 0x0000000000000000
CSR mstatus (0x300) <- 0x8000000A00006000

clint mtime 0x0000000000000058 (mip.MTI <- 0b1, mip.STI <- 0b0)
mem[X,0x00000000800002A4] -> 0x8113
mem[X,0x00000000800002A6] -> 0x0300
[176] [M]: 0x00000000800002A4 (0x03008113) addi x2, x1, 0x30                        inst_3+4
x2 <- 0x0000000080003148

mem[X,0x00000000800002A8] -> 0x0193
mem[X,0x00000000800002AA] -> 0x1500
[177] [M]: 0x00000000800002A8 (0x15000193) addi x3, x0, 0x150                       inst_3+8
x3 <- 0x0000000000000150

clint mtime 0x0000000000000059 (mip.MTI <- 0b1, mip.STI <- 0b0)
mem[X,0x00000000800002AC] -> 0x0133
mem[X,0x00000000800002AE] -> 0x4031
[178] [M]: 0x00000000800002AC (0x40310133) sub x2, x2, x3                           inst_3+12
x2 <- 0x0000000080002FF8

mem[X,0x00000000800002B0] -> 0xAAF2
[179] [M]: 0x00000000800002B0 (0xAAF2) c.fsdsp f28, 0x150(x2)                       inst_3+16
mem[W,0x0000000080003148] <- 0x0000000000000000

clint mtime 0x000000000000005A (mip.MTI <- 0b1, mip.STI <- 0b0)
mem[X,0x00000000800002B2] -> 0x0001
[180] [M]: 0x00000000800002B2 (0x0001) c.nop                                        inst_3+18

mem[X,0x00000000800002B4] -> 0x0001
[181] [M]: 0x00000000800002B4 (0x0001) c.nop                                        inst_3+20

clint mtime 0x000000000000005B (mip.MTI <- 0b1, mip.STI <- 0b0)
mem[X,0x00000000800002B6] -> 0x22F3
mem[X,0x00000000800002B8] -> 0x0030
[182] [M]: 0x00000000800002B6 (0x003022F3) csrrs x5, fcsr, x0                       inst_3+22
CSR fcsr (0x003) -> 0x0000000000000000
x5 <- 0x0000000000000000

mem[X,0x00000000800002BA] -> 0xBC23
mem[X,0x00000000800002BC] -> 0x0250
[183] [M]: 0x00000000800002BA (0x0250BC23) sd x5, 0x38(x1)                          inst_3+26
mem[W,0x0000000080003150] <- 0x0000000000000000

clint mtime 0x000000000000005C (mip.MTI <- 0b1, mip.STI <- 0b0)
mem[X,0x00000000800002BE] -> 0x0001
[184] [M]: 0x00000000800002BE (0x0001) c.nop                                        inst_3+30

mem[X,0x00000000800002C0] -> 0x2217
mem[X,0x00000000800002C2] -> 0x0000
[185] [M]: 0x00000000800002C0 (0x00002217) auipc x4, 0x2                            inst_3+32
x4 <- 0x00000000800022C0

clint mtime 0x000000000000005D (mip.MTI <- 0b1, mip.STI <- 0b0)
mem[X,0x00000000800002C4] -> 0x0213
mem[X,0x00000000800002C6] -> 0xD502
[186] [M]: 0x00000000800002C4 (0xD5020213) addi x4, x4, -0x2b0                      inst_3+36
x4 <- 0x0000000080002010

mem[X,0x00000000800002C8] -> 0x0013
mem[X,0x00000000800002CA] -> 0x0000
[187] [M]: 0x00000000800002C8 (0x00000013) addi x0, x0, 0x0                         inst_3+40

clint mtime 0x000000000000005E (mip.MTI <- 0b1, mip.STI <- 0b0)
mem[X,0x00000000800002CC] -> 0x0013
mem[X,0x00000000800002CE] -> 0x0000
[188] [M]: 0x00000000800002CC (0x00000013) addi x0, x0, 0x0                         inst_3+44

mem[X,0x00000000800002D0] -> 0x0013
mem[X,0x00000000800002D2] -> 0x0000
[189] [M]: 0x00000000800002D0 (0x00000013) addi x0, x0, 0x0                         inst_3+48

clint mtime 0x000000000000005F (mip.MTI <- 0b1, mip.STI <- 0b0)
mem[X,0x00000000800002D4] -> 0x0013
mem[X,0x00000000800002D6] -> 0x0000
[190] [M]: 0x00000000800002D4 (0x00000013) addi x0, x0, 0x0                         inst_3+52

mem[X,0x00000000800002D8] -> 0x0013
mem[X,0x00000000800002DA] -> 0x0000
[191] [M]: 0x00000000800002D8 (0x00000013) addi x0, x0, 0x0                         inst_3+56

clint mtime 0x0000000000000060 (mip.MTI <- 0b1, mip.STI <- 0b0)
mem[X,0x00000000800002DC] -> 0x0013
mem[X,0x00000000800002DE] -> 0x0000
[192] [M]: 0x00000000800002DC (0x00000013) addi x0, x0, 0x0                         inst_3+60

mem[X,0x00000000800002E0] -> 0x3D87
mem[X,0x00000000800002E2] -> 0x0202
[193] [M]: 0x00000000800002E0 (0x02023D87) fld f27, 0x20(x4)                        inst_4+0
mem[R,0x0000000080002030] -> 0x0000000000000000
f27 <- 0x0000000000000000
CSR mstatus (0x300) <- 0x8000000A00006000

clint mtime 0x0000000000000061 (mip.MTI <- 0b1, mip.STI <- 0b0)
mem[X,0x00000000800002E4] -> 0x8113
mem[X,0x00000000800002E6] -> 0x0400
[194] [M]: 0x00000000800002E4 (0x04008113) addi x2, x1, 0x40                        inst_4+4
x2 <- 0x0000000080003158

mem[X,0x00000000800002E8] -> 0x0193
mem[X,0x00000000800002EA] -> 0x1F00
[195] [M]: 0x00000000800002E8 (0x1F000193) addi x3, x0, 0x1f0                       inst_4+8
x3 <- 0x00000000000001F0

clint mtime 0x0000000000000062 (mip.MTI <- 0b1, mip.STI <- 0b0)
mem[X,0x00000000800002EC] -> 0x0133
mem[X,0x00000000800002EE] -> 0x4031
[196] [M]: 0x00000000800002EC (0x40310133) sub x2, x2, x3                           inst_4+12
x2 <- 0x0000000080002F68

mem[X,0x00000000800002F0] -> 0xBBEE
[197] [M]: 0x00000000800002F0 (0xBBEE) c.fsdsp f27, 0x1f0(x2)                       inst_4+16
mem[W,0x0000000080003158] <- 0x0000000000000000

clint mtime 0x0000000000000063 (mip.MTI <- 0b1, mip.STI <- 0b0)
mem[X,0x00000000800002F2] -> 0x0001
[198] [M]: 0x00000000800002F2 (0x0001) c.nop                                        inst_4+18

mem[X,0x00000000800002F4] -> 0x0001
[199] [M]: 0x00000000800002F4 (0x0001) c.nop                                        inst_4+20

clint mtime 0x0000000000000064 (mip.MTI <- 0b1, mip.STI <- 0b0)
mem[X,0x00000000800002F6] -> 0x22F3
mem[X,0x00000000800002F8] -> 0x0030
[200] [M]: 0x00000000800002F6 (0x003022F3) csrrs x5, fcsr, x0                       inst_4+22
CSR fcsr (0x003) -> 0x0000000000000000
x5 <- 0x0000000000000000

mem[X,0x00000000800002FA] -> 0xB423
mem[X,0x00000000800002FC] -> 0x0450
[201] [M]: 0x00000000800002FA (0x0450B423) sd x5, 0x48(x1)                          inst_4+26
mem[W,0x0000000080003160] <- 0x0000000000000000

clint mtime 0x0000000000000065 (mip.MTI <- 0b1, mip.STI <- 0b0)
mem[X,0x00000000800002FE] -> 0x0001
[202] [M]: 0x00000000800002FE (0x0001) c.nop                                        inst_4+30

mem[X,0x0000000080000300] -> 0x2217
mem[X,0x0000000080000302] -> 0x0000
[203] [M]: 0x0000000080000300 (0x00002217) auipc x4, 0x2                            inst_4+32
x4 <- 0x0000000080002300

clint mtime 0x0000000000000066 (mip.MTI <- 0b1, mip.STI <- 0b0)
mem[X,0x0000000080000304] -> 0x0213
mem[X,0x0000000080000306] -> 0xD102
[204] [M]: 0x0000000080000304 (0xD1020213) addi x4, x4, -0x2f0                      inst_4+36
x4 <- 0x0000000080002010

mem[X,0x0000000080000308] -> 0x0013
mem[X,0x000000008000030A] -> 0x0000
[205] [M]: 0x0000000080000308 (0x00000013) addi x0, x0, 0x0                         inst_4+40

clint mtime 0x0000000000000067 (mip.MTI <- 0b1, mip.STI <- 0b0)
mem[X,0x000000008000030C] -> 0x0013
mem[X,0x000000008000030E] -> 0x0000
[206] [M]: 0x000000008000030C (0x00000013) addi x0, x0, 0x0                         inst_4+44

mem[X,0x0000000080000310] -> 0x0013
mem[X,0x0000000080000312] -> 0x0000
[207] [M]: 0x0000000080000310 (0x00000013) addi x0, x0, 0x0                         inst_4+48

clint mtime 0x0000000000000068 (mip.MTI <- 0b1, mip.STI <- 0b0)
mem[X,0x0000000080000314] -> 0x0013
mem[X,0x0000000080000316] -> 0x0000
[208] [M]: 0x0000000080000314 (0x00000013) addi x0, x0, 0x0                         inst_4+52

mem[X,0x0000000080000318] -> 0x0013
mem[X,0x000000008000031A] -> 0x0000
[209] [M]: 0x0000000080000318 (0x00000013) addi x0, x0, 0x0                         inst_4+56

clint mtime 0x0000000000000069 (mip.MTI <- 0b1, mip.STI <- 0b0)
mem[X,0x000000008000031C] -> 0x0013
mem[X,0x000000008000031E] -> 0x0000
[210] [M]: 0x000000008000031C (0x00000013) addi x0, x0, 0x0                         inst_4+60

mem[X,0x0000000080000320] -> 0x3D07
mem[X,0x0000000080000322] -> 0x0282
[211] [M]: 0x0000000080000320 (0x02823D07) fld f26, 0x28(x4)                        inst_5+0
mem[R,0x0000000080002038] -> 0x0000000000000000
f26 <- 0x0000000000000000
CSR mstatus (0x300) <- 0x8000000A00006000

clint mtime 0x000000000000006A (mip.MTI <- 0b1, mip.STI <- 0b0)
mem[X,0x0000000080000324] -> 0x8113
mem[X,0x0000000080000326] -> 0x0500
[212] [M]: 0x0000000080000324 (0x05008113) addi x2, x1, 0x50                        inst_5+4
x2 <- 0x0000000080003168

mem[X,0x0000000080000328] -> 0x0193
mem[X,0x000000008000032A] -> 0x1E80
[213] [M]: 0x0000000080000328 (0x1E800193) addi x3, x0, 0x1e8                       inst_5+8
x3 <- 0x00000000000001E8

clint mtime 0x000000000000006B (mip.MTI <- 0b1, mip.STI <- 0b0)
mem[X,0x000000008000032C] -> 0x0133
mem[X,0x000000008000032E] -> 0x4031
[214] [M]: 0x000000008000032C (0x40310133) sub x2, x2, x3                           inst_5+12
x2 <- 0x0000000080002F80

mem[X,0x0000000080000330] -> 0xB7EA
[215] [M]: 0x0000000080000330 (0xB7EA) c.fsdsp f26, 0x1e8(x2)                       inst_5+16
mem[W,0x0000000080003168] <- 0x0000000000000000

clint mtime 0x000000000000006C (mip.MTI <- 0b1, mip.STI <- 0b0)
mem[X,0x0000000080000332] -> 0x0001
[216] [M]: 0x0000000080000332 (0x0001) c.nop                                        inst_5+18

mem[X,0x0000000080000334] -> 0x0001
[217] [M]: 0x0000000080000334 (0x0001) c.nop                                        inst_5+20

clint mtime 0x000000000000006D (mip.MTI <- 0b1, mip.STI <- 0b0)
mem[X,0x0000000080000336] -> 0x22F3
mem[X,0x0000000080000338] -> 0x0030
[218] [M]: 0x0000000080000336 (0x003022F3) csrrs x5, fcsr, x0                       inst_5+22
CSR fcsr (0x003) -> 0x0000000000000000
x5 <- 0x0000000000000000

mem[X,0x000000008000033A] -> 0xBC23
mem[X,0x000000008000033C] -> 0x0450
[219] [M]: 0x000000008000033A (0x0450BC23) sd x5, 0x58(x1)                          inst_5+26
mem[W,0x0000000080003170] <- 0x0000000000000000

clint mtime 0x000000000000006E (mip.MTI <- 0b1, mip.STI <- 0b0)
mem[X,0x000000008000033E] -> 0x0001
[220] [M]: 0x000000008000033E (0x0001) c.nop                                        inst_5+30

mem[X,0x0000000080000340] -> 0x2217
mem[X,0x0000000080000342] -> 0x0000
[221] [M]: 0x0000000080000340 (0x00002217) auipc x4, 0x2                            inst_5+32
x4 <- 0x0000000080002340

clint mtime 0x000000000000006F (mip.MTI <- 0b1, mip.STI <- 0b0)
mem[X,0x0000000080000344] -> 0x0213
mem[X,0x0000000080000346] -> 0xCD02
[222] [M]: 0x0000000080000344 (0xCD020213) addi x4, x4, -0x330                      inst_5+36
x4 <- 0x0000000080002010

mem[X,0x0000000080000348] -> 0x0013
mem[X,0x000000008000034A] -> 0x0000
[223] [M]: 0x0000000080000348 (0x00000013) addi x0, x0, 0x0                         inst_5+40

clint mtime 0x0000000000000070 (mip.MTI <- 0b1, mip.STI <- 0b0)
mem[X,0x000000008000034C] -> 0x0013
mem[X,0x000000008000034E] -> 0x0000
[224] [M]: 0x000000008000034C (0x00000013) addi x0, x0, 0x0                         inst_5+44

mem[X,0x0000000080000350] -> 0x0013
mem[X,0x0000000080000352] -> 0x0000
[225] [M]: 0x0000000080000350 (0x00000013) addi x0, x0, 0x0                         inst_5+48

clint mtime 0x0000000000000071 (mip.MTI <- 0b1, mip.STI <- 0b0)
mem[X,0x0000000080000354] -> 0x0013
mem[X,0x0000000080000356] -> 0x0000
[226] [M]: 0x0000000080000354 (0x00000013) addi x0, x0, 0x0                         inst_5+52

mem[X,0x0000000080000358] -> 0x0013
mem[X,0x000000008000035A] -> 0x0000
[227] [M]: 0x0000000080000358 (0x00000013) addi x0, x0, 0x0                         inst_5+56

clint mtime 0x0000000000000072 (mip.MTI <- 0b1, mip.STI <- 0b0)
mem[X,0x000000008000035C] -> 0x0013
mem[X,0x000000008000035E] -> 0x0000
[228] [M]: 0x000000008000035C (0x00000013) addi x0, x0, 0x0                         inst_5+60

mem[X,0x0000000080000360] -> 0x3C87
mem[X,0x0000000080000362] -> 0x0302
[229] [M]: 0x0000000080000360 (0x03023C87) fld f25, 0x30(x4)                        inst_6+0
mem[R,0x0000000080002040] -> 0x0000000000000000
f25 <- 0x0000000000000000
CSR mstatus (0x300) <- 0x8000000A00006000

clint mtime 0x0000000000000073 (mip.MTI <- 0b1, mip.STI <- 0b0)
mem[X,0x0000000080000364] -> 0x8113
mem[X,0x0000000080000366] -> 0x0600
[230] [M]: 0x0000000080000364 (0x06008113) addi x2, x1, 0x60                        inst_6+4
x2 <- 0x0000000080003178

mem[X,0x0000000080000368] -> 0x0193
mem[X,0x000000008000036A] -> 0x1D80
[231] [M]: 0x0000000080000368 (0x1D800193) addi x3, x0, 0x1d8                       inst_6+8
x3 <- 0x00000000000001D8

clint mtime 0x0000000000000074 (mip.MTI <- 0b1, mip.STI <- 0b0)
mem[X,0x000000008000036C] -> 0x0133
mem[X,0x000000008000036E] -> 0x4031
[232] [M]: 0x000000008000036C (0x40310133) sub x2, x2, x3                           inst_6+12
x2 <- 0x0000000080002FA0

mem[X,0x0000000080000370] -> 0xAFE6
[233] [M]: 0x0000000080000370 (0xAFE6) c.fsdsp f25, 0x1d8(x2)                       inst_6+16
mem[W,0x0000000080003178] <- 0x0000000000000000

clint mtime 0x0000000000000075 (mip.MTI <- 0b1, mip.STI <- 0b0)
mem[X,0x0000000080000372] -> 0x0001
[234] [M]: 0x0000000080000372 (0x0001) c.nop                                        inst_6+18

mem[X,0x0000000080000374] -> 0x0001
[235] [M]: 0x0000000080000374 (0x0001) c.nop                                        inst_6+20

clint mtime 0x0000000000000076 (mip.MTI <- 0b1, mip.STI <- 0b0)
mem[X,0x0000000080000376] -> 0x22F3
mem[X,0x0000000080000378] -> 0x0030
[236] [M]: 0x0000000080000376 (0x003022F3) csrrs x5, fcsr, x0                       inst_6+22
CSR fcsr (0x003) -> 0x0000000000000000
x5 <- 0x0000000000000000

mem[X,0x000000008000037A] -> 0xB423
mem[X,0x000000008000037C] -> 0x0650
[237] [M]: 0x000000008000037A (0x0650B423) sd x5, 0x68(x1)                          inst_6+26
mem[W,0x0000000080003180] <- 0x0000000000000000

clint mtime 0x0000000000000077 (mip.MTI <- 0b1, mip.STI <- 0b0)
mem[X,0x000000008000037E] -> 0x0001
[238] [M]: 0x000000008000037E (0x0001) c.nop                                        inst_6+30

mem[X,0x0000000080000380] -> 0x2217
mem[X,0x0000000080000382] -> 0x0000
[239] [M]: 0x0000000080000380 (0x00002217) auipc x4, 0x2                            inst_6+32
x4 <- 0x0000000080002380

clint mtime 0x0000000000000078 (mip.MTI <- 0b1, mip.STI <- 0b0)
mem[X,0x0000000080000384] -> 0x0213
mem[X,0x0000000080000386] -> 0xC902
[240] [M]: 0x0000000080000384 (0xC9020213) addi x4, x4, -0x370                      inst_6+36
x4 <- 0x0000000080002010

mem[X,0x0000000080000388] -> 0x0013
mem[X,0x000000008000038A] -> 0x0000
[241] [M]: 0x0000000080000388 (0x00000013) addi x0, x0, 0x0                         inst_6+40

clint mtime 0x0000000000000079 (mip.MTI <- 0b1, mip.STI <- 0b0)
mem[X,0x000000008000038C] -> 0x0013
mem[X,0x000000008000038E] -> 0x0000
[242] [M]: 0x000000008000038C (0x00000013) addi x0, x0, 0x0                         inst_6+44

mem[X,0x0000000080000390] -> 0x0013
mem[X,0x0000000080000392] -> 0x0000
[243] [M]: 0x0000000080000390 (0x00000013) addi x0, x0, 0x0                         inst_6+48

clint mtime 0x000000000000007A (mip.MTI <- 0b1, mip.STI <- 0b0)
mem[X,0x0000000080000394] -> 0x0013
mem[X,0x0000000080000396] -> 0x0000
[244] [M]: 0x0000000080000394 (0x00000013) addi x0, x0, 0x0                         inst_6+52

mem[X,0x0000000080000398] -> 0x0013
mem[X,0x000000008000039A] -> 0x0000
[245] [M]: 0x0000000080000398 (0x00000013) addi x0, x0, 0x0                         inst_6+56

clint mtime 0x000000000000007B (mip.MTI <- 0b1, mip.STI <- 0b0)
mem[X,0x000000008000039C] -> 0x0013
mem[X,0x000000008000039E] -> 0x0000
[246] [M]: 0x000000008000039C (0x00000013) addi x0, x0, 0x0                         inst_6+60

mem[X,0x00000000800003A0] -> 0x3C07
mem[X,0x00000000800003A2] -> 0x0382
[247] [M]: 0x00000000800003A0 (0x03823C07) fld f24, 0x38(x4)                        inst_7+0
mem[R,0x0000000080002048] -> 0x0000000000000000
f24 <- 0x0000000000000000
CSR mstatus (0x300) <- 0x8000000A00006000

clint mtime 0x000000000000007C (mip.MTI <- 0b1, mip.STI <- 0b0)
mem[X,0x00000000800003A4] -> 0x8113
mem[X,0x00000000800003A6] -> 0x0700
[248] [M]: 0x00000000800003A4 (0x07008113) addi x2, x1, 0x70                        inst_7+4
x2 <- 0x0000000080003188

mem[X,0x00000000800003A8] -> 0x0193
mem[X,0x00000000800003AA] -> 0x1B80
[249] [M]: 0x00000000800003A8 (0x1B800193) addi x3, x0, 0x1b8                       inst_7+8
x3 <- 0x00000000000001B8

clint mtime 0x000000000000007D (mip.MTI <- 0b1, mip.STI <- 0b0)
mem[X,0x00000000800003AC] -> 0x0133
mem[X,0x00000000800003AE] -> 0x4031
[250] [M]: 0x00000000800003AC (0x40310133) sub x2, x2, x3                           inst_7+12
x2 <- 0x0000000080002FD0

mem[X,0x00000000800003B0] -> 0xBF62
[251] [M]: 0x00000000800003B0 (0xBF62) c.fsdsp f24, 0x1b8(x2)                       inst_7+16
mem[W,0x0000000080003188] <- 0x0000000000000000

clint mtime 0x000000000000007E (mip.MTI <- 0b1, mip.STI <- 0b0)
mem[X,0x00000000800003B2] -> 0x0001
[252] [M]: 0x00000000800003B2 (0x0001) c.nop                                        inst_7+18

mem[X,0x00000000800003B4] -> 0x0001
[253] [M]: 0x00000000800003B4 (0x0001) c.nop                                        inst_7+20

clint mtime 0x000000000000007F (mip.MTI <- 0b1, mip.STI <- 0b0)
mem[X,0x00000000800003B6] -> 0x22F3
mem[X,0x00000000800003B8] -> 0x0030
[254] [M]: 0x00000000800003B6 (0x003022F3) csrrs x5, fcsr, x0                       inst_7+22
CSR fcsr (0x003) -> 0x0000000000000000
x5 <- 0x0000000000000000

mem[X,0x00000000800003BA] -> 0xBC23
mem[X,0x00000000800003BC] -> 0x0650
[255] [M]: 0x00000000800003BA (0x0650BC23) sd x5, 0x78(x1)                          inst_7+26
mem[W,0x0000000080003190] <- 0x0000000000000000

clint mtime 0x0000000000000080 (mip.MTI <- 0b1, mip.STI <- 0b0)
mem[X,0x00000000800003BE] -> 0x0001
[256] [M]: 0x00000000800003BE (0x0001) c.nop                                        inst_7+30

mem[X,0x00000000800003C0] -> 0x2217
mem[X,0x00000000800003C2] -> 0x0000
[257] [M]: 0x00000000800003C0 (0x00002217) auipc x4, 0x2                            inst_7+32
x4 <- 0x00000000800023C0

clint mtime 0x0000000000000081 (mip.MTI <- 0b1, mip.STI <- 0b0)
mem[X,0x00000000800003C4] -> 0x0213
mem[X,0x00000000800003C6] -> 0xC502
[258] [M]: 0x00000000800003C4 (0xC5020213) addi x4, x4, -0x3b0                      inst_7+36
x4 <- 0x0000000080002010

mem[X,0x00000000800003C8] -> 0x0013
mem[X,0x00000000800003CA] -> 0x0000
[259] [M]: 0x00000000800003C8 (0x00000013) addi x0, x0, 0x0                         inst_7+40

clint mtime 0x0000000000000082 (mip.MTI <- 0b1, mip.STI <- 0b0)
mem[X,0x00000000800003CC] -> 0x0013
mem[X,0x00000000800003CE] -> 0x0000
[260] [M]: 0x00000000800003CC (0x00000013) addi x0, x0, 0x0                         inst_7+44

mem[X,0x00000000800003D0] -> 0x0013
mem[X,0x00000000800003D2] -> 0x0000
[261] [M]: 0x00000000800003D0 (0x00000013) addi x0, x0, 0x0                         inst_7+48

clint mtime 0x0000000000000083 (mip.MTI <- 0b1, mip.STI <- 0b0)
mem[X,0x00000000800003D4] -> 0x0013
mem[X,0x00000000800003D6] -> 0x0000
[262] [M]: 0x00000000800003D4 (0x00000013) addi x0, x0, 0x0                         inst_7+52

mem[X,0x00000000800003D8] -> 0x0013
mem[X,0x00000000800003DA] -> 0x0000
[263] [M]: 0x00000000800003D8 (0x00000013) addi x0, x0, 0x0                         inst_7+56

clint mtime 0x0000000000000084 (mip.MTI <- 0b1, mip.STI <- 0b0)
mem[X,0x00000000800003DC] -> 0x0013
mem[X,0x00000000800003DE] -> 0x0000
[264] [M]: 0x00000000800003DC (0x00000013) addi x0, x0, 0x0                         inst_7+60

mem[X,0x00000000800003E0] -> 0x3B87
mem[X,0x00000000800003E2] -> 0x0402
[265] [M]: 0x00000000800003E0 (0x04023B87) fld f23, 0x40(x4)                        inst_8+0
mem[R,0x0000000080002050] -> 0x0000000000000000
f23 <- 0x0000000000000000
CSR mstatus (0x300) <- 0x8000000A00006000

clint mtime 0x0000000000000085 (mip.MTI <- 0b1, mip.STI <- 0b0)
mem[X,0x00000000800003E4] -> 0x8113
mem[X,0x00000000800003E6] -> 0x0800
[266] [M]: 0x00000000800003E4 (0x08008113) addi x2, x1, 0x80                        inst_8+4
x2 <- 0x0000000080003198

mem[X,0x00000000800003E8] -> 0x0193
mem[X,0x00000000800003EA] -> 0x1780
[267] [M]: 0x00000000800003E8 (0x17800193) addi x3, x0, 0x178                       inst_8+8
x3 <- 0x0000000000000178

clint mtime 0x0000000000000086 (mip.MTI <- 0b1, mip.STI <- 0b0)
mem[X,0x00000000800003EC] -> 0x0133
mem[X,0x00000000800003EE] -> 0x4031
[268] [M]: 0x00000000800003EC (0x40310133) sub x2, x2, x3                           inst_8+12
x2 <- 0x0000000080003020

mem[X,0x00000000800003F0] -> 0xBEDE
[269] [M]: 0x00000000800003F0 (0xBEDE) c.fsdsp f23, 0x178(x2)                       inst_8+16
mem[W,0x0000000080003198] <- 0x0000000000000000

clint mtime 0x0000000000000087 (mip.MTI <- 0b1, mip.STI <- 0b0)
mem[X,0x00000000800003F2] -> 0x0001
[270] [M]: 0x00000000800003F2 (0x0001) c.nop                                        inst_8+18

mem[X,0x00000000800003F4] -> 0x0001
[271] [M]: 0x00000000800003F4 (0x0001) c.nop                                        inst_8+20

clint mtime 0x0000000000000088 (mip.MTI <- 0b1, mip.STI <- 0b0)
mem[X,0x00000000800003F6] -> 0x22F3
mem[X,0x00000000800003F8] -> 0x0030
[272] [M]: 0x00000000800003F6 (0x003022F3) csrrs x5, fcsr, x0                       inst_8+22
CSR fcsr (0x003) -> 0x0000000000000000
x5 <- 0x0000000000000000

mem[X,0x00000000800003FA] -> 0xB423
mem[X,0x00000000800003FC] -> 0x0850
[273] [M]: 0x00000000800003FA (0x0850B423) sd x5, 0x88(x1)                          inst_8+26
mem[W,0x00000000800031A0] <- 0x0000000000000000

clint mtime 0x0000000000000089 (mip.MTI <- 0b1, mip.STI <- 0b0)
mem[X,0x00000000800003FE] -> 0x0001
[274] [M]: 0x00000000800003FE (0x0001) c.nop                                        inst_8+30

mem[X,0x0000000080000400] -> 0x2217
mem[X,0x0000000080000402] -> 0x0000
[275] [M]: 0x0000000080000400 (0x00002217) auipc x4, 0x2                            inst_8+32
x4 <- 0x0000000080002400

clint mtime 0x000000000000008A (mip.MTI <- 0b1, mip.STI <- 0b0)
mem[X,0x0000000080000404] -> 0x0213
mem[X,0x0000000080000406] -> 0xC102
[276] [M]: 0x0000000080000404 (0xC1020213) addi x4, x4, -0x3f0                      inst_8+36
x4 <- 0x0000000080002010

mem[X,0x0000000080000408] -> 0x0013
mem[X,0x000000008000040A] -> 0x0000
[277] [M]: 0x0000000080000408 (0x00000013) addi x0, x0, 0x0                         inst_8+40

clint mtime 0x000000000000008B (mip.MTI <- 0b1, mip.STI <- 0b0)
mem[X,0x000000008000040C] -> 0x0013
mem[X,0x000000008000040E] -> 0x0000
[278] [M]: 0x000000008000040C (0x00000013) addi x0, x0, 0x0                         inst_8+44

mem[X,0x0000000080000410] -> 0x0013
mem[X,0x0000000080000412] -> 0x0000
[279] [M]: 0x0000000080000410 (0x00000013) addi x0, x0, 0x0                         inst_8+48

clint mtime 0x000000000000008C (mip.MTI <- 0b1, mip.STI <- 0b0)
mem[X,0x0000000080000414] -> 0x0013
mem[X,0x0000000080000416] -> 0x0000
[280] [M]: 0x0000000080000414 (0x00000013) addi x0, x0, 0x0                         inst_8+52

mem[X,0x0000000080000418] -> 0x0013
mem[X,0x000000008000041A] -> 0x0000
[281] [M]: 0x0000000080000418 (0x00000013) addi x0, x0, 0x0                         inst_8+56

clint mtime 0x000000000000008D (mip.MTI <- 0b1, mip.STI <- 0b0)
mem[X,0x000000008000041C] -> 0x0013
mem[X,0x000000008000041E] -> 0x0000
[282] [M]: 0x000000008000041C (0x00000013) addi x0, x0, 0x0                         inst_8+60

mem[X,0x0000000080000420] -> 0x3B07
mem[X,0x0000000080000422] -> 0x0482
[283] [M]: 0x0000000080000420 (0x04823B07) fld f22, 0x48(x4)                        inst_9+0
mem[R,0x0000000080002058] -> 0x0000000000000000
f22 <- 0x0000000000000000
CSR mstatus (0x300) <- 0x8000000A00006000

clint mtime 0x000000000000008E (mip.MTI <- 0b1, mip.STI <- 0b0)
mem[X,0x0000000080000424] -> 0x8113
mem[X,0x0000000080000426] -> 0x0900
[284] [M]: 0x0000000080000424 (0x09008113) addi x2, x1, 0x90                        inst_9+4
x2 <- 0x00000000800031A8

mem[X,0x0000000080000428] -> 0x0193
mem[X,0x000000008000042A] -> 0x0F80
[285] [M]: 0x0000000080000428 (0x0F800193) addi x3, x0, 0xf8                        inst_9+8
x3 <- 0x00000000000000F8

clint mtime 0x000000000000008F (mip.MTI <- 0b1, mip.STI <- 0b0)
mem[X,0x000000008000042C] -> 0x0133
mem[X,0x000000008000042E] -> 0x4031
[286] [M]: 0x000000008000042C (0x40310133) sub x2, x2, x3                           inst_9+12
x2 <- 0x00000000800030B0

mem[X,0x0000000080000430] -> 0xBDDA
[287] [M]: 0x0000000080000430 (0xBDDA) c.fsdsp f22, 0xf8(x2)                        inst_9+16
mem[W,0x00000000800031A8] <- 0x0000000000000000

clint mtime 0x0000000000000090 (mip.MTI <- 0b1, mip.STI <- 0b0)
mem[X,0x0000000080000432] -> 0x0001
[288] [M]: 0x0000000080000432 (0x0001) c.nop                                        inst_9+18

mem[X,0x0000000080000434] -> 0x0001
[289] [M]: 0x0000000080000434 (0x0001) c.nop                                        inst_9+20

clint mtime 0x0000000000000091 (mip.MTI <- 0b1, mip.STI <- 0b0)
mem[X,0x0000000080000436] -> 0x22F3
mem[X,0x0000000080000438] -> 0x0030
[290] [M]: 0x0000000080000436 (0x003022F3) csrrs x5, fcsr, x0                       inst_9+22
CSR fcsr (0x003) -> 0x0000000000000000
x5 <- 0x0000000000000000

mem[X,0x000000008000043A] -> 0xBC23
mem[X,0x000000008000043C] -> 0x0850
[291] [M]: 0x000000008000043A (0x0850BC23) sd x5, 0x98(x1)                          inst_9+26
mem[W,0x00000000800031B0] <- 0x0000000000000000

clint mtime 0x0000000000000092 (mip.MTI <- 0b1, mip.STI <- 0b0)
mem[X,0x000000008000043E] -> 0x0001
[292] [M]: 0x000000008000043E (0x0001) c.nop                                        inst_9+30

mem[X,0x0000000080000440] -> 0x2217
mem[X,0x0000000080000442] -> 0x0000
[293] [M]: 0x0000000080000440 (0x00002217) auipc x4, 0x2                            inst_9+32
x4 <- 0x0000000080002440

clint mtime 0x0000000000000093 (mip.MTI <- 0b1, mip.STI <- 0b0)
mem[X,0x0000000080000444] -> 0x0213
mem[X,0x0000000080000446] -> 0xBD02
[294] [M]: 0x0000000080000444 (0xBD020213) addi x4, x4, -0x430                      inst_9+36
x4 <- 0x0000000080002010

mem[X,0x0000000080000448] -> 0x0013
mem[X,0x000000008000044A] -> 0x0000
[295] [M]: 0x0000000080000448 (0x00000013) addi x0, x0, 0x0                         inst_9+40

clint mtime 0x0000000000000094 (mip.MTI <- 0b1, mip.STI <- 0b0)
mem[X,0x000000008000044C] -> 0x0013
mem[X,0x000000008000044E] -> 0x0000
[296] [M]: 0x000000008000044C (0x00000013) addi x0, x0, 0x0                         inst_9+44

mem[X,0x0000000080000450] -> 0x0013
mem[X,0x0000000080000452] -> 0x0000
[297] [M]: 0x0000000080000450 (0x00000013) addi x0, x0, 0x0                         inst_9+48

clint mtime 0x0000000000000095 (mip.MTI <- 0b1, mip.STI <- 0b0)
mem[X,0x0000000080000454] -> 0x0013
mem[X,0x0000000080000456] -> 0x0000
[298] [M]: 0x0000000080000454 (0x00000013) addi x0, x0, 0x0                         inst_9+52

mem[X,0x0000000080000458] -> 0x0013
mem[X,0x000000008000045A] -> 0x0000
[299] [M]: 0x0000000080000458 (0x00000013) addi x0, x0, 0x0                         inst_9+56

clint mtime 0x0000000000000096 (mip.MTI <- 0b1, mip.STI <- 0b0)
mem[X,0x000000008000045C] -> 0x0013
mem[X,0x000000008000045E] -> 0x0000
[300] [M]: 0x000000008000045C (0x00000013) addi x0, x0, 0x0                         inst_9+60

mem[X,0x0000000080000460] -> 0x3A87
mem[X,0x0000000080000462] -> 0x0502
[301] [M]: 0x0000000080000460 (0x05023A87) fld f21, 0x50(x4)                        inst_10+0
mem[R,0x0000000080002060] -> 0x0000000000000000
f21 <- 0x0000000000000000
CSR mstatus (0x300) <- 0x8000000A00006000

clint mtime 0x0000000000000097 (mip.MTI <- 0b1, mip.STI <- 0b0)
mem[X,0x0000000080000464] -> 0x8113
mem[X,0x0000000080000466] -> 0x0A00
[302] [M]: 0x0000000080000464 (0x0A008113) addi x2, x1, 0xa0                        inst_10+4
x2 <- 0x00000000800031B8

mem[X,0x0000000080000468] -> 0x0193
mem[X,0x000000008000046A] -> 0x0080
[303] [M]: 0x0000000080000468 (0x00800193) addi x3, x0, 0x8                         inst_10+8
x3 <- 0x0000000000000008

clint mtime 0x0000000000000098 (mip.MTI <- 0b1, mip.STI <- 0b0)
mem[X,0x000000008000046C] -> 0x0133
mem[X,0x000000008000046E] -> 0x4031
[304] [M]: 0x000000008000046C (0x40310133) sub x2, x2, x3                           inst_10+12
x2 <- 0x00000000800031B0

mem[X,0x0000000080000470] -> 0xA456
[305] [M]: 0x0000000080000470 (0xA456) c.fsdsp f21, 0x8(x2)                         inst_10+16
mem[W,0x00000000800031B8] <- 0x0000000000000000

clint mtime 0x0000000000000099 (mip.MTI <- 0b1, mip.STI <- 0b0)
mem[X,0x0000000080000472] -> 0x0001
[306] [M]: 0x0000000080000472 (0x0001) c.nop                                        inst_10+18

mem[X,0x0000000080000474] -> 0x0001
[307] [M]: 0x0000000080000474 (0x0001) c.nop                                        inst_10+20

clint mtime 0x000000000000009A (mip.MTI <- 0b1, mip.STI <- 0b0)
mem[X,0x0000000080000476] -> 0x22F3
mem[X,0x0000000080000478] -> 0x0030
[308] [M]: 0x0000000080000476 (0x003022F3) csrrs x5, fcsr, x0                       inst_10+22
CSR fcsr (0x003) -> 0x0000000000000000
x5 <- 0x0000000000000000

mem[X,0x000000008000047A] -> 0xB423
mem[X,0x000000008000047C] -> 0x0A50
[309] [M]: 0x000000008000047A (0x0A50B423) sd x5, 0xa8(x1)                          inst_10+26
mem[W,0x00000000800031C0] <- 0x0000000000000000

clint mtime 0x000000000000009B (mip.MTI <- 0b1, mip.STI <- 0b0)
mem[X,0x000000008000047E] -> 0x0001
[310] [M]: 0x000000008000047E (0x0001) c.nop                                        inst_10+30

mem[X,0x0000000080000480] -> 0x2217
mem[X,0x0000000080000482] -> 0x0000
[311] [M]: 0x0000000080000480 (0x00002217) auipc x4, 0x2                            inst_10+32
x4 <- 0x0000000080002480

clint mtime 0x000000000000009C (mip.MTI <- 0b1, mip.STI <- 0b0)
mem[X,0x0000000080000484] -> 0x0213
mem[X,0x0000000080000486] -> 0xB902
[312] [M]: 0x0000000080000484 (0xB9020213) addi x4, x4, -0x470                      inst_10+36
x4 <- 0x0000000080002010

mem[X,0x0000000080000488] -> 0x0013
mem[X,0x000000008000048A] -> 0x0000
[313] [M]: 0x0000000080000488 (0x00000013) addi x0, x0, 0x0                         inst_10+40

clint mtime 0x000000000000009D (mip.MTI <- 0b1, mip.STI <- 0b0)
mem[X,0x000000008000048C] -> 0x0013
mem[X,0x000000008000048E] -> 0x0000
[314] [M]: 0x000000008000048C (0x00000013) addi x0, x0, 0x0                         inst_10+44

mem[X,0x0000000080000490] -> 0x0013
mem[X,0x0000000080000492] -> 0x0000
[315] [M]: 0x0000000080000490 (0x00000013) addi x0, x0, 0x0                         inst_10+48

clint mtime 0x000000000000009E (mip.MTI <- 0b1, mip.STI <- 0b0)
mem[X,0x0000000080000494] -> 0x0013
mem[X,0x0000000080000496] -> 0x0000
[316] [M]: 0x0000000080000494 (0x00000013) addi x0, x0, 0x0                         inst_10+52

mem[X,0x0000000080000498] -> 0x0013
mem[X,0x000000008000049A] -> 0x0000
[317] [M]: 0x0000000080000498 (0x00000013) addi x0, x0, 0x0                         inst_10+56

clint mtime 0x000000000000009F (mip.MTI <- 0b1, mip.STI <- 0b0)
mem[X,0x000000008000049C] -> 0x0013
mem[X,0x000000008000049E] -> 0x0000
[318] [M]: 0x000000008000049C (0x00000013) addi x0, x0, 0x0                         inst_10+60

mem[X,0x00000000800004A0] -> 0x3A07
mem[X,0x00000000800004A2] -> 0x0582
[319] [M]: 0x00000000800004A0 (0x05823A07) fld f20, 0x58(x4)                        inst_11+0
mem[R,0x0000000080002068] -> 0x0000000000000000
f20 <- 0x0000000000000000
CSR mstatus (0x300) <- 0x8000000A00006000

clint mtime 0x00000000000000A0 (mip.MTI <- 0b1, mip.STI <- 0b0)
mem[X,0x00000000800004A4] -> 0x8113
mem[X,0x00000000800004A6] -> 0x0B00
[320] [M]: 0x00000000800004A4 (0x0B008113) addi x2, x1, 0xb0                        inst_11+4
x2 <- 0x00000000800031C8

mem[X,0x00000000800004A8] -> 0x0193
mem[X,0x00000000800004AA] -> 0x0100
[321] [M]: 0x00000000800004A8 (0x01000193) addi x3, x0, 0x10                        inst_11+8
x3 <- 0x0000000000000010

clint mtime 0x00000000000000A1 (mip.MTI <- 0b1, mip.STI <- 0b0)
mem[X,0x00000000800004AC] -> 0x0133
mem[X,0x00000000800004AE] -> 0x4031
[322] [M]: 0x00000000800004AC (0x40310133) sub x2, x2, x3                           inst_11+12
x2 <- 0x00000000800031B8

mem[X,0x00000000800004B0] -> 0xA852
[323] [M]: 0x00000000800004B0 (0xA852) c.fsdsp f20, 0x10(x2)                        inst_11+16
mem[W,0x00000000800031C8] <- 0x0000000000000000

clint mtime 0x00000000000000A2 (mip.MTI <- 0b1, mip.STI <- 0b0)
mem[X,0x00000000800004B2] -> 0x0001
[324] [M]: 0x00000000800004B2 (0x0001) c.nop                                        inst_11+18

mem[X,0x00000000800004B4] -> 0x0001
[325] [M]: 0x00000000800004B4 (0x0001) c.nop                                        inst_11+20

clint mtime 0x00000000000000A3 (mip.MTI <- 0b1, mip.STI <- 0b0)
mem[X,0x00000000800004B6] -> 0x22F3
mem[X,0x00000000800004B8] -> 0x0030
[326] [M]: 0x00000000800004B6 (0x003022F3) csrrs x5, fcsr, x0                       inst_11+22
CSR fcsr (0x003) -> 0x0000000000000000
x5 <- 0x0000000000000000

mem[X,0x00000000800004BA] -> 0xBC23
mem[X,0x00000000800004BC] -> 0x0A50
[327] [M]: 0x00000000800004BA (0x0A50BC23) sd x5, 0xb8(x1)                          inst_11+26
mem[W,0x00000000800031D0] <- 0x0000000000000000

clint mtime 0x00000000000000A4 (mip.MTI <- 0b1, mip.STI <- 0b0)
mem[X,0x00000000800004BE] -> 0x0001
[328] [M]: 0x00000000800004BE (0x0001) c.nop                                        inst_11+30

mem[X,0x00000000800004C0] -> 0x2217
mem[X,0x00000000800004C2] -> 0x0000
[329] [M]: 0x00000000800004C0 (0x00002217) auipc x4, 0x2                            inst_11+32
x4 <- 0x00000000800024C0

clint mtime 0x00000000000000A5 (mip.MTI <- 0b1, mip.STI <- 0b0)
mem[X,0x00000000800004C4] -> 0x0213
mem[X,0x00000000800004C6] -> 0xB502
[330] [M]: 0x00000000800004C4 (0xB5020213) addi x4, x4, -0x4b0                      inst_11+36
x4 <- 0x0000000080002010

mem[X,0x00000000800004C8] -> 0x0013
mem[X,0x00000000800004CA] -> 0x0000
[331] [M]: 0x00000000800004C8 (0x00000013) addi x0, x0, 0x0                         inst_11+40

clint mtime 0x00000000000000A6 (mip.MTI <- 0b1, mip.STI <- 0b0)
mem[X,0x00000000800004CC] -> 0x0013
mem[X,0x00000000800004CE] -> 0x0000
[332] [M]: 0x00000000800004CC (0x00000013) addi x0, x0, 0x0                         inst_11+44

mem[X,0x00000000800004D0] -> 0x0013
mem[X,0x00000000800004D2] -> 0x0000
[333] [M]: 0x00000000800004D0 (0x00000013) addi x0, x0, 0x0                         inst_11+48

clint mtime 0x00000000000000A7 (mip.MTI <- 0b1, mip.STI <- 0b0)
mem[X,0x00000000800004D4] -> 0x0013
mem[X,0x00000000800004D6] -> 0x0000
[334] [M]: 0x00000000800004D4 (0x00000013) addi x0, x0, 0x0                         inst_11+52

mem[X,0x00000000800004D8] -> 0x0013
mem[X,0x00000000800004DA] -> 0x0000
[335] [M]: 0x00000000800004D8 (0x00000013) addi x0, x0, 0x0                         inst_11+56

clint mtime 0x00000000000000A8 (mip.MTI <- 0b1, mip.STI <- 0b0)
mem[X,0x00000000800004DC] -> 0x0013
mem[X,0x00000000800004DE] -> 0x0000
[336] [M]: 0x00000000800004DC (0x00000013) addi x0, x0, 0x0                         inst_11+60

mem[X,0x00000000800004E0] -> 0x3987
mem[X,0x00000000800004E2] -> 0x0602
[337] [M]: 0x00000000800004E0 (0x06023987) fld f19, 0x60(x4)                        inst_12+0
mem[R,0x0000000080002070] -> 0x0000000000000000
f19 <- 0x0000000000000000
CSR mstatus (0x300) <- 0x8000000A00006000

clint mtime 0x00000000000000A9 (mip.MTI <- 0b1, mip.STI <- 0b0)
mem[X,0x00000000800004E4] -> 0x8113
mem[X,0x00000000800004E6] -> 0x0C00
[338] [M]: 0x00000000800004E4 (0x0C008113) addi x2, x1, 0xc0                        inst_12+4
x2 <- 0x00000000800031D8

mem[X,0x00000000800004E8] -> 0x0193
mem[X,0x00000000800004EA] -> 0x0200
[339] [M]: 0x00000000800004E8 (0x02000193) addi x3, x0, 0x20                        inst_12+8
x3 <- 0x0000000000000020

clint mtime 0x00000000000000AA (mip.MTI <- 0b1, mip.STI <- 0b0)
mem[X,0x00000000800004EC] -> 0x0133
mem[X,0x00000000800004EE] -> 0x4031
[340] [M]: 0x00000000800004EC (0x40310133) sub x2, x2, x3                           inst_12+12
x2 <- 0x00000000800031B8

mem[X,0x00000000800004F0] -> 0xB04E
[341] [M]: 0x00000000800004F0 (0xB04E) c.fsdsp f19, 0x20(x2)                        inst_12+16
mem[W,0x00000000800031D8] <- 0x0000000000000000

clint mtime 0x00000000000000AB (mip.MTI <- 0b1, mip.STI <- 0b0)
mem[X,0x00000000800004F2] -> 0x0001
[342] [M]: 0x00000000800004F2 (0x0001) c.nop                                        inst_12+18

mem[X,0x00000000800004F4] -> 0x0001
[343] [M]: 0x00000000800004F4 (0x0001) c.nop                                        inst_12+20

clint mtime 0x00000000000000AC (mip.MTI <- 0b1, mip.STI <- 0b0)
mem[X,0x00000000800004F6] -> 0x22F3
mem[X,0x00000000800004F8] -> 0x0030
[344] [M]: 0x00000000800004F6 (0x003022F3) csrrs x5, fcsr, x0                       inst_12+22
CSR fcsr (0x003) -> 0x0000000000000000
x5 <- 0x0000000000000000

mem[X,0x00000000800004FA] -> 0xB423
mem[X,0x00000000800004FC] -> 0x0C50
[345] [M]: 0x00000000800004FA (0x0C50B423) sd x5, 0xc8(x1)                          inst_12+26
mem[W,0x00000000800031E0] <- 0x0000000000000000

clint mtime 0x00000000000000AD (mip.MTI <- 0b1, mip.STI <- 0b0)
mem[X,0x00000000800004FE] -> 0x0001
[346] [M]: 0x00000000800004FE (0x0001) c.nop                                        inst_12+30

mem[X,0x0000000080000500] -> 0x2217
mem[X,0x0000000080000502] -> 0x0000
[347] [M]: 0x0000000080000500 (0x00002217) auipc x4, 0x2                            inst_12+32
x4 <- 0x0000000080002500

clint mtime 0x00000000000000AE (mip.MTI <- 0b1, mip.STI <- 0b0)
mem[X,0x0000000080000504] -> 0x0213
mem[X,0x0000000080000506] -> 0xB102
[348] [M]: 0x0000000080000504 (0xB1020213) addi x4, x4, -0x4f0                      inst_12+36
x4 <- 0x0000000080002010

mem[X,0x0000000080000508] -> 0x0013
mem[X,0x000000008000050A] -> 0x0000
[349] [M]: 0x0000000080000508 (0x00000013) addi x0, x0, 0x0                         inst_12+40

clint mtime 0x00000000000000AF (mip.MTI <- 0b1, mip.STI <- 0b0)
mem[X,0x000000008000050C] -> 0x0013
mem[X,0x000000008000050E] -> 0x0000
[350] [M]: 0x000000008000050C (0x00000013) addi x0, x0, 0x0                         inst_12+44

mem[X,0x0000000080000510] -> 0x0013
mem[X,0x0000000080000512] -> 0x0000
[351] [M]: 0x0000000080000510 (0x00000013) addi x0, x0, 0x0                         inst_12+48

clint mtime 0x00000000000000B0 (mip.MTI <- 0b1, mip.STI <- 0b0)
mem[X,0x0000000080000514] -> 0x0013
mem[X,0x0000000080000516] -> 0x0000
[352] [M]: 0x0000000080000514 (0x00000013) addi x0, x0, 0x0                         inst_12+52

mem[X,0x0000000080000518] -> 0x0013
mem[X,0x000000008000051A] -> 0x0000
[353] [M]: 0x0000000080000518 (0x00000013) addi x0, x0, 0x0                         inst_12+56

clint mtime 0x00000000000000B1 (mip.MTI <- 0b1, mip.STI <- 0b0)
mem[X,0x000000008000051C] -> 0x0013
mem[X,0x000000008000051E] -> 0x0000
[354] [M]: 0x000000008000051C (0x00000013) addi x0, x0, 0x0                         inst_12+60

mem[X,0x0000000080000520] -> 0x3907
mem[X,0x0000000080000522] -> 0x0682
[355] [M]: 0x0000000080000520 (0x06823907) fld f18, 0x68(x4)                        inst_13+0
mem[R,0x0000000080002078] -> 0x0000000000000000
f18 <- 0x0000000000000000
CSR mstatus (0x300) <- 0x8000000A00006000

clint mtime 0x00000000000000B2 (mip.MTI <- 0b1, mip.STI <- 0b0)
mem[X,0x0000000080000524] -> 0x8113
mem[X,0x0000000080000526] -> 0x0D00
[356] [M]: 0x0000000080000524 (0x0D008113) addi x2, x1, 0xd0                        inst_13+4
x2 <- 0x00000000800031E8

mem[X,0x0000000080000528] -> 0x0193
mem[X,0x000000008000052A] -> 0x0400
[357] [M]: 0x0000000080000528 (0x04000193) addi x3, x0, 0x40                        inst_13+8
x3 <- 0x0000000000000040

clint mtime 0x00000000000000B3 (mip.MTI <- 0b1, mip.STI <- 0b0)
mem[X,0x000000008000052C] -> 0x0133
mem[X,0x000000008000052E] -> 0x4031
[358] [M]: 0x000000008000052C (0x40310133) sub x2, x2, x3                           inst_13+12
x2 <- 0x00000000800031A8

mem[X,0x0000000080000530] -> 0xA0CA
[359] [M]: 0x0000000080000530 (0xA0CA) c.fsdsp f18, 0x40(x2)                        inst_13+16
mem[W,0x00000000800031E8] <- 0x0000000000000000

clint mtime 0x00000000000000B4 (mip.MTI <- 0b1, mip.STI <- 0b0)
mem[X,0x0000000080000532] -> 0x0001
[360] [M]: 0x0000000080000532 (0x0001) c.nop                                        inst_13+18

mem[X,0x0000000080000534] -> 0x0001
[361] [M]: 0x0000000080000534 (0x0001) c.nop                                        inst_13+20

clint mtime 0x00000000000000B5 (mip.MTI <- 0b1, mip.STI <- 0b0)
mem[X,0x0000000080000536] -> 0x22F3
mem[X,0x0000000080000538] -> 0x0030
[362] [M]: 0x0000000080000536 (0x003022F3) csrrs x5, fcsr, x0                       inst_13+22
CSR fcsr (0x003) -> 0x0000000000000000
x5 <- 0x0000000000000000

mem[X,0x000000008000053A] -> 0xBC23
mem[X,0x000000008000053C] -> 0x0C50
[363] [M]: 0x000000008000053A (0x0C50BC23) sd x5, 0xd8(x1)                          inst_13+26
mem[W,0x00000000800031F0] <- 0x0000000000000000

clint mtime 0x00000000000000B6 (mip.MTI <- 0b1, mip.STI <- 0b0)
mem[X,0x000000008000053E] -> 0x0001
[364] [M]: 0x000000008000053E (0x0001) c.nop                                        inst_13+30

mem[X,0x0000000080000540] -> 0x2217
mem[X,0x0000000080000542] -> 0x0000
[365] [M]: 0x0000000080000540 (0x00002217) auipc x4, 0x2                            inst_13+32
x4 <- 0x0000000080002540

clint mtime 0x00000000000000B7 (mip.MTI <- 0b1, mip.STI <- 0b0)
mem[X,0x0000000080000544] -> 0x0213
mem[X,0x0000000080000546] -> 0xAD02
[366] [M]: 0x0000000080000544 (0xAD020213) addi x4, x4, -0x530                      inst_13+36
x4 <- 0x0000000080002010

mem[X,0x0000000080000548] -> 0x0013
mem[X,0x000000008000054A] -> 0x0000
[367] [M]: 0x0000000080000548 (0x00000013) addi x0, x0, 0x0                         inst_13+40

clint mtime 0x00000000000000B8 (mip.MTI <- 0b1, mip.STI <- 0b0)
mem[X,0x000000008000054C] -> 0x0013
mem[X,0x000000008000054E] -> 0x0000
[368] [M]: 0x000000008000054C (0x00000013) addi x0, x0, 0x0                         inst_13+44

mem[X,0x0000000080000550] -> 0x0013
mem[X,0x0000000080000552] -> 0x0000
[369] [M]: 0x0000000080000550 (0x00000013) addi x0, x0, 0x0                         inst_13+48

clint mtime 0x00000000000000B9 (mip.MTI <- 0b1, mip.STI <- 0b0)
mem[X,0x0000000080000554] -> 0x0013
mem[X,0x0000000080000556] -> 0x0000
[370] [M]: 0x0000000080000554 (0x00000013) addi x0, x0, 0x0                         inst_13+52

mem[X,0x0000000080000558] -> 0x0013
mem[X,0x000000008000055A] -> 0x0000
[371] [M]: 0x0000000080000558 (0x00000013) addi x0, x0, 0x0                         inst_13+56

clint mtime 0x00000000000000BA (mip.MTI <- 0b1, mip.STI <- 0b0)
mem[X,0x000000008000055C] -> 0x0013
mem[X,0x000000008000055E] -> 0x0000
[372] [M]: 0x000000008000055C (0x00000013) addi x0, x0, 0x0                         inst_13+60

mem[X,0x0000000080000560] -> 0x3887
mem[X,0x0000000080000562] -> 0x0702
[373] [M]: 0x0000000080000560 (0x07023887) fld f17, 0x70(x4)                        inst_14+0
mem[R,0x0000000080002080] -> 0x0000000000000000
f17 <- 0x0000000000000000
CSR mstatus (0x300) <- 0x8000000A00006000

clint mtime 0x00000000000000BB (mip.MTI <- 0b1, mip.STI <- 0b0)
mem[X,0x0000000080000564] -> 0x8113
mem[X,0x0000000080000566] -> 0x0E00
[374] [M]: 0x0000000080000564 (0x0E008113) addi x2, x1, 0xe0                        inst_14+4
x2 <- 0x00000000800031F8

mem[X,0x0000000080000568] -> 0x0193
mem[X,0x000000008000056A] -> 0x0800
[375] [M]: 0x0000000080000568 (0x08000193) addi x3, x0, 0x80                        inst_14+8
x3 <- 0x0000000000000080

clint mtime 0x00000000000000BC (mip.MTI <- 0b1, mip.STI <- 0b0)
mem[X,0x000000008000056C] -> 0x0133
mem[X,0x000000008000056E] -> 0x4031
[376] [M]: 0x000000008000056C (0x40310133) sub x2, x2, x3                           inst_14+12
x2 <- 0x0000000080003178

mem[X,0x0000000080000570] -> 0xA146
[377] [M]: 0x0000000080000570 (0xA146) c.fsdsp f17, 0x80(x2)                        inst_14+16
mem[W,0x00000000800031F8] <- 0x0000000000000000

clint mtime 0x00000000000000BD (mip.MTI <- 0b1, mip.STI <- 0b0)
mem[X,0x0000000080000572] -> 0x0001
[378] [M]: 0x0000000080000572 (0x0001) c.nop                                        inst_14+18

mem[X,0x0000000080000574] -> 0x0001
[379] [M]: 0x0000000080000574 (0x0001) c.nop                                        inst_14+20

clint mtime 0x00000000000000BE (mip.MTI <- 0b1, mip.STI <- 0b0)
mem[X,0x0000000080000576] -> 0x22F3
mem[X,0x0000000080000578] -> 0x0030
[380] [M]: 0x0000000080000576 (0x003022F3) csrrs x5, fcsr, x0                       inst_14+22
CSR fcsr (0x003) -> 0x0000000000000000
x5 <- 0x0000000000000000

mem[X,0x000000008000057A] -> 0xB423
mem[X,0x000000008000057C] -> 0x0E50
[381] [M]: 0x000000008000057A (0x0E50B423) sd x5, 0xe8(x1)                          inst_14+26
mem[W,0x0000000080003200] <- 0x0000000000000000

clint mtime 0x00000000000000BF (mip.MTI <- 0b1, mip.STI <- 0b0)
mem[X,0x000000008000057E] -> 0x0001
[382] [M]: 0x000000008000057E (0x0001) c.nop                                        inst_14+30

mem[X,0x0000000080000580] -> 0x2217
mem[X,0x0000000080000582] -> 0x0000
[383] [M]: 0x0000000080000580 (0x00002217) auipc x4, 0x2                            inst_14+32
x4 <- 0x0000000080002580

clint mtime 0x00000000000000C0 (mip.MTI <- 0b1, mip.STI <- 0b0)
mem[X,0x0000000080000584] -> 0x0213
mem[X,0x0000000080000586] -> 0xA902
[384] [M]: 0x0000000080000584 (0xA9020213) addi x4, x4, -0x570                      inst_14+36
x4 <- 0x0000000080002010

mem[X,0x0000000080000588] -> 0x0013
mem[X,0x000000008000058A] -> 0x0000
[385] [M]: 0x0000000080000588 (0x00000013) addi x0, x0, 0x0                         inst_14+40

clint mtime 0x00000000000000C1 (mip.MTI <- 0b1, mip.STI <- 0b0)
mem[X,0x000000008000058C] -> 0x0013
mem[X,0x000000008000058E] -> 0x0000
[386] [M]: 0x000000008000058C (0x00000013) addi x0, x0, 0x0                         inst_14+44

mem[X,0x0000000080000590] -> 0x0013
mem[X,0x0000000080000592] -> 0x0000
[387] [M]: 0x0000000080000590 (0x00000013) addi x0, x0, 0x0                         inst_14+48

clint mtime 0x00000000000000C2 (mip.MTI <- 0b1, mip.STI <- 0b0)
mem[X,0x0000000080000594] -> 0x0013
mem[X,0x0000000080000596] -> 0x0000
[388] [M]: 0x0000000080000594 (0x00000013) addi x0, x0, 0x0                         inst_14+52

mem[X,0x0000000080000598] -> 0x0013
mem[X,0x000000008000059A] -> 0x0000
[389] [M]: 0x0000000080000598 (0x00000013) addi x0, x0, 0x0                         inst_14+56

clint mtime 0x00000000000000C3 (mip.MTI <- 0b1, mip.STI <- 0b0)
mem[X,0x000000008000059C] -> 0x0013
mem[X,0x000000008000059E] -> 0x0000
[390] [M]: 0x000000008000059C (0x00000013) addi x0, x0, 0x0                         inst_14+60

mem[X,0x00000000800005A0] -> 0x3807
mem[X,0x00000000800005A2] -> 0x0782
[391] [M]: 0x00000000800005A0 (0x07823807) fld f16, 0x78(x4)                        inst_15+0
mem[R,0x0000000080002088] -> 0x0000000000000000
f16 <- 0x0000000000000000
CSR mstatus (0x300) <- 0x8000000A00006000

clint mtime 0x00000000000000C4 (mip.MTI <- 0b1, mip.STI <- 0b0)
mem[X,0x00000000800005A4] -> 0x8113
mem[X,0x00000000800005A6] -> 0x0F00
[392] [M]: 0x00000000800005A4 (0x0F008113) addi x2, x1, 0xf0                        inst_15+4
x2 <- 0x0000000080003208

mem[X,0x00000000800005A8] -> 0x0193
mem[X,0x00000000800005AA] -> 0x1000
[393] [M]: 0x00000000800005A8 (0x10000193) addi x3, x0, 0x100                       inst_15+8
x3 <- 0x0000000000000100

clint mtime 0x00000000000000C5 (mip.MTI <- 0b1, mip.STI <- 0b0)
mem[X,0x00000000800005AC] -> 0x0133
mem[X,0x00000000800005AE] -> 0x4031
[394] [M]: 0x00000000800005AC (0x40310133) sub x2, x2, x3                           inst_15+12
x2 <- 0x0000000080003108

mem[X,0x00000000800005B0] -> 0xA242
[395] [M]: 0x00000000800005B0 (0xA242) c.fsdsp f16, 0x100(x2)                       inst_15+16
mem[W,0x0000000080003208] <- 0x0000000000000000

clint mtime 0x00000000000000C6 (mip.MTI <- 0b1, mip.STI <- 0b0)
mem[X,0x00000000800005B2] -> 0x0001
[396] [M]: 0x00000000800005B2 (0x0001) c.nop                                        inst_15+18

mem[X,0x00000000800005B4] -> 0x0001
[397] [M]: 0x00000000800005B4 (0x0001) c.nop                                        inst_15+20

clint mtime 0x00000000000000C7 (mip.MTI <- 0b1, mip.STI <- 0b0)
mem[X,0x00000000800005B6] -> 0x22F3
mem[X,0x00000000800005B8] -> 0x0030
[398] [M]: 0x00000000800005B6 (0x003022F3) csrrs x5, fcsr, x0                       inst_15+22
CSR fcsr (0x003) -> 0x0000000000000000
x5 <- 0x0000000000000000

mem[X,0x00000000800005BA] -> 0xBC23
mem[X,0x00000000800005BC] -> 0x0E50
[399] [M]: 0x00000000800005BA (0x0E50BC23) sd x5, 0xf8(x1)                          inst_15+26
mem[W,0x0000000080003210] <- 0x0000000000000000

clint mtime 0x00000000000000C8 (mip.MTI <- 0b1, mip.STI <- 0b0)
mem[X,0x00000000800005BE] -> 0x0001
[400] [M]: 0x00000000800005BE (0x0001) c.nop                                        inst_15+30

mem[X,0x00000000800005C0] -> 0x2217
mem[X,0x00000000800005C2] -> 0x0000
[401] [M]: 0x00000000800005C0 (0x00002217) auipc x4, 0x2                            inst_15+32
x4 <- 0x00000000800025C0

clint mtime 0x00000000000000C9 (mip.MTI <- 0b1, mip.STI <- 0b0)
mem[X,0x00000000800005C4] -> 0x0213
mem[X,0x00000000800005C6] -> 0xA502
[402] [M]: 0x00000000800005C4 (0xA5020213) addi x4, x4, -0x5b0                      inst_15+36
x4 <- 0x0000000080002010

mem[X,0x00000000800005C8] -> 0x0013
mem[X,0x00000000800005CA] -> 0x0000
[403] [M]: 0x00000000800005C8 (0x00000013) addi x0, x0, 0x0                         inst_15+40

clint mtime 0x00000000000000CA (mip.MTI <- 0b1, mip.STI <- 0b0)
mem[X,0x00000000800005CC] -> 0x0013
mem[X,0x00000000800005CE] -> 0x0000
[404] [M]: 0x00000000800005CC (0x00000013) addi x0, x0, 0x0                         inst_15+44

mem[X,0x00000000800005D0] -> 0x0013
mem[X,0x00000000800005D2] -> 0x0000
[405] [M]: 0x00000000800005D0 (0x00000013) addi x0, x0, 0x0                         inst_15+48

clint mtime 0x00000000000000CB (mip.MTI <- 0b1, mip.STI <- 0b0)
mem[X,0x00000000800005D4] -> 0x0013
mem[X,0x00000000800005D6] -> 0x0000
[406] [M]: 0x00000000800005D4 (0x00000013) addi x0, x0, 0x0                         inst_15+52

mem[X,0x00000000800005D8] -> 0x0013
mem[X,0x00000000800005DA] -> 0x0000
[407] [M]: 0x00000000800005D8 (0x00000013) addi x0, x0, 0x0                         inst_15+56

clint mtime 0x00000000000000CC (mip.MTI <- 0b1, mip.STI <- 0b0)
mem[X,0x00000000800005DC] -> 0x0013
mem[X,0x00000000800005DE] -> 0x0000
[408] [M]: 0x00000000800005DC (0x00000013) addi x0, x0, 0x0                         inst_15+60

mem[X,0x00000000800005E0] -> 0x3787
mem[X,0x00000000800005E2] -> 0x0802
[409] [M]: 0x00000000800005E0 (0x08023787) fld f15, 0x80(x4)                        inst_16+0
mem[R,0x0000000080002090] -> 0x0000000000000000
f15 <- 0x0000000000000000
CSR mstatus (0x300) <- 0x8000000A00006000

clint mtime 0x00000000000000CD (mip.MTI <- 0b1, mip.STI <- 0b0)
mem[X,0x00000000800005E4] -> 0x8113
mem[X,0x00000000800005E6] -> 0x1000
[410] [M]: 0x00000000800005E4 (0x10008113) addi x2, x1, 0x100                       inst_16+4
x2 <- 0x0000000080003218

mem[X,0x00000000800005E8] -> 0x0193
mem[X,0x00000000800005EA] -> 0x0000
[411] [M]: 0x00000000800005E8 (0x00000193) addi x3, x0, 0x0                         inst_16+8
x3 <- 0x0000000000000000

clint mtime 0x00000000000000CE (mip.MTI <- 0b1, mip.STI <- 0b0)
mem[X,0x00000000800005EC] -> 0x0133
mem[X,0x00000000800005EE] -> 0x4031
[412] [M]: 0x00000000800005EC (0x40310133) sub x2, x2, x3                           inst_16+12
x2 <- 0x0000000080003218

mem[X,0x00000000800005F0] -> 0xA03E
[413] [M]: 0x00000000800005F0 (0xA03E) c.fsdsp f15, 0x0(x2)                         inst_16+16
mem[W,0x0000000080003218] <- 0x0000000000000000

clint mtime 0x00000000000000CF (mip.MTI <- 0b1, mip.STI <- 0b0)
mem[X,0x00000000800005F2] -> 0x0001
[414] [M]: 0x00000000800005F2 (0x0001) c.nop                                        inst_16+18

mem[X,0x00000000800005F4] -> 0x0001
[415] [M]: 0x00000000800005F4 (0x0001) c.nop                                        inst_16+20

clint mtime 0x00000000000000D0 (mip.MTI <- 0b1, mip.STI <- 0b0)
mem[X,0x00000000800005F6] -> 0x22F3
mem[X,0x00000000800005F8] -> 0x0030
[416] [M]: 0x00000000800005F6 (0x003022F3) csrrs x5, fcsr, x0                       inst_16+22
CSR fcsr (0x003) -> 0x0000000000000000
x5 <- 0x0000000000000000

mem[X,0x00000000800005FA] -> 0xB423
mem[X,0x00000000800005FC] -> 0x1050
[417] [M]: 0x00000000800005FA (0x1050B423) sd x5, 0x108(x1)                         inst_16+26
mem[W,0x0000000080003220] <- 0x0000000000000000

clint mtime 0x00000000000000D1 (mip.MTI <- 0b1, mip.STI <- 0b0)
mem[X,0x00000000800005FE] -> 0x0001
[418] [M]: 0x00000000800005FE (0x0001) c.nop                                        inst_16+30

mem[X,0x0000000080000600] -> 0x2217
mem[X,0x0000000080000602] -> 0x0000
[419] [M]: 0x0000000080000600 (0x00002217) auipc x4, 0x2                            inst_16+32
x4 <- 0x0000000080002600

clint mtime 0x00000000000000D2 (mip.MTI <- 0b1, mip.STI <- 0b0)
mem[X,0x0000000080000604] -> 0x0213
mem[X,0x0000000080000606] -> 0xA102
[420] [M]: 0x0000000080000604 (0xA1020213) addi x4, x4, -0x5f0                      inst_16+36
x4 <- 0x0000000080002010

mem[X,0x0000000080000608] -> 0x0013
mem[X,0x000000008000060A] -> 0x0000
[421] [M]: 0x0000000080000608 (0x00000013) addi x0, x0, 0x0                         inst_16+40

clint mtime 0x00000000000000D3 (mip.MTI <- 0b1, mip.STI <- 0b0)
mem[X,0x000000008000060C] -> 0x0013
mem[X,0x000000008000060E] -> 0x0000
[422] [M]: 0x000000008000060C (0x00000013) addi x0, x0, 0x0                         inst_16+44

mem[X,0x0000000080000610] -> 0x0013
mem[X,0x0000000080000612] -> 0x0000
[423] [M]: 0x0000000080000610 (0x00000013) addi x0, x0, 0x0                         inst_16+48

clint mtime 0x00000000000000D4 (mip.MTI <- 0b1, mip.STI <- 0b0)
mem[X,0x0000000080000614] -> 0x0013
mem[X,0x0000000080000616] -> 0x0000
[424] [M]: 0x0000000080000614 (0x00000013) addi x0, x0, 0x0                         inst_16+52

mem[X,0x0000000080000618] -> 0x0013
mem[X,0x000000008000061A] -> 0x0000
[425] [M]: 0x0000000080000618 (0x00000013) addi x0, x0, 0x0                         inst_16+56

clint mtime 0x00000000000000D5 (mip.MTI <- 0b1, mip.STI <- 0b0)
mem[X,0x000000008000061C] -> 0x0013
mem[X,0x000000008000061E] -> 0x0000
[426] [M]: 0x000000008000061C (0x00000013) addi x0, x0, 0x0                         inst_16+60

mem[X,0x0000000080000620] -> 0x3707
mem[X,0x0000000080000622] -> 0x0882
[427] [M]: 0x0000000080000620 (0x08823707) fld f14, 0x88(x4)                        inst_17+0
mem[R,0x0000000080002098] -> 0x0000000000000000
f14 <- 0x0000000000000000
CSR mstatus (0x300) <- 0x8000000A00006000

clint mtime 0x00000000000000D6 (mip.MTI <- 0b1, mip.STI <- 0b0)
mem[X,0x0000000080000624] -> 0x8113
mem[X,0x0000000080000626] -> 0x1100
[428] [M]: 0x0000000080000624 (0x11008113) addi x2, x1, 0x110                       inst_17+4
x2 <- 0x0000000080003228

mem[X,0x0000000080000628] -> 0x0193
mem[X,0x000000008000062A] -> 0x0000
[429] [M]: 0x0000000080000628 (0x00000193) addi x3, x0, 0x0                         inst_17+8
x3 <- 0x0000000000000000

clint mtime 0x00000000000000D7 (mip.MTI <- 0b1, mip.STI <- 0b0)
mem[X,0x000000008000062C] -> 0x0133
mem[X,0x000000008000062E] -> 0x4031
[430] [M]: 0x000000008000062C (0x40310133) sub x2, x2, x3                           inst_17+12
x2 <- 0x0000000080003228

mem[X,0x0000000080000630] -> 0xA03A
[431] [M]: 0x0000000080000630 (0xA03A) c.fsdsp f14, 0x0(x2)                         inst_17+16
mem[W,0x0000000080003228] <- 0x0000000000000000

clint mtime 0x00000000000000D8 (mip.MTI <- 0b1, mip.STI <- 0b0)
mem[X,0x0000000080000632] -> 0x0001
[432] [M]: 0x0000000080000632 (0x0001) c.nop                                        inst_17+18

mem[X,0x0000000080000634] -> 0x0001
[433] [M]: 0x0000000080000634 (0x0001) c.nop                                        inst_17+20

clint mtime 0x00000000000000D9 (mip.MTI <- 0b1, mip.STI <- 0b0)
mem[X,0x0000000080000636] -> 0x22F3
mem[X,0x0000000080000638] -> 0x0030
[434] [M]: 0x0000000080000636 (0x003022F3) csrrs x5, fcsr, x0                       inst_17+22
CSR fcsr (0x003) -> 0x0000000000000000
x5 <- 0x0000000000000000

mem[X,0x000000008000063A] -> 0xBC23
mem[X,0x000000008000063C] -> 0x1050
[435] [M]: 0x000000008000063A (0x1050BC23) sd x5, 0x118(x1)                         inst_17+26
mem[W,0x0000000080003230] <- 0x0000000000000000

clint mtime 0x00000000000000DA (mip.MTI <- 0b1, mip.STI <- 0b0)
mem[X,0x000000008000063E] -> 0x0001
[436] [M]: 0x000000008000063E (0x0001) c.nop                                        inst_17+30

mem[X,0x0000000080000640] -> 0x2217
mem[X,0x0000000080000642] -> 0x0000
[437] [M]: 0x0000000080000640 (0x00002217) auipc x4, 0x2                            inst_17+32
x4 <- 0x0000000080002640

clint mtime 0x00000000000000DB (mip.MTI <- 0b1, mip.STI <- 0b0)
mem[X,0x0000000080000644] -> 0x0213
mem[X,0x0000000080000646] -> 0x9D02
[438] [M]: 0x0000000080000644 (0x9D020213) addi x4, x4, -0x630                      inst_17+36
x4 <- 0x0000000080002010

mem[X,0x0000000080000648] -> 0x0013
mem[X,0x000000008000064A] -> 0x0000
[439] [M]: 0x0000000080000648 (0x00000013) addi x0, x0, 0x0                         inst_17+40

clint mtime 0x00000000000000DC (mip.MTI <- 0b1, mip.STI <- 0b0)
mem[X,0x000000008000064C] -> 0x0013
mem[X,0x000000008000064E] -> 0x0000
[440] [M]: 0x000000008000064C (0x00000013) addi x0, x0, 0x0                         inst_17+44

mem[X,0x0000000080000650] -> 0x0013
mem[X,0x0000000080000652] -> 0x0000
[441] [M]: 0x0000000080000650 (0x00000013) addi x0, x0, 0x0                         inst_17+48

clint mtime 0x00000000000000DD (mip.MTI <- 0b1, mip.STI <- 0b0)
mem[X,0x0000000080000654] -> 0x0013
mem[X,0x0000000080000656] -> 0x0000
[442] [M]: 0x0000000080000654 (0x00000013) addi x0, x0, 0x0                         inst_17+52

mem[X,0x0000000080000658] -> 0x0013
mem[X,0x000000008000065A] -> 0x0000
[443] [M]: 0x0000000080000658 (0x00000013) addi x0, x0, 0x0                         inst_17+56

clint mtime 0x00000000000000DE (mip.MTI <- 0b1, mip.STI <- 0b0)
mem[X,0x000000008000065C] -> 0x0013
mem[X,0x000000008000065E] -> 0x0000
[444] [M]: 0x000000008000065C (0x00000013) addi x0, x0, 0x0                         inst_17+60

mem[X,0x0000000080000660] -> 0x3687
mem[X,0x0000000080000662] -> 0x0902
[445] [M]: 0x0000000080000660 (0x09023687) fld f13, 0x90(x4)                        inst_18+0
mem[R,0x00000000800020A0] -> 0x0000000000000000
f13 <- 0x0000000000000000
CSR mstatus (0x300) <- 0x8000000A00006000

clint mtime 0x00000000000000DF (mip.MTI <- 0b1, mip.STI <- 0b0)
mem[X,0x0000000080000664] -> 0x8113
mem[X,0x0000000080000666] -> 0x1200
[446] [M]: 0x0000000080000664 (0x12008113) addi x2, x1, 0x120                       inst_18+4
x2 <- 0x0000000080003238

mem[X,0x0000000080000668] -> 0x0193
mem[X,0x000000008000066A] -> 0x0000
[447] [M]: 0x0000000080000668 (0x00000193) addi x3, x0, 0x0                         inst_18+8
x3 <- 0x0000000000000000

clint mtime 0x00000000000000E0 (mip.MTI <- 0b1, mip.STI <- 0b0)
mem[X,0x000000008000066C] -> 0x0133
mem[X,0x000000008000066E] -> 0x4031
[448] [M]: 0x000000008000066C (0x40310133) sub x2, x2, x3                           inst_18+12
x2 <- 0x0000000080003238

mem[X,0x0000000080000670] -> 0xA036
[449] [M]: 0x0000000080000670 (0xA036) c.fsdsp f13, 0x0(x2)                         inst_18+16
mem[W,0x0000000080003238] <- 0x0000000000000000

clint mtime 0x00000000000000E1 (mip.MTI <- 0b1, mip.STI <- 0b0)
mem[X,0x0000000080000672] -> 0x0001
[450] [M]: 0x0000000080000672 (0x0001) c.nop                                        inst_18+18

mem[X,0x0000000080000674] -> 0x0001
[451] [M]: 0x0000000080000674 (0x0001) c.nop                                        inst_18+20

clint mtime 0x00000000000000E2 (mip.MTI <- 0b1, mip.STI <- 0b0)
mem[X,0x0000000080000676] -> 0x22F3
mem[X,0x0000000080000678] -> 0x0030
[452] [M]: 0x0000000080000676 (0x003022F3) csrrs x5, fcsr, x0                       inst_18+22
CSR fcsr (0x003) -> 0x0000000000000000
x5 <- 0x0000000000000000

mem[X,0x000000008000067A] -> 0xB423
mem[X,0x000000008000067C] -> 0x1250
[453] [M]: 0x000000008000067A (0x1250B423) sd x5, 0x128(x1)                         inst_18+26
mem[W,0x0000000080003240] <- 0x0000000000000000

clint mtime 0x00000000000000E3 (mip.MTI <- 0b1, mip.STI <- 0b0)
mem[X,0x000000008000067E] -> 0x0001
[454] [M]: 0x000000008000067E (0x0001) c.nop                                        inst_18+30

mem[X,0x0000000080000680] -> 0x2217
mem[X,0x0000000080000682] -> 0x0000
[455] [M]: 0x0000000080000680 (0x00002217) auipc x4, 0x2                            inst_18+32
x4 <- 0x0000000080002680

clint mtime 0x00000000000000E4 (mip.MTI <- 0b1, mip.STI <- 0b0)
mem[X,0x0000000080000684] -> 0x0213
mem[X,0x0000000080000686] -> 0x9902
[456] [M]: 0x0000000080000684 (0x99020213) addi x4, x4, -0x670                      inst_18+36
x4 <- 0x0000000080002010

mem[X,0x0000000080000688] -> 0x0013
mem[X,0x000000008000068A] -> 0x0000
[457] [M]: 0x0000000080000688 (0x00000013) addi x0, x0, 0x0                         inst_18+40

clint mtime 0x00000000000000E5 (mip.MTI <- 0b1, mip.STI <- 0b0)
mem[X,0x000000008000068C] -> 0x0013
mem[X,0x000000008000068E] -> 0x0000
[458] [M]: 0x000000008000068C (0x00000013) addi x0, x0, 0x0                         inst_18+44

mem[X,0x0000000080000690] -> 0x0013
mem[X,0x0000000080000692] -> 0x0000
[459] [M]: 0x0000000080000690 (0x00000013) addi x0, x0, 0x0                         inst_18+48

clint mtime 0x00000000000000E6 (mip.MTI <- 0b1, mip.STI <- 0b0)
mem[X,0x0000000080000694] -> 0x0013
mem[X,0x0000000080000696] -> 0x0000
[460] [M]: 0x0000000080000694 (0x00000013) addi x0, x0, 0x0                         inst_18+52

mem[X,0x0000000080000698] -> 0x0013
mem[X,0x000000008000069A] -> 0x0000
[461] [M]: 0x0000000080000698 (0x00000013) addi x0, x0, 0x0                         inst_18+56

clint mtime 0x00000000000000E7 (mip.MTI <- 0b1, mip.STI <- 0b0)
mem[X,0x000000008000069C] -> 0x0013
mem[X,0x000000008000069E] -> 0x0000
[462] [M]: 0x000000008000069C (0x00000013) addi x0, x0, 0x0                         inst_18+60

mem[X,0x00000000800006A0] -> 0x3607
mem[X,0x00000000800006A2] -> 0x0982
[463] [M]: 0x00000000800006A0 (0x09823607) fld f12, 0x98(x4)                        inst_19+0
mem[R,0x00000000800020A8] -> 0x0000000000000000
f12 <- 0x0000000000000000
CSR mstatus (0x300) <- 0x8000000A00006000

clint mtime 0x00000000000000E8 (mip.MTI <- 0b1, mip.STI <- 0b0)
mem[X,0x00000000800006A4] -> 0x8113
mem[X,0x00000000800006A6] -> 0x1300
[464] [M]: 0x00000000800006A4 (0x13008113) addi x2, x1, 0x130                       inst_19+4
x2 <- 0x0000000080003248

mem[X,0x00000000800006A8] -> 0x0193
mem[X,0x00000000800006AA] -> 0x0000
[465] [M]: 0x00000000800006A8 (0x00000193) addi x3, x0, 0x0                         inst_19+8
x3 <- 0x0000000000000000

clint mtime 0x00000000000000E9 (mip.MTI <- 0b1, mip.STI <- 0b0)
mem[X,0x00000000800006AC] -> 0x0133
mem[X,0x00000000800006AE] -> 0x4031
[466] [M]: 0x00000000800006AC (0x40310133) sub x2, x2, x3                           inst_19+12
x2 <- 0x0000000080003248

mem[X,0x00000000800006B0] -> 0xA032
[467] [M]: 0x00000000800006B0 (0xA032) c.fsdsp f12, 0x0(x2)                         inst_19+16
mem[W,0x0000000080003248] <- 0x0000000000000000

clint mtime 0x00000000000000EA (mip.MTI <- 0b1, mip.STI <- 0b0)
mem[X,0x00000000800006B2] -> 0x0001
[468] [M]: 0x00000000800006B2 (0x0001) c.nop                                        inst_19+18

mem[X,0x00000000800006B4] -> 0x0001
[469] [M]: 0x00000000800006B4 (0x0001) c.nop                                        inst_19+20

clint mtime 0x00000000000000EB (mip.MTI <- 0b1, mip.STI <- 0b0)
mem[X,0x00000000800006B6] -> 0x22F3
mem[X,0x00000000800006B8] -> 0x0030
[470] [M]: 0x00000000800006B6 (0x003022F3) csrrs x5, fcsr, x0                       inst_19+22
CSR fcsr (0x003) -> 0x0000000000000000
x5 <- 0x0000000000000000

mem[X,0x00000000800006BA] -> 0xBC23
mem[X,0x00000000800006BC] -> 0x1250
[471] [M]: 0x00000000800006BA (0x1250BC23) sd x5, 0x138(x1)                         inst_19+26
mem[W,0x0000000080003250] <- 0x0000000000000000

clint mtime 0x00000000000000EC (mip.MTI <- 0b1, mip.STI <- 0b0)
mem[X,0x00000000800006BE] -> 0x0001
[472] [M]: 0x00000000800006BE (0x0001) c.nop                                        inst_19+30

mem[X,0x00000000800006C0] -> 0x2217
mem[X,0x00000000800006C2] -> 0x0000
[473] [M]: 0x00000000800006C0 (0x00002217) auipc x4, 0x2                            inst_19+32
x4 <- 0x00000000800026C0

clint mtime 0x00000000000000ED (mip.MTI <- 0b1, mip.STI <- 0b0)
mem[X,0x00000000800006C4] -> 0x0213
mem[X,0x00000000800006C6] -> 0x9502
[474] [M]: 0x00000000800006C4 (0x95020213) addi x4, x4, -0x6b0                      inst_19+36
x4 <- 0x0000000080002010

mem[X,0x00000000800006C8] -> 0x0013
mem[X,0x00000000800006CA] -> 0x0000
[475] [M]: 0x00000000800006C8 (0x00000013) addi x0, x0, 0x0                         inst_19+40

clint mtime 0x00000000000000EE (mip.MTI <- 0b1, mip.STI <- 0b0)
mem[X,0x00000000800006CC] -> 0x0013
mem[X,0x00000000800006CE] -> 0x0000
[476] [M]: 0x00000000800006CC (0x00000013) addi x0, x0, 0x0                         inst_19+44

mem[X,0x00000000800006D0] -> 0x0013
mem[X,0x00000000800006D2] -> 0x0000
[477] [M]: 0x00000000800006D0 (0x00000013) addi x0, x0, 0x0                         inst_19+48

clint mtime 0x00000000000000EF (mip.MTI <- 0b1, mip.STI <- 0b0)
mem[X,0x00000000800006D4] -> 0x0013
mem[X,0x00000000800006D6] -> 0x0000
[478] [M]: 0x00000000800006D4 (0x00000013) addi x0, x0, 0x0                         inst_19+52

mem[X,0x00000000800006D8] -> 0x0013
mem[X,0x00000000800006DA] -> 0x0000
[479] [M]: 0x00000000800006D8 (0x00000013) addi x0, x0, 0x0                         inst_19+56

clint mtime 0x00000000000000F0 (mip.MTI <- 0b1, mip.STI <- 0b0)
mem[X,0x00000000800006DC] -> 0x0013
mem[X,0x00000000800006DE] -> 0x0000
[480] [M]: 0x00000000800006DC (0x00000013) addi x0, x0, 0x0                         inst_19+60

mem[X,0x00000000800006E0] -> 0x3587
mem[X,0x00000000800006E2] -> 0x0A02
[481] [M]: 0x00000000800006E0 (0x0A023587) fld f11, 0xa0(x4)                        inst_20+0
mem[R,0x00000000800020B0] -> 0x0000000000000000
f11 <- 0x0000000000000000
CSR mstatus (0x300) <- 0x8000000A00006000

clint mtime 0x00000000000000F1 (mip.MTI <- 0b1, mip.STI <- 0b0)
mem[X,0x00000000800006E4] -> 0x8113
mem[X,0x00000000800006E6] -> 0x1400
[482] [M]: 0x00000000800006E4 (0x14008113) addi x2, x1, 0x140                       inst_20+4
x2 <- 0x0000000080003258

mem[X,0x00000000800006E8] -> 0x0193
mem[X,0x00000000800006EA] -> 0x0000
[483] [M]: 0x00000000800006E8 (0x00000193) addi x3, x0, 0x0                         inst_20+8
x3 <- 0x0000000000000000

clint mtime 0x00000000000000F2 (mip.MTI <- 0b1, mip.STI <- 0b0)
mem[X,0x00000000800006EC] -> 0x0133
mem[X,0x00000000800006EE] -> 0x4031
[484] [M]: 0x00000000800006EC (0x40310133) sub x2, x2, x3                           inst_20+12
x2 <- 0x0000000080003258

mem[X,0x00000000800006F0] -> 0xA02E
[485] [M]: 0x00000000800006F0 (0xA02E) c.fsdsp f11, 0x0(x2)                         inst_20+16
mem[W,0x0000000080003258] <- 0x0000000000000000

clint mtime 0x00000000000000F3 (mip.MTI <- 0b1, mip.STI <- 0b0)
mem[X,0x00000000800006F2] -> 0x0001
[486] [M]: 0x00000000800006F2 (0x0001) c.nop                                        inst_20+18

mem[X,0x00000000800006F4] -> 0x0001
[487] [M]: 0x00000000800006F4 (0x0001) c.nop                                        inst_20+20

clint mtime 0x00000000000000F4 (mip.MTI <- 0b1, mip.STI <- 0b0)
mem[X,0x00000000800006F6] -> 0x22F3
mem[X,0x00000000800006F8] -> 0x0030
[488] [M]: 0x00000000800006F6 (0x003022F3) csrrs x5, fcsr, x0                       inst_20+22
CSR fcsr (0x003) -> 0x0000000000000000
x5 <- 0x0000000000000000

mem[X,0x00000000800006FA] -> 0xB423
mem[X,0x00000000800006FC] -> 0x1450
[489] [M]: 0x00000000800006FA (0x1450B423) sd x5, 0x148(x1)                         inst_20+26
mem[W,0x0000000080003260] <- 0x0000000000000000

clint mtime 0x00000000000000F5 (mip.MTI <- 0b1, mip.STI <- 0b0)
mem[X,0x00000000800006FE] -> 0x0001
[490] [M]: 0x00000000800006FE (0x0001) c.nop                                        inst_20+30

mem[X,0x0000000080000700] -> 0x2217
mem[X,0x0000000080000702] -> 0x0000
[491] [M]: 0x0000000080000700 (0x00002217) auipc x4, 0x2                            inst_20+32
x4 <- 0x0000000080002700

clint mtime 0x00000000000000F6 (mip.MTI <- 0b1, mip.STI <- 0b0)
mem[X,0x0000000080000704] -> 0x0213
mem[X,0x0000000080000706] -> 0x9102
[492] [M]: 0x0000000080000704 (0x91020213) addi x4, x4, -0x6f0                      inst_20+36
x4 <- 0x0000000080002010

mem[X,0x0000000080000708] -> 0x0013
mem[X,0x000000008000070A] -> 0x0000
[493] [M]: 0x0000000080000708 (0x00000013) addi x0, x0, 0x0                         inst_20+40

clint mtime 0x00000000000000F7 (mip.MTI <- 0b1, mip.STI <- 0b0)
mem[X,0x000000008000070C] -> 0x0013
mem[X,0x000000008000070E] -> 0x0000
[494] [M]: 0x000000008000070C (0x00000013) addi x0, x0, 0x0                         inst_20+44

mem[X,0x0000000080000710] -> 0x0013
mem[X,0x0000000080000712] -> 0x0000
[495] [M]: 0x0000000080000710 (0x00000013) addi x0, x0, 0x0                         inst_20+48

clint mtime 0x00000000000000F8 (mip.MTI <- 0b1, mip.STI <- 0b0)
mem[X,0x0000000080000714] -> 0x0013
mem[X,0x0000000080000716] -> 0x0000
[496] [M]: 0x0000000080000714 (0x00000013) addi x0, x0, 0x0                         inst_20+52

mem[X,0x0000000080000718] -> 0x0013
mem[X,0x000000008000071A] -> 0x0000
[497] [M]: 0x0000000080000718 (0x00000013) addi x0, x0, 0x0                         inst_20+56

clint mtime 0x00000000000000F9 (mip.MTI <- 0b1, mip.STI <- 0b0)
mem[X,0x000000008000071C] -> 0x0013
mem[X,0x000000008000071E] -> 0x0000
[498] [M]: 0x000000008000071C (0x00000013) addi x0, x0, 0x0                         inst_20+60

mem[X,0x0000000080000720] -> 0x3507
mem[X,0x0000000080000722] -> 0x0A82
[499] [M]: 0x0000000080000720 (0x0A823507) fld f10, 0xa8(x4)                        inst_21+0
mem[R,0x00000000800020B8] -> 0x0000000000000000
f10 <- 0x0000000000000000
CSR mstatus (0x300) <- 0x8000000A00006000

clint mtime 0x00000000000000FA (mip.MTI <- 0b1, mip.STI <- 0b0)
mem[X,0x0000000080000724] -> 0x8113
mem[X,0x0000000080000726] -> 0x1500
[500] [M]: 0x0000000080000724 (0x15008113) addi x2, x1, 0x150                       inst_21+4
x2 <- 0x0000000080003268

mem[X,0x0000000080000728] -> 0x0193
mem[X,0x000000008000072A] -> 0x0000
[501] [M]: 0x0000000080000728 (0x00000193) addi x3, x0, 0x0                         inst_21+8
x3 <- 0x0000000000000000

clint mtime 0x00000000000000FB (mip.MTI <- 0b1, mip.STI <- 0b0)
mem[X,0x000000008000072C] -> 0x0133
mem[X,0x000000008000072E] -> 0x4031
[502] [M]: 0x000000008000072C (0x40310133) sub x2, x2, x3                           inst_21+12
x2 <- 0x0000000080003268

mem[X,0x0000000080000730] -> 0xA02A
[503] [M]: 0x0000000080000730 (0xA02A) c.fsdsp f10, 0x0(x2)                         inst_21+16
mem[W,0x0000000080003268] <- 0x0000000000000000

clint mtime 0x00000000000000FC (mip.MTI <- 0b1, mip.STI <- 0b0)
mem[X,0x0000000080000732] -> 0x0001
[504] [M]: 0x0000000080000732 (0x0001) c.nop                                        inst_21+18

mem[X,0x0000000080000734] -> 0x0001
[505] [M]: 0x0000000080000734 (0x0001) c.nop                                        inst_21+20

clint mtime 0x00000000000000FD (mip.MTI <- 0b1, mip.STI <- 0b0)
mem[X,0x0000000080000736] -> 0x22F3
mem[X,0x0000000080000738] -> 0x0030
[506] [M]: 0x0000000080000736 (0x003022F3) csrrs x5, fcsr, x0                       inst_21+22
CSR fcsr (0x003) -> 0x0000000000000000
x5 <- 0x0000000000000000

mem[X,0x000000008000073A] -> 0xBC23
mem[X,0x000000008000073C] -> 0x1450
[507] [M]: 0x000000008000073A (0x1450BC23) sd x5, 0x158(x1)                         inst_21+26
mem[W,0x0000000080003270] <- 0x0000000000000000

clint mtime 0x00000000000000FE (mip.MTI <- 0b1, mip.STI <- 0b0)
mem[X,0x000000008000073E] -> 0x0001
[508] [M]: 0x000000008000073E (0x0001) c.nop                                        inst_21+30

mem[X,0x0000000080000740] -> 0x2217
mem[X,0x0000000080000742] -> 0x0000
[509] [M]: 0x0000000080000740 (0x00002217) auipc x4, 0x2                            inst_21+32
x4 <- 0x0000000080002740

clint mtime 0x00000000000000FF (mip.MTI <- 0b1, mip.STI <- 0b0)
mem[X,0x0000000080000744] -> 0x0213
mem[X,0x0000000080000746] -> 0x8D02
[510] [M]: 0x0000000080000744 (0x8D020213) addi x4, x4, -0x730                      inst_21+36
x4 <- 0x0000000080002010

mem[X,0x0000000080000748] -> 0x0013
mem[X,0x000000008000074A] -> 0x0000
[511] [M]: 0x0000000080000748 (0x00000013) addi x0, x0, 0x0                         inst_21+40

clint mtime 0x0000000000000100 (mip.MTI <- 0b1, mip.STI <- 0b0)
mem[X,0x000000008000074C] -> 0x0013
mem[X,0x000000008000074E] -> 0x0000
[512] [M]: 0x000000008000074C (0x00000013) addi x0, x0, 0x0                         inst_21+44

mem[X,0x0000000080000750] -> 0x0013
mem[X,0x0000000080000752] -> 0x0000
[513] [M]: 0x0000000080000750 (0x00000013) addi x0, x0, 0x0                         inst_21+48

clint mtime 0x0000000000000101 (mip.MTI <- 0b1, mip.STI <- 0b0)
mem[X,0x0000000080000754] -> 0x0013
mem[X,0x0000000080000756] -> 0x0000
[514] [M]: 0x0000000080000754 (0x00000013) addi x0, x0, 0x0                         inst_21+52

mem[X,0x0000000080000758] -> 0x0013
mem[X,0x000000008000075A] -> 0x0000
[515] [M]: 0x0000000080000758 (0x00000013) addi x0, x0, 0x0                         inst_21+56

clint mtime 0x0000000000000102 (mip.MTI <- 0b1, mip.STI <- 0b0)
mem[X,0x000000008000075C] -> 0x0013
mem[X,0x000000008000075E] -> 0x0000
[516] [M]: 0x000000008000075C (0x00000013) addi x0, x0, 0x0                         inst_21+60

mem[X,0x0000000080000760] -> 0x3487
mem[X,0x0000000080000762] -> 0x0B02
[517] [M]: 0x0000000080000760 (0x0B023487) fld f9, 0xb0(x4)                         inst_22+0
mem[R,0x00000000800020C0] -> 0x0000000000000000
f9 <- 0x0000000000000000
CSR mstatus (0x300) <- 0x8000000A00006000

clint mtime 0x0000000000000103 (mip.MTI <- 0b1, mip.STI <- 0b0)
mem[X,0x0000000080000764] -> 0x8113
mem[X,0x0000000080000766] -> 0x1600
[518] [M]: 0x0000000080000764 (0x16008113) addi x2, x1, 0x160                       inst_22+4
x2 <- 0x0000000080003278

mem[X,0x0000000080000768] -> 0x0193
mem[X,0x000000008000076A] -> 0x0000
[519] [M]: 0x0000000080000768 (0x00000193) addi x3, x0, 0x0                         inst_22+8
x3 <- 0x0000000000000000

clint mtime 0x0000000000000104 (mip.MTI <- 0b1, mip.STI <- 0b0)
mem[X,0x000000008000076C] -> 0x0133
mem[X,0x000000008000076E] -> 0x4031
[520] [M]: 0x000000008000076C (0x40310133) sub x2, x2, x3                           inst_22+12
x2 <- 0x0000000080003278

mem[X,0x0000000080000770] -> 0xA026
[521] [M]: 0x0000000080000770 (0xA026) c.fsdsp f9, 0x0(x2)                          inst_22+16
mem[W,0x0000000080003278] <- 0x0000000000000000

clint mtime 0x0000000000000105 (mip.MTI <- 0b1, mip.STI <- 0b0)
mem[X,0x0000000080000772] -> 0x0001
[522] [M]: 0x0000000080000772 (0x0001) c.nop                                        inst_22+18

mem[X,0x0000000080000774] -> 0x0001
[523] [M]: 0x0000000080000774 (0x0001) c.nop                                        inst_22+20

clint mtime 0x0000000000000106 (mip.MTI <- 0b1, mip.STI <- 0b0)
mem[X,0x0000000080000776] -> 0x22F3
mem[X,0x0000000080000778] -> 0x0030
[524] [M]: 0x0000000080000776 (0x003022F3) csrrs x5, fcsr, x0                       inst_22+22
CSR fcsr (0x003) -> 0x0000000000000000
x5 <- 0x0000000000000000

mem[X,0x000000008000077A] -> 0xB423
mem[X,0x000000008000077C] -> 0x1650
[525] [M]: 0x000000008000077A (0x1650B423) sd x5, 0x168(x1)                         inst_22+26
mem[W,0x0000000080003280] <- 0x0000000000000000

clint mtime 0x0000000000000107 (mip.MTI <- 0b1, mip.STI <- 0b0)
mem[X,0x000000008000077E] -> 0x0001
[526] [M]: 0x000000008000077E (0x0001) c.nop                                        inst_22+30

mem[X,0x0000000080000780] -> 0x2217
mem[X,0x0000000080000782] -> 0x0000
[527] [M]: 0x0000000080000780 (0x00002217) auipc x4, 0x2                            inst_22+32
x4 <- 0x0000000080002780

clint mtime 0x0000000000000108 (mip.MTI <- 0b1, mip.STI <- 0b0)
mem[X,0x0000000080000784] -> 0x0213
mem[X,0x0000000080000786] -> 0x8902
[528] [M]: 0x0000000080000784 (0x89020213) addi x4, x4, -0x770                      inst_22+36
x4 <- 0x0000000080002010

mem[X,0x0000000080000788] -> 0x0013
mem[X,0x000000008000078A] -> 0x0000
[529] [M]: 0x0000000080000788 (0x00000013) addi x0, x0, 0x0                         inst_22+40

clint mtime 0x0000000000000109 (mip.MTI <- 0b1, mip.STI <- 0b0)
mem[X,0x000000008000078C] -> 0x0013
mem[X,0x000000008000078E] -> 0x0000
[530] [M]: 0x000000008000078C (0x00000013) addi x0, x0, 0x0                         inst_22+44

mem[X,0x0000000080000790] -> 0x0013
mem[X,0x0000000080000792] -> 0x0000
[531] [M]: 0x0000000080000790 (0x00000013) addi x0, x0, 0x0                         inst_22+48

clint mtime 0x000000000000010A (mip.MTI <- 0b1, mip.STI <- 0b0)
mem[X,0x0000000080000794] -> 0x0013
mem[X,0x0000000080000796] -> 0x0000
[532] [M]: 0x0000000080000794 (0x00000013) addi x0, x0, 0x0                         inst_22+52

mem[X,0x0000000080000798] -> 0x0013
mem[X,0x000000008000079A] -> 0x0000
[533] [M]: 0x0000000080000798 (0x00000013) addi x0, x0, 0x0                         inst_22+56

clint mtime 0x000000000000010B (mip.MTI <- 0b1, mip.STI <- 0b0)
mem[X,0x000000008000079C] -> 0x0013
mem[X,0x000000008000079E] -> 0x0000
[534] [M]: 0x000000008000079C (0x00000013) addi x0, x0, 0x0                         inst_22+60

mem[X,0x00000000800007A0] -> 0x3407
mem[X,0x00000000800007A2] -> 0x0B82
[535] [M]: 0x00000000800007A0 (0x0B823407) fld f8, 0xb8(x4)                         inst_23+0
mem[R,0x00000000800020C8] -> 0x0000000000000000
f8 <- 0x0000000000000000
CSR mstatus (0x300) <- 0x8000000A00006000

clint mtime 0x000000000000010C (mip.MTI <- 0b1, mip.STI <- 0b0)
mem[X,0x00000000800007A4] -> 0x8113
mem[X,0x00000000800007A6] -> 0x1700
[536] [M]: 0x00000000800007A4 (0x17008113) addi x2, x1, 0x170                       inst_23+4
x2 <- 0x0000000080003288

mem[X,0x00000000800007A8] -> 0x0193
mem[X,0x00000000800007AA] -> 0x0000
[537] [M]: 0x00000000800007A8 (0x00000193) addi x3, x0, 0x0                         inst_23+8
x3 <- 0x0000000000000000

clint mtime 0x000000000000010D (mip.MTI <- 0b1, mip.STI <- 0b0)
mem[X,0x00000000800007AC] -> 0x0133
mem[X,0x00000000800007AE] -> 0x4031
[538] [M]: 0x00000000800007AC (0x40310133) sub x2, x2, x3                           inst_23+12
x2 <- 0x0000000080003288

mem[X,0x00000000800007B0] -> 0xA022
[539] [M]: 0x00000000800007B0 (0xA022) c.fsdsp f8, 0x0(x2)                          inst_23+16
mem[W,0x0000000080003288] <- 0x0000000000000000

clint mtime 0x000000000000010E (mip.MTI <- 0b1, mip.STI <- 0b0)
mem[X,0x00000000800007B2] -> 0x0001
[540] [M]: 0x00000000800007B2 (0x0001) c.nop                                        inst_23+18

mem[X,0x00000000800007B4] -> 0x0001
[541] [M]: 0x00000000800007B4 (0x0001) c.nop                                        inst_23+20

clint mtime 0x000000000000010F (mip.MTI <- 0b1, mip.STI <- 0b0)
mem[X,0x00000000800007B6] -> 0x22F3
mem[X,0x00000000800007B8] -> 0x0030
[542] [M]: 0x00000000800007B6 (0x003022F3) csrrs x5, fcsr, x0                       inst_23+22
CSR fcsr (0x003) -> 0x0000000000000000
x5 <- 0x0000000000000000

mem[X,0x00000000800007BA] -> 0xBC23
mem[X,0x00000000800007BC] -> 0x1650
[543] [M]: 0x00000000800007BA (0x1650BC23) sd x5, 0x178(x1)                         inst_23+26
mem[W,0x0000000080003290] <- 0x0000000000000000

clint mtime 0x0000000000000110 (mip.MTI <- 0b1, mip.STI <- 0b0)
mem[X,0x00000000800007BE] -> 0x0001
[544] [M]: 0x00000000800007BE (0x0001) c.nop                                        inst_23+30

mem[X,0x00000000800007C0] -> 0x2217
mem[X,0x00000000800007C2] -> 0x0000
[545] [M]: 0x00000000800007C0 (0x00002217) auipc x4, 0x2                            inst_23+32
x4 <- 0x00000000800027C0

clint mtime 0x0000000000000111 (mip.MTI <- 0b1, mip.STI <- 0b0)
mem[X,0x00000000800007C4] -> 0x0213
mem[X,0x00000000800007C6] -> 0x8502
[546] [M]: 0x00000000800007C4 (0x85020213) addi x4, x4, -0x7b0                      inst_23+36
x4 <- 0x0000000080002010

mem[X,0x00000000800007C8] -> 0x0013
mem[X,0x00000000800007CA] -> 0x0000
[547] [M]: 0x00000000800007C8 (0x00000013) addi x0, x0, 0x0                         inst_23+40

clint mtime 0x0000000000000112 (mip.MTI <- 0b1, mip.STI <- 0b0)
mem[X,0x00000000800007CC] -> 0x0013
mem[X,0x00000000800007CE] -> 0x0000
[548] [M]: 0x00000000800007CC (0x00000013) addi x0, x0, 0x0                         inst_23+44

mem[X,0x00000000800007D0] -> 0x0013
mem[X,0x00000000800007D2] -> 0x0000
[549] [M]: 0x00000000800007D0 (0x00000013) addi x0, x0, 0x0                         inst_23+48

clint mtime 0x0000000000000113 (mip.MTI <- 0b1, mip.STI <- 0b0)
mem[X,0x00000000800007D4] -> 0x0013
mem[X,0x00000000800007D6] -> 0x0000
[550] [M]: 0x00000000800007D4 (0x00000013) addi x0, x0, 0x0                         inst_23+52

mem[X,0x00000000800007D8] -> 0x0013
mem[X,0x00000000800007DA] -> 0x0000
[551] [M]: 0x00000000800007D8 (0x00000013) addi x0, x0, 0x0                         inst_23+56

clint mtime 0x0000000000000114 (mip.MTI <- 0b1, mip.STI <- 0b0)
mem[X,0x00000000800007DC] -> 0x0013
mem[X,0x00000000800007DE] -> 0x0000
[552] [M]: 0x00000000800007DC (0x00000013) addi x0, x0, 0x0                         inst_23+60

mem[X,0x00000000800007E0] -> 0x3387
mem[X,0x00000000800007E2] -> 0x0C02
[553] [M]: 0x00000000800007E0 (0x0C023387) fld f7, 0xc0(x4)                         inst_24+0
mem[R,0x00000000800020D0] -> 0x0000000000000000
f7 <- 0x0000000000000000
CSR mstatus (0x300) <- 0x8000000A00006000

clint mtime 0x0000000000000115 (mip.MTI <- 0b1, mip.STI <- 0b0)
mem[X,0x00000000800007E4] -> 0x8113
mem[X,0x00000000800007E6] -> 0x1800
[554] [M]: 0x00000000800007E4 (0x18008113) addi x2, x1, 0x180                       inst_24+4
x2 <- 0x0000000080003298

mem[X,0x00000000800007E8] -> 0x0193
mem[X,0x00000000800007EA] -> 0x0000
[555] [M]: 0x00000000800007E8 (0x00000193) addi x3, x0, 0x0                         inst_24+8
x3 <- 0x0000000000000000

clint mtime 0x0000000000000116 (mip.MTI <- 0b1, mip.STI <- 0b0)
mem[X,0x00000000800007EC] -> 0x0133
mem[X,0x00000000800007EE] -> 0x4031
[556] [M]: 0x00000000800007EC (0x40310133) sub x2, x2, x3                           inst_24+12
x2 <- 0x0000000080003298

mem[X,0x00000000800007F0] -> 0xA01E
[557] [M]: 0x00000000800007F0 (0xA01E) c.fsdsp f7, 0x0(x2)                          inst_24+16
mem[W,0x0000000080003298] <- 0x0000000000000000

clint mtime 0x0000000000000117 (mip.MTI <- 0b1, mip.STI <- 0b0)
mem[X,0x00000000800007F2] -> 0x0001
[558] [M]: 0x00000000800007F2 (0x0001) c.nop                                        inst_24+18

mem[X,0x00000000800007F4] -> 0x0001
[559] [M]: 0x00000000800007F4 (0x0001) c.nop                                        inst_24+20

clint mtime 0x0000000000000118 (mip.MTI <- 0b1, mip.STI <- 0b0)
mem[X,0x00000000800007F6] -> 0x22F3
mem[X,0x00000000800007F8] -> 0x0030
[560] [M]: 0x00000000800007F6 (0x003022F3) csrrs x5, fcsr, x0                       inst_24+22
CSR fcsr (0x003) -> 0x0000000000000000
x5 <- 0x0000000000000000

mem[X,0x00000000800007FA] -> 0xB423
mem[X,0x00000000800007FC] -> 0x1850
[561] [M]: 0x00000000800007FA (0x1850B423) sd x5, 0x188(x1)                         inst_24+26
mem[W,0x00000000800032A0] <- 0x0000000000000000

clint mtime 0x0000000000000119 (mip.MTI <- 0b1, mip.STI <- 0b0)
mem[X,0x00000000800007FE] -> 0x0001
[562] [M]: 0x00000000800007FE (0x0001) c.nop                                        inst_24+30

mem[X,0x0000000080000800] -> 0x2217
mem[X,0x0000000080000802] -> 0x0000
[563] [M]: 0x0000000080000800 (0x00002217) auipc x4, 0x2                            inst_24+32
x4 <- 0x0000000080002800

clint mtime 0x000000000000011A (mip.MTI <- 0b1, mip.STI <- 0b0)
mem[X,0x0000000080000804] -> 0x0213
mem[X,0x0000000080000806] -> 0x8102
[564] [M]: 0x0000000080000804 (0x81020213) addi x4, x4, -0x7f0                      inst_24+36
x4 <- 0x0000000080002010

mem[X,0x0000000080000808] -> 0x0013
mem[X,0x000000008000080A] -> 0x0000
[565] [M]: 0x0000000080000808 (0x00000013) addi x0, x0, 0x0                         inst_24+40

clint mtime 0x000000000000011B (mip.MTI <- 0b1, mip.STI <- 0b0)
mem[X,0x000000008000080C] -> 0x0013
mem[X,0x000000008000080E] -> 0x0000
[566] [M]: 0x000000008000080C (0x00000013) addi x0, x0, 0x0                         inst_24+44

mem[X,0x0000000080000810] -> 0x0013
mem[X,0x0000000080000812] -> 0x0000
[567] [M]: 0x0000000080000810 (0x00000013) addi x0, x0, 0x0                         inst_24+48

clint mtime 0x000000000000011C (mip.MTI <- 0b1, mip.STI <- 0b0)
mem[X,0x0000000080000814] -> 0x0013
mem[X,0x0000000080000816] -> 0x0000
[568] [M]: 0x0000000080000814 (0x00000013) addi x0, x0, 0x0                         inst_24+52

mem[X,0x0000000080000818] -> 0x0013
mem[X,0x000000008000081A] -> 0x0000
[569] [M]: 0x0000000080000818 (0x00000013) addi x0, x0, 0x0                         inst_24+56

clint mtime 0x000000000000011D (mip.MTI <- 0b1, mip.STI <- 0b0)
mem[X,0x000000008000081C] -> 0x0013
mem[X,0x000000008000081E] -> 0x0000
[570] [M]: 0x000000008000081C (0x00000013) addi x0, x0, 0x0                         inst_24+60

mem[X,0x0000000080000820] -> 0x3307
mem[X,0x0000000080000822] -> 0x0C82
[571] [M]: 0x0000000080000820 (0x0C823307) fld f6, 0xc8(x4)                         inst_25+0
mem[R,0x00000000800020D8] -> 0x0000000000000000
f6 <- 0x0000000000000000
CSR mstatus (0x300) <- 0x8000000A00006000

clint mtime 0x000000000000011E (mip.MTI <- 0b1, mip.STI <- 0b0)
mem[X,0x0000000080000824] -> 0x8113
mem[X,0x0000000080000826] -> 0x1900
[572] [M]: 0x0000000080000824 (0x19008113) addi x2, x1, 0x190                       inst_25+4
x2 <- 0x00000000800032A8

mem[X,0x0000000080000828] -> 0x0193
mem[X,0x000000008000082A] -> 0x0000
[573] [M]: 0x0000000080000828 (0x00000193) addi x3, x0, 0x0                         inst_25+8
x3 <- 0x0000000000000000

clint mtime 0x000000000000011F (mip.MTI <- 0b1, mip.STI <- 0b0)
mem[X,0x000000008000082C] -> 0x0133
mem[X,0x000000008000082E] -> 0x4031
[574] [M]: 0x000000008000082C (0x40310133) sub x2, x2, x3                           inst_25+12
x2 <- 0x00000000800032A8

mem[X,0x0000000080000830] -> 0xA01A
[575] [M]: 0x0000000080000830 (0xA01A) c.fsdsp f6, 0x0(x2)                          inst_25+16
mem[W,0x00000000800032A8] <- 0x0000000000000000

clint mtime 0x0000000000000120 (mip.MTI <- 0b1, mip.STI <- 0b0)
mem[X,0x0000000080000832] -> 0x0001
[576] [M]: 0x0000000080000832 (0x0001) c.nop                                        inst_25+18

mem[X,0x0000000080000834] -> 0x0001
[577] [M]: 0x0000000080000834 (0x0001) c.nop                                        inst_25+20

clint mtime 0x0000000000000121 (mip.MTI <- 0b1, mip.STI <- 0b0)
mem[X,0x0000000080000836] -> 0x22F3
mem[X,0x0000000080000838] -> 0x0030
[578] [M]: 0x0000000080000836 (0x003022F3) csrrs x5, fcsr, x0                       inst_25+22
CSR fcsr (0x003) -> 0x0000000000000000
x5 <- 0x0000000000000000

mem[X,0x000000008000083A] -> 0xBC23
mem[X,0x000000008000083C] -> 0x1850
[579] [M]: 0x000000008000083A (0x1850BC23) sd x5, 0x198(x1)                         inst_25+26
mem[W,0x00000000800032B0] <- 0x0000000000000000

clint mtime 0x0000000000000122 (mip.MTI <- 0b1, mip.STI <- 0b0)
mem[X,0x000000008000083E] -> 0x0001
[580] [M]: 0x000000008000083E (0x0001) c.nop                                        inst_25+30

mem[X,0x0000000080000840] -> 0x1217
mem[X,0x0000000080000842] -> 0x0000
[581] [M]: 0x0000000080000840 (0x00001217) auipc x4, 0x1                            inst_25+32
x4 <- 0x0000000080001840

clint mtime 0x0000000000000123 (mip.MTI <- 0b1, mip.STI <- 0b0)
mem[X,0x0000000080000844] -> 0x0213
mem[X,0x0000000080000846] -> 0x7D02
[582] [M]: 0x0000000080000844 (0x7D020213) addi x4, x4, 0x7d0                       inst_25+36
x4 <- 0x0000000080002010

mem[X,0x0000000080000848] -> 0x0013
mem[X,0x000000008000084A] -> 0x0000
[583] [M]: 0x0000000080000848 (0x00000013) addi x0, x0, 0x0                         inst_25+40

clint mtime 0x0000000000000124 (mip.MTI <- 0b1, mip.STI <- 0b0)
mem[X,0x000000008000084C] -> 0x0013
mem[X,0x000000008000084E] -> 0x0000
[584] [M]: 0x000000008000084C (0x00000013) addi x0, x0, 0x0                         inst_25+44

mem[X,0x0000000080000850] -> 0x0013
mem[X,0x0000000080000852] -> 0x0000
[585] [M]: 0x0000000080000850 (0x00000013) addi x0, x0, 0x0                         inst_25+48

clint mtime 0x0000000000000125 (mip.MTI <- 0b1, mip.STI <- 0b0)
mem[X,0x0000000080000854] -> 0x0013
mem[X,0x0000000080000856] -> 0x0000
[586] [M]: 0x0000000080000854 (0x00000013) addi x0, x0, 0x0                         inst_25+52

mem[X,0x0000000080000858] -> 0x0013
mem[X,0x000000008000085A] -> 0x0000
[587] [M]: 0x0000000080000858 (0x00000013) addi x0, x0, 0x0                         inst_25+56

clint mtime 0x0000000000000126 (mip.MTI <- 0b1, mip.STI <- 0b0)
mem[X,0x000000008000085C] -> 0x0013
mem[X,0x000000008000085E] -> 0x0000
[588] [M]: 0x000000008000085C (0x00000013) addi x0, x0, 0x0                         inst_25+60

mem[X,0x0000000080000860] -> 0x3287
mem[X,0x0000000080000862] -> 0x0D02
[589] [M]: 0x0000000080000860 (0x0D023287) fld f5, 0xd0(x4)                         inst_26+0
mem[R,0x00000000800020E0] -> 0x0000000000000000
f5 <- 0x0000000000000000
CSR mstatus (0x300) <- 0x8000000A00006000

clint mtime 0x0000000000000127 (mip.MTI <- 0b1, mip.STI <- 0b0)
mem[X,0x0000000080000864] -> 0x8113
mem[X,0x0000000080000866] -> 0x1A00
[590] [M]: 0x0000000080000864 (0x1A008113) addi x2, x1, 0x1a0                       inst_26+4
x2 <- 0x00000000800032B8

mem[X,0x0000000080000868] -> 0x0193
mem[X,0x000000008000086A] -> 0x0000
[591] [M]: 0x0000000080000868 (0x00000193) addi x3, x0, 0x0                         inst_26+8
x3 <- 0x0000000000000000

clint mtime 0x0000000000000128 (mip.MTI <- 0b1, mip.STI <- 0b0)
mem[X,0x000000008000086C] -> 0x0133
mem[X,0x000000008000086E] -> 0x4031
[592] [M]: 0x000000008000086C (0x40310133) sub x2, x2, x3                           inst_26+12
x2 <- 0x00000000800032B8

mem[X,0x0000000080000870] -> 0xA016
[593] [M]: 0x0000000080000870 (0xA016) c.fsdsp f5, 0x0(x2)                          inst_26+16
mem[W,0x00000000800032B8] <- 0x0000000000000000

clint mtime 0x0000000000000129 (mip.MTI <- 0b1, mip.STI <- 0b0)
mem[X,0x0000000080000872] -> 0x0001
[594] [M]: 0x0000000080000872 (0x0001) c.nop                                        inst_26+18

mem[X,0x0000000080000874] -> 0x0001
[595] [M]: 0x0000000080000874 (0x0001) c.nop                                        inst_26+20

clint mtime 0x000000000000012A (mip.MTI <- 0b1, mip.STI <- 0b0)
mem[X,0x0000000080000876] -> 0x22F3
mem[X,0x0000000080000878] -> 0x0030
[596] [M]: 0x0000000080000876 (0x003022F3) csrrs x5, fcsr, x0                       inst_26+22
CSR fcsr (0x003) -> 0x0000000000000000
x5 <- 0x0000000000000000

mem[X,0x000000008000087A] -> 0xB423
mem[X,0x000000008000087C] -> 0x1A50
[597] [M]: 0x000000008000087A (0x1A50B423) sd x5, 0x1a8(x1)                         inst_26+26
mem[W,0x00000000800032C0] <- 0x0000000000000000

clint mtime 0x000000000000012B (mip.MTI <- 0b1, mip.STI <- 0b0)
mem[X,0x000000008000087E] -> 0x0001
[598] [M]: 0x000000008000087E (0x0001) c.nop                                        inst_26+30

mem[X,0x0000000080000880] -> 0x1217
mem[X,0x0000000080000882] -> 0x0000
[599] [M]: 0x0000000080000880 (0x00001217) auipc x4, 0x1                            inst_26+32
x4 <- 0x0000000080001880

clint mtime 0x000000000000012C (mip.MTI <- 0b1, mip.STI <- 0b0)
mem[X,0x0000000080000884] -> 0x0213
mem[X,0x0000000080000886] -> 0x7902
[600] [M]: 0x0000000080000884 (0x79020213) addi x4, x4, 0x790                       inst_26+36
x4 <- 0x0000000080002010

mem[X,0x0000000080000888] -> 0x0013
mem[X,0x000000008000088A] -> 0x0000
[601] [M]: 0x0000000080000888 (0x00000013) addi x0, x0, 0x0                         inst_26+40

clint mtime 0x000000000000012D (mip.MTI <- 0b1, mip.STI <- 0b0)
mem[X,0x000000008000088C] -> 0x0013
mem[X,0x000000008000088E] -> 0x0000
[602] [M]: 0x000000008000088C (0x00000013) addi x0, x0, 0x0                         inst_26+44

mem[X,0x0000000080000890] -> 0x0013
mem[X,0x0000000080000892] -> 0x0000
[603] [M]: 0x0000000080000890 (0x00000013) addi x0, x0, 0x0                         inst_26+48

clint mtime 0x000000000000012E (mip.MTI <- 0b1, mip.STI <- 0b0)
mem[X,0x0000000080000894] -> 0x0013
mem[X,0x0000000080000896] -> 0x0000
[604] [M]: 0x0000000080000894 (0x00000013) addi x0, x0, 0x0                         inst_26+52

mem[X,0x0000000080000898] -> 0x0013
mem[X,0x000000008000089A] -> 0x0000
[605] [M]: 0x0000000080000898 (0x00000013) addi x0, x0, 0x0                         inst_26+56

clint mtime 0x000000000000012F (mip.MTI <- 0b1, mip.STI <- 0b0)
mem[X,0x000000008000089C] -> 0x0013
mem[X,0x000000008000089E] -> 0x0000
[606] [M]: 0x000000008000089C (0x00000013) addi x0, x0, 0x0                         inst_26+60

mem[X,0x00000000800008A0] -> 0x3207
mem[X,0x00000000800008A2] -> 0x0D82
[607] [M]: 0x00000000800008A0 (0x0D823207) fld f4, 0xd8(x4)                         inst_27+0
mem[R,0x00000000800020E8] -> 0x0000000000000000
f4 <- 0x0000000000000000
CSR mstatus (0x300) <- 0x8000000A00006000

clint mtime 0x0000000000000130 (mip.MTI <- 0b1, mip.STI <- 0b0)
mem[X,0x00000000800008A4] -> 0x8113
mem[X,0x00000000800008A6] -> 0x1B00
[608] [M]: 0x00000000800008A4 (0x1B008113) addi x2, x1, 0x1b0                       inst_27+4
x2 <- 0x00000000800032C8

mem[X,0x00000000800008A8] -> 0x0193
mem[X,0x00000000800008AA] -> 0x0000
[609] [M]: 0x00000000800008A8 (0x00000193) addi x3, x0, 0x0                         inst_27+8
x3 <- 0x0000000000000000

clint mtime 0x0000000000000131 (mip.MTI <- 0b1, mip.STI <- 0b0)
mem[X,0x00000000800008AC] -> 0x0133
mem[X,0x00000000800008AE] -> 0x4031
[610] [M]: 0x00000000800008AC (0x40310133) sub x2, x2, x3                           inst_27+12
x2 <- 0x00000000800032C8

mem[X,0x00000000800008B0] -> 0xA012
[611] [M]: 0x00000000800008B0 (0xA012) c.fsdsp f4, 0x0(x2)                          inst_27+16
mem[W,0x00000000800032C8] <- 0x0000000000000000

clint mtime 0x0000000000000132 (mip.MTI <- 0b1, mip.STI <- 0b0)
mem[X,0x00000000800008B2] -> 0x0001
[612] [M]: 0x00000000800008B2 (0x0001) c.nop                                        inst_27+18

mem[X,0x00000000800008B4] -> 0x0001
[613] [M]: 0x00000000800008B4 (0x0001) c.nop                                        inst_27+20

clint mtime 0x0000000000000133 (mip.MTI <- 0b1, mip.STI <- 0b0)
mem[X,0x00000000800008B6] -> 0x22F3
mem[X,0x00000000800008B8] -> 0x0030
[614] [M]: 0x00000000800008B6 (0x003022F3) csrrs x5, fcsr, x0                       inst_27+22
CSR fcsr (0x003) -> 0x0000000000000000
x5 <- 0x0000000000000000

mem[X,0x00000000800008BA] -> 0xBC23
mem[X,0x00000000800008BC] -> 0x1A50
[615] [M]: 0x00000000800008BA (0x1A50BC23) sd x5, 0x1b8(x1)                         inst_27+26
mem[W,0x00000000800032D0] <- 0x0000000000000000

clint mtime 0x0000000000000134 (mip.MTI <- 0b1, mip.STI <- 0b0)
mem[X,0x00000000800008BE] -> 0x0001
[616] [M]: 0x00000000800008BE (0x0001) c.nop                                        inst_27+30

mem[X,0x00000000800008C0] -> 0x1217
mem[X,0x00000000800008C2] -> 0x0000
[617] [M]: 0x00000000800008C0 (0x00001217) auipc x4, 0x1                            inst_27+32
x4 <- 0x00000000800018C0

clint mtime 0x0000000000000135 (mip.MTI <- 0b1, mip.STI <- 0b0)
mem[X,0x00000000800008C4] -> 0x0213
mem[X,0x00000000800008C6] -> 0x7502
[618] [M]: 0x00000000800008C4 (0x75020213) addi x4, x4, 0x750                       inst_27+36
x4 <- 0x0000000080002010

mem[X,0x00000000800008C8] -> 0x0013
mem[X,0x00000000800008CA] -> 0x0000
[619] [M]: 0x00000000800008C8 (0x00000013) addi x0, x0, 0x0                         inst_27+40

clint mtime 0x0000000000000136 (mip.MTI <- 0b1, mip.STI <- 0b0)
mem[X,0x00000000800008CC] -> 0x0013
mem[X,0x00000000800008CE] -> 0x0000
[620] [M]: 0x00000000800008CC (0x00000013) addi x0, x0, 0x0                         inst_27+44

mem[X,0x00000000800008D0] -> 0x0013
mem[X,0x00000000800008D2] -> 0x0000
[621] [M]: 0x00000000800008D0 (0x00000013) addi x0, x0, 0x0                         inst_27+48

clint mtime 0x0000000000000137 (mip.MTI <- 0b1, mip.STI <- 0b0)
mem[X,0x00000000800008D4] -> 0x0013
mem[X,0x00000000800008D6] -> 0x0000
[622] [M]: 0x00000000800008D4 (0x00000013) addi x0, x0, 0x0                         inst_27+52

mem[X,0x00000000800008D8] -> 0x0013
mem[X,0x00000000800008DA] -> 0x0000
[623] [M]: 0x00000000800008D8 (0x00000013) addi x0, x0, 0x0                         inst_27+56

clint mtime 0x0000000000000138 (mip.MTI <- 0b1, mip.STI <- 0b0)
mem[X,0x00000000800008DC] -> 0x0013
mem[X,0x00000000800008DE] -> 0x0000
[624] [M]: 0x00000000800008DC (0x00000013) addi x0, x0, 0x0                         inst_27+60

mem[X,0x00000000800008E0] -> 0x3187
mem[X,0x00000000800008E2] -> 0x0E02
[625] [M]: 0x00000000800008E0 (0x0E023187) fld f3, 0xe0(x4)                         inst_28+0
mem[R,0x00000000800020F0] -> 0x0000000000000000
f3 <- 0x0000000000000000
CSR mstatus (0x300) <- 0x8000000A00006000

clint mtime 0x0000000000000139 (mip.MTI <- 0b1, mip.STI <- 0b0)
mem[X,0x00000000800008E4] -> 0x8113
mem[X,0x00000000800008E6] -> 0x1C00
[626] [M]: 0x00000000800008E4 (0x1C008113) addi x2, x1, 0x1c0                       inst_28+4
x2 <- 0x00000000800032D8

mem[X,0x00000000800008E8] -> 0x0193
mem[X,0x00000000800008EA] -> 0x0000
[627] [M]: 0x00000000800008E8 (0x00000193) addi x3, x0, 0x0                         inst_28+8
x3 <- 0x0000000000000000

clint mtime 0x000000000000013A (mip.MTI <- 0b1, mip.STI <- 0b0)
mem[X,0x00000000800008EC] -> 0x0133
mem[X,0x00000000800008EE] -> 0x4031
[628] [M]: 0x00000000800008EC (0x40310133) sub x2, x2, x3                           inst_28+12
x2 <- 0x00000000800032D8

mem[X,0x00000000800008F0] -> 0xA00E
[629] [M]: 0x00000000800008F0 (0xA00E) c.fsdsp f3, 0x0(x2)                          inst_28+16
mem[W,0x00000000800032D8] <- 0x0000000000000000

clint mtime 0x000000000000013B (mip.MTI <- 0b1, mip.STI <- 0b0)
mem[X,0x00000000800008F2] -> 0x0001
[630] [M]: 0x00000000800008F2 (0x0001) c.nop                                        inst_28+18

mem[X,0x00000000800008F4] -> 0x0001
[631] [M]: 0x00000000800008F4 (0x0001) c.nop                                        inst_28+20

clint mtime 0x000000000000013C (mip.MTI <- 0b1, mip.STI <- 0b0)
mem[X,0x00000000800008F6] -> 0x22F3
mem[X,0x00000000800008F8] -> 0x0030
[632] [M]: 0x00000000800008F6 (0x003022F3) csrrs x5, fcsr, x0                       inst_28+22
CSR fcsr (0x003) -> 0x0000000000000000
x5 <- 0x0000000000000000

mem[X,0x00000000800008FA] -> 0xB423
mem[X,0x00000000800008FC] -> 0x1C50
[633] [M]: 0x00000000800008FA (0x1C50B423) sd x5, 0x1c8(x1)                         inst_28+26
mem[W,0x00000000800032E0] <- 0x0000000000000000

clint mtime 0x000000000000013D (mip.MTI <- 0b1, mip.STI <- 0b0)
mem[X,0x00000000800008FE] -> 0x0001
[634] [M]: 0x00000000800008FE (0x0001) c.nop                                        inst_28+30

mem[X,0x0000000080000900] -> 0x1217
mem[X,0x0000000080000902] -> 0x0000
[635] [M]: 0x0000000080000900 (0x00001217) auipc x4, 0x1                            inst_28+32
x4 <- 0x0000000080001900

clint mtime 0x000000000000013E (mip.MTI <- 0b1, mip.STI <- 0b0)
mem[X,0x0000000080000904] -> 0x0213
mem[X,0x0000000080000906] -> 0x7102
[636] [M]: 0x0000000080000904 (0x71020213) addi x4, x4, 0x710                       inst_28+36
x4 <- 0x0000000080002010

mem[X,0x0000000080000908] -> 0x0013
mem[X,0x000000008000090A] -> 0x0000
[637] [M]: 0x0000000080000908 (0x00000013) addi x0, x0, 0x0                         inst_28+40

clint mtime 0x000000000000013F (mip.MTI <- 0b1, mip.STI <- 0b0)
mem[X,0x000000008000090C] -> 0x0013
mem[X,0x000000008000090E] -> 0x0000
[638] [M]: 0x000000008000090C (0x00000013) addi x0, x0, 0x0                         inst_28+44

mem[X,0x0000000080000910] -> 0x0013
mem[X,0x0000000080000912] -> 0x0000
[639] [M]: 0x0000000080000910 (0x00000013) addi x0, x0, 0x0                         inst_28+48

clint mtime 0x0000000000000140 (mip.MTI <- 0b1, mip.STI <- 0b0)
mem[X,0x0000000080000914] -> 0x0013
mem[X,0x0000000080000916] -> 0x0000
[640] [M]: 0x0000000080000914 (0x00000013) addi x0, x0, 0x0                         inst_28+52

mem[X,0x0000000080000918] -> 0x0013
mem[X,0x000000008000091A] -> 0x0000
[641] [M]: 0x0000000080000918 (0x00000013) addi x0, x0, 0x0                         inst_28+56

clint mtime 0x0000000000000141 (mip.MTI <- 0b1, mip.STI <- 0b0)
mem[X,0x000000008000091C] -> 0x0013
mem[X,0x000000008000091E] -> 0x0000
[642] [M]: 0x000000008000091C (0x00000013) addi x0, x0, 0x0                         inst_28+60

mem[X,0x0000000080000920] -> 0x3107
mem[X,0x0000000080000922] -> 0x0E82
[643] [M]: 0x0000000080000920 (0x0E823107) fld f2, 0xe8(x4)                         inst_29+0
mem[R,0x00000000800020F8] -> 0x0000000000000000
f2 <- 0x0000000000000000
CSR mstatus (0x300) <- 0x8000000A00006000

clint mtime 0x0000000000000142 (mip.MTI <- 0b1, mip.STI <- 0b0)
mem[X,0x0000000080000924] -> 0x8113
mem[X,0x0000000080000926] -> 0x1D00
[644] [M]: 0x0000000080000924 (0x1D008113) addi x2, x1, 0x1d0                       inst_29+4
x2 <- 0x00000000800032E8

mem[X,0x0000000080000928] -> 0x0193
mem[X,0x000000008000092A] -> 0x0000
[645] [M]: 0x0000000080000928 (0x00000193) addi x3, x0, 0x0                         inst_29+8
x3 <- 0x0000000000000000

clint mtime 0x0000000000000143 (mip.MTI <- 0b1, mip.STI <- 0b0)
mem[X,0x000000008000092C] -> 0x0133
mem[X,0x000000008000092E] -> 0x4031
[646] [M]: 0x000000008000092C (0x40310133) sub x2, x2, x3                           inst_29+12
x2 <- 0x00000000800032E8

mem[X,0x0000000080000930] -> 0xA00A
[647] [M]: 0x0000000080000930 (0xA00A) c.fsdsp f2, 0x0(x2)                          inst_29+16
mem[W,0x00000000800032E8] <- 0x0000000000000000

clint mtime 0x0000000000000144 (mip.MTI <- 0b1, mip.STI <- 0b0)
mem[X,0x0000000080000932] -> 0x0001
[648] [M]: 0x0000000080000932 (0x0001) c.nop                                        inst_29+18

mem[X,0x0000000080000934] -> 0x0001
[649] [M]: 0x0000000080000934 (0x0001) c.nop                                        inst_29+20

clint mtime 0x0000000000000145 (mip.MTI <- 0b1, mip.STI <- 0b0)
mem[X,0x0000000080000936] -> 0x22F3
mem[X,0x0000000080000938] -> 0x0030
[650] [M]: 0x0000000080000936 (0x003022F3) csrrs x5, fcsr, x0                       inst_29+22
CSR fcsr (0x003) -> 0x0000000000000000
x5 <- 0x0000000000000000

mem[X,0x000000008000093A] -> 0xBC23
mem[X,0x000000008000093C] -> 0x1C50
[651] [M]: 0x000000008000093A (0x1C50BC23) sd x5, 0x1d8(x1)                         inst_29+26
mem[W,0x00000000800032F0] <- 0x0000000000000000

clint mtime 0x0000000000000146 (mip.MTI <- 0b1, mip.STI <- 0b0)
mem[X,0x000000008000093E] -> 0x0001
[652] [M]: 0x000000008000093E (0x0001) c.nop                                        inst_29+30

mem[X,0x0000000080000940] -> 0x1217
mem[X,0x0000000080000942] -> 0x0000
[653] [M]: 0x0000000080000940 (0x00001217) auipc x4, 0x1                            inst_29+32
x4 <- 0x0000000080001940

clint mtime 0x0000000000000147 (mip.MTI <- 0b1, mip.STI <- 0b0)
mem[X,0x0000000080000944] -> 0x0213
mem[X,0x0000000080000946] -> 0x6D02
[654] [M]: 0x0000000080000944 (0x6D020213) addi x4, x4, 0x6d0                       inst_29+36
x4 <- 0x0000000080002010

mem[X,0x0000000080000948] -> 0x0013
mem[X,0x000000008000094A] -> 0x0000
[655] [M]: 0x0000000080000948 (0x00000013) addi x0, x0, 0x0                         inst_29+40

clint mtime 0x0000000000000148 (mip.MTI <- 0b1, mip.STI <- 0b0)
mem[X,0x000000008000094C] -> 0x0013
mem[X,0x000000008000094E] -> 0x0000
[656] [M]: 0x000000008000094C (0x00000013) addi x0, x0, 0x0                         inst_29+44

mem[X,0x0000000080000950] -> 0x0013
mem[X,0x0000000080000952] -> 0x0000
[657] [M]: 0x0000000080000950 (0x00000013) addi x0, x0, 0x0                         inst_29+48

clint mtime 0x0000000000000149 (mip.MTI <- 0b1, mip.STI <- 0b0)
mem[X,0x0000000080000954] -> 0x0013
mem[X,0x0000000080000956] -> 0x0000
[658] [M]: 0x0000000080000954 (0x00000013) addi x0, x0, 0x0                         inst_29+52

mem[X,0x0000000080000958] -> 0x0013
mem[X,0x000000008000095A] -> 0x0000
[659] [M]: 0x0000000080000958 (0x00000013) addi x0, x0, 0x0                         inst_29+56

clint mtime 0x000000000000014A (mip.MTI <- 0b1, mip.STI <- 0b0)
mem[X,0x000000008000095C] -> 0x0013
mem[X,0x000000008000095E] -> 0x0000
[660] [M]: 0x000000008000095C (0x00000013) addi x0, x0, 0x0                         inst_29+60

mem[X,0x0000000080000960] -> 0x3087
mem[X,0x0000000080000962] -> 0x0F02
[661] [M]: 0x0000000080000960 (0x0F023087) fld f1, 0xf0(x4)                         inst_30+0
mem[R,0x0000000080002100] -> 0x0000000000000000
f1 <- 0x0000000000000000
CSR mstatus (0x300) <- 0x8000000A00006000

clint mtime 0x000000000000014B (mip.MTI <- 0b1, mip.STI <- 0b0)
mem[X,0x0000000080000964] -> 0x8113
mem[X,0x0000000080000966] -> 0x1E00
[662] [M]: 0x0000000080000964 (0x1E008113) addi x2, x1, 0x1e0                       inst_30+4
x2 <- 0x00000000800032F8

mem[X,0x0000000080000968] -> 0x0193
mem[X,0x000000008000096A] -> 0x0000
[663] [M]: 0x0000000080000968 (0x00000193) addi x3, x0, 0x0                         inst_30+8
x3 <- 0x0000000000000000

clint mtime 0x000000000000014C (mip.MTI <- 0b1, mip.STI <- 0b0)
mem[X,0x000000008000096C] -> 0x0133
mem[X,0x000000008000096E] -> 0x4031
[664] [M]: 0x000000008000096C (0x40310133) sub x2, x2, x3                           inst_30+12
x2 <- 0x00000000800032F8

mem[X,0x0000000080000970] -> 0xA006
[665] [M]: 0x0000000080000970 (0xA006) c.fsdsp f1, 0x0(x2)                          inst_30+16
mem[W,0x00000000800032F8] <- 0x0000000000000000

clint mtime 0x000000000000014D (mip.MTI <- 0b1, mip.STI <- 0b0)
mem[X,0x0000000080000972] -> 0x0001
[666] [M]: 0x0000000080000972 (0x0001) c.nop                                        inst_30+18

mem[X,0x0000000080000974] -> 0x0001
[667] [M]: 0x0000000080000974 (0x0001) c.nop                                        inst_30+20

clint mtime 0x000000000000014E (mip.MTI <- 0b1, mip.STI <- 0b0)
mem[X,0x0000000080000976] -> 0x22F3
mem[X,0x0000000080000978] -> 0x0030
[668] [M]: 0x0000000080000976 (0x003022F3) csrrs x5, fcsr, x0                       inst_30+22
CSR fcsr (0x003) -> 0x0000000000000000
x5 <- 0x0000000000000000

mem[X,0x000000008000097A] -> 0xB423
mem[X,0x000000008000097C] -> 0x1E50
[669] [M]: 0x000000008000097A (0x1E50B423) sd x5, 0x1e8(x1)                         inst_30+26
mem[W,0x0000000080003300] <- 0x0000000000000000

clint mtime 0x000000000000014F (mip.MTI <- 0b1, mip.STI <- 0b0)
mem[X,0x000000008000097E] -> 0x0001
[670] [M]: 0x000000008000097E (0x0001) c.nop                                        inst_30+30

mem[X,0x0000000080000980] -> 0x1217
mem[X,0x0000000080000982] -> 0x0000
[671] [M]: 0x0000000080000980 (0x00001217) auipc x4, 0x1                            inst_30+32
x4 <- 0x0000000080001980

clint mtime 0x0000000000000150 (mip.MTI <- 0b1, mip.STI <- 0b0)
mem[X,0x0000000080000984] -> 0x0213
mem[X,0x0000000080000986] -> 0x6902
[672] [M]: 0x0000000080000984 (0x69020213) addi x4, x4, 0x690                       inst_30+36
x4 <- 0x0000000080002010

mem[X,0x0000000080000988] -> 0x0013
mem[X,0x000000008000098A] -> 0x0000
[673] [M]: 0x0000000080000988 (0x00000013) addi x0, x0, 0x0                         inst_30+40

clint mtime 0x0000000000000151 (mip.MTI <- 0b1, mip.STI <- 0b0)
mem[X,0x000000008000098C] -> 0x0013
mem[X,0x000000008000098E] -> 0x0000
[674] [M]: 0x000000008000098C (0x00000013) addi x0, x0, 0x0                         inst_30+44

mem[X,0x0000000080000990] -> 0x0013
mem[X,0x0000000080000992] -> 0x0000
[675] [M]: 0x0000000080000990 (0x00000013) addi x0, x0, 0x0                         inst_30+48

clint mtime 0x0000000000000152 (mip.MTI <- 0b1, mip.STI <- 0b0)
mem[X,0x0000000080000994] -> 0x0013
mem[X,0x0000000080000996] -> 0x0000
[676] [M]: 0x0000000080000994 (0x00000013) addi x0, x0, 0x0                         inst_30+52

mem[X,0x0000000080000998] -> 0x0013
mem[X,0x000000008000099A] -> 0x0000
[677] [M]: 0x0000000080000998 (0x00000013) addi x0, x0, 0x0                         inst_30+56

clint mtime 0x0000000000000153 (mip.MTI <- 0b1, mip.STI <- 0b0)
mem[X,0x000000008000099C] -> 0x0013
mem[X,0x000000008000099E] -> 0x0000
[678] [M]: 0x000000008000099C (0x00000013) addi x0, x0, 0x0                         inst_30+60

mem[X,0x00000000800009A0] -> 0x3007
mem[X,0x00000000800009A2] -> 0x0F82
[679] [M]: 0x00000000800009A0 (0x0F823007) fld f0, 0xf8(x4)                         inst_31+0
mem[R,0x0000000080002108] -> 0x0000000000000000
f0 <- 0x0000000000000000
CSR mstatus (0x300) <- 0x8000000A00006000

clint mtime 0x0000000000000154 (mip.MTI <- 0b1, mip.STI <- 0b0)
mem[X,0x00000000800009A4] -> 0x8113
mem[X,0x00000000800009A6] -> 0x1F00
[680] [M]: 0x00000000800009A4 (0x1F008113) addi x2, x1, 0x1f0                       inst_31+4
x2 <- 0x0000000080003308

mem[X,0x00000000800009A8] -> 0x0193
mem[X,0x00000000800009AA] -> 0x0000
[681] [M]: 0x00000000800009A8 (0x00000193) addi x3, x0, 0x0                         inst_31+8
x3 <- 0x0000000000000000

clint mtime 0x0000000000000155 (mip.MTI <- 0b1, mip.STI <- 0b0)
mem[X,0x00000000800009AC] -> 0x0133
mem[X,0x00000000800009AE] -> 0x4031
[682] [M]: 0x00000000800009AC (0x40310133) sub x2, x2, x3                           inst_31+12
x2 <- 0x0000000080003308

mem[X,0x00000000800009B0] -> 0xA002
[683] [M]: 0x00000000800009B0 (0xA002) c.fsdsp f0, 0x0(x2)                          inst_31+16
mem[W,0x0000000080003308] <- 0x0000000000000000

clint mtime 0x0000000000000156 (mip.MTI <- 0b1, mip.STI <- 0b0)
mem[X,0x00000000800009B2] -> 0x0001
[684] [M]: 0x00000000800009B2 (0x0001) c.nop                                        inst_31+18

mem[X,0x00000000800009B4] -> 0x0001
[685] [M]: 0x00000000800009B4 (0x0001) c.nop                                        inst_31+20

clint mtime 0x0000000000000157 (mip.MTI <- 0b1, mip.STI <- 0b0)
mem[X,0x00000000800009B6] -> 0x22F3
mem[X,0x00000000800009B8] -> 0x0030
[686] [M]: 0x00000000800009B6 (0x003022F3) csrrs x5, fcsr, x0                       inst_31+22
CSR fcsr (0x003) -> 0x0000000000000000
x5 <- 0x0000000000000000

mem[X,0x00000000800009BA] -> 0xBC23
mem[X,0x00000000800009BC] -> 0x1E50
[687] [M]: 0x00000000800009BA (0x1E50BC23) sd x5, 0x1f8(x1)                         inst_31+26
mem[W,0x0000000080003310] <- 0x0000000000000000

clint mtime 0x0000000000000158 (mip.MTI <- 0b1, mip.STI <- 0b0)
mem[X,0x00000000800009BE] -> 0x006F
mem[X,0x00000000800009C0] -> 0x0380
[688] [M]: 0x00000000800009BE (0x0380006F) jal x0, 0x38                             rvtest_code_end+0

mem[X,0x00000000800009F6] -> 0x4085
[689] [M]: 0x00000000800009F6 (0x4085) c.li x1, 0x1                                 exit_cleanup+0
x1 <- 0x0000000000000001

clint mtime 0x0000000000000159 (mip.MTI <- 0b1, mip.STI <- 0b0)
mem[X,0x00000000800009F8] -> 0x0397
mem[X,0x00000000800009FA] -> 0x0000
[690] [M]: 0x00000000800009F8 (0x00000397) auipc x7, 0x0                            exit_cleanup+2
x7 <- 0x00000000800009F8

mem[X,0x00000000800009FC] -> 0xA423
mem[X,0x00000000800009FE] -> 0x6013
[691] [M]: 0x00000000800009FC (0x6013A423) sw x1, 0x608(x7)                         exit_cleanup+6
htif[0x0000000080001000] <- 0x00000001
mem[W,0x0000000080001000] <- 0x00000001

clint mtime 0x000000000000015A (mip.MTI <- 0b1, mip.STI <- 0b0)
mem[X,0x0000000080000A00] -> 0xBFE5
[692] [M]: 0x0000000080000A00 (0xBFE5) c.j -0x8                                     exit_cleanup+10

mem[X,0x00000000800009F8] -> 0x0397
mem[X,0x00000000800009FA] -> 0x0000
[693] [M]: 0x00000000800009F8 (0x00000397) auipc x7, 0x0                            exit_cleanup+2
x7 <- 0x00000000800009F8

clint mtime 0x000000000000015B (mip.MTI <- 0b1, mip.STI <- 0b0)
mem[X,0x00000000800009FC] -> 0xA423
mem[X,0x00000000800009FE] -> 0x6013
[694] [M]: 0x00000000800009FC (0x6013A423) sw x1, 0x608(x7)                         exit_cleanup+6
htif[0x0000000080001000] <- 0x00000001
mem[W,0x0000000080001000] <- 0x00000001

mem[X,0x0000000080000A00] -> 0xBFE5
[695] [M]: 0x0000000080000A00 (0xBFE5) c.j -0x8                                     exit_cleanup+10

clint mtime 0x000000000000015C (mip.MTI <- 0b1, mip.STI <- 0b0)
mem[X,0x00000000800009F8] -> 0x0397
mem[X,0x00000000800009FA] -> 0x0000
[696] [M]: 0x00000000800009F8 (0x00000397) auipc x7, 0x0                            exit_cleanup+2
x7 <- 0x00000000800009F8

mem[X,0x00000000800009FC] -> 0xA423
mem[X,0x00000000800009FE] -> 0x6013
[697] [M]: 0x00000000800009FC (0x6013A423) sw x1, 0x608(x7)                         exit_cleanup+6
htif[0x0000000080001000] <- 0x00000001
htif-syscall-proxy cmd: 0x000000000001
mem[W,0x0000000080001000] <- 0x00000001

SUCCESS
clint mtime 0x000000000000015D (mip.MTI <- 0b1, mip.STI <- 0b0)
