using /opt/riscv-arch-test/riscof-plugins/rv64/riscof_work/vm_sv48/src/sv48_mstatus_sbe_set_S_mode.S/ref/Reference-sail_c_simulator.signature for test-signature output.
setting signature-granularity to 8 bytes
HTIF located at 0x80004000
begin_signature: 0x8000a110
end_signature: 0x8000a520
Entry point: 0x80000000
CSR mstatus (0x300) <- 0x0000000A00000000
CSR misa (0x301) <- 0x800000000034112F
CSR mcause (0x342) <- 0x0000000000000000
x10 <- 0x0000000000000000
x11 <- 0x0000000000001000
mem[X,0x0000000080000000] -> 0x006F
mem[X,0x0000000080000002] -> 0x4200
[0] [M]: 0x0000000080000000 (0x4200006F) jal x0, 0x420                              rvtest_entry_point+0

mem[X,0x0000000080000420] -> 0x5317
mem[X,0x0000000080000422] -> 0x0000
[1] [M]: 0x0000000080000420 (0x00005317) auipc x6, 0x5                              starting_point+0
x6 <- 0x0000000080005420

clint mtime 0x0000000000000001 (mip.MTI <- 0b1, mip.STI <- 0b0)
mem[X,0x0000000080000424] -> 0x0313
mem[X,0x0000000080000426] -> 0xBE03
[2] [M]: 0x0000000080000424 (0xBE030313) addi x6, x6, -0x420                        starting_point+4
x6 <- 0x0000000080005000

mem[X,0x0000000080000428] -> 0x0013
mem[X,0x000000008000042A] -> 0x0000
[3] [M]: 0x0000000080000428 (0x00000013) addi x0, x0, 0x0                           starting_point+8

clint mtime 0x0000000000000002 (mip.MTI <- 0b1, mip.STI <- 0b0)
mem[X,0x000000008000042C] -> 0x0013
mem[X,0x000000008000042E] -> 0x0000
[4] [M]: 0x000000008000042C (0x00000013) addi x0, x0, 0x0                           starting_point+12

mem[X,0x0000000080000430] -> 0x0013
mem[X,0x0000000080000432] -> 0x0000
[5] [M]: 0x0000000080000430 (0x00000013) addi x0, x0, 0x0                           starting_point+16

clint mtime 0x0000000000000003 (mip.MTI <- 0b1, mip.STI <- 0b0)
mem[X,0x0000000080000434] -> 0x0013
mem[X,0x0000000080000436] -> 0x0000
[6] [M]: 0x0000000080000434 (0x00000013) addi x0, x0, 0x0                           starting_point+20

mem[X,0x0000000080000438] -> 0x0013
mem[X,0x000000008000043A] -> 0x0000
[7] [M]: 0x0000000080000438 (0x00000013) addi x0, x0, 0x0                           starting_point+24

clint mtime 0x0000000000000004 (mip.MTI <- 0b1, mip.STI <- 0b0)
mem[X,0x000000008000043C] -> 0x0013
mem[X,0x000000008000043E] -> 0x0000
[8] [M]: 0x000000008000043C (0x00000013) addi x0, x0, 0x0                           starting_point+28

mem[X,0x0000000080000440] -> 0x1473
mem[X,0x0000000080000442] -> 0x3403
[9] [M]: 0x0000000080000440 (0x34031473) csrrw x8, mscratch, x6                     init_Mscratch+0
CSR mscratch (0x340) <- 0x0000000080005000
x8 <- 0x0000000000000000

clint mtime 0x0000000000000005 (mip.MTI <- 0b1, mip.STI <- 0b0)
mem[X,0x0000000080000444] -> 0x3823
mem[X,0x0000000080000446] -> 0x2483
[10] [M]: 0x0000000080000444 (0x24833823) sd x8, 0x250(x6)                          init_Mscratch+4
mem[W,0x0000000080005250] <- 0x0000000000000000

mem[X,0x0000000080000448] -> 0x0393
mem[X,0x000000008000044A] -> 0x0000
[11] [M]: 0x0000000080000448 (0x00000393) addi x7, x0, 0x0                          init_Medeleg+0
x7 <- 0x0000000000000000

clint mtime 0x0000000000000006 (mip.MTI <- 0b1, mip.STI <- 0b0)
mem[X,0x000000008000044C] -> 0x93F3
mem[X,0x000000008000044E] -> 0x3023
[12] [M]: 0x000000008000044C (0x302393F3) csrrw x7, medeleg, x7                     init_Medeleg+4
CSR medeleg (0x302) <- 0x0000000000000000
x7 <- 0x0000000000000000

mem[X,0x0000000080000450] -> 0x3C23
mem[X,0x0000000080000452] -> 0x2273
[13] [M]: 0x0000000080000450 (0x22733C23) sd x7, 0x238(x6)                          init_Medeleg+8
mem[W,0x0000000080005238] <- 0x0000000000000000

clint mtime 0x0000000000000007 (mip.MTI <- 0b1, mip.STI <- 0b0)
mem[X,0x0000000080000454] -> 0x2473
mem[X,0x0000000080000456] -> 0x3050
[14] [M]: 0x0000000080000454 (0x30502473) csrrs x8, mtvec, x0                       init_Mtvec+0
CSR mtvec (0x305) -> 0x0000000000000000
x8 <- 0x0000000000000000

mem[X,0x0000000080000458] -> 0x3423
mem[X,0x000000008000045A] -> 0x2483
[15] [M]: 0x0000000080000458 (0x24833423) sd x8, 0x248(x6)                          init_Mtvec+4
mem[W,0x0000000080005248] <- 0x0000000000000000

clint mtime 0x0000000000000008 (mip.MTI <- 0b1, mip.STI <- 0b0)
mem[X,0x000000008000045C] -> 0x7393
mem[X,0x000000008000045E] -> 0x0034
[16] [M]: 0x000000008000045C (0x00347393) andi x7, x8, 0x3                          init_Mtvec+8
x7 <- 0x0000000000000000

mem[X,0x0000000080000460] -> 0x3483
mem[X,0x0000000080000462] -> 0x2303
[17] [M]: 0x0000000080000460 (0x23033483) ld x9, 0x230(x6)                          init_Mtvec+12
mem[R,0x0000000080005230] -> 0x0000000080001F14
x9 <- 0x0000000080001F14

clint mtime 0x0000000000000009 (mip.MTI <- 0b1, mip.STI <- 0b0)
mem[X,0x0000000080000464] -> 0x8493
mem[X,0x0000000080000466] -> 0xE2C4
[18] [M]: 0x0000000080000464 (0xE2C48493) addi x9, x9, -0x1d4                       init_Mtvec+16
x9 <- 0x0000000080001D40

mem[X,0x0000000080000468] -> 0xE3B3
mem[X,0x000000008000046A] -> 0x0074
[19] [M]: 0x0000000080000468 (0x0074E3B3) or x7, x9, x7                             init_Mtvec+20
x7 <- 0x0000000080001D40

clint mtime 0x000000000000000A (mip.MTI <- 0b1, mip.STI <- 0b0)
mem[X,0x000000008000046C] -> 0x3023
mem[X,0x000000008000046E] -> 0x2473
[20] [M]: 0x000000008000046C (0x24733023) sd x7, 0x240(x6)                          init_Mtvec+24
mem[W,0x0000000080005240] <- 0x0000000080001D40

mem[X,0x0000000080000470] -> 0x9073
mem[X,0x0000000080000472] -> 0x3053
[21] [M]: 0x0000000080000470 (0x30539073) csrrw x0, mtvec, x7                       init_Mtvec+28
CSR mtvec (0x305) <- 0x0000000080001D40

clint mtime 0x000000000000000B (mip.MTI <- 0b1, mip.STI <- 0b0)
mem[X,0x0000000080000474] -> 0x2573
mem[X,0x0000000080000476] -> 0x3050
[22] [M]: 0x0000000080000474 (0x30502573) csrrs x10, mtvec, x0                      init_Mtvec+32
CSR mtvec (0x305) -> 0x0000000080001D40
x10 <- 0x0000000080001D40

mem[X,0x0000000080000478] -> 0x0663
mem[X,0x000000008000047A] -> 0x0875
[23] [M]: 0x0000000080000478 (0x08750663) beq x10, x7, 0x8c                         init_Mtvec+36

clint mtime 0x000000000000000C (mip.MTI <- 0b1, mip.STI <- 0b0)
mem[X,0x0000000080000504] -> 0x0013
mem[X,0x0000000080000506] -> 0x0000
[24] [M]: 0x0000000080000504 (0x00000013) addi x0, x0, 0x0                          rvtest_Mprolog_done+0

mem[X,0x0000000080000508] -> 0x0013
mem[X,0x000000008000050A] -> 0x0000
[25] [M]: 0x0000000080000508 (0x00000013) addi x0, x0, 0x0                          rvtest_Mprolog_done+4

clint mtime 0x000000000000000D (mip.MTI <- 0b1, mip.STI <- 0b0)
mem[X,0x000000008000050C] -> 0x0013
mem[X,0x000000008000050E] -> 0x0000
[26] [M]: 0x000000008000050C (0x00000013) addi x0, x0, 0x0                          rvtest_Mprolog_done+8

mem[X,0x0000000080000510] -> 0x0013
mem[X,0x0000000080000512] -> 0x0000
[27] [M]: 0x0000000080000510 (0x00000013) addi x0, x0, 0x0                          rvtest_Mprolog_done+12

clint mtime 0x000000000000000E (mip.MTI <- 0b1, mip.STI <- 0b0)
mem[X,0x0000000080000514] -> 0x0013
mem[X,0x0000000080000516] -> 0x0000
[28] [M]: 0x0000000080000514 (0x00000013) addi x0, x0, 0x0                          rvtest_Mprolog_done+16

mem[X,0x0000000080000518] -> 0x0013
mem[X,0x000000008000051A] -> 0x0000
[29] [M]: 0x0000000080000518 (0x00000013) addi x0, x0, 0x0                          rvtest_Mprolog_done+20

clint mtime 0x000000000000000F (mip.MTI <- 0b1, mip.STI <- 0b0)
mem[X,0x000000008000051C] -> 0x0013
mem[X,0x000000008000051E] -> 0x0000
[30] [M]: 0x000000008000051C (0x00000013) addi x0, x0, 0x0                          rvtest_Mprolog_done+24

mem[X,0x0000000080000520] -> 0x5317
mem[X,0x0000000080000522] -> 0x0000
[31] [M]: 0x0000000080000520 (0x00005317) auipc x6, 0x5                             rvtest_Mprolog_done+28
x6 <- 0x0000000080005520

clint mtime 0x0000000000000010 (mip.MTI <- 0b1, mip.STI <- 0b0)
mem[X,0x0000000080000524] -> 0x0313
mem[X,0x0000000080000526] -> 0xD783
[32] [M]: 0x0000000080000524 (0xD7830313) addi x6, x6, -0x288                       rvtest_Mprolog_done+32
x6 <- 0x0000000080005298

mem[X,0x0000000080000528] -> 0x0001
[33] [M]: 0x0000000080000528 (0x0001) c.nop                                         rvtest_Mprolog_done+36

clint mtime 0x0000000000000011 (mip.MTI <- 0b1, mip.STI <- 0b0)
mem[X,0x000000008000052A] -> 0x0013
mem[X,0x000000008000052C] -> 0x0000
[34] [M]: 0x000000008000052A (0x00000013) addi x0, x0, 0x0                          rvtest_Mprolog_done+38

mem[X,0x000000008000052E] -> 0x0013
mem[X,0x0000000080000530] -> 0x0000
[35] [M]: 0x000000008000052E (0x00000013) addi x0, x0, 0x0                          rvtest_Mprolog_done+42

clint mtime 0x0000000000000012 (mip.MTI <- 0b1, mip.STI <- 0b0)
mem[X,0x0000000080000532] -> 0x0013
mem[X,0x0000000080000534] -> 0x0000
[36] [M]: 0x0000000080000532 (0x00000013) addi x0, x0, 0x0                          rvtest_Mprolog_done+46

mem[X,0x0000000080000536] -> 0x0013
mem[X,0x0000000080000538] -> 0x0000
[37] [M]: 0x0000000080000536 (0x00000013) addi x0, x0, 0x0                          rvtest_Mprolog_done+50

clint mtime 0x0000000000000013 (mip.MTI <- 0b1, mip.STI <- 0b0)
mem[X,0x000000008000053A] -> 0x0013
mem[X,0x000000008000053C] -> 0x0000
[38] [M]: 0x000000008000053A (0x00000013) addi x0, x0, 0x0                          rvtest_Mprolog_done+54

mem[X,0x000000008000053E] -> 0x0001
[39] [M]: 0x000000008000053E (0x0001) c.nop                                         rvtest_Mprolog_done+58

clint mtime 0x0000000000000014 (mip.MTI <- 0b1, mip.STI <- 0b0)
mem[X,0x0000000080000540] -> 0x1473
mem[X,0x0000000080000542] -> 0x1403
[40] [M]: 0x0000000080000540 (0x14031473) csrrw x8, sscratch, x6                    init_Sscratch+0
CSR sscratch (0x140) <- 0x0000000080005298
x8 <- 0x0000000000000000

mem[X,0x0000000080000544] -> 0x3823
mem[X,0x0000000080000546] -> 0x2483
[41] [M]: 0x0000000080000544 (0x24833823) sd x8, 0x250(x6)                          init_Sscratch+4
mem[W,0x00000000800054E8] <- 0x0000000000000000

clint mtime 0x0000000000000015 (mip.MTI <- 0b1, mip.STI <- 0b0)
mem[X,0x0000000080000548] -> 0x0393
mem[X,0x000000008000054A] -> 0x0000
[42] [M]: 0x0000000080000548 (0x00000393) addi x7, x0, 0x0                          init_Sedeleg+0
x7 <- 0x0000000000000000

mem[X,0x000000008000054C] -> 0x3C23
mem[X,0x000000008000054E] -> 0x2273
[43] [M]: 0x000000008000054C (0x22733C23) sd x7, 0x238(x6)                          init_Sedeleg+4
mem[W,0x00000000800054D0] <- 0x0000000000000000

clint mtime 0x0000000000000016 (mip.MTI <- 0b1, mip.STI <- 0b0)
mem[X,0x0000000080000550] -> 0x0013
mem[X,0x0000000080000552] -> 0x0000
[44] [M]: 0x0000000080000550 (0x00000013) addi x0, x0, 0x0                          init_Ssatp+0

mem[X,0x0000000080000554] -> 0x0013
mem[X,0x0000000080000556] -> 0x0000
[45] [M]: 0x0000000080000554 (0x00000013) addi x0, x0, 0x0                          init_Ssatp+4

clint mtime 0x0000000000000017 (mip.MTI <- 0b1, mip.STI <- 0b0)
mem[X,0x0000000080000558] -> 0x0013
mem[X,0x000000008000055A] -> 0x0000
[46] [M]: 0x0000000080000558 (0x00000013) addi x0, x0, 0x0                          init_Ssatp+8

mem[X,0x000000008000055C] -> 0x0013
mem[X,0x000000008000055E] -> 0x0000
[47] [M]: 0x000000008000055C (0x00000013) addi x0, x0, 0x0                          init_Ssatp+12

clint mtime 0x0000000000000018 (mip.MTI <- 0b1, mip.STI <- 0b0)
mem[X,0x0000000080000560] -> 0x9497
mem[X,0x0000000080000562] -> 0x0000
[48] [M]: 0x0000000080000560 (0x00009497) auipc x9, 0x9                             init_Ssatp+16
x9 <- 0x0000000080009560

mem[X,0x0000000080000564] -> 0x8493
mem[X,0x0000000080000566] -> 0xAA04
[49] [M]: 0x0000000080000564 (0xAA048493) addi x9, x9, -0x560                       init_Ssatp+20
x9 <- 0x0000000080009000

clint mtime 0x0000000000000019 (mip.MTI <- 0b1, mip.STI <- 0b0)
mem[X,0x0000000080000568] -> 0x0001
[50] [M]: 0x0000000080000568 (0x0001) c.nop                                         init_Ssatp+24

mem[X,0x000000008000056A] -> 0x0013
mem[X,0x000000008000056C] -> 0x0000
[51] [M]: 0x000000008000056A (0x00000013) addi x0, x0, 0x0                          init_Ssatp+26

clint mtime 0x000000000000001A (mip.MTI <- 0b1, mip.STI <- 0b0)
mem[X,0x000000008000056E] -> 0x0013
mem[X,0x0000000080000570] -> 0x0000
[52] [M]: 0x000000008000056E (0x00000013) addi x0, x0, 0x0                          init_Ssatp+30

mem[X,0x0000000080000572] -> 0x0013
mem[X,0x0000000080000574] -> 0x0000
[53] [M]: 0x0000000080000572 (0x00000013) addi x0, x0, 0x0                          init_Ssatp+34

clint mtime 0x000000000000001B (mip.MTI <- 0b1, mip.STI <- 0b0)
mem[X,0x0000000080000576] -> 0x0013
mem[X,0x0000000080000578] -> 0x0000
[54] [M]: 0x0000000080000576 (0x00000013) addi x0, x0, 0x0                          init_Ssatp+38

mem[X,0x000000008000057A] -> 0x0013
mem[X,0x000000008000057C] -> 0x0000
[55] [M]: 0x000000008000057A (0x00000013) addi x0, x0, 0x0                          init_Ssatp+42

clint mtime 0x000000000000001C (mip.MTI <- 0b1, mip.STI <- 0b0)
mem[X,0x000000008000057E] -> 0x0001
[56] [M]: 0x000000008000057E (0x0001) c.nop                                         init_Ssatp+46

mem[X,0x0000000080000580] -> 0xD493
mem[X,0x0000000080000582] -> 0x00C4
[57] [M]: 0x0000000080000580 (0x00C4D493) srli x9, x9, 0xc                          init_Ssatp+48
x9 <- 0x0000000000080009

clint mtime 0x000000000000001D (mip.MTI <- 0b1, mip.STI <- 0b0)
mem[X,0x0000000080000584] -> 0x0413
mem[X,0x0000000080000586] -> 0xFFF0
[58] [M]: 0x0000000080000584 (0xFFF00413) addi x8, x0, -0x1                         init_Ssatp+52
x8 <- 0xFFFFFFFFFFFFFFFF

mem[X,0x0000000080000588] -> 0x1413
mem[X,0x000000008000058A] -> 0x03F4
[59] [M]: 0x0000000080000588 (0x03F41413) slli x8, x8, 0x3f                         init_Ssatp+56
x8 <- 0x8000000000000000

clint mtime 0x000000000000001E (mip.MTI <- 0b1, mip.STI <- 0b0)
mem[X,0x000000008000058C] -> 0xE4B3
mem[X,0x000000008000058E] -> 0x0084
[60] [M]: 0x000000008000058C (0x0084E4B3) or x9, x9, x8                             init_Ssatp+60
x9 <- 0x8000000000080009

mem[X,0x0000000080000590] -> 0x94F3
mem[X,0x0000000080000592] -> 0x1804
[61] [M]: 0x0000000080000590 (0x180494F3) csrrw x9, satp, x9                        init_Ssatp+64
CSR satp (0x180) <- 0x8000000000080009
x9 <- 0x0000000000000000

clint mtime 0x000000000000001F (mip.MTI <- 0b1, mip.STI <- 0b0)
mem[X,0x0000000080000594] -> 0x3023
mem[X,0x0000000080000596] -> 0x2293
[62] [M]: 0x0000000080000594 (0x22933023) sd x9, 0x220(x6)                          init_Ssatp+68
mem[W,0x00000000800054B8] <- 0x0000000000000000

mem[X,0x0000000080000598] -> 0x2473
mem[X,0x000000008000059A] -> 0x1050
[63] [M]: 0x0000000080000598 (0x10502473) csrrs x8, stvec, x0                       init_Stvec+0
CSR stvec (0x105) -> 0x0000000000000000
x8 <- 0x0000000000000000

clint mtime 0x0000000000000020 (mip.MTI <- 0b1, mip.STI <- 0b0)
mem[X,0x000000008000059C] -> 0x3423
mem[X,0x000000008000059E] -> 0x2483
[64] [M]: 0x000000008000059C (0x24833423) sd x8, 0x248(x6)                          init_Stvec+4
mem[W,0x00000000800054E0] <- 0x0000000000000000

mem[X,0x00000000800005A0] -> 0x7393
mem[X,0x00000000800005A2] -> 0x0034
[65] [M]: 0x00000000800005A0 (0x00347393) andi x7, x8, 0x3                          init_Stvec+8
x7 <- 0x0000000000000000

clint mtime 0x0000000000000021 (mip.MTI <- 0b1, mip.STI <- 0b0)
mem[X,0x00000000800005A4] -> 0x3483
mem[X,0x00000000800005A6] -> 0x2303
[66] [M]: 0x00000000800005A4 (0x23033483) ld x9, 0x230(x6)                          init_Stvec+12
mem[R,0x00000000800054C8] -> 0x0000000080002894
x9 <- 0x0000000080002894

mem[X,0x00000000800005A8] -> 0x8493
mem[X,0x00000000800005AA] -> 0xE2C4
[67] [M]: 0x00000000800005A8 (0xE2C48493) addi x9, x9, -0x1d4                       init_Stvec+16
x9 <- 0x00000000800026C0

clint mtime 0x0000000000000022 (mip.MTI <- 0b1, mip.STI <- 0b0)
mem[X,0x00000000800005AC] -> 0xE3B3
mem[X,0x00000000800005AE] -> 0x0074
[68] [M]: 0x00000000800005AC (0x0074E3B3) or x7, x9, x7                             init_Stvec+20
x7 <- 0x00000000800026C0

mem[X,0x00000000800005B0] -> 0x3023
mem[X,0x00000000800005B2] -> 0x2473
[69] [M]: 0x00000000800005B0 (0x24733023) sd x7, 0x240(x6)                          init_Stvec+24
mem[W,0x00000000800054D8] <- 0x00000000800026C0

clint mtime 0x0000000000000023 (mip.MTI <- 0b1, mip.STI <- 0b0)
mem[X,0x00000000800005B4] -> 0x9073
mem[X,0x00000000800005B6] -> 0x1053
[70] [M]: 0x00000000800005B4 (0x10539073) csrrw x0, stvec, x7                       init_Stvec+28
CSR stvec (0x105) <- 0x00000000800026C0

mem[X,0x00000000800005B8] -> 0x2573
mem[X,0x00000000800005BA] -> 0x1050
[71] [M]: 0x00000000800005B8 (0x10502573) csrrs x10, stvec, x0                      init_Stvec+32
CSR stvec (0x105) -> 0x00000000800026C0
x10 <- 0x00000000800026C0

clint mtime 0x0000000000000024 (mip.MTI <- 0b1, mip.STI <- 0b0)
mem[X,0x00000000800005BC] -> 0x0463
mem[X,0x00000000800005BE] -> 0x0875
[72] [M]: 0x00000000800005BC (0x08750463) beq x10, x7, 0x88                         init_Stvec+36

mem[X,0x0000000080000644] -> 0x0093
mem[X,0x0000000080000646] -> 0x0000
[73] [M]: 0x0000000080000644 (0x00000093) addi x1, x0, 0x0                          rvtest_entrypoint+0
x1 <- 0x0000000000000000

clint mtime 0x0000000000000025 (mip.MTI <- 0b1, mip.STI <- 0b0)
mem[X,0x0000000080000648] -> 0x9073
mem[X,0x000000008000064A] -> 0x3000
[74] [M]: 0x0000000080000648 (0x30009073) csrrw x0, mstatus, x1                     rvtest_entrypoint+4
CSR mstatus (0x300) <- 0x0000000A00000000

mem[X,0x000000008000064C] -> 0x9073
mem[X,0x000000008000064E] -> 0x3410
[75] [M]: 0x000000008000064C (0x34109073) csrrw x0, mepc, x1                        rvtest_entrypoint+8
CSR mepc (0x341) <- 0x0000000000000000

clint mtime 0x0000000000000026 (mip.MTI <- 0b1, mip.STI <- 0b0)
mem[X,0x0000000080000650] -> 0x9073
mem[X,0x0000000080000652] -> 0x3440
[76] [M]: 0x0000000080000650 (0x34409073) csrrw x0, mip, x1                         rvtest_entrypoint+12
CSR mip (0x344) <- 0x0000000000000080

mem[X,0x0000000080000654] -> 0x9073
mem[X,0x0000000080000656] -> 0x3430
[77] [M]: 0x0000000080000654 (0x34309073) csrrw x0, mtval, x1                       rvtest_entrypoint+16
CSR mtval (0x343) <- 0x0000000000000000

clint mtime 0x0000000000000027 (mip.MTI <- 0b1, mip.STI <- 0b0)
mem[X,0x0000000080000658] -> 0x9073
mem[X,0x000000008000065A] -> 0x3420
[78] [M]: 0x0000000080000658 (0x34209073) csrrw x0, mcause, x1                      rvtest_entrypoint+20
CSR mcause (0x342) <- 0x0000000000000000

mem[X,0x000000008000065C] -> 0x0837
mem[X,0x000000008000065E] -> 0x7D5C
[79] [M]: 0x000000008000065C (0x7D5C0837) lui x16, 0x7d5c0                          rvtest_entrypoint+24
x16 <- 0x000000007D5C0000

clint mtime 0x0000000000000028 (mip.MTI <- 0b1, mip.STI <- 0b0)
mem[X,0x0000000080000660] -> 0x0813
mem[X,0x0000000080000662] -> 0xDDB8
[80] [M]: 0x0000000080000660 (0xDDB80813) addi x16, x16, -0x225                     rvtest_entrypoint+28
x16 <- 0x000000007D5BFDDB

mem[X,0x0000000080000664] -> 0x1813
mem[X,0x0000000080000666] -> 0x00B8
[81] [M]: 0x0000000080000664 (0x00B81813) slli x16, x16, 0xb                        rvtest_entrypoint+32
x16 <- 0x000003EADFEED800

clint mtime 0x0000000000000029 (mip.MTI <- 0b1, mip.STI <- 0b0)
mem[X,0x0000000080000668] -> 0x0813
mem[X,0x000000008000066A] -> 0x3EA8
[82] [M]: 0x0000000080000668 (0x3EA80813) addi x16, x16, 0x3ea                      rvtest_entrypoint+36
x16 <- 0x000003EADFEEDBEA

mem[X,0x000000008000066C] -> 0x1813
mem[X,0x000000008000066E] -> 0x00B8
[83] [M]: 0x000000008000066C (0x00B81813) slli x16, x16, 0xb                        rvtest_entrypoint+40
x16 <- 0x001F56FF76DF5000

clint mtime 0x000000000000002A (mip.MTI <- 0b1, mip.STI <- 0b0)
mem[X,0x0000000080000670] -> 0x0813
mem[X,0x0000000080000672] -> 0x6FF8
[84] [M]: 0x0000000080000670 (0x6FF80813) addi x16, x16, 0x6ff                      rvtest_entrypoint+44
x16 <- 0x001F56FF76DF56FF

mem[X,0x0000000080000674] -> 0x1813
mem[X,0x0000000080000676] -> 0x00A8
[85] [M]: 0x0000000080000674 (0x00A81813) slli x16, x16, 0xa                        rvtest_entrypoint+48
x16 <- 0x7D5BFDDB7D5BFC00

clint mtime 0x000000000000002B (mip.MTI <- 0b1, mip.STI <- 0b0)
mem[X,0x0000000080000678] -> 0x0813
mem[X,0x000000008000067A] -> 0x1DB8
[86] [M]: 0x0000000080000678 (0x1DB80813) addi x16, x16, 0x1db                      rvtest_entrypoint+52
x16 <- 0x7D5BFDDB7D5BFDDB

mem[X,0x000000008000067C] -> 0x5893
mem[X,0x000000008000067E] -> 0x0078
[87] [M]: 0x000000008000067C (0x00785893) srli x17, x16, 0x7                        rvtest_entrypoint+56
x17 <- 0x00FAB7FBB6FAB7FB

clint mtime 0x000000000000002C (mip.MTI <- 0b1, mip.STI <- 0b0)
mem[X,0x0000000080000680] -> 0x5793
mem[X,0x0000000080000682] -> 0x0398
[88] [M]: 0x0000000080000680 (0x03985793) srli x15, x16, 0x39                       rvtest_entrypoint+60
x15 <- 0x000000000000003E

mem[X,0x0000000080000684] -> 0xE8B3
mem[X,0x0000000080000686] -> 0x00F8
[89] [M]: 0x0000000080000684 (0x00F8E8B3) or x17, x17, x15                          rvtest_entrypoint+64
x17 <- 0x00FAB7FBB6FAB7FF

clint mtime 0x000000000000002D (mip.MTI <- 0b1, mip.STI <- 0b0)
mem[X,0x0000000080000688] -> 0xD913
mem[X,0x000000008000068A] -> 0x0078
[90] [M]: 0x0000000080000688 (0x0078D913) srli x18, x17, 0x7                        rvtest_entrypoint+68
x18 <- 0x0001F56FF76DF56F

mem[X,0x000000008000068C] -> 0xD793
mem[X,0x000000008000068E] -> 0x0398
[91] [M]: 0x000000008000068C (0x0398D793) srli x15, x17, 0x39                       rvtest_entrypoint+72
x15 <- 0x0000000000000000

clint mtime 0x000000000000002E (mip.MTI <- 0b1, mip.STI <- 0b0)
mem[X,0x0000000080000690] -> 0x6933
mem[X,0x0000000080000692] -> 0x00F9
[92] [M]: 0x0000000080000690 (0x00F96933) or x18, x18, x15                          rvtest_entrypoint+76
x18 <- 0x0001F56FF76DF56F

mem[X,0x0000000080000694] -> 0x5993
mem[X,0x0000000080000696] -> 0x0079
[93] [M]: 0x0000000080000694 (0x00795993) srli x19, x18, 0x7                        rvtest_entrypoint+80
x19 <- 0x000003EADFEEDBEA

clint mtime 0x000000000000002F (mip.MTI <- 0b1, mip.STI <- 0b0)
mem[X,0x0000000080000698] -> 0x5793
mem[X,0x000000008000069A] -> 0x0399
[94] [M]: 0x0000000080000698 (0x03995793) srli x15, x18, 0x39                       rvtest_entrypoint+84
x15 <- 0x0000000000000000

mem[X,0x000000008000069C] -> 0xE9B3
mem[X,0x000000008000069E] -> 0x00F9
[95] [M]: 0x000000008000069C (0x00F9E9B3) or x19, x19, x15                          rvtest_entrypoint+88
x19 <- 0x000003EADFEEDBEA

clint mtime 0x0000000000000030 (mip.MTI <- 0b1, mip.STI <- 0b0)
mem[X,0x00000000800006A0] -> 0xDA13
mem[X,0x00000000800006A2] -> 0x0079
[96] [M]: 0x00000000800006A0 (0x0079DA13) srli x20, x19, 0x7                        rvtest_entrypoint+92
x20 <- 0x00000007D5BFDDB7

mem[X,0x00000000800006A4] -> 0xD793
mem[X,0x00000000800006A6] -> 0x0399
[97] [M]: 0x00000000800006A4 (0x0399D793) srli x15, x19, 0x39                       rvtest_entrypoint+96
x15 <- 0x0000000000000000

clint mtime 0x0000000000000031 (mip.MTI <- 0b1, mip.STI <- 0b0)
mem[X,0x00000000800006A8] -> 0x6A33
mem[X,0x00000000800006AA] -> 0x00FA
[98] [M]: 0x00000000800006A8 (0x00FA6A33) or x20, x20, x15                          rvtest_entrypoint+100
x20 <- 0x00000007D5BFDDB7

mem[X,0x00000000800006AC] -> 0x5A93
mem[X,0x00000000800006AE] -> 0x007A
[99] [M]: 0x00000000800006AC (0x007A5A93) srli x21, x20, 0x7                        rvtest_entrypoint+104
x21 <- 0x000000000FAB7FBB

clint mtime 0x0000000000000032 (mip.MTI <- 0b1, mip.STI <- 0b0)
mem[X,0x00000000800006B0] -> 0x5793
mem[X,0x00000000800006B2] -> 0x039A
[100] [M]: 0x00000000800006B0 (0x039A5793) srli x15, x20, 0x39                      rvtest_entrypoint+108
x15 <- 0x0000000000000000

mem[X,0x00000000800006B4] -> 0xEAB3
mem[X,0x00000000800006B6] -> 0x00FA
[101] [M]: 0x00000000800006B4 (0x00FAEAB3) or x21, x21, x15                         rvtest_entrypoint+112
x21 <- 0x000000000FAB7FBB

clint mtime 0x0000000000000033 (mip.MTI <- 0b1, mip.STI <- 0b0)
mem[X,0x00000000800006B8] -> 0xDB13
mem[X,0x00000000800006BA] -> 0x007A
[102] [M]: 0x00000000800006B8 (0x007ADB13) srli x22, x21, 0x7                       rvtest_entrypoint+116
x22 <- 0x00000000001F56FF

mem[X,0x00000000800006BC] -> 0xD793
mem[X,0x00000000800006BE] -> 0x039A
[103] [M]: 0x00000000800006BC (0x039AD793) srli x15, x21, 0x39                      rvtest_entrypoint+120
x15 <- 0x0000000000000000

clint mtime 0x0000000000000034 (mip.MTI <- 0b1, mip.STI <- 0b0)
mem[X,0x00000000800006C0] -> 0x6B33
mem[X,0x00000000800006C2] -> 0x00FB
[104] [M]: 0x00000000800006C0 (0x00FB6B33) or x22, x22, x15                         rvtest_entrypoint+124
x22 <- 0x00000000001F56FF

mem[X,0x00000000800006C4] -> 0x5B93
mem[X,0x00000000800006C6] -> 0x007B
[105] [M]: 0x00000000800006C4 (0x007B5B93) srli x23, x22, 0x7                       rvtest_entrypoint+128
x23 <- 0x0000000000003EAD

clint mtime 0x0000000000000035 (mip.MTI <- 0b1, mip.STI <- 0b0)
mem[X,0x00000000800006C8] -> 0x5793
mem[X,0x00000000800006CA] -> 0x039B
[106] [M]: 0x00000000800006C8 (0x039B5793) srli x15, x22, 0x39                      rvtest_entrypoint+132
x15 <- 0x0000000000000000

mem[X,0x00000000800006CC] -> 0xEBB3
mem[X,0x00000000800006CE] -> 0x00FB
[107] [M]: 0x00000000800006CC (0x00FBEBB3) or x23, x23, x15                         rvtest_entrypoint+136
x23 <- 0x0000000000003EAD

clint mtime 0x0000000000000036 (mip.MTI <- 0b1, mip.STI <- 0b0)
mem[X,0x00000000800006D0] -> 0xDC13
mem[X,0x00000000800006D2] -> 0x007B
[108] [M]: 0x00000000800006D0 (0x007BDC13) srli x24, x23, 0x7                       rvtest_entrypoint+140
x24 <- 0x000000000000007D

mem[X,0x00000000800006D4] -> 0xD793
mem[X,0x00000000800006D6] -> 0x039B
[109] [M]: 0x00000000800006D4 (0x039BD793) srli x15, x23, 0x39                      rvtest_entrypoint+144
x15 <- 0x0000000000000000

clint mtime 0x0000000000000037 (mip.MTI <- 0b1, mip.STI <- 0b0)
mem[X,0x00000000800006D8] -> 0x6C33
mem[X,0x00000000800006DA] -> 0x00FC
[110] [M]: 0x00000000800006D8 (0x00FC6C33) or x24, x24, x15                         rvtest_entrypoint+148
x24 <- 0x000000000000007D

mem[X,0x00000000800006DC] -> 0x5C93
mem[X,0x00000000800006DE] -> 0x007C
[111] [M]: 0x00000000800006DC (0x007C5C93) srli x25, x24, 0x7                       rvtest_entrypoint+152
x25 <- 0x0000000000000000

clint mtime 0x0000000000000038 (mip.MTI <- 0b1, mip.STI <- 0b0)
mem[X,0x00000000800006E0] -> 0x5793
mem[X,0x00000000800006E2] -> 0x039C
[112] [M]: 0x00000000800006E0 (0x039C5793) srli x15, x24, 0x39                      rvtest_entrypoint+156
x15 <- 0x0000000000000000

mem[X,0x00000000800006E4] -> 0xECB3
mem[X,0x00000000800006E6] -> 0x00FC
[113] [M]: 0x00000000800006E4 (0x00FCECB3) or x25, x25, x15                         rvtest_entrypoint+160
x25 <- 0x0000000000000000

clint mtime 0x0000000000000039 (mip.MTI <- 0b1, mip.STI <- 0b0)
mem[X,0x00000000800006E8] -> 0xDD13
mem[X,0x00000000800006EA] -> 0x007C
[114] [M]: 0x00000000800006E8 (0x007CDD13) srli x26, x25, 0x7                       rvtest_entrypoint+164
x26 <- 0x0000000000000000

mem[X,0x00000000800006EC] -> 0xD793
mem[X,0x00000000800006EE] -> 0x039C
[115] [M]: 0x00000000800006EC (0x039CD793) srli x15, x25, 0x39                      rvtest_entrypoint+168
x15 <- 0x0000000000000000

clint mtime 0x000000000000003A (mip.MTI <- 0b1, mip.STI <- 0b0)
mem[X,0x00000000800006F0] -> 0x6D33
mem[X,0x00000000800006F2] -> 0x00FD
[116] [M]: 0x00000000800006F0 (0x00FD6D33) or x26, x26, x15                         rvtest_entrypoint+172
x26 <- 0x0000000000000000

mem[X,0x00000000800006F4] -> 0x5D93
mem[X,0x00000000800006F6] -> 0x007D
[117] [M]: 0x00000000800006F4 (0x007D5D93) srli x27, x26, 0x7                       rvtest_entrypoint+176
x27 <- 0x0000000000000000

clint mtime 0x000000000000003B (mip.MTI <- 0b1, mip.STI <- 0b0)
mem[X,0x00000000800006F8] -> 0x5793
mem[X,0x00000000800006FA] -> 0x039D
[118] [M]: 0x00000000800006F8 (0x039D5793) srli x15, x26, 0x39                      rvtest_entrypoint+180
x15 <- 0x0000000000000000

mem[X,0x00000000800006FC] -> 0xEDB3
mem[X,0x00000000800006FE] -> 0x00FD
[119] [M]: 0x00000000800006FC (0x00FDEDB3) or x27, x27, x15                         rvtest_entrypoint+184
x27 <- 0x0000000000000000

clint mtime 0x000000000000003C (mip.MTI <- 0b1, mip.STI <- 0b0)
mem[X,0x0000000080000700] -> 0xDE13
mem[X,0x0000000080000702] -> 0x007D
[120] [M]: 0x0000000080000700 (0x007DDE13) srli x28, x27, 0x7                       rvtest_entrypoint+188
x28 <- 0x0000000000000000

mem[X,0x0000000080000704] -> 0xD793
mem[X,0x0000000080000706] -> 0x039D
[121] [M]: 0x0000000080000704 (0x039DD793) srli x15, x27, 0x39                      rvtest_entrypoint+192
x15 <- 0x0000000000000000

clint mtime 0x000000000000003D (mip.MTI <- 0b1, mip.STI <- 0b0)
mem[X,0x0000000080000708] -> 0x6E33
mem[X,0x000000008000070A] -> 0x00FE
[122] [M]: 0x0000000080000708 (0x00FE6E33) or x28, x28, x15                         rvtest_entrypoint+196
x28 <- 0x0000000000000000

mem[X,0x000000008000070C] -> 0x5E93
mem[X,0x000000008000070E] -> 0x007E
[123] [M]: 0x000000008000070C (0x007E5E93) srli x29, x28, 0x7                       rvtest_entrypoint+200
x29 <- 0x0000000000000000

clint mtime 0x000000000000003E (mip.MTI <- 0b1, mip.STI <- 0b0)
mem[X,0x0000000080000710] -> 0x5793
mem[X,0x0000000080000712] -> 0x039E
[124] [M]: 0x0000000080000710 (0x039E5793) srli x15, x28, 0x39                      rvtest_entrypoint+204
x15 <- 0x0000000000000000

mem[X,0x0000000080000714] -> 0xEEB3
mem[X,0x0000000080000716] -> 0x00FE
[125] [M]: 0x0000000080000714 (0x00FEEEB3) or x29, x29, x15                         rvtest_entrypoint+208
x29 <- 0x0000000000000000

clint mtime 0x000000000000003F (mip.MTI <- 0b1, mip.STI <- 0b0)
mem[X,0x0000000080000718] -> 0xDF13
mem[X,0x000000008000071A] -> 0x007E
[126] [M]: 0x0000000080000718 (0x007EDF13) srli x30, x29, 0x7                       rvtest_entrypoint+212
x30 <- 0x0000000000000000

mem[X,0x000000008000071C] -> 0xD793
mem[X,0x000000008000071E] -> 0x039E
[127] [M]: 0x000000008000071C (0x039ED793) srli x15, x29, 0x39                      rvtest_entrypoint+216
x15 <- 0x0000000000000000

clint mtime 0x0000000000000040 (mip.MTI <- 0b1, mip.STI <- 0b0)
mem[X,0x0000000080000720] -> 0x6F33
mem[X,0x0000000080000722] -> 0x00FF
[128] [M]: 0x0000000080000720 (0x00FF6F33) or x30, x30, x15                         rvtest_entrypoint+220
x30 <- 0x0000000000000000

mem[X,0x0000000080000724] -> 0xC0B7
mem[X,0x0000000080000726] -> 0xFEED
[129] [M]: 0x0000000080000724 (0xFEEDC0B7) lui x1, -0x1124                          rvtest_entrypoint+224
x1 <- 0xFFFFFFFFFEEDC000

clint mtime 0x0000000000000041 (mip.MTI <- 0b1, mip.STI <- 0b0)
mem[X,0x0000000080000728] -> 0x8093
mem[X,0x000000008000072A] -> 0xEAD0
[130] [M]: 0x0000000080000728 (0xEAD08093) addi x1, x1, -0x153                      rvtest_entrypoint+228
x1 <- 0xFFFFFFFFFEEDBEAD

mem[X,0x000000008000072C] -> 0x9093
mem[X,0x000000008000072E] -> 0x00B0
[131] [M]: 0x000000008000072C (0x00B09093) slli x1, x1, 0xb                         rvtest_entrypoint+232
x1 <- 0xFFFFFFF76DF56800

clint mtime 0x0000000000000042 (mip.MTI <- 0b1, mip.STI <- 0b0)
mem[X,0x0000000080000730] -> 0x8093
mem[X,0x0000000080000732] -> 0x7F70
[132] [M]: 0x0000000080000730 (0x7F708093) addi x1, x1, 0x7f7                       rvtest_entrypoint+236
x1 <- 0xFFFFFFF76DF56FF7

mem[X,0x0000000080000734] -> 0x9093
mem[X,0x0000000080000736] -> 0x00B0
[133] [M]: 0x0000000080000734 (0x00B09093) slli x1, x1, 0xb                         rvtest_entrypoint+240
x1 <- 0xFFFFBB6FAB7FB800

clint mtime 0x0000000000000043 (mip.MTI <- 0b1, mip.STI <- 0b0)
mem[X,0x0000000080000738] -> 0x8093
mem[X,0x000000008000073A] -> 0x36F0
[134] [M]: 0x0000000080000738 (0x36F08093) addi x1, x1, 0x36f                       rvtest_entrypoint+244
x1 <- 0xFFFFBB6FAB7FBB6F

mem[X,0x000000008000073C] -> 0x9093
mem[X,0x000000008000073E] -> 0x00A0
[135] [M]: 0x000000008000073C (0x00A09093) slli x1, x1, 0xa                         rvtest_entrypoint+248
x1 <- 0xFEEDBEADFEEDBC00

clint mtime 0x0000000000000044 (mip.MTI <- 0b1, mip.STI <- 0b0)
mem[X,0x0000000080000740] -> 0x8093
mem[X,0x0000000080000742] -> 0x2AD0
[136] [M]: 0x0000000080000740 (0x2AD08093) addi x1, x1, 0x2ad                       rvtest_entrypoint+252
x1 <- 0xFEEDBEADFEEDBEAD

mem[X,0x0000000080000744] -> 0xD113
mem[X,0x0000000080000746] -> 0x0070
[137] [M]: 0x0000000080000744 (0x0070D113) srli x2, x1, 0x7                         rvtest_entrypoint+256
x2 <- 0x01FDDB7D5BFDDB7D

clint mtime 0x0000000000000045 (mip.MTI <- 0b1, mip.STI <- 0b0)
mem[X,0x0000000080000748] -> 0xD793
mem[X,0x000000008000074A] -> 0x0390
[138] [M]: 0x0000000080000748 (0x0390D793) srli x15, x1, 0x39                       rvtest_entrypoint+260
x15 <- 0x000000000000007F

mem[X,0x000000008000074C] -> 0x6133
mem[X,0x000000008000074E] -> 0x00F1
[139] [M]: 0x000000008000074C (0x00F16133) or x2, x2, x15                           rvtest_entrypoint+264
x2 <- 0x01FDDB7D5BFDDB7F

clint mtime 0x0000000000000046 (mip.MTI <- 0b1, mip.STI <- 0b0)
mem[X,0x0000000080000750] -> 0x5193
mem[X,0x0000000080000752] -> 0x0071
[140] [M]: 0x0000000080000750 (0x00715193) srli x3, x2, 0x7                         rvtest_entrypoint+268
x3 <- 0x0003FBB6FAB7FBB6

mem[X,0x0000000080000754] -> 0x5793
mem[X,0x0000000080000756] -> 0x0391
[141] [M]: 0x0000000080000754 (0x03915793) srli x15, x2, 0x39                       rvtest_entrypoint+272
x15 <- 0x0000000000000000

clint mtime 0x0000000000000047 (mip.MTI <- 0b1, mip.STI <- 0b0)
mem[X,0x0000000080000758] -> 0xE1B3
mem[X,0x000000008000075A] -> 0x00F1
[142] [M]: 0x0000000080000758 (0x00F1E1B3) or x3, x3, x15                           rvtest_entrypoint+276
x3 <- 0x0003FBB6FAB7FBB6

mem[X,0x000000008000075C] -> 0xD213
mem[X,0x000000008000075E] -> 0x0071
[143] [M]: 0x000000008000075C (0x0071D213) srli x4, x3, 0x7                         rvtest_entrypoint+280
x4 <- 0x000007F76DF56FF7

clint mtime 0x0000000000000048 (mip.MTI <- 0b1, mip.STI <- 0b0)
mem[X,0x0000000080000760] -> 0xD793
mem[X,0x0000000080000762] -> 0x0391
[144] [M]: 0x0000000080000760 (0x0391D793) srli x15, x3, 0x39                       rvtest_entrypoint+284
x15 <- 0x0000000000000000

mem[X,0x0000000080000764] -> 0x6233
mem[X,0x0000000080000766] -> 0x00F2
[145] [M]: 0x0000000080000764 (0x00F26233) or x4, x4, x15                           rvtest_entrypoint+288
x4 <- 0x000007F76DF56FF7

clint mtime 0x0000000000000049 (mip.MTI <- 0b1, mip.STI <- 0b0)
mem[X,0x0000000080000768] -> 0x5293
mem[X,0x000000008000076A] -> 0x0072
[146] [M]: 0x0000000080000768 (0x00725293) srli x5, x4, 0x7                         rvtest_entrypoint+292
x5 <- 0x0000000FEEDBEADF

mem[X,0x000000008000076C] -> 0x5793
mem[X,0x000000008000076E] -> 0x0392
[147] [M]: 0x000000008000076C (0x03925793) srli x15, x4, 0x39                       rvtest_entrypoint+296
x15 <- 0x0000000000000000

clint mtime 0x000000000000004A (mip.MTI <- 0b1, mip.STI <- 0b0)
mem[X,0x0000000080000770] -> 0xE2B3
mem[X,0x0000000080000772] -> 0x00F2
[148] [M]: 0x0000000080000770 (0x00F2E2B3) or x5, x5, x15                           rvtest_entrypoint+300
x5 <- 0x0000000FEEDBEADF

mem[X,0x0000000080000774] -> 0xD313
mem[X,0x0000000080000776] -> 0x0072
[149] [M]: 0x0000000080000774 (0x0072D313) srli x6, x5, 0x7                         rvtest_entrypoint+304
x6 <- 0x000000001FDDB7D5

clint mtime 0x000000000000004B (mip.MTI <- 0b1, mip.STI <- 0b0)
mem[X,0x0000000080000778] -> 0xD793
mem[X,0x000000008000077A] -> 0x0392
[150] [M]: 0x0000000080000778 (0x0392D793) srli x15, x5, 0x39                       rvtest_entrypoint+308
x15 <- 0x0000000000000000

mem[X,0x000000008000077C] -> 0x6333
mem[X,0x000000008000077E] -> 0x00F3
[151] [M]: 0x000000008000077C (0x00F36333) or x6, x6, x15                           rvtest_entrypoint+312
x6 <- 0x000000001FDDB7D5

clint mtime 0x000000000000004C (mip.MTI <- 0b1, mip.STI <- 0b0)
mem[X,0x0000000080000780] -> 0x5393
mem[X,0x0000000080000782] -> 0x0073
[152] [M]: 0x0000000080000780 (0x00735393) srli x7, x6, 0x7                         rvtest_entrypoint+316
x7 <- 0x00000000003FBB6F

mem[X,0x0000000080000784] -> 0x5793
mem[X,0x0000000080000786] -> 0x0393
[153] [M]: 0x0000000080000784 (0x03935793) srli x15, x6, 0x39                       rvtest_entrypoint+320
x15 <- 0x0000000000000000

clint mtime 0x000000000000004D (mip.MTI <- 0b1, mip.STI <- 0b0)
mem[X,0x0000000080000788] -> 0xE3B3
mem[X,0x000000008000078A] -> 0x00F3
[154] [M]: 0x0000000080000788 (0x00F3E3B3) or x7, x7, x15                           rvtest_entrypoint+324
x7 <- 0x00000000003FBB6F

mem[X,0x000000008000078C] -> 0xD413
mem[X,0x000000008000078E] -> 0x0073
[155] [M]: 0x000000008000078C (0x0073D413) srli x8, x7, 0x7                         rvtest_entrypoint+328
x8 <- 0x0000000000007F76

clint mtime 0x000000000000004E (mip.MTI <- 0b1, mip.STI <- 0b0)
mem[X,0x0000000080000790] -> 0xD793
mem[X,0x0000000080000792] -> 0x0393
[156] [M]: 0x0000000080000790 (0x0393D793) srli x15, x7, 0x39                       rvtest_entrypoint+332
x15 <- 0x0000000000000000

mem[X,0x0000000080000794] -> 0x6433
mem[X,0x0000000080000796] -> 0x00F4
[157] [M]: 0x0000000080000794 (0x00F46433) or x8, x8, x15                           rvtest_entrypoint+336
x8 <- 0x0000000000007F76

clint mtime 0x000000000000004F (mip.MTI <- 0b1, mip.STI <- 0b0)
mem[X,0x0000000080000798] -> 0x5493
mem[X,0x000000008000079A] -> 0x0074
[158] [M]: 0x0000000080000798 (0x00745493) srli x9, x8, 0x7                         rvtest_entrypoint+340
x9 <- 0x00000000000000FE

mem[X,0x000000008000079C] -> 0x5793
mem[X,0x000000008000079E] -> 0x0394
[159] [M]: 0x000000008000079C (0x03945793) srli x15, x8, 0x39                       rvtest_entrypoint+344
x15 <- 0x0000000000000000

clint mtime 0x0000000000000050 (mip.MTI <- 0b1, mip.STI <- 0b0)
mem[X,0x00000000800007A0] -> 0xE4B3
mem[X,0x00000000800007A2] -> 0x00F4
[160] [M]: 0x00000000800007A0 (0x00F4E4B3) or x9, x9, x15                           rvtest_entrypoint+348
x9 <- 0x00000000000000FE

mem[X,0x00000000800007A4] -> 0xD513
mem[X,0x00000000800007A6] -> 0x0074
[161] [M]: 0x00000000800007A4 (0x0074D513) srli x10, x9, 0x7                        rvtest_entrypoint+352
x10 <- 0x0000000000000001

clint mtime 0x0000000000000051 (mip.MTI <- 0b1, mip.STI <- 0b0)
mem[X,0x00000000800007A8] -> 0xD793
mem[X,0x00000000800007AA] -> 0x0394
[162] [M]: 0x00000000800007A8 (0x0394D793) srli x15, x9, 0x39                       rvtest_entrypoint+356
x15 <- 0x0000000000000000

mem[X,0x00000000800007AC] -> 0x6533
mem[X,0x00000000800007AE] -> 0x00F5
[163] [M]: 0x00000000800007AC (0x00F56533) or x10, x10, x15                         rvtest_entrypoint+360
x10 <- 0x0000000000000001

clint mtime 0x0000000000000052 (mip.MTI <- 0b1, mip.STI <- 0b0)
mem[X,0x00000000800007B0] -> 0x5593
mem[X,0x00000000800007B2] -> 0x0075
[164] [M]: 0x00000000800007B0 (0x00755593) srli x11, x10, 0x7                       rvtest_entrypoint+364
x11 <- 0x0000000000000000

mem[X,0x00000000800007B4] -> 0x5793
mem[X,0x00000000800007B6] -> 0x0395
[165] [M]: 0x00000000800007B4 (0x03955793) srli x15, x10, 0x39                      rvtest_entrypoint+368
x15 <- 0x0000000000000000

clint mtime 0x0000000000000053 (mip.MTI <- 0b1, mip.STI <- 0b0)
mem[X,0x00000000800007B8] -> 0xE5B3
mem[X,0x00000000800007BA] -> 0x00F5
[166] [M]: 0x00000000800007B8 (0x00F5E5B3) or x11, x11, x15                         rvtest_entrypoint+372
x11 <- 0x0000000000000000

mem[X,0x00000000800007BC] -> 0xD613
mem[X,0x00000000800007BE] -> 0x0075
[167] [M]: 0x00000000800007BC (0x0075D613) srli x12, x11, 0x7                       rvtest_entrypoint+376
x12 <- 0x0000000000000000

clint mtime 0x0000000000000054 (mip.MTI <- 0b1, mip.STI <- 0b0)
mem[X,0x00000000800007C0] -> 0xD793
mem[X,0x00000000800007C2] -> 0x0395
[168] [M]: 0x00000000800007C0 (0x0395D793) srli x15, x11, 0x39                      rvtest_entrypoint+380
x15 <- 0x0000000000000000

mem[X,0x00000000800007C4] -> 0x6633
mem[X,0x00000000800007C6] -> 0x00F6
[169] [M]: 0x00000000800007C4 (0x00F66633) or x12, x12, x15                         rvtest_entrypoint+384
x12 <- 0x0000000000000000

clint mtime 0x0000000000000055 (mip.MTI <- 0b1, mip.STI <- 0b0)
mem[X,0x00000000800007C8] -> 0x5693
mem[X,0x00000000800007CA] -> 0x0076
[170] [M]: 0x00000000800007C8 (0x00765693) srli x13, x12, 0x7                       rvtest_entrypoint+388
x13 <- 0x0000000000000000

mem[X,0x00000000800007CC] -> 0x5793
mem[X,0x00000000800007CE] -> 0x0396
[171] [M]: 0x00000000800007CC (0x03965793) srli x15, x12, 0x39                      rvtest_entrypoint+392
x15 <- 0x0000000000000000

clint mtime 0x0000000000000056 (mip.MTI <- 0b1, mip.STI <- 0b0)
mem[X,0x00000000800007D0] -> 0xE6B3
mem[X,0x00000000800007D2] -> 0x00F6
[172] [M]: 0x00000000800007D0 (0x00F6E6B3) or x13, x13, x15                         rvtest_entrypoint+396
x13 <- 0x0000000000000000

mem[X,0x00000000800007D4] -> 0x0013
mem[X,0x00000000800007D6] -> 0x0000
[173] [M]: 0x00000000800007D4 (0x00000013) addi x0, x0, 0x0                         rvtest_code_begin+0

clint mtime 0x0000000000000057 (mip.MTI <- 0b1, mip.STI <- 0b0)
mem[X,0x00000000800007D8] -> 0x0013
mem[X,0x00000000800007DA] -> 0x0000
[174] [M]: 0x00000000800007D8 (0x00000013) addi x0, x0, 0x0                         rvtest_code_begin+4

mem[X,0x00000000800007DC] -> 0x0013
mem[X,0x00000000800007DE] -> 0x0000
[175] [M]: 0x00000000800007DC (0x00000013) addi x0, x0, 0x0                         rvtest_code_begin+8

clint mtime 0x0000000000000058 (mip.MTI <- 0b1, mip.STI <- 0b0)
mem[X,0x00000000800007E0] -> 0xA697
mem[X,0x00000000800007E2] -> 0x0000
[176] [M]: 0x00000000800007E0 (0x0000A697) auipc x13, 0xa                           rvtest_code_begin+12
x13 <- 0x000000008000A7E0

mem[X,0x00000000800007E4] -> 0x8693
mem[X,0x00000000800007E6] -> 0x9386
[177] [M]: 0x00000000800007E4 (0x93868693) addi x13, x13, -0x6c8                    rvtest_code_begin+16
x13 <- 0x000000008000A118

clint mtime 0x0000000000000059 (mip.MTI <- 0b1, mip.STI <- 0b0)
mem[X,0x00000000800007E8] -> 0x0001
[178] [M]: 0x00000000800007E8 (0x0001) c.nop                                        rvtest_code_begin+20

mem[X,0x00000000800007EA] -> 0x0013
mem[X,0x00000000800007EC] -> 0x0000
[179] [M]: 0x00000000800007EA (0x00000013) addi x0, x0, 0x0                         rvtest_code_begin+22

clint mtime 0x000000000000005A (mip.MTI <- 0b1, mip.STI <- 0b0)
mem[X,0x00000000800007EE] -> 0x0013
mem[X,0x00000000800007F0] -> 0x0000
[180] [M]: 0x00000000800007EE (0x00000013) addi x0, x0, 0x0                         rvtest_code_begin+26

mem[X,0x00000000800007F2] -> 0x0013
mem[X,0x00000000800007F4] -> 0x0000
[181] [M]: 0x00000000800007F2 (0x00000013) addi x0, x0, 0x0                         rvtest_code_begin+30

clint mtime 0x000000000000005B (mip.MTI <- 0b1, mip.STI <- 0b0)
mem[X,0x00000000800007F6] -> 0x0013
mem[X,0x00000000800007F8] -> 0x0000
[182] [M]: 0x00000000800007F6 (0x00000013) addi x0, x0, 0x0                         rvtest_code_begin+34

mem[X,0x00000000800007FA] -> 0x0013
mem[X,0x00000000800007FC] -> 0x0000
[183] [M]: 0x00000000800007FA (0x00000013) addi x0, x0, 0x0                         rvtest_code_begin+38

clint mtime 0x000000000000005C (mip.MTI <- 0b1, mip.STI <- 0b0)
mem[X,0x00000000800007FE] -> 0x0001
[184] [M]: 0x00000000800007FE (0x0001) c.nop                                        rvtest_code_begin+42

mem[X,0x0000000080000800] -> 0xD737
mem[X,0x0000000080000802] -> 0x0000
[185] [M]: 0x0000000080000800 (0x0000D737) lui x14, 0xd                             main+0
x14 <- 0x000000000000D000

clint mtime 0x000000000000005D (mip.MTI <- 0b1, mip.STI <- 0b0)
mem[X,0x0000000080000804] -> 0x071B
mem[X,0x0000000080000806] -> 0xEED7
[186] [M]: 0x0000000080000804 (0xEED7071B) addiw x14, x14, -0x113                   main+4
x14 <- 0x000000000000CEED

mem[X,0x0000000080000808] -> 0xB023
mem[X,0x000000008000080A] -> 0x00E6
[187] [M]: 0x0000000080000808 (0x00E6B023) sd x14, 0x0(x13)                         main+8
mem[W,0x000000008000A118] <- 0x000000000000CEED

clint mtime 0x000000000000005E (mip.MTI <- 0b1, mip.STI <- 0b0)
mem[X,0x000000008000080C] -> 0xC737
mem[X,0x000000008000080E] -> 0x0000
[188] [M]: 0x000000008000080C (0x0000C737) lui x14, 0xc                             main+12
x14 <- 0x000000000000C000

mem[X,0x0000000080000810] -> 0x071B
mem[X,0x0000000080000812] -> 0xEED7
[189] [M]: 0x0000000080000810 (0xEED7071B) addiw x14, x14, -0x113                   main+16
x14 <- 0x000000000000BEED

clint mtime 0x000000000000005F (mip.MTI <- 0b1, mip.STI <- 0b0)
mem[X,0x0000000080000814] -> 0xB423
mem[X,0x0000000080000816] -> 0x00E6
[190] [M]: 0x0000000080000814 (0x00E6B423) sd x14, 0x8(x13)                         main+20
mem[W,0x000000008000A120] <- 0x000000000000BEED

mem[X,0x0000000080000818] -> 0x0393
mem[X,0x000000008000081A] -> 0xFFF0
[191] [M]: 0x0000000080000818 (0xFFF00393) addi x7, x0, -0x1                        main+24
x7 <- 0xFFFFFFFFFFFFFFFF

clint mtime 0x0000000000000060 (mip.MTI <- 0b1, mip.STI <- 0b0)
mem[X,0x000000008000081C] -> 0x9073
mem[X,0x000000008000081E] -> 0x3B03
[192] [M]: 0x000000008000081C (0x3B039073) csrrw x0, pmpaddr0, x7                   main+28
CSR pmpaddr0 (0x3B0) <- 0x003FFFFFFFFFFFFF

mem[X,0x0000000080000820] -> 0x0393
mem[X,0x0000000080000822] -> 0x00F0
[193] [M]: 0x0000000080000820 (0x00F00393) addi x7, x0, 0xf                         main+32
x7 <- 0x000000000000000F

clint mtime 0x0000000000000061 (mip.MTI <- 0b1, mip.STI <- 0b0)
mem[X,0x0000000080000824] -> 0x9073
mem[X,0x0000000080000826] -> 0x3A03
[194] [M]: 0x0000000080000824 (0x3A039073) csrrw x0, pmpcfg0, x7                    main+36
CSR pmpcfg0 (0x3A0) <- 0x000000000000000F

mem[X,0x0000000080000828] -> 0x0073
mem[X,0x000000008000082A] -> 0x1200
[195] [M]: 0x0000000080000828 (0x12000073) sfence.vma x0, x0                        main+40

clint mtime 0x0000000000000062 (mip.MTI <- 0b1, mip.STI <- 0b0)
mem[X,0x000000008000082C] -> 0x1073
mem[X,0x000000008000082E] -> 0x1800
[196] [M]: 0x000000008000082C (0x18001073) csrrw x0, satp, x0                       main+44
CSR satp (0x180) <- 0x0000000000000000

mem[X,0x0000000080000830] -> 0x0013
mem[X,0x0000000080000832] -> 0x0000
[197] [M]: 0x0000000080000830 (0x00000013) addi x0, x0, 0x0                         main+48

clint mtime 0x0000000000000063 (mip.MTI <- 0b1, mip.STI <- 0b0)
mem[X,0x0000000080000834] -> 0x0013
mem[X,0x0000000080000836] -> 0x0000
[198] [M]: 0x0000000080000834 (0x00000013) addi x0, x0, 0x0                         main+52

mem[X,0x0000000080000838] -> 0x0013
mem[X,0x000000008000083A] -> 0x0000
[199] [M]: 0x0000000080000838 (0x00000013) addi x0, x0, 0x0                         main+56

clint mtime 0x0000000000000064 (mip.MTI <- 0b1, mip.STI <- 0b0)
mem[X,0x000000008000083C] -> 0x0013
mem[X,0x000000008000083E] -> 0x0000
[200] [M]: 0x000000008000083C (0x00000013) addi x0, x0, 0x0                         main+60

mem[X,0x0000000080000840] -> 0x051B
mem[X,0x0000000080000842] -> 0x0000
[201] [M]: 0x0000000080000840 (0x0000051B) addiw x10, x0, 0x0                       main+64
x10 <- 0x0000000000000000

clint mtime 0x0000000000000065 (mip.MTI <- 0b1, mip.STI <- 0b0)
mem[X,0x0000000080000844] -> 0x0001
[202] [M]: 0x0000000080000844 (0x0001) c.nop                                        main+68

mem[X,0x0000000080000846] -> 0x0013
mem[X,0x0000000080000848] -> 0x0000
[203] [M]: 0x0000000080000846 (0x00000013) addi x0, x0, 0x0                         main+70

clint mtime 0x0000000000000066 (mip.MTI <- 0b1, mip.STI <- 0b0)
mem[X,0x000000008000084A] -> 0x0013
mem[X,0x000000008000084C] -> 0x0000
[204] [M]: 0x000000008000084A (0x00000013) addi x0, x0, 0x0                         main+74

mem[X,0x000000008000084E] -> 0x0013
mem[X,0x0000000080000850] -> 0x0000
[205] [M]: 0x000000008000084E (0x00000013) addi x0, x0, 0x0                         main+78

clint mtime 0x0000000000000067 (mip.MTI <- 0b1, mip.STI <- 0b0)
mem[X,0x0000000080000852] -> 0x0013
mem[X,0x0000000080000854] -> 0x0000
[206] [M]: 0x0000000080000852 (0x00000013) addi x0, x0, 0x0                         main+82

mem[X,0x0000000080000856] -> 0x0013
mem[X,0x0000000080000858] -> 0x0000
[207] [M]: 0x0000000080000856 (0x00000013) addi x0, x0, 0x0                         main+86

clint mtime 0x0000000000000068 (mip.MTI <- 0b1, mip.STI <- 0b0)
mem[X,0x000000008000085A] -> 0x0013
mem[X,0x000000008000085C] -> 0x0000
[208] [M]: 0x000000008000085A (0x00000013) addi x0, x0, 0x0                         main+90

mem[X,0x000000008000085E] -> 0x0001
[209] [M]: 0x000000008000085E (0x0001) c.nop                                        main+94

clint mtime 0x0000000000000069 (mip.MTI <- 0b1, mip.STI <- 0b0)
mem[X,0x0000000080000860] -> 0x0593
mem[X,0x0000000080000862] -> 0x0CB0
[210] [M]: 0x0000000080000860 (0x0CB00593) addi x11, x0, 0xcb                       main+96
x11 <- 0x00000000000000CB

mem[X,0x0000000080000864] -> 0x5513
mem[X,0x0000000080000866] -> 0x00C5
[211] [M]: 0x0000000080000864 (0x00C55513) srli x10, x10, 0xc                       main+100
x10 <- 0x0000000000000000

clint mtime 0x000000000000006A (mip.MTI <- 0b1, mip.STI <- 0b0)
mem[X,0x0000000080000868] -> 0x1513
mem[X,0x000000008000086A] -> 0x00A5
[212] [M]: 0x0000000080000868 (0x00A51513) slli x10, x10, 0xa                       main+104
x10 <- 0x0000000000000000

mem[X,0x000000008000086C] -> 0x6533
mem[X,0x000000008000086E] -> 0x00B5
[213] [M]: 0x000000008000086C (0x00B56533) or x10, x10, x11                         main+108
x10 <- 0x00000000000000CB

clint mtime 0x000000000000006B (mip.MTI <- 0b1, mip.STI <- 0b0)
mem[X,0x0000000080000870] -> 0x0013
mem[X,0x0000000080000872] -> 0x0000
[214] [M]: 0x0000000080000870 (0x00000013) addi x0, x0, 0x0                         main+112

mem[X,0x0000000080000874] -> 0x0013
mem[X,0x0000000080000876] -> 0x0000
[215] [M]: 0x0000000080000874 (0x00000013) addi x0, x0, 0x0                         main+116

clint mtime 0x000000000000006C (mip.MTI <- 0b1, mip.STI <- 0b0)
mem[X,0x0000000080000878] -> 0x0013
mem[X,0x000000008000087A] -> 0x0000
[216] [M]: 0x0000000080000878 (0x00000013) addi x0, x0, 0x0                         main+120

mem[X,0x000000008000087C] -> 0x0013
mem[X,0x000000008000087E] -> 0x0000
[217] [M]: 0x000000008000087C (0x00000013) addi x0, x0, 0x0                         main+124

clint mtime 0x000000000000006D (mip.MTI <- 0b1, mip.STI <- 0b0)
mem[X,0x0000000080000880] -> 0x8317
mem[X,0x0000000080000882] -> 0x0000
[218] [M]: 0x0000000080000880 (0x00008317) auipc x6, 0x8                            main+128
x6 <- 0x0000000080008880

mem[X,0x0000000080000884] -> 0x0313
mem[X,0x0000000080000886] -> 0x7803
[219] [M]: 0x0000000080000884 (0x78030313) addi x6, x6, 0x780                       main+132
x6 <- 0x0000000080009000

clint mtime 0x000000000000006E (mip.MTI <- 0b1, mip.STI <- 0b0)
mem[X,0x0000000080000888] -> 0x0001
[220] [M]: 0x0000000080000888 (0x0001) c.nop                                        main+136

mem[X,0x000000008000088A] -> 0x0013
mem[X,0x000000008000088C] -> 0x0000
[221] [M]: 0x000000008000088A (0x00000013) addi x0, x0, 0x0                         main+138

clint mtime 0x000000000000006F (mip.MTI <- 0b1, mip.STI <- 0b0)
mem[X,0x000000008000088E] -> 0x0013
mem[X,0x0000000080000890] -> 0x0000
[222] [M]: 0x000000008000088E (0x00000013) addi x0, x0, 0x0                         main+142

mem[X,0x0000000080000892] -> 0x0013
mem[X,0x0000000080000894] -> 0x0000
[223] [M]: 0x0000000080000892 (0x00000013) addi x0, x0, 0x0                         main+146

clint mtime 0x0000000000000070 (mip.MTI <- 0b1, mip.STI <- 0b0)
mem[X,0x0000000080000896] -> 0x0013
mem[X,0x0000000080000898] -> 0x0000
[224] [M]: 0x0000000080000896 (0x00000013) addi x0, x0, 0x0                         main+150

mem[X,0x000000008000089A] -> 0x0013
mem[X,0x000000008000089C] -> 0x0000
[225] [M]: 0x000000008000089A (0x00000013) addi x0, x0, 0x0                         main+154

clint mtime 0x0000000000000071 (mip.MTI <- 0b1, mip.STI <- 0b0)
mem[X,0x000000008000089E] -> 0x0001
[226] [M]: 0x000000008000089E (0x0001) c.nop                                        main+158

mem[X,0x00000000800008A0] -> 0x0293
mem[X,0x00000000800008A2] -> 0x0300
[227] [M]: 0x00000000800008A0 (0x03000293) addi x5, x0, 0x30                        main+160
x5 <- 0x0000000000000030

clint mtime 0x0000000000000072 (mip.MTI <- 0b1, mip.STI <- 0b0)
mem[X,0x00000000800008A4] -> 0x0333
mem[X,0x00000000800008A6] -> 0x0053
[228] [M]: 0x00000000800008A4 (0x00530333) add x6, x6, x5                           main+164
x6 <- 0x0000000080009030

mem[X,0x00000000800008A8] -> 0x3023
mem[X,0x00000000800008AA] -> 0x00A3
[229] [M]: 0x00000000800008A8 (0x00A33023) sd x10, 0x0(x6)                          main+168
mem[W,0x0000000080009030] <- 0x00000000000000CB

clint mtime 0x0000000000000073 (mip.MTI <- 0b1, mip.STI <- 0b0)
mem[X,0x00000000800008AC] -> 0x03B3
mem[X,0x00000000800008AE] -> 0x0000
[230] [M]: 0x00000000800008AC (0x000003B3) add x7, x0, x0                           main+172
x7 <- 0x0000000000000000

mem[X,0x00000000800008B0] -> 0x0EB3
mem[X,0x00000000800008B2] -> 0x0000
[231] [M]: 0x00000000800008B0 (0x00000EB3) add x29, x0, x0                          main+176
x29 <- 0x0000000000000000

clint mtime 0x0000000000000074 (mip.MTI <- 0b1, mip.STI <- 0b0)
mem[X,0x00000000800008B4] -> 0x0F13
mem[X,0x00000000800008B6] -> 0x0380
[232] [M]: 0x00000000800008B4 (0x03800F13) addi x30, x0, 0x38                       main+180
x30 <- 0x0000000000000038

mem[X,0x00000000800008B8] -> 0x5E33
mem[X,0x00000000800008BA] -> 0x01D5
[233] [M]: 0x00000000800008B8 (0x01D55E33) srl x28, x10, x29                        main+184
x28 <- 0x00000000000000CB

clint mtime 0x0000000000000075 (mip.MTI <- 0b1, mip.STI <- 0b0)
mem[X,0x00000000800008BC] -> 0x7E13
mem[X,0x00000000800008BE] -> 0x0FFE
[234] [M]: 0x00000000800008BC (0x0FFE7E13) andi x28, x28, 0xff                      main+188
x28 <- 0x00000000000000CB

mem[X,0x00000000800008C0] -> 0x1E33
mem[X,0x00000000800008C2] -> 0x01EE
[235] [M]: 0x00000000800008C0 (0x01EE1E33) sll x28, x28, x30                        main+192
x28 <- 0xCB00000000000000

clint mtime 0x0000000000000076 (mip.MTI <- 0b1, mip.STI <- 0b0)
mem[X,0x00000000800008C4] -> 0xE3B3
mem[X,0x00000000800008C6] -> 0x01C3
[236] [M]: 0x00000000800008C4 (0x01C3E3B3) or x7, x7, x28                           main+196
x7 <- 0xCB00000000000000

mem[X,0x00000000800008C8] -> 0x8E93
mem[X,0x00000000800008CA] -> 0x008E
[237] [M]: 0x00000000800008C8 (0x008E8E93) addi x29, x29, 0x8                       main+200
x29 <- 0x0000000000000008

clint mtime 0x0000000000000077 (mip.MTI <- 0b1, mip.STI <- 0b0)
mem[X,0x00000000800008CC] -> 0x0F13
mem[X,0x00000000800008CE] -> 0xFF8F
[238] [M]: 0x00000000800008CC (0xFF8F0F13) addi x30, x30, -0x8                      main+204
x30 <- 0x0000000000000030

mem[X,0x00000000800008D0] -> 0x5E33
mem[X,0x00000000800008D2] -> 0x01D5
[239] [M]: 0x00000000800008D0 (0x01D55E33) srl x28, x10, x29                        main+208
x28 <- 0x0000000000000000

clint mtime 0x0000000000000078 (mip.MTI <- 0b1, mip.STI <- 0b0)
mem[X,0x00000000800008D4] -> 0x7E13
mem[X,0x00000000800008D6] -> 0x0FFE
[240] [M]: 0x00000000800008D4 (0x0FFE7E13) andi x28, x28, 0xff                      main+212
x28 <- 0x0000000000000000

mem[X,0x00000000800008D8] -> 0x1E33
mem[X,0x00000000800008DA] -> 0x01EE
[241] [M]: 0x00000000800008D8 (0x01EE1E33) sll x28, x28, x30                        main+216
x28 <- 0x0000000000000000

clint mtime 0x0000000000000079 (mip.MTI <- 0b1, mip.STI <- 0b0)
mem[X,0x00000000800008DC] -> 0xE3B3
mem[X,0x00000000800008DE] -> 0x01C3
[242] [M]: 0x00000000800008DC (0x01C3E3B3) or x7, x7, x28                           main+220
x7 <- 0xCB00000000000000

mem[X,0x00000000800008E0] -> 0x8E93
mem[X,0x00000000800008E2] -> 0x008E
[243] [M]: 0x00000000800008E0 (0x008E8E93) addi x29, x29, 0x8                       main+224
x29 <- 0x0000000000000010

clint mtime 0x000000000000007A (mip.MTI <- 0b1, mip.STI <- 0b0)
mem[X,0x00000000800008E4] -> 0x0F13
mem[X,0x00000000800008E6] -> 0xFF8F
[244] [M]: 0x00000000800008E4 (0xFF8F0F13) addi x30, x30, -0x8                      main+228
x30 <- 0x0000000000000028

mem[X,0x00000000800008E8] -> 0x5E33
mem[X,0x00000000800008EA] -> 0x01D5
[245] [M]: 0x00000000800008E8 (0x01D55E33) srl x28, x10, x29                        main+232
x28 <- 0x0000000000000000

clint mtime 0x000000000000007B (mip.MTI <- 0b1, mip.STI <- 0b0)
mem[X,0x00000000800008EC] -> 0x7E13
mem[X,0x00000000800008EE] -> 0x0FFE
[246] [M]: 0x00000000800008EC (0x0FFE7E13) andi x28, x28, 0xff                      main+236
x28 <- 0x0000000000000000

mem[X,0x00000000800008F0] -> 0x1E33
mem[X,0x00000000800008F2] -> 0x01EE
[247] [M]: 0x00000000800008F0 (0x01EE1E33) sll x28, x28, x30                        main+240
x28 <- 0x0000000000000000

clint mtime 0x000000000000007C (mip.MTI <- 0b1, mip.STI <- 0b0)
mem[X,0x00000000800008F4] -> 0xE3B3
mem[X,0x00000000800008F6] -> 0x01C3
[248] [M]: 0x00000000800008F4 (0x01C3E3B3) or x7, x7, x28                           main+244
x7 <- 0xCB00000000000000

mem[X,0x00000000800008F8] -> 0x8E93
mem[X,0x00000000800008FA] -> 0x008E
[249] [M]: 0x00000000800008F8 (0x008E8E93) addi x29, x29, 0x8                       main+248
x29 <- 0x0000000000000018

clint mtime 0x000000000000007D (mip.MTI <- 0b1, mip.STI <- 0b0)
mem[X,0x00000000800008FC] -> 0x0F13
mem[X,0x00000000800008FE] -> 0xFF8F
[250] [M]: 0x00000000800008FC (0xFF8F0F13) addi x30, x30, -0x8                      main+252
x30 <- 0x0000000000000020

mem[X,0x0000000080000900] -> 0x5E33
mem[X,0x0000000080000902] -> 0x01D5
[251] [M]: 0x0000000080000900 (0x01D55E33) srl x28, x10, x29                        main+256
x28 <- 0x0000000000000000

clint mtime 0x000000000000007E (mip.MTI <- 0b1, mip.STI <- 0b0)
mem[X,0x0000000080000904] -> 0x7E13
mem[X,0x0000000080000906] -> 0x0FFE
[252] [M]: 0x0000000080000904 (0x0FFE7E13) andi x28, x28, 0xff                      main+260
x28 <- 0x0000000000000000

mem[X,0x0000000080000908] -> 0x1E33
mem[X,0x000000008000090A] -> 0x01EE
[253] [M]: 0x0000000080000908 (0x01EE1E33) sll x28, x28, x30                        main+264
x28 <- 0x0000000000000000

clint mtime 0x000000000000007F (mip.MTI <- 0b1, mip.STI <- 0b0)
mem[X,0x000000008000090C] -> 0xE3B3
mem[X,0x000000008000090E] -> 0x01C3
[254] [M]: 0x000000008000090C (0x01C3E3B3) or x7, x7, x28                           main+268
x7 <- 0xCB00000000000000

mem[X,0x0000000080000910] -> 0x8E93
mem[X,0x0000000080000912] -> 0x008E
[255] [M]: 0x0000000080000910 (0x008E8E93) addi x29, x29, 0x8                       main+272
x29 <- 0x0000000000000020

clint mtime 0x0000000000000080 (mip.MTI <- 0b1, mip.STI <- 0b0)
mem[X,0x0000000080000914] -> 0x0F13
mem[X,0x0000000080000916] -> 0xFF8F
[256] [M]: 0x0000000080000914 (0xFF8F0F13) addi x30, x30, -0x8                      main+276
x30 <- 0x0000000000000018

mem[X,0x0000000080000918] -> 0x5E33
mem[X,0x000000008000091A] -> 0x01D5
[257] [M]: 0x0000000080000918 (0x01D55E33) srl x28, x10, x29                        main+280
x28 <- 0x0000000000000000

clint mtime 0x0000000000000081 (mip.MTI <- 0b1, mip.STI <- 0b0)
mem[X,0x000000008000091C] -> 0x7E13
mem[X,0x000000008000091E] -> 0x0FFE
[258] [M]: 0x000000008000091C (0x0FFE7E13) andi x28, x28, 0xff                      main+284
x28 <- 0x0000000000000000

mem[X,0x0000000080000920] -> 0x1E33
mem[X,0x0000000080000922] -> 0x01EE
[259] [M]: 0x0000000080000920 (0x01EE1E33) sll x28, x28, x30                        main+288
x28 <- 0x0000000000000000

clint mtime 0x0000000000000082 (mip.MTI <- 0b1, mip.STI <- 0b0)
mem[X,0x0000000080000924] -> 0xE3B3
mem[X,0x0000000080000926] -> 0x01C3
[260] [M]: 0x0000000080000924 (0x01C3E3B3) or x7, x7, x28                           main+292
x7 <- 0xCB00000000000000

mem[X,0x0000000080000928] -> 0x8E93
mem[X,0x000000008000092A] -> 0x008E
[261] [M]: 0x0000000080000928 (0x008E8E93) addi x29, x29, 0x8                       main+296
x29 <- 0x0000000000000028

clint mtime 0x0000000000000083 (mip.MTI <- 0b1, mip.STI <- 0b0)
mem[X,0x000000008000092C] -> 0x0F13
mem[X,0x000000008000092E] -> 0xFF8F
[262] [M]: 0x000000008000092C (0xFF8F0F13) addi x30, x30, -0x8                      main+300
x30 <- 0x0000000000000010

mem[X,0x0000000080000930] -> 0x5E33
mem[X,0x0000000080000932] -> 0x01D5
[263] [M]: 0x0000000080000930 (0x01D55E33) srl x28, x10, x29                        main+304
x28 <- 0x0000000000000000

clint mtime 0x0000000000000084 (mip.MTI <- 0b1, mip.STI <- 0b0)
mem[X,0x0000000080000934] -> 0x7E13
mem[X,0x0000000080000936] -> 0x0FFE
[264] [M]: 0x0000000080000934 (0x0FFE7E13) andi x28, x28, 0xff                      main+308
x28 <- 0x0000000000000000

mem[X,0x0000000080000938] -> 0x1E33
mem[X,0x000000008000093A] -> 0x01EE
[265] [M]: 0x0000000080000938 (0x01EE1E33) sll x28, x28, x30                        main+312
x28 <- 0x0000000000000000

clint mtime 0x0000000000000085 (mip.MTI <- 0b1, mip.STI <- 0b0)
mem[X,0x000000008000093C] -> 0xE3B3
mem[X,0x000000008000093E] -> 0x01C3
[266] [M]: 0x000000008000093C (0x01C3E3B3) or x7, x7, x28                           main+316
x7 <- 0xCB00000000000000

mem[X,0x0000000080000940] -> 0x8E93
mem[X,0x0000000080000942] -> 0x008E
[267] [M]: 0x0000000080000940 (0x008E8E93) addi x29, x29, 0x8                       main+320
x29 <- 0x0000000000000030

clint mtime 0x0000000000000086 (mip.MTI <- 0b1, mip.STI <- 0b0)
mem[X,0x0000000080000944] -> 0x0F13
mem[X,0x0000000080000946] -> 0xFF8F
[268] [M]: 0x0000000080000944 (0xFF8F0F13) addi x30, x30, -0x8                      main+324
x30 <- 0x0000000000000008

mem[X,0x0000000080000948] -> 0x5E33
mem[X,0x000000008000094A] -> 0x01D5
[269] [M]: 0x0000000080000948 (0x01D55E33) srl x28, x10, x29                        main+328
x28 <- 0x0000000000000000

clint mtime 0x0000000000000087 (mip.MTI <- 0b1, mip.STI <- 0b0)
mem[X,0x000000008000094C] -> 0x7E13
mem[X,0x000000008000094E] -> 0x0FFE
[270] [M]: 0x000000008000094C (0x0FFE7E13) andi x28, x28, 0xff                      main+332
x28 <- 0x0000000000000000

mem[X,0x0000000080000950] -> 0x1E33
mem[X,0x0000000080000952] -> 0x01EE
[271] [M]: 0x0000000080000950 (0x01EE1E33) sll x28, x28, x30                        main+336
x28 <- 0x0000000000000000

clint mtime 0x0000000000000088 (mip.MTI <- 0b1, mip.STI <- 0b0)
mem[X,0x0000000080000954] -> 0xE3B3
mem[X,0x0000000080000956] -> 0x01C3
[272] [M]: 0x0000000080000954 (0x01C3E3B3) or x7, x7, x28                           main+340
x7 <- 0xCB00000000000000

mem[X,0x0000000080000958] -> 0x8E93
mem[X,0x000000008000095A] -> 0x008E
[273] [M]: 0x0000000080000958 (0x008E8E93) addi x29, x29, 0x8                       main+344
x29 <- 0x0000000000000038

clint mtime 0x0000000000000089 (mip.MTI <- 0b1, mip.STI <- 0b0)
mem[X,0x000000008000095C] -> 0x0F13
mem[X,0x000000008000095E] -> 0xFF8F
[274] [M]: 0x000000008000095C (0xFF8F0F13) addi x30, x30, -0x8                      main+348
x30 <- 0x0000000000000000

mem[X,0x0000000080000960] -> 0x5E33
mem[X,0x0000000080000962] -> 0x01D5
[275] [M]: 0x0000000080000960 (0x01D55E33) srl x28, x10, x29                        main+352
x28 <- 0x0000000000000000

clint mtime 0x000000000000008A (mip.MTI <- 0b1, mip.STI <- 0b0)
mem[X,0x0000000080000964] -> 0x7E13
mem[X,0x0000000080000966] -> 0x0FFE
[276] [M]: 0x0000000080000964 (0x0FFE7E13) andi x28, x28, 0xff                      main+356
x28 <- 0x0000000000000000

mem[X,0x0000000080000968] -> 0x1E33
mem[X,0x000000008000096A] -> 0x01EE
[277] [M]: 0x0000000080000968 (0x01EE1E33) sll x28, x28, x30                        main+360
x28 <- 0x0000000000000000

clint mtime 0x000000000000008B (mip.MTI <- 0b1, mip.STI <- 0b0)
mem[X,0x000000008000096C] -> 0xE3B3
mem[X,0x000000008000096E] -> 0x01C3
[278] [M]: 0x000000008000096C (0x01C3E3B3) or x7, x7, x28                           main+364
x7 <- 0xCB00000000000000

mem[X,0x0000000080000970] -> 0x8E93
mem[X,0x0000000080000972] -> 0x008E
[279] [M]: 0x0000000080000970 (0x008E8E93) addi x29, x29, 0x8                       main+368
x29 <- 0x0000000000000040

clint mtime 0x000000000000008C (mip.MTI <- 0b1, mip.STI <- 0b0)
mem[X,0x0000000080000974] -> 0x0F13
mem[X,0x0000000080000976] -> 0xFF8F
[280] [M]: 0x0000000080000974 (0xFF8F0F13) addi x30, x30, -0x8                      main+372
x30 <- 0xFFFFFFFFFFFFFFF8

mem[X,0x0000000080000978] -> 0x3023
mem[X,0x000000008000097A] -> 0x0073
[281] [M]: 0x0000000080000978 (0x00733023) sd x7, 0x0(x6)                           main+376
mem[W,0x0000000080009030] <- 0xCB00000000000000

clint mtime 0x000000000000008D (mip.MTI <- 0b1, mip.STI <- 0b0)
mem[X,0x000000008000097C] -> 0x0073
mem[X,0x000000008000097E] -> 0x1200
[282] [M]: 0x000000008000097C (0x12000073) sfence.vma x0, x0                        main+380

mem[X,0x0000000080000980] -> 0x051B
mem[X,0x0000000080000982] -> 0x0000
[283] [M]: 0x0000000080000980 (0x0000051B) addiw x10, x0, 0x0                       main+384
x10 <- 0x0000000000000000

clint mtime 0x000000000000008E (mip.MTI <- 0b1, mip.STI <- 0b0)
mem[X,0x0000000080000984] -> 0x0001
[284] [M]: 0x0000000080000984 (0x0001) c.nop                                        main+388

mem[X,0x0000000080000986] -> 0x0013
mem[X,0x0000000080000988] -> 0x0000
[285] [M]: 0x0000000080000986 (0x00000013) addi x0, x0, 0x0                         main+390

clint mtime 0x000000000000008F (mip.MTI <- 0b1, mip.STI <- 0b0)
mem[X,0x000000008000098A] -> 0x0013
mem[X,0x000000008000098C] -> 0x0000
[286] [M]: 0x000000008000098A (0x00000013) addi x0, x0, 0x0                         main+394

mem[X,0x000000008000098E] -> 0x0013
mem[X,0x0000000080000990] -> 0x0000
[287] [M]: 0x000000008000098E (0x00000013) addi x0, x0, 0x0                         main+398

clint mtime 0x0000000000000090 (mip.MTI <- 0b1, mip.STI <- 0b0)
mem[X,0x0000000080000992] -> 0x0013
mem[X,0x0000000080000994] -> 0x0000
[288] [M]: 0x0000000080000992 (0x00000013) addi x0, x0, 0x0                         main+402

mem[X,0x0000000080000996] -> 0x0013
mem[X,0x0000000080000998] -> 0x0000
[289] [M]: 0x0000000080000996 (0x00000013) addi x0, x0, 0x0                         main+406

clint mtime 0x0000000000000091 (mip.MTI <- 0b1, mip.STI <- 0b0)
mem[X,0x000000008000099A] -> 0x0013
mem[X,0x000000008000099C] -> 0x0000
[290] [M]: 0x000000008000099A (0x00000013) addi x0, x0, 0x0                         main+410

mem[X,0x000000008000099E] -> 0x0001
[291] [M]: 0x000000008000099E (0x0001) c.nop                                        main+414

clint mtime 0x0000000000000092 (mip.MTI <- 0b1, mip.STI <- 0b0)
mem[X,0x00000000800009A0] -> 0x0593
mem[X,0x00000000800009A2] -> 0x0CF0
[292] [M]: 0x00000000800009A0 (0x0CF00593) addi x11, x0, 0xcf                       main+416
x11 <- 0x00000000000000CF

mem[X,0x00000000800009A4] -> 0x5513
mem[X,0x00000000800009A6] -> 0x00C5
[293] [M]: 0x00000000800009A4 (0x00C55513) srli x10, x10, 0xc                       main+420
x10 <- 0x0000000000000000

clint mtime 0x0000000000000093 (mip.MTI <- 0b1, mip.STI <- 0b0)
mem[X,0x00000000800009A8] -> 0x1513
mem[X,0x00000000800009AA] -> 0x00A5
[294] [M]: 0x00000000800009A8 (0x00A51513) slli x10, x10, 0xa                       main+424
x10 <- 0x0000000000000000

mem[X,0x00000000800009AC] -> 0x6533
mem[X,0x00000000800009AE] -> 0x00B5
[295] [M]: 0x00000000800009AC (0x00B56533) or x10, x10, x11                         main+428
x10 <- 0x00000000000000CF

clint mtime 0x0000000000000094 (mip.MTI <- 0b1, mip.STI <- 0b0)
mem[X,0x00000000800009B0] -> 0x0013
mem[X,0x00000000800009B2] -> 0x0000
[296] [M]: 0x00000000800009B0 (0x00000013) addi x0, x0, 0x0                         main+432

mem[X,0x00000000800009B4] -> 0x0013
mem[X,0x00000000800009B6] -> 0x0000
[297] [M]: 0x00000000800009B4 (0x00000013) addi x0, x0, 0x0                         main+436

clint mtime 0x0000000000000095 (mip.MTI <- 0b1, mip.STI <- 0b0)
mem[X,0x00000000800009B8] -> 0x0013
mem[X,0x00000000800009BA] -> 0x0000
[298] [M]: 0x00000000800009B8 (0x00000013) addi x0, x0, 0x0                         main+440

mem[X,0x00000000800009BC] -> 0x0013
mem[X,0x00000000800009BE] -> 0x0000
[299] [M]: 0x00000000800009BC (0x00000013) addi x0, x0, 0x0                         main+444

clint mtime 0x0000000000000096 (mip.MTI <- 0b1, mip.STI <- 0b0)
mem[X,0x00000000800009C0] -> 0x8317
mem[X,0x00000000800009C2] -> 0x0000
[300] [M]: 0x00000000800009C0 (0x00008317) auipc x6, 0x8                            main+448
x6 <- 0x00000000800089C0

mem[X,0x00000000800009C4] -> 0x0313
mem[X,0x00000000800009C6] -> 0x6403
[301] [M]: 0x00000000800009C4 (0x64030313) addi x6, x6, 0x640                       main+452
x6 <- 0x0000000080009000

clint mtime 0x0000000000000097 (mip.MTI <- 0b1, mip.STI <- 0b0)
mem[X,0x00000000800009C8] -> 0x0001
[302] [M]: 0x00000000800009C8 (0x0001) c.nop                                        main+456

mem[X,0x00000000800009CA] -> 0x0013
mem[X,0x00000000800009CC] -> 0x0000
[303] [M]: 0x00000000800009CA (0x00000013) addi x0, x0, 0x0                         main+458

clint mtime 0x0000000000000098 (mip.MTI <- 0b1, mip.STI <- 0b0)
mem[X,0x00000000800009CE] -> 0x0013
mem[X,0x00000000800009D0] -> 0x0000
[304] [M]: 0x00000000800009CE (0x00000013) addi x0, x0, 0x0                         main+462

mem[X,0x00000000800009D2] -> 0x0013
mem[X,0x00000000800009D4] -> 0x0000
[305] [M]: 0x00000000800009D2 (0x00000013) addi x0, x0, 0x0                         main+466

clint mtime 0x0000000000000099 (mip.MTI <- 0b1, mip.STI <- 0b0)
mem[X,0x00000000800009D6] -> 0x0013
mem[X,0x00000000800009D8] -> 0x0000
[306] [M]: 0x00000000800009D6 (0x00000013) addi x0, x0, 0x0                         main+470

mem[X,0x00000000800009DA] -> 0x0013
mem[X,0x00000000800009DC] -> 0x0000
[307] [M]: 0x00000000800009DA (0x00000013) addi x0, x0, 0x0                         main+474

clint mtime 0x000000000000009A (mip.MTI <- 0b1, mip.STI <- 0b0)
mem[X,0x00000000800009DE] -> 0x0001
[308] [M]: 0x00000000800009DE (0x0001) c.nop                                        main+478

mem[X,0x00000000800009E0] -> 0x0293
mem[X,0x00000000800009E2] -> 0x0380
[309] [M]: 0x00000000800009E0 (0x03800293) addi x5, x0, 0x38                        main+480
x5 <- 0x0000000000000038

clint mtime 0x000000000000009B (mip.MTI <- 0b1, mip.STI <- 0b0)
mem[X,0x00000000800009E4] -> 0x0333
mem[X,0x00000000800009E6] -> 0x0053
[310] [M]: 0x00000000800009E4 (0x00530333) add x6, x6, x5                           main+484
x6 <- 0x0000000080009038

mem[X,0x00000000800009E8] -> 0x3023
mem[X,0x00000000800009EA] -> 0x00A3
[311] [M]: 0x00000000800009E8 (0x00A33023) sd x10, 0x0(x6)                          main+488
mem[W,0x0000000080009038] <- 0x00000000000000CF

clint mtime 0x000000000000009C (mip.MTI <- 0b1, mip.STI <- 0b0)
mem[X,0x00000000800009EC] -> 0x03B3
mem[X,0x00000000800009EE] -> 0x0000
[312] [M]: 0x00000000800009EC (0x000003B3) add x7, x0, x0                           main+492
x7 <- 0x0000000000000000

mem[X,0x00000000800009F0] -> 0x0EB3
mem[X,0x00000000800009F2] -> 0x0000
[313] [M]: 0x00000000800009F0 (0x00000EB3) add x29, x0, x0                          main+496
x29 <- 0x0000000000000000

clint mtime 0x000000000000009D (mip.MTI <- 0b1, mip.STI <- 0b0)
mem[X,0x00000000800009F4] -> 0x0F13
mem[X,0x00000000800009F6] -> 0x0380
[314] [M]: 0x00000000800009F4 (0x03800F13) addi x30, x0, 0x38                       main+500
x30 <- 0x0000000000000038

mem[X,0x00000000800009F8] -> 0x5E33
mem[X,0x00000000800009FA] -> 0x01D5
[315] [M]: 0x00000000800009F8 (0x01D55E33) srl x28, x10, x29                        main+504
x28 <- 0x00000000000000CF

clint mtime 0x000000000000009E (mip.MTI <- 0b1, mip.STI <- 0b0)
mem[X,0x00000000800009FC] -> 0x7E13
mem[X,0x00000000800009FE] -> 0x0FFE
[316] [M]: 0x00000000800009FC (0x0FFE7E13) andi x28, x28, 0xff                      main+508
x28 <- 0x00000000000000CF

mem[X,0x0000000080000A00] -> 0x1E33
mem[X,0x0000000080000A02] -> 0x01EE
[317] [M]: 0x0000000080000A00 (0x01EE1E33) sll x28, x28, x30                        main+512
x28 <- 0xCF00000000000000

clint mtime 0x000000000000009F (mip.MTI <- 0b1, mip.STI <- 0b0)
mem[X,0x0000000080000A04] -> 0xE3B3
mem[X,0x0000000080000A06] -> 0x01C3
[318] [M]: 0x0000000080000A04 (0x01C3E3B3) or x7, x7, x28                           main+516
x7 <- 0xCF00000000000000

mem[X,0x0000000080000A08] -> 0x8E93
mem[X,0x0000000080000A0A] -> 0x008E
[319] [M]: 0x0000000080000A08 (0x008E8E93) addi x29, x29, 0x8                       main+520
x29 <- 0x0000000000000008

clint mtime 0x00000000000000A0 (mip.MTI <- 0b1, mip.STI <- 0b0)
mem[X,0x0000000080000A0C] -> 0x0F13
mem[X,0x0000000080000A0E] -> 0xFF8F
[320] [M]: 0x0000000080000A0C (0xFF8F0F13) addi x30, x30, -0x8                      main+524
x30 <- 0x0000000000000030

mem[X,0x0000000080000A10] -> 0x5E33
mem[X,0x0000000080000A12] -> 0x01D5
[321] [M]: 0x0000000080000A10 (0x01D55E33) srl x28, x10, x29                        main+528
x28 <- 0x0000000000000000

clint mtime 0x00000000000000A1 (mip.MTI <- 0b1, mip.STI <- 0b0)
mem[X,0x0000000080000A14] -> 0x7E13
mem[X,0x0000000080000A16] -> 0x0FFE
[322] [M]: 0x0000000080000A14 (0x0FFE7E13) andi x28, x28, 0xff                      main+532
x28 <- 0x0000000000000000

mem[X,0x0000000080000A18] -> 0x1E33
mem[X,0x0000000080000A1A] -> 0x01EE
[323] [M]: 0x0000000080000A18 (0x01EE1E33) sll x28, x28, x30                        main+536
x28 <- 0x0000000000000000

clint mtime 0x00000000000000A2 (mip.MTI <- 0b1, mip.STI <- 0b0)
mem[X,0x0000000080000A1C] -> 0xE3B3
mem[X,0x0000000080000A1E] -> 0x01C3
[324] [M]: 0x0000000080000A1C (0x01C3E3B3) or x7, x7, x28                           main+540
x7 <- 0xCF00000000000000

mem[X,0x0000000080000A20] -> 0x8E93
mem[X,0x0000000080000A22] -> 0x008E
[325] [M]: 0x0000000080000A20 (0x008E8E93) addi x29, x29, 0x8                       main+544
x29 <- 0x0000000000000010

clint mtime 0x00000000000000A3 (mip.MTI <- 0b1, mip.STI <- 0b0)
mem[X,0x0000000080000A24] -> 0x0F13
mem[X,0x0000000080000A26] -> 0xFF8F
[326] [M]: 0x0000000080000A24 (0xFF8F0F13) addi x30, x30, -0x8                      main+548
x30 <- 0x0000000000000028

mem[X,0x0000000080000A28] -> 0x5E33
mem[X,0x0000000080000A2A] -> 0x01D5
[327] [M]: 0x0000000080000A28 (0x01D55E33) srl x28, x10, x29                        main+552
x28 <- 0x0000000000000000

clint mtime 0x00000000000000A4 (mip.MTI <- 0b1, mip.STI <- 0b0)
mem[X,0x0000000080000A2C] -> 0x7E13
mem[X,0x0000000080000A2E] -> 0x0FFE
[328] [M]: 0x0000000080000A2C (0x0FFE7E13) andi x28, x28, 0xff                      main+556
x28 <- 0x0000000000000000

mem[X,0x0000000080000A30] -> 0x1E33
mem[X,0x0000000080000A32] -> 0x01EE
[329] [M]: 0x0000000080000A30 (0x01EE1E33) sll x28, x28, x30                        main+560
x28 <- 0x0000000000000000

clint mtime 0x00000000000000A5 (mip.MTI <- 0b1, mip.STI <- 0b0)
mem[X,0x0000000080000A34] -> 0xE3B3
mem[X,0x0000000080000A36] -> 0x01C3
[330] [M]: 0x0000000080000A34 (0x01C3E3B3) or x7, x7, x28                           main+564
x7 <- 0xCF00000000000000

mem[X,0x0000000080000A38] -> 0x8E93
mem[X,0x0000000080000A3A] -> 0x008E
[331] [M]: 0x0000000080000A38 (0x008E8E93) addi x29, x29, 0x8                       main+568
x29 <- 0x0000000000000018

clint mtime 0x00000000000000A6 (mip.MTI <- 0b1, mip.STI <- 0b0)
mem[X,0x0000000080000A3C] -> 0x0F13
mem[X,0x0000000080000A3E] -> 0xFF8F
[332] [M]: 0x0000000080000A3C (0xFF8F0F13) addi x30, x30, -0x8                      main+572
x30 <- 0x0000000000000020

mem[X,0x0000000080000A40] -> 0x5E33
mem[X,0x0000000080000A42] -> 0x01D5
[333] [M]: 0x0000000080000A40 (0x01D55E33) srl x28, x10, x29                        main+576
x28 <- 0x0000000000000000

clint mtime 0x00000000000000A7 (mip.MTI <- 0b1, mip.STI <- 0b0)
mem[X,0x0000000080000A44] -> 0x7E13
mem[X,0x0000000080000A46] -> 0x0FFE
[334] [M]: 0x0000000080000A44 (0x0FFE7E13) andi x28, x28, 0xff                      main+580
x28 <- 0x0000000000000000

mem[X,0x0000000080000A48] -> 0x1E33
mem[X,0x0000000080000A4A] -> 0x01EE
[335] [M]: 0x0000000080000A48 (0x01EE1E33) sll x28, x28, x30                        main+584
x28 <- 0x0000000000000000

clint mtime 0x00000000000000A8 (mip.MTI <- 0b1, mip.STI <- 0b0)
mem[X,0x0000000080000A4C] -> 0xE3B3
mem[X,0x0000000080000A4E] -> 0x01C3
[336] [M]: 0x0000000080000A4C (0x01C3E3B3) or x7, x7, x28                           main+588
x7 <- 0xCF00000000000000

mem[X,0x0000000080000A50] -> 0x8E93
mem[X,0x0000000080000A52] -> 0x008E
[337] [M]: 0x0000000080000A50 (0x008E8E93) addi x29, x29, 0x8                       main+592
x29 <- 0x0000000000000020

clint mtime 0x00000000000000A9 (mip.MTI <- 0b1, mip.STI <- 0b0)
mem[X,0x0000000080000A54] -> 0x0F13
mem[X,0x0000000080000A56] -> 0xFF8F
[338] [M]: 0x0000000080000A54 (0xFF8F0F13) addi x30, x30, -0x8                      main+596
x30 <- 0x0000000000000018

mem[X,0x0000000080000A58] -> 0x5E33
mem[X,0x0000000080000A5A] -> 0x01D5
[339] [M]: 0x0000000080000A58 (0x01D55E33) srl x28, x10, x29                        main+600
x28 <- 0x0000000000000000

clint mtime 0x00000000000000AA (mip.MTI <- 0b1, mip.STI <- 0b0)
mem[X,0x0000000080000A5C] -> 0x7E13
mem[X,0x0000000080000A5E] -> 0x0FFE
[340] [M]: 0x0000000080000A5C (0x0FFE7E13) andi x28, x28, 0xff                      main+604
x28 <- 0x0000000000000000

mem[X,0x0000000080000A60] -> 0x1E33
mem[X,0x0000000080000A62] -> 0x01EE
[341] [M]: 0x0000000080000A60 (0x01EE1E33) sll x28, x28, x30                        main+608
x28 <- 0x0000000000000000

clint mtime 0x00000000000000AB (mip.MTI <- 0b1, mip.STI <- 0b0)
mem[X,0x0000000080000A64] -> 0xE3B3
mem[X,0x0000000080000A66] -> 0x01C3
[342] [M]: 0x0000000080000A64 (0x01C3E3B3) or x7, x7, x28                           main+612
x7 <- 0xCF00000000000000

mem[X,0x0000000080000A68] -> 0x8E93
mem[X,0x0000000080000A6A] -> 0x008E
[343] [M]: 0x0000000080000A68 (0x008E8E93) addi x29, x29, 0x8                       main+616
x29 <- 0x0000000000000028

clint mtime 0x00000000000000AC (mip.MTI <- 0b1, mip.STI <- 0b0)
mem[X,0x0000000080000A6C] -> 0x0F13
mem[X,0x0000000080000A6E] -> 0xFF8F
[344] [M]: 0x0000000080000A6C (0xFF8F0F13) addi x30, x30, -0x8                      main+620
x30 <- 0x0000000000000010

mem[X,0x0000000080000A70] -> 0x5E33
mem[X,0x0000000080000A72] -> 0x01D5
[345] [M]: 0x0000000080000A70 (0x01D55E33) srl x28, x10, x29                        main+624
x28 <- 0x0000000000000000

clint mtime 0x00000000000000AD (mip.MTI <- 0b1, mip.STI <- 0b0)
mem[X,0x0000000080000A74] -> 0x7E13
mem[X,0x0000000080000A76] -> 0x0FFE
[346] [M]: 0x0000000080000A74 (0x0FFE7E13) andi x28, x28, 0xff                      main+628
x28 <- 0x0000000000000000

mem[X,0x0000000080000A78] -> 0x1E33
mem[X,0x0000000080000A7A] -> 0x01EE
[347] [M]: 0x0000000080000A78 (0x01EE1E33) sll x28, x28, x30                        main+632
x28 <- 0x0000000000000000

clint mtime 0x00000000000000AE (mip.MTI <- 0b1, mip.STI <- 0b0)
mem[X,0x0000000080000A7C] -> 0xE3B3
mem[X,0x0000000080000A7E] -> 0x01C3
[348] [M]: 0x0000000080000A7C (0x01C3E3B3) or x7, x7, x28                           main+636
x7 <- 0xCF00000000000000

mem[X,0x0000000080000A80] -> 0x8E93
mem[X,0x0000000080000A82] -> 0x008E
[349] [M]: 0x0000000080000A80 (0x008E8E93) addi x29, x29, 0x8                       main+640
x29 <- 0x0000000000000030

clint mtime 0x00000000000000AF (mip.MTI <- 0b1, mip.STI <- 0b0)
mem[X,0x0000000080000A84] -> 0x0F13
mem[X,0x0000000080000A86] -> 0xFF8F
[350] [M]: 0x0000000080000A84 (0xFF8F0F13) addi x30, x30, -0x8                      main+644
x30 <- 0x0000000000000008

mem[X,0x0000000080000A88] -> 0x5E33
mem[X,0x0000000080000A8A] -> 0x01D5
[351] [M]: 0x0000000080000A88 (0x01D55E33) srl x28, x10, x29                        main+648
x28 <- 0x0000000000000000

clint mtime 0x00000000000000B0 (mip.MTI <- 0b1, mip.STI <- 0b0)
mem[X,0x0000000080000A8C] -> 0x7E13
mem[X,0x0000000080000A8E] -> 0x0FFE
[352] [M]: 0x0000000080000A8C (0x0FFE7E13) andi x28, x28, 0xff                      main+652
x28 <- 0x0000000000000000

mem[X,0x0000000080000A90] -> 0x1E33
mem[X,0x0000000080000A92] -> 0x01EE
[353] [M]: 0x0000000080000A90 (0x01EE1E33) sll x28, x28, x30                        main+656
x28 <- 0x0000000000000000

clint mtime 0x00000000000000B1 (mip.MTI <- 0b1, mip.STI <- 0b0)
mem[X,0x0000000080000A94] -> 0xE3B3
mem[X,0x0000000080000A96] -> 0x01C3
[354] [M]: 0x0000000080000A94 (0x01C3E3B3) or x7, x7, x28                           main+660
x7 <- 0xCF00000000000000

mem[X,0x0000000080000A98] -> 0x8E93
mem[X,0x0000000080000A9A] -> 0x008E
[355] [M]: 0x0000000080000A98 (0x008E8E93) addi x29, x29, 0x8                       main+664
x29 <- 0x0000000000000038

clint mtime 0x00000000000000B2 (mip.MTI <- 0b1, mip.STI <- 0b0)
mem[X,0x0000000080000A9C] -> 0x0F13
mem[X,0x0000000080000A9E] -> 0xFF8F
[356] [M]: 0x0000000080000A9C (0xFF8F0F13) addi x30, x30, -0x8                      main+668
x30 <- 0x0000000000000000

mem[X,0x0000000080000AA0] -> 0x5E33
mem[X,0x0000000080000AA2] -> 0x01D5
[357] [M]: 0x0000000080000AA0 (0x01D55E33) srl x28, x10, x29                        main+672
x28 <- 0x0000000000000000

clint mtime 0x00000000000000B3 (mip.MTI <- 0b1, mip.STI <- 0b0)
mem[X,0x0000000080000AA4] -> 0x7E13
mem[X,0x0000000080000AA6] -> 0x0FFE
[358] [M]: 0x0000000080000AA4 (0x0FFE7E13) andi x28, x28, 0xff                      main+676
x28 <- 0x0000000000000000

mem[X,0x0000000080000AA8] -> 0x1E33
mem[X,0x0000000080000AAA] -> 0x01EE
[359] [M]: 0x0000000080000AA8 (0x01EE1E33) sll x28, x28, x30                        main+680
x28 <- 0x0000000000000000

clint mtime 0x00000000000000B4 (mip.MTI <- 0b1, mip.STI <- 0b0)
mem[X,0x0000000080000AAC] -> 0xE3B3
mem[X,0x0000000080000AAE] -> 0x01C3
[360] [M]: 0x0000000080000AAC (0x01C3E3B3) or x7, x7, x28                           main+684
x7 <- 0xCF00000000000000

mem[X,0x0000000080000AB0] -> 0x8E93
mem[X,0x0000000080000AB2] -> 0x008E
[361] [M]: 0x0000000080000AB0 (0x008E8E93) addi x29, x29, 0x8                       main+688
x29 <- 0x0000000000000040

clint mtime 0x00000000000000B5 (mip.MTI <- 0b1, mip.STI <- 0b0)
mem[X,0x0000000080000AB4] -> 0x0F13
mem[X,0x0000000080000AB6] -> 0xFF8F
[362] [M]: 0x0000000080000AB4 (0xFF8F0F13) addi x30, x30, -0x8                      main+692
x30 <- 0xFFFFFFFFFFFFFFF8

mem[X,0x0000000080000AB8] -> 0x3023
mem[X,0x0000000080000ABA] -> 0x0073
[363] [M]: 0x0000000080000AB8 (0x00733023) sd x7, 0x0(x6)                           main+696
mem[W,0x0000000080009038] <- 0xCF00000000000000

clint mtime 0x00000000000000B6 (mip.MTI <- 0b1, mip.STI <- 0b0)
mem[X,0x0000000080000ABC] -> 0x0073
mem[X,0x0000000080000ABE] -> 0x1200
[364] [M]: 0x0000000080000ABC (0x12000073) sfence.vma x0, x0                        main+700

mem[X,0x0000000080000AC0] -> 0x02B7
mem[X,0x0000000080000AC2] -> 0x0000
[365] [M]: 0x0000000080000AC0 (0x000002B7) lui x5, 0x0                              main+704
x5 <- 0x0000000000000000

clint mtime 0x00000000000000B7 (mip.MTI <- 0b1, mip.STI <- 0b0)
mem[X,0x0000000080000AC4] -> 0x8293
mem[X,0x0000000080000AC6] -> 0x3802
[366] [M]: 0x0000000080000AC4 (0x38028293) addi x5, x5, 0x380                       main+708
x5 <- 0x0000000000000380

mem[X,0x0000000080000AC8] -> 0x9293
mem[X,0x0000000080000ACA] -> 0x00B2
[367] [M]: 0x0000000080000AC8 (0x00B29293) slli x5, x5, 0xb                         main+712
x5 <- 0x00000000001C0000

clint mtime 0x00000000000000B8 (mip.MTI <- 0b1, mip.STI <- 0b0)
mem[X,0x0000000080000ACC] -> 0x8293
mem[X,0x0000000080000ACE] -> 0x4002
[368] [M]: 0x0000000080000ACC (0x40028293) addi x5, x5, 0x400                       main+716
x5 <- 0x00000000001C0400

mem[X,0x0000000080000AD0] -> 0x9293
mem[X,0x0000000080000AD2] -> 0x00B2
[369] [M]: 0x0000000080000AD0 (0x00B29293) slli x5, x5, 0xb                         main+720
x5 <- 0x00000000E0200000

clint mtime 0x00000000000000B9 (mip.MTI <- 0b1, mip.STI <- 0b0)
mem[X,0x0000000080000AD4] -> 0x8293
mem[X,0x0000000080000AD6] -> 0x0152
[370] [M]: 0x0000000080000AD4 (0x01528293) addi x5, x5, 0x15                        main+724
x5 <- 0x00000000E0200015

mem[X,0x0000000080000AD8] -> 0x9293
mem[X,0x0000000080000ADA] -> 0x00A2
[371] [M]: 0x0000000080000AD8 (0x00A29293) slli x5, x5, 0xa                         main+728
x5 <- 0x0000038080005400

clint mtime 0x00000000000000BA (mip.MTI <- 0b1, mip.STI <- 0b0)
mem[X,0x0000000080000ADC] -> 0x8293
mem[X,0x0000000080000ADE] -> 0x1302
[372] [M]: 0x0000000080000ADC (0x13028293) addi x5, x5, 0x130                       main+732
x5 <- 0x0000038080005530

mem[X,0x0000000080000AE0] -> 0x5317
mem[X,0x0000000080000AE2] -> 0x0000
[373] [M]: 0x0000000080000AE0 (0x00005317) auipc x6, 0x5                            main+736
x6 <- 0x0000000080005AE0

clint mtime 0x00000000000000BB (mip.MTI <- 0b1, mip.STI <- 0b0)
mem[X,0x0000000080000AE4] -> 0x0313
mem[X,0x0000000080000AE6] -> 0xA503
[374] [M]: 0x0000000080000AE4 (0xA5030313) addi x6, x6, -0x5b0                      main+740
x6 <- 0x0000000080005530

mem[X,0x0000000080000AE8] -> 0x0001
[375] [M]: 0x0000000080000AE8 (0x0001) c.nop                                        main+744

clint mtime 0x00000000000000BC (mip.MTI <- 0b1, mip.STI <- 0b0)
mem[X,0x0000000080000AEA] -> 0x0013
mem[X,0x0000000080000AEC] -> 0x0000
[376] [M]: 0x0000000080000AEA (0x00000013) addi x0, x0, 0x0                         main+746

mem[X,0x0000000080000AEE] -> 0x0013
mem[X,0x0000000080000AF0] -> 0x0000
[377] [M]: 0x0000000080000AEE (0x00000013) addi x0, x0, 0x0                         main+750

clint mtime 0x00000000000000BD (mip.MTI <- 0b1, mip.STI <- 0b0)
mem[X,0x0000000080000AF2] -> 0x0013
mem[X,0x0000000080000AF4] -> 0x0000
[378] [M]: 0x0000000080000AF2 (0x00000013) addi x0, x0, 0x0                         main+754

mem[X,0x0000000080000AF6] -> 0x0013
mem[X,0x0000000080000AF8] -> 0x0000
[379] [M]: 0x0000000080000AF6 (0x00000013) addi x0, x0, 0x0                         main+758

clint mtime 0x00000000000000BE (mip.MTI <- 0b1, mip.STI <- 0b0)
mem[X,0x0000000080000AFA] -> 0x0013
mem[X,0x0000000080000AFC] -> 0x0000
[380] [M]: 0x0000000080000AFA (0x00000013) addi x0, x0, 0x0                         main+762

mem[X,0x0000000080000AFE] -> 0x0001
[381] [M]: 0x0000000080000AFE (0x0001) c.nop                                        main+766

clint mtime 0x00000000000000BF (mip.MTI <- 0b1, mip.STI <- 0b0)
mem[X,0x0000000080000B00] -> 0x82B3
mem[X,0x0000000080000B02] -> 0x4062
[382] [M]: 0x0000000080000B00 (0x406282B3) sub x5, x5, x6                           main+768
x5 <- 0x0000038000000000

mem[X,0x0000000080000B04] -> 0x8E13
mem[X,0x0000000080000B06] -> 0x2982
[383] [M]: 0x0000000080000B04 (0x29828E13) addi x28, x5, 0x298                      main+772
x28 <- 0x0000038000000298

clint mtime 0x00000000000000C0 (mip.MTI <- 0b1, mip.STI <- 0b0)
mem[X,0x0000000080000B08] -> 0x2173
mem[X,0x0000000080000B0A] -> 0x3400
[384] [M]: 0x0000000080000B08 (0x34002173) csrrs x2, mscratch, x0                   main+776
CSR mscratch (0x340) -> 0x0000000080005000
x2 <- 0x0000000080005000

mem[X,0x0000000080000B0C] -> 0x0333
mem[X,0x0000000080000B0E] -> 0x01C1
[385] [M]: 0x0000000080000B0C (0x01C10333) add x6, x2, x28                          main+780
x6 <- 0x0000038080005298

clint mtime 0x00000000000000C1 (mip.MTI <- 0b1, mip.STI <- 0b0)
mem[X,0x0000000080000B10] -> 0x1073
mem[X,0x0000000080000B12] -> 0x1403
[386] [M]: 0x0000000080000B10 (0x14031073) csrrw x0, sscratch, x6                   main+784
CSR sscratch (0x140) <- 0x0000038080005298

mem[X,0x0000000080000B14] -> 0x2173
mem[X,0x0000000080000B16] -> 0x3400
[387] [M]: 0x0000000080000B14 (0x34002173) csrrs x2, mscratch, x0                   main+788
CSR mscratch (0x340) -> 0x0000000080005000
x2 <- 0x0000000080005000

clint mtime 0x00000000000000C2 (mip.MTI <- 0b1, mip.STI <- 0b0)
mem[X,0x0000000080000B18] -> 0x02B7
mem[X,0x0000000080000B1A] -> 0x0000
[388] [M]: 0x0000000080000B18 (0x000002B7) lui x5, 0x0                              main+792
x5 <- 0x0000000000000000

mem[X,0x0000000080000B1C] -> 0x8293
mem[X,0x0000000080000B1E] -> 0x3002
[389] [M]: 0x0000000080000B1C (0x30028293) addi x5, x5, 0x300                       main+796
x5 <- 0x0000000000000300

clint mtime 0x00000000000000C3 (mip.MTI <- 0b1, mip.STI <- 0b0)
mem[X,0x0000000080000B20] -> 0x9293
mem[X,0x0000000080000B22] -> 0x00B2
[390] [M]: 0x0000000080000B20 (0x00B29293) slli x5, x5, 0xb                         main+800
x5 <- 0x0000000000180000

mem[X,0x0000000080000B24] -> 0x8293
mem[X,0x0000000080000B26] -> 0x4002
[391] [M]: 0x0000000080000B24 (0x40028293) addi x5, x5, 0x400                       main+804
x5 <- 0x0000000000180400

clint mtime 0x00000000000000C4 (mip.MTI <- 0b1, mip.STI <- 0b0)
mem[X,0x0000000080000B28] -> 0x9293
mem[X,0x0000000080000B2A] -> 0x00B2
[392] [M]: 0x0000000080000B28 (0x00B29293) slli x5, x5, 0xb                         main+808
x5 <- 0x00000000C0200000

mem[X,0x0000000080000B2C] -> 0x8293
mem[X,0x0000000080000B2E] -> 0x0012
[393] [M]: 0x0000000080000B2C (0x00128293) addi x5, x5, 0x1                         main+812
x5 <- 0x00000000C0200001

clint mtime 0x00000000000000C5 (mip.MTI <- 0b1, mip.STI <- 0b0)
mem[X,0x0000000080000B30] -> 0x9293
mem[X,0x0000000080000B32] -> 0x00A2
[394] [M]: 0x0000000080000B30 (0x00A29293) slli x5, x5, 0xa                         main+816
x5 <- 0x0000030080000400

mem[X,0x0000000080000B34] -> 0x8293
mem[X,0x0000000080000B36] -> 0x3BC2
[395] [M]: 0x0000000080000B34 (0x3BC28293) addi x5, x5, 0x3bc                       main+820
x5 <- 0x00000300800007BC

clint mtime 0x00000000000000C6 (mip.MTI <- 0b1, mip.STI <- 0b0)
mem[X,0x0000000080000B38] -> 0x0013
mem[X,0x0000000080000B3A] -> 0x0000
[396] [M]: 0x0000000080000B38 (0x00000013) addi x0, x0, 0x0                         main+824

mem[X,0x0000000080000B3C] -> 0x0013
mem[X,0x0000000080000B3E] -> 0x0000
[397] [M]: 0x0000000080000B3C (0x00000013) addi x0, x0, 0x0                         main+828

clint mtime 0x00000000000000C7 (mip.MTI <- 0b1, mip.STI <- 0b0)
mem[X,0x0000000080000B40] -> 0x0317
mem[X,0x0000000080000B42] -> 0x0000
[398] [M]: 0x0000000080000B40 (0x00000317) auipc x6, 0x0                            main+832
x6 <- 0x0000000080000B40

mem[X,0x0000000080000B44] -> 0x0313
mem[X,0x0000000080000B46] -> 0xC943
[399] [M]: 0x0000000080000B44 (0xC9430313) addi x6, x6, -0x36c                      main+836
x6 <- 0x00000000800007D4

clint mtime 0x00000000000000C8 (mip.MTI <- 0b1, mip.STI <- 0b0)
mem[X,0x0000000080000B48] -> 0x0001
[400] [M]: 0x0000000080000B48 (0x0001) c.nop                                        main+840

mem[X,0x0000000080000B4A] -> 0x0013
mem[X,0x0000000080000B4C] -> 0x0000
[401] [M]: 0x0000000080000B4A (0x00000013) addi x0, x0, 0x0                         main+842

clint mtime 0x00000000000000C9 (mip.MTI <- 0b1, mip.STI <- 0b0)
mem[X,0x0000000080000B4E] -> 0x0013
mem[X,0x0000000080000B50] -> 0x0000
[402] [M]: 0x0000000080000B4E (0x00000013) addi x0, x0, 0x0                         main+846

mem[X,0x0000000080000B52] -> 0x0013
mem[X,0x0000000080000B54] -> 0x0000
[403] [M]: 0x0000000080000B52 (0x00000013) addi x0, x0, 0x0                         main+850

clint mtime 0x00000000000000CA (mip.MTI <- 0b1, mip.STI <- 0b0)
mem[X,0x0000000080000B56] -> 0x0013
mem[X,0x0000000080000B58] -> 0x0000
[404] [M]: 0x0000000080000B56 (0x00000013) addi x0, x0, 0x0                         main+854

mem[X,0x0000000080000B5A] -> 0x0013
mem[X,0x0000000080000B5C] -> 0x0000
[405] [M]: 0x0000000080000B5A (0x00000013) addi x0, x0, 0x0                         main+858

clint mtime 0x00000000000000CB (mip.MTI <- 0b1, mip.STI <- 0b0)
mem[X,0x0000000080000B5E] -> 0x0001
[406] [M]: 0x0000000080000B5E (0x0001) c.nop                                        main+862

mem[X,0x0000000080000B60] -> 0x82B3
mem[X,0x0000000080000B62] -> 0x4062
[407] [M]: 0x0000000080000B60 (0x406282B3) sub x5, x5, x6                           main+864
x5 <- 0x000002FFFFFFFFE8

clint mtime 0x00000000000000CC (mip.MTI <- 0b1, mip.STI <- 0b0)
mem[X,0x0000000080000B64] -> 0x3303
mem[X,0x0000000080000B66] -> 0x1D81
[408] [M]: 0x0000000080000B64 (0x1D813303) ld x6, 0x1d8(x2)                         main+868
mem[R,0x00000000800051D8] -> 0x00000000800007D4
x6 <- 0x00000000800007D4

mem[X,0x0000000080000B68] -> 0x03B3
mem[X,0x0000000080000B6A] -> 0x0053
[409] [M]: 0x0000000080000B68 (0x005303B3) add x7, x6, x5                           main+872
x7 <- 0x00000300800007BC

clint mtime 0x00000000000000CD (mip.MTI <- 0b1, mip.STI <- 0b0)
mem[X,0x0000000080000B6C] -> 0x3823
mem[X,0x0000000080000B6E] -> 0x4671
[410] [M]: 0x0000000080000B6C (0x46713823) sd x7, 0x470(x2)                         main+876
mem[W,0x0000000080005470] <- 0x00000300800007BC

mem[X,0x0000000080000B70] -> 0x02B7
mem[X,0x0000000080000B72] -> 0x0000
[411] [M]: 0x0000000080000B70 (0x000002B7) lui x5, 0x0                              main+880
x5 <- 0x0000000000000000

clint mtime 0x00000000000000CE (mip.MTI <- 0b1, mip.STI <- 0b0)
mem[X,0x0000000080000B74] -> 0x8293
mem[X,0x0000000080000B76] -> 0x3802
[412] [M]: 0x0000000080000B74 (0x38028293) addi x5, x5, 0x380                       main+884
x5 <- 0x0000000000000380

mem[X,0x0000000080000B78] -> 0x9293
mem[X,0x0000000080000B7A] -> 0x00B2
[413] [M]: 0x0000000080000B78 (0x00B29293) slli x5, x5, 0xb                         main+888
x5 <- 0x00000000001C0000

clint mtime 0x00000000000000CF (mip.MTI <- 0b1, mip.STI <- 0b0)
mem[X,0x0000000080000B7C] -> 0x8293
mem[X,0x0000000080000B7E] -> 0x4002
[414] [M]: 0x0000000080000B7C (0x40028293) addi x5, x5, 0x400                       main+892
x5 <- 0x00000000001C0400

mem[X,0x0000000080000B80] -> 0x9293
mem[X,0x0000000080000B82] -> 0x00B2
[415] [M]: 0x0000000080000B80 (0x00B29293) slli x5, x5, 0xb                         main+896
x5 <- 0x00000000E0200000

clint mtime 0x00000000000000D0 (mip.MTI <- 0b1, mip.STI <- 0b0)
mem[X,0x0000000080000B84] -> 0x8293
mem[X,0x0000000080000B86] -> 0x0152
[416] [M]: 0x0000000080000B84 (0x01528293) addi x5, x5, 0x15                        main+900
x5 <- 0x00000000E0200015

mem[X,0x0000000080000B88] -> 0x9293
mem[X,0x0000000080000B8A] -> 0x00A2
[417] [M]: 0x0000000080000B88 (0x00A29293) slli x5, x5, 0xa                         main+904
x5 <- 0x0000038080005400

clint mtime 0x00000000000000D1 (mip.MTI <- 0b1, mip.STI <- 0b0)
mem[X,0x0000000080000B8C] -> 0x8293
mem[X,0x0000000080000B8E] -> 0x1302
[418] [M]: 0x0000000080000B8C (0x13028293) addi x5, x5, 0x130                       main+908
x5 <- 0x0000038080005530

mem[X,0x0000000080000B90] -> 0x0013
mem[X,0x0000000080000B92] -> 0x0000
[419] [M]: 0x0000000080000B90 (0x00000013) addi x0, x0, 0x0                         main+912

clint mtime 0x00000000000000D2 (mip.MTI <- 0b1, mip.STI <- 0b0)
mem[X,0x0000000080000B94] -> 0x0013
mem[X,0x0000000080000B96] -> 0x0000
[420] [M]: 0x0000000080000B94 (0x00000013) addi x0, x0, 0x0                         main+916

mem[X,0x0000000080000B98] -> 0x0013
mem[X,0x0000000080000B9A] -> 0x0000
[421] [M]: 0x0000000080000B98 (0x00000013) addi x0, x0, 0x0                         main+920

clint mtime 0x00000000000000D3 (mip.MTI <- 0b1, mip.STI <- 0b0)
mem[X,0x0000000080000B9C] -> 0x0013
mem[X,0x0000000080000B9E] -> 0x0000
[422] [M]: 0x0000000080000B9C (0x00000013) addi x0, x0, 0x0                         main+924

mem[X,0x0000000080000BA0] -> 0x5317
mem[X,0x0000000080000BA2] -> 0x0000
[423] [M]: 0x0000000080000BA0 (0x00005317) auipc x6, 0x5                            main+928
x6 <- 0x0000000080005BA0

clint mtime 0x00000000000000D4 (mip.MTI <- 0b1, mip.STI <- 0b0)
mem[X,0x0000000080000BA4] -> 0x0313
mem[X,0x0000000080000BA6] -> 0x9903
[424] [M]: 0x0000000080000BA4 (0x99030313) addi x6, x6, -0x670                      main+932
x6 <- 0x0000000080005530

mem[X,0x0000000080000BA8] -> 0x0001
[425] [M]: 0x0000000080000BA8 (0x0001) c.nop                                        main+936

clint mtime 0x00000000000000D5 (mip.MTI <- 0b1, mip.STI <- 0b0)
mem[X,0x0000000080000BAA] -> 0x0013
mem[X,0x0000000080000BAC] -> 0x0000
[426] [M]: 0x0000000080000BAA (0x00000013) addi x0, x0, 0x0                         main+938

mem[X,0x0000000080000BAE] -> 0x0013
mem[X,0x0000000080000BB0] -> 0x0000
[427] [M]: 0x0000000080000BAE (0x00000013) addi x0, x0, 0x0                         main+942

clint mtime 0x00000000000000D6 (mip.MTI <- 0b1, mip.STI <- 0b0)
mem[X,0x0000000080000BB2] -> 0x0013
mem[X,0x0000000080000BB4] -> 0x0000
[428] [M]: 0x0000000080000BB2 (0x00000013) addi x0, x0, 0x0                         main+946

mem[X,0x0000000080000BB6] -> 0x0013
mem[X,0x0000000080000BB8] -> 0x0000
[429] [M]: 0x0000000080000BB6 (0x00000013) addi x0, x0, 0x0                         main+950

clint mtime 0x00000000000000D7 (mip.MTI <- 0b1, mip.STI <- 0b0)
mem[X,0x0000000080000BBA] -> 0x0013
mem[X,0x0000000080000BBC] -> 0x0000
[430] [M]: 0x0000000080000BBA (0x00000013) addi x0, x0, 0x0                         main+954

mem[X,0x0000000080000BBE] -> 0x0001
[431] [M]: 0x0000000080000BBE (0x0001) c.nop                                        main+958

clint mtime 0x00000000000000D8 (mip.MTI <- 0b1, mip.STI <- 0b0)
mem[X,0x0000000080000BC0] -> 0x82B3
mem[X,0x0000000080000BC2] -> 0x4062
[432] [M]: 0x0000000080000BC0 (0x406282B3) sub x5, x5, x6                           main+960
x5 <- 0x0000038000000000

mem[X,0x0000000080000BC4] -> 0x3303
mem[X,0x0000000080000BC6] -> 0x1E81
[433] [M]: 0x0000000080000BC4 (0x1E813303) ld x6, 0x1e8(x2)                         main+964
mem[R,0x00000000800051E8] -> 0x0000000080005530
x6 <- 0x0000000080005530

clint mtime 0x00000000000000D9 (mip.MTI <- 0b1, mip.STI <- 0b0)
mem[X,0x0000000080000BC8] -> 0x03B3
mem[X,0x0000000080000BCA] -> 0x0053
[434] [M]: 0x0000000080000BC8 (0x005303B3) add x7, x6, x5                           main+968
x7 <- 0x0000038080005530

mem[X,0x0000000080000BCC] -> 0x3023
mem[X,0x0000000080000BCE] -> 0x4871
[435] [M]: 0x0000000080000BCC (0x48713023) sd x7, 0x480(x2)                         main+972
mem[W,0x0000000080005480] <- 0x0000038080005530

clint mtime 0x00000000000000DA (mip.MTI <- 0b1, mip.STI <- 0b0)
mem[X,0x0000000080000BD0] -> 0x0013
mem[X,0x0000000080000BD2] -> 0x0000
[436] [M]: 0x0000000080000BD0 (0x00000013) addi x0, x0, 0x0                         main+976

mem[X,0x0000000080000BD4] -> 0x0013
mem[X,0x0000000080000BD6] -> 0x0000
[437] [M]: 0x0000000080000BD4 (0x00000013) addi x0, x0, 0x0                         main+980

clint mtime 0x00000000000000DB (mip.MTI <- 0b1, mip.STI <- 0b0)
mem[X,0x0000000080000BD8] -> 0x0013
mem[X,0x0000000080000BDA] -> 0x0000
[438] [M]: 0x0000000080000BD8 (0x00000013) addi x0, x0, 0x0                         main+984

mem[X,0x0000000080000BDC] -> 0x0013
mem[X,0x0000000080000BDE] -> 0x0000
[439] [M]: 0x0000000080000BDC (0x00000013) addi x0, x0, 0x0                         main+988

clint mtime 0x00000000000000DC (mip.MTI <- 0b1, mip.STI <- 0b0)
mem[X,0x0000000080000BE0] -> 0x8F97
mem[X,0x0000000080000BE2] -> 0x0000
[440] [M]: 0x0000000080000BE0 (0x00008F97) auipc x31, 0x8                           main+992
x31 <- 0x0000000080008BE0

mem[X,0x0000000080000BE4] -> 0x8F93
mem[X,0x0000000080000BE6] -> 0x420F
[441] [M]: 0x0000000080000BE4 (0x420F8F93) addi x31, x31, 0x420                     main+996
x31 <- 0x0000000080009000

clint mtime 0x00000000000000DD (mip.MTI <- 0b1, mip.STI <- 0b0)
mem[X,0x0000000080000BE8] -> 0x0001
[442] [M]: 0x0000000080000BE8 (0x0001) c.nop                                        main+1000

mem[X,0x0000000080000BEA] -> 0x0013
mem[X,0x0000000080000BEC] -> 0x0000
[443] [M]: 0x0000000080000BEA (0x00000013) addi x0, x0, 0x0                         main+1002

clint mtime 0x00000000000000DE (mip.MTI <- 0b1, mip.STI <- 0b0)
mem[X,0x0000000080000BEE] -> 0x0013
mem[X,0x0000000080000BF0] -> 0x0000
[444] [M]: 0x0000000080000BEE (0x00000013) addi x0, x0, 0x0                         main+1006

mem[X,0x0000000080000BF2] -> 0x0013
mem[X,0x0000000080000BF4] -> 0x0000
[445] [M]: 0x0000000080000BF2 (0x00000013) addi x0, x0, 0x0                         main+1010

clint mtime 0x00000000000000DF (mip.MTI <- 0b1, mip.STI <- 0b0)
mem[X,0x0000000080000BF6] -> 0x0013
mem[X,0x0000000080000BF8] -> 0x0000
[446] [M]: 0x0000000080000BF6 (0x00000013) addi x0, x0, 0x0                         main+1014

mem[X,0x0000000080000BFA] -> 0x0013
mem[X,0x0000000080000BFC] -> 0x0000
[447] [M]: 0x0000000080000BFA (0x00000013) addi x0, x0, 0x0                         main+1018

clint mtime 0x00000000000000E0 (mip.MTI <- 0b1, mip.STI <- 0b0)
mem[X,0x0000000080000BFE] -> 0x0001
[448] [M]: 0x0000000080000BFE (0x0001) c.nop                                        main+1022

mem[X,0x0000000080000C00] -> 0x0F13
mem[X,0x0000000080000C02] -> 0x0090
[449] [M]: 0x0000000080000C00 (0x00900F13) addi x30, x0, 0x9                        main+1024
x30 <- 0x0000000000000009

clint mtime 0x00000000000000E1 (mip.MTI <- 0b1, mip.STI <- 0b0)
mem[X,0x0000000080000C04] -> 0x1F13
mem[X,0x0000000080000C06] -> 0x03CF
[450] [M]: 0x0000000080000C04 (0x03CF1F13) slli x30, x30, 0x3c                      main+1028
x30 <- 0x9000000000000000

mem[X,0x0000000080000C08] -> 0xDF93
mem[X,0x0000000080000C0A] -> 0x00CF
[451] [M]: 0x0000000080000C08 (0x00CFDF93) srli x31, x31, 0xc                       main+1032
x31 <- 0x0000000000080009

clint mtime 0x00000000000000E2 (mip.MTI <- 0b1, mip.STI <- 0b0)
mem[X,0x0000000080000C0C] -> 0xEFB3
mem[X,0x0000000080000C0E] -> 0x01EF
[452] [M]: 0x0000000080000C0C (0x01EFEFB3) or x31, x31, x30                         main+1036
x31 <- 0x9000000000080009

mem[X,0x0000000080000C10] -> 0x9073
mem[X,0x0000000080000C12] -> 0x180F
[453] [M]: 0x0000000080000C10 (0x180F9073) csrrw x0, satp, x31                      main+1040
CSR satp (0x180) <- 0x9000000000080009

clint mtime 0x00000000000000E3 (mip.MTI <- 0b1, mip.STI <- 0b0)
mem[X,0x0000000080000C14] -> 0x0073
mem[X,0x0000000080000C16] -> 0x1200
[454] [M]: 0x0000000080000C14 (0x12000073) sfence.vma x0, x0                        main+1044

mem[X,0x0000000080000C18] -> 0x0B93
mem[X,0x0000000080000C1A] -> 0x0010
[455] [M]: 0x0000000080000C18 (0x00100B93) addi x23, x0, 0x1                        main+1048
x23 <- 0x0000000000000001

clint mtime 0x00000000000000E4 (mip.MTI <- 0b1, mip.STI <- 0b0)
mem[X,0x0000000080000C1C] -> 0x9B93
mem[X,0x0000000080000C1E] -> 0x024B
[456] [M]: 0x0000000080000C1C (0x024B9B93) slli x23, x23, 0x24                      main+1052
x23 <- 0x0000001000000000

mem[X,0x0000000080000C20] -> 0xA073
mem[X,0x0000000080000C22] -> 0x300B
[457] [M]: 0x0000000080000C20 (0x300BA073) csrrs x0, mstatus, x23                   main+1056
CSR mstatus (0x300) <- 0x0000000A00000000

clint mtime 0x00000000000000E5 (mip.MTI <- 0b1, mip.STI <- 0b0)
mem[X,0x0000000080000C24] -> 0x0013
mem[X,0x0000000080000C26] -> 0x0000
[458] [M]: 0x0000000080000C24 (0x00000013) addi x0, x0, 0x0                         main+1060

mem[X,0x0000000080000C28] -> 0x0013
mem[X,0x0000000080000C2A] -> 0x0000
[459] [M]: 0x0000000080000C28 (0x00000013) addi x0, x0, 0x0                         main+1064

clint mtime 0x00000000000000E6 (mip.MTI <- 0b1, mip.STI <- 0b0)
mem[X,0x0000000080000C2C] -> 0x0013
mem[X,0x0000000080000C2E] -> 0x0000
[460] [M]: 0x0000000080000C2C (0x00000013) addi x0, x0, 0x0                         main+1068

mem[X,0x0000000080000C30] -> 0x0013
mem[X,0x0000000080000C32] -> 0x0000
[461] [M]: 0x0000000080000C30 (0x00000013) addi x0, x0, 0x0                         main+1072

clint mtime 0x00000000000000E7 (mip.MTI <- 0b1, mip.STI <- 0b0)
mem[X,0x0000000080000C34] -> 0x0013
mem[X,0x0000000080000C36] -> 0x0000
[462] [M]: 0x0000000080000C34 (0x00000013) addi x0, x0, 0x0                         main+1076

mem[X,0x0000000080000C38] -> 0x0013
mem[X,0x0000000080000C3A] -> 0x0000
[463] [M]: 0x0000000080000C38 (0x00000013) addi x0, x0, 0x0                         main+1080

clint mtime 0x00000000000000E8 (mip.MTI <- 0b1, mip.STI <- 0b0)
mem[X,0x0000000080000C3C] -> 0x0013
mem[X,0x0000000080000C3E] -> 0x0000
[464] [M]: 0x0000000080000C3C (0x00000013) addi x0, x0, 0x0                         main+1084

mem[X,0x0000000080000C40] -> 0x051B
mem[X,0x0000000080000C42] -> 0x0000
[465] [M]: 0x0000000080000C40 (0x0000051B) addiw x10, x0, 0x0                       main+1088
x10 <- 0x0000000000000000

clint mtime 0x00000000000000E9 (mip.MTI <- 0b1, mip.STI <- 0b0)
mem[X,0x0000000080000C44] -> 0x0001
[466] [M]: 0x0000000080000C44 (0x0001) c.nop                                        main+1092

mem[X,0x0000000080000C46] -> 0x0013
mem[X,0x0000000080000C48] -> 0x0000
[467] [M]: 0x0000000080000C46 (0x00000013) addi x0, x0, 0x0                         main+1094

clint mtime 0x00000000000000EA (mip.MTI <- 0b1, mip.STI <- 0b0)
mem[X,0x0000000080000C4A] -> 0x0013
mem[X,0x0000000080000C4C] -> 0x0000
[468] [M]: 0x0000000080000C4A (0x00000013) addi x0, x0, 0x0                         main+1098

mem[X,0x0000000080000C4E] -> 0x0013
mem[X,0x0000000080000C50] -> 0x0000
[469] [M]: 0x0000000080000C4E (0x00000013) addi x0, x0, 0x0                         main+1102

clint mtime 0x00000000000000EB (mip.MTI <- 0b1, mip.STI <- 0b0)
mem[X,0x0000000080000C52] -> 0x0013
mem[X,0x0000000080000C54] -> 0x0000
[470] [M]: 0x0000000080000C52 (0x00000013) addi x0, x0, 0x0                         main+1106

mem[X,0x0000000080000C56] -> 0x0013
mem[X,0x0000000080000C58] -> 0x0000
[471] [M]: 0x0000000080000C56 (0x00000013) addi x0, x0, 0x0                         main+1110

clint mtime 0x00000000000000EC (mip.MTI <- 0b1, mip.STI <- 0b0)
mem[X,0x0000000080000C5A] -> 0x0013
mem[X,0x0000000080000C5C] -> 0x0000
[472] [M]: 0x0000000080000C5A (0x00000013) addi x0, x0, 0x0                         main+1114

mem[X,0x0000000080000C5E] -> 0x0001
[473] [M]: 0x0000000080000C5E (0x0001) c.nop                                        main+1118

clint mtime 0x00000000000000ED (mip.MTI <- 0b1, mip.STI <- 0b0)
mem[X,0x0000000080000C60] -> 0x0593
mem[X,0x0000000080000C62] -> 0x0CF0
[474] [M]: 0x0000000080000C60 (0x0CF00593) addi x11, x0, 0xcf                       main+1120
x11 <- 0x00000000000000CF

mem[X,0x0000000080000C64] -> 0x5513
mem[X,0x0000000080000C66] -> 0x00C5
[475] [M]: 0x0000000080000C64 (0x00C55513) srli x10, x10, 0xc                       main+1124
x10 <- 0x0000000000000000

clint mtime 0x00000000000000EE (mip.MTI <- 0b1, mip.STI <- 0b0)
mem[X,0x0000000080000C68] -> 0x1513
mem[X,0x0000000080000C6A] -> 0x00A5
[476] [M]: 0x0000000080000C68 (0x00A51513) slli x10, x10, 0xa                       main+1128
x10 <- 0x0000000000000000

mem[X,0x0000000080000C6C] -> 0x6533
mem[X,0x0000000080000C6E] -> 0x00B5
[477] [M]: 0x0000000080000C6C (0x00B56533) or x10, x10, x11                         main+1132
x10 <- 0x00000000000000CF

clint mtime 0x00000000000000EF (mip.MTI <- 0b1, mip.STI <- 0b0)
mem[X,0x0000000080000C70] -> 0x0013
mem[X,0x0000000080000C72] -> 0x0000
[478] [M]: 0x0000000080000C70 (0x00000013) addi x0, x0, 0x0                         main+1136

mem[X,0x0000000080000C74] -> 0x0013
mem[X,0x0000000080000C76] -> 0x0000
[479] [M]: 0x0000000080000C74 (0x00000013) addi x0, x0, 0x0                         main+1140

clint mtime 0x00000000000000F0 (mip.MTI <- 0b1, mip.STI <- 0b0)
mem[X,0x0000000080000C78] -> 0x0013
mem[X,0x0000000080000C7A] -> 0x0000
[480] [M]: 0x0000000080000C78 (0x00000013) addi x0, x0, 0x0                         main+1144

mem[X,0x0000000080000C7C] -> 0x0013
mem[X,0x0000000080000C7E] -> 0x0000
[481] [M]: 0x0000000080000C7C (0x00000013) addi x0, x0, 0x0                         main+1148

clint mtime 0x00000000000000F1 (mip.MTI <- 0b1, mip.STI <- 0b0)
mem[X,0x0000000080000C80] -> 0x8317
mem[X,0x0000000080000C82] -> 0x0000
[482] [M]: 0x0000000080000C80 (0x00008317) auipc x6, 0x8                            main+1152
x6 <- 0x0000000080008C80

mem[X,0x0000000080000C84] -> 0x0313
mem[X,0x0000000080000C86] -> 0x3803
[483] [M]: 0x0000000080000C84 (0x38030313) addi x6, x6, 0x380                       main+1156
x6 <- 0x0000000080009000

clint mtime 0x00000000000000F2 (mip.MTI <- 0b1, mip.STI <- 0b0)
mem[X,0x0000000080000C88] -> 0x0001
[484] [M]: 0x0000000080000C88 (0x0001) c.nop                                        main+1160

mem[X,0x0000000080000C8A] -> 0x0013
mem[X,0x0000000080000C8C] -> 0x0000
[485] [M]: 0x0000000080000C8A (0x00000013) addi x0, x0, 0x0                         main+1162

clint mtime 0x00000000000000F3 (mip.MTI <- 0b1, mip.STI <- 0b0)
mem[X,0x0000000080000C8E] -> 0x0013
mem[X,0x0000000080000C90] -> 0x0000
[486] [M]: 0x0000000080000C8E (0x00000013) addi x0, x0, 0x0                         main+1166

mem[X,0x0000000080000C92] -> 0x0013
mem[X,0x0000000080000C94] -> 0x0000
[487] [M]: 0x0000000080000C92 (0x00000013) addi x0, x0, 0x0                         main+1170

clint mtime 0x00000000000000F4 (mip.MTI <- 0b1, mip.STI <- 0b0)
mem[X,0x0000000080000C96] -> 0x0013
mem[X,0x0000000080000C98] -> 0x0000
[488] [M]: 0x0000000080000C96 (0x00000013) addi x0, x0, 0x0                         main+1174

mem[X,0x0000000080000C9A] -> 0x0013
mem[X,0x0000000080000C9C] -> 0x0000
[489] [M]: 0x0000000080000C9A (0x00000013) addi x0, x0, 0x0                         main+1178

clint mtime 0x00000000000000F5 (mip.MTI <- 0b1, mip.STI <- 0b0)
mem[X,0x0000000080000C9E] -> 0x0001
[490] [M]: 0x0000000080000C9E (0x0001) c.nop                                        main+1182

mem[X,0x0000000080000CA0] -> 0x0293
mem[X,0x0000000080000CA2] -> 0x0280
[491] [M]: 0x0000000080000CA0 (0x02800293) addi x5, x0, 0x28                        main+1184
x5 <- 0x0000000000000028

clint mtime 0x00000000000000F6 (mip.MTI <- 0b1, mip.STI <- 0b0)
mem[X,0x0000000080000CA4] -> 0x0333
mem[X,0x0000000080000CA6] -> 0x0053
[492] [M]: 0x0000000080000CA4 (0x00530333) add x6, x6, x5                           main+1188
x6 <- 0x0000000080009028

mem[X,0x0000000080000CA8] -> 0x3023
mem[X,0x0000000080000CAA] -> 0x00A3
[493] [M]: 0x0000000080000CA8 (0x00A33023) sd x10, 0x0(x6)                          main+1192
mem[W,0x0000000080009028] <- 0x00000000000000CF

clint mtime 0x00000000000000F7 (mip.MTI <- 0b1, mip.STI <- 0b0)
mem[X,0x0000000080000CAC] -> 0x03B3
mem[X,0x0000000080000CAE] -> 0x0000
[494] [M]: 0x0000000080000CAC (0x000003B3) add x7, x0, x0                           main+1196
x7 <- 0x0000000000000000

mem[X,0x0000000080000CB0] -> 0x0EB3
mem[X,0x0000000080000CB2] -> 0x0000
[495] [M]: 0x0000000080000CB0 (0x00000EB3) add x29, x0, x0                          main+1200
x29 <- 0x0000000000000000

clint mtime 0x00000000000000F8 (mip.MTI <- 0b1, mip.STI <- 0b0)
mem[X,0x0000000080000CB4] -> 0x0F13
mem[X,0x0000000080000CB6] -> 0x0380
[496] [M]: 0x0000000080000CB4 (0x03800F13) addi x30, x0, 0x38                       main+1204
x30 <- 0x0000000000000038

mem[X,0x0000000080000CB8] -> 0x5E33
mem[X,0x0000000080000CBA] -> 0x01D5
[497] [M]: 0x0000000080000CB8 (0x01D55E33) srl x28, x10, x29                        main+1208
x28 <- 0x00000000000000CF

clint mtime 0x00000000000000F9 (mip.MTI <- 0b1, mip.STI <- 0b0)
mem[X,0x0000000080000CBC] -> 0x7E13
mem[X,0x0000000080000CBE] -> 0x0FFE
[498] [M]: 0x0000000080000CBC (0x0FFE7E13) andi x28, x28, 0xff                      main+1212
x28 <- 0x00000000000000CF

mem[X,0x0000000080000CC0] -> 0x1E33
mem[X,0x0000000080000CC2] -> 0x01EE
[499] [M]: 0x0000000080000CC0 (0x01EE1E33) sll x28, x28, x30                        main+1216
x28 <- 0xCF00000000000000

clint mtime 0x00000000000000FA (mip.MTI <- 0b1, mip.STI <- 0b0)
mem[X,0x0000000080000CC4] -> 0xE3B3
mem[X,0x0000000080000CC6] -> 0x01C3
[500] [M]: 0x0000000080000CC4 (0x01C3E3B3) or x7, x7, x28                           main+1220
x7 <- 0xCF00000000000000

mem[X,0x0000000080000CC8] -> 0x8E93
mem[X,0x0000000080000CCA] -> 0x008E
[501] [M]: 0x0000000080000CC8 (0x008E8E93) addi x29, x29, 0x8                       main+1224
x29 <- 0x0000000000000008

clint mtime 0x00000000000000FB (mip.MTI <- 0b1, mip.STI <- 0b0)
mem[X,0x0000000080000CCC] -> 0x0F13
mem[X,0x0000000080000CCE] -> 0xFF8F
[502] [M]: 0x0000000080000CCC (0xFF8F0F13) addi x30, x30, -0x8                      main+1228
x30 <- 0x0000000000000030

mem[X,0x0000000080000CD0] -> 0x5E33
mem[X,0x0000000080000CD2] -> 0x01D5
[503] [M]: 0x0000000080000CD0 (0x01D55E33) srl x28, x10, x29                        main+1232
x28 <- 0x0000000000000000

clint mtime 0x00000000000000FC (mip.MTI <- 0b1, mip.STI <- 0b0)
mem[X,0x0000000080000CD4] -> 0x7E13
mem[X,0x0000000080000CD6] -> 0x0FFE
[504] [M]: 0x0000000080000CD4 (0x0FFE7E13) andi x28, x28, 0xff                      main+1236
x28 <- 0x0000000000000000

mem[X,0x0000000080000CD8] -> 0x1E33
mem[X,0x0000000080000CDA] -> 0x01EE
[505] [M]: 0x0000000080000CD8 (0x01EE1E33) sll x28, x28, x30                        main+1240
x28 <- 0x0000000000000000

clint mtime 0x00000000000000FD (mip.MTI <- 0b1, mip.STI <- 0b0)
mem[X,0x0000000080000CDC] -> 0xE3B3
mem[X,0x0000000080000CDE] -> 0x01C3
[506] [M]: 0x0000000080000CDC (0x01C3E3B3) or x7, x7, x28                           main+1244
x7 <- 0xCF00000000000000

mem[X,0x0000000080000CE0] -> 0x8E93
mem[X,0x0000000080000CE2] -> 0x008E
[507] [M]: 0x0000000080000CE0 (0x008E8E93) addi x29, x29, 0x8                       main+1248
x29 <- 0x0000000000000010

clint mtime 0x00000000000000FE (mip.MTI <- 0b1, mip.STI <- 0b0)
mem[X,0x0000000080000CE4] -> 0x0F13
mem[X,0x0000000080000CE6] -> 0xFF8F
[508] [M]: 0x0000000080000CE4 (0xFF8F0F13) addi x30, x30, -0x8                      main+1252
x30 <- 0x0000000000000028

mem[X,0x0000000080000CE8] -> 0x5E33
mem[X,0x0000000080000CEA] -> 0x01D5
[509] [M]: 0x0000000080000CE8 (0x01D55E33) srl x28, x10, x29                        main+1256
x28 <- 0x0000000000000000

clint mtime 0x00000000000000FF (mip.MTI <- 0b1, mip.STI <- 0b0)
mem[X,0x0000000080000CEC] -> 0x7E13
mem[X,0x0000000080000CEE] -> 0x0FFE
[510] [M]: 0x0000000080000CEC (0x0FFE7E13) andi x28, x28, 0xff                      main+1260
x28 <- 0x0000000000000000

mem[X,0x0000000080000CF0] -> 0x1E33
mem[X,0x0000000080000CF2] -> 0x01EE
[511] [M]: 0x0000000080000CF0 (0x01EE1E33) sll x28, x28, x30                        main+1264
x28 <- 0x0000000000000000

clint mtime 0x0000000000000100 (mip.MTI <- 0b1, mip.STI <- 0b0)
mem[X,0x0000000080000CF4] -> 0xE3B3
mem[X,0x0000000080000CF6] -> 0x01C3
[512] [M]: 0x0000000080000CF4 (0x01C3E3B3) or x7, x7, x28                           main+1268
x7 <- 0xCF00000000000000

mem[X,0x0000000080000CF8] -> 0x8E93
mem[X,0x0000000080000CFA] -> 0x008E
[513] [M]: 0x0000000080000CF8 (0x008E8E93) addi x29, x29, 0x8                       main+1272
x29 <- 0x0000000000000018

clint mtime 0x0000000000000101 (mip.MTI <- 0b1, mip.STI <- 0b0)
mem[X,0x0000000080000CFC] -> 0x0F13
mem[X,0x0000000080000CFE] -> 0xFF8F
[514] [M]: 0x0000000080000CFC (0xFF8F0F13) addi x30, x30, -0x8                      main+1276
x30 <- 0x0000000000000020

mem[X,0x0000000080000D00] -> 0x5E33
mem[X,0x0000000080000D02] -> 0x01D5
[515] [M]: 0x0000000080000D00 (0x01D55E33) srl x28, x10, x29                        main+1280
x28 <- 0x0000000000000000

clint mtime 0x0000000000000102 (mip.MTI <- 0b1, mip.STI <- 0b0)
mem[X,0x0000000080000D04] -> 0x7E13
mem[X,0x0000000080000D06] -> 0x0FFE
[516] [M]: 0x0000000080000D04 (0x0FFE7E13) andi x28, x28, 0xff                      main+1284
x28 <- 0x0000000000000000

mem[X,0x0000000080000D08] -> 0x1E33
mem[X,0x0000000080000D0A] -> 0x01EE
[517] [M]: 0x0000000080000D08 (0x01EE1E33) sll x28, x28, x30                        main+1288
x28 <- 0x0000000000000000

clint mtime 0x0000000000000103 (mip.MTI <- 0b1, mip.STI <- 0b0)
mem[X,0x0000000080000D0C] -> 0xE3B3
mem[X,0x0000000080000D0E] -> 0x01C3
[518] [M]: 0x0000000080000D0C (0x01C3E3B3) or x7, x7, x28                           main+1292
x7 <- 0xCF00000000000000

mem[X,0x0000000080000D10] -> 0x8E93
mem[X,0x0000000080000D12] -> 0x008E
[519] [M]: 0x0000000080000D10 (0x008E8E93) addi x29, x29, 0x8                       main+1296
x29 <- 0x0000000000000020

clint mtime 0x0000000000000104 (mip.MTI <- 0b1, mip.STI <- 0b0)
mem[X,0x0000000080000D14] -> 0x0F13
mem[X,0x0000000080000D16] -> 0xFF8F
[520] [M]: 0x0000000080000D14 (0xFF8F0F13) addi x30, x30, -0x8                      main+1300
x30 <- 0x0000000000000018

mem[X,0x0000000080000D18] -> 0x5E33
mem[X,0x0000000080000D1A] -> 0x01D5
[521] [M]: 0x0000000080000D18 (0x01D55E33) srl x28, x10, x29                        main+1304
x28 <- 0x0000000000000000

clint mtime 0x0000000000000105 (mip.MTI <- 0b1, mip.STI <- 0b0)
mem[X,0x0000000080000D1C] -> 0x7E13
mem[X,0x0000000080000D1E] -> 0x0FFE
[522] [M]: 0x0000000080000D1C (0x0FFE7E13) andi x28, x28, 0xff                      main+1308
x28 <- 0x0000000000000000

mem[X,0x0000000080000D20] -> 0x1E33
mem[X,0x0000000080000D22] -> 0x01EE
[523] [M]: 0x0000000080000D20 (0x01EE1E33) sll x28, x28, x30                        main+1312
x28 <- 0x0000000000000000

clint mtime 0x0000000000000106 (mip.MTI <- 0b1, mip.STI <- 0b0)
mem[X,0x0000000080000D24] -> 0xE3B3
mem[X,0x0000000080000D26] -> 0x01C3
[524] [M]: 0x0000000080000D24 (0x01C3E3B3) or x7, x7, x28                           main+1316
x7 <- 0xCF00000000000000

mem[X,0x0000000080000D28] -> 0x8E93
mem[X,0x0000000080000D2A] -> 0x008E
[525] [M]: 0x0000000080000D28 (0x008E8E93) addi x29, x29, 0x8                       main+1320
x29 <- 0x0000000000000028

clint mtime 0x0000000000000107 (mip.MTI <- 0b1, mip.STI <- 0b0)
mem[X,0x0000000080000D2C] -> 0x0F13
mem[X,0x0000000080000D2E] -> 0xFF8F
[526] [M]: 0x0000000080000D2C (0xFF8F0F13) addi x30, x30, -0x8                      main+1324
x30 <- 0x0000000000000010

mem[X,0x0000000080000D30] -> 0x5E33
mem[X,0x0000000080000D32] -> 0x01D5
[527] [M]: 0x0000000080000D30 (0x01D55E33) srl x28, x10, x29                        main+1328
x28 <- 0x0000000000000000

clint mtime 0x0000000000000108 (mip.MTI <- 0b1, mip.STI <- 0b0)
mem[X,0x0000000080000D34] -> 0x7E13
mem[X,0x0000000080000D36] -> 0x0FFE
[528] [M]: 0x0000000080000D34 (0x0FFE7E13) andi x28, x28, 0xff                      main+1332
x28 <- 0x0000000000000000

mem[X,0x0000000080000D38] -> 0x1E33
mem[X,0x0000000080000D3A] -> 0x01EE
[529] [M]: 0x0000000080000D38 (0x01EE1E33) sll x28, x28, x30                        main+1336
x28 <- 0x0000000000000000

clint mtime 0x0000000000000109 (mip.MTI <- 0b1, mip.STI <- 0b0)
mem[X,0x0000000080000D3C] -> 0xE3B3
mem[X,0x0000000080000D3E] -> 0x01C3
[530] [M]: 0x0000000080000D3C (0x01C3E3B3) or x7, x7, x28                           main+1340
x7 <- 0xCF00000000000000

mem[X,0x0000000080000D40] -> 0x8E93
mem[X,0x0000000080000D42] -> 0x008E
[531] [M]: 0x0000000080000D40 (0x008E8E93) addi x29, x29, 0x8                       main+1344
x29 <- 0x0000000000000030

clint mtime 0x000000000000010A (mip.MTI <- 0b1, mip.STI <- 0b0)
mem[X,0x0000000080000D44] -> 0x0F13
mem[X,0x0000000080000D46] -> 0xFF8F
[532] [M]: 0x0000000080000D44 (0xFF8F0F13) addi x30, x30, -0x8                      main+1348
x30 <- 0x0000000000000008

mem[X,0x0000000080000D48] -> 0x5E33
mem[X,0x0000000080000D4A] -> 0x01D5
[533] [M]: 0x0000000080000D48 (0x01D55E33) srl x28, x10, x29                        main+1352
x28 <- 0x0000000000000000

clint mtime 0x000000000000010B (mip.MTI <- 0b1, mip.STI <- 0b0)
mem[X,0x0000000080000D4C] -> 0x7E13
mem[X,0x0000000080000D4E] -> 0x0FFE
[534] [M]: 0x0000000080000D4C (0x0FFE7E13) andi x28, x28, 0xff                      main+1356
x28 <- 0x0000000000000000

mem[X,0x0000000080000D50] -> 0x1E33
mem[X,0x0000000080000D52] -> 0x01EE
[535] [M]: 0x0000000080000D50 (0x01EE1E33) sll x28, x28, x30                        main+1360
x28 <- 0x0000000000000000

clint mtime 0x000000000000010C (mip.MTI <- 0b1, mip.STI <- 0b0)
mem[X,0x0000000080000D54] -> 0xE3B3
mem[X,0x0000000080000D56] -> 0x01C3
[536] [M]: 0x0000000080000D54 (0x01C3E3B3) or x7, x7, x28                           main+1364
x7 <- 0xCF00000000000000

mem[X,0x0000000080000D58] -> 0x8E93
mem[X,0x0000000080000D5A] -> 0x008E
[537] [M]: 0x0000000080000D58 (0x008E8E93) addi x29, x29, 0x8                       main+1368
x29 <- 0x0000000000000038

clint mtime 0x000000000000010D (mip.MTI <- 0b1, mip.STI <- 0b0)
mem[X,0x0000000080000D5C] -> 0x0F13
mem[X,0x0000000080000D5E] -> 0xFF8F
[538] [M]: 0x0000000080000D5C (0xFF8F0F13) addi x30, x30, -0x8                      main+1372
x30 <- 0x0000000000000000

mem[X,0x0000000080000D60] -> 0x5E33
mem[X,0x0000000080000D62] -> 0x01D5
[539] [M]: 0x0000000080000D60 (0x01D55E33) srl x28, x10, x29                        main+1376
x28 <- 0x0000000000000000

clint mtime 0x000000000000010E (mip.MTI <- 0b1, mip.STI <- 0b0)
mem[X,0x0000000080000D64] -> 0x7E13
mem[X,0x0000000080000D66] -> 0x0FFE
[540] [M]: 0x0000000080000D64 (0x0FFE7E13) andi x28, x28, 0xff                      main+1380
x28 <- 0x0000000000000000

mem[X,0x0000000080000D68] -> 0x1E33
mem[X,0x0000000080000D6A] -> 0x01EE
[541] [M]: 0x0000000080000D68 (0x01EE1E33) sll x28, x28, x30                        main+1384
x28 <- 0x0000000000000000

clint mtime 0x000000000000010F (mip.MTI <- 0b1, mip.STI <- 0b0)
mem[X,0x0000000080000D6C] -> 0xE3B3
mem[X,0x0000000080000D6E] -> 0x01C3
[542] [M]: 0x0000000080000D6C (0x01C3E3B3) or x7, x7, x28                           main+1388
x7 <- 0xCF00000000000000

mem[X,0x0000000080000D70] -> 0x8E93
mem[X,0x0000000080000D72] -> 0x008E
[543] [M]: 0x0000000080000D70 (0x008E8E93) addi x29, x29, 0x8                       main+1392
x29 <- 0x0000000000000040

clint mtime 0x0000000000000110 (mip.MTI <- 0b1, mip.STI <- 0b0)
mem[X,0x0000000080000D74] -> 0x0F13
mem[X,0x0000000080000D76] -> 0xFF8F
[544] [M]: 0x0000000080000D74 (0xFF8F0F13) addi x30, x30, -0x8                      main+1396
x30 <- 0xFFFFFFFFFFFFFFF8

mem[X,0x0000000080000D78] -> 0x3023
mem[X,0x0000000080000D7A] -> 0x0073
[545] [M]: 0x0000000080000D78 (0x00733023) sd x7, 0x0(x6)                           main+1400
mem[W,0x0000000080009028] <- 0xCF00000000000000

clint mtime 0x0000000000000111 (mip.MTI <- 0b1, mip.STI <- 0b0)
mem[X,0x0000000080000D7C] -> 0x0073
mem[X,0x0000000080000D7E] -> 0x1200
[546] [M]: 0x0000000080000D7C (0x12000073) sfence.vma x0, x0                        main+1404

mem[X,0x0000000080000D80] -> 0x0493
mem[X,0x0000000080000D82] -> 0x0010
[547] [M]: 0x0000000080000D80 (0x00100493) addi x9, x0, 0x1                         main+1408
x9 <- 0x0000000000000001

clint mtime 0x0000000000000112 (mip.MTI <- 0b1, mip.STI <- 0b0)
mem[X,0x0000000080000D84] -> 0x9493
mem[X,0x0000000080000D86] -> 0x00B4
[548] [M]: 0x0000000080000D84 (0x00B49493) slli x9, x9, 0xb                         main+1412
x9 <- 0x0000000000000800

mem[X,0x0000000080000D88] -> 0xB073
mem[X,0x0000000080000D8A] -> 0x3004
[549] [M]: 0x0000000080000D88 (0x3004B073) csrrc x0, mstatus, x9                    main+1416
CSR mstatus (0x300) <- 0x0000000A00000000

clint mtime 0x0000000000000113 (mip.MTI <- 0b1, mip.STI <- 0b0)
mem[X,0x0000000080000D8C] -> 0x0493
mem[X,0x0000000080000D8E] -> 0x0010
[550] [M]: 0x0000000080000D8C (0x00100493) addi x9, x0, 0x1                         main+1420
x9 <- 0x0000000000000001

mem[X,0x0000000080000D90] -> 0x9493
mem[X,0x0000000080000D92] -> 0x00B4
[551] [M]: 0x0000000080000D90 (0x00B49493) slli x9, x9, 0xb                         main+1424
x9 <- 0x0000000000000800

clint mtime 0x0000000000000114 (mip.MTI <- 0b1, mip.STI <- 0b0)
mem[X,0x0000000080000D94] -> 0xA073
mem[X,0x0000000080000D96] -> 0x3004
[552] [M]: 0x0000000080000D94 (0x3004A073) csrrs x0, mstatus, x9                    main+1428
CSR mstatus (0x300) <- 0x0000000A00000800

mem[X,0x0000000080000D98] -> 0x23F3
mem[X,0x0000000080000D9A] -> 0x3400
[553] [M]: 0x0000000080000D98 (0x340023F3) csrrs x7, mscratch, x0                   main+1432
CSR mscratch (0x340) -> 0x0000000080005000
x7 <- 0x0000000080005000

clint mtime 0x0000000000000115 (mip.MTI <- 0b1, mip.STI <- 0b0)
mem[X,0x0000000080000D9C] -> 0xB303
mem[X,0x0000000080000D9E] -> 0x4703
[554] [M]: 0x0000000080000D9C (0x4703B303) ld x6, 0x470(x7)                         main+1436
mem[R,0x0000000080005470] -> 0x00000300800007BC
x6 <- 0x00000300800007BC

mem[X,0x0000000080000DA0] -> 0xB483
mem[X,0x0000000080000DA2] -> 0x1D83
[555] [M]: 0x0000000080000DA0 (0x1D83B483) ld x9, 0x1d8(x7)                         main+1440
mem[R,0x00000000800051D8] -> 0x00000000800007D4
x9 <- 0x00000000800007D4

clint mtime 0x0000000000000116 (mip.MTI <- 0b1, mip.STI <- 0b0)
mem[X,0x0000000080000DA4] -> 0x0333
mem[X,0x0000000080000DA6] -> 0x4093
[556] [M]: 0x0000000080000DA4 (0x40930333) sub x6, x6, x9                           main+1444
x6 <- 0x000002FFFFFFFFE8

mem[X,0x0000000080000DA8] -> 0x0313
mem[X,0x0000000080000DAA] -> 0x0103
[557] [M]: 0x0000000080000DA8 (0x01030313) addi x6, x6, 0x10                        main+1448
x6 <- 0x000002FFFFFFFFF8

clint mtime 0x0000000000000117 (mip.MTI <- 0b1, mip.STI <- 0b0)
mem[X,0x0000000080000DAC] -> 0x0497
mem[X,0x0000000080000DAE] -> 0x0000
[558] [M]: 0x0000000080000DAC (0x00000497) auipc x9, 0x0                            main+1452
x9 <- 0x0000000080000DAC

mem[X,0x0000000080000DB0] -> 0x84B3
mem[X,0x0000000080000DB2] -> 0x0064
[559] [M]: 0x0000000080000DB0 (0x006484B3) add x9, x9, x6                           main+1456
x9 <- 0x0000030080000DA4

clint mtime 0x0000000000000118 (mip.MTI <- 0b1, mip.STI <- 0b0)
mem[X,0x0000000080000DB4] -> 0x94F3
mem[X,0x0000000080000DB6] -> 0x3414
[560] [M]: 0x0000000080000DB4 (0x341494F3) csrrw x9, mepc, x9                       main+1460
CSR mepc (0x341) <- 0x0000030080000DA4
x9 <- 0x0000000000000000

mem[X,0x0000000080000DB8] -> 0x0073
mem[X,0x0000000080000DBA] -> 0x3020
[561] [M]: 0x0000000080000DB8 (0x30200073) mret                                     main+1464
CSR mstatus (0x300) <- 0x0000000A00000080
ret-ing from M to S

clint mtime 0x0000000000000119 (mip.MTI <- 0b1, mip.STI <- 0b0)
PTW: Start, vpn=0x30080000, access_type=X, privilege=Smem[R,0x0000000080009030] -> 0xCB00000000000000
PTW: Step, level=3, pte=0xCB00000000000000, pte_addr=0x80009030
PTW: failed, error=invalid-pte, level=3, pte_addr=0x80009030
trapping from S to M to handle fetch-page-fault
handling exc#fetch-page-fault at priv M with tval 0x0000030080000DA4
CSR mstatus (0x300) <- 0x0000000A00000800
CSR mcause (0x342) <- 0x000000000000000C
CSR mtval (0x343) <- 0x0000030080000DA4
CSR mepc (0x341) <- 0x0000030080000DA4

mem[X,0x0000000080001D40] -> 0x006F
mem[X,0x0000000080001D42] -> 0x1000
[563] [M]: 0x0000000080001D40 (0x1000006F) jal x0, 0x100                            Mtrampoline+0

clint mtime 0x000000000000011A (mip.MTI <- 0b1, mip.STI <- 0b0)
mem[X,0x0000000080001E40] -> 0x1173
mem[X,0x0000000080001E42] -> 0x3401
[564] [M]: 0x0000000080001E40 (0x34011173) csrrw x2, mscratch, x2                   trap_Mhandler+0
CSR mscratch (0x340) <- 0x0000000080005000
x2 <- 0x0000000080005000

mem[X,0x0000000080001E44] -> 0x3423
mem[X,0x0000000080001E46] -> 0x28B1
[565] [M]: 0x0000000080001E44 (0x28B13423) sd x11, 0x288(x2)                        trap_Mhandler+4
mem[W,0x0000000080005288] <- 0x00000000000000CF

clint mtime 0x000000000000011B (mip.MTI <- 0b1, mip.STI <- 0b0)
mem[X,0x0000000080001E48] -> 0x05EF
mem[X,0x0000000080001E4A] -> 0x0B80
[566] [M]: 0x0000000080001E48 (0x0B8005EF) jal x11, 0xb8                            trap_Mhandler+8
x11 <- 0x0000000080001E4C

mem[X,0x0000000080001F00] -> 0x3023
mem[X,0x0000000080001F02] -> 0x28A1
[567] [M]: 0x0000000080001F00 (0x28A13023) sd x10, 0x280(x2)                        common_Mhandler+0
mem[W,0x0000000080005280] <- 0x00000000000000CF

clint mtime 0x000000000000011C (mip.MTI <- 0b1, mip.STI <- 0b0)
mem[X,0x0000000080001F04] -> 0x1573
mem[X,0x0000000080001F06] -> 0x3401
[568] [M]: 0x0000000080001F04 (0x34011573) csrrw x10, mscratch, x2                  common_Mhandler+4
CSR mscratch (0x340) <- 0x0000000080005000
x10 <- 0x0000000080005000

mem[X,0x0000000080001F08] -> 0x3823
mem[X,0x0000000080001F0A] -> 0x28A1
[569] [M]: 0x0000000080001F08 (0x28A13823) sd x10, 0x290(x2)                        common_Mhandler+8
mem[W,0x0000000080005290] <- 0x0000000080005000

clint mtime 0x000000000000011D (mip.MTI <- 0b1, mip.STI <- 0b0)
mem[X,0x0000000080001F0C] -> 0x3503
mem[X,0x0000000080001F0E] -> 0x2301
[570] [M]: 0x0000000080001F0C (0x23013503) ld x10, 0x230(x2)                        common_Mhandler+12
mem[R,0x0000000080005230] -> 0x0000000080001F14
x10 <- 0x0000000080001F14

mem[X,0x0000000080001F10] -> 0x0067
mem[X,0x0000000080001F12] -> 0x0005
[571] [M]: 0x0000000080001F10 (0x00050067) jalr x0, 0x0(x10)                        common_Mhandler+16

clint mtime 0x000000000000011E (mip.MTI <- 0b1, mip.STI <- 0b0)
mem[X,0x0000000080001F14] -> 0x3C23
mem[X,0x0000000080001F16] -> 0x2691
[572] [M]: 0x0000000080001F14 (0x26913C23) sd x9, 0x278(x2)                         common_Mentry+0
mem[W,0x0000000080005278] <- 0x0000000000000000

mem[X,0x0000000080001F18] -> 0x3823
mem[X,0x0000000080001F1A] -> 0x2681
[573] [M]: 0x0000000080001F18 (0x26813823) sd x8, 0x270(x2)                         common_Mentry+4
mem[W,0x0000000080005270] <- 0x0000000000007F76

clint mtime 0x000000000000011F (mip.MTI <- 0b1, mip.STI <- 0b0)
mem[X,0x0000000080001F1C] -> 0x3423
mem[X,0x0000000080001F1E] -> 0x2671
[574] [M]: 0x0000000080001F1C (0x26713423) sd x7, 0x268(x2)                         common_Mentry+8
mem[W,0x0000000080005268] <- 0x0000000080005000

mem[X,0x0000000080001F20] -> 0x3023
mem[X,0x0000000080001F22] -> 0x2661
[575] [M]: 0x0000000080001F20 (0x26613023) sd x6, 0x260(x2)                         common_Mentry+12
mem[W,0x0000000080005260] <- 0x000002FFFFFFFFF8

clint mtime 0x0000000000000120 (mip.MTI <- 0b1, mip.STI <- 0b0)
mem[X,0x0000000080001F24] -> 0x2573
mem[X,0x0000000080001F26] -> 0x3420
[576] [M]: 0x0000000080001F24 (0x34202573) csrrs x10, mcause, x0                    spcl_M2mmode_test+0
CSR mcause (0x342) -> 0x000000000000000C
x10 <- 0x000000000000000C

mem[X,0x0000000080001F28] -> 0x04B7
mem[X,0x0000000080001F2A] -> 0x8000
[577] [M]: 0x0000000080001F28 (0x800004B7) lui x9, -0x80000                         spcl_M2mmode_test+4
x9 <- 0xFFFFFFFF80000000

clint mtime 0x0000000000000121 (mip.MTI <- 0b1, mip.STI <- 0b0)
mem[X,0x0000000080001F2C] -> 0x8493
mem[X,0x0000000080001F2E] -> 0x0004
[578] [M]: 0x0000000080001F2C (0x00048493) addi x9, x9, 0x0                         spcl_M2mmode_test+8
x9 <- 0xFFFFFFFF80000000

mem[X,0x0000000080001F30] -> 0x9493
mem[X,0x0000000080001F32] -> 0x00B4
[579] [M]: 0x0000000080001F30 (0x00B49493) slli x9, x9, 0xb                         spcl_M2mmode_test+12
x9 <- 0xFFFFFC0000000000

clint mtime 0x0000000000000122 (mip.MTI <- 0b1, mip.STI <- 0b0)
mem[X,0x0000000080001F34] -> 0x8493
mem[X,0x0000000080001F36] -> 0x0004
[580] [M]: 0x0000000080001F34 (0x00048493) addi x9, x9, 0x0                         spcl_M2mmode_test+16
x9 <- 0xFFFFFC0000000000

mem[X,0x0000000080001F38] -> 0x9493
mem[X,0x0000000080001F3A] -> 0x00B4
[581] [M]: 0x0000000080001F38 (0x00B49493) slli x9, x9, 0xb                         spcl_M2mmode_test+20
x9 <- 0xFFE0000000000000

clint mtime 0x0000000000000123 (mip.MTI <- 0b1, mip.STI <- 0b0)
mem[X,0x0000000080001F3C] -> 0x8493
mem[X,0x0000000080001F3E] -> 0x0034
[582] [M]: 0x0000000080001F3C (0x00348493) addi x9, x9, 0x3                         spcl_M2mmode_test+24
x9 <- 0xFFE0000000000003

mem[X,0x0000000080001F40] -> 0x9493
mem[X,0x0000000080001F42] -> 0x00A4
[583] [M]: 0x0000000080001F40 (0x00A49493) slli x9, x9, 0xa                         spcl_M2mmode_test+28
x9 <- 0x8000000000000C00

clint mtime 0x0000000000000124 (mip.MTI <- 0b1, mip.STI <- 0b0)
mem[X,0x0000000080001F44] -> 0x8493
mem[X,0x0000000080001F46] -> 0x3FC4
[584] [M]: 0x0000000080001F44 (0x3FC48493) addi x9, x9, 0x3fc                       spcl_M2mmode_test+32
x9 <- 0x8000000000000FFC

mem[X,0x0000000080001F48] -> 0xF4B3
mem[X,0x0000000080001F4A] -> 0x00A4
[585] [M]: 0x0000000080001F48 (0x00A4F4B3) and x9, x9, x10                          spcl_M2mmode_test+36
x9 <- 0x000000000000000C

clint mtime 0x0000000000000125 (mip.MTI <- 0b1, mip.STI <- 0b0)
mem[X,0x0000000080001F4C] -> 0x8493
mem[X,0x0000000080001F4E] -> 0xFF84
[586] [M]: 0x0000000080001F4C (0xFF848493) addi x9, x9, -0x8                        spcl_M2mmode_test+40
x9 <- 0x0000000000000004

mem[X,0x0000000080001F50] -> 0x9663
mem[X,0x0000000080001F52] -> 0x0004
[587] [M]: 0x0000000080001F50 (0x00049663) bne x9, x0, 0xc                          spcl_M2mmode_test+44

clint mtime 0x0000000000000126 (mip.MTI <- 0b1, mip.STI <- 0b0)
mem[X,0x0000000080001F5C] -> 0x0393
mem[X,0x0000000080001F5E] -> 0x0200
[588] [M]: 0x0000000080001F5C (0x02000393) addi x7, x0, 0x20                        Mtrapsig_ptr_upd+0
x7 <- 0x0000000000000020

mem[X,0x0000000080001F60] -> 0x5263
mem[X,0x0000000080001F62] -> 0x0405
[589] [M]: 0x0000000080001F60 (0x04055263) bge x10, x0, 0x44                        Mtrapsig_ptr_upd+4

clint mtime 0x0000000000000127 (mip.MTI <- 0b1, mip.STI <- 0b0)
mem[X,0x0000000080001FA4] -> 0x2373
mem[X,0x0000000080001FA6] -> 0x3010
[590] [M]: 0x0000000080001FA4 (0x30102373) csrrs x6, misa, x0                       Mxcpt_sig_sv+0
CSR misa (0x301) -> 0x800000000034112F
x6 <- 0x800000000034112F

mem[X,0x0000000080001FA8] -> 0x1313
mem[X,0x0000000080001FAA] -> 0x0383
[591] [M]: 0x0000000080001FA8 (0x03831313) slli x6, x6, 0x38                        Mxcpt_sig_sv+4
x6 <- 0x2F00000000000000

clint mtime 0x0000000000000128 (mip.MTI <- 0b1, mip.STI <- 0b0)
mem[X,0x0000000080001FAC] -> 0x5463
mem[X,0x0000000080001FAE] -> 0x0003
[592] [M]: 0x0000000080001FAC (0x00035463) bge x6, x0, 0x8                          Mxcpt_sig_sv+8

mem[X,0x0000000080001FB4] -> 0x3303
mem[X,0x0000000080001FB6] -> 0x2181
[593] [M]: 0x0000000080001FB4 (0x21813303) ld x6, 0x218(x2)                         Mtrap_sig_sv+0
mem[R,0x0000000080005218] -> 0x000000008000A318
x6 <- 0x000000008000A318

clint mtime 0x0000000000000129 (mip.MTI <- 0b1, mip.STI <- 0b0)
mem[X,0x0000000080001FB8] -> 0x04B3
mem[X,0x0000000080001FBA] -> 0x0073
[594] [M]: 0x0000000080001FB8 (0x007304B3) add x9, x6, x7                           Mtrap_sig_sv+4
x9 <- 0x000000008000A338

mem[X,0x0000000080001FBC] -> 0x3C23
mem[X,0x0000000080001FBE] -> 0x2091
[595] [M]: 0x0000000080001FBC (0x20913C23) sd x9, 0x218(x2)                         Mtrap_sig_sv+8
mem[W,0x0000000080005218] <- 0x000000008000A338

clint mtime 0x000000000000012A (mip.MTI <- 0b1, mip.STI <- 0b0)
mem[X,0x0000000080001FC0] -> 0x3403
mem[X,0x0000000080001FC2] -> 0x1F81
[596] [M]: 0x0000000080001FC0 (0x1F813403) ld x8, 0x1f8(x2)                         Mtrap_sig_sv+12
mem[R,0x00000000800051F8] -> 0x000000008000A110
x8 <- 0x000000008000A110

mem[X,0x0000000080001FC4] -> 0x0333
mem[X,0x0000000080001FC6] -> 0x4083
[597] [M]: 0x0000000080001FC4 (0x40830333) sub x6, x6, x8                           Mtrap_sig_sv+16
x6 <- 0x0000000000000208

clint mtime 0x000000000000012B (mip.MTI <- 0b1, mip.STI <- 0b0)
mem[X,0x0000000080001FC8] -> 0x3403
mem[X,0x0000000080001FCA] -> 0x1F81
[598] [M]: 0x0000000080001FC8 (0x1F813403) ld x8, 0x1f8(x2)                         Mtrap_sig_sv+20
mem[R,0x00000000800051F8] -> 0x000000008000A110
x8 <- 0x000000008000A110

mem[X,0x0000000080001FCC] -> 0x0333
mem[X,0x0000000080001FCE] -> 0x0083
[599] [M]: 0x0000000080001FCC (0x00830333) add x6, x6, x8                           Mtrap_sig_sv+24
x6 <- 0x000000008000A318

clint mtime 0x000000000000012C (mip.MTI <- 0b1, mip.STI <- 0b0)
mem[X,0x0000000080001FD0] -> 0x3403
mem[X,0x0000000080001FD2] -> 0x2401
[600] [M]: 0x0000000080001FD0 (0x24013403) ld x8, 0x240(x2)                         Mtrap_sig_sv+28
mem[R,0x0000000080005240] -> 0x0000000080001D40
x8 <- 0x0000000080001D40

mem[X,0x0000000080001FD4] -> 0x85B3
mem[X,0x0000000080001FD6] -> 0x4085
[601] [M]: 0x0000000080001FD4 (0x408585B3) sub x11, x11, x8                         sv_Mvect+0
x11 <- 0x000000000000010C

clint mtime 0x000000000000012D (mip.MTI <- 0b1, mip.STI <- 0b0)
mem[X,0x0000000080001FD8] -> 0x9593
mem[X,0x0000000080001FDA] -> 0x0045
[602] [M]: 0x0000000080001FD8 (0x00459593) slli x11, x11, 0x4                       sv_Mvect+4
x11 <- 0x00000000000010C0

mem[X,0x0000000080001FDC] -> 0xE5B3
mem[X,0x0000000080001FDE] -> 0x0075
[603] [M]: 0x0000000080001FDC (0x0075E5B3) or x11, x11, x7                          sv_Mvect+8
x11 <- 0x00000000000010E0

clint mtime 0x000000000000012E (mip.MTI <- 0b1, mip.STI <- 0b0)
mem[X,0x0000000080001FE0] -> 0x8593
mem[X,0x0000000080001FE2] -> 0x0035
[604] [M]: 0x0000000080001FE0 (0x00358593) addi x11, x11, 0x3                       sv_Mvect+12
x11 <- 0x00000000000010E3

mem[X,0x0000000080001FE4] -> 0x3023
mem[X,0x0000000080001FE6] -> 0x00B3
[605] [M]: 0x0000000080001FE4 (0x00B33023) sd x11, 0x0(x6)                          sv_Mvect+16
mem[W,0x000000008000A318] <- 0x00000000000010E3

clint mtime 0x000000000000012F (mip.MTI <- 0b1, mip.STI <- 0b0)
mem[X,0x0000000080001FE8] -> 0x3423
mem[X,0x0000000080001FEA] -> 0x00A3
[606] [M]: 0x0000000080001FE8 (0x00A33423) sd x10, 0x8(x6)                          sv_Mcause+0
mem[W,0x000000008000A320] <- 0x000000000000000C

mem[X,0x0000000080001FEC] -> 0x4663
mem[X,0x0000000080001FEE] -> 0x1A05
[607] [M]: 0x0000000080001FEC (0x1A054663) blt x10, x0, 0x1ac                       sv_Mcause+4

clint mtime 0x0000000000000130 (mip.MTI <- 0b1, mip.STI <- 0b0)
mem[X,0x0000000080001FF0] -> 0x25F3
mem[X,0x0000000080001FF2] -> 0x3000
[608] [M]: 0x0000000080001FF0 (0x300025F3) csrrs x11, mstatus, x0                   common_Mexcpt_handler+0
CSR mstatus (0x300) -> 0x0000000A00000800
x11 <- 0x0000000A00000800

mem[X,0x0000000080001FF4] -> 0x9413
mem[X,0x0000000080001FF6] -> 0x02E5
[609] [M]: 0x0000000080001FF4 (0x02E59413) slli x8, x11, 0x2e                       common_Mexcpt_handler+4
x8 <- 0x0200000000000000

clint mtime 0x0000000000000131 (mip.MTI <- 0b1, mip.STI <- 0b0)
mem[X,0x0000000080001FF8] -> 0x5463
mem[X,0x0000000080001FFA] -> 0x0004
[610] [M]: 0x0000000080001FF8 (0x00045463) bge x8, x0, 0x8                          common_Mexcpt_handler+8

mem[X,0x0000000080002000] -> 0xD493
mem[X,0x0000000080002002] -> 0x00B5
[611] [M]: 0x0000000080002000 (0x00B5D493) srli x9, x11, 0xb                        common_Mexcpt_handler+16
x9 <- 0x0000000001400001

clint mtime 0x0000000000000132 (mip.MTI <- 0b1, mip.STI <- 0b0)
mem[X,0x0000000080002004] -> 0xF493
mem[X,0x0000000080002006] -> 0x0034
[612] [M]: 0x0000000080002004 (0x0034F493) andi x9, x9, 0x3                         common_Mexcpt_handler+20
x9 <- 0x0000000000000001

mem[X,0x0000000080002008] -> 0x8493
mem[X,0x000000008000200A] -> 0x0014
[613] [M]: 0x0000000080002008 (0x00148493) addi x9, x9, 0x1                         common_Mexcpt_handler+24
x9 <- 0x0000000000000002

clint mtime 0x0000000000000133 (mip.MTI <- 0b1, mip.STI <- 0b0)
mem[X,0x000000008000200C] -> 0xF493
mem[X,0x000000008000200E] -> 0x0044
[614] [M]: 0x000000008000200C (0x0044F493) andi x9, x9, 0x4                         common_Mexcpt_handler+28
x9 <- 0x0000000000000000

mem[X,0x0000000080002010] -> 0x0593
mem[X,0x0000000080002012] -> 0x05D0
[615] [M]: 0x0000000080002010 (0x05D00593) addi x11, x0, 0x5d                       common_Mexcpt_handler+32
x11 <- 0x000000000000005D

clint mtime 0x0000000000000134 (mip.MTI <- 0b1, mip.STI <- 0b0)
mem[X,0x0000000080002014] -> 0xD5B3
mem[X,0x0000000080002016] -> 0x0095
[616] [M]: 0x0000000080002014 (0x0095D5B3) srl x11, x11, x9                         common_Mexcpt_handler+36
x11 <- 0x000000000000005D

mem[X,0x0000000080002018] -> 0xF593
mem[X,0x000000008000201A] -> 0x0015
[617] [M]: 0x0000000080002018 (0x0015F593) andi x11, x11, 0x1                       common_Mexcpt_handler+40
x11 <- 0x0000000000000001

clint mtime 0x0000000000000135 (mip.MTI <- 0b1, mip.STI <- 0b0)
mem[X,0x000000008000201C] -> 0x8EE3
mem[X,0x000000008000201E] -> 0xF405
[618] [M]: 0x000000008000201C (0xF4058EE3) beq x11, x0, -0xa4                       common_Mexcpt_handler+44

mem[X,0x0000000080002020] -> 0x0593
mem[X,0x0000000080002022] -> 0x2980
[619] [M]: 0x0000000080002020 (0x29800593) addi x11, x0, 0x298                      common_Mexcpt_handler+48
x11 <- 0x0000000000000298

clint mtime 0x0000000000000136 (mip.MTI <- 0b1, mip.STI <- 0b0)
mem[X,0x0000000080002024] -> 0xF413
mem[X,0x0000000080002026] -> 0x0014
[620] [M]: 0x0000000080002024 (0x0014F413) andi x8, x9, 0x1                         common_Mexcpt_handler+52
x8 <- 0x0000000000000000

mem[X,0x0000000080002028] -> 0x95B3
mem[X,0x000000008000202A] -> 0x0085
[621] [M]: 0x0000000080002028 (0x008595B3) sll x11, x11, x8                         common_Mexcpt_handler+56
x11 <- 0x0000000000000298

clint mtime 0x0000000000000137 (mip.MTI <- 0b1, mip.STI <- 0b0)
mem[X,0x000000008000202C] -> 0x9413
mem[X,0x000000008000202E] -> 0x03D4
[622] [M]: 0x000000008000202C (0x03D49413) slli x8, x9, 0x3d                        common_Mexcpt_handler+60
x8 <- 0x0000000000000000

mem[X,0x0000000080002030] -> 0x5413
mem[X,0x0000000080002032] -> 0x43F4
[623] [M]: 0x0000000080002030 (0x43F45413) srai x8, x8, 0x3f                        common_Mexcpt_handler+64
x8 <- 0x0000000000000000

clint mtime 0x0000000000000138 (mip.MTI <- 0b1, mip.STI <- 0b0)
mem[X,0x0000000080002034] -> 0x4413
mem[X,0x0000000080002036] -> 0xFFF4
[624] [M]: 0x0000000080002034 (0xFFF44413) xori x8, x8, -0x1                        common_Mexcpt_handler+68
x8 <- 0xFFFFFFFFFFFFFFFF

mem[X,0x0000000080002038] -> 0xF4B3
mem[X,0x000000008000203A] -> 0x0085
[625] [M]: 0x0000000080002038 (0x0085F4B3) and x9, x11, x8                          common_Mexcpt_handler+72
x9 <- 0x0000000000000298

clint mtime 0x0000000000000139 (mip.MTI <- 0b1, mip.STI <- 0b0)
mem[X,0x000000008000203C] -> 0x84B3
mem[X,0x000000008000203E] -> 0x0024
[626] [M]: 0x000000008000203C (0x002484B3) add x9, x9, x2                           vmem_adj_Mepc+0
x9 <- 0x0000000080005298

mem[X,0x0000000080002040] -> 0x23F3
mem[X,0x0000000080002042] -> 0x3410
[627] [M]: 0x0000000080002040 (0x341023F3) csrrs x7, mepc, x0                       vmem_adj_Mepc+4
CSR mepc (0x341) -> 0x0000030080000DA4
x7 <- 0x0000030080000DA4

clint mtime 0x000000000000013A (mip.MTI <- 0b1, mip.STI <- 0b0)
mem[X,0x0000000080002044] -> 0x0413
mem[X,0x0000000080002046] -> 0x0004
[628] [M]: 0x0000000080002044 (0x00040413) addi x8, x8, 0x0                         vmem_adj_Mepc+8
x8 <- 0xFFFFFFFFFFFFFFFF

mem[X,0x0000000080002048] -> 0x006F
mem[X,0x000000008000204A] -> 0x0400
[629] [M]: 0x0000000080002048 (0x0400006F) jal x0, 0x40                             vmem_adj_Mepc+12

clint mtime 0x000000000000013B (mip.MTI <- 0b1, mip.STI <- 0b0)
mem[X,0x0000000080002088] -> 0x8433
mem[X,0x000000008000208A] -> 0x4083
[630] [M]: 0x0000000080002088 (0x40838433) sub x8, x7, x8                           adj_Mepc+0
x8 <- 0x0000030080000DA5

mem[X,0x000000008000208C] -> 0x3823
mem[X,0x000000008000208E] -> 0x0083
[631] [M]: 0x000000008000208C (0x00833823) sd x8, 0x10(x6)                          sv_Mepc+0
mem[W,0x000000008000A328] <- 0x0000030080000DA5

clint mtime 0x000000000000013C (mip.MTI <- 0b1, mip.STI <- 0b0)
mem[X,0x0000000080002090] -> 0x55B7
mem[X,0x0000000080002092] -> 0x0000
[632] [M]: 0x0000000080002090 (0x000055B7) lui x11, 0x5                             sv_Mepc+4
x11 <- 0x0000000000005000

mem[X,0x0000000080002094] -> 0x8593
mem[X,0x0000000080002096] -> 0x6675
[633] [M]: 0x0000000080002094 (0x66758593) addi x11, x11, 0x667                     sv_Mepc+8
x11 <- 0x0000000000005667

clint mtime 0x000000000000013D (mip.MTI <- 0b1, mip.STI <- 0b0)
mem[X,0x0000000080002098] -> 0x9593
mem[X,0x000000008000209A] -> 0x0015
[634] [M]: 0x0000000080002098 (0x00159593) slli x11, x11, 0x1                       sv_Mepc+12
x11 <- 0x000000000000ACCE

mem[X,0x000000008000209C] -> 0x9063
mem[X,0x000000008000209E] -> 0x02B1
[635] [M]: 0x000000008000209C (0x02B19063) bne x3, x11, 0x20                        sv_Mepc+16

clint mtime 0x000000000000013E (mip.MTI <- 0b1, mip.STI <- 0b0)
mem[X,0x00000000800020BC] -> 0xF593
mem[X,0x00000000800020BE] -> 0xFFC3
[636] [M]: 0x00000000800020BC (0xFFC3F593) andi x11, x7, -0x4                       adj_Mepc_rtn+0
x11 <- 0x0000030080000DA4

mem[X,0x00000000800020C0] -> 0x8593
mem[X,0x00000000800020C2] -> 0x0085
[637] [M]: 0x00000000800020C0 (0x00858593) addi x11, x11, 0x8                       adj_Mepc_rtn+4
x11 <- 0x0000030080000DAC

clint mtime 0x000000000000013F (mip.MTI <- 0b1, mip.STI <- 0b0)
mem[X,0x00000000800020C4] -> 0x9073
mem[X,0x00000000800020C6] -> 0x3415
[638] [M]: 0x00000000800020C4 (0x34159073) csrrw x0, mepc, x11                      adj_Mepc_rtn+8
CSR mepc (0x341) <- 0x0000030080000DAC

mem[X,0x00000000800020C8] -> 0x23F3
mem[X,0x00000000800020CA] -> 0x3430
[639] [M]: 0x00000000800020C8 (0x343023F3) csrrs x7, mtval, x0                      skp_adj_Mepc+0
CSR mtval (0x343) -> 0x0000030080000DA4
x7 <- 0x0000030080000DA4

clint mtime 0x0000000000000140 (mip.MTI <- 0b1, mip.STI <- 0b0)
mem[X,0x00000000800020CC] -> 0x0413
mem[X,0x00000000800020CE] -> 0x0004
[640] [M]: 0x00000000800020CC (0x00040413) addi x8, x8, 0x0                         skp_adj_Mepc+4
x8 <- 0x0000030080000DA5

mem[X,0x00000000800020D0] -> 0x006F
mem[X,0x00000000800020D2] -> 0x0840
[641] [M]: 0x00000000800020D0 (0x0840006F) jal x0, 0x84                             skp_adj_Mepc+8

clint mtime 0x0000000000000141 (mip.MTI <- 0b1, mip.STI <- 0b0)
mem[X,0x0000000080002154] -> 0x8433
mem[X,0x0000000080002156] -> 0x4083
[642] [M]: 0x0000000080002154 (0x40838433) sub x8, x7, x8                           adj_Mtval+0
x8 <- 0xFFFFFFFFFFFFFFFF

mem[X,0x0000000080002158] -> 0x3C23
mem[X,0x000000008000215A] -> 0x0083
[643] [M]: 0x0000000080002158 (0x00833C23) sd x8, 0x18(x6)                          sv_Mtval+0
mem[W,0x000000008000A330] <- 0xFFFFFFFFFFFFFFFF

clint mtime 0x0000000000000142 (mip.MTI <- 0b1, mip.STI <- 0b0)
mem[X,0x000000008000215C] -> 0x3483
mem[X,0x000000008000215E] -> 0x2181
[644] [M]: 0x000000008000215C (0x21813483) ld x9, 0x218(x2)                         skp_Mtval+0
mem[R,0x0000000080005218] -> 0x000000008000A338
x9 <- 0x000000008000A338

mem[X,0x0000000080002160] -> 0x3383
mem[X,0x0000000080002162] -> 0x1F81
[645] [M]: 0x0000000080002160 (0x1F813383) ld x7, 0x1f8(x2)                         skp_Mtval+4
mem[R,0x00000000800051F8] -> 0x000000008000A110
x7 <- 0x000000008000A110

clint mtime 0x0000000000000143 (mip.MTI <- 0b1, mip.STI <- 0b0)
mem[X,0x0000000080002164] -> 0x3303
mem[X,0x0000000080002166] -> 0x2001
[646] [M]: 0x0000000080002164 (0x20013303) ld x6, 0x200(x2)                         skp_Mtval+8
mem[R,0x0000000080005200] -> 0x0000000000000410
x6 <- 0x0000000000000410

mem[X,0x0000000080002168] -> 0x0333
mem[X,0x000000008000216A] -> 0x0073
[647] [M]: 0x0000000080002168 (0x00730333) add x6, x6, x7                           skp_Mtval+12
x6 <- 0x000000008000A520

clint mtime 0x0000000000000144 (mip.MTI <- 0b1, mip.STI <- 0b0)
mem[X,0x000000008000216C] -> 0x6AE3
mem[X,0x000000008000216E] -> 0xAC93
[648] [M]: 0x000000008000216C (0xAC936AE3) bltu x6, x9, -0x52c                      skp_Mtval+16

mem[X,0x0000000080002170] -> 0x0393
mem[X,0x0000000080002172] -> 0x2000
[649] [M]: 0x0000000080002170 (0x20000393) addi x7, x0, 0x200                       skp_Mtval+20
x7 <- 0x0000000000000200

clint mtime 0x0000000000000145 (mip.MTI <- 0b1, mip.STI <- 0b0)
mem[X,0x0000000080002174] -> 0x006F
mem[X,0x0000000080002176] -> 0x0400
[650] [M]: 0x0000000080002174 (0x0400006F) jal x0, 0x40                             skp_Mtval+24

mem[X,0x00000000800021B4] -> 0x0417
mem[X,0x00000000800021B6] -> 0x0000
[651] [M]: 0x00000000800021B4 (0x00000417) auipc x8, 0x0                            spcl_Mhandler+0
x8 <- 0x00000000800021B4

clint mtime 0x0000000000000146 (mip.MTI <- 0b1, mip.STI <- 0b0)
mem[X,0x00000000800021B8] -> 0x0413
mem[X,0x00000000800021BA] -> 0x03C4
[652] [M]: 0x00000000800021B8 (0x03C40413) addi x8, x8, 0x3c                        spcl_Mhandler+4
x8 <- 0x00000000800021F0

mem[X,0x00000000800021BC] -> 0x0433
mem[X,0x00000000800021BE] -> 0x0074
[653] [M]: 0x00000000800021BC (0x00740433) add x8, x8, x7                           spcl_Mhandler+8
x8 <- 0x00000000800023F0

clint mtime 0x0000000000000147 (mip.MTI <- 0b1, mip.STI <- 0b0)
mem[X,0x00000000800021C0] -> 0x1393
mem[X,0x00000000800021C2] -> 0x0035
[654] [M]: 0x00000000800021C0 (0x00351393) slli x7, x10, 0x3                        spcl_Mhandler+12
x7 <- 0x0000000000000060

mem[X,0x00000000800021C4] -> 0x0433
mem[X,0x00000000800021C6] -> 0x0074
[655] [M]: 0x00000000800021C4 (0x00740433) add x8, x8, x7                           spcl_Mhandler+16
x8 <- 0x0000000080002450

clint mtime 0x0000000000000148 (mip.MTI <- 0b1, mip.STI <- 0b0)
mem[X,0x00000000800021C8] -> 0x7413
mem[X,0x00000000800021CA] -> 0xFF84
[656] [M]: 0x00000000800021C8 (0xFF847413) andi x8, x8, -0x8                        spcl_Mhandler+20
x8 <- 0x0000000080002450

mem[X,0x00000000800021CC] -> 0x3403
mem[X,0x00000000800021CE] -> 0x0004
[657] [M]: 0x00000000800021CC (0x00043403) ld x8, 0x0(x8)                           spcl_Mhandler+24
mem[R,0x0000000080002450] -> 0x0000000000000019
x8 <- 0x0000000000000019

clint mtime 0x0000000000000149 (mip.MTI <- 0b1, mip.STI <- 0b0)
mem[X,0x00000000800021D0] -> 0x02E3
mem[X,0x00000000800021D2] -> 0xB004
[658] [M]: 0x00000000800021D0 (0xB00402E3) beq x8, x0, -0x4fc                       spcl_Mdispatch_hndling+0

mem[X,0x00000000800021D4] -> 0x1393
mem[X,0x00000000800021D6] -> 0x03F4
[659] [M]: 0x00000000800021D4 (0x03F41393) slli x7, x8, 0x3f                        spcl_Mdispatch_hndling+4
x7 <- 0x8000000000000000

clint mtime 0x000000000000014A (mip.MTI <- 0b1, mip.STI <- 0b0)
mem[X,0x00000000800021D8] -> 0xD863
mem[X,0x00000000800021DA] -> 0x0003
[660] [M]: 0x00000000800021D8 (0x0003D863) bge x7, x0, 0x10                         spcl_Mdispatch_hndling+8

mem[X,0x00000000800021DC] -> 0x5413
mem[X,0x00000000800021DE] -> 0x0014
[661] [M]: 0x00000000800021DC (0x00145413) srli x8, x8, 0x1                         spcl_Mdispatch_hndling+12
x8 <- 0x000000000000000C

clint mtime 0x000000000000014B (mip.MTI <- 0b1, mip.STI <- 0b0)
mem[X,0x00000000800021E0] -> 0x0CE3
mem[X,0x00000000800021E2] -> 0xF885
[662] [M]: 0x00000000800021E0 (0xF8850CE3) beq x10, x8, -0x68                       spcl_Mdispatch_hndling+16

mem[X,0x0000000080002178] -> 0x3303
mem[X,0x000000008000217A] -> 0x2601
[663] [M]: 0x0000000080002178 (0x26013303) ld x6, 0x260(x2)                         resto_Mrtn+0
mem[R,0x0000000080005260] -> 0x000002FFFFFFFFF8
x6 <- 0x000002FFFFFFFFF8

clint mtime 0x000000000000014C (mip.MTI <- 0b1, mip.STI <- 0b0)
mem[X,0x000000008000217C] -> 0x3383
mem[X,0x000000008000217E] -> 0x2681
[664] [M]: 0x000000008000217C (0x26813383) ld x7, 0x268(x2)                         resto_Mrtn+4
mem[R,0x0000000080005268] -> 0x0000000080005000
x7 <- 0x0000000080005000

mem[X,0x0000000080002180] -> 0x3403
mem[X,0x0000000080002182] -> 0x2701
[665] [M]: 0x0000000080002180 (0x27013403) ld x8, 0x270(x2)                         resto_Mrtn+8
mem[R,0x0000000080005270] -> 0x0000000000007F76
x8 <- 0x0000000000007F76

clint mtime 0x000000000000014D (mip.MTI <- 0b1, mip.STI <- 0b0)
mem[X,0x0000000080002184] -> 0x3483
mem[X,0x0000000080002186] -> 0x2781
[666] [M]: 0x0000000080002184 (0x27813483) ld x9, 0x278(x2)                         resto_Mrtn+12
mem[R,0x0000000080005278] -> 0x0000000000000000
x9 <- 0x0000000000000000

mem[X,0x0000000080002188] -> 0x3503
mem[X,0x000000008000218A] -> 0x2801
[667] [M]: 0x0000000080002188 (0x28013503) ld x10, 0x280(x2)                        resto_Mrtn+16
mem[R,0x0000000080005280] -> 0x00000000000000CF
x10 <- 0x00000000000000CF

clint mtime 0x000000000000014E (mip.MTI <- 0b1, mip.STI <- 0b0)
mem[X,0x000000008000218C] -> 0x3583
mem[X,0x000000008000218E] -> 0x2881
[668] [M]: 0x000000008000218C (0x28813583) ld x11, 0x288(x2)                        resto_Mrtn+20
mem[R,0x0000000080005288] -> 0x00000000000000CF
x11 <- 0x00000000000000CF

mem[X,0x0000000080002190] -> 0x3103
mem[X,0x0000000080002192] -> 0x2901
[669] [M]: 0x0000000080002190 (0x29013103) ld x2, 0x290(x2)                         resto_Mrtn+24
mem[R,0x0000000080005290] -> 0x0000000080005000
x2 <- 0x0000000080005000

clint mtime 0x000000000000014F (mip.MTI <- 0b1, mip.STI <- 0b0)
mem[X,0x0000000080002194] -> 0x0073
mem[X,0x0000000080002196] -> 0x3020
[670] [M]: 0x0000000080002194 (0x30200073) mret                                     resto_Mrtn+28
CSR mstatus (0x300) <- 0x0000000A00000080
ret-ing from M to S

PTW: Start, vpn=0x30080000, access_type=X, privilege=Smem[R,0x0000000080009030] -> 0xCB00000000000000
PTW: Step, level=3, pte=0xCB00000000000000, pte_addr=0x80009030
PTW: failed, error=invalid-pte, level=3, pte_addr=0x80009030
trapping from S to M to handle fetch-page-fault
handling exc#fetch-page-fault at priv M with tval 0x0000030080000DAC
CSR mstatus (0x300) <- 0x0000000A00000800
CSR mcause (0x342) <- 0x000000000000000C
CSR mtval (0x343) <- 0x0000030080000DAC
CSR mepc (0x341) <- 0x0000030080000DAC

clint mtime 0x0000000000000150 (mip.MTI <- 0b1, mip.STI <- 0b0)
mem[X,0x0000000080001D40] -> 0x006F
mem[X,0x0000000080001D42] -> 0x1000
[672] [M]: 0x0000000080001D40 (0x1000006F) jal x0, 0x100                            Mtrampoline+0

mem[X,0x0000000080001E40] -> 0x1173
mem[X,0x0000000080001E42] -> 0x3401
[673] [M]: 0x0000000080001E40 (0x34011173) csrrw x2, mscratch, x2                   trap_Mhandler+0
CSR mscratch (0x340) <- 0x0000000080005000
x2 <- 0x0000000080005000

clint mtime 0x0000000000000151 (mip.MTI <- 0b1, mip.STI <- 0b0)
mem[X,0x0000000080001E44] -> 0x3423
mem[X,0x0000000080001E46] -> 0x28B1
[674] [M]: 0x0000000080001E44 (0x28B13423) sd x11, 0x288(x2)                        trap_Mhandler+4
mem[W,0x0000000080005288] <- 0x00000000000000CF

mem[X,0x0000000080001E48] -> 0x05EF
mem[X,0x0000000080001E4A] -> 0x0B80
[675] [M]: 0x0000000080001E48 (0x0B8005EF) jal x11, 0xb8                            trap_Mhandler+8
x11 <- 0x0000000080001E4C

clint mtime 0x0000000000000152 (mip.MTI <- 0b1, mip.STI <- 0b0)
mem[X,0x0000000080001F00] -> 0x3023
mem[X,0x0000000080001F02] -> 0x28A1
[676] [M]: 0x0000000080001F00 (0x28A13023) sd x10, 0x280(x2)                        common_Mhandler+0
mem[W,0x0000000080005280] <- 0x00000000000000CF

mem[X,0x0000000080001F04] -> 0x1573
mem[X,0x0000000080001F06] -> 0x3401
[677] [M]: 0x0000000080001F04 (0x34011573) csrrw x10, mscratch, x2                  common_Mhandler+4
CSR mscratch (0x340) <- 0x0000000080005000
x10 <- 0x0000000080005000

clint mtime 0x0000000000000153 (mip.MTI <- 0b1, mip.STI <- 0b0)
mem[X,0x0000000080001F08] -> 0x3823
mem[X,0x0000000080001F0A] -> 0x28A1
[678] [M]: 0x0000000080001F08 (0x28A13823) sd x10, 0x290(x2)                        common_Mhandler+8
mem[W,0x0000000080005290] <- 0x0000000080005000

mem[X,0x0000000080001F0C] -> 0x3503
mem[X,0x0000000080001F0E] -> 0x2301
[679] [M]: 0x0000000080001F0C (0x23013503) ld x10, 0x230(x2)                        common_Mhandler+12
mem[R,0x0000000080005230] -> 0x0000000080001F14
x10 <- 0x0000000080001F14

clint mtime 0x0000000000000154 (mip.MTI <- 0b1, mip.STI <- 0b0)
mem[X,0x0000000080001F10] -> 0x0067
mem[X,0x0000000080001F12] -> 0x0005
[680] [M]: 0x0000000080001F10 (0x00050067) jalr x0, 0x0(x10)                        common_Mhandler+16

mem[X,0x0000000080001F14] -> 0x3C23
mem[X,0x0000000080001F16] -> 0x2691
[681] [M]: 0x0000000080001F14 (0x26913C23) sd x9, 0x278(x2)                         common_Mentry+0
mem[W,0x0000000080005278] <- 0x0000000000000000

clint mtime 0x0000000000000155 (mip.MTI <- 0b1, mip.STI <- 0b0)
mem[X,0x0000000080001F18] -> 0x3823
mem[X,0x0000000080001F1A] -> 0x2681
[682] [M]: 0x0000000080001F18 (0x26813823) sd x8, 0x270(x2)                         common_Mentry+4
mem[W,0x0000000080005270] <- 0x0000000000007F76

mem[X,0x0000000080001F1C] -> 0x3423
mem[X,0x0000000080001F1E] -> 0x2671
[683] [M]: 0x0000000080001F1C (0x26713423) sd x7, 0x268(x2)                         common_Mentry+8
mem[W,0x0000000080005268] <- 0x0000000080005000

clint mtime 0x0000000000000156 (mip.MTI <- 0b1, mip.STI <- 0b0)
mem[X,0x0000000080001F20] -> 0x3023
mem[X,0x0000000080001F22] -> 0x2661
[684] [M]: 0x0000000080001F20 (0x26613023) sd x6, 0x260(x2)                         common_Mentry+12
mem[W,0x0000000080005260] <- 0x000002FFFFFFFFF8

mem[X,0x0000000080001F24] -> 0x2573
mem[X,0x0000000080001F26] -> 0x3420
[685] [M]: 0x0000000080001F24 (0x34202573) csrrs x10, mcause, x0                    spcl_M2mmode_test+0
CSR mcause (0x342) -> 0x000000000000000C
x10 <- 0x000000000000000C

clint mtime 0x0000000000000157 (mip.MTI <- 0b1, mip.STI <- 0b0)
mem[X,0x0000000080001F28] -> 0x04B7
mem[X,0x0000000080001F2A] -> 0x8000
[686] [M]: 0x0000000080001F28 (0x800004B7) lui x9, -0x80000                         spcl_M2mmode_test+4
x9 <- 0xFFFFFFFF80000000

mem[X,0x0000000080001F2C] -> 0x8493
mem[X,0x0000000080001F2E] -> 0x0004
[687] [M]: 0x0000000080001F2C (0x00048493) addi x9, x9, 0x0                         spcl_M2mmode_test+8
x9 <- 0xFFFFFFFF80000000

clint mtime 0x0000000000000158 (mip.MTI <- 0b1, mip.STI <- 0b0)
mem[X,0x0000000080001F30] -> 0x9493
mem[X,0x0000000080001F32] -> 0x00B4
[688] [M]: 0x0000000080001F30 (0x00B49493) slli x9, x9, 0xb                         spcl_M2mmode_test+12
x9 <- 0xFFFFFC0000000000

mem[X,0x0000000080001F34] -> 0x8493
mem[X,0x0000000080001F36] -> 0x0004
[689] [M]: 0x0000000080001F34 (0x00048493) addi x9, x9, 0x0                         spcl_M2mmode_test+16
x9 <- 0xFFFFFC0000000000

clint mtime 0x0000000000000159 (mip.MTI <- 0b1, mip.STI <- 0b0)
mem[X,0x0000000080001F38] -> 0x9493
mem[X,0x0000000080001F3A] -> 0x00B4
[690] [M]: 0x0000000080001F38 (0x00B49493) slli x9, x9, 0xb                         spcl_M2mmode_test+20
x9 <- 0xFFE0000000000000

mem[X,0x0000000080001F3C] -> 0x8493
mem[X,0x0000000080001F3E] -> 0x0034
[691] [M]: 0x0000000080001F3C (0x00348493) addi x9, x9, 0x3                         spcl_M2mmode_test+24
x9 <- 0xFFE0000000000003

clint mtime 0x000000000000015A (mip.MTI <- 0b1, mip.STI <- 0b0)
mem[X,0x0000000080001F40] -> 0x9493
mem[X,0x0000000080001F42] -> 0x00A4
[692] [M]: 0x0000000080001F40 (0x00A49493) slli x9, x9, 0xa                         spcl_M2mmode_test+28
x9 <- 0x8000000000000C00

mem[X,0x0000000080001F44] -> 0x8493
mem[X,0x0000000080001F46] -> 0x3FC4
[693] [M]: 0x0000000080001F44 (0x3FC48493) addi x9, x9, 0x3fc                       spcl_M2mmode_test+32
x9 <- 0x8000000000000FFC

clint mtime 0x000000000000015B (mip.MTI <- 0b1, mip.STI <- 0b0)
mem[X,0x0000000080001F48] -> 0xF4B3
mem[X,0x0000000080001F4A] -> 0x00A4
[694] [M]: 0x0000000080001F48 (0x00A4F4B3) and x9, x9, x10                          spcl_M2mmode_test+36
x9 <- 0x000000000000000C

mem[X,0x0000000080001F4C] -> 0x8493
mem[X,0x0000000080001F4E] -> 0xFF84
[695] [M]: 0x0000000080001F4C (0xFF848493) addi x9, x9, -0x8                        spcl_M2mmode_test+40
x9 <- 0x0000000000000004

clint mtime 0x000000000000015C (mip.MTI <- 0b1, mip.STI <- 0b0)
mem[X,0x0000000080001F50] -> 0x9663
mem[X,0x0000000080001F52] -> 0x0004
[696] [M]: 0x0000000080001F50 (0x00049663) bne x9, x0, 0xc                          spcl_M2mmode_test+44

mem[X,0x0000000080001F5C] -> 0x0393
mem[X,0x0000000080001F5E] -> 0x0200
[697] [M]: 0x0000000080001F5C (0x02000393) addi x7, x0, 0x20                        Mtrapsig_ptr_upd+0
x7 <- 0x0000000000000020

clint mtime 0x000000000000015D (mip.MTI <- 0b1, mip.STI <- 0b0)
mem[X,0x0000000080001F60] -> 0x5263
mem[X,0x0000000080001F62] -> 0x0405
[698] [M]: 0x0000000080001F60 (0x04055263) bge x10, x0, 0x44                        Mtrapsig_ptr_upd+4

mem[X,0x0000000080001FA4] -> 0x2373
mem[X,0x0000000080001FA6] -> 0x3010
[699] [M]: 0x0000000080001FA4 (0x30102373) csrrs x6, misa, x0                       Mxcpt_sig_sv+0
CSR misa (0x301) -> 0x800000000034112F
x6 <- 0x800000000034112F

clint mtime 0x000000000000015E (mip.MTI <- 0b1, mip.STI <- 0b0)
mem[X,0x0000000080001FA8] -> 0x1313
mem[X,0x0000000080001FAA] -> 0x0383
[700] [M]: 0x0000000080001FA8 (0x03831313) slli x6, x6, 0x38                        Mxcpt_sig_sv+4
x6 <- 0x2F00000000000000

mem[X,0x0000000080001FAC] -> 0x5463
mem[X,0x0000000080001FAE] -> 0x0003
[701] [M]: 0x0000000080001FAC (0x00035463) bge x6, x0, 0x8                          Mxcpt_sig_sv+8

clint mtime 0x000000000000015F (mip.MTI <- 0b1, mip.STI <- 0b0)
mem[X,0x0000000080001FB4] -> 0x3303
mem[X,0x0000000080001FB6] -> 0x2181
[702] [M]: 0x0000000080001FB4 (0x21813303) ld x6, 0x218(x2)                         Mtrap_sig_sv+0
mem[R,0x0000000080005218] -> 0x000000008000A338
x6 <- 0x000000008000A338

mem[X,0x0000000080001FB8] -> 0x04B3
mem[X,0x0000000080001FBA] -> 0x0073
[703] [M]: 0x0000000080001FB8 (0x007304B3) add x9, x6, x7                           Mtrap_sig_sv+4
x9 <- 0x000000008000A358

clint mtime 0x0000000000000160 (mip.MTI <- 0b1, mip.STI <- 0b0)
mem[X,0x0000000080001FBC] -> 0x3C23
mem[X,0x0000000080001FBE] -> 0x2091
[704] [M]: 0x0000000080001FBC (0x20913C23) sd x9, 0x218(x2)                         Mtrap_sig_sv+8
mem[W,0x0000000080005218] <- 0x000000008000A358

mem[X,0x0000000080001FC0] -> 0x3403
mem[X,0x0000000080001FC2] -> 0x1F81
[705] [M]: 0x0000000080001FC0 (0x1F813403) ld x8, 0x1f8(x2)                         Mtrap_sig_sv+12
mem[R,0x00000000800051F8] -> 0x000000008000A110
x8 <- 0x000000008000A110

clint mtime 0x0000000000000161 (mip.MTI <- 0b1, mip.STI <- 0b0)
mem[X,0x0000000080001FC4] -> 0x0333
mem[X,0x0000000080001FC6] -> 0x4083
[706] [M]: 0x0000000080001FC4 (0x40830333) sub x6, x6, x8                           Mtrap_sig_sv+16
x6 <- 0x0000000000000228

mem[X,0x0000000080001FC8] -> 0x3403
mem[X,0x0000000080001FCA] -> 0x1F81
[707] [M]: 0x0000000080001FC8 (0x1F813403) ld x8, 0x1f8(x2)                         Mtrap_sig_sv+20
mem[R,0x00000000800051F8] -> 0x000000008000A110
x8 <- 0x000000008000A110

clint mtime 0x0000000000000162 (mip.MTI <- 0b1, mip.STI <- 0b0)
mem[X,0x0000000080001FCC] -> 0x0333
mem[X,0x0000000080001FCE] -> 0x0083
[708] [M]: 0x0000000080001FCC (0x00830333) add x6, x6, x8                           Mtrap_sig_sv+24
x6 <- 0x000000008000A338

mem[X,0x0000000080001FD0] -> 0x3403
mem[X,0x0000000080001FD2] -> 0x2401
[709] [M]: 0x0000000080001FD0 (0x24013403) ld x8, 0x240(x2)                         Mtrap_sig_sv+28
mem[R,0x0000000080005240] -> 0x0000000080001D40
x8 <- 0x0000000080001D40

clint mtime 0x0000000000000163 (mip.MTI <- 0b1, mip.STI <- 0b0)
mem[X,0x0000000080001FD4] -> 0x85B3
mem[X,0x0000000080001FD6] -> 0x4085
[710] [M]: 0x0000000080001FD4 (0x408585B3) sub x11, x11, x8                         sv_Mvect+0
x11 <- 0x000000000000010C

mem[X,0x0000000080001FD8] -> 0x9593
mem[X,0x0000000080001FDA] -> 0x0045
[711] [M]: 0x0000000080001FD8 (0x00459593) slli x11, x11, 0x4                       sv_Mvect+4
x11 <- 0x00000000000010C0

clint mtime 0x0000000000000164 (mip.MTI <- 0b1, mip.STI <- 0b0)
mem[X,0x0000000080001FDC] -> 0xE5B3
mem[X,0x0000000080001FDE] -> 0x0075
[712] [M]: 0x0000000080001FDC (0x0075E5B3) or x11, x11, x7                          sv_Mvect+8
x11 <- 0x00000000000010E0

mem[X,0x0000000080001FE0] -> 0x8593
mem[X,0x0000000080001FE2] -> 0x0035
[713] [M]: 0x0000000080001FE0 (0x00358593) addi x11, x11, 0x3                       sv_Mvect+12
x11 <- 0x00000000000010E3

clint mtime 0x0000000000000165 (mip.MTI <- 0b1, mip.STI <- 0b0)
mem[X,0x0000000080001FE4] -> 0x3023
mem[X,0x0000000080001FE6] -> 0x00B3
[714] [M]: 0x0000000080001FE4 (0x00B33023) sd x11, 0x0(x6)                          sv_Mvect+16
mem[W,0x000000008000A338] <- 0x00000000000010E3

mem[X,0x0000000080001FE8] -> 0x3423
mem[X,0x0000000080001FEA] -> 0x00A3
[715] [M]: 0x0000000080001FE8 (0x00A33423) sd x10, 0x8(x6)                          sv_Mcause+0
mem[W,0x000000008000A340] <- 0x000000000000000C

clint mtime 0x0000000000000166 (mip.MTI <- 0b1, mip.STI <- 0b0)
mem[X,0x0000000080001FEC] -> 0x4663
mem[X,0x0000000080001FEE] -> 0x1A05
[716] [M]: 0x0000000080001FEC (0x1A054663) blt x10, x0, 0x1ac                       sv_Mcause+4

mem[X,0x0000000080001FF0] -> 0x25F3
mem[X,0x0000000080001FF2] -> 0x3000
[717] [M]: 0x0000000080001FF0 (0x300025F3) csrrs x11, mstatus, x0                   common_Mexcpt_handler+0
CSR mstatus (0x300) -> 0x0000000A00000800
x11 <- 0x0000000A00000800

clint mtime 0x0000000000000167 (mip.MTI <- 0b1, mip.STI <- 0b0)
mem[X,0x0000000080001FF4] -> 0x9413
mem[X,0x0000000080001FF6] -> 0x02E5
[718] [M]: 0x0000000080001FF4 (0x02E59413) slli x8, x11, 0x2e                       common_Mexcpt_handler+4
x8 <- 0x0200000000000000

mem[X,0x0000000080001FF8] -> 0x5463
mem[X,0x0000000080001FFA] -> 0x0004
[719] [M]: 0x0000000080001FF8 (0x00045463) bge x8, x0, 0x8                          common_Mexcpt_handler+8

clint mtime 0x0000000000000168 (mip.MTI <- 0b1, mip.STI <- 0b0)
mem[X,0x0000000080002000] -> 0xD493
mem[X,0x0000000080002002] -> 0x00B5
[720] [M]: 0x0000000080002000 (0x00B5D493) srli x9, x11, 0xb                        common_Mexcpt_handler+16
x9 <- 0x0000000001400001

mem[X,0x0000000080002004] -> 0xF493
mem[X,0x0000000080002006] -> 0x0034
[721] [M]: 0x0000000080002004 (0x0034F493) andi x9, x9, 0x3                         common_Mexcpt_handler+20
x9 <- 0x0000000000000001

clint mtime 0x0000000000000169 (mip.MTI <- 0b1, mip.STI <- 0b0)
mem[X,0x0000000080002008] -> 0x8493
mem[X,0x000000008000200A] -> 0x0014
[722] [M]: 0x0000000080002008 (0x00148493) addi x9, x9, 0x1                         common_Mexcpt_handler+24
x9 <- 0x0000000000000002

mem[X,0x000000008000200C] -> 0xF493
mem[X,0x000000008000200E] -> 0x0044
[723] [M]: 0x000000008000200C (0x0044F493) andi x9, x9, 0x4                         common_Mexcpt_handler+28
x9 <- 0x0000000000000000

clint mtime 0x000000000000016A (mip.MTI <- 0b1, mip.STI <- 0b0)
mem[X,0x0000000080002010] -> 0x0593
mem[X,0x0000000080002012] -> 0x05D0
[724] [M]: 0x0000000080002010 (0x05D00593) addi x11, x0, 0x5d                       common_Mexcpt_handler+32
x11 <- 0x000000000000005D

mem[X,0x0000000080002014] -> 0xD5B3
mem[X,0x0000000080002016] -> 0x0095
[725] [M]: 0x0000000080002014 (0x0095D5B3) srl x11, x11, x9                         common_Mexcpt_handler+36
x11 <- 0x000000000000005D

clint mtime 0x000000000000016B (mip.MTI <- 0b1, mip.STI <- 0b0)
mem[X,0x0000000080002018] -> 0xF593
mem[X,0x000000008000201A] -> 0x0015
[726] [M]: 0x0000000080002018 (0x0015F593) andi x11, x11, 0x1                       common_Mexcpt_handler+40
x11 <- 0x0000000000000001

mem[X,0x000000008000201C] -> 0x8EE3
mem[X,0x000000008000201E] -> 0xF405
[727] [M]: 0x000000008000201C (0xF4058EE3) beq x11, x0, -0xa4                       common_Mexcpt_handler+44

clint mtime 0x000000000000016C (mip.MTI <- 0b1, mip.STI <- 0b0)
mem[X,0x0000000080002020] -> 0x0593
mem[X,0x0000000080002022] -> 0x2980
[728] [M]: 0x0000000080002020 (0x29800593) addi x11, x0, 0x298                      common_Mexcpt_handler+48
x11 <- 0x0000000000000298

mem[X,0x0000000080002024] -> 0xF413
mem[X,0x0000000080002026] -> 0x0014
[729] [M]: 0x0000000080002024 (0x0014F413) andi x8, x9, 0x1                         common_Mexcpt_handler+52
x8 <- 0x0000000000000000

clint mtime 0x000000000000016D (mip.MTI <- 0b1, mip.STI <- 0b0)
mem[X,0x0000000080002028] -> 0x95B3
mem[X,0x000000008000202A] -> 0x0085
[730] [M]: 0x0000000080002028 (0x008595B3) sll x11, x11, x8                         common_Mexcpt_handler+56
x11 <- 0x0000000000000298

mem[X,0x000000008000202C] -> 0x9413
mem[X,0x000000008000202E] -> 0x03D4
[731] [M]: 0x000000008000202C (0x03D49413) slli x8, x9, 0x3d                        common_Mexcpt_handler+60
x8 <- 0x0000000000000000

clint mtime 0x000000000000016E (mip.MTI <- 0b1, mip.STI <- 0b0)
mem[X,0x0000000080002030] -> 0x5413
mem[X,0x0000000080002032] -> 0x43F4
[732] [M]: 0x0000000080002030 (0x43F45413) srai x8, x8, 0x3f                        common_Mexcpt_handler+64
x8 <- 0x0000000000000000

mem[X,0x0000000080002034] -> 0x4413
mem[X,0x0000000080002036] -> 0xFFF4
[733] [M]: 0x0000000080002034 (0xFFF44413) xori x8, x8, -0x1                        common_Mexcpt_handler+68
x8 <- 0xFFFFFFFFFFFFFFFF

clint mtime 0x000000000000016F (mip.MTI <- 0b1, mip.STI <- 0b0)
mem[X,0x0000000080002038] -> 0xF4B3
mem[X,0x000000008000203A] -> 0x0085
[734] [M]: 0x0000000080002038 (0x0085F4B3) and x9, x11, x8                          common_Mexcpt_handler+72
x9 <- 0x0000000000000298

mem[X,0x000000008000203C] -> 0x84B3
mem[X,0x000000008000203E] -> 0x0024
[735] [M]: 0x000000008000203C (0x002484B3) add x9, x9, x2                           vmem_adj_Mepc+0
x9 <- 0x0000000080005298

clint mtime 0x0000000000000170 (mip.MTI <- 0b1, mip.STI <- 0b0)
mem[X,0x0000000080002040] -> 0x23F3
mem[X,0x0000000080002042] -> 0x3410
[736] [M]: 0x0000000080002040 (0x341023F3) csrrs x7, mepc, x0                       vmem_adj_Mepc+4
CSR mepc (0x341) -> 0x0000030080000DAC
x7 <- 0x0000030080000DAC

mem[X,0x0000000080002044] -> 0x0413
mem[X,0x0000000080002046] -> 0x0004
[737] [M]: 0x0000000080002044 (0x00040413) addi x8, x8, 0x0                         vmem_adj_Mepc+8
x8 <- 0xFFFFFFFFFFFFFFFF

clint mtime 0x0000000000000171 (mip.MTI <- 0b1, mip.STI <- 0b0)
mem[X,0x0000000080002048] -> 0x006F
mem[X,0x000000008000204A] -> 0x0400
[738] [M]: 0x0000000080002048 (0x0400006F) jal x0, 0x40                             vmem_adj_Mepc+12

mem[X,0x0000000080002088] -> 0x8433
mem[X,0x000000008000208A] -> 0x4083
[739] [M]: 0x0000000080002088 (0x40838433) sub x8, x7, x8                           adj_Mepc+0
x8 <- 0x0000030080000DAD

clint mtime 0x0000000000000172 (mip.MTI <- 0b1, mip.STI <- 0b0)
mem[X,0x000000008000208C] -> 0x3823
mem[X,0x000000008000208E] -> 0x0083
[740] [M]: 0x000000008000208C (0x00833823) sd x8, 0x10(x6)                          sv_Mepc+0
mem[W,0x000000008000A348] <- 0x0000030080000DAD

mem[X,0x0000000080002090] -> 0x55B7
mem[X,0x0000000080002092] -> 0x0000
[741] [M]: 0x0000000080002090 (0x000055B7) lui x11, 0x5                             sv_Mepc+4
x11 <- 0x0000000000005000

clint mtime 0x0000000000000173 (mip.MTI <- 0b1, mip.STI <- 0b0)
mem[X,0x0000000080002094] -> 0x8593
mem[X,0x0000000080002096] -> 0x6675
[742] [M]: 0x0000000080002094 (0x66758593) addi x11, x11, 0x667                     sv_Mepc+8
x11 <- 0x0000000000005667

mem[X,0x0000000080002098] -> 0x9593
mem[X,0x000000008000209A] -> 0x0015
[743] [M]: 0x0000000080002098 (0x00159593) slli x11, x11, 0x1                       sv_Mepc+12
x11 <- 0x000000000000ACCE

clint mtime 0x0000000000000174 (mip.MTI <- 0b1, mip.STI <- 0b0)
mem[X,0x000000008000209C] -> 0x9063
mem[X,0x000000008000209E] -> 0x02B1
[744] [M]: 0x000000008000209C (0x02B19063) bne x3, x11, 0x20                        sv_Mepc+16

mem[X,0x00000000800020BC] -> 0xF593
mem[X,0x00000000800020BE] -> 0xFFC3
[745] [M]: 0x00000000800020BC (0xFFC3F593) andi x11, x7, -0x4                       adj_Mepc_rtn+0
x11 <- 0x0000030080000DAC

clint mtime 0x0000000000000175 (mip.MTI <- 0b1, mip.STI <- 0b0)
mem[X,0x00000000800020C0] -> 0x8593
mem[X,0x00000000800020C2] -> 0x0085
[746] [M]: 0x00000000800020C0 (0x00858593) addi x11, x11, 0x8                       adj_Mepc_rtn+4
x11 <- 0x0000030080000DB4

mem[X,0x00000000800020C4] -> 0x9073
mem[X,0x00000000800020C6] -> 0x3415
[747] [M]: 0x00000000800020C4 (0x34159073) csrrw x0, mepc, x11                      adj_Mepc_rtn+8
CSR mepc (0x341) <- 0x0000030080000DB4

clint mtime 0x0000000000000176 (mip.MTI <- 0b1, mip.STI <- 0b0)
mem[X,0x00000000800020C8] -> 0x23F3
mem[X,0x00000000800020CA] -> 0x3430
[748] [M]: 0x00000000800020C8 (0x343023F3) csrrs x7, mtval, x0                      skp_adj_Mepc+0
CSR mtval (0x343) -> 0x0000030080000DAC
x7 <- 0x0000030080000DAC

mem[X,0x00000000800020CC] -> 0x0413
mem[X,0x00000000800020CE] -> 0x0004
[749] [M]: 0x00000000800020CC (0x00040413) addi x8, x8, 0x0                         skp_adj_Mepc+4
x8 <- 0x0000030080000DAD

clint mtime 0x0000000000000177 (mip.MTI <- 0b1, mip.STI <- 0b0)
mem[X,0x00000000800020D0] -> 0x006F
mem[X,0x00000000800020D2] -> 0x0840
[750] [M]: 0x00000000800020D0 (0x0840006F) jal x0, 0x84                             skp_adj_Mepc+8

mem[X,0x0000000080002154] -> 0x8433
mem[X,0x0000000080002156] -> 0x4083
[751] [M]: 0x0000000080002154 (0x40838433) sub x8, x7, x8                           adj_Mtval+0
x8 <- 0xFFFFFFFFFFFFFFFF

clint mtime 0x0000000000000178 (mip.MTI <- 0b1, mip.STI <- 0b0)
mem[X,0x0000000080002158] -> 0x3C23
mem[X,0x000000008000215A] -> 0x0083
[752] [M]: 0x0000000080002158 (0x00833C23) sd x8, 0x18(x6)                          sv_Mtval+0
mem[W,0x000000008000A350] <- 0xFFFFFFFFFFFFFFFF

mem[X,0x000000008000215C] -> 0x3483
mem[X,0x000000008000215E] -> 0x2181
[753] [M]: 0x000000008000215C (0x21813483) ld x9, 0x218(x2)                         skp_Mtval+0
mem[R,0x0000000080005218] -> 0x000000008000A358
x9 <- 0x000000008000A358

clint mtime 0x0000000000000179 (mip.MTI <- 0b1, mip.STI <- 0b0)
mem[X,0x0000000080002160] -> 0x3383
mem[X,0x0000000080002162] -> 0x1F81
[754] [M]: 0x0000000080002160 (0x1F813383) ld x7, 0x1f8(x2)                         skp_Mtval+4
mem[R,0x00000000800051F8] -> 0x000000008000A110
x7 <- 0x000000008000A110

mem[X,0x0000000080002164] -> 0x3303
mem[X,0x0000000080002166] -> 0x2001
[755] [M]: 0x0000000080002164 (0x20013303) ld x6, 0x200(x2)                         skp_Mtval+8
mem[R,0x0000000080005200] -> 0x0000000000000410
x6 <- 0x0000000000000410

clint mtime 0x000000000000017A (mip.MTI <- 0b1, mip.STI <- 0b0)
mem[X,0x0000000080002168] -> 0x0333
mem[X,0x000000008000216A] -> 0x0073
[756] [M]: 0x0000000080002168 (0x00730333) add x6, x6, x7                           skp_Mtval+12
x6 <- 0x000000008000A520

mem[X,0x000000008000216C] -> 0x6AE3
mem[X,0x000000008000216E] -> 0xAC93
[757] [M]: 0x000000008000216C (0xAC936AE3) bltu x6, x9, -0x52c                      skp_Mtval+16

clint mtime 0x000000000000017B (mip.MTI <- 0b1, mip.STI <- 0b0)
mem[X,0x0000000080002170] -> 0x0393
mem[X,0x0000000080002172] -> 0x2000
[758] [M]: 0x0000000080002170 (0x20000393) addi x7, x0, 0x200                       skp_Mtval+20
x7 <- 0x0000000000000200

mem[X,0x0000000080002174] -> 0x006F
mem[X,0x0000000080002176] -> 0x0400
[759] [M]: 0x0000000080002174 (0x0400006F) jal x0, 0x40                             skp_Mtval+24

clint mtime 0x000000000000017C (mip.MTI <- 0b1, mip.STI <- 0b0)
mem[X,0x00000000800021B4] -> 0x0417
mem[X,0x00000000800021B6] -> 0x0000
[760] [M]: 0x00000000800021B4 (0x00000417) auipc x8, 0x0                            spcl_Mhandler+0
x8 <- 0x00000000800021B4

mem[X,0x00000000800021B8] -> 0x0413
mem[X,0x00000000800021BA] -> 0x03C4
[761] [M]: 0x00000000800021B8 (0x03C40413) addi x8, x8, 0x3c                        spcl_Mhandler+4
x8 <- 0x00000000800021F0

clint mtime 0x000000000000017D (mip.MTI <- 0b1, mip.STI <- 0b0)
mem[X,0x00000000800021BC] -> 0x0433
mem[X,0x00000000800021BE] -> 0x0074
[762] [M]: 0x00000000800021BC (0x00740433) add x8, x8, x7                           spcl_Mhandler+8
x8 <- 0x00000000800023F0

mem[X,0x00000000800021C0] -> 0x1393
mem[X,0x00000000800021C2] -> 0x0035
[763] [M]: 0x00000000800021C0 (0x00351393) slli x7, x10, 0x3                        spcl_Mhandler+12
x7 <- 0x0000000000000060

clint mtime 0x000000000000017E (mip.MTI <- 0b1, mip.STI <- 0b0)
mem[X,0x00000000800021C4] -> 0x0433
mem[X,0x00000000800021C6] -> 0x0074
[764] [M]: 0x00000000800021C4 (0x00740433) add x8, x8, x7                           spcl_Mhandler+16
x8 <- 0x0000000080002450

mem[X,0x00000000800021C8] -> 0x7413
mem[X,0x00000000800021CA] -> 0xFF84
[765] [M]: 0x00000000800021C8 (0xFF847413) andi x8, x8, -0x8                        spcl_Mhandler+20
x8 <- 0x0000000080002450

clint mtime 0x000000000000017F (mip.MTI <- 0b1, mip.STI <- 0b0)
mem[X,0x00000000800021CC] -> 0x3403
mem[X,0x00000000800021CE] -> 0x0004
[766] [M]: 0x00000000800021CC (0x00043403) ld x8, 0x0(x8)                           spcl_Mhandler+24
mem[R,0x0000000080002450] -> 0x0000000000000019
x8 <- 0x0000000000000019

mem[X,0x00000000800021D0] -> 0x02E3
mem[X,0x00000000800021D2] -> 0xB004
[767] [M]: 0x00000000800021D0 (0xB00402E3) beq x8, x0, -0x4fc                       spcl_Mdispatch_hndling+0

clint mtime 0x0000000000000180 (mip.MTI <- 0b1, mip.STI <- 0b0)
mem[X,0x00000000800021D4] -> 0x1393
mem[X,0x00000000800021D6] -> 0x03F4
[768] [M]: 0x00000000800021D4 (0x03F41393) slli x7, x8, 0x3f                        spcl_Mdispatch_hndling+4
x7 <- 0x8000000000000000

mem[X,0x00000000800021D8] -> 0xD863
mem[X,0x00000000800021DA] -> 0x0003
[769] [M]: 0x00000000800021D8 (0x0003D863) bge x7, x0, 0x10                         spcl_Mdispatch_hndling+8

clint mtime 0x0000000000000181 (mip.MTI <- 0b1, mip.STI <- 0b0)
mem[X,0x00000000800021DC] -> 0x5413
mem[X,0x00000000800021DE] -> 0x0014
[770] [M]: 0x00000000800021DC (0x00145413) srli x8, x8, 0x1                         spcl_Mdispatch_hndling+12
x8 <- 0x000000000000000C

mem[X,0x00000000800021E0] -> 0x0CE3
mem[X,0x00000000800021E2] -> 0xF885
[771] [M]: 0x00000000800021E0 (0xF8850CE3) beq x10, x8, -0x68                       spcl_Mdispatch_hndling+16

clint mtime 0x0000000000000182 (mip.MTI <- 0b1, mip.STI <- 0b0)
mem[X,0x0000000080002178] -> 0x3303
mem[X,0x000000008000217A] -> 0x2601
[772] [M]: 0x0000000080002178 (0x26013303) ld x6, 0x260(x2)                         resto_Mrtn+0
mem[R,0x0000000080005260] -> 0x000002FFFFFFFFF8
x6 <- 0x000002FFFFFFFFF8

mem[X,0x000000008000217C] -> 0x3383
mem[X,0x000000008000217E] -> 0x2681
[773] [M]: 0x000000008000217C (0x26813383) ld x7, 0x268(x2)                         resto_Mrtn+4
mem[R,0x0000000080005268] -> 0x0000000080005000
x7 <- 0x0000000080005000

clint mtime 0x0000000000000183 (mip.MTI <- 0b1, mip.STI <- 0b0)
mem[X,0x0000000080002180] -> 0x3403
mem[X,0x0000000080002182] -> 0x2701
[774] [M]: 0x0000000080002180 (0x27013403) ld x8, 0x270(x2)                         resto_Mrtn+8
mem[R,0x0000000080005270] -> 0x0000000000007F76
x8 <- 0x0000000000007F76

mem[X,0x0000000080002184] -> 0x3483
mem[X,0x0000000080002186] -> 0x2781
[775] [M]: 0x0000000080002184 (0x27813483) ld x9, 0x278(x2)                         resto_Mrtn+12
mem[R,0x0000000080005278] -> 0x0000000000000000
x9 <- 0x0000000000000000

clint mtime 0x0000000000000184 (mip.MTI <- 0b1, mip.STI <- 0b0)
mem[X,0x0000000080002188] -> 0x3503
mem[X,0x000000008000218A] -> 0x2801
[776] [M]: 0x0000000080002188 (0x28013503) ld x10, 0x280(x2)                        resto_Mrtn+16
mem[R,0x0000000080005280] -> 0x00000000000000CF
x10 <- 0x00000000000000CF

mem[X,0x000000008000218C] -> 0x3583
mem[X,0x000000008000218E] -> 0x2881
[777] [M]: 0x000000008000218C (0x28813583) ld x11, 0x288(x2)                        resto_Mrtn+20
mem[R,0x0000000080005288] -> 0x00000000000000CF
x11 <- 0x00000000000000CF

clint mtime 0x0000000000000185 (mip.MTI <- 0b1, mip.STI <- 0b0)
mem[X,0x0000000080002190] -> 0x3103
mem[X,0x0000000080002192] -> 0x2901
[778] [M]: 0x0000000080002190 (0x29013103) ld x2, 0x290(x2)                         resto_Mrtn+24
mem[R,0x0000000080005290] -> 0x0000000080005000
x2 <- 0x0000000080005000

mem[X,0x0000000080002194] -> 0x0073
mem[X,0x0000000080002196] -> 0x3020
[779] [M]: 0x0000000080002194 (0x30200073) mret                                     resto_Mrtn+28
CSR mstatus (0x300) <- 0x0000000A00000080
ret-ing from M to S

clint mtime 0x0000000000000186 (mip.MTI <- 0b1, mip.STI <- 0b0)
PTW: Start, vpn=0x30080000, access_type=X, privilege=Smem[R,0x0000000080009030] -> 0xCB00000000000000
PTW: Step, level=3, pte=0xCB00000000000000, pte_addr=0x80009030
PTW: failed, error=invalid-pte, level=3, pte_addr=0x80009030
trapping from S to M to handle fetch-page-fault
handling exc#fetch-page-fault at priv M with tval 0x0000030080000DB4
CSR mstatus (0x300) <- 0x0000000A00000800
CSR mcause (0x342) <- 0x000000000000000C
CSR mtval (0x343) <- 0x0000030080000DB4
CSR mepc (0x341) <- 0x0000030080000DB4

mem[X,0x0000000080001D40] -> 0x006F
mem[X,0x0000000080001D42] -> 0x1000
[781] [M]: 0x0000000080001D40 (0x1000006F) jal x0, 0x100                            Mtrampoline+0

clint mtime 0x0000000000000187 (mip.MTI <- 0b1, mip.STI <- 0b0)
mem[X,0x0000000080001E40] -> 0x1173
mem[X,0x0000000080001E42] -> 0x3401
[782] [M]: 0x0000000080001E40 (0x34011173) csrrw x2, mscratch, x2                   trap_Mhandler+0
CSR mscratch (0x340) <- 0x0000000080005000
x2 <- 0x0000000080005000

mem[X,0x0000000080001E44] -> 0x3423
mem[X,0x0000000080001E46] -> 0x28B1
[783] [M]: 0x0000000080001E44 (0x28B13423) sd x11, 0x288(x2)                        trap_Mhandler+4
mem[W,0x0000000080005288] <- 0x00000000000000CF

clint mtime 0x0000000000000188 (mip.MTI <- 0b1, mip.STI <- 0b0)
mem[X,0x0000000080001E48] -> 0x05EF
mem[X,0x0000000080001E4A] -> 0x0B80
[784] [M]: 0x0000000080001E48 (0x0B8005EF) jal x11, 0xb8                            trap_Mhandler+8
x11 <- 0x0000000080001E4C

mem[X,0x0000000080001F00] -> 0x3023
mem[X,0x0000000080001F02] -> 0x28A1
[785] [M]: 0x0000000080001F00 (0x28A13023) sd x10, 0x280(x2)                        common_Mhandler+0
mem[W,0x0000000080005280] <- 0x00000000000000CF

clint mtime 0x0000000000000189 (mip.MTI <- 0b1, mip.STI <- 0b0)
mem[X,0x0000000080001F04] -> 0x1573
mem[X,0x0000000080001F06] -> 0x3401
[786] [M]: 0x0000000080001F04 (0x34011573) csrrw x10, mscratch, x2                  common_Mhandler+4
CSR mscratch (0x340) <- 0x0000000080005000
x10 <- 0x0000000080005000

mem[X,0x0000000080001F08] -> 0x3823
mem[X,0x0000000080001F0A] -> 0x28A1
[787] [M]: 0x0000000080001F08 (0x28A13823) sd x10, 0x290(x2)                        common_Mhandler+8
mem[W,0x0000000080005290] <- 0x0000000080005000

clint mtime 0x000000000000018A (mip.MTI <- 0b1, mip.STI <- 0b0)
mem[X,0x0000000080001F0C] -> 0x3503
mem[X,0x0000000080001F0E] -> 0x2301
[788] [M]: 0x0000000080001F0C (0x23013503) ld x10, 0x230(x2)                        common_Mhandler+12
mem[R,0x0000000080005230] -> 0x0000000080001F14
x10 <- 0x0000000080001F14

mem[X,0x0000000080001F10] -> 0x0067
mem[X,0x0000000080001F12] -> 0x0005
[789] [M]: 0x0000000080001F10 (0x00050067) jalr x0, 0x0(x10)                        common_Mhandler+16

clint mtime 0x000000000000018B (mip.MTI <- 0b1, mip.STI <- 0b0)
mem[X,0x0000000080001F14] -> 0x3C23
mem[X,0x0000000080001F16] -> 0x2691
[790] [M]: 0x0000000080001F14 (0x26913C23) sd x9, 0x278(x2)                         common_Mentry+0
mem[W,0x0000000080005278] <- 0x0000000000000000

mem[X,0x0000000080001F18] -> 0x3823
mem[X,0x0000000080001F1A] -> 0x2681
[791] [M]: 0x0000000080001F18 (0x26813823) sd x8, 0x270(x2)                         common_Mentry+4
mem[W,0x0000000080005270] <- 0x0000000000007F76

clint mtime 0x000000000000018C (mip.MTI <- 0b1, mip.STI <- 0b0)
mem[X,0x0000000080001F1C] -> 0x3423
mem[X,0x0000000080001F1E] -> 0x2671
[792] [M]: 0x0000000080001F1C (0x26713423) sd x7, 0x268(x2)                         common_Mentry+8
mem[W,0x0000000080005268] <- 0x0000000080005000

mem[X,0x0000000080001F20] -> 0x3023
mem[X,0x0000000080001F22] -> 0x2661
[793] [M]: 0x0000000080001F20 (0x26613023) sd x6, 0x260(x2)                         common_Mentry+12
mem[W,0x0000000080005260] <- 0x000002FFFFFFFFF8

clint mtime 0x000000000000018D (mip.MTI <- 0b1, mip.STI <- 0b0)
mem[X,0x0000000080001F24] -> 0x2573
mem[X,0x0000000080001F26] -> 0x3420
[794] [M]: 0x0000000080001F24 (0x34202573) csrrs x10, mcause, x0                    spcl_M2mmode_test+0
CSR mcause (0x342) -> 0x000000000000000C
x10 <- 0x000000000000000C

mem[X,0x0000000080001F28] -> 0x04B7
mem[X,0x0000000080001F2A] -> 0x8000
[795] [M]: 0x0000000080001F28 (0x800004B7) lui x9, -0x80000                         spcl_M2mmode_test+4
x9 <- 0xFFFFFFFF80000000

clint mtime 0x000000000000018E (mip.MTI <- 0b1, mip.STI <- 0b0)
mem[X,0x0000000080001F2C] -> 0x8493
mem[X,0x0000000080001F2E] -> 0x0004
[796] [M]: 0x0000000080001F2C (0x00048493) addi x9, x9, 0x0                         spcl_M2mmode_test+8
x9 <- 0xFFFFFFFF80000000

mem[X,0x0000000080001F30] -> 0x9493
mem[X,0x0000000080001F32] -> 0x00B4
[797] [M]: 0x0000000080001F30 (0x00B49493) slli x9, x9, 0xb                         spcl_M2mmode_test+12
x9 <- 0xFFFFFC0000000000

clint mtime 0x000000000000018F (mip.MTI <- 0b1, mip.STI <- 0b0)
mem[X,0x0000000080001F34] -> 0x8493
mem[X,0x0000000080001F36] -> 0x0004
[798] [M]: 0x0000000080001F34 (0x00048493) addi x9, x9, 0x0                         spcl_M2mmode_test+16
x9 <- 0xFFFFFC0000000000

mem[X,0x0000000080001F38] -> 0x9493
mem[X,0x0000000080001F3A] -> 0x00B4
[799] [M]: 0x0000000080001F38 (0x00B49493) slli x9, x9, 0xb                         spcl_M2mmode_test+20
x9 <- 0xFFE0000000000000

clint mtime 0x0000000000000190 (mip.MTI <- 0b1, mip.STI <- 0b0)
mem[X,0x0000000080001F3C] -> 0x8493
mem[X,0x0000000080001F3E] -> 0x0034
[800] [M]: 0x0000000080001F3C (0x00348493) addi x9, x9, 0x3                         spcl_M2mmode_test+24
x9 <- 0xFFE0000000000003

mem[X,0x0000000080001F40] -> 0x9493
mem[X,0x0000000080001F42] -> 0x00A4
[801] [M]: 0x0000000080001F40 (0x00A49493) slli x9, x9, 0xa                         spcl_M2mmode_test+28
x9 <- 0x8000000000000C00

clint mtime 0x0000000000000191 (mip.MTI <- 0b1, mip.STI <- 0b0)
mem[X,0x0000000080001F44] -> 0x8493
mem[X,0x0000000080001F46] -> 0x3FC4
[802] [M]: 0x0000000080001F44 (0x3FC48493) addi x9, x9, 0x3fc                       spcl_M2mmode_test+32
x9 <- 0x8000000000000FFC

mem[X,0x0000000080001F48] -> 0xF4B3
mem[X,0x0000000080001F4A] -> 0x00A4
[803] [M]: 0x0000000080001F48 (0x00A4F4B3) and x9, x9, x10                          spcl_M2mmode_test+36
x9 <- 0x000000000000000C

clint mtime 0x0000000000000192 (mip.MTI <- 0b1, mip.STI <- 0b0)
mem[X,0x0000000080001F4C] -> 0x8493
mem[X,0x0000000080001F4E] -> 0xFF84
[804] [M]: 0x0000000080001F4C (0xFF848493) addi x9, x9, -0x8                        spcl_M2mmode_test+40
x9 <- 0x0000000000000004

mem[X,0x0000000080001F50] -> 0x9663
mem[X,0x0000000080001F52] -> 0x0004
[805] [M]: 0x0000000080001F50 (0x00049663) bne x9, x0, 0xc                          spcl_M2mmode_test+44

clint mtime 0x0000000000000193 (mip.MTI <- 0b1, mip.STI <- 0b0)
mem[X,0x0000000080001F5C] -> 0x0393
mem[X,0x0000000080001F5E] -> 0x0200
[806] [M]: 0x0000000080001F5C (0x02000393) addi x7, x0, 0x20                        Mtrapsig_ptr_upd+0
x7 <- 0x0000000000000020

mem[X,0x0000000080001F60] -> 0x5263
mem[X,0x0000000080001F62] -> 0x0405
[807] [M]: 0x0000000080001F60 (0x04055263) bge x10, x0, 0x44                        Mtrapsig_ptr_upd+4

clint mtime 0x0000000000000194 (mip.MTI <- 0b1, mip.STI <- 0b0)
mem[X,0x0000000080001FA4] -> 0x2373
mem[X,0x0000000080001FA6] -> 0x3010
[808] [M]: 0x0000000080001FA4 (0x30102373) csrrs x6, misa, x0                       Mxcpt_sig_sv+0
CSR misa (0x301) -> 0x800000000034112F
x6 <- 0x800000000034112F

mem[X,0x0000000080001FA8] -> 0x1313
mem[X,0x0000000080001FAA] -> 0x0383
[809] [M]: 0x0000000080001FA8 (0x03831313) slli x6, x6, 0x38                        Mxcpt_sig_sv+4
x6 <- 0x2F00000000000000

clint mtime 0x0000000000000195 (mip.MTI <- 0b1, mip.STI <- 0b0)
mem[X,0x0000000080001FAC] -> 0x5463
mem[X,0x0000000080001FAE] -> 0x0003
[810] [M]: 0x0000000080001FAC (0x00035463) bge x6, x0, 0x8                          Mxcpt_sig_sv+8

mem[X,0x0000000080001FB4] -> 0x3303
mem[X,0x0000000080001FB6] -> 0x2181
[811] [M]: 0x0000000080001FB4 (0x21813303) ld x6, 0x218(x2)                         Mtrap_sig_sv+0
mem[R,0x0000000080005218] -> 0x000000008000A358
x6 <- 0x000000008000A358

clint mtime 0x0000000000000196 (mip.MTI <- 0b1, mip.STI <- 0b0)
mem[X,0x0000000080001FB8] -> 0x04B3
mem[X,0x0000000080001FBA] -> 0x0073
[812] [M]: 0x0000000080001FB8 (0x007304B3) add x9, x6, x7                           Mtrap_sig_sv+4
x9 <- 0x000000008000A378

mem[X,0x0000000080001FBC] -> 0x3C23
mem[X,0x0000000080001FBE] -> 0x2091
[813] [M]: 0x0000000080001FBC (0x20913C23) sd x9, 0x218(x2)                         Mtrap_sig_sv+8
mem[W,0x0000000080005218] <- 0x000000008000A378

clint mtime 0x0000000000000197 (mip.MTI <- 0b1, mip.STI <- 0b0)
mem[X,0x0000000080001FC0] -> 0x3403
mem[X,0x0000000080001FC2] -> 0x1F81
[814] [M]: 0x0000000080001FC0 (0x1F813403) ld x8, 0x1f8(x2)                         Mtrap_sig_sv+12
mem[R,0x00000000800051F8] -> 0x000000008000A110
x8 <- 0x000000008000A110

mem[X,0x0000000080001FC4] -> 0x0333
mem[X,0x0000000080001FC6] -> 0x4083
[815] [M]: 0x0000000080001FC4 (0x40830333) sub x6, x6, x8                           Mtrap_sig_sv+16
x6 <- 0x0000000000000248

clint mtime 0x0000000000000198 (mip.MTI <- 0b1, mip.STI <- 0b0)
mem[X,0x0000000080001FC8] -> 0x3403
mem[X,0x0000000080001FCA] -> 0x1F81
[816] [M]: 0x0000000080001FC8 (0x1F813403) ld x8, 0x1f8(x2)                         Mtrap_sig_sv+20
mem[R,0x00000000800051F8] -> 0x000000008000A110
x8 <- 0x000000008000A110

mem[X,0x0000000080001FCC] -> 0x0333
mem[X,0x0000000080001FCE] -> 0x0083
[817] [M]: 0x0000000080001FCC (0x00830333) add x6, x6, x8                           Mtrap_sig_sv+24
x6 <- 0x000000008000A358

clint mtime 0x0000000000000199 (mip.MTI <- 0b1, mip.STI <- 0b0)
mem[X,0x0000000080001FD0] -> 0x3403
mem[X,0x0000000080001FD2] -> 0x2401
[818] [M]: 0x0000000080001FD0 (0x24013403) ld x8, 0x240(x2)                         Mtrap_sig_sv+28
mem[R,0x0000000080005240] -> 0x0000000080001D40
x8 <- 0x0000000080001D40

mem[X,0x0000000080001FD4] -> 0x85B3
mem[X,0x0000000080001FD6] -> 0x4085
[819] [M]: 0x0000000080001FD4 (0x408585B3) sub x11, x11, x8                         sv_Mvect+0
x11 <- 0x000000000000010C

clint mtime 0x000000000000019A (mip.MTI <- 0b1, mip.STI <- 0b0)
mem[X,0x0000000080001FD8] -> 0x9593
mem[X,0x0000000080001FDA] -> 0x0045
[820] [M]: 0x0000000080001FD8 (0x00459593) slli x11, x11, 0x4                       sv_Mvect+4
x11 <- 0x00000000000010C0

mem[X,0x0000000080001FDC] -> 0xE5B3
mem[X,0x0000000080001FDE] -> 0x0075
[821] [M]: 0x0000000080001FDC (0x0075E5B3) or x11, x11, x7                          sv_Mvect+8
x11 <- 0x00000000000010E0

clint mtime 0x000000000000019B (mip.MTI <- 0b1, mip.STI <- 0b0)
mem[X,0x0000000080001FE0] -> 0x8593
mem[X,0x0000000080001FE2] -> 0x0035
[822] [M]: 0x0000000080001FE0 (0x00358593) addi x11, x11, 0x3                       sv_Mvect+12
x11 <- 0x00000000000010E3

mem[X,0x0000000080001FE4] -> 0x3023
mem[X,0x0000000080001FE6] -> 0x00B3
[823] [M]: 0x0000000080001FE4 (0x00B33023) sd x11, 0x0(x6)                          sv_Mvect+16
mem[W,0x000000008000A358] <- 0x00000000000010E3

clint mtime 0x000000000000019C (mip.MTI <- 0b1, mip.STI <- 0b0)
mem[X,0x0000000080001FE8] -> 0x3423
mem[X,0x0000000080001FEA] -> 0x00A3
[824] [M]: 0x0000000080001FE8 (0x00A33423) sd x10, 0x8(x6)                          sv_Mcause+0
mem[W,0x000000008000A360] <- 0x000000000000000C

mem[X,0x0000000080001FEC] -> 0x4663
mem[X,0x0000000080001FEE] -> 0x1A05
[825] [M]: 0x0000000080001FEC (0x1A054663) blt x10, x0, 0x1ac                       sv_Mcause+4

clint mtime 0x000000000000019D (mip.MTI <- 0b1, mip.STI <- 0b0)
mem[X,0x0000000080001FF0] -> 0x25F3
mem[X,0x0000000080001FF2] -> 0x3000
[826] [M]: 0x0000000080001FF0 (0x300025F3) csrrs x11, mstatus, x0                   common_Mexcpt_handler+0
CSR mstatus (0x300) -> 0x0000000A00000800
x11 <- 0x0000000A00000800

mem[X,0x0000000080001FF4] -> 0x9413
mem[X,0x0000000080001FF6] -> 0x02E5
[827] [M]: 0x0000000080001FF4 (0x02E59413) slli x8, x11, 0x2e                       common_Mexcpt_handler+4
x8 <- 0x0200000000000000

clint mtime 0x000000000000019E (mip.MTI <- 0b1, mip.STI <- 0b0)
mem[X,0x0000000080001FF8] -> 0x5463
mem[X,0x0000000080001FFA] -> 0x0004
[828] [M]: 0x0000000080001FF8 (0x00045463) bge x8, x0, 0x8                          common_Mexcpt_handler+8

mem[X,0x0000000080002000] -> 0xD493
mem[X,0x0000000080002002] -> 0x00B5
[829] [M]: 0x0000000080002000 (0x00B5D493) srli x9, x11, 0xb                        common_Mexcpt_handler+16
x9 <- 0x0000000001400001

clint mtime 0x000000000000019F (mip.MTI <- 0b1, mip.STI <- 0b0)
mem[X,0x0000000080002004] -> 0xF493
mem[X,0x0000000080002006] -> 0x0034
[830] [M]: 0x0000000080002004 (0x0034F493) andi x9, x9, 0x3                         common_Mexcpt_handler+20
x9 <- 0x0000000000000001

mem[X,0x0000000080002008] -> 0x8493
mem[X,0x000000008000200A] -> 0x0014
[831] [M]: 0x0000000080002008 (0x00148493) addi x9, x9, 0x1                         common_Mexcpt_handler+24
x9 <- 0x0000000000000002

clint mtime 0x00000000000001A0 (mip.MTI <- 0b1, mip.STI <- 0b0)
mem[X,0x000000008000200C] -> 0xF493
mem[X,0x000000008000200E] -> 0x0044
[832] [M]: 0x000000008000200C (0x0044F493) andi x9, x9, 0x4                         common_Mexcpt_handler+28
x9 <- 0x0000000000000000

mem[X,0x0000000080002010] -> 0x0593
mem[X,0x0000000080002012] -> 0x05D0
[833] [M]: 0x0000000080002010 (0x05D00593) addi x11, x0, 0x5d                       common_Mexcpt_handler+32
x11 <- 0x000000000000005D

clint mtime 0x00000000000001A1 (mip.MTI <- 0b1, mip.STI <- 0b0)
mem[X,0x0000000080002014] -> 0xD5B3
mem[X,0x0000000080002016] -> 0x0095
[834] [M]: 0x0000000080002014 (0x0095D5B3) srl x11, x11, x9                         common_Mexcpt_handler+36
x11 <- 0x000000000000005D

mem[X,0x0000000080002018] -> 0xF593
mem[X,0x000000008000201A] -> 0x0015
[835] [M]: 0x0000000080002018 (0x0015F593) andi x11, x11, 0x1                       common_Mexcpt_handler+40
x11 <- 0x0000000000000001

clint mtime 0x00000000000001A2 (mip.MTI <- 0b1, mip.STI <- 0b0)
mem[X,0x000000008000201C] -> 0x8EE3
mem[X,0x000000008000201E] -> 0xF405
[836] [M]: 0x000000008000201C (0xF4058EE3) beq x11, x0, -0xa4                       common_Mexcpt_handler+44

mem[X,0x0000000080002020] -> 0x0593
mem[X,0x0000000080002022] -> 0x2980
[837] [M]: 0x0000000080002020 (0x29800593) addi x11, x0, 0x298                      common_Mexcpt_handler+48
x11 <- 0x0000000000000298

clint mtime 0x00000000000001A3 (mip.MTI <- 0b1, mip.STI <- 0b0)
mem[X,0x0000000080002024] -> 0xF413
mem[X,0x0000000080002026] -> 0x0014
[838] [M]: 0x0000000080002024 (0x0014F413) andi x8, x9, 0x1                         common_Mexcpt_handler+52
x8 <- 0x0000000000000000

mem[X,0x0000000080002028] -> 0x95B3
mem[X,0x000000008000202A] -> 0x0085
[839] [M]: 0x0000000080002028 (0x008595B3) sll x11, x11, x8                         common_Mexcpt_handler+56
x11 <- 0x0000000000000298

clint mtime 0x00000000000001A4 (mip.MTI <- 0b1, mip.STI <- 0b0)
mem[X,0x000000008000202C] -> 0x9413
mem[X,0x000000008000202E] -> 0x03D4
[840] [M]: 0x000000008000202C (0x03D49413) slli x8, x9, 0x3d                        common_Mexcpt_handler+60
x8 <- 0x0000000000000000

mem[X,0x0000000080002030] -> 0x5413
mem[X,0x0000000080002032] -> 0x43F4
[841] [M]: 0x0000000080002030 (0x43F45413) srai x8, x8, 0x3f                        common_Mexcpt_handler+64
x8 <- 0x0000000000000000

clint mtime 0x00000000000001A5 (mip.MTI <- 0b1, mip.STI <- 0b0)
mem[X,0x0000000080002034] -> 0x4413
mem[X,0x0000000080002036] -> 0xFFF4
[842] [M]: 0x0000000080002034 (0xFFF44413) xori x8, x8, -0x1                        common_Mexcpt_handler+68
x8 <- 0xFFFFFFFFFFFFFFFF

mem[X,0x0000000080002038] -> 0xF4B3
mem[X,0x000000008000203A] -> 0x0085
[843] [M]: 0x0000000080002038 (0x0085F4B3) and x9, x11, x8                          common_Mexcpt_handler+72
x9 <- 0x0000000000000298

clint mtime 0x00000000000001A6 (mip.MTI <- 0b1, mip.STI <- 0b0)
mem[X,0x000000008000203C] -> 0x84B3
mem[X,0x000000008000203E] -> 0x0024
[844] [M]: 0x000000008000203C (0x002484B3) add x9, x9, x2                           vmem_adj_Mepc+0
x9 <- 0x0000000080005298

mem[X,0x0000000080002040] -> 0x23F3
mem[X,0x0000000080002042] -> 0x3410
[845] [M]: 0x0000000080002040 (0x341023F3) csrrs x7, mepc, x0                       vmem_adj_Mepc+4
CSR mepc (0x341) -> 0x0000030080000DB4
x7 <- 0x0000030080000DB4

clint mtime 0x00000000000001A7 (mip.MTI <- 0b1, mip.STI <- 0b0)
mem[X,0x0000000080002044] -> 0x0413
mem[X,0x0000000080002046] -> 0x0004
[846] [M]: 0x0000000080002044 (0x00040413) addi x8, x8, 0x0                         vmem_adj_Mepc+8
x8 <- 0xFFFFFFFFFFFFFFFF

mem[X,0x0000000080002048] -> 0x006F
mem[X,0x000000008000204A] -> 0x0400
[847] [M]: 0x0000000080002048 (0x0400006F) jal x0, 0x40                             vmem_adj_Mepc+12

clint mtime 0x00000000000001A8 (mip.MTI <- 0b1, mip.STI <- 0b0)
mem[X,0x0000000080002088] -> 0x8433
mem[X,0x000000008000208A] -> 0x4083
[848] [M]: 0x0000000080002088 (0x40838433) sub x8, x7, x8                           adj_Mepc+0
x8 <- 0x0000030080000DB5

mem[X,0x000000008000208C] -> 0x3823
mem[X,0x000000008000208E] -> 0x0083
[849] [M]: 0x000000008000208C (0x00833823) sd x8, 0x10(x6)                          sv_Mepc+0
mem[W,0x000000008000A368] <- 0x0000030080000DB5

clint mtime 0x00000000000001A9 (mip.MTI <- 0b1, mip.STI <- 0b0)
mem[X,0x0000000080002090] -> 0x55B7
mem[X,0x0000000080002092] -> 0x0000
[850] [M]: 0x0000000080002090 (0x000055B7) lui x11, 0x5                             sv_Mepc+4
x11 <- 0x0000000000005000

mem[X,0x0000000080002094] -> 0x8593
mem[X,0x0000000080002096] -> 0x6675
[851] [M]: 0x0000000080002094 (0x66758593) addi x11, x11, 0x667                     sv_Mepc+8
x11 <- 0x0000000000005667

clint mtime 0x00000000000001AA (mip.MTI <- 0b1, mip.STI <- 0b0)
mem[X,0x0000000080002098] -> 0x9593
mem[X,0x000000008000209A] -> 0x0015
[852] [M]: 0x0000000080002098 (0x00159593) slli x11, x11, 0x1                       sv_Mepc+12
x11 <- 0x000000000000ACCE

mem[X,0x000000008000209C] -> 0x9063
mem[X,0x000000008000209E] -> 0x02B1
[853] [M]: 0x000000008000209C (0x02B19063) bne x3, x11, 0x20                        sv_Mepc+16

clint mtime 0x00000000000001AB (mip.MTI <- 0b1, mip.STI <- 0b0)
mem[X,0x00000000800020BC] -> 0xF593
mem[X,0x00000000800020BE] -> 0xFFC3
[854] [M]: 0x00000000800020BC (0xFFC3F593) andi x11, x7, -0x4                       adj_Mepc_rtn+0
x11 <- 0x0000030080000DB4

mem[X,0x00000000800020C0] -> 0x8593
mem[X,0x00000000800020C2] -> 0x0085
[855] [M]: 0x00000000800020C0 (0x00858593) addi x11, x11, 0x8                       adj_Mepc_rtn+4
x11 <- 0x0000030080000DBC

clint mtime 0x00000000000001AC (mip.MTI <- 0b1, mip.STI <- 0b0)
mem[X,0x00000000800020C4] -> 0x9073
mem[X,0x00000000800020C6] -> 0x3415
[856] [M]: 0x00000000800020C4 (0x34159073) csrrw x0, mepc, x11                      adj_Mepc_rtn+8
CSR mepc (0x341) <- 0x0000030080000DBC

mem[X,0x00000000800020C8] -> 0x23F3
mem[X,0x00000000800020CA] -> 0x3430
[857] [M]: 0x00000000800020C8 (0x343023F3) csrrs x7, mtval, x0                      skp_adj_Mepc+0
CSR mtval (0x343) -> 0x0000030080000DB4
x7 <- 0x0000030080000DB4

clint mtime 0x00000000000001AD (mip.MTI <- 0b1, mip.STI <- 0b0)
mem[X,0x00000000800020CC] -> 0x0413
mem[X,0x00000000800020CE] -> 0x0004
[858] [M]: 0x00000000800020CC (0x00040413) addi x8, x8, 0x0                         skp_adj_Mepc+4
x8 <- 0x0000030080000DB5

mem[X,0x00000000800020D0] -> 0x006F
mem[X,0x00000000800020D2] -> 0x0840
[859] [M]: 0x00000000800020D0 (0x0840006F) jal x0, 0x84                             skp_adj_Mepc+8

clint mtime 0x00000000000001AE (mip.MTI <- 0b1, mip.STI <- 0b0)
mem[X,0x0000000080002154] -> 0x8433
mem[X,0x0000000080002156] -> 0x4083
[860] [M]: 0x0000000080002154 (0x40838433) sub x8, x7, x8                           adj_Mtval+0
x8 <- 0xFFFFFFFFFFFFFFFF

mem[X,0x0000000080002158] -> 0x3C23
mem[X,0x000000008000215A] -> 0x0083
[861] [M]: 0x0000000080002158 (0x00833C23) sd x8, 0x18(x6)                          sv_Mtval+0
mem[W,0x000000008000A370] <- 0xFFFFFFFFFFFFFFFF

clint mtime 0x00000000000001AF (mip.MTI <- 0b1, mip.STI <- 0b0)
mem[X,0x000000008000215C] -> 0x3483
mem[X,0x000000008000215E] -> 0x2181
[862] [M]: 0x000000008000215C (0x21813483) ld x9, 0x218(x2)                         skp_Mtval+0
mem[R,0x0000000080005218] -> 0x000000008000A378
x9 <- 0x000000008000A378

mem[X,0x0000000080002160] -> 0x3383
mem[X,0x0000000080002162] -> 0x1F81
[863] [M]: 0x0000000080002160 (0x1F813383) ld x7, 0x1f8(x2)                         skp_Mtval+4
mem[R,0x00000000800051F8] -> 0x000000008000A110
x7 <- 0x000000008000A110

clint mtime 0x00000000000001B0 (mip.MTI <- 0b1, mip.STI <- 0b0)
mem[X,0x0000000080002164] -> 0x3303
mem[X,0x0000000080002166] -> 0x2001
[864] [M]: 0x0000000080002164 (0x20013303) ld x6, 0x200(x2)                         skp_Mtval+8
mem[R,0x0000000080005200] -> 0x0000000000000410
x6 <- 0x0000000000000410

mem[X,0x0000000080002168] -> 0x0333
mem[X,0x000000008000216A] -> 0x0073
[865] [M]: 0x0000000080002168 (0x00730333) add x6, x6, x7                           skp_Mtval+12
x6 <- 0x000000008000A520

clint mtime 0x00000000000001B1 (mip.MTI <- 0b1, mip.STI <- 0b0)
mem[X,0x000000008000216C] -> 0x6AE3
mem[X,0x000000008000216E] -> 0xAC93
[866] [M]: 0x000000008000216C (0xAC936AE3) bltu x6, x9, -0x52c                      skp_Mtval+16

mem[X,0x0000000080002170] -> 0x0393
mem[X,0x0000000080002172] -> 0x2000
[867] [M]: 0x0000000080002170 (0x20000393) addi x7, x0, 0x200                       skp_Mtval+20
x7 <- 0x0000000000000200

clint mtime 0x00000000000001B2 (mip.MTI <- 0b1, mip.STI <- 0b0)
mem[X,0x0000000080002174] -> 0x006F
mem[X,0x0000000080002176] -> 0x0400
[868] [M]: 0x0000000080002174 (0x0400006F) jal x0, 0x40                             skp_Mtval+24

mem[X,0x00000000800021B4] -> 0x0417
mem[X,0x00000000800021B6] -> 0x0000
[869] [M]: 0x00000000800021B4 (0x00000417) auipc x8, 0x0                            spcl_Mhandler+0
x8 <- 0x00000000800021B4

clint mtime 0x00000000000001B3 (mip.MTI <- 0b1, mip.STI <- 0b0)
mem[X,0x00000000800021B8] -> 0x0413
mem[X,0x00000000800021BA] -> 0x03C4
[870] [M]: 0x00000000800021B8 (0x03C40413) addi x8, x8, 0x3c                        spcl_Mhandler+4
x8 <- 0x00000000800021F0

mem[X,0x00000000800021BC] -> 0x0433
mem[X,0x00000000800021BE] -> 0x0074
[871] [M]: 0x00000000800021BC (0x00740433) add x8, x8, x7                           spcl_Mhandler+8
x8 <- 0x00000000800023F0

clint mtime 0x00000000000001B4 (mip.MTI <- 0b1, mip.STI <- 0b0)
mem[X,0x00000000800021C0] -> 0x1393
mem[X,0x00000000800021C2] -> 0x0035
[872] [M]: 0x00000000800021C0 (0x00351393) slli x7, x10, 0x3                        spcl_Mhandler+12
x7 <- 0x0000000000000060

mem[X,0x00000000800021C4] -> 0x0433
mem[X,0x00000000800021C6] -> 0x0074
[873] [M]: 0x00000000800021C4 (0x00740433) add x8, x8, x7                           spcl_Mhandler+16
x8 <- 0x0000000080002450

clint mtime 0x00000000000001B5 (mip.MTI <- 0b1, mip.STI <- 0b0)
mem[X,0x00000000800021C8] -> 0x7413
mem[X,0x00000000800021CA] -> 0xFF84
[874] [M]: 0x00000000800021C8 (0xFF847413) andi x8, x8, -0x8                        spcl_Mhandler+20
x8 <- 0x0000000080002450

mem[X,0x00000000800021CC] -> 0x3403
mem[X,0x00000000800021CE] -> 0x0004
[875] [M]: 0x00000000800021CC (0x00043403) ld x8, 0x0(x8)                           spcl_Mhandler+24
mem[R,0x0000000080002450] -> 0x0000000000000019
x8 <- 0x0000000000000019

clint mtime 0x00000000000001B6 (mip.MTI <- 0b1, mip.STI <- 0b0)
mem[X,0x00000000800021D0] -> 0x02E3
mem[X,0x00000000800021D2] -> 0xB004
[876] [M]: 0x00000000800021D0 (0xB00402E3) beq x8, x0, -0x4fc                       spcl_Mdispatch_hndling+0

mem[X,0x00000000800021D4] -> 0x1393
mem[X,0x00000000800021D6] -> 0x03F4
[877] [M]: 0x00000000800021D4 (0x03F41393) slli x7, x8, 0x3f                        spcl_Mdispatch_hndling+4
x7 <- 0x8000000000000000

clint mtime 0x00000000000001B7 (mip.MTI <- 0b1, mip.STI <- 0b0)
mem[X,0x00000000800021D8] -> 0xD863
mem[X,0x00000000800021DA] -> 0x0003
[878] [M]: 0x00000000800021D8 (0x0003D863) bge x7, x0, 0x10                         spcl_Mdispatch_hndling+8

mem[X,0x00000000800021DC] -> 0x5413
mem[X,0x00000000800021DE] -> 0x0014
[879] [M]: 0x00000000800021DC (0x00145413) srli x8, x8, 0x1                         spcl_Mdispatch_hndling+12
x8 <- 0x000000000000000C

clint mtime 0x00000000000001B8 (mip.MTI <- 0b1, mip.STI <- 0b0)
mem[X,0x00000000800021E0] -> 0x0CE3
mem[X,0x00000000800021E2] -> 0xF885
[880] [M]: 0x00000000800021E0 (0xF8850CE3) beq x10, x8, -0x68                       spcl_Mdispatch_hndling+16

mem[X,0x0000000080002178] -> 0x3303
mem[X,0x000000008000217A] -> 0x2601
[881] [M]: 0x0000000080002178 (0x26013303) ld x6, 0x260(x2)                         resto_Mrtn+0
mem[R,0x0000000080005260] -> 0x000002FFFFFFFFF8
x6 <- 0x000002FFFFFFFFF8

clint mtime 0x00000000000001B9 (mip.MTI <- 0b1, mip.STI <- 0b0)
mem[X,0x000000008000217C] -> 0x3383
mem[X,0x000000008000217E] -> 0x2681
[882] [M]: 0x000000008000217C (0x26813383) ld x7, 0x268(x2)                         resto_Mrtn+4
mem[R,0x0000000080005268] -> 0x0000000080005000
x7 <- 0x0000000080005000

mem[X,0x0000000080002180] -> 0x3403
mem[X,0x0000000080002182] -> 0x2701
[883] [M]: 0x0000000080002180 (0x27013403) ld x8, 0x270(x2)                         resto_Mrtn+8
mem[R,0x0000000080005270] -> 0x0000000000007F76
x8 <- 0x0000000000007F76

clint mtime 0x00000000000001BA (mip.MTI <- 0b1, mip.STI <- 0b0)
mem[X,0x0000000080002184] -> 0x3483
mem[X,0x0000000080002186] -> 0x2781
[884] [M]: 0x0000000080002184 (0x27813483) ld x9, 0x278(x2)                         resto_Mrtn+12
mem[R,0x0000000080005278] -> 0x0000000000000000
x9 <- 0x0000000000000000

mem[X,0x0000000080002188] -> 0x3503
mem[X,0x000000008000218A] -> 0x2801
[885] [M]: 0x0000000080002188 (0x28013503) ld x10, 0x280(x2)                        resto_Mrtn+16
mem[R,0x0000000080005280] -> 0x00000000000000CF
x10 <- 0x00000000000000CF

clint mtime 0x00000000000001BB (mip.MTI <- 0b1, mip.STI <- 0b0)
mem[X,0x000000008000218C] -> 0x3583
mem[X,0x000000008000218E] -> 0x2881
[886] [M]: 0x000000008000218C (0x28813583) ld x11, 0x288(x2)                        resto_Mrtn+20
mem[R,0x0000000080005288] -> 0x00000000000000CF
x11 <- 0x00000000000000CF

mem[X,0x0000000080002190] -> 0x3103
mem[X,0x0000000080002192] -> 0x2901
[887] [M]: 0x0000000080002190 (0x29013103) ld x2, 0x290(x2)                         resto_Mrtn+24
mem[R,0x0000000080005290] -> 0x0000000080005000
x2 <- 0x0000000080005000

clint mtime 0x00000000000001BC (mip.MTI <- 0b1, mip.STI <- 0b0)
mem[X,0x0000000080002194] -> 0x0073
mem[X,0x0000000080002196] -> 0x3020
[888] [M]: 0x0000000080002194 (0x30200073) mret                                     resto_Mrtn+28
CSR mstatus (0x300) <- 0x0000000A00000080
ret-ing from M to S

PTW: Start, vpn=0x30080000, access_type=X, privilege=Smem[R,0x0000000080009030] -> 0xCB00000000000000
PTW: Step, level=3, pte=0xCB00000000000000, pte_addr=0x80009030
PTW: failed, error=invalid-pte, level=3, pte_addr=0x80009030
trapping from S to M to handle fetch-page-fault
handling exc#fetch-page-fault at priv M with tval 0x0000030080000DBC
CSR mstatus (0x300) <- 0x0000000A00000800
CSR mcause (0x342) <- 0x000000000000000C
CSR mtval (0x343) <- 0x0000030080000DBC
CSR mepc (0x341) <- 0x0000030080000DBC

clint mtime 0x00000000000001BD (mip.MTI <- 0b1, mip.STI <- 0b0)
mem[X,0x0000000080001D40] -> 0x006F
mem[X,0x0000000080001D42] -> 0x1000
[890] [M]: 0x0000000080001D40 (0x1000006F) jal x0, 0x100                            Mtrampoline+0

mem[X,0x0000000080001E40] -> 0x1173
mem[X,0x0000000080001E42] -> 0x3401
[891] [M]: 0x0000000080001E40 (0x34011173) csrrw x2, mscratch, x2                   trap_Mhandler+0
CSR mscratch (0x340) <- 0x0000000080005000
x2 <- 0x0000000080005000

clint mtime 0x00000000000001BE (mip.MTI <- 0b1, mip.STI <- 0b0)
mem[X,0x0000000080001E44] -> 0x3423
mem[X,0x0000000080001E46] -> 0x28B1
[892] [M]: 0x0000000080001E44 (0x28B13423) sd x11, 0x288(x2)                        trap_Mhandler+4
mem[W,0x0000000080005288] <- 0x00000000000000CF

mem[X,0x0000000080001E48] -> 0x05EF
mem[X,0x0000000080001E4A] -> 0x0B80
[893] [M]: 0x0000000080001E48 (0x0B8005EF) jal x11, 0xb8                            trap_Mhandler+8
x11 <- 0x0000000080001E4C

clint mtime 0x00000000000001BF (mip.MTI <- 0b1, mip.STI <- 0b0)
mem[X,0x0000000080001F00] -> 0x3023
mem[X,0x0000000080001F02] -> 0x28A1
[894] [M]: 0x0000000080001F00 (0x28A13023) sd x10, 0x280(x2)                        common_Mhandler+0
mem[W,0x0000000080005280] <- 0x00000000000000CF

mem[X,0x0000000080001F04] -> 0x1573
mem[X,0x0000000080001F06] -> 0x3401
[895] [M]: 0x0000000080001F04 (0x34011573) csrrw x10, mscratch, x2                  common_Mhandler+4
CSR mscratch (0x340) <- 0x0000000080005000
x10 <- 0x0000000080005000

clint mtime 0x00000000000001C0 (mip.MTI <- 0b1, mip.STI <- 0b0)
mem[X,0x0000000080001F08] -> 0x3823
mem[X,0x0000000080001F0A] -> 0x28A1
[896] [M]: 0x0000000080001F08 (0x28A13823) sd x10, 0x290(x2)                        common_Mhandler+8
mem[W,0x0000000080005290] <- 0x0000000080005000

mem[X,0x0000000080001F0C] -> 0x3503
mem[X,0x0000000080001F0E] -> 0x2301
[897] [M]: 0x0000000080001F0C (0x23013503) ld x10, 0x230(x2)                        common_Mhandler+12
mem[R,0x0000000080005230] -> 0x0000000080001F14
x10 <- 0x0000000080001F14

clint mtime 0x00000000000001C1 (mip.MTI <- 0b1, mip.STI <- 0b0)
mem[X,0x0000000080001F10] -> 0x0067
mem[X,0x0000000080001F12] -> 0x0005
[898] [M]: 0x0000000080001F10 (0x00050067) jalr x0, 0x0(x10)                        common_Mhandler+16

mem[X,0x0000000080001F14] -> 0x3C23
mem[X,0x0000000080001F16] -> 0x2691
[899] [M]: 0x0000000080001F14 (0x26913C23) sd x9, 0x278(x2)                         common_Mentry+0
mem[W,0x0000000080005278] <- 0x0000000000000000

clint mtime 0x00000000000001C2 (mip.MTI <- 0b1, mip.STI <- 0b0)
mem[X,0x0000000080001F18] -> 0x3823
mem[X,0x0000000080001F1A] -> 0x2681
[900] [M]: 0x0000000080001F18 (0x26813823) sd x8, 0x270(x2)                         common_Mentry+4
mem[W,0x0000000080005270] <- 0x0000000000007F76

mem[X,0x0000000080001F1C] -> 0x3423
mem[X,0x0000000080001F1E] -> 0x2671
[901] [M]: 0x0000000080001F1C (0x26713423) sd x7, 0x268(x2)                         common_Mentry+8
mem[W,0x0000000080005268] <- 0x0000000080005000

clint mtime 0x00000000000001C3 (mip.MTI <- 0b1, mip.STI <- 0b0)
mem[X,0x0000000080001F20] -> 0x3023
mem[X,0x0000000080001F22] -> 0x2661
[902] [M]: 0x0000000080001F20 (0x26613023) sd x6, 0x260(x2)                         common_Mentry+12
mem[W,0x0000000080005260] <- 0x000002FFFFFFFFF8

mem[X,0x0000000080001F24] -> 0x2573
mem[X,0x0000000080001F26] -> 0x3420
[903] [M]: 0x0000000080001F24 (0x34202573) csrrs x10, mcause, x0                    spcl_M2mmode_test+0
CSR mcause (0x342) -> 0x000000000000000C
x10 <- 0x000000000000000C

clint mtime 0x00000000000001C4 (mip.MTI <- 0b1, mip.STI <- 0b0)
mem[X,0x0000000080001F28] -> 0x04B7
mem[X,0x0000000080001F2A] -> 0x8000
[904] [M]: 0x0000000080001F28 (0x800004B7) lui x9, -0x80000                         spcl_M2mmode_test+4
x9 <- 0xFFFFFFFF80000000

mem[X,0x0000000080001F2C] -> 0x8493
mem[X,0x0000000080001F2E] -> 0x0004
[905] [M]: 0x0000000080001F2C (0x00048493) addi x9, x9, 0x0                         spcl_M2mmode_test+8
x9 <- 0xFFFFFFFF80000000

clint mtime 0x00000000000001C5 (mip.MTI <- 0b1, mip.STI <- 0b0)
mem[X,0x0000000080001F30] -> 0x9493
mem[X,0x0000000080001F32] -> 0x00B4
[906] [M]: 0x0000000080001F30 (0x00B49493) slli x9, x9, 0xb                         spcl_M2mmode_test+12
x9 <- 0xFFFFFC0000000000

mem[X,0x0000000080001F34] -> 0x8493
mem[X,0x0000000080001F36] -> 0x0004
[907] [M]: 0x0000000080001F34 (0x00048493) addi x9, x9, 0x0                         spcl_M2mmode_test+16
x9 <- 0xFFFFFC0000000000

clint mtime 0x00000000000001C6 (mip.MTI <- 0b1, mip.STI <- 0b0)
mem[X,0x0000000080001F38] -> 0x9493
mem[X,0x0000000080001F3A] -> 0x00B4
[908] [M]: 0x0000000080001F38 (0x00B49493) slli x9, x9, 0xb                         spcl_M2mmode_test+20
x9 <- 0xFFE0000000000000

mem[X,0x0000000080001F3C] -> 0x8493
mem[X,0x0000000080001F3E] -> 0x0034
[909] [M]: 0x0000000080001F3C (0x00348493) addi x9, x9, 0x3                         spcl_M2mmode_test+24
x9 <- 0xFFE0000000000003

clint mtime 0x00000000000001C7 (mip.MTI <- 0b1, mip.STI <- 0b0)
mem[X,0x0000000080001F40] -> 0x9493
mem[X,0x0000000080001F42] -> 0x00A4
[910] [M]: 0x0000000080001F40 (0x00A49493) slli x9, x9, 0xa                         spcl_M2mmode_test+28
x9 <- 0x8000000000000C00

mem[X,0x0000000080001F44] -> 0x8493
mem[X,0x0000000080001F46] -> 0x3FC4
[911] [M]: 0x0000000080001F44 (0x3FC48493) addi x9, x9, 0x3fc                       spcl_M2mmode_test+32
x9 <- 0x8000000000000FFC

clint mtime 0x00000000000001C8 (mip.MTI <- 0b1, mip.STI <- 0b0)
mem[X,0x0000000080001F48] -> 0xF4B3
mem[X,0x0000000080001F4A] -> 0x00A4
[912] [M]: 0x0000000080001F48 (0x00A4F4B3) and x9, x9, x10                          spcl_M2mmode_test+36
x9 <- 0x000000000000000C

mem[X,0x0000000080001F4C] -> 0x8493
mem[X,0x0000000080001F4E] -> 0xFF84
[913] [M]: 0x0000000080001F4C (0xFF848493) addi x9, x9, -0x8                        spcl_M2mmode_test+40
x9 <- 0x0000000000000004

clint mtime 0x00000000000001C9 (mip.MTI <- 0b1, mip.STI <- 0b0)
mem[X,0x0000000080001F50] -> 0x9663
mem[X,0x0000000080001F52] -> 0x0004
[914] [M]: 0x0000000080001F50 (0x00049663) bne x9, x0, 0xc                          spcl_M2mmode_test+44

mem[X,0x0000000080001F5C] -> 0x0393
mem[X,0x0000000080001F5E] -> 0x0200
[915] [M]: 0x0000000080001F5C (0x02000393) addi x7, x0, 0x20                        Mtrapsig_ptr_upd+0
x7 <- 0x0000000000000020

clint mtime 0x00000000000001CA (mip.MTI <- 0b1, mip.STI <- 0b0)
mem[X,0x0000000080001F60] -> 0x5263
mem[X,0x0000000080001F62] -> 0x0405
[916] [M]: 0x0000000080001F60 (0x04055263) bge x10, x0, 0x44                        Mtrapsig_ptr_upd+4

mem[X,0x0000000080001FA4] -> 0x2373
mem[X,0x0000000080001FA6] -> 0x3010
[917] [M]: 0x0000000080001FA4 (0x30102373) csrrs x6, misa, x0                       Mxcpt_sig_sv+0
CSR misa (0x301) -> 0x800000000034112F
x6 <- 0x800000000034112F

clint mtime 0x00000000000001CB (mip.MTI <- 0b1, mip.STI <- 0b0)
mem[X,0x0000000080001FA8] -> 0x1313
mem[X,0x0000000080001FAA] -> 0x0383
[918] [M]: 0x0000000080001FA8 (0x03831313) slli x6, x6, 0x38                        Mxcpt_sig_sv+4
x6 <- 0x2F00000000000000

mem[X,0x0000000080001FAC] -> 0x5463
mem[X,0x0000000080001FAE] -> 0x0003
[919] [M]: 0x0000000080001FAC (0x00035463) bge x6, x0, 0x8                          Mxcpt_sig_sv+8

clint mtime 0x00000000000001CC (mip.MTI <- 0b1, mip.STI <- 0b0)
mem[X,0x0000000080001FB4] -> 0x3303
mem[X,0x0000000080001FB6] -> 0x2181
[920] [M]: 0x0000000080001FB4 (0x21813303) ld x6, 0x218(x2)                         Mtrap_sig_sv+0
mem[R,0x0000000080005218] -> 0x000000008000A378
x6 <- 0x000000008000A378

mem[X,0x0000000080001FB8] -> 0x04B3
mem[X,0x0000000080001FBA] -> 0x0073
[921] [M]: 0x0000000080001FB8 (0x007304B3) add x9, x6, x7                           Mtrap_sig_sv+4
x9 <- 0x000000008000A398

clint mtime 0x00000000000001CD (mip.MTI <- 0b1, mip.STI <- 0b0)
mem[X,0x0000000080001FBC] -> 0x3C23
mem[X,0x0000000080001FBE] -> 0x2091
[922] [M]: 0x0000000080001FBC (0x20913C23) sd x9, 0x218(x2)                         Mtrap_sig_sv+8
mem[W,0x0000000080005218] <- 0x000000008000A398

mem[X,0x0000000080001FC0] -> 0x3403
mem[X,0x0000000080001FC2] -> 0x1F81
[923] [M]: 0x0000000080001FC0 (0x1F813403) ld x8, 0x1f8(x2)                         Mtrap_sig_sv+12
mem[R,0x00000000800051F8] -> 0x000000008000A110
x8 <- 0x000000008000A110

clint mtime 0x00000000000001CE (mip.MTI <- 0b1, mip.STI <- 0b0)
mem[X,0x0000000080001FC4] -> 0x0333
mem[X,0x0000000080001FC6] -> 0x4083
[924] [M]: 0x0000000080001FC4 (0x40830333) sub x6, x6, x8                           Mtrap_sig_sv+16
x6 <- 0x0000000000000268

mem[X,0x0000000080001FC8] -> 0x3403
mem[X,0x0000000080001FCA] -> 0x1F81
[925] [M]: 0x0000000080001FC8 (0x1F813403) ld x8, 0x1f8(x2)                         Mtrap_sig_sv+20
mem[R,0x00000000800051F8] -> 0x000000008000A110
x8 <- 0x000000008000A110

clint mtime 0x00000000000001CF (mip.MTI <- 0b1, mip.STI <- 0b0)
mem[X,0x0000000080001FCC] -> 0x0333
mem[X,0x0000000080001FCE] -> 0x0083
[926] [M]: 0x0000000080001FCC (0x00830333) add x6, x6, x8                           Mtrap_sig_sv+24
x6 <- 0x000000008000A378

mem[X,0x0000000080001FD0] -> 0x3403
mem[X,0x0000000080001FD2] -> 0x2401
[927] [M]: 0x0000000080001FD0 (0x24013403) ld x8, 0x240(x2)                         Mtrap_sig_sv+28
mem[R,0x0000000080005240] -> 0x0000000080001D40
x8 <- 0x0000000080001D40

clint mtime 0x00000000000001D0 (mip.MTI <- 0b1, mip.STI <- 0b0)
mem[X,0x0000000080001FD4] -> 0x85B3
mem[X,0x0000000080001FD6] -> 0x4085
[928] [M]: 0x0000000080001FD4 (0x408585B3) sub x11, x11, x8                         sv_Mvect+0
x11 <- 0x000000000000010C

mem[X,0x0000000080001FD8] -> 0x9593
mem[X,0x0000000080001FDA] -> 0x0045
[929] [M]: 0x0000000080001FD8 (0x00459593) slli x11, x11, 0x4                       sv_Mvect+4
x11 <- 0x00000000000010C0

clint mtime 0x00000000000001D1 (mip.MTI <- 0b1, mip.STI <- 0b0)
mem[X,0x0000000080001FDC] -> 0xE5B3
mem[X,0x0000000080001FDE] -> 0x0075
[930] [M]: 0x0000000080001FDC (0x0075E5B3) or x11, x11, x7                          sv_Mvect+8
x11 <- 0x00000000000010E0

mem[X,0x0000000080001FE0] -> 0x8593
mem[X,0x0000000080001FE2] -> 0x0035
[931] [M]: 0x0000000080001FE0 (0x00358593) addi x11, x11, 0x3                       sv_Mvect+12
x11 <- 0x00000000000010E3

clint mtime 0x00000000000001D2 (mip.MTI <- 0b1, mip.STI <- 0b0)
mem[X,0x0000000080001FE4] -> 0x3023
mem[X,0x0000000080001FE6] -> 0x00B3
[932] [M]: 0x0000000080001FE4 (0x00B33023) sd x11, 0x0(x6)                          sv_Mvect+16
mem[W,0x000000008000A378] <- 0x00000000000010E3

mem[X,0x0000000080001FE8] -> 0x3423
mem[X,0x0000000080001FEA] -> 0x00A3
[933] [M]: 0x0000000080001FE8 (0x00A33423) sd x10, 0x8(x6)                          sv_Mcause+0
mem[W,0x000000008000A380] <- 0x000000000000000C

clint mtime 0x00000000000001D3 (mip.MTI <- 0b1, mip.STI <- 0b0)
mem[X,0x0000000080001FEC] -> 0x4663
mem[X,0x0000000080001FEE] -> 0x1A05
[934] [M]: 0x0000000080001FEC (0x1A054663) blt x10, x0, 0x1ac                       sv_Mcause+4

mem[X,0x0000000080001FF0] -> 0x25F3
mem[X,0x0000000080001FF2] -> 0x3000
[935] [M]: 0x0000000080001FF0 (0x300025F3) csrrs x11, mstatus, x0                   common_Mexcpt_handler+0
CSR mstatus (0x300) -> 0x0000000A00000800
x11 <- 0x0000000A00000800

clint mtime 0x00000000000001D4 (mip.MTI <- 0b1, mip.STI <- 0b0)
mem[X,0x0000000080001FF4] -> 0x9413
mem[X,0x0000000080001FF6] -> 0x02E5
[936] [M]: 0x0000000080001FF4 (0x02E59413) slli x8, x11, 0x2e                       common_Mexcpt_handler+4
x8 <- 0x0200000000000000

mem[X,0x0000000080001FF8] -> 0x5463
mem[X,0x0000000080001FFA] -> 0x0004
[937] [M]: 0x0000000080001FF8 (0x00045463) bge x8, x0, 0x8                          common_Mexcpt_handler+8

clint mtime 0x00000000000001D5 (mip.MTI <- 0b1, mip.STI <- 0b0)
mem[X,0x0000000080002000] -> 0xD493
mem[X,0x0000000080002002] -> 0x00B5
[938] [M]: 0x0000000080002000 (0x00B5D493) srli x9, x11, 0xb                        common_Mexcpt_handler+16
x9 <- 0x0000000001400001

mem[X,0x0000000080002004] -> 0xF493
mem[X,0x0000000080002006] -> 0x0034
[939] [M]: 0x0000000080002004 (0x0034F493) andi x9, x9, 0x3                         common_Mexcpt_handler+20
x9 <- 0x0000000000000001

clint mtime 0x00000000000001D6 (mip.MTI <- 0b1, mip.STI <- 0b0)
mem[X,0x0000000080002008] -> 0x8493
mem[X,0x000000008000200A] -> 0x0014
[940] [M]: 0x0000000080002008 (0x00148493) addi x9, x9, 0x1                         common_Mexcpt_handler+24
x9 <- 0x0000000000000002

mem[X,0x000000008000200C] -> 0xF493
mem[X,0x000000008000200E] -> 0x0044
[941] [M]: 0x000000008000200C (0x0044F493) andi x9, x9, 0x4                         common_Mexcpt_handler+28
x9 <- 0x0000000000000000

clint mtime 0x00000000000001D7 (mip.MTI <- 0b1, mip.STI <- 0b0)
mem[X,0x0000000080002010] -> 0x0593
mem[X,0x0000000080002012] -> 0x05D0
[942] [M]: 0x0000000080002010 (0x05D00593) addi x11, x0, 0x5d                       common_Mexcpt_handler+32
x11 <- 0x000000000000005D

mem[X,0x0000000080002014] -> 0xD5B3
mem[X,0x0000000080002016] -> 0x0095
[943] [M]: 0x0000000080002014 (0x0095D5B3) srl x11, x11, x9                         common_Mexcpt_handler+36
x11 <- 0x000000000000005D

clint mtime 0x00000000000001D8 (mip.MTI <- 0b1, mip.STI <- 0b0)
mem[X,0x0000000080002018] -> 0xF593
mem[X,0x000000008000201A] -> 0x0015
[944] [M]: 0x0000000080002018 (0x0015F593) andi x11, x11, 0x1                       common_Mexcpt_handler+40
x11 <- 0x0000000000000001

mem[X,0x000000008000201C] -> 0x8EE3
mem[X,0x000000008000201E] -> 0xF405
[945] [M]: 0x000000008000201C (0xF4058EE3) beq x11, x0, -0xa4                       common_Mexcpt_handler+44

clint mtime 0x00000000000001D9 (mip.MTI <- 0b1, mip.STI <- 0b0)
mem[X,0x0000000080002020] -> 0x0593
mem[X,0x0000000080002022] -> 0x2980
[946] [M]: 0x0000000080002020 (0x29800593) addi x11, x0, 0x298                      common_Mexcpt_handler+48
x11 <- 0x0000000000000298

mem[X,0x0000000080002024] -> 0xF413
mem[X,0x0000000080002026] -> 0x0014
[947] [M]: 0x0000000080002024 (0x0014F413) andi x8, x9, 0x1                         common_Mexcpt_handler+52
x8 <- 0x0000000000000000

clint mtime 0x00000000000001DA (mip.MTI <- 0b1, mip.STI <- 0b0)
mem[X,0x0000000080002028] -> 0x95B3
mem[X,0x000000008000202A] -> 0x0085
[948] [M]: 0x0000000080002028 (0x008595B3) sll x11, x11, x8                         common_Mexcpt_handler+56
x11 <- 0x0000000000000298

mem[X,0x000000008000202C] -> 0x9413
mem[X,0x000000008000202E] -> 0x03D4
[949] [M]: 0x000000008000202C (0x03D49413) slli x8, x9, 0x3d                        common_Mexcpt_handler+60
x8 <- 0x0000000000000000

clint mtime 0x00000000000001DB (mip.MTI <- 0b1, mip.STI <- 0b0)
mem[X,0x0000000080002030] -> 0x5413
mem[X,0x0000000080002032] -> 0x43F4
[950] [M]: 0x0000000080002030 (0x43F45413) srai x8, x8, 0x3f                        common_Mexcpt_handler+64
x8 <- 0x0000000000000000

mem[X,0x0000000080002034] -> 0x4413
mem[X,0x0000000080002036] -> 0xFFF4
[951] [M]: 0x0000000080002034 (0xFFF44413) xori x8, x8, -0x1                        common_Mexcpt_handler+68
x8 <- 0xFFFFFFFFFFFFFFFF

clint mtime 0x00000000000001DC (mip.MTI <- 0b1, mip.STI <- 0b0)
mem[X,0x0000000080002038] -> 0xF4B3
mem[X,0x000000008000203A] -> 0x0085
[952] [M]: 0x0000000080002038 (0x0085F4B3) and x9, x11, x8                          common_Mexcpt_handler+72
x9 <- 0x0000000000000298

mem[X,0x000000008000203C] -> 0x84B3
mem[X,0x000000008000203E] -> 0x0024
[953] [M]: 0x000000008000203C (0x002484B3) add x9, x9, x2                           vmem_adj_Mepc+0
x9 <- 0x0000000080005298

clint mtime 0x00000000000001DD (mip.MTI <- 0b1, mip.STI <- 0b0)
mem[X,0x0000000080002040] -> 0x23F3
mem[X,0x0000000080002042] -> 0x3410
[954] [M]: 0x0000000080002040 (0x341023F3) csrrs x7, mepc, x0                       vmem_adj_Mepc+4
CSR mepc (0x341) -> 0x0000030080000DBC
x7 <- 0x0000030080000DBC

mem[X,0x0000000080002044] -> 0x0413
mem[X,0x0000000080002046] -> 0x0004
[955] [M]: 0x0000000080002044 (0x00040413) addi x8, x8, 0x0                         vmem_adj_Mepc+8
x8 <- 0xFFFFFFFFFFFFFFFF

clint mtime 0x00000000000001DE (mip.MTI <- 0b1, mip.STI <- 0b0)
mem[X,0x0000000080002048] -> 0x006F
mem[X,0x000000008000204A] -> 0x0400
[956] [M]: 0x0000000080002048 (0x0400006F) jal x0, 0x40                             vmem_adj_Mepc+12

mem[X,0x0000000080002088] -> 0x8433
mem[X,0x000000008000208A] -> 0x4083
[957] [M]: 0x0000000080002088 (0x40838433) sub x8, x7, x8                           adj_Mepc+0
x8 <- 0x0000030080000DBD

clint mtime 0x00000000000001DF (mip.MTI <- 0b1, mip.STI <- 0b0)
mem[X,0x000000008000208C] -> 0x3823
mem[X,0x000000008000208E] -> 0x0083
[958] [M]: 0x000000008000208C (0x00833823) sd x8, 0x10(x6)                          sv_Mepc+0
mem[W,0x000000008000A388] <- 0x0000030080000DBD

mem[X,0x0000000080002090] -> 0x55B7
mem[X,0x0000000080002092] -> 0x0000
[959] [M]: 0x0000000080002090 (0x000055B7) lui x11, 0x5                             sv_Mepc+4
x11 <- 0x0000000000005000

clint mtime 0x00000000000001E0 (mip.MTI <- 0b1, mip.STI <- 0b0)
mem[X,0x0000000080002094] -> 0x8593
mem[X,0x0000000080002096] -> 0x6675
[960] [M]: 0x0000000080002094 (0x66758593) addi x11, x11, 0x667                     sv_Mepc+8
x11 <- 0x0000000000005667

mem[X,0x0000000080002098] -> 0x9593
mem[X,0x000000008000209A] -> 0x0015
[961] [M]: 0x0000000080002098 (0x00159593) slli x11, x11, 0x1                       sv_Mepc+12
x11 <- 0x000000000000ACCE

clint mtime 0x00000000000001E1 (mip.MTI <- 0b1, mip.STI <- 0b0)
mem[X,0x000000008000209C] -> 0x9063
mem[X,0x000000008000209E] -> 0x02B1
[962] [M]: 0x000000008000209C (0x02B19063) bne x3, x11, 0x20                        sv_Mepc+16

mem[X,0x00000000800020BC] -> 0xF593
mem[X,0x00000000800020BE] -> 0xFFC3
[963] [M]: 0x00000000800020BC (0xFFC3F593) andi x11, x7, -0x4                       adj_Mepc_rtn+0
x11 <- 0x0000030080000DBC

clint mtime 0x00000000000001E2 (mip.MTI <- 0b1, mip.STI <- 0b0)
mem[X,0x00000000800020C0] -> 0x8593
mem[X,0x00000000800020C2] -> 0x0085
[964] [M]: 0x00000000800020C0 (0x00858593) addi x11, x11, 0x8                       adj_Mepc_rtn+4
x11 <- 0x0000030080000DC4

mem[X,0x00000000800020C4] -> 0x9073
mem[X,0x00000000800020C6] -> 0x3415
[965] [M]: 0x00000000800020C4 (0x34159073) csrrw x0, mepc, x11                      adj_Mepc_rtn+8
CSR mepc (0x341) <- 0x0000030080000DC4

clint mtime 0x00000000000001E3 (mip.MTI <- 0b1, mip.STI <- 0b0)
mem[X,0x00000000800020C8] -> 0x23F3
mem[X,0x00000000800020CA] -> 0x3430
[966] [M]: 0x00000000800020C8 (0x343023F3) csrrs x7, mtval, x0                      skp_adj_Mepc+0
CSR mtval (0x343) -> 0x0000030080000DBC
x7 <- 0x0000030080000DBC

mem[X,0x00000000800020CC] -> 0x0413
mem[X,0x00000000800020CE] -> 0x0004
[967] [M]: 0x00000000800020CC (0x00040413) addi x8, x8, 0x0                         skp_adj_Mepc+4
x8 <- 0x0000030080000DBD

clint mtime 0x00000000000001E4 (mip.MTI <- 0b1, mip.STI <- 0b0)
mem[X,0x00000000800020D0] -> 0x006F
mem[X,0x00000000800020D2] -> 0x0840
[968] [M]: 0x00000000800020D0 (0x0840006F) jal x0, 0x84                             skp_adj_Mepc+8

mem[X,0x0000000080002154] -> 0x8433
mem[X,0x0000000080002156] -> 0x4083
[969] [M]: 0x0000000080002154 (0x40838433) sub x8, x7, x8                           adj_Mtval+0
x8 <- 0xFFFFFFFFFFFFFFFF

clint mtime 0x00000000000001E5 (mip.MTI <- 0b1, mip.STI <- 0b0)
mem[X,0x0000000080002158] -> 0x3C23
mem[X,0x000000008000215A] -> 0x0083
[970] [M]: 0x0000000080002158 (0x00833C23) sd x8, 0x18(x6)                          sv_Mtval+0
mem[W,0x000000008000A390] <- 0xFFFFFFFFFFFFFFFF

mem[X,0x000000008000215C] -> 0x3483
mem[X,0x000000008000215E] -> 0x2181
[971] [M]: 0x000000008000215C (0x21813483) ld x9, 0x218(x2)                         skp_Mtval+0
mem[R,0x0000000080005218] -> 0x000000008000A398
x9 <- 0x000000008000A398

clint mtime 0x00000000000001E6 (mip.MTI <- 0b1, mip.STI <- 0b0)
mem[X,0x0000000080002160] -> 0x3383
mem[X,0x0000000080002162] -> 0x1F81
[972] [M]: 0x0000000080002160 (0x1F813383) ld x7, 0x1f8(x2)                         skp_Mtval+4
mem[R,0x00000000800051F8] -> 0x000000008000A110
x7 <- 0x000000008000A110

mem[X,0x0000000080002164] -> 0x3303
mem[X,0x0000000080002166] -> 0x2001
[973] [M]: 0x0000000080002164 (0x20013303) ld x6, 0x200(x2)                         skp_Mtval+8
mem[R,0x0000000080005200] -> 0x0000000000000410
x6 <- 0x0000000000000410

clint mtime 0x00000000000001E7 (mip.MTI <- 0b1, mip.STI <- 0b0)
mem[X,0x0000000080002168] -> 0x0333
mem[X,0x000000008000216A] -> 0x0073
[974] [M]: 0x0000000080002168 (0x00730333) add x6, x6, x7                           skp_Mtval+12
x6 <- 0x000000008000A520

mem[X,0x000000008000216C] -> 0x6AE3
mem[X,0x000000008000216E] -> 0xAC93
[975] [M]: 0x000000008000216C (0xAC936AE3) bltu x6, x9, -0x52c                      skp_Mtval+16

clint mtime 0x00000000000001E8 (mip.MTI <- 0b1, mip.STI <- 0b0)
mem[X,0x0000000080002170] -> 0x0393
mem[X,0x0000000080002172] -> 0x2000
[976] [M]: 0x0000000080002170 (0x20000393) addi x7, x0, 0x200                       skp_Mtval+20
x7 <- 0x0000000000000200

mem[X,0x0000000080002174] -> 0x006F
mem[X,0x0000000080002176] -> 0x0400
[977] [M]: 0x0000000080002174 (0x0400006F) jal x0, 0x40                             skp_Mtval+24

clint mtime 0x00000000000001E9 (mip.MTI <- 0b1, mip.STI <- 0b0)
mem[X,0x00000000800021B4] -> 0x0417
mem[X,0x00000000800021B6] -> 0x0000
[978] [M]: 0x00000000800021B4 (0x00000417) auipc x8, 0x0                            spcl_Mhandler+0
x8 <- 0x00000000800021B4

mem[X,0x00000000800021B8] -> 0x0413
mem[X,0x00000000800021BA] -> 0x03C4
[979] [M]: 0x00000000800021B8 (0x03C40413) addi x8, x8, 0x3c                        spcl_Mhandler+4
x8 <- 0x00000000800021F0

clint mtime 0x00000000000001EA (mip.MTI <- 0b1, mip.STI <- 0b0)
mem[X,0x00000000800021BC] -> 0x0433
mem[X,0x00000000800021BE] -> 0x0074
[980] [M]: 0x00000000800021BC (0x00740433) add x8, x8, x7                           spcl_Mhandler+8
x8 <- 0x00000000800023F0

mem[X,0x00000000800021C0] -> 0x1393
mem[X,0x00000000800021C2] -> 0x0035
[981] [M]: 0x00000000800021C0 (0x00351393) slli x7, x10, 0x3                        spcl_Mhandler+12
x7 <- 0x0000000000000060

clint mtime 0x00000000000001EB (mip.MTI <- 0b1, mip.STI <- 0b0)
mem[X,0x00000000800021C4] -> 0x0433
mem[X,0x00000000800021C6] -> 0x0074
[982] [M]: 0x00000000800021C4 (0x00740433) add x8, x8, x7                           spcl_Mhandler+16
x8 <- 0x0000000080002450

mem[X,0x00000000800021C8] -> 0x7413
mem[X,0x00000000800021CA] -> 0xFF84
[983] [M]: 0x00000000800021C8 (0xFF847413) andi x8, x8, -0x8                        spcl_Mhandler+20
x8 <- 0x0000000080002450

clint mtime 0x00000000000001EC (mip.MTI <- 0b1, mip.STI <- 0b0)
mem[X,0x00000000800021CC] -> 0x3403
mem[X,0x00000000800021CE] -> 0x0004
[984] [M]: 0x00000000800021CC (0x00043403) ld x8, 0x0(x8)                           spcl_Mhandler+24
mem[R,0x0000000080002450] -> 0x0000000000000019
x8 <- 0x0000000000000019

mem[X,0x00000000800021D0] -> 0x02E3
mem[X,0x00000000800021D2] -> 0xB004
[985] [M]: 0x00000000800021D0 (0xB00402E3) beq x8, x0, -0x4fc                       spcl_Mdispatch_hndling+0

clint mtime 0x00000000000001ED (mip.MTI <- 0b1, mip.STI <- 0b0)
mem[X,0x00000000800021D4] -> 0x1393
mem[X,0x00000000800021D6] -> 0x03F4
[986] [M]: 0x00000000800021D4 (0x03F41393) slli x7, x8, 0x3f                        spcl_Mdispatch_hndling+4
x7 <- 0x8000000000000000

mem[X,0x00000000800021D8] -> 0xD863
mem[X,0x00000000800021DA] -> 0x0003
[987] [M]: 0x00000000800021D8 (0x0003D863) bge x7, x0, 0x10                         spcl_Mdispatch_hndling+8

clint mtime 0x00000000000001EE (mip.MTI <- 0b1, mip.STI <- 0b0)
mem[X,0x00000000800021DC] -> 0x5413
mem[X,0x00000000800021DE] -> 0x0014
[988] [M]: 0x00000000800021DC (0x00145413) srli x8, x8, 0x1                         spcl_Mdispatch_hndling+12
x8 <- 0x000000000000000C

mem[X,0x00000000800021E0] -> 0x0CE3
mem[X,0x00000000800021E2] -> 0xF885
[989] [M]: 0x00000000800021E0 (0xF8850CE3) beq x10, x8, -0x68                       spcl_Mdispatch_hndling+16

clint mtime 0x00000000000001EF (mip.MTI <- 0b1, mip.STI <- 0b0)
mem[X,0x0000000080002178] -> 0x3303
mem[X,0x000000008000217A] -> 0x2601
[990] [M]: 0x0000000080002178 (0x26013303) ld x6, 0x260(x2)                         resto_Mrtn+0
mem[R,0x0000000080005260] -> 0x000002FFFFFFFFF8
x6 <- 0x000002FFFFFFFFF8

mem[X,0x000000008000217C] -> 0x3383
mem[X,0x000000008000217E] -> 0x2681
[991] [M]: 0x000000008000217C (0x26813383) ld x7, 0x268(x2)                         resto_Mrtn+4
mem[R,0x0000000080005268] -> 0x0000000080005000
x7 <- 0x0000000080005000

clint mtime 0x00000000000001F0 (mip.MTI <- 0b1, mip.STI <- 0b0)
mem[X,0x0000000080002180] -> 0x3403
mem[X,0x0000000080002182] -> 0x2701
[992] [M]: 0x0000000080002180 (0x27013403) ld x8, 0x270(x2)                         resto_Mrtn+8
mem[R,0x0000000080005270] -> 0x0000000000007F76
x8 <- 0x0000000000007F76

mem[X,0x0000000080002184] -> 0x3483
mem[X,0x0000000080002186] -> 0x2781
[993] [M]: 0x0000000080002184 (0x27813483) ld x9, 0x278(x2)                         resto_Mrtn+12
mem[R,0x0000000080005278] -> 0x0000000000000000
x9 <- 0x0000000000000000

clint mtime 0x00000000000001F1 (mip.MTI <- 0b1, mip.STI <- 0b0)
mem[X,0x0000000080002188] -> 0x3503
mem[X,0x000000008000218A] -> 0x2801
[994] [M]: 0x0000000080002188 (0x28013503) ld x10, 0x280(x2)                        resto_Mrtn+16
mem[R,0x0000000080005280] -> 0x00000000000000CF
x10 <- 0x00000000000000CF

mem[X,0x000000008000218C] -> 0x3583
mem[X,0x000000008000218E] -> 0x2881
[995] [M]: 0x000000008000218C (0x28813583) ld x11, 0x288(x2)                        resto_Mrtn+20
mem[R,0x0000000080005288] -> 0x00000000000000CF
x11 <- 0x00000000000000CF

clint mtime 0x00000000000001F2 (mip.MTI <- 0b1, mip.STI <- 0b0)
mem[X,0x0000000080002190] -> 0x3103
mem[X,0x0000000080002192] -> 0x2901
[996] [M]: 0x0000000080002190 (0x29013103) ld x2, 0x290(x2)                         resto_Mrtn+24
mem[R,0x0000000080005290] -> 0x0000000080005000
x2 <- 0x0000000080005000

mem[X,0x0000000080002194] -> 0x0073
mem[X,0x0000000080002196] -> 0x3020
[997] [M]: 0x0000000080002194 (0x30200073) mret                                     resto_Mrtn+28
CSR mstatus (0x300) <- 0x0000000A00000080
ret-ing from M to S

clint mtime 0x00000000000001F3 (mip.MTI <- 0b1, mip.STI <- 0b0)
PTW: Start, vpn=0x30080000, access_type=X, privilege=Smem[R,0x0000000080009030] -> 0xCB00000000000000
PTW: Step, level=3, pte=0xCB00000000000000, pte_addr=0x80009030
PTW: failed, error=invalid-pte, level=3, pte_addr=0x80009030
trapping from S to M to handle fetch-page-fault
handling exc#fetch-page-fault at priv M with tval 0x0000030080000DC4
CSR mstatus (0x300) <- 0x0000000A00000800
CSR mcause (0x342) <- 0x000000000000000C
CSR mtval (0x343) <- 0x0000030080000DC4
CSR mepc (0x341) <- 0x0000030080000DC4

mem[X,0x0000000080001D40] -> 0x006F
mem[X,0x0000000080001D42] -> 0x1000
[999] [M]: 0x0000000080001D40 (0x1000006F) jal x0, 0x100                            Mtrampoline+0

clint mtime 0x00000000000001F4 (mip.MTI <- 0b1, mip.STI <- 0b0)
mem[X,0x0000000080001E40] -> 0x1173
mem[X,0x0000000080001E42] -> 0x3401
[1000] [M]: 0x0000000080001E40 (0x34011173) csrrw x2, mscratch, x2                  trap_Mhandler+0
CSR mscratch (0x340) <- 0x0000000080005000
x2 <- 0x0000000080005000

mem[X,0x0000000080001E44] -> 0x3423
mem[X,0x0000000080001E46] -> 0x28B1
[1001] [M]: 0x0000000080001E44 (0x28B13423) sd x11, 0x288(x2)                       trap_Mhandler+4
mem[W,0x0000000080005288] <- 0x00000000000000CF

clint mtime 0x00000000000001F5 (mip.MTI <- 0b1, mip.STI <- 0b0)
mem[X,0x0000000080001E48] -> 0x05EF
mem[X,0x0000000080001E4A] -> 0x0B80
[1002] [M]: 0x0000000080001E48 (0x0B8005EF) jal x11, 0xb8                           trap_Mhandler+8
x11 <- 0x0000000080001E4C

mem[X,0x0000000080001F00] -> 0x3023
mem[X,0x0000000080001F02] -> 0x28A1
[1003] [M]: 0x0000000080001F00 (0x28A13023) sd x10, 0x280(x2)                       common_Mhandler+0
mem[W,0x0000000080005280] <- 0x00000000000000CF

clint mtime 0x00000000000001F6 (mip.MTI <- 0b1, mip.STI <- 0b0)
mem[X,0x0000000080001F04] -> 0x1573
mem[X,0x0000000080001F06] -> 0x3401
[1004] [M]: 0x0000000080001F04 (0x34011573) csrrw x10, mscratch, x2                 common_Mhandler+4
CSR mscratch (0x340) <- 0x0000000080005000
x10 <- 0x0000000080005000

mem[X,0x0000000080001F08] -> 0x3823
mem[X,0x0000000080001F0A] -> 0x28A1
[1005] [M]: 0x0000000080001F08 (0x28A13823) sd x10, 0x290(x2)                       common_Mhandler+8
mem[W,0x0000000080005290] <- 0x0000000080005000

clint mtime 0x00000000000001F7 (mip.MTI <- 0b1, mip.STI <- 0b0)
mem[X,0x0000000080001F0C] -> 0x3503
mem[X,0x0000000080001F0E] -> 0x2301
[1006] [M]: 0x0000000080001F0C (0x23013503) ld x10, 0x230(x2)                       common_Mhandler+12
mem[R,0x0000000080005230] -> 0x0000000080001F14
x10 <- 0x0000000080001F14

mem[X,0x0000000080001F10] -> 0x0067
mem[X,0x0000000080001F12] -> 0x0005
[1007] [M]: 0x0000000080001F10 (0x00050067) jalr x0, 0x0(x10)                       common_Mhandler+16

clint mtime 0x00000000000001F8 (mip.MTI <- 0b1, mip.STI <- 0b0)
mem[X,0x0000000080001F14] -> 0x3C23
mem[X,0x0000000080001F16] -> 0x2691
[1008] [M]: 0x0000000080001F14 (0x26913C23) sd x9, 0x278(x2)                        common_Mentry+0
mem[W,0x0000000080005278] <- 0x0000000000000000

mem[X,0x0000000080001F18] -> 0x3823
mem[X,0x0000000080001F1A] -> 0x2681
[1009] [M]: 0x0000000080001F18 (0x26813823) sd x8, 0x270(x2)                        common_Mentry+4
mem[W,0x0000000080005270] <- 0x0000000000007F76

clint mtime 0x00000000000001F9 (mip.MTI <- 0b1, mip.STI <- 0b0)
mem[X,0x0000000080001F1C] -> 0x3423
mem[X,0x0000000080001F1E] -> 0x2671
[1010] [M]: 0x0000000080001F1C (0x26713423) sd x7, 0x268(x2)                        common_Mentry+8
mem[W,0x0000000080005268] <- 0x0000000080005000

mem[X,0x0000000080001F20] -> 0x3023
mem[X,0x0000000080001F22] -> 0x2661
[1011] [M]: 0x0000000080001F20 (0x26613023) sd x6, 0x260(x2)                        common_Mentry+12
mem[W,0x0000000080005260] <- 0x000002FFFFFFFFF8

clint mtime 0x00000000000001FA (mip.MTI <- 0b1, mip.STI <- 0b0)
mem[X,0x0000000080001F24] -> 0x2573
mem[X,0x0000000080001F26] -> 0x3420
[1012] [M]: 0x0000000080001F24 (0x34202573) csrrs x10, mcause, x0                   spcl_M2mmode_test+0
CSR mcause (0x342) -> 0x000000000000000C
x10 <- 0x000000000000000C

mem[X,0x0000000080001F28] -> 0x04B7
mem[X,0x0000000080001F2A] -> 0x8000
[1013] [M]: 0x0000000080001F28 (0x800004B7) lui x9, -0x80000                        spcl_M2mmode_test+4
x9 <- 0xFFFFFFFF80000000

clint mtime 0x00000000000001FB (mip.MTI <- 0b1, mip.STI <- 0b0)
mem[X,0x0000000080001F2C] -> 0x8493
mem[X,0x0000000080001F2E] -> 0x0004
[1014] [M]: 0x0000000080001F2C (0x00048493) addi x9, x9, 0x0                        spcl_M2mmode_test+8
x9 <- 0xFFFFFFFF80000000

mem[X,0x0000000080001F30] -> 0x9493
mem[X,0x0000000080001F32] -> 0x00B4
[1015] [M]: 0x0000000080001F30 (0x00B49493) slli x9, x9, 0xb                        spcl_M2mmode_test+12
x9 <- 0xFFFFFC0000000000

clint mtime 0x00000000000001FC (mip.MTI <- 0b1, mip.STI <- 0b0)
mem[X,0x0000000080001F34] -> 0x8493
mem[X,0x0000000080001F36] -> 0x0004
[1016] [M]: 0x0000000080001F34 (0x00048493) addi x9, x9, 0x0                        spcl_M2mmode_test+16
x9 <- 0xFFFFFC0000000000

mem[X,0x0000000080001F38] -> 0x9493
mem[X,0x0000000080001F3A] -> 0x00B4
[1017] [M]: 0x0000000080001F38 (0x00B49493) slli x9, x9, 0xb                        spcl_M2mmode_test+20
x9 <- 0xFFE0000000000000

clint mtime 0x00000000000001FD (mip.MTI <- 0b1, mip.STI <- 0b0)
mem[X,0x0000000080001F3C] -> 0x8493
mem[X,0x0000000080001F3E] -> 0x0034
[1018] [M]: 0x0000000080001F3C (0x00348493) addi x9, x9, 0x3                        spcl_M2mmode_test+24
x9 <- 0xFFE0000000000003

mem[X,0x0000000080001F40] -> 0x9493
mem[X,0x0000000080001F42] -> 0x00A4
[1019] [M]: 0x0000000080001F40 (0x00A49493) slli x9, x9, 0xa                        spcl_M2mmode_test+28
x9 <- 0x8000000000000C00

clint mtime 0x00000000000001FE (mip.MTI <- 0b1, mip.STI <- 0b0)
mem[X,0x0000000080001F44] -> 0x8493
mem[X,0x0000000080001F46] -> 0x3FC4
[1020] [M]: 0x0000000080001F44 (0x3FC48493) addi x9, x9, 0x3fc                      spcl_M2mmode_test+32
x9 <- 0x8000000000000FFC

mem[X,0x0000000080001F48] -> 0xF4B3
mem[X,0x0000000080001F4A] -> 0x00A4
[1021] [M]: 0x0000000080001F48 (0x00A4F4B3) and x9, x9, x10                         spcl_M2mmode_test+36
x9 <- 0x000000000000000C

clint mtime 0x00000000000001FF (mip.MTI <- 0b1, mip.STI <- 0b0)
mem[X,0x0000000080001F4C] -> 0x8493
mem[X,0x0000000080001F4E] -> 0xFF84
[1022] [M]: 0x0000000080001F4C (0xFF848493) addi x9, x9, -0x8                       spcl_M2mmode_test+40
x9 <- 0x0000000000000004

mem[X,0x0000000080001F50] -> 0x9663
mem[X,0x0000000080001F52] -> 0x0004
[1023] [M]: 0x0000000080001F50 (0x00049663) bne x9, x0, 0xc                         spcl_M2mmode_test+44

clint mtime 0x0000000000000200 (mip.MTI <- 0b1, mip.STI <- 0b0)
mem[X,0x0000000080001F5C] -> 0x0393
mem[X,0x0000000080001F5E] -> 0x0200
[1024] [M]: 0x0000000080001F5C (0x02000393) addi x7, x0, 0x20                       Mtrapsig_ptr_upd+0
x7 <- 0x0000000000000020

mem[X,0x0000000080001F60] -> 0x5263
mem[X,0x0000000080001F62] -> 0x0405
[1025] [M]: 0x0000000080001F60 (0x04055263) bge x10, x0, 0x44                       Mtrapsig_ptr_upd+4

clint mtime 0x0000000000000201 (mip.MTI <- 0b1, mip.STI <- 0b0)
mem[X,0x0000000080001FA4] -> 0x2373
mem[X,0x0000000080001FA6] -> 0x3010
[1026] [M]: 0x0000000080001FA4 (0x30102373) csrrs x6, misa, x0                      Mxcpt_sig_sv+0
CSR misa (0x301) -> 0x800000000034112F
x6 <- 0x800000000034112F

mem[X,0x0000000080001FA8] -> 0x1313
mem[X,0x0000000080001FAA] -> 0x0383
[1027] [M]: 0x0000000080001FA8 (0x03831313) slli x6, x6, 0x38                       Mxcpt_sig_sv+4
x6 <- 0x2F00000000000000

clint mtime 0x0000000000000202 (mip.MTI <- 0b1, mip.STI <- 0b0)
mem[X,0x0000000080001FAC] -> 0x5463
mem[X,0x0000000080001FAE] -> 0x0003
[1028] [M]: 0x0000000080001FAC (0x00035463) bge x6, x0, 0x8                         Mxcpt_sig_sv+8

mem[X,0x0000000080001FB4] -> 0x3303
mem[X,0x0000000080001FB6] -> 0x2181
[1029] [M]: 0x0000000080001FB4 (0x21813303) ld x6, 0x218(x2)                        Mtrap_sig_sv+0
mem[R,0x0000000080005218] -> 0x000000008000A398
x6 <- 0x000000008000A398

clint mtime 0x0000000000000203 (mip.MTI <- 0b1, mip.STI <- 0b0)
mem[X,0x0000000080001FB8] -> 0x04B3
mem[X,0x0000000080001FBA] -> 0x0073
[1030] [M]: 0x0000000080001FB8 (0x007304B3) add x9, x6, x7                          Mtrap_sig_sv+4
x9 <- 0x000000008000A3B8

mem[X,0x0000000080001FBC] -> 0x3C23
mem[X,0x0000000080001FBE] -> 0x2091
[1031] [M]: 0x0000000080001FBC (0x20913C23) sd x9, 0x218(x2)                        Mtrap_sig_sv+8
mem[W,0x0000000080005218] <- 0x000000008000A3B8

clint mtime 0x0000000000000204 (mip.MTI <- 0b1, mip.STI <- 0b0)
mem[X,0x0000000080001FC0] -> 0x3403
mem[X,0x0000000080001FC2] -> 0x1F81
[1032] [M]: 0x0000000080001FC0 (0x1F813403) ld x8, 0x1f8(x2)                        Mtrap_sig_sv+12
mem[R,0x00000000800051F8] -> 0x000000008000A110
x8 <- 0x000000008000A110

mem[X,0x0000000080001FC4] -> 0x0333
mem[X,0x0000000080001FC6] -> 0x4083
[1033] [M]: 0x0000000080001FC4 (0x40830333) sub x6, x6, x8                          Mtrap_sig_sv+16
x6 <- 0x0000000000000288

clint mtime 0x0000000000000205 (mip.MTI <- 0b1, mip.STI <- 0b0)
mem[X,0x0000000080001FC8] -> 0x3403
mem[X,0x0000000080001FCA] -> 0x1F81
[1034] [M]: 0x0000000080001FC8 (0x1F813403) ld x8, 0x1f8(x2)                        Mtrap_sig_sv+20
mem[R,0x00000000800051F8] -> 0x000000008000A110
x8 <- 0x000000008000A110

mem[X,0x0000000080001FCC] -> 0x0333
mem[X,0x0000000080001FCE] -> 0x0083
[1035] [M]: 0x0000000080001FCC (0x00830333) add x6, x6, x8                          Mtrap_sig_sv+24
x6 <- 0x000000008000A398

clint mtime 0x0000000000000206 (mip.MTI <- 0b1, mip.STI <- 0b0)
mem[X,0x0000000080001FD0] -> 0x3403
mem[X,0x0000000080001FD2] -> 0x2401
[1036] [M]: 0x0000000080001FD0 (0x24013403) ld x8, 0x240(x2)                        Mtrap_sig_sv+28
mem[R,0x0000000080005240] -> 0x0000000080001D40
x8 <- 0x0000000080001D40

mem[X,0x0000000080001FD4] -> 0x85B3
mem[X,0x0000000080001FD6] -> 0x4085
[1037] [M]: 0x0000000080001FD4 (0x408585B3) sub x11, x11, x8                        sv_Mvect+0
x11 <- 0x000000000000010C

clint mtime 0x0000000000000207 (mip.MTI <- 0b1, mip.STI <- 0b0)
mem[X,0x0000000080001FD8] -> 0x9593
mem[X,0x0000000080001FDA] -> 0x0045
[1038] [M]: 0x0000000080001FD8 (0x00459593) slli x11, x11, 0x4                      sv_Mvect+4
x11 <- 0x00000000000010C0

mem[X,0x0000000080001FDC] -> 0xE5B3
mem[X,0x0000000080001FDE] -> 0x0075
[1039] [M]: 0x0000000080001FDC (0x0075E5B3) or x11, x11, x7                         sv_Mvect+8
x11 <- 0x00000000000010E0

clint mtime 0x0000000000000208 (mip.MTI <- 0b1, mip.STI <- 0b0)
mem[X,0x0000000080001FE0] -> 0x8593
mem[X,0x0000000080001FE2] -> 0x0035
[1040] [M]: 0x0000000080001FE0 (0x00358593) addi x11, x11, 0x3                      sv_Mvect+12
x11 <- 0x00000000000010E3

mem[X,0x0000000080001FE4] -> 0x3023
mem[X,0x0000000080001FE6] -> 0x00B3
[1041] [M]: 0x0000000080001FE4 (0x00B33023) sd x11, 0x0(x6)                         sv_Mvect+16
mem[W,0x000000008000A398] <- 0x00000000000010E3

clint mtime 0x0000000000000209 (mip.MTI <- 0b1, mip.STI <- 0b0)
mem[X,0x0000000080001FE8] -> 0x3423
mem[X,0x0000000080001FEA] -> 0x00A3
[1042] [M]: 0x0000000080001FE8 (0x00A33423) sd x10, 0x8(x6)                         sv_Mcause+0
mem[W,0x000000008000A3A0] <- 0x000000000000000C

mem[X,0x0000000080001FEC] -> 0x4663
mem[X,0x0000000080001FEE] -> 0x1A05
[1043] [M]: 0x0000000080001FEC (0x1A054663) blt x10, x0, 0x1ac                      sv_Mcause+4

clint mtime 0x000000000000020A (mip.MTI <- 0b1, mip.STI <- 0b0)
mem[X,0x0000000080001FF0] -> 0x25F3
mem[X,0x0000000080001FF2] -> 0x3000
[1044] [M]: 0x0000000080001FF0 (0x300025F3) csrrs x11, mstatus, x0                  common_Mexcpt_handler+0
CSR mstatus (0x300) -> 0x0000000A00000800
x11 <- 0x0000000A00000800

mem[X,0x0000000080001FF4] -> 0x9413
mem[X,0x0000000080001FF6] -> 0x02E5
[1045] [M]: 0x0000000080001FF4 (0x02E59413) slli x8, x11, 0x2e                      common_Mexcpt_handler+4
x8 <- 0x0200000000000000

clint mtime 0x000000000000020B (mip.MTI <- 0b1, mip.STI <- 0b0)
mem[X,0x0000000080001FF8] -> 0x5463
mem[X,0x0000000080001FFA] -> 0x0004
[1046] [M]: 0x0000000080001FF8 (0x00045463) bge x8, x0, 0x8                         common_Mexcpt_handler+8

mem[X,0x0000000080002000] -> 0xD493
mem[X,0x0000000080002002] -> 0x00B5
[1047] [M]: 0x0000000080002000 (0x00B5D493) srli x9, x11, 0xb                       common_Mexcpt_handler+16
x9 <- 0x0000000001400001

clint mtime 0x000000000000020C (mip.MTI <- 0b1, mip.STI <- 0b0)
mem[X,0x0000000080002004] -> 0xF493
mem[X,0x0000000080002006] -> 0x0034
[1048] [M]: 0x0000000080002004 (0x0034F493) andi x9, x9, 0x3                        common_Mexcpt_handler+20
x9 <- 0x0000000000000001

mem[X,0x0000000080002008] -> 0x8493
mem[X,0x000000008000200A] -> 0x0014
[1049] [M]: 0x0000000080002008 (0x00148493) addi x9, x9, 0x1                        common_Mexcpt_handler+24
x9 <- 0x0000000000000002

clint mtime 0x000000000000020D (mip.MTI <- 0b1, mip.STI <- 0b0)
mem[X,0x000000008000200C] -> 0xF493
mem[X,0x000000008000200E] -> 0x0044
[1050] [M]: 0x000000008000200C (0x0044F493) andi x9, x9, 0x4                        common_Mexcpt_handler+28
x9 <- 0x0000000000000000

mem[X,0x0000000080002010] -> 0x0593
mem[X,0x0000000080002012] -> 0x05D0
[1051] [M]: 0x0000000080002010 (0x05D00593) addi x11, x0, 0x5d                      common_Mexcpt_handler+32
x11 <- 0x000000000000005D

clint mtime 0x000000000000020E (mip.MTI <- 0b1, mip.STI <- 0b0)
mem[X,0x0000000080002014] -> 0xD5B3
mem[X,0x0000000080002016] -> 0x0095
[1052] [M]: 0x0000000080002014 (0x0095D5B3) srl x11, x11, x9                        common_Mexcpt_handler+36
x11 <- 0x000000000000005D

mem[X,0x0000000080002018] -> 0xF593
mem[X,0x000000008000201A] -> 0x0015
[1053] [M]: 0x0000000080002018 (0x0015F593) andi x11, x11, 0x1                      common_Mexcpt_handler+40
x11 <- 0x0000000000000001

clint mtime 0x000000000000020F (mip.MTI <- 0b1, mip.STI <- 0b0)
mem[X,0x000000008000201C] -> 0x8EE3
mem[X,0x000000008000201E] -> 0xF405
[1054] [M]: 0x000000008000201C (0xF4058EE3) beq x11, x0, -0xa4                      common_Mexcpt_handler+44

mem[X,0x0000000080002020] -> 0x0593
mem[X,0x0000000080002022] -> 0x2980
[1055] [M]: 0x0000000080002020 (0x29800593) addi x11, x0, 0x298                     common_Mexcpt_handler+48
x11 <- 0x0000000000000298

clint mtime 0x0000000000000210 (mip.MTI <- 0b1, mip.STI <- 0b0)
mem[X,0x0000000080002024] -> 0xF413
mem[X,0x0000000080002026] -> 0x0014
[1056] [M]: 0x0000000080002024 (0x0014F413) andi x8, x9, 0x1                        common_Mexcpt_handler+52
x8 <- 0x0000000000000000

mem[X,0x0000000080002028] -> 0x95B3
mem[X,0x000000008000202A] -> 0x0085
[1057] [M]: 0x0000000080002028 (0x008595B3) sll x11, x11, x8                        common_Mexcpt_handler+56
x11 <- 0x0000000000000298

clint mtime 0x0000000000000211 (mip.MTI <- 0b1, mip.STI <- 0b0)
mem[X,0x000000008000202C] -> 0x9413
mem[X,0x000000008000202E] -> 0x03D4
[1058] [M]: 0x000000008000202C (0x03D49413) slli x8, x9, 0x3d                       common_Mexcpt_handler+60
x8 <- 0x0000000000000000

mem[X,0x0000000080002030] -> 0x5413
mem[X,0x0000000080002032] -> 0x43F4
[1059] [M]: 0x0000000080002030 (0x43F45413) srai x8, x8, 0x3f                       common_Mexcpt_handler+64
x8 <- 0x0000000000000000

clint mtime 0x0000000000000212 (mip.MTI <- 0b1, mip.STI <- 0b0)
mem[X,0x0000000080002034] -> 0x4413
mem[X,0x0000000080002036] -> 0xFFF4
[1060] [M]: 0x0000000080002034 (0xFFF44413) xori x8, x8, -0x1                       common_Mexcpt_handler+68
x8 <- 0xFFFFFFFFFFFFFFFF

mem[X,0x0000000080002038] -> 0xF4B3
mem[X,0x000000008000203A] -> 0x0085
[1061] [M]: 0x0000000080002038 (0x0085F4B3) and x9, x11, x8                         common_Mexcpt_handler+72
x9 <- 0x0000000000000298

clint mtime 0x0000000000000213 (mip.MTI <- 0b1, mip.STI <- 0b0)
mem[X,0x000000008000203C] -> 0x84B3
mem[X,0x000000008000203E] -> 0x0024
[1062] [M]: 0x000000008000203C (0x002484B3) add x9, x9, x2                          vmem_adj_Mepc+0
x9 <- 0x0000000080005298

mem[X,0x0000000080002040] -> 0x23F3
mem[X,0x0000000080002042] -> 0x3410
[1063] [M]: 0x0000000080002040 (0x341023F3) csrrs x7, mepc, x0                      vmem_adj_Mepc+4
CSR mepc (0x341) -> 0x0000030080000DC4
x7 <- 0x0000030080000DC4

clint mtime 0x0000000000000214 (mip.MTI <- 0b1, mip.STI <- 0b0)
mem[X,0x0000000080002044] -> 0x0413
mem[X,0x0000000080002046] -> 0x0004
[1064] [M]: 0x0000000080002044 (0x00040413) addi x8, x8, 0x0                        vmem_adj_Mepc+8
x8 <- 0xFFFFFFFFFFFFFFFF

mem[X,0x0000000080002048] -> 0x006F
mem[X,0x000000008000204A] -> 0x0400
[1065] [M]: 0x0000000080002048 (0x0400006F) jal x0, 0x40                            vmem_adj_Mepc+12

clint mtime 0x0000000000000215 (mip.MTI <- 0b1, mip.STI <- 0b0)
mem[X,0x0000000080002088] -> 0x8433
mem[X,0x000000008000208A] -> 0x4083
[1066] [M]: 0x0000000080002088 (0x40838433) sub x8, x7, x8                          adj_Mepc+0
x8 <- 0x0000030080000DC5

mem[X,0x000000008000208C] -> 0x3823
mem[X,0x000000008000208E] -> 0x0083
[1067] [M]: 0x000000008000208C (0x00833823) sd x8, 0x10(x6)                         sv_Mepc+0
mem[W,0x000000008000A3A8] <- 0x0000030080000DC5

clint mtime 0x0000000000000216 (mip.MTI <- 0b1, mip.STI <- 0b0)
mem[X,0x0000000080002090] -> 0x55B7
mem[X,0x0000000080002092] -> 0x0000
[1068] [M]: 0x0000000080002090 (0x000055B7) lui x11, 0x5                            sv_Mepc+4
x11 <- 0x0000000000005000

mem[X,0x0000000080002094] -> 0x8593
mem[X,0x0000000080002096] -> 0x6675
[1069] [M]: 0x0000000080002094 (0x66758593) addi x11, x11, 0x667                    sv_Mepc+8
x11 <- 0x0000000000005667

clint mtime 0x0000000000000217 (mip.MTI <- 0b1, mip.STI <- 0b0)
mem[X,0x0000000080002098] -> 0x9593
mem[X,0x000000008000209A] -> 0x0015
[1070] [M]: 0x0000000080002098 (0x00159593) slli x11, x11, 0x1                      sv_Mepc+12
x11 <- 0x000000000000ACCE

mem[X,0x000000008000209C] -> 0x9063
mem[X,0x000000008000209E] -> 0x02B1
[1071] [M]: 0x000000008000209C (0x02B19063) bne x3, x11, 0x20                       sv_Mepc+16

clint mtime 0x0000000000000218 (mip.MTI <- 0b1, mip.STI <- 0b0)
mem[X,0x00000000800020BC] -> 0xF593
mem[X,0x00000000800020BE] -> 0xFFC3
[1072] [M]: 0x00000000800020BC (0xFFC3F593) andi x11, x7, -0x4                      adj_Mepc_rtn+0
x11 <- 0x0000030080000DC4

mem[X,0x00000000800020C0] -> 0x8593
mem[X,0x00000000800020C2] -> 0x0085
[1073] [M]: 0x00000000800020C0 (0x00858593) addi x11, x11, 0x8                      adj_Mepc_rtn+4
x11 <- 0x0000030080000DCC

clint mtime 0x0000000000000219 (mip.MTI <- 0b1, mip.STI <- 0b0)
mem[X,0x00000000800020C4] -> 0x9073
mem[X,0x00000000800020C6] -> 0x3415
[1074] [M]: 0x00000000800020C4 (0x34159073) csrrw x0, mepc, x11                     adj_Mepc_rtn+8
CSR mepc (0x341) <- 0x0000030080000DCC

mem[X,0x00000000800020C8] -> 0x23F3
mem[X,0x00000000800020CA] -> 0x3430
[1075] [M]: 0x00000000800020C8 (0x343023F3) csrrs x7, mtval, x0                     skp_adj_Mepc+0
CSR mtval (0x343) -> 0x0000030080000DC4
x7 <- 0x0000030080000DC4

clint mtime 0x000000000000021A (mip.MTI <- 0b1, mip.STI <- 0b0)
mem[X,0x00000000800020CC] -> 0x0413
mem[X,0x00000000800020CE] -> 0x0004
[1076] [M]: 0x00000000800020CC (0x00040413) addi x8, x8, 0x0                        skp_adj_Mepc+4
x8 <- 0x0000030080000DC5

mem[X,0x00000000800020D0] -> 0x006F
mem[X,0x00000000800020D2] -> 0x0840
[1077] [M]: 0x00000000800020D0 (0x0840006F) jal x0, 0x84                            skp_adj_Mepc+8

clint mtime 0x000000000000021B (mip.MTI <- 0b1, mip.STI <- 0b0)
mem[X,0x0000000080002154] -> 0x8433
mem[X,0x0000000080002156] -> 0x4083
[1078] [M]: 0x0000000080002154 (0x40838433) sub x8, x7, x8                          adj_Mtval+0
x8 <- 0xFFFFFFFFFFFFFFFF

mem[X,0x0000000080002158] -> 0x3C23
mem[X,0x000000008000215A] -> 0x0083
[1079] [M]: 0x0000000080002158 (0x00833C23) sd x8, 0x18(x6)                         sv_Mtval+0
mem[W,0x000000008000A3B0] <- 0xFFFFFFFFFFFFFFFF

clint mtime 0x000000000000021C (mip.MTI <- 0b1, mip.STI <- 0b0)
mem[X,0x000000008000215C] -> 0x3483
mem[X,0x000000008000215E] -> 0x2181
[1080] [M]: 0x000000008000215C (0x21813483) ld x9, 0x218(x2)                        skp_Mtval+0
mem[R,0x0000000080005218] -> 0x000000008000A3B8
x9 <- 0x000000008000A3B8

mem[X,0x0000000080002160] -> 0x3383
mem[X,0x0000000080002162] -> 0x1F81
[1081] [M]: 0x0000000080002160 (0x1F813383) ld x7, 0x1f8(x2)                        skp_Mtval+4
mem[R,0x00000000800051F8] -> 0x000000008000A110
x7 <- 0x000000008000A110

clint mtime 0x000000000000021D (mip.MTI <- 0b1, mip.STI <- 0b0)
mem[X,0x0000000080002164] -> 0x3303
mem[X,0x0000000080002166] -> 0x2001
[1082] [M]: 0x0000000080002164 (0x20013303) ld x6, 0x200(x2)                        skp_Mtval+8
mem[R,0x0000000080005200] -> 0x0000000000000410
x6 <- 0x0000000000000410

mem[X,0x0000000080002168] -> 0x0333
mem[X,0x000000008000216A] -> 0x0073
[1083] [M]: 0x0000000080002168 (0x00730333) add x6, x6, x7                          skp_Mtval+12
x6 <- 0x000000008000A520

clint mtime 0x000000000000021E (mip.MTI <- 0b1, mip.STI <- 0b0)
mem[X,0x000000008000216C] -> 0x6AE3
mem[X,0x000000008000216E] -> 0xAC93
[1084] [M]: 0x000000008000216C (0xAC936AE3) bltu x6, x9, -0x52c                     skp_Mtval+16

mem[X,0x0000000080002170] -> 0x0393
mem[X,0x0000000080002172] -> 0x2000
[1085] [M]: 0x0000000080002170 (0x20000393) addi x7, x0, 0x200                      skp_Mtval+20
x7 <- 0x0000000000000200

clint mtime 0x000000000000021F (mip.MTI <- 0b1, mip.STI <- 0b0)
mem[X,0x0000000080002174] -> 0x006F
mem[X,0x0000000080002176] -> 0x0400
[1086] [M]: 0x0000000080002174 (0x0400006F) jal x0, 0x40                            skp_Mtval+24

mem[X,0x00000000800021B4] -> 0x0417
mem[X,0x00000000800021B6] -> 0x0000
[1087] [M]: 0x00000000800021B4 (0x00000417) auipc x8, 0x0                           spcl_Mhandler+0
x8 <- 0x00000000800021B4

clint mtime 0x0000000000000220 (mip.MTI <- 0b1, mip.STI <- 0b0)
mem[X,0x00000000800021B8] -> 0x0413
mem[X,0x00000000800021BA] -> 0x03C4
[1088] [M]: 0x00000000800021B8 (0x03C40413) addi x8, x8, 0x3c                       spcl_Mhandler+4
x8 <- 0x00000000800021F0

mem[X,0x00000000800021BC] -> 0x0433
mem[X,0x00000000800021BE] -> 0x0074
[1089] [M]: 0x00000000800021BC (0x00740433) add x8, x8, x7                          spcl_Mhandler+8
x8 <- 0x00000000800023F0

clint mtime 0x0000000000000221 (mip.MTI <- 0b1, mip.STI <- 0b0)
mem[X,0x00000000800021C0] -> 0x1393
mem[X,0x00000000800021C2] -> 0x0035
[1090] [M]: 0x00000000800021C0 (0x00351393) slli x7, x10, 0x3                       spcl_Mhandler+12
x7 <- 0x0000000000000060

mem[X,0x00000000800021C4] -> 0x0433
mem[X,0x00000000800021C6] -> 0x0074
[1091] [M]: 0x00000000800021C4 (0x00740433) add x8, x8, x7                          spcl_Mhandler+16
x8 <- 0x0000000080002450

clint mtime 0x0000000000000222 (mip.MTI <- 0b1, mip.STI <- 0b0)
mem[X,0x00000000800021C8] -> 0x7413
mem[X,0x00000000800021CA] -> 0xFF84
[1092] [M]: 0x00000000800021C8 (0xFF847413) andi x8, x8, -0x8                       spcl_Mhandler+20
x8 <- 0x0000000080002450

mem[X,0x00000000800021CC] -> 0x3403
mem[X,0x00000000800021CE] -> 0x0004
[1093] [M]: 0x00000000800021CC (0x00043403) ld x8, 0x0(x8)                          spcl_Mhandler+24
mem[R,0x0000000080002450] -> 0x0000000000000019
x8 <- 0x0000000000000019

clint mtime 0x0000000000000223 (mip.MTI <- 0b1, mip.STI <- 0b0)
mem[X,0x00000000800021D0] -> 0x02E3
mem[X,0x00000000800021D2] -> 0xB004
[1094] [M]: 0x00000000800021D0 (0xB00402E3) beq x8, x0, -0x4fc                      spcl_Mdispatch_hndling+0

mem[X,0x00000000800021D4] -> 0x1393
mem[X,0x00000000800021D6] -> 0x03F4
[1095] [M]: 0x00000000800021D4 (0x03F41393) slli x7, x8, 0x3f                       spcl_Mdispatch_hndling+4
x7 <- 0x8000000000000000

clint mtime 0x0000000000000224 (mip.MTI <- 0b1, mip.STI <- 0b0)
mem[X,0x00000000800021D8] -> 0xD863
mem[X,0x00000000800021DA] -> 0x0003
[1096] [M]: 0x00000000800021D8 (0x0003D863) bge x7, x0, 0x10                        spcl_Mdispatch_hndling+8

mem[X,0x00000000800021DC] -> 0x5413
mem[X,0x00000000800021DE] -> 0x0014
[1097] [M]: 0x00000000800021DC (0x00145413) srli x8, x8, 0x1                        spcl_Mdispatch_hndling+12
x8 <- 0x000000000000000C

clint mtime 0x0000000000000225 (mip.MTI <- 0b1, mip.STI <- 0b0)
mem[X,0x00000000800021E0] -> 0x0CE3
mem[X,0x00000000800021E2] -> 0xF885
[1098] [M]: 0x00000000800021E0 (0xF8850CE3) beq x10, x8, -0x68                      spcl_Mdispatch_hndling+16

mem[X,0x0000000080002178] -> 0x3303
mem[X,0x000000008000217A] -> 0x2601
[1099] [M]: 0x0000000080002178 (0x26013303) ld x6, 0x260(x2)                        resto_Mrtn+0
mem[R,0x0000000080005260] -> 0x000002FFFFFFFFF8
x6 <- 0x000002FFFFFFFFF8

clint mtime 0x0000000000000226 (mip.MTI <- 0b1, mip.STI <- 0b0)
mem[X,0x000000008000217C] -> 0x3383
mem[X,0x000000008000217E] -> 0x2681
[1100] [M]: 0x000000008000217C (0x26813383) ld x7, 0x268(x2)                        resto_Mrtn+4
mem[R,0x0000000080005268] -> 0x0000000080005000
x7 <- 0x0000000080005000

mem[X,0x0000000080002180] -> 0x3403
mem[X,0x0000000080002182] -> 0x2701
[1101] [M]: 0x0000000080002180 (0x27013403) ld x8, 0x270(x2)                        resto_Mrtn+8
mem[R,0x0000000080005270] -> 0x0000000000007F76
x8 <- 0x0000000000007F76

clint mtime 0x0000000000000227 (mip.MTI <- 0b1, mip.STI <- 0b0)
mem[X,0x0000000080002184] -> 0x3483
mem[X,0x0000000080002186] -> 0x2781
[1102] [M]: 0x0000000080002184 (0x27813483) ld x9, 0x278(x2)                        resto_Mrtn+12
mem[R,0x0000000080005278] -> 0x0000000000000000
x9 <- 0x0000000000000000

mem[X,0x0000000080002188] -> 0x3503
mem[X,0x000000008000218A] -> 0x2801
[1103] [M]: 0x0000000080002188 (0x28013503) ld x10, 0x280(x2)                       resto_Mrtn+16
mem[R,0x0000000080005280] -> 0x00000000000000CF
x10 <- 0x00000000000000CF

clint mtime 0x0000000000000228 (mip.MTI <- 0b1, mip.STI <- 0b0)
mem[X,0x000000008000218C] -> 0x3583
mem[X,0x000000008000218E] -> 0x2881
[1104] [M]: 0x000000008000218C (0x28813583) ld x11, 0x288(x2)                       resto_Mrtn+20
mem[R,0x0000000080005288] -> 0x00000000000000CF
x11 <- 0x00000000000000CF

mem[X,0x0000000080002190] -> 0x3103
mem[X,0x0000000080002192] -> 0x2901
[1105] [M]: 0x0000000080002190 (0x29013103) ld x2, 0x290(x2)                        resto_Mrtn+24
mem[R,0x0000000080005290] -> 0x0000000080005000
x2 <- 0x0000000080005000

clint mtime 0x0000000000000229 (mip.MTI <- 0b1, mip.STI <- 0b0)
mem[X,0x0000000080002194] -> 0x0073
mem[X,0x0000000080002196] -> 0x3020
[1106] [M]: 0x0000000080002194 (0x30200073) mret                                    resto_Mrtn+28
CSR mstatus (0x300) <- 0x0000000A00000080
ret-ing from M to S

PTW: Start, vpn=0x30080000, access_type=X, privilege=Smem[R,0x0000000080009030] -> 0xCB00000000000000
PTW: Step, level=3, pte=0xCB00000000000000, pte_addr=0x80009030
PTW: failed, error=invalid-pte, level=3, pte_addr=0x80009030
trapping from S to M to handle fetch-page-fault
handling exc#fetch-page-fault at priv M with tval 0x0000030080000DCC
CSR mstatus (0x300) <- 0x0000000A00000800
CSR mcause (0x342) <- 0x000000000000000C
CSR mtval (0x343) <- 0x0000030080000DCC
CSR mepc (0x341) <- 0x0000030080000DCC

clint mtime 0x000000000000022A (mip.MTI <- 0b1, mip.STI <- 0b0)
mem[X,0x0000000080001D40] -> 0x006F
mem[X,0x0000000080001D42] -> 0x1000
[1108] [M]: 0x0000000080001D40 (0x1000006F) jal x0, 0x100                           Mtrampoline+0

mem[X,0x0000000080001E40] -> 0x1173
mem[X,0x0000000080001E42] -> 0x3401
[1109] [M]: 0x0000000080001E40 (0x34011173) csrrw x2, mscratch, x2                  trap_Mhandler+0
CSR mscratch (0x340) <- 0x0000000080005000
x2 <- 0x0000000080005000

clint mtime 0x000000000000022B (mip.MTI <- 0b1, mip.STI <- 0b0)
mem[X,0x0000000080001E44] -> 0x3423
mem[X,0x0000000080001E46] -> 0x28B1
[1110] [M]: 0x0000000080001E44 (0x28B13423) sd x11, 0x288(x2)                       trap_Mhandler+4
mem[W,0x0000000080005288] <- 0x00000000000000CF

mem[X,0x0000000080001E48] -> 0x05EF
mem[X,0x0000000080001E4A] -> 0x0B80
[1111] [M]: 0x0000000080001E48 (0x0B8005EF) jal x11, 0xb8                           trap_Mhandler+8
x11 <- 0x0000000080001E4C

clint mtime 0x000000000000022C (mip.MTI <- 0b1, mip.STI <- 0b0)
mem[X,0x0000000080001F00] -> 0x3023
mem[X,0x0000000080001F02] -> 0x28A1
[1112] [M]: 0x0000000080001F00 (0x28A13023) sd x10, 0x280(x2)                       common_Mhandler+0
mem[W,0x0000000080005280] <- 0x00000000000000CF

mem[X,0x0000000080001F04] -> 0x1573
mem[X,0x0000000080001F06] -> 0x3401
[1113] [M]: 0x0000000080001F04 (0x34011573) csrrw x10, mscratch, x2                 common_Mhandler+4
CSR mscratch (0x340) <- 0x0000000080005000
x10 <- 0x0000000080005000

clint mtime 0x000000000000022D (mip.MTI <- 0b1, mip.STI <- 0b0)
mem[X,0x0000000080001F08] -> 0x3823
mem[X,0x0000000080001F0A] -> 0x28A1
[1114] [M]: 0x0000000080001F08 (0x28A13823) sd x10, 0x290(x2)                       common_Mhandler+8
mem[W,0x0000000080005290] <- 0x0000000080005000

mem[X,0x0000000080001F0C] -> 0x3503
mem[X,0x0000000080001F0E] -> 0x2301
[1115] [M]: 0x0000000080001F0C (0x23013503) ld x10, 0x230(x2)                       common_Mhandler+12
mem[R,0x0000000080005230] -> 0x0000000080001F14
x10 <- 0x0000000080001F14

clint mtime 0x000000000000022E (mip.MTI <- 0b1, mip.STI <- 0b0)
mem[X,0x0000000080001F10] -> 0x0067
mem[X,0x0000000080001F12] -> 0x0005
[1116] [M]: 0x0000000080001F10 (0x00050067) jalr x0, 0x0(x10)                       common_Mhandler+16

mem[X,0x0000000080001F14] -> 0x3C23
mem[X,0x0000000080001F16] -> 0x2691
[1117] [M]: 0x0000000080001F14 (0x26913C23) sd x9, 0x278(x2)                        common_Mentry+0
mem[W,0x0000000080005278] <- 0x0000000000000000

clint mtime 0x000000000000022F (mip.MTI <- 0b1, mip.STI <- 0b0)
mem[X,0x0000000080001F18] -> 0x3823
mem[X,0x0000000080001F1A] -> 0x2681
[1118] [M]: 0x0000000080001F18 (0x26813823) sd x8, 0x270(x2)                        common_Mentry+4
mem[W,0x0000000080005270] <- 0x0000000000007F76

mem[X,0x0000000080001F1C] -> 0x3423
mem[X,0x0000000080001F1E] -> 0x2671
[1119] [M]: 0x0000000080001F1C (0x26713423) sd x7, 0x268(x2)                        common_Mentry+8
mem[W,0x0000000080005268] <- 0x0000000080005000

clint mtime 0x0000000000000230 (mip.MTI <- 0b1, mip.STI <- 0b0)
mem[X,0x0000000080001F20] -> 0x3023
mem[X,0x0000000080001F22] -> 0x2661
[1120] [M]: 0x0000000080001F20 (0x26613023) sd x6, 0x260(x2)                        common_Mentry+12
mem[W,0x0000000080005260] <- 0x000002FFFFFFFFF8

mem[X,0x0000000080001F24] -> 0x2573
mem[X,0x0000000080001F26] -> 0x3420
[1121] [M]: 0x0000000080001F24 (0x34202573) csrrs x10, mcause, x0                   spcl_M2mmode_test+0
CSR mcause (0x342) -> 0x000000000000000C
x10 <- 0x000000000000000C

clint mtime 0x0000000000000231 (mip.MTI <- 0b1, mip.STI <- 0b0)
mem[X,0x0000000080001F28] -> 0x04B7
mem[X,0x0000000080001F2A] -> 0x8000
[1122] [M]: 0x0000000080001F28 (0x800004B7) lui x9, -0x80000                        spcl_M2mmode_test+4
x9 <- 0xFFFFFFFF80000000

mem[X,0x0000000080001F2C] -> 0x8493
mem[X,0x0000000080001F2E] -> 0x0004
[1123] [M]: 0x0000000080001F2C (0x00048493) addi x9, x9, 0x0                        spcl_M2mmode_test+8
x9 <- 0xFFFFFFFF80000000

clint mtime 0x0000000000000232 (mip.MTI <- 0b1, mip.STI <- 0b0)
mem[X,0x0000000080001F30] -> 0x9493
mem[X,0x0000000080001F32] -> 0x00B4
[1124] [M]: 0x0000000080001F30 (0x00B49493) slli x9, x9, 0xb                        spcl_M2mmode_test+12
x9 <- 0xFFFFFC0000000000

mem[X,0x0000000080001F34] -> 0x8493
mem[X,0x0000000080001F36] -> 0x0004
[1125] [M]: 0x0000000080001F34 (0x00048493) addi x9, x9, 0x0                        spcl_M2mmode_test+16
x9 <- 0xFFFFFC0000000000

clint mtime 0x0000000000000233 (mip.MTI <- 0b1, mip.STI <- 0b0)
mem[X,0x0000000080001F38] -> 0x9493
mem[X,0x0000000080001F3A] -> 0x00B4
[1126] [M]: 0x0000000080001F38 (0x00B49493) slli x9, x9, 0xb                        spcl_M2mmode_test+20
x9 <- 0xFFE0000000000000

mem[X,0x0000000080001F3C] -> 0x8493
mem[X,0x0000000080001F3E] -> 0x0034
[1127] [M]: 0x0000000080001F3C (0x00348493) addi x9, x9, 0x3                        spcl_M2mmode_test+24
x9 <- 0xFFE0000000000003

clint mtime 0x0000000000000234 (mip.MTI <- 0b1, mip.STI <- 0b0)
mem[X,0x0000000080001F40] -> 0x9493
mem[X,0x0000000080001F42] -> 0x00A4
[1128] [M]: 0x0000000080001F40 (0x00A49493) slli x9, x9, 0xa                        spcl_M2mmode_test+28
x9 <- 0x8000000000000C00

mem[X,0x0000000080001F44] -> 0x8493
mem[X,0x0000000080001F46] -> 0x3FC4
[1129] [M]: 0x0000000080001F44 (0x3FC48493) addi x9, x9, 0x3fc                      spcl_M2mmode_test+32
x9 <- 0x8000000000000FFC

clint mtime 0x0000000000000235 (mip.MTI <- 0b1, mip.STI <- 0b0)
mem[X,0x0000000080001F48] -> 0xF4B3
mem[X,0x0000000080001F4A] -> 0x00A4
[1130] [M]: 0x0000000080001F48 (0x00A4F4B3) and x9, x9, x10                         spcl_M2mmode_test+36
x9 <- 0x000000000000000C

mem[X,0x0000000080001F4C] -> 0x8493
mem[X,0x0000000080001F4E] -> 0xFF84
[1131] [M]: 0x0000000080001F4C (0xFF848493) addi x9, x9, -0x8                       spcl_M2mmode_test+40
x9 <- 0x0000000000000004

clint mtime 0x0000000000000236 (mip.MTI <- 0b1, mip.STI <- 0b0)
mem[X,0x0000000080001F50] -> 0x9663
mem[X,0x0000000080001F52] -> 0x0004
[1132] [M]: 0x0000000080001F50 (0x00049663) bne x9, x0, 0xc                         spcl_M2mmode_test+44

mem[X,0x0000000080001F5C] -> 0x0393
mem[X,0x0000000080001F5E] -> 0x0200
[1133] [M]: 0x0000000080001F5C (0x02000393) addi x7, x0, 0x20                       Mtrapsig_ptr_upd+0
x7 <- 0x0000000000000020

clint mtime 0x0000000000000237 (mip.MTI <- 0b1, mip.STI <- 0b0)
mem[X,0x0000000080001F60] -> 0x5263
mem[X,0x0000000080001F62] -> 0x0405
[1134] [M]: 0x0000000080001F60 (0x04055263) bge x10, x0, 0x44                       Mtrapsig_ptr_upd+4

mem[X,0x0000000080001FA4] -> 0x2373
mem[X,0x0000000080001FA6] -> 0x3010
[1135] [M]: 0x0000000080001FA4 (0x30102373) csrrs x6, misa, x0                      Mxcpt_sig_sv+0
CSR misa (0x301) -> 0x800000000034112F
x6 <- 0x800000000034112F

clint mtime 0x0000000000000238 (mip.MTI <- 0b1, mip.STI <- 0b0)
mem[X,0x0000000080001FA8] -> 0x1313
mem[X,0x0000000080001FAA] -> 0x0383
[1136] [M]: 0x0000000080001FA8 (0x03831313) slli x6, x6, 0x38                       Mxcpt_sig_sv+4
x6 <- 0x2F00000000000000

mem[X,0x0000000080001FAC] -> 0x5463
mem[X,0x0000000080001FAE] -> 0x0003
[1137] [M]: 0x0000000080001FAC (0x00035463) bge x6, x0, 0x8                         Mxcpt_sig_sv+8

clint mtime 0x0000000000000239 (mip.MTI <- 0b1, mip.STI <- 0b0)
mem[X,0x0000000080001FB4] -> 0x3303
mem[X,0x0000000080001FB6] -> 0x2181
[1138] [M]: 0x0000000080001FB4 (0x21813303) ld x6, 0x218(x2)                        Mtrap_sig_sv+0
mem[R,0x0000000080005218] -> 0x000000008000A3B8
x6 <- 0x000000008000A3B8

mem[X,0x0000000080001FB8] -> 0x04B3
mem[X,0x0000000080001FBA] -> 0x0073
[1139] [M]: 0x0000000080001FB8 (0x007304B3) add x9, x6, x7                          Mtrap_sig_sv+4
x9 <- 0x000000008000A3D8

clint mtime 0x000000000000023A (mip.MTI <- 0b1, mip.STI <- 0b0)
mem[X,0x0000000080001FBC] -> 0x3C23
mem[X,0x0000000080001FBE] -> 0x2091
[1140] [M]: 0x0000000080001FBC (0x20913C23) sd x9, 0x218(x2)                        Mtrap_sig_sv+8
mem[W,0x0000000080005218] <- 0x000000008000A3D8

mem[X,0x0000000080001FC0] -> 0x3403
mem[X,0x0000000080001FC2] -> 0x1F81
[1141] [M]: 0x0000000080001FC0 (0x1F813403) ld x8, 0x1f8(x2)                        Mtrap_sig_sv+12
mem[R,0x00000000800051F8] -> 0x000000008000A110
x8 <- 0x000000008000A110

clint mtime 0x000000000000023B (mip.MTI <- 0b1, mip.STI <- 0b0)
mem[X,0x0000000080001FC4] -> 0x0333
mem[X,0x0000000080001FC6] -> 0x4083
[1142] [M]: 0x0000000080001FC4 (0x40830333) sub x6, x6, x8                          Mtrap_sig_sv+16
x6 <- 0x00000000000002A8

mem[X,0x0000000080001FC8] -> 0x3403
mem[X,0x0000000080001FCA] -> 0x1F81
[1143] [M]: 0x0000000080001FC8 (0x1F813403) ld x8, 0x1f8(x2)                        Mtrap_sig_sv+20
mem[R,0x00000000800051F8] -> 0x000000008000A110
x8 <- 0x000000008000A110

clint mtime 0x000000000000023C (mip.MTI <- 0b1, mip.STI <- 0b0)
mem[X,0x0000000080001FCC] -> 0x0333
mem[X,0x0000000080001FCE] -> 0x0083
[1144] [M]: 0x0000000080001FCC (0x00830333) add x6, x6, x8                          Mtrap_sig_sv+24
x6 <- 0x000000008000A3B8

mem[X,0x0000000080001FD0] -> 0x3403
mem[X,0x0000000080001FD2] -> 0x2401
[1145] [M]: 0x0000000080001FD0 (0x24013403) ld x8, 0x240(x2)                        Mtrap_sig_sv+28
mem[R,0x0000000080005240] -> 0x0000000080001D40
x8 <- 0x0000000080001D40

clint mtime 0x000000000000023D (mip.MTI <- 0b1, mip.STI <- 0b0)
mem[X,0x0000000080001FD4] -> 0x85B3
mem[X,0x0000000080001FD6] -> 0x4085
[1146] [M]: 0x0000000080001FD4 (0x408585B3) sub x11, x11, x8                        sv_Mvect+0
x11 <- 0x000000000000010C

mem[X,0x0000000080001FD8] -> 0x9593
mem[X,0x0000000080001FDA] -> 0x0045
[1147] [M]: 0x0000000080001FD8 (0x00459593) slli x11, x11, 0x4                      sv_Mvect+4
x11 <- 0x00000000000010C0

clint mtime 0x000000000000023E (mip.MTI <- 0b1, mip.STI <- 0b0)
mem[X,0x0000000080001FDC] -> 0xE5B3
mem[X,0x0000000080001FDE] -> 0x0075
[1148] [M]: 0x0000000080001FDC (0x0075E5B3) or x11, x11, x7                         sv_Mvect+8
x11 <- 0x00000000000010E0

mem[X,0x0000000080001FE0] -> 0x8593
mem[X,0x0000000080001FE2] -> 0x0035
[1149] [M]: 0x0000000080001FE0 (0x00358593) addi x11, x11, 0x3                      sv_Mvect+12
x11 <- 0x00000000000010E3

clint mtime 0x000000000000023F (mip.MTI <- 0b1, mip.STI <- 0b0)
mem[X,0x0000000080001FE4] -> 0x3023
mem[X,0x0000000080001FE6] -> 0x00B3
[1150] [M]: 0x0000000080001FE4 (0x00B33023) sd x11, 0x0(x6)                         sv_Mvect+16
mem[W,0x000000008000A3B8] <- 0x00000000000010E3

mem[X,0x0000000080001FE8] -> 0x3423
mem[X,0x0000000080001FEA] -> 0x00A3
[1151] [M]: 0x0000000080001FE8 (0x00A33423) sd x10, 0x8(x6)                         sv_Mcause+0
mem[W,0x000000008000A3C0] <- 0x000000000000000C

clint mtime 0x0000000000000240 (mip.MTI <- 0b1, mip.STI <- 0b0)
mem[X,0x0000000080001FEC] -> 0x4663
mem[X,0x0000000080001FEE] -> 0x1A05
[1152] [M]: 0x0000000080001FEC (0x1A054663) blt x10, x0, 0x1ac                      sv_Mcause+4

mem[X,0x0000000080001FF0] -> 0x25F3
mem[X,0x0000000080001FF2] -> 0x3000
[1153] [M]: 0x0000000080001FF0 (0x300025F3) csrrs x11, mstatus, x0                  common_Mexcpt_handler+0
CSR mstatus (0x300) -> 0x0000000A00000800
x11 <- 0x0000000A00000800

clint mtime 0x0000000000000241 (mip.MTI <- 0b1, mip.STI <- 0b0)
mem[X,0x0000000080001FF4] -> 0x9413
mem[X,0x0000000080001FF6] -> 0x02E5
[1154] [M]: 0x0000000080001FF4 (0x02E59413) slli x8, x11, 0x2e                      common_Mexcpt_handler+4
x8 <- 0x0200000000000000

mem[X,0x0000000080001FF8] -> 0x5463
mem[X,0x0000000080001FFA] -> 0x0004
[1155] [M]: 0x0000000080001FF8 (0x00045463) bge x8, x0, 0x8                         common_Mexcpt_handler+8

clint mtime 0x0000000000000242 (mip.MTI <- 0b1, mip.STI <- 0b0)
mem[X,0x0000000080002000] -> 0xD493
mem[X,0x0000000080002002] -> 0x00B5
[1156] [M]: 0x0000000080002000 (0x00B5D493) srli x9, x11, 0xb                       common_Mexcpt_handler+16
x9 <- 0x0000000001400001

mem[X,0x0000000080002004] -> 0xF493
mem[X,0x0000000080002006] -> 0x0034
[1157] [M]: 0x0000000080002004 (0x0034F493) andi x9, x9, 0x3                        common_Mexcpt_handler+20
x9 <- 0x0000000000000001

clint mtime 0x0000000000000243 (mip.MTI <- 0b1, mip.STI <- 0b0)
mem[X,0x0000000080002008] -> 0x8493
mem[X,0x000000008000200A] -> 0x0014
[1158] [M]: 0x0000000080002008 (0x00148493) addi x9, x9, 0x1                        common_Mexcpt_handler+24
x9 <- 0x0000000000000002

mem[X,0x000000008000200C] -> 0xF493
mem[X,0x000000008000200E] -> 0x0044
[1159] [M]: 0x000000008000200C (0x0044F493) andi x9, x9, 0x4                        common_Mexcpt_handler+28
x9 <- 0x0000000000000000

clint mtime 0x0000000000000244 (mip.MTI <- 0b1, mip.STI <- 0b0)
mem[X,0x0000000080002010] -> 0x0593
mem[X,0x0000000080002012] -> 0x05D0
[1160] [M]: 0x0000000080002010 (0x05D00593) addi x11, x0, 0x5d                      common_Mexcpt_handler+32
x11 <- 0x000000000000005D

mem[X,0x0000000080002014] -> 0xD5B3
mem[X,0x0000000080002016] -> 0x0095
[1161] [M]: 0x0000000080002014 (0x0095D5B3) srl x11, x11, x9                        common_Mexcpt_handler+36
x11 <- 0x000000000000005D

clint mtime 0x0000000000000245 (mip.MTI <- 0b1, mip.STI <- 0b0)
mem[X,0x0000000080002018] -> 0xF593
mem[X,0x000000008000201A] -> 0x0015
[1162] [M]: 0x0000000080002018 (0x0015F593) andi x11, x11, 0x1                      common_Mexcpt_handler+40
x11 <- 0x0000000000000001

mem[X,0x000000008000201C] -> 0x8EE3
mem[X,0x000000008000201E] -> 0xF405
[1163] [M]: 0x000000008000201C (0xF4058EE3) beq x11, x0, -0xa4                      common_Mexcpt_handler+44

clint mtime 0x0000000000000246 (mip.MTI <- 0b1, mip.STI <- 0b0)
mem[X,0x0000000080002020] -> 0x0593
mem[X,0x0000000080002022] -> 0x2980
[1164] [M]: 0x0000000080002020 (0x29800593) addi x11, x0, 0x298                     common_Mexcpt_handler+48
x11 <- 0x0000000000000298

mem[X,0x0000000080002024] -> 0xF413
mem[X,0x0000000080002026] -> 0x0014
[1165] [M]: 0x0000000080002024 (0x0014F413) andi x8, x9, 0x1                        common_Mexcpt_handler+52
x8 <- 0x0000000000000000

clint mtime 0x0000000000000247 (mip.MTI <- 0b1, mip.STI <- 0b0)
mem[X,0x0000000080002028] -> 0x95B3
mem[X,0x000000008000202A] -> 0x0085
[1166] [M]: 0x0000000080002028 (0x008595B3) sll x11, x11, x8                        common_Mexcpt_handler+56
x11 <- 0x0000000000000298

mem[X,0x000000008000202C] -> 0x9413
mem[X,0x000000008000202E] -> 0x03D4
[1167] [M]: 0x000000008000202C (0x03D49413) slli x8, x9, 0x3d                       common_Mexcpt_handler+60
x8 <- 0x0000000000000000

clint mtime 0x0000000000000248 (mip.MTI <- 0b1, mip.STI <- 0b0)
mem[X,0x0000000080002030] -> 0x5413
mem[X,0x0000000080002032] -> 0x43F4
[1168] [M]: 0x0000000080002030 (0x43F45413) srai x8, x8, 0x3f                       common_Mexcpt_handler+64
x8 <- 0x0000000000000000

mem[X,0x0000000080002034] -> 0x4413
mem[X,0x0000000080002036] -> 0xFFF4
[1169] [M]: 0x0000000080002034 (0xFFF44413) xori x8, x8, -0x1                       common_Mexcpt_handler+68
x8 <- 0xFFFFFFFFFFFFFFFF

clint mtime 0x0000000000000249 (mip.MTI <- 0b1, mip.STI <- 0b0)
mem[X,0x0000000080002038] -> 0xF4B3
mem[X,0x000000008000203A] -> 0x0085
[1170] [M]: 0x0000000080002038 (0x0085F4B3) and x9, x11, x8                         common_Mexcpt_handler+72
x9 <- 0x0000000000000298

mem[X,0x000000008000203C] -> 0x84B3
mem[X,0x000000008000203E] -> 0x0024
[1171] [M]: 0x000000008000203C (0x002484B3) add x9, x9, x2                          vmem_adj_Mepc+0
x9 <- 0x0000000080005298

clint mtime 0x000000000000024A (mip.MTI <- 0b1, mip.STI <- 0b0)
mem[X,0x0000000080002040] -> 0x23F3
mem[X,0x0000000080002042] -> 0x3410
[1172] [M]: 0x0000000080002040 (0x341023F3) csrrs x7, mepc, x0                      vmem_adj_Mepc+4
CSR mepc (0x341) -> 0x0000030080000DCC
x7 <- 0x0000030080000DCC

mem[X,0x0000000080002044] -> 0x0413
mem[X,0x0000000080002046] -> 0x0004
[1173] [M]: 0x0000000080002044 (0x00040413) addi x8, x8, 0x0                        vmem_adj_Mepc+8
x8 <- 0xFFFFFFFFFFFFFFFF

clint mtime 0x000000000000024B (mip.MTI <- 0b1, mip.STI <- 0b0)
mem[X,0x0000000080002048] -> 0x006F
mem[X,0x000000008000204A] -> 0x0400
[1174] [M]: 0x0000000080002048 (0x0400006F) jal x0, 0x40                            vmem_adj_Mepc+12

mem[X,0x0000000080002088] -> 0x8433
mem[X,0x000000008000208A] -> 0x4083
[1175] [M]: 0x0000000080002088 (0x40838433) sub x8, x7, x8                          adj_Mepc+0
x8 <- 0x0000030080000DCD

clint mtime 0x000000000000024C (mip.MTI <- 0b1, mip.STI <- 0b0)
mem[X,0x000000008000208C] -> 0x3823
mem[X,0x000000008000208E] -> 0x0083
[1176] [M]: 0x000000008000208C (0x00833823) sd x8, 0x10(x6)                         sv_Mepc+0
mem[W,0x000000008000A3C8] <- 0x0000030080000DCD

mem[X,0x0000000080002090] -> 0x55B7
mem[X,0x0000000080002092] -> 0x0000
[1177] [M]: 0x0000000080002090 (0x000055B7) lui x11, 0x5                            sv_Mepc+4
x11 <- 0x0000000000005000

clint mtime 0x000000000000024D (mip.MTI <- 0b1, mip.STI <- 0b0)
mem[X,0x0000000080002094] -> 0x8593
mem[X,0x0000000080002096] -> 0x6675
[1178] [M]: 0x0000000080002094 (0x66758593) addi x11, x11, 0x667                    sv_Mepc+8
x11 <- 0x0000000000005667

mem[X,0x0000000080002098] -> 0x9593
mem[X,0x000000008000209A] -> 0x0015
[1179] [M]: 0x0000000080002098 (0x00159593) slli x11, x11, 0x1                      sv_Mepc+12
x11 <- 0x000000000000ACCE

clint mtime 0x000000000000024E (mip.MTI <- 0b1, mip.STI <- 0b0)
mem[X,0x000000008000209C] -> 0x9063
mem[X,0x000000008000209E] -> 0x02B1
[1180] [M]: 0x000000008000209C (0x02B19063) bne x3, x11, 0x20                       sv_Mepc+16

mem[X,0x00000000800020BC] -> 0xF593
mem[X,0x00000000800020BE] -> 0xFFC3
[1181] [M]: 0x00000000800020BC (0xFFC3F593) andi x11, x7, -0x4                      adj_Mepc_rtn+0
x11 <- 0x0000030080000DCC

clint mtime 0x000000000000024F (mip.MTI <- 0b1, mip.STI <- 0b0)
mem[X,0x00000000800020C0] -> 0x8593
mem[X,0x00000000800020C2] -> 0x0085
[1182] [M]: 0x00000000800020C0 (0x00858593) addi x11, x11, 0x8                      adj_Mepc_rtn+4
x11 <- 0x0000030080000DD4

mem[X,0x00000000800020C4] -> 0x9073
mem[X,0x00000000800020C6] -> 0x3415
[1183] [M]: 0x00000000800020C4 (0x34159073) csrrw x0, mepc, x11                     adj_Mepc_rtn+8
CSR mepc (0x341) <- 0x0000030080000DD4

clint mtime 0x0000000000000250 (mip.MTI <- 0b1, mip.STI <- 0b0)
mem[X,0x00000000800020C8] -> 0x23F3
mem[X,0x00000000800020CA] -> 0x3430
[1184] [M]: 0x00000000800020C8 (0x343023F3) csrrs x7, mtval, x0                     skp_adj_Mepc+0
CSR mtval (0x343) -> 0x0000030080000DCC
x7 <- 0x0000030080000DCC

mem[X,0x00000000800020CC] -> 0x0413
mem[X,0x00000000800020CE] -> 0x0004
[1185] [M]: 0x00000000800020CC (0x00040413) addi x8, x8, 0x0                        skp_adj_Mepc+4
x8 <- 0x0000030080000DCD

clint mtime 0x0000000000000251 (mip.MTI <- 0b1, mip.STI <- 0b0)
mem[X,0x00000000800020D0] -> 0x006F
mem[X,0x00000000800020D2] -> 0x0840
[1186] [M]: 0x00000000800020D0 (0x0840006F) jal x0, 0x84                            skp_adj_Mepc+8

mem[X,0x0000000080002154] -> 0x8433
mem[X,0x0000000080002156] -> 0x4083
[1187] [M]: 0x0000000080002154 (0x40838433) sub x8, x7, x8                          adj_Mtval+0
x8 <- 0xFFFFFFFFFFFFFFFF

clint mtime 0x0000000000000252 (mip.MTI <- 0b1, mip.STI <- 0b0)
mem[X,0x0000000080002158] -> 0x3C23
mem[X,0x000000008000215A] -> 0x0083
[1188] [M]: 0x0000000080002158 (0x00833C23) sd x8, 0x18(x6)                         sv_Mtval+0
mem[W,0x000000008000A3D0] <- 0xFFFFFFFFFFFFFFFF

mem[X,0x000000008000215C] -> 0x3483
mem[X,0x000000008000215E] -> 0x2181
[1189] [M]: 0x000000008000215C (0x21813483) ld x9, 0x218(x2)                        skp_Mtval+0
mem[R,0x0000000080005218] -> 0x000000008000A3D8
x9 <- 0x000000008000A3D8

clint mtime 0x0000000000000253 (mip.MTI <- 0b1, mip.STI <- 0b0)
mem[X,0x0000000080002160] -> 0x3383
mem[X,0x0000000080002162] -> 0x1F81
[1190] [M]: 0x0000000080002160 (0x1F813383) ld x7, 0x1f8(x2)                        skp_Mtval+4
mem[R,0x00000000800051F8] -> 0x000000008000A110
x7 <- 0x000000008000A110

mem[X,0x0000000080002164] -> 0x3303
mem[X,0x0000000080002166] -> 0x2001
[1191] [M]: 0x0000000080002164 (0x20013303) ld x6, 0x200(x2)                        skp_Mtval+8
mem[R,0x0000000080005200] -> 0x0000000000000410
x6 <- 0x0000000000000410

clint mtime 0x0000000000000254 (mip.MTI <- 0b1, mip.STI <- 0b0)
mem[X,0x0000000080002168] -> 0x0333
mem[X,0x000000008000216A] -> 0x0073
[1192] [M]: 0x0000000080002168 (0x00730333) add x6, x6, x7                          skp_Mtval+12
x6 <- 0x000000008000A520

mem[X,0x000000008000216C] -> 0x6AE3
mem[X,0x000000008000216E] -> 0xAC93
[1193] [M]: 0x000000008000216C (0xAC936AE3) bltu x6, x9, -0x52c                     skp_Mtval+16

clint mtime 0x0000000000000255 (mip.MTI <- 0b1, mip.STI <- 0b0)
mem[X,0x0000000080002170] -> 0x0393
mem[X,0x0000000080002172] -> 0x2000
[1194] [M]: 0x0000000080002170 (0x20000393) addi x7, x0, 0x200                      skp_Mtval+20
x7 <- 0x0000000000000200

mem[X,0x0000000080002174] -> 0x006F
mem[X,0x0000000080002176] -> 0x0400
[1195] [M]: 0x0000000080002174 (0x0400006F) jal x0, 0x40                            skp_Mtval+24

clint mtime 0x0000000000000256 (mip.MTI <- 0b1, mip.STI <- 0b0)
mem[X,0x00000000800021B4] -> 0x0417
mem[X,0x00000000800021B6] -> 0x0000
[1196] [M]: 0x00000000800021B4 (0x00000417) auipc x8, 0x0                           spcl_Mhandler+0
x8 <- 0x00000000800021B4

mem[X,0x00000000800021B8] -> 0x0413
mem[X,0x00000000800021BA] -> 0x03C4
[1197] [M]: 0x00000000800021B8 (0x03C40413) addi x8, x8, 0x3c                       spcl_Mhandler+4
x8 <- 0x00000000800021F0

clint mtime 0x0000000000000257 (mip.MTI <- 0b1, mip.STI <- 0b0)
mem[X,0x00000000800021BC] -> 0x0433
mem[X,0x00000000800021BE] -> 0x0074
[1198] [M]: 0x00000000800021BC (0x00740433) add x8, x8, x7                          spcl_Mhandler+8
x8 <- 0x00000000800023F0

mem[X,0x00000000800021C0] -> 0x1393
mem[X,0x00000000800021C2] -> 0x0035
[1199] [M]: 0x00000000800021C0 (0x00351393) slli x7, x10, 0x3                       spcl_Mhandler+12
x7 <- 0x0000000000000060

clint mtime 0x0000000000000258 (mip.MTI <- 0b1, mip.STI <- 0b0)
mem[X,0x00000000800021C4] -> 0x0433
mem[X,0x00000000800021C6] -> 0x0074
[1200] [M]: 0x00000000800021C4 (0x00740433) add x8, x8, x7                          spcl_Mhandler+16
x8 <- 0x0000000080002450

mem[X,0x00000000800021C8] -> 0x7413
mem[X,0x00000000800021CA] -> 0xFF84
[1201] [M]: 0x00000000800021C8 (0xFF847413) andi x8, x8, -0x8                       spcl_Mhandler+20
x8 <- 0x0000000080002450

clint mtime 0x0000000000000259 (mip.MTI <- 0b1, mip.STI <- 0b0)
mem[X,0x00000000800021CC] -> 0x3403
mem[X,0x00000000800021CE] -> 0x0004
[1202] [M]: 0x00000000800021CC (0x00043403) ld x8, 0x0(x8)                          spcl_Mhandler+24
mem[R,0x0000000080002450] -> 0x0000000000000019
x8 <- 0x0000000000000019

mem[X,0x00000000800021D0] -> 0x02E3
mem[X,0x00000000800021D2] -> 0xB004
[1203] [M]: 0x00000000800021D0 (0xB00402E3) beq x8, x0, -0x4fc                      spcl_Mdispatch_hndling+0

clint mtime 0x000000000000025A (mip.MTI <- 0b1, mip.STI <- 0b0)
mem[X,0x00000000800021D4] -> 0x1393
mem[X,0x00000000800021D6] -> 0x03F4
[1204] [M]: 0x00000000800021D4 (0x03F41393) slli x7, x8, 0x3f                       spcl_Mdispatch_hndling+4
x7 <- 0x8000000000000000

mem[X,0x00000000800021D8] -> 0xD863
mem[X,0x00000000800021DA] -> 0x0003
[1205] [M]: 0x00000000800021D8 (0x0003D863) bge x7, x0, 0x10                        spcl_Mdispatch_hndling+8

clint mtime 0x000000000000025B (mip.MTI <- 0b1, mip.STI <- 0b0)
mem[X,0x00000000800021DC] -> 0x5413
mem[X,0x00000000800021DE] -> 0x0014
[1206] [M]: 0x00000000800021DC (0x00145413) srli x8, x8, 0x1                        spcl_Mdispatch_hndling+12
x8 <- 0x000000000000000C

mem[X,0x00000000800021E0] -> 0x0CE3
mem[X,0x00000000800021E2] -> 0xF885
[1207] [M]: 0x00000000800021E0 (0xF8850CE3) beq x10, x8, -0x68                      spcl_Mdispatch_hndling+16

clint mtime 0x000000000000025C (mip.MTI <- 0b1, mip.STI <- 0b0)
mem[X,0x0000000080002178] -> 0x3303
mem[X,0x000000008000217A] -> 0x2601
[1208] [M]: 0x0000000080002178 (0x26013303) ld x6, 0x260(x2)                        resto_Mrtn+0
mem[R,0x0000000080005260] -> 0x000002FFFFFFFFF8
x6 <- 0x000002FFFFFFFFF8

mem[X,0x000000008000217C] -> 0x3383
mem[X,0x000000008000217E] -> 0x2681
[1209] [M]: 0x000000008000217C (0x26813383) ld x7, 0x268(x2)                        resto_Mrtn+4
mem[R,0x0000000080005268] -> 0x0000000080005000
x7 <- 0x0000000080005000

clint mtime 0x000000000000025D (mip.MTI <- 0b1, mip.STI <- 0b0)
mem[X,0x0000000080002180] -> 0x3403
mem[X,0x0000000080002182] -> 0x2701
[1210] [M]: 0x0000000080002180 (0x27013403) ld x8, 0x270(x2)                        resto_Mrtn+8
mem[R,0x0000000080005270] -> 0x0000000000007F76
x8 <- 0x0000000000007F76

mem[X,0x0000000080002184] -> 0x3483
mem[X,0x0000000080002186] -> 0x2781
[1211] [M]: 0x0000000080002184 (0x27813483) ld x9, 0x278(x2)                        resto_Mrtn+12
mem[R,0x0000000080005278] -> 0x0000000000000000
x9 <- 0x0000000000000000

clint mtime 0x000000000000025E (mip.MTI <- 0b1, mip.STI <- 0b0)
mem[X,0x0000000080002188] -> 0x3503
mem[X,0x000000008000218A] -> 0x2801
[1212] [M]: 0x0000000080002188 (0x28013503) ld x10, 0x280(x2)                       resto_Mrtn+16
mem[R,0x0000000080005280] -> 0x00000000000000CF
x10 <- 0x00000000000000CF

mem[X,0x000000008000218C] -> 0x3583
mem[X,0x000000008000218E] -> 0x2881
[1213] [M]: 0x000000008000218C (0x28813583) ld x11, 0x288(x2)                       resto_Mrtn+20
mem[R,0x0000000080005288] -> 0x00000000000000CF
x11 <- 0x00000000000000CF

clint mtime 0x000000000000025F (mip.MTI <- 0b1, mip.STI <- 0b0)
mem[X,0x0000000080002190] -> 0x3103
mem[X,0x0000000080002192] -> 0x2901
[1214] [M]: 0x0000000080002190 (0x29013103) ld x2, 0x290(x2)                        resto_Mrtn+24
mem[R,0x0000000080005290] -> 0x0000000080005000
x2 <- 0x0000000080005000

mem[X,0x0000000080002194] -> 0x0073
mem[X,0x0000000080002196] -> 0x3020
[1215] [M]: 0x0000000080002194 (0x30200073) mret                                    resto_Mrtn+28
CSR mstatus (0x300) <- 0x0000000A00000080
ret-ing from M to S

clint mtime 0x0000000000000260 (mip.MTI <- 0b1, mip.STI <- 0b0)
PTW: Start, vpn=0x30080000, access_type=X, privilege=Smem[R,0x0000000080009030] -> 0xCB00000000000000
PTW: Step, level=3, pte=0xCB00000000000000, pte_addr=0x80009030
PTW: failed, error=invalid-pte, level=3, pte_addr=0x80009030
trapping from S to M to handle fetch-page-fault
handling exc#fetch-page-fault at priv M with tval 0x0000030080000DD4
CSR mstatus (0x300) <- 0x0000000A00000800
CSR mcause (0x342) <- 0x000000000000000C
CSR mtval (0x343) <- 0x0000030080000DD4
CSR mepc (0x341) <- 0x0000030080000DD4

mem[X,0x0000000080001D40] -> 0x006F
mem[X,0x0000000080001D42] -> 0x1000
[1217] [M]: 0x0000000080001D40 (0x1000006F) jal x0, 0x100                           Mtrampoline+0

clint mtime 0x0000000000000261 (mip.MTI <- 0b1, mip.STI <- 0b0)
mem[X,0x0000000080001E40] -> 0x1173
mem[X,0x0000000080001E42] -> 0x3401
[1218] [M]: 0x0000000080001E40 (0x34011173) csrrw x2, mscratch, x2                  trap_Mhandler+0
CSR mscratch (0x340) <- 0x0000000080005000
x2 <- 0x0000000080005000

mem[X,0x0000000080001E44] -> 0x3423
mem[X,0x0000000080001E46] -> 0x28B1
[1219] [M]: 0x0000000080001E44 (0x28B13423) sd x11, 0x288(x2)                       trap_Mhandler+4
mem[W,0x0000000080005288] <- 0x00000000000000CF

clint mtime 0x0000000000000262 (mip.MTI <- 0b1, mip.STI <- 0b0)
mem[X,0x0000000080001E48] -> 0x05EF
mem[X,0x0000000080001E4A] -> 0x0B80
[1220] [M]: 0x0000000080001E48 (0x0B8005EF) jal x11, 0xb8                           trap_Mhandler+8
x11 <- 0x0000000080001E4C

mem[X,0x0000000080001F00] -> 0x3023
mem[X,0x0000000080001F02] -> 0x28A1
[1221] [M]: 0x0000000080001F00 (0x28A13023) sd x10, 0x280(x2)                       common_Mhandler+0
mem[W,0x0000000080005280] <- 0x00000000000000CF

clint mtime 0x0000000000000263 (mip.MTI <- 0b1, mip.STI <- 0b0)
mem[X,0x0000000080001F04] -> 0x1573
mem[X,0x0000000080001F06] -> 0x3401
[1222] [M]: 0x0000000080001F04 (0x34011573) csrrw x10, mscratch, x2                 common_Mhandler+4
CSR mscratch (0x340) <- 0x0000000080005000
x10 <- 0x0000000080005000

mem[X,0x0000000080001F08] -> 0x3823
mem[X,0x0000000080001F0A] -> 0x28A1
[1223] [M]: 0x0000000080001F08 (0x28A13823) sd x10, 0x290(x2)                       common_Mhandler+8
mem[W,0x0000000080005290] <- 0x0000000080005000

clint mtime 0x0000000000000264 (mip.MTI <- 0b1, mip.STI <- 0b0)
mem[X,0x0000000080001F0C] -> 0x3503
mem[X,0x0000000080001F0E] -> 0x2301
[1224] [M]: 0x0000000080001F0C (0x23013503) ld x10, 0x230(x2)                       common_Mhandler+12
mem[R,0x0000000080005230] -> 0x0000000080001F14
x10 <- 0x0000000080001F14

mem[X,0x0000000080001F10] -> 0x0067
mem[X,0x0000000080001F12] -> 0x0005
[1225] [M]: 0x0000000080001F10 (0x00050067) jalr x0, 0x0(x10)                       common_Mhandler+16

clint mtime 0x0000000000000265 (mip.MTI <- 0b1, mip.STI <- 0b0)
mem[X,0x0000000080001F14] -> 0x3C23
mem[X,0x0000000080001F16] -> 0x2691
[1226] [M]: 0x0000000080001F14 (0x26913C23) sd x9, 0x278(x2)                        common_Mentry+0
mem[W,0x0000000080005278] <- 0x0000000000000000

mem[X,0x0000000080001F18] -> 0x3823
mem[X,0x0000000080001F1A] -> 0x2681
[1227] [M]: 0x0000000080001F18 (0x26813823) sd x8, 0x270(x2)                        common_Mentry+4
mem[W,0x0000000080005270] <- 0x0000000000007F76

clint mtime 0x0000000000000266 (mip.MTI <- 0b1, mip.STI <- 0b0)
mem[X,0x0000000080001F1C] -> 0x3423
mem[X,0x0000000080001F1E] -> 0x2671
[1228] [M]: 0x0000000080001F1C (0x26713423) sd x7, 0x268(x2)                        common_Mentry+8
mem[W,0x0000000080005268] <- 0x0000000080005000

mem[X,0x0000000080001F20] -> 0x3023
mem[X,0x0000000080001F22] -> 0x2661
[1229] [M]: 0x0000000080001F20 (0x26613023) sd x6, 0x260(x2)                        common_Mentry+12
mem[W,0x0000000080005260] <- 0x000002FFFFFFFFF8

clint mtime 0x0000000000000267 (mip.MTI <- 0b1, mip.STI <- 0b0)
mem[X,0x0000000080001F24] -> 0x2573
mem[X,0x0000000080001F26] -> 0x3420
[1230] [M]: 0x0000000080001F24 (0x34202573) csrrs x10, mcause, x0                   spcl_M2mmode_test+0
CSR mcause (0x342) -> 0x000000000000000C
x10 <- 0x000000000000000C

mem[X,0x0000000080001F28] -> 0x04B7
mem[X,0x0000000080001F2A] -> 0x8000
[1231] [M]: 0x0000000080001F28 (0x800004B7) lui x9, -0x80000                        spcl_M2mmode_test+4
x9 <- 0xFFFFFFFF80000000

clint mtime 0x0000000000000268 (mip.MTI <- 0b1, mip.STI <- 0b0)
mem[X,0x0000000080001F2C] -> 0x8493
mem[X,0x0000000080001F2E] -> 0x0004
[1232] [M]: 0x0000000080001F2C (0x00048493) addi x9, x9, 0x0                        spcl_M2mmode_test+8
x9 <- 0xFFFFFFFF80000000

mem[X,0x0000000080001F30] -> 0x9493
mem[X,0x0000000080001F32] -> 0x00B4
[1233] [M]: 0x0000000080001F30 (0x00B49493) slli x9, x9, 0xb                        spcl_M2mmode_test+12
x9 <- 0xFFFFFC0000000000

clint mtime 0x0000000000000269 (mip.MTI <- 0b1, mip.STI <- 0b0)
mem[X,0x0000000080001F34] -> 0x8493
mem[X,0x0000000080001F36] -> 0x0004
[1234] [M]: 0x0000000080001F34 (0x00048493) addi x9, x9, 0x0                        spcl_M2mmode_test+16
x9 <- 0xFFFFFC0000000000

mem[X,0x0000000080001F38] -> 0x9493
mem[X,0x0000000080001F3A] -> 0x00B4
[1235] [M]: 0x0000000080001F38 (0x00B49493) slli x9, x9, 0xb                        spcl_M2mmode_test+20
x9 <- 0xFFE0000000000000

clint mtime 0x000000000000026A (mip.MTI <- 0b1, mip.STI <- 0b0)
mem[X,0x0000000080001F3C] -> 0x8493
mem[X,0x0000000080001F3E] -> 0x0034
[1236] [M]: 0x0000000080001F3C (0x00348493) addi x9, x9, 0x3                        spcl_M2mmode_test+24
x9 <- 0xFFE0000000000003

mem[X,0x0000000080001F40] -> 0x9493
mem[X,0x0000000080001F42] -> 0x00A4
[1237] [M]: 0x0000000080001F40 (0x00A49493) slli x9, x9, 0xa                        spcl_M2mmode_test+28
x9 <- 0x8000000000000C00

clint mtime 0x000000000000026B (mip.MTI <- 0b1, mip.STI <- 0b0)
mem[X,0x0000000080001F44] -> 0x8493
mem[X,0x0000000080001F46] -> 0x3FC4
[1238] [M]: 0x0000000080001F44 (0x3FC48493) addi x9, x9, 0x3fc                      spcl_M2mmode_test+32
x9 <- 0x8000000000000FFC

mem[X,0x0000000080001F48] -> 0xF4B3
mem[X,0x0000000080001F4A] -> 0x00A4
[1239] [M]: 0x0000000080001F48 (0x00A4F4B3) and x9, x9, x10                         spcl_M2mmode_test+36
x9 <- 0x000000000000000C

clint mtime 0x000000000000026C (mip.MTI <- 0b1, mip.STI <- 0b0)
mem[X,0x0000000080001F4C] -> 0x8493
mem[X,0x0000000080001F4E] -> 0xFF84
[1240] [M]: 0x0000000080001F4C (0xFF848493) addi x9, x9, -0x8                       spcl_M2mmode_test+40
x9 <- 0x0000000000000004

mem[X,0x0000000080001F50] -> 0x9663
mem[X,0x0000000080001F52] -> 0x0004
[1241] [M]: 0x0000000080001F50 (0x00049663) bne x9, x0, 0xc                         spcl_M2mmode_test+44

clint mtime 0x000000000000026D (mip.MTI <- 0b1, mip.STI <- 0b0)
mem[X,0x0000000080001F5C] -> 0x0393
mem[X,0x0000000080001F5E] -> 0x0200
[1242] [M]: 0x0000000080001F5C (0x02000393) addi x7, x0, 0x20                       Mtrapsig_ptr_upd+0
x7 <- 0x0000000000000020

mem[X,0x0000000080001F60] -> 0x5263
mem[X,0x0000000080001F62] -> 0x0405
[1243] [M]: 0x0000000080001F60 (0x04055263) bge x10, x0, 0x44                       Mtrapsig_ptr_upd+4

clint mtime 0x000000000000026E (mip.MTI <- 0b1, mip.STI <- 0b0)
mem[X,0x0000000080001FA4] -> 0x2373
mem[X,0x0000000080001FA6] -> 0x3010
[1244] [M]: 0x0000000080001FA4 (0x30102373) csrrs x6, misa, x0                      Mxcpt_sig_sv+0
CSR misa (0x301) -> 0x800000000034112F
x6 <- 0x800000000034112F

mem[X,0x0000000080001FA8] -> 0x1313
mem[X,0x0000000080001FAA] -> 0x0383
[1245] [M]: 0x0000000080001FA8 (0x03831313) slli x6, x6, 0x38                       Mxcpt_sig_sv+4
x6 <- 0x2F00000000000000

clint mtime 0x000000000000026F (mip.MTI <- 0b1, mip.STI <- 0b0)
mem[X,0x0000000080001FAC] -> 0x5463
mem[X,0x0000000080001FAE] -> 0x0003
[1246] [M]: 0x0000000080001FAC (0x00035463) bge x6, x0, 0x8                         Mxcpt_sig_sv+8

mem[X,0x0000000080001FB4] -> 0x3303
mem[X,0x0000000080001FB6] -> 0x2181
[1247] [M]: 0x0000000080001FB4 (0x21813303) ld x6, 0x218(x2)                        Mtrap_sig_sv+0
mem[R,0x0000000080005218] -> 0x000000008000A3D8
x6 <- 0x000000008000A3D8

clint mtime 0x0000000000000270 (mip.MTI <- 0b1, mip.STI <- 0b0)
mem[X,0x0000000080001FB8] -> 0x04B3
mem[X,0x0000000080001FBA] -> 0x0073
[1248] [M]: 0x0000000080001FB8 (0x007304B3) add x9, x6, x7                          Mtrap_sig_sv+4
x9 <- 0x000000008000A3F8

mem[X,0x0000000080001FBC] -> 0x3C23
mem[X,0x0000000080001FBE] -> 0x2091
[1249] [M]: 0x0000000080001FBC (0x20913C23) sd x9, 0x218(x2)                        Mtrap_sig_sv+8
mem[W,0x0000000080005218] <- 0x000000008000A3F8

clint mtime 0x0000000000000271 (mip.MTI <- 0b1, mip.STI <- 0b0)
mem[X,0x0000000080001FC0] -> 0x3403
mem[X,0x0000000080001FC2] -> 0x1F81
[1250] [M]: 0x0000000080001FC0 (0x1F813403) ld x8, 0x1f8(x2)                        Mtrap_sig_sv+12
mem[R,0x00000000800051F8] -> 0x000000008000A110
x8 <- 0x000000008000A110

mem[X,0x0000000080001FC4] -> 0x0333
mem[X,0x0000000080001FC6] -> 0x4083
[1251] [M]: 0x0000000080001FC4 (0x40830333) sub x6, x6, x8                          Mtrap_sig_sv+16
x6 <- 0x00000000000002C8

clint mtime 0x0000000000000272 (mip.MTI <- 0b1, mip.STI <- 0b0)
mem[X,0x0000000080001FC8] -> 0x3403
mem[X,0x0000000080001FCA] -> 0x1F81
[1252] [M]: 0x0000000080001FC8 (0x1F813403) ld x8, 0x1f8(x2)                        Mtrap_sig_sv+20
mem[R,0x00000000800051F8] -> 0x000000008000A110
x8 <- 0x000000008000A110

mem[X,0x0000000080001FCC] -> 0x0333
mem[X,0x0000000080001FCE] -> 0x0083
[1253] [M]: 0x0000000080001FCC (0x00830333) add x6, x6, x8                          Mtrap_sig_sv+24
x6 <- 0x000000008000A3D8

clint mtime 0x0000000000000273 (mip.MTI <- 0b1, mip.STI <- 0b0)
mem[X,0x0000000080001FD0] -> 0x3403
mem[X,0x0000000080001FD2] -> 0x2401
[1254] [M]: 0x0000000080001FD0 (0x24013403) ld x8, 0x240(x2)                        Mtrap_sig_sv+28
mem[R,0x0000000080005240] -> 0x0000000080001D40
x8 <- 0x0000000080001D40

mem[X,0x0000000080001FD4] -> 0x85B3
mem[X,0x0000000080001FD6] -> 0x4085
[1255] [M]: 0x0000000080001FD4 (0x408585B3) sub x11, x11, x8                        sv_Mvect+0
x11 <- 0x000000000000010C

clint mtime 0x0000000000000274 (mip.MTI <- 0b1, mip.STI <- 0b0)
mem[X,0x0000000080001FD8] -> 0x9593
mem[X,0x0000000080001FDA] -> 0x0045
[1256] [M]: 0x0000000080001FD8 (0x00459593) slli x11, x11, 0x4                      sv_Mvect+4
x11 <- 0x00000000000010C0

mem[X,0x0000000080001FDC] -> 0xE5B3
mem[X,0x0000000080001FDE] -> 0x0075
[1257] [M]: 0x0000000080001FDC (0x0075E5B3) or x11, x11, x7                         sv_Mvect+8
x11 <- 0x00000000000010E0

clint mtime 0x0000000000000275 (mip.MTI <- 0b1, mip.STI <- 0b0)
mem[X,0x0000000080001FE0] -> 0x8593
mem[X,0x0000000080001FE2] -> 0x0035
[1258] [M]: 0x0000000080001FE0 (0x00358593) addi x11, x11, 0x3                      sv_Mvect+12
x11 <- 0x00000000000010E3

mem[X,0x0000000080001FE4] -> 0x3023
mem[X,0x0000000080001FE6] -> 0x00B3
[1259] [M]: 0x0000000080001FE4 (0x00B33023) sd x11, 0x0(x6)                         sv_Mvect+16
mem[W,0x000000008000A3D8] <- 0x00000000000010E3

clint mtime 0x0000000000000276 (mip.MTI <- 0b1, mip.STI <- 0b0)
mem[X,0x0000000080001FE8] -> 0x3423
mem[X,0x0000000080001FEA] -> 0x00A3
[1260] [M]: 0x0000000080001FE8 (0x00A33423) sd x10, 0x8(x6)                         sv_Mcause+0
mem[W,0x000000008000A3E0] <- 0x000000000000000C

mem[X,0x0000000080001FEC] -> 0x4663
mem[X,0x0000000080001FEE] -> 0x1A05
[1261] [M]: 0x0000000080001FEC (0x1A054663) blt x10, x0, 0x1ac                      sv_Mcause+4

clint mtime 0x0000000000000277 (mip.MTI <- 0b1, mip.STI <- 0b0)
mem[X,0x0000000080001FF0] -> 0x25F3
mem[X,0x0000000080001FF2] -> 0x3000
[1262] [M]: 0x0000000080001FF0 (0x300025F3) csrrs x11, mstatus, x0                  common_Mexcpt_handler+0
CSR mstatus (0x300) -> 0x0000000A00000800
x11 <- 0x0000000A00000800

mem[X,0x0000000080001FF4] -> 0x9413
mem[X,0x0000000080001FF6] -> 0x02E5
[1263] [M]: 0x0000000080001FF4 (0x02E59413) slli x8, x11, 0x2e                      common_Mexcpt_handler+4
x8 <- 0x0200000000000000

clint mtime 0x0000000000000278 (mip.MTI <- 0b1, mip.STI <- 0b0)
mem[X,0x0000000080001FF8] -> 0x5463
mem[X,0x0000000080001FFA] -> 0x0004
[1264] [M]: 0x0000000080001FF8 (0x00045463) bge x8, x0, 0x8                         common_Mexcpt_handler+8

mem[X,0x0000000080002000] -> 0xD493
mem[X,0x0000000080002002] -> 0x00B5
[1265] [M]: 0x0000000080002000 (0x00B5D493) srli x9, x11, 0xb                       common_Mexcpt_handler+16
x9 <- 0x0000000001400001

clint mtime 0x0000000000000279 (mip.MTI <- 0b1, mip.STI <- 0b0)
mem[X,0x0000000080002004] -> 0xF493
mem[X,0x0000000080002006] -> 0x0034
[1266] [M]: 0x0000000080002004 (0x0034F493) andi x9, x9, 0x3                        common_Mexcpt_handler+20
x9 <- 0x0000000000000001

mem[X,0x0000000080002008] -> 0x8493
mem[X,0x000000008000200A] -> 0x0014
[1267] [M]: 0x0000000080002008 (0x00148493) addi x9, x9, 0x1                        common_Mexcpt_handler+24
x9 <- 0x0000000000000002

clint mtime 0x000000000000027A (mip.MTI <- 0b1, mip.STI <- 0b0)
mem[X,0x000000008000200C] -> 0xF493
mem[X,0x000000008000200E] -> 0x0044
[1268] [M]: 0x000000008000200C (0x0044F493) andi x9, x9, 0x4                        common_Mexcpt_handler+28
x9 <- 0x0000000000000000

mem[X,0x0000000080002010] -> 0x0593
mem[X,0x0000000080002012] -> 0x05D0
[1269] [M]: 0x0000000080002010 (0x05D00593) addi x11, x0, 0x5d                      common_Mexcpt_handler+32
x11 <- 0x000000000000005D

clint mtime 0x000000000000027B (mip.MTI <- 0b1, mip.STI <- 0b0)
mem[X,0x0000000080002014] -> 0xD5B3
mem[X,0x0000000080002016] -> 0x0095
[1270] [M]: 0x0000000080002014 (0x0095D5B3) srl x11, x11, x9                        common_Mexcpt_handler+36
x11 <- 0x000000000000005D

mem[X,0x0000000080002018] -> 0xF593
mem[X,0x000000008000201A] -> 0x0015
[1271] [M]: 0x0000000080002018 (0x0015F593) andi x11, x11, 0x1                      common_Mexcpt_handler+40
x11 <- 0x0000000000000001

clint mtime 0x000000000000027C (mip.MTI <- 0b1, mip.STI <- 0b0)
mem[X,0x000000008000201C] -> 0x8EE3
mem[X,0x000000008000201E] -> 0xF405
[1272] [M]: 0x000000008000201C (0xF4058EE3) beq x11, x0, -0xa4                      common_Mexcpt_handler+44

mem[X,0x0000000080002020] -> 0x0593
mem[X,0x0000000080002022] -> 0x2980
[1273] [M]: 0x0000000080002020 (0x29800593) addi x11, x0, 0x298                     common_Mexcpt_handler+48
x11 <- 0x0000000000000298

clint mtime 0x000000000000027D (mip.MTI <- 0b1, mip.STI <- 0b0)
mem[X,0x0000000080002024] -> 0xF413
mem[X,0x0000000080002026] -> 0x0014
[1274] [M]: 0x0000000080002024 (0x0014F413) andi x8, x9, 0x1                        common_Mexcpt_handler+52
x8 <- 0x0000000000000000

mem[X,0x0000000080002028] -> 0x95B3
mem[X,0x000000008000202A] -> 0x0085
[1275] [M]: 0x0000000080002028 (0x008595B3) sll x11, x11, x8                        common_Mexcpt_handler+56
x11 <- 0x0000000000000298

clint mtime 0x000000000000027E (mip.MTI <- 0b1, mip.STI <- 0b0)
mem[X,0x000000008000202C] -> 0x9413
mem[X,0x000000008000202E] -> 0x03D4
[1276] [M]: 0x000000008000202C (0x03D49413) slli x8, x9, 0x3d                       common_Mexcpt_handler+60
x8 <- 0x0000000000000000

mem[X,0x0000000080002030] -> 0x5413
mem[X,0x0000000080002032] -> 0x43F4
[1277] [M]: 0x0000000080002030 (0x43F45413) srai x8, x8, 0x3f                       common_Mexcpt_handler+64
x8 <- 0x0000000000000000

clint mtime 0x000000000000027F (mip.MTI <- 0b1, mip.STI <- 0b0)
mem[X,0x0000000080002034] -> 0x4413
mem[X,0x0000000080002036] -> 0xFFF4
[1278] [M]: 0x0000000080002034 (0xFFF44413) xori x8, x8, -0x1                       common_Mexcpt_handler+68
x8 <- 0xFFFFFFFFFFFFFFFF

mem[X,0x0000000080002038] -> 0xF4B3
mem[X,0x000000008000203A] -> 0x0085
[1279] [M]: 0x0000000080002038 (0x0085F4B3) and x9, x11, x8                         common_Mexcpt_handler+72
x9 <- 0x0000000000000298

clint mtime 0x0000000000000280 (mip.MTI <- 0b1, mip.STI <- 0b0)
mem[X,0x000000008000203C] -> 0x84B3
mem[X,0x000000008000203E] -> 0x0024
[1280] [M]: 0x000000008000203C (0x002484B3) add x9, x9, x2                          vmem_adj_Mepc+0
x9 <- 0x0000000080005298

mem[X,0x0000000080002040] -> 0x23F3
mem[X,0x0000000080002042] -> 0x3410
[1281] [M]: 0x0000000080002040 (0x341023F3) csrrs x7, mepc, x0                      vmem_adj_Mepc+4
CSR mepc (0x341) -> 0x0000030080000DD4
x7 <- 0x0000030080000DD4

clint mtime 0x0000000000000281 (mip.MTI <- 0b1, mip.STI <- 0b0)
mem[X,0x0000000080002044] -> 0x0413
mem[X,0x0000000080002046] -> 0x0004
[1282] [M]: 0x0000000080002044 (0x00040413) addi x8, x8, 0x0                        vmem_adj_Mepc+8
x8 <- 0xFFFFFFFFFFFFFFFF

mem[X,0x0000000080002048] -> 0x006F
mem[X,0x000000008000204A] -> 0x0400
[1283] [M]: 0x0000000080002048 (0x0400006F) jal x0, 0x40                            vmem_adj_Mepc+12

clint mtime 0x0000000000000282 (mip.MTI <- 0b1, mip.STI <- 0b0)
mem[X,0x0000000080002088] -> 0x8433
mem[X,0x000000008000208A] -> 0x4083
[1284] [M]: 0x0000000080002088 (0x40838433) sub x8, x7, x8                          adj_Mepc+0
x8 <- 0x0000030080000DD5

mem[X,0x000000008000208C] -> 0x3823
mem[X,0x000000008000208E] -> 0x0083
[1285] [M]: 0x000000008000208C (0x00833823) sd x8, 0x10(x6)                         sv_Mepc+0
mem[W,0x000000008000A3E8] <- 0x0000030080000DD5

clint mtime 0x0000000000000283 (mip.MTI <- 0b1, mip.STI <- 0b0)
mem[X,0x0000000080002090] -> 0x55B7
mem[X,0x0000000080002092] -> 0x0000
[1286] [M]: 0x0000000080002090 (0x000055B7) lui x11, 0x5                            sv_Mepc+4
x11 <- 0x0000000000005000

mem[X,0x0000000080002094] -> 0x8593
mem[X,0x0000000080002096] -> 0x6675
[1287] [M]: 0x0000000080002094 (0x66758593) addi x11, x11, 0x667                    sv_Mepc+8
x11 <- 0x0000000000005667

clint mtime 0x0000000000000284 (mip.MTI <- 0b1, mip.STI <- 0b0)
mem[X,0x0000000080002098] -> 0x9593
mem[X,0x000000008000209A] -> 0x0015
[1288] [M]: 0x0000000080002098 (0x00159593) slli x11, x11, 0x1                      sv_Mepc+12
x11 <- 0x000000000000ACCE

mem[X,0x000000008000209C] -> 0x9063
mem[X,0x000000008000209E] -> 0x02B1
[1289] [M]: 0x000000008000209C (0x02B19063) bne x3, x11, 0x20                       sv_Mepc+16

clint mtime 0x0000000000000285 (mip.MTI <- 0b1, mip.STI <- 0b0)
mem[X,0x00000000800020BC] -> 0xF593
mem[X,0x00000000800020BE] -> 0xFFC3
[1290] [M]: 0x00000000800020BC (0xFFC3F593) andi x11, x7, -0x4                      adj_Mepc_rtn+0
x11 <- 0x0000030080000DD4

mem[X,0x00000000800020C0] -> 0x8593
mem[X,0x00000000800020C2] -> 0x0085
[1291] [M]: 0x00000000800020C0 (0x00858593) addi x11, x11, 0x8                      adj_Mepc_rtn+4
x11 <- 0x0000030080000DDC

clint mtime 0x0000000000000286 (mip.MTI <- 0b1, mip.STI <- 0b0)
mem[X,0x00000000800020C4] -> 0x9073
mem[X,0x00000000800020C6] -> 0x3415
[1292] [M]: 0x00000000800020C4 (0x34159073) csrrw x0, mepc, x11                     adj_Mepc_rtn+8
CSR mepc (0x341) <- 0x0000030080000DDC

mem[X,0x00000000800020C8] -> 0x23F3
mem[X,0x00000000800020CA] -> 0x3430
[1293] [M]: 0x00000000800020C8 (0x343023F3) csrrs x7, mtval, x0                     skp_adj_Mepc+0
CSR mtval (0x343) -> 0x0000030080000DD4
x7 <- 0x0000030080000DD4

clint mtime 0x0000000000000287 (mip.MTI <- 0b1, mip.STI <- 0b0)
mem[X,0x00000000800020CC] -> 0x0413
mem[X,0x00000000800020CE] -> 0x0004
[1294] [M]: 0x00000000800020CC (0x00040413) addi x8, x8, 0x0                        skp_adj_Mepc+4
x8 <- 0x0000030080000DD5

mem[X,0x00000000800020D0] -> 0x006F
mem[X,0x00000000800020D2] -> 0x0840
[1295] [M]: 0x00000000800020D0 (0x0840006F) jal x0, 0x84                            skp_adj_Mepc+8

clint mtime 0x0000000000000288 (mip.MTI <- 0b1, mip.STI <- 0b0)
mem[X,0x0000000080002154] -> 0x8433
mem[X,0x0000000080002156] -> 0x4083
[1296] [M]: 0x0000000080002154 (0x40838433) sub x8, x7, x8                          adj_Mtval+0
x8 <- 0xFFFFFFFFFFFFFFFF

mem[X,0x0000000080002158] -> 0x3C23
mem[X,0x000000008000215A] -> 0x0083
[1297] [M]: 0x0000000080002158 (0x00833C23) sd x8, 0x18(x6)                         sv_Mtval+0
mem[W,0x000000008000A3F0] <- 0xFFFFFFFFFFFFFFFF

clint mtime 0x0000000000000289 (mip.MTI <- 0b1, mip.STI <- 0b0)
mem[X,0x000000008000215C] -> 0x3483
mem[X,0x000000008000215E] -> 0x2181
[1298] [M]: 0x000000008000215C (0x21813483) ld x9, 0x218(x2)                        skp_Mtval+0
mem[R,0x0000000080005218] -> 0x000000008000A3F8
x9 <- 0x000000008000A3F8

mem[X,0x0000000080002160] -> 0x3383
mem[X,0x0000000080002162] -> 0x1F81
[1299] [M]: 0x0000000080002160 (0x1F813383) ld x7, 0x1f8(x2)                        skp_Mtval+4
mem[R,0x00000000800051F8] -> 0x000000008000A110
x7 <- 0x000000008000A110

clint mtime 0x000000000000028A (mip.MTI <- 0b1, mip.STI <- 0b0)
mem[X,0x0000000080002164] -> 0x3303
mem[X,0x0000000080002166] -> 0x2001
[1300] [M]: 0x0000000080002164 (0x20013303) ld x6, 0x200(x2)                        skp_Mtval+8
mem[R,0x0000000080005200] -> 0x0000000000000410
x6 <- 0x0000000000000410

mem[X,0x0000000080002168] -> 0x0333
mem[X,0x000000008000216A] -> 0x0073
[1301] [M]: 0x0000000080002168 (0x00730333) add x6, x6, x7                          skp_Mtval+12
x6 <- 0x000000008000A520

clint mtime 0x000000000000028B (mip.MTI <- 0b1, mip.STI <- 0b0)
mem[X,0x000000008000216C] -> 0x6AE3
mem[X,0x000000008000216E] -> 0xAC93
[1302] [M]: 0x000000008000216C (0xAC936AE3) bltu x6, x9, -0x52c                     skp_Mtval+16

mem[X,0x0000000080002170] -> 0x0393
mem[X,0x0000000080002172] -> 0x2000
[1303] [M]: 0x0000000080002170 (0x20000393) addi x7, x0, 0x200                      skp_Mtval+20
x7 <- 0x0000000000000200

clint mtime 0x000000000000028C (mip.MTI <- 0b1, mip.STI <- 0b0)
mem[X,0x0000000080002174] -> 0x006F
mem[X,0x0000000080002176] -> 0x0400
[1304] [M]: 0x0000000080002174 (0x0400006F) jal x0, 0x40                            skp_Mtval+24

mem[X,0x00000000800021B4] -> 0x0417
mem[X,0x00000000800021B6] -> 0x0000
[1305] [M]: 0x00000000800021B4 (0x00000417) auipc x8, 0x0                           spcl_Mhandler+0
x8 <- 0x00000000800021B4

clint mtime 0x000000000000028D (mip.MTI <- 0b1, mip.STI <- 0b0)
mem[X,0x00000000800021B8] -> 0x0413
mem[X,0x00000000800021BA] -> 0x03C4
[1306] [M]: 0x00000000800021B8 (0x03C40413) addi x8, x8, 0x3c                       spcl_Mhandler+4
x8 <- 0x00000000800021F0

mem[X,0x00000000800021BC] -> 0x0433
mem[X,0x00000000800021BE] -> 0x0074
[1307] [M]: 0x00000000800021BC (0x00740433) add x8, x8, x7                          spcl_Mhandler+8
x8 <- 0x00000000800023F0

clint mtime 0x000000000000028E (mip.MTI <- 0b1, mip.STI <- 0b0)
mem[X,0x00000000800021C0] -> 0x1393
mem[X,0x00000000800021C2] -> 0x0035
[1308] [M]: 0x00000000800021C0 (0x00351393) slli x7, x10, 0x3                       spcl_Mhandler+12
x7 <- 0x0000000000000060

mem[X,0x00000000800021C4] -> 0x0433
mem[X,0x00000000800021C6] -> 0x0074
[1309] [M]: 0x00000000800021C4 (0x00740433) add x8, x8, x7                          spcl_Mhandler+16
x8 <- 0x0000000080002450

clint mtime 0x000000000000028F (mip.MTI <- 0b1, mip.STI <- 0b0)
mem[X,0x00000000800021C8] -> 0x7413
mem[X,0x00000000800021CA] -> 0xFF84
[1310] [M]: 0x00000000800021C8 (0xFF847413) andi x8, x8, -0x8                       spcl_Mhandler+20
x8 <- 0x0000000080002450

mem[X,0x00000000800021CC] -> 0x3403
mem[X,0x00000000800021CE] -> 0x0004
[1311] [M]: 0x00000000800021CC (0x00043403) ld x8, 0x0(x8)                          spcl_Mhandler+24
mem[R,0x0000000080002450] -> 0x0000000000000019
x8 <- 0x0000000000000019

clint mtime 0x0000000000000290 (mip.MTI <- 0b1, mip.STI <- 0b0)
mem[X,0x00000000800021D0] -> 0x02E3
mem[X,0x00000000800021D2] -> 0xB004
[1312] [M]: 0x00000000800021D0 (0xB00402E3) beq x8, x0, -0x4fc                      spcl_Mdispatch_hndling+0

mem[X,0x00000000800021D4] -> 0x1393
mem[X,0x00000000800021D6] -> 0x03F4
[1313] [M]: 0x00000000800021D4 (0x03F41393) slli x7, x8, 0x3f                       spcl_Mdispatch_hndling+4
x7 <- 0x8000000000000000

clint mtime 0x0000000000000291 (mip.MTI <- 0b1, mip.STI <- 0b0)
mem[X,0x00000000800021D8] -> 0xD863
mem[X,0x00000000800021DA] -> 0x0003
[1314] [M]: 0x00000000800021D8 (0x0003D863) bge x7, x0, 0x10                        spcl_Mdispatch_hndling+8

mem[X,0x00000000800021DC] -> 0x5413
mem[X,0x00000000800021DE] -> 0x0014
[1315] [M]: 0x00000000800021DC (0x00145413) srli x8, x8, 0x1                        spcl_Mdispatch_hndling+12
x8 <- 0x000000000000000C

clint mtime 0x0000000000000292 (mip.MTI <- 0b1, mip.STI <- 0b0)
mem[X,0x00000000800021E0] -> 0x0CE3
mem[X,0x00000000800021E2] -> 0xF885
[1316] [M]: 0x00000000800021E0 (0xF8850CE3) beq x10, x8, -0x68                      spcl_Mdispatch_hndling+16

mem[X,0x0000000080002178] -> 0x3303
mem[X,0x000000008000217A] -> 0x2601
[1317] [M]: 0x0000000080002178 (0x26013303) ld x6, 0x260(x2)                        resto_Mrtn+0
mem[R,0x0000000080005260] -> 0x000002FFFFFFFFF8
x6 <- 0x000002FFFFFFFFF8

clint mtime 0x0000000000000293 (mip.MTI <- 0b1, mip.STI <- 0b0)
mem[X,0x000000008000217C] -> 0x3383
mem[X,0x000000008000217E] -> 0x2681
[1318] [M]: 0x000000008000217C (0x26813383) ld x7, 0x268(x2)                        resto_Mrtn+4
mem[R,0x0000000080005268] -> 0x0000000080005000
x7 <- 0x0000000080005000

mem[X,0x0000000080002180] -> 0x3403
mem[X,0x0000000080002182] -> 0x2701
[1319] [M]: 0x0000000080002180 (0x27013403) ld x8, 0x270(x2)                        resto_Mrtn+8
mem[R,0x0000000080005270] -> 0x0000000000007F76
x8 <- 0x0000000000007F76

clint mtime 0x0000000000000294 (mip.MTI <- 0b1, mip.STI <- 0b0)
mem[X,0x0000000080002184] -> 0x3483
mem[X,0x0000000080002186] -> 0x2781
[1320] [M]: 0x0000000080002184 (0x27813483) ld x9, 0x278(x2)                        resto_Mrtn+12
mem[R,0x0000000080005278] -> 0x0000000000000000
x9 <- 0x0000000000000000

mem[X,0x0000000080002188] -> 0x3503
mem[X,0x000000008000218A] -> 0x2801
[1321] [M]: 0x0000000080002188 (0x28013503) ld x10, 0x280(x2)                       resto_Mrtn+16
mem[R,0x0000000080005280] -> 0x00000000000000CF
x10 <- 0x00000000000000CF

clint mtime 0x0000000000000295 (mip.MTI <- 0b1, mip.STI <- 0b0)
mem[X,0x000000008000218C] -> 0x3583
mem[X,0x000000008000218E] -> 0x2881
[1322] [M]: 0x000000008000218C (0x28813583) ld x11, 0x288(x2)                       resto_Mrtn+20
mem[R,0x0000000080005288] -> 0x00000000000000CF
x11 <- 0x00000000000000CF

mem[X,0x0000000080002190] -> 0x3103
mem[X,0x0000000080002192] -> 0x2901
[1323] [M]: 0x0000000080002190 (0x29013103) ld x2, 0x290(x2)                        resto_Mrtn+24
mem[R,0x0000000080005290] -> 0x0000000080005000
x2 <- 0x0000000080005000

clint mtime 0x0000000000000296 (mip.MTI <- 0b1, mip.STI <- 0b0)
mem[X,0x0000000080002194] -> 0x0073
mem[X,0x0000000080002196] -> 0x3020
[1324] [M]: 0x0000000080002194 (0x30200073) mret                                    resto_Mrtn+28
CSR mstatus (0x300) <- 0x0000000A00000080
ret-ing from M to S

PTW: Start, vpn=0x30080000, access_type=X, privilege=Smem[R,0x0000000080009030] -> 0xCB00000000000000
PTW: Step, level=3, pte=0xCB00000000000000, pte_addr=0x80009030
PTW: failed, error=invalid-pte, level=3, pte_addr=0x80009030
trapping from S to M to handle fetch-page-fault
handling exc#fetch-page-fault at priv M with tval 0x0000030080000DDC
CSR mstatus (0x300) <- 0x0000000A00000800
CSR mcause (0x342) <- 0x000000000000000C
CSR mtval (0x343) <- 0x0000030080000DDC
CSR mepc (0x341) <- 0x0000030080000DDC

clint mtime 0x0000000000000297 (mip.MTI <- 0b1, mip.STI <- 0b0)
mem[X,0x0000000080001D40] -> 0x006F
mem[X,0x0000000080001D42] -> 0x1000
[1326] [M]: 0x0000000080001D40 (0x1000006F) jal x0, 0x100                           Mtrampoline+0

mem[X,0x0000000080001E40] -> 0x1173
mem[X,0x0000000080001E42] -> 0x3401
[1327] [M]: 0x0000000080001E40 (0x34011173) csrrw x2, mscratch, x2                  trap_Mhandler+0
CSR mscratch (0x340) <- 0x0000000080005000
x2 <- 0x0000000080005000

clint mtime 0x0000000000000298 (mip.MTI <- 0b1, mip.STI <- 0b0)
mem[X,0x0000000080001E44] -> 0x3423
mem[X,0x0000000080001E46] -> 0x28B1
[1328] [M]: 0x0000000080001E44 (0x28B13423) sd x11, 0x288(x2)                       trap_Mhandler+4
mem[W,0x0000000080005288] <- 0x00000000000000CF

mem[X,0x0000000080001E48] -> 0x05EF
mem[X,0x0000000080001E4A] -> 0x0B80
[1329] [M]: 0x0000000080001E48 (0x0B8005EF) jal x11, 0xb8                           trap_Mhandler+8
x11 <- 0x0000000080001E4C

clint mtime 0x0000000000000299 (mip.MTI <- 0b1, mip.STI <- 0b0)
mem[X,0x0000000080001F00] -> 0x3023
mem[X,0x0000000080001F02] -> 0x28A1
[1330] [M]: 0x0000000080001F00 (0x28A13023) sd x10, 0x280(x2)                       common_Mhandler+0
mem[W,0x0000000080005280] <- 0x00000000000000CF

mem[X,0x0000000080001F04] -> 0x1573
mem[X,0x0000000080001F06] -> 0x3401
[1331] [M]: 0x0000000080001F04 (0x34011573) csrrw x10, mscratch, x2                 common_Mhandler+4
CSR mscratch (0x340) <- 0x0000000080005000
x10 <- 0x0000000080005000

clint mtime 0x000000000000029A (mip.MTI <- 0b1, mip.STI <- 0b0)
mem[X,0x0000000080001F08] -> 0x3823
mem[X,0x0000000080001F0A] -> 0x28A1
[1332] [M]: 0x0000000080001F08 (0x28A13823) sd x10, 0x290(x2)                       common_Mhandler+8
mem[W,0x0000000080005290] <- 0x0000000080005000

mem[X,0x0000000080001F0C] -> 0x3503
mem[X,0x0000000080001F0E] -> 0x2301
[1333] [M]: 0x0000000080001F0C (0x23013503) ld x10, 0x230(x2)                       common_Mhandler+12
mem[R,0x0000000080005230] -> 0x0000000080001F14
x10 <- 0x0000000080001F14

clint mtime 0x000000000000029B (mip.MTI <- 0b1, mip.STI <- 0b0)
mem[X,0x0000000080001F10] -> 0x0067
mem[X,0x0000000080001F12] -> 0x0005
[1334] [M]: 0x0000000080001F10 (0x00050067) jalr x0, 0x0(x10)                       common_Mhandler+16

mem[X,0x0000000080001F14] -> 0x3C23
mem[X,0x0000000080001F16] -> 0x2691
[1335] [M]: 0x0000000080001F14 (0x26913C23) sd x9, 0x278(x2)                        common_Mentry+0
mem[W,0x0000000080005278] <- 0x0000000000000000

clint mtime 0x000000000000029C (mip.MTI <- 0b1, mip.STI <- 0b0)
mem[X,0x0000000080001F18] -> 0x3823
mem[X,0x0000000080001F1A] -> 0x2681
[1336] [M]: 0x0000000080001F18 (0x26813823) sd x8, 0x270(x2)                        common_Mentry+4
mem[W,0x0000000080005270] <- 0x0000000000007F76

mem[X,0x0000000080001F1C] -> 0x3423
mem[X,0x0000000080001F1E] -> 0x2671
[1337] [M]: 0x0000000080001F1C (0x26713423) sd x7, 0x268(x2)                        common_Mentry+8
mem[W,0x0000000080005268] <- 0x0000000080005000

clint mtime 0x000000000000029D (mip.MTI <- 0b1, mip.STI <- 0b0)
mem[X,0x0000000080001F20] -> 0x3023
mem[X,0x0000000080001F22] -> 0x2661
[1338] [M]: 0x0000000080001F20 (0x26613023) sd x6, 0x260(x2)                        common_Mentry+12
mem[W,0x0000000080005260] <- 0x000002FFFFFFFFF8

mem[X,0x0000000080001F24] -> 0x2573
mem[X,0x0000000080001F26] -> 0x3420
[1339] [M]: 0x0000000080001F24 (0x34202573) csrrs x10, mcause, x0                   spcl_M2mmode_test+0
CSR mcause (0x342) -> 0x000000000000000C
x10 <- 0x000000000000000C

clint mtime 0x000000000000029E (mip.MTI <- 0b1, mip.STI <- 0b0)
mem[X,0x0000000080001F28] -> 0x04B7
mem[X,0x0000000080001F2A] -> 0x8000
[1340] [M]: 0x0000000080001F28 (0x800004B7) lui x9, -0x80000                        spcl_M2mmode_test+4
x9 <- 0xFFFFFFFF80000000

mem[X,0x0000000080001F2C] -> 0x8493
mem[X,0x0000000080001F2E] -> 0x0004
[1341] [M]: 0x0000000080001F2C (0x00048493) addi x9, x9, 0x0                        spcl_M2mmode_test+8
x9 <- 0xFFFFFFFF80000000

clint mtime 0x000000000000029F (mip.MTI <- 0b1, mip.STI <- 0b0)
mem[X,0x0000000080001F30] -> 0x9493
mem[X,0x0000000080001F32] -> 0x00B4
[1342] [M]: 0x0000000080001F30 (0x00B49493) slli x9, x9, 0xb                        spcl_M2mmode_test+12
x9 <- 0xFFFFFC0000000000

mem[X,0x0000000080001F34] -> 0x8493
mem[X,0x0000000080001F36] -> 0x0004
[1343] [M]: 0x0000000080001F34 (0x00048493) addi x9, x9, 0x0                        spcl_M2mmode_test+16
x9 <- 0xFFFFFC0000000000

clint mtime 0x00000000000002A0 (mip.MTI <- 0b1, mip.STI <- 0b0)
mem[X,0x0000000080001F38] -> 0x9493
mem[X,0x0000000080001F3A] -> 0x00B4
[1344] [M]: 0x0000000080001F38 (0x00B49493) slli x9, x9, 0xb                        spcl_M2mmode_test+20
x9 <- 0xFFE0000000000000

mem[X,0x0000000080001F3C] -> 0x8493
mem[X,0x0000000080001F3E] -> 0x0034
[1345] [M]: 0x0000000080001F3C (0x00348493) addi x9, x9, 0x3                        spcl_M2mmode_test+24
x9 <- 0xFFE0000000000003

clint mtime 0x00000000000002A1 (mip.MTI <- 0b1, mip.STI <- 0b0)
mem[X,0x0000000080001F40] -> 0x9493
mem[X,0x0000000080001F42] -> 0x00A4
[1346] [M]: 0x0000000080001F40 (0x00A49493) slli x9, x9, 0xa                        spcl_M2mmode_test+28
x9 <- 0x8000000000000C00

mem[X,0x0000000080001F44] -> 0x8493
mem[X,0x0000000080001F46] -> 0x3FC4
[1347] [M]: 0x0000000080001F44 (0x3FC48493) addi x9, x9, 0x3fc                      spcl_M2mmode_test+32
x9 <- 0x8000000000000FFC

clint mtime 0x00000000000002A2 (mip.MTI <- 0b1, mip.STI <- 0b0)
mem[X,0x0000000080001F48] -> 0xF4B3
mem[X,0x0000000080001F4A] -> 0x00A4
[1348] [M]: 0x0000000080001F48 (0x00A4F4B3) and x9, x9, x10                         spcl_M2mmode_test+36
x9 <- 0x000000000000000C

mem[X,0x0000000080001F4C] -> 0x8493
mem[X,0x0000000080001F4E] -> 0xFF84
[1349] [M]: 0x0000000080001F4C (0xFF848493) addi x9, x9, -0x8                       spcl_M2mmode_test+40
x9 <- 0x0000000000000004

clint mtime 0x00000000000002A3 (mip.MTI <- 0b1, mip.STI <- 0b0)
mem[X,0x0000000080001F50] -> 0x9663
mem[X,0x0000000080001F52] -> 0x0004
[1350] [M]: 0x0000000080001F50 (0x00049663) bne x9, x0, 0xc                         spcl_M2mmode_test+44

mem[X,0x0000000080001F5C] -> 0x0393
mem[X,0x0000000080001F5E] -> 0x0200
[1351] [M]: 0x0000000080001F5C (0x02000393) addi x7, x0, 0x20                       Mtrapsig_ptr_upd+0
x7 <- 0x0000000000000020

clint mtime 0x00000000000002A4 (mip.MTI <- 0b1, mip.STI <- 0b0)
mem[X,0x0000000080001F60] -> 0x5263
mem[X,0x0000000080001F62] -> 0x0405
[1352] [M]: 0x0000000080001F60 (0x04055263) bge x10, x0, 0x44                       Mtrapsig_ptr_upd+4

mem[X,0x0000000080001FA4] -> 0x2373
mem[X,0x0000000080001FA6] -> 0x3010
[1353] [M]: 0x0000000080001FA4 (0x30102373) csrrs x6, misa, x0                      Mxcpt_sig_sv+0
CSR misa (0x301) -> 0x800000000034112F
x6 <- 0x800000000034112F

clint mtime 0x00000000000002A5 (mip.MTI <- 0b1, mip.STI <- 0b0)
mem[X,0x0000000080001FA8] -> 0x1313
mem[X,0x0000000080001FAA] -> 0x0383
[1354] [M]: 0x0000000080001FA8 (0x03831313) slli x6, x6, 0x38                       Mxcpt_sig_sv+4
x6 <- 0x2F00000000000000

mem[X,0x0000000080001FAC] -> 0x5463
mem[X,0x0000000080001FAE] -> 0x0003
[1355] [M]: 0x0000000080001FAC (0x00035463) bge x6, x0, 0x8                         Mxcpt_sig_sv+8

clint mtime 0x00000000000002A6 (mip.MTI <- 0b1, mip.STI <- 0b0)
mem[X,0x0000000080001FB4] -> 0x3303
mem[X,0x0000000080001FB6] -> 0x2181
[1356] [M]: 0x0000000080001FB4 (0x21813303) ld x6, 0x218(x2)                        Mtrap_sig_sv+0
mem[R,0x0000000080005218] -> 0x000000008000A3F8
x6 <- 0x000000008000A3F8

mem[X,0x0000000080001FB8] -> 0x04B3
mem[X,0x0000000080001FBA] -> 0x0073
[1357] [M]: 0x0000000080001FB8 (0x007304B3) add x9, x6, x7                          Mtrap_sig_sv+4
x9 <- 0x000000008000A418

clint mtime 0x00000000000002A7 (mip.MTI <- 0b1, mip.STI <- 0b0)
mem[X,0x0000000080001FBC] -> 0x3C23
mem[X,0x0000000080001FBE] -> 0x2091
[1358] [M]: 0x0000000080001FBC (0x20913C23) sd x9, 0x218(x2)                        Mtrap_sig_sv+8
mem[W,0x0000000080005218] <- 0x000000008000A418

mem[X,0x0000000080001FC0] -> 0x3403
mem[X,0x0000000080001FC2] -> 0x1F81
[1359] [M]: 0x0000000080001FC0 (0x1F813403) ld x8, 0x1f8(x2)                        Mtrap_sig_sv+12
mem[R,0x00000000800051F8] -> 0x000000008000A110
x8 <- 0x000000008000A110

clint mtime 0x00000000000002A8 (mip.MTI <- 0b1, mip.STI <- 0b0)
mem[X,0x0000000080001FC4] -> 0x0333
mem[X,0x0000000080001FC6] -> 0x4083
[1360] [M]: 0x0000000080001FC4 (0x40830333) sub x6, x6, x8                          Mtrap_sig_sv+16
x6 <- 0x00000000000002E8

mem[X,0x0000000080001FC8] -> 0x3403
mem[X,0x0000000080001FCA] -> 0x1F81
[1361] [M]: 0x0000000080001FC8 (0x1F813403) ld x8, 0x1f8(x2)                        Mtrap_sig_sv+20
mem[R,0x00000000800051F8] -> 0x000000008000A110
x8 <- 0x000000008000A110

clint mtime 0x00000000000002A9 (mip.MTI <- 0b1, mip.STI <- 0b0)
mem[X,0x0000000080001FCC] -> 0x0333
mem[X,0x0000000080001FCE] -> 0x0083
[1362] [M]: 0x0000000080001FCC (0x00830333) add x6, x6, x8                          Mtrap_sig_sv+24
x6 <- 0x000000008000A3F8

mem[X,0x0000000080001FD0] -> 0x3403
mem[X,0x0000000080001FD2] -> 0x2401
[1363] [M]: 0x0000000080001FD0 (0x24013403) ld x8, 0x240(x2)                        Mtrap_sig_sv+28
mem[R,0x0000000080005240] -> 0x0000000080001D40
x8 <- 0x0000000080001D40

clint mtime 0x00000000000002AA (mip.MTI <- 0b1, mip.STI <- 0b0)
mem[X,0x0000000080001FD4] -> 0x85B3
mem[X,0x0000000080001FD6] -> 0x4085
[1364] [M]: 0x0000000080001FD4 (0x408585B3) sub x11, x11, x8                        sv_Mvect+0
x11 <- 0x000000000000010C

mem[X,0x0000000080001FD8] -> 0x9593
mem[X,0x0000000080001FDA] -> 0x0045
[1365] [M]: 0x0000000080001FD8 (0x00459593) slli x11, x11, 0x4                      sv_Mvect+4
x11 <- 0x00000000000010C0

clint mtime 0x00000000000002AB (mip.MTI <- 0b1, mip.STI <- 0b0)
mem[X,0x0000000080001FDC] -> 0xE5B3
mem[X,0x0000000080001FDE] -> 0x0075
[1366] [M]: 0x0000000080001FDC (0x0075E5B3) or x11, x11, x7                         sv_Mvect+8
x11 <- 0x00000000000010E0

mem[X,0x0000000080001FE0] -> 0x8593
mem[X,0x0000000080001FE2] -> 0x0035
[1367] [M]: 0x0000000080001FE0 (0x00358593) addi x11, x11, 0x3                      sv_Mvect+12
x11 <- 0x00000000000010E3

clint mtime 0x00000000000002AC (mip.MTI <- 0b1, mip.STI <- 0b0)
mem[X,0x0000000080001FE4] -> 0x3023
mem[X,0x0000000080001FE6] -> 0x00B3
[1368] [M]: 0x0000000080001FE4 (0x00B33023) sd x11, 0x0(x6)                         sv_Mvect+16
mem[W,0x000000008000A3F8] <- 0x00000000000010E3

mem[X,0x0000000080001FE8] -> 0x3423
mem[X,0x0000000080001FEA] -> 0x00A3
[1369] [M]: 0x0000000080001FE8 (0x00A33423) sd x10, 0x8(x6)                         sv_Mcause+0
mem[W,0x000000008000A400] <- 0x000000000000000C

clint mtime 0x00000000000002AD (mip.MTI <- 0b1, mip.STI <- 0b0)
mem[X,0x0000000080001FEC] -> 0x4663
mem[X,0x0000000080001FEE] -> 0x1A05
[1370] [M]: 0x0000000080001FEC (0x1A054663) blt x10, x0, 0x1ac                      sv_Mcause+4

mem[X,0x0000000080001FF0] -> 0x25F3
mem[X,0x0000000080001FF2] -> 0x3000
[1371] [M]: 0x0000000080001FF0 (0x300025F3) csrrs x11, mstatus, x0                  common_Mexcpt_handler+0
CSR mstatus (0x300) -> 0x0000000A00000800
x11 <- 0x0000000A00000800

clint mtime 0x00000000000002AE (mip.MTI <- 0b1, mip.STI <- 0b0)
mem[X,0x0000000080001FF4] -> 0x9413
mem[X,0x0000000080001FF6] -> 0x02E5
[1372] [M]: 0x0000000080001FF4 (0x02E59413) slli x8, x11, 0x2e                      common_Mexcpt_handler+4
x8 <- 0x0200000000000000

mem[X,0x0000000080001FF8] -> 0x5463
mem[X,0x0000000080001FFA] -> 0x0004
[1373] [M]: 0x0000000080001FF8 (0x00045463) bge x8, x0, 0x8                         common_Mexcpt_handler+8

clint mtime 0x00000000000002AF (mip.MTI <- 0b1, mip.STI <- 0b0)
mem[X,0x0000000080002000] -> 0xD493
mem[X,0x0000000080002002] -> 0x00B5
[1374] [M]: 0x0000000080002000 (0x00B5D493) srli x9, x11, 0xb                       common_Mexcpt_handler+16
x9 <- 0x0000000001400001

mem[X,0x0000000080002004] -> 0xF493
mem[X,0x0000000080002006] -> 0x0034
[1375] [M]: 0x0000000080002004 (0x0034F493) andi x9, x9, 0x3                        common_Mexcpt_handler+20
x9 <- 0x0000000000000001

clint mtime 0x00000000000002B0 (mip.MTI <- 0b1, mip.STI <- 0b0)
mem[X,0x0000000080002008] -> 0x8493
mem[X,0x000000008000200A] -> 0x0014
[1376] [M]: 0x0000000080002008 (0x00148493) addi x9, x9, 0x1                        common_Mexcpt_handler+24
x9 <- 0x0000000000000002

mem[X,0x000000008000200C] -> 0xF493
mem[X,0x000000008000200E] -> 0x0044
[1377] [M]: 0x000000008000200C (0x0044F493) andi x9, x9, 0x4                        common_Mexcpt_handler+28
x9 <- 0x0000000000000000

clint mtime 0x00000000000002B1 (mip.MTI <- 0b1, mip.STI <- 0b0)
mem[X,0x0000000080002010] -> 0x0593
mem[X,0x0000000080002012] -> 0x05D0
[1378] [M]: 0x0000000080002010 (0x05D00593) addi x11, x0, 0x5d                      common_Mexcpt_handler+32
x11 <- 0x000000000000005D

mem[X,0x0000000080002014] -> 0xD5B3
mem[X,0x0000000080002016] -> 0x0095
[1379] [M]: 0x0000000080002014 (0x0095D5B3) srl x11, x11, x9                        common_Mexcpt_handler+36
x11 <- 0x000000000000005D

clint mtime 0x00000000000002B2 (mip.MTI <- 0b1, mip.STI <- 0b0)
mem[X,0x0000000080002018] -> 0xF593
mem[X,0x000000008000201A] -> 0x0015
[1380] [M]: 0x0000000080002018 (0x0015F593) andi x11, x11, 0x1                      common_Mexcpt_handler+40
x11 <- 0x0000000000000001

mem[X,0x000000008000201C] -> 0x8EE3
mem[X,0x000000008000201E] -> 0xF405
[1381] [M]: 0x000000008000201C (0xF4058EE3) beq x11, x0, -0xa4                      common_Mexcpt_handler+44

clint mtime 0x00000000000002B3 (mip.MTI <- 0b1, mip.STI <- 0b0)
mem[X,0x0000000080002020] -> 0x0593
mem[X,0x0000000080002022] -> 0x2980
[1382] [M]: 0x0000000080002020 (0x29800593) addi x11, x0, 0x298                     common_Mexcpt_handler+48
x11 <- 0x0000000000000298

mem[X,0x0000000080002024] -> 0xF413
mem[X,0x0000000080002026] -> 0x0014
[1383] [M]: 0x0000000080002024 (0x0014F413) andi x8, x9, 0x1                        common_Mexcpt_handler+52
x8 <- 0x0000000000000000

clint mtime 0x00000000000002B4 (mip.MTI <- 0b1, mip.STI <- 0b0)
mem[X,0x0000000080002028] -> 0x95B3
mem[X,0x000000008000202A] -> 0x0085
[1384] [M]: 0x0000000080002028 (0x008595B3) sll x11, x11, x8                        common_Mexcpt_handler+56
x11 <- 0x0000000000000298

mem[X,0x000000008000202C] -> 0x9413
mem[X,0x000000008000202E] -> 0x03D4
[1385] [M]: 0x000000008000202C (0x03D49413) slli x8, x9, 0x3d                       common_Mexcpt_handler+60
x8 <- 0x0000000000000000

clint mtime 0x00000000000002B5 (mip.MTI <- 0b1, mip.STI <- 0b0)
mem[X,0x0000000080002030] -> 0x5413
mem[X,0x0000000080002032] -> 0x43F4
[1386] [M]: 0x0000000080002030 (0x43F45413) srai x8, x8, 0x3f                       common_Mexcpt_handler+64
x8 <- 0x0000000000000000

mem[X,0x0000000080002034] -> 0x4413
mem[X,0x0000000080002036] -> 0xFFF4
[1387] [M]: 0x0000000080002034 (0xFFF44413) xori x8, x8, -0x1                       common_Mexcpt_handler+68
x8 <- 0xFFFFFFFFFFFFFFFF

clint mtime 0x00000000000002B6 (mip.MTI <- 0b1, mip.STI <- 0b0)
mem[X,0x0000000080002038] -> 0xF4B3
mem[X,0x000000008000203A] -> 0x0085
[1388] [M]: 0x0000000080002038 (0x0085F4B3) and x9, x11, x8                         common_Mexcpt_handler+72
x9 <- 0x0000000000000298

mem[X,0x000000008000203C] -> 0x84B3
mem[X,0x000000008000203E] -> 0x0024
[1389] [M]: 0x000000008000203C (0x002484B3) add x9, x9, x2                          vmem_adj_Mepc+0
x9 <- 0x0000000080005298

clint mtime 0x00000000000002B7 (mip.MTI <- 0b1, mip.STI <- 0b0)
mem[X,0x0000000080002040] -> 0x23F3
mem[X,0x0000000080002042] -> 0x3410
[1390] [M]: 0x0000000080002040 (0x341023F3) csrrs x7, mepc, x0                      vmem_adj_Mepc+4
CSR mepc (0x341) -> 0x0000030080000DDC
x7 <- 0x0000030080000DDC

mem[X,0x0000000080002044] -> 0x0413
mem[X,0x0000000080002046] -> 0x0004
[1391] [M]: 0x0000000080002044 (0x00040413) addi x8, x8, 0x0                        vmem_adj_Mepc+8
x8 <- 0xFFFFFFFFFFFFFFFF

clint mtime 0x00000000000002B8 (mip.MTI <- 0b1, mip.STI <- 0b0)
mem[X,0x0000000080002048] -> 0x006F
mem[X,0x000000008000204A] -> 0x0400
[1392] [M]: 0x0000000080002048 (0x0400006F) jal x0, 0x40                            vmem_adj_Mepc+12

mem[X,0x0000000080002088] -> 0x8433
mem[X,0x000000008000208A] -> 0x4083
[1393] [M]: 0x0000000080002088 (0x40838433) sub x8, x7, x8                          adj_Mepc+0
x8 <- 0x0000030080000DDD

clint mtime 0x00000000000002B9 (mip.MTI <- 0b1, mip.STI <- 0b0)
mem[X,0x000000008000208C] -> 0x3823
mem[X,0x000000008000208E] -> 0x0083
[1394] [M]: 0x000000008000208C (0x00833823) sd x8, 0x10(x6)                         sv_Mepc+0
mem[W,0x000000008000A408] <- 0x0000030080000DDD

mem[X,0x0000000080002090] -> 0x55B7
mem[X,0x0000000080002092] -> 0x0000
[1395] [M]: 0x0000000080002090 (0x000055B7) lui x11, 0x5                            sv_Mepc+4
x11 <- 0x0000000000005000

clint mtime 0x00000000000002BA (mip.MTI <- 0b1, mip.STI <- 0b0)
mem[X,0x0000000080002094] -> 0x8593
mem[X,0x0000000080002096] -> 0x6675
[1396] [M]: 0x0000000080002094 (0x66758593) addi x11, x11, 0x667                    sv_Mepc+8
x11 <- 0x0000000000005667

mem[X,0x0000000080002098] -> 0x9593
mem[X,0x000000008000209A] -> 0x0015
[1397] [M]: 0x0000000080002098 (0x00159593) slli x11, x11, 0x1                      sv_Mepc+12
x11 <- 0x000000000000ACCE

clint mtime 0x00000000000002BB (mip.MTI <- 0b1, mip.STI <- 0b0)
mem[X,0x000000008000209C] -> 0x9063
mem[X,0x000000008000209E] -> 0x02B1
[1398] [M]: 0x000000008000209C (0x02B19063) bne x3, x11, 0x20                       sv_Mepc+16

mem[X,0x00000000800020BC] -> 0xF593
mem[X,0x00000000800020BE] -> 0xFFC3
[1399] [M]: 0x00000000800020BC (0xFFC3F593) andi x11, x7, -0x4                      adj_Mepc_rtn+0
x11 <- 0x0000030080000DDC

clint mtime 0x00000000000002BC (mip.MTI <- 0b1, mip.STI <- 0b0)
mem[X,0x00000000800020C0] -> 0x8593
mem[X,0x00000000800020C2] -> 0x0085
[1400] [M]: 0x00000000800020C0 (0x00858593) addi x11, x11, 0x8                      adj_Mepc_rtn+4
x11 <- 0x0000030080000DE4

mem[X,0x00000000800020C4] -> 0x9073
mem[X,0x00000000800020C6] -> 0x3415
[1401] [M]: 0x00000000800020C4 (0x34159073) csrrw x0, mepc, x11                     adj_Mepc_rtn+8
CSR mepc (0x341) <- 0x0000030080000DE4

clint mtime 0x00000000000002BD (mip.MTI <- 0b1, mip.STI <- 0b0)
mem[X,0x00000000800020C8] -> 0x23F3
mem[X,0x00000000800020CA] -> 0x3430
[1402] [M]: 0x00000000800020C8 (0x343023F3) csrrs x7, mtval, x0                     skp_adj_Mepc+0
CSR mtval (0x343) -> 0x0000030080000DDC
x7 <- 0x0000030080000DDC

mem[X,0x00000000800020CC] -> 0x0413
mem[X,0x00000000800020CE] -> 0x0004
[1403] [M]: 0x00000000800020CC (0x00040413) addi x8, x8, 0x0                        skp_adj_Mepc+4
x8 <- 0x0000030080000DDD

clint mtime 0x00000000000002BE (mip.MTI <- 0b1, mip.STI <- 0b0)
mem[X,0x00000000800020D0] -> 0x006F
mem[X,0x00000000800020D2] -> 0x0840
[1404] [M]: 0x00000000800020D0 (0x0840006F) jal x0, 0x84                            skp_adj_Mepc+8

mem[X,0x0000000080002154] -> 0x8433
mem[X,0x0000000080002156] -> 0x4083
[1405] [M]: 0x0000000080002154 (0x40838433) sub x8, x7, x8                          adj_Mtval+0
x8 <- 0xFFFFFFFFFFFFFFFF

clint mtime 0x00000000000002BF (mip.MTI <- 0b1, mip.STI <- 0b0)
mem[X,0x0000000080002158] -> 0x3C23
mem[X,0x000000008000215A] -> 0x0083
[1406] [M]: 0x0000000080002158 (0x00833C23) sd x8, 0x18(x6)                         sv_Mtval+0
mem[W,0x000000008000A410] <- 0xFFFFFFFFFFFFFFFF

mem[X,0x000000008000215C] -> 0x3483
mem[X,0x000000008000215E] -> 0x2181
[1407] [M]: 0x000000008000215C (0x21813483) ld x9, 0x218(x2)                        skp_Mtval+0
mem[R,0x0000000080005218] -> 0x000000008000A418
x9 <- 0x000000008000A418

clint mtime 0x00000000000002C0 (mip.MTI <- 0b1, mip.STI <- 0b0)
mem[X,0x0000000080002160] -> 0x3383
mem[X,0x0000000080002162] -> 0x1F81
[1408] [M]: 0x0000000080002160 (0x1F813383) ld x7, 0x1f8(x2)                        skp_Mtval+4
mem[R,0x00000000800051F8] -> 0x000000008000A110
x7 <- 0x000000008000A110

mem[X,0x0000000080002164] -> 0x3303
mem[X,0x0000000080002166] -> 0x2001
[1409] [M]: 0x0000000080002164 (0x20013303) ld x6, 0x200(x2)                        skp_Mtval+8
mem[R,0x0000000080005200] -> 0x0000000000000410
x6 <- 0x0000000000000410

clint mtime 0x00000000000002C1 (mip.MTI <- 0b1, mip.STI <- 0b0)
mem[X,0x0000000080002168] -> 0x0333
mem[X,0x000000008000216A] -> 0x0073
[1410] [M]: 0x0000000080002168 (0x00730333) add x6, x6, x7                          skp_Mtval+12
x6 <- 0x000000008000A520

mem[X,0x000000008000216C] -> 0x6AE3
mem[X,0x000000008000216E] -> 0xAC93
[1411] [M]: 0x000000008000216C (0xAC936AE3) bltu x6, x9, -0x52c                     skp_Mtval+16

clint mtime 0x00000000000002C2 (mip.MTI <- 0b1, mip.STI <- 0b0)
mem[X,0x0000000080002170] -> 0x0393
mem[X,0x0000000080002172] -> 0x2000
[1412] [M]: 0x0000000080002170 (0x20000393) addi x7, x0, 0x200                      skp_Mtval+20
x7 <- 0x0000000000000200

mem[X,0x0000000080002174] -> 0x006F
mem[X,0x0000000080002176] -> 0x0400
[1413] [M]: 0x0000000080002174 (0x0400006F) jal x0, 0x40                            skp_Mtval+24

clint mtime 0x00000000000002C3 (mip.MTI <- 0b1, mip.STI <- 0b0)
mem[X,0x00000000800021B4] -> 0x0417
mem[X,0x00000000800021B6] -> 0x0000
[1414] [M]: 0x00000000800021B4 (0x00000417) auipc x8, 0x0                           spcl_Mhandler+0
x8 <- 0x00000000800021B4

mem[X,0x00000000800021B8] -> 0x0413
mem[X,0x00000000800021BA] -> 0x03C4
[1415] [M]: 0x00000000800021B8 (0x03C40413) addi x8, x8, 0x3c                       spcl_Mhandler+4
x8 <- 0x00000000800021F0

clint mtime 0x00000000000002C4 (mip.MTI <- 0b1, mip.STI <- 0b0)
mem[X,0x00000000800021BC] -> 0x0433
mem[X,0x00000000800021BE] -> 0x0074
[1416] [M]: 0x00000000800021BC (0x00740433) add x8, x8, x7                          spcl_Mhandler+8
x8 <- 0x00000000800023F0

mem[X,0x00000000800021C0] -> 0x1393
mem[X,0x00000000800021C2] -> 0x0035
[1417] [M]: 0x00000000800021C0 (0x00351393) slli x7, x10, 0x3                       spcl_Mhandler+12
x7 <- 0x0000000000000060

clint mtime 0x00000000000002C5 (mip.MTI <- 0b1, mip.STI <- 0b0)
mem[X,0x00000000800021C4] -> 0x0433
mem[X,0x00000000800021C6] -> 0x0074
[1418] [M]: 0x00000000800021C4 (0x00740433) add x8, x8, x7                          spcl_Mhandler+16
x8 <- 0x0000000080002450

mem[X,0x00000000800021C8] -> 0x7413
mem[X,0x00000000800021CA] -> 0xFF84
[1419] [M]: 0x00000000800021C8 (0xFF847413) andi x8, x8, -0x8                       spcl_Mhandler+20
x8 <- 0x0000000080002450

clint mtime 0x00000000000002C6 (mip.MTI <- 0b1, mip.STI <- 0b0)
mem[X,0x00000000800021CC] -> 0x3403
mem[X,0x00000000800021CE] -> 0x0004
[1420] [M]: 0x00000000800021CC (0x00043403) ld x8, 0x0(x8)                          spcl_Mhandler+24
mem[R,0x0000000080002450] -> 0x0000000000000019
x8 <- 0x0000000000000019

mem[X,0x00000000800021D0] -> 0x02E3
mem[X,0x00000000800021D2] -> 0xB004
[1421] [M]: 0x00000000800021D0 (0xB00402E3) beq x8, x0, -0x4fc                      spcl_Mdispatch_hndling+0

clint mtime 0x00000000000002C7 (mip.MTI <- 0b1, mip.STI <- 0b0)
mem[X,0x00000000800021D4] -> 0x1393
mem[X,0x00000000800021D6] -> 0x03F4
[1422] [M]: 0x00000000800021D4 (0x03F41393) slli x7, x8, 0x3f                       spcl_Mdispatch_hndling+4
x7 <- 0x8000000000000000

mem[X,0x00000000800021D8] -> 0xD863
mem[X,0x00000000800021DA] -> 0x0003
[1423] [M]: 0x00000000800021D8 (0x0003D863) bge x7, x0, 0x10                        spcl_Mdispatch_hndling+8

clint mtime 0x00000000000002C8 (mip.MTI <- 0b1, mip.STI <- 0b0)
mem[X,0x00000000800021DC] -> 0x5413
mem[X,0x00000000800021DE] -> 0x0014
[1424] [M]: 0x00000000800021DC (0x00145413) srli x8, x8, 0x1                        spcl_Mdispatch_hndling+12
x8 <- 0x000000000000000C

mem[X,0x00000000800021E0] -> 0x0CE3
mem[X,0x00000000800021E2] -> 0xF885
[1425] [M]: 0x00000000800021E0 (0xF8850CE3) beq x10, x8, -0x68                      spcl_Mdispatch_hndling+16

clint mtime 0x00000000000002C9 (mip.MTI <- 0b1, mip.STI <- 0b0)
mem[X,0x0000000080002178] -> 0x3303
mem[X,0x000000008000217A] -> 0x2601
[1426] [M]: 0x0000000080002178 (0x26013303) ld x6, 0x260(x2)                        resto_Mrtn+0
mem[R,0x0000000080005260] -> 0x000002FFFFFFFFF8
x6 <- 0x000002FFFFFFFFF8

mem[X,0x000000008000217C] -> 0x3383
mem[X,0x000000008000217E] -> 0x2681
[1427] [M]: 0x000000008000217C (0x26813383) ld x7, 0x268(x2)                        resto_Mrtn+4
mem[R,0x0000000080005268] -> 0x0000000080005000
x7 <- 0x0000000080005000

clint mtime 0x00000000000002CA (mip.MTI <- 0b1, mip.STI <- 0b0)
mem[X,0x0000000080002180] -> 0x3403
mem[X,0x0000000080002182] -> 0x2701
[1428] [M]: 0x0000000080002180 (0x27013403) ld x8, 0x270(x2)                        resto_Mrtn+8
mem[R,0x0000000080005270] -> 0x0000000000007F76
x8 <- 0x0000000000007F76

mem[X,0x0000000080002184] -> 0x3483
mem[X,0x0000000080002186] -> 0x2781
[1429] [M]: 0x0000000080002184 (0x27813483) ld x9, 0x278(x2)                        resto_Mrtn+12
mem[R,0x0000000080005278] -> 0x0000000000000000
x9 <- 0x0000000000000000

clint mtime 0x00000000000002CB (mip.MTI <- 0b1, mip.STI <- 0b0)
mem[X,0x0000000080002188] -> 0x3503
mem[X,0x000000008000218A] -> 0x2801
[1430] [M]: 0x0000000080002188 (0x28013503) ld x10, 0x280(x2)                       resto_Mrtn+16
mem[R,0x0000000080005280] -> 0x00000000000000CF
x10 <- 0x00000000000000CF

mem[X,0x000000008000218C] -> 0x3583
mem[X,0x000000008000218E] -> 0x2881
[1431] [M]: 0x000000008000218C (0x28813583) ld x11, 0x288(x2)                       resto_Mrtn+20
mem[R,0x0000000080005288] -> 0x00000000000000CF
x11 <- 0x00000000000000CF

clint mtime 0x00000000000002CC (mip.MTI <- 0b1, mip.STI <- 0b0)
mem[X,0x0000000080002190] -> 0x3103
mem[X,0x0000000080002192] -> 0x2901
[1432] [M]: 0x0000000080002190 (0x29013103) ld x2, 0x290(x2)                        resto_Mrtn+24
mem[R,0x0000000080005290] -> 0x0000000080005000
x2 <- 0x0000000080005000

mem[X,0x0000000080002194] -> 0x0073
mem[X,0x0000000080002196] -> 0x3020
[1433] [M]: 0x0000000080002194 (0x30200073) mret                                    resto_Mrtn+28
CSR mstatus (0x300) <- 0x0000000A00000080
ret-ing from M to S

clint mtime 0x00000000000002CD (mip.MTI <- 0b1, mip.STI <- 0b0)
PTW: Start, vpn=0x30080000, access_type=X, privilege=Smem[R,0x0000000080009030] -> 0xCB00000000000000
PTW: Step, level=3, pte=0xCB00000000000000, pte_addr=0x80009030
PTW: failed, error=invalid-pte, level=3, pte_addr=0x80009030
trapping from S to M to handle fetch-page-fault
handling exc#fetch-page-fault at priv M with tval 0x0000030080000DE4
CSR mstatus (0x300) <- 0x0000000A00000800
CSR mcause (0x342) <- 0x000000000000000C
CSR mtval (0x343) <- 0x0000030080000DE4
CSR mepc (0x341) <- 0x0000030080000DE4

mem[X,0x0000000080001D40] -> 0x006F
mem[X,0x0000000080001D42] -> 0x1000
[1435] [M]: 0x0000000080001D40 (0x1000006F) jal x0, 0x100                           Mtrampoline+0

clint mtime 0x00000000000002CE (mip.MTI <- 0b1, mip.STI <- 0b0)
mem[X,0x0000000080001E40] -> 0x1173
mem[X,0x0000000080001E42] -> 0x3401
[1436] [M]: 0x0000000080001E40 (0x34011173) csrrw x2, mscratch, x2                  trap_Mhandler+0
CSR mscratch (0x340) <- 0x0000000080005000
x2 <- 0x0000000080005000

mem[X,0x0000000080001E44] -> 0x3423
mem[X,0x0000000080001E46] -> 0x28B1
[1437] [M]: 0x0000000080001E44 (0x28B13423) sd x11, 0x288(x2)                       trap_Mhandler+4
mem[W,0x0000000080005288] <- 0x00000000000000CF

clint mtime 0x00000000000002CF (mip.MTI <- 0b1, mip.STI <- 0b0)
mem[X,0x0000000080001E48] -> 0x05EF
mem[X,0x0000000080001E4A] -> 0x0B80
[1438] [M]: 0x0000000080001E48 (0x0B8005EF) jal x11, 0xb8                           trap_Mhandler+8
x11 <- 0x0000000080001E4C

mem[X,0x0000000080001F00] -> 0x3023
mem[X,0x0000000080001F02] -> 0x28A1
[1439] [M]: 0x0000000080001F00 (0x28A13023) sd x10, 0x280(x2)                       common_Mhandler+0
mem[W,0x0000000080005280] <- 0x00000000000000CF

clint mtime 0x00000000000002D0 (mip.MTI <- 0b1, mip.STI <- 0b0)
mem[X,0x0000000080001F04] -> 0x1573
mem[X,0x0000000080001F06] -> 0x3401
[1440] [M]: 0x0000000080001F04 (0x34011573) csrrw x10, mscratch, x2                 common_Mhandler+4
CSR mscratch (0x340) <- 0x0000000080005000
x10 <- 0x0000000080005000

mem[X,0x0000000080001F08] -> 0x3823
mem[X,0x0000000080001F0A] -> 0x28A1
[1441] [M]: 0x0000000080001F08 (0x28A13823) sd x10, 0x290(x2)                       common_Mhandler+8
mem[W,0x0000000080005290] <- 0x0000000080005000

clint mtime 0x00000000000002D1 (mip.MTI <- 0b1, mip.STI <- 0b0)
mem[X,0x0000000080001F0C] -> 0x3503
mem[X,0x0000000080001F0E] -> 0x2301
[1442] [M]: 0x0000000080001F0C (0x23013503) ld x10, 0x230(x2)                       common_Mhandler+12
mem[R,0x0000000080005230] -> 0x0000000080001F14
x10 <- 0x0000000080001F14

mem[X,0x0000000080001F10] -> 0x0067
mem[X,0x0000000080001F12] -> 0x0005
[1443] [M]: 0x0000000080001F10 (0x00050067) jalr x0, 0x0(x10)                       common_Mhandler+16

clint mtime 0x00000000000002D2 (mip.MTI <- 0b1, mip.STI <- 0b0)
mem[X,0x0000000080001F14] -> 0x3C23
mem[X,0x0000000080001F16] -> 0x2691
[1444] [M]: 0x0000000080001F14 (0x26913C23) sd x9, 0x278(x2)                        common_Mentry+0
mem[W,0x0000000080005278] <- 0x0000000000000000

mem[X,0x0000000080001F18] -> 0x3823
mem[X,0x0000000080001F1A] -> 0x2681
[1445] [M]: 0x0000000080001F18 (0x26813823) sd x8, 0x270(x2)                        common_Mentry+4
mem[W,0x0000000080005270] <- 0x0000000000007F76

clint mtime 0x00000000000002D3 (mip.MTI <- 0b1, mip.STI <- 0b0)
mem[X,0x0000000080001F1C] -> 0x3423
mem[X,0x0000000080001F1E] -> 0x2671
[1446] [M]: 0x0000000080001F1C (0x26713423) sd x7, 0x268(x2)                        common_Mentry+8
mem[W,0x0000000080005268] <- 0x0000000080005000

mem[X,0x0000000080001F20] -> 0x3023
mem[X,0x0000000080001F22] -> 0x2661
[1447] [M]: 0x0000000080001F20 (0x26613023) sd x6, 0x260(x2)                        common_Mentry+12
mem[W,0x0000000080005260] <- 0x000002FFFFFFFFF8

clint mtime 0x00000000000002D4 (mip.MTI <- 0b1, mip.STI <- 0b0)
mem[X,0x0000000080001F24] -> 0x2573
mem[X,0x0000000080001F26] -> 0x3420
[1448] [M]: 0x0000000080001F24 (0x34202573) csrrs x10, mcause, x0                   spcl_M2mmode_test+0
CSR mcause (0x342) -> 0x000000000000000C
x10 <- 0x000000000000000C

mem[X,0x0000000080001F28] -> 0x04B7
mem[X,0x0000000080001F2A] -> 0x8000
[1449] [M]: 0x0000000080001F28 (0x800004B7) lui x9, -0x80000                        spcl_M2mmode_test+4
x9 <- 0xFFFFFFFF80000000

clint mtime 0x00000000000002D5 (mip.MTI <- 0b1, mip.STI <- 0b0)
mem[X,0x0000000080001F2C] -> 0x8493
mem[X,0x0000000080001F2E] -> 0x0004
[1450] [M]: 0x0000000080001F2C (0x00048493) addi x9, x9, 0x0                        spcl_M2mmode_test+8
x9 <- 0xFFFFFFFF80000000

mem[X,0x0000000080001F30] -> 0x9493
mem[X,0x0000000080001F32] -> 0x00B4
[1451] [M]: 0x0000000080001F30 (0x00B49493) slli x9, x9, 0xb                        spcl_M2mmode_test+12
x9 <- 0xFFFFFC0000000000

clint mtime 0x00000000000002D6 (mip.MTI <- 0b1, mip.STI <- 0b0)
mem[X,0x0000000080001F34] -> 0x8493
mem[X,0x0000000080001F36] -> 0x0004
[1452] [M]: 0x0000000080001F34 (0x00048493) addi x9, x9, 0x0                        spcl_M2mmode_test+16
x9 <- 0xFFFFFC0000000000

mem[X,0x0000000080001F38] -> 0x9493
mem[X,0x0000000080001F3A] -> 0x00B4
[1453] [M]: 0x0000000080001F38 (0x00B49493) slli x9, x9, 0xb                        spcl_M2mmode_test+20
x9 <- 0xFFE0000000000000

clint mtime 0x00000000000002D7 (mip.MTI <- 0b1, mip.STI <- 0b0)
mem[X,0x0000000080001F3C] -> 0x8493
mem[X,0x0000000080001F3E] -> 0x0034
[1454] [M]: 0x0000000080001F3C (0x00348493) addi x9, x9, 0x3                        spcl_M2mmode_test+24
x9 <- 0xFFE0000000000003

mem[X,0x0000000080001F40] -> 0x9493
mem[X,0x0000000080001F42] -> 0x00A4
[1455] [M]: 0x0000000080001F40 (0x00A49493) slli x9, x9, 0xa                        spcl_M2mmode_test+28
x9 <- 0x8000000000000C00

clint mtime 0x00000000000002D8 (mip.MTI <- 0b1, mip.STI <- 0b0)
mem[X,0x0000000080001F44] -> 0x8493
mem[X,0x0000000080001F46] -> 0x3FC4
[1456] [M]: 0x0000000080001F44 (0x3FC48493) addi x9, x9, 0x3fc                      spcl_M2mmode_test+32
x9 <- 0x8000000000000FFC

mem[X,0x0000000080001F48] -> 0xF4B3
mem[X,0x0000000080001F4A] -> 0x00A4
[1457] [M]: 0x0000000080001F48 (0x00A4F4B3) and x9, x9, x10                         spcl_M2mmode_test+36
x9 <- 0x000000000000000C

clint mtime 0x00000000000002D9 (mip.MTI <- 0b1, mip.STI <- 0b0)
mem[X,0x0000000080001F4C] -> 0x8493
mem[X,0x0000000080001F4E] -> 0xFF84
[1458] [M]: 0x0000000080001F4C (0xFF848493) addi x9, x9, -0x8                       spcl_M2mmode_test+40
x9 <- 0x0000000000000004

mem[X,0x0000000080001F50] -> 0x9663
mem[X,0x0000000080001F52] -> 0x0004
[1459] [M]: 0x0000000080001F50 (0x00049663) bne x9, x0, 0xc                         spcl_M2mmode_test+44

clint mtime 0x00000000000002DA (mip.MTI <- 0b1, mip.STI <- 0b0)
mem[X,0x0000000080001F5C] -> 0x0393
mem[X,0x0000000080001F5E] -> 0x0200
[1460] [M]: 0x0000000080001F5C (0x02000393) addi x7, x0, 0x20                       Mtrapsig_ptr_upd+0
x7 <- 0x0000000000000020

mem[X,0x0000000080001F60] -> 0x5263
mem[X,0x0000000080001F62] -> 0x0405
[1461] [M]: 0x0000000080001F60 (0x04055263) bge x10, x0, 0x44                       Mtrapsig_ptr_upd+4

clint mtime 0x00000000000002DB (mip.MTI <- 0b1, mip.STI <- 0b0)
mem[X,0x0000000080001FA4] -> 0x2373
mem[X,0x0000000080001FA6] -> 0x3010
[1462] [M]: 0x0000000080001FA4 (0x30102373) csrrs x6, misa, x0                      Mxcpt_sig_sv+0
CSR misa (0x301) -> 0x800000000034112F
x6 <- 0x800000000034112F

mem[X,0x0000000080001FA8] -> 0x1313
mem[X,0x0000000080001FAA] -> 0x0383
[1463] [M]: 0x0000000080001FA8 (0x03831313) slli x6, x6, 0x38                       Mxcpt_sig_sv+4
x6 <- 0x2F00000000000000

clint mtime 0x00000000000002DC (mip.MTI <- 0b1, mip.STI <- 0b0)
mem[X,0x0000000080001FAC] -> 0x5463
mem[X,0x0000000080001FAE] -> 0x0003
[1464] [M]: 0x0000000080001FAC (0x00035463) bge x6, x0, 0x8                         Mxcpt_sig_sv+8

mem[X,0x0000000080001FB4] -> 0x3303
mem[X,0x0000000080001FB6] -> 0x2181
[1465] [M]: 0x0000000080001FB4 (0x21813303) ld x6, 0x218(x2)                        Mtrap_sig_sv+0
mem[R,0x0000000080005218] -> 0x000000008000A418
x6 <- 0x000000008000A418

clint mtime 0x00000000000002DD (mip.MTI <- 0b1, mip.STI <- 0b0)
mem[X,0x0000000080001FB8] -> 0x04B3
mem[X,0x0000000080001FBA] -> 0x0073
[1466] [M]: 0x0000000080001FB8 (0x007304B3) add x9, x6, x7                          Mtrap_sig_sv+4
x9 <- 0x000000008000A438

mem[X,0x0000000080001FBC] -> 0x3C23
mem[X,0x0000000080001FBE] -> 0x2091
[1467] [M]: 0x0000000080001FBC (0x20913C23) sd x9, 0x218(x2)                        Mtrap_sig_sv+8
mem[W,0x0000000080005218] <- 0x000000008000A438

clint mtime 0x00000000000002DE (mip.MTI <- 0b1, mip.STI <- 0b0)
mem[X,0x0000000080001FC0] -> 0x3403
mem[X,0x0000000080001FC2] -> 0x1F81
[1468] [M]: 0x0000000080001FC0 (0x1F813403) ld x8, 0x1f8(x2)                        Mtrap_sig_sv+12
mem[R,0x00000000800051F8] -> 0x000000008000A110
x8 <- 0x000000008000A110

mem[X,0x0000000080001FC4] -> 0x0333
mem[X,0x0000000080001FC6] -> 0x4083
[1469] [M]: 0x0000000080001FC4 (0x40830333) sub x6, x6, x8                          Mtrap_sig_sv+16
x6 <- 0x0000000000000308

clint mtime 0x00000000000002DF (mip.MTI <- 0b1, mip.STI <- 0b0)
mem[X,0x0000000080001FC8] -> 0x3403
mem[X,0x0000000080001FCA] -> 0x1F81
[1470] [M]: 0x0000000080001FC8 (0x1F813403) ld x8, 0x1f8(x2)                        Mtrap_sig_sv+20
mem[R,0x00000000800051F8] -> 0x000000008000A110
x8 <- 0x000000008000A110

mem[X,0x0000000080001FCC] -> 0x0333
mem[X,0x0000000080001FCE] -> 0x0083
[1471] [M]: 0x0000000080001FCC (0x00830333) add x6, x6, x8                          Mtrap_sig_sv+24
x6 <- 0x000000008000A418

clint mtime 0x00000000000002E0 (mip.MTI <- 0b1, mip.STI <- 0b0)
mem[X,0x0000000080001FD0] -> 0x3403
mem[X,0x0000000080001FD2] -> 0x2401
[1472] [M]: 0x0000000080001FD0 (0x24013403) ld x8, 0x240(x2)                        Mtrap_sig_sv+28
mem[R,0x0000000080005240] -> 0x0000000080001D40
x8 <- 0x0000000080001D40

mem[X,0x0000000080001FD4] -> 0x85B3
mem[X,0x0000000080001FD6] -> 0x4085
[1473] [M]: 0x0000000080001FD4 (0x408585B3) sub x11, x11, x8                        sv_Mvect+0
x11 <- 0x000000000000010C

clint mtime 0x00000000000002E1 (mip.MTI <- 0b1, mip.STI <- 0b0)
mem[X,0x0000000080001FD8] -> 0x9593
mem[X,0x0000000080001FDA] -> 0x0045
[1474] [M]: 0x0000000080001FD8 (0x00459593) slli x11, x11, 0x4                      sv_Mvect+4
x11 <- 0x00000000000010C0

mem[X,0x0000000080001FDC] -> 0xE5B3
mem[X,0x0000000080001FDE] -> 0x0075
[1475] [M]: 0x0000000080001FDC (0x0075E5B3) or x11, x11, x7                         sv_Mvect+8
x11 <- 0x00000000000010E0

clint mtime 0x00000000000002E2 (mip.MTI <- 0b1, mip.STI <- 0b0)
mem[X,0x0000000080001FE0] -> 0x8593
mem[X,0x0000000080001FE2] -> 0x0035
[1476] [M]: 0x0000000080001FE0 (0x00358593) addi x11, x11, 0x3                      sv_Mvect+12
x11 <- 0x00000000000010E3

mem[X,0x0000000080001FE4] -> 0x3023
mem[X,0x0000000080001FE6] -> 0x00B3
[1477] [M]: 0x0000000080001FE4 (0x00B33023) sd x11, 0x0(x6)                         sv_Mvect+16
mem[W,0x000000008000A418] <- 0x00000000000010E3

clint mtime 0x00000000000002E3 (mip.MTI <- 0b1, mip.STI <- 0b0)
mem[X,0x0000000080001FE8] -> 0x3423
mem[X,0x0000000080001FEA] -> 0x00A3
[1478] [M]: 0x0000000080001FE8 (0x00A33423) sd x10, 0x8(x6)                         sv_Mcause+0
mem[W,0x000000008000A420] <- 0x000000000000000C

mem[X,0x0000000080001FEC] -> 0x4663
mem[X,0x0000000080001FEE] -> 0x1A05
[1479] [M]: 0x0000000080001FEC (0x1A054663) blt x10, x0, 0x1ac                      sv_Mcause+4

clint mtime 0x00000000000002E4 (mip.MTI <- 0b1, mip.STI <- 0b0)
mem[X,0x0000000080001FF0] -> 0x25F3
mem[X,0x0000000080001FF2] -> 0x3000
[1480] [M]: 0x0000000080001FF0 (0x300025F3) csrrs x11, mstatus, x0                  common_Mexcpt_handler+0
CSR mstatus (0x300) -> 0x0000000A00000800
x11 <- 0x0000000A00000800

mem[X,0x0000000080001FF4] -> 0x9413
mem[X,0x0000000080001FF6] -> 0x02E5
[1481] [M]: 0x0000000080001FF4 (0x02E59413) slli x8, x11, 0x2e                      common_Mexcpt_handler+4
x8 <- 0x0200000000000000

clint mtime 0x00000000000002E5 (mip.MTI <- 0b1, mip.STI <- 0b0)
mem[X,0x0000000080001FF8] -> 0x5463
mem[X,0x0000000080001FFA] -> 0x0004
[1482] [M]: 0x0000000080001FF8 (0x00045463) bge x8, x0, 0x8                         common_Mexcpt_handler+8

mem[X,0x0000000080002000] -> 0xD493
mem[X,0x0000000080002002] -> 0x00B5
[1483] [M]: 0x0000000080002000 (0x00B5D493) srli x9, x11, 0xb                       common_Mexcpt_handler+16
x9 <- 0x0000000001400001

clint mtime 0x00000000000002E6 (mip.MTI <- 0b1, mip.STI <- 0b0)
mem[X,0x0000000080002004] -> 0xF493
mem[X,0x0000000080002006] -> 0x0034
[1484] [M]: 0x0000000080002004 (0x0034F493) andi x9, x9, 0x3                        common_Mexcpt_handler+20
x9 <- 0x0000000000000001

mem[X,0x0000000080002008] -> 0x8493
mem[X,0x000000008000200A] -> 0x0014
[1485] [M]: 0x0000000080002008 (0x00148493) addi x9, x9, 0x1                        common_Mexcpt_handler+24
x9 <- 0x0000000000000002

clint mtime 0x00000000000002E7 (mip.MTI <- 0b1, mip.STI <- 0b0)
mem[X,0x000000008000200C] -> 0xF493
mem[X,0x000000008000200E] -> 0x0044
[1486] [M]: 0x000000008000200C (0x0044F493) andi x9, x9, 0x4                        common_Mexcpt_handler+28
x9 <- 0x0000000000000000

mem[X,0x0000000080002010] -> 0x0593
mem[X,0x0000000080002012] -> 0x05D0
[1487] [M]: 0x0000000080002010 (0x05D00593) addi x11, x0, 0x5d                      common_Mexcpt_handler+32
x11 <- 0x000000000000005D

clint mtime 0x00000000000002E8 (mip.MTI <- 0b1, mip.STI <- 0b0)
mem[X,0x0000000080002014] -> 0xD5B3
mem[X,0x0000000080002016] -> 0x0095
[1488] [M]: 0x0000000080002014 (0x0095D5B3) srl x11, x11, x9                        common_Mexcpt_handler+36
x11 <- 0x000000000000005D

mem[X,0x0000000080002018] -> 0xF593
mem[X,0x000000008000201A] -> 0x0015
[1489] [M]: 0x0000000080002018 (0x0015F593) andi x11, x11, 0x1                      common_Mexcpt_handler+40
x11 <- 0x0000000000000001

clint mtime 0x00000000000002E9 (mip.MTI <- 0b1, mip.STI <- 0b0)
mem[X,0x000000008000201C] -> 0x8EE3
mem[X,0x000000008000201E] -> 0xF405
[1490] [M]: 0x000000008000201C (0xF4058EE3) beq x11, x0, -0xa4                      common_Mexcpt_handler+44

mem[X,0x0000000080002020] -> 0x0593
mem[X,0x0000000080002022] -> 0x2980
[1491] [M]: 0x0000000080002020 (0x29800593) addi x11, x0, 0x298                     common_Mexcpt_handler+48
x11 <- 0x0000000000000298

clint mtime 0x00000000000002EA (mip.MTI <- 0b1, mip.STI <- 0b0)
mem[X,0x0000000080002024] -> 0xF413
mem[X,0x0000000080002026] -> 0x0014
[1492] [M]: 0x0000000080002024 (0x0014F413) andi x8, x9, 0x1                        common_Mexcpt_handler+52
x8 <- 0x0000000000000000

mem[X,0x0000000080002028] -> 0x95B3
mem[X,0x000000008000202A] -> 0x0085
[1493] [M]: 0x0000000080002028 (0x008595B3) sll x11, x11, x8                        common_Mexcpt_handler+56
x11 <- 0x0000000000000298

clint mtime 0x00000000000002EB (mip.MTI <- 0b1, mip.STI <- 0b0)
mem[X,0x000000008000202C] -> 0x9413
mem[X,0x000000008000202E] -> 0x03D4
[1494] [M]: 0x000000008000202C (0x03D49413) slli x8, x9, 0x3d                       common_Mexcpt_handler+60
x8 <- 0x0000000000000000

mem[X,0x0000000080002030] -> 0x5413
mem[X,0x0000000080002032] -> 0x43F4
[1495] [M]: 0x0000000080002030 (0x43F45413) srai x8, x8, 0x3f                       common_Mexcpt_handler+64
x8 <- 0x0000000000000000

clint mtime 0x00000000000002EC (mip.MTI <- 0b1, mip.STI <- 0b0)
mem[X,0x0000000080002034] -> 0x4413
mem[X,0x0000000080002036] -> 0xFFF4
[1496] [M]: 0x0000000080002034 (0xFFF44413) xori x8, x8, -0x1                       common_Mexcpt_handler+68
x8 <- 0xFFFFFFFFFFFFFFFF

mem[X,0x0000000080002038] -> 0xF4B3
mem[X,0x000000008000203A] -> 0x0085
[1497] [M]: 0x0000000080002038 (0x0085F4B3) and x9, x11, x8                         common_Mexcpt_handler+72
x9 <- 0x0000000000000298

clint mtime 0x00000000000002ED (mip.MTI <- 0b1, mip.STI <- 0b0)
mem[X,0x000000008000203C] -> 0x84B3
mem[X,0x000000008000203E] -> 0x0024
[1498] [M]: 0x000000008000203C (0x002484B3) add x9, x9, x2                          vmem_adj_Mepc+0
x9 <- 0x0000000080005298

mem[X,0x0000000080002040] -> 0x23F3
mem[X,0x0000000080002042] -> 0x3410
[1499] [M]: 0x0000000080002040 (0x341023F3) csrrs x7, mepc, x0                      vmem_adj_Mepc+4
CSR mepc (0x341) -> 0x0000030080000DE4
x7 <- 0x0000030080000DE4

clint mtime 0x00000000000002EE (mip.MTI <- 0b1, mip.STI <- 0b0)
mem[X,0x0000000080002044] -> 0x0413
mem[X,0x0000000080002046] -> 0x0004
[1500] [M]: 0x0000000080002044 (0x00040413) addi x8, x8, 0x0                        vmem_adj_Mepc+8
x8 <- 0xFFFFFFFFFFFFFFFF

mem[X,0x0000000080002048] -> 0x006F
mem[X,0x000000008000204A] -> 0x0400
[1501] [M]: 0x0000000080002048 (0x0400006F) jal x0, 0x40                            vmem_adj_Mepc+12

clint mtime 0x00000000000002EF (mip.MTI <- 0b1, mip.STI <- 0b0)
mem[X,0x0000000080002088] -> 0x8433
mem[X,0x000000008000208A] -> 0x4083
[1502] [M]: 0x0000000080002088 (0x40838433) sub x8, x7, x8                          adj_Mepc+0
x8 <- 0x0000030080000DE5

mem[X,0x000000008000208C] -> 0x3823
mem[X,0x000000008000208E] -> 0x0083
[1503] [M]: 0x000000008000208C (0x00833823) sd x8, 0x10(x6)                         sv_Mepc+0
mem[W,0x000000008000A428] <- 0x0000030080000DE5

clint mtime 0x00000000000002F0 (mip.MTI <- 0b1, mip.STI <- 0b0)
mem[X,0x0000000080002090] -> 0x55B7
mem[X,0x0000000080002092] -> 0x0000
[1504] [M]: 0x0000000080002090 (0x000055B7) lui x11, 0x5                            sv_Mepc+4
x11 <- 0x0000000000005000

mem[X,0x0000000080002094] -> 0x8593
mem[X,0x0000000080002096] -> 0x6675
[1505] [M]: 0x0000000080002094 (0x66758593) addi x11, x11, 0x667                    sv_Mepc+8
x11 <- 0x0000000000005667

clint mtime 0x00000000000002F1 (mip.MTI <- 0b1, mip.STI <- 0b0)
mem[X,0x0000000080002098] -> 0x9593
mem[X,0x000000008000209A] -> 0x0015
[1506] [M]: 0x0000000080002098 (0x00159593) slli x11, x11, 0x1                      sv_Mepc+12
x11 <- 0x000000000000ACCE

mem[X,0x000000008000209C] -> 0x9063
mem[X,0x000000008000209E] -> 0x02B1
[1507] [M]: 0x000000008000209C (0x02B19063) bne x3, x11, 0x20                       sv_Mepc+16

clint mtime 0x00000000000002F2 (mip.MTI <- 0b1, mip.STI <- 0b0)
mem[X,0x00000000800020BC] -> 0xF593
mem[X,0x00000000800020BE] -> 0xFFC3
[1508] [M]: 0x00000000800020BC (0xFFC3F593) andi x11, x7, -0x4                      adj_Mepc_rtn+0
x11 <- 0x0000030080000DE4

mem[X,0x00000000800020C0] -> 0x8593
mem[X,0x00000000800020C2] -> 0x0085
[1509] [M]: 0x00000000800020C0 (0x00858593) addi x11, x11, 0x8                      adj_Mepc_rtn+4
x11 <- 0x0000030080000DEC

clint mtime 0x00000000000002F3 (mip.MTI <- 0b1, mip.STI <- 0b0)
mem[X,0x00000000800020C4] -> 0x9073
mem[X,0x00000000800020C6] -> 0x3415
[1510] [M]: 0x00000000800020C4 (0x34159073) csrrw x0, mepc, x11                     adj_Mepc_rtn+8
CSR mepc (0x341) <- 0x0000030080000DEC

mem[X,0x00000000800020C8] -> 0x23F3
mem[X,0x00000000800020CA] -> 0x3430
[1511] [M]: 0x00000000800020C8 (0x343023F3) csrrs x7, mtval, x0                     skp_adj_Mepc+0
CSR mtval (0x343) -> 0x0000030080000DE4
x7 <- 0x0000030080000DE4

clint mtime 0x00000000000002F4 (mip.MTI <- 0b1, mip.STI <- 0b0)
mem[X,0x00000000800020CC] -> 0x0413
mem[X,0x00000000800020CE] -> 0x0004
[1512] [M]: 0x00000000800020CC (0x00040413) addi x8, x8, 0x0                        skp_adj_Mepc+4
x8 <- 0x0000030080000DE5

mem[X,0x00000000800020D0] -> 0x006F
mem[X,0x00000000800020D2] -> 0x0840
[1513] [M]: 0x00000000800020D0 (0x0840006F) jal x0, 0x84                            skp_adj_Mepc+8

clint mtime 0x00000000000002F5 (mip.MTI <- 0b1, mip.STI <- 0b0)
mem[X,0x0000000080002154] -> 0x8433
mem[X,0x0000000080002156] -> 0x4083
[1514] [M]: 0x0000000080002154 (0x40838433) sub x8, x7, x8                          adj_Mtval+0
x8 <- 0xFFFFFFFFFFFFFFFF

mem[X,0x0000000080002158] -> 0x3C23
mem[X,0x000000008000215A] -> 0x0083
[1515] [M]: 0x0000000080002158 (0x00833C23) sd x8, 0x18(x6)                         sv_Mtval+0
mem[W,0x000000008000A430] <- 0xFFFFFFFFFFFFFFFF

clint mtime 0x00000000000002F6 (mip.MTI <- 0b1, mip.STI <- 0b0)
mem[X,0x000000008000215C] -> 0x3483
mem[X,0x000000008000215E] -> 0x2181
[1516] [M]: 0x000000008000215C (0x21813483) ld x9, 0x218(x2)                        skp_Mtval+0
mem[R,0x0000000080005218] -> 0x000000008000A438
x9 <- 0x000000008000A438

mem[X,0x0000000080002160] -> 0x3383
mem[X,0x0000000080002162] -> 0x1F81
[1517] [M]: 0x0000000080002160 (0x1F813383) ld x7, 0x1f8(x2)                        skp_Mtval+4
mem[R,0x00000000800051F8] -> 0x000000008000A110
x7 <- 0x000000008000A110

clint mtime 0x00000000000002F7 (mip.MTI <- 0b1, mip.STI <- 0b0)
mem[X,0x0000000080002164] -> 0x3303
mem[X,0x0000000080002166] -> 0x2001
[1518] [M]: 0x0000000080002164 (0x20013303) ld x6, 0x200(x2)                        skp_Mtval+8
mem[R,0x0000000080005200] -> 0x0000000000000410
x6 <- 0x0000000000000410

mem[X,0x0000000080002168] -> 0x0333
mem[X,0x000000008000216A] -> 0x0073
[1519] [M]: 0x0000000080002168 (0x00730333) add x6, x6, x7                          skp_Mtval+12
x6 <- 0x000000008000A520

clint mtime 0x00000000000002F8 (mip.MTI <- 0b1, mip.STI <- 0b0)
mem[X,0x000000008000216C] -> 0x6AE3
mem[X,0x000000008000216E] -> 0xAC93
[1520] [M]: 0x000000008000216C (0xAC936AE3) bltu x6, x9, -0x52c                     skp_Mtval+16

mem[X,0x0000000080002170] -> 0x0393
mem[X,0x0000000080002172] -> 0x2000
[1521] [M]: 0x0000000080002170 (0x20000393) addi x7, x0, 0x200                      skp_Mtval+20
x7 <- 0x0000000000000200

clint mtime 0x00000000000002F9 (mip.MTI <- 0b1, mip.STI <- 0b0)
mem[X,0x0000000080002174] -> 0x006F
mem[X,0x0000000080002176] -> 0x0400
[1522] [M]: 0x0000000080002174 (0x0400006F) jal x0, 0x40                            skp_Mtval+24

mem[X,0x00000000800021B4] -> 0x0417
mem[X,0x00000000800021B6] -> 0x0000
[1523] [M]: 0x00000000800021B4 (0x00000417) auipc x8, 0x0                           spcl_Mhandler+0
x8 <- 0x00000000800021B4

clint mtime 0x00000000000002FA (mip.MTI <- 0b1, mip.STI <- 0b0)
mem[X,0x00000000800021B8] -> 0x0413
mem[X,0x00000000800021BA] -> 0x03C4
[1524] [M]: 0x00000000800021B8 (0x03C40413) addi x8, x8, 0x3c                       spcl_Mhandler+4
x8 <- 0x00000000800021F0

mem[X,0x00000000800021BC] -> 0x0433
mem[X,0x00000000800021BE] -> 0x0074
[1525] [M]: 0x00000000800021BC (0x00740433) add x8, x8, x7                          spcl_Mhandler+8
x8 <- 0x00000000800023F0

clint mtime 0x00000000000002FB (mip.MTI <- 0b1, mip.STI <- 0b0)
mem[X,0x00000000800021C0] -> 0x1393
mem[X,0x00000000800021C2] -> 0x0035
[1526] [M]: 0x00000000800021C0 (0x00351393) slli x7, x10, 0x3                       spcl_Mhandler+12
x7 <- 0x0000000000000060

mem[X,0x00000000800021C4] -> 0x0433
mem[X,0x00000000800021C6] -> 0x0074
[1527] [M]: 0x00000000800021C4 (0x00740433) add x8, x8, x7                          spcl_Mhandler+16
x8 <- 0x0000000080002450

clint mtime 0x00000000000002FC (mip.MTI <- 0b1, mip.STI <- 0b0)
mem[X,0x00000000800021C8] -> 0x7413
mem[X,0x00000000800021CA] -> 0xFF84
[1528] [M]: 0x00000000800021C8 (0xFF847413) andi x8, x8, -0x8                       spcl_Mhandler+20
x8 <- 0x0000000080002450

mem[X,0x00000000800021CC] -> 0x3403
mem[X,0x00000000800021CE] -> 0x0004
[1529] [M]: 0x00000000800021CC (0x00043403) ld x8, 0x0(x8)                          spcl_Mhandler+24
mem[R,0x0000000080002450] -> 0x0000000000000019
x8 <- 0x0000000000000019

clint mtime 0x00000000000002FD (mip.MTI <- 0b1, mip.STI <- 0b0)
mem[X,0x00000000800021D0] -> 0x02E3
mem[X,0x00000000800021D2] -> 0xB004
[1530] [M]: 0x00000000800021D0 (0xB00402E3) beq x8, x0, -0x4fc                      spcl_Mdispatch_hndling+0

mem[X,0x00000000800021D4] -> 0x1393
mem[X,0x00000000800021D6] -> 0x03F4
[1531] [M]: 0x00000000800021D4 (0x03F41393) slli x7, x8, 0x3f                       spcl_Mdispatch_hndling+4
x7 <- 0x8000000000000000

clint mtime 0x00000000000002FE (mip.MTI <- 0b1, mip.STI <- 0b0)
mem[X,0x00000000800021D8] -> 0xD863
mem[X,0x00000000800021DA] -> 0x0003
[1532] [M]: 0x00000000800021D8 (0x0003D863) bge x7, x0, 0x10                        spcl_Mdispatch_hndling+8

mem[X,0x00000000800021DC] -> 0x5413
mem[X,0x00000000800021DE] -> 0x0014
[1533] [M]: 0x00000000800021DC (0x00145413) srli x8, x8, 0x1                        spcl_Mdispatch_hndling+12
x8 <- 0x000000000000000C

clint mtime 0x00000000000002FF (mip.MTI <- 0b1, mip.STI <- 0b0)
mem[X,0x00000000800021E0] -> 0x0CE3
mem[X,0x00000000800021E2] -> 0xF885
[1534] [M]: 0x00000000800021E0 (0xF8850CE3) beq x10, x8, -0x68                      spcl_Mdispatch_hndling+16

mem[X,0x0000000080002178] -> 0x3303
mem[X,0x000000008000217A] -> 0x2601
[1535] [M]: 0x0000000080002178 (0x26013303) ld x6, 0x260(x2)                        resto_Mrtn+0
mem[R,0x0000000080005260] -> 0x000002FFFFFFFFF8
x6 <- 0x000002FFFFFFFFF8

clint mtime 0x0000000000000300 (mip.MTI <- 0b1, mip.STI <- 0b0)
mem[X,0x000000008000217C] -> 0x3383
mem[X,0x000000008000217E] -> 0x2681
[1536] [M]: 0x000000008000217C (0x26813383) ld x7, 0x268(x2)                        resto_Mrtn+4
mem[R,0x0000000080005268] -> 0x0000000080005000
x7 <- 0x0000000080005000

mem[X,0x0000000080002180] -> 0x3403
mem[X,0x0000000080002182] -> 0x2701
[1537] [M]: 0x0000000080002180 (0x27013403) ld x8, 0x270(x2)                        resto_Mrtn+8
mem[R,0x0000000080005270] -> 0x0000000000007F76
x8 <- 0x0000000000007F76

clint mtime 0x0000000000000301 (mip.MTI <- 0b1, mip.STI <- 0b0)
mem[X,0x0000000080002184] -> 0x3483
mem[X,0x0000000080002186] -> 0x2781
[1538] [M]: 0x0000000080002184 (0x27813483) ld x9, 0x278(x2)                        resto_Mrtn+12
mem[R,0x0000000080005278] -> 0x0000000000000000
x9 <- 0x0000000000000000

mem[X,0x0000000080002188] -> 0x3503
mem[X,0x000000008000218A] -> 0x2801
[1539] [M]: 0x0000000080002188 (0x28013503) ld x10, 0x280(x2)                       resto_Mrtn+16
mem[R,0x0000000080005280] -> 0x00000000000000CF
x10 <- 0x00000000000000CF

clint mtime 0x0000000000000302 (mip.MTI <- 0b1, mip.STI <- 0b0)
mem[X,0x000000008000218C] -> 0x3583
mem[X,0x000000008000218E] -> 0x2881
[1540] [M]: 0x000000008000218C (0x28813583) ld x11, 0x288(x2)                       resto_Mrtn+20
mem[R,0x0000000080005288] -> 0x00000000000000CF
x11 <- 0x00000000000000CF

mem[X,0x0000000080002190] -> 0x3103
mem[X,0x0000000080002192] -> 0x2901
[1541] [M]: 0x0000000080002190 (0x29013103) ld x2, 0x290(x2)                        resto_Mrtn+24
mem[R,0x0000000080005290] -> 0x0000000080005000
x2 <- 0x0000000080005000

clint mtime 0x0000000000000303 (mip.MTI <- 0b1, mip.STI <- 0b0)
mem[X,0x0000000080002194] -> 0x0073
mem[X,0x0000000080002196] -> 0x3020
[1542] [M]: 0x0000000080002194 (0x30200073) mret                                    resto_Mrtn+28
CSR mstatus (0x300) <- 0x0000000A00000080
ret-ing from M to S

PTW: Start, vpn=0x30080000, access_type=X, privilege=Smem[R,0x0000000080009030] -> 0xCB00000000000000
PTW: Step, level=3, pte=0xCB00000000000000, pte_addr=0x80009030
PTW: failed, error=invalid-pte, level=3, pte_addr=0x80009030
trapping from S to M to handle fetch-page-fault
handling exc#fetch-page-fault at priv M with tval 0x0000030080000DEC
CSR mstatus (0x300) <- 0x0000000A00000800
CSR mcause (0x342) <- 0x000000000000000C
CSR mtval (0x343) <- 0x0000030080000DEC
CSR mepc (0x341) <- 0x0000030080000DEC

clint mtime 0x0000000000000304 (mip.MTI <- 0b1, mip.STI <- 0b0)
mem[X,0x0000000080001D40] -> 0x006F
mem[X,0x0000000080001D42] -> 0x1000
[1544] [M]: 0x0000000080001D40 (0x1000006F) jal x0, 0x100                           Mtrampoline+0

mem[X,0x0000000080001E40] -> 0x1173
mem[X,0x0000000080001E42] -> 0x3401
[1545] [M]: 0x0000000080001E40 (0x34011173) csrrw x2, mscratch, x2                  trap_Mhandler+0
CSR mscratch (0x340) <- 0x0000000080005000
x2 <- 0x0000000080005000

clint mtime 0x0000000000000305 (mip.MTI <- 0b1, mip.STI <- 0b0)
mem[X,0x0000000080001E44] -> 0x3423
mem[X,0x0000000080001E46] -> 0x28B1
[1546] [M]: 0x0000000080001E44 (0x28B13423) sd x11, 0x288(x2)                       trap_Mhandler+4
mem[W,0x0000000080005288] <- 0x00000000000000CF

mem[X,0x0000000080001E48] -> 0x05EF
mem[X,0x0000000080001E4A] -> 0x0B80
[1547] [M]: 0x0000000080001E48 (0x0B8005EF) jal x11, 0xb8                           trap_Mhandler+8
x11 <- 0x0000000080001E4C

clint mtime 0x0000000000000306 (mip.MTI <- 0b1, mip.STI <- 0b0)
mem[X,0x0000000080001F00] -> 0x3023
mem[X,0x0000000080001F02] -> 0x28A1
[1548] [M]: 0x0000000080001F00 (0x28A13023) sd x10, 0x280(x2)                       common_Mhandler+0
mem[W,0x0000000080005280] <- 0x00000000000000CF

mem[X,0x0000000080001F04] -> 0x1573
mem[X,0x0000000080001F06] -> 0x3401
[1549] [M]: 0x0000000080001F04 (0x34011573) csrrw x10, mscratch, x2                 common_Mhandler+4
CSR mscratch (0x340) <- 0x0000000080005000
x10 <- 0x0000000080005000

clint mtime 0x0000000000000307 (mip.MTI <- 0b1, mip.STI <- 0b0)
mem[X,0x0000000080001F08] -> 0x3823
mem[X,0x0000000080001F0A] -> 0x28A1
[1550] [M]: 0x0000000080001F08 (0x28A13823) sd x10, 0x290(x2)                       common_Mhandler+8
mem[W,0x0000000080005290] <- 0x0000000080005000

mem[X,0x0000000080001F0C] -> 0x3503
mem[X,0x0000000080001F0E] -> 0x2301
[1551] [M]: 0x0000000080001F0C (0x23013503) ld x10, 0x230(x2)                       common_Mhandler+12
mem[R,0x0000000080005230] -> 0x0000000080001F14
x10 <- 0x0000000080001F14

clint mtime 0x0000000000000308 (mip.MTI <- 0b1, mip.STI <- 0b0)
mem[X,0x0000000080001F10] -> 0x0067
mem[X,0x0000000080001F12] -> 0x0005
[1552] [M]: 0x0000000080001F10 (0x00050067) jalr x0, 0x0(x10)                       common_Mhandler+16

mem[X,0x0000000080001F14] -> 0x3C23
mem[X,0x0000000080001F16] -> 0x2691
[1553] [M]: 0x0000000080001F14 (0x26913C23) sd x9, 0x278(x2)                        common_Mentry+0
mem[W,0x0000000080005278] <- 0x0000000000000000

clint mtime 0x0000000000000309 (mip.MTI <- 0b1, mip.STI <- 0b0)
mem[X,0x0000000080001F18] -> 0x3823
mem[X,0x0000000080001F1A] -> 0x2681
[1554] [M]: 0x0000000080001F18 (0x26813823) sd x8, 0x270(x2)                        common_Mentry+4
mem[W,0x0000000080005270] <- 0x0000000000007F76

mem[X,0x0000000080001F1C] -> 0x3423
mem[X,0x0000000080001F1E] -> 0x2671
[1555] [M]: 0x0000000080001F1C (0x26713423) sd x7, 0x268(x2)                        common_Mentry+8
mem[W,0x0000000080005268] <- 0x0000000080005000

clint mtime 0x000000000000030A (mip.MTI <- 0b1, mip.STI <- 0b0)
mem[X,0x0000000080001F20] -> 0x3023
mem[X,0x0000000080001F22] -> 0x2661
[1556] [M]: 0x0000000080001F20 (0x26613023) sd x6, 0x260(x2)                        common_Mentry+12
mem[W,0x0000000080005260] <- 0x000002FFFFFFFFF8

mem[X,0x0000000080001F24] -> 0x2573
mem[X,0x0000000080001F26] -> 0x3420
[1557] [M]: 0x0000000080001F24 (0x34202573) csrrs x10, mcause, x0                   spcl_M2mmode_test+0
CSR mcause (0x342) -> 0x000000000000000C
x10 <- 0x000000000000000C

clint mtime 0x000000000000030B (mip.MTI <- 0b1, mip.STI <- 0b0)
mem[X,0x0000000080001F28] -> 0x04B7
mem[X,0x0000000080001F2A] -> 0x8000
[1558] [M]: 0x0000000080001F28 (0x800004B7) lui x9, -0x80000                        spcl_M2mmode_test+4
x9 <- 0xFFFFFFFF80000000

mem[X,0x0000000080001F2C] -> 0x8493
mem[X,0x0000000080001F2E] -> 0x0004
[1559] [M]: 0x0000000080001F2C (0x00048493) addi x9, x9, 0x0                        spcl_M2mmode_test+8
x9 <- 0xFFFFFFFF80000000

clint mtime 0x000000000000030C (mip.MTI <- 0b1, mip.STI <- 0b0)
mem[X,0x0000000080001F30] -> 0x9493
mem[X,0x0000000080001F32] -> 0x00B4
[1560] [M]: 0x0000000080001F30 (0x00B49493) slli x9, x9, 0xb                        spcl_M2mmode_test+12
x9 <- 0xFFFFFC0000000000

mem[X,0x0000000080001F34] -> 0x8493
mem[X,0x0000000080001F36] -> 0x0004
[1561] [M]: 0x0000000080001F34 (0x00048493) addi x9, x9, 0x0                        spcl_M2mmode_test+16
x9 <- 0xFFFFFC0000000000

clint mtime 0x000000000000030D (mip.MTI <- 0b1, mip.STI <- 0b0)
mem[X,0x0000000080001F38] -> 0x9493
mem[X,0x0000000080001F3A] -> 0x00B4
[1562] [M]: 0x0000000080001F38 (0x00B49493) slli x9, x9, 0xb                        spcl_M2mmode_test+20
x9 <- 0xFFE0000000000000

mem[X,0x0000000080001F3C] -> 0x8493
mem[X,0x0000000080001F3E] -> 0x0034
[1563] [M]: 0x0000000080001F3C (0x00348493) addi x9, x9, 0x3                        spcl_M2mmode_test+24
x9 <- 0xFFE0000000000003

clint mtime 0x000000000000030E (mip.MTI <- 0b1, mip.STI <- 0b0)
mem[X,0x0000000080001F40] -> 0x9493
mem[X,0x0000000080001F42] -> 0x00A4
[1564] [M]: 0x0000000080001F40 (0x00A49493) slli x9, x9, 0xa                        spcl_M2mmode_test+28
x9 <- 0x8000000000000C00

mem[X,0x0000000080001F44] -> 0x8493
mem[X,0x0000000080001F46] -> 0x3FC4
[1565] [M]: 0x0000000080001F44 (0x3FC48493) addi x9, x9, 0x3fc                      spcl_M2mmode_test+32
x9 <- 0x8000000000000FFC

clint mtime 0x000000000000030F (mip.MTI <- 0b1, mip.STI <- 0b0)
mem[X,0x0000000080001F48] -> 0xF4B3
mem[X,0x0000000080001F4A] -> 0x00A4
[1566] [M]: 0x0000000080001F48 (0x00A4F4B3) and x9, x9, x10                         spcl_M2mmode_test+36
x9 <- 0x000000000000000C

mem[X,0x0000000080001F4C] -> 0x8493
mem[X,0x0000000080001F4E] -> 0xFF84
[1567] [M]: 0x0000000080001F4C (0xFF848493) addi x9, x9, -0x8                       spcl_M2mmode_test+40
x9 <- 0x0000000000000004

clint mtime 0x0000000000000310 (mip.MTI <- 0b1, mip.STI <- 0b0)
mem[X,0x0000000080001F50] -> 0x9663
mem[X,0x0000000080001F52] -> 0x0004
[1568] [M]: 0x0000000080001F50 (0x00049663) bne x9, x0, 0xc                         spcl_M2mmode_test+44

mem[X,0x0000000080001F5C] -> 0x0393
mem[X,0x0000000080001F5E] -> 0x0200
[1569] [M]: 0x0000000080001F5C (0x02000393) addi x7, x0, 0x20                       Mtrapsig_ptr_upd+0
x7 <- 0x0000000000000020

clint mtime 0x0000000000000311 (mip.MTI <- 0b1, mip.STI <- 0b0)
mem[X,0x0000000080001F60] -> 0x5263
mem[X,0x0000000080001F62] -> 0x0405
[1570] [M]: 0x0000000080001F60 (0x04055263) bge x10, x0, 0x44                       Mtrapsig_ptr_upd+4

mem[X,0x0000000080001FA4] -> 0x2373
mem[X,0x0000000080001FA6] -> 0x3010
[1571] [M]: 0x0000000080001FA4 (0x30102373) csrrs x6, misa, x0                      Mxcpt_sig_sv+0
CSR misa (0x301) -> 0x800000000034112F
x6 <- 0x800000000034112F

clint mtime 0x0000000000000312 (mip.MTI <- 0b1, mip.STI <- 0b0)
mem[X,0x0000000080001FA8] -> 0x1313
mem[X,0x0000000080001FAA] -> 0x0383
[1572] [M]: 0x0000000080001FA8 (0x03831313) slli x6, x6, 0x38                       Mxcpt_sig_sv+4
x6 <- 0x2F00000000000000

mem[X,0x0000000080001FAC] -> 0x5463
mem[X,0x0000000080001FAE] -> 0x0003
[1573] [M]: 0x0000000080001FAC (0x00035463) bge x6, x0, 0x8                         Mxcpt_sig_sv+8

clint mtime 0x0000000000000313 (mip.MTI <- 0b1, mip.STI <- 0b0)
mem[X,0x0000000080001FB4] -> 0x3303
mem[X,0x0000000080001FB6] -> 0x2181
[1574] [M]: 0x0000000080001FB4 (0x21813303) ld x6, 0x218(x2)                        Mtrap_sig_sv+0
mem[R,0x0000000080005218] -> 0x000000008000A438
x6 <- 0x000000008000A438

mem[X,0x0000000080001FB8] -> 0x04B3
mem[X,0x0000000080001FBA] -> 0x0073
[1575] [M]: 0x0000000080001FB8 (0x007304B3) add x9, x6, x7                          Mtrap_sig_sv+4
x9 <- 0x000000008000A458

clint mtime 0x0000000000000314 (mip.MTI <- 0b1, mip.STI <- 0b0)
mem[X,0x0000000080001FBC] -> 0x3C23
mem[X,0x0000000080001FBE] -> 0x2091
[1576] [M]: 0x0000000080001FBC (0x20913C23) sd x9, 0x218(x2)                        Mtrap_sig_sv+8
mem[W,0x0000000080005218] <- 0x000000008000A458

mem[X,0x0000000080001FC0] -> 0x3403
mem[X,0x0000000080001FC2] -> 0x1F81
[1577] [M]: 0x0000000080001FC0 (0x1F813403) ld x8, 0x1f8(x2)                        Mtrap_sig_sv+12
mem[R,0x00000000800051F8] -> 0x000000008000A110
x8 <- 0x000000008000A110

clint mtime 0x0000000000000315 (mip.MTI <- 0b1, mip.STI <- 0b0)
mem[X,0x0000000080001FC4] -> 0x0333
mem[X,0x0000000080001FC6] -> 0x4083
[1578] [M]: 0x0000000080001FC4 (0x40830333) sub x6, x6, x8                          Mtrap_sig_sv+16
x6 <- 0x0000000000000328

mem[X,0x0000000080001FC8] -> 0x3403
mem[X,0x0000000080001FCA] -> 0x1F81
[1579] [M]: 0x0000000080001FC8 (0x1F813403) ld x8, 0x1f8(x2)                        Mtrap_sig_sv+20
mem[R,0x00000000800051F8] -> 0x000000008000A110
x8 <- 0x000000008000A110

clint mtime 0x0000000000000316 (mip.MTI <- 0b1, mip.STI <- 0b0)
mem[X,0x0000000080001FCC] -> 0x0333
mem[X,0x0000000080001FCE] -> 0x0083
[1580] [M]: 0x0000000080001FCC (0x00830333) add x6, x6, x8                          Mtrap_sig_sv+24
x6 <- 0x000000008000A438

mem[X,0x0000000080001FD0] -> 0x3403
mem[X,0x0000000080001FD2] -> 0x2401
[1581] [M]: 0x0000000080001FD0 (0x24013403) ld x8, 0x240(x2)                        Mtrap_sig_sv+28
mem[R,0x0000000080005240] -> 0x0000000080001D40
x8 <- 0x0000000080001D40

clint mtime 0x0000000000000317 (mip.MTI <- 0b1, mip.STI <- 0b0)
mem[X,0x0000000080001FD4] -> 0x85B3
mem[X,0x0000000080001FD6] -> 0x4085
[1582] [M]: 0x0000000080001FD4 (0x408585B3) sub x11, x11, x8                        sv_Mvect+0
x11 <- 0x000000000000010C

mem[X,0x0000000080001FD8] -> 0x9593
mem[X,0x0000000080001FDA] -> 0x0045
[1583] [M]: 0x0000000080001FD8 (0x00459593) slli x11, x11, 0x4                      sv_Mvect+4
x11 <- 0x00000000000010C0

clint mtime 0x0000000000000318 (mip.MTI <- 0b1, mip.STI <- 0b0)
mem[X,0x0000000080001FDC] -> 0xE5B3
mem[X,0x0000000080001FDE] -> 0x0075
[1584] [M]: 0x0000000080001FDC (0x0075E5B3) or x11, x11, x7                         sv_Mvect+8
x11 <- 0x00000000000010E0

mem[X,0x0000000080001FE0] -> 0x8593
mem[X,0x0000000080001FE2] -> 0x0035
[1585] [M]: 0x0000000080001FE0 (0x00358593) addi x11, x11, 0x3                      sv_Mvect+12
x11 <- 0x00000000000010E3

clint mtime 0x0000000000000319 (mip.MTI <- 0b1, mip.STI <- 0b0)
mem[X,0x0000000080001FE4] -> 0x3023
mem[X,0x0000000080001FE6] -> 0x00B3
[1586] [M]: 0x0000000080001FE4 (0x00B33023) sd x11, 0x0(x6)                         sv_Mvect+16
mem[W,0x000000008000A438] <- 0x00000000000010E3

mem[X,0x0000000080001FE8] -> 0x3423
mem[X,0x0000000080001FEA] -> 0x00A3
[1587] [M]: 0x0000000080001FE8 (0x00A33423) sd x10, 0x8(x6)                         sv_Mcause+0
mem[W,0x000000008000A440] <- 0x000000000000000C

clint mtime 0x000000000000031A (mip.MTI <- 0b1, mip.STI <- 0b0)
mem[X,0x0000000080001FEC] -> 0x4663
mem[X,0x0000000080001FEE] -> 0x1A05
[1588] [M]: 0x0000000080001FEC (0x1A054663) blt x10, x0, 0x1ac                      sv_Mcause+4

mem[X,0x0000000080001FF0] -> 0x25F3
mem[X,0x0000000080001FF2] -> 0x3000
[1589] [M]: 0x0000000080001FF0 (0x300025F3) csrrs x11, mstatus, x0                  common_Mexcpt_handler+0
CSR mstatus (0x300) -> 0x0000000A00000800
x11 <- 0x0000000A00000800

clint mtime 0x000000000000031B (mip.MTI <- 0b1, mip.STI <- 0b0)
mem[X,0x0000000080001FF4] -> 0x9413
mem[X,0x0000000080001FF6] -> 0x02E5
[1590] [M]: 0x0000000080001FF4 (0x02E59413) slli x8, x11, 0x2e                      common_Mexcpt_handler+4
x8 <- 0x0200000000000000

mem[X,0x0000000080001FF8] -> 0x5463
mem[X,0x0000000080001FFA] -> 0x0004
[1591] [M]: 0x0000000080001FF8 (0x00045463) bge x8, x0, 0x8                         common_Mexcpt_handler+8

clint mtime 0x000000000000031C (mip.MTI <- 0b1, mip.STI <- 0b0)
mem[X,0x0000000080002000] -> 0xD493
mem[X,0x0000000080002002] -> 0x00B5
[1592] [M]: 0x0000000080002000 (0x00B5D493) srli x9, x11, 0xb                       common_Mexcpt_handler+16
x9 <- 0x0000000001400001

mem[X,0x0000000080002004] -> 0xF493
mem[X,0x0000000080002006] -> 0x0034
[1593] [M]: 0x0000000080002004 (0x0034F493) andi x9, x9, 0x3                        common_Mexcpt_handler+20
x9 <- 0x0000000000000001

clint mtime 0x000000000000031D (mip.MTI <- 0b1, mip.STI <- 0b0)
mem[X,0x0000000080002008] -> 0x8493
mem[X,0x000000008000200A] -> 0x0014
[1594] [M]: 0x0000000080002008 (0x00148493) addi x9, x9, 0x1                        common_Mexcpt_handler+24
x9 <- 0x0000000000000002

mem[X,0x000000008000200C] -> 0xF493
mem[X,0x000000008000200E] -> 0x0044
[1595] [M]: 0x000000008000200C (0x0044F493) andi x9, x9, 0x4                        common_Mexcpt_handler+28
x9 <- 0x0000000000000000

clint mtime 0x000000000000031E (mip.MTI <- 0b1, mip.STI <- 0b0)
mem[X,0x0000000080002010] -> 0x0593
mem[X,0x0000000080002012] -> 0x05D0
[1596] [M]: 0x0000000080002010 (0x05D00593) addi x11, x0, 0x5d                      common_Mexcpt_handler+32
x11 <- 0x000000000000005D

mem[X,0x0000000080002014] -> 0xD5B3
mem[X,0x0000000080002016] -> 0x0095
[1597] [M]: 0x0000000080002014 (0x0095D5B3) srl x11, x11, x9                        common_Mexcpt_handler+36
x11 <- 0x000000000000005D

clint mtime 0x000000000000031F (mip.MTI <- 0b1, mip.STI <- 0b0)
mem[X,0x0000000080002018] -> 0xF593
mem[X,0x000000008000201A] -> 0x0015
[1598] [M]: 0x0000000080002018 (0x0015F593) andi x11, x11, 0x1                      common_Mexcpt_handler+40
x11 <- 0x0000000000000001

mem[X,0x000000008000201C] -> 0x8EE3
mem[X,0x000000008000201E] -> 0xF405
[1599] [M]: 0x000000008000201C (0xF4058EE3) beq x11, x0, -0xa4                      common_Mexcpt_handler+44

clint mtime 0x0000000000000320 (mip.MTI <- 0b1, mip.STI <- 0b0)
mem[X,0x0000000080002020] -> 0x0593
mem[X,0x0000000080002022] -> 0x2980
[1600] [M]: 0x0000000080002020 (0x29800593) addi x11, x0, 0x298                     common_Mexcpt_handler+48
x11 <- 0x0000000000000298

mem[X,0x0000000080002024] -> 0xF413
mem[X,0x0000000080002026] -> 0x0014
[1601] [M]: 0x0000000080002024 (0x0014F413) andi x8, x9, 0x1                        common_Mexcpt_handler+52
x8 <- 0x0000000000000000

clint mtime 0x0000000000000321 (mip.MTI <- 0b1, mip.STI <- 0b0)
mem[X,0x0000000080002028] -> 0x95B3
mem[X,0x000000008000202A] -> 0x0085
[1602] [M]: 0x0000000080002028 (0x008595B3) sll x11, x11, x8                        common_Mexcpt_handler+56
x11 <- 0x0000000000000298

mem[X,0x000000008000202C] -> 0x9413
mem[X,0x000000008000202E] -> 0x03D4
[1603] [M]: 0x000000008000202C (0x03D49413) slli x8, x9, 0x3d                       common_Mexcpt_handler+60
x8 <- 0x0000000000000000

clint mtime 0x0000000000000322 (mip.MTI <- 0b1, mip.STI <- 0b0)
mem[X,0x0000000080002030] -> 0x5413
mem[X,0x0000000080002032] -> 0x43F4
[1604] [M]: 0x0000000080002030 (0x43F45413) srai x8, x8, 0x3f                       common_Mexcpt_handler+64
x8 <- 0x0000000000000000

mem[X,0x0000000080002034] -> 0x4413
mem[X,0x0000000080002036] -> 0xFFF4
[1605] [M]: 0x0000000080002034 (0xFFF44413) xori x8, x8, -0x1                       common_Mexcpt_handler+68
x8 <- 0xFFFFFFFFFFFFFFFF

clint mtime 0x0000000000000323 (mip.MTI <- 0b1, mip.STI <- 0b0)
mem[X,0x0000000080002038] -> 0xF4B3
mem[X,0x000000008000203A] -> 0x0085
[1606] [M]: 0x0000000080002038 (0x0085F4B3) and x9, x11, x8                         common_Mexcpt_handler+72
x9 <- 0x0000000000000298

mem[X,0x000000008000203C] -> 0x84B3
mem[X,0x000000008000203E] -> 0x0024
[1607] [M]: 0x000000008000203C (0x002484B3) add x9, x9, x2                          vmem_adj_Mepc+0
x9 <- 0x0000000080005298

clint mtime 0x0000000000000324 (mip.MTI <- 0b1, mip.STI <- 0b0)
mem[X,0x0000000080002040] -> 0x23F3
mem[X,0x0000000080002042] -> 0x3410
[1608] [M]: 0x0000000080002040 (0x341023F3) csrrs x7, mepc, x0                      vmem_adj_Mepc+4
CSR mepc (0x341) -> 0x0000030080000DEC
x7 <- 0x0000030080000DEC

mem[X,0x0000000080002044] -> 0x0413
mem[X,0x0000000080002046] -> 0x0004
[1609] [M]: 0x0000000080002044 (0x00040413) addi x8, x8, 0x0                        vmem_adj_Mepc+8
x8 <- 0xFFFFFFFFFFFFFFFF

clint mtime 0x0000000000000325 (mip.MTI <- 0b1, mip.STI <- 0b0)
mem[X,0x0000000080002048] -> 0x006F
mem[X,0x000000008000204A] -> 0x0400
[1610] [M]: 0x0000000080002048 (0x0400006F) jal x0, 0x40                            vmem_adj_Mepc+12

mem[X,0x0000000080002088] -> 0x8433
mem[X,0x000000008000208A] -> 0x4083
[1611] [M]: 0x0000000080002088 (0x40838433) sub x8, x7, x8                          adj_Mepc+0
x8 <- 0x0000030080000DED

clint mtime 0x0000000000000326 (mip.MTI <- 0b1, mip.STI <- 0b0)
mem[X,0x000000008000208C] -> 0x3823
mem[X,0x000000008000208E] -> 0x0083
[1612] [M]: 0x000000008000208C (0x00833823) sd x8, 0x10(x6)                         sv_Mepc+0
mem[W,0x000000008000A448] <- 0x0000030080000DED

mem[X,0x0000000080002090] -> 0x55B7
mem[X,0x0000000080002092] -> 0x0000
[1613] [M]: 0x0000000080002090 (0x000055B7) lui x11, 0x5                            sv_Mepc+4
x11 <- 0x0000000000005000

clint mtime 0x0000000000000327 (mip.MTI <- 0b1, mip.STI <- 0b0)
mem[X,0x0000000080002094] -> 0x8593
mem[X,0x0000000080002096] -> 0x6675
[1614] [M]: 0x0000000080002094 (0x66758593) addi x11, x11, 0x667                    sv_Mepc+8
x11 <- 0x0000000000005667

mem[X,0x0000000080002098] -> 0x9593
mem[X,0x000000008000209A] -> 0x0015
[1615] [M]: 0x0000000080002098 (0x00159593) slli x11, x11, 0x1                      sv_Mepc+12
x11 <- 0x000000000000ACCE

clint mtime 0x0000000000000328 (mip.MTI <- 0b1, mip.STI <- 0b0)
mem[X,0x000000008000209C] -> 0x9063
mem[X,0x000000008000209E] -> 0x02B1
[1616] [M]: 0x000000008000209C (0x02B19063) bne x3, x11, 0x20                       sv_Mepc+16

mem[X,0x00000000800020BC] -> 0xF593
mem[X,0x00000000800020BE] -> 0xFFC3
[1617] [M]: 0x00000000800020BC (0xFFC3F593) andi x11, x7, -0x4                      adj_Mepc_rtn+0
x11 <- 0x0000030080000DEC

clint mtime 0x0000000000000329 (mip.MTI <- 0b1, mip.STI <- 0b0)
mem[X,0x00000000800020C0] -> 0x8593
mem[X,0x00000000800020C2] -> 0x0085
[1618] [M]: 0x00000000800020C0 (0x00858593) addi x11, x11, 0x8                      adj_Mepc_rtn+4
x11 <- 0x0000030080000DF4

mem[X,0x00000000800020C4] -> 0x9073
mem[X,0x00000000800020C6] -> 0x3415
[1619] [M]: 0x00000000800020C4 (0x34159073) csrrw x0, mepc, x11                     adj_Mepc_rtn+8
CSR mepc (0x341) <- 0x0000030080000DF4

clint mtime 0x000000000000032A (mip.MTI <- 0b1, mip.STI <- 0b0)
mem[X,0x00000000800020C8] -> 0x23F3
mem[X,0x00000000800020CA] -> 0x3430
[1620] [M]: 0x00000000800020C8 (0x343023F3) csrrs x7, mtval, x0                     skp_adj_Mepc+0
CSR mtval (0x343) -> 0x0000030080000DEC
x7 <- 0x0000030080000DEC

mem[X,0x00000000800020CC] -> 0x0413
mem[X,0x00000000800020CE] -> 0x0004
[1621] [M]: 0x00000000800020CC (0x00040413) addi x8, x8, 0x0                        skp_adj_Mepc+4
x8 <- 0x0000030080000DED

clint mtime 0x000000000000032B (mip.MTI <- 0b1, mip.STI <- 0b0)
mem[X,0x00000000800020D0] -> 0x006F
mem[X,0x00000000800020D2] -> 0x0840
[1622] [M]: 0x00000000800020D0 (0x0840006F) jal x0, 0x84                            skp_adj_Mepc+8

mem[X,0x0000000080002154] -> 0x8433
mem[X,0x0000000080002156] -> 0x4083
[1623] [M]: 0x0000000080002154 (0x40838433) sub x8, x7, x8                          adj_Mtval+0
x8 <- 0xFFFFFFFFFFFFFFFF

clint mtime 0x000000000000032C (mip.MTI <- 0b1, mip.STI <- 0b0)
mem[X,0x0000000080002158] -> 0x3C23
mem[X,0x000000008000215A] -> 0x0083
[1624] [M]: 0x0000000080002158 (0x00833C23) sd x8, 0x18(x6)                         sv_Mtval+0
mem[W,0x000000008000A450] <- 0xFFFFFFFFFFFFFFFF

mem[X,0x000000008000215C] -> 0x3483
mem[X,0x000000008000215E] -> 0x2181
[1625] [M]: 0x000000008000215C (0x21813483) ld x9, 0x218(x2)                        skp_Mtval+0
mem[R,0x0000000080005218] -> 0x000000008000A458
x9 <- 0x000000008000A458

clint mtime 0x000000000000032D (mip.MTI <- 0b1, mip.STI <- 0b0)
mem[X,0x0000000080002160] -> 0x3383
mem[X,0x0000000080002162] -> 0x1F81
[1626] [M]: 0x0000000080002160 (0x1F813383) ld x7, 0x1f8(x2)                        skp_Mtval+4
mem[R,0x00000000800051F8] -> 0x000000008000A110
x7 <- 0x000000008000A110

mem[X,0x0000000080002164] -> 0x3303
mem[X,0x0000000080002166] -> 0x2001
[1627] [M]: 0x0000000080002164 (0x20013303) ld x6, 0x200(x2)                        skp_Mtval+8
mem[R,0x0000000080005200] -> 0x0000000000000410
x6 <- 0x0000000000000410

clint mtime 0x000000000000032E (mip.MTI <- 0b1, mip.STI <- 0b0)
mem[X,0x0000000080002168] -> 0x0333
mem[X,0x000000008000216A] -> 0x0073
[1628] [M]: 0x0000000080002168 (0x00730333) add x6, x6, x7                          skp_Mtval+12
x6 <- 0x000000008000A520

mem[X,0x000000008000216C] -> 0x6AE3
mem[X,0x000000008000216E] -> 0xAC93
[1629] [M]: 0x000000008000216C (0xAC936AE3) bltu x6, x9, -0x52c                     skp_Mtval+16

clint mtime 0x000000000000032F (mip.MTI <- 0b1, mip.STI <- 0b0)
mem[X,0x0000000080002170] -> 0x0393
mem[X,0x0000000080002172] -> 0x2000
[1630] [M]: 0x0000000080002170 (0x20000393) addi x7, x0, 0x200                      skp_Mtval+20
x7 <- 0x0000000000000200

mem[X,0x0000000080002174] -> 0x006F
mem[X,0x0000000080002176] -> 0x0400
[1631] [M]: 0x0000000080002174 (0x0400006F) jal x0, 0x40                            skp_Mtval+24

clint mtime 0x0000000000000330 (mip.MTI <- 0b1, mip.STI <- 0b0)
mem[X,0x00000000800021B4] -> 0x0417
mem[X,0x00000000800021B6] -> 0x0000
[1632] [M]: 0x00000000800021B4 (0x00000417) auipc x8, 0x0                           spcl_Mhandler+0
x8 <- 0x00000000800021B4

mem[X,0x00000000800021B8] -> 0x0413
mem[X,0x00000000800021BA] -> 0x03C4
[1633] [M]: 0x00000000800021B8 (0x03C40413) addi x8, x8, 0x3c                       spcl_Mhandler+4
x8 <- 0x00000000800021F0

clint mtime 0x0000000000000331 (mip.MTI <- 0b1, mip.STI <- 0b0)
mem[X,0x00000000800021BC] -> 0x0433
mem[X,0x00000000800021BE] -> 0x0074
[1634] [M]: 0x00000000800021BC (0x00740433) add x8, x8, x7                          spcl_Mhandler+8
x8 <- 0x00000000800023F0

mem[X,0x00000000800021C0] -> 0x1393
mem[X,0x00000000800021C2] -> 0x0035
[1635] [M]: 0x00000000800021C0 (0x00351393) slli x7, x10, 0x3                       spcl_Mhandler+12
x7 <- 0x0000000000000060

clint mtime 0x0000000000000332 (mip.MTI <- 0b1, mip.STI <- 0b0)
mem[X,0x00000000800021C4] -> 0x0433
mem[X,0x00000000800021C6] -> 0x0074
[1636] [M]: 0x00000000800021C4 (0x00740433) add x8, x8, x7                          spcl_Mhandler+16
x8 <- 0x0000000080002450

mem[X,0x00000000800021C8] -> 0x7413
mem[X,0x00000000800021CA] -> 0xFF84
[1637] [M]: 0x00000000800021C8 (0xFF847413) andi x8, x8, -0x8                       spcl_Mhandler+20
x8 <- 0x0000000080002450

clint mtime 0x0000000000000333 (mip.MTI <- 0b1, mip.STI <- 0b0)
mem[X,0x00000000800021CC] -> 0x3403
mem[X,0x00000000800021CE] -> 0x0004
[1638] [M]: 0x00000000800021CC (0x00043403) ld x8, 0x0(x8)                          spcl_Mhandler+24
mem[R,0x0000000080002450] -> 0x0000000000000019
x8 <- 0x0000000000000019

mem[X,0x00000000800021D0] -> 0x02E3
mem[X,0x00000000800021D2] -> 0xB004
[1639] [M]: 0x00000000800021D0 (0xB00402E3) beq x8, x0, -0x4fc                      spcl_Mdispatch_hndling+0

clint mtime 0x0000000000000334 (mip.MTI <- 0b1, mip.STI <- 0b0)
mem[X,0x00000000800021D4] -> 0x1393
mem[X,0x00000000800021D6] -> 0x03F4
[1640] [M]: 0x00000000800021D4 (0x03F41393) slli x7, x8, 0x3f                       spcl_Mdispatch_hndling+4
x7 <- 0x8000000000000000

mem[X,0x00000000800021D8] -> 0xD863
mem[X,0x00000000800021DA] -> 0x0003
[1641] [M]: 0x00000000800021D8 (0x0003D863) bge x7, x0, 0x10                        spcl_Mdispatch_hndling+8

clint mtime 0x0000000000000335 (mip.MTI <- 0b1, mip.STI <- 0b0)
mem[X,0x00000000800021DC] -> 0x5413
mem[X,0x00000000800021DE] -> 0x0014
[1642] [M]: 0x00000000800021DC (0x00145413) srli x8, x8, 0x1                        spcl_Mdispatch_hndling+12
x8 <- 0x000000000000000C

mem[X,0x00000000800021E0] -> 0x0CE3
mem[X,0x00000000800021E2] -> 0xF885
[1643] [M]: 0x00000000800021E0 (0xF8850CE3) beq x10, x8, -0x68                      spcl_Mdispatch_hndling+16

clint mtime 0x0000000000000336 (mip.MTI <- 0b1, mip.STI <- 0b0)
mem[X,0x0000000080002178] -> 0x3303
mem[X,0x000000008000217A] -> 0x2601
[1644] [M]: 0x0000000080002178 (0x26013303) ld x6, 0x260(x2)                        resto_Mrtn+0
mem[R,0x0000000080005260] -> 0x000002FFFFFFFFF8
x6 <- 0x000002FFFFFFFFF8

mem[X,0x000000008000217C] -> 0x3383
mem[X,0x000000008000217E] -> 0x2681
[1645] [M]: 0x000000008000217C (0x26813383) ld x7, 0x268(x2)                        resto_Mrtn+4
mem[R,0x0000000080005268] -> 0x0000000080005000
x7 <- 0x0000000080005000

clint mtime 0x0000000000000337 (mip.MTI <- 0b1, mip.STI <- 0b0)
mem[X,0x0000000080002180] -> 0x3403
mem[X,0x0000000080002182] -> 0x2701
[1646] [M]: 0x0000000080002180 (0x27013403) ld x8, 0x270(x2)                        resto_Mrtn+8
mem[R,0x0000000080005270] -> 0x0000000000007F76
x8 <- 0x0000000000007F76

mem[X,0x0000000080002184] -> 0x3483
mem[X,0x0000000080002186] -> 0x2781
[1647] [M]: 0x0000000080002184 (0x27813483) ld x9, 0x278(x2)                        resto_Mrtn+12
mem[R,0x0000000080005278] -> 0x0000000000000000
x9 <- 0x0000000000000000

clint mtime 0x0000000000000338 (mip.MTI <- 0b1, mip.STI <- 0b0)
mem[X,0x0000000080002188] -> 0x3503
mem[X,0x000000008000218A] -> 0x2801
[1648] [M]: 0x0000000080002188 (0x28013503) ld x10, 0x280(x2)                       resto_Mrtn+16
mem[R,0x0000000080005280] -> 0x00000000000000CF
x10 <- 0x00000000000000CF

mem[X,0x000000008000218C] -> 0x3583
mem[X,0x000000008000218E] -> 0x2881
[1649] [M]: 0x000000008000218C (0x28813583) ld x11, 0x288(x2)                       resto_Mrtn+20
mem[R,0x0000000080005288] -> 0x00000000000000CF
x11 <- 0x00000000000000CF

clint mtime 0x0000000000000339 (mip.MTI <- 0b1, mip.STI <- 0b0)
mem[X,0x0000000080002190] -> 0x3103
mem[X,0x0000000080002192] -> 0x2901
[1650] [M]: 0x0000000080002190 (0x29013103) ld x2, 0x290(x2)                        resto_Mrtn+24
mem[R,0x0000000080005290] -> 0x0000000080005000
x2 <- 0x0000000080005000

mem[X,0x0000000080002194] -> 0x0073
mem[X,0x0000000080002196] -> 0x3020
[1651] [M]: 0x0000000080002194 (0x30200073) mret                                    resto_Mrtn+28
CSR mstatus (0x300) <- 0x0000000A00000080
ret-ing from M to S

clint mtime 0x000000000000033A (mip.MTI <- 0b1, mip.STI <- 0b0)
PTW: Start, vpn=0x30080000, access_type=X, privilege=Smem[R,0x0000000080009030] -> 0xCB00000000000000
PTW: Step, level=3, pte=0xCB00000000000000, pte_addr=0x80009030
PTW: failed, error=invalid-pte, level=3, pte_addr=0x80009030
trapping from S to M to handle fetch-page-fault
handling exc#fetch-page-fault at priv M with tval 0x0000030080000DF4
CSR mstatus (0x300) <- 0x0000000A00000800
CSR mcause (0x342) <- 0x000000000000000C
CSR mtval (0x343) <- 0x0000030080000DF4
CSR mepc (0x341) <- 0x0000030080000DF4

mem[X,0x0000000080001D40] -> 0x006F
mem[X,0x0000000080001D42] -> 0x1000
[1653] [M]: 0x0000000080001D40 (0x1000006F) jal x0, 0x100                           Mtrampoline+0

clint mtime 0x000000000000033B (mip.MTI <- 0b1, mip.STI <- 0b0)
mem[X,0x0000000080001E40] -> 0x1173
mem[X,0x0000000080001E42] -> 0x3401
[1654] [M]: 0x0000000080001E40 (0x34011173) csrrw x2, mscratch, x2                  trap_Mhandler+0
CSR mscratch (0x340) <- 0x0000000080005000
x2 <- 0x0000000080005000

mem[X,0x0000000080001E44] -> 0x3423
mem[X,0x0000000080001E46] -> 0x28B1
[1655] [M]: 0x0000000080001E44 (0x28B13423) sd x11, 0x288(x2)                       trap_Mhandler+4
mem[W,0x0000000080005288] <- 0x00000000000000CF

clint mtime 0x000000000000033C (mip.MTI <- 0b1, mip.STI <- 0b0)
mem[X,0x0000000080001E48] -> 0x05EF
mem[X,0x0000000080001E4A] -> 0x0B80
[1656] [M]: 0x0000000080001E48 (0x0B8005EF) jal x11, 0xb8                           trap_Mhandler+8
x11 <- 0x0000000080001E4C

mem[X,0x0000000080001F00] -> 0x3023
mem[X,0x0000000080001F02] -> 0x28A1
[1657] [M]: 0x0000000080001F00 (0x28A13023) sd x10, 0x280(x2)                       common_Mhandler+0
mem[W,0x0000000080005280] <- 0x00000000000000CF

clint mtime 0x000000000000033D (mip.MTI <- 0b1, mip.STI <- 0b0)
mem[X,0x0000000080001F04] -> 0x1573
mem[X,0x0000000080001F06] -> 0x3401
[1658] [M]: 0x0000000080001F04 (0x34011573) csrrw x10, mscratch, x2                 common_Mhandler+4
CSR mscratch (0x340) <- 0x0000000080005000
x10 <- 0x0000000080005000

mem[X,0x0000000080001F08] -> 0x3823
mem[X,0x0000000080001F0A] -> 0x28A1
[1659] [M]: 0x0000000080001F08 (0x28A13823) sd x10, 0x290(x2)                       common_Mhandler+8
mem[W,0x0000000080005290] <- 0x0000000080005000

clint mtime 0x000000000000033E (mip.MTI <- 0b1, mip.STI <- 0b0)
mem[X,0x0000000080001F0C] -> 0x3503
mem[X,0x0000000080001F0E] -> 0x2301
[1660] [M]: 0x0000000080001F0C (0x23013503) ld x10, 0x230(x2)                       common_Mhandler+12
mem[R,0x0000000080005230] -> 0x0000000080001F14
x10 <- 0x0000000080001F14

mem[X,0x0000000080001F10] -> 0x0067
mem[X,0x0000000080001F12] -> 0x0005
[1661] [M]: 0x0000000080001F10 (0x00050067) jalr x0, 0x0(x10)                       common_Mhandler+16

clint mtime 0x000000000000033F (mip.MTI <- 0b1, mip.STI <- 0b0)
mem[X,0x0000000080001F14] -> 0x3C23
mem[X,0x0000000080001F16] -> 0x2691
[1662] [M]: 0x0000000080001F14 (0x26913C23) sd x9, 0x278(x2)                        common_Mentry+0
mem[W,0x0000000080005278] <- 0x0000000000000000

mem[X,0x0000000080001F18] -> 0x3823
mem[X,0x0000000080001F1A] -> 0x2681
[1663] [M]: 0x0000000080001F18 (0x26813823) sd x8, 0x270(x2)                        common_Mentry+4
mem[W,0x0000000080005270] <- 0x0000000000007F76

clint mtime 0x0000000000000340 (mip.MTI <- 0b1, mip.STI <- 0b0)
mem[X,0x0000000080001F1C] -> 0x3423
mem[X,0x0000000080001F1E] -> 0x2671
[1664] [M]: 0x0000000080001F1C (0x26713423) sd x7, 0x268(x2)                        common_Mentry+8
mem[W,0x0000000080005268] <- 0x0000000080005000

mem[X,0x0000000080001F20] -> 0x3023
mem[X,0x0000000080001F22] -> 0x2661
[1665] [M]: 0x0000000080001F20 (0x26613023) sd x6, 0x260(x2)                        common_Mentry+12
mem[W,0x0000000080005260] <- 0x000002FFFFFFFFF8

clint mtime 0x0000000000000341 (mip.MTI <- 0b1, mip.STI <- 0b0)
mem[X,0x0000000080001F24] -> 0x2573
mem[X,0x0000000080001F26] -> 0x3420
[1666] [M]: 0x0000000080001F24 (0x34202573) csrrs x10, mcause, x0                   spcl_M2mmode_test+0
CSR mcause (0x342) -> 0x000000000000000C
x10 <- 0x000000000000000C

mem[X,0x0000000080001F28] -> 0x04B7
mem[X,0x0000000080001F2A] -> 0x8000
[1667] [M]: 0x0000000080001F28 (0x800004B7) lui x9, -0x80000                        spcl_M2mmode_test+4
x9 <- 0xFFFFFFFF80000000

clint mtime 0x0000000000000342 (mip.MTI <- 0b1, mip.STI <- 0b0)
mem[X,0x0000000080001F2C] -> 0x8493
mem[X,0x0000000080001F2E] -> 0x0004
[1668] [M]: 0x0000000080001F2C (0x00048493) addi x9, x9, 0x0                        spcl_M2mmode_test+8
x9 <- 0xFFFFFFFF80000000

mem[X,0x0000000080001F30] -> 0x9493
mem[X,0x0000000080001F32] -> 0x00B4
[1669] [M]: 0x0000000080001F30 (0x00B49493) slli x9, x9, 0xb                        spcl_M2mmode_test+12
x9 <- 0xFFFFFC0000000000

clint mtime 0x0000000000000343 (mip.MTI <- 0b1, mip.STI <- 0b0)
mem[X,0x0000000080001F34] -> 0x8493
mem[X,0x0000000080001F36] -> 0x0004
[1670] [M]: 0x0000000080001F34 (0x00048493) addi x9, x9, 0x0                        spcl_M2mmode_test+16
x9 <- 0xFFFFFC0000000000

mem[X,0x0000000080001F38] -> 0x9493
mem[X,0x0000000080001F3A] -> 0x00B4
[1671] [M]: 0x0000000080001F38 (0x00B49493) slli x9, x9, 0xb                        spcl_M2mmode_test+20
x9 <- 0xFFE0000000000000

clint mtime 0x0000000000000344 (mip.MTI <- 0b1, mip.STI <- 0b0)
mem[X,0x0000000080001F3C] -> 0x8493
mem[X,0x0000000080001F3E] -> 0x0034
[1672] [M]: 0x0000000080001F3C (0x00348493) addi x9, x9, 0x3                        spcl_M2mmode_test+24
x9 <- 0xFFE0000000000003

mem[X,0x0000000080001F40] -> 0x9493
mem[X,0x0000000080001F42] -> 0x00A4
[1673] [M]: 0x0000000080001F40 (0x00A49493) slli x9, x9, 0xa                        spcl_M2mmode_test+28
x9 <- 0x8000000000000C00

clint mtime 0x0000000000000345 (mip.MTI <- 0b1, mip.STI <- 0b0)
mem[X,0x0000000080001F44] -> 0x8493
mem[X,0x0000000080001F46] -> 0x3FC4
[1674] [M]: 0x0000000080001F44 (0x3FC48493) addi x9, x9, 0x3fc                      spcl_M2mmode_test+32
x9 <- 0x8000000000000FFC

mem[X,0x0000000080001F48] -> 0xF4B3
mem[X,0x0000000080001F4A] -> 0x00A4
[1675] [M]: 0x0000000080001F48 (0x00A4F4B3) and x9, x9, x10                         spcl_M2mmode_test+36
x9 <- 0x000000000000000C

clint mtime 0x0000000000000346 (mip.MTI <- 0b1, mip.STI <- 0b0)
mem[X,0x0000000080001F4C] -> 0x8493
mem[X,0x0000000080001F4E] -> 0xFF84
[1676] [M]: 0x0000000080001F4C (0xFF848493) addi x9, x9, -0x8                       spcl_M2mmode_test+40
x9 <- 0x0000000000000004

mem[X,0x0000000080001F50] -> 0x9663
mem[X,0x0000000080001F52] -> 0x0004
[1677] [M]: 0x0000000080001F50 (0x00049663) bne x9, x0, 0xc                         spcl_M2mmode_test+44

clint mtime 0x0000000000000347 (mip.MTI <- 0b1, mip.STI <- 0b0)
mem[X,0x0000000080001F5C] -> 0x0393
mem[X,0x0000000080001F5E] -> 0x0200
[1678] [M]: 0x0000000080001F5C (0x02000393) addi x7, x0, 0x20                       Mtrapsig_ptr_upd+0
x7 <- 0x0000000000000020

mem[X,0x0000000080001F60] -> 0x5263
mem[X,0x0000000080001F62] -> 0x0405
[1679] [M]: 0x0000000080001F60 (0x04055263) bge x10, x0, 0x44                       Mtrapsig_ptr_upd+4

clint mtime 0x0000000000000348 (mip.MTI <- 0b1, mip.STI <- 0b0)
mem[X,0x0000000080001FA4] -> 0x2373
mem[X,0x0000000080001FA6] -> 0x3010
[1680] [M]: 0x0000000080001FA4 (0x30102373) csrrs x6, misa, x0                      Mxcpt_sig_sv+0
CSR misa (0x301) -> 0x800000000034112F
x6 <- 0x800000000034112F

mem[X,0x0000000080001FA8] -> 0x1313
mem[X,0x0000000080001FAA] -> 0x0383
[1681] [M]: 0x0000000080001FA8 (0x03831313) slli x6, x6, 0x38                       Mxcpt_sig_sv+4
x6 <- 0x2F00000000000000

clint mtime 0x0000000000000349 (mip.MTI <- 0b1, mip.STI <- 0b0)
mem[X,0x0000000080001FAC] -> 0x5463
mem[X,0x0000000080001FAE] -> 0x0003
[1682] [M]: 0x0000000080001FAC (0x00035463) bge x6, x0, 0x8                         Mxcpt_sig_sv+8

mem[X,0x0000000080001FB4] -> 0x3303
mem[X,0x0000000080001FB6] -> 0x2181
[1683] [M]: 0x0000000080001FB4 (0x21813303) ld x6, 0x218(x2)                        Mtrap_sig_sv+0
mem[R,0x0000000080005218] -> 0x000000008000A458
x6 <- 0x000000008000A458

clint mtime 0x000000000000034A (mip.MTI <- 0b1, mip.STI <- 0b0)
mem[X,0x0000000080001FB8] -> 0x04B3
mem[X,0x0000000080001FBA] -> 0x0073
[1684] [M]: 0x0000000080001FB8 (0x007304B3) add x9, x6, x7                          Mtrap_sig_sv+4
x9 <- 0x000000008000A478

mem[X,0x0000000080001FBC] -> 0x3C23
mem[X,0x0000000080001FBE] -> 0x2091
[1685] [M]: 0x0000000080001FBC (0x20913C23) sd x9, 0x218(x2)                        Mtrap_sig_sv+8
mem[W,0x0000000080005218] <- 0x000000008000A478

clint mtime 0x000000000000034B (mip.MTI <- 0b1, mip.STI <- 0b0)
mem[X,0x0000000080001FC0] -> 0x3403
mem[X,0x0000000080001FC2] -> 0x1F81
[1686] [M]: 0x0000000080001FC0 (0x1F813403) ld x8, 0x1f8(x2)                        Mtrap_sig_sv+12
mem[R,0x00000000800051F8] -> 0x000000008000A110
x8 <- 0x000000008000A110

mem[X,0x0000000080001FC4] -> 0x0333
mem[X,0x0000000080001FC6] -> 0x4083
[1687] [M]: 0x0000000080001FC4 (0x40830333) sub x6, x6, x8                          Mtrap_sig_sv+16
x6 <- 0x0000000000000348

clint mtime 0x000000000000034C (mip.MTI <- 0b1, mip.STI <- 0b0)
mem[X,0x0000000080001FC8] -> 0x3403
mem[X,0x0000000080001FCA] -> 0x1F81
[1688] [M]: 0x0000000080001FC8 (0x1F813403) ld x8, 0x1f8(x2)                        Mtrap_sig_sv+20
mem[R,0x00000000800051F8] -> 0x000000008000A110
x8 <- 0x000000008000A110

mem[X,0x0000000080001FCC] -> 0x0333
mem[X,0x0000000080001FCE] -> 0x0083
[1689] [M]: 0x0000000080001FCC (0x00830333) add x6, x6, x8                          Mtrap_sig_sv+24
x6 <- 0x000000008000A458

clint mtime 0x000000000000034D (mip.MTI <- 0b1, mip.STI <- 0b0)
mem[X,0x0000000080001FD0] -> 0x3403
mem[X,0x0000000080001FD2] -> 0x2401
[1690] [M]: 0x0000000080001FD0 (0x24013403) ld x8, 0x240(x2)                        Mtrap_sig_sv+28
mem[R,0x0000000080005240] -> 0x0000000080001D40
x8 <- 0x0000000080001D40

mem[X,0x0000000080001FD4] -> 0x85B3
mem[X,0x0000000080001FD6] -> 0x4085
[1691] [M]: 0x0000000080001FD4 (0x408585B3) sub x11, x11, x8                        sv_Mvect+0
x11 <- 0x000000000000010C

clint mtime 0x000000000000034E (mip.MTI <- 0b1, mip.STI <- 0b0)
mem[X,0x0000000080001FD8] -> 0x9593
mem[X,0x0000000080001FDA] -> 0x0045
[1692] [M]: 0x0000000080001FD8 (0x00459593) slli x11, x11, 0x4                      sv_Mvect+4
x11 <- 0x00000000000010C0

mem[X,0x0000000080001FDC] -> 0xE5B3
mem[X,0x0000000080001FDE] -> 0x0075
[1693] [M]: 0x0000000080001FDC (0x0075E5B3) or x11, x11, x7                         sv_Mvect+8
x11 <- 0x00000000000010E0

clint mtime 0x000000000000034F (mip.MTI <- 0b1, mip.STI <- 0b0)
mem[X,0x0000000080001FE0] -> 0x8593
mem[X,0x0000000080001FE2] -> 0x0035
[1694] [M]: 0x0000000080001FE0 (0x00358593) addi x11, x11, 0x3                      sv_Mvect+12
x11 <- 0x00000000000010E3

mem[X,0x0000000080001FE4] -> 0x3023
mem[X,0x0000000080001FE6] -> 0x00B3
[1695] [M]: 0x0000000080001FE4 (0x00B33023) sd x11, 0x0(x6)                         sv_Mvect+16
mem[W,0x000000008000A458] <- 0x00000000000010E3

clint mtime 0x0000000000000350 (mip.MTI <- 0b1, mip.STI <- 0b0)
mem[X,0x0000000080001FE8] -> 0x3423
mem[X,0x0000000080001FEA] -> 0x00A3
[1696] [M]: 0x0000000080001FE8 (0x00A33423) sd x10, 0x8(x6)                         sv_Mcause+0
mem[W,0x000000008000A460] <- 0x000000000000000C

mem[X,0x0000000080001FEC] -> 0x4663
mem[X,0x0000000080001FEE] -> 0x1A05
[1697] [M]: 0x0000000080001FEC (0x1A054663) blt x10, x0, 0x1ac                      sv_Mcause+4

clint mtime 0x0000000000000351 (mip.MTI <- 0b1, mip.STI <- 0b0)
mem[X,0x0000000080001FF0] -> 0x25F3
mem[X,0x0000000080001FF2] -> 0x3000
[1698] [M]: 0x0000000080001FF0 (0x300025F3) csrrs x11, mstatus, x0                  common_Mexcpt_handler+0
CSR mstatus (0x300) -> 0x0000000A00000800
x11 <- 0x0000000A00000800

mem[X,0x0000000080001FF4] -> 0x9413
mem[X,0x0000000080001FF6] -> 0x02E5
[1699] [M]: 0x0000000080001FF4 (0x02E59413) slli x8, x11, 0x2e                      common_Mexcpt_handler+4
x8 <- 0x0200000000000000

clint mtime 0x0000000000000352 (mip.MTI <- 0b1, mip.STI <- 0b0)
mem[X,0x0000000080001FF8] -> 0x5463
mem[X,0x0000000080001FFA] -> 0x0004
[1700] [M]: 0x0000000080001FF8 (0x00045463) bge x8, x0, 0x8                         common_Mexcpt_handler+8

mem[X,0x0000000080002000] -> 0xD493
mem[X,0x0000000080002002] -> 0x00B5
[1701] [M]: 0x0000000080002000 (0x00B5D493) srli x9, x11, 0xb                       common_Mexcpt_handler+16
x9 <- 0x0000000001400001

clint mtime 0x0000000000000353 (mip.MTI <- 0b1, mip.STI <- 0b0)
mem[X,0x0000000080002004] -> 0xF493
mem[X,0x0000000080002006] -> 0x0034
[1702] [M]: 0x0000000080002004 (0x0034F493) andi x9, x9, 0x3                        common_Mexcpt_handler+20
x9 <- 0x0000000000000001

mem[X,0x0000000080002008] -> 0x8493
mem[X,0x000000008000200A] -> 0x0014
[1703] [M]: 0x0000000080002008 (0x00148493) addi x9, x9, 0x1                        common_Mexcpt_handler+24
x9 <- 0x0000000000000002

clint mtime 0x0000000000000354 (mip.MTI <- 0b1, mip.STI <- 0b0)
mem[X,0x000000008000200C] -> 0xF493
mem[X,0x000000008000200E] -> 0x0044
[1704] [M]: 0x000000008000200C (0x0044F493) andi x9, x9, 0x4                        common_Mexcpt_handler+28
x9 <- 0x0000000000000000

mem[X,0x0000000080002010] -> 0x0593
mem[X,0x0000000080002012] -> 0x05D0
[1705] [M]: 0x0000000080002010 (0x05D00593) addi x11, x0, 0x5d                      common_Mexcpt_handler+32
x11 <- 0x000000000000005D

clint mtime 0x0000000000000355 (mip.MTI <- 0b1, mip.STI <- 0b0)
mem[X,0x0000000080002014] -> 0xD5B3
mem[X,0x0000000080002016] -> 0x0095
[1706] [M]: 0x0000000080002014 (0x0095D5B3) srl x11, x11, x9                        common_Mexcpt_handler+36
x11 <- 0x000000000000005D

mem[X,0x0000000080002018] -> 0xF593
mem[X,0x000000008000201A] -> 0x0015
[1707] [M]: 0x0000000080002018 (0x0015F593) andi x11, x11, 0x1                      common_Mexcpt_handler+40
x11 <- 0x0000000000000001

clint mtime 0x0000000000000356 (mip.MTI <- 0b1, mip.STI <- 0b0)
mem[X,0x000000008000201C] -> 0x8EE3
mem[X,0x000000008000201E] -> 0xF405
[1708] [M]: 0x000000008000201C (0xF4058EE3) beq x11, x0, -0xa4                      common_Mexcpt_handler+44

mem[X,0x0000000080002020] -> 0x0593
mem[X,0x0000000080002022] -> 0x2980
[1709] [M]: 0x0000000080002020 (0x29800593) addi x11, x0, 0x298                     common_Mexcpt_handler+48
x11 <- 0x0000000000000298

clint mtime 0x0000000000000357 (mip.MTI <- 0b1, mip.STI <- 0b0)
mem[X,0x0000000080002024] -> 0xF413
mem[X,0x0000000080002026] -> 0x0014
[1710] [M]: 0x0000000080002024 (0x0014F413) andi x8, x9, 0x1                        common_Mexcpt_handler+52
x8 <- 0x0000000000000000

mem[X,0x0000000080002028] -> 0x95B3
mem[X,0x000000008000202A] -> 0x0085
[1711] [M]: 0x0000000080002028 (0x008595B3) sll x11, x11, x8                        common_Mexcpt_handler+56
x11 <- 0x0000000000000298

clint mtime 0x0000000000000358 (mip.MTI <- 0b1, mip.STI <- 0b0)
mem[X,0x000000008000202C] -> 0x9413
mem[X,0x000000008000202E] -> 0x03D4
[1712] [M]: 0x000000008000202C (0x03D49413) slli x8, x9, 0x3d                       common_Mexcpt_handler+60
x8 <- 0x0000000000000000

mem[X,0x0000000080002030] -> 0x5413
mem[X,0x0000000080002032] -> 0x43F4
[1713] [M]: 0x0000000080002030 (0x43F45413) srai x8, x8, 0x3f                       common_Mexcpt_handler+64
x8 <- 0x0000000000000000

clint mtime 0x0000000000000359 (mip.MTI <- 0b1, mip.STI <- 0b0)
mem[X,0x0000000080002034] -> 0x4413
mem[X,0x0000000080002036] -> 0xFFF4
[1714] [M]: 0x0000000080002034 (0xFFF44413) xori x8, x8, -0x1                       common_Mexcpt_handler+68
x8 <- 0xFFFFFFFFFFFFFFFF

mem[X,0x0000000080002038] -> 0xF4B3
mem[X,0x000000008000203A] -> 0x0085
[1715] [M]: 0x0000000080002038 (0x0085F4B3) and x9, x11, x8                         common_Mexcpt_handler+72
x9 <- 0x0000000000000298

clint mtime 0x000000000000035A (mip.MTI <- 0b1, mip.STI <- 0b0)
mem[X,0x000000008000203C] -> 0x84B3
mem[X,0x000000008000203E] -> 0x0024
[1716] [M]: 0x000000008000203C (0x002484B3) add x9, x9, x2                          vmem_adj_Mepc+0
x9 <- 0x0000000080005298

mem[X,0x0000000080002040] -> 0x23F3
mem[X,0x0000000080002042] -> 0x3410
[1717] [M]: 0x0000000080002040 (0x341023F3) csrrs x7, mepc, x0                      vmem_adj_Mepc+4
CSR mepc (0x341) -> 0x0000030080000DF4
x7 <- 0x0000030080000DF4

clint mtime 0x000000000000035B (mip.MTI <- 0b1, mip.STI <- 0b0)
mem[X,0x0000000080002044] -> 0x0413
mem[X,0x0000000080002046] -> 0x0004
[1718] [M]: 0x0000000080002044 (0x00040413) addi x8, x8, 0x0                        vmem_adj_Mepc+8
x8 <- 0xFFFFFFFFFFFFFFFF

mem[X,0x0000000080002048] -> 0x006F
mem[X,0x000000008000204A] -> 0x0400
[1719] [M]: 0x0000000080002048 (0x0400006F) jal x0, 0x40                            vmem_adj_Mepc+12

clint mtime 0x000000000000035C (mip.MTI <- 0b1, mip.STI <- 0b0)
mem[X,0x0000000080002088] -> 0x8433
mem[X,0x000000008000208A] -> 0x4083
[1720] [M]: 0x0000000080002088 (0x40838433) sub x8, x7, x8                          adj_Mepc+0
x8 <- 0x0000030080000DF5

mem[X,0x000000008000208C] -> 0x3823
mem[X,0x000000008000208E] -> 0x0083
[1721] [M]: 0x000000008000208C (0x00833823) sd x8, 0x10(x6)                         sv_Mepc+0
mem[W,0x000000008000A468] <- 0x0000030080000DF5

clint mtime 0x000000000000035D (mip.MTI <- 0b1, mip.STI <- 0b0)
mem[X,0x0000000080002090] -> 0x55B7
mem[X,0x0000000080002092] -> 0x0000
[1722] [M]: 0x0000000080002090 (0x000055B7) lui x11, 0x5                            sv_Mepc+4
x11 <- 0x0000000000005000

mem[X,0x0000000080002094] -> 0x8593
mem[X,0x0000000080002096] -> 0x6675
[1723] [M]: 0x0000000080002094 (0x66758593) addi x11, x11, 0x667                    sv_Mepc+8
x11 <- 0x0000000000005667

clint mtime 0x000000000000035E (mip.MTI <- 0b1, mip.STI <- 0b0)
mem[X,0x0000000080002098] -> 0x9593
mem[X,0x000000008000209A] -> 0x0015
[1724] [M]: 0x0000000080002098 (0x00159593) slli x11, x11, 0x1                      sv_Mepc+12
x11 <- 0x000000000000ACCE

mem[X,0x000000008000209C] -> 0x9063
mem[X,0x000000008000209E] -> 0x02B1
[1725] [M]: 0x000000008000209C (0x02B19063) bne x3, x11, 0x20                       sv_Mepc+16

clint mtime 0x000000000000035F (mip.MTI <- 0b1, mip.STI <- 0b0)
mem[X,0x00000000800020BC] -> 0xF593
mem[X,0x00000000800020BE] -> 0xFFC3
[1726] [M]: 0x00000000800020BC (0xFFC3F593) andi x11, x7, -0x4                      adj_Mepc_rtn+0
x11 <- 0x0000030080000DF4

mem[X,0x00000000800020C0] -> 0x8593
mem[X,0x00000000800020C2] -> 0x0085
[1727] [M]: 0x00000000800020C0 (0x00858593) addi x11, x11, 0x8                      adj_Mepc_rtn+4
x11 <- 0x0000030080000DFC

clint mtime 0x0000000000000360 (mip.MTI <- 0b1, mip.STI <- 0b0)
mem[X,0x00000000800020C4] -> 0x9073
mem[X,0x00000000800020C6] -> 0x3415
[1728] [M]: 0x00000000800020C4 (0x34159073) csrrw x0, mepc, x11                     adj_Mepc_rtn+8
CSR mepc (0x341) <- 0x0000030080000DFC

mem[X,0x00000000800020C8] -> 0x23F3
mem[X,0x00000000800020CA] -> 0x3430
[1729] [M]: 0x00000000800020C8 (0x343023F3) csrrs x7, mtval, x0                     skp_adj_Mepc+0
CSR mtval (0x343) -> 0x0000030080000DF4
x7 <- 0x0000030080000DF4

clint mtime 0x0000000000000361 (mip.MTI <- 0b1, mip.STI <- 0b0)
mem[X,0x00000000800020CC] -> 0x0413
mem[X,0x00000000800020CE] -> 0x0004
[1730] [M]: 0x00000000800020CC (0x00040413) addi x8, x8, 0x0                        skp_adj_Mepc+4
x8 <- 0x0000030080000DF5

mem[X,0x00000000800020D0] -> 0x006F
mem[X,0x00000000800020D2] -> 0x0840
[1731] [M]: 0x00000000800020D0 (0x0840006F) jal x0, 0x84                            skp_adj_Mepc+8

clint mtime 0x0000000000000362 (mip.MTI <- 0b1, mip.STI <- 0b0)
mem[X,0x0000000080002154] -> 0x8433
mem[X,0x0000000080002156] -> 0x4083
[1732] [M]: 0x0000000080002154 (0x40838433) sub x8, x7, x8                          adj_Mtval+0
x8 <- 0xFFFFFFFFFFFFFFFF

mem[X,0x0000000080002158] -> 0x3C23
mem[X,0x000000008000215A] -> 0x0083
[1733] [M]: 0x0000000080002158 (0x00833C23) sd x8, 0x18(x6)                         sv_Mtval+0
mem[W,0x000000008000A470] <- 0xFFFFFFFFFFFFFFFF

clint mtime 0x0000000000000363 (mip.MTI <- 0b1, mip.STI <- 0b0)
mem[X,0x000000008000215C] -> 0x3483
mem[X,0x000000008000215E] -> 0x2181
[1734] [M]: 0x000000008000215C (0x21813483) ld x9, 0x218(x2)                        skp_Mtval+0
mem[R,0x0000000080005218] -> 0x000000008000A478
x9 <- 0x000000008000A478

mem[X,0x0000000080002160] -> 0x3383
mem[X,0x0000000080002162] -> 0x1F81
[1735] [M]: 0x0000000080002160 (0x1F813383) ld x7, 0x1f8(x2)                        skp_Mtval+4
mem[R,0x00000000800051F8] -> 0x000000008000A110
x7 <- 0x000000008000A110

clint mtime 0x0000000000000364 (mip.MTI <- 0b1, mip.STI <- 0b0)
mem[X,0x0000000080002164] -> 0x3303
mem[X,0x0000000080002166] -> 0x2001
[1736] [M]: 0x0000000080002164 (0x20013303) ld x6, 0x200(x2)                        skp_Mtval+8
mem[R,0x0000000080005200] -> 0x0000000000000410
x6 <- 0x0000000000000410

mem[X,0x0000000080002168] -> 0x0333
mem[X,0x000000008000216A] -> 0x0073
[1737] [M]: 0x0000000080002168 (0x00730333) add x6, x6, x7                          skp_Mtval+12
x6 <- 0x000000008000A520

clint mtime 0x0000000000000365 (mip.MTI <- 0b1, mip.STI <- 0b0)
mem[X,0x000000008000216C] -> 0x6AE3
mem[X,0x000000008000216E] -> 0xAC93
[1738] [M]: 0x000000008000216C (0xAC936AE3) bltu x6, x9, -0x52c                     skp_Mtval+16

mem[X,0x0000000080002170] -> 0x0393
mem[X,0x0000000080002172] -> 0x2000
[1739] [M]: 0x0000000080002170 (0x20000393) addi x7, x0, 0x200                      skp_Mtval+20
x7 <- 0x0000000000000200

clint mtime 0x0000000000000366 (mip.MTI <- 0b1, mip.STI <- 0b0)
mem[X,0x0000000080002174] -> 0x006F
mem[X,0x0000000080002176] -> 0x0400
[1740] [M]: 0x0000000080002174 (0x0400006F) jal x0, 0x40                            skp_Mtval+24

mem[X,0x00000000800021B4] -> 0x0417
mem[X,0x00000000800021B6] -> 0x0000
[1741] [M]: 0x00000000800021B4 (0x00000417) auipc x8, 0x0                           spcl_Mhandler+0
x8 <- 0x00000000800021B4

clint mtime 0x0000000000000367 (mip.MTI <- 0b1, mip.STI <- 0b0)
mem[X,0x00000000800021B8] -> 0x0413
mem[X,0x00000000800021BA] -> 0x03C4
[1742] [M]: 0x00000000800021B8 (0x03C40413) addi x8, x8, 0x3c                       spcl_Mhandler+4
x8 <- 0x00000000800021F0

mem[X,0x00000000800021BC] -> 0x0433
mem[X,0x00000000800021BE] -> 0x0074
[1743] [M]: 0x00000000800021BC (0x00740433) add x8, x8, x7                          spcl_Mhandler+8
x8 <- 0x00000000800023F0

clint mtime 0x0000000000000368 (mip.MTI <- 0b1, mip.STI <- 0b0)
mem[X,0x00000000800021C0] -> 0x1393
mem[X,0x00000000800021C2] -> 0x0035
[1744] [M]: 0x00000000800021C0 (0x00351393) slli x7, x10, 0x3                       spcl_Mhandler+12
x7 <- 0x0000000000000060

mem[X,0x00000000800021C4] -> 0x0433
mem[X,0x00000000800021C6] -> 0x0074
[1745] [M]: 0x00000000800021C4 (0x00740433) add x8, x8, x7                          spcl_Mhandler+16
x8 <- 0x0000000080002450

clint mtime 0x0000000000000369 (mip.MTI <- 0b1, mip.STI <- 0b0)
mem[X,0x00000000800021C8] -> 0x7413
mem[X,0x00000000800021CA] -> 0xFF84
[1746] [M]: 0x00000000800021C8 (0xFF847413) andi x8, x8, -0x8                       spcl_Mhandler+20
x8 <- 0x0000000080002450

mem[X,0x00000000800021CC] -> 0x3403
mem[X,0x00000000800021CE] -> 0x0004
[1747] [M]: 0x00000000800021CC (0x00043403) ld x8, 0x0(x8)                          spcl_Mhandler+24
mem[R,0x0000000080002450] -> 0x0000000000000019
x8 <- 0x0000000000000019

clint mtime 0x000000000000036A (mip.MTI <- 0b1, mip.STI <- 0b0)
mem[X,0x00000000800021D0] -> 0x02E3
mem[X,0x00000000800021D2] -> 0xB004
[1748] [M]: 0x00000000800021D0 (0xB00402E3) beq x8, x0, -0x4fc                      spcl_Mdispatch_hndling+0

mem[X,0x00000000800021D4] -> 0x1393
mem[X,0x00000000800021D6] -> 0x03F4
[1749] [M]: 0x00000000800021D4 (0x03F41393) slli x7, x8, 0x3f                       spcl_Mdispatch_hndling+4
x7 <- 0x8000000000000000

clint mtime 0x000000000000036B (mip.MTI <- 0b1, mip.STI <- 0b0)
mem[X,0x00000000800021D8] -> 0xD863
mem[X,0x00000000800021DA] -> 0x0003
[1750] [M]: 0x00000000800021D8 (0x0003D863) bge x7, x0, 0x10                        spcl_Mdispatch_hndling+8

mem[X,0x00000000800021DC] -> 0x5413
mem[X,0x00000000800021DE] -> 0x0014
[1751] [M]: 0x00000000800021DC (0x00145413) srli x8, x8, 0x1                        spcl_Mdispatch_hndling+12
x8 <- 0x000000000000000C

clint mtime 0x000000000000036C (mip.MTI <- 0b1, mip.STI <- 0b0)
mem[X,0x00000000800021E0] -> 0x0CE3
mem[X,0x00000000800021E2] -> 0xF885
[1752] [M]: 0x00000000800021E0 (0xF8850CE3) beq x10, x8, -0x68                      spcl_Mdispatch_hndling+16

mem[X,0x0000000080002178] -> 0x3303
mem[X,0x000000008000217A] -> 0x2601
[1753] [M]: 0x0000000080002178 (0x26013303) ld x6, 0x260(x2)                        resto_Mrtn+0
mem[R,0x0000000080005260] -> 0x000002FFFFFFFFF8
x6 <- 0x000002FFFFFFFFF8

clint mtime 0x000000000000036D (mip.MTI <- 0b1, mip.STI <- 0b0)
mem[X,0x000000008000217C] -> 0x3383
mem[X,0x000000008000217E] -> 0x2681
[1754] [M]: 0x000000008000217C (0x26813383) ld x7, 0x268(x2)                        resto_Mrtn+4
mem[R,0x0000000080005268] -> 0x0000000080005000
x7 <- 0x0000000080005000

mem[X,0x0000000080002180] -> 0x3403
mem[X,0x0000000080002182] -> 0x2701
[1755] [M]: 0x0000000080002180 (0x27013403) ld x8, 0x270(x2)                        resto_Mrtn+8
mem[R,0x0000000080005270] -> 0x0000000000007F76
x8 <- 0x0000000000007F76

clint mtime 0x000000000000036E (mip.MTI <- 0b1, mip.STI <- 0b0)
mem[X,0x0000000080002184] -> 0x3483
mem[X,0x0000000080002186] -> 0x2781
[1756] [M]: 0x0000000080002184 (0x27813483) ld x9, 0x278(x2)                        resto_Mrtn+12
mem[R,0x0000000080005278] -> 0x0000000000000000
x9 <- 0x0000000000000000

mem[X,0x0000000080002188] -> 0x3503
mem[X,0x000000008000218A] -> 0x2801
[1757] [M]: 0x0000000080002188 (0x28013503) ld x10, 0x280(x2)                       resto_Mrtn+16
mem[R,0x0000000080005280] -> 0x00000000000000CF
x10 <- 0x00000000000000CF

clint mtime 0x000000000000036F (mip.MTI <- 0b1, mip.STI <- 0b0)
mem[X,0x000000008000218C] -> 0x3583
mem[X,0x000000008000218E] -> 0x2881
[1758] [M]: 0x000000008000218C (0x28813583) ld x11, 0x288(x2)                       resto_Mrtn+20
mem[R,0x0000000080005288] -> 0x00000000000000CF
x11 <- 0x00000000000000CF

mem[X,0x0000000080002190] -> 0x3103
mem[X,0x0000000080002192] -> 0x2901
[1759] [M]: 0x0000000080002190 (0x29013103) ld x2, 0x290(x2)                        resto_Mrtn+24
mem[R,0x0000000080005290] -> 0x0000000080005000
x2 <- 0x0000000080005000

clint mtime 0x0000000000000370 (mip.MTI <- 0b1, mip.STI <- 0b0)
mem[X,0x0000000080002194] -> 0x0073
mem[X,0x0000000080002196] -> 0x3020
[1760] [M]: 0x0000000080002194 (0x30200073) mret                                    resto_Mrtn+28
CSR mstatus (0x300) <- 0x0000000A00000080
ret-ing from M to S

PTW: Start, vpn=0x30080000, access_type=X, privilege=Smem[R,0x0000000080009030] -> 0xCB00000000000000
PTW: Step, level=3, pte=0xCB00000000000000, pte_addr=0x80009030
PTW: failed, error=invalid-pte, level=3, pte_addr=0x80009030
trapping from S to M to handle fetch-page-fault
handling exc#fetch-page-fault at priv M with tval 0x0000030080000DFC
CSR mstatus (0x300) <- 0x0000000A00000800
CSR mcause (0x342) <- 0x000000000000000C
CSR mtval (0x343) <- 0x0000030080000DFC
CSR mepc (0x341) <- 0x0000030080000DFC

clint mtime 0x0000000000000371 (mip.MTI <- 0b1, mip.STI <- 0b0)
mem[X,0x0000000080001D40] -> 0x006F
mem[X,0x0000000080001D42] -> 0x1000
[1762] [M]: 0x0000000080001D40 (0x1000006F) jal x0, 0x100                           Mtrampoline+0

mem[X,0x0000000080001E40] -> 0x1173
mem[X,0x0000000080001E42] -> 0x3401
[1763] [M]: 0x0000000080001E40 (0x34011173) csrrw x2, mscratch, x2                  trap_Mhandler+0
CSR mscratch (0x340) <- 0x0000000080005000
x2 <- 0x0000000080005000

clint mtime 0x0000000000000372 (mip.MTI <- 0b1, mip.STI <- 0b0)
mem[X,0x0000000080001E44] -> 0x3423
mem[X,0x0000000080001E46] -> 0x28B1
[1764] [M]: 0x0000000080001E44 (0x28B13423) sd x11, 0x288(x2)                       trap_Mhandler+4
mem[W,0x0000000080005288] <- 0x00000000000000CF

mem[X,0x0000000080001E48] -> 0x05EF
mem[X,0x0000000080001E4A] -> 0x0B80
[1765] [M]: 0x0000000080001E48 (0x0B8005EF) jal x11, 0xb8                           trap_Mhandler+8
x11 <- 0x0000000080001E4C

clint mtime 0x0000000000000373 (mip.MTI <- 0b1, mip.STI <- 0b0)
mem[X,0x0000000080001F00] -> 0x3023
mem[X,0x0000000080001F02] -> 0x28A1
[1766] [M]: 0x0000000080001F00 (0x28A13023) sd x10, 0x280(x2)                       common_Mhandler+0
mem[W,0x0000000080005280] <- 0x00000000000000CF

mem[X,0x0000000080001F04] -> 0x1573
mem[X,0x0000000080001F06] -> 0x3401
[1767] [M]: 0x0000000080001F04 (0x34011573) csrrw x10, mscratch, x2                 common_Mhandler+4
CSR mscratch (0x340) <- 0x0000000080005000
x10 <- 0x0000000080005000

clint mtime 0x0000000000000374 (mip.MTI <- 0b1, mip.STI <- 0b0)
mem[X,0x0000000080001F08] -> 0x3823
mem[X,0x0000000080001F0A] -> 0x28A1
[1768] [M]: 0x0000000080001F08 (0x28A13823) sd x10, 0x290(x2)                       common_Mhandler+8
mem[W,0x0000000080005290] <- 0x0000000080005000

mem[X,0x0000000080001F0C] -> 0x3503
mem[X,0x0000000080001F0E] -> 0x2301
[1769] [M]: 0x0000000080001F0C (0x23013503) ld x10, 0x230(x2)                       common_Mhandler+12
mem[R,0x0000000080005230] -> 0x0000000080001F14
x10 <- 0x0000000080001F14

clint mtime 0x0000000000000375 (mip.MTI <- 0b1, mip.STI <- 0b0)
mem[X,0x0000000080001F10] -> 0x0067
mem[X,0x0000000080001F12] -> 0x0005
[1770] [M]: 0x0000000080001F10 (0x00050067) jalr x0, 0x0(x10)                       common_Mhandler+16

mem[X,0x0000000080001F14] -> 0x3C23
mem[X,0x0000000080001F16] -> 0x2691
[1771] [M]: 0x0000000080001F14 (0x26913C23) sd x9, 0x278(x2)                        common_Mentry+0
mem[W,0x0000000080005278] <- 0x0000000000000000

clint mtime 0x0000000000000376 (mip.MTI <- 0b1, mip.STI <- 0b0)
mem[X,0x0000000080001F18] -> 0x3823
mem[X,0x0000000080001F1A] -> 0x2681
[1772] [M]: 0x0000000080001F18 (0x26813823) sd x8, 0x270(x2)                        common_Mentry+4
mem[W,0x0000000080005270] <- 0x0000000000007F76

mem[X,0x0000000080001F1C] -> 0x3423
mem[X,0x0000000080001F1E] -> 0x2671
[1773] [M]: 0x0000000080001F1C (0x26713423) sd x7, 0x268(x2)                        common_Mentry+8
mem[W,0x0000000080005268] <- 0x0000000080005000

clint mtime 0x0000000000000377 (mip.MTI <- 0b1, mip.STI <- 0b0)
mem[X,0x0000000080001F20] -> 0x3023
mem[X,0x0000000080001F22] -> 0x2661
[1774] [M]: 0x0000000080001F20 (0x26613023) sd x6, 0x260(x2)                        common_Mentry+12
mem[W,0x0000000080005260] <- 0x000002FFFFFFFFF8

mem[X,0x0000000080001F24] -> 0x2573
mem[X,0x0000000080001F26] -> 0x3420
[1775] [M]: 0x0000000080001F24 (0x34202573) csrrs x10, mcause, x0                   spcl_M2mmode_test+0
CSR mcause (0x342) -> 0x000000000000000C
x10 <- 0x000000000000000C

clint mtime 0x0000000000000378 (mip.MTI <- 0b1, mip.STI <- 0b0)
mem[X,0x0000000080001F28] -> 0x04B7
mem[X,0x0000000080001F2A] -> 0x8000
[1776] [M]: 0x0000000080001F28 (0x800004B7) lui x9, -0x80000                        spcl_M2mmode_test+4
x9 <- 0xFFFFFFFF80000000

mem[X,0x0000000080001F2C] -> 0x8493
mem[X,0x0000000080001F2E] -> 0x0004
[1777] [M]: 0x0000000080001F2C (0x00048493) addi x9, x9, 0x0                        spcl_M2mmode_test+8
x9 <- 0xFFFFFFFF80000000

clint mtime 0x0000000000000379 (mip.MTI <- 0b1, mip.STI <- 0b0)
mem[X,0x0000000080001F30] -> 0x9493
mem[X,0x0000000080001F32] -> 0x00B4
[1778] [M]: 0x0000000080001F30 (0x00B49493) slli x9, x9, 0xb                        spcl_M2mmode_test+12
x9 <- 0xFFFFFC0000000000

mem[X,0x0000000080001F34] -> 0x8493
mem[X,0x0000000080001F36] -> 0x0004
[1779] [M]: 0x0000000080001F34 (0x00048493) addi x9, x9, 0x0                        spcl_M2mmode_test+16
x9 <- 0xFFFFFC0000000000

clint mtime 0x000000000000037A (mip.MTI <- 0b1, mip.STI <- 0b0)
mem[X,0x0000000080001F38] -> 0x9493
mem[X,0x0000000080001F3A] -> 0x00B4
[1780] [M]: 0x0000000080001F38 (0x00B49493) slli x9, x9, 0xb                        spcl_M2mmode_test+20
x9 <- 0xFFE0000000000000

mem[X,0x0000000080001F3C] -> 0x8493
mem[X,0x0000000080001F3E] -> 0x0034
[1781] [M]: 0x0000000080001F3C (0x00348493) addi x9, x9, 0x3                        spcl_M2mmode_test+24
x9 <- 0xFFE0000000000003

clint mtime 0x000000000000037B (mip.MTI <- 0b1, mip.STI <- 0b0)
mem[X,0x0000000080001F40] -> 0x9493
mem[X,0x0000000080001F42] -> 0x00A4
[1782] [M]: 0x0000000080001F40 (0x00A49493) slli x9, x9, 0xa                        spcl_M2mmode_test+28
x9 <- 0x8000000000000C00

mem[X,0x0000000080001F44] -> 0x8493
mem[X,0x0000000080001F46] -> 0x3FC4
[1783] [M]: 0x0000000080001F44 (0x3FC48493) addi x9, x9, 0x3fc                      spcl_M2mmode_test+32
x9 <- 0x8000000000000FFC

clint mtime 0x000000000000037C (mip.MTI <- 0b1, mip.STI <- 0b0)
mem[X,0x0000000080001F48] -> 0xF4B3
mem[X,0x0000000080001F4A] -> 0x00A4
[1784] [M]: 0x0000000080001F48 (0x00A4F4B3) and x9, x9, x10                         spcl_M2mmode_test+36
x9 <- 0x000000000000000C

mem[X,0x0000000080001F4C] -> 0x8493
mem[X,0x0000000080001F4E] -> 0xFF84
[1785] [M]: 0x0000000080001F4C (0xFF848493) addi x9, x9, -0x8                       spcl_M2mmode_test+40
x9 <- 0x0000000000000004

clint mtime 0x000000000000037D (mip.MTI <- 0b1, mip.STI <- 0b0)
mem[X,0x0000000080001F50] -> 0x9663
mem[X,0x0000000080001F52] -> 0x0004
[1786] [M]: 0x0000000080001F50 (0x00049663) bne x9, x0, 0xc                         spcl_M2mmode_test+44

mem[X,0x0000000080001F5C] -> 0x0393
mem[X,0x0000000080001F5E] -> 0x0200
[1787] [M]: 0x0000000080001F5C (0x02000393) addi x7, x0, 0x20                       Mtrapsig_ptr_upd+0
x7 <- 0x0000000000000020

clint mtime 0x000000000000037E (mip.MTI <- 0b1, mip.STI <- 0b0)
mem[X,0x0000000080001F60] -> 0x5263
mem[X,0x0000000080001F62] -> 0x0405
[1788] [M]: 0x0000000080001F60 (0x04055263) bge x10, x0, 0x44                       Mtrapsig_ptr_upd+4

mem[X,0x0000000080001FA4] -> 0x2373
mem[X,0x0000000080001FA6] -> 0x3010
[1789] [M]: 0x0000000080001FA4 (0x30102373) csrrs x6, misa, x0                      Mxcpt_sig_sv+0
CSR misa (0x301) -> 0x800000000034112F
x6 <- 0x800000000034112F

clint mtime 0x000000000000037F (mip.MTI <- 0b1, mip.STI <- 0b0)
mem[X,0x0000000080001FA8] -> 0x1313
mem[X,0x0000000080001FAA] -> 0x0383
[1790] [M]: 0x0000000080001FA8 (0x03831313) slli x6, x6, 0x38                       Mxcpt_sig_sv+4
x6 <- 0x2F00000000000000

mem[X,0x0000000080001FAC] -> 0x5463
mem[X,0x0000000080001FAE] -> 0x0003
[1791] [M]: 0x0000000080001FAC (0x00035463) bge x6, x0, 0x8                         Mxcpt_sig_sv+8

clint mtime 0x0000000000000380 (mip.MTI <- 0b1, mip.STI <- 0b0)
mem[X,0x0000000080001FB4] -> 0x3303
mem[X,0x0000000080001FB6] -> 0x2181
[1792] [M]: 0x0000000080001FB4 (0x21813303) ld x6, 0x218(x2)                        Mtrap_sig_sv+0
mem[R,0x0000000080005218] -> 0x000000008000A478
x6 <- 0x000000008000A478

mem[X,0x0000000080001FB8] -> 0x04B3
mem[X,0x0000000080001FBA] -> 0x0073
[1793] [M]: 0x0000000080001FB8 (0x007304B3) add x9, x6, x7                          Mtrap_sig_sv+4
x9 <- 0x000000008000A498

clint mtime 0x0000000000000381 (mip.MTI <- 0b1, mip.STI <- 0b0)
mem[X,0x0000000080001FBC] -> 0x3C23
mem[X,0x0000000080001FBE] -> 0x2091
[1794] [M]: 0x0000000080001FBC (0x20913C23) sd x9, 0x218(x2)                        Mtrap_sig_sv+8
mem[W,0x0000000080005218] <- 0x000000008000A498

mem[X,0x0000000080001FC0] -> 0x3403
mem[X,0x0000000080001FC2] -> 0x1F81
[1795] [M]: 0x0000000080001FC0 (0x1F813403) ld x8, 0x1f8(x2)                        Mtrap_sig_sv+12
mem[R,0x00000000800051F8] -> 0x000000008000A110
x8 <- 0x000000008000A110

clint mtime 0x0000000000000382 (mip.MTI <- 0b1, mip.STI <- 0b0)
mem[X,0x0000000080001FC4] -> 0x0333
mem[X,0x0000000080001FC6] -> 0x4083
[1796] [M]: 0x0000000080001FC4 (0x40830333) sub x6, x6, x8                          Mtrap_sig_sv+16
x6 <- 0x0000000000000368

mem[X,0x0000000080001FC8] -> 0x3403
mem[X,0x0000000080001FCA] -> 0x1F81
[1797] [M]: 0x0000000080001FC8 (0x1F813403) ld x8, 0x1f8(x2)                        Mtrap_sig_sv+20
mem[R,0x00000000800051F8] -> 0x000000008000A110
x8 <- 0x000000008000A110

clint mtime 0x0000000000000383 (mip.MTI <- 0b1, mip.STI <- 0b0)
mem[X,0x0000000080001FCC] -> 0x0333
mem[X,0x0000000080001FCE] -> 0x0083
[1798] [M]: 0x0000000080001FCC (0x00830333) add x6, x6, x8                          Mtrap_sig_sv+24
x6 <- 0x000000008000A478

mem[X,0x0000000080001FD0] -> 0x3403
mem[X,0x0000000080001FD2] -> 0x2401
[1799] [M]: 0x0000000080001FD0 (0x24013403) ld x8, 0x240(x2)                        Mtrap_sig_sv+28
mem[R,0x0000000080005240] -> 0x0000000080001D40
x8 <- 0x0000000080001D40

clint mtime 0x0000000000000384 (mip.MTI <- 0b1, mip.STI <- 0b0)
mem[X,0x0000000080001FD4] -> 0x85B3
mem[X,0x0000000080001FD6] -> 0x4085
[1800] [M]: 0x0000000080001FD4 (0x408585B3) sub x11, x11, x8                        sv_Mvect+0
x11 <- 0x000000000000010C

mem[X,0x0000000080001FD8] -> 0x9593
mem[X,0x0000000080001FDA] -> 0x0045
[1801] [M]: 0x0000000080001FD8 (0x00459593) slli x11, x11, 0x4                      sv_Mvect+4
x11 <- 0x00000000000010C0

clint mtime 0x0000000000000385 (mip.MTI <- 0b1, mip.STI <- 0b0)
mem[X,0x0000000080001FDC] -> 0xE5B3
mem[X,0x0000000080001FDE] -> 0x0075
[1802] [M]: 0x0000000080001FDC (0x0075E5B3) or x11, x11, x7                         sv_Mvect+8
x11 <- 0x00000000000010E0

mem[X,0x0000000080001FE0] -> 0x8593
mem[X,0x0000000080001FE2] -> 0x0035
[1803] [M]: 0x0000000080001FE0 (0x00358593) addi x11, x11, 0x3                      sv_Mvect+12
x11 <- 0x00000000000010E3

clint mtime 0x0000000000000386 (mip.MTI <- 0b1, mip.STI <- 0b0)
mem[X,0x0000000080001FE4] -> 0x3023
mem[X,0x0000000080001FE6] -> 0x00B3
[1804] [M]: 0x0000000080001FE4 (0x00B33023) sd x11, 0x0(x6)                         sv_Mvect+16
mem[W,0x000000008000A478] <- 0x00000000000010E3

mem[X,0x0000000080001FE8] -> 0x3423
mem[X,0x0000000080001FEA] -> 0x00A3
[1805] [M]: 0x0000000080001FE8 (0x00A33423) sd x10, 0x8(x6)                         sv_Mcause+0
mem[W,0x000000008000A480] <- 0x000000000000000C

clint mtime 0x0000000000000387 (mip.MTI <- 0b1, mip.STI <- 0b0)
mem[X,0x0000000080001FEC] -> 0x4663
mem[X,0x0000000080001FEE] -> 0x1A05
[1806] [M]: 0x0000000080001FEC (0x1A054663) blt x10, x0, 0x1ac                      sv_Mcause+4

mem[X,0x0000000080001FF0] -> 0x25F3
mem[X,0x0000000080001FF2] -> 0x3000
[1807] [M]: 0x0000000080001FF0 (0x300025F3) csrrs x11, mstatus, x0                  common_Mexcpt_handler+0
CSR mstatus (0x300) -> 0x0000000A00000800
x11 <- 0x0000000A00000800

clint mtime 0x0000000000000388 (mip.MTI <- 0b1, mip.STI <- 0b0)
mem[X,0x0000000080001FF4] -> 0x9413
mem[X,0x0000000080001FF6] -> 0x02E5
[1808] [M]: 0x0000000080001FF4 (0x02E59413) slli x8, x11, 0x2e                      common_Mexcpt_handler+4
x8 <- 0x0200000000000000

mem[X,0x0000000080001FF8] -> 0x5463
mem[X,0x0000000080001FFA] -> 0x0004
[1809] [M]: 0x0000000080001FF8 (0x00045463) bge x8, x0, 0x8                         common_Mexcpt_handler+8

clint mtime 0x0000000000000389 (mip.MTI <- 0b1, mip.STI <- 0b0)
mem[X,0x0000000080002000] -> 0xD493
mem[X,0x0000000080002002] -> 0x00B5
[1810] [M]: 0x0000000080002000 (0x00B5D493) srli x9, x11, 0xb                       common_Mexcpt_handler+16
x9 <- 0x0000000001400001

mem[X,0x0000000080002004] -> 0xF493
mem[X,0x0000000080002006] -> 0x0034
[1811] [M]: 0x0000000080002004 (0x0034F493) andi x9, x9, 0x3                        common_Mexcpt_handler+20
x9 <- 0x0000000000000001

clint mtime 0x000000000000038A (mip.MTI <- 0b1, mip.STI <- 0b0)
mem[X,0x0000000080002008] -> 0x8493
mem[X,0x000000008000200A] -> 0x0014
[1812] [M]: 0x0000000080002008 (0x00148493) addi x9, x9, 0x1                        common_Mexcpt_handler+24
x9 <- 0x0000000000000002

mem[X,0x000000008000200C] -> 0xF493
mem[X,0x000000008000200E] -> 0x0044
[1813] [M]: 0x000000008000200C (0x0044F493) andi x9, x9, 0x4                        common_Mexcpt_handler+28
x9 <- 0x0000000000000000

clint mtime 0x000000000000038B (mip.MTI <- 0b1, mip.STI <- 0b0)
mem[X,0x0000000080002010] -> 0x0593
mem[X,0x0000000080002012] -> 0x05D0
[1814] [M]: 0x0000000080002010 (0x05D00593) addi x11, x0, 0x5d                      common_Mexcpt_handler+32
x11 <- 0x000000000000005D

mem[X,0x0000000080002014] -> 0xD5B3
mem[X,0x0000000080002016] -> 0x0095
[1815] [M]: 0x0000000080002014 (0x0095D5B3) srl x11, x11, x9                        common_Mexcpt_handler+36
x11 <- 0x000000000000005D

clint mtime 0x000000000000038C (mip.MTI <- 0b1, mip.STI <- 0b0)
mem[X,0x0000000080002018] -> 0xF593
mem[X,0x000000008000201A] -> 0x0015
[1816] [M]: 0x0000000080002018 (0x0015F593) andi x11, x11, 0x1                      common_Mexcpt_handler+40
x11 <- 0x0000000000000001

mem[X,0x000000008000201C] -> 0x8EE3
mem[X,0x000000008000201E] -> 0xF405
[1817] [M]: 0x000000008000201C (0xF4058EE3) beq x11, x0, -0xa4                      common_Mexcpt_handler+44

clint mtime 0x000000000000038D (mip.MTI <- 0b1, mip.STI <- 0b0)
mem[X,0x0000000080002020] -> 0x0593
mem[X,0x0000000080002022] -> 0x2980
[1818] [M]: 0x0000000080002020 (0x29800593) addi x11, x0, 0x298                     common_Mexcpt_handler+48
x11 <- 0x0000000000000298

mem[X,0x0000000080002024] -> 0xF413
mem[X,0x0000000080002026] -> 0x0014
[1819] [M]: 0x0000000080002024 (0x0014F413) andi x8, x9, 0x1                        common_Mexcpt_handler+52
x8 <- 0x0000000000000000

clint mtime 0x000000000000038E (mip.MTI <- 0b1, mip.STI <- 0b0)
mem[X,0x0000000080002028] -> 0x95B3
mem[X,0x000000008000202A] -> 0x0085
[1820] [M]: 0x0000000080002028 (0x008595B3) sll x11, x11, x8                        common_Mexcpt_handler+56
x11 <- 0x0000000000000298

mem[X,0x000000008000202C] -> 0x9413
mem[X,0x000000008000202E] -> 0x03D4
[1821] [M]: 0x000000008000202C (0x03D49413) slli x8, x9, 0x3d                       common_Mexcpt_handler+60
x8 <- 0x0000000000000000

clint mtime 0x000000000000038F (mip.MTI <- 0b1, mip.STI <- 0b0)
mem[X,0x0000000080002030] -> 0x5413
mem[X,0x0000000080002032] -> 0x43F4
[1822] [M]: 0x0000000080002030 (0x43F45413) srai x8, x8, 0x3f                       common_Mexcpt_handler+64
x8 <- 0x0000000000000000

mem[X,0x0000000080002034] -> 0x4413
mem[X,0x0000000080002036] -> 0xFFF4
[1823] [M]: 0x0000000080002034 (0xFFF44413) xori x8, x8, -0x1                       common_Mexcpt_handler+68
x8 <- 0xFFFFFFFFFFFFFFFF

clint mtime 0x0000000000000390 (mip.MTI <- 0b1, mip.STI <- 0b0)
mem[X,0x0000000080002038] -> 0xF4B3
mem[X,0x000000008000203A] -> 0x0085
[1824] [M]: 0x0000000080002038 (0x0085F4B3) and x9, x11, x8                         common_Mexcpt_handler+72
x9 <- 0x0000000000000298

mem[X,0x000000008000203C] -> 0x84B3
mem[X,0x000000008000203E] -> 0x0024
[1825] [M]: 0x000000008000203C (0x002484B3) add x9, x9, x2                          vmem_adj_Mepc+0
x9 <- 0x0000000080005298

clint mtime 0x0000000000000391 (mip.MTI <- 0b1, mip.STI <- 0b0)
mem[X,0x0000000080002040] -> 0x23F3
mem[X,0x0000000080002042] -> 0x3410
[1826] [M]: 0x0000000080002040 (0x341023F3) csrrs x7, mepc, x0                      vmem_adj_Mepc+4
CSR mepc (0x341) -> 0x0000030080000DFC
x7 <- 0x0000030080000DFC

mem[X,0x0000000080002044] -> 0x0413
mem[X,0x0000000080002046] -> 0x0004
[1827] [M]: 0x0000000080002044 (0x00040413) addi x8, x8, 0x0                        vmem_adj_Mepc+8
x8 <- 0xFFFFFFFFFFFFFFFF

clint mtime 0x0000000000000392 (mip.MTI <- 0b1, mip.STI <- 0b0)
mem[X,0x0000000080002048] -> 0x006F
mem[X,0x000000008000204A] -> 0x0400
[1828] [M]: 0x0000000080002048 (0x0400006F) jal x0, 0x40                            vmem_adj_Mepc+12

mem[X,0x0000000080002088] -> 0x8433
mem[X,0x000000008000208A] -> 0x4083
[1829] [M]: 0x0000000080002088 (0x40838433) sub x8, x7, x8                          adj_Mepc+0
x8 <- 0x0000030080000DFD

clint mtime 0x0000000000000393 (mip.MTI <- 0b1, mip.STI <- 0b0)
mem[X,0x000000008000208C] -> 0x3823
mem[X,0x000000008000208E] -> 0x0083
[1830] [M]: 0x000000008000208C (0x00833823) sd x8, 0x10(x6)                         sv_Mepc+0
mem[W,0x000000008000A488] <- 0x0000030080000DFD

mem[X,0x0000000080002090] -> 0x55B7
mem[X,0x0000000080002092] -> 0x0000
[1831] [M]: 0x0000000080002090 (0x000055B7) lui x11, 0x5                            sv_Mepc+4
x11 <- 0x0000000000005000

clint mtime 0x0000000000000394 (mip.MTI <- 0b1, mip.STI <- 0b0)
mem[X,0x0000000080002094] -> 0x8593
mem[X,0x0000000080002096] -> 0x6675
[1832] [M]: 0x0000000080002094 (0x66758593) addi x11, x11, 0x667                    sv_Mepc+8
x11 <- 0x0000000000005667

mem[X,0x0000000080002098] -> 0x9593
mem[X,0x000000008000209A] -> 0x0015
[1833] [M]: 0x0000000080002098 (0x00159593) slli x11, x11, 0x1                      sv_Mepc+12
x11 <- 0x000000000000ACCE

clint mtime 0x0000000000000395 (mip.MTI <- 0b1, mip.STI <- 0b0)
mem[X,0x000000008000209C] -> 0x9063
mem[X,0x000000008000209E] -> 0x02B1
[1834] [M]: 0x000000008000209C (0x02B19063) bne x3, x11, 0x20                       sv_Mepc+16

mem[X,0x00000000800020BC] -> 0xF593
mem[X,0x00000000800020BE] -> 0xFFC3
[1835] [M]: 0x00000000800020BC (0xFFC3F593) andi x11, x7, -0x4                      adj_Mepc_rtn+0
x11 <- 0x0000030080000DFC

clint mtime 0x0000000000000396 (mip.MTI <- 0b1, mip.STI <- 0b0)
mem[X,0x00000000800020C0] -> 0x8593
mem[X,0x00000000800020C2] -> 0x0085
[1836] [M]: 0x00000000800020C0 (0x00858593) addi x11, x11, 0x8                      adj_Mepc_rtn+4
x11 <- 0x0000030080000E04

mem[X,0x00000000800020C4] -> 0x9073
mem[X,0x00000000800020C6] -> 0x3415
[1837] [M]: 0x00000000800020C4 (0x34159073) csrrw x0, mepc, x11                     adj_Mepc_rtn+8
CSR mepc (0x341) <- 0x0000030080000E04

clint mtime 0x0000000000000397 (mip.MTI <- 0b1, mip.STI <- 0b0)
mem[X,0x00000000800020C8] -> 0x23F3
mem[X,0x00000000800020CA] -> 0x3430
[1838] [M]: 0x00000000800020C8 (0x343023F3) csrrs x7, mtval, x0                     skp_adj_Mepc+0
CSR mtval (0x343) -> 0x0000030080000DFC
x7 <- 0x0000030080000DFC

mem[X,0x00000000800020CC] -> 0x0413
mem[X,0x00000000800020CE] -> 0x0004
[1839] [M]: 0x00000000800020CC (0x00040413) addi x8, x8, 0x0                        skp_adj_Mepc+4
x8 <- 0x0000030080000DFD

clint mtime 0x0000000000000398 (mip.MTI <- 0b1, mip.STI <- 0b0)
mem[X,0x00000000800020D0] -> 0x006F
mem[X,0x00000000800020D2] -> 0x0840
[1840] [M]: 0x00000000800020D0 (0x0840006F) jal x0, 0x84                            skp_adj_Mepc+8

mem[X,0x0000000080002154] -> 0x8433
mem[X,0x0000000080002156] -> 0x4083
[1841] [M]: 0x0000000080002154 (0x40838433) sub x8, x7, x8                          adj_Mtval+0
x8 <- 0xFFFFFFFFFFFFFFFF

clint mtime 0x0000000000000399 (mip.MTI <- 0b1, mip.STI <- 0b0)
mem[X,0x0000000080002158] -> 0x3C23
mem[X,0x000000008000215A] -> 0x0083
[1842] [M]: 0x0000000080002158 (0x00833C23) sd x8, 0x18(x6)                         sv_Mtval+0
mem[W,0x000000008000A490] <- 0xFFFFFFFFFFFFFFFF

mem[X,0x000000008000215C] -> 0x3483
mem[X,0x000000008000215E] -> 0x2181
[1843] [M]: 0x000000008000215C (0x21813483) ld x9, 0x218(x2)                        skp_Mtval+0
mem[R,0x0000000080005218] -> 0x000000008000A498
x9 <- 0x000000008000A498

clint mtime 0x000000000000039A (mip.MTI <- 0b1, mip.STI <- 0b0)
mem[X,0x0000000080002160] -> 0x3383
mem[X,0x0000000080002162] -> 0x1F81
[1844] [M]: 0x0000000080002160 (0x1F813383) ld x7, 0x1f8(x2)                        skp_Mtval+4
mem[R,0x00000000800051F8] -> 0x000000008000A110
x7 <- 0x000000008000A110

mem[X,0x0000000080002164] -> 0x3303
mem[X,0x0000000080002166] -> 0x2001
[1845] [M]: 0x0000000080002164 (0x20013303) ld x6, 0x200(x2)                        skp_Mtval+8
mem[R,0x0000000080005200] -> 0x0000000000000410
x6 <- 0x0000000000000410

clint mtime 0x000000000000039B (mip.MTI <- 0b1, mip.STI <- 0b0)
mem[X,0x0000000080002168] -> 0x0333
mem[X,0x000000008000216A] -> 0x0073
[1846] [M]: 0x0000000080002168 (0x00730333) add x6, x6, x7                          skp_Mtval+12
x6 <- 0x000000008000A520

mem[X,0x000000008000216C] -> 0x6AE3
mem[X,0x000000008000216E] -> 0xAC93
[1847] [M]: 0x000000008000216C (0xAC936AE3) bltu x6, x9, -0x52c                     skp_Mtval+16

clint mtime 0x000000000000039C (mip.MTI <- 0b1, mip.STI <- 0b0)
mem[X,0x0000000080002170] -> 0x0393
mem[X,0x0000000080002172] -> 0x2000
[1848] [M]: 0x0000000080002170 (0x20000393) addi x7, x0, 0x200                      skp_Mtval+20
x7 <- 0x0000000000000200

mem[X,0x0000000080002174] -> 0x006F
mem[X,0x0000000080002176] -> 0x0400
[1849] [M]: 0x0000000080002174 (0x0400006F) jal x0, 0x40                            skp_Mtval+24

clint mtime 0x000000000000039D (mip.MTI <- 0b1, mip.STI <- 0b0)
mem[X,0x00000000800021B4] -> 0x0417
mem[X,0x00000000800021B6] -> 0x0000
[1850] [M]: 0x00000000800021B4 (0x00000417) auipc x8, 0x0                           spcl_Mhandler+0
x8 <- 0x00000000800021B4

mem[X,0x00000000800021B8] -> 0x0413
mem[X,0x00000000800021BA] -> 0x03C4
[1851] [M]: 0x00000000800021B8 (0x03C40413) addi x8, x8, 0x3c                       spcl_Mhandler+4
x8 <- 0x00000000800021F0

clint mtime 0x000000000000039E (mip.MTI <- 0b1, mip.STI <- 0b0)
mem[X,0x00000000800021BC] -> 0x0433
mem[X,0x00000000800021BE] -> 0x0074
[1852] [M]: 0x00000000800021BC (0x00740433) add x8, x8, x7                          spcl_Mhandler+8
x8 <- 0x00000000800023F0

mem[X,0x00000000800021C0] -> 0x1393
mem[X,0x00000000800021C2] -> 0x0035
[1853] [M]: 0x00000000800021C0 (0x00351393) slli x7, x10, 0x3                       spcl_Mhandler+12
x7 <- 0x0000000000000060

clint mtime 0x000000000000039F (mip.MTI <- 0b1, mip.STI <- 0b0)
mem[X,0x00000000800021C4] -> 0x0433
mem[X,0x00000000800021C6] -> 0x0074
[1854] [M]: 0x00000000800021C4 (0x00740433) add x8, x8, x7                          spcl_Mhandler+16
x8 <- 0x0000000080002450

mem[X,0x00000000800021C8] -> 0x7413
mem[X,0x00000000800021CA] -> 0xFF84
[1855] [M]: 0x00000000800021C8 (0xFF847413) andi x8, x8, -0x8                       spcl_Mhandler+20
x8 <- 0x0000000080002450

clint mtime 0x00000000000003A0 (mip.MTI <- 0b1, mip.STI <- 0b0)
mem[X,0x00000000800021CC] -> 0x3403
mem[X,0x00000000800021CE] -> 0x0004
[1856] [M]: 0x00000000800021CC (0x00043403) ld x8, 0x0(x8)                          spcl_Mhandler+24
mem[R,0x0000000080002450] -> 0x0000000000000019
x8 <- 0x0000000000000019

mem[X,0x00000000800021D0] -> 0x02E3
mem[X,0x00000000800021D2] -> 0xB004
[1857] [M]: 0x00000000800021D0 (0xB00402E3) beq x8, x0, -0x4fc                      spcl_Mdispatch_hndling+0

clint mtime 0x00000000000003A1 (mip.MTI <- 0b1, mip.STI <- 0b0)
mem[X,0x00000000800021D4] -> 0x1393
mem[X,0x00000000800021D6] -> 0x03F4
[1858] [M]: 0x00000000800021D4 (0x03F41393) slli x7, x8, 0x3f                       spcl_Mdispatch_hndling+4
x7 <- 0x8000000000000000

mem[X,0x00000000800021D8] -> 0xD863
mem[X,0x00000000800021DA] -> 0x0003
[1859] [M]: 0x00000000800021D8 (0x0003D863) bge x7, x0, 0x10                        spcl_Mdispatch_hndling+8

clint mtime 0x00000000000003A2 (mip.MTI <- 0b1, mip.STI <- 0b0)
mem[X,0x00000000800021DC] -> 0x5413
mem[X,0x00000000800021DE] -> 0x0014
[1860] [M]: 0x00000000800021DC (0x00145413) srli x8, x8, 0x1                        spcl_Mdispatch_hndling+12
x8 <- 0x000000000000000C

mem[X,0x00000000800021E0] -> 0x0CE3
mem[X,0x00000000800021E2] -> 0xF885
[1861] [M]: 0x00000000800021E0 (0xF8850CE3) beq x10, x8, -0x68                      spcl_Mdispatch_hndling+16

clint mtime 0x00000000000003A3 (mip.MTI <- 0b1, mip.STI <- 0b0)
mem[X,0x0000000080002178] -> 0x3303
mem[X,0x000000008000217A] -> 0x2601
[1862] [M]: 0x0000000080002178 (0x26013303) ld x6, 0x260(x2)                        resto_Mrtn+0
mem[R,0x0000000080005260] -> 0x000002FFFFFFFFF8
x6 <- 0x000002FFFFFFFFF8

mem[X,0x000000008000217C] -> 0x3383
mem[X,0x000000008000217E] -> 0x2681
[1863] [M]: 0x000000008000217C (0x26813383) ld x7, 0x268(x2)                        resto_Mrtn+4
mem[R,0x0000000080005268] -> 0x0000000080005000
x7 <- 0x0000000080005000

clint mtime 0x00000000000003A4 (mip.MTI <- 0b1, mip.STI <- 0b0)
mem[X,0x0000000080002180] -> 0x3403
mem[X,0x0000000080002182] -> 0x2701
[1864] [M]: 0x0000000080002180 (0x27013403) ld x8, 0x270(x2)                        resto_Mrtn+8
mem[R,0x0000000080005270] -> 0x0000000000007F76
x8 <- 0x0000000000007F76

mem[X,0x0000000080002184] -> 0x3483
mem[X,0x0000000080002186] -> 0x2781
[1865] [M]: 0x0000000080002184 (0x27813483) ld x9, 0x278(x2)                        resto_Mrtn+12
mem[R,0x0000000080005278] -> 0x0000000000000000
x9 <- 0x0000000000000000

clint mtime 0x00000000000003A5 (mip.MTI <- 0b1, mip.STI <- 0b0)
mem[X,0x0000000080002188] -> 0x3503
mem[X,0x000000008000218A] -> 0x2801
[1866] [M]: 0x0000000080002188 (0x28013503) ld x10, 0x280(x2)                       resto_Mrtn+16
mem[R,0x0000000080005280] -> 0x00000000000000CF
x10 <- 0x00000000000000CF

mem[X,0x000000008000218C] -> 0x3583
mem[X,0x000000008000218E] -> 0x2881
[1867] [M]: 0x000000008000218C (0x28813583) ld x11, 0x288(x2)                       resto_Mrtn+20
mem[R,0x0000000080005288] -> 0x00000000000000CF
x11 <- 0x00000000000000CF

clint mtime 0x00000000000003A6 (mip.MTI <- 0b1, mip.STI <- 0b0)
mem[X,0x0000000080002190] -> 0x3103
mem[X,0x0000000080002192] -> 0x2901
[1868] [M]: 0x0000000080002190 (0x29013103) ld x2, 0x290(x2)                        resto_Mrtn+24
mem[R,0x0000000080005290] -> 0x0000000080005000
x2 <- 0x0000000080005000

mem[X,0x0000000080002194] -> 0x0073
mem[X,0x0000000080002196] -> 0x3020
[1869] [M]: 0x0000000080002194 (0x30200073) mret                                    resto_Mrtn+28
CSR mstatus (0x300) <- 0x0000000A00000080
ret-ing from M to S

clint mtime 0x00000000000003A7 (mip.MTI <- 0b1, mip.STI <- 0b0)
PTW: Start, vpn=0x30080000, access_type=X, privilege=Smem[R,0x0000000080009030] -> 0xCB00000000000000
PTW: Step, level=3, pte=0xCB00000000000000, pte_addr=0x80009030
PTW: failed, error=invalid-pte, level=3, pte_addr=0x80009030
trapping from S to M to handle fetch-page-fault
handling exc#fetch-page-fault at priv M with tval 0x0000030080000E04
CSR mstatus (0x300) <- 0x0000000A00000800
CSR mcause (0x342) <- 0x000000000000000C
CSR mtval (0x343) <- 0x0000030080000E04
CSR mepc (0x341) <- 0x0000030080000E04

mem[X,0x0000000080001D40] -> 0x006F
mem[X,0x0000000080001D42] -> 0x1000
[1871] [M]: 0x0000000080001D40 (0x1000006F) jal x0, 0x100                           Mtrampoline+0

clint mtime 0x00000000000003A8 (mip.MTI <- 0b1, mip.STI <- 0b0)
mem[X,0x0000000080001E40] -> 0x1173
mem[X,0x0000000080001E42] -> 0x3401
[1872] [M]: 0x0000000080001E40 (0x34011173) csrrw x2, mscratch, x2                  trap_Mhandler+0
CSR mscratch (0x340) <- 0x0000000080005000
x2 <- 0x0000000080005000

mem[X,0x0000000080001E44] -> 0x3423
mem[X,0x0000000080001E46] -> 0x28B1
[1873] [M]: 0x0000000080001E44 (0x28B13423) sd x11, 0x288(x2)                       trap_Mhandler+4
mem[W,0x0000000080005288] <- 0x00000000000000CF

clint mtime 0x00000000000003A9 (mip.MTI <- 0b1, mip.STI <- 0b0)
mem[X,0x0000000080001E48] -> 0x05EF
mem[X,0x0000000080001E4A] -> 0x0B80
[1874] [M]: 0x0000000080001E48 (0x0B8005EF) jal x11, 0xb8                           trap_Mhandler+8
x11 <- 0x0000000080001E4C

mem[X,0x0000000080001F00] -> 0x3023
mem[X,0x0000000080001F02] -> 0x28A1
[1875] [M]: 0x0000000080001F00 (0x28A13023) sd x10, 0x280(x2)                       common_Mhandler+0
mem[W,0x0000000080005280] <- 0x00000000000000CF

clint mtime 0x00000000000003AA (mip.MTI <- 0b1, mip.STI <- 0b0)
mem[X,0x0000000080001F04] -> 0x1573
mem[X,0x0000000080001F06] -> 0x3401
[1876] [M]: 0x0000000080001F04 (0x34011573) csrrw x10, mscratch, x2                 common_Mhandler+4
CSR mscratch (0x340) <- 0x0000000080005000
x10 <- 0x0000000080005000

mem[X,0x0000000080001F08] -> 0x3823
mem[X,0x0000000080001F0A] -> 0x28A1
[1877] [M]: 0x0000000080001F08 (0x28A13823) sd x10, 0x290(x2)                       common_Mhandler+8
mem[W,0x0000000080005290] <- 0x0000000080005000

clint mtime 0x00000000000003AB (mip.MTI <- 0b1, mip.STI <- 0b0)
mem[X,0x0000000080001F0C] -> 0x3503
mem[X,0x0000000080001F0E] -> 0x2301
[1878] [M]: 0x0000000080001F0C (0x23013503) ld x10, 0x230(x2)                       common_Mhandler+12
mem[R,0x0000000080005230] -> 0x0000000080001F14
x10 <- 0x0000000080001F14

mem[X,0x0000000080001F10] -> 0x0067
mem[X,0x0000000080001F12] -> 0x0005
[1879] [M]: 0x0000000080001F10 (0x00050067) jalr x0, 0x0(x10)                       common_Mhandler+16

clint mtime 0x00000000000003AC (mip.MTI <- 0b1, mip.STI <- 0b0)
mem[X,0x0000000080001F14] -> 0x3C23
mem[X,0x0000000080001F16] -> 0x2691
[1880] [M]: 0x0000000080001F14 (0x26913C23) sd x9, 0x278(x2)                        common_Mentry+0
mem[W,0x0000000080005278] <- 0x0000000000000000

mem[X,0x0000000080001F18] -> 0x3823
mem[X,0x0000000080001F1A] -> 0x2681
[1881] [M]: 0x0000000080001F18 (0x26813823) sd x8, 0x270(x2)                        common_Mentry+4
mem[W,0x0000000080005270] <- 0x0000000000007F76

clint mtime 0x00000000000003AD (mip.MTI <- 0b1, mip.STI <- 0b0)
mem[X,0x0000000080001F1C] -> 0x3423
mem[X,0x0000000080001F1E] -> 0x2671
[1882] [M]: 0x0000000080001F1C (0x26713423) sd x7, 0x268(x2)                        common_Mentry+8
mem[W,0x0000000080005268] <- 0x0000000080005000

mem[X,0x0000000080001F20] -> 0x3023
mem[X,0x0000000080001F22] -> 0x2661
[1883] [M]: 0x0000000080001F20 (0x26613023) sd x6, 0x260(x2)                        common_Mentry+12
mem[W,0x0000000080005260] <- 0x000002FFFFFFFFF8

clint mtime 0x00000000000003AE (mip.MTI <- 0b1, mip.STI <- 0b0)
mem[X,0x0000000080001F24] -> 0x2573
mem[X,0x0000000080001F26] -> 0x3420
[1884] [M]: 0x0000000080001F24 (0x34202573) csrrs x10, mcause, x0                   spcl_M2mmode_test+0
CSR mcause (0x342) -> 0x000000000000000C
x10 <- 0x000000000000000C

mem[X,0x0000000080001F28] -> 0x04B7
mem[X,0x0000000080001F2A] -> 0x8000
[1885] [M]: 0x0000000080001F28 (0x800004B7) lui x9, -0x80000                        spcl_M2mmode_test+4
x9 <- 0xFFFFFFFF80000000

clint mtime 0x00000000000003AF (mip.MTI <- 0b1, mip.STI <- 0b0)
mem[X,0x0000000080001F2C] -> 0x8493
mem[X,0x0000000080001F2E] -> 0x0004
[1886] [M]: 0x0000000080001F2C (0x00048493) addi x9, x9, 0x0                        spcl_M2mmode_test+8
x9 <- 0xFFFFFFFF80000000

mem[X,0x0000000080001F30] -> 0x9493
mem[X,0x0000000080001F32] -> 0x00B4
[1887] [M]: 0x0000000080001F30 (0x00B49493) slli x9, x9, 0xb                        spcl_M2mmode_test+12
x9 <- 0xFFFFFC0000000000

clint mtime 0x00000000000003B0 (mip.MTI <- 0b1, mip.STI <- 0b0)
mem[X,0x0000000080001F34] -> 0x8493
mem[X,0x0000000080001F36] -> 0x0004
[1888] [M]: 0x0000000080001F34 (0x00048493) addi x9, x9, 0x0                        spcl_M2mmode_test+16
x9 <- 0xFFFFFC0000000000

mem[X,0x0000000080001F38] -> 0x9493
mem[X,0x0000000080001F3A] -> 0x00B4
[1889] [M]: 0x0000000080001F38 (0x00B49493) slli x9, x9, 0xb                        spcl_M2mmode_test+20
x9 <- 0xFFE0000000000000

clint mtime 0x00000000000003B1 (mip.MTI <- 0b1, mip.STI <- 0b0)
mem[X,0x0000000080001F3C] -> 0x8493
mem[X,0x0000000080001F3E] -> 0x0034
[1890] [M]: 0x0000000080001F3C (0x00348493) addi x9, x9, 0x3                        spcl_M2mmode_test+24
x9 <- 0xFFE0000000000003

mem[X,0x0000000080001F40] -> 0x9493
mem[X,0x0000000080001F42] -> 0x00A4
[1891] [M]: 0x0000000080001F40 (0x00A49493) slli x9, x9, 0xa                        spcl_M2mmode_test+28
x9 <- 0x8000000000000C00

clint mtime 0x00000000000003B2 (mip.MTI <- 0b1, mip.STI <- 0b0)
mem[X,0x0000000080001F44] -> 0x8493
mem[X,0x0000000080001F46] -> 0x3FC4
[1892] [M]: 0x0000000080001F44 (0x3FC48493) addi x9, x9, 0x3fc                      spcl_M2mmode_test+32
x9 <- 0x8000000000000FFC

mem[X,0x0000000080001F48] -> 0xF4B3
mem[X,0x0000000080001F4A] -> 0x00A4
[1893] [M]: 0x0000000080001F48 (0x00A4F4B3) and x9, x9, x10                         spcl_M2mmode_test+36
x9 <- 0x000000000000000C

clint mtime 0x00000000000003B3 (mip.MTI <- 0b1, mip.STI <- 0b0)
mem[X,0x0000000080001F4C] -> 0x8493
mem[X,0x0000000080001F4E] -> 0xFF84
[1894] [M]: 0x0000000080001F4C (0xFF848493) addi x9, x9, -0x8                       spcl_M2mmode_test+40
x9 <- 0x0000000000000004

mem[X,0x0000000080001F50] -> 0x9663
mem[X,0x0000000080001F52] -> 0x0004
[1895] [M]: 0x0000000080001F50 (0x00049663) bne x9, x0, 0xc                         spcl_M2mmode_test+44

clint mtime 0x00000000000003B4 (mip.MTI <- 0b1, mip.STI <- 0b0)
mem[X,0x0000000080001F5C] -> 0x0393
mem[X,0x0000000080001F5E] -> 0x0200
[1896] [M]: 0x0000000080001F5C (0x02000393) addi x7, x0, 0x20                       Mtrapsig_ptr_upd+0
x7 <- 0x0000000000000020

mem[X,0x0000000080001F60] -> 0x5263
mem[X,0x0000000080001F62] -> 0x0405
[1897] [M]: 0x0000000080001F60 (0x04055263) bge x10, x0, 0x44                       Mtrapsig_ptr_upd+4

clint mtime 0x00000000000003B5 (mip.MTI <- 0b1, mip.STI <- 0b0)
mem[X,0x0000000080001FA4] -> 0x2373
mem[X,0x0000000080001FA6] -> 0x3010
[1898] [M]: 0x0000000080001FA4 (0x30102373) csrrs x6, misa, x0                      Mxcpt_sig_sv+0
CSR misa (0x301) -> 0x800000000034112F
x6 <- 0x800000000034112F

mem[X,0x0000000080001FA8] -> 0x1313
mem[X,0x0000000080001FAA] -> 0x0383
[1899] [M]: 0x0000000080001FA8 (0x03831313) slli x6, x6, 0x38                       Mxcpt_sig_sv+4
x6 <- 0x2F00000000000000

clint mtime 0x00000000000003B6 (mip.MTI <- 0b1, mip.STI <- 0b0)
mem[X,0x0000000080001FAC] -> 0x5463
mem[X,0x0000000080001FAE] -> 0x0003
[1900] [M]: 0x0000000080001FAC (0x00035463) bge x6, x0, 0x8                         Mxcpt_sig_sv+8

mem[X,0x0000000080001FB4] -> 0x3303
mem[X,0x0000000080001FB6] -> 0x2181
[1901] [M]: 0x0000000080001FB4 (0x21813303) ld x6, 0x218(x2)                        Mtrap_sig_sv+0
mem[R,0x0000000080005218] -> 0x000000008000A498
x6 <- 0x000000008000A498

clint mtime 0x00000000000003B7 (mip.MTI <- 0b1, mip.STI <- 0b0)
mem[X,0x0000000080001FB8] -> 0x04B3
mem[X,0x0000000080001FBA] -> 0x0073
[1902] [M]: 0x0000000080001FB8 (0x007304B3) add x9, x6, x7                          Mtrap_sig_sv+4
x9 <- 0x000000008000A4B8

mem[X,0x0000000080001FBC] -> 0x3C23
mem[X,0x0000000080001FBE] -> 0x2091
[1903] [M]: 0x0000000080001FBC (0x20913C23) sd x9, 0x218(x2)                        Mtrap_sig_sv+8
mem[W,0x0000000080005218] <- 0x000000008000A4B8

clint mtime 0x00000000000003B8 (mip.MTI <- 0b1, mip.STI <- 0b0)
mem[X,0x0000000080001FC0] -> 0x3403
mem[X,0x0000000080001FC2] -> 0x1F81
[1904] [M]: 0x0000000080001FC0 (0x1F813403) ld x8, 0x1f8(x2)                        Mtrap_sig_sv+12
mem[R,0x00000000800051F8] -> 0x000000008000A110
x8 <- 0x000000008000A110

mem[X,0x0000000080001FC4] -> 0x0333
mem[X,0x0000000080001FC6] -> 0x4083
[1905] [M]: 0x0000000080001FC4 (0x40830333) sub x6, x6, x8                          Mtrap_sig_sv+16
x6 <- 0x0000000000000388

clint mtime 0x00000000000003B9 (mip.MTI <- 0b1, mip.STI <- 0b0)
mem[X,0x0000000080001FC8] -> 0x3403
mem[X,0x0000000080001FCA] -> 0x1F81
[1906] [M]: 0x0000000080001FC8 (0x1F813403) ld x8, 0x1f8(x2)                        Mtrap_sig_sv+20
mem[R,0x00000000800051F8] -> 0x000000008000A110
x8 <- 0x000000008000A110

mem[X,0x0000000080001FCC] -> 0x0333
mem[X,0x0000000080001FCE] -> 0x0083
[1907] [M]: 0x0000000080001FCC (0x00830333) add x6, x6, x8                          Mtrap_sig_sv+24
x6 <- 0x000000008000A498

clint mtime 0x00000000000003BA (mip.MTI <- 0b1, mip.STI <- 0b0)
mem[X,0x0000000080001FD0] -> 0x3403
mem[X,0x0000000080001FD2] -> 0x2401
[1908] [M]: 0x0000000080001FD0 (0x24013403) ld x8, 0x240(x2)                        Mtrap_sig_sv+28
mem[R,0x0000000080005240] -> 0x0000000080001D40
x8 <- 0x0000000080001D40

mem[X,0x0000000080001FD4] -> 0x85B3
mem[X,0x0000000080001FD6] -> 0x4085
[1909] [M]: 0x0000000080001FD4 (0x408585B3) sub x11, x11, x8                        sv_Mvect+0
x11 <- 0x000000000000010C

clint mtime 0x00000000000003BB (mip.MTI <- 0b1, mip.STI <- 0b0)
mem[X,0x0000000080001FD8] -> 0x9593
mem[X,0x0000000080001FDA] -> 0x0045
[1910] [M]: 0x0000000080001FD8 (0x00459593) slli x11, x11, 0x4                      sv_Mvect+4
x11 <- 0x00000000000010C0

mem[X,0x0000000080001FDC] -> 0xE5B3
mem[X,0x0000000080001FDE] -> 0x0075
[1911] [M]: 0x0000000080001FDC (0x0075E5B3) or x11, x11, x7                         sv_Mvect+8
x11 <- 0x00000000000010E0

clint mtime 0x00000000000003BC (mip.MTI <- 0b1, mip.STI <- 0b0)
mem[X,0x0000000080001FE0] -> 0x8593
mem[X,0x0000000080001FE2] -> 0x0035
[1912] [M]: 0x0000000080001FE0 (0x00358593) addi x11, x11, 0x3                      sv_Mvect+12
x11 <- 0x00000000000010E3

mem[X,0x0000000080001FE4] -> 0x3023
mem[X,0x0000000080001FE6] -> 0x00B3
[1913] [M]: 0x0000000080001FE4 (0x00B33023) sd x11, 0x0(x6)                         sv_Mvect+16
mem[W,0x000000008000A498] <- 0x00000000000010E3

clint mtime 0x00000000000003BD (mip.MTI <- 0b1, mip.STI <- 0b0)
mem[X,0x0000000080001FE8] -> 0x3423
mem[X,0x0000000080001FEA] -> 0x00A3
[1914] [M]: 0x0000000080001FE8 (0x00A33423) sd x10, 0x8(x6)                         sv_Mcause+0
mem[W,0x000000008000A4A0] <- 0x000000000000000C

mem[X,0x0000000080001FEC] -> 0x4663
mem[X,0x0000000080001FEE] -> 0x1A05
[1915] [M]: 0x0000000080001FEC (0x1A054663) blt x10, x0, 0x1ac                      sv_Mcause+4

clint mtime 0x00000000000003BE (mip.MTI <- 0b1, mip.STI <- 0b0)
mem[X,0x0000000080001FF0] -> 0x25F3
mem[X,0x0000000080001FF2] -> 0x3000
[1916] [M]: 0x0000000080001FF0 (0x300025F3) csrrs x11, mstatus, x0                  common_Mexcpt_handler+0
CSR mstatus (0x300) -> 0x0000000A00000800
x11 <- 0x0000000A00000800

mem[X,0x0000000080001FF4] -> 0x9413
mem[X,0x0000000080001FF6] -> 0x02E5
[1917] [M]: 0x0000000080001FF4 (0x02E59413) slli x8, x11, 0x2e                      common_Mexcpt_handler+4
x8 <- 0x0200000000000000

clint mtime 0x00000000000003BF (mip.MTI <- 0b1, mip.STI <- 0b0)
mem[X,0x0000000080001FF8] -> 0x5463
mem[X,0x0000000080001FFA] -> 0x0004
[1918] [M]: 0x0000000080001FF8 (0x00045463) bge x8, x0, 0x8                         common_Mexcpt_handler+8

mem[X,0x0000000080002000] -> 0xD493
mem[X,0x0000000080002002] -> 0x00B5
[1919] [M]: 0x0000000080002000 (0x00B5D493) srli x9, x11, 0xb                       common_Mexcpt_handler+16
x9 <- 0x0000000001400001

clint mtime 0x00000000000003C0 (mip.MTI <- 0b1, mip.STI <- 0b0)
mem[X,0x0000000080002004] -> 0xF493
mem[X,0x0000000080002006] -> 0x0034
[1920] [M]: 0x0000000080002004 (0x0034F493) andi x9, x9, 0x3                        common_Mexcpt_handler+20
x9 <- 0x0000000000000001

mem[X,0x0000000080002008] -> 0x8493
mem[X,0x000000008000200A] -> 0x0014
[1921] [M]: 0x0000000080002008 (0x00148493) addi x9, x9, 0x1                        common_Mexcpt_handler+24
x9 <- 0x0000000000000002

clint mtime 0x00000000000003C1 (mip.MTI <- 0b1, mip.STI <- 0b0)
mem[X,0x000000008000200C] -> 0xF493
mem[X,0x000000008000200E] -> 0x0044
[1922] [M]: 0x000000008000200C (0x0044F493) andi x9, x9, 0x4                        common_Mexcpt_handler+28
x9 <- 0x0000000000000000

mem[X,0x0000000080002010] -> 0x0593
mem[X,0x0000000080002012] -> 0x05D0
[1923] [M]: 0x0000000080002010 (0x05D00593) addi x11, x0, 0x5d                      common_Mexcpt_handler+32
x11 <- 0x000000000000005D

clint mtime 0x00000000000003C2 (mip.MTI <- 0b1, mip.STI <- 0b0)
mem[X,0x0000000080002014] -> 0xD5B3
mem[X,0x0000000080002016] -> 0x0095
[1924] [M]: 0x0000000080002014 (0x0095D5B3) srl x11, x11, x9                        common_Mexcpt_handler+36
x11 <- 0x000000000000005D

mem[X,0x0000000080002018] -> 0xF593
mem[X,0x000000008000201A] -> 0x0015
[1925] [M]: 0x0000000080002018 (0x0015F593) andi x11, x11, 0x1                      common_Mexcpt_handler+40
x11 <- 0x0000000000000001

clint mtime 0x00000000000003C3 (mip.MTI <- 0b1, mip.STI <- 0b0)
mem[X,0x000000008000201C] -> 0x8EE3
mem[X,0x000000008000201E] -> 0xF405
[1926] [M]: 0x000000008000201C (0xF4058EE3) beq x11, x0, -0xa4                      common_Mexcpt_handler+44

mem[X,0x0000000080002020] -> 0x0593
mem[X,0x0000000080002022] -> 0x2980
[1927] [M]: 0x0000000080002020 (0x29800593) addi x11, x0, 0x298                     common_Mexcpt_handler+48
x11 <- 0x0000000000000298

clint mtime 0x00000000000003C4 (mip.MTI <- 0b1, mip.STI <- 0b0)
mem[X,0x0000000080002024] -> 0xF413
mem[X,0x0000000080002026] -> 0x0014
[1928] [M]: 0x0000000080002024 (0x0014F413) andi x8, x9, 0x1                        common_Mexcpt_handler+52
x8 <- 0x0000000000000000

mem[X,0x0000000080002028] -> 0x95B3
mem[X,0x000000008000202A] -> 0x0085
[1929] [M]: 0x0000000080002028 (0x008595B3) sll x11, x11, x8                        common_Mexcpt_handler+56
x11 <- 0x0000000000000298

clint mtime 0x00000000000003C5 (mip.MTI <- 0b1, mip.STI <- 0b0)
mem[X,0x000000008000202C] -> 0x9413
mem[X,0x000000008000202E] -> 0x03D4
[1930] [M]: 0x000000008000202C (0x03D49413) slli x8, x9, 0x3d                       common_Mexcpt_handler+60
x8 <- 0x0000000000000000

mem[X,0x0000000080002030] -> 0x5413
mem[X,0x0000000080002032] -> 0x43F4
[1931] [M]: 0x0000000080002030 (0x43F45413) srai x8, x8, 0x3f                       common_Mexcpt_handler+64
x8 <- 0x0000000000000000

clint mtime 0x00000000000003C6 (mip.MTI <- 0b1, mip.STI <- 0b0)
mem[X,0x0000000080002034] -> 0x4413
mem[X,0x0000000080002036] -> 0xFFF4
[1932] [M]: 0x0000000080002034 (0xFFF44413) xori x8, x8, -0x1                       common_Mexcpt_handler+68
x8 <- 0xFFFFFFFFFFFFFFFF

mem[X,0x0000000080002038] -> 0xF4B3
mem[X,0x000000008000203A] -> 0x0085
[1933] [M]: 0x0000000080002038 (0x0085F4B3) and x9, x11, x8                         common_Mexcpt_handler+72
x9 <- 0x0000000000000298

clint mtime 0x00000000000003C7 (mip.MTI <- 0b1, mip.STI <- 0b0)
mem[X,0x000000008000203C] -> 0x84B3
mem[X,0x000000008000203E] -> 0x0024
[1934] [M]: 0x000000008000203C (0x002484B3) add x9, x9, x2                          vmem_adj_Mepc+0
x9 <- 0x0000000080005298

mem[X,0x0000000080002040] -> 0x23F3
mem[X,0x0000000080002042] -> 0x3410
[1935] [M]: 0x0000000080002040 (0x341023F3) csrrs x7, mepc, x0                      vmem_adj_Mepc+4
CSR mepc (0x341) -> 0x0000030080000E04
x7 <- 0x0000030080000E04

clint mtime 0x00000000000003C8 (mip.MTI <- 0b1, mip.STI <- 0b0)
mem[X,0x0000000080002044] -> 0x0413
mem[X,0x0000000080002046] -> 0x0004
[1936] [M]: 0x0000000080002044 (0x00040413) addi x8, x8, 0x0                        vmem_adj_Mepc+8
x8 <- 0xFFFFFFFFFFFFFFFF

mem[X,0x0000000080002048] -> 0x006F
mem[X,0x000000008000204A] -> 0x0400
[1937] [M]: 0x0000000080002048 (0x0400006F) jal x0, 0x40                            vmem_adj_Mepc+12

clint mtime 0x00000000000003C9 (mip.MTI <- 0b1, mip.STI <- 0b0)
mem[X,0x0000000080002088] -> 0x8433
mem[X,0x000000008000208A] -> 0x4083
[1938] [M]: 0x0000000080002088 (0x40838433) sub x8, x7, x8                          adj_Mepc+0
x8 <- 0x0000030080000E05

mem[X,0x000000008000208C] -> 0x3823
mem[X,0x000000008000208E] -> 0x0083
[1939] [M]: 0x000000008000208C (0x00833823) sd x8, 0x10(x6)                         sv_Mepc+0
mem[W,0x000000008000A4A8] <- 0x0000030080000E05

clint mtime 0x00000000000003CA (mip.MTI <- 0b1, mip.STI <- 0b0)
mem[X,0x0000000080002090] -> 0x55B7
mem[X,0x0000000080002092] -> 0x0000
[1940] [M]: 0x0000000080002090 (0x000055B7) lui x11, 0x5                            sv_Mepc+4
x11 <- 0x0000000000005000

mem[X,0x0000000080002094] -> 0x8593
mem[X,0x0000000080002096] -> 0x6675
[1941] [M]: 0x0000000080002094 (0x66758593) addi x11, x11, 0x667                    sv_Mepc+8
x11 <- 0x0000000000005667

clint mtime 0x00000000000003CB (mip.MTI <- 0b1, mip.STI <- 0b0)
mem[X,0x0000000080002098] -> 0x9593
mem[X,0x000000008000209A] -> 0x0015
[1942] [M]: 0x0000000080002098 (0x00159593) slli x11, x11, 0x1                      sv_Mepc+12
x11 <- 0x000000000000ACCE

mem[X,0x000000008000209C] -> 0x9063
mem[X,0x000000008000209E] -> 0x02B1
[1943] [M]: 0x000000008000209C (0x02B19063) bne x3, x11, 0x20                       sv_Mepc+16

clint mtime 0x00000000000003CC (mip.MTI <- 0b1, mip.STI <- 0b0)
mem[X,0x00000000800020BC] -> 0xF593
mem[X,0x00000000800020BE] -> 0xFFC3
[1944] [M]: 0x00000000800020BC (0xFFC3F593) andi x11, x7, -0x4                      adj_Mepc_rtn+0
x11 <- 0x0000030080000E04

mem[X,0x00000000800020C0] -> 0x8593
mem[X,0x00000000800020C2] -> 0x0085
[1945] [M]: 0x00000000800020C0 (0x00858593) addi x11, x11, 0x8                      adj_Mepc_rtn+4
x11 <- 0x0000030080000E0C

clint mtime 0x00000000000003CD (mip.MTI <- 0b1, mip.STI <- 0b0)
mem[X,0x00000000800020C4] -> 0x9073
mem[X,0x00000000800020C6] -> 0x3415
[1946] [M]: 0x00000000800020C4 (0x34159073) csrrw x0, mepc, x11                     adj_Mepc_rtn+8
CSR mepc (0x341) <- 0x0000030080000E0C

mem[X,0x00000000800020C8] -> 0x23F3
mem[X,0x00000000800020CA] -> 0x3430
[1947] [M]: 0x00000000800020C8 (0x343023F3) csrrs x7, mtval, x0                     skp_adj_Mepc+0
CSR mtval (0x343) -> 0x0000030080000E04
x7 <- 0x0000030080000E04

clint mtime 0x00000000000003CE (mip.MTI <- 0b1, mip.STI <- 0b0)
mem[X,0x00000000800020CC] -> 0x0413
mem[X,0x00000000800020CE] -> 0x0004
[1948] [M]: 0x00000000800020CC (0x00040413) addi x8, x8, 0x0                        skp_adj_Mepc+4
x8 <- 0x0000030080000E05

mem[X,0x00000000800020D0] -> 0x006F
mem[X,0x00000000800020D2] -> 0x0840
[1949] [M]: 0x00000000800020D0 (0x0840006F) jal x0, 0x84                            skp_adj_Mepc+8

clint mtime 0x00000000000003CF (mip.MTI <- 0b1, mip.STI <- 0b0)
mem[X,0x0000000080002154] -> 0x8433
mem[X,0x0000000080002156] -> 0x4083
[1950] [M]: 0x0000000080002154 (0x40838433) sub x8, x7, x8                          adj_Mtval+0
x8 <- 0xFFFFFFFFFFFFFFFF

mem[X,0x0000000080002158] -> 0x3C23
mem[X,0x000000008000215A] -> 0x0083
[1951] [M]: 0x0000000080002158 (0x00833C23) sd x8, 0x18(x6)                         sv_Mtval+0
mem[W,0x000000008000A4B0] <- 0xFFFFFFFFFFFFFFFF

clint mtime 0x00000000000003D0 (mip.MTI <- 0b1, mip.STI <- 0b0)
mem[X,0x000000008000215C] -> 0x3483
mem[X,0x000000008000215E] -> 0x2181
[1952] [M]: 0x000000008000215C (0x21813483) ld x9, 0x218(x2)                        skp_Mtval+0
mem[R,0x0000000080005218] -> 0x000000008000A4B8
x9 <- 0x000000008000A4B8

mem[X,0x0000000080002160] -> 0x3383
mem[X,0x0000000080002162] -> 0x1F81
[1953] [M]: 0x0000000080002160 (0x1F813383) ld x7, 0x1f8(x2)                        skp_Mtval+4
mem[R,0x00000000800051F8] -> 0x000000008000A110
x7 <- 0x000000008000A110

clint mtime 0x00000000000003D1 (mip.MTI <- 0b1, mip.STI <- 0b0)
mem[X,0x0000000080002164] -> 0x3303
mem[X,0x0000000080002166] -> 0x2001
[1954] [M]: 0x0000000080002164 (0x20013303) ld x6, 0x200(x2)                        skp_Mtval+8
mem[R,0x0000000080005200] -> 0x0000000000000410
x6 <- 0x0000000000000410

mem[X,0x0000000080002168] -> 0x0333
mem[X,0x000000008000216A] -> 0x0073
[1955] [M]: 0x0000000080002168 (0x00730333) add x6, x6, x7                          skp_Mtval+12
x6 <- 0x000000008000A520

clint mtime 0x00000000000003D2 (mip.MTI <- 0b1, mip.STI <- 0b0)
mem[X,0x000000008000216C] -> 0x6AE3
mem[X,0x000000008000216E] -> 0xAC93
[1956] [M]: 0x000000008000216C (0xAC936AE3) bltu x6, x9, -0x52c                     skp_Mtval+16

mem[X,0x0000000080002170] -> 0x0393
mem[X,0x0000000080002172] -> 0x2000
[1957] [M]: 0x0000000080002170 (0x20000393) addi x7, x0, 0x200                      skp_Mtval+20
x7 <- 0x0000000000000200

clint mtime 0x00000000000003D3 (mip.MTI <- 0b1, mip.STI <- 0b0)
mem[X,0x0000000080002174] -> 0x006F
mem[X,0x0000000080002176] -> 0x0400
[1958] [M]: 0x0000000080002174 (0x0400006F) jal x0, 0x40                            skp_Mtval+24

mem[X,0x00000000800021B4] -> 0x0417
mem[X,0x00000000800021B6] -> 0x0000
[1959] [M]: 0x00000000800021B4 (0x00000417) auipc x8, 0x0                           spcl_Mhandler+0
x8 <- 0x00000000800021B4

clint mtime 0x00000000000003D4 (mip.MTI <- 0b1, mip.STI <- 0b0)
mem[X,0x00000000800021B8] -> 0x0413
mem[X,0x00000000800021BA] -> 0x03C4
[1960] [M]: 0x00000000800021B8 (0x03C40413) addi x8, x8, 0x3c                       spcl_Mhandler+4
x8 <- 0x00000000800021F0

mem[X,0x00000000800021BC] -> 0x0433
mem[X,0x00000000800021BE] -> 0x0074
[1961] [M]: 0x00000000800021BC (0x00740433) add x8, x8, x7                          spcl_Mhandler+8
x8 <- 0x00000000800023F0

clint mtime 0x00000000000003D5 (mip.MTI <- 0b1, mip.STI <- 0b0)
mem[X,0x00000000800021C0] -> 0x1393
mem[X,0x00000000800021C2] -> 0x0035
[1962] [M]: 0x00000000800021C0 (0x00351393) slli x7, x10, 0x3                       spcl_Mhandler+12
x7 <- 0x0000000000000060

mem[X,0x00000000800021C4] -> 0x0433
mem[X,0x00000000800021C6] -> 0x0074
[1963] [M]: 0x00000000800021C4 (0x00740433) add x8, x8, x7                          spcl_Mhandler+16
x8 <- 0x0000000080002450

clint mtime 0x00000000000003D6 (mip.MTI <- 0b1, mip.STI <- 0b0)
mem[X,0x00000000800021C8] -> 0x7413
mem[X,0x00000000800021CA] -> 0xFF84
[1964] [M]: 0x00000000800021C8 (0xFF847413) andi x8, x8, -0x8                       spcl_Mhandler+20
x8 <- 0x0000000080002450

mem[X,0x00000000800021CC] -> 0x3403
mem[X,0x00000000800021CE] -> 0x0004
[1965] [M]: 0x00000000800021CC (0x00043403) ld x8, 0x0(x8)                          spcl_Mhandler+24
mem[R,0x0000000080002450] -> 0x0000000000000019
x8 <- 0x0000000000000019

clint mtime 0x00000000000003D7 (mip.MTI <- 0b1, mip.STI <- 0b0)
mem[X,0x00000000800021D0] -> 0x02E3
mem[X,0x00000000800021D2] -> 0xB004
[1966] [M]: 0x00000000800021D0 (0xB00402E3) beq x8, x0, -0x4fc                      spcl_Mdispatch_hndling+0

mem[X,0x00000000800021D4] -> 0x1393
mem[X,0x00000000800021D6] -> 0x03F4
[1967] [M]: 0x00000000800021D4 (0x03F41393) slli x7, x8, 0x3f                       spcl_Mdispatch_hndling+4
x7 <- 0x8000000000000000

clint mtime 0x00000000000003D8 (mip.MTI <- 0b1, mip.STI <- 0b0)
mem[X,0x00000000800021D8] -> 0xD863
mem[X,0x00000000800021DA] -> 0x0003
[1968] [M]: 0x00000000800021D8 (0x0003D863) bge x7, x0, 0x10                        spcl_Mdispatch_hndling+8

mem[X,0x00000000800021DC] -> 0x5413
mem[X,0x00000000800021DE] -> 0x0014
[1969] [M]: 0x00000000800021DC (0x00145413) srli x8, x8, 0x1                        spcl_Mdispatch_hndling+12
x8 <- 0x000000000000000C

clint mtime 0x00000000000003D9 (mip.MTI <- 0b1, mip.STI <- 0b0)
mem[X,0x00000000800021E0] -> 0x0CE3
mem[X,0x00000000800021E2] -> 0xF885
[1970] [M]: 0x00000000800021E0 (0xF8850CE3) beq x10, x8, -0x68                      spcl_Mdispatch_hndling+16

mem[X,0x0000000080002178] -> 0x3303
mem[X,0x000000008000217A] -> 0x2601
[1971] [M]: 0x0000000080002178 (0x26013303) ld x6, 0x260(x2)                        resto_Mrtn+0
mem[R,0x0000000080005260] -> 0x000002FFFFFFFFF8
x6 <- 0x000002FFFFFFFFF8

clint mtime 0x00000000000003DA (mip.MTI <- 0b1, mip.STI <- 0b0)
mem[X,0x000000008000217C] -> 0x3383
mem[X,0x000000008000217E] -> 0x2681
[1972] [M]: 0x000000008000217C (0x26813383) ld x7, 0x268(x2)                        resto_Mrtn+4
mem[R,0x0000000080005268] -> 0x0000000080005000
x7 <- 0x0000000080005000

mem[X,0x0000000080002180] -> 0x3403
mem[X,0x0000000080002182] -> 0x2701
[1973] [M]: 0x0000000080002180 (0x27013403) ld x8, 0x270(x2)                        resto_Mrtn+8
mem[R,0x0000000080005270] -> 0x0000000000007F76
x8 <- 0x0000000000007F76

clint mtime 0x00000000000003DB (mip.MTI <- 0b1, mip.STI <- 0b0)
mem[X,0x0000000080002184] -> 0x3483
mem[X,0x0000000080002186] -> 0x2781
[1974] [M]: 0x0000000080002184 (0x27813483) ld x9, 0x278(x2)                        resto_Mrtn+12
mem[R,0x0000000080005278] -> 0x0000000000000000
x9 <- 0x0000000000000000

mem[X,0x0000000080002188] -> 0x3503
mem[X,0x000000008000218A] -> 0x2801
[1975] [M]: 0x0000000080002188 (0x28013503) ld x10, 0x280(x2)                       resto_Mrtn+16
mem[R,0x0000000080005280] -> 0x00000000000000CF
x10 <- 0x00000000000000CF

clint mtime 0x00000000000003DC (mip.MTI <- 0b1, mip.STI <- 0b0)
mem[X,0x000000008000218C] -> 0x3583
mem[X,0x000000008000218E] -> 0x2881
[1976] [M]: 0x000000008000218C (0x28813583) ld x11, 0x288(x2)                       resto_Mrtn+20
mem[R,0x0000000080005288] -> 0x00000000000000CF
x11 <- 0x00000000000000CF

mem[X,0x0000000080002190] -> 0x3103
mem[X,0x0000000080002192] -> 0x2901
[1977] [M]: 0x0000000080002190 (0x29013103) ld x2, 0x290(x2)                        resto_Mrtn+24
mem[R,0x0000000080005290] -> 0x0000000080005000
x2 <- 0x0000000080005000

clint mtime 0x00000000000003DD (mip.MTI <- 0b1, mip.STI <- 0b0)
mem[X,0x0000000080002194] -> 0x0073
mem[X,0x0000000080002196] -> 0x3020
[1978] [M]: 0x0000000080002194 (0x30200073) mret                                    resto_Mrtn+28
CSR mstatus (0x300) <- 0x0000000A00000080
ret-ing from M to S

PTW: Start, vpn=0x30080000, access_type=X, privilege=Smem[R,0x0000000080009030] -> 0xCB00000000000000
PTW: Step, level=3, pte=0xCB00000000000000, pte_addr=0x80009030
PTW: failed, error=invalid-pte, level=3, pte_addr=0x80009030
trapping from S to M to handle fetch-page-fault
handling exc#fetch-page-fault at priv M with tval 0x0000030080000E0C
CSR mstatus (0x300) <- 0x0000000A00000800
CSR mcause (0x342) <- 0x000000000000000C
CSR mtval (0x343) <- 0x0000030080000E0C
CSR mepc (0x341) <- 0x0000030080000E0C

clint mtime 0x00000000000003DE (mip.MTI <- 0b1, mip.STI <- 0b0)
mem[X,0x0000000080001D40] -> 0x006F
mem[X,0x0000000080001D42] -> 0x1000
[1980] [M]: 0x0000000080001D40 (0x1000006F) jal x0, 0x100                           Mtrampoline+0

mem[X,0x0000000080001E40] -> 0x1173
mem[X,0x0000000080001E42] -> 0x3401
[1981] [M]: 0x0000000080001E40 (0x34011173) csrrw x2, mscratch, x2                  trap_Mhandler+0
CSR mscratch (0x340) <- 0x0000000080005000
x2 <- 0x0000000080005000

clint mtime 0x00000000000003DF (mip.MTI <- 0b1, mip.STI <- 0b0)
mem[X,0x0000000080001E44] -> 0x3423
mem[X,0x0000000080001E46] -> 0x28B1
[1982] [M]: 0x0000000080001E44 (0x28B13423) sd x11, 0x288(x2)                       trap_Mhandler+4
mem[W,0x0000000080005288] <- 0x00000000000000CF

mem[X,0x0000000080001E48] -> 0x05EF
mem[X,0x0000000080001E4A] -> 0x0B80
[1983] [M]: 0x0000000080001E48 (0x0B8005EF) jal x11, 0xb8                           trap_Mhandler+8
x11 <- 0x0000000080001E4C

clint mtime 0x00000000000003E0 (mip.MTI <- 0b1, mip.STI <- 0b0)
mem[X,0x0000000080001F00] -> 0x3023
mem[X,0x0000000080001F02] -> 0x28A1
[1984] [M]: 0x0000000080001F00 (0x28A13023) sd x10, 0x280(x2)                       common_Mhandler+0
mem[W,0x0000000080005280] <- 0x00000000000000CF

mem[X,0x0000000080001F04] -> 0x1573
mem[X,0x0000000080001F06] -> 0x3401
[1985] [M]: 0x0000000080001F04 (0x34011573) csrrw x10, mscratch, x2                 common_Mhandler+4
CSR mscratch (0x340) <- 0x0000000080005000
x10 <- 0x0000000080005000

clint mtime 0x00000000000003E1 (mip.MTI <- 0b1, mip.STI <- 0b0)
mem[X,0x0000000080001F08] -> 0x3823
mem[X,0x0000000080001F0A] -> 0x28A1
[1986] [M]: 0x0000000080001F08 (0x28A13823) sd x10, 0x290(x2)                       common_Mhandler+8
mem[W,0x0000000080005290] <- 0x0000000080005000

mem[X,0x0000000080001F0C] -> 0x3503
mem[X,0x0000000080001F0E] -> 0x2301
[1987] [M]: 0x0000000080001F0C (0x23013503) ld x10, 0x230(x2)                       common_Mhandler+12
mem[R,0x0000000080005230] -> 0x0000000080001F14
x10 <- 0x0000000080001F14

clint mtime 0x00000000000003E2 (mip.MTI <- 0b1, mip.STI <- 0b0)
mem[X,0x0000000080001F10] -> 0x0067
mem[X,0x0000000080001F12] -> 0x0005
[1988] [M]: 0x0000000080001F10 (0x00050067) jalr x0, 0x0(x10)                       common_Mhandler+16

mem[X,0x0000000080001F14] -> 0x3C23
mem[X,0x0000000080001F16] -> 0x2691
[1989] [M]: 0x0000000080001F14 (0x26913C23) sd x9, 0x278(x2)                        common_Mentry+0
mem[W,0x0000000080005278] <- 0x0000000000000000

clint mtime 0x00000000000003E3 (mip.MTI <- 0b1, mip.STI <- 0b0)
mem[X,0x0000000080001F18] -> 0x3823
mem[X,0x0000000080001F1A] -> 0x2681
[1990] [M]: 0x0000000080001F18 (0x26813823) sd x8, 0x270(x2)                        common_Mentry+4
mem[W,0x0000000080005270] <- 0x0000000000007F76

mem[X,0x0000000080001F1C] -> 0x3423
mem[X,0x0000000080001F1E] -> 0x2671
[1991] [M]: 0x0000000080001F1C (0x26713423) sd x7, 0x268(x2)                        common_Mentry+8
mem[W,0x0000000080005268] <- 0x0000000080005000

clint mtime 0x00000000000003E4 (mip.MTI <- 0b1, mip.STI <- 0b0)
mem[X,0x0000000080001F20] -> 0x3023
mem[X,0x0000000080001F22] -> 0x2661
[1992] [M]: 0x0000000080001F20 (0x26613023) sd x6, 0x260(x2)                        common_Mentry+12
mem[W,0x0000000080005260] <- 0x000002FFFFFFFFF8

mem[X,0x0000000080001F24] -> 0x2573
mem[X,0x0000000080001F26] -> 0x3420
[1993] [M]: 0x0000000080001F24 (0x34202573) csrrs x10, mcause, x0                   spcl_M2mmode_test+0
CSR mcause (0x342) -> 0x000000000000000C
x10 <- 0x000000000000000C

clint mtime 0x00000000000003E5 (mip.MTI <- 0b1, mip.STI <- 0b0)
mem[X,0x0000000080001F28] -> 0x04B7
mem[X,0x0000000080001F2A] -> 0x8000
[1994] [M]: 0x0000000080001F28 (0x800004B7) lui x9, -0x80000                        spcl_M2mmode_test+4
x9 <- 0xFFFFFFFF80000000

mem[X,0x0000000080001F2C] -> 0x8493
mem[X,0x0000000080001F2E] -> 0x0004
[1995] [M]: 0x0000000080001F2C (0x00048493) addi x9, x9, 0x0                        spcl_M2mmode_test+8
x9 <- 0xFFFFFFFF80000000

clint mtime 0x00000000000003E6 (mip.MTI <- 0b1, mip.STI <- 0b0)
mem[X,0x0000000080001F30] -> 0x9493
mem[X,0x0000000080001F32] -> 0x00B4
[1996] [M]: 0x0000000080001F30 (0x00B49493) slli x9, x9, 0xb                        spcl_M2mmode_test+12
x9 <- 0xFFFFFC0000000000

mem[X,0x0000000080001F34] -> 0x8493
mem[X,0x0000000080001F36] -> 0x0004
[1997] [M]: 0x0000000080001F34 (0x00048493) addi x9, x9, 0x0                        spcl_M2mmode_test+16
x9 <- 0xFFFFFC0000000000

clint mtime 0x00000000000003E7 (mip.MTI <- 0b1, mip.STI <- 0b0)
mem[X,0x0000000080001F38] -> 0x9493
mem[X,0x0000000080001F3A] -> 0x00B4
[1998] [M]: 0x0000000080001F38 (0x00B49493) slli x9, x9, 0xb                        spcl_M2mmode_test+20
x9 <- 0xFFE0000000000000

mem[X,0x0000000080001F3C] -> 0x8493
mem[X,0x0000000080001F3E] -> 0x0034
[1999] [M]: 0x0000000080001F3C (0x00348493) addi x9, x9, 0x3                        spcl_M2mmode_test+24
x9 <- 0xFFE0000000000003

clint mtime 0x00000000000003E8 (mip.MTI <- 0b1, mip.STI <- 0b0)
mem[X,0x0000000080001F40] -> 0x9493
mem[X,0x0000000080001F42] -> 0x00A4
[2000] [M]: 0x0000000080001F40 (0x00A49493) slli x9, x9, 0xa                        spcl_M2mmode_test+28
x9 <- 0x8000000000000C00

mem[X,0x0000000080001F44] -> 0x8493
mem[X,0x0000000080001F46] -> 0x3FC4
[2001] [M]: 0x0000000080001F44 (0x3FC48493) addi x9, x9, 0x3fc                      spcl_M2mmode_test+32
x9 <- 0x8000000000000FFC

clint mtime 0x00000000000003E9 (mip.MTI <- 0b1, mip.STI <- 0b0)
mem[X,0x0000000080001F48] -> 0xF4B3
mem[X,0x0000000080001F4A] -> 0x00A4
[2002] [M]: 0x0000000080001F48 (0x00A4F4B3) and x9, x9, x10                         spcl_M2mmode_test+36
x9 <- 0x000000000000000C

mem[X,0x0000000080001F4C] -> 0x8493
mem[X,0x0000000080001F4E] -> 0xFF84
[2003] [M]: 0x0000000080001F4C (0xFF848493) addi x9, x9, -0x8                       spcl_M2mmode_test+40
x9 <- 0x0000000000000004

clint mtime 0x00000000000003EA (mip.MTI <- 0b1, mip.STI <- 0b0)
mem[X,0x0000000080001F50] -> 0x9663
mem[X,0x0000000080001F52] -> 0x0004
[2004] [M]: 0x0000000080001F50 (0x00049663) bne x9, x0, 0xc                         spcl_M2mmode_test+44

mem[X,0x0000000080001F5C] -> 0x0393
mem[X,0x0000000080001F5E] -> 0x0200
[2005] [M]: 0x0000000080001F5C (0x02000393) addi x7, x0, 0x20                       Mtrapsig_ptr_upd+0
x7 <- 0x0000000000000020

clint mtime 0x00000000000003EB (mip.MTI <- 0b1, mip.STI <- 0b0)
mem[X,0x0000000080001F60] -> 0x5263
mem[X,0x0000000080001F62] -> 0x0405
[2006] [M]: 0x0000000080001F60 (0x04055263) bge x10, x0, 0x44                       Mtrapsig_ptr_upd+4

mem[X,0x0000000080001FA4] -> 0x2373
mem[X,0x0000000080001FA6] -> 0x3010
[2007] [M]: 0x0000000080001FA4 (0x30102373) csrrs x6, misa, x0                      Mxcpt_sig_sv+0
CSR misa (0x301) -> 0x800000000034112F
x6 <- 0x800000000034112F

clint mtime 0x00000000000003EC (mip.MTI <- 0b1, mip.STI <- 0b0)
mem[X,0x0000000080001FA8] -> 0x1313
mem[X,0x0000000080001FAA] -> 0x0383
[2008] [M]: 0x0000000080001FA8 (0x03831313) slli x6, x6, 0x38                       Mxcpt_sig_sv+4
x6 <- 0x2F00000000000000

mem[X,0x0000000080001FAC] -> 0x5463
mem[X,0x0000000080001FAE] -> 0x0003
[2009] [M]: 0x0000000080001FAC (0x00035463) bge x6, x0, 0x8                         Mxcpt_sig_sv+8

clint mtime 0x00000000000003ED (mip.MTI <- 0b1, mip.STI <- 0b0)
mem[X,0x0000000080001FB4] -> 0x3303
mem[X,0x0000000080001FB6] -> 0x2181
[2010] [M]: 0x0000000080001FB4 (0x21813303) ld x6, 0x218(x2)                        Mtrap_sig_sv+0
mem[R,0x0000000080005218] -> 0x000000008000A4B8
x6 <- 0x000000008000A4B8

mem[X,0x0000000080001FB8] -> 0x04B3
mem[X,0x0000000080001FBA] -> 0x0073
[2011] [M]: 0x0000000080001FB8 (0x007304B3) add x9, x6, x7                          Mtrap_sig_sv+4
x9 <- 0x000000008000A4D8

clint mtime 0x00000000000003EE (mip.MTI <- 0b1, mip.STI <- 0b0)
mem[X,0x0000000080001FBC] -> 0x3C23
mem[X,0x0000000080001FBE] -> 0x2091
[2012] [M]: 0x0000000080001FBC (0x20913C23) sd x9, 0x218(x2)                        Mtrap_sig_sv+8
mem[W,0x0000000080005218] <- 0x000000008000A4D8

mem[X,0x0000000080001FC0] -> 0x3403
mem[X,0x0000000080001FC2] -> 0x1F81
[2013] [M]: 0x0000000080001FC0 (0x1F813403) ld x8, 0x1f8(x2)                        Mtrap_sig_sv+12
mem[R,0x00000000800051F8] -> 0x000000008000A110
x8 <- 0x000000008000A110

clint mtime 0x00000000000003EF (mip.MTI <- 0b1, mip.STI <- 0b0)
mem[X,0x0000000080001FC4] -> 0x0333
mem[X,0x0000000080001FC6] -> 0x4083
[2014] [M]: 0x0000000080001FC4 (0x40830333) sub x6, x6, x8                          Mtrap_sig_sv+16
x6 <- 0x00000000000003A8

mem[X,0x0000000080001FC8] -> 0x3403
mem[X,0x0000000080001FCA] -> 0x1F81
[2015] [M]: 0x0000000080001FC8 (0x1F813403) ld x8, 0x1f8(x2)                        Mtrap_sig_sv+20
mem[R,0x00000000800051F8] -> 0x000000008000A110
x8 <- 0x000000008000A110

clint mtime 0x00000000000003F0 (mip.MTI <- 0b1, mip.STI <- 0b0)
mem[X,0x0000000080001FCC] -> 0x0333
mem[X,0x0000000080001FCE] -> 0x0083
[2016] [M]: 0x0000000080001FCC (0x00830333) add x6, x6, x8                          Mtrap_sig_sv+24
x6 <- 0x000000008000A4B8

mem[X,0x0000000080001FD0] -> 0x3403
mem[X,0x0000000080001FD2] -> 0x2401
[2017] [M]: 0x0000000080001FD0 (0x24013403) ld x8, 0x240(x2)                        Mtrap_sig_sv+28
mem[R,0x0000000080005240] -> 0x0000000080001D40
x8 <- 0x0000000080001D40

clint mtime 0x00000000000003F1 (mip.MTI <- 0b1, mip.STI <- 0b0)
mem[X,0x0000000080001FD4] -> 0x85B3
mem[X,0x0000000080001FD6] -> 0x4085
[2018] [M]: 0x0000000080001FD4 (0x408585B3) sub x11, x11, x8                        sv_Mvect+0
x11 <- 0x000000000000010C

mem[X,0x0000000080001FD8] -> 0x9593
mem[X,0x0000000080001FDA] -> 0x0045
[2019] [M]: 0x0000000080001FD8 (0x00459593) slli x11, x11, 0x4                      sv_Mvect+4
x11 <- 0x00000000000010C0

clint mtime 0x00000000000003F2 (mip.MTI <- 0b1, mip.STI <- 0b0)
mem[X,0x0000000080001FDC] -> 0xE5B3
mem[X,0x0000000080001FDE] -> 0x0075
[2020] [M]: 0x0000000080001FDC (0x0075E5B3) or x11, x11, x7                         sv_Mvect+8
x11 <- 0x00000000000010E0

mem[X,0x0000000080001FE0] -> 0x8593
mem[X,0x0000000080001FE2] -> 0x0035
[2021] [M]: 0x0000000080001FE0 (0x00358593) addi x11, x11, 0x3                      sv_Mvect+12
x11 <- 0x00000000000010E3

clint mtime 0x00000000000003F3 (mip.MTI <- 0b1, mip.STI <- 0b0)
mem[X,0x0000000080001FE4] -> 0x3023
mem[X,0x0000000080001FE6] -> 0x00B3
[2022] [M]: 0x0000000080001FE4 (0x00B33023) sd x11, 0x0(x6)                         sv_Mvect+16
mem[W,0x000000008000A4B8] <- 0x00000000000010E3

mem[X,0x0000000080001FE8] -> 0x3423
mem[X,0x0000000080001FEA] -> 0x00A3
[2023] [M]: 0x0000000080001FE8 (0x00A33423) sd x10, 0x8(x6)                         sv_Mcause+0
mem[W,0x000000008000A4C0] <- 0x000000000000000C

clint mtime 0x00000000000003F4 (mip.MTI <- 0b1, mip.STI <- 0b0)
mem[X,0x0000000080001FEC] -> 0x4663
mem[X,0x0000000080001FEE] -> 0x1A05
[2024] [M]: 0x0000000080001FEC (0x1A054663) blt x10, x0, 0x1ac                      sv_Mcause+4

mem[X,0x0000000080001FF0] -> 0x25F3
mem[X,0x0000000080001FF2] -> 0x3000
[2025] [M]: 0x0000000080001FF0 (0x300025F3) csrrs x11, mstatus, x0                  common_Mexcpt_handler+0
CSR mstatus (0x300) -> 0x0000000A00000800
x11 <- 0x0000000A00000800

clint mtime 0x00000000000003F5 (mip.MTI <- 0b1, mip.STI <- 0b0)
mem[X,0x0000000080001FF4] -> 0x9413
mem[X,0x0000000080001FF6] -> 0x02E5
[2026] [M]: 0x0000000080001FF4 (0x02E59413) slli x8, x11, 0x2e                      common_Mexcpt_handler+4
x8 <- 0x0200000000000000

mem[X,0x0000000080001FF8] -> 0x5463
mem[X,0x0000000080001FFA] -> 0x0004
[2027] [M]: 0x0000000080001FF8 (0x00045463) bge x8, x0, 0x8                         common_Mexcpt_handler+8

clint mtime 0x00000000000003F6 (mip.MTI <- 0b1, mip.STI <- 0b0)
mem[X,0x0000000080002000] -> 0xD493
mem[X,0x0000000080002002] -> 0x00B5
[2028] [M]: 0x0000000080002000 (0x00B5D493) srli x9, x11, 0xb                       common_Mexcpt_handler+16
x9 <- 0x0000000001400001

mem[X,0x0000000080002004] -> 0xF493
mem[X,0x0000000080002006] -> 0x0034
[2029] [M]: 0x0000000080002004 (0x0034F493) andi x9, x9, 0x3                        common_Mexcpt_handler+20
x9 <- 0x0000000000000001

clint mtime 0x00000000000003F7 (mip.MTI <- 0b1, mip.STI <- 0b0)
mem[X,0x0000000080002008] -> 0x8493
mem[X,0x000000008000200A] -> 0x0014
[2030] [M]: 0x0000000080002008 (0x00148493) addi x9, x9, 0x1                        common_Mexcpt_handler+24
x9 <- 0x0000000000000002

mem[X,0x000000008000200C] -> 0xF493
mem[X,0x000000008000200E] -> 0x0044
[2031] [M]: 0x000000008000200C (0x0044F493) andi x9, x9, 0x4                        common_Mexcpt_handler+28
x9 <- 0x0000000000000000

clint mtime 0x00000000000003F8 (mip.MTI <- 0b1, mip.STI <- 0b0)
mem[X,0x0000000080002010] -> 0x0593
mem[X,0x0000000080002012] -> 0x05D0
[2032] [M]: 0x0000000080002010 (0x05D00593) addi x11, x0, 0x5d                      common_Mexcpt_handler+32
x11 <- 0x000000000000005D

mem[X,0x0000000080002014] -> 0xD5B3
mem[X,0x0000000080002016] -> 0x0095
[2033] [M]: 0x0000000080002014 (0x0095D5B3) srl x11, x11, x9                        common_Mexcpt_handler+36
x11 <- 0x000000000000005D

clint mtime 0x00000000000003F9 (mip.MTI <- 0b1, mip.STI <- 0b0)
mem[X,0x0000000080002018] -> 0xF593
mem[X,0x000000008000201A] -> 0x0015
[2034] [M]: 0x0000000080002018 (0x0015F593) andi x11, x11, 0x1                      common_Mexcpt_handler+40
x11 <- 0x0000000000000001

mem[X,0x000000008000201C] -> 0x8EE3
mem[X,0x000000008000201E] -> 0xF405
[2035] [M]: 0x000000008000201C (0xF4058EE3) beq x11, x0, -0xa4                      common_Mexcpt_handler+44

clint mtime 0x00000000000003FA (mip.MTI <- 0b1, mip.STI <- 0b0)
mem[X,0x0000000080002020] -> 0x0593
mem[X,0x0000000080002022] -> 0x2980
[2036] [M]: 0x0000000080002020 (0x29800593) addi x11, x0, 0x298                     common_Mexcpt_handler+48
x11 <- 0x0000000000000298

mem[X,0x0000000080002024] -> 0xF413
mem[X,0x0000000080002026] -> 0x0014
[2037] [M]: 0x0000000080002024 (0x0014F413) andi x8, x9, 0x1                        common_Mexcpt_handler+52
x8 <- 0x0000000000000000

clint mtime 0x00000000000003FB (mip.MTI <- 0b1, mip.STI <- 0b0)
mem[X,0x0000000080002028] -> 0x95B3
mem[X,0x000000008000202A] -> 0x0085
[2038] [M]: 0x0000000080002028 (0x008595B3) sll x11, x11, x8                        common_Mexcpt_handler+56
x11 <- 0x0000000000000298

mem[X,0x000000008000202C] -> 0x9413
mem[X,0x000000008000202E] -> 0x03D4
[2039] [M]: 0x000000008000202C (0x03D49413) slli x8, x9, 0x3d                       common_Mexcpt_handler+60
x8 <- 0x0000000000000000

clint mtime 0x00000000000003FC (mip.MTI <- 0b1, mip.STI <- 0b0)
mem[X,0x0000000080002030] -> 0x5413
mem[X,0x0000000080002032] -> 0x43F4
[2040] [M]: 0x0000000080002030 (0x43F45413) srai x8, x8, 0x3f                       common_Mexcpt_handler+64
x8 <- 0x0000000000000000

mem[X,0x0000000080002034] -> 0x4413
mem[X,0x0000000080002036] -> 0xFFF4
[2041] [M]: 0x0000000080002034 (0xFFF44413) xori x8, x8, -0x1                       common_Mexcpt_handler+68
x8 <- 0xFFFFFFFFFFFFFFFF

clint mtime 0x00000000000003FD (mip.MTI <- 0b1, mip.STI <- 0b0)
mem[X,0x0000000080002038] -> 0xF4B3
mem[X,0x000000008000203A] -> 0x0085
[2042] [M]: 0x0000000080002038 (0x0085F4B3) and x9, x11, x8                         common_Mexcpt_handler+72
x9 <- 0x0000000000000298

mem[X,0x000000008000203C] -> 0x84B3
mem[X,0x000000008000203E] -> 0x0024
[2043] [M]: 0x000000008000203C (0x002484B3) add x9, x9, x2                          vmem_adj_Mepc+0
x9 <- 0x0000000080005298

clint mtime 0x00000000000003FE (mip.MTI <- 0b1, mip.STI <- 0b0)
mem[X,0x0000000080002040] -> 0x23F3
mem[X,0x0000000080002042] -> 0x3410
[2044] [M]: 0x0000000080002040 (0x341023F3) csrrs x7, mepc, x0                      vmem_adj_Mepc+4
CSR mepc (0x341) -> 0x0000030080000E0C
x7 <- 0x0000030080000E0C

mem[X,0x0000000080002044] -> 0x0413
mem[X,0x0000000080002046] -> 0x0004
[2045] [M]: 0x0000000080002044 (0x00040413) addi x8, x8, 0x0                        vmem_adj_Mepc+8
x8 <- 0xFFFFFFFFFFFFFFFF

clint mtime 0x00000000000003FF (mip.MTI <- 0b1, mip.STI <- 0b0)
mem[X,0x0000000080002048] -> 0x006F
mem[X,0x000000008000204A] -> 0x0400
[2046] [M]: 0x0000000080002048 (0x0400006F) jal x0, 0x40                            vmem_adj_Mepc+12

mem[X,0x0000000080002088] -> 0x8433
mem[X,0x000000008000208A] -> 0x4083
[2047] [M]: 0x0000000080002088 (0x40838433) sub x8, x7, x8                          adj_Mepc+0
x8 <- 0x0000030080000E0D

clint mtime 0x0000000000000400 (mip.MTI <- 0b1, mip.STI <- 0b0)
mem[X,0x000000008000208C] -> 0x3823
mem[X,0x000000008000208E] -> 0x0083
[2048] [M]: 0x000000008000208C (0x00833823) sd x8, 0x10(x6)                         sv_Mepc+0
mem[W,0x000000008000A4C8] <- 0x0000030080000E0D

mem[X,0x0000000080002090] -> 0x55B7
mem[X,0x0000000080002092] -> 0x0000
[2049] [M]: 0x0000000080002090 (0x000055B7) lui x11, 0x5                            sv_Mepc+4
x11 <- 0x0000000000005000

clint mtime 0x0000000000000401 (mip.MTI <- 0b1, mip.STI <- 0b0)
mem[X,0x0000000080002094] -> 0x8593
mem[X,0x0000000080002096] -> 0x6675
[2050] [M]: 0x0000000080002094 (0x66758593) addi x11, x11, 0x667                    sv_Mepc+8
x11 <- 0x0000000000005667

mem[X,0x0000000080002098] -> 0x9593
mem[X,0x000000008000209A] -> 0x0015
[2051] [M]: 0x0000000080002098 (0x00159593) slli x11, x11, 0x1                      sv_Mepc+12
x11 <- 0x000000000000ACCE

clint mtime 0x0000000000000402 (mip.MTI <- 0b1, mip.STI <- 0b0)
mem[X,0x000000008000209C] -> 0x9063
mem[X,0x000000008000209E] -> 0x02B1
[2052] [M]: 0x000000008000209C (0x02B19063) bne x3, x11, 0x20                       sv_Mepc+16

mem[X,0x00000000800020BC] -> 0xF593
mem[X,0x00000000800020BE] -> 0xFFC3
[2053] [M]: 0x00000000800020BC (0xFFC3F593) andi x11, x7, -0x4                      adj_Mepc_rtn+0
x11 <- 0x0000030080000E0C

clint mtime 0x0000000000000403 (mip.MTI <- 0b1, mip.STI <- 0b0)
mem[X,0x00000000800020C0] -> 0x8593
mem[X,0x00000000800020C2] -> 0x0085
[2054] [M]: 0x00000000800020C0 (0x00858593) addi x11, x11, 0x8                      adj_Mepc_rtn+4
x11 <- 0x0000030080000E14

mem[X,0x00000000800020C4] -> 0x9073
mem[X,0x00000000800020C6] -> 0x3415
[2055] [M]: 0x00000000800020C4 (0x34159073) csrrw x0, mepc, x11                     adj_Mepc_rtn+8
CSR mepc (0x341) <- 0x0000030080000E14

clint mtime 0x0000000000000404 (mip.MTI <- 0b1, mip.STI <- 0b0)
mem[X,0x00000000800020C8] -> 0x23F3
mem[X,0x00000000800020CA] -> 0x3430
[2056] [M]: 0x00000000800020C8 (0x343023F3) csrrs x7, mtval, x0                     skp_adj_Mepc+0
CSR mtval (0x343) -> 0x0000030080000E0C
x7 <- 0x0000030080000E0C

mem[X,0x00000000800020CC] -> 0x0413
mem[X,0x00000000800020CE] -> 0x0004
[2057] [M]: 0x00000000800020CC (0x00040413) addi x8, x8, 0x0                        skp_adj_Mepc+4
x8 <- 0x0000030080000E0D

clint mtime 0x0000000000000405 (mip.MTI <- 0b1, mip.STI <- 0b0)
mem[X,0x00000000800020D0] -> 0x006F
mem[X,0x00000000800020D2] -> 0x0840
[2058] [M]: 0x00000000800020D0 (0x0840006F) jal x0, 0x84                            skp_adj_Mepc+8

mem[X,0x0000000080002154] -> 0x8433
mem[X,0x0000000080002156] -> 0x4083
[2059] [M]: 0x0000000080002154 (0x40838433) sub x8, x7, x8                          adj_Mtval+0
x8 <- 0xFFFFFFFFFFFFFFFF

clint mtime 0x0000000000000406 (mip.MTI <- 0b1, mip.STI <- 0b0)
mem[X,0x0000000080002158] -> 0x3C23
mem[X,0x000000008000215A] -> 0x0083
[2060] [M]: 0x0000000080002158 (0x00833C23) sd x8, 0x18(x6)                         sv_Mtval+0
mem[W,0x000000008000A4D0] <- 0xFFFFFFFFFFFFFFFF

mem[X,0x000000008000215C] -> 0x3483
mem[X,0x000000008000215E] -> 0x2181
[2061] [M]: 0x000000008000215C (0x21813483) ld x9, 0x218(x2)                        skp_Mtval+0
mem[R,0x0000000080005218] -> 0x000000008000A4D8
x9 <- 0x000000008000A4D8

clint mtime 0x0000000000000407 (mip.MTI <- 0b1, mip.STI <- 0b0)
mem[X,0x0000000080002160] -> 0x3383
mem[X,0x0000000080002162] -> 0x1F81
[2062] [M]: 0x0000000080002160 (0x1F813383) ld x7, 0x1f8(x2)                        skp_Mtval+4
mem[R,0x00000000800051F8] -> 0x000000008000A110
x7 <- 0x000000008000A110

mem[X,0x0000000080002164] -> 0x3303
mem[X,0x0000000080002166] -> 0x2001
[2063] [M]: 0x0000000080002164 (0x20013303) ld x6, 0x200(x2)                        skp_Mtval+8
mem[R,0x0000000080005200] -> 0x0000000000000410
x6 <- 0x0000000000000410

clint mtime 0x0000000000000408 (mip.MTI <- 0b1, mip.STI <- 0b0)
mem[X,0x0000000080002168] -> 0x0333
mem[X,0x000000008000216A] -> 0x0073
[2064] [M]: 0x0000000080002168 (0x00730333) add x6, x6, x7                          skp_Mtval+12
x6 <- 0x000000008000A520

mem[X,0x000000008000216C] -> 0x6AE3
mem[X,0x000000008000216E] -> 0xAC93
[2065] [M]: 0x000000008000216C (0xAC936AE3) bltu x6, x9, -0x52c                     skp_Mtval+16

clint mtime 0x0000000000000409 (mip.MTI <- 0b1, mip.STI <- 0b0)
mem[X,0x0000000080002170] -> 0x0393
mem[X,0x0000000080002172] -> 0x2000
[2066] [M]: 0x0000000080002170 (0x20000393) addi x7, x0, 0x200                      skp_Mtval+20
x7 <- 0x0000000000000200

mem[X,0x0000000080002174] -> 0x006F
mem[X,0x0000000080002176] -> 0x0400
[2067] [M]: 0x0000000080002174 (0x0400006F) jal x0, 0x40                            skp_Mtval+24

clint mtime 0x000000000000040A (mip.MTI <- 0b1, mip.STI <- 0b0)
mem[X,0x00000000800021B4] -> 0x0417
mem[X,0x00000000800021B6] -> 0x0000
[2068] [M]: 0x00000000800021B4 (0x00000417) auipc x8, 0x0                           spcl_Mhandler+0
x8 <- 0x00000000800021B4

mem[X,0x00000000800021B8] -> 0x0413
mem[X,0x00000000800021BA] -> 0x03C4
[2069] [M]: 0x00000000800021B8 (0x03C40413) addi x8, x8, 0x3c                       spcl_Mhandler+4
x8 <- 0x00000000800021F0

clint mtime 0x000000000000040B (mip.MTI <- 0b1, mip.STI <- 0b0)
mem[X,0x00000000800021BC] -> 0x0433
mem[X,0x00000000800021BE] -> 0x0074
[2070] [M]: 0x00000000800021BC (0x00740433) add x8, x8, x7                          spcl_Mhandler+8
x8 <- 0x00000000800023F0

mem[X,0x00000000800021C0] -> 0x1393
mem[X,0x00000000800021C2] -> 0x0035
[2071] [M]: 0x00000000800021C0 (0x00351393) slli x7, x10, 0x3                       spcl_Mhandler+12
x7 <- 0x0000000000000060

clint mtime 0x000000000000040C (mip.MTI <- 0b1, mip.STI <- 0b0)
mem[X,0x00000000800021C4] -> 0x0433
mem[X,0x00000000800021C6] -> 0x0074
[2072] [M]: 0x00000000800021C4 (0x00740433) add x8, x8, x7                          spcl_Mhandler+16
x8 <- 0x0000000080002450

mem[X,0x00000000800021C8] -> 0x7413
mem[X,0x00000000800021CA] -> 0xFF84
[2073] [M]: 0x00000000800021C8 (0xFF847413) andi x8, x8, -0x8                       spcl_Mhandler+20
x8 <- 0x0000000080002450

clint mtime 0x000000000000040D (mip.MTI <- 0b1, mip.STI <- 0b0)
mem[X,0x00000000800021CC] -> 0x3403
mem[X,0x00000000800021CE] -> 0x0004
[2074] [M]: 0x00000000800021CC (0x00043403) ld x8, 0x0(x8)                          spcl_Mhandler+24
mem[R,0x0000000080002450] -> 0x0000000000000019
x8 <- 0x0000000000000019

mem[X,0x00000000800021D0] -> 0x02E3
mem[X,0x00000000800021D2] -> 0xB004
[2075] [M]: 0x00000000800021D0 (0xB00402E3) beq x8, x0, -0x4fc                      spcl_Mdispatch_hndling+0

clint mtime 0x000000000000040E (mip.MTI <- 0b1, mip.STI <- 0b0)
mem[X,0x00000000800021D4] -> 0x1393
mem[X,0x00000000800021D6] -> 0x03F4
[2076] [M]: 0x00000000800021D4 (0x03F41393) slli x7, x8, 0x3f                       spcl_Mdispatch_hndling+4
x7 <- 0x8000000000000000

mem[X,0x00000000800021D8] -> 0xD863
mem[X,0x00000000800021DA] -> 0x0003
[2077] [M]: 0x00000000800021D8 (0x0003D863) bge x7, x0, 0x10                        spcl_Mdispatch_hndling+8

clint mtime 0x000000000000040F (mip.MTI <- 0b1, mip.STI <- 0b0)
mem[X,0x00000000800021DC] -> 0x5413
mem[X,0x00000000800021DE] -> 0x0014
[2078] [M]: 0x00000000800021DC (0x00145413) srli x8, x8, 0x1                        spcl_Mdispatch_hndling+12
x8 <- 0x000000000000000C

mem[X,0x00000000800021E0] -> 0x0CE3
mem[X,0x00000000800021E2] -> 0xF885
[2079] [M]: 0x00000000800021E0 (0xF8850CE3) beq x10, x8, -0x68                      spcl_Mdispatch_hndling+16

clint mtime 0x0000000000000410 (mip.MTI <- 0b1, mip.STI <- 0b0)
mem[X,0x0000000080002178] -> 0x3303
mem[X,0x000000008000217A] -> 0x2601
[2080] [M]: 0x0000000080002178 (0x26013303) ld x6, 0x260(x2)                        resto_Mrtn+0
mem[R,0x0000000080005260] -> 0x000002FFFFFFFFF8
x6 <- 0x000002FFFFFFFFF8

mem[X,0x000000008000217C] -> 0x3383
mem[X,0x000000008000217E] -> 0x2681
[2081] [M]: 0x000000008000217C (0x26813383) ld x7, 0x268(x2)                        resto_Mrtn+4
mem[R,0x0000000080005268] -> 0x0000000080005000
x7 <- 0x0000000080005000

clint mtime 0x0000000000000411 (mip.MTI <- 0b1, mip.STI <- 0b0)
mem[X,0x0000000080002180] -> 0x3403
mem[X,0x0000000080002182] -> 0x2701
[2082] [M]: 0x0000000080002180 (0x27013403) ld x8, 0x270(x2)                        resto_Mrtn+8
mem[R,0x0000000080005270] -> 0x0000000000007F76
x8 <- 0x0000000000007F76

mem[X,0x0000000080002184] -> 0x3483
mem[X,0x0000000080002186] -> 0x2781
[2083] [M]: 0x0000000080002184 (0x27813483) ld x9, 0x278(x2)                        resto_Mrtn+12
mem[R,0x0000000080005278] -> 0x0000000000000000
x9 <- 0x0000000000000000

clint mtime 0x0000000000000412 (mip.MTI <- 0b1, mip.STI <- 0b0)
mem[X,0x0000000080002188] -> 0x3503
mem[X,0x000000008000218A] -> 0x2801
[2084] [M]: 0x0000000080002188 (0x28013503) ld x10, 0x280(x2)                       resto_Mrtn+16
mem[R,0x0000000080005280] -> 0x00000000000000CF
x10 <- 0x00000000000000CF

mem[X,0x000000008000218C] -> 0x3583
mem[X,0x000000008000218E] -> 0x2881
[2085] [M]: 0x000000008000218C (0x28813583) ld x11, 0x288(x2)                       resto_Mrtn+20
mem[R,0x0000000080005288] -> 0x00000000000000CF
x11 <- 0x00000000000000CF

clint mtime 0x0000000000000413 (mip.MTI <- 0b1, mip.STI <- 0b0)
mem[X,0x0000000080002190] -> 0x3103
mem[X,0x0000000080002192] -> 0x2901
[2086] [M]: 0x0000000080002190 (0x29013103) ld x2, 0x290(x2)                        resto_Mrtn+24
mem[R,0x0000000080005290] -> 0x0000000080005000
x2 <- 0x0000000080005000

mem[X,0x0000000080002194] -> 0x0073
mem[X,0x0000000080002196] -> 0x3020
[2087] [M]: 0x0000000080002194 (0x30200073) mret                                    resto_Mrtn+28
CSR mstatus (0x300) <- 0x0000000A00000080
ret-ing from M to S

clint mtime 0x0000000000000414 (mip.MTI <- 0b1, mip.STI <- 0b0)
PTW: Start, vpn=0x30080000, access_type=X, privilege=Smem[R,0x0000000080009030] -> 0xCB00000000000000
PTW: Step, level=3, pte=0xCB00000000000000, pte_addr=0x80009030
PTW: failed, error=invalid-pte, level=3, pte_addr=0x80009030
trapping from S to M to handle fetch-page-fault
handling exc#fetch-page-fault at priv M with tval 0x0000030080000E14
CSR mstatus (0x300) <- 0x0000000A00000800
CSR mcause (0x342) <- 0x000000000000000C
CSR mtval (0x343) <- 0x0000030080000E14
CSR mepc (0x341) <- 0x0000030080000E14

mem[X,0x0000000080001D40] -> 0x006F
mem[X,0x0000000080001D42] -> 0x1000
[2089] [M]: 0x0000000080001D40 (0x1000006F) jal x0, 0x100                           Mtrampoline+0

clint mtime 0x0000000000000415 (mip.MTI <- 0b1, mip.STI <- 0b0)
mem[X,0x0000000080001E40] -> 0x1173
mem[X,0x0000000080001E42] -> 0x3401
[2090] [M]: 0x0000000080001E40 (0x34011173) csrrw x2, mscratch, x2                  trap_Mhandler+0
CSR mscratch (0x340) <- 0x0000000080005000
x2 <- 0x0000000080005000

mem[X,0x0000000080001E44] -> 0x3423
mem[X,0x0000000080001E46] -> 0x28B1
[2091] [M]: 0x0000000080001E44 (0x28B13423) sd x11, 0x288(x2)                       trap_Mhandler+4
mem[W,0x0000000080005288] <- 0x00000000000000CF

clint mtime 0x0000000000000416 (mip.MTI <- 0b1, mip.STI <- 0b0)
mem[X,0x0000000080001E48] -> 0x05EF
mem[X,0x0000000080001E4A] -> 0x0B80
[2092] [M]: 0x0000000080001E48 (0x0B8005EF) jal x11, 0xb8                           trap_Mhandler+8
x11 <- 0x0000000080001E4C

mem[X,0x0000000080001F00] -> 0x3023
mem[X,0x0000000080001F02] -> 0x28A1
[2093] [M]: 0x0000000080001F00 (0x28A13023) sd x10, 0x280(x2)                       common_Mhandler+0
mem[W,0x0000000080005280] <- 0x00000000000000CF

clint mtime 0x0000000000000417 (mip.MTI <- 0b1, mip.STI <- 0b0)
mem[X,0x0000000080001F04] -> 0x1573
mem[X,0x0000000080001F06] -> 0x3401
[2094] [M]: 0x0000000080001F04 (0x34011573) csrrw x10, mscratch, x2                 common_Mhandler+4
CSR mscratch (0x340) <- 0x0000000080005000
x10 <- 0x0000000080005000

mem[X,0x0000000080001F08] -> 0x3823
mem[X,0x0000000080001F0A] -> 0x28A1
[2095] [M]: 0x0000000080001F08 (0x28A13823) sd x10, 0x290(x2)                       common_Mhandler+8
mem[W,0x0000000080005290] <- 0x0000000080005000

clint mtime 0x0000000000000418 (mip.MTI <- 0b1, mip.STI <- 0b0)
mem[X,0x0000000080001F0C] -> 0x3503
mem[X,0x0000000080001F0E] -> 0x2301
[2096] [M]: 0x0000000080001F0C (0x23013503) ld x10, 0x230(x2)                       common_Mhandler+12
mem[R,0x0000000080005230] -> 0x0000000080001F14
x10 <- 0x0000000080001F14

mem[X,0x0000000080001F10] -> 0x0067
mem[X,0x0000000080001F12] -> 0x0005
[2097] [M]: 0x0000000080001F10 (0x00050067) jalr x0, 0x0(x10)                       common_Mhandler+16

clint mtime 0x0000000000000419 (mip.MTI <- 0b1, mip.STI <- 0b0)
mem[X,0x0000000080001F14] -> 0x3C23
mem[X,0x0000000080001F16] -> 0x2691
[2098] [M]: 0x0000000080001F14 (0x26913C23) sd x9, 0x278(x2)                        common_Mentry+0
mem[W,0x0000000080005278] <- 0x0000000000000000

mem[X,0x0000000080001F18] -> 0x3823
mem[X,0x0000000080001F1A] -> 0x2681
[2099] [M]: 0x0000000080001F18 (0x26813823) sd x8, 0x270(x2)                        common_Mentry+4
mem[W,0x0000000080005270] <- 0x0000000000007F76

clint mtime 0x000000000000041A (mip.MTI <- 0b1, mip.STI <- 0b0)
mem[X,0x0000000080001F1C] -> 0x3423
mem[X,0x0000000080001F1E] -> 0x2671
[2100] [M]: 0x0000000080001F1C (0x26713423) sd x7, 0x268(x2)                        common_Mentry+8
mem[W,0x0000000080005268] <- 0x0000000080005000

mem[X,0x0000000080001F20] -> 0x3023
mem[X,0x0000000080001F22] -> 0x2661
[2101] [M]: 0x0000000080001F20 (0x26613023) sd x6, 0x260(x2)                        common_Mentry+12
mem[W,0x0000000080005260] <- 0x000002FFFFFFFFF8

clint mtime 0x000000000000041B (mip.MTI <- 0b1, mip.STI <- 0b0)
mem[X,0x0000000080001F24] -> 0x2573
mem[X,0x0000000080001F26] -> 0x3420
[2102] [M]: 0x0000000080001F24 (0x34202573) csrrs x10, mcause, x0                   spcl_M2mmode_test+0
CSR mcause (0x342) -> 0x000000000000000C
x10 <- 0x000000000000000C

mem[X,0x0000000080001F28] -> 0x04B7
mem[X,0x0000000080001F2A] -> 0x8000
[2103] [M]: 0x0000000080001F28 (0x800004B7) lui x9, -0x80000                        spcl_M2mmode_test+4
x9 <- 0xFFFFFFFF80000000

clint mtime 0x000000000000041C (mip.MTI <- 0b1, mip.STI <- 0b0)
mem[X,0x0000000080001F2C] -> 0x8493
mem[X,0x0000000080001F2E] -> 0x0004
[2104] [M]: 0x0000000080001F2C (0x00048493) addi x9, x9, 0x0                        spcl_M2mmode_test+8
x9 <- 0xFFFFFFFF80000000

mem[X,0x0000000080001F30] -> 0x9493
mem[X,0x0000000080001F32] -> 0x00B4
[2105] [M]: 0x0000000080001F30 (0x00B49493) slli x9, x9, 0xb                        spcl_M2mmode_test+12
x9 <- 0xFFFFFC0000000000

clint mtime 0x000000000000041D (mip.MTI <- 0b1, mip.STI <- 0b0)
mem[X,0x0000000080001F34] -> 0x8493
mem[X,0x0000000080001F36] -> 0x0004
[2106] [M]: 0x0000000080001F34 (0x00048493) addi x9, x9, 0x0                        spcl_M2mmode_test+16
x9 <- 0xFFFFFC0000000000

mem[X,0x0000000080001F38] -> 0x9493
mem[X,0x0000000080001F3A] -> 0x00B4
[2107] [M]: 0x0000000080001F38 (0x00B49493) slli x9, x9, 0xb                        spcl_M2mmode_test+20
x9 <- 0xFFE0000000000000

clint mtime 0x000000000000041E (mip.MTI <- 0b1, mip.STI <- 0b0)
mem[X,0x0000000080001F3C] -> 0x8493
mem[X,0x0000000080001F3E] -> 0x0034
[2108] [M]: 0x0000000080001F3C (0x00348493) addi x9, x9, 0x3                        spcl_M2mmode_test+24
x9 <- 0xFFE0000000000003

mem[X,0x0000000080001F40] -> 0x9493
mem[X,0x0000000080001F42] -> 0x00A4
[2109] [M]: 0x0000000080001F40 (0x00A49493) slli x9, x9, 0xa                        spcl_M2mmode_test+28
x9 <- 0x8000000000000C00

clint mtime 0x000000000000041F (mip.MTI <- 0b1, mip.STI <- 0b0)
mem[X,0x0000000080001F44] -> 0x8493
mem[X,0x0000000080001F46] -> 0x3FC4
[2110] [M]: 0x0000000080001F44 (0x3FC48493) addi x9, x9, 0x3fc                      spcl_M2mmode_test+32
x9 <- 0x8000000000000FFC

mem[X,0x0000000080001F48] -> 0xF4B3
mem[X,0x0000000080001F4A] -> 0x00A4
[2111] [M]: 0x0000000080001F48 (0x00A4F4B3) and x9, x9, x10                         spcl_M2mmode_test+36
x9 <- 0x000000000000000C

clint mtime 0x0000000000000420 (mip.MTI <- 0b1, mip.STI <- 0b0)
mem[X,0x0000000080001F4C] -> 0x8493
mem[X,0x0000000080001F4E] -> 0xFF84
[2112] [M]: 0x0000000080001F4C (0xFF848493) addi x9, x9, -0x8                       spcl_M2mmode_test+40
x9 <- 0x0000000000000004

mem[X,0x0000000080001F50] -> 0x9663
mem[X,0x0000000080001F52] -> 0x0004
[2113] [M]: 0x0000000080001F50 (0x00049663) bne x9, x0, 0xc                         spcl_M2mmode_test+44

clint mtime 0x0000000000000421 (mip.MTI <- 0b1, mip.STI <- 0b0)
mem[X,0x0000000080001F5C] -> 0x0393
mem[X,0x0000000080001F5E] -> 0x0200
[2114] [M]: 0x0000000080001F5C (0x02000393) addi x7, x0, 0x20                       Mtrapsig_ptr_upd+0
x7 <- 0x0000000000000020

mem[X,0x0000000080001F60] -> 0x5263
mem[X,0x0000000080001F62] -> 0x0405
[2115] [M]: 0x0000000080001F60 (0x04055263) bge x10, x0, 0x44                       Mtrapsig_ptr_upd+4

clint mtime 0x0000000000000422 (mip.MTI <- 0b1, mip.STI <- 0b0)
mem[X,0x0000000080001FA4] -> 0x2373
mem[X,0x0000000080001FA6] -> 0x3010
[2116] [M]: 0x0000000080001FA4 (0x30102373) csrrs x6, misa, x0                      Mxcpt_sig_sv+0
CSR misa (0x301) -> 0x800000000034112F
x6 <- 0x800000000034112F

mem[X,0x0000000080001FA8] -> 0x1313
mem[X,0x0000000080001FAA] -> 0x0383
[2117] [M]: 0x0000000080001FA8 (0x03831313) slli x6, x6, 0x38                       Mxcpt_sig_sv+4
x6 <- 0x2F00000000000000

clint mtime 0x0000000000000423 (mip.MTI <- 0b1, mip.STI <- 0b0)
mem[X,0x0000000080001FAC] -> 0x5463
mem[X,0x0000000080001FAE] -> 0x0003
[2118] [M]: 0x0000000080001FAC (0x00035463) bge x6, x0, 0x8                         Mxcpt_sig_sv+8

mem[X,0x0000000080001FB4] -> 0x3303
mem[X,0x0000000080001FB6] -> 0x2181
[2119] [M]: 0x0000000080001FB4 (0x21813303) ld x6, 0x218(x2)                        Mtrap_sig_sv+0
mem[R,0x0000000080005218] -> 0x000000008000A4D8
x6 <- 0x000000008000A4D8

clint mtime 0x0000000000000424 (mip.MTI <- 0b1, mip.STI <- 0b0)
mem[X,0x0000000080001FB8] -> 0x04B3
mem[X,0x0000000080001FBA] -> 0x0073
[2120] [M]: 0x0000000080001FB8 (0x007304B3) add x9, x6, x7                          Mtrap_sig_sv+4
x9 <- 0x000000008000A4F8

mem[X,0x0000000080001FBC] -> 0x3C23
mem[X,0x0000000080001FBE] -> 0x2091
[2121] [M]: 0x0000000080001FBC (0x20913C23) sd x9, 0x218(x2)                        Mtrap_sig_sv+8
mem[W,0x0000000080005218] <- 0x000000008000A4F8

clint mtime 0x0000000000000425 (mip.MTI <- 0b1, mip.STI <- 0b0)
mem[X,0x0000000080001FC0] -> 0x3403
mem[X,0x0000000080001FC2] -> 0x1F81
[2122] [M]: 0x0000000080001FC0 (0x1F813403) ld x8, 0x1f8(x2)                        Mtrap_sig_sv+12
mem[R,0x00000000800051F8] -> 0x000000008000A110
x8 <- 0x000000008000A110

mem[X,0x0000000080001FC4] -> 0x0333
mem[X,0x0000000080001FC6] -> 0x4083
[2123] [M]: 0x0000000080001FC4 (0x40830333) sub x6, x6, x8                          Mtrap_sig_sv+16
x6 <- 0x00000000000003C8

clint mtime 0x0000000000000426 (mip.MTI <- 0b1, mip.STI <- 0b0)
mem[X,0x0000000080001FC8] -> 0x3403
mem[X,0x0000000080001FCA] -> 0x1F81
[2124] [M]: 0x0000000080001FC8 (0x1F813403) ld x8, 0x1f8(x2)                        Mtrap_sig_sv+20
mem[R,0x00000000800051F8] -> 0x000000008000A110
x8 <- 0x000000008000A110

mem[X,0x0000000080001FCC] -> 0x0333
mem[X,0x0000000080001FCE] -> 0x0083
[2125] [M]: 0x0000000080001FCC (0x00830333) add x6, x6, x8                          Mtrap_sig_sv+24
x6 <- 0x000000008000A4D8

clint mtime 0x0000000000000427 (mip.MTI <- 0b1, mip.STI <- 0b0)
mem[X,0x0000000080001FD0] -> 0x3403
mem[X,0x0000000080001FD2] -> 0x2401
[2126] [M]: 0x0000000080001FD0 (0x24013403) ld x8, 0x240(x2)                        Mtrap_sig_sv+28
mem[R,0x0000000080005240] -> 0x0000000080001D40
x8 <- 0x0000000080001D40

mem[X,0x0000000080001FD4] -> 0x85B3
mem[X,0x0000000080001FD6] -> 0x4085
[2127] [M]: 0x0000000080001FD4 (0x408585B3) sub x11, x11, x8                        sv_Mvect+0
x11 <- 0x000000000000010C

clint mtime 0x0000000000000428 (mip.MTI <- 0b1, mip.STI <- 0b0)
mem[X,0x0000000080001FD8] -> 0x9593
mem[X,0x0000000080001FDA] -> 0x0045
[2128] [M]: 0x0000000080001FD8 (0x00459593) slli x11, x11, 0x4                      sv_Mvect+4
x11 <- 0x00000000000010C0

mem[X,0x0000000080001FDC] -> 0xE5B3
mem[X,0x0000000080001FDE] -> 0x0075
[2129] [M]: 0x0000000080001FDC (0x0075E5B3) or x11, x11, x7                         sv_Mvect+8
x11 <- 0x00000000000010E0

clint mtime 0x0000000000000429 (mip.MTI <- 0b1, mip.STI <- 0b0)
mem[X,0x0000000080001FE0] -> 0x8593
mem[X,0x0000000080001FE2] -> 0x0035
[2130] [M]: 0x0000000080001FE0 (0x00358593) addi x11, x11, 0x3                      sv_Mvect+12
x11 <- 0x00000000000010E3

mem[X,0x0000000080001FE4] -> 0x3023
mem[X,0x0000000080001FE6] -> 0x00B3
[2131] [M]: 0x0000000080001FE4 (0x00B33023) sd x11, 0x0(x6)                         sv_Mvect+16
mem[W,0x000000008000A4D8] <- 0x00000000000010E3

clint mtime 0x000000000000042A (mip.MTI <- 0b1, mip.STI <- 0b0)
mem[X,0x0000000080001FE8] -> 0x3423
mem[X,0x0000000080001FEA] -> 0x00A3
[2132] [M]: 0x0000000080001FE8 (0x00A33423) sd x10, 0x8(x6)                         sv_Mcause+0
mem[W,0x000000008000A4E0] <- 0x000000000000000C

mem[X,0x0000000080001FEC] -> 0x4663
mem[X,0x0000000080001FEE] -> 0x1A05
[2133] [M]: 0x0000000080001FEC (0x1A054663) blt x10, x0, 0x1ac                      sv_Mcause+4

clint mtime 0x000000000000042B (mip.MTI <- 0b1, mip.STI <- 0b0)
mem[X,0x0000000080001FF0] -> 0x25F3
mem[X,0x0000000080001FF2] -> 0x3000
[2134] [M]: 0x0000000080001FF0 (0x300025F3) csrrs x11, mstatus, x0                  common_Mexcpt_handler+0
CSR mstatus (0x300) -> 0x0000000A00000800
x11 <- 0x0000000A00000800

mem[X,0x0000000080001FF4] -> 0x9413
mem[X,0x0000000080001FF6] -> 0x02E5
[2135] [M]: 0x0000000080001FF4 (0x02E59413) slli x8, x11, 0x2e                      common_Mexcpt_handler+4
x8 <- 0x0200000000000000

clint mtime 0x000000000000042C (mip.MTI <- 0b1, mip.STI <- 0b0)
mem[X,0x0000000080001FF8] -> 0x5463
mem[X,0x0000000080001FFA] -> 0x0004
[2136] [M]: 0x0000000080001FF8 (0x00045463) bge x8, x0, 0x8                         common_Mexcpt_handler+8

mem[X,0x0000000080002000] -> 0xD493
mem[X,0x0000000080002002] -> 0x00B5
[2137] [M]: 0x0000000080002000 (0x00B5D493) srli x9, x11, 0xb                       common_Mexcpt_handler+16
x9 <- 0x0000000001400001

clint mtime 0x000000000000042D (mip.MTI <- 0b1, mip.STI <- 0b0)
mem[X,0x0000000080002004] -> 0xF493
mem[X,0x0000000080002006] -> 0x0034
[2138] [M]: 0x0000000080002004 (0x0034F493) andi x9, x9, 0x3                        common_Mexcpt_handler+20
x9 <- 0x0000000000000001

mem[X,0x0000000080002008] -> 0x8493
mem[X,0x000000008000200A] -> 0x0014
[2139] [M]: 0x0000000080002008 (0x00148493) addi x9, x9, 0x1                        common_Mexcpt_handler+24
x9 <- 0x0000000000000002

clint mtime 0x000000000000042E (mip.MTI <- 0b1, mip.STI <- 0b0)
mem[X,0x000000008000200C] -> 0xF493
mem[X,0x000000008000200E] -> 0x0044
[2140] [M]: 0x000000008000200C (0x0044F493) andi x9, x9, 0x4                        common_Mexcpt_handler+28
x9 <- 0x0000000000000000

mem[X,0x0000000080002010] -> 0x0593
mem[X,0x0000000080002012] -> 0x05D0
[2141] [M]: 0x0000000080002010 (0x05D00593) addi x11, x0, 0x5d                      common_Mexcpt_handler+32
x11 <- 0x000000000000005D

clint mtime 0x000000000000042F (mip.MTI <- 0b1, mip.STI <- 0b0)
mem[X,0x0000000080002014] -> 0xD5B3
mem[X,0x0000000080002016] -> 0x0095
[2142] [M]: 0x0000000080002014 (0x0095D5B3) srl x11, x11, x9                        common_Mexcpt_handler+36
x11 <- 0x000000000000005D

mem[X,0x0000000080002018] -> 0xF593
mem[X,0x000000008000201A] -> 0x0015
[2143] [M]: 0x0000000080002018 (0x0015F593) andi x11, x11, 0x1                      common_Mexcpt_handler+40
x11 <- 0x0000000000000001

clint mtime 0x0000000000000430 (mip.MTI <- 0b1, mip.STI <- 0b0)
mem[X,0x000000008000201C] -> 0x8EE3
mem[X,0x000000008000201E] -> 0xF405
[2144] [M]: 0x000000008000201C (0xF4058EE3) beq x11, x0, -0xa4                      common_Mexcpt_handler+44

mem[X,0x0000000080002020] -> 0x0593
mem[X,0x0000000080002022] -> 0x2980
[2145] [M]: 0x0000000080002020 (0x29800593) addi x11, x0, 0x298                     common_Mexcpt_handler+48
x11 <- 0x0000000000000298

clint mtime 0x0000000000000431 (mip.MTI <- 0b1, mip.STI <- 0b0)
mem[X,0x0000000080002024] -> 0xF413
mem[X,0x0000000080002026] -> 0x0014
[2146] [M]: 0x0000000080002024 (0x0014F413) andi x8, x9, 0x1                        common_Mexcpt_handler+52
x8 <- 0x0000000000000000

mem[X,0x0000000080002028] -> 0x95B3
mem[X,0x000000008000202A] -> 0x0085
[2147] [M]: 0x0000000080002028 (0x008595B3) sll x11, x11, x8                        common_Mexcpt_handler+56
x11 <- 0x0000000000000298

clint mtime 0x0000000000000432 (mip.MTI <- 0b1, mip.STI <- 0b0)
mem[X,0x000000008000202C] -> 0x9413
mem[X,0x000000008000202E] -> 0x03D4
[2148] [M]: 0x000000008000202C (0x03D49413) slli x8, x9, 0x3d                       common_Mexcpt_handler+60
x8 <- 0x0000000000000000

mem[X,0x0000000080002030] -> 0x5413
mem[X,0x0000000080002032] -> 0x43F4
[2149] [M]: 0x0000000080002030 (0x43F45413) srai x8, x8, 0x3f                       common_Mexcpt_handler+64
x8 <- 0x0000000000000000

clint mtime 0x0000000000000433 (mip.MTI <- 0b1, mip.STI <- 0b0)
mem[X,0x0000000080002034] -> 0x4413
mem[X,0x0000000080002036] -> 0xFFF4
[2150] [M]: 0x0000000080002034 (0xFFF44413) xori x8, x8, -0x1                       common_Mexcpt_handler+68
x8 <- 0xFFFFFFFFFFFFFFFF

mem[X,0x0000000080002038] -> 0xF4B3
mem[X,0x000000008000203A] -> 0x0085
[2151] [M]: 0x0000000080002038 (0x0085F4B3) and x9, x11, x8                         common_Mexcpt_handler+72
x9 <- 0x0000000000000298

clint mtime 0x0000000000000434 (mip.MTI <- 0b1, mip.STI <- 0b0)
mem[X,0x000000008000203C] -> 0x84B3
mem[X,0x000000008000203E] -> 0x0024
[2152] [M]: 0x000000008000203C (0x002484B3) add x9, x9, x2                          vmem_adj_Mepc+0
x9 <- 0x0000000080005298

mem[X,0x0000000080002040] -> 0x23F3
mem[X,0x0000000080002042] -> 0x3410
[2153] [M]: 0x0000000080002040 (0x341023F3) csrrs x7, mepc, x0                      vmem_adj_Mepc+4
CSR mepc (0x341) -> 0x0000030080000E14
x7 <- 0x0000030080000E14

clint mtime 0x0000000000000435 (mip.MTI <- 0b1, mip.STI <- 0b0)
mem[X,0x0000000080002044] -> 0x0413
mem[X,0x0000000080002046] -> 0x0004
[2154] [M]: 0x0000000080002044 (0x00040413) addi x8, x8, 0x0                        vmem_adj_Mepc+8
x8 <- 0xFFFFFFFFFFFFFFFF

mem[X,0x0000000080002048] -> 0x006F
mem[X,0x000000008000204A] -> 0x0400
[2155] [M]: 0x0000000080002048 (0x0400006F) jal x0, 0x40                            vmem_adj_Mepc+12

clint mtime 0x0000000000000436 (mip.MTI <- 0b1, mip.STI <- 0b0)
mem[X,0x0000000080002088] -> 0x8433
mem[X,0x000000008000208A] -> 0x4083
[2156] [M]: 0x0000000080002088 (0x40838433) sub x8, x7, x8                          adj_Mepc+0
x8 <- 0x0000030080000E15

mem[X,0x000000008000208C] -> 0x3823
mem[X,0x000000008000208E] -> 0x0083
[2157] [M]: 0x000000008000208C (0x00833823) sd x8, 0x10(x6)                         sv_Mepc+0
mem[W,0x000000008000A4E8] <- 0x0000030080000E15

clint mtime 0x0000000000000437 (mip.MTI <- 0b1, mip.STI <- 0b0)
mem[X,0x0000000080002090] -> 0x55B7
mem[X,0x0000000080002092] -> 0x0000
[2158] [M]: 0x0000000080002090 (0x000055B7) lui x11, 0x5                            sv_Mepc+4
x11 <- 0x0000000000005000

mem[X,0x0000000080002094] -> 0x8593
mem[X,0x0000000080002096] -> 0x6675
[2159] [M]: 0x0000000080002094 (0x66758593) addi x11, x11, 0x667                    sv_Mepc+8
x11 <- 0x0000000000005667

clint mtime 0x0000000000000438 (mip.MTI <- 0b1, mip.STI <- 0b0)
mem[X,0x0000000080002098] -> 0x9593
mem[X,0x000000008000209A] -> 0x0015
[2160] [M]: 0x0000000080002098 (0x00159593) slli x11, x11, 0x1                      sv_Mepc+12
x11 <- 0x000000000000ACCE

mem[X,0x000000008000209C] -> 0x9063
mem[X,0x000000008000209E] -> 0x02B1
[2161] [M]: 0x000000008000209C (0x02B19063) bne x3, x11, 0x20                       sv_Mepc+16

clint mtime 0x0000000000000439 (mip.MTI <- 0b1, mip.STI <- 0b0)
mem[X,0x00000000800020BC] -> 0xF593
mem[X,0x00000000800020BE] -> 0xFFC3
[2162] [M]: 0x00000000800020BC (0xFFC3F593) andi x11, x7, -0x4                      adj_Mepc_rtn+0
x11 <- 0x0000030080000E14

mem[X,0x00000000800020C0] -> 0x8593
mem[X,0x00000000800020C2] -> 0x0085
[2163] [M]: 0x00000000800020C0 (0x00858593) addi x11, x11, 0x8                      adj_Mepc_rtn+4
x11 <- 0x0000030080000E1C

clint mtime 0x000000000000043A (mip.MTI <- 0b1, mip.STI <- 0b0)
mem[X,0x00000000800020C4] -> 0x9073
mem[X,0x00000000800020C6] -> 0x3415
[2164] [M]: 0x00000000800020C4 (0x34159073) csrrw x0, mepc, x11                     adj_Mepc_rtn+8
CSR mepc (0x341) <- 0x0000030080000E1C

mem[X,0x00000000800020C8] -> 0x23F3
mem[X,0x00000000800020CA] -> 0x3430
[2165] [M]: 0x00000000800020C8 (0x343023F3) csrrs x7, mtval, x0                     skp_adj_Mepc+0
CSR mtval (0x343) -> 0x0000030080000E14
x7 <- 0x0000030080000E14

clint mtime 0x000000000000043B (mip.MTI <- 0b1, mip.STI <- 0b0)
mem[X,0x00000000800020CC] -> 0x0413
mem[X,0x00000000800020CE] -> 0x0004
[2166] [M]: 0x00000000800020CC (0x00040413) addi x8, x8, 0x0                        skp_adj_Mepc+4
x8 <- 0x0000030080000E15

mem[X,0x00000000800020D0] -> 0x006F
mem[X,0x00000000800020D2] -> 0x0840
[2167] [M]: 0x00000000800020D0 (0x0840006F) jal x0, 0x84                            skp_adj_Mepc+8

clint mtime 0x000000000000043C (mip.MTI <- 0b1, mip.STI <- 0b0)
mem[X,0x0000000080002154] -> 0x8433
mem[X,0x0000000080002156] -> 0x4083
[2168] [M]: 0x0000000080002154 (0x40838433) sub x8, x7, x8                          adj_Mtval+0
x8 <- 0xFFFFFFFFFFFFFFFF

mem[X,0x0000000080002158] -> 0x3C23
mem[X,0x000000008000215A] -> 0x0083
[2169] [M]: 0x0000000080002158 (0x00833C23) sd x8, 0x18(x6)                         sv_Mtval+0
mem[W,0x000000008000A4F0] <- 0xFFFFFFFFFFFFFFFF

clint mtime 0x000000000000043D (mip.MTI <- 0b1, mip.STI <- 0b0)
mem[X,0x000000008000215C] -> 0x3483
mem[X,0x000000008000215E] -> 0x2181
[2170] [M]: 0x000000008000215C (0x21813483) ld x9, 0x218(x2)                        skp_Mtval+0
mem[R,0x0000000080005218] -> 0x000000008000A4F8
x9 <- 0x000000008000A4F8

mem[X,0x0000000080002160] -> 0x3383
mem[X,0x0000000080002162] -> 0x1F81
[2171] [M]: 0x0000000080002160 (0x1F813383) ld x7, 0x1f8(x2)                        skp_Mtval+4
mem[R,0x00000000800051F8] -> 0x000000008000A110
x7 <- 0x000000008000A110

clint mtime 0x000000000000043E (mip.MTI <- 0b1, mip.STI <- 0b0)
mem[X,0x0000000080002164] -> 0x3303
mem[X,0x0000000080002166] -> 0x2001
[2172] [M]: 0x0000000080002164 (0x20013303) ld x6, 0x200(x2)                        skp_Mtval+8
mem[R,0x0000000080005200] -> 0x0000000000000410
x6 <- 0x0000000000000410

mem[X,0x0000000080002168] -> 0x0333
mem[X,0x000000008000216A] -> 0x0073
[2173] [M]: 0x0000000080002168 (0x00730333) add x6, x6, x7                          skp_Mtval+12
x6 <- 0x000000008000A520

clint mtime 0x000000000000043F (mip.MTI <- 0b1, mip.STI <- 0b0)
mem[X,0x000000008000216C] -> 0x6AE3
mem[X,0x000000008000216E] -> 0xAC93
[2174] [M]: 0x000000008000216C (0xAC936AE3) bltu x6, x9, -0x52c                     skp_Mtval+16

mem[X,0x0000000080002170] -> 0x0393
mem[X,0x0000000080002172] -> 0x2000
[2175] [M]: 0x0000000080002170 (0x20000393) addi x7, x0, 0x200                      skp_Mtval+20
x7 <- 0x0000000000000200

clint mtime 0x0000000000000440 (mip.MTI <- 0b1, mip.STI <- 0b0)
mem[X,0x0000000080002174] -> 0x006F
mem[X,0x0000000080002176] -> 0x0400
[2176] [M]: 0x0000000080002174 (0x0400006F) jal x0, 0x40                            skp_Mtval+24

mem[X,0x00000000800021B4] -> 0x0417
mem[X,0x00000000800021B6] -> 0x0000
[2177] [M]: 0x00000000800021B4 (0x00000417) auipc x8, 0x0                           spcl_Mhandler+0
x8 <- 0x00000000800021B4

clint mtime 0x0000000000000441 (mip.MTI <- 0b1, mip.STI <- 0b0)
mem[X,0x00000000800021B8] -> 0x0413
mem[X,0x00000000800021BA] -> 0x03C4
[2178] [M]: 0x00000000800021B8 (0x03C40413) addi x8, x8, 0x3c                       spcl_Mhandler+4
x8 <- 0x00000000800021F0

mem[X,0x00000000800021BC] -> 0x0433
mem[X,0x00000000800021BE] -> 0x0074
[2179] [M]: 0x00000000800021BC (0x00740433) add x8, x8, x7                          spcl_Mhandler+8
x8 <- 0x00000000800023F0

clint mtime 0x0000000000000442 (mip.MTI <- 0b1, mip.STI <- 0b0)
mem[X,0x00000000800021C0] -> 0x1393
mem[X,0x00000000800021C2] -> 0x0035
[2180] [M]: 0x00000000800021C0 (0x00351393) slli x7, x10, 0x3                       spcl_Mhandler+12
x7 <- 0x0000000000000060

mem[X,0x00000000800021C4] -> 0x0433
mem[X,0x00000000800021C6] -> 0x0074
[2181] [M]: 0x00000000800021C4 (0x00740433) add x8, x8, x7                          spcl_Mhandler+16
x8 <- 0x0000000080002450

clint mtime 0x0000000000000443 (mip.MTI <- 0b1, mip.STI <- 0b0)
mem[X,0x00000000800021C8] -> 0x7413
mem[X,0x00000000800021CA] -> 0xFF84
[2182] [M]: 0x00000000800021C8 (0xFF847413) andi x8, x8, -0x8                       spcl_Mhandler+20
x8 <- 0x0000000080002450

mem[X,0x00000000800021CC] -> 0x3403
mem[X,0x00000000800021CE] -> 0x0004
[2183] [M]: 0x00000000800021CC (0x00043403) ld x8, 0x0(x8)                          spcl_Mhandler+24
mem[R,0x0000000080002450] -> 0x0000000000000019
x8 <- 0x0000000000000019

clint mtime 0x0000000000000444 (mip.MTI <- 0b1, mip.STI <- 0b0)
mem[X,0x00000000800021D0] -> 0x02E3
mem[X,0x00000000800021D2] -> 0xB004
[2184] [M]: 0x00000000800021D0 (0xB00402E3) beq x8, x0, -0x4fc                      spcl_Mdispatch_hndling+0

mem[X,0x00000000800021D4] -> 0x1393
mem[X,0x00000000800021D6] -> 0x03F4
[2185] [M]: 0x00000000800021D4 (0x03F41393) slli x7, x8, 0x3f                       spcl_Mdispatch_hndling+4
x7 <- 0x8000000000000000

clint mtime 0x0000000000000445 (mip.MTI <- 0b1, mip.STI <- 0b0)
mem[X,0x00000000800021D8] -> 0xD863
mem[X,0x00000000800021DA] -> 0x0003
[2186] [M]: 0x00000000800021D8 (0x0003D863) bge x7, x0, 0x10                        spcl_Mdispatch_hndling+8

mem[X,0x00000000800021DC] -> 0x5413
mem[X,0x00000000800021DE] -> 0x0014
[2187] [M]: 0x00000000800021DC (0x00145413) srli x8, x8, 0x1                        spcl_Mdispatch_hndling+12
x8 <- 0x000000000000000C

clint mtime 0x0000000000000446 (mip.MTI <- 0b1, mip.STI <- 0b0)
mem[X,0x00000000800021E0] -> 0x0CE3
mem[X,0x00000000800021E2] -> 0xF885
[2188] [M]: 0x00000000800021E0 (0xF8850CE3) beq x10, x8, -0x68                      spcl_Mdispatch_hndling+16

mem[X,0x0000000080002178] -> 0x3303
mem[X,0x000000008000217A] -> 0x2601
[2189] [M]: 0x0000000080002178 (0x26013303) ld x6, 0x260(x2)                        resto_Mrtn+0
mem[R,0x0000000080005260] -> 0x000002FFFFFFFFF8
x6 <- 0x000002FFFFFFFFF8

clint mtime 0x0000000000000447 (mip.MTI <- 0b1, mip.STI <- 0b0)
mem[X,0x000000008000217C] -> 0x3383
mem[X,0x000000008000217E] -> 0x2681
[2190] [M]: 0x000000008000217C (0x26813383) ld x7, 0x268(x2)                        resto_Mrtn+4
mem[R,0x0000000080005268] -> 0x0000000080005000
x7 <- 0x0000000080005000

mem[X,0x0000000080002180] -> 0x3403
mem[X,0x0000000080002182] -> 0x2701
[2191] [M]: 0x0000000080002180 (0x27013403) ld x8, 0x270(x2)                        resto_Mrtn+8
mem[R,0x0000000080005270] -> 0x0000000000007F76
x8 <- 0x0000000000007F76

clint mtime 0x0000000000000448 (mip.MTI <- 0b1, mip.STI <- 0b0)
mem[X,0x0000000080002184] -> 0x3483
mem[X,0x0000000080002186] -> 0x2781
[2192] [M]: 0x0000000080002184 (0x27813483) ld x9, 0x278(x2)                        resto_Mrtn+12
mem[R,0x0000000080005278] -> 0x0000000000000000
x9 <- 0x0000000000000000

mem[X,0x0000000080002188] -> 0x3503
mem[X,0x000000008000218A] -> 0x2801
[2193] [M]: 0x0000000080002188 (0x28013503) ld x10, 0x280(x2)                       resto_Mrtn+16
mem[R,0x0000000080005280] -> 0x00000000000000CF
x10 <- 0x00000000000000CF

clint mtime 0x0000000000000449 (mip.MTI <- 0b1, mip.STI <- 0b0)
mem[X,0x000000008000218C] -> 0x3583
mem[X,0x000000008000218E] -> 0x2881
[2194] [M]: 0x000000008000218C (0x28813583) ld x11, 0x288(x2)                       resto_Mrtn+20
mem[R,0x0000000080005288] -> 0x00000000000000CF
x11 <- 0x00000000000000CF

mem[X,0x0000000080002190] -> 0x3103
mem[X,0x0000000080002192] -> 0x2901
[2195] [M]: 0x0000000080002190 (0x29013103) ld x2, 0x290(x2)                        resto_Mrtn+24
mem[R,0x0000000080005290] -> 0x0000000080005000
x2 <- 0x0000000080005000

clint mtime 0x000000000000044A (mip.MTI <- 0b1, mip.STI <- 0b0)
mem[X,0x0000000080002194] -> 0x0073
mem[X,0x0000000080002196] -> 0x3020
[2196] [M]: 0x0000000080002194 (0x30200073) mret                                    resto_Mrtn+28
CSR mstatus (0x300) <- 0x0000000A00000080
ret-ing from M to S

PTW: Start, vpn=0x30080000, access_type=X, privilege=Smem[R,0x0000000080009030] -> 0xCB00000000000000
PTW: Step, level=3, pte=0xCB00000000000000, pte_addr=0x80009030
PTW: failed, error=invalid-pte, level=3, pte_addr=0x80009030
trapping from S to M to handle fetch-page-fault
handling exc#fetch-page-fault at priv M with tval 0x0000030080000E1C
CSR mstatus (0x300) <- 0x0000000A00000800
CSR mcause (0x342) <- 0x000000000000000C
CSR mtval (0x343) <- 0x0000030080000E1C
CSR mepc (0x341) <- 0x0000030080000E1C

clint mtime 0x000000000000044B (mip.MTI <- 0b1, mip.STI <- 0b0)
mem[X,0x0000000080001D40] -> 0x006F
mem[X,0x0000000080001D42] -> 0x1000
[2198] [M]: 0x0000000080001D40 (0x1000006F) jal x0, 0x100                           Mtrampoline+0

mem[X,0x0000000080001E40] -> 0x1173
mem[X,0x0000000080001E42] -> 0x3401
[2199] [M]: 0x0000000080001E40 (0x34011173) csrrw x2, mscratch, x2                  trap_Mhandler+0
CSR mscratch (0x340) <- 0x0000000080005000
x2 <- 0x0000000080005000

clint mtime 0x000000000000044C (mip.MTI <- 0b1, mip.STI <- 0b0)
mem[X,0x0000000080001E44] -> 0x3423
mem[X,0x0000000080001E46] -> 0x28B1
[2200] [M]: 0x0000000080001E44 (0x28B13423) sd x11, 0x288(x2)                       trap_Mhandler+4
mem[W,0x0000000080005288] <- 0x00000000000000CF

mem[X,0x0000000080001E48] -> 0x05EF
mem[X,0x0000000080001E4A] -> 0x0B80
[2201] [M]: 0x0000000080001E48 (0x0B8005EF) jal x11, 0xb8                           trap_Mhandler+8
x11 <- 0x0000000080001E4C

clint mtime 0x000000000000044D (mip.MTI <- 0b1, mip.STI <- 0b0)
mem[X,0x0000000080001F00] -> 0x3023
mem[X,0x0000000080001F02] -> 0x28A1
[2202] [M]: 0x0000000080001F00 (0x28A13023) sd x10, 0x280(x2)                       common_Mhandler+0
mem[W,0x0000000080005280] <- 0x00000000000000CF

mem[X,0x0000000080001F04] -> 0x1573
mem[X,0x0000000080001F06] -> 0x3401
[2203] [M]: 0x0000000080001F04 (0x34011573) csrrw x10, mscratch, x2                 common_Mhandler+4
CSR mscratch (0x340) <- 0x0000000080005000
x10 <- 0x0000000080005000

clint mtime 0x000000000000044E (mip.MTI <- 0b1, mip.STI <- 0b0)
mem[X,0x0000000080001F08] -> 0x3823
mem[X,0x0000000080001F0A] -> 0x28A1
[2204] [M]: 0x0000000080001F08 (0x28A13823) sd x10, 0x290(x2)                       common_Mhandler+8
mem[W,0x0000000080005290] <- 0x0000000080005000

mem[X,0x0000000080001F0C] -> 0x3503
mem[X,0x0000000080001F0E] -> 0x2301
[2205] [M]: 0x0000000080001F0C (0x23013503) ld x10, 0x230(x2)                       common_Mhandler+12
mem[R,0x0000000080005230] -> 0x0000000080001F14
x10 <- 0x0000000080001F14

clint mtime 0x000000000000044F (mip.MTI <- 0b1, mip.STI <- 0b0)
mem[X,0x0000000080001F10] -> 0x0067
mem[X,0x0000000080001F12] -> 0x0005
[2206] [M]: 0x0000000080001F10 (0x00050067) jalr x0, 0x0(x10)                       common_Mhandler+16

mem[X,0x0000000080001F14] -> 0x3C23
mem[X,0x0000000080001F16] -> 0x2691
[2207] [M]: 0x0000000080001F14 (0x26913C23) sd x9, 0x278(x2)                        common_Mentry+0
mem[W,0x0000000080005278] <- 0x0000000000000000

clint mtime 0x0000000000000450 (mip.MTI <- 0b1, mip.STI <- 0b0)
mem[X,0x0000000080001F18] -> 0x3823
mem[X,0x0000000080001F1A] -> 0x2681
[2208] [M]: 0x0000000080001F18 (0x26813823) sd x8, 0x270(x2)                        common_Mentry+4
mem[W,0x0000000080005270] <- 0x0000000000007F76

mem[X,0x0000000080001F1C] -> 0x3423
mem[X,0x0000000080001F1E] -> 0x2671
[2209] [M]: 0x0000000080001F1C (0x26713423) sd x7, 0x268(x2)                        common_Mentry+8
mem[W,0x0000000080005268] <- 0x0000000080005000

clint mtime 0x0000000000000451 (mip.MTI <- 0b1, mip.STI <- 0b0)
mem[X,0x0000000080001F20] -> 0x3023
mem[X,0x0000000080001F22] -> 0x2661
[2210] [M]: 0x0000000080001F20 (0x26613023) sd x6, 0x260(x2)                        common_Mentry+12
mem[W,0x0000000080005260] <- 0x000002FFFFFFFFF8

mem[X,0x0000000080001F24] -> 0x2573
mem[X,0x0000000080001F26] -> 0x3420
[2211] [M]: 0x0000000080001F24 (0x34202573) csrrs x10, mcause, x0                   spcl_M2mmode_test+0
CSR mcause (0x342) -> 0x000000000000000C
x10 <- 0x000000000000000C

clint mtime 0x0000000000000452 (mip.MTI <- 0b1, mip.STI <- 0b0)
mem[X,0x0000000080001F28] -> 0x04B7
mem[X,0x0000000080001F2A] -> 0x8000
[2212] [M]: 0x0000000080001F28 (0x800004B7) lui x9, -0x80000                        spcl_M2mmode_test+4
x9 <- 0xFFFFFFFF80000000

mem[X,0x0000000080001F2C] -> 0x8493
mem[X,0x0000000080001F2E] -> 0x0004
[2213] [M]: 0x0000000080001F2C (0x00048493) addi x9, x9, 0x0                        spcl_M2mmode_test+8
x9 <- 0xFFFFFFFF80000000

clint mtime 0x0000000000000453 (mip.MTI <- 0b1, mip.STI <- 0b0)
mem[X,0x0000000080001F30] -> 0x9493
mem[X,0x0000000080001F32] -> 0x00B4
[2214] [M]: 0x0000000080001F30 (0x00B49493) slli x9, x9, 0xb                        spcl_M2mmode_test+12
x9 <- 0xFFFFFC0000000000

mem[X,0x0000000080001F34] -> 0x8493
mem[X,0x0000000080001F36] -> 0x0004
[2215] [M]: 0x0000000080001F34 (0x00048493) addi x9, x9, 0x0                        spcl_M2mmode_test+16
x9 <- 0xFFFFFC0000000000

clint mtime 0x0000000000000454 (mip.MTI <- 0b1, mip.STI <- 0b0)
mem[X,0x0000000080001F38] -> 0x9493
mem[X,0x0000000080001F3A] -> 0x00B4
[2216] [M]: 0x0000000080001F38 (0x00B49493) slli x9, x9, 0xb                        spcl_M2mmode_test+20
x9 <- 0xFFE0000000000000

mem[X,0x0000000080001F3C] -> 0x8493
mem[X,0x0000000080001F3E] -> 0x0034
[2217] [M]: 0x0000000080001F3C (0x00348493) addi x9, x9, 0x3                        spcl_M2mmode_test+24
x9 <- 0xFFE0000000000003

clint mtime 0x0000000000000455 (mip.MTI <- 0b1, mip.STI <- 0b0)
mem[X,0x0000000080001F40] -> 0x9493
mem[X,0x0000000080001F42] -> 0x00A4
[2218] [M]: 0x0000000080001F40 (0x00A49493) slli x9, x9, 0xa                        spcl_M2mmode_test+28
x9 <- 0x8000000000000C00

mem[X,0x0000000080001F44] -> 0x8493
mem[X,0x0000000080001F46] -> 0x3FC4
[2219] [M]: 0x0000000080001F44 (0x3FC48493) addi x9, x9, 0x3fc                      spcl_M2mmode_test+32
x9 <- 0x8000000000000FFC

clint mtime 0x0000000000000456 (mip.MTI <- 0b1, mip.STI <- 0b0)
mem[X,0x0000000080001F48] -> 0xF4B3
mem[X,0x0000000080001F4A] -> 0x00A4
[2220] [M]: 0x0000000080001F48 (0x00A4F4B3) and x9, x9, x10                         spcl_M2mmode_test+36
x9 <- 0x000000000000000C

mem[X,0x0000000080001F4C] -> 0x8493
mem[X,0x0000000080001F4E] -> 0xFF84
[2221] [M]: 0x0000000080001F4C (0xFF848493) addi x9, x9, -0x8                       spcl_M2mmode_test+40
x9 <- 0x0000000000000004

clint mtime 0x0000000000000457 (mip.MTI <- 0b1, mip.STI <- 0b0)
mem[X,0x0000000080001F50] -> 0x9663
mem[X,0x0000000080001F52] -> 0x0004
[2222] [M]: 0x0000000080001F50 (0x00049663) bne x9, x0, 0xc                         spcl_M2mmode_test+44

mem[X,0x0000000080001F5C] -> 0x0393
mem[X,0x0000000080001F5E] -> 0x0200
[2223] [M]: 0x0000000080001F5C (0x02000393) addi x7, x0, 0x20                       Mtrapsig_ptr_upd+0
x7 <- 0x0000000000000020

clint mtime 0x0000000000000458 (mip.MTI <- 0b1, mip.STI <- 0b0)
mem[X,0x0000000080001F60] -> 0x5263
mem[X,0x0000000080001F62] -> 0x0405
[2224] [M]: 0x0000000080001F60 (0x04055263) bge x10, x0, 0x44                       Mtrapsig_ptr_upd+4

mem[X,0x0000000080001FA4] -> 0x2373
mem[X,0x0000000080001FA6] -> 0x3010
[2225] [M]: 0x0000000080001FA4 (0x30102373) csrrs x6, misa, x0                      Mxcpt_sig_sv+0
CSR misa (0x301) -> 0x800000000034112F
x6 <- 0x800000000034112F

clint mtime 0x0000000000000459 (mip.MTI <- 0b1, mip.STI <- 0b0)
mem[X,0x0000000080001FA8] -> 0x1313
mem[X,0x0000000080001FAA] -> 0x0383
[2226] [M]: 0x0000000080001FA8 (0x03831313) slli x6, x6, 0x38                       Mxcpt_sig_sv+4
x6 <- 0x2F00000000000000

mem[X,0x0000000080001FAC] -> 0x5463
mem[X,0x0000000080001FAE] -> 0x0003
[2227] [M]: 0x0000000080001FAC (0x00035463) bge x6, x0, 0x8                         Mxcpt_sig_sv+8

clint mtime 0x000000000000045A (mip.MTI <- 0b1, mip.STI <- 0b0)
mem[X,0x0000000080001FB4] -> 0x3303
mem[X,0x0000000080001FB6] -> 0x2181
[2228] [M]: 0x0000000080001FB4 (0x21813303) ld x6, 0x218(x2)                        Mtrap_sig_sv+0
mem[R,0x0000000080005218] -> 0x000000008000A4F8
x6 <- 0x000000008000A4F8

mem[X,0x0000000080001FB8] -> 0x04B3
mem[X,0x0000000080001FBA] -> 0x0073
[2229] [M]: 0x0000000080001FB8 (0x007304B3) add x9, x6, x7                          Mtrap_sig_sv+4
x9 <- 0x000000008000A518

clint mtime 0x000000000000045B (mip.MTI <- 0b1, mip.STI <- 0b0)
mem[X,0x0000000080001FBC] -> 0x3C23
mem[X,0x0000000080001FBE] -> 0x2091
[2230] [M]: 0x0000000080001FBC (0x20913C23) sd x9, 0x218(x2)                        Mtrap_sig_sv+8
mem[W,0x0000000080005218] <- 0x000000008000A518

mem[X,0x0000000080001FC0] -> 0x3403
mem[X,0x0000000080001FC2] -> 0x1F81
[2231] [M]: 0x0000000080001FC0 (0x1F813403) ld x8, 0x1f8(x2)                        Mtrap_sig_sv+12
mem[R,0x00000000800051F8] -> 0x000000008000A110
x8 <- 0x000000008000A110

clint mtime 0x000000000000045C (mip.MTI <- 0b1, mip.STI <- 0b0)
mem[X,0x0000000080001FC4] -> 0x0333
mem[X,0x0000000080001FC6] -> 0x4083
[2232] [M]: 0x0000000080001FC4 (0x40830333) sub x6, x6, x8                          Mtrap_sig_sv+16
x6 <- 0x00000000000003E8

mem[X,0x0000000080001FC8] -> 0x3403
mem[X,0x0000000080001FCA] -> 0x1F81
[2233] [M]: 0x0000000080001FC8 (0x1F813403) ld x8, 0x1f8(x2)                        Mtrap_sig_sv+20
mem[R,0x00000000800051F8] -> 0x000000008000A110
x8 <- 0x000000008000A110

clint mtime 0x000000000000045D (mip.MTI <- 0b1, mip.STI <- 0b0)
mem[X,0x0000000080001FCC] -> 0x0333
mem[X,0x0000000080001FCE] -> 0x0083
[2234] [M]: 0x0000000080001FCC (0x00830333) add x6, x6, x8                          Mtrap_sig_sv+24
x6 <- 0x000000008000A4F8

mem[X,0x0000000080001FD0] -> 0x3403
mem[X,0x0000000080001FD2] -> 0x2401
[2235] [M]: 0x0000000080001FD0 (0x24013403) ld x8, 0x240(x2)                        Mtrap_sig_sv+28
mem[R,0x0000000080005240] -> 0x0000000080001D40
x8 <- 0x0000000080001D40

clint mtime 0x000000000000045E (mip.MTI <- 0b1, mip.STI <- 0b0)
mem[X,0x0000000080001FD4] -> 0x85B3
mem[X,0x0000000080001FD6] -> 0x4085
[2236] [M]: 0x0000000080001FD4 (0x408585B3) sub x11, x11, x8                        sv_Mvect+0
x11 <- 0x000000000000010C

mem[X,0x0000000080001FD8] -> 0x9593
mem[X,0x0000000080001FDA] -> 0x0045
[2237] [M]: 0x0000000080001FD8 (0x00459593) slli x11, x11, 0x4                      sv_Mvect+4
x11 <- 0x00000000000010C0

clint mtime 0x000000000000045F (mip.MTI <- 0b1, mip.STI <- 0b0)
mem[X,0x0000000080001FDC] -> 0xE5B3
mem[X,0x0000000080001FDE] -> 0x0075
[2238] [M]: 0x0000000080001FDC (0x0075E5B3) or x11, x11, x7                         sv_Mvect+8
x11 <- 0x00000000000010E0

mem[X,0x0000000080001FE0] -> 0x8593
mem[X,0x0000000080001FE2] -> 0x0035
[2239] [M]: 0x0000000080001FE0 (0x00358593) addi x11, x11, 0x3                      sv_Mvect+12
x11 <- 0x00000000000010E3

clint mtime 0x0000000000000460 (mip.MTI <- 0b1, mip.STI <- 0b0)
mem[X,0x0000000080001FE4] -> 0x3023
mem[X,0x0000000080001FE6] -> 0x00B3
[2240] [M]: 0x0000000080001FE4 (0x00B33023) sd x11, 0x0(x6)                         sv_Mvect+16
mem[W,0x000000008000A4F8] <- 0x00000000000010E3

mem[X,0x0000000080001FE8] -> 0x3423
mem[X,0x0000000080001FEA] -> 0x00A3
[2241] [M]: 0x0000000080001FE8 (0x00A33423) sd x10, 0x8(x6)                         sv_Mcause+0
mem[W,0x000000008000A500] <- 0x000000000000000C

clint mtime 0x0000000000000461 (mip.MTI <- 0b1, mip.STI <- 0b0)
mem[X,0x0000000080001FEC] -> 0x4663
mem[X,0x0000000080001FEE] -> 0x1A05
[2242] [M]: 0x0000000080001FEC (0x1A054663) blt x10, x0, 0x1ac                      sv_Mcause+4

mem[X,0x0000000080001FF0] -> 0x25F3
mem[X,0x0000000080001FF2] -> 0x3000
[2243] [M]: 0x0000000080001FF0 (0x300025F3) csrrs x11, mstatus, x0                  common_Mexcpt_handler+0
CSR mstatus (0x300) -> 0x0000000A00000800
x11 <- 0x0000000A00000800

clint mtime 0x0000000000000462 (mip.MTI <- 0b1, mip.STI <- 0b0)
mem[X,0x0000000080001FF4] -> 0x9413
mem[X,0x0000000080001FF6] -> 0x02E5
[2244] [M]: 0x0000000080001FF4 (0x02E59413) slli x8, x11, 0x2e                      common_Mexcpt_handler+4
x8 <- 0x0200000000000000

mem[X,0x0000000080001FF8] -> 0x5463
mem[X,0x0000000080001FFA] -> 0x0004
[2245] [M]: 0x0000000080001FF8 (0x00045463) bge x8, x0, 0x8                         common_Mexcpt_handler+8

clint mtime 0x0000000000000463 (mip.MTI <- 0b1, mip.STI <- 0b0)
mem[X,0x0000000080002000] -> 0xD493
mem[X,0x0000000080002002] -> 0x00B5
[2246] [M]: 0x0000000080002000 (0x00B5D493) srli x9, x11, 0xb                       common_Mexcpt_handler+16
x9 <- 0x0000000001400001

mem[X,0x0000000080002004] -> 0xF493
mem[X,0x0000000080002006] -> 0x0034
[2247] [M]: 0x0000000080002004 (0x0034F493) andi x9, x9, 0x3                        common_Mexcpt_handler+20
x9 <- 0x0000000000000001

clint mtime 0x0000000000000464 (mip.MTI <- 0b1, mip.STI <- 0b0)
mem[X,0x0000000080002008] -> 0x8493
mem[X,0x000000008000200A] -> 0x0014
[2248] [M]: 0x0000000080002008 (0x00148493) addi x9, x9, 0x1                        common_Mexcpt_handler+24
x9 <- 0x0000000000000002

mem[X,0x000000008000200C] -> 0xF493
mem[X,0x000000008000200E] -> 0x0044
[2249] [M]: 0x000000008000200C (0x0044F493) andi x9, x9, 0x4                        common_Mexcpt_handler+28
x9 <- 0x0000000000000000

clint mtime 0x0000000000000465 (mip.MTI <- 0b1, mip.STI <- 0b0)
mem[X,0x0000000080002010] -> 0x0593
mem[X,0x0000000080002012] -> 0x05D0
[2250] [M]: 0x0000000080002010 (0x05D00593) addi x11, x0, 0x5d                      common_Mexcpt_handler+32
x11 <- 0x000000000000005D

mem[X,0x0000000080002014] -> 0xD5B3
mem[X,0x0000000080002016] -> 0x0095
[2251] [M]: 0x0000000080002014 (0x0095D5B3) srl x11, x11, x9                        common_Mexcpt_handler+36
x11 <- 0x000000000000005D

clint mtime 0x0000000000000466 (mip.MTI <- 0b1, mip.STI <- 0b0)
mem[X,0x0000000080002018] -> 0xF593
mem[X,0x000000008000201A] -> 0x0015
[2252] [M]: 0x0000000080002018 (0x0015F593) andi x11, x11, 0x1                      common_Mexcpt_handler+40
x11 <- 0x0000000000000001

mem[X,0x000000008000201C] -> 0x8EE3
mem[X,0x000000008000201E] -> 0xF405
[2253] [M]: 0x000000008000201C (0xF4058EE3) beq x11, x0, -0xa4                      common_Mexcpt_handler+44

clint mtime 0x0000000000000467 (mip.MTI <- 0b1, mip.STI <- 0b0)
mem[X,0x0000000080002020] -> 0x0593
mem[X,0x0000000080002022] -> 0x2980
[2254] [M]: 0x0000000080002020 (0x29800593) addi x11, x0, 0x298                     common_Mexcpt_handler+48
x11 <- 0x0000000000000298

mem[X,0x0000000080002024] -> 0xF413
mem[X,0x0000000080002026] -> 0x0014
[2255] [M]: 0x0000000080002024 (0x0014F413) andi x8, x9, 0x1                        common_Mexcpt_handler+52
x8 <- 0x0000000000000000

clint mtime 0x0000000000000468 (mip.MTI <- 0b1, mip.STI <- 0b0)
mem[X,0x0000000080002028] -> 0x95B3
mem[X,0x000000008000202A] -> 0x0085
[2256] [M]: 0x0000000080002028 (0x008595B3) sll x11, x11, x8                        common_Mexcpt_handler+56
x11 <- 0x0000000000000298

mem[X,0x000000008000202C] -> 0x9413
mem[X,0x000000008000202E] -> 0x03D4
[2257] [M]: 0x000000008000202C (0x03D49413) slli x8, x9, 0x3d                       common_Mexcpt_handler+60
x8 <- 0x0000000000000000

clint mtime 0x0000000000000469 (mip.MTI <- 0b1, mip.STI <- 0b0)
mem[X,0x0000000080002030] -> 0x5413
mem[X,0x0000000080002032] -> 0x43F4
[2258] [M]: 0x0000000080002030 (0x43F45413) srai x8, x8, 0x3f                       common_Mexcpt_handler+64
x8 <- 0x0000000000000000

mem[X,0x0000000080002034] -> 0x4413
mem[X,0x0000000080002036] -> 0xFFF4
[2259] [M]: 0x0000000080002034 (0xFFF44413) xori x8, x8, -0x1                       common_Mexcpt_handler+68
x8 <- 0xFFFFFFFFFFFFFFFF

clint mtime 0x000000000000046A (mip.MTI <- 0b1, mip.STI <- 0b0)
mem[X,0x0000000080002038] -> 0xF4B3
mem[X,0x000000008000203A] -> 0x0085
[2260] [M]: 0x0000000080002038 (0x0085F4B3) and x9, x11, x8                         common_Mexcpt_handler+72
x9 <- 0x0000000000000298

mem[X,0x000000008000203C] -> 0x84B3
mem[X,0x000000008000203E] -> 0x0024
[2261] [M]: 0x000000008000203C (0x002484B3) add x9, x9, x2                          vmem_adj_Mepc+0
x9 <- 0x0000000080005298

clint mtime 0x000000000000046B (mip.MTI <- 0b1, mip.STI <- 0b0)
mem[X,0x0000000080002040] -> 0x23F3
mem[X,0x0000000080002042] -> 0x3410
[2262] [M]: 0x0000000080002040 (0x341023F3) csrrs x7, mepc, x0                      vmem_adj_Mepc+4
CSR mepc (0x341) -> 0x0000030080000E1C
x7 <- 0x0000030080000E1C

mem[X,0x0000000080002044] -> 0x0413
mem[X,0x0000000080002046] -> 0x0004
[2263] [M]: 0x0000000080002044 (0x00040413) addi x8, x8, 0x0                        vmem_adj_Mepc+8
x8 <- 0xFFFFFFFFFFFFFFFF

clint mtime 0x000000000000046C (mip.MTI <- 0b1, mip.STI <- 0b0)
mem[X,0x0000000080002048] -> 0x006F
mem[X,0x000000008000204A] -> 0x0400
[2264] [M]: 0x0000000080002048 (0x0400006F) jal x0, 0x40                            vmem_adj_Mepc+12

mem[X,0x0000000080002088] -> 0x8433
mem[X,0x000000008000208A] -> 0x4083
[2265] [M]: 0x0000000080002088 (0x40838433) sub x8, x7, x8                          adj_Mepc+0
x8 <- 0x0000030080000E1D

clint mtime 0x000000000000046D (mip.MTI <- 0b1, mip.STI <- 0b0)
mem[X,0x000000008000208C] -> 0x3823
mem[X,0x000000008000208E] -> 0x0083
[2266] [M]: 0x000000008000208C (0x00833823) sd x8, 0x10(x6)                         sv_Mepc+0
mem[W,0x000000008000A508] <- 0x0000030080000E1D

mem[X,0x0000000080002090] -> 0x55B7
mem[X,0x0000000080002092] -> 0x0000
[2267] [M]: 0x0000000080002090 (0x000055B7) lui x11, 0x5                            sv_Mepc+4
x11 <- 0x0000000000005000

clint mtime 0x000000000000046E (mip.MTI <- 0b1, mip.STI <- 0b0)
mem[X,0x0000000080002094] -> 0x8593
mem[X,0x0000000080002096] -> 0x6675
[2268] [M]: 0x0000000080002094 (0x66758593) addi x11, x11, 0x667                    sv_Mepc+8
x11 <- 0x0000000000005667

mem[X,0x0000000080002098] -> 0x9593
mem[X,0x000000008000209A] -> 0x0015
[2269] [M]: 0x0000000080002098 (0x00159593) slli x11, x11, 0x1                      sv_Mepc+12
x11 <- 0x000000000000ACCE

clint mtime 0x000000000000046F (mip.MTI <- 0b1, mip.STI <- 0b0)
mem[X,0x000000008000209C] -> 0x9063
mem[X,0x000000008000209E] -> 0x02B1
[2270] [M]: 0x000000008000209C (0x02B19063) bne x3, x11, 0x20                       sv_Mepc+16

mem[X,0x00000000800020BC] -> 0xF593
mem[X,0x00000000800020BE] -> 0xFFC3
[2271] [M]: 0x00000000800020BC (0xFFC3F593) andi x11, x7, -0x4                      adj_Mepc_rtn+0
x11 <- 0x0000030080000E1C

clint mtime 0x0000000000000470 (mip.MTI <- 0b1, mip.STI <- 0b0)
mem[X,0x00000000800020C0] -> 0x8593
mem[X,0x00000000800020C2] -> 0x0085
[2272] [M]: 0x00000000800020C0 (0x00858593) addi x11, x11, 0x8                      adj_Mepc_rtn+4
x11 <- 0x0000030080000E24

mem[X,0x00000000800020C4] -> 0x9073
mem[X,0x00000000800020C6] -> 0x3415
[2273] [M]: 0x00000000800020C4 (0x34159073) csrrw x0, mepc, x11                     adj_Mepc_rtn+8
CSR mepc (0x341) <- 0x0000030080000E24

clint mtime 0x0000000000000471 (mip.MTI <- 0b1, mip.STI <- 0b0)
mem[X,0x00000000800020C8] -> 0x23F3
mem[X,0x00000000800020CA] -> 0x3430
[2274] [M]: 0x00000000800020C8 (0x343023F3) csrrs x7, mtval, x0                     skp_adj_Mepc+0
CSR mtval (0x343) -> 0x0000030080000E1C
x7 <- 0x0000030080000E1C

mem[X,0x00000000800020CC] -> 0x0413
mem[X,0x00000000800020CE] -> 0x0004
[2275] [M]: 0x00000000800020CC (0x00040413) addi x8, x8, 0x0                        skp_adj_Mepc+4
x8 <- 0x0000030080000E1D

clint mtime 0x0000000000000472 (mip.MTI <- 0b1, mip.STI <- 0b0)
mem[X,0x00000000800020D0] -> 0x006F
mem[X,0x00000000800020D2] -> 0x0840
[2276] [M]: 0x00000000800020D0 (0x0840006F) jal x0, 0x84                            skp_adj_Mepc+8

mem[X,0x0000000080002154] -> 0x8433
mem[X,0x0000000080002156] -> 0x4083
[2277] [M]: 0x0000000080002154 (0x40838433) sub x8, x7, x8                          adj_Mtval+0
x8 <- 0xFFFFFFFFFFFFFFFF

clint mtime 0x0000000000000473 (mip.MTI <- 0b1, mip.STI <- 0b0)
mem[X,0x0000000080002158] -> 0x3C23
mem[X,0x000000008000215A] -> 0x0083
[2278] [M]: 0x0000000080002158 (0x00833C23) sd x8, 0x18(x6)                         sv_Mtval+0
mem[W,0x000000008000A510] <- 0xFFFFFFFFFFFFFFFF

mem[X,0x000000008000215C] -> 0x3483
mem[X,0x000000008000215E] -> 0x2181
[2279] [M]: 0x000000008000215C (0x21813483) ld x9, 0x218(x2)                        skp_Mtval+0
mem[R,0x0000000080005218] -> 0x000000008000A518
x9 <- 0x000000008000A518

clint mtime 0x0000000000000474 (mip.MTI <- 0b1, mip.STI <- 0b0)
mem[X,0x0000000080002160] -> 0x3383
mem[X,0x0000000080002162] -> 0x1F81
[2280] [M]: 0x0000000080002160 (0x1F813383) ld x7, 0x1f8(x2)                        skp_Mtval+4
mem[R,0x00000000800051F8] -> 0x000000008000A110
x7 <- 0x000000008000A110

mem[X,0x0000000080002164] -> 0x3303
mem[X,0x0000000080002166] -> 0x2001
[2281] [M]: 0x0000000080002164 (0x20013303) ld x6, 0x200(x2)                        skp_Mtval+8
mem[R,0x0000000080005200] -> 0x0000000000000410
x6 <- 0x0000000000000410

clint mtime 0x0000000000000475 (mip.MTI <- 0b1, mip.STI <- 0b0)
mem[X,0x0000000080002168] -> 0x0333
mem[X,0x000000008000216A] -> 0x0073
[2282] [M]: 0x0000000080002168 (0x00730333) add x6, x6, x7                          skp_Mtval+12
x6 <- 0x000000008000A520

mem[X,0x000000008000216C] -> 0x6AE3
mem[X,0x000000008000216E] -> 0xAC93
[2283] [M]: 0x000000008000216C (0xAC936AE3) bltu x6, x9, -0x52c                     skp_Mtval+16

clint mtime 0x0000000000000476 (mip.MTI <- 0b1, mip.STI <- 0b0)
mem[X,0x0000000080002170] -> 0x0393
mem[X,0x0000000080002172] -> 0x2000
[2284] [M]: 0x0000000080002170 (0x20000393) addi x7, x0, 0x200                      skp_Mtval+20
x7 <- 0x0000000000000200

mem[X,0x0000000080002174] -> 0x006F
mem[X,0x0000000080002176] -> 0x0400
[2285] [M]: 0x0000000080002174 (0x0400006F) jal x0, 0x40                            skp_Mtval+24

clint mtime 0x0000000000000477 (mip.MTI <- 0b1, mip.STI <- 0b0)
mem[X,0x00000000800021B4] -> 0x0417
mem[X,0x00000000800021B6] -> 0x0000
[2286] [M]: 0x00000000800021B4 (0x00000417) auipc x8, 0x0                           spcl_Mhandler+0
x8 <- 0x00000000800021B4

mem[X,0x00000000800021B8] -> 0x0413
mem[X,0x00000000800021BA] -> 0x03C4
[2287] [M]: 0x00000000800021B8 (0x03C40413) addi x8, x8, 0x3c                       spcl_Mhandler+4
x8 <- 0x00000000800021F0

clint mtime 0x0000000000000478 (mip.MTI <- 0b1, mip.STI <- 0b0)
mem[X,0x00000000800021BC] -> 0x0433
mem[X,0x00000000800021BE] -> 0x0074
[2288] [M]: 0x00000000800021BC (0x00740433) add x8, x8, x7                          spcl_Mhandler+8
x8 <- 0x00000000800023F0

mem[X,0x00000000800021C0] -> 0x1393
mem[X,0x00000000800021C2] -> 0x0035
[2289] [M]: 0x00000000800021C0 (0x00351393) slli x7, x10, 0x3                       spcl_Mhandler+12
x7 <- 0x0000000000000060

clint mtime 0x0000000000000479 (mip.MTI <- 0b1, mip.STI <- 0b0)
mem[X,0x00000000800021C4] -> 0x0433
mem[X,0x00000000800021C6] -> 0x0074
[2290] [M]: 0x00000000800021C4 (0x00740433) add x8, x8, x7                          spcl_Mhandler+16
x8 <- 0x0000000080002450

mem[X,0x00000000800021C8] -> 0x7413
mem[X,0x00000000800021CA] -> 0xFF84
[2291] [M]: 0x00000000800021C8 (0xFF847413) andi x8, x8, -0x8                       spcl_Mhandler+20
x8 <- 0x0000000080002450

clint mtime 0x000000000000047A (mip.MTI <- 0b1, mip.STI <- 0b0)
mem[X,0x00000000800021CC] -> 0x3403
mem[X,0x00000000800021CE] -> 0x0004
[2292] [M]: 0x00000000800021CC (0x00043403) ld x8, 0x0(x8)                          spcl_Mhandler+24
mem[R,0x0000000080002450] -> 0x0000000000000019
x8 <- 0x0000000000000019

mem[X,0x00000000800021D0] -> 0x02E3
mem[X,0x00000000800021D2] -> 0xB004
[2293] [M]: 0x00000000800021D0 (0xB00402E3) beq x8, x0, -0x4fc                      spcl_Mdispatch_hndling+0

clint mtime 0x000000000000047B (mip.MTI <- 0b1, mip.STI <- 0b0)
mem[X,0x00000000800021D4] -> 0x1393
mem[X,0x00000000800021D6] -> 0x03F4
[2294] [M]: 0x00000000800021D4 (0x03F41393) slli x7, x8, 0x3f                       spcl_Mdispatch_hndling+4
x7 <- 0x8000000000000000

mem[X,0x00000000800021D8] -> 0xD863
mem[X,0x00000000800021DA] -> 0x0003
[2295] [M]: 0x00000000800021D8 (0x0003D863) bge x7, x0, 0x10                        spcl_Mdispatch_hndling+8

clint mtime 0x000000000000047C (mip.MTI <- 0b1, mip.STI <- 0b0)
mem[X,0x00000000800021DC] -> 0x5413
mem[X,0x00000000800021DE] -> 0x0014
[2296] [M]: 0x00000000800021DC (0x00145413) srli x8, x8, 0x1                        spcl_Mdispatch_hndling+12
x8 <- 0x000000000000000C

mem[X,0x00000000800021E0] -> 0x0CE3
mem[X,0x00000000800021E2] -> 0xF885
[2297] [M]: 0x00000000800021E0 (0xF8850CE3) beq x10, x8, -0x68                      spcl_Mdispatch_hndling+16

clint mtime 0x000000000000047D (mip.MTI <- 0b1, mip.STI <- 0b0)
mem[X,0x0000000080002178] -> 0x3303
mem[X,0x000000008000217A] -> 0x2601
[2298] [M]: 0x0000000080002178 (0x26013303) ld x6, 0x260(x2)                        resto_Mrtn+0
mem[R,0x0000000080005260] -> 0x000002FFFFFFFFF8
x6 <- 0x000002FFFFFFFFF8

mem[X,0x000000008000217C] -> 0x3383
mem[X,0x000000008000217E] -> 0x2681
[2299] [M]: 0x000000008000217C (0x26813383) ld x7, 0x268(x2)                        resto_Mrtn+4
mem[R,0x0000000080005268] -> 0x0000000080005000
x7 <- 0x0000000080005000

clint mtime 0x000000000000047E (mip.MTI <- 0b1, mip.STI <- 0b0)
mem[X,0x0000000080002180] -> 0x3403
mem[X,0x0000000080002182] -> 0x2701
[2300] [M]: 0x0000000080002180 (0x27013403) ld x8, 0x270(x2)                        resto_Mrtn+8
mem[R,0x0000000080005270] -> 0x0000000000007F76
x8 <- 0x0000000000007F76

mem[X,0x0000000080002184] -> 0x3483
mem[X,0x0000000080002186] -> 0x2781
[2301] [M]: 0x0000000080002184 (0x27813483) ld x9, 0x278(x2)                        resto_Mrtn+12
mem[R,0x0000000080005278] -> 0x0000000000000000
x9 <- 0x0000000000000000

clint mtime 0x000000000000047F (mip.MTI <- 0b1, mip.STI <- 0b0)
mem[X,0x0000000080002188] -> 0x3503
mem[X,0x000000008000218A] -> 0x2801
[2302] [M]: 0x0000000080002188 (0x28013503) ld x10, 0x280(x2)                       resto_Mrtn+16
mem[R,0x0000000080005280] -> 0x00000000000000CF
x10 <- 0x00000000000000CF

mem[X,0x000000008000218C] -> 0x3583
mem[X,0x000000008000218E] -> 0x2881
[2303] [M]: 0x000000008000218C (0x28813583) ld x11, 0x288(x2)                       resto_Mrtn+20
mem[R,0x0000000080005288] -> 0x00000000000000CF
x11 <- 0x00000000000000CF

clint mtime 0x0000000000000480 (mip.MTI <- 0b1, mip.STI <- 0b0)
mem[X,0x0000000080002190] -> 0x3103
mem[X,0x0000000080002192] -> 0x2901
[2304] [M]: 0x0000000080002190 (0x29013103) ld x2, 0x290(x2)                        resto_Mrtn+24
mem[R,0x0000000080005290] -> 0x0000000080005000
x2 <- 0x0000000080005000

mem[X,0x0000000080002194] -> 0x0073
mem[X,0x0000000080002196] -> 0x3020
[2305] [M]: 0x0000000080002194 (0x30200073) mret                                    resto_Mrtn+28
CSR mstatus (0x300) <- 0x0000000A00000080
ret-ing from M to S

clint mtime 0x0000000000000481 (mip.MTI <- 0b1, mip.STI <- 0b0)
PTW: Start, vpn=0x30080000, access_type=X, privilege=Smem[R,0x0000000080009030] -> 0xCB00000000000000
PTW: Step, level=3, pte=0xCB00000000000000, pte_addr=0x80009030
PTW: failed, error=invalid-pte, level=3, pte_addr=0x80009030
trapping from S to M to handle fetch-page-fault
handling exc#fetch-page-fault at priv M with tval 0x0000030080000E24
CSR mstatus (0x300) <- 0x0000000A00000800
CSR mcause (0x342) <- 0x000000000000000C
CSR mtval (0x343) <- 0x0000030080000E24
CSR mepc (0x341) <- 0x0000030080000E24

mem[X,0x0000000080001D40] -> 0x006F
mem[X,0x0000000080001D42] -> 0x1000
[2307] [M]: 0x0000000080001D40 (0x1000006F) jal x0, 0x100                           Mtrampoline+0

clint mtime 0x0000000000000482 (mip.MTI <- 0b1, mip.STI <- 0b0)
mem[X,0x0000000080001E40] -> 0x1173
mem[X,0x0000000080001E42] -> 0x3401
[2308] [M]: 0x0000000080001E40 (0x34011173) csrrw x2, mscratch, x2                  trap_Mhandler+0
CSR mscratch (0x340) <- 0x0000000080005000
x2 <- 0x0000000080005000

mem[X,0x0000000080001E44] -> 0x3423
mem[X,0x0000000080001E46] -> 0x28B1
[2309] [M]: 0x0000000080001E44 (0x28B13423) sd x11, 0x288(x2)                       trap_Mhandler+4
mem[W,0x0000000080005288] <- 0x00000000000000CF

clint mtime 0x0000000000000483 (mip.MTI <- 0b1, mip.STI <- 0b0)
mem[X,0x0000000080001E48] -> 0x05EF
mem[X,0x0000000080001E4A] -> 0x0B80
[2310] [M]: 0x0000000080001E48 (0x0B8005EF) jal x11, 0xb8                           trap_Mhandler+8
x11 <- 0x0000000080001E4C

mem[X,0x0000000080001F00] -> 0x3023
mem[X,0x0000000080001F02] -> 0x28A1
[2311] [M]: 0x0000000080001F00 (0x28A13023) sd x10, 0x280(x2)                       common_Mhandler+0
mem[W,0x0000000080005280] <- 0x00000000000000CF

clint mtime 0x0000000000000484 (mip.MTI <- 0b1, mip.STI <- 0b0)
mem[X,0x0000000080001F04] -> 0x1573
mem[X,0x0000000080001F06] -> 0x3401
[2312] [M]: 0x0000000080001F04 (0x34011573) csrrw x10, mscratch, x2                 common_Mhandler+4
CSR mscratch (0x340) <- 0x0000000080005000
x10 <- 0x0000000080005000

mem[X,0x0000000080001F08] -> 0x3823
mem[X,0x0000000080001F0A] -> 0x28A1
[2313] [M]: 0x0000000080001F08 (0x28A13823) sd x10, 0x290(x2)                       common_Mhandler+8
mem[W,0x0000000080005290] <- 0x0000000080005000

clint mtime 0x0000000000000485 (mip.MTI <- 0b1, mip.STI <- 0b0)
mem[X,0x0000000080001F0C] -> 0x3503
mem[X,0x0000000080001F0E] -> 0x2301
[2314] [M]: 0x0000000080001F0C (0x23013503) ld x10, 0x230(x2)                       common_Mhandler+12
mem[R,0x0000000080005230] -> 0x0000000080001F14
x10 <- 0x0000000080001F14

mem[X,0x0000000080001F10] -> 0x0067
mem[X,0x0000000080001F12] -> 0x0005
[2315] [M]: 0x0000000080001F10 (0x00050067) jalr x0, 0x0(x10)                       common_Mhandler+16

clint mtime 0x0000000000000486 (mip.MTI <- 0b1, mip.STI <- 0b0)
mem[X,0x0000000080001F14] -> 0x3C23
mem[X,0x0000000080001F16] -> 0x2691
[2316] [M]: 0x0000000080001F14 (0x26913C23) sd x9, 0x278(x2)                        common_Mentry+0
mem[W,0x0000000080005278] <- 0x0000000000000000

mem[X,0x0000000080001F18] -> 0x3823
mem[X,0x0000000080001F1A] -> 0x2681
[2317] [M]: 0x0000000080001F18 (0x26813823) sd x8, 0x270(x2)                        common_Mentry+4
mem[W,0x0000000080005270] <- 0x0000000000007F76

clint mtime 0x0000000000000487 (mip.MTI <- 0b1, mip.STI <- 0b0)
mem[X,0x0000000080001F1C] -> 0x3423
mem[X,0x0000000080001F1E] -> 0x2671
[2318] [M]: 0x0000000080001F1C (0x26713423) sd x7, 0x268(x2)                        common_Mentry+8
mem[W,0x0000000080005268] <- 0x0000000080005000

mem[X,0x0000000080001F20] -> 0x3023
mem[X,0x0000000080001F22] -> 0x2661
[2319] [M]: 0x0000000080001F20 (0x26613023) sd x6, 0x260(x2)                        common_Mentry+12
mem[W,0x0000000080005260] <- 0x000002FFFFFFFFF8

clint mtime 0x0000000000000488 (mip.MTI <- 0b1, mip.STI <- 0b0)
mem[X,0x0000000080001F24] -> 0x2573
mem[X,0x0000000080001F26] -> 0x3420
[2320] [M]: 0x0000000080001F24 (0x34202573) csrrs x10, mcause, x0                   spcl_M2mmode_test+0
CSR mcause (0x342) -> 0x000000000000000C
x10 <- 0x000000000000000C

mem[X,0x0000000080001F28] -> 0x04B7
mem[X,0x0000000080001F2A] -> 0x8000
[2321] [M]: 0x0000000080001F28 (0x800004B7) lui x9, -0x80000                        spcl_M2mmode_test+4
x9 <- 0xFFFFFFFF80000000

clint mtime 0x0000000000000489 (mip.MTI <- 0b1, mip.STI <- 0b0)
mem[X,0x0000000080001F2C] -> 0x8493
mem[X,0x0000000080001F2E] -> 0x0004
[2322] [M]: 0x0000000080001F2C (0x00048493) addi x9, x9, 0x0                        spcl_M2mmode_test+8
x9 <- 0xFFFFFFFF80000000

mem[X,0x0000000080001F30] -> 0x9493
mem[X,0x0000000080001F32] -> 0x00B4
[2323] [M]: 0x0000000080001F30 (0x00B49493) slli x9, x9, 0xb                        spcl_M2mmode_test+12
x9 <- 0xFFFFFC0000000000

clint mtime 0x000000000000048A (mip.MTI <- 0b1, mip.STI <- 0b0)
mem[X,0x0000000080001F34] -> 0x8493
mem[X,0x0000000080001F36] -> 0x0004
[2324] [M]: 0x0000000080001F34 (0x00048493) addi x9, x9, 0x0                        spcl_M2mmode_test+16
x9 <- 0xFFFFFC0000000000

mem[X,0x0000000080001F38] -> 0x9493
mem[X,0x0000000080001F3A] -> 0x00B4
[2325] [M]: 0x0000000080001F38 (0x00B49493) slli x9, x9, 0xb                        spcl_M2mmode_test+20
x9 <- 0xFFE0000000000000

clint mtime 0x000000000000048B (mip.MTI <- 0b1, mip.STI <- 0b0)
mem[X,0x0000000080001F3C] -> 0x8493
mem[X,0x0000000080001F3E] -> 0x0034
[2326] [M]: 0x0000000080001F3C (0x00348493) addi x9, x9, 0x3                        spcl_M2mmode_test+24
x9 <- 0xFFE0000000000003

mem[X,0x0000000080001F40] -> 0x9493
mem[X,0x0000000080001F42] -> 0x00A4
[2327] [M]: 0x0000000080001F40 (0x00A49493) slli x9, x9, 0xa                        spcl_M2mmode_test+28
x9 <- 0x8000000000000C00

clint mtime 0x000000000000048C (mip.MTI <- 0b1, mip.STI <- 0b0)
mem[X,0x0000000080001F44] -> 0x8493
mem[X,0x0000000080001F46] -> 0x3FC4
[2328] [M]: 0x0000000080001F44 (0x3FC48493) addi x9, x9, 0x3fc                      spcl_M2mmode_test+32
x9 <- 0x8000000000000FFC

mem[X,0x0000000080001F48] -> 0xF4B3
mem[X,0x0000000080001F4A] -> 0x00A4
[2329] [M]: 0x0000000080001F48 (0x00A4F4B3) and x9, x9, x10                         spcl_M2mmode_test+36
x9 <- 0x000000000000000C

clint mtime 0x000000000000048D (mip.MTI <- 0b1, mip.STI <- 0b0)
mem[X,0x0000000080001F4C] -> 0x8493
mem[X,0x0000000080001F4E] -> 0xFF84
[2330] [M]: 0x0000000080001F4C (0xFF848493) addi x9, x9, -0x8                       spcl_M2mmode_test+40
x9 <- 0x0000000000000004

mem[X,0x0000000080001F50] -> 0x9663
mem[X,0x0000000080001F52] -> 0x0004
[2331] [M]: 0x0000000080001F50 (0x00049663) bne x9, x0, 0xc                         spcl_M2mmode_test+44

clint mtime 0x000000000000048E (mip.MTI <- 0b1, mip.STI <- 0b0)
mem[X,0x0000000080001F5C] -> 0x0393
mem[X,0x0000000080001F5E] -> 0x0200
[2332] [M]: 0x0000000080001F5C (0x02000393) addi x7, x0, 0x20                       Mtrapsig_ptr_upd+0
x7 <- 0x0000000000000020

mem[X,0x0000000080001F60] -> 0x5263
mem[X,0x0000000080001F62] -> 0x0405
[2333] [M]: 0x0000000080001F60 (0x04055263) bge x10, x0, 0x44                       Mtrapsig_ptr_upd+4

clint mtime 0x000000000000048F (mip.MTI <- 0b1, mip.STI <- 0b0)
mem[X,0x0000000080001FA4] -> 0x2373
mem[X,0x0000000080001FA6] -> 0x3010
[2334] [M]: 0x0000000080001FA4 (0x30102373) csrrs x6, misa, x0                      Mxcpt_sig_sv+0
CSR misa (0x301) -> 0x800000000034112F
x6 <- 0x800000000034112F

mem[X,0x0000000080001FA8] -> 0x1313
mem[X,0x0000000080001FAA] -> 0x0383
[2335] [M]: 0x0000000080001FA8 (0x03831313) slli x6, x6, 0x38                       Mxcpt_sig_sv+4
x6 <- 0x2F00000000000000

clint mtime 0x0000000000000490 (mip.MTI <- 0b1, mip.STI <- 0b0)
mem[X,0x0000000080001FAC] -> 0x5463
mem[X,0x0000000080001FAE] -> 0x0003
[2336] [M]: 0x0000000080001FAC (0x00035463) bge x6, x0, 0x8                         Mxcpt_sig_sv+8

mem[X,0x0000000080001FB4] -> 0x3303
mem[X,0x0000000080001FB6] -> 0x2181
[2337] [M]: 0x0000000080001FB4 (0x21813303) ld x6, 0x218(x2)                        Mtrap_sig_sv+0
mem[R,0x0000000080005218] -> 0x000000008000A518
x6 <- 0x000000008000A518

clint mtime 0x0000000000000491 (mip.MTI <- 0b1, mip.STI <- 0b0)
mem[X,0x0000000080001FB8] -> 0x04B3
mem[X,0x0000000080001FBA] -> 0x0073
[2338] [M]: 0x0000000080001FB8 (0x007304B3) add x9, x6, x7                          Mtrap_sig_sv+4
x9 <- 0x000000008000A538

mem[X,0x0000000080001FBC] -> 0x3C23
mem[X,0x0000000080001FBE] -> 0x2091
[2339] [M]: 0x0000000080001FBC (0x20913C23) sd x9, 0x218(x2)                        Mtrap_sig_sv+8
mem[W,0x0000000080005218] <- 0x000000008000A538

clint mtime 0x0000000000000492 (mip.MTI <- 0b1, mip.STI <- 0b0)
mem[X,0x0000000080001FC0] -> 0x3403
mem[X,0x0000000080001FC2] -> 0x1F81
[2340] [M]: 0x0000000080001FC0 (0x1F813403) ld x8, 0x1f8(x2)                        Mtrap_sig_sv+12
mem[R,0x00000000800051F8] -> 0x000000008000A110
x8 <- 0x000000008000A110

mem[X,0x0000000080001FC4] -> 0x0333
mem[X,0x0000000080001FC6] -> 0x4083
[2341] [M]: 0x0000000080001FC4 (0x40830333) sub x6, x6, x8                          Mtrap_sig_sv+16
x6 <- 0x0000000000000408

clint mtime 0x0000000000000493 (mip.MTI <- 0b1, mip.STI <- 0b0)
mem[X,0x0000000080001FC8] -> 0x3403
mem[X,0x0000000080001FCA] -> 0x1F81
[2342] [M]: 0x0000000080001FC8 (0x1F813403) ld x8, 0x1f8(x2)                        Mtrap_sig_sv+20
mem[R,0x00000000800051F8] -> 0x000000008000A110
x8 <- 0x000000008000A110

mem[X,0x0000000080001FCC] -> 0x0333
mem[X,0x0000000080001FCE] -> 0x0083
[2343] [M]: 0x0000000080001FCC (0x00830333) add x6, x6, x8                          Mtrap_sig_sv+24
x6 <- 0x000000008000A518

clint mtime 0x0000000000000494 (mip.MTI <- 0b1, mip.STI <- 0b0)
mem[X,0x0000000080001FD0] -> 0x3403
mem[X,0x0000000080001FD2] -> 0x2401
[2344] [M]: 0x0000000080001FD0 (0x24013403) ld x8, 0x240(x2)                        Mtrap_sig_sv+28
mem[R,0x0000000080005240] -> 0x0000000080001D40
x8 <- 0x0000000080001D40

mem[X,0x0000000080001FD4] -> 0x85B3
mem[X,0x0000000080001FD6] -> 0x4085
[2345] [M]: 0x0000000080001FD4 (0x408585B3) sub x11, x11, x8                        sv_Mvect+0
x11 <- 0x000000000000010C

clint mtime 0x0000000000000495 (mip.MTI <- 0b1, mip.STI <- 0b0)
mem[X,0x0000000080001FD8] -> 0x9593
mem[X,0x0000000080001FDA] -> 0x0045
[2346] [M]: 0x0000000080001FD8 (0x00459593) slli x11, x11, 0x4                      sv_Mvect+4
x11 <- 0x00000000000010C0

mem[X,0x0000000080001FDC] -> 0xE5B3
mem[X,0x0000000080001FDE] -> 0x0075
[2347] [M]: 0x0000000080001FDC (0x0075E5B3) or x11, x11, x7                         sv_Mvect+8
x11 <- 0x00000000000010E0

clint mtime 0x0000000000000496 (mip.MTI <- 0b1, mip.STI <- 0b0)
mem[X,0x0000000080001FE0] -> 0x8593
mem[X,0x0000000080001FE2] -> 0x0035
[2348] [M]: 0x0000000080001FE0 (0x00358593) addi x11, x11, 0x3                      sv_Mvect+12
x11 <- 0x00000000000010E3

mem[X,0x0000000080001FE4] -> 0x3023
mem[X,0x0000000080001FE6] -> 0x00B3
[2349] [M]: 0x0000000080001FE4 (0x00B33023) sd x11, 0x0(x6)                         sv_Mvect+16
mem[W,0x000000008000A518] <- 0x00000000000010E3

clint mtime 0x0000000000000497 (mip.MTI <- 0b1, mip.STI <- 0b0)
mem[X,0x0000000080001FE8] -> 0x3423
mem[X,0x0000000080001FEA] -> 0x00A3
[2350] [M]: 0x0000000080001FE8 (0x00A33423) sd x10, 0x8(x6)                         sv_Mcause+0
mem[W,0x000000008000A520] <- 0x000000000000000C

mem[X,0x0000000080001FEC] -> 0x4663
mem[X,0x0000000080001FEE] -> 0x1A05
[2351] [M]: 0x0000000080001FEC (0x1A054663) blt x10, x0, 0x1ac                      sv_Mcause+4

clint mtime 0x0000000000000498 (mip.MTI <- 0b1, mip.STI <- 0b0)
mem[X,0x0000000080001FF0] -> 0x25F3
mem[X,0x0000000080001FF2] -> 0x3000
[2352] [M]: 0x0000000080001FF0 (0x300025F3) csrrs x11, mstatus, x0                  common_Mexcpt_handler+0
CSR mstatus (0x300) -> 0x0000000A00000800
x11 <- 0x0000000A00000800

mem[X,0x0000000080001FF4] -> 0x9413
mem[X,0x0000000080001FF6] -> 0x02E5
[2353] [M]: 0x0000000080001FF4 (0x02E59413) slli x8, x11, 0x2e                      common_Mexcpt_handler+4
x8 <- 0x0200000000000000

clint mtime 0x0000000000000499 (mip.MTI <- 0b1, mip.STI <- 0b0)
mem[X,0x0000000080001FF8] -> 0x5463
mem[X,0x0000000080001FFA] -> 0x0004
[2354] [M]: 0x0000000080001FF8 (0x00045463) bge x8, x0, 0x8                         common_Mexcpt_handler+8

mem[X,0x0000000080002000] -> 0xD493
mem[X,0x0000000080002002] -> 0x00B5
[2355] [M]: 0x0000000080002000 (0x00B5D493) srli x9, x11, 0xb                       common_Mexcpt_handler+16
x9 <- 0x0000000001400001

clint mtime 0x000000000000049A (mip.MTI <- 0b1, mip.STI <- 0b0)
mem[X,0x0000000080002004] -> 0xF493
mem[X,0x0000000080002006] -> 0x0034
[2356] [M]: 0x0000000080002004 (0x0034F493) andi x9, x9, 0x3                        common_Mexcpt_handler+20
x9 <- 0x0000000000000001

mem[X,0x0000000080002008] -> 0x8493
mem[X,0x000000008000200A] -> 0x0014
[2357] [M]: 0x0000000080002008 (0x00148493) addi x9, x9, 0x1                        common_Mexcpt_handler+24
x9 <- 0x0000000000000002

clint mtime 0x000000000000049B (mip.MTI <- 0b1, mip.STI <- 0b0)
mem[X,0x000000008000200C] -> 0xF493
mem[X,0x000000008000200E] -> 0x0044
[2358] [M]: 0x000000008000200C (0x0044F493) andi x9, x9, 0x4                        common_Mexcpt_handler+28
x9 <- 0x0000000000000000

mem[X,0x0000000080002010] -> 0x0593
mem[X,0x0000000080002012] -> 0x05D0
[2359] [M]: 0x0000000080002010 (0x05D00593) addi x11, x0, 0x5d                      common_Mexcpt_handler+32
x11 <- 0x000000000000005D

clint mtime 0x000000000000049C (mip.MTI <- 0b1, mip.STI <- 0b0)
mem[X,0x0000000080002014] -> 0xD5B3
mem[X,0x0000000080002016] -> 0x0095
[2360] [M]: 0x0000000080002014 (0x0095D5B3) srl x11, x11, x9                        common_Mexcpt_handler+36
x11 <- 0x000000000000005D

mem[X,0x0000000080002018] -> 0xF593
mem[X,0x000000008000201A] -> 0x0015
[2361] [M]: 0x0000000080002018 (0x0015F593) andi x11, x11, 0x1                      common_Mexcpt_handler+40
x11 <- 0x0000000000000001

clint mtime 0x000000000000049D (mip.MTI <- 0b1, mip.STI <- 0b0)
mem[X,0x000000008000201C] -> 0x8EE3
mem[X,0x000000008000201E] -> 0xF405
[2362] [M]: 0x000000008000201C (0xF4058EE3) beq x11, x0, -0xa4                      common_Mexcpt_handler+44

mem[X,0x0000000080002020] -> 0x0593
mem[X,0x0000000080002022] -> 0x2980
[2363] [M]: 0x0000000080002020 (0x29800593) addi x11, x0, 0x298                     common_Mexcpt_handler+48
x11 <- 0x0000000000000298

clint mtime 0x000000000000049E (mip.MTI <- 0b1, mip.STI <- 0b0)
mem[X,0x0000000080002024] -> 0xF413
mem[X,0x0000000080002026] -> 0x0014
[2364] [M]: 0x0000000080002024 (0x0014F413) andi x8, x9, 0x1                        common_Mexcpt_handler+52
x8 <- 0x0000000000000000

mem[X,0x0000000080002028] -> 0x95B3
mem[X,0x000000008000202A] -> 0x0085
[2365] [M]: 0x0000000080002028 (0x008595B3) sll x11, x11, x8                        common_Mexcpt_handler+56
x11 <- 0x0000000000000298

clint mtime 0x000000000000049F (mip.MTI <- 0b1, mip.STI <- 0b0)
mem[X,0x000000008000202C] -> 0x9413
mem[X,0x000000008000202E] -> 0x03D4
[2366] [M]: 0x000000008000202C (0x03D49413) slli x8, x9, 0x3d                       common_Mexcpt_handler+60
x8 <- 0x0000000000000000

mem[X,0x0000000080002030] -> 0x5413
mem[X,0x0000000080002032] -> 0x43F4
[2367] [M]: 0x0000000080002030 (0x43F45413) srai x8, x8, 0x3f                       common_Mexcpt_handler+64
x8 <- 0x0000000000000000

clint mtime 0x00000000000004A0 (mip.MTI <- 0b1, mip.STI <- 0b0)
mem[X,0x0000000080002034] -> 0x4413
mem[X,0x0000000080002036] -> 0xFFF4
[2368] [M]: 0x0000000080002034 (0xFFF44413) xori x8, x8, -0x1                       common_Mexcpt_handler+68
x8 <- 0xFFFFFFFFFFFFFFFF

mem[X,0x0000000080002038] -> 0xF4B3
mem[X,0x000000008000203A] -> 0x0085
[2369] [M]: 0x0000000080002038 (0x0085F4B3) and x9, x11, x8                         common_Mexcpt_handler+72
x9 <- 0x0000000000000298

clint mtime 0x00000000000004A1 (mip.MTI <- 0b1, mip.STI <- 0b0)
mem[X,0x000000008000203C] -> 0x84B3
mem[X,0x000000008000203E] -> 0x0024
[2370] [M]: 0x000000008000203C (0x002484B3) add x9, x9, x2                          vmem_adj_Mepc+0
x9 <- 0x0000000080005298

mem[X,0x0000000080002040] -> 0x23F3
mem[X,0x0000000080002042] -> 0x3410
[2371] [M]: 0x0000000080002040 (0x341023F3) csrrs x7, mepc, x0                      vmem_adj_Mepc+4
CSR mepc (0x341) -> 0x0000030080000E24
x7 <- 0x0000030080000E24

clint mtime 0x00000000000004A2 (mip.MTI <- 0b1, mip.STI <- 0b0)
mem[X,0x0000000080002044] -> 0x0413
mem[X,0x0000000080002046] -> 0x0004
[2372] [M]: 0x0000000080002044 (0x00040413) addi x8, x8, 0x0                        vmem_adj_Mepc+8
x8 <- 0xFFFFFFFFFFFFFFFF

mem[X,0x0000000080002048] -> 0x006F
mem[X,0x000000008000204A] -> 0x0400
[2373] [M]: 0x0000000080002048 (0x0400006F) jal x0, 0x40                            vmem_adj_Mepc+12

clint mtime 0x00000000000004A3 (mip.MTI <- 0b1, mip.STI <- 0b0)
mem[X,0x0000000080002088] -> 0x8433
mem[X,0x000000008000208A] -> 0x4083
[2374] [M]: 0x0000000080002088 (0x40838433) sub x8, x7, x8                          adj_Mepc+0
x8 <- 0x0000030080000E25

mem[X,0x000000008000208C] -> 0x3823
mem[X,0x000000008000208E] -> 0x0083
[2375] [M]: 0x000000008000208C (0x00833823) sd x8, 0x10(x6)                         sv_Mepc+0
mem[W,0x000000008000A528] <- 0x0000030080000E25

clint mtime 0x00000000000004A4 (mip.MTI <- 0b1, mip.STI <- 0b0)
mem[X,0x0000000080002090] -> 0x55B7
mem[X,0x0000000080002092] -> 0x0000
[2376] [M]: 0x0000000080002090 (0x000055B7) lui x11, 0x5                            sv_Mepc+4
x11 <- 0x0000000000005000

mem[X,0x0000000080002094] -> 0x8593
mem[X,0x0000000080002096] -> 0x6675
[2377] [M]: 0x0000000080002094 (0x66758593) addi x11, x11, 0x667                    sv_Mepc+8
x11 <- 0x0000000000005667

clint mtime 0x00000000000004A5 (mip.MTI <- 0b1, mip.STI <- 0b0)
mem[X,0x0000000080002098] -> 0x9593
mem[X,0x000000008000209A] -> 0x0015
[2378] [M]: 0x0000000080002098 (0x00159593) slli x11, x11, 0x1                      sv_Mepc+12
x11 <- 0x000000000000ACCE

mem[X,0x000000008000209C] -> 0x9063
mem[X,0x000000008000209E] -> 0x02B1
[2379] [M]: 0x000000008000209C (0x02B19063) bne x3, x11, 0x20                       sv_Mepc+16

clint mtime 0x00000000000004A6 (mip.MTI <- 0b1, mip.STI <- 0b0)
mem[X,0x00000000800020BC] -> 0xF593
mem[X,0x00000000800020BE] -> 0xFFC3
[2380] [M]: 0x00000000800020BC (0xFFC3F593) andi x11, x7, -0x4                      adj_Mepc_rtn+0
x11 <- 0x0000030080000E24

mem[X,0x00000000800020C0] -> 0x8593
mem[X,0x00000000800020C2] -> 0x0085
[2381] [M]: 0x00000000800020C0 (0x00858593) addi x11, x11, 0x8                      adj_Mepc_rtn+4
x11 <- 0x0000030080000E2C

clint mtime 0x00000000000004A7 (mip.MTI <- 0b1, mip.STI <- 0b0)
mem[X,0x00000000800020C4] -> 0x9073
mem[X,0x00000000800020C6] -> 0x3415
[2382] [M]: 0x00000000800020C4 (0x34159073) csrrw x0, mepc, x11                     adj_Mepc_rtn+8
CSR mepc (0x341) <- 0x0000030080000E2C

mem[X,0x00000000800020C8] -> 0x23F3
mem[X,0x00000000800020CA] -> 0x3430
[2383] [M]: 0x00000000800020C8 (0x343023F3) csrrs x7, mtval, x0                     skp_adj_Mepc+0
CSR mtval (0x343) -> 0x0000030080000E24
x7 <- 0x0000030080000E24

clint mtime 0x00000000000004A8 (mip.MTI <- 0b1, mip.STI <- 0b0)
mem[X,0x00000000800020CC] -> 0x0413
mem[X,0x00000000800020CE] -> 0x0004
[2384] [M]: 0x00000000800020CC (0x00040413) addi x8, x8, 0x0                        skp_adj_Mepc+4
x8 <- 0x0000030080000E25

mem[X,0x00000000800020D0] -> 0x006F
mem[X,0x00000000800020D2] -> 0x0840
[2385] [M]: 0x00000000800020D0 (0x0840006F) jal x0, 0x84                            skp_adj_Mepc+8

clint mtime 0x00000000000004A9 (mip.MTI <- 0b1, mip.STI <- 0b0)
mem[X,0x0000000080002154] -> 0x8433
mem[X,0x0000000080002156] -> 0x4083
[2386] [M]: 0x0000000080002154 (0x40838433) sub x8, x7, x8                          adj_Mtval+0
x8 <- 0xFFFFFFFFFFFFFFFF

mem[X,0x0000000080002158] -> 0x3C23
mem[X,0x000000008000215A] -> 0x0083
[2387] [M]: 0x0000000080002158 (0x00833C23) sd x8, 0x18(x6)                         sv_Mtval+0
mem[W,0x000000008000A530] <- 0xFFFFFFFFFFFFFFFF

clint mtime 0x00000000000004AA (mip.MTI <- 0b1, mip.STI <- 0b0)
mem[X,0x000000008000215C] -> 0x3483
mem[X,0x000000008000215E] -> 0x2181
[2388] [M]: 0x000000008000215C (0x21813483) ld x9, 0x218(x2)                        skp_Mtval+0
mem[R,0x0000000080005218] -> 0x000000008000A538
x9 <- 0x000000008000A538

mem[X,0x0000000080002160] -> 0x3383
mem[X,0x0000000080002162] -> 0x1F81
[2389] [M]: 0x0000000080002160 (0x1F813383) ld x7, 0x1f8(x2)                        skp_Mtval+4
mem[R,0x00000000800051F8] -> 0x000000008000A110
x7 <- 0x000000008000A110

clint mtime 0x00000000000004AB (mip.MTI <- 0b1, mip.STI <- 0b0)
mem[X,0x0000000080002164] -> 0x3303
mem[X,0x0000000080002166] -> 0x2001
[2390] [M]: 0x0000000080002164 (0x20013303) ld x6, 0x200(x2)                        skp_Mtval+8
mem[R,0x0000000080005200] -> 0x0000000000000410
x6 <- 0x0000000000000410

mem[X,0x0000000080002168] -> 0x0333
mem[X,0x000000008000216A] -> 0x0073
[2391] [M]: 0x0000000080002168 (0x00730333) add x6, x6, x7                          skp_Mtval+12
x6 <- 0x000000008000A520

clint mtime 0x00000000000004AC (mip.MTI <- 0b1, mip.STI <- 0b0)
mem[X,0x000000008000216C] -> 0x6AE3
mem[X,0x000000008000216E] -> 0xAC93
[2392] [M]: 0x000000008000216C (0xAC936AE3) bltu x6, x9, -0x52c                     skp_Mtval+16

mem[X,0x0000000080001C40] -> 0x2373
mem[X,0x0000000080001C42] -> 0x3400
[2393] [M]: 0x0000000080001C40 (0x34002373) csrrs x6, mscratch, x0                  exit_Scleanup+0
CSR mscratch (0x340) -> 0x0000000080005000
x6 <- 0x0000000080005000

clint mtime 0x00000000000004AD (mip.MTI <- 0b1, mip.STI <- 0b0)
mem[X,0x0000000080001C44] -> 0x0313
mem[X,0x0000000080001C46] -> 0x2983
[2394] [M]: 0x0000000080001C44 (0x29830313) addi x6, x6, 0x298                      exit_Scleanup+4
x6 <- 0x0000000080005298

mem[X,0x0000000080001C48] -> 0x3383
mem[X,0x0000000080001C4A] -> 0x2383
[2395] [M]: 0x0000000080001C48 (0x23833383) ld x7, 0x238(x6)                        resto_Sedeleg+0
mem[R,0x00000000800054D0] -> 0x0000000000000000
x7 <- 0x0000000000000000

clint mtime 0x00000000000004AE (mip.MTI <- 0b1, mip.STI <- 0b0)
mem[X,0x0000000080001C4C] -> 0x3383
mem[X,0x0000000080001C4E] -> 0x2203
[2396] [M]: 0x0000000080001C4C (0x22033383) ld x7, 0x220(x6)                        resto_Ssatp+0
mem[R,0x00000000800054B8] -> 0x0000000000000000
x7 <- 0x0000000000000000

mem[X,0x0000000080001C50] -> 0x9073
mem[X,0x0000000080001C52] -> 0x1803
[2397] [M]: 0x0000000080001C50 (0x18039073) csrrw x0, satp, x7                      resto_Ssatp+4
CSR satp (0x180) <- 0x0000000000000000

clint mtime 0x00000000000004AF (mip.MTI <- 0b1, mip.STI <- 0b0)
mem[X,0x0000000080001C54] -> 0x3503
mem[X,0x0000000080001C56] -> 0x2503
[2398] [M]: 0x0000000080001C54 (0x25033503) ld x10, 0x250(x6)                       resto_Sscratch+0
mem[R,0x00000000800054E8] -> 0x0000000000000000
x10 <- 0x0000000000000000

mem[X,0x0000000080001C58] -> 0x1073
mem[X,0x0000000080001C5A] -> 0x1405
[2399] [M]: 0x0000000080001C58 (0x14051073) csrrw x0, sscratch, x10                 resto_Sscratch+4
CSR sscratch (0x140) <- 0x0000000000000000

clint mtime 0x00000000000004B0 (mip.MTI <- 0b1, mip.STI <- 0b0)
mem[X,0x0000000080001C5C] -> 0x3483
mem[X,0x0000000080001C5E] -> 0x2483
[2400] [M]: 0x0000000080001C5C (0x24833483) ld x9, 0x248(x6)                        resto_Sxtvec+0
mem[R,0x00000000800054E0] -> 0x0000000000000000
x9 <- 0x0000000000000000

mem[X,0x0000000080001C60] -> 0x93F3
mem[X,0x0000000080001C62] -> 0x1054
[2401] [M]: 0x0000000080001C60 (0x105493F3) csrrw x7, stvec, x9                     resto_Sxtvec+4
CSR stvec (0x105) <- 0x0000000000000000
x7 <- 0x00000000800026C0

clint mtime 0x00000000000004B1 (mip.MTI <- 0b1, mip.STI <- 0b0)
mem[X,0x0000000080001C64] -> 0xF493
mem[X,0x0000000080001C66] -> 0xFFC4
[2402] [M]: 0x0000000080001C64 (0xFFC4F493) andi x9, x9, -0x4                       resto_Sxtvec+8
x9 <- 0x0000000000000000

mem[X,0x0000000080001C68] -> 0xF393
mem[X,0x0000000080001C6A] -> 0xFFC3
[2403] [M]: 0x0000000080001C68 (0xFFC3F393) andi x7, x7, -0x4                       resto_Sxtvec+12
x7 <- 0x00000000800026C0

clint mtime 0x00000000000004B2 (mip.MTI <- 0b1, mip.STI <- 0b0)
mem[X,0x0000000080001C6C] -> 0x9063
mem[X,0x0000000080001C6E] -> 0x0274
[2404] [M]: 0x0000000080001C6C (0x02749063) bne x9, x7, 0x20                        resto_Sxtvec+16

mem[X,0x0000000080001C8C] -> 0x2373
mem[X,0x0000000080001C8E] -> 0x3400
[2405] [M]: 0x0000000080001C8C (0x34002373) csrrs x6, mscratch, x0                  rvtest_Send+0
CSR mscratch (0x340) -> 0x0000000080005000
x6 <- 0x0000000080005000

clint mtime 0x00000000000004B3 (mip.MTI <- 0b1, mip.STI <- 0b0)
mem[X,0x0000000080001C90] -> 0x3383
mem[X,0x0000000080001C92] -> 0x2383
[2406] [M]: 0x0000000080001C90 (0x23833383) ld x7, 0x238(x6)                        resto_Medeleg+0
mem[R,0x0000000080005238] -> 0x0000000000000000
x7 <- 0x0000000000000000

mem[X,0x0000000080001C94] -> 0x9073
mem[X,0x0000000080001C96] -> 0x3023
[2407] [M]: 0x0000000080001C94 (0x30239073) csrrw x0, medeleg, x7                   resto_Medeleg+4
CSR medeleg (0x302) <- 0x0000000000000000

clint mtime 0x00000000000004B4 (mip.MTI <- 0b1, mip.STI <- 0b0)
mem[X,0x0000000080001C98] -> 0x3503
mem[X,0x0000000080001C9A] -> 0x2503
[2408] [M]: 0x0000000080001C98 (0x25033503) ld x10, 0x250(x6)                       resto_Mscratch+0
mem[R,0x0000000080005250] -> 0x0000000000000000
x10 <- 0x0000000000000000

mem[X,0x0000000080001C9C] -> 0x1073
mem[X,0x0000000080001C9E] -> 0x3405
[2409] [M]: 0x0000000080001C9C (0x34051073) csrrw x0, mscratch, x10                 resto_Mscratch+4
CSR mscratch (0x340) <- 0x0000000000000000

clint mtime 0x00000000000004B5 (mip.MTI <- 0b1, mip.STI <- 0b0)
mem[X,0x0000000080001CA0] -> 0x3483
mem[X,0x0000000080001CA2] -> 0x2483
[2410] [M]: 0x0000000080001CA0 (0x24833483) ld x9, 0x248(x6)                        resto_Mxtvec+0
mem[R,0x0000000080005248] -> 0x0000000000000000
x9 <- 0x0000000000000000

mem[X,0x0000000080001CA4] -> 0x93F3
mem[X,0x0000000080001CA6] -> 0x3054
[2411] [M]: 0x0000000080001CA4 (0x305493F3) csrrw x7, mtvec, x9                     resto_Mxtvec+4
CSR mtvec (0x305) <- 0x0000000000000000
x7 <- 0x0000000080001D40

clint mtime 0x00000000000004B6 (mip.MTI <- 0b1, mip.STI <- 0b0)
mem[X,0x0000000080001CA8] -> 0xF493
mem[X,0x0000000080001CAA] -> 0xFFC4
[2412] [M]: 0x0000000080001CA8 (0xFFC4F493) andi x9, x9, -0x4                       resto_Mxtvec+8
x9 <- 0x0000000000000000

mem[X,0x0000000080001CAC] -> 0xF393
mem[X,0x0000000080001CAE] -> 0xFFC3
[2413] [M]: 0x0000000080001CAC (0xFFC3F393) andi x7, x7, -0x4                       resto_Mxtvec+12
x7 <- 0x0000000080001D40

clint mtime 0x00000000000004B7 (mip.MTI <- 0b1, mip.STI <- 0b0)
mem[X,0x0000000080001CB0] -> 0x9063
mem[X,0x0000000080001CB2] -> 0x0274
[2414] [M]: 0x0000000080001CB0 (0x02749063) bne x9, x7, 0x20                        resto_Mxtvec+16

mem[X,0x0000000080001CD0] -> 0x106F
mem[X,0x0000000080001CD2] -> 0x29C0
[2415] [M]: 0x0000000080001CD0 (0x29C0106F) jal x0, 0x129c                          rvtest_Mend+0

clint mtime 0x00000000000004B8 (mip.MTI <- 0b1, mip.STI <- 0b0)
mem[X,0x0000000080002F6C] -> 0x0093
mem[X,0x0000000080002F6E] -> 0x0010
[2416] [M]: 0x0000000080002F6C (0x00100093) addi x1, x0, 0x1                        exit_cleanup+0
x1 <- 0x0000000000000001

mem[X,0x0000000080002F70] -> 0x1397
mem[X,0x0000000080002F72] -> 0x0000
[2417] [M]: 0x0000000080002F70 (0x00001397) auipc x7, 0x1                           exit_cleanup+4
x7 <- 0x0000000080003F70

clint mtime 0x00000000000004B9 (mip.MTI <- 0b1, mip.STI <- 0b0)
mem[X,0x0000000080002F74] -> 0xA823
mem[X,0x0000000080002F76] -> 0x0813
[2418] [M]: 0x0000000080002F74 (0x0813A823) sw x1, 0x90(x7)                         exit_cleanup+8
htif[0x0000000080004000] <- 0x00000001
mem[W,0x0000000080004000] <- 0x00000001

mem[X,0x0000000080002F78] -> 0xF06F
mem[X,0x0000000080002F7A] -> 0xFF9F
[2419] [M]: 0x0000000080002F78 (0xFF9FF06F) jal x0, -0x8                            exit_cleanup+12

clint mtime 0x00000000000004BA (mip.MTI <- 0b1, mip.STI <- 0b0)
mem[X,0x0000000080002F70] -> 0x1397
mem[X,0x0000000080002F72] -> 0x0000
[2420] [M]: 0x0000000080002F70 (0x00001397) auipc x7, 0x1                           exit_cleanup+4
x7 <- 0x0000000080003F70

mem[X,0x0000000080002F74] -> 0xA823
mem[X,0x0000000080002F76] -> 0x0813
[2421] [M]: 0x0000000080002F74 (0x0813A823) sw x1, 0x90(x7)                         exit_cleanup+8
htif[0x0000000080004000] <- 0x00000001
mem[W,0x0000000080004000] <- 0x00000001

clint mtime 0x00000000000004BB (mip.MTI <- 0b1, mip.STI <- 0b0)
mem[X,0x0000000080002F78] -> 0xF06F
mem[X,0x0000000080002F7A] -> 0xFF9F
[2422] [M]: 0x0000000080002F78 (0xFF9FF06F) jal x0, -0x8                            exit_cleanup+12

mem[X,0x0000000080002F70] -> 0x1397
mem[X,0x0000000080002F72] -> 0x0000
[2423] [M]: 0x0000000080002F70 (0x00001397) auipc x7, 0x1                           exit_cleanup+4
x7 <- 0x0000000080003F70

clint mtime 0x00000000000004BC (mip.MTI <- 0b1, mip.STI <- 0b0)
mem[X,0x0000000080002F74] -> 0xA823
mem[X,0x0000000080002F76] -> 0x0813
[2424] [M]: 0x0000000080002F74 (0x0813A823) sw x1, 0x90(x7)                         exit_cleanup+8
htif[0x0000000080004000] <- 0x00000001
htif-syscall-proxy cmd: 0x000000000001
mem[W,0x0000000080004000] <- 0x00000001

SUCCESS
