using /opt/riscv-arch-test/riscof-plugins/rv64/riscof_work/vm_sv39/src/vm_VA_all_ones_S_mode.S/ref/Reference-sail_c_simulator.signature for test-signature output.
setting signature-granularity to 8 bytes
HTIF located at 0x80002000
begin_signature: 0x80009110
end_signature: 0x80009520
Entry point: 0x80000000
CSR mstatus (0x300) <- 0x0000000A00000000
CSR misa (0x301) <- 0x800000000034112F
CSR mcause (0x342) <- 0x0000000000000000
x10 <- 0x0000000000000000
x11 <- 0x0000000000001000
mem[X,0x0000000080000000] -> 0x3317
mem[X,0x0000000080000002] -> 0x0000
[0] [M]: 0x0000000080000000 (0x00003317) auipc x6, 0x3                              rvtest_init+0
x6 <- 0x0000000080003000

mem[X,0x0000000080000004] -> 0x0313
mem[X,0x0000000080000006] -> 0x0003
[1] [M]: 0x0000000080000004 (0x00030313) addi x6, x6, 0x0                           rvtest_init+4
x6 <- 0x0000000080003000

clint mtime 0x0000000000000001 (mip.MTI <- 0b1, mip.STI <- 0b0)
mem[X,0x0000000080000008] -> 0x0013
mem[X,0x000000008000000A] -> 0x0000
[2] [M]: 0x0000000080000008 (0x00000013) addi x0, x0, 0x0                           rvtest_init+8

mem[X,0x000000008000000C] -> 0x0013
mem[X,0x000000008000000E] -> 0x0000
[3] [M]: 0x000000008000000C (0x00000013) addi x0, x0, 0x0                           rvtest_init+12

clint mtime 0x0000000000000002 (mip.MTI <- 0b1, mip.STI <- 0b0)
mem[X,0x0000000080000010] -> 0x0013
mem[X,0x0000000080000012] -> 0x0000
[4] [M]: 0x0000000080000010 (0x00000013) addi x0, x0, 0x0                           rvtest_init+16

mem[X,0x0000000080000014] -> 0x0013
mem[X,0x0000000080000016] -> 0x0000
[5] [M]: 0x0000000080000014 (0x00000013) addi x0, x0, 0x0                           rvtest_init+20

clint mtime 0x0000000000000003 (mip.MTI <- 0b1, mip.STI <- 0b0)
mem[X,0x0000000080000018] -> 0x0013
mem[X,0x000000008000001A] -> 0x0000
[6] [M]: 0x0000000080000018 (0x00000013) addi x0, x0, 0x0                           rvtest_init+24

mem[X,0x000000008000001C] -> 0x0013
mem[X,0x000000008000001E] -> 0x0000
[7] [M]: 0x000000008000001C (0x00000013) addi x0, x0, 0x0                           rvtest_init+28

clint mtime 0x0000000000000004 (mip.MTI <- 0b1, mip.STI <- 0b0)
mem[X,0x0000000080000020] -> 0x1473
mem[X,0x0000000080000022] -> 0x3403
[8] [M]: 0x0000000080000020 (0x34031473) csrrw x8, mscratch, x6                     init_Mscratch+0
CSR mscratch (0x340) <- 0x0000000080003000
x8 <- 0x0000000000000000

mem[X,0x0000000080000024] -> 0x3823
mem[X,0x0000000080000026] -> 0x2483
[9] [M]: 0x0000000080000024 (0x24833823) sd x8, 0x250(x6)                           init_Mscratch+4
mem[W,0x0000000080003250] <- 0x0000000000000000

clint mtime 0x0000000000000005 (mip.MTI <- 0b1, mip.STI <- 0b0)
mem[X,0x0000000080000028] -> 0x0393
mem[X,0x000000008000002A] -> 0x0000
[10] [M]: 0x0000000080000028 (0x00000393) addi x7, x0, 0x0                          init_Medeleg+0
x7 <- 0x0000000000000000

mem[X,0x000000008000002C] -> 0x93F3
mem[X,0x000000008000002E] -> 0x3023
[11] [M]: 0x000000008000002C (0x302393F3) csrrw x7, medeleg, x7                     init_Medeleg+4
CSR medeleg (0x302) <- 0x0000000000000000
x7 <- 0x0000000000000000

clint mtime 0x0000000000000006 (mip.MTI <- 0b1, mip.STI <- 0b0)
mem[X,0x0000000080000030] -> 0x3C23
mem[X,0x0000000080000032] -> 0x2273
[12] [M]: 0x0000000080000030 (0x22733C23) sd x7, 0x238(x6)                          init_Medeleg+8
mem[W,0x0000000080003238] <- 0x0000000000000000

mem[X,0x0000000080000034] -> 0x2473
mem[X,0x0000000080000036] -> 0x3050
[13] [M]: 0x0000000080000034 (0x30502473) csrrs x8, mtvec, x0                       init_Mtvec+0
CSR mtvec (0x305) -> 0x0000000000000000
x8 <- 0x0000000000000000

clint mtime 0x0000000000000007 (mip.MTI <- 0b1, mip.STI <- 0b0)
mem[X,0x0000000080000038] -> 0x3423
mem[X,0x000000008000003A] -> 0x2483
[14] [M]: 0x0000000080000038 (0x24833423) sd x8, 0x248(x6)                          init_Mtvec+4
mem[W,0x0000000080003248] <- 0x0000000000000000

mem[X,0x000000008000003C] -> 0x7393
mem[X,0x000000008000003E] -> 0x0034
[15] [M]: 0x000000008000003C (0x00347393) andi x7, x8, 0x3                          init_Mtvec+8
x7 <- 0x0000000000000000

clint mtime 0x0000000000000008 (mip.MTI <- 0b1, mip.STI <- 0b0)
mem[X,0x0000000080000040] -> 0x3483
mem[X,0x0000000080000042] -> 0x2303
[16] [M]: 0x0000000080000040 (0x23033483) ld x9, 0x230(x6)                          init_Mtvec+12
mem[R,0x0000000080003230] -> 0x0000000080000D14
x9 <- 0x0000000080000D14

mem[X,0x0000000080000044] -> 0x8493
mem[X,0x0000000080000046] -> 0xE2C4
[17] [M]: 0x0000000080000044 (0xE2C48493) addi x9, x9, -0x1d4                       init_Mtvec+16
x9 <- 0x0000000080000B40

clint mtime 0x0000000000000009 (mip.MTI <- 0b1, mip.STI <- 0b0)
mem[X,0x0000000080000048] -> 0xE3B3
mem[X,0x000000008000004A] -> 0x0074
[18] [M]: 0x0000000080000048 (0x0074E3B3) or x7, x9, x7                             init_Mtvec+20
x7 <- 0x0000000080000B40

mem[X,0x000000008000004C] -> 0x3023
mem[X,0x000000008000004E] -> 0x2473
[19] [M]: 0x000000008000004C (0x24733023) sd x7, 0x240(x6)                          init_Mtvec+24
mem[W,0x0000000080003240] <- 0x0000000080000B40

clint mtime 0x000000000000000A (mip.MTI <- 0b1, mip.STI <- 0b0)
mem[X,0x0000000080000050] -> 0x9073
mem[X,0x0000000080000052] -> 0x3053
[20] [M]: 0x0000000080000050 (0x30539073) csrrw x0, mtvec, x7                       init_Mtvec+28
CSR mtvec (0x305) <- 0x0000000080000B40

mem[X,0x0000000080000054] -> 0x2573
mem[X,0x0000000080000056] -> 0x3050
[21] [M]: 0x0000000080000054 (0x30502573) csrrs x10, mtvec, x0                      init_Mtvec+32
CSR mtvec (0x305) -> 0x0000000080000B40
x10 <- 0x0000000080000B40

clint mtime 0x000000000000000B (mip.MTI <- 0b1, mip.STI <- 0b0)
mem[X,0x0000000080000058] -> 0x0663
mem[X,0x000000008000005A] -> 0x0875
[22] [M]: 0x0000000080000058 (0x08750663) beq x10, x7, 0x8c                         init_Mtvec+36

mem[X,0x00000000800000E4] -> 0x0013
mem[X,0x00000000800000E6] -> 0x0000
[23] [M]: 0x00000000800000E4 (0x00000013) addi x0, x0, 0x0                          rvtest_Mprolog_done+0

clint mtime 0x000000000000000C (mip.MTI <- 0b1, mip.STI <- 0b0)
mem[X,0x00000000800000E8] -> 0x0013
mem[X,0x00000000800000EA] -> 0x0000
[24] [M]: 0x00000000800000E8 (0x00000013) addi x0, x0, 0x0                          rvtest_Mprolog_done+4

mem[X,0x00000000800000EC] -> 0x0013
mem[X,0x00000000800000EE] -> 0x0000
[25] [M]: 0x00000000800000EC (0x00000013) addi x0, x0, 0x0                          rvtest_Mprolog_done+8

clint mtime 0x000000000000000D (mip.MTI <- 0b1, mip.STI <- 0b0)
mem[X,0x00000000800000F0] -> 0x0013
mem[X,0x00000000800000F2] -> 0x0000
[26] [M]: 0x00000000800000F0 (0x00000013) addi x0, x0, 0x0                          rvtest_Mprolog_done+12

mem[X,0x00000000800000F4] -> 0x0013
mem[X,0x00000000800000F6] -> 0x0000
[27] [M]: 0x00000000800000F4 (0x00000013) addi x0, x0, 0x0                          rvtest_Mprolog_done+16

clint mtime 0x000000000000000E (mip.MTI <- 0b1, mip.STI <- 0b0)
mem[X,0x00000000800000F8] -> 0x0013
mem[X,0x00000000800000FA] -> 0x0000
[28] [M]: 0x00000000800000F8 (0x00000013) addi x0, x0, 0x0                          rvtest_Mprolog_done+20

mem[X,0x00000000800000FC] -> 0x0013
mem[X,0x00000000800000FE] -> 0x0000
[29] [M]: 0x00000000800000FC (0x00000013) addi x0, x0, 0x0                          rvtest_Mprolog_done+24

clint mtime 0x000000000000000F (mip.MTI <- 0b1, mip.STI <- 0b0)
mem[X,0x0000000080000100] -> 0x3317
mem[X,0x0000000080000102] -> 0x0000
[30] [M]: 0x0000000080000100 (0x00003317) auipc x6, 0x3                             rvtest_Mprolog_done+28
x6 <- 0x0000000080003100

mem[X,0x0000000080000104] -> 0x0313
mem[X,0x0000000080000106] -> 0x1983
[31] [M]: 0x0000000080000104 (0x19830313) addi x6, x6, 0x198                        rvtest_Mprolog_done+32
x6 <- 0x0000000080003298

clint mtime 0x0000000000000010 (mip.MTI <- 0b1, mip.STI <- 0b0)
mem[X,0x0000000080000108] -> 0x0001
[32] [M]: 0x0000000080000108 (0x0001) c.nop                                         rvtest_Mprolog_done+36

mem[X,0x000000008000010A] -> 0x0013
mem[X,0x000000008000010C] -> 0x0000
[33] [M]: 0x000000008000010A (0x00000013) addi x0, x0, 0x0                          rvtest_Mprolog_done+38

clint mtime 0x0000000000000011 (mip.MTI <- 0b1, mip.STI <- 0b0)
mem[X,0x000000008000010E] -> 0x0013
mem[X,0x0000000080000110] -> 0x0000
[34] [M]: 0x000000008000010E (0x00000013) addi x0, x0, 0x0                          rvtest_Mprolog_done+42

mem[X,0x0000000080000112] -> 0x0013
mem[X,0x0000000080000114] -> 0x0000
[35] [M]: 0x0000000080000112 (0x00000013) addi x0, x0, 0x0                          rvtest_Mprolog_done+46

clint mtime 0x0000000000000012 (mip.MTI <- 0b1, mip.STI <- 0b0)
mem[X,0x0000000080000116] -> 0x0013
mem[X,0x0000000080000118] -> 0x0000
[36] [M]: 0x0000000080000116 (0x00000013) addi x0, x0, 0x0                          rvtest_Mprolog_done+50

mem[X,0x000000008000011A] -> 0x0013
mem[X,0x000000008000011C] -> 0x0000
[37] [M]: 0x000000008000011A (0x00000013) addi x0, x0, 0x0                          rvtest_Mprolog_done+54

clint mtime 0x0000000000000013 (mip.MTI <- 0b1, mip.STI <- 0b0)
mem[X,0x000000008000011E] -> 0x0001
[38] [M]: 0x000000008000011E (0x0001) c.nop                                         rvtest_Mprolog_done+58

mem[X,0x0000000080000120] -> 0x1473
mem[X,0x0000000080000122] -> 0x1403
[39] [M]: 0x0000000080000120 (0x14031473) csrrw x8, sscratch, x6                    init_Sscratch+0
CSR sscratch (0x140) <- 0x0000000080003298
x8 <- 0x0000000000000000

clint mtime 0x0000000000000014 (mip.MTI <- 0b1, mip.STI <- 0b0)
mem[X,0x0000000080000124] -> 0x3823
mem[X,0x0000000080000126] -> 0x2483
[40] [M]: 0x0000000080000124 (0x24833823) sd x8, 0x250(x6)                          init_Sscratch+4
mem[W,0x00000000800034E8] <- 0x0000000000000000

mem[X,0x0000000080000128] -> 0x0393
mem[X,0x000000008000012A] -> 0x0000
[41] [M]: 0x0000000080000128 (0x00000393) addi x7, x0, 0x0                          init_Sedeleg+0
x7 <- 0x0000000000000000

clint mtime 0x0000000000000015 (mip.MTI <- 0b1, mip.STI <- 0b0)
mem[X,0x000000008000012C] -> 0x3C23
mem[X,0x000000008000012E] -> 0x2273
[42] [M]: 0x000000008000012C (0x22733C23) sd x7, 0x238(x6)                          init_Sedeleg+4
mem[W,0x00000000800034D0] <- 0x0000000000000000

mem[X,0x0000000080000130] -> 0x0013
mem[X,0x0000000080000132] -> 0x0000
[43] [M]: 0x0000000080000130 (0x00000013) addi x0, x0, 0x0                          init_Ssatp+0

clint mtime 0x0000000000000016 (mip.MTI <- 0b1, mip.STI <- 0b0)
mem[X,0x0000000080000134] -> 0x0013
mem[X,0x0000000080000136] -> 0x0000
[44] [M]: 0x0000000080000134 (0x00000013) addi x0, x0, 0x0                          init_Ssatp+4

mem[X,0x0000000080000138] -> 0x0013
mem[X,0x000000008000013A] -> 0x0000
[45] [M]: 0x0000000080000138 (0x00000013) addi x0, x0, 0x0                          init_Ssatp+8

clint mtime 0x0000000000000017 (mip.MTI <- 0b1, mip.STI <- 0b0)
mem[X,0x000000008000013C] -> 0x0013
mem[X,0x000000008000013E] -> 0x0000
[46] [M]: 0x000000008000013C (0x00000013) addi x0, x0, 0x0                          init_Ssatp+12

mem[X,0x0000000080000140] -> 0x8497
mem[X,0x0000000080000142] -> 0x0000
[47] [M]: 0x0000000080000140 (0x00008497) auipc x9, 0x8                             init_Ssatp+16
x9 <- 0x0000000080008140

clint mtime 0x0000000000000018 (mip.MTI <- 0b1, mip.STI <- 0b0)
mem[X,0x0000000080000144] -> 0x8493
mem[X,0x0000000080000146] -> 0xEC04
[48] [M]: 0x0000000080000144 (0xEC048493) addi x9, x9, -0x140                       init_Ssatp+20
x9 <- 0x0000000080008000

mem[X,0x0000000080000148] -> 0x0001
[49] [M]: 0x0000000080000148 (0x0001) c.nop                                         init_Ssatp+24

clint mtime 0x0000000000000019 (mip.MTI <- 0b1, mip.STI <- 0b0)
mem[X,0x000000008000014A] -> 0x0013
mem[X,0x000000008000014C] -> 0x0000
[50] [M]: 0x000000008000014A (0x00000013) addi x0, x0, 0x0                          init_Ssatp+26

mem[X,0x000000008000014E] -> 0x0013
mem[X,0x0000000080000150] -> 0x0000
[51] [M]: 0x000000008000014E (0x00000013) addi x0, x0, 0x0                          init_Ssatp+30

clint mtime 0x000000000000001A (mip.MTI <- 0b1, mip.STI <- 0b0)
mem[X,0x0000000080000152] -> 0x0013
mem[X,0x0000000080000154] -> 0x0000
[52] [M]: 0x0000000080000152 (0x00000013) addi x0, x0, 0x0                          init_Ssatp+34

mem[X,0x0000000080000156] -> 0x0013
mem[X,0x0000000080000158] -> 0x0000
[53] [M]: 0x0000000080000156 (0x00000013) addi x0, x0, 0x0                          init_Ssatp+38

clint mtime 0x000000000000001B (mip.MTI <- 0b1, mip.STI <- 0b0)
mem[X,0x000000008000015A] -> 0x0013
mem[X,0x000000008000015C] -> 0x0000
[54] [M]: 0x000000008000015A (0x00000013) addi x0, x0, 0x0                          init_Ssatp+42

mem[X,0x000000008000015E] -> 0x0001
[55] [M]: 0x000000008000015E (0x0001) c.nop                                         init_Ssatp+46

clint mtime 0x000000000000001C (mip.MTI <- 0b1, mip.STI <- 0b0)
mem[X,0x0000000080000160] -> 0xD493
mem[X,0x0000000080000162] -> 0x00C4
[56] [M]: 0x0000000080000160 (0x00C4D493) srli x9, x9, 0xc                          init_Ssatp+48
x9 <- 0x0000000000080008

mem[X,0x0000000080000164] -> 0x0413
mem[X,0x0000000080000166] -> 0xFFF0
[57] [M]: 0x0000000080000164 (0xFFF00413) addi x8, x0, -0x1                         init_Ssatp+52
x8 <- 0xFFFFFFFFFFFFFFFF

clint mtime 0x000000000000001D (mip.MTI <- 0b1, mip.STI <- 0b0)
mem[X,0x0000000080000168] -> 0x1413
mem[X,0x000000008000016A] -> 0x03F4
[58] [M]: 0x0000000080000168 (0x03F41413) slli x8, x8, 0x3f                         init_Ssatp+56
x8 <- 0x8000000000000000

mem[X,0x000000008000016C] -> 0xE4B3
mem[X,0x000000008000016E] -> 0x0084
[59] [M]: 0x000000008000016C (0x0084E4B3) or x9, x9, x8                             init_Ssatp+60
x9 <- 0x8000000000080008

clint mtime 0x000000000000001E (mip.MTI <- 0b1, mip.STI <- 0b0)
mem[X,0x0000000080000170] -> 0x94F3
mem[X,0x0000000080000172] -> 0x1804
[60] [M]: 0x0000000080000170 (0x180494F3) csrrw x9, satp, x9                        init_Ssatp+64
CSR satp (0x180) <- 0x8000000000080008
x9 <- 0x0000000000000000

mem[X,0x0000000080000174] -> 0x3023
mem[X,0x0000000080000176] -> 0x2293
[61] [M]: 0x0000000080000174 (0x22933023) sd x9, 0x220(x6)                          init_Ssatp+68
mem[W,0x00000000800034B8] <- 0x0000000000000000

clint mtime 0x000000000000001F (mip.MTI <- 0b1, mip.STI <- 0b0)
mem[X,0x0000000080000178] -> 0x2473
mem[X,0x000000008000017A] -> 0x1050
[62] [M]: 0x0000000080000178 (0x10502473) csrrs x8, stvec, x0                       init_Stvec+0
CSR stvec (0x105) -> 0x0000000000000000
x8 <- 0x0000000000000000

mem[X,0x000000008000017C] -> 0x3423
mem[X,0x000000008000017E] -> 0x2483
[63] [M]: 0x000000008000017C (0x24833423) sd x8, 0x248(x6)                          init_Stvec+4
mem[W,0x00000000800034E0] <- 0x0000000000000000

clint mtime 0x0000000000000020 (mip.MTI <- 0b1, mip.STI <- 0b0)
mem[X,0x0000000080000180] -> 0x7393
mem[X,0x0000000080000182] -> 0x0034
[64] [M]: 0x0000000080000180 (0x00347393) andi x7, x8, 0x3                          init_Stvec+8
x7 <- 0x0000000000000000

mem[X,0x0000000080000184] -> 0x3483
mem[X,0x0000000080000186] -> 0x2303
[65] [M]: 0x0000000080000184 (0x23033483) ld x9, 0x230(x6)                          init_Stvec+12
mem[R,0x00000000800034C8] -> 0x0000000080001694
x9 <- 0x0000000080001694

clint mtime 0x0000000000000021 (mip.MTI <- 0b1, mip.STI <- 0b0)
mem[X,0x0000000080000188] -> 0x8493
mem[X,0x000000008000018A] -> 0xE2C4
[66] [M]: 0x0000000080000188 (0xE2C48493) addi x9, x9, -0x1d4                       init_Stvec+16
x9 <- 0x00000000800014C0

mem[X,0x000000008000018C] -> 0xE3B3
mem[X,0x000000008000018E] -> 0x0074
[67] [M]: 0x000000008000018C (0x0074E3B3) or x7, x9, x7                             init_Stvec+20
x7 <- 0x00000000800014C0

clint mtime 0x0000000000000022 (mip.MTI <- 0b1, mip.STI <- 0b0)
mem[X,0x0000000080000190] -> 0x3023
mem[X,0x0000000080000192] -> 0x2473
[68] [M]: 0x0000000080000190 (0x24733023) sd x7, 0x240(x6)                          init_Stvec+24
mem[W,0x00000000800034D8] <- 0x00000000800014C0

mem[X,0x0000000080000194] -> 0x9073
mem[X,0x0000000080000196] -> 0x1053
[69] [M]: 0x0000000080000194 (0x10539073) csrrw x0, stvec, x7                       init_Stvec+28
CSR stvec (0x105) <- 0x00000000800014C0

clint mtime 0x0000000000000023 (mip.MTI <- 0b1, mip.STI <- 0b0)
mem[X,0x0000000080000198] -> 0x2573
mem[X,0x000000008000019A] -> 0x1050
[70] [M]: 0x0000000080000198 (0x10502573) csrrs x10, stvec, x0                      init_Stvec+32
CSR stvec (0x105) -> 0x00000000800014C0
x10 <- 0x00000000800014C0

mem[X,0x000000008000019C] -> 0x0463
mem[X,0x000000008000019E] -> 0x0875
[71] [M]: 0x000000008000019C (0x08750463) beq x10, x7, 0x88                         init_Stvec+36

clint mtime 0x0000000000000024 (mip.MTI <- 0b1, mip.STI <- 0b0)
mem[X,0x0000000080000224] -> 0x0093
mem[X,0x0000000080000226] -> 0x0000
[72] [M]: 0x0000000080000224 (0x00000093) addi x1, x0, 0x0                          rvtest_entrypoint+0
x1 <- 0x0000000000000000

mem[X,0x0000000080000228] -> 0x9073
mem[X,0x000000008000022A] -> 0x3000
[73] [M]: 0x0000000080000228 (0x30009073) csrrw x0, mstatus, x1                     rvtest_entrypoint+4
CSR mstatus (0x300) <- 0x0000000A00000000

clint mtime 0x0000000000000025 (mip.MTI <- 0b1, mip.STI <- 0b0)
mem[X,0x000000008000022C] -> 0x9073
mem[X,0x000000008000022E] -> 0x3410
[74] [M]: 0x000000008000022C (0x34109073) csrrw x0, mepc, x1                        rvtest_entrypoint+8
CSR mepc (0x341) <- 0x0000000000000000

mem[X,0x0000000080000230] -> 0x9073
mem[X,0x0000000080000232] -> 0x3440
[75] [M]: 0x0000000080000230 (0x34409073) csrrw x0, mip, x1                         rvtest_entrypoint+12
CSR mip (0x344) <- 0x0000000000000080

clint mtime 0x0000000000000026 (mip.MTI <- 0b1, mip.STI <- 0b0)
mem[X,0x0000000080000234] -> 0x9073
mem[X,0x0000000080000236] -> 0x3430
[76] [M]: 0x0000000080000234 (0x34309073) csrrw x0, mtval, x1                       rvtest_entrypoint+16
CSR mtval (0x343) <- 0x0000000000000000

mem[X,0x0000000080000238] -> 0x9073
mem[X,0x000000008000023A] -> 0x3420
[77] [M]: 0x0000000080000238 (0x34209073) csrrw x0, mcause, x1                      rvtest_entrypoint+20
CSR mcause (0x342) <- 0x0000000000000000

clint mtime 0x0000000000000027 (mip.MTI <- 0b1, mip.STI <- 0b0)
mem[X,0x000000008000023C] -> 0x0837
mem[X,0x000000008000023E] -> 0x7D5C
[78] [M]: 0x000000008000023C (0x7D5C0837) lui x16, 0x7d5c0                          rvtest_entrypoint+24
x16 <- 0x000000007D5C0000

mem[X,0x0000000080000240] -> 0x0813
mem[X,0x0000000080000242] -> 0xDDB8
[79] [M]: 0x0000000080000240 (0xDDB80813) addi x16, x16, -0x225                     rvtest_entrypoint+28
x16 <- 0x000000007D5BFDDB

clint mtime 0x0000000000000028 (mip.MTI <- 0b1, mip.STI <- 0b0)
mem[X,0x0000000080000244] -> 0x1813
mem[X,0x0000000080000246] -> 0x00B8
[80] [M]: 0x0000000080000244 (0x00B81813) slli x16, x16, 0xb                        rvtest_entrypoint+32
x16 <- 0x000003EADFEED800

mem[X,0x0000000080000248] -> 0x0813
mem[X,0x000000008000024A] -> 0x3EA8
[81] [M]: 0x0000000080000248 (0x3EA80813) addi x16, x16, 0x3ea                      rvtest_entrypoint+36
x16 <- 0x000003EADFEEDBEA

clint mtime 0x0000000000000029 (mip.MTI <- 0b1, mip.STI <- 0b0)
mem[X,0x000000008000024C] -> 0x1813
mem[X,0x000000008000024E] -> 0x00B8
[82] [M]: 0x000000008000024C (0x00B81813) slli x16, x16, 0xb                        rvtest_entrypoint+40
x16 <- 0x001F56FF76DF5000

mem[X,0x0000000080000250] -> 0x0813
mem[X,0x0000000080000252] -> 0x6FF8
[83] [M]: 0x0000000080000250 (0x6FF80813) addi x16, x16, 0x6ff                      rvtest_entrypoint+44
x16 <- 0x001F56FF76DF56FF

clint mtime 0x000000000000002A (mip.MTI <- 0b1, mip.STI <- 0b0)
mem[X,0x0000000080000254] -> 0x1813
mem[X,0x0000000080000256] -> 0x00A8
[84] [M]: 0x0000000080000254 (0x00A81813) slli x16, x16, 0xa                        rvtest_entrypoint+48
x16 <- 0x7D5BFDDB7D5BFC00

mem[X,0x0000000080000258] -> 0x0813
mem[X,0x000000008000025A] -> 0x1DB8
[85] [M]: 0x0000000080000258 (0x1DB80813) addi x16, x16, 0x1db                      rvtest_entrypoint+52
x16 <- 0x7D5BFDDB7D5BFDDB

clint mtime 0x000000000000002B (mip.MTI <- 0b1, mip.STI <- 0b0)
mem[X,0x000000008000025C] -> 0x5893
mem[X,0x000000008000025E] -> 0x0078
[86] [M]: 0x000000008000025C (0x00785893) srli x17, x16, 0x7                        rvtest_entrypoint+56
x17 <- 0x00FAB7FBB6FAB7FB

mem[X,0x0000000080000260] -> 0x5793
mem[X,0x0000000080000262] -> 0x0398
[87] [M]: 0x0000000080000260 (0x03985793) srli x15, x16, 0x39                       rvtest_entrypoint+60
x15 <- 0x000000000000003E

clint mtime 0x000000000000002C (mip.MTI <- 0b1, mip.STI <- 0b0)
mem[X,0x0000000080000264] -> 0xE8B3
mem[X,0x0000000080000266] -> 0x00F8
[88] [M]: 0x0000000080000264 (0x00F8E8B3) or x17, x17, x15                          rvtest_entrypoint+64
x17 <- 0x00FAB7FBB6FAB7FF

mem[X,0x0000000080000268] -> 0xD913
mem[X,0x000000008000026A] -> 0x0078
[89] [M]: 0x0000000080000268 (0x0078D913) srli x18, x17, 0x7                        rvtest_entrypoint+68
x18 <- 0x0001F56FF76DF56F

clint mtime 0x000000000000002D (mip.MTI <- 0b1, mip.STI <- 0b0)
mem[X,0x000000008000026C] -> 0xD793
mem[X,0x000000008000026E] -> 0x0398
[90] [M]: 0x000000008000026C (0x0398D793) srli x15, x17, 0x39                       rvtest_entrypoint+72
x15 <- 0x0000000000000000

mem[X,0x0000000080000270] -> 0x6933
mem[X,0x0000000080000272] -> 0x00F9
[91] [M]: 0x0000000080000270 (0x00F96933) or x18, x18, x15                          rvtest_entrypoint+76
x18 <- 0x0001F56FF76DF56F

clint mtime 0x000000000000002E (mip.MTI <- 0b1, mip.STI <- 0b0)
mem[X,0x0000000080000274] -> 0x5993
mem[X,0x0000000080000276] -> 0x0079
[92] [M]: 0x0000000080000274 (0x00795993) srli x19, x18, 0x7                        rvtest_entrypoint+80
x19 <- 0x000003EADFEEDBEA

mem[X,0x0000000080000278] -> 0x5793
mem[X,0x000000008000027A] -> 0x0399
[93] [M]: 0x0000000080000278 (0x03995793) srli x15, x18, 0x39                       rvtest_entrypoint+84
x15 <- 0x0000000000000000

clint mtime 0x000000000000002F (mip.MTI <- 0b1, mip.STI <- 0b0)
mem[X,0x000000008000027C] -> 0xE9B3
mem[X,0x000000008000027E] -> 0x00F9
[94] [M]: 0x000000008000027C (0x00F9E9B3) or x19, x19, x15                          rvtest_entrypoint+88
x19 <- 0x000003EADFEEDBEA

mem[X,0x0000000080000280] -> 0xDA13
mem[X,0x0000000080000282] -> 0x0079
[95] [M]: 0x0000000080000280 (0x0079DA13) srli x20, x19, 0x7                        rvtest_entrypoint+92
x20 <- 0x00000007D5BFDDB7

clint mtime 0x0000000000000030 (mip.MTI <- 0b1, mip.STI <- 0b0)
mem[X,0x0000000080000284] -> 0xD793
mem[X,0x0000000080000286] -> 0x0399
[96] [M]: 0x0000000080000284 (0x0399D793) srli x15, x19, 0x39                       rvtest_entrypoint+96
x15 <- 0x0000000000000000

mem[X,0x0000000080000288] -> 0x6A33
mem[X,0x000000008000028A] -> 0x00FA
[97] [M]: 0x0000000080000288 (0x00FA6A33) or x20, x20, x15                          rvtest_entrypoint+100
x20 <- 0x00000007D5BFDDB7

clint mtime 0x0000000000000031 (mip.MTI <- 0b1, mip.STI <- 0b0)
mem[X,0x000000008000028C] -> 0x5A93
mem[X,0x000000008000028E] -> 0x007A
[98] [M]: 0x000000008000028C (0x007A5A93) srli x21, x20, 0x7                        rvtest_entrypoint+104
x21 <- 0x000000000FAB7FBB

mem[X,0x0000000080000290] -> 0x5793
mem[X,0x0000000080000292] -> 0x039A
[99] [M]: 0x0000000080000290 (0x039A5793) srli x15, x20, 0x39                       rvtest_entrypoint+108
x15 <- 0x0000000000000000

clint mtime 0x0000000000000032 (mip.MTI <- 0b1, mip.STI <- 0b0)
mem[X,0x0000000080000294] -> 0xEAB3
mem[X,0x0000000080000296] -> 0x00FA
[100] [M]: 0x0000000080000294 (0x00FAEAB3) or x21, x21, x15                         rvtest_entrypoint+112
x21 <- 0x000000000FAB7FBB

mem[X,0x0000000080000298] -> 0xDB13
mem[X,0x000000008000029A] -> 0x007A
[101] [M]: 0x0000000080000298 (0x007ADB13) srli x22, x21, 0x7                       rvtest_entrypoint+116
x22 <- 0x00000000001F56FF

clint mtime 0x0000000000000033 (mip.MTI <- 0b1, mip.STI <- 0b0)
mem[X,0x000000008000029C] -> 0xD793
mem[X,0x000000008000029E] -> 0x039A
[102] [M]: 0x000000008000029C (0x039AD793) srli x15, x21, 0x39                      rvtest_entrypoint+120
x15 <- 0x0000000000000000

mem[X,0x00000000800002A0] -> 0x6B33
mem[X,0x00000000800002A2] -> 0x00FB
[103] [M]: 0x00000000800002A0 (0x00FB6B33) or x22, x22, x15                         rvtest_entrypoint+124
x22 <- 0x00000000001F56FF

clint mtime 0x0000000000000034 (mip.MTI <- 0b1, mip.STI <- 0b0)
mem[X,0x00000000800002A4] -> 0x5B93
mem[X,0x00000000800002A6] -> 0x007B
[104] [M]: 0x00000000800002A4 (0x007B5B93) srli x23, x22, 0x7                       rvtest_entrypoint+128
x23 <- 0x0000000000003EAD

mem[X,0x00000000800002A8] -> 0x5793
mem[X,0x00000000800002AA] -> 0x039B
[105] [M]: 0x00000000800002A8 (0x039B5793) srli x15, x22, 0x39                      rvtest_entrypoint+132
x15 <- 0x0000000000000000

clint mtime 0x0000000000000035 (mip.MTI <- 0b1, mip.STI <- 0b0)
mem[X,0x00000000800002AC] -> 0xEBB3
mem[X,0x00000000800002AE] -> 0x00FB
[106] [M]: 0x00000000800002AC (0x00FBEBB3) or x23, x23, x15                         rvtest_entrypoint+136
x23 <- 0x0000000000003EAD

mem[X,0x00000000800002B0] -> 0xDC13
mem[X,0x00000000800002B2] -> 0x007B
[107] [M]: 0x00000000800002B0 (0x007BDC13) srli x24, x23, 0x7                       rvtest_entrypoint+140
x24 <- 0x000000000000007D

clint mtime 0x0000000000000036 (mip.MTI <- 0b1, mip.STI <- 0b0)
mem[X,0x00000000800002B4] -> 0xD793
mem[X,0x00000000800002B6] -> 0x039B
[108] [M]: 0x00000000800002B4 (0x039BD793) srli x15, x23, 0x39                      rvtest_entrypoint+144
x15 <- 0x0000000000000000

mem[X,0x00000000800002B8] -> 0x6C33
mem[X,0x00000000800002BA] -> 0x00FC
[109] [M]: 0x00000000800002B8 (0x00FC6C33) or x24, x24, x15                         rvtest_entrypoint+148
x24 <- 0x000000000000007D

clint mtime 0x0000000000000037 (mip.MTI <- 0b1, mip.STI <- 0b0)
mem[X,0x00000000800002BC] -> 0x5C93
mem[X,0x00000000800002BE] -> 0x007C
[110] [M]: 0x00000000800002BC (0x007C5C93) srli x25, x24, 0x7                       rvtest_entrypoint+152
x25 <- 0x0000000000000000

mem[X,0x00000000800002C0] -> 0x5793
mem[X,0x00000000800002C2] -> 0x039C
[111] [M]: 0x00000000800002C0 (0x039C5793) srli x15, x24, 0x39                      rvtest_entrypoint+156
x15 <- 0x0000000000000000

clint mtime 0x0000000000000038 (mip.MTI <- 0b1, mip.STI <- 0b0)
mem[X,0x00000000800002C4] -> 0xECB3
mem[X,0x00000000800002C6] -> 0x00FC
[112] [M]: 0x00000000800002C4 (0x00FCECB3) or x25, x25, x15                         rvtest_entrypoint+160
x25 <- 0x0000000000000000

mem[X,0x00000000800002C8] -> 0xDD13
mem[X,0x00000000800002CA] -> 0x007C
[113] [M]: 0x00000000800002C8 (0x007CDD13) srli x26, x25, 0x7                       rvtest_entrypoint+164
x26 <- 0x0000000000000000

clint mtime 0x0000000000000039 (mip.MTI <- 0b1, mip.STI <- 0b0)
mem[X,0x00000000800002CC] -> 0xD793
mem[X,0x00000000800002CE] -> 0x039C
[114] [M]: 0x00000000800002CC (0x039CD793) srli x15, x25, 0x39                      rvtest_entrypoint+168
x15 <- 0x0000000000000000

mem[X,0x00000000800002D0] -> 0x6D33
mem[X,0x00000000800002D2] -> 0x00FD
[115] [M]: 0x00000000800002D0 (0x00FD6D33) or x26, x26, x15                         rvtest_entrypoint+172
x26 <- 0x0000000000000000

clint mtime 0x000000000000003A (mip.MTI <- 0b1, mip.STI <- 0b0)
mem[X,0x00000000800002D4] -> 0x5D93
mem[X,0x00000000800002D6] -> 0x007D
[116] [M]: 0x00000000800002D4 (0x007D5D93) srli x27, x26, 0x7                       rvtest_entrypoint+176
x27 <- 0x0000000000000000

mem[X,0x00000000800002D8] -> 0x5793
mem[X,0x00000000800002DA] -> 0x039D
[117] [M]: 0x00000000800002D8 (0x039D5793) srli x15, x26, 0x39                      rvtest_entrypoint+180
x15 <- 0x0000000000000000

clint mtime 0x000000000000003B (mip.MTI <- 0b1, mip.STI <- 0b0)
mem[X,0x00000000800002DC] -> 0xEDB3
mem[X,0x00000000800002DE] -> 0x00FD
[118] [M]: 0x00000000800002DC (0x00FDEDB3) or x27, x27, x15                         rvtest_entrypoint+184
x27 <- 0x0000000000000000

mem[X,0x00000000800002E0] -> 0xDE13
mem[X,0x00000000800002E2] -> 0x007D
[119] [M]: 0x00000000800002E0 (0x007DDE13) srli x28, x27, 0x7                       rvtest_entrypoint+188
x28 <- 0x0000000000000000

clint mtime 0x000000000000003C (mip.MTI <- 0b1, mip.STI <- 0b0)
mem[X,0x00000000800002E4] -> 0xD793
mem[X,0x00000000800002E6] -> 0x039D
[120] [M]: 0x00000000800002E4 (0x039DD793) srli x15, x27, 0x39                      rvtest_entrypoint+192
x15 <- 0x0000000000000000

mem[X,0x00000000800002E8] -> 0x6E33
mem[X,0x00000000800002EA] -> 0x00FE
[121] [M]: 0x00000000800002E8 (0x00FE6E33) or x28, x28, x15                         rvtest_entrypoint+196
x28 <- 0x0000000000000000

clint mtime 0x000000000000003D (mip.MTI <- 0b1, mip.STI <- 0b0)
mem[X,0x00000000800002EC] -> 0x5E93
mem[X,0x00000000800002EE] -> 0x007E
[122] [M]: 0x00000000800002EC (0x007E5E93) srli x29, x28, 0x7                       rvtest_entrypoint+200
x29 <- 0x0000000000000000

mem[X,0x00000000800002F0] -> 0x5793
mem[X,0x00000000800002F2] -> 0x039E
[123] [M]: 0x00000000800002F0 (0x039E5793) srli x15, x28, 0x39                      rvtest_entrypoint+204
x15 <- 0x0000000000000000

clint mtime 0x000000000000003E (mip.MTI <- 0b1, mip.STI <- 0b0)
mem[X,0x00000000800002F4] -> 0xEEB3
mem[X,0x00000000800002F6] -> 0x00FE
[124] [M]: 0x00000000800002F4 (0x00FEEEB3) or x29, x29, x15                         rvtest_entrypoint+208
x29 <- 0x0000000000000000

mem[X,0x00000000800002F8] -> 0xDF13
mem[X,0x00000000800002FA] -> 0x007E
[125] [M]: 0x00000000800002F8 (0x007EDF13) srli x30, x29, 0x7                       rvtest_entrypoint+212
x30 <- 0x0000000000000000

clint mtime 0x000000000000003F (mip.MTI <- 0b1, mip.STI <- 0b0)
mem[X,0x00000000800002FC] -> 0xD793
mem[X,0x00000000800002FE] -> 0x039E
[126] [M]: 0x00000000800002FC (0x039ED793) srli x15, x29, 0x39                      rvtest_entrypoint+216
x15 <- 0x0000000000000000

mem[X,0x0000000080000300] -> 0x6F33
mem[X,0x0000000080000302] -> 0x00FF
[127] [M]: 0x0000000080000300 (0x00FF6F33) or x30, x30, x15                         rvtest_entrypoint+220
x30 <- 0x0000000000000000

clint mtime 0x0000000000000040 (mip.MTI <- 0b1, mip.STI <- 0b0)
mem[X,0x0000000080000304] -> 0xC0B7
mem[X,0x0000000080000306] -> 0xFEED
[128] [M]: 0x0000000080000304 (0xFEEDC0B7) lui x1, -0x1124                          rvtest_entrypoint+224
x1 <- 0xFFFFFFFFFEEDC000

mem[X,0x0000000080000308] -> 0x8093
mem[X,0x000000008000030A] -> 0xEAD0
[129] [M]: 0x0000000080000308 (0xEAD08093) addi x1, x1, -0x153                      rvtest_entrypoint+228
x1 <- 0xFFFFFFFFFEEDBEAD

clint mtime 0x0000000000000041 (mip.MTI <- 0b1, mip.STI <- 0b0)
mem[X,0x000000008000030C] -> 0x9093
mem[X,0x000000008000030E] -> 0x00B0
[130] [M]: 0x000000008000030C (0x00B09093) slli x1, x1, 0xb                         rvtest_entrypoint+232
x1 <- 0xFFFFFFF76DF56800

mem[X,0x0000000080000310] -> 0x8093
mem[X,0x0000000080000312] -> 0x7F70
[131] [M]: 0x0000000080000310 (0x7F708093) addi x1, x1, 0x7f7                       rvtest_entrypoint+236
x1 <- 0xFFFFFFF76DF56FF7

clint mtime 0x0000000000000042 (mip.MTI <- 0b1, mip.STI <- 0b0)
mem[X,0x0000000080000314] -> 0x9093
mem[X,0x0000000080000316] -> 0x00B0
[132] [M]: 0x0000000080000314 (0x00B09093) slli x1, x1, 0xb                         rvtest_entrypoint+240
x1 <- 0xFFFFBB6FAB7FB800

mem[X,0x0000000080000318] -> 0x8093
mem[X,0x000000008000031A] -> 0x36F0
[133] [M]: 0x0000000080000318 (0x36F08093) addi x1, x1, 0x36f                       rvtest_entrypoint+244
x1 <- 0xFFFFBB6FAB7FBB6F

clint mtime 0x0000000000000043 (mip.MTI <- 0b1, mip.STI <- 0b0)
mem[X,0x000000008000031C] -> 0x9093
mem[X,0x000000008000031E] -> 0x00A0
[134] [M]: 0x000000008000031C (0x00A09093) slli x1, x1, 0xa                         rvtest_entrypoint+248
x1 <- 0xFEEDBEADFEEDBC00

mem[X,0x0000000080000320] -> 0x8093
mem[X,0x0000000080000322] -> 0x2AD0
[135] [M]: 0x0000000080000320 (0x2AD08093) addi x1, x1, 0x2ad                       rvtest_entrypoint+252
x1 <- 0xFEEDBEADFEEDBEAD

clint mtime 0x0000000000000044 (mip.MTI <- 0b1, mip.STI <- 0b0)
mem[X,0x0000000080000324] -> 0xD113
mem[X,0x0000000080000326] -> 0x0070
[136] [M]: 0x0000000080000324 (0x0070D113) srli x2, x1, 0x7                         rvtest_entrypoint+256
x2 <- 0x01FDDB7D5BFDDB7D

mem[X,0x0000000080000328] -> 0xD793
mem[X,0x000000008000032A] -> 0x0390
[137] [M]: 0x0000000080000328 (0x0390D793) srli x15, x1, 0x39                       rvtest_entrypoint+260
x15 <- 0x000000000000007F

clint mtime 0x0000000000000045 (mip.MTI <- 0b1, mip.STI <- 0b0)
mem[X,0x000000008000032C] -> 0x6133
mem[X,0x000000008000032E] -> 0x00F1
[138] [M]: 0x000000008000032C (0x00F16133) or x2, x2, x15                           rvtest_entrypoint+264
x2 <- 0x01FDDB7D5BFDDB7F

mem[X,0x0000000080000330] -> 0x5193
mem[X,0x0000000080000332] -> 0x0071
[139] [M]: 0x0000000080000330 (0x00715193) srli x3, x2, 0x7                         rvtest_entrypoint+268
x3 <- 0x0003FBB6FAB7FBB6

clint mtime 0x0000000000000046 (mip.MTI <- 0b1, mip.STI <- 0b0)
mem[X,0x0000000080000334] -> 0x5793
mem[X,0x0000000080000336] -> 0x0391
[140] [M]: 0x0000000080000334 (0x03915793) srli x15, x2, 0x39                       rvtest_entrypoint+272
x15 <- 0x0000000000000000

mem[X,0x0000000080000338] -> 0xE1B3
mem[X,0x000000008000033A] -> 0x00F1
[141] [M]: 0x0000000080000338 (0x00F1E1B3) or x3, x3, x15                           rvtest_entrypoint+276
x3 <- 0x0003FBB6FAB7FBB6

clint mtime 0x0000000000000047 (mip.MTI <- 0b1, mip.STI <- 0b0)
mem[X,0x000000008000033C] -> 0xD213
mem[X,0x000000008000033E] -> 0x0071
[142] [M]: 0x000000008000033C (0x0071D213) srli x4, x3, 0x7                         rvtest_entrypoint+280
x4 <- 0x000007F76DF56FF7

mem[X,0x0000000080000340] -> 0xD793
mem[X,0x0000000080000342] -> 0x0391
[143] [M]: 0x0000000080000340 (0x0391D793) srli x15, x3, 0x39                       rvtest_entrypoint+284
x15 <- 0x0000000000000000

clint mtime 0x0000000000000048 (mip.MTI <- 0b1, mip.STI <- 0b0)
mem[X,0x0000000080000344] -> 0x6233
mem[X,0x0000000080000346] -> 0x00F2
[144] [M]: 0x0000000080000344 (0x00F26233) or x4, x4, x15                           rvtest_entrypoint+288
x4 <- 0x000007F76DF56FF7

mem[X,0x0000000080000348] -> 0x5293
mem[X,0x000000008000034A] -> 0x0072
[145] [M]: 0x0000000080000348 (0x00725293) srli x5, x4, 0x7                         rvtest_entrypoint+292
x5 <- 0x0000000FEEDBEADF

clint mtime 0x0000000000000049 (mip.MTI <- 0b1, mip.STI <- 0b0)
mem[X,0x000000008000034C] -> 0x5793
mem[X,0x000000008000034E] -> 0x0392
[146] [M]: 0x000000008000034C (0x03925793) srli x15, x4, 0x39                       rvtest_entrypoint+296
x15 <- 0x0000000000000000

mem[X,0x0000000080000350] -> 0xE2B3
mem[X,0x0000000080000352] -> 0x00F2
[147] [M]: 0x0000000080000350 (0x00F2E2B3) or x5, x5, x15                           rvtest_entrypoint+300
x5 <- 0x0000000FEEDBEADF

clint mtime 0x000000000000004A (mip.MTI <- 0b1, mip.STI <- 0b0)
mem[X,0x0000000080000354] -> 0xD313
mem[X,0x0000000080000356] -> 0x0072
[148] [M]: 0x0000000080000354 (0x0072D313) srli x6, x5, 0x7                         rvtest_entrypoint+304
x6 <- 0x000000001FDDB7D5

mem[X,0x0000000080000358] -> 0xD793
mem[X,0x000000008000035A] -> 0x0392
[149] [M]: 0x0000000080000358 (0x0392D793) srli x15, x5, 0x39                       rvtest_entrypoint+308
x15 <- 0x0000000000000000

clint mtime 0x000000000000004B (mip.MTI <- 0b1, mip.STI <- 0b0)
mem[X,0x000000008000035C] -> 0x6333
mem[X,0x000000008000035E] -> 0x00F3
[150] [M]: 0x000000008000035C (0x00F36333) or x6, x6, x15                           rvtest_entrypoint+312
x6 <- 0x000000001FDDB7D5

mem[X,0x0000000080000360] -> 0x5393
mem[X,0x0000000080000362] -> 0x0073
[151] [M]: 0x0000000080000360 (0x00735393) srli x7, x6, 0x7                         rvtest_entrypoint+316
x7 <- 0x00000000003FBB6F

clint mtime 0x000000000000004C (mip.MTI <- 0b1, mip.STI <- 0b0)
mem[X,0x0000000080000364] -> 0x5793
mem[X,0x0000000080000366] -> 0x0393
[152] [M]: 0x0000000080000364 (0x03935793) srli x15, x6, 0x39                       rvtest_entrypoint+320
x15 <- 0x0000000000000000

mem[X,0x0000000080000368] -> 0xE3B3
mem[X,0x000000008000036A] -> 0x00F3
[153] [M]: 0x0000000080000368 (0x00F3E3B3) or x7, x7, x15                           rvtest_entrypoint+324
x7 <- 0x00000000003FBB6F

clint mtime 0x000000000000004D (mip.MTI <- 0b1, mip.STI <- 0b0)
mem[X,0x000000008000036C] -> 0xD413
mem[X,0x000000008000036E] -> 0x0073
[154] [M]: 0x000000008000036C (0x0073D413) srli x8, x7, 0x7                         rvtest_entrypoint+328
x8 <- 0x0000000000007F76

mem[X,0x0000000080000370] -> 0xD793
mem[X,0x0000000080000372] -> 0x0393
[155] [M]: 0x0000000080000370 (0x0393D793) srli x15, x7, 0x39                       rvtest_entrypoint+332
x15 <- 0x0000000000000000

clint mtime 0x000000000000004E (mip.MTI <- 0b1, mip.STI <- 0b0)
mem[X,0x0000000080000374] -> 0x6433
mem[X,0x0000000080000376] -> 0x00F4
[156] [M]: 0x0000000080000374 (0x00F46433) or x8, x8, x15                           rvtest_entrypoint+336
x8 <- 0x0000000000007F76

mem[X,0x0000000080000378] -> 0x5493
mem[X,0x000000008000037A] -> 0x0074
[157] [M]: 0x0000000080000378 (0x00745493) srli x9, x8, 0x7                         rvtest_entrypoint+340
x9 <- 0x00000000000000FE

clint mtime 0x000000000000004F (mip.MTI <- 0b1, mip.STI <- 0b0)
mem[X,0x000000008000037C] -> 0x5793
mem[X,0x000000008000037E] -> 0x0394
[158] [M]: 0x000000008000037C (0x03945793) srli x15, x8, 0x39                       rvtest_entrypoint+344
x15 <- 0x0000000000000000

mem[X,0x0000000080000380] -> 0xE4B3
mem[X,0x0000000080000382] -> 0x00F4
[159] [M]: 0x0000000080000380 (0x00F4E4B3) or x9, x9, x15                           rvtest_entrypoint+348
x9 <- 0x00000000000000FE

clint mtime 0x0000000000000050 (mip.MTI <- 0b1, mip.STI <- 0b0)
mem[X,0x0000000080000384] -> 0xD513
mem[X,0x0000000080000386] -> 0x0074
[160] [M]: 0x0000000080000384 (0x0074D513) srli x10, x9, 0x7                        rvtest_entrypoint+352
x10 <- 0x0000000000000001

mem[X,0x0000000080000388] -> 0xD793
mem[X,0x000000008000038A] -> 0x0394
[161] [M]: 0x0000000080000388 (0x0394D793) srli x15, x9, 0x39                       rvtest_entrypoint+356
x15 <- 0x0000000000000000

clint mtime 0x0000000000000051 (mip.MTI <- 0b1, mip.STI <- 0b0)
mem[X,0x000000008000038C] -> 0x6533
mem[X,0x000000008000038E] -> 0x00F5
[162] [M]: 0x000000008000038C (0x00F56533) or x10, x10, x15                         rvtest_entrypoint+360
x10 <- 0x0000000000000001

mem[X,0x0000000080000390] -> 0x5593
mem[X,0x0000000080000392] -> 0x0075
[163] [M]: 0x0000000080000390 (0x00755593) srli x11, x10, 0x7                       rvtest_entrypoint+364
x11 <- 0x0000000000000000

clint mtime 0x0000000000000052 (mip.MTI <- 0b1, mip.STI <- 0b0)
mem[X,0x0000000080000394] -> 0x5793
mem[X,0x0000000080000396] -> 0x0395
[164] [M]: 0x0000000080000394 (0x03955793) srli x15, x10, 0x39                      rvtest_entrypoint+368
x15 <- 0x0000000000000000

mem[X,0x0000000080000398] -> 0xE5B3
mem[X,0x000000008000039A] -> 0x00F5
[165] [M]: 0x0000000080000398 (0x00F5E5B3) or x11, x11, x15                         rvtest_entrypoint+372
x11 <- 0x0000000000000000

clint mtime 0x0000000000000053 (mip.MTI <- 0b1, mip.STI <- 0b0)
mem[X,0x000000008000039C] -> 0xD613
mem[X,0x000000008000039E] -> 0x0075
[166] [M]: 0x000000008000039C (0x0075D613) srli x12, x11, 0x7                       rvtest_entrypoint+376
x12 <- 0x0000000000000000

mem[X,0x00000000800003A0] -> 0xD793
mem[X,0x00000000800003A2] -> 0x0395
[167] [M]: 0x00000000800003A0 (0x0395D793) srli x15, x11, 0x39                      rvtest_entrypoint+380
x15 <- 0x0000000000000000

clint mtime 0x0000000000000054 (mip.MTI <- 0b1, mip.STI <- 0b0)
mem[X,0x00000000800003A4] -> 0x6633
mem[X,0x00000000800003A6] -> 0x00F6
[168] [M]: 0x00000000800003A4 (0x00F66633) or x12, x12, x15                         rvtest_entrypoint+384
x12 <- 0x0000000000000000

mem[X,0x00000000800003A8] -> 0x5693
mem[X,0x00000000800003AA] -> 0x0076
[169] [M]: 0x00000000800003A8 (0x00765693) srli x13, x12, 0x7                       rvtest_entrypoint+388
x13 <- 0x0000000000000000

clint mtime 0x0000000000000055 (mip.MTI <- 0b1, mip.STI <- 0b0)
mem[X,0x00000000800003AC] -> 0x5793
mem[X,0x00000000800003AE] -> 0x0396
[170] [M]: 0x00000000800003AC (0x03965793) srli x15, x12, 0x39                      rvtest_entrypoint+392
x15 <- 0x0000000000000000

mem[X,0x00000000800003B0] -> 0xE6B3
mem[X,0x00000000800003B2] -> 0x00F6
[171] [M]: 0x00000000800003B0 (0x00F6E6B3) or x13, x13, x15                         rvtest_entrypoint+396
x13 <- 0x0000000000000000

clint mtime 0x0000000000000056 (mip.MTI <- 0b1, mip.STI <- 0b0)
mem[X,0x00000000800003B4] -> 0x0013
mem[X,0x00000000800003B6] -> 0x0000
[172] [M]: 0x00000000800003B4 (0x00000013) addi x0, x0, 0x0                         rvtest_code_begin+0

mem[X,0x00000000800003B8] -> 0x0013
mem[X,0x00000000800003BA] -> 0x0000
[173] [M]: 0x00000000800003B8 (0x00000013) addi x0, x0, 0x0                         rvtest_code_begin+4

clint mtime 0x0000000000000057 (mip.MTI <- 0b1, mip.STI <- 0b0)
mem[X,0x00000000800003BC] -> 0x0013
mem[X,0x00000000800003BE] -> 0x0000
[174] [M]: 0x00000000800003BC (0x00000013) addi x0, x0, 0x0                         rvtest_code_begin+8

mem[X,0x00000000800003C0] -> 0x9697
mem[X,0x00000000800003C2] -> 0x0000
[175] [M]: 0x00000000800003C0 (0x00009697) auipc x13, 0x9                           rvtest_code_begin+12
x13 <- 0x00000000800093C0

clint mtime 0x0000000000000058 (mip.MTI <- 0b1, mip.STI <- 0b0)
mem[X,0x00000000800003C4] -> 0x8693
mem[X,0x00000000800003C6] -> 0xD586
[176] [M]: 0x00000000800003C4 (0xD5868693) addi x13, x13, -0x2a8                    rvtest_code_begin+16
x13 <- 0x0000000080009118

mem[X,0x00000000800003C8] -> 0x0001
[177] [M]: 0x00000000800003C8 (0x0001) c.nop                                        rvtest_code_begin+20

clint mtime 0x0000000000000059 (mip.MTI <- 0b1, mip.STI <- 0b0)
mem[X,0x00000000800003CA] -> 0x0013
mem[X,0x00000000800003CC] -> 0x0000
[178] [M]: 0x00000000800003CA (0x00000013) addi x0, x0, 0x0                         rvtest_code_begin+22

mem[X,0x00000000800003CE] -> 0x0013
mem[X,0x00000000800003D0] -> 0x0000
[179] [M]: 0x00000000800003CE (0x00000013) addi x0, x0, 0x0                         rvtest_code_begin+26

clint mtime 0x000000000000005A (mip.MTI <- 0b1, mip.STI <- 0b0)
mem[X,0x00000000800003D2] -> 0x0013
mem[X,0x00000000800003D4] -> 0x0000
[180] [M]: 0x00000000800003D2 (0x00000013) addi x0, x0, 0x0                         rvtest_code_begin+30

mem[X,0x00000000800003D6] -> 0x0013
mem[X,0x00000000800003D8] -> 0x0000
[181] [M]: 0x00000000800003D6 (0x00000013) addi x0, x0, 0x0                         rvtest_code_begin+34

clint mtime 0x000000000000005B (mip.MTI <- 0b1, mip.STI <- 0b0)
mem[X,0x00000000800003DA] -> 0x0013
mem[X,0x00000000800003DC] -> 0x0000
[182] [M]: 0x00000000800003DA (0x00000013) addi x0, x0, 0x0                         rvtest_code_begin+38

mem[X,0x00000000800003DE] -> 0x0001
[183] [M]: 0x00000000800003DE (0x0001) c.nop                                        rvtest_code_begin+42

clint mtime 0x000000000000005C (mip.MTI <- 0b1, mip.STI <- 0b0)
mem[X,0x00000000800003E0] -> 0xD737
mem[X,0x00000000800003E2] -> 0x0000
[184] [M]: 0x00000000800003E0 (0x0000D737) lui x14, 0xd                             main+0
x14 <- 0x000000000000D000

mem[X,0x00000000800003E4] -> 0x071B
mem[X,0x00000000800003E6] -> 0xEED7
[185] [M]: 0x00000000800003E4 (0xEED7071B) addiw x14, x14, -0x113                   main+4
x14 <- 0x000000000000CEED

clint mtime 0x000000000000005D (mip.MTI <- 0b1, mip.STI <- 0b0)
mem[X,0x00000000800003E8] -> 0xB023
mem[X,0x00000000800003EA] -> 0x00E6
[186] [M]: 0x00000000800003E8 (0x00E6B023) sd x14, 0x0(x13)                         main+8
mem[W,0x0000000080009118] <- 0x000000000000CEED

mem[X,0x00000000800003EC] -> 0xC737
mem[X,0x00000000800003EE] -> 0x0000
[187] [M]: 0x00000000800003EC (0x0000C737) lui x14, 0xc                             main+12
x14 <- 0x000000000000C000

clint mtime 0x000000000000005E (mip.MTI <- 0b1, mip.STI <- 0b0)
mem[X,0x00000000800003F0] -> 0x071B
mem[X,0x00000000800003F2] -> 0xEED7
[188] [M]: 0x00000000800003F0 (0xEED7071B) addiw x14, x14, -0x113                   main+16
x14 <- 0x000000000000BEED

mem[X,0x00000000800003F4] -> 0xB423
mem[X,0x00000000800003F6] -> 0x00E6
[189] [M]: 0x00000000800003F4 (0x00E6B423) sd x14, 0x8(x13)                         main+20
mem[W,0x0000000080009120] <- 0x000000000000BEED

clint mtime 0x000000000000005F (mip.MTI <- 0b1, mip.STI <- 0b0)
mem[X,0x00000000800003F8] -> 0x0393
mem[X,0x00000000800003FA] -> 0xFFF0
[190] [M]: 0x00000000800003F8 (0xFFF00393) addi x7, x0, -0x1                        main+24
x7 <- 0xFFFFFFFFFFFFFFFF

mem[X,0x00000000800003FC] -> 0x9073
mem[X,0x00000000800003FE] -> 0x3B03
[191] [M]: 0x00000000800003FC (0x3B039073) csrrw x0, pmpaddr0, x7                   main+28
CSR pmpaddr0 (0x3B0) <- 0x003FFFFFFFFFFFFF

clint mtime 0x0000000000000060 (mip.MTI <- 0b1, mip.STI <- 0b0)
mem[X,0x0000000080000400] -> 0x0393
mem[X,0x0000000080000402] -> 0x00F0
[192] [M]: 0x0000000080000400 (0x00F00393) addi x7, x0, 0xf                         main+32
x7 <- 0x000000000000000F

mem[X,0x0000000080000404] -> 0x9073
mem[X,0x0000000080000406] -> 0x3A03
[193] [M]: 0x0000000080000404 (0x3A039073) csrrw x0, pmpcfg0, x7                    main+36
CSR pmpcfg0 (0x3A0) <- 0x000000000000000F

clint mtime 0x0000000000000061 (mip.MTI <- 0b1, mip.STI <- 0b0)
mem[X,0x0000000080000408] -> 0x0073
mem[X,0x000000008000040A] -> 0x1200
[194] [M]: 0x0000000080000408 (0x12000073) sfence.vma x0, x0                        main+40

mem[X,0x000000008000040C] -> 0x1073
mem[X,0x000000008000040E] -> 0x1800
[195] [M]: 0x000000008000040C (0x18001073) csrrw x0, satp, x0                       main+44
CSR satp (0x180) <- 0x0000000000000000

clint mtime 0x0000000000000062 (mip.MTI <- 0b1, mip.STI <- 0b0)
mem[X,0x0000000080000410] -> 0x0013
mem[X,0x0000000080000412] -> 0x0000
[196] [M]: 0x0000000080000410 (0x00000013) addi x0, x0, 0x0                         main+48

mem[X,0x0000000080000414] -> 0x0013
mem[X,0x0000000080000416] -> 0x0000
[197] [M]: 0x0000000080000414 (0x00000013) addi x0, x0, 0x0                         main+52

clint mtime 0x0000000000000063 (mip.MTI <- 0b1, mip.STI <- 0b0)
mem[X,0x0000000080000418] -> 0x0013
mem[X,0x000000008000041A] -> 0x0000
[198] [M]: 0x0000000080000418 (0x00000013) addi x0, x0, 0x0                         main+56

mem[X,0x000000008000041C] -> 0x0013
mem[X,0x000000008000041E] -> 0x0000
[199] [M]: 0x000000008000041C (0x00000013) addi x0, x0, 0x0                         main+60

clint mtime 0x0000000000000064 (mip.MTI <- 0b1, mip.STI <- 0b0)
mem[X,0x0000000080000420] -> 0x0517
mem[X,0x0000000080000422] -> 0x0000
[200] [M]: 0x0000000080000420 (0x00000517) auipc x10, 0x0                           main+64
x10 <- 0x0000000080000420

mem[X,0x0000000080000424] -> 0x0513
mem[X,0x0000000080000426] -> 0xF945
[201] [M]: 0x0000000080000424 (0xF9450513) addi x10, x10, -0x6c                     main+68
x10 <- 0x00000000800003B4

clint mtime 0x0000000000000065 (mip.MTI <- 0b1, mip.STI <- 0b0)
mem[X,0x0000000080000428] -> 0x0001
[202] [M]: 0x0000000080000428 (0x0001) c.nop                                        main+72

mem[X,0x000000008000042A] -> 0x0013
mem[X,0x000000008000042C] -> 0x0000
[203] [M]: 0x000000008000042A (0x00000013) addi x0, x0, 0x0                         main+74

clint mtime 0x0000000000000066 (mip.MTI <- 0b1, mip.STI <- 0b0)
mem[X,0x000000008000042E] -> 0x0013
mem[X,0x0000000080000430] -> 0x0000
[204] [M]: 0x000000008000042E (0x00000013) addi x0, x0, 0x0                         main+78

mem[X,0x0000000080000432] -> 0x0013
mem[X,0x0000000080000434] -> 0x0000
[205] [M]: 0x0000000080000432 (0x00000013) addi x0, x0, 0x0                         main+82

clint mtime 0x0000000000000067 (mip.MTI <- 0b1, mip.STI <- 0b0)
mem[X,0x0000000080000436] -> 0x0013
mem[X,0x0000000080000438] -> 0x0000
[206] [M]: 0x0000000080000436 (0x00000013) addi x0, x0, 0x0                         main+86

mem[X,0x000000008000043A] -> 0x0013
mem[X,0x000000008000043C] -> 0x0000
[207] [M]: 0x000000008000043A (0x00000013) addi x0, x0, 0x0                         main+90

clint mtime 0x0000000000000068 (mip.MTI <- 0b1, mip.STI <- 0b0)
mem[X,0x000000008000043E] -> 0x0001
[208] [M]: 0x000000008000043E (0x0001) c.nop                                        main+94

mem[X,0x0000000080000440] -> 0x0593
mem[X,0x0000000080000442] -> 0x0CB0
[209] [M]: 0x0000000080000440 (0x0CB00593) addi x11, x0, 0xcb                       main+96
x11 <- 0x00000000000000CB

clint mtime 0x0000000000000069 (mip.MTI <- 0b1, mip.STI <- 0b0)
mem[X,0x0000000080000444] -> 0x5513
mem[X,0x0000000080000446] -> 0x00C5
[210] [M]: 0x0000000080000444 (0x00C55513) srli x10, x10, 0xc                       main+100
x10 <- 0x0000000000080000

mem[X,0x0000000080000448] -> 0x1513
mem[X,0x000000008000044A] -> 0x00A5
[211] [M]: 0x0000000080000448 (0x00A51513) slli x10, x10, 0xa                       main+104
x10 <- 0x0000000020000000

clint mtime 0x000000000000006A (mip.MTI <- 0b1, mip.STI <- 0b0)
mem[X,0x000000008000044C] -> 0x6533
mem[X,0x000000008000044E] -> 0x00B5
[212] [M]: 0x000000008000044C (0x00B56533) or x10, x10, x11                         main+108
x10 <- 0x00000000200000CB

mem[X,0x0000000080000450] -> 0x0013
mem[X,0x0000000080000452] -> 0x0000
[213] [M]: 0x0000000080000450 (0x00000013) addi x0, x0, 0x0                         main+112

clint mtime 0x000000000000006B (mip.MTI <- 0b1, mip.STI <- 0b0)
mem[X,0x0000000080000454] -> 0x0013
mem[X,0x0000000080000456] -> 0x0000
[214] [M]: 0x0000000080000454 (0x00000013) addi x0, x0, 0x0                         main+116

mem[X,0x0000000080000458] -> 0x0013
mem[X,0x000000008000045A] -> 0x0000
[215] [M]: 0x0000000080000458 (0x00000013) addi x0, x0, 0x0                         main+120

clint mtime 0x000000000000006C (mip.MTI <- 0b1, mip.STI <- 0b0)
mem[X,0x000000008000045C] -> 0x0013
mem[X,0x000000008000045E] -> 0x0000
[216] [M]: 0x000000008000045C (0x00000013) addi x0, x0, 0x0                         main+124

mem[X,0x0000000080000460] -> 0x8317
mem[X,0x0000000080000462] -> 0x0000
[217] [M]: 0x0000000080000460 (0x00008317) auipc x6, 0x8                            main+128
x6 <- 0x0000000080008460

clint mtime 0x000000000000006D (mip.MTI <- 0b1, mip.STI <- 0b0)
mem[X,0x0000000080000464] -> 0x0313
mem[X,0x0000000080000466] -> 0xBA03
[218] [M]: 0x0000000080000464 (0xBA030313) addi x6, x6, -0x460                      main+132
x6 <- 0x0000000080008000

mem[X,0x0000000080000468] -> 0x0001
[219] [M]: 0x0000000080000468 (0x0001) c.nop                                        main+136

clint mtime 0x000000000000006E (mip.MTI <- 0b1, mip.STI <- 0b0)
mem[X,0x000000008000046A] -> 0x0013
mem[X,0x000000008000046C] -> 0x0000
[220] [M]: 0x000000008000046A (0x00000013) addi x0, x0, 0x0                         main+138

mem[X,0x000000008000046E] -> 0x0013
mem[X,0x0000000080000470] -> 0x0000
[221] [M]: 0x000000008000046E (0x00000013) addi x0, x0, 0x0                         main+142

clint mtime 0x000000000000006F (mip.MTI <- 0b1, mip.STI <- 0b0)
mem[X,0x0000000080000472] -> 0x0013
mem[X,0x0000000080000474] -> 0x0000
[222] [M]: 0x0000000080000472 (0x00000013) addi x0, x0, 0x0                         main+146

mem[X,0x0000000080000476] -> 0x0013
mem[X,0x0000000080000478] -> 0x0000
[223] [M]: 0x0000000080000476 (0x00000013) addi x0, x0, 0x0                         main+150

clint mtime 0x0000000000000070 (mip.MTI <- 0b1, mip.STI <- 0b0)
mem[X,0x000000008000047A] -> 0x0013
mem[X,0x000000008000047C] -> 0x0000
[224] [M]: 0x000000008000047A (0x00000013) addi x0, x0, 0x0                         main+154

mem[X,0x000000008000047E] -> 0x0001
[225] [M]: 0x000000008000047E (0x0001) c.nop                                        main+158

clint mtime 0x0000000000000071 (mip.MTI <- 0b1, mip.STI <- 0b0)
mem[X,0x0000000080000480] -> 0x0293
mem[X,0x0000000080000482] -> 0x0300
[226] [M]: 0x0000000080000480 (0x03000293) addi x5, x0, 0x30                        main+160
x5 <- 0x0000000000000030

mem[X,0x0000000080000484] -> 0x0333
mem[X,0x0000000080000486] -> 0x0053
[227] [M]: 0x0000000080000484 (0x00530333) add x6, x6, x5                           main+164
x6 <- 0x0000000080008030

clint mtime 0x0000000000000072 (mip.MTI <- 0b1, mip.STI <- 0b0)
mem[X,0x0000000080000488] -> 0x3023
mem[X,0x000000008000048A] -> 0x00A3
[228] [M]: 0x0000000080000488 (0x00A33023) sd x10, 0x0(x6)                          main+168
mem[W,0x0000000080008030] <- 0x00000000200000CB

mem[X,0x000000008000048C] -> 0x0073
mem[X,0x000000008000048E] -> 0x1200
[229] [M]: 0x000000008000048C (0x12000073) sfence.vma x0, x0                        main+172

clint mtime 0x0000000000000073 (mip.MTI <- 0b1, mip.STI <- 0b0)
mem[X,0x0000000080000490] -> 0x0013
mem[X,0x0000000080000492] -> 0x0000
[230] [M]: 0x0000000080000490 (0x00000013) addi x0, x0, 0x0                         main+176

mem[X,0x0000000080000494] -> 0x0013
mem[X,0x0000000080000496] -> 0x0000
[231] [M]: 0x0000000080000494 (0x00000013) addi x0, x0, 0x0                         main+180

clint mtime 0x0000000000000074 (mip.MTI <- 0b1, mip.STI <- 0b0)
mem[X,0x0000000080000498] -> 0x0013
mem[X,0x000000008000049A] -> 0x0000
[232] [M]: 0x0000000080000498 (0x00000013) addi x0, x0, 0x0                         main+184

mem[X,0x000000008000049C] -> 0x0013
mem[X,0x000000008000049E] -> 0x0000
[233] [M]: 0x000000008000049C (0x00000013) addi x0, x0, 0x0                         main+188

clint mtime 0x0000000000000075 (mip.MTI <- 0b1, mip.STI <- 0b0)
mem[X,0x00000000800004A0] -> 0x3517
mem[X,0x00000000800004A2] -> 0x0000
[234] [M]: 0x00000000800004A0 (0x00003517) auipc x10, 0x3                           main+192
x10 <- 0x00000000800034A0

mem[X,0x00000000800004A4] -> 0x0513
mem[X,0x00000000800004A6] -> 0x0905
[235] [M]: 0x00000000800004A4 (0x09050513) addi x10, x10, 0x90                      main+196
x10 <- 0x0000000080003530

clint mtime 0x0000000000000076 (mip.MTI <- 0b1, mip.STI <- 0b0)
mem[X,0x00000000800004A8] -> 0x0001
[236] [M]: 0x00000000800004A8 (0x0001) c.nop                                        main+200

mem[X,0x00000000800004AA] -> 0x0013
mem[X,0x00000000800004AC] -> 0x0000
[237] [M]: 0x00000000800004AA (0x00000013) addi x0, x0, 0x0                         main+202

clint mtime 0x0000000000000077 (mip.MTI <- 0b1, mip.STI <- 0b0)
mem[X,0x00000000800004AE] -> 0x0013
mem[X,0x00000000800004B0] -> 0x0000
[238] [M]: 0x00000000800004AE (0x00000013) addi x0, x0, 0x0                         main+206

mem[X,0x00000000800004B2] -> 0x0013
mem[X,0x00000000800004B4] -> 0x0000
[239] [M]: 0x00000000800004B2 (0x00000013) addi x0, x0, 0x0                         main+210

clint mtime 0x0000000000000078 (mip.MTI <- 0b1, mip.STI <- 0b0)
mem[X,0x00000000800004B6] -> 0x0013
mem[X,0x00000000800004B8] -> 0x0000
[240] [M]: 0x00000000800004B6 (0x00000013) addi x0, x0, 0x0                         main+214

mem[X,0x00000000800004BA] -> 0x0013
mem[X,0x00000000800004BC] -> 0x0000
[241] [M]: 0x00000000800004BA (0x00000013) addi x0, x0, 0x0                         main+218

clint mtime 0x0000000000000079 (mip.MTI <- 0b1, mip.STI <- 0b0)
mem[X,0x00000000800004BE] -> 0x0001
[242] [M]: 0x00000000800004BE (0x0001) c.nop                                        main+222

mem[X,0x00000000800004C0] -> 0x0593
mem[X,0x00000000800004C2] -> 0x0CF0
[243] [M]: 0x00000000800004C0 (0x0CF00593) addi x11, x0, 0xcf                       main+224
x11 <- 0x00000000000000CF

clint mtime 0x000000000000007A (mip.MTI <- 0b1, mip.STI <- 0b0)
mem[X,0x00000000800004C4] -> 0x5513
mem[X,0x00000000800004C6] -> 0x00C5
[244] [M]: 0x00000000800004C4 (0x00C55513) srli x10, x10, 0xc                       main+228
x10 <- 0x0000000000080003

mem[X,0x00000000800004C8] -> 0x1513
mem[X,0x00000000800004CA] -> 0x00A5
[245] [M]: 0x00000000800004C8 (0x00A51513) slli x10, x10, 0xa                       main+232
x10 <- 0x0000000020000C00

clint mtime 0x000000000000007B (mip.MTI <- 0b1, mip.STI <- 0b0)
mem[X,0x00000000800004CC] -> 0x6533
mem[X,0x00000000800004CE] -> 0x00B5
[246] [M]: 0x00000000800004CC (0x00B56533) or x10, x10, x11                         main+236
x10 <- 0x0000000020000CCF

mem[X,0x00000000800004D0] -> 0x0013
mem[X,0x00000000800004D2] -> 0x0000
[247] [M]: 0x00000000800004D0 (0x00000013) addi x0, x0, 0x0                         main+240

clint mtime 0x000000000000007C (mip.MTI <- 0b1, mip.STI <- 0b0)
mem[X,0x00000000800004D4] -> 0x0013
mem[X,0x00000000800004D6] -> 0x0000
[248] [M]: 0x00000000800004D4 (0x00000013) addi x0, x0, 0x0                         main+244

mem[X,0x00000000800004D8] -> 0x0013
mem[X,0x00000000800004DA] -> 0x0000
[249] [M]: 0x00000000800004D8 (0x00000013) addi x0, x0, 0x0                         main+248

clint mtime 0x000000000000007D (mip.MTI <- 0b1, mip.STI <- 0b0)
mem[X,0x00000000800004DC] -> 0x0013
mem[X,0x00000000800004DE] -> 0x0000
[250] [M]: 0x00000000800004DC (0x00000013) addi x0, x0, 0x0                         main+252

mem[X,0x00000000800004E0] -> 0x8317
mem[X,0x00000000800004E2] -> 0x0000
[251] [M]: 0x00000000800004E0 (0x00008317) auipc x6, 0x8                            main+256
x6 <- 0x00000000800084E0

clint mtime 0x000000000000007E (mip.MTI <- 0b1, mip.STI <- 0b0)
mem[X,0x00000000800004E4] -> 0x0313
mem[X,0x00000000800004E6] -> 0xB203
[252] [M]: 0x00000000800004E4 (0xB2030313) addi x6, x6, -0x4e0                      main+260
x6 <- 0x0000000080008000

mem[X,0x00000000800004E8] -> 0x0001
[253] [M]: 0x00000000800004E8 (0x0001) c.nop                                        main+264

clint mtime 0x000000000000007F (mip.MTI <- 0b1, mip.STI <- 0b0)
mem[X,0x00000000800004EA] -> 0x0013
mem[X,0x00000000800004EC] -> 0x0000
[254] [M]: 0x00000000800004EA (0x00000013) addi x0, x0, 0x0                         main+266

mem[X,0x00000000800004EE] -> 0x0013
mem[X,0x00000000800004F0] -> 0x0000
[255] [M]: 0x00000000800004EE (0x00000013) addi x0, x0, 0x0                         main+270

clint mtime 0x0000000000000080 (mip.MTI <- 0b1, mip.STI <- 0b0)
mem[X,0x00000000800004F2] -> 0x0013
mem[X,0x00000000800004F4] -> 0x0000
[256] [M]: 0x00000000800004F2 (0x00000013) addi x0, x0, 0x0                         main+274

mem[X,0x00000000800004F6] -> 0x0013
mem[X,0x00000000800004F8] -> 0x0000
[257] [M]: 0x00000000800004F6 (0x00000013) addi x0, x0, 0x0                         main+278

clint mtime 0x0000000000000081 (mip.MTI <- 0b1, mip.STI <- 0b0)
mem[X,0x00000000800004FA] -> 0x0013
mem[X,0x00000000800004FC] -> 0x0000
[258] [M]: 0x00000000800004FA (0x00000013) addi x0, x0, 0x0                         main+282

mem[X,0x00000000800004FE] -> 0x0001
[259] [M]: 0x00000000800004FE (0x0001) c.nop                                        main+286

clint mtime 0x0000000000000082 (mip.MTI <- 0b1, mip.STI <- 0b0)
mem[X,0x0000000080000500] -> 0x0293
mem[X,0x0000000080000502] -> 0x0380
[260] [M]: 0x0000000080000500 (0x03800293) addi x5, x0, 0x38                        main+288
x5 <- 0x0000000000000038

mem[X,0x0000000080000504] -> 0x0333
mem[X,0x0000000080000506] -> 0x0053
[261] [M]: 0x0000000080000504 (0x00530333) add x6, x6, x5                           main+292
x6 <- 0x0000000080008038

clint mtime 0x0000000000000083 (mip.MTI <- 0b1, mip.STI <- 0b0)
mem[X,0x0000000080000508] -> 0x3023
mem[X,0x000000008000050A] -> 0x00A3
[262] [M]: 0x0000000080000508 (0x00A33023) sd x10, 0x0(x6)                          main+296
mem[W,0x0000000080008038] <- 0x0000000020000CCF

mem[X,0x000000008000050C] -> 0x0073
mem[X,0x000000008000050E] -> 0x1200
[263] [M]: 0x000000008000050C (0x12000073) sfence.vma x0, x0                        main+300

clint mtime 0x0000000000000084 (mip.MTI <- 0b1, mip.STI <- 0b0)
mem[X,0x0000000080000510] -> 0x02B7
mem[X,0x0000000080000512] -> 0x1C00
[264] [M]: 0x0000000080000510 (0x1C0002B7) lui x5, 0x1c000                          main+304
x5 <- 0x000000001C000000

mem[X,0x0000000080000514] -> 0x8293
mem[X,0x0000000080000516] -> 0x0532
[265] [M]: 0x0000000080000514 (0x05328293) addi x5, x5, 0x53                        main+308
x5 <- 0x000000001C000053

clint mtime 0x0000000000000085 (mip.MTI <- 0b1, mip.STI <- 0b0)
mem[X,0x0000000080000518] -> 0x9293
mem[X,0x000000008000051A] -> 0x0042
[266] [M]: 0x0000000080000518 (0x00429293) slli x5, x5, 0x4                         main+312
x5 <- 0x00000001C0000530

mem[X,0x000000008000051C] -> 0x0013
mem[X,0x000000008000051E] -> 0x0000
[267] [M]: 0x000000008000051C (0x00000013) addi x0, x0, 0x0                         main+316

clint mtime 0x0000000000000086 (mip.MTI <- 0b1, mip.STI <- 0b0)
mem[X,0x0000000080000520] -> 0x3317
mem[X,0x0000000080000522] -> 0x0000
[268] [M]: 0x0000000080000520 (0x00003317) auipc x6, 0x3                            main+320
x6 <- 0x0000000080003520

mem[X,0x0000000080000524] -> 0x0313
mem[X,0x0000000080000526] -> 0x0103
[269] [M]: 0x0000000080000524 (0x01030313) addi x6, x6, 0x10                        main+324
x6 <- 0x0000000080003530

clint mtime 0x0000000000000087 (mip.MTI <- 0b1, mip.STI <- 0b0)
mem[X,0x0000000080000528] -> 0x0001
[270] [M]: 0x0000000080000528 (0x0001) c.nop                                        main+328

mem[X,0x000000008000052A] -> 0x0013
mem[X,0x000000008000052C] -> 0x0000
[271] [M]: 0x000000008000052A (0x00000013) addi x0, x0, 0x0                         main+330

clint mtime 0x0000000000000088 (mip.MTI <- 0b1, mip.STI <- 0b0)
mem[X,0x000000008000052E] -> 0x0013
mem[X,0x0000000080000530] -> 0x0000
[272] [M]: 0x000000008000052E (0x00000013) addi x0, x0, 0x0                         main+334

mem[X,0x0000000080000532] -> 0x0013
mem[X,0x0000000080000534] -> 0x0000
[273] [M]: 0x0000000080000532 (0x00000013) addi x0, x0, 0x0                         main+338

clint mtime 0x0000000000000089 (mip.MTI <- 0b1, mip.STI <- 0b0)
mem[X,0x0000000080000536] -> 0x0013
mem[X,0x0000000080000538] -> 0x0000
[274] [M]: 0x0000000080000536 (0x00000013) addi x0, x0, 0x0                         main+342

mem[X,0x000000008000053A] -> 0x0013
mem[X,0x000000008000053C] -> 0x0000
[275] [M]: 0x000000008000053A (0x00000013) addi x0, x0, 0x0                         main+346

clint mtime 0x000000000000008A (mip.MTI <- 0b1, mip.STI <- 0b0)
mem[X,0x000000008000053E] -> 0x0001
[276] [M]: 0x000000008000053E (0x0001) c.nop                                        main+350

mem[X,0x0000000080000540] -> 0x82B3
mem[X,0x0000000080000542] -> 0x4062
[277] [M]: 0x0000000080000540 (0x406282B3) sub x5, x5, x6                           main+352
x5 <- 0x000000013FFFD000

clint mtime 0x000000000000008B (mip.MTI <- 0b1, mip.STI <- 0b0)
mem[X,0x0000000080000544] -> 0x8E13
mem[X,0x0000000080000546] -> 0x2982
[278] [M]: 0x0000000080000544 (0x29828E13) addi x28, x5, 0x298                      main+356
x28 <- 0x000000013FFFD298

mem[X,0x0000000080000548] -> 0x2173
mem[X,0x000000008000054A] -> 0x3400
[279] [M]: 0x0000000080000548 (0x34002173) csrrs x2, mscratch, x0                   main+360
CSR mscratch (0x340) -> 0x0000000080003000
x2 <- 0x0000000080003000

clint mtime 0x000000000000008C (mip.MTI <- 0b1, mip.STI <- 0b0)
mem[X,0x000000008000054C] -> 0x0333
mem[X,0x000000008000054E] -> 0x01C1
[280] [M]: 0x000000008000054C (0x01C10333) add x6, x2, x28                          main+364
x6 <- 0x00000001C0000298

mem[X,0x0000000080000550] -> 0x1073
mem[X,0x0000000080000552] -> 0x1403
[281] [M]: 0x0000000080000550 (0x14031073) csrrw x0, sscratch, x6                   main+368
CSR sscratch (0x140) <- 0x00000001C0000298

clint mtime 0x000000000000008D (mip.MTI <- 0b1, mip.STI <- 0b0)
mem[X,0x0000000080000554] -> 0x2173
mem[X,0x0000000080000556] -> 0x3400
[282] [M]: 0x0000000080000554 (0x34002173) csrrs x2, mscratch, x0                   main+372
CSR mscratch (0x340) -> 0x0000000080003000
x2 <- 0x0000000080003000

mem[X,0x0000000080000558] -> 0x02B7
mem[X,0x000000008000055A] -> 0x6000
[283] [M]: 0x0000000080000558 (0x600002B7) lui x5, 0x60000                          main+376
x5 <- 0x0000000060000000

clint mtime 0x000000000000008E (mip.MTI <- 0b1, mip.STI <- 0b0)
mem[X,0x000000008000055C] -> 0x8293
mem[X,0x000000008000055E] -> 0x0E72
[284] [M]: 0x000000008000055C (0x0E728293) addi x5, x5, 0xe7                        main+380
x5 <- 0x00000000600000E7

mem[X,0x0000000080000560] -> 0x9293
mem[X,0x0000000080000562] -> 0x0022
[285] [M]: 0x0000000080000560 (0x00229293) slli x5, x5, 0x2                         main+384
x5 <- 0x000000018000039C

clint mtime 0x000000000000008F (mip.MTI <- 0b1, mip.STI <- 0b0)
mem[X,0x0000000080000564] -> 0x0013
mem[X,0x0000000080000566] -> 0x0000
[286] [M]: 0x0000000080000564 (0x00000013) addi x0, x0, 0x0                         main+388

mem[X,0x0000000080000568] -> 0x0013
mem[X,0x000000008000056A] -> 0x0000
[287] [M]: 0x0000000080000568 (0x00000013) addi x0, x0, 0x0                         main+392

clint mtime 0x0000000000000090 (mip.MTI <- 0b1, mip.STI <- 0b0)
mem[X,0x000000008000056C] -> 0x0013
mem[X,0x000000008000056E] -> 0x0000
[288] [M]: 0x000000008000056C (0x00000013) addi x0, x0, 0x0                         main+396

mem[X,0x0000000080000570] -> 0x0013
mem[X,0x0000000080000572] -> 0x0000
[289] [M]: 0x0000000080000570 (0x00000013) addi x0, x0, 0x0                         main+400

clint mtime 0x0000000000000091 (mip.MTI <- 0b1, mip.STI <- 0b0)
mem[X,0x0000000080000574] -> 0x0013
mem[X,0x0000000080000576] -> 0x0000
[290] [M]: 0x0000000080000574 (0x00000013) addi x0, x0, 0x0                         main+404

mem[X,0x0000000080000578] -> 0x0013
mem[X,0x000000008000057A] -> 0x0000
[291] [M]: 0x0000000080000578 (0x00000013) addi x0, x0, 0x0                         main+408

clint mtime 0x0000000000000092 (mip.MTI <- 0b1, mip.STI <- 0b0)
mem[X,0x000000008000057C] -> 0x0013
mem[X,0x000000008000057E] -> 0x0000
[292] [M]: 0x000000008000057C (0x00000013) addi x0, x0, 0x0                         main+412

mem[X,0x0000000080000580] -> 0x0317
mem[X,0x0000000080000582] -> 0x0000
[293] [M]: 0x0000000080000580 (0x00000317) auipc x6, 0x0                            main+416
x6 <- 0x0000000080000580

clint mtime 0x0000000000000093 (mip.MTI <- 0b1, mip.STI <- 0b0)
mem[X,0x0000000080000584] -> 0x0313
mem[X,0x0000000080000586] -> 0xE343
[294] [M]: 0x0000000080000584 (0xE3430313) addi x6, x6, -0x1cc                      main+420
x6 <- 0x00000000800003B4

mem[X,0x0000000080000588] -> 0x0001
[295] [M]: 0x0000000080000588 (0x0001) c.nop                                        main+424

clint mtime 0x0000000000000094 (mip.MTI <- 0b1, mip.STI <- 0b0)
mem[X,0x000000008000058A] -> 0x0013
mem[X,0x000000008000058C] -> 0x0000
[296] [M]: 0x000000008000058A (0x00000013) addi x0, x0, 0x0                         main+426

mem[X,0x000000008000058E] -> 0x0013
mem[X,0x0000000080000590] -> 0x0000
[297] [M]: 0x000000008000058E (0x00000013) addi x0, x0, 0x0                         main+430

clint mtime 0x0000000000000095 (mip.MTI <- 0b1, mip.STI <- 0b0)
mem[X,0x0000000080000592] -> 0x0013
mem[X,0x0000000080000594] -> 0x0000
[298] [M]: 0x0000000080000592 (0x00000013) addi x0, x0, 0x0                         main+434

mem[X,0x0000000080000596] -> 0x0013
mem[X,0x0000000080000598] -> 0x0000
[299] [M]: 0x0000000080000596 (0x00000013) addi x0, x0, 0x0                         main+438

clint mtime 0x0000000000000096 (mip.MTI <- 0b1, mip.STI <- 0b0)
mem[X,0x000000008000059A] -> 0x0013
mem[X,0x000000008000059C] -> 0x0000
[300] [M]: 0x000000008000059A (0x00000013) addi x0, x0, 0x0                         main+442

mem[X,0x000000008000059E] -> 0x0001
[301] [M]: 0x000000008000059E (0x0001) c.nop                                        main+446

clint mtime 0x0000000000000097 (mip.MTI <- 0b1, mip.STI <- 0b0)
mem[X,0x00000000800005A0] -> 0x82B3
mem[X,0x00000000800005A2] -> 0x4062
[302] [M]: 0x00000000800005A0 (0x406282B3) sub x5, x5, x6                           main+448
x5 <- 0x00000000FFFFFFE8

mem[X,0x00000000800005A4] -> 0x3303
mem[X,0x00000000800005A6] -> 0x1D81
[303] [M]: 0x00000000800005A4 (0x1D813303) ld x6, 0x1d8(x2)                         main+452
mem[R,0x00000000800031D8] -> 0x00000000800003B4
x6 <- 0x00000000800003B4

clint mtime 0x0000000000000098 (mip.MTI <- 0b1, mip.STI <- 0b0)
mem[X,0x00000000800005A8] -> 0x03B3
mem[X,0x00000000800005AA] -> 0x0053
[304] [M]: 0x00000000800005A8 (0x005303B3) add x7, x6, x5                           main+456
x7 <- 0x000000018000039C

mem[X,0x00000000800005AC] -> 0x3823
mem[X,0x00000000800005AE] -> 0x4671
[305] [M]: 0x00000000800005AC (0x46713823) sd x7, 0x470(x2)                         main+460
mem[W,0x0000000080003470] <- 0x000000018000039C

clint mtime 0x0000000000000099 (mip.MTI <- 0b1, mip.STI <- 0b0)
mem[X,0x00000000800005B0] -> 0x02B7
mem[X,0x00000000800005B2] -> 0x1C00
[306] [M]: 0x00000000800005B0 (0x1C0002B7) lui x5, 0x1c000                          main+464
x5 <- 0x000000001C000000

mem[X,0x00000000800005B4] -> 0x8293
mem[X,0x00000000800005B6] -> 0x0532
[307] [M]: 0x00000000800005B4 (0x05328293) addi x5, x5, 0x53                        main+468
x5 <- 0x000000001C000053

clint mtime 0x000000000000009A (mip.MTI <- 0b1, mip.STI <- 0b0)
mem[X,0x00000000800005B8] -> 0x9293
mem[X,0x00000000800005BA] -> 0x0042
[308] [M]: 0x00000000800005B8 (0x00429293) slli x5, x5, 0x4                         main+472
x5 <- 0x00000001C0000530

mem[X,0x00000000800005BC] -> 0x0013
mem[X,0x00000000800005BE] -> 0x0000
[309] [M]: 0x00000000800005BC (0x00000013) addi x0, x0, 0x0                         main+476

clint mtime 0x000000000000009B (mip.MTI <- 0b1, mip.STI <- 0b0)
mem[X,0x00000000800005C0] -> 0x3317
mem[X,0x00000000800005C2] -> 0x0000
[310] [M]: 0x00000000800005C0 (0x00003317) auipc x6, 0x3                            main+480
x6 <- 0x00000000800035C0

mem[X,0x00000000800005C4] -> 0x0313
mem[X,0x00000000800005C6] -> 0xF703
[311] [M]: 0x00000000800005C4 (0xF7030313) addi x6, x6, -0x90                       main+484
x6 <- 0x0000000080003530

clint mtime 0x000000000000009C (mip.MTI <- 0b1, mip.STI <- 0b0)
mem[X,0x00000000800005C8] -> 0x0001
[312] [M]: 0x00000000800005C8 (0x0001) c.nop                                        main+488

mem[X,0x00000000800005CA] -> 0x0013
mem[X,0x00000000800005CC] -> 0x0000
[313] [M]: 0x00000000800005CA (0x00000013) addi x0, x0, 0x0                         main+490

clint mtime 0x000000000000009D (mip.MTI <- 0b1, mip.STI <- 0b0)
mem[X,0x00000000800005CE] -> 0x0013
mem[X,0x00000000800005D0] -> 0x0000
[314] [M]: 0x00000000800005CE (0x00000013) addi x0, x0, 0x0                         main+494

mem[X,0x00000000800005D2] -> 0x0013
mem[X,0x00000000800005D4] -> 0x0000
[315] [M]: 0x00000000800005D2 (0x00000013) addi x0, x0, 0x0                         main+498

clint mtime 0x000000000000009E (mip.MTI <- 0b1, mip.STI <- 0b0)
mem[X,0x00000000800005D6] -> 0x0013
mem[X,0x00000000800005D8] -> 0x0000
[316] [M]: 0x00000000800005D6 (0x00000013) addi x0, x0, 0x0                         main+502

mem[X,0x00000000800005DA] -> 0x0013
mem[X,0x00000000800005DC] -> 0x0000
[317] [M]: 0x00000000800005DA (0x00000013) addi x0, x0, 0x0                         main+506

clint mtime 0x000000000000009F (mip.MTI <- 0b1, mip.STI <- 0b0)
mem[X,0x00000000800005DE] -> 0x0001
[318] [M]: 0x00000000800005DE (0x0001) c.nop                                        main+510

mem[X,0x00000000800005E0] -> 0x82B3
mem[X,0x00000000800005E2] -> 0x4062
[319] [M]: 0x00000000800005E0 (0x406282B3) sub x5, x5, x6                           main+512
x5 <- 0x000000013FFFD000

clint mtime 0x00000000000000A0 (mip.MTI <- 0b1, mip.STI <- 0b0)
mem[X,0x00000000800005E4] -> 0x3303
mem[X,0x00000000800005E6] -> 0x1E81
[320] [M]: 0x00000000800005E4 (0x1E813303) ld x6, 0x1e8(x2)                         main+516
mem[R,0x00000000800031E8] -> 0x0000000080003530
x6 <- 0x0000000080003530

mem[X,0x00000000800005E8] -> 0x03B3
mem[X,0x00000000800005EA] -> 0x0053
[321] [M]: 0x00000000800005E8 (0x005303B3) add x7, x6, x5                           main+520
x7 <- 0x00000001C0000530

clint mtime 0x00000000000000A1 (mip.MTI <- 0b1, mip.STI <- 0b0)
mem[X,0x00000000800005EC] -> 0x3023
mem[X,0x00000000800005EE] -> 0x4871
[322] [M]: 0x00000000800005EC (0x48713023) sd x7, 0x480(x2)                         main+524
mem[W,0x0000000080003480] <- 0x00000001C0000530

mem[X,0x00000000800005F0] -> 0x0013
mem[X,0x00000000800005F2] -> 0x0000
[323] [M]: 0x00000000800005F0 (0x00000013) addi x0, x0, 0x0                         main+528

clint mtime 0x00000000000000A2 (mip.MTI <- 0b1, mip.STI <- 0b0)
mem[X,0x00000000800005F4] -> 0x0013
mem[X,0x00000000800005F6] -> 0x0000
[324] [M]: 0x00000000800005F4 (0x00000013) addi x0, x0, 0x0                         main+532

mem[X,0x00000000800005F8] -> 0x0013
mem[X,0x00000000800005FA] -> 0x0000
[325] [M]: 0x00000000800005F8 (0x00000013) addi x0, x0, 0x0                         main+536

clint mtime 0x00000000000000A3 (mip.MTI <- 0b1, mip.STI <- 0b0)
mem[X,0x00000000800005FC] -> 0x0013
mem[X,0x00000000800005FE] -> 0x0000
[326] [M]: 0x00000000800005FC (0x00000013) addi x0, x0, 0x0                         main+540

mem[X,0x0000000080000600] -> 0x8F97
mem[X,0x0000000080000602] -> 0x0000
[327] [M]: 0x0000000080000600 (0x00008F97) auipc x31, 0x8                           main+544
x31 <- 0x0000000080008600

clint mtime 0x00000000000000A4 (mip.MTI <- 0b1, mip.STI <- 0b0)
mem[X,0x0000000080000604] -> 0x8F93
mem[X,0x0000000080000606] -> 0xA00F
[328] [M]: 0x0000000080000604 (0xA00F8F93) addi x31, x31, -0x600                    main+548
x31 <- 0x0000000080008000

mem[X,0x0000000080000608] -> 0x0001
[329] [M]: 0x0000000080000608 (0x0001) c.nop                                        main+552

clint mtime 0x00000000000000A5 (mip.MTI <- 0b1, mip.STI <- 0b0)
mem[X,0x000000008000060A] -> 0x0013
mem[X,0x000000008000060C] -> 0x0000
[330] [M]: 0x000000008000060A (0x00000013) addi x0, x0, 0x0                         main+554

mem[X,0x000000008000060E] -> 0x0013
mem[X,0x0000000080000610] -> 0x0000
[331] [M]: 0x000000008000060E (0x00000013) addi x0, x0, 0x0                         main+558

clint mtime 0x00000000000000A6 (mip.MTI <- 0b1, mip.STI <- 0b0)
mem[X,0x0000000080000612] -> 0x0013
mem[X,0x0000000080000614] -> 0x0000
[332] [M]: 0x0000000080000612 (0x00000013) addi x0, x0, 0x0                         main+562

mem[X,0x0000000080000616] -> 0x0013
mem[X,0x0000000080000618] -> 0x0000
[333] [M]: 0x0000000080000616 (0x00000013) addi x0, x0, 0x0                         main+566

clint mtime 0x00000000000000A7 (mip.MTI <- 0b1, mip.STI <- 0b0)
mem[X,0x000000008000061A] -> 0x0013
mem[X,0x000000008000061C] -> 0x0000
[334] [M]: 0x000000008000061A (0x00000013) addi x0, x0, 0x0                         main+570

mem[X,0x000000008000061E] -> 0x0001
[335] [M]: 0x000000008000061E (0x0001) c.nop                                        main+574

clint mtime 0x00000000000000A8 (mip.MTI <- 0b1, mip.STI <- 0b0)
mem[X,0x0000000080000620] -> 0x0F13
mem[X,0x0000000080000622] -> 0xFFF0
[336] [M]: 0x0000000080000620 (0xFFF00F13) addi x30, x0, -0x1                       main+576
x30 <- 0xFFFFFFFFFFFFFFFF

mem[X,0x0000000080000624] -> 0x1F13
mem[X,0x0000000080000626] -> 0x03FF
[337] [M]: 0x0000000080000624 (0x03FF1F13) slli x30, x30, 0x3f                      main+580
x30 <- 0x8000000000000000

clint mtime 0x00000000000000A9 (mip.MTI <- 0b1, mip.STI <- 0b0)
mem[X,0x0000000080000628] -> 0xDF93
mem[X,0x000000008000062A] -> 0x00CF
[338] [M]: 0x0000000080000628 (0x00CFDF93) srli x31, x31, 0xc                       main+584
x31 <- 0x0000000000080008

mem[X,0x000000008000062C] -> 0xEFB3
mem[X,0x000000008000062E] -> 0x01EF
[339] [M]: 0x000000008000062C (0x01EFEFB3) or x31, x31, x30                         main+588
x31 <- 0x8000000000080008

clint mtime 0x00000000000000AA (mip.MTI <- 0b1, mip.STI <- 0b0)
mem[X,0x0000000080000630] -> 0x9073
mem[X,0x0000000080000632] -> 0x180F
[340] [M]: 0x0000000080000630 (0x180F9073) csrrw x0, satp, x31                      main+592
CSR satp (0x180) <- 0x8000000000080008

mem[X,0x0000000080000634] -> 0x0073
mem[X,0x0000000080000636] -> 0x1200
[341] [M]: 0x0000000080000634 (0x12000073) sfence.vma x0, x0                        main+596

clint mtime 0x00000000000000AB (mip.MTI <- 0b1, mip.STI <- 0b0)
mem[X,0x0000000080000638] -> 0x0013
mem[X,0x000000008000063A] -> 0x0000
[342] [M]: 0x0000000080000638 (0x00000013) addi x0, x0, 0x0                         main+600

mem[X,0x000000008000063C] -> 0x0013
mem[X,0x000000008000063E] -> 0x0000
[343] [M]: 0x000000008000063C (0x00000013) addi x0, x0, 0x0                         main+604

clint mtime 0x00000000000000AC (mip.MTI <- 0b1, mip.STI <- 0b0)
mem[X,0x0000000080000640] -> 0x7517
mem[X,0x0000000080000642] -> 0x0000
[344] [M]: 0x0000000080000640 (0x00007517) auipc x10, 0x7                           main+608
x10 <- 0x0000000080007640

mem[X,0x0000000080000644] -> 0x0513
mem[X,0x0000000080000646] -> 0x9C05
[345] [M]: 0x0000000080000644 (0x9C050513) addi x10, x10, -0x640                    main+612
x10 <- 0x0000000080007000

clint mtime 0x00000000000000AD (mip.MTI <- 0b1, mip.STI <- 0b0)
mem[X,0x0000000080000648] -> 0x0001
[346] [M]: 0x0000000080000648 (0x0001) c.nop                                        main+616

mem[X,0x000000008000064A] -> 0x0013
mem[X,0x000000008000064C] -> 0x0000
[347] [M]: 0x000000008000064A (0x00000013) addi x0, x0, 0x0                         main+618

clint mtime 0x00000000000000AE (mip.MTI <- 0b1, mip.STI <- 0b0)
mem[X,0x000000008000064E] -> 0x0013
mem[X,0x0000000080000650] -> 0x0000
[348] [M]: 0x000000008000064E (0x00000013) addi x0, x0, 0x0                         main+622

mem[X,0x0000000080000652] -> 0x0013
mem[X,0x0000000080000654] -> 0x0000
[349] [M]: 0x0000000080000652 (0x00000013) addi x0, x0, 0x0                         main+626

clint mtime 0x00000000000000AF (mip.MTI <- 0b1, mip.STI <- 0b0)
mem[X,0x0000000080000656] -> 0x0013
mem[X,0x0000000080000658] -> 0x0000
[350] [M]: 0x0000000080000656 (0x00000013) addi x0, x0, 0x0                         main+630

mem[X,0x000000008000065A] -> 0x0013
mem[X,0x000000008000065C] -> 0x0000
[351] [M]: 0x000000008000065A (0x00000013) addi x0, x0, 0x0                         main+634

clint mtime 0x00000000000000B0 (mip.MTI <- 0b1, mip.STI <- 0b0)
mem[X,0x000000008000065E] -> 0x0001
[352] [M]: 0x000000008000065E (0x0001) c.nop                                        main+638

mem[X,0x0000000080000660] -> 0x0593
mem[X,0x0000000080000662] -> 0x0010
[353] [M]: 0x0000000080000660 (0x00100593) addi x11, x0, 0x1                        main+640
x11 <- 0x0000000000000001

clint mtime 0x00000000000000B1 (mip.MTI <- 0b1, mip.STI <- 0b0)
mem[X,0x0000000080000664] -> 0x5513
mem[X,0x0000000080000666] -> 0x00C5
[354] [M]: 0x0000000080000664 (0x00C55513) srli x10, x10, 0xc                       main+644
x10 <- 0x0000000000080007

mem[X,0x0000000080000668] -> 0x1513
mem[X,0x000000008000066A] -> 0x00A5
[355] [M]: 0x0000000080000668 (0x00A51513) slli x10, x10, 0xa                       main+648
x10 <- 0x0000000020001C00

clint mtime 0x00000000000000B2 (mip.MTI <- 0b1, mip.STI <- 0b0)
mem[X,0x000000008000066C] -> 0x6533
mem[X,0x000000008000066E] -> 0x00B5
[356] [M]: 0x000000008000066C (0x00B56533) or x10, x10, x11                         main+652
x10 <- 0x0000000020001C01

mem[X,0x0000000080000670] -> 0x0013
mem[X,0x0000000080000672] -> 0x0000
[357] [M]: 0x0000000080000670 (0x00000013) addi x0, x0, 0x0                         main+656

clint mtime 0x00000000000000B3 (mip.MTI <- 0b1, mip.STI <- 0b0)
mem[X,0x0000000080000674] -> 0x0013
mem[X,0x0000000080000676] -> 0x0000
[358] [M]: 0x0000000080000674 (0x00000013) addi x0, x0, 0x0                         main+660

mem[X,0x0000000080000678] -> 0x0013
mem[X,0x000000008000067A] -> 0x0000
[359] [M]: 0x0000000080000678 (0x00000013) addi x0, x0, 0x0                         main+664

clint mtime 0x00000000000000B4 (mip.MTI <- 0b1, mip.STI <- 0b0)
mem[X,0x000000008000067C] -> 0x0013
mem[X,0x000000008000067E] -> 0x0000
[360] [M]: 0x000000008000067C (0x00000013) addi x0, x0, 0x0                         main+668

mem[X,0x0000000080000680] -> 0x8317
mem[X,0x0000000080000682] -> 0x0000
[361] [M]: 0x0000000080000680 (0x00008317) auipc x6, 0x8                            main+672
x6 <- 0x0000000080008680

clint mtime 0x00000000000000B5 (mip.MTI <- 0b1, mip.STI <- 0b0)
mem[X,0x0000000080000684] -> 0x0313
mem[X,0x0000000080000686] -> 0x9803
[362] [M]: 0x0000000080000684 (0x98030313) addi x6, x6, -0x680                      main+676
x6 <- 0x0000000080008000

mem[X,0x0000000080000688] -> 0x0001
[363] [M]: 0x0000000080000688 (0x0001) c.nop                                        main+680

clint mtime 0x00000000000000B6 (mip.MTI <- 0b1, mip.STI <- 0b0)
mem[X,0x000000008000068A] -> 0x0013
mem[X,0x000000008000068C] -> 0x0000
[364] [M]: 0x000000008000068A (0x00000013) addi x0, x0, 0x0                         main+682

mem[X,0x000000008000068E] -> 0x0013
mem[X,0x0000000080000690] -> 0x0000
[365] [M]: 0x000000008000068E (0x00000013) addi x0, x0, 0x0                         main+686

clint mtime 0x00000000000000B7 (mip.MTI <- 0b1, mip.STI <- 0b0)
mem[X,0x0000000080000692] -> 0x0013
mem[X,0x0000000080000694] -> 0x0000
[366] [M]: 0x0000000080000692 (0x00000013) addi x0, x0, 0x0                         main+690

mem[X,0x0000000080000696] -> 0x0013
mem[X,0x0000000080000698] -> 0x0000
[367] [M]: 0x0000000080000696 (0x00000013) addi x0, x0, 0x0                         main+694

clint mtime 0x00000000000000B8 (mip.MTI <- 0b1, mip.STI <- 0b0)
mem[X,0x000000008000069A] -> 0x0013
mem[X,0x000000008000069C] -> 0x0000
[368] [M]: 0x000000008000069A (0x00000013) addi x0, x0, 0x0                         main+698

mem[X,0x000000008000069E] -> 0x0001
[369] [M]: 0x000000008000069E (0x0001) c.nop                                        main+702

clint mtime 0x00000000000000B9 (mip.MTI <- 0b1, mip.STI <- 0b0)
mem[X,0x00000000800006A0] -> 0x0293
mem[X,0x00000000800006A2] -> 0xFFF0
[370] [M]: 0x00000000800006A0 (0xFFF00293) addi x5, x0, -0x1                        main+704
x5 <- 0xFFFFFFFFFFFFFFFF

mem[X,0x00000000800006A4] -> 0xD293
mem[X,0x00000000800006A6] -> 0x0372
[371] [M]: 0x00000000800006A4 (0x0372D293) srli x5, x5, 0x37                        main+708
x5 <- 0x00000000000001FF

clint mtime 0x00000000000000BA (mip.MTI <- 0b1, mip.STI <- 0b0)
mem[X,0x00000000800006A8] -> 0x9293
mem[X,0x00000000800006AA] -> 0x0032
[372] [M]: 0x00000000800006A8 (0x00329293) slli x5, x5, 0x3                         main+712
x5 <- 0x0000000000000FF8

mem[X,0x00000000800006AC] -> 0x0333
mem[X,0x00000000800006AE] -> 0x0053
[373] [M]: 0x00000000800006AC (0x00530333) add x6, x6, x5                           main+716
x6 <- 0x0000000080008FF8

clint mtime 0x00000000000000BB (mip.MTI <- 0b1, mip.STI <- 0b0)
mem[X,0x00000000800006B0] -> 0x3023
mem[X,0x00000000800006B2] -> 0x00A3
[374] [M]: 0x00000000800006B0 (0x00A33023) sd x10, 0x0(x6)                          main+720
mem[W,0x0000000080008FF8] <- 0x0000000020001C01

mem[X,0x00000000800006B4] -> 0x0013
mem[X,0x00000000800006B6] -> 0x0000
[375] [M]: 0x00000000800006B4 (0x00000013) addi x0, x0, 0x0                         main+724

clint mtime 0x00000000000000BC (mip.MTI <- 0b1, mip.STI <- 0b0)
mem[X,0x00000000800006B8] -> 0x0013
mem[X,0x00000000800006BA] -> 0x0000
[376] [M]: 0x00000000800006B8 (0x00000013) addi x0, x0, 0x0                         main+728

mem[X,0x00000000800006BC] -> 0x0013
mem[X,0x00000000800006BE] -> 0x0000
[377] [M]: 0x00000000800006BC (0x00000013) addi x0, x0, 0x0                         main+732

clint mtime 0x00000000000000BD (mip.MTI <- 0b1, mip.STI <- 0b0)
mem[X,0x00000000800006C0] -> 0x6517
mem[X,0x00000000800006C2] -> 0x0000
[378] [M]: 0x00000000800006C0 (0x00006517) auipc x10, 0x6                           main+736
x10 <- 0x00000000800066C0

mem[X,0x00000000800006C4] -> 0x0513
mem[X,0x00000000800006C6] -> 0x9405
[379] [M]: 0x00000000800006C4 (0x94050513) addi x10, x10, -0x6c0                    main+740
x10 <- 0x0000000080006000

clint mtime 0x00000000000000BE (mip.MTI <- 0b1, mip.STI <- 0b0)
mem[X,0x00000000800006C8] -> 0x0001
[380] [M]: 0x00000000800006C8 (0x0001) c.nop                                        main+744

mem[X,0x00000000800006CA] -> 0x0013
mem[X,0x00000000800006CC] -> 0x0000
[381] [M]: 0x00000000800006CA (0x00000013) addi x0, x0, 0x0                         main+746

clint mtime 0x00000000000000BF (mip.MTI <- 0b1, mip.STI <- 0b0)
mem[X,0x00000000800006CE] -> 0x0013
mem[X,0x00000000800006D0] -> 0x0000
[382] [M]: 0x00000000800006CE (0x00000013) addi x0, x0, 0x0                         main+750

mem[X,0x00000000800006D2] -> 0x0013
mem[X,0x00000000800006D4] -> 0x0000
[383] [M]: 0x00000000800006D2 (0x00000013) addi x0, x0, 0x0                         main+754

clint mtime 0x00000000000000C0 (mip.MTI <- 0b1, mip.STI <- 0b0)
mem[X,0x00000000800006D6] -> 0x0013
mem[X,0x00000000800006D8] -> 0x0000
[384] [M]: 0x00000000800006D6 (0x00000013) addi x0, x0, 0x0                         main+758

mem[X,0x00000000800006DA] -> 0x0013
mem[X,0x00000000800006DC] -> 0x0000
[385] [M]: 0x00000000800006DA (0x00000013) addi x0, x0, 0x0                         main+762

clint mtime 0x00000000000000C1 (mip.MTI <- 0b1, mip.STI <- 0b0)
mem[X,0x00000000800006DE] -> 0x0001
[386] [M]: 0x00000000800006DE (0x0001) c.nop                                        main+766

mem[X,0x00000000800006E0] -> 0x0593
mem[X,0x00000000800006E2] -> 0x0010
[387] [M]: 0x00000000800006E0 (0x00100593) addi x11, x0, 0x1                        main+768
x11 <- 0x0000000000000001

clint mtime 0x00000000000000C2 (mip.MTI <- 0b1, mip.STI <- 0b0)
mem[X,0x00000000800006E4] -> 0x5513
mem[X,0x00000000800006E6] -> 0x00C5
[388] [M]: 0x00000000800006E4 (0x00C55513) srli x10, x10, 0xc                       main+772
x10 <- 0x0000000000080006

mem[X,0x00000000800006E8] -> 0x1513
mem[X,0x00000000800006EA] -> 0x00A5
[389] [M]: 0x00000000800006E8 (0x00A51513) slli x10, x10, 0xa                       main+776
x10 <- 0x0000000020001800

clint mtime 0x00000000000000C3 (mip.MTI <- 0b1, mip.STI <- 0b0)
mem[X,0x00000000800006EC] -> 0x6533
mem[X,0x00000000800006EE] -> 0x00B5
[390] [M]: 0x00000000800006EC (0x00B56533) or x10, x10, x11                         main+780
x10 <- 0x0000000020001801

mem[X,0x00000000800006F0] -> 0x0013
mem[X,0x00000000800006F2] -> 0x0000
[391] [M]: 0x00000000800006F0 (0x00000013) addi x0, x0, 0x0                         main+784

clint mtime 0x00000000000000C4 (mip.MTI <- 0b1, mip.STI <- 0b0)
mem[X,0x00000000800006F4] -> 0x0013
mem[X,0x00000000800006F6] -> 0x0000
[392] [M]: 0x00000000800006F4 (0x00000013) addi x0, x0, 0x0                         main+788

mem[X,0x00000000800006F8] -> 0x0013
mem[X,0x00000000800006FA] -> 0x0000
[393] [M]: 0x00000000800006F8 (0x00000013) addi x0, x0, 0x0                         main+792

clint mtime 0x00000000000000C5 (mip.MTI <- 0b1, mip.STI <- 0b0)
mem[X,0x00000000800006FC] -> 0x0013
mem[X,0x00000000800006FE] -> 0x0000
[394] [M]: 0x00000000800006FC (0x00000013) addi x0, x0, 0x0                         main+796

mem[X,0x0000000080000700] -> 0x7317
mem[X,0x0000000080000702] -> 0x0000
[395] [M]: 0x0000000080000700 (0x00007317) auipc x6, 0x7                            main+800
x6 <- 0x0000000080007700

clint mtime 0x00000000000000C6 (mip.MTI <- 0b1, mip.STI <- 0b0)
mem[X,0x0000000080000704] -> 0x0313
mem[X,0x0000000080000706] -> 0x9003
[396] [M]: 0x0000000080000704 (0x90030313) addi x6, x6, -0x700                      main+804
x6 <- 0x0000000080007000

mem[X,0x0000000080000708] -> 0x0001
[397] [M]: 0x0000000080000708 (0x0001) c.nop                                        main+808

clint mtime 0x00000000000000C7 (mip.MTI <- 0b1, mip.STI <- 0b0)
mem[X,0x000000008000070A] -> 0x0013
mem[X,0x000000008000070C] -> 0x0000
[398] [M]: 0x000000008000070A (0x00000013) addi x0, x0, 0x0                         main+810

mem[X,0x000000008000070E] -> 0x0013
mem[X,0x0000000080000710] -> 0x0000
[399] [M]: 0x000000008000070E (0x00000013) addi x0, x0, 0x0                         main+814

clint mtime 0x00000000000000C8 (mip.MTI <- 0b1, mip.STI <- 0b0)
mem[X,0x0000000080000712] -> 0x0013
mem[X,0x0000000080000714] -> 0x0000
[400] [M]: 0x0000000080000712 (0x00000013) addi x0, x0, 0x0                         main+818

mem[X,0x0000000080000716] -> 0x0013
mem[X,0x0000000080000718] -> 0x0000
[401] [M]: 0x0000000080000716 (0x00000013) addi x0, x0, 0x0                         main+822

clint mtime 0x00000000000000C9 (mip.MTI <- 0b1, mip.STI <- 0b0)
mem[X,0x000000008000071A] -> 0x0013
mem[X,0x000000008000071C] -> 0x0000
[402] [M]: 0x000000008000071A (0x00000013) addi x0, x0, 0x0                         main+826

mem[X,0x000000008000071E] -> 0x0001
[403] [M]: 0x000000008000071E (0x0001) c.nop                                        main+830

clint mtime 0x00000000000000CA (mip.MTI <- 0b1, mip.STI <- 0b0)
mem[X,0x0000000080000720] -> 0x0293
mem[X,0x0000000080000722] -> 0xFFF0
[404] [M]: 0x0000000080000720 (0xFFF00293) addi x5, x0, -0x1                        main+832
x5 <- 0xFFFFFFFFFFFFFFFF

mem[X,0x0000000080000724] -> 0xD293
mem[X,0x0000000080000726] -> 0x0372
[405] [M]: 0x0000000080000724 (0x0372D293) srli x5, x5, 0x37                        main+836
x5 <- 0x00000000000001FF

clint mtime 0x00000000000000CB (mip.MTI <- 0b1, mip.STI <- 0b0)
mem[X,0x0000000080000728] -> 0x9293
mem[X,0x000000008000072A] -> 0x0032
[406] [M]: 0x0000000080000728 (0x00329293) slli x5, x5, 0x3                         main+840
x5 <- 0x0000000000000FF8

mem[X,0x000000008000072C] -> 0x0333
mem[X,0x000000008000072E] -> 0x0053
[407] [M]: 0x000000008000072C (0x00530333) add x6, x6, x5                           main+844
x6 <- 0x0000000080007FF8

clint mtime 0x00000000000000CC (mip.MTI <- 0b1, mip.STI <- 0b0)
mem[X,0x0000000080000730] -> 0x3023
mem[X,0x0000000080000732] -> 0x00A3
[408] [M]: 0x0000000080000730 (0x00A33023) sd x10, 0x0(x6)                          main+848
mem[W,0x0000000080007FF8] <- 0x0000000020001801

mem[X,0x0000000080000734] -> 0x0013
mem[X,0x0000000080000736] -> 0x0000
[409] [M]: 0x0000000080000734 (0x00000013) addi x0, x0, 0x0                         main+852

clint mtime 0x00000000000000CD (mip.MTI <- 0b1, mip.STI <- 0b0)
mem[X,0x0000000080000738] -> 0x0013
mem[X,0x000000008000073A] -> 0x0000
[410] [M]: 0x0000000080000738 (0x00000013) addi x0, x0, 0x0                         main+856

mem[X,0x000000008000073C] -> 0x0013
mem[X,0x000000008000073E] -> 0x0000
[411] [M]: 0x000000008000073C (0x00000013) addi x0, x0, 0x0                         main+860

clint mtime 0x00000000000000CE (mip.MTI <- 0b1, mip.STI <- 0b0)
mem[X,0x0000000080000740] -> 0x4517
mem[X,0x0000000080000742] -> 0x0000
[412] [M]: 0x0000000080000740 (0x00004517) auipc x10, 0x4                           main+864
x10 <- 0x0000000080004740

mem[X,0x0000000080000744] -> 0x0513
mem[X,0x0000000080000746] -> 0x8C05
[413] [M]: 0x0000000080000744 (0x8C050513) addi x10, x10, -0x740                    main+868
x10 <- 0x0000000080004000

clint mtime 0x00000000000000CF (mip.MTI <- 0b1, mip.STI <- 0b0)
mem[X,0x0000000080000748] -> 0x0001
[414] [M]: 0x0000000080000748 (0x0001) c.nop                                        main+872

mem[X,0x000000008000074A] -> 0x0013
mem[X,0x000000008000074C] -> 0x0000
[415] [M]: 0x000000008000074A (0x00000013) addi x0, x0, 0x0                         main+874

clint mtime 0x00000000000000D0 (mip.MTI <- 0b1, mip.STI <- 0b0)
mem[X,0x000000008000074E] -> 0x0013
mem[X,0x0000000080000750] -> 0x0000
[416] [M]: 0x000000008000074E (0x00000013) addi x0, x0, 0x0                         main+878

mem[X,0x0000000080000752] -> 0x0013
mem[X,0x0000000080000754] -> 0x0000
[417] [M]: 0x0000000080000752 (0x00000013) addi x0, x0, 0x0                         main+882

clint mtime 0x00000000000000D1 (mip.MTI <- 0b1, mip.STI <- 0b0)
mem[X,0x0000000080000756] -> 0x0013
mem[X,0x0000000080000758] -> 0x0000
[418] [M]: 0x0000000080000756 (0x00000013) addi x0, x0, 0x0                         main+886

mem[X,0x000000008000075A] -> 0x0013
mem[X,0x000000008000075C] -> 0x0000
[419] [M]: 0x000000008000075A (0x00000013) addi x0, x0, 0x0                         main+890

clint mtime 0x00000000000000D2 (mip.MTI <- 0b1, mip.STI <- 0b0)
mem[X,0x000000008000075E] -> 0x0001
[420] [M]: 0x000000008000075E (0x0001) c.nop                                        main+894

mem[X,0x0000000080000760] -> 0x0593
mem[X,0x0000000080000762] -> 0x0C70
[421] [M]: 0x0000000080000760 (0x0C700593) addi x11, x0, 0xc7                       main+896
x11 <- 0x00000000000000C7

clint mtime 0x00000000000000D3 (mip.MTI <- 0b1, mip.STI <- 0b0)
mem[X,0x0000000080000764] -> 0x5513
mem[X,0x0000000080000766] -> 0x00C5
[422] [M]: 0x0000000080000764 (0x00C55513) srli x10, x10, 0xc                       main+900
x10 <- 0x0000000000080004

mem[X,0x0000000080000768] -> 0x1513
mem[X,0x000000008000076A] -> 0x00A5
[423] [M]: 0x0000000080000768 (0x00A51513) slli x10, x10, 0xa                       main+904
x10 <- 0x0000000020001000

clint mtime 0x00000000000000D4 (mip.MTI <- 0b1, mip.STI <- 0b0)
mem[X,0x000000008000076C] -> 0x6533
mem[X,0x000000008000076E] -> 0x00B5
[424] [M]: 0x000000008000076C (0x00B56533) or x10, x10, x11                         main+908
x10 <- 0x00000000200010C7

mem[X,0x0000000080000770] -> 0x0013
mem[X,0x0000000080000772] -> 0x0000
[425] [M]: 0x0000000080000770 (0x00000013) addi x0, x0, 0x0                         main+912

clint mtime 0x00000000000000D5 (mip.MTI <- 0b1, mip.STI <- 0b0)
mem[X,0x0000000080000774] -> 0x0013
mem[X,0x0000000080000776] -> 0x0000
[426] [M]: 0x0000000080000774 (0x00000013) addi x0, x0, 0x0                         main+916

mem[X,0x0000000080000778] -> 0x0013
mem[X,0x000000008000077A] -> 0x0000
[427] [M]: 0x0000000080000778 (0x00000013) addi x0, x0, 0x0                         main+920

clint mtime 0x00000000000000D6 (mip.MTI <- 0b1, mip.STI <- 0b0)
mem[X,0x000000008000077C] -> 0x0013
mem[X,0x000000008000077E] -> 0x0000
[428] [M]: 0x000000008000077C (0x00000013) addi x0, x0, 0x0                         main+924

mem[X,0x0000000080000780] -> 0x6317
mem[X,0x0000000080000782] -> 0x0000
[429] [M]: 0x0000000080000780 (0x00006317) auipc x6, 0x6                            main+928
x6 <- 0x0000000080006780

clint mtime 0x00000000000000D7 (mip.MTI <- 0b1, mip.STI <- 0b0)
mem[X,0x0000000080000784] -> 0x0313
mem[X,0x0000000080000786] -> 0x8803
[430] [M]: 0x0000000080000784 (0x88030313) addi x6, x6, -0x780                      main+932
x6 <- 0x0000000080006000

mem[X,0x0000000080000788] -> 0x0001
[431] [M]: 0x0000000080000788 (0x0001) c.nop                                        main+936

clint mtime 0x00000000000000D8 (mip.MTI <- 0b1, mip.STI <- 0b0)
mem[X,0x000000008000078A] -> 0x0013
mem[X,0x000000008000078C] -> 0x0000
[432] [M]: 0x000000008000078A (0x00000013) addi x0, x0, 0x0                         main+938

mem[X,0x000000008000078E] -> 0x0013
mem[X,0x0000000080000790] -> 0x0000
[433] [M]: 0x000000008000078E (0x00000013) addi x0, x0, 0x0                         main+942

clint mtime 0x00000000000000D9 (mip.MTI <- 0b1, mip.STI <- 0b0)
mem[X,0x0000000080000792] -> 0x0013
mem[X,0x0000000080000794] -> 0x0000
[434] [M]: 0x0000000080000792 (0x00000013) addi x0, x0, 0x0                         main+946

mem[X,0x0000000080000796] -> 0x0013
mem[X,0x0000000080000798] -> 0x0000
[435] [M]: 0x0000000080000796 (0x00000013) addi x0, x0, 0x0                         main+950

clint mtime 0x00000000000000DA (mip.MTI <- 0b1, mip.STI <- 0b0)
mem[X,0x000000008000079A] -> 0x0013
mem[X,0x000000008000079C] -> 0x0000
[436] [M]: 0x000000008000079A (0x00000013) addi x0, x0, 0x0                         main+954

mem[X,0x000000008000079E] -> 0x0001
[437] [M]: 0x000000008000079E (0x0001) c.nop                                        main+958

clint mtime 0x00000000000000DB (mip.MTI <- 0b1, mip.STI <- 0b0)
mem[X,0x00000000800007A0] -> 0x0293
mem[X,0x00000000800007A2] -> 0xFFF0
[438] [M]: 0x00000000800007A0 (0xFFF00293) addi x5, x0, -0x1                        main+960
x5 <- 0xFFFFFFFFFFFFFFFF

mem[X,0x00000000800007A4] -> 0xD293
mem[X,0x00000000800007A6] -> 0x0372
[439] [M]: 0x00000000800007A4 (0x0372D293) srli x5, x5, 0x37                        main+964
x5 <- 0x00000000000001FF

clint mtime 0x00000000000000DC (mip.MTI <- 0b1, mip.STI <- 0b0)
mem[X,0x00000000800007A8] -> 0x9293
mem[X,0x00000000800007AA] -> 0x0032
[440] [M]: 0x00000000800007A8 (0x00329293) slli x5, x5, 0x3                         main+968
x5 <- 0x0000000000000FF8

mem[X,0x00000000800007AC] -> 0x0333
mem[X,0x00000000800007AE] -> 0x0053
[441] [M]: 0x00000000800007AC (0x00530333) add x6, x6, x5                           main+972
x6 <- 0x0000000080006FF8

clint mtime 0x00000000000000DD (mip.MTI <- 0b1, mip.STI <- 0b0)
mem[X,0x00000000800007B0] -> 0x3023
mem[X,0x00000000800007B2] -> 0x00A3
[442] [M]: 0x00000000800007B0 (0x00A33023) sd x10, 0x0(x6)                          main+976
mem[W,0x0000000080006FF8] <- 0x00000000200010C7

mem[X,0x00000000800007B4] -> 0x0073
mem[X,0x00000000800007B6] -> 0x1200
[443] [M]: 0x00000000800007B4 (0x12000073) sfence.vma x0, x0                        main+980

clint mtime 0x00000000000000DE (mip.MTI <- 0b1, mip.STI <- 0b0)
mem[X,0x00000000800007B8] -> 0x0493
mem[X,0x00000000800007BA] -> 0x0010
[444] [M]: 0x00000000800007B8 (0x00100493) addi x9, x0, 0x1                         main+984
x9 <- 0x0000000000000001

mem[X,0x00000000800007BC] -> 0x9493
mem[X,0x00000000800007BE] -> 0x00B4
[445] [M]: 0x00000000800007BC (0x00B49493) slli x9, x9, 0xb                         main+988
x9 <- 0x0000000000000800

clint mtime 0x00000000000000DF (mip.MTI <- 0b1, mip.STI <- 0b0)
mem[X,0x00000000800007C0] -> 0xB073
mem[X,0x00000000800007C2] -> 0x3004
[446] [M]: 0x00000000800007C0 (0x3004B073) csrrc x0, mstatus, x9                    main+992
CSR mstatus (0x300) <- 0x0000000A00000000

mem[X,0x00000000800007C4] -> 0x0493
mem[X,0x00000000800007C6] -> 0x0010
[447] [M]: 0x00000000800007C4 (0x00100493) addi x9, x0, 0x1                         main+996
x9 <- 0x0000000000000001

clint mtime 0x00000000000000E0 (mip.MTI <- 0b1, mip.STI <- 0b0)
mem[X,0x00000000800007C8] -> 0x9493
mem[X,0x00000000800007CA] -> 0x00B4
[448] [M]: 0x00000000800007C8 (0x00B49493) slli x9, x9, 0xb                         main+1000
x9 <- 0x0000000000000800

mem[X,0x00000000800007CC] -> 0xA073
mem[X,0x00000000800007CE] -> 0x3004
[449] [M]: 0x00000000800007CC (0x3004A073) csrrs x0, mstatus, x9                    main+1004
CSR mstatus (0x300) <- 0x0000000A00000800

clint mtime 0x00000000000000E1 (mip.MTI <- 0b1, mip.STI <- 0b0)
mem[X,0x00000000800007D0] -> 0x23F3
mem[X,0x00000000800007D2] -> 0x3400
[450] [M]: 0x00000000800007D0 (0x340023F3) csrrs x7, mscratch, x0                   main+1008
CSR mscratch (0x340) -> 0x0000000080003000
x7 <- 0x0000000080003000

mem[X,0x00000000800007D4] -> 0xB303
mem[X,0x00000000800007D6] -> 0x4703
[451] [M]: 0x00000000800007D4 (0x4703B303) ld x6, 0x470(x7)                         main+1012
mem[R,0x0000000080003470] -> 0x000000018000039C
x6 <- 0x000000018000039C

clint mtime 0x00000000000000E2 (mip.MTI <- 0b1, mip.STI <- 0b0)
mem[X,0x00000000800007D8] -> 0xB483
mem[X,0x00000000800007DA] -> 0x1D83
[452] [M]: 0x00000000800007D8 (0x1D83B483) ld x9, 0x1d8(x7)                         main+1016
mem[R,0x00000000800031D8] -> 0x00000000800003B4
x9 <- 0x00000000800003B4

mem[X,0x00000000800007DC] -> 0x0333
mem[X,0x00000000800007DE] -> 0x4093
[453] [M]: 0x00000000800007DC (0x40930333) sub x6, x6, x9                           main+1020
x6 <- 0x00000000FFFFFFE8

clint mtime 0x00000000000000E3 (mip.MTI <- 0b1, mip.STI <- 0b0)
mem[X,0x00000000800007E0] -> 0x0313
mem[X,0x00000000800007E2] -> 0x0103
[454] [M]: 0x00000000800007E0 (0x01030313) addi x6, x6, 0x10                        main+1024
x6 <- 0x00000000FFFFFFF8

mem[X,0x00000000800007E4] -> 0x0497
mem[X,0x00000000800007E6] -> 0x0000
[455] [M]: 0x00000000800007E4 (0x00000497) auipc x9, 0x0                            main+1028
x9 <- 0x00000000800007E4

clint mtime 0x00000000000000E4 (mip.MTI <- 0b1, mip.STI <- 0b0)
mem[X,0x00000000800007E8] -> 0x84B3
mem[X,0x00000000800007EA] -> 0x0064
[456] [M]: 0x00000000800007E8 (0x006484B3) add x9, x9, x6                           main+1032
x9 <- 0x00000001800007DC

mem[X,0x00000000800007EC] -> 0x94F3
mem[X,0x00000000800007EE] -> 0x3414
[457] [M]: 0x00000000800007EC (0x341494F3) csrrw x9, mepc, x9                       main+1036
CSR mepc (0x341) <- 0x00000001800007DC
x9 <- 0x0000000000000000

clint mtime 0x00000000000000E5 (mip.MTI <- 0b1, mip.STI <- 0b0)
mem[X,0x00000000800007F0] -> 0x0073
mem[X,0x00000000800007F2] -> 0x3020
[458] [M]: 0x00000000800007F0 (0x30200073) mret                                     main+1040
CSR mstatus (0x300) <- 0x0000000A00000080
ret-ing from M to S

PTW: Start, vpn=0x180000, access_type=X, privilege=Smem[R,0x0000000080008030] -> 0x00000000200000CB
PTW: Step, level=2, pte=0x200000CB, pte_addr=0x80008030
PTW: Success, final_ppn=0x80000, level=2mem[X,0x00000000800007DC] -> 0x0333
mem[X,0x00000000800007DE] -> 0x4093
[459] [S]: 0x00000001800007DC (0x40930333) sub x6, x6, x9                           va_rvtest_code_begin+1088
x6 <- 0x00000000FFFFFFF8

clint mtime 0x00000000000000E6 (mip.MTI <- 0b1, mip.STI <- 0b0)
mem[X,0x00000000800007E0] -> 0x0313
mem[X,0x00000000800007E2] -> 0x0103
[460] [S]: 0x00000001800007E0 (0x01030313) addi x6, x6, 0x10                        va_rvtest_code_begin+1092
x6 <- 0x0000000100000008

mem[X,0x00000000800007E4] -> 0x0497
mem[X,0x00000000800007E6] -> 0x0000
[461] [S]: 0x00000001800007E4 (0x00000497) auipc x9, 0x0                            va_rvtest_code_begin+1096
x9 <- 0x00000001800007E4

clint mtime 0x00000000000000E7 (mip.MTI <- 0b1, mip.STI <- 0b0)
mem[X,0x00000000800007E8] -> 0x84B3
mem[X,0x00000000800007EA] -> 0x0064
[462] [S]: 0x00000001800007E8 (0x006484B3) add x9, x9, x6                           va_rvtest_code_begin+1100
x9 <- 0x00000002800007EC

mem[X,0x00000000800007EC] -> 0x94F3
mem[X,0x00000000800007EE] -> 0x3414
[463] [S]: 0x00000001800007EC (0x341494F3) csrrw x9, mepc, x9                       va_rvtest_code_begin+1104
trapping from S to M to handle illegal-instruction
handling exc#illegal-instruction at priv M with tval 0x00000000341494F3
CSR mstatus (0x300) <- 0x0000000A00000800
CSR mcause (0x342) <- 0x0000000000000002
CSR mtval (0x343) <- 0x00000000341494F3
CSR mepc (0x341) <- 0x00000001800007EC

clint mtime 0x00000000000000E8 (mip.MTI <- 0b1, mip.STI <- 0b0)
mem[X,0x0000000080000B40] -> 0x006F
mem[X,0x0000000080000B42] -> 0x1000
[464] [M]: 0x0000000080000B40 (0x1000006F) jal x0, 0x100                            Mtrampoline+0

mem[X,0x0000000080000C40] -> 0x1173
mem[X,0x0000000080000C42] -> 0x3401
[465] [M]: 0x0000000080000C40 (0x34011173) csrrw x2, mscratch, x2                   trap_Mhandler+0
CSR mscratch (0x340) <- 0x0000000080003000
x2 <- 0x0000000080003000

clint mtime 0x00000000000000E9 (mip.MTI <- 0b1, mip.STI <- 0b0)
mem[X,0x0000000080000C44] -> 0x3423
mem[X,0x0000000080000C46] -> 0x28B1
[466] [M]: 0x0000000080000C44 (0x28B13423) sd x11, 0x288(x2)                        trap_Mhandler+4
mem[W,0x0000000080003288] <- 0x00000000000000C7

mem[X,0x0000000080000C48] -> 0x05EF
mem[X,0x0000000080000C4A] -> 0x0B80
[467] [M]: 0x0000000080000C48 (0x0B8005EF) jal x11, 0xb8                            trap_Mhandler+8
x11 <- 0x0000000080000C4C

clint mtime 0x00000000000000EA (mip.MTI <- 0b1, mip.STI <- 0b0)
mem[X,0x0000000080000D00] -> 0x3023
mem[X,0x0000000080000D02] -> 0x28A1
[468] [M]: 0x0000000080000D00 (0x28A13023) sd x10, 0x280(x2)                        common_Mhandler+0
mem[W,0x0000000080003280] <- 0x00000000200010C7

mem[X,0x0000000080000D04] -> 0x1573
mem[X,0x0000000080000D06] -> 0x3401
[469] [M]: 0x0000000080000D04 (0x34011573) csrrw x10, mscratch, x2                  common_Mhandler+4
CSR mscratch (0x340) <- 0x0000000080003000
x10 <- 0x0000000080003000

clint mtime 0x00000000000000EB (mip.MTI <- 0b1, mip.STI <- 0b0)
mem[X,0x0000000080000D08] -> 0x3823
mem[X,0x0000000080000D0A] -> 0x28A1
[470] [M]: 0x0000000080000D08 (0x28A13823) sd x10, 0x290(x2)                        common_Mhandler+8
mem[W,0x0000000080003290] <- 0x0000000080003000

mem[X,0x0000000080000D0C] -> 0x3503
mem[X,0x0000000080000D0E] -> 0x2301
[471] [M]: 0x0000000080000D0C (0x23013503) ld x10, 0x230(x2)                        common_Mhandler+12
mem[R,0x0000000080003230] -> 0x0000000080000D14
x10 <- 0x0000000080000D14

clint mtime 0x00000000000000EC (mip.MTI <- 0b1, mip.STI <- 0b0)
mem[X,0x0000000080000D10] -> 0x0067
mem[X,0x0000000080000D12] -> 0x0005
[472] [M]: 0x0000000080000D10 (0x00050067) jalr x0, 0x0(x10)                        common_Mhandler+16

mem[X,0x0000000080000D14] -> 0x3C23
mem[X,0x0000000080000D16] -> 0x2691
[473] [M]: 0x0000000080000D14 (0x26913C23) sd x9, 0x278(x2)                         common_Mentry+0
mem[W,0x0000000080003278] <- 0x00000002800007EC

clint mtime 0x00000000000000ED (mip.MTI <- 0b1, mip.STI <- 0b0)
mem[X,0x0000000080000D18] -> 0x3823
mem[X,0x0000000080000D1A] -> 0x2681
[474] [M]: 0x0000000080000D18 (0x26813823) sd x8, 0x270(x2)                         common_Mentry+4
mem[W,0x0000000080003270] <- 0x0000000000007F76

mem[X,0x0000000080000D1C] -> 0x3423
mem[X,0x0000000080000D1E] -> 0x2671
[475] [M]: 0x0000000080000D1C (0x26713423) sd x7, 0x268(x2)                         common_Mentry+8
mem[W,0x0000000080003268] <- 0x0000000080003000

clint mtime 0x00000000000000EE (mip.MTI <- 0b1, mip.STI <- 0b0)
mem[X,0x0000000080000D20] -> 0x3023
mem[X,0x0000000080000D22] -> 0x2661
[476] [M]: 0x0000000080000D20 (0x26613023) sd x6, 0x260(x2)                         common_Mentry+12
mem[W,0x0000000080003260] <- 0x0000000100000008

mem[X,0x0000000080000D24] -> 0x2573
mem[X,0x0000000080000D26] -> 0x3420
[477] [M]: 0x0000000080000D24 (0x34202573) csrrs x10, mcause, x0                    spcl_M2mmode_test+0
CSR mcause (0x342) -> 0x0000000000000002
x10 <- 0x0000000000000002

clint mtime 0x00000000000000EF (mip.MTI <- 0b1, mip.STI <- 0b0)
mem[X,0x0000000080000D28] -> 0x04B7
mem[X,0x0000000080000D2A] -> 0x8000
[478] [M]: 0x0000000080000D28 (0x800004B7) lui x9, -0x80000                         spcl_M2mmode_test+4
x9 <- 0xFFFFFFFF80000000

mem[X,0x0000000080000D2C] -> 0x8493
mem[X,0x0000000080000D2E] -> 0x0004
[479] [M]: 0x0000000080000D2C (0x00048493) addi x9, x9, 0x0                         spcl_M2mmode_test+8
x9 <- 0xFFFFFFFF80000000

clint mtime 0x00000000000000F0 (mip.MTI <- 0b1, mip.STI <- 0b0)
mem[X,0x0000000080000D30] -> 0x9493
mem[X,0x0000000080000D32] -> 0x00B4
[480] [M]: 0x0000000080000D30 (0x00B49493) slli x9, x9, 0xb                         spcl_M2mmode_test+12
x9 <- 0xFFFFFC0000000000

mem[X,0x0000000080000D34] -> 0x8493
mem[X,0x0000000080000D36] -> 0x0004
[481] [M]: 0x0000000080000D34 (0x00048493) addi x9, x9, 0x0                         spcl_M2mmode_test+16
x9 <- 0xFFFFFC0000000000

clint mtime 0x00000000000000F1 (mip.MTI <- 0b1, mip.STI <- 0b0)
mem[X,0x0000000080000D38] -> 0x9493
mem[X,0x0000000080000D3A] -> 0x00B4
[482] [M]: 0x0000000080000D38 (0x00B49493) slli x9, x9, 0xb                         spcl_M2mmode_test+20
x9 <- 0xFFE0000000000000

mem[X,0x0000000080000D3C] -> 0x8493
mem[X,0x0000000080000D3E] -> 0x0034
[483] [M]: 0x0000000080000D3C (0x00348493) addi x9, x9, 0x3                         spcl_M2mmode_test+24
x9 <- 0xFFE0000000000003

clint mtime 0x00000000000000F2 (mip.MTI <- 0b1, mip.STI <- 0b0)
mem[X,0x0000000080000D40] -> 0x9493
mem[X,0x0000000080000D42] -> 0x00A4
[484] [M]: 0x0000000080000D40 (0x00A49493) slli x9, x9, 0xa                         spcl_M2mmode_test+28
x9 <- 0x8000000000000C00

mem[X,0x0000000080000D44] -> 0x8493
mem[X,0x0000000080000D46] -> 0x3FC4
[485] [M]: 0x0000000080000D44 (0x3FC48493) addi x9, x9, 0x3fc                       spcl_M2mmode_test+32
x9 <- 0x8000000000000FFC

clint mtime 0x00000000000000F3 (mip.MTI <- 0b1, mip.STI <- 0b0)
mem[X,0x0000000080000D48] -> 0xF4B3
mem[X,0x0000000080000D4A] -> 0x00A4
[486] [M]: 0x0000000080000D48 (0x00A4F4B3) and x9, x9, x10                          spcl_M2mmode_test+36
x9 <- 0x0000000000000000

mem[X,0x0000000080000D4C] -> 0x8493
mem[X,0x0000000080000D4E] -> 0xFF84
[487] [M]: 0x0000000080000D4C (0xFF848493) addi x9, x9, -0x8                        spcl_M2mmode_test+40
x9 <- 0xFFFFFFFFFFFFFFF8

clint mtime 0x00000000000000F4 (mip.MTI <- 0b1, mip.STI <- 0b0)
mem[X,0x0000000080000D50] -> 0x9663
mem[X,0x0000000080000D52] -> 0x0004
[488] [M]: 0x0000000080000D50 (0x00049663) bne x9, x0, 0xc                          spcl_M2mmode_test+44

mem[X,0x0000000080000D5C] -> 0x0393
mem[X,0x0000000080000D5E] -> 0x0200
[489] [M]: 0x0000000080000D5C (0x02000393) addi x7, x0, 0x20                        Mtrapsig_ptr_upd+0
x7 <- 0x0000000000000020

clint mtime 0x00000000000000F5 (mip.MTI <- 0b1, mip.STI <- 0b0)
mem[X,0x0000000080000D60] -> 0x5263
mem[X,0x0000000080000D62] -> 0x0405
[490] [M]: 0x0000000080000D60 (0x04055263) bge x10, x0, 0x44                        Mtrapsig_ptr_upd+4

mem[X,0x0000000080000DA4] -> 0x2373
mem[X,0x0000000080000DA6] -> 0x3010
[491] [M]: 0x0000000080000DA4 (0x30102373) csrrs x6, misa, x0                       Mxcpt_sig_sv+0
CSR misa (0x301) -> 0x800000000034112F
x6 <- 0x800000000034112F

clint mtime 0x00000000000000F6 (mip.MTI <- 0b1, mip.STI <- 0b0)
mem[X,0x0000000080000DA8] -> 0x1313
mem[X,0x0000000080000DAA] -> 0x0383
[492] [M]: 0x0000000080000DA8 (0x03831313) slli x6, x6, 0x38                        Mxcpt_sig_sv+4
x6 <- 0x2F00000000000000

mem[X,0x0000000080000DAC] -> 0x5463
mem[X,0x0000000080000DAE] -> 0x0003
[493] [M]: 0x0000000080000DAC (0x00035463) bge x6, x0, 0x8                          Mxcpt_sig_sv+8

clint mtime 0x00000000000000F7 (mip.MTI <- 0b1, mip.STI <- 0b0)
mem[X,0x0000000080000DB4] -> 0x3303
mem[X,0x0000000080000DB6] -> 0x2181
[494] [M]: 0x0000000080000DB4 (0x21813303) ld x6, 0x218(x2)                         Mtrap_sig_sv+0
mem[R,0x0000000080003218] -> 0x0000000080009318
x6 <- 0x0000000080009318

mem[X,0x0000000080000DB8] -> 0x04B3
mem[X,0x0000000080000DBA] -> 0x0073
[495] [M]: 0x0000000080000DB8 (0x007304B3) add x9, x6, x7                           Mtrap_sig_sv+4
x9 <- 0x0000000080009338

clint mtime 0x00000000000000F8 (mip.MTI <- 0b1, mip.STI <- 0b0)
mem[X,0x0000000080000DBC] -> 0x3C23
mem[X,0x0000000080000DBE] -> 0x2091
[496] [M]: 0x0000000080000DBC (0x20913C23) sd x9, 0x218(x2)                         Mtrap_sig_sv+8
mem[W,0x0000000080003218] <- 0x0000000080009338

mem[X,0x0000000080000DC0] -> 0x3403
mem[X,0x0000000080000DC2] -> 0x1F81
[497] [M]: 0x0000000080000DC0 (0x1F813403) ld x8, 0x1f8(x2)                         Mtrap_sig_sv+12
mem[R,0x00000000800031F8] -> 0x0000000080009110
x8 <- 0x0000000080009110

clint mtime 0x00000000000000F9 (mip.MTI <- 0b1, mip.STI <- 0b0)
mem[X,0x0000000080000DC4] -> 0x0333
mem[X,0x0000000080000DC6] -> 0x4083
[498] [M]: 0x0000000080000DC4 (0x40830333) sub x6, x6, x8                           Mtrap_sig_sv+16
x6 <- 0x0000000000000208

mem[X,0x0000000080000DC8] -> 0x3403
mem[X,0x0000000080000DCA] -> 0x1F81
[499] [M]: 0x0000000080000DC8 (0x1F813403) ld x8, 0x1f8(x2)                         Mtrap_sig_sv+20
mem[R,0x00000000800031F8] -> 0x0000000080009110
x8 <- 0x0000000080009110

clint mtime 0x00000000000000FA (mip.MTI <- 0b1, mip.STI <- 0b0)
mem[X,0x0000000080000DCC] -> 0x0333
mem[X,0x0000000080000DCE] -> 0x0083
[500] [M]: 0x0000000080000DCC (0x00830333) add x6, x6, x8                           Mtrap_sig_sv+24
x6 <- 0x0000000080009318

mem[X,0x0000000080000DD0] -> 0x3403
mem[X,0x0000000080000DD2] -> 0x2401
[501] [M]: 0x0000000080000DD0 (0x24013403) ld x8, 0x240(x2)                         Mtrap_sig_sv+28
mem[R,0x0000000080003240] -> 0x0000000080000B40
x8 <- 0x0000000080000B40

clint mtime 0x00000000000000FB (mip.MTI <- 0b1, mip.STI <- 0b0)
mem[X,0x0000000080000DD4] -> 0x85B3
mem[X,0x0000000080000DD6] -> 0x4085
[502] [M]: 0x0000000080000DD4 (0x408585B3) sub x11, x11, x8                         sv_Mvect+0
x11 <- 0x000000000000010C

mem[X,0x0000000080000DD8] -> 0x9593
mem[X,0x0000000080000DDA] -> 0x0045
[503] [M]: 0x0000000080000DD8 (0x00459593) slli x11, x11, 0x4                       sv_Mvect+4
x11 <- 0x00000000000010C0

clint mtime 0x00000000000000FC (mip.MTI <- 0b1, mip.STI <- 0b0)
mem[X,0x0000000080000DDC] -> 0xE5B3
mem[X,0x0000000080000DDE] -> 0x0075
[504] [M]: 0x0000000080000DDC (0x0075E5B3) or x11, x11, x7                          sv_Mvect+8
x11 <- 0x00000000000010E0

mem[X,0x0000000080000DE0] -> 0x8593
mem[X,0x0000000080000DE2] -> 0x0035
[505] [M]: 0x0000000080000DE0 (0x00358593) addi x11, x11, 0x3                       sv_Mvect+12
x11 <- 0x00000000000010E3

clint mtime 0x00000000000000FD (mip.MTI <- 0b1, mip.STI <- 0b0)
mem[X,0x0000000080000DE4] -> 0x3023
mem[X,0x0000000080000DE6] -> 0x00B3
[506] [M]: 0x0000000080000DE4 (0x00B33023) sd x11, 0x0(x6)                          sv_Mvect+16
mem[W,0x0000000080009318] <- 0x00000000000010E3

mem[X,0x0000000080000DE8] -> 0x3423
mem[X,0x0000000080000DEA] -> 0x00A3
[507] [M]: 0x0000000080000DE8 (0x00A33423) sd x10, 0x8(x6)                          sv_Mcause+0
mem[W,0x0000000080009320] <- 0x0000000000000002

clint mtime 0x00000000000000FE (mip.MTI <- 0b1, mip.STI <- 0b0)
mem[X,0x0000000080000DEC] -> 0x4663
mem[X,0x0000000080000DEE] -> 0x1A05
[508] [M]: 0x0000000080000DEC (0x1A054663) blt x10, x0, 0x1ac                       sv_Mcause+4

mem[X,0x0000000080000DF0] -> 0x25F3
mem[X,0x0000000080000DF2] -> 0x3000
[509] [M]: 0x0000000080000DF0 (0x300025F3) csrrs x11, mstatus, x0                   common_Mexcpt_handler+0
CSR mstatus (0x300) -> 0x0000000A00000800
x11 <- 0x0000000A00000800

clint mtime 0x00000000000000FF (mip.MTI <- 0b1, mip.STI <- 0b0)
mem[X,0x0000000080000DF4] -> 0x9413
mem[X,0x0000000080000DF6] -> 0x02E5
[510] [M]: 0x0000000080000DF4 (0x02E59413) slli x8, x11, 0x2e                       common_Mexcpt_handler+4
x8 <- 0x0200000000000000

mem[X,0x0000000080000DF8] -> 0x5463
mem[X,0x0000000080000DFA] -> 0x0004
[511] [M]: 0x0000000080000DF8 (0x00045463) bge x8, x0, 0x8                          common_Mexcpt_handler+8

clint mtime 0x0000000000000100 (mip.MTI <- 0b1, mip.STI <- 0b0)
mem[X,0x0000000080000E00] -> 0xD493
mem[X,0x0000000080000E02] -> 0x00B5
[512] [M]: 0x0000000080000E00 (0x00B5D493) srli x9, x11, 0xb                        common_Mexcpt_handler+16
x9 <- 0x0000000001400001

mem[X,0x0000000080000E04] -> 0xF493
mem[X,0x0000000080000E06] -> 0x0034
[513] [M]: 0x0000000080000E04 (0x0034F493) andi x9, x9, 0x3                         common_Mexcpt_handler+20
x9 <- 0x0000000000000001

clint mtime 0x0000000000000101 (mip.MTI <- 0b1, mip.STI <- 0b0)
mem[X,0x0000000080000E08] -> 0x8493
mem[X,0x0000000080000E0A] -> 0x0014
[514] [M]: 0x0000000080000E08 (0x00148493) addi x9, x9, 0x1                         common_Mexcpt_handler+24
x9 <- 0x0000000000000002

mem[X,0x0000000080000E0C] -> 0xF493
mem[X,0x0000000080000E0E] -> 0x0044
[515] [M]: 0x0000000080000E0C (0x0044F493) andi x9, x9, 0x4                         common_Mexcpt_handler+28
x9 <- 0x0000000000000000

clint mtime 0x0000000000000102 (mip.MTI <- 0b1, mip.STI <- 0b0)
mem[X,0x0000000080000E10] -> 0x0593
mem[X,0x0000000080000E12] -> 0x05D0
[516] [M]: 0x0000000080000E10 (0x05D00593) addi x11, x0, 0x5d                       common_Mexcpt_handler+32
x11 <- 0x000000000000005D

mem[X,0x0000000080000E14] -> 0xD5B3
mem[X,0x0000000080000E16] -> 0x0095
[517] [M]: 0x0000000080000E14 (0x0095D5B3) srl x11, x11, x9                         common_Mexcpt_handler+36
x11 <- 0x000000000000005D

clint mtime 0x0000000000000103 (mip.MTI <- 0b1, mip.STI <- 0b0)
mem[X,0x0000000080000E18] -> 0xF593
mem[X,0x0000000080000E1A] -> 0x0015
[518] [M]: 0x0000000080000E18 (0x0015F593) andi x11, x11, 0x1                       common_Mexcpt_handler+40
x11 <- 0x0000000000000001

mem[X,0x0000000080000E1C] -> 0x8EE3
mem[X,0x0000000080000E1E] -> 0xF405
[519] [M]: 0x0000000080000E1C (0xF4058EE3) beq x11, x0, -0xa4                       common_Mexcpt_handler+44

clint mtime 0x0000000000000104 (mip.MTI <- 0b1, mip.STI <- 0b0)
mem[X,0x0000000080000E20] -> 0x0593
mem[X,0x0000000080000E22] -> 0x2980
[520] [M]: 0x0000000080000E20 (0x29800593) addi x11, x0, 0x298                      common_Mexcpt_handler+48
x11 <- 0x0000000000000298

mem[X,0x0000000080000E24] -> 0xF413
mem[X,0x0000000080000E26] -> 0x0014
[521] [M]: 0x0000000080000E24 (0x0014F413) andi x8, x9, 0x1                         common_Mexcpt_handler+52
x8 <- 0x0000000000000000

clint mtime 0x0000000000000105 (mip.MTI <- 0b1, mip.STI <- 0b0)
mem[X,0x0000000080000E28] -> 0x95B3
mem[X,0x0000000080000E2A] -> 0x0085
[522] [M]: 0x0000000080000E28 (0x008595B3) sll x11, x11, x8                         common_Mexcpt_handler+56
x11 <- 0x0000000000000298

mem[X,0x0000000080000E2C] -> 0x9413
mem[X,0x0000000080000E2E] -> 0x03D4
[523] [M]: 0x0000000080000E2C (0x03D49413) slli x8, x9, 0x3d                        common_Mexcpt_handler+60
x8 <- 0x0000000000000000

clint mtime 0x0000000000000106 (mip.MTI <- 0b1, mip.STI <- 0b0)
mem[X,0x0000000080000E30] -> 0x5413
mem[X,0x0000000080000E32] -> 0x43F4
[524] [M]: 0x0000000080000E30 (0x43F45413) srai x8, x8, 0x3f                        common_Mexcpt_handler+64
x8 <- 0x0000000000000000

mem[X,0x0000000080000E34] -> 0x4413
mem[X,0x0000000080000E36] -> 0xFFF4
[525] [M]: 0x0000000080000E34 (0xFFF44413) xori x8, x8, -0x1                        common_Mexcpt_handler+68
x8 <- 0xFFFFFFFFFFFFFFFF

clint mtime 0x0000000000000107 (mip.MTI <- 0b1, mip.STI <- 0b0)
mem[X,0x0000000080000E38] -> 0xF4B3
mem[X,0x0000000080000E3A] -> 0x0085
[526] [M]: 0x0000000080000E38 (0x0085F4B3) and x9, x11, x8                          common_Mexcpt_handler+72
x9 <- 0x0000000000000298

mem[X,0x0000000080000E3C] -> 0x84B3
mem[X,0x0000000080000E3E] -> 0x0024
[527] [M]: 0x0000000080000E3C (0x002484B3) add x9, x9, x2                           vmem_adj_Mepc+0
x9 <- 0x0000000080003298

clint mtime 0x0000000000000108 (mip.MTI <- 0b1, mip.STI <- 0b0)
mem[X,0x0000000080000E40] -> 0x23F3
mem[X,0x0000000080000E42] -> 0x3410
[528] [M]: 0x0000000080000E40 (0x341023F3) csrrs x7, mepc, x0                       vmem_adj_Mepc+4
CSR mepc (0x341) -> 0x00000001800007EC
x7 <- 0x00000001800007EC

mem[X,0x0000000080000E44] -> 0x0413
mem[X,0x0000000080000E46] -> 0x0004
[529] [M]: 0x0000000080000E44 (0x00040413) addi x8, x8, 0x0                         vmem_adj_Mepc+8
x8 <- 0xFFFFFFFFFFFFFFFF

clint mtime 0x0000000000000109 (mip.MTI <- 0b1, mip.STI <- 0b0)
mem[X,0x0000000080000E48] -> 0x006F
mem[X,0x0000000080000E4A] -> 0x0400
[530] [M]: 0x0000000080000E48 (0x0400006F) jal x0, 0x40                             vmem_adj_Mepc+12

mem[X,0x0000000080000E88] -> 0x8433
mem[X,0x0000000080000E8A] -> 0x4083
[531] [M]: 0x0000000080000E88 (0x40838433) sub x8, x7, x8                           adj_Mepc+0
x8 <- 0x00000001800007ED

clint mtime 0x000000000000010A (mip.MTI <- 0b1, mip.STI <- 0b0)
mem[X,0x0000000080000E8C] -> 0x3823
mem[X,0x0000000080000E8E] -> 0x0083
[532] [M]: 0x0000000080000E8C (0x00833823) sd x8, 0x10(x6)                          sv_Mepc+0
mem[W,0x0000000080009328] <- 0x00000001800007ED

mem[X,0x0000000080000E90] -> 0x55B7
mem[X,0x0000000080000E92] -> 0x0000
[533] [M]: 0x0000000080000E90 (0x000055B7) lui x11, 0x5                             sv_Mepc+4
x11 <- 0x0000000000005000

clint mtime 0x000000000000010B (mip.MTI <- 0b1, mip.STI <- 0b0)
mem[X,0x0000000080000E94] -> 0x8593
mem[X,0x0000000080000E96] -> 0x6675
[534] [M]: 0x0000000080000E94 (0x66758593) addi x11, x11, 0x667                     sv_Mepc+8
x11 <- 0x0000000000005667

mem[X,0x0000000080000E98] -> 0x9593
mem[X,0x0000000080000E9A] -> 0x0015
[535] [M]: 0x0000000080000E98 (0x00159593) slli x11, x11, 0x1                       sv_Mepc+12
x11 <- 0x000000000000ACCE

clint mtime 0x000000000000010C (mip.MTI <- 0b1, mip.STI <- 0b0)
mem[X,0x0000000080000E9C] -> 0x9063
mem[X,0x0000000080000E9E] -> 0x02B1
[536] [M]: 0x0000000080000E9C (0x02B19063) bne x3, x11, 0x20                        sv_Mepc+16

mem[X,0x0000000080000EBC] -> 0xF593
mem[X,0x0000000080000EBE] -> 0xFFC3
[537] [M]: 0x0000000080000EBC (0xFFC3F593) andi x11, x7, -0x4                       adj_Mepc_rtn+0
x11 <- 0x00000001800007EC

clint mtime 0x000000000000010D (mip.MTI <- 0b1, mip.STI <- 0b0)
mem[X,0x0000000080000EC0] -> 0x8593
mem[X,0x0000000080000EC2] -> 0x0085
[538] [M]: 0x0000000080000EC0 (0x00858593) addi x11, x11, 0x8                       adj_Mepc_rtn+4
x11 <- 0x00000001800007F4

mem[X,0x0000000080000EC4] -> 0x9073
mem[X,0x0000000080000EC6] -> 0x3415
[539] [M]: 0x0000000080000EC4 (0x34159073) csrrw x0, mepc, x11                      adj_Mepc_rtn+8
CSR mepc (0x341) <- 0x00000001800007F4

clint mtime 0x000000000000010E (mip.MTI <- 0b1, mip.STI <- 0b0)
mem[X,0x0000000080000EC8] -> 0x23F3
mem[X,0x0000000080000ECA] -> 0x3430
[540] [M]: 0x0000000080000EC8 (0x343023F3) csrrs x7, mtval, x0                      skp_adj_Mepc+0
CSR mtval (0x343) -> 0x00000000341494F3
x7 <- 0x00000000341494F3

mem[X,0x0000000080000ECC] -> 0x0413
mem[X,0x0000000080000ECE] -> 0x0004
[541] [M]: 0x0000000080000ECC (0x00040413) addi x8, x8, 0x0                         skp_adj_Mepc+4
x8 <- 0x00000001800007ED

clint mtime 0x000000000000010F (mip.MTI <- 0b1, mip.STI <- 0b0)
mem[X,0x0000000080000ED0] -> 0x006F
mem[X,0x0000000080000ED2] -> 0x0840
[542] [M]: 0x0000000080000ED0 (0x0840006F) jal x0, 0x84                             skp_adj_Mepc+8

mem[X,0x0000000080000F54] -> 0x8433
mem[X,0x0000000080000F56] -> 0x4083
[543] [M]: 0x0000000080000F54 (0x40838433) sub x8, x7, x8                           adj_Mtval+0
x8 <- 0xFFFFFFFEB4148D06

clint mtime 0x0000000000000110 (mip.MTI <- 0b1, mip.STI <- 0b0)
mem[X,0x0000000080000F58] -> 0x3C23
mem[X,0x0000000080000F5A] -> 0x0083
[544] [M]: 0x0000000080000F58 (0x00833C23) sd x8, 0x18(x6)                          sv_Mtval+0
mem[W,0x0000000080009330] <- 0xFFFFFFFEB4148D06

mem[X,0x0000000080000F5C] -> 0x3483
mem[X,0x0000000080000F5E] -> 0x2181
[545] [M]: 0x0000000080000F5C (0x21813483) ld x9, 0x218(x2)                         skp_Mtval+0
mem[R,0x0000000080003218] -> 0x0000000080009338
x9 <- 0x0000000080009338

clint mtime 0x0000000000000111 (mip.MTI <- 0b1, mip.STI <- 0b0)
mem[X,0x0000000080000F60] -> 0x3383
mem[X,0x0000000080000F62] -> 0x1F81
[546] [M]: 0x0000000080000F60 (0x1F813383) ld x7, 0x1f8(x2)                         skp_Mtval+4
mem[R,0x00000000800031F8] -> 0x0000000080009110
x7 <- 0x0000000080009110

mem[X,0x0000000080000F64] -> 0x3303
mem[X,0x0000000080000F66] -> 0x2001
[547] [M]: 0x0000000080000F64 (0x20013303) ld x6, 0x200(x2)                         skp_Mtval+8
mem[R,0x0000000080003200] -> 0x0000000000000410
x6 <- 0x0000000000000410

clint mtime 0x0000000000000112 (mip.MTI <- 0b1, mip.STI <- 0b0)
mem[X,0x0000000080000F68] -> 0x0333
mem[X,0x0000000080000F6A] -> 0x0073
[548] [M]: 0x0000000080000F68 (0x00730333) add x6, x6, x7                           skp_Mtval+12
x6 <- 0x0000000080009520

mem[X,0x0000000080000F6C] -> 0x6CE3
mem[X,0x0000000080000F6E] -> 0xAE93
[549] [M]: 0x0000000080000F6C (0xAE936CE3) bltu x6, x9, -0x508                      skp_Mtval+16

clint mtime 0x0000000000000113 (mip.MTI <- 0b1, mip.STI <- 0b0)
mem[X,0x0000000080000F70] -> 0x0393
mem[X,0x0000000080000F72] -> 0x2000
[550] [M]: 0x0000000080000F70 (0x20000393) addi x7, x0, 0x200                       skp_Mtval+20
x7 <- 0x0000000000000200

mem[X,0x0000000080000F74] -> 0x006F
mem[X,0x0000000080000F76] -> 0x0400
[551] [M]: 0x0000000080000F74 (0x0400006F) jal x0, 0x40                             skp_Mtval+24

clint mtime 0x0000000000000114 (mip.MTI <- 0b1, mip.STI <- 0b0)
mem[X,0x0000000080000FB4] -> 0x0417
mem[X,0x0000000080000FB6] -> 0x0000
[552] [M]: 0x0000000080000FB4 (0x00000417) auipc x8, 0x0                            spcl_Mhandler+0
x8 <- 0x0000000080000FB4

mem[X,0x0000000080000FB8] -> 0x0413
mem[X,0x0000000080000FBA] -> 0x03C4
[553] [M]: 0x0000000080000FB8 (0x03C40413) addi x8, x8, 0x3c                        spcl_Mhandler+4
x8 <- 0x0000000080000FF0

clint mtime 0x0000000000000115 (mip.MTI <- 0b1, mip.STI <- 0b0)
mem[X,0x0000000080000FBC] -> 0x0433
mem[X,0x0000000080000FBE] -> 0x0074
[554] [M]: 0x0000000080000FBC (0x00740433) add x8, x8, x7                           spcl_Mhandler+8
x8 <- 0x00000000800011F0

mem[X,0x0000000080000FC0] -> 0x1393
mem[X,0x0000000080000FC2] -> 0x0035
[555] [M]: 0x0000000080000FC0 (0x00351393) slli x7, x10, 0x3                        spcl_Mhandler+12
x7 <- 0x0000000000000010

clint mtime 0x0000000000000116 (mip.MTI <- 0b1, mip.STI <- 0b0)
mem[X,0x0000000080000FC4] -> 0x0433
mem[X,0x0000000080000FC6] -> 0x0074
[556] [M]: 0x0000000080000FC4 (0x00740433) add x8, x8, x7                           spcl_Mhandler+16
x8 <- 0x0000000080001200

mem[X,0x0000000080000FC8] -> 0x7413
mem[X,0x0000000080000FCA] -> 0xFF84
[557] [M]: 0x0000000080000FC8 (0xFF847413) andi x8, x8, -0x8                        spcl_Mhandler+20
x8 <- 0x0000000080001200

clint mtime 0x0000000000000117 (mip.MTI <- 0b1, mip.STI <- 0b0)
mem[X,0x0000000080000FCC] -> 0x3403
mem[X,0x0000000080000FCE] -> 0x0004
[558] [M]: 0x0000000080000FCC (0x00043403) ld x8, 0x0(x8)                           spcl_Mhandler+24
mem[R,0x0000000080001200] -> 0x0000000000000005
x8 <- 0x0000000000000005

mem[X,0x0000000080000FD0] -> 0x04E3
mem[X,0x0000000080000FD2] -> 0xB204
[559] [M]: 0x0000000080000FD0 (0xB20404E3) beq x8, x0, -0x4d8                       spcl_Mdispatch_hndling+0

clint mtime 0x0000000000000118 (mip.MTI <- 0b1, mip.STI <- 0b0)
mem[X,0x0000000080000FD4] -> 0x1393
mem[X,0x0000000080000FD6] -> 0x03F4
[560] [M]: 0x0000000080000FD4 (0x03F41393) slli x7, x8, 0x3f                        spcl_Mdispatch_hndling+4
x7 <- 0x8000000000000000

mem[X,0x0000000080000FD8] -> 0xD863
mem[X,0x0000000080000FDA] -> 0x0003
[561] [M]: 0x0000000080000FD8 (0x0003D863) bge x7, x0, 0x10                         spcl_Mdispatch_hndling+8

clint mtime 0x0000000000000119 (mip.MTI <- 0b1, mip.STI <- 0b0)
mem[X,0x0000000080000FDC] -> 0x5413
mem[X,0x0000000080000FDE] -> 0x0014
[562] [M]: 0x0000000080000FDC (0x00145413) srli x8, x8, 0x1                         spcl_Mdispatch_hndling+12
x8 <- 0x0000000000000002

mem[X,0x0000000080000FE0] -> 0x0CE3
mem[X,0x0000000080000FE2] -> 0xF885
[563] [M]: 0x0000000080000FE0 (0xF8850CE3) beq x10, x8, -0x68                       spcl_Mdispatch_hndling+16

clint mtime 0x000000000000011A (mip.MTI <- 0b1, mip.STI <- 0b0)
mem[X,0x0000000080000F78] -> 0x3303
mem[X,0x0000000080000F7A] -> 0x2601
[564] [M]: 0x0000000080000F78 (0x26013303) ld x6, 0x260(x2)                         resto_Mrtn+0
mem[R,0x0000000080003260] -> 0x0000000100000008
x6 <- 0x0000000100000008

mem[X,0x0000000080000F7C] -> 0x3383
mem[X,0x0000000080000F7E] -> 0x2681
[565] [M]: 0x0000000080000F7C (0x26813383) ld x7, 0x268(x2)                         resto_Mrtn+4
mem[R,0x0000000080003268] -> 0x0000000080003000
x7 <- 0x0000000080003000

clint mtime 0x000000000000011B (mip.MTI <- 0b1, mip.STI <- 0b0)
mem[X,0x0000000080000F80] -> 0x3403
mem[X,0x0000000080000F82] -> 0x2701
[566] [M]: 0x0000000080000F80 (0x27013403) ld x8, 0x270(x2)                         resto_Mrtn+8
mem[R,0x0000000080003270] -> 0x0000000000007F76
x8 <- 0x0000000000007F76

mem[X,0x0000000080000F84] -> 0x3483
mem[X,0x0000000080000F86] -> 0x2781
[567] [M]: 0x0000000080000F84 (0x27813483) ld x9, 0x278(x2)                         resto_Mrtn+12
mem[R,0x0000000080003278] -> 0x00000002800007EC
x9 <- 0x00000002800007EC

clint mtime 0x000000000000011C (mip.MTI <- 0b1, mip.STI <- 0b0)
mem[X,0x0000000080000F88] -> 0x3503
mem[X,0x0000000080000F8A] -> 0x2801
[568] [M]: 0x0000000080000F88 (0x28013503) ld x10, 0x280(x2)                        resto_Mrtn+16
mem[R,0x0000000080003280] -> 0x00000000200010C7
x10 <- 0x00000000200010C7

mem[X,0x0000000080000F8C] -> 0x3583
mem[X,0x0000000080000F8E] -> 0x2881
[569] [M]: 0x0000000080000F8C (0x28813583) ld x11, 0x288(x2)                        resto_Mrtn+20
mem[R,0x0000000080003288] -> 0x00000000000000C7
x11 <- 0x00000000000000C7

clint mtime 0x000000000000011D (mip.MTI <- 0b1, mip.STI <- 0b0)
mem[X,0x0000000080000F90] -> 0x3103
mem[X,0x0000000080000F92] -> 0x2901
[570] [M]: 0x0000000080000F90 (0x29013103) ld x2, 0x290(x2)                         resto_Mrtn+24
mem[R,0x0000000080003290] -> 0x0000000080003000
x2 <- 0x0000000080003000

mem[X,0x0000000080000F94] -> 0x0073
mem[X,0x0000000080000F96] -> 0x3020
[571] [M]: 0x0000000080000F94 (0x30200073) mret                                     resto_Mrtn+28
CSR mstatus (0x300) <- 0x0000000A00000080
ret-ing from M to S

clint mtime 0x000000000000011E (mip.MTI <- 0b1, mip.STI <- 0b0)
mem[X,0x00000000800007F4] -> 0x0793
mem[X,0x00000000800007F6] -> 0xFFF0
[572] [S]: 0x00000001800007F4 (0xFFF00793) addi x15, x0, -0x1                       va_rvtest_code_begin+1112
x15 <- 0xFFFFFFFFFFFFFFFF

mem[X,0x00000000800007F8] -> 0x0613
mem[X,0x00000000800007FA] -> 0x0106
[573] [S]: 0x00000001800007F8 (0x01060613) addi x12, x12, 0x10                      va_rvtest_code_begin+1116
x12 <- 0x0000000000000010

clint mtime 0x000000000000011F (mip.MTI <- 0b1, mip.STI <- 0b0)
mem[X,0x00000000800007FC] -> 0x8023
mem[X,0x00000000800007FE] -> 0x00C7
[574] [S]: 0x00000001800007FC (0x00C78023) sb x12, 0x0(x15)                         va_rvtest_code_begin+1120
PTW: Start, vpn=0x7ffffff, access_type=W, privilege=Smem[R,0x0000000080008FF8] -> 0x0000000020001C01
PTW: Step, level=2, pte=0x20001C01, pte_addr=0x80008FF8
PTW: Start, vpn=0x7ffffff, access_type=W, privilege=Smem[R,0x0000000080007FF8] -> 0x0000000020001801
PTW: Step, level=1, pte=0x20001801, pte_addr=0x80007FF8
PTW: Start, vpn=0x7ffffff, access_type=W, privilege=Smem[R,0x0000000080006FF8] -> 0x00000000200010C7
PTW: Step, level=0, pte=0x200010C7, pte_addr=0x80006FF8
PTW: Success, final_ppn=0x80004, level=0mem[W,0x0000000080004FFF] <- 0x10

mem[X,0x0000000080000800] -> 0x0013
mem[X,0x0000000080000802] -> 0x0000
[575] [S]: 0x0000000180000800 (0x00000013) addi x0, x0, 0x0                         va_rvtest_code_begin+1124

clint mtime 0x0000000000000120 (mip.MTI <- 0b1, mip.STI <- 0b0)
mem[X,0x0000000080000804] -> 0xC703
mem[X,0x0000000080000806] -> 0x0007
[576] [S]: 0x0000000180000804 (0x0007C703) lbu x14, 0x0(x15)                        va_rvtest_code_begin+1128
mem[R,0x0000000080004FFF] -> 0x10
x14 <- 0x0000000000000010

mem[X,0x0000000080000808] -> 0x0013
mem[X,0x000000008000080A] -> 0x0000
[577] [S]: 0x0000000180000808 (0x00000013) addi x0, x0, 0x0                         va_rvtest_code_begin+1132

clint mtime 0x0000000000000121 (mip.MTI <- 0b1, mip.STI <- 0b0)
mem[X,0x000000008000080C] -> 0x0013
mem[X,0x000000008000080E] -> 0x0000
[578] [S]: 0x000000018000080C (0x00000013) addi x0, x0, 0x0                         va_rvtest_code_begin+1136

mem[X,0x0000000080000810] -> 0x0013
mem[X,0x0000000080000812] -> 0x0000
[579] [S]: 0x0000000180000810 (0x00000013) addi x0, x0, 0x0                         va_rvtest_code_begin+1140

clint mtime 0x0000000000000122 (mip.MTI <- 0b1, mip.STI <- 0b0)
mem[X,0x0000000080000814] -> 0x0113
mem[X,0x0000000080000816] -> 0x0000
[580] [S]: 0x0000000180000814 (0x00000113) addi x2, x0, 0x0                         va_rvtest_code_begin+1144
x2 <- 0x0000000000000000

mem[X,0x0000000080000818] -> 0x0073
mem[X,0x000000008000081A] -> 0x0000
[581] [S]: 0x0000000180000818 (0x00000073) ecall                                    va_rvtest_code_begin+1148
trapping from S to M to handle s-call
handling exc#s-call at priv M with tval 0x0000000000000000
CSR mstatus (0x300) <- 0x0000000A00000800
CSR mcause (0x342) <- 0x0000000000000009
CSR mtval (0x343) <- 0x0000000000000000
CSR mepc (0x341) <- 0x0000000180000818

clint mtime 0x0000000000000123 (mip.MTI <- 0b1, mip.STI <- 0b0)
mem[X,0x0000000080000B40] -> 0x006F
mem[X,0x0000000080000B42] -> 0x1000
[582] [M]: 0x0000000080000B40 (0x1000006F) jal x0, 0x100                            Mtrampoline+0

mem[X,0x0000000080000C40] -> 0x1173
mem[X,0x0000000080000C42] -> 0x3401
[583] [M]: 0x0000000080000C40 (0x34011173) csrrw x2, mscratch, x2                   trap_Mhandler+0
CSR mscratch (0x340) <- 0x0000000000000000
x2 <- 0x0000000080003000

clint mtime 0x0000000000000124 (mip.MTI <- 0b1, mip.STI <- 0b0)
mem[X,0x0000000080000C44] -> 0x3423
mem[X,0x0000000080000C46] -> 0x28B1
[584] [M]: 0x0000000080000C44 (0x28B13423) sd x11, 0x288(x2)                        trap_Mhandler+4
mem[W,0x0000000080003288] <- 0x00000000000000C7

mem[X,0x0000000080000C48] -> 0x05EF
mem[X,0x0000000080000C4A] -> 0x0B80
[585] [M]: 0x0000000080000C48 (0x0B8005EF) jal x11, 0xb8                            trap_Mhandler+8
x11 <- 0x0000000080000C4C

clint mtime 0x0000000000000125 (mip.MTI <- 0b1, mip.STI <- 0b0)
mem[X,0x0000000080000D00] -> 0x3023
mem[X,0x0000000080000D02] -> 0x28A1
[586] [M]: 0x0000000080000D00 (0x28A13023) sd x10, 0x280(x2)                        common_Mhandler+0
mem[W,0x0000000080003280] <- 0x00000000200010C7

mem[X,0x0000000080000D04] -> 0x1573
mem[X,0x0000000080000D06] -> 0x3401
[587] [M]: 0x0000000080000D04 (0x34011573) csrrw x10, mscratch, x2                  common_Mhandler+4
CSR mscratch (0x340) <- 0x0000000080003000
x10 <- 0x0000000000000000

clint mtime 0x0000000000000126 (mip.MTI <- 0b1, mip.STI <- 0b0)
mem[X,0x0000000080000D08] -> 0x3823
mem[X,0x0000000080000D0A] -> 0x28A1
[588] [M]: 0x0000000080000D08 (0x28A13823) sd x10, 0x290(x2)                        common_Mhandler+8
mem[W,0x0000000080003290] <- 0x0000000000000000

mem[X,0x0000000080000D0C] -> 0x3503
mem[X,0x0000000080000D0E] -> 0x2301
[589] [M]: 0x0000000080000D0C (0x23013503) ld x10, 0x230(x2)                        common_Mhandler+12
mem[R,0x0000000080003230] -> 0x0000000080000D14
x10 <- 0x0000000080000D14

clint mtime 0x0000000000000127 (mip.MTI <- 0b1, mip.STI <- 0b0)
mem[X,0x0000000080000D10] -> 0x0067
mem[X,0x0000000080000D12] -> 0x0005
[590] [M]: 0x0000000080000D10 (0x00050067) jalr x0, 0x0(x10)                        common_Mhandler+16

mem[X,0x0000000080000D14] -> 0x3C23
mem[X,0x0000000080000D16] -> 0x2691
[591] [M]: 0x0000000080000D14 (0x26913C23) sd x9, 0x278(x2)                         common_Mentry+0
mem[W,0x0000000080003278] <- 0x00000002800007EC

clint mtime 0x0000000000000128 (mip.MTI <- 0b1, mip.STI <- 0b0)
mem[X,0x0000000080000D18] -> 0x3823
mem[X,0x0000000080000D1A] -> 0x2681
[592] [M]: 0x0000000080000D18 (0x26813823) sd x8, 0x270(x2)                         common_Mentry+4
mem[W,0x0000000080003270] <- 0x0000000000007F76

mem[X,0x0000000080000D1C] -> 0x3423
mem[X,0x0000000080000D1E] -> 0x2671
[593] [M]: 0x0000000080000D1C (0x26713423) sd x7, 0x268(x2)                         common_Mentry+8
mem[W,0x0000000080003268] <- 0x0000000080003000

clint mtime 0x0000000000000129 (mip.MTI <- 0b1, mip.STI <- 0b0)
mem[X,0x0000000080000D20] -> 0x3023
mem[X,0x0000000080000D22] -> 0x2661
[594] [M]: 0x0000000080000D20 (0x26613023) sd x6, 0x260(x2)                         common_Mentry+12
mem[W,0x0000000080003260] <- 0x0000000100000008

mem[X,0x0000000080000D24] -> 0x2573
mem[X,0x0000000080000D26] -> 0x3420
[595] [M]: 0x0000000080000D24 (0x34202573) csrrs x10, mcause, x0                    spcl_M2mmode_test+0
CSR mcause (0x342) -> 0x0000000000000009
x10 <- 0x0000000000000009

clint mtime 0x000000000000012A (mip.MTI <- 0b1, mip.STI <- 0b0)
mem[X,0x0000000080000D28] -> 0x04B7
mem[X,0x0000000080000D2A] -> 0x8000
[596] [M]: 0x0000000080000D28 (0x800004B7) lui x9, -0x80000                         spcl_M2mmode_test+4
x9 <- 0xFFFFFFFF80000000

mem[X,0x0000000080000D2C] -> 0x8493
mem[X,0x0000000080000D2E] -> 0x0004
[597] [M]: 0x0000000080000D2C (0x00048493) addi x9, x9, 0x0                         spcl_M2mmode_test+8
x9 <- 0xFFFFFFFF80000000

clint mtime 0x000000000000012B (mip.MTI <- 0b1, mip.STI <- 0b0)
mem[X,0x0000000080000D30] -> 0x9493
mem[X,0x0000000080000D32] -> 0x00B4
[598] [M]: 0x0000000080000D30 (0x00B49493) slli x9, x9, 0xb                         spcl_M2mmode_test+12
x9 <- 0xFFFFFC0000000000

mem[X,0x0000000080000D34] -> 0x8493
mem[X,0x0000000080000D36] -> 0x0004
[599] [M]: 0x0000000080000D34 (0x00048493) addi x9, x9, 0x0                         spcl_M2mmode_test+16
x9 <- 0xFFFFFC0000000000

clint mtime 0x000000000000012C (mip.MTI <- 0b1, mip.STI <- 0b0)
mem[X,0x0000000080000D38] -> 0x9493
mem[X,0x0000000080000D3A] -> 0x00B4
[600] [M]: 0x0000000080000D38 (0x00B49493) slli x9, x9, 0xb                         spcl_M2mmode_test+20
x9 <- 0xFFE0000000000000

mem[X,0x0000000080000D3C] -> 0x8493
mem[X,0x0000000080000D3E] -> 0x0034
[601] [M]: 0x0000000080000D3C (0x00348493) addi x9, x9, 0x3                         spcl_M2mmode_test+24
x9 <- 0xFFE0000000000003

clint mtime 0x000000000000012D (mip.MTI <- 0b1, mip.STI <- 0b0)
mem[X,0x0000000080000D40] -> 0x9493
mem[X,0x0000000080000D42] -> 0x00A4
[602] [M]: 0x0000000080000D40 (0x00A49493) slli x9, x9, 0xa                         spcl_M2mmode_test+28
x9 <- 0x8000000000000C00

mem[X,0x0000000080000D44] -> 0x8493
mem[X,0x0000000080000D46] -> 0x3FC4
[603] [M]: 0x0000000080000D44 (0x3FC48493) addi x9, x9, 0x3fc                       spcl_M2mmode_test+32
x9 <- 0x8000000000000FFC

clint mtime 0x000000000000012E (mip.MTI <- 0b1, mip.STI <- 0b0)
mem[X,0x0000000080000D48] -> 0xF4B3
mem[X,0x0000000080000D4A] -> 0x00A4
[604] [M]: 0x0000000080000D48 (0x00A4F4B3) and x9, x9, x10                          spcl_M2mmode_test+36
x9 <- 0x0000000000000008

mem[X,0x0000000080000D4C] -> 0x8493
mem[X,0x0000000080000D4E] -> 0xFF84
[605] [M]: 0x0000000080000D4C (0xFF848493) addi x9, x9, -0x8                        spcl_M2mmode_test+40
x9 <- 0x0000000000000000

clint mtime 0x000000000000012F (mip.MTI <- 0b1, mip.STI <- 0b0)
mem[X,0x0000000080000D50] -> 0x9663
mem[X,0x0000000080000D52] -> 0x0004
[606] [M]: 0x0000000080000D50 (0x00049663) bne x9, x0, 0xc                          spcl_M2mmode_test+44

mem[X,0x0000000080000D54] -> 0x3383
mem[X,0x0000000080000D56] -> 0x2901
[607] [M]: 0x0000000080000D54 (0x29013383) ld x7, 0x290(x2)                         spcl_M2mmode_test+48
mem[R,0x0000000080003290] -> 0x0000000000000000
x7 <- 0x0000000000000000

clint mtime 0x0000000000000130 (mip.MTI <- 0b1, mip.STI <- 0b0)
mem[X,0x0000000080000D58] -> 0x8663
mem[X,0x0000000080000D5A] -> 0x6E03
[608] [M]: 0x0000000080000D58 (0x6E038663) beq x7, x0, 0x6ec                        spcl_M2mmode_test+52

mem[X,0x0000000080001444] -> 0x0493
mem[X,0x0000000080001446] -> 0xFF55
[609] [M]: 0x0000000080001444 (0xFF550493) addi x9, x10, -0xb                       rtn2mmode+0
x9 <- 0xFFFFFFFFFFFFFFFE

clint mtime 0x0000000000000131 (mip.MTI <- 0b1, mip.STI <- 0b0)
mem[X,0x0000000080001448] -> 0x8C63
mem[X,0x000000008000144A] -> 0x0004
[610] [M]: 0x0000000080001448 (0x00048C63) beq x9, x0, 0x18                         rtn2mmode+4

mem[X,0x000000008000144C] -> 0x3583
mem[X,0x000000008000144E] -> 0x4701
[611] [M]: 0x000000008000144C (0x47013583) ld x11, 0x470(x2)                        rtn2mmode+8
mem[R,0x0000000080003470] -> 0x000000018000039C
x11 <- 0x000000018000039C

clint mtime 0x0000000000000132 (mip.MTI <- 0b1, mip.STI <- 0b0)
mem[X,0x0000000080001450] -> 0xD463
mem[X,0x0000000080001452] -> 0x0003
[612] [M]: 0x0000000080001450 (0x0003D463) bge x7, x0, 0x8                          rtn2mmode+12

mem[X,0x0000000080001458] -> 0x3483
mem[X,0x000000008000145A] -> 0x1D81
[613] [M]: 0x0000000080001458 (0x1D813483) ld x9, 0x1d8(x2)                         from_u_s+0
mem[R,0x00000000800031D8] -> 0x00000000800003B4
x9 <- 0x00000000800003B4

clint mtime 0x0000000000000133 (mip.MTI <- 0b1, mip.STI <- 0b0)
mem[X,0x000000008000145C] -> 0x84B3
mem[X,0x000000008000145E] -> 0x40B4
[614] [M]: 0x000000008000145C (0x40B484B3) sub x9, x9, x11                          from_u_s+4
x9 <- 0xFFFFFFFF00000018

mem[X,0x0000000080001460] -> 0x23F3
mem[X,0x0000000080001462] -> 0x3410
[615] [M]: 0x0000000080001460 (0x341023F3) csrrs x7, mepc, x0                       rtn_fm_mmode+0
CSR mepc (0x341) -> 0x0000000180000818
x7 <- 0x0000000180000818

clint mtime 0x0000000000000134 (mip.MTI <- 0b1, mip.STI <- 0b0)
mem[X,0x0000000080001464] -> 0x83B3
mem[X,0x0000000080001466] -> 0x0093
[616] [M]: 0x0000000080001464 (0x009383B3) add x7, x7, x9                           rtn_fm_mmode+4
x7 <- 0x0000000080000830

mem[X,0x0000000080001468] -> 0x3303
mem[X,0x000000008000146A] -> 0x2601
[617] [M]: 0x0000000080001468 (0x26013303) ld x6, 0x260(x2)                         rtn_fm_mmode+8
mem[R,0x0000000080003260] -> 0x0000000100000008
x6 <- 0x0000000100000008

clint mtime 0x0000000000000135 (mip.MTI <- 0b1, mip.STI <- 0b0)
mem[X,0x000000008000146C] -> 0x3403
mem[X,0x000000008000146E] -> 0x2701
[618] [M]: 0x000000008000146C (0x27013403) ld x8, 0x270(x2)                         rtn_fm_mmode+12
mem[R,0x0000000080003270] -> 0x0000000000007F76
x8 <- 0x0000000000007F76

mem[X,0x0000000080001470] -> 0x3483
mem[X,0x0000000080001472] -> 0x2781
[619] [M]: 0x0000000080001470 (0x27813483) ld x9, 0x278(x2)                         rtn_fm_mmode+16
mem[R,0x0000000080003278] -> 0x00000002800007EC
x9 <- 0x00000002800007EC

clint mtime 0x0000000000000136 (mip.MTI <- 0b1, mip.STI <- 0b0)
mem[X,0x0000000080001474] -> 0x3503
mem[X,0x0000000080001476] -> 0x2801
[620] [M]: 0x0000000080001474 (0x28013503) ld x10, 0x280(x2)                        rtn_fm_mmode+20
mem[R,0x0000000080003280] -> 0x00000000200010C7
x10 <- 0x00000000200010C7

mem[X,0x0000000080001478] -> 0x3583
mem[X,0x000000008000147A] -> 0x2881
[621] [M]: 0x0000000080001478 (0x28813583) ld x11, 0x288(x2)                        rtn_fm_mmode+24
mem[R,0x0000000080003288] -> 0x00000000000000C7
x11 <- 0x00000000000000C7

clint mtime 0x0000000000000137 (mip.MTI <- 0b1, mip.STI <- 0b0)
mem[X,0x000000008000147C] -> 0x3103
mem[X,0x000000008000147E] -> 0x2901
[622] [M]: 0x000000008000147C (0x29013103) ld x2, 0x290(x2)                         rtn_fm_mmode+28
mem[R,0x0000000080003290] -> 0x0000000000000000
x2 <- 0x0000000000000000

mem[X,0x0000000080001480] -> 0x8067
mem[X,0x0000000080001482] -> 0x0043
[623] [M]: 0x0000000080001480 (0x00438067) jalr x0, 0x4(x7)                         rtn_fm_mmode+32

clint mtime 0x0000000000000138 (mip.MTI <- 0b1, mip.STI <- 0b0)
mem[X,0x0000000080000834] -> 0x0013
mem[X,0x0000000080000836] -> 0x0000
[624] [M]: 0x0000000080000834 (0x00000013) addi x0, x0, 0x0                         main+1108

mem[X,0x0000000080000838] -> 0x0013
mem[X,0x000000008000083A] -> 0x0000
[625] [M]: 0x0000000080000838 (0x00000013) addi x0, x0, 0x0                         main+1112

clint mtime 0x0000000000000139 (mip.MTI <- 0b1, mip.STI <- 0b0)
mem[X,0x000000008000083C] -> 0x0013
mem[X,0x000000008000083E] -> 0x0000
[626] [M]: 0x000000008000083C (0x00000013) addi x0, x0, 0x0                         main+1116

mem[X,0x0000000080000840] -> 0x6517
mem[X,0x0000000080000842] -> 0x0000
[627] [M]: 0x0000000080000840 (0x00006517) auipc x10, 0x6                           main+1120
x10 <- 0x0000000080006840

clint mtime 0x000000000000013A (mip.MTI <- 0b1, mip.STI <- 0b0)
mem[X,0x0000000080000844] -> 0x0513
mem[X,0x0000000080000846] -> 0x7C05
[628] [M]: 0x0000000080000844 (0x7C050513) addi x10, x10, 0x7c0                     main+1124
x10 <- 0x0000000080007000

mem[X,0x0000000080000848] -> 0x0001
[629] [M]: 0x0000000080000848 (0x0001) c.nop                                        main+1128

clint mtime 0x000000000000013B (mip.MTI <- 0b1, mip.STI <- 0b0)
mem[X,0x000000008000084A] -> 0x0013
mem[X,0x000000008000084C] -> 0x0000
[630] [M]: 0x000000008000084A (0x00000013) addi x0, x0, 0x0                         main+1130

mem[X,0x000000008000084E] -> 0x0013
mem[X,0x0000000080000850] -> 0x0000
[631] [M]: 0x000000008000084E (0x00000013) addi x0, x0, 0x0                         main+1134

clint mtime 0x000000000000013C (mip.MTI <- 0b1, mip.STI <- 0b0)
mem[X,0x0000000080000852] -> 0x0013
mem[X,0x0000000080000854] -> 0x0000
[632] [M]: 0x0000000080000852 (0x00000013) addi x0, x0, 0x0                         main+1138

mem[X,0x0000000080000856] -> 0x0013
mem[X,0x0000000080000858] -> 0x0000
[633] [M]: 0x0000000080000856 (0x00000013) addi x0, x0, 0x0                         main+1142

clint mtime 0x000000000000013D (mip.MTI <- 0b1, mip.STI <- 0b0)
mem[X,0x000000008000085A] -> 0x0013
mem[X,0x000000008000085C] -> 0x0000
[634] [M]: 0x000000008000085A (0x00000013) addi x0, x0, 0x0                         main+1146

mem[X,0x000000008000085E] -> 0x0001
[635] [M]: 0x000000008000085E (0x0001) c.nop                                        main+1150

clint mtime 0x000000000000013E (mip.MTI <- 0b1, mip.STI <- 0b0)
mem[X,0x0000000080000860] -> 0x0593
mem[X,0x0000000080000862] -> 0x0010
[636] [M]: 0x0000000080000860 (0x00100593) addi x11, x0, 0x1                        main+1152
x11 <- 0x0000000000000001

mem[X,0x0000000080000864] -> 0x5513
mem[X,0x0000000080000866] -> 0x00C5
[637] [M]: 0x0000000080000864 (0x00C55513) srli x10, x10, 0xc                       main+1156
x10 <- 0x0000000000080007

clint mtime 0x000000000000013F (mip.MTI <- 0b1, mip.STI <- 0b0)
mem[X,0x0000000080000868] -> 0x1513
mem[X,0x000000008000086A] -> 0x00A5
[638] [M]: 0x0000000080000868 (0x00A51513) slli x10, x10, 0xa                       main+1160
x10 <- 0x0000000020001C00

mem[X,0x000000008000086C] -> 0x6533
mem[X,0x000000008000086E] -> 0x00B5
[639] [M]: 0x000000008000086C (0x00B56533) or x10, x10, x11                         main+1164
x10 <- 0x0000000020001C01

clint mtime 0x0000000000000140 (mip.MTI <- 0b1, mip.STI <- 0b0)
mem[X,0x0000000080000870] -> 0x0013
mem[X,0x0000000080000872] -> 0x0000
[640] [M]: 0x0000000080000870 (0x00000013) addi x0, x0, 0x0                         main+1168

mem[X,0x0000000080000874] -> 0x0013
mem[X,0x0000000080000876] -> 0x0000
[641] [M]: 0x0000000080000874 (0x00000013) addi x0, x0, 0x0                         main+1172

clint mtime 0x0000000000000141 (mip.MTI <- 0b1, mip.STI <- 0b0)
mem[X,0x0000000080000878] -> 0x0013
mem[X,0x000000008000087A] -> 0x0000
[642] [M]: 0x0000000080000878 (0x00000013) addi x0, x0, 0x0                         main+1176

mem[X,0x000000008000087C] -> 0x0013
mem[X,0x000000008000087E] -> 0x0000
[643] [M]: 0x000000008000087C (0x00000013) addi x0, x0, 0x0                         main+1180

clint mtime 0x0000000000000142 (mip.MTI <- 0b1, mip.STI <- 0b0)
mem[X,0x0000000080000880] -> 0x7317
mem[X,0x0000000080000882] -> 0x0000
[644] [M]: 0x0000000080000880 (0x00007317) auipc x6, 0x7                            main+1184
x6 <- 0x0000000080007880

mem[X,0x0000000080000884] -> 0x0313
mem[X,0x0000000080000886] -> 0x7803
[645] [M]: 0x0000000080000884 (0x78030313) addi x6, x6, 0x780                       main+1188
x6 <- 0x0000000080008000

clint mtime 0x0000000000000143 (mip.MTI <- 0b1, mip.STI <- 0b0)
mem[X,0x0000000080000888] -> 0x0001
[646] [M]: 0x0000000080000888 (0x0001) c.nop                                        main+1192

mem[X,0x000000008000088A] -> 0x0013
mem[X,0x000000008000088C] -> 0x0000
[647] [M]: 0x000000008000088A (0x00000013) addi x0, x0, 0x0                         main+1194

clint mtime 0x0000000000000144 (mip.MTI <- 0b1, mip.STI <- 0b0)
mem[X,0x000000008000088E] -> 0x0013
mem[X,0x0000000080000890] -> 0x0000
[648] [M]: 0x000000008000088E (0x00000013) addi x0, x0, 0x0                         main+1198

mem[X,0x0000000080000892] -> 0x0013
mem[X,0x0000000080000894] -> 0x0000
[649] [M]: 0x0000000080000892 (0x00000013) addi x0, x0, 0x0                         main+1202

clint mtime 0x0000000000000145 (mip.MTI <- 0b1, mip.STI <- 0b0)
mem[X,0x0000000080000896] -> 0x0013
mem[X,0x0000000080000898] -> 0x0000
[650] [M]: 0x0000000080000896 (0x00000013) addi x0, x0, 0x0                         main+1206

mem[X,0x000000008000089A] -> 0x0013
mem[X,0x000000008000089C] -> 0x0000
[651] [M]: 0x000000008000089A (0x00000013) addi x0, x0, 0x0                         main+1210

clint mtime 0x0000000000000146 (mip.MTI <- 0b1, mip.STI <- 0b0)
mem[X,0x000000008000089E] -> 0x0001
[652] [M]: 0x000000008000089E (0x0001) c.nop                                        main+1214

mem[X,0x00000000800008A0] -> 0x0293
mem[X,0x00000000800008A2] -> 0xFFF0
[653] [M]: 0x00000000800008A0 (0xFFF00293) addi x5, x0, -0x1                        main+1216
x5 <- 0xFFFFFFFFFFFFFFFF

clint mtime 0x0000000000000147 (mip.MTI <- 0b1, mip.STI <- 0b0)
mem[X,0x00000000800008A4] -> 0xD293
mem[X,0x00000000800008A6] -> 0x0372
[654] [M]: 0x00000000800008A4 (0x0372D293) srli x5, x5, 0x37                        main+1220
x5 <- 0x00000000000001FF

mem[X,0x00000000800008A8] -> 0x9293
mem[X,0x00000000800008AA] -> 0x0032
[655] [M]: 0x00000000800008A8 (0x00329293) slli x5, x5, 0x3                         main+1224
x5 <- 0x0000000000000FF8

clint mtime 0x0000000000000148 (mip.MTI <- 0b1, mip.STI <- 0b0)
mem[X,0x00000000800008AC] -> 0x0333
mem[X,0x00000000800008AE] -> 0x0053
[656] [M]: 0x00000000800008AC (0x00530333) add x6, x6, x5                           main+1228
x6 <- 0x0000000080008FF8

mem[X,0x00000000800008B0] -> 0x3023
mem[X,0x00000000800008B2] -> 0x00A3
[657] [M]: 0x00000000800008B0 (0x00A33023) sd x10, 0x0(x6)                          main+1232
mem[W,0x0000000080008FF8] <- 0x0000000020001C01

clint mtime 0x0000000000000149 (mip.MTI <- 0b1, mip.STI <- 0b0)
mem[X,0x00000000800008B4] -> 0x0013
mem[X,0x00000000800008B6] -> 0x0000
[658] [M]: 0x00000000800008B4 (0x00000013) addi x0, x0, 0x0                         main+1236

mem[X,0x00000000800008B8] -> 0x0013
mem[X,0x00000000800008BA] -> 0x0000
[659] [M]: 0x00000000800008B8 (0x00000013) addi x0, x0, 0x0                         main+1240

clint mtime 0x000000000000014A (mip.MTI <- 0b1, mip.STI <- 0b0)
mem[X,0x00000000800008BC] -> 0x0013
mem[X,0x00000000800008BE] -> 0x0000
[660] [M]: 0x00000000800008BC (0x00000013) addi x0, x0, 0x0                         main+1244

mem[X,0x00000000800008C0] -> 0x5517
mem[X,0x00000000800008C2] -> 0x0000
[661] [M]: 0x00000000800008C0 (0x00005517) auipc x10, 0x5                           main+1248
x10 <- 0x00000000800058C0

clint mtime 0x000000000000014B (mip.MTI <- 0b1, mip.STI <- 0b0)
mem[X,0x00000000800008C4] -> 0x0513
mem[X,0x00000000800008C6] -> 0x7405
[662] [M]: 0x00000000800008C4 (0x74050513) addi x10, x10, 0x740                     main+1252
x10 <- 0x0000000080006000

mem[X,0x00000000800008C8] -> 0x0001
[663] [M]: 0x00000000800008C8 (0x0001) c.nop                                        main+1256

clint mtime 0x000000000000014C (mip.MTI <- 0b1, mip.STI <- 0b0)
mem[X,0x00000000800008CA] -> 0x0013
mem[X,0x00000000800008CC] -> 0x0000
[664] [M]: 0x00000000800008CA (0x00000013) addi x0, x0, 0x0                         main+1258

mem[X,0x00000000800008CE] -> 0x0013
mem[X,0x00000000800008D0] -> 0x0000
[665] [M]: 0x00000000800008CE (0x00000013) addi x0, x0, 0x0                         main+1262

clint mtime 0x000000000000014D (mip.MTI <- 0b1, mip.STI <- 0b0)
mem[X,0x00000000800008D2] -> 0x0013
mem[X,0x00000000800008D4] -> 0x0000
[666] [M]: 0x00000000800008D2 (0x00000013) addi x0, x0, 0x0                         main+1266

mem[X,0x00000000800008D6] -> 0x0013
mem[X,0x00000000800008D8] -> 0x0000
[667] [M]: 0x00000000800008D6 (0x00000013) addi x0, x0, 0x0                         main+1270

clint mtime 0x000000000000014E (mip.MTI <- 0b1, mip.STI <- 0b0)
mem[X,0x00000000800008DA] -> 0x0013
mem[X,0x00000000800008DC] -> 0x0000
[668] [M]: 0x00000000800008DA (0x00000013) addi x0, x0, 0x0                         main+1274

mem[X,0x00000000800008DE] -> 0x0001
[669] [M]: 0x00000000800008DE (0x0001) c.nop                                        main+1278

clint mtime 0x000000000000014F (mip.MTI <- 0b1, mip.STI <- 0b0)
mem[X,0x00000000800008E0] -> 0x0593
mem[X,0x00000000800008E2] -> 0x0010
[670] [M]: 0x00000000800008E0 (0x00100593) addi x11, x0, 0x1                        main+1280
x11 <- 0x0000000000000001

mem[X,0x00000000800008E4] -> 0x5513
mem[X,0x00000000800008E6] -> 0x00C5
[671] [M]: 0x00000000800008E4 (0x00C55513) srli x10, x10, 0xc                       main+1284
x10 <- 0x0000000000080006

clint mtime 0x0000000000000150 (mip.MTI <- 0b1, mip.STI <- 0b0)
mem[X,0x00000000800008E8] -> 0x1513
mem[X,0x00000000800008EA] -> 0x00A5
[672] [M]: 0x00000000800008E8 (0x00A51513) slli x10, x10, 0xa                       main+1288
x10 <- 0x0000000020001800

mem[X,0x00000000800008EC] -> 0x6533
mem[X,0x00000000800008EE] -> 0x00B5
[673] [M]: 0x00000000800008EC (0x00B56533) or x10, x10, x11                         main+1292
x10 <- 0x0000000020001801

clint mtime 0x0000000000000151 (mip.MTI <- 0b1, mip.STI <- 0b0)
mem[X,0x00000000800008F0] -> 0x0013
mem[X,0x00000000800008F2] -> 0x0000
[674] [M]: 0x00000000800008F0 (0x00000013) addi x0, x0, 0x0                         main+1296

mem[X,0x00000000800008F4] -> 0x0013
mem[X,0x00000000800008F6] -> 0x0000
[675] [M]: 0x00000000800008F4 (0x00000013) addi x0, x0, 0x0                         main+1300

clint mtime 0x0000000000000152 (mip.MTI <- 0b1, mip.STI <- 0b0)
mem[X,0x00000000800008F8] -> 0x0013
mem[X,0x00000000800008FA] -> 0x0000
[676] [M]: 0x00000000800008F8 (0x00000013) addi x0, x0, 0x0                         main+1304

mem[X,0x00000000800008FC] -> 0x0013
mem[X,0x00000000800008FE] -> 0x0000
[677] [M]: 0x00000000800008FC (0x00000013) addi x0, x0, 0x0                         main+1308

clint mtime 0x0000000000000153 (mip.MTI <- 0b1, mip.STI <- 0b0)
mem[X,0x0000000080000900] -> 0x6317
mem[X,0x0000000080000902] -> 0x0000
[678] [M]: 0x0000000080000900 (0x00006317) auipc x6, 0x6                            main+1312
x6 <- 0x0000000080006900

mem[X,0x0000000080000904] -> 0x0313
mem[X,0x0000000080000906] -> 0x7003
[679] [M]: 0x0000000080000904 (0x70030313) addi x6, x6, 0x700                       main+1316
x6 <- 0x0000000080007000

clint mtime 0x0000000000000154 (mip.MTI <- 0b1, mip.STI <- 0b0)
mem[X,0x0000000080000908] -> 0x0001
[680] [M]: 0x0000000080000908 (0x0001) c.nop                                        main+1320

mem[X,0x000000008000090A] -> 0x0013
mem[X,0x000000008000090C] -> 0x0000
[681] [M]: 0x000000008000090A (0x00000013) addi x0, x0, 0x0                         main+1322

clint mtime 0x0000000000000155 (mip.MTI <- 0b1, mip.STI <- 0b0)
mem[X,0x000000008000090E] -> 0x0013
mem[X,0x0000000080000910] -> 0x0000
[682] [M]: 0x000000008000090E (0x00000013) addi x0, x0, 0x0                         main+1326

mem[X,0x0000000080000912] -> 0x0013
mem[X,0x0000000080000914] -> 0x0000
[683] [M]: 0x0000000080000912 (0x00000013) addi x0, x0, 0x0                         main+1330

clint mtime 0x0000000000000156 (mip.MTI <- 0b1, mip.STI <- 0b0)
mem[X,0x0000000080000916] -> 0x0013
mem[X,0x0000000080000918] -> 0x0000
[684] [M]: 0x0000000080000916 (0x00000013) addi x0, x0, 0x0                         main+1334

mem[X,0x000000008000091A] -> 0x0013
mem[X,0x000000008000091C] -> 0x0000
[685] [M]: 0x000000008000091A (0x00000013) addi x0, x0, 0x0                         main+1338

clint mtime 0x0000000000000157 (mip.MTI <- 0b1, mip.STI <- 0b0)
mem[X,0x000000008000091E] -> 0x0001
[686] [M]: 0x000000008000091E (0x0001) c.nop                                        main+1342

mem[X,0x0000000080000920] -> 0x0293
mem[X,0x0000000080000922] -> 0xFFF0
[687] [M]: 0x0000000080000920 (0xFFF00293) addi x5, x0, -0x1                        main+1344
x5 <- 0xFFFFFFFFFFFFFFFF

clint mtime 0x0000000000000158 (mip.MTI <- 0b1, mip.STI <- 0b0)
mem[X,0x0000000080000924] -> 0xD293
mem[X,0x0000000080000926] -> 0x0372
[688] [M]: 0x0000000080000924 (0x0372D293) srli x5, x5, 0x37                        main+1348
x5 <- 0x00000000000001FF

mem[X,0x0000000080000928] -> 0x9293
mem[X,0x000000008000092A] -> 0x0032
[689] [M]: 0x0000000080000928 (0x00329293) slli x5, x5, 0x3                         main+1352
x5 <- 0x0000000000000FF8

clint mtime 0x0000000000000159 (mip.MTI <- 0b1, mip.STI <- 0b0)
mem[X,0x000000008000092C] -> 0x0333
mem[X,0x000000008000092E] -> 0x0053
[690] [M]: 0x000000008000092C (0x00530333) add x6, x6, x5                           main+1356
x6 <- 0x0000000080007FF8

mem[X,0x0000000080000930] -> 0x3023
mem[X,0x0000000080000932] -> 0x00A3
[691] [M]: 0x0000000080000930 (0x00A33023) sd x10, 0x0(x6)                          main+1360
mem[W,0x0000000080007FF8] <- 0x0000000020001801

clint mtime 0x000000000000015A (mip.MTI <- 0b1, mip.STI <- 0b0)
mem[X,0x0000000080000934] -> 0x0013
mem[X,0x0000000080000936] -> 0x0000
[692] [M]: 0x0000000080000934 (0x00000013) addi x0, x0, 0x0                         main+1364

mem[X,0x0000000080000938] -> 0x0013
mem[X,0x000000008000093A] -> 0x0000
[693] [M]: 0x0000000080000938 (0x00000013) addi x0, x0, 0x0                         main+1368

clint mtime 0x000000000000015B (mip.MTI <- 0b1, mip.STI <- 0b0)
mem[X,0x000000008000093C] -> 0x0013
mem[X,0x000000008000093E] -> 0x0000
[694] [M]: 0x000000008000093C (0x00000013) addi x0, x0, 0x0                         main+1372

mem[X,0x0000000080000940] -> 0x4517
mem[X,0x0000000080000942] -> 0x0000
[695] [M]: 0x0000000080000940 (0x00004517) auipc x10, 0x4                           main+1376
x10 <- 0x0000000080004940

clint mtime 0x000000000000015C (mip.MTI <- 0b1, mip.STI <- 0b0)
mem[X,0x0000000080000944] -> 0x0513
mem[X,0x0000000080000946] -> 0x6C05
[696] [M]: 0x0000000080000944 (0x6C050513) addi x10, x10, 0x6c0                     main+1380
x10 <- 0x0000000080005000

mem[X,0x0000000080000948] -> 0x0001
[697] [M]: 0x0000000080000948 (0x0001) c.nop                                        main+1384

clint mtime 0x000000000000015D (mip.MTI <- 0b1, mip.STI <- 0b0)
mem[X,0x000000008000094A] -> 0x0013
mem[X,0x000000008000094C] -> 0x0000
[698] [M]: 0x000000008000094A (0x00000013) addi x0, x0, 0x0                         main+1386

mem[X,0x000000008000094E] -> 0x0013
mem[X,0x0000000080000950] -> 0x0000
[699] [M]: 0x000000008000094E (0x00000013) addi x0, x0, 0x0                         main+1390

clint mtime 0x000000000000015E (mip.MTI <- 0b1, mip.STI <- 0b0)
mem[X,0x0000000080000952] -> 0x0013
mem[X,0x0000000080000954] -> 0x0000
[700] [M]: 0x0000000080000952 (0x00000013) addi x0, x0, 0x0                         main+1394

mem[X,0x0000000080000956] -> 0x0013
mem[X,0x0000000080000958] -> 0x0000
[701] [M]: 0x0000000080000956 (0x00000013) addi x0, x0, 0x0                         main+1398

clint mtime 0x000000000000015F (mip.MTI <- 0b1, mip.STI <- 0b0)
mem[X,0x000000008000095A] -> 0x0013
mem[X,0x000000008000095C] -> 0x0000
[702] [M]: 0x000000008000095A (0x00000013) addi x0, x0, 0x0                         main+1402

mem[X,0x000000008000095E] -> 0x0001
[703] [M]: 0x000000008000095E (0x0001) c.nop                                        main+1406

clint mtime 0x0000000000000160 (mip.MTI <- 0b1, mip.STI <- 0b0)
mem[X,0x0000000080000960] -> 0x0593
mem[X,0x0000000080000962] -> 0x0C90
[704] [M]: 0x0000000080000960 (0x0C900593) addi x11, x0, 0xc9                       main+1408
x11 <- 0x00000000000000C9

mem[X,0x0000000080000964] -> 0x5513
mem[X,0x0000000080000966] -> 0x00C5
[705] [M]: 0x0000000080000964 (0x00C55513) srli x10, x10, 0xc                       main+1412
x10 <- 0x0000000000080005

clint mtime 0x0000000000000161 (mip.MTI <- 0b1, mip.STI <- 0b0)
mem[X,0x0000000080000968] -> 0x1513
mem[X,0x000000008000096A] -> 0x00A5
[706] [M]: 0x0000000080000968 (0x00A51513) slli x10, x10, 0xa                       main+1416
x10 <- 0x0000000020001400

mem[X,0x000000008000096C] -> 0x6533
mem[X,0x000000008000096E] -> 0x00B5
[707] [M]: 0x000000008000096C (0x00B56533) or x10, x10, x11                         main+1420
x10 <- 0x00000000200014C9

clint mtime 0x0000000000000162 (mip.MTI <- 0b1, mip.STI <- 0b0)
mem[X,0x0000000080000970] -> 0x0013
mem[X,0x0000000080000972] -> 0x0000
[708] [M]: 0x0000000080000970 (0x00000013) addi x0, x0, 0x0                         main+1424

mem[X,0x0000000080000974] -> 0x0013
mem[X,0x0000000080000976] -> 0x0000
[709] [M]: 0x0000000080000974 (0x00000013) addi x0, x0, 0x0                         main+1428

clint mtime 0x0000000000000163 (mip.MTI <- 0b1, mip.STI <- 0b0)
mem[X,0x0000000080000978] -> 0x0013
mem[X,0x000000008000097A] -> 0x0000
[710] [M]: 0x0000000080000978 (0x00000013) addi x0, x0, 0x0                         main+1432

mem[X,0x000000008000097C] -> 0x0013
mem[X,0x000000008000097E] -> 0x0000
[711] [M]: 0x000000008000097C (0x00000013) addi x0, x0, 0x0                         main+1436

clint mtime 0x0000000000000164 (mip.MTI <- 0b1, mip.STI <- 0b0)
mem[X,0x0000000080000980] -> 0x5317
mem[X,0x0000000080000982] -> 0x0000
[712] [M]: 0x0000000080000980 (0x00005317) auipc x6, 0x5                            main+1440
x6 <- 0x0000000080005980

mem[X,0x0000000080000984] -> 0x0313
mem[X,0x0000000080000986] -> 0x6803
[713] [M]: 0x0000000080000984 (0x68030313) addi x6, x6, 0x680                       main+1444
x6 <- 0x0000000080006000

clint mtime 0x0000000000000165 (mip.MTI <- 0b1, mip.STI <- 0b0)
mem[X,0x0000000080000988] -> 0x0001
[714] [M]: 0x0000000080000988 (0x0001) c.nop                                        main+1448

mem[X,0x000000008000098A] -> 0x0013
mem[X,0x000000008000098C] -> 0x0000
[715] [M]: 0x000000008000098A (0x00000013) addi x0, x0, 0x0                         main+1450

clint mtime 0x0000000000000166 (mip.MTI <- 0b1, mip.STI <- 0b0)
mem[X,0x000000008000098E] -> 0x0013
mem[X,0x0000000080000990] -> 0x0000
[716] [M]: 0x000000008000098E (0x00000013) addi x0, x0, 0x0                         main+1454

mem[X,0x0000000080000992] -> 0x0013
mem[X,0x0000000080000994] -> 0x0000
[717] [M]: 0x0000000080000992 (0x00000013) addi x0, x0, 0x0                         main+1458

clint mtime 0x0000000000000167 (mip.MTI <- 0b1, mip.STI <- 0b0)
mem[X,0x0000000080000996] -> 0x0013
mem[X,0x0000000080000998] -> 0x0000
[718] [M]: 0x0000000080000996 (0x00000013) addi x0, x0, 0x0                         main+1462

mem[X,0x000000008000099A] -> 0x0013
mem[X,0x000000008000099C] -> 0x0000
[719] [M]: 0x000000008000099A (0x00000013) addi x0, x0, 0x0                         main+1466

clint mtime 0x0000000000000168 (mip.MTI <- 0b1, mip.STI <- 0b0)
mem[X,0x000000008000099E] -> 0x0001
[720] [M]: 0x000000008000099E (0x0001) c.nop                                        main+1470

mem[X,0x00000000800009A0] -> 0x0293
mem[X,0x00000000800009A2] -> 0xFFF0
[721] [M]: 0x00000000800009A0 (0xFFF00293) addi x5, x0, -0x1                        main+1472
x5 <- 0xFFFFFFFFFFFFFFFF

clint mtime 0x0000000000000169 (mip.MTI <- 0b1, mip.STI <- 0b0)
mem[X,0x00000000800009A4] -> 0xD293
mem[X,0x00000000800009A6] -> 0x0372
[722] [M]: 0x00000000800009A4 (0x0372D293) srli x5, x5, 0x37                        main+1476
x5 <- 0x00000000000001FF

mem[X,0x00000000800009A8] -> 0x9293
mem[X,0x00000000800009AA] -> 0x0032
[723] [M]: 0x00000000800009A8 (0x00329293) slli x5, x5, 0x3                         main+1480
x5 <- 0x0000000000000FF8

clint mtime 0x000000000000016A (mip.MTI <- 0b1, mip.STI <- 0b0)
mem[X,0x00000000800009AC] -> 0x0333
mem[X,0x00000000800009AE] -> 0x0053
[724] [M]: 0x00000000800009AC (0x00530333) add x6, x6, x5                           main+1484
x6 <- 0x0000000080006FF8

mem[X,0x00000000800009B0] -> 0x3023
mem[X,0x00000000800009B2] -> 0x00A3
[725] [M]: 0x00000000800009B0 (0x00A33023) sd x10, 0x0(x6)                          main+1488
mem[W,0x0000000080006FF8] <- 0x00000000200014C9

clint mtime 0x000000000000016B (mip.MTI <- 0b1, mip.STI <- 0b0)
mem[X,0x00000000800009B4] -> 0x0073
mem[X,0x00000000800009B6] -> 0x1200
[726] [M]: 0x00000000800009B4 (0x12000073) sfence.vma x0, x0                        main+1492

mem[X,0x00000000800009B8] -> 0x0493
mem[X,0x00000000800009BA] -> 0x0010
[727] [M]: 0x00000000800009B8 (0x00100493) addi x9, x0, 0x1                         main+1496
x9 <- 0x0000000000000001

clint mtime 0x000000000000016C (mip.MTI <- 0b1, mip.STI <- 0b0)
mem[X,0x00000000800009BC] -> 0x9493
mem[X,0x00000000800009BE] -> 0x00B4
[728] [M]: 0x00000000800009BC (0x00B49493) slli x9, x9, 0xb                         main+1500
x9 <- 0x0000000000000800

mem[X,0x00000000800009C0] -> 0xB073
mem[X,0x00000000800009C2] -> 0x3004
[729] [M]: 0x00000000800009C0 (0x3004B073) csrrc x0, mstatus, x9                    main+1504
CSR mstatus (0x300) <- 0x0000000A00000000

clint mtime 0x000000000000016D (mip.MTI <- 0b1, mip.STI <- 0b0)
mem[X,0x00000000800009C4] -> 0x0493
mem[X,0x00000000800009C6] -> 0x0010
[730] [M]: 0x00000000800009C4 (0x00100493) addi x9, x0, 0x1                         main+1508
x9 <- 0x0000000000000001

mem[X,0x00000000800009C8] -> 0x9493
mem[X,0x00000000800009CA] -> 0x00B4
[731] [M]: 0x00000000800009C8 (0x00B49493) slli x9, x9, 0xb                         main+1512
x9 <- 0x0000000000000800

clint mtime 0x000000000000016E (mip.MTI <- 0b1, mip.STI <- 0b0)
mem[X,0x00000000800009CC] -> 0xA073
mem[X,0x00000000800009CE] -> 0x3004
[732] [M]: 0x00000000800009CC (0x3004A073) csrrs x0, mstatus, x9                    main+1516
CSR mstatus (0x300) <- 0x0000000A00000800

mem[X,0x00000000800009D0] -> 0x23F3
mem[X,0x00000000800009D2] -> 0x3400
[733] [M]: 0x00000000800009D0 (0x340023F3) csrrs x7, mscratch, x0                   main+1520
CSR mscratch (0x340) -> 0x0000000080003000
x7 <- 0x0000000080003000

clint mtime 0x000000000000016F (mip.MTI <- 0b1, mip.STI <- 0b0)
mem[X,0x00000000800009D4] -> 0xB303
mem[X,0x00000000800009D6] -> 0x4703
[734] [M]: 0x00000000800009D4 (0x4703B303) ld x6, 0x470(x7)                         main+1524
mem[R,0x0000000080003470] -> 0x000000018000039C
x6 <- 0x000000018000039C

mem[X,0x00000000800009D8] -> 0xB483
mem[X,0x00000000800009DA] -> 0x1D83
[735] [M]: 0x00000000800009D8 (0x1D83B483) ld x9, 0x1d8(x7)                         main+1528
mem[R,0x00000000800031D8] -> 0x00000000800003B4
x9 <- 0x00000000800003B4

clint mtime 0x0000000000000170 (mip.MTI <- 0b1, mip.STI <- 0b0)
mem[X,0x00000000800009DC] -> 0x0333
mem[X,0x00000000800009DE] -> 0x4093
[736] [M]: 0x00000000800009DC (0x40930333) sub x6, x6, x9                           main+1532
x6 <- 0x00000000FFFFFFE8

mem[X,0x00000000800009E0] -> 0x0313
mem[X,0x00000000800009E2] -> 0x0103
[737] [M]: 0x00000000800009E0 (0x01030313) addi x6, x6, 0x10                        main+1536
x6 <- 0x00000000FFFFFFF8

clint mtime 0x0000000000000171 (mip.MTI <- 0b1, mip.STI <- 0b0)
mem[X,0x00000000800009E4] -> 0x0497
mem[X,0x00000000800009E6] -> 0x0000
[738] [M]: 0x00000000800009E4 (0x00000497) auipc x9, 0x0                            main+1540
x9 <- 0x00000000800009E4

mem[X,0x00000000800009E8] -> 0x84B3
mem[X,0x00000000800009EA] -> 0x0064
[739] [M]: 0x00000000800009E8 (0x006484B3) add x9, x9, x6                           main+1544
x9 <- 0x00000001800009DC

clint mtime 0x0000000000000172 (mip.MTI <- 0b1, mip.STI <- 0b0)
mem[X,0x00000000800009EC] -> 0x94F3
mem[X,0x00000000800009EE] -> 0x3414
[740] [M]: 0x00000000800009EC (0x341494F3) csrrw x9, mepc, x9                       main+1548
CSR mepc (0x341) <- 0x00000001800009DC
x9 <- 0x0000000180000818

mem[X,0x00000000800009F0] -> 0x0073
mem[X,0x00000000800009F2] -> 0x3020
[741] [M]: 0x00000000800009F0 (0x30200073) mret                                     main+1552
CSR mstatus (0x300) <- 0x0000000A00000080
ret-ing from M to S

clint mtime 0x0000000000000173 (mip.MTI <- 0b1, mip.STI <- 0b0)
PTW: Start, vpn=0x180000, access_type=X, privilege=Smem[R,0x0000000080008030] -> 0x00000000200000CB
PTW: Step, level=2, pte=0x200000CB, pte_addr=0x80008030
PTW: Success, final_ppn=0x80000, level=2mem[X,0x00000000800009DC] -> 0x0333
mem[X,0x00000000800009DE] -> 0x4093
[742] [S]: 0x00000001800009DC (0x40930333) sub x6, x6, x9                           va_rvtest_code_begin+1600
x6 <- 0xFFFFFFFF7FFFF7E0

mem[X,0x00000000800009E0] -> 0x0313
mem[X,0x00000000800009E2] -> 0x0103
[743] [S]: 0x00000001800009E0 (0x01030313) addi x6, x6, 0x10                        va_rvtest_code_begin+1604
x6 <- 0xFFFFFFFF7FFFF7F0

clint mtime 0x0000000000000174 (mip.MTI <- 0b1, mip.STI <- 0b0)
mem[X,0x00000000800009E4] -> 0x0497
mem[X,0x00000000800009E6] -> 0x0000
[744] [S]: 0x00000001800009E4 (0x00000497) auipc x9, 0x0                            va_rvtest_code_begin+1608
x9 <- 0x00000001800009E4

mem[X,0x00000000800009E8] -> 0x84B3
mem[X,0x00000000800009EA] -> 0x0064
[745] [S]: 0x00000001800009E8 (0x006484B3) add x9, x9, x6                           va_rvtest_code_begin+1612
x9 <- 0x00000001000001D4

clint mtime 0x0000000000000175 (mip.MTI <- 0b1, mip.STI <- 0b0)
mem[X,0x00000000800009EC] -> 0x94F3
mem[X,0x00000000800009EE] -> 0x3414
[746] [S]: 0x00000001800009EC (0x341494F3) csrrw x9, mepc, x9                       va_rvtest_code_begin+1616
trapping from S to M to handle illegal-instruction
handling exc#illegal-instruction at priv M with tval 0x00000000341494F3
CSR mstatus (0x300) <- 0x0000000A00000800
CSR mcause (0x342) <- 0x0000000000000002
CSR mtval (0x343) <- 0x00000000341494F3
CSR mepc (0x341) <- 0x00000001800009EC

mem[X,0x0000000080000B40] -> 0x006F
mem[X,0x0000000080000B42] -> 0x1000
[747] [M]: 0x0000000080000B40 (0x1000006F) jal x0, 0x100                            Mtrampoline+0

clint mtime 0x0000000000000176 (mip.MTI <- 0b1, mip.STI <- 0b0)
mem[X,0x0000000080000C40] -> 0x1173
mem[X,0x0000000080000C42] -> 0x3401
[748] [M]: 0x0000000080000C40 (0x34011173) csrrw x2, mscratch, x2                   trap_Mhandler+0
CSR mscratch (0x340) <- 0x0000000000000000
x2 <- 0x0000000080003000

mem[X,0x0000000080000C44] -> 0x3423
mem[X,0x0000000080000C46] -> 0x28B1
[749] [M]: 0x0000000080000C44 (0x28B13423) sd x11, 0x288(x2)                        trap_Mhandler+4
mem[W,0x0000000080003288] <- 0x00000000000000C9

clint mtime 0x0000000000000177 (mip.MTI <- 0b1, mip.STI <- 0b0)
mem[X,0x0000000080000C48] -> 0x05EF
mem[X,0x0000000080000C4A] -> 0x0B80
[750] [M]: 0x0000000080000C48 (0x0B8005EF) jal x11, 0xb8                            trap_Mhandler+8
x11 <- 0x0000000080000C4C

mem[X,0x0000000080000D00] -> 0x3023
mem[X,0x0000000080000D02] -> 0x28A1
[751] [M]: 0x0000000080000D00 (0x28A13023) sd x10, 0x280(x2)                        common_Mhandler+0
mem[W,0x0000000080003280] <- 0x00000000200014C9

clint mtime 0x0000000000000178 (mip.MTI <- 0b1, mip.STI <- 0b0)
mem[X,0x0000000080000D04] -> 0x1573
mem[X,0x0000000080000D06] -> 0x3401
[752] [M]: 0x0000000080000D04 (0x34011573) csrrw x10, mscratch, x2                  common_Mhandler+4
CSR mscratch (0x340) <- 0x0000000080003000
x10 <- 0x0000000000000000

mem[X,0x0000000080000D08] -> 0x3823
mem[X,0x0000000080000D0A] -> 0x28A1
[753] [M]: 0x0000000080000D08 (0x28A13823) sd x10, 0x290(x2)                        common_Mhandler+8
mem[W,0x0000000080003290] <- 0x0000000000000000

clint mtime 0x0000000000000179 (mip.MTI <- 0b1, mip.STI <- 0b0)
mem[X,0x0000000080000D0C] -> 0x3503
mem[X,0x0000000080000D0E] -> 0x2301
[754] [M]: 0x0000000080000D0C (0x23013503) ld x10, 0x230(x2)                        common_Mhandler+12
mem[R,0x0000000080003230] -> 0x0000000080000D14
x10 <- 0x0000000080000D14

mem[X,0x0000000080000D10] -> 0x0067
mem[X,0x0000000080000D12] -> 0x0005
[755] [M]: 0x0000000080000D10 (0x00050067) jalr x0, 0x0(x10)                        common_Mhandler+16

clint mtime 0x000000000000017A (mip.MTI <- 0b1, mip.STI <- 0b0)
mem[X,0x0000000080000D14] -> 0x3C23
mem[X,0x0000000080000D16] -> 0x2691
[756] [M]: 0x0000000080000D14 (0x26913C23) sd x9, 0x278(x2)                         common_Mentry+0
mem[W,0x0000000080003278] <- 0x00000001000001D4

mem[X,0x0000000080000D18] -> 0x3823
mem[X,0x0000000080000D1A] -> 0x2681
[757] [M]: 0x0000000080000D18 (0x26813823) sd x8, 0x270(x2)                         common_Mentry+4
mem[W,0x0000000080003270] <- 0x0000000000007F76

clint mtime 0x000000000000017B (mip.MTI <- 0b1, mip.STI <- 0b0)
mem[X,0x0000000080000D1C] -> 0x3423
mem[X,0x0000000080000D1E] -> 0x2671
[758] [M]: 0x0000000080000D1C (0x26713423) sd x7, 0x268(x2)                         common_Mentry+8
mem[W,0x0000000080003268] <- 0x0000000080003000

mem[X,0x0000000080000D20] -> 0x3023
mem[X,0x0000000080000D22] -> 0x2661
[759] [M]: 0x0000000080000D20 (0x26613023) sd x6, 0x260(x2)                         common_Mentry+12
mem[W,0x0000000080003260] <- 0xFFFFFFFF7FFFF7F0

clint mtime 0x000000000000017C (mip.MTI <- 0b1, mip.STI <- 0b0)
mem[X,0x0000000080000D24] -> 0x2573
mem[X,0x0000000080000D26] -> 0x3420
[760] [M]: 0x0000000080000D24 (0x34202573) csrrs x10, mcause, x0                    spcl_M2mmode_test+0
CSR mcause (0x342) -> 0x0000000000000002
x10 <- 0x0000000000000002

mem[X,0x0000000080000D28] -> 0x04B7
mem[X,0x0000000080000D2A] -> 0x8000
[761] [M]: 0x0000000080000D28 (0x800004B7) lui x9, -0x80000                         spcl_M2mmode_test+4
x9 <- 0xFFFFFFFF80000000

clint mtime 0x000000000000017D (mip.MTI <- 0b1, mip.STI <- 0b0)
mem[X,0x0000000080000D2C] -> 0x8493
mem[X,0x0000000080000D2E] -> 0x0004
[762] [M]: 0x0000000080000D2C (0x00048493) addi x9, x9, 0x0                         spcl_M2mmode_test+8
x9 <- 0xFFFFFFFF80000000

mem[X,0x0000000080000D30] -> 0x9493
mem[X,0x0000000080000D32] -> 0x00B4
[763] [M]: 0x0000000080000D30 (0x00B49493) slli x9, x9, 0xb                         spcl_M2mmode_test+12
x9 <- 0xFFFFFC0000000000

clint mtime 0x000000000000017E (mip.MTI <- 0b1, mip.STI <- 0b0)
mem[X,0x0000000080000D34] -> 0x8493
mem[X,0x0000000080000D36] -> 0x0004
[764] [M]: 0x0000000080000D34 (0x00048493) addi x9, x9, 0x0                         spcl_M2mmode_test+16
x9 <- 0xFFFFFC0000000000

mem[X,0x0000000080000D38] -> 0x9493
mem[X,0x0000000080000D3A] -> 0x00B4
[765] [M]: 0x0000000080000D38 (0x00B49493) slli x9, x9, 0xb                         spcl_M2mmode_test+20
x9 <- 0xFFE0000000000000

clint mtime 0x000000000000017F (mip.MTI <- 0b1, mip.STI <- 0b0)
mem[X,0x0000000080000D3C] -> 0x8493
mem[X,0x0000000080000D3E] -> 0x0034
[766] [M]: 0x0000000080000D3C (0x00348493) addi x9, x9, 0x3                         spcl_M2mmode_test+24
x9 <- 0xFFE0000000000003

mem[X,0x0000000080000D40] -> 0x9493
mem[X,0x0000000080000D42] -> 0x00A4
[767] [M]: 0x0000000080000D40 (0x00A49493) slli x9, x9, 0xa                         spcl_M2mmode_test+28
x9 <- 0x8000000000000C00

clint mtime 0x0000000000000180 (mip.MTI <- 0b1, mip.STI <- 0b0)
mem[X,0x0000000080000D44] -> 0x8493
mem[X,0x0000000080000D46] -> 0x3FC4
[768] [M]: 0x0000000080000D44 (0x3FC48493) addi x9, x9, 0x3fc                       spcl_M2mmode_test+32
x9 <- 0x8000000000000FFC

mem[X,0x0000000080000D48] -> 0xF4B3
mem[X,0x0000000080000D4A] -> 0x00A4
[769] [M]: 0x0000000080000D48 (0x00A4F4B3) and x9, x9, x10                          spcl_M2mmode_test+36
x9 <- 0x0000000000000000

clint mtime 0x0000000000000181 (mip.MTI <- 0b1, mip.STI <- 0b0)
mem[X,0x0000000080000D4C] -> 0x8493
mem[X,0x0000000080000D4E] -> 0xFF84
[770] [M]: 0x0000000080000D4C (0xFF848493) addi x9, x9, -0x8                        spcl_M2mmode_test+40
x9 <- 0xFFFFFFFFFFFFFFF8

mem[X,0x0000000080000D50] -> 0x9663
mem[X,0x0000000080000D52] -> 0x0004
[771] [M]: 0x0000000080000D50 (0x00049663) bne x9, x0, 0xc                          spcl_M2mmode_test+44

clint mtime 0x0000000000000182 (mip.MTI <- 0b1, mip.STI <- 0b0)
mem[X,0x0000000080000D5C] -> 0x0393
mem[X,0x0000000080000D5E] -> 0x0200
[772] [M]: 0x0000000080000D5C (0x02000393) addi x7, x0, 0x20                        Mtrapsig_ptr_upd+0
x7 <- 0x0000000000000020

mem[X,0x0000000080000D60] -> 0x5263
mem[X,0x0000000080000D62] -> 0x0405
[773] [M]: 0x0000000080000D60 (0x04055263) bge x10, x0, 0x44                        Mtrapsig_ptr_upd+4

clint mtime 0x0000000000000183 (mip.MTI <- 0b1, mip.STI <- 0b0)
mem[X,0x0000000080000DA4] -> 0x2373
mem[X,0x0000000080000DA6] -> 0x3010
[774] [M]: 0x0000000080000DA4 (0x30102373) csrrs x6, misa, x0                       Mxcpt_sig_sv+0
CSR misa (0x301) -> 0x800000000034112F
x6 <- 0x800000000034112F

mem[X,0x0000000080000DA8] -> 0x1313
mem[X,0x0000000080000DAA] -> 0x0383
[775] [M]: 0x0000000080000DA8 (0x03831313) slli x6, x6, 0x38                        Mxcpt_sig_sv+4
x6 <- 0x2F00000000000000

clint mtime 0x0000000000000184 (mip.MTI <- 0b1, mip.STI <- 0b0)
mem[X,0x0000000080000DAC] -> 0x5463
mem[X,0x0000000080000DAE] -> 0x0003
[776] [M]: 0x0000000080000DAC (0x00035463) bge x6, x0, 0x8                          Mxcpt_sig_sv+8

mem[X,0x0000000080000DB4] -> 0x3303
mem[X,0x0000000080000DB6] -> 0x2181
[777] [M]: 0x0000000080000DB4 (0x21813303) ld x6, 0x218(x2)                         Mtrap_sig_sv+0
mem[R,0x0000000080003218] -> 0x0000000080009338
x6 <- 0x0000000080009338

clint mtime 0x0000000000000185 (mip.MTI <- 0b1, mip.STI <- 0b0)
mem[X,0x0000000080000DB8] -> 0x04B3
mem[X,0x0000000080000DBA] -> 0x0073
[778] [M]: 0x0000000080000DB8 (0x007304B3) add x9, x6, x7                           Mtrap_sig_sv+4
x9 <- 0x0000000080009358

mem[X,0x0000000080000DBC] -> 0x3C23
mem[X,0x0000000080000DBE] -> 0x2091
[779] [M]: 0x0000000080000DBC (0x20913C23) sd x9, 0x218(x2)                         Mtrap_sig_sv+8
mem[W,0x0000000080003218] <- 0x0000000080009358

clint mtime 0x0000000000000186 (mip.MTI <- 0b1, mip.STI <- 0b0)
mem[X,0x0000000080000DC0] -> 0x3403
mem[X,0x0000000080000DC2] -> 0x1F81
[780] [M]: 0x0000000080000DC0 (0x1F813403) ld x8, 0x1f8(x2)                         Mtrap_sig_sv+12
mem[R,0x00000000800031F8] -> 0x0000000080009110
x8 <- 0x0000000080009110

mem[X,0x0000000080000DC4] -> 0x0333
mem[X,0x0000000080000DC6] -> 0x4083
[781] [M]: 0x0000000080000DC4 (0x40830333) sub x6, x6, x8                           Mtrap_sig_sv+16
x6 <- 0x0000000000000228

clint mtime 0x0000000000000187 (mip.MTI <- 0b1, mip.STI <- 0b0)
mem[X,0x0000000080000DC8] -> 0x3403
mem[X,0x0000000080000DCA] -> 0x1F81
[782] [M]: 0x0000000080000DC8 (0x1F813403) ld x8, 0x1f8(x2)                         Mtrap_sig_sv+20
mem[R,0x00000000800031F8] -> 0x0000000080009110
x8 <- 0x0000000080009110

mem[X,0x0000000080000DCC] -> 0x0333
mem[X,0x0000000080000DCE] -> 0x0083
[783] [M]: 0x0000000080000DCC (0x00830333) add x6, x6, x8                           Mtrap_sig_sv+24
x6 <- 0x0000000080009338

clint mtime 0x0000000000000188 (mip.MTI <- 0b1, mip.STI <- 0b0)
mem[X,0x0000000080000DD0] -> 0x3403
mem[X,0x0000000080000DD2] -> 0x2401
[784] [M]: 0x0000000080000DD0 (0x24013403) ld x8, 0x240(x2)                         Mtrap_sig_sv+28
mem[R,0x0000000080003240] -> 0x0000000080000B40
x8 <- 0x0000000080000B40

mem[X,0x0000000080000DD4] -> 0x85B3
mem[X,0x0000000080000DD6] -> 0x4085
[785] [M]: 0x0000000080000DD4 (0x408585B3) sub x11, x11, x8                         sv_Mvect+0
x11 <- 0x000000000000010C

clint mtime 0x0000000000000189 (mip.MTI <- 0b1, mip.STI <- 0b0)
mem[X,0x0000000080000DD8] -> 0x9593
mem[X,0x0000000080000DDA] -> 0x0045
[786] [M]: 0x0000000080000DD8 (0x00459593) slli x11, x11, 0x4                       sv_Mvect+4
x11 <- 0x00000000000010C0

mem[X,0x0000000080000DDC] -> 0xE5B3
mem[X,0x0000000080000DDE] -> 0x0075
[787] [M]: 0x0000000080000DDC (0x0075E5B3) or x11, x11, x7                          sv_Mvect+8
x11 <- 0x00000000000010E0

clint mtime 0x000000000000018A (mip.MTI <- 0b1, mip.STI <- 0b0)
mem[X,0x0000000080000DE0] -> 0x8593
mem[X,0x0000000080000DE2] -> 0x0035
[788] [M]: 0x0000000080000DE0 (0x00358593) addi x11, x11, 0x3                       sv_Mvect+12
x11 <- 0x00000000000010E3

mem[X,0x0000000080000DE4] -> 0x3023
mem[X,0x0000000080000DE6] -> 0x00B3
[789] [M]: 0x0000000080000DE4 (0x00B33023) sd x11, 0x0(x6)                          sv_Mvect+16
mem[W,0x0000000080009338] <- 0x00000000000010E3

clint mtime 0x000000000000018B (mip.MTI <- 0b1, mip.STI <- 0b0)
mem[X,0x0000000080000DE8] -> 0x3423
mem[X,0x0000000080000DEA] -> 0x00A3
[790] [M]: 0x0000000080000DE8 (0x00A33423) sd x10, 0x8(x6)                          sv_Mcause+0
mem[W,0x0000000080009340] <- 0x0000000000000002

mem[X,0x0000000080000DEC] -> 0x4663
mem[X,0x0000000080000DEE] -> 0x1A05
[791] [M]: 0x0000000080000DEC (0x1A054663) blt x10, x0, 0x1ac                       sv_Mcause+4

clint mtime 0x000000000000018C (mip.MTI <- 0b1, mip.STI <- 0b0)
mem[X,0x0000000080000DF0] -> 0x25F3
mem[X,0x0000000080000DF2] -> 0x3000
[792] [M]: 0x0000000080000DF0 (0x300025F3) csrrs x11, mstatus, x0                   common_Mexcpt_handler+0
CSR mstatus (0x300) -> 0x0000000A00000800
x11 <- 0x0000000A00000800

mem[X,0x0000000080000DF4] -> 0x9413
mem[X,0x0000000080000DF6] -> 0x02E5
[793] [M]: 0x0000000080000DF4 (0x02E59413) slli x8, x11, 0x2e                       common_Mexcpt_handler+4
x8 <- 0x0200000000000000

clint mtime 0x000000000000018D (mip.MTI <- 0b1, mip.STI <- 0b0)
mem[X,0x0000000080000DF8] -> 0x5463
mem[X,0x0000000080000DFA] -> 0x0004
[794] [M]: 0x0000000080000DF8 (0x00045463) bge x8, x0, 0x8                          common_Mexcpt_handler+8

mem[X,0x0000000080000E00] -> 0xD493
mem[X,0x0000000080000E02] -> 0x00B5
[795] [M]: 0x0000000080000E00 (0x00B5D493) srli x9, x11, 0xb                        common_Mexcpt_handler+16
x9 <- 0x0000000001400001

clint mtime 0x000000000000018E (mip.MTI <- 0b1, mip.STI <- 0b0)
mem[X,0x0000000080000E04] -> 0xF493
mem[X,0x0000000080000E06] -> 0x0034
[796] [M]: 0x0000000080000E04 (0x0034F493) andi x9, x9, 0x3                         common_Mexcpt_handler+20
x9 <- 0x0000000000000001

mem[X,0x0000000080000E08] -> 0x8493
mem[X,0x0000000080000E0A] -> 0x0014
[797] [M]: 0x0000000080000E08 (0x00148493) addi x9, x9, 0x1                         common_Mexcpt_handler+24
x9 <- 0x0000000000000002

clint mtime 0x000000000000018F (mip.MTI <- 0b1, mip.STI <- 0b0)
mem[X,0x0000000080000E0C] -> 0xF493
mem[X,0x0000000080000E0E] -> 0x0044
[798] [M]: 0x0000000080000E0C (0x0044F493) andi x9, x9, 0x4                         common_Mexcpt_handler+28
x9 <- 0x0000000000000000

mem[X,0x0000000080000E10] -> 0x0593
mem[X,0x0000000080000E12] -> 0x05D0
[799] [M]: 0x0000000080000E10 (0x05D00593) addi x11, x0, 0x5d                       common_Mexcpt_handler+32
x11 <- 0x000000000000005D

clint mtime 0x0000000000000190 (mip.MTI <- 0b1, mip.STI <- 0b0)
mem[X,0x0000000080000E14] -> 0xD5B3
mem[X,0x0000000080000E16] -> 0x0095
[800] [M]: 0x0000000080000E14 (0x0095D5B3) srl x11, x11, x9                         common_Mexcpt_handler+36
x11 <- 0x000000000000005D

mem[X,0x0000000080000E18] -> 0xF593
mem[X,0x0000000080000E1A] -> 0x0015
[801] [M]: 0x0000000080000E18 (0x0015F593) andi x11, x11, 0x1                       common_Mexcpt_handler+40
x11 <- 0x0000000000000001

clint mtime 0x0000000000000191 (mip.MTI <- 0b1, mip.STI <- 0b0)
mem[X,0x0000000080000E1C] -> 0x8EE3
mem[X,0x0000000080000E1E] -> 0xF405
[802] [M]: 0x0000000080000E1C (0xF4058EE3) beq x11, x0, -0xa4                       common_Mexcpt_handler+44

mem[X,0x0000000080000E20] -> 0x0593
mem[X,0x0000000080000E22] -> 0x2980
[803] [M]: 0x0000000080000E20 (0x29800593) addi x11, x0, 0x298                      common_Mexcpt_handler+48
x11 <- 0x0000000000000298

clint mtime 0x0000000000000192 (mip.MTI <- 0b1, mip.STI <- 0b0)
mem[X,0x0000000080000E24] -> 0xF413
mem[X,0x0000000080000E26] -> 0x0014
[804] [M]: 0x0000000080000E24 (0x0014F413) andi x8, x9, 0x1                         common_Mexcpt_handler+52
x8 <- 0x0000000000000000

mem[X,0x0000000080000E28] -> 0x95B3
mem[X,0x0000000080000E2A] -> 0x0085
[805] [M]: 0x0000000080000E28 (0x008595B3) sll x11, x11, x8                         common_Mexcpt_handler+56
x11 <- 0x0000000000000298

clint mtime 0x0000000000000193 (mip.MTI <- 0b1, mip.STI <- 0b0)
mem[X,0x0000000080000E2C] -> 0x9413
mem[X,0x0000000080000E2E] -> 0x03D4
[806] [M]: 0x0000000080000E2C (0x03D49413) slli x8, x9, 0x3d                        common_Mexcpt_handler+60
x8 <- 0x0000000000000000

mem[X,0x0000000080000E30] -> 0x5413
mem[X,0x0000000080000E32] -> 0x43F4
[807] [M]: 0x0000000080000E30 (0x43F45413) srai x8, x8, 0x3f                        common_Mexcpt_handler+64
x8 <- 0x0000000000000000

clint mtime 0x0000000000000194 (mip.MTI <- 0b1, mip.STI <- 0b0)
mem[X,0x0000000080000E34] -> 0x4413
mem[X,0x0000000080000E36] -> 0xFFF4
[808] [M]: 0x0000000080000E34 (0xFFF44413) xori x8, x8, -0x1                        common_Mexcpt_handler+68
x8 <- 0xFFFFFFFFFFFFFFFF

mem[X,0x0000000080000E38] -> 0xF4B3
mem[X,0x0000000080000E3A] -> 0x0085
[809] [M]: 0x0000000080000E38 (0x0085F4B3) and x9, x11, x8                          common_Mexcpt_handler+72
x9 <- 0x0000000000000298

clint mtime 0x0000000000000195 (mip.MTI <- 0b1, mip.STI <- 0b0)
mem[X,0x0000000080000E3C] -> 0x84B3
mem[X,0x0000000080000E3E] -> 0x0024
[810] [M]: 0x0000000080000E3C (0x002484B3) add x9, x9, x2                           vmem_adj_Mepc+0
x9 <- 0x0000000080003298

mem[X,0x0000000080000E40] -> 0x23F3
mem[X,0x0000000080000E42] -> 0x3410
[811] [M]: 0x0000000080000E40 (0x341023F3) csrrs x7, mepc, x0                       vmem_adj_Mepc+4
CSR mepc (0x341) -> 0x00000001800009EC
x7 <- 0x00000001800009EC

clint mtime 0x0000000000000196 (mip.MTI <- 0b1, mip.STI <- 0b0)
mem[X,0x0000000080000E44] -> 0x0413
mem[X,0x0000000080000E46] -> 0x0004
[812] [M]: 0x0000000080000E44 (0x00040413) addi x8, x8, 0x0                         vmem_adj_Mepc+8
x8 <- 0xFFFFFFFFFFFFFFFF

mem[X,0x0000000080000E48] -> 0x006F
mem[X,0x0000000080000E4A] -> 0x0400
[813] [M]: 0x0000000080000E48 (0x0400006F) jal x0, 0x40                             vmem_adj_Mepc+12

clint mtime 0x0000000000000197 (mip.MTI <- 0b1, mip.STI <- 0b0)
mem[X,0x0000000080000E88] -> 0x8433
mem[X,0x0000000080000E8A] -> 0x4083
[814] [M]: 0x0000000080000E88 (0x40838433) sub x8, x7, x8                           adj_Mepc+0
x8 <- 0x00000001800009ED

mem[X,0x0000000080000E8C] -> 0x3823
mem[X,0x0000000080000E8E] -> 0x0083
[815] [M]: 0x0000000080000E8C (0x00833823) sd x8, 0x10(x6)                          sv_Mepc+0
mem[W,0x0000000080009348] <- 0x00000001800009ED

clint mtime 0x0000000000000198 (mip.MTI <- 0b1, mip.STI <- 0b0)
mem[X,0x0000000080000E90] -> 0x55B7
mem[X,0x0000000080000E92] -> 0x0000
[816] [M]: 0x0000000080000E90 (0x000055B7) lui x11, 0x5                             sv_Mepc+4
x11 <- 0x0000000000005000

mem[X,0x0000000080000E94] -> 0x8593
mem[X,0x0000000080000E96] -> 0x6675
[817] [M]: 0x0000000080000E94 (0x66758593) addi x11, x11, 0x667                     sv_Mepc+8
x11 <- 0x0000000000005667

clint mtime 0x0000000000000199 (mip.MTI <- 0b1, mip.STI <- 0b0)
mem[X,0x0000000080000E98] -> 0x9593
mem[X,0x0000000080000E9A] -> 0x0015
[818] [M]: 0x0000000080000E98 (0x00159593) slli x11, x11, 0x1                       sv_Mepc+12
x11 <- 0x000000000000ACCE

mem[X,0x0000000080000E9C] -> 0x9063
mem[X,0x0000000080000E9E] -> 0x02B1
[819] [M]: 0x0000000080000E9C (0x02B19063) bne x3, x11, 0x20                        sv_Mepc+16

clint mtime 0x000000000000019A (mip.MTI <- 0b1, mip.STI <- 0b0)
mem[X,0x0000000080000EBC] -> 0xF593
mem[X,0x0000000080000EBE] -> 0xFFC3
[820] [M]: 0x0000000080000EBC (0xFFC3F593) andi x11, x7, -0x4                       adj_Mepc_rtn+0
x11 <- 0x00000001800009EC

mem[X,0x0000000080000EC0] -> 0x8593
mem[X,0x0000000080000EC2] -> 0x0085
[821] [M]: 0x0000000080000EC0 (0x00858593) addi x11, x11, 0x8                       adj_Mepc_rtn+4
x11 <- 0x00000001800009F4

clint mtime 0x000000000000019B (mip.MTI <- 0b1, mip.STI <- 0b0)
mem[X,0x0000000080000EC4] -> 0x9073
mem[X,0x0000000080000EC6] -> 0x3415
[822] [M]: 0x0000000080000EC4 (0x34159073) csrrw x0, mepc, x11                      adj_Mepc_rtn+8
CSR mepc (0x341) <- 0x00000001800009F4

mem[X,0x0000000080000EC8] -> 0x23F3
mem[X,0x0000000080000ECA] -> 0x3430
[823] [M]: 0x0000000080000EC8 (0x343023F3) csrrs x7, mtval, x0                      skp_adj_Mepc+0
CSR mtval (0x343) -> 0x00000000341494F3
x7 <- 0x00000000341494F3

clint mtime 0x000000000000019C (mip.MTI <- 0b1, mip.STI <- 0b0)
mem[X,0x0000000080000ECC] -> 0x0413
mem[X,0x0000000080000ECE] -> 0x0004
[824] [M]: 0x0000000080000ECC (0x00040413) addi x8, x8, 0x0                         skp_adj_Mepc+4
x8 <- 0x00000001800009ED

mem[X,0x0000000080000ED0] -> 0x006F
mem[X,0x0000000080000ED2] -> 0x0840
[825] [M]: 0x0000000080000ED0 (0x0840006F) jal x0, 0x84                             skp_adj_Mepc+8

clint mtime 0x000000000000019D (mip.MTI <- 0b1, mip.STI <- 0b0)
mem[X,0x0000000080000F54] -> 0x8433
mem[X,0x0000000080000F56] -> 0x4083
[826] [M]: 0x0000000080000F54 (0x40838433) sub x8, x7, x8                           adj_Mtval+0
x8 <- 0xFFFFFFFEB4148B06

mem[X,0x0000000080000F58] -> 0x3C23
mem[X,0x0000000080000F5A] -> 0x0083
[827] [M]: 0x0000000080000F58 (0x00833C23) sd x8, 0x18(x6)                          sv_Mtval+0
mem[W,0x0000000080009350] <- 0xFFFFFFFEB4148B06

clint mtime 0x000000000000019E (mip.MTI <- 0b1, mip.STI <- 0b0)
mem[X,0x0000000080000F5C] -> 0x3483
mem[X,0x0000000080000F5E] -> 0x2181
[828] [M]: 0x0000000080000F5C (0x21813483) ld x9, 0x218(x2)                         skp_Mtval+0
mem[R,0x0000000080003218] -> 0x0000000080009358
x9 <- 0x0000000080009358

mem[X,0x0000000080000F60] -> 0x3383
mem[X,0x0000000080000F62] -> 0x1F81
[829] [M]: 0x0000000080000F60 (0x1F813383) ld x7, 0x1f8(x2)                         skp_Mtval+4
mem[R,0x00000000800031F8] -> 0x0000000080009110
x7 <- 0x0000000080009110

clint mtime 0x000000000000019F (mip.MTI <- 0b1, mip.STI <- 0b0)
mem[X,0x0000000080000F64] -> 0x3303
mem[X,0x0000000080000F66] -> 0x2001
[830] [M]: 0x0000000080000F64 (0x20013303) ld x6, 0x200(x2)                         skp_Mtval+8
mem[R,0x0000000080003200] -> 0x0000000000000410
x6 <- 0x0000000000000410

mem[X,0x0000000080000F68] -> 0x0333
mem[X,0x0000000080000F6A] -> 0x0073
[831] [M]: 0x0000000080000F68 (0x00730333) add x6, x6, x7                           skp_Mtval+12
x6 <- 0x0000000080009520

clint mtime 0x00000000000001A0 (mip.MTI <- 0b1, mip.STI <- 0b0)
mem[X,0x0000000080000F6C] -> 0x6CE3
mem[X,0x0000000080000F6E] -> 0xAE93
[832] [M]: 0x0000000080000F6C (0xAE936CE3) bltu x6, x9, -0x508                      skp_Mtval+16

mem[X,0x0000000080000F70] -> 0x0393
mem[X,0x0000000080000F72] -> 0x2000
[833] [M]: 0x0000000080000F70 (0x20000393) addi x7, x0, 0x200                       skp_Mtval+20
x7 <- 0x0000000000000200

clint mtime 0x00000000000001A1 (mip.MTI <- 0b1, mip.STI <- 0b0)
mem[X,0x0000000080000F74] -> 0x006F
mem[X,0x0000000080000F76] -> 0x0400
[834] [M]: 0x0000000080000F74 (0x0400006F) jal x0, 0x40                             skp_Mtval+24

mem[X,0x0000000080000FB4] -> 0x0417
mem[X,0x0000000080000FB6] -> 0x0000
[835] [M]: 0x0000000080000FB4 (0x00000417) auipc x8, 0x0                            spcl_Mhandler+0
x8 <- 0x0000000080000FB4

clint mtime 0x00000000000001A2 (mip.MTI <- 0b1, mip.STI <- 0b0)
mem[X,0x0000000080000FB8] -> 0x0413
mem[X,0x0000000080000FBA] -> 0x03C4
[836] [M]: 0x0000000080000FB8 (0x03C40413) addi x8, x8, 0x3c                        spcl_Mhandler+4
x8 <- 0x0000000080000FF0

mem[X,0x0000000080000FBC] -> 0x0433
mem[X,0x0000000080000FBE] -> 0x0074
[837] [M]: 0x0000000080000FBC (0x00740433) add x8, x8, x7                           spcl_Mhandler+8
x8 <- 0x00000000800011F0

clint mtime 0x00000000000001A3 (mip.MTI <- 0b1, mip.STI <- 0b0)
mem[X,0x0000000080000FC0] -> 0x1393
mem[X,0x0000000080000FC2] -> 0x0035
[838] [M]: 0x0000000080000FC0 (0x00351393) slli x7, x10, 0x3                        spcl_Mhandler+12
x7 <- 0x0000000000000010

mem[X,0x0000000080000FC4] -> 0x0433
mem[X,0x0000000080000FC6] -> 0x0074
[839] [M]: 0x0000000080000FC4 (0x00740433) add x8, x8, x7                           spcl_Mhandler+16
x8 <- 0x0000000080001200

clint mtime 0x00000000000001A4 (mip.MTI <- 0b1, mip.STI <- 0b0)
mem[X,0x0000000080000FC8] -> 0x7413
mem[X,0x0000000080000FCA] -> 0xFF84
[840] [M]: 0x0000000080000FC8 (0xFF847413) andi x8, x8, -0x8                        spcl_Mhandler+20
x8 <- 0x0000000080001200

mem[X,0x0000000080000FCC] -> 0x3403
mem[X,0x0000000080000FCE] -> 0x0004
[841] [M]: 0x0000000080000FCC (0x00043403) ld x8, 0x0(x8)                           spcl_Mhandler+24
mem[R,0x0000000080001200] -> 0x0000000000000005
x8 <- 0x0000000000000005

clint mtime 0x00000000000001A5 (mip.MTI <- 0b1, mip.STI <- 0b0)
mem[X,0x0000000080000FD0] -> 0x04E3
mem[X,0x0000000080000FD2] -> 0xB204
[842] [M]: 0x0000000080000FD0 (0xB20404E3) beq x8, x0, -0x4d8                       spcl_Mdispatch_hndling+0

mem[X,0x0000000080000FD4] -> 0x1393
mem[X,0x0000000080000FD6] -> 0x03F4
[843] [M]: 0x0000000080000FD4 (0x03F41393) slli x7, x8, 0x3f                        spcl_Mdispatch_hndling+4
x7 <- 0x8000000000000000

clint mtime 0x00000000000001A6 (mip.MTI <- 0b1, mip.STI <- 0b0)
mem[X,0x0000000080000FD8] -> 0xD863
mem[X,0x0000000080000FDA] -> 0x0003
[844] [M]: 0x0000000080000FD8 (0x0003D863) bge x7, x0, 0x10                         spcl_Mdispatch_hndling+8

mem[X,0x0000000080000FDC] -> 0x5413
mem[X,0x0000000080000FDE] -> 0x0014
[845] [M]: 0x0000000080000FDC (0x00145413) srli x8, x8, 0x1                         spcl_Mdispatch_hndling+12
x8 <- 0x0000000000000002

clint mtime 0x00000000000001A7 (mip.MTI <- 0b1, mip.STI <- 0b0)
mem[X,0x0000000080000FE0] -> 0x0CE3
mem[X,0x0000000080000FE2] -> 0xF885
[846] [M]: 0x0000000080000FE0 (0xF8850CE3) beq x10, x8, -0x68                       spcl_Mdispatch_hndling+16

mem[X,0x0000000080000F78] -> 0x3303
mem[X,0x0000000080000F7A] -> 0x2601
[847] [M]: 0x0000000080000F78 (0x26013303) ld x6, 0x260(x2)                         resto_Mrtn+0
mem[R,0x0000000080003260] -> 0xFFFFFFFF7FFFF7F0
x6 <- 0xFFFFFFFF7FFFF7F0

clint mtime 0x00000000000001A8 (mip.MTI <- 0b1, mip.STI <- 0b0)
mem[X,0x0000000080000F7C] -> 0x3383
mem[X,0x0000000080000F7E] -> 0x2681
[848] [M]: 0x0000000080000F7C (0x26813383) ld x7, 0x268(x2)                         resto_Mrtn+4
mem[R,0x0000000080003268] -> 0x0000000080003000
x7 <- 0x0000000080003000

mem[X,0x0000000080000F80] -> 0x3403
mem[X,0x0000000080000F82] -> 0x2701
[849] [M]: 0x0000000080000F80 (0x27013403) ld x8, 0x270(x2)                         resto_Mrtn+8
mem[R,0x0000000080003270] -> 0x0000000000007F76
x8 <- 0x0000000000007F76

clint mtime 0x00000000000001A9 (mip.MTI <- 0b1, mip.STI <- 0b0)
mem[X,0x0000000080000F84] -> 0x3483
mem[X,0x0000000080000F86] -> 0x2781
[850] [M]: 0x0000000080000F84 (0x27813483) ld x9, 0x278(x2)                         resto_Mrtn+12
mem[R,0x0000000080003278] -> 0x00000001000001D4
x9 <- 0x00000001000001D4

mem[X,0x0000000080000F88] -> 0x3503
mem[X,0x0000000080000F8A] -> 0x2801
[851] [M]: 0x0000000080000F88 (0x28013503) ld x10, 0x280(x2)                        resto_Mrtn+16
mem[R,0x0000000080003280] -> 0x00000000200014C9
x10 <- 0x00000000200014C9

clint mtime 0x00000000000001AA (mip.MTI <- 0b1, mip.STI <- 0b0)
mem[X,0x0000000080000F8C] -> 0x3583
mem[X,0x0000000080000F8E] -> 0x2881
[852] [M]: 0x0000000080000F8C (0x28813583) ld x11, 0x288(x2)                        resto_Mrtn+20
mem[R,0x0000000080003288] -> 0x00000000000000C9
x11 <- 0x00000000000000C9

mem[X,0x0000000080000F90] -> 0x3103
mem[X,0x0000000080000F92] -> 0x2901
[853] [M]: 0x0000000080000F90 (0x29013103) ld x2, 0x290(x2)                         resto_Mrtn+24
mem[R,0x0000000080003290] -> 0x0000000000000000
x2 <- 0x0000000000000000

clint mtime 0x00000000000001AB (mip.MTI <- 0b1, mip.STI <- 0b0)
mem[X,0x0000000080000F94] -> 0x0073
mem[X,0x0000000080000F96] -> 0x3020
[854] [M]: 0x0000000080000F94 (0x30200073) mret                                     resto_Mrtn+28
CSR mstatus (0x300) <- 0x0000000A00000080
ret-ing from M to S

mem[X,0x00000000800009F4] -> 0x0793
mem[X,0x00000000800009F6] -> 0xFFC0
[855] [S]: 0x00000001800009F4 (0xFFC00793) addi x15, x0, -0x4                       va_rvtest_code_begin+1624
x15 <- 0xFFFFFFFFFFFFFFFC

clint mtime 0x00000000000001AC (mip.MTI <- 0b1, mip.STI <- 0b0)
mem[X,0x00000000800009F8] -> 0x51B7
mem[X,0x00000000800009FA] -> 0x0000
[856] [S]: 0x00000001800009F8 (0x000051B7) lui x3, 0x5                              va_rvtest_code_begin+1628
x3 <- 0x0000000000005000

mem[X,0x00000000800009FC] -> 0x8193
mem[X,0x00000000800009FE] -> 0x6671
[857] [S]: 0x00000001800009FC (0x66718193) addi x3, x3, 0x667                       va_rvtest_code_begin+1632
x3 <- 0x0000000000005667

clint mtime 0x00000000000001AD (mip.MTI <- 0b1, mip.STI <- 0b0)
mem[X,0x0000000080000A00] -> 0x9193
mem[X,0x0000000080000A02] -> 0x0011
[858] [S]: 0x0000000180000A00 (0x00119193) slli x3, x3, 0x1                         va_rvtest_code_begin+1636
x3 <- 0x000000000000ACCE

mem[X,0x0000000080000A04] -> 0x0013
mem[X,0x0000000080000A06] -> 0x0000
[859] [S]: 0x0000000180000A04 (0x00000013) addi x0, x0, 0x0                         va_rvtest_code_begin+1640

clint mtime 0x00000000000001AE (mip.MTI <- 0b1, mip.STI <- 0b0)
mem[X,0x0000000080000A08] -> 0x0013
mem[X,0x0000000080000A0A] -> 0x0000
[860] [S]: 0x0000000180000A08 (0x00000013) addi x0, x0, 0x0                         va_rvtest_code_begin+1644

mem[X,0x0000000080000A0C] -> 0x0013
mem[X,0x0000000080000A0E] -> 0x0000
[861] [S]: 0x0000000180000A0C (0x00000013) addi x0, x0, 0x0                         va_rvtest_code_begin+1648

clint mtime 0x00000000000001AF (mip.MTI <- 0b1, mip.STI <- 0b0)
mem[X,0x0000000080000A10] -> 0x0013
mem[X,0x0000000080000A12] -> 0x0000
[862] [S]: 0x0000000180000A10 (0x00000013) addi x0, x0, 0x0                         va_rvtest_code_begin+1652

mem[X,0x0000000080000A14] -> 0x0013
mem[X,0x0000000080000A16] -> 0x0000
[863] [S]: 0x0000000180000A14 (0x00000013) addi x0, x0, 0x0                         va_rvtest_code_begin+1656

clint mtime 0x00000000000001B0 (mip.MTI <- 0b1, mip.STI <- 0b0)
mem[X,0x0000000080000A18] -> 0x0013
mem[X,0x0000000080000A1A] -> 0x0000
[864] [S]: 0x0000000180000A18 (0x00000013) addi x0, x0, 0x0                         va_rvtest_code_begin+1660

mem[X,0x0000000080000A1C] -> 0x0013
mem[X,0x0000000080000A1E] -> 0x0000
[865] [S]: 0x0000000180000A1C (0x00000013) addi x0, x0, 0x0                         va_rvtest_code_begin+1664

clint mtime 0x00000000000001B1 (mip.MTI <- 0b1, mip.STI <- 0b0)
mem[X,0x0000000080000A20] -> 0x0217
mem[X,0x0000000080000A22] -> 0x0000
[866] [S]: 0x0000000180000A20 (0x00000217) auipc x4, 0x0                            va_rvtest_code_begin+1668
x4 <- 0x0000000180000A20

mem[X,0x0000000080000A24] -> 0x0213
mem[X,0x0000000080000A26] -> 0x02C2
[867] [S]: 0x0000000180000A24 (0x02C20213) addi x4, x4, 0x2c                        va_rvtest_code_begin+1672
x4 <- 0x0000000180000A4C

clint mtime 0x00000000000001B2 (mip.MTI <- 0b1, mip.STI <- 0b0)
mem[X,0x0000000080000A28] -> 0x0001
[868] [S]: 0x0000000180000A28 (0x0001) c.nop                                        va_rvtest_code_begin+1676

mem[X,0x0000000080000A2A] -> 0x0013
mem[X,0x0000000080000A2C] -> 0x0000
[869] [S]: 0x0000000180000A2A (0x00000013) addi x0, x0, 0x0                         va_rvtest_code_begin+1678

clint mtime 0x00000000000001B3 (mip.MTI <- 0b1, mip.STI <- 0b0)
mem[X,0x0000000080000A2E] -> 0x0013
mem[X,0x0000000080000A30] -> 0x0000
[870] [S]: 0x0000000180000A2E (0x00000013) addi x0, x0, 0x0                         va_rvtest_code_begin+1682

mem[X,0x0000000080000A32] -> 0x0013
mem[X,0x0000000080000A34] -> 0x0000
[871] [S]: 0x0000000180000A32 (0x00000013) addi x0, x0, 0x0                         va_rvtest_code_begin+1686

clint mtime 0x00000000000001B4 (mip.MTI <- 0b1, mip.STI <- 0b0)
mem[X,0x0000000080000A36] -> 0x0013
mem[X,0x0000000080000A38] -> 0x0000
[872] [S]: 0x0000000180000A36 (0x00000013) addi x0, x0, 0x0                         va_rvtest_code_begin+1690

mem[X,0x0000000080000A3A] -> 0x0013
mem[X,0x0000000080000A3C] -> 0x0000
[873] [S]: 0x0000000180000A3A (0x00000013) addi x0, x0, 0x0                         va_rvtest_code_begin+1694

clint mtime 0x00000000000001B5 (mip.MTI <- 0b1, mip.STI <- 0b0)
mem[X,0x0000000080000A3E] -> 0x0001
[874] [S]: 0x0000000180000A3E (0x0001) c.nop                                        va_rvtest_code_begin+1698

mem[X,0x0000000080000A40] -> 0x80E7
mem[X,0x0000000080000A42] -> 0x0007
[875] [S]: 0x0000000180000A40 (0x000780E7) jalr x1, 0x0(x15)                        va_rvtest_code_begin+1700
x1 <- 0x0000000180000A44

clint mtime 0x00000000000001B6 (mip.MTI <- 0b1, mip.STI <- 0b0)
PTW: Start, vpn=0x7ffffff, access_type=X, privilege=Smem[R,0x0000000080008FF8] -> 0x0000000020001C01
PTW: Step, level=2, pte=0x20001C01, pte_addr=0x80008FF8
PTW: Start, vpn=0x7ffffff, access_type=X, privilege=Smem[R,0x0000000080007FF8] -> 0x0000000020001801
PTW: Step, level=1, pte=0x20001801, pte_addr=0x80007FF8
PTW: Start, vpn=0x7ffffff, access_type=X, privilege=Smem[R,0x0000000080006FF8] -> 0x00000000200014C9
PTW: Step, level=0, pte=0x200014C9, pte_addr=0x80006FF8
PTW: Success, final_ppn=0x80005, level=0mem[X,0x0000000080005FFC] -> 0x8067
mem[X,0x0000000080005FFE] -> 0x0000
[876] [S]: 0xFFFFFFFFFFFFFFFC (0x00008067) jalr x0, 0x0(x1)                         va_data_x+0

mem[X,0x0000000080000A44] -> 0x0013
mem[X,0x0000000080000A46] -> 0x0000
[877] [S]: 0x0000000180000A44 (0x00000013) addi x0, x0, 0x0                         va_rvtest_code_begin+1704

clint mtime 0x00000000000001B7 (mip.MTI <- 0b1, mip.STI <- 0b0)
mem[X,0x0000000080000A48] -> 0x0013
mem[X,0x0000000080000A4A] -> 0x0000
[878] [S]: 0x0000000180000A48 (0x00000013) addi x0, x0, 0x0                         va_rvtest_code_begin+1708

mem[X,0x0000000080000A4C] -> 0x0013
mem[X,0x0000000080000A4E] -> 0x0000
[879] [S]: 0x0000000180000A4C (0x00000013) addi x0, x0, 0x0                         va_rvtest_code_begin+1712

clint mtime 0x00000000000001B8 (mip.MTI <- 0b1, mip.STI <- 0b0)
mem[X,0x0000000080000A50] -> 0x0013
mem[X,0x0000000080000A52] -> 0x0000
[880] [S]: 0x0000000180000A50 (0x00000013) addi x0, x0, 0x0                         va_rvtest_code_begin+1716

mem[X,0x0000000080000A54] -> 0x0113
mem[X,0x0000000080000A56] -> 0x0000
[881] [S]: 0x0000000180000A54 (0x00000113) addi x2, x0, 0x0                         va_rvtest_code_begin+1720
x2 <- 0x0000000000000000

clint mtime 0x00000000000001B9 (mip.MTI <- 0b1, mip.STI <- 0b0)
mem[X,0x0000000080000A58] -> 0x0073
mem[X,0x0000000080000A5A] -> 0x0000
[882] [S]: 0x0000000180000A58 (0x00000073) ecall                                    va_rvtest_code_begin+1724
trapping from S to M to handle s-call
handling exc#s-call at priv M with tval 0x0000000000000000
CSR mstatus (0x300) <- 0x0000000A00000800
CSR mcause (0x342) <- 0x0000000000000009
CSR mtval (0x343) <- 0x0000000000000000
CSR mepc (0x341) <- 0x0000000180000A58

mem[X,0x0000000080000B40] -> 0x006F
mem[X,0x0000000080000B42] -> 0x1000
[883] [M]: 0x0000000080000B40 (0x1000006F) jal x0, 0x100                            Mtrampoline+0

clint mtime 0x00000000000001BA (mip.MTI <- 0b1, mip.STI <- 0b0)
mem[X,0x0000000080000C40] -> 0x1173
mem[X,0x0000000080000C42] -> 0x3401
[884] [M]: 0x0000000080000C40 (0x34011173) csrrw x2, mscratch, x2                   trap_Mhandler+0
CSR mscratch (0x340) <- 0x0000000000000000
x2 <- 0x0000000080003000

mem[X,0x0000000080000C44] -> 0x3423
mem[X,0x0000000080000C46] -> 0x28B1
[885] [M]: 0x0000000080000C44 (0x28B13423) sd x11, 0x288(x2)                        trap_Mhandler+4
mem[W,0x0000000080003288] <- 0x00000000000000C9

clint mtime 0x00000000000001BB (mip.MTI <- 0b1, mip.STI <- 0b0)
mem[X,0x0000000080000C48] -> 0x05EF
mem[X,0x0000000080000C4A] -> 0x0B80
[886] [M]: 0x0000000080000C48 (0x0B8005EF) jal x11, 0xb8                            trap_Mhandler+8
x11 <- 0x0000000080000C4C

mem[X,0x0000000080000D00] -> 0x3023
mem[X,0x0000000080000D02] -> 0x28A1
[887] [M]: 0x0000000080000D00 (0x28A13023) sd x10, 0x280(x2)                        common_Mhandler+0
mem[W,0x0000000080003280] <- 0x00000000200014C9

clint mtime 0x00000000000001BC (mip.MTI <- 0b1, mip.STI <- 0b0)
mem[X,0x0000000080000D04] -> 0x1573
mem[X,0x0000000080000D06] -> 0x3401
[888] [M]: 0x0000000080000D04 (0x34011573) csrrw x10, mscratch, x2                  common_Mhandler+4
CSR mscratch (0x340) <- 0x0000000080003000
x10 <- 0x0000000000000000

mem[X,0x0000000080000D08] -> 0x3823
mem[X,0x0000000080000D0A] -> 0x28A1
[889] [M]: 0x0000000080000D08 (0x28A13823) sd x10, 0x290(x2)                        common_Mhandler+8
mem[W,0x0000000080003290] <- 0x0000000000000000

clint mtime 0x00000000000001BD (mip.MTI <- 0b1, mip.STI <- 0b0)
mem[X,0x0000000080000D0C] -> 0x3503
mem[X,0x0000000080000D0E] -> 0x2301
[890] [M]: 0x0000000080000D0C (0x23013503) ld x10, 0x230(x2)                        common_Mhandler+12
mem[R,0x0000000080003230] -> 0x0000000080000D14
x10 <- 0x0000000080000D14

mem[X,0x0000000080000D10] -> 0x0067
mem[X,0x0000000080000D12] -> 0x0005
[891] [M]: 0x0000000080000D10 (0x00050067) jalr x0, 0x0(x10)                        common_Mhandler+16

clint mtime 0x00000000000001BE (mip.MTI <- 0b1, mip.STI <- 0b0)
mem[X,0x0000000080000D14] -> 0x3C23
mem[X,0x0000000080000D16] -> 0x2691
[892] [M]: 0x0000000080000D14 (0x26913C23) sd x9, 0x278(x2)                         common_Mentry+0
mem[W,0x0000000080003278] <- 0x00000001000001D4

mem[X,0x0000000080000D18] -> 0x3823
mem[X,0x0000000080000D1A] -> 0x2681
[893] [M]: 0x0000000080000D18 (0x26813823) sd x8, 0x270(x2)                         common_Mentry+4
mem[W,0x0000000080003270] <- 0x0000000000007F76

clint mtime 0x00000000000001BF (mip.MTI <- 0b1, mip.STI <- 0b0)
mem[X,0x0000000080000D1C] -> 0x3423
mem[X,0x0000000080000D1E] -> 0x2671
[894] [M]: 0x0000000080000D1C (0x26713423) sd x7, 0x268(x2)                         common_Mentry+8
mem[W,0x0000000080003268] <- 0x0000000080003000

mem[X,0x0000000080000D20] -> 0x3023
mem[X,0x0000000080000D22] -> 0x2661
[895] [M]: 0x0000000080000D20 (0x26613023) sd x6, 0x260(x2)                         common_Mentry+12
mem[W,0x0000000080003260] <- 0xFFFFFFFF7FFFF7F0

clint mtime 0x00000000000001C0 (mip.MTI <- 0b1, mip.STI <- 0b0)
mem[X,0x0000000080000D24] -> 0x2573
mem[X,0x0000000080000D26] -> 0x3420
[896] [M]: 0x0000000080000D24 (0x34202573) csrrs x10, mcause, x0                    spcl_M2mmode_test+0
CSR mcause (0x342) -> 0x0000000000000009
x10 <- 0x0000000000000009

mem[X,0x0000000080000D28] -> 0x04B7
mem[X,0x0000000080000D2A] -> 0x8000
[897] [M]: 0x0000000080000D28 (0x800004B7) lui x9, -0x80000                         spcl_M2mmode_test+4
x9 <- 0xFFFFFFFF80000000

clint mtime 0x00000000000001C1 (mip.MTI <- 0b1, mip.STI <- 0b0)
mem[X,0x0000000080000D2C] -> 0x8493
mem[X,0x0000000080000D2E] -> 0x0004
[898] [M]: 0x0000000080000D2C (0x00048493) addi x9, x9, 0x0                         spcl_M2mmode_test+8
x9 <- 0xFFFFFFFF80000000

mem[X,0x0000000080000D30] -> 0x9493
mem[X,0x0000000080000D32] -> 0x00B4
[899] [M]: 0x0000000080000D30 (0x00B49493) slli x9, x9, 0xb                         spcl_M2mmode_test+12
x9 <- 0xFFFFFC0000000000

clint mtime 0x00000000000001C2 (mip.MTI <- 0b1, mip.STI <- 0b0)
mem[X,0x0000000080000D34] -> 0x8493
mem[X,0x0000000080000D36] -> 0x0004
[900] [M]: 0x0000000080000D34 (0x00048493) addi x9, x9, 0x0                         spcl_M2mmode_test+16
x9 <- 0xFFFFFC0000000000

mem[X,0x0000000080000D38] -> 0x9493
mem[X,0x0000000080000D3A] -> 0x00B4
[901] [M]: 0x0000000080000D38 (0x00B49493) slli x9, x9, 0xb                         spcl_M2mmode_test+20
x9 <- 0xFFE0000000000000

clint mtime 0x00000000000001C3 (mip.MTI <- 0b1, mip.STI <- 0b0)
mem[X,0x0000000080000D3C] -> 0x8493
mem[X,0x0000000080000D3E] -> 0x0034
[902] [M]: 0x0000000080000D3C (0x00348493) addi x9, x9, 0x3                         spcl_M2mmode_test+24
x9 <- 0xFFE0000000000003

mem[X,0x0000000080000D40] -> 0x9493
mem[X,0x0000000080000D42] -> 0x00A4
[903] [M]: 0x0000000080000D40 (0x00A49493) slli x9, x9, 0xa                         spcl_M2mmode_test+28
x9 <- 0x8000000000000C00

clint mtime 0x00000000000001C4 (mip.MTI <- 0b1, mip.STI <- 0b0)
mem[X,0x0000000080000D44] -> 0x8493
mem[X,0x0000000080000D46] -> 0x3FC4
[904] [M]: 0x0000000080000D44 (0x3FC48493) addi x9, x9, 0x3fc                       spcl_M2mmode_test+32
x9 <- 0x8000000000000FFC

mem[X,0x0000000080000D48] -> 0xF4B3
mem[X,0x0000000080000D4A] -> 0x00A4
[905] [M]: 0x0000000080000D48 (0x00A4F4B3) and x9, x9, x10                          spcl_M2mmode_test+36
x9 <- 0x0000000000000008

clint mtime 0x00000000000001C5 (mip.MTI <- 0b1, mip.STI <- 0b0)
mem[X,0x0000000080000D4C] -> 0x8493
mem[X,0x0000000080000D4E] -> 0xFF84
[906] [M]: 0x0000000080000D4C (0xFF848493) addi x9, x9, -0x8                        spcl_M2mmode_test+40
x9 <- 0x0000000000000000

mem[X,0x0000000080000D50] -> 0x9663
mem[X,0x0000000080000D52] -> 0x0004
[907] [M]: 0x0000000080000D50 (0x00049663) bne x9, x0, 0xc                          spcl_M2mmode_test+44

clint mtime 0x00000000000001C6 (mip.MTI <- 0b1, mip.STI <- 0b0)
mem[X,0x0000000080000D54] -> 0x3383
mem[X,0x0000000080000D56] -> 0x2901
[908] [M]: 0x0000000080000D54 (0x29013383) ld x7, 0x290(x2)                         spcl_M2mmode_test+48
mem[R,0x0000000080003290] -> 0x0000000000000000
x7 <- 0x0000000000000000

mem[X,0x0000000080000D58] -> 0x8663
mem[X,0x0000000080000D5A] -> 0x6E03
[909] [M]: 0x0000000080000D58 (0x6E038663) beq x7, x0, 0x6ec                        spcl_M2mmode_test+52

clint mtime 0x00000000000001C7 (mip.MTI <- 0b1, mip.STI <- 0b0)
mem[X,0x0000000080001444] -> 0x0493
mem[X,0x0000000080001446] -> 0xFF55
[910] [M]: 0x0000000080001444 (0xFF550493) addi x9, x10, -0xb                       rtn2mmode+0
x9 <- 0xFFFFFFFFFFFFFFFE

mem[X,0x0000000080001448] -> 0x8C63
mem[X,0x000000008000144A] -> 0x0004
[911] [M]: 0x0000000080001448 (0x00048C63) beq x9, x0, 0x18                         rtn2mmode+4

clint mtime 0x00000000000001C8 (mip.MTI <- 0b1, mip.STI <- 0b0)
mem[X,0x000000008000144C] -> 0x3583
mem[X,0x000000008000144E] -> 0x4701
[912] [M]: 0x000000008000144C (0x47013583) ld x11, 0x470(x2)                        rtn2mmode+8
mem[R,0x0000000080003470] -> 0x000000018000039C
x11 <- 0x000000018000039C

mem[X,0x0000000080001450] -> 0xD463
mem[X,0x0000000080001452] -> 0x0003
[913] [M]: 0x0000000080001450 (0x0003D463) bge x7, x0, 0x8                          rtn2mmode+12

clint mtime 0x00000000000001C9 (mip.MTI <- 0b1, mip.STI <- 0b0)
mem[X,0x0000000080001458] -> 0x3483
mem[X,0x000000008000145A] -> 0x1D81
[914] [M]: 0x0000000080001458 (0x1D813483) ld x9, 0x1d8(x2)                         from_u_s+0
mem[R,0x00000000800031D8] -> 0x00000000800003B4
x9 <- 0x00000000800003B4

mem[X,0x000000008000145C] -> 0x84B3
mem[X,0x000000008000145E] -> 0x40B4
[915] [M]: 0x000000008000145C (0x40B484B3) sub x9, x9, x11                          from_u_s+4
x9 <- 0xFFFFFFFF00000018

clint mtime 0x00000000000001CA (mip.MTI <- 0b1, mip.STI <- 0b0)
mem[X,0x0000000080001460] -> 0x23F3
mem[X,0x0000000080001462] -> 0x3410
[916] [M]: 0x0000000080001460 (0x341023F3) csrrs x7, mepc, x0                       rtn_fm_mmode+0
CSR mepc (0x341) -> 0x0000000180000A58
x7 <- 0x0000000180000A58

mem[X,0x0000000080001464] -> 0x83B3
mem[X,0x0000000080001466] -> 0x0093
[917] [M]: 0x0000000080001464 (0x009383B3) add x7, x7, x9                           rtn_fm_mmode+4
x7 <- 0x0000000080000A70

clint mtime 0x00000000000001CB (mip.MTI <- 0b1, mip.STI <- 0b0)
mem[X,0x0000000080001468] -> 0x3303
mem[X,0x000000008000146A] -> 0x2601
[918] [M]: 0x0000000080001468 (0x26013303) ld x6, 0x260(x2)                         rtn_fm_mmode+8
mem[R,0x0000000080003260] -> 0xFFFFFFFF7FFFF7F0
x6 <- 0xFFFFFFFF7FFFF7F0

mem[X,0x000000008000146C] -> 0x3403
mem[X,0x000000008000146E] -> 0x2701
[919] [M]: 0x000000008000146C (0x27013403) ld x8, 0x270(x2)                         rtn_fm_mmode+12
mem[R,0x0000000080003270] -> 0x0000000000007F76
x8 <- 0x0000000000007F76

clint mtime 0x00000000000001CC (mip.MTI <- 0b1, mip.STI <- 0b0)
mem[X,0x0000000080001470] -> 0x3483
mem[X,0x0000000080001472] -> 0x2781
[920] [M]: 0x0000000080001470 (0x27813483) ld x9, 0x278(x2)                         rtn_fm_mmode+16
mem[R,0x0000000080003278] -> 0x00000001000001D4
x9 <- 0x00000001000001D4

mem[X,0x0000000080001474] -> 0x3503
mem[X,0x0000000080001476] -> 0x2801
[921] [M]: 0x0000000080001474 (0x28013503) ld x10, 0x280(x2)                        rtn_fm_mmode+20
mem[R,0x0000000080003280] -> 0x00000000200014C9
x10 <- 0x00000000200014C9

clint mtime 0x00000000000001CD (mip.MTI <- 0b1, mip.STI <- 0b0)
mem[X,0x0000000080001478] -> 0x3583
mem[X,0x000000008000147A] -> 0x2881
[922] [M]: 0x0000000080001478 (0x28813583) ld x11, 0x288(x2)                        rtn_fm_mmode+24
mem[R,0x0000000080003288] -> 0x00000000000000C9
x11 <- 0x00000000000000C9

mem[X,0x000000008000147C] -> 0x3103
mem[X,0x000000008000147E] -> 0x2901
[923] [M]: 0x000000008000147C (0x29013103) ld x2, 0x290(x2)                         rtn_fm_mmode+28
mem[R,0x0000000080003290] -> 0x0000000000000000
x2 <- 0x0000000000000000

clint mtime 0x00000000000001CE (mip.MTI <- 0b1, mip.STI <- 0b0)
mem[X,0x0000000080001480] -> 0x8067
mem[X,0x0000000080001482] -> 0x0043
[924] [M]: 0x0000000080001480 (0x00438067) jalr x0, 0x4(x7)                         rtn_fm_mmode+32

mem[X,0x0000000080000A74] -> 0x9073
mem[X,0x0000000080000A76] -> 0x1803
[925] [M]: 0x0000000080000A74 (0x18039073) csrrw x0, satp, x7                       resto_Ssatp+4
CSR satp (0x180) <- 0x0000000080000A70

clint mtime 0x00000000000001CF (mip.MTI <- 0b1, mip.STI <- 0b0)
mem[X,0x0000000080000A78] -> 0x3503
mem[X,0x0000000080000A7A] -> 0x2503
[926] [M]: 0x0000000080000A78 (0x25033503) ld x10, 0x250(x6)                        resto_Sscratch+0
trapping from M to M to handle load-access-fault
handling exc#load-access-fault at priv M with tval 0xFFFFFFFF7FFFFA40
CSR mstatus (0x300) <- 0x0000000A00001800
CSR mcause (0x342) <- 0x0000000000000005
CSR mtval (0x343) <- 0xFFFFFFFF7FFFFA40
CSR mepc (0x341) <- 0x0000000080000A78

mem[X,0x0000000080000B40] -> 0x006F
mem[X,0x0000000080000B42] -> 0x1000
[927] [M]: 0x0000000080000B40 (0x1000006F) jal x0, 0x100                            Mtrampoline+0

clint mtime 0x00000000000001D0 (mip.MTI <- 0b1, mip.STI <- 0b0)
mem[X,0x0000000080000C40] -> 0x1173
mem[X,0x0000000080000C42] -> 0x3401
[928] [M]: 0x0000000080000C40 (0x34011173) csrrw x2, mscratch, x2                   trap_Mhandler+0
CSR mscratch (0x340) <- 0x0000000000000000
x2 <- 0x0000000080003000

mem[X,0x0000000080000C44] -> 0x3423
mem[X,0x0000000080000C46] -> 0x28B1
[929] [M]: 0x0000000080000C44 (0x28B13423) sd x11, 0x288(x2)                        trap_Mhandler+4
mem[W,0x0000000080003288] <- 0x00000000000000C9

clint mtime 0x00000000000001D1 (mip.MTI <- 0b1, mip.STI <- 0b0)
mem[X,0x0000000080000C48] -> 0x05EF
mem[X,0x0000000080000C4A] -> 0x0B80
[930] [M]: 0x0000000080000C48 (0x0B8005EF) jal x11, 0xb8                            trap_Mhandler+8
x11 <- 0x0000000080000C4C

mem[X,0x0000000080000D00] -> 0x3023
mem[X,0x0000000080000D02] -> 0x28A1
[931] [M]: 0x0000000080000D00 (0x28A13023) sd x10, 0x280(x2)                        common_Mhandler+0
mem[W,0x0000000080003280] <- 0x00000000200014C9

clint mtime 0x00000000000001D2 (mip.MTI <- 0b1, mip.STI <- 0b0)
mem[X,0x0000000080000D04] -> 0x1573
mem[X,0x0000000080000D06] -> 0x3401
[932] [M]: 0x0000000080000D04 (0x34011573) csrrw x10, mscratch, x2                  common_Mhandler+4
CSR mscratch (0x340) <- 0x0000000080003000
x10 <- 0x0000000000000000

mem[X,0x0000000080000D08] -> 0x3823
mem[X,0x0000000080000D0A] -> 0x28A1
[933] [M]: 0x0000000080000D08 (0x28A13823) sd x10, 0x290(x2)                        common_Mhandler+8
mem[W,0x0000000080003290] <- 0x0000000000000000

clint mtime 0x00000000000001D3 (mip.MTI <- 0b1, mip.STI <- 0b0)
mem[X,0x0000000080000D0C] -> 0x3503
mem[X,0x0000000080000D0E] -> 0x2301
[934] [M]: 0x0000000080000D0C (0x23013503) ld x10, 0x230(x2)                        common_Mhandler+12
mem[R,0x0000000080003230] -> 0x0000000080000D14
x10 <- 0x0000000080000D14

mem[X,0x0000000080000D10] -> 0x0067
mem[X,0x0000000080000D12] -> 0x0005
[935] [M]: 0x0000000080000D10 (0x00050067) jalr x0, 0x0(x10)                        common_Mhandler+16

clint mtime 0x00000000000001D4 (mip.MTI <- 0b1, mip.STI <- 0b0)
mem[X,0x0000000080000D14] -> 0x3C23
mem[X,0x0000000080000D16] -> 0x2691
[936] [M]: 0x0000000080000D14 (0x26913C23) sd x9, 0x278(x2)                         common_Mentry+0
mem[W,0x0000000080003278] <- 0x00000001000001D4

mem[X,0x0000000080000D18] -> 0x3823
mem[X,0x0000000080000D1A] -> 0x2681
[937] [M]: 0x0000000080000D18 (0x26813823) sd x8, 0x270(x2)                         common_Mentry+4
mem[W,0x0000000080003270] <- 0x0000000000007F76

clint mtime 0x00000000000001D5 (mip.MTI <- 0b1, mip.STI <- 0b0)
mem[X,0x0000000080000D1C] -> 0x3423
mem[X,0x0000000080000D1E] -> 0x2671
[938] [M]: 0x0000000080000D1C (0x26713423) sd x7, 0x268(x2)                         common_Mentry+8
mem[W,0x0000000080003268] <- 0x0000000080000A70

mem[X,0x0000000080000D20] -> 0x3023
mem[X,0x0000000080000D22] -> 0x2661
[939] [M]: 0x0000000080000D20 (0x26613023) sd x6, 0x260(x2)                         common_Mentry+12
mem[W,0x0000000080003260] <- 0xFFFFFFFF7FFFF7F0

clint mtime 0x00000000000001D6 (mip.MTI <- 0b1, mip.STI <- 0b0)
mem[X,0x0000000080000D24] -> 0x2573
mem[X,0x0000000080000D26] -> 0x3420
[940] [M]: 0x0000000080000D24 (0x34202573) csrrs x10, mcause, x0                    spcl_M2mmode_test+0
CSR mcause (0x342) -> 0x0000000000000005
x10 <- 0x0000000000000005

mem[X,0x0000000080000D28] -> 0x04B7
mem[X,0x0000000080000D2A] -> 0x8000
[941] [M]: 0x0000000080000D28 (0x800004B7) lui x9, -0x80000                         spcl_M2mmode_test+4
x9 <- 0xFFFFFFFF80000000

clint mtime 0x00000000000001D7 (mip.MTI <- 0b1, mip.STI <- 0b0)
mem[X,0x0000000080000D2C] -> 0x8493
mem[X,0x0000000080000D2E] -> 0x0004
[942] [M]: 0x0000000080000D2C (0x00048493) addi x9, x9, 0x0                         spcl_M2mmode_test+8
x9 <- 0xFFFFFFFF80000000

mem[X,0x0000000080000D30] -> 0x9493
mem[X,0x0000000080000D32] -> 0x00B4
[943] [M]: 0x0000000080000D30 (0x00B49493) slli x9, x9, 0xb                         spcl_M2mmode_test+12
x9 <- 0xFFFFFC0000000000

clint mtime 0x00000000000001D8 (mip.MTI <- 0b1, mip.STI <- 0b0)
mem[X,0x0000000080000D34] -> 0x8493
mem[X,0x0000000080000D36] -> 0x0004
[944] [M]: 0x0000000080000D34 (0x00048493) addi x9, x9, 0x0                         spcl_M2mmode_test+16
x9 <- 0xFFFFFC0000000000

mem[X,0x0000000080000D38] -> 0x9493
mem[X,0x0000000080000D3A] -> 0x00B4
[945] [M]: 0x0000000080000D38 (0x00B49493) slli x9, x9, 0xb                         spcl_M2mmode_test+20
x9 <- 0xFFE0000000000000

clint mtime 0x00000000000001D9 (mip.MTI <- 0b1, mip.STI <- 0b0)
mem[X,0x0000000080000D3C] -> 0x8493
mem[X,0x0000000080000D3E] -> 0x0034
[946] [M]: 0x0000000080000D3C (0x00348493) addi x9, x9, 0x3                         spcl_M2mmode_test+24
x9 <- 0xFFE0000000000003

mem[X,0x0000000080000D40] -> 0x9493
mem[X,0x0000000080000D42] -> 0x00A4
[947] [M]: 0x0000000080000D40 (0x00A49493) slli x9, x9, 0xa                         spcl_M2mmode_test+28
x9 <- 0x8000000000000C00

clint mtime 0x00000000000001DA (mip.MTI <- 0b1, mip.STI <- 0b0)
mem[X,0x0000000080000D44] -> 0x8493
mem[X,0x0000000080000D46] -> 0x3FC4
[948] [M]: 0x0000000080000D44 (0x3FC48493) addi x9, x9, 0x3fc                       spcl_M2mmode_test+32
x9 <- 0x8000000000000FFC

mem[X,0x0000000080000D48] -> 0xF4B3
mem[X,0x0000000080000D4A] -> 0x00A4
[949] [M]: 0x0000000080000D48 (0x00A4F4B3) and x9, x9, x10                          spcl_M2mmode_test+36
x9 <- 0x0000000000000004

clint mtime 0x00000000000001DB (mip.MTI <- 0b1, mip.STI <- 0b0)
mem[X,0x0000000080000D4C] -> 0x8493
mem[X,0x0000000080000D4E] -> 0xFF84
[950] [M]: 0x0000000080000D4C (0xFF848493) addi x9, x9, -0x8                        spcl_M2mmode_test+40
x9 <- 0xFFFFFFFFFFFFFFFC

mem[X,0x0000000080000D50] -> 0x9663
mem[X,0x0000000080000D52] -> 0x0004
[951] [M]: 0x0000000080000D50 (0x00049663) bne x9, x0, 0xc                          spcl_M2mmode_test+44

clint mtime 0x00000000000001DC (mip.MTI <- 0b1, mip.STI <- 0b0)
mem[X,0x0000000080000D5C] -> 0x0393
mem[X,0x0000000080000D5E] -> 0x0200
[952] [M]: 0x0000000080000D5C (0x02000393) addi x7, x0, 0x20                        Mtrapsig_ptr_upd+0
x7 <- 0x0000000000000020

mem[X,0x0000000080000D60] -> 0x5263
mem[X,0x0000000080000D62] -> 0x0405
[953] [M]: 0x0000000080000D60 (0x04055263) bge x10, x0, 0x44                        Mtrapsig_ptr_upd+4

clint mtime 0x00000000000001DD (mip.MTI <- 0b1, mip.STI <- 0b0)
mem[X,0x0000000080000DA4] -> 0x2373
mem[X,0x0000000080000DA6] -> 0x3010
[954] [M]: 0x0000000080000DA4 (0x30102373) csrrs x6, misa, x0                       Mxcpt_sig_sv+0
CSR misa (0x301) -> 0x800000000034112F
x6 <- 0x800000000034112F

mem[X,0x0000000080000DA8] -> 0x1313
mem[X,0x0000000080000DAA] -> 0x0383
[955] [M]: 0x0000000080000DA8 (0x03831313) slli x6, x6, 0x38                        Mxcpt_sig_sv+4
x6 <- 0x2F00000000000000

clint mtime 0x00000000000001DE (mip.MTI <- 0b1, mip.STI <- 0b0)
mem[X,0x0000000080000DAC] -> 0x5463
mem[X,0x0000000080000DAE] -> 0x0003
[956] [M]: 0x0000000080000DAC (0x00035463) bge x6, x0, 0x8                          Mxcpt_sig_sv+8

mem[X,0x0000000080000DB4] -> 0x3303
mem[X,0x0000000080000DB6] -> 0x2181
[957] [M]: 0x0000000080000DB4 (0x21813303) ld x6, 0x218(x2)                         Mtrap_sig_sv+0
mem[R,0x0000000080003218] -> 0x0000000080009358
x6 <- 0x0000000080009358

clint mtime 0x00000000000001DF (mip.MTI <- 0b1, mip.STI <- 0b0)
mem[X,0x0000000080000DB8] -> 0x04B3
mem[X,0x0000000080000DBA] -> 0x0073
[958] [M]: 0x0000000080000DB8 (0x007304B3) add x9, x6, x7                           Mtrap_sig_sv+4
x9 <- 0x0000000080009378

mem[X,0x0000000080000DBC] -> 0x3C23
mem[X,0x0000000080000DBE] -> 0x2091
[959] [M]: 0x0000000080000DBC (0x20913C23) sd x9, 0x218(x2)                         Mtrap_sig_sv+8
mem[W,0x0000000080003218] <- 0x0000000080009378

clint mtime 0x00000000000001E0 (mip.MTI <- 0b1, mip.STI <- 0b0)
mem[X,0x0000000080000DC0] -> 0x3403
mem[X,0x0000000080000DC2] -> 0x1F81
[960] [M]: 0x0000000080000DC0 (0x1F813403) ld x8, 0x1f8(x2)                         Mtrap_sig_sv+12
mem[R,0x00000000800031F8] -> 0x0000000080009110
x8 <- 0x0000000080009110

mem[X,0x0000000080000DC4] -> 0x0333
mem[X,0x0000000080000DC6] -> 0x4083
[961] [M]: 0x0000000080000DC4 (0x40830333) sub x6, x6, x8                           Mtrap_sig_sv+16
x6 <- 0x0000000000000248

clint mtime 0x00000000000001E1 (mip.MTI <- 0b1, mip.STI <- 0b0)
mem[X,0x0000000080000DC8] -> 0x3403
mem[X,0x0000000080000DCA] -> 0x1F81
[962] [M]: 0x0000000080000DC8 (0x1F813403) ld x8, 0x1f8(x2)                         Mtrap_sig_sv+20
mem[R,0x00000000800031F8] -> 0x0000000080009110
x8 <- 0x0000000080009110

mem[X,0x0000000080000DCC] -> 0x0333
mem[X,0x0000000080000DCE] -> 0x0083
[963] [M]: 0x0000000080000DCC (0x00830333) add x6, x6, x8                           Mtrap_sig_sv+24
x6 <- 0x0000000080009358

clint mtime 0x00000000000001E2 (mip.MTI <- 0b1, mip.STI <- 0b0)
mem[X,0x0000000080000DD0] -> 0x3403
mem[X,0x0000000080000DD2] -> 0x2401
[964] [M]: 0x0000000080000DD0 (0x24013403) ld x8, 0x240(x2)                         Mtrap_sig_sv+28
mem[R,0x0000000080003240] -> 0x0000000080000B40
x8 <- 0x0000000080000B40

mem[X,0x0000000080000DD4] -> 0x85B3
mem[X,0x0000000080000DD6] -> 0x4085
[965] [M]: 0x0000000080000DD4 (0x408585B3) sub x11, x11, x8                         sv_Mvect+0
x11 <- 0x000000000000010C

clint mtime 0x00000000000001E3 (mip.MTI <- 0b1, mip.STI <- 0b0)
mem[X,0x0000000080000DD8] -> 0x9593
mem[X,0x0000000080000DDA] -> 0x0045
[966] [M]: 0x0000000080000DD8 (0x00459593) slli x11, x11, 0x4                       sv_Mvect+4
x11 <- 0x00000000000010C0

mem[X,0x0000000080000DDC] -> 0xE5B3
mem[X,0x0000000080000DDE] -> 0x0075
[967] [M]: 0x0000000080000DDC (0x0075E5B3) or x11, x11, x7                          sv_Mvect+8
x11 <- 0x00000000000010E0

clint mtime 0x00000000000001E4 (mip.MTI <- 0b1, mip.STI <- 0b0)
mem[X,0x0000000080000DE0] -> 0x8593
mem[X,0x0000000080000DE2] -> 0x0035
[968] [M]: 0x0000000080000DE0 (0x00358593) addi x11, x11, 0x3                       sv_Mvect+12
x11 <- 0x00000000000010E3

mem[X,0x0000000080000DE4] -> 0x3023
mem[X,0x0000000080000DE6] -> 0x00B3
[969] [M]: 0x0000000080000DE4 (0x00B33023) sd x11, 0x0(x6)                          sv_Mvect+16
mem[W,0x0000000080009358] <- 0x00000000000010E3

clint mtime 0x00000000000001E5 (mip.MTI <- 0b1, mip.STI <- 0b0)
mem[X,0x0000000080000DE8] -> 0x3423
mem[X,0x0000000080000DEA] -> 0x00A3
[970] [M]: 0x0000000080000DE8 (0x00A33423) sd x10, 0x8(x6)                          sv_Mcause+0
mem[W,0x0000000080009360] <- 0x0000000000000005

mem[X,0x0000000080000DEC] -> 0x4663
mem[X,0x0000000080000DEE] -> 0x1A05
[971] [M]: 0x0000000080000DEC (0x1A054663) blt x10, x0, 0x1ac                       sv_Mcause+4

clint mtime 0x00000000000001E6 (mip.MTI <- 0b1, mip.STI <- 0b0)
mem[X,0x0000000080000DF0] -> 0x25F3
mem[X,0x0000000080000DF2] -> 0x3000
[972] [M]: 0x0000000080000DF0 (0x300025F3) csrrs x11, mstatus, x0                   common_Mexcpt_handler+0
CSR mstatus (0x300) -> 0x0000000A00001800
x11 <- 0x0000000A00001800

mem[X,0x0000000080000DF4] -> 0x9413
mem[X,0x0000000080000DF6] -> 0x02E5
[973] [M]: 0x0000000080000DF4 (0x02E59413) slli x8, x11, 0x2e                       common_Mexcpt_handler+4
x8 <- 0x0600000000000000

clint mtime 0x00000000000001E7 (mip.MTI <- 0b1, mip.STI <- 0b0)
mem[X,0x0000000080000DF8] -> 0x5463
mem[X,0x0000000080000DFA] -> 0x0004
[974] [M]: 0x0000000080000DF8 (0x00045463) bge x8, x0, 0x8                          common_Mexcpt_handler+8

mem[X,0x0000000080000E00] -> 0xD493
mem[X,0x0000000080000E02] -> 0x00B5
[975] [M]: 0x0000000080000E00 (0x00B5D493) srli x9, x11, 0xb                        common_Mexcpt_handler+16
x9 <- 0x0000000001400003

clint mtime 0x00000000000001E8 (mip.MTI <- 0b1, mip.STI <- 0b0)
mem[X,0x0000000080000E04] -> 0xF493
mem[X,0x0000000080000E06] -> 0x0034
[976] [M]: 0x0000000080000E04 (0x0034F493) andi x9, x9, 0x3                         common_Mexcpt_handler+20
x9 <- 0x0000000000000003

mem[X,0x0000000080000E08] -> 0x8493
mem[X,0x0000000080000E0A] -> 0x0014
[977] [M]: 0x0000000080000E08 (0x00148493) addi x9, x9, 0x1                         common_Mexcpt_handler+24
x9 <- 0x0000000000000004

clint mtime 0x00000000000001E9 (mip.MTI <- 0b1, mip.STI <- 0b0)
mem[X,0x0000000080000E0C] -> 0xF493
mem[X,0x0000000080000E0E] -> 0x0044
[978] [M]: 0x0000000080000E0C (0x0044F493) andi x9, x9, 0x4                         common_Mexcpt_handler+28
x9 <- 0x0000000000000004

mem[X,0x0000000080000E10] -> 0x0593
mem[X,0x0000000080000E12] -> 0x05D0
[979] [M]: 0x0000000080000E10 (0x05D00593) addi x11, x0, 0x5d                       common_Mexcpt_handler+32
x11 <- 0x000000000000005D

clint mtime 0x00000000000001EA (mip.MTI <- 0b1, mip.STI <- 0b0)
mem[X,0x0000000080000E14] -> 0xD5B3
mem[X,0x0000000080000E16] -> 0x0095
[980] [M]: 0x0000000080000E14 (0x0095D5B3) srl x11, x11, x9                         common_Mexcpt_handler+36
x11 <- 0x0000000000000005

mem[X,0x0000000080000E18] -> 0xF593
mem[X,0x0000000080000E1A] -> 0x0015
[981] [M]: 0x0000000080000E18 (0x0015F593) andi x11, x11, 0x1                       common_Mexcpt_handler+40
x11 <- 0x0000000000000001

clint mtime 0x00000000000001EB (mip.MTI <- 0b1, mip.STI <- 0b0)
mem[X,0x0000000080000E1C] -> 0x8EE3
mem[X,0x0000000080000E1E] -> 0xF405
[982] [M]: 0x0000000080000E1C (0xF4058EE3) beq x11, x0, -0xa4                       common_Mexcpt_handler+44

mem[X,0x0000000080000E20] -> 0x0593
mem[X,0x0000000080000E22] -> 0x2980
[983] [M]: 0x0000000080000E20 (0x29800593) addi x11, x0, 0x298                      common_Mexcpt_handler+48
x11 <- 0x0000000000000298

clint mtime 0x00000000000001EC (mip.MTI <- 0b1, mip.STI <- 0b0)
mem[X,0x0000000080000E24] -> 0xF413
mem[X,0x0000000080000E26] -> 0x0014
[984] [M]: 0x0000000080000E24 (0x0014F413) andi x8, x9, 0x1                         common_Mexcpt_handler+52
x8 <- 0x0000000000000000

mem[X,0x0000000080000E28] -> 0x95B3
mem[X,0x0000000080000E2A] -> 0x0085
[985] [M]: 0x0000000080000E28 (0x008595B3) sll x11, x11, x8                         common_Mexcpt_handler+56
x11 <- 0x0000000000000298

clint mtime 0x00000000000001ED (mip.MTI <- 0b1, mip.STI <- 0b0)
mem[X,0x0000000080000E2C] -> 0x9413
mem[X,0x0000000080000E2E] -> 0x03D4
[986] [M]: 0x0000000080000E2C (0x03D49413) slli x8, x9, 0x3d                        common_Mexcpt_handler+60
x8 <- 0x8000000000000000

mem[X,0x0000000080000E30] -> 0x5413
mem[X,0x0000000080000E32] -> 0x43F4
[987] [M]: 0x0000000080000E30 (0x43F45413) srai x8, x8, 0x3f                        common_Mexcpt_handler+64
x8 <- 0xFFFFFFFFFFFFFFFF

clint mtime 0x00000000000001EE (mip.MTI <- 0b1, mip.STI <- 0b0)
mem[X,0x0000000080000E34] -> 0x4413
mem[X,0x0000000080000E36] -> 0xFFF4
[988] [M]: 0x0000000080000E34 (0xFFF44413) xori x8, x8, -0x1                        common_Mexcpt_handler+68
x8 <- 0x0000000000000000

mem[X,0x0000000080000E38] -> 0xF4B3
mem[X,0x0000000080000E3A] -> 0x0085
[989] [M]: 0x0000000080000E38 (0x0085F4B3) and x9, x11, x8                          common_Mexcpt_handler+72
x9 <- 0x0000000000000000

clint mtime 0x00000000000001EF (mip.MTI <- 0b1, mip.STI <- 0b0)
mem[X,0x0000000080000E3C] -> 0x84B3
mem[X,0x0000000080000E3E] -> 0x0024
[990] [M]: 0x0000000080000E3C (0x002484B3) add x9, x9, x2                           vmem_adj_Mepc+0
x9 <- 0x0000000080003000

mem[X,0x0000000080000E40] -> 0x23F3
mem[X,0x0000000080000E42] -> 0x3410
[991] [M]: 0x0000000080000E40 (0x341023F3) csrrs x7, mepc, x0                       vmem_adj_Mepc+4
CSR mepc (0x341) -> 0x0000000080000A78
x7 <- 0x0000000080000A78

clint mtime 0x00000000000001F0 (mip.MTI <- 0b1, mip.STI <- 0b0)
mem[X,0x0000000080000E44] -> 0x0413
mem[X,0x0000000080000E46] -> 0x0004
[992] [M]: 0x0000000080000E44 (0x00040413) addi x8, x8, 0x0                         vmem_adj_Mepc+8
x8 <- 0x0000000000000000

mem[X,0x0000000080000E48] -> 0x006F
mem[X,0x0000000080000E4A] -> 0x0400
[993] [M]: 0x0000000080000E48 (0x0400006F) jal x0, 0x40                             vmem_adj_Mepc+12

clint mtime 0x00000000000001F1 (mip.MTI <- 0b1, mip.STI <- 0b0)
mem[X,0x0000000080000E88] -> 0x8433
mem[X,0x0000000080000E8A] -> 0x4083
[994] [M]: 0x0000000080000E88 (0x40838433) sub x8, x7, x8                           adj_Mepc+0
x8 <- 0x0000000080000A78

mem[X,0x0000000080000E8C] -> 0x3823
mem[X,0x0000000080000E8E] -> 0x0083
[995] [M]: 0x0000000080000E8C (0x00833823) sd x8, 0x10(x6)                          sv_Mepc+0
mem[W,0x0000000080009368] <- 0x0000000080000A78

clint mtime 0x00000000000001F2 (mip.MTI <- 0b1, mip.STI <- 0b0)
mem[X,0x0000000080000E90] -> 0x55B7
mem[X,0x0000000080000E92] -> 0x0000
[996] [M]: 0x0000000080000E90 (0x000055B7) lui x11, 0x5                             sv_Mepc+4
x11 <- 0x0000000000005000

mem[X,0x0000000080000E94] -> 0x8593
mem[X,0x0000000080000E96] -> 0x6675
[997] [M]: 0x0000000080000E94 (0x66758593) addi x11, x11, 0x667                     sv_Mepc+8
x11 <- 0x0000000000005667

clint mtime 0x00000000000001F3 (mip.MTI <- 0b1, mip.STI <- 0b0)
mem[X,0x0000000080000E98] -> 0x9593
mem[X,0x0000000080000E9A] -> 0x0015
[998] [M]: 0x0000000080000E98 (0x00159593) slli x11, x11, 0x1                       sv_Mepc+12
x11 <- 0x000000000000ACCE

mem[X,0x0000000080000E9C] -> 0x9063
mem[X,0x0000000080000E9E] -> 0x02B1
[999] [M]: 0x0000000080000E9C (0x02B19063) bne x3, x11, 0x20                        sv_Mepc+16

clint mtime 0x00000000000001F4 (mip.MTI <- 0b1, mip.STI <- 0b0)
mem[X,0x0000000080000EA0] -> 0x2473
mem[X,0x0000000080000EA2] -> 0x3420
[1000] [M]: 0x0000000080000EA0 (0x34202473) csrrs x8, mcause, x0                    sv_Mepc+20
CSR mcause (0x342) -> 0x0000000000000005
x8 <- 0x0000000000000005

mem[X,0x0000000080000EA4] -> 0x0593
mem[X,0x0000000080000EA6] -> 0x00C0
[1001] [M]: 0x0000000080000EA4 (0x00C00593) addi x11, x0, 0xc                       sv_Mepc+24
x11 <- 0x000000000000000C

clint mtime 0x00000000000001F5 (mip.MTI <- 0b1, mip.STI <- 0b0)
mem[X,0x0000000080000EA8] -> 0x0663
mem[X,0x0000000080000EAA] -> 0x00B4
[1002] [M]: 0x0000000080000EA8 (0x00B40663) beq x8, x11, 0xc                        sv_Mepc+28

mem[X,0x0000000080000EAC] -> 0x0593
mem[X,0x0000000080000EAE] -> 0x0010
[1003] [M]: 0x0000000080000EAC (0x00100593) addi x11, x0, 0x1                       sv_Mepc+32
x11 <- 0x0000000000000001

clint mtime 0x00000000000001F6 (mip.MTI <- 0b1, mip.STI <- 0b0)
mem[X,0x0000000080000EB0] -> 0x1663
mem[X,0x0000000080000EB2] -> 0x00B4
[1004] [M]: 0x0000000080000EB0 (0x00B41663) bne x8, x11, 0xc                        sv_Mepc+36

mem[X,0x0000000080000EBC] -> 0xF593
mem[X,0x0000000080000EBE] -> 0xFFC3
[1005] [M]: 0x0000000080000EBC (0xFFC3F593) andi x11, x7, -0x4                      adj_Mepc_rtn+0
x11 <- 0x0000000080000A78

clint mtime 0x00000000000001F7 (mip.MTI <- 0b1, mip.STI <- 0b0)
mem[X,0x0000000080000EC0] -> 0x8593
mem[X,0x0000000080000EC2] -> 0x0085
[1006] [M]: 0x0000000080000EC0 (0x00858593) addi x11, x11, 0x8                      adj_Mepc_rtn+4
x11 <- 0x0000000080000A80

mem[X,0x0000000080000EC4] -> 0x9073
mem[X,0x0000000080000EC6] -> 0x3415
[1007] [M]: 0x0000000080000EC4 (0x34159073) csrrw x0, mepc, x11                     adj_Mepc_rtn+8
CSR mepc (0x341) <- 0x0000000080000A80

clint mtime 0x00000000000001F8 (mip.MTI <- 0b1, mip.STI <- 0b0)
mem[X,0x0000000080000EC8] -> 0x23F3
mem[X,0x0000000080000ECA] -> 0x3430
[1008] [M]: 0x0000000080000EC8 (0x343023F3) csrrs x7, mtval, x0                     skp_adj_Mepc+0
CSR mtval (0x343) -> 0xFFFFFFFF7FFFFA40
x7 <- 0xFFFFFFFF7FFFFA40

mem[X,0x0000000080000ECC] -> 0x0413
mem[X,0x0000000080000ECE] -> 0x0004
[1009] [M]: 0x0000000080000ECC (0x00040413) addi x8, x8, 0x0                        skp_adj_Mepc+4
x8 <- 0x0000000000000005

clint mtime 0x00000000000001F9 (mip.MTI <- 0b1, mip.STI <- 0b0)
mem[X,0x0000000080000ED0] -> 0x006F
mem[X,0x0000000080000ED2] -> 0x0840
[1010] [M]: 0x0000000080000ED0 (0x0840006F) jal x0, 0x84                            skp_adj_Mepc+8

mem[X,0x0000000080000F54] -> 0x8433
mem[X,0x0000000080000F56] -> 0x4083
[1011] [M]: 0x0000000080000F54 (0x40838433) sub x8, x7, x8                          adj_Mtval+0
x8 <- 0xFFFFFFFF7FFFFA3B

clint mtime 0x00000000000001FA (mip.MTI <- 0b1, mip.STI <- 0b0)
mem[X,0x0000000080000F58] -> 0x3C23
mem[X,0x0000000080000F5A] -> 0x0083
[1012] [M]: 0x0000000080000F58 (0x00833C23) sd x8, 0x18(x6)                         sv_Mtval+0
mem[W,0x0000000080009370] <- 0xFFFFFFFF7FFFFA3B

mem[X,0x0000000080000F5C] -> 0x3483
mem[X,0x0000000080000F5E] -> 0x2181
[1013] [M]: 0x0000000080000F5C (0x21813483) ld x9, 0x218(x2)                        skp_Mtval+0
mem[R,0x0000000080003218] -> 0x0000000080009378
x9 <- 0x0000000080009378

clint mtime 0x00000000000001FB (mip.MTI <- 0b1, mip.STI <- 0b0)
mem[X,0x0000000080000F60] -> 0x3383
mem[X,0x0000000080000F62] -> 0x1F81
[1014] [M]: 0x0000000080000F60 (0x1F813383) ld x7, 0x1f8(x2)                        skp_Mtval+4
mem[R,0x00000000800031F8] -> 0x0000000080009110
x7 <- 0x0000000080009110

mem[X,0x0000000080000F64] -> 0x3303
mem[X,0x0000000080000F66] -> 0x2001
[1015] [M]: 0x0000000080000F64 (0x20013303) ld x6, 0x200(x2)                        skp_Mtval+8
mem[R,0x0000000080003200] -> 0x0000000000000410
x6 <- 0x0000000000000410

clint mtime 0x00000000000001FC (mip.MTI <- 0b1, mip.STI <- 0b0)
mem[X,0x0000000080000F68] -> 0x0333
mem[X,0x0000000080000F6A] -> 0x0073
[1016] [M]: 0x0000000080000F68 (0x00730333) add x6, x6, x7                          skp_Mtval+12
x6 <- 0x0000000080009520

mem[X,0x0000000080000F6C] -> 0x6CE3
mem[X,0x0000000080000F6E] -> 0xAE93
[1017] [M]: 0x0000000080000F6C (0xAE936CE3) bltu x6, x9, -0x508                     skp_Mtval+16

clint mtime 0x00000000000001FD (mip.MTI <- 0b1, mip.STI <- 0b0)
mem[X,0x0000000080000F70] -> 0x0393
mem[X,0x0000000080000F72] -> 0x2000
[1018] [M]: 0x0000000080000F70 (0x20000393) addi x7, x0, 0x200                      skp_Mtval+20
x7 <- 0x0000000000000200

mem[X,0x0000000080000F74] -> 0x006F
mem[X,0x0000000080000F76] -> 0x0400
[1019] [M]: 0x0000000080000F74 (0x0400006F) jal x0, 0x40                            skp_Mtval+24

clint mtime 0x00000000000001FE (mip.MTI <- 0b1, mip.STI <- 0b0)
mem[X,0x0000000080000FB4] -> 0x0417
mem[X,0x0000000080000FB6] -> 0x0000
[1020] [M]: 0x0000000080000FB4 (0x00000417) auipc x8, 0x0                           spcl_Mhandler+0
x8 <- 0x0000000080000FB4

mem[X,0x0000000080000FB8] -> 0x0413
mem[X,0x0000000080000FBA] -> 0x03C4
[1021] [M]: 0x0000000080000FB8 (0x03C40413) addi x8, x8, 0x3c                       spcl_Mhandler+4
x8 <- 0x0000000080000FF0

clint mtime 0x00000000000001FF (mip.MTI <- 0b1, mip.STI <- 0b0)
mem[X,0x0000000080000FBC] -> 0x0433
mem[X,0x0000000080000FBE] -> 0x0074
[1022] [M]: 0x0000000080000FBC (0x00740433) add x8, x8, x7                          spcl_Mhandler+8
x8 <- 0x00000000800011F0

mem[X,0x0000000080000FC0] -> 0x1393
mem[X,0x0000000080000FC2] -> 0x0035
[1023] [M]: 0x0000000080000FC0 (0x00351393) slli x7, x10, 0x3                       spcl_Mhandler+12
x7 <- 0x0000000000000028

clint mtime 0x0000000000000200 (mip.MTI <- 0b1, mip.STI <- 0b0)
mem[X,0x0000000080000FC4] -> 0x0433
mem[X,0x0000000080000FC6] -> 0x0074
[1024] [M]: 0x0000000080000FC4 (0x00740433) add x8, x8, x7                          spcl_Mhandler+16
x8 <- 0x0000000080001218

mem[X,0x0000000080000FC8] -> 0x7413
mem[X,0x0000000080000FCA] -> 0xFF84
[1025] [M]: 0x0000000080000FC8 (0xFF847413) andi x8, x8, -0x8                       spcl_Mhandler+20
x8 <- 0x0000000080001218

clint mtime 0x0000000000000201 (mip.MTI <- 0b1, mip.STI <- 0b0)
mem[X,0x0000000080000FCC] -> 0x3403
mem[X,0x0000000080000FCE] -> 0x0004
[1026] [M]: 0x0000000080000FCC (0x00043403) ld x8, 0x0(x8)                          spcl_Mhandler+24
mem[R,0x0000000080001218] -> 0x000000000000000B
x8 <- 0x000000000000000B

mem[X,0x0000000080000FD0] -> 0x04E3
mem[X,0x0000000080000FD2] -> 0xB204
[1027] [M]: 0x0000000080000FD0 (0xB20404E3) beq x8, x0, -0x4d8                      spcl_Mdispatch_hndling+0

clint mtime 0x0000000000000202 (mip.MTI <- 0b1, mip.STI <- 0b0)
mem[X,0x0000000080000FD4] -> 0x1393
mem[X,0x0000000080000FD6] -> 0x03F4
[1028] [M]: 0x0000000080000FD4 (0x03F41393) slli x7, x8, 0x3f                       spcl_Mdispatch_hndling+4
x7 <- 0x8000000000000000

mem[X,0x0000000080000FD8] -> 0xD863
mem[X,0x0000000080000FDA] -> 0x0003
[1029] [M]: 0x0000000080000FD8 (0x0003D863) bge x7, x0, 0x10                        spcl_Mdispatch_hndling+8

clint mtime 0x0000000000000203 (mip.MTI <- 0b1, mip.STI <- 0b0)
mem[X,0x0000000080000FDC] -> 0x5413
mem[X,0x0000000080000FDE] -> 0x0014
[1030] [M]: 0x0000000080000FDC (0x00145413) srli x8, x8, 0x1                        spcl_Mdispatch_hndling+12
x8 <- 0x0000000000000005

mem[X,0x0000000080000FE0] -> 0x0CE3
mem[X,0x0000000080000FE2] -> 0xF885
[1031] [M]: 0x0000000080000FE0 (0xF8850CE3) beq x10, x8, -0x68                      spcl_Mdispatch_hndling+16

clint mtime 0x0000000000000204 (mip.MTI <- 0b1, mip.STI <- 0b0)
mem[X,0x0000000080000F78] -> 0x3303
mem[X,0x0000000080000F7A] -> 0x2601
[1032] [M]: 0x0000000080000F78 (0x26013303) ld x6, 0x260(x2)                        resto_Mrtn+0
mem[R,0x0000000080003260] -> 0xFFFFFFFF7FFFF7F0
x6 <- 0xFFFFFFFF7FFFF7F0

mem[X,0x0000000080000F7C] -> 0x3383
mem[X,0x0000000080000F7E] -> 0x2681
[1033] [M]: 0x0000000080000F7C (0x26813383) ld x7, 0x268(x2)                        resto_Mrtn+4
mem[R,0x0000000080003268] -> 0x0000000080000A70
x7 <- 0x0000000080000A70

clint mtime 0x0000000000000205 (mip.MTI <- 0b1, mip.STI <- 0b0)
mem[X,0x0000000080000F80] -> 0x3403
mem[X,0x0000000080000F82] -> 0x2701
[1034] [M]: 0x0000000080000F80 (0x27013403) ld x8, 0x270(x2)                        resto_Mrtn+8
mem[R,0x0000000080003270] -> 0x0000000000007F76
x8 <- 0x0000000000007F76

mem[X,0x0000000080000F84] -> 0x3483
mem[X,0x0000000080000F86] -> 0x2781
[1035] [M]: 0x0000000080000F84 (0x27813483) ld x9, 0x278(x2)                        resto_Mrtn+12
mem[R,0x0000000080003278] -> 0x00000001000001D4
x9 <- 0x00000001000001D4

clint mtime 0x0000000000000206 (mip.MTI <- 0b1, mip.STI <- 0b0)
mem[X,0x0000000080000F88] -> 0x3503
mem[X,0x0000000080000F8A] -> 0x2801
[1036] [M]: 0x0000000080000F88 (0x28013503) ld x10, 0x280(x2)                       resto_Mrtn+16
mem[R,0x0000000080003280] -> 0x00000000200014C9
x10 <- 0x00000000200014C9

mem[X,0x0000000080000F8C] -> 0x3583
mem[X,0x0000000080000F8E] -> 0x2881
[1037] [M]: 0x0000000080000F8C (0x28813583) ld x11, 0x288(x2)                       resto_Mrtn+20
mem[R,0x0000000080003288] -> 0x00000000000000C9
x11 <- 0x00000000000000C9

clint mtime 0x0000000000000207 (mip.MTI <- 0b1, mip.STI <- 0b0)
mem[X,0x0000000080000F90] -> 0x3103
mem[X,0x0000000080000F92] -> 0x2901
[1038] [M]: 0x0000000080000F90 (0x29013103) ld x2, 0x290(x2)                        resto_Mrtn+24
mem[R,0x0000000080003290] -> 0x0000000000000000
x2 <- 0x0000000000000000

mem[X,0x0000000080000F94] -> 0x0073
mem[X,0x0000000080000F96] -> 0x3020
[1039] [M]: 0x0000000080000F94 (0x30200073) mret                                    resto_Mrtn+28
CSR mstatus (0x300) <- 0x0000000A00000080
ret-ing from M to M

clint mtime 0x0000000000000208 (mip.MTI <- 0b1, mip.STI <- 0b0)
mem[X,0x0000000080000A80] -> 0x3483
mem[X,0x0000000080000A82] -> 0x2483
[1040] [M]: 0x0000000080000A80 (0x24833483) ld x9, 0x248(x6)                        resto_Sxtvec+0
trapping from M to M to handle load-access-fault
handling exc#load-access-fault at priv M with tval 0xFFFFFFFF7FFFFA38
CSR mstatus (0x300) <- 0x0000000A00001800
CSR mcause (0x342) <- 0x0000000000000005
CSR mtval (0x343) <- 0xFFFFFFFF7FFFFA38
CSR mepc (0x341) <- 0x0000000080000A80

mem[X,0x0000000080000B40] -> 0x006F
mem[X,0x0000000080000B42] -> 0x1000
[1041] [M]: 0x0000000080000B40 (0x1000006F) jal x0, 0x100                           Mtrampoline+0

clint mtime 0x0000000000000209 (mip.MTI <- 0b1, mip.STI <- 0b0)
mem[X,0x0000000080000C40] -> 0x1173
mem[X,0x0000000080000C42] -> 0x3401
[1042] [M]: 0x0000000080000C40 (0x34011173) csrrw x2, mscratch, x2                  trap_Mhandler+0
CSR mscratch (0x340) <- 0x0000000000000000
x2 <- 0x0000000080003000

mem[X,0x0000000080000C44] -> 0x3423
mem[X,0x0000000080000C46] -> 0x28B1
[1043] [M]: 0x0000000080000C44 (0x28B13423) sd x11, 0x288(x2)                       trap_Mhandler+4
mem[W,0x0000000080003288] <- 0x00000000000000C9

clint mtime 0x000000000000020A (mip.MTI <- 0b1, mip.STI <- 0b0)
mem[X,0x0000000080000C48] -> 0x05EF
mem[X,0x0000000080000C4A] -> 0x0B80
[1044] [M]: 0x0000000080000C48 (0x0B8005EF) jal x11, 0xb8                           trap_Mhandler+8
x11 <- 0x0000000080000C4C

mem[X,0x0000000080000D00] -> 0x3023
mem[X,0x0000000080000D02] -> 0x28A1
[1045] [M]: 0x0000000080000D00 (0x28A13023) sd x10, 0x280(x2)                       common_Mhandler+0
mem[W,0x0000000080003280] <- 0x00000000200014C9

clint mtime 0x000000000000020B (mip.MTI <- 0b1, mip.STI <- 0b0)
mem[X,0x0000000080000D04] -> 0x1573
mem[X,0x0000000080000D06] -> 0x3401
[1046] [M]: 0x0000000080000D04 (0x34011573) csrrw x10, mscratch, x2                 common_Mhandler+4
CSR mscratch (0x340) <- 0x0000000080003000
x10 <- 0x0000000000000000

mem[X,0x0000000080000D08] -> 0x3823
mem[X,0x0000000080000D0A] -> 0x28A1
[1047] [M]: 0x0000000080000D08 (0x28A13823) sd x10, 0x290(x2)                       common_Mhandler+8
mem[W,0x0000000080003290] <- 0x0000000000000000

clint mtime 0x000000000000020C (mip.MTI <- 0b1, mip.STI <- 0b0)
mem[X,0x0000000080000D0C] -> 0x3503
mem[X,0x0000000080000D0E] -> 0x2301
[1048] [M]: 0x0000000080000D0C (0x23013503) ld x10, 0x230(x2)                       common_Mhandler+12
mem[R,0x0000000080003230] -> 0x0000000080000D14
x10 <- 0x0000000080000D14

mem[X,0x0000000080000D10] -> 0x0067
mem[X,0x0000000080000D12] -> 0x0005
[1049] [M]: 0x0000000080000D10 (0x00050067) jalr x0, 0x0(x10)                       common_Mhandler+16

clint mtime 0x000000000000020D (mip.MTI <- 0b1, mip.STI <- 0b0)
mem[X,0x0000000080000D14] -> 0x3C23
mem[X,0x0000000080000D16] -> 0x2691
[1050] [M]: 0x0000000080000D14 (0x26913C23) sd x9, 0x278(x2)                        common_Mentry+0
mem[W,0x0000000080003278] <- 0x00000001000001D4

mem[X,0x0000000080000D18] -> 0x3823
mem[X,0x0000000080000D1A] -> 0x2681
[1051] [M]: 0x0000000080000D18 (0x26813823) sd x8, 0x270(x2)                        common_Mentry+4
mem[W,0x0000000080003270] <- 0x0000000000007F76

clint mtime 0x000000000000020E (mip.MTI <- 0b1, mip.STI <- 0b0)
mem[X,0x0000000080000D1C] -> 0x3423
mem[X,0x0000000080000D1E] -> 0x2671
[1052] [M]: 0x0000000080000D1C (0x26713423) sd x7, 0x268(x2)                        common_Mentry+8
mem[W,0x0000000080003268] <- 0x0000000080000A70

mem[X,0x0000000080000D20] -> 0x3023
mem[X,0x0000000080000D22] -> 0x2661
[1053] [M]: 0x0000000080000D20 (0x26613023) sd x6, 0x260(x2)                        common_Mentry+12
mem[W,0x0000000080003260] <- 0xFFFFFFFF7FFFF7F0

clint mtime 0x000000000000020F (mip.MTI <- 0b1, mip.STI <- 0b0)
mem[X,0x0000000080000D24] -> 0x2573
mem[X,0x0000000080000D26] -> 0x3420
[1054] [M]: 0x0000000080000D24 (0x34202573) csrrs x10, mcause, x0                   spcl_M2mmode_test+0
CSR mcause (0x342) -> 0x0000000000000005
x10 <- 0x0000000000000005

mem[X,0x0000000080000D28] -> 0x04B7
mem[X,0x0000000080000D2A] -> 0x8000
[1055] [M]: 0x0000000080000D28 (0x800004B7) lui x9, -0x80000                        spcl_M2mmode_test+4
x9 <- 0xFFFFFFFF80000000

clint mtime 0x0000000000000210 (mip.MTI <- 0b1, mip.STI <- 0b0)
mem[X,0x0000000080000D2C] -> 0x8493
mem[X,0x0000000080000D2E] -> 0x0004
[1056] [M]: 0x0000000080000D2C (0x00048493) addi x9, x9, 0x0                        spcl_M2mmode_test+8
x9 <- 0xFFFFFFFF80000000

mem[X,0x0000000080000D30] -> 0x9493
mem[X,0x0000000080000D32] -> 0x00B4
[1057] [M]: 0x0000000080000D30 (0x00B49493) slli x9, x9, 0xb                        spcl_M2mmode_test+12
x9 <- 0xFFFFFC0000000000

clint mtime 0x0000000000000211 (mip.MTI <- 0b1, mip.STI <- 0b0)
mem[X,0x0000000080000D34] -> 0x8493
mem[X,0x0000000080000D36] -> 0x0004
[1058] [M]: 0x0000000080000D34 (0x00048493) addi x9, x9, 0x0                        spcl_M2mmode_test+16
x9 <- 0xFFFFFC0000000000

mem[X,0x0000000080000D38] -> 0x9493
mem[X,0x0000000080000D3A] -> 0x00B4
[1059] [M]: 0x0000000080000D38 (0x00B49493) slli x9, x9, 0xb                        spcl_M2mmode_test+20
x9 <- 0xFFE0000000000000

clint mtime 0x0000000000000212 (mip.MTI <- 0b1, mip.STI <- 0b0)
mem[X,0x0000000080000D3C] -> 0x8493
mem[X,0x0000000080000D3E] -> 0x0034
[1060] [M]: 0x0000000080000D3C (0x00348493) addi x9, x9, 0x3                        spcl_M2mmode_test+24
x9 <- 0xFFE0000000000003

mem[X,0x0000000080000D40] -> 0x9493
mem[X,0x0000000080000D42] -> 0x00A4
[1061] [M]: 0x0000000080000D40 (0x00A49493) slli x9, x9, 0xa                        spcl_M2mmode_test+28
x9 <- 0x8000000000000C00

clint mtime 0x0000000000000213 (mip.MTI <- 0b1, mip.STI <- 0b0)
mem[X,0x0000000080000D44] -> 0x8493
mem[X,0x0000000080000D46] -> 0x3FC4
[1062] [M]: 0x0000000080000D44 (0x3FC48493) addi x9, x9, 0x3fc                      spcl_M2mmode_test+32
x9 <- 0x8000000000000FFC

mem[X,0x0000000080000D48] -> 0xF4B3
mem[X,0x0000000080000D4A] -> 0x00A4
[1063] [M]: 0x0000000080000D48 (0x00A4F4B3) and x9, x9, x10                         spcl_M2mmode_test+36
x9 <- 0x0000000000000004

clint mtime 0x0000000000000214 (mip.MTI <- 0b1, mip.STI <- 0b0)
mem[X,0x0000000080000D4C] -> 0x8493
mem[X,0x0000000080000D4E] -> 0xFF84
[1064] [M]: 0x0000000080000D4C (0xFF848493) addi x9, x9, -0x8                       spcl_M2mmode_test+40
x9 <- 0xFFFFFFFFFFFFFFFC

mem[X,0x0000000080000D50] -> 0x9663
mem[X,0x0000000080000D52] -> 0x0004
[1065] [M]: 0x0000000080000D50 (0x00049663) bne x9, x0, 0xc                         spcl_M2mmode_test+44

clint mtime 0x0000000000000215 (mip.MTI <- 0b1, mip.STI <- 0b0)
mem[X,0x0000000080000D5C] -> 0x0393
mem[X,0x0000000080000D5E] -> 0x0200
[1066] [M]: 0x0000000080000D5C (0x02000393) addi x7, x0, 0x20                       Mtrapsig_ptr_upd+0
x7 <- 0x0000000000000020

mem[X,0x0000000080000D60] -> 0x5263
mem[X,0x0000000080000D62] -> 0x0405
[1067] [M]: 0x0000000080000D60 (0x04055263) bge x10, x0, 0x44                       Mtrapsig_ptr_upd+4

clint mtime 0x0000000000000216 (mip.MTI <- 0b1, mip.STI <- 0b0)
mem[X,0x0000000080000DA4] -> 0x2373
mem[X,0x0000000080000DA6] -> 0x3010
[1068] [M]: 0x0000000080000DA4 (0x30102373) csrrs x6, misa, x0                      Mxcpt_sig_sv+0
CSR misa (0x301) -> 0x800000000034112F
x6 <- 0x800000000034112F

mem[X,0x0000000080000DA8] -> 0x1313
mem[X,0x0000000080000DAA] -> 0x0383
[1069] [M]: 0x0000000080000DA8 (0x03831313) slli x6, x6, 0x38                       Mxcpt_sig_sv+4
x6 <- 0x2F00000000000000

clint mtime 0x0000000000000217 (mip.MTI <- 0b1, mip.STI <- 0b0)
mem[X,0x0000000080000DAC] -> 0x5463
mem[X,0x0000000080000DAE] -> 0x0003
[1070] [M]: 0x0000000080000DAC (0x00035463) bge x6, x0, 0x8                         Mxcpt_sig_sv+8

mem[X,0x0000000080000DB4] -> 0x3303
mem[X,0x0000000080000DB6] -> 0x2181
[1071] [M]: 0x0000000080000DB4 (0x21813303) ld x6, 0x218(x2)                        Mtrap_sig_sv+0
mem[R,0x0000000080003218] -> 0x0000000080009378
x6 <- 0x0000000080009378

clint mtime 0x0000000000000218 (mip.MTI <- 0b1, mip.STI <- 0b0)
mem[X,0x0000000080000DB8] -> 0x04B3
mem[X,0x0000000080000DBA] -> 0x0073
[1072] [M]: 0x0000000080000DB8 (0x007304B3) add x9, x6, x7                          Mtrap_sig_sv+4
x9 <- 0x0000000080009398

mem[X,0x0000000080000DBC] -> 0x3C23
mem[X,0x0000000080000DBE] -> 0x2091
[1073] [M]: 0x0000000080000DBC (0x20913C23) sd x9, 0x218(x2)                        Mtrap_sig_sv+8
mem[W,0x0000000080003218] <- 0x0000000080009398

clint mtime 0x0000000000000219 (mip.MTI <- 0b1, mip.STI <- 0b0)
mem[X,0x0000000080000DC0] -> 0x3403
mem[X,0x0000000080000DC2] -> 0x1F81
[1074] [M]: 0x0000000080000DC0 (0x1F813403) ld x8, 0x1f8(x2)                        Mtrap_sig_sv+12
mem[R,0x00000000800031F8] -> 0x0000000080009110
x8 <- 0x0000000080009110

mem[X,0x0000000080000DC4] -> 0x0333
mem[X,0x0000000080000DC6] -> 0x4083
[1075] [M]: 0x0000000080000DC4 (0x40830333) sub x6, x6, x8                          Mtrap_sig_sv+16
x6 <- 0x0000000000000268

clint mtime 0x000000000000021A (mip.MTI <- 0b1, mip.STI <- 0b0)
mem[X,0x0000000080000DC8] -> 0x3403
mem[X,0x0000000080000DCA] -> 0x1F81
[1076] [M]: 0x0000000080000DC8 (0x1F813403) ld x8, 0x1f8(x2)                        Mtrap_sig_sv+20
mem[R,0x00000000800031F8] -> 0x0000000080009110
x8 <- 0x0000000080009110

mem[X,0x0000000080000DCC] -> 0x0333
mem[X,0x0000000080000DCE] -> 0x0083
[1077] [M]: 0x0000000080000DCC (0x00830333) add x6, x6, x8                          Mtrap_sig_sv+24
x6 <- 0x0000000080009378

clint mtime 0x000000000000021B (mip.MTI <- 0b1, mip.STI <- 0b0)
mem[X,0x0000000080000DD0] -> 0x3403
mem[X,0x0000000080000DD2] -> 0x2401
[1078] [M]: 0x0000000080000DD0 (0x24013403) ld x8, 0x240(x2)                        Mtrap_sig_sv+28
mem[R,0x0000000080003240] -> 0x0000000080000B40
x8 <- 0x0000000080000B40

mem[X,0x0000000080000DD4] -> 0x85B3
mem[X,0x0000000080000DD6] -> 0x4085
[1079] [M]: 0x0000000080000DD4 (0x408585B3) sub x11, x11, x8                        sv_Mvect+0
x11 <- 0x000000000000010C

clint mtime 0x000000000000021C (mip.MTI <- 0b1, mip.STI <- 0b0)
mem[X,0x0000000080000DD8] -> 0x9593
mem[X,0x0000000080000DDA] -> 0x0045
[1080] [M]: 0x0000000080000DD8 (0x00459593) slli x11, x11, 0x4                      sv_Mvect+4
x11 <- 0x00000000000010C0

mem[X,0x0000000080000DDC] -> 0xE5B3
mem[X,0x0000000080000DDE] -> 0x0075
[1081] [M]: 0x0000000080000DDC (0x0075E5B3) or x11, x11, x7                         sv_Mvect+8
x11 <- 0x00000000000010E0

clint mtime 0x000000000000021D (mip.MTI <- 0b1, mip.STI <- 0b0)
mem[X,0x0000000080000DE0] -> 0x8593
mem[X,0x0000000080000DE2] -> 0x0035
[1082] [M]: 0x0000000080000DE0 (0x00358593) addi x11, x11, 0x3                      sv_Mvect+12
x11 <- 0x00000000000010E3

mem[X,0x0000000080000DE4] -> 0x3023
mem[X,0x0000000080000DE6] -> 0x00B3
[1083] [M]: 0x0000000080000DE4 (0x00B33023) sd x11, 0x0(x6)                         sv_Mvect+16
mem[W,0x0000000080009378] <- 0x00000000000010E3

clint mtime 0x000000000000021E (mip.MTI <- 0b1, mip.STI <- 0b0)
mem[X,0x0000000080000DE8] -> 0x3423
mem[X,0x0000000080000DEA] -> 0x00A3
[1084] [M]: 0x0000000080000DE8 (0x00A33423) sd x10, 0x8(x6)                         sv_Mcause+0
mem[W,0x0000000080009380] <- 0x0000000000000005

mem[X,0x0000000080000DEC] -> 0x4663
mem[X,0x0000000080000DEE] -> 0x1A05
[1085] [M]: 0x0000000080000DEC (0x1A054663) blt x10, x0, 0x1ac                      sv_Mcause+4

clint mtime 0x000000000000021F (mip.MTI <- 0b1, mip.STI <- 0b0)
mem[X,0x0000000080000DF0] -> 0x25F3
mem[X,0x0000000080000DF2] -> 0x3000
[1086] [M]: 0x0000000080000DF0 (0x300025F3) csrrs x11, mstatus, x0                  common_Mexcpt_handler+0
CSR mstatus (0x300) -> 0x0000000A00001800
x11 <- 0x0000000A00001800

mem[X,0x0000000080000DF4] -> 0x9413
mem[X,0x0000000080000DF6] -> 0x02E5
[1087] [M]: 0x0000000080000DF4 (0x02E59413) slli x8, x11, 0x2e                      common_Mexcpt_handler+4
x8 <- 0x0600000000000000

clint mtime 0x0000000000000220 (mip.MTI <- 0b1, mip.STI <- 0b0)
mem[X,0x0000000080000DF8] -> 0x5463
mem[X,0x0000000080000DFA] -> 0x0004
[1088] [M]: 0x0000000080000DF8 (0x00045463) bge x8, x0, 0x8                         common_Mexcpt_handler+8

mem[X,0x0000000080000E00] -> 0xD493
mem[X,0x0000000080000E02] -> 0x00B5
[1089] [M]: 0x0000000080000E00 (0x00B5D493) srli x9, x11, 0xb                       common_Mexcpt_handler+16
x9 <- 0x0000000001400003

clint mtime 0x0000000000000221 (mip.MTI <- 0b1, mip.STI <- 0b0)
mem[X,0x0000000080000E04] -> 0xF493
mem[X,0x0000000080000E06] -> 0x0034
[1090] [M]: 0x0000000080000E04 (0x0034F493) andi x9, x9, 0x3                        common_Mexcpt_handler+20
x9 <- 0x0000000000000003

mem[X,0x0000000080000E08] -> 0x8493
mem[X,0x0000000080000E0A] -> 0x0014
[1091] [M]: 0x0000000080000E08 (0x00148493) addi x9, x9, 0x1                        common_Mexcpt_handler+24
x9 <- 0x0000000000000004

clint mtime 0x0000000000000222 (mip.MTI <- 0b1, mip.STI <- 0b0)
mem[X,0x0000000080000E0C] -> 0xF493
mem[X,0x0000000080000E0E] -> 0x0044
[1092] [M]: 0x0000000080000E0C (0x0044F493) andi x9, x9, 0x4                        common_Mexcpt_handler+28
x9 <- 0x0000000000000004

mem[X,0x0000000080000E10] -> 0x0593
mem[X,0x0000000080000E12] -> 0x05D0
[1093] [M]: 0x0000000080000E10 (0x05D00593) addi x11, x0, 0x5d                      common_Mexcpt_handler+32
x11 <- 0x000000000000005D

clint mtime 0x0000000000000223 (mip.MTI <- 0b1, mip.STI <- 0b0)
mem[X,0x0000000080000E14] -> 0xD5B3
mem[X,0x0000000080000E16] -> 0x0095
[1094] [M]: 0x0000000080000E14 (0x0095D5B3) srl x11, x11, x9                        common_Mexcpt_handler+36
x11 <- 0x0000000000000005

mem[X,0x0000000080000E18] -> 0xF593
mem[X,0x0000000080000E1A] -> 0x0015
[1095] [M]: 0x0000000080000E18 (0x0015F593) andi x11, x11, 0x1                      common_Mexcpt_handler+40
x11 <- 0x0000000000000001

clint mtime 0x0000000000000224 (mip.MTI <- 0b1, mip.STI <- 0b0)
mem[X,0x0000000080000E1C] -> 0x8EE3
mem[X,0x0000000080000E1E] -> 0xF405
[1096] [M]: 0x0000000080000E1C (0xF4058EE3) beq x11, x0, -0xa4                      common_Mexcpt_handler+44

mem[X,0x0000000080000E20] -> 0x0593
mem[X,0x0000000080000E22] -> 0x2980
[1097] [M]: 0x0000000080000E20 (0x29800593) addi x11, x0, 0x298                     common_Mexcpt_handler+48
x11 <- 0x0000000000000298

clint mtime 0x0000000000000225 (mip.MTI <- 0b1, mip.STI <- 0b0)
mem[X,0x0000000080000E24] -> 0xF413
mem[X,0x0000000080000E26] -> 0x0014
[1098] [M]: 0x0000000080000E24 (0x0014F413) andi x8, x9, 0x1                        common_Mexcpt_handler+52
x8 <- 0x0000000000000000

mem[X,0x0000000080000E28] -> 0x95B3
mem[X,0x0000000080000E2A] -> 0x0085
[1099] [M]: 0x0000000080000E28 (0x008595B3) sll x11, x11, x8                        common_Mexcpt_handler+56
x11 <- 0x0000000000000298

clint mtime 0x0000000000000226 (mip.MTI <- 0b1, mip.STI <- 0b0)
mem[X,0x0000000080000E2C] -> 0x9413
mem[X,0x0000000080000E2E] -> 0x03D4
[1100] [M]: 0x0000000080000E2C (0x03D49413) slli x8, x9, 0x3d                       common_Mexcpt_handler+60
x8 <- 0x8000000000000000

mem[X,0x0000000080000E30] -> 0x5413
mem[X,0x0000000080000E32] -> 0x43F4
[1101] [M]: 0x0000000080000E30 (0x43F45413) srai x8, x8, 0x3f                       common_Mexcpt_handler+64
x8 <- 0xFFFFFFFFFFFFFFFF

clint mtime 0x0000000000000227 (mip.MTI <- 0b1, mip.STI <- 0b0)
mem[X,0x0000000080000E34] -> 0x4413
mem[X,0x0000000080000E36] -> 0xFFF4
[1102] [M]: 0x0000000080000E34 (0xFFF44413) xori x8, x8, -0x1                       common_Mexcpt_handler+68
x8 <- 0x0000000000000000

mem[X,0x0000000080000E38] -> 0xF4B3
mem[X,0x0000000080000E3A] -> 0x0085
[1103] [M]: 0x0000000080000E38 (0x0085F4B3) and x9, x11, x8                         common_Mexcpt_handler+72
x9 <- 0x0000000000000000

clint mtime 0x0000000000000228 (mip.MTI <- 0b1, mip.STI <- 0b0)
mem[X,0x0000000080000E3C] -> 0x84B3
mem[X,0x0000000080000E3E] -> 0x0024
[1104] [M]: 0x0000000080000E3C (0x002484B3) add x9, x9, x2                          vmem_adj_Mepc+0
x9 <- 0x0000000080003000

mem[X,0x0000000080000E40] -> 0x23F3
mem[X,0x0000000080000E42] -> 0x3410
[1105] [M]: 0x0000000080000E40 (0x341023F3) csrrs x7, mepc, x0                      vmem_adj_Mepc+4
CSR mepc (0x341) -> 0x0000000080000A80
x7 <- 0x0000000080000A80

clint mtime 0x0000000000000229 (mip.MTI <- 0b1, mip.STI <- 0b0)
mem[X,0x0000000080000E44] -> 0x0413
mem[X,0x0000000080000E46] -> 0x0004
[1106] [M]: 0x0000000080000E44 (0x00040413) addi x8, x8, 0x0                        vmem_adj_Mepc+8
x8 <- 0x0000000000000000

mem[X,0x0000000080000E48] -> 0x006F
mem[X,0x0000000080000E4A] -> 0x0400
[1107] [M]: 0x0000000080000E48 (0x0400006F) jal x0, 0x40                            vmem_adj_Mepc+12

clint mtime 0x000000000000022A (mip.MTI <- 0b1, mip.STI <- 0b0)
mem[X,0x0000000080000E88] -> 0x8433
mem[X,0x0000000080000E8A] -> 0x4083
[1108] [M]: 0x0000000080000E88 (0x40838433) sub x8, x7, x8                          adj_Mepc+0
x8 <- 0x0000000080000A80

mem[X,0x0000000080000E8C] -> 0x3823
mem[X,0x0000000080000E8E] -> 0x0083
[1109] [M]: 0x0000000080000E8C (0x00833823) sd x8, 0x10(x6)                         sv_Mepc+0
mem[W,0x0000000080009388] <- 0x0000000080000A80

clint mtime 0x000000000000022B (mip.MTI <- 0b1, mip.STI <- 0b0)
mem[X,0x0000000080000E90] -> 0x55B7
mem[X,0x0000000080000E92] -> 0x0000
[1110] [M]: 0x0000000080000E90 (0x000055B7) lui x11, 0x5                            sv_Mepc+4
x11 <- 0x0000000000005000

mem[X,0x0000000080000E94] -> 0x8593
mem[X,0x0000000080000E96] -> 0x6675
[1111] [M]: 0x0000000080000E94 (0x66758593) addi x11, x11, 0x667                    sv_Mepc+8
x11 <- 0x0000000000005667

clint mtime 0x000000000000022C (mip.MTI <- 0b1, mip.STI <- 0b0)
mem[X,0x0000000080000E98] -> 0x9593
mem[X,0x0000000080000E9A] -> 0x0015
[1112] [M]: 0x0000000080000E98 (0x00159593) slli x11, x11, 0x1                      sv_Mepc+12
x11 <- 0x000000000000ACCE

mem[X,0x0000000080000E9C] -> 0x9063
mem[X,0x0000000080000E9E] -> 0x02B1
[1113] [M]: 0x0000000080000E9C (0x02B19063) bne x3, x11, 0x20                       sv_Mepc+16

clint mtime 0x000000000000022D (mip.MTI <- 0b1, mip.STI <- 0b0)
mem[X,0x0000000080000EA0] -> 0x2473
mem[X,0x0000000080000EA2] -> 0x3420
[1114] [M]: 0x0000000080000EA0 (0x34202473) csrrs x8, mcause, x0                    sv_Mepc+20
CSR mcause (0x342) -> 0x0000000000000005
x8 <- 0x0000000000000005

mem[X,0x0000000080000EA4] -> 0x0593
mem[X,0x0000000080000EA6] -> 0x00C0
[1115] [M]: 0x0000000080000EA4 (0x00C00593) addi x11, x0, 0xc                       sv_Mepc+24
x11 <- 0x000000000000000C

clint mtime 0x000000000000022E (mip.MTI <- 0b1, mip.STI <- 0b0)
mem[X,0x0000000080000EA8] -> 0x0663
mem[X,0x0000000080000EAA] -> 0x00B4
[1116] [M]: 0x0000000080000EA8 (0x00B40663) beq x8, x11, 0xc                        sv_Mepc+28

mem[X,0x0000000080000EAC] -> 0x0593
mem[X,0x0000000080000EAE] -> 0x0010
[1117] [M]: 0x0000000080000EAC (0x00100593) addi x11, x0, 0x1                       sv_Mepc+32
x11 <- 0x0000000000000001

clint mtime 0x000000000000022F (mip.MTI <- 0b1, mip.STI <- 0b0)
mem[X,0x0000000080000EB0] -> 0x1663
mem[X,0x0000000080000EB2] -> 0x00B4
[1118] [M]: 0x0000000080000EB0 (0x00B41663) bne x8, x11, 0xc                        sv_Mepc+36

mem[X,0x0000000080000EBC] -> 0xF593
mem[X,0x0000000080000EBE] -> 0xFFC3
[1119] [M]: 0x0000000080000EBC (0xFFC3F593) andi x11, x7, -0x4                      adj_Mepc_rtn+0
x11 <- 0x0000000080000A80

clint mtime 0x0000000000000230 (mip.MTI <- 0b1, mip.STI <- 0b0)
mem[X,0x0000000080000EC0] -> 0x8593
mem[X,0x0000000080000EC2] -> 0x0085
[1120] [M]: 0x0000000080000EC0 (0x00858593) addi x11, x11, 0x8                      adj_Mepc_rtn+4
x11 <- 0x0000000080000A88

mem[X,0x0000000080000EC4] -> 0x9073
mem[X,0x0000000080000EC6] -> 0x3415
[1121] [M]: 0x0000000080000EC4 (0x34159073) csrrw x0, mepc, x11                     adj_Mepc_rtn+8
CSR mepc (0x341) <- 0x0000000080000A88

clint mtime 0x0000000000000231 (mip.MTI <- 0b1, mip.STI <- 0b0)
mem[X,0x0000000080000EC8] -> 0x23F3
mem[X,0x0000000080000ECA] -> 0x3430
[1122] [M]: 0x0000000080000EC8 (0x343023F3) csrrs x7, mtval, x0                     skp_adj_Mepc+0
CSR mtval (0x343) -> 0xFFFFFFFF7FFFFA38
x7 <- 0xFFFFFFFF7FFFFA38

mem[X,0x0000000080000ECC] -> 0x0413
mem[X,0x0000000080000ECE] -> 0x0004
[1123] [M]: 0x0000000080000ECC (0x00040413) addi x8, x8, 0x0                        skp_adj_Mepc+4
x8 <- 0x0000000000000005

clint mtime 0x0000000000000232 (mip.MTI <- 0b1, mip.STI <- 0b0)
mem[X,0x0000000080000ED0] -> 0x006F
mem[X,0x0000000080000ED2] -> 0x0840
[1124] [M]: 0x0000000080000ED0 (0x0840006F) jal x0, 0x84                            skp_adj_Mepc+8

mem[X,0x0000000080000F54] -> 0x8433
mem[X,0x0000000080000F56] -> 0x4083
[1125] [M]: 0x0000000080000F54 (0x40838433) sub x8, x7, x8                          adj_Mtval+0
x8 <- 0xFFFFFFFF7FFFFA33

clint mtime 0x0000000000000233 (mip.MTI <- 0b1, mip.STI <- 0b0)
mem[X,0x0000000080000F58] -> 0x3C23
mem[X,0x0000000080000F5A] -> 0x0083
[1126] [M]: 0x0000000080000F58 (0x00833C23) sd x8, 0x18(x6)                         sv_Mtval+0
mem[W,0x0000000080009390] <- 0xFFFFFFFF7FFFFA33

mem[X,0x0000000080000F5C] -> 0x3483
mem[X,0x0000000080000F5E] -> 0x2181
[1127] [M]: 0x0000000080000F5C (0x21813483) ld x9, 0x218(x2)                        skp_Mtval+0
mem[R,0x0000000080003218] -> 0x0000000080009398
x9 <- 0x0000000080009398

clint mtime 0x0000000000000234 (mip.MTI <- 0b1, mip.STI <- 0b0)
mem[X,0x0000000080000F60] -> 0x3383
mem[X,0x0000000080000F62] -> 0x1F81
[1128] [M]: 0x0000000080000F60 (0x1F813383) ld x7, 0x1f8(x2)                        skp_Mtval+4
mem[R,0x00000000800031F8] -> 0x0000000080009110
x7 <- 0x0000000080009110

mem[X,0x0000000080000F64] -> 0x3303
mem[X,0x0000000080000F66] -> 0x2001
[1129] [M]: 0x0000000080000F64 (0x20013303) ld x6, 0x200(x2)                        skp_Mtval+8
mem[R,0x0000000080003200] -> 0x0000000000000410
x6 <- 0x0000000000000410

clint mtime 0x0000000000000235 (mip.MTI <- 0b1, mip.STI <- 0b0)
mem[X,0x0000000080000F68] -> 0x0333
mem[X,0x0000000080000F6A] -> 0x0073
[1130] [M]: 0x0000000080000F68 (0x00730333) add x6, x6, x7                          skp_Mtval+12
x6 <- 0x0000000080009520

mem[X,0x0000000080000F6C] -> 0x6CE3
mem[X,0x0000000080000F6E] -> 0xAE93
[1131] [M]: 0x0000000080000F6C (0xAE936CE3) bltu x6, x9, -0x508                     skp_Mtval+16

clint mtime 0x0000000000000236 (mip.MTI <- 0b1, mip.STI <- 0b0)
mem[X,0x0000000080000F70] -> 0x0393
mem[X,0x0000000080000F72] -> 0x2000
[1132] [M]: 0x0000000080000F70 (0x20000393) addi x7, x0, 0x200                      skp_Mtval+20
x7 <- 0x0000000000000200

mem[X,0x0000000080000F74] -> 0x006F
mem[X,0x0000000080000F76] -> 0x0400
[1133] [M]: 0x0000000080000F74 (0x0400006F) jal x0, 0x40                            skp_Mtval+24

clint mtime 0x0000000000000237 (mip.MTI <- 0b1, mip.STI <- 0b0)
mem[X,0x0000000080000FB4] -> 0x0417
mem[X,0x0000000080000FB6] -> 0x0000
[1134] [M]: 0x0000000080000FB4 (0x00000417) auipc x8, 0x0                           spcl_Mhandler+0
x8 <- 0x0000000080000FB4

mem[X,0x0000000080000FB8] -> 0x0413
mem[X,0x0000000080000FBA] -> 0x03C4
[1135] [M]: 0x0000000080000FB8 (0x03C40413) addi x8, x8, 0x3c                       spcl_Mhandler+4
x8 <- 0x0000000080000FF0

clint mtime 0x0000000000000238 (mip.MTI <- 0b1, mip.STI <- 0b0)
mem[X,0x0000000080000FBC] -> 0x0433
mem[X,0x0000000080000FBE] -> 0x0074
[1136] [M]: 0x0000000080000FBC (0x00740433) add x8, x8, x7                          spcl_Mhandler+8
x8 <- 0x00000000800011F0

mem[X,0x0000000080000FC0] -> 0x1393
mem[X,0x0000000080000FC2] -> 0x0035
[1137] [M]: 0x0000000080000FC0 (0x00351393) slli x7, x10, 0x3                       spcl_Mhandler+12
x7 <- 0x0000000000000028

clint mtime 0x0000000000000239 (mip.MTI <- 0b1, mip.STI <- 0b0)
mem[X,0x0000000080000FC4] -> 0x0433
mem[X,0x0000000080000FC6] -> 0x0074
[1138] [M]: 0x0000000080000FC4 (0x00740433) add x8, x8, x7                          spcl_Mhandler+16
x8 <- 0x0000000080001218

mem[X,0x0000000080000FC8] -> 0x7413
mem[X,0x0000000080000FCA] -> 0xFF84
[1139] [M]: 0x0000000080000FC8 (0xFF847413) andi x8, x8, -0x8                       spcl_Mhandler+20
x8 <- 0x0000000080001218

clint mtime 0x000000000000023A (mip.MTI <- 0b1, mip.STI <- 0b0)
mem[X,0x0000000080000FCC] -> 0x3403
mem[X,0x0000000080000FCE] -> 0x0004
[1140] [M]: 0x0000000080000FCC (0x00043403) ld x8, 0x0(x8)                          spcl_Mhandler+24
mem[R,0x0000000080001218] -> 0x000000000000000B
x8 <- 0x000000000000000B

mem[X,0x0000000080000FD0] -> 0x04E3
mem[X,0x0000000080000FD2] -> 0xB204
[1141] [M]: 0x0000000080000FD0 (0xB20404E3) beq x8, x0, -0x4d8                      spcl_Mdispatch_hndling+0

clint mtime 0x000000000000023B (mip.MTI <- 0b1, mip.STI <- 0b0)
mem[X,0x0000000080000FD4] -> 0x1393
mem[X,0x0000000080000FD6] -> 0x03F4
[1142] [M]: 0x0000000080000FD4 (0x03F41393) slli x7, x8, 0x3f                       spcl_Mdispatch_hndling+4
x7 <- 0x8000000000000000

mem[X,0x0000000080000FD8] -> 0xD863
mem[X,0x0000000080000FDA] -> 0x0003
[1143] [M]: 0x0000000080000FD8 (0x0003D863) bge x7, x0, 0x10                        spcl_Mdispatch_hndling+8

clint mtime 0x000000000000023C (mip.MTI <- 0b1, mip.STI <- 0b0)
mem[X,0x0000000080000FDC] -> 0x5413
mem[X,0x0000000080000FDE] -> 0x0014
[1144] [M]: 0x0000000080000FDC (0x00145413) srli x8, x8, 0x1                        spcl_Mdispatch_hndling+12
x8 <- 0x0000000000000005

mem[X,0x0000000080000FE0] -> 0x0CE3
mem[X,0x0000000080000FE2] -> 0xF885
[1145] [M]: 0x0000000080000FE0 (0xF8850CE3) beq x10, x8, -0x68                      spcl_Mdispatch_hndling+16

clint mtime 0x000000000000023D (mip.MTI <- 0b1, mip.STI <- 0b0)
mem[X,0x0000000080000F78] -> 0x3303
mem[X,0x0000000080000F7A] -> 0x2601
[1146] [M]: 0x0000000080000F78 (0x26013303) ld x6, 0x260(x2)                        resto_Mrtn+0
mem[R,0x0000000080003260] -> 0xFFFFFFFF7FFFF7F0
x6 <- 0xFFFFFFFF7FFFF7F0

mem[X,0x0000000080000F7C] -> 0x3383
mem[X,0x0000000080000F7E] -> 0x2681
[1147] [M]: 0x0000000080000F7C (0x26813383) ld x7, 0x268(x2)                        resto_Mrtn+4
mem[R,0x0000000080003268] -> 0x0000000080000A70
x7 <- 0x0000000080000A70

clint mtime 0x000000000000023E (mip.MTI <- 0b1, mip.STI <- 0b0)
mem[X,0x0000000080000F80] -> 0x3403
mem[X,0x0000000080000F82] -> 0x2701
[1148] [M]: 0x0000000080000F80 (0x27013403) ld x8, 0x270(x2)                        resto_Mrtn+8
mem[R,0x0000000080003270] -> 0x0000000000007F76
x8 <- 0x0000000000007F76

mem[X,0x0000000080000F84] -> 0x3483
mem[X,0x0000000080000F86] -> 0x2781
[1149] [M]: 0x0000000080000F84 (0x27813483) ld x9, 0x278(x2)                        resto_Mrtn+12
mem[R,0x0000000080003278] -> 0x00000001000001D4
x9 <- 0x00000001000001D4

clint mtime 0x000000000000023F (mip.MTI <- 0b1, mip.STI <- 0b0)
mem[X,0x0000000080000F88] -> 0x3503
mem[X,0x0000000080000F8A] -> 0x2801
[1150] [M]: 0x0000000080000F88 (0x28013503) ld x10, 0x280(x2)                       resto_Mrtn+16
mem[R,0x0000000080003280] -> 0x00000000200014C9
x10 <- 0x00000000200014C9

mem[X,0x0000000080000F8C] -> 0x3583
mem[X,0x0000000080000F8E] -> 0x2881
[1151] [M]: 0x0000000080000F8C (0x28813583) ld x11, 0x288(x2)                       resto_Mrtn+20
mem[R,0x0000000080003288] -> 0x00000000000000C9
x11 <- 0x00000000000000C9

clint mtime 0x0000000000000240 (mip.MTI <- 0b1, mip.STI <- 0b0)
mem[X,0x0000000080000F90] -> 0x3103
mem[X,0x0000000080000F92] -> 0x2901
[1152] [M]: 0x0000000080000F90 (0x29013103) ld x2, 0x290(x2)                        resto_Mrtn+24
mem[R,0x0000000080003290] -> 0x0000000000000000
x2 <- 0x0000000000000000

mem[X,0x0000000080000F94] -> 0x0073
mem[X,0x0000000080000F96] -> 0x3020
[1153] [M]: 0x0000000080000F94 (0x30200073) mret                                    resto_Mrtn+28
CSR mstatus (0x300) <- 0x0000000A00000080
ret-ing from M to M

clint mtime 0x0000000000000241 (mip.MTI <- 0b1, mip.STI <- 0b0)
mem[X,0x0000000080000A88] -> 0xF493
mem[X,0x0000000080000A8A] -> 0xFFC4
[1154] [M]: 0x0000000080000A88 (0xFFC4F493) andi x9, x9, -0x4                       resto_Sxtvec+8
x9 <- 0x00000001000001D4

mem[X,0x0000000080000A8C] -> 0xF393
mem[X,0x0000000080000A8E] -> 0xFFC3
[1155] [M]: 0x0000000080000A8C (0xFFC3F393) andi x7, x7, -0x4                       resto_Sxtvec+12
x7 <- 0x0000000080000A70

clint mtime 0x0000000000000242 (mip.MTI <- 0b1, mip.STI <- 0b0)
mem[X,0x0000000080000A90] -> 0x9063
mem[X,0x0000000080000A92] -> 0x0274
[1156] [M]: 0x0000000080000A90 (0x02749063) bne x9, x7, 0x20                        resto_Sxtvec+16

mem[X,0x0000000080000AB0] -> 0x2373
mem[X,0x0000000080000AB2] -> 0x3400
[1157] [M]: 0x0000000080000AB0 (0x34002373) csrrs x6, mscratch, x0                  rvtest_Send+0
CSR mscratch (0x340) -> 0x0000000080003000
x6 <- 0x0000000080003000

clint mtime 0x0000000000000243 (mip.MTI <- 0b1, mip.STI <- 0b0)
mem[X,0x0000000080000AB4] -> 0x3383
mem[X,0x0000000080000AB6] -> 0x2383
[1158] [M]: 0x0000000080000AB4 (0x23833383) ld x7, 0x238(x6)                        resto_Medeleg+0
mem[R,0x0000000080003238] -> 0x0000000000000000
x7 <- 0x0000000000000000

mem[X,0x0000000080000AB8] -> 0x9073
mem[X,0x0000000080000ABA] -> 0x3023
[1159] [M]: 0x0000000080000AB8 (0x30239073) csrrw x0, medeleg, x7                   resto_Medeleg+4
CSR medeleg (0x302) <- 0x0000000000000000

clint mtime 0x0000000000000244 (mip.MTI <- 0b1, mip.STI <- 0b0)
mem[X,0x0000000080000ABC] -> 0x3503
mem[X,0x0000000080000ABE] -> 0x2503
[1160] [M]: 0x0000000080000ABC (0x25033503) ld x10, 0x250(x6)                       resto_Mscratch+0
mem[R,0x0000000080003250] -> 0x0000000000000000
x10 <- 0x0000000000000000

mem[X,0x0000000080000AC0] -> 0x1073
mem[X,0x0000000080000AC2] -> 0x3405
[1161] [M]: 0x0000000080000AC0 (0x34051073) csrrw x0, mscratch, x10                 resto_Mscratch+4
CSR mscratch (0x340) <- 0x0000000000000000

clint mtime 0x0000000000000245 (mip.MTI <- 0b1, mip.STI <- 0b0)
mem[X,0x0000000080000AC4] -> 0x3483
mem[X,0x0000000080000AC6] -> 0x2483
[1162] [M]: 0x0000000080000AC4 (0x24833483) ld x9, 0x248(x6)                        resto_Mxtvec+0
mem[R,0x0000000080003248] -> 0x0000000000000000
x9 <- 0x0000000000000000

mem[X,0x0000000080000AC8] -> 0x93F3
mem[X,0x0000000080000ACA] -> 0x3054
[1163] [M]: 0x0000000080000AC8 (0x305493F3) csrrw x7, mtvec, x9                     resto_Mxtvec+4
CSR mtvec (0x305) <- 0x0000000000000000
x7 <- 0x0000000080000B40

clint mtime 0x0000000000000246 (mip.MTI <- 0b1, mip.STI <- 0b0)
mem[X,0x0000000080000ACC] -> 0xF493
mem[X,0x0000000080000ACE] -> 0xFFC4
[1164] [M]: 0x0000000080000ACC (0xFFC4F493) andi x9, x9, -0x4                       resto_Mxtvec+8
x9 <- 0x0000000000000000

mem[X,0x0000000080000AD0] -> 0xF393
mem[X,0x0000000080000AD2] -> 0xFFC3
[1165] [M]: 0x0000000080000AD0 (0xFFC3F393) andi x7, x7, -0x4                       resto_Mxtvec+12
x7 <- 0x0000000080000B40

clint mtime 0x0000000000000247 (mip.MTI <- 0b1, mip.STI <- 0b0)
mem[X,0x0000000080000AD4] -> 0x9063
mem[X,0x0000000080000AD6] -> 0x0274
[1166] [M]: 0x0000000080000AD4 (0x02749063) bne x9, x7, 0x20                        resto_Mxtvec+16

mem[X,0x0000000080000AF4] -> 0x106F
mem[X,0x0000000080000AF6] -> 0x2780
[1167] [M]: 0x0000000080000AF4 (0x2780106F) jal x0, 0x1278                          rvtest_Mend+0

clint mtime 0x0000000000000248 (mip.MTI <- 0b1, mip.STI <- 0b0)
mem[X,0x0000000080001D6C] -> 0x0093
mem[X,0x0000000080001D6E] -> 0x0010
[1168] [M]: 0x0000000080001D6C (0x00100093) addi x1, x0, 0x1                        exit_cleanup+0
x1 <- 0x0000000000000001

mem[X,0x0000000080001D70] -> 0x0397
mem[X,0x0000000080001D72] -> 0x0000
[1169] [M]: 0x0000000080001D70 (0x00000397) auipc x7, 0x0                           exit_cleanup+4
x7 <- 0x0000000080001D70

clint mtime 0x0000000000000249 (mip.MTI <- 0b1, mip.STI <- 0b0)
mem[X,0x0000000080001D74] -> 0xA823
mem[X,0x0000000080001D76] -> 0x2813
[1170] [M]: 0x0000000080001D74 (0x2813A823) sw x1, 0x290(x7)                        exit_cleanup+8
htif[0x0000000080002000] <- 0x00000001
mem[W,0x0000000080002000] <- 0x00000001

mem[X,0x0000000080001D78] -> 0xF06F
mem[X,0x0000000080001D7A] -> 0xFF9F
[1171] [M]: 0x0000000080001D78 (0xFF9FF06F) jal x0, -0x8                            exit_cleanup+12

clint mtime 0x000000000000024A (mip.MTI <- 0b1, mip.STI <- 0b0)
mem[X,0x0000000080001D70] -> 0x0397
mem[X,0x0000000080001D72] -> 0x0000
[1172] [M]: 0x0000000080001D70 (0x00000397) auipc x7, 0x0                           exit_cleanup+4
x7 <- 0x0000000080001D70

mem[X,0x0000000080001D74] -> 0xA823
mem[X,0x0000000080001D76] -> 0x2813
[1173] [M]: 0x0000000080001D74 (0x2813A823) sw x1, 0x290(x7)                        exit_cleanup+8
htif[0x0000000080002000] <- 0x00000001
mem[W,0x0000000080002000] <- 0x00000001

clint mtime 0x000000000000024B (mip.MTI <- 0b1, mip.STI <- 0b0)
mem[X,0x0000000080001D78] -> 0xF06F
mem[X,0x0000000080001D7A] -> 0xFF9F
[1174] [M]: 0x0000000080001D78 (0xFF9FF06F) jal x0, -0x8                            exit_cleanup+12

mem[X,0x0000000080001D70] -> 0x0397
mem[X,0x0000000080001D72] -> 0x0000
[1175] [M]: 0x0000000080001D70 (0x00000397) auipc x7, 0x0                           exit_cleanup+4
x7 <- 0x0000000080001D70

clint mtime 0x000000000000024C (mip.MTI <- 0b1, mip.STI <- 0b0)
mem[X,0x0000000080001D74] -> 0xA823
mem[X,0x0000000080001D76] -> 0x2813
[1176] [M]: 0x0000000080001D74 (0x2813A823) sw x1, 0x290(x7)                        exit_cleanup+8
htif[0x0000000080002000] <- 0x00000001
htif-syscall-proxy cmd: 0x000000000001
mem[W,0x0000000080002000] <- 0x00000001

SUCCESS
