using /opt/riscv-arch-test/riscof-plugins/rv64/riscof_work/I/src/auipc-01.S/ref/Reference-sail_c_simulator.signature for test-signature output.
setting signature-granularity to 8 bytes
HTIF located at 0x80001000
begin_signature: 0x80003110
end_signature: 0x80003320
Entry point: 0x80000000
CSR mstatus (0x300) <- 0x0000000A00000000
CSR misa (0x301) <- 0x800000000034112F
CSR mcause (0x342) <- 0x0000000000000000
x10 <- 0x0000000000000000
x11 <- 0x0000000000001000
mem[X,0x0000000080000000] -> 0x0837
mem[X,0x0000000080000002] -> 0x7D5C
[0] [M]: 0x0000000080000000 (0x7D5C0837) lui x16, 0x7d5c0                           rvtest_init+0
x16 <- 0x000000007D5C0000

mem[X,0x0000000080000004] -> 0x0813
mem[X,0x0000000080000006] -> 0xDDB8
[1] [M]: 0x0000000080000004 (0xDDB80813) addi x16, x16, -0x225                      rvtest_init+4
x16 <- 0x000000007D5BFDDB

clint mtime 0x0000000000000001 (mip.MTI <- 0b1, mip.STI <- 0b0)
mem[X,0x0000000080000008] -> 0x1813
mem[X,0x000000008000000A] -> 0x00B8
[2] [M]: 0x0000000080000008 (0x00B81813) slli x16, x16, 0xb                         rvtest_init+8
x16 <- 0x000003EADFEED800

mem[X,0x000000008000000C] -> 0x0813
mem[X,0x000000008000000E] -> 0x3EA8
[3] [M]: 0x000000008000000C (0x3EA80813) addi x16, x16, 0x3ea                       rvtest_init+12
x16 <- 0x000003EADFEEDBEA

clint mtime 0x0000000000000002 (mip.MTI <- 0b1, mip.STI <- 0b0)
mem[X,0x0000000080000010] -> 0x1813
mem[X,0x0000000080000012] -> 0x00B8
[4] [M]: 0x0000000080000010 (0x00B81813) slli x16, x16, 0xb                         rvtest_init+16
x16 <- 0x001F56FF76DF5000

mem[X,0x0000000080000014] -> 0x0813
mem[X,0x0000000080000016] -> 0x6FF8
[5] [M]: 0x0000000080000014 (0x6FF80813) addi x16, x16, 0x6ff                       rvtest_init+20
x16 <- 0x001F56FF76DF56FF

clint mtime 0x0000000000000003 (mip.MTI <- 0b1, mip.STI <- 0b0)
mem[X,0x0000000080000018] -> 0x1813
mem[X,0x000000008000001A] -> 0x00A8
[6] [M]: 0x0000000080000018 (0x00A81813) slli x16, x16, 0xa                         rvtest_init+24
x16 <- 0x7D5BFDDB7D5BFC00

mem[X,0x000000008000001C] -> 0x0813
mem[X,0x000000008000001E] -> 0x1DB8
[7] [M]: 0x000000008000001C (0x1DB80813) addi x16, x16, 0x1db                       rvtest_init+28
x16 <- 0x7D5BFDDB7D5BFDDB

clint mtime 0x0000000000000004 (mip.MTI <- 0b1, mip.STI <- 0b0)
mem[X,0x0000000080000020] -> 0x5893
mem[X,0x0000000080000022] -> 0x0078
[8] [M]: 0x0000000080000020 (0x00785893) srli x17, x16, 0x7                         rvtest_init+32
x17 <- 0x00FAB7FBB6FAB7FB

mem[X,0x0000000080000024] -> 0x5793
mem[X,0x0000000080000026] -> 0x0398
[9] [M]: 0x0000000080000024 (0x03985793) srli x15, x16, 0x39                        rvtest_init+36
x15 <- 0x000000000000003E

clint mtime 0x0000000000000005 (mip.MTI <- 0b1, mip.STI <- 0b0)
mem[X,0x0000000080000028] -> 0xE8B3
mem[X,0x000000008000002A] -> 0x00F8
[10] [M]: 0x0000000080000028 (0x00F8E8B3) or x17, x17, x15                          rvtest_init+40
x17 <- 0x00FAB7FBB6FAB7FF

mem[X,0x000000008000002C] -> 0xD913
mem[X,0x000000008000002E] -> 0x0078
[11] [M]: 0x000000008000002C (0x0078D913) srli x18, x17, 0x7                        rvtest_init+44
x18 <- 0x0001F56FF76DF56F

clint mtime 0x0000000000000006 (mip.MTI <- 0b1, mip.STI <- 0b0)
mem[X,0x0000000080000030] -> 0xD793
mem[X,0x0000000080000032] -> 0x0398
[12] [M]: 0x0000000080000030 (0x0398D793) srli x15, x17, 0x39                       rvtest_init+48
x15 <- 0x0000000000000000

mem[X,0x0000000080000034] -> 0x6933
mem[X,0x0000000080000036] -> 0x00F9
[13] [M]: 0x0000000080000034 (0x00F96933) or x18, x18, x15                          rvtest_init+52
x18 <- 0x0001F56FF76DF56F

clint mtime 0x0000000000000007 (mip.MTI <- 0b1, mip.STI <- 0b0)
mem[X,0x0000000080000038] -> 0x5993
mem[X,0x000000008000003A] -> 0x0079
[14] [M]: 0x0000000080000038 (0x00795993) srli x19, x18, 0x7                        rvtest_init+56
x19 <- 0x000003EADFEEDBEA

mem[X,0x000000008000003C] -> 0x5793
mem[X,0x000000008000003E] -> 0x0399
[15] [M]: 0x000000008000003C (0x03995793) srli x15, x18, 0x39                       rvtest_init+60
x15 <- 0x0000000000000000

clint mtime 0x0000000000000008 (mip.MTI <- 0b1, mip.STI <- 0b0)
mem[X,0x0000000080000040] -> 0xE9B3
mem[X,0x0000000080000042] -> 0x00F9
[16] [M]: 0x0000000080000040 (0x00F9E9B3) or x19, x19, x15                          rvtest_init+64
x19 <- 0x000003EADFEEDBEA

mem[X,0x0000000080000044] -> 0xDA13
mem[X,0x0000000080000046] -> 0x0079
[17] [M]: 0x0000000080000044 (0x0079DA13) srli x20, x19, 0x7                        rvtest_init+68
x20 <- 0x00000007D5BFDDB7

clint mtime 0x0000000000000009 (mip.MTI <- 0b1, mip.STI <- 0b0)
mem[X,0x0000000080000048] -> 0xD793
mem[X,0x000000008000004A] -> 0x0399
[18] [M]: 0x0000000080000048 (0x0399D793) srli x15, x19, 0x39                       rvtest_init+72
x15 <- 0x0000000000000000

mem[X,0x000000008000004C] -> 0x6A33
mem[X,0x000000008000004E] -> 0x00FA
[19] [M]: 0x000000008000004C (0x00FA6A33) or x20, x20, x15                          rvtest_init+76
x20 <- 0x00000007D5BFDDB7

clint mtime 0x000000000000000A (mip.MTI <- 0b1, mip.STI <- 0b0)
mem[X,0x0000000080000050] -> 0x5A93
mem[X,0x0000000080000052] -> 0x007A
[20] [M]: 0x0000000080000050 (0x007A5A93) srli x21, x20, 0x7                        rvtest_init+80
x21 <- 0x000000000FAB7FBB

mem[X,0x0000000080000054] -> 0x5793
mem[X,0x0000000080000056] -> 0x039A
[21] [M]: 0x0000000080000054 (0x039A5793) srli x15, x20, 0x39                       rvtest_init+84
x15 <- 0x0000000000000000

clint mtime 0x000000000000000B (mip.MTI <- 0b1, mip.STI <- 0b0)
mem[X,0x0000000080000058] -> 0xEAB3
mem[X,0x000000008000005A] -> 0x00FA
[22] [M]: 0x0000000080000058 (0x00FAEAB3) or x21, x21, x15                          rvtest_init+88
x21 <- 0x000000000FAB7FBB

mem[X,0x000000008000005C] -> 0xDB13
mem[X,0x000000008000005E] -> 0x007A
[23] [M]: 0x000000008000005C (0x007ADB13) srli x22, x21, 0x7                        rvtest_init+92
x22 <- 0x00000000001F56FF

clint mtime 0x000000000000000C (mip.MTI <- 0b1, mip.STI <- 0b0)
mem[X,0x0000000080000060] -> 0xD793
mem[X,0x0000000080000062] -> 0x039A
[24] [M]: 0x0000000080000060 (0x039AD793) srli x15, x21, 0x39                       rvtest_init+96
x15 <- 0x0000000000000000

mem[X,0x0000000080000064] -> 0x6B33
mem[X,0x0000000080000066] -> 0x00FB
[25] [M]: 0x0000000080000064 (0x00FB6B33) or x22, x22, x15                          rvtest_init+100
x22 <- 0x00000000001F56FF

clint mtime 0x000000000000000D (mip.MTI <- 0b1, mip.STI <- 0b0)
mem[X,0x0000000080000068] -> 0x5B93
mem[X,0x000000008000006A] -> 0x007B
[26] [M]: 0x0000000080000068 (0x007B5B93) srli x23, x22, 0x7                        rvtest_init+104
x23 <- 0x0000000000003EAD

mem[X,0x000000008000006C] -> 0x5793
mem[X,0x000000008000006E] -> 0x039B
[27] [M]: 0x000000008000006C (0x039B5793) srli x15, x22, 0x39                       rvtest_init+108
x15 <- 0x0000000000000000

clint mtime 0x000000000000000E (mip.MTI <- 0b1, mip.STI <- 0b0)
mem[X,0x0000000080000070] -> 0xEBB3
mem[X,0x0000000080000072] -> 0x00FB
[28] [M]: 0x0000000080000070 (0x00FBEBB3) or x23, x23, x15                          rvtest_init+112
x23 <- 0x0000000000003EAD

mem[X,0x0000000080000074] -> 0xDC13
mem[X,0x0000000080000076] -> 0x007B
[29] [M]: 0x0000000080000074 (0x007BDC13) srli x24, x23, 0x7                        rvtest_init+116
x24 <- 0x000000000000007D

clint mtime 0x000000000000000F (mip.MTI <- 0b1, mip.STI <- 0b0)
mem[X,0x0000000080000078] -> 0xD793
mem[X,0x000000008000007A] -> 0x039B
[30] [M]: 0x0000000080000078 (0x039BD793) srli x15, x23, 0x39                       rvtest_init+120
x15 <- 0x0000000000000000

mem[X,0x000000008000007C] -> 0x6C33
mem[X,0x000000008000007E] -> 0x00FC
[31] [M]: 0x000000008000007C (0x00FC6C33) or x24, x24, x15                          rvtest_init+124
x24 <- 0x000000000000007D

clint mtime 0x0000000000000010 (mip.MTI <- 0b1, mip.STI <- 0b0)
mem[X,0x0000000080000080] -> 0x5C93
mem[X,0x0000000080000082] -> 0x007C
[32] [M]: 0x0000000080000080 (0x007C5C93) srli x25, x24, 0x7                        rvtest_init+128
x25 <- 0x0000000000000000

mem[X,0x0000000080000084] -> 0x5793
mem[X,0x0000000080000086] -> 0x039C
[33] [M]: 0x0000000080000084 (0x039C5793) srli x15, x24, 0x39                       rvtest_init+132
x15 <- 0x0000000000000000

clint mtime 0x0000000000000011 (mip.MTI <- 0b1, mip.STI <- 0b0)
mem[X,0x0000000080000088] -> 0xECB3
mem[X,0x000000008000008A] -> 0x00FC
[34] [M]: 0x0000000080000088 (0x00FCECB3) or x25, x25, x15                          rvtest_init+136
x25 <- 0x0000000000000000

mem[X,0x000000008000008C] -> 0xDD13
mem[X,0x000000008000008E] -> 0x007C
[35] [M]: 0x000000008000008C (0x007CDD13) srli x26, x25, 0x7                        rvtest_init+140
x26 <- 0x0000000000000000

clint mtime 0x0000000000000012 (mip.MTI <- 0b1, mip.STI <- 0b0)
mem[X,0x0000000080000090] -> 0xD793
mem[X,0x0000000080000092] -> 0x039C
[36] [M]: 0x0000000080000090 (0x039CD793) srli x15, x25, 0x39                       rvtest_init+144
x15 <- 0x0000000000000000

mem[X,0x0000000080000094] -> 0x6D33
mem[X,0x0000000080000096] -> 0x00FD
[37] [M]: 0x0000000080000094 (0x00FD6D33) or x26, x26, x15                          rvtest_init+148
x26 <- 0x0000000000000000

clint mtime 0x0000000000000013 (mip.MTI <- 0b1, mip.STI <- 0b0)
mem[X,0x0000000080000098] -> 0x5D93
mem[X,0x000000008000009A] -> 0x007D
[38] [M]: 0x0000000080000098 (0x007D5D93) srli x27, x26, 0x7                        rvtest_init+152
x27 <- 0x0000000000000000

mem[X,0x000000008000009C] -> 0x5793
mem[X,0x000000008000009E] -> 0x039D
[39] [M]: 0x000000008000009C (0x039D5793) srli x15, x26, 0x39                       rvtest_init+156
x15 <- 0x0000000000000000

clint mtime 0x0000000000000014 (mip.MTI <- 0b1, mip.STI <- 0b0)
mem[X,0x00000000800000A0] -> 0xEDB3
mem[X,0x00000000800000A2] -> 0x00FD
[40] [M]: 0x00000000800000A0 (0x00FDEDB3) or x27, x27, x15                          rvtest_init+160
x27 <- 0x0000000000000000

mem[X,0x00000000800000A4] -> 0xDE13
mem[X,0x00000000800000A6] -> 0x007D
[41] [M]: 0x00000000800000A4 (0x007DDE13) srli x28, x27, 0x7                        rvtest_init+164
x28 <- 0x0000000000000000

clint mtime 0x0000000000000015 (mip.MTI <- 0b1, mip.STI <- 0b0)
mem[X,0x00000000800000A8] -> 0xD793
mem[X,0x00000000800000AA] -> 0x039D
[42] [M]: 0x00000000800000A8 (0x039DD793) srli x15, x27, 0x39                       rvtest_init+168
x15 <- 0x0000000000000000

mem[X,0x00000000800000AC] -> 0x6E33
mem[X,0x00000000800000AE] -> 0x00FE
[43] [M]: 0x00000000800000AC (0x00FE6E33) or x28, x28, x15                          rvtest_init+172
x28 <- 0x0000000000000000

clint mtime 0x0000000000000016 (mip.MTI <- 0b1, mip.STI <- 0b0)
mem[X,0x00000000800000B0] -> 0x5E93
mem[X,0x00000000800000B2] -> 0x007E
[44] [M]: 0x00000000800000B0 (0x007E5E93) srli x29, x28, 0x7                        rvtest_init+176
x29 <- 0x0000000000000000

mem[X,0x00000000800000B4] -> 0x5793
mem[X,0x00000000800000B6] -> 0x039E
[45] [M]: 0x00000000800000B4 (0x039E5793) srli x15, x28, 0x39                       rvtest_init+180
x15 <- 0x0000000000000000

clint mtime 0x0000000000000017 (mip.MTI <- 0b1, mip.STI <- 0b0)
mem[X,0x00000000800000B8] -> 0xEEB3
mem[X,0x00000000800000BA] -> 0x00FE
[46] [M]: 0x00000000800000B8 (0x00FEEEB3) or x29, x29, x15                          rvtest_init+184
x29 <- 0x0000000000000000

mem[X,0x00000000800000BC] -> 0xDF13
mem[X,0x00000000800000BE] -> 0x007E
[47] [M]: 0x00000000800000BC (0x007EDF13) srli x30, x29, 0x7                        rvtest_init+188
x30 <- 0x0000000000000000

clint mtime 0x0000000000000018 (mip.MTI <- 0b1, mip.STI <- 0b0)
mem[X,0x00000000800000C0] -> 0xD793
mem[X,0x00000000800000C2] -> 0x039E
[48] [M]: 0x00000000800000C0 (0x039ED793) srli x15, x29, 0x39                       rvtest_init+192
x15 <- 0x0000000000000000

mem[X,0x00000000800000C4] -> 0x6F33
mem[X,0x00000000800000C6] -> 0x00FF
[49] [M]: 0x00000000800000C4 (0x00FF6F33) or x30, x30, x15                          rvtest_init+196
x30 <- 0x0000000000000000

clint mtime 0x0000000000000019 (mip.MTI <- 0b1, mip.STI <- 0b0)
mem[X,0x00000000800000C8] -> 0xC0B7
mem[X,0x00000000800000CA] -> 0xFEED
[50] [M]: 0x00000000800000C8 (0xFEEDC0B7) lui x1, -0x1124                           rvtest_init+200
x1 <- 0xFFFFFFFFFEEDC000

mem[X,0x00000000800000CC] -> 0x8093
mem[X,0x00000000800000CE] -> 0xEAD0
[51] [M]: 0x00000000800000CC (0xEAD08093) addi x1, x1, -0x153                       rvtest_init+204
x1 <- 0xFFFFFFFFFEEDBEAD

clint mtime 0x000000000000001A (mip.MTI <- 0b1, mip.STI <- 0b0)
mem[X,0x00000000800000D0] -> 0x9093
mem[X,0x00000000800000D2] -> 0x00B0
[52] [M]: 0x00000000800000D0 (0x00B09093) slli x1, x1, 0xb                          rvtest_init+208
x1 <- 0xFFFFFFF76DF56800

mem[X,0x00000000800000D4] -> 0x8093
mem[X,0x00000000800000D6] -> 0x7F70
[53] [M]: 0x00000000800000D4 (0x7F708093) addi x1, x1, 0x7f7                        rvtest_init+212
x1 <- 0xFFFFFFF76DF56FF7

clint mtime 0x000000000000001B (mip.MTI <- 0b1, mip.STI <- 0b0)
mem[X,0x00000000800000D8] -> 0x9093
mem[X,0x00000000800000DA] -> 0x00B0
[54] [M]: 0x00000000800000D8 (0x00B09093) slli x1, x1, 0xb                          rvtest_init+216
x1 <- 0xFFFFBB6FAB7FB800

mem[X,0x00000000800000DC] -> 0x8093
mem[X,0x00000000800000DE] -> 0x36F0
[55] [M]: 0x00000000800000DC (0x36F08093) addi x1, x1, 0x36f                        rvtest_init+220
x1 <- 0xFFFFBB6FAB7FBB6F

clint mtime 0x000000000000001C (mip.MTI <- 0b1, mip.STI <- 0b0)
mem[X,0x00000000800000E0] -> 0x9093
mem[X,0x00000000800000E2] -> 0x00A0
[56] [M]: 0x00000000800000E0 (0x00A09093) slli x1, x1, 0xa                          rvtest_init+224
x1 <- 0xFEEDBEADFEEDBC00

mem[X,0x00000000800000E4] -> 0x8093
mem[X,0x00000000800000E6] -> 0x2AD0
[57] [M]: 0x00000000800000E4 (0x2AD08093) addi x1, x1, 0x2ad                        rvtest_init+228
x1 <- 0xFEEDBEADFEEDBEAD

clint mtime 0x000000000000001D (mip.MTI <- 0b1, mip.STI <- 0b0)
mem[X,0x00000000800000E8] -> 0xD113
mem[X,0x00000000800000EA] -> 0x0070
[58] [M]: 0x00000000800000E8 (0x0070D113) srli x2, x1, 0x7                          rvtest_init+232
x2 <- 0x01FDDB7D5BFDDB7D

mem[X,0x00000000800000EC] -> 0xD793
mem[X,0x00000000800000EE] -> 0x0390
[59] [M]: 0x00000000800000EC (0x0390D793) srli x15, x1, 0x39                        rvtest_init+236
x15 <- 0x000000000000007F

clint mtime 0x000000000000001E (mip.MTI <- 0b1, mip.STI <- 0b0)
mem[X,0x00000000800000F0] -> 0x6133
mem[X,0x00000000800000F2] -> 0x00F1
[60] [M]: 0x00000000800000F0 (0x00F16133) or x2, x2, x15                            rvtest_init+240
x2 <- 0x01FDDB7D5BFDDB7F

mem[X,0x00000000800000F4] -> 0x5193
mem[X,0x00000000800000F6] -> 0x0071
[61] [M]: 0x00000000800000F4 (0x00715193) srli x3, x2, 0x7                          rvtest_init+244
x3 <- 0x0003FBB6FAB7FBB6

clint mtime 0x000000000000001F (mip.MTI <- 0b1, mip.STI <- 0b0)
mem[X,0x00000000800000F8] -> 0x5793
mem[X,0x00000000800000FA] -> 0x0391
[62] [M]: 0x00000000800000F8 (0x03915793) srli x15, x2, 0x39                        rvtest_init+248
x15 <- 0x0000000000000000

mem[X,0x00000000800000FC] -> 0xE1B3
mem[X,0x00000000800000FE] -> 0x00F1
[63] [M]: 0x00000000800000FC (0x00F1E1B3) or x3, x3, x15                            rvtest_init+252
x3 <- 0x0003FBB6FAB7FBB6

clint mtime 0x0000000000000020 (mip.MTI <- 0b1, mip.STI <- 0b0)
mem[X,0x0000000080000100] -> 0xD213
mem[X,0x0000000080000102] -> 0x0071
[64] [M]: 0x0000000080000100 (0x0071D213) srli x4, x3, 0x7                          rvtest_init+256
x4 <- 0x000007F76DF56FF7

mem[X,0x0000000080000104] -> 0xD793
mem[X,0x0000000080000106] -> 0x0391
[65] [M]: 0x0000000080000104 (0x0391D793) srli x15, x3, 0x39                        rvtest_init+260
x15 <- 0x0000000000000000

clint mtime 0x0000000000000021 (mip.MTI <- 0b1, mip.STI <- 0b0)
mem[X,0x0000000080000108] -> 0x6233
mem[X,0x000000008000010A] -> 0x00F2
[66] [M]: 0x0000000080000108 (0x00F26233) or x4, x4, x15                            rvtest_init+264
x4 <- 0x000007F76DF56FF7

mem[X,0x000000008000010C] -> 0x5293
mem[X,0x000000008000010E] -> 0x0072
[67] [M]: 0x000000008000010C (0x00725293) srli x5, x4, 0x7                          rvtest_init+268
x5 <- 0x0000000FEEDBEADF

clint mtime 0x0000000000000022 (mip.MTI <- 0b1, mip.STI <- 0b0)
mem[X,0x0000000080000110] -> 0x5793
mem[X,0x0000000080000112] -> 0x0392
[68] [M]: 0x0000000080000110 (0x03925793) srli x15, x4, 0x39                        rvtest_init+272
x15 <- 0x0000000000000000

mem[X,0x0000000080000114] -> 0xE2B3
mem[X,0x0000000080000116] -> 0x00F2
[69] [M]: 0x0000000080000114 (0x00F2E2B3) or x5, x5, x15                            rvtest_init+276
x5 <- 0x0000000FEEDBEADF

clint mtime 0x0000000000000023 (mip.MTI <- 0b1, mip.STI <- 0b0)
mem[X,0x0000000080000118] -> 0xD313
mem[X,0x000000008000011A] -> 0x0072
[70] [M]: 0x0000000080000118 (0x0072D313) srli x6, x5, 0x7                          rvtest_init+280
x6 <- 0x000000001FDDB7D5

mem[X,0x000000008000011C] -> 0xD793
mem[X,0x000000008000011E] -> 0x0392
[71] [M]: 0x000000008000011C (0x0392D793) srli x15, x5, 0x39                        rvtest_init+284
x15 <- 0x0000000000000000

clint mtime 0x0000000000000024 (mip.MTI <- 0b1, mip.STI <- 0b0)
mem[X,0x0000000080000120] -> 0x6333
mem[X,0x0000000080000122] -> 0x00F3
[72] [M]: 0x0000000080000120 (0x00F36333) or x6, x6, x15                            rvtest_init+288
x6 <- 0x000000001FDDB7D5

mem[X,0x0000000080000124] -> 0x5393
mem[X,0x0000000080000126] -> 0x0073
[73] [M]: 0x0000000080000124 (0x00735393) srli x7, x6, 0x7                          rvtest_init+292
x7 <- 0x00000000003FBB6F

clint mtime 0x0000000000000025 (mip.MTI <- 0b1, mip.STI <- 0b0)
mem[X,0x0000000080000128] -> 0x5793
mem[X,0x000000008000012A] -> 0x0393
[74] [M]: 0x0000000080000128 (0x03935793) srli x15, x6, 0x39                        rvtest_init+296
x15 <- 0x0000000000000000

mem[X,0x000000008000012C] -> 0xE3B3
mem[X,0x000000008000012E] -> 0x00F3
[75] [M]: 0x000000008000012C (0x00F3E3B3) or x7, x7, x15                            rvtest_init+300
x7 <- 0x00000000003FBB6F

clint mtime 0x0000000000000026 (mip.MTI <- 0b1, mip.STI <- 0b0)
mem[X,0x0000000080000130] -> 0xD413
mem[X,0x0000000080000132] -> 0x0073
[76] [M]: 0x0000000080000130 (0x0073D413) srli x8, x7, 0x7                          rvtest_init+304
x8 <- 0x0000000000007F76

mem[X,0x0000000080000134] -> 0xD793
mem[X,0x0000000080000136] -> 0x0393
[77] [M]: 0x0000000080000134 (0x0393D793) srli x15, x7, 0x39                        rvtest_init+308
x15 <- 0x0000000000000000

clint mtime 0x0000000000000027 (mip.MTI <- 0b1, mip.STI <- 0b0)
mem[X,0x0000000080000138] -> 0x6433
mem[X,0x000000008000013A] -> 0x00F4
[78] [M]: 0x0000000080000138 (0x00F46433) or x8, x8, x15                            rvtest_init+312
x8 <- 0x0000000000007F76

mem[X,0x000000008000013C] -> 0x5493
mem[X,0x000000008000013E] -> 0x0074
[79] [M]: 0x000000008000013C (0x00745493) srli x9, x8, 0x7                          rvtest_init+316
x9 <- 0x00000000000000FE

clint mtime 0x0000000000000028 (mip.MTI <- 0b1, mip.STI <- 0b0)
mem[X,0x0000000080000140] -> 0x5793
mem[X,0x0000000080000142] -> 0x0394
[80] [M]: 0x0000000080000140 (0x03945793) srli x15, x8, 0x39                        rvtest_init+320
x15 <- 0x0000000000000000

mem[X,0x0000000080000144] -> 0xE4B3
mem[X,0x0000000080000146] -> 0x00F4
[81] [M]: 0x0000000080000144 (0x00F4E4B3) or x9, x9, x15                            rvtest_init+324
x9 <- 0x00000000000000FE

clint mtime 0x0000000000000029 (mip.MTI <- 0b1, mip.STI <- 0b0)
mem[X,0x0000000080000148] -> 0xD513
mem[X,0x000000008000014A] -> 0x0074
[82] [M]: 0x0000000080000148 (0x0074D513) srli x10, x9, 0x7                         rvtest_init+328
x10 <- 0x0000000000000001

mem[X,0x000000008000014C] -> 0xD793
mem[X,0x000000008000014E] -> 0x0394
[83] [M]: 0x000000008000014C (0x0394D793) srli x15, x9, 0x39                        rvtest_init+332
x15 <- 0x0000000000000000

clint mtime 0x000000000000002A (mip.MTI <- 0b1, mip.STI <- 0b0)
mem[X,0x0000000080000150] -> 0x6533
mem[X,0x0000000080000152] -> 0x00F5
[84] [M]: 0x0000000080000150 (0x00F56533) or x10, x10, x15                          rvtest_init+336
x10 <- 0x0000000000000001

mem[X,0x0000000080000154] -> 0x5593
mem[X,0x0000000080000156] -> 0x0075
[85] [M]: 0x0000000080000154 (0x00755593) srli x11, x10, 0x7                        rvtest_init+340
x11 <- 0x0000000000000000

clint mtime 0x000000000000002B (mip.MTI <- 0b1, mip.STI <- 0b0)
mem[X,0x0000000080000158] -> 0x5793
mem[X,0x000000008000015A] -> 0x0395
[86] [M]: 0x0000000080000158 (0x03955793) srli x15, x10, 0x39                       rvtest_init+344
x15 <- 0x0000000000000000

mem[X,0x000000008000015C] -> 0xE5B3
mem[X,0x000000008000015E] -> 0x00F5
[87] [M]: 0x000000008000015C (0x00F5E5B3) or x11, x11, x15                          rvtest_init+348
x11 <- 0x0000000000000000

clint mtime 0x000000000000002C (mip.MTI <- 0b1, mip.STI <- 0b0)
mem[X,0x0000000080000160] -> 0xD613
mem[X,0x0000000080000162] -> 0x0075
[88] [M]: 0x0000000080000160 (0x0075D613) srli x12, x11, 0x7                        rvtest_init+352
x12 <- 0x0000000000000000

mem[X,0x0000000080000164] -> 0xD793
mem[X,0x0000000080000166] -> 0x0395
[89] [M]: 0x0000000080000164 (0x0395D793) srli x15, x11, 0x39                       rvtest_init+356
x15 <- 0x0000000000000000

clint mtime 0x000000000000002D (mip.MTI <- 0b1, mip.STI <- 0b0)
mem[X,0x0000000080000168] -> 0x6633
mem[X,0x000000008000016A] -> 0x00F6
[90] [M]: 0x0000000080000168 (0x00F66633) or x12, x12, x15                          rvtest_init+360
x12 <- 0x0000000000000000

mem[X,0x000000008000016C] -> 0x5693
mem[X,0x000000008000016E] -> 0x0076
[91] [M]: 0x000000008000016C (0x00765693) srli x13, x12, 0x7                        rvtest_init+364
x13 <- 0x0000000000000000

clint mtime 0x000000000000002E (mip.MTI <- 0b1, mip.STI <- 0b0)
mem[X,0x0000000080000170] -> 0x5793
mem[X,0x0000000080000172] -> 0x0396
[92] [M]: 0x0000000080000170 (0x03965793) srli x15, x12, 0x39                       rvtest_init+368
x15 <- 0x0000000000000000

mem[X,0x0000000080000174] -> 0xE6B3
mem[X,0x0000000080000176] -> 0x00F6
[93] [M]: 0x0000000080000174 (0x00F6E6B3) or x13, x13, x15                          rvtest_init+372
x13 <- 0x0000000000000000

clint mtime 0x000000000000002F (mip.MTI <- 0b1, mip.STI <- 0b0)
mem[X,0x0000000080000178] -> 0x0013
mem[X,0x000000008000017A] -> 0x0000
[94] [M]: 0x0000000080000178 (0x00000013) addi x0, x0, 0x0                          rvtest_code_begin+0

mem[X,0x000000008000017C] -> 0x0013
mem[X,0x000000008000017E] -> 0x0000
[95] [M]: 0x000000008000017C (0x00000013) addi x0, x0, 0x0                          rvtest_code_begin+4

clint mtime 0x0000000000000030 (mip.MTI <- 0b1, mip.STI <- 0b0)
mem[X,0x0000000080000180] -> 0x3117
mem[X,0x0000000080000182] -> 0x0000
[96] [M]: 0x0000000080000180 (0x00003117) auipc x2, 0x3                             rvtest_code_begin+8
x2 <- 0x0000000080003180

mem[X,0x0000000080000184] -> 0x0113
mem[X,0x0000000080000186] -> 0xF981
[97] [M]: 0x0000000080000184 (0xF9810113) addi x2, x2, -0x68                        rvtest_code_begin+12
x2 <- 0x0000000080003118

clint mtime 0x0000000000000031 (mip.MTI <- 0b1, mip.STI <- 0b0)
mem[X,0x0000000080000188] -> 0x0013
mem[X,0x000000008000018A] -> 0x0000
[98] [M]: 0x0000000080000188 (0x00000013) addi x0, x0, 0x0                          rvtest_code_begin+16

mem[X,0x000000008000018C] -> 0x0013
mem[X,0x000000008000018E] -> 0x0000
[99] [M]: 0x000000008000018C (0x00000013) addi x0, x0, 0x0                          rvtest_code_begin+20

clint mtime 0x0000000000000032 (mip.MTI <- 0b1, mip.STI <- 0b0)
mem[X,0x0000000080000190] -> 0x0013
mem[X,0x0000000080000192] -> 0x0000
[100] [M]: 0x0000000080000190 (0x00000013) addi x0, x0, 0x0                         rvtest_code_begin+24

mem[X,0x0000000080000194] -> 0x0013
mem[X,0x0000000080000196] -> 0x0000
[101] [M]: 0x0000000080000194 (0x00000013) addi x0, x0, 0x0                         rvtest_code_begin+28

clint mtime 0x0000000000000033 (mip.MTI <- 0b1, mip.STI <- 0b0)
mem[X,0x0000000080000198] -> 0x0013
mem[X,0x000000008000019A] -> 0x0000
[102] [M]: 0x0000000080000198 (0x00000013) addi x0, x0, 0x0                         rvtest_code_begin+32

mem[X,0x000000008000019C] -> 0x0013
mem[X,0x000000008000019E] -> 0x0000
[103] [M]: 0x000000008000019C (0x00000013) addi x0, x0, 0x0                         rvtest_code_begin+36

clint mtime 0x0000000000000034 (mip.MTI <- 0b1, mip.STI <- 0b0)
mem[X,0x00000000800001A0] -> 0x0317
mem[X,0x00000000800001A2] -> 0x0000
[104] [M]: 0x00000000800001A0 (0x00000317) auipc x6, 0x0                            inst_0+0
x6 <- 0x00000000800001A0

mem[X,0x00000000800001A4] -> 0x0313
mem[X,0x00000000800001A6] -> 0x0083
[105] [M]: 0x00000000800001A4 (0x00830313) addi x6, x6, 0x8                         inst_0+4
x6 <- 0x00000000800001A8

clint mtime 0x0000000000000035 (mip.MTI <- 0b1, mip.STI <- 0b0)
mem[X,0x00000000800001A8] -> 0x0A17
mem[X,0x00000000800001AA] -> 0x0000
[106] [M]: 0x00000000800001A8 (0x00000A17) auipc x20, 0x0                           inst_0+8
x20 <- 0x00000000800001A8

mem[X,0x00000000800001AC] -> 0x0A33
mem[X,0x00000000800001AE] -> 0x406A
[107] [M]: 0x00000000800001AC (0x406A0A33) sub x20, x20, x6                         inst_0+12
x20 <- 0x0000000000000000

clint mtime 0x0000000000000036 (mip.MTI <- 0b1, mip.STI <- 0b0)
mem[X,0x00000000800001B0] -> 0x0313
mem[X,0x00000000800001B2] -> 0x0000
[108] [M]: 0x00000000800001B0 (0x00000313) addi x6, x0, 0x0                         inst_0+16
x6 <- 0x0000000000000000

mem[X,0x00000000800001B4] -> 0x3023
mem[X,0x00000000800001B6] -> 0x0141
[109] [M]: 0x00000000800001B4 (0x01413023) sd x20, 0x0(x2)                          inst_0+20
mem[W,0x0000000080003118] <- 0x0000000000000000

clint mtime 0x0000000000000037 (mip.MTI <- 0b1, mip.STI <- 0b0)
mem[X,0x00000000800001B8] -> 0x0317
mem[X,0x00000000800001BA] -> 0x0000
[110] [M]: 0x00000000800001B8 (0x00000317) auipc x6, 0x0                            inst_1+0
x6 <- 0x00000000800001B8

mem[X,0x00000000800001BC] -> 0x0313
mem[X,0x00000000800001BE] -> 0x0083
[111] [M]: 0x00000000800001BC (0x00830313) addi x6, x6, 0x8                         inst_1+4
x6 <- 0x00000000800001C0

clint mtime 0x0000000000000038 (mip.MTI <- 0b1, mip.STI <- 0b0)
mem[X,0x00000000800001C0] -> 0xF917
mem[X,0x00000000800001C2] -> 0xFFDF
[112] [M]: 0x00000000800001C0 (0xFFDFF917) auipc x18, -0x201                        inst_1+8
x18 <- 0x000000007FDFF1C0

mem[X,0x00000000800001C4] -> 0x0933
mem[X,0x00000000800001C6] -> 0x4069
[113] [M]: 0x00000000800001C4 (0x40690933) sub x18, x18, x6                         inst_1+12
x18 <- 0xFFFFFFFFFFDFF000

clint mtime 0x0000000000000039 (mip.MTI <- 0b1, mip.STI <- 0b0)
mem[X,0x00000000800001C8] -> 0x0313
mem[X,0x00000000800001CA] -> 0x0000
[114] [M]: 0x00000000800001C8 (0x00000313) addi x6, x0, 0x0                         inst_1+16
x6 <- 0x0000000000000000

mem[X,0x00000000800001CC] -> 0x3423
mem[X,0x00000000800001CE] -> 0x0121
[115] [M]: 0x00000000800001CC (0x01213423) sd x18, 0x8(x2)                          inst_1+20
mem[W,0x0000000080003120] <- 0xFFFFFFFFFFDFF000

clint mtime 0x000000000000003A (mip.MTI <- 0b1, mip.STI <- 0b0)
mem[X,0x00000000800001D0] -> 0x0317
mem[X,0x00000000800001D2] -> 0x0000
[116] [M]: 0x00000000800001D0 (0x00000317) auipc x6, 0x0                            inst_2+0
x6 <- 0x00000000800001D0

mem[X,0x00000000800001D4] -> 0x0313
mem[X,0x00000000800001D6] -> 0x0083
[117] [M]: 0x00000000800001D4 (0x00830313) addi x6, x6, 0x8                         inst_2+4
x6 <- 0x00000000800001D8

clint mtime 0x000000000000003B (mip.MTI <- 0b1, mip.STI <- 0b0)
mem[X,0x00000000800001D8] -> 0xF397
mem[X,0x00000000800001DA] -> 0xFFFF
[118] [M]: 0x00000000800001D8 (0xFFFFF397) auipc x7, -0x1                           inst_2+8
x7 <- 0x000000007FFFF1D8

mem[X,0x00000000800001DC] -> 0x83B3
mem[X,0x00000000800001DE] -> 0x4063
[119] [M]: 0x00000000800001DC (0x406383B3) sub x7, x7, x6                           inst_2+12
x7 <- 0xFFFFFFFFFFFFF000

clint mtime 0x000000000000003C (mip.MTI <- 0b1, mip.STI <- 0b0)
mem[X,0x00000000800001E0] -> 0x0313
mem[X,0x00000000800001E2] -> 0x0000
[120] [M]: 0x00000000800001E0 (0x00000313) addi x6, x0, 0x0                         inst_2+16
x6 <- 0x0000000000000000

mem[X,0x00000000800001E4] -> 0x3823
mem[X,0x00000000800001E6] -> 0x0071
[121] [M]: 0x00000000800001E4 (0x00713823) sd x7, 0x10(x2)                          inst_2+20
mem[W,0x0000000080003128] <- 0xFFFFFFFFFFFFF000

clint mtime 0x000000000000003D (mip.MTI <- 0b1, mip.STI <- 0b0)
mem[X,0x00000000800001E8] -> 0x0317
mem[X,0x00000000800001EA] -> 0x0000
[122] [M]: 0x00000000800001E8 (0x00000317) auipc x6, 0x0                            inst_3+0
x6 <- 0x00000000800001E8

mem[X,0x00000000800001EC] -> 0x0313
mem[X,0x00000000800001EE] -> 0x0083
[123] [M]: 0x00000000800001EC (0x00830313) addi x6, x6, 0x8                         inst_3+4
x6 <- 0x00000000800001F0

clint mtime 0x000000000000003E (mip.MTI <- 0b1, mip.STI <- 0b0)
mem[X,0x00000000800001F0] -> 0x3B97
mem[X,0x00000000800001F2] -> 0x0000
[124] [M]: 0x00000000800001F0 (0x00003B97) auipc x23, 0x3                           inst_3+8
x23 <- 0x00000000800031F0

mem[X,0x00000000800001F4] -> 0x8BB3
mem[X,0x00000000800001F6] -> 0x406B
[125] [M]: 0x00000000800001F4 (0x406B8BB3) sub x23, x23, x6                         inst_3+12
x23 <- 0x0000000000003000

clint mtime 0x000000000000003F (mip.MTI <- 0b1, mip.STI <- 0b0)
mem[X,0x00000000800001F8] -> 0x0313
mem[X,0x00000000800001FA] -> 0x0000
[126] [M]: 0x00000000800001F8 (0x00000313) addi x6, x0, 0x0                         inst_3+16
x6 <- 0x0000000000000000

mem[X,0x00000000800001FC] -> 0x3C23
mem[X,0x00000000800001FE] -> 0x0171
[127] [M]: 0x00000000800001FC (0x01713C23) sd x23, 0x18(x2)                         inst_3+20
mem[W,0x0000000080003130] <- 0x0000000000003000

clint mtime 0x0000000000000040 (mip.MTI <- 0b1, mip.STI <- 0b0)
mem[X,0x0000000080000200] -> 0x0317
mem[X,0x0000000080000202] -> 0x0000
[128] [M]: 0x0000000080000200 (0x00000317) auipc x6, 0x0                            inst_4+0
x6 <- 0x0000000080000200

mem[X,0x0000000080000204] -> 0x0313
mem[X,0x0000000080000206] -> 0x0083
[129] [M]: 0x0000000080000204 (0x00830313) addi x6, x6, 0x8                         inst_4+4
x6 <- 0x0000000080000208

clint mtime 0x0000000000000041 (mip.MTI <- 0b1, mip.STI <- 0b0)
mem[X,0x0000000080000208] -> 0x5417
mem[X,0x000000008000020A] -> 0x5555
[130] [M]: 0x0000000080000208 (0x55555417) auipc x8, 0x55555                        inst_4+8
x8 <- 0x00000000D5555208

mem[X,0x000000008000020C] -> 0x0433
mem[X,0x000000008000020E] -> 0x4064
[131] [M]: 0x000000008000020C (0x40640433) sub x8, x8, x6                           inst_4+12
x8 <- 0x0000000055555000

clint mtime 0x0000000000000042 (mip.MTI <- 0b1, mip.STI <- 0b0)
mem[X,0x0000000080000210] -> 0x0313
mem[X,0x0000000080000212] -> 0x0000
[132] [M]: 0x0000000080000210 (0x00000313) addi x6, x0, 0x0                         inst_4+16
x6 <- 0x0000000000000000

mem[X,0x0000000080000214] -> 0x3023
mem[X,0x0000000080000216] -> 0x0281
[133] [M]: 0x0000000080000214 (0x02813023) sd x8, 0x20(x2)                          inst_4+20
mem[W,0x0000000080003138] <- 0x0000000055555000

clint mtime 0x0000000000000043 (mip.MTI <- 0b1, mip.STI <- 0b0)
mem[X,0x0000000080000218] -> 0x0317
mem[X,0x000000008000021A] -> 0x0000
[134] [M]: 0x0000000080000218 (0x00000317) auipc x6, 0x0                            inst_5+0
x6 <- 0x0000000080000218

mem[X,0x000000008000021C] -> 0x0313
mem[X,0x000000008000021E] -> 0x0083
[135] [M]: 0x000000008000021C (0x00830313) addi x6, x6, 0x8                         inst_5+4
x6 <- 0x0000000080000220

clint mtime 0x0000000000000044 (mip.MTI <- 0b1, mip.STI <- 0b0)
mem[X,0x0000000080000220] -> 0xA797
mem[X,0x0000000080000222] -> 0xAAAA
[136] [M]: 0x0000000080000220 (0xAAAAA797) auipc x15, -0x55556                      inst_5+8
x15 <- 0x000000002AAAA220

mem[X,0x0000000080000224] -> 0x87B3
mem[X,0x0000000080000226] -> 0x4067
[137] [M]: 0x0000000080000224 (0x406787B3) sub x15, x15, x6                         inst_5+12
x15 <- 0xFFFFFFFFAAAAA000

clint mtime 0x0000000000000045 (mip.MTI <- 0b1, mip.STI <- 0b0)
mem[X,0x0000000080000228] -> 0x0313
mem[X,0x000000008000022A] -> 0x0000
[138] [M]: 0x0000000080000228 (0x00000313) addi x6, x0, 0x0                         inst_5+16
x6 <- 0x0000000000000000

mem[X,0x000000008000022C] -> 0x3423
mem[X,0x000000008000022E] -> 0x02F1
[139] [M]: 0x000000008000022C (0x02F13423) sd x15, 0x28(x2)                         inst_5+20
mem[W,0x0000000080003140] <- 0xFFFFFFFFAAAAA000

clint mtime 0x0000000000000046 (mip.MTI <- 0b1, mip.STI <- 0b0)
mem[X,0x0000000080000230] -> 0x0317
mem[X,0x0000000080000232] -> 0x0000
[140] [M]: 0x0000000080000230 (0x00000317) auipc x6, 0x0                            inst_6+0
x6 <- 0x0000000080000230

mem[X,0x0000000080000234] -> 0x0313
mem[X,0x0000000080000236] -> 0x0083
[141] [M]: 0x0000000080000234 (0x00830313) addi x6, x6, 0x8                         inst_6+4
x6 <- 0x0000000080000238

clint mtime 0x0000000000000047 (mip.MTI <- 0b1, mip.STI <- 0b0)
mem[X,0x0000000080000238] -> 0x5097
mem[X,0x000000008000023A] -> 0x0000
[142] [M]: 0x0000000080000238 (0x00005097) auipc x1, 0x5                            inst_6+8
x1 <- 0x0000000080005238

mem[X,0x000000008000023C] -> 0x80B3
mem[X,0x000000008000023E] -> 0x4060
[143] [M]: 0x000000008000023C (0x406080B3) sub x1, x1, x6                           inst_6+12
x1 <- 0x0000000000005000

clint mtime 0x0000000000000048 (mip.MTI <- 0b1, mip.STI <- 0b0)
mem[X,0x0000000080000240] -> 0x0313
mem[X,0x0000000080000242] -> 0x0000
[144] [M]: 0x0000000080000240 (0x00000313) addi x6, x0, 0x0                         inst_6+16
x6 <- 0x0000000000000000

mem[X,0x0000000080000244] -> 0x3823
mem[X,0x0000000080000246] -> 0x0211
[145] [M]: 0x0000000080000244 (0x02113823) sd x1, 0x30(x2)                          inst_6+20
mem[W,0x0000000080003148] <- 0x0000000000005000

clint mtime 0x0000000000000049 (mip.MTI <- 0b1, mip.STI <- 0b0)
mem[X,0x0000000080000248] -> 0x0317
mem[X,0x000000008000024A] -> 0x0000
[146] [M]: 0x0000000080000248 (0x00000317) auipc x6, 0x0                            inst_7+0
x6 <- 0x0000000080000248

mem[X,0x000000008000024C] -> 0x0313
mem[X,0x000000008000024E] -> 0x0083
[147] [M]: 0x000000008000024C (0x00830313) addi x6, x6, 0x8                         inst_7+4
x6 <- 0x0000000080000250

clint mtime 0x000000000000004A (mip.MTI <- 0b1, mip.STI <- 0b0)
mem[X,0x0000000080000250] -> 0x3597
mem[X,0x0000000080000252] -> 0x3333
[148] [M]: 0x0000000080000250 (0x33333597) auipc x11, 0x33333                       inst_7+8
x11 <- 0x00000000B3333250

mem[X,0x0000000080000254] -> 0x85B3
mem[X,0x0000000080000256] -> 0x4065
[149] [M]: 0x0000000080000254 (0x406585B3) sub x11, x11, x6                         inst_7+12
x11 <- 0x0000000033333000

clint mtime 0x000000000000004B (mip.MTI <- 0b1, mip.STI <- 0b0)
mem[X,0x0000000080000258] -> 0x0313
mem[X,0x000000008000025A] -> 0x0000
[150] [M]: 0x0000000080000258 (0x00000313) addi x6, x0, 0x0                         inst_7+16
x6 <- 0x0000000000000000

mem[X,0x000000008000025C] -> 0x3C23
mem[X,0x000000008000025E] -> 0x02B1
[151] [M]: 0x000000008000025C (0x02B13C23) sd x11, 0x38(x2)                         inst_7+20
mem[W,0x0000000080003150] <- 0x0000000033333000

clint mtime 0x000000000000004C (mip.MTI <- 0b1, mip.STI <- 0b0)
mem[X,0x0000000080000260] -> 0x0317
mem[X,0x0000000080000262] -> 0x0000
[152] [M]: 0x0000000080000260 (0x00000317) auipc x6, 0x0                            inst_8+0
x6 <- 0x0000000080000260

mem[X,0x0000000080000264] -> 0x0313
mem[X,0x0000000080000266] -> 0x0083
[153] [M]: 0x0000000080000264 (0x00830313) addi x6, x6, 0x8                         inst_8+4
x6 <- 0x0000000080000268

clint mtime 0x000000000000004D (mip.MTI <- 0b1, mip.STI <- 0b0)
mem[X,0x0000000080000268] -> 0x6517
mem[X,0x000000008000026A] -> 0x6666
[154] [M]: 0x0000000080000268 (0x66666517) auipc x10, 0x66666                       inst_8+8
x10 <- 0x00000000E6666268

mem[X,0x000000008000026C] -> 0x0533
mem[X,0x000000008000026E] -> 0x4065
[155] [M]: 0x000000008000026C (0x40650533) sub x10, x10, x6                         inst_8+12
x10 <- 0x0000000066666000

clint mtime 0x000000000000004E (mip.MTI <- 0b1, mip.STI <- 0b0)
mem[X,0x0000000080000270] -> 0x0313
mem[X,0x0000000080000272] -> 0x0000
[156] [M]: 0x0000000080000270 (0x00000313) addi x6, x0, 0x0                         inst_8+16
x6 <- 0x0000000000000000

mem[X,0x0000000080000274] -> 0x3023
mem[X,0x0000000080000276] -> 0x04A1
[157] [M]: 0x0000000080000274 (0x04A13023) sd x10, 0x40(x2)                         inst_8+20
mem[W,0x0000000080003158] <- 0x0000000066666000

clint mtime 0x000000000000004F (mip.MTI <- 0b1, mip.STI <- 0b0)
mem[X,0x0000000080000278] -> 0x0317
mem[X,0x000000008000027A] -> 0x0000
[158] [M]: 0x0000000080000278 (0x00000317) auipc x6, 0x0                            inst_9+0
x6 <- 0x0000000080000278

mem[X,0x000000008000027C] -> 0x0313
mem[X,0x000000008000027E] -> 0x0083
[159] [M]: 0x000000008000027C (0x00830313) addi x6, x6, 0x8                         inst_9+4
x6 <- 0x0000000080000280

clint mtime 0x0000000000000050 (mip.MTI <- 0b1, mip.STI <- 0b0)
mem[X,0x0000000080000280] -> 0x4997
mem[X,0x0000000080000282] -> 0x002D
[160] [M]: 0x0000000080000280 (0x002D4997) auipc x19, 0x2d4                         inst_9+8
x19 <- 0x00000000802D4280

mem[X,0x0000000080000284] -> 0x89B3
mem[X,0x0000000080000286] -> 0x4069
[161] [M]: 0x0000000080000284 (0x406989B3) sub x19, x19, x6                         inst_9+12
x19 <- 0x00000000002D4000

clint mtime 0x0000000000000051 (mip.MTI <- 0b1, mip.STI <- 0b0)
mem[X,0x0000000080000288] -> 0x0313
mem[X,0x000000008000028A] -> 0x0000
[162] [M]: 0x0000000080000288 (0x00000313) addi x6, x0, 0x0                         inst_9+16
x6 <- 0x0000000000000000

mem[X,0x000000008000028C] -> 0x3423
mem[X,0x000000008000028E] -> 0x0531
[163] [M]: 0x000000008000028C (0x05313423) sd x19, 0x48(x2)                         inst_9+20
mem[W,0x0000000080003160] <- 0x00000000002D4000

clint mtime 0x0000000000000052 (mip.MTI <- 0b1, mip.STI <- 0b0)
mem[X,0x0000000080000290] -> 0x0317
mem[X,0x0000000080000292] -> 0x0000
[164] [M]: 0x0000000080000290 (0x00000317) auipc x6, 0x0                            inst_10+0
x6 <- 0x0000000080000290

mem[X,0x0000000080000294] -> 0x0313
mem[X,0x0000000080000296] -> 0x0083
[165] [M]: 0x0000000080000294 (0x00830313) addi x6, x6, 0x8                         inst_10+4
x6 <- 0x0000000080000298

clint mtime 0x0000000000000053 (mip.MTI <- 0b1, mip.STI <- 0b0)
mem[X,0x0000000080000298] -> 0xFD97
mem[X,0x000000008000029A] -> 0x003F
[166] [M]: 0x0000000080000298 (0x003FFD97) auipc x27, 0x3ff                         inst_10+8
x27 <- 0x00000000803FF298

mem[X,0x000000008000029C] -> 0x8DB3
mem[X,0x000000008000029E] -> 0x406D
[167] [M]: 0x000000008000029C (0x406D8DB3) sub x27, x27, x6                         inst_10+12
x27 <- 0x00000000003FF000

clint mtime 0x0000000000000054 (mip.MTI <- 0b1, mip.STI <- 0b0)
mem[X,0x00000000800002A0] -> 0x0313
mem[X,0x00000000800002A2] -> 0x0000
[168] [M]: 0x00000000800002A0 (0x00000313) addi x6, x0, 0x0                         inst_10+16
x6 <- 0x0000000000000000

mem[X,0x00000000800002A4] -> 0x3823
mem[X,0x00000000800002A6] -> 0x05B1
[169] [M]: 0x00000000800002A4 (0x05B13823) sd x27, 0x50(x2)                         inst_10+20
mem[W,0x0000000080003168] <- 0x00000000003FF000

clint mtime 0x0000000000000055 (mip.MTI <- 0b1, mip.STI <- 0b0)
mem[X,0x00000000800002A8] -> 0x0317
mem[X,0x00000000800002AA] -> 0x0000
[170] [M]: 0x00000000800002A8 (0x00000317) auipc x6, 0x0                            inst_11+0
x6 <- 0x00000000800002A8

mem[X,0x00000000800002AC] -> 0x0313
mem[X,0x00000000800002AE] -> 0x0083
[171] [M]: 0x00000000800002AC (0x00830313) addi x6, x6, 0x8                         inst_11+4
x6 <- 0x00000000800002B0

clint mtime 0x0000000000000056 (mip.MTI <- 0b1, mip.STI <- 0b0)
mem[X,0x00000000800002B0] -> 0x2D17
mem[X,0x00000000800002B2] -> 0x0000
[172] [M]: 0x00000000800002B0 (0x00002D17) auipc x26, 0x2                           inst_11+8
x26 <- 0x00000000800022B0

mem[X,0x00000000800002B4] -> 0x0D33
mem[X,0x00000000800002B6] -> 0x406D
[173] [M]: 0x00000000800002B4 (0x406D0D33) sub x26, x26, x6                         inst_11+12
x26 <- 0x0000000000002000

clint mtime 0x0000000000000057 (mip.MTI <- 0b1, mip.STI <- 0b0)
mem[X,0x00000000800002B8] -> 0x0313
mem[X,0x00000000800002BA] -> 0x0000
[174] [M]: 0x00000000800002B8 (0x00000313) addi x6, x0, 0x0                         inst_11+16
x6 <- 0x0000000000000000

mem[X,0x00000000800002BC] -> 0x3C23
mem[X,0x00000000800002BE] -> 0x05A1
[175] [M]: 0x00000000800002BC (0x05A13C23) sd x26, 0x58(x2)                         inst_11+20
mem[W,0x0000000080003170] <- 0x0000000000002000

clint mtime 0x0000000000000058 (mip.MTI <- 0b1, mip.STI <- 0b0)
mem[X,0x00000000800002C0] -> 0x0317
mem[X,0x00000000800002C2] -> 0x0000
[176] [M]: 0x00000000800002C0 (0x00000317) auipc x6, 0x0                            inst_12+0
x6 <- 0x00000000800002C0

mem[X,0x00000000800002C4] -> 0x0313
mem[X,0x00000000800002C6] -> 0x0083
[177] [M]: 0x00000000800002C4 (0x00830313) addi x6, x6, 0x8                         inst_12+4
x6 <- 0x00000000800002C8

clint mtime 0x0000000000000059 (mip.MTI <- 0b1, mip.STI <- 0b0)
mem[X,0x00000000800002C8] -> 0x4F17
mem[X,0x00000000800002CA] -> 0x5555
[178] [M]: 0x00000000800002C8 (0x55554F17) auipc x30, 0x55554                       inst_12+8
x30 <- 0x00000000D55542C8

mem[X,0x00000000800002CC] -> 0x0F33
mem[X,0x00000000800002CE] -> 0x406F
[179] [M]: 0x00000000800002CC (0x406F0F33) sub x30, x30, x6                         inst_12+12
x30 <- 0x0000000055554000

clint mtime 0x000000000000005A (mip.MTI <- 0b1, mip.STI <- 0b0)
mem[X,0x00000000800002D0] -> 0x0313
mem[X,0x00000000800002D2] -> 0x0000
[180] [M]: 0x00000000800002D0 (0x00000313) addi x6, x0, 0x0                         inst_12+16
x6 <- 0x0000000000000000

mem[X,0x00000000800002D4] -> 0x3023
mem[X,0x00000000800002D6] -> 0x07E1
[181] [M]: 0x00000000800002D4 (0x07E13023) sd x30, 0x60(x2)                         inst_12+20
mem[W,0x0000000080003178] <- 0x0000000055554000

clint mtime 0x000000000000005B (mip.MTI <- 0b1, mip.STI <- 0b0)
mem[X,0x00000000800002D8] -> 0x0317
mem[X,0x00000000800002DA] -> 0x0000
[182] [M]: 0x00000000800002D8 (0x00000317) auipc x6, 0x0                            inst_13+0
x6 <- 0x00000000800002D8

mem[X,0x00000000800002DC] -> 0x0313
mem[X,0x00000000800002DE] -> 0x0083
[183] [M]: 0x00000000800002DC (0x00830313) addi x6, x6, 0x8                         inst_13+4
x6 <- 0x00000000800002E0

clint mtime 0x000000000000005C (mip.MTI <- 0b1, mip.STI <- 0b0)
mem[X,0x00000000800002E0] -> 0x9197
mem[X,0x00000000800002E2] -> 0xAAAA
[184] [M]: 0x00000000800002E0 (0xAAAA9197) auipc x3, -0x55557                       inst_13+8
x3 <- 0x000000002AAA92E0

mem[X,0x00000000800002E4] -> 0x81B3
mem[X,0x00000000800002E6] -> 0x4061
[185] [M]: 0x00000000800002E4 (0x406181B3) sub x3, x3, x6                           inst_13+12
x3 <- 0xFFFFFFFFAAAA9000

clint mtime 0x000000000000005D (mip.MTI <- 0b1, mip.STI <- 0b0)
mem[X,0x00000000800002E8] -> 0x0313
mem[X,0x00000000800002EA] -> 0x0000
[186] [M]: 0x00000000800002E8 (0x00000313) addi x6, x0, 0x0                         inst_13+16
x6 <- 0x0000000000000000

mem[X,0x00000000800002EC] -> 0x3423
mem[X,0x00000000800002EE] -> 0x0631
[187] [M]: 0x00000000800002EC (0x06313423) sd x3, 0x68(x2)                          inst_13+20
mem[W,0x0000000080003180] <- 0xFFFFFFFFAAAA9000

clint mtime 0x000000000000005E (mip.MTI <- 0b1, mip.STI <- 0b0)
mem[X,0x00000000800002F0] -> 0x0317
mem[X,0x00000000800002F2] -> 0x0000
[188] [M]: 0x00000000800002F0 (0x00000317) auipc x6, 0x0                            inst_14+0
x6 <- 0x00000000800002F0

mem[X,0x00000000800002F4] -> 0x0313
mem[X,0x00000000800002F6] -> 0x0083
[189] [M]: 0x00000000800002F4 (0x00830313) addi x6, x6, 0x8                         inst_14+4
x6 <- 0x00000000800002F8

clint mtime 0x000000000000005F (mip.MTI <- 0b1, mip.STI <- 0b0)
mem[X,0x00000000800002F8] -> 0x4017
mem[X,0x00000000800002FA] -> 0x0000
[190] [M]: 0x00000000800002F8 (0x00004017) auipc x0, 0x4                            inst_14+8

mem[X,0x00000000800002FC] -> 0x0033
mem[X,0x00000000800002FE] -> 0x4060
[191] [M]: 0x00000000800002FC (0x40600033) sub x0, x0, x6                           inst_14+12

clint mtime 0x0000000000000060 (mip.MTI <- 0b1, mip.STI <- 0b0)
mem[X,0x0000000080000300] -> 0x0313
mem[X,0x0000000080000302] -> 0x0000
[192] [M]: 0x0000000080000300 (0x00000313) addi x6, x0, 0x0                         inst_14+16
x6 <- 0x0000000000000000

mem[X,0x0000000080000304] -> 0x3823
mem[X,0x0000000080000306] -> 0x0601
[193] [M]: 0x0000000080000304 (0x06013823) sd x0, 0x70(x2)                          inst_14+20
mem[W,0x0000000080003188] <- 0x0000000000000000

clint mtime 0x0000000000000061 (mip.MTI <- 0b1, mip.STI <- 0b0)
mem[X,0x0000000080000308] -> 0x0317
mem[X,0x000000008000030A] -> 0x0000
[194] [M]: 0x0000000080000308 (0x00000317) auipc x6, 0x0                            inst_15+0
x6 <- 0x0000000080000308

mem[X,0x000000008000030C] -> 0x0313
mem[X,0x000000008000030E] -> 0x0083
[195] [M]: 0x000000008000030C (0x00830313) addi x6, x6, 0x8                         inst_15+4
x6 <- 0x0000000080000310

clint mtime 0x0000000000000062 (mip.MTI <- 0b1, mip.STI <- 0b0)
mem[X,0x0000000080000310] -> 0x2A97
mem[X,0x0000000080000312] -> 0x3333
[196] [M]: 0x0000000080000310 (0x33332A97) auipc x21, 0x33332                       inst_15+8
x21 <- 0x00000000B3332310

mem[X,0x0000000080000314] -> 0x8AB3
mem[X,0x0000000080000316] -> 0x406A
[197] [M]: 0x0000000080000314 (0x406A8AB3) sub x21, x21, x6                         inst_15+12
x21 <- 0x0000000033332000

clint mtime 0x0000000000000063 (mip.MTI <- 0b1, mip.STI <- 0b0)
mem[X,0x0000000080000318] -> 0x0313
mem[X,0x000000008000031A] -> 0x0000
[198] [M]: 0x0000000080000318 (0x00000313) addi x6, x0, 0x0                         inst_15+16
x6 <- 0x0000000000000000

mem[X,0x000000008000031C] -> 0x3C23
mem[X,0x000000008000031E] -> 0x0751
[199] [M]: 0x000000008000031C (0x07513C23) sd x21, 0x78(x2)                         inst_15+20
mem[W,0x0000000080003190] <- 0x0000000033332000

clint mtime 0x0000000000000064 (mip.MTI <- 0b1, mip.STI <- 0b0)
mem[X,0x0000000080000320] -> 0x0317
mem[X,0x0000000080000322] -> 0x0000
[200] [M]: 0x0000000080000320 (0x00000317) auipc x6, 0x0                            inst_16+0
x6 <- 0x0000000080000320

mem[X,0x0000000080000324] -> 0x0313
mem[X,0x0000000080000326] -> 0x0083
[201] [M]: 0x0000000080000324 (0x00830313) addi x6, x6, 0x8                         inst_16+4
x6 <- 0x0000000080000328

clint mtime 0x0000000000000065 (mip.MTI <- 0b1, mip.STI <- 0b0)
mem[X,0x0000000080000328] -> 0x5617
mem[X,0x000000008000032A] -> 0x6666
[202] [M]: 0x0000000080000328 (0x66665617) auipc x12, 0x66665                       inst_16+8
x12 <- 0x00000000E6665328

mem[X,0x000000008000032C] -> 0x0633
mem[X,0x000000008000032E] -> 0x4066
[203] [M]: 0x000000008000032C (0x40660633) sub x12, x12, x6                         inst_16+12
x12 <- 0x0000000066665000

clint mtime 0x0000000000000066 (mip.MTI <- 0b1, mip.STI <- 0b0)
mem[X,0x0000000080000330] -> 0x0313
mem[X,0x0000000080000332] -> 0x0000
[204] [M]: 0x0000000080000330 (0x00000313) addi x6, x0, 0x0                         inst_16+16
x6 <- 0x0000000000000000

mem[X,0x0000000080000334] -> 0x3023
mem[X,0x0000000080000336] -> 0x08C1
[205] [M]: 0x0000000080000334 (0x08C13023) sd x12, 0x80(x2)                         inst_16+20
mem[W,0x0000000080003198] <- 0x0000000066665000

clint mtime 0x0000000000000067 (mip.MTI <- 0b1, mip.STI <- 0b0)
mem[X,0x0000000080000338] -> 0x0317
mem[X,0x000000008000033A] -> 0x0000
[206] [M]: 0x0000000080000338 (0x00000317) auipc x6, 0x0                            inst_17+0
x6 <- 0x0000000080000338

mem[X,0x000000008000033C] -> 0x0313
mem[X,0x000000008000033E] -> 0x0083
[207] [M]: 0x000000008000033C (0x00830313) addi x6, x6, 0x8                         inst_17+4
x6 <- 0x0000000080000340

clint mtime 0x0000000000000068 (mip.MTI <- 0b1, mip.STI <- 0b0)
mem[X,0x0000000080000340] -> 0x3817
mem[X,0x0000000080000342] -> 0x002D
[208] [M]: 0x0000000080000340 (0x002D3817) auipc x16, 0x2d3                         inst_17+8
x16 <- 0x00000000802D3340

mem[X,0x0000000080000344] -> 0x0833
mem[X,0x0000000080000346] -> 0x4068
[209] [M]: 0x0000000080000344 (0x40680833) sub x16, x16, x6                         inst_17+12
x16 <- 0x00000000002D3000

clint mtime 0x0000000000000069 (mip.MTI <- 0b1, mip.STI <- 0b0)
mem[X,0x0000000080000348] -> 0x0313
mem[X,0x000000008000034A] -> 0x0000
[210] [M]: 0x0000000080000348 (0x00000313) addi x6, x0, 0x0                         inst_17+16
x6 <- 0x0000000000000000

mem[X,0x000000008000034C] -> 0x3423
mem[X,0x000000008000034E] -> 0x0901
[211] [M]: 0x000000008000034C (0x09013423) sd x16, 0x88(x2)                         inst_17+20
mem[W,0x00000000800031A0] <- 0x00000000002D3000

clint mtime 0x000000000000006A (mip.MTI <- 0b1, mip.STI <- 0b0)
mem[X,0x0000000080000350] -> 0x0317
mem[X,0x0000000080000352] -> 0x0000
[212] [M]: 0x0000000080000350 (0x00000317) auipc x6, 0x0                            inst_18+0
x6 <- 0x0000000080000350

mem[X,0x0000000080000354] -> 0x0313
mem[X,0x0000000080000356] -> 0x0083
[213] [M]: 0x0000000080000354 (0x00830313) addi x6, x6, 0x8                         inst_18+4
x6 <- 0x0000000080000358

clint mtime 0x000000000000006B (mip.MTI <- 0b1, mip.STI <- 0b0)
mem[X,0x0000000080000358] -> 0xE497
mem[X,0x000000008000035A] -> 0x003F
[214] [M]: 0x0000000080000358 (0x003FE497) auipc x9, 0x3fe                          inst_18+8
x9 <- 0x00000000803FE358

mem[X,0x000000008000035C] -> 0x84B3
mem[X,0x000000008000035E] -> 0x4064
[215] [M]: 0x000000008000035C (0x406484B3) sub x9, x9, x6                           inst_18+12
x9 <- 0x00000000003FE000

clint mtime 0x000000000000006C (mip.MTI <- 0b1, mip.STI <- 0b0)
mem[X,0x0000000080000360] -> 0x0313
mem[X,0x0000000080000362] -> 0x0000
[216] [M]: 0x0000000080000360 (0x00000313) addi x6, x0, 0x0                         inst_18+16
x6 <- 0x0000000000000000

mem[X,0x0000000080000364] -> 0x3823
mem[X,0x0000000080000366] -> 0x0891
[217] [M]: 0x0000000080000364 (0x08913823) sd x9, 0x90(x2)                          inst_18+20
mem[W,0x00000000800031A8] <- 0x00000000003FE000

clint mtime 0x000000000000006D (mip.MTI <- 0b1, mip.STI <- 0b0)
mem[X,0x0000000080000368] -> 0x0317
mem[X,0x000000008000036A] -> 0x0000
[218] [M]: 0x0000000080000368 (0x00000317) auipc x6, 0x0                            inst_19+0
x6 <- 0x0000000080000368

mem[X,0x000000008000036C] -> 0x0313
mem[X,0x000000008000036E] -> 0x0083
[219] [M]: 0x000000008000036C (0x00830313) addi x6, x6, 0x8                         inst_19+4
x6 <- 0x0000000080000370

clint mtime 0x000000000000006E (mip.MTI <- 0b1, mip.STI <- 0b0)
mem[X,0x0000000080000370] -> 0x6217
mem[X,0x0000000080000372] -> 0x5555
[220] [M]: 0x0000000080000370 (0x55556217) auipc x4, 0x55556                        inst_19+8
x4 <- 0x00000000D5556370

mem[X,0x0000000080000374] -> 0x0233
mem[X,0x0000000080000376] -> 0x4062
[221] [M]: 0x0000000080000374 (0x40620233) sub x4, x4, x6                           inst_19+12
x4 <- 0x0000000055556000

clint mtime 0x000000000000006F (mip.MTI <- 0b1, mip.STI <- 0b0)
mem[X,0x0000000080000378] -> 0x0313
mem[X,0x000000008000037A] -> 0x0000
[222] [M]: 0x0000000080000378 (0x00000313) addi x6, x0, 0x0                         inst_19+16
x6 <- 0x0000000000000000

mem[X,0x000000008000037C] -> 0x3C23
mem[X,0x000000008000037E] -> 0x0841
[223] [M]: 0x000000008000037C (0x08413C23) sd x4, 0x98(x2)                          inst_19+20
mem[W,0x00000000800031B0] <- 0x0000000055556000

clint mtime 0x0000000000000070 (mip.MTI <- 0b1, mip.STI <- 0b0)
mem[X,0x0000000080000380] -> 0x0317
mem[X,0x0000000080000382] -> 0x0000
[224] [M]: 0x0000000080000380 (0x00000317) auipc x6, 0x0                            inst_20+0
x6 <- 0x0000000080000380

mem[X,0x0000000080000384] -> 0x0313
mem[X,0x0000000080000386] -> 0x0083
[225] [M]: 0x0000000080000384 (0x00830313) addi x6, x6, 0x8                         inst_20+4
x6 <- 0x0000000080000388

clint mtime 0x0000000000000071 (mip.MTI <- 0b1, mip.STI <- 0b0)
mem[X,0x0000000080000388] -> 0xB697
mem[X,0x000000008000038A] -> 0xAAAA
[226] [M]: 0x0000000080000388 (0xAAAAB697) auipc x13, -0x55555                      inst_20+8
x13 <- 0x000000002AAAB388

mem[X,0x000000008000038C] -> 0x86B3
mem[X,0x000000008000038E] -> 0x4066
[227] [M]: 0x000000008000038C (0x406686B3) sub x13, x13, x6                         inst_20+12
x13 <- 0xFFFFFFFFAAAAB000

clint mtime 0x0000000000000072 (mip.MTI <- 0b1, mip.STI <- 0b0)
mem[X,0x0000000080000390] -> 0x0313
mem[X,0x0000000080000392] -> 0x0000
[228] [M]: 0x0000000080000390 (0x00000313) addi x6, x0, 0x0                         inst_20+16
x6 <- 0x0000000000000000

mem[X,0x0000000080000394] -> 0x3023
mem[X,0x0000000080000396] -> 0x0AD1
[229] [M]: 0x0000000080000394 (0x0AD13023) sd x13, 0xa0(x2)                         inst_20+20
mem[W,0x00000000800031B8] <- 0xFFFFFFFFAAAAB000

clint mtime 0x0000000000000073 (mip.MTI <- 0b1, mip.STI <- 0b0)
mem[X,0x0000000080000398] -> 0x0317
mem[X,0x000000008000039A] -> 0x0000
[230] [M]: 0x0000000080000398 (0x00000317) auipc x6, 0x0                            inst_21+0
x6 <- 0x0000000080000398

mem[X,0x000000008000039C] -> 0x0313
mem[X,0x000000008000039E] -> 0x0083
[231] [M]: 0x000000008000039C (0x00830313) addi x6, x6, 0x8                         inst_21+4
x6 <- 0x00000000800003A0

clint mtime 0x0000000000000074 (mip.MTI <- 0b1, mip.STI <- 0b0)
mem[X,0x00000000800003A0] -> 0x6F97
mem[X,0x00000000800003A2] -> 0x0000
[232] [M]: 0x00000000800003A0 (0x00006F97) auipc x31, 0x6                           inst_21+8
x31 <- 0x00000000800063A0

mem[X,0x00000000800003A4] -> 0x8FB3
mem[X,0x00000000800003A6] -> 0x406F
[233] [M]: 0x00000000800003A4 (0x406F8FB3) sub x31, x31, x6                         inst_21+12
x31 <- 0x0000000000006000

clint mtime 0x0000000000000075 (mip.MTI <- 0b1, mip.STI <- 0b0)
mem[X,0x00000000800003A8] -> 0x0313
mem[X,0x00000000800003AA] -> 0x0000
[234] [M]: 0x00000000800003A8 (0x00000313) addi x6, x0, 0x0                         inst_21+16
x6 <- 0x0000000000000000

mem[X,0x00000000800003AC] -> 0x3423
mem[X,0x00000000800003AE] -> 0x0BF1
[235] [M]: 0x00000000800003AC (0x0BF13423) sd x31, 0xa8(x2)                         inst_21+20
mem[W,0x00000000800031C0] <- 0x0000000000006000

clint mtime 0x0000000000000076 (mip.MTI <- 0b1, mip.STI <- 0b0)
mem[X,0x00000000800003B0] -> 0x0317
mem[X,0x00000000800003B2] -> 0x0000
[236] [M]: 0x00000000800003B0 (0x00000317) auipc x6, 0x0                            inst_22+0
x6 <- 0x00000000800003B0

mem[X,0x00000000800003B4] -> 0x0313
mem[X,0x00000000800003B6] -> 0x0083
[237] [M]: 0x00000000800003B4 (0x00830313) addi x6, x6, 0x8                         inst_22+4
x6 <- 0x00000000800003B8

clint mtime 0x0000000000000077 (mip.MTI <- 0b1, mip.STI <- 0b0)
mem[X,0x00000000800003B8] -> 0x4C17
mem[X,0x00000000800003BA] -> 0x3333
[238] [M]: 0x00000000800003B8 (0x33334C17) auipc x24, 0x33334                       inst_22+8
x24 <- 0x00000000B33343B8

mem[X,0x00000000800003BC] -> 0x0C33
mem[X,0x00000000800003BE] -> 0x406C
[239] [M]: 0x00000000800003BC (0x406C0C33) sub x24, x24, x6                         inst_22+12
x24 <- 0x0000000033334000

clint mtime 0x0000000000000078 (mip.MTI <- 0b1, mip.STI <- 0b0)
mem[X,0x00000000800003C0] -> 0x0313
mem[X,0x00000000800003C2] -> 0x0000
[240] [M]: 0x00000000800003C0 (0x00000313) addi x6, x0, 0x0                         inst_22+16
x6 <- 0x0000000000000000

mem[X,0x00000000800003C4] -> 0x3823
mem[X,0x00000000800003C6] -> 0x0B81
[241] [M]: 0x00000000800003C4 (0x0B813823) sd x24, 0xb0(x2)                         inst_22+20
mem[W,0x00000000800031C8] <- 0x0000000033334000

clint mtime 0x0000000000000079 (mip.MTI <- 0b1, mip.STI <- 0b0)
mem[X,0x00000000800003C8] -> 0x0317
mem[X,0x00000000800003CA] -> 0x0000
[242] [M]: 0x00000000800003C8 (0x00000317) auipc x6, 0x0                            inst_23+0
x6 <- 0x00000000800003C8

mem[X,0x00000000800003CC] -> 0x0313
mem[X,0x00000000800003CE] -> 0x0083
[243] [M]: 0x00000000800003CC (0x00830313) addi x6, x6, 0x8                         inst_23+4
x6 <- 0x00000000800003D0

clint mtime 0x000000000000007A (mip.MTI <- 0b1, mip.STI <- 0b0)
mem[X,0x00000000800003D0] -> 0x7897
mem[X,0x00000000800003D2] -> 0x6666
[244] [M]: 0x00000000800003D0 (0x66667897) auipc x17, 0x66667                       inst_23+8
x17 <- 0x00000000E66673D0

mem[X,0x00000000800003D4] -> 0x88B3
mem[X,0x00000000800003D6] -> 0x4068
[245] [M]: 0x00000000800003D4 (0x406888B3) sub x17, x17, x6                         inst_23+12
x17 <- 0x0000000066667000

clint mtime 0x000000000000007B (mip.MTI <- 0b1, mip.STI <- 0b0)
mem[X,0x00000000800003D8] -> 0x0313
mem[X,0x00000000800003DA] -> 0x0000
[246] [M]: 0x00000000800003D8 (0x00000313) addi x6, x0, 0x0                         inst_23+16
x6 <- 0x0000000000000000

mem[X,0x00000000800003DC] -> 0x3C23
mem[X,0x00000000800003DE] -> 0x0B11
[247] [M]: 0x00000000800003DC (0x0B113C23) sd x17, 0xb8(x2)                         inst_23+20
mem[W,0x00000000800031D0] <- 0x0000000066667000

clint mtime 0x000000000000007C (mip.MTI <- 0b1, mip.STI <- 0b0)
mem[X,0x00000000800003E0] -> 0x0317
mem[X,0x00000000800003E2] -> 0x0000
[248] [M]: 0x00000000800003E0 (0x00000317) auipc x6, 0x0                            inst_24+0
x6 <- 0x00000000800003E0

mem[X,0x00000000800003E4] -> 0x0313
mem[X,0x00000000800003E6] -> 0x0083
[249] [M]: 0x00000000800003E4 (0x00830313) addi x6, x6, 0x8                         inst_24+4
x6 <- 0x00000000800003E8

clint mtime 0x000000000000007D (mip.MTI <- 0b1, mip.STI <- 0b0)
mem[X,0x00000000800003E8] -> 0x5717
mem[X,0x00000000800003EA] -> 0x002D
[250] [M]: 0x00000000800003E8 (0x002D5717) auipc x14, 0x2d5                         inst_24+8
x14 <- 0x00000000802D53E8

mem[X,0x00000000800003EC] -> 0x0733
mem[X,0x00000000800003EE] -> 0x4067
[251] [M]: 0x00000000800003EC (0x40670733) sub x14, x14, x6                         inst_24+12
x14 <- 0x00000000002D5000

clint mtime 0x000000000000007E (mip.MTI <- 0b1, mip.STI <- 0b0)
mem[X,0x00000000800003F0] -> 0x0313
mem[X,0x00000000800003F2] -> 0x0000
[252] [M]: 0x00000000800003F0 (0x00000313) addi x6, x0, 0x0                         inst_24+16
x6 <- 0x0000000000000000

mem[X,0x00000000800003F4] -> 0x3023
mem[X,0x00000000800003F6] -> 0x0CE1
[253] [M]: 0x00000000800003F4 (0x0CE13023) sd x14, 0xc0(x2)                         inst_24+20
mem[W,0x00000000800031D8] <- 0x00000000002D5000

clint mtime 0x000000000000007F (mip.MTI <- 0b1, mip.STI <- 0b0)
mem[X,0x00000000800003F8] -> 0x0317
mem[X,0x00000000800003FA] -> 0x0000
[254] [M]: 0x00000000800003F8 (0x00000317) auipc x6, 0x0                            inst_25+0
x6 <- 0x00000000800003F8

mem[X,0x00000000800003FC] -> 0x0313
mem[X,0x00000000800003FE] -> 0x0083
[255] [M]: 0x00000000800003FC (0x00830313) addi x6, x6, 0x8                         inst_25+4
x6 <- 0x0000000080000400

clint mtime 0x0000000000000080 (mip.MTI <- 0b1, mip.STI <- 0b0)
mem[X,0x0000000080000400] -> 0x1B17
mem[X,0x0000000080000402] -> 0x0000
[256] [M]: 0x0000000080000400 (0x00001B17) auipc x22, 0x1                           inst_25+8
x22 <- 0x0000000080001400

mem[X,0x0000000080000404] -> 0x0B33
mem[X,0x0000000080000406] -> 0x406B
[257] [M]: 0x0000000080000404 (0x406B0B33) sub x22, x22, x6                         inst_25+12
x22 <- 0x0000000000001000

clint mtime 0x0000000000000081 (mip.MTI <- 0b1, mip.STI <- 0b0)
mem[X,0x0000000080000408] -> 0x0313
mem[X,0x000000008000040A] -> 0x0000
[258] [M]: 0x0000000080000408 (0x00000313) addi x6, x0, 0x0                         inst_25+16
x6 <- 0x0000000000000000

mem[X,0x000000008000040C] -> 0x3423
mem[X,0x000000008000040E] -> 0x0D61
[259] [M]: 0x000000008000040C (0x0D613423) sd x22, 0xc8(x2)                         inst_25+20
mem[W,0x00000000800031E0] <- 0x0000000000001000

clint mtime 0x0000000000000082 (mip.MTI <- 0b1, mip.STI <- 0b0)
mem[X,0x0000000080000410] -> 0x0317
mem[X,0x0000000080000412] -> 0x0000
[260] [M]: 0x0000000080000410 (0x00000317) auipc x6, 0x0                            inst_26+0
x6 <- 0x0000000080000410

mem[X,0x0000000080000414] -> 0x0313
mem[X,0x0000000080000416] -> 0x0083
[261] [M]: 0x0000000080000414 (0x00830313) addi x6, x6, 0x8                         inst_26+4
x6 <- 0x0000000080000418

clint mtime 0x0000000000000083 (mip.MTI <- 0b1, mip.STI <- 0b0)
mem[X,0x0000000080000418] -> 0x0297
mem[X,0x000000008000041A] -> 0x0040
[262] [M]: 0x0000000080000418 (0x00400297) auipc x5, 0x400                          inst_26+8
x5 <- 0x0000000080400418

mem[X,0x000000008000041C] -> 0x82B3
mem[X,0x000000008000041E] -> 0x4062
[263] [M]: 0x000000008000041C (0x406282B3) sub x5, x5, x6                           inst_26+12
x5 <- 0x0000000000400000

clint mtime 0x0000000000000084 (mip.MTI <- 0b1, mip.STI <- 0b0)
mem[X,0x0000000080000420] -> 0x0313
mem[X,0x0000000080000422] -> 0x0000
[264] [M]: 0x0000000080000420 (0x00000313) addi x6, x0, 0x0                         inst_26+16
x6 <- 0x0000000000000000

mem[X,0x0000000080000424] -> 0x3823
mem[X,0x0000000080000426] -> 0x0C51
[265] [M]: 0x0000000080000424 (0x0C513823) sd x5, 0xd0(x2)                          inst_26+20
mem[W,0x00000000800031E8] <- 0x0000000000400000

clint mtime 0x0000000000000085 (mip.MTI <- 0b1, mip.STI <- 0b0)
mem[X,0x0000000080000428] -> 0x0317
mem[X,0x000000008000042A] -> 0x0000
[266] [M]: 0x0000000080000428 (0x00000317) auipc x6, 0x0                            inst_27+0
x6 <- 0x0000000080000428

mem[X,0x000000008000042C] -> 0x0313
mem[X,0x000000008000042E] -> 0x0083
[267] [M]: 0x000000008000042C (0x00830313) addi x6, x6, 0x8                         inst_27+4
x6 <- 0x0000000080000430

clint mtime 0x0000000000000086 (mip.MTI <- 0b1, mip.STI <- 0b0)
mem[X,0x0000000080000430] -> 0x8E97
mem[X,0x0000000080000432] -> 0x0000
[268] [M]: 0x0000000080000430 (0x00008E97) auipc x29, 0x8                           inst_27+8
x29 <- 0x0000000080008430

mem[X,0x0000000080000434] -> 0x8EB3
mem[X,0x0000000080000436] -> 0x406E
[269] [M]: 0x0000000080000434 (0x406E8EB3) sub x29, x29, x6                         inst_27+12
x29 <- 0x0000000000008000

clint mtime 0x0000000000000087 (mip.MTI <- 0b1, mip.STI <- 0b0)
mem[X,0x0000000080000438] -> 0x0313
mem[X,0x000000008000043A] -> 0x0000
[270] [M]: 0x0000000080000438 (0x00000313) addi x6, x0, 0x0                         inst_27+16
x6 <- 0x0000000000000000

mem[X,0x000000008000043C] -> 0x3C23
mem[X,0x000000008000043E] -> 0x0DD1
[271] [M]: 0x000000008000043C (0x0DD13C23) sd x29, 0xd8(x2)                         inst_27+20
mem[W,0x00000000800031F0] <- 0x0000000000008000

clint mtime 0x0000000000000088 (mip.MTI <- 0b1, mip.STI <- 0b0)
mem[X,0x0000000080000440] -> 0x0197
mem[X,0x0000000080000442] -> 0x0000
[272] [M]: 0x0000000080000440 (0x00000197) auipc x3, 0x0                            inst_28+0
x3 <- 0x0000000080000440

mem[X,0x0000000080000444] -> 0x8193
mem[X,0x0000000080000446] -> 0x0081
[273] [M]: 0x0000000080000444 (0x00818193) addi x3, x3, 0x8                         inst_28+4
x3 <- 0x0000000080000448

clint mtime 0x0000000000000089 (mip.MTI <- 0b1, mip.STI <- 0b0)
mem[X,0x0000000080000448] -> 0x0E17
mem[X,0x000000008000044A] -> 0x0001
[274] [M]: 0x0000000080000448 (0x00010E17) auipc x28, 0x10                          inst_28+8
x28 <- 0x0000000080010448

mem[X,0x000000008000044C] -> 0x0E33
mem[X,0x000000008000044E] -> 0x403E
[275] [M]: 0x000000008000044C (0x403E0E33) sub x28, x28, x3                         inst_28+12
x28 <- 0x0000000000010000

clint mtime 0x000000000000008A (mip.MTI <- 0b1, mip.STI <- 0b0)
mem[X,0x0000000080000450] -> 0x0193
mem[X,0x0000000080000452] -> 0x0000
[276] [M]: 0x0000000080000450 (0x00000193) addi x3, x0, 0x0                         inst_28+16
x3 <- 0x0000000000000000

mem[X,0x0000000080000454] -> 0x3023
mem[X,0x0000000080000456] -> 0x0FC1
[277] [M]: 0x0000000080000454 (0x0FC13023) sd x28, 0xe0(x2)                         inst_28+20
mem[W,0x00000000800031F8] <- 0x0000000000010000

clint mtime 0x000000000000008B (mip.MTI <- 0b1, mip.STI <- 0b0)
mem[X,0x0000000080000458] -> 0x0013
mem[X,0x000000008000045A] -> 0x0000
[278] [M]: 0x0000000080000458 (0x00000013) addi x0, x0, 0x0                         inst_28+24

mem[X,0x000000008000045C] -> 0x0013
mem[X,0x000000008000045E] -> 0x0000
[279] [M]: 0x000000008000045C (0x00000013) addi x0, x0, 0x0                         inst_28+28

clint mtime 0x000000000000008C (mip.MTI <- 0b1, mip.STI <- 0b0)
mem[X,0x0000000080000460] -> 0x3097
mem[X,0x0000000080000462] -> 0x0000
[280] [M]: 0x0000000080000460 (0x00003097) auipc x1, 0x3                            inst_28+32
x1 <- 0x0000000080003460

mem[X,0x0000000080000464] -> 0x8093
mem[X,0x0000000080000466] -> 0xDA00
[281] [M]: 0x0000000080000464 (0xDA008093) addi x1, x1, -0x260                      inst_28+36
x1 <- 0x0000000080003200

clint mtime 0x000000000000008D (mip.MTI <- 0b1, mip.STI <- 0b0)
mem[X,0x0000000080000468] -> 0x0001
[282] [M]: 0x0000000080000468 (0x0001) c.nop                                        inst_28+40

mem[X,0x000000008000046A] -> 0x0013
mem[X,0x000000008000046C] -> 0x0000
[283] [M]: 0x000000008000046A (0x00000013) addi x0, x0, 0x0                         inst_28+42

clint mtime 0x000000000000008E (mip.MTI <- 0b1, mip.STI <- 0b0)
mem[X,0x000000008000046E] -> 0x0013
mem[X,0x0000000080000470] -> 0x0000
[284] [M]: 0x000000008000046E (0x00000013) addi x0, x0, 0x0                         inst_28+46

mem[X,0x0000000080000472] -> 0x0013
mem[X,0x0000000080000474] -> 0x0000
[285] [M]: 0x0000000080000472 (0x00000013) addi x0, x0, 0x0                         inst_28+50

clint mtime 0x000000000000008F (mip.MTI <- 0b1, mip.STI <- 0b0)
mem[X,0x0000000080000476] -> 0x0013
mem[X,0x0000000080000478] -> 0x0000
[286] [M]: 0x0000000080000476 (0x00000013) addi x0, x0, 0x0                         inst_28+54

mem[X,0x000000008000047A] -> 0x0013
mem[X,0x000000008000047C] -> 0x0000
[287] [M]: 0x000000008000047A (0x00000013) addi x0, x0, 0x0                         inst_28+58

clint mtime 0x0000000000000090 (mip.MTI <- 0b1, mip.STI <- 0b0)
mem[X,0x000000008000047E] -> 0x0001
[288] [M]: 0x000000008000047E (0x0001) c.nop                                        inst_28+62

mem[X,0x0000000080000480] -> 0x0197
mem[X,0x0000000080000482] -> 0x0000
[289] [M]: 0x0000000080000480 (0x00000197) auipc x3, 0x0                            inst_29+0
x3 <- 0x0000000080000480

clint mtime 0x0000000000000091 (mip.MTI <- 0b1, mip.STI <- 0b0)
mem[X,0x0000000080000484] -> 0x8193
mem[X,0x0000000080000486] -> 0x0081
[290] [M]: 0x0000000080000484 (0x00818193) addi x3, x3, 0x8                         inst_29+4
x3 <- 0x0000000080000488

mem[X,0x0000000080000488] -> 0x0317
mem[X,0x000000008000048A] -> 0x0002
[291] [M]: 0x0000000080000488 (0x00020317) auipc x6, 0x20                           inst_29+8
x6 <- 0x0000000080020488

clint mtime 0x0000000000000092 (mip.MTI <- 0b1, mip.STI <- 0b0)
mem[X,0x000000008000048C] -> 0x0333
mem[X,0x000000008000048E] -> 0x4033
[292] [M]: 0x000000008000048C (0x40330333) sub x6, x6, x3                           inst_29+12
x6 <- 0x0000000000020000

mem[X,0x0000000080000490] -> 0x0193
mem[X,0x0000000080000492] -> 0x0000
[293] [M]: 0x0000000080000490 (0x00000193) addi x3, x0, 0x0                         inst_29+16
x3 <- 0x0000000000000000

clint mtime 0x0000000000000093 (mip.MTI <- 0b1, mip.STI <- 0b0)
mem[X,0x0000000080000494] -> 0xB023
mem[X,0x0000000080000496] -> 0x0060
[294] [M]: 0x0000000080000494 (0x0060B023) sd x6, 0x0(x1)                           inst_29+20
mem[W,0x0000000080003200] <- 0x0000000000020000

mem[X,0x0000000080000498] -> 0x0197
mem[X,0x000000008000049A] -> 0x0000
[295] [M]: 0x0000000080000498 (0x00000197) auipc x3, 0x0                            inst_30+0
x3 <- 0x0000000080000498

clint mtime 0x0000000000000094 (mip.MTI <- 0b1, mip.STI <- 0b0)
mem[X,0x000000008000049C] -> 0x8193
mem[X,0x000000008000049E] -> 0x0081
[296] [M]: 0x000000008000049C (0x00818193) addi x3, x3, 0x8                         inst_30+4
x3 <- 0x00000000800004A0

mem[X,0x00000000800004A0] -> 0x0117
mem[X,0x00000000800004A2] -> 0x0004
[297] [M]: 0x00000000800004A0 (0x00040117) auipc x2, 0x40                           inst_30+8
x2 <- 0x00000000800404A0

clint mtime 0x0000000000000095 (mip.MTI <- 0b1, mip.STI <- 0b0)
mem[X,0x00000000800004A4] -> 0x0133
mem[X,0x00000000800004A6] -> 0x4031
[298] [M]: 0x00000000800004A4 (0x40310133) sub x2, x2, x3                           inst_30+12
x2 <- 0x0000000000040000

mem[X,0x00000000800004A8] -> 0x0193
mem[X,0x00000000800004AA] -> 0x0000
[299] [M]: 0x00000000800004A8 (0x00000193) addi x3, x0, 0x0                         inst_30+16
x3 <- 0x0000000000000000

clint mtime 0x0000000000000096 (mip.MTI <- 0b1, mip.STI <- 0b0)
mem[X,0x00000000800004AC] -> 0xB423
mem[X,0x00000000800004AE] -> 0x0020
[300] [M]: 0x00000000800004AC (0x0020B423) sd x2, 0x8(x1)                           inst_30+20
mem[W,0x0000000080003208] <- 0x0000000000040000

mem[X,0x00000000800004B0] -> 0x0197
mem[X,0x00000000800004B2] -> 0x0000
[301] [M]: 0x00000000800004B0 (0x00000197) auipc x3, 0x0                            inst_31+0
x3 <- 0x00000000800004B0

clint mtime 0x0000000000000097 (mip.MTI <- 0b1, mip.STI <- 0b0)
mem[X,0x00000000800004B4] -> 0x8193
mem[X,0x00000000800004B6] -> 0x0081
[302] [M]: 0x00000000800004B4 (0x00818193) addi x3, x3, 0x8                         inst_31+4
x3 <- 0x00000000800004B8

mem[X,0x00000000800004B8] -> 0xFC97
mem[X,0x00000000800004BA] -> 0xEFFF
[303] [M]: 0x00000000800004B8 (0xEFFFFC97) auipc x25, -0x10001                      inst_31+8
x25 <- 0x000000006FFFF4B8

clint mtime 0x0000000000000098 (mip.MTI <- 0b1, mip.STI <- 0b0)
mem[X,0x00000000800004BC] -> 0x8CB3
mem[X,0x00000000800004BE] -> 0x403C
[304] [M]: 0x00000000800004BC (0x403C8CB3) sub x25, x25, x3                         inst_31+12
x25 <- 0xFFFFFFFFEFFFF000

mem[X,0x00000000800004C0] -> 0x0193
mem[X,0x00000000800004C2] -> 0x0000
[305] [M]: 0x00000000800004C0 (0x00000193) addi x3, x0, 0x0                         inst_31+16
x3 <- 0x0000000000000000

clint mtime 0x0000000000000099 (mip.MTI <- 0b1, mip.STI <- 0b0)
mem[X,0x00000000800004C4] -> 0xB823
mem[X,0x00000000800004C6] -> 0x0190
[306] [M]: 0x00000000800004C4 (0x0190B823) sd x25, 0x10(x1)                         inst_31+20
mem[W,0x0000000080003210] <- 0xFFFFFFFFEFFFF000

mem[X,0x00000000800004C8] -> 0x0197
mem[X,0x00000000800004CA] -> 0x0000
[307] [M]: 0x00000000800004C8 (0x00000197) auipc x3, 0x0                            inst_32+0
x3 <- 0x00000000800004C8

clint mtime 0x000000000000009A (mip.MTI <- 0b1, mip.STI <- 0b0)
mem[X,0x00000000800004CC] -> 0x8193
mem[X,0x00000000800004CE] -> 0x0081
[308] [M]: 0x00000000800004CC (0x00818193) addi x3, x3, 0x8                         inst_32+4
x3 <- 0x00000000800004D0

mem[X,0x00000000800004D0] -> 0xF517
mem[X,0x00000000800004D2] -> 0xDFFF
[309] [M]: 0x00000000800004D0 (0xDFFFF517) auipc x10, -0x20001                      inst_32+8
x10 <- 0x000000005FFFF4D0

clint mtime 0x000000000000009B (mip.MTI <- 0b1, mip.STI <- 0b0)
mem[X,0x00000000800004D4] -> 0x0533
mem[X,0x00000000800004D6] -> 0x4035
[310] [M]: 0x00000000800004D4 (0x40350533) sub x10, x10, x3                         inst_32+12
x10 <- 0xFFFFFFFFDFFFF000

mem[X,0x00000000800004D8] -> 0x0193
mem[X,0x00000000800004DA] -> 0x0000
[311] [M]: 0x00000000800004D8 (0x00000193) addi x3, x0, 0x0                         inst_32+16
x3 <- 0x0000000000000000

clint mtime 0x000000000000009C (mip.MTI <- 0b1, mip.STI <- 0b0)
mem[X,0x00000000800004DC] -> 0xBC23
mem[X,0x00000000800004DE] -> 0x00A0
[312] [M]: 0x00000000800004DC (0x00A0BC23) sd x10, 0x18(x1)                         inst_32+20
mem[W,0x0000000080003218] <- 0xFFFFFFFFDFFFF000

mem[X,0x00000000800004E0] -> 0x0197
mem[X,0x00000000800004E2] -> 0x0000
[313] [M]: 0x00000000800004E0 (0x00000197) auipc x3, 0x0                            inst_33+0
x3 <- 0x00000000800004E0

clint mtime 0x000000000000009D (mip.MTI <- 0b1, mip.STI <- 0b0)
mem[X,0x00000000800004E4] -> 0x8193
mem[X,0x00000000800004E6] -> 0x0081
[314] [M]: 0x00000000800004E4 (0x00818193) addi x3, x3, 0x8                         inst_33+4
x3 <- 0x00000000800004E8

mem[X,0x00000000800004E8] -> 0xF517
mem[X,0x00000000800004EA] -> 0xBFFF
[315] [M]: 0x00000000800004E8 (0xBFFFF517) auipc x10, -0x40001                      inst_33+8
x10 <- 0x000000003FFFF4E8

clint mtime 0x000000000000009E (mip.MTI <- 0b1, mip.STI <- 0b0)
mem[X,0x00000000800004EC] -> 0x0533
mem[X,0x00000000800004EE] -> 0x4035
[316] [M]: 0x00000000800004EC (0x40350533) sub x10, x10, x3                         inst_33+12
x10 <- 0xFFFFFFFFBFFFF000

mem[X,0x00000000800004F0] -> 0x0193
mem[X,0x00000000800004F2] -> 0x0000
[317] [M]: 0x00000000800004F0 (0x00000193) addi x3, x0, 0x0                         inst_33+16
x3 <- 0x0000000000000000

clint mtime 0x000000000000009F (mip.MTI <- 0b1, mip.STI <- 0b0)
mem[X,0x00000000800004F4] -> 0xB023
mem[X,0x00000000800004F6] -> 0x02A0
[318] [M]: 0x00000000800004F4 (0x02A0B023) sd x10, 0x20(x1)                         inst_33+20
mem[W,0x0000000080003220] <- 0xFFFFFFFFBFFFF000

mem[X,0x00000000800004F8] -> 0x0197
mem[X,0x00000000800004FA] -> 0x0000
[319] [M]: 0x00000000800004F8 (0x00000197) auipc x3, 0x0                            inst_34+0
x3 <- 0x00000000800004F8

clint mtime 0x00000000000000A0 (mip.MTI <- 0b1, mip.STI <- 0b0)
mem[X,0x00000000800004FC] -> 0x8193
mem[X,0x00000000800004FE] -> 0x0081
[320] [M]: 0x00000000800004FC (0x00818193) addi x3, x3, 0x8                         inst_34+4
x3 <- 0x0000000080000500

mem[X,0x0000000080000500] -> 0xF517
mem[X,0x0000000080000502] -> 0x7FFF
[321] [M]: 0x0000000080000500 (0x7FFFF517) auipc x10, 0x7ffff                       inst_34+8
x10 <- 0x00000000FFFFF500

clint mtime 0x00000000000000A1 (mip.MTI <- 0b1, mip.STI <- 0b0)
mem[X,0x0000000080000504] -> 0x0533
mem[X,0x0000000080000506] -> 0x4035
[322] [M]: 0x0000000080000504 (0x40350533) sub x10, x10, x3                         inst_34+12
x10 <- 0x000000007FFFF000

mem[X,0x0000000080000508] -> 0x0193
mem[X,0x000000008000050A] -> 0x0000
[323] [M]: 0x0000000080000508 (0x00000193) addi x3, x0, 0x0                         inst_34+16
x3 <- 0x0000000000000000

clint mtime 0x00000000000000A2 (mip.MTI <- 0b1, mip.STI <- 0b0)
mem[X,0x000000008000050C] -> 0xB423
mem[X,0x000000008000050E] -> 0x02A0
[324] [M]: 0x000000008000050C (0x02A0B423) sd x10, 0x28(x1)                         inst_34+20
mem[W,0x0000000080003228] <- 0x000000007FFFF000

mem[X,0x0000000080000510] -> 0x0197
mem[X,0x0000000080000512] -> 0x0000
[325] [M]: 0x0000000080000510 (0x00000197) auipc x3, 0x0                            inst_35+0
x3 <- 0x0000000080000510

clint mtime 0x00000000000000A3 (mip.MTI <- 0b1, mip.STI <- 0b0)
mem[X,0x0000000080000514] -> 0x8193
mem[X,0x0000000080000516] -> 0x0081
[326] [M]: 0x0000000080000514 (0x00818193) addi x3, x3, 0x8                         inst_35+4
x3 <- 0x0000000080000518

mem[X,0x0000000080000518] -> 0x0517
mem[X,0x000000008000051A] -> 0x0008
[327] [M]: 0x0000000080000518 (0x00080517) auipc x10, 0x80                          inst_35+8
x10 <- 0x0000000080080518

clint mtime 0x00000000000000A4 (mip.MTI <- 0b1, mip.STI <- 0b0)
mem[X,0x000000008000051C] -> 0x0533
mem[X,0x000000008000051E] -> 0x4035
[328] [M]: 0x000000008000051C (0x40350533) sub x10, x10, x3                         inst_35+12
x10 <- 0x0000000000080000

mem[X,0x0000000080000520] -> 0x0193
mem[X,0x0000000080000522] -> 0x0000
[329] [M]: 0x0000000080000520 (0x00000193) addi x3, x0, 0x0                         inst_35+16
x3 <- 0x0000000000000000

clint mtime 0x00000000000000A5 (mip.MTI <- 0b1, mip.STI <- 0b0)
mem[X,0x0000000080000524] -> 0xB823
mem[X,0x0000000080000526] -> 0x02A0
[330] [M]: 0x0000000080000524 (0x02A0B823) sd x10, 0x30(x1)                         inst_35+20
mem[W,0x0000000080003230] <- 0x0000000000080000

mem[X,0x0000000080000528] -> 0x0197
mem[X,0x000000008000052A] -> 0x0000
[331] [M]: 0x0000000080000528 (0x00000197) auipc x3, 0x0                            inst_36+0
x3 <- 0x0000000080000528

clint mtime 0x00000000000000A6 (mip.MTI <- 0b1, mip.STI <- 0b0)
mem[X,0x000000008000052C] -> 0x8193
mem[X,0x000000008000052E] -> 0x0081
[332] [M]: 0x000000008000052C (0x00818193) addi x3, x3, 0x8                         inst_36+4
x3 <- 0x0000000080000530

mem[X,0x0000000080000530] -> 0x0517
mem[X,0x0000000080000532] -> 0x0010
[333] [M]: 0x0000000080000530 (0x00100517) auipc x10, 0x100                         inst_36+8
x10 <- 0x0000000080100530

clint mtime 0x00000000000000A7 (mip.MTI <- 0b1, mip.STI <- 0b0)
mem[X,0x0000000080000534] -> 0x0533
mem[X,0x0000000080000536] -> 0x4035
[334] [M]: 0x0000000080000534 (0x40350533) sub x10, x10, x3                         inst_36+12
x10 <- 0x0000000000100000

mem[X,0x0000000080000538] -> 0x0193
mem[X,0x000000008000053A] -> 0x0000
[335] [M]: 0x0000000080000538 (0x00000193) addi x3, x0, 0x0                         inst_36+16
x3 <- 0x0000000000000000

clint mtime 0x00000000000000A8 (mip.MTI <- 0b1, mip.STI <- 0b0)
mem[X,0x000000008000053C] -> 0xBC23
mem[X,0x000000008000053E] -> 0x02A0
[336] [M]: 0x000000008000053C (0x02A0BC23) sd x10, 0x38(x1)                         inst_36+20
mem[W,0x0000000080003238] <- 0x0000000000100000

mem[X,0x0000000080000540] -> 0x0197
mem[X,0x0000000080000542] -> 0x0000
[337] [M]: 0x0000000080000540 (0x00000197) auipc x3, 0x0                            inst_37+0
x3 <- 0x0000000080000540

clint mtime 0x00000000000000A9 (mip.MTI <- 0b1, mip.STI <- 0b0)
mem[X,0x0000000080000544] -> 0x8193
mem[X,0x0000000080000546] -> 0x0081
[338] [M]: 0x0000000080000544 (0x00818193) addi x3, x3, 0x8                         inst_37+4
x3 <- 0x0000000080000548

mem[X,0x0000000080000548] -> 0x0517
mem[X,0x000000008000054A] -> 0x0020
[339] [M]: 0x0000000080000548 (0x00200517) auipc x10, 0x200                         inst_37+8
x10 <- 0x0000000080200548

clint mtime 0x00000000000000AA (mip.MTI <- 0b1, mip.STI <- 0b0)
mem[X,0x000000008000054C] -> 0x0533
mem[X,0x000000008000054E] -> 0x4035
[340] [M]: 0x000000008000054C (0x40350533) sub x10, x10, x3                         inst_37+12
x10 <- 0x0000000000200000

mem[X,0x0000000080000550] -> 0x0193
mem[X,0x0000000080000552] -> 0x0000
[341] [M]: 0x0000000080000550 (0x00000193) addi x3, x0, 0x0                         inst_37+16
x3 <- 0x0000000000000000

clint mtime 0x00000000000000AB (mip.MTI <- 0b1, mip.STI <- 0b0)
mem[X,0x0000000080000554] -> 0xB023
mem[X,0x0000000080000556] -> 0x04A0
[342] [M]: 0x0000000080000554 (0x04A0B023) sd x10, 0x40(x1)                         inst_37+20
mem[W,0x0000000080003240] <- 0x0000000000200000

mem[X,0x0000000080000558] -> 0x0197
mem[X,0x000000008000055A] -> 0x0000
[343] [M]: 0x0000000080000558 (0x00000197) auipc x3, 0x0                            inst_38+0
x3 <- 0x0000000080000558

clint mtime 0x00000000000000AC (mip.MTI <- 0b1, mip.STI <- 0b0)
mem[X,0x000000008000055C] -> 0x8193
mem[X,0x000000008000055E] -> 0x0081
[344] [M]: 0x000000008000055C (0x00818193) addi x3, x3, 0x8                         inst_38+4
x3 <- 0x0000000080000560

mem[X,0x0000000080000560] -> 0x0517
mem[X,0x0000000080000562] -> 0x0080
[345] [M]: 0x0000000080000560 (0x00800517) auipc x10, 0x800                         inst_38+8
x10 <- 0x0000000080800560

clint mtime 0x00000000000000AD (mip.MTI <- 0b1, mip.STI <- 0b0)
mem[X,0x0000000080000564] -> 0x0533
mem[X,0x0000000080000566] -> 0x4035
[346] [M]: 0x0000000080000564 (0x40350533) sub x10, x10, x3                         inst_38+12
x10 <- 0x0000000000800000

mem[X,0x0000000080000568] -> 0x0193
mem[X,0x000000008000056A] -> 0x0000
[347] [M]: 0x0000000080000568 (0x00000193) addi x3, x0, 0x0                         inst_38+16
x3 <- 0x0000000000000000

clint mtime 0x00000000000000AE (mip.MTI <- 0b1, mip.STI <- 0b0)
mem[X,0x000000008000056C] -> 0xB423
mem[X,0x000000008000056E] -> 0x04A0
[348] [M]: 0x000000008000056C (0x04A0B423) sd x10, 0x48(x1)                         inst_38+20
mem[W,0x0000000080003248] <- 0x0000000000800000

mem[X,0x0000000080000570] -> 0x0197
mem[X,0x0000000080000572] -> 0x0000
[349] [M]: 0x0000000080000570 (0x00000197) auipc x3, 0x0                            inst_39+0
x3 <- 0x0000000080000570

clint mtime 0x00000000000000AF (mip.MTI <- 0b1, mip.STI <- 0b0)
mem[X,0x0000000080000574] -> 0x8193
mem[X,0x0000000080000576] -> 0x0081
[350] [M]: 0x0000000080000574 (0x00818193) addi x3, x3, 0x8                         inst_39+4
x3 <- 0x0000000080000578

mem[X,0x0000000080000578] -> 0x0517
mem[X,0x000000008000057A] -> 0x0100
[351] [M]: 0x0000000080000578 (0x01000517) auipc x10, 0x1000                        inst_39+8
x10 <- 0x0000000081000578

clint mtime 0x00000000000000B0 (mip.MTI <- 0b1, mip.STI <- 0b0)
mem[X,0x000000008000057C] -> 0x0533
mem[X,0x000000008000057E] -> 0x4035
[352] [M]: 0x000000008000057C (0x40350533) sub x10, x10, x3                         inst_39+12
x10 <- 0x0000000001000000

mem[X,0x0000000080000580] -> 0x0193
mem[X,0x0000000080000582] -> 0x0000
[353] [M]: 0x0000000080000580 (0x00000193) addi x3, x0, 0x0                         inst_39+16
x3 <- 0x0000000000000000

clint mtime 0x00000000000000B1 (mip.MTI <- 0b1, mip.STI <- 0b0)
mem[X,0x0000000080000584] -> 0xB823
mem[X,0x0000000080000586] -> 0x04A0
[354] [M]: 0x0000000080000584 (0x04A0B823) sd x10, 0x50(x1)                         inst_39+20
mem[W,0x0000000080003250] <- 0x0000000001000000

mem[X,0x0000000080000588] -> 0x0197
mem[X,0x000000008000058A] -> 0x0000
[355] [M]: 0x0000000080000588 (0x00000197) auipc x3, 0x0                            inst_40+0
x3 <- 0x0000000080000588

clint mtime 0x00000000000000B2 (mip.MTI <- 0b1, mip.STI <- 0b0)
mem[X,0x000000008000058C] -> 0x8193
mem[X,0x000000008000058E] -> 0x0081
[356] [M]: 0x000000008000058C (0x00818193) addi x3, x3, 0x8                         inst_40+4
x3 <- 0x0000000080000590

mem[X,0x0000000080000590] -> 0x0517
mem[X,0x0000000080000592] -> 0x0200
[357] [M]: 0x0000000080000590 (0x02000517) auipc x10, 0x2000                        inst_40+8
x10 <- 0x0000000082000590

clint mtime 0x00000000000000B3 (mip.MTI <- 0b1, mip.STI <- 0b0)
mem[X,0x0000000080000594] -> 0x0533
mem[X,0x0000000080000596] -> 0x4035
[358] [M]: 0x0000000080000594 (0x40350533) sub x10, x10, x3                         inst_40+12
x10 <- 0x0000000002000000

mem[X,0x0000000080000598] -> 0x0193
mem[X,0x000000008000059A] -> 0x0000
[359] [M]: 0x0000000080000598 (0x00000193) addi x3, x0, 0x0                         inst_40+16
x3 <- 0x0000000000000000

clint mtime 0x00000000000000B4 (mip.MTI <- 0b1, mip.STI <- 0b0)
mem[X,0x000000008000059C] -> 0xBC23
mem[X,0x000000008000059E] -> 0x04A0
[360] [M]: 0x000000008000059C (0x04A0BC23) sd x10, 0x58(x1)                         inst_40+20
mem[W,0x0000000080003258] <- 0x0000000002000000

mem[X,0x00000000800005A0] -> 0x0197
mem[X,0x00000000800005A2] -> 0x0000
[361] [M]: 0x00000000800005A0 (0x00000197) auipc x3, 0x0                            inst_41+0
x3 <- 0x00000000800005A0

clint mtime 0x00000000000000B5 (mip.MTI <- 0b1, mip.STI <- 0b0)
mem[X,0x00000000800005A4] -> 0x8193
mem[X,0x00000000800005A6] -> 0x0081
[362] [M]: 0x00000000800005A4 (0x00818193) addi x3, x3, 0x8                         inst_41+4
x3 <- 0x00000000800005A8

mem[X,0x00000000800005A8] -> 0x0517
mem[X,0x00000000800005AA] -> 0x0400
[363] [M]: 0x00000000800005A8 (0x04000517) auipc x10, 0x4000                        inst_41+8
x10 <- 0x00000000840005A8

clint mtime 0x00000000000000B6 (mip.MTI <- 0b1, mip.STI <- 0b0)
mem[X,0x00000000800005AC] -> 0x0533
mem[X,0x00000000800005AE] -> 0x4035
[364] [M]: 0x00000000800005AC (0x40350533) sub x10, x10, x3                         inst_41+12
x10 <- 0x0000000004000000

mem[X,0x00000000800005B0] -> 0x0193
mem[X,0x00000000800005B2] -> 0x0000
[365] [M]: 0x00000000800005B0 (0x00000193) addi x3, x0, 0x0                         inst_41+16
x3 <- 0x0000000000000000

clint mtime 0x00000000000000B7 (mip.MTI <- 0b1, mip.STI <- 0b0)
mem[X,0x00000000800005B4] -> 0xB023
mem[X,0x00000000800005B6] -> 0x06A0
[366] [M]: 0x00000000800005B4 (0x06A0B023) sd x10, 0x60(x1)                         inst_41+20
mem[W,0x0000000080003260] <- 0x0000000004000000

mem[X,0x00000000800005B8] -> 0x0197
mem[X,0x00000000800005BA] -> 0x0000
[367] [M]: 0x00000000800005B8 (0x00000197) auipc x3, 0x0                            inst_42+0
x3 <- 0x00000000800005B8

clint mtime 0x00000000000000B8 (mip.MTI <- 0b1, mip.STI <- 0b0)
mem[X,0x00000000800005BC] -> 0x8193
mem[X,0x00000000800005BE] -> 0x0081
[368] [M]: 0x00000000800005BC (0x00818193) addi x3, x3, 0x8                         inst_42+4
x3 <- 0x00000000800005C0

mem[X,0x00000000800005C0] -> 0x0517
mem[X,0x00000000800005C2] -> 0x0800
[369] [M]: 0x00000000800005C0 (0x08000517) auipc x10, 0x8000                        inst_42+8
x10 <- 0x00000000880005C0

clint mtime 0x00000000000000B9 (mip.MTI <- 0b1, mip.STI <- 0b0)
mem[X,0x00000000800005C4] -> 0x0533
mem[X,0x00000000800005C6] -> 0x4035
[370] [M]: 0x00000000800005C4 (0x40350533) sub x10, x10, x3                         inst_42+12
x10 <- 0x0000000008000000

mem[X,0x00000000800005C8] -> 0x0193
mem[X,0x00000000800005CA] -> 0x0000
[371] [M]: 0x00000000800005C8 (0x00000193) addi x3, x0, 0x0                         inst_42+16
x3 <- 0x0000000000000000

clint mtime 0x00000000000000BA (mip.MTI <- 0b1, mip.STI <- 0b0)
mem[X,0x00000000800005CC] -> 0xB423
mem[X,0x00000000800005CE] -> 0x06A0
[372] [M]: 0x00000000800005CC (0x06A0B423) sd x10, 0x68(x1)                         inst_42+20
mem[W,0x0000000080003268] <- 0x0000000008000000

mem[X,0x00000000800005D0] -> 0x0197
mem[X,0x00000000800005D2] -> 0x0000
[373] [M]: 0x00000000800005D0 (0x00000197) auipc x3, 0x0                            inst_43+0
x3 <- 0x00000000800005D0

clint mtime 0x00000000000000BB (mip.MTI <- 0b1, mip.STI <- 0b0)
mem[X,0x00000000800005D4] -> 0x8193
mem[X,0x00000000800005D6] -> 0x0081
[374] [M]: 0x00000000800005D4 (0x00818193) addi x3, x3, 0x8                         inst_43+4
x3 <- 0x00000000800005D8

mem[X,0x00000000800005D8] -> 0x0517
mem[X,0x00000000800005DA] -> 0x1000
[375] [M]: 0x00000000800005D8 (0x10000517) auipc x10, 0x10000                       inst_43+8
x10 <- 0x00000000900005D8

clint mtime 0x00000000000000BC (mip.MTI <- 0b1, mip.STI <- 0b0)
mem[X,0x00000000800005DC] -> 0x0533
mem[X,0x00000000800005DE] -> 0x4035
[376] [M]: 0x00000000800005DC (0x40350533) sub x10, x10, x3                         inst_43+12
x10 <- 0x0000000010000000

mem[X,0x00000000800005E0] -> 0x0193
mem[X,0x00000000800005E2] -> 0x0000
[377] [M]: 0x00000000800005E0 (0x00000193) addi x3, x0, 0x0                         inst_43+16
x3 <- 0x0000000000000000

clint mtime 0x00000000000000BD (mip.MTI <- 0b1, mip.STI <- 0b0)
mem[X,0x00000000800005E4] -> 0xB823
mem[X,0x00000000800005E6] -> 0x06A0
[378] [M]: 0x00000000800005E4 (0x06A0B823) sd x10, 0x70(x1)                         inst_43+20
mem[W,0x0000000080003270] <- 0x0000000010000000

mem[X,0x00000000800005E8] -> 0x0197
mem[X,0x00000000800005EA] -> 0x0000
[379] [M]: 0x00000000800005E8 (0x00000197) auipc x3, 0x0                            inst_44+0
x3 <- 0x00000000800005E8

clint mtime 0x00000000000000BE (mip.MTI <- 0b1, mip.STI <- 0b0)
mem[X,0x00000000800005EC] -> 0x8193
mem[X,0x00000000800005EE] -> 0x0081
[380] [M]: 0x00000000800005EC (0x00818193) addi x3, x3, 0x8                         inst_44+4
x3 <- 0x00000000800005F0

mem[X,0x00000000800005F0] -> 0x0517
mem[X,0x00000000800005F2] -> 0x2000
[381] [M]: 0x00000000800005F0 (0x20000517) auipc x10, 0x20000                       inst_44+8
x10 <- 0x00000000A00005F0

clint mtime 0x00000000000000BF (mip.MTI <- 0b1, mip.STI <- 0b0)
mem[X,0x00000000800005F4] -> 0x0533
mem[X,0x00000000800005F6] -> 0x4035
[382] [M]: 0x00000000800005F4 (0x40350533) sub x10, x10, x3                         inst_44+12
x10 <- 0x0000000020000000

mem[X,0x00000000800005F8] -> 0x0193
mem[X,0x00000000800005FA] -> 0x0000
[383] [M]: 0x00000000800005F8 (0x00000193) addi x3, x0, 0x0                         inst_44+16
x3 <- 0x0000000000000000

clint mtime 0x00000000000000C0 (mip.MTI <- 0b1, mip.STI <- 0b0)
mem[X,0x00000000800005FC] -> 0xBC23
mem[X,0x00000000800005FE] -> 0x06A0
[384] [M]: 0x00000000800005FC (0x06A0BC23) sd x10, 0x78(x1)                         inst_44+20
mem[W,0x0000000080003278] <- 0x0000000020000000

mem[X,0x0000000080000600] -> 0x0197
mem[X,0x0000000080000602] -> 0x0000
[385] [M]: 0x0000000080000600 (0x00000197) auipc x3, 0x0                            inst_45+0
x3 <- 0x0000000080000600

clint mtime 0x00000000000000C1 (mip.MTI <- 0b1, mip.STI <- 0b0)
mem[X,0x0000000080000604] -> 0x8193
mem[X,0x0000000080000606] -> 0x0081
[386] [M]: 0x0000000080000604 (0x00818193) addi x3, x3, 0x8                         inst_45+4
x3 <- 0x0000000080000608

mem[X,0x0000000080000608] -> 0x0517
mem[X,0x000000008000060A] -> 0x4000
[387] [M]: 0x0000000080000608 (0x40000517) auipc x10, 0x40000                       inst_45+8
x10 <- 0x00000000C0000608

clint mtime 0x00000000000000C2 (mip.MTI <- 0b1, mip.STI <- 0b0)
mem[X,0x000000008000060C] -> 0x0533
mem[X,0x000000008000060E] -> 0x4035
[388] [M]: 0x000000008000060C (0x40350533) sub x10, x10, x3                         inst_45+12
x10 <- 0x0000000040000000

mem[X,0x0000000080000610] -> 0x0193
mem[X,0x0000000080000612] -> 0x0000
[389] [M]: 0x0000000080000610 (0x00000193) addi x3, x0, 0x0                         inst_45+16
x3 <- 0x0000000000000000

clint mtime 0x00000000000000C3 (mip.MTI <- 0b1, mip.STI <- 0b0)
mem[X,0x0000000080000614] -> 0xB023
mem[X,0x0000000080000616] -> 0x08A0
[390] [M]: 0x0000000080000614 (0x08A0B023) sd x10, 0x80(x1)                         inst_45+20
mem[W,0x0000000080003280] <- 0x0000000040000000

mem[X,0x0000000080000618] -> 0x0197
mem[X,0x000000008000061A] -> 0x0000
[391] [M]: 0x0000000080000618 (0x00000197) auipc x3, 0x0                            inst_46+0
x3 <- 0x0000000080000618

clint mtime 0x00000000000000C4 (mip.MTI <- 0b1, mip.STI <- 0b0)
mem[X,0x000000008000061C] -> 0x8193
mem[X,0x000000008000061E] -> 0x0081
[392] [M]: 0x000000008000061C (0x00818193) addi x3, x3, 0x8                         inst_46+4
x3 <- 0x0000000080000620

mem[X,0x0000000080000620] -> 0x0517
mem[X,0x0000000080000622] -> 0x8000
[393] [M]: 0x0000000080000620 (0x80000517) auipc x10, -0x80000                      inst_46+8
x10 <- 0x0000000000000620

clint mtime 0x00000000000000C5 (mip.MTI <- 0b1, mip.STI <- 0b0)
mem[X,0x0000000080000624] -> 0x0533
mem[X,0x0000000080000626] -> 0x4035
[394] [M]: 0x0000000080000624 (0x40350533) sub x10, x10, x3                         inst_46+12
x10 <- 0xFFFFFFFF80000000

mem[X,0x0000000080000628] -> 0x0193
mem[X,0x000000008000062A] -> 0x0000
[395] [M]: 0x0000000080000628 (0x00000193) addi x3, x0, 0x0                         inst_46+16
x3 <- 0x0000000000000000

clint mtime 0x00000000000000C6 (mip.MTI <- 0b1, mip.STI <- 0b0)
mem[X,0x000000008000062C] -> 0xB423
mem[X,0x000000008000062E] -> 0x08A0
[396] [M]: 0x000000008000062C (0x08A0B423) sd x10, 0x88(x1)                         inst_46+20
mem[W,0x0000000080003288] <- 0xFFFFFFFF80000000

mem[X,0x0000000080000630] -> 0x0197
mem[X,0x0000000080000632] -> 0x0000
[397] [M]: 0x0000000080000630 (0x00000197) auipc x3, 0x0                            inst_47+0
x3 <- 0x0000000080000630

clint mtime 0x00000000000000C7 (mip.MTI <- 0b1, mip.STI <- 0b0)
mem[X,0x0000000080000634] -> 0x8193
mem[X,0x0000000080000636] -> 0x0081
[398] [M]: 0x0000000080000634 (0x00818193) addi x3, x3, 0x8                         inst_47+4
x3 <- 0x0000000080000638

mem[X,0x0000000080000638] -> 0xE517
mem[X,0x000000008000063A] -> 0xFFFF
[399] [M]: 0x0000000080000638 (0xFFFFE517) auipc x10, -0x2                          inst_47+8
x10 <- 0x000000007FFFE638

clint mtime 0x00000000000000C8 (mip.MTI <- 0b1, mip.STI <- 0b0)
mem[X,0x000000008000063C] -> 0x0533
mem[X,0x000000008000063E] -> 0x4035
[400] [M]: 0x000000008000063C (0x40350533) sub x10, x10, x3                         inst_47+12
x10 <- 0xFFFFFFFFFFFFE000

mem[X,0x0000000080000640] -> 0x0193
mem[X,0x0000000080000642] -> 0x0000
[401] [M]: 0x0000000080000640 (0x00000193) addi x3, x0, 0x0                         inst_47+16
x3 <- 0x0000000000000000

clint mtime 0x00000000000000C9 (mip.MTI <- 0b1, mip.STI <- 0b0)
mem[X,0x0000000080000644] -> 0xB823
mem[X,0x0000000080000646] -> 0x08A0
[402] [M]: 0x0000000080000644 (0x08A0B823) sd x10, 0x90(x1)                         inst_47+20
mem[W,0x0000000080003290] <- 0xFFFFFFFFFFFFE000

mem[X,0x0000000080000648] -> 0x0197
mem[X,0x000000008000064A] -> 0x0000
[403] [M]: 0x0000000080000648 (0x00000197) auipc x3, 0x0                            inst_48+0
x3 <- 0x0000000080000648

clint mtime 0x00000000000000CA (mip.MTI <- 0b1, mip.STI <- 0b0)
mem[X,0x000000008000064C] -> 0x8193
mem[X,0x000000008000064E] -> 0x0081
[404] [M]: 0x000000008000064C (0x00818193) addi x3, x3, 0x8                         inst_48+4
x3 <- 0x0000000080000650

mem[X,0x0000000080000650] -> 0xD517
mem[X,0x0000000080000652] -> 0xFFFF
[405] [M]: 0x0000000080000650 (0xFFFFD517) auipc x10, -0x3                          inst_48+8
x10 <- 0x000000007FFFD650

clint mtime 0x00000000000000CB (mip.MTI <- 0b1, mip.STI <- 0b0)
mem[X,0x0000000080000654] -> 0x0533
mem[X,0x0000000080000656] -> 0x4035
[406] [M]: 0x0000000080000654 (0x40350533) sub x10, x10, x3                         inst_48+12
x10 <- 0xFFFFFFFFFFFFD000

mem[X,0x0000000080000658] -> 0x0193
mem[X,0x000000008000065A] -> 0x0000
[407] [M]: 0x0000000080000658 (0x00000193) addi x3, x0, 0x0                         inst_48+16
x3 <- 0x0000000000000000

clint mtime 0x00000000000000CC (mip.MTI <- 0b1, mip.STI <- 0b0)
mem[X,0x000000008000065C] -> 0xBC23
mem[X,0x000000008000065E] -> 0x08A0
[408] [M]: 0x000000008000065C (0x08A0BC23) sd x10, 0x98(x1)                         inst_48+20
mem[W,0x0000000080003298] <- 0xFFFFFFFFFFFFD000

mem[X,0x0000000080000660] -> 0x0197
mem[X,0x0000000080000662] -> 0x0000
[409] [M]: 0x0000000080000660 (0x00000197) auipc x3, 0x0                            inst_49+0
x3 <- 0x0000000080000660

clint mtime 0x00000000000000CD (mip.MTI <- 0b1, mip.STI <- 0b0)
mem[X,0x0000000080000664] -> 0x8193
mem[X,0x0000000080000666] -> 0x0081
[410] [M]: 0x0000000080000664 (0x00818193) addi x3, x3, 0x8                         inst_49+4
x3 <- 0x0000000080000668

mem[X,0x0000000080000668] -> 0xB517
mem[X,0x000000008000066A] -> 0xFFFF
[411] [M]: 0x0000000080000668 (0xFFFFB517) auipc x10, -0x5                          inst_49+8
x10 <- 0x000000007FFFB668

clint mtime 0x00000000000000CE (mip.MTI <- 0b1, mip.STI <- 0b0)
mem[X,0x000000008000066C] -> 0x0533
mem[X,0x000000008000066E] -> 0x4035
[412] [M]: 0x000000008000066C (0x40350533) sub x10, x10, x3                         inst_49+12
x10 <- 0xFFFFFFFFFFFFB000

mem[X,0x0000000080000670] -> 0x0193
mem[X,0x0000000080000672] -> 0x0000
[413] [M]: 0x0000000080000670 (0x00000193) addi x3, x0, 0x0                         inst_49+16
x3 <- 0x0000000000000000

clint mtime 0x00000000000000CF (mip.MTI <- 0b1, mip.STI <- 0b0)
mem[X,0x0000000080000674] -> 0xB023
mem[X,0x0000000080000676] -> 0x0AA0
[414] [M]: 0x0000000080000674 (0x0AA0B023) sd x10, 0xa0(x1)                         inst_49+20
mem[W,0x00000000800032A0] <- 0xFFFFFFFFFFFFB000

mem[X,0x0000000080000678] -> 0x0197
mem[X,0x000000008000067A] -> 0x0000
[415] [M]: 0x0000000080000678 (0x00000197) auipc x3, 0x0                            inst_50+0
x3 <- 0x0000000080000678

clint mtime 0x00000000000000D0 (mip.MTI <- 0b1, mip.STI <- 0b0)
mem[X,0x000000008000067C] -> 0x8193
mem[X,0x000000008000067E] -> 0x0081
[416] [M]: 0x000000008000067C (0x00818193) addi x3, x3, 0x8                         inst_50+4
x3 <- 0x0000000080000680

mem[X,0x0000000080000680] -> 0x7517
mem[X,0x0000000080000682] -> 0xFFFF
[417] [M]: 0x0000000080000680 (0xFFFF7517) auipc x10, -0x9                          inst_50+8
x10 <- 0x000000007FFF7680

clint mtime 0x00000000000000D1 (mip.MTI <- 0b1, mip.STI <- 0b0)
mem[X,0x0000000080000684] -> 0x0533
mem[X,0x0000000080000686] -> 0x4035
[418] [M]: 0x0000000080000684 (0x40350533) sub x10, x10, x3                         inst_50+12
x10 <- 0xFFFFFFFFFFFF7000

mem[X,0x0000000080000688] -> 0x0193
mem[X,0x000000008000068A] -> 0x0000
[419] [M]: 0x0000000080000688 (0x00000193) addi x3, x0, 0x0                         inst_50+16
x3 <- 0x0000000000000000

clint mtime 0x00000000000000D2 (mip.MTI <- 0b1, mip.STI <- 0b0)
mem[X,0x000000008000068C] -> 0xB423
mem[X,0x000000008000068E] -> 0x0AA0
[420] [M]: 0x000000008000068C (0x0AA0B423) sd x10, 0xa8(x1)                         inst_50+20
mem[W,0x00000000800032A8] <- 0xFFFFFFFFFFFF7000

mem[X,0x0000000080000690] -> 0x0197
mem[X,0x0000000080000692] -> 0x0000
[421] [M]: 0x0000000080000690 (0x00000197) auipc x3, 0x0                            inst_51+0
x3 <- 0x0000000080000690

clint mtime 0x00000000000000D3 (mip.MTI <- 0b1, mip.STI <- 0b0)
mem[X,0x0000000080000694] -> 0x8193
mem[X,0x0000000080000696] -> 0x0081
[422] [M]: 0x0000000080000694 (0x00818193) addi x3, x3, 0x8                         inst_51+4
x3 <- 0x0000000080000698

mem[X,0x0000000080000698] -> 0xF517
mem[X,0x000000008000069A] -> 0xFFFE
[423] [M]: 0x0000000080000698 (0xFFFEF517) auipc x10, -0x11                         inst_51+8
x10 <- 0x000000007FFEF698

clint mtime 0x00000000000000D4 (mip.MTI <- 0b1, mip.STI <- 0b0)
mem[X,0x000000008000069C] -> 0x0533
mem[X,0x000000008000069E] -> 0x4035
[424] [M]: 0x000000008000069C (0x40350533) sub x10, x10, x3                         inst_51+12
x10 <- 0xFFFFFFFFFFFEF000

mem[X,0x00000000800006A0] -> 0x0193
mem[X,0x00000000800006A2] -> 0x0000
[425] [M]: 0x00000000800006A0 (0x00000193) addi x3, x0, 0x0                         inst_51+16
x3 <- 0x0000000000000000

clint mtime 0x00000000000000D5 (mip.MTI <- 0b1, mip.STI <- 0b0)
mem[X,0x00000000800006A4] -> 0xB823
mem[X,0x00000000800006A6] -> 0x0AA0
[426] [M]: 0x00000000800006A4 (0x0AA0B823) sd x10, 0xb0(x1)                         inst_51+20
mem[W,0x00000000800032B0] <- 0xFFFFFFFFFFFEF000

mem[X,0x00000000800006A8] -> 0x0197
mem[X,0x00000000800006AA] -> 0x0000
[427] [M]: 0x00000000800006A8 (0x00000197) auipc x3, 0x0                            inst_52+0
x3 <- 0x00000000800006A8

clint mtime 0x00000000000000D6 (mip.MTI <- 0b1, mip.STI <- 0b0)
mem[X,0x00000000800006AC] -> 0x8193
mem[X,0x00000000800006AE] -> 0x0081
[428] [M]: 0x00000000800006AC (0x00818193) addi x3, x3, 0x8                         inst_52+4
x3 <- 0x00000000800006B0

mem[X,0x00000000800006B0] -> 0xF517
mem[X,0x00000000800006B2] -> 0xFFFD
[429] [M]: 0x00000000800006B0 (0xFFFDF517) auipc x10, -0x21                         inst_52+8
x10 <- 0x000000007FFDF6B0

clint mtime 0x00000000000000D7 (mip.MTI <- 0b1, mip.STI <- 0b0)
mem[X,0x00000000800006B4] -> 0x0533
mem[X,0x00000000800006B6] -> 0x4035
[430] [M]: 0x00000000800006B4 (0x40350533) sub x10, x10, x3                         inst_52+12
x10 <- 0xFFFFFFFFFFFDF000

mem[X,0x00000000800006B8] -> 0x0193
mem[X,0x00000000800006BA] -> 0x0000
[431] [M]: 0x00000000800006B8 (0x00000193) addi x3, x0, 0x0                         inst_52+16
x3 <- 0x0000000000000000

clint mtime 0x00000000000000D8 (mip.MTI <- 0b1, mip.STI <- 0b0)
mem[X,0x00000000800006BC] -> 0xBC23
mem[X,0x00000000800006BE] -> 0x0AA0
[432] [M]: 0x00000000800006BC (0x0AA0BC23) sd x10, 0xb8(x1)                         inst_52+20
mem[W,0x00000000800032B8] <- 0xFFFFFFFFFFFDF000

mem[X,0x00000000800006C0] -> 0x0197
mem[X,0x00000000800006C2] -> 0x0000
[433] [M]: 0x00000000800006C0 (0x00000197) auipc x3, 0x0                            inst_53+0
x3 <- 0x00000000800006C0

clint mtime 0x00000000000000D9 (mip.MTI <- 0b1, mip.STI <- 0b0)
mem[X,0x00000000800006C4] -> 0x8193
mem[X,0x00000000800006C6] -> 0x0081
[434] [M]: 0x00000000800006C4 (0x00818193) addi x3, x3, 0x8                         inst_53+4
x3 <- 0x00000000800006C8

mem[X,0x00000000800006C8] -> 0xF517
mem[X,0x00000000800006CA] -> 0xFFFB
[435] [M]: 0x00000000800006C8 (0xFFFBF517) auipc x10, -0x41                         inst_53+8
x10 <- 0x000000007FFBF6C8

clint mtime 0x00000000000000DA (mip.MTI <- 0b1, mip.STI <- 0b0)
mem[X,0x00000000800006CC] -> 0x0533
mem[X,0x00000000800006CE] -> 0x4035
[436] [M]: 0x00000000800006CC (0x40350533) sub x10, x10, x3                         inst_53+12
x10 <- 0xFFFFFFFFFFFBF000

mem[X,0x00000000800006D0] -> 0x0193
mem[X,0x00000000800006D2] -> 0x0000
[437] [M]: 0x00000000800006D0 (0x00000193) addi x3, x0, 0x0                         inst_53+16
x3 <- 0x0000000000000000

clint mtime 0x00000000000000DB (mip.MTI <- 0b1, mip.STI <- 0b0)
mem[X,0x00000000800006D4] -> 0xB023
mem[X,0x00000000800006D6] -> 0x0CA0
[438] [M]: 0x00000000800006D4 (0x0CA0B023) sd x10, 0xc0(x1)                         inst_53+20
mem[W,0x00000000800032C0] <- 0xFFFFFFFFFFFBF000

mem[X,0x00000000800006D8] -> 0x0197
mem[X,0x00000000800006DA] -> 0x0000
[439] [M]: 0x00000000800006D8 (0x00000197) auipc x3, 0x0                            inst_54+0
x3 <- 0x00000000800006D8

clint mtime 0x00000000000000DC (mip.MTI <- 0b1, mip.STI <- 0b0)
mem[X,0x00000000800006DC] -> 0x8193
mem[X,0x00000000800006DE] -> 0x0081
[440] [M]: 0x00000000800006DC (0x00818193) addi x3, x3, 0x8                         inst_54+4
x3 <- 0x00000000800006E0

mem[X,0x00000000800006E0] -> 0xF517
mem[X,0x00000000800006E2] -> 0xFFF7
[441] [M]: 0x00000000800006E0 (0xFFF7F517) auipc x10, -0x81                         inst_54+8
x10 <- 0x000000007FF7F6E0

clint mtime 0x00000000000000DD (mip.MTI <- 0b1, mip.STI <- 0b0)
mem[X,0x00000000800006E4] -> 0x0533
mem[X,0x00000000800006E6] -> 0x4035
[442] [M]: 0x00000000800006E4 (0x40350533) sub x10, x10, x3                         inst_54+12
x10 <- 0xFFFFFFFFFFF7F000

mem[X,0x00000000800006E8] -> 0x0193
mem[X,0x00000000800006EA] -> 0x0000
[443] [M]: 0x00000000800006E8 (0x00000193) addi x3, x0, 0x0                         inst_54+16
x3 <- 0x0000000000000000

clint mtime 0x00000000000000DE (mip.MTI <- 0b1, mip.STI <- 0b0)
mem[X,0x00000000800006EC] -> 0xB423
mem[X,0x00000000800006EE] -> 0x0CA0
[444] [M]: 0x00000000800006EC (0x0CA0B423) sd x10, 0xc8(x1)                         inst_54+20
mem[W,0x00000000800032C8] <- 0xFFFFFFFFFFF7F000

mem[X,0x00000000800006F0] -> 0x0197
mem[X,0x00000000800006F2] -> 0x0000
[445] [M]: 0x00000000800006F0 (0x00000197) auipc x3, 0x0                            inst_55+0
x3 <- 0x00000000800006F0

clint mtime 0x00000000000000DF (mip.MTI <- 0b1, mip.STI <- 0b0)
mem[X,0x00000000800006F4] -> 0x8193
mem[X,0x00000000800006F6] -> 0x0081
[446] [M]: 0x00000000800006F4 (0x00818193) addi x3, x3, 0x8                         inst_55+4
x3 <- 0x00000000800006F8

mem[X,0x00000000800006F8] -> 0xF517
mem[X,0x00000000800006FA] -> 0xFFEF
[447] [M]: 0x00000000800006F8 (0xFFEFF517) auipc x10, -0x101                        inst_55+8
x10 <- 0x000000007FEFF6F8

clint mtime 0x00000000000000E0 (mip.MTI <- 0b1, mip.STI <- 0b0)
mem[X,0x00000000800006FC] -> 0x0533
mem[X,0x00000000800006FE] -> 0x4035
[448] [M]: 0x00000000800006FC (0x40350533) sub x10, x10, x3                         inst_55+12
x10 <- 0xFFFFFFFFFFEFF000

mem[X,0x0000000080000700] -> 0x0193
mem[X,0x0000000080000702] -> 0x0000
[449] [M]: 0x0000000080000700 (0x00000193) addi x3, x0, 0x0                         inst_55+16
x3 <- 0x0000000000000000

clint mtime 0x00000000000000E1 (mip.MTI <- 0b1, mip.STI <- 0b0)
mem[X,0x0000000080000704] -> 0xB823
mem[X,0x0000000080000706] -> 0x0CA0
[450] [M]: 0x0000000080000704 (0x0CA0B823) sd x10, 0xd0(x1)                         inst_55+20
mem[W,0x00000000800032D0] <- 0xFFFFFFFFFFEFF000

mem[X,0x0000000080000708] -> 0x0197
mem[X,0x000000008000070A] -> 0x0000
[451] [M]: 0x0000000080000708 (0x00000197) auipc x3, 0x0                            inst_56+0
x3 <- 0x0000000080000708

clint mtime 0x00000000000000E2 (mip.MTI <- 0b1, mip.STI <- 0b0)
mem[X,0x000000008000070C] -> 0x8193
mem[X,0x000000008000070E] -> 0x0081
[452] [M]: 0x000000008000070C (0x00818193) addi x3, x3, 0x8                         inst_56+4
x3 <- 0x0000000080000710

mem[X,0x0000000080000710] -> 0xF517
mem[X,0x0000000080000712] -> 0xFFBF
[453] [M]: 0x0000000080000710 (0xFFBFF517) auipc x10, -0x401                        inst_56+8
x10 <- 0x000000007FBFF710

clint mtime 0x00000000000000E3 (mip.MTI <- 0b1, mip.STI <- 0b0)
mem[X,0x0000000080000714] -> 0x0533
mem[X,0x0000000080000716] -> 0x4035
[454] [M]: 0x0000000080000714 (0x40350533) sub x10, x10, x3                         inst_56+12
x10 <- 0xFFFFFFFFFFBFF000

mem[X,0x0000000080000718] -> 0x0193
mem[X,0x000000008000071A] -> 0x0000
[455] [M]: 0x0000000080000718 (0x00000193) addi x3, x0, 0x0                         inst_56+16
x3 <- 0x0000000000000000

clint mtime 0x00000000000000E4 (mip.MTI <- 0b1, mip.STI <- 0b0)
mem[X,0x000000008000071C] -> 0xBC23
mem[X,0x000000008000071E] -> 0x0CA0
[456] [M]: 0x000000008000071C (0x0CA0BC23) sd x10, 0xd8(x1)                         inst_56+20
mem[W,0x00000000800032D8] <- 0xFFFFFFFFFFBFF000

mem[X,0x0000000080000720] -> 0x0197
mem[X,0x0000000080000722] -> 0x0000
[457] [M]: 0x0000000080000720 (0x00000197) auipc x3, 0x0                            inst_57+0
x3 <- 0x0000000080000720

clint mtime 0x00000000000000E5 (mip.MTI <- 0b1, mip.STI <- 0b0)
mem[X,0x0000000080000724] -> 0x8193
mem[X,0x0000000080000726] -> 0x0081
[458] [M]: 0x0000000080000724 (0x00818193) addi x3, x3, 0x8                         inst_57+4
x3 <- 0x0000000080000728

mem[X,0x0000000080000728] -> 0xF517
mem[X,0x000000008000072A] -> 0xFF7F
[459] [M]: 0x0000000080000728 (0xFF7FF517) auipc x10, -0x801                        inst_57+8
x10 <- 0x000000007F7FF728

clint mtime 0x00000000000000E6 (mip.MTI <- 0b1, mip.STI <- 0b0)
mem[X,0x000000008000072C] -> 0x0533
mem[X,0x000000008000072E] -> 0x4035
[460] [M]: 0x000000008000072C (0x40350533) sub x10, x10, x3                         inst_57+12
x10 <- 0xFFFFFFFFFF7FF000

mem[X,0x0000000080000730] -> 0x0193
mem[X,0x0000000080000732] -> 0x0000
[461] [M]: 0x0000000080000730 (0x00000193) addi x3, x0, 0x0                         inst_57+16
x3 <- 0x0000000000000000

clint mtime 0x00000000000000E7 (mip.MTI <- 0b1, mip.STI <- 0b0)
mem[X,0x0000000080000734] -> 0xB023
mem[X,0x0000000080000736] -> 0x0EA0
[462] [M]: 0x0000000080000734 (0x0EA0B023) sd x10, 0xe0(x1)                         inst_57+20
mem[W,0x00000000800032E0] <- 0xFFFFFFFFFF7FF000

mem[X,0x0000000080000738] -> 0x0197
mem[X,0x000000008000073A] -> 0x0000
[463] [M]: 0x0000000080000738 (0x00000197) auipc x3, 0x0                            inst_58+0
x3 <- 0x0000000080000738

clint mtime 0x00000000000000E8 (mip.MTI <- 0b1, mip.STI <- 0b0)
mem[X,0x000000008000073C] -> 0x8193
mem[X,0x000000008000073E] -> 0x0081
[464] [M]: 0x000000008000073C (0x00818193) addi x3, x3, 0x8                         inst_58+4
x3 <- 0x0000000080000740

mem[X,0x0000000080000740] -> 0xF517
mem[X,0x0000000080000742] -> 0xFEFF
[465] [M]: 0x0000000080000740 (0xFEFFF517) auipc x10, -0x1001                       inst_58+8
x10 <- 0x000000007EFFF740

clint mtime 0x00000000000000E9 (mip.MTI <- 0b1, mip.STI <- 0b0)
mem[X,0x0000000080000744] -> 0x0533
mem[X,0x0000000080000746] -> 0x4035
[466] [M]: 0x0000000080000744 (0x40350533) sub x10, x10, x3                         inst_58+12
x10 <- 0xFFFFFFFFFEFFF000

mem[X,0x0000000080000748] -> 0x0193
mem[X,0x000000008000074A] -> 0x0000
[467] [M]: 0x0000000080000748 (0x00000193) addi x3, x0, 0x0                         inst_58+16
x3 <- 0x0000000000000000

clint mtime 0x00000000000000EA (mip.MTI <- 0b1, mip.STI <- 0b0)
mem[X,0x000000008000074C] -> 0xB423
mem[X,0x000000008000074E] -> 0x0EA0
[468] [M]: 0x000000008000074C (0x0EA0B423) sd x10, 0xe8(x1)                         inst_58+20
mem[W,0x00000000800032E8] <- 0xFFFFFFFFFEFFF000

mem[X,0x0000000080000750] -> 0x0197
mem[X,0x0000000080000752] -> 0x0000
[469] [M]: 0x0000000080000750 (0x00000197) auipc x3, 0x0                            inst_59+0
x3 <- 0x0000000080000750

clint mtime 0x00000000000000EB (mip.MTI <- 0b1, mip.STI <- 0b0)
mem[X,0x0000000080000754] -> 0x8193
mem[X,0x0000000080000756] -> 0x0081
[470] [M]: 0x0000000080000754 (0x00818193) addi x3, x3, 0x8                         inst_59+4
x3 <- 0x0000000080000758

mem[X,0x0000000080000758] -> 0xF517
mem[X,0x000000008000075A] -> 0xFDFF
[471] [M]: 0x0000000080000758 (0xFDFFF517) auipc x10, -0x2001                       inst_59+8
x10 <- 0x000000007DFFF758

clint mtime 0x00000000000000EC (mip.MTI <- 0b1, mip.STI <- 0b0)
mem[X,0x000000008000075C] -> 0x0533
mem[X,0x000000008000075E] -> 0x4035
[472] [M]: 0x000000008000075C (0x40350533) sub x10, x10, x3                         inst_59+12
x10 <- 0xFFFFFFFFFDFFF000

mem[X,0x0000000080000760] -> 0x0193
mem[X,0x0000000080000762] -> 0x0000
[473] [M]: 0x0000000080000760 (0x00000193) addi x3, x0, 0x0                         inst_59+16
x3 <- 0x0000000000000000

clint mtime 0x00000000000000ED (mip.MTI <- 0b1, mip.STI <- 0b0)
mem[X,0x0000000080000764] -> 0xB823
mem[X,0x0000000080000766] -> 0x0EA0
[474] [M]: 0x0000000080000764 (0x0EA0B823) sd x10, 0xf0(x1)                         inst_59+20
mem[W,0x00000000800032F0] <- 0xFFFFFFFFFDFFF000

mem[X,0x0000000080000768] -> 0x0197
mem[X,0x000000008000076A] -> 0x0000
[475] [M]: 0x0000000080000768 (0x00000197) auipc x3, 0x0                            inst_60+0
x3 <- 0x0000000080000768

clint mtime 0x00000000000000EE (mip.MTI <- 0b1, mip.STI <- 0b0)
mem[X,0x000000008000076C] -> 0x8193
mem[X,0x000000008000076E] -> 0x0081
[476] [M]: 0x000000008000076C (0x00818193) addi x3, x3, 0x8                         inst_60+4
x3 <- 0x0000000080000770

mem[X,0x0000000080000770] -> 0xF517
mem[X,0x0000000080000772] -> 0xFBFF
[477] [M]: 0x0000000080000770 (0xFBFFF517) auipc x10, -0x4001                       inst_60+8
x10 <- 0x000000007BFFF770

clint mtime 0x00000000000000EF (mip.MTI <- 0b1, mip.STI <- 0b0)
mem[X,0x0000000080000774] -> 0x0533
mem[X,0x0000000080000776] -> 0x4035
[478] [M]: 0x0000000080000774 (0x40350533) sub x10, x10, x3                         inst_60+12
x10 <- 0xFFFFFFFFFBFFF000

mem[X,0x0000000080000778] -> 0x0193
mem[X,0x000000008000077A] -> 0x0000
[479] [M]: 0x0000000080000778 (0x00000193) addi x3, x0, 0x0                         inst_60+16
x3 <- 0x0000000000000000

clint mtime 0x00000000000000F0 (mip.MTI <- 0b1, mip.STI <- 0b0)
mem[X,0x000000008000077C] -> 0xBC23
mem[X,0x000000008000077E] -> 0x0EA0
[480] [M]: 0x000000008000077C (0x0EA0BC23) sd x10, 0xf8(x1)                         inst_60+20
mem[W,0x00000000800032F8] <- 0xFFFFFFFFFBFFF000

mem[X,0x0000000080000780] -> 0x0197
mem[X,0x0000000080000782] -> 0x0000
[481] [M]: 0x0000000080000780 (0x00000197) auipc x3, 0x0                            inst_61+0
x3 <- 0x0000000080000780

clint mtime 0x00000000000000F1 (mip.MTI <- 0b1, mip.STI <- 0b0)
mem[X,0x0000000080000784] -> 0x8193
mem[X,0x0000000080000786] -> 0x0081
[482] [M]: 0x0000000080000784 (0x00818193) addi x3, x3, 0x8                         inst_61+4
x3 <- 0x0000000080000788

mem[X,0x0000000080000788] -> 0xF517
mem[X,0x000000008000078A] -> 0xF7FF
[483] [M]: 0x0000000080000788 (0xF7FFF517) auipc x10, -0x8001                       inst_61+8
x10 <- 0x0000000077FFF788

clint mtime 0x00000000000000F2 (mip.MTI <- 0b1, mip.STI <- 0b0)
mem[X,0x000000008000078C] -> 0x0533
mem[X,0x000000008000078E] -> 0x4035
[484] [M]: 0x000000008000078C (0x40350533) sub x10, x10, x3                         inst_61+12
x10 <- 0xFFFFFFFFF7FFF000

mem[X,0x0000000080000790] -> 0x0193
mem[X,0x0000000080000792] -> 0x0000
[485] [M]: 0x0000000080000790 (0x00000193) addi x3, x0, 0x0                         inst_61+16
x3 <- 0x0000000000000000

clint mtime 0x00000000000000F3 (mip.MTI <- 0b1, mip.STI <- 0b0)
mem[X,0x0000000080000794] -> 0xB023
mem[X,0x0000000080000796] -> 0x10A0
[486] [M]: 0x0000000080000794 (0x10A0B023) sd x10, 0x100(x1)                        inst_61+20
mem[W,0x0000000080003300] <- 0xFFFFFFFFF7FFF000

mem[X,0x0000000080000798] -> 0x0197
mem[X,0x000000008000079A] -> 0x0000
[487] [M]: 0x0000000080000798 (0x00000197) auipc x3, 0x0                            inst_62+0
x3 <- 0x0000000080000798

clint mtime 0x00000000000000F4 (mip.MTI <- 0b1, mip.STI <- 0b0)
mem[X,0x000000008000079C] -> 0x8193
mem[X,0x000000008000079E] -> 0x0081
[488] [M]: 0x000000008000079C (0x00818193) addi x3, x3, 0x8                         inst_62+4
x3 <- 0x00000000800007A0

mem[X,0x00000000800007A0] -> 0x4517
mem[X,0x00000000800007A2] -> 0x0000
[489] [M]: 0x00000000800007A0 (0x00004517) auipc x10, 0x4                           inst_62+8
x10 <- 0x00000000800047A0

clint mtime 0x00000000000000F5 (mip.MTI <- 0b1, mip.STI <- 0b0)
mem[X,0x00000000800007A4] -> 0x0533
mem[X,0x00000000800007A6] -> 0x4035
[490] [M]: 0x00000000800007A4 (0x40350533) sub x10, x10, x3                         inst_62+12
x10 <- 0x0000000000004000

mem[X,0x00000000800007A8] -> 0x0193
mem[X,0x00000000800007AA] -> 0x0000
[491] [M]: 0x00000000800007A8 (0x00000193) addi x3, x0, 0x0                         inst_62+16
x3 <- 0x0000000000000000

clint mtime 0x00000000000000F6 (mip.MTI <- 0b1, mip.STI <- 0b0)
mem[X,0x00000000800007AC] -> 0xB423
mem[X,0x00000000800007AE] -> 0x10A0
[492] [M]: 0x00000000800007AC (0x10A0B423) sd x10, 0x108(x1)                        inst_62+20
mem[W,0x0000000080003308] <- 0x0000000000004000

mem[X,0x00000000800007B0] -> 0x006F
mem[X,0x00000000800007B2] -> 0x0380
[493] [M]: 0x00000000800007B0 (0x0380006F) jal x0, 0x38                             rvtest_code_end+0

clint mtime 0x00000000000000F7 (mip.MTI <- 0b1, mip.STI <- 0b0)
mem[X,0x00000000800007E8] -> 0x0093
mem[X,0x00000000800007EA] -> 0x0010
[494] [M]: 0x00000000800007E8 (0x00100093) addi x1, x0, 0x1                         exit_cleanup+0
x1 <- 0x0000000000000001

mem[X,0x00000000800007EC] -> 0x1397
mem[X,0x00000000800007EE] -> 0x0000
[495] [M]: 0x00000000800007EC (0x00001397) auipc x7, 0x1                            exit_cleanup+4
x7 <- 0x00000000800017EC

clint mtime 0x00000000000000F8 (mip.MTI <- 0b1, mip.STI <- 0b0)
mem[X,0x00000000800007F0] -> 0xAA23
mem[X,0x00000000800007F2] -> 0x8013
[496] [M]: 0x00000000800007F0 (0x8013AA23) sw x1, -0x7ec(x7)                        exit_cleanup+8
htif[0x0000000080001000] <- 0x00000001
mem[W,0x0000000080001000] <- 0x00000001

mem[X,0x00000000800007F4] -> 0xF06F
mem[X,0x00000000800007F6] -> 0xFF9F
[497] [M]: 0x00000000800007F4 (0xFF9FF06F) jal x0, -0x8                             exit_cleanup+12

clint mtime 0x00000000000000F9 (mip.MTI <- 0b1, mip.STI <- 0b0)
mem[X,0x00000000800007EC] -> 0x1397
mem[X,0x00000000800007EE] -> 0x0000
[498] [M]: 0x00000000800007EC (0x00001397) auipc x7, 0x1                            exit_cleanup+4
x7 <- 0x00000000800017EC

mem[X,0x00000000800007F0] -> 0xAA23
mem[X,0x00000000800007F2] -> 0x8013
[499] [M]: 0x00000000800007F0 (0x8013AA23) sw x1, -0x7ec(x7)                        exit_cleanup+8
htif[0x0000000080001000] <- 0x00000001
mem[W,0x0000000080001000] <- 0x00000001

clint mtime 0x00000000000000FA (mip.MTI <- 0b1, mip.STI <- 0b0)
mem[X,0x00000000800007F4] -> 0xF06F
mem[X,0x00000000800007F6] -> 0xFF9F
[500] [M]: 0x00000000800007F4 (0xFF9FF06F) jal x0, -0x8                             exit_cleanup+12

mem[X,0x00000000800007EC] -> 0x1397
mem[X,0x00000000800007EE] -> 0x0000
[501] [M]: 0x00000000800007EC (0x00001397) auipc x7, 0x1                            exit_cleanup+4
x7 <- 0x00000000800017EC

clint mtime 0x00000000000000FB (mip.MTI <- 0b1, mip.STI <- 0b0)
mem[X,0x00000000800007F0] -> 0xAA23
mem[X,0x00000000800007F2] -> 0x8013
[502] [M]: 0x00000000800007F0 (0x8013AA23) sw x1, -0x7ec(x7)                        exit_cleanup+8
htif[0x0000000080001000] <- 0x00000001
htif-syscall-proxy cmd: 0x000000000001
mem[W,0x0000000080001000] <- 0x00000001

SUCCESS
