using /opt/riscv-arch-test/riscof-plugins/rv64/riscof_work/F/src/fcvt.lu.s_b29-01.S/ref/Reference-sail_c_simulator.signature for test-signature output.
setting signature-granularity to 8 bytes
HTIF located at 0x80001000
begin_signature: 0x80003110
end_signature: 0x80003630
Entry point: 0x80000000
CSR mstatus (0x300) <- 0x0000000A00000000
CSR misa (0x301) <- 0x800000000034112F
CSR mcause (0x342) <- 0x0000000000000000
x10 <- 0x0000000000000000
x11 <- 0x0000000000001000
mem[X,0x0000000080000000] -> 0x0837
mem[X,0x0000000080000002] -> 0x7D5C
[0] [M]: 0x0000000080000000 (0x7D5C0837) lui x16, 0x7d5c0                           rvtest_init+0
x16 <- 0x000000007D5C0000

mem[X,0x0000000080000004] -> 0x0813
mem[X,0x0000000080000006] -> 0xDDB8
[1] [M]: 0x0000000080000004 (0xDDB80813) addi x16, x16, -0x225                      rvtest_init+4
x16 <- 0x000000007D5BFDDB

clint mtime 0x0000000000000001 (mip.MTI <- 0b1, mip.STI <- 0b0)
mem[X,0x0000000080000008] -> 0x1813
mem[X,0x000000008000000A] -> 0x00B8
[2] [M]: 0x0000000080000008 (0x00B81813) slli x16, x16, 0xb                         rvtest_init+8
x16 <- 0x000003EADFEED800

mem[X,0x000000008000000C] -> 0x0813
mem[X,0x000000008000000E] -> 0x3EA8
[3] [M]: 0x000000008000000C (0x3EA80813) addi x16, x16, 0x3ea                       rvtest_init+12
x16 <- 0x000003EADFEEDBEA

clint mtime 0x0000000000000002 (mip.MTI <- 0b1, mip.STI <- 0b0)
mem[X,0x0000000080000010] -> 0x1813
mem[X,0x0000000080000012] -> 0x00B8
[4] [M]: 0x0000000080000010 (0x00B81813) slli x16, x16, 0xb                         rvtest_init+16
x16 <- 0x001F56FF76DF5000

mem[X,0x0000000080000014] -> 0x0813
mem[X,0x0000000080000016] -> 0x6FF8
[5] [M]: 0x0000000080000014 (0x6FF80813) addi x16, x16, 0x6ff                       rvtest_init+20
x16 <- 0x001F56FF76DF56FF

clint mtime 0x0000000000000003 (mip.MTI <- 0b1, mip.STI <- 0b0)
mem[X,0x0000000080000018] -> 0x1813
mem[X,0x000000008000001A] -> 0x00A8
[6] [M]: 0x0000000080000018 (0x00A81813) slli x16, x16, 0xa                         rvtest_init+24
x16 <- 0x7D5BFDDB7D5BFC00

mem[X,0x000000008000001C] -> 0x0813
mem[X,0x000000008000001E] -> 0x1DB8
[7] [M]: 0x000000008000001C (0x1DB80813) addi x16, x16, 0x1db                       rvtest_init+28
x16 <- 0x7D5BFDDB7D5BFDDB

clint mtime 0x0000000000000004 (mip.MTI <- 0b1, mip.STI <- 0b0)
mem[X,0x0000000080000020] -> 0x5893
mem[X,0x0000000080000022] -> 0x0078
[8] [M]: 0x0000000080000020 (0x00785893) srli x17, x16, 0x7                         rvtest_init+32
x17 <- 0x00FAB7FBB6FAB7FB

mem[X,0x0000000080000024] -> 0x5793
mem[X,0x0000000080000026] -> 0x0398
[9] [M]: 0x0000000080000024 (0x03985793) srli x15, x16, 0x39                        rvtest_init+36
x15 <- 0x000000000000003E

clint mtime 0x0000000000000005 (mip.MTI <- 0b1, mip.STI <- 0b0)
mem[X,0x0000000080000028] -> 0xE8B3
mem[X,0x000000008000002A] -> 0x00F8
[10] [M]: 0x0000000080000028 (0x00F8E8B3) or x17, x17, x15                          rvtest_init+40
x17 <- 0x00FAB7FBB6FAB7FF

mem[X,0x000000008000002C] -> 0xD913
mem[X,0x000000008000002E] -> 0x0078
[11] [M]: 0x000000008000002C (0x0078D913) srli x18, x17, 0x7                        rvtest_init+44
x18 <- 0x0001F56FF76DF56F

clint mtime 0x0000000000000006 (mip.MTI <- 0b1, mip.STI <- 0b0)
mem[X,0x0000000080000030] -> 0xD793
mem[X,0x0000000080000032] -> 0x0398
[12] [M]: 0x0000000080000030 (0x0398D793) srli x15, x17, 0x39                       rvtest_init+48
x15 <- 0x0000000000000000

mem[X,0x0000000080000034] -> 0x6933
mem[X,0x0000000080000036] -> 0x00F9
[13] [M]: 0x0000000080000034 (0x00F96933) or x18, x18, x15                          rvtest_init+52
x18 <- 0x0001F56FF76DF56F

clint mtime 0x0000000000000007 (mip.MTI <- 0b1, mip.STI <- 0b0)
mem[X,0x0000000080000038] -> 0x5993
mem[X,0x000000008000003A] -> 0x0079
[14] [M]: 0x0000000080000038 (0x00795993) srli x19, x18, 0x7                        rvtest_init+56
x19 <- 0x000003EADFEEDBEA

mem[X,0x000000008000003C] -> 0x5793
mem[X,0x000000008000003E] -> 0x0399
[15] [M]: 0x000000008000003C (0x03995793) srli x15, x18, 0x39                       rvtest_init+60
x15 <- 0x0000000000000000

clint mtime 0x0000000000000008 (mip.MTI <- 0b1, mip.STI <- 0b0)
mem[X,0x0000000080000040] -> 0xE9B3
mem[X,0x0000000080000042] -> 0x00F9
[16] [M]: 0x0000000080000040 (0x00F9E9B3) or x19, x19, x15                          rvtest_init+64
x19 <- 0x000003EADFEEDBEA

mem[X,0x0000000080000044] -> 0xDA13
mem[X,0x0000000080000046] -> 0x0079
[17] [M]: 0x0000000080000044 (0x0079DA13) srli x20, x19, 0x7                        rvtest_init+68
x20 <- 0x00000007D5BFDDB7

clint mtime 0x0000000000000009 (mip.MTI <- 0b1, mip.STI <- 0b0)
mem[X,0x0000000080000048] -> 0xD793
mem[X,0x000000008000004A] -> 0x0399
[18] [M]: 0x0000000080000048 (0x0399D793) srli x15, x19, 0x39                       rvtest_init+72
x15 <- 0x0000000000000000

mem[X,0x000000008000004C] -> 0x6A33
mem[X,0x000000008000004E] -> 0x00FA
[19] [M]: 0x000000008000004C (0x00FA6A33) or x20, x20, x15                          rvtest_init+76
x20 <- 0x00000007D5BFDDB7

clint mtime 0x000000000000000A (mip.MTI <- 0b1, mip.STI <- 0b0)
mem[X,0x0000000080000050] -> 0x5A93
mem[X,0x0000000080000052] -> 0x007A
[20] [M]: 0x0000000080000050 (0x007A5A93) srli x21, x20, 0x7                        rvtest_init+80
x21 <- 0x000000000FAB7FBB

mem[X,0x0000000080000054] -> 0x5793
mem[X,0x0000000080000056] -> 0x039A
[21] [M]: 0x0000000080000054 (0x039A5793) srli x15, x20, 0x39                       rvtest_init+84
x15 <- 0x0000000000000000

clint mtime 0x000000000000000B (mip.MTI <- 0b1, mip.STI <- 0b0)
mem[X,0x0000000080000058] -> 0xEAB3
mem[X,0x000000008000005A] -> 0x00FA
[22] [M]: 0x0000000080000058 (0x00FAEAB3) or x21, x21, x15                          rvtest_init+88
x21 <- 0x000000000FAB7FBB

mem[X,0x000000008000005C] -> 0xDB13
mem[X,0x000000008000005E] -> 0x007A
[23] [M]: 0x000000008000005C (0x007ADB13) srli x22, x21, 0x7                        rvtest_init+92
x22 <- 0x00000000001F56FF

clint mtime 0x000000000000000C (mip.MTI <- 0b1, mip.STI <- 0b0)
mem[X,0x0000000080000060] -> 0xD793
mem[X,0x0000000080000062] -> 0x039A
[24] [M]: 0x0000000080000060 (0x039AD793) srli x15, x21, 0x39                       rvtest_init+96
x15 <- 0x0000000000000000

mem[X,0x0000000080000064] -> 0x6B33
mem[X,0x0000000080000066] -> 0x00FB
[25] [M]: 0x0000000080000064 (0x00FB6B33) or x22, x22, x15                          rvtest_init+100
x22 <- 0x00000000001F56FF

clint mtime 0x000000000000000D (mip.MTI <- 0b1, mip.STI <- 0b0)
mem[X,0x0000000080000068] -> 0x5B93
mem[X,0x000000008000006A] -> 0x007B
[26] [M]: 0x0000000080000068 (0x007B5B93) srli x23, x22, 0x7                        rvtest_init+104
x23 <- 0x0000000000003EAD

mem[X,0x000000008000006C] -> 0x5793
mem[X,0x000000008000006E] -> 0x039B
[27] [M]: 0x000000008000006C (0x039B5793) srli x15, x22, 0x39                       rvtest_init+108
x15 <- 0x0000000000000000

clint mtime 0x000000000000000E (mip.MTI <- 0b1, mip.STI <- 0b0)
mem[X,0x0000000080000070] -> 0xEBB3
mem[X,0x0000000080000072] -> 0x00FB
[28] [M]: 0x0000000080000070 (0x00FBEBB3) or x23, x23, x15                          rvtest_init+112
x23 <- 0x0000000000003EAD

mem[X,0x0000000080000074] -> 0xDC13
mem[X,0x0000000080000076] -> 0x007B
[29] [M]: 0x0000000080000074 (0x007BDC13) srli x24, x23, 0x7                        rvtest_init+116
x24 <- 0x000000000000007D

clint mtime 0x000000000000000F (mip.MTI <- 0b1, mip.STI <- 0b0)
mem[X,0x0000000080000078] -> 0xD793
mem[X,0x000000008000007A] -> 0x039B
[30] [M]: 0x0000000080000078 (0x039BD793) srli x15, x23, 0x39                       rvtest_init+120
x15 <- 0x0000000000000000

mem[X,0x000000008000007C] -> 0x6C33
mem[X,0x000000008000007E] -> 0x00FC
[31] [M]: 0x000000008000007C (0x00FC6C33) or x24, x24, x15                          rvtest_init+124
x24 <- 0x000000000000007D

clint mtime 0x0000000000000010 (mip.MTI <- 0b1, mip.STI <- 0b0)
mem[X,0x0000000080000080] -> 0x5C93
mem[X,0x0000000080000082] -> 0x007C
[32] [M]: 0x0000000080000080 (0x007C5C93) srli x25, x24, 0x7                        rvtest_init+128
x25 <- 0x0000000000000000

mem[X,0x0000000080000084] -> 0x5793
mem[X,0x0000000080000086] -> 0x039C
[33] [M]: 0x0000000080000084 (0x039C5793) srli x15, x24, 0x39                       rvtest_init+132
x15 <- 0x0000000000000000

clint mtime 0x0000000000000011 (mip.MTI <- 0b1, mip.STI <- 0b0)
mem[X,0x0000000080000088] -> 0xECB3
mem[X,0x000000008000008A] -> 0x00FC
[34] [M]: 0x0000000080000088 (0x00FCECB3) or x25, x25, x15                          rvtest_init+136
x25 <- 0x0000000000000000

mem[X,0x000000008000008C] -> 0xDD13
mem[X,0x000000008000008E] -> 0x007C
[35] [M]: 0x000000008000008C (0x007CDD13) srli x26, x25, 0x7                        rvtest_init+140
x26 <- 0x0000000000000000

clint mtime 0x0000000000000012 (mip.MTI <- 0b1, mip.STI <- 0b0)
mem[X,0x0000000080000090] -> 0xD793
mem[X,0x0000000080000092] -> 0x039C
[36] [M]: 0x0000000080000090 (0x039CD793) srli x15, x25, 0x39                       rvtest_init+144
x15 <- 0x0000000000000000

mem[X,0x0000000080000094] -> 0x6D33
mem[X,0x0000000080000096] -> 0x00FD
[37] [M]: 0x0000000080000094 (0x00FD6D33) or x26, x26, x15                          rvtest_init+148
x26 <- 0x0000000000000000

clint mtime 0x0000000000000013 (mip.MTI <- 0b1, mip.STI <- 0b0)
mem[X,0x0000000080000098] -> 0x5D93
mem[X,0x000000008000009A] -> 0x007D
[38] [M]: 0x0000000080000098 (0x007D5D93) srli x27, x26, 0x7                        rvtest_init+152
x27 <- 0x0000000000000000

mem[X,0x000000008000009C] -> 0x5793
mem[X,0x000000008000009E] -> 0x039D
[39] [M]: 0x000000008000009C (0x039D5793) srli x15, x26, 0x39                       rvtest_init+156
x15 <- 0x0000000000000000

clint mtime 0x0000000000000014 (mip.MTI <- 0b1, mip.STI <- 0b0)
mem[X,0x00000000800000A0] -> 0xEDB3
mem[X,0x00000000800000A2] -> 0x00FD
[40] [M]: 0x00000000800000A0 (0x00FDEDB3) or x27, x27, x15                          rvtest_init+160
x27 <- 0x0000000000000000

mem[X,0x00000000800000A4] -> 0xDE13
mem[X,0x00000000800000A6] -> 0x007D
[41] [M]: 0x00000000800000A4 (0x007DDE13) srli x28, x27, 0x7                        rvtest_init+164
x28 <- 0x0000000000000000

clint mtime 0x0000000000000015 (mip.MTI <- 0b1, mip.STI <- 0b0)
mem[X,0x00000000800000A8] -> 0xD793
mem[X,0x00000000800000AA] -> 0x039D
[42] [M]: 0x00000000800000A8 (0x039DD793) srli x15, x27, 0x39                       rvtest_init+168
x15 <- 0x0000000000000000

mem[X,0x00000000800000AC] -> 0x6E33
mem[X,0x00000000800000AE] -> 0x00FE
[43] [M]: 0x00000000800000AC (0x00FE6E33) or x28, x28, x15                          rvtest_init+172
x28 <- 0x0000000000000000

clint mtime 0x0000000000000016 (mip.MTI <- 0b1, mip.STI <- 0b0)
mem[X,0x00000000800000B0] -> 0x5E93
mem[X,0x00000000800000B2] -> 0x007E
[44] [M]: 0x00000000800000B0 (0x007E5E93) srli x29, x28, 0x7                        rvtest_init+176
x29 <- 0x0000000000000000

mem[X,0x00000000800000B4] -> 0x5793
mem[X,0x00000000800000B6] -> 0x039E
[45] [M]: 0x00000000800000B4 (0x039E5793) srli x15, x28, 0x39                       rvtest_init+180
x15 <- 0x0000000000000000

clint mtime 0x0000000000000017 (mip.MTI <- 0b1, mip.STI <- 0b0)
mem[X,0x00000000800000B8] -> 0xEEB3
mem[X,0x00000000800000BA] -> 0x00FE
[46] [M]: 0x00000000800000B8 (0x00FEEEB3) or x29, x29, x15                          rvtest_init+184
x29 <- 0x0000000000000000

mem[X,0x00000000800000BC] -> 0xDF13
mem[X,0x00000000800000BE] -> 0x007E
[47] [M]: 0x00000000800000BC (0x007EDF13) srli x30, x29, 0x7                        rvtest_init+188
x30 <- 0x0000000000000000

clint mtime 0x0000000000000018 (mip.MTI <- 0b1, mip.STI <- 0b0)
mem[X,0x00000000800000C0] -> 0xD793
mem[X,0x00000000800000C2] -> 0x039E
[48] [M]: 0x00000000800000C0 (0x039ED793) srli x15, x29, 0x39                       rvtest_init+192
x15 <- 0x0000000000000000

mem[X,0x00000000800000C4] -> 0x6F33
mem[X,0x00000000800000C6] -> 0x00FF
[49] [M]: 0x00000000800000C4 (0x00FF6F33) or x30, x30, x15                          rvtest_init+196
x30 <- 0x0000000000000000

clint mtime 0x0000000000000019 (mip.MTI <- 0b1, mip.STI <- 0b0)
mem[X,0x00000000800000C8] -> 0xC0B7
mem[X,0x00000000800000CA] -> 0xFEED
[50] [M]: 0x00000000800000C8 (0xFEEDC0B7) lui x1, -0x1124                           rvtest_init+200
x1 <- 0xFFFFFFFFFEEDC000

mem[X,0x00000000800000CC] -> 0x8093
mem[X,0x00000000800000CE] -> 0xEAD0
[51] [M]: 0x00000000800000CC (0xEAD08093) addi x1, x1, -0x153                       rvtest_init+204
x1 <- 0xFFFFFFFFFEEDBEAD

clint mtime 0x000000000000001A (mip.MTI <- 0b1, mip.STI <- 0b0)
mem[X,0x00000000800000D0] -> 0x9093
mem[X,0x00000000800000D2] -> 0x00B0
[52] [M]: 0x00000000800000D0 (0x00B09093) slli x1, x1, 0xb                          rvtest_init+208
x1 <- 0xFFFFFFF76DF56800

mem[X,0x00000000800000D4] -> 0x8093
mem[X,0x00000000800000D6] -> 0x7F70
[53] [M]: 0x00000000800000D4 (0x7F708093) addi x1, x1, 0x7f7                        rvtest_init+212
x1 <- 0xFFFFFFF76DF56FF7

clint mtime 0x000000000000001B (mip.MTI <- 0b1, mip.STI <- 0b0)
mem[X,0x00000000800000D8] -> 0x9093
mem[X,0x00000000800000DA] -> 0x00B0
[54] [M]: 0x00000000800000D8 (0x00B09093) slli x1, x1, 0xb                          rvtest_init+216
x1 <- 0xFFFFBB6FAB7FB800

mem[X,0x00000000800000DC] -> 0x8093
mem[X,0x00000000800000DE] -> 0x36F0
[55] [M]: 0x00000000800000DC (0x36F08093) addi x1, x1, 0x36f                        rvtest_init+220
x1 <- 0xFFFFBB6FAB7FBB6F

clint mtime 0x000000000000001C (mip.MTI <- 0b1, mip.STI <- 0b0)
mem[X,0x00000000800000E0] -> 0x9093
mem[X,0x00000000800000E2] -> 0x00A0
[56] [M]: 0x00000000800000E0 (0x00A09093) slli x1, x1, 0xa                          rvtest_init+224
x1 <- 0xFEEDBEADFEEDBC00

mem[X,0x00000000800000E4] -> 0x8093
mem[X,0x00000000800000E6] -> 0x2AD0
[57] [M]: 0x00000000800000E4 (0x2AD08093) addi x1, x1, 0x2ad                        rvtest_init+228
x1 <- 0xFEEDBEADFEEDBEAD

clint mtime 0x000000000000001D (mip.MTI <- 0b1, mip.STI <- 0b0)
mem[X,0x00000000800000E8] -> 0xD113
mem[X,0x00000000800000EA] -> 0x0070
[58] [M]: 0x00000000800000E8 (0x0070D113) srli x2, x1, 0x7                          rvtest_init+232
x2 <- 0x01FDDB7D5BFDDB7D

mem[X,0x00000000800000EC] -> 0xD793
mem[X,0x00000000800000EE] -> 0x0390
[59] [M]: 0x00000000800000EC (0x0390D793) srli x15, x1, 0x39                        rvtest_init+236
x15 <- 0x000000000000007F

clint mtime 0x000000000000001E (mip.MTI <- 0b1, mip.STI <- 0b0)
mem[X,0x00000000800000F0] -> 0x6133
mem[X,0x00000000800000F2] -> 0x00F1
[60] [M]: 0x00000000800000F0 (0x00F16133) or x2, x2, x15                            rvtest_init+240
x2 <- 0x01FDDB7D5BFDDB7F

mem[X,0x00000000800000F4] -> 0x5193
mem[X,0x00000000800000F6] -> 0x0071
[61] [M]: 0x00000000800000F4 (0x00715193) srli x3, x2, 0x7                          rvtest_init+244
x3 <- 0x0003FBB6FAB7FBB6

clint mtime 0x000000000000001F (mip.MTI <- 0b1, mip.STI <- 0b0)
mem[X,0x00000000800000F8] -> 0x5793
mem[X,0x00000000800000FA] -> 0x0391
[62] [M]: 0x00000000800000F8 (0x03915793) srli x15, x2, 0x39                        rvtest_init+248
x15 <- 0x0000000000000000

mem[X,0x00000000800000FC] -> 0xE1B3
mem[X,0x00000000800000FE] -> 0x00F1
[63] [M]: 0x00000000800000FC (0x00F1E1B3) or x3, x3, x15                            rvtest_init+252
x3 <- 0x0003FBB6FAB7FBB6

clint mtime 0x0000000000000020 (mip.MTI <- 0b1, mip.STI <- 0b0)
mem[X,0x0000000080000100] -> 0xD213
mem[X,0x0000000080000102] -> 0x0071
[64] [M]: 0x0000000080000100 (0x0071D213) srli x4, x3, 0x7                          rvtest_init+256
x4 <- 0x000007F76DF56FF7

mem[X,0x0000000080000104] -> 0xD793
mem[X,0x0000000080000106] -> 0x0391
[65] [M]: 0x0000000080000104 (0x0391D793) srli x15, x3, 0x39                        rvtest_init+260
x15 <- 0x0000000000000000

clint mtime 0x0000000000000021 (mip.MTI <- 0b1, mip.STI <- 0b0)
mem[X,0x0000000080000108] -> 0x6233
mem[X,0x000000008000010A] -> 0x00F2
[66] [M]: 0x0000000080000108 (0x00F26233) or x4, x4, x15                            rvtest_init+264
x4 <- 0x000007F76DF56FF7

mem[X,0x000000008000010C] -> 0x5293
mem[X,0x000000008000010E] -> 0x0072
[67] [M]: 0x000000008000010C (0x00725293) srli x5, x4, 0x7                          rvtest_init+268
x5 <- 0x0000000FEEDBEADF

clint mtime 0x0000000000000022 (mip.MTI <- 0b1, mip.STI <- 0b0)
mem[X,0x0000000080000110] -> 0x5793
mem[X,0x0000000080000112] -> 0x0392
[68] [M]: 0x0000000080000110 (0x03925793) srli x15, x4, 0x39                        rvtest_init+272
x15 <- 0x0000000000000000

mem[X,0x0000000080000114] -> 0xE2B3
mem[X,0x0000000080000116] -> 0x00F2
[69] [M]: 0x0000000080000114 (0x00F2E2B3) or x5, x5, x15                            rvtest_init+276
x5 <- 0x0000000FEEDBEADF

clint mtime 0x0000000000000023 (mip.MTI <- 0b1, mip.STI <- 0b0)
mem[X,0x0000000080000118] -> 0xD313
mem[X,0x000000008000011A] -> 0x0072
[70] [M]: 0x0000000080000118 (0x0072D313) srli x6, x5, 0x7                          rvtest_init+280
x6 <- 0x000000001FDDB7D5

mem[X,0x000000008000011C] -> 0xD793
mem[X,0x000000008000011E] -> 0x0392
[71] [M]: 0x000000008000011C (0x0392D793) srli x15, x5, 0x39                        rvtest_init+284
x15 <- 0x0000000000000000

clint mtime 0x0000000000000024 (mip.MTI <- 0b1, mip.STI <- 0b0)
mem[X,0x0000000080000120] -> 0x6333
mem[X,0x0000000080000122] -> 0x00F3
[72] [M]: 0x0000000080000120 (0x00F36333) or x6, x6, x15                            rvtest_init+288
x6 <- 0x000000001FDDB7D5

mem[X,0x0000000080000124] -> 0x5393
mem[X,0x0000000080000126] -> 0x0073
[73] [M]: 0x0000000080000124 (0x00735393) srli x7, x6, 0x7                          rvtest_init+292
x7 <- 0x00000000003FBB6F

clint mtime 0x0000000000000025 (mip.MTI <- 0b1, mip.STI <- 0b0)
mem[X,0x0000000080000128] -> 0x5793
mem[X,0x000000008000012A] -> 0x0393
[74] [M]: 0x0000000080000128 (0x03935793) srli x15, x6, 0x39                        rvtest_init+296
x15 <- 0x0000000000000000

mem[X,0x000000008000012C] -> 0xE3B3
mem[X,0x000000008000012E] -> 0x00F3
[75] [M]: 0x000000008000012C (0x00F3E3B3) or x7, x7, x15                            rvtest_init+300
x7 <- 0x00000000003FBB6F

clint mtime 0x0000000000000026 (mip.MTI <- 0b1, mip.STI <- 0b0)
mem[X,0x0000000080000130] -> 0xD413
mem[X,0x0000000080000132] -> 0x0073
[76] [M]: 0x0000000080000130 (0x0073D413) srli x8, x7, 0x7                          rvtest_init+304
x8 <- 0x0000000000007F76

mem[X,0x0000000080000134] -> 0xD793
mem[X,0x0000000080000136] -> 0x0393
[77] [M]: 0x0000000080000134 (0x0393D793) srli x15, x7, 0x39                        rvtest_init+308
x15 <- 0x0000000000000000

clint mtime 0x0000000000000027 (mip.MTI <- 0b1, mip.STI <- 0b0)
mem[X,0x0000000080000138] -> 0x6433
mem[X,0x000000008000013A] -> 0x00F4
[78] [M]: 0x0000000080000138 (0x00F46433) or x8, x8, x15                            rvtest_init+312
x8 <- 0x0000000000007F76

mem[X,0x000000008000013C] -> 0x5493
mem[X,0x000000008000013E] -> 0x0074
[79] [M]: 0x000000008000013C (0x00745493) srli x9, x8, 0x7                          rvtest_init+316
x9 <- 0x00000000000000FE

clint mtime 0x0000000000000028 (mip.MTI <- 0b1, mip.STI <- 0b0)
mem[X,0x0000000080000140] -> 0x5793
mem[X,0x0000000080000142] -> 0x0394
[80] [M]: 0x0000000080000140 (0x03945793) srli x15, x8, 0x39                        rvtest_init+320
x15 <- 0x0000000000000000

mem[X,0x0000000080000144] -> 0xE4B3
mem[X,0x0000000080000146] -> 0x00F4
[81] [M]: 0x0000000080000144 (0x00F4E4B3) or x9, x9, x15                            rvtest_init+324
x9 <- 0x00000000000000FE

clint mtime 0x0000000000000029 (mip.MTI <- 0b1, mip.STI <- 0b0)
mem[X,0x0000000080000148] -> 0xD513
mem[X,0x000000008000014A] -> 0x0074
[82] [M]: 0x0000000080000148 (0x0074D513) srli x10, x9, 0x7                         rvtest_init+328
x10 <- 0x0000000000000001

mem[X,0x000000008000014C] -> 0xD793
mem[X,0x000000008000014E] -> 0x0394
[83] [M]: 0x000000008000014C (0x0394D793) srli x15, x9, 0x39                        rvtest_init+332
x15 <- 0x0000000000000000

clint mtime 0x000000000000002A (mip.MTI <- 0b1, mip.STI <- 0b0)
mem[X,0x0000000080000150] -> 0x6533
mem[X,0x0000000080000152] -> 0x00F5
[84] [M]: 0x0000000080000150 (0x00F56533) or x10, x10, x15                          rvtest_init+336
x10 <- 0x0000000000000001

mem[X,0x0000000080000154] -> 0x5593
mem[X,0x0000000080000156] -> 0x0075
[85] [M]: 0x0000000080000154 (0x00755593) srli x11, x10, 0x7                        rvtest_init+340
x11 <- 0x0000000000000000

clint mtime 0x000000000000002B (mip.MTI <- 0b1, mip.STI <- 0b0)
mem[X,0x0000000080000158] -> 0x5793
mem[X,0x000000008000015A] -> 0x0395
[86] [M]: 0x0000000080000158 (0x03955793) srli x15, x10, 0x39                       rvtest_init+344
x15 <- 0x0000000000000000

mem[X,0x000000008000015C] -> 0xE5B3
mem[X,0x000000008000015E] -> 0x00F5
[87] [M]: 0x000000008000015C (0x00F5E5B3) or x11, x11, x15                          rvtest_init+348
x11 <- 0x0000000000000000

clint mtime 0x000000000000002C (mip.MTI <- 0b1, mip.STI <- 0b0)
mem[X,0x0000000080000160] -> 0xD613
mem[X,0x0000000080000162] -> 0x0075
[88] [M]: 0x0000000080000160 (0x0075D613) srli x12, x11, 0x7                        rvtest_init+352
x12 <- 0x0000000000000000

mem[X,0x0000000080000164] -> 0xD793
mem[X,0x0000000080000166] -> 0x0395
[89] [M]: 0x0000000080000164 (0x0395D793) srli x15, x11, 0x39                       rvtest_init+356
x15 <- 0x0000000000000000

clint mtime 0x000000000000002D (mip.MTI <- 0b1, mip.STI <- 0b0)
mem[X,0x0000000080000168] -> 0x6633
mem[X,0x000000008000016A] -> 0x00F6
[90] [M]: 0x0000000080000168 (0x00F66633) or x12, x12, x15                          rvtest_init+360
x12 <- 0x0000000000000000

mem[X,0x000000008000016C] -> 0x5693
mem[X,0x000000008000016E] -> 0x0076
[91] [M]: 0x000000008000016C (0x00765693) srli x13, x12, 0x7                        rvtest_init+364
x13 <- 0x0000000000000000

clint mtime 0x000000000000002E (mip.MTI <- 0b1, mip.STI <- 0b0)
mem[X,0x0000000080000170] -> 0x5793
mem[X,0x0000000080000172] -> 0x0396
[92] [M]: 0x0000000080000170 (0x03965793) srli x15, x12, 0x39                       rvtest_init+368
x15 <- 0x0000000000000000

mem[X,0x0000000080000174] -> 0xE6B3
mem[X,0x0000000080000176] -> 0x00F6
[93] [M]: 0x0000000080000174 (0x00F6E6B3) or x13, x13, x15                          rvtest_init+372
x13 <- 0x0000000000000000

clint mtime 0x000000000000002F (mip.MTI <- 0b1, mip.STI <- 0b0)
mem[X,0x0000000080000178] -> 0x0513
mem[X,0x000000008000017A] -> 0x0010
[94] [M]: 0x0000000080000178 (0x00100513) addi x10, x0, 0x1                         rvtest_code_begin+0
x10 <- 0x0000000000000001

mem[X,0x000000008000017C] -> 0x1513
mem[X,0x000000008000017E] -> 0x00D5
[95] [M]: 0x000000008000017C (0x00D51513) slli x10, x10, 0xd                        rvtest_code_begin+4
x10 <- 0x0000000000002000

clint mtime 0x0000000000000030 (mip.MTI <- 0b1, mip.STI <- 0b0)
mem[X,0x0000000080000180] -> 0x2073
mem[X,0x0000000080000182] -> 0x3005
[96] [M]: 0x0000000080000180 (0x30052073) csrrs x0, mstatus, x10                    rvtest_code_begin+8
CSR mstatus (0x300) <- 0x0000000A00002000

mem[X,0x0000000080000184] -> 0x5073
mem[X,0x0000000080000186] -> 0x0030
[97] [M]: 0x0000000080000184 (0x00305073) csrrwi x0, fcsr, 0x0                      rvtest_code_begin+12
CSR mstatus (0x300) <- 0x8000000A00006000
CSR fcsr (0x003) <- 0x0000000000000000

clint mtime 0x0000000000000031 (mip.MTI <- 0b1, mip.STI <- 0b0)
mem[X,0x0000000080000188] -> 0x0013
mem[X,0x000000008000018A] -> 0x0000
[98] [M]: 0x0000000080000188 (0x00000013) addi x0, x0, 0x0                          rvtest_code_begin+16

mem[X,0x000000008000018C] -> 0x0013
mem[X,0x000000008000018E] -> 0x0000
[99] [M]: 0x000000008000018C (0x00000013) addi x0, x0, 0x0                          rvtest_code_begin+20

clint mtime 0x0000000000000032 (mip.MTI <- 0b1, mip.STI <- 0b0)
mem[X,0x0000000080000190] -> 0x0013
mem[X,0x0000000080000192] -> 0x0000
[100] [M]: 0x0000000080000190 (0x00000013) addi x0, x0, 0x0                         rvtest_code_begin+24

mem[X,0x0000000080000194] -> 0x0013
mem[X,0x0000000080000196] -> 0x0000
[101] [M]: 0x0000000080000194 (0x00000013) addi x0, x0, 0x0                         rvtest_code_begin+28

clint mtime 0x0000000000000033 (mip.MTI <- 0b1, mip.STI <- 0b0)
mem[X,0x0000000080000198] -> 0x0013
mem[X,0x000000008000019A] -> 0x0000
[102] [M]: 0x0000000080000198 (0x00000013) addi x0, x0, 0x0                         rvtest_code_begin+32

mem[X,0x000000008000019C] -> 0x0013
mem[X,0x000000008000019E] -> 0x0000
[103] [M]: 0x000000008000019C (0x00000013) addi x0, x0, 0x0                         rvtest_code_begin+36

clint mtime 0x0000000000000034 (mip.MTI <- 0b1, mip.STI <- 0b0)
mem[X,0x00000000800001A0] -> 0x2717
mem[X,0x00000000800001A2] -> 0x0000
[104] [M]: 0x00000000800001A0 (0x00002717) auipc x14, 0x2                           rvtest_code_begin+40
x14 <- 0x00000000800021A0

mem[X,0x00000000800001A4] -> 0x0713
mem[X,0x00000000800001A6] -> 0xE707
[105] [M]: 0x00000000800001A4 (0xE7070713) addi x14, x14, -0x190                    rvtest_code_begin+44
x14 <- 0x0000000080002010

clint mtime 0x0000000000000035 (mip.MTI <- 0b1, mip.STI <- 0b0)
mem[X,0x00000000800001A8] -> 0x0013
mem[X,0x00000000800001AA] -> 0x0000
[106] [M]: 0x00000000800001A8 (0x00000013) addi x0, x0, 0x0                         rvtest_code_begin+48

mem[X,0x00000000800001AC] -> 0x0013
mem[X,0x00000000800001AE] -> 0x0000
[107] [M]: 0x00000000800001AC (0x00000013) addi x0, x0, 0x0                         rvtest_code_begin+52

clint mtime 0x0000000000000036 (mip.MTI <- 0b1, mip.STI <- 0b0)
mem[X,0x00000000800001B0] -> 0x0013
mem[X,0x00000000800001B2] -> 0x0000
[108] [M]: 0x00000000800001B0 (0x00000013) addi x0, x0, 0x0                         rvtest_code_begin+56

mem[X,0x00000000800001B4] -> 0x0013
mem[X,0x00000000800001B6] -> 0x0000
[109] [M]: 0x00000000800001B4 (0x00000013) addi x0, x0, 0x0                         rvtest_code_begin+60

clint mtime 0x0000000000000037 (mip.MTI <- 0b1, mip.STI <- 0b0)
mem[X,0x00000000800001B8] -> 0x0013
mem[X,0x00000000800001BA] -> 0x0000
[110] [M]: 0x00000000800001B8 (0x00000013) addi x0, x0, 0x0                         rvtest_code_begin+64

mem[X,0x00000000800001BC] -> 0x0013
mem[X,0x00000000800001BE] -> 0x0000
[111] [M]: 0x00000000800001BC (0x00000013) addi x0, x0, 0x0                         rvtest_code_begin+68

clint mtime 0x0000000000000038 (mip.MTI <- 0b1, mip.STI <- 0b0)
mem[X,0x00000000800001C0] -> 0x3797
mem[X,0x00000000800001C2] -> 0x0000
[112] [M]: 0x00000000800001C0 (0x00003797) auipc x15, 0x3                           rvtest_code_begin+72
x15 <- 0x00000000800031C0

mem[X,0x00000000800001C4] -> 0x8793
mem[X,0x00000000800001C6] -> 0xF587
[113] [M]: 0x00000000800001C4 (0xF5878793) addi x15, x15, -0xa8                     rvtest_code_begin+76
x15 <- 0x0000000080003118

clint mtime 0x0000000000000039 (mip.MTI <- 0b1, mip.STI <- 0b0)
mem[X,0x00000000800001C8] -> 0x0001
[114] [M]: 0x00000000800001C8 (0x0001) c.nop                                        rvtest_code_begin+80

mem[X,0x00000000800001CA] -> 0x0013
mem[X,0x00000000800001CC] -> 0x0000
[115] [M]: 0x00000000800001CA (0x00000013) addi x0, x0, 0x0                         rvtest_code_begin+82

clint mtime 0x000000000000003A (mip.MTI <- 0b1, mip.STI <- 0b0)
mem[X,0x00000000800001CE] -> 0x0013
mem[X,0x00000000800001D0] -> 0x0000
[116] [M]: 0x00000000800001CE (0x00000013) addi x0, x0, 0x0                         rvtest_code_begin+86

mem[X,0x00000000800001D2] -> 0x0013
mem[X,0x00000000800001D4] -> 0x0000
[117] [M]: 0x00000000800001D2 (0x00000013) addi x0, x0, 0x0                         rvtest_code_begin+90

clint mtime 0x000000000000003B (mip.MTI <- 0b1, mip.STI <- 0b0)
mem[X,0x00000000800001D6] -> 0x0013
mem[X,0x00000000800001D8] -> 0x0000
[118] [M]: 0x00000000800001D6 (0x00000013) addi x0, x0, 0x0                         rvtest_code_begin+94

mem[X,0x00000000800001DA] -> 0x0013
mem[X,0x00000000800001DC] -> 0x0000
[119] [M]: 0x00000000800001DA (0x00000013) addi x0, x0, 0x0                         rvtest_code_begin+98

clint mtime 0x000000000000003C (mip.MTI <- 0b1, mip.STI <- 0b0)
mem[X,0x00000000800001DE] -> 0x0001
[120] [M]: 0x00000000800001DE (0x0001) c.nop                                        rvtest_code_begin+102

mem[X,0x00000000800001E0] -> 0x2307
mem[X,0x00000000800001E2] -> 0x0007
[121] [M]: 0x00000000800001E0 (0x00072307) flw f6, 0x0(x14)                         inst_0+0
mem[R,0x0000000080002010] -> 0x3E4923B8
f6 <- 0xFFFFFFFF3E4923B8
CSR mstatus (0x300) <- 0x8000000A00006000

clint mtime 0x000000000000003D (mip.MTI <- 0b1, mip.STI <- 0b0)
mem[X,0x00000000800001E4] -> 0x0293
mem[X,0x00000000800001E6] -> 0x0000
[122] [M]: 0x00000000800001E4 (0x00000293) addi x5, x0, 0x0                         inst_0+4
x5 <- 0x0000000000000000

mem[X,0x00000000800001E8] -> 0x9073
mem[X,0x00000000800001EA] -> 0x0032
[123] [M]: 0x00000000800001E8 (0x00329073) csrrw x0, fcsr, x5                       inst_0+8
CSR mstatus (0x300) <- 0x8000000A00006000
CSR fcsr (0x003) <- 0x0000000000000000

clint mtime 0x000000000000003E (mip.MTI <- 0b1, mip.STI <- 0b0)
mem[X,0x00000000800001EC] -> 0x7D53
mem[X,0x00000000800001EE] -> 0xC033
[124] [M]: 0x00000000800001EC (0xC0337D53) fcvt.lu.s x26, f6, dyn                   inst_0+12
CSR mstatus (0x300) <- 0x8000000A00006000
CSR fflags (0x001) <- 0x0000000000000001
CSR fcsr (0x003) <- 0x0000000000000001
x26 <- 0x0000000000000000

mem[X,0x00000000800001F0] -> 0x2973
mem[X,0x00000000800001F2] -> 0x0030
[125] [M]: 0x00000000800001F0 (0x00302973) csrrs x18, fcsr, x0                      inst_0+16
CSR fcsr (0x003) -> 0x0000000000000001
x18 <- 0x0000000000000001

clint mtime 0x000000000000003F (mip.MTI <- 0b1, mip.STI <- 0b0)
mem[X,0x00000000800001F4] -> 0xB023
mem[X,0x00000000800001F6] -> 0x01A7
[126] [M]: 0x00000000800001F4 (0x01A7B023) sd x26, 0x0(x15)                         inst_0+20
mem[W,0x0000000080003118] <- 0x0000000000000000

mem[X,0x00000000800001F8] -> 0xB423
mem[X,0x00000000800001FA] -> 0x0127
[127] [M]: 0x00000000800001F8 (0x0127B423) sd x18, 0x8(x15)                         inst_0+24
mem[W,0x0000000080003120] <- 0x0000000000000001

clint mtime 0x0000000000000040 (mip.MTI <- 0b1, mip.STI <- 0b0)
mem[X,0x00000000800001FC] -> 0x2007
mem[X,0x00000000800001FE] -> 0x0047
[128] [M]: 0x00000000800001FC (0x00472007) flw f0, 0x4(x14)                         inst_1+0
mem[R,0x0000000080002014] -> 0x3E4923B8
f0 <- 0xFFFFFFFF3E4923B8
CSR mstatus (0x300) <- 0x8000000A00006000

mem[X,0x0000000080000200] -> 0x0293
mem[X,0x0000000080000202] -> 0x0200
[129] [M]: 0x0000000080000200 (0x02000293) addi x5, x0, 0x20                        inst_1+4
x5 <- 0x0000000000000020

clint mtime 0x0000000000000041 (mip.MTI <- 0b1, mip.STI <- 0b0)
mem[X,0x0000000080000204] -> 0x9073
mem[X,0x0000000080000206] -> 0x0032
[130] [M]: 0x0000000080000204 (0x00329073) csrrw x0, fcsr, x5                       inst_1+8
CSR mstatus (0x300) <- 0x8000000A00006000
CSR fcsr (0x003) <- 0x0000000000000020

mem[X,0x0000000080000208] -> 0x7253
mem[X,0x000000008000020A] -> 0xC030
[131] [M]: 0x0000000080000208 (0xC0307253) fcvt.lu.s x4, f0, dyn                    inst_1+12
CSR mstatus (0x300) <- 0x8000000A00006000
CSR fflags (0x001) <- 0x0000000000000001
CSR fcsr (0x003) <- 0x0000000000000021
x4 <- 0x0000000000000000

clint mtime 0x0000000000000042 (mip.MTI <- 0b1, mip.STI <- 0b0)
mem[X,0x000000008000020C] -> 0x2973
mem[X,0x000000008000020E] -> 0x0030
[132] [M]: 0x000000008000020C (0x00302973) csrrs x18, fcsr, x0                      inst_1+16
CSR fcsr (0x003) -> 0x0000000000000021
x18 <- 0x0000000000000021

mem[X,0x0000000080000210] -> 0xB823
mem[X,0x0000000080000212] -> 0x0047
[133] [M]: 0x0000000080000210 (0x0047B823) sd x4, 0x10(x15)                         inst_1+20
mem[W,0x0000000080003128] <- 0x0000000000000000

clint mtime 0x0000000000000043 (mip.MTI <- 0b1, mip.STI <- 0b0)
mem[X,0x0000000080000214] -> 0xBC23
mem[X,0x0000000080000216] -> 0x0127
[134] [M]: 0x0000000080000214 (0x0127BC23) sd x18, 0x18(x15)                        inst_1+24
mem[W,0x0000000080003130] <- 0x0000000000000021

mem[X,0x0000000080000218] -> 0x2287
mem[X,0x000000008000021A] -> 0x0087
[135] [M]: 0x0000000080000218 (0x00872287) flw f5, 0x8(x14)                         inst_2+0
mem[R,0x0000000080002018] -> 0x3E4923B8
f5 <- 0xFFFFFFFF3E4923B8
CSR mstatus (0x300) <- 0x8000000A00006000

clint mtime 0x0000000000000044 (mip.MTI <- 0b1, mip.STI <- 0b0)
mem[X,0x000000008000021C] -> 0x0293
mem[X,0x000000008000021E] -> 0x0400
[136] [M]: 0x000000008000021C (0x04000293) addi x5, x0, 0x40                        inst_2+4
x5 <- 0x0000000000000040

mem[X,0x0000000080000220] -> 0x9073
mem[X,0x0000000080000222] -> 0x0032
[137] [M]: 0x0000000080000220 (0x00329073) csrrw x0, fcsr, x5                       inst_2+8
CSR mstatus (0x300) <- 0x8000000A00006000
CSR fcsr (0x003) <- 0x0000000000000040

clint mtime 0x0000000000000045 (mip.MTI <- 0b1, mip.STI <- 0b0)
mem[X,0x0000000080000224] -> 0xFE53
mem[X,0x0000000080000226] -> 0xC032
[138] [M]: 0x0000000080000224 (0xC032FE53) fcvt.lu.s x28, f5, dyn                   inst_2+12
CSR mstatus (0x300) <- 0x8000000A00006000
CSR fflags (0x001) <- 0x0000000000000001
CSR fcsr (0x003) <- 0x0000000000000041
x28 <- 0x0000000000000000

mem[X,0x0000000080000228] -> 0x2973
mem[X,0x000000008000022A] -> 0x0030
[139] [M]: 0x0000000080000228 (0x00302973) csrrs x18, fcsr, x0                      inst_2+16
CSR fcsr (0x003) -> 0x0000000000000041
x18 <- 0x0000000000000041

clint mtime 0x0000000000000046 (mip.MTI <- 0b1, mip.STI <- 0b0)
mem[X,0x000000008000022C] -> 0xB023
mem[X,0x000000008000022E] -> 0x03C7
[140] [M]: 0x000000008000022C (0x03C7B023) sd x28, 0x20(x15)                        inst_2+20
mem[W,0x0000000080003138] <- 0x0000000000000000

mem[X,0x0000000080000230] -> 0xB423
mem[X,0x0000000080000232] -> 0x0327
[141] [M]: 0x0000000080000230 (0x0327B423) sd x18, 0x28(x15)                        inst_2+24
mem[W,0x0000000080003140] <- 0x0000000000000041

clint mtime 0x0000000000000047 (mip.MTI <- 0b1, mip.STI <- 0b0)
mem[X,0x0000000080000234] -> 0x2E87
mem[X,0x0000000080000236] -> 0x00C7
[142] [M]: 0x0000000080000234 (0x00C72E87) flw f29, 0xc(x14)                        inst_3+0
mem[R,0x000000008000201C] -> 0x3E4923B8
f29 <- 0xFFFFFFFF3E4923B8
CSR mstatus (0x300) <- 0x8000000A00006000

mem[X,0x0000000080000238] -> 0x0293
mem[X,0x000000008000023A] -> 0x0600
[143] [M]: 0x0000000080000238 (0x06000293) addi x5, x0, 0x60                        inst_3+4
x5 <- 0x0000000000000060

clint mtime 0x0000000000000048 (mip.MTI <- 0b1, mip.STI <- 0b0)
mem[X,0x000000008000023C] -> 0x9073
mem[X,0x000000008000023E] -> 0x0032
[144] [M]: 0x000000008000023C (0x00329073) csrrw x0, fcsr, x5                       inst_3+8
CSR mstatus (0x300) <- 0x8000000A00006000
CSR fcsr (0x003) <- 0x0000000000000060

mem[X,0x0000000080000240] -> 0xFED3
mem[X,0x0000000080000242] -> 0xC03E
[145] [M]: 0x0000000080000240 (0xC03EFED3) fcvt.lu.s x29, f29, dyn                  inst_3+12
CSR mstatus (0x300) <- 0x8000000A00006000
CSR fflags (0x001) <- 0x0000000000000001
CSR fcsr (0x003) <- 0x0000000000000061
x29 <- 0x0000000000000001

clint mtime 0x0000000000000049 (mip.MTI <- 0b1, mip.STI <- 0b0)
mem[X,0x0000000080000244] -> 0x2973
mem[X,0x0000000080000246] -> 0x0030
[146] [M]: 0x0000000080000244 (0x00302973) csrrs x18, fcsr, x0                      inst_3+16
CSR fcsr (0x003) -> 0x0000000000000061
x18 <- 0x0000000000000061

mem[X,0x0000000080000248] -> 0xB823
mem[X,0x000000008000024A] -> 0x03D7
[147] [M]: 0x0000000080000248 (0x03D7B823) sd x29, 0x30(x15)                        inst_3+20
mem[W,0x0000000080003148] <- 0x0000000000000001

clint mtime 0x000000000000004A (mip.MTI <- 0b1, mip.STI <- 0b0)
mem[X,0x000000008000024C] -> 0xBC23
mem[X,0x000000008000024E] -> 0x0327
[148] [M]: 0x000000008000024C (0x0327BC23) sd x18, 0x38(x15)                        inst_3+24
mem[W,0x0000000080003150] <- 0x0000000000000061

mem[X,0x0000000080000250] -> 0x2787
mem[X,0x0000000080000252] -> 0x0107
[149] [M]: 0x0000000080000250 (0x01072787) flw f15, 0x10(x14)                       inst_4+0
mem[R,0x0000000080002020] -> 0x3E4923B8
f15 <- 0xFFFFFFFF3E4923B8
CSR mstatus (0x300) <- 0x8000000A00006000

clint mtime 0x000000000000004B (mip.MTI <- 0b1, mip.STI <- 0b0)
mem[X,0x0000000080000254] -> 0x0293
mem[X,0x0000000080000256] -> 0x0800
[150] [M]: 0x0000000080000254 (0x08000293) addi x5, x0, 0x80                        inst_4+4
x5 <- 0x0000000000000080

mem[X,0x0000000080000258] -> 0x9073
mem[X,0x000000008000025A] -> 0x0032
[151] [M]: 0x0000000080000258 (0x00329073) csrrw x0, fcsr, x5                       inst_4+8
CSR mstatus (0x300) <- 0x8000000A00006000
CSR fcsr (0x003) <- 0x0000000000000080

clint mtime 0x000000000000004C (mip.MTI <- 0b1, mip.STI <- 0b0)
mem[X,0x000000008000025C] -> 0xF353
mem[X,0x000000008000025E] -> 0xC037
[152] [M]: 0x000000008000025C (0xC037F353) fcvt.lu.s x6, f15, dyn                   inst_4+12
CSR mstatus (0x300) <- 0x8000000A00006000
CSR fflags (0x001) <- 0x0000000000000001
CSR fcsr (0x003) <- 0x0000000000000081
x6 <- 0x0000000000000000

mem[X,0x0000000080000260] -> 0x2973
mem[X,0x0000000080000262] -> 0x0030
[153] [M]: 0x0000000080000260 (0x00302973) csrrs x18, fcsr, x0                      inst_4+16
CSR fcsr (0x003) -> 0x0000000000000081
x18 <- 0x0000000000000081

clint mtime 0x000000000000004D (mip.MTI <- 0b1, mip.STI <- 0b0)
mem[X,0x0000000080000264] -> 0xB023
mem[X,0x0000000080000266] -> 0x0467
[154] [M]: 0x0000000080000264 (0x0467B023) sd x6, 0x40(x15)                         inst_4+20
mem[W,0x0000000080003158] <- 0x0000000000000000

mem[X,0x0000000080000268] -> 0xB423
mem[X,0x000000008000026A] -> 0x0527
[155] [M]: 0x0000000080000268 (0x0527B423) sd x18, 0x48(x15)                        inst_4+24
mem[W,0x0000000080003160] <- 0x0000000000000081

clint mtime 0x000000000000004E (mip.MTI <- 0b1, mip.STI <- 0b0)
mem[X,0x000000008000026C] -> 0x2087
mem[X,0x000000008000026E] -> 0x0147
[156] [M]: 0x000000008000026C (0x01472087) flw f1, 0x14(x14)                        inst_5+0
mem[R,0x0000000080002024] -> 0x3E4923B9
f1 <- 0xFFFFFFFF3E4923B9
CSR mstatus (0x300) <- 0x8000000A00006000

mem[X,0x0000000080000270] -> 0x0293
mem[X,0x0000000080000272] -> 0x0000
[157] [M]: 0x0000000080000270 (0x00000293) addi x5, x0, 0x0                         inst_5+4
x5 <- 0x0000000000000000

clint mtime 0x000000000000004F (mip.MTI <- 0b1, mip.STI <- 0b0)
mem[X,0x0000000080000274] -> 0x9073
mem[X,0x0000000080000276] -> 0x0032
[158] [M]: 0x0000000080000274 (0x00329073) csrrw x0, fcsr, x5                       inst_5+8
CSR mstatus (0x300) <- 0x8000000A00006000
CSR fcsr (0x003) <- 0x0000000000000000

mem[X,0x0000000080000278] -> 0xF1D3
mem[X,0x000000008000027A] -> 0xC030
[159] [M]: 0x0000000080000278 (0xC030F1D3) fcvt.lu.s x3, f1, dyn                    inst_5+12
CSR mstatus (0x300) <- 0x8000000A00006000
CSR fflags (0x001) <- 0x0000000000000001
CSR fcsr (0x003) <- 0x0000000000000001
x3 <- 0x0000000000000000

clint mtime 0x0000000000000050 (mip.MTI <- 0b1, mip.STI <- 0b0)
mem[X,0x000000008000027C] -> 0x2973
mem[X,0x000000008000027E] -> 0x0030
[160] [M]: 0x000000008000027C (0x00302973) csrrs x18, fcsr, x0                      inst_5+16
CSR fcsr (0x003) -> 0x0000000000000001
x18 <- 0x0000000000000001

mem[X,0x0000000080000280] -> 0xB823
mem[X,0x0000000080000282] -> 0x0437
[161] [M]: 0x0000000080000280 (0x0437B823) sd x3, 0x50(x15)                         inst_5+20
mem[W,0x0000000080003168] <- 0x0000000000000000

clint mtime 0x0000000000000051 (mip.MTI <- 0b1, mip.STI <- 0b0)
mem[X,0x0000000080000284] -> 0xBC23
mem[X,0x0000000080000286] -> 0x0527
[162] [M]: 0x0000000080000284 (0x0527BC23) sd x18, 0x58(x15)                        inst_5+24
mem[W,0x0000000080003170] <- 0x0000000000000001

mem[X,0x0000000080000288] -> 0x2C07
mem[X,0x000000008000028A] -> 0x0187
[163] [M]: 0x0000000080000288 (0x01872C07) flw f24, 0x18(x14)                       inst_6+0
mem[R,0x0000000080002028] -> 0x3E4923B9
f24 <- 0xFFFFFFFF3E4923B9
CSR mstatus (0x300) <- 0x8000000A00006000

clint mtime 0x0000000000000052 (mip.MTI <- 0b1, mip.STI <- 0b0)
mem[X,0x000000008000028C] -> 0x0293
mem[X,0x000000008000028E] -> 0x0200
[164] [M]: 0x000000008000028C (0x02000293) addi x5, x0, 0x20                        inst_6+4
x5 <- 0x0000000000000020

mem[X,0x0000000080000290] -> 0x9073
mem[X,0x0000000080000292] -> 0x0032
[165] [M]: 0x0000000080000290 (0x00329073) csrrw x0, fcsr, x5                       inst_6+8
CSR mstatus (0x300) <- 0x8000000A00006000
CSR fcsr (0x003) <- 0x0000000000000020

clint mtime 0x0000000000000053 (mip.MTI <- 0b1, mip.STI <- 0b0)
mem[X,0x0000000080000294] -> 0x7DD3
mem[X,0x0000000080000296] -> 0xC03C
[166] [M]: 0x0000000080000294 (0xC03C7DD3) fcvt.lu.s x27, f24, dyn                  inst_6+12
CSR mstatus (0x300) <- 0x8000000A00006000
CSR fflags (0x001) <- 0x0000000000000001
CSR fcsr (0x003) <- 0x0000000000000021
x27 <- 0x0000000000000000

mem[X,0x0000000080000298] -> 0x2973
mem[X,0x000000008000029A] -> 0x0030
[167] [M]: 0x0000000080000298 (0x00302973) csrrs x18, fcsr, x0                      inst_6+16
CSR fcsr (0x003) -> 0x0000000000000021
x18 <- 0x0000000000000021

clint mtime 0x0000000000000054 (mip.MTI <- 0b1, mip.STI <- 0b0)
mem[X,0x000000008000029C] -> 0xB023
mem[X,0x000000008000029E] -> 0x07B7
[168] [M]: 0x000000008000029C (0x07B7B023) sd x27, 0x60(x15)                        inst_6+20
mem[W,0x0000000080003178] <- 0x0000000000000000

mem[X,0x00000000800002A0] -> 0xB423
mem[X,0x00000000800002A2] -> 0x0727
[169] [M]: 0x00000000800002A0 (0x0727B423) sd x18, 0x68(x15)                        inst_6+24
mem[W,0x0000000080003180] <- 0x0000000000000021

clint mtime 0x0000000000000055 (mip.MTI <- 0b1, mip.STI <- 0b0)
mem[X,0x00000000800002A4] -> 0x2F07
mem[X,0x00000000800002A6] -> 0x01C7
[170] [M]: 0x00000000800002A4 (0x01C72F07) flw f30, 0x1c(x14)                       inst_7+0
mem[R,0x000000008000202C] -> 0x3E4923B9
f30 <- 0xFFFFFFFF3E4923B9
CSR mstatus (0x300) <- 0x8000000A00006000

mem[X,0x00000000800002A8] -> 0x0293
mem[X,0x00000000800002AA] -> 0x0400
[171] [M]: 0x00000000800002A8 (0x04000293) addi x5, x0, 0x40                        inst_7+4
x5 <- 0x0000000000000040

clint mtime 0x0000000000000056 (mip.MTI <- 0b1, mip.STI <- 0b0)
mem[X,0x00000000800002AC] -> 0x9073
mem[X,0x00000000800002AE] -> 0x0032
[172] [M]: 0x00000000800002AC (0x00329073) csrrw x0, fcsr, x5                       inst_7+8
CSR mstatus (0x300) <- 0x8000000A00006000
CSR fcsr (0x003) <- 0x0000000000000040

mem[X,0x00000000800002B0] -> 0x74D3
mem[X,0x00000000800002B2] -> 0xC03F
[173] [M]: 0x00000000800002B0 (0xC03F74D3) fcvt.lu.s x9, f30, dyn                   inst_7+12
CSR mstatus (0x300) <- 0x8000000A00006000
CSR fflags (0x001) <- 0x0000000000000001
CSR fcsr (0x003) <- 0x0000000000000041
x9 <- 0x0000000000000000

clint mtime 0x0000000000000057 (mip.MTI <- 0b1, mip.STI <- 0b0)
mem[X,0x00000000800002B4] -> 0x2973
mem[X,0x00000000800002B6] -> 0x0030
[174] [M]: 0x00000000800002B4 (0x00302973) csrrs x18, fcsr, x0                      inst_7+16
CSR fcsr (0x003) -> 0x0000000000000041
x18 <- 0x0000000000000041

mem[X,0x00000000800002B8] -> 0xB823
mem[X,0x00000000800002BA] -> 0x0697
[175] [M]: 0x00000000800002B8 (0x0697B823) sd x9, 0x70(x15)                         inst_7+20
mem[W,0x0000000080003188] <- 0x0000000000000000

clint mtime 0x0000000000000058 (mip.MTI <- 0b1, mip.STI <- 0b0)
mem[X,0x00000000800002BC] -> 0xBC23
mem[X,0x00000000800002BE] -> 0x0727
[176] [M]: 0x00000000800002BC (0x0727BC23) sd x18, 0x78(x15)                        inst_7+24
mem[W,0x0000000080003190] <- 0x0000000000000041

mem[X,0x00000000800002C0] -> 0x2A87
mem[X,0x00000000800002C2] -> 0x0207
[177] [M]: 0x00000000800002C0 (0x02072A87) flw f21, 0x20(x14)                       inst_8+0
mem[R,0x0000000080002030] -> 0x3E4923B9
f21 <- 0xFFFFFFFF3E4923B9
CSR mstatus (0x300) <- 0x8000000A00006000

clint mtime 0x0000000000000059 (mip.MTI <- 0b1, mip.STI <- 0b0)
mem[X,0x00000000800002C4] -> 0x0293
mem[X,0x00000000800002C6] -> 0x0600
[178] [M]: 0x00000000800002C4 (0x06000293) addi x5, x0, 0x60                        inst_8+4
x5 <- 0x0000000000000060

mem[X,0x00000000800002C8] -> 0x9073
mem[X,0x00000000800002CA] -> 0x0032
[179] [M]: 0x00000000800002C8 (0x00329073) csrrw x0, fcsr, x5                       inst_8+8
CSR mstatus (0x300) <- 0x8000000A00006000
CSR fcsr (0x003) <- 0x0000000000000060

clint mtime 0x000000000000005A (mip.MTI <- 0b1, mip.STI <- 0b0)
mem[X,0x00000000800002CC] -> 0xFF53
mem[X,0x00000000800002CE] -> 0xC03A
[180] [M]: 0x00000000800002CC (0xC03AFF53) fcvt.lu.s x30, f21, dyn                  inst_8+12
CSR mstatus (0x300) <- 0x8000000A00006000
CSR fflags (0x001) <- 0x0000000000000001
CSR fcsr (0x003) <- 0x0000000000000061
x30 <- 0x0000000000000001

mem[X,0x00000000800002D0] -> 0x2973
mem[X,0x00000000800002D2] -> 0x0030
[181] [M]: 0x00000000800002D0 (0x00302973) csrrs x18, fcsr, x0                      inst_8+16
CSR fcsr (0x003) -> 0x0000000000000061
x18 <- 0x0000000000000061

clint mtime 0x000000000000005B (mip.MTI <- 0b1, mip.STI <- 0b0)
mem[X,0x00000000800002D4] -> 0xB023
mem[X,0x00000000800002D6] -> 0x09E7
[182] [M]: 0x00000000800002D4 (0x09E7B023) sd x30, 0x80(x15)                        inst_8+20
mem[W,0x0000000080003198] <- 0x0000000000000001

mem[X,0x00000000800002D8] -> 0xB423
mem[X,0x00000000800002DA] -> 0x0927
[183] [M]: 0x00000000800002D8 (0x0927B423) sd x18, 0x88(x15)                        inst_8+24
mem[W,0x00000000800031A0] <- 0x0000000000000061

clint mtime 0x000000000000005C (mip.MTI <- 0b1, mip.STI <- 0b0)
mem[X,0x00000000800002DC] -> 0x2F87
mem[X,0x00000000800002DE] -> 0x0247
[184] [M]: 0x00000000800002DC (0x02472F87) flw f31, 0x24(x14)                       inst_9+0
mem[R,0x0000000080002034] -> 0x3E4923B9
f31 <- 0xFFFFFFFF3E4923B9
CSR mstatus (0x300) <- 0x8000000A00006000

mem[X,0x00000000800002E0] -> 0x0293
mem[X,0x00000000800002E2] -> 0x0800
[185] [M]: 0x00000000800002E0 (0x08000293) addi x5, x0, 0x80                        inst_9+4
x5 <- 0x0000000000000080

clint mtime 0x000000000000005D (mip.MTI <- 0b1, mip.STI <- 0b0)
mem[X,0x00000000800002E4] -> 0x9073
mem[X,0x00000000800002E6] -> 0x0032
[186] [M]: 0x00000000800002E4 (0x00329073) csrrw x0, fcsr, x5                       inst_9+8
CSR mstatus (0x300) <- 0x8000000A00006000
CSR fcsr (0x003) <- 0x0000000000000080

mem[X,0x00000000800002E8] -> 0xFC53
mem[X,0x00000000800002EA] -> 0xC03F
[187] [M]: 0x00000000800002E8 (0xC03FFC53) fcvt.lu.s x24, f31, dyn                  inst_9+12
CSR mstatus (0x300) <- 0x8000000A00006000
CSR fflags (0x001) <- 0x0000000000000001
CSR fcsr (0x003) <- 0x0000000000000081
x24 <- 0x0000000000000000

clint mtime 0x000000000000005E (mip.MTI <- 0b1, mip.STI <- 0b0)
mem[X,0x00000000800002EC] -> 0x2973
mem[X,0x00000000800002EE] -> 0x0030
[188] [M]: 0x00000000800002EC (0x00302973) csrrs x18, fcsr, x0                      inst_9+16
CSR fcsr (0x003) -> 0x0000000000000081
x18 <- 0x0000000000000081

mem[X,0x00000000800002F0] -> 0xB823
mem[X,0x00000000800002F2] -> 0x0987
[189] [M]: 0x00000000800002F0 (0x0987B823) sd x24, 0x90(x15)                        inst_9+20
mem[W,0x00000000800031A8] <- 0x0000000000000000

clint mtime 0x000000000000005F (mip.MTI <- 0b1, mip.STI <- 0b0)
mem[X,0x00000000800002F4] -> 0xBC23
mem[X,0x00000000800002F6] -> 0x0927
[190] [M]: 0x00000000800002F4 (0x0927BC23) sd x18, 0x98(x15)                        inst_9+24
mem[W,0x00000000800031B0] <- 0x0000000000000081

mem[X,0x00000000800002F8] -> 0x2907
mem[X,0x00000000800002FA] -> 0x0287
[191] [M]: 0x00000000800002F8 (0x02872907) flw f18, 0x28(x14)                       inst_10+0
mem[R,0x0000000080002038] -> 0x3E4923BA
f18 <- 0xFFFFFFFF3E4923BA
CSR mstatus (0x300) <- 0x8000000A00006000

clint mtime 0x0000000000000060 (mip.MTI <- 0b1, mip.STI <- 0b0)
mem[X,0x00000000800002FC] -> 0x0293
mem[X,0x00000000800002FE] -> 0x0000
[192] [M]: 0x00000000800002FC (0x00000293) addi x5, x0, 0x0                         inst_10+4
x5 <- 0x0000000000000000

mem[X,0x0000000080000300] -> 0x9073
mem[X,0x0000000080000302] -> 0x0032
[193] [M]: 0x0000000080000300 (0x00329073) csrrw x0, fcsr, x5                       inst_10+8
CSR mstatus (0x300) <- 0x8000000A00006000
CSR fcsr (0x003) <- 0x0000000000000000

clint mtime 0x0000000000000061 (mip.MTI <- 0b1, mip.STI <- 0b0)
mem[X,0x0000000080000304] -> 0x78D3
mem[X,0x0000000080000306] -> 0xC039
[194] [M]: 0x0000000080000304 (0xC03978D3) fcvt.lu.s x17, f18, dyn                  inst_10+12
CSR mstatus (0x300) <- 0x8000000A00006000
CSR fflags (0x001) <- 0x0000000000000001
CSR fcsr (0x003) <- 0x0000000000000001
x17 <- 0x0000000000000000

mem[X,0x0000000080000308] -> 0x2973
mem[X,0x000000008000030A] -> 0x0030
[195] [M]: 0x0000000080000308 (0x00302973) csrrs x18, fcsr, x0                      inst_10+16
CSR fcsr (0x003) -> 0x0000000000000001
x18 <- 0x0000000000000001

clint mtime 0x0000000000000062 (mip.MTI <- 0b1, mip.STI <- 0b0)
mem[X,0x000000008000030C] -> 0xB023
mem[X,0x000000008000030E] -> 0x0B17
[196] [M]: 0x000000008000030C (0x0B17B023) sd x17, 0xa0(x15)                        inst_10+20
mem[W,0x00000000800031B8] <- 0x0000000000000000

mem[X,0x0000000080000310] -> 0xB423
mem[X,0x0000000080000312] -> 0x0B27
[197] [M]: 0x0000000080000310 (0x0B27B423) sd x18, 0xa8(x15)                        inst_10+24
mem[W,0x00000000800031C0] <- 0x0000000000000001

clint mtime 0x0000000000000063 (mip.MTI <- 0b1, mip.STI <- 0b0)
mem[X,0x0000000080000314] -> 0x2887
mem[X,0x0000000080000316] -> 0x02C7
[198] [M]: 0x0000000080000314 (0x02C72887) flw f17, 0x2c(x14)                       inst_11+0
mem[R,0x000000008000203C] -> 0x3E4923BA
f17 <- 0xFFFFFFFF3E4923BA
CSR mstatus (0x300) <- 0x8000000A00006000

mem[X,0x0000000080000318] -> 0x0293
mem[X,0x000000008000031A] -> 0x0200
[199] [M]: 0x0000000080000318 (0x02000293) addi x5, x0, 0x20                        inst_11+4
x5 <- 0x0000000000000020

clint mtime 0x0000000000000064 (mip.MTI <- 0b1, mip.STI <- 0b0)
mem[X,0x000000008000031C] -> 0x9073
mem[X,0x000000008000031E] -> 0x0032
[200] [M]: 0x000000008000031C (0x00329073) csrrw x0, fcsr, x5                       inst_11+8
CSR mstatus (0x300) <- 0x8000000A00006000
CSR fcsr (0x003) <- 0x0000000000000020

mem[X,0x0000000080000320] -> 0xF5D3
mem[X,0x0000000080000322] -> 0xC038
[201] [M]: 0x0000000080000320 (0xC038F5D3) fcvt.lu.s x11, f17, dyn                  inst_11+12
CSR mstatus (0x300) <- 0x8000000A00006000
CSR fflags (0x001) <- 0x0000000000000001
CSR fcsr (0x003) <- 0x0000000000000021
x11 <- 0x0000000000000000

clint mtime 0x0000000000000065 (mip.MTI <- 0b1, mip.STI <- 0b0)
mem[X,0x0000000080000324] -> 0x2973
mem[X,0x0000000080000326] -> 0x0030
[202] [M]: 0x0000000080000324 (0x00302973) csrrs x18, fcsr, x0                      inst_11+16
CSR fcsr (0x003) -> 0x0000000000000021
x18 <- 0x0000000000000021

mem[X,0x0000000080000328] -> 0xB823
mem[X,0x000000008000032A] -> 0x0AB7
[203] [M]: 0x0000000080000328 (0x0AB7B823) sd x11, 0xb0(x15)                        inst_11+20
mem[W,0x00000000800031C8] <- 0x0000000000000000

clint mtime 0x0000000000000066 (mip.MTI <- 0b1, mip.STI <- 0b0)
mem[X,0x000000008000032C] -> 0xBC23
mem[X,0x000000008000032E] -> 0x0B27
[204] [M]: 0x000000008000032C (0x0B27BC23) sd x18, 0xb8(x15)                        inst_11+24
mem[W,0x00000000800031D0] <- 0x0000000000000021

mem[X,0x0000000080000330] -> 0x2B87
mem[X,0x0000000080000332] -> 0x0307
[205] [M]: 0x0000000080000330 (0x03072B87) flw f23, 0x30(x14)                       inst_12+0
mem[R,0x0000000080002040] -> 0x3E4923BA
f23 <- 0xFFFFFFFF3E4923BA
CSR mstatus (0x300) <- 0x8000000A00006000

clint mtime 0x0000000000000067 (mip.MTI <- 0b1, mip.STI <- 0b0)
mem[X,0x0000000080000334] -> 0x0293
mem[X,0x0000000080000336] -> 0x0400
[206] [M]: 0x0000000080000334 (0x04000293) addi x5, x0, 0x40                        inst_12+4
x5 <- 0x0000000000000040

mem[X,0x0000000080000338] -> 0x9073
mem[X,0x000000008000033A] -> 0x0032
[207] [M]: 0x0000000080000338 (0x00329073) csrrw x0, fcsr, x5                       inst_12+8
CSR mstatus (0x300) <- 0x8000000A00006000
CSR fcsr (0x003) <- 0x0000000000000040

clint mtime 0x0000000000000068 (mip.MTI <- 0b1, mip.STI <- 0b0)
mem[X,0x000000008000033C] -> 0xF853
mem[X,0x000000008000033E] -> 0xC03B
[208] [M]: 0x000000008000033C (0xC03BF853) fcvt.lu.s x16, f23, dyn                  inst_12+12
CSR mstatus (0x300) <- 0x8000000A00006000
CSR fflags (0x001) <- 0x0000000000000001
CSR fcsr (0x003) <- 0x0000000000000041
x16 <- 0x0000000000000000

mem[X,0x0000000080000340] -> 0x2973
mem[X,0x0000000080000342] -> 0x0030
[209] [M]: 0x0000000080000340 (0x00302973) csrrs x18, fcsr, x0                      inst_12+16
CSR fcsr (0x003) -> 0x0000000000000041
x18 <- 0x0000000000000041

clint mtime 0x0000000000000069 (mip.MTI <- 0b1, mip.STI <- 0b0)
mem[X,0x0000000080000344] -> 0xB023
mem[X,0x0000000080000346] -> 0x0D07
[210] [M]: 0x0000000080000344 (0x0D07B023) sd x16, 0xc0(x15)                        inst_12+20
mem[W,0x00000000800031D8] <- 0x0000000000000000

mem[X,0x0000000080000348] -> 0xB423
mem[X,0x000000008000034A] -> 0x0D27
[211] [M]: 0x0000000080000348 (0x0D27B423) sd x18, 0xc8(x15)                        inst_12+24
mem[W,0x00000000800031E0] <- 0x0000000000000041

clint mtime 0x000000000000006A (mip.MTI <- 0b1, mip.STI <- 0b0)
mem[X,0x000000008000034C] -> 0x2687
mem[X,0x000000008000034E] -> 0x0347
[212] [M]: 0x000000008000034C (0x03472687) flw f13, 0x34(x14)                       inst_13+0
mem[R,0x0000000080002044] -> 0x3E4923BA
f13 <- 0xFFFFFFFF3E4923BA
CSR mstatus (0x300) <- 0x8000000A00006000

mem[X,0x0000000080000350] -> 0x0293
mem[X,0x0000000080000352] -> 0x0600
[213] [M]: 0x0000000080000350 (0x06000293) addi x5, x0, 0x60                        inst_13+4
x5 <- 0x0000000000000060

clint mtime 0x000000000000006B (mip.MTI <- 0b1, mip.STI <- 0b0)
mem[X,0x0000000080000354] -> 0x9073
mem[X,0x0000000080000356] -> 0x0032
[214] [M]: 0x0000000080000354 (0x00329073) csrrw x0, fcsr, x5                       inst_13+8
CSR mstatus (0x300) <- 0x8000000A00006000
CSR fcsr (0x003) <- 0x0000000000000060

mem[X,0x0000000080000358] -> 0xF053
mem[X,0x000000008000035A] -> 0xC036
[215] [M]: 0x0000000080000358 (0xC036F053) fcvt.lu.s x0, f13, dyn                   inst_13+12
CSR mstatus (0x300) <- 0x8000000A00006000
CSR fflags (0x001) <- 0x0000000000000001
CSR fcsr (0x003) <- 0x0000000000000061

clint mtime 0x000000000000006C (mip.MTI <- 0b1, mip.STI <- 0b0)
mem[X,0x000000008000035C] -> 0x2973
mem[X,0x000000008000035E] -> 0x0030
[216] [M]: 0x000000008000035C (0x00302973) csrrs x18, fcsr, x0                      inst_13+16
CSR fcsr (0x003) -> 0x0000000000000061
x18 <- 0x0000000000000061

mem[X,0x0000000080000360] -> 0xB823
mem[X,0x0000000080000362] -> 0x0C07
[217] [M]: 0x0000000080000360 (0x0C07B823) sd x0, 0xd0(x15)                         inst_13+20
mem[W,0x00000000800031E8] <- 0x0000000000000000

clint mtime 0x000000000000006D (mip.MTI <- 0b1, mip.STI <- 0b0)
mem[X,0x0000000080000364] -> 0xBC23
mem[X,0x0000000080000366] -> 0x0D27
[218] [M]: 0x0000000080000364 (0x0D27BC23) sd x18, 0xd8(x15)                        inst_13+24
mem[W,0x00000000800031F0] <- 0x0000000000000061

mem[X,0x0000000080000368] -> 0x2207
mem[X,0x000000008000036A] -> 0x0387
[219] [M]: 0x0000000080000368 (0x03872207) flw f4, 0x38(x14)                        inst_14+0
mem[R,0x0000000080002048] -> 0x3E4923BA
f4 <- 0xFFFFFFFF3E4923BA
CSR mstatus (0x300) <- 0x8000000A00006000

clint mtime 0x000000000000006E (mip.MTI <- 0b1, mip.STI <- 0b0)
mem[X,0x000000008000036C] -> 0x0293
mem[X,0x000000008000036E] -> 0x0800
[220] [M]: 0x000000008000036C (0x08000293) addi x5, x0, 0x80                        inst_14+4
x5 <- 0x0000000000000080

mem[X,0x0000000080000370] -> 0x9073
mem[X,0x0000000080000372] -> 0x0032
[221] [M]: 0x0000000080000370 (0x00329073) csrrw x0, fcsr, x5                       inst_14+8
CSR mstatus (0x300) <- 0x8000000A00006000
CSR fcsr (0x003) <- 0x0000000000000080

clint mtime 0x000000000000006F (mip.MTI <- 0b1, mip.STI <- 0b0)
mem[X,0x0000000080000374] -> 0x7153
mem[X,0x0000000080000376] -> 0xC032
[222] [M]: 0x0000000080000374 (0xC0327153) fcvt.lu.s x2, f4, dyn                    inst_14+12
CSR mstatus (0x300) <- 0x8000000A00006000
CSR fflags (0x001) <- 0x0000000000000001
CSR fcsr (0x003) <- 0x0000000000000081
x2 <- 0x0000000000000000

mem[X,0x0000000080000378] -> 0x2973
mem[X,0x000000008000037A] -> 0x0030
[223] [M]: 0x0000000080000378 (0x00302973) csrrs x18, fcsr, x0                      inst_14+16
CSR fcsr (0x003) -> 0x0000000000000081
x18 <- 0x0000000000000081

clint mtime 0x0000000000000070 (mip.MTI <- 0b1, mip.STI <- 0b0)
mem[X,0x000000008000037C] -> 0xB023
mem[X,0x000000008000037E] -> 0x0E27
[224] [M]: 0x000000008000037C (0x0E27B023) sd x2, 0xe0(x15)                         inst_14+20
mem[W,0x00000000800031F8] <- 0x0000000000000000

mem[X,0x0000000080000380] -> 0xB423
mem[X,0x0000000080000382] -> 0x0F27
[225] [M]: 0x0000000080000380 (0x0F27B423) sd x18, 0xe8(x15)                        inst_14+24
mem[W,0x0000000080003200] <- 0x0000000000000081

clint mtime 0x0000000000000071 (mip.MTI <- 0b1, mip.STI <- 0b0)
mem[X,0x0000000080000384] -> 0x2707
mem[X,0x0000000080000386] -> 0x03C7
[226] [M]: 0x0000000080000384 (0x03C72707) flw f14, 0x3c(x14)                       inst_15+0
mem[R,0x000000008000204C] -> 0x3E4923BB
f14 <- 0xFFFFFFFF3E4923BB
CSR mstatus (0x300) <- 0x8000000A00006000

mem[X,0x0000000080000388] -> 0x0293
mem[X,0x000000008000038A] -> 0x0000
[227] [M]: 0x0000000080000388 (0x00000293) addi x5, x0, 0x0                         inst_15+4
x5 <- 0x0000000000000000

clint mtime 0x0000000000000072 (mip.MTI <- 0b1, mip.STI <- 0b0)
mem[X,0x000000008000038C] -> 0x9073
mem[X,0x000000008000038E] -> 0x0032
[228] [M]: 0x000000008000038C (0x00329073) csrrw x0, fcsr, x5                       inst_15+8
CSR mstatus (0x300) <- 0x8000000A00006000
CSR fcsr (0x003) <- 0x0000000000000000

mem[X,0x0000000080000390] -> 0x7453
mem[X,0x0000000080000392] -> 0xC037
[229] [M]: 0x0000000080000390 (0xC0377453) fcvt.lu.s x8, f14, dyn                   inst_15+12
CSR mstatus (0x300) <- 0x8000000A00006000
CSR fflags (0x001) <- 0x0000000000000001
CSR fcsr (0x003) <- 0x0000000000000001
x8 <- 0x0000000000000000

clint mtime 0x0000000000000073 (mip.MTI <- 0b1, mip.STI <- 0b0)
mem[X,0x0000000080000394] -> 0x2973
mem[X,0x0000000080000396] -> 0x0030
[230] [M]: 0x0000000080000394 (0x00302973) csrrs x18, fcsr, x0                      inst_15+16
CSR fcsr (0x003) -> 0x0000000000000001
x18 <- 0x0000000000000001

mem[X,0x0000000080000398] -> 0xB823
mem[X,0x000000008000039A] -> 0x0E87
[231] [M]: 0x0000000080000398 (0x0E87B823) sd x8, 0xf0(x15)                         inst_15+20
mem[W,0x0000000080003208] <- 0x0000000000000000

clint mtime 0x0000000000000074 (mip.MTI <- 0b1, mip.STI <- 0b0)
mem[X,0x000000008000039C] -> 0xBC23
mem[X,0x000000008000039E] -> 0x0F27
[232] [M]: 0x000000008000039C (0x0F27BC23) sd x18, 0xf8(x15)                        inst_15+24
mem[W,0x0000000080003210] <- 0x0000000000000001

mem[X,0x00000000800003A0] -> 0x2807
mem[X,0x00000000800003A2] -> 0x0407
[233] [M]: 0x00000000800003A0 (0x04072807) flw f16, 0x40(x14)                       inst_16+0
mem[R,0x0000000080002050] -> 0x3E4923BB
f16 <- 0xFFFFFFFF3E4923BB
CSR mstatus (0x300) <- 0x8000000A00006000

clint mtime 0x0000000000000075 (mip.MTI <- 0b1, mip.STI <- 0b0)
mem[X,0x00000000800003A4] -> 0x0293
mem[X,0x00000000800003A6] -> 0x0200
[234] [M]: 0x00000000800003A4 (0x02000293) addi x5, x0, 0x20                        inst_16+4
x5 <- 0x0000000000000020

mem[X,0x00000000800003A8] -> 0x9073
mem[X,0x00000000800003AA] -> 0x0032
[235] [M]: 0x00000000800003A8 (0x00329073) csrrw x0, fcsr, x5                       inst_16+8
CSR mstatus (0x300) <- 0x8000000A00006000
CSR fcsr (0x003) <- 0x0000000000000020

clint mtime 0x0000000000000076 (mip.MTI <- 0b1, mip.STI <- 0b0)
mem[X,0x00000000800003AC] -> 0x7FD3
mem[X,0x00000000800003AE] -> 0xC038
[236] [M]: 0x00000000800003AC (0xC0387FD3) fcvt.lu.s x31, f16, dyn                  inst_16+12
CSR mstatus (0x300) <- 0x8000000A00006000
CSR fflags (0x001) <- 0x0000000000000001
CSR fcsr (0x003) <- 0x0000000000000021
x31 <- 0x0000000000000000

mem[X,0x00000000800003B0] -> 0x2973
mem[X,0x00000000800003B2] -> 0x0030
[237] [M]: 0x00000000800003B0 (0x00302973) csrrs x18, fcsr, x0                      inst_16+16
CSR fcsr (0x003) -> 0x0000000000000021
x18 <- 0x0000000000000021

clint mtime 0x0000000000000077 (mip.MTI <- 0b1, mip.STI <- 0b0)
mem[X,0x00000000800003B4] -> 0xB023
mem[X,0x00000000800003B6] -> 0x11F7
[238] [M]: 0x00000000800003B4 (0x11F7B023) sd x31, 0x100(x15)                       inst_16+20
mem[W,0x0000000080003218] <- 0x0000000000000000

mem[X,0x00000000800003B8] -> 0xB423
mem[X,0x00000000800003BA] -> 0x1127
[239] [M]: 0x00000000800003B8 (0x1127B423) sd x18, 0x108(x15)                       inst_16+24
mem[W,0x0000000080003220] <- 0x0000000000000021

clint mtime 0x0000000000000078 (mip.MTI <- 0b1, mip.STI <- 0b0)
mem[X,0x00000000800003BC] -> 0x2987
mem[X,0x00000000800003BE] -> 0x0447
[240] [M]: 0x00000000800003BC (0x04472987) flw f19, 0x44(x14)                       inst_17+0
mem[R,0x0000000080002054] -> 0x3E4923BB
f19 <- 0xFFFFFFFF3E4923BB
CSR mstatus (0x300) <- 0x8000000A00006000

mem[X,0x00000000800003C0] -> 0x0293
mem[X,0x00000000800003C2] -> 0x0400
[241] [M]: 0x00000000800003C0 (0x04000293) addi x5, x0, 0x40                        inst_17+4
x5 <- 0x0000000000000040

clint mtime 0x0000000000000079 (mip.MTI <- 0b1, mip.STI <- 0b0)
mem[X,0x00000000800003C4] -> 0x9073
mem[X,0x00000000800003C6] -> 0x0032
[242] [M]: 0x00000000800003C4 (0x00329073) csrrw x0, fcsr, x5                       inst_17+8
CSR mstatus (0x300) <- 0x8000000A00006000
CSR fcsr (0x003) <- 0x0000000000000040

mem[X,0x00000000800003C8] -> 0xFA53
mem[X,0x00000000800003CA] -> 0xC039
[243] [M]: 0x00000000800003C8 (0xC039FA53) fcvt.lu.s x20, f19, dyn                  inst_17+12
CSR mstatus (0x300) <- 0x8000000A00006000
CSR fflags (0x001) <- 0x0000000000000001
CSR fcsr (0x003) <- 0x0000000000000041
x20 <- 0x0000000000000000

clint mtime 0x000000000000007A (mip.MTI <- 0b1, mip.STI <- 0b0)
mem[X,0x00000000800003CC] -> 0x2973
mem[X,0x00000000800003CE] -> 0x0030
[244] [M]: 0x00000000800003CC (0x00302973) csrrs x18, fcsr, x0                      inst_17+16
CSR fcsr (0x003) -> 0x0000000000000041
x18 <- 0x0000000000000041

mem[X,0x00000000800003D0] -> 0xB823
mem[X,0x00000000800003D2] -> 0x1147
[245] [M]: 0x00000000800003D0 (0x1147B823) sd x20, 0x110(x15)                       inst_17+20
mem[W,0x0000000080003228] <- 0x0000000000000000

clint mtime 0x000000000000007B (mip.MTI <- 0b1, mip.STI <- 0b0)
mem[X,0x00000000800003D4] -> 0xBC23
mem[X,0x00000000800003D6] -> 0x1127
[246] [M]: 0x00000000800003D4 (0x1127BC23) sd x18, 0x118(x15)                       inst_17+24
mem[W,0x0000000080003230] <- 0x0000000000000041

mem[X,0x00000000800003D8] -> 0x2B07
mem[X,0x00000000800003DA] -> 0x0487
[247] [M]: 0x00000000800003D8 (0x04872B07) flw f22, 0x48(x14)                       inst_18+0
mem[R,0x0000000080002058] -> 0x3E4923BB
f22 <- 0xFFFFFFFF3E4923BB
CSR mstatus (0x300) <- 0x8000000A00006000

clint mtime 0x000000000000007C (mip.MTI <- 0b1, mip.STI <- 0b0)
mem[X,0x00000000800003DC] -> 0x0293
mem[X,0x00000000800003DE] -> 0x0600
[248] [M]: 0x00000000800003DC (0x06000293) addi x5, x0, 0x60                        inst_18+4
x5 <- 0x0000000000000060

mem[X,0x00000000800003E0] -> 0x9073
mem[X,0x00000000800003E2] -> 0x0032
[249] [M]: 0x00000000800003E0 (0x00329073) csrrw x0, fcsr, x5                       inst_18+8
CSR mstatus (0x300) <- 0x8000000A00006000
CSR fcsr (0x003) <- 0x0000000000000060

clint mtime 0x000000000000007D (mip.MTI <- 0b1, mip.STI <- 0b0)
mem[X,0x00000000800003E4] -> 0x73D3
mem[X,0x00000000800003E6] -> 0xC03B
[250] [M]: 0x00000000800003E4 (0xC03B73D3) fcvt.lu.s x7, f22, dyn                   inst_18+12
CSR mstatus (0x300) <- 0x8000000A00006000
CSR fflags (0x001) <- 0x0000000000000001
CSR fcsr (0x003) <- 0x0000000000000061
x7 <- 0x0000000000000001

mem[X,0x00000000800003E8] -> 0x2973
mem[X,0x00000000800003EA] -> 0x0030
[251] [M]: 0x00000000800003E8 (0x00302973) csrrs x18, fcsr, x0                      inst_18+16
CSR fcsr (0x003) -> 0x0000000000000061
x18 <- 0x0000000000000061

clint mtime 0x000000000000007E (mip.MTI <- 0b1, mip.STI <- 0b0)
mem[X,0x00000000800003EC] -> 0xB023
mem[X,0x00000000800003EE] -> 0x1277
[252] [M]: 0x00000000800003EC (0x1277B023) sd x7, 0x120(x15)                        inst_18+20
mem[W,0x0000000080003238] <- 0x0000000000000001

mem[X,0x00000000800003F0] -> 0xB423
mem[X,0x00000000800003F2] -> 0x1327
[253] [M]: 0x00000000800003F0 (0x1327B423) sd x18, 0x128(x15)                       inst_18+24
mem[W,0x0000000080003240] <- 0x0000000000000061

clint mtime 0x000000000000007F (mip.MTI <- 0b1, mip.STI <- 0b0)
mem[X,0x00000000800003F4] -> 0x2387
mem[X,0x00000000800003F6] -> 0x04C7
[254] [M]: 0x00000000800003F4 (0x04C72387) flw f7, 0x4c(x14)                        inst_19+0
mem[R,0x000000008000205C] -> 0x3E4923BB
f7 <- 0xFFFFFFFF3E4923BB
CSR mstatus (0x300) <- 0x8000000A00006000

mem[X,0x00000000800003F8] -> 0x0293
mem[X,0x00000000800003FA] -> 0x0800
[255] [M]: 0x00000000800003F8 (0x08000293) addi x5, x0, 0x80                        inst_19+4
x5 <- 0x0000000000000080

clint mtime 0x0000000000000080 (mip.MTI <- 0b1, mip.STI <- 0b0)
mem[X,0x00000000800003FC] -> 0x9073
mem[X,0x00000000800003FE] -> 0x0032
[256] [M]: 0x00000000800003FC (0x00329073) csrrw x0, fcsr, x5                       inst_19+8
CSR mstatus (0x300) <- 0x8000000A00006000
CSR fcsr (0x003) <- 0x0000000000000080

mem[X,0x0000000080000400] -> 0xF0D3
mem[X,0x0000000080000402] -> 0xC033
[257] [M]: 0x0000000080000400 (0xC033F0D3) fcvt.lu.s x1, f7, dyn                    inst_19+12
CSR mstatus (0x300) <- 0x8000000A00006000
CSR fflags (0x001) <- 0x0000000000000001
CSR fcsr (0x003) <- 0x0000000000000081
x1 <- 0x0000000000000000

clint mtime 0x0000000000000081 (mip.MTI <- 0b1, mip.STI <- 0b0)
mem[X,0x0000000080000404] -> 0x2973
mem[X,0x0000000080000406] -> 0x0030
[258] [M]: 0x0000000080000404 (0x00302973) csrrs x18, fcsr, x0                      inst_19+16
CSR fcsr (0x003) -> 0x0000000000000081
x18 <- 0x0000000000000081

mem[X,0x0000000080000408] -> 0xB823
mem[X,0x000000008000040A] -> 0x1217
[259] [M]: 0x0000000080000408 (0x1217B823) sd x1, 0x130(x15)                        inst_19+20
mem[W,0x0000000080003248] <- 0x0000000000000000

clint mtime 0x0000000000000082 (mip.MTI <- 0b1, mip.STI <- 0b0)
mem[X,0x000000008000040C] -> 0xBC23
mem[X,0x000000008000040E] -> 0x1327
[260] [M]: 0x000000008000040C (0x1327BC23) sd x18, 0x138(x15)                       inst_19+24
mem[W,0x0000000080003250] <- 0x0000000000000081

mem[X,0x0000000080000410] -> 0x2E07
mem[X,0x0000000080000412] -> 0x0507
[261] [M]: 0x0000000080000410 (0x05072E07) flw f28, 0x50(x14)                       inst_20+0
mem[R,0x0000000080002060] -> 0x3E4923BC
f28 <- 0xFFFFFFFF3E4923BC
CSR mstatus (0x300) <- 0x8000000A00006000

clint mtime 0x0000000000000083 (mip.MTI <- 0b1, mip.STI <- 0b0)
mem[X,0x0000000080000414] -> 0x0293
mem[X,0x0000000080000416] -> 0x0000
[262] [M]: 0x0000000080000414 (0x00000293) addi x5, x0, 0x0                         inst_20+4
x5 <- 0x0000000000000000

mem[X,0x0000000080000418] -> 0x9073
mem[X,0x000000008000041A] -> 0x0032
[263] [M]: 0x0000000080000418 (0x00329073) csrrw x0, fcsr, x5                       inst_20+8
CSR mstatus (0x300) <- 0x8000000A00006000
CSR fcsr (0x003) <- 0x0000000000000000

clint mtime 0x0000000000000084 (mip.MTI <- 0b1, mip.STI <- 0b0)
mem[X,0x000000008000041C] -> 0x7CD3
mem[X,0x000000008000041E] -> 0xC03E
[264] [M]: 0x000000008000041C (0xC03E7CD3) fcvt.lu.s x25, f28, dyn                  inst_20+12
CSR mstatus (0x300) <- 0x8000000A00006000
CSR fflags (0x001) <- 0x0000000000000001
CSR fcsr (0x003) <- 0x0000000000000001
x25 <- 0x0000000000000000

mem[X,0x0000000080000420] -> 0x2973
mem[X,0x0000000080000422] -> 0x0030
[265] [M]: 0x0000000080000420 (0x00302973) csrrs x18, fcsr, x0                      inst_20+16
CSR fcsr (0x003) -> 0x0000000000000001
x18 <- 0x0000000000000001

clint mtime 0x0000000000000085 (mip.MTI <- 0b1, mip.STI <- 0b0)
mem[X,0x0000000080000424] -> 0xB023
mem[X,0x0000000080000426] -> 0x1597
[266] [M]: 0x0000000080000424 (0x1597B023) sd x25, 0x140(x15)                       inst_20+20
mem[W,0x0000000080003258] <- 0x0000000000000000

mem[X,0x0000000080000428] -> 0xB423
mem[X,0x000000008000042A] -> 0x1527
[267] [M]: 0x0000000080000428 (0x1527B423) sd x18, 0x148(x15)                       inst_20+24
mem[W,0x0000000080003260] <- 0x0000000000000001

clint mtime 0x0000000000000086 (mip.MTI <- 0b1, mip.STI <- 0b0)
mem[X,0x000000008000042C] -> 0x2507
mem[X,0x000000008000042E] -> 0x0547
[268] [M]: 0x000000008000042C (0x05472507) flw f10, 0x54(x14)                       inst_21+0
mem[R,0x0000000080002064] -> 0x3E4923BC
f10 <- 0xFFFFFFFF3E4923BC
CSR mstatus (0x300) <- 0x8000000A00006000

mem[X,0x0000000080000430] -> 0x0293
mem[X,0x0000000080000432] -> 0x0200
[269] [M]: 0x0000000080000430 (0x02000293) addi x5, x0, 0x20                        inst_21+4
x5 <- 0x0000000000000020

clint mtime 0x0000000000000087 (mip.MTI <- 0b1, mip.STI <- 0b0)
mem[X,0x0000000080000434] -> 0x9073
mem[X,0x0000000080000436] -> 0x0032
[270] [M]: 0x0000000080000434 (0x00329073) csrrw x0, fcsr, x5                       inst_21+8
CSR mstatus (0x300) <- 0x8000000A00006000
CSR fcsr (0x003) <- 0x0000000000000020

mem[X,0x0000000080000438] -> 0x7553
mem[X,0x000000008000043A] -> 0xC035
[271] [M]: 0x0000000080000438 (0xC0357553) fcvt.lu.s x10, f10, dyn                  inst_21+12
CSR mstatus (0x300) <- 0x8000000A00006000
CSR fflags (0x001) <- 0x0000000000000001
CSR fcsr (0x003) <- 0x0000000000000021
x10 <- 0x0000000000000000

clint mtime 0x0000000000000088 (mip.MTI <- 0b1, mip.STI <- 0b0)
mem[X,0x000000008000043C] -> 0x2973
mem[X,0x000000008000043E] -> 0x0030
[272] [M]: 0x000000008000043C (0x00302973) csrrs x18, fcsr, x0                      inst_21+16
CSR fcsr (0x003) -> 0x0000000000000021
x18 <- 0x0000000000000021

mem[X,0x0000000080000440] -> 0xB823
mem[X,0x0000000080000442] -> 0x14A7
[273] [M]: 0x0000000080000440 (0x14A7B823) sd x10, 0x150(x15)                       inst_21+20
mem[W,0x0000000080003268] <- 0x0000000000000000

clint mtime 0x0000000000000089 (mip.MTI <- 0b1, mip.STI <- 0b0)
mem[X,0x0000000080000444] -> 0xBC23
mem[X,0x0000000080000446] -> 0x1527
[274] [M]: 0x0000000080000444 (0x1527BC23) sd x18, 0x158(x15)                       inst_21+24
mem[W,0x0000000080003270] <- 0x0000000000000021

mem[X,0x0000000080000448] -> 0x2D87
mem[X,0x000000008000044A] -> 0x0587
[275] [M]: 0x0000000080000448 (0x05872D87) flw f27, 0x58(x14)                       inst_22+0
mem[R,0x0000000080002068] -> 0x3E4923BC
f27 <- 0xFFFFFFFF3E4923BC
CSR mstatus (0x300) <- 0x8000000A00006000

clint mtime 0x000000000000008A (mip.MTI <- 0b1, mip.STI <- 0b0)
mem[X,0x000000008000044C] -> 0x0293
mem[X,0x000000008000044E] -> 0x0400
[276] [M]: 0x000000008000044C (0x04000293) addi x5, x0, 0x40                        inst_22+4
x5 <- 0x0000000000000040

mem[X,0x0000000080000450] -> 0x9073
mem[X,0x0000000080000452] -> 0x0032
[277] [M]: 0x0000000080000450 (0x00329073) csrrw x0, fcsr, x5                       inst_22+8
CSR mstatus (0x300) <- 0x8000000A00006000
CSR fcsr (0x003) <- 0x0000000000000040

clint mtime 0x000000000000008B (mip.MTI <- 0b1, mip.STI <- 0b0)
mem[X,0x0000000080000454] -> 0xFAD3
mem[X,0x0000000080000456] -> 0xC03D
[278] [M]: 0x0000000080000454 (0xC03DFAD3) fcvt.lu.s x21, f27, dyn                  inst_22+12
CSR mstatus (0x300) <- 0x8000000A00006000
CSR fflags (0x001) <- 0x0000000000000001
CSR fcsr (0x003) <- 0x0000000000000041
x21 <- 0x0000000000000000

mem[X,0x0000000080000458] -> 0x2973
mem[X,0x000000008000045A] -> 0x0030
[279] [M]: 0x0000000080000458 (0x00302973) csrrs x18, fcsr, x0                      inst_22+16
CSR fcsr (0x003) -> 0x0000000000000041
x18 <- 0x0000000000000041

clint mtime 0x000000000000008C (mip.MTI <- 0b1, mip.STI <- 0b0)
mem[X,0x000000008000045C] -> 0xB023
mem[X,0x000000008000045E] -> 0x1757
[280] [M]: 0x000000008000045C (0x1757B023) sd x21, 0x160(x15)                       inst_22+20
mem[W,0x0000000080003278] <- 0x0000000000000000

mem[X,0x0000000080000460] -> 0xB423
mem[X,0x0000000080000462] -> 0x1727
[281] [M]: 0x0000000080000460 (0x1727B423) sd x18, 0x168(x15)                       inst_22+24
mem[W,0x0000000080003280] <- 0x0000000000000041

clint mtime 0x000000000000008D (mip.MTI <- 0b1, mip.STI <- 0b0)
mem[X,0x0000000080000464] -> 0x2187
mem[X,0x0000000080000466] -> 0x05C7
[282] [M]: 0x0000000080000464 (0x05C72187) flw f3, 0x5c(x14)                        inst_23+0
mem[R,0x000000008000206C] -> 0x3E4923BC
f3 <- 0xFFFFFFFF3E4923BC
CSR mstatus (0x300) <- 0x8000000A00006000

mem[X,0x0000000080000468] -> 0x0293
mem[X,0x000000008000046A] -> 0x0600
[283] [M]: 0x0000000080000468 (0x06000293) addi x5, x0, 0x60                        inst_23+4
x5 <- 0x0000000000000060

clint mtime 0x000000000000008E (mip.MTI <- 0b1, mip.STI <- 0b0)
mem[X,0x000000008000046C] -> 0x9073
mem[X,0x000000008000046E] -> 0x0032
[284] [M]: 0x000000008000046C (0x00329073) csrrw x0, fcsr, x5                       inst_23+8
CSR mstatus (0x300) <- 0x8000000A00006000
CSR fcsr (0x003) <- 0x0000000000000060

mem[X,0x0000000080000470] -> 0xF6D3
mem[X,0x0000000080000472] -> 0xC031
[285] [M]: 0x0000000080000470 (0xC031F6D3) fcvt.lu.s x13, f3, dyn                   inst_23+12
CSR mstatus (0x300) <- 0x8000000A00006000
CSR fflags (0x001) <- 0x0000000000000001
CSR fcsr (0x003) <- 0x0000000000000061
x13 <- 0x0000000000000001

clint mtime 0x000000000000008F (mip.MTI <- 0b1, mip.STI <- 0b0)
mem[X,0x0000000080000474] -> 0x2973
mem[X,0x0000000080000476] -> 0x0030
[286] [M]: 0x0000000080000474 (0x00302973) csrrs x18, fcsr, x0                      inst_23+16
CSR fcsr (0x003) -> 0x0000000000000061
x18 <- 0x0000000000000061

mem[X,0x0000000080000478] -> 0xB823
mem[X,0x000000008000047A] -> 0x16D7
[287] [M]: 0x0000000080000478 (0x16D7B823) sd x13, 0x170(x15)                       inst_23+20
mem[W,0x0000000080003288] <- 0x0000000000000001

clint mtime 0x0000000000000090 (mip.MTI <- 0b1, mip.STI <- 0b0)
mem[X,0x000000008000047C] -> 0xBC23
mem[X,0x000000008000047E] -> 0x1727
[288] [M]: 0x000000008000047C (0x1727BC23) sd x18, 0x178(x15)                       inst_23+24
mem[W,0x0000000080003290] <- 0x0000000000000061

mem[X,0x0000000080000480] -> 0x2A07
mem[X,0x0000000080000482] -> 0x0607
[289] [M]: 0x0000000080000480 (0x06072A07) flw f20, 0x60(x14)                       inst_24+0
mem[R,0x0000000080002070] -> 0x3E4923BC
f20 <- 0xFFFFFFFF3E4923BC
CSR mstatus (0x300) <- 0x8000000A00006000

clint mtime 0x0000000000000091 (mip.MTI <- 0b1, mip.STI <- 0b0)
mem[X,0x0000000080000484] -> 0x0293
mem[X,0x0000000080000486] -> 0x0800
[290] [M]: 0x0000000080000484 (0x08000293) addi x5, x0, 0x80                        inst_24+4
x5 <- 0x0000000000000080

mem[X,0x0000000080000488] -> 0x9073
mem[X,0x000000008000048A] -> 0x0032
[291] [M]: 0x0000000080000488 (0x00329073) csrrw x0, fcsr, x5                       inst_24+8
CSR mstatus (0x300) <- 0x8000000A00006000
CSR fcsr (0x003) <- 0x0000000000000080

clint mtime 0x0000000000000092 (mip.MTI <- 0b1, mip.STI <- 0b0)
mem[X,0x000000008000048C] -> 0x7653
mem[X,0x000000008000048E] -> 0xC03A
[292] [M]: 0x000000008000048C (0xC03A7653) fcvt.lu.s x12, f20, dyn                  inst_24+12
CSR mstatus (0x300) <- 0x8000000A00006000
CSR fflags (0x001) <- 0x0000000000000001
CSR fcsr (0x003) <- 0x0000000000000081
x12 <- 0x0000000000000000

mem[X,0x0000000080000490] -> 0x2973
mem[X,0x0000000080000492] -> 0x0030
[293] [M]: 0x0000000080000490 (0x00302973) csrrs x18, fcsr, x0                      inst_24+16
CSR fcsr (0x003) -> 0x0000000000000081
x18 <- 0x0000000000000081

clint mtime 0x0000000000000093 (mip.MTI <- 0b1, mip.STI <- 0b0)
mem[X,0x0000000080000494] -> 0xB023
mem[X,0x0000000080000496] -> 0x18C7
[294] [M]: 0x0000000080000494 (0x18C7B023) sd x12, 0x180(x15)                       inst_24+20
mem[W,0x0000000080003298] <- 0x0000000000000000

mem[X,0x0000000080000498] -> 0xB423
mem[X,0x000000008000049A] -> 0x1927
[295] [M]: 0x0000000080000498 (0x1927B423) sd x18, 0x188(x15)                       inst_24+24
mem[W,0x00000000800032A0] <- 0x0000000000000081

clint mtime 0x0000000000000094 (mip.MTI <- 0b1, mip.STI <- 0b0)
mem[X,0x000000008000049C] -> 0x0013
mem[X,0x000000008000049E] -> 0x0000
[296] [M]: 0x000000008000049C (0x00000013) addi x0, x0, 0x0                         inst_24+28

mem[X,0x00000000800004A0] -> 0x2197
mem[X,0x00000000800004A2] -> 0x0000
[297] [M]: 0x00000000800004A0 (0x00002197) auipc x3, 0x2                            inst_24+32
x3 <- 0x00000000800024A0

clint mtime 0x0000000000000095 (mip.MTI <- 0b1, mip.STI <- 0b0)
mem[X,0x00000000800004A4] -> 0x8193
mem[X,0x00000000800004A6] -> 0xBD41
[298] [M]: 0x00000000800004A4 (0xBD418193) addi x3, x3, -0x42c                      inst_24+36
x3 <- 0x0000000080002074

mem[X,0x00000000800004A8] -> 0x0001
[299] [M]: 0x00000000800004A8 (0x0001) c.nop                                        inst_24+40

clint mtime 0x0000000000000096 (mip.MTI <- 0b1, mip.STI <- 0b0)
mem[X,0x00000000800004AA] -> 0x0013
mem[X,0x00000000800004AC] -> 0x0000
[300] [M]: 0x00000000800004AA (0x00000013) addi x0, x0, 0x0                         inst_24+42

mem[X,0x00000000800004AE] -> 0x0013
mem[X,0x00000000800004B0] -> 0x0000
[301] [M]: 0x00000000800004AE (0x00000013) addi x0, x0, 0x0                         inst_24+46

clint mtime 0x0000000000000097 (mip.MTI <- 0b1, mip.STI <- 0b0)
mem[X,0x00000000800004B2] -> 0x0013
mem[X,0x00000000800004B4] -> 0x0000
[302] [M]: 0x00000000800004B2 (0x00000013) addi x0, x0, 0x0                         inst_24+50

mem[X,0x00000000800004B6] -> 0x0013
mem[X,0x00000000800004B8] -> 0x0000
[303] [M]: 0x00000000800004B6 (0x00000013) addi x0, x0, 0x0                         inst_24+54

clint mtime 0x0000000000000098 (mip.MTI <- 0b1, mip.STI <- 0b0)
mem[X,0x00000000800004BA] -> 0x0013
mem[X,0x00000000800004BC] -> 0x0000
[304] [M]: 0x00000000800004BA (0x00000013) addi x0, x0, 0x0                         inst_24+58

mem[X,0x00000000800004BE] -> 0x0001
[305] [M]: 0x00000000800004BE (0x0001) c.nop                                        inst_24+62

clint mtime 0x0000000000000099 (mip.MTI <- 0b1, mip.STI <- 0b0)
mem[X,0x00000000800004C0] -> 0xA487
mem[X,0x00000000800004C2] -> 0x0001
[306] [M]: 0x00000000800004C0 (0x0001A487) flw f9, 0x0(x3)                          inst_25+0
mem[R,0x0000000080002074] -> 0x3E4923BD
f9 <- 0xFFFFFFFF3E4923BD
CSR mstatus (0x300) <- 0x8000000A00006000

mem[X,0x00000000800004C4] -> 0x0293
mem[X,0x00000000800004C6] -> 0x0000
[307] [M]: 0x00000000800004C4 (0x00000293) addi x5, x0, 0x0                         inst_25+4
x5 <- 0x0000000000000000

clint mtime 0x000000000000009A (mip.MTI <- 0b1, mip.STI <- 0b0)
mem[X,0x00000000800004C8] -> 0x9073
mem[X,0x00000000800004CA] -> 0x0032
[308] [M]: 0x00000000800004C8 (0x00329073) csrrw x0, fcsr, x5                       inst_25+8
CSR mstatus (0x300) <- 0x8000000A00006000
CSR fcsr (0x003) <- 0x0000000000000000

mem[X,0x00000000800004CC] -> 0xF9D3
mem[X,0x00000000800004CE] -> 0xC034
[309] [M]: 0x00000000800004CC (0xC034F9D3) fcvt.lu.s x19, f9, dyn                   inst_25+12
CSR mstatus (0x300) <- 0x8000000A00006000
CSR fflags (0x001) <- 0x0000000000000001
CSR fcsr (0x003) <- 0x0000000000000001
x19 <- 0x0000000000000000

clint mtime 0x000000000000009B (mip.MTI <- 0b1, mip.STI <- 0b0)
mem[X,0x00000000800004D0] -> 0x2273
mem[X,0x00000000800004D2] -> 0x0030
[310] [M]: 0x00000000800004D0 (0x00302273) csrrs x4, fcsr, x0                       inst_25+16
CSR fcsr (0x003) -> 0x0000000000000001
x4 <- 0x0000000000000001

mem[X,0x00000000800004D4] -> 0xB823
mem[X,0x00000000800004D6] -> 0x1937
[311] [M]: 0x00000000800004D4 (0x1937B823) sd x19, 0x190(x15)                       inst_25+20
mem[W,0x00000000800032A8] <- 0x0000000000000000

clint mtime 0x000000000000009C (mip.MTI <- 0b1, mip.STI <- 0b0)
mem[X,0x00000000800004D8] -> 0xBC23
mem[X,0x00000000800004DA] -> 0x1847
[312] [M]: 0x00000000800004D8 (0x1847BC23) sd x4, 0x198(x15)                        inst_25+24
mem[W,0x00000000800032B0] <- 0x0000000000000001

mem[X,0x00000000800004DC] -> 0xA407
mem[X,0x00000000800004DE] -> 0x0041
[313] [M]: 0x00000000800004DC (0x0041A407) flw f8, 0x4(x3)                          inst_26+0
mem[R,0x0000000080002078] -> 0x3E4923BD
f8 <- 0xFFFFFFFF3E4923BD
CSR mstatus (0x300) <- 0x8000000A00006000

clint mtime 0x000000000000009D (mip.MTI <- 0b1, mip.STI <- 0b0)
mem[X,0x00000000800004E0] -> 0x0293
mem[X,0x00000000800004E2] -> 0x0200
[314] [M]: 0x00000000800004E0 (0x02000293) addi x5, x0, 0x20                        inst_26+4
x5 <- 0x0000000000000020

mem[X,0x00000000800004E4] -> 0x9073
mem[X,0x00000000800004E6] -> 0x0032
[315] [M]: 0x00000000800004E4 (0x00329073) csrrw x0, fcsr, x5                       inst_26+8
CSR mstatus (0x300) <- 0x8000000A00006000
CSR fcsr (0x003) <- 0x0000000000000020

clint mtime 0x000000000000009E (mip.MTI <- 0b1, mip.STI <- 0b0)
mem[X,0x00000000800004E8] -> 0x7753
mem[X,0x00000000800004EA] -> 0xC034
[316] [M]: 0x00000000800004E8 (0xC0347753) fcvt.lu.s x14, f8, dyn                   inst_26+12
CSR mstatus (0x300) <- 0x8000000A00006000
CSR fflags (0x001) <- 0x0000000000000001
CSR fcsr (0x003) <- 0x0000000000000021
x14 <- 0x0000000000000000

mem[X,0x00000000800004EC] -> 0x2273
mem[X,0x00000000800004EE] -> 0x0030
[317] [M]: 0x00000000800004EC (0x00302273) csrrs x4, fcsr, x0                       inst_26+16
CSR fcsr (0x003) -> 0x0000000000000021
x4 <- 0x0000000000000021

clint mtime 0x000000000000009F (mip.MTI <- 0b1, mip.STI <- 0b0)
mem[X,0x00000000800004F0] -> 0xB023
mem[X,0x00000000800004F2] -> 0x1AE7
[318] [M]: 0x00000000800004F0 (0x1AE7B023) sd x14, 0x1a0(x15)                       inst_26+20
mem[W,0x00000000800032B8] <- 0x0000000000000000

mem[X,0x00000000800004F4] -> 0xB423
mem[X,0x00000000800004F6] -> 0x1A47
[319] [M]: 0x00000000800004F4 (0x1A47B423) sd x4, 0x1a8(x15)                        inst_26+24
mem[W,0x00000000800032C0] <- 0x0000000000000021

clint mtime 0x00000000000000A0 (mip.MTI <- 0b1, mip.STI <- 0b0)
mem[X,0x00000000800004F8] -> 0xAC87
mem[X,0x00000000800004FA] -> 0x0081
[320] [M]: 0x00000000800004F8 (0x0081AC87) flw f25, 0x8(x3)                         inst_27+0
mem[R,0x000000008000207C] -> 0x3E4923BD
f25 <- 0xFFFFFFFF3E4923BD
CSR mstatus (0x300) <- 0x8000000A00006000

mem[X,0x00000000800004FC] -> 0x0113
mem[X,0x00000000800004FE] -> 0x0400
[321] [M]: 0x00000000800004FC (0x04000113) addi x2, x0, 0x40                        inst_27+4
x2 <- 0x0000000000000040

clint mtime 0x00000000000000A1 (mip.MTI <- 0b1, mip.STI <- 0b0)
mem[X,0x0000000080000500] -> 0x1073
mem[X,0x0000000080000502] -> 0x0031
[322] [M]: 0x0000000080000500 (0x00311073) csrrw x0, fcsr, x2                       inst_27+8
CSR mstatus (0x300) <- 0x8000000A00006000
CSR fcsr (0x003) <- 0x0000000000000040

mem[X,0x0000000080000504] -> 0xF2D3
mem[X,0x0000000080000506] -> 0xC03C
[323] [M]: 0x0000000080000504 (0xC03CF2D3) fcvt.lu.s x5, f25, dyn                   inst_27+12
CSR mstatus (0x300) <- 0x8000000A00006000
CSR fflags (0x001) <- 0x0000000000000001
CSR fcsr (0x003) <- 0x0000000000000041
x5 <- 0x0000000000000000

clint mtime 0x00000000000000A2 (mip.MTI <- 0b1, mip.STI <- 0b0)
mem[X,0x0000000080000508] -> 0x2273
mem[X,0x000000008000050A] -> 0x0030
[324] [M]: 0x0000000080000508 (0x00302273) csrrs x4, fcsr, x0                       inst_27+16
CSR fcsr (0x003) -> 0x0000000000000041
x4 <- 0x0000000000000041

mem[X,0x000000008000050C] -> 0xB823
mem[X,0x000000008000050E] -> 0x1A57
[325] [M]: 0x000000008000050C (0x1A57B823) sd x5, 0x1b0(x15)                        inst_27+20
mem[W,0x00000000800032C8] <- 0x0000000000000000

clint mtime 0x00000000000000A3 (mip.MTI <- 0b1, mip.STI <- 0b0)
mem[X,0x0000000080000510] -> 0xBC23
mem[X,0x0000000080000512] -> 0x1A47
[326] [M]: 0x0000000080000510 (0x1A47BC23) sd x4, 0x1b8(x15)                        inst_27+24
mem[W,0x00000000800032D0] <- 0x0000000000000041

mem[X,0x0000000080000514] -> 0x0013
mem[X,0x0000000080000516] -> 0x0000
[327] [M]: 0x0000000080000514 (0x00000013) addi x0, x0, 0x0                         inst_27+28

clint mtime 0x00000000000000A4 (mip.MTI <- 0b1, mip.STI <- 0b0)
mem[X,0x0000000080000518] -> 0x0013
mem[X,0x000000008000051A] -> 0x0000
[328] [M]: 0x0000000080000518 (0x00000013) addi x0, x0, 0x0                         inst_27+32

mem[X,0x000000008000051C] -> 0x0013
mem[X,0x000000008000051E] -> 0x0000
[329] [M]: 0x000000008000051C (0x00000013) addi x0, x0, 0x0                         inst_27+36

clint mtime 0x00000000000000A5 (mip.MTI <- 0b1, mip.STI <- 0b0)
mem[X,0x0000000080000520] -> 0x3097
mem[X,0x0000000080000522] -> 0x0000
[330] [M]: 0x0000000080000520 (0x00003097) auipc x1, 0x3                            inst_27+40
x1 <- 0x0000000080003520

mem[X,0x0000000080000524] -> 0x8093
mem[X,0x0000000080000526] -> 0xDB80
[331] [M]: 0x0000000080000524 (0xDB808093) addi x1, x1, -0x248                      inst_27+44
x1 <- 0x00000000800032D8

clint mtime 0x00000000000000A6 (mip.MTI <- 0b1, mip.STI <- 0b0)
mem[X,0x0000000080000528] -> 0x0001
[332] [M]: 0x0000000080000528 (0x0001) c.nop                                        inst_27+48

mem[X,0x000000008000052A] -> 0x0013
mem[X,0x000000008000052C] -> 0x0000
[333] [M]: 0x000000008000052A (0x00000013) addi x0, x0, 0x0                         inst_27+50

clint mtime 0x00000000000000A7 (mip.MTI <- 0b1, mip.STI <- 0b0)
mem[X,0x000000008000052E] -> 0x0013
mem[X,0x0000000080000530] -> 0x0000
[334] [M]: 0x000000008000052E (0x00000013) addi x0, x0, 0x0                         inst_27+54

mem[X,0x0000000080000532] -> 0x0013
mem[X,0x0000000080000534] -> 0x0000
[335] [M]: 0x0000000080000532 (0x00000013) addi x0, x0, 0x0                         inst_27+58

clint mtime 0x00000000000000A8 (mip.MTI <- 0b1, mip.STI <- 0b0)
mem[X,0x0000000080000536] -> 0x0013
mem[X,0x0000000080000538] -> 0x0000
[336] [M]: 0x0000000080000536 (0x00000013) addi x0, x0, 0x0                         inst_27+62

mem[X,0x000000008000053A] -> 0x0013
mem[X,0x000000008000053C] -> 0x0000
[337] [M]: 0x000000008000053A (0x00000013) addi x0, x0, 0x0                         inst_27+66

clint mtime 0x00000000000000A9 (mip.MTI <- 0b1, mip.STI <- 0b0)
mem[X,0x000000008000053E] -> 0x0001
[338] [M]: 0x000000008000053E (0x0001) c.nop                                        inst_27+70

mem[X,0x0000000080000540] -> 0xA607
mem[X,0x0000000080000542] -> 0x00C1
[339] [M]: 0x0000000080000540 (0x00C1A607) flw f12, 0xc(x3)                         inst_28+0
mem[R,0x0000000080002080] -> 0x3E4923BD
f12 <- 0xFFFFFFFF3E4923BD
CSR mstatus (0x300) <- 0x8000000A00006000

clint mtime 0x00000000000000AA (mip.MTI <- 0b1, mip.STI <- 0b0)
mem[X,0x0000000080000544] -> 0x0113
mem[X,0x0000000080000546] -> 0x0600
[340] [M]: 0x0000000080000544 (0x06000113) addi x2, x0, 0x60                        inst_28+4
x2 <- 0x0000000000000060

mem[X,0x0000000080000548] -> 0x1073
mem[X,0x000000008000054A] -> 0x0031
[341] [M]: 0x0000000080000548 (0x00311073) csrrw x0, fcsr, x2                       inst_28+8
CSR mstatus (0x300) <- 0x8000000A00006000
CSR fcsr (0x003) <- 0x0000000000000060

clint mtime 0x00000000000000AB (mip.MTI <- 0b1, mip.STI <- 0b0)
mem[X,0x000000008000054C] -> 0x7B53
mem[X,0x000000008000054E] -> 0xC036
[342] [M]: 0x000000008000054C (0xC0367B53) fcvt.lu.s x22, f12, dyn                  inst_28+12
CSR mstatus (0x300) <- 0x8000000A00006000
CSR fflags (0x001) <- 0x0000000000000001
CSR fcsr (0x003) <- 0x0000000000000061
x22 <- 0x0000000000000001

mem[X,0x0000000080000550] -> 0x2273
mem[X,0x0000000080000552] -> 0x0030
[343] [M]: 0x0000000080000550 (0x00302273) csrrs x4, fcsr, x0                       inst_28+16
CSR fcsr (0x003) -> 0x0000000000000061
x4 <- 0x0000000000000061

clint mtime 0x00000000000000AC (mip.MTI <- 0b1, mip.STI <- 0b0)
mem[X,0x0000000080000554] -> 0xB023
mem[X,0x0000000080000556] -> 0x0160
[344] [M]: 0x0000000080000554 (0x0160B023) sd x22, 0x0(x1)                          inst_28+20
mem[W,0x00000000800032D8] <- 0x0000000000000001

mem[X,0x0000000080000558] -> 0xB423
mem[X,0x000000008000055A] -> 0x0040
[345] [M]: 0x0000000080000558 (0x0040B423) sd x4, 0x8(x1)                           inst_28+24
mem[W,0x00000000800032E0] <- 0x0000000000000061

clint mtime 0x00000000000000AD (mip.MTI <- 0b1, mip.STI <- 0b0)
mem[X,0x000000008000055C] -> 0xA587
mem[X,0x000000008000055E] -> 0x0101
[346] [M]: 0x000000008000055C (0x0101A587) flw f11, 0x10(x3)                        inst_29+0
mem[R,0x0000000080002084] -> 0x3E4923BD
f11 <- 0xFFFFFFFF3E4923BD
CSR mstatus (0x300) <- 0x8000000A00006000

mem[X,0x0000000080000560] -> 0x0113
mem[X,0x0000000080000562] -> 0x0800
[347] [M]: 0x0000000080000560 (0x08000113) addi x2, x0, 0x80                        inst_29+4
x2 <- 0x0000000000000080

clint mtime 0x00000000000000AE (mip.MTI <- 0b1, mip.STI <- 0b0)
mem[X,0x0000000080000564] -> 0x1073
mem[X,0x0000000080000566] -> 0x0031
[348] [M]: 0x0000000080000564 (0x00311073) csrrw x0, fcsr, x2                       inst_29+8
CSR mstatus (0x300) <- 0x8000000A00006000
CSR fcsr (0x003) <- 0x0000000000000080

mem[X,0x0000000080000568] -> 0xF7D3
mem[X,0x000000008000056A] -> 0xC035
[349] [M]: 0x0000000080000568 (0xC035F7D3) fcvt.lu.s x15, f11, dyn                  inst_29+12
CSR mstatus (0x300) <- 0x8000000A00006000
CSR fflags (0x001) <- 0x0000000000000001
CSR fcsr (0x003) <- 0x0000000000000081
x15 <- 0x0000000000000000

clint mtime 0x00000000000000AF (mip.MTI <- 0b1, mip.STI <- 0b0)
mem[X,0x000000008000056C] -> 0x2273
mem[X,0x000000008000056E] -> 0x0030
[350] [M]: 0x000000008000056C (0x00302273) csrrs x4, fcsr, x0                       inst_29+16
CSR fcsr (0x003) -> 0x0000000000000081
x4 <- 0x0000000000000081

mem[X,0x0000000080000570] -> 0xB823
mem[X,0x0000000080000572] -> 0x00F0
[351] [M]: 0x0000000080000570 (0x00F0B823) sd x15, 0x10(x1)                         inst_29+20
mem[W,0x00000000800032E8] <- 0x0000000000000000

clint mtime 0x00000000000000B0 (mip.MTI <- 0b1, mip.STI <- 0b0)
mem[X,0x0000000080000574] -> 0xBC23
mem[X,0x0000000080000576] -> 0x0040
[352] [M]: 0x0000000080000574 (0x0040BC23) sd x4, 0x18(x1)                          inst_29+24
mem[W,0x00000000800032F0] <- 0x0000000000000081

mem[X,0x0000000080000578] -> 0xA107
mem[X,0x000000008000057A] -> 0x0141
[353] [M]: 0x0000000080000578 (0x0141A107) flw f2, 0x14(x3)                         inst_30+0
mem[R,0x0000000080002088] -> 0x3E4923BE
f2 <- 0xFFFFFFFF3E4923BE
CSR mstatus (0x300) <- 0x8000000A00006000

clint mtime 0x00000000000000B1 (mip.MTI <- 0b1, mip.STI <- 0b0)
mem[X,0x000000008000057C] -> 0x0113
mem[X,0x000000008000057E] -> 0x0000
[354] [M]: 0x000000008000057C (0x00000113) addi x2, x0, 0x0                         inst_30+4
x2 <- 0x0000000000000000

mem[X,0x0000000080000580] -> 0x1073
mem[X,0x0000000080000582] -> 0x0031
[355] [M]: 0x0000000080000580 (0x00311073) csrrw x0, fcsr, x2                       inst_30+8
CSR mstatus (0x300) <- 0x8000000A00006000
CSR fcsr (0x003) <- 0x0000000000000000

clint mtime 0x00000000000000B2 (mip.MTI <- 0b1, mip.STI <- 0b0)
mem[X,0x0000000080000584] -> 0x7BD3
mem[X,0x0000000080000586] -> 0xC031
[356] [M]: 0x0000000080000584 (0xC0317BD3) fcvt.lu.s x23, f2, dyn                   inst_30+12
CSR mstatus (0x300) <- 0x8000000A00006000
CSR fflags (0x001) <- 0x0000000000000001
CSR fcsr (0x003) <- 0x0000000000000001
x23 <- 0x0000000000000000

mem[X,0x0000000080000588] -> 0x2273
mem[X,0x000000008000058A] -> 0x0030
[357] [M]: 0x0000000080000588 (0x00302273) csrrs x4, fcsr, x0                       inst_30+16
CSR fcsr (0x003) -> 0x0000000000000001
x4 <- 0x0000000000000001

clint mtime 0x00000000000000B3 (mip.MTI <- 0b1, mip.STI <- 0b0)
mem[X,0x000000008000058C] -> 0xB023
mem[X,0x000000008000058E] -> 0x0370
[358] [M]: 0x000000008000058C (0x0370B023) sd x23, 0x20(x1)                         inst_30+20
mem[W,0x00000000800032F8] <- 0x0000000000000000

mem[X,0x0000000080000590] -> 0xB423
mem[X,0x0000000080000592] -> 0x0240
[359] [M]: 0x0000000080000590 (0x0240B423) sd x4, 0x28(x1)                          inst_30+24
mem[W,0x0000000080003300] <- 0x0000000000000001

clint mtime 0x00000000000000B4 (mip.MTI <- 0b1, mip.STI <- 0b0)
mem[X,0x0000000080000594] -> 0xAD07
mem[X,0x0000000080000596] -> 0x0181
[360] [M]: 0x0000000080000594 (0x0181AD07) flw f26, 0x18(x3)                        inst_31+0
mem[R,0x000000008000208C] -> 0x3E4923BE
f26 <- 0xFFFFFFFF3E4923BE
CSR mstatus (0x300) <- 0x8000000A00006000

mem[X,0x0000000080000598] -> 0x0113
mem[X,0x000000008000059A] -> 0x0200
[361] [M]: 0x0000000080000598 (0x02000113) addi x2, x0, 0x20                        inst_31+4
x2 <- 0x0000000000000020

clint mtime 0x00000000000000B5 (mip.MTI <- 0b1, mip.STI <- 0b0)
mem[X,0x000000008000059C] -> 0x1073
mem[X,0x000000008000059E] -> 0x0031
[362] [M]: 0x000000008000059C (0x00311073) csrrw x0, fcsr, x2                       inst_31+8
CSR mstatus (0x300) <- 0x8000000A00006000
CSR fcsr (0x003) <- 0x0000000000000020

mem[X,0x00000000800005A0] -> 0x7953
mem[X,0x00000000800005A2] -> 0xC03D
[363] [M]: 0x00000000800005A0 (0xC03D7953) fcvt.lu.s x18, f26, dyn                  inst_31+12
CSR mstatus (0x300) <- 0x8000000A00006000
CSR fflags (0x001) <- 0x0000000000000001
CSR fcsr (0x003) <- 0x0000000000000021
x18 <- 0x0000000000000000

clint mtime 0x00000000000000B6 (mip.MTI <- 0b1, mip.STI <- 0b0)
mem[X,0x00000000800005A4] -> 0x2273
mem[X,0x00000000800005A6] -> 0x0030
[364] [M]: 0x00000000800005A4 (0x00302273) csrrs x4, fcsr, x0                       inst_31+16
CSR fcsr (0x003) -> 0x0000000000000021
x4 <- 0x0000000000000021

mem[X,0x00000000800005A8] -> 0xB823
mem[X,0x00000000800005AA] -> 0x0320
[365] [M]: 0x00000000800005A8 (0x0320B823) sd x18, 0x30(x1)                         inst_31+20
mem[W,0x0000000080003308] <- 0x0000000000000000

clint mtime 0x00000000000000B7 (mip.MTI <- 0b1, mip.STI <- 0b0)
mem[X,0x00000000800005AC] -> 0xBC23
mem[X,0x00000000800005AE] -> 0x0240
[366] [M]: 0x00000000800005AC (0x0240BC23) sd x4, 0x38(x1)                          inst_31+24
mem[W,0x0000000080003310] <- 0x0000000000000021

mem[X,0x00000000800005B0] -> 0xAF87
mem[X,0x00000000800005B2] -> 0x01C1
[367] [M]: 0x00000000800005B0 (0x01C1AF87) flw f31, 0x1c(x3)                        inst_32+0
mem[R,0x0000000080002090] -> 0x3E4923BE
f31 <- 0xFFFFFFFF3E4923BE
CSR mstatus (0x300) <- 0x8000000A00006000

clint mtime 0x00000000000000B8 (mip.MTI <- 0b1, mip.STI <- 0b0)
mem[X,0x00000000800005B4] -> 0x0113
mem[X,0x00000000800005B6] -> 0x0400
[368] [M]: 0x00000000800005B4 (0x04000113) addi x2, x0, 0x40                        inst_32+4
x2 <- 0x0000000000000040

mem[X,0x00000000800005B8] -> 0x1073
mem[X,0x00000000800005BA] -> 0x0031
[369] [M]: 0x00000000800005B8 (0x00311073) csrrw x0, fcsr, x2                       inst_32+8
CSR mstatus (0x300) <- 0x8000000A00006000
CSR fcsr (0x003) <- 0x0000000000000040

clint mtime 0x00000000000000B9 (mip.MTI <- 0b1, mip.STI <- 0b0)
mem[X,0x00000000800005BC] -> 0xFFD3
mem[X,0x00000000800005BE] -> 0xC03F
[370] [M]: 0x00000000800005BC (0xC03FFFD3) fcvt.lu.s x31, f31, dyn                  inst_32+12
CSR mstatus (0x300) <- 0x8000000A00006000
CSR fflags (0x001) <- 0x0000000000000001
CSR fcsr (0x003) <- 0x0000000000000041
x31 <- 0x0000000000000000

mem[X,0x00000000800005C0] -> 0x2273
mem[X,0x00000000800005C2] -> 0x0030
[371] [M]: 0x00000000800005C0 (0x00302273) csrrs x4, fcsr, x0                       inst_32+16
CSR fcsr (0x003) -> 0x0000000000000041
x4 <- 0x0000000000000041

clint mtime 0x00000000000000BA (mip.MTI <- 0b1, mip.STI <- 0b0)
mem[X,0x00000000800005C4] -> 0xB023
mem[X,0x00000000800005C6] -> 0x05F0
[372] [M]: 0x00000000800005C4 (0x05F0B023) sd x31, 0x40(x1)                         inst_32+20
mem[W,0x0000000080003318] <- 0x0000000000000000

mem[X,0x00000000800005C8] -> 0xB423
mem[X,0x00000000800005CA] -> 0x0440
[373] [M]: 0x00000000800005C8 (0x0440B423) sd x4, 0x48(x1)                          inst_32+24
mem[W,0x0000000080003320] <- 0x0000000000000041

clint mtime 0x00000000000000BB (mip.MTI <- 0b1, mip.STI <- 0b0)
mem[X,0x00000000800005CC] -> 0xAF87
mem[X,0x00000000800005CE] -> 0x0201
[374] [M]: 0x00000000800005CC (0x0201AF87) flw f31, 0x20(x3)                        inst_33+0
mem[R,0x0000000080002094] -> 0x3E4923BE
f31 <- 0xFFFFFFFF3E4923BE
CSR mstatus (0x300) <- 0x8000000A00006000

mem[X,0x00000000800005D0] -> 0x0113
mem[X,0x00000000800005D2] -> 0x0600
[375] [M]: 0x00000000800005D0 (0x06000113) addi x2, x0, 0x60                        inst_33+4
x2 <- 0x0000000000000060

clint mtime 0x00000000000000BC (mip.MTI <- 0b1, mip.STI <- 0b0)
mem[X,0x00000000800005D4] -> 0x1073
mem[X,0x00000000800005D6] -> 0x0031
[376] [M]: 0x00000000800005D4 (0x00311073) csrrw x0, fcsr, x2                       inst_33+8
CSR mstatus (0x300) <- 0x8000000A00006000
CSR fcsr (0x003) <- 0x0000000000000060

mem[X,0x00000000800005D8] -> 0xFFD3
mem[X,0x00000000800005DA] -> 0xC03F
[377] [M]: 0x00000000800005D8 (0xC03FFFD3) fcvt.lu.s x31, f31, dyn                  inst_33+12
CSR mstatus (0x300) <- 0x8000000A00006000
CSR fflags (0x001) <- 0x0000000000000001
CSR fcsr (0x003) <- 0x0000000000000061
x31 <- 0x0000000000000001

clint mtime 0x00000000000000BD (mip.MTI <- 0b1, mip.STI <- 0b0)
mem[X,0x00000000800005DC] -> 0x2273
mem[X,0x00000000800005DE] -> 0x0030
[378] [M]: 0x00000000800005DC (0x00302273) csrrs x4, fcsr, x0                       inst_33+16
CSR fcsr (0x003) -> 0x0000000000000061
x4 <- 0x0000000000000061

mem[X,0x00000000800005E0] -> 0xB823
mem[X,0x00000000800005E2] -> 0x05F0
[379] [M]: 0x00000000800005E0 (0x05F0B823) sd x31, 0x50(x1)                         inst_33+20
mem[W,0x0000000080003328] <- 0x0000000000000001

clint mtime 0x00000000000000BE (mip.MTI <- 0b1, mip.STI <- 0b0)
mem[X,0x00000000800005E4] -> 0xBC23
mem[X,0x00000000800005E6] -> 0x0440
[380] [M]: 0x00000000800005E4 (0x0440BC23) sd x4, 0x58(x1)                          inst_33+24
mem[W,0x0000000080003330] <- 0x0000000000000061

mem[X,0x00000000800005E8] -> 0xAF87
mem[X,0x00000000800005EA] -> 0x0241
[381] [M]: 0x00000000800005E8 (0x0241AF87) flw f31, 0x24(x3)                        inst_34+0
mem[R,0x0000000080002098] -> 0x3E4923BE
f31 <- 0xFFFFFFFF3E4923BE
CSR mstatus (0x300) <- 0x8000000A00006000

clint mtime 0x00000000000000BF (mip.MTI <- 0b1, mip.STI <- 0b0)
mem[X,0x00000000800005EC] -> 0x0113
mem[X,0x00000000800005EE] -> 0x0800
[382] [M]: 0x00000000800005EC (0x08000113) addi x2, x0, 0x80                        inst_34+4
x2 <- 0x0000000000000080

mem[X,0x00000000800005F0] -> 0x1073
mem[X,0x00000000800005F2] -> 0x0031
[383] [M]: 0x00000000800005F0 (0x00311073) csrrw x0, fcsr, x2                       inst_34+8
CSR mstatus (0x300) <- 0x8000000A00006000
CSR fcsr (0x003) <- 0x0000000000000080

clint mtime 0x00000000000000C0 (mip.MTI <- 0b1, mip.STI <- 0b0)
mem[X,0x00000000800005F4] -> 0xFFD3
mem[X,0x00000000800005F6] -> 0xC03F
[384] [M]: 0x00000000800005F4 (0xC03FFFD3) fcvt.lu.s x31, f31, dyn                  inst_34+12
CSR mstatus (0x300) <- 0x8000000A00006000
CSR fflags (0x001) <- 0x0000000000000001
CSR fcsr (0x003) <- 0x0000000000000081
x31 <- 0x0000000000000000

mem[X,0x00000000800005F8] -> 0x2273
mem[X,0x00000000800005FA] -> 0x0030
[385] [M]: 0x00000000800005F8 (0x00302273) csrrs x4, fcsr, x0                       inst_34+16
CSR fcsr (0x003) -> 0x0000000000000081
x4 <- 0x0000000000000081

clint mtime 0x00000000000000C1 (mip.MTI <- 0b1, mip.STI <- 0b0)
mem[X,0x00000000800005FC] -> 0xB023
mem[X,0x00000000800005FE] -> 0x07F0
[386] [M]: 0x00000000800005FC (0x07F0B023) sd x31, 0x60(x1)                         inst_34+20
mem[W,0x0000000080003338] <- 0x0000000000000000

mem[X,0x0000000080000600] -> 0xB423
mem[X,0x0000000080000602] -> 0x0640
[387] [M]: 0x0000000080000600 (0x0640B423) sd x4, 0x68(x1)                          inst_34+24
mem[W,0x0000000080003340] <- 0x0000000000000081

clint mtime 0x00000000000000C2 (mip.MTI <- 0b1, mip.STI <- 0b0)
mem[X,0x0000000080000604] -> 0xAF87
mem[X,0x0000000080000606] -> 0x0281
[388] [M]: 0x0000000080000604 (0x0281AF87) flw f31, 0x28(x3)                        inst_35+0
mem[R,0x000000008000209C] -> 0x3E4923BF
f31 <- 0xFFFFFFFF3E4923BF
CSR mstatus (0x300) <- 0x8000000A00006000

mem[X,0x0000000080000608] -> 0x0113
mem[X,0x000000008000060A] -> 0x0000
[389] [M]: 0x0000000080000608 (0x00000113) addi x2, x0, 0x0                         inst_35+4
x2 <- 0x0000000000000000

clint mtime 0x00000000000000C3 (mip.MTI <- 0b1, mip.STI <- 0b0)
mem[X,0x000000008000060C] -> 0x1073
mem[X,0x000000008000060E] -> 0x0031
[390] [M]: 0x000000008000060C (0x00311073) csrrw x0, fcsr, x2                       inst_35+8
CSR mstatus (0x300) <- 0x8000000A00006000
CSR fcsr (0x003) <- 0x0000000000000000

mem[X,0x0000000080000610] -> 0xFFD3
mem[X,0x0000000080000612] -> 0xC03F
[391] [M]: 0x0000000080000610 (0xC03FFFD3) fcvt.lu.s x31, f31, dyn                  inst_35+12
CSR mstatus (0x300) <- 0x8000000A00006000
CSR fflags (0x001) <- 0x0000000000000001
CSR fcsr (0x003) <- 0x0000000000000001
x31 <- 0x0000000000000000

clint mtime 0x00000000000000C4 (mip.MTI <- 0b1, mip.STI <- 0b0)
mem[X,0x0000000080000614] -> 0x2273
mem[X,0x0000000080000616] -> 0x0030
[392] [M]: 0x0000000080000614 (0x00302273) csrrs x4, fcsr, x0                       inst_35+16
CSR fcsr (0x003) -> 0x0000000000000001
x4 <- 0x0000000000000001

mem[X,0x0000000080000618] -> 0xB823
mem[X,0x000000008000061A] -> 0x07F0
[393] [M]: 0x0000000080000618 (0x07F0B823) sd x31, 0x70(x1)                         inst_35+20
mem[W,0x0000000080003348] <- 0x0000000000000000

clint mtime 0x00000000000000C5 (mip.MTI <- 0b1, mip.STI <- 0b0)
mem[X,0x000000008000061C] -> 0xBC23
mem[X,0x000000008000061E] -> 0x0640
[394] [M]: 0x000000008000061C (0x0640BC23) sd x4, 0x78(x1)                          inst_35+24
mem[W,0x0000000080003350] <- 0x0000000000000001

mem[X,0x0000000080000620] -> 0xAF87
mem[X,0x0000000080000622] -> 0x02C1
[395] [M]: 0x0000000080000620 (0x02C1AF87) flw f31, 0x2c(x3)                        inst_36+0
mem[R,0x00000000800020A0] -> 0x3E4923BF
f31 <- 0xFFFFFFFF3E4923BF
CSR mstatus (0x300) <- 0x8000000A00006000

clint mtime 0x00000000000000C6 (mip.MTI <- 0b1, mip.STI <- 0b0)
mem[X,0x0000000080000624] -> 0x0113
mem[X,0x0000000080000626] -> 0x0200
[396] [M]: 0x0000000080000624 (0x02000113) addi x2, x0, 0x20                        inst_36+4
x2 <- 0x0000000000000020

mem[X,0x0000000080000628] -> 0x1073
mem[X,0x000000008000062A] -> 0x0031
[397] [M]: 0x0000000080000628 (0x00311073) csrrw x0, fcsr, x2                       inst_36+8
CSR mstatus (0x300) <- 0x8000000A00006000
CSR fcsr (0x003) <- 0x0000000000000020

clint mtime 0x00000000000000C7 (mip.MTI <- 0b1, mip.STI <- 0b0)
mem[X,0x000000008000062C] -> 0xFFD3
mem[X,0x000000008000062E] -> 0xC03F
[398] [M]: 0x000000008000062C (0xC03FFFD3) fcvt.lu.s x31, f31, dyn                  inst_36+12
CSR mstatus (0x300) <- 0x8000000A00006000
CSR fflags (0x001) <- 0x0000000000000001
CSR fcsr (0x003) <- 0x0000000000000021
x31 <- 0x0000000000000000

mem[X,0x0000000080000630] -> 0x2273
mem[X,0x0000000080000632] -> 0x0030
[399] [M]: 0x0000000080000630 (0x00302273) csrrs x4, fcsr, x0                       inst_36+16
CSR fcsr (0x003) -> 0x0000000000000021
x4 <- 0x0000000000000021

clint mtime 0x00000000000000C8 (mip.MTI <- 0b1, mip.STI <- 0b0)
mem[X,0x0000000080000634] -> 0xB023
mem[X,0x0000000080000636] -> 0x09F0
[400] [M]: 0x0000000080000634 (0x09F0B023) sd x31, 0x80(x1)                         inst_36+20
mem[W,0x0000000080003358] <- 0x0000000000000000

mem[X,0x0000000080000638] -> 0xB423
mem[X,0x000000008000063A] -> 0x0840
[401] [M]: 0x0000000080000638 (0x0840B423) sd x4, 0x88(x1)                          inst_36+24
mem[W,0x0000000080003360] <- 0x0000000000000021

clint mtime 0x00000000000000C9 (mip.MTI <- 0b1, mip.STI <- 0b0)
mem[X,0x000000008000063C] -> 0xAF87
mem[X,0x000000008000063E] -> 0x0301
[402] [M]: 0x000000008000063C (0x0301AF87) flw f31, 0x30(x3)                        inst_37+0
mem[R,0x00000000800020A4] -> 0x3E4923BF
f31 <- 0xFFFFFFFF3E4923BF
CSR mstatus (0x300) <- 0x8000000A00006000

mem[X,0x0000000080000640] -> 0x0113
mem[X,0x0000000080000642] -> 0x0400
[403] [M]: 0x0000000080000640 (0x04000113) addi x2, x0, 0x40                        inst_37+4
x2 <- 0x0000000000000040

clint mtime 0x00000000000000CA (mip.MTI <- 0b1, mip.STI <- 0b0)
mem[X,0x0000000080000644] -> 0x1073
mem[X,0x0000000080000646] -> 0x0031
[404] [M]: 0x0000000080000644 (0x00311073) csrrw x0, fcsr, x2                       inst_37+8
CSR mstatus (0x300) <- 0x8000000A00006000
CSR fcsr (0x003) <- 0x0000000000000040

mem[X,0x0000000080000648] -> 0xFFD3
mem[X,0x000000008000064A] -> 0xC03F
[405] [M]: 0x0000000080000648 (0xC03FFFD3) fcvt.lu.s x31, f31, dyn                  inst_37+12
CSR mstatus (0x300) <- 0x8000000A00006000
CSR fflags (0x001) <- 0x0000000000000001
CSR fcsr (0x003) <- 0x0000000000000041
x31 <- 0x0000000000000000

clint mtime 0x00000000000000CB (mip.MTI <- 0b1, mip.STI <- 0b0)
mem[X,0x000000008000064C] -> 0x2273
mem[X,0x000000008000064E] -> 0x0030
[406] [M]: 0x000000008000064C (0x00302273) csrrs x4, fcsr, x0                       inst_37+16
CSR fcsr (0x003) -> 0x0000000000000041
x4 <- 0x0000000000000041

mem[X,0x0000000080000650] -> 0xB823
mem[X,0x0000000080000652] -> 0x09F0
[407] [M]: 0x0000000080000650 (0x09F0B823) sd x31, 0x90(x1)                         inst_37+20
mem[W,0x0000000080003368] <- 0x0000000000000000

clint mtime 0x00000000000000CC (mip.MTI <- 0b1, mip.STI <- 0b0)
mem[X,0x0000000080000654] -> 0xBC23
mem[X,0x0000000080000656] -> 0x0840
[408] [M]: 0x0000000080000654 (0x0840BC23) sd x4, 0x98(x1)                          inst_37+24
mem[W,0x0000000080003370] <- 0x0000000000000041

mem[X,0x0000000080000658] -> 0xAF87
mem[X,0x000000008000065A] -> 0x0341
[409] [M]: 0x0000000080000658 (0x0341AF87) flw f31, 0x34(x3)                        inst_38+0
mem[R,0x00000000800020A8] -> 0x3E4923BF
f31 <- 0xFFFFFFFF3E4923BF
CSR mstatus (0x300) <- 0x8000000A00006000

clint mtime 0x00000000000000CD (mip.MTI <- 0b1, mip.STI <- 0b0)
mem[X,0x000000008000065C] -> 0x0113
mem[X,0x000000008000065E] -> 0x0600
[410] [M]: 0x000000008000065C (0x06000113) addi x2, x0, 0x60                        inst_38+4
x2 <- 0x0000000000000060

mem[X,0x0000000080000660] -> 0x1073
mem[X,0x0000000080000662] -> 0x0031
[411] [M]: 0x0000000080000660 (0x00311073) csrrw x0, fcsr, x2                       inst_38+8
CSR mstatus (0x300) <- 0x8000000A00006000
CSR fcsr (0x003) <- 0x0000000000000060

clint mtime 0x00000000000000CE (mip.MTI <- 0b1, mip.STI <- 0b0)
mem[X,0x0000000080000664] -> 0xFFD3
mem[X,0x0000000080000666] -> 0xC03F
[412] [M]: 0x0000000080000664 (0xC03FFFD3) fcvt.lu.s x31, f31, dyn                  inst_38+12
CSR mstatus (0x300) <- 0x8000000A00006000
CSR fflags (0x001) <- 0x0000000000000001
CSR fcsr (0x003) <- 0x0000000000000061
x31 <- 0x0000000000000001

mem[X,0x0000000080000668] -> 0x2273
mem[X,0x000000008000066A] -> 0x0030
[413] [M]: 0x0000000080000668 (0x00302273) csrrs x4, fcsr, x0                       inst_38+16
CSR fcsr (0x003) -> 0x0000000000000061
x4 <- 0x0000000000000061

clint mtime 0x00000000000000CF (mip.MTI <- 0b1, mip.STI <- 0b0)
mem[X,0x000000008000066C] -> 0xB023
mem[X,0x000000008000066E] -> 0x0BF0
[414] [M]: 0x000000008000066C (0x0BF0B023) sd x31, 0xa0(x1)                         inst_38+20
mem[W,0x0000000080003378] <- 0x0000000000000001

mem[X,0x0000000080000670] -> 0xB423
mem[X,0x0000000080000672] -> 0x0A40
[415] [M]: 0x0000000080000670 (0x0A40B423) sd x4, 0xa8(x1)                          inst_38+24
mem[W,0x0000000080003380] <- 0x0000000000000061

clint mtime 0x00000000000000D0 (mip.MTI <- 0b1, mip.STI <- 0b0)
mem[X,0x0000000080000674] -> 0xAF87
mem[X,0x0000000080000676] -> 0x0381
[416] [M]: 0x0000000080000674 (0x0381AF87) flw f31, 0x38(x3)                        inst_39+0
mem[R,0x00000000800020AC] -> 0x3E4923BF
f31 <- 0xFFFFFFFF3E4923BF
CSR mstatus (0x300) <- 0x8000000A00006000

mem[X,0x0000000080000678] -> 0x0113
mem[X,0x000000008000067A] -> 0x0800
[417] [M]: 0x0000000080000678 (0x08000113) addi x2, x0, 0x80                        inst_39+4
x2 <- 0x0000000000000080

clint mtime 0x00000000000000D1 (mip.MTI <- 0b1, mip.STI <- 0b0)
mem[X,0x000000008000067C] -> 0x1073
mem[X,0x000000008000067E] -> 0x0031
[418] [M]: 0x000000008000067C (0x00311073) csrrw x0, fcsr, x2                       inst_39+8
CSR mstatus (0x300) <- 0x8000000A00006000
CSR fcsr (0x003) <- 0x0000000000000080

mem[X,0x0000000080000680] -> 0xFFD3
mem[X,0x0000000080000682] -> 0xC03F
[419] [M]: 0x0000000080000680 (0xC03FFFD3) fcvt.lu.s x31, f31, dyn                  inst_39+12
CSR mstatus (0x300) <- 0x8000000A00006000
CSR fflags (0x001) <- 0x0000000000000001
CSR fcsr (0x003) <- 0x0000000000000081
x31 <- 0x0000000000000000

clint mtime 0x00000000000000D2 (mip.MTI <- 0b1, mip.STI <- 0b0)
mem[X,0x0000000080000684] -> 0x2273
mem[X,0x0000000080000686] -> 0x0030
[420] [M]: 0x0000000080000684 (0x00302273) csrrs x4, fcsr, x0                       inst_39+16
CSR fcsr (0x003) -> 0x0000000000000081
x4 <- 0x0000000000000081

mem[X,0x0000000080000688] -> 0xB823
mem[X,0x000000008000068A] -> 0x0BF0
[421] [M]: 0x0000000080000688 (0x0BF0B823) sd x31, 0xb0(x1)                         inst_39+20
mem[W,0x0000000080003388] <- 0x0000000000000000

clint mtime 0x00000000000000D3 (mip.MTI <- 0b1, mip.STI <- 0b0)
mem[X,0x000000008000068C] -> 0xBC23
mem[X,0x000000008000068E] -> 0x0A40
[422] [M]: 0x000000008000068C (0x0A40BC23) sd x4, 0xb8(x1)                          inst_39+24
mem[W,0x0000000080003390] <- 0x0000000000000081

mem[X,0x0000000080000690] -> 0xAF87
mem[X,0x0000000080000692] -> 0x03C1
[423] [M]: 0x0000000080000690 (0x03C1AF87) flw f31, 0x3c(x3)                        inst_40+0
mem[R,0x00000000800020B0] -> 0xBE4923B8
f31 <- 0xFFFFFFFFBE4923B8
CSR mstatus (0x300) <- 0x8000000A00006000

clint mtime 0x00000000000000D4 (mip.MTI <- 0b1, mip.STI <- 0b0)
mem[X,0x0000000080000694] -> 0x0113
mem[X,0x0000000080000696] -> 0x0000
[424] [M]: 0x0000000080000694 (0x00000113) addi x2, x0, 0x0                         inst_40+4
x2 <- 0x0000000000000000

mem[X,0x0000000080000698] -> 0x1073
mem[X,0x000000008000069A] -> 0x0031
[425] [M]: 0x0000000080000698 (0x00311073) csrrw x0, fcsr, x2                       inst_40+8
CSR mstatus (0x300) <- 0x8000000A00006000
CSR fcsr (0x003) <- 0x0000000000000000

clint mtime 0x00000000000000D5 (mip.MTI <- 0b1, mip.STI <- 0b0)
mem[X,0x000000008000069C] -> 0xFFD3
mem[X,0x000000008000069E] -> 0xC03F
[426] [M]: 0x000000008000069C (0xC03FFFD3) fcvt.lu.s x31, f31, dyn                  inst_40+12
CSR mstatus (0x300) <- 0x8000000A00006000
CSR fflags (0x001) <- 0x0000000000000001
CSR fcsr (0x003) <- 0x0000000000000001
x31 <- 0x0000000000000000

mem[X,0x00000000800006A0] -> 0x2273
mem[X,0x00000000800006A2] -> 0x0030
[427] [M]: 0x00000000800006A0 (0x00302273) csrrs x4, fcsr, x0                       inst_40+16
CSR fcsr (0x003) -> 0x0000000000000001
x4 <- 0x0000000000000001

clint mtime 0x00000000000000D6 (mip.MTI <- 0b1, mip.STI <- 0b0)
mem[X,0x00000000800006A4] -> 0xB023
mem[X,0x00000000800006A6] -> 0x0DF0
[428] [M]: 0x00000000800006A4 (0x0DF0B023) sd x31, 0xc0(x1)                         inst_40+20
mem[W,0x0000000080003398] <- 0x0000000000000000

mem[X,0x00000000800006A8] -> 0xB423
mem[X,0x00000000800006AA] -> 0x0C40
[429] [M]: 0x00000000800006A8 (0x0C40B423) sd x4, 0xc8(x1)                          inst_40+24
mem[W,0x00000000800033A0] <- 0x0000000000000001

clint mtime 0x00000000000000D7 (mip.MTI <- 0b1, mip.STI <- 0b0)
mem[X,0x00000000800006AC] -> 0xAF87
mem[X,0x00000000800006AE] -> 0x0401
[430] [M]: 0x00000000800006AC (0x0401AF87) flw f31, 0x40(x3)                        inst_41+0
mem[R,0x00000000800020B4] -> 0xBE4923B8
f31 <- 0xFFFFFFFFBE4923B8
CSR mstatus (0x300) <- 0x8000000A00006000

mem[X,0x00000000800006B0] -> 0x0113
mem[X,0x00000000800006B2] -> 0x0200
[431] [M]: 0x00000000800006B0 (0x02000113) addi x2, x0, 0x20                        inst_41+4
x2 <- 0x0000000000000020

clint mtime 0x00000000000000D8 (mip.MTI <- 0b1, mip.STI <- 0b0)
mem[X,0x00000000800006B4] -> 0x1073
mem[X,0x00000000800006B6] -> 0x0031
[432] [M]: 0x00000000800006B4 (0x00311073) csrrw x0, fcsr, x2                       inst_41+8
CSR mstatus (0x300) <- 0x8000000A00006000
CSR fcsr (0x003) <- 0x0000000000000020

mem[X,0x00000000800006B8] -> 0xFFD3
mem[X,0x00000000800006BA] -> 0xC03F
[433] [M]: 0x00000000800006B8 (0xC03FFFD3) fcvt.lu.s x31, f31, dyn                  inst_41+12
CSR mstatus (0x300) <- 0x8000000A00006000
CSR fflags (0x001) <- 0x0000000000000001
CSR fcsr (0x003) <- 0x0000000000000021
x31 <- 0x0000000000000000

clint mtime 0x00000000000000D9 (mip.MTI <- 0b1, mip.STI <- 0b0)
mem[X,0x00000000800006BC] -> 0x2273
mem[X,0x00000000800006BE] -> 0x0030
[434] [M]: 0x00000000800006BC (0x00302273) csrrs x4, fcsr, x0                       inst_41+16
CSR fcsr (0x003) -> 0x0000000000000021
x4 <- 0x0000000000000021

mem[X,0x00000000800006C0] -> 0xB823
mem[X,0x00000000800006C2] -> 0x0DF0
[435] [M]: 0x00000000800006C0 (0x0DF0B823) sd x31, 0xd0(x1)                         inst_41+20
mem[W,0x00000000800033A8] <- 0x0000000000000000

clint mtime 0x00000000000000DA (mip.MTI <- 0b1, mip.STI <- 0b0)
mem[X,0x00000000800006C4] -> 0xBC23
mem[X,0x00000000800006C6] -> 0x0C40
[436] [M]: 0x00000000800006C4 (0x0C40BC23) sd x4, 0xd8(x1)                          inst_41+24
mem[W,0x00000000800033B0] <- 0x0000000000000021

mem[X,0x00000000800006C8] -> 0xAF87
mem[X,0x00000000800006CA] -> 0x0441
[437] [M]: 0x00000000800006C8 (0x0441AF87) flw f31, 0x44(x3)                        inst_42+0
mem[R,0x00000000800020B8] -> 0xBE4923B8
f31 <- 0xFFFFFFFFBE4923B8
CSR mstatus (0x300) <- 0x8000000A00006000

clint mtime 0x00000000000000DB (mip.MTI <- 0b1, mip.STI <- 0b0)
mem[X,0x00000000800006CC] -> 0x0113
mem[X,0x00000000800006CE] -> 0x0400
[438] [M]: 0x00000000800006CC (0x04000113) addi x2, x0, 0x40                        inst_42+4
x2 <- 0x0000000000000040

mem[X,0x00000000800006D0] -> 0x1073
mem[X,0x00000000800006D2] -> 0x0031
[439] [M]: 0x00000000800006D0 (0x00311073) csrrw x0, fcsr, x2                       inst_42+8
CSR mstatus (0x300) <- 0x8000000A00006000
CSR fcsr (0x003) <- 0x0000000000000040

clint mtime 0x00000000000000DC (mip.MTI <- 0b1, mip.STI <- 0b0)
mem[X,0x00000000800006D4] -> 0xFFD3
mem[X,0x00000000800006D6] -> 0xC03F
[440] [M]: 0x00000000800006D4 (0xC03FFFD3) fcvt.lu.s x31, f31, dyn                  inst_42+12
CSR mstatus (0x300) <- 0x8000000A00006000
CSR fflags (0x001) <- 0x0000000000000010
CSR fcsr (0x003) <- 0x0000000000000050
x31 <- 0x0000000000000000

mem[X,0x00000000800006D8] -> 0x2273
mem[X,0x00000000800006DA] -> 0x0030
[441] [M]: 0x00000000800006D8 (0x00302273) csrrs x4, fcsr, x0                       inst_42+16
CSR fcsr (0x003) -> 0x0000000000000050
x4 <- 0x0000000000000050

clint mtime 0x00000000000000DD (mip.MTI <- 0b1, mip.STI <- 0b0)
mem[X,0x00000000800006DC] -> 0xB023
mem[X,0x00000000800006DE] -> 0x0FF0
[442] [M]: 0x00000000800006DC (0x0FF0B023) sd x31, 0xe0(x1)                         inst_42+20
mem[W,0x00000000800033B8] <- 0x0000000000000000

mem[X,0x00000000800006E0] -> 0xB423
mem[X,0x00000000800006E2] -> 0x0E40
[443] [M]: 0x00000000800006E0 (0x0E40B423) sd x4, 0xe8(x1)                          inst_42+24
mem[W,0x00000000800033C0] <- 0x0000000000000050

clint mtime 0x00000000000000DE (mip.MTI <- 0b1, mip.STI <- 0b0)
mem[X,0x00000000800006E4] -> 0xAF87
mem[X,0x00000000800006E6] -> 0x0481
[444] [M]: 0x00000000800006E4 (0x0481AF87) flw f31, 0x48(x3)                        inst_43+0
mem[R,0x00000000800020BC] -> 0xBE4923B8
f31 <- 0xFFFFFFFFBE4923B8
CSR mstatus (0x300) <- 0x8000000A00006000

mem[X,0x00000000800006E8] -> 0x0113
mem[X,0x00000000800006EA] -> 0x0600
[445] [M]: 0x00000000800006E8 (0x06000113) addi x2, x0, 0x60                        inst_43+4
x2 <- 0x0000000000000060

clint mtime 0x00000000000000DF (mip.MTI <- 0b1, mip.STI <- 0b0)
mem[X,0x00000000800006EC] -> 0x1073
mem[X,0x00000000800006EE] -> 0x0031
[446] [M]: 0x00000000800006EC (0x00311073) csrrw x0, fcsr, x2                       inst_43+8
CSR mstatus (0x300) <- 0x8000000A00006000
CSR fcsr (0x003) <- 0x0000000000000060

mem[X,0x00000000800006F0] -> 0xFFD3
mem[X,0x00000000800006F2] -> 0xC03F
[447] [M]: 0x00000000800006F0 (0xC03FFFD3) fcvt.lu.s x31, f31, dyn                  inst_43+12
CSR mstatus (0x300) <- 0x8000000A00006000
CSR fflags (0x001) <- 0x0000000000000001
CSR fcsr (0x003) <- 0x0000000000000061
x31 <- 0x0000000000000000

clint mtime 0x00000000000000E0 (mip.MTI <- 0b1, mip.STI <- 0b0)
mem[X,0x00000000800006F4] -> 0x2273
mem[X,0x00000000800006F6] -> 0x0030
[448] [M]: 0x00000000800006F4 (0x00302273) csrrs x4, fcsr, x0                       inst_43+16
CSR fcsr (0x003) -> 0x0000000000000061
x4 <- 0x0000000000000061

mem[X,0x00000000800006F8] -> 0xB823
mem[X,0x00000000800006FA] -> 0x0FF0
[449] [M]: 0x00000000800006F8 (0x0FF0B823) sd x31, 0xf0(x1)                         inst_43+20
mem[W,0x00000000800033C8] <- 0x0000000000000000

clint mtime 0x00000000000000E1 (mip.MTI <- 0b1, mip.STI <- 0b0)
mem[X,0x00000000800006FC] -> 0xBC23
mem[X,0x00000000800006FE] -> 0x0E40
[450] [M]: 0x00000000800006FC (0x0E40BC23) sd x4, 0xf8(x1)                          inst_43+24
mem[W,0x00000000800033D0] <- 0x0000000000000061

mem[X,0x0000000080000700] -> 0xAF87
mem[X,0x0000000080000702] -> 0x04C1
[451] [M]: 0x0000000080000700 (0x04C1AF87) flw f31, 0x4c(x3)                        inst_44+0
mem[R,0x00000000800020C0] -> 0xBE4923B8
f31 <- 0xFFFFFFFFBE4923B8
CSR mstatus (0x300) <- 0x8000000A00006000

clint mtime 0x00000000000000E2 (mip.MTI <- 0b1, mip.STI <- 0b0)
mem[X,0x0000000080000704] -> 0x0113
mem[X,0x0000000080000706] -> 0x0800
[452] [M]: 0x0000000080000704 (0x08000113) addi x2, x0, 0x80                        inst_44+4
x2 <- 0x0000000000000080

mem[X,0x0000000080000708] -> 0x1073
mem[X,0x000000008000070A] -> 0x0031
[453] [M]: 0x0000000080000708 (0x00311073) csrrw x0, fcsr, x2                       inst_44+8
CSR mstatus (0x300) <- 0x8000000A00006000
CSR fcsr (0x003) <- 0x0000000000000080

clint mtime 0x00000000000000E3 (mip.MTI <- 0b1, mip.STI <- 0b0)
mem[X,0x000000008000070C] -> 0xFFD3
mem[X,0x000000008000070E] -> 0xC03F
[454] [M]: 0x000000008000070C (0xC03FFFD3) fcvt.lu.s x31, f31, dyn                  inst_44+12
CSR mstatus (0x300) <- 0x8000000A00006000
CSR fflags (0x001) <- 0x0000000000000001
CSR fcsr (0x003) <- 0x0000000000000081
x31 <- 0x0000000000000000

mem[X,0x0000000080000710] -> 0x2273
mem[X,0x0000000080000712] -> 0x0030
[455] [M]: 0x0000000080000710 (0x00302273) csrrs x4, fcsr, x0                       inst_44+16
CSR fcsr (0x003) -> 0x0000000000000081
x4 <- 0x0000000000000081

clint mtime 0x00000000000000E4 (mip.MTI <- 0b1, mip.STI <- 0b0)
mem[X,0x0000000080000714] -> 0xB023
mem[X,0x0000000080000716] -> 0x11F0
[456] [M]: 0x0000000080000714 (0x11F0B023) sd x31, 0x100(x1)                        inst_44+20
mem[W,0x00000000800033D8] <- 0x0000000000000000

mem[X,0x0000000080000718] -> 0xB423
mem[X,0x000000008000071A] -> 0x1040
[457] [M]: 0x0000000080000718 (0x1040B423) sd x4, 0x108(x1)                         inst_44+24
mem[W,0x00000000800033E0] <- 0x0000000000000081

clint mtime 0x00000000000000E5 (mip.MTI <- 0b1, mip.STI <- 0b0)
mem[X,0x000000008000071C] -> 0xAF87
mem[X,0x000000008000071E] -> 0x0501
[458] [M]: 0x000000008000071C (0x0501AF87) flw f31, 0x50(x3)                        inst_45+0
mem[R,0x00000000800020C4] -> 0xBE4923B9
f31 <- 0xFFFFFFFFBE4923B9
CSR mstatus (0x300) <- 0x8000000A00006000

mem[X,0x0000000080000720] -> 0x0113
mem[X,0x0000000080000722] -> 0x0000
[459] [M]: 0x0000000080000720 (0x00000113) addi x2, x0, 0x0                         inst_45+4
x2 <- 0x0000000000000000

clint mtime 0x00000000000000E6 (mip.MTI <- 0b1, mip.STI <- 0b0)
mem[X,0x0000000080000724] -> 0x1073
mem[X,0x0000000080000726] -> 0x0031
[460] [M]: 0x0000000080000724 (0x00311073) csrrw x0, fcsr, x2                       inst_45+8
CSR mstatus (0x300) <- 0x8000000A00006000
CSR fcsr (0x003) <- 0x0000000000000000

mem[X,0x0000000080000728] -> 0xFFD3
mem[X,0x000000008000072A] -> 0xC03F
[461] [M]: 0x0000000080000728 (0xC03FFFD3) fcvt.lu.s x31, f31, dyn                  inst_45+12
CSR mstatus (0x300) <- 0x8000000A00006000
CSR fflags (0x001) <- 0x0000000000000001
CSR fcsr (0x003) <- 0x0000000000000001
x31 <- 0x0000000000000000

clint mtime 0x00000000000000E7 (mip.MTI <- 0b1, mip.STI <- 0b0)
mem[X,0x000000008000072C] -> 0x2273
mem[X,0x000000008000072E] -> 0x0030
[462] [M]: 0x000000008000072C (0x00302273) csrrs x4, fcsr, x0                       inst_45+16
CSR fcsr (0x003) -> 0x0000000000000001
x4 <- 0x0000000000000001

mem[X,0x0000000080000730] -> 0xB823
mem[X,0x0000000080000732] -> 0x11F0
[463] [M]: 0x0000000080000730 (0x11F0B823) sd x31, 0x110(x1)                        inst_45+20
mem[W,0x00000000800033E8] <- 0x0000000000000000

clint mtime 0x00000000000000E8 (mip.MTI <- 0b1, mip.STI <- 0b0)
mem[X,0x0000000080000734] -> 0xBC23
mem[X,0x0000000080000736] -> 0x1040
[464] [M]: 0x0000000080000734 (0x1040BC23) sd x4, 0x118(x1)                         inst_45+24
mem[W,0x00000000800033F0] <- 0x0000000000000001

mem[X,0x0000000080000738] -> 0xAF87
mem[X,0x000000008000073A] -> 0x0541
[465] [M]: 0x0000000080000738 (0x0541AF87) flw f31, 0x54(x3)                        inst_46+0
mem[R,0x00000000800020C8] -> 0xBE4923B9
f31 <- 0xFFFFFFFFBE4923B9
CSR mstatus (0x300) <- 0x8000000A00006000

clint mtime 0x00000000000000E9 (mip.MTI <- 0b1, mip.STI <- 0b0)
mem[X,0x000000008000073C] -> 0x0113
mem[X,0x000000008000073E] -> 0x0200
[466] [M]: 0x000000008000073C (0x02000113) addi x2, x0, 0x20                        inst_46+4
x2 <- 0x0000000000000020

mem[X,0x0000000080000740] -> 0x1073
mem[X,0x0000000080000742] -> 0x0031
[467] [M]: 0x0000000080000740 (0x00311073) csrrw x0, fcsr, x2                       inst_46+8
CSR mstatus (0x300) <- 0x8000000A00006000
CSR fcsr (0x003) <- 0x0000000000000020

clint mtime 0x00000000000000EA (mip.MTI <- 0b1, mip.STI <- 0b0)
mem[X,0x0000000080000744] -> 0xFFD3
mem[X,0x0000000080000746] -> 0xC03F
[468] [M]: 0x0000000080000744 (0xC03FFFD3) fcvt.lu.s x31, f31, dyn                  inst_46+12
CSR mstatus (0x300) <- 0x8000000A00006000
CSR fflags (0x001) <- 0x0000000000000001
CSR fcsr (0x003) <- 0x0000000000000021
x31 <- 0x0000000000000000

mem[X,0x0000000080000748] -> 0x2273
mem[X,0x000000008000074A] -> 0x0030
[469] [M]: 0x0000000080000748 (0x00302273) csrrs x4, fcsr, x0                       inst_46+16
CSR fcsr (0x003) -> 0x0000000000000021
x4 <- 0x0000000000000021

clint mtime 0x00000000000000EB (mip.MTI <- 0b1, mip.STI <- 0b0)
mem[X,0x000000008000074C] -> 0xB023
mem[X,0x000000008000074E] -> 0x13F0
[470] [M]: 0x000000008000074C (0x13F0B023) sd x31, 0x120(x1)                        inst_46+20
mem[W,0x00000000800033F8] <- 0x0000000000000000

mem[X,0x0000000080000750] -> 0xB423
mem[X,0x0000000080000752] -> 0x1240
[471] [M]: 0x0000000080000750 (0x1240B423) sd x4, 0x128(x1)                         inst_46+24
mem[W,0x0000000080003400] <- 0x0000000000000021

clint mtime 0x00000000000000EC (mip.MTI <- 0b1, mip.STI <- 0b0)
mem[X,0x0000000080000754] -> 0xAF87
mem[X,0x0000000080000756] -> 0x0581
[472] [M]: 0x0000000080000754 (0x0581AF87) flw f31, 0x58(x3)                        inst_47+0
mem[R,0x00000000800020CC] -> 0xBE4923B9
f31 <- 0xFFFFFFFFBE4923B9
CSR mstatus (0x300) <- 0x8000000A00006000

mem[X,0x0000000080000758] -> 0x0113
mem[X,0x000000008000075A] -> 0x0400
[473] [M]: 0x0000000080000758 (0x04000113) addi x2, x0, 0x40                        inst_47+4
x2 <- 0x0000000000000040

clint mtime 0x00000000000000ED (mip.MTI <- 0b1, mip.STI <- 0b0)
mem[X,0x000000008000075C] -> 0x1073
mem[X,0x000000008000075E] -> 0x0031
[474] [M]: 0x000000008000075C (0x00311073) csrrw x0, fcsr, x2                       inst_47+8
CSR mstatus (0x300) <- 0x8000000A00006000
CSR fcsr (0x003) <- 0x0000000000000040

mem[X,0x0000000080000760] -> 0xFFD3
mem[X,0x0000000080000762] -> 0xC03F
[475] [M]: 0x0000000080000760 (0xC03FFFD3) fcvt.lu.s x31, f31, dyn                  inst_47+12
CSR mstatus (0x300) <- 0x8000000A00006000
CSR fflags (0x001) <- 0x0000000000000010
CSR fcsr (0x003) <- 0x0000000000000050
x31 <- 0x0000000000000000

clint mtime 0x00000000000000EE (mip.MTI <- 0b1, mip.STI <- 0b0)
mem[X,0x0000000080000764] -> 0x2273
mem[X,0x0000000080000766] -> 0x0030
[476] [M]: 0x0000000080000764 (0x00302273) csrrs x4, fcsr, x0                       inst_47+16
CSR fcsr (0x003) -> 0x0000000000000050
x4 <- 0x0000000000000050

mem[X,0x0000000080000768] -> 0xB823
mem[X,0x000000008000076A] -> 0x13F0
[477] [M]: 0x0000000080000768 (0x13F0B823) sd x31, 0x130(x1)                        inst_47+20
mem[W,0x0000000080003408] <- 0x0000000000000000

clint mtime 0x00000000000000EF (mip.MTI <- 0b1, mip.STI <- 0b0)
mem[X,0x000000008000076C] -> 0xBC23
mem[X,0x000000008000076E] -> 0x1240
[478] [M]: 0x000000008000076C (0x1240BC23) sd x4, 0x138(x1)                         inst_47+24
mem[W,0x0000000080003410] <- 0x0000000000000050

mem[X,0x0000000080000770] -> 0xAF87
mem[X,0x0000000080000772] -> 0x05C1
[479] [M]: 0x0000000080000770 (0x05C1AF87) flw f31, 0x5c(x3)                        inst_48+0
mem[R,0x00000000800020D0] -> 0xBE4923B9
f31 <- 0xFFFFFFFFBE4923B9
CSR mstatus (0x300) <- 0x8000000A00006000

clint mtime 0x00000000000000F0 (mip.MTI <- 0b1, mip.STI <- 0b0)
mem[X,0x0000000080000774] -> 0x0113
mem[X,0x0000000080000776] -> 0x0600
[480] [M]: 0x0000000080000774 (0x06000113) addi x2, x0, 0x60                        inst_48+4
x2 <- 0x0000000000000060

mem[X,0x0000000080000778] -> 0x1073
mem[X,0x000000008000077A] -> 0x0031
[481] [M]: 0x0000000080000778 (0x00311073) csrrw x0, fcsr, x2                       inst_48+8
CSR mstatus (0x300) <- 0x8000000A00006000
CSR fcsr (0x003) <- 0x0000000000000060

clint mtime 0x00000000000000F1 (mip.MTI <- 0b1, mip.STI <- 0b0)
mem[X,0x000000008000077C] -> 0xFFD3
mem[X,0x000000008000077E] -> 0xC03F
[482] [M]: 0x000000008000077C (0xC03FFFD3) fcvt.lu.s x31, f31, dyn                  inst_48+12
CSR mstatus (0x300) <- 0x8000000A00006000
CSR fflags (0x001) <- 0x0000000000000001
CSR fcsr (0x003) <- 0x0000000000000061
x31 <- 0x0000000000000000

mem[X,0x0000000080000780] -> 0x2273
mem[X,0x0000000080000782] -> 0x0030
[483] [M]: 0x0000000080000780 (0x00302273) csrrs x4, fcsr, x0                       inst_48+16
CSR fcsr (0x003) -> 0x0000000000000061
x4 <- 0x0000000000000061

clint mtime 0x00000000000000F2 (mip.MTI <- 0b1, mip.STI <- 0b0)
mem[X,0x0000000080000784] -> 0xB023
mem[X,0x0000000080000786] -> 0x15F0
[484] [M]: 0x0000000080000784 (0x15F0B023) sd x31, 0x140(x1)                        inst_48+20
mem[W,0x0000000080003418] <- 0x0000000000000000

mem[X,0x0000000080000788] -> 0xB423
mem[X,0x000000008000078A] -> 0x1440
[485] [M]: 0x0000000080000788 (0x1440B423) sd x4, 0x148(x1)                         inst_48+24
mem[W,0x0000000080003420] <- 0x0000000000000061

clint mtime 0x00000000000000F3 (mip.MTI <- 0b1, mip.STI <- 0b0)
mem[X,0x000000008000078C] -> 0xAF87
mem[X,0x000000008000078E] -> 0x0601
[486] [M]: 0x000000008000078C (0x0601AF87) flw f31, 0x60(x3)                        inst_49+0
mem[R,0x00000000800020D4] -> 0xBE4923B9
f31 <- 0xFFFFFFFFBE4923B9
CSR mstatus (0x300) <- 0x8000000A00006000

mem[X,0x0000000080000790] -> 0x0113
mem[X,0x0000000080000792] -> 0x0800
[487] [M]: 0x0000000080000790 (0x08000113) addi x2, x0, 0x80                        inst_49+4
x2 <- 0x0000000000000080

clint mtime 0x00000000000000F4 (mip.MTI <- 0b1, mip.STI <- 0b0)
mem[X,0x0000000080000794] -> 0x1073
mem[X,0x0000000080000796] -> 0x0031
[488] [M]: 0x0000000080000794 (0x00311073) csrrw x0, fcsr, x2                       inst_49+8
CSR mstatus (0x300) <- 0x8000000A00006000
CSR fcsr (0x003) <- 0x0000000000000080

mem[X,0x0000000080000798] -> 0xFFD3
mem[X,0x000000008000079A] -> 0xC03F
[489] [M]: 0x0000000080000798 (0xC03FFFD3) fcvt.lu.s x31, f31, dyn                  inst_49+12
CSR mstatus (0x300) <- 0x8000000A00006000
CSR fflags (0x001) <- 0x0000000000000001
CSR fcsr (0x003) <- 0x0000000000000081
x31 <- 0x0000000000000000

clint mtime 0x00000000000000F5 (mip.MTI <- 0b1, mip.STI <- 0b0)
mem[X,0x000000008000079C] -> 0x2273
mem[X,0x000000008000079E] -> 0x0030
[490] [M]: 0x000000008000079C (0x00302273) csrrs x4, fcsr, x0                       inst_49+16
CSR fcsr (0x003) -> 0x0000000000000081
x4 <- 0x0000000000000081

mem[X,0x00000000800007A0] -> 0xB823
mem[X,0x00000000800007A2] -> 0x15F0
[491] [M]: 0x00000000800007A0 (0x15F0B823) sd x31, 0x150(x1)                        inst_49+20
mem[W,0x0000000080003428] <- 0x0000000000000000

clint mtime 0x00000000000000F6 (mip.MTI <- 0b1, mip.STI <- 0b0)
mem[X,0x00000000800007A4] -> 0xBC23
mem[X,0x00000000800007A6] -> 0x1440
[492] [M]: 0x00000000800007A4 (0x1440BC23) sd x4, 0x158(x1)                         inst_49+24
mem[W,0x0000000080003430] <- 0x0000000000000081

mem[X,0x00000000800007A8] -> 0xAF87
mem[X,0x00000000800007AA] -> 0x0641
[493] [M]: 0x00000000800007A8 (0x0641AF87) flw f31, 0x64(x3)                        inst_50+0
mem[R,0x00000000800020D8] -> 0xBE4923BA
f31 <- 0xFFFFFFFFBE4923BA
CSR mstatus (0x300) <- 0x8000000A00006000

clint mtime 0x00000000000000F7 (mip.MTI <- 0b1, mip.STI <- 0b0)
mem[X,0x00000000800007AC] -> 0x0113
mem[X,0x00000000800007AE] -> 0x0000
[494] [M]: 0x00000000800007AC (0x00000113) addi x2, x0, 0x0                         inst_50+4
x2 <- 0x0000000000000000

mem[X,0x00000000800007B0] -> 0x1073
mem[X,0x00000000800007B2] -> 0x0031
[495] [M]: 0x00000000800007B0 (0x00311073) csrrw x0, fcsr, x2                       inst_50+8
CSR mstatus (0x300) <- 0x8000000A00006000
CSR fcsr (0x003) <- 0x0000000000000000

clint mtime 0x00000000000000F8 (mip.MTI <- 0b1, mip.STI <- 0b0)
mem[X,0x00000000800007B4] -> 0xFFD3
mem[X,0x00000000800007B6] -> 0xC03F
[496] [M]: 0x00000000800007B4 (0xC03FFFD3) fcvt.lu.s x31, f31, dyn                  inst_50+12
CSR mstatus (0x300) <- 0x8000000A00006000
CSR fflags (0x001) <- 0x0000000000000001
CSR fcsr (0x003) <- 0x0000000000000001
x31 <- 0x0000000000000000

mem[X,0x00000000800007B8] -> 0x2273
mem[X,0x00000000800007BA] -> 0x0030
[497] [M]: 0x00000000800007B8 (0x00302273) csrrs x4, fcsr, x0                       inst_50+16
CSR fcsr (0x003) -> 0x0000000000000001
x4 <- 0x0000000000000001

clint mtime 0x00000000000000F9 (mip.MTI <- 0b1, mip.STI <- 0b0)
mem[X,0x00000000800007BC] -> 0xB023
mem[X,0x00000000800007BE] -> 0x17F0
[498] [M]: 0x00000000800007BC (0x17F0B023) sd x31, 0x160(x1)                        inst_50+20
mem[W,0x0000000080003438] <- 0x0000000000000000

mem[X,0x00000000800007C0] -> 0xB423
mem[X,0x00000000800007C2] -> 0x1640
[499] [M]: 0x00000000800007C0 (0x1640B423) sd x4, 0x168(x1)                         inst_50+24
mem[W,0x0000000080003440] <- 0x0000000000000001

clint mtime 0x00000000000000FA (mip.MTI <- 0b1, mip.STI <- 0b0)
mem[X,0x00000000800007C4] -> 0xAF87
mem[X,0x00000000800007C6] -> 0x0681
[500] [M]: 0x00000000800007C4 (0x0681AF87) flw f31, 0x68(x3)                        inst_51+0
mem[R,0x00000000800020DC] -> 0xBE4923BA
f31 <- 0xFFFFFFFFBE4923BA
CSR mstatus (0x300) <- 0x8000000A00006000

mem[X,0x00000000800007C8] -> 0x0113
mem[X,0x00000000800007CA] -> 0x0200
[501] [M]: 0x00000000800007C8 (0x02000113) addi x2, x0, 0x20                        inst_51+4
x2 <- 0x0000000000000020

clint mtime 0x00000000000000FB (mip.MTI <- 0b1, mip.STI <- 0b0)
mem[X,0x00000000800007CC] -> 0x1073
mem[X,0x00000000800007CE] -> 0x0031
[502] [M]: 0x00000000800007CC (0x00311073) csrrw x0, fcsr, x2                       inst_51+8
CSR mstatus (0x300) <- 0x8000000A00006000
CSR fcsr (0x003) <- 0x0000000000000020

mem[X,0x00000000800007D0] -> 0xFFD3
mem[X,0x00000000800007D2] -> 0xC03F
[503] [M]: 0x00000000800007D0 (0xC03FFFD3) fcvt.lu.s x31, f31, dyn                  inst_51+12
CSR mstatus (0x300) <- 0x8000000A00006000
CSR fflags (0x001) <- 0x0000000000000001
CSR fcsr (0x003) <- 0x0000000000000021
x31 <- 0x0000000000000000

clint mtime 0x00000000000000FC (mip.MTI <- 0b1, mip.STI <- 0b0)
mem[X,0x00000000800007D4] -> 0x2273
mem[X,0x00000000800007D6] -> 0x0030
[504] [M]: 0x00000000800007D4 (0x00302273) csrrs x4, fcsr, x0                       inst_51+16
CSR fcsr (0x003) -> 0x0000000000000021
x4 <- 0x0000000000000021

mem[X,0x00000000800007D8] -> 0xB823
mem[X,0x00000000800007DA] -> 0x17F0
[505] [M]: 0x00000000800007D8 (0x17F0B823) sd x31, 0x170(x1)                        inst_51+20
mem[W,0x0000000080003448] <- 0x0000000000000000

clint mtime 0x00000000000000FD (mip.MTI <- 0b1, mip.STI <- 0b0)
mem[X,0x00000000800007DC] -> 0xBC23
mem[X,0x00000000800007DE] -> 0x1640
[506] [M]: 0x00000000800007DC (0x1640BC23) sd x4, 0x178(x1)                         inst_51+24
mem[W,0x0000000080003450] <- 0x0000000000000021

mem[X,0x00000000800007E0] -> 0xAF87
mem[X,0x00000000800007E2] -> 0x06C1
[507] [M]: 0x00000000800007E0 (0x06C1AF87) flw f31, 0x6c(x3)                        inst_52+0
mem[R,0x00000000800020E0] -> 0xBE4923BA
f31 <- 0xFFFFFFFFBE4923BA
CSR mstatus (0x300) <- 0x8000000A00006000

clint mtime 0x00000000000000FE (mip.MTI <- 0b1, mip.STI <- 0b0)
mem[X,0x00000000800007E4] -> 0x0113
mem[X,0x00000000800007E6] -> 0x0400
[508] [M]: 0x00000000800007E4 (0x04000113) addi x2, x0, 0x40                        inst_52+4
x2 <- 0x0000000000000040

mem[X,0x00000000800007E8] -> 0x1073
mem[X,0x00000000800007EA] -> 0x0031
[509] [M]: 0x00000000800007E8 (0x00311073) csrrw x0, fcsr, x2                       inst_52+8
CSR mstatus (0x300) <- 0x8000000A00006000
CSR fcsr (0x003) <- 0x0000000000000040

clint mtime 0x00000000000000FF (mip.MTI <- 0b1, mip.STI <- 0b0)
mem[X,0x00000000800007EC] -> 0xFFD3
mem[X,0x00000000800007EE] -> 0xC03F
[510] [M]: 0x00000000800007EC (0xC03FFFD3) fcvt.lu.s x31, f31, dyn                  inst_52+12
CSR mstatus (0x300) <- 0x8000000A00006000
CSR fflags (0x001) <- 0x0000000000000010
CSR fcsr (0x003) <- 0x0000000000000050
x31 <- 0x0000000000000000

mem[X,0x00000000800007F0] -> 0x2273
mem[X,0x00000000800007F2] -> 0x0030
[511] [M]: 0x00000000800007F0 (0x00302273) csrrs x4, fcsr, x0                       inst_52+16
CSR fcsr (0x003) -> 0x0000000000000050
x4 <- 0x0000000000000050

clint mtime 0x0000000000000100 (mip.MTI <- 0b1, mip.STI <- 0b0)
mem[X,0x00000000800007F4] -> 0xB023
mem[X,0x00000000800007F6] -> 0x19F0
[512] [M]: 0x00000000800007F4 (0x19F0B023) sd x31, 0x180(x1)                        inst_52+20
mem[W,0x0000000080003458] <- 0x0000000000000000

mem[X,0x00000000800007F8] -> 0xB423
mem[X,0x00000000800007FA] -> 0x1840
[513] [M]: 0x00000000800007F8 (0x1840B423) sd x4, 0x188(x1)                         inst_52+24
mem[W,0x0000000080003460] <- 0x0000000000000050

clint mtime 0x0000000000000101 (mip.MTI <- 0b1, mip.STI <- 0b0)
mem[X,0x00000000800007FC] -> 0xAF87
mem[X,0x00000000800007FE] -> 0x0701
[514] [M]: 0x00000000800007FC (0x0701AF87) flw f31, 0x70(x3)                        inst_53+0
mem[R,0x00000000800020E4] -> 0xBE4923BA
f31 <- 0xFFFFFFFFBE4923BA
CSR mstatus (0x300) <- 0x8000000A00006000

mem[X,0x0000000080000800] -> 0x0113
mem[X,0x0000000080000802] -> 0x0600
[515] [M]: 0x0000000080000800 (0x06000113) addi x2, x0, 0x60                        inst_53+4
x2 <- 0x0000000000000060

clint mtime 0x0000000000000102 (mip.MTI <- 0b1, mip.STI <- 0b0)
mem[X,0x0000000080000804] -> 0x1073
mem[X,0x0000000080000806] -> 0x0031
[516] [M]: 0x0000000080000804 (0x00311073) csrrw x0, fcsr, x2                       inst_53+8
CSR mstatus (0x300) <- 0x8000000A00006000
CSR fcsr (0x003) <- 0x0000000000000060

mem[X,0x0000000080000808] -> 0xFFD3
mem[X,0x000000008000080A] -> 0xC03F
[517] [M]: 0x0000000080000808 (0xC03FFFD3) fcvt.lu.s x31, f31, dyn                  inst_53+12
CSR mstatus (0x300) <- 0x8000000A00006000
CSR fflags (0x001) <- 0x0000000000000001
CSR fcsr (0x003) <- 0x0000000000000061
x31 <- 0x0000000000000000

clint mtime 0x0000000000000103 (mip.MTI <- 0b1, mip.STI <- 0b0)
mem[X,0x000000008000080C] -> 0x2273
mem[X,0x000000008000080E] -> 0x0030
[518] [M]: 0x000000008000080C (0x00302273) csrrs x4, fcsr, x0                       inst_53+16
CSR fcsr (0x003) -> 0x0000000000000061
x4 <- 0x0000000000000061

mem[X,0x0000000080000810] -> 0xB823
mem[X,0x0000000080000812] -> 0x19F0
[519] [M]: 0x0000000080000810 (0x19F0B823) sd x31, 0x190(x1)                        inst_53+20
mem[W,0x0000000080003468] <- 0x0000000000000000

clint mtime 0x0000000000000104 (mip.MTI <- 0b1, mip.STI <- 0b0)
mem[X,0x0000000080000814] -> 0xBC23
mem[X,0x0000000080000816] -> 0x1840
[520] [M]: 0x0000000080000814 (0x1840BC23) sd x4, 0x198(x1)                         inst_53+24
mem[W,0x0000000080003470] <- 0x0000000000000061

mem[X,0x0000000080000818] -> 0xAF87
mem[X,0x000000008000081A] -> 0x0741
[521] [M]: 0x0000000080000818 (0x0741AF87) flw f31, 0x74(x3)                        inst_54+0
mem[R,0x00000000800020E8] -> 0xBE4923BA
f31 <- 0xFFFFFFFFBE4923BA
CSR mstatus (0x300) <- 0x8000000A00006000

clint mtime 0x0000000000000105 (mip.MTI <- 0b1, mip.STI <- 0b0)
mem[X,0x000000008000081C] -> 0x0113
mem[X,0x000000008000081E] -> 0x0800
[522] [M]: 0x000000008000081C (0x08000113) addi x2, x0, 0x80                        inst_54+4
x2 <- 0x0000000000000080

mem[X,0x0000000080000820] -> 0x1073
mem[X,0x0000000080000822] -> 0x0031
[523] [M]: 0x0000000080000820 (0x00311073) csrrw x0, fcsr, x2                       inst_54+8
CSR mstatus (0x300) <- 0x8000000A00006000
CSR fcsr (0x003) <- 0x0000000000000080

clint mtime 0x0000000000000106 (mip.MTI <- 0b1, mip.STI <- 0b0)
mem[X,0x0000000080000824] -> 0xFFD3
mem[X,0x0000000080000826] -> 0xC03F
[524] [M]: 0x0000000080000824 (0xC03FFFD3) fcvt.lu.s x31, f31, dyn                  inst_54+12
CSR mstatus (0x300) <- 0x8000000A00006000
CSR fflags (0x001) <- 0x0000000000000001
CSR fcsr (0x003) <- 0x0000000000000081
x31 <- 0x0000000000000000

mem[X,0x0000000080000828] -> 0x2273
mem[X,0x000000008000082A] -> 0x0030
[525] [M]: 0x0000000080000828 (0x00302273) csrrs x4, fcsr, x0                       inst_54+16
CSR fcsr (0x003) -> 0x0000000000000081
x4 <- 0x0000000000000081

clint mtime 0x0000000000000107 (mip.MTI <- 0b1, mip.STI <- 0b0)
mem[X,0x000000008000082C] -> 0xB023
mem[X,0x000000008000082E] -> 0x1BF0
[526] [M]: 0x000000008000082C (0x1BF0B023) sd x31, 0x1a0(x1)                        inst_54+20
mem[W,0x0000000080003478] <- 0x0000000000000000

mem[X,0x0000000080000830] -> 0xB423
mem[X,0x0000000080000832] -> 0x1A40
[527] [M]: 0x0000000080000830 (0x1A40B423) sd x4, 0x1a8(x1)                         inst_54+24
mem[W,0x0000000080003480] <- 0x0000000000000081

clint mtime 0x0000000000000108 (mip.MTI <- 0b1, mip.STI <- 0b0)
mem[X,0x0000000080000834] -> 0xAF87
mem[X,0x0000000080000836] -> 0x0781
[528] [M]: 0x0000000080000834 (0x0781AF87) flw f31, 0x78(x3)                        inst_55+0
mem[R,0x00000000800020EC] -> 0xBE4923BB
f31 <- 0xFFFFFFFFBE4923BB
CSR mstatus (0x300) <- 0x8000000A00006000

mem[X,0x0000000080000838] -> 0x0113
mem[X,0x000000008000083A] -> 0x0000
[529] [M]: 0x0000000080000838 (0x00000113) addi x2, x0, 0x0                         inst_55+4
x2 <- 0x0000000000000000

clint mtime 0x0000000000000109 (mip.MTI <- 0b1, mip.STI <- 0b0)
mem[X,0x000000008000083C] -> 0x1073
mem[X,0x000000008000083E] -> 0x0031
[530] [M]: 0x000000008000083C (0x00311073) csrrw x0, fcsr, x2                       inst_55+8
CSR mstatus (0x300) <- 0x8000000A00006000
CSR fcsr (0x003) <- 0x0000000000000000

mem[X,0x0000000080000840] -> 0xFFD3
mem[X,0x0000000080000842] -> 0xC03F
[531] [M]: 0x0000000080000840 (0xC03FFFD3) fcvt.lu.s x31, f31, dyn                  inst_55+12
CSR mstatus (0x300) <- 0x8000000A00006000
CSR fflags (0x001) <- 0x0000000000000001
CSR fcsr (0x003) <- 0x0000000000000001
x31 <- 0x0000000000000000

clint mtime 0x000000000000010A (mip.MTI <- 0b1, mip.STI <- 0b0)
mem[X,0x0000000080000844] -> 0x2273
mem[X,0x0000000080000846] -> 0x0030
[532] [M]: 0x0000000080000844 (0x00302273) csrrs x4, fcsr, x0                       inst_55+16
CSR fcsr (0x003) -> 0x0000000000000001
x4 <- 0x0000000000000001

mem[X,0x0000000080000848] -> 0xB823
mem[X,0x000000008000084A] -> 0x1BF0
[533] [M]: 0x0000000080000848 (0x1BF0B823) sd x31, 0x1b0(x1)                        inst_55+20
mem[W,0x0000000080003488] <- 0x0000000000000000

clint mtime 0x000000000000010B (mip.MTI <- 0b1, mip.STI <- 0b0)
mem[X,0x000000008000084C] -> 0xBC23
mem[X,0x000000008000084E] -> 0x1A40
[534] [M]: 0x000000008000084C (0x1A40BC23) sd x4, 0x1b8(x1)                         inst_55+24
mem[W,0x0000000080003490] <- 0x0000000000000001

mem[X,0x0000000080000850] -> 0xAF87
mem[X,0x0000000080000852] -> 0x07C1
[535] [M]: 0x0000000080000850 (0x07C1AF87) flw f31, 0x7c(x3)                        inst_56+0
mem[R,0x00000000800020F0] -> 0xBE4923BB
f31 <- 0xFFFFFFFFBE4923BB
CSR mstatus (0x300) <- 0x8000000A00006000

clint mtime 0x000000000000010C (mip.MTI <- 0b1, mip.STI <- 0b0)
mem[X,0x0000000080000854] -> 0x0113
mem[X,0x0000000080000856] -> 0x0200
[536] [M]: 0x0000000080000854 (0x02000113) addi x2, x0, 0x20                        inst_56+4
x2 <- 0x0000000000000020

mem[X,0x0000000080000858] -> 0x1073
mem[X,0x000000008000085A] -> 0x0031
[537] [M]: 0x0000000080000858 (0x00311073) csrrw x0, fcsr, x2                       inst_56+8
CSR mstatus (0x300) <- 0x8000000A00006000
CSR fcsr (0x003) <- 0x0000000000000020

clint mtime 0x000000000000010D (mip.MTI <- 0b1, mip.STI <- 0b0)
mem[X,0x000000008000085C] -> 0xFFD3
mem[X,0x000000008000085E] -> 0xC03F
[538] [M]: 0x000000008000085C (0xC03FFFD3) fcvt.lu.s x31, f31, dyn                  inst_56+12
CSR mstatus (0x300) <- 0x8000000A00006000
CSR fflags (0x001) <- 0x0000000000000001
CSR fcsr (0x003) <- 0x0000000000000021
x31 <- 0x0000000000000000

mem[X,0x0000000080000860] -> 0x2273
mem[X,0x0000000080000862] -> 0x0030
[539] [M]: 0x0000000080000860 (0x00302273) csrrs x4, fcsr, x0                       inst_56+16
CSR fcsr (0x003) -> 0x0000000000000021
x4 <- 0x0000000000000021

clint mtime 0x000000000000010E (mip.MTI <- 0b1, mip.STI <- 0b0)
mem[X,0x0000000080000864] -> 0xB023
mem[X,0x0000000080000866] -> 0x1DF0
[540] [M]: 0x0000000080000864 (0x1DF0B023) sd x31, 0x1c0(x1)                        inst_56+20
mem[W,0x0000000080003498] <- 0x0000000000000000

mem[X,0x0000000080000868] -> 0xB423
mem[X,0x000000008000086A] -> 0x1C40
[541] [M]: 0x0000000080000868 (0x1C40B423) sd x4, 0x1c8(x1)                         inst_56+24
mem[W,0x00000000800034A0] <- 0x0000000000000021

clint mtime 0x000000000000010F (mip.MTI <- 0b1, mip.STI <- 0b0)
mem[X,0x000000008000086C] -> 0xAF87
mem[X,0x000000008000086E] -> 0x0801
[542] [M]: 0x000000008000086C (0x0801AF87) flw f31, 0x80(x3)                        inst_57+0
mem[R,0x00000000800020F4] -> 0xBE4923BB
f31 <- 0xFFFFFFFFBE4923BB
CSR mstatus (0x300) <- 0x8000000A00006000

mem[X,0x0000000080000870] -> 0x0113
mem[X,0x0000000080000872] -> 0x0400
[543] [M]: 0x0000000080000870 (0x04000113) addi x2, x0, 0x40                        inst_57+4
x2 <- 0x0000000000000040

clint mtime 0x0000000000000110 (mip.MTI <- 0b1, mip.STI <- 0b0)
mem[X,0x0000000080000874] -> 0x1073
mem[X,0x0000000080000876] -> 0x0031
[544] [M]: 0x0000000080000874 (0x00311073) csrrw x0, fcsr, x2                       inst_57+8
CSR mstatus (0x300) <- 0x8000000A00006000
CSR fcsr (0x003) <- 0x0000000000000040

mem[X,0x0000000080000878] -> 0xFFD3
mem[X,0x000000008000087A] -> 0xC03F
[545] [M]: 0x0000000080000878 (0xC03FFFD3) fcvt.lu.s x31, f31, dyn                  inst_57+12
CSR mstatus (0x300) <- 0x8000000A00006000
CSR fflags (0x001) <- 0x0000000000000010
CSR fcsr (0x003) <- 0x0000000000000050
x31 <- 0x0000000000000000

clint mtime 0x0000000000000111 (mip.MTI <- 0b1, mip.STI <- 0b0)
mem[X,0x000000008000087C] -> 0x2273
mem[X,0x000000008000087E] -> 0x0030
[546] [M]: 0x000000008000087C (0x00302273) csrrs x4, fcsr, x0                       inst_57+16
CSR fcsr (0x003) -> 0x0000000000000050
x4 <- 0x0000000000000050

mem[X,0x0000000080000880] -> 0xB823
mem[X,0x0000000080000882] -> 0x1DF0
[547] [M]: 0x0000000080000880 (0x1DF0B823) sd x31, 0x1d0(x1)                        inst_57+20
mem[W,0x00000000800034A8] <- 0x0000000000000000

clint mtime 0x0000000000000112 (mip.MTI <- 0b1, mip.STI <- 0b0)
mem[X,0x0000000080000884] -> 0xBC23
mem[X,0x0000000080000886] -> 0x1C40
[548] [M]: 0x0000000080000884 (0x1C40BC23) sd x4, 0x1d8(x1)                         inst_57+24
mem[W,0x00000000800034B0] <- 0x0000000000000050

mem[X,0x0000000080000888] -> 0xAF87
mem[X,0x000000008000088A] -> 0x0841
[549] [M]: 0x0000000080000888 (0x0841AF87) flw f31, 0x84(x3)                        inst_58+0
mem[R,0x00000000800020F8] -> 0xBE4923BB
f31 <- 0xFFFFFFFFBE4923BB
CSR mstatus (0x300) <- 0x8000000A00006000

clint mtime 0x0000000000000113 (mip.MTI <- 0b1, mip.STI <- 0b0)
mem[X,0x000000008000088C] -> 0x0113
mem[X,0x000000008000088E] -> 0x0600
[550] [M]: 0x000000008000088C (0x06000113) addi x2, x0, 0x60                        inst_58+4
x2 <- 0x0000000000000060

mem[X,0x0000000080000890] -> 0x1073
mem[X,0x0000000080000892] -> 0x0031
[551] [M]: 0x0000000080000890 (0x00311073) csrrw x0, fcsr, x2                       inst_58+8
CSR mstatus (0x300) <- 0x8000000A00006000
CSR fcsr (0x003) <- 0x0000000000000060

clint mtime 0x0000000000000114 (mip.MTI <- 0b1, mip.STI <- 0b0)
mem[X,0x0000000080000894] -> 0xFFD3
mem[X,0x0000000080000896] -> 0xC03F
[552] [M]: 0x0000000080000894 (0xC03FFFD3) fcvt.lu.s x31, f31, dyn                  inst_58+12
CSR mstatus (0x300) <- 0x8000000A00006000
CSR fflags (0x001) <- 0x0000000000000001
CSR fcsr (0x003) <- 0x0000000000000061
x31 <- 0x0000000000000000

mem[X,0x0000000080000898] -> 0x2273
mem[X,0x000000008000089A] -> 0x0030
[553] [M]: 0x0000000080000898 (0x00302273) csrrs x4, fcsr, x0                       inst_58+16
CSR fcsr (0x003) -> 0x0000000000000061
x4 <- 0x0000000000000061

clint mtime 0x0000000000000115 (mip.MTI <- 0b1, mip.STI <- 0b0)
mem[X,0x000000008000089C] -> 0xB023
mem[X,0x000000008000089E] -> 0x1FF0
[554] [M]: 0x000000008000089C (0x1FF0B023) sd x31, 0x1e0(x1)                        inst_58+20
mem[W,0x00000000800034B8] <- 0x0000000000000000

mem[X,0x00000000800008A0] -> 0xB423
mem[X,0x00000000800008A2] -> 0x1E40
[555] [M]: 0x00000000800008A0 (0x1E40B423) sd x4, 0x1e8(x1)                         inst_58+24
mem[W,0x00000000800034C0] <- 0x0000000000000061

clint mtime 0x0000000000000116 (mip.MTI <- 0b1, mip.STI <- 0b0)
mem[X,0x00000000800008A4] -> 0xAF87
mem[X,0x00000000800008A6] -> 0x0881
[556] [M]: 0x00000000800008A4 (0x0881AF87) flw f31, 0x88(x3)                        inst_59+0
mem[R,0x00000000800020FC] -> 0xBE4923BB
f31 <- 0xFFFFFFFFBE4923BB
CSR mstatus (0x300) <- 0x8000000A00006000

mem[X,0x00000000800008A8] -> 0x0113
mem[X,0x00000000800008AA] -> 0x0800
[557] [M]: 0x00000000800008A8 (0x08000113) addi x2, x0, 0x80                        inst_59+4
x2 <- 0x0000000000000080

clint mtime 0x0000000000000117 (mip.MTI <- 0b1, mip.STI <- 0b0)
mem[X,0x00000000800008AC] -> 0x1073
mem[X,0x00000000800008AE] -> 0x0031
[558] [M]: 0x00000000800008AC (0x00311073) csrrw x0, fcsr, x2                       inst_59+8
CSR mstatus (0x300) <- 0x8000000A00006000
CSR fcsr (0x003) <- 0x0000000000000080

mem[X,0x00000000800008B0] -> 0xFFD3
mem[X,0x00000000800008B2] -> 0xC03F
[559] [M]: 0x00000000800008B0 (0xC03FFFD3) fcvt.lu.s x31, f31, dyn                  inst_59+12
CSR mstatus (0x300) <- 0x8000000A00006000
CSR fflags (0x001) <- 0x0000000000000001
CSR fcsr (0x003) <- 0x0000000000000081
x31 <- 0x0000000000000000

clint mtime 0x0000000000000118 (mip.MTI <- 0b1, mip.STI <- 0b0)
mem[X,0x00000000800008B4] -> 0x2273
mem[X,0x00000000800008B6] -> 0x0030
[560] [M]: 0x00000000800008B4 (0x00302273) csrrs x4, fcsr, x0                       inst_59+16
CSR fcsr (0x003) -> 0x0000000000000081
x4 <- 0x0000000000000081

mem[X,0x00000000800008B8] -> 0xB823
mem[X,0x00000000800008BA] -> 0x1FF0
[561] [M]: 0x00000000800008B8 (0x1FF0B823) sd x31, 0x1f0(x1)                        inst_59+20
mem[W,0x00000000800034C8] <- 0x0000000000000000

clint mtime 0x0000000000000119 (mip.MTI <- 0b1, mip.STI <- 0b0)
mem[X,0x00000000800008BC] -> 0xBC23
mem[X,0x00000000800008BE] -> 0x1E40
[562] [M]: 0x00000000800008BC (0x1E40BC23) sd x4, 0x1f8(x1)                         inst_59+24
mem[W,0x00000000800034D0] <- 0x0000000000000081

mem[X,0x00000000800008C0] -> 0xAF87
mem[X,0x00000000800008C2] -> 0x08C1
[563] [M]: 0x00000000800008C0 (0x08C1AF87) flw f31, 0x8c(x3)                        inst_60+0
mem[R,0x0000000080002100] -> 0xBE4923BC
f31 <- 0xFFFFFFFFBE4923BC
CSR mstatus (0x300) <- 0x8000000A00006000

clint mtime 0x000000000000011A (mip.MTI <- 0b1, mip.STI <- 0b0)
mem[X,0x00000000800008C4] -> 0x0113
mem[X,0x00000000800008C6] -> 0x0000
[564] [M]: 0x00000000800008C4 (0x00000113) addi x2, x0, 0x0                         inst_60+4
x2 <- 0x0000000000000000

mem[X,0x00000000800008C8] -> 0x1073
mem[X,0x00000000800008CA] -> 0x0031
[565] [M]: 0x00000000800008C8 (0x00311073) csrrw x0, fcsr, x2                       inst_60+8
CSR mstatus (0x300) <- 0x8000000A00006000
CSR fcsr (0x003) <- 0x0000000000000000

clint mtime 0x000000000000011B (mip.MTI <- 0b1, mip.STI <- 0b0)
mem[X,0x00000000800008CC] -> 0xFFD3
mem[X,0x00000000800008CE] -> 0xC03F
[566] [M]: 0x00000000800008CC (0xC03FFFD3) fcvt.lu.s x31, f31, dyn                  inst_60+12
CSR mstatus (0x300) <- 0x8000000A00006000
CSR fflags (0x001) <- 0x0000000000000001
CSR fcsr (0x003) <- 0x0000000000000001
x31 <- 0x0000000000000000

mem[X,0x00000000800008D0] -> 0x2273
mem[X,0x00000000800008D2] -> 0x0030
[567] [M]: 0x00000000800008D0 (0x00302273) csrrs x4, fcsr, x0                       inst_60+16
CSR fcsr (0x003) -> 0x0000000000000001
x4 <- 0x0000000000000001

clint mtime 0x000000000000011C (mip.MTI <- 0b1, mip.STI <- 0b0)
mem[X,0x00000000800008D4] -> 0xB023
mem[X,0x00000000800008D6] -> 0x21F0
[568] [M]: 0x00000000800008D4 (0x21F0B023) sd x31, 0x200(x1)                        inst_60+20
mem[W,0x00000000800034D8] <- 0x0000000000000000

mem[X,0x00000000800008D8] -> 0xB423
mem[X,0x00000000800008DA] -> 0x2040
[569] [M]: 0x00000000800008D8 (0x2040B423) sd x4, 0x208(x1)                         inst_60+24
mem[W,0x00000000800034E0] <- 0x0000000000000001

clint mtime 0x000000000000011D (mip.MTI <- 0b1, mip.STI <- 0b0)
mem[X,0x00000000800008DC] -> 0xAF87
mem[X,0x00000000800008DE] -> 0x0901
[570] [M]: 0x00000000800008DC (0x0901AF87) flw f31, 0x90(x3)                        inst_61+0
mem[R,0x0000000080002104] -> 0xBE4923BC
f31 <- 0xFFFFFFFFBE4923BC
CSR mstatus (0x300) <- 0x8000000A00006000

mem[X,0x00000000800008E0] -> 0x0113
mem[X,0x00000000800008E2] -> 0x0200
[571] [M]: 0x00000000800008E0 (0x02000113) addi x2, x0, 0x20                        inst_61+4
x2 <- 0x0000000000000020

clint mtime 0x000000000000011E (mip.MTI <- 0b1, mip.STI <- 0b0)
mem[X,0x00000000800008E4] -> 0x1073
mem[X,0x00000000800008E6] -> 0x0031
[572] [M]: 0x00000000800008E4 (0x00311073) csrrw x0, fcsr, x2                       inst_61+8
CSR mstatus (0x300) <- 0x8000000A00006000
CSR fcsr (0x003) <- 0x0000000000000020

mem[X,0x00000000800008E8] -> 0xFFD3
mem[X,0x00000000800008EA] -> 0xC03F
[573] [M]: 0x00000000800008E8 (0xC03FFFD3) fcvt.lu.s x31, f31, dyn                  inst_61+12
CSR mstatus (0x300) <- 0x8000000A00006000
CSR fflags (0x001) <- 0x0000000000000001
CSR fcsr (0x003) <- 0x0000000000000021
x31 <- 0x0000000000000000

clint mtime 0x000000000000011F (mip.MTI <- 0b1, mip.STI <- 0b0)
mem[X,0x00000000800008EC] -> 0x2273
mem[X,0x00000000800008EE] -> 0x0030
[574] [M]: 0x00000000800008EC (0x00302273) csrrs x4, fcsr, x0                       inst_61+16
CSR fcsr (0x003) -> 0x0000000000000021
x4 <- 0x0000000000000021

mem[X,0x00000000800008F0] -> 0xB823
mem[X,0x00000000800008F2] -> 0x21F0
[575] [M]: 0x00000000800008F0 (0x21F0B823) sd x31, 0x210(x1)                        inst_61+20
mem[W,0x00000000800034E8] <- 0x0000000000000000

clint mtime 0x0000000000000120 (mip.MTI <- 0b1, mip.STI <- 0b0)
mem[X,0x00000000800008F4] -> 0xBC23
mem[X,0x00000000800008F6] -> 0x2040
[576] [M]: 0x00000000800008F4 (0x2040BC23) sd x4, 0x218(x1)                         inst_61+24
mem[W,0x00000000800034F0] <- 0x0000000000000021

mem[X,0x00000000800008F8] -> 0xAF87
mem[X,0x00000000800008FA] -> 0x0941
[577] [M]: 0x00000000800008F8 (0x0941AF87) flw f31, 0x94(x3)                        inst_62+0
mem[R,0x0000000080002108] -> 0xBE4923BC
f31 <- 0xFFFFFFFFBE4923BC
CSR mstatus (0x300) <- 0x8000000A00006000

clint mtime 0x0000000000000121 (mip.MTI <- 0b1, mip.STI <- 0b0)
mem[X,0x00000000800008FC] -> 0x0113
mem[X,0x00000000800008FE] -> 0x0400
[578] [M]: 0x00000000800008FC (0x04000113) addi x2, x0, 0x40                        inst_62+4
x2 <- 0x0000000000000040

mem[X,0x0000000080000900] -> 0x1073
mem[X,0x0000000080000902] -> 0x0031
[579] [M]: 0x0000000080000900 (0x00311073) csrrw x0, fcsr, x2                       inst_62+8
CSR mstatus (0x300) <- 0x8000000A00006000
CSR fcsr (0x003) <- 0x0000000000000040

clint mtime 0x0000000000000122 (mip.MTI <- 0b1, mip.STI <- 0b0)
mem[X,0x0000000080000904] -> 0xFFD3
mem[X,0x0000000080000906] -> 0xC03F
[580] [M]: 0x0000000080000904 (0xC03FFFD3) fcvt.lu.s x31, f31, dyn                  inst_62+12
CSR mstatus (0x300) <- 0x8000000A00006000
CSR fflags (0x001) <- 0x0000000000000010
CSR fcsr (0x003) <- 0x0000000000000050
x31 <- 0x0000000000000000

mem[X,0x0000000080000908] -> 0x2273
mem[X,0x000000008000090A] -> 0x0030
[581] [M]: 0x0000000080000908 (0x00302273) csrrs x4, fcsr, x0                       inst_62+16
CSR fcsr (0x003) -> 0x0000000000000050
x4 <- 0x0000000000000050

clint mtime 0x0000000000000123 (mip.MTI <- 0b1, mip.STI <- 0b0)
mem[X,0x000000008000090C] -> 0xB023
mem[X,0x000000008000090E] -> 0x23F0
[582] [M]: 0x000000008000090C (0x23F0B023) sd x31, 0x220(x1)                        inst_62+20
mem[W,0x00000000800034F8] <- 0x0000000000000000

mem[X,0x0000000080000910] -> 0xB423
mem[X,0x0000000080000912] -> 0x2240
[583] [M]: 0x0000000080000910 (0x2240B423) sd x4, 0x228(x1)                         inst_62+24
mem[W,0x0000000080003500] <- 0x0000000000000050

clint mtime 0x0000000000000124 (mip.MTI <- 0b1, mip.STI <- 0b0)
mem[X,0x0000000080000914] -> 0xAF87
mem[X,0x0000000080000916] -> 0x0981
[584] [M]: 0x0000000080000914 (0x0981AF87) flw f31, 0x98(x3)                        inst_63+0
mem[R,0x000000008000210C] -> 0xBE4923BC
f31 <- 0xFFFFFFFFBE4923BC
CSR mstatus (0x300) <- 0x8000000A00006000

mem[X,0x0000000080000918] -> 0x0113
mem[X,0x000000008000091A] -> 0x0600
[585] [M]: 0x0000000080000918 (0x06000113) addi x2, x0, 0x60                        inst_63+4
x2 <- 0x0000000000000060

clint mtime 0x0000000000000125 (mip.MTI <- 0b1, mip.STI <- 0b0)
mem[X,0x000000008000091C] -> 0x1073
mem[X,0x000000008000091E] -> 0x0031
[586] [M]: 0x000000008000091C (0x00311073) csrrw x0, fcsr, x2                       inst_63+8
CSR mstatus (0x300) <- 0x8000000A00006000
CSR fcsr (0x003) <- 0x0000000000000060

mem[X,0x0000000080000920] -> 0xFFD3
mem[X,0x0000000080000922] -> 0xC03F
[587] [M]: 0x0000000080000920 (0xC03FFFD3) fcvt.lu.s x31, f31, dyn                  inst_63+12
CSR mstatus (0x300) <- 0x8000000A00006000
CSR fflags (0x001) <- 0x0000000000000001
CSR fcsr (0x003) <- 0x0000000000000061
x31 <- 0x0000000000000000

clint mtime 0x0000000000000126 (mip.MTI <- 0b1, mip.STI <- 0b0)
mem[X,0x0000000080000924] -> 0x2273
mem[X,0x0000000080000926] -> 0x0030
[588] [M]: 0x0000000080000924 (0x00302273) csrrs x4, fcsr, x0                       inst_63+16
CSR fcsr (0x003) -> 0x0000000000000061
x4 <- 0x0000000000000061

mem[X,0x0000000080000928] -> 0xB823
mem[X,0x000000008000092A] -> 0x23F0
[589] [M]: 0x0000000080000928 (0x23F0B823) sd x31, 0x230(x1)                        inst_63+20
mem[W,0x0000000080003508] <- 0x0000000000000000

clint mtime 0x0000000000000127 (mip.MTI <- 0b1, mip.STI <- 0b0)
mem[X,0x000000008000092C] -> 0xBC23
mem[X,0x000000008000092E] -> 0x2240
[590] [M]: 0x000000008000092C (0x2240BC23) sd x4, 0x238(x1)                         inst_63+24
mem[W,0x0000000080003510] <- 0x0000000000000061

mem[X,0x0000000080000930] -> 0xAF87
mem[X,0x0000000080000932] -> 0x09C1
[591] [M]: 0x0000000080000930 (0x09C1AF87) flw f31, 0x9c(x3)                        inst_64+0
mem[R,0x0000000080002110] -> 0xBE4923BC
f31 <- 0xFFFFFFFFBE4923BC
CSR mstatus (0x300) <- 0x8000000A00006000

clint mtime 0x0000000000000128 (mip.MTI <- 0b1, mip.STI <- 0b0)
mem[X,0x0000000080000934] -> 0x0113
mem[X,0x0000000080000936] -> 0x0800
[592] [M]: 0x0000000080000934 (0x08000113) addi x2, x0, 0x80                        inst_64+4
x2 <- 0x0000000000000080

mem[X,0x0000000080000938] -> 0x1073
mem[X,0x000000008000093A] -> 0x0031
[593] [M]: 0x0000000080000938 (0x00311073) csrrw x0, fcsr, x2                       inst_64+8
CSR mstatus (0x300) <- 0x8000000A00006000
CSR fcsr (0x003) <- 0x0000000000000080

clint mtime 0x0000000000000129 (mip.MTI <- 0b1, mip.STI <- 0b0)
mem[X,0x000000008000093C] -> 0xFFD3
mem[X,0x000000008000093E] -> 0xC03F
[594] [M]: 0x000000008000093C (0xC03FFFD3) fcvt.lu.s x31, f31, dyn                  inst_64+12
CSR mstatus (0x300) <- 0x8000000A00006000
CSR fflags (0x001) <- 0x0000000000000001
CSR fcsr (0x003) <- 0x0000000000000081
x31 <- 0x0000000000000000

mem[X,0x0000000080000940] -> 0x2273
mem[X,0x0000000080000942] -> 0x0030
[595] [M]: 0x0000000080000940 (0x00302273) csrrs x4, fcsr, x0                       inst_64+16
CSR fcsr (0x003) -> 0x0000000000000081
x4 <- 0x0000000000000081

clint mtime 0x000000000000012A (mip.MTI <- 0b1, mip.STI <- 0b0)
mem[X,0x0000000080000944] -> 0xB023
mem[X,0x0000000080000946] -> 0x25F0
[596] [M]: 0x0000000080000944 (0x25F0B023) sd x31, 0x240(x1)                        inst_64+20
mem[W,0x0000000080003518] <- 0x0000000000000000

mem[X,0x0000000080000948] -> 0xB423
mem[X,0x000000008000094A] -> 0x2440
[597] [M]: 0x0000000080000948 (0x2440B423) sd x4, 0x248(x1)                         inst_64+24
mem[W,0x0000000080003520] <- 0x0000000000000081

clint mtime 0x000000000000012B (mip.MTI <- 0b1, mip.STI <- 0b0)
mem[X,0x000000008000094C] -> 0xAF87
mem[X,0x000000008000094E] -> 0x0A01
[598] [M]: 0x000000008000094C (0x0A01AF87) flw f31, 0xa0(x3)                        inst_65+0
mem[R,0x0000000080002114] -> 0xBE4923BD
f31 <- 0xFFFFFFFFBE4923BD
CSR mstatus (0x300) <- 0x8000000A00006000

mem[X,0x0000000080000950] -> 0x0113
mem[X,0x0000000080000952] -> 0x0000
[599] [M]: 0x0000000080000950 (0x00000113) addi x2, x0, 0x0                         inst_65+4
x2 <- 0x0000000000000000

clint mtime 0x000000000000012C (mip.MTI <- 0b1, mip.STI <- 0b0)
mem[X,0x0000000080000954] -> 0x1073
mem[X,0x0000000080000956] -> 0x0031
[600] [M]: 0x0000000080000954 (0x00311073) csrrw x0, fcsr, x2                       inst_65+8
CSR mstatus (0x300) <- 0x8000000A00006000
CSR fcsr (0x003) <- 0x0000000000000000

mem[X,0x0000000080000958] -> 0xFFD3
mem[X,0x000000008000095A] -> 0xC03F
[601] [M]: 0x0000000080000958 (0xC03FFFD3) fcvt.lu.s x31, f31, dyn                  inst_65+12
CSR mstatus (0x300) <- 0x8000000A00006000
CSR fflags (0x001) <- 0x0000000000000001
CSR fcsr (0x003) <- 0x0000000000000001
x31 <- 0x0000000000000000

clint mtime 0x000000000000012D (mip.MTI <- 0b1, mip.STI <- 0b0)
mem[X,0x000000008000095C] -> 0x2273
mem[X,0x000000008000095E] -> 0x0030
[602] [M]: 0x000000008000095C (0x00302273) csrrs x4, fcsr, x0                       inst_65+16
CSR fcsr (0x003) -> 0x0000000000000001
x4 <- 0x0000000000000001

mem[X,0x0000000080000960] -> 0xB823
mem[X,0x0000000080000962] -> 0x25F0
[603] [M]: 0x0000000080000960 (0x25F0B823) sd x31, 0x250(x1)                        inst_65+20
mem[W,0x0000000080003528] <- 0x0000000000000000

clint mtime 0x000000000000012E (mip.MTI <- 0b1, mip.STI <- 0b0)
mem[X,0x0000000080000964] -> 0xBC23
mem[X,0x0000000080000966] -> 0x2440
[604] [M]: 0x0000000080000964 (0x2440BC23) sd x4, 0x258(x1)                         inst_65+24
mem[W,0x0000000080003530] <- 0x0000000000000001

mem[X,0x0000000080000968] -> 0xAF87
mem[X,0x000000008000096A] -> 0x0A41
[605] [M]: 0x0000000080000968 (0x0A41AF87) flw f31, 0xa4(x3)                        inst_66+0
mem[R,0x0000000080002118] -> 0xBE4923BD
f31 <- 0xFFFFFFFFBE4923BD
CSR mstatus (0x300) <- 0x8000000A00006000

clint mtime 0x000000000000012F (mip.MTI <- 0b1, mip.STI <- 0b0)
mem[X,0x000000008000096C] -> 0x0113
mem[X,0x000000008000096E] -> 0x0200
[606] [M]: 0x000000008000096C (0x02000113) addi x2, x0, 0x20                        inst_66+4
x2 <- 0x0000000000000020

mem[X,0x0000000080000970] -> 0x1073
mem[X,0x0000000080000972] -> 0x0031
[607] [M]: 0x0000000080000970 (0x00311073) csrrw x0, fcsr, x2                       inst_66+8
CSR mstatus (0x300) <- 0x8000000A00006000
CSR fcsr (0x003) <- 0x0000000000000020

clint mtime 0x0000000000000130 (mip.MTI <- 0b1, mip.STI <- 0b0)
mem[X,0x0000000080000974] -> 0xFFD3
mem[X,0x0000000080000976] -> 0xC03F
[608] [M]: 0x0000000080000974 (0xC03FFFD3) fcvt.lu.s x31, f31, dyn                  inst_66+12
CSR mstatus (0x300) <- 0x8000000A00006000
CSR fflags (0x001) <- 0x0000000000000001
CSR fcsr (0x003) <- 0x0000000000000021
x31 <- 0x0000000000000000

mem[X,0x0000000080000978] -> 0x2273
mem[X,0x000000008000097A] -> 0x0030
[609] [M]: 0x0000000080000978 (0x00302273) csrrs x4, fcsr, x0                       inst_66+16
CSR fcsr (0x003) -> 0x0000000000000021
x4 <- 0x0000000000000021

clint mtime 0x0000000000000131 (mip.MTI <- 0b1, mip.STI <- 0b0)
mem[X,0x000000008000097C] -> 0xB023
mem[X,0x000000008000097E] -> 0x27F0
[610] [M]: 0x000000008000097C (0x27F0B023) sd x31, 0x260(x1)                        inst_66+20
mem[W,0x0000000080003538] <- 0x0000000000000000

mem[X,0x0000000080000980] -> 0xB423
mem[X,0x0000000080000982] -> 0x2640
[611] [M]: 0x0000000080000980 (0x2640B423) sd x4, 0x268(x1)                         inst_66+24
mem[W,0x0000000080003540] <- 0x0000000000000021

clint mtime 0x0000000000000132 (mip.MTI <- 0b1, mip.STI <- 0b0)
mem[X,0x0000000080000984] -> 0xAF87
mem[X,0x0000000080000986] -> 0x0A81
[612] [M]: 0x0000000080000984 (0x0A81AF87) flw f31, 0xa8(x3)                        inst_67+0
mem[R,0x000000008000211C] -> 0xBE4923BD
f31 <- 0xFFFFFFFFBE4923BD
CSR mstatus (0x300) <- 0x8000000A00006000

mem[X,0x0000000080000988] -> 0x0113
mem[X,0x000000008000098A] -> 0x0400
[613] [M]: 0x0000000080000988 (0x04000113) addi x2, x0, 0x40                        inst_67+4
x2 <- 0x0000000000000040

clint mtime 0x0000000000000133 (mip.MTI <- 0b1, mip.STI <- 0b0)
mem[X,0x000000008000098C] -> 0x1073
mem[X,0x000000008000098E] -> 0x0031
[614] [M]: 0x000000008000098C (0x00311073) csrrw x0, fcsr, x2                       inst_67+8
CSR mstatus (0x300) <- 0x8000000A00006000
CSR fcsr (0x003) <- 0x0000000000000040

mem[X,0x0000000080000990] -> 0xFFD3
mem[X,0x0000000080000992] -> 0xC03F
[615] [M]: 0x0000000080000990 (0xC03FFFD3) fcvt.lu.s x31, f31, dyn                  inst_67+12
CSR mstatus (0x300) <- 0x8000000A00006000
CSR fflags (0x001) <- 0x0000000000000010
CSR fcsr (0x003) <- 0x0000000000000050
x31 <- 0x0000000000000000

clint mtime 0x0000000000000134 (mip.MTI <- 0b1, mip.STI <- 0b0)
mem[X,0x0000000080000994] -> 0x2273
mem[X,0x0000000080000996] -> 0x0030
[616] [M]: 0x0000000080000994 (0x00302273) csrrs x4, fcsr, x0                       inst_67+16
CSR fcsr (0x003) -> 0x0000000000000050
x4 <- 0x0000000000000050

mem[X,0x0000000080000998] -> 0xB823
mem[X,0x000000008000099A] -> 0x27F0
[617] [M]: 0x0000000080000998 (0x27F0B823) sd x31, 0x270(x1)                        inst_67+20
mem[W,0x0000000080003548] <- 0x0000000000000000

clint mtime 0x0000000000000135 (mip.MTI <- 0b1, mip.STI <- 0b0)
mem[X,0x000000008000099C] -> 0xBC23
mem[X,0x000000008000099E] -> 0x2640
[618] [M]: 0x000000008000099C (0x2640BC23) sd x4, 0x278(x1)                         inst_67+24
mem[W,0x0000000080003550] <- 0x0000000000000050

mem[X,0x00000000800009A0] -> 0xAF87
mem[X,0x00000000800009A2] -> 0x0AC1
[619] [M]: 0x00000000800009A0 (0x0AC1AF87) flw f31, 0xac(x3)                        inst_68+0
mem[R,0x0000000080002120] -> 0xBE4923BD
f31 <- 0xFFFFFFFFBE4923BD
CSR mstatus (0x300) <- 0x8000000A00006000

clint mtime 0x0000000000000136 (mip.MTI <- 0b1, mip.STI <- 0b0)
mem[X,0x00000000800009A4] -> 0x0113
mem[X,0x00000000800009A6] -> 0x0600
[620] [M]: 0x00000000800009A4 (0x06000113) addi x2, x0, 0x60                        inst_68+4
x2 <- 0x0000000000000060

mem[X,0x00000000800009A8] -> 0x1073
mem[X,0x00000000800009AA] -> 0x0031
[621] [M]: 0x00000000800009A8 (0x00311073) csrrw x0, fcsr, x2                       inst_68+8
CSR mstatus (0x300) <- 0x8000000A00006000
CSR fcsr (0x003) <- 0x0000000000000060

clint mtime 0x0000000000000137 (mip.MTI <- 0b1, mip.STI <- 0b0)
mem[X,0x00000000800009AC] -> 0xFFD3
mem[X,0x00000000800009AE] -> 0xC03F
[622] [M]: 0x00000000800009AC (0xC03FFFD3) fcvt.lu.s x31, f31, dyn                  inst_68+12
CSR mstatus (0x300) <- 0x8000000A00006000
CSR fflags (0x001) <- 0x0000000000000001
CSR fcsr (0x003) <- 0x0000000000000061
x31 <- 0x0000000000000000

mem[X,0x00000000800009B0] -> 0x2273
mem[X,0x00000000800009B2] -> 0x0030
[623] [M]: 0x00000000800009B0 (0x00302273) csrrs x4, fcsr, x0                       inst_68+16
CSR fcsr (0x003) -> 0x0000000000000061
x4 <- 0x0000000000000061

clint mtime 0x0000000000000138 (mip.MTI <- 0b1, mip.STI <- 0b0)
mem[X,0x00000000800009B4] -> 0xB023
mem[X,0x00000000800009B6] -> 0x29F0
[624] [M]: 0x00000000800009B4 (0x29F0B023) sd x31, 0x280(x1)                        inst_68+20
mem[W,0x0000000080003558] <- 0x0000000000000000

mem[X,0x00000000800009B8] -> 0xB423
mem[X,0x00000000800009BA] -> 0x2840
[625] [M]: 0x00000000800009B8 (0x2840B423) sd x4, 0x288(x1)                         inst_68+24
mem[W,0x0000000080003560] <- 0x0000000000000061

clint mtime 0x0000000000000139 (mip.MTI <- 0b1, mip.STI <- 0b0)
mem[X,0x00000000800009BC] -> 0xAF87
mem[X,0x00000000800009BE] -> 0x0B01
[626] [M]: 0x00000000800009BC (0x0B01AF87) flw f31, 0xb0(x3)                        inst_69+0
mem[R,0x0000000080002124] -> 0xBE4923BD
f31 <- 0xFFFFFFFFBE4923BD
CSR mstatus (0x300) <- 0x8000000A00006000

mem[X,0x00000000800009C0] -> 0x0113
mem[X,0x00000000800009C2] -> 0x0800
[627] [M]: 0x00000000800009C0 (0x08000113) addi x2, x0, 0x80                        inst_69+4
x2 <- 0x0000000000000080

clint mtime 0x000000000000013A (mip.MTI <- 0b1, mip.STI <- 0b0)
mem[X,0x00000000800009C4] -> 0x1073
mem[X,0x00000000800009C6] -> 0x0031
[628] [M]: 0x00000000800009C4 (0x00311073) csrrw x0, fcsr, x2                       inst_69+8
CSR mstatus (0x300) <- 0x8000000A00006000
CSR fcsr (0x003) <- 0x0000000000000080

mem[X,0x00000000800009C8] -> 0xFFD3
mem[X,0x00000000800009CA] -> 0xC03F
[629] [M]: 0x00000000800009C8 (0xC03FFFD3) fcvt.lu.s x31, f31, dyn                  inst_69+12
CSR mstatus (0x300) <- 0x8000000A00006000
CSR fflags (0x001) <- 0x0000000000000001
CSR fcsr (0x003) <- 0x0000000000000081
x31 <- 0x0000000000000000

clint mtime 0x000000000000013B (mip.MTI <- 0b1, mip.STI <- 0b0)
mem[X,0x00000000800009CC] -> 0x2273
mem[X,0x00000000800009CE] -> 0x0030
[630] [M]: 0x00000000800009CC (0x00302273) csrrs x4, fcsr, x0                       inst_69+16
CSR fcsr (0x003) -> 0x0000000000000081
x4 <- 0x0000000000000081

mem[X,0x00000000800009D0] -> 0xB823
mem[X,0x00000000800009D2] -> 0x29F0
[631] [M]: 0x00000000800009D0 (0x29F0B823) sd x31, 0x290(x1)                        inst_69+20
mem[W,0x0000000080003568] <- 0x0000000000000000

clint mtime 0x000000000000013C (mip.MTI <- 0b1, mip.STI <- 0b0)
mem[X,0x00000000800009D4] -> 0xBC23
mem[X,0x00000000800009D6] -> 0x2840
[632] [M]: 0x00000000800009D4 (0x2840BC23) sd x4, 0x298(x1)                         inst_69+24
mem[W,0x0000000080003570] <- 0x0000000000000081

mem[X,0x00000000800009D8] -> 0xAF87
mem[X,0x00000000800009DA] -> 0x0B41
[633] [M]: 0x00000000800009D8 (0x0B41AF87) flw f31, 0xb4(x3)                        inst_70+0
mem[R,0x0000000080002128] -> 0xBE4923BE
f31 <- 0xFFFFFFFFBE4923BE
CSR mstatus (0x300) <- 0x8000000A00006000

clint mtime 0x000000000000013D (mip.MTI <- 0b1, mip.STI <- 0b0)
mem[X,0x00000000800009DC] -> 0x0113
mem[X,0x00000000800009DE] -> 0x0000
[634] [M]: 0x00000000800009DC (0x00000113) addi x2, x0, 0x0                         inst_70+4
x2 <- 0x0000000000000000

mem[X,0x00000000800009E0] -> 0x1073
mem[X,0x00000000800009E2] -> 0x0031
[635] [M]: 0x00000000800009E0 (0x00311073) csrrw x0, fcsr, x2                       inst_70+8
CSR mstatus (0x300) <- 0x8000000A00006000
CSR fcsr (0x003) <- 0x0000000000000000

clint mtime 0x000000000000013E (mip.MTI <- 0b1, mip.STI <- 0b0)
mem[X,0x00000000800009E4] -> 0xFFD3
mem[X,0x00000000800009E6] -> 0xC03F
[636] [M]: 0x00000000800009E4 (0xC03FFFD3) fcvt.lu.s x31, f31, dyn                  inst_70+12
CSR mstatus (0x300) <- 0x8000000A00006000
CSR fflags (0x001) <- 0x0000000000000001
CSR fcsr (0x003) <- 0x0000000000000001
x31 <- 0x0000000000000000

mem[X,0x00000000800009E8] -> 0x2273
mem[X,0x00000000800009EA] -> 0x0030
[637] [M]: 0x00000000800009E8 (0x00302273) csrrs x4, fcsr, x0                       inst_70+16
CSR fcsr (0x003) -> 0x0000000000000001
x4 <- 0x0000000000000001

clint mtime 0x000000000000013F (mip.MTI <- 0b1, mip.STI <- 0b0)
mem[X,0x00000000800009EC] -> 0xB023
mem[X,0x00000000800009EE] -> 0x2BF0
[638] [M]: 0x00000000800009EC (0x2BF0B023) sd x31, 0x2a0(x1)                        inst_70+20
mem[W,0x0000000080003578] <- 0x0000000000000000

mem[X,0x00000000800009F0] -> 0xB423
mem[X,0x00000000800009F2] -> 0x2A40
[639] [M]: 0x00000000800009F0 (0x2A40B423) sd x4, 0x2a8(x1)                         inst_70+24
mem[W,0x0000000080003580] <- 0x0000000000000001

clint mtime 0x0000000000000140 (mip.MTI <- 0b1, mip.STI <- 0b0)
mem[X,0x00000000800009F4] -> 0xAF87
mem[X,0x00000000800009F6] -> 0x0B81
[640] [M]: 0x00000000800009F4 (0x0B81AF87) flw f31, 0xb8(x3)                        inst_71+0
mem[R,0x000000008000212C] -> 0xBE4923BE
f31 <- 0xFFFFFFFFBE4923BE
CSR mstatus (0x300) <- 0x8000000A00006000

mem[X,0x00000000800009F8] -> 0x0113
mem[X,0x00000000800009FA] -> 0x0200
[641] [M]: 0x00000000800009F8 (0x02000113) addi x2, x0, 0x20                        inst_71+4
x2 <- 0x0000000000000020

clint mtime 0x0000000000000141 (mip.MTI <- 0b1, mip.STI <- 0b0)
mem[X,0x00000000800009FC] -> 0x1073
mem[X,0x00000000800009FE] -> 0x0031
[642] [M]: 0x00000000800009FC (0x00311073) csrrw x0, fcsr, x2                       inst_71+8
CSR mstatus (0x300) <- 0x8000000A00006000
CSR fcsr (0x003) <- 0x0000000000000020

mem[X,0x0000000080000A00] -> 0xFFD3
mem[X,0x0000000080000A02] -> 0xC03F
[643] [M]: 0x0000000080000A00 (0xC03FFFD3) fcvt.lu.s x31, f31, dyn                  inst_71+12
CSR mstatus (0x300) <- 0x8000000A00006000
CSR fflags (0x001) <- 0x0000000000000001
CSR fcsr (0x003) <- 0x0000000000000021
x31 <- 0x0000000000000000

clint mtime 0x0000000000000142 (mip.MTI <- 0b1, mip.STI <- 0b0)
mem[X,0x0000000080000A04] -> 0x2273
mem[X,0x0000000080000A06] -> 0x0030
[644] [M]: 0x0000000080000A04 (0x00302273) csrrs x4, fcsr, x0                       inst_71+16
CSR fcsr (0x003) -> 0x0000000000000021
x4 <- 0x0000000000000021

mem[X,0x0000000080000A08] -> 0xB823
mem[X,0x0000000080000A0A] -> 0x2BF0
[645] [M]: 0x0000000080000A08 (0x2BF0B823) sd x31, 0x2b0(x1)                        inst_71+20
mem[W,0x0000000080003588] <- 0x0000000000000000

clint mtime 0x0000000000000143 (mip.MTI <- 0b1, mip.STI <- 0b0)
mem[X,0x0000000080000A0C] -> 0xBC23
mem[X,0x0000000080000A0E] -> 0x2A40
[646] [M]: 0x0000000080000A0C (0x2A40BC23) sd x4, 0x2b8(x1)                         inst_71+24
mem[W,0x0000000080003590] <- 0x0000000000000021

mem[X,0x0000000080000A10] -> 0xAF87
mem[X,0x0000000080000A12] -> 0x0BC1
[647] [M]: 0x0000000080000A10 (0x0BC1AF87) flw f31, 0xbc(x3)                        inst_72+0
mem[R,0x0000000080002130] -> 0xBE4923BE
f31 <- 0xFFFFFFFFBE4923BE
CSR mstatus (0x300) <- 0x8000000A00006000

clint mtime 0x0000000000000144 (mip.MTI <- 0b1, mip.STI <- 0b0)
mem[X,0x0000000080000A14] -> 0x0113
mem[X,0x0000000080000A16] -> 0x0400
[648] [M]: 0x0000000080000A14 (0x04000113) addi x2, x0, 0x40                        inst_72+4
x2 <- 0x0000000000000040

mem[X,0x0000000080000A18] -> 0x1073
mem[X,0x0000000080000A1A] -> 0x0031
[649] [M]: 0x0000000080000A18 (0x00311073) csrrw x0, fcsr, x2                       inst_72+8
CSR mstatus (0x300) <- 0x8000000A00006000
CSR fcsr (0x003) <- 0x0000000000000040

clint mtime 0x0000000000000145 (mip.MTI <- 0b1, mip.STI <- 0b0)
mem[X,0x0000000080000A1C] -> 0xFFD3
mem[X,0x0000000080000A1E] -> 0xC03F
[650] [M]: 0x0000000080000A1C (0xC03FFFD3) fcvt.lu.s x31, f31, dyn                  inst_72+12
CSR mstatus (0x300) <- 0x8000000A00006000
CSR fflags (0x001) <- 0x0000000000000010
CSR fcsr (0x003) <- 0x0000000000000050
x31 <- 0x0000000000000000

mem[X,0x0000000080000A20] -> 0x2273
mem[X,0x0000000080000A22] -> 0x0030
[651] [M]: 0x0000000080000A20 (0x00302273) csrrs x4, fcsr, x0                       inst_72+16
CSR fcsr (0x003) -> 0x0000000000000050
x4 <- 0x0000000000000050

clint mtime 0x0000000000000146 (mip.MTI <- 0b1, mip.STI <- 0b0)
mem[X,0x0000000080000A24] -> 0xB023
mem[X,0x0000000080000A26] -> 0x2DF0
[652] [M]: 0x0000000080000A24 (0x2DF0B023) sd x31, 0x2c0(x1)                        inst_72+20
mem[W,0x0000000080003598] <- 0x0000000000000000

mem[X,0x0000000080000A28] -> 0xB423
mem[X,0x0000000080000A2A] -> 0x2C40
[653] [M]: 0x0000000080000A28 (0x2C40B423) sd x4, 0x2c8(x1)                         inst_72+24
mem[W,0x00000000800035A0] <- 0x0000000000000050

clint mtime 0x0000000000000147 (mip.MTI <- 0b1, mip.STI <- 0b0)
mem[X,0x0000000080000A2C] -> 0xAF87
mem[X,0x0000000080000A2E] -> 0x0C01
[654] [M]: 0x0000000080000A2C (0x0C01AF87) flw f31, 0xc0(x3)                        inst_73+0
mem[R,0x0000000080002134] -> 0xBE4923BE
f31 <- 0xFFFFFFFFBE4923BE
CSR mstatus (0x300) <- 0x8000000A00006000

mem[X,0x0000000080000A30] -> 0x0113
mem[X,0x0000000080000A32] -> 0x0600
[655] [M]: 0x0000000080000A30 (0x06000113) addi x2, x0, 0x60                        inst_73+4
x2 <- 0x0000000000000060

clint mtime 0x0000000000000148 (mip.MTI <- 0b1, mip.STI <- 0b0)
mem[X,0x0000000080000A34] -> 0x1073
mem[X,0x0000000080000A36] -> 0x0031
[656] [M]: 0x0000000080000A34 (0x00311073) csrrw x0, fcsr, x2                       inst_73+8
CSR mstatus (0x300) <- 0x8000000A00006000
CSR fcsr (0x003) <- 0x0000000000000060

mem[X,0x0000000080000A38] -> 0xFFD3
mem[X,0x0000000080000A3A] -> 0xC03F
[657] [M]: 0x0000000080000A38 (0xC03FFFD3) fcvt.lu.s x31, f31, dyn                  inst_73+12
CSR mstatus (0x300) <- 0x8000000A00006000
CSR fflags (0x001) <- 0x0000000000000001
CSR fcsr (0x003) <- 0x0000000000000061
x31 <- 0x0000000000000000

clint mtime 0x0000000000000149 (mip.MTI <- 0b1, mip.STI <- 0b0)
mem[X,0x0000000080000A3C] -> 0x2273
mem[X,0x0000000080000A3E] -> 0x0030
[658] [M]: 0x0000000080000A3C (0x00302273) csrrs x4, fcsr, x0                       inst_73+16
CSR fcsr (0x003) -> 0x0000000000000061
x4 <- 0x0000000000000061

mem[X,0x0000000080000A40] -> 0xB823
mem[X,0x0000000080000A42] -> 0x2DF0
[659] [M]: 0x0000000080000A40 (0x2DF0B823) sd x31, 0x2d0(x1)                        inst_73+20
mem[W,0x00000000800035A8] <- 0x0000000000000000

clint mtime 0x000000000000014A (mip.MTI <- 0b1, mip.STI <- 0b0)
mem[X,0x0000000080000A44] -> 0xBC23
mem[X,0x0000000080000A46] -> 0x2C40
[660] [M]: 0x0000000080000A44 (0x2C40BC23) sd x4, 0x2d8(x1)                         inst_73+24
mem[W,0x00000000800035B0] <- 0x0000000000000061

mem[X,0x0000000080000A48] -> 0xAF87
mem[X,0x0000000080000A4A] -> 0x0C41
[661] [M]: 0x0000000080000A48 (0x0C41AF87) flw f31, 0xc4(x3)                        inst_74+0
mem[R,0x0000000080002138] -> 0xBE4923BE
f31 <- 0xFFFFFFFFBE4923BE
CSR mstatus (0x300) <- 0x8000000A00006000

clint mtime 0x000000000000014B (mip.MTI <- 0b1, mip.STI <- 0b0)
mem[X,0x0000000080000A4C] -> 0x0113
mem[X,0x0000000080000A4E] -> 0x0800
[662] [M]: 0x0000000080000A4C (0x08000113) addi x2, x0, 0x80                        inst_74+4
x2 <- 0x0000000000000080

mem[X,0x0000000080000A50] -> 0x1073
mem[X,0x0000000080000A52] -> 0x0031
[663] [M]: 0x0000000080000A50 (0x00311073) csrrw x0, fcsr, x2                       inst_74+8
CSR mstatus (0x300) <- 0x8000000A00006000
CSR fcsr (0x003) <- 0x0000000000000080

clint mtime 0x000000000000014C (mip.MTI <- 0b1, mip.STI <- 0b0)
mem[X,0x0000000080000A54] -> 0xFFD3
mem[X,0x0000000080000A56] -> 0xC03F
[664] [M]: 0x0000000080000A54 (0xC03FFFD3) fcvt.lu.s x31, f31, dyn                  inst_74+12
CSR mstatus (0x300) <- 0x8000000A00006000
CSR fflags (0x001) <- 0x0000000000000001
CSR fcsr (0x003) <- 0x0000000000000081
x31 <- 0x0000000000000000

mem[X,0x0000000080000A58] -> 0x2273
mem[X,0x0000000080000A5A] -> 0x0030
[665] [M]: 0x0000000080000A58 (0x00302273) csrrs x4, fcsr, x0                       inst_74+16
CSR fcsr (0x003) -> 0x0000000000000081
x4 <- 0x0000000000000081

clint mtime 0x000000000000014D (mip.MTI <- 0b1, mip.STI <- 0b0)
mem[X,0x0000000080000A5C] -> 0xB023
mem[X,0x0000000080000A5E] -> 0x2FF0
[666] [M]: 0x0000000080000A5C (0x2FF0B023) sd x31, 0x2e0(x1)                        inst_74+20
mem[W,0x00000000800035B8] <- 0x0000000000000000

mem[X,0x0000000080000A60] -> 0xB423
mem[X,0x0000000080000A62] -> 0x2E40
[667] [M]: 0x0000000080000A60 (0x2E40B423) sd x4, 0x2e8(x1)                         inst_74+24
mem[W,0x00000000800035C0] <- 0x0000000000000081

clint mtime 0x000000000000014E (mip.MTI <- 0b1, mip.STI <- 0b0)
mem[X,0x0000000080000A64] -> 0xAF87
mem[X,0x0000000080000A66] -> 0x0C81
[668] [M]: 0x0000000080000A64 (0x0C81AF87) flw f31, 0xc8(x3)                        inst_75+0
mem[R,0x000000008000213C] -> 0xBE4923BF
f31 <- 0xFFFFFFFFBE4923BF
CSR mstatus (0x300) <- 0x8000000A00006000

mem[X,0x0000000080000A68] -> 0x0113
mem[X,0x0000000080000A6A] -> 0x0000
[669] [M]: 0x0000000080000A68 (0x00000113) addi x2, x0, 0x0                         inst_75+4
x2 <- 0x0000000000000000

clint mtime 0x000000000000014F (mip.MTI <- 0b1, mip.STI <- 0b0)
mem[X,0x0000000080000A6C] -> 0x1073
mem[X,0x0000000080000A6E] -> 0x0031
[670] [M]: 0x0000000080000A6C (0x00311073) csrrw x0, fcsr, x2                       inst_75+8
CSR mstatus (0x300) <- 0x8000000A00006000
CSR fcsr (0x003) <- 0x0000000000000000

mem[X,0x0000000080000A70] -> 0xFFD3
mem[X,0x0000000080000A72] -> 0xC03F
[671] [M]: 0x0000000080000A70 (0xC03FFFD3) fcvt.lu.s x31, f31, dyn                  inst_75+12
CSR mstatus (0x300) <- 0x8000000A00006000
CSR fflags (0x001) <- 0x0000000000000001
CSR fcsr (0x003) <- 0x0000000000000001
x31 <- 0x0000000000000000

clint mtime 0x0000000000000150 (mip.MTI <- 0b1, mip.STI <- 0b0)
mem[X,0x0000000080000A74] -> 0x2273
mem[X,0x0000000080000A76] -> 0x0030
[672] [M]: 0x0000000080000A74 (0x00302273) csrrs x4, fcsr, x0                       inst_75+16
CSR fcsr (0x003) -> 0x0000000000000001
x4 <- 0x0000000000000001

mem[X,0x0000000080000A78] -> 0xB823
mem[X,0x0000000080000A7A] -> 0x2FF0
[673] [M]: 0x0000000080000A78 (0x2FF0B823) sd x31, 0x2f0(x1)                        inst_75+20
mem[W,0x00000000800035C8] <- 0x0000000000000000

clint mtime 0x0000000000000151 (mip.MTI <- 0b1, mip.STI <- 0b0)
mem[X,0x0000000080000A7C] -> 0xBC23
mem[X,0x0000000080000A7E] -> 0x2E40
[674] [M]: 0x0000000080000A7C (0x2E40BC23) sd x4, 0x2f8(x1)                         inst_75+24
mem[W,0x00000000800035D0] <- 0x0000000000000001

mem[X,0x0000000080000A80] -> 0xAF87
mem[X,0x0000000080000A82] -> 0x0CC1
[675] [M]: 0x0000000080000A80 (0x0CC1AF87) flw f31, 0xcc(x3)                        inst_76+0
mem[R,0x0000000080002140] -> 0xBE4923BF
f31 <- 0xFFFFFFFFBE4923BF
CSR mstatus (0x300) <- 0x8000000A00006000

clint mtime 0x0000000000000152 (mip.MTI <- 0b1, mip.STI <- 0b0)
mem[X,0x0000000080000A84] -> 0x0113
mem[X,0x0000000080000A86] -> 0x0200
[676] [M]: 0x0000000080000A84 (0x02000113) addi x2, x0, 0x20                        inst_76+4
x2 <- 0x0000000000000020

mem[X,0x0000000080000A88] -> 0x1073
mem[X,0x0000000080000A8A] -> 0x0031
[677] [M]: 0x0000000080000A88 (0x00311073) csrrw x0, fcsr, x2                       inst_76+8
CSR mstatus (0x300) <- 0x8000000A00006000
CSR fcsr (0x003) <- 0x0000000000000020

clint mtime 0x0000000000000153 (mip.MTI <- 0b1, mip.STI <- 0b0)
mem[X,0x0000000080000A8C] -> 0xFFD3
mem[X,0x0000000080000A8E] -> 0xC03F
[678] [M]: 0x0000000080000A8C (0xC03FFFD3) fcvt.lu.s x31, f31, dyn                  inst_76+12
CSR mstatus (0x300) <- 0x8000000A00006000
CSR fflags (0x001) <- 0x0000000000000001
CSR fcsr (0x003) <- 0x0000000000000021
x31 <- 0x0000000000000000

mem[X,0x0000000080000A90] -> 0x2273
mem[X,0x0000000080000A92] -> 0x0030
[679] [M]: 0x0000000080000A90 (0x00302273) csrrs x4, fcsr, x0                       inst_76+16
CSR fcsr (0x003) -> 0x0000000000000021
x4 <- 0x0000000000000021

clint mtime 0x0000000000000154 (mip.MTI <- 0b1, mip.STI <- 0b0)
mem[X,0x0000000080000A94] -> 0xB023
mem[X,0x0000000080000A96] -> 0x31F0
[680] [M]: 0x0000000080000A94 (0x31F0B023) sd x31, 0x300(x1)                        inst_76+20
mem[W,0x00000000800035D8] <- 0x0000000000000000

mem[X,0x0000000080000A98] -> 0xB423
mem[X,0x0000000080000A9A] -> 0x3040
[681] [M]: 0x0000000080000A98 (0x3040B423) sd x4, 0x308(x1)                         inst_76+24
mem[W,0x00000000800035E0] <- 0x0000000000000021

clint mtime 0x0000000000000155 (mip.MTI <- 0b1, mip.STI <- 0b0)
mem[X,0x0000000080000A9C] -> 0xAF87
mem[X,0x0000000080000A9E] -> 0x0D01
[682] [M]: 0x0000000080000A9C (0x0D01AF87) flw f31, 0xd0(x3)                        inst_77+0
mem[R,0x0000000080002144] -> 0xBE4923BF
f31 <- 0xFFFFFFFFBE4923BF
CSR mstatus (0x300) <- 0x8000000A00006000

mem[X,0x0000000080000AA0] -> 0x0113
mem[X,0x0000000080000AA2] -> 0x0400
[683] [M]: 0x0000000080000AA0 (0x04000113) addi x2, x0, 0x40                        inst_77+4
x2 <- 0x0000000000000040

clint mtime 0x0000000000000156 (mip.MTI <- 0b1, mip.STI <- 0b0)
mem[X,0x0000000080000AA4] -> 0x1073
mem[X,0x0000000080000AA6] -> 0x0031
[684] [M]: 0x0000000080000AA4 (0x00311073) csrrw x0, fcsr, x2                       inst_77+8
CSR mstatus (0x300) <- 0x8000000A00006000
CSR fcsr (0x003) <- 0x0000000000000040

mem[X,0x0000000080000AA8] -> 0xFFD3
mem[X,0x0000000080000AAA] -> 0xC03F
[685] [M]: 0x0000000080000AA8 (0xC03FFFD3) fcvt.lu.s x31, f31, dyn                  inst_77+12
CSR mstatus (0x300) <- 0x8000000A00006000
CSR fflags (0x001) <- 0x0000000000000010
CSR fcsr (0x003) <- 0x0000000000000050
x31 <- 0x0000000000000000

clint mtime 0x0000000000000157 (mip.MTI <- 0b1, mip.STI <- 0b0)
mem[X,0x0000000080000AAC] -> 0x2273
mem[X,0x0000000080000AAE] -> 0x0030
[686] [M]: 0x0000000080000AAC (0x00302273) csrrs x4, fcsr, x0                       inst_77+16
CSR fcsr (0x003) -> 0x0000000000000050
x4 <- 0x0000000000000050

mem[X,0x0000000080000AB0] -> 0xB823
mem[X,0x0000000080000AB2] -> 0x31F0
[687] [M]: 0x0000000080000AB0 (0x31F0B823) sd x31, 0x310(x1)                        inst_77+20
mem[W,0x00000000800035E8] <- 0x0000000000000000

clint mtime 0x0000000000000158 (mip.MTI <- 0b1, mip.STI <- 0b0)
mem[X,0x0000000080000AB4] -> 0xBC23
mem[X,0x0000000080000AB6] -> 0x3040
[688] [M]: 0x0000000080000AB4 (0x3040BC23) sd x4, 0x318(x1)                         inst_77+24
mem[W,0x00000000800035F0] <- 0x0000000000000050

mem[X,0x0000000080000AB8] -> 0xAF87
mem[X,0x0000000080000ABA] -> 0x0D41
[689] [M]: 0x0000000080000AB8 (0x0D41AF87) flw f31, 0xd4(x3)                        inst_78+0
mem[R,0x0000000080002148] -> 0xBE4923BF
f31 <- 0xFFFFFFFFBE4923BF
CSR mstatus (0x300) <- 0x8000000A00006000

clint mtime 0x0000000000000159 (mip.MTI <- 0b1, mip.STI <- 0b0)
mem[X,0x0000000080000ABC] -> 0x0113
mem[X,0x0000000080000ABE] -> 0x0600
[690] [M]: 0x0000000080000ABC (0x06000113) addi x2, x0, 0x60                        inst_78+4
x2 <- 0x0000000000000060

mem[X,0x0000000080000AC0] -> 0x1073
mem[X,0x0000000080000AC2] -> 0x0031
[691] [M]: 0x0000000080000AC0 (0x00311073) csrrw x0, fcsr, x2                       inst_78+8
CSR mstatus (0x300) <- 0x8000000A00006000
CSR fcsr (0x003) <- 0x0000000000000060

clint mtime 0x000000000000015A (mip.MTI <- 0b1, mip.STI <- 0b0)
mem[X,0x0000000080000AC4] -> 0xFFD3
mem[X,0x0000000080000AC6] -> 0xC03F
[692] [M]: 0x0000000080000AC4 (0xC03FFFD3) fcvt.lu.s x31, f31, dyn                  inst_78+12
CSR mstatus (0x300) <- 0x8000000A00006000
CSR fflags (0x001) <- 0x0000000000000001
CSR fcsr (0x003) <- 0x0000000000000061
x31 <- 0x0000000000000000

mem[X,0x0000000080000AC8] -> 0x2273
mem[X,0x0000000080000ACA] -> 0x0030
[693] [M]: 0x0000000080000AC8 (0x00302273) csrrs x4, fcsr, x0                       inst_78+16
CSR fcsr (0x003) -> 0x0000000000000061
x4 <- 0x0000000000000061

clint mtime 0x000000000000015B (mip.MTI <- 0b1, mip.STI <- 0b0)
mem[X,0x0000000080000ACC] -> 0xB023
mem[X,0x0000000080000ACE] -> 0x33F0
[694] [M]: 0x0000000080000ACC (0x33F0B023) sd x31, 0x320(x1)                        inst_78+20
mem[W,0x00000000800035F8] <- 0x0000000000000000

mem[X,0x0000000080000AD0] -> 0xB423
mem[X,0x0000000080000AD2] -> 0x3240
[695] [M]: 0x0000000080000AD0 (0x3240B423) sd x4, 0x328(x1)                         inst_78+24
mem[W,0x0000000080003600] <- 0x0000000000000061

clint mtime 0x000000000000015C (mip.MTI <- 0b1, mip.STI <- 0b0)
mem[X,0x0000000080000AD4] -> 0xAF87
mem[X,0x0000000080000AD6] -> 0x0D81
[696] [M]: 0x0000000080000AD4 (0x0D81AF87) flw f31, 0xd8(x3)                        inst_79+0
mem[R,0x000000008000214C] -> 0xBE4923BF
f31 <- 0xFFFFFFFFBE4923BF
CSR mstatus (0x300) <- 0x8000000A00006000

mem[X,0x0000000080000AD8] -> 0x0113
mem[X,0x0000000080000ADA] -> 0x0800
[697] [M]: 0x0000000080000AD8 (0x08000113) addi x2, x0, 0x80                        inst_79+4
x2 <- 0x0000000000000080

clint mtime 0x000000000000015D (mip.MTI <- 0b1, mip.STI <- 0b0)
mem[X,0x0000000080000ADC] -> 0x1073
mem[X,0x0000000080000ADE] -> 0x0031
[698] [M]: 0x0000000080000ADC (0x00311073) csrrw x0, fcsr, x2                       inst_79+8
CSR mstatus (0x300) <- 0x8000000A00006000
CSR fcsr (0x003) <- 0x0000000000000080

mem[X,0x0000000080000AE0] -> 0xFFD3
mem[X,0x0000000080000AE2] -> 0xC03F
[699] [M]: 0x0000000080000AE0 (0xC03FFFD3) fcvt.lu.s x31, f31, dyn                  inst_79+12
CSR mstatus (0x300) <- 0x8000000A00006000
CSR fflags (0x001) <- 0x0000000000000001
CSR fcsr (0x003) <- 0x0000000000000081
x31 <- 0x0000000000000000

clint mtime 0x000000000000015E (mip.MTI <- 0b1, mip.STI <- 0b0)
mem[X,0x0000000080000AE4] -> 0x2273
mem[X,0x0000000080000AE6] -> 0x0030
[700] [M]: 0x0000000080000AE4 (0x00302273) csrrs x4, fcsr, x0                       inst_79+16
CSR fcsr (0x003) -> 0x0000000000000081
x4 <- 0x0000000000000081

mem[X,0x0000000080000AE8] -> 0xB823
mem[X,0x0000000080000AEA] -> 0x33F0
[701] [M]: 0x0000000080000AE8 (0x33F0B823) sd x31, 0x330(x1)                        inst_79+20
mem[W,0x0000000080003608] <- 0x0000000000000000

clint mtime 0x000000000000015F (mip.MTI <- 0b1, mip.STI <- 0b0)
mem[X,0x0000000080000AEC] -> 0xBC23
mem[X,0x0000000080000AEE] -> 0x3240
[702] [M]: 0x0000000080000AEC (0x3240BC23) sd x4, 0x338(x1)                         inst_79+24
mem[W,0x0000000080003610] <- 0x0000000000000081

mem[X,0x0000000080000AF0] -> 0xAF87
mem[X,0x0000000080000AF2] -> 0x0DC1
[703] [M]: 0x0000000080000AF0 (0x0DC1AF87) flw f31, 0xdc(x3)                        inst_80+0
mem[R,0x0000000080002150] -> 0x3E4923BA
f31 <- 0xFFFFFFFF3E4923BA
CSR mstatus (0x300) <- 0x8000000A00006000

clint mtime 0x0000000000000160 (mip.MTI <- 0b1, mip.STI <- 0b0)
mem[X,0x0000000080000AF4] -> 0x0113
mem[X,0x0000000080000AF6] -> 0x0600
[704] [M]: 0x0000000080000AF4 (0x06000113) addi x2, x0, 0x60                        inst_80+4
x2 <- 0x0000000000000060

mem[X,0x0000000080000AF8] -> 0x1073
mem[X,0x0000000080000AFA] -> 0x0031
[705] [M]: 0x0000000080000AF8 (0x00311073) csrrw x0, fcsr, x2                       inst_80+8
CSR mstatus (0x300) <- 0x8000000A00006000
CSR fcsr (0x003) <- 0x0000000000000060

clint mtime 0x0000000000000161 (mip.MTI <- 0b1, mip.STI <- 0b0)
mem[X,0x0000000080000AFC] -> 0xFFD3
mem[X,0x0000000080000AFE] -> 0xC03F
[706] [M]: 0x0000000080000AFC (0xC03FFFD3) fcvt.lu.s x31, f31, dyn                  inst_80+12
CSR mstatus (0x300) <- 0x8000000A00006000
CSR fflags (0x001) <- 0x0000000000000001
CSR fcsr (0x003) <- 0x0000000000000061
x31 <- 0x0000000000000001

mem[X,0x0000000080000B00] -> 0x2273
mem[X,0x0000000080000B02] -> 0x0030
[707] [M]: 0x0000000080000B00 (0x00302273) csrrs x4, fcsr, x0                       inst_80+16
CSR fcsr (0x003) -> 0x0000000000000061
x4 <- 0x0000000000000061

clint mtime 0x0000000000000162 (mip.MTI <- 0b1, mip.STI <- 0b0)
mem[X,0x0000000080000B04] -> 0xB023
mem[X,0x0000000080000B06] -> 0x35F0
[708] [M]: 0x0000000080000B04 (0x35F0B023) sd x31, 0x340(x1)                        inst_80+20
mem[W,0x0000000080003618] <- 0x0000000000000001

mem[X,0x0000000080000B08] -> 0xB423
mem[X,0x0000000080000B0A] -> 0x3440
[709] [M]: 0x0000000080000B08 (0x3440B423) sd x4, 0x348(x1)                         inst_80+24
mem[W,0x0000000080003620] <- 0x0000000000000061

clint mtime 0x0000000000000163 (mip.MTI <- 0b1, mip.STI <- 0b0)
mem[X,0x0000000080000B0C] -> 0x006F
mem[X,0x0000000080000B0E] -> 0x0380
[710] [M]: 0x0000000080000B0C (0x0380006F) jal x0, 0x38                             rvtest_code_end+0

mem[X,0x0000000080000B44] -> 0x0093
mem[X,0x0000000080000B46] -> 0x0010
[711] [M]: 0x0000000080000B44 (0x00100093) addi x1, x0, 0x1                         exit_cleanup+0
x1 <- 0x0000000000000001

clint mtime 0x0000000000000164 (mip.MTI <- 0b1, mip.STI <- 0b0)
mem[X,0x0000000080000B48] -> 0x0397
mem[X,0x0000000080000B4A] -> 0x0000
[712] [M]: 0x0000000080000B48 (0x00000397) auipc x7, 0x0                            exit_cleanup+4
x7 <- 0x0000000080000B48

mem[X,0x0000000080000B4C] -> 0xAC23
mem[X,0x0000000080000B4E] -> 0x4A13
[713] [M]: 0x0000000080000B4C (0x4A13AC23) sw x1, 0x4b8(x7)                         exit_cleanup+8
htif[0x0000000080001000] <- 0x00000001
mem[W,0x0000000080001000] <- 0x00000001

clint mtime 0x0000000000000165 (mip.MTI <- 0b1, mip.STI <- 0b0)
mem[X,0x0000000080000B50] -> 0xF06F
mem[X,0x0000000080000B52] -> 0xFF9F
[714] [M]: 0x0000000080000B50 (0xFF9FF06F) jal x0, -0x8                             exit_cleanup+12

mem[X,0x0000000080000B48] -> 0x0397
mem[X,0x0000000080000B4A] -> 0x0000
[715] [M]: 0x0000000080000B48 (0x00000397) auipc x7, 0x0                            exit_cleanup+4
x7 <- 0x0000000080000B48

clint mtime 0x0000000000000166 (mip.MTI <- 0b1, mip.STI <- 0b0)
mem[X,0x0000000080000B4C] -> 0xAC23
mem[X,0x0000000080000B4E] -> 0x4A13
[716] [M]: 0x0000000080000B4C (0x4A13AC23) sw x1, 0x4b8(x7)                         exit_cleanup+8
htif[0x0000000080001000] <- 0x00000001
mem[W,0x0000000080001000] <- 0x00000001

mem[X,0x0000000080000B50] -> 0xF06F
mem[X,0x0000000080000B52] -> 0xFF9F
[717] [M]: 0x0000000080000B50 (0xFF9FF06F) jal x0, -0x8                             exit_cleanup+12

clint mtime 0x0000000000000167 (mip.MTI <- 0b1, mip.STI <- 0b0)
mem[X,0x0000000080000B48] -> 0x0397
mem[X,0x0000000080000B4A] -> 0x0000
[718] [M]: 0x0000000080000B48 (0x00000397) auipc x7, 0x0                            exit_cleanup+4
x7 <- 0x0000000080000B48

mem[X,0x0000000080000B4C] -> 0xAC23
mem[X,0x0000000080000B4E] -> 0x4A13
[719] [M]: 0x0000000080000B4C (0x4A13AC23) sw x1, 0x4b8(x7)                         exit_cleanup+8
htif[0x0000000080001000] <- 0x00000001
htif-syscall-proxy cmd: 0x000000000001
mem[W,0x0000000080001000] <- 0x00000001

SUCCESS
clint mtime 0x0000000000000168 (mip.MTI <- 0b1, mip.STI <- 0b0)
