using /opt/riscv-arch-test/riscof-plugins/rv64/riscof_work/vm_sv48/src/sv48_VA_all_ones_S_mode.S/ref/Reference-sail_c_simulator.signature for test-signature output.
setting signature-granularity to 8 bytes
HTIF located at 0x80002000
begin_signature: 0x8000a110
end_signature: 0x8000a520
Entry point: 0x80000000
CSR mstatus (0x300) <- 0x0000000A00000000
CSR misa (0x301) <- 0x800000000034112F
CSR mcause (0x342) <- 0x0000000000000000
x10 <- 0x0000000000000000
x11 <- 0x0000000000001000
mem[X,0x0000000080000000] -> 0x3317
mem[X,0x0000000080000002] -> 0x0000
[0] [M]: 0x0000000080000000 (0x00003317) auipc x6, 0x3                              rvtest_init+0
x6 <- 0x0000000080003000

mem[X,0x0000000080000004] -> 0x0313
mem[X,0x0000000080000006] -> 0x0003
[1] [M]: 0x0000000080000004 (0x00030313) addi x6, x6, 0x0                           rvtest_init+4
x6 <- 0x0000000080003000

clint mtime 0x0000000000000001 (mip.MTI <- 0b1, mip.STI <- 0b0)
mem[X,0x0000000080000008] -> 0x0013
mem[X,0x000000008000000A] -> 0x0000
[2] [M]: 0x0000000080000008 (0x00000013) addi x0, x0, 0x0                           rvtest_init+8

mem[X,0x000000008000000C] -> 0x0013
mem[X,0x000000008000000E] -> 0x0000
[3] [M]: 0x000000008000000C (0x00000013) addi x0, x0, 0x0                           rvtest_init+12

clint mtime 0x0000000000000002 (mip.MTI <- 0b1, mip.STI <- 0b0)
mem[X,0x0000000080000010] -> 0x0013
mem[X,0x0000000080000012] -> 0x0000
[4] [M]: 0x0000000080000010 (0x00000013) addi x0, x0, 0x0                           rvtest_init+16

mem[X,0x0000000080000014] -> 0x0013
mem[X,0x0000000080000016] -> 0x0000
[5] [M]: 0x0000000080000014 (0x00000013) addi x0, x0, 0x0                           rvtest_init+20

clint mtime 0x0000000000000003 (mip.MTI <- 0b1, mip.STI <- 0b0)
mem[X,0x0000000080000018] -> 0x0013
mem[X,0x000000008000001A] -> 0x0000
[6] [M]: 0x0000000080000018 (0x00000013) addi x0, x0, 0x0                           rvtest_init+24

mem[X,0x000000008000001C] -> 0x0013
mem[X,0x000000008000001E] -> 0x0000
[7] [M]: 0x000000008000001C (0x00000013) addi x0, x0, 0x0                           rvtest_init+28

clint mtime 0x0000000000000004 (mip.MTI <- 0b1, mip.STI <- 0b0)
mem[X,0x0000000080000020] -> 0x1473
mem[X,0x0000000080000022] -> 0x3403
[8] [M]: 0x0000000080000020 (0x34031473) csrrw x8, mscratch, x6                     init_Mscratch+0
CSR mscratch (0x340) <- 0x0000000080003000
x8 <- 0x0000000000000000

mem[X,0x0000000080000024] -> 0x3823
mem[X,0x0000000080000026] -> 0x2483
[9] [M]: 0x0000000080000024 (0x24833823) sd x8, 0x250(x6)                           init_Mscratch+4
mem[W,0x0000000080003250] <- 0x0000000000000000

clint mtime 0x0000000000000005 (mip.MTI <- 0b1, mip.STI <- 0b0)
mem[X,0x0000000080000028] -> 0x0393
mem[X,0x000000008000002A] -> 0x0000
[10] [M]: 0x0000000080000028 (0x00000393) addi x7, x0, 0x0                          init_Medeleg+0
x7 <- 0x0000000000000000

mem[X,0x000000008000002C] -> 0x93F3
mem[X,0x000000008000002E] -> 0x3023
[11] [M]: 0x000000008000002C (0x302393F3) csrrw x7, medeleg, x7                     init_Medeleg+4
CSR medeleg (0x302) <- 0x0000000000000000
x7 <- 0x0000000000000000

clint mtime 0x0000000000000006 (mip.MTI <- 0b1, mip.STI <- 0b0)
mem[X,0x0000000080000030] -> 0x3C23
mem[X,0x0000000080000032] -> 0x2273
[12] [M]: 0x0000000080000030 (0x22733C23) sd x7, 0x238(x6)                          init_Medeleg+8
mem[W,0x0000000080003238] <- 0x0000000000000000

mem[X,0x0000000080000034] -> 0x2473
mem[X,0x0000000080000036] -> 0x3050
[13] [M]: 0x0000000080000034 (0x30502473) csrrs x8, mtvec, x0                       init_Mtvec+0
CSR mtvec (0x305) -> 0x0000000000000000
x8 <- 0x0000000000000000

clint mtime 0x0000000000000007 (mip.MTI <- 0b1, mip.STI <- 0b0)
mem[X,0x0000000080000038] -> 0x3423
mem[X,0x000000008000003A] -> 0x2483
[14] [M]: 0x0000000080000038 (0x24833423) sd x8, 0x248(x6)                          init_Mtvec+4
mem[W,0x0000000080003248] <- 0x0000000000000000

mem[X,0x000000008000003C] -> 0x7393
mem[X,0x000000008000003E] -> 0x0034
[15] [M]: 0x000000008000003C (0x00347393) andi x7, x8, 0x3                          init_Mtvec+8
x7 <- 0x0000000000000000

clint mtime 0x0000000000000008 (mip.MTI <- 0b1, mip.STI <- 0b0)
mem[X,0x0000000080000040] -> 0x3483
mem[X,0x0000000080000042] -> 0x2303
[16] [M]: 0x0000000080000040 (0x23033483) ld x9, 0x230(x6)                          init_Mtvec+12
mem[R,0x0000000080003230] -> 0x0000000080000E54
x9 <- 0x0000000080000E54

mem[X,0x0000000080000044] -> 0x8493
mem[X,0x0000000080000046] -> 0xE2C4
[17] [M]: 0x0000000080000044 (0xE2C48493) addi x9, x9, -0x1d4                       init_Mtvec+16
x9 <- 0x0000000080000C80

clint mtime 0x0000000000000009 (mip.MTI <- 0b1, mip.STI <- 0b0)
mem[X,0x0000000080000048] -> 0xE3B3
mem[X,0x000000008000004A] -> 0x0074
[18] [M]: 0x0000000080000048 (0x0074E3B3) or x7, x9, x7                             init_Mtvec+20
x7 <- 0x0000000080000C80

mem[X,0x000000008000004C] -> 0x3023
mem[X,0x000000008000004E] -> 0x2473
[19] [M]: 0x000000008000004C (0x24733023) sd x7, 0x240(x6)                          init_Mtvec+24
mem[W,0x0000000080003240] <- 0x0000000080000C80

clint mtime 0x000000000000000A (mip.MTI <- 0b1, mip.STI <- 0b0)
mem[X,0x0000000080000050] -> 0x9073
mem[X,0x0000000080000052] -> 0x3053
[20] [M]: 0x0000000080000050 (0x30539073) csrrw x0, mtvec, x7                       init_Mtvec+28
CSR mtvec (0x305) <- 0x0000000080000C80

mem[X,0x0000000080000054] -> 0x2573
mem[X,0x0000000080000056] -> 0x3050
[21] [M]: 0x0000000080000054 (0x30502573) csrrs x10, mtvec, x0                      init_Mtvec+32
CSR mtvec (0x305) -> 0x0000000080000C80
x10 <- 0x0000000080000C80

clint mtime 0x000000000000000B (mip.MTI <- 0b1, mip.STI <- 0b0)
mem[X,0x0000000080000058] -> 0x0663
mem[X,0x000000008000005A] -> 0x0875
[22] [M]: 0x0000000080000058 (0x08750663) beq x10, x7, 0x8c                         init_Mtvec+36

mem[X,0x00000000800000E4] -> 0x0013
mem[X,0x00000000800000E6] -> 0x0000
[23] [M]: 0x00000000800000E4 (0x00000013) addi x0, x0, 0x0                          rvtest_Mprolog_done+0

clint mtime 0x000000000000000C (mip.MTI <- 0b1, mip.STI <- 0b0)
mem[X,0x00000000800000E8] -> 0x0013
mem[X,0x00000000800000EA] -> 0x0000
[24] [M]: 0x00000000800000E8 (0x00000013) addi x0, x0, 0x0                          rvtest_Mprolog_done+4

mem[X,0x00000000800000EC] -> 0x0013
mem[X,0x00000000800000EE] -> 0x0000
[25] [M]: 0x00000000800000EC (0x00000013) addi x0, x0, 0x0                          rvtest_Mprolog_done+8

clint mtime 0x000000000000000D (mip.MTI <- 0b1, mip.STI <- 0b0)
mem[X,0x00000000800000F0] -> 0x0013
mem[X,0x00000000800000F2] -> 0x0000
[26] [M]: 0x00000000800000F0 (0x00000013) addi x0, x0, 0x0                          rvtest_Mprolog_done+12

mem[X,0x00000000800000F4] -> 0x0013
mem[X,0x00000000800000F6] -> 0x0000
[27] [M]: 0x00000000800000F4 (0x00000013) addi x0, x0, 0x0                          rvtest_Mprolog_done+16

clint mtime 0x000000000000000E (mip.MTI <- 0b1, mip.STI <- 0b0)
mem[X,0x00000000800000F8] -> 0x0013
mem[X,0x00000000800000FA] -> 0x0000
[28] [M]: 0x00000000800000F8 (0x00000013) addi x0, x0, 0x0                          rvtest_Mprolog_done+20

mem[X,0x00000000800000FC] -> 0x0013
mem[X,0x00000000800000FE] -> 0x0000
[29] [M]: 0x00000000800000FC (0x00000013) addi x0, x0, 0x0                          rvtest_Mprolog_done+24

clint mtime 0x000000000000000F (mip.MTI <- 0b1, mip.STI <- 0b0)
mem[X,0x0000000080000100] -> 0x3317
mem[X,0x0000000080000102] -> 0x0000
[30] [M]: 0x0000000080000100 (0x00003317) auipc x6, 0x3                             rvtest_Mprolog_done+28
x6 <- 0x0000000080003100

mem[X,0x0000000080000104] -> 0x0313
mem[X,0x0000000080000106] -> 0x1983
[31] [M]: 0x0000000080000104 (0x19830313) addi x6, x6, 0x198                        rvtest_Mprolog_done+32
x6 <- 0x0000000080003298

clint mtime 0x0000000000000010 (mip.MTI <- 0b1, mip.STI <- 0b0)
mem[X,0x0000000080000108] -> 0x0001
[32] [M]: 0x0000000080000108 (0x0001) c.nop                                         rvtest_Mprolog_done+36

mem[X,0x000000008000010A] -> 0x0013
mem[X,0x000000008000010C] -> 0x0000
[33] [M]: 0x000000008000010A (0x00000013) addi x0, x0, 0x0                          rvtest_Mprolog_done+38

clint mtime 0x0000000000000011 (mip.MTI <- 0b1, mip.STI <- 0b0)
mem[X,0x000000008000010E] -> 0x0013
mem[X,0x0000000080000110] -> 0x0000
[34] [M]: 0x000000008000010E (0x00000013) addi x0, x0, 0x0                          rvtest_Mprolog_done+42

mem[X,0x0000000080000112] -> 0x0013
mem[X,0x0000000080000114] -> 0x0000
[35] [M]: 0x0000000080000112 (0x00000013) addi x0, x0, 0x0                          rvtest_Mprolog_done+46

clint mtime 0x0000000000000012 (mip.MTI <- 0b1, mip.STI <- 0b0)
mem[X,0x0000000080000116] -> 0x0013
mem[X,0x0000000080000118] -> 0x0000
[36] [M]: 0x0000000080000116 (0x00000013) addi x0, x0, 0x0                          rvtest_Mprolog_done+50

mem[X,0x000000008000011A] -> 0x0013
mem[X,0x000000008000011C] -> 0x0000
[37] [M]: 0x000000008000011A (0x00000013) addi x0, x0, 0x0                          rvtest_Mprolog_done+54

clint mtime 0x0000000000000013 (mip.MTI <- 0b1, mip.STI <- 0b0)
mem[X,0x000000008000011E] -> 0x0001
[38] [M]: 0x000000008000011E (0x0001) c.nop                                         rvtest_Mprolog_done+58

mem[X,0x0000000080000120] -> 0x1473
mem[X,0x0000000080000122] -> 0x1403
[39] [M]: 0x0000000080000120 (0x14031473) csrrw x8, sscratch, x6                    init_Sscratch+0
CSR sscratch (0x140) <- 0x0000000080003298
x8 <- 0x0000000000000000

clint mtime 0x0000000000000014 (mip.MTI <- 0b1, mip.STI <- 0b0)
mem[X,0x0000000080000124] -> 0x3823
mem[X,0x0000000080000126] -> 0x2483
[40] [M]: 0x0000000080000124 (0x24833823) sd x8, 0x250(x6)                          init_Sscratch+4
mem[W,0x00000000800034E8] <- 0x0000000000000000

mem[X,0x0000000080000128] -> 0x0393
mem[X,0x000000008000012A] -> 0x0000
[41] [M]: 0x0000000080000128 (0x00000393) addi x7, x0, 0x0                          init_Sedeleg+0
x7 <- 0x0000000000000000

clint mtime 0x0000000000000015 (mip.MTI <- 0b1, mip.STI <- 0b0)
mem[X,0x000000008000012C] -> 0x3C23
mem[X,0x000000008000012E] -> 0x2273
[42] [M]: 0x000000008000012C (0x22733C23) sd x7, 0x238(x6)                          init_Sedeleg+4
mem[W,0x00000000800034D0] <- 0x0000000000000000

mem[X,0x0000000080000130] -> 0x0013
mem[X,0x0000000080000132] -> 0x0000
[43] [M]: 0x0000000080000130 (0x00000013) addi x0, x0, 0x0                          init_Ssatp+0

clint mtime 0x0000000000000016 (mip.MTI <- 0b1, mip.STI <- 0b0)
mem[X,0x0000000080000134] -> 0x0013
mem[X,0x0000000080000136] -> 0x0000
[44] [M]: 0x0000000080000134 (0x00000013) addi x0, x0, 0x0                          init_Ssatp+4

mem[X,0x0000000080000138] -> 0x0013
mem[X,0x000000008000013A] -> 0x0000
[45] [M]: 0x0000000080000138 (0x00000013) addi x0, x0, 0x0                          init_Ssatp+8

clint mtime 0x0000000000000017 (mip.MTI <- 0b1, mip.STI <- 0b0)
mem[X,0x000000008000013C] -> 0x0013
mem[X,0x000000008000013E] -> 0x0000
[46] [M]: 0x000000008000013C (0x00000013) addi x0, x0, 0x0                          init_Ssatp+12

mem[X,0x0000000080000140] -> 0x9497
mem[X,0x0000000080000142] -> 0x0000
[47] [M]: 0x0000000080000140 (0x00009497) auipc x9, 0x9                             init_Ssatp+16
x9 <- 0x0000000080009140

clint mtime 0x0000000000000018 (mip.MTI <- 0b1, mip.STI <- 0b0)
mem[X,0x0000000080000144] -> 0x8493
mem[X,0x0000000080000146] -> 0xEC04
[48] [M]: 0x0000000080000144 (0xEC048493) addi x9, x9, -0x140                       init_Ssatp+20
x9 <- 0x0000000080009000

mem[X,0x0000000080000148] -> 0x0001
[49] [M]: 0x0000000080000148 (0x0001) c.nop                                         init_Ssatp+24

clint mtime 0x0000000000000019 (mip.MTI <- 0b1, mip.STI <- 0b0)
mem[X,0x000000008000014A] -> 0x0013
mem[X,0x000000008000014C] -> 0x0000
[50] [M]: 0x000000008000014A (0x00000013) addi x0, x0, 0x0                          init_Ssatp+26

mem[X,0x000000008000014E] -> 0x0013
mem[X,0x0000000080000150] -> 0x0000
[51] [M]: 0x000000008000014E (0x00000013) addi x0, x0, 0x0                          init_Ssatp+30

clint mtime 0x000000000000001A (mip.MTI <- 0b1, mip.STI <- 0b0)
mem[X,0x0000000080000152] -> 0x0013
mem[X,0x0000000080000154] -> 0x0000
[52] [M]: 0x0000000080000152 (0x00000013) addi x0, x0, 0x0                          init_Ssatp+34

mem[X,0x0000000080000156] -> 0x0013
mem[X,0x0000000080000158] -> 0x0000
[53] [M]: 0x0000000080000156 (0x00000013) addi x0, x0, 0x0                          init_Ssatp+38

clint mtime 0x000000000000001B (mip.MTI <- 0b1, mip.STI <- 0b0)
mem[X,0x000000008000015A] -> 0x0013
mem[X,0x000000008000015C] -> 0x0000
[54] [M]: 0x000000008000015A (0x00000013) addi x0, x0, 0x0                          init_Ssatp+42

mem[X,0x000000008000015E] -> 0x0001
[55] [M]: 0x000000008000015E (0x0001) c.nop                                         init_Ssatp+46

clint mtime 0x000000000000001C (mip.MTI <- 0b1, mip.STI <- 0b0)
mem[X,0x0000000080000160] -> 0xD493
mem[X,0x0000000080000162] -> 0x00C4
[56] [M]: 0x0000000080000160 (0x00C4D493) srli x9, x9, 0xc                          init_Ssatp+48
x9 <- 0x0000000000080009

mem[X,0x0000000080000164] -> 0x0413
mem[X,0x0000000080000166] -> 0xFFF0
[57] [M]: 0x0000000080000164 (0xFFF00413) addi x8, x0, -0x1                         init_Ssatp+52
x8 <- 0xFFFFFFFFFFFFFFFF

clint mtime 0x000000000000001D (mip.MTI <- 0b1, mip.STI <- 0b0)
mem[X,0x0000000080000168] -> 0x1413
mem[X,0x000000008000016A] -> 0x03F4
[58] [M]: 0x0000000080000168 (0x03F41413) slli x8, x8, 0x3f                         init_Ssatp+56
x8 <- 0x8000000000000000

mem[X,0x000000008000016C] -> 0xE4B3
mem[X,0x000000008000016E] -> 0x0084
[59] [M]: 0x000000008000016C (0x0084E4B3) or x9, x9, x8                             init_Ssatp+60
x9 <- 0x8000000000080009

clint mtime 0x000000000000001E (mip.MTI <- 0b1, mip.STI <- 0b0)
mem[X,0x0000000080000170] -> 0x94F3
mem[X,0x0000000080000172] -> 0x1804
[60] [M]: 0x0000000080000170 (0x180494F3) csrrw x9, satp, x9                        init_Ssatp+64
CSR satp (0x180) <- 0x8000000000080009
x9 <- 0x0000000000000000

mem[X,0x0000000080000174] -> 0x3023
mem[X,0x0000000080000176] -> 0x2293
[61] [M]: 0x0000000080000174 (0x22933023) sd x9, 0x220(x6)                          init_Ssatp+68
mem[W,0x00000000800034B8] <- 0x0000000000000000

clint mtime 0x000000000000001F (mip.MTI <- 0b1, mip.STI <- 0b0)
mem[X,0x0000000080000178] -> 0x2473
mem[X,0x000000008000017A] -> 0x1050
[62] [M]: 0x0000000080000178 (0x10502473) csrrs x8, stvec, x0                       init_Stvec+0
CSR stvec (0x105) -> 0x0000000000000000
x8 <- 0x0000000000000000

mem[X,0x000000008000017C] -> 0x3423
mem[X,0x000000008000017E] -> 0x2483
[63] [M]: 0x000000008000017C (0x24833423) sd x8, 0x248(x6)                          init_Stvec+4
mem[W,0x00000000800034E0] <- 0x0000000000000000

clint mtime 0x0000000000000020 (mip.MTI <- 0b1, mip.STI <- 0b0)
mem[X,0x0000000080000180] -> 0x7393
mem[X,0x0000000080000182] -> 0x0034
[64] [M]: 0x0000000080000180 (0x00347393) andi x7, x8, 0x3                          init_Stvec+8
x7 <- 0x0000000000000000

mem[X,0x0000000080000184] -> 0x3483
mem[X,0x0000000080000186] -> 0x2303
[65] [M]: 0x0000000080000184 (0x23033483) ld x9, 0x230(x6)                          init_Stvec+12
mem[R,0x00000000800034C8] -> 0x00000000800017D4
x9 <- 0x00000000800017D4

clint mtime 0x0000000000000021 (mip.MTI <- 0b1, mip.STI <- 0b0)
mem[X,0x0000000080000188] -> 0x8493
mem[X,0x000000008000018A] -> 0xE2C4
[66] [M]: 0x0000000080000188 (0xE2C48493) addi x9, x9, -0x1d4                       init_Stvec+16
x9 <- 0x0000000080001600

mem[X,0x000000008000018C] -> 0xE3B3
mem[X,0x000000008000018E] -> 0x0074
[67] [M]: 0x000000008000018C (0x0074E3B3) or x7, x9, x7                             init_Stvec+20
x7 <- 0x0000000080001600

clint mtime 0x0000000000000022 (mip.MTI <- 0b1, mip.STI <- 0b0)
mem[X,0x0000000080000190] -> 0x3023
mem[X,0x0000000080000192] -> 0x2473
[68] [M]: 0x0000000080000190 (0x24733023) sd x7, 0x240(x6)                          init_Stvec+24
mem[W,0x00000000800034D8] <- 0x0000000080001600

mem[X,0x0000000080000194] -> 0x9073
mem[X,0x0000000080000196] -> 0x1053
[69] [M]: 0x0000000080000194 (0x10539073) csrrw x0, stvec, x7                       init_Stvec+28
CSR stvec (0x105) <- 0x0000000080001600

clint mtime 0x0000000000000023 (mip.MTI <- 0b1, mip.STI <- 0b0)
mem[X,0x0000000080000198] -> 0x2573
mem[X,0x000000008000019A] -> 0x1050
[70] [M]: 0x0000000080000198 (0x10502573) csrrs x10, stvec, x0                      init_Stvec+32
CSR stvec (0x105) -> 0x0000000080001600
x10 <- 0x0000000080001600

mem[X,0x000000008000019C] -> 0x0463
mem[X,0x000000008000019E] -> 0x0875
[71] [M]: 0x000000008000019C (0x08750463) beq x10, x7, 0x88                         init_Stvec+36

clint mtime 0x0000000000000024 (mip.MTI <- 0b1, mip.STI <- 0b0)
mem[X,0x0000000080000224] -> 0x0093
mem[X,0x0000000080000226] -> 0x0000
[72] [M]: 0x0000000080000224 (0x00000093) addi x1, x0, 0x0                          rvtest_entrypoint+0
x1 <- 0x0000000000000000

mem[X,0x0000000080000228] -> 0x9073
mem[X,0x000000008000022A] -> 0x3000
[73] [M]: 0x0000000080000228 (0x30009073) csrrw x0, mstatus, x1                     rvtest_entrypoint+4
CSR mstatus (0x300) <- 0x0000000A00000000

clint mtime 0x0000000000000025 (mip.MTI <- 0b1, mip.STI <- 0b0)
mem[X,0x000000008000022C] -> 0x9073
mem[X,0x000000008000022E] -> 0x3410
[74] [M]: 0x000000008000022C (0x34109073) csrrw x0, mepc, x1                        rvtest_entrypoint+8
CSR mepc (0x341) <- 0x0000000000000000

mem[X,0x0000000080000230] -> 0x9073
mem[X,0x0000000080000232] -> 0x3440
[75] [M]: 0x0000000080000230 (0x34409073) csrrw x0, mip, x1                         rvtest_entrypoint+12
CSR mip (0x344) <- 0x0000000000000080

clint mtime 0x0000000000000026 (mip.MTI <- 0b1, mip.STI <- 0b0)
mem[X,0x0000000080000234] -> 0x9073
mem[X,0x0000000080000236] -> 0x3430
[76] [M]: 0x0000000080000234 (0x34309073) csrrw x0, mtval, x1                       rvtest_entrypoint+16
CSR mtval (0x343) <- 0x0000000000000000

mem[X,0x0000000080000238] -> 0x9073
mem[X,0x000000008000023A] -> 0x3420
[77] [M]: 0x0000000080000238 (0x34209073) csrrw x0, mcause, x1                      rvtest_entrypoint+20
CSR mcause (0x342) <- 0x0000000000000000

clint mtime 0x0000000000000027 (mip.MTI <- 0b1, mip.STI <- 0b0)
mem[X,0x000000008000023C] -> 0x0837
mem[X,0x000000008000023E] -> 0x7D5C
[78] [M]: 0x000000008000023C (0x7D5C0837) lui x16, 0x7d5c0                          rvtest_entrypoint+24
x16 <- 0x000000007D5C0000

mem[X,0x0000000080000240] -> 0x0813
mem[X,0x0000000080000242] -> 0xDDB8
[79] [M]: 0x0000000080000240 (0xDDB80813) addi x16, x16, -0x225                     rvtest_entrypoint+28
x16 <- 0x000000007D5BFDDB

clint mtime 0x0000000000000028 (mip.MTI <- 0b1, mip.STI <- 0b0)
mem[X,0x0000000080000244] -> 0x1813
mem[X,0x0000000080000246] -> 0x00B8
[80] [M]: 0x0000000080000244 (0x00B81813) slli x16, x16, 0xb                        rvtest_entrypoint+32
x16 <- 0x000003EADFEED800

mem[X,0x0000000080000248] -> 0x0813
mem[X,0x000000008000024A] -> 0x3EA8
[81] [M]: 0x0000000080000248 (0x3EA80813) addi x16, x16, 0x3ea                      rvtest_entrypoint+36
x16 <- 0x000003EADFEEDBEA

clint mtime 0x0000000000000029 (mip.MTI <- 0b1, mip.STI <- 0b0)
mem[X,0x000000008000024C] -> 0x1813
mem[X,0x000000008000024E] -> 0x00B8
[82] [M]: 0x000000008000024C (0x00B81813) slli x16, x16, 0xb                        rvtest_entrypoint+40
x16 <- 0x001F56FF76DF5000

mem[X,0x0000000080000250] -> 0x0813
mem[X,0x0000000080000252] -> 0x6FF8
[83] [M]: 0x0000000080000250 (0x6FF80813) addi x16, x16, 0x6ff                      rvtest_entrypoint+44
x16 <- 0x001F56FF76DF56FF

clint mtime 0x000000000000002A (mip.MTI <- 0b1, mip.STI <- 0b0)
mem[X,0x0000000080000254] -> 0x1813
mem[X,0x0000000080000256] -> 0x00A8
[84] [M]: 0x0000000080000254 (0x00A81813) slli x16, x16, 0xa                        rvtest_entrypoint+48
x16 <- 0x7D5BFDDB7D5BFC00

mem[X,0x0000000080000258] -> 0x0813
mem[X,0x000000008000025A] -> 0x1DB8
[85] [M]: 0x0000000080000258 (0x1DB80813) addi x16, x16, 0x1db                      rvtest_entrypoint+52
x16 <- 0x7D5BFDDB7D5BFDDB

clint mtime 0x000000000000002B (mip.MTI <- 0b1, mip.STI <- 0b0)
mem[X,0x000000008000025C] -> 0x5893
mem[X,0x000000008000025E] -> 0x0078
[86] [M]: 0x000000008000025C (0x00785893) srli x17, x16, 0x7                        rvtest_entrypoint+56
x17 <- 0x00FAB7FBB6FAB7FB

mem[X,0x0000000080000260] -> 0x5793
mem[X,0x0000000080000262] -> 0x0398
[87] [M]: 0x0000000080000260 (0x03985793) srli x15, x16, 0x39                       rvtest_entrypoint+60
x15 <- 0x000000000000003E

clint mtime 0x000000000000002C (mip.MTI <- 0b1, mip.STI <- 0b0)
mem[X,0x0000000080000264] -> 0xE8B3
mem[X,0x0000000080000266] -> 0x00F8
[88] [M]: 0x0000000080000264 (0x00F8E8B3) or x17, x17, x15                          rvtest_entrypoint+64
x17 <- 0x00FAB7FBB6FAB7FF

mem[X,0x0000000080000268] -> 0xD913
mem[X,0x000000008000026A] -> 0x0078
[89] [M]: 0x0000000080000268 (0x0078D913) srli x18, x17, 0x7                        rvtest_entrypoint+68
x18 <- 0x0001F56FF76DF56F

clint mtime 0x000000000000002D (mip.MTI <- 0b1, mip.STI <- 0b0)
mem[X,0x000000008000026C] -> 0xD793
mem[X,0x000000008000026E] -> 0x0398
[90] [M]: 0x000000008000026C (0x0398D793) srli x15, x17, 0x39                       rvtest_entrypoint+72
x15 <- 0x0000000000000000

mem[X,0x0000000080000270] -> 0x6933
mem[X,0x0000000080000272] -> 0x00F9
[91] [M]: 0x0000000080000270 (0x00F96933) or x18, x18, x15                          rvtest_entrypoint+76
x18 <- 0x0001F56FF76DF56F

clint mtime 0x000000000000002E (mip.MTI <- 0b1, mip.STI <- 0b0)
mem[X,0x0000000080000274] -> 0x5993
mem[X,0x0000000080000276] -> 0x0079
[92] [M]: 0x0000000080000274 (0x00795993) srli x19, x18, 0x7                        rvtest_entrypoint+80
x19 <- 0x000003EADFEEDBEA

mem[X,0x0000000080000278] -> 0x5793
mem[X,0x000000008000027A] -> 0x0399
[93] [M]: 0x0000000080000278 (0x03995793) srli x15, x18, 0x39                       rvtest_entrypoint+84
x15 <- 0x0000000000000000

clint mtime 0x000000000000002F (mip.MTI <- 0b1, mip.STI <- 0b0)
mem[X,0x000000008000027C] -> 0xE9B3
mem[X,0x000000008000027E] -> 0x00F9
[94] [M]: 0x000000008000027C (0x00F9E9B3) or x19, x19, x15                          rvtest_entrypoint+88
x19 <- 0x000003EADFEEDBEA

mem[X,0x0000000080000280] -> 0xDA13
mem[X,0x0000000080000282] -> 0x0079
[95] [M]: 0x0000000080000280 (0x0079DA13) srli x20, x19, 0x7                        rvtest_entrypoint+92
x20 <- 0x00000007D5BFDDB7

clint mtime 0x0000000000000030 (mip.MTI <- 0b1, mip.STI <- 0b0)
mem[X,0x0000000080000284] -> 0xD793
mem[X,0x0000000080000286] -> 0x0399
[96] [M]: 0x0000000080000284 (0x0399D793) srli x15, x19, 0x39                       rvtest_entrypoint+96
x15 <- 0x0000000000000000

mem[X,0x0000000080000288] -> 0x6A33
mem[X,0x000000008000028A] -> 0x00FA
[97] [M]: 0x0000000080000288 (0x00FA6A33) or x20, x20, x15                          rvtest_entrypoint+100
x20 <- 0x00000007D5BFDDB7

clint mtime 0x0000000000000031 (mip.MTI <- 0b1, mip.STI <- 0b0)
mem[X,0x000000008000028C] -> 0x5A93
mem[X,0x000000008000028E] -> 0x007A
[98] [M]: 0x000000008000028C (0x007A5A93) srli x21, x20, 0x7                        rvtest_entrypoint+104
x21 <- 0x000000000FAB7FBB

mem[X,0x0000000080000290] -> 0x5793
mem[X,0x0000000080000292] -> 0x039A
[99] [M]: 0x0000000080000290 (0x039A5793) srli x15, x20, 0x39                       rvtest_entrypoint+108
x15 <- 0x0000000000000000

clint mtime 0x0000000000000032 (mip.MTI <- 0b1, mip.STI <- 0b0)
mem[X,0x0000000080000294] -> 0xEAB3
mem[X,0x0000000080000296] -> 0x00FA
[100] [M]: 0x0000000080000294 (0x00FAEAB3) or x21, x21, x15                         rvtest_entrypoint+112
x21 <- 0x000000000FAB7FBB

mem[X,0x0000000080000298] -> 0xDB13
mem[X,0x000000008000029A] -> 0x007A
[101] [M]: 0x0000000080000298 (0x007ADB13) srli x22, x21, 0x7                       rvtest_entrypoint+116
x22 <- 0x00000000001F56FF

clint mtime 0x0000000000000033 (mip.MTI <- 0b1, mip.STI <- 0b0)
mem[X,0x000000008000029C] -> 0xD793
mem[X,0x000000008000029E] -> 0x039A
[102] [M]: 0x000000008000029C (0x039AD793) srli x15, x21, 0x39                      rvtest_entrypoint+120
x15 <- 0x0000000000000000

mem[X,0x00000000800002A0] -> 0x6B33
mem[X,0x00000000800002A2] -> 0x00FB
[103] [M]: 0x00000000800002A0 (0x00FB6B33) or x22, x22, x15                         rvtest_entrypoint+124
x22 <- 0x00000000001F56FF

clint mtime 0x0000000000000034 (mip.MTI <- 0b1, mip.STI <- 0b0)
mem[X,0x00000000800002A4] -> 0x5B93
mem[X,0x00000000800002A6] -> 0x007B
[104] [M]: 0x00000000800002A4 (0x007B5B93) srli x23, x22, 0x7                       rvtest_entrypoint+128
x23 <- 0x0000000000003EAD

mem[X,0x00000000800002A8] -> 0x5793
mem[X,0x00000000800002AA] -> 0x039B
[105] [M]: 0x00000000800002A8 (0x039B5793) srli x15, x22, 0x39                      rvtest_entrypoint+132
x15 <- 0x0000000000000000

clint mtime 0x0000000000000035 (mip.MTI <- 0b1, mip.STI <- 0b0)
mem[X,0x00000000800002AC] -> 0xEBB3
mem[X,0x00000000800002AE] -> 0x00FB
[106] [M]: 0x00000000800002AC (0x00FBEBB3) or x23, x23, x15                         rvtest_entrypoint+136
x23 <- 0x0000000000003EAD

mem[X,0x00000000800002B0] -> 0xDC13
mem[X,0x00000000800002B2] -> 0x007B
[107] [M]: 0x00000000800002B0 (0x007BDC13) srli x24, x23, 0x7                       rvtest_entrypoint+140
x24 <- 0x000000000000007D

clint mtime 0x0000000000000036 (mip.MTI <- 0b1, mip.STI <- 0b0)
mem[X,0x00000000800002B4] -> 0xD793
mem[X,0x00000000800002B6] -> 0x039B
[108] [M]: 0x00000000800002B4 (0x039BD793) srli x15, x23, 0x39                      rvtest_entrypoint+144
x15 <- 0x0000000000000000

mem[X,0x00000000800002B8] -> 0x6C33
mem[X,0x00000000800002BA] -> 0x00FC
[109] [M]: 0x00000000800002B8 (0x00FC6C33) or x24, x24, x15                         rvtest_entrypoint+148
x24 <- 0x000000000000007D

clint mtime 0x0000000000000037 (mip.MTI <- 0b1, mip.STI <- 0b0)
mem[X,0x00000000800002BC] -> 0x5C93
mem[X,0x00000000800002BE] -> 0x007C
[110] [M]: 0x00000000800002BC (0x007C5C93) srli x25, x24, 0x7                       rvtest_entrypoint+152
x25 <- 0x0000000000000000

mem[X,0x00000000800002C0] -> 0x5793
mem[X,0x00000000800002C2] -> 0x039C
[111] [M]: 0x00000000800002C0 (0x039C5793) srli x15, x24, 0x39                      rvtest_entrypoint+156
x15 <- 0x0000000000000000

clint mtime 0x0000000000000038 (mip.MTI <- 0b1, mip.STI <- 0b0)
mem[X,0x00000000800002C4] -> 0xECB3
mem[X,0x00000000800002C6] -> 0x00FC
[112] [M]: 0x00000000800002C4 (0x00FCECB3) or x25, x25, x15                         rvtest_entrypoint+160
x25 <- 0x0000000000000000

mem[X,0x00000000800002C8] -> 0xDD13
mem[X,0x00000000800002CA] -> 0x007C
[113] [M]: 0x00000000800002C8 (0x007CDD13) srli x26, x25, 0x7                       rvtest_entrypoint+164
x26 <- 0x0000000000000000

clint mtime 0x0000000000000039 (mip.MTI <- 0b1, mip.STI <- 0b0)
mem[X,0x00000000800002CC] -> 0xD793
mem[X,0x00000000800002CE] -> 0x039C
[114] [M]: 0x00000000800002CC (0x039CD793) srli x15, x25, 0x39                      rvtest_entrypoint+168
x15 <- 0x0000000000000000

mem[X,0x00000000800002D0] -> 0x6D33
mem[X,0x00000000800002D2] -> 0x00FD
[115] [M]: 0x00000000800002D0 (0x00FD6D33) or x26, x26, x15                         rvtest_entrypoint+172
x26 <- 0x0000000000000000

clint mtime 0x000000000000003A (mip.MTI <- 0b1, mip.STI <- 0b0)
mem[X,0x00000000800002D4] -> 0x5D93
mem[X,0x00000000800002D6] -> 0x007D
[116] [M]: 0x00000000800002D4 (0x007D5D93) srli x27, x26, 0x7                       rvtest_entrypoint+176
x27 <- 0x0000000000000000

mem[X,0x00000000800002D8] -> 0x5793
mem[X,0x00000000800002DA] -> 0x039D
[117] [M]: 0x00000000800002D8 (0x039D5793) srli x15, x26, 0x39                      rvtest_entrypoint+180
x15 <- 0x0000000000000000

clint mtime 0x000000000000003B (mip.MTI <- 0b1, mip.STI <- 0b0)
mem[X,0x00000000800002DC] -> 0xEDB3
mem[X,0x00000000800002DE] -> 0x00FD
[118] [M]: 0x00000000800002DC (0x00FDEDB3) or x27, x27, x15                         rvtest_entrypoint+184
x27 <- 0x0000000000000000

mem[X,0x00000000800002E0] -> 0xDE13
mem[X,0x00000000800002E2] -> 0x007D
[119] [M]: 0x00000000800002E0 (0x007DDE13) srli x28, x27, 0x7                       rvtest_entrypoint+188
x28 <- 0x0000000000000000

clint mtime 0x000000000000003C (mip.MTI <- 0b1, mip.STI <- 0b0)
mem[X,0x00000000800002E4] -> 0xD793
mem[X,0x00000000800002E6] -> 0x039D
[120] [M]: 0x00000000800002E4 (0x039DD793) srli x15, x27, 0x39                      rvtest_entrypoint+192
x15 <- 0x0000000000000000

mem[X,0x00000000800002E8] -> 0x6E33
mem[X,0x00000000800002EA] -> 0x00FE
[121] [M]: 0x00000000800002E8 (0x00FE6E33) or x28, x28, x15                         rvtest_entrypoint+196
x28 <- 0x0000000000000000

clint mtime 0x000000000000003D (mip.MTI <- 0b1, mip.STI <- 0b0)
mem[X,0x00000000800002EC] -> 0x5E93
mem[X,0x00000000800002EE] -> 0x007E
[122] [M]: 0x00000000800002EC (0x007E5E93) srli x29, x28, 0x7                       rvtest_entrypoint+200
x29 <- 0x0000000000000000

mem[X,0x00000000800002F0] -> 0x5793
mem[X,0x00000000800002F2] -> 0x039E
[123] [M]: 0x00000000800002F0 (0x039E5793) srli x15, x28, 0x39                      rvtest_entrypoint+204
x15 <- 0x0000000000000000

clint mtime 0x000000000000003E (mip.MTI <- 0b1, mip.STI <- 0b0)
mem[X,0x00000000800002F4] -> 0xEEB3
mem[X,0x00000000800002F6] -> 0x00FE
[124] [M]: 0x00000000800002F4 (0x00FEEEB3) or x29, x29, x15                         rvtest_entrypoint+208
x29 <- 0x0000000000000000

mem[X,0x00000000800002F8] -> 0xDF13
mem[X,0x00000000800002FA] -> 0x007E
[125] [M]: 0x00000000800002F8 (0x007EDF13) srli x30, x29, 0x7                       rvtest_entrypoint+212
x30 <- 0x0000000000000000

clint mtime 0x000000000000003F (mip.MTI <- 0b1, mip.STI <- 0b0)
mem[X,0x00000000800002FC] -> 0xD793
mem[X,0x00000000800002FE] -> 0x039E
[126] [M]: 0x00000000800002FC (0x039ED793) srli x15, x29, 0x39                      rvtest_entrypoint+216
x15 <- 0x0000000000000000

mem[X,0x0000000080000300] -> 0x6F33
mem[X,0x0000000080000302] -> 0x00FF
[127] [M]: 0x0000000080000300 (0x00FF6F33) or x30, x30, x15                         rvtest_entrypoint+220
x30 <- 0x0000000000000000

clint mtime 0x0000000000000040 (mip.MTI <- 0b1, mip.STI <- 0b0)
mem[X,0x0000000080000304] -> 0xC0B7
mem[X,0x0000000080000306] -> 0xFEED
[128] [M]: 0x0000000080000304 (0xFEEDC0B7) lui x1, -0x1124                          rvtest_entrypoint+224
x1 <- 0xFFFFFFFFFEEDC000

mem[X,0x0000000080000308] -> 0x8093
mem[X,0x000000008000030A] -> 0xEAD0
[129] [M]: 0x0000000080000308 (0xEAD08093) addi x1, x1, -0x153                      rvtest_entrypoint+228
x1 <- 0xFFFFFFFFFEEDBEAD

clint mtime 0x0000000000000041 (mip.MTI <- 0b1, mip.STI <- 0b0)
mem[X,0x000000008000030C] -> 0x9093
mem[X,0x000000008000030E] -> 0x00B0
[130] [M]: 0x000000008000030C (0x00B09093) slli x1, x1, 0xb                         rvtest_entrypoint+232
x1 <- 0xFFFFFFF76DF56800

mem[X,0x0000000080000310] -> 0x8093
mem[X,0x0000000080000312] -> 0x7F70
[131] [M]: 0x0000000080000310 (0x7F708093) addi x1, x1, 0x7f7                       rvtest_entrypoint+236
x1 <- 0xFFFFFFF76DF56FF7

clint mtime 0x0000000000000042 (mip.MTI <- 0b1, mip.STI <- 0b0)
mem[X,0x0000000080000314] -> 0x9093
mem[X,0x0000000080000316] -> 0x00B0
[132] [M]: 0x0000000080000314 (0x00B09093) slli x1, x1, 0xb                         rvtest_entrypoint+240
x1 <- 0xFFFFBB6FAB7FB800

mem[X,0x0000000080000318] -> 0x8093
mem[X,0x000000008000031A] -> 0x36F0
[133] [M]: 0x0000000080000318 (0x36F08093) addi x1, x1, 0x36f                       rvtest_entrypoint+244
x1 <- 0xFFFFBB6FAB7FBB6F

clint mtime 0x0000000000000043 (mip.MTI <- 0b1, mip.STI <- 0b0)
mem[X,0x000000008000031C] -> 0x9093
mem[X,0x000000008000031E] -> 0x00A0
[134] [M]: 0x000000008000031C (0x00A09093) slli x1, x1, 0xa                         rvtest_entrypoint+248
x1 <- 0xFEEDBEADFEEDBC00

mem[X,0x0000000080000320] -> 0x8093
mem[X,0x0000000080000322] -> 0x2AD0
[135] [M]: 0x0000000080000320 (0x2AD08093) addi x1, x1, 0x2ad                       rvtest_entrypoint+252
x1 <- 0xFEEDBEADFEEDBEAD

clint mtime 0x0000000000000044 (mip.MTI <- 0b1, mip.STI <- 0b0)
mem[X,0x0000000080000324] -> 0xD113
mem[X,0x0000000080000326] -> 0x0070
[136] [M]: 0x0000000080000324 (0x0070D113) srli x2, x1, 0x7                         rvtest_entrypoint+256
x2 <- 0x01FDDB7D5BFDDB7D

mem[X,0x0000000080000328] -> 0xD793
mem[X,0x000000008000032A] -> 0x0390
[137] [M]: 0x0000000080000328 (0x0390D793) srli x15, x1, 0x39                       rvtest_entrypoint+260
x15 <- 0x000000000000007F

clint mtime 0x0000000000000045 (mip.MTI <- 0b1, mip.STI <- 0b0)
mem[X,0x000000008000032C] -> 0x6133
mem[X,0x000000008000032E] -> 0x00F1
[138] [M]: 0x000000008000032C (0x00F16133) or x2, x2, x15                           rvtest_entrypoint+264
x2 <- 0x01FDDB7D5BFDDB7F

mem[X,0x0000000080000330] -> 0x5193
mem[X,0x0000000080000332] -> 0x0071
[139] [M]: 0x0000000080000330 (0x00715193) srli x3, x2, 0x7                         rvtest_entrypoint+268
x3 <- 0x0003FBB6FAB7FBB6

clint mtime 0x0000000000000046 (mip.MTI <- 0b1, mip.STI <- 0b0)
mem[X,0x0000000080000334] -> 0x5793
mem[X,0x0000000080000336] -> 0x0391
[140] [M]: 0x0000000080000334 (0x03915793) srli x15, x2, 0x39                       rvtest_entrypoint+272
x15 <- 0x0000000000000000

mem[X,0x0000000080000338] -> 0xE1B3
mem[X,0x000000008000033A] -> 0x00F1
[141] [M]: 0x0000000080000338 (0x00F1E1B3) or x3, x3, x15                           rvtest_entrypoint+276
x3 <- 0x0003FBB6FAB7FBB6

clint mtime 0x0000000000000047 (mip.MTI <- 0b1, mip.STI <- 0b0)
mem[X,0x000000008000033C] -> 0xD213
mem[X,0x000000008000033E] -> 0x0071
[142] [M]: 0x000000008000033C (0x0071D213) srli x4, x3, 0x7                         rvtest_entrypoint+280
x4 <- 0x000007F76DF56FF7

mem[X,0x0000000080000340] -> 0xD793
mem[X,0x0000000080000342] -> 0x0391
[143] [M]: 0x0000000080000340 (0x0391D793) srli x15, x3, 0x39                       rvtest_entrypoint+284
x15 <- 0x0000000000000000

clint mtime 0x0000000000000048 (mip.MTI <- 0b1, mip.STI <- 0b0)
mem[X,0x0000000080000344] -> 0x6233
mem[X,0x0000000080000346] -> 0x00F2
[144] [M]: 0x0000000080000344 (0x00F26233) or x4, x4, x15                           rvtest_entrypoint+288
x4 <- 0x000007F76DF56FF7

mem[X,0x0000000080000348] -> 0x5293
mem[X,0x000000008000034A] -> 0x0072
[145] [M]: 0x0000000080000348 (0x00725293) srli x5, x4, 0x7                         rvtest_entrypoint+292
x5 <- 0x0000000FEEDBEADF

clint mtime 0x0000000000000049 (mip.MTI <- 0b1, mip.STI <- 0b0)
mem[X,0x000000008000034C] -> 0x5793
mem[X,0x000000008000034E] -> 0x0392
[146] [M]: 0x000000008000034C (0x03925793) srli x15, x4, 0x39                       rvtest_entrypoint+296
x15 <- 0x0000000000000000

mem[X,0x0000000080000350] -> 0xE2B3
mem[X,0x0000000080000352] -> 0x00F2
[147] [M]: 0x0000000080000350 (0x00F2E2B3) or x5, x5, x15                           rvtest_entrypoint+300
x5 <- 0x0000000FEEDBEADF

clint mtime 0x000000000000004A (mip.MTI <- 0b1, mip.STI <- 0b0)
mem[X,0x0000000080000354] -> 0xD313
mem[X,0x0000000080000356] -> 0x0072
[148] [M]: 0x0000000080000354 (0x0072D313) srli x6, x5, 0x7                         rvtest_entrypoint+304
x6 <- 0x000000001FDDB7D5

mem[X,0x0000000080000358] -> 0xD793
mem[X,0x000000008000035A] -> 0x0392
[149] [M]: 0x0000000080000358 (0x0392D793) srli x15, x5, 0x39                       rvtest_entrypoint+308
x15 <- 0x0000000000000000

clint mtime 0x000000000000004B (mip.MTI <- 0b1, mip.STI <- 0b0)
mem[X,0x000000008000035C] -> 0x6333
mem[X,0x000000008000035E] -> 0x00F3
[150] [M]: 0x000000008000035C (0x00F36333) or x6, x6, x15                           rvtest_entrypoint+312
x6 <- 0x000000001FDDB7D5

mem[X,0x0000000080000360] -> 0x5393
mem[X,0x0000000080000362] -> 0x0073
[151] [M]: 0x0000000080000360 (0x00735393) srli x7, x6, 0x7                         rvtest_entrypoint+316
x7 <- 0x00000000003FBB6F

clint mtime 0x000000000000004C (mip.MTI <- 0b1, mip.STI <- 0b0)
mem[X,0x0000000080000364] -> 0x5793
mem[X,0x0000000080000366] -> 0x0393
[152] [M]: 0x0000000080000364 (0x03935793) srli x15, x6, 0x39                       rvtest_entrypoint+320
x15 <- 0x0000000000000000

mem[X,0x0000000080000368] -> 0xE3B3
mem[X,0x000000008000036A] -> 0x00F3
[153] [M]: 0x0000000080000368 (0x00F3E3B3) or x7, x7, x15                           rvtest_entrypoint+324
x7 <- 0x00000000003FBB6F

clint mtime 0x000000000000004D (mip.MTI <- 0b1, mip.STI <- 0b0)
mem[X,0x000000008000036C] -> 0xD413
mem[X,0x000000008000036E] -> 0x0073
[154] [M]: 0x000000008000036C (0x0073D413) srli x8, x7, 0x7                         rvtest_entrypoint+328
x8 <- 0x0000000000007F76

mem[X,0x0000000080000370] -> 0xD793
mem[X,0x0000000080000372] -> 0x0393
[155] [M]: 0x0000000080000370 (0x0393D793) srli x15, x7, 0x39                       rvtest_entrypoint+332
x15 <- 0x0000000000000000

clint mtime 0x000000000000004E (mip.MTI <- 0b1, mip.STI <- 0b0)
mem[X,0x0000000080000374] -> 0x6433
mem[X,0x0000000080000376] -> 0x00F4
[156] [M]: 0x0000000080000374 (0x00F46433) or x8, x8, x15                           rvtest_entrypoint+336
x8 <- 0x0000000000007F76

mem[X,0x0000000080000378] -> 0x5493
mem[X,0x000000008000037A] -> 0x0074
[157] [M]: 0x0000000080000378 (0x00745493) srli x9, x8, 0x7                         rvtest_entrypoint+340
x9 <- 0x00000000000000FE

clint mtime 0x000000000000004F (mip.MTI <- 0b1, mip.STI <- 0b0)
mem[X,0x000000008000037C] -> 0x5793
mem[X,0x000000008000037E] -> 0x0394
[158] [M]: 0x000000008000037C (0x03945793) srli x15, x8, 0x39                       rvtest_entrypoint+344
x15 <- 0x0000000000000000

mem[X,0x0000000080000380] -> 0xE4B3
mem[X,0x0000000080000382] -> 0x00F4
[159] [M]: 0x0000000080000380 (0x00F4E4B3) or x9, x9, x15                           rvtest_entrypoint+348
x9 <- 0x00000000000000FE

clint mtime 0x0000000000000050 (mip.MTI <- 0b1, mip.STI <- 0b0)
mem[X,0x0000000080000384] -> 0xD513
mem[X,0x0000000080000386] -> 0x0074
[160] [M]: 0x0000000080000384 (0x0074D513) srli x10, x9, 0x7                        rvtest_entrypoint+352
x10 <- 0x0000000000000001

mem[X,0x0000000080000388] -> 0xD793
mem[X,0x000000008000038A] -> 0x0394
[161] [M]: 0x0000000080000388 (0x0394D793) srli x15, x9, 0x39                       rvtest_entrypoint+356
x15 <- 0x0000000000000000

clint mtime 0x0000000000000051 (mip.MTI <- 0b1, mip.STI <- 0b0)
mem[X,0x000000008000038C] -> 0x6533
mem[X,0x000000008000038E] -> 0x00F5
[162] [M]: 0x000000008000038C (0x00F56533) or x10, x10, x15                         rvtest_entrypoint+360
x10 <- 0x0000000000000001

mem[X,0x0000000080000390] -> 0x5593
mem[X,0x0000000080000392] -> 0x0075
[163] [M]: 0x0000000080000390 (0x00755593) srli x11, x10, 0x7                       rvtest_entrypoint+364
x11 <- 0x0000000000000000

clint mtime 0x0000000000000052 (mip.MTI <- 0b1, mip.STI <- 0b0)
mem[X,0x0000000080000394] -> 0x5793
mem[X,0x0000000080000396] -> 0x0395
[164] [M]: 0x0000000080000394 (0x03955793) srli x15, x10, 0x39                      rvtest_entrypoint+368
x15 <- 0x0000000000000000

mem[X,0x0000000080000398] -> 0xE5B3
mem[X,0x000000008000039A] -> 0x00F5
[165] [M]: 0x0000000080000398 (0x00F5E5B3) or x11, x11, x15                         rvtest_entrypoint+372
x11 <- 0x0000000000000000

clint mtime 0x0000000000000053 (mip.MTI <- 0b1, mip.STI <- 0b0)
mem[X,0x000000008000039C] -> 0xD613
mem[X,0x000000008000039E] -> 0x0075
[166] [M]: 0x000000008000039C (0x0075D613) srli x12, x11, 0x7                       rvtest_entrypoint+376
x12 <- 0x0000000000000000

mem[X,0x00000000800003A0] -> 0xD793
mem[X,0x00000000800003A2] -> 0x0395
[167] [M]: 0x00000000800003A0 (0x0395D793) srli x15, x11, 0x39                      rvtest_entrypoint+380
x15 <- 0x0000000000000000

clint mtime 0x0000000000000054 (mip.MTI <- 0b1, mip.STI <- 0b0)
mem[X,0x00000000800003A4] -> 0x6633
mem[X,0x00000000800003A6] -> 0x00F6
[168] [M]: 0x00000000800003A4 (0x00F66633) or x12, x12, x15                         rvtest_entrypoint+384
x12 <- 0x0000000000000000

mem[X,0x00000000800003A8] -> 0x5693
mem[X,0x00000000800003AA] -> 0x0076
[169] [M]: 0x00000000800003A8 (0x00765693) srli x13, x12, 0x7                       rvtest_entrypoint+388
x13 <- 0x0000000000000000

clint mtime 0x0000000000000055 (mip.MTI <- 0b1, mip.STI <- 0b0)
mem[X,0x00000000800003AC] -> 0x5793
mem[X,0x00000000800003AE] -> 0x0396
[170] [M]: 0x00000000800003AC (0x03965793) srli x15, x12, 0x39                      rvtest_entrypoint+392
x15 <- 0x0000000000000000

mem[X,0x00000000800003B0] -> 0xE6B3
mem[X,0x00000000800003B2] -> 0x00F6
[171] [M]: 0x00000000800003B0 (0x00F6E6B3) or x13, x13, x15                         rvtest_entrypoint+396
x13 <- 0x0000000000000000

clint mtime 0x0000000000000056 (mip.MTI <- 0b1, mip.STI <- 0b0)
mem[X,0x00000000800003B4] -> 0x0013
mem[X,0x00000000800003B6] -> 0x0000
[172] [M]: 0x00000000800003B4 (0x00000013) addi x0, x0, 0x0                         rvtest_code_begin+0

mem[X,0x00000000800003B8] -> 0x0013
mem[X,0x00000000800003BA] -> 0x0000
[173] [M]: 0x00000000800003B8 (0x00000013) addi x0, x0, 0x0                         rvtest_code_begin+4

clint mtime 0x0000000000000057 (mip.MTI <- 0b1, mip.STI <- 0b0)
mem[X,0x00000000800003BC] -> 0x0013
mem[X,0x00000000800003BE] -> 0x0000
[174] [M]: 0x00000000800003BC (0x00000013) addi x0, x0, 0x0                         rvtest_code_begin+8

mem[X,0x00000000800003C0] -> 0xA697
mem[X,0x00000000800003C2] -> 0x0000
[175] [M]: 0x00000000800003C0 (0x0000A697) auipc x13, 0xa                           rvtest_code_begin+12
x13 <- 0x000000008000A3C0

clint mtime 0x0000000000000058 (mip.MTI <- 0b1, mip.STI <- 0b0)
mem[X,0x00000000800003C4] -> 0x8693
mem[X,0x00000000800003C6] -> 0xD586
[176] [M]: 0x00000000800003C4 (0xD5868693) addi x13, x13, -0x2a8                    rvtest_code_begin+16
x13 <- 0x000000008000A118

mem[X,0x00000000800003C8] -> 0x0001
[177] [M]: 0x00000000800003C8 (0x0001) c.nop                                        rvtest_code_begin+20

clint mtime 0x0000000000000059 (mip.MTI <- 0b1, mip.STI <- 0b0)
mem[X,0x00000000800003CA] -> 0x0013
mem[X,0x00000000800003CC] -> 0x0000
[178] [M]: 0x00000000800003CA (0x00000013) addi x0, x0, 0x0                         rvtest_code_begin+22

mem[X,0x00000000800003CE] -> 0x0013
mem[X,0x00000000800003D0] -> 0x0000
[179] [M]: 0x00000000800003CE (0x00000013) addi x0, x0, 0x0                         rvtest_code_begin+26

clint mtime 0x000000000000005A (mip.MTI <- 0b1, mip.STI <- 0b0)
mem[X,0x00000000800003D2] -> 0x0013
mem[X,0x00000000800003D4] -> 0x0000
[180] [M]: 0x00000000800003D2 (0x00000013) addi x0, x0, 0x0                         rvtest_code_begin+30

mem[X,0x00000000800003D6] -> 0x0013
mem[X,0x00000000800003D8] -> 0x0000
[181] [M]: 0x00000000800003D6 (0x00000013) addi x0, x0, 0x0                         rvtest_code_begin+34

clint mtime 0x000000000000005B (mip.MTI <- 0b1, mip.STI <- 0b0)
mem[X,0x00000000800003DA] -> 0x0013
mem[X,0x00000000800003DC] -> 0x0000
[182] [M]: 0x00000000800003DA (0x00000013) addi x0, x0, 0x0                         rvtest_code_begin+38

mem[X,0x00000000800003DE] -> 0x0001
[183] [M]: 0x00000000800003DE (0x0001) c.nop                                        rvtest_code_begin+42

clint mtime 0x000000000000005C (mip.MTI <- 0b1, mip.STI <- 0b0)
mem[X,0x00000000800003E0] -> 0xD737
mem[X,0x00000000800003E2] -> 0x0000
[184] [M]: 0x00000000800003E0 (0x0000D737) lui x14, 0xd                             main+0
x14 <- 0x000000000000D000

mem[X,0x00000000800003E4] -> 0x071B
mem[X,0x00000000800003E6] -> 0xEED7
[185] [M]: 0x00000000800003E4 (0xEED7071B) addiw x14, x14, -0x113                   main+4
x14 <- 0x000000000000CEED

clint mtime 0x000000000000005D (mip.MTI <- 0b1, mip.STI <- 0b0)
mem[X,0x00000000800003E8] -> 0xB023
mem[X,0x00000000800003EA] -> 0x00E6
[186] [M]: 0x00000000800003E8 (0x00E6B023) sd x14, 0x0(x13)                         main+8
mem[W,0x000000008000A118] <- 0x000000000000CEED

mem[X,0x00000000800003EC] -> 0xC737
mem[X,0x00000000800003EE] -> 0x0000
[187] [M]: 0x00000000800003EC (0x0000C737) lui x14, 0xc                             main+12
x14 <- 0x000000000000C000

clint mtime 0x000000000000005E (mip.MTI <- 0b1, mip.STI <- 0b0)
mem[X,0x00000000800003F0] -> 0x071B
mem[X,0x00000000800003F2] -> 0xEED7
[188] [M]: 0x00000000800003F0 (0xEED7071B) addiw x14, x14, -0x113                   main+16
x14 <- 0x000000000000BEED

mem[X,0x00000000800003F4] -> 0xB423
mem[X,0x00000000800003F6] -> 0x00E6
[189] [M]: 0x00000000800003F4 (0x00E6B423) sd x14, 0x8(x13)                         main+20
mem[W,0x000000008000A120] <- 0x000000000000BEED

clint mtime 0x000000000000005F (mip.MTI <- 0b1, mip.STI <- 0b0)
mem[X,0x00000000800003F8] -> 0x0393
mem[X,0x00000000800003FA] -> 0xFFF0
[190] [M]: 0x00000000800003F8 (0xFFF00393) addi x7, x0, -0x1                        main+24
x7 <- 0xFFFFFFFFFFFFFFFF

mem[X,0x00000000800003FC] -> 0x9073
mem[X,0x00000000800003FE] -> 0x3B03
[191] [M]: 0x00000000800003FC (0x3B039073) csrrw x0, pmpaddr0, x7                   main+28
CSR pmpaddr0 (0x3B0) <- 0x003FFFFFFFFFFFFF

clint mtime 0x0000000000000060 (mip.MTI <- 0b1, mip.STI <- 0b0)
mem[X,0x0000000080000400] -> 0x0393
mem[X,0x0000000080000402] -> 0x00F0
[192] [M]: 0x0000000080000400 (0x00F00393) addi x7, x0, 0xf                         main+32
x7 <- 0x000000000000000F

mem[X,0x0000000080000404] -> 0x9073
mem[X,0x0000000080000406] -> 0x3A03
[193] [M]: 0x0000000080000404 (0x3A039073) csrrw x0, pmpcfg0, x7                    main+36
CSR pmpcfg0 (0x3A0) <- 0x000000000000000F

clint mtime 0x0000000000000061 (mip.MTI <- 0b1, mip.STI <- 0b0)
mem[X,0x0000000080000408] -> 0x0073
mem[X,0x000000008000040A] -> 0x1200
[194] [M]: 0x0000000080000408 (0x12000073) sfence.vma x0, x0                        main+40

mem[X,0x000000008000040C] -> 0x1073
mem[X,0x000000008000040E] -> 0x1800
[195] [M]: 0x000000008000040C (0x18001073) csrrw x0, satp, x0                       main+44
CSR satp (0x180) <- 0x0000000000000000

clint mtime 0x0000000000000062 (mip.MTI <- 0b1, mip.STI <- 0b0)
mem[X,0x0000000080000410] -> 0x0013
mem[X,0x0000000080000412] -> 0x0000
[196] [M]: 0x0000000080000410 (0x00000013) addi x0, x0, 0x0                         main+48

mem[X,0x0000000080000414] -> 0x0013
mem[X,0x0000000080000416] -> 0x0000
[197] [M]: 0x0000000080000414 (0x00000013) addi x0, x0, 0x0                         main+52

clint mtime 0x0000000000000063 (mip.MTI <- 0b1, mip.STI <- 0b0)
mem[X,0x0000000080000418] -> 0x0013
mem[X,0x000000008000041A] -> 0x0000
[198] [M]: 0x0000000080000418 (0x00000013) addi x0, x0, 0x0                         main+56

mem[X,0x000000008000041C] -> 0x0013
mem[X,0x000000008000041E] -> 0x0000
[199] [M]: 0x000000008000041C (0x00000013) addi x0, x0, 0x0                         main+60

clint mtime 0x0000000000000064 (mip.MTI <- 0b1, mip.STI <- 0b0)
mem[X,0x0000000080000420] -> 0x051B
mem[X,0x0000000080000422] -> 0x0000
[200] [M]: 0x0000000080000420 (0x0000051B) addiw x10, x0, 0x0                       main+64
x10 <- 0x0000000000000000

mem[X,0x0000000080000424] -> 0x0001
[201] [M]: 0x0000000080000424 (0x0001) c.nop                                        main+68

clint mtime 0x0000000000000065 (mip.MTI <- 0b1, mip.STI <- 0b0)
mem[X,0x0000000080000426] -> 0x0013
mem[X,0x0000000080000428] -> 0x0000
[202] [M]: 0x0000000080000426 (0x00000013) addi x0, x0, 0x0                         main+70

mem[X,0x000000008000042A] -> 0x0013
mem[X,0x000000008000042C] -> 0x0000
[203] [M]: 0x000000008000042A (0x00000013) addi x0, x0, 0x0                         main+74

clint mtime 0x0000000000000066 (mip.MTI <- 0b1, mip.STI <- 0b0)
mem[X,0x000000008000042E] -> 0x0013
mem[X,0x0000000080000430] -> 0x0000
[204] [M]: 0x000000008000042E (0x00000013) addi x0, x0, 0x0                         main+78

mem[X,0x0000000080000432] -> 0x0013
mem[X,0x0000000080000434] -> 0x0000
[205] [M]: 0x0000000080000432 (0x00000013) addi x0, x0, 0x0                         main+82

clint mtime 0x0000000000000067 (mip.MTI <- 0b1, mip.STI <- 0b0)
mem[X,0x0000000080000436] -> 0x0013
mem[X,0x0000000080000438] -> 0x0000
[206] [M]: 0x0000000080000436 (0x00000013) addi x0, x0, 0x0                         main+86

mem[X,0x000000008000043A] -> 0x0013
mem[X,0x000000008000043C] -> 0x0000
[207] [M]: 0x000000008000043A (0x00000013) addi x0, x0, 0x0                         main+90

clint mtime 0x0000000000000068 (mip.MTI <- 0b1, mip.STI <- 0b0)
mem[X,0x000000008000043E] -> 0x0001
[208] [M]: 0x000000008000043E (0x0001) c.nop                                        main+94

mem[X,0x0000000080000440] -> 0x0593
mem[X,0x0000000080000442] -> 0x0CB0
[209] [M]: 0x0000000080000440 (0x0CB00593) addi x11, x0, 0xcb                       main+96
x11 <- 0x00000000000000CB

clint mtime 0x0000000000000069 (mip.MTI <- 0b1, mip.STI <- 0b0)
mem[X,0x0000000080000444] -> 0x5513
mem[X,0x0000000080000446] -> 0x00C5
[210] [M]: 0x0000000080000444 (0x00C55513) srli x10, x10, 0xc                       main+100
x10 <- 0x0000000000000000

mem[X,0x0000000080000448] -> 0x1513
mem[X,0x000000008000044A] -> 0x00A5
[211] [M]: 0x0000000080000448 (0x00A51513) slli x10, x10, 0xa                       main+104
x10 <- 0x0000000000000000

clint mtime 0x000000000000006A (mip.MTI <- 0b1, mip.STI <- 0b0)
mem[X,0x000000008000044C] -> 0x6533
mem[X,0x000000008000044E] -> 0x00B5
[212] [M]: 0x000000008000044C (0x00B56533) or x10, x10, x11                         main+108
x10 <- 0x00000000000000CB

mem[X,0x0000000080000450] -> 0x0013
mem[X,0x0000000080000452] -> 0x0000
[213] [M]: 0x0000000080000450 (0x00000013) addi x0, x0, 0x0                         main+112

clint mtime 0x000000000000006B (mip.MTI <- 0b1, mip.STI <- 0b0)
mem[X,0x0000000080000454] -> 0x0013
mem[X,0x0000000080000456] -> 0x0000
[214] [M]: 0x0000000080000454 (0x00000013) addi x0, x0, 0x0                         main+116

mem[X,0x0000000080000458] -> 0x0013
mem[X,0x000000008000045A] -> 0x0000
[215] [M]: 0x0000000080000458 (0x00000013) addi x0, x0, 0x0                         main+120

clint mtime 0x000000000000006C (mip.MTI <- 0b1, mip.STI <- 0b0)
mem[X,0x000000008000045C] -> 0x0013
mem[X,0x000000008000045E] -> 0x0000
[216] [M]: 0x000000008000045C (0x00000013) addi x0, x0, 0x0                         main+124

mem[X,0x0000000080000460] -> 0x9317
mem[X,0x0000000080000462] -> 0x0000
[217] [M]: 0x0000000080000460 (0x00009317) auipc x6, 0x9                            main+128
x6 <- 0x0000000080009460

clint mtime 0x000000000000006D (mip.MTI <- 0b1, mip.STI <- 0b0)
mem[X,0x0000000080000464] -> 0x0313
mem[X,0x0000000080000466] -> 0xBA03
[218] [M]: 0x0000000080000464 (0xBA030313) addi x6, x6, -0x460                      main+132
x6 <- 0x0000000080009000

mem[X,0x0000000080000468] -> 0x0001
[219] [M]: 0x0000000080000468 (0x0001) c.nop                                        main+136

clint mtime 0x000000000000006E (mip.MTI <- 0b1, mip.STI <- 0b0)
mem[X,0x000000008000046A] -> 0x0013
mem[X,0x000000008000046C] -> 0x0000
[220] [M]: 0x000000008000046A (0x00000013) addi x0, x0, 0x0                         main+138

mem[X,0x000000008000046E] -> 0x0013
mem[X,0x0000000080000470] -> 0x0000
[221] [M]: 0x000000008000046E (0x00000013) addi x0, x0, 0x0                         main+142

clint mtime 0x000000000000006F (mip.MTI <- 0b1, mip.STI <- 0b0)
mem[X,0x0000000080000472] -> 0x0013
mem[X,0x0000000080000474] -> 0x0000
[222] [M]: 0x0000000080000472 (0x00000013) addi x0, x0, 0x0                         main+146

mem[X,0x0000000080000476] -> 0x0013
mem[X,0x0000000080000478] -> 0x0000
[223] [M]: 0x0000000080000476 (0x00000013) addi x0, x0, 0x0                         main+150

clint mtime 0x0000000000000070 (mip.MTI <- 0b1, mip.STI <- 0b0)
mem[X,0x000000008000047A] -> 0x0013
mem[X,0x000000008000047C] -> 0x0000
[224] [M]: 0x000000008000047A (0x00000013) addi x0, x0, 0x0                         main+154

mem[X,0x000000008000047E] -> 0x0001
[225] [M]: 0x000000008000047E (0x0001) c.nop                                        main+158

clint mtime 0x0000000000000071 (mip.MTI <- 0b1, mip.STI <- 0b0)
mem[X,0x0000000080000480] -> 0x0293
mem[X,0x0000000080000482] -> 0x0300
[226] [M]: 0x0000000080000480 (0x03000293) addi x5, x0, 0x30                        main+160
x5 <- 0x0000000000000030

mem[X,0x0000000080000484] -> 0x0333
mem[X,0x0000000080000486] -> 0x0053
[227] [M]: 0x0000000080000484 (0x00530333) add x6, x6, x5                           main+164
x6 <- 0x0000000080009030

clint mtime 0x0000000000000072 (mip.MTI <- 0b1, mip.STI <- 0b0)
mem[X,0x0000000080000488] -> 0x3023
mem[X,0x000000008000048A] -> 0x00A3
[228] [M]: 0x0000000080000488 (0x00A33023) sd x10, 0x0(x6)                          main+168
mem[W,0x0000000080009030] <- 0x00000000000000CB

mem[X,0x000000008000048C] -> 0x0073
mem[X,0x000000008000048E] -> 0x1200
[229] [M]: 0x000000008000048C (0x12000073) sfence.vma x0, x0                        main+172

clint mtime 0x0000000000000073 (mip.MTI <- 0b1, mip.STI <- 0b0)
mem[X,0x0000000080000490] -> 0x0013
mem[X,0x0000000080000492] -> 0x0000
[230] [M]: 0x0000000080000490 (0x00000013) addi x0, x0, 0x0                         main+176

mem[X,0x0000000080000494] -> 0x0013
mem[X,0x0000000080000496] -> 0x0000
[231] [M]: 0x0000000080000494 (0x00000013) addi x0, x0, 0x0                         main+180

clint mtime 0x0000000000000074 (mip.MTI <- 0b1, mip.STI <- 0b0)
mem[X,0x0000000080000498] -> 0x0013
mem[X,0x000000008000049A] -> 0x0000
[232] [M]: 0x0000000080000498 (0x00000013) addi x0, x0, 0x0                         main+184

mem[X,0x000000008000049C] -> 0x0013
mem[X,0x000000008000049E] -> 0x0000
[233] [M]: 0x000000008000049C (0x00000013) addi x0, x0, 0x0                         main+188

clint mtime 0x0000000000000075 (mip.MTI <- 0b1, mip.STI <- 0b0)
mem[X,0x00000000800004A0] -> 0x051B
mem[X,0x00000000800004A2] -> 0x0000
[234] [M]: 0x00000000800004A0 (0x0000051B) addiw x10, x0, 0x0                       main+192
x10 <- 0x0000000000000000

mem[X,0x00000000800004A4] -> 0x0001
[235] [M]: 0x00000000800004A4 (0x0001) c.nop                                        main+196

clint mtime 0x0000000000000076 (mip.MTI <- 0b1, mip.STI <- 0b0)
mem[X,0x00000000800004A6] -> 0x0013
mem[X,0x00000000800004A8] -> 0x0000
[236] [M]: 0x00000000800004A6 (0x00000013) addi x0, x0, 0x0                         main+198

mem[X,0x00000000800004AA] -> 0x0013
mem[X,0x00000000800004AC] -> 0x0000
[237] [M]: 0x00000000800004AA (0x00000013) addi x0, x0, 0x0                         main+202

clint mtime 0x0000000000000077 (mip.MTI <- 0b1, mip.STI <- 0b0)
mem[X,0x00000000800004AE] -> 0x0013
mem[X,0x00000000800004B0] -> 0x0000
[238] [M]: 0x00000000800004AE (0x00000013) addi x0, x0, 0x0                         main+206

mem[X,0x00000000800004B2] -> 0x0013
mem[X,0x00000000800004B4] -> 0x0000
[239] [M]: 0x00000000800004B2 (0x00000013) addi x0, x0, 0x0                         main+210

clint mtime 0x0000000000000078 (mip.MTI <- 0b1, mip.STI <- 0b0)
mem[X,0x00000000800004B6] -> 0x0013
mem[X,0x00000000800004B8] -> 0x0000
[240] [M]: 0x00000000800004B6 (0x00000013) addi x0, x0, 0x0                         main+214

mem[X,0x00000000800004BA] -> 0x0013
mem[X,0x00000000800004BC] -> 0x0000
[241] [M]: 0x00000000800004BA (0x00000013) addi x0, x0, 0x0                         main+218

clint mtime 0x0000000000000079 (mip.MTI <- 0b1, mip.STI <- 0b0)
mem[X,0x00000000800004BE] -> 0x0001
[242] [M]: 0x00000000800004BE (0x0001) c.nop                                        main+222

mem[X,0x00000000800004C0] -> 0x0593
mem[X,0x00000000800004C2] -> 0x0CF0
[243] [M]: 0x00000000800004C0 (0x0CF00593) addi x11, x0, 0xcf                       main+224
x11 <- 0x00000000000000CF

clint mtime 0x000000000000007A (mip.MTI <- 0b1, mip.STI <- 0b0)
mem[X,0x00000000800004C4] -> 0x5513
mem[X,0x00000000800004C6] -> 0x00C5
[244] [M]: 0x00000000800004C4 (0x00C55513) srli x10, x10, 0xc                       main+228
x10 <- 0x0000000000000000

mem[X,0x00000000800004C8] -> 0x1513
mem[X,0x00000000800004CA] -> 0x00A5
[245] [M]: 0x00000000800004C8 (0x00A51513) slli x10, x10, 0xa                       main+232
x10 <- 0x0000000000000000

clint mtime 0x000000000000007B (mip.MTI <- 0b1, mip.STI <- 0b0)
mem[X,0x00000000800004CC] -> 0x6533
mem[X,0x00000000800004CE] -> 0x00B5
[246] [M]: 0x00000000800004CC (0x00B56533) or x10, x10, x11                         main+236
x10 <- 0x00000000000000CF

mem[X,0x00000000800004D0] -> 0x0013
mem[X,0x00000000800004D2] -> 0x0000
[247] [M]: 0x00000000800004D0 (0x00000013) addi x0, x0, 0x0                         main+240

clint mtime 0x000000000000007C (mip.MTI <- 0b1, mip.STI <- 0b0)
mem[X,0x00000000800004D4] -> 0x0013
mem[X,0x00000000800004D6] -> 0x0000
[248] [M]: 0x00000000800004D4 (0x00000013) addi x0, x0, 0x0                         main+244

mem[X,0x00000000800004D8] -> 0x0013
mem[X,0x00000000800004DA] -> 0x0000
[249] [M]: 0x00000000800004D8 (0x00000013) addi x0, x0, 0x0                         main+248

clint mtime 0x000000000000007D (mip.MTI <- 0b1, mip.STI <- 0b0)
mem[X,0x00000000800004DC] -> 0x0013
mem[X,0x00000000800004DE] -> 0x0000
[250] [M]: 0x00000000800004DC (0x00000013) addi x0, x0, 0x0                         main+252

mem[X,0x00000000800004E0] -> 0x9317
mem[X,0x00000000800004E2] -> 0x0000
[251] [M]: 0x00000000800004E0 (0x00009317) auipc x6, 0x9                            main+256
x6 <- 0x00000000800094E0

clint mtime 0x000000000000007E (mip.MTI <- 0b1, mip.STI <- 0b0)
mem[X,0x00000000800004E4] -> 0x0313
mem[X,0x00000000800004E6] -> 0xB203
[252] [M]: 0x00000000800004E4 (0xB2030313) addi x6, x6, -0x4e0                      main+260
x6 <- 0x0000000080009000

mem[X,0x00000000800004E8] -> 0x0001
[253] [M]: 0x00000000800004E8 (0x0001) c.nop                                        main+264

clint mtime 0x000000000000007F (mip.MTI <- 0b1, mip.STI <- 0b0)
mem[X,0x00000000800004EA] -> 0x0013
mem[X,0x00000000800004EC] -> 0x0000
[254] [M]: 0x00000000800004EA (0x00000013) addi x0, x0, 0x0                         main+266

mem[X,0x00000000800004EE] -> 0x0013
mem[X,0x00000000800004F0] -> 0x0000
[255] [M]: 0x00000000800004EE (0x00000013) addi x0, x0, 0x0                         main+270

clint mtime 0x0000000000000080 (mip.MTI <- 0b1, mip.STI <- 0b0)
mem[X,0x00000000800004F2] -> 0x0013
mem[X,0x00000000800004F4] -> 0x0000
[256] [M]: 0x00000000800004F2 (0x00000013) addi x0, x0, 0x0                         main+274

mem[X,0x00000000800004F6] -> 0x0013
mem[X,0x00000000800004F8] -> 0x0000
[257] [M]: 0x00000000800004F6 (0x00000013) addi x0, x0, 0x0                         main+278

clint mtime 0x0000000000000081 (mip.MTI <- 0b1, mip.STI <- 0b0)
mem[X,0x00000000800004FA] -> 0x0013
mem[X,0x00000000800004FC] -> 0x0000
[258] [M]: 0x00000000800004FA (0x00000013) addi x0, x0, 0x0                         main+282

mem[X,0x00000000800004FE] -> 0x0001
[259] [M]: 0x00000000800004FE (0x0001) c.nop                                        main+286

clint mtime 0x0000000000000082 (mip.MTI <- 0b1, mip.STI <- 0b0)
mem[X,0x0000000080000500] -> 0x0293
mem[X,0x0000000080000502] -> 0x0380
[260] [M]: 0x0000000080000500 (0x03800293) addi x5, x0, 0x38                        main+288
x5 <- 0x0000000000000038

mem[X,0x0000000080000504] -> 0x0333
mem[X,0x0000000080000506] -> 0x0053
[261] [M]: 0x0000000080000504 (0x00530333) add x6, x6, x5                           main+292
x6 <- 0x0000000080009038

clint mtime 0x0000000000000083 (mip.MTI <- 0b1, mip.STI <- 0b0)
mem[X,0x0000000080000508] -> 0x3023
mem[X,0x000000008000050A] -> 0x00A3
[262] [M]: 0x0000000080000508 (0x00A33023) sd x10, 0x0(x6)                          main+296
mem[W,0x0000000080009038] <- 0x00000000000000CF

mem[X,0x000000008000050C] -> 0x0073
mem[X,0x000000008000050E] -> 0x1200
[263] [M]: 0x000000008000050C (0x12000073) sfence.vma x0, x0                        main+300

clint mtime 0x0000000000000084 (mip.MTI <- 0b1, mip.STI <- 0b0)
mem[X,0x0000000080000510] -> 0x02B7
mem[X,0x0000000080000512] -> 0x0000
[264] [M]: 0x0000000080000510 (0x000002B7) lui x5, 0x0                              main+304
x5 <- 0x0000000000000000

mem[X,0x0000000080000514] -> 0x8293
mem[X,0x0000000080000516] -> 0x3802
[265] [M]: 0x0000000080000514 (0x38028293) addi x5, x5, 0x380                       main+308
x5 <- 0x0000000000000380

clint mtime 0x0000000000000085 (mip.MTI <- 0b1, mip.STI <- 0b0)
mem[X,0x0000000080000518] -> 0x9293
mem[X,0x000000008000051A] -> 0x00B2
[266] [M]: 0x0000000080000518 (0x00B29293) slli x5, x5, 0xb                         main+312
x5 <- 0x00000000001C0000

mem[X,0x000000008000051C] -> 0x8293
mem[X,0x000000008000051E] -> 0x4002
[267] [M]: 0x000000008000051C (0x40028293) addi x5, x5, 0x400                       main+316
x5 <- 0x00000000001C0400

clint mtime 0x0000000000000086 (mip.MTI <- 0b1, mip.STI <- 0b0)
mem[X,0x0000000080000520] -> 0x9293
mem[X,0x0000000080000522] -> 0x00B2
[268] [M]: 0x0000000080000520 (0x00B29293) slli x5, x5, 0xb                         main+320
x5 <- 0x00000000E0200000

mem[X,0x0000000080000524] -> 0x8293
mem[X,0x0000000080000526] -> 0x00D2
[269] [M]: 0x0000000080000524 (0x00D28293) addi x5, x5, 0xd                         main+324
x5 <- 0x00000000E020000D

clint mtime 0x0000000000000087 (mip.MTI <- 0b1, mip.STI <- 0b0)
mem[X,0x0000000080000528] -> 0x9293
mem[X,0x000000008000052A] -> 0x00A2
[270] [M]: 0x0000000080000528 (0x00A29293) slli x5, x5, 0xa                         main+328
x5 <- 0x0000038080003400

mem[X,0x000000008000052C] -> 0x8293
mem[X,0x000000008000052E] -> 0x1302
[271] [M]: 0x000000008000052C (0x13028293) addi x5, x5, 0x130                       main+332
x5 <- 0x0000038080003530

clint mtime 0x0000000000000088 (mip.MTI <- 0b1, mip.STI <- 0b0)
mem[X,0x0000000080000530] -> 0x0013
mem[X,0x0000000080000532] -> 0x0000
[272] [M]: 0x0000000080000530 (0x00000013) addi x0, x0, 0x0                         main+336

mem[X,0x0000000080000534] -> 0x0013
mem[X,0x0000000080000536] -> 0x0000
[273] [M]: 0x0000000080000534 (0x00000013) addi x0, x0, 0x0                         main+340

clint mtime 0x0000000000000089 (mip.MTI <- 0b1, mip.STI <- 0b0)
mem[X,0x0000000080000538] -> 0x0013
mem[X,0x000000008000053A] -> 0x0000
[274] [M]: 0x0000000080000538 (0x00000013) addi x0, x0, 0x0                         main+344

mem[X,0x000000008000053C] -> 0x0013
mem[X,0x000000008000053E] -> 0x0000
[275] [M]: 0x000000008000053C (0x00000013) addi x0, x0, 0x0                         main+348

clint mtime 0x000000000000008A (mip.MTI <- 0b1, mip.STI <- 0b0)
mem[X,0x0000000080000540] -> 0x3317
mem[X,0x0000000080000542] -> 0x0000
[276] [M]: 0x0000000080000540 (0x00003317) auipc x6, 0x3                            main+352
x6 <- 0x0000000080003540

mem[X,0x0000000080000544] -> 0x0313
mem[X,0x0000000080000546] -> 0xFF03
[277] [M]: 0x0000000080000544 (0xFF030313) addi x6, x6, -0x10                       main+356
x6 <- 0x0000000080003530

clint mtime 0x000000000000008B (mip.MTI <- 0b1, mip.STI <- 0b0)
mem[X,0x0000000080000548] -> 0x0001
[278] [M]: 0x0000000080000548 (0x0001) c.nop                                        main+360

mem[X,0x000000008000054A] -> 0x0013
mem[X,0x000000008000054C] -> 0x0000
[279] [M]: 0x000000008000054A (0x00000013) addi x0, x0, 0x0                         main+362

clint mtime 0x000000000000008C (mip.MTI <- 0b1, mip.STI <- 0b0)
mem[X,0x000000008000054E] -> 0x0013
mem[X,0x0000000080000550] -> 0x0000
[280] [M]: 0x000000008000054E (0x00000013) addi x0, x0, 0x0                         main+366

mem[X,0x0000000080000552] -> 0x0013
mem[X,0x0000000080000554] -> 0x0000
[281] [M]: 0x0000000080000552 (0x00000013) addi x0, x0, 0x0                         main+370

clint mtime 0x000000000000008D (mip.MTI <- 0b1, mip.STI <- 0b0)
mem[X,0x0000000080000556] -> 0x0013
mem[X,0x0000000080000558] -> 0x0000
[282] [M]: 0x0000000080000556 (0x00000013) addi x0, x0, 0x0                         main+374

mem[X,0x000000008000055A] -> 0x0013
mem[X,0x000000008000055C] -> 0x0000
[283] [M]: 0x000000008000055A (0x00000013) addi x0, x0, 0x0                         main+378

clint mtime 0x000000000000008E (mip.MTI <- 0b1, mip.STI <- 0b0)
mem[X,0x000000008000055E] -> 0x0001
[284] [M]: 0x000000008000055E (0x0001) c.nop                                        main+382

mem[X,0x0000000080000560] -> 0x82B3
mem[X,0x0000000080000562] -> 0x4062
[285] [M]: 0x0000000080000560 (0x406282B3) sub x5, x5, x6                           main+384
x5 <- 0x0000038000000000

clint mtime 0x000000000000008F (mip.MTI <- 0b1, mip.STI <- 0b0)
mem[X,0x0000000080000564] -> 0x8E13
mem[X,0x0000000080000566] -> 0x2982
[286] [M]: 0x0000000080000564 (0x29828E13) addi x28, x5, 0x298                      main+388
x28 <- 0x0000038000000298

mem[X,0x0000000080000568] -> 0x2173
mem[X,0x000000008000056A] -> 0x3400
[287] [M]: 0x0000000080000568 (0x34002173) csrrs x2, mscratch, x0                   main+392
CSR mscratch (0x340) -> 0x0000000080003000
x2 <- 0x0000000080003000

clint mtime 0x0000000000000090 (mip.MTI <- 0b1, mip.STI <- 0b0)
mem[X,0x000000008000056C] -> 0x0333
mem[X,0x000000008000056E] -> 0x01C1
[288] [M]: 0x000000008000056C (0x01C10333) add x6, x2, x28                          main+396
x6 <- 0x0000038080003298

mem[X,0x0000000080000570] -> 0x1073
mem[X,0x0000000080000572] -> 0x1403
[289] [M]: 0x0000000080000570 (0x14031073) csrrw x0, sscratch, x6                   main+400
CSR sscratch (0x140) <- 0x0000038080003298

clint mtime 0x0000000000000091 (mip.MTI <- 0b1, mip.STI <- 0b0)
mem[X,0x0000000080000574] -> 0x2173
mem[X,0x0000000080000576] -> 0x3400
[290] [M]: 0x0000000080000574 (0x34002173) csrrs x2, mscratch, x0                   main+404
CSR mscratch (0x340) -> 0x0000000080003000
x2 <- 0x0000000080003000

mem[X,0x0000000080000578] -> 0x02B7
mem[X,0x000000008000057A] -> 0x0000
[291] [M]: 0x0000000080000578 (0x000002B7) lui x5, 0x0                              main+408
x5 <- 0x0000000000000000

clint mtime 0x0000000000000092 (mip.MTI <- 0b1, mip.STI <- 0b0)
mem[X,0x000000008000057C] -> 0x8293
mem[X,0x000000008000057E] -> 0x3002
[292] [M]: 0x000000008000057C (0x30028293) addi x5, x5, 0x300                       main+412
x5 <- 0x0000000000000300

mem[X,0x0000000080000580] -> 0x9293
mem[X,0x0000000080000582] -> 0x00B2
[293] [M]: 0x0000000080000580 (0x00B29293) slli x5, x5, 0xb                         main+416
x5 <- 0x0000000000180000

clint mtime 0x0000000000000093 (mip.MTI <- 0b1, mip.STI <- 0b0)
mem[X,0x0000000080000584] -> 0x8293
mem[X,0x0000000080000586] -> 0x4002
[294] [M]: 0x0000000080000584 (0x40028293) addi x5, x5, 0x400                       main+420
x5 <- 0x0000000000180400

mem[X,0x0000000080000588] -> 0x9293
mem[X,0x000000008000058A] -> 0x00B2
[295] [M]: 0x0000000080000588 (0x00B29293) slli x5, x5, 0xb                         main+424
x5 <- 0x00000000C0200000

clint mtime 0x0000000000000094 (mip.MTI <- 0b1, mip.STI <- 0b0)
mem[X,0x000000008000058C] -> 0x8293
mem[X,0x000000008000058E] -> 0x0002
[296] [M]: 0x000000008000058C (0x00028293) addi x5, x5, 0x0                         main+428
x5 <- 0x00000000C0200000

mem[X,0x0000000080000590] -> 0x9293
mem[X,0x0000000080000592] -> 0x00A2
[297] [M]: 0x0000000080000590 (0x00A29293) slli x5, x5, 0xa                         main+432
x5 <- 0x0000030080000000

clint mtime 0x0000000000000095 (mip.MTI <- 0b1, mip.STI <- 0b0)
mem[X,0x0000000080000594] -> 0x8293
mem[X,0x0000000080000596] -> 0x39C2
[298] [M]: 0x0000000080000594 (0x39C28293) addi x5, x5, 0x39c                       main+436
x5 <- 0x000003008000039C

mem[X,0x0000000080000598] -> 0x0013
mem[X,0x000000008000059A] -> 0x0000
[299] [M]: 0x0000000080000598 (0x00000013) addi x0, x0, 0x0                         main+440

clint mtime 0x0000000000000096 (mip.MTI <- 0b1, mip.STI <- 0b0)
mem[X,0x000000008000059C] -> 0x0013
mem[X,0x000000008000059E] -> 0x0000
[300] [M]: 0x000000008000059C (0x00000013) addi x0, x0, 0x0                         main+444

mem[X,0x00000000800005A0] -> 0x0317
mem[X,0x00000000800005A2] -> 0x0000
[301] [M]: 0x00000000800005A0 (0x00000317) auipc x6, 0x0                            main+448
x6 <- 0x00000000800005A0

clint mtime 0x0000000000000097 (mip.MTI <- 0b1, mip.STI <- 0b0)
mem[X,0x00000000800005A4] -> 0x0313
mem[X,0x00000000800005A6] -> 0xE143
[302] [M]: 0x00000000800005A4 (0xE1430313) addi x6, x6, -0x1ec                      main+452
x6 <- 0x00000000800003B4

mem[X,0x00000000800005A8] -> 0x0001
[303] [M]: 0x00000000800005A8 (0x0001) c.nop                                        main+456

clint mtime 0x0000000000000098 (mip.MTI <- 0b1, mip.STI <- 0b0)
mem[X,0x00000000800005AA] -> 0x0013
mem[X,0x00000000800005AC] -> 0x0000
[304] [M]: 0x00000000800005AA (0x00000013) addi x0, x0, 0x0                         main+458

mem[X,0x00000000800005AE] -> 0x0013
mem[X,0x00000000800005B0] -> 0x0000
[305] [M]: 0x00000000800005AE (0x00000013) addi x0, x0, 0x0                         main+462

clint mtime 0x0000000000000099 (mip.MTI <- 0b1, mip.STI <- 0b0)
mem[X,0x00000000800005B2] -> 0x0013
mem[X,0x00000000800005B4] -> 0x0000
[306] [M]: 0x00000000800005B2 (0x00000013) addi x0, x0, 0x0                         main+466

mem[X,0x00000000800005B6] -> 0x0013
mem[X,0x00000000800005B8] -> 0x0000
[307] [M]: 0x00000000800005B6 (0x00000013) addi x0, x0, 0x0                         main+470

clint mtime 0x000000000000009A (mip.MTI <- 0b1, mip.STI <- 0b0)
mem[X,0x00000000800005BA] -> 0x0013
mem[X,0x00000000800005BC] -> 0x0000
[308] [M]: 0x00000000800005BA (0x00000013) addi x0, x0, 0x0                         main+474

mem[X,0x00000000800005BE] -> 0x0001
[309] [M]: 0x00000000800005BE (0x0001) c.nop                                        main+478

clint mtime 0x000000000000009B (mip.MTI <- 0b1, mip.STI <- 0b0)
mem[X,0x00000000800005C0] -> 0x82B3
mem[X,0x00000000800005C2] -> 0x4062
[310] [M]: 0x00000000800005C0 (0x406282B3) sub x5, x5, x6                           main+480
x5 <- 0x000002FFFFFFFFE8

mem[X,0x00000000800005C4] -> 0x3303
mem[X,0x00000000800005C6] -> 0x1D81
[311] [M]: 0x00000000800005C4 (0x1D813303) ld x6, 0x1d8(x2)                         main+484
mem[R,0x00000000800031D8] -> 0x00000000800003B4
x6 <- 0x00000000800003B4

clint mtime 0x000000000000009C (mip.MTI <- 0b1, mip.STI <- 0b0)
mem[X,0x00000000800005C8] -> 0x03B3
mem[X,0x00000000800005CA] -> 0x0053
[312] [M]: 0x00000000800005C8 (0x005303B3) add x7, x6, x5                           main+488
x7 <- 0x000003008000039C

mem[X,0x00000000800005CC] -> 0x3823
mem[X,0x00000000800005CE] -> 0x4671
[313] [M]: 0x00000000800005CC (0x46713823) sd x7, 0x470(x2)                         main+492
mem[W,0x0000000080003470] <- 0x000003008000039C

clint mtime 0x000000000000009D (mip.MTI <- 0b1, mip.STI <- 0b0)
mem[X,0x00000000800005D0] -> 0x02B7
mem[X,0x00000000800005D2] -> 0x0000
[314] [M]: 0x00000000800005D0 (0x000002B7) lui x5, 0x0                              main+496
x5 <- 0x0000000000000000

mem[X,0x00000000800005D4] -> 0x8293
mem[X,0x00000000800005D6] -> 0x3802
[315] [M]: 0x00000000800005D4 (0x38028293) addi x5, x5, 0x380                       main+500
x5 <- 0x0000000000000380

clint mtime 0x000000000000009E (mip.MTI <- 0b1, mip.STI <- 0b0)
mem[X,0x00000000800005D8] -> 0x9293
mem[X,0x00000000800005DA] -> 0x00B2
[316] [M]: 0x00000000800005D8 (0x00B29293) slli x5, x5, 0xb                         main+504
x5 <- 0x00000000001C0000

mem[X,0x00000000800005DC] -> 0x8293
mem[X,0x00000000800005DE] -> 0x4002
[317] [M]: 0x00000000800005DC (0x40028293) addi x5, x5, 0x400                       main+508
x5 <- 0x00000000001C0400

clint mtime 0x000000000000009F (mip.MTI <- 0b1, mip.STI <- 0b0)
mem[X,0x00000000800005E0] -> 0x9293
mem[X,0x00000000800005E2] -> 0x00B2
[318] [M]: 0x00000000800005E0 (0x00B29293) slli x5, x5, 0xb                         main+512
x5 <- 0x00000000E0200000

mem[X,0x00000000800005E4] -> 0x8293
mem[X,0x00000000800005E6] -> 0x00D2
[319] [M]: 0x00000000800005E4 (0x00D28293) addi x5, x5, 0xd                         main+516
x5 <- 0x00000000E020000D

clint mtime 0x00000000000000A0 (mip.MTI <- 0b1, mip.STI <- 0b0)
mem[X,0x00000000800005E8] -> 0x9293
mem[X,0x00000000800005EA] -> 0x00A2
[320] [M]: 0x00000000800005E8 (0x00A29293) slli x5, x5, 0xa                         main+520
x5 <- 0x0000038080003400

mem[X,0x00000000800005EC] -> 0x8293
mem[X,0x00000000800005EE] -> 0x1302
[321] [M]: 0x00000000800005EC (0x13028293) addi x5, x5, 0x130                       main+524
x5 <- 0x0000038080003530

clint mtime 0x00000000000000A1 (mip.MTI <- 0b1, mip.STI <- 0b0)
mem[X,0x00000000800005F0] -> 0x0013
mem[X,0x00000000800005F2] -> 0x0000
[322] [M]: 0x00000000800005F0 (0x00000013) addi x0, x0, 0x0                         main+528

mem[X,0x00000000800005F4] -> 0x0013
mem[X,0x00000000800005F6] -> 0x0000
[323] [M]: 0x00000000800005F4 (0x00000013) addi x0, x0, 0x0                         main+532

clint mtime 0x00000000000000A2 (mip.MTI <- 0b1, mip.STI <- 0b0)
mem[X,0x00000000800005F8] -> 0x0013
mem[X,0x00000000800005FA] -> 0x0000
[324] [M]: 0x00000000800005F8 (0x00000013) addi x0, x0, 0x0                         main+536

mem[X,0x00000000800005FC] -> 0x0013
mem[X,0x00000000800005FE] -> 0x0000
[325] [M]: 0x00000000800005FC (0x00000013) addi x0, x0, 0x0                         main+540

clint mtime 0x00000000000000A3 (mip.MTI <- 0b1, mip.STI <- 0b0)
mem[X,0x0000000080000600] -> 0x3317
mem[X,0x0000000080000602] -> 0x0000
[326] [M]: 0x0000000080000600 (0x00003317) auipc x6, 0x3                            main+544
x6 <- 0x0000000080003600

mem[X,0x0000000080000604] -> 0x0313
mem[X,0x0000000080000606] -> 0xF303
[327] [M]: 0x0000000080000604 (0xF3030313) addi x6, x6, -0xd0                       main+548
x6 <- 0x0000000080003530

clint mtime 0x00000000000000A4 (mip.MTI <- 0b1, mip.STI <- 0b0)
mem[X,0x0000000080000608] -> 0x0001
[328] [M]: 0x0000000080000608 (0x0001) c.nop                                        main+552

mem[X,0x000000008000060A] -> 0x0013
mem[X,0x000000008000060C] -> 0x0000
[329] [M]: 0x000000008000060A (0x00000013) addi x0, x0, 0x0                         main+554

clint mtime 0x00000000000000A5 (mip.MTI <- 0b1, mip.STI <- 0b0)
mem[X,0x000000008000060E] -> 0x0013
mem[X,0x0000000080000610] -> 0x0000
[330] [M]: 0x000000008000060E (0x00000013) addi x0, x0, 0x0                         main+558

mem[X,0x0000000080000612] -> 0x0013
mem[X,0x0000000080000614] -> 0x0000
[331] [M]: 0x0000000080000612 (0x00000013) addi x0, x0, 0x0                         main+562

clint mtime 0x00000000000000A6 (mip.MTI <- 0b1, mip.STI <- 0b0)
mem[X,0x0000000080000616] -> 0x0013
mem[X,0x0000000080000618] -> 0x0000
[332] [M]: 0x0000000080000616 (0x00000013) addi x0, x0, 0x0                         main+566

mem[X,0x000000008000061A] -> 0x0013
mem[X,0x000000008000061C] -> 0x0000
[333] [M]: 0x000000008000061A (0x00000013) addi x0, x0, 0x0                         main+570

clint mtime 0x00000000000000A7 (mip.MTI <- 0b1, mip.STI <- 0b0)
mem[X,0x000000008000061E] -> 0x0001
[334] [M]: 0x000000008000061E (0x0001) c.nop                                        main+574

mem[X,0x0000000080000620] -> 0x82B3
mem[X,0x0000000080000622] -> 0x4062
[335] [M]: 0x0000000080000620 (0x406282B3) sub x5, x5, x6                           main+576
x5 <- 0x0000038000000000

clint mtime 0x00000000000000A8 (mip.MTI <- 0b1, mip.STI <- 0b0)
mem[X,0x0000000080000624] -> 0x3303
mem[X,0x0000000080000626] -> 0x1E81
[336] [M]: 0x0000000080000624 (0x1E813303) ld x6, 0x1e8(x2)                         main+580
mem[R,0x00000000800031E8] -> 0x0000000080003530
x6 <- 0x0000000080003530

mem[X,0x0000000080000628] -> 0x03B3
mem[X,0x000000008000062A] -> 0x0053
[337] [M]: 0x0000000080000628 (0x005303B3) add x7, x6, x5                           main+584
x7 <- 0x0000038080003530

clint mtime 0x00000000000000A9 (mip.MTI <- 0b1, mip.STI <- 0b0)
mem[X,0x000000008000062C] -> 0x3023
mem[X,0x000000008000062E] -> 0x4871
[338] [M]: 0x000000008000062C (0x48713023) sd x7, 0x480(x2)                         main+588
mem[W,0x0000000080003480] <- 0x0000038080003530

mem[X,0x0000000080000630] -> 0x0013
mem[X,0x0000000080000632] -> 0x0000
[339] [M]: 0x0000000080000630 (0x00000013) addi x0, x0, 0x0                         main+592

clint mtime 0x00000000000000AA (mip.MTI <- 0b1, mip.STI <- 0b0)
mem[X,0x0000000080000634] -> 0x0013
mem[X,0x0000000080000636] -> 0x0000
[340] [M]: 0x0000000080000634 (0x00000013) addi x0, x0, 0x0                         main+596

mem[X,0x0000000080000638] -> 0x0013
mem[X,0x000000008000063A] -> 0x0000
[341] [M]: 0x0000000080000638 (0x00000013) addi x0, x0, 0x0                         main+600

clint mtime 0x00000000000000AB (mip.MTI <- 0b1, mip.STI <- 0b0)
mem[X,0x000000008000063C] -> 0x0013
mem[X,0x000000008000063E] -> 0x0000
[342] [M]: 0x000000008000063C (0x00000013) addi x0, x0, 0x0                         main+604

mem[X,0x0000000080000640] -> 0x9F97
mem[X,0x0000000080000642] -> 0x0000
[343] [M]: 0x0000000080000640 (0x00009F97) auipc x31, 0x9                           main+608
x31 <- 0x0000000080009640

clint mtime 0x00000000000000AC (mip.MTI <- 0b1, mip.STI <- 0b0)
mem[X,0x0000000080000644] -> 0x8F93
mem[X,0x0000000080000646] -> 0x9C0F
[344] [M]: 0x0000000080000644 (0x9C0F8F93) addi x31, x31, -0x640                    main+612
x31 <- 0x0000000080009000

mem[X,0x0000000080000648] -> 0x0001
[345] [M]: 0x0000000080000648 (0x0001) c.nop                                        main+616

clint mtime 0x00000000000000AD (mip.MTI <- 0b1, mip.STI <- 0b0)
mem[X,0x000000008000064A] -> 0x0013
mem[X,0x000000008000064C] -> 0x0000
[346] [M]: 0x000000008000064A (0x00000013) addi x0, x0, 0x0                         main+618

mem[X,0x000000008000064E] -> 0x0013
mem[X,0x0000000080000650] -> 0x0000
[347] [M]: 0x000000008000064E (0x00000013) addi x0, x0, 0x0                         main+622

clint mtime 0x00000000000000AE (mip.MTI <- 0b1, mip.STI <- 0b0)
mem[X,0x0000000080000652] -> 0x0013
mem[X,0x0000000080000654] -> 0x0000
[348] [M]: 0x0000000080000652 (0x00000013) addi x0, x0, 0x0                         main+626

mem[X,0x0000000080000656] -> 0x0013
mem[X,0x0000000080000658] -> 0x0000
[349] [M]: 0x0000000080000656 (0x00000013) addi x0, x0, 0x0                         main+630

clint mtime 0x00000000000000AF (mip.MTI <- 0b1, mip.STI <- 0b0)
mem[X,0x000000008000065A] -> 0x0013
mem[X,0x000000008000065C] -> 0x0000
[350] [M]: 0x000000008000065A (0x00000013) addi x0, x0, 0x0                         main+634

mem[X,0x000000008000065E] -> 0x0001
[351] [M]: 0x000000008000065E (0x0001) c.nop                                        main+638

clint mtime 0x00000000000000B0 (mip.MTI <- 0b1, mip.STI <- 0b0)
mem[X,0x0000000080000660] -> 0x0F13
mem[X,0x0000000080000662] -> 0x0090
[352] [M]: 0x0000000080000660 (0x00900F13) addi x30, x0, 0x9                        main+640
x30 <- 0x0000000000000009

mem[X,0x0000000080000664] -> 0x1F13
mem[X,0x0000000080000666] -> 0x03CF
[353] [M]: 0x0000000080000664 (0x03CF1F13) slli x30, x30, 0x3c                      main+644
x30 <- 0x9000000000000000

clint mtime 0x00000000000000B1 (mip.MTI <- 0b1, mip.STI <- 0b0)
mem[X,0x0000000080000668] -> 0xDF93
mem[X,0x000000008000066A] -> 0x00CF
[354] [M]: 0x0000000080000668 (0x00CFDF93) srli x31, x31, 0xc                       main+648
x31 <- 0x0000000000080009

mem[X,0x000000008000066C] -> 0xEFB3
mem[X,0x000000008000066E] -> 0x01EF
[355] [M]: 0x000000008000066C (0x01EFEFB3) or x31, x31, x30                         main+652
x31 <- 0x9000000000080009

clint mtime 0x00000000000000B2 (mip.MTI <- 0b1, mip.STI <- 0b0)
mem[X,0x0000000080000670] -> 0x9073
mem[X,0x0000000080000672] -> 0x180F
[356] [M]: 0x0000000080000670 (0x180F9073) csrrw x0, satp, x31                      main+656
CSR satp (0x180) <- 0x9000000000080009

mem[X,0x0000000080000674] -> 0x0073
mem[X,0x0000000080000676] -> 0x1200
[357] [M]: 0x0000000080000674 (0x12000073) sfence.vma x0, x0                        main+660

clint mtime 0x00000000000000B3 (mip.MTI <- 0b1, mip.STI <- 0b0)
mem[X,0x0000000080000678] -> 0x0013
mem[X,0x000000008000067A] -> 0x0000
[358] [M]: 0x0000000080000678 (0x00000013) addi x0, x0, 0x0                         main+664

mem[X,0x000000008000067C] -> 0x0013
mem[X,0x000000008000067E] -> 0x0000
[359] [M]: 0x000000008000067C (0x00000013) addi x0, x0, 0x0                         main+668

clint mtime 0x00000000000000B4 (mip.MTI <- 0b1, mip.STI <- 0b0)
mem[X,0x0000000080000680] -> 0x8517
mem[X,0x0000000080000682] -> 0x0000
[360] [M]: 0x0000000080000680 (0x00008517) auipc x10, 0x8                           main+672
x10 <- 0x0000000080008680

mem[X,0x0000000080000684] -> 0x0513
mem[X,0x0000000080000686] -> 0x9805
[361] [M]: 0x0000000080000684 (0x98050513) addi x10, x10, -0x680                    main+676
x10 <- 0x0000000080008000

clint mtime 0x00000000000000B5 (mip.MTI <- 0b1, mip.STI <- 0b0)
mem[X,0x0000000080000688] -> 0x0001
[362] [M]: 0x0000000080000688 (0x0001) c.nop                                        main+680

mem[X,0x000000008000068A] -> 0x0013
mem[X,0x000000008000068C] -> 0x0000
[363] [M]: 0x000000008000068A (0x00000013) addi x0, x0, 0x0                         main+682

clint mtime 0x00000000000000B6 (mip.MTI <- 0b1, mip.STI <- 0b0)
mem[X,0x000000008000068E] -> 0x0013
mem[X,0x0000000080000690] -> 0x0000
[364] [M]: 0x000000008000068E (0x00000013) addi x0, x0, 0x0                         main+686

mem[X,0x0000000080000692] -> 0x0013
mem[X,0x0000000080000694] -> 0x0000
[365] [M]: 0x0000000080000692 (0x00000013) addi x0, x0, 0x0                         main+690

clint mtime 0x00000000000000B7 (mip.MTI <- 0b1, mip.STI <- 0b0)
mem[X,0x0000000080000696] -> 0x0013
mem[X,0x0000000080000698] -> 0x0000
[366] [M]: 0x0000000080000696 (0x00000013) addi x0, x0, 0x0                         main+694

mem[X,0x000000008000069A] -> 0x0013
mem[X,0x000000008000069C] -> 0x0000
[367] [M]: 0x000000008000069A (0x00000013) addi x0, x0, 0x0                         main+698

clint mtime 0x00000000000000B8 (mip.MTI <- 0b1, mip.STI <- 0b0)
mem[X,0x000000008000069E] -> 0x0001
[368] [M]: 0x000000008000069E (0x0001) c.nop                                        main+702

mem[X,0x00000000800006A0] -> 0x0593
mem[X,0x00000000800006A2] -> 0x0010
[369] [M]: 0x00000000800006A0 (0x00100593) addi x11, x0, 0x1                        main+704
x11 <- 0x0000000000000001

clint mtime 0x00000000000000B9 (mip.MTI <- 0b1, mip.STI <- 0b0)
mem[X,0x00000000800006A4] -> 0x5513
mem[X,0x00000000800006A6] -> 0x00C5
[370] [M]: 0x00000000800006A4 (0x00C55513) srli x10, x10, 0xc                       main+708
x10 <- 0x0000000000080008

mem[X,0x00000000800006A8] -> 0x1513
mem[X,0x00000000800006AA] -> 0x00A5
[371] [M]: 0x00000000800006A8 (0x00A51513) slli x10, x10, 0xa                       main+712
x10 <- 0x0000000020002000

clint mtime 0x00000000000000BA (mip.MTI <- 0b1, mip.STI <- 0b0)
mem[X,0x00000000800006AC] -> 0x6533
mem[X,0x00000000800006AE] -> 0x00B5
[372] [M]: 0x00000000800006AC (0x00B56533) or x10, x10, x11                         main+716
x10 <- 0x0000000020002001

mem[X,0x00000000800006B0] -> 0x0013
mem[X,0x00000000800006B2] -> 0x0000
[373] [M]: 0x00000000800006B0 (0x00000013) addi x0, x0, 0x0                         main+720

clint mtime 0x00000000000000BB (mip.MTI <- 0b1, mip.STI <- 0b0)
mem[X,0x00000000800006B4] -> 0x0013
mem[X,0x00000000800006B6] -> 0x0000
[374] [M]: 0x00000000800006B4 (0x00000013) addi x0, x0, 0x0                         main+724

mem[X,0x00000000800006B8] -> 0x0013
mem[X,0x00000000800006BA] -> 0x0000
[375] [M]: 0x00000000800006B8 (0x00000013) addi x0, x0, 0x0                         main+728

clint mtime 0x00000000000000BC (mip.MTI <- 0b1, mip.STI <- 0b0)
mem[X,0x00000000800006BC] -> 0x0013
mem[X,0x00000000800006BE] -> 0x0000
[376] [M]: 0x00000000800006BC (0x00000013) addi x0, x0, 0x0                         main+732

mem[X,0x00000000800006C0] -> 0x9317
mem[X,0x00000000800006C2] -> 0x0000
[377] [M]: 0x00000000800006C0 (0x00009317) auipc x6, 0x9                            main+736
x6 <- 0x00000000800096C0

clint mtime 0x00000000000000BD (mip.MTI <- 0b1, mip.STI <- 0b0)
mem[X,0x00000000800006C4] -> 0x0313
mem[X,0x00000000800006C6] -> 0x9403
[378] [M]: 0x00000000800006C4 (0x94030313) addi x6, x6, -0x6c0                      main+740
x6 <- 0x0000000080009000

mem[X,0x00000000800006C8] -> 0x0001
[379] [M]: 0x00000000800006C8 (0x0001) c.nop                                        main+744

clint mtime 0x00000000000000BE (mip.MTI <- 0b1, mip.STI <- 0b0)
mem[X,0x00000000800006CA] -> 0x0013
mem[X,0x00000000800006CC] -> 0x0000
[380] [M]: 0x00000000800006CA (0x00000013) addi x0, x0, 0x0                         main+746

mem[X,0x00000000800006CE] -> 0x0013
mem[X,0x00000000800006D0] -> 0x0000
[381] [M]: 0x00000000800006CE (0x00000013) addi x0, x0, 0x0                         main+750

clint mtime 0x00000000000000BF (mip.MTI <- 0b1, mip.STI <- 0b0)
mem[X,0x00000000800006D2] -> 0x0013
mem[X,0x00000000800006D4] -> 0x0000
[382] [M]: 0x00000000800006D2 (0x00000013) addi x0, x0, 0x0                         main+754

mem[X,0x00000000800006D6] -> 0x0013
mem[X,0x00000000800006D8] -> 0x0000
[383] [M]: 0x00000000800006D6 (0x00000013) addi x0, x0, 0x0                         main+758

clint mtime 0x00000000000000C0 (mip.MTI <- 0b1, mip.STI <- 0b0)
mem[X,0x00000000800006DA] -> 0x0013
mem[X,0x00000000800006DC] -> 0x0000
[384] [M]: 0x00000000800006DA (0x00000013) addi x0, x0, 0x0                         main+762

mem[X,0x00000000800006DE] -> 0x0001
[385] [M]: 0x00000000800006DE (0x0001) c.nop                                        main+766

clint mtime 0x00000000000000C1 (mip.MTI <- 0b1, mip.STI <- 0b0)
mem[X,0x00000000800006E0] -> 0x0293
mem[X,0x00000000800006E2] -> 0xFFF0
[386] [M]: 0x00000000800006E0 (0xFFF00293) addi x5, x0, -0x1                        main+768
x5 <- 0xFFFFFFFFFFFFFFFF

mem[X,0x00000000800006E4] -> 0xD293
mem[X,0x00000000800006E6] -> 0x0372
[387] [M]: 0x00000000800006E4 (0x0372D293) srli x5, x5, 0x37                        main+772
x5 <- 0x00000000000001FF

clint mtime 0x00000000000000C2 (mip.MTI <- 0b1, mip.STI <- 0b0)
mem[X,0x00000000800006E8] -> 0x9293
mem[X,0x00000000800006EA] -> 0x0032
[388] [M]: 0x00000000800006E8 (0x00329293) slli x5, x5, 0x3                         main+776
x5 <- 0x0000000000000FF8

mem[X,0x00000000800006EC] -> 0x0333
mem[X,0x00000000800006EE] -> 0x0053
[389] [M]: 0x00000000800006EC (0x00530333) add x6, x6, x5                           main+780
x6 <- 0x0000000080009FF8

clint mtime 0x00000000000000C3 (mip.MTI <- 0b1, mip.STI <- 0b0)
mem[X,0x00000000800006F0] -> 0x3023
mem[X,0x00000000800006F2] -> 0x00A3
[390] [M]: 0x00000000800006F0 (0x00A33023) sd x10, 0x0(x6)                          main+784
mem[W,0x0000000080009FF8] <- 0x0000000020002001

mem[X,0x00000000800006F4] -> 0x0013
mem[X,0x00000000800006F6] -> 0x0000
[391] [M]: 0x00000000800006F4 (0x00000013) addi x0, x0, 0x0                         main+788

clint mtime 0x00000000000000C4 (mip.MTI <- 0b1, mip.STI <- 0b0)
mem[X,0x00000000800006F8] -> 0x0013
mem[X,0x00000000800006FA] -> 0x0000
[392] [M]: 0x00000000800006F8 (0x00000013) addi x0, x0, 0x0                         main+792

mem[X,0x00000000800006FC] -> 0x0013
mem[X,0x00000000800006FE] -> 0x0000
[393] [M]: 0x00000000800006FC (0x00000013) addi x0, x0, 0x0                         main+796

clint mtime 0x00000000000000C5 (mip.MTI <- 0b1, mip.STI <- 0b0)
mem[X,0x0000000080000700] -> 0x7517
mem[X,0x0000000080000702] -> 0x0000
[394] [M]: 0x0000000080000700 (0x00007517) auipc x10, 0x7                           main+800
x10 <- 0x0000000080007700

mem[X,0x0000000080000704] -> 0x0513
mem[X,0x0000000080000706] -> 0x9005
[395] [M]: 0x0000000080000704 (0x90050513) addi x10, x10, -0x700                    main+804
x10 <- 0x0000000080007000

clint mtime 0x00000000000000C6 (mip.MTI <- 0b1, mip.STI <- 0b0)
mem[X,0x0000000080000708] -> 0x0001
[396] [M]: 0x0000000080000708 (0x0001) c.nop                                        main+808

mem[X,0x000000008000070A] -> 0x0013
mem[X,0x000000008000070C] -> 0x0000
[397] [M]: 0x000000008000070A (0x00000013) addi x0, x0, 0x0                         main+810

clint mtime 0x00000000000000C7 (mip.MTI <- 0b1, mip.STI <- 0b0)
mem[X,0x000000008000070E] -> 0x0013
mem[X,0x0000000080000710] -> 0x0000
[398] [M]: 0x000000008000070E (0x00000013) addi x0, x0, 0x0                         main+814

mem[X,0x0000000080000712] -> 0x0013
mem[X,0x0000000080000714] -> 0x0000
[399] [M]: 0x0000000080000712 (0x00000013) addi x0, x0, 0x0                         main+818

clint mtime 0x00000000000000C8 (mip.MTI <- 0b1, mip.STI <- 0b0)
mem[X,0x0000000080000716] -> 0x0013
mem[X,0x0000000080000718] -> 0x0000
[400] [M]: 0x0000000080000716 (0x00000013) addi x0, x0, 0x0                         main+822

mem[X,0x000000008000071A] -> 0x0013
mem[X,0x000000008000071C] -> 0x0000
[401] [M]: 0x000000008000071A (0x00000013) addi x0, x0, 0x0                         main+826

clint mtime 0x00000000000000C9 (mip.MTI <- 0b1, mip.STI <- 0b0)
mem[X,0x000000008000071E] -> 0x0001
[402] [M]: 0x000000008000071E (0x0001) c.nop                                        main+830

mem[X,0x0000000080000720] -> 0x0593
mem[X,0x0000000080000722] -> 0x0010
[403] [M]: 0x0000000080000720 (0x00100593) addi x11, x0, 0x1                        main+832
x11 <- 0x0000000000000001

clint mtime 0x00000000000000CA (mip.MTI <- 0b1, mip.STI <- 0b0)
mem[X,0x0000000080000724] -> 0x5513
mem[X,0x0000000080000726] -> 0x00C5
[404] [M]: 0x0000000080000724 (0x00C55513) srli x10, x10, 0xc                       main+836
x10 <- 0x0000000000080007

mem[X,0x0000000080000728] -> 0x1513
mem[X,0x000000008000072A] -> 0x00A5
[405] [M]: 0x0000000080000728 (0x00A51513) slli x10, x10, 0xa                       main+840
x10 <- 0x0000000020001C00

clint mtime 0x00000000000000CB (mip.MTI <- 0b1, mip.STI <- 0b0)
mem[X,0x000000008000072C] -> 0x6533
mem[X,0x000000008000072E] -> 0x00B5
[406] [M]: 0x000000008000072C (0x00B56533) or x10, x10, x11                         main+844
x10 <- 0x0000000020001C01

mem[X,0x0000000080000730] -> 0x0013
mem[X,0x0000000080000732] -> 0x0000
[407] [M]: 0x0000000080000730 (0x00000013) addi x0, x0, 0x0                         main+848

clint mtime 0x00000000000000CC (mip.MTI <- 0b1, mip.STI <- 0b0)
mem[X,0x0000000080000734] -> 0x0013
mem[X,0x0000000080000736] -> 0x0000
[408] [M]: 0x0000000080000734 (0x00000013) addi x0, x0, 0x0                         main+852

mem[X,0x0000000080000738] -> 0x0013
mem[X,0x000000008000073A] -> 0x0000
[409] [M]: 0x0000000080000738 (0x00000013) addi x0, x0, 0x0                         main+856

clint mtime 0x00000000000000CD (mip.MTI <- 0b1, mip.STI <- 0b0)
mem[X,0x000000008000073C] -> 0x0013
mem[X,0x000000008000073E] -> 0x0000
[410] [M]: 0x000000008000073C (0x00000013) addi x0, x0, 0x0                         main+860

mem[X,0x0000000080000740] -> 0x8317
mem[X,0x0000000080000742] -> 0x0000
[411] [M]: 0x0000000080000740 (0x00008317) auipc x6, 0x8                            main+864
x6 <- 0x0000000080008740

clint mtime 0x00000000000000CE (mip.MTI <- 0b1, mip.STI <- 0b0)
mem[X,0x0000000080000744] -> 0x0313
mem[X,0x0000000080000746] -> 0x8C03
[412] [M]: 0x0000000080000744 (0x8C030313) addi x6, x6, -0x740                      main+868
x6 <- 0x0000000080008000

mem[X,0x0000000080000748] -> 0x0001
[413] [M]: 0x0000000080000748 (0x0001) c.nop                                        main+872

clint mtime 0x00000000000000CF (mip.MTI <- 0b1, mip.STI <- 0b0)
mem[X,0x000000008000074A] -> 0x0013
mem[X,0x000000008000074C] -> 0x0000
[414] [M]: 0x000000008000074A (0x00000013) addi x0, x0, 0x0                         main+874

mem[X,0x000000008000074E] -> 0x0013
mem[X,0x0000000080000750] -> 0x0000
[415] [M]: 0x000000008000074E (0x00000013) addi x0, x0, 0x0                         main+878

clint mtime 0x00000000000000D0 (mip.MTI <- 0b1, mip.STI <- 0b0)
mem[X,0x0000000080000752] -> 0x0013
mem[X,0x0000000080000754] -> 0x0000
[416] [M]: 0x0000000080000752 (0x00000013) addi x0, x0, 0x0                         main+882

mem[X,0x0000000080000756] -> 0x0013
mem[X,0x0000000080000758] -> 0x0000
[417] [M]: 0x0000000080000756 (0x00000013) addi x0, x0, 0x0                         main+886

clint mtime 0x00000000000000D1 (mip.MTI <- 0b1, mip.STI <- 0b0)
mem[X,0x000000008000075A] -> 0x0013
mem[X,0x000000008000075C] -> 0x0000
[418] [M]: 0x000000008000075A (0x00000013) addi x0, x0, 0x0                         main+890

mem[X,0x000000008000075E] -> 0x0001
[419] [M]: 0x000000008000075E (0x0001) c.nop                                        main+894

clint mtime 0x00000000000000D2 (mip.MTI <- 0b1, mip.STI <- 0b0)
mem[X,0x0000000080000760] -> 0x0293
mem[X,0x0000000080000762] -> 0xFFF0
[420] [M]: 0x0000000080000760 (0xFFF00293) addi x5, x0, -0x1                        main+896
x5 <- 0xFFFFFFFFFFFFFFFF

mem[X,0x0000000080000764] -> 0xD293
mem[X,0x0000000080000766] -> 0x0372
[421] [M]: 0x0000000080000764 (0x0372D293) srli x5, x5, 0x37                        main+900
x5 <- 0x00000000000001FF

clint mtime 0x00000000000000D3 (mip.MTI <- 0b1, mip.STI <- 0b0)
mem[X,0x0000000080000768] -> 0x9293
mem[X,0x000000008000076A] -> 0x0032
[422] [M]: 0x0000000080000768 (0x00329293) slli x5, x5, 0x3                         main+904
x5 <- 0x0000000000000FF8

mem[X,0x000000008000076C] -> 0x0333
mem[X,0x000000008000076E] -> 0x0053
[423] [M]: 0x000000008000076C (0x00530333) add x6, x6, x5                           main+908
x6 <- 0x0000000080008FF8

clint mtime 0x00000000000000D4 (mip.MTI <- 0b1, mip.STI <- 0b0)
mem[X,0x0000000080000770] -> 0x3023
mem[X,0x0000000080000772] -> 0x00A3
[424] [M]: 0x0000000080000770 (0x00A33023) sd x10, 0x0(x6)                          main+912
mem[W,0x0000000080008FF8] <- 0x0000000020001C01

mem[X,0x0000000080000774] -> 0x0013
mem[X,0x0000000080000776] -> 0x0000
[425] [M]: 0x0000000080000774 (0x00000013) addi x0, x0, 0x0                         main+916

clint mtime 0x00000000000000D5 (mip.MTI <- 0b1, mip.STI <- 0b0)
mem[X,0x0000000080000778] -> 0x0013
mem[X,0x000000008000077A] -> 0x0000
[426] [M]: 0x0000000080000778 (0x00000013) addi x0, x0, 0x0                         main+920

mem[X,0x000000008000077C] -> 0x0013
mem[X,0x000000008000077E] -> 0x0000
[427] [M]: 0x000000008000077C (0x00000013) addi x0, x0, 0x0                         main+924

clint mtime 0x00000000000000D6 (mip.MTI <- 0b1, mip.STI <- 0b0)
mem[X,0x0000000080000780] -> 0x6517
mem[X,0x0000000080000782] -> 0x0000
[428] [M]: 0x0000000080000780 (0x00006517) auipc x10, 0x6                           main+928
x10 <- 0x0000000080006780

mem[X,0x0000000080000784] -> 0x0513
mem[X,0x0000000080000786] -> 0x8805
[429] [M]: 0x0000000080000784 (0x88050513) addi x10, x10, -0x780                    main+932
x10 <- 0x0000000080006000

clint mtime 0x00000000000000D7 (mip.MTI <- 0b1, mip.STI <- 0b0)
mem[X,0x0000000080000788] -> 0x0001
[430] [M]: 0x0000000080000788 (0x0001) c.nop                                        main+936

mem[X,0x000000008000078A] -> 0x0013
mem[X,0x000000008000078C] -> 0x0000
[431] [M]: 0x000000008000078A (0x00000013) addi x0, x0, 0x0                         main+938

clint mtime 0x00000000000000D8 (mip.MTI <- 0b1, mip.STI <- 0b0)
mem[X,0x000000008000078E] -> 0x0013
mem[X,0x0000000080000790] -> 0x0000
[432] [M]: 0x000000008000078E (0x00000013) addi x0, x0, 0x0                         main+942

mem[X,0x0000000080000792] -> 0x0013
mem[X,0x0000000080000794] -> 0x0000
[433] [M]: 0x0000000080000792 (0x00000013) addi x0, x0, 0x0                         main+946

clint mtime 0x00000000000000D9 (mip.MTI <- 0b1, mip.STI <- 0b0)
mem[X,0x0000000080000796] -> 0x0013
mem[X,0x0000000080000798] -> 0x0000
[434] [M]: 0x0000000080000796 (0x00000013) addi x0, x0, 0x0                         main+950

mem[X,0x000000008000079A] -> 0x0013
mem[X,0x000000008000079C] -> 0x0000
[435] [M]: 0x000000008000079A (0x00000013) addi x0, x0, 0x0                         main+954

clint mtime 0x00000000000000DA (mip.MTI <- 0b1, mip.STI <- 0b0)
mem[X,0x000000008000079E] -> 0x0001
[436] [M]: 0x000000008000079E (0x0001) c.nop                                        main+958

mem[X,0x00000000800007A0] -> 0x0593
mem[X,0x00000000800007A2] -> 0x0010
[437] [M]: 0x00000000800007A0 (0x00100593) addi x11, x0, 0x1                        main+960
x11 <- 0x0000000000000001

clint mtime 0x00000000000000DB (mip.MTI <- 0b1, mip.STI <- 0b0)
mem[X,0x00000000800007A4] -> 0x5513
mem[X,0x00000000800007A6] -> 0x00C5
[438] [M]: 0x00000000800007A4 (0x00C55513) srli x10, x10, 0xc                       main+964
x10 <- 0x0000000000080006

mem[X,0x00000000800007A8] -> 0x1513
mem[X,0x00000000800007AA] -> 0x00A5
[439] [M]: 0x00000000800007A8 (0x00A51513) slli x10, x10, 0xa                       main+968
x10 <- 0x0000000020001800

clint mtime 0x00000000000000DC (mip.MTI <- 0b1, mip.STI <- 0b0)
mem[X,0x00000000800007AC] -> 0x6533
mem[X,0x00000000800007AE] -> 0x00B5
[440] [M]: 0x00000000800007AC (0x00B56533) or x10, x10, x11                         main+972
x10 <- 0x0000000020001801

mem[X,0x00000000800007B0] -> 0x0013
mem[X,0x00000000800007B2] -> 0x0000
[441] [M]: 0x00000000800007B0 (0x00000013) addi x0, x0, 0x0                         main+976

clint mtime 0x00000000000000DD (mip.MTI <- 0b1, mip.STI <- 0b0)
mem[X,0x00000000800007B4] -> 0x0013
mem[X,0x00000000800007B6] -> 0x0000
[442] [M]: 0x00000000800007B4 (0x00000013) addi x0, x0, 0x0                         main+980

mem[X,0x00000000800007B8] -> 0x0013
mem[X,0x00000000800007BA] -> 0x0000
[443] [M]: 0x00000000800007B8 (0x00000013) addi x0, x0, 0x0                         main+984

clint mtime 0x00000000000000DE (mip.MTI <- 0b1, mip.STI <- 0b0)
mem[X,0x00000000800007BC] -> 0x0013
mem[X,0x00000000800007BE] -> 0x0000
[444] [M]: 0x00000000800007BC (0x00000013) addi x0, x0, 0x0                         main+988

mem[X,0x00000000800007C0] -> 0x7317
mem[X,0x00000000800007C2] -> 0x0000
[445] [M]: 0x00000000800007C0 (0x00007317) auipc x6, 0x7                            main+992
x6 <- 0x00000000800077C0

clint mtime 0x00000000000000DF (mip.MTI <- 0b1, mip.STI <- 0b0)
mem[X,0x00000000800007C4] -> 0x0313
mem[X,0x00000000800007C6] -> 0x8403
[446] [M]: 0x00000000800007C4 (0x84030313) addi x6, x6, -0x7c0                      main+996
x6 <- 0x0000000080007000

mem[X,0x00000000800007C8] -> 0x0001
[447] [M]: 0x00000000800007C8 (0x0001) c.nop                                        main+1000

clint mtime 0x00000000000000E0 (mip.MTI <- 0b1, mip.STI <- 0b0)
mem[X,0x00000000800007CA] -> 0x0013
mem[X,0x00000000800007CC] -> 0x0000
[448] [M]: 0x00000000800007CA (0x00000013) addi x0, x0, 0x0                         main+1002

mem[X,0x00000000800007CE] -> 0x0013
mem[X,0x00000000800007D0] -> 0x0000
[449] [M]: 0x00000000800007CE (0x00000013) addi x0, x0, 0x0                         main+1006

clint mtime 0x00000000000000E1 (mip.MTI <- 0b1, mip.STI <- 0b0)
mem[X,0x00000000800007D2] -> 0x0013
mem[X,0x00000000800007D4] -> 0x0000
[450] [M]: 0x00000000800007D2 (0x00000013) addi x0, x0, 0x0                         main+1010

mem[X,0x00000000800007D6] -> 0x0013
mem[X,0x00000000800007D8] -> 0x0000
[451] [M]: 0x00000000800007D6 (0x00000013) addi x0, x0, 0x0                         main+1014

clint mtime 0x00000000000000E2 (mip.MTI <- 0b1, mip.STI <- 0b0)
mem[X,0x00000000800007DA] -> 0x0013
mem[X,0x00000000800007DC] -> 0x0000
[452] [M]: 0x00000000800007DA (0x00000013) addi x0, x0, 0x0                         main+1018

mem[X,0x00000000800007DE] -> 0x0001
[453] [M]: 0x00000000800007DE (0x0001) c.nop                                        main+1022

clint mtime 0x00000000000000E3 (mip.MTI <- 0b1, mip.STI <- 0b0)
mem[X,0x00000000800007E0] -> 0x0293
mem[X,0x00000000800007E2] -> 0xFFF0
[454] [M]: 0x00000000800007E0 (0xFFF00293) addi x5, x0, -0x1                        main+1024
x5 <- 0xFFFFFFFFFFFFFFFF

mem[X,0x00000000800007E4] -> 0xD293
mem[X,0x00000000800007E6] -> 0x0372
[455] [M]: 0x00000000800007E4 (0x0372D293) srli x5, x5, 0x37                        main+1028
x5 <- 0x00000000000001FF

clint mtime 0x00000000000000E4 (mip.MTI <- 0b1, mip.STI <- 0b0)
mem[X,0x00000000800007E8] -> 0x9293
mem[X,0x00000000800007EA] -> 0x0032
[456] [M]: 0x00000000800007E8 (0x00329293) slli x5, x5, 0x3                         main+1032
x5 <- 0x0000000000000FF8

mem[X,0x00000000800007EC] -> 0x0333
mem[X,0x00000000800007EE] -> 0x0053
[457] [M]: 0x00000000800007EC (0x00530333) add x6, x6, x5                           main+1036
x6 <- 0x0000000080007FF8

clint mtime 0x00000000000000E5 (mip.MTI <- 0b1, mip.STI <- 0b0)
mem[X,0x00000000800007F0] -> 0x3023
mem[X,0x00000000800007F2] -> 0x00A3
[458] [M]: 0x00000000800007F0 (0x00A33023) sd x10, 0x0(x6)                          main+1040
mem[W,0x0000000080007FF8] <- 0x0000000020001801

mem[X,0x00000000800007F4] -> 0x0013
mem[X,0x00000000800007F6] -> 0x0000
[459] [M]: 0x00000000800007F4 (0x00000013) addi x0, x0, 0x0                         main+1044

clint mtime 0x00000000000000E6 (mip.MTI <- 0b1, mip.STI <- 0b0)
mem[X,0x00000000800007F8] -> 0x0013
mem[X,0x00000000800007FA] -> 0x0000
[460] [M]: 0x00000000800007F8 (0x00000013) addi x0, x0, 0x0                         main+1048

mem[X,0x00000000800007FC] -> 0x0013
mem[X,0x00000000800007FE] -> 0x0000
[461] [M]: 0x00000000800007FC (0x00000013) addi x0, x0, 0x0                         main+1052

clint mtime 0x00000000000000E7 (mip.MTI <- 0b1, mip.STI <- 0b0)
mem[X,0x0000000080000800] -> 0x4517
mem[X,0x0000000080000802] -> 0x0000
[462] [M]: 0x0000000080000800 (0x00004517) auipc x10, 0x4                           main+1056
x10 <- 0x0000000080004800

mem[X,0x0000000080000804] -> 0x0513
mem[X,0x0000000080000806] -> 0x8005
[463] [M]: 0x0000000080000804 (0x80050513) addi x10, x10, -0x800                    main+1060
x10 <- 0x0000000080004000

clint mtime 0x00000000000000E8 (mip.MTI <- 0b1, mip.STI <- 0b0)
mem[X,0x0000000080000808] -> 0x0001
[464] [M]: 0x0000000080000808 (0x0001) c.nop                                        main+1064

mem[X,0x000000008000080A] -> 0x0013
mem[X,0x000000008000080C] -> 0x0000
[465] [M]: 0x000000008000080A (0x00000013) addi x0, x0, 0x0                         main+1066

clint mtime 0x00000000000000E9 (mip.MTI <- 0b1, mip.STI <- 0b0)
mem[X,0x000000008000080E] -> 0x0013
mem[X,0x0000000080000810] -> 0x0000
[466] [M]: 0x000000008000080E (0x00000013) addi x0, x0, 0x0                         main+1070

mem[X,0x0000000080000812] -> 0x0013
mem[X,0x0000000080000814] -> 0x0000
[467] [M]: 0x0000000080000812 (0x00000013) addi x0, x0, 0x0                         main+1074

clint mtime 0x00000000000000EA (mip.MTI <- 0b1, mip.STI <- 0b0)
mem[X,0x0000000080000816] -> 0x0013
mem[X,0x0000000080000818] -> 0x0000
[468] [M]: 0x0000000080000816 (0x00000013) addi x0, x0, 0x0                         main+1078

mem[X,0x000000008000081A] -> 0x0013
mem[X,0x000000008000081C] -> 0x0000
[469] [M]: 0x000000008000081A (0x00000013) addi x0, x0, 0x0                         main+1082

clint mtime 0x00000000000000EB (mip.MTI <- 0b1, mip.STI <- 0b0)
mem[X,0x000000008000081E] -> 0x0001
[470] [M]: 0x000000008000081E (0x0001) c.nop                                        main+1086

mem[X,0x0000000080000820] -> 0x0593
mem[X,0x0000000080000822] -> 0x0C70
[471] [M]: 0x0000000080000820 (0x0C700593) addi x11, x0, 0xc7                       main+1088
x11 <- 0x00000000000000C7

clint mtime 0x00000000000000EC (mip.MTI <- 0b1, mip.STI <- 0b0)
mem[X,0x0000000080000824] -> 0x5513
mem[X,0x0000000080000826] -> 0x00C5
[472] [M]: 0x0000000080000824 (0x00C55513) srli x10, x10, 0xc                       main+1092
x10 <- 0x0000000000080004

mem[X,0x0000000080000828] -> 0x1513
mem[X,0x000000008000082A] -> 0x00A5
[473] [M]: 0x0000000080000828 (0x00A51513) slli x10, x10, 0xa                       main+1096
x10 <- 0x0000000020001000

clint mtime 0x00000000000000ED (mip.MTI <- 0b1, mip.STI <- 0b0)
mem[X,0x000000008000082C] -> 0x6533
mem[X,0x000000008000082E] -> 0x00B5
[474] [M]: 0x000000008000082C (0x00B56533) or x10, x10, x11                         main+1100
x10 <- 0x00000000200010C7

mem[X,0x0000000080000830] -> 0x0013
mem[X,0x0000000080000832] -> 0x0000
[475] [M]: 0x0000000080000830 (0x00000013) addi x0, x0, 0x0                         main+1104

clint mtime 0x00000000000000EE (mip.MTI <- 0b1, mip.STI <- 0b0)
mem[X,0x0000000080000834] -> 0x0013
mem[X,0x0000000080000836] -> 0x0000
[476] [M]: 0x0000000080000834 (0x00000013) addi x0, x0, 0x0                         main+1108

mem[X,0x0000000080000838] -> 0x0013
mem[X,0x000000008000083A] -> 0x0000
[477] [M]: 0x0000000080000838 (0x00000013) addi x0, x0, 0x0                         main+1112

clint mtime 0x00000000000000EF (mip.MTI <- 0b1, mip.STI <- 0b0)
mem[X,0x000000008000083C] -> 0x0013
mem[X,0x000000008000083E] -> 0x0000
[478] [M]: 0x000000008000083C (0x00000013) addi x0, x0, 0x0                         main+1116

mem[X,0x0000000080000840] -> 0x5317
mem[X,0x0000000080000842] -> 0x0000
[479] [M]: 0x0000000080000840 (0x00005317) auipc x6, 0x5                            main+1120
x6 <- 0x0000000080005840

clint mtime 0x00000000000000F0 (mip.MTI <- 0b1, mip.STI <- 0b0)
mem[X,0x0000000080000844] -> 0x0313
mem[X,0x0000000080000846] -> 0x7C03
[480] [M]: 0x0000000080000844 (0x7C030313) addi x6, x6, 0x7c0                       main+1124
x6 <- 0x0000000080006000

mem[X,0x0000000080000848] -> 0x0001
[481] [M]: 0x0000000080000848 (0x0001) c.nop                                        main+1128

clint mtime 0x00000000000000F1 (mip.MTI <- 0b1, mip.STI <- 0b0)
mem[X,0x000000008000084A] -> 0x0013
mem[X,0x000000008000084C] -> 0x0000
[482] [M]: 0x000000008000084A (0x00000013) addi x0, x0, 0x0                         main+1130

mem[X,0x000000008000084E] -> 0x0013
mem[X,0x0000000080000850] -> 0x0000
[483] [M]: 0x000000008000084E (0x00000013) addi x0, x0, 0x0                         main+1134

clint mtime 0x00000000000000F2 (mip.MTI <- 0b1, mip.STI <- 0b0)
mem[X,0x0000000080000852] -> 0x0013
mem[X,0x0000000080000854] -> 0x0000
[484] [M]: 0x0000000080000852 (0x00000013) addi x0, x0, 0x0                         main+1138

mem[X,0x0000000080000856] -> 0x0013
mem[X,0x0000000080000858] -> 0x0000
[485] [M]: 0x0000000080000856 (0x00000013) addi x0, x0, 0x0                         main+1142

clint mtime 0x00000000000000F3 (mip.MTI <- 0b1, mip.STI <- 0b0)
mem[X,0x000000008000085A] -> 0x0013
mem[X,0x000000008000085C] -> 0x0000
[486] [M]: 0x000000008000085A (0x00000013) addi x0, x0, 0x0                         main+1146

mem[X,0x000000008000085E] -> 0x0001
[487] [M]: 0x000000008000085E (0x0001) c.nop                                        main+1150

clint mtime 0x00000000000000F4 (mip.MTI <- 0b1, mip.STI <- 0b0)
mem[X,0x0000000080000860] -> 0x0293
mem[X,0x0000000080000862] -> 0xFFF0
[488] [M]: 0x0000000080000860 (0xFFF00293) addi x5, x0, -0x1                        main+1152
x5 <- 0xFFFFFFFFFFFFFFFF

mem[X,0x0000000080000864] -> 0xD293
mem[X,0x0000000080000866] -> 0x0372
[489] [M]: 0x0000000080000864 (0x0372D293) srli x5, x5, 0x37                        main+1156
x5 <- 0x00000000000001FF

clint mtime 0x00000000000000F5 (mip.MTI <- 0b1, mip.STI <- 0b0)
mem[X,0x0000000080000868] -> 0x9293
mem[X,0x000000008000086A] -> 0x0032
[490] [M]: 0x0000000080000868 (0x00329293) slli x5, x5, 0x3                         main+1160
x5 <- 0x0000000000000FF8

mem[X,0x000000008000086C] -> 0x0333
mem[X,0x000000008000086E] -> 0x0053
[491] [M]: 0x000000008000086C (0x00530333) add x6, x6, x5                           main+1164
x6 <- 0x0000000080006FF8

clint mtime 0x00000000000000F6 (mip.MTI <- 0b1, mip.STI <- 0b0)
mem[X,0x0000000080000870] -> 0x3023
mem[X,0x0000000080000872] -> 0x00A3
[492] [M]: 0x0000000080000870 (0x00A33023) sd x10, 0x0(x6)                          main+1168
mem[W,0x0000000080006FF8] <- 0x00000000200010C7

mem[X,0x0000000080000874] -> 0x0073
mem[X,0x0000000080000876] -> 0x1200
[493] [M]: 0x0000000080000874 (0x12000073) sfence.vma x0, x0                        main+1172

clint mtime 0x00000000000000F7 (mip.MTI <- 0b1, mip.STI <- 0b0)
mem[X,0x0000000080000878] -> 0x0493
mem[X,0x000000008000087A] -> 0x0010
[494] [M]: 0x0000000080000878 (0x00100493) addi x9, x0, 0x1                         main+1176
x9 <- 0x0000000000000001

mem[X,0x000000008000087C] -> 0x9493
mem[X,0x000000008000087E] -> 0x00B4
[495] [M]: 0x000000008000087C (0x00B49493) slli x9, x9, 0xb                         main+1180
x9 <- 0x0000000000000800

clint mtime 0x00000000000000F8 (mip.MTI <- 0b1, mip.STI <- 0b0)
mem[X,0x0000000080000880] -> 0xB073
mem[X,0x0000000080000882] -> 0x3004
[496] [M]: 0x0000000080000880 (0x3004B073) csrrc x0, mstatus, x9                    main+1184
CSR mstatus (0x300) <- 0x0000000A00000000

mem[X,0x0000000080000884] -> 0x0493
mem[X,0x0000000080000886] -> 0x0010
[497] [M]: 0x0000000080000884 (0x00100493) addi x9, x0, 0x1                         main+1188
x9 <- 0x0000000000000001

clint mtime 0x00000000000000F9 (mip.MTI <- 0b1, mip.STI <- 0b0)
mem[X,0x0000000080000888] -> 0x9493
mem[X,0x000000008000088A] -> 0x00B4
[498] [M]: 0x0000000080000888 (0x00B49493) slli x9, x9, 0xb                         main+1192
x9 <- 0x0000000000000800

mem[X,0x000000008000088C] -> 0xA073
mem[X,0x000000008000088E] -> 0x3004
[499] [M]: 0x000000008000088C (0x3004A073) csrrs x0, mstatus, x9                    main+1196
CSR mstatus (0x300) <- 0x0000000A00000800

clint mtime 0x00000000000000FA (mip.MTI <- 0b1, mip.STI <- 0b0)
mem[X,0x0000000080000890] -> 0x23F3
mem[X,0x0000000080000892] -> 0x3400
[500] [M]: 0x0000000080000890 (0x340023F3) csrrs x7, mscratch, x0                   main+1200
CSR mscratch (0x340) -> 0x0000000080003000
x7 <- 0x0000000080003000

mem[X,0x0000000080000894] -> 0xB303
mem[X,0x0000000080000896] -> 0x4703
[501] [M]: 0x0000000080000894 (0x4703B303) ld x6, 0x470(x7)                         main+1204
mem[R,0x0000000080003470] -> 0x000003008000039C
x6 <- 0x000003008000039C

clint mtime 0x00000000000000FB (mip.MTI <- 0b1, mip.STI <- 0b0)
mem[X,0x0000000080000898] -> 0xB483
mem[X,0x000000008000089A] -> 0x1D83
[502] [M]: 0x0000000080000898 (0x1D83B483) ld x9, 0x1d8(x7)                         main+1208
mem[R,0x00000000800031D8] -> 0x00000000800003B4
x9 <- 0x00000000800003B4

mem[X,0x000000008000089C] -> 0x0333
mem[X,0x000000008000089E] -> 0x4093
[503] [M]: 0x000000008000089C (0x40930333) sub x6, x6, x9                           main+1212
x6 <- 0x000002FFFFFFFFE8

clint mtime 0x00000000000000FC (mip.MTI <- 0b1, mip.STI <- 0b0)
mem[X,0x00000000800008A0] -> 0x0313
mem[X,0x00000000800008A2] -> 0x0103
[504] [M]: 0x00000000800008A0 (0x01030313) addi x6, x6, 0x10                        main+1216
x6 <- 0x000002FFFFFFFFF8

mem[X,0x00000000800008A4] -> 0x0497
mem[X,0x00000000800008A6] -> 0x0000
[505] [M]: 0x00000000800008A4 (0x00000497) auipc x9, 0x0                            main+1220
x9 <- 0x00000000800008A4

clint mtime 0x00000000000000FD (mip.MTI <- 0b1, mip.STI <- 0b0)
mem[X,0x00000000800008A8] -> 0x84B3
mem[X,0x00000000800008AA] -> 0x0064
[506] [M]: 0x00000000800008A8 (0x006484B3) add x9, x9, x6                           main+1224
x9 <- 0x000003008000089C

mem[X,0x00000000800008AC] -> 0x94F3
mem[X,0x00000000800008AE] -> 0x3414
[507] [M]: 0x00000000800008AC (0x341494F3) csrrw x9, mepc, x9                       main+1228
CSR mepc (0x341) <- 0x000003008000089C
x9 <- 0x0000000000000000

clint mtime 0x00000000000000FE (mip.MTI <- 0b1, mip.STI <- 0b0)
mem[X,0x00000000800008B0] -> 0x0073
mem[X,0x00000000800008B2] -> 0x3020
[508] [M]: 0x00000000800008B0 (0x30200073) mret                                     main+1232
CSR mstatus (0x300) <- 0x0000000A00000080
ret-ing from M to S

PTW: Start, vpn=0x30080000, access_type=X, privilege=Smem[R,0x0000000080009030] -> 0x00000000000000CB
PTW: Step, level=3, pte=0xCB, pte_addr=0x80009030
PTW: Success, final_ppn=0x80000, level=3mem[X,0x000000008000089C] -> 0x0333
mem[X,0x000000008000089E] -> 0x4093
[509] [S]: 0x000003008000089C (0x40930333) sub x6, x6, x9                           va_rvtest_code_begin+1280
x6 <- 0x000002FFFFFFFFF8

clint mtime 0x00000000000000FF (mip.MTI <- 0b1, mip.STI <- 0b0)
mem[X,0x00000000800008A0] -> 0x0313
mem[X,0x00000000800008A2] -> 0x0103
[510] [S]: 0x00000300800008A0 (0x01030313) addi x6, x6, 0x10                        va_rvtest_code_begin+1284
x6 <- 0x0000030000000008

mem[X,0x00000000800008A4] -> 0x0497
mem[X,0x00000000800008A6] -> 0x0000
[511] [S]: 0x00000300800008A4 (0x00000497) auipc x9, 0x0                            va_rvtest_code_begin+1288
x9 <- 0x00000300800008A4

clint mtime 0x0000000000000100 (mip.MTI <- 0b1, mip.STI <- 0b0)
mem[X,0x00000000800008A8] -> 0x84B3
mem[X,0x00000000800008AA] -> 0x0064
[512] [S]: 0x00000300800008A8 (0x006484B3) add x9, x9, x6                           va_rvtest_code_begin+1292
x9 <- 0x00000600800008AC

mem[X,0x00000000800008AC] -> 0x94F3
mem[X,0x00000000800008AE] -> 0x3414
[513] [S]: 0x00000300800008AC (0x341494F3) csrrw x9, mepc, x9                       va_rvtest_code_begin+1296
trapping from S to M to handle illegal-instruction
handling exc#illegal-instruction at priv M with tval 0x00000000341494F3
CSR mstatus (0x300) <- 0x0000000A00000800
CSR mcause (0x342) <- 0x0000000000000002
CSR mtval (0x343) <- 0x00000000341494F3
CSR mepc (0x341) <- 0x00000300800008AC

clint mtime 0x0000000000000101 (mip.MTI <- 0b1, mip.STI <- 0b0)
mem[X,0x0000000080000C80] -> 0x006F
mem[X,0x0000000080000C82] -> 0x1000
[514] [M]: 0x0000000080000C80 (0x1000006F) jal x0, 0x100                            Mtrampoline+0

mem[X,0x0000000080000D80] -> 0x1173
mem[X,0x0000000080000D82] -> 0x3401
[515] [M]: 0x0000000080000D80 (0x34011173) csrrw x2, mscratch, x2                   trap_Mhandler+0
CSR mscratch (0x340) <- 0x0000000080003000
x2 <- 0x0000000080003000

clint mtime 0x0000000000000102 (mip.MTI <- 0b1, mip.STI <- 0b0)
mem[X,0x0000000080000D84] -> 0x3423
mem[X,0x0000000080000D86] -> 0x28B1
[516] [M]: 0x0000000080000D84 (0x28B13423) sd x11, 0x288(x2)                        trap_Mhandler+4
mem[W,0x0000000080003288] <- 0x00000000000000C7

mem[X,0x0000000080000D88] -> 0x05EF
mem[X,0x0000000080000D8A] -> 0x0B80
[517] [M]: 0x0000000080000D88 (0x0B8005EF) jal x11, 0xb8                            trap_Mhandler+8
x11 <- 0x0000000080000D8C

clint mtime 0x0000000000000103 (mip.MTI <- 0b1, mip.STI <- 0b0)
mem[X,0x0000000080000E40] -> 0x3023
mem[X,0x0000000080000E42] -> 0x28A1
[518] [M]: 0x0000000080000E40 (0x28A13023) sd x10, 0x280(x2)                        common_Mhandler+0
mem[W,0x0000000080003280] <- 0x00000000200010C7

mem[X,0x0000000080000E44] -> 0x1573
mem[X,0x0000000080000E46] -> 0x3401
[519] [M]: 0x0000000080000E44 (0x34011573) csrrw x10, mscratch, x2                  common_Mhandler+4
CSR mscratch (0x340) <- 0x0000000080003000
x10 <- 0x0000000080003000

clint mtime 0x0000000000000104 (mip.MTI <- 0b1, mip.STI <- 0b0)
mem[X,0x0000000080000E48] -> 0x3823
mem[X,0x0000000080000E4A] -> 0x28A1
[520] [M]: 0x0000000080000E48 (0x28A13823) sd x10, 0x290(x2)                        common_Mhandler+8
mem[W,0x0000000080003290] <- 0x0000000080003000

mem[X,0x0000000080000E4C] -> 0x3503
mem[X,0x0000000080000E4E] -> 0x2301
[521] [M]: 0x0000000080000E4C (0x23013503) ld x10, 0x230(x2)                        common_Mhandler+12
mem[R,0x0000000080003230] -> 0x0000000080000E54
x10 <- 0x0000000080000E54

clint mtime 0x0000000000000105 (mip.MTI <- 0b1, mip.STI <- 0b0)
mem[X,0x0000000080000E50] -> 0x0067
mem[X,0x0000000080000E52] -> 0x0005
[522] [M]: 0x0000000080000E50 (0x00050067) jalr x0, 0x0(x10)                        common_Mhandler+16

mem[X,0x0000000080000E54] -> 0x3C23
mem[X,0x0000000080000E56] -> 0x2691
[523] [M]: 0x0000000080000E54 (0x26913C23) sd x9, 0x278(x2)                         common_Mentry+0
mem[W,0x0000000080003278] <- 0x00000600800008AC

clint mtime 0x0000000000000106 (mip.MTI <- 0b1, mip.STI <- 0b0)
mem[X,0x0000000080000E58] -> 0x3823
mem[X,0x0000000080000E5A] -> 0x2681
[524] [M]: 0x0000000080000E58 (0x26813823) sd x8, 0x270(x2)                         common_Mentry+4
mem[W,0x0000000080003270] <- 0x0000000000007F76

mem[X,0x0000000080000E5C] -> 0x3423
mem[X,0x0000000080000E5E] -> 0x2671
[525] [M]: 0x0000000080000E5C (0x26713423) sd x7, 0x268(x2)                         common_Mentry+8
mem[W,0x0000000080003268] <- 0x0000000080003000

clint mtime 0x0000000000000107 (mip.MTI <- 0b1, mip.STI <- 0b0)
mem[X,0x0000000080000E60] -> 0x3023
mem[X,0x0000000080000E62] -> 0x2661
[526] [M]: 0x0000000080000E60 (0x26613023) sd x6, 0x260(x2)                         common_Mentry+12
mem[W,0x0000000080003260] <- 0x0000030000000008

mem[X,0x0000000080000E64] -> 0x2573
mem[X,0x0000000080000E66] -> 0x3420
[527] [M]: 0x0000000080000E64 (0x34202573) csrrs x10, mcause, x0                    spcl_M2mmode_test+0
CSR mcause (0x342) -> 0x0000000000000002
x10 <- 0x0000000000000002

clint mtime 0x0000000000000108 (mip.MTI <- 0b1, mip.STI <- 0b0)
mem[X,0x0000000080000E68] -> 0x04B7
mem[X,0x0000000080000E6A] -> 0x8000
[528] [M]: 0x0000000080000E68 (0x800004B7) lui x9, -0x80000                         spcl_M2mmode_test+4
x9 <- 0xFFFFFFFF80000000

mem[X,0x0000000080000E6C] -> 0x8493
mem[X,0x0000000080000E6E] -> 0x0004
[529] [M]: 0x0000000080000E6C (0x00048493) addi x9, x9, 0x0                         spcl_M2mmode_test+8
x9 <- 0xFFFFFFFF80000000

clint mtime 0x0000000000000109 (mip.MTI <- 0b1, mip.STI <- 0b0)
mem[X,0x0000000080000E70] -> 0x9493
mem[X,0x0000000080000E72] -> 0x00B4
[530] [M]: 0x0000000080000E70 (0x00B49493) slli x9, x9, 0xb                         spcl_M2mmode_test+12
x9 <- 0xFFFFFC0000000000

mem[X,0x0000000080000E74] -> 0x8493
mem[X,0x0000000080000E76] -> 0x0004
[531] [M]: 0x0000000080000E74 (0x00048493) addi x9, x9, 0x0                         spcl_M2mmode_test+16
x9 <- 0xFFFFFC0000000000

clint mtime 0x000000000000010A (mip.MTI <- 0b1, mip.STI <- 0b0)
mem[X,0x0000000080000E78] -> 0x9493
mem[X,0x0000000080000E7A] -> 0x00B4
[532] [M]: 0x0000000080000E78 (0x00B49493) slli x9, x9, 0xb                         spcl_M2mmode_test+20
x9 <- 0xFFE0000000000000

mem[X,0x0000000080000E7C] -> 0x8493
mem[X,0x0000000080000E7E] -> 0x0034
[533] [M]: 0x0000000080000E7C (0x00348493) addi x9, x9, 0x3                         spcl_M2mmode_test+24
x9 <- 0xFFE0000000000003

clint mtime 0x000000000000010B (mip.MTI <- 0b1, mip.STI <- 0b0)
mem[X,0x0000000080000E80] -> 0x9493
mem[X,0x0000000080000E82] -> 0x00A4
[534] [M]: 0x0000000080000E80 (0x00A49493) slli x9, x9, 0xa                         spcl_M2mmode_test+28
x9 <- 0x8000000000000C00

mem[X,0x0000000080000E84] -> 0x8493
mem[X,0x0000000080000E86] -> 0x3FC4
[535] [M]: 0x0000000080000E84 (0x3FC48493) addi x9, x9, 0x3fc                       spcl_M2mmode_test+32
x9 <- 0x8000000000000FFC

clint mtime 0x000000000000010C (mip.MTI <- 0b1, mip.STI <- 0b0)
mem[X,0x0000000080000E88] -> 0xF4B3
mem[X,0x0000000080000E8A] -> 0x00A4
[536] [M]: 0x0000000080000E88 (0x00A4F4B3) and x9, x9, x10                          spcl_M2mmode_test+36
x9 <- 0x0000000000000000

mem[X,0x0000000080000E8C] -> 0x8493
mem[X,0x0000000080000E8E] -> 0xFF84
[537] [M]: 0x0000000080000E8C (0xFF848493) addi x9, x9, -0x8                        spcl_M2mmode_test+40
x9 <- 0xFFFFFFFFFFFFFFF8

clint mtime 0x000000000000010D (mip.MTI <- 0b1, mip.STI <- 0b0)
mem[X,0x0000000080000E90] -> 0x9663
mem[X,0x0000000080000E92] -> 0x0004
[538] [M]: 0x0000000080000E90 (0x00049663) bne x9, x0, 0xc                          spcl_M2mmode_test+44

mem[X,0x0000000080000E9C] -> 0x0393
mem[X,0x0000000080000E9E] -> 0x0200
[539] [M]: 0x0000000080000E9C (0x02000393) addi x7, x0, 0x20                        Mtrapsig_ptr_upd+0
x7 <- 0x0000000000000020

clint mtime 0x000000000000010E (mip.MTI <- 0b1, mip.STI <- 0b0)
mem[X,0x0000000080000EA0] -> 0x5263
mem[X,0x0000000080000EA2] -> 0x0405
[540] [M]: 0x0000000080000EA0 (0x04055263) bge x10, x0, 0x44                        Mtrapsig_ptr_upd+4

mem[X,0x0000000080000EE4] -> 0x2373
mem[X,0x0000000080000EE6] -> 0x3010
[541] [M]: 0x0000000080000EE4 (0x30102373) csrrs x6, misa, x0                       Mxcpt_sig_sv+0
CSR misa (0x301) -> 0x800000000034112F
x6 <- 0x800000000034112F

clint mtime 0x000000000000010F (mip.MTI <- 0b1, mip.STI <- 0b0)
mem[X,0x0000000080000EE8] -> 0x1313
mem[X,0x0000000080000EEA] -> 0x0383
[542] [M]: 0x0000000080000EE8 (0x03831313) slli x6, x6, 0x38                        Mxcpt_sig_sv+4
x6 <- 0x2F00000000000000

mem[X,0x0000000080000EEC] -> 0x5463
mem[X,0x0000000080000EEE] -> 0x0003
[543] [M]: 0x0000000080000EEC (0x00035463) bge x6, x0, 0x8                          Mxcpt_sig_sv+8

clint mtime 0x0000000000000110 (mip.MTI <- 0b1, mip.STI <- 0b0)
mem[X,0x0000000080000EF4] -> 0x3303
mem[X,0x0000000080000EF6] -> 0x2181
[544] [M]: 0x0000000080000EF4 (0x21813303) ld x6, 0x218(x2)                         Mtrap_sig_sv+0
mem[R,0x0000000080003218] -> 0x000000008000A318
x6 <- 0x000000008000A318

mem[X,0x0000000080000EF8] -> 0x04B3
mem[X,0x0000000080000EFA] -> 0x0073
[545] [M]: 0x0000000080000EF8 (0x007304B3) add x9, x6, x7                           Mtrap_sig_sv+4
x9 <- 0x000000008000A338

clint mtime 0x0000000000000111 (mip.MTI <- 0b1, mip.STI <- 0b0)
mem[X,0x0000000080000EFC] -> 0x3C23
mem[X,0x0000000080000EFE] -> 0x2091
[546] [M]: 0x0000000080000EFC (0x20913C23) sd x9, 0x218(x2)                         Mtrap_sig_sv+8
mem[W,0x0000000080003218] <- 0x000000008000A338

mem[X,0x0000000080000F00] -> 0x3403
mem[X,0x0000000080000F02] -> 0x1F81
[547] [M]: 0x0000000080000F00 (0x1F813403) ld x8, 0x1f8(x2)                         Mtrap_sig_sv+12
mem[R,0x00000000800031F8] -> 0x000000008000A110
x8 <- 0x000000008000A110

clint mtime 0x0000000000000112 (mip.MTI <- 0b1, mip.STI <- 0b0)
mem[X,0x0000000080000F04] -> 0x0333
mem[X,0x0000000080000F06] -> 0x4083
[548] [M]: 0x0000000080000F04 (0x40830333) sub x6, x6, x8                           Mtrap_sig_sv+16
x6 <- 0x0000000000000208

mem[X,0x0000000080000F08] -> 0x3403
mem[X,0x0000000080000F0A] -> 0x1F81
[549] [M]: 0x0000000080000F08 (0x1F813403) ld x8, 0x1f8(x2)                         Mtrap_sig_sv+20
mem[R,0x00000000800031F8] -> 0x000000008000A110
x8 <- 0x000000008000A110

clint mtime 0x0000000000000113 (mip.MTI <- 0b1, mip.STI <- 0b0)
mem[X,0x0000000080000F0C] -> 0x0333
mem[X,0x0000000080000F0E] -> 0x0083
[550] [M]: 0x0000000080000F0C (0x00830333) add x6, x6, x8                           Mtrap_sig_sv+24
x6 <- 0x000000008000A318

mem[X,0x0000000080000F10] -> 0x3403
mem[X,0x0000000080000F12] -> 0x2401
[551] [M]: 0x0000000080000F10 (0x24013403) ld x8, 0x240(x2)                         Mtrap_sig_sv+28
mem[R,0x0000000080003240] -> 0x0000000080000C80
x8 <- 0x0000000080000C80

clint mtime 0x0000000000000114 (mip.MTI <- 0b1, mip.STI <- 0b0)
mem[X,0x0000000080000F14] -> 0x85B3
mem[X,0x0000000080000F16] -> 0x4085
[552] [M]: 0x0000000080000F14 (0x408585B3) sub x11, x11, x8                         sv_Mvect+0
x11 <- 0x000000000000010C

mem[X,0x0000000080000F18] -> 0x9593
mem[X,0x0000000080000F1A] -> 0x0045
[553] [M]: 0x0000000080000F18 (0x00459593) slli x11, x11, 0x4                       sv_Mvect+4
x11 <- 0x00000000000010C0

clint mtime 0x0000000000000115 (mip.MTI <- 0b1, mip.STI <- 0b0)
mem[X,0x0000000080000F1C] -> 0xE5B3
mem[X,0x0000000080000F1E] -> 0x0075
[554] [M]: 0x0000000080000F1C (0x0075E5B3) or x11, x11, x7                          sv_Mvect+8
x11 <- 0x00000000000010E0

mem[X,0x0000000080000F20] -> 0x8593
mem[X,0x0000000080000F22] -> 0x0035
[555] [M]: 0x0000000080000F20 (0x00358593) addi x11, x11, 0x3                       sv_Mvect+12
x11 <- 0x00000000000010E3

clint mtime 0x0000000000000116 (mip.MTI <- 0b1, mip.STI <- 0b0)
mem[X,0x0000000080000F24] -> 0x3023
mem[X,0x0000000080000F26] -> 0x00B3
[556] [M]: 0x0000000080000F24 (0x00B33023) sd x11, 0x0(x6)                          sv_Mvect+16
mem[W,0x000000008000A318] <- 0x00000000000010E3

mem[X,0x0000000080000F28] -> 0x3423
mem[X,0x0000000080000F2A] -> 0x00A3
[557] [M]: 0x0000000080000F28 (0x00A33423) sd x10, 0x8(x6)                          sv_Mcause+0
mem[W,0x000000008000A320] <- 0x0000000000000002

clint mtime 0x0000000000000117 (mip.MTI <- 0b1, mip.STI <- 0b0)
mem[X,0x0000000080000F2C] -> 0x4663
mem[X,0x0000000080000F2E] -> 0x1A05
[558] [M]: 0x0000000080000F2C (0x1A054663) blt x10, x0, 0x1ac                       sv_Mcause+4

mem[X,0x0000000080000F30] -> 0x25F3
mem[X,0x0000000080000F32] -> 0x3000
[559] [M]: 0x0000000080000F30 (0x300025F3) csrrs x11, mstatus, x0                   common_Mexcpt_handler+0
CSR mstatus (0x300) -> 0x0000000A00000800
x11 <- 0x0000000A00000800

clint mtime 0x0000000000000118 (mip.MTI <- 0b1, mip.STI <- 0b0)
mem[X,0x0000000080000F34] -> 0x9413
mem[X,0x0000000080000F36] -> 0x02E5
[560] [M]: 0x0000000080000F34 (0x02E59413) slli x8, x11, 0x2e                       common_Mexcpt_handler+4
x8 <- 0x0200000000000000

mem[X,0x0000000080000F38] -> 0x5463
mem[X,0x0000000080000F3A] -> 0x0004
[561] [M]: 0x0000000080000F38 (0x00045463) bge x8, x0, 0x8                          common_Mexcpt_handler+8

clint mtime 0x0000000000000119 (mip.MTI <- 0b1, mip.STI <- 0b0)
mem[X,0x0000000080000F40] -> 0xD493
mem[X,0x0000000080000F42] -> 0x00B5
[562] [M]: 0x0000000080000F40 (0x00B5D493) srli x9, x11, 0xb                        common_Mexcpt_handler+16
x9 <- 0x0000000001400001

mem[X,0x0000000080000F44] -> 0xF493
mem[X,0x0000000080000F46] -> 0x0034
[563] [M]: 0x0000000080000F44 (0x0034F493) andi x9, x9, 0x3                         common_Mexcpt_handler+20
x9 <- 0x0000000000000001

clint mtime 0x000000000000011A (mip.MTI <- 0b1, mip.STI <- 0b0)
mem[X,0x0000000080000F48] -> 0x8493
mem[X,0x0000000080000F4A] -> 0x0014
[564] [M]: 0x0000000080000F48 (0x00148493) addi x9, x9, 0x1                         common_Mexcpt_handler+24
x9 <- 0x0000000000000002

mem[X,0x0000000080000F4C] -> 0xF493
mem[X,0x0000000080000F4E] -> 0x0044
[565] [M]: 0x0000000080000F4C (0x0044F493) andi x9, x9, 0x4                         common_Mexcpt_handler+28
x9 <- 0x0000000000000000

clint mtime 0x000000000000011B (mip.MTI <- 0b1, mip.STI <- 0b0)
mem[X,0x0000000080000F50] -> 0x0593
mem[X,0x0000000080000F52] -> 0x05D0
[566] [M]: 0x0000000080000F50 (0x05D00593) addi x11, x0, 0x5d                       common_Mexcpt_handler+32
x11 <- 0x000000000000005D

mem[X,0x0000000080000F54] -> 0xD5B3
mem[X,0x0000000080000F56] -> 0x0095
[567] [M]: 0x0000000080000F54 (0x0095D5B3) srl x11, x11, x9                         common_Mexcpt_handler+36
x11 <- 0x000000000000005D

clint mtime 0x000000000000011C (mip.MTI <- 0b1, mip.STI <- 0b0)
mem[X,0x0000000080000F58] -> 0xF593
mem[X,0x0000000080000F5A] -> 0x0015
[568] [M]: 0x0000000080000F58 (0x0015F593) andi x11, x11, 0x1                       common_Mexcpt_handler+40
x11 <- 0x0000000000000001

mem[X,0x0000000080000F5C] -> 0x8EE3
mem[X,0x0000000080000F5E] -> 0xF405
[569] [M]: 0x0000000080000F5C (0xF4058EE3) beq x11, x0, -0xa4                       common_Mexcpt_handler+44

clint mtime 0x000000000000011D (mip.MTI <- 0b1, mip.STI <- 0b0)
mem[X,0x0000000080000F60] -> 0x0593
mem[X,0x0000000080000F62] -> 0x2980
[570] [M]: 0x0000000080000F60 (0x29800593) addi x11, x0, 0x298                      common_Mexcpt_handler+48
x11 <- 0x0000000000000298

mem[X,0x0000000080000F64] -> 0xF413
mem[X,0x0000000080000F66] -> 0x0014
[571] [M]: 0x0000000080000F64 (0x0014F413) andi x8, x9, 0x1                         common_Mexcpt_handler+52
x8 <- 0x0000000000000000

clint mtime 0x000000000000011E (mip.MTI <- 0b1, mip.STI <- 0b0)
mem[X,0x0000000080000F68] -> 0x95B3
mem[X,0x0000000080000F6A] -> 0x0085
[572] [M]: 0x0000000080000F68 (0x008595B3) sll x11, x11, x8                         common_Mexcpt_handler+56
x11 <- 0x0000000000000298

mem[X,0x0000000080000F6C] -> 0x9413
mem[X,0x0000000080000F6E] -> 0x03D4
[573] [M]: 0x0000000080000F6C (0x03D49413) slli x8, x9, 0x3d                        common_Mexcpt_handler+60
x8 <- 0x0000000000000000

clint mtime 0x000000000000011F (mip.MTI <- 0b1, mip.STI <- 0b0)
mem[X,0x0000000080000F70] -> 0x5413
mem[X,0x0000000080000F72] -> 0x43F4
[574] [M]: 0x0000000080000F70 (0x43F45413) srai x8, x8, 0x3f                        common_Mexcpt_handler+64
x8 <- 0x0000000000000000

mem[X,0x0000000080000F74] -> 0x4413
mem[X,0x0000000080000F76] -> 0xFFF4
[575] [M]: 0x0000000080000F74 (0xFFF44413) xori x8, x8, -0x1                        common_Mexcpt_handler+68
x8 <- 0xFFFFFFFFFFFFFFFF

clint mtime 0x0000000000000120 (mip.MTI <- 0b1, mip.STI <- 0b0)
mem[X,0x0000000080000F78] -> 0xF4B3
mem[X,0x0000000080000F7A] -> 0x0085
[576] [M]: 0x0000000080000F78 (0x0085F4B3) and x9, x11, x8                          common_Mexcpt_handler+72
x9 <- 0x0000000000000298

mem[X,0x0000000080000F7C] -> 0x84B3
mem[X,0x0000000080000F7E] -> 0x0024
[577] [M]: 0x0000000080000F7C (0x002484B3) add x9, x9, x2                           vmem_adj_Mepc+0
x9 <- 0x0000000080003298

clint mtime 0x0000000000000121 (mip.MTI <- 0b1, mip.STI <- 0b0)
mem[X,0x0000000080000F80] -> 0x23F3
mem[X,0x0000000080000F82] -> 0x3410
[578] [M]: 0x0000000080000F80 (0x341023F3) csrrs x7, mepc, x0                       vmem_adj_Mepc+4
CSR mepc (0x341) -> 0x00000300800008AC
x7 <- 0x00000300800008AC

mem[X,0x0000000080000F84] -> 0x0413
mem[X,0x0000000080000F86] -> 0x0004
[579] [M]: 0x0000000080000F84 (0x00040413) addi x8, x8, 0x0                         vmem_adj_Mepc+8
x8 <- 0xFFFFFFFFFFFFFFFF

clint mtime 0x0000000000000122 (mip.MTI <- 0b1, mip.STI <- 0b0)
mem[X,0x0000000080000F88] -> 0x006F
mem[X,0x0000000080000F8A] -> 0x0400
[580] [M]: 0x0000000080000F88 (0x0400006F) jal x0, 0x40                             vmem_adj_Mepc+12

mem[X,0x0000000080000FC8] -> 0x8433
mem[X,0x0000000080000FCA] -> 0x4083
[581] [M]: 0x0000000080000FC8 (0x40838433) sub x8, x7, x8                           adj_Mepc+0
x8 <- 0x00000300800008AD

clint mtime 0x0000000000000123 (mip.MTI <- 0b1, mip.STI <- 0b0)
mem[X,0x0000000080000FCC] -> 0x3823
mem[X,0x0000000080000FCE] -> 0x0083
[582] [M]: 0x0000000080000FCC (0x00833823) sd x8, 0x10(x6)                          sv_Mepc+0
mem[W,0x000000008000A328] <- 0x00000300800008AD

mem[X,0x0000000080000FD0] -> 0x55B7
mem[X,0x0000000080000FD2] -> 0x0000
[583] [M]: 0x0000000080000FD0 (0x000055B7) lui x11, 0x5                             sv_Mepc+4
x11 <- 0x0000000000005000

clint mtime 0x0000000000000124 (mip.MTI <- 0b1, mip.STI <- 0b0)
mem[X,0x0000000080000FD4] -> 0x8593
mem[X,0x0000000080000FD6] -> 0x6675
[584] [M]: 0x0000000080000FD4 (0x66758593) addi x11, x11, 0x667                     sv_Mepc+8
x11 <- 0x0000000000005667

mem[X,0x0000000080000FD8] -> 0x9593
mem[X,0x0000000080000FDA] -> 0x0015
[585] [M]: 0x0000000080000FD8 (0x00159593) slli x11, x11, 0x1                       sv_Mepc+12
x11 <- 0x000000000000ACCE

clint mtime 0x0000000000000125 (mip.MTI <- 0b1, mip.STI <- 0b0)
mem[X,0x0000000080000FDC] -> 0x9063
mem[X,0x0000000080000FDE] -> 0x02B1
[586] [M]: 0x0000000080000FDC (0x02B19063) bne x3, x11, 0x20                        sv_Mepc+16

mem[X,0x0000000080000FFC] -> 0xF593
mem[X,0x0000000080000FFE] -> 0xFFC3
[587] [M]: 0x0000000080000FFC (0xFFC3F593) andi x11, x7, -0x4                       adj_Mepc_rtn+0
x11 <- 0x00000300800008AC

clint mtime 0x0000000000000126 (mip.MTI <- 0b1, mip.STI <- 0b0)
mem[X,0x0000000080001000] -> 0x8593
mem[X,0x0000000080001002] -> 0x0085
[588] [M]: 0x0000000080001000 (0x00858593) addi x11, x11, 0x8                       adj_Mepc_rtn+4
x11 <- 0x00000300800008B4

mem[X,0x0000000080001004] -> 0x9073
mem[X,0x0000000080001006] -> 0x3415
[589] [M]: 0x0000000080001004 (0x34159073) csrrw x0, mepc, x11                      adj_Mepc_rtn+8
CSR mepc (0x341) <- 0x00000300800008B4

clint mtime 0x0000000000000127 (mip.MTI <- 0b1, mip.STI <- 0b0)
mem[X,0x0000000080001008] -> 0x23F3
mem[X,0x000000008000100A] -> 0x3430
[590] [M]: 0x0000000080001008 (0x343023F3) csrrs x7, mtval, x0                      skp_adj_Mepc+0
CSR mtval (0x343) -> 0x00000000341494F3
x7 <- 0x00000000341494F3

mem[X,0x000000008000100C] -> 0x0413
mem[X,0x000000008000100E] -> 0x0004
[591] [M]: 0x000000008000100C (0x00040413) addi x8, x8, 0x0                         skp_adj_Mepc+4
x8 <- 0x00000300800008AD

clint mtime 0x0000000000000128 (mip.MTI <- 0b1, mip.STI <- 0b0)
mem[X,0x0000000080001010] -> 0x006F
mem[X,0x0000000080001012] -> 0x0840
[592] [M]: 0x0000000080001010 (0x0840006F) jal x0, 0x84                             skp_adj_Mepc+8

mem[X,0x0000000080001094] -> 0x8433
mem[X,0x0000000080001096] -> 0x4083
[593] [M]: 0x0000000080001094 (0x40838433) sub x8, x7, x8                           adj_Mtval+0
x8 <- 0xFFFFFCFFB4148C46

clint mtime 0x0000000000000129 (mip.MTI <- 0b1, mip.STI <- 0b0)
mem[X,0x0000000080001098] -> 0x3C23
mem[X,0x000000008000109A] -> 0x0083
[594] [M]: 0x0000000080001098 (0x00833C23) sd x8, 0x18(x6)                          sv_Mtval+0
mem[W,0x000000008000A330] <- 0xFFFFFCFFB4148C46

mem[X,0x000000008000109C] -> 0x3483
mem[X,0x000000008000109E] -> 0x2181
[595] [M]: 0x000000008000109C (0x21813483) ld x9, 0x218(x2)                         skp_Mtval+0
mem[R,0x0000000080003218] -> 0x000000008000A338
x9 <- 0x000000008000A338

clint mtime 0x000000000000012A (mip.MTI <- 0b1, mip.STI <- 0b0)
mem[X,0x00000000800010A0] -> 0x3383
mem[X,0x00000000800010A2] -> 0x1F81
[596] [M]: 0x00000000800010A0 (0x1F813383) ld x7, 0x1f8(x2)                         skp_Mtval+4
mem[R,0x00000000800031F8] -> 0x000000008000A110
x7 <- 0x000000008000A110

mem[X,0x00000000800010A4] -> 0x3303
mem[X,0x00000000800010A6] -> 0x2001
[597] [M]: 0x00000000800010A4 (0x20013303) ld x6, 0x200(x2)                         skp_Mtval+8
mem[R,0x0000000080003200] -> 0x0000000000000410
x6 <- 0x0000000000000410

clint mtime 0x000000000000012B (mip.MTI <- 0b1, mip.STI <- 0b0)
mem[X,0x00000000800010A8] -> 0x0333
mem[X,0x00000000800010AA] -> 0x0073
[598] [M]: 0x00000000800010A8 (0x00730333) add x6, x6, x7                           skp_Mtval+12
x6 <- 0x000000008000A520

mem[X,0x00000000800010AC] -> 0x6CE3
mem[X,0x00000000800010AE] -> 0xAE93
[599] [M]: 0x00000000800010AC (0xAE936CE3) bltu x6, x9, -0x508                      skp_Mtval+16

clint mtime 0x000000000000012C (mip.MTI <- 0b1, mip.STI <- 0b0)
mem[X,0x00000000800010B0] -> 0x0393
mem[X,0x00000000800010B2] -> 0x2000
[600] [M]: 0x00000000800010B0 (0x20000393) addi x7, x0, 0x200                       skp_Mtval+20
x7 <- 0x0000000000000200

mem[X,0x00000000800010B4] -> 0x006F
mem[X,0x00000000800010B6] -> 0x0400
[601] [M]: 0x00000000800010B4 (0x0400006F) jal x0, 0x40                             skp_Mtval+24

clint mtime 0x000000000000012D (mip.MTI <- 0b1, mip.STI <- 0b0)
mem[X,0x00000000800010F4] -> 0x0417
mem[X,0x00000000800010F6] -> 0x0000
[602] [M]: 0x00000000800010F4 (0x00000417) auipc x8, 0x0                            spcl_Mhandler+0
x8 <- 0x00000000800010F4

mem[X,0x00000000800010F8] -> 0x0413
mem[X,0x00000000800010FA] -> 0x03C4
[603] [M]: 0x00000000800010F8 (0x03C40413) addi x8, x8, 0x3c                        spcl_Mhandler+4
x8 <- 0x0000000080001130

clint mtime 0x000000000000012E (mip.MTI <- 0b1, mip.STI <- 0b0)
mem[X,0x00000000800010FC] -> 0x0433
mem[X,0x00000000800010FE] -> 0x0074
[604] [M]: 0x00000000800010FC (0x00740433) add x8, x8, x7                           spcl_Mhandler+8
x8 <- 0x0000000080001330

mem[X,0x0000000080001100] -> 0x1393
mem[X,0x0000000080001102] -> 0x0035
[605] [M]: 0x0000000080001100 (0x00351393) slli x7, x10, 0x3                        spcl_Mhandler+12
x7 <- 0x0000000000000010

clint mtime 0x000000000000012F (mip.MTI <- 0b1, mip.STI <- 0b0)
mem[X,0x0000000080001104] -> 0x0433
mem[X,0x0000000080001106] -> 0x0074
[606] [M]: 0x0000000080001104 (0x00740433) add x8, x8, x7                           spcl_Mhandler+16
x8 <- 0x0000000080001340

mem[X,0x0000000080001108] -> 0x7413
mem[X,0x000000008000110A] -> 0xFF84
[607] [M]: 0x0000000080001108 (0xFF847413) andi x8, x8, -0x8                        spcl_Mhandler+20
x8 <- 0x0000000080001340

clint mtime 0x0000000000000130 (mip.MTI <- 0b1, mip.STI <- 0b0)
mem[X,0x000000008000110C] -> 0x3403
mem[X,0x000000008000110E] -> 0x0004
[608] [M]: 0x000000008000110C (0x00043403) ld x8, 0x0(x8)                           spcl_Mhandler+24
mem[R,0x0000000080001340] -> 0x0000000000000005
x8 <- 0x0000000000000005

mem[X,0x0000000080001110] -> 0x04E3
mem[X,0x0000000080001112] -> 0xB204
[609] [M]: 0x0000000080001110 (0xB20404E3) beq x8, x0, -0x4d8                       spcl_Mdispatch_hndling+0

clint mtime 0x0000000000000131 (mip.MTI <- 0b1, mip.STI <- 0b0)
mem[X,0x0000000080001114] -> 0x1393
mem[X,0x0000000080001116] -> 0x03F4
[610] [M]: 0x0000000080001114 (0x03F41393) slli x7, x8, 0x3f                        spcl_Mdispatch_hndling+4
x7 <- 0x8000000000000000

mem[X,0x0000000080001118] -> 0xD863
mem[X,0x000000008000111A] -> 0x0003
[611] [M]: 0x0000000080001118 (0x0003D863) bge x7, x0, 0x10                         spcl_Mdispatch_hndling+8

clint mtime 0x0000000000000132 (mip.MTI <- 0b1, mip.STI <- 0b0)
mem[X,0x000000008000111C] -> 0x5413
mem[X,0x000000008000111E] -> 0x0014
[612] [M]: 0x000000008000111C (0x00145413) srli x8, x8, 0x1                         spcl_Mdispatch_hndling+12
x8 <- 0x0000000000000002

mem[X,0x0000000080001120] -> 0x0CE3
mem[X,0x0000000080001122] -> 0xF885
[613] [M]: 0x0000000080001120 (0xF8850CE3) beq x10, x8, -0x68                       spcl_Mdispatch_hndling+16

clint mtime 0x0000000000000133 (mip.MTI <- 0b1, mip.STI <- 0b0)
mem[X,0x00000000800010B8] -> 0x3303
mem[X,0x00000000800010BA] -> 0x2601
[614] [M]: 0x00000000800010B8 (0x26013303) ld x6, 0x260(x2)                         resto_Mrtn+0
mem[R,0x0000000080003260] -> 0x0000030000000008
x6 <- 0x0000030000000008

mem[X,0x00000000800010BC] -> 0x3383
mem[X,0x00000000800010BE] -> 0x2681
[615] [M]: 0x00000000800010BC (0x26813383) ld x7, 0x268(x2)                         resto_Mrtn+4
mem[R,0x0000000080003268] -> 0x0000000080003000
x7 <- 0x0000000080003000

clint mtime 0x0000000000000134 (mip.MTI <- 0b1, mip.STI <- 0b0)
mem[X,0x00000000800010C0] -> 0x3403
mem[X,0x00000000800010C2] -> 0x2701
[616] [M]: 0x00000000800010C0 (0x27013403) ld x8, 0x270(x2)                         resto_Mrtn+8
mem[R,0x0000000080003270] -> 0x0000000000007F76
x8 <- 0x0000000000007F76

mem[X,0x00000000800010C4] -> 0x3483
mem[X,0x00000000800010C6] -> 0x2781
[617] [M]: 0x00000000800010C4 (0x27813483) ld x9, 0x278(x2)                         resto_Mrtn+12
mem[R,0x0000000080003278] -> 0x00000600800008AC
x9 <- 0x00000600800008AC

clint mtime 0x0000000000000135 (mip.MTI <- 0b1, mip.STI <- 0b0)
mem[X,0x00000000800010C8] -> 0x3503
mem[X,0x00000000800010CA] -> 0x2801
[618] [M]: 0x00000000800010C8 (0x28013503) ld x10, 0x280(x2)                        resto_Mrtn+16
mem[R,0x0000000080003280] -> 0x00000000200010C7
x10 <- 0x00000000200010C7

mem[X,0x00000000800010CC] -> 0x3583
mem[X,0x00000000800010CE] -> 0x2881
[619] [M]: 0x00000000800010CC (0x28813583) ld x11, 0x288(x2)                        resto_Mrtn+20
mem[R,0x0000000080003288] -> 0x00000000000000C7
x11 <- 0x00000000000000C7

clint mtime 0x0000000000000136 (mip.MTI <- 0b1, mip.STI <- 0b0)
mem[X,0x00000000800010D0] -> 0x3103
mem[X,0x00000000800010D2] -> 0x2901
[620] [M]: 0x00000000800010D0 (0x29013103) ld x2, 0x290(x2)                         resto_Mrtn+24
mem[R,0x0000000080003290] -> 0x0000000080003000
x2 <- 0x0000000080003000

mem[X,0x00000000800010D4] -> 0x0073
mem[X,0x00000000800010D6] -> 0x3020
[621] [M]: 0x00000000800010D4 (0x30200073) mret                                     resto_Mrtn+28
CSR mstatus (0x300) <- 0x0000000A00000080
ret-ing from M to S

clint mtime 0x0000000000000137 (mip.MTI <- 0b1, mip.STI <- 0b0)
mem[X,0x00000000800008B4] -> 0x0793
mem[X,0x00000000800008B6] -> 0xFFF0
[622] [S]: 0x00000300800008B4 (0xFFF00793) addi x15, x0, -0x1                       va_rvtest_code_begin+1304
x15 <- 0xFFFFFFFFFFFFFFFF

mem[X,0x00000000800008B8] -> 0x0613
mem[X,0x00000000800008BA] -> 0x0106
[623] [S]: 0x00000300800008B8 (0x01060613) addi x12, x12, 0x10                      va_rvtest_code_begin+1308
x12 <- 0x0000000000000010

clint mtime 0x0000000000000138 (mip.MTI <- 0b1, mip.STI <- 0b0)
mem[X,0x00000000800008BC] -> 0x8023
mem[X,0x00000000800008BE] -> 0x00C7
[624] [S]: 0x00000300800008BC (0x00C78023) sb x12, 0x0(x15)                         va_rvtest_code_begin+1312
PTW: Start, vpn=0xfffffffff, access_type=W, privilege=Smem[R,0x0000000080009FF8] -> 0x0000000020002001
PTW: Step, level=3, pte=0x20002001, pte_addr=0x80009FF8
PTW: Start, vpn=0xfffffffff, access_type=W, privilege=Smem[R,0x0000000080008FF8] -> 0x0000000020001C01
PTW: Step, level=2, pte=0x20001C01, pte_addr=0x80008FF8
PTW: Start, vpn=0xfffffffff, access_type=W, privilege=Smem[R,0x0000000080007FF8] -> 0x0000000020001801
PTW: Step, level=1, pte=0x20001801, pte_addr=0x80007FF8
PTW: Start, vpn=0xfffffffff, access_type=W, privilege=Smem[R,0x0000000080006FF8] -> 0x00000000200010C7
PTW: Step, level=0, pte=0x200010C7, pte_addr=0x80006FF8
PTW: Success, final_ppn=0x80004, level=0mem[W,0x0000000080004FFF] <- 0x10

mem[X,0x00000000800008C0] -> 0x0013
mem[X,0x00000000800008C2] -> 0x0000
[625] [S]: 0x00000300800008C0 (0x00000013) addi x0, x0, 0x0                         va_rvtest_code_begin+1316

clint mtime 0x0000000000000139 (mip.MTI <- 0b1, mip.STI <- 0b0)
mem[X,0x00000000800008C4] -> 0xC703
mem[X,0x00000000800008C6] -> 0x0007
[626] [S]: 0x00000300800008C4 (0x0007C703) lbu x14, 0x0(x15)                        va_rvtest_code_begin+1320
mem[R,0x0000000080004FFF] -> 0x10
x14 <- 0x0000000000000010

mem[X,0x00000000800008C8] -> 0x0013
mem[X,0x00000000800008CA] -> 0x0000
[627] [S]: 0x00000300800008C8 (0x00000013) addi x0, x0, 0x0                         va_rvtest_code_begin+1324

clint mtime 0x000000000000013A (mip.MTI <- 0b1, mip.STI <- 0b0)
mem[X,0x00000000800008CC] -> 0x0013
mem[X,0x00000000800008CE] -> 0x0000
[628] [S]: 0x00000300800008CC (0x00000013) addi x0, x0, 0x0                         va_rvtest_code_begin+1328

mem[X,0x00000000800008D0] -> 0x0013
mem[X,0x00000000800008D2] -> 0x0000
[629] [S]: 0x00000300800008D0 (0x00000013) addi x0, x0, 0x0                         va_rvtest_code_begin+1332

clint mtime 0x000000000000013B (mip.MTI <- 0b1, mip.STI <- 0b0)
mem[X,0x00000000800008D4] -> 0x0113
mem[X,0x00000000800008D6] -> 0x0000
[630] [S]: 0x00000300800008D4 (0x00000113) addi x2, x0, 0x0                         va_rvtest_code_begin+1336
x2 <- 0x0000000000000000

mem[X,0x00000000800008D8] -> 0x0073
mem[X,0x00000000800008DA] -> 0x0000
[631] [S]: 0x00000300800008D8 (0x00000073) ecall                                    va_rvtest_code_begin+1340
trapping from S to M to handle s-call
handling exc#s-call at priv M with tval 0x0000000000000000
CSR mstatus (0x300) <- 0x0000000A00000800
CSR mcause (0x342) <- 0x0000000000000009
CSR mtval (0x343) <- 0x0000000000000000
CSR mepc (0x341) <- 0x00000300800008D8

clint mtime 0x000000000000013C (mip.MTI <- 0b1, mip.STI <- 0b0)
mem[X,0x0000000080000C80] -> 0x006F
mem[X,0x0000000080000C82] -> 0x1000
[632] [M]: 0x0000000080000C80 (0x1000006F) jal x0, 0x100                            Mtrampoline+0

mem[X,0x0000000080000D80] -> 0x1173
mem[X,0x0000000080000D82] -> 0x3401
[633] [M]: 0x0000000080000D80 (0x34011173) csrrw x2, mscratch, x2                   trap_Mhandler+0
CSR mscratch (0x340) <- 0x0000000000000000
x2 <- 0x0000000080003000

clint mtime 0x000000000000013D (mip.MTI <- 0b1, mip.STI <- 0b0)
mem[X,0x0000000080000D84] -> 0x3423
mem[X,0x0000000080000D86] -> 0x28B1
[634] [M]: 0x0000000080000D84 (0x28B13423) sd x11, 0x288(x2)                        trap_Mhandler+4
mem[W,0x0000000080003288] <- 0x00000000000000C7

mem[X,0x0000000080000D88] -> 0x05EF
mem[X,0x0000000080000D8A] -> 0x0B80
[635] [M]: 0x0000000080000D88 (0x0B8005EF) jal x11, 0xb8                            trap_Mhandler+8
x11 <- 0x0000000080000D8C

clint mtime 0x000000000000013E (mip.MTI <- 0b1, mip.STI <- 0b0)
mem[X,0x0000000080000E40] -> 0x3023
mem[X,0x0000000080000E42] -> 0x28A1
[636] [M]: 0x0000000080000E40 (0x28A13023) sd x10, 0x280(x2)                        common_Mhandler+0
mem[W,0x0000000080003280] <- 0x00000000200010C7

mem[X,0x0000000080000E44] -> 0x1573
mem[X,0x0000000080000E46] -> 0x3401
[637] [M]: 0x0000000080000E44 (0x34011573) csrrw x10, mscratch, x2                  common_Mhandler+4
CSR mscratch (0x340) <- 0x0000000080003000
x10 <- 0x0000000000000000

clint mtime 0x000000000000013F (mip.MTI <- 0b1, mip.STI <- 0b0)
mem[X,0x0000000080000E48] -> 0x3823
mem[X,0x0000000080000E4A] -> 0x28A1
[638] [M]: 0x0000000080000E48 (0x28A13823) sd x10, 0x290(x2)                        common_Mhandler+8
mem[W,0x0000000080003290] <- 0x0000000000000000

mem[X,0x0000000080000E4C] -> 0x3503
mem[X,0x0000000080000E4E] -> 0x2301
[639] [M]: 0x0000000080000E4C (0x23013503) ld x10, 0x230(x2)                        common_Mhandler+12
mem[R,0x0000000080003230] -> 0x0000000080000E54
x10 <- 0x0000000080000E54

clint mtime 0x0000000000000140 (mip.MTI <- 0b1, mip.STI <- 0b0)
mem[X,0x0000000080000E50] -> 0x0067
mem[X,0x0000000080000E52] -> 0x0005
[640] [M]: 0x0000000080000E50 (0x00050067) jalr x0, 0x0(x10)                        common_Mhandler+16

mem[X,0x0000000080000E54] -> 0x3C23
mem[X,0x0000000080000E56] -> 0x2691
[641] [M]: 0x0000000080000E54 (0x26913C23) sd x9, 0x278(x2)                         common_Mentry+0
mem[W,0x0000000080003278] <- 0x00000600800008AC

clint mtime 0x0000000000000141 (mip.MTI <- 0b1, mip.STI <- 0b0)
mem[X,0x0000000080000E58] -> 0x3823
mem[X,0x0000000080000E5A] -> 0x2681
[642] [M]: 0x0000000080000E58 (0x26813823) sd x8, 0x270(x2)                         common_Mentry+4
mem[W,0x0000000080003270] <- 0x0000000000007F76

mem[X,0x0000000080000E5C] -> 0x3423
mem[X,0x0000000080000E5E] -> 0x2671
[643] [M]: 0x0000000080000E5C (0x26713423) sd x7, 0x268(x2)                         common_Mentry+8
mem[W,0x0000000080003268] <- 0x0000000080003000

clint mtime 0x0000000000000142 (mip.MTI <- 0b1, mip.STI <- 0b0)
mem[X,0x0000000080000E60] -> 0x3023
mem[X,0x0000000080000E62] -> 0x2661
[644] [M]: 0x0000000080000E60 (0x26613023) sd x6, 0x260(x2)                         common_Mentry+12
mem[W,0x0000000080003260] <- 0x0000030000000008

mem[X,0x0000000080000E64] -> 0x2573
mem[X,0x0000000080000E66] -> 0x3420
[645] [M]: 0x0000000080000E64 (0x34202573) csrrs x10, mcause, x0                    spcl_M2mmode_test+0
CSR mcause (0x342) -> 0x0000000000000009
x10 <- 0x0000000000000009

clint mtime 0x0000000000000143 (mip.MTI <- 0b1, mip.STI <- 0b0)
mem[X,0x0000000080000E68] -> 0x04B7
mem[X,0x0000000080000E6A] -> 0x8000
[646] [M]: 0x0000000080000E68 (0x800004B7) lui x9, -0x80000                         spcl_M2mmode_test+4
x9 <- 0xFFFFFFFF80000000

mem[X,0x0000000080000E6C] -> 0x8493
mem[X,0x0000000080000E6E] -> 0x0004
[647] [M]: 0x0000000080000E6C (0x00048493) addi x9, x9, 0x0                         spcl_M2mmode_test+8
x9 <- 0xFFFFFFFF80000000

clint mtime 0x0000000000000144 (mip.MTI <- 0b1, mip.STI <- 0b0)
mem[X,0x0000000080000E70] -> 0x9493
mem[X,0x0000000080000E72] -> 0x00B4
[648] [M]: 0x0000000080000E70 (0x00B49493) slli x9, x9, 0xb                         spcl_M2mmode_test+12
x9 <- 0xFFFFFC0000000000

mem[X,0x0000000080000E74] -> 0x8493
mem[X,0x0000000080000E76] -> 0x0004
[649] [M]: 0x0000000080000E74 (0x00048493) addi x9, x9, 0x0                         spcl_M2mmode_test+16
x9 <- 0xFFFFFC0000000000

clint mtime 0x0000000000000145 (mip.MTI <- 0b1, mip.STI <- 0b0)
mem[X,0x0000000080000E78] -> 0x9493
mem[X,0x0000000080000E7A] -> 0x00B4
[650] [M]: 0x0000000080000E78 (0x00B49493) slli x9, x9, 0xb                         spcl_M2mmode_test+20
x9 <- 0xFFE0000000000000

mem[X,0x0000000080000E7C] -> 0x8493
mem[X,0x0000000080000E7E] -> 0x0034
[651] [M]: 0x0000000080000E7C (0x00348493) addi x9, x9, 0x3                         spcl_M2mmode_test+24
x9 <- 0xFFE0000000000003

clint mtime 0x0000000000000146 (mip.MTI <- 0b1, mip.STI <- 0b0)
mem[X,0x0000000080000E80] -> 0x9493
mem[X,0x0000000080000E82] -> 0x00A4
[652] [M]: 0x0000000080000E80 (0x00A49493) slli x9, x9, 0xa                         spcl_M2mmode_test+28
x9 <- 0x8000000000000C00

mem[X,0x0000000080000E84] -> 0x8493
mem[X,0x0000000080000E86] -> 0x3FC4
[653] [M]: 0x0000000080000E84 (0x3FC48493) addi x9, x9, 0x3fc                       spcl_M2mmode_test+32
x9 <- 0x8000000000000FFC

clint mtime 0x0000000000000147 (mip.MTI <- 0b1, mip.STI <- 0b0)
mem[X,0x0000000080000E88] -> 0xF4B3
mem[X,0x0000000080000E8A] -> 0x00A4
[654] [M]: 0x0000000080000E88 (0x00A4F4B3) and x9, x9, x10                          spcl_M2mmode_test+36
x9 <- 0x0000000000000008

mem[X,0x0000000080000E8C] -> 0x8493
mem[X,0x0000000080000E8E] -> 0xFF84
[655] [M]: 0x0000000080000E8C (0xFF848493) addi x9, x9, -0x8                        spcl_M2mmode_test+40
x9 <- 0x0000000000000000

clint mtime 0x0000000000000148 (mip.MTI <- 0b1, mip.STI <- 0b0)
mem[X,0x0000000080000E90] -> 0x9663
mem[X,0x0000000080000E92] -> 0x0004
[656] [M]: 0x0000000080000E90 (0x00049663) bne x9, x0, 0xc                          spcl_M2mmode_test+44

mem[X,0x0000000080000E94] -> 0x3383
mem[X,0x0000000080000E96] -> 0x2901
[657] [M]: 0x0000000080000E94 (0x29013383) ld x7, 0x290(x2)                         spcl_M2mmode_test+48
mem[R,0x0000000080003290] -> 0x0000000000000000
x7 <- 0x0000000000000000

clint mtime 0x0000000000000149 (mip.MTI <- 0b1, mip.STI <- 0b0)
mem[X,0x0000000080000E98] -> 0x8663
mem[X,0x0000000080000E9A] -> 0x6E03
[658] [M]: 0x0000000080000E98 (0x6E038663) beq x7, x0, 0x6ec                        spcl_M2mmode_test+52

mem[X,0x0000000080001584] -> 0x0493
mem[X,0x0000000080001586] -> 0xFF55
[659] [M]: 0x0000000080001584 (0xFF550493) addi x9, x10, -0xb                       rtn2mmode+0
x9 <- 0xFFFFFFFFFFFFFFFE

clint mtime 0x000000000000014A (mip.MTI <- 0b1, mip.STI <- 0b0)
mem[X,0x0000000080001588] -> 0x8C63
mem[X,0x000000008000158A] -> 0x0004
[660] [M]: 0x0000000080001588 (0x00048C63) beq x9, x0, 0x18                         rtn2mmode+4

mem[X,0x000000008000158C] -> 0x3583
mem[X,0x000000008000158E] -> 0x4701
[661] [M]: 0x000000008000158C (0x47013583) ld x11, 0x470(x2)                        rtn2mmode+8
mem[R,0x0000000080003470] -> 0x000003008000039C
x11 <- 0x000003008000039C

clint mtime 0x000000000000014B (mip.MTI <- 0b1, mip.STI <- 0b0)
mem[X,0x0000000080001590] -> 0xD463
mem[X,0x0000000080001592] -> 0x0003
[662] [M]: 0x0000000080001590 (0x0003D463) bge x7, x0, 0x8                          rtn2mmode+12

mem[X,0x0000000080001598] -> 0x3483
mem[X,0x000000008000159A] -> 0x1D81
[663] [M]: 0x0000000080001598 (0x1D813483) ld x9, 0x1d8(x2)                         from_u_s+0
mem[R,0x00000000800031D8] -> 0x00000000800003B4
x9 <- 0x00000000800003B4

clint mtime 0x000000000000014C (mip.MTI <- 0b1, mip.STI <- 0b0)
mem[X,0x000000008000159C] -> 0x84B3
mem[X,0x000000008000159E] -> 0x40B4
[664] [M]: 0x000000008000159C (0x40B484B3) sub x9, x9, x11                          from_u_s+4
x9 <- 0xFFFFFD0000000018

mem[X,0x00000000800015A0] -> 0x23F3
mem[X,0x00000000800015A2] -> 0x3410
[665] [M]: 0x00000000800015A0 (0x341023F3) csrrs x7, mepc, x0                       rtn_fm_mmode+0
CSR mepc (0x341) -> 0x00000300800008D8
x7 <- 0x00000300800008D8

clint mtime 0x000000000000014D (mip.MTI <- 0b1, mip.STI <- 0b0)
mem[X,0x00000000800015A4] -> 0x83B3
mem[X,0x00000000800015A6] -> 0x0093
[666] [M]: 0x00000000800015A4 (0x009383B3) add x7, x7, x9                           rtn_fm_mmode+4
x7 <- 0x00000000800008F0

mem[X,0x00000000800015A8] -> 0x3303
mem[X,0x00000000800015AA] -> 0x2601
[667] [M]: 0x00000000800015A8 (0x26013303) ld x6, 0x260(x2)                         rtn_fm_mmode+8
mem[R,0x0000000080003260] -> 0x0000030000000008
x6 <- 0x0000030000000008

clint mtime 0x000000000000014E (mip.MTI <- 0b1, mip.STI <- 0b0)
mem[X,0x00000000800015AC] -> 0x3403
mem[X,0x00000000800015AE] -> 0x2701
[668] [M]: 0x00000000800015AC (0x27013403) ld x8, 0x270(x2)                         rtn_fm_mmode+12
mem[R,0x0000000080003270] -> 0x0000000000007F76
x8 <- 0x0000000000007F76

mem[X,0x00000000800015B0] -> 0x3483
mem[X,0x00000000800015B2] -> 0x2781
[669] [M]: 0x00000000800015B0 (0x27813483) ld x9, 0x278(x2)                         rtn_fm_mmode+16
mem[R,0x0000000080003278] -> 0x00000600800008AC
x9 <- 0x00000600800008AC

clint mtime 0x000000000000014F (mip.MTI <- 0b1, mip.STI <- 0b0)
mem[X,0x00000000800015B4] -> 0x3503
mem[X,0x00000000800015B6] -> 0x2801
[670] [M]: 0x00000000800015B4 (0x28013503) ld x10, 0x280(x2)                        rtn_fm_mmode+20
mem[R,0x0000000080003280] -> 0x00000000200010C7
x10 <- 0x00000000200010C7

mem[X,0x00000000800015B8] -> 0x3583
mem[X,0x00000000800015BA] -> 0x2881
[671] [M]: 0x00000000800015B8 (0x28813583) ld x11, 0x288(x2)                        rtn_fm_mmode+24
mem[R,0x0000000080003288] -> 0x00000000000000C7
x11 <- 0x00000000000000C7

clint mtime 0x0000000000000150 (mip.MTI <- 0b1, mip.STI <- 0b0)
mem[X,0x00000000800015BC] -> 0x3103
mem[X,0x00000000800015BE] -> 0x2901
[672] [M]: 0x00000000800015BC (0x29013103) ld x2, 0x290(x2)                         rtn_fm_mmode+28
mem[R,0x0000000080003290] -> 0x0000000000000000
x2 <- 0x0000000000000000

mem[X,0x00000000800015C0] -> 0x8067
mem[X,0x00000000800015C2] -> 0x0043
[673] [M]: 0x00000000800015C0 (0x00438067) jalr x0, 0x4(x7)                         rtn_fm_mmode+32

clint mtime 0x0000000000000151 (mip.MTI <- 0b1, mip.STI <- 0b0)
mem[X,0x00000000800008F4] -> 0x0013
mem[X,0x00000000800008F6] -> 0x0000
[674] [M]: 0x00000000800008F4 (0x00000013) addi x0, x0, 0x0                         main+1300

mem[X,0x00000000800008F8] -> 0x0013
mem[X,0x00000000800008FA] -> 0x0000
[675] [M]: 0x00000000800008F8 (0x00000013) addi x0, x0, 0x0                         main+1304

clint mtime 0x0000000000000152 (mip.MTI <- 0b1, mip.STI <- 0b0)
mem[X,0x00000000800008FC] -> 0x0013
mem[X,0x00000000800008FE] -> 0x0000
[676] [M]: 0x00000000800008FC (0x00000013) addi x0, x0, 0x0                         main+1308

mem[X,0x0000000080000900] -> 0x7517
mem[X,0x0000000080000902] -> 0x0000
[677] [M]: 0x0000000080000900 (0x00007517) auipc x10, 0x7                           main+1312
x10 <- 0x0000000080007900

clint mtime 0x0000000000000153 (mip.MTI <- 0b1, mip.STI <- 0b0)
mem[X,0x0000000080000904] -> 0x0513
mem[X,0x0000000080000906] -> 0x7005
[678] [M]: 0x0000000080000904 (0x70050513) addi x10, x10, 0x700                     main+1316
x10 <- 0x0000000080008000

mem[X,0x0000000080000908] -> 0x0001
[679] [M]: 0x0000000080000908 (0x0001) c.nop                                        main+1320

clint mtime 0x0000000000000154 (mip.MTI <- 0b1, mip.STI <- 0b0)
mem[X,0x000000008000090A] -> 0x0013
mem[X,0x000000008000090C] -> 0x0000
[680] [M]: 0x000000008000090A (0x00000013) addi x0, x0, 0x0                         main+1322

mem[X,0x000000008000090E] -> 0x0013
mem[X,0x0000000080000910] -> 0x0000
[681] [M]: 0x000000008000090E (0x00000013) addi x0, x0, 0x0                         main+1326

clint mtime 0x0000000000000155 (mip.MTI <- 0b1, mip.STI <- 0b0)
mem[X,0x0000000080000912] -> 0x0013
mem[X,0x0000000080000914] -> 0x0000
[682] [M]: 0x0000000080000912 (0x00000013) addi x0, x0, 0x0                         main+1330

mem[X,0x0000000080000916] -> 0x0013
mem[X,0x0000000080000918] -> 0x0000
[683] [M]: 0x0000000080000916 (0x00000013) addi x0, x0, 0x0                         main+1334

clint mtime 0x0000000000000156 (mip.MTI <- 0b1, mip.STI <- 0b0)
mem[X,0x000000008000091A] -> 0x0013
mem[X,0x000000008000091C] -> 0x0000
[684] [M]: 0x000000008000091A (0x00000013) addi x0, x0, 0x0                         main+1338

mem[X,0x000000008000091E] -> 0x0001
[685] [M]: 0x000000008000091E (0x0001) c.nop                                        main+1342

clint mtime 0x0000000000000157 (mip.MTI <- 0b1, mip.STI <- 0b0)
mem[X,0x0000000080000920] -> 0x0593
mem[X,0x0000000080000922] -> 0x0010
[686] [M]: 0x0000000080000920 (0x00100593) addi x11, x0, 0x1                        main+1344
x11 <- 0x0000000000000001

mem[X,0x0000000080000924] -> 0x5513
mem[X,0x0000000080000926] -> 0x00C5
[687] [M]: 0x0000000080000924 (0x00C55513) srli x10, x10, 0xc                       main+1348
x10 <- 0x0000000000080008

clint mtime 0x0000000000000158 (mip.MTI <- 0b1, mip.STI <- 0b0)
mem[X,0x0000000080000928] -> 0x1513
mem[X,0x000000008000092A] -> 0x00A5
[688] [M]: 0x0000000080000928 (0x00A51513) slli x10, x10, 0xa                       main+1352
x10 <- 0x0000000020002000

mem[X,0x000000008000092C] -> 0x6533
mem[X,0x000000008000092E] -> 0x00B5
[689] [M]: 0x000000008000092C (0x00B56533) or x10, x10, x11                         main+1356
x10 <- 0x0000000020002001

clint mtime 0x0000000000000159 (mip.MTI <- 0b1, mip.STI <- 0b0)
mem[X,0x0000000080000930] -> 0x0013
mem[X,0x0000000080000932] -> 0x0000
[690] [M]: 0x0000000080000930 (0x00000013) addi x0, x0, 0x0                         main+1360

mem[X,0x0000000080000934] -> 0x0013
mem[X,0x0000000080000936] -> 0x0000
[691] [M]: 0x0000000080000934 (0x00000013) addi x0, x0, 0x0                         main+1364

clint mtime 0x000000000000015A (mip.MTI <- 0b1, mip.STI <- 0b0)
mem[X,0x0000000080000938] -> 0x0013
mem[X,0x000000008000093A] -> 0x0000
[692] [M]: 0x0000000080000938 (0x00000013) addi x0, x0, 0x0                         main+1368

mem[X,0x000000008000093C] -> 0x0013
mem[X,0x000000008000093E] -> 0x0000
[693] [M]: 0x000000008000093C (0x00000013) addi x0, x0, 0x0                         main+1372

clint mtime 0x000000000000015B (mip.MTI <- 0b1, mip.STI <- 0b0)
mem[X,0x0000000080000940] -> 0x8317
mem[X,0x0000000080000942] -> 0x0000
[694] [M]: 0x0000000080000940 (0x00008317) auipc x6, 0x8                            main+1376
x6 <- 0x0000000080008940

mem[X,0x0000000080000944] -> 0x0313
mem[X,0x0000000080000946] -> 0x6C03
[695] [M]: 0x0000000080000944 (0x6C030313) addi x6, x6, 0x6c0                       main+1380
x6 <- 0x0000000080009000

clint mtime 0x000000000000015C (mip.MTI <- 0b1, mip.STI <- 0b0)
mem[X,0x0000000080000948] -> 0x0001
[696] [M]: 0x0000000080000948 (0x0001) c.nop                                        main+1384

mem[X,0x000000008000094A] -> 0x0013
mem[X,0x000000008000094C] -> 0x0000
[697] [M]: 0x000000008000094A (0x00000013) addi x0, x0, 0x0                         main+1386

clint mtime 0x000000000000015D (mip.MTI <- 0b1, mip.STI <- 0b0)
mem[X,0x000000008000094E] -> 0x0013
mem[X,0x0000000080000950] -> 0x0000
[698] [M]: 0x000000008000094E (0x00000013) addi x0, x0, 0x0                         main+1390

mem[X,0x0000000080000952] -> 0x0013
mem[X,0x0000000080000954] -> 0x0000
[699] [M]: 0x0000000080000952 (0x00000013) addi x0, x0, 0x0                         main+1394

clint mtime 0x000000000000015E (mip.MTI <- 0b1, mip.STI <- 0b0)
mem[X,0x0000000080000956] -> 0x0013
mem[X,0x0000000080000958] -> 0x0000
[700] [M]: 0x0000000080000956 (0x00000013) addi x0, x0, 0x0                         main+1398

mem[X,0x000000008000095A] -> 0x0013
mem[X,0x000000008000095C] -> 0x0000
[701] [M]: 0x000000008000095A (0x00000013) addi x0, x0, 0x0                         main+1402

clint mtime 0x000000000000015F (mip.MTI <- 0b1, mip.STI <- 0b0)
mem[X,0x000000008000095E] -> 0x0001
[702] [M]: 0x000000008000095E (0x0001) c.nop                                        main+1406

mem[X,0x0000000080000960] -> 0x0293
mem[X,0x0000000080000962] -> 0xFFF0
[703] [M]: 0x0000000080000960 (0xFFF00293) addi x5, x0, -0x1                        main+1408
x5 <- 0xFFFFFFFFFFFFFFFF

clint mtime 0x0000000000000160 (mip.MTI <- 0b1, mip.STI <- 0b0)
mem[X,0x0000000080000964] -> 0xD293
mem[X,0x0000000080000966] -> 0x0372
[704] [M]: 0x0000000080000964 (0x0372D293) srli x5, x5, 0x37                        main+1412
x5 <- 0x00000000000001FF

mem[X,0x0000000080000968] -> 0x9293
mem[X,0x000000008000096A] -> 0x0032
[705] [M]: 0x0000000080000968 (0x00329293) slli x5, x5, 0x3                         main+1416
x5 <- 0x0000000000000FF8

clint mtime 0x0000000000000161 (mip.MTI <- 0b1, mip.STI <- 0b0)
mem[X,0x000000008000096C] -> 0x0333
mem[X,0x000000008000096E] -> 0x0053
[706] [M]: 0x000000008000096C (0x00530333) add x6, x6, x5                           main+1420
x6 <- 0x0000000080009FF8

mem[X,0x0000000080000970] -> 0x3023
mem[X,0x0000000080000972] -> 0x00A3
[707] [M]: 0x0000000080000970 (0x00A33023) sd x10, 0x0(x6)                          main+1424
mem[W,0x0000000080009FF8] <- 0x0000000020002001

clint mtime 0x0000000000000162 (mip.MTI <- 0b1, mip.STI <- 0b0)
mem[X,0x0000000080000974] -> 0x0013
mem[X,0x0000000080000976] -> 0x0000
[708] [M]: 0x0000000080000974 (0x00000013) addi x0, x0, 0x0                         main+1428

mem[X,0x0000000080000978] -> 0x0013
mem[X,0x000000008000097A] -> 0x0000
[709] [M]: 0x0000000080000978 (0x00000013) addi x0, x0, 0x0                         main+1432

clint mtime 0x0000000000000163 (mip.MTI <- 0b1, mip.STI <- 0b0)
mem[X,0x000000008000097C] -> 0x0013
mem[X,0x000000008000097E] -> 0x0000
[710] [M]: 0x000000008000097C (0x00000013) addi x0, x0, 0x0                         main+1436

mem[X,0x0000000080000980] -> 0x6517
mem[X,0x0000000080000982] -> 0x0000
[711] [M]: 0x0000000080000980 (0x00006517) auipc x10, 0x6                           main+1440
x10 <- 0x0000000080006980

clint mtime 0x0000000000000164 (mip.MTI <- 0b1, mip.STI <- 0b0)
mem[X,0x0000000080000984] -> 0x0513
mem[X,0x0000000080000986] -> 0x6805
[712] [M]: 0x0000000080000984 (0x68050513) addi x10, x10, 0x680                     main+1444
x10 <- 0x0000000080007000

mem[X,0x0000000080000988] -> 0x0001
[713] [M]: 0x0000000080000988 (0x0001) c.nop                                        main+1448

clint mtime 0x0000000000000165 (mip.MTI <- 0b1, mip.STI <- 0b0)
mem[X,0x000000008000098A] -> 0x0013
mem[X,0x000000008000098C] -> 0x0000
[714] [M]: 0x000000008000098A (0x00000013) addi x0, x0, 0x0                         main+1450

mem[X,0x000000008000098E] -> 0x0013
mem[X,0x0000000080000990] -> 0x0000
[715] [M]: 0x000000008000098E (0x00000013) addi x0, x0, 0x0                         main+1454

clint mtime 0x0000000000000166 (mip.MTI <- 0b1, mip.STI <- 0b0)
mem[X,0x0000000080000992] -> 0x0013
mem[X,0x0000000080000994] -> 0x0000
[716] [M]: 0x0000000080000992 (0x00000013) addi x0, x0, 0x0                         main+1458

mem[X,0x0000000080000996] -> 0x0013
mem[X,0x0000000080000998] -> 0x0000
[717] [M]: 0x0000000080000996 (0x00000013) addi x0, x0, 0x0                         main+1462

clint mtime 0x0000000000000167 (mip.MTI <- 0b1, mip.STI <- 0b0)
mem[X,0x000000008000099A] -> 0x0013
mem[X,0x000000008000099C] -> 0x0000
[718] [M]: 0x000000008000099A (0x00000013) addi x0, x0, 0x0                         main+1466

mem[X,0x000000008000099E] -> 0x0001
[719] [M]: 0x000000008000099E (0x0001) c.nop                                        main+1470

clint mtime 0x0000000000000168 (mip.MTI <- 0b1, mip.STI <- 0b0)
mem[X,0x00000000800009A0] -> 0x0593
mem[X,0x00000000800009A2] -> 0x0010
[720] [M]: 0x00000000800009A0 (0x00100593) addi x11, x0, 0x1                        main+1472
x11 <- 0x0000000000000001

mem[X,0x00000000800009A4] -> 0x5513
mem[X,0x00000000800009A6] -> 0x00C5
[721] [M]: 0x00000000800009A4 (0x00C55513) srli x10, x10, 0xc                       main+1476
x10 <- 0x0000000000080007

clint mtime 0x0000000000000169 (mip.MTI <- 0b1, mip.STI <- 0b0)
mem[X,0x00000000800009A8] -> 0x1513
mem[X,0x00000000800009AA] -> 0x00A5
[722] [M]: 0x00000000800009A8 (0x00A51513) slli x10, x10, 0xa                       main+1480
x10 <- 0x0000000020001C00

mem[X,0x00000000800009AC] -> 0x6533
mem[X,0x00000000800009AE] -> 0x00B5
[723] [M]: 0x00000000800009AC (0x00B56533) or x10, x10, x11                         main+1484
x10 <- 0x0000000020001C01

clint mtime 0x000000000000016A (mip.MTI <- 0b1, mip.STI <- 0b0)
mem[X,0x00000000800009B0] -> 0x0013
mem[X,0x00000000800009B2] -> 0x0000
[724] [M]: 0x00000000800009B0 (0x00000013) addi x0, x0, 0x0                         main+1488

mem[X,0x00000000800009B4] -> 0x0013
mem[X,0x00000000800009B6] -> 0x0000
[725] [M]: 0x00000000800009B4 (0x00000013) addi x0, x0, 0x0                         main+1492

clint mtime 0x000000000000016B (mip.MTI <- 0b1, mip.STI <- 0b0)
mem[X,0x00000000800009B8] -> 0x0013
mem[X,0x00000000800009BA] -> 0x0000
[726] [M]: 0x00000000800009B8 (0x00000013) addi x0, x0, 0x0                         main+1496

mem[X,0x00000000800009BC] -> 0x0013
mem[X,0x00000000800009BE] -> 0x0000
[727] [M]: 0x00000000800009BC (0x00000013) addi x0, x0, 0x0                         main+1500

clint mtime 0x000000000000016C (mip.MTI <- 0b1, mip.STI <- 0b0)
mem[X,0x00000000800009C0] -> 0x7317
mem[X,0x00000000800009C2] -> 0x0000
[728] [M]: 0x00000000800009C0 (0x00007317) auipc x6, 0x7                            main+1504
x6 <- 0x00000000800079C0

mem[X,0x00000000800009C4] -> 0x0313
mem[X,0x00000000800009C6] -> 0x6403
[729] [M]: 0x00000000800009C4 (0x64030313) addi x6, x6, 0x640                       main+1508
x6 <- 0x0000000080008000

clint mtime 0x000000000000016D (mip.MTI <- 0b1, mip.STI <- 0b0)
mem[X,0x00000000800009C8] -> 0x0001
[730] [M]: 0x00000000800009C8 (0x0001) c.nop                                        main+1512

mem[X,0x00000000800009CA] -> 0x0013
mem[X,0x00000000800009CC] -> 0x0000
[731] [M]: 0x00000000800009CA (0x00000013) addi x0, x0, 0x0                         main+1514

clint mtime 0x000000000000016E (mip.MTI <- 0b1, mip.STI <- 0b0)
mem[X,0x00000000800009CE] -> 0x0013
mem[X,0x00000000800009D0] -> 0x0000
[732] [M]: 0x00000000800009CE (0x00000013) addi x0, x0, 0x0                         main+1518

mem[X,0x00000000800009D2] -> 0x0013
mem[X,0x00000000800009D4] -> 0x0000
[733] [M]: 0x00000000800009D2 (0x00000013) addi x0, x0, 0x0                         main+1522

clint mtime 0x000000000000016F (mip.MTI <- 0b1, mip.STI <- 0b0)
mem[X,0x00000000800009D6] -> 0x0013
mem[X,0x00000000800009D8] -> 0x0000
[734] [M]: 0x00000000800009D6 (0x00000013) addi x0, x0, 0x0                         main+1526

mem[X,0x00000000800009DA] -> 0x0013
mem[X,0x00000000800009DC] -> 0x0000
[735] [M]: 0x00000000800009DA (0x00000013) addi x0, x0, 0x0                         main+1530

clint mtime 0x0000000000000170 (mip.MTI <- 0b1, mip.STI <- 0b0)
mem[X,0x00000000800009DE] -> 0x0001
[736] [M]: 0x00000000800009DE (0x0001) c.nop                                        main+1534

mem[X,0x00000000800009E0] -> 0x0293
mem[X,0x00000000800009E2] -> 0xFFF0
[737] [M]: 0x00000000800009E0 (0xFFF00293) addi x5, x0, -0x1                        main+1536
x5 <- 0xFFFFFFFFFFFFFFFF

clint mtime 0x0000000000000171 (mip.MTI <- 0b1, mip.STI <- 0b0)
mem[X,0x00000000800009E4] -> 0xD293
mem[X,0x00000000800009E6] -> 0x0372
[738] [M]: 0x00000000800009E4 (0x0372D293) srli x5, x5, 0x37                        main+1540
x5 <- 0x00000000000001FF

mem[X,0x00000000800009E8] -> 0x9293
mem[X,0x00000000800009EA] -> 0x0032
[739] [M]: 0x00000000800009E8 (0x00329293) slli x5, x5, 0x3                         main+1544
x5 <- 0x0000000000000FF8

clint mtime 0x0000000000000172 (mip.MTI <- 0b1, mip.STI <- 0b0)
mem[X,0x00000000800009EC] -> 0x0333
mem[X,0x00000000800009EE] -> 0x0053
[740] [M]: 0x00000000800009EC (0x00530333) add x6, x6, x5                           main+1548
x6 <- 0x0000000080008FF8

mem[X,0x00000000800009F0] -> 0x3023
mem[X,0x00000000800009F2] -> 0x00A3
[741] [M]: 0x00000000800009F0 (0x00A33023) sd x10, 0x0(x6)                          main+1552
mem[W,0x0000000080008FF8] <- 0x0000000020001C01

clint mtime 0x0000000000000173 (mip.MTI <- 0b1, mip.STI <- 0b0)
mem[X,0x00000000800009F4] -> 0x0013
mem[X,0x00000000800009F6] -> 0x0000
[742] [M]: 0x00000000800009F4 (0x00000013) addi x0, x0, 0x0                         main+1556

mem[X,0x00000000800009F8] -> 0x0013
mem[X,0x00000000800009FA] -> 0x0000
[743] [M]: 0x00000000800009F8 (0x00000013) addi x0, x0, 0x0                         main+1560

clint mtime 0x0000000000000174 (mip.MTI <- 0b1, mip.STI <- 0b0)
mem[X,0x00000000800009FC] -> 0x0013
mem[X,0x00000000800009FE] -> 0x0000
[744] [M]: 0x00000000800009FC (0x00000013) addi x0, x0, 0x0                         main+1564

mem[X,0x0000000080000A00] -> 0x5517
mem[X,0x0000000080000A02] -> 0x0000
[745] [M]: 0x0000000080000A00 (0x00005517) auipc x10, 0x5                           main+1568
x10 <- 0x0000000080005A00

clint mtime 0x0000000000000175 (mip.MTI <- 0b1, mip.STI <- 0b0)
mem[X,0x0000000080000A04] -> 0x0513
mem[X,0x0000000080000A06] -> 0x6005
[746] [M]: 0x0000000080000A04 (0x60050513) addi x10, x10, 0x600                     main+1572
x10 <- 0x0000000080006000

mem[X,0x0000000080000A08] -> 0x0001
[747] [M]: 0x0000000080000A08 (0x0001) c.nop                                        main+1576

clint mtime 0x0000000000000176 (mip.MTI <- 0b1, mip.STI <- 0b0)
mem[X,0x0000000080000A0A] -> 0x0013
mem[X,0x0000000080000A0C] -> 0x0000
[748] [M]: 0x0000000080000A0A (0x00000013) addi x0, x0, 0x0                         main+1578

mem[X,0x0000000080000A0E] -> 0x0013
mem[X,0x0000000080000A10] -> 0x0000
[749] [M]: 0x0000000080000A0E (0x00000013) addi x0, x0, 0x0                         main+1582

clint mtime 0x0000000000000177 (mip.MTI <- 0b1, mip.STI <- 0b0)
mem[X,0x0000000080000A12] -> 0x0013
mem[X,0x0000000080000A14] -> 0x0000
[750] [M]: 0x0000000080000A12 (0x00000013) addi x0, x0, 0x0                         main+1586

mem[X,0x0000000080000A16] -> 0x0013
mem[X,0x0000000080000A18] -> 0x0000
[751] [M]: 0x0000000080000A16 (0x00000013) addi x0, x0, 0x0                         main+1590

clint mtime 0x0000000000000178 (mip.MTI <- 0b1, mip.STI <- 0b0)
mem[X,0x0000000080000A1A] -> 0x0013
mem[X,0x0000000080000A1C] -> 0x0000
[752] [M]: 0x0000000080000A1A (0x00000013) addi x0, x0, 0x0                         main+1594

mem[X,0x0000000080000A1E] -> 0x0001
[753] [M]: 0x0000000080000A1E (0x0001) c.nop                                        main+1598

clint mtime 0x0000000000000179 (mip.MTI <- 0b1, mip.STI <- 0b0)
mem[X,0x0000000080000A20] -> 0x0593
mem[X,0x0000000080000A22] -> 0x0010
[754] [M]: 0x0000000080000A20 (0x00100593) addi x11, x0, 0x1                        main+1600
x11 <- 0x0000000000000001

mem[X,0x0000000080000A24] -> 0x5513
mem[X,0x0000000080000A26] -> 0x00C5
[755] [M]: 0x0000000080000A24 (0x00C55513) srli x10, x10, 0xc                       main+1604
x10 <- 0x0000000000080006

clint mtime 0x000000000000017A (mip.MTI <- 0b1, mip.STI <- 0b0)
mem[X,0x0000000080000A28] -> 0x1513
mem[X,0x0000000080000A2A] -> 0x00A5
[756] [M]: 0x0000000080000A28 (0x00A51513) slli x10, x10, 0xa                       main+1608
x10 <- 0x0000000020001800

mem[X,0x0000000080000A2C] -> 0x6533
mem[X,0x0000000080000A2E] -> 0x00B5
[757] [M]: 0x0000000080000A2C (0x00B56533) or x10, x10, x11                         main+1612
x10 <- 0x0000000020001801

clint mtime 0x000000000000017B (mip.MTI <- 0b1, mip.STI <- 0b0)
mem[X,0x0000000080000A30] -> 0x0013
mem[X,0x0000000080000A32] -> 0x0000
[758] [M]: 0x0000000080000A30 (0x00000013) addi x0, x0, 0x0                         main+1616

mem[X,0x0000000080000A34] -> 0x0013
mem[X,0x0000000080000A36] -> 0x0000
[759] [M]: 0x0000000080000A34 (0x00000013) addi x0, x0, 0x0                         main+1620

clint mtime 0x000000000000017C (mip.MTI <- 0b1, mip.STI <- 0b0)
mem[X,0x0000000080000A38] -> 0x0013
mem[X,0x0000000080000A3A] -> 0x0000
[760] [M]: 0x0000000080000A38 (0x00000013) addi x0, x0, 0x0                         main+1624

mem[X,0x0000000080000A3C] -> 0x0013
mem[X,0x0000000080000A3E] -> 0x0000
[761] [M]: 0x0000000080000A3C (0x00000013) addi x0, x0, 0x0                         main+1628

clint mtime 0x000000000000017D (mip.MTI <- 0b1, mip.STI <- 0b0)
mem[X,0x0000000080000A40] -> 0x6317
mem[X,0x0000000080000A42] -> 0x0000
[762] [M]: 0x0000000080000A40 (0x00006317) auipc x6, 0x6                            main+1632
x6 <- 0x0000000080006A40

mem[X,0x0000000080000A44] -> 0x0313
mem[X,0x0000000080000A46] -> 0x5C03
[763] [M]: 0x0000000080000A44 (0x5C030313) addi x6, x6, 0x5c0                       main+1636
x6 <- 0x0000000080007000

clint mtime 0x000000000000017E (mip.MTI <- 0b1, mip.STI <- 0b0)
mem[X,0x0000000080000A48] -> 0x0001
[764] [M]: 0x0000000080000A48 (0x0001) c.nop                                        main+1640

mem[X,0x0000000080000A4A] -> 0x0013
mem[X,0x0000000080000A4C] -> 0x0000
[765] [M]: 0x0000000080000A4A (0x00000013) addi x0, x0, 0x0                         main+1642

clint mtime 0x000000000000017F (mip.MTI <- 0b1, mip.STI <- 0b0)
mem[X,0x0000000080000A4E] -> 0x0013
mem[X,0x0000000080000A50] -> 0x0000
[766] [M]: 0x0000000080000A4E (0x00000013) addi x0, x0, 0x0                         main+1646

mem[X,0x0000000080000A52] -> 0x0013
mem[X,0x0000000080000A54] -> 0x0000
[767] [M]: 0x0000000080000A52 (0x00000013) addi x0, x0, 0x0                         main+1650

clint mtime 0x0000000000000180 (mip.MTI <- 0b1, mip.STI <- 0b0)
mem[X,0x0000000080000A56] -> 0x0013
mem[X,0x0000000080000A58] -> 0x0000
[768] [M]: 0x0000000080000A56 (0x00000013) addi x0, x0, 0x0                         main+1654

mem[X,0x0000000080000A5A] -> 0x0013
mem[X,0x0000000080000A5C] -> 0x0000
[769] [M]: 0x0000000080000A5A (0x00000013) addi x0, x0, 0x0                         main+1658

clint mtime 0x0000000000000181 (mip.MTI <- 0b1, mip.STI <- 0b0)
mem[X,0x0000000080000A5E] -> 0x0001
[770] [M]: 0x0000000080000A5E (0x0001) c.nop                                        main+1662

mem[X,0x0000000080000A60] -> 0x0293
mem[X,0x0000000080000A62] -> 0xFFF0
[771] [M]: 0x0000000080000A60 (0xFFF00293) addi x5, x0, -0x1                        main+1664
x5 <- 0xFFFFFFFFFFFFFFFF

clint mtime 0x0000000000000182 (mip.MTI <- 0b1, mip.STI <- 0b0)
mem[X,0x0000000080000A64] -> 0xD293
mem[X,0x0000000080000A66] -> 0x0372
[772] [M]: 0x0000000080000A64 (0x0372D293) srli x5, x5, 0x37                        main+1668
x5 <- 0x00000000000001FF

mem[X,0x0000000080000A68] -> 0x9293
mem[X,0x0000000080000A6A] -> 0x0032
[773] [M]: 0x0000000080000A68 (0x00329293) slli x5, x5, 0x3                         main+1672
x5 <- 0x0000000000000FF8

clint mtime 0x0000000000000183 (mip.MTI <- 0b1, mip.STI <- 0b0)
mem[X,0x0000000080000A6C] -> 0x0333
mem[X,0x0000000080000A6E] -> 0x0053
[774] [M]: 0x0000000080000A6C (0x00530333) add x6, x6, x5                           main+1676
x6 <- 0x0000000080007FF8

mem[X,0x0000000080000A70] -> 0x3023
mem[X,0x0000000080000A72] -> 0x00A3
[775] [M]: 0x0000000080000A70 (0x00A33023) sd x10, 0x0(x6)                          main+1680
mem[W,0x0000000080007FF8] <- 0x0000000020001801

clint mtime 0x0000000000000184 (mip.MTI <- 0b1, mip.STI <- 0b0)
mem[X,0x0000000080000A74] -> 0x0013
mem[X,0x0000000080000A76] -> 0x0000
[776] [M]: 0x0000000080000A74 (0x00000013) addi x0, x0, 0x0                         main+1684

mem[X,0x0000000080000A78] -> 0x0013
mem[X,0x0000000080000A7A] -> 0x0000
[777] [M]: 0x0000000080000A78 (0x00000013) addi x0, x0, 0x0                         main+1688

clint mtime 0x0000000000000185 (mip.MTI <- 0b1, mip.STI <- 0b0)
mem[X,0x0000000080000A7C] -> 0x0013
mem[X,0x0000000080000A7E] -> 0x0000
[778] [M]: 0x0000000080000A7C (0x00000013) addi x0, x0, 0x0                         main+1692

mem[X,0x0000000080000A80] -> 0x4517
mem[X,0x0000000080000A82] -> 0x0000
[779] [M]: 0x0000000080000A80 (0x00004517) auipc x10, 0x4                           main+1696
x10 <- 0x0000000080004A80

clint mtime 0x0000000000000186 (mip.MTI <- 0b1, mip.STI <- 0b0)
mem[X,0x0000000080000A84] -> 0x0513
mem[X,0x0000000080000A86] -> 0x5805
[780] [M]: 0x0000000080000A84 (0x58050513) addi x10, x10, 0x580                     main+1700
x10 <- 0x0000000080005000

mem[X,0x0000000080000A88] -> 0x0001
[781] [M]: 0x0000000080000A88 (0x0001) c.nop                                        main+1704

clint mtime 0x0000000000000187 (mip.MTI <- 0b1, mip.STI <- 0b0)
mem[X,0x0000000080000A8A] -> 0x0013
mem[X,0x0000000080000A8C] -> 0x0000
[782] [M]: 0x0000000080000A8A (0x00000013) addi x0, x0, 0x0                         main+1706

mem[X,0x0000000080000A8E] -> 0x0013
mem[X,0x0000000080000A90] -> 0x0000
[783] [M]: 0x0000000080000A8E (0x00000013) addi x0, x0, 0x0                         main+1710

clint mtime 0x0000000000000188 (mip.MTI <- 0b1, mip.STI <- 0b0)
mem[X,0x0000000080000A92] -> 0x0013
mem[X,0x0000000080000A94] -> 0x0000
[784] [M]: 0x0000000080000A92 (0x00000013) addi x0, x0, 0x0                         main+1714

mem[X,0x0000000080000A96] -> 0x0013
mem[X,0x0000000080000A98] -> 0x0000
[785] [M]: 0x0000000080000A96 (0x00000013) addi x0, x0, 0x0                         main+1718

clint mtime 0x0000000000000189 (mip.MTI <- 0b1, mip.STI <- 0b0)
mem[X,0x0000000080000A9A] -> 0x0013
mem[X,0x0000000080000A9C] -> 0x0000
[786] [M]: 0x0000000080000A9A (0x00000013) addi x0, x0, 0x0                         main+1722

mem[X,0x0000000080000A9E] -> 0x0001
[787] [M]: 0x0000000080000A9E (0x0001) c.nop                                        main+1726

clint mtime 0x000000000000018A (mip.MTI <- 0b1, mip.STI <- 0b0)
mem[X,0x0000000080000AA0] -> 0x0593
mem[X,0x0000000080000AA2] -> 0x0C90
[788] [M]: 0x0000000080000AA0 (0x0C900593) addi x11, x0, 0xc9                       main+1728
x11 <- 0x00000000000000C9

mem[X,0x0000000080000AA4] -> 0x5513
mem[X,0x0000000080000AA6] -> 0x00C5
[789] [M]: 0x0000000080000AA4 (0x00C55513) srli x10, x10, 0xc                       main+1732
x10 <- 0x0000000000080005

clint mtime 0x000000000000018B (mip.MTI <- 0b1, mip.STI <- 0b0)
mem[X,0x0000000080000AA8] -> 0x1513
mem[X,0x0000000080000AAA] -> 0x00A5
[790] [M]: 0x0000000080000AA8 (0x00A51513) slli x10, x10, 0xa                       main+1736
x10 <- 0x0000000020001400

mem[X,0x0000000080000AAC] -> 0x6533
mem[X,0x0000000080000AAE] -> 0x00B5
[791] [M]: 0x0000000080000AAC (0x00B56533) or x10, x10, x11                         main+1740
x10 <- 0x00000000200014C9

clint mtime 0x000000000000018C (mip.MTI <- 0b1, mip.STI <- 0b0)
mem[X,0x0000000080000AB0] -> 0x0013
mem[X,0x0000000080000AB2] -> 0x0000
[792] [M]: 0x0000000080000AB0 (0x00000013) addi x0, x0, 0x0                         main+1744

mem[X,0x0000000080000AB4] -> 0x0013
mem[X,0x0000000080000AB6] -> 0x0000
[793] [M]: 0x0000000080000AB4 (0x00000013) addi x0, x0, 0x0                         main+1748

clint mtime 0x000000000000018D (mip.MTI <- 0b1, mip.STI <- 0b0)
mem[X,0x0000000080000AB8] -> 0x0013
mem[X,0x0000000080000ABA] -> 0x0000
[794] [M]: 0x0000000080000AB8 (0x00000013) addi x0, x0, 0x0                         main+1752

mem[X,0x0000000080000ABC] -> 0x0013
mem[X,0x0000000080000ABE] -> 0x0000
[795] [M]: 0x0000000080000ABC (0x00000013) addi x0, x0, 0x0                         main+1756

clint mtime 0x000000000000018E (mip.MTI <- 0b1, mip.STI <- 0b0)
mem[X,0x0000000080000AC0] -> 0x5317
mem[X,0x0000000080000AC2] -> 0x0000
[796] [M]: 0x0000000080000AC0 (0x00005317) auipc x6, 0x5                            main+1760
x6 <- 0x0000000080005AC0

mem[X,0x0000000080000AC4] -> 0x0313
mem[X,0x0000000080000AC6] -> 0x5403
[797] [M]: 0x0000000080000AC4 (0x54030313) addi x6, x6, 0x540                       main+1764
x6 <- 0x0000000080006000

clint mtime 0x000000000000018F (mip.MTI <- 0b1, mip.STI <- 0b0)
mem[X,0x0000000080000AC8] -> 0x0001
[798] [M]: 0x0000000080000AC8 (0x0001) c.nop                                        main+1768

mem[X,0x0000000080000ACA] -> 0x0013
mem[X,0x0000000080000ACC] -> 0x0000
[799] [M]: 0x0000000080000ACA (0x00000013) addi x0, x0, 0x0                         main+1770

clint mtime 0x0000000000000190 (mip.MTI <- 0b1, mip.STI <- 0b0)
mem[X,0x0000000080000ACE] -> 0x0013
mem[X,0x0000000080000AD0] -> 0x0000
[800] [M]: 0x0000000080000ACE (0x00000013) addi x0, x0, 0x0                         main+1774

mem[X,0x0000000080000AD2] -> 0x0013
mem[X,0x0000000080000AD4] -> 0x0000
[801] [M]: 0x0000000080000AD2 (0x00000013) addi x0, x0, 0x0                         main+1778

clint mtime 0x0000000000000191 (mip.MTI <- 0b1, mip.STI <- 0b0)
mem[X,0x0000000080000AD6] -> 0x0013
mem[X,0x0000000080000AD8] -> 0x0000
[802] [M]: 0x0000000080000AD6 (0x00000013) addi x0, x0, 0x0                         main+1782

mem[X,0x0000000080000ADA] -> 0x0013
mem[X,0x0000000080000ADC] -> 0x0000
[803] [M]: 0x0000000080000ADA (0x00000013) addi x0, x0, 0x0                         main+1786

clint mtime 0x0000000000000192 (mip.MTI <- 0b1, mip.STI <- 0b0)
mem[X,0x0000000080000ADE] -> 0x0001
[804] [M]: 0x0000000080000ADE (0x0001) c.nop                                        main+1790

mem[X,0x0000000080000AE0] -> 0x0293
mem[X,0x0000000080000AE2] -> 0xFFF0
[805] [M]: 0x0000000080000AE0 (0xFFF00293) addi x5, x0, -0x1                        main+1792
x5 <- 0xFFFFFFFFFFFFFFFF

clint mtime 0x0000000000000193 (mip.MTI <- 0b1, mip.STI <- 0b0)
mem[X,0x0000000080000AE4] -> 0xD293
mem[X,0x0000000080000AE6] -> 0x0372
[806] [M]: 0x0000000080000AE4 (0x0372D293) srli x5, x5, 0x37                        main+1796
x5 <- 0x00000000000001FF

mem[X,0x0000000080000AE8] -> 0x9293
mem[X,0x0000000080000AEA] -> 0x0032
[807] [M]: 0x0000000080000AE8 (0x00329293) slli x5, x5, 0x3                         main+1800
x5 <- 0x0000000000000FF8

clint mtime 0x0000000000000194 (mip.MTI <- 0b1, mip.STI <- 0b0)
mem[X,0x0000000080000AEC] -> 0x0333
mem[X,0x0000000080000AEE] -> 0x0053
[808] [M]: 0x0000000080000AEC (0x00530333) add x6, x6, x5                           main+1804
x6 <- 0x0000000080006FF8

mem[X,0x0000000080000AF0] -> 0x3023
mem[X,0x0000000080000AF2] -> 0x00A3
[809] [M]: 0x0000000080000AF0 (0x00A33023) sd x10, 0x0(x6)                          main+1808
mem[W,0x0000000080006FF8] <- 0x00000000200014C9

clint mtime 0x0000000000000195 (mip.MTI <- 0b1, mip.STI <- 0b0)
mem[X,0x0000000080000AF4] -> 0x0073
mem[X,0x0000000080000AF6] -> 0x1200
[810] [M]: 0x0000000080000AF4 (0x12000073) sfence.vma x0, x0                        main+1812

mem[X,0x0000000080000AF8] -> 0x0493
mem[X,0x0000000080000AFA] -> 0x0010
[811] [M]: 0x0000000080000AF8 (0x00100493) addi x9, x0, 0x1                         main+1816
x9 <- 0x0000000000000001

clint mtime 0x0000000000000196 (mip.MTI <- 0b1, mip.STI <- 0b0)
mem[X,0x0000000080000AFC] -> 0x9493
mem[X,0x0000000080000AFE] -> 0x00B4
[812] [M]: 0x0000000080000AFC (0x00B49493) slli x9, x9, 0xb                         main+1820
x9 <- 0x0000000000000800

mem[X,0x0000000080000B00] -> 0xB073
mem[X,0x0000000080000B02] -> 0x3004
[813] [M]: 0x0000000080000B00 (0x3004B073) csrrc x0, mstatus, x9                    main+1824
CSR mstatus (0x300) <- 0x0000000A00000000

clint mtime 0x0000000000000197 (mip.MTI <- 0b1, mip.STI <- 0b0)
mem[X,0x0000000080000B04] -> 0x0493
mem[X,0x0000000080000B06] -> 0x0010
[814] [M]: 0x0000000080000B04 (0x00100493) addi x9, x0, 0x1                         main+1828
x9 <- 0x0000000000000001

mem[X,0x0000000080000B08] -> 0x9493
mem[X,0x0000000080000B0A] -> 0x00B4
[815] [M]: 0x0000000080000B08 (0x00B49493) slli x9, x9, 0xb                         main+1832
x9 <- 0x0000000000000800

clint mtime 0x0000000000000198 (mip.MTI <- 0b1, mip.STI <- 0b0)
mem[X,0x0000000080000B0C] -> 0xA073
mem[X,0x0000000080000B0E] -> 0x3004
[816] [M]: 0x0000000080000B0C (0x3004A073) csrrs x0, mstatus, x9                    main+1836
CSR mstatus (0x300) <- 0x0000000A00000800

mem[X,0x0000000080000B10] -> 0x23F3
mem[X,0x0000000080000B12] -> 0x3400
[817] [M]: 0x0000000080000B10 (0x340023F3) csrrs x7, mscratch, x0                   main+1840
CSR mscratch (0x340) -> 0x0000000080003000
x7 <- 0x0000000080003000

clint mtime 0x0000000000000199 (mip.MTI <- 0b1, mip.STI <- 0b0)
mem[X,0x0000000080000B14] -> 0xB303
mem[X,0x0000000080000B16] -> 0x4703
[818] [M]: 0x0000000080000B14 (0x4703B303) ld x6, 0x470(x7)                         main+1844
mem[R,0x0000000080003470] -> 0x000003008000039C
x6 <- 0x000003008000039C

mem[X,0x0000000080000B18] -> 0xB483
mem[X,0x0000000080000B1A] -> 0x1D83
[819] [M]: 0x0000000080000B18 (0x1D83B483) ld x9, 0x1d8(x7)                         main+1848
mem[R,0x00000000800031D8] -> 0x00000000800003B4
x9 <- 0x00000000800003B4

clint mtime 0x000000000000019A (mip.MTI <- 0b1, mip.STI <- 0b0)
mem[X,0x0000000080000B1C] -> 0x0333
mem[X,0x0000000080000B1E] -> 0x4093
[820] [M]: 0x0000000080000B1C (0x40930333) sub x6, x6, x9                           main+1852
x6 <- 0x000002FFFFFFFFE8

mem[X,0x0000000080000B20] -> 0x0313
mem[X,0x0000000080000B22] -> 0x0103
[821] [M]: 0x0000000080000B20 (0x01030313) addi x6, x6, 0x10                        main+1856
x6 <- 0x000002FFFFFFFFF8

clint mtime 0x000000000000019B (mip.MTI <- 0b1, mip.STI <- 0b0)
mem[X,0x0000000080000B24] -> 0x0497
mem[X,0x0000000080000B26] -> 0x0000
[822] [M]: 0x0000000080000B24 (0x00000497) auipc x9, 0x0                            main+1860
x9 <- 0x0000000080000B24

mem[X,0x0000000080000B28] -> 0x84B3
mem[X,0x0000000080000B2A] -> 0x0064
[823] [M]: 0x0000000080000B28 (0x006484B3) add x9, x9, x6                           main+1864
x9 <- 0x0000030080000B1C

clint mtime 0x000000000000019C (mip.MTI <- 0b1, mip.STI <- 0b0)
mem[X,0x0000000080000B2C] -> 0x94F3
mem[X,0x0000000080000B2E] -> 0x3414
[824] [M]: 0x0000000080000B2C (0x341494F3) csrrw x9, mepc, x9                       main+1868
CSR mepc (0x341) <- 0x0000030080000B1C
x9 <- 0x00000300800008D8

mem[X,0x0000000080000B30] -> 0x0073
mem[X,0x0000000080000B32] -> 0x3020
[825] [M]: 0x0000000080000B30 (0x30200073) mret                                     main+1872
CSR mstatus (0x300) <- 0x0000000A00000080
ret-ing from M to S

clint mtime 0x000000000000019D (mip.MTI <- 0b1, mip.STI <- 0b0)
PTW: Start, vpn=0x30080000, access_type=X, privilege=Smem[R,0x0000000080009030] -> 0x00000000000000CB
PTW: Step, level=3, pte=0xCB, pte_addr=0x80009030
PTW: Success, final_ppn=0x80000, level=3mem[X,0x0000000080000B1C] -> 0x0333
mem[X,0x0000000080000B1E] -> 0x4093
[826] [S]: 0x0000030080000B1C (0x40930333) sub x6, x6, x9                           va_rvtest_code_begin+1920
x6 <- 0xFFFFFFFF7FFFF720

mem[X,0x0000000080000B20] -> 0x0313
mem[X,0x0000000080000B22] -> 0x0103
[827] [S]: 0x0000030080000B20 (0x01030313) addi x6, x6, 0x10                        va_rvtest_code_begin+1924
x6 <- 0xFFFFFFFF7FFFF730

clint mtime 0x000000000000019E (mip.MTI <- 0b1, mip.STI <- 0b0)
mem[X,0x0000000080000B24] -> 0x0497
mem[X,0x0000000080000B26] -> 0x0000
[828] [S]: 0x0000030080000B24 (0x00000497) auipc x9, 0x0                            va_rvtest_code_begin+1928
x9 <- 0x0000030080000B24

mem[X,0x0000000080000B28] -> 0x84B3
mem[X,0x0000000080000B2A] -> 0x0064
[829] [S]: 0x0000030080000B28 (0x006484B3) add x9, x9, x6                           va_rvtest_code_begin+1932
x9 <- 0x0000030000000254

clint mtime 0x000000000000019F (mip.MTI <- 0b1, mip.STI <- 0b0)
mem[X,0x0000000080000B2C] -> 0x94F3
mem[X,0x0000000080000B2E] -> 0x3414
[830] [S]: 0x0000030080000B2C (0x341494F3) csrrw x9, mepc, x9                       va_rvtest_code_begin+1936
trapping from S to M to handle illegal-instruction
handling exc#illegal-instruction at priv M with tval 0x00000000341494F3
CSR mstatus (0x300) <- 0x0000000A00000800
CSR mcause (0x342) <- 0x0000000000000002
CSR mtval (0x343) <- 0x00000000341494F3
CSR mepc (0x341) <- 0x0000030080000B2C

mem[X,0x0000000080000C80] -> 0x006F
mem[X,0x0000000080000C82] -> 0x1000
[831] [M]: 0x0000000080000C80 (0x1000006F) jal x0, 0x100                            Mtrampoline+0

clint mtime 0x00000000000001A0 (mip.MTI <- 0b1, mip.STI <- 0b0)
mem[X,0x0000000080000D80] -> 0x1173
mem[X,0x0000000080000D82] -> 0x3401
[832] [M]: 0x0000000080000D80 (0x34011173) csrrw x2, mscratch, x2                   trap_Mhandler+0
CSR mscratch (0x340) <- 0x0000000000000000
x2 <- 0x0000000080003000

mem[X,0x0000000080000D84] -> 0x3423
mem[X,0x0000000080000D86] -> 0x28B1
[833] [M]: 0x0000000080000D84 (0x28B13423) sd x11, 0x288(x2)                        trap_Mhandler+4
mem[W,0x0000000080003288] <- 0x00000000000000C9

clint mtime 0x00000000000001A1 (mip.MTI <- 0b1, mip.STI <- 0b0)
mem[X,0x0000000080000D88] -> 0x05EF
mem[X,0x0000000080000D8A] -> 0x0B80
[834] [M]: 0x0000000080000D88 (0x0B8005EF) jal x11, 0xb8                            trap_Mhandler+8
x11 <- 0x0000000080000D8C

mem[X,0x0000000080000E40] -> 0x3023
mem[X,0x0000000080000E42] -> 0x28A1
[835] [M]: 0x0000000080000E40 (0x28A13023) sd x10, 0x280(x2)                        common_Mhandler+0
mem[W,0x0000000080003280] <- 0x00000000200014C9

clint mtime 0x00000000000001A2 (mip.MTI <- 0b1, mip.STI <- 0b0)
mem[X,0x0000000080000E44] -> 0x1573
mem[X,0x0000000080000E46] -> 0x3401
[836] [M]: 0x0000000080000E44 (0x34011573) csrrw x10, mscratch, x2                  common_Mhandler+4
CSR mscratch (0x340) <- 0x0000000080003000
x10 <- 0x0000000000000000

mem[X,0x0000000080000E48] -> 0x3823
mem[X,0x0000000080000E4A] -> 0x28A1
[837] [M]: 0x0000000080000E48 (0x28A13823) sd x10, 0x290(x2)                        common_Mhandler+8
mem[W,0x0000000080003290] <- 0x0000000000000000

clint mtime 0x00000000000001A3 (mip.MTI <- 0b1, mip.STI <- 0b0)
mem[X,0x0000000080000E4C] -> 0x3503
mem[X,0x0000000080000E4E] -> 0x2301
[838] [M]: 0x0000000080000E4C (0x23013503) ld x10, 0x230(x2)                        common_Mhandler+12
mem[R,0x0000000080003230] -> 0x0000000080000E54
x10 <- 0x0000000080000E54

mem[X,0x0000000080000E50] -> 0x0067
mem[X,0x0000000080000E52] -> 0x0005
[839] [M]: 0x0000000080000E50 (0x00050067) jalr x0, 0x0(x10)                        common_Mhandler+16

clint mtime 0x00000000000001A4 (mip.MTI <- 0b1, mip.STI <- 0b0)
mem[X,0x0000000080000E54] -> 0x3C23
mem[X,0x0000000080000E56] -> 0x2691
[840] [M]: 0x0000000080000E54 (0x26913C23) sd x9, 0x278(x2)                         common_Mentry+0
mem[W,0x0000000080003278] <- 0x0000030000000254

mem[X,0x0000000080000E58] -> 0x3823
mem[X,0x0000000080000E5A] -> 0x2681
[841] [M]: 0x0000000080000E58 (0x26813823) sd x8, 0x270(x2)                         common_Mentry+4
mem[W,0x0000000080003270] <- 0x0000000000007F76

clint mtime 0x00000000000001A5 (mip.MTI <- 0b1, mip.STI <- 0b0)
mem[X,0x0000000080000E5C] -> 0x3423
mem[X,0x0000000080000E5E] -> 0x2671
[842] [M]: 0x0000000080000E5C (0x26713423) sd x7, 0x268(x2)                         common_Mentry+8
mem[W,0x0000000080003268] <- 0x0000000080003000

mem[X,0x0000000080000E60] -> 0x3023
mem[X,0x0000000080000E62] -> 0x2661
[843] [M]: 0x0000000080000E60 (0x26613023) sd x6, 0x260(x2)                         common_Mentry+12
mem[W,0x0000000080003260] <- 0xFFFFFFFF7FFFF730

clint mtime 0x00000000000001A6 (mip.MTI <- 0b1, mip.STI <- 0b0)
mem[X,0x0000000080000E64] -> 0x2573
mem[X,0x0000000080000E66] -> 0x3420
[844] [M]: 0x0000000080000E64 (0x34202573) csrrs x10, mcause, x0                    spcl_M2mmode_test+0
CSR mcause (0x342) -> 0x0000000000000002
x10 <- 0x0000000000000002

mem[X,0x0000000080000E68] -> 0x04B7
mem[X,0x0000000080000E6A] -> 0x8000
[845] [M]: 0x0000000080000E68 (0x800004B7) lui x9, -0x80000                         spcl_M2mmode_test+4
x9 <- 0xFFFFFFFF80000000

clint mtime 0x00000000000001A7 (mip.MTI <- 0b1, mip.STI <- 0b0)
mem[X,0x0000000080000E6C] -> 0x8493
mem[X,0x0000000080000E6E] -> 0x0004
[846] [M]: 0x0000000080000E6C (0x00048493) addi x9, x9, 0x0                         spcl_M2mmode_test+8
x9 <- 0xFFFFFFFF80000000

mem[X,0x0000000080000E70] -> 0x9493
mem[X,0x0000000080000E72] -> 0x00B4
[847] [M]: 0x0000000080000E70 (0x00B49493) slli x9, x9, 0xb                         spcl_M2mmode_test+12
x9 <- 0xFFFFFC0000000000

clint mtime 0x00000000000001A8 (mip.MTI <- 0b1, mip.STI <- 0b0)
mem[X,0x0000000080000E74] -> 0x8493
mem[X,0x0000000080000E76] -> 0x0004
[848] [M]: 0x0000000080000E74 (0x00048493) addi x9, x9, 0x0                         spcl_M2mmode_test+16
x9 <- 0xFFFFFC0000000000

mem[X,0x0000000080000E78] -> 0x9493
mem[X,0x0000000080000E7A] -> 0x00B4
[849] [M]: 0x0000000080000E78 (0x00B49493) slli x9, x9, 0xb                         spcl_M2mmode_test+20
x9 <- 0xFFE0000000000000

clint mtime 0x00000000000001A9 (mip.MTI <- 0b1, mip.STI <- 0b0)
mem[X,0x0000000080000E7C] -> 0x8493
mem[X,0x0000000080000E7E] -> 0x0034
[850] [M]: 0x0000000080000E7C (0x00348493) addi x9, x9, 0x3                         spcl_M2mmode_test+24
x9 <- 0xFFE0000000000003

mem[X,0x0000000080000E80] -> 0x9493
mem[X,0x0000000080000E82] -> 0x00A4
[851] [M]: 0x0000000080000E80 (0x00A49493) slli x9, x9, 0xa                         spcl_M2mmode_test+28
x9 <- 0x8000000000000C00

clint mtime 0x00000000000001AA (mip.MTI <- 0b1, mip.STI <- 0b0)
mem[X,0x0000000080000E84] -> 0x8493
mem[X,0x0000000080000E86] -> 0x3FC4
[852] [M]: 0x0000000080000E84 (0x3FC48493) addi x9, x9, 0x3fc                       spcl_M2mmode_test+32
x9 <- 0x8000000000000FFC

mem[X,0x0000000080000E88] -> 0xF4B3
mem[X,0x0000000080000E8A] -> 0x00A4
[853] [M]: 0x0000000080000E88 (0x00A4F4B3) and x9, x9, x10                          spcl_M2mmode_test+36
x9 <- 0x0000000000000000

clint mtime 0x00000000000001AB (mip.MTI <- 0b1, mip.STI <- 0b0)
mem[X,0x0000000080000E8C] -> 0x8493
mem[X,0x0000000080000E8E] -> 0xFF84
[854] [M]: 0x0000000080000E8C (0xFF848493) addi x9, x9, -0x8                        spcl_M2mmode_test+40
x9 <- 0xFFFFFFFFFFFFFFF8

mem[X,0x0000000080000E90] -> 0x9663
mem[X,0x0000000080000E92] -> 0x0004
[855] [M]: 0x0000000080000E90 (0x00049663) bne x9, x0, 0xc                          spcl_M2mmode_test+44

clint mtime 0x00000000000001AC (mip.MTI <- 0b1, mip.STI <- 0b0)
mem[X,0x0000000080000E9C] -> 0x0393
mem[X,0x0000000080000E9E] -> 0x0200
[856] [M]: 0x0000000080000E9C (0x02000393) addi x7, x0, 0x20                        Mtrapsig_ptr_upd+0
x7 <- 0x0000000000000020

mem[X,0x0000000080000EA0] -> 0x5263
mem[X,0x0000000080000EA2] -> 0x0405
[857] [M]: 0x0000000080000EA0 (0x04055263) bge x10, x0, 0x44                        Mtrapsig_ptr_upd+4

clint mtime 0x00000000000001AD (mip.MTI <- 0b1, mip.STI <- 0b0)
mem[X,0x0000000080000EE4] -> 0x2373
mem[X,0x0000000080000EE6] -> 0x3010
[858] [M]: 0x0000000080000EE4 (0x30102373) csrrs x6, misa, x0                       Mxcpt_sig_sv+0
CSR misa (0x301) -> 0x800000000034112F
x6 <- 0x800000000034112F

mem[X,0x0000000080000EE8] -> 0x1313
mem[X,0x0000000080000EEA] -> 0x0383
[859] [M]: 0x0000000080000EE8 (0x03831313) slli x6, x6, 0x38                        Mxcpt_sig_sv+4
x6 <- 0x2F00000000000000

clint mtime 0x00000000000001AE (mip.MTI <- 0b1, mip.STI <- 0b0)
mem[X,0x0000000080000EEC] -> 0x5463
mem[X,0x0000000080000EEE] -> 0x0003
[860] [M]: 0x0000000080000EEC (0x00035463) bge x6, x0, 0x8                          Mxcpt_sig_sv+8

mem[X,0x0000000080000EF4] -> 0x3303
mem[X,0x0000000080000EF6] -> 0x2181
[861] [M]: 0x0000000080000EF4 (0x21813303) ld x6, 0x218(x2)                         Mtrap_sig_sv+0
mem[R,0x0000000080003218] -> 0x000000008000A338
x6 <- 0x000000008000A338

clint mtime 0x00000000000001AF (mip.MTI <- 0b1, mip.STI <- 0b0)
mem[X,0x0000000080000EF8] -> 0x04B3
mem[X,0x0000000080000EFA] -> 0x0073
[862] [M]: 0x0000000080000EF8 (0x007304B3) add x9, x6, x7                           Mtrap_sig_sv+4
x9 <- 0x000000008000A358

mem[X,0x0000000080000EFC] -> 0x3C23
mem[X,0x0000000080000EFE] -> 0x2091
[863] [M]: 0x0000000080000EFC (0x20913C23) sd x9, 0x218(x2)                         Mtrap_sig_sv+8
mem[W,0x0000000080003218] <- 0x000000008000A358

clint mtime 0x00000000000001B0 (mip.MTI <- 0b1, mip.STI <- 0b0)
mem[X,0x0000000080000F00] -> 0x3403
mem[X,0x0000000080000F02] -> 0x1F81
[864] [M]: 0x0000000080000F00 (0x1F813403) ld x8, 0x1f8(x2)                         Mtrap_sig_sv+12
mem[R,0x00000000800031F8] -> 0x000000008000A110
x8 <- 0x000000008000A110

mem[X,0x0000000080000F04] -> 0x0333
mem[X,0x0000000080000F06] -> 0x4083
[865] [M]: 0x0000000080000F04 (0x40830333) sub x6, x6, x8                           Mtrap_sig_sv+16
x6 <- 0x0000000000000228

clint mtime 0x00000000000001B1 (mip.MTI <- 0b1, mip.STI <- 0b0)
mem[X,0x0000000080000F08] -> 0x3403
mem[X,0x0000000080000F0A] -> 0x1F81
[866] [M]: 0x0000000080000F08 (0x1F813403) ld x8, 0x1f8(x2)                         Mtrap_sig_sv+20
mem[R,0x00000000800031F8] -> 0x000000008000A110
x8 <- 0x000000008000A110

mem[X,0x0000000080000F0C] -> 0x0333
mem[X,0x0000000080000F0E] -> 0x0083
[867] [M]: 0x0000000080000F0C (0x00830333) add x6, x6, x8                           Mtrap_sig_sv+24
x6 <- 0x000000008000A338

clint mtime 0x00000000000001B2 (mip.MTI <- 0b1, mip.STI <- 0b0)
mem[X,0x0000000080000F10] -> 0x3403
mem[X,0x0000000080000F12] -> 0x2401
[868] [M]: 0x0000000080000F10 (0x24013403) ld x8, 0x240(x2)                         Mtrap_sig_sv+28
mem[R,0x0000000080003240] -> 0x0000000080000C80
x8 <- 0x0000000080000C80

mem[X,0x0000000080000F14] -> 0x85B3
mem[X,0x0000000080000F16] -> 0x4085
[869] [M]: 0x0000000080000F14 (0x408585B3) sub x11, x11, x8                         sv_Mvect+0
x11 <- 0x000000000000010C

clint mtime 0x00000000000001B3 (mip.MTI <- 0b1, mip.STI <- 0b0)
mem[X,0x0000000080000F18] -> 0x9593
mem[X,0x0000000080000F1A] -> 0x0045
[870] [M]: 0x0000000080000F18 (0x00459593) slli x11, x11, 0x4                       sv_Mvect+4
x11 <- 0x00000000000010C0

mem[X,0x0000000080000F1C] -> 0xE5B3
mem[X,0x0000000080000F1E] -> 0x0075
[871] [M]: 0x0000000080000F1C (0x0075E5B3) or x11, x11, x7                          sv_Mvect+8
x11 <- 0x00000000000010E0

clint mtime 0x00000000000001B4 (mip.MTI <- 0b1, mip.STI <- 0b0)
mem[X,0x0000000080000F20] -> 0x8593
mem[X,0x0000000080000F22] -> 0x0035
[872] [M]: 0x0000000080000F20 (0x00358593) addi x11, x11, 0x3                       sv_Mvect+12
x11 <- 0x00000000000010E3

mem[X,0x0000000080000F24] -> 0x3023
mem[X,0x0000000080000F26] -> 0x00B3
[873] [M]: 0x0000000080000F24 (0x00B33023) sd x11, 0x0(x6)                          sv_Mvect+16
mem[W,0x000000008000A338] <- 0x00000000000010E3

clint mtime 0x00000000000001B5 (mip.MTI <- 0b1, mip.STI <- 0b0)
mem[X,0x0000000080000F28] -> 0x3423
mem[X,0x0000000080000F2A] -> 0x00A3
[874] [M]: 0x0000000080000F28 (0x00A33423) sd x10, 0x8(x6)                          sv_Mcause+0
mem[W,0x000000008000A340] <- 0x0000000000000002

mem[X,0x0000000080000F2C] -> 0x4663
mem[X,0x0000000080000F2E] -> 0x1A05
[875] [M]: 0x0000000080000F2C (0x1A054663) blt x10, x0, 0x1ac                       sv_Mcause+4

clint mtime 0x00000000000001B6 (mip.MTI <- 0b1, mip.STI <- 0b0)
mem[X,0x0000000080000F30] -> 0x25F3
mem[X,0x0000000080000F32] -> 0x3000
[876] [M]: 0x0000000080000F30 (0x300025F3) csrrs x11, mstatus, x0                   common_Mexcpt_handler+0
CSR mstatus (0x300) -> 0x0000000A00000800
x11 <- 0x0000000A00000800

mem[X,0x0000000080000F34] -> 0x9413
mem[X,0x0000000080000F36] -> 0x02E5
[877] [M]: 0x0000000080000F34 (0x02E59413) slli x8, x11, 0x2e                       common_Mexcpt_handler+4
x8 <- 0x0200000000000000

clint mtime 0x00000000000001B7 (mip.MTI <- 0b1, mip.STI <- 0b0)
mem[X,0x0000000080000F38] -> 0x5463
mem[X,0x0000000080000F3A] -> 0x0004
[878] [M]: 0x0000000080000F38 (0x00045463) bge x8, x0, 0x8                          common_Mexcpt_handler+8

mem[X,0x0000000080000F40] -> 0xD493
mem[X,0x0000000080000F42] -> 0x00B5
[879] [M]: 0x0000000080000F40 (0x00B5D493) srli x9, x11, 0xb                        common_Mexcpt_handler+16
x9 <- 0x0000000001400001

clint mtime 0x00000000000001B8 (mip.MTI <- 0b1, mip.STI <- 0b0)
mem[X,0x0000000080000F44] -> 0xF493
mem[X,0x0000000080000F46] -> 0x0034
[880] [M]: 0x0000000080000F44 (0x0034F493) andi x9, x9, 0x3                         common_Mexcpt_handler+20
x9 <- 0x0000000000000001

mem[X,0x0000000080000F48] -> 0x8493
mem[X,0x0000000080000F4A] -> 0x0014
[881] [M]: 0x0000000080000F48 (0x00148493) addi x9, x9, 0x1                         common_Mexcpt_handler+24
x9 <- 0x0000000000000002

clint mtime 0x00000000000001B9 (mip.MTI <- 0b1, mip.STI <- 0b0)
mem[X,0x0000000080000F4C] -> 0xF493
mem[X,0x0000000080000F4E] -> 0x0044
[882] [M]: 0x0000000080000F4C (0x0044F493) andi x9, x9, 0x4                         common_Mexcpt_handler+28
x9 <- 0x0000000000000000

mem[X,0x0000000080000F50] -> 0x0593
mem[X,0x0000000080000F52] -> 0x05D0
[883] [M]: 0x0000000080000F50 (0x05D00593) addi x11, x0, 0x5d                       common_Mexcpt_handler+32
x11 <- 0x000000000000005D

clint mtime 0x00000000000001BA (mip.MTI <- 0b1, mip.STI <- 0b0)
mem[X,0x0000000080000F54] -> 0xD5B3
mem[X,0x0000000080000F56] -> 0x0095
[884] [M]: 0x0000000080000F54 (0x0095D5B3) srl x11, x11, x9                         common_Mexcpt_handler+36
x11 <- 0x000000000000005D

mem[X,0x0000000080000F58] -> 0xF593
mem[X,0x0000000080000F5A] -> 0x0015
[885] [M]: 0x0000000080000F58 (0x0015F593) andi x11, x11, 0x1                       common_Mexcpt_handler+40
x11 <- 0x0000000000000001

clint mtime 0x00000000000001BB (mip.MTI <- 0b1, mip.STI <- 0b0)
mem[X,0x0000000080000F5C] -> 0x8EE3
mem[X,0x0000000080000F5E] -> 0xF405
[886] [M]: 0x0000000080000F5C (0xF4058EE3) beq x11, x0, -0xa4                       common_Mexcpt_handler+44

mem[X,0x0000000080000F60] -> 0x0593
mem[X,0x0000000080000F62] -> 0x2980
[887] [M]: 0x0000000080000F60 (0x29800593) addi x11, x0, 0x298                      common_Mexcpt_handler+48
x11 <- 0x0000000000000298

clint mtime 0x00000000000001BC (mip.MTI <- 0b1, mip.STI <- 0b0)
mem[X,0x0000000080000F64] -> 0xF413
mem[X,0x0000000080000F66] -> 0x0014
[888] [M]: 0x0000000080000F64 (0x0014F413) andi x8, x9, 0x1                         common_Mexcpt_handler+52
x8 <- 0x0000000000000000

mem[X,0x0000000080000F68] -> 0x95B3
mem[X,0x0000000080000F6A] -> 0x0085
[889] [M]: 0x0000000080000F68 (0x008595B3) sll x11, x11, x8                         common_Mexcpt_handler+56
x11 <- 0x0000000000000298

clint mtime 0x00000000000001BD (mip.MTI <- 0b1, mip.STI <- 0b0)
mem[X,0x0000000080000F6C] -> 0x9413
mem[X,0x0000000080000F6E] -> 0x03D4
[890] [M]: 0x0000000080000F6C (0x03D49413) slli x8, x9, 0x3d                        common_Mexcpt_handler+60
x8 <- 0x0000000000000000

mem[X,0x0000000080000F70] -> 0x5413
mem[X,0x0000000080000F72] -> 0x43F4
[891] [M]: 0x0000000080000F70 (0x43F45413) srai x8, x8, 0x3f                        common_Mexcpt_handler+64
x8 <- 0x0000000000000000

clint mtime 0x00000000000001BE (mip.MTI <- 0b1, mip.STI <- 0b0)
mem[X,0x0000000080000F74] -> 0x4413
mem[X,0x0000000080000F76] -> 0xFFF4
[892] [M]: 0x0000000080000F74 (0xFFF44413) xori x8, x8, -0x1                        common_Mexcpt_handler+68
x8 <- 0xFFFFFFFFFFFFFFFF

mem[X,0x0000000080000F78] -> 0xF4B3
mem[X,0x0000000080000F7A] -> 0x0085
[893] [M]: 0x0000000080000F78 (0x0085F4B3) and x9, x11, x8                          common_Mexcpt_handler+72
x9 <- 0x0000000000000298

clint mtime 0x00000000000001BF (mip.MTI <- 0b1, mip.STI <- 0b0)
mem[X,0x0000000080000F7C] -> 0x84B3
mem[X,0x0000000080000F7E] -> 0x0024
[894] [M]: 0x0000000080000F7C (0x002484B3) add x9, x9, x2                           vmem_adj_Mepc+0
x9 <- 0x0000000080003298

mem[X,0x0000000080000F80] -> 0x23F3
mem[X,0x0000000080000F82] -> 0x3410
[895] [M]: 0x0000000080000F80 (0x341023F3) csrrs x7, mepc, x0                       vmem_adj_Mepc+4
CSR mepc (0x341) -> 0x0000030080000B2C
x7 <- 0x0000030080000B2C

clint mtime 0x00000000000001C0 (mip.MTI <- 0b1, mip.STI <- 0b0)
mem[X,0x0000000080000F84] -> 0x0413
mem[X,0x0000000080000F86] -> 0x0004
[896] [M]: 0x0000000080000F84 (0x00040413) addi x8, x8, 0x0                         vmem_adj_Mepc+8
x8 <- 0xFFFFFFFFFFFFFFFF

mem[X,0x0000000080000F88] -> 0x006F
mem[X,0x0000000080000F8A] -> 0x0400
[897] [M]: 0x0000000080000F88 (0x0400006F) jal x0, 0x40                             vmem_adj_Mepc+12

clint mtime 0x00000000000001C1 (mip.MTI <- 0b1, mip.STI <- 0b0)
mem[X,0x0000000080000FC8] -> 0x8433
mem[X,0x0000000080000FCA] -> 0x4083
[898] [M]: 0x0000000080000FC8 (0x40838433) sub x8, x7, x8                           adj_Mepc+0
x8 <- 0x0000030080000B2D

mem[X,0x0000000080000FCC] -> 0x3823
mem[X,0x0000000080000FCE] -> 0x0083
[899] [M]: 0x0000000080000FCC (0x00833823) sd x8, 0x10(x6)                          sv_Mepc+0
mem[W,0x000000008000A348] <- 0x0000030080000B2D

clint mtime 0x00000000000001C2 (mip.MTI <- 0b1, mip.STI <- 0b0)
mem[X,0x0000000080000FD0] -> 0x55B7
mem[X,0x0000000080000FD2] -> 0x0000
[900] [M]: 0x0000000080000FD0 (0x000055B7) lui x11, 0x5                             sv_Mepc+4
x11 <- 0x0000000000005000

mem[X,0x0000000080000FD4] -> 0x8593
mem[X,0x0000000080000FD6] -> 0x6675
[901] [M]: 0x0000000080000FD4 (0x66758593) addi x11, x11, 0x667                     sv_Mepc+8
x11 <- 0x0000000000005667

clint mtime 0x00000000000001C3 (mip.MTI <- 0b1, mip.STI <- 0b0)
mem[X,0x0000000080000FD8] -> 0x9593
mem[X,0x0000000080000FDA] -> 0x0015
[902] [M]: 0x0000000080000FD8 (0x00159593) slli x11, x11, 0x1                       sv_Mepc+12
x11 <- 0x000000000000ACCE

mem[X,0x0000000080000FDC] -> 0x9063
mem[X,0x0000000080000FDE] -> 0x02B1
[903] [M]: 0x0000000080000FDC (0x02B19063) bne x3, x11, 0x20                        sv_Mepc+16

clint mtime 0x00000000000001C4 (mip.MTI <- 0b1, mip.STI <- 0b0)
mem[X,0x0000000080000FFC] -> 0xF593
mem[X,0x0000000080000FFE] -> 0xFFC3
[904] [M]: 0x0000000080000FFC (0xFFC3F593) andi x11, x7, -0x4                       adj_Mepc_rtn+0
x11 <- 0x0000030080000B2C

mem[X,0x0000000080001000] -> 0x8593
mem[X,0x0000000080001002] -> 0x0085
[905] [M]: 0x0000000080001000 (0x00858593) addi x11, x11, 0x8                       adj_Mepc_rtn+4
x11 <- 0x0000030080000B34

clint mtime 0x00000000000001C5 (mip.MTI <- 0b1, mip.STI <- 0b0)
mem[X,0x0000000080001004] -> 0x9073
mem[X,0x0000000080001006] -> 0x3415
[906] [M]: 0x0000000080001004 (0x34159073) csrrw x0, mepc, x11                      adj_Mepc_rtn+8
CSR mepc (0x341) <- 0x0000030080000B34

mem[X,0x0000000080001008] -> 0x23F3
mem[X,0x000000008000100A] -> 0x3430
[907] [M]: 0x0000000080001008 (0x343023F3) csrrs x7, mtval, x0                      skp_adj_Mepc+0
CSR mtval (0x343) -> 0x00000000341494F3
x7 <- 0x00000000341494F3

clint mtime 0x00000000000001C6 (mip.MTI <- 0b1, mip.STI <- 0b0)
mem[X,0x000000008000100C] -> 0x0413
mem[X,0x000000008000100E] -> 0x0004
[908] [M]: 0x000000008000100C (0x00040413) addi x8, x8, 0x0                         skp_adj_Mepc+4
x8 <- 0x0000030080000B2D

mem[X,0x0000000080001010] -> 0x006F
mem[X,0x0000000080001012] -> 0x0840
[909] [M]: 0x0000000080001010 (0x0840006F) jal x0, 0x84                             skp_adj_Mepc+8

clint mtime 0x00000000000001C7 (mip.MTI <- 0b1, mip.STI <- 0b0)
mem[X,0x0000000080001094] -> 0x8433
mem[X,0x0000000080001096] -> 0x4083
[910] [M]: 0x0000000080001094 (0x40838433) sub x8, x7, x8                           adj_Mtval+0
x8 <- 0xFFFFFCFFB41489C6

mem[X,0x0000000080001098] -> 0x3C23
mem[X,0x000000008000109A] -> 0x0083
[911] [M]: 0x0000000080001098 (0x00833C23) sd x8, 0x18(x6)                          sv_Mtval+0
mem[W,0x000000008000A350] <- 0xFFFFFCFFB41489C6

clint mtime 0x00000000000001C8 (mip.MTI <- 0b1, mip.STI <- 0b0)
mem[X,0x000000008000109C] -> 0x3483
mem[X,0x000000008000109E] -> 0x2181
[912] [M]: 0x000000008000109C (0x21813483) ld x9, 0x218(x2)                         skp_Mtval+0
mem[R,0x0000000080003218] -> 0x000000008000A358
x9 <- 0x000000008000A358

mem[X,0x00000000800010A0] -> 0x3383
mem[X,0x00000000800010A2] -> 0x1F81
[913] [M]: 0x00000000800010A0 (0x1F813383) ld x7, 0x1f8(x2)                         skp_Mtval+4
mem[R,0x00000000800031F8] -> 0x000000008000A110
x7 <- 0x000000008000A110

clint mtime 0x00000000000001C9 (mip.MTI <- 0b1, mip.STI <- 0b0)
mem[X,0x00000000800010A4] -> 0x3303
mem[X,0x00000000800010A6] -> 0x2001
[914] [M]: 0x00000000800010A4 (0x20013303) ld x6, 0x200(x2)                         skp_Mtval+8
mem[R,0x0000000080003200] -> 0x0000000000000410
x6 <- 0x0000000000000410

mem[X,0x00000000800010A8] -> 0x0333
mem[X,0x00000000800010AA] -> 0x0073
[915] [M]: 0x00000000800010A8 (0x00730333) add x6, x6, x7                           skp_Mtval+12
x6 <- 0x000000008000A520

clint mtime 0x00000000000001CA (mip.MTI <- 0b1, mip.STI <- 0b0)
mem[X,0x00000000800010AC] -> 0x6CE3
mem[X,0x00000000800010AE] -> 0xAE93
[916] [M]: 0x00000000800010AC (0xAE936CE3) bltu x6, x9, -0x508                      skp_Mtval+16

mem[X,0x00000000800010B0] -> 0x0393
mem[X,0x00000000800010B2] -> 0x2000
[917] [M]: 0x00000000800010B0 (0x20000393) addi x7, x0, 0x200                       skp_Mtval+20
x7 <- 0x0000000000000200

clint mtime 0x00000000000001CB (mip.MTI <- 0b1, mip.STI <- 0b0)
mem[X,0x00000000800010B4] -> 0x006F
mem[X,0x00000000800010B6] -> 0x0400
[918] [M]: 0x00000000800010B4 (0x0400006F) jal x0, 0x40                             skp_Mtval+24

mem[X,0x00000000800010F4] -> 0x0417
mem[X,0x00000000800010F6] -> 0x0000
[919] [M]: 0x00000000800010F4 (0x00000417) auipc x8, 0x0                            spcl_Mhandler+0
x8 <- 0x00000000800010F4

clint mtime 0x00000000000001CC (mip.MTI <- 0b1, mip.STI <- 0b0)
mem[X,0x00000000800010F8] -> 0x0413
mem[X,0x00000000800010FA] -> 0x03C4
[920] [M]: 0x00000000800010F8 (0x03C40413) addi x8, x8, 0x3c                        spcl_Mhandler+4
x8 <- 0x0000000080001130

mem[X,0x00000000800010FC] -> 0x0433
mem[X,0x00000000800010FE] -> 0x0074
[921] [M]: 0x00000000800010FC (0x00740433) add x8, x8, x7                           spcl_Mhandler+8
x8 <- 0x0000000080001330

clint mtime 0x00000000000001CD (mip.MTI <- 0b1, mip.STI <- 0b0)
mem[X,0x0000000080001100] -> 0x1393
mem[X,0x0000000080001102] -> 0x0035
[922] [M]: 0x0000000080001100 (0x00351393) slli x7, x10, 0x3                        spcl_Mhandler+12
x7 <- 0x0000000000000010

mem[X,0x0000000080001104] -> 0x0433
mem[X,0x0000000080001106] -> 0x0074
[923] [M]: 0x0000000080001104 (0x00740433) add x8, x8, x7                           spcl_Mhandler+16
x8 <- 0x0000000080001340

clint mtime 0x00000000000001CE (mip.MTI <- 0b1, mip.STI <- 0b0)
mem[X,0x0000000080001108] -> 0x7413
mem[X,0x000000008000110A] -> 0xFF84
[924] [M]: 0x0000000080001108 (0xFF847413) andi x8, x8, -0x8                        spcl_Mhandler+20
x8 <- 0x0000000080001340

mem[X,0x000000008000110C] -> 0x3403
mem[X,0x000000008000110E] -> 0x0004
[925] [M]: 0x000000008000110C (0x00043403) ld x8, 0x0(x8)                           spcl_Mhandler+24
mem[R,0x0000000080001340] -> 0x0000000000000005
x8 <- 0x0000000000000005

clint mtime 0x00000000000001CF (mip.MTI <- 0b1, mip.STI <- 0b0)
mem[X,0x0000000080001110] -> 0x04E3
mem[X,0x0000000080001112] -> 0xB204
[926] [M]: 0x0000000080001110 (0xB20404E3) beq x8, x0, -0x4d8                       spcl_Mdispatch_hndling+0

mem[X,0x0000000080001114] -> 0x1393
mem[X,0x0000000080001116] -> 0x03F4
[927] [M]: 0x0000000080001114 (0x03F41393) slli x7, x8, 0x3f                        spcl_Mdispatch_hndling+4
x7 <- 0x8000000000000000

clint mtime 0x00000000000001D0 (mip.MTI <- 0b1, mip.STI <- 0b0)
mem[X,0x0000000080001118] -> 0xD863
mem[X,0x000000008000111A] -> 0x0003
[928] [M]: 0x0000000080001118 (0x0003D863) bge x7, x0, 0x10                         spcl_Mdispatch_hndling+8

mem[X,0x000000008000111C] -> 0x5413
mem[X,0x000000008000111E] -> 0x0014
[929] [M]: 0x000000008000111C (0x00145413) srli x8, x8, 0x1                         spcl_Mdispatch_hndling+12
x8 <- 0x0000000000000002

clint mtime 0x00000000000001D1 (mip.MTI <- 0b1, mip.STI <- 0b0)
mem[X,0x0000000080001120] -> 0x0CE3
mem[X,0x0000000080001122] -> 0xF885
[930] [M]: 0x0000000080001120 (0xF8850CE3) beq x10, x8, -0x68                       spcl_Mdispatch_hndling+16

mem[X,0x00000000800010B8] -> 0x3303
mem[X,0x00000000800010BA] -> 0x2601
[931] [M]: 0x00000000800010B8 (0x26013303) ld x6, 0x260(x2)                         resto_Mrtn+0
mem[R,0x0000000080003260] -> 0xFFFFFFFF7FFFF730
x6 <- 0xFFFFFFFF7FFFF730

clint mtime 0x00000000000001D2 (mip.MTI <- 0b1, mip.STI <- 0b0)
mem[X,0x00000000800010BC] -> 0x3383
mem[X,0x00000000800010BE] -> 0x2681
[932] [M]: 0x00000000800010BC (0x26813383) ld x7, 0x268(x2)                         resto_Mrtn+4
mem[R,0x0000000080003268] -> 0x0000000080003000
x7 <- 0x0000000080003000

mem[X,0x00000000800010C0] -> 0x3403
mem[X,0x00000000800010C2] -> 0x2701
[933] [M]: 0x00000000800010C0 (0x27013403) ld x8, 0x270(x2)                         resto_Mrtn+8
mem[R,0x0000000080003270] -> 0x0000000000007F76
x8 <- 0x0000000000007F76

clint mtime 0x00000000000001D3 (mip.MTI <- 0b1, mip.STI <- 0b0)
mem[X,0x00000000800010C4] -> 0x3483
mem[X,0x00000000800010C6] -> 0x2781
[934] [M]: 0x00000000800010C4 (0x27813483) ld x9, 0x278(x2)                         resto_Mrtn+12
mem[R,0x0000000080003278] -> 0x0000030000000254
x9 <- 0x0000030000000254

mem[X,0x00000000800010C8] -> 0x3503
mem[X,0x00000000800010CA] -> 0x2801
[935] [M]: 0x00000000800010C8 (0x28013503) ld x10, 0x280(x2)                        resto_Mrtn+16
mem[R,0x0000000080003280] -> 0x00000000200014C9
x10 <- 0x00000000200014C9

clint mtime 0x00000000000001D4 (mip.MTI <- 0b1, mip.STI <- 0b0)
mem[X,0x00000000800010CC] -> 0x3583
mem[X,0x00000000800010CE] -> 0x2881
[936] [M]: 0x00000000800010CC (0x28813583) ld x11, 0x288(x2)                        resto_Mrtn+20
mem[R,0x0000000080003288] -> 0x00000000000000C9
x11 <- 0x00000000000000C9

mem[X,0x00000000800010D0] -> 0x3103
mem[X,0x00000000800010D2] -> 0x2901
[937] [M]: 0x00000000800010D0 (0x29013103) ld x2, 0x290(x2)                         resto_Mrtn+24
mem[R,0x0000000080003290] -> 0x0000000000000000
x2 <- 0x0000000000000000

clint mtime 0x00000000000001D5 (mip.MTI <- 0b1, mip.STI <- 0b0)
mem[X,0x00000000800010D4] -> 0x0073
mem[X,0x00000000800010D6] -> 0x3020
[938] [M]: 0x00000000800010D4 (0x30200073) mret                                     resto_Mrtn+28
CSR mstatus (0x300) <- 0x0000000A00000080
ret-ing from M to S

mem[X,0x0000000080000B34] -> 0x0793
mem[X,0x0000000080000B36] -> 0xFFC0
[939] [S]: 0x0000030080000B34 (0xFFC00793) addi x15, x0, -0x4                       va_rvtest_code_begin+1944
x15 <- 0xFFFFFFFFFFFFFFFC

clint mtime 0x00000000000001D6 (mip.MTI <- 0b1, mip.STI <- 0b0)
mem[X,0x0000000080000B38] -> 0x51B7
mem[X,0x0000000080000B3A] -> 0x0000
[940] [S]: 0x0000030080000B38 (0x000051B7) lui x3, 0x5                              va_rvtest_code_begin+1948
x3 <- 0x0000000000005000

mem[X,0x0000000080000B3C] -> 0x8193
mem[X,0x0000000080000B3E] -> 0x6671
[941] [S]: 0x0000030080000B3C (0x66718193) addi x3, x3, 0x667                       va_rvtest_code_begin+1952
x3 <- 0x0000000000005667

clint mtime 0x00000000000001D7 (mip.MTI <- 0b1, mip.STI <- 0b0)
mem[X,0x0000000080000B40] -> 0x9193
mem[X,0x0000000080000B42] -> 0x0011
[942] [S]: 0x0000030080000B40 (0x00119193) slli x3, x3, 0x1                         va_rvtest_code_begin+1956
x3 <- 0x000000000000ACCE

mem[X,0x0000000080000B44] -> 0x0013
mem[X,0x0000000080000B46] -> 0x0000
[943] [S]: 0x0000030080000B44 (0x00000013) addi x0, x0, 0x0                         va_rvtest_code_begin+1960

clint mtime 0x00000000000001D8 (mip.MTI <- 0b1, mip.STI <- 0b0)
mem[X,0x0000000080000B48] -> 0x0013
mem[X,0x0000000080000B4A] -> 0x0000
[944] [S]: 0x0000030080000B48 (0x00000013) addi x0, x0, 0x0                         va_rvtest_code_begin+1964

mem[X,0x0000000080000B4C] -> 0x0013
mem[X,0x0000000080000B4E] -> 0x0000
[945] [S]: 0x0000030080000B4C (0x00000013) addi x0, x0, 0x0                         va_rvtest_code_begin+1968

clint mtime 0x00000000000001D9 (mip.MTI <- 0b1, mip.STI <- 0b0)
mem[X,0x0000000080000B50] -> 0x0013
mem[X,0x0000000080000B52] -> 0x0000
[946] [S]: 0x0000030080000B50 (0x00000013) addi x0, x0, 0x0                         va_rvtest_code_begin+1972

mem[X,0x0000000080000B54] -> 0x0013
mem[X,0x0000000080000B56] -> 0x0000
[947] [S]: 0x0000030080000B54 (0x00000013) addi x0, x0, 0x0                         va_rvtest_code_begin+1976

clint mtime 0x00000000000001DA (mip.MTI <- 0b1, mip.STI <- 0b0)
mem[X,0x0000000080000B58] -> 0x0013
mem[X,0x0000000080000B5A] -> 0x0000
[948] [S]: 0x0000030080000B58 (0x00000013) addi x0, x0, 0x0                         va_rvtest_code_begin+1980

mem[X,0x0000000080000B5C] -> 0x0013
mem[X,0x0000000080000B5E] -> 0x0000
[949] [S]: 0x0000030080000B5C (0x00000013) addi x0, x0, 0x0                         va_rvtest_code_begin+1984

clint mtime 0x00000000000001DB (mip.MTI <- 0b1, mip.STI <- 0b0)
mem[X,0x0000000080000B60] -> 0x0217
mem[X,0x0000000080000B62] -> 0x0000
[950] [S]: 0x0000030080000B60 (0x00000217) auipc x4, 0x0                            va_rvtest_code_begin+1988
x4 <- 0x0000030080000B60

mem[X,0x0000000080000B64] -> 0x0213
mem[X,0x0000000080000B66] -> 0x02C2
[951] [S]: 0x0000030080000B64 (0x02C20213) addi x4, x4, 0x2c                        va_rvtest_code_begin+1992
x4 <- 0x0000030080000B8C

clint mtime 0x00000000000001DC (mip.MTI <- 0b1, mip.STI <- 0b0)
mem[X,0x0000000080000B68] -> 0x0001
[952] [S]: 0x0000030080000B68 (0x0001) c.nop                                        va_rvtest_code_begin+1996

mem[X,0x0000000080000B6A] -> 0x0013
mem[X,0x0000000080000B6C] -> 0x0000
[953] [S]: 0x0000030080000B6A (0x00000013) addi x0, x0, 0x0                         va_rvtest_code_begin+1998

clint mtime 0x00000000000001DD (mip.MTI <- 0b1, mip.STI <- 0b0)
mem[X,0x0000000080000B6E] -> 0x0013
mem[X,0x0000000080000B70] -> 0x0000
[954] [S]: 0x0000030080000B6E (0x00000013) addi x0, x0, 0x0                         va_rvtest_code_begin+2002

mem[X,0x0000000080000B72] -> 0x0013
mem[X,0x0000000080000B74] -> 0x0000
[955] [S]: 0x0000030080000B72 (0x00000013) addi x0, x0, 0x0                         va_rvtest_code_begin+2006

clint mtime 0x00000000000001DE (mip.MTI <- 0b1, mip.STI <- 0b0)
mem[X,0x0000000080000B76] -> 0x0013
mem[X,0x0000000080000B78] -> 0x0000
[956] [S]: 0x0000030080000B76 (0x00000013) addi x0, x0, 0x0                         va_rvtest_code_begin+2010

mem[X,0x0000000080000B7A] -> 0x0013
mem[X,0x0000000080000B7C] -> 0x0000
[957] [S]: 0x0000030080000B7A (0x00000013) addi x0, x0, 0x0                         va_rvtest_code_begin+2014

clint mtime 0x00000000000001DF (mip.MTI <- 0b1, mip.STI <- 0b0)
mem[X,0x0000000080000B7E] -> 0x0001
[958] [S]: 0x0000030080000B7E (0x0001) c.nop                                        va_rvtest_code_begin+2018

mem[X,0x0000000080000B80] -> 0x80E7
mem[X,0x0000000080000B82] -> 0x0007
[959] [S]: 0x0000030080000B80 (0x000780E7) jalr x1, 0x0(x15)                        va_rvtest_code_begin+2020
x1 <- 0x0000030080000B84

clint mtime 0x00000000000001E0 (mip.MTI <- 0b1, mip.STI <- 0b0)
PTW: Start, vpn=0xfffffffff, access_type=X, privilege=Smem[R,0x0000000080009FF8] -> 0x0000000020002001
PTW: Step, level=3, pte=0x20002001, pte_addr=0x80009FF8
PTW: Start, vpn=0xfffffffff, access_type=X, privilege=Smem[R,0x0000000080008FF8] -> 0x0000000020001C01
PTW: Step, level=2, pte=0x20001C01, pte_addr=0x80008FF8
PTW: Start, vpn=0xfffffffff, access_type=X, privilege=Smem[R,0x0000000080007FF8] -> 0x0000000020001801
PTW: Step, level=1, pte=0x20001801, pte_addr=0x80007FF8
PTW: Start, vpn=0xfffffffff, access_type=X, privilege=Smem[R,0x0000000080006FF8] -> 0x00000000200014C9
PTW: Step, level=0, pte=0x200014C9, pte_addr=0x80006FF8
PTW: Success, final_ppn=0x80005, level=0mem[X,0x0000000080005FFC] -> 0x8067
mem[X,0x0000000080005FFE] -> 0x0000
[960] [S]: 0xFFFFFFFFFFFFFFFC (0x00008067) jalr x0, 0x0(x1)                         va_data_x+0

mem[X,0x0000000080000B84] -> 0x0013
mem[X,0x0000000080000B86] -> 0x0000
[961] [S]: 0x0000030080000B84 (0x00000013) addi x0, x0, 0x0                         va_rvtest_code_begin+2024

clint mtime 0x00000000000001E1 (mip.MTI <- 0b1, mip.STI <- 0b0)
mem[X,0x0000000080000B88] -> 0x0013
mem[X,0x0000000080000B8A] -> 0x0000
[962] [S]: 0x0000030080000B88 (0x00000013) addi x0, x0, 0x0                         va_rvtest_code_begin+2028

mem[X,0x0000000080000B8C] -> 0x0013
mem[X,0x0000000080000B8E] -> 0x0000
[963] [S]: 0x0000030080000B8C (0x00000013) addi x0, x0, 0x0                         va_rvtest_code_begin+2032

clint mtime 0x00000000000001E2 (mip.MTI <- 0b1, mip.STI <- 0b0)
mem[X,0x0000000080000B90] -> 0x0013
mem[X,0x0000000080000B92] -> 0x0000
[964] [S]: 0x0000030080000B90 (0x00000013) addi x0, x0, 0x0                         va_rvtest_code_begin+2036

mem[X,0x0000000080000B94] -> 0x0113
mem[X,0x0000000080000B96] -> 0x0000
[965] [S]: 0x0000030080000B94 (0x00000113) addi x2, x0, 0x0                         va_rvtest_code_begin+2040
x2 <- 0x0000000000000000

clint mtime 0x00000000000001E3 (mip.MTI <- 0b1, mip.STI <- 0b0)
mem[X,0x0000000080000B98] -> 0x0073
mem[X,0x0000000080000B9A] -> 0x0000
[966] [S]: 0x0000030080000B98 (0x00000073) ecall                                    va_rvtest_code_begin+2044
trapping from S to M to handle s-call
handling exc#s-call at priv M with tval 0x0000000000000000
CSR mstatus (0x300) <- 0x0000000A00000800
CSR mcause (0x342) <- 0x0000000000000009
CSR mtval (0x343) <- 0x0000000000000000
CSR mepc (0x341) <- 0x0000030080000B98

mem[X,0x0000000080000C80] -> 0x006F
mem[X,0x0000000080000C82] -> 0x1000
[967] [M]: 0x0000000080000C80 (0x1000006F) jal x0, 0x100                            Mtrampoline+0

clint mtime 0x00000000000001E4 (mip.MTI <- 0b1, mip.STI <- 0b0)
mem[X,0x0000000080000D80] -> 0x1173
mem[X,0x0000000080000D82] -> 0x3401
[968] [M]: 0x0000000080000D80 (0x34011173) csrrw x2, mscratch, x2                   trap_Mhandler+0
CSR mscratch (0x340) <- 0x0000000000000000
x2 <- 0x0000000080003000

mem[X,0x0000000080000D84] -> 0x3423
mem[X,0x0000000080000D86] -> 0x28B1
[969] [M]: 0x0000000080000D84 (0x28B13423) sd x11, 0x288(x2)                        trap_Mhandler+4
mem[W,0x0000000080003288] <- 0x00000000000000C9

clint mtime 0x00000000000001E5 (mip.MTI <- 0b1, mip.STI <- 0b0)
mem[X,0x0000000080000D88] -> 0x05EF
mem[X,0x0000000080000D8A] -> 0x0B80
[970] [M]: 0x0000000080000D88 (0x0B8005EF) jal x11, 0xb8                            trap_Mhandler+8
x11 <- 0x0000000080000D8C

mem[X,0x0000000080000E40] -> 0x3023
mem[X,0x0000000080000E42] -> 0x28A1
[971] [M]: 0x0000000080000E40 (0x28A13023) sd x10, 0x280(x2)                        common_Mhandler+0
mem[W,0x0000000080003280] <- 0x00000000200014C9

clint mtime 0x00000000000001E6 (mip.MTI <- 0b1, mip.STI <- 0b0)
mem[X,0x0000000080000E44] -> 0x1573
mem[X,0x0000000080000E46] -> 0x3401
[972] [M]: 0x0000000080000E44 (0x34011573) csrrw x10, mscratch, x2                  common_Mhandler+4
CSR mscratch (0x340) <- 0x0000000080003000
x10 <- 0x0000000000000000

mem[X,0x0000000080000E48] -> 0x3823
mem[X,0x0000000080000E4A] -> 0x28A1
[973] [M]: 0x0000000080000E48 (0x28A13823) sd x10, 0x290(x2)                        common_Mhandler+8
mem[W,0x0000000080003290] <- 0x0000000000000000

clint mtime 0x00000000000001E7 (mip.MTI <- 0b1, mip.STI <- 0b0)
mem[X,0x0000000080000E4C] -> 0x3503
mem[X,0x0000000080000E4E] -> 0x2301
[974] [M]: 0x0000000080000E4C (0x23013503) ld x10, 0x230(x2)                        common_Mhandler+12
mem[R,0x0000000080003230] -> 0x0000000080000E54
x10 <- 0x0000000080000E54

mem[X,0x0000000080000E50] -> 0x0067
mem[X,0x0000000080000E52] -> 0x0005
[975] [M]: 0x0000000080000E50 (0x00050067) jalr x0, 0x0(x10)                        common_Mhandler+16

clint mtime 0x00000000000001E8 (mip.MTI <- 0b1, mip.STI <- 0b0)
mem[X,0x0000000080000E54] -> 0x3C23
mem[X,0x0000000080000E56] -> 0x2691
[976] [M]: 0x0000000080000E54 (0x26913C23) sd x9, 0x278(x2)                         common_Mentry+0
mem[W,0x0000000080003278] <- 0x0000030000000254

mem[X,0x0000000080000E58] -> 0x3823
mem[X,0x0000000080000E5A] -> 0x2681
[977] [M]: 0x0000000080000E58 (0x26813823) sd x8, 0x270(x2)                         common_Mentry+4
mem[W,0x0000000080003270] <- 0x0000000000007F76

clint mtime 0x00000000000001E9 (mip.MTI <- 0b1, mip.STI <- 0b0)
mem[X,0x0000000080000E5C] -> 0x3423
mem[X,0x0000000080000E5E] -> 0x2671
[978] [M]: 0x0000000080000E5C (0x26713423) sd x7, 0x268(x2)                         common_Mentry+8
mem[W,0x0000000080003268] <- 0x0000000080003000

mem[X,0x0000000080000E60] -> 0x3023
mem[X,0x0000000080000E62] -> 0x2661
[979] [M]: 0x0000000080000E60 (0x26613023) sd x6, 0x260(x2)                         common_Mentry+12
mem[W,0x0000000080003260] <- 0xFFFFFFFF7FFFF730

clint mtime 0x00000000000001EA (mip.MTI <- 0b1, mip.STI <- 0b0)
mem[X,0x0000000080000E64] -> 0x2573
mem[X,0x0000000080000E66] -> 0x3420
[980] [M]: 0x0000000080000E64 (0x34202573) csrrs x10, mcause, x0                    spcl_M2mmode_test+0
CSR mcause (0x342) -> 0x0000000000000009
x10 <- 0x0000000000000009

mem[X,0x0000000080000E68] -> 0x04B7
mem[X,0x0000000080000E6A] -> 0x8000
[981] [M]: 0x0000000080000E68 (0x800004B7) lui x9, -0x80000                         spcl_M2mmode_test+4
x9 <- 0xFFFFFFFF80000000

clint mtime 0x00000000000001EB (mip.MTI <- 0b1, mip.STI <- 0b0)
mem[X,0x0000000080000E6C] -> 0x8493
mem[X,0x0000000080000E6E] -> 0x0004
[982] [M]: 0x0000000080000E6C (0x00048493) addi x9, x9, 0x0                         spcl_M2mmode_test+8
x9 <- 0xFFFFFFFF80000000

mem[X,0x0000000080000E70] -> 0x9493
mem[X,0x0000000080000E72] -> 0x00B4
[983] [M]: 0x0000000080000E70 (0x00B49493) slli x9, x9, 0xb                         spcl_M2mmode_test+12
x9 <- 0xFFFFFC0000000000

clint mtime 0x00000000000001EC (mip.MTI <- 0b1, mip.STI <- 0b0)
mem[X,0x0000000080000E74] -> 0x8493
mem[X,0x0000000080000E76] -> 0x0004
[984] [M]: 0x0000000080000E74 (0x00048493) addi x9, x9, 0x0                         spcl_M2mmode_test+16
x9 <- 0xFFFFFC0000000000

mem[X,0x0000000080000E78] -> 0x9493
mem[X,0x0000000080000E7A] -> 0x00B4
[985] [M]: 0x0000000080000E78 (0x00B49493) slli x9, x9, 0xb                         spcl_M2mmode_test+20
x9 <- 0xFFE0000000000000

clint mtime 0x00000000000001ED (mip.MTI <- 0b1, mip.STI <- 0b0)
mem[X,0x0000000080000E7C] -> 0x8493
mem[X,0x0000000080000E7E] -> 0x0034
[986] [M]: 0x0000000080000E7C (0x00348493) addi x9, x9, 0x3                         spcl_M2mmode_test+24
x9 <- 0xFFE0000000000003

mem[X,0x0000000080000E80] -> 0x9493
mem[X,0x0000000080000E82] -> 0x00A4
[987] [M]: 0x0000000080000E80 (0x00A49493) slli x9, x9, 0xa                         spcl_M2mmode_test+28
x9 <- 0x8000000000000C00

clint mtime 0x00000000000001EE (mip.MTI <- 0b1, mip.STI <- 0b0)
mem[X,0x0000000080000E84] -> 0x8493
mem[X,0x0000000080000E86] -> 0x3FC4
[988] [M]: 0x0000000080000E84 (0x3FC48493) addi x9, x9, 0x3fc                       spcl_M2mmode_test+32
x9 <- 0x8000000000000FFC

mem[X,0x0000000080000E88] -> 0xF4B3
mem[X,0x0000000080000E8A] -> 0x00A4
[989] [M]: 0x0000000080000E88 (0x00A4F4B3) and x9, x9, x10                          spcl_M2mmode_test+36
x9 <- 0x0000000000000008

clint mtime 0x00000000000001EF (mip.MTI <- 0b1, mip.STI <- 0b0)
mem[X,0x0000000080000E8C] -> 0x8493
mem[X,0x0000000080000E8E] -> 0xFF84
[990] [M]: 0x0000000080000E8C (0xFF848493) addi x9, x9, -0x8                        spcl_M2mmode_test+40
x9 <- 0x0000000000000000

mem[X,0x0000000080000E90] -> 0x9663
mem[X,0x0000000080000E92] -> 0x0004
[991] [M]: 0x0000000080000E90 (0x00049663) bne x9, x0, 0xc                          spcl_M2mmode_test+44

clint mtime 0x00000000000001F0 (mip.MTI <- 0b1, mip.STI <- 0b0)
mem[X,0x0000000080000E94] -> 0x3383
mem[X,0x0000000080000E96] -> 0x2901
[992] [M]: 0x0000000080000E94 (0x29013383) ld x7, 0x290(x2)                         spcl_M2mmode_test+48
mem[R,0x0000000080003290] -> 0x0000000000000000
x7 <- 0x0000000000000000

mem[X,0x0000000080000E98] -> 0x8663
mem[X,0x0000000080000E9A] -> 0x6E03
[993] [M]: 0x0000000080000E98 (0x6E038663) beq x7, x0, 0x6ec                        spcl_M2mmode_test+52

clint mtime 0x00000000000001F1 (mip.MTI <- 0b1, mip.STI <- 0b0)
mem[X,0x0000000080001584] -> 0x0493
mem[X,0x0000000080001586] -> 0xFF55
[994] [M]: 0x0000000080001584 (0xFF550493) addi x9, x10, -0xb                       rtn2mmode+0
x9 <- 0xFFFFFFFFFFFFFFFE

mem[X,0x0000000080001588] -> 0x8C63
mem[X,0x000000008000158A] -> 0x0004
[995] [M]: 0x0000000080001588 (0x00048C63) beq x9, x0, 0x18                         rtn2mmode+4

clint mtime 0x00000000000001F2 (mip.MTI <- 0b1, mip.STI <- 0b0)
mem[X,0x000000008000158C] -> 0x3583
mem[X,0x000000008000158E] -> 0x4701
[996] [M]: 0x000000008000158C (0x47013583) ld x11, 0x470(x2)                        rtn2mmode+8
mem[R,0x0000000080003470] -> 0x000003008000039C
x11 <- 0x000003008000039C

mem[X,0x0000000080001590] -> 0xD463
mem[X,0x0000000080001592] -> 0x0003
[997] [M]: 0x0000000080001590 (0x0003D463) bge x7, x0, 0x8                          rtn2mmode+12

clint mtime 0x00000000000001F3 (mip.MTI <- 0b1, mip.STI <- 0b0)
mem[X,0x0000000080001598] -> 0x3483
mem[X,0x000000008000159A] -> 0x1D81
[998] [M]: 0x0000000080001598 (0x1D813483) ld x9, 0x1d8(x2)                         from_u_s+0
mem[R,0x00000000800031D8] -> 0x00000000800003B4
x9 <- 0x00000000800003B4

mem[X,0x000000008000159C] -> 0x84B3
mem[X,0x000000008000159E] -> 0x40B4
[999] [M]: 0x000000008000159C (0x40B484B3) sub x9, x9, x11                          from_u_s+4
x9 <- 0xFFFFFD0000000018

clint mtime 0x00000000000001F4 (mip.MTI <- 0b1, mip.STI <- 0b0)
mem[X,0x00000000800015A0] -> 0x23F3
mem[X,0x00000000800015A2] -> 0x3410
[1000] [M]: 0x00000000800015A0 (0x341023F3) csrrs x7, mepc, x0                      rtn_fm_mmode+0
CSR mepc (0x341) -> 0x0000030080000B98
x7 <- 0x0000030080000B98

mem[X,0x00000000800015A4] -> 0x83B3
mem[X,0x00000000800015A6] -> 0x0093
[1001] [M]: 0x00000000800015A4 (0x009383B3) add x7, x7, x9                          rtn_fm_mmode+4
x7 <- 0x0000000080000BB0

clint mtime 0x00000000000001F5 (mip.MTI <- 0b1, mip.STI <- 0b0)
mem[X,0x00000000800015A8] -> 0x3303
mem[X,0x00000000800015AA] -> 0x2601
[1002] [M]: 0x00000000800015A8 (0x26013303) ld x6, 0x260(x2)                        rtn_fm_mmode+8
mem[R,0x0000000080003260] -> 0xFFFFFFFF7FFFF730
x6 <- 0xFFFFFFFF7FFFF730

mem[X,0x00000000800015AC] -> 0x3403
mem[X,0x00000000800015AE] -> 0x2701
[1003] [M]: 0x00000000800015AC (0x27013403) ld x8, 0x270(x2)                        rtn_fm_mmode+12
mem[R,0x0000000080003270] -> 0x0000000000007F76
x8 <- 0x0000000000007F76

clint mtime 0x00000000000001F6 (mip.MTI <- 0b1, mip.STI <- 0b0)
mem[X,0x00000000800015B0] -> 0x3483
mem[X,0x00000000800015B2] -> 0x2781
[1004] [M]: 0x00000000800015B0 (0x27813483) ld x9, 0x278(x2)                        rtn_fm_mmode+16
mem[R,0x0000000080003278] -> 0x0000030000000254
x9 <- 0x0000030000000254

mem[X,0x00000000800015B4] -> 0x3503
mem[X,0x00000000800015B6] -> 0x2801
[1005] [M]: 0x00000000800015B4 (0x28013503) ld x10, 0x280(x2)                       rtn_fm_mmode+20
mem[R,0x0000000080003280] -> 0x00000000200014C9
x10 <- 0x00000000200014C9

clint mtime 0x00000000000001F7 (mip.MTI <- 0b1, mip.STI <- 0b0)
mem[X,0x00000000800015B8] -> 0x3583
mem[X,0x00000000800015BA] -> 0x2881
[1006] [M]: 0x00000000800015B8 (0x28813583) ld x11, 0x288(x2)                       rtn_fm_mmode+24
mem[R,0x0000000080003288] -> 0x00000000000000C9
x11 <- 0x00000000000000C9

mem[X,0x00000000800015BC] -> 0x3103
mem[X,0x00000000800015BE] -> 0x2901
[1007] [M]: 0x00000000800015BC (0x29013103) ld x2, 0x290(x2)                        rtn_fm_mmode+28
mem[R,0x0000000080003290] -> 0x0000000000000000
x2 <- 0x0000000000000000

clint mtime 0x00000000000001F8 (mip.MTI <- 0b1, mip.STI <- 0b0)
mem[X,0x00000000800015C0] -> 0x8067
mem[X,0x00000000800015C2] -> 0x0043
[1008] [M]: 0x00000000800015C0 (0x00438067) jalr x0, 0x4(x7)                        rtn_fm_mmode+32

mem[X,0x0000000080000BB4] -> 0x9073
mem[X,0x0000000080000BB6] -> 0x1803
[1009] [M]: 0x0000000080000BB4 (0x18039073) csrrw x0, satp, x7                      resto_Ssatp+4
CSR satp (0x180) <- 0x0000000080000BB0

clint mtime 0x00000000000001F9 (mip.MTI <- 0b1, mip.STI <- 0b0)
mem[X,0x0000000080000BB8] -> 0x3503
mem[X,0x0000000080000BBA] -> 0x2503
[1010] [M]: 0x0000000080000BB8 (0x25033503) ld x10, 0x250(x6)                       resto_Sscratch+0
trapping from M to M to handle load-access-fault
handling exc#load-access-fault at priv M with tval 0xFFFFFFFF7FFFF980
CSR mstatus (0x300) <- 0x0000000A00001800
CSR mcause (0x342) <- 0x0000000000000005
CSR mtval (0x343) <- 0xFFFFFFFF7FFFF980
CSR mepc (0x341) <- 0x0000000080000BB8

mem[X,0x0000000080000C80] -> 0x006F
mem[X,0x0000000080000C82] -> 0x1000
[1011] [M]: 0x0000000080000C80 (0x1000006F) jal x0, 0x100                           Mtrampoline+0

clint mtime 0x00000000000001FA (mip.MTI <- 0b1, mip.STI <- 0b0)
mem[X,0x0000000080000D80] -> 0x1173
mem[X,0x0000000080000D82] -> 0x3401
[1012] [M]: 0x0000000080000D80 (0x34011173) csrrw x2, mscratch, x2                  trap_Mhandler+0
CSR mscratch (0x340) <- 0x0000000000000000
x2 <- 0x0000000080003000

mem[X,0x0000000080000D84] -> 0x3423
mem[X,0x0000000080000D86] -> 0x28B1
[1013] [M]: 0x0000000080000D84 (0x28B13423) sd x11, 0x288(x2)                       trap_Mhandler+4
mem[W,0x0000000080003288] <- 0x00000000000000C9

clint mtime 0x00000000000001FB (mip.MTI <- 0b1, mip.STI <- 0b0)
mem[X,0x0000000080000D88] -> 0x05EF
mem[X,0x0000000080000D8A] -> 0x0B80
[1014] [M]: 0x0000000080000D88 (0x0B8005EF) jal x11, 0xb8                           trap_Mhandler+8
x11 <- 0x0000000080000D8C

mem[X,0x0000000080000E40] -> 0x3023
mem[X,0x0000000080000E42] -> 0x28A1
[1015] [M]: 0x0000000080000E40 (0x28A13023) sd x10, 0x280(x2)                       common_Mhandler+0
mem[W,0x0000000080003280] <- 0x00000000200014C9

clint mtime 0x00000000000001FC (mip.MTI <- 0b1, mip.STI <- 0b0)
mem[X,0x0000000080000E44] -> 0x1573
mem[X,0x0000000080000E46] -> 0x3401
[1016] [M]: 0x0000000080000E44 (0x34011573) csrrw x10, mscratch, x2                 common_Mhandler+4
CSR mscratch (0x340) <- 0x0000000080003000
x10 <- 0x0000000000000000

mem[X,0x0000000080000E48] -> 0x3823
mem[X,0x0000000080000E4A] -> 0x28A1
[1017] [M]: 0x0000000080000E48 (0x28A13823) sd x10, 0x290(x2)                       common_Mhandler+8
mem[W,0x0000000080003290] <- 0x0000000000000000

clint mtime 0x00000000000001FD (mip.MTI <- 0b1, mip.STI <- 0b0)
mem[X,0x0000000080000E4C] -> 0x3503
mem[X,0x0000000080000E4E] -> 0x2301
[1018] [M]: 0x0000000080000E4C (0x23013503) ld x10, 0x230(x2)                       common_Mhandler+12
mem[R,0x0000000080003230] -> 0x0000000080000E54
x10 <- 0x0000000080000E54

mem[X,0x0000000080000E50] -> 0x0067
mem[X,0x0000000080000E52] -> 0x0005
[1019] [M]: 0x0000000080000E50 (0x00050067) jalr x0, 0x0(x10)                       common_Mhandler+16

clint mtime 0x00000000000001FE (mip.MTI <- 0b1, mip.STI <- 0b0)
mem[X,0x0000000080000E54] -> 0x3C23
mem[X,0x0000000080000E56] -> 0x2691
[1020] [M]: 0x0000000080000E54 (0x26913C23) sd x9, 0x278(x2)                        common_Mentry+0
mem[W,0x0000000080003278] <- 0x0000030000000254

mem[X,0x0000000080000E58] -> 0x3823
mem[X,0x0000000080000E5A] -> 0x2681
[1021] [M]: 0x0000000080000E58 (0x26813823) sd x8, 0x270(x2)                        common_Mentry+4
mem[W,0x0000000080003270] <- 0x0000000000007F76

clint mtime 0x00000000000001FF (mip.MTI <- 0b1, mip.STI <- 0b0)
mem[X,0x0000000080000E5C] -> 0x3423
mem[X,0x0000000080000E5E] -> 0x2671
[1022] [M]: 0x0000000080000E5C (0x26713423) sd x7, 0x268(x2)                        common_Mentry+8
mem[W,0x0000000080003268] <- 0x0000000080000BB0

mem[X,0x0000000080000E60] -> 0x3023
mem[X,0x0000000080000E62] -> 0x2661
[1023] [M]: 0x0000000080000E60 (0x26613023) sd x6, 0x260(x2)                        common_Mentry+12
mem[W,0x0000000080003260] <- 0xFFFFFFFF7FFFF730

clint mtime 0x0000000000000200 (mip.MTI <- 0b1, mip.STI <- 0b0)
mem[X,0x0000000080000E64] -> 0x2573
mem[X,0x0000000080000E66] -> 0x3420
[1024] [M]: 0x0000000080000E64 (0x34202573) csrrs x10, mcause, x0                   spcl_M2mmode_test+0
CSR mcause (0x342) -> 0x0000000000000005
x10 <- 0x0000000000000005

mem[X,0x0000000080000E68] -> 0x04B7
mem[X,0x0000000080000E6A] -> 0x8000
[1025] [M]: 0x0000000080000E68 (0x800004B7) lui x9, -0x80000                        spcl_M2mmode_test+4
x9 <- 0xFFFFFFFF80000000

clint mtime 0x0000000000000201 (mip.MTI <- 0b1, mip.STI <- 0b0)
mem[X,0x0000000080000E6C] -> 0x8493
mem[X,0x0000000080000E6E] -> 0x0004
[1026] [M]: 0x0000000080000E6C (0x00048493) addi x9, x9, 0x0                        spcl_M2mmode_test+8
x9 <- 0xFFFFFFFF80000000

mem[X,0x0000000080000E70] -> 0x9493
mem[X,0x0000000080000E72] -> 0x00B4
[1027] [M]: 0x0000000080000E70 (0x00B49493) slli x9, x9, 0xb                        spcl_M2mmode_test+12
x9 <- 0xFFFFFC0000000000

clint mtime 0x0000000000000202 (mip.MTI <- 0b1, mip.STI <- 0b0)
mem[X,0x0000000080000E74] -> 0x8493
mem[X,0x0000000080000E76] -> 0x0004
[1028] [M]: 0x0000000080000E74 (0x00048493) addi x9, x9, 0x0                        spcl_M2mmode_test+16
x9 <- 0xFFFFFC0000000000

mem[X,0x0000000080000E78] -> 0x9493
mem[X,0x0000000080000E7A] -> 0x00B4
[1029] [M]: 0x0000000080000E78 (0x00B49493) slli x9, x9, 0xb                        spcl_M2mmode_test+20
x9 <- 0xFFE0000000000000

clint mtime 0x0000000000000203 (mip.MTI <- 0b1, mip.STI <- 0b0)
mem[X,0x0000000080000E7C] -> 0x8493
mem[X,0x0000000080000E7E] -> 0x0034
[1030] [M]: 0x0000000080000E7C (0x00348493) addi x9, x9, 0x3                        spcl_M2mmode_test+24
x9 <- 0xFFE0000000000003

mem[X,0x0000000080000E80] -> 0x9493
mem[X,0x0000000080000E82] -> 0x00A4
[1031] [M]: 0x0000000080000E80 (0x00A49493) slli x9, x9, 0xa                        spcl_M2mmode_test+28
x9 <- 0x8000000000000C00

clint mtime 0x0000000000000204 (mip.MTI <- 0b1, mip.STI <- 0b0)
mem[X,0x0000000080000E84] -> 0x8493
mem[X,0x0000000080000E86] -> 0x3FC4
[1032] [M]: 0x0000000080000E84 (0x3FC48493) addi x9, x9, 0x3fc                      spcl_M2mmode_test+32
x9 <- 0x8000000000000FFC

mem[X,0x0000000080000E88] -> 0xF4B3
mem[X,0x0000000080000E8A] -> 0x00A4
[1033] [M]: 0x0000000080000E88 (0x00A4F4B3) and x9, x9, x10                         spcl_M2mmode_test+36
x9 <- 0x0000000000000004

clint mtime 0x0000000000000205 (mip.MTI <- 0b1, mip.STI <- 0b0)
mem[X,0x0000000080000E8C] -> 0x8493
mem[X,0x0000000080000E8E] -> 0xFF84
[1034] [M]: 0x0000000080000E8C (0xFF848493) addi x9, x9, -0x8                       spcl_M2mmode_test+40
x9 <- 0xFFFFFFFFFFFFFFFC

mem[X,0x0000000080000E90] -> 0x9663
mem[X,0x0000000080000E92] -> 0x0004
[1035] [M]: 0x0000000080000E90 (0x00049663) bne x9, x0, 0xc                         spcl_M2mmode_test+44

clint mtime 0x0000000000000206 (mip.MTI <- 0b1, mip.STI <- 0b0)
mem[X,0x0000000080000E9C] -> 0x0393
mem[X,0x0000000080000E9E] -> 0x0200
[1036] [M]: 0x0000000080000E9C (0x02000393) addi x7, x0, 0x20                       Mtrapsig_ptr_upd+0
x7 <- 0x0000000000000020

mem[X,0x0000000080000EA0] -> 0x5263
mem[X,0x0000000080000EA2] -> 0x0405
[1037] [M]: 0x0000000080000EA0 (0x04055263) bge x10, x0, 0x44                       Mtrapsig_ptr_upd+4

clint mtime 0x0000000000000207 (mip.MTI <- 0b1, mip.STI <- 0b0)
mem[X,0x0000000080000EE4] -> 0x2373
mem[X,0x0000000080000EE6] -> 0x3010
[1038] [M]: 0x0000000080000EE4 (0x30102373) csrrs x6, misa, x0                      Mxcpt_sig_sv+0
CSR misa (0x301) -> 0x800000000034112F
x6 <- 0x800000000034112F

mem[X,0x0000000080000EE8] -> 0x1313
mem[X,0x0000000080000EEA] -> 0x0383
[1039] [M]: 0x0000000080000EE8 (0x03831313) slli x6, x6, 0x38                       Mxcpt_sig_sv+4
x6 <- 0x2F00000000000000

clint mtime 0x0000000000000208 (mip.MTI <- 0b1, mip.STI <- 0b0)
mem[X,0x0000000080000EEC] -> 0x5463
mem[X,0x0000000080000EEE] -> 0x0003
[1040] [M]: 0x0000000080000EEC (0x00035463) bge x6, x0, 0x8                         Mxcpt_sig_sv+8

mem[X,0x0000000080000EF4] -> 0x3303
mem[X,0x0000000080000EF6] -> 0x2181
[1041] [M]: 0x0000000080000EF4 (0x21813303) ld x6, 0x218(x2)                        Mtrap_sig_sv+0
mem[R,0x0000000080003218] -> 0x000000008000A358
x6 <- 0x000000008000A358

clint mtime 0x0000000000000209 (mip.MTI <- 0b1, mip.STI <- 0b0)
mem[X,0x0000000080000EF8] -> 0x04B3
mem[X,0x0000000080000EFA] -> 0x0073
[1042] [M]: 0x0000000080000EF8 (0x007304B3) add x9, x6, x7                          Mtrap_sig_sv+4
x9 <- 0x000000008000A378

mem[X,0x0000000080000EFC] -> 0x3C23
mem[X,0x0000000080000EFE] -> 0x2091
[1043] [M]: 0x0000000080000EFC (0x20913C23) sd x9, 0x218(x2)                        Mtrap_sig_sv+8
mem[W,0x0000000080003218] <- 0x000000008000A378

clint mtime 0x000000000000020A (mip.MTI <- 0b1, mip.STI <- 0b0)
mem[X,0x0000000080000F00] -> 0x3403
mem[X,0x0000000080000F02] -> 0x1F81
[1044] [M]: 0x0000000080000F00 (0x1F813403) ld x8, 0x1f8(x2)                        Mtrap_sig_sv+12
mem[R,0x00000000800031F8] -> 0x000000008000A110
x8 <- 0x000000008000A110

mem[X,0x0000000080000F04] -> 0x0333
mem[X,0x0000000080000F06] -> 0x4083
[1045] [M]: 0x0000000080000F04 (0x40830333) sub x6, x6, x8                          Mtrap_sig_sv+16
x6 <- 0x0000000000000248

clint mtime 0x000000000000020B (mip.MTI <- 0b1, mip.STI <- 0b0)
mem[X,0x0000000080000F08] -> 0x3403
mem[X,0x0000000080000F0A] -> 0x1F81
[1046] [M]: 0x0000000080000F08 (0x1F813403) ld x8, 0x1f8(x2)                        Mtrap_sig_sv+20
mem[R,0x00000000800031F8] -> 0x000000008000A110
x8 <- 0x000000008000A110

mem[X,0x0000000080000F0C] -> 0x0333
mem[X,0x0000000080000F0E] -> 0x0083
[1047] [M]: 0x0000000080000F0C (0x00830333) add x6, x6, x8                          Mtrap_sig_sv+24
x6 <- 0x000000008000A358

clint mtime 0x000000000000020C (mip.MTI <- 0b1, mip.STI <- 0b0)
mem[X,0x0000000080000F10] -> 0x3403
mem[X,0x0000000080000F12] -> 0x2401
[1048] [M]: 0x0000000080000F10 (0x24013403) ld x8, 0x240(x2)                        Mtrap_sig_sv+28
mem[R,0x0000000080003240] -> 0x0000000080000C80
x8 <- 0x0000000080000C80

mem[X,0x0000000080000F14] -> 0x85B3
mem[X,0x0000000080000F16] -> 0x4085
[1049] [M]: 0x0000000080000F14 (0x408585B3) sub x11, x11, x8                        sv_Mvect+0
x11 <- 0x000000000000010C

clint mtime 0x000000000000020D (mip.MTI <- 0b1, mip.STI <- 0b0)
mem[X,0x0000000080000F18] -> 0x9593
mem[X,0x0000000080000F1A] -> 0x0045
[1050] [M]: 0x0000000080000F18 (0x00459593) slli x11, x11, 0x4                      sv_Mvect+4
x11 <- 0x00000000000010C0

mem[X,0x0000000080000F1C] -> 0xE5B3
mem[X,0x0000000080000F1E] -> 0x0075
[1051] [M]: 0x0000000080000F1C (0x0075E5B3) or x11, x11, x7                         sv_Mvect+8
x11 <- 0x00000000000010E0

clint mtime 0x000000000000020E (mip.MTI <- 0b1, mip.STI <- 0b0)
mem[X,0x0000000080000F20] -> 0x8593
mem[X,0x0000000080000F22] -> 0x0035
[1052] [M]: 0x0000000080000F20 (0x00358593) addi x11, x11, 0x3                      sv_Mvect+12
x11 <- 0x00000000000010E3

mem[X,0x0000000080000F24] -> 0x3023
mem[X,0x0000000080000F26] -> 0x00B3
[1053] [M]: 0x0000000080000F24 (0x00B33023) sd x11, 0x0(x6)                         sv_Mvect+16
mem[W,0x000000008000A358] <- 0x00000000000010E3

clint mtime 0x000000000000020F (mip.MTI <- 0b1, mip.STI <- 0b0)
mem[X,0x0000000080000F28] -> 0x3423
mem[X,0x0000000080000F2A] -> 0x00A3
[1054] [M]: 0x0000000080000F28 (0x00A33423) sd x10, 0x8(x6)                         sv_Mcause+0
mem[W,0x000000008000A360] <- 0x0000000000000005

mem[X,0x0000000080000F2C] -> 0x4663
mem[X,0x0000000080000F2E] -> 0x1A05
[1055] [M]: 0x0000000080000F2C (0x1A054663) blt x10, x0, 0x1ac                      sv_Mcause+4

clint mtime 0x0000000000000210 (mip.MTI <- 0b1, mip.STI <- 0b0)
mem[X,0x0000000080000F30] -> 0x25F3
mem[X,0x0000000080000F32] -> 0x3000
[1056] [M]: 0x0000000080000F30 (0x300025F3) csrrs x11, mstatus, x0                  common_Mexcpt_handler+0
CSR mstatus (0x300) -> 0x0000000A00001800
x11 <- 0x0000000A00001800

mem[X,0x0000000080000F34] -> 0x9413
mem[X,0x0000000080000F36] -> 0x02E5
[1057] [M]: 0x0000000080000F34 (0x02E59413) slli x8, x11, 0x2e                      common_Mexcpt_handler+4
x8 <- 0x0600000000000000

clint mtime 0x0000000000000211 (mip.MTI <- 0b1, mip.STI <- 0b0)
mem[X,0x0000000080000F38] -> 0x5463
mem[X,0x0000000080000F3A] -> 0x0004
[1058] [M]: 0x0000000080000F38 (0x00045463) bge x8, x0, 0x8                         common_Mexcpt_handler+8

mem[X,0x0000000080000F40] -> 0xD493
mem[X,0x0000000080000F42] -> 0x00B5
[1059] [M]: 0x0000000080000F40 (0x00B5D493) srli x9, x11, 0xb                       common_Mexcpt_handler+16
x9 <- 0x0000000001400003

clint mtime 0x0000000000000212 (mip.MTI <- 0b1, mip.STI <- 0b0)
mem[X,0x0000000080000F44] -> 0xF493
mem[X,0x0000000080000F46] -> 0x0034
[1060] [M]: 0x0000000080000F44 (0x0034F493) andi x9, x9, 0x3                        common_Mexcpt_handler+20
x9 <- 0x0000000000000003

mem[X,0x0000000080000F48] -> 0x8493
mem[X,0x0000000080000F4A] -> 0x0014
[1061] [M]: 0x0000000080000F48 (0x00148493) addi x9, x9, 0x1                        common_Mexcpt_handler+24
x9 <- 0x0000000000000004

clint mtime 0x0000000000000213 (mip.MTI <- 0b1, mip.STI <- 0b0)
mem[X,0x0000000080000F4C] -> 0xF493
mem[X,0x0000000080000F4E] -> 0x0044
[1062] [M]: 0x0000000080000F4C (0x0044F493) andi x9, x9, 0x4                        common_Mexcpt_handler+28
x9 <- 0x0000000000000004

mem[X,0x0000000080000F50] -> 0x0593
mem[X,0x0000000080000F52] -> 0x05D0
[1063] [M]: 0x0000000080000F50 (0x05D00593) addi x11, x0, 0x5d                      common_Mexcpt_handler+32
x11 <- 0x000000000000005D

clint mtime 0x0000000000000214 (mip.MTI <- 0b1, mip.STI <- 0b0)
mem[X,0x0000000080000F54] -> 0xD5B3
mem[X,0x0000000080000F56] -> 0x0095
[1064] [M]: 0x0000000080000F54 (0x0095D5B3) srl x11, x11, x9                        common_Mexcpt_handler+36
x11 <- 0x0000000000000005

mem[X,0x0000000080000F58] -> 0xF593
mem[X,0x0000000080000F5A] -> 0x0015
[1065] [M]: 0x0000000080000F58 (0x0015F593) andi x11, x11, 0x1                      common_Mexcpt_handler+40
x11 <- 0x0000000000000001

clint mtime 0x0000000000000215 (mip.MTI <- 0b1, mip.STI <- 0b0)
mem[X,0x0000000080000F5C] -> 0x8EE3
mem[X,0x0000000080000F5E] -> 0xF405
[1066] [M]: 0x0000000080000F5C (0xF4058EE3) beq x11, x0, -0xa4                      common_Mexcpt_handler+44

mem[X,0x0000000080000F60] -> 0x0593
mem[X,0x0000000080000F62] -> 0x2980
[1067] [M]: 0x0000000080000F60 (0x29800593) addi x11, x0, 0x298                     common_Mexcpt_handler+48
x11 <- 0x0000000000000298

clint mtime 0x0000000000000216 (mip.MTI <- 0b1, mip.STI <- 0b0)
mem[X,0x0000000080000F64] -> 0xF413
mem[X,0x0000000080000F66] -> 0x0014
[1068] [M]: 0x0000000080000F64 (0x0014F413) andi x8, x9, 0x1                        common_Mexcpt_handler+52
x8 <- 0x0000000000000000

mem[X,0x0000000080000F68] -> 0x95B3
mem[X,0x0000000080000F6A] -> 0x0085
[1069] [M]: 0x0000000080000F68 (0x008595B3) sll x11, x11, x8                        common_Mexcpt_handler+56
x11 <- 0x0000000000000298

clint mtime 0x0000000000000217 (mip.MTI <- 0b1, mip.STI <- 0b0)
mem[X,0x0000000080000F6C] -> 0x9413
mem[X,0x0000000080000F6E] -> 0x03D4
[1070] [M]: 0x0000000080000F6C (0x03D49413) slli x8, x9, 0x3d                       common_Mexcpt_handler+60
x8 <- 0x8000000000000000

mem[X,0x0000000080000F70] -> 0x5413
mem[X,0x0000000080000F72] -> 0x43F4
[1071] [M]: 0x0000000080000F70 (0x43F45413) srai x8, x8, 0x3f                       common_Mexcpt_handler+64
x8 <- 0xFFFFFFFFFFFFFFFF

clint mtime 0x0000000000000218 (mip.MTI <- 0b1, mip.STI <- 0b0)
mem[X,0x0000000080000F74] -> 0x4413
mem[X,0x0000000080000F76] -> 0xFFF4
[1072] [M]: 0x0000000080000F74 (0xFFF44413) xori x8, x8, -0x1                       common_Mexcpt_handler+68
x8 <- 0x0000000000000000

mem[X,0x0000000080000F78] -> 0xF4B3
mem[X,0x0000000080000F7A] -> 0x0085
[1073] [M]: 0x0000000080000F78 (0x0085F4B3) and x9, x11, x8                         common_Mexcpt_handler+72
x9 <- 0x0000000000000000

clint mtime 0x0000000000000219 (mip.MTI <- 0b1, mip.STI <- 0b0)
mem[X,0x0000000080000F7C] -> 0x84B3
mem[X,0x0000000080000F7E] -> 0x0024
[1074] [M]: 0x0000000080000F7C (0x002484B3) add x9, x9, x2                          vmem_adj_Mepc+0
x9 <- 0x0000000080003000

mem[X,0x0000000080000F80] -> 0x23F3
mem[X,0x0000000080000F82] -> 0x3410
[1075] [M]: 0x0000000080000F80 (0x341023F3) csrrs x7, mepc, x0                      vmem_adj_Mepc+4
CSR mepc (0x341) -> 0x0000000080000BB8
x7 <- 0x0000000080000BB8

clint mtime 0x000000000000021A (mip.MTI <- 0b1, mip.STI <- 0b0)
mem[X,0x0000000080000F84] -> 0x0413
mem[X,0x0000000080000F86] -> 0x0004
[1076] [M]: 0x0000000080000F84 (0x00040413) addi x8, x8, 0x0                        vmem_adj_Mepc+8
x8 <- 0x0000000000000000

mem[X,0x0000000080000F88] -> 0x006F
mem[X,0x0000000080000F8A] -> 0x0400
[1077] [M]: 0x0000000080000F88 (0x0400006F) jal x0, 0x40                            vmem_adj_Mepc+12

clint mtime 0x000000000000021B (mip.MTI <- 0b1, mip.STI <- 0b0)
mem[X,0x0000000080000FC8] -> 0x8433
mem[X,0x0000000080000FCA] -> 0x4083
[1078] [M]: 0x0000000080000FC8 (0x40838433) sub x8, x7, x8                          adj_Mepc+0
x8 <- 0x0000000080000BB8

mem[X,0x0000000080000FCC] -> 0x3823
mem[X,0x0000000080000FCE] -> 0x0083
[1079] [M]: 0x0000000080000FCC (0x00833823) sd x8, 0x10(x6)                         sv_Mepc+0
mem[W,0x000000008000A368] <- 0x0000000080000BB8

clint mtime 0x000000000000021C (mip.MTI <- 0b1, mip.STI <- 0b0)
mem[X,0x0000000080000FD0] -> 0x55B7
mem[X,0x0000000080000FD2] -> 0x0000
[1080] [M]: 0x0000000080000FD0 (0x000055B7) lui x11, 0x5                            sv_Mepc+4
x11 <- 0x0000000000005000

mem[X,0x0000000080000FD4] -> 0x8593
mem[X,0x0000000080000FD6] -> 0x6675
[1081] [M]: 0x0000000080000FD4 (0x66758593) addi x11, x11, 0x667                    sv_Mepc+8
x11 <- 0x0000000000005667

clint mtime 0x000000000000021D (mip.MTI <- 0b1, mip.STI <- 0b0)
mem[X,0x0000000080000FD8] -> 0x9593
mem[X,0x0000000080000FDA] -> 0x0015
[1082] [M]: 0x0000000080000FD8 (0x00159593) slli x11, x11, 0x1                      sv_Mepc+12
x11 <- 0x000000000000ACCE

mem[X,0x0000000080000FDC] -> 0x9063
mem[X,0x0000000080000FDE] -> 0x02B1
[1083] [M]: 0x0000000080000FDC (0x02B19063) bne x3, x11, 0x20                       sv_Mepc+16

clint mtime 0x000000000000021E (mip.MTI <- 0b1, mip.STI <- 0b0)
mem[X,0x0000000080000FE0] -> 0x2473
mem[X,0x0000000080000FE2] -> 0x3420
[1084] [M]: 0x0000000080000FE0 (0x34202473) csrrs x8, mcause, x0                    sv_Mepc+20
CSR mcause (0x342) -> 0x0000000000000005
x8 <- 0x0000000000000005

mem[X,0x0000000080000FE4] -> 0x0593
mem[X,0x0000000080000FE6] -> 0x00C0
[1085] [M]: 0x0000000080000FE4 (0x00C00593) addi x11, x0, 0xc                       sv_Mepc+24
x11 <- 0x000000000000000C

clint mtime 0x000000000000021F (mip.MTI <- 0b1, mip.STI <- 0b0)
mem[X,0x0000000080000FE8] -> 0x0663
mem[X,0x0000000080000FEA] -> 0x00B4
[1086] [M]: 0x0000000080000FE8 (0x00B40663) beq x8, x11, 0xc                        sv_Mepc+28

mem[X,0x0000000080000FEC] -> 0x0593
mem[X,0x0000000080000FEE] -> 0x0010
[1087] [M]: 0x0000000080000FEC (0x00100593) addi x11, x0, 0x1                       sv_Mepc+32
x11 <- 0x0000000000000001

clint mtime 0x0000000000000220 (mip.MTI <- 0b1, mip.STI <- 0b0)
mem[X,0x0000000080000FF0] -> 0x1663
mem[X,0x0000000080000FF2] -> 0x00B4
[1088] [M]: 0x0000000080000FF0 (0x00B41663) bne x8, x11, 0xc                        sv_Mepc+36

mem[X,0x0000000080000FFC] -> 0xF593
mem[X,0x0000000080000FFE] -> 0xFFC3
[1089] [M]: 0x0000000080000FFC (0xFFC3F593) andi x11, x7, -0x4                      adj_Mepc_rtn+0
x11 <- 0x0000000080000BB8

clint mtime 0x0000000000000221 (mip.MTI <- 0b1, mip.STI <- 0b0)
mem[X,0x0000000080001000] -> 0x8593
mem[X,0x0000000080001002] -> 0x0085
[1090] [M]: 0x0000000080001000 (0x00858593) addi x11, x11, 0x8                      adj_Mepc_rtn+4
x11 <- 0x0000000080000BC0

mem[X,0x0000000080001004] -> 0x9073
mem[X,0x0000000080001006] -> 0x3415
[1091] [M]: 0x0000000080001004 (0x34159073) csrrw x0, mepc, x11                     adj_Mepc_rtn+8
CSR mepc (0x341) <- 0x0000000080000BC0

clint mtime 0x0000000000000222 (mip.MTI <- 0b1, mip.STI <- 0b0)
mem[X,0x0000000080001008] -> 0x23F3
mem[X,0x000000008000100A] -> 0x3430
[1092] [M]: 0x0000000080001008 (0x343023F3) csrrs x7, mtval, x0                     skp_adj_Mepc+0
CSR mtval (0x343) -> 0xFFFFFFFF7FFFF980
x7 <- 0xFFFFFFFF7FFFF980

mem[X,0x000000008000100C] -> 0x0413
mem[X,0x000000008000100E] -> 0x0004
[1093] [M]: 0x000000008000100C (0x00040413) addi x8, x8, 0x0                        skp_adj_Mepc+4
x8 <- 0x0000000000000005

clint mtime 0x0000000000000223 (mip.MTI <- 0b1, mip.STI <- 0b0)
mem[X,0x0000000080001010] -> 0x006F
mem[X,0x0000000080001012] -> 0x0840
[1094] [M]: 0x0000000080001010 (0x0840006F) jal x0, 0x84                            skp_adj_Mepc+8

mem[X,0x0000000080001094] -> 0x8433
mem[X,0x0000000080001096] -> 0x4083
[1095] [M]: 0x0000000080001094 (0x40838433) sub x8, x7, x8                          adj_Mtval+0
x8 <- 0xFFFFFFFF7FFFF97B

clint mtime 0x0000000000000224 (mip.MTI <- 0b1, mip.STI <- 0b0)
mem[X,0x0000000080001098] -> 0x3C23
mem[X,0x000000008000109A] -> 0x0083
[1096] [M]: 0x0000000080001098 (0x00833C23) sd x8, 0x18(x6)                         sv_Mtval+0
mem[W,0x000000008000A370] <- 0xFFFFFFFF7FFFF97B

mem[X,0x000000008000109C] -> 0x3483
mem[X,0x000000008000109E] -> 0x2181
[1097] [M]: 0x000000008000109C (0x21813483) ld x9, 0x218(x2)                        skp_Mtval+0
mem[R,0x0000000080003218] -> 0x000000008000A378
x9 <- 0x000000008000A378

clint mtime 0x0000000000000225 (mip.MTI <- 0b1, mip.STI <- 0b0)
mem[X,0x00000000800010A0] -> 0x3383
mem[X,0x00000000800010A2] -> 0x1F81
[1098] [M]: 0x00000000800010A0 (0x1F813383) ld x7, 0x1f8(x2)                        skp_Mtval+4
mem[R,0x00000000800031F8] -> 0x000000008000A110
x7 <- 0x000000008000A110

mem[X,0x00000000800010A4] -> 0x3303
mem[X,0x00000000800010A6] -> 0x2001
[1099] [M]: 0x00000000800010A4 (0x20013303) ld x6, 0x200(x2)                        skp_Mtval+8
mem[R,0x0000000080003200] -> 0x0000000000000410
x6 <- 0x0000000000000410

clint mtime 0x0000000000000226 (mip.MTI <- 0b1, mip.STI <- 0b0)
mem[X,0x00000000800010A8] -> 0x0333
mem[X,0x00000000800010AA] -> 0x0073
[1100] [M]: 0x00000000800010A8 (0x00730333) add x6, x6, x7                          skp_Mtval+12
x6 <- 0x000000008000A520

mem[X,0x00000000800010AC] -> 0x6CE3
mem[X,0x00000000800010AE] -> 0xAE93
[1101] [M]: 0x00000000800010AC (0xAE936CE3) bltu x6, x9, -0x508                     skp_Mtval+16

clint mtime 0x0000000000000227 (mip.MTI <- 0b1, mip.STI <- 0b0)
mem[X,0x00000000800010B0] -> 0x0393
mem[X,0x00000000800010B2] -> 0x2000
[1102] [M]: 0x00000000800010B0 (0x20000393) addi x7, x0, 0x200                      skp_Mtval+20
x7 <- 0x0000000000000200

mem[X,0x00000000800010B4] -> 0x006F
mem[X,0x00000000800010B6] -> 0x0400
[1103] [M]: 0x00000000800010B4 (0x0400006F) jal x0, 0x40                            skp_Mtval+24

clint mtime 0x0000000000000228 (mip.MTI <- 0b1, mip.STI <- 0b0)
mem[X,0x00000000800010F4] -> 0x0417
mem[X,0x00000000800010F6] -> 0x0000
[1104] [M]: 0x00000000800010F4 (0x00000417) auipc x8, 0x0                           spcl_Mhandler+0
x8 <- 0x00000000800010F4

mem[X,0x00000000800010F8] -> 0x0413
mem[X,0x00000000800010FA] -> 0x03C4
[1105] [M]: 0x00000000800010F8 (0x03C40413) addi x8, x8, 0x3c                       spcl_Mhandler+4
x8 <- 0x0000000080001130

clint mtime 0x0000000000000229 (mip.MTI <- 0b1, mip.STI <- 0b0)
mem[X,0x00000000800010FC] -> 0x0433
mem[X,0x00000000800010FE] -> 0x0074
[1106] [M]: 0x00000000800010FC (0x00740433) add x8, x8, x7                          spcl_Mhandler+8
x8 <- 0x0000000080001330

mem[X,0x0000000080001100] -> 0x1393
mem[X,0x0000000080001102] -> 0x0035
[1107] [M]: 0x0000000080001100 (0x00351393) slli x7, x10, 0x3                       spcl_Mhandler+12
x7 <- 0x0000000000000028

clint mtime 0x000000000000022A (mip.MTI <- 0b1, mip.STI <- 0b0)
mem[X,0x0000000080001104] -> 0x0433
mem[X,0x0000000080001106] -> 0x0074
[1108] [M]: 0x0000000080001104 (0x00740433) add x8, x8, x7                          spcl_Mhandler+16
x8 <- 0x0000000080001358

mem[X,0x0000000080001108] -> 0x7413
mem[X,0x000000008000110A] -> 0xFF84
[1109] [M]: 0x0000000080001108 (0xFF847413) andi x8, x8, -0x8                       spcl_Mhandler+20
x8 <- 0x0000000080001358

clint mtime 0x000000000000022B (mip.MTI <- 0b1, mip.STI <- 0b0)
mem[X,0x000000008000110C] -> 0x3403
mem[X,0x000000008000110E] -> 0x0004
[1110] [M]: 0x000000008000110C (0x00043403) ld x8, 0x0(x8)                          spcl_Mhandler+24
mem[R,0x0000000080001358] -> 0x000000000000000B
x8 <- 0x000000000000000B

mem[X,0x0000000080001110] -> 0x04E3
mem[X,0x0000000080001112] -> 0xB204
[1111] [M]: 0x0000000080001110 (0xB20404E3) beq x8, x0, -0x4d8                      spcl_Mdispatch_hndling+0

clint mtime 0x000000000000022C (mip.MTI <- 0b1, mip.STI <- 0b0)
mem[X,0x0000000080001114] -> 0x1393
mem[X,0x0000000080001116] -> 0x03F4
[1112] [M]: 0x0000000080001114 (0x03F41393) slli x7, x8, 0x3f                       spcl_Mdispatch_hndling+4
x7 <- 0x8000000000000000

mem[X,0x0000000080001118] -> 0xD863
mem[X,0x000000008000111A] -> 0x0003
[1113] [M]: 0x0000000080001118 (0x0003D863) bge x7, x0, 0x10                        spcl_Mdispatch_hndling+8

clint mtime 0x000000000000022D (mip.MTI <- 0b1, mip.STI <- 0b0)
mem[X,0x000000008000111C] -> 0x5413
mem[X,0x000000008000111E] -> 0x0014
[1114] [M]: 0x000000008000111C (0x00145413) srli x8, x8, 0x1                        spcl_Mdispatch_hndling+12
x8 <- 0x0000000000000005

mem[X,0x0000000080001120] -> 0x0CE3
mem[X,0x0000000080001122] -> 0xF885
[1115] [M]: 0x0000000080001120 (0xF8850CE3) beq x10, x8, -0x68                      spcl_Mdispatch_hndling+16

clint mtime 0x000000000000022E (mip.MTI <- 0b1, mip.STI <- 0b0)
mem[X,0x00000000800010B8] -> 0x3303
mem[X,0x00000000800010BA] -> 0x2601
[1116] [M]: 0x00000000800010B8 (0x26013303) ld x6, 0x260(x2)                        resto_Mrtn+0
mem[R,0x0000000080003260] -> 0xFFFFFFFF7FFFF730
x6 <- 0xFFFFFFFF7FFFF730

mem[X,0x00000000800010BC] -> 0x3383
mem[X,0x00000000800010BE] -> 0x2681
[1117] [M]: 0x00000000800010BC (0x26813383) ld x7, 0x268(x2)                        resto_Mrtn+4
mem[R,0x0000000080003268] -> 0x0000000080000BB0
x7 <- 0x0000000080000BB0

clint mtime 0x000000000000022F (mip.MTI <- 0b1, mip.STI <- 0b0)
mem[X,0x00000000800010C0] -> 0x3403
mem[X,0x00000000800010C2] -> 0x2701
[1118] [M]: 0x00000000800010C0 (0x27013403) ld x8, 0x270(x2)                        resto_Mrtn+8
mem[R,0x0000000080003270] -> 0x0000000000007F76
x8 <- 0x0000000000007F76

mem[X,0x00000000800010C4] -> 0x3483
mem[X,0x00000000800010C6] -> 0x2781
[1119] [M]: 0x00000000800010C4 (0x27813483) ld x9, 0x278(x2)                        resto_Mrtn+12
mem[R,0x0000000080003278] -> 0x0000030000000254
x9 <- 0x0000030000000254

clint mtime 0x0000000000000230 (mip.MTI <- 0b1, mip.STI <- 0b0)
mem[X,0x00000000800010C8] -> 0x3503
mem[X,0x00000000800010CA] -> 0x2801
[1120] [M]: 0x00000000800010C8 (0x28013503) ld x10, 0x280(x2)                       resto_Mrtn+16
mem[R,0x0000000080003280] -> 0x00000000200014C9
x10 <- 0x00000000200014C9

mem[X,0x00000000800010CC] -> 0x3583
mem[X,0x00000000800010CE] -> 0x2881
[1121] [M]: 0x00000000800010CC (0x28813583) ld x11, 0x288(x2)                       resto_Mrtn+20
mem[R,0x0000000080003288] -> 0x00000000000000C9
x11 <- 0x00000000000000C9

clint mtime 0x0000000000000231 (mip.MTI <- 0b1, mip.STI <- 0b0)
mem[X,0x00000000800010D0] -> 0x3103
mem[X,0x00000000800010D2] -> 0x2901
[1122] [M]: 0x00000000800010D0 (0x29013103) ld x2, 0x290(x2)                        resto_Mrtn+24
mem[R,0x0000000080003290] -> 0x0000000000000000
x2 <- 0x0000000000000000

mem[X,0x00000000800010D4] -> 0x0073
mem[X,0x00000000800010D6] -> 0x3020
[1123] [M]: 0x00000000800010D4 (0x30200073) mret                                    resto_Mrtn+28
CSR mstatus (0x300) <- 0x0000000A00000080
ret-ing from M to M

clint mtime 0x0000000000000232 (mip.MTI <- 0b1, mip.STI <- 0b0)
mem[X,0x0000000080000BC0] -> 0x3483
mem[X,0x0000000080000BC2] -> 0x2483
[1124] [M]: 0x0000000080000BC0 (0x24833483) ld x9, 0x248(x6)                        resto_Sxtvec+0
trapping from M to M to handle load-access-fault
handling exc#load-access-fault at priv M with tval 0xFFFFFFFF7FFFF978
CSR mstatus (0x300) <- 0x0000000A00001800
CSR mcause (0x342) <- 0x0000000000000005
CSR mtval (0x343) <- 0xFFFFFFFF7FFFF978
CSR mepc (0x341) <- 0x0000000080000BC0

mem[X,0x0000000080000C80] -> 0x006F
mem[X,0x0000000080000C82] -> 0x1000
[1125] [M]: 0x0000000080000C80 (0x1000006F) jal x0, 0x100                           Mtrampoline+0

clint mtime 0x0000000000000233 (mip.MTI <- 0b1, mip.STI <- 0b0)
mem[X,0x0000000080000D80] -> 0x1173
mem[X,0x0000000080000D82] -> 0x3401
[1126] [M]: 0x0000000080000D80 (0x34011173) csrrw x2, mscratch, x2                  trap_Mhandler+0
CSR mscratch (0x340) <- 0x0000000000000000
x2 <- 0x0000000080003000

mem[X,0x0000000080000D84] -> 0x3423
mem[X,0x0000000080000D86] -> 0x28B1
[1127] [M]: 0x0000000080000D84 (0x28B13423) sd x11, 0x288(x2)                       trap_Mhandler+4
mem[W,0x0000000080003288] <- 0x00000000000000C9

clint mtime 0x0000000000000234 (mip.MTI <- 0b1, mip.STI <- 0b0)
mem[X,0x0000000080000D88] -> 0x05EF
mem[X,0x0000000080000D8A] -> 0x0B80
[1128] [M]: 0x0000000080000D88 (0x0B8005EF) jal x11, 0xb8                           trap_Mhandler+8
x11 <- 0x0000000080000D8C

mem[X,0x0000000080000E40] -> 0x3023
mem[X,0x0000000080000E42] -> 0x28A1
[1129] [M]: 0x0000000080000E40 (0x28A13023) sd x10, 0x280(x2)                       common_Mhandler+0
mem[W,0x0000000080003280] <- 0x00000000200014C9

clint mtime 0x0000000000000235 (mip.MTI <- 0b1, mip.STI <- 0b0)
mem[X,0x0000000080000E44] -> 0x1573
mem[X,0x0000000080000E46] -> 0x3401
[1130] [M]: 0x0000000080000E44 (0x34011573) csrrw x10, mscratch, x2                 common_Mhandler+4
CSR mscratch (0x340) <- 0x0000000080003000
x10 <- 0x0000000000000000

mem[X,0x0000000080000E48] -> 0x3823
mem[X,0x0000000080000E4A] -> 0x28A1
[1131] [M]: 0x0000000080000E48 (0x28A13823) sd x10, 0x290(x2)                       common_Mhandler+8
mem[W,0x0000000080003290] <- 0x0000000000000000

clint mtime 0x0000000000000236 (mip.MTI <- 0b1, mip.STI <- 0b0)
mem[X,0x0000000080000E4C] -> 0x3503
mem[X,0x0000000080000E4E] -> 0x2301
[1132] [M]: 0x0000000080000E4C (0x23013503) ld x10, 0x230(x2)                       common_Mhandler+12
mem[R,0x0000000080003230] -> 0x0000000080000E54
x10 <- 0x0000000080000E54

mem[X,0x0000000080000E50] -> 0x0067
mem[X,0x0000000080000E52] -> 0x0005
[1133] [M]: 0x0000000080000E50 (0x00050067) jalr x0, 0x0(x10)                       common_Mhandler+16

clint mtime 0x0000000000000237 (mip.MTI <- 0b1, mip.STI <- 0b0)
mem[X,0x0000000080000E54] -> 0x3C23
mem[X,0x0000000080000E56] -> 0x2691
[1134] [M]: 0x0000000080000E54 (0x26913C23) sd x9, 0x278(x2)                        common_Mentry+0
mem[W,0x0000000080003278] <- 0x0000030000000254

mem[X,0x0000000080000E58] -> 0x3823
mem[X,0x0000000080000E5A] -> 0x2681
[1135] [M]: 0x0000000080000E58 (0x26813823) sd x8, 0x270(x2)                        common_Mentry+4
mem[W,0x0000000080003270] <- 0x0000000000007F76

clint mtime 0x0000000000000238 (mip.MTI <- 0b1, mip.STI <- 0b0)
mem[X,0x0000000080000E5C] -> 0x3423
mem[X,0x0000000080000E5E] -> 0x2671
[1136] [M]: 0x0000000080000E5C (0x26713423) sd x7, 0x268(x2)                        common_Mentry+8
mem[W,0x0000000080003268] <- 0x0000000080000BB0

mem[X,0x0000000080000E60] -> 0x3023
mem[X,0x0000000080000E62] -> 0x2661
[1137] [M]: 0x0000000080000E60 (0x26613023) sd x6, 0x260(x2)                        common_Mentry+12
mem[W,0x0000000080003260] <- 0xFFFFFFFF7FFFF730

clint mtime 0x0000000000000239 (mip.MTI <- 0b1, mip.STI <- 0b0)
mem[X,0x0000000080000E64] -> 0x2573
mem[X,0x0000000080000E66] -> 0x3420
[1138] [M]: 0x0000000080000E64 (0x34202573) csrrs x10, mcause, x0                   spcl_M2mmode_test+0
CSR mcause (0x342) -> 0x0000000000000005
x10 <- 0x0000000000000005

mem[X,0x0000000080000E68] -> 0x04B7
mem[X,0x0000000080000E6A] -> 0x8000
[1139] [M]: 0x0000000080000E68 (0x800004B7) lui x9, -0x80000                        spcl_M2mmode_test+4
x9 <- 0xFFFFFFFF80000000

clint mtime 0x000000000000023A (mip.MTI <- 0b1, mip.STI <- 0b0)
mem[X,0x0000000080000E6C] -> 0x8493
mem[X,0x0000000080000E6E] -> 0x0004
[1140] [M]: 0x0000000080000E6C (0x00048493) addi x9, x9, 0x0                        spcl_M2mmode_test+8
x9 <- 0xFFFFFFFF80000000

mem[X,0x0000000080000E70] -> 0x9493
mem[X,0x0000000080000E72] -> 0x00B4
[1141] [M]: 0x0000000080000E70 (0x00B49493) slli x9, x9, 0xb                        spcl_M2mmode_test+12
x9 <- 0xFFFFFC0000000000

clint mtime 0x000000000000023B (mip.MTI <- 0b1, mip.STI <- 0b0)
mem[X,0x0000000080000E74] -> 0x8493
mem[X,0x0000000080000E76] -> 0x0004
[1142] [M]: 0x0000000080000E74 (0x00048493) addi x9, x9, 0x0                        spcl_M2mmode_test+16
x9 <- 0xFFFFFC0000000000

mem[X,0x0000000080000E78] -> 0x9493
mem[X,0x0000000080000E7A] -> 0x00B4
[1143] [M]: 0x0000000080000E78 (0x00B49493) slli x9, x9, 0xb                        spcl_M2mmode_test+20
x9 <- 0xFFE0000000000000

clint mtime 0x000000000000023C (mip.MTI <- 0b1, mip.STI <- 0b0)
mem[X,0x0000000080000E7C] -> 0x8493
mem[X,0x0000000080000E7E] -> 0x0034
[1144] [M]: 0x0000000080000E7C (0x00348493) addi x9, x9, 0x3                        spcl_M2mmode_test+24
x9 <- 0xFFE0000000000003

mem[X,0x0000000080000E80] -> 0x9493
mem[X,0x0000000080000E82] -> 0x00A4
[1145] [M]: 0x0000000080000E80 (0x00A49493) slli x9, x9, 0xa                        spcl_M2mmode_test+28
x9 <- 0x8000000000000C00

clint mtime 0x000000000000023D (mip.MTI <- 0b1, mip.STI <- 0b0)
mem[X,0x0000000080000E84] -> 0x8493
mem[X,0x0000000080000E86] -> 0x3FC4
[1146] [M]: 0x0000000080000E84 (0x3FC48493) addi x9, x9, 0x3fc                      spcl_M2mmode_test+32
x9 <- 0x8000000000000FFC

mem[X,0x0000000080000E88] -> 0xF4B3
mem[X,0x0000000080000E8A] -> 0x00A4
[1147] [M]: 0x0000000080000E88 (0x00A4F4B3) and x9, x9, x10                         spcl_M2mmode_test+36
x9 <- 0x0000000000000004

clint mtime 0x000000000000023E (mip.MTI <- 0b1, mip.STI <- 0b0)
mem[X,0x0000000080000E8C] -> 0x8493
mem[X,0x0000000080000E8E] -> 0xFF84
[1148] [M]: 0x0000000080000E8C (0xFF848493) addi x9, x9, -0x8                       spcl_M2mmode_test+40
x9 <- 0xFFFFFFFFFFFFFFFC

mem[X,0x0000000080000E90] -> 0x9663
mem[X,0x0000000080000E92] -> 0x0004
[1149] [M]: 0x0000000080000E90 (0x00049663) bne x9, x0, 0xc                         spcl_M2mmode_test+44

clint mtime 0x000000000000023F (mip.MTI <- 0b1, mip.STI <- 0b0)
mem[X,0x0000000080000E9C] -> 0x0393
mem[X,0x0000000080000E9E] -> 0x0200
[1150] [M]: 0x0000000080000E9C (0x02000393) addi x7, x0, 0x20                       Mtrapsig_ptr_upd+0
x7 <- 0x0000000000000020

mem[X,0x0000000080000EA0] -> 0x5263
mem[X,0x0000000080000EA2] -> 0x0405
[1151] [M]: 0x0000000080000EA0 (0x04055263) bge x10, x0, 0x44                       Mtrapsig_ptr_upd+4

clint mtime 0x0000000000000240 (mip.MTI <- 0b1, mip.STI <- 0b0)
mem[X,0x0000000080000EE4] -> 0x2373
mem[X,0x0000000080000EE6] -> 0x3010
[1152] [M]: 0x0000000080000EE4 (0x30102373) csrrs x6, misa, x0                      Mxcpt_sig_sv+0
CSR misa (0x301) -> 0x800000000034112F
x6 <- 0x800000000034112F

mem[X,0x0000000080000EE8] -> 0x1313
mem[X,0x0000000080000EEA] -> 0x0383
[1153] [M]: 0x0000000080000EE8 (0x03831313) slli x6, x6, 0x38                       Mxcpt_sig_sv+4
x6 <- 0x2F00000000000000

clint mtime 0x0000000000000241 (mip.MTI <- 0b1, mip.STI <- 0b0)
mem[X,0x0000000080000EEC] -> 0x5463
mem[X,0x0000000080000EEE] -> 0x0003
[1154] [M]: 0x0000000080000EEC (0x00035463) bge x6, x0, 0x8                         Mxcpt_sig_sv+8

mem[X,0x0000000080000EF4] -> 0x3303
mem[X,0x0000000080000EF6] -> 0x2181
[1155] [M]: 0x0000000080000EF4 (0x21813303) ld x6, 0x218(x2)                        Mtrap_sig_sv+0
mem[R,0x0000000080003218] -> 0x000000008000A378
x6 <- 0x000000008000A378

clint mtime 0x0000000000000242 (mip.MTI <- 0b1, mip.STI <- 0b0)
mem[X,0x0000000080000EF8] -> 0x04B3
mem[X,0x0000000080000EFA] -> 0x0073
[1156] [M]: 0x0000000080000EF8 (0x007304B3) add x9, x6, x7                          Mtrap_sig_sv+4
x9 <- 0x000000008000A398

mem[X,0x0000000080000EFC] -> 0x3C23
mem[X,0x0000000080000EFE] -> 0x2091
[1157] [M]: 0x0000000080000EFC (0x20913C23) sd x9, 0x218(x2)                        Mtrap_sig_sv+8
mem[W,0x0000000080003218] <- 0x000000008000A398

clint mtime 0x0000000000000243 (mip.MTI <- 0b1, mip.STI <- 0b0)
mem[X,0x0000000080000F00] -> 0x3403
mem[X,0x0000000080000F02] -> 0x1F81
[1158] [M]: 0x0000000080000F00 (0x1F813403) ld x8, 0x1f8(x2)                        Mtrap_sig_sv+12
mem[R,0x00000000800031F8] -> 0x000000008000A110
x8 <- 0x000000008000A110

mem[X,0x0000000080000F04] -> 0x0333
mem[X,0x0000000080000F06] -> 0x4083
[1159] [M]: 0x0000000080000F04 (0x40830333) sub x6, x6, x8                          Mtrap_sig_sv+16
x6 <- 0x0000000000000268

clint mtime 0x0000000000000244 (mip.MTI <- 0b1, mip.STI <- 0b0)
mem[X,0x0000000080000F08] -> 0x3403
mem[X,0x0000000080000F0A] -> 0x1F81
[1160] [M]: 0x0000000080000F08 (0x1F813403) ld x8, 0x1f8(x2)                        Mtrap_sig_sv+20
mem[R,0x00000000800031F8] -> 0x000000008000A110
x8 <- 0x000000008000A110

mem[X,0x0000000080000F0C] -> 0x0333
mem[X,0x0000000080000F0E] -> 0x0083
[1161] [M]: 0x0000000080000F0C (0x00830333) add x6, x6, x8                          Mtrap_sig_sv+24
x6 <- 0x000000008000A378

clint mtime 0x0000000000000245 (mip.MTI <- 0b1, mip.STI <- 0b0)
mem[X,0x0000000080000F10] -> 0x3403
mem[X,0x0000000080000F12] -> 0x2401
[1162] [M]: 0x0000000080000F10 (0x24013403) ld x8, 0x240(x2)                        Mtrap_sig_sv+28
mem[R,0x0000000080003240] -> 0x0000000080000C80
x8 <- 0x0000000080000C80

mem[X,0x0000000080000F14] -> 0x85B3
mem[X,0x0000000080000F16] -> 0x4085
[1163] [M]: 0x0000000080000F14 (0x408585B3) sub x11, x11, x8                        sv_Mvect+0
x11 <- 0x000000000000010C

clint mtime 0x0000000000000246 (mip.MTI <- 0b1, mip.STI <- 0b0)
mem[X,0x0000000080000F18] -> 0x9593
mem[X,0x0000000080000F1A] -> 0x0045
[1164] [M]: 0x0000000080000F18 (0x00459593) slli x11, x11, 0x4                      sv_Mvect+4
x11 <- 0x00000000000010C0

mem[X,0x0000000080000F1C] -> 0xE5B3
mem[X,0x0000000080000F1E] -> 0x0075
[1165] [M]: 0x0000000080000F1C (0x0075E5B3) or x11, x11, x7                         sv_Mvect+8
x11 <- 0x00000000000010E0

clint mtime 0x0000000000000247 (mip.MTI <- 0b1, mip.STI <- 0b0)
mem[X,0x0000000080000F20] -> 0x8593
mem[X,0x0000000080000F22] -> 0x0035
[1166] [M]: 0x0000000080000F20 (0x00358593) addi x11, x11, 0x3                      sv_Mvect+12
x11 <- 0x00000000000010E3

mem[X,0x0000000080000F24] -> 0x3023
mem[X,0x0000000080000F26] -> 0x00B3
[1167] [M]: 0x0000000080000F24 (0x00B33023) sd x11, 0x0(x6)                         sv_Mvect+16
mem[W,0x000000008000A378] <- 0x00000000000010E3

clint mtime 0x0000000000000248 (mip.MTI <- 0b1, mip.STI <- 0b0)
mem[X,0x0000000080000F28] -> 0x3423
mem[X,0x0000000080000F2A] -> 0x00A3
[1168] [M]: 0x0000000080000F28 (0x00A33423) sd x10, 0x8(x6)                         sv_Mcause+0
mem[W,0x000000008000A380] <- 0x0000000000000005

mem[X,0x0000000080000F2C] -> 0x4663
mem[X,0x0000000080000F2E] -> 0x1A05
[1169] [M]: 0x0000000080000F2C (0x1A054663) blt x10, x0, 0x1ac                      sv_Mcause+4

clint mtime 0x0000000000000249 (mip.MTI <- 0b1, mip.STI <- 0b0)
mem[X,0x0000000080000F30] -> 0x25F3
mem[X,0x0000000080000F32] -> 0x3000
[1170] [M]: 0x0000000080000F30 (0x300025F3) csrrs x11, mstatus, x0                  common_Mexcpt_handler+0
CSR mstatus (0x300) -> 0x0000000A00001800
x11 <- 0x0000000A00001800

mem[X,0x0000000080000F34] -> 0x9413
mem[X,0x0000000080000F36] -> 0x02E5
[1171] [M]: 0x0000000080000F34 (0x02E59413) slli x8, x11, 0x2e                      common_Mexcpt_handler+4
x8 <- 0x0600000000000000

clint mtime 0x000000000000024A (mip.MTI <- 0b1, mip.STI <- 0b0)
mem[X,0x0000000080000F38] -> 0x5463
mem[X,0x0000000080000F3A] -> 0x0004
[1172] [M]: 0x0000000080000F38 (0x00045463) bge x8, x0, 0x8                         common_Mexcpt_handler+8

mem[X,0x0000000080000F40] -> 0xD493
mem[X,0x0000000080000F42] -> 0x00B5
[1173] [M]: 0x0000000080000F40 (0x00B5D493) srli x9, x11, 0xb                       common_Mexcpt_handler+16
x9 <- 0x0000000001400003

clint mtime 0x000000000000024B (mip.MTI <- 0b1, mip.STI <- 0b0)
mem[X,0x0000000080000F44] -> 0xF493
mem[X,0x0000000080000F46] -> 0x0034
[1174] [M]: 0x0000000080000F44 (0x0034F493) andi x9, x9, 0x3                        common_Mexcpt_handler+20
x9 <- 0x0000000000000003

mem[X,0x0000000080000F48] -> 0x8493
mem[X,0x0000000080000F4A] -> 0x0014
[1175] [M]: 0x0000000080000F48 (0x00148493) addi x9, x9, 0x1                        common_Mexcpt_handler+24
x9 <- 0x0000000000000004

clint mtime 0x000000000000024C (mip.MTI <- 0b1, mip.STI <- 0b0)
mem[X,0x0000000080000F4C] -> 0xF493
mem[X,0x0000000080000F4E] -> 0x0044
[1176] [M]: 0x0000000080000F4C (0x0044F493) andi x9, x9, 0x4                        common_Mexcpt_handler+28
x9 <- 0x0000000000000004

mem[X,0x0000000080000F50] -> 0x0593
mem[X,0x0000000080000F52] -> 0x05D0
[1177] [M]: 0x0000000080000F50 (0x05D00593) addi x11, x0, 0x5d                      common_Mexcpt_handler+32
x11 <- 0x000000000000005D

clint mtime 0x000000000000024D (mip.MTI <- 0b1, mip.STI <- 0b0)
mem[X,0x0000000080000F54] -> 0xD5B3
mem[X,0x0000000080000F56] -> 0x0095
[1178] [M]: 0x0000000080000F54 (0x0095D5B3) srl x11, x11, x9                        common_Mexcpt_handler+36
x11 <- 0x0000000000000005

mem[X,0x0000000080000F58] -> 0xF593
mem[X,0x0000000080000F5A] -> 0x0015
[1179] [M]: 0x0000000080000F58 (0x0015F593) andi x11, x11, 0x1                      common_Mexcpt_handler+40
x11 <- 0x0000000000000001

clint mtime 0x000000000000024E (mip.MTI <- 0b1, mip.STI <- 0b0)
mem[X,0x0000000080000F5C] -> 0x8EE3
mem[X,0x0000000080000F5E] -> 0xF405
[1180] [M]: 0x0000000080000F5C (0xF4058EE3) beq x11, x0, -0xa4                      common_Mexcpt_handler+44

mem[X,0x0000000080000F60] -> 0x0593
mem[X,0x0000000080000F62] -> 0x2980
[1181] [M]: 0x0000000080000F60 (0x29800593) addi x11, x0, 0x298                     common_Mexcpt_handler+48
x11 <- 0x0000000000000298

clint mtime 0x000000000000024F (mip.MTI <- 0b1, mip.STI <- 0b0)
mem[X,0x0000000080000F64] -> 0xF413
mem[X,0x0000000080000F66] -> 0x0014
[1182] [M]: 0x0000000080000F64 (0x0014F413) andi x8, x9, 0x1                        common_Mexcpt_handler+52
x8 <- 0x0000000000000000

mem[X,0x0000000080000F68] -> 0x95B3
mem[X,0x0000000080000F6A] -> 0x0085
[1183] [M]: 0x0000000080000F68 (0x008595B3) sll x11, x11, x8                        common_Mexcpt_handler+56
x11 <- 0x0000000000000298

clint mtime 0x0000000000000250 (mip.MTI <- 0b1, mip.STI <- 0b0)
mem[X,0x0000000080000F6C] -> 0x9413
mem[X,0x0000000080000F6E] -> 0x03D4
[1184] [M]: 0x0000000080000F6C (0x03D49413) slli x8, x9, 0x3d                       common_Mexcpt_handler+60
x8 <- 0x8000000000000000

mem[X,0x0000000080000F70] -> 0x5413
mem[X,0x0000000080000F72] -> 0x43F4
[1185] [M]: 0x0000000080000F70 (0x43F45413) srai x8, x8, 0x3f                       common_Mexcpt_handler+64
x8 <- 0xFFFFFFFFFFFFFFFF

clint mtime 0x0000000000000251 (mip.MTI <- 0b1, mip.STI <- 0b0)
mem[X,0x0000000080000F74] -> 0x4413
mem[X,0x0000000080000F76] -> 0xFFF4
[1186] [M]: 0x0000000080000F74 (0xFFF44413) xori x8, x8, -0x1                       common_Mexcpt_handler+68
x8 <- 0x0000000000000000

mem[X,0x0000000080000F78] -> 0xF4B3
mem[X,0x0000000080000F7A] -> 0x0085
[1187] [M]: 0x0000000080000F78 (0x0085F4B3) and x9, x11, x8                         common_Mexcpt_handler+72
x9 <- 0x0000000000000000

clint mtime 0x0000000000000252 (mip.MTI <- 0b1, mip.STI <- 0b0)
mem[X,0x0000000080000F7C] -> 0x84B3
mem[X,0x0000000080000F7E] -> 0x0024
[1188] [M]: 0x0000000080000F7C (0x002484B3) add x9, x9, x2                          vmem_adj_Mepc+0
x9 <- 0x0000000080003000

mem[X,0x0000000080000F80] -> 0x23F3
mem[X,0x0000000080000F82] -> 0x3410
[1189] [M]: 0x0000000080000F80 (0x341023F3) csrrs x7, mepc, x0                      vmem_adj_Mepc+4
CSR mepc (0x341) -> 0x0000000080000BC0
x7 <- 0x0000000080000BC0

clint mtime 0x0000000000000253 (mip.MTI <- 0b1, mip.STI <- 0b0)
mem[X,0x0000000080000F84] -> 0x0413
mem[X,0x0000000080000F86] -> 0x0004
[1190] [M]: 0x0000000080000F84 (0x00040413) addi x8, x8, 0x0                        vmem_adj_Mepc+8
x8 <- 0x0000000000000000

mem[X,0x0000000080000F88] -> 0x006F
mem[X,0x0000000080000F8A] -> 0x0400
[1191] [M]: 0x0000000080000F88 (0x0400006F) jal x0, 0x40                            vmem_adj_Mepc+12

clint mtime 0x0000000000000254 (mip.MTI <- 0b1, mip.STI <- 0b0)
mem[X,0x0000000080000FC8] -> 0x8433
mem[X,0x0000000080000FCA] -> 0x4083
[1192] [M]: 0x0000000080000FC8 (0x40838433) sub x8, x7, x8                          adj_Mepc+0
x8 <- 0x0000000080000BC0

mem[X,0x0000000080000FCC] -> 0x3823
mem[X,0x0000000080000FCE] -> 0x0083
[1193] [M]: 0x0000000080000FCC (0x00833823) sd x8, 0x10(x6)                         sv_Mepc+0
mem[W,0x000000008000A388] <- 0x0000000080000BC0

clint mtime 0x0000000000000255 (mip.MTI <- 0b1, mip.STI <- 0b0)
mem[X,0x0000000080000FD0] -> 0x55B7
mem[X,0x0000000080000FD2] -> 0x0000
[1194] [M]: 0x0000000080000FD0 (0x000055B7) lui x11, 0x5                            sv_Mepc+4
x11 <- 0x0000000000005000

mem[X,0x0000000080000FD4] -> 0x8593
mem[X,0x0000000080000FD6] -> 0x6675
[1195] [M]: 0x0000000080000FD4 (0x66758593) addi x11, x11, 0x667                    sv_Mepc+8
x11 <- 0x0000000000005667

clint mtime 0x0000000000000256 (mip.MTI <- 0b1, mip.STI <- 0b0)
mem[X,0x0000000080000FD8] -> 0x9593
mem[X,0x0000000080000FDA] -> 0x0015
[1196] [M]: 0x0000000080000FD8 (0x00159593) slli x11, x11, 0x1                      sv_Mepc+12
x11 <- 0x000000000000ACCE

mem[X,0x0000000080000FDC] -> 0x9063
mem[X,0x0000000080000FDE] -> 0x02B1
[1197] [M]: 0x0000000080000FDC (0x02B19063) bne x3, x11, 0x20                       sv_Mepc+16

clint mtime 0x0000000000000257 (mip.MTI <- 0b1, mip.STI <- 0b0)
mem[X,0x0000000080000FE0] -> 0x2473
mem[X,0x0000000080000FE2] -> 0x3420
[1198] [M]: 0x0000000080000FE0 (0x34202473) csrrs x8, mcause, x0                    sv_Mepc+20
CSR mcause (0x342) -> 0x0000000000000005
x8 <- 0x0000000000000005

mem[X,0x0000000080000FE4] -> 0x0593
mem[X,0x0000000080000FE6] -> 0x00C0
[1199] [M]: 0x0000000080000FE4 (0x00C00593) addi x11, x0, 0xc                       sv_Mepc+24
x11 <- 0x000000000000000C

clint mtime 0x0000000000000258 (mip.MTI <- 0b1, mip.STI <- 0b0)
mem[X,0x0000000080000FE8] -> 0x0663
mem[X,0x0000000080000FEA] -> 0x00B4
[1200] [M]: 0x0000000080000FE8 (0x00B40663) beq x8, x11, 0xc                        sv_Mepc+28

mem[X,0x0000000080000FEC] -> 0x0593
mem[X,0x0000000080000FEE] -> 0x0010
[1201] [M]: 0x0000000080000FEC (0x00100593) addi x11, x0, 0x1                       sv_Mepc+32
x11 <- 0x0000000000000001

clint mtime 0x0000000000000259 (mip.MTI <- 0b1, mip.STI <- 0b0)
mem[X,0x0000000080000FF0] -> 0x1663
mem[X,0x0000000080000FF2] -> 0x00B4
[1202] [M]: 0x0000000080000FF0 (0x00B41663) bne x8, x11, 0xc                        sv_Mepc+36

mem[X,0x0000000080000FFC] -> 0xF593
mem[X,0x0000000080000FFE] -> 0xFFC3
[1203] [M]: 0x0000000080000FFC (0xFFC3F593) andi x11, x7, -0x4                      adj_Mepc_rtn+0
x11 <- 0x0000000080000BC0

clint mtime 0x000000000000025A (mip.MTI <- 0b1, mip.STI <- 0b0)
mem[X,0x0000000080001000] -> 0x8593
mem[X,0x0000000080001002] -> 0x0085
[1204] [M]: 0x0000000080001000 (0x00858593) addi x11, x11, 0x8                      adj_Mepc_rtn+4
x11 <- 0x0000000080000BC8

mem[X,0x0000000080001004] -> 0x9073
mem[X,0x0000000080001006] -> 0x3415
[1205] [M]: 0x0000000080001004 (0x34159073) csrrw x0, mepc, x11                     adj_Mepc_rtn+8
CSR mepc (0x341) <- 0x0000000080000BC8

clint mtime 0x000000000000025B (mip.MTI <- 0b1, mip.STI <- 0b0)
mem[X,0x0000000080001008] -> 0x23F3
mem[X,0x000000008000100A] -> 0x3430
[1206] [M]: 0x0000000080001008 (0x343023F3) csrrs x7, mtval, x0                     skp_adj_Mepc+0
CSR mtval (0x343) -> 0xFFFFFFFF7FFFF978
x7 <- 0xFFFFFFFF7FFFF978

mem[X,0x000000008000100C] -> 0x0413
mem[X,0x000000008000100E] -> 0x0004
[1207] [M]: 0x000000008000100C (0x00040413) addi x8, x8, 0x0                        skp_adj_Mepc+4
x8 <- 0x0000000000000005

clint mtime 0x000000000000025C (mip.MTI <- 0b1, mip.STI <- 0b0)
mem[X,0x0000000080001010] -> 0x006F
mem[X,0x0000000080001012] -> 0x0840
[1208] [M]: 0x0000000080001010 (0x0840006F) jal x0, 0x84                            skp_adj_Mepc+8

mem[X,0x0000000080001094] -> 0x8433
mem[X,0x0000000080001096] -> 0x4083
[1209] [M]: 0x0000000080001094 (0x40838433) sub x8, x7, x8                          adj_Mtval+0
x8 <- 0xFFFFFFFF7FFFF973

clint mtime 0x000000000000025D (mip.MTI <- 0b1, mip.STI <- 0b0)
mem[X,0x0000000080001098] -> 0x3C23
mem[X,0x000000008000109A] -> 0x0083
[1210] [M]: 0x0000000080001098 (0x00833C23) sd x8, 0x18(x6)                         sv_Mtval+0
mem[W,0x000000008000A390] <- 0xFFFFFFFF7FFFF973

mem[X,0x000000008000109C] -> 0x3483
mem[X,0x000000008000109E] -> 0x2181
[1211] [M]: 0x000000008000109C (0x21813483) ld x9, 0x218(x2)                        skp_Mtval+0
mem[R,0x0000000080003218] -> 0x000000008000A398
x9 <- 0x000000008000A398

clint mtime 0x000000000000025E (mip.MTI <- 0b1, mip.STI <- 0b0)
mem[X,0x00000000800010A0] -> 0x3383
mem[X,0x00000000800010A2] -> 0x1F81
[1212] [M]: 0x00000000800010A0 (0x1F813383) ld x7, 0x1f8(x2)                        skp_Mtval+4
mem[R,0x00000000800031F8] -> 0x000000008000A110
x7 <- 0x000000008000A110

mem[X,0x00000000800010A4] -> 0x3303
mem[X,0x00000000800010A6] -> 0x2001
[1213] [M]: 0x00000000800010A4 (0x20013303) ld x6, 0x200(x2)                        skp_Mtval+8
mem[R,0x0000000080003200] -> 0x0000000000000410
x6 <- 0x0000000000000410

clint mtime 0x000000000000025F (mip.MTI <- 0b1, mip.STI <- 0b0)
mem[X,0x00000000800010A8] -> 0x0333
mem[X,0x00000000800010AA] -> 0x0073
[1214] [M]: 0x00000000800010A8 (0x00730333) add x6, x6, x7                          skp_Mtval+12
x6 <- 0x000000008000A520

mem[X,0x00000000800010AC] -> 0x6CE3
mem[X,0x00000000800010AE] -> 0xAE93
[1215] [M]: 0x00000000800010AC (0xAE936CE3) bltu x6, x9, -0x508                     skp_Mtval+16

clint mtime 0x0000000000000260 (mip.MTI <- 0b1, mip.STI <- 0b0)
mem[X,0x00000000800010B0] -> 0x0393
mem[X,0x00000000800010B2] -> 0x2000
[1216] [M]: 0x00000000800010B0 (0x20000393) addi x7, x0, 0x200                      skp_Mtval+20
x7 <- 0x0000000000000200

mem[X,0x00000000800010B4] -> 0x006F
mem[X,0x00000000800010B6] -> 0x0400
[1217] [M]: 0x00000000800010B4 (0x0400006F) jal x0, 0x40                            skp_Mtval+24

clint mtime 0x0000000000000261 (mip.MTI <- 0b1, mip.STI <- 0b0)
mem[X,0x00000000800010F4] -> 0x0417
mem[X,0x00000000800010F6] -> 0x0000
[1218] [M]: 0x00000000800010F4 (0x00000417) auipc x8, 0x0                           spcl_Mhandler+0
x8 <- 0x00000000800010F4

mem[X,0x00000000800010F8] -> 0x0413
mem[X,0x00000000800010FA] -> 0x03C4
[1219] [M]: 0x00000000800010F8 (0x03C40413) addi x8, x8, 0x3c                       spcl_Mhandler+4
x8 <- 0x0000000080001130

clint mtime 0x0000000000000262 (mip.MTI <- 0b1, mip.STI <- 0b0)
mem[X,0x00000000800010FC] -> 0x0433
mem[X,0x00000000800010FE] -> 0x0074
[1220] [M]: 0x00000000800010FC (0x00740433) add x8, x8, x7                          spcl_Mhandler+8
x8 <- 0x0000000080001330

mem[X,0x0000000080001100] -> 0x1393
mem[X,0x0000000080001102] -> 0x0035
[1221] [M]: 0x0000000080001100 (0x00351393) slli x7, x10, 0x3                       spcl_Mhandler+12
x7 <- 0x0000000000000028

clint mtime 0x0000000000000263 (mip.MTI <- 0b1, mip.STI <- 0b0)
mem[X,0x0000000080001104] -> 0x0433
mem[X,0x0000000080001106] -> 0x0074
[1222] [M]: 0x0000000080001104 (0x00740433) add x8, x8, x7                          spcl_Mhandler+16
x8 <- 0x0000000080001358

mem[X,0x0000000080001108] -> 0x7413
mem[X,0x000000008000110A] -> 0xFF84
[1223] [M]: 0x0000000080001108 (0xFF847413) andi x8, x8, -0x8                       spcl_Mhandler+20
x8 <- 0x0000000080001358

clint mtime 0x0000000000000264 (mip.MTI <- 0b1, mip.STI <- 0b0)
mem[X,0x000000008000110C] -> 0x3403
mem[X,0x000000008000110E] -> 0x0004
[1224] [M]: 0x000000008000110C (0x00043403) ld x8, 0x0(x8)                          spcl_Mhandler+24
mem[R,0x0000000080001358] -> 0x000000000000000B
x8 <- 0x000000000000000B

mem[X,0x0000000080001110] -> 0x04E3
mem[X,0x0000000080001112] -> 0xB204
[1225] [M]: 0x0000000080001110 (0xB20404E3) beq x8, x0, -0x4d8                      spcl_Mdispatch_hndling+0

clint mtime 0x0000000000000265 (mip.MTI <- 0b1, mip.STI <- 0b0)
mem[X,0x0000000080001114] -> 0x1393
mem[X,0x0000000080001116] -> 0x03F4
[1226] [M]: 0x0000000080001114 (0x03F41393) slli x7, x8, 0x3f                       spcl_Mdispatch_hndling+4
x7 <- 0x8000000000000000

mem[X,0x0000000080001118] -> 0xD863
mem[X,0x000000008000111A] -> 0x0003
[1227] [M]: 0x0000000080001118 (0x0003D863) bge x7, x0, 0x10                        spcl_Mdispatch_hndling+8

clint mtime 0x0000000000000266 (mip.MTI <- 0b1, mip.STI <- 0b0)
mem[X,0x000000008000111C] -> 0x5413
mem[X,0x000000008000111E] -> 0x0014
[1228] [M]: 0x000000008000111C (0x00145413) srli x8, x8, 0x1                        spcl_Mdispatch_hndling+12
x8 <- 0x0000000000000005

mem[X,0x0000000080001120] -> 0x0CE3
mem[X,0x0000000080001122] -> 0xF885
[1229] [M]: 0x0000000080001120 (0xF8850CE3) beq x10, x8, -0x68                      spcl_Mdispatch_hndling+16

clint mtime 0x0000000000000267 (mip.MTI <- 0b1, mip.STI <- 0b0)
mem[X,0x00000000800010B8] -> 0x3303
mem[X,0x00000000800010BA] -> 0x2601
[1230] [M]: 0x00000000800010B8 (0x26013303) ld x6, 0x260(x2)                        resto_Mrtn+0
mem[R,0x0000000080003260] -> 0xFFFFFFFF7FFFF730
x6 <- 0xFFFFFFFF7FFFF730

mem[X,0x00000000800010BC] -> 0x3383
mem[X,0x00000000800010BE] -> 0x2681
[1231] [M]: 0x00000000800010BC (0x26813383) ld x7, 0x268(x2)                        resto_Mrtn+4
mem[R,0x0000000080003268] -> 0x0000000080000BB0
x7 <- 0x0000000080000BB0

clint mtime 0x0000000000000268 (mip.MTI <- 0b1, mip.STI <- 0b0)
mem[X,0x00000000800010C0] -> 0x3403
mem[X,0x00000000800010C2] -> 0x2701
[1232] [M]: 0x00000000800010C0 (0x27013403) ld x8, 0x270(x2)                        resto_Mrtn+8
mem[R,0x0000000080003270] -> 0x0000000000007F76
x8 <- 0x0000000000007F76

mem[X,0x00000000800010C4] -> 0x3483
mem[X,0x00000000800010C6] -> 0x2781
[1233] [M]: 0x00000000800010C4 (0x27813483) ld x9, 0x278(x2)                        resto_Mrtn+12
mem[R,0x0000000080003278] -> 0x0000030000000254
x9 <- 0x0000030000000254

clint mtime 0x0000000000000269 (mip.MTI <- 0b1, mip.STI <- 0b0)
mem[X,0x00000000800010C8] -> 0x3503
mem[X,0x00000000800010CA] -> 0x2801
[1234] [M]: 0x00000000800010C8 (0x28013503) ld x10, 0x280(x2)                       resto_Mrtn+16
mem[R,0x0000000080003280] -> 0x00000000200014C9
x10 <- 0x00000000200014C9

mem[X,0x00000000800010CC] -> 0x3583
mem[X,0x00000000800010CE] -> 0x2881
[1235] [M]: 0x00000000800010CC (0x28813583) ld x11, 0x288(x2)                       resto_Mrtn+20
mem[R,0x0000000080003288] -> 0x00000000000000C9
x11 <- 0x00000000000000C9

clint mtime 0x000000000000026A (mip.MTI <- 0b1, mip.STI <- 0b0)
mem[X,0x00000000800010D0] -> 0x3103
mem[X,0x00000000800010D2] -> 0x2901
[1236] [M]: 0x00000000800010D0 (0x29013103) ld x2, 0x290(x2)                        resto_Mrtn+24
mem[R,0x0000000080003290] -> 0x0000000000000000
x2 <- 0x0000000000000000

mem[X,0x00000000800010D4] -> 0x0073
mem[X,0x00000000800010D6] -> 0x3020
[1237] [M]: 0x00000000800010D4 (0x30200073) mret                                    resto_Mrtn+28
CSR mstatus (0x300) <- 0x0000000A00000080
ret-ing from M to M

clint mtime 0x000000000000026B (mip.MTI <- 0b1, mip.STI <- 0b0)
mem[X,0x0000000080000BC8] -> 0xF493
mem[X,0x0000000080000BCA] -> 0xFFC4
[1238] [M]: 0x0000000080000BC8 (0xFFC4F493) andi x9, x9, -0x4                       resto_Sxtvec+8
x9 <- 0x0000030000000254

mem[X,0x0000000080000BCC] -> 0xF393
mem[X,0x0000000080000BCE] -> 0xFFC3
[1239] [M]: 0x0000000080000BCC (0xFFC3F393) andi x7, x7, -0x4                       resto_Sxtvec+12
x7 <- 0x0000000080000BB0

clint mtime 0x000000000000026C (mip.MTI <- 0b1, mip.STI <- 0b0)
mem[X,0x0000000080000BD0] -> 0x9063
mem[X,0x0000000080000BD2] -> 0x0274
[1240] [M]: 0x0000000080000BD0 (0x02749063) bne x9, x7, 0x20                        resto_Sxtvec+16

mem[X,0x0000000080000BF0] -> 0x2373
mem[X,0x0000000080000BF2] -> 0x3400
[1241] [M]: 0x0000000080000BF0 (0x34002373) csrrs x6, mscratch, x0                  rvtest_Send+0
CSR mscratch (0x340) -> 0x0000000080003000
x6 <- 0x0000000080003000

clint mtime 0x000000000000026D (mip.MTI <- 0b1, mip.STI <- 0b0)
mem[X,0x0000000080000BF4] -> 0x3383
mem[X,0x0000000080000BF6] -> 0x2383
[1242] [M]: 0x0000000080000BF4 (0x23833383) ld x7, 0x238(x6)                        resto_Medeleg+0
mem[R,0x0000000080003238] -> 0x0000000000000000
x7 <- 0x0000000000000000

mem[X,0x0000000080000BF8] -> 0x9073
mem[X,0x0000000080000BFA] -> 0x3023
[1243] [M]: 0x0000000080000BF8 (0x30239073) csrrw x0, medeleg, x7                   resto_Medeleg+4
CSR medeleg (0x302) <- 0x0000000000000000

clint mtime 0x000000000000026E (mip.MTI <- 0b1, mip.STI <- 0b0)
mem[X,0x0000000080000BFC] -> 0x3503
mem[X,0x0000000080000BFE] -> 0x2503
[1244] [M]: 0x0000000080000BFC (0x25033503) ld x10, 0x250(x6)                       resto_Mscratch+0
mem[R,0x0000000080003250] -> 0x0000000000000000
x10 <- 0x0000000000000000

mem[X,0x0000000080000C00] -> 0x1073
mem[X,0x0000000080000C02] -> 0x3405
[1245] [M]: 0x0000000080000C00 (0x34051073) csrrw x0, mscratch, x10                 resto_Mscratch+4
CSR mscratch (0x340) <- 0x0000000000000000

clint mtime 0x000000000000026F (mip.MTI <- 0b1, mip.STI <- 0b0)
mem[X,0x0000000080000C04] -> 0x3483
mem[X,0x0000000080000C06] -> 0x2483
[1246] [M]: 0x0000000080000C04 (0x24833483) ld x9, 0x248(x6)                        resto_Mxtvec+0
mem[R,0x0000000080003248] -> 0x0000000000000000
x9 <- 0x0000000000000000

mem[X,0x0000000080000C08] -> 0x93F3
mem[X,0x0000000080000C0A] -> 0x3054
[1247] [M]: 0x0000000080000C08 (0x305493F3) csrrw x7, mtvec, x9                     resto_Mxtvec+4
CSR mtvec (0x305) <- 0x0000000000000000
x7 <- 0x0000000080000C80

clint mtime 0x0000000000000270 (mip.MTI <- 0b1, mip.STI <- 0b0)
mem[X,0x0000000080000C0C] -> 0xF493
mem[X,0x0000000080000C0E] -> 0xFFC4
[1248] [M]: 0x0000000080000C0C (0xFFC4F493) andi x9, x9, -0x4                       resto_Mxtvec+8
x9 <- 0x0000000000000000

mem[X,0x0000000080000C10] -> 0xF393
mem[X,0x0000000080000C12] -> 0xFFC3
[1249] [M]: 0x0000000080000C10 (0xFFC3F393) andi x7, x7, -0x4                       resto_Mxtvec+12
x7 <- 0x0000000080000C80

clint mtime 0x0000000000000271 (mip.MTI <- 0b1, mip.STI <- 0b0)
mem[X,0x0000000080000C14] -> 0x9063
mem[X,0x0000000080000C16] -> 0x0274
[1250] [M]: 0x0000000080000C14 (0x02749063) bne x9, x7, 0x20                        resto_Mxtvec+16

mem[X,0x0000000080000C34] -> 0x106F
mem[X,0x0000000080000C36] -> 0x2780
[1251] [M]: 0x0000000080000C34 (0x2780106F) jal x0, 0x1278                          rvtest_Mend+0

clint mtime 0x0000000000000272 (mip.MTI <- 0b1, mip.STI <- 0b0)
mem[X,0x0000000080001EAC] -> 0x0093
mem[X,0x0000000080001EAE] -> 0x0010
[1252] [M]: 0x0000000080001EAC (0x00100093) addi x1, x0, 0x1                        exit_cleanup+0
x1 <- 0x0000000000000001

mem[X,0x0000000080001EB0] -> 0x0397
mem[X,0x0000000080001EB2] -> 0x0000
[1253] [M]: 0x0000000080001EB0 (0x00000397) auipc x7, 0x0                           exit_cleanup+4
x7 <- 0x0000000080001EB0

clint mtime 0x0000000000000273 (mip.MTI <- 0b1, mip.STI <- 0b0)
mem[X,0x0000000080001EB4] -> 0xA823
mem[X,0x0000000080001EB6] -> 0x1413
[1254] [M]: 0x0000000080001EB4 (0x1413A823) sw x1, 0x150(x7)                        exit_cleanup+8
htif[0x0000000080002000] <- 0x00000001
mem[W,0x0000000080002000] <- 0x00000001

mem[X,0x0000000080001EB8] -> 0xF06F
mem[X,0x0000000080001EBA] -> 0xFF9F
[1255] [M]: 0x0000000080001EB8 (0xFF9FF06F) jal x0, -0x8                            exit_cleanup+12

clint mtime 0x0000000000000274 (mip.MTI <- 0b1, mip.STI <- 0b0)
mem[X,0x0000000080001EB0] -> 0x0397
mem[X,0x0000000080001EB2] -> 0x0000
[1256] [M]: 0x0000000080001EB0 (0x00000397) auipc x7, 0x0                           exit_cleanup+4
x7 <- 0x0000000080001EB0

mem[X,0x0000000080001EB4] -> 0xA823
mem[X,0x0000000080001EB6] -> 0x1413
[1257] [M]: 0x0000000080001EB4 (0x1413A823) sw x1, 0x150(x7)                        exit_cleanup+8
htif[0x0000000080002000] <- 0x00000001
mem[W,0x0000000080002000] <- 0x00000001

clint mtime 0x0000000000000275 (mip.MTI <- 0b1, mip.STI <- 0b0)
mem[X,0x0000000080001EB8] -> 0xF06F
mem[X,0x0000000080001EBA] -> 0xFF9F
[1258] [M]: 0x0000000080001EB8 (0xFF9FF06F) jal x0, -0x8                            exit_cleanup+12

mem[X,0x0000000080001EB0] -> 0x0397
mem[X,0x0000000080001EB2] -> 0x0000
[1259] [M]: 0x0000000080001EB0 (0x00000397) auipc x7, 0x0                           exit_cleanup+4
x7 <- 0x0000000080001EB0

clint mtime 0x0000000000000276 (mip.MTI <- 0b1, mip.STI <- 0b0)
mem[X,0x0000000080001EB4] -> 0xA823
mem[X,0x0000000080001EB6] -> 0x1413
[1260] [M]: 0x0000000080001EB4 (0x1413A823) sw x1, 0x150(x7)                        exit_cleanup+8
htif[0x0000000080002000] <- 0x00000001
htif-syscall-proxy cmd: 0x000000000001
mem[W,0x0000000080002000] <- 0x00000001

SUCCESS
