using /opt/riscv-arch-test/riscof-plugins/rv64/riscof_work/I/src/jal-01.S/ref/Reference-sail_c_simulator.signature for test-signature output.
setting signature-granularity to 8 bytes
HTIF located at 0x80123000
begin_signature: 0x80125110
end_signature: 0x80125220
Entry point: 0x80000000
CSR mstatus (0x300) <- 0x0000000A00000000
CSR misa (0x301) <- 0x800000000034112F
CSR mcause (0x342) <- 0x0000000000000000
x10 <- 0x0000000000000000
x11 <- 0x0000000000001000
mem[X,0x0000000080000000] -> 0x0837
mem[X,0x0000000080000002] -> 0x7D5C
[0] [M]: 0x0000000080000000 (0x7D5C0837) lui x16, 0x7d5c0                           rvtest_init+0
x16 <- 0x000000007D5C0000

mem[X,0x0000000080000004] -> 0x0813
mem[X,0x0000000080000006] -> 0xDDB8
[1] [M]: 0x0000000080000004 (0xDDB80813) addi x16, x16, -0x225                      rvtest_init+4
x16 <- 0x000000007D5BFDDB

clint mtime 0x0000000000000001 (mip.MTI <- 0b1, mip.STI <- 0b0)
mem[X,0x0000000080000008] -> 0x1813
mem[X,0x000000008000000A] -> 0x00B8
[2] [M]: 0x0000000080000008 (0x00B81813) slli x16, x16, 0xb                         rvtest_init+8
x16 <- 0x000003EADFEED800

mem[X,0x000000008000000C] -> 0x0813
mem[X,0x000000008000000E] -> 0x3EA8
[3] [M]: 0x000000008000000C (0x3EA80813) addi x16, x16, 0x3ea                       rvtest_init+12
x16 <- 0x000003EADFEEDBEA

clint mtime 0x0000000000000002 (mip.MTI <- 0b1, mip.STI <- 0b0)
mem[X,0x0000000080000010] -> 0x1813
mem[X,0x0000000080000012] -> 0x00B8
[4] [M]: 0x0000000080000010 (0x00B81813) slli x16, x16, 0xb                         rvtest_init+16
x16 <- 0x001F56FF76DF5000

mem[X,0x0000000080000014] -> 0x0813
mem[X,0x0000000080000016] -> 0x6FF8
[5] [M]: 0x0000000080000014 (0x6FF80813) addi x16, x16, 0x6ff                       rvtest_init+20
x16 <- 0x001F56FF76DF56FF

clint mtime 0x0000000000000003 (mip.MTI <- 0b1, mip.STI <- 0b0)
mem[X,0x0000000080000018] -> 0x1813
mem[X,0x000000008000001A] -> 0x00A8
[6] [M]: 0x0000000080000018 (0x00A81813) slli x16, x16, 0xa                         rvtest_init+24
x16 <- 0x7D5BFDDB7D5BFC00

mem[X,0x000000008000001C] -> 0x0813
mem[X,0x000000008000001E] -> 0x1DB8
[7] [M]: 0x000000008000001C (0x1DB80813) addi x16, x16, 0x1db                       rvtest_init+28
x16 <- 0x7D5BFDDB7D5BFDDB

clint mtime 0x0000000000000004 (mip.MTI <- 0b1, mip.STI <- 0b0)
mem[X,0x0000000080000020] -> 0x5893
mem[X,0x0000000080000022] -> 0x0078
[8] [M]: 0x0000000080000020 (0x00785893) srli x17, x16, 0x7                         rvtest_init+32
x17 <- 0x00FAB7FBB6FAB7FB

mem[X,0x0000000080000024] -> 0x5793
mem[X,0x0000000080000026] -> 0x0398
[9] [M]: 0x0000000080000024 (0x03985793) srli x15, x16, 0x39                        rvtest_init+36
x15 <- 0x000000000000003E

clint mtime 0x0000000000000005 (mip.MTI <- 0b1, mip.STI <- 0b0)
mem[X,0x0000000080000028] -> 0xE8B3
mem[X,0x000000008000002A] -> 0x00F8
[10] [M]: 0x0000000080000028 (0x00F8E8B3) or x17, x17, x15                          rvtest_init+40
x17 <- 0x00FAB7FBB6FAB7FF

mem[X,0x000000008000002C] -> 0xD913
mem[X,0x000000008000002E] -> 0x0078
[11] [M]: 0x000000008000002C (0x0078D913) srli x18, x17, 0x7                        rvtest_init+44
x18 <- 0x0001F56FF76DF56F

clint mtime 0x0000000000000006 (mip.MTI <- 0b1, mip.STI <- 0b0)
mem[X,0x0000000080000030] -> 0xD793
mem[X,0x0000000080000032] -> 0x0398
[12] [M]: 0x0000000080000030 (0x0398D793) srli x15, x17, 0x39                       rvtest_init+48
x15 <- 0x0000000000000000

mem[X,0x0000000080000034] -> 0x6933
mem[X,0x0000000080000036] -> 0x00F9
[13] [M]: 0x0000000080000034 (0x00F96933) or x18, x18, x15                          rvtest_init+52
x18 <- 0x0001F56FF76DF56F

clint mtime 0x0000000000000007 (mip.MTI <- 0b1, mip.STI <- 0b0)
mem[X,0x0000000080000038] -> 0x5993
mem[X,0x000000008000003A] -> 0x0079
[14] [M]: 0x0000000080000038 (0x00795993) srli x19, x18, 0x7                        rvtest_init+56
x19 <- 0x000003EADFEEDBEA

mem[X,0x000000008000003C] -> 0x5793
mem[X,0x000000008000003E] -> 0x0399
[15] [M]: 0x000000008000003C (0x03995793) srli x15, x18, 0x39                       rvtest_init+60
x15 <- 0x0000000000000000

clint mtime 0x0000000000000008 (mip.MTI <- 0b1, mip.STI <- 0b0)
mem[X,0x0000000080000040] -> 0xE9B3
mem[X,0x0000000080000042] -> 0x00F9
[16] [M]: 0x0000000080000040 (0x00F9E9B3) or x19, x19, x15                          rvtest_init+64
x19 <- 0x000003EADFEEDBEA

mem[X,0x0000000080000044] -> 0xDA13
mem[X,0x0000000080000046] -> 0x0079
[17] [M]: 0x0000000080000044 (0x0079DA13) srli x20, x19, 0x7                        rvtest_init+68
x20 <- 0x00000007D5BFDDB7

clint mtime 0x0000000000000009 (mip.MTI <- 0b1, mip.STI <- 0b0)
mem[X,0x0000000080000048] -> 0xD793
mem[X,0x000000008000004A] -> 0x0399
[18] [M]: 0x0000000080000048 (0x0399D793) srli x15, x19, 0x39                       rvtest_init+72
x15 <- 0x0000000000000000

mem[X,0x000000008000004C] -> 0x6A33
mem[X,0x000000008000004E] -> 0x00FA
[19] [M]: 0x000000008000004C (0x00FA6A33) or x20, x20, x15                          rvtest_init+76
x20 <- 0x00000007D5BFDDB7

clint mtime 0x000000000000000A (mip.MTI <- 0b1, mip.STI <- 0b0)
mem[X,0x0000000080000050] -> 0x5A93
mem[X,0x0000000080000052] -> 0x007A
[20] [M]: 0x0000000080000050 (0x007A5A93) srli x21, x20, 0x7                        rvtest_init+80
x21 <- 0x000000000FAB7FBB

mem[X,0x0000000080000054] -> 0x5793
mem[X,0x0000000080000056] -> 0x039A
[21] [M]: 0x0000000080000054 (0x039A5793) srli x15, x20, 0x39                       rvtest_init+84
x15 <- 0x0000000000000000

clint mtime 0x000000000000000B (mip.MTI <- 0b1, mip.STI <- 0b0)
mem[X,0x0000000080000058] -> 0xEAB3
mem[X,0x000000008000005A] -> 0x00FA
[22] [M]: 0x0000000080000058 (0x00FAEAB3) or x21, x21, x15                          rvtest_init+88
x21 <- 0x000000000FAB7FBB

mem[X,0x000000008000005C] -> 0xDB13
mem[X,0x000000008000005E] -> 0x007A
[23] [M]: 0x000000008000005C (0x007ADB13) srli x22, x21, 0x7                        rvtest_init+92
x22 <- 0x00000000001F56FF

clint mtime 0x000000000000000C (mip.MTI <- 0b1, mip.STI <- 0b0)
mem[X,0x0000000080000060] -> 0xD793
mem[X,0x0000000080000062] -> 0x039A
[24] [M]: 0x0000000080000060 (0x039AD793) srli x15, x21, 0x39                       rvtest_init+96
x15 <- 0x0000000000000000

mem[X,0x0000000080000064] -> 0x6B33
mem[X,0x0000000080000066] -> 0x00FB
[25] [M]: 0x0000000080000064 (0x00FB6B33) or x22, x22, x15                          rvtest_init+100
x22 <- 0x00000000001F56FF

clint mtime 0x000000000000000D (mip.MTI <- 0b1, mip.STI <- 0b0)
mem[X,0x0000000080000068] -> 0x5B93
mem[X,0x000000008000006A] -> 0x007B
[26] [M]: 0x0000000080000068 (0x007B5B93) srli x23, x22, 0x7                        rvtest_init+104
x23 <- 0x0000000000003EAD

mem[X,0x000000008000006C] -> 0x5793
mem[X,0x000000008000006E] -> 0x039B
[27] [M]: 0x000000008000006C (0x039B5793) srli x15, x22, 0x39                       rvtest_init+108
x15 <- 0x0000000000000000

clint mtime 0x000000000000000E (mip.MTI <- 0b1, mip.STI <- 0b0)
mem[X,0x0000000080000070] -> 0xEBB3
mem[X,0x0000000080000072] -> 0x00FB
[28] [M]: 0x0000000080000070 (0x00FBEBB3) or x23, x23, x15                          rvtest_init+112
x23 <- 0x0000000000003EAD

mem[X,0x0000000080000074] -> 0xDC13
mem[X,0x0000000080000076] -> 0x007B
[29] [M]: 0x0000000080000074 (0x007BDC13) srli x24, x23, 0x7                        rvtest_init+116
x24 <- 0x000000000000007D

clint mtime 0x000000000000000F (mip.MTI <- 0b1, mip.STI <- 0b0)
mem[X,0x0000000080000078] -> 0xD793
mem[X,0x000000008000007A] -> 0x039B
[30] [M]: 0x0000000080000078 (0x039BD793) srli x15, x23, 0x39                       rvtest_init+120
x15 <- 0x0000000000000000

mem[X,0x000000008000007C] -> 0x6C33
mem[X,0x000000008000007E] -> 0x00FC
[31] [M]: 0x000000008000007C (0x00FC6C33) or x24, x24, x15                          rvtest_init+124
x24 <- 0x000000000000007D

clint mtime 0x0000000000000010 (mip.MTI <- 0b1, mip.STI <- 0b0)
mem[X,0x0000000080000080] -> 0x5C93
mem[X,0x0000000080000082] -> 0x007C
[32] [M]: 0x0000000080000080 (0x007C5C93) srli x25, x24, 0x7                        rvtest_init+128
x25 <- 0x0000000000000000

mem[X,0x0000000080000084] -> 0x5793
mem[X,0x0000000080000086] -> 0x039C
[33] [M]: 0x0000000080000084 (0x039C5793) srli x15, x24, 0x39                       rvtest_init+132
x15 <- 0x0000000000000000

clint mtime 0x0000000000000011 (mip.MTI <- 0b1, mip.STI <- 0b0)
mem[X,0x0000000080000088] -> 0xECB3
mem[X,0x000000008000008A] -> 0x00FC
[34] [M]: 0x0000000080000088 (0x00FCECB3) or x25, x25, x15                          rvtest_init+136
x25 <- 0x0000000000000000

mem[X,0x000000008000008C] -> 0xDD13
mem[X,0x000000008000008E] -> 0x007C
[35] [M]: 0x000000008000008C (0x007CDD13) srli x26, x25, 0x7                        rvtest_init+140
x26 <- 0x0000000000000000

clint mtime 0x0000000000000012 (mip.MTI <- 0b1, mip.STI <- 0b0)
mem[X,0x0000000080000090] -> 0xD793
mem[X,0x0000000080000092] -> 0x039C
[36] [M]: 0x0000000080000090 (0x039CD793) srli x15, x25, 0x39                       rvtest_init+144
x15 <- 0x0000000000000000

mem[X,0x0000000080000094] -> 0x6D33
mem[X,0x0000000080000096] -> 0x00FD
[37] [M]: 0x0000000080000094 (0x00FD6D33) or x26, x26, x15                          rvtest_init+148
x26 <- 0x0000000000000000

clint mtime 0x0000000000000013 (mip.MTI <- 0b1, mip.STI <- 0b0)
mem[X,0x0000000080000098] -> 0x5D93
mem[X,0x000000008000009A] -> 0x007D
[38] [M]: 0x0000000080000098 (0x007D5D93) srli x27, x26, 0x7                        rvtest_init+152
x27 <- 0x0000000000000000

mem[X,0x000000008000009C] -> 0x5793
mem[X,0x000000008000009E] -> 0x039D
[39] [M]: 0x000000008000009C (0x039D5793) srli x15, x26, 0x39                       rvtest_init+156
x15 <- 0x0000000000000000

clint mtime 0x0000000000000014 (mip.MTI <- 0b1, mip.STI <- 0b0)
mem[X,0x00000000800000A0] -> 0xEDB3
mem[X,0x00000000800000A2] -> 0x00FD
[40] [M]: 0x00000000800000A0 (0x00FDEDB3) or x27, x27, x15                          rvtest_init+160
x27 <- 0x0000000000000000

mem[X,0x00000000800000A4] -> 0xDE13
mem[X,0x00000000800000A6] -> 0x007D
[41] [M]: 0x00000000800000A4 (0x007DDE13) srli x28, x27, 0x7                        rvtest_init+164
x28 <- 0x0000000000000000

clint mtime 0x0000000000000015 (mip.MTI <- 0b1, mip.STI <- 0b0)
mem[X,0x00000000800000A8] -> 0xD793
mem[X,0x00000000800000AA] -> 0x039D
[42] [M]: 0x00000000800000A8 (0x039DD793) srli x15, x27, 0x39                       rvtest_init+168
x15 <- 0x0000000000000000

mem[X,0x00000000800000AC] -> 0x6E33
mem[X,0x00000000800000AE] -> 0x00FE
[43] [M]: 0x00000000800000AC (0x00FE6E33) or x28, x28, x15                          rvtest_init+172
x28 <- 0x0000000000000000

clint mtime 0x0000000000000016 (mip.MTI <- 0b1, mip.STI <- 0b0)
mem[X,0x00000000800000B0] -> 0x5E93
mem[X,0x00000000800000B2] -> 0x007E
[44] [M]: 0x00000000800000B0 (0x007E5E93) srli x29, x28, 0x7                        rvtest_init+176
x29 <- 0x0000000000000000

mem[X,0x00000000800000B4] -> 0x5793
mem[X,0x00000000800000B6] -> 0x039E
[45] [M]: 0x00000000800000B4 (0x039E5793) srli x15, x28, 0x39                       rvtest_init+180
x15 <- 0x0000000000000000

clint mtime 0x0000000000000017 (mip.MTI <- 0b1, mip.STI <- 0b0)
mem[X,0x00000000800000B8] -> 0xEEB3
mem[X,0x00000000800000BA] -> 0x00FE
[46] [M]: 0x00000000800000B8 (0x00FEEEB3) or x29, x29, x15                          rvtest_init+184
x29 <- 0x0000000000000000

mem[X,0x00000000800000BC] -> 0xDF13
mem[X,0x00000000800000BE] -> 0x007E
[47] [M]: 0x00000000800000BC (0x007EDF13) srli x30, x29, 0x7                        rvtest_init+188
x30 <- 0x0000000000000000

clint mtime 0x0000000000000018 (mip.MTI <- 0b1, mip.STI <- 0b0)
mem[X,0x00000000800000C0] -> 0xD793
mem[X,0x00000000800000C2] -> 0x039E
[48] [M]: 0x00000000800000C0 (0x039ED793) srli x15, x29, 0x39                       rvtest_init+192
x15 <- 0x0000000000000000

mem[X,0x00000000800000C4] -> 0x6F33
mem[X,0x00000000800000C6] -> 0x00FF
[49] [M]: 0x00000000800000C4 (0x00FF6F33) or x30, x30, x15                          rvtest_init+196
x30 <- 0x0000000000000000

clint mtime 0x0000000000000019 (mip.MTI <- 0b1, mip.STI <- 0b0)
mem[X,0x00000000800000C8] -> 0xC0B7
mem[X,0x00000000800000CA] -> 0xFEED
[50] [M]: 0x00000000800000C8 (0xFEEDC0B7) lui x1, -0x1124                           rvtest_init+200
x1 <- 0xFFFFFFFFFEEDC000

mem[X,0x00000000800000CC] -> 0x8093
mem[X,0x00000000800000CE] -> 0xEAD0
[51] [M]: 0x00000000800000CC (0xEAD08093) addi x1, x1, -0x153                       rvtest_init+204
x1 <- 0xFFFFFFFFFEEDBEAD

clint mtime 0x000000000000001A (mip.MTI <- 0b1, mip.STI <- 0b0)
mem[X,0x00000000800000D0] -> 0x9093
mem[X,0x00000000800000D2] -> 0x00B0
[52] [M]: 0x00000000800000D0 (0x00B09093) slli x1, x1, 0xb                          rvtest_init+208
x1 <- 0xFFFFFFF76DF56800

mem[X,0x00000000800000D4] -> 0x8093
mem[X,0x00000000800000D6] -> 0x7F70
[53] [M]: 0x00000000800000D4 (0x7F708093) addi x1, x1, 0x7f7                        rvtest_init+212
x1 <- 0xFFFFFFF76DF56FF7

clint mtime 0x000000000000001B (mip.MTI <- 0b1, mip.STI <- 0b0)
mem[X,0x00000000800000D8] -> 0x9093
mem[X,0x00000000800000DA] -> 0x00B0
[54] [M]: 0x00000000800000D8 (0x00B09093) slli x1, x1, 0xb                          rvtest_init+216
x1 <- 0xFFFFBB6FAB7FB800

mem[X,0x00000000800000DC] -> 0x8093
mem[X,0x00000000800000DE] -> 0x36F0
[55] [M]: 0x00000000800000DC (0x36F08093) addi x1, x1, 0x36f                        rvtest_init+220
x1 <- 0xFFFFBB6FAB7FBB6F

clint mtime 0x000000000000001C (mip.MTI <- 0b1, mip.STI <- 0b0)
mem[X,0x00000000800000E0] -> 0x9093
mem[X,0x00000000800000E2] -> 0x00A0
[56] [M]: 0x00000000800000E0 (0x00A09093) slli x1, x1, 0xa                          rvtest_init+224
x1 <- 0xFEEDBEADFEEDBC00

mem[X,0x00000000800000E4] -> 0x8093
mem[X,0x00000000800000E6] -> 0x2AD0
[57] [M]: 0x00000000800000E4 (0x2AD08093) addi x1, x1, 0x2ad                        rvtest_init+228
x1 <- 0xFEEDBEADFEEDBEAD

clint mtime 0x000000000000001D (mip.MTI <- 0b1, mip.STI <- 0b0)
mem[X,0x00000000800000E8] -> 0xD113
mem[X,0x00000000800000EA] -> 0x0070
[58] [M]: 0x00000000800000E8 (0x0070D113) srli x2, x1, 0x7                          rvtest_init+232
x2 <- 0x01FDDB7D5BFDDB7D

mem[X,0x00000000800000EC] -> 0xD793
mem[X,0x00000000800000EE] -> 0x0390
[59] [M]: 0x00000000800000EC (0x0390D793) srli x15, x1, 0x39                        rvtest_init+236
x15 <- 0x000000000000007F

clint mtime 0x000000000000001E (mip.MTI <- 0b1, mip.STI <- 0b0)
mem[X,0x00000000800000F0] -> 0x6133
mem[X,0x00000000800000F2] -> 0x00F1
[60] [M]: 0x00000000800000F0 (0x00F16133) or x2, x2, x15                            rvtest_init+240
x2 <- 0x01FDDB7D5BFDDB7F

mem[X,0x00000000800000F4] -> 0x5193
mem[X,0x00000000800000F6] -> 0x0071
[61] [M]: 0x00000000800000F4 (0x00715193) srli x3, x2, 0x7                          rvtest_init+244
x3 <- 0x0003FBB6FAB7FBB6

clint mtime 0x000000000000001F (mip.MTI <- 0b1, mip.STI <- 0b0)
mem[X,0x00000000800000F8] -> 0x5793
mem[X,0x00000000800000FA] -> 0x0391
[62] [M]: 0x00000000800000F8 (0x03915793) srli x15, x2, 0x39                        rvtest_init+248
x15 <- 0x0000000000000000

mem[X,0x00000000800000FC] -> 0xE1B3
mem[X,0x00000000800000FE] -> 0x00F1
[63] [M]: 0x00000000800000FC (0x00F1E1B3) or x3, x3, x15                            rvtest_init+252
x3 <- 0x0003FBB6FAB7FBB6

clint mtime 0x0000000000000020 (mip.MTI <- 0b1, mip.STI <- 0b0)
mem[X,0x0000000080000100] -> 0xD213
mem[X,0x0000000080000102] -> 0x0071
[64] [M]: 0x0000000080000100 (0x0071D213) srli x4, x3, 0x7                          rvtest_init+256
x4 <- 0x000007F76DF56FF7

mem[X,0x0000000080000104] -> 0xD793
mem[X,0x0000000080000106] -> 0x0391
[65] [M]: 0x0000000080000104 (0x0391D793) srli x15, x3, 0x39                        rvtest_init+260
x15 <- 0x0000000000000000

clint mtime 0x0000000000000021 (mip.MTI <- 0b1, mip.STI <- 0b0)
mem[X,0x0000000080000108] -> 0x6233
mem[X,0x000000008000010A] -> 0x00F2
[66] [M]: 0x0000000080000108 (0x00F26233) or x4, x4, x15                            rvtest_init+264
x4 <- 0x000007F76DF56FF7

mem[X,0x000000008000010C] -> 0x5293
mem[X,0x000000008000010E] -> 0x0072
[67] [M]: 0x000000008000010C (0x00725293) srli x5, x4, 0x7                          rvtest_init+268
x5 <- 0x0000000FEEDBEADF

clint mtime 0x0000000000000022 (mip.MTI <- 0b1, mip.STI <- 0b0)
mem[X,0x0000000080000110] -> 0x5793
mem[X,0x0000000080000112] -> 0x0392
[68] [M]: 0x0000000080000110 (0x03925793) srli x15, x4, 0x39                        rvtest_init+272
x15 <- 0x0000000000000000

mem[X,0x0000000080000114] -> 0xE2B3
mem[X,0x0000000080000116] -> 0x00F2
[69] [M]: 0x0000000080000114 (0x00F2E2B3) or x5, x5, x15                            rvtest_init+276
x5 <- 0x0000000FEEDBEADF

clint mtime 0x0000000000000023 (mip.MTI <- 0b1, mip.STI <- 0b0)
mem[X,0x0000000080000118] -> 0xD313
mem[X,0x000000008000011A] -> 0x0072
[70] [M]: 0x0000000080000118 (0x0072D313) srli x6, x5, 0x7                          rvtest_init+280
x6 <- 0x000000001FDDB7D5

mem[X,0x000000008000011C] -> 0xD793
mem[X,0x000000008000011E] -> 0x0392
[71] [M]: 0x000000008000011C (0x0392D793) srli x15, x5, 0x39                        rvtest_init+284
x15 <- 0x0000000000000000

clint mtime 0x0000000000000024 (mip.MTI <- 0b1, mip.STI <- 0b0)
mem[X,0x0000000080000120] -> 0x6333
mem[X,0x0000000080000122] -> 0x00F3
[72] [M]: 0x0000000080000120 (0x00F36333) or x6, x6, x15                            rvtest_init+288
x6 <- 0x000000001FDDB7D5

mem[X,0x0000000080000124] -> 0x5393
mem[X,0x0000000080000126] -> 0x0073
[73] [M]: 0x0000000080000124 (0x00735393) srli x7, x6, 0x7                          rvtest_init+292
x7 <- 0x00000000003FBB6F

clint mtime 0x0000000000000025 (mip.MTI <- 0b1, mip.STI <- 0b0)
mem[X,0x0000000080000128] -> 0x5793
mem[X,0x000000008000012A] -> 0x0393
[74] [M]: 0x0000000080000128 (0x03935793) srli x15, x6, 0x39                        rvtest_init+296
x15 <- 0x0000000000000000

mem[X,0x000000008000012C] -> 0xE3B3
mem[X,0x000000008000012E] -> 0x00F3
[75] [M]: 0x000000008000012C (0x00F3E3B3) or x7, x7, x15                            rvtest_init+300
x7 <- 0x00000000003FBB6F

clint mtime 0x0000000000000026 (mip.MTI <- 0b1, mip.STI <- 0b0)
mem[X,0x0000000080000130] -> 0xD413
mem[X,0x0000000080000132] -> 0x0073
[76] [M]: 0x0000000080000130 (0x0073D413) srli x8, x7, 0x7                          rvtest_init+304
x8 <- 0x0000000000007F76

mem[X,0x0000000080000134] -> 0xD793
mem[X,0x0000000080000136] -> 0x0393
[77] [M]: 0x0000000080000134 (0x0393D793) srli x15, x7, 0x39                        rvtest_init+308
x15 <- 0x0000000000000000

clint mtime 0x0000000000000027 (mip.MTI <- 0b1, mip.STI <- 0b0)
mem[X,0x0000000080000138] -> 0x6433
mem[X,0x000000008000013A] -> 0x00F4
[78] [M]: 0x0000000080000138 (0x00F46433) or x8, x8, x15                            rvtest_init+312
x8 <- 0x0000000000007F76

mem[X,0x000000008000013C] -> 0x5493
mem[X,0x000000008000013E] -> 0x0074
[79] [M]: 0x000000008000013C (0x00745493) srli x9, x8, 0x7                          rvtest_init+316
x9 <- 0x00000000000000FE

clint mtime 0x0000000000000028 (mip.MTI <- 0b1, mip.STI <- 0b0)
mem[X,0x0000000080000140] -> 0x5793
mem[X,0x0000000080000142] -> 0x0394
[80] [M]: 0x0000000080000140 (0x03945793) srli x15, x8, 0x39                        rvtest_init+320
x15 <- 0x0000000000000000

mem[X,0x0000000080000144] -> 0xE4B3
mem[X,0x0000000080000146] -> 0x00F4
[81] [M]: 0x0000000080000144 (0x00F4E4B3) or x9, x9, x15                            rvtest_init+324
x9 <- 0x00000000000000FE

clint mtime 0x0000000000000029 (mip.MTI <- 0b1, mip.STI <- 0b0)
mem[X,0x0000000080000148] -> 0xD513
mem[X,0x000000008000014A] -> 0x0074
[82] [M]: 0x0000000080000148 (0x0074D513) srli x10, x9, 0x7                         rvtest_init+328
x10 <- 0x0000000000000001

mem[X,0x000000008000014C] -> 0xD793
mem[X,0x000000008000014E] -> 0x0394
[83] [M]: 0x000000008000014C (0x0394D793) srli x15, x9, 0x39                        rvtest_init+332
x15 <- 0x0000000000000000

clint mtime 0x000000000000002A (mip.MTI <- 0b1, mip.STI <- 0b0)
mem[X,0x0000000080000150] -> 0x6533
mem[X,0x0000000080000152] -> 0x00F5
[84] [M]: 0x0000000080000150 (0x00F56533) or x10, x10, x15                          rvtest_init+336
x10 <- 0x0000000000000001

mem[X,0x0000000080000154] -> 0x5593
mem[X,0x0000000080000156] -> 0x0075
[85] [M]: 0x0000000080000154 (0x00755593) srli x11, x10, 0x7                        rvtest_init+340
x11 <- 0x0000000000000000

clint mtime 0x000000000000002B (mip.MTI <- 0b1, mip.STI <- 0b0)
mem[X,0x0000000080000158] -> 0x5793
mem[X,0x000000008000015A] -> 0x0395
[86] [M]: 0x0000000080000158 (0x03955793) srli x15, x10, 0x39                       rvtest_init+344
x15 <- 0x0000000000000000

mem[X,0x000000008000015C] -> 0xE5B3
mem[X,0x000000008000015E] -> 0x00F5
[87] [M]: 0x000000008000015C (0x00F5E5B3) or x11, x11, x15                          rvtest_init+348
x11 <- 0x0000000000000000

clint mtime 0x000000000000002C (mip.MTI <- 0b1, mip.STI <- 0b0)
mem[X,0x0000000080000160] -> 0xD613
mem[X,0x0000000080000162] -> 0x0075
[88] [M]: 0x0000000080000160 (0x0075D613) srli x12, x11, 0x7                        rvtest_init+352
x12 <- 0x0000000000000000

mem[X,0x0000000080000164] -> 0xD793
mem[X,0x0000000080000166] -> 0x0395
[89] [M]: 0x0000000080000164 (0x0395D793) srli x15, x11, 0x39                       rvtest_init+356
x15 <- 0x0000000000000000

clint mtime 0x000000000000002D (mip.MTI <- 0b1, mip.STI <- 0b0)
mem[X,0x0000000080000168] -> 0x6633
mem[X,0x000000008000016A] -> 0x00F6
[90] [M]: 0x0000000080000168 (0x00F66633) or x12, x12, x15                          rvtest_init+360
x12 <- 0x0000000000000000

mem[X,0x000000008000016C] -> 0x5693
mem[X,0x000000008000016E] -> 0x0076
[91] [M]: 0x000000008000016C (0x00765693) srli x13, x12, 0x7                        rvtest_init+364
x13 <- 0x0000000000000000

clint mtime 0x000000000000002E (mip.MTI <- 0b1, mip.STI <- 0b0)
mem[X,0x0000000080000170] -> 0x5793
mem[X,0x0000000080000172] -> 0x0396
[92] [M]: 0x0000000080000170 (0x03965793) srli x15, x12, 0x39                       rvtest_init+368
x15 <- 0x0000000000000000

mem[X,0x0000000080000174] -> 0xE6B3
mem[X,0x0000000080000176] -> 0x00F6
[93] [M]: 0x0000000080000174 (0x00F6E6B3) or x13, x13, x15                          rvtest_init+372
x13 <- 0x0000000000000000

clint mtime 0x000000000000002F (mip.MTI <- 0b1, mip.STI <- 0b0)
mem[X,0x0000000080000178] -> 0x0013
mem[X,0x000000008000017A] -> 0x0000
[94] [M]: 0x0000000080000178 (0x00000013) addi x0, x0, 0x0                          rvtest_code_begin+0

mem[X,0x000000008000017C] -> 0x0013
mem[X,0x000000008000017E] -> 0x0000
[95] [M]: 0x000000008000017C (0x00000013) addi x0, x0, 0x0                          rvtest_code_begin+4

clint mtime 0x0000000000000030 (mip.MTI <- 0b1, mip.STI <- 0b0)
mem[X,0x0000000080000180] -> 0x5397
mem[X,0x0000000080000182] -> 0x0012
[96] [M]: 0x0000000080000180 (0x00125397) auipc x7, 0x125                           rvtest_code_begin+8
x7 <- 0x0000000080125180

mem[X,0x0000000080000184] -> 0x8393
mem[X,0x0000000080000186] -> 0xF983
[97] [M]: 0x0000000080000184 (0xF9838393) addi x7, x7, -0x68                        rvtest_code_begin+12
x7 <- 0x0000000080125118

clint mtime 0x0000000000000031 (mip.MTI <- 0b1, mip.STI <- 0b0)
mem[X,0x0000000080000188] -> 0x0013
mem[X,0x000000008000018A] -> 0x0000
[98] [M]: 0x0000000080000188 (0x00000013) addi x0, x0, 0x0                          rvtest_code_begin+16

mem[X,0x000000008000018C] -> 0x0013
mem[X,0x000000008000018E] -> 0x0000
[99] [M]: 0x000000008000018C (0x00000013) addi x0, x0, 0x0                          rvtest_code_begin+20

clint mtime 0x0000000000000032 (mip.MTI <- 0b1, mip.STI <- 0b0)
mem[X,0x0000000080000190] -> 0x0013
mem[X,0x0000000080000192] -> 0x0000
[100] [M]: 0x0000000080000190 (0x00000013) addi x0, x0, 0x0                         rvtest_code_begin+24

mem[X,0x0000000080000194] -> 0x0013
mem[X,0x0000000080000196] -> 0x0000
[101] [M]: 0x0000000080000194 (0x00000013) addi x0, x0, 0x0                         rvtest_code_begin+28

clint mtime 0x0000000000000033 (mip.MTI <- 0b1, mip.STI <- 0b0)
mem[X,0x0000000080000198] -> 0x0013
mem[X,0x000000008000019A] -> 0x0000
[102] [M]: 0x0000000080000198 (0x00000013) addi x0, x0, 0x0                         rvtest_code_begin+32

mem[X,0x000000008000019C] -> 0x0013
mem[X,0x000000008000019E] -> 0x0000
[103] [M]: 0x000000008000019C (0x00000013) addi x0, x0, 0x0                         rvtest_code_begin+36

clint mtime 0x0000000000000034 (mip.MTI <- 0b1, mip.STI <- 0b0)
mem[X,0x00000000800001A0] -> 0x0617
mem[X,0x00000000800001A2] -> 0x0000
[104] [M]: 0x00000000800001A0 (0x00000617) auipc x12, 0x0                           inst_0+0
x12 <- 0x00000000800001A0

mem[X,0x00000000800001A4] -> 0x0613
mem[X,0x00000000800001A6] -> 0x06C6
[105] [M]: 0x00000000800001A4 (0x06C60613) addi x12, x12, 0x6c                      inst_0+4
x12 <- 0x000000008000020C

clint mtime 0x0000000000000035 (mip.MTI <- 0b1, mip.STI <- 0b0)
mem[X,0x00000000800001A8] -> 0x0001
[106] [M]: 0x00000000800001A8 (0x0001) c.nop                                        inst_0+8

mem[X,0x00000000800001AA] -> 0x0013
mem[X,0x00000000800001AC] -> 0x0000
[107] [M]: 0x00000000800001AA (0x00000013) addi x0, x0, 0x0                         inst_0+10

clint mtime 0x0000000000000036 (mip.MTI <- 0b1, mip.STI <- 0b0)
mem[X,0x00000000800001AE] -> 0x0013
mem[X,0x00000000800001B0] -> 0x0000
[108] [M]: 0x00000000800001AE (0x00000013) addi x0, x0, 0x0                         inst_0+14

mem[X,0x00000000800001B2] -> 0x0013
mem[X,0x00000000800001B4] -> 0x0000
[109] [M]: 0x00000000800001B2 (0x00000013) addi x0, x0, 0x0                         inst_0+18

clint mtime 0x0000000000000037 (mip.MTI <- 0b1, mip.STI <- 0b0)
mem[X,0x00000000800001B6] -> 0x0013
mem[X,0x00000000800001B8] -> 0x0000
[110] [M]: 0x00000000800001B6 (0x00000013) addi x0, x0, 0x0                         inst_0+22

mem[X,0x00000000800001BA] -> 0x0013
mem[X,0x00000000800001BC] -> 0x0000
[111] [M]: 0x00000000800001BA (0x00000013) addi x0, x0, 0x0                         inst_0+26

clint mtime 0x0000000000000038 (mip.MTI <- 0b1, mip.STI <- 0b0)
mem[X,0x00000000800001BE] -> 0x0001
[112] [M]: 0x00000000800001BE (0x0001) c.nop                                        inst_0+30

mem[X,0x00000000800001C0] -> 0x0793
mem[X,0x00000000800001C2] -> 0x0006
[113] [M]: 0x00000000800001C0 (0x00060793) addi x15, x12, 0x0                       inst_0+32
x15 <- 0x000000008000020C

clint mtime 0x0000000000000039 (mip.MTI <- 0b1, mip.STI <- 0b0)
mem[X,0x00000000800001C4] -> 0x0067
mem[X,0x00000000800001C6] -> 0x0006
[114] [M]: 0x00000000800001C4 (0x00060067) jalr x0, 0x0(x12)                        inst_0+36

mem[X,0x000000008000020C] -> 0xF7EF
mem[X,0x000000008000020E] -> 0xFF9F
[115] [M]: 0x000000008000020C (0xFF9FF7EF) jal x15, -0x8                            inst_0+108
x15 <- 0x0000000080000210

clint mtime 0x000000000000003A (mip.MTI <- 0b1, mip.STI <- 0b0)
mem[X,0x0000000080000204] -> 0xC793
mem[X,0x0000000080000206] -> 0x0017
[116] [M]: 0x0000000080000204 (0x0017C793) xori x15, x15, 0x1                       inst_0+100
x15 <- 0x0000000080000211

mem[X,0x0000000080000208] -> 0x00E3
mem[X,0x000000008000020A] -> 0xFC00
[117] [M]: 0x0000000080000208 (0xFC0000E3) beq x0, x0, -0x40                        inst_0+104

clint mtime 0x000000000000003B (mip.MTI <- 0b1, mip.STI <- 0b0)
mem[X,0x00000000800001C8] -> 0x0013
mem[X,0x00000000800001CA] -> 0x0000
[118] [M]: 0x00000000800001C8 (0x00000013) addi x0, x0, 0x0                         inst_0+40

mem[X,0x00000000800001CC] -> 0x0013
mem[X,0x00000000800001CE] -> 0x0000
[119] [M]: 0x00000000800001CC (0x00000013) addi x0, x0, 0x0                         inst_0+44

clint mtime 0x000000000000003C (mip.MTI <- 0b1, mip.STI <- 0b0)
mem[X,0x00000000800001D0] -> 0x0013
mem[X,0x00000000800001D2] -> 0x0000
[120] [M]: 0x00000000800001D0 (0x00000013) addi x0, x0, 0x0                         inst_0+48

mem[X,0x00000000800001D4] -> 0x0013
mem[X,0x00000000800001D6] -> 0x0000
[121] [M]: 0x00000000800001D4 (0x00000013) addi x0, x0, 0x0                         inst_0+52

clint mtime 0x000000000000003D (mip.MTI <- 0b1, mip.STI <- 0b0)
mem[X,0x00000000800001D8] -> 0x0013
mem[X,0x00000000800001DA] -> 0x0000
[122] [M]: 0x00000000800001D8 (0x00000013) addi x0, x0, 0x0                         inst_0+56

mem[X,0x00000000800001DC] -> 0x0013
mem[X,0x00000000800001DE] -> 0x0000
[123] [M]: 0x00000000800001DC (0x00000013) addi x0, x0, 0x0                         inst_0+60

clint mtime 0x000000000000003E (mip.MTI <- 0b1, mip.STI <- 0b0)
mem[X,0x00000000800001E0] -> 0x0617
mem[X,0x00000000800001E2] -> 0x0000
[124] [M]: 0x00000000800001E0 (0x00000617) auipc x12, 0x0                           inst_0+64
x12 <- 0x00000000800001E0

mem[X,0x00000000800001E4] -> 0x0613
mem[X,0x00000000800001E6] -> 0x0646
[125] [M]: 0x00000000800001E4 (0x06460613) addi x12, x12, 0x64                      inst_0+68
x12 <- 0x0000000080000244

clint mtime 0x000000000000003F (mip.MTI <- 0b1, mip.STI <- 0b0)
mem[X,0x00000000800001E8] -> 0x0001
[126] [M]: 0x00000000800001E8 (0x0001) c.nop                                        inst_0+72

mem[X,0x00000000800001EA] -> 0x0013
mem[X,0x00000000800001EC] -> 0x0000
[127] [M]: 0x00000000800001EA (0x00000013) addi x0, x0, 0x0                         inst_0+74

clint mtime 0x0000000000000040 (mip.MTI <- 0b1, mip.STI <- 0b0)
mem[X,0x00000000800001EE] -> 0x0013
mem[X,0x00000000800001F0] -> 0x0000
[128] [M]: 0x00000000800001EE (0x00000013) addi x0, x0, 0x0                         inst_0+78

mem[X,0x00000000800001F2] -> 0x0013
mem[X,0x00000000800001F4] -> 0x0000
[129] [M]: 0x00000000800001F2 (0x00000013) addi x0, x0, 0x0                         inst_0+82

clint mtime 0x0000000000000041 (mip.MTI <- 0b1, mip.STI <- 0b0)
mem[X,0x00000000800001F6] -> 0x0013
mem[X,0x00000000800001F8] -> 0x0000
[130] [M]: 0x00000000800001F6 (0x00000013) addi x0, x0, 0x0                         inst_0+86

mem[X,0x00000000800001FA] -> 0x0013
mem[X,0x00000000800001FC] -> 0x0000
[131] [M]: 0x00000000800001FA (0x00000013) addi x0, x0, 0x0                         inst_0+90

clint mtime 0x0000000000000042 (mip.MTI <- 0b1, mip.STI <- 0b0)
mem[X,0x00000000800001FE] -> 0x0001
[132] [M]: 0x00000000800001FE (0x0001) c.nop                                        inst_0+94

mem[X,0x0000000080000200] -> 0x0067
mem[X,0x0000000080000202] -> 0x0006
[133] [M]: 0x0000000080000200 (0x00060067) jalr x0, 0x0(x12)                        inst_0+96

clint mtime 0x0000000000000043 (mip.MTI <- 0b1, mip.STI <- 0b0)
mem[X,0x0000000080000244] -> 0x0013
mem[X,0x0000000080000246] -> 0x0000
[134] [M]: 0x0000000080000244 (0x00000013) addi x0, x0, 0x0                         inst_0+164

mem[X,0x0000000080000248] -> 0x0013
mem[X,0x000000008000024A] -> 0x0000
[135] [M]: 0x0000000080000248 (0x00000013) addi x0, x0, 0x0                         inst_0+168

clint mtime 0x0000000000000044 (mip.MTI <- 0b1, mip.STI <- 0b0)
mem[X,0x000000008000024C] -> 0x0013
mem[X,0x000000008000024E] -> 0x0000
[136] [M]: 0x000000008000024C (0x00000013) addi x0, x0, 0x0                         inst_0+172

mem[X,0x0000000080000250] -> 0x0013
mem[X,0x0000000080000252] -> 0x0000
[137] [M]: 0x0000000080000250 (0x00000013) addi x0, x0, 0x0                         inst_0+176

clint mtime 0x0000000000000045 (mip.MTI <- 0b1, mip.STI <- 0b0)
mem[X,0x0000000080000254] -> 0x0013
mem[X,0x0000000080000256] -> 0x0000
[138] [M]: 0x0000000080000254 (0x00000013) addi x0, x0, 0x0                         inst_0+180

mem[X,0x0000000080000258] -> 0x0013
mem[X,0x000000008000025A] -> 0x0000
[139] [M]: 0x0000000080000258 (0x00000013) addi x0, x0, 0x0                         inst_0+184

clint mtime 0x0000000000000046 (mip.MTI <- 0b1, mip.STI <- 0b0)
mem[X,0x000000008000025C] -> 0x0013
mem[X,0x000000008000025E] -> 0x0000
[140] [M]: 0x000000008000025C (0x00000013) addi x0, x0, 0x0                         inst_0+188

mem[X,0x0000000080000260] -> 0x0617
mem[X,0x0000000080000262] -> 0x0000
[141] [M]: 0x0000000080000260 (0x00000617) auipc x12, 0x0                           inst_0+192
x12 <- 0x0000000080000260

clint mtime 0x0000000000000047 (mip.MTI <- 0b1, mip.STI <- 0b0)
mem[X,0x0000000080000264] -> 0x0613
mem[X,0x0000000080000266] -> 0xF406
[142] [M]: 0x0000000080000264 (0xF4060613) addi x12, x12, -0xc0                     inst_0+196
x12 <- 0x00000000800001A0

mem[X,0x0000000080000268] -> 0x0001
[143] [M]: 0x0000000080000268 (0x0001) c.nop                                        inst_0+200

clint mtime 0x0000000000000048 (mip.MTI <- 0b1, mip.STI <- 0b0)
mem[X,0x000000008000026A] -> 0x0013
mem[X,0x000000008000026C] -> 0x0000
[144] [M]: 0x000000008000026A (0x00000013) addi x0, x0, 0x0                         inst_0+202

mem[X,0x000000008000026E] -> 0x0013
mem[X,0x0000000080000270] -> 0x0000
[145] [M]: 0x000000008000026E (0x00000013) addi x0, x0, 0x0                         inst_0+206

clint mtime 0x0000000000000049 (mip.MTI <- 0b1, mip.STI <- 0b0)
mem[X,0x0000000080000272] -> 0x0013
mem[X,0x0000000080000274] -> 0x0000
[146] [M]: 0x0000000080000272 (0x00000013) addi x0, x0, 0x0                         inst_0+210

mem[X,0x0000000080000276] -> 0x0013
mem[X,0x0000000080000278] -> 0x0000
[147] [M]: 0x0000000080000276 (0x00000013) addi x0, x0, 0x0                         inst_0+214

clint mtime 0x000000000000004A (mip.MTI <- 0b1, mip.STI <- 0b0)
mem[X,0x000000008000027A] -> 0x0013
mem[X,0x000000008000027C] -> 0x0000
[148] [M]: 0x000000008000027A (0x00000013) addi x0, x0, 0x0                         inst_0+218

mem[X,0x000000008000027E] -> 0x0001
[149] [M]: 0x000000008000027E (0x0001) c.nop                                        inst_0+222

clint mtime 0x000000000000004B (mip.MTI <- 0b1, mip.STI <- 0b0)
mem[X,0x0000000080000280] -> 0x7613
mem[X,0x0000000080000282] -> 0xFFC6
[150] [M]: 0x0000000080000280 (0xFFC67613) andi x12, x12, -0x4                      inst_0+224
x12 <- 0x00000000800001A0

mem[X,0x0000000080000284] -> 0x87B3
mem[X,0x0000000080000286] -> 0x40C7
[151] [M]: 0x0000000080000284 (0x40C787B3) sub x15, x15, x12                        inst_0+228
x15 <- 0x0000000000000071

clint mtime 0x000000000000004C (mip.MTI <- 0b1, mip.STI <- 0b0)
mem[X,0x0000000080000288] -> 0xB023
mem[X,0x000000008000028A] -> 0x00F3
[152] [M]: 0x0000000080000288 (0x00F3B023) sd x15, 0x0(x7)                          inst_0+232
mem[W,0x0000000080125118] <- 0x0000000000000071

mem[X,0x000000008000028C] -> 0x0013
mem[X,0x000000008000028E] -> 0x0000
[153] [M]: 0x000000008000028C (0x00000013) addi x0, x0, 0x0                         inst_1+0

clint mtime 0x000000000000004D (mip.MTI <- 0b1, mip.STI <- 0b0)
mem[X,0x0000000080000290] -> 0x0013
mem[X,0x0000000080000292] -> 0x0000
[154] [M]: 0x0000000080000290 (0x00000013) addi x0, x0, 0x0                         inst_1+4

mem[X,0x0000000080000294] -> 0x0013
mem[X,0x0000000080000296] -> 0x0000
[155] [M]: 0x0000000080000294 (0x00000013) addi x0, x0, 0x0                         inst_1+8

clint mtime 0x000000000000004E (mip.MTI <- 0b1, mip.STI <- 0b0)
mem[X,0x0000000080000298] -> 0x0013
mem[X,0x000000008000029A] -> 0x0000
[156] [M]: 0x0000000080000298 (0x00000013) addi x0, x0, 0x0                         inst_1+12

mem[X,0x000000008000029C] -> 0x0013
mem[X,0x000000008000029E] -> 0x0000
[157] [M]: 0x000000008000029C (0x00000013) addi x0, x0, 0x0                         inst_1+16

clint mtime 0x000000000000004F (mip.MTI <- 0b1, mip.STI <- 0b0)
mem[X,0x00000000800002A0] -> 0x0617
mem[X,0x00000000800002A2] -> 0x0000
[158] [M]: 0x00000000800002A0 (0x00000617) auipc x12, 0x0                           inst_1+20
x12 <- 0x00000000800002A0

mem[X,0x00000000800002A4] -> 0x0613
mem[X,0x00000000800002A6] -> 0x06C6
[159] [M]: 0x00000000800002A4 (0x06C60613) addi x12, x12, 0x6c                      inst_1+24
x12 <- 0x000000008000030C

clint mtime 0x0000000000000050 (mip.MTI <- 0b1, mip.STI <- 0b0)
mem[X,0x00000000800002A8] -> 0x0001
[160] [M]: 0x00000000800002A8 (0x0001) c.nop                                        inst_1+28

mem[X,0x00000000800002AA] -> 0x0013
mem[X,0x00000000800002AC] -> 0x0000
[161] [M]: 0x00000000800002AA (0x00000013) addi x0, x0, 0x0                         inst_1+30

clint mtime 0x0000000000000051 (mip.MTI <- 0b1, mip.STI <- 0b0)
mem[X,0x00000000800002AE] -> 0x0013
mem[X,0x00000000800002B0] -> 0x0000
[162] [M]: 0x00000000800002AE (0x00000013) addi x0, x0, 0x0                         inst_1+34

mem[X,0x00000000800002B2] -> 0x0013
mem[X,0x00000000800002B4] -> 0x0000
[163] [M]: 0x00000000800002B2 (0x00000013) addi x0, x0, 0x0                         inst_1+38

clint mtime 0x0000000000000052 (mip.MTI <- 0b1, mip.STI <- 0b0)
mem[X,0x00000000800002B6] -> 0x0013
mem[X,0x00000000800002B8] -> 0x0000
[164] [M]: 0x00000000800002B6 (0x00000013) addi x0, x0, 0x0                         inst_1+42

mem[X,0x00000000800002BA] -> 0x0013
mem[X,0x00000000800002BC] -> 0x0000
[165] [M]: 0x00000000800002BA (0x00000013) addi x0, x0, 0x0                         inst_1+46

clint mtime 0x0000000000000053 (mip.MTI <- 0b1, mip.STI <- 0b0)
mem[X,0x00000000800002BE] -> 0x0001
[166] [M]: 0x00000000800002BE (0x0001) c.nop                                        inst_1+50

mem[X,0x00000000800002C0] -> 0x0013
mem[X,0x00000000800002C2] -> 0x0006
[167] [M]: 0x00000000800002C0 (0x00060013) addi x0, x12, 0x0                        inst_1+52

clint mtime 0x0000000000000054 (mip.MTI <- 0b1, mip.STI <- 0b0)
mem[X,0x00000000800002C4] -> 0x0067
mem[X,0x00000000800002C6] -> 0x0006
[168] [M]: 0x00000000800002C4 (0x00060067) jalr x0, 0x0(x12)                        inst_1+56

mem[X,0x000000008000030C] -> 0x006F
mem[X,0x000000008000030E] -> 0x0002
[169] [M]: 0x000000008000030C (0x0002006F) jal x0, 0x20000                          inst_1+128

clint mtime 0x0000000000000055 (mip.MTI <- 0b1, mip.STI <- 0b0)
mem[X,0x000000008002030C] -> 0x4013
mem[X,0x000000008002030E] -> 0x0030
[170] [M]: 0x000000008002030C (0x00304013) xori x0, x0, 0x3                         inst_1+131200

mem[X,0x0000000080020310] -> 0x0013
mem[X,0x0000000080020312] -> 0x0000
[171] [M]: 0x0000000080020310 (0x00000013) addi x0, x0, 0x0                         inst_1+131204

clint mtime 0x0000000000000056 (mip.MTI <- 0b1, mip.STI <- 0b0)
mem[X,0x0000000080020314] -> 0x0013
mem[X,0x0000000080020316] -> 0x0000
[172] [M]: 0x0000000080020314 (0x00000013) addi x0, x0, 0x0                         inst_1+131208

mem[X,0x0000000080020318] -> 0x0013
mem[X,0x000000008002031A] -> 0x0000
[173] [M]: 0x0000000080020318 (0x00000013) addi x0, x0, 0x0                         inst_1+131212

clint mtime 0x0000000000000057 (mip.MTI <- 0b1, mip.STI <- 0b0)
mem[X,0x000000008002031C] -> 0x0013
mem[X,0x000000008002031E] -> 0x0000
[174] [M]: 0x000000008002031C (0x00000013) addi x0, x0, 0x0                         inst_1+131216

mem[X,0x0000000080020320] -> 0x0617
mem[X,0x0000000080020322] -> 0x0000
[175] [M]: 0x0000000080020320 (0x00000617) auipc x12, 0x0                           inst_1+131220
x12 <- 0x0000000080020320

clint mtime 0x0000000000000058 (mip.MTI <- 0b1, mip.STI <- 0b0)
mem[X,0x0000000080020324] -> 0x0613
mem[X,0x0000000080020326] -> 0x0246
[176] [M]: 0x0000000080020324 (0x02460613) addi x12, x12, 0x24                      inst_1+131224
x12 <- 0x0000000080020344

mem[X,0x0000000080020328] -> 0x0001
[177] [M]: 0x0000000080020328 (0x0001) c.nop                                        inst_1+131228

clint mtime 0x0000000000000059 (mip.MTI <- 0b1, mip.STI <- 0b0)
mem[X,0x000000008002032A] -> 0x0013
mem[X,0x000000008002032C] -> 0x0000
[178] [M]: 0x000000008002032A (0x00000013) addi x0, x0, 0x0                         inst_1+131230

mem[X,0x000000008002032E] -> 0x0013
mem[X,0x0000000080020330] -> 0x0000
[179] [M]: 0x000000008002032E (0x00000013) addi x0, x0, 0x0                         inst_1+131234

clint mtime 0x000000000000005A (mip.MTI <- 0b1, mip.STI <- 0b0)
mem[X,0x0000000080020332] -> 0x0013
mem[X,0x0000000080020334] -> 0x0000
[180] [M]: 0x0000000080020332 (0x00000013) addi x0, x0, 0x0                         inst_1+131238

mem[X,0x0000000080020336] -> 0x0013
mem[X,0x0000000080020338] -> 0x0000
[181] [M]: 0x0000000080020336 (0x00000013) addi x0, x0, 0x0                         inst_1+131242

clint mtime 0x000000000000005B (mip.MTI <- 0b1, mip.STI <- 0b0)
mem[X,0x000000008002033A] -> 0x0013
mem[X,0x000000008002033C] -> 0x0000
[182] [M]: 0x000000008002033A (0x00000013) addi x0, x0, 0x0                         inst_1+131246

mem[X,0x000000008002033E] -> 0x0001
[183] [M]: 0x000000008002033E (0x0001) c.nop                                        inst_1+131250

clint mtime 0x000000000000005C (mip.MTI <- 0b1, mip.STI <- 0b0)
mem[X,0x0000000080020340] -> 0x0067
mem[X,0x0000000080020342] -> 0x0006
[184] [M]: 0x0000000080020340 (0x00060067) jalr x0, 0x0(x12)                        inst_1+131252

mem[X,0x0000000080020344] -> 0x0013
mem[X,0x0000000080020346] -> 0x0000
[185] [M]: 0x0000000080020344 (0x00000013) addi x0, x0, 0x0                         inst_1+131256

clint mtime 0x000000000000005D (mip.MTI <- 0b1, mip.STI <- 0b0)
mem[X,0x0000000080020348] -> 0x0013
mem[X,0x000000008002034A] -> 0x0000
[186] [M]: 0x0000000080020348 (0x00000013) addi x0, x0, 0x0                         inst_1+131260

mem[X,0x000000008002034C] -> 0x0013
mem[X,0x000000008002034E] -> 0x0000
[187] [M]: 0x000000008002034C (0x00000013) addi x0, x0, 0x0                         inst_1+131264

clint mtime 0x000000000000005E (mip.MTI <- 0b1, mip.STI <- 0b0)
mem[X,0x0000000080020350] -> 0x0013
mem[X,0x0000000080020352] -> 0x0000
[188] [M]: 0x0000000080020350 (0x00000013) addi x0, x0, 0x0                         inst_1+131268

mem[X,0x0000000080020354] -> 0x0013
mem[X,0x0000000080020356] -> 0x0000
[189] [M]: 0x0000000080020354 (0x00000013) addi x0, x0, 0x0                         inst_1+131272

clint mtime 0x000000000000005F (mip.MTI <- 0b1, mip.STI <- 0b0)
mem[X,0x0000000080020358] -> 0x0013
mem[X,0x000000008002035A] -> 0x0000
[190] [M]: 0x0000000080020358 (0x00000013) addi x0, x0, 0x0                         inst_1+131276

mem[X,0x000000008002035C] -> 0x0013
mem[X,0x000000008002035E] -> 0x0000
[191] [M]: 0x000000008002035C (0x00000013) addi x0, x0, 0x0                         inst_1+131280

clint mtime 0x0000000000000060 (mip.MTI <- 0b1, mip.STI <- 0b0)
mem[X,0x0000000080020360] -> 0x0617
mem[X,0x0000000080020362] -> 0xFFFE
[192] [M]: 0x0000000080020360 (0xFFFE0617) auipc x12, -0x20                         inst_1+131284
x12 <- 0x0000000080000360

mem[X,0x0000000080020364] -> 0x0613
mem[X,0x0000000080020366] -> 0xF2C6
[193] [M]: 0x0000000080020364 (0xF2C60613) addi x12, x12, -0xd4                     inst_1+131288
x12 <- 0x000000008000028C

clint mtime 0x0000000000000061 (mip.MTI <- 0b1, mip.STI <- 0b0)
mem[X,0x0000000080020368] -> 0x0001
[194] [M]: 0x0000000080020368 (0x0001) c.nop                                        inst_1+131292

mem[X,0x000000008002036A] -> 0x0013
mem[X,0x000000008002036C] -> 0x0000
[195] [M]: 0x000000008002036A (0x00000013) addi x0, x0, 0x0                         inst_1+131294

clint mtime 0x0000000000000062 (mip.MTI <- 0b1, mip.STI <- 0b0)
mem[X,0x000000008002036E] -> 0x0013
mem[X,0x0000000080020370] -> 0x0000
[196] [M]: 0x000000008002036E (0x00000013) addi x0, x0, 0x0                         inst_1+131298

mem[X,0x0000000080020372] -> 0x0013
mem[X,0x0000000080020374] -> 0x0000
[197] [M]: 0x0000000080020372 (0x00000013) addi x0, x0, 0x0                         inst_1+131302

clint mtime 0x0000000000000063 (mip.MTI <- 0b1, mip.STI <- 0b0)
mem[X,0x0000000080020376] -> 0x0013
mem[X,0x0000000080020378] -> 0x0000
[198] [M]: 0x0000000080020376 (0x00000013) addi x0, x0, 0x0                         inst_1+131306

mem[X,0x000000008002037A] -> 0x0013
mem[X,0x000000008002037C] -> 0x0000
[199] [M]: 0x000000008002037A (0x00000013) addi x0, x0, 0x0                         inst_1+131310

clint mtime 0x0000000000000064 (mip.MTI <- 0b1, mip.STI <- 0b0)
mem[X,0x000000008002037E] -> 0x0001
[200] [M]: 0x000000008002037E (0x0001) c.nop                                        inst_1+131314

mem[X,0x0000000080020380] -> 0x7613
mem[X,0x0000000080020382] -> 0xFFC6
[201] [M]: 0x0000000080020380 (0xFFC67613) andi x12, x12, -0x4                      inst_1+131316
x12 <- 0x000000008000028C

clint mtime 0x0000000000000065 (mip.MTI <- 0b1, mip.STI <- 0b0)
mem[X,0x0000000080020384] -> 0x0033
mem[X,0x0000000080020386] -> 0x40C0
[202] [M]: 0x0000000080020384 (0x40C00033) sub x0, x0, x12                          inst_1+131320

mem[X,0x0000000080020388] -> 0xB423
mem[X,0x000000008002038A] -> 0x0003
[203] [M]: 0x0000000080020388 (0x0003B423) sd x0, 0x8(x7)                           inst_1+131324
mem[W,0x0000000080125120] <- 0x0000000000000000

clint mtime 0x0000000000000066 (mip.MTI <- 0b1, mip.STI <- 0b0)
mem[X,0x000000008002038C] -> 0x0013
mem[X,0x000000008002038E] -> 0x0000
[204] [M]: 0x000000008002038C (0x00000013) addi x0, x0, 0x0                         inst_2+0

mem[X,0x0000000080020390] -> 0x0013
mem[X,0x0000000080020392] -> 0x0000
[205] [M]: 0x0000000080020390 (0x00000013) addi x0, x0, 0x0                         inst_2+4

clint mtime 0x0000000000000067 (mip.MTI <- 0b1, mip.STI <- 0b0)
mem[X,0x0000000080020394] -> 0x0013
mem[X,0x0000000080020396] -> 0x0000
[206] [M]: 0x0000000080020394 (0x00000013) addi x0, x0, 0x0                         inst_2+8

mem[X,0x0000000080020398] -> 0x0013
mem[X,0x000000008002039A] -> 0x0000
[207] [M]: 0x0000000080020398 (0x00000013) addi x0, x0, 0x0                         inst_2+12

clint mtime 0x0000000000000068 (mip.MTI <- 0b1, mip.STI <- 0b0)
mem[X,0x000000008002039C] -> 0x0013
mem[X,0x000000008002039E] -> 0x0000
[208] [M]: 0x000000008002039C (0x00000013) addi x0, x0, 0x0                         inst_2+16

mem[X,0x00000000800203A0] -> 0x0617
mem[X,0x00000000800203A2] -> 0x0008
[209] [M]: 0x00000000800203A0 (0x00080617) auipc x12, 0x80                          inst_2+20
x12 <- 0x00000000800A03A0

clint mtime 0x0000000000000069 (mip.MTI <- 0b1, mip.STI <- 0b0)
mem[X,0x00000000800203A4] -> 0x0613
mem[X,0x00000000800203A6] -> 0x0646
[210] [M]: 0x00000000800203A4 (0x06460613) addi x12, x12, 0x64                      inst_2+24
x12 <- 0x00000000800A0404

mem[X,0x00000000800203A8] -> 0x0001
[211] [M]: 0x00000000800203A8 (0x0001) c.nop                                        inst_2+28

clint mtime 0x000000000000006A (mip.MTI <- 0b1, mip.STI <- 0b0)
mem[X,0x00000000800203AA] -> 0x0013
mem[X,0x00000000800203AC] -> 0x0000
[212] [M]: 0x00000000800203AA (0x00000013) addi x0, x0, 0x0                         inst_2+30

mem[X,0x00000000800203AE] -> 0x0013
mem[X,0x00000000800203B0] -> 0x0000
[213] [M]: 0x00000000800203AE (0x00000013) addi x0, x0, 0x0                         inst_2+34

clint mtime 0x000000000000006B (mip.MTI <- 0b1, mip.STI <- 0b0)
mem[X,0x00000000800203B2] -> 0x0013
mem[X,0x00000000800203B4] -> 0x0000
[214] [M]: 0x00000000800203B2 (0x00000013) addi x0, x0, 0x0                         inst_2+38

mem[X,0x00000000800203B6] -> 0x0013
mem[X,0x00000000800203B8] -> 0x0000
[215] [M]: 0x00000000800203B6 (0x00000013) addi x0, x0, 0x0                         inst_2+42

clint mtime 0x000000000000006C (mip.MTI <- 0b1, mip.STI <- 0b0)
mem[X,0x00000000800203BA] -> 0x0013
mem[X,0x00000000800203BC] -> 0x0000
[216] [M]: 0x00000000800203BA (0x00000013) addi x0, x0, 0x0                         inst_2+46

mem[X,0x00000000800203BE] -> 0x0001
[217] [M]: 0x00000000800203BE (0x0001) c.nop                                        inst_2+50

clint mtime 0x000000000000006D (mip.MTI <- 0b1, mip.STI <- 0b0)
mem[X,0x00000000800203C0] -> 0x0513
mem[X,0x00000000800203C2] -> 0x0006
[218] [M]: 0x00000000800203C0 (0x00060513) addi x10, x12, 0x0                       inst_2+52
x10 <- 0x00000000800A0404

mem[X,0x00000000800203C4] -> 0x0067
mem[X,0x00000000800203C6] -> 0x0006
[219] [M]: 0x00000000800203C4 (0x00060067) jalr x0, 0x0(x12)                        inst_2+56

clint mtime 0x000000000000006E (mip.MTI <- 0b1, mip.STI <- 0b0)
mem[X,0x00000000800A0404] -> 0x056F
mem[X,0x00000000800A0406] -> 0x8008
[220] [M]: 0x00000000800A0404 (0x8008056F) jal x10, -0x80000                        inst_2+524408
x10 <- 0x00000000800A0408

mem[X,0x0000000080020404] -> 0x4513
mem[X,0x0000000080020406] -> 0x0015
[221] [M]: 0x0000000080020404 (0x00154513) xori x10, x10, 0x1                       inst_2+120
x10 <- 0x00000000800A0409

clint mtime 0x000000000000006F (mip.MTI <- 0b1, mip.STI <- 0b0)
mem[X,0x0000000080020408] -> 0x00E3
mem[X,0x000000008002040A] -> 0xFC00
[222] [M]: 0x0000000080020408 (0xFC0000E3) beq x0, x0, -0x40                        inst_2+124

mem[X,0x00000000800203C8] -> 0x0013
mem[X,0x00000000800203CA] -> 0x0000
[223] [M]: 0x00000000800203C8 (0x00000013) addi x0, x0, 0x0                         inst_2+60

clint mtime 0x0000000000000070 (mip.MTI <- 0b1, mip.STI <- 0b0)
mem[X,0x00000000800203CC] -> 0x0013
mem[X,0x00000000800203CE] -> 0x0000
[224] [M]: 0x00000000800203CC (0x00000013) addi x0, x0, 0x0                         inst_2+64

mem[X,0x00000000800203D0] -> 0x0013
mem[X,0x00000000800203D2] -> 0x0000
[225] [M]: 0x00000000800203D0 (0x00000013) addi x0, x0, 0x0                         inst_2+68

clint mtime 0x0000000000000071 (mip.MTI <- 0b1, mip.STI <- 0b0)
mem[X,0x00000000800203D4] -> 0x0013
mem[X,0x00000000800203D6] -> 0x0000
[226] [M]: 0x00000000800203D4 (0x00000013) addi x0, x0, 0x0                         inst_2+72

mem[X,0x00000000800203D8] -> 0x0013
mem[X,0x00000000800203DA] -> 0x0000
[227] [M]: 0x00000000800203D8 (0x00000013) addi x0, x0, 0x0                         inst_2+76

clint mtime 0x0000000000000072 (mip.MTI <- 0b1, mip.STI <- 0b0)
mem[X,0x00000000800203DC] -> 0x0013
mem[X,0x00000000800203DE] -> 0x0000
[228] [M]: 0x00000000800203DC (0x00000013) addi x0, x0, 0x0                         inst_2+80

mem[X,0x00000000800203E0] -> 0x0617
mem[X,0x00000000800203E2] -> 0x0008
[229] [M]: 0x00000000800203E0 (0x00080617) auipc x12, 0x80                          inst_2+84
x12 <- 0x00000000800A03E0

clint mtime 0x0000000000000073 (mip.MTI <- 0b1, mip.STI <- 0b0)
mem[X,0x00000000800203E4] -> 0x0613
mem[X,0x00000000800203E6] -> 0x0646
[230] [M]: 0x00000000800203E4 (0x06460613) addi x12, x12, 0x64                      inst_2+88
x12 <- 0x00000000800A0444

mem[X,0x00000000800203E8] -> 0x0001
[231] [M]: 0x00000000800203E8 (0x0001) c.nop                                        inst_2+92

clint mtime 0x0000000000000074 (mip.MTI <- 0b1, mip.STI <- 0b0)
mem[X,0x00000000800203EA] -> 0x0013
mem[X,0x00000000800203EC] -> 0x0000
[232] [M]: 0x00000000800203EA (0x00000013) addi x0, x0, 0x0                         inst_2+94

mem[X,0x00000000800203EE] -> 0x0013
mem[X,0x00000000800203F0] -> 0x0000
[233] [M]: 0x00000000800203EE (0x00000013) addi x0, x0, 0x0                         inst_2+98

clint mtime 0x0000000000000075 (mip.MTI <- 0b1, mip.STI <- 0b0)
mem[X,0x00000000800203F2] -> 0x0013
mem[X,0x00000000800203F4] -> 0x0000
[234] [M]: 0x00000000800203F2 (0x00000013) addi x0, x0, 0x0                         inst_2+102

mem[X,0x00000000800203F6] -> 0x0013
mem[X,0x00000000800203F8] -> 0x0000
[235] [M]: 0x00000000800203F6 (0x00000013) addi x0, x0, 0x0                         inst_2+106

clint mtime 0x0000000000000076 (mip.MTI <- 0b1, mip.STI <- 0b0)
mem[X,0x00000000800203FA] -> 0x0013
mem[X,0x00000000800203FC] -> 0x0000
[236] [M]: 0x00000000800203FA (0x00000013) addi x0, x0, 0x0                         inst_2+110

mem[X,0x00000000800203FE] -> 0x0001
[237] [M]: 0x00000000800203FE (0x0001) c.nop                                        inst_2+114

clint mtime 0x0000000000000077 (mip.MTI <- 0b1, mip.STI <- 0b0)
mem[X,0x0000000080020400] -> 0x0067
mem[X,0x0000000080020402] -> 0x0006
[238] [M]: 0x0000000080020400 (0x00060067) jalr x0, 0x0(x12)                        inst_2+116

mem[X,0x00000000800A0444] -> 0x0013
mem[X,0x00000000800A0446] -> 0x0000
[239] [M]: 0x00000000800A0444 (0x00000013) addi x0, x0, 0x0                         inst_2+524472

clint mtime 0x0000000000000078 (mip.MTI <- 0b1, mip.STI <- 0b0)
mem[X,0x00000000800A0448] -> 0x0013
mem[X,0x00000000800A044A] -> 0x0000
[240] [M]: 0x00000000800A0448 (0x00000013) addi x0, x0, 0x0                         inst_2+524476

mem[X,0x00000000800A044C] -> 0x0013
mem[X,0x00000000800A044E] -> 0x0000
[241] [M]: 0x00000000800A044C (0x00000013) addi x0, x0, 0x0                         inst_2+524480

clint mtime 0x0000000000000079 (mip.MTI <- 0b1, mip.STI <- 0b0)
mem[X,0x00000000800A0450] -> 0x0013
mem[X,0x00000000800A0452] -> 0x0000
[242] [M]: 0x00000000800A0450 (0x00000013) addi x0, x0, 0x0                         inst_2+524484

mem[X,0x00000000800A0454] -> 0x0013
mem[X,0x00000000800A0456] -> 0x0000
[243] [M]: 0x00000000800A0454 (0x00000013) addi x0, x0, 0x0                         inst_2+524488

clint mtime 0x000000000000007A (mip.MTI <- 0b1, mip.STI <- 0b0)
mem[X,0x00000000800A0458] -> 0x0013
mem[X,0x00000000800A045A] -> 0x0000
[244] [M]: 0x00000000800A0458 (0x00000013) addi x0, x0, 0x0                         inst_2+524492

mem[X,0x00000000800A045C] -> 0x0013
mem[X,0x00000000800A045E] -> 0x0000
[245] [M]: 0x00000000800A045C (0x00000013) addi x0, x0, 0x0                         inst_2+524496

clint mtime 0x000000000000007B (mip.MTI <- 0b1, mip.STI <- 0b0)
mem[X,0x00000000800A0460] -> 0x0617
mem[X,0x00000000800A0462] -> 0xFFF8
[246] [M]: 0x00000000800A0460 (0xFFF80617) auipc x12, -0x80                         inst_2+524500
x12 <- 0x0000000080020460

mem[X,0x00000000800A0464] -> 0x0613
mem[X,0x00000000800A0466] -> 0xF2C6
[247] [M]: 0x00000000800A0464 (0xF2C60613) addi x12, x12, -0xd4                     inst_2+524504
x12 <- 0x000000008002038C

clint mtime 0x000000000000007C (mip.MTI <- 0b1, mip.STI <- 0b0)
mem[X,0x00000000800A0468] -> 0x0001
[248] [M]: 0x00000000800A0468 (0x0001) c.nop                                        inst_2+524508

mem[X,0x00000000800A046A] -> 0x0013
mem[X,0x00000000800A046C] -> 0x0000
[249] [M]: 0x00000000800A046A (0x00000013) addi x0, x0, 0x0                         inst_2+524510

clint mtime 0x000000000000007D (mip.MTI <- 0b1, mip.STI <- 0b0)
mem[X,0x00000000800A046E] -> 0x0013
mem[X,0x00000000800A0470] -> 0x0000
[250] [M]: 0x00000000800A046E (0x00000013) addi x0, x0, 0x0                         inst_2+524514

mem[X,0x00000000800A0472] -> 0x0013
mem[X,0x00000000800A0474] -> 0x0000
[251] [M]: 0x00000000800A0472 (0x00000013) addi x0, x0, 0x0                         inst_2+524518

clint mtime 0x000000000000007E (mip.MTI <- 0b1, mip.STI <- 0b0)
mem[X,0x00000000800A0476] -> 0x0013
mem[X,0x00000000800A0478] -> 0x0000
[252] [M]: 0x00000000800A0476 (0x00000013) addi x0, x0, 0x0                         inst_2+524522

mem[X,0x00000000800A047A] -> 0x0013
mem[X,0x00000000800A047C] -> 0x0000
[253] [M]: 0x00000000800A047A (0x00000013) addi x0, x0, 0x0                         inst_2+524526

clint mtime 0x000000000000007F (mip.MTI <- 0b1, mip.STI <- 0b0)
mem[X,0x00000000800A047E] -> 0x0001
[254] [M]: 0x00000000800A047E (0x0001) c.nop                                        inst_2+524530

mem[X,0x00000000800A0480] -> 0x7613
mem[X,0x00000000800A0482] -> 0xFFC6
[255] [M]: 0x00000000800A0480 (0xFFC67613) andi x12, x12, -0x4                      inst_2+524532
x12 <- 0x000000008002038C

clint mtime 0x0000000000000080 (mip.MTI <- 0b1, mip.STI <- 0b0)
mem[X,0x00000000800A0484] -> 0x0533
mem[X,0x00000000800A0486] -> 0x40C5
[256] [M]: 0x00000000800A0484 (0x40C50533) sub x10, x10, x12                        inst_2+524536
x10 <- 0x000000000008007D

mem[X,0x00000000800A0488] -> 0xB823
mem[X,0x00000000800A048A] -> 0x00A3
[257] [M]: 0x00000000800A0488 (0x00A3B823) sd x10, 0x10(x7)                         inst_2+524540
mem[W,0x0000000080125128] <- 0x000000000008007D

clint mtime 0x0000000000000081 (mip.MTI <- 0b1, mip.STI <- 0b0)
mem[X,0x00000000800A048C] -> 0x0013
mem[X,0x00000000800A048E] -> 0x0000
[258] [M]: 0x00000000800A048C (0x00000013) addi x0, x0, 0x0                         inst_3+0

mem[X,0x00000000800A0490] -> 0x0013
mem[X,0x00000000800A0492] -> 0x0000
[259] [M]: 0x00000000800A0490 (0x00000013) addi x0, x0, 0x0                         inst_3+4

clint mtime 0x0000000000000082 (mip.MTI <- 0b1, mip.STI <- 0b0)
mem[X,0x00000000800A0494] -> 0x0013
mem[X,0x00000000800A0496] -> 0x0000
[260] [M]: 0x00000000800A0494 (0x00000013) addi x0, x0, 0x0                         inst_3+8

mem[X,0x00000000800A0498] -> 0x0013
mem[X,0x00000000800A049A] -> 0x0000
[261] [M]: 0x00000000800A0498 (0x00000013) addi x0, x0, 0x0                         inst_3+12

clint mtime 0x0000000000000083 (mip.MTI <- 0b1, mip.STI <- 0b0)
mem[X,0x00000000800A049C] -> 0x0013
mem[X,0x00000000800A049E] -> 0x0000
[262] [M]: 0x00000000800A049C (0x00000013) addi x0, x0, 0x0                         inst_3+16

mem[X,0x00000000800A04A0] -> 0x0617
mem[X,0x00000000800A04A2] -> 0x0000
[263] [M]: 0x00000000800A04A0 (0x00000617) auipc x12, 0x0                           inst_3+20
x12 <- 0x00000000800A04A0

clint mtime 0x0000000000000084 (mip.MTI <- 0b1, mip.STI <- 0b0)
mem[X,0x00000000800A04A4] -> 0x0613
mem[X,0x00000000800A04A6] -> 0x06C6
[264] [M]: 0x00000000800A04A4 (0x06C60613) addi x12, x12, 0x6c                      inst_3+24
x12 <- 0x00000000800A050C

mem[X,0x00000000800A04A8] -> 0x0001
[265] [M]: 0x00000000800A04A8 (0x0001) c.nop                                        inst_3+28

clint mtime 0x0000000000000085 (mip.MTI <- 0b1, mip.STI <- 0b0)
mem[X,0x00000000800A04AA] -> 0x0013
mem[X,0x00000000800A04AC] -> 0x0000
[266] [M]: 0x00000000800A04AA (0x00000013) addi x0, x0, 0x0                         inst_3+30

mem[X,0x00000000800A04AE] -> 0x0013
mem[X,0x00000000800A04B0] -> 0x0000
[267] [M]: 0x00000000800A04AE (0x00000013) addi x0, x0, 0x0                         inst_3+34

clint mtime 0x0000000000000086 (mip.MTI <- 0b1, mip.STI <- 0b0)
mem[X,0x00000000800A04B2] -> 0x0013
mem[X,0x00000000800A04B4] -> 0x0000
[268] [M]: 0x00000000800A04B2 (0x00000013) addi x0, x0, 0x0                         inst_3+38

mem[X,0x00000000800A04B6] -> 0x0013
mem[X,0x00000000800A04B8] -> 0x0000
[269] [M]: 0x00000000800A04B6 (0x00000013) addi x0, x0, 0x0                         inst_3+42

clint mtime 0x0000000000000087 (mip.MTI <- 0b1, mip.STI <- 0b0)
mem[X,0x00000000800A04BA] -> 0x0013
mem[X,0x00000000800A04BC] -> 0x0000
[270] [M]: 0x00000000800A04BA (0x00000013) addi x0, x0, 0x0                         inst_3+46

mem[X,0x00000000800A04BE] -> 0x0001
[271] [M]: 0x00000000800A04BE (0x0001) c.nop                                        inst_3+50

clint mtime 0x0000000000000088 (mip.MTI <- 0b1, mip.STI <- 0b0)
mem[X,0x00000000800A04C0] -> 0x0F93
mem[X,0x00000000800A04C2] -> 0x0006
[272] [M]: 0x00000000800A04C0 (0x00060F93) addi x31, x12, 0x0                       inst_3+52
x31 <- 0x00000000800A050C

mem[X,0x00000000800A04C4] -> 0x0067
mem[X,0x00000000800A04C6] -> 0x0006
[273] [M]: 0x00000000800A04C4 (0x00060067) jalr x0, 0x0(x12)                        inst_3+56

clint mtime 0x0000000000000089 (mip.MTI <- 0b1, mip.STI <- 0b0)
mem[X,0x00000000800A050C] -> 0x0FEF
mem[X,0x00000000800A050E] -> 0x0008
[274] [M]: 0x00000000800A050C (0x00080FEF) jal x31, 0x80000                         inst_3+128
x31 <- 0x00000000800A0510

mem[X,0x000000008012050C] -> 0xCF93
mem[X,0x000000008012050E] -> 0x003F
[275] [M]: 0x000000008012050C (0x003FCF93) xori x31, x31, 0x3                       inst_3+524416
x31 <- 0x00000000800A0513

clint mtime 0x000000000000008A (mip.MTI <- 0b1, mip.STI <- 0b0)
mem[X,0x0000000080120510] -> 0x0013
mem[X,0x0000000080120512] -> 0x0000
[276] [M]: 0x0000000080120510 (0x00000013) addi x0, x0, 0x0                         inst_3+524420

mem[X,0x0000000080120514] -> 0x0013
mem[X,0x0000000080120516] -> 0x0000
[277] [M]: 0x0000000080120514 (0x00000013) addi x0, x0, 0x0                         inst_3+524424

clint mtime 0x000000000000008B (mip.MTI <- 0b1, mip.STI <- 0b0)
mem[X,0x0000000080120518] -> 0x0013
mem[X,0x000000008012051A] -> 0x0000
[278] [M]: 0x0000000080120518 (0x00000013) addi x0, x0, 0x0                         inst_3+524428

mem[X,0x000000008012051C] -> 0x0013
mem[X,0x000000008012051E] -> 0x0000
[279] [M]: 0x000000008012051C (0x00000013) addi x0, x0, 0x0                         inst_3+524432

clint mtime 0x000000000000008C (mip.MTI <- 0b1, mip.STI <- 0b0)
mem[X,0x0000000080120520] -> 0x0617
mem[X,0x0000000080120522] -> 0x0000
[280] [M]: 0x0000000080120520 (0x00000617) auipc x12, 0x0                           inst_3+524436
x12 <- 0x0000000080120520

mem[X,0x0000000080120524] -> 0x0613
mem[X,0x0000000080120526] -> 0x0246
[281] [M]: 0x0000000080120524 (0x02460613) addi x12, x12, 0x24                      inst_3+524440
x12 <- 0x0000000080120544

clint mtime 0x000000000000008D (mip.MTI <- 0b1, mip.STI <- 0b0)
mem[X,0x0000000080120528] -> 0x0001
[282] [M]: 0x0000000080120528 (0x0001) c.nop                                        inst_3+524444

mem[X,0x000000008012052A] -> 0x0013
mem[X,0x000000008012052C] -> 0x0000
[283] [M]: 0x000000008012052A (0x00000013) addi x0, x0, 0x0                         inst_3+524446

clint mtime 0x000000000000008E (mip.MTI <- 0b1, mip.STI <- 0b0)
mem[X,0x000000008012052E] -> 0x0013
mem[X,0x0000000080120530] -> 0x0000
[284] [M]: 0x000000008012052E (0x00000013) addi x0, x0, 0x0                         inst_3+524450

mem[X,0x0000000080120532] -> 0x0013
mem[X,0x0000000080120534] -> 0x0000
[285] [M]: 0x0000000080120532 (0x00000013) addi x0, x0, 0x0                         inst_3+524454

clint mtime 0x000000000000008F (mip.MTI <- 0b1, mip.STI <- 0b0)
mem[X,0x0000000080120536] -> 0x0013
mem[X,0x0000000080120538] -> 0x0000
[286] [M]: 0x0000000080120536 (0x00000013) addi x0, x0, 0x0                         inst_3+524458

mem[X,0x000000008012053A] -> 0x0013
mem[X,0x000000008012053C] -> 0x0000
[287] [M]: 0x000000008012053A (0x00000013) addi x0, x0, 0x0                         inst_3+524462

clint mtime 0x0000000000000090 (mip.MTI <- 0b1, mip.STI <- 0b0)
mem[X,0x000000008012053E] -> 0x0001
[288] [M]: 0x000000008012053E (0x0001) c.nop                                        inst_3+524466

mem[X,0x0000000080120540] -> 0x0067
mem[X,0x0000000080120542] -> 0x0006
[289] [M]: 0x0000000080120540 (0x00060067) jalr x0, 0x0(x12)                        inst_3+524468

clint mtime 0x0000000000000091 (mip.MTI <- 0b1, mip.STI <- 0b0)
mem[X,0x0000000080120544] -> 0x0013
mem[X,0x0000000080120546] -> 0x0000
[290] [M]: 0x0000000080120544 (0x00000013) addi x0, x0, 0x0                         inst_3+524472

mem[X,0x0000000080120548] -> 0x0013
mem[X,0x000000008012054A] -> 0x0000
[291] [M]: 0x0000000080120548 (0x00000013) addi x0, x0, 0x0                         inst_3+524476

clint mtime 0x0000000000000092 (mip.MTI <- 0b1, mip.STI <- 0b0)
mem[X,0x000000008012054C] -> 0x0013
mem[X,0x000000008012054E] -> 0x0000
[292] [M]: 0x000000008012054C (0x00000013) addi x0, x0, 0x0                         inst_3+524480

mem[X,0x0000000080120550] -> 0x0013
mem[X,0x0000000080120552] -> 0x0000
[293] [M]: 0x0000000080120550 (0x00000013) addi x0, x0, 0x0                         inst_3+524484

clint mtime 0x0000000000000093 (mip.MTI <- 0b1, mip.STI <- 0b0)
mem[X,0x0000000080120554] -> 0x0013
mem[X,0x0000000080120556] -> 0x0000
[294] [M]: 0x0000000080120554 (0x00000013) addi x0, x0, 0x0                         inst_3+524488

mem[X,0x0000000080120558] -> 0x0013
mem[X,0x000000008012055A] -> 0x0000
[295] [M]: 0x0000000080120558 (0x00000013) addi x0, x0, 0x0                         inst_3+524492

clint mtime 0x0000000000000094 (mip.MTI <- 0b1, mip.STI <- 0b0)
mem[X,0x000000008012055C] -> 0x0013
mem[X,0x000000008012055E] -> 0x0000
[296] [M]: 0x000000008012055C (0x00000013) addi x0, x0, 0x0                         inst_3+524496

mem[X,0x0000000080120560] -> 0x0617
mem[X,0x0000000080120562] -> 0xFFF8
[297] [M]: 0x0000000080120560 (0xFFF80617) auipc x12, -0x80                         inst_3+524500
x12 <- 0x00000000800A0560

clint mtime 0x0000000000000095 (mip.MTI <- 0b1, mip.STI <- 0b0)
mem[X,0x0000000080120564] -> 0x0613
mem[X,0x0000000080120566] -> 0xF2C6
[298] [M]: 0x0000000080120564 (0xF2C60613) addi x12, x12, -0xd4                     inst_3+524504
x12 <- 0x00000000800A048C

mem[X,0x0000000080120568] -> 0x0001
[299] [M]: 0x0000000080120568 (0x0001) c.nop                                        inst_3+524508

clint mtime 0x0000000000000096 (mip.MTI <- 0b1, mip.STI <- 0b0)
mem[X,0x000000008012056A] -> 0x0013
mem[X,0x000000008012056C] -> 0x0000
[300] [M]: 0x000000008012056A (0x00000013) addi x0, x0, 0x0                         inst_3+524510

mem[X,0x000000008012056E] -> 0x0013
mem[X,0x0000000080120570] -> 0x0000
[301] [M]: 0x000000008012056E (0x00000013) addi x0, x0, 0x0                         inst_3+524514

clint mtime 0x0000000000000097 (mip.MTI <- 0b1, mip.STI <- 0b0)
mem[X,0x0000000080120572] -> 0x0013
mem[X,0x0000000080120574] -> 0x0000
[302] [M]: 0x0000000080120572 (0x00000013) addi x0, x0, 0x0                         inst_3+524518

mem[X,0x0000000080120576] -> 0x0013
mem[X,0x0000000080120578] -> 0x0000
[303] [M]: 0x0000000080120576 (0x00000013) addi x0, x0, 0x0                         inst_3+524522

clint mtime 0x0000000000000098 (mip.MTI <- 0b1, mip.STI <- 0b0)
mem[X,0x000000008012057A] -> 0x0013
mem[X,0x000000008012057C] -> 0x0000
[304] [M]: 0x000000008012057A (0x00000013) addi x0, x0, 0x0                         inst_3+524526

mem[X,0x000000008012057E] -> 0x0001
[305] [M]: 0x000000008012057E (0x0001) c.nop                                        inst_3+524530

clint mtime 0x0000000000000099 (mip.MTI <- 0b1, mip.STI <- 0b0)
mem[X,0x0000000080120580] -> 0x7613
mem[X,0x0000000080120582] -> 0xFFC6
[306] [M]: 0x0000000080120580 (0xFFC67613) andi x12, x12, -0x4                      inst_3+524532
x12 <- 0x00000000800A048C

mem[X,0x0000000080120584] -> 0x8FB3
mem[X,0x0000000080120586] -> 0x40CF
[307] [M]: 0x0000000080120584 (0x40CF8FB3) sub x31, x31, x12                        inst_3+524536
x31 <- 0x0000000000000087

clint mtime 0x000000000000009A (mip.MTI <- 0b1, mip.STI <- 0b0)
mem[X,0x0000000080120588] -> 0xBC23
mem[X,0x000000008012058A] -> 0x01F3
[308] [M]: 0x0000000080120588 (0x01F3BC23) sd x31, 0x18(x7)                         inst_3+524540
mem[W,0x0000000080125130] <- 0x0000000000000087

mem[X,0x000000008012058C] -> 0x0013
mem[X,0x000000008012058E] -> 0x0000
[309] [M]: 0x000000008012058C (0x00000013) addi x0, x0, 0x0                         inst_4+0

clint mtime 0x000000000000009B (mip.MTI <- 0b1, mip.STI <- 0b0)
mem[X,0x0000000080120590] -> 0x0013
mem[X,0x0000000080120592] -> 0x0000
[310] [M]: 0x0000000080120590 (0x00000013) addi x0, x0, 0x0                         inst_4+4

mem[X,0x0000000080120594] -> 0x0013
mem[X,0x0000000080120596] -> 0x0000
[311] [M]: 0x0000000080120594 (0x00000013) addi x0, x0, 0x0                         inst_4+8

clint mtime 0x000000000000009C (mip.MTI <- 0b1, mip.STI <- 0b0)
mem[X,0x0000000080120598] -> 0x0013
mem[X,0x000000008012059A] -> 0x0000
[312] [M]: 0x0000000080120598 (0x00000013) addi x0, x0, 0x0                         inst_4+12

mem[X,0x000000008012059C] -> 0x0013
mem[X,0x000000008012059E] -> 0x0000
[313] [M]: 0x000000008012059C (0x00000013) addi x0, x0, 0x0                         inst_4+16

clint mtime 0x000000000000009D (mip.MTI <- 0b1, mip.STI <- 0b0)
mem[X,0x00000000801205A0] -> 0x0617
mem[X,0x00000000801205A2] -> 0x0000
[314] [M]: 0x00000000801205A0 (0x00000617) auipc x12, 0x0                           inst_4+20
x12 <- 0x00000000801205A0

mem[X,0x00000000801205A4] -> 0x0613
mem[X,0x00000000801205A6] -> 0x06C6
[315] [M]: 0x00000000801205A4 (0x06C60613) addi x12, x12, 0x6c                      inst_4+24
x12 <- 0x000000008012060C

clint mtime 0x000000000000009E (mip.MTI <- 0b1, mip.STI <- 0b0)
mem[X,0x00000000801205A8] -> 0x0001
[316] [M]: 0x00000000801205A8 (0x0001) c.nop                                        inst_4+28

mem[X,0x00000000801205AA] -> 0x0013
mem[X,0x00000000801205AC] -> 0x0000
[317] [M]: 0x00000000801205AA (0x00000013) addi x0, x0, 0x0                         inst_4+30

clint mtime 0x000000000000009F (mip.MTI <- 0b1, mip.STI <- 0b0)
mem[X,0x00000000801205AE] -> 0x0013
mem[X,0x00000000801205B0] -> 0x0000
[318] [M]: 0x00000000801205AE (0x00000013) addi x0, x0, 0x0                         inst_4+34

mem[X,0x00000000801205B2] -> 0x0013
mem[X,0x00000000801205B4] -> 0x0000
[319] [M]: 0x00000000801205B2 (0x00000013) addi x0, x0, 0x0                         inst_4+38

clint mtime 0x00000000000000A0 (mip.MTI <- 0b1, mip.STI <- 0b0)
mem[X,0x00000000801205B6] -> 0x0013
mem[X,0x00000000801205B8] -> 0x0000
[320] [M]: 0x00000000801205B6 (0x00000013) addi x0, x0, 0x0                         inst_4+42

mem[X,0x00000000801205BA] -> 0x0013
mem[X,0x00000000801205BC] -> 0x0000
[321] [M]: 0x00000000801205BA (0x00000013) addi x0, x0, 0x0                         inst_4+46

clint mtime 0x00000000000000A1 (mip.MTI <- 0b1, mip.STI <- 0b0)
mem[X,0x00000000801205BE] -> 0x0001
[322] [M]: 0x00000000801205BE (0x0001) c.nop                                        inst_4+50

mem[X,0x00000000801205C0] -> 0x0713
mem[X,0x00000000801205C2] -> 0x0006
[323] [M]: 0x00000000801205C0 (0x00060713) addi x14, x12, 0x0                       inst_4+52
x14 <- 0x000000008012060C

clint mtime 0x00000000000000A2 (mip.MTI <- 0b1, mip.STI <- 0b0)
mem[X,0x00000000801205C4] -> 0x0067
mem[X,0x00000000801205C6] -> 0x0006
[324] [M]: 0x00000000801205C4 (0x00060067) jalr x0, 0x0(x12)                        inst_4+56

mem[X,0x000000008012060C] -> 0x076F
mem[X,0x000000008012060E] -> 0x00C0
[325] [M]: 0x000000008012060C (0x00C0076F) jal x14, 0xc                             inst_4+128
x14 <- 0x0000000080120610

clint mtime 0x00000000000000A3 (mip.MTI <- 0b1, mip.STI <- 0b0)
mem[X,0x0000000080120618] -> 0x4713
mem[X,0x000000008012061A] -> 0x0037
[326] [M]: 0x0000000080120618 (0x00374713) xori x14, x14, 0x3                       inst_4+140
x14 <- 0x0000000080120613

mem[X,0x000000008012061C] -> 0x0013
mem[X,0x000000008012061E] -> 0x0000
[327] [M]: 0x000000008012061C (0x00000013) addi x0, x0, 0x0                         inst_4+144

clint mtime 0x00000000000000A4 (mip.MTI <- 0b1, mip.STI <- 0b0)
mem[X,0x0000000080120620] -> 0x0617
mem[X,0x0000000080120622] -> 0x0000
[328] [M]: 0x0000000080120620 (0x00000617) auipc x12, 0x0                           inst_4+148
x12 <- 0x0000000080120620

mem[X,0x0000000080120624] -> 0x0613
mem[X,0x0000000080120626] -> 0x0246
[329] [M]: 0x0000000080120624 (0x02460613) addi x12, x12, 0x24                      inst_4+152
x12 <- 0x0000000080120644

clint mtime 0x00000000000000A5 (mip.MTI <- 0b1, mip.STI <- 0b0)
mem[X,0x0000000080120628] -> 0x0001
[330] [M]: 0x0000000080120628 (0x0001) c.nop                                        inst_4+156

mem[X,0x000000008012062A] -> 0x0013
mem[X,0x000000008012062C] -> 0x0000
[331] [M]: 0x000000008012062A (0x00000013) addi x0, x0, 0x0                         inst_4+158

clint mtime 0x00000000000000A6 (mip.MTI <- 0b1, mip.STI <- 0b0)
mem[X,0x000000008012062E] -> 0x0013
mem[X,0x0000000080120630] -> 0x0000
[332] [M]: 0x000000008012062E (0x00000013) addi x0, x0, 0x0                         inst_4+162

mem[X,0x0000000080120632] -> 0x0013
mem[X,0x0000000080120634] -> 0x0000
[333] [M]: 0x0000000080120632 (0x00000013) addi x0, x0, 0x0                         inst_4+166

clint mtime 0x00000000000000A7 (mip.MTI <- 0b1, mip.STI <- 0b0)
mem[X,0x0000000080120636] -> 0x0013
mem[X,0x0000000080120638] -> 0x0000
[334] [M]: 0x0000000080120636 (0x00000013) addi x0, x0, 0x0                         inst_4+170

mem[X,0x000000008012063A] -> 0x0013
mem[X,0x000000008012063C] -> 0x0000
[335] [M]: 0x000000008012063A (0x00000013) addi x0, x0, 0x0                         inst_4+174

clint mtime 0x00000000000000A8 (mip.MTI <- 0b1, mip.STI <- 0b0)
mem[X,0x000000008012063E] -> 0x0001
[336] [M]: 0x000000008012063E (0x0001) c.nop                                        inst_4+178

mem[X,0x0000000080120640] -> 0x0067
mem[X,0x0000000080120642] -> 0x0006
[337] [M]: 0x0000000080120640 (0x00060067) jalr x0, 0x0(x12)                        inst_4+180

clint mtime 0x00000000000000A9 (mip.MTI <- 0b1, mip.STI <- 0b0)
mem[X,0x0000000080120644] -> 0x0013
mem[X,0x0000000080120646] -> 0x0000
[338] [M]: 0x0000000080120644 (0x00000013) addi x0, x0, 0x0                         inst_4+184

mem[X,0x0000000080120648] -> 0x0013
mem[X,0x000000008012064A] -> 0x0000
[339] [M]: 0x0000000080120648 (0x00000013) addi x0, x0, 0x0                         inst_4+188

clint mtime 0x00000000000000AA (mip.MTI <- 0b1, mip.STI <- 0b0)
mem[X,0x000000008012064C] -> 0x0013
mem[X,0x000000008012064E] -> 0x0000
[340] [M]: 0x000000008012064C (0x00000013) addi x0, x0, 0x0                         inst_4+192

mem[X,0x0000000080120650] -> 0x0013
mem[X,0x0000000080120652] -> 0x0000
[341] [M]: 0x0000000080120650 (0x00000013) addi x0, x0, 0x0                         inst_4+196

clint mtime 0x00000000000000AB (mip.MTI <- 0b1, mip.STI <- 0b0)
mem[X,0x0000000080120654] -> 0x0013
mem[X,0x0000000080120656] -> 0x0000
[342] [M]: 0x0000000080120654 (0x00000013) addi x0, x0, 0x0                         inst_4+200

mem[X,0x0000000080120658] -> 0x0013
mem[X,0x000000008012065A] -> 0x0000
[343] [M]: 0x0000000080120658 (0x00000013) addi x0, x0, 0x0                         inst_4+204

clint mtime 0x00000000000000AC (mip.MTI <- 0b1, mip.STI <- 0b0)
mem[X,0x000000008012065C] -> 0x0013
mem[X,0x000000008012065E] -> 0x0000
[344] [M]: 0x000000008012065C (0x00000013) addi x0, x0, 0x0                         inst_4+208

mem[X,0x0000000080120660] -> 0x0617
mem[X,0x0000000080120662] -> 0x0000
[345] [M]: 0x0000000080120660 (0x00000617) auipc x12, 0x0                           inst_4+212
x12 <- 0x0000000080120660

clint mtime 0x00000000000000AD (mip.MTI <- 0b1, mip.STI <- 0b0)
mem[X,0x0000000080120664] -> 0x0613
mem[X,0x0000000080120666] -> 0xF2C6
[346] [M]: 0x0000000080120664 (0xF2C60613) addi x12, x12, -0xd4                     inst_4+216
x12 <- 0x000000008012058C

mem[X,0x0000000080120668] -> 0x0001
[347] [M]: 0x0000000080120668 (0x0001) c.nop                                        inst_4+220

clint mtime 0x00000000000000AE (mip.MTI <- 0b1, mip.STI <- 0b0)
mem[X,0x000000008012066A] -> 0x0013
mem[X,0x000000008012066C] -> 0x0000
[348] [M]: 0x000000008012066A (0x00000013) addi x0, x0, 0x0                         inst_4+222

mem[X,0x000000008012066E] -> 0x0013
mem[X,0x0000000080120670] -> 0x0000
[349] [M]: 0x000000008012066E (0x00000013) addi x0, x0, 0x0                         inst_4+226

clint mtime 0x00000000000000AF (mip.MTI <- 0b1, mip.STI <- 0b0)
mem[X,0x0000000080120672] -> 0x0013
mem[X,0x0000000080120674] -> 0x0000
[350] [M]: 0x0000000080120672 (0x00000013) addi x0, x0, 0x0                         inst_4+230

mem[X,0x0000000080120676] -> 0x0013
mem[X,0x0000000080120678] -> 0x0000
[351] [M]: 0x0000000080120676 (0x00000013) addi x0, x0, 0x0                         inst_4+234

clint mtime 0x00000000000000B0 (mip.MTI <- 0b1, mip.STI <- 0b0)
mem[X,0x000000008012067A] -> 0x0013
mem[X,0x000000008012067C] -> 0x0000
[352] [M]: 0x000000008012067A (0x00000013) addi x0, x0, 0x0                         inst_4+238

mem[X,0x000000008012067E] -> 0x0001
[353] [M]: 0x000000008012067E (0x0001) c.nop                                        inst_4+242

clint mtime 0x00000000000000B1 (mip.MTI <- 0b1, mip.STI <- 0b0)
mem[X,0x0000000080120680] -> 0x7613
mem[X,0x0000000080120682] -> 0xFFC6
[354] [M]: 0x0000000080120680 (0xFFC67613) andi x12, x12, -0x4                      inst_4+244
x12 <- 0x000000008012058C

mem[X,0x0000000080120684] -> 0x0733
mem[X,0x0000000080120686] -> 0x40C7
[355] [M]: 0x0000000080120684 (0x40C70733) sub x14, x14, x12                        inst_4+248
x14 <- 0x0000000000000087

clint mtime 0x00000000000000B2 (mip.MTI <- 0b1, mip.STI <- 0b0)
mem[X,0x0000000080120688] -> 0xB023
mem[X,0x000000008012068A] -> 0x02E3
[356] [M]: 0x0000000080120688 (0x02E3B023) sd x14, 0x20(x7)                         inst_4+252
mem[W,0x0000000080125138] <- 0x0000000000000087

mem[X,0x000000008012068C] -> 0x0013
mem[X,0x000000008012068E] -> 0x0000
[357] [M]: 0x000000008012068C (0x00000013) addi x0, x0, 0x0                         inst_5+0

clint mtime 0x00000000000000B3 (mip.MTI <- 0b1, mip.STI <- 0b0)
mem[X,0x0000000080120690] -> 0x0013
mem[X,0x0000000080120692] -> 0x0000
[358] [M]: 0x0000000080120690 (0x00000013) addi x0, x0, 0x0                         inst_5+4

mem[X,0x0000000080120694] -> 0x0013
mem[X,0x0000000080120696] -> 0x0000
[359] [M]: 0x0000000080120694 (0x00000013) addi x0, x0, 0x0                         inst_5+8

clint mtime 0x00000000000000B4 (mip.MTI <- 0b1, mip.STI <- 0b0)
mem[X,0x0000000080120698] -> 0x0013
mem[X,0x000000008012069A] -> 0x0000
[360] [M]: 0x0000000080120698 (0x00000013) addi x0, x0, 0x0                         inst_5+12

mem[X,0x000000008012069C] -> 0x0013
mem[X,0x000000008012069E] -> 0x0000
[361] [M]: 0x000000008012069C (0x00000013) addi x0, x0, 0x0                         inst_5+16

clint mtime 0x00000000000000B5 (mip.MTI <- 0b1, mip.STI <- 0b0)
mem[X,0x00000000801206A0] -> 0x0617
mem[X,0x00000000801206A2] -> 0x0000
[362] [M]: 0x00000000801206A0 (0x00000617) auipc x12, 0x0                           inst_5+20
x12 <- 0x00000000801206A0

mem[X,0x00000000801206A4] -> 0x0613
mem[X,0x00000000801206A6] -> 0x06C6
[363] [M]: 0x00000000801206A4 (0x06C60613) addi x12, x12, 0x6c                      inst_5+24
x12 <- 0x000000008012070C

clint mtime 0x00000000000000B6 (mip.MTI <- 0b1, mip.STI <- 0b0)
mem[X,0x00000000801206A8] -> 0x0001
[364] [M]: 0x00000000801206A8 (0x0001) c.nop                                        inst_5+28

mem[X,0x00000000801206AA] -> 0x0013
mem[X,0x00000000801206AC] -> 0x0000
[365] [M]: 0x00000000801206AA (0x00000013) addi x0, x0, 0x0                         inst_5+30

clint mtime 0x00000000000000B7 (mip.MTI <- 0b1, mip.STI <- 0b0)
mem[X,0x00000000801206AE] -> 0x0013
mem[X,0x00000000801206B0] -> 0x0000
[366] [M]: 0x00000000801206AE (0x00000013) addi x0, x0, 0x0                         inst_5+34

mem[X,0x00000000801206B2] -> 0x0013
mem[X,0x00000000801206B4] -> 0x0000
[367] [M]: 0x00000000801206B2 (0x00000013) addi x0, x0, 0x0                         inst_5+38

clint mtime 0x00000000000000B8 (mip.MTI <- 0b1, mip.STI <- 0b0)
mem[X,0x00000000801206B6] -> 0x0013
mem[X,0x00000000801206B8] -> 0x0000
[368] [M]: 0x00000000801206B6 (0x00000013) addi x0, x0, 0x0                         inst_5+42

mem[X,0x00000000801206BA] -> 0x0013
mem[X,0x00000000801206BC] -> 0x0000
[369] [M]: 0x00000000801206BA (0x00000013) addi x0, x0, 0x0                         inst_5+46

clint mtime 0x00000000000000B9 (mip.MTI <- 0b1, mip.STI <- 0b0)
mem[X,0x00000000801206BE] -> 0x0001
[370] [M]: 0x00000000801206BE (0x0001) c.nop                                        inst_5+50

mem[X,0x00000000801206C0] -> 0x0C13
mem[X,0x00000000801206C2] -> 0x0006
[371] [M]: 0x00000000801206C0 (0x00060C13) addi x24, x12, 0x0                       inst_5+52
x24 <- 0x000000008012070C

clint mtime 0x00000000000000BA (mip.MTI <- 0b1, mip.STI <- 0b0)
mem[X,0x00000000801206C4] -> 0x0067
mem[X,0x00000000801206C6] -> 0x0006
[372] [M]: 0x00000000801206C4 (0x00060067) jalr x0, 0x0(x12)                        inst_5+56

mem[X,0x000000008012070C] -> 0x0C6F
mem[X,0x000000008012070E] -> 0x00C0
[373] [M]: 0x000000008012070C (0x00C00C6F) jal x24, 0xc                             inst_5+128
x24 <- 0x0000000080120710

clint mtime 0x00000000000000BB (mip.MTI <- 0b1, mip.STI <- 0b0)
mem[X,0x0000000080120718] -> 0x4C13
mem[X,0x000000008012071A] -> 0x003C
[374] [M]: 0x0000000080120718 (0x003C4C13) xori x24, x24, 0x3                       inst_5+140
x24 <- 0x0000000080120713

mem[X,0x000000008012071C] -> 0x0013
mem[X,0x000000008012071E] -> 0x0000
[375] [M]: 0x000000008012071C (0x00000013) addi x0, x0, 0x0                         inst_5+144

clint mtime 0x00000000000000BC (mip.MTI <- 0b1, mip.STI <- 0b0)
mem[X,0x0000000080120720] -> 0x0617
mem[X,0x0000000080120722] -> 0x0000
[376] [M]: 0x0000000080120720 (0x00000617) auipc x12, 0x0                           inst_5+148
x12 <- 0x0000000080120720

mem[X,0x0000000080120724] -> 0x0613
mem[X,0x0000000080120726] -> 0x0246
[377] [M]: 0x0000000080120724 (0x02460613) addi x12, x12, 0x24                      inst_5+152
x12 <- 0x0000000080120744

clint mtime 0x00000000000000BD (mip.MTI <- 0b1, mip.STI <- 0b0)
mem[X,0x0000000080120728] -> 0x0001
[378] [M]: 0x0000000080120728 (0x0001) c.nop                                        inst_5+156

mem[X,0x000000008012072A] -> 0x0013
mem[X,0x000000008012072C] -> 0x0000
[379] [M]: 0x000000008012072A (0x00000013) addi x0, x0, 0x0                         inst_5+158

clint mtime 0x00000000000000BE (mip.MTI <- 0b1, mip.STI <- 0b0)
mem[X,0x000000008012072E] -> 0x0013
mem[X,0x0000000080120730] -> 0x0000
[380] [M]: 0x000000008012072E (0x00000013) addi x0, x0, 0x0                         inst_5+162

mem[X,0x0000000080120732] -> 0x0013
mem[X,0x0000000080120734] -> 0x0000
[381] [M]: 0x0000000080120732 (0x00000013) addi x0, x0, 0x0                         inst_5+166

clint mtime 0x00000000000000BF (mip.MTI <- 0b1, mip.STI <- 0b0)
mem[X,0x0000000080120736] -> 0x0013
mem[X,0x0000000080120738] -> 0x0000
[382] [M]: 0x0000000080120736 (0x00000013) addi x0, x0, 0x0                         inst_5+170

mem[X,0x000000008012073A] -> 0x0013
mem[X,0x000000008012073C] -> 0x0000
[383] [M]: 0x000000008012073A (0x00000013) addi x0, x0, 0x0                         inst_5+174

clint mtime 0x00000000000000C0 (mip.MTI <- 0b1, mip.STI <- 0b0)
mem[X,0x000000008012073E] -> 0x0001
[384] [M]: 0x000000008012073E (0x0001) c.nop                                        inst_5+178

mem[X,0x0000000080120740] -> 0x0067
mem[X,0x0000000080120742] -> 0x0006
[385] [M]: 0x0000000080120740 (0x00060067) jalr x0, 0x0(x12)                        inst_5+180

clint mtime 0x00000000000000C1 (mip.MTI <- 0b1, mip.STI <- 0b0)
mem[X,0x0000000080120744] -> 0x0013
mem[X,0x0000000080120746] -> 0x0000
[386] [M]: 0x0000000080120744 (0x00000013) addi x0, x0, 0x0                         inst_5+184

mem[X,0x0000000080120748] -> 0x0013
mem[X,0x000000008012074A] -> 0x0000
[387] [M]: 0x0000000080120748 (0x00000013) addi x0, x0, 0x0                         inst_5+188

clint mtime 0x00000000000000C2 (mip.MTI <- 0b1, mip.STI <- 0b0)
mem[X,0x000000008012074C] -> 0x0013
mem[X,0x000000008012074E] -> 0x0000
[388] [M]: 0x000000008012074C (0x00000013) addi x0, x0, 0x0                         inst_5+192

mem[X,0x0000000080120750] -> 0x0013
mem[X,0x0000000080120752] -> 0x0000
[389] [M]: 0x0000000080120750 (0x00000013) addi x0, x0, 0x0                         inst_5+196

clint mtime 0x00000000000000C3 (mip.MTI <- 0b1, mip.STI <- 0b0)
mem[X,0x0000000080120754] -> 0x0013
mem[X,0x0000000080120756] -> 0x0000
[390] [M]: 0x0000000080120754 (0x00000013) addi x0, x0, 0x0                         inst_5+200

mem[X,0x0000000080120758] -> 0x0013
mem[X,0x000000008012075A] -> 0x0000
[391] [M]: 0x0000000080120758 (0x00000013) addi x0, x0, 0x0                         inst_5+204

clint mtime 0x00000000000000C4 (mip.MTI <- 0b1, mip.STI <- 0b0)
mem[X,0x000000008012075C] -> 0x0013
mem[X,0x000000008012075E] -> 0x0000
[392] [M]: 0x000000008012075C (0x00000013) addi x0, x0, 0x0                         inst_5+208

mem[X,0x0000000080120760] -> 0x0617
mem[X,0x0000000080120762] -> 0x0000
[393] [M]: 0x0000000080120760 (0x00000617) auipc x12, 0x0                           inst_5+212
x12 <- 0x0000000080120760

clint mtime 0x00000000000000C5 (mip.MTI <- 0b1, mip.STI <- 0b0)
mem[X,0x0000000080120764] -> 0x0613
mem[X,0x0000000080120766] -> 0xF2C6
[394] [M]: 0x0000000080120764 (0xF2C60613) addi x12, x12, -0xd4                     inst_5+216
x12 <- 0x000000008012068C

mem[X,0x0000000080120768] -> 0x0001
[395] [M]: 0x0000000080120768 (0x0001) c.nop                                        inst_5+220

clint mtime 0x00000000000000C6 (mip.MTI <- 0b1, mip.STI <- 0b0)
mem[X,0x000000008012076A] -> 0x0013
mem[X,0x000000008012076C] -> 0x0000
[396] [M]: 0x000000008012076A (0x00000013) addi x0, x0, 0x0                         inst_5+222

mem[X,0x000000008012076E] -> 0x0013
mem[X,0x0000000080120770] -> 0x0000
[397] [M]: 0x000000008012076E (0x00000013) addi x0, x0, 0x0                         inst_5+226

clint mtime 0x00000000000000C7 (mip.MTI <- 0b1, mip.STI <- 0b0)
mem[X,0x0000000080120772] -> 0x0013
mem[X,0x0000000080120774] -> 0x0000
[398] [M]: 0x0000000080120772 (0x00000013) addi x0, x0, 0x0                         inst_5+230

mem[X,0x0000000080120776] -> 0x0013
mem[X,0x0000000080120778] -> 0x0000
[399] [M]: 0x0000000080120776 (0x00000013) addi x0, x0, 0x0                         inst_5+234

clint mtime 0x00000000000000C8 (mip.MTI <- 0b1, mip.STI <- 0b0)
mem[X,0x000000008012077A] -> 0x0013
mem[X,0x000000008012077C] -> 0x0000
[400] [M]: 0x000000008012077A (0x00000013) addi x0, x0, 0x0                         inst_5+238

mem[X,0x000000008012077E] -> 0x0001
[401] [M]: 0x000000008012077E (0x0001) c.nop                                        inst_5+242

clint mtime 0x00000000000000C9 (mip.MTI <- 0b1, mip.STI <- 0b0)
mem[X,0x0000000080120780] -> 0x7613
mem[X,0x0000000080120782] -> 0xFFC6
[402] [M]: 0x0000000080120780 (0xFFC67613) andi x12, x12, -0x4                      inst_5+244
x12 <- 0x000000008012068C

mem[X,0x0000000080120784] -> 0x0C33
mem[X,0x0000000080120786] -> 0x40CC
[403] [M]: 0x0000000080120784 (0x40CC0C33) sub x24, x24, x12                        inst_5+248
x24 <- 0x0000000000000087

clint mtime 0x00000000000000CA (mip.MTI <- 0b1, mip.STI <- 0b0)
mem[X,0x0000000080120788] -> 0xB423
mem[X,0x000000008012078A] -> 0x0383
[404] [M]: 0x0000000080120788 (0x0383B423) sd x24, 0x28(x7)                         inst_5+252
mem[W,0x0000000080125140] <- 0x0000000000000087

mem[X,0x000000008012078C] -> 0x0013
mem[X,0x000000008012078E] -> 0x0000
[405] [M]: 0x000000008012078C (0x00000013) addi x0, x0, 0x0                         inst_6+0

clint mtime 0x00000000000000CB (mip.MTI <- 0b1, mip.STI <- 0b0)
mem[X,0x0000000080120790] -> 0x0013
mem[X,0x0000000080120792] -> 0x0000
[406] [M]: 0x0000000080120790 (0x00000013) addi x0, x0, 0x0                         inst_6+4

mem[X,0x0000000080120794] -> 0x0013
mem[X,0x0000000080120796] -> 0x0000
[407] [M]: 0x0000000080120794 (0x00000013) addi x0, x0, 0x0                         inst_6+8

clint mtime 0x00000000000000CC (mip.MTI <- 0b1, mip.STI <- 0b0)
mem[X,0x0000000080120798] -> 0x0013
mem[X,0x000000008012079A] -> 0x0000
[408] [M]: 0x0000000080120798 (0x00000013) addi x0, x0, 0x0                         inst_6+12

mem[X,0x000000008012079C] -> 0x0013
mem[X,0x000000008012079E] -> 0x0000
[409] [M]: 0x000000008012079C (0x00000013) addi x0, x0, 0x0                         inst_6+16

clint mtime 0x00000000000000CD (mip.MTI <- 0b1, mip.STI <- 0b0)
mem[X,0x00000000801207A0] -> 0x0617
mem[X,0x00000000801207A2] -> 0x0000
[410] [M]: 0x00000000801207A0 (0x00000617) auipc x12, 0x0                           inst_6+20
x12 <- 0x00000000801207A0

mem[X,0x00000000801207A4] -> 0x0613
mem[X,0x00000000801207A6] -> 0x06C6
[411] [M]: 0x00000000801207A4 (0x06C60613) addi x12, x12, 0x6c                      inst_6+24
x12 <- 0x000000008012080C

clint mtime 0x00000000000000CE (mip.MTI <- 0b1, mip.STI <- 0b0)
mem[X,0x00000000801207A8] -> 0x0001
[412] [M]: 0x00000000801207A8 (0x0001) c.nop                                        inst_6+28

mem[X,0x00000000801207AA] -> 0x0013
mem[X,0x00000000801207AC] -> 0x0000
[413] [M]: 0x00000000801207AA (0x00000013) addi x0, x0, 0x0                         inst_6+30

clint mtime 0x00000000000000CF (mip.MTI <- 0b1, mip.STI <- 0b0)
mem[X,0x00000000801207AE] -> 0x0013
mem[X,0x00000000801207B0] -> 0x0000
[414] [M]: 0x00000000801207AE (0x00000013) addi x0, x0, 0x0                         inst_6+34

mem[X,0x00000000801207B2] -> 0x0013
mem[X,0x00000000801207B4] -> 0x0000
[415] [M]: 0x00000000801207B2 (0x00000013) addi x0, x0, 0x0                         inst_6+38

clint mtime 0x00000000000000D0 (mip.MTI <- 0b1, mip.STI <- 0b0)
mem[X,0x00000000801207B6] -> 0x0013
mem[X,0x00000000801207B8] -> 0x0000
[416] [M]: 0x00000000801207B6 (0x00000013) addi x0, x0, 0x0                         inst_6+42

mem[X,0x00000000801207BA] -> 0x0013
mem[X,0x00000000801207BC] -> 0x0000
[417] [M]: 0x00000000801207BA (0x00000013) addi x0, x0, 0x0                         inst_6+46

clint mtime 0x00000000000000D1 (mip.MTI <- 0b1, mip.STI <- 0b0)
mem[X,0x00000000801207BE] -> 0x0001
[418] [M]: 0x00000000801207BE (0x0001) c.nop                                        inst_6+50

mem[X,0x00000000801207C0] -> 0x0913
mem[X,0x00000000801207C2] -> 0x0006
[419] [M]: 0x00000000801207C0 (0x00060913) addi x18, x12, 0x0                       inst_6+52
x18 <- 0x000000008012080C

clint mtime 0x00000000000000D2 (mip.MTI <- 0b1, mip.STI <- 0b0)
mem[X,0x00000000801207C4] -> 0x0067
mem[X,0x00000000801207C6] -> 0x0006
[420] [M]: 0x00000000801207C4 (0x00060067) jalr x0, 0x0(x12)                        inst_6+56

mem[X,0x000000008012080C] -> 0x096F
mem[X,0x000000008012080E] -> 0x00C0
[421] [M]: 0x000000008012080C (0x00C0096F) jal x18, 0xc                             inst_6+128
x18 <- 0x0000000080120810

clint mtime 0x00000000000000D3 (mip.MTI <- 0b1, mip.STI <- 0b0)
mem[X,0x0000000080120818] -> 0x4913
mem[X,0x000000008012081A] -> 0x0039
[422] [M]: 0x0000000080120818 (0x00394913) xori x18, x18, 0x3                       inst_6+140
x18 <- 0x0000000080120813

mem[X,0x000000008012081C] -> 0x0013
mem[X,0x000000008012081E] -> 0x0000
[423] [M]: 0x000000008012081C (0x00000013) addi x0, x0, 0x0                         inst_6+144

clint mtime 0x00000000000000D4 (mip.MTI <- 0b1, mip.STI <- 0b0)
mem[X,0x0000000080120820] -> 0x0617
mem[X,0x0000000080120822] -> 0x0000
[424] [M]: 0x0000000080120820 (0x00000617) auipc x12, 0x0                           inst_6+148
x12 <- 0x0000000080120820

mem[X,0x0000000080120824] -> 0x0613
mem[X,0x0000000080120826] -> 0x0246
[425] [M]: 0x0000000080120824 (0x02460613) addi x12, x12, 0x24                      inst_6+152
x12 <- 0x0000000080120844

clint mtime 0x00000000000000D5 (mip.MTI <- 0b1, mip.STI <- 0b0)
mem[X,0x0000000080120828] -> 0x0001
[426] [M]: 0x0000000080120828 (0x0001) c.nop                                        inst_6+156

mem[X,0x000000008012082A] -> 0x0013
mem[X,0x000000008012082C] -> 0x0000
[427] [M]: 0x000000008012082A (0x00000013) addi x0, x0, 0x0                         inst_6+158

clint mtime 0x00000000000000D6 (mip.MTI <- 0b1, mip.STI <- 0b0)
mem[X,0x000000008012082E] -> 0x0013
mem[X,0x0000000080120830] -> 0x0000
[428] [M]: 0x000000008012082E (0x00000013) addi x0, x0, 0x0                         inst_6+162

mem[X,0x0000000080120832] -> 0x0013
mem[X,0x0000000080120834] -> 0x0000
[429] [M]: 0x0000000080120832 (0x00000013) addi x0, x0, 0x0                         inst_6+166

clint mtime 0x00000000000000D7 (mip.MTI <- 0b1, mip.STI <- 0b0)
mem[X,0x0000000080120836] -> 0x0013
mem[X,0x0000000080120838] -> 0x0000
[430] [M]: 0x0000000080120836 (0x00000013) addi x0, x0, 0x0                         inst_6+170

mem[X,0x000000008012083A] -> 0x0013
mem[X,0x000000008012083C] -> 0x0000
[431] [M]: 0x000000008012083A (0x00000013) addi x0, x0, 0x0                         inst_6+174

clint mtime 0x00000000000000D8 (mip.MTI <- 0b1, mip.STI <- 0b0)
mem[X,0x000000008012083E] -> 0x0001
[432] [M]: 0x000000008012083E (0x0001) c.nop                                        inst_6+178

mem[X,0x0000000080120840] -> 0x0067
mem[X,0x0000000080120842] -> 0x0006
[433] [M]: 0x0000000080120840 (0x00060067) jalr x0, 0x0(x12)                        inst_6+180

clint mtime 0x00000000000000D9 (mip.MTI <- 0b1, mip.STI <- 0b0)
mem[X,0x0000000080120844] -> 0x0013
mem[X,0x0000000080120846] -> 0x0000
[434] [M]: 0x0000000080120844 (0x00000013) addi x0, x0, 0x0                         inst_6+184

mem[X,0x0000000080120848] -> 0x0013
mem[X,0x000000008012084A] -> 0x0000
[435] [M]: 0x0000000080120848 (0x00000013) addi x0, x0, 0x0                         inst_6+188

clint mtime 0x00000000000000DA (mip.MTI <- 0b1, mip.STI <- 0b0)
mem[X,0x000000008012084C] -> 0x0013
mem[X,0x000000008012084E] -> 0x0000
[436] [M]: 0x000000008012084C (0x00000013) addi x0, x0, 0x0                         inst_6+192

mem[X,0x0000000080120850] -> 0x0013
mem[X,0x0000000080120852] -> 0x0000
[437] [M]: 0x0000000080120850 (0x00000013) addi x0, x0, 0x0                         inst_6+196

clint mtime 0x00000000000000DB (mip.MTI <- 0b1, mip.STI <- 0b0)
mem[X,0x0000000080120854] -> 0x0013
mem[X,0x0000000080120856] -> 0x0000
[438] [M]: 0x0000000080120854 (0x00000013) addi x0, x0, 0x0                         inst_6+200

mem[X,0x0000000080120858] -> 0x0013
mem[X,0x000000008012085A] -> 0x0000
[439] [M]: 0x0000000080120858 (0x00000013) addi x0, x0, 0x0                         inst_6+204

clint mtime 0x00000000000000DC (mip.MTI <- 0b1, mip.STI <- 0b0)
mem[X,0x000000008012085C] -> 0x0013
mem[X,0x000000008012085E] -> 0x0000
[440] [M]: 0x000000008012085C (0x00000013) addi x0, x0, 0x0                         inst_6+208

mem[X,0x0000000080120860] -> 0x0617
mem[X,0x0000000080120862] -> 0x0000
[441] [M]: 0x0000000080120860 (0x00000617) auipc x12, 0x0                           inst_6+212
x12 <- 0x0000000080120860

clint mtime 0x00000000000000DD (mip.MTI <- 0b1, mip.STI <- 0b0)
mem[X,0x0000000080120864] -> 0x0613
mem[X,0x0000000080120866] -> 0xF2C6
[442] [M]: 0x0000000080120864 (0xF2C60613) addi x12, x12, -0xd4                     inst_6+216
x12 <- 0x000000008012078C

mem[X,0x0000000080120868] -> 0x0001
[443] [M]: 0x0000000080120868 (0x0001) c.nop                                        inst_6+220

clint mtime 0x00000000000000DE (mip.MTI <- 0b1, mip.STI <- 0b0)
mem[X,0x000000008012086A] -> 0x0013
mem[X,0x000000008012086C] -> 0x0000
[444] [M]: 0x000000008012086A (0x00000013) addi x0, x0, 0x0                         inst_6+222

mem[X,0x000000008012086E] -> 0x0013
mem[X,0x0000000080120870] -> 0x0000
[445] [M]: 0x000000008012086E (0x00000013) addi x0, x0, 0x0                         inst_6+226

clint mtime 0x00000000000000DF (mip.MTI <- 0b1, mip.STI <- 0b0)
mem[X,0x0000000080120872] -> 0x0013
mem[X,0x0000000080120874] -> 0x0000
[446] [M]: 0x0000000080120872 (0x00000013) addi x0, x0, 0x0                         inst_6+230

mem[X,0x0000000080120876] -> 0x0013
mem[X,0x0000000080120878] -> 0x0000
[447] [M]: 0x0000000080120876 (0x00000013) addi x0, x0, 0x0                         inst_6+234

clint mtime 0x00000000000000E0 (mip.MTI <- 0b1, mip.STI <- 0b0)
mem[X,0x000000008012087A] -> 0x0013
mem[X,0x000000008012087C] -> 0x0000
[448] [M]: 0x000000008012087A (0x00000013) addi x0, x0, 0x0                         inst_6+238

mem[X,0x000000008012087E] -> 0x0001
[449] [M]: 0x000000008012087E (0x0001) c.nop                                        inst_6+242

clint mtime 0x00000000000000E1 (mip.MTI <- 0b1, mip.STI <- 0b0)
mem[X,0x0000000080120880] -> 0x7613
mem[X,0x0000000080120882] -> 0xFFC6
[450] [M]: 0x0000000080120880 (0xFFC67613) andi x12, x12, -0x4                      inst_6+244
x12 <- 0x000000008012078C

mem[X,0x0000000080120884] -> 0x0933
mem[X,0x0000000080120886] -> 0x40C9
[451] [M]: 0x0000000080120884 (0x40C90933) sub x18, x18, x12                        inst_6+248
x18 <- 0x0000000000000087

clint mtime 0x00000000000000E2 (mip.MTI <- 0b1, mip.STI <- 0b0)
mem[X,0x0000000080120888] -> 0xB823
mem[X,0x000000008012088A] -> 0x0323
[452] [M]: 0x0000000080120888 (0x0323B823) sd x18, 0x30(x7)                         inst_6+252
mem[W,0x0000000080125148] <- 0x0000000000000087

mem[X,0x000000008012088C] -> 0x0013
mem[X,0x000000008012088E] -> 0x0000
[453] [M]: 0x000000008012088C (0x00000013) addi x0, x0, 0x0                         inst_7+0

clint mtime 0x00000000000000E3 (mip.MTI <- 0b1, mip.STI <- 0b0)
mem[X,0x0000000080120890] -> 0x0013
mem[X,0x0000000080120892] -> 0x0000
[454] [M]: 0x0000000080120890 (0x00000013) addi x0, x0, 0x0                         inst_7+4

mem[X,0x0000000080120894] -> 0x0013
mem[X,0x0000000080120896] -> 0x0000
[455] [M]: 0x0000000080120894 (0x00000013) addi x0, x0, 0x0                         inst_7+8

clint mtime 0x00000000000000E4 (mip.MTI <- 0b1, mip.STI <- 0b0)
mem[X,0x0000000080120898] -> 0x0013
mem[X,0x000000008012089A] -> 0x0000
[456] [M]: 0x0000000080120898 (0x00000013) addi x0, x0, 0x0                         inst_7+12

mem[X,0x000000008012089C] -> 0x0013
mem[X,0x000000008012089E] -> 0x0000
[457] [M]: 0x000000008012089C (0x00000013) addi x0, x0, 0x0                         inst_7+16

clint mtime 0x00000000000000E5 (mip.MTI <- 0b1, mip.STI <- 0b0)
mem[X,0x00000000801208A0] -> 0x0617
mem[X,0x00000000801208A2] -> 0x0000
[458] [M]: 0x00000000801208A0 (0x00000617) auipc x12, 0x0                           inst_7+20
x12 <- 0x00000000801208A0

mem[X,0x00000000801208A4] -> 0x0613
mem[X,0x00000000801208A6] -> 0x06C6
[459] [M]: 0x00000000801208A4 (0x06C60613) addi x12, x12, 0x6c                      inst_7+24
x12 <- 0x000000008012090C

clint mtime 0x00000000000000E6 (mip.MTI <- 0b1, mip.STI <- 0b0)
mem[X,0x00000000801208A8] -> 0x0001
[460] [M]: 0x00000000801208A8 (0x0001) c.nop                                        inst_7+28

mem[X,0x00000000801208AA] -> 0x0013
mem[X,0x00000000801208AC] -> 0x0000
[461] [M]: 0x00000000801208AA (0x00000013) addi x0, x0, 0x0                         inst_7+30

clint mtime 0x00000000000000E7 (mip.MTI <- 0b1, mip.STI <- 0b0)
mem[X,0x00000000801208AE] -> 0x0013
mem[X,0x00000000801208B0] -> 0x0000
[462] [M]: 0x00000000801208AE (0x00000013) addi x0, x0, 0x0                         inst_7+34

mem[X,0x00000000801208B2] -> 0x0013
mem[X,0x00000000801208B4] -> 0x0000
[463] [M]: 0x00000000801208B2 (0x00000013) addi x0, x0, 0x0                         inst_7+38

clint mtime 0x00000000000000E8 (mip.MTI <- 0b1, mip.STI <- 0b0)
mem[X,0x00000000801208B6] -> 0x0013
mem[X,0x00000000801208B8] -> 0x0000
[464] [M]: 0x00000000801208B6 (0x00000013) addi x0, x0, 0x0                         inst_7+42

mem[X,0x00000000801208BA] -> 0x0013
mem[X,0x00000000801208BC] -> 0x0000
[465] [M]: 0x00000000801208BA (0x00000013) addi x0, x0, 0x0                         inst_7+46

clint mtime 0x00000000000000E9 (mip.MTI <- 0b1, mip.STI <- 0b0)
mem[X,0x00000000801208BE] -> 0x0001
[466] [M]: 0x00000000801208BE (0x0001) c.nop                                        inst_7+50

mem[X,0x00000000801208C0] -> 0x0313
mem[X,0x00000000801208C2] -> 0x0006
[467] [M]: 0x00000000801208C0 (0x00060313) addi x6, x12, 0x0                        inst_7+52
x6 <- 0x000000008012090C

clint mtime 0x00000000000000EA (mip.MTI <- 0b1, mip.STI <- 0b0)
mem[X,0x00000000801208C4] -> 0x0067
mem[X,0x00000000801208C6] -> 0x0006
[468] [M]: 0x00000000801208C4 (0x00060067) jalr x0, 0x0(x12)                        inst_7+56

mem[X,0x000000008012090C] -> 0x036F
mem[X,0x000000008012090E] -> 0x00C0
[469] [M]: 0x000000008012090C (0x00C0036F) jal x6, 0xc                              inst_7+128
x6 <- 0x0000000080120910

clint mtime 0x00000000000000EB (mip.MTI <- 0b1, mip.STI <- 0b0)
mem[X,0x0000000080120918] -> 0x4313
mem[X,0x000000008012091A] -> 0x0033
[470] [M]: 0x0000000080120918 (0x00334313) xori x6, x6, 0x3                         inst_7+140
x6 <- 0x0000000080120913

mem[X,0x000000008012091C] -> 0x0013
mem[X,0x000000008012091E] -> 0x0000
[471] [M]: 0x000000008012091C (0x00000013) addi x0, x0, 0x0                         inst_7+144

clint mtime 0x00000000000000EC (mip.MTI <- 0b1, mip.STI <- 0b0)
mem[X,0x0000000080120920] -> 0x0617
mem[X,0x0000000080120922] -> 0x0000
[472] [M]: 0x0000000080120920 (0x00000617) auipc x12, 0x0                           inst_7+148
x12 <- 0x0000000080120920

mem[X,0x0000000080120924] -> 0x0613
mem[X,0x0000000080120926] -> 0x0246
[473] [M]: 0x0000000080120924 (0x02460613) addi x12, x12, 0x24                      inst_7+152
x12 <- 0x0000000080120944

clint mtime 0x00000000000000ED (mip.MTI <- 0b1, mip.STI <- 0b0)
mem[X,0x0000000080120928] -> 0x0001
[474] [M]: 0x0000000080120928 (0x0001) c.nop                                        inst_7+156

mem[X,0x000000008012092A] -> 0x0013
mem[X,0x000000008012092C] -> 0x0000
[475] [M]: 0x000000008012092A (0x00000013) addi x0, x0, 0x0                         inst_7+158

clint mtime 0x00000000000000EE (mip.MTI <- 0b1, mip.STI <- 0b0)
mem[X,0x000000008012092E] -> 0x0013
mem[X,0x0000000080120930] -> 0x0000
[476] [M]: 0x000000008012092E (0x00000013) addi x0, x0, 0x0                         inst_7+162

mem[X,0x0000000080120932] -> 0x0013
mem[X,0x0000000080120934] -> 0x0000
[477] [M]: 0x0000000080120932 (0x00000013) addi x0, x0, 0x0                         inst_7+166

clint mtime 0x00000000000000EF (mip.MTI <- 0b1, mip.STI <- 0b0)
mem[X,0x0000000080120936] -> 0x0013
mem[X,0x0000000080120938] -> 0x0000
[478] [M]: 0x0000000080120936 (0x00000013) addi x0, x0, 0x0                         inst_7+170

mem[X,0x000000008012093A] -> 0x0013
mem[X,0x000000008012093C] -> 0x0000
[479] [M]: 0x000000008012093A (0x00000013) addi x0, x0, 0x0                         inst_7+174

clint mtime 0x00000000000000F0 (mip.MTI <- 0b1, mip.STI <- 0b0)
mem[X,0x000000008012093E] -> 0x0001
[480] [M]: 0x000000008012093E (0x0001) c.nop                                        inst_7+178

mem[X,0x0000000080120940] -> 0x0067
mem[X,0x0000000080120942] -> 0x0006
[481] [M]: 0x0000000080120940 (0x00060067) jalr x0, 0x0(x12)                        inst_7+180

clint mtime 0x00000000000000F1 (mip.MTI <- 0b1, mip.STI <- 0b0)
mem[X,0x0000000080120944] -> 0x0013
mem[X,0x0000000080120946] -> 0x0000
[482] [M]: 0x0000000080120944 (0x00000013) addi x0, x0, 0x0                         inst_7+184

mem[X,0x0000000080120948] -> 0x0013
mem[X,0x000000008012094A] -> 0x0000
[483] [M]: 0x0000000080120948 (0x00000013) addi x0, x0, 0x0                         inst_7+188

clint mtime 0x00000000000000F2 (mip.MTI <- 0b1, mip.STI <- 0b0)
mem[X,0x000000008012094C] -> 0x0013
mem[X,0x000000008012094E] -> 0x0000
[484] [M]: 0x000000008012094C (0x00000013) addi x0, x0, 0x0                         inst_7+192

mem[X,0x0000000080120950] -> 0x0013
mem[X,0x0000000080120952] -> 0x0000
[485] [M]: 0x0000000080120950 (0x00000013) addi x0, x0, 0x0                         inst_7+196

clint mtime 0x00000000000000F3 (mip.MTI <- 0b1, mip.STI <- 0b0)
mem[X,0x0000000080120954] -> 0x0013
mem[X,0x0000000080120956] -> 0x0000
[486] [M]: 0x0000000080120954 (0x00000013) addi x0, x0, 0x0                         inst_7+200

mem[X,0x0000000080120958] -> 0x0013
mem[X,0x000000008012095A] -> 0x0000
[487] [M]: 0x0000000080120958 (0x00000013) addi x0, x0, 0x0                         inst_7+204

clint mtime 0x00000000000000F4 (mip.MTI <- 0b1, mip.STI <- 0b0)
mem[X,0x000000008012095C] -> 0x0013
mem[X,0x000000008012095E] -> 0x0000
[488] [M]: 0x000000008012095C (0x00000013) addi x0, x0, 0x0                         inst_7+208

mem[X,0x0000000080120960] -> 0x0617
mem[X,0x0000000080120962] -> 0x0000
[489] [M]: 0x0000000080120960 (0x00000617) auipc x12, 0x0                           inst_7+212
x12 <- 0x0000000080120960

clint mtime 0x00000000000000F5 (mip.MTI <- 0b1, mip.STI <- 0b0)
mem[X,0x0000000080120964] -> 0x0613
mem[X,0x0000000080120966] -> 0xF2C6
[490] [M]: 0x0000000080120964 (0xF2C60613) addi x12, x12, -0xd4                     inst_7+216
x12 <- 0x000000008012088C

mem[X,0x0000000080120968] -> 0x0001
[491] [M]: 0x0000000080120968 (0x0001) c.nop                                        inst_7+220

clint mtime 0x00000000000000F6 (mip.MTI <- 0b1, mip.STI <- 0b0)
mem[X,0x000000008012096A] -> 0x0013
mem[X,0x000000008012096C] -> 0x0000
[492] [M]: 0x000000008012096A (0x00000013) addi x0, x0, 0x0                         inst_7+222

mem[X,0x000000008012096E] -> 0x0013
mem[X,0x0000000080120970] -> 0x0000
[493] [M]: 0x000000008012096E (0x00000013) addi x0, x0, 0x0                         inst_7+226

clint mtime 0x00000000000000F7 (mip.MTI <- 0b1, mip.STI <- 0b0)
mem[X,0x0000000080120972] -> 0x0013
mem[X,0x0000000080120974] -> 0x0000
[494] [M]: 0x0000000080120972 (0x00000013) addi x0, x0, 0x0                         inst_7+230

mem[X,0x0000000080120976] -> 0x0013
mem[X,0x0000000080120978] -> 0x0000
[495] [M]: 0x0000000080120976 (0x00000013) addi x0, x0, 0x0                         inst_7+234

clint mtime 0x00000000000000F8 (mip.MTI <- 0b1, mip.STI <- 0b0)
mem[X,0x000000008012097A] -> 0x0013
mem[X,0x000000008012097C] -> 0x0000
[496] [M]: 0x000000008012097A (0x00000013) addi x0, x0, 0x0                         inst_7+238

mem[X,0x000000008012097E] -> 0x0001
[497] [M]: 0x000000008012097E (0x0001) c.nop                                        inst_7+242

clint mtime 0x00000000000000F9 (mip.MTI <- 0b1, mip.STI <- 0b0)
mem[X,0x0000000080120980] -> 0x7613
mem[X,0x0000000080120982] -> 0xFFC6
[498] [M]: 0x0000000080120980 (0xFFC67613) andi x12, x12, -0x4                      inst_7+244
x12 <- 0x000000008012088C

mem[X,0x0000000080120984] -> 0x0333
mem[X,0x0000000080120986] -> 0x40C3
[499] [M]: 0x0000000080120984 (0x40C30333) sub x6, x6, x12                          inst_7+248
x6 <- 0x0000000000000087

clint mtime 0x00000000000000FA (mip.MTI <- 0b1, mip.STI <- 0b0)
mem[X,0x0000000080120988] -> 0xBC23
mem[X,0x000000008012098A] -> 0x0263
[500] [M]: 0x0000000080120988 (0x0263BC23) sd x6, 0x38(x7)                          inst_7+252
mem[W,0x0000000080125150] <- 0x0000000000000087

mem[X,0x000000008012098C] -> 0x0013
mem[X,0x000000008012098E] -> 0x0000
[501] [M]: 0x000000008012098C (0x00000013) addi x0, x0, 0x0                         inst_8+0

clint mtime 0x00000000000000FB (mip.MTI <- 0b1, mip.STI <- 0b0)
mem[X,0x0000000080120990] -> 0x0013
mem[X,0x0000000080120992] -> 0x0000
[502] [M]: 0x0000000080120990 (0x00000013) addi x0, x0, 0x0                         inst_8+4

mem[X,0x0000000080120994] -> 0x0013
mem[X,0x0000000080120996] -> 0x0000
[503] [M]: 0x0000000080120994 (0x00000013) addi x0, x0, 0x0                         inst_8+8

clint mtime 0x00000000000000FC (mip.MTI <- 0b1, mip.STI <- 0b0)
mem[X,0x0000000080120998] -> 0x0013
mem[X,0x000000008012099A] -> 0x0000
[504] [M]: 0x0000000080120998 (0x00000013) addi x0, x0, 0x0                         inst_8+12

mem[X,0x000000008012099C] -> 0x0013
mem[X,0x000000008012099E] -> 0x0000
[505] [M]: 0x000000008012099C (0x00000013) addi x0, x0, 0x0                         inst_8+16

clint mtime 0x00000000000000FD (mip.MTI <- 0b1, mip.STI <- 0b0)
mem[X,0x00000000801209A0] -> 0x0617
mem[X,0x00000000801209A2] -> 0x0000
[506] [M]: 0x00000000801209A0 (0x00000617) auipc x12, 0x0                           inst_8+20
x12 <- 0x00000000801209A0

mem[X,0x00000000801209A4] -> 0x0613
mem[X,0x00000000801209A6] -> 0x06C6
[507] [M]: 0x00000000801209A4 (0x06C60613) addi x12, x12, 0x6c                      inst_8+24
x12 <- 0x0000000080120A0C

clint mtime 0x00000000000000FE (mip.MTI <- 0b1, mip.STI <- 0b0)
mem[X,0x00000000801209A8] -> 0x0001
[508] [M]: 0x00000000801209A8 (0x0001) c.nop                                        inst_8+28

mem[X,0x00000000801209AA] -> 0x0013
mem[X,0x00000000801209AC] -> 0x0000
[509] [M]: 0x00000000801209AA (0x00000013) addi x0, x0, 0x0                         inst_8+30

clint mtime 0x00000000000000FF (mip.MTI <- 0b1, mip.STI <- 0b0)
mem[X,0x00000000801209AE] -> 0x0013
mem[X,0x00000000801209B0] -> 0x0000
[510] [M]: 0x00000000801209AE (0x00000013) addi x0, x0, 0x0                         inst_8+34

mem[X,0x00000000801209B2] -> 0x0013
mem[X,0x00000000801209B4] -> 0x0000
[511] [M]: 0x00000000801209B2 (0x00000013) addi x0, x0, 0x0                         inst_8+38

clint mtime 0x0000000000000100 (mip.MTI <- 0b1, mip.STI <- 0b0)
mem[X,0x00000000801209B6] -> 0x0013
mem[X,0x00000000801209B8] -> 0x0000
[512] [M]: 0x00000000801209B6 (0x00000013) addi x0, x0, 0x0                         inst_8+42

mem[X,0x00000000801209BA] -> 0x0013
mem[X,0x00000000801209BC] -> 0x0000
[513] [M]: 0x00000000801209BA (0x00000013) addi x0, x0, 0x0                         inst_8+46

clint mtime 0x0000000000000101 (mip.MTI <- 0b1, mip.STI <- 0b0)
mem[X,0x00000000801209BE] -> 0x0001
[514] [M]: 0x00000000801209BE (0x0001) c.nop                                        inst_8+50

mem[X,0x00000000801209C0] -> 0x0B13
mem[X,0x00000000801209C2] -> 0x0006
[515] [M]: 0x00000000801209C0 (0x00060B13) addi x22, x12, 0x0                       inst_8+52
x22 <- 0x0000000080120A0C

clint mtime 0x0000000000000102 (mip.MTI <- 0b1, mip.STI <- 0b0)
mem[X,0x00000000801209C4] -> 0x0067
mem[X,0x00000000801209C6] -> 0x0006
[516] [M]: 0x00000000801209C4 (0x00060067) jalr x0, 0x0(x12)                        inst_8+56

mem[X,0x0000000080120A0C] -> 0x0B6F
mem[X,0x0000000080120A0E] -> 0x00C0
[517] [M]: 0x0000000080120A0C (0x00C00B6F) jal x22, 0xc                             inst_8+128
x22 <- 0x0000000080120A10

clint mtime 0x0000000000000103 (mip.MTI <- 0b1, mip.STI <- 0b0)
mem[X,0x0000000080120A18] -> 0x4B13
mem[X,0x0000000080120A1A] -> 0x003B
[518] [M]: 0x0000000080120A18 (0x003B4B13) xori x22, x22, 0x3                       inst_8+140
x22 <- 0x0000000080120A13

mem[X,0x0000000080120A1C] -> 0x0013
mem[X,0x0000000080120A1E] -> 0x0000
[519] [M]: 0x0000000080120A1C (0x00000013) addi x0, x0, 0x0                         inst_8+144

clint mtime 0x0000000000000104 (mip.MTI <- 0b1, mip.STI <- 0b0)
mem[X,0x0000000080120A20] -> 0x0617
mem[X,0x0000000080120A22] -> 0x0000
[520] [M]: 0x0000000080120A20 (0x00000617) auipc x12, 0x0                           inst_8+148
x12 <- 0x0000000080120A20

mem[X,0x0000000080120A24] -> 0x0613
mem[X,0x0000000080120A26] -> 0x0246
[521] [M]: 0x0000000080120A24 (0x02460613) addi x12, x12, 0x24                      inst_8+152
x12 <- 0x0000000080120A44

clint mtime 0x0000000000000105 (mip.MTI <- 0b1, mip.STI <- 0b0)
mem[X,0x0000000080120A28] -> 0x0001
[522] [M]: 0x0000000080120A28 (0x0001) c.nop                                        inst_8+156

mem[X,0x0000000080120A2A] -> 0x0013
mem[X,0x0000000080120A2C] -> 0x0000
[523] [M]: 0x0000000080120A2A (0x00000013) addi x0, x0, 0x0                         inst_8+158

clint mtime 0x0000000000000106 (mip.MTI <- 0b1, mip.STI <- 0b0)
mem[X,0x0000000080120A2E] -> 0x0013
mem[X,0x0000000080120A30] -> 0x0000
[524] [M]: 0x0000000080120A2E (0x00000013) addi x0, x0, 0x0                         inst_8+162

mem[X,0x0000000080120A32] -> 0x0013
mem[X,0x0000000080120A34] -> 0x0000
[525] [M]: 0x0000000080120A32 (0x00000013) addi x0, x0, 0x0                         inst_8+166

clint mtime 0x0000000000000107 (mip.MTI <- 0b1, mip.STI <- 0b0)
mem[X,0x0000000080120A36] -> 0x0013
mem[X,0x0000000080120A38] -> 0x0000
[526] [M]: 0x0000000080120A36 (0x00000013) addi x0, x0, 0x0                         inst_8+170

mem[X,0x0000000080120A3A] -> 0x0013
mem[X,0x0000000080120A3C] -> 0x0000
[527] [M]: 0x0000000080120A3A (0x00000013) addi x0, x0, 0x0                         inst_8+174

clint mtime 0x0000000000000108 (mip.MTI <- 0b1, mip.STI <- 0b0)
mem[X,0x0000000080120A3E] -> 0x0001
[528] [M]: 0x0000000080120A3E (0x0001) c.nop                                        inst_8+178

mem[X,0x0000000080120A40] -> 0x0067
mem[X,0x0000000080120A42] -> 0x0006
[529] [M]: 0x0000000080120A40 (0x00060067) jalr x0, 0x0(x12)                        inst_8+180

clint mtime 0x0000000000000109 (mip.MTI <- 0b1, mip.STI <- 0b0)
mem[X,0x0000000080120A44] -> 0x0013
mem[X,0x0000000080120A46] -> 0x0000
[530] [M]: 0x0000000080120A44 (0x00000013) addi x0, x0, 0x0                         inst_8+184

mem[X,0x0000000080120A48] -> 0x0013
mem[X,0x0000000080120A4A] -> 0x0000
[531] [M]: 0x0000000080120A48 (0x00000013) addi x0, x0, 0x0                         inst_8+188

clint mtime 0x000000000000010A (mip.MTI <- 0b1, mip.STI <- 0b0)
mem[X,0x0000000080120A4C] -> 0x0013
mem[X,0x0000000080120A4E] -> 0x0000
[532] [M]: 0x0000000080120A4C (0x00000013) addi x0, x0, 0x0                         inst_8+192

mem[X,0x0000000080120A50] -> 0x0013
mem[X,0x0000000080120A52] -> 0x0000
[533] [M]: 0x0000000080120A50 (0x00000013) addi x0, x0, 0x0                         inst_8+196

clint mtime 0x000000000000010B (mip.MTI <- 0b1, mip.STI <- 0b0)
mem[X,0x0000000080120A54] -> 0x0013
mem[X,0x0000000080120A56] -> 0x0000
[534] [M]: 0x0000000080120A54 (0x00000013) addi x0, x0, 0x0                         inst_8+200

mem[X,0x0000000080120A58] -> 0x0013
mem[X,0x0000000080120A5A] -> 0x0000
[535] [M]: 0x0000000080120A58 (0x00000013) addi x0, x0, 0x0                         inst_8+204

clint mtime 0x000000000000010C (mip.MTI <- 0b1, mip.STI <- 0b0)
mem[X,0x0000000080120A5C] -> 0x0013
mem[X,0x0000000080120A5E] -> 0x0000
[536] [M]: 0x0000000080120A5C (0x00000013) addi x0, x0, 0x0                         inst_8+208

mem[X,0x0000000080120A60] -> 0x0617
mem[X,0x0000000080120A62] -> 0x0000
[537] [M]: 0x0000000080120A60 (0x00000617) auipc x12, 0x0                           inst_8+212
x12 <- 0x0000000080120A60

clint mtime 0x000000000000010D (mip.MTI <- 0b1, mip.STI <- 0b0)
mem[X,0x0000000080120A64] -> 0x0613
mem[X,0x0000000080120A66] -> 0xF2C6
[538] [M]: 0x0000000080120A64 (0xF2C60613) addi x12, x12, -0xd4                     inst_8+216
x12 <- 0x000000008012098C

mem[X,0x0000000080120A68] -> 0x0001
[539] [M]: 0x0000000080120A68 (0x0001) c.nop                                        inst_8+220

clint mtime 0x000000000000010E (mip.MTI <- 0b1, mip.STI <- 0b0)
mem[X,0x0000000080120A6A] -> 0x0013
mem[X,0x0000000080120A6C] -> 0x0000
[540] [M]: 0x0000000080120A6A (0x00000013) addi x0, x0, 0x0                         inst_8+222

mem[X,0x0000000080120A6E] -> 0x0013
mem[X,0x0000000080120A70] -> 0x0000
[541] [M]: 0x0000000080120A6E (0x00000013) addi x0, x0, 0x0                         inst_8+226

clint mtime 0x000000000000010F (mip.MTI <- 0b1, mip.STI <- 0b0)
mem[X,0x0000000080120A72] -> 0x0013
mem[X,0x0000000080120A74] -> 0x0000
[542] [M]: 0x0000000080120A72 (0x00000013) addi x0, x0, 0x0                         inst_8+230

mem[X,0x0000000080120A76] -> 0x0013
mem[X,0x0000000080120A78] -> 0x0000
[543] [M]: 0x0000000080120A76 (0x00000013) addi x0, x0, 0x0                         inst_8+234

clint mtime 0x0000000000000110 (mip.MTI <- 0b1, mip.STI <- 0b0)
mem[X,0x0000000080120A7A] -> 0x0013
mem[X,0x0000000080120A7C] -> 0x0000
[544] [M]: 0x0000000080120A7A (0x00000013) addi x0, x0, 0x0                         inst_8+238

mem[X,0x0000000080120A7E] -> 0x0001
[545] [M]: 0x0000000080120A7E (0x0001) c.nop                                        inst_8+242

clint mtime 0x0000000000000111 (mip.MTI <- 0b1, mip.STI <- 0b0)
mem[X,0x0000000080120A80] -> 0x7613
mem[X,0x0000000080120A82] -> 0xFFC6
[546] [M]: 0x0000000080120A80 (0xFFC67613) andi x12, x12, -0x4                      inst_8+244
x12 <- 0x000000008012098C

mem[X,0x0000000080120A84] -> 0x0B33
mem[X,0x0000000080120A86] -> 0x40CB
[547] [M]: 0x0000000080120A84 (0x40CB0B33) sub x22, x22, x12                        inst_8+248
x22 <- 0x0000000000000087

clint mtime 0x0000000000000112 (mip.MTI <- 0b1, mip.STI <- 0b0)
mem[X,0x0000000080120A88] -> 0xB023
mem[X,0x0000000080120A8A] -> 0x0563
[548] [M]: 0x0000000080120A88 (0x0563B023) sd x22, 0x40(x7)                         inst_8+252
mem[W,0x0000000080125158] <- 0x0000000000000087

mem[X,0x0000000080120A8C] -> 0x0013
mem[X,0x0000000080120A8E] -> 0x0000
[549] [M]: 0x0000000080120A8C (0x00000013) addi x0, x0, 0x0                         inst_9+0

clint mtime 0x0000000000000113 (mip.MTI <- 0b1, mip.STI <- 0b0)
mem[X,0x0000000080120A90] -> 0x0013
mem[X,0x0000000080120A92] -> 0x0000
[550] [M]: 0x0000000080120A90 (0x00000013) addi x0, x0, 0x0                         inst_9+4

mem[X,0x0000000080120A94] -> 0x0013
mem[X,0x0000000080120A96] -> 0x0000
[551] [M]: 0x0000000080120A94 (0x00000013) addi x0, x0, 0x0                         inst_9+8

clint mtime 0x0000000000000114 (mip.MTI <- 0b1, mip.STI <- 0b0)
mem[X,0x0000000080120A98] -> 0x0013
mem[X,0x0000000080120A9A] -> 0x0000
[552] [M]: 0x0000000080120A98 (0x00000013) addi x0, x0, 0x0                         inst_9+12

mem[X,0x0000000080120A9C] -> 0x0013
mem[X,0x0000000080120A9E] -> 0x0000
[553] [M]: 0x0000000080120A9C (0x00000013) addi x0, x0, 0x0                         inst_9+16

clint mtime 0x0000000000000115 (mip.MTI <- 0b1, mip.STI <- 0b0)
mem[X,0x0000000080120AA0] -> 0x0617
mem[X,0x0000000080120AA2] -> 0x0000
[554] [M]: 0x0000000080120AA0 (0x00000617) auipc x12, 0x0                           inst_9+20
x12 <- 0x0000000080120AA0

mem[X,0x0000000080120AA4] -> 0x0613
mem[X,0x0000000080120AA6] -> 0x06C6
[555] [M]: 0x0000000080120AA4 (0x06C60613) addi x12, x12, 0x6c                      inst_9+24
x12 <- 0x0000000080120B0C

clint mtime 0x0000000000000116 (mip.MTI <- 0b1, mip.STI <- 0b0)
mem[X,0x0000000080120AA8] -> 0x0001
[556] [M]: 0x0000000080120AA8 (0x0001) c.nop                                        inst_9+28

mem[X,0x0000000080120AAA] -> 0x0013
mem[X,0x0000000080120AAC] -> 0x0000
[557] [M]: 0x0000000080120AAA (0x00000013) addi x0, x0, 0x0                         inst_9+30

clint mtime 0x0000000000000117 (mip.MTI <- 0b1, mip.STI <- 0b0)
mem[X,0x0000000080120AAE] -> 0x0013
mem[X,0x0000000080120AB0] -> 0x0000
[558] [M]: 0x0000000080120AAE (0x00000013) addi x0, x0, 0x0                         inst_9+34

mem[X,0x0000000080120AB2] -> 0x0013
mem[X,0x0000000080120AB4] -> 0x0000
[559] [M]: 0x0000000080120AB2 (0x00000013) addi x0, x0, 0x0                         inst_9+38

clint mtime 0x0000000000000118 (mip.MTI <- 0b1, mip.STI <- 0b0)
mem[X,0x0000000080120AB6] -> 0x0013
mem[X,0x0000000080120AB8] -> 0x0000
[560] [M]: 0x0000000080120AB6 (0x00000013) addi x0, x0, 0x0                         inst_9+42

mem[X,0x0000000080120ABA] -> 0x0013
mem[X,0x0000000080120ABC] -> 0x0000
[561] [M]: 0x0000000080120ABA (0x00000013) addi x0, x0, 0x0                         inst_9+46

clint mtime 0x0000000000000119 (mip.MTI <- 0b1, mip.STI <- 0b0)
mem[X,0x0000000080120ABE] -> 0x0001
[562] [M]: 0x0000000080120ABE (0x0001) c.nop                                        inst_9+50

mem[X,0x0000000080120AC0] -> 0x0D13
mem[X,0x0000000080120AC2] -> 0x0006
[563] [M]: 0x0000000080120AC0 (0x00060D13) addi x26, x12, 0x0                       inst_9+52
x26 <- 0x0000000080120B0C

clint mtime 0x000000000000011A (mip.MTI <- 0b1, mip.STI <- 0b0)
mem[X,0x0000000080120AC4] -> 0x0067
mem[X,0x0000000080120AC6] -> 0x0006
[564] [M]: 0x0000000080120AC4 (0x00060067) jalr x0, 0x0(x12)                        inst_9+56

mem[X,0x0000000080120B0C] -> 0x0D6F
mem[X,0x0000000080120B0E] -> 0x00C0
[565] [M]: 0x0000000080120B0C (0x00C00D6F) jal x26, 0xc                             inst_9+128
x26 <- 0x0000000080120B10

clint mtime 0x000000000000011B (mip.MTI <- 0b1, mip.STI <- 0b0)
mem[X,0x0000000080120B18] -> 0x4D13
mem[X,0x0000000080120B1A] -> 0x003D
[566] [M]: 0x0000000080120B18 (0x003D4D13) xori x26, x26, 0x3                       inst_9+140
x26 <- 0x0000000080120B13

mem[X,0x0000000080120B1C] -> 0x0013
mem[X,0x0000000080120B1E] -> 0x0000
[567] [M]: 0x0000000080120B1C (0x00000013) addi x0, x0, 0x0                         inst_9+144

clint mtime 0x000000000000011C (mip.MTI <- 0b1, mip.STI <- 0b0)
mem[X,0x0000000080120B20] -> 0x0617
mem[X,0x0000000080120B22] -> 0x0000
[568] [M]: 0x0000000080120B20 (0x00000617) auipc x12, 0x0                           inst_9+148
x12 <- 0x0000000080120B20

mem[X,0x0000000080120B24] -> 0x0613
mem[X,0x0000000080120B26] -> 0x0246
[569] [M]: 0x0000000080120B24 (0x02460613) addi x12, x12, 0x24                      inst_9+152
x12 <- 0x0000000080120B44

clint mtime 0x000000000000011D (mip.MTI <- 0b1, mip.STI <- 0b0)
mem[X,0x0000000080120B28] -> 0x0001
[570] [M]: 0x0000000080120B28 (0x0001) c.nop                                        inst_9+156

mem[X,0x0000000080120B2A] -> 0x0013
mem[X,0x0000000080120B2C] -> 0x0000
[571] [M]: 0x0000000080120B2A (0x00000013) addi x0, x0, 0x0                         inst_9+158

clint mtime 0x000000000000011E (mip.MTI <- 0b1, mip.STI <- 0b0)
mem[X,0x0000000080120B2E] -> 0x0013
mem[X,0x0000000080120B30] -> 0x0000
[572] [M]: 0x0000000080120B2E (0x00000013) addi x0, x0, 0x0                         inst_9+162

mem[X,0x0000000080120B32] -> 0x0013
mem[X,0x0000000080120B34] -> 0x0000
[573] [M]: 0x0000000080120B32 (0x00000013) addi x0, x0, 0x0                         inst_9+166

clint mtime 0x000000000000011F (mip.MTI <- 0b1, mip.STI <- 0b0)
mem[X,0x0000000080120B36] -> 0x0013
mem[X,0x0000000080120B38] -> 0x0000
[574] [M]: 0x0000000080120B36 (0x00000013) addi x0, x0, 0x0                         inst_9+170

mem[X,0x0000000080120B3A] -> 0x0013
mem[X,0x0000000080120B3C] -> 0x0000
[575] [M]: 0x0000000080120B3A (0x00000013) addi x0, x0, 0x0                         inst_9+174

clint mtime 0x0000000000000120 (mip.MTI <- 0b1, mip.STI <- 0b0)
mem[X,0x0000000080120B3E] -> 0x0001
[576] [M]: 0x0000000080120B3E (0x0001) c.nop                                        inst_9+178

mem[X,0x0000000080120B40] -> 0x0067
mem[X,0x0000000080120B42] -> 0x0006
[577] [M]: 0x0000000080120B40 (0x00060067) jalr x0, 0x0(x12)                        inst_9+180

clint mtime 0x0000000000000121 (mip.MTI <- 0b1, mip.STI <- 0b0)
mem[X,0x0000000080120B44] -> 0x0013
mem[X,0x0000000080120B46] -> 0x0000
[578] [M]: 0x0000000080120B44 (0x00000013) addi x0, x0, 0x0                         inst_9+184

mem[X,0x0000000080120B48] -> 0x0013
mem[X,0x0000000080120B4A] -> 0x0000
[579] [M]: 0x0000000080120B48 (0x00000013) addi x0, x0, 0x0                         inst_9+188

clint mtime 0x0000000000000122 (mip.MTI <- 0b1, mip.STI <- 0b0)
mem[X,0x0000000080120B4C] -> 0x0013
mem[X,0x0000000080120B4E] -> 0x0000
[580] [M]: 0x0000000080120B4C (0x00000013) addi x0, x0, 0x0                         inst_9+192

mem[X,0x0000000080120B50] -> 0x0013
mem[X,0x0000000080120B52] -> 0x0000
[581] [M]: 0x0000000080120B50 (0x00000013) addi x0, x0, 0x0                         inst_9+196

clint mtime 0x0000000000000123 (mip.MTI <- 0b1, mip.STI <- 0b0)
mem[X,0x0000000080120B54] -> 0x0013
mem[X,0x0000000080120B56] -> 0x0000
[582] [M]: 0x0000000080120B54 (0x00000013) addi x0, x0, 0x0                         inst_9+200

mem[X,0x0000000080120B58] -> 0x0013
mem[X,0x0000000080120B5A] -> 0x0000
[583] [M]: 0x0000000080120B58 (0x00000013) addi x0, x0, 0x0                         inst_9+204

clint mtime 0x0000000000000124 (mip.MTI <- 0b1, mip.STI <- 0b0)
mem[X,0x0000000080120B5C] -> 0x0013
mem[X,0x0000000080120B5E] -> 0x0000
[584] [M]: 0x0000000080120B5C (0x00000013) addi x0, x0, 0x0                         inst_9+208

mem[X,0x0000000080120B60] -> 0x0617
mem[X,0x0000000080120B62] -> 0x0000
[585] [M]: 0x0000000080120B60 (0x00000617) auipc x12, 0x0                           inst_9+212
x12 <- 0x0000000080120B60

clint mtime 0x0000000000000125 (mip.MTI <- 0b1, mip.STI <- 0b0)
mem[X,0x0000000080120B64] -> 0x0613
mem[X,0x0000000080120B66] -> 0xF2C6
[586] [M]: 0x0000000080120B64 (0xF2C60613) addi x12, x12, -0xd4                     inst_9+216
x12 <- 0x0000000080120A8C

mem[X,0x0000000080120B68] -> 0x0001
[587] [M]: 0x0000000080120B68 (0x0001) c.nop                                        inst_9+220

clint mtime 0x0000000000000126 (mip.MTI <- 0b1, mip.STI <- 0b0)
mem[X,0x0000000080120B6A] -> 0x0013
mem[X,0x0000000080120B6C] -> 0x0000
[588] [M]: 0x0000000080120B6A (0x00000013) addi x0, x0, 0x0                         inst_9+222

mem[X,0x0000000080120B6E] -> 0x0013
mem[X,0x0000000080120B70] -> 0x0000
[589] [M]: 0x0000000080120B6E (0x00000013) addi x0, x0, 0x0                         inst_9+226

clint mtime 0x0000000000000127 (mip.MTI <- 0b1, mip.STI <- 0b0)
mem[X,0x0000000080120B72] -> 0x0013
mem[X,0x0000000080120B74] -> 0x0000
[590] [M]: 0x0000000080120B72 (0x00000013) addi x0, x0, 0x0                         inst_9+230

mem[X,0x0000000080120B76] -> 0x0013
mem[X,0x0000000080120B78] -> 0x0000
[591] [M]: 0x0000000080120B76 (0x00000013) addi x0, x0, 0x0                         inst_9+234

clint mtime 0x0000000000000128 (mip.MTI <- 0b1, mip.STI <- 0b0)
mem[X,0x0000000080120B7A] -> 0x0013
mem[X,0x0000000080120B7C] -> 0x0000
[592] [M]: 0x0000000080120B7A (0x00000013) addi x0, x0, 0x0                         inst_9+238

mem[X,0x0000000080120B7E] -> 0x0001
[593] [M]: 0x0000000080120B7E (0x0001) c.nop                                        inst_9+242

clint mtime 0x0000000000000129 (mip.MTI <- 0b1, mip.STI <- 0b0)
mem[X,0x0000000080120B80] -> 0x7613
mem[X,0x0000000080120B82] -> 0xFFC6
[594] [M]: 0x0000000080120B80 (0xFFC67613) andi x12, x12, -0x4                      inst_9+244
x12 <- 0x0000000080120A8C

mem[X,0x0000000080120B84] -> 0x0D33
mem[X,0x0000000080120B86] -> 0x40CD
[595] [M]: 0x0000000080120B84 (0x40CD0D33) sub x26, x26, x12                        inst_9+248
x26 <- 0x0000000000000087

clint mtime 0x000000000000012A (mip.MTI <- 0b1, mip.STI <- 0b0)
mem[X,0x0000000080120B88] -> 0xB423
mem[X,0x0000000080120B8A] -> 0x05A3
[596] [M]: 0x0000000080120B88 (0x05A3B423) sd x26, 0x48(x7)                         inst_9+252
mem[W,0x0000000080125160] <- 0x0000000000000087

mem[X,0x0000000080120B8C] -> 0x0013
mem[X,0x0000000080120B8E] -> 0x0000
[597] [M]: 0x0000000080120B8C (0x00000013) addi x0, x0, 0x0                         inst_10+0

clint mtime 0x000000000000012B (mip.MTI <- 0b1, mip.STI <- 0b0)
mem[X,0x0000000080120B90] -> 0x0013
mem[X,0x0000000080120B92] -> 0x0000
[598] [M]: 0x0000000080120B90 (0x00000013) addi x0, x0, 0x0                         inst_10+4

mem[X,0x0000000080120B94] -> 0x0013
mem[X,0x0000000080120B96] -> 0x0000
[599] [M]: 0x0000000080120B94 (0x00000013) addi x0, x0, 0x0                         inst_10+8

clint mtime 0x000000000000012C (mip.MTI <- 0b1, mip.STI <- 0b0)
mem[X,0x0000000080120B98] -> 0x0013
mem[X,0x0000000080120B9A] -> 0x0000
[600] [M]: 0x0000000080120B98 (0x00000013) addi x0, x0, 0x0                         inst_10+12

mem[X,0x0000000080120B9C] -> 0x0013
mem[X,0x0000000080120B9E] -> 0x0000
[601] [M]: 0x0000000080120B9C (0x00000013) addi x0, x0, 0x0                         inst_10+16

clint mtime 0x000000000000012D (mip.MTI <- 0b1, mip.STI <- 0b0)
mem[X,0x0000000080120BA0] -> 0x0617
mem[X,0x0000000080120BA2] -> 0x0000
[602] [M]: 0x0000000080120BA0 (0x00000617) auipc x12, 0x0                           inst_10+20
x12 <- 0x0000000080120BA0

mem[X,0x0000000080120BA4] -> 0x0613
mem[X,0x0000000080120BA6] -> 0x06C6
[603] [M]: 0x0000000080120BA4 (0x06C60613) addi x12, x12, 0x6c                      inst_10+24
x12 <- 0x0000000080120C0C

clint mtime 0x000000000000012E (mip.MTI <- 0b1, mip.STI <- 0b0)
mem[X,0x0000000080120BA8] -> 0x0001
[604] [M]: 0x0000000080120BA8 (0x0001) c.nop                                        inst_10+28

mem[X,0x0000000080120BAA] -> 0x0013
mem[X,0x0000000080120BAC] -> 0x0000
[605] [M]: 0x0000000080120BAA (0x00000013) addi x0, x0, 0x0                         inst_10+30

clint mtime 0x000000000000012F (mip.MTI <- 0b1, mip.STI <- 0b0)
mem[X,0x0000000080120BAE] -> 0x0013
mem[X,0x0000000080120BB0] -> 0x0000
[606] [M]: 0x0000000080120BAE (0x00000013) addi x0, x0, 0x0                         inst_10+34

mem[X,0x0000000080120BB2] -> 0x0013
mem[X,0x0000000080120BB4] -> 0x0000
[607] [M]: 0x0000000080120BB2 (0x00000013) addi x0, x0, 0x0                         inst_10+38

clint mtime 0x0000000000000130 (mip.MTI <- 0b1, mip.STI <- 0b0)
mem[X,0x0000000080120BB6] -> 0x0013
mem[X,0x0000000080120BB8] -> 0x0000
[608] [M]: 0x0000000080120BB6 (0x00000013) addi x0, x0, 0x0                         inst_10+42

mem[X,0x0000000080120BBA] -> 0x0013
mem[X,0x0000000080120BBC] -> 0x0000
[609] [M]: 0x0000000080120BBA (0x00000013) addi x0, x0, 0x0                         inst_10+46

clint mtime 0x0000000000000131 (mip.MTI <- 0b1, mip.STI <- 0b0)
mem[X,0x0000000080120BBE] -> 0x0001
[610] [M]: 0x0000000080120BBE (0x0001) c.nop                                        inst_10+50

mem[X,0x0000000080120BC0] -> 0x0A93
mem[X,0x0000000080120BC2] -> 0x0006
[611] [M]: 0x0000000080120BC0 (0x00060A93) addi x21, x12, 0x0                       inst_10+52
x21 <- 0x0000000080120C0C

clint mtime 0x0000000000000132 (mip.MTI <- 0b1, mip.STI <- 0b0)
mem[X,0x0000000080120BC4] -> 0x0067
mem[X,0x0000000080120BC6] -> 0x0006
[612] [M]: 0x0000000080120BC4 (0x00060067) jalr x0, 0x0(x12)                        inst_10+56

mem[X,0x0000000080120C0C] -> 0x0AEF
mem[X,0x0000000080120C0E] -> 0x00C0
[613] [M]: 0x0000000080120C0C (0x00C00AEF) jal x21, 0xc                             inst_10+128
x21 <- 0x0000000080120C10

clint mtime 0x0000000000000133 (mip.MTI <- 0b1, mip.STI <- 0b0)
mem[X,0x0000000080120C18] -> 0xCA93
mem[X,0x0000000080120C1A] -> 0x003A
[614] [M]: 0x0000000080120C18 (0x003ACA93) xori x21, x21, 0x3                       inst_10+140
x21 <- 0x0000000080120C13

mem[X,0x0000000080120C1C] -> 0x0013
mem[X,0x0000000080120C1E] -> 0x0000
[615] [M]: 0x0000000080120C1C (0x00000013) addi x0, x0, 0x0                         inst_10+144

clint mtime 0x0000000000000134 (mip.MTI <- 0b1, mip.STI <- 0b0)
mem[X,0x0000000080120C20] -> 0x0617
mem[X,0x0000000080120C22] -> 0x0000
[616] [M]: 0x0000000080120C20 (0x00000617) auipc x12, 0x0                           inst_10+148
x12 <- 0x0000000080120C20

mem[X,0x0000000080120C24] -> 0x0613
mem[X,0x0000000080120C26] -> 0x0246
[617] [M]: 0x0000000080120C24 (0x02460613) addi x12, x12, 0x24                      inst_10+152
x12 <- 0x0000000080120C44

clint mtime 0x0000000000000135 (mip.MTI <- 0b1, mip.STI <- 0b0)
mem[X,0x0000000080120C28] -> 0x0001
[618] [M]: 0x0000000080120C28 (0x0001) c.nop                                        inst_10+156

mem[X,0x0000000080120C2A] -> 0x0013
mem[X,0x0000000080120C2C] -> 0x0000
[619] [M]: 0x0000000080120C2A (0x00000013) addi x0, x0, 0x0                         inst_10+158

clint mtime 0x0000000000000136 (mip.MTI <- 0b1, mip.STI <- 0b0)
mem[X,0x0000000080120C2E] -> 0x0013
mem[X,0x0000000080120C30] -> 0x0000
[620] [M]: 0x0000000080120C2E (0x00000013) addi x0, x0, 0x0                         inst_10+162

mem[X,0x0000000080120C32] -> 0x0013
mem[X,0x0000000080120C34] -> 0x0000
[621] [M]: 0x0000000080120C32 (0x00000013) addi x0, x0, 0x0                         inst_10+166

clint mtime 0x0000000000000137 (mip.MTI <- 0b1, mip.STI <- 0b0)
mem[X,0x0000000080120C36] -> 0x0013
mem[X,0x0000000080120C38] -> 0x0000
[622] [M]: 0x0000000080120C36 (0x00000013) addi x0, x0, 0x0                         inst_10+170

mem[X,0x0000000080120C3A] -> 0x0013
mem[X,0x0000000080120C3C] -> 0x0000
[623] [M]: 0x0000000080120C3A (0x00000013) addi x0, x0, 0x0                         inst_10+174

clint mtime 0x0000000000000138 (mip.MTI <- 0b1, mip.STI <- 0b0)
mem[X,0x0000000080120C3E] -> 0x0001
[624] [M]: 0x0000000080120C3E (0x0001) c.nop                                        inst_10+178

mem[X,0x0000000080120C40] -> 0x0067
mem[X,0x0000000080120C42] -> 0x0006
[625] [M]: 0x0000000080120C40 (0x00060067) jalr x0, 0x0(x12)                        inst_10+180

clint mtime 0x0000000000000139 (mip.MTI <- 0b1, mip.STI <- 0b0)
mem[X,0x0000000080120C44] -> 0x0013
mem[X,0x0000000080120C46] -> 0x0000
[626] [M]: 0x0000000080120C44 (0x00000013) addi x0, x0, 0x0                         inst_10+184

mem[X,0x0000000080120C48] -> 0x0013
mem[X,0x0000000080120C4A] -> 0x0000
[627] [M]: 0x0000000080120C48 (0x00000013) addi x0, x0, 0x0                         inst_10+188

clint mtime 0x000000000000013A (mip.MTI <- 0b1, mip.STI <- 0b0)
mem[X,0x0000000080120C4C] -> 0x0013
mem[X,0x0000000080120C4E] -> 0x0000
[628] [M]: 0x0000000080120C4C (0x00000013) addi x0, x0, 0x0                         inst_10+192

mem[X,0x0000000080120C50] -> 0x0013
mem[X,0x0000000080120C52] -> 0x0000
[629] [M]: 0x0000000080120C50 (0x00000013) addi x0, x0, 0x0                         inst_10+196

clint mtime 0x000000000000013B (mip.MTI <- 0b1, mip.STI <- 0b0)
mem[X,0x0000000080120C54] -> 0x0013
mem[X,0x0000000080120C56] -> 0x0000
[630] [M]: 0x0000000080120C54 (0x00000013) addi x0, x0, 0x0                         inst_10+200

mem[X,0x0000000080120C58] -> 0x0013
mem[X,0x0000000080120C5A] -> 0x0000
[631] [M]: 0x0000000080120C58 (0x00000013) addi x0, x0, 0x0                         inst_10+204

clint mtime 0x000000000000013C (mip.MTI <- 0b1, mip.STI <- 0b0)
mem[X,0x0000000080120C5C] -> 0x0013
mem[X,0x0000000080120C5E] -> 0x0000
[632] [M]: 0x0000000080120C5C (0x00000013) addi x0, x0, 0x0                         inst_10+208

mem[X,0x0000000080120C60] -> 0x0617
mem[X,0x0000000080120C62] -> 0x0000
[633] [M]: 0x0000000080120C60 (0x00000617) auipc x12, 0x0                           inst_10+212
x12 <- 0x0000000080120C60

clint mtime 0x000000000000013D (mip.MTI <- 0b1, mip.STI <- 0b0)
mem[X,0x0000000080120C64] -> 0x0613
mem[X,0x0000000080120C66] -> 0xF2C6
[634] [M]: 0x0000000080120C64 (0xF2C60613) addi x12, x12, -0xd4                     inst_10+216
x12 <- 0x0000000080120B8C

mem[X,0x0000000080120C68] -> 0x0001
[635] [M]: 0x0000000080120C68 (0x0001) c.nop                                        inst_10+220

clint mtime 0x000000000000013E (mip.MTI <- 0b1, mip.STI <- 0b0)
mem[X,0x0000000080120C6A] -> 0x0013
mem[X,0x0000000080120C6C] -> 0x0000
[636] [M]: 0x0000000080120C6A (0x00000013) addi x0, x0, 0x0                         inst_10+222

mem[X,0x0000000080120C6E] -> 0x0013
mem[X,0x0000000080120C70] -> 0x0000
[637] [M]: 0x0000000080120C6E (0x00000013) addi x0, x0, 0x0                         inst_10+226

clint mtime 0x000000000000013F (mip.MTI <- 0b1, mip.STI <- 0b0)
mem[X,0x0000000080120C72] -> 0x0013
mem[X,0x0000000080120C74] -> 0x0000
[638] [M]: 0x0000000080120C72 (0x00000013) addi x0, x0, 0x0                         inst_10+230

mem[X,0x0000000080120C76] -> 0x0013
mem[X,0x0000000080120C78] -> 0x0000
[639] [M]: 0x0000000080120C76 (0x00000013) addi x0, x0, 0x0                         inst_10+234

clint mtime 0x0000000000000140 (mip.MTI <- 0b1, mip.STI <- 0b0)
mem[X,0x0000000080120C7A] -> 0x0013
mem[X,0x0000000080120C7C] -> 0x0000
[640] [M]: 0x0000000080120C7A (0x00000013) addi x0, x0, 0x0                         inst_10+238

mem[X,0x0000000080120C7E] -> 0x0001
[641] [M]: 0x0000000080120C7E (0x0001) c.nop                                        inst_10+242

clint mtime 0x0000000000000141 (mip.MTI <- 0b1, mip.STI <- 0b0)
mem[X,0x0000000080120C80] -> 0x7613
mem[X,0x0000000080120C82] -> 0xFFC6
[642] [M]: 0x0000000080120C80 (0xFFC67613) andi x12, x12, -0x4                      inst_10+244
x12 <- 0x0000000080120B8C

mem[X,0x0000000080120C84] -> 0x8AB3
mem[X,0x0000000080120C86] -> 0x40CA
[643] [M]: 0x0000000080120C84 (0x40CA8AB3) sub x21, x21, x12                        inst_10+248
x21 <- 0x0000000000000087

clint mtime 0x0000000000000142 (mip.MTI <- 0b1, mip.STI <- 0b0)
mem[X,0x0000000080120C88] -> 0xB823
mem[X,0x0000000080120C8A] -> 0x0553
[644] [M]: 0x0000000080120C88 (0x0553B823) sd x21, 0x50(x7)                         inst_10+252
mem[W,0x0000000080125168] <- 0x0000000000000087

mem[X,0x0000000080120C8C] -> 0x0013
mem[X,0x0000000080120C8E] -> 0x0000
[645] [M]: 0x0000000080120C8C (0x00000013) addi x0, x0, 0x0                         inst_11+0

clint mtime 0x0000000000000143 (mip.MTI <- 0b1, mip.STI <- 0b0)
mem[X,0x0000000080120C90] -> 0x0013
mem[X,0x0000000080120C92] -> 0x0000
[646] [M]: 0x0000000080120C90 (0x00000013) addi x0, x0, 0x0                         inst_11+4

mem[X,0x0000000080120C94] -> 0x0013
mem[X,0x0000000080120C96] -> 0x0000
[647] [M]: 0x0000000080120C94 (0x00000013) addi x0, x0, 0x0                         inst_11+8

clint mtime 0x0000000000000144 (mip.MTI <- 0b1, mip.STI <- 0b0)
mem[X,0x0000000080120C98] -> 0x0013
mem[X,0x0000000080120C9A] -> 0x0000
[648] [M]: 0x0000000080120C98 (0x00000013) addi x0, x0, 0x0                         inst_11+12

mem[X,0x0000000080120C9C] -> 0x0013
mem[X,0x0000000080120C9E] -> 0x0000
[649] [M]: 0x0000000080120C9C (0x00000013) addi x0, x0, 0x0                         inst_11+16

clint mtime 0x0000000000000145 (mip.MTI <- 0b1, mip.STI <- 0b0)
mem[X,0x0000000080120CA0] -> 0x0617
mem[X,0x0000000080120CA2] -> 0x0000
[650] [M]: 0x0000000080120CA0 (0x00000617) auipc x12, 0x0                           inst_11+20
x12 <- 0x0000000080120CA0

mem[X,0x0000000080120CA4] -> 0x0613
mem[X,0x0000000080120CA6] -> 0x06C6
[651] [M]: 0x0000000080120CA4 (0x06C60613) addi x12, x12, 0x6c                      inst_11+24
x12 <- 0x0000000080120D0C

clint mtime 0x0000000000000146 (mip.MTI <- 0b1, mip.STI <- 0b0)
mem[X,0x0000000080120CA8] -> 0x0001
[652] [M]: 0x0000000080120CA8 (0x0001) c.nop                                        inst_11+28

mem[X,0x0000000080120CAA] -> 0x0013
mem[X,0x0000000080120CAC] -> 0x0000
[653] [M]: 0x0000000080120CAA (0x00000013) addi x0, x0, 0x0                         inst_11+30

clint mtime 0x0000000000000147 (mip.MTI <- 0b1, mip.STI <- 0b0)
mem[X,0x0000000080120CAE] -> 0x0013
mem[X,0x0000000080120CB0] -> 0x0000
[654] [M]: 0x0000000080120CAE (0x00000013) addi x0, x0, 0x0                         inst_11+34

mem[X,0x0000000080120CB2] -> 0x0013
mem[X,0x0000000080120CB4] -> 0x0000
[655] [M]: 0x0000000080120CB2 (0x00000013) addi x0, x0, 0x0                         inst_11+38

clint mtime 0x0000000000000148 (mip.MTI <- 0b1, mip.STI <- 0b0)
mem[X,0x0000000080120CB6] -> 0x0013
mem[X,0x0000000080120CB8] -> 0x0000
[656] [M]: 0x0000000080120CB6 (0x00000013) addi x0, x0, 0x0                         inst_11+42

mem[X,0x0000000080120CBA] -> 0x0013
mem[X,0x0000000080120CBC] -> 0x0000
[657] [M]: 0x0000000080120CBA (0x00000013) addi x0, x0, 0x0                         inst_11+46

clint mtime 0x0000000000000149 (mip.MTI <- 0b1, mip.STI <- 0b0)
mem[X,0x0000000080120CBE] -> 0x0001
[658] [M]: 0x0000000080120CBE (0x0001) c.nop                                        inst_11+50

mem[X,0x0000000080120CC0] -> 0x0F13
mem[X,0x0000000080120CC2] -> 0x0006
[659] [M]: 0x0000000080120CC0 (0x00060F13) addi x30, x12, 0x0                       inst_11+52
x30 <- 0x0000000080120D0C

clint mtime 0x000000000000014A (mip.MTI <- 0b1, mip.STI <- 0b0)
mem[X,0x0000000080120CC4] -> 0x0067
mem[X,0x0000000080120CC6] -> 0x0006
[660] [M]: 0x0000000080120CC4 (0x00060067) jalr x0, 0x0(x12)                        inst_11+56

mem[X,0x0000000080120D0C] -> 0x0F6F
mem[X,0x0000000080120D0E] -> 0x00C0
[661] [M]: 0x0000000080120D0C (0x00C00F6F) jal x30, 0xc                             inst_11+128
x30 <- 0x0000000080120D10

clint mtime 0x000000000000014B (mip.MTI <- 0b1, mip.STI <- 0b0)
mem[X,0x0000000080120D18] -> 0x4F13
mem[X,0x0000000080120D1A] -> 0x003F
[662] [M]: 0x0000000080120D18 (0x003F4F13) xori x30, x30, 0x3                       inst_11+140
x30 <- 0x0000000080120D13

mem[X,0x0000000080120D1C] -> 0x0013
mem[X,0x0000000080120D1E] -> 0x0000
[663] [M]: 0x0000000080120D1C (0x00000013) addi x0, x0, 0x0                         inst_11+144

clint mtime 0x000000000000014C (mip.MTI <- 0b1, mip.STI <- 0b0)
mem[X,0x0000000080120D20] -> 0x0617
mem[X,0x0000000080120D22] -> 0x0000
[664] [M]: 0x0000000080120D20 (0x00000617) auipc x12, 0x0                           inst_11+148
x12 <- 0x0000000080120D20

mem[X,0x0000000080120D24] -> 0x0613
mem[X,0x0000000080120D26] -> 0x0246
[665] [M]: 0x0000000080120D24 (0x02460613) addi x12, x12, 0x24                      inst_11+152
x12 <- 0x0000000080120D44

clint mtime 0x000000000000014D (mip.MTI <- 0b1, mip.STI <- 0b0)
mem[X,0x0000000080120D28] -> 0x0001
[666] [M]: 0x0000000080120D28 (0x0001) c.nop                                        inst_11+156

mem[X,0x0000000080120D2A] -> 0x0013
mem[X,0x0000000080120D2C] -> 0x0000
[667] [M]: 0x0000000080120D2A (0x00000013) addi x0, x0, 0x0                         inst_11+158

clint mtime 0x000000000000014E (mip.MTI <- 0b1, mip.STI <- 0b0)
mem[X,0x0000000080120D2E] -> 0x0013
mem[X,0x0000000080120D30] -> 0x0000
[668] [M]: 0x0000000080120D2E (0x00000013) addi x0, x0, 0x0                         inst_11+162

mem[X,0x0000000080120D32] -> 0x0013
mem[X,0x0000000080120D34] -> 0x0000
[669] [M]: 0x0000000080120D32 (0x00000013) addi x0, x0, 0x0                         inst_11+166

clint mtime 0x000000000000014F (mip.MTI <- 0b1, mip.STI <- 0b0)
mem[X,0x0000000080120D36] -> 0x0013
mem[X,0x0000000080120D38] -> 0x0000
[670] [M]: 0x0000000080120D36 (0x00000013) addi x0, x0, 0x0                         inst_11+170

mem[X,0x0000000080120D3A] -> 0x0013
mem[X,0x0000000080120D3C] -> 0x0000
[671] [M]: 0x0000000080120D3A (0x00000013) addi x0, x0, 0x0                         inst_11+174

clint mtime 0x0000000000000150 (mip.MTI <- 0b1, mip.STI <- 0b0)
mem[X,0x0000000080120D3E] -> 0x0001
[672] [M]: 0x0000000080120D3E (0x0001) c.nop                                        inst_11+178

mem[X,0x0000000080120D40] -> 0x0067
mem[X,0x0000000080120D42] -> 0x0006
[673] [M]: 0x0000000080120D40 (0x00060067) jalr x0, 0x0(x12)                        inst_11+180

clint mtime 0x0000000000000151 (mip.MTI <- 0b1, mip.STI <- 0b0)
mem[X,0x0000000080120D44] -> 0x0013
mem[X,0x0000000080120D46] -> 0x0000
[674] [M]: 0x0000000080120D44 (0x00000013) addi x0, x0, 0x0                         inst_11+184

mem[X,0x0000000080120D48] -> 0x0013
mem[X,0x0000000080120D4A] -> 0x0000
[675] [M]: 0x0000000080120D48 (0x00000013) addi x0, x0, 0x0                         inst_11+188

clint mtime 0x0000000000000152 (mip.MTI <- 0b1, mip.STI <- 0b0)
mem[X,0x0000000080120D4C] -> 0x0013
mem[X,0x0000000080120D4E] -> 0x0000
[676] [M]: 0x0000000080120D4C (0x00000013) addi x0, x0, 0x0                         inst_11+192

mem[X,0x0000000080120D50] -> 0x0013
mem[X,0x0000000080120D52] -> 0x0000
[677] [M]: 0x0000000080120D50 (0x00000013) addi x0, x0, 0x0                         inst_11+196

clint mtime 0x0000000000000153 (mip.MTI <- 0b1, mip.STI <- 0b0)
mem[X,0x0000000080120D54] -> 0x0013
mem[X,0x0000000080120D56] -> 0x0000
[678] [M]: 0x0000000080120D54 (0x00000013) addi x0, x0, 0x0                         inst_11+200

mem[X,0x0000000080120D58] -> 0x0013
mem[X,0x0000000080120D5A] -> 0x0000
[679] [M]: 0x0000000080120D58 (0x00000013) addi x0, x0, 0x0                         inst_11+204

clint mtime 0x0000000000000154 (mip.MTI <- 0b1, mip.STI <- 0b0)
mem[X,0x0000000080120D5C] -> 0x0013
mem[X,0x0000000080120D5E] -> 0x0000
[680] [M]: 0x0000000080120D5C (0x00000013) addi x0, x0, 0x0                         inst_11+208

mem[X,0x0000000080120D60] -> 0x0617
mem[X,0x0000000080120D62] -> 0x0000
[681] [M]: 0x0000000080120D60 (0x00000617) auipc x12, 0x0                           inst_11+212
x12 <- 0x0000000080120D60

clint mtime 0x0000000000000155 (mip.MTI <- 0b1, mip.STI <- 0b0)
mem[X,0x0000000080120D64] -> 0x0613
mem[X,0x0000000080120D66] -> 0xF2C6
[682] [M]: 0x0000000080120D64 (0xF2C60613) addi x12, x12, -0xd4                     inst_11+216
x12 <- 0x0000000080120C8C

mem[X,0x0000000080120D68] -> 0x0001
[683] [M]: 0x0000000080120D68 (0x0001) c.nop                                        inst_11+220

clint mtime 0x0000000000000156 (mip.MTI <- 0b1, mip.STI <- 0b0)
mem[X,0x0000000080120D6A] -> 0x0013
mem[X,0x0000000080120D6C] -> 0x0000
[684] [M]: 0x0000000080120D6A (0x00000013) addi x0, x0, 0x0                         inst_11+222

mem[X,0x0000000080120D6E] -> 0x0013
mem[X,0x0000000080120D70] -> 0x0000
[685] [M]: 0x0000000080120D6E (0x00000013) addi x0, x0, 0x0                         inst_11+226

clint mtime 0x0000000000000157 (mip.MTI <- 0b1, mip.STI <- 0b0)
mem[X,0x0000000080120D72] -> 0x0013
mem[X,0x0000000080120D74] -> 0x0000
[686] [M]: 0x0000000080120D72 (0x00000013) addi x0, x0, 0x0                         inst_11+230

mem[X,0x0000000080120D76] -> 0x0013
mem[X,0x0000000080120D78] -> 0x0000
[687] [M]: 0x0000000080120D76 (0x00000013) addi x0, x0, 0x0                         inst_11+234

clint mtime 0x0000000000000158 (mip.MTI <- 0b1, mip.STI <- 0b0)
mem[X,0x0000000080120D7A] -> 0x0013
mem[X,0x0000000080120D7C] -> 0x0000
[688] [M]: 0x0000000080120D7A (0x00000013) addi x0, x0, 0x0                         inst_11+238

mem[X,0x0000000080120D7E] -> 0x0001
[689] [M]: 0x0000000080120D7E (0x0001) c.nop                                        inst_11+242

clint mtime 0x0000000000000159 (mip.MTI <- 0b1, mip.STI <- 0b0)
mem[X,0x0000000080120D80] -> 0x7613
mem[X,0x0000000080120D82] -> 0xFFC6
[690] [M]: 0x0000000080120D80 (0xFFC67613) andi x12, x12, -0x4                      inst_11+244
x12 <- 0x0000000080120C8C

mem[X,0x0000000080120D84] -> 0x0F33
mem[X,0x0000000080120D86] -> 0x40CF
[691] [M]: 0x0000000080120D84 (0x40CF0F33) sub x30, x30, x12                        inst_11+248
x30 <- 0x0000000000000087

clint mtime 0x000000000000015A (mip.MTI <- 0b1, mip.STI <- 0b0)
mem[X,0x0000000080120D88] -> 0xBC23
mem[X,0x0000000080120D8A] -> 0x05E3
[692] [M]: 0x0000000080120D88 (0x05E3BC23) sd x30, 0x58(x7)                         inst_11+252
mem[W,0x0000000080125170] <- 0x0000000000000087

mem[X,0x0000000080120D8C] -> 0x0013
mem[X,0x0000000080120D8E] -> 0x0000
[693] [M]: 0x0000000080120D8C (0x00000013) addi x0, x0, 0x0                         inst_12+0

clint mtime 0x000000000000015B (mip.MTI <- 0b1, mip.STI <- 0b0)
mem[X,0x0000000080120D90] -> 0x0013
mem[X,0x0000000080120D92] -> 0x0000
[694] [M]: 0x0000000080120D90 (0x00000013) addi x0, x0, 0x0                         inst_12+4

mem[X,0x0000000080120D94] -> 0x0013
mem[X,0x0000000080120D96] -> 0x0000
[695] [M]: 0x0000000080120D94 (0x00000013) addi x0, x0, 0x0                         inst_12+8

clint mtime 0x000000000000015C (mip.MTI <- 0b1, mip.STI <- 0b0)
mem[X,0x0000000080120D98] -> 0x0013
mem[X,0x0000000080120D9A] -> 0x0000
[696] [M]: 0x0000000080120D98 (0x00000013) addi x0, x0, 0x0                         inst_12+12

mem[X,0x0000000080120D9C] -> 0x0013
mem[X,0x0000000080120D9E] -> 0x0000
[697] [M]: 0x0000000080120D9C (0x00000013) addi x0, x0, 0x0                         inst_12+16

clint mtime 0x000000000000015D (mip.MTI <- 0b1, mip.STI <- 0b0)
mem[X,0x0000000080120DA0] -> 0x0617
mem[X,0x0000000080120DA2] -> 0x0000
[698] [M]: 0x0000000080120DA0 (0x00000617) auipc x12, 0x0                           inst_12+20
x12 <- 0x0000000080120DA0

mem[X,0x0000000080120DA4] -> 0x0613
mem[X,0x0000000080120DA6] -> 0x06C6
[699] [M]: 0x0000000080120DA4 (0x06C60613) addi x12, x12, 0x6c                      inst_12+24
x12 <- 0x0000000080120E0C

clint mtime 0x000000000000015E (mip.MTI <- 0b1, mip.STI <- 0b0)
mem[X,0x0000000080120DA8] -> 0x0001
[700] [M]: 0x0000000080120DA8 (0x0001) c.nop                                        inst_12+28

mem[X,0x0000000080120DAA] -> 0x0013
mem[X,0x0000000080120DAC] -> 0x0000
[701] [M]: 0x0000000080120DAA (0x00000013) addi x0, x0, 0x0                         inst_12+30

clint mtime 0x000000000000015F (mip.MTI <- 0b1, mip.STI <- 0b0)
mem[X,0x0000000080120DAE] -> 0x0013
mem[X,0x0000000080120DB0] -> 0x0000
[702] [M]: 0x0000000080120DAE (0x00000013) addi x0, x0, 0x0                         inst_12+34

mem[X,0x0000000080120DB2] -> 0x0013
mem[X,0x0000000080120DB4] -> 0x0000
[703] [M]: 0x0000000080120DB2 (0x00000013) addi x0, x0, 0x0                         inst_12+38

clint mtime 0x0000000000000160 (mip.MTI <- 0b1, mip.STI <- 0b0)
mem[X,0x0000000080120DB6] -> 0x0013
mem[X,0x0000000080120DB8] -> 0x0000
[704] [M]: 0x0000000080120DB6 (0x00000013) addi x0, x0, 0x0                         inst_12+42

mem[X,0x0000000080120DBA] -> 0x0013
mem[X,0x0000000080120DBC] -> 0x0000
[705] [M]: 0x0000000080120DBA (0x00000013) addi x0, x0, 0x0                         inst_12+46

clint mtime 0x0000000000000161 (mip.MTI <- 0b1, mip.STI <- 0b0)
mem[X,0x0000000080120DBE] -> 0x0001
[706] [M]: 0x0000000080120DBE (0x0001) c.nop                                        inst_12+50

mem[X,0x0000000080120DC0] -> 0x0D93
mem[X,0x0000000080120DC2] -> 0x0006
[707] [M]: 0x0000000080120DC0 (0x00060D93) addi x27, x12, 0x0                       inst_12+52
x27 <- 0x0000000080120E0C

clint mtime 0x0000000000000162 (mip.MTI <- 0b1, mip.STI <- 0b0)
mem[X,0x0000000080120DC4] -> 0x0067
mem[X,0x0000000080120DC6] -> 0x0006
[708] [M]: 0x0000000080120DC4 (0x00060067) jalr x0, 0x0(x12)                        inst_12+56

mem[X,0x0000000080120E0C] -> 0x0DEF
mem[X,0x0000000080120E0E] -> 0x00C0
[709] [M]: 0x0000000080120E0C (0x00C00DEF) jal x27, 0xc                             inst_12+128
x27 <- 0x0000000080120E10

clint mtime 0x0000000000000163 (mip.MTI <- 0b1, mip.STI <- 0b0)
mem[X,0x0000000080120E18] -> 0xCD93
mem[X,0x0000000080120E1A] -> 0x003D
[710] [M]: 0x0000000080120E18 (0x003DCD93) xori x27, x27, 0x3                       inst_12+140
x27 <- 0x0000000080120E13

mem[X,0x0000000080120E1C] -> 0x0013
mem[X,0x0000000080120E1E] -> 0x0000
[711] [M]: 0x0000000080120E1C (0x00000013) addi x0, x0, 0x0                         inst_12+144

clint mtime 0x0000000000000164 (mip.MTI <- 0b1, mip.STI <- 0b0)
mem[X,0x0000000080120E20] -> 0x0617
mem[X,0x0000000080120E22] -> 0x0000
[712] [M]: 0x0000000080120E20 (0x00000617) auipc x12, 0x0                           inst_12+148
x12 <- 0x0000000080120E20

mem[X,0x0000000080120E24] -> 0x0613
mem[X,0x0000000080120E26] -> 0x0246
[713] [M]: 0x0000000080120E24 (0x02460613) addi x12, x12, 0x24                      inst_12+152
x12 <- 0x0000000080120E44

clint mtime 0x0000000000000165 (mip.MTI <- 0b1, mip.STI <- 0b0)
mem[X,0x0000000080120E28] -> 0x0001
[714] [M]: 0x0000000080120E28 (0x0001) c.nop                                        inst_12+156

mem[X,0x0000000080120E2A] -> 0x0013
mem[X,0x0000000080120E2C] -> 0x0000
[715] [M]: 0x0000000080120E2A (0x00000013) addi x0, x0, 0x0                         inst_12+158

clint mtime 0x0000000000000166 (mip.MTI <- 0b1, mip.STI <- 0b0)
mem[X,0x0000000080120E2E] -> 0x0013
mem[X,0x0000000080120E30] -> 0x0000
[716] [M]: 0x0000000080120E2E (0x00000013) addi x0, x0, 0x0                         inst_12+162

mem[X,0x0000000080120E32] -> 0x0013
mem[X,0x0000000080120E34] -> 0x0000
[717] [M]: 0x0000000080120E32 (0x00000013) addi x0, x0, 0x0                         inst_12+166

clint mtime 0x0000000000000167 (mip.MTI <- 0b1, mip.STI <- 0b0)
mem[X,0x0000000080120E36] -> 0x0013
mem[X,0x0000000080120E38] -> 0x0000
[718] [M]: 0x0000000080120E36 (0x00000013) addi x0, x0, 0x0                         inst_12+170

mem[X,0x0000000080120E3A] -> 0x0013
mem[X,0x0000000080120E3C] -> 0x0000
[719] [M]: 0x0000000080120E3A (0x00000013) addi x0, x0, 0x0                         inst_12+174

clint mtime 0x0000000000000168 (mip.MTI <- 0b1, mip.STI <- 0b0)
mem[X,0x0000000080120E3E] -> 0x0001
[720] [M]: 0x0000000080120E3E (0x0001) c.nop                                        inst_12+178

mem[X,0x0000000080120E40] -> 0x0067
mem[X,0x0000000080120E42] -> 0x0006
[721] [M]: 0x0000000080120E40 (0x00060067) jalr x0, 0x0(x12)                        inst_12+180

clint mtime 0x0000000000000169 (mip.MTI <- 0b1, mip.STI <- 0b0)
mem[X,0x0000000080120E44] -> 0x0013
mem[X,0x0000000080120E46] -> 0x0000
[722] [M]: 0x0000000080120E44 (0x00000013) addi x0, x0, 0x0                         inst_12+184

mem[X,0x0000000080120E48] -> 0x0013
mem[X,0x0000000080120E4A] -> 0x0000
[723] [M]: 0x0000000080120E48 (0x00000013) addi x0, x0, 0x0                         inst_12+188

clint mtime 0x000000000000016A (mip.MTI <- 0b1, mip.STI <- 0b0)
mem[X,0x0000000080120E4C] -> 0x0013
mem[X,0x0000000080120E4E] -> 0x0000
[724] [M]: 0x0000000080120E4C (0x00000013) addi x0, x0, 0x0                         inst_12+192

mem[X,0x0000000080120E50] -> 0x0013
mem[X,0x0000000080120E52] -> 0x0000
[725] [M]: 0x0000000080120E50 (0x00000013) addi x0, x0, 0x0                         inst_12+196

clint mtime 0x000000000000016B (mip.MTI <- 0b1, mip.STI <- 0b0)
mem[X,0x0000000080120E54] -> 0x0013
mem[X,0x0000000080120E56] -> 0x0000
[726] [M]: 0x0000000080120E54 (0x00000013) addi x0, x0, 0x0                         inst_12+200

mem[X,0x0000000080120E58] -> 0x0013
mem[X,0x0000000080120E5A] -> 0x0000
[727] [M]: 0x0000000080120E58 (0x00000013) addi x0, x0, 0x0                         inst_12+204

clint mtime 0x000000000000016C (mip.MTI <- 0b1, mip.STI <- 0b0)
mem[X,0x0000000080120E5C] -> 0x0013
mem[X,0x0000000080120E5E] -> 0x0000
[728] [M]: 0x0000000080120E5C (0x00000013) addi x0, x0, 0x0                         inst_12+208

mem[X,0x0000000080120E60] -> 0x0617
mem[X,0x0000000080120E62] -> 0x0000
[729] [M]: 0x0000000080120E60 (0x00000617) auipc x12, 0x0                           inst_12+212
x12 <- 0x0000000080120E60

clint mtime 0x000000000000016D (mip.MTI <- 0b1, mip.STI <- 0b0)
mem[X,0x0000000080120E64] -> 0x0613
mem[X,0x0000000080120E66] -> 0xF2C6
[730] [M]: 0x0000000080120E64 (0xF2C60613) addi x12, x12, -0xd4                     inst_12+216
x12 <- 0x0000000080120D8C

mem[X,0x0000000080120E68] -> 0x0001
[731] [M]: 0x0000000080120E68 (0x0001) c.nop                                        inst_12+220

clint mtime 0x000000000000016E (mip.MTI <- 0b1, mip.STI <- 0b0)
mem[X,0x0000000080120E6A] -> 0x0013
mem[X,0x0000000080120E6C] -> 0x0000
[732] [M]: 0x0000000080120E6A (0x00000013) addi x0, x0, 0x0                         inst_12+222

mem[X,0x0000000080120E6E] -> 0x0013
mem[X,0x0000000080120E70] -> 0x0000
[733] [M]: 0x0000000080120E6E (0x00000013) addi x0, x0, 0x0                         inst_12+226

clint mtime 0x000000000000016F (mip.MTI <- 0b1, mip.STI <- 0b0)
mem[X,0x0000000080120E72] -> 0x0013
mem[X,0x0000000080120E74] -> 0x0000
[734] [M]: 0x0000000080120E72 (0x00000013) addi x0, x0, 0x0                         inst_12+230

mem[X,0x0000000080120E76] -> 0x0013
mem[X,0x0000000080120E78] -> 0x0000
[735] [M]: 0x0000000080120E76 (0x00000013) addi x0, x0, 0x0                         inst_12+234

clint mtime 0x0000000000000170 (mip.MTI <- 0b1, mip.STI <- 0b0)
mem[X,0x0000000080120E7A] -> 0x0013
mem[X,0x0000000080120E7C] -> 0x0000
[736] [M]: 0x0000000080120E7A (0x00000013) addi x0, x0, 0x0                         inst_12+238

mem[X,0x0000000080120E7E] -> 0x0001
[737] [M]: 0x0000000080120E7E (0x0001) c.nop                                        inst_12+242

clint mtime 0x0000000000000171 (mip.MTI <- 0b1, mip.STI <- 0b0)
mem[X,0x0000000080120E80] -> 0x7613
mem[X,0x0000000080120E82] -> 0xFFC6
[738] [M]: 0x0000000080120E80 (0xFFC67613) andi x12, x12, -0x4                      inst_12+244
x12 <- 0x0000000080120D8C

mem[X,0x0000000080120E84] -> 0x8DB3
mem[X,0x0000000080120E86] -> 0x40CD
[739] [M]: 0x0000000080120E84 (0x40CD8DB3) sub x27, x27, x12                        inst_12+248
x27 <- 0x0000000000000087

clint mtime 0x0000000000000172 (mip.MTI <- 0b1, mip.STI <- 0b0)
mem[X,0x0000000080120E88] -> 0xB023
mem[X,0x0000000080120E8A] -> 0x07B3
[740] [M]: 0x0000000080120E88 (0x07B3B023) sd x27, 0x60(x7)                         inst_12+252
mem[W,0x0000000080125178] <- 0x0000000000000087

mem[X,0x0000000080120E8C] -> 0x0013
mem[X,0x0000000080120E8E] -> 0x0000
[741] [M]: 0x0000000080120E8C (0x00000013) addi x0, x0, 0x0                         inst_13+0

clint mtime 0x0000000000000173 (mip.MTI <- 0b1, mip.STI <- 0b0)
mem[X,0x0000000080120E90] -> 0x0013
mem[X,0x0000000080120E92] -> 0x0000
[742] [M]: 0x0000000080120E90 (0x00000013) addi x0, x0, 0x0                         inst_13+4

mem[X,0x0000000080120E94] -> 0x0013
mem[X,0x0000000080120E96] -> 0x0000
[743] [M]: 0x0000000080120E94 (0x00000013) addi x0, x0, 0x0                         inst_13+8

clint mtime 0x0000000000000174 (mip.MTI <- 0b1, mip.STI <- 0b0)
mem[X,0x0000000080120E98] -> 0x0013
mem[X,0x0000000080120E9A] -> 0x0000
[744] [M]: 0x0000000080120E98 (0x00000013) addi x0, x0, 0x0                         inst_13+12

mem[X,0x0000000080120E9C] -> 0x0013
mem[X,0x0000000080120E9E] -> 0x0000
[745] [M]: 0x0000000080120E9C (0x00000013) addi x0, x0, 0x0                         inst_13+16

clint mtime 0x0000000000000175 (mip.MTI <- 0b1, mip.STI <- 0b0)
mem[X,0x0000000080120EA0] -> 0x0617
mem[X,0x0000000080120EA2] -> 0x0000
[746] [M]: 0x0000000080120EA0 (0x00000617) auipc x12, 0x0                           inst_13+20
x12 <- 0x0000000080120EA0

mem[X,0x0000000080120EA4] -> 0x0613
mem[X,0x0000000080120EA6] -> 0x06C6
[747] [M]: 0x0000000080120EA4 (0x06C60613) addi x12, x12, 0x6c                      inst_13+24
x12 <- 0x0000000080120F0C

clint mtime 0x0000000000000176 (mip.MTI <- 0b1, mip.STI <- 0b0)
mem[X,0x0000000080120EA8] -> 0x0001
[748] [M]: 0x0000000080120EA8 (0x0001) c.nop                                        inst_13+28

mem[X,0x0000000080120EAA] -> 0x0013
mem[X,0x0000000080120EAC] -> 0x0000
[749] [M]: 0x0000000080120EAA (0x00000013) addi x0, x0, 0x0                         inst_13+30

clint mtime 0x0000000000000177 (mip.MTI <- 0b1, mip.STI <- 0b0)
mem[X,0x0000000080120EAE] -> 0x0013
mem[X,0x0000000080120EB0] -> 0x0000
[750] [M]: 0x0000000080120EAE (0x00000013) addi x0, x0, 0x0                         inst_13+34

mem[X,0x0000000080120EB2] -> 0x0013
mem[X,0x0000000080120EB4] -> 0x0000
[751] [M]: 0x0000000080120EB2 (0x00000013) addi x0, x0, 0x0                         inst_13+38

clint mtime 0x0000000000000178 (mip.MTI <- 0b1, mip.STI <- 0b0)
mem[X,0x0000000080120EB6] -> 0x0013
mem[X,0x0000000080120EB8] -> 0x0000
[752] [M]: 0x0000000080120EB6 (0x00000013) addi x0, x0, 0x0                         inst_13+42

mem[X,0x0000000080120EBA] -> 0x0013
mem[X,0x0000000080120EBC] -> 0x0000
[753] [M]: 0x0000000080120EBA (0x00000013) addi x0, x0, 0x0                         inst_13+46

clint mtime 0x0000000000000179 (mip.MTI <- 0b1, mip.STI <- 0b0)
mem[X,0x0000000080120EBE] -> 0x0001
[754] [M]: 0x0000000080120EBE (0x0001) c.nop                                        inst_13+50

mem[X,0x0000000080120EC0] -> 0x0B93
mem[X,0x0000000080120EC2] -> 0x0006
[755] [M]: 0x0000000080120EC0 (0x00060B93) addi x23, x12, 0x0                       inst_13+52
x23 <- 0x0000000080120F0C

clint mtime 0x000000000000017A (mip.MTI <- 0b1, mip.STI <- 0b0)
mem[X,0x0000000080120EC4] -> 0x0067
mem[X,0x0000000080120EC6] -> 0x0006
[756] [M]: 0x0000000080120EC4 (0x00060067) jalr x0, 0x0(x12)                        inst_13+56

mem[X,0x0000000080120F0C] -> 0x0BEF
mem[X,0x0000000080120F0E] -> 0x00C0
[757] [M]: 0x0000000080120F0C (0x00C00BEF) jal x23, 0xc                             inst_13+128
x23 <- 0x0000000080120F10

clint mtime 0x000000000000017B (mip.MTI <- 0b1, mip.STI <- 0b0)
mem[X,0x0000000080120F18] -> 0xCB93
mem[X,0x0000000080120F1A] -> 0x003B
[758] [M]: 0x0000000080120F18 (0x003BCB93) xori x23, x23, 0x3                       inst_13+140
x23 <- 0x0000000080120F13

mem[X,0x0000000080120F1C] -> 0x0013
mem[X,0x0000000080120F1E] -> 0x0000
[759] [M]: 0x0000000080120F1C (0x00000013) addi x0, x0, 0x0                         inst_13+144

clint mtime 0x000000000000017C (mip.MTI <- 0b1, mip.STI <- 0b0)
mem[X,0x0000000080120F20] -> 0x0617
mem[X,0x0000000080120F22] -> 0x0000
[760] [M]: 0x0000000080120F20 (0x00000617) auipc x12, 0x0                           inst_13+148
x12 <- 0x0000000080120F20

mem[X,0x0000000080120F24] -> 0x0613
mem[X,0x0000000080120F26] -> 0x0246
[761] [M]: 0x0000000080120F24 (0x02460613) addi x12, x12, 0x24                      inst_13+152
x12 <- 0x0000000080120F44

clint mtime 0x000000000000017D (mip.MTI <- 0b1, mip.STI <- 0b0)
mem[X,0x0000000080120F28] -> 0x0001
[762] [M]: 0x0000000080120F28 (0x0001) c.nop                                        inst_13+156

mem[X,0x0000000080120F2A] -> 0x0013
mem[X,0x0000000080120F2C] -> 0x0000
[763] [M]: 0x0000000080120F2A (0x00000013) addi x0, x0, 0x0                         inst_13+158

clint mtime 0x000000000000017E (mip.MTI <- 0b1, mip.STI <- 0b0)
mem[X,0x0000000080120F2E] -> 0x0013
mem[X,0x0000000080120F30] -> 0x0000
[764] [M]: 0x0000000080120F2E (0x00000013) addi x0, x0, 0x0                         inst_13+162

mem[X,0x0000000080120F32] -> 0x0013
mem[X,0x0000000080120F34] -> 0x0000
[765] [M]: 0x0000000080120F32 (0x00000013) addi x0, x0, 0x0                         inst_13+166

clint mtime 0x000000000000017F (mip.MTI <- 0b1, mip.STI <- 0b0)
mem[X,0x0000000080120F36] -> 0x0013
mem[X,0x0000000080120F38] -> 0x0000
[766] [M]: 0x0000000080120F36 (0x00000013) addi x0, x0, 0x0                         inst_13+170

mem[X,0x0000000080120F3A] -> 0x0013
mem[X,0x0000000080120F3C] -> 0x0000
[767] [M]: 0x0000000080120F3A (0x00000013) addi x0, x0, 0x0                         inst_13+174

clint mtime 0x0000000000000180 (mip.MTI <- 0b1, mip.STI <- 0b0)
mem[X,0x0000000080120F3E] -> 0x0001
[768] [M]: 0x0000000080120F3E (0x0001) c.nop                                        inst_13+178

mem[X,0x0000000080120F40] -> 0x0067
mem[X,0x0000000080120F42] -> 0x0006
[769] [M]: 0x0000000080120F40 (0x00060067) jalr x0, 0x0(x12)                        inst_13+180

clint mtime 0x0000000000000181 (mip.MTI <- 0b1, mip.STI <- 0b0)
mem[X,0x0000000080120F44] -> 0x0013
mem[X,0x0000000080120F46] -> 0x0000
[770] [M]: 0x0000000080120F44 (0x00000013) addi x0, x0, 0x0                         inst_13+184

mem[X,0x0000000080120F48] -> 0x0013
mem[X,0x0000000080120F4A] -> 0x0000
[771] [M]: 0x0000000080120F48 (0x00000013) addi x0, x0, 0x0                         inst_13+188

clint mtime 0x0000000000000182 (mip.MTI <- 0b1, mip.STI <- 0b0)
mem[X,0x0000000080120F4C] -> 0x0013
mem[X,0x0000000080120F4E] -> 0x0000
[772] [M]: 0x0000000080120F4C (0x00000013) addi x0, x0, 0x0                         inst_13+192

mem[X,0x0000000080120F50] -> 0x0013
mem[X,0x0000000080120F52] -> 0x0000
[773] [M]: 0x0000000080120F50 (0x00000013) addi x0, x0, 0x0                         inst_13+196

clint mtime 0x0000000000000183 (mip.MTI <- 0b1, mip.STI <- 0b0)
mem[X,0x0000000080120F54] -> 0x0013
mem[X,0x0000000080120F56] -> 0x0000
[774] [M]: 0x0000000080120F54 (0x00000013) addi x0, x0, 0x0                         inst_13+200

mem[X,0x0000000080120F58] -> 0x0013
mem[X,0x0000000080120F5A] -> 0x0000
[775] [M]: 0x0000000080120F58 (0x00000013) addi x0, x0, 0x0                         inst_13+204

clint mtime 0x0000000000000184 (mip.MTI <- 0b1, mip.STI <- 0b0)
mem[X,0x0000000080120F5C] -> 0x0013
mem[X,0x0000000080120F5E] -> 0x0000
[776] [M]: 0x0000000080120F5C (0x00000013) addi x0, x0, 0x0                         inst_13+208

mem[X,0x0000000080120F60] -> 0x0617
mem[X,0x0000000080120F62] -> 0x0000
[777] [M]: 0x0000000080120F60 (0x00000617) auipc x12, 0x0                           inst_13+212
x12 <- 0x0000000080120F60

clint mtime 0x0000000000000185 (mip.MTI <- 0b1, mip.STI <- 0b0)
mem[X,0x0000000080120F64] -> 0x0613
mem[X,0x0000000080120F66] -> 0xF2C6
[778] [M]: 0x0000000080120F64 (0xF2C60613) addi x12, x12, -0xd4                     inst_13+216
x12 <- 0x0000000080120E8C

mem[X,0x0000000080120F68] -> 0x0001
[779] [M]: 0x0000000080120F68 (0x0001) c.nop                                        inst_13+220

clint mtime 0x0000000000000186 (mip.MTI <- 0b1, mip.STI <- 0b0)
mem[X,0x0000000080120F6A] -> 0x0013
mem[X,0x0000000080120F6C] -> 0x0000
[780] [M]: 0x0000000080120F6A (0x00000013) addi x0, x0, 0x0                         inst_13+222

mem[X,0x0000000080120F6E] -> 0x0013
mem[X,0x0000000080120F70] -> 0x0000
[781] [M]: 0x0000000080120F6E (0x00000013) addi x0, x0, 0x0                         inst_13+226

clint mtime 0x0000000000000187 (mip.MTI <- 0b1, mip.STI <- 0b0)
mem[X,0x0000000080120F72] -> 0x0013
mem[X,0x0000000080120F74] -> 0x0000
[782] [M]: 0x0000000080120F72 (0x00000013) addi x0, x0, 0x0                         inst_13+230

mem[X,0x0000000080120F76] -> 0x0013
mem[X,0x0000000080120F78] -> 0x0000
[783] [M]: 0x0000000080120F76 (0x00000013) addi x0, x0, 0x0                         inst_13+234

clint mtime 0x0000000000000188 (mip.MTI <- 0b1, mip.STI <- 0b0)
mem[X,0x0000000080120F7A] -> 0x0013
mem[X,0x0000000080120F7C] -> 0x0000
[784] [M]: 0x0000000080120F7A (0x00000013) addi x0, x0, 0x0                         inst_13+238

mem[X,0x0000000080120F7E] -> 0x0001
[785] [M]: 0x0000000080120F7E (0x0001) c.nop                                        inst_13+242

clint mtime 0x0000000000000189 (mip.MTI <- 0b1, mip.STI <- 0b0)
mem[X,0x0000000080120F80] -> 0x7613
mem[X,0x0000000080120F82] -> 0xFFC6
[786] [M]: 0x0000000080120F80 (0xFFC67613) andi x12, x12, -0x4                      inst_13+244
x12 <- 0x0000000080120E8C

mem[X,0x0000000080120F84] -> 0x8BB3
mem[X,0x0000000080120F86] -> 0x40CB
[787] [M]: 0x0000000080120F84 (0x40CB8BB3) sub x23, x23, x12                        inst_13+248
x23 <- 0x0000000000000087

clint mtime 0x000000000000018A (mip.MTI <- 0b1, mip.STI <- 0b0)
mem[X,0x0000000080120F88] -> 0xB423
mem[X,0x0000000080120F8A] -> 0x0773
[788] [M]: 0x0000000080120F88 (0x0773B423) sd x23, 0x68(x7)                         inst_13+252
mem[W,0x0000000080125180] <- 0x0000000000000087

mem[X,0x0000000080120F8C] -> 0x0013
mem[X,0x0000000080120F8E] -> 0x0000
[789] [M]: 0x0000000080120F8C (0x00000013) addi x0, x0, 0x0                         inst_14+0

clint mtime 0x000000000000018B (mip.MTI <- 0b1, mip.STI <- 0b0)
mem[X,0x0000000080120F90] -> 0x0013
mem[X,0x0000000080120F92] -> 0x0000
[790] [M]: 0x0000000080120F90 (0x00000013) addi x0, x0, 0x0                         inst_14+4

mem[X,0x0000000080120F94] -> 0x0013
mem[X,0x0000000080120F96] -> 0x0000
[791] [M]: 0x0000000080120F94 (0x00000013) addi x0, x0, 0x0                         inst_14+8

clint mtime 0x000000000000018C (mip.MTI <- 0b1, mip.STI <- 0b0)
mem[X,0x0000000080120F98] -> 0x0013
mem[X,0x0000000080120F9A] -> 0x0000
[792] [M]: 0x0000000080120F98 (0x00000013) addi x0, x0, 0x0                         inst_14+12

mem[X,0x0000000080120F9C] -> 0x0013
mem[X,0x0000000080120F9E] -> 0x0000
[793] [M]: 0x0000000080120F9C (0x00000013) addi x0, x0, 0x0                         inst_14+16

clint mtime 0x000000000000018D (mip.MTI <- 0b1, mip.STI <- 0b0)
mem[X,0x0000000080120FA0] -> 0x0617
mem[X,0x0000000080120FA2] -> 0x0000
[794] [M]: 0x0000000080120FA0 (0x00000617) auipc x12, 0x0                           inst_14+20
x12 <- 0x0000000080120FA0

mem[X,0x0000000080120FA4] -> 0x0613
mem[X,0x0000000080120FA6] -> 0x06C6
[795] [M]: 0x0000000080120FA4 (0x06C60613) addi x12, x12, 0x6c                      inst_14+24
x12 <- 0x000000008012100C

clint mtime 0x000000000000018E (mip.MTI <- 0b1, mip.STI <- 0b0)
mem[X,0x0000000080120FA8] -> 0x0001
[796] [M]: 0x0000000080120FA8 (0x0001) c.nop                                        inst_14+28

mem[X,0x0000000080120FAA] -> 0x0013
mem[X,0x0000000080120FAC] -> 0x0000
[797] [M]: 0x0000000080120FAA (0x00000013) addi x0, x0, 0x0                         inst_14+30

clint mtime 0x000000000000018F (mip.MTI <- 0b1, mip.STI <- 0b0)
mem[X,0x0000000080120FAE] -> 0x0013
mem[X,0x0000000080120FB0] -> 0x0000
[798] [M]: 0x0000000080120FAE (0x00000013) addi x0, x0, 0x0                         inst_14+34

mem[X,0x0000000080120FB2] -> 0x0013
mem[X,0x0000000080120FB4] -> 0x0000
[799] [M]: 0x0000000080120FB2 (0x00000013) addi x0, x0, 0x0                         inst_14+38

clint mtime 0x0000000000000190 (mip.MTI <- 0b1, mip.STI <- 0b0)
mem[X,0x0000000080120FB6] -> 0x0013
mem[X,0x0000000080120FB8] -> 0x0000
[800] [M]: 0x0000000080120FB6 (0x00000013) addi x0, x0, 0x0                         inst_14+42

mem[X,0x0000000080120FBA] -> 0x0013
mem[X,0x0000000080120FBC] -> 0x0000
[801] [M]: 0x0000000080120FBA (0x00000013) addi x0, x0, 0x0                         inst_14+46

clint mtime 0x0000000000000191 (mip.MTI <- 0b1, mip.STI <- 0b0)
mem[X,0x0000000080120FBE] -> 0x0001
[802] [M]: 0x0000000080120FBE (0x0001) c.nop                                        inst_14+50

mem[X,0x0000000080120FC0] -> 0x0293
mem[X,0x0000000080120FC2] -> 0x0006
[803] [M]: 0x0000000080120FC0 (0x00060293) addi x5, x12, 0x0                        inst_14+52
x5 <- 0x000000008012100C

clint mtime 0x0000000000000192 (mip.MTI <- 0b1, mip.STI <- 0b0)
mem[X,0x0000000080120FC4] -> 0x0067
mem[X,0x0000000080120FC6] -> 0x0006
[804] [M]: 0x0000000080120FC4 (0x00060067) jalr x0, 0x0(x12)                        inst_14+56

mem[X,0x000000008012100C] -> 0x02EF
mem[X,0x000000008012100E] -> 0x00C0
[805] [M]: 0x000000008012100C (0x00C002EF) jal x5, 0xc                              inst_14+128
x5 <- 0x0000000080121010

clint mtime 0x0000000000000193 (mip.MTI <- 0b1, mip.STI <- 0b0)
mem[X,0x0000000080121018] -> 0xC293
mem[X,0x000000008012101A] -> 0x0032
[806] [M]: 0x0000000080121018 (0x0032C293) xori x5, x5, 0x3                         inst_14+140
x5 <- 0x0000000080121013

mem[X,0x000000008012101C] -> 0x0013
mem[X,0x000000008012101E] -> 0x0000
[807] [M]: 0x000000008012101C (0x00000013) addi x0, x0, 0x0                         inst_14+144

clint mtime 0x0000000000000194 (mip.MTI <- 0b1, mip.STI <- 0b0)
mem[X,0x0000000080121020] -> 0x0617
mem[X,0x0000000080121022] -> 0x0000
[808] [M]: 0x0000000080121020 (0x00000617) auipc x12, 0x0                           inst_14+148
x12 <- 0x0000000080121020

mem[X,0x0000000080121024] -> 0x0613
mem[X,0x0000000080121026] -> 0x0246
[809] [M]: 0x0000000080121024 (0x02460613) addi x12, x12, 0x24                      inst_14+152
x12 <- 0x0000000080121044

clint mtime 0x0000000000000195 (mip.MTI <- 0b1, mip.STI <- 0b0)
mem[X,0x0000000080121028] -> 0x0001
[810] [M]: 0x0000000080121028 (0x0001) c.nop                                        inst_14+156

mem[X,0x000000008012102A] -> 0x0013
mem[X,0x000000008012102C] -> 0x0000
[811] [M]: 0x000000008012102A (0x00000013) addi x0, x0, 0x0                         inst_14+158

clint mtime 0x0000000000000196 (mip.MTI <- 0b1, mip.STI <- 0b0)
mem[X,0x000000008012102E] -> 0x0013
mem[X,0x0000000080121030] -> 0x0000
[812] [M]: 0x000000008012102E (0x00000013) addi x0, x0, 0x0                         inst_14+162

mem[X,0x0000000080121032] -> 0x0013
mem[X,0x0000000080121034] -> 0x0000
[813] [M]: 0x0000000080121032 (0x00000013) addi x0, x0, 0x0                         inst_14+166

clint mtime 0x0000000000000197 (mip.MTI <- 0b1, mip.STI <- 0b0)
mem[X,0x0000000080121036] -> 0x0013
mem[X,0x0000000080121038] -> 0x0000
[814] [M]: 0x0000000080121036 (0x00000013) addi x0, x0, 0x0                         inst_14+170

mem[X,0x000000008012103A] -> 0x0013
mem[X,0x000000008012103C] -> 0x0000
[815] [M]: 0x000000008012103A (0x00000013) addi x0, x0, 0x0                         inst_14+174

clint mtime 0x0000000000000198 (mip.MTI <- 0b1, mip.STI <- 0b0)
mem[X,0x000000008012103E] -> 0x0001
[816] [M]: 0x000000008012103E (0x0001) c.nop                                        inst_14+178

mem[X,0x0000000080121040] -> 0x0067
mem[X,0x0000000080121042] -> 0x0006
[817] [M]: 0x0000000080121040 (0x00060067) jalr x0, 0x0(x12)                        inst_14+180

clint mtime 0x0000000000000199 (mip.MTI <- 0b1, mip.STI <- 0b0)
mem[X,0x0000000080121044] -> 0x0013
mem[X,0x0000000080121046] -> 0x0000
[818] [M]: 0x0000000080121044 (0x00000013) addi x0, x0, 0x0                         inst_14+184

mem[X,0x0000000080121048] -> 0x0013
mem[X,0x000000008012104A] -> 0x0000
[819] [M]: 0x0000000080121048 (0x00000013) addi x0, x0, 0x0                         inst_14+188

clint mtime 0x000000000000019A (mip.MTI <- 0b1, mip.STI <- 0b0)
mem[X,0x000000008012104C] -> 0x0013
mem[X,0x000000008012104E] -> 0x0000
[820] [M]: 0x000000008012104C (0x00000013) addi x0, x0, 0x0                         inst_14+192

mem[X,0x0000000080121050] -> 0x0013
mem[X,0x0000000080121052] -> 0x0000
[821] [M]: 0x0000000080121050 (0x00000013) addi x0, x0, 0x0                         inst_14+196

clint mtime 0x000000000000019B (mip.MTI <- 0b1, mip.STI <- 0b0)
mem[X,0x0000000080121054] -> 0x0013
mem[X,0x0000000080121056] -> 0x0000
[822] [M]: 0x0000000080121054 (0x00000013) addi x0, x0, 0x0                         inst_14+200

mem[X,0x0000000080121058] -> 0x0013
mem[X,0x000000008012105A] -> 0x0000
[823] [M]: 0x0000000080121058 (0x00000013) addi x0, x0, 0x0                         inst_14+204

clint mtime 0x000000000000019C (mip.MTI <- 0b1, mip.STI <- 0b0)
mem[X,0x000000008012105C] -> 0x0013
mem[X,0x000000008012105E] -> 0x0000
[824] [M]: 0x000000008012105C (0x00000013) addi x0, x0, 0x0                         inst_14+208

mem[X,0x0000000080121060] -> 0x0617
mem[X,0x0000000080121062] -> 0x0000
[825] [M]: 0x0000000080121060 (0x00000617) auipc x12, 0x0                           inst_14+212
x12 <- 0x0000000080121060

clint mtime 0x000000000000019D (mip.MTI <- 0b1, mip.STI <- 0b0)
mem[X,0x0000000080121064] -> 0x0613
mem[X,0x0000000080121066] -> 0xF2C6
[826] [M]: 0x0000000080121064 (0xF2C60613) addi x12, x12, -0xd4                     inst_14+216
x12 <- 0x0000000080120F8C

mem[X,0x0000000080121068] -> 0x0001
[827] [M]: 0x0000000080121068 (0x0001) c.nop                                        inst_14+220

clint mtime 0x000000000000019E (mip.MTI <- 0b1, mip.STI <- 0b0)
mem[X,0x000000008012106A] -> 0x0013
mem[X,0x000000008012106C] -> 0x0000
[828] [M]: 0x000000008012106A (0x00000013) addi x0, x0, 0x0                         inst_14+222

mem[X,0x000000008012106E] -> 0x0013
mem[X,0x0000000080121070] -> 0x0000
[829] [M]: 0x000000008012106E (0x00000013) addi x0, x0, 0x0                         inst_14+226

clint mtime 0x000000000000019F (mip.MTI <- 0b1, mip.STI <- 0b0)
mem[X,0x0000000080121072] -> 0x0013
mem[X,0x0000000080121074] -> 0x0000
[830] [M]: 0x0000000080121072 (0x00000013) addi x0, x0, 0x0                         inst_14+230

mem[X,0x0000000080121076] -> 0x0013
mem[X,0x0000000080121078] -> 0x0000
[831] [M]: 0x0000000080121076 (0x00000013) addi x0, x0, 0x0                         inst_14+234

clint mtime 0x00000000000001A0 (mip.MTI <- 0b1, mip.STI <- 0b0)
mem[X,0x000000008012107A] -> 0x0013
mem[X,0x000000008012107C] -> 0x0000
[832] [M]: 0x000000008012107A (0x00000013) addi x0, x0, 0x0                         inst_14+238

mem[X,0x000000008012107E] -> 0x0001
[833] [M]: 0x000000008012107E (0x0001) c.nop                                        inst_14+242

clint mtime 0x00000000000001A1 (mip.MTI <- 0b1, mip.STI <- 0b0)
mem[X,0x0000000080121080] -> 0x7613
mem[X,0x0000000080121082] -> 0xFFC6
[834] [M]: 0x0000000080121080 (0xFFC67613) andi x12, x12, -0x4                      inst_14+244
x12 <- 0x0000000080120F8C

mem[X,0x0000000080121084] -> 0x82B3
mem[X,0x0000000080121086] -> 0x40C2
[835] [M]: 0x0000000080121084 (0x40C282B3) sub x5, x5, x12                          inst_14+248
x5 <- 0x0000000000000087

clint mtime 0x00000000000001A2 (mip.MTI <- 0b1, mip.STI <- 0b0)
mem[X,0x0000000080121088] -> 0xB823
mem[X,0x000000008012108A] -> 0x0653
[836] [M]: 0x0000000080121088 (0x0653B823) sd x5, 0x70(x7)                          inst_14+252
mem[W,0x0000000080125188] <- 0x0000000000000087

mem[X,0x000000008012108C] -> 0x0013
mem[X,0x000000008012108E] -> 0x0000
[837] [M]: 0x000000008012108C (0x00000013) addi x0, x0, 0x0                         inst_15+0

clint mtime 0x00000000000001A3 (mip.MTI <- 0b1, mip.STI <- 0b0)
mem[X,0x0000000080121090] -> 0x0013
mem[X,0x0000000080121092] -> 0x0000
[838] [M]: 0x0000000080121090 (0x00000013) addi x0, x0, 0x0                         inst_15+4

mem[X,0x0000000080121094] -> 0x0013
mem[X,0x0000000080121096] -> 0x0000
[839] [M]: 0x0000000080121094 (0x00000013) addi x0, x0, 0x0                         inst_15+8

clint mtime 0x00000000000001A4 (mip.MTI <- 0b1, mip.STI <- 0b0)
mem[X,0x0000000080121098] -> 0x0013
mem[X,0x000000008012109A] -> 0x0000
[840] [M]: 0x0000000080121098 (0x00000013) addi x0, x0, 0x0                         inst_15+12

mem[X,0x000000008012109C] -> 0x0013
mem[X,0x000000008012109E] -> 0x0000
[841] [M]: 0x000000008012109C (0x00000013) addi x0, x0, 0x0                         inst_15+16

clint mtime 0x00000000000001A5 (mip.MTI <- 0b1, mip.STI <- 0b0)
mem[X,0x00000000801210A0] -> 0x0617
mem[X,0x00000000801210A2] -> 0x0000
[842] [M]: 0x00000000801210A0 (0x00000617) auipc x12, 0x0                           inst_15+20
x12 <- 0x00000000801210A0

mem[X,0x00000000801210A4] -> 0x0613
mem[X,0x00000000801210A6] -> 0x06C6
[843] [M]: 0x00000000801210A4 (0x06C60613) addi x12, x12, 0x6c                      inst_15+24
x12 <- 0x000000008012110C

clint mtime 0x00000000000001A6 (mip.MTI <- 0b1, mip.STI <- 0b0)
mem[X,0x00000000801210A8] -> 0x0001
[844] [M]: 0x00000000801210A8 (0x0001) c.nop                                        inst_15+28

mem[X,0x00000000801210AA] -> 0x0013
mem[X,0x00000000801210AC] -> 0x0000
[845] [M]: 0x00000000801210AA (0x00000013) addi x0, x0, 0x0                         inst_15+30

clint mtime 0x00000000000001A7 (mip.MTI <- 0b1, mip.STI <- 0b0)
mem[X,0x00000000801210AE] -> 0x0013
mem[X,0x00000000801210B0] -> 0x0000
[846] [M]: 0x00000000801210AE (0x00000013) addi x0, x0, 0x0                         inst_15+34

mem[X,0x00000000801210B2] -> 0x0013
mem[X,0x00000000801210B4] -> 0x0000
[847] [M]: 0x00000000801210B2 (0x00000013) addi x0, x0, 0x0                         inst_15+38

clint mtime 0x00000000000001A8 (mip.MTI <- 0b1, mip.STI <- 0b0)
mem[X,0x00000000801210B6] -> 0x0013
mem[X,0x00000000801210B8] -> 0x0000
[848] [M]: 0x00000000801210B6 (0x00000013) addi x0, x0, 0x0                         inst_15+42

mem[X,0x00000000801210BA] -> 0x0013
mem[X,0x00000000801210BC] -> 0x0000
[849] [M]: 0x00000000801210BA (0x00000013) addi x0, x0, 0x0                         inst_15+46

clint mtime 0x00000000000001A9 (mip.MTI <- 0b1, mip.STI <- 0b0)
mem[X,0x00000000801210BE] -> 0x0001
[850] [M]: 0x00000000801210BE (0x0001) c.nop                                        inst_15+50

mem[X,0x00000000801210C0] -> 0x0493
mem[X,0x00000000801210C2] -> 0x0006
[851] [M]: 0x00000000801210C0 (0x00060493) addi x9, x12, 0x0                        inst_15+52
x9 <- 0x000000008012110C

clint mtime 0x00000000000001AA (mip.MTI <- 0b1, mip.STI <- 0b0)
mem[X,0x00000000801210C4] -> 0x0067
mem[X,0x00000000801210C6] -> 0x0006
[852] [M]: 0x00000000801210C4 (0x00060067) jalr x0, 0x0(x12)                        inst_15+56

mem[X,0x000000008012110C] -> 0x04EF
mem[X,0x000000008012110E] -> 0x00C0
[853] [M]: 0x000000008012110C (0x00C004EF) jal x9, 0xc                              inst_15+128
x9 <- 0x0000000080121110

clint mtime 0x00000000000001AB (mip.MTI <- 0b1, mip.STI <- 0b0)
mem[X,0x0000000080121118] -> 0xC493
mem[X,0x000000008012111A] -> 0x0034
[854] [M]: 0x0000000080121118 (0x0034C493) xori x9, x9, 0x3                         inst_15+140
x9 <- 0x0000000080121113

mem[X,0x000000008012111C] -> 0x0013
mem[X,0x000000008012111E] -> 0x0000
[855] [M]: 0x000000008012111C (0x00000013) addi x0, x0, 0x0                         inst_15+144

clint mtime 0x00000000000001AC (mip.MTI <- 0b1, mip.STI <- 0b0)
mem[X,0x0000000080121120] -> 0x0617
mem[X,0x0000000080121122] -> 0x0000
[856] [M]: 0x0000000080121120 (0x00000617) auipc x12, 0x0                           inst_15+148
x12 <- 0x0000000080121120

mem[X,0x0000000080121124] -> 0x0613
mem[X,0x0000000080121126] -> 0x0246
[857] [M]: 0x0000000080121124 (0x02460613) addi x12, x12, 0x24                      inst_15+152
x12 <- 0x0000000080121144

clint mtime 0x00000000000001AD (mip.MTI <- 0b1, mip.STI <- 0b0)
mem[X,0x0000000080121128] -> 0x0001
[858] [M]: 0x0000000080121128 (0x0001) c.nop                                        inst_15+156

mem[X,0x000000008012112A] -> 0x0013
mem[X,0x000000008012112C] -> 0x0000
[859] [M]: 0x000000008012112A (0x00000013) addi x0, x0, 0x0                         inst_15+158

clint mtime 0x00000000000001AE (mip.MTI <- 0b1, mip.STI <- 0b0)
mem[X,0x000000008012112E] -> 0x0013
mem[X,0x0000000080121130] -> 0x0000
[860] [M]: 0x000000008012112E (0x00000013) addi x0, x0, 0x0                         inst_15+162

mem[X,0x0000000080121132] -> 0x0013
mem[X,0x0000000080121134] -> 0x0000
[861] [M]: 0x0000000080121132 (0x00000013) addi x0, x0, 0x0                         inst_15+166

clint mtime 0x00000000000001AF (mip.MTI <- 0b1, mip.STI <- 0b0)
mem[X,0x0000000080121136] -> 0x0013
mem[X,0x0000000080121138] -> 0x0000
[862] [M]: 0x0000000080121136 (0x00000013) addi x0, x0, 0x0                         inst_15+170

mem[X,0x000000008012113A] -> 0x0013
mem[X,0x000000008012113C] -> 0x0000
[863] [M]: 0x000000008012113A (0x00000013) addi x0, x0, 0x0                         inst_15+174

clint mtime 0x00000000000001B0 (mip.MTI <- 0b1, mip.STI <- 0b0)
mem[X,0x000000008012113E] -> 0x0001
[864] [M]: 0x000000008012113E (0x0001) c.nop                                        inst_15+178

mem[X,0x0000000080121140] -> 0x0067
mem[X,0x0000000080121142] -> 0x0006
[865] [M]: 0x0000000080121140 (0x00060067) jalr x0, 0x0(x12)                        inst_15+180

clint mtime 0x00000000000001B1 (mip.MTI <- 0b1, mip.STI <- 0b0)
mem[X,0x0000000080121144] -> 0x0013
mem[X,0x0000000080121146] -> 0x0000
[866] [M]: 0x0000000080121144 (0x00000013) addi x0, x0, 0x0                         inst_15+184

mem[X,0x0000000080121148] -> 0x0013
mem[X,0x000000008012114A] -> 0x0000
[867] [M]: 0x0000000080121148 (0x00000013) addi x0, x0, 0x0                         inst_15+188

clint mtime 0x00000000000001B2 (mip.MTI <- 0b1, mip.STI <- 0b0)
mem[X,0x000000008012114C] -> 0x0013
mem[X,0x000000008012114E] -> 0x0000
[868] [M]: 0x000000008012114C (0x00000013) addi x0, x0, 0x0                         inst_15+192

mem[X,0x0000000080121150] -> 0x0013
mem[X,0x0000000080121152] -> 0x0000
[869] [M]: 0x0000000080121150 (0x00000013) addi x0, x0, 0x0                         inst_15+196

clint mtime 0x00000000000001B3 (mip.MTI <- 0b1, mip.STI <- 0b0)
mem[X,0x0000000080121154] -> 0x0013
mem[X,0x0000000080121156] -> 0x0000
[870] [M]: 0x0000000080121154 (0x00000013) addi x0, x0, 0x0                         inst_15+200

mem[X,0x0000000080121158] -> 0x0013
mem[X,0x000000008012115A] -> 0x0000
[871] [M]: 0x0000000080121158 (0x00000013) addi x0, x0, 0x0                         inst_15+204

clint mtime 0x00000000000001B4 (mip.MTI <- 0b1, mip.STI <- 0b0)
mem[X,0x000000008012115C] -> 0x0013
mem[X,0x000000008012115E] -> 0x0000
[872] [M]: 0x000000008012115C (0x00000013) addi x0, x0, 0x0                         inst_15+208

mem[X,0x0000000080121160] -> 0x0617
mem[X,0x0000000080121162] -> 0x0000
[873] [M]: 0x0000000080121160 (0x00000617) auipc x12, 0x0                           inst_15+212
x12 <- 0x0000000080121160

clint mtime 0x00000000000001B5 (mip.MTI <- 0b1, mip.STI <- 0b0)
mem[X,0x0000000080121164] -> 0x0613
mem[X,0x0000000080121166] -> 0xF2C6
[874] [M]: 0x0000000080121164 (0xF2C60613) addi x12, x12, -0xd4                     inst_15+216
x12 <- 0x000000008012108C

mem[X,0x0000000080121168] -> 0x0001
[875] [M]: 0x0000000080121168 (0x0001) c.nop                                        inst_15+220

clint mtime 0x00000000000001B6 (mip.MTI <- 0b1, mip.STI <- 0b0)
mem[X,0x000000008012116A] -> 0x0013
mem[X,0x000000008012116C] -> 0x0000
[876] [M]: 0x000000008012116A (0x00000013) addi x0, x0, 0x0                         inst_15+222

mem[X,0x000000008012116E] -> 0x0013
mem[X,0x0000000080121170] -> 0x0000
[877] [M]: 0x000000008012116E (0x00000013) addi x0, x0, 0x0                         inst_15+226

clint mtime 0x00000000000001B7 (mip.MTI <- 0b1, mip.STI <- 0b0)
mem[X,0x0000000080121172] -> 0x0013
mem[X,0x0000000080121174] -> 0x0000
[878] [M]: 0x0000000080121172 (0x00000013) addi x0, x0, 0x0                         inst_15+230

mem[X,0x0000000080121176] -> 0x0013
mem[X,0x0000000080121178] -> 0x0000
[879] [M]: 0x0000000080121176 (0x00000013) addi x0, x0, 0x0                         inst_15+234

clint mtime 0x00000000000001B8 (mip.MTI <- 0b1, mip.STI <- 0b0)
mem[X,0x000000008012117A] -> 0x0013
mem[X,0x000000008012117C] -> 0x0000
[880] [M]: 0x000000008012117A (0x00000013) addi x0, x0, 0x0                         inst_15+238

mem[X,0x000000008012117E] -> 0x0001
[881] [M]: 0x000000008012117E (0x0001) c.nop                                        inst_15+242

clint mtime 0x00000000000001B9 (mip.MTI <- 0b1, mip.STI <- 0b0)
mem[X,0x0000000080121180] -> 0x7613
mem[X,0x0000000080121182] -> 0xFFC6
[882] [M]: 0x0000000080121180 (0xFFC67613) andi x12, x12, -0x4                      inst_15+244
x12 <- 0x000000008012108C

mem[X,0x0000000080121184] -> 0x84B3
mem[X,0x0000000080121186] -> 0x40C4
[883] [M]: 0x0000000080121184 (0x40C484B3) sub x9, x9, x12                          inst_15+248
x9 <- 0x0000000000000087

clint mtime 0x00000000000001BA (mip.MTI <- 0b1, mip.STI <- 0b0)
mem[X,0x0000000080121188] -> 0xBC23
mem[X,0x000000008012118A] -> 0x0693
[884] [M]: 0x0000000080121188 (0x0693BC23) sd x9, 0x78(x7)                          inst_15+252
mem[W,0x0000000080125190] <- 0x0000000000000087

mem[X,0x000000008012118C] -> 0x0013
mem[X,0x000000008012118E] -> 0x0000
[885] [M]: 0x000000008012118C (0x00000013) addi x0, x0, 0x0                         inst_16+0

clint mtime 0x00000000000001BB (mip.MTI <- 0b1, mip.STI <- 0b0)
mem[X,0x0000000080121190] -> 0x0013
mem[X,0x0000000080121192] -> 0x0000
[886] [M]: 0x0000000080121190 (0x00000013) addi x0, x0, 0x0                         inst_16+4

mem[X,0x0000000080121194] -> 0x0013
mem[X,0x0000000080121196] -> 0x0000
[887] [M]: 0x0000000080121194 (0x00000013) addi x0, x0, 0x0                         inst_16+8

clint mtime 0x00000000000001BC (mip.MTI <- 0b1, mip.STI <- 0b0)
mem[X,0x0000000080121198] -> 0x0013
mem[X,0x000000008012119A] -> 0x0000
[888] [M]: 0x0000000080121198 (0x00000013) addi x0, x0, 0x0                         inst_16+12

mem[X,0x000000008012119C] -> 0x0013
mem[X,0x000000008012119E] -> 0x0000
[889] [M]: 0x000000008012119C (0x00000013) addi x0, x0, 0x0                         inst_16+16

clint mtime 0x00000000000001BD (mip.MTI <- 0b1, mip.STI <- 0b0)
mem[X,0x00000000801211A0] -> 0x0617
mem[X,0x00000000801211A2] -> 0x0000
[890] [M]: 0x00000000801211A0 (0x00000617) auipc x12, 0x0                           inst_16+20
x12 <- 0x00000000801211A0

mem[X,0x00000000801211A4] -> 0x0613
mem[X,0x00000000801211A6] -> 0x06C6
[891] [M]: 0x00000000801211A4 (0x06C60613) addi x12, x12, 0x6c                      inst_16+24
x12 <- 0x000000008012120C

clint mtime 0x00000000000001BE (mip.MTI <- 0b1, mip.STI <- 0b0)
mem[X,0x00000000801211A8] -> 0x0001
[892] [M]: 0x00000000801211A8 (0x0001) c.nop                                        inst_16+28

mem[X,0x00000000801211AA] -> 0x0013
mem[X,0x00000000801211AC] -> 0x0000
[893] [M]: 0x00000000801211AA (0x00000013) addi x0, x0, 0x0                         inst_16+30

clint mtime 0x00000000000001BF (mip.MTI <- 0b1, mip.STI <- 0b0)
mem[X,0x00000000801211AE] -> 0x0013
mem[X,0x00000000801211B0] -> 0x0000
[894] [M]: 0x00000000801211AE (0x00000013) addi x0, x0, 0x0                         inst_16+34

mem[X,0x00000000801211B2] -> 0x0013
mem[X,0x00000000801211B4] -> 0x0000
[895] [M]: 0x00000000801211B2 (0x00000013) addi x0, x0, 0x0                         inst_16+38

clint mtime 0x00000000000001C0 (mip.MTI <- 0b1, mip.STI <- 0b0)
mem[X,0x00000000801211B6] -> 0x0013
mem[X,0x00000000801211B8] -> 0x0000
[896] [M]: 0x00000000801211B6 (0x00000013) addi x0, x0, 0x0                         inst_16+42

mem[X,0x00000000801211BA] -> 0x0013
mem[X,0x00000000801211BC] -> 0x0000
[897] [M]: 0x00000000801211BA (0x00000013) addi x0, x0, 0x0                         inst_16+46

clint mtime 0x00000000000001C1 (mip.MTI <- 0b1, mip.STI <- 0b0)
mem[X,0x00000000801211BE] -> 0x0001
[898] [M]: 0x00000000801211BE (0x0001) c.nop                                        inst_16+50

mem[X,0x00000000801211C0] -> 0x0193
mem[X,0x00000000801211C2] -> 0x0006
[899] [M]: 0x00000000801211C0 (0x00060193) addi x3, x12, 0x0                        inst_16+52
x3 <- 0x000000008012120C

clint mtime 0x00000000000001C2 (mip.MTI <- 0b1, mip.STI <- 0b0)
mem[X,0x00000000801211C4] -> 0x0067
mem[X,0x00000000801211C6] -> 0x0006
[900] [M]: 0x00000000801211C4 (0x00060067) jalr x0, 0x0(x12)                        inst_16+56

mem[X,0x000000008012120C] -> 0x01EF
mem[X,0x000000008012120E] -> 0x00C0
[901] [M]: 0x000000008012120C (0x00C001EF) jal x3, 0xc                              inst_16+128
x3 <- 0x0000000080121210

clint mtime 0x00000000000001C3 (mip.MTI <- 0b1, mip.STI <- 0b0)
mem[X,0x0000000080121218] -> 0xC193
mem[X,0x000000008012121A] -> 0x0031
[902] [M]: 0x0000000080121218 (0x0031C193) xori x3, x3, 0x3                         inst_16+140
x3 <- 0x0000000080121213

mem[X,0x000000008012121C] -> 0x0013
mem[X,0x000000008012121E] -> 0x0000
[903] [M]: 0x000000008012121C (0x00000013) addi x0, x0, 0x0                         inst_16+144

clint mtime 0x00000000000001C4 (mip.MTI <- 0b1, mip.STI <- 0b0)
mem[X,0x0000000080121220] -> 0x0617
mem[X,0x0000000080121222] -> 0x0000
[904] [M]: 0x0000000080121220 (0x00000617) auipc x12, 0x0                           inst_16+148
x12 <- 0x0000000080121220

mem[X,0x0000000080121224] -> 0x0613
mem[X,0x0000000080121226] -> 0x0246
[905] [M]: 0x0000000080121224 (0x02460613) addi x12, x12, 0x24                      inst_16+152
x12 <- 0x0000000080121244

clint mtime 0x00000000000001C5 (mip.MTI <- 0b1, mip.STI <- 0b0)
mem[X,0x0000000080121228] -> 0x0001
[906] [M]: 0x0000000080121228 (0x0001) c.nop                                        inst_16+156

mem[X,0x000000008012122A] -> 0x0013
mem[X,0x000000008012122C] -> 0x0000
[907] [M]: 0x000000008012122A (0x00000013) addi x0, x0, 0x0                         inst_16+158

clint mtime 0x00000000000001C6 (mip.MTI <- 0b1, mip.STI <- 0b0)
mem[X,0x000000008012122E] -> 0x0013
mem[X,0x0000000080121230] -> 0x0000
[908] [M]: 0x000000008012122E (0x00000013) addi x0, x0, 0x0                         inst_16+162

mem[X,0x0000000080121232] -> 0x0013
mem[X,0x0000000080121234] -> 0x0000
[909] [M]: 0x0000000080121232 (0x00000013) addi x0, x0, 0x0                         inst_16+166

clint mtime 0x00000000000001C7 (mip.MTI <- 0b1, mip.STI <- 0b0)
mem[X,0x0000000080121236] -> 0x0013
mem[X,0x0000000080121238] -> 0x0000
[910] [M]: 0x0000000080121236 (0x00000013) addi x0, x0, 0x0                         inst_16+170

mem[X,0x000000008012123A] -> 0x0013
mem[X,0x000000008012123C] -> 0x0000
[911] [M]: 0x000000008012123A (0x00000013) addi x0, x0, 0x0                         inst_16+174

clint mtime 0x00000000000001C8 (mip.MTI <- 0b1, mip.STI <- 0b0)
mem[X,0x000000008012123E] -> 0x0001
[912] [M]: 0x000000008012123E (0x0001) c.nop                                        inst_16+178

mem[X,0x0000000080121240] -> 0x0067
mem[X,0x0000000080121242] -> 0x0006
[913] [M]: 0x0000000080121240 (0x00060067) jalr x0, 0x0(x12)                        inst_16+180

clint mtime 0x00000000000001C9 (mip.MTI <- 0b1, mip.STI <- 0b0)
mem[X,0x0000000080121244] -> 0x0013
mem[X,0x0000000080121246] -> 0x0000
[914] [M]: 0x0000000080121244 (0x00000013) addi x0, x0, 0x0                         inst_16+184

mem[X,0x0000000080121248] -> 0x0013
mem[X,0x000000008012124A] -> 0x0000
[915] [M]: 0x0000000080121248 (0x00000013) addi x0, x0, 0x0                         inst_16+188

clint mtime 0x00000000000001CA (mip.MTI <- 0b1, mip.STI <- 0b0)
mem[X,0x000000008012124C] -> 0x0013
mem[X,0x000000008012124E] -> 0x0000
[916] [M]: 0x000000008012124C (0x00000013) addi x0, x0, 0x0                         inst_16+192

mem[X,0x0000000080121250] -> 0x0013
mem[X,0x0000000080121252] -> 0x0000
[917] [M]: 0x0000000080121250 (0x00000013) addi x0, x0, 0x0                         inst_16+196

clint mtime 0x00000000000001CB (mip.MTI <- 0b1, mip.STI <- 0b0)
mem[X,0x0000000080121254] -> 0x0013
mem[X,0x0000000080121256] -> 0x0000
[918] [M]: 0x0000000080121254 (0x00000013) addi x0, x0, 0x0                         inst_16+200

mem[X,0x0000000080121258] -> 0x0013
mem[X,0x000000008012125A] -> 0x0000
[919] [M]: 0x0000000080121258 (0x00000013) addi x0, x0, 0x0                         inst_16+204

clint mtime 0x00000000000001CC (mip.MTI <- 0b1, mip.STI <- 0b0)
mem[X,0x000000008012125C] -> 0x0013
mem[X,0x000000008012125E] -> 0x0000
[920] [M]: 0x000000008012125C (0x00000013) addi x0, x0, 0x0                         inst_16+208

mem[X,0x0000000080121260] -> 0x0617
mem[X,0x0000000080121262] -> 0x0000
[921] [M]: 0x0000000080121260 (0x00000617) auipc x12, 0x0                           inst_16+212
x12 <- 0x0000000080121260

clint mtime 0x00000000000001CD (mip.MTI <- 0b1, mip.STI <- 0b0)
mem[X,0x0000000080121264] -> 0x0613
mem[X,0x0000000080121266] -> 0xF2C6
[922] [M]: 0x0000000080121264 (0xF2C60613) addi x12, x12, -0xd4                     inst_16+216
x12 <- 0x000000008012118C

mem[X,0x0000000080121268] -> 0x0001
[923] [M]: 0x0000000080121268 (0x0001) c.nop                                        inst_16+220

clint mtime 0x00000000000001CE (mip.MTI <- 0b1, mip.STI <- 0b0)
mem[X,0x000000008012126A] -> 0x0013
mem[X,0x000000008012126C] -> 0x0000
[924] [M]: 0x000000008012126A (0x00000013) addi x0, x0, 0x0                         inst_16+222

mem[X,0x000000008012126E] -> 0x0013
mem[X,0x0000000080121270] -> 0x0000
[925] [M]: 0x000000008012126E (0x00000013) addi x0, x0, 0x0                         inst_16+226

clint mtime 0x00000000000001CF (mip.MTI <- 0b1, mip.STI <- 0b0)
mem[X,0x0000000080121272] -> 0x0013
mem[X,0x0000000080121274] -> 0x0000
[926] [M]: 0x0000000080121272 (0x00000013) addi x0, x0, 0x0                         inst_16+230

mem[X,0x0000000080121276] -> 0x0013
mem[X,0x0000000080121278] -> 0x0000
[927] [M]: 0x0000000080121276 (0x00000013) addi x0, x0, 0x0                         inst_16+234

clint mtime 0x00000000000001D0 (mip.MTI <- 0b1, mip.STI <- 0b0)
mem[X,0x000000008012127A] -> 0x0013
mem[X,0x000000008012127C] -> 0x0000
[928] [M]: 0x000000008012127A (0x00000013) addi x0, x0, 0x0                         inst_16+238

mem[X,0x000000008012127E] -> 0x0001
[929] [M]: 0x000000008012127E (0x0001) c.nop                                        inst_16+242

clint mtime 0x00000000000001D1 (mip.MTI <- 0b1, mip.STI <- 0b0)
mem[X,0x0000000080121280] -> 0x7613
mem[X,0x0000000080121282] -> 0xFFC6
[930] [M]: 0x0000000080121280 (0xFFC67613) andi x12, x12, -0x4                      inst_16+244
x12 <- 0x000000008012118C

mem[X,0x0000000080121284] -> 0x81B3
mem[X,0x0000000080121286] -> 0x40C1
[931] [M]: 0x0000000080121284 (0x40C181B3) sub x3, x3, x12                          inst_16+248
x3 <- 0x0000000000000087

clint mtime 0x00000000000001D2 (mip.MTI <- 0b1, mip.STI <- 0b0)
mem[X,0x0000000080121288] -> 0xB023
mem[X,0x000000008012128A] -> 0x0833
[932] [M]: 0x0000000080121288 (0x0833B023) sd x3, 0x80(x7)                          inst_16+252
mem[W,0x0000000080125198] <- 0x0000000000000087

mem[X,0x000000008012128C] -> 0x0013
mem[X,0x000000008012128E] -> 0x0000
[933] [M]: 0x000000008012128C (0x00000013) addi x0, x0, 0x0                         inst_17+0

clint mtime 0x00000000000001D3 (mip.MTI <- 0b1, mip.STI <- 0b0)
mem[X,0x0000000080121290] -> 0x0013
mem[X,0x0000000080121292] -> 0x0000
[934] [M]: 0x0000000080121290 (0x00000013) addi x0, x0, 0x0                         inst_17+4

mem[X,0x0000000080121294] -> 0x0013
mem[X,0x0000000080121296] -> 0x0000
[935] [M]: 0x0000000080121294 (0x00000013) addi x0, x0, 0x0                         inst_17+8

clint mtime 0x00000000000001D4 (mip.MTI <- 0b1, mip.STI <- 0b0)
mem[X,0x0000000080121298] -> 0x0013
mem[X,0x000000008012129A] -> 0x0000
[936] [M]: 0x0000000080121298 (0x00000013) addi x0, x0, 0x0                         inst_17+12

mem[X,0x000000008012129C] -> 0x0013
mem[X,0x000000008012129E] -> 0x0000
[937] [M]: 0x000000008012129C (0x00000013) addi x0, x0, 0x0                         inst_17+16

clint mtime 0x00000000000001D5 (mip.MTI <- 0b1, mip.STI <- 0b0)
mem[X,0x00000000801212A0] -> 0x0617
mem[X,0x00000000801212A2] -> 0x0000
[938] [M]: 0x00000000801212A0 (0x00000617) auipc x12, 0x0                           inst_17+20
x12 <- 0x00000000801212A0

mem[X,0x00000000801212A4] -> 0x0613
mem[X,0x00000000801212A6] -> 0x06C6
[939] [M]: 0x00000000801212A4 (0x06C60613) addi x12, x12, 0x6c                      inst_17+24
x12 <- 0x000000008012130C

clint mtime 0x00000000000001D6 (mip.MTI <- 0b1, mip.STI <- 0b0)
mem[X,0x00000000801212A8] -> 0x0001
[940] [M]: 0x00000000801212A8 (0x0001) c.nop                                        inst_17+28

mem[X,0x00000000801212AA] -> 0x0013
mem[X,0x00000000801212AC] -> 0x0000
[941] [M]: 0x00000000801212AA (0x00000013) addi x0, x0, 0x0                         inst_17+30

clint mtime 0x00000000000001D7 (mip.MTI <- 0b1, mip.STI <- 0b0)
mem[X,0x00000000801212AE] -> 0x0013
mem[X,0x00000000801212B0] -> 0x0000
[942] [M]: 0x00000000801212AE (0x00000013) addi x0, x0, 0x0                         inst_17+34

mem[X,0x00000000801212B2] -> 0x0013
mem[X,0x00000000801212B4] -> 0x0000
[943] [M]: 0x00000000801212B2 (0x00000013) addi x0, x0, 0x0                         inst_17+38

clint mtime 0x00000000000001D8 (mip.MTI <- 0b1, mip.STI <- 0b0)
mem[X,0x00000000801212B6] -> 0x0013
mem[X,0x00000000801212B8] -> 0x0000
[944] [M]: 0x00000000801212B6 (0x00000013) addi x0, x0, 0x0                         inst_17+42

mem[X,0x00000000801212BA] -> 0x0013
mem[X,0x00000000801212BC] -> 0x0000
[945] [M]: 0x00000000801212BA (0x00000013) addi x0, x0, 0x0                         inst_17+46

clint mtime 0x00000000000001D9 (mip.MTI <- 0b1, mip.STI <- 0b0)
mem[X,0x00000000801212BE] -> 0x0001
[946] [M]: 0x00000000801212BE (0x0001) c.nop                                        inst_17+50

mem[X,0x00000000801212C0] -> 0x0213
mem[X,0x00000000801212C2] -> 0x0006
[947] [M]: 0x00000000801212C0 (0x00060213) addi x4, x12, 0x0                        inst_17+52
x4 <- 0x000000008012130C

clint mtime 0x00000000000001DA (mip.MTI <- 0b1, mip.STI <- 0b0)
mem[X,0x00000000801212C4] -> 0x0067
mem[X,0x00000000801212C6] -> 0x0006
[948] [M]: 0x00000000801212C4 (0x00060067) jalr x0, 0x0(x12)                        inst_17+56

mem[X,0x000000008012130C] -> 0x026F
mem[X,0x000000008012130E] -> 0x00C0
[949] [M]: 0x000000008012130C (0x00C0026F) jal x4, 0xc                              inst_17+128
x4 <- 0x0000000080121310

clint mtime 0x00000000000001DB (mip.MTI <- 0b1, mip.STI <- 0b0)
mem[X,0x0000000080121318] -> 0x4213
mem[X,0x000000008012131A] -> 0x0032
[950] [M]: 0x0000000080121318 (0x00324213) xori x4, x4, 0x3                         inst_17+140
x4 <- 0x0000000080121313

mem[X,0x000000008012131C] -> 0x0013
mem[X,0x000000008012131E] -> 0x0000
[951] [M]: 0x000000008012131C (0x00000013) addi x0, x0, 0x0                         inst_17+144

clint mtime 0x00000000000001DC (mip.MTI <- 0b1, mip.STI <- 0b0)
mem[X,0x0000000080121320] -> 0x0617
mem[X,0x0000000080121322] -> 0x0000
[952] [M]: 0x0000000080121320 (0x00000617) auipc x12, 0x0                           inst_17+148
x12 <- 0x0000000080121320

mem[X,0x0000000080121324] -> 0x0613
mem[X,0x0000000080121326] -> 0x0246
[953] [M]: 0x0000000080121324 (0x02460613) addi x12, x12, 0x24                      inst_17+152
x12 <- 0x0000000080121344

clint mtime 0x00000000000001DD (mip.MTI <- 0b1, mip.STI <- 0b0)
mem[X,0x0000000080121328] -> 0x0001
[954] [M]: 0x0000000080121328 (0x0001) c.nop                                        inst_17+156

mem[X,0x000000008012132A] -> 0x0013
mem[X,0x000000008012132C] -> 0x0000
[955] [M]: 0x000000008012132A (0x00000013) addi x0, x0, 0x0                         inst_17+158

clint mtime 0x00000000000001DE (mip.MTI <- 0b1, mip.STI <- 0b0)
mem[X,0x000000008012132E] -> 0x0013
mem[X,0x0000000080121330] -> 0x0000
[956] [M]: 0x000000008012132E (0x00000013) addi x0, x0, 0x0                         inst_17+162

mem[X,0x0000000080121332] -> 0x0013
mem[X,0x0000000080121334] -> 0x0000
[957] [M]: 0x0000000080121332 (0x00000013) addi x0, x0, 0x0                         inst_17+166

clint mtime 0x00000000000001DF (mip.MTI <- 0b1, mip.STI <- 0b0)
mem[X,0x0000000080121336] -> 0x0013
mem[X,0x0000000080121338] -> 0x0000
[958] [M]: 0x0000000080121336 (0x00000013) addi x0, x0, 0x0                         inst_17+170

mem[X,0x000000008012133A] -> 0x0013
mem[X,0x000000008012133C] -> 0x0000
[959] [M]: 0x000000008012133A (0x00000013) addi x0, x0, 0x0                         inst_17+174

clint mtime 0x00000000000001E0 (mip.MTI <- 0b1, mip.STI <- 0b0)
mem[X,0x000000008012133E] -> 0x0001
[960] [M]: 0x000000008012133E (0x0001) c.nop                                        inst_17+178

mem[X,0x0000000080121340] -> 0x0067
mem[X,0x0000000080121342] -> 0x0006
[961] [M]: 0x0000000080121340 (0x00060067) jalr x0, 0x0(x12)                        inst_17+180

clint mtime 0x00000000000001E1 (mip.MTI <- 0b1, mip.STI <- 0b0)
mem[X,0x0000000080121344] -> 0x0013
mem[X,0x0000000080121346] -> 0x0000
[962] [M]: 0x0000000080121344 (0x00000013) addi x0, x0, 0x0                         inst_17+184

mem[X,0x0000000080121348] -> 0x0013
mem[X,0x000000008012134A] -> 0x0000
[963] [M]: 0x0000000080121348 (0x00000013) addi x0, x0, 0x0                         inst_17+188

clint mtime 0x00000000000001E2 (mip.MTI <- 0b1, mip.STI <- 0b0)
mem[X,0x000000008012134C] -> 0x0013
mem[X,0x000000008012134E] -> 0x0000
[964] [M]: 0x000000008012134C (0x00000013) addi x0, x0, 0x0                         inst_17+192

mem[X,0x0000000080121350] -> 0x0013
mem[X,0x0000000080121352] -> 0x0000
[965] [M]: 0x0000000080121350 (0x00000013) addi x0, x0, 0x0                         inst_17+196

clint mtime 0x00000000000001E3 (mip.MTI <- 0b1, mip.STI <- 0b0)
mem[X,0x0000000080121354] -> 0x0013
mem[X,0x0000000080121356] -> 0x0000
[966] [M]: 0x0000000080121354 (0x00000013) addi x0, x0, 0x0                         inst_17+200

mem[X,0x0000000080121358] -> 0x0013
mem[X,0x000000008012135A] -> 0x0000
[967] [M]: 0x0000000080121358 (0x00000013) addi x0, x0, 0x0                         inst_17+204

clint mtime 0x00000000000001E4 (mip.MTI <- 0b1, mip.STI <- 0b0)
mem[X,0x000000008012135C] -> 0x0013
mem[X,0x000000008012135E] -> 0x0000
[968] [M]: 0x000000008012135C (0x00000013) addi x0, x0, 0x0                         inst_17+208

mem[X,0x0000000080121360] -> 0x0617
mem[X,0x0000000080121362] -> 0x0000
[969] [M]: 0x0000000080121360 (0x00000617) auipc x12, 0x0                           inst_17+212
x12 <- 0x0000000080121360

clint mtime 0x00000000000001E5 (mip.MTI <- 0b1, mip.STI <- 0b0)
mem[X,0x0000000080121364] -> 0x0613
mem[X,0x0000000080121366] -> 0xF2C6
[970] [M]: 0x0000000080121364 (0xF2C60613) addi x12, x12, -0xd4                     inst_17+216
x12 <- 0x000000008012128C

mem[X,0x0000000080121368] -> 0x0001
[971] [M]: 0x0000000080121368 (0x0001) c.nop                                        inst_17+220

clint mtime 0x00000000000001E6 (mip.MTI <- 0b1, mip.STI <- 0b0)
mem[X,0x000000008012136A] -> 0x0013
mem[X,0x000000008012136C] -> 0x0000
[972] [M]: 0x000000008012136A (0x00000013) addi x0, x0, 0x0                         inst_17+222

mem[X,0x000000008012136E] -> 0x0013
mem[X,0x0000000080121370] -> 0x0000
[973] [M]: 0x000000008012136E (0x00000013) addi x0, x0, 0x0                         inst_17+226

clint mtime 0x00000000000001E7 (mip.MTI <- 0b1, mip.STI <- 0b0)
mem[X,0x0000000080121372] -> 0x0013
mem[X,0x0000000080121374] -> 0x0000
[974] [M]: 0x0000000080121372 (0x00000013) addi x0, x0, 0x0                         inst_17+230

mem[X,0x0000000080121376] -> 0x0013
mem[X,0x0000000080121378] -> 0x0000
[975] [M]: 0x0000000080121376 (0x00000013) addi x0, x0, 0x0                         inst_17+234

clint mtime 0x00000000000001E8 (mip.MTI <- 0b1, mip.STI <- 0b0)
mem[X,0x000000008012137A] -> 0x0013
mem[X,0x000000008012137C] -> 0x0000
[976] [M]: 0x000000008012137A (0x00000013) addi x0, x0, 0x0                         inst_17+238

mem[X,0x000000008012137E] -> 0x0001
[977] [M]: 0x000000008012137E (0x0001) c.nop                                        inst_17+242

clint mtime 0x00000000000001E9 (mip.MTI <- 0b1, mip.STI <- 0b0)
mem[X,0x0000000080121380] -> 0x7613
mem[X,0x0000000080121382] -> 0xFFC6
[978] [M]: 0x0000000080121380 (0xFFC67613) andi x12, x12, -0x4                      inst_17+244
x12 <- 0x000000008012128C

mem[X,0x0000000080121384] -> 0x0233
mem[X,0x0000000080121386] -> 0x40C2
[979] [M]: 0x0000000080121384 (0x40C20233) sub x4, x4, x12                          inst_17+248
x4 <- 0x0000000000000087

clint mtime 0x00000000000001EA (mip.MTI <- 0b1, mip.STI <- 0b0)
mem[X,0x0000000080121388] -> 0xB423
mem[X,0x000000008012138A] -> 0x0843
[980] [M]: 0x0000000080121388 (0x0843B423) sd x4, 0x88(x7)                          inst_17+252
mem[W,0x00000000801251A0] <- 0x0000000000000087

mem[X,0x000000008012138C] -> 0x0013
mem[X,0x000000008012138E] -> 0x0000
[981] [M]: 0x000000008012138C (0x00000013) addi x0, x0, 0x0                         inst_18+0

clint mtime 0x00000000000001EB (mip.MTI <- 0b1, mip.STI <- 0b0)
mem[X,0x0000000080121390] -> 0x0013
mem[X,0x0000000080121392] -> 0x0000
[982] [M]: 0x0000000080121390 (0x00000013) addi x0, x0, 0x0                         inst_18+4

mem[X,0x0000000080121394] -> 0x0013
mem[X,0x0000000080121396] -> 0x0000
[983] [M]: 0x0000000080121394 (0x00000013) addi x0, x0, 0x0                         inst_18+8

clint mtime 0x00000000000001EC (mip.MTI <- 0b1, mip.STI <- 0b0)
mem[X,0x0000000080121398] -> 0x0013
mem[X,0x000000008012139A] -> 0x0000
[984] [M]: 0x0000000080121398 (0x00000013) addi x0, x0, 0x0                         inst_18+12

mem[X,0x000000008012139C] -> 0x0013
mem[X,0x000000008012139E] -> 0x0000
[985] [M]: 0x000000008012139C (0x00000013) addi x0, x0, 0x0                         inst_18+16

clint mtime 0x00000000000001ED (mip.MTI <- 0b1, mip.STI <- 0b0)
mem[X,0x00000000801213A0] -> 0x0617
mem[X,0x00000000801213A2] -> 0x0000
[986] [M]: 0x00000000801213A0 (0x00000617) auipc x12, 0x0                           inst_18+20
x12 <- 0x00000000801213A0

mem[X,0x00000000801213A4] -> 0x0613
mem[X,0x00000000801213A6] -> 0x06C6
[987] [M]: 0x00000000801213A4 (0x06C60613) addi x12, x12, 0x6c                      inst_18+24
x12 <- 0x000000008012140C

clint mtime 0x00000000000001EE (mip.MTI <- 0b1, mip.STI <- 0b0)
mem[X,0x00000000801213A8] -> 0x0001
[988] [M]: 0x00000000801213A8 (0x0001) c.nop                                        inst_18+28

mem[X,0x00000000801213AA] -> 0x0013
mem[X,0x00000000801213AC] -> 0x0000
[989] [M]: 0x00000000801213AA (0x00000013) addi x0, x0, 0x0                         inst_18+30

clint mtime 0x00000000000001EF (mip.MTI <- 0b1, mip.STI <- 0b0)
mem[X,0x00000000801213AE] -> 0x0013
mem[X,0x00000000801213B0] -> 0x0000
[990] [M]: 0x00000000801213AE (0x00000013) addi x0, x0, 0x0                         inst_18+34

mem[X,0x00000000801213B2] -> 0x0013
mem[X,0x00000000801213B4] -> 0x0000
[991] [M]: 0x00000000801213B2 (0x00000013) addi x0, x0, 0x0                         inst_18+38

clint mtime 0x00000000000001F0 (mip.MTI <- 0b1, mip.STI <- 0b0)
mem[X,0x00000000801213B6] -> 0x0013
mem[X,0x00000000801213B8] -> 0x0000
[992] [M]: 0x00000000801213B6 (0x00000013) addi x0, x0, 0x0                         inst_18+42

mem[X,0x00000000801213BA] -> 0x0013
mem[X,0x00000000801213BC] -> 0x0000
[993] [M]: 0x00000000801213BA (0x00000013) addi x0, x0, 0x0                         inst_18+46

clint mtime 0x00000000000001F1 (mip.MTI <- 0b1, mip.STI <- 0b0)
mem[X,0x00000000801213BE] -> 0x0001
[994] [M]: 0x00000000801213BE (0x0001) c.nop                                        inst_18+50

mem[X,0x00000000801213C0] -> 0x0113
mem[X,0x00000000801213C2] -> 0x0006
[995] [M]: 0x00000000801213C0 (0x00060113) addi x2, x12, 0x0                        inst_18+52
x2 <- 0x000000008012140C

clint mtime 0x00000000000001F2 (mip.MTI <- 0b1, mip.STI <- 0b0)
mem[X,0x00000000801213C4] -> 0x0067
mem[X,0x00000000801213C6] -> 0x0006
[996] [M]: 0x00000000801213C4 (0x00060067) jalr x0, 0x0(x12)                        inst_18+56

mem[X,0x000000008012140C] -> 0x016F
mem[X,0x000000008012140E] -> 0x00C0
[997] [M]: 0x000000008012140C (0x00C0016F) jal x2, 0xc                              inst_18+128
x2 <- 0x0000000080121410

clint mtime 0x00000000000001F3 (mip.MTI <- 0b1, mip.STI <- 0b0)
mem[X,0x0000000080121418] -> 0x4113
mem[X,0x000000008012141A] -> 0x0031
[998] [M]: 0x0000000080121418 (0x00314113) xori x2, x2, 0x3                         inst_18+140
x2 <- 0x0000000080121413

mem[X,0x000000008012141C] -> 0x0013
mem[X,0x000000008012141E] -> 0x0000
[999] [M]: 0x000000008012141C (0x00000013) addi x0, x0, 0x0                         inst_18+144

clint mtime 0x00000000000001F4 (mip.MTI <- 0b1, mip.STI <- 0b0)
mem[X,0x0000000080121420] -> 0x0617
mem[X,0x0000000080121422] -> 0x0000
[1000] [M]: 0x0000000080121420 (0x00000617) auipc x12, 0x0                          inst_18+148
x12 <- 0x0000000080121420

mem[X,0x0000000080121424] -> 0x0613
mem[X,0x0000000080121426] -> 0x0246
[1001] [M]: 0x0000000080121424 (0x02460613) addi x12, x12, 0x24                     inst_18+152
x12 <- 0x0000000080121444

clint mtime 0x00000000000001F5 (mip.MTI <- 0b1, mip.STI <- 0b0)
mem[X,0x0000000080121428] -> 0x0001
[1002] [M]: 0x0000000080121428 (0x0001) c.nop                                       inst_18+156

mem[X,0x000000008012142A] -> 0x0013
mem[X,0x000000008012142C] -> 0x0000
[1003] [M]: 0x000000008012142A (0x00000013) addi x0, x0, 0x0                        inst_18+158

clint mtime 0x00000000000001F6 (mip.MTI <- 0b1, mip.STI <- 0b0)
mem[X,0x000000008012142E] -> 0x0013
mem[X,0x0000000080121430] -> 0x0000
[1004] [M]: 0x000000008012142E (0x00000013) addi x0, x0, 0x0                        inst_18+162

mem[X,0x0000000080121432] -> 0x0013
mem[X,0x0000000080121434] -> 0x0000
[1005] [M]: 0x0000000080121432 (0x00000013) addi x0, x0, 0x0                        inst_18+166

clint mtime 0x00000000000001F7 (mip.MTI <- 0b1, mip.STI <- 0b0)
mem[X,0x0000000080121436] -> 0x0013
mem[X,0x0000000080121438] -> 0x0000
[1006] [M]: 0x0000000080121436 (0x00000013) addi x0, x0, 0x0                        inst_18+170

mem[X,0x000000008012143A] -> 0x0013
mem[X,0x000000008012143C] -> 0x0000
[1007] [M]: 0x000000008012143A (0x00000013) addi x0, x0, 0x0                        inst_18+174

clint mtime 0x00000000000001F8 (mip.MTI <- 0b1, mip.STI <- 0b0)
mem[X,0x000000008012143E] -> 0x0001
[1008] [M]: 0x000000008012143E (0x0001) c.nop                                       inst_18+178

mem[X,0x0000000080121440] -> 0x0067
mem[X,0x0000000080121442] -> 0x0006
[1009] [M]: 0x0000000080121440 (0x00060067) jalr x0, 0x0(x12)                       inst_18+180

clint mtime 0x00000000000001F9 (mip.MTI <- 0b1, mip.STI <- 0b0)
mem[X,0x0000000080121444] -> 0x0013
mem[X,0x0000000080121446] -> 0x0000
[1010] [M]: 0x0000000080121444 (0x00000013) addi x0, x0, 0x0                        inst_18+184

mem[X,0x0000000080121448] -> 0x0013
mem[X,0x000000008012144A] -> 0x0000
[1011] [M]: 0x0000000080121448 (0x00000013) addi x0, x0, 0x0                        inst_18+188

clint mtime 0x00000000000001FA (mip.MTI <- 0b1, mip.STI <- 0b0)
mem[X,0x000000008012144C] -> 0x0013
mem[X,0x000000008012144E] -> 0x0000
[1012] [M]: 0x000000008012144C (0x00000013) addi x0, x0, 0x0                        inst_18+192

mem[X,0x0000000080121450] -> 0x0013
mem[X,0x0000000080121452] -> 0x0000
[1013] [M]: 0x0000000080121450 (0x00000013) addi x0, x0, 0x0                        inst_18+196

clint mtime 0x00000000000001FB (mip.MTI <- 0b1, mip.STI <- 0b0)
mem[X,0x0000000080121454] -> 0x0013
mem[X,0x0000000080121456] -> 0x0000
[1014] [M]: 0x0000000080121454 (0x00000013) addi x0, x0, 0x0                        inst_18+200

mem[X,0x0000000080121458] -> 0x0013
mem[X,0x000000008012145A] -> 0x0000
[1015] [M]: 0x0000000080121458 (0x00000013) addi x0, x0, 0x0                        inst_18+204

clint mtime 0x00000000000001FC (mip.MTI <- 0b1, mip.STI <- 0b0)
mem[X,0x000000008012145C] -> 0x0013
mem[X,0x000000008012145E] -> 0x0000
[1016] [M]: 0x000000008012145C (0x00000013) addi x0, x0, 0x0                        inst_18+208

mem[X,0x0000000080121460] -> 0x0617
mem[X,0x0000000080121462] -> 0x0000
[1017] [M]: 0x0000000080121460 (0x00000617) auipc x12, 0x0                          inst_18+212
x12 <- 0x0000000080121460

clint mtime 0x00000000000001FD (mip.MTI <- 0b1, mip.STI <- 0b0)
mem[X,0x0000000080121464] -> 0x0613
mem[X,0x0000000080121466] -> 0xF2C6
[1018] [M]: 0x0000000080121464 (0xF2C60613) addi x12, x12, -0xd4                    inst_18+216
x12 <- 0x000000008012138C

mem[X,0x0000000080121468] -> 0x0001
[1019] [M]: 0x0000000080121468 (0x0001) c.nop                                       inst_18+220

clint mtime 0x00000000000001FE (mip.MTI <- 0b1, mip.STI <- 0b0)
mem[X,0x000000008012146A] -> 0x0013
mem[X,0x000000008012146C] -> 0x0000
[1020] [M]: 0x000000008012146A (0x00000013) addi x0, x0, 0x0                        inst_18+222

mem[X,0x000000008012146E] -> 0x0013
mem[X,0x0000000080121470] -> 0x0000
[1021] [M]: 0x000000008012146E (0x00000013) addi x0, x0, 0x0                        inst_18+226

clint mtime 0x00000000000001FF (mip.MTI <- 0b1, mip.STI <- 0b0)
mem[X,0x0000000080121472] -> 0x0013
mem[X,0x0000000080121474] -> 0x0000
[1022] [M]: 0x0000000080121472 (0x00000013) addi x0, x0, 0x0                        inst_18+230

mem[X,0x0000000080121476] -> 0x0013
mem[X,0x0000000080121478] -> 0x0000
[1023] [M]: 0x0000000080121476 (0x00000013) addi x0, x0, 0x0                        inst_18+234

clint mtime 0x0000000000000200 (mip.MTI <- 0b1, mip.STI <- 0b0)
mem[X,0x000000008012147A] -> 0x0013
mem[X,0x000000008012147C] -> 0x0000
[1024] [M]: 0x000000008012147A (0x00000013) addi x0, x0, 0x0                        inst_18+238

mem[X,0x000000008012147E] -> 0x0001
[1025] [M]: 0x000000008012147E (0x0001) c.nop                                       inst_18+242

clint mtime 0x0000000000000201 (mip.MTI <- 0b1, mip.STI <- 0b0)
mem[X,0x0000000080121480] -> 0x7613
mem[X,0x0000000080121482] -> 0xFFC6
[1026] [M]: 0x0000000080121480 (0xFFC67613) andi x12, x12, -0x4                     inst_18+244
x12 <- 0x000000008012138C

mem[X,0x0000000080121484] -> 0x0133
mem[X,0x0000000080121486] -> 0x40C1
[1027] [M]: 0x0000000080121484 (0x40C10133) sub x2, x2, x12                         inst_18+248
x2 <- 0x0000000000000087

clint mtime 0x0000000000000202 (mip.MTI <- 0b1, mip.STI <- 0b0)
mem[X,0x0000000080121488] -> 0xB823
mem[X,0x000000008012148A] -> 0x0823
[1028] [M]: 0x0000000080121488 (0x0823B823) sd x2, 0x90(x7)                         inst_18+252
mem[W,0x00000000801251A8] <- 0x0000000000000087

mem[X,0x000000008012148C] -> 0x0013
mem[X,0x000000008012148E] -> 0x0000
[1029] [M]: 0x000000008012148C (0x00000013) addi x0, x0, 0x0                        inst_19+0

clint mtime 0x0000000000000203 (mip.MTI <- 0b1, mip.STI <- 0b0)
mem[X,0x0000000080121490] -> 0x0013
mem[X,0x0000000080121492] -> 0x0000
[1030] [M]: 0x0000000080121490 (0x00000013) addi x0, x0, 0x0                        inst_19+4

mem[X,0x0000000080121494] -> 0x0013
mem[X,0x0000000080121496] -> 0x0000
[1031] [M]: 0x0000000080121494 (0x00000013) addi x0, x0, 0x0                        inst_19+8

clint mtime 0x0000000000000204 (mip.MTI <- 0b1, mip.STI <- 0b0)
mem[X,0x0000000080121498] -> 0x0013
mem[X,0x000000008012149A] -> 0x0000
[1032] [M]: 0x0000000080121498 (0x00000013) addi x0, x0, 0x0                        inst_19+12

mem[X,0x000000008012149C] -> 0x0013
mem[X,0x000000008012149E] -> 0x0000
[1033] [M]: 0x000000008012149C (0x00000013) addi x0, x0, 0x0                        inst_19+16

clint mtime 0x0000000000000205 (mip.MTI <- 0b1, mip.STI <- 0b0)
mem[X,0x00000000801214A0] -> 0x0617
mem[X,0x00000000801214A2] -> 0x0000
[1034] [M]: 0x00000000801214A0 (0x00000617) auipc x12, 0x0                          inst_19+20
x12 <- 0x00000000801214A0

mem[X,0x00000000801214A4] -> 0x0613
mem[X,0x00000000801214A6] -> 0x06C6
[1035] [M]: 0x00000000801214A4 (0x06C60613) addi x12, x12, 0x6c                     inst_19+24
x12 <- 0x000000008012150C

clint mtime 0x0000000000000206 (mip.MTI <- 0b1, mip.STI <- 0b0)
mem[X,0x00000000801214A8] -> 0x0001
[1036] [M]: 0x00000000801214A8 (0x0001) c.nop                                       inst_19+28

mem[X,0x00000000801214AA] -> 0x0013
mem[X,0x00000000801214AC] -> 0x0000
[1037] [M]: 0x00000000801214AA (0x00000013) addi x0, x0, 0x0                        inst_19+30

clint mtime 0x0000000000000207 (mip.MTI <- 0b1, mip.STI <- 0b0)
mem[X,0x00000000801214AE] -> 0x0013
mem[X,0x00000000801214B0] -> 0x0000
[1038] [M]: 0x00000000801214AE (0x00000013) addi x0, x0, 0x0                        inst_19+34

mem[X,0x00000000801214B2] -> 0x0013
mem[X,0x00000000801214B4] -> 0x0000
[1039] [M]: 0x00000000801214B2 (0x00000013) addi x0, x0, 0x0                        inst_19+38

clint mtime 0x0000000000000208 (mip.MTI <- 0b1, mip.STI <- 0b0)
mem[X,0x00000000801214B6] -> 0x0013
mem[X,0x00000000801214B8] -> 0x0000
[1040] [M]: 0x00000000801214B6 (0x00000013) addi x0, x0, 0x0                        inst_19+42

mem[X,0x00000000801214BA] -> 0x0013
mem[X,0x00000000801214BC] -> 0x0000
[1041] [M]: 0x00000000801214BA (0x00000013) addi x0, x0, 0x0                        inst_19+46

clint mtime 0x0000000000000209 (mip.MTI <- 0b1, mip.STI <- 0b0)
mem[X,0x00000000801214BE] -> 0x0001
[1042] [M]: 0x00000000801214BE (0x0001) c.nop                                       inst_19+50

mem[X,0x00000000801214C0] -> 0x0693
mem[X,0x00000000801214C2] -> 0x0006
[1043] [M]: 0x00000000801214C0 (0x00060693) addi x13, x12, 0x0                      inst_19+52
x13 <- 0x000000008012150C

clint mtime 0x000000000000020A (mip.MTI <- 0b1, mip.STI <- 0b0)
mem[X,0x00000000801214C4] -> 0x0067
mem[X,0x00000000801214C6] -> 0x0006
[1044] [M]: 0x00000000801214C4 (0x00060067) jalr x0, 0x0(x12)                       inst_19+56

mem[X,0x000000008012150C] -> 0x06EF
mem[X,0x000000008012150E] -> 0x00C0
[1045] [M]: 0x000000008012150C (0x00C006EF) jal x13, 0xc                            inst_19+128
x13 <- 0x0000000080121510

clint mtime 0x000000000000020B (mip.MTI <- 0b1, mip.STI <- 0b0)
mem[X,0x0000000080121518] -> 0xC693
mem[X,0x000000008012151A] -> 0x0036
[1046] [M]: 0x0000000080121518 (0x0036C693) xori x13, x13, 0x3                      inst_19+140
x13 <- 0x0000000080121513

mem[X,0x000000008012151C] -> 0x0013
mem[X,0x000000008012151E] -> 0x0000
[1047] [M]: 0x000000008012151C (0x00000013) addi x0, x0, 0x0                        inst_19+144

clint mtime 0x000000000000020C (mip.MTI <- 0b1, mip.STI <- 0b0)
mem[X,0x0000000080121520] -> 0x0617
mem[X,0x0000000080121522] -> 0x0000
[1048] [M]: 0x0000000080121520 (0x00000617) auipc x12, 0x0                          inst_19+148
x12 <- 0x0000000080121520

mem[X,0x0000000080121524] -> 0x0613
mem[X,0x0000000080121526] -> 0x0246
[1049] [M]: 0x0000000080121524 (0x02460613) addi x12, x12, 0x24                     inst_19+152
x12 <- 0x0000000080121544

clint mtime 0x000000000000020D (mip.MTI <- 0b1, mip.STI <- 0b0)
mem[X,0x0000000080121528] -> 0x0001
[1050] [M]: 0x0000000080121528 (0x0001) c.nop                                       inst_19+156

mem[X,0x000000008012152A] -> 0x0013
mem[X,0x000000008012152C] -> 0x0000
[1051] [M]: 0x000000008012152A (0x00000013) addi x0, x0, 0x0                        inst_19+158

clint mtime 0x000000000000020E (mip.MTI <- 0b1, mip.STI <- 0b0)
mem[X,0x000000008012152E] -> 0x0013
mem[X,0x0000000080121530] -> 0x0000
[1052] [M]: 0x000000008012152E (0x00000013) addi x0, x0, 0x0                        inst_19+162

mem[X,0x0000000080121532] -> 0x0013
mem[X,0x0000000080121534] -> 0x0000
[1053] [M]: 0x0000000080121532 (0x00000013) addi x0, x0, 0x0                        inst_19+166

clint mtime 0x000000000000020F (mip.MTI <- 0b1, mip.STI <- 0b0)
mem[X,0x0000000080121536] -> 0x0013
mem[X,0x0000000080121538] -> 0x0000
[1054] [M]: 0x0000000080121536 (0x00000013) addi x0, x0, 0x0                        inst_19+170

mem[X,0x000000008012153A] -> 0x0013
mem[X,0x000000008012153C] -> 0x0000
[1055] [M]: 0x000000008012153A (0x00000013) addi x0, x0, 0x0                        inst_19+174

clint mtime 0x0000000000000210 (mip.MTI <- 0b1, mip.STI <- 0b0)
mem[X,0x000000008012153E] -> 0x0001
[1056] [M]: 0x000000008012153E (0x0001) c.nop                                       inst_19+178

mem[X,0x0000000080121540] -> 0x0067
mem[X,0x0000000080121542] -> 0x0006
[1057] [M]: 0x0000000080121540 (0x00060067) jalr x0, 0x0(x12)                       inst_19+180

clint mtime 0x0000000000000211 (mip.MTI <- 0b1, mip.STI <- 0b0)
mem[X,0x0000000080121544] -> 0x0013
mem[X,0x0000000080121546] -> 0x0000
[1058] [M]: 0x0000000080121544 (0x00000013) addi x0, x0, 0x0                        inst_19+184

mem[X,0x0000000080121548] -> 0x0013
mem[X,0x000000008012154A] -> 0x0000
[1059] [M]: 0x0000000080121548 (0x00000013) addi x0, x0, 0x0                        inst_19+188

clint mtime 0x0000000000000212 (mip.MTI <- 0b1, mip.STI <- 0b0)
mem[X,0x000000008012154C] -> 0x0013
mem[X,0x000000008012154E] -> 0x0000
[1060] [M]: 0x000000008012154C (0x00000013) addi x0, x0, 0x0                        inst_19+192

mem[X,0x0000000080121550] -> 0x0013
mem[X,0x0000000080121552] -> 0x0000
[1061] [M]: 0x0000000080121550 (0x00000013) addi x0, x0, 0x0                        inst_19+196

clint mtime 0x0000000000000213 (mip.MTI <- 0b1, mip.STI <- 0b0)
mem[X,0x0000000080121554] -> 0x0013
mem[X,0x0000000080121556] -> 0x0000
[1062] [M]: 0x0000000080121554 (0x00000013) addi x0, x0, 0x0                        inst_19+200

mem[X,0x0000000080121558] -> 0x0013
mem[X,0x000000008012155A] -> 0x0000
[1063] [M]: 0x0000000080121558 (0x00000013) addi x0, x0, 0x0                        inst_19+204

clint mtime 0x0000000000000214 (mip.MTI <- 0b1, mip.STI <- 0b0)
mem[X,0x000000008012155C] -> 0x0013
mem[X,0x000000008012155E] -> 0x0000
[1064] [M]: 0x000000008012155C (0x00000013) addi x0, x0, 0x0                        inst_19+208

mem[X,0x0000000080121560] -> 0x0617
mem[X,0x0000000080121562] -> 0x0000
[1065] [M]: 0x0000000080121560 (0x00000617) auipc x12, 0x0                          inst_19+212
x12 <- 0x0000000080121560

clint mtime 0x0000000000000215 (mip.MTI <- 0b1, mip.STI <- 0b0)
mem[X,0x0000000080121564] -> 0x0613
mem[X,0x0000000080121566] -> 0xF2C6
[1066] [M]: 0x0000000080121564 (0xF2C60613) addi x12, x12, -0xd4                    inst_19+216
x12 <- 0x000000008012148C

mem[X,0x0000000080121568] -> 0x0001
[1067] [M]: 0x0000000080121568 (0x0001) c.nop                                       inst_19+220

clint mtime 0x0000000000000216 (mip.MTI <- 0b1, mip.STI <- 0b0)
mem[X,0x000000008012156A] -> 0x0013
mem[X,0x000000008012156C] -> 0x0000
[1068] [M]: 0x000000008012156A (0x00000013) addi x0, x0, 0x0                        inst_19+222

mem[X,0x000000008012156E] -> 0x0013
mem[X,0x0000000080121570] -> 0x0000
[1069] [M]: 0x000000008012156E (0x00000013) addi x0, x0, 0x0                        inst_19+226

clint mtime 0x0000000000000217 (mip.MTI <- 0b1, mip.STI <- 0b0)
mem[X,0x0000000080121572] -> 0x0013
mem[X,0x0000000080121574] -> 0x0000
[1070] [M]: 0x0000000080121572 (0x00000013) addi x0, x0, 0x0                        inst_19+230

mem[X,0x0000000080121576] -> 0x0013
mem[X,0x0000000080121578] -> 0x0000
[1071] [M]: 0x0000000080121576 (0x00000013) addi x0, x0, 0x0                        inst_19+234

clint mtime 0x0000000000000218 (mip.MTI <- 0b1, mip.STI <- 0b0)
mem[X,0x000000008012157A] -> 0x0013
mem[X,0x000000008012157C] -> 0x0000
[1072] [M]: 0x000000008012157A (0x00000013) addi x0, x0, 0x0                        inst_19+238

mem[X,0x000000008012157E] -> 0x0001
[1073] [M]: 0x000000008012157E (0x0001) c.nop                                       inst_19+242

clint mtime 0x0000000000000219 (mip.MTI <- 0b1, mip.STI <- 0b0)
mem[X,0x0000000080121580] -> 0x7613
mem[X,0x0000000080121582] -> 0xFFC6
[1074] [M]: 0x0000000080121580 (0xFFC67613) andi x12, x12, -0x4                     inst_19+244
x12 <- 0x000000008012148C

mem[X,0x0000000080121584] -> 0x86B3
mem[X,0x0000000080121586] -> 0x40C6
[1075] [M]: 0x0000000080121584 (0x40C686B3) sub x13, x13, x12                       inst_19+248
x13 <- 0x0000000000000087

clint mtime 0x000000000000021A (mip.MTI <- 0b1, mip.STI <- 0b0)
mem[X,0x0000000080121588] -> 0xBC23
mem[X,0x000000008012158A] -> 0x08D3
[1076] [M]: 0x0000000080121588 (0x08D3BC23) sd x13, 0x98(x7)                        inst_19+252
mem[W,0x00000000801251B0] <- 0x0000000000000087

mem[X,0x000000008012158C] -> 0x0013
mem[X,0x000000008012158E] -> 0x0000
[1077] [M]: 0x000000008012158C (0x00000013) addi x0, x0, 0x0                        inst_20+0

clint mtime 0x000000000000021B (mip.MTI <- 0b1, mip.STI <- 0b0)
mem[X,0x0000000080121590] -> 0x0013
mem[X,0x0000000080121592] -> 0x0000
[1078] [M]: 0x0000000080121590 (0x00000013) addi x0, x0, 0x0                        inst_20+4

mem[X,0x0000000080121594] -> 0x0013
mem[X,0x0000000080121596] -> 0x0000
[1079] [M]: 0x0000000080121594 (0x00000013) addi x0, x0, 0x0                        inst_20+8

clint mtime 0x000000000000021C (mip.MTI <- 0b1, mip.STI <- 0b0)
mem[X,0x0000000080121598] -> 0x0013
mem[X,0x000000008012159A] -> 0x0000
[1080] [M]: 0x0000000080121598 (0x00000013) addi x0, x0, 0x0                        inst_20+12

mem[X,0x000000008012159C] -> 0x0013
mem[X,0x000000008012159E] -> 0x0000
[1081] [M]: 0x000000008012159C (0x00000013) addi x0, x0, 0x0                        inst_20+16

clint mtime 0x000000000000021D (mip.MTI <- 0b1, mip.STI <- 0b0)
mem[X,0x00000000801215A0] -> 0x0617
mem[X,0x00000000801215A2] -> 0x0000
[1082] [M]: 0x00000000801215A0 (0x00000617) auipc x12, 0x0                          inst_20+20
x12 <- 0x00000000801215A0

mem[X,0x00000000801215A4] -> 0x0613
mem[X,0x00000000801215A6] -> 0x06C6
[1083] [M]: 0x00000000801215A4 (0x06C60613) addi x12, x12, 0x6c                     inst_20+24
x12 <- 0x000000008012160C

clint mtime 0x000000000000021E (mip.MTI <- 0b1, mip.STI <- 0b0)
mem[X,0x00000000801215A8] -> 0x0001
[1084] [M]: 0x00000000801215A8 (0x0001) c.nop                                       inst_20+28

mem[X,0x00000000801215AA] -> 0x0013
mem[X,0x00000000801215AC] -> 0x0000
[1085] [M]: 0x00000000801215AA (0x00000013) addi x0, x0, 0x0                        inst_20+30

clint mtime 0x000000000000021F (mip.MTI <- 0b1, mip.STI <- 0b0)
mem[X,0x00000000801215AE] -> 0x0013
mem[X,0x00000000801215B0] -> 0x0000
[1086] [M]: 0x00000000801215AE (0x00000013) addi x0, x0, 0x0                        inst_20+34

mem[X,0x00000000801215B2] -> 0x0013
mem[X,0x00000000801215B4] -> 0x0000
[1087] [M]: 0x00000000801215B2 (0x00000013) addi x0, x0, 0x0                        inst_20+38

clint mtime 0x0000000000000220 (mip.MTI <- 0b1, mip.STI <- 0b0)
mem[X,0x00000000801215B6] -> 0x0013
mem[X,0x00000000801215B8] -> 0x0000
[1088] [M]: 0x00000000801215B6 (0x00000013) addi x0, x0, 0x0                        inst_20+42

mem[X,0x00000000801215BA] -> 0x0013
mem[X,0x00000000801215BC] -> 0x0000
[1089] [M]: 0x00000000801215BA (0x00000013) addi x0, x0, 0x0                        inst_20+46

clint mtime 0x0000000000000221 (mip.MTI <- 0b1, mip.STI <- 0b0)
mem[X,0x00000000801215BE] -> 0x0001
[1090] [M]: 0x00000000801215BE (0x0001) c.nop                                       inst_20+50

mem[X,0x00000000801215C0] -> 0x0093
mem[X,0x00000000801215C2] -> 0x0006
[1091] [M]: 0x00000000801215C0 (0x00060093) addi x1, x12, 0x0                       inst_20+52
x1 <- 0x000000008012160C

clint mtime 0x0000000000000222 (mip.MTI <- 0b1, mip.STI <- 0b0)
mem[X,0x00000000801215C4] -> 0x0067
mem[X,0x00000000801215C6] -> 0x0006
[1092] [M]: 0x00000000801215C4 (0x00060067) jalr x0, 0x0(x12)                       inst_20+56

mem[X,0x000000008012160C] -> 0x00EF
mem[X,0x000000008012160E] -> 0x00C0
[1093] [M]: 0x000000008012160C (0x00C000EF) jal x1, 0xc                             inst_20+128
x1 <- 0x0000000080121610

clint mtime 0x0000000000000223 (mip.MTI <- 0b1, mip.STI <- 0b0)
mem[X,0x0000000080121618] -> 0xC093
mem[X,0x000000008012161A] -> 0x0030
[1094] [M]: 0x0000000080121618 (0x0030C093) xori x1, x1, 0x3                        inst_20+140
x1 <- 0x0000000080121613

mem[X,0x000000008012161C] -> 0x0013
mem[X,0x000000008012161E] -> 0x0000
[1095] [M]: 0x000000008012161C (0x00000013) addi x0, x0, 0x0                        inst_20+144

clint mtime 0x0000000000000224 (mip.MTI <- 0b1, mip.STI <- 0b0)
mem[X,0x0000000080121620] -> 0x0617
mem[X,0x0000000080121622] -> 0x0000
[1096] [M]: 0x0000000080121620 (0x00000617) auipc x12, 0x0                          inst_20+148
x12 <- 0x0000000080121620

mem[X,0x0000000080121624] -> 0x0613
mem[X,0x0000000080121626] -> 0x0246
[1097] [M]: 0x0000000080121624 (0x02460613) addi x12, x12, 0x24                     inst_20+152
x12 <- 0x0000000080121644

clint mtime 0x0000000000000225 (mip.MTI <- 0b1, mip.STI <- 0b0)
mem[X,0x0000000080121628] -> 0x0001
[1098] [M]: 0x0000000080121628 (0x0001) c.nop                                       inst_20+156

mem[X,0x000000008012162A] -> 0x0013
mem[X,0x000000008012162C] -> 0x0000
[1099] [M]: 0x000000008012162A (0x00000013) addi x0, x0, 0x0                        inst_20+158

clint mtime 0x0000000000000226 (mip.MTI <- 0b1, mip.STI <- 0b0)
mem[X,0x000000008012162E] -> 0x0013
mem[X,0x0000000080121630] -> 0x0000
[1100] [M]: 0x000000008012162E (0x00000013) addi x0, x0, 0x0                        inst_20+162

mem[X,0x0000000080121632] -> 0x0013
mem[X,0x0000000080121634] -> 0x0000
[1101] [M]: 0x0000000080121632 (0x00000013) addi x0, x0, 0x0                        inst_20+166

clint mtime 0x0000000000000227 (mip.MTI <- 0b1, mip.STI <- 0b0)
mem[X,0x0000000080121636] -> 0x0013
mem[X,0x0000000080121638] -> 0x0000
[1102] [M]: 0x0000000080121636 (0x00000013) addi x0, x0, 0x0                        inst_20+170

mem[X,0x000000008012163A] -> 0x0013
mem[X,0x000000008012163C] -> 0x0000
[1103] [M]: 0x000000008012163A (0x00000013) addi x0, x0, 0x0                        inst_20+174

clint mtime 0x0000000000000228 (mip.MTI <- 0b1, mip.STI <- 0b0)
mem[X,0x000000008012163E] -> 0x0001
[1104] [M]: 0x000000008012163E (0x0001) c.nop                                       inst_20+178

mem[X,0x0000000080121640] -> 0x0067
mem[X,0x0000000080121642] -> 0x0006
[1105] [M]: 0x0000000080121640 (0x00060067) jalr x0, 0x0(x12)                       inst_20+180

clint mtime 0x0000000000000229 (mip.MTI <- 0b1, mip.STI <- 0b0)
mem[X,0x0000000080121644] -> 0x0013
mem[X,0x0000000080121646] -> 0x0000
[1106] [M]: 0x0000000080121644 (0x00000013) addi x0, x0, 0x0                        inst_20+184

mem[X,0x0000000080121648] -> 0x0013
mem[X,0x000000008012164A] -> 0x0000
[1107] [M]: 0x0000000080121648 (0x00000013) addi x0, x0, 0x0                        inst_20+188

clint mtime 0x000000000000022A (mip.MTI <- 0b1, mip.STI <- 0b0)
mem[X,0x000000008012164C] -> 0x0013
mem[X,0x000000008012164E] -> 0x0000
[1108] [M]: 0x000000008012164C (0x00000013) addi x0, x0, 0x0                        inst_20+192

mem[X,0x0000000080121650] -> 0x0013
mem[X,0x0000000080121652] -> 0x0000
[1109] [M]: 0x0000000080121650 (0x00000013) addi x0, x0, 0x0                        inst_20+196

clint mtime 0x000000000000022B (mip.MTI <- 0b1, mip.STI <- 0b0)
mem[X,0x0000000080121654] -> 0x0013
mem[X,0x0000000080121656] -> 0x0000
[1110] [M]: 0x0000000080121654 (0x00000013) addi x0, x0, 0x0                        inst_20+200

mem[X,0x0000000080121658] -> 0x0013
mem[X,0x000000008012165A] -> 0x0000
[1111] [M]: 0x0000000080121658 (0x00000013) addi x0, x0, 0x0                        inst_20+204

clint mtime 0x000000000000022C (mip.MTI <- 0b1, mip.STI <- 0b0)
mem[X,0x000000008012165C] -> 0x0013
mem[X,0x000000008012165E] -> 0x0000
[1112] [M]: 0x000000008012165C (0x00000013) addi x0, x0, 0x0                        inst_20+208

mem[X,0x0000000080121660] -> 0x0617
mem[X,0x0000000080121662] -> 0x0000
[1113] [M]: 0x0000000080121660 (0x00000617) auipc x12, 0x0                          inst_20+212
x12 <- 0x0000000080121660

clint mtime 0x000000000000022D (mip.MTI <- 0b1, mip.STI <- 0b0)
mem[X,0x0000000080121664] -> 0x0613
mem[X,0x0000000080121666] -> 0xF2C6
[1114] [M]: 0x0000000080121664 (0xF2C60613) addi x12, x12, -0xd4                    inst_20+216
x12 <- 0x000000008012158C

mem[X,0x0000000080121668] -> 0x0001
[1115] [M]: 0x0000000080121668 (0x0001) c.nop                                       inst_20+220

clint mtime 0x000000000000022E (mip.MTI <- 0b1, mip.STI <- 0b0)
mem[X,0x000000008012166A] -> 0x0013
mem[X,0x000000008012166C] -> 0x0000
[1116] [M]: 0x000000008012166A (0x00000013) addi x0, x0, 0x0                        inst_20+222

mem[X,0x000000008012166E] -> 0x0013
mem[X,0x0000000080121670] -> 0x0000
[1117] [M]: 0x000000008012166E (0x00000013) addi x0, x0, 0x0                        inst_20+226

clint mtime 0x000000000000022F (mip.MTI <- 0b1, mip.STI <- 0b0)
mem[X,0x0000000080121672] -> 0x0013
mem[X,0x0000000080121674] -> 0x0000
[1118] [M]: 0x0000000080121672 (0x00000013) addi x0, x0, 0x0                        inst_20+230

mem[X,0x0000000080121676] -> 0x0013
mem[X,0x0000000080121678] -> 0x0000
[1119] [M]: 0x0000000080121676 (0x00000013) addi x0, x0, 0x0                        inst_20+234

clint mtime 0x0000000000000230 (mip.MTI <- 0b1, mip.STI <- 0b0)
mem[X,0x000000008012167A] -> 0x0013
mem[X,0x000000008012167C] -> 0x0000
[1120] [M]: 0x000000008012167A (0x00000013) addi x0, x0, 0x0                        inst_20+238

mem[X,0x000000008012167E] -> 0x0001
[1121] [M]: 0x000000008012167E (0x0001) c.nop                                       inst_20+242

clint mtime 0x0000000000000231 (mip.MTI <- 0b1, mip.STI <- 0b0)
mem[X,0x0000000080121680] -> 0x7613
mem[X,0x0000000080121682] -> 0xFFC6
[1122] [M]: 0x0000000080121680 (0xFFC67613) andi x12, x12, -0x4                     inst_20+244
x12 <- 0x000000008012158C

mem[X,0x0000000080121684] -> 0x80B3
mem[X,0x0000000080121686] -> 0x40C0
[1123] [M]: 0x0000000080121684 (0x40C080B3) sub x1, x1, x12                         inst_20+248
x1 <- 0x0000000000000087

clint mtime 0x0000000000000232 (mip.MTI <- 0b1, mip.STI <- 0b0)
mem[X,0x0000000080121688] -> 0xB023
mem[X,0x000000008012168A] -> 0x0A13
[1124] [M]: 0x0000000080121688 (0x0A13B023) sd x1, 0xa0(x7)                         inst_20+252
mem[W,0x00000000801251B8] <- 0x0000000000000087

mem[X,0x000000008012168C] -> 0x0013
mem[X,0x000000008012168E] -> 0x0000
[1125] [M]: 0x000000008012168C (0x00000013) addi x0, x0, 0x0                        inst_21+0

clint mtime 0x0000000000000233 (mip.MTI <- 0b1, mip.STI <- 0b0)
mem[X,0x0000000080121690] -> 0x0013
mem[X,0x0000000080121692] -> 0x0000
[1126] [M]: 0x0000000080121690 (0x00000013) addi x0, x0, 0x0                        inst_21+4

mem[X,0x0000000080121694] -> 0x0013
mem[X,0x0000000080121696] -> 0x0000
[1127] [M]: 0x0000000080121694 (0x00000013) addi x0, x0, 0x0                        inst_21+8

clint mtime 0x0000000000000234 (mip.MTI <- 0b1, mip.STI <- 0b0)
mem[X,0x0000000080121698] -> 0x0013
mem[X,0x000000008012169A] -> 0x0000
[1128] [M]: 0x0000000080121698 (0x00000013) addi x0, x0, 0x0                        inst_21+12

mem[X,0x000000008012169C] -> 0x0013
mem[X,0x000000008012169E] -> 0x0000
[1129] [M]: 0x000000008012169C (0x00000013) addi x0, x0, 0x0                        inst_21+16

clint mtime 0x0000000000000235 (mip.MTI <- 0b1, mip.STI <- 0b0)
mem[X,0x00000000801216A0] -> 0x0617
mem[X,0x00000000801216A2] -> 0x0000
[1130] [M]: 0x00000000801216A0 (0x00000617) auipc x12, 0x0                          inst_21+20
x12 <- 0x00000000801216A0

mem[X,0x00000000801216A4] -> 0x0613
mem[X,0x00000000801216A6] -> 0x06C6
[1131] [M]: 0x00000000801216A4 (0x06C60613) addi x12, x12, 0x6c                     inst_21+24
x12 <- 0x000000008012170C

clint mtime 0x0000000000000236 (mip.MTI <- 0b1, mip.STI <- 0b0)
mem[X,0x00000000801216A8] -> 0x0001
[1132] [M]: 0x00000000801216A8 (0x0001) c.nop                                       inst_21+28

mem[X,0x00000000801216AA] -> 0x0013
mem[X,0x00000000801216AC] -> 0x0000
[1133] [M]: 0x00000000801216AA (0x00000013) addi x0, x0, 0x0                        inst_21+30

clint mtime 0x0000000000000237 (mip.MTI <- 0b1, mip.STI <- 0b0)
mem[X,0x00000000801216AE] -> 0x0013
mem[X,0x00000000801216B0] -> 0x0000
[1134] [M]: 0x00000000801216AE (0x00000013) addi x0, x0, 0x0                        inst_21+34

mem[X,0x00000000801216B2] -> 0x0013
mem[X,0x00000000801216B4] -> 0x0000
[1135] [M]: 0x00000000801216B2 (0x00000013) addi x0, x0, 0x0                        inst_21+38

clint mtime 0x0000000000000238 (mip.MTI <- 0b1, mip.STI <- 0b0)
mem[X,0x00000000801216B6] -> 0x0013
mem[X,0x00000000801216B8] -> 0x0000
[1136] [M]: 0x00000000801216B6 (0x00000013) addi x0, x0, 0x0                        inst_21+42

mem[X,0x00000000801216BA] -> 0x0013
mem[X,0x00000000801216BC] -> 0x0000
[1137] [M]: 0x00000000801216BA (0x00000013) addi x0, x0, 0x0                        inst_21+46

clint mtime 0x0000000000000239 (mip.MTI <- 0b1, mip.STI <- 0b0)
mem[X,0x00000000801216BE] -> 0x0001
[1138] [M]: 0x00000000801216BE (0x0001) c.nop                                       inst_21+50

mem[X,0x00000000801216C0] -> 0x0593
mem[X,0x00000000801216C2] -> 0x0006
[1139] [M]: 0x00000000801216C0 (0x00060593) addi x11, x12, 0x0                      inst_21+52
x11 <- 0x000000008012170C

clint mtime 0x000000000000023A (mip.MTI <- 0b1, mip.STI <- 0b0)
mem[X,0x00000000801216C4] -> 0x0067
mem[X,0x00000000801216C6] -> 0x0006
[1140] [M]: 0x00000000801216C4 (0x00060067) jalr x0, 0x0(x12)                       inst_21+56

mem[X,0x000000008012170C] -> 0x05EF
mem[X,0x000000008012170E] -> 0x00C0
[1141] [M]: 0x000000008012170C (0x00C005EF) jal x11, 0xc                            inst_21+128
x11 <- 0x0000000080121710

clint mtime 0x000000000000023B (mip.MTI <- 0b1, mip.STI <- 0b0)
mem[X,0x0000000080121718] -> 0xC593
mem[X,0x000000008012171A] -> 0x0035
[1142] [M]: 0x0000000080121718 (0x0035C593) xori x11, x11, 0x3                      inst_21+140
x11 <- 0x0000000080121713

mem[X,0x000000008012171C] -> 0x0013
mem[X,0x000000008012171E] -> 0x0000
[1143] [M]: 0x000000008012171C (0x00000013) addi x0, x0, 0x0                        inst_21+144

clint mtime 0x000000000000023C (mip.MTI <- 0b1, mip.STI <- 0b0)
mem[X,0x0000000080121720] -> 0x0617
mem[X,0x0000000080121722] -> 0x0000
[1144] [M]: 0x0000000080121720 (0x00000617) auipc x12, 0x0                          inst_21+148
x12 <- 0x0000000080121720

mem[X,0x0000000080121724] -> 0x0613
mem[X,0x0000000080121726] -> 0x0246
[1145] [M]: 0x0000000080121724 (0x02460613) addi x12, x12, 0x24                     inst_21+152
x12 <- 0x0000000080121744

clint mtime 0x000000000000023D (mip.MTI <- 0b1, mip.STI <- 0b0)
mem[X,0x0000000080121728] -> 0x0001
[1146] [M]: 0x0000000080121728 (0x0001) c.nop                                       inst_21+156

mem[X,0x000000008012172A] -> 0x0013
mem[X,0x000000008012172C] -> 0x0000
[1147] [M]: 0x000000008012172A (0x00000013) addi x0, x0, 0x0                        inst_21+158

clint mtime 0x000000000000023E (mip.MTI <- 0b1, mip.STI <- 0b0)
mem[X,0x000000008012172E] -> 0x0013
mem[X,0x0000000080121730] -> 0x0000
[1148] [M]: 0x000000008012172E (0x00000013) addi x0, x0, 0x0                        inst_21+162

mem[X,0x0000000080121732] -> 0x0013
mem[X,0x0000000080121734] -> 0x0000
[1149] [M]: 0x0000000080121732 (0x00000013) addi x0, x0, 0x0                        inst_21+166

clint mtime 0x000000000000023F (mip.MTI <- 0b1, mip.STI <- 0b0)
mem[X,0x0000000080121736] -> 0x0013
mem[X,0x0000000080121738] -> 0x0000
[1150] [M]: 0x0000000080121736 (0x00000013) addi x0, x0, 0x0                        inst_21+170

mem[X,0x000000008012173A] -> 0x0013
mem[X,0x000000008012173C] -> 0x0000
[1151] [M]: 0x000000008012173A (0x00000013) addi x0, x0, 0x0                        inst_21+174

clint mtime 0x0000000000000240 (mip.MTI <- 0b1, mip.STI <- 0b0)
mem[X,0x000000008012173E] -> 0x0001
[1152] [M]: 0x000000008012173E (0x0001) c.nop                                       inst_21+178

mem[X,0x0000000080121740] -> 0x0067
mem[X,0x0000000080121742] -> 0x0006
[1153] [M]: 0x0000000080121740 (0x00060067) jalr x0, 0x0(x12)                       inst_21+180

clint mtime 0x0000000000000241 (mip.MTI <- 0b1, mip.STI <- 0b0)
mem[X,0x0000000080121744] -> 0x0013
mem[X,0x0000000080121746] -> 0x0000
[1154] [M]: 0x0000000080121744 (0x00000013) addi x0, x0, 0x0                        inst_21+184

mem[X,0x0000000080121748] -> 0x0013
mem[X,0x000000008012174A] -> 0x0000
[1155] [M]: 0x0000000080121748 (0x00000013) addi x0, x0, 0x0                        inst_21+188

clint mtime 0x0000000000000242 (mip.MTI <- 0b1, mip.STI <- 0b0)
mem[X,0x000000008012174C] -> 0x0013
mem[X,0x000000008012174E] -> 0x0000
[1156] [M]: 0x000000008012174C (0x00000013) addi x0, x0, 0x0                        inst_21+192

mem[X,0x0000000080121750] -> 0x0013
mem[X,0x0000000080121752] -> 0x0000
[1157] [M]: 0x0000000080121750 (0x00000013) addi x0, x0, 0x0                        inst_21+196

clint mtime 0x0000000000000243 (mip.MTI <- 0b1, mip.STI <- 0b0)
mem[X,0x0000000080121754] -> 0x0013
mem[X,0x0000000080121756] -> 0x0000
[1158] [M]: 0x0000000080121754 (0x00000013) addi x0, x0, 0x0                        inst_21+200

mem[X,0x0000000080121758] -> 0x0013
mem[X,0x000000008012175A] -> 0x0000
[1159] [M]: 0x0000000080121758 (0x00000013) addi x0, x0, 0x0                        inst_21+204

clint mtime 0x0000000000000244 (mip.MTI <- 0b1, mip.STI <- 0b0)
mem[X,0x000000008012175C] -> 0x0013
mem[X,0x000000008012175E] -> 0x0000
[1160] [M]: 0x000000008012175C (0x00000013) addi x0, x0, 0x0                        inst_21+208

mem[X,0x0000000080121760] -> 0x0617
mem[X,0x0000000080121762] -> 0x0000
[1161] [M]: 0x0000000080121760 (0x00000617) auipc x12, 0x0                          inst_21+212
x12 <- 0x0000000080121760

clint mtime 0x0000000000000245 (mip.MTI <- 0b1, mip.STI <- 0b0)
mem[X,0x0000000080121764] -> 0x0613
mem[X,0x0000000080121766] -> 0xF2C6
[1162] [M]: 0x0000000080121764 (0xF2C60613) addi x12, x12, -0xd4                    inst_21+216
x12 <- 0x000000008012168C

mem[X,0x0000000080121768] -> 0x0001
[1163] [M]: 0x0000000080121768 (0x0001) c.nop                                       inst_21+220

clint mtime 0x0000000000000246 (mip.MTI <- 0b1, mip.STI <- 0b0)
mem[X,0x000000008012176A] -> 0x0013
mem[X,0x000000008012176C] -> 0x0000
[1164] [M]: 0x000000008012176A (0x00000013) addi x0, x0, 0x0                        inst_21+222

mem[X,0x000000008012176E] -> 0x0013
mem[X,0x0000000080121770] -> 0x0000
[1165] [M]: 0x000000008012176E (0x00000013) addi x0, x0, 0x0                        inst_21+226

clint mtime 0x0000000000000247 (mip.MTI <- 0b1, mip.STI <- 0b0)
mem[X,0x0000000080121772] -> 0x0013
mem[X,0x0000000080121774] -> 0x0000
[1166] [M]: 0x0000000080121772 (0x00000013) addi x0, x0, 0x0                        inst_21+230

mem[X,0x0000000080121776] -> 0x0013
mem[X,0x0000000080121778] -> 0x0000
[1167] [M]: 0x0000000080121776 (0x00000013) addi x0, x0, 0x0                        inst_21+234

clint mtime 0x0000000000000248 (mip.MTI <- 0b1, mip.STI <- 0b0)
mem[X,0x000000008012177A] -> 0x0013
mem[X,0x000000008012177C] -> 0x0000
[1168] [M]: 0x000000008012177A (0x00000013) addi x0, x0, 0x0                        inst_21+238

mem[X,0x000000008012177E] -> 0x0001
[1169] [M]: 0x000000008012177E (0x0001) c.nop                                       inst_21+242

clint mtime 0x0000000000000249 (mip.MTI <- 0b1, mip.STI <- 0b0)
mem[X,0x0000000080121780] -> 0x7613
mem[X,0x0000000080121782] -> 0xFFC6
[1170] [M]: 0x0000000080121780 (0xFFC67613) andi x12, x12, -0x4                     inst_21+244
x12 <- 0x000000008012168C

mem[X,0x0000000080121784] -> 0x85B3
mem[X,0x0000000080121786] -> 0x40C5
[1171] [M]: 0x0000000080121784 (0x40C585B3) sub x11, x11, x12                       inst_21+248
x11 <- 0x0000000000000087

clint mtime 0x000000000000024A (mip.MTI <- 0b1, mip.STI <- 0b0)
mem[X,0x0000000080121788] -> 0xB423
mem[X,0x000000008012178A] -> 0x0AB3
[1172] [M]: 0x0000000080121788 (0x0AB3B423) sd x11, 0xa8(x7)                        inst_21+252
mem[W,0x00000000801251C0] <- 0x0000000000000087

mem[X,0x000000008012178C] -> 0x0013
mem[X,0x000000008012178E] -> 0x0000
[1173] [M]: 0x000000008012178C (0x00000013) addi x0, x0, 0x0                        inst_22+0

clint mtime 0x000000000000024B (mip.MTI <- 0b1, mip.STI <- 0b0)
mem[X,0x0000000080121790] -> 0x0013
mem[X,0x0000000080121792] -> 0x0000
[1174] [M]: 0x0000000080121790 (0x00000013) addi x0, x0, 0x0                        inst_22+4

mem[X,0x0000000080121794] -> 0x0013
mem[X,0x0000000080121796] -> 0x0000
[1175] [M]: 0x0000000080121794 (0x00000013) addi x0, x0, 0x0                        inst_22+8

clint mtime 0x000000000000024C (mip.MTI <- 0b1, mip.STI <- 0b0)
mem[X,0x0000000080121798] -> 0x0013
mem[X,0x000000008012179A] -> 0x0000
[1176] [M]: 0x0000000080121798 (0x00000013) addi x0, x0, 0x0                        inst_22+12

mem[X,0x000000008012179C] -> 0x0013
mem[X,0x000000008012179E] -> 0x0000
[1177] [M]: 0x000000008012179C (0x00000013) addi x0, x0, 0x0                        inst_22+16

clint mtime 0x000000000000024D (mip.MTI <- 0b1, mip.STI <- 0b0)
mem[X,0x00000000801217A0] -> 0x0617
mem[X,0x00000000801217A2] -> 0x0000
[1178] [M]: 0x00000000801217A0 (0x00000617) auipc x12, 0x0                          inst_22+20
x12 <- 0x00000000801217A0

mem[X,0x00000000801217A4] -> 0x0613
mem[X,0x00000000801217A6] -> 0x06C6
[1179] [M]: 0x00000000801217A4 (0x06C60613) addi x12, x12, 0x6c                     inst_22+24
x12 <- 0x000000008012180C

clint mtime 0x000000000000024E (mip.MTI <- 0b1, mip.STI <- 0b0)
mem[X,0x00000000801217A8] -> 0x0001
[1180] [M]: 0x00000000801217A8 (0x0001) c.nop                                       inst_22+28

mem[X,0x00000000801217AA] -> 0x0013
mem[X,0x00000000801217AC] -> 0x0000
[1181] [M]: 0x00000000801217AA (0x00000013) addi x0, x0, 0x0                        inst_22+30

clint mtime 0x000000000000024F (mip.MTI <- 0b1, mip.STI <- 0b0)
mem[X,0x00000000801217AE] -> 0x0013
mem[X,0x00000000801217B0] -> 0x0000
[1182] [M]: 0x00000000801217AE (0x00000013) addi x0, x0, 0x0                        inst_22+34

mem[X,0x00000000801217B2] -> 0x0013
mem[X,0x00000000801217B4] -> 0x0000
[1183] [M]: 0x00000000801217B2 (0x00000013) addi x0, x0, 0x0                        inst_22+38

clint mtime 0x0000000000000250 (mip.MTI <- 0b1, mip.STI <- 0b0)
mem[X,0x00000000801217B6] -> 0x0013
mem[X,0x00000000801217B8] -> 0x0000
[1184] [M]: 0x00000000801217B6 (0x00000013) addi x0, x0, 0x0                        inst_22+42

mem[X,0x00000000801217BA] -> 0x0013
mem[X,0x00000000801217BC] -> 0x0000
[1185] [M]: 0x00000000801217BA (0x00000013) addi x0, x0, 0x0                        inst_22+46

clint mtime 0x0000000000000251 (mip.MTI <- 0b1, mip.STI <- 0b0)
mem[X,0x00000000801217BE] -> 0x0001
[1186] [M]: 0x00000000801217BE (0x0001) c.nop                                       inst_22+50

mem[X,0x00000000801217C0] -> 0x0413
mem[X,0x00000000801217C2] -> 0x0006
[1187] [M]: 0x00000000801217C0 (0x00060413) addi x8, x12, 0x0                       inst_22+52
x8 <- 0x000000008012180C

clint mtime 0x0000000000000252 (mip.MTI <- 0b1, mip.STI <- 0b0)
mem[X,0x00000000801217C4] -> 0x0067
mem[X,0x00000000801217C6] -> 0x0006
[1188] [M]: 0x00000000801217C4 (0x00060067) jalr x0, 0x0(x12)                       inst_22+56

mem[X,0x000000008012180C] -> 0x046F
mem[X,0x000000008012180E] -> 0x00C0
[1189] [M]: 0x000000008012180C (0x00C0046F) jal x8, 0xc                             inst_22+128
x8 <- 0x0000000080121810

clint mtime 0x0000000000000253 (mip.MTI <- 0b1, mip.STI <- 0b0)
mem[X,0x0000000080121818] -> 0x4413
mem[X,0x000000008012181A] -> 0x0034
[1190] [M]: 0x0000000080121818 (0x00344413) xori x8, x8, 0x3                        inst_22+140
x8 <- 0x0000000080121813

mem[X,0x000000008012181C] -> 0x0013
mem[X,0x000000008012181E] -> 0x0000
[1191] [M]: 0x000000008012181C (0x00000013) addi x0, x0, 0x0                        inst_22+144

clint mtime 0x0000000000000254 (mip.MTI <- 0b1, mip.STI <- 0b0)
mem[X,0x0000000080121820] -> 0x0617
mem[X,0x0000000080121822] -> 0x0000
[1192] [M]: 0x0000000080121820 (0x00000617) auipc x12, 0x0                          inst_22+148
x12 <- 0x0000000080121820

mem[X,0x0000000080121824] -> 0x0613
mem[X,0x0000000080121826] -> 0x0246
[1193] [M]: 0x0000000080121824 (0x02460613) addi x12, x12, 0x24                     inst_22+152
x12 <- 0x0000000080121844

clint mtime 0x0000000000000255 (mip.MTI <- 0b1, mip.STI <- 0b0)
mem[X,0x0000000080121828] -> 0x0001
[1194] [M]: 0x0000000080121828 (0x0001) c.nop                                       inst_22+156

mem[X,0x000000008012182A] -> 0x0013
mem[X,0x000000008012182C] -> 0x0000
[1195] [M]: 0x000000008012182A (0x00000013) addi x0, x0, 0x0                        inst_22+158

clint mtime 0x0000000000000256 (mip.MTI <- 0b1, mip.STI <- 0b0)
mem[X,0x000000008012182E] -> 0x0013
mem[X,0x0000000080121830] -> 0x0000
[1196] [M]: 0x000000008012182E (0x00000013) addi x0, x0, 0x0                        inst_22+162

mem[X,0x0000000080121832] -> 0x0013
mem[X,0x0000000080121834] -> 0x0000
[1197] [M]: 0x0000000080121832 (0x00000013) addi x0, x0, 0x0                        inst_22+166

clint mtime 0x0000000000000257 (mip.MTI <- 0b1, mip.STI <- 0b0)
mem[X,0x0000000080121836] -> 0x0013
mem[X,0x0000000080121838] -> 0x0000
[1198] [M]: 0x0000000080121836 (0x00000013) addi x0, x0, 0x0                        inst_22+170

mem[X,0x000000008012183A] -> 0x0013
mem[X,0x000000008012183C] -> 0x0000
[1199] [M]: 0x000000008012183A (0x00000013) addi x0, x0, 0x0                        inst_22+174

clint mtime 0x0000000000000258 (mip.MTI <- 0b1, mip.STI <- 0b0)
mem[X,0x000000008012183E] -> 0x0001
[1200] [M]: 0x000000008012183E (0x0001) c.nop                                       inst_22+178

mem[X,0x0000000080121840] -> 0x0067
mem[X,0x0000000080121842] -> 0x0006
[1201] [M]: 0x0000000080121840 (0x00060067) jalr x0, 0x0(x12)                       inst_22+180

clint mtime 0x0000000000000259 (mip.MTI <- 0b1, mip.STI <- 0b0)
mem[X,0x0000000080121844] -> 0x0013
mem[X,0x0000000080121846] -> 0x0000
[1202] [M]: 0x0000000080121844 (0x00000013) addi x0, x0, 0x0                        inst_22+184

mem[X,0x0000000080121848] -> 0x0013
mem[X,0x000000008012184A] -> 0x0000
[1203] [M]: 0x0000000080121848 (0x00000013) addi x0, x0, 0x0                        inst_22+188

clint mtime 0x000000000000025A (mip.MTI <- 0b1, mip.STI <- 0b0)
mem[X,0x000000008012184C] -> 0x0013
mem[X,0x000000008012184E] -> 0x0000
[1204] [M]: 0x000000008012184C (0x00000013) addi x0, x0, 0x0                        inst_22+192

mem[X,0x0000000080121850] -> 0x0013
mem[X,0x0000000080121852] -> 0x0000
[1205] [M]: 0x0000000080121850 (0x00000013) addi x0, x0, 0x0                        inst_22+196

clint mtime 0x000000000000025B (mip.MTI <- 0b1, mip.STI <- 0b0)
mem[X,0x0000000080121854] -> 0x0013
mem[X,0x0000000080121856] -> 0x0000
[1206] [M]: 0x0000000080121854 (0x00000013) addi x0, x0, 0x0                        inst_22+200

mem[X,0x0000000080121858] -> 0x0013
mem[X,0x000000008012185A] -> 0x0000
[1207] [M]: 0x0000000080121858 (0x00000013) addi x0, x0, 0x0                        inst_22+204

clint mtime 0x000000000000025C (mip.MTI <- 0b1, mip.STI <- 0b0)
mem[X,0x000000008012185C] -> 0x0013
mem[X,0x000000008012185E] -> 0x0000
[1208] [M]: 0x000000008012185C (0x00000013) addi x0, x0, 0x0                        inst_22+208

mem[X,0x0000000080121860] -> 0x0617
mem[X,0x0000000080121862] -> 0x0000
[1209] [M]: 0x0000000080121860 (0x00000617) auipc x12, 0x0                          inst_22+212
x12 <- 0x0000000080121860

clint mtime 0x000000000000025D (mip.MTI <- 0b1, mip.STI <- 0b0)
mem[X,0x0000000080121864] -> 0x0613
mem[X,0x0000000080121866] -> 0xF2C6
[1210] [M]: 0x0000000080121864 (0xF2C60613) addi x12, x12, -0xd4                    inst_22+216
x12 <- 0x000000008012178C

mem[X,0x0000000080121868] -> 0x0001
[1211] [M]: 0x0000000080121868 (0x0001) c.nop                                       inst_22+220

clint mtime 0x000000000000025E (mip.MTI <- 0b1, mip.STI <- 0b0)
mem[X,0x000000008012186A] -> 0x0013
mem[X,0x000000008012186C] -> 0x0000
[1212] [M]: 0x000000008012186A (0x00000013) addi x0, x0, 0x0                        inst_22+222

mem[X,0x000000008012186E] -> 0x0013
mem[X,0x0000000080121870] -> 0x0000
[1213] [M]: 0x000000008012186E (0x00000013) addi x0, x0, 0x0                        inst_22+226

clint mtime 0x000000000000025F (mip.MTI <- 0b1, mip.STI <- 0b0)
mem[X,0x0000000080121872] -> 0x0013
mem[X,0x0000000080121874] -> 0x0000
[1214] [M]: 0x0000000080121872 (0x00000013) addi x0, x0, 0x0                        inst_22+230

mem[X,0x0000000080121876] -> 0x0013
mem[X,0x0000000080121878] -> 0x0000
[1215] [M]: 0x0000000080121876 (0x00000013) addi x0, x0, 0x0                        inst_22+234

clint mtime 0x0000000000000260 (mip.MTI <- 0b1, mip.STI <- 0b0)
mem[X,0x000000008012187A] -> 0x0013
mem[X,0x000000008012187C] -> 0x0000
[1216] [M]: 0x000000008012187A (0x00000013) addi x0, x0, 0x0                        inst_22+238

mem[X,0x000000008012187E] -> 0x0001
[1217] [M]: 0x000000008012187E (0x0001) c.nop                                       inst_22+242

clint mtime 0x0000000000000261 (mip.MTI <- 0b1, mip.STI <- 0b0)
mem[X,0x0000000080121880] -> 0x7613
mem[X,0x0000000080121882] -> 0xFFC6
[1218] [M]: 0x0000000080121880 (0xFFC67613) andi x12, x12, -0x4                     inst_22+244
x12 <- 0x000000008012178C

mem[X,0x0000000080121884] -> 0x0433
mem[X,0x0000000080121886] -> 0x40C4
[1219] [M]: 0x0000000080121884 (0x40C40433) sub x8, x8, x12                         inst_22+248
x8 <- 0x0000000000000087

clint mtime 0x0000000000000262 (mip.MTI <- 0b1, mip.STI <- 0b0)
mem[X,0x0000000080121888] -> 0xB823
mem[X,0x000000008012188A] -> 0x0A83
[1220] [M]: 0x0000000080121888 (0x0A83B823) sd x8, 0xb0(x7)                         inst_22+252
mem[W,0x00000000801251C8] <- 0x0000000000000087

mem[X,0x000000008012188C] -> 0x0013
mem[X,0x000000008012188E] -> 0x0000
[1221] [M]: 0x000000008012188C (0x00000013) addi x0, x0, 0x0                        inst_23+0

clint mtime 0x0000000000000263 (mip.MTI <- 0b1, mip.STI <- 0b0)
mem[X,0x0000000080121890] -> 0x0013
mem[X,0x0000000080121892] -> 0x0000
[1222] [M]: 0x0000000080121890 (0x00000013) addi x0, x0, 0x0                        inst_23+4

mem[X,0x0000000080121894] -> 0x0013
mem[X,0x0000000080121896] -> 0x0000
[1223] [M]: 0x0000000080121894 (0x00000013) addi x0, x0, 0x0                        inst_23+8

clint mtime 0x0000000000000264 (mip.MTI <- 0b1, mip.STI <- 0b0)
mem[X,0x0000000080121898] -> 0x0013
mem[X,0x000000008012189A] -> 0x0000
[1224] [M]: 0x0000000080121898 (0x00000013) addi x0, x0, 0x0                        inst_23+12

mem[X,0x000000008012189C] -> 0x0013
mem[X,0x000000008012189E] -> 0x0000
[1225] [M]: 0x000000008012189C (0x00000013) addi x0, x0, 0x0                        inst_23+16

clint mtime 0x0000000000000265 (mip.MTI <- 0b1, mip.STI <- 0b0)
mem[X,0x00000000801218A0] -> 0x0617
mem[X,0x00000000801218A2] -> 0x0000
[1226] [M]: 0x00000000801218A0 (0x00000617) auipc x12, 0x0                          inst_23+20
x12 <- 0x00000000801218A0

mem[X,0x00000000801218A4] -> 0x0613
mem[X,0x00000000801218A6] -> 0x06C6
[1227] [M]: 0x00000000801218A4 (0x06C60613) addi x12, x12, 0x6c                     inst_23+24
x12 <- 0x000000008012190C

clint mtime 0x0000000000000266 (mip.MTI <- 0b1, mip.STI <- 0b0)
mem[X,0x00000000801218A8] -> 0x0001
[1228] [M]: 0x00000000801218A8 (0x0001) c.nop                                       inst_23+28

mem[X,0x00000000801218AA] -> 0x0013
mem[X,0x00000000801218AC] -> 0x0000
[1229] [M]: 0x00000000801218AA (0x00000013) addi x0, x0, 0x0                        inst_23+30

clint mtime 0x0000000000000267 (mip.MTI <- 0b1, mip.STI <- 0b0)
mem[X,0x00000000801218AE] -> 0x0013
mem[X,0x00000000801218B0] -> 0x0000
[1230] [M]: 0x00000000801218AE (0x00000013) addi x0, x0, 0x0                        inst_23+34

mem[X,0x00000000801218B2] -> 0x0013
mem[X,0x00000000801218B4] -> 0x0000
[1231] [M]: 0x00000000801218B2 (0x00000013) addi x0, x0, 0x0                        inst_23+38

clint mtime 0x0000000000000268 (mip.MTI <- 0b1, mip.STI <- 0b0)
mem[X,0x00000000801218B6] -> 0x0013
mem[X,0x00000000801218B8] -> 0x0000
[1232] [M]: 0x00000000801218B6 (0x00000013) addi x0, x0, 0x0                        inst_23+42

mem[X,0x00000000801218BA] -> 0x0013
mem[X,0x00000000801218BC] -> 0x0000
[1233] [M]: 0x00000000801218BA (0x00000013) addi x0, x0, 0x0                        inst_23+46

clint mtime 0x0000000000000269 (mip.MTI <- 0b1, mip.STI <- 0b0)
mem[X,0x00000000801218BE] -> 0x0001
[1234] [M]: 0x00000000801218BE (0x0001) c.nop                                       inst_23+50

mem[X,0x00000000801218C0] -> 0x0E93
mem[X,0x00000000801218C2] -> 0x0006
[1235] [M]: 0x00000000801218C0 (0x00060E93) addi x29, x12, 0x0                      inst_23+52
x29 <- 0x000000008012190C

clint mtime 0x000000000000026A (mip.MTI <- 0b1, mip.STI <- 0b0)
mem[X,0x00000000801218C4] -> 0x0067
mem[X,0x00000000801218C6] -> 0x0006
[1236] [M]: 0x00000000801218C4 (0x00060067) jalr x0, 0x0(x12)                       inst_23+56

mem[X,0x000000008012190C] -> 0x0EEF
mem[X,0x000000008012190E] -> 0x00C0
[1237] [M]: 0x000000008012190C (0x00C00EEF) jal x29, 0xc                            inst_23+128
x29 <- 0x0000000080121910

clint mtime 0x000000000000026B (mip.MTI <- 0b1, mip.STI <- 0b0)
mem[X,0x0000000080121918] -> 0xCE93
mem[X,0x000000008012191A] -> 0x003E
[1238] [M]: 0x0000000080121918 (0x003ECE93) xori x29, x29, 0x3                      inst_23+140
x29 <- 0x0000000080121913

mem[X,0x000000008012191C] -> 0x0013
mem[X,0x000000008012191E] -> 0x0000
[1239] [M]: 0x000000008012191C (0x00000013) addi x0, x0, 0x0                        inst_23+144

clint mtime 0x000000000000026C (mip.MTI <- 0b1, mip.STI <- 0b0)
mem[X,0x0000000080121920] -> 0x0617
mem[X,0x0000000080121922] -> 0x0000
[1240] [M]: 0x0000000080121920 (0x00000617) auipc x12, 0x0                          inst_23+148
x12 <- 0x0000000080121920

mem[X,0x0000000080121924] -> 0x0613
mem[X,0x0000000080121926] -> 0x0246
[1241] [M]: 0x0000000080121924 (0x02460613) addi x12, x12, 0x24                     inst_23+152
x12 <- 0x0000000080121944

clint mtime 0x000000000000026D (mip.MTI <- 0b1, mip.STI <- 0b0)
mem[X,0x0000000080121928] -> 0x0001
[1242] [M]: 0x0000000080121928 (0x0001) c.nop                                       inst_23+156

mem[X,0x000000008012192A] -> 0x0013
mem[X,0x000000008012192C] -> 0x0000
[1243] [M]: 0x000000008012192A (0x00000013) addi x0, x0, 0x0                        inst_23+158

clint mtime 0x000000000000026E (mip.MTI <- 0b1, mip.STI <- 0b0)
mem[X,0x000000008012192E] -> 0x0013
mem[X,0x0000000080121930] -> 0x0000
[1244] [M]: 0x000000008012192E (0x00000013) addi x0, x0, 0x0                        inst_23+162

mem[X,0x0000000080121932] -> 0x0013
mem[X,0x0000000080121934] -> 0x0000
[1245] [M]: 0x0000000080121932 (0x00000013) addi x0, x0, 0x0                        inst_23+166

clint mtime 0x000000000000026F (mip.MTI <- 0b1, mip.STI <- 0b0)
mem[X,0x0000000080121936] -> 0x0013
mem[X,0x0000000080121938] -> 0x0000
[1246] [M]: 0x0000000080121936 (0x00000013) addi x0, x0, 0x0                        inst_23+170

mem[X,0x000000008012193A] -> 0x0013
mem[X,0x000000008012193C] -> 0x0000
[1247] [M]: 0x000000008012193A (0x00000013) addi x0, x0, 0x0                        inst_23+174

clint mtime 0x0000000000000270 (mip.MTI <- 0b1, mip.STI <- 0b0)
mem[X,0x000000008012193E] -> 0x0001
[1248] [M]: 0x000000008012193E (0x0001) c.nop                                       inst_23+178

mem[X,0x0000000080121940] -> 0x0067
mem[X,0x0000000080121942] -> 0x0006
[1249] [M]: 0x0000000080121940 (0x00060067) jalr x0, 0x0(x12)                       inst_23+180

clint mtime 0x0000000000000271 (mip.MTI <- 0b1, mip.STI <- 0b0)
mem[X,0x0000000080121944] -> 0x0013
mem[X,0x0000000080121946] -> 0x0000
[1250] [M]: 0x0000000080121944 (0x00000013) addi x0, x0, 0x0                        inst_23+184

mem[X,0x0000000080121948] -> 0x0013
mem[X,0x000000008012194A] -> 0x0000
[1251] [M]: 0x0000000080121948 (0x00000013) addi x0, x0, 0x0                        inst_23+188

clint mtime 0x0000000000000272 (mip.MTI <- 0b1, mip.STI <- 0b0)
mem[X,0x000000008012194C] -> 0x0013
mem[X,0x000000008012194E] -> 0x0000
[1252] [M]: 0x000000008012194C (0x00000013) addi x0, x0, 0x0                        inst_23+192

mem[X,0x0000000080121950] -> 0x0013
mem[X,0x0000000080121952] -> 0x0000
[1253] [M]: 0x0000000080121950 (0x00000013) addi x0, x0, 0x0                        inst_23+196

clint mtime 0x0000000000000273 (mip.MTI <- 0b1, mip.STI <- 0b0)
mem[X,0x0000000080121954] -> 0x0013
mem[X,0x0000000080121956] -> 0x0000
[1254] [M]: 0x0000000080121954 (0x00000013) addi x0, x0, 0x0                        inst_23+200

mem[X,0x0000000080121958] -> 0x0013
mem[X,0x000000008012195A] -> 0x0000
[1255] [M]: 0x0000000080121958 (0x00000013) addi x0, x0, 0x0                        inst_23+204

clint mtime 0x0000000000000274 (mip.MTI <- 0b1, mip.STI <- 0b0)
mem[X,0x000000008012195C] -> 0x0013
mem[X,0x000000008012195E] -> 0x0000
[1256] [M]: 0x000000008012195C (0x00000013) addi x0, x0, 0x0                        inst_23+208

mem[X,0x0000000080121960] -> 0x0617
mem[X,0x0000000080121962] -> 0x0000
[1257] [M]: 0x0000000080121960 (0x00000617) auipc x12, 0x0                          inst_23+212
x12 <- 0x0000000080121960

clint mtime 0x0000000000000275 (mip.MTI <- 0b1, mip.STI <- 0b0)
mem[X,0x0000000080121964] -> 0x0613
mem[X,0x0000000080121966] -> 0xF2C6
[1258] [M]: 0x0000000080121964 (0xF2C60613) addi x12, x12, -0xd4                    inst_23+216
x12 <- 0x000000008012188C

mem[X,0x0000000080121968] -> 0x0001
[1259] [M]: 0x0000000080121968 (0x0001) c.nop                                       inst_23+220

clint mtime 0x0000000000000276 (mip.MTI <- 0b1, mip.STI <- 0b0)
mem[X,0x000000008012196A] -> 0x0013
mem[X,0x000000008012196C] -> 0x0000
[1260] [M]: 0x000000008012196A (0x00000013) addi x0, x0, 0x0                        inst_23+222

mem[X,0x000000008012196E] -> 0x0013
mem[X,0x0000000080121970] -> 0x0000
[1261] [M]: 0x000000008012196E (0x00000013) addi x0, x0, 0x0                        inst_23+226

clint mtime 0x0000000000000277 (mip.MTI <- 0b1, mip.STI <- 0b0)
mem[X,0x0000000080121972] -> 0x0013
mem[X,0x0000000080121974] -> 0x0000
[1262] [M]: 0x0000000080121972 (0x00000013) addi x0, x0, 0x0                        inst_23+230

mem[X,0x0000000080121976] -> 0x0013
mem[X,0x0000000080121978] -> 0x0000
[1263] [M]: 0x0000000080121976 (0x00000013) addi x0, x0, 0x0                        inst_23+234

clint mtime 0x0000000000000278 (mip.MTI <- 0b1, mip.STI <- 0b0)
mem[X,0x000000008012197A] -> 0x0013
mem[X,0x000000008012197C] -> 0x0000
[1264] [M]: 0x000000008012197A (0x00000013) addi x0, x0, 0x0                        inst_23+238

mem[X,0x000000008012197E] -> 0x0001
[1265] [M]: 0x000000008012197E (0x0001) c.nop                                       inst_23+242

clint mtime 0x0000000000000279 (mip.MTI <- 0b1, mip.STI <- 0b0)
mem[X,0x0000000080121980] -> 0x7613
mem[X,0x0000000080121982] -> 0xFFC6
[1266] [M]: 0x0000000080121980 (0xFFC67613) andi x12, x12, -0x4                     inst_23+244
x12 <- 0x000000008012188C

mem[X,0x0000000080121984] -> 0x8EB3
mem[X,0x0000000080121986] -> 0x40CE
[1267] [M]: 0x0000000080121984 (0x40CE8EB3) sub x29, x29, x12                       inst_23+248
x29 <- 0x0000000000000087

clint mtime 0x000000000000027A (mip.MTI <- 0b1, mip.STI <- 0b0)
mem[X,0x0000000080121988] -> 0xBC23
mem[X,0x000000008012198A] -> 0x0BD3
[1268] [M]: 0x0000000080121988 (0x0BD3BC23) sd x29, 0xb8(x7)                        inst_23+252
mem[W,0x00000000801251D0] <- 0x0000000000000087

mem[X,0x000000008012198C] -> 0x0013
mem[X,0x000000008012198E] -> 0x0000
[1269] [M]: 0x000000008012198C (0x00000013) addi x0, x0, 0x0                        inst_24+0

clint mtime 0x000000000000027B (mip.MTI <- 0b1, mip.STI <- 0b0)
mem[X,0x0000000080121990] -> 0x0013
mem[X,0x0000000080121992] -> 0x0000
[1270] [M]: 0x0000000080121990 (0x00000013) addi x0, x0, 0x0                        inst_24+4

mem[X,0x0000000080121994] -> 0x0013
mem[X,0x0000000080121996] -> 0x0000
[1271] [M]: 0x0000000080121994 (0x00000013) addi x0, x0, 0x0                        inst_24+8

clint mtime 0x000000000000027C (mip.MTI <- 0b1, mip.STI <- 0b0)
mem[X,0x0000000080121998] -> 0x0013
mem[X,0x000000008012199A] -> 0x0000
[1272] [M]: 0x0000000080121998 (0x00000013) addi x0, x0, 0x0                        inst_24+12

mem[X,0x000000008012199C] -> 0x0013
mem[X,0x000000008012199E] -> 0x0000
[1273] [M]: 0x000000008012199C (0x00000013) addi x0, x0, 0x0                        inst_24+16

clint mtime 0x000000000000027D (mip.MTI <- 0b1, mip.STI <- 0b0)
mem[X,0x00000000801219A0] -> 0x0617
mem[X,0x00000000801219A2] -> 0x0000
[1274] [M]: 0x00000000801219A0 (0x00000617) auipc x12, 0x0                          inst_24+20
x12 <- 0x00000000801219A0

mem[X,0x00000000801219A4] -> 0x0613
mem[X,0x00000000801219A6] -> 0x06C6
[1275] [M]: 0x00000000801219A4 (0x06C60613) addi x12, x12, 0x6c                     inst_24+24
x12 <- 0x0000000080121A0C

clint mtime 0x000000000000027E (mip.MTI <- 0b1, mip.STI <- 0b0)
mem[X,0x00000000801219A8] -> 0x0001
[1276] [M]: 0x00000000801219A8 (0x0001) c.nop                                       inst_24+28

mem[X,0x00000000801219AA] -> 0x0013
mem[X,0x00000000801219AC] -> 0x0000
[1277] [M]: 0x00000000801219AA (0x00000013) addi x0, x0, 0x0                        inst_24+30

clint mtime 0x000000000000027F (mip.MTI <- 0b1, mip.STI <- 0b0)
mem[X,0x00000000801219AE] -> 0x0013
mem[X,0x00000000801219B0] -> 0x0000
[1278] [M]: 0x00000000801219AE (0x00000013) addi x0, x0, 0x0                        inst_24+34

mem[X,0x00000000801219B2] -> 0x0013
mem[X,0x00000000801219B4] -> 0x0000
[1279] [M]: 0x00000000801219B2 (0x00000013) addi x0, x0, 0x0                        inst_24+38

clint mtime 0x0000000000000280 (mip.MTI <- 0b1, mip.STI <- 0b0)
mem[X,0x00000000801219B6] -> 0x0013
mem[X,0x00000000801219B8] -> 0x0000
[1280] [M]: 0x00000000801219B6 (0x00000013) addi x0, x0, 0x0                        inst_24+42

mem[X,0x00000000801219BA] -> 0x0013
mem[X,0x00000000801219BC] -> 0x0000
[1281] [M]: 0x00000000801219BA (0x00000013) addi x0, x0, 0x0                        inst_24+46

clint mtime 0x0000000000000281 (mip.MTI <- 0b1, mip.STI <- 0b0)
mem[X,0x00000000801219BE] -> 0x0001
[1282] [M]: 0x00000000801219BE (0x0001) c.nop                                       inst_24+50

mem[X,0x00000000801219C0] -> 0x0813
mem[X,0x00000000801219C2] -> 0x0006
[1283] [M]: 0x00000000801219C0 (0x00060813) addi x16, x12, 0x0                      inst_24+52
x16 <- 0x0000000080121A0C

clint mtime 0x0000000000000282 (mip.MTI <- 0b1, mip.STI <- 0b0)
mem[X,0x00000000801219C4] -> 0x0067
mem[X,0x00000000801219C6] -> 0x0006
[1284] [M]: 0x00000000801219C4 (0x00060067) jalr x0, 0x0(x12)                       inst_24+56

mem[X,0x0000000080121A0C] -> 0x086F
mem[X,0x0000000080121A0E] -> 0x00C0
[1285] [M]: 0x0000000080121A0C (0x00C0086F) jal x16, 0xc                            inst_24+128
x16 <- 0x0000000080121A10

clint mtime 0x0000000000000283 (mip.MTI <- 0b1, mip.STI <- 0b0)
mem[X,0x0000000080121A18] -> 0x4813
mem[X,0x0000000080121A1A] -> 0x0038
[1286] [M]: 0x0000000080121A18 (0x00384813) xori x16, x16, 0x3                      inst_24+140
x16 <- 0x0000000080121A13

mem[X,0x0000000080121A1C] -> 0x0013
mem[X,0x0000000080121A1E] -> 0x0000
[1287] [M]: 0x0000000080121A1C (0x00000013) addi x0, x0, 0x0                        inst_24+144

clint mtime 0x0000000000000284 (mip.MTI <- 0b1, mip.STI <- 0b0)
mem[X,0x0000000080121A20] -> 0x0617
mem[X,0x0000000080121A22] -> 0x0000
[1288] [M]: 0x0000000080121A20 (0x00000617) auipc x12, 0x0                          inst_24+148
x12 <- 0x0000000080121A20

mem[X,0x0000000080121A24] -> 0x0613
mem[X,0x0000000080121A26] -> 0x0246
[1289] [M]: 0x0000000080121A24 (0x02460613) addi x12, x12, 0x24                     inst_24+152
x12 <- 0x0000000080121A44

clint mtime 0x0000000000000285 (mip.MTI <- 0b1, mip.STI <- 0b0)
mem[X,0x0000000080121A28] -> 0x0001
[1290] [M]: 0x0000000080121A28 (0x0001) c.nop                                       inst_24+156

mem[X,0x0000000080121A2A] -> 0x0013
mem[X,0x0000000080121A2C] -> 0x0000
[1291] [M]: 0x0000000080121A2A (0x00000013) addi x0, x0, 0x0                        inst_24+158

clint mtime 0x0000000000000286 (mip.MTI <- 0b1, mip.STI <- 0b0)
mem[X,0x0000000080121A2E] -> 0x0013
mem[X,0x0000000080121A30] -> 0x0000
[1292] [M]: 0x0000000080121A2E (0x00000013) addi x0, x0, 0x0                        inst_24+162

mem[X,0x0000000080121A32] -> 0x0013
mem[X,0x0000000080121A34] -> 0x0000
[1293] [M]: 0x0000000080121A32 (0x00000013) addi x0, x0, 0x0                        inst_24+166

clint mtime 0x0000000000000287 (mip.MTI <- 0b1, mip.STI <- 0b0)
mem[X,0x0000000080121A36] -> 0x0013
mem[X,0x0000000080121A38] -> 0x0000
[1294] [M]: 0x0000000080121A36 (0x00000013) addi x0, x0, 0x0                        inst_24+170

mem[X,0x0000000080121A3A] -> 0x0013
mem[X,0x0000000080121A3C] -> 0x0000
[1295] [M]: 0x0000000080121A3A (0x00000013) addi x0, x0, 0x0                        inst_24+174

clint mtime 0x0000000000000288 (mip.MTI <- 0b1, mip.STI <- 0b0)
mem[X,0x0000000080121A3E] -> 0x0001
[1296] [M]: 0x0000000080121A3E (0x0001) c.nop                                       inst_24+178

mem[X,0x0000000080121A40] -> 0x0067
mem[X,0x0000000080121A42] -> 0x0006
[1297] [M]: 0x0000000080121A40 (0x00060067) jalr x0, 0x0(x12)                       inst_24+180

clint mtime 0x0000000000000289 (mip.MTI <- 0b1, mip.STI <- 0b0)
mem[X,0x0000000080121A44] -> 0x0013
mem[X,0x0000000080121A46] -> 0x0000
[1298] [M]: 0x0000000080121A44 (0x00000013) addi x0, x0, 0x0                        inst_24+184

mem[X,0x0000000080121A48] -> 0x0013
mem[X,0x0000000080121A4A] -> 0x0000
[1299] [M]: 0x0000000080121A48 (0x00000013) addi x0, x0, 0x0                        inst_24+188

clint mtime 0x000000000000028A (mip.MTI <- 0b1, mip.STI <- 0b0)
mem[X,0x0000000080121A4C] -> 0x0013
mem[X,0x0000000080121A4E] -> 0x0000
[1300] [M]: 0x0000000080121A4C (0x00000013) addi x0, x0, 0x0                        inst_24+192

mem[X,0x0000000080121A50] -> 0x0013
mem[X,0x0000000080121A52] -> 0x0000
[1301] [M]: 0x0000000080121A50 (0x00000013) addi x0, x0, 0x0                        inst_24+196

clint mtime 0x000000000000028B (mip.MTI <- 0b1, mip.STI <- 0b0)
mem[X,0x0000000080121A54] -> 0x0013
mem[X,0x0000000080121A56] -> 0x0000
[1302] [M]: 0x0000000080121A54 (0x00000013) addi x0, x0, 0x0                        inst_24+200

mem[X,0x0000000080121A58] -> 0x0013
mem[X,0x0000000080121A5A] -> 0x0000
[1303] [M]: 0x0000000080121A58 (0x00000013) addi x0, x0, 0x0                        inst_24+204

clint mtime 0x000000000000028C (mip.MTI <- 0b1, mip.STI <- 0b0)
mem[X,0x0000000080121A5C] -> 0x0013
mem[X,0x0000000080121A5E] -> 0x0000
[1304] [M]: 0x0000000080121A5C (0x00000013) addi x0, x0, 0x0                        inst_24+208

mem[X,0x0000000080121A60] -> 0x0617
mem[X,0x0000000080121A62] -> 0x0000
[1305] [M]: 0x0000000080121A60 (0x00000617) auipc x12, 0x0                          inst_24+212
x12 <- 0x0000000080121A60

clint mtime 0x000000000000028D (mip.MTI <- 0b1, mip.STI <- 0b0)
mem[X,0x0000000080121A64] -> 0x0613
mem[X,0x0000000080121A66] -> 0xF2C6
[1306] [M]: 0x0000000080121A64 (0xF2C60613) addi x12, x12, -0xd4                    inst_24+216
x12 <- 0x000000008012198C

mem[X,0x0000000080121A68] -> 0x0001
[1307] [M]: 0x0000000080121A68 (0x0001) c.nop                                       inst_24+220

clint mtime 0x000000000000028E (mip.MTI <- 0b1, mip.STI <- 0b0)
mem[X,0x0000000080121A6A] -> 0x0013
mem[X,0x0000000080121A6C] -> 0x0000
[1308] [M]: 0x0000000080121A6A (0x00000013) addi x0, x0, 0x0                        inst_24+222

mem[X,0x0000000080121A6E] -> 0x0013
mem[X,0x0000000080121A70] -> 0x0000
[1309] [M]: 0x0000000080121A6E (0x00000013) addi x0, x0, 0x0                        inst_24+226

clint mtime 0x000000000000028F (mip.MTI <- 0b1, mip.STI <- 0b0)
mem[X,0x0000000080121A72] -> 0x0013
mem[X,0x0000000080121A74] -> 0x0000
[1310] [M]: 0x0000000080121A72 (0x00000013) addi x0, x0, 0x0                        inst_24+230

mem[X,0x0000000080121A76] -> 0x0013
mem[X,0x0000000080121A78] -> 0x0000
[1311] [M]: 0x0000000080121A76 (0x00000013) addi x0, x0, 0x0                        inst_24+234

clint mtime 0x0000000000000290 (mip.MTI <- 0b1, mip.STI <- 0b0)
mem[X,0x0000000080121A7A] -> 0x0013
mem[X,0x0000000080121A7C] -> 0x0000
[1312] [M]: 0x0000000080121A7A (0x00000013) addi x0, x0, 0x0                        inst_24+238

mem[X,0x0000000080121A7E] -> 0x0001
[1313] [M]: 0x0000000080121A7E (0x0001) c.nop                                       inst_24+242

clint mtime 0x0000000000000291 (mip.MTI <- 0b1, mip.STI <- 0b0)
mem[X,0x0000000080121A80] -> 0x7613
mem[X,0x0000000080121A82] -> 0xFFC6
[1314] [M]: 0x0000000080121A80 (0xFFC67613) andi x12, x12, -0x4                     inst_24+244
x12 <- 0x000000008012198C

mem[X,0x0000000080121A84] -> 0x0833
mem[X,0x0000000080121A86] -> 0x40C8
[1315] [M]: 0x0000000080121A84 (0x40C80833) sub x16, x16, x12                       inst_24+248
x16 <- 0x0000000000000087

clint mtime 0x0000000000000292 (mip.MTI <- 0b1, mip.STI <- 0b0)
mem[X,0x0000000080121A88] -> 0xB023
mem[X,0x0000000080121A8A] -> 0x0D03
[1316] [M]: 0x0000000080121A88 (0x0D03B023) sd x16, 0xc0(x7)                        inst_24+252
mem[W,0x00000000801251D8] <- 0x0000000000000087

mem[X,0x0000000080121A8C] -> 0x0013
mem[X,0x0000000080121A8E] -> 0x0000
[1317] [M]: 0x0000000080121A8C (0x00000013) addi x0, x0, 0x0                        inst_25+0

clint mtime 0x0000000000000293 (mip.MTI <- 0b1, mip.STI <- 0b0)
mem[X,0x0000000080121A90] -> 0x0013
mem[X,0x0000000080121A92] -> 0x0000
[1318] [M]: 0x0000000080121A90 (0x00000013) addi x0, x0, 0x0                        inst_25+4

mem[X,0x0000000080121A94] -> 0x0013
mem[X,0x0000000080121A96] -> 0x0000
[1319] [M]: 0x0000000080121A94 (0x00000013) addi x0, x0, 0x0                        inst_25+8

clint mtime 0x0000000000000294 (mip.MTI <- 0b1, mip.STI <- 0b0)
mem[X,0x0000000080121A98] -> 0x0013
mem[X,0x0000000080121A9A] -> 0x0000
[1320] [M]: 0x0000000080121A98 (0x00000013) addi x0, x0, 0x0                        inst_25+12

mem[X,0x0000000080121A9C] -> 0x0013
mem[X,0x0000000080121A9E] -> 0x0000
[1321] [M]: 0x0000000080121A9C (0x00000013) addi x0, x0, 0x0                        inst_25+16

clint mtime 0x0000000000000295 (mip.MTI <- 0b1, mip.STI <- 0b0)
mem[X,0x0000000080121AA0] -> 0x0617
mem[X,0x0000000080121AA2] -> 0x0000
[1322] [M]: 0x0000000080121AA0 (0x00000617) auipc x12, 0x0                          inst_25+20
x12 <- 0x0000000080121AA0

mem[X,0x0000000080121AA4] -> 0x0613
mem[X,0x0000000080121AA6] -> 0x06C6
[1323] [M]: 0x0000000080121AA4 (0x06C60613) addi x12, x12, 0x6c                     inst_25+24
x12 <- 0x0000000080121B0C

clint mtime 0x0000000000000296 (mip.MTI <- 0b1, mip.STI <- 0b0)
mem[X,0x0000000080121AA8] -> 0x0001
[1324] [M]: 0x0000000080121AA8 (0x0001) c.nop                                       inst_25+28

mem[X,0x0000000080121AAA] -> 0x0013
mem[X,0x0000000080121AAC] -> 0x0000
[1325] [M]: 0x0000000080121AAA (0x00000013) addi x0, x0, 0x0                        inst_25+30

clint mtime 0x0000000000000297 (mip.MTI <- 0b1, mip.STI <- 0b0)
mem[X,0x0000000080121AAE] -> 0x0013
mem[X,0x0000000080121AB0] -> 0x0000
[1326] [M]: 0x0000000080121AAE (0x00000013) addi x0, x0, 0x0                        inst_25+34

mem[X,0x0000000080121AB2] -> 0x0013
mem[X,0x0000000080121AB4] -> 0x0000
[1327] [M]: 0x0000000080121AB2 (0x00000013) addi x0, x0, 0x0                        inst_25+38

clint mtime 0x0000000000000298 (mip.MTI <- 0b1, mip.STI <- 0b0)
mem[X,0x0000000080121AB6] -> 0x0013
mem[X,0x0000000080121AB8] -> 0x0000
[1328] [M]: 0x0000000080121AB6 (0x00000013) addi x0, x0, 0x0                        inst_25+42

mem[X,0x0000000080121ABA] -> 0x0013
mem[X,0x0000000080121ABC] -> 0x0000
[1329] [M]: 0x0000000080121ABA (0x00000013) addi x0, x0, 0x0                        inst_25+46

clint mtime 0x0000000000000299 (mip.MTI <- 0b1, mip.STI <- 0b0)
mem[X,0x0000000080121ABE] -> 0x0001
[1330] [M]: 0x0000000080121ABE (0x0001) c.nop                                       inst_25+50

mem[X,0x0000000080121AC0] -> 0x0893
mem[X,0x0000000080121AC2] -> 0x0006
[1331] [M]: 0x0000000080121AC0 (0x00060893) addi x17, x12, 0x0                      inst_25+52
x17 <- 0x0000000080121B0C

clint mtime 0x000000000000029A (mip.MTI <- 0b1, mip.STI <- 0b0)
mem[X,0x0000000080121AC4] -> 0x0067
mem[X,0x0000000080121AC6] -> 0x0006
[1332] [M]: 0x0000000080121AC4 (0x00060067) jalr x0, 0x0(x12)                       inst_25+56

mem[X,0x0000000080121B0C] -> 0x08EF
mem[X,0x0000000080121B0E] -> 0x00C0
[1333] [M]: 0x0000000080121B0C (0x00C008EF) jal x17, 0xc                            inst_25+128
x17 <- 0x0000000080121B10

clint mtime 0x000000000000029B (mip.MTI <- 0b1, mip.STI <- 0b0)
mem[X,0x0000000080121B18] -> 0xC893
mem[X,0x0000000080121B1A] -> 0x0038
[1334] [M]: 0x0000000080121B18 (0x0038C893) xori x17, x17, 0x3                      inst_25+140
x17 <- 0x0000000080121B13

mem[X,0x0000000080121B1C] -> 0x0013
mem[X,0x0000000080121B1E] -> 0x0000
[1335] [M]: 0x0000000080121B1C (0x00000013) addi x0, x0, 0x0                        inst_25+144

clint mtime 0x000000000000029C (mip.MTI <- 0b1, mip.STI <- 0b0)
mem[X,0x0000000080121B20] -> 0x0617
mem[X,0x0000000080121B22] -> 0x0000
[1336] [M]: 0x0000000080121B20 (0x00000617) auipc x12, 0x0                          inst_25+148
x12 <- 0x0000000080121B20

mem[X,0x0000000080121B24] -> 0x0613
mem[X,0x0000000080121B26] -> 0x0246
[1337] [M]: 0x0000000080121B24 (0x02460613) addi x12, x12, 0x24                     inst_25+152
x12 <- 0x0000000080121B44

clint mtime 0x000000000000029D (mip.MTI <- 0b1, mip.STI <- 0b0)
mem[X,0x0000000080121B28] -> 0x0001
[1338] [M]: 0x0000000080121B28 (0x0001) c.nop                                       inst_25+156

mem[X,0x0000000080121B2A] -> 0x0013
mem[X,0x0000000080121B2C] -> 0x0000
[1339] [M]: 0x0000000080121B2A (0x00000013) addi x0, x0, 0x0                        inst_25+158

clint mtime 0x000000000000029E (mip.MTI <- 0b1, mip.STI <- 0b0)
mem[X,0x0000000080121B2E] -> 0x0013
mem[X,0x0000000080121B30] -> 0x0000
[1340] [M]: 0x0000000080121B2E (0x00000013) addi x0, x0, 0x0                        inst_25+162

mem[X,0x0000000080121B32] -> 0x0013
mem[X,0x0000000080121B34] -> 0x0000
[1341] [M]: 0x0000000080121B32 (0x00000013) addi x0, x0, 0x0                        inst_25+166

clint mtime 0x000000000000029F (mip.MTI <- 0b1, mip.STI <- 0b0)
mem[X,0x0000000080121B36] -> 0x0013
mem[X,0x0000000080121B38] -> 0x0000
[1342] [M]: 0x0000000080121B36 (0x00000013) addi x0, x0, 0x0                        inst_25+170

mem[X,0x0000000080121B3A] -> 0x0013
mem[X,0x0000000080121B3C] -> 0x0000
[1343] [M]: 0x0000000080121B3A (0x00000013) addi x0, x0, 0x0                        inst_25+174

clint mtime 0x00000000000002A0 (mip.MTI <- 0b1, mip.STI <- 0b0)
mem[X,0x0000000080121B3E] -> 0x0001
[1344] [M]: 0x0000000080121B3E (0x0001) c.nop                                       inst_25+178

mem[X,0x0000000080121B40] -> 0x0067
mem[X,0x0000000080121B42] -> 0x0006
[1345] [M]: 0x0000000080121B40 (0x00060067) jalr x0, 0x0(x12)                       inst_25+180

clint mtime 0x00000000000002A1 (mip.MTI <- 0b1, mip.STI <- 0b0)
mem[X,0x0000000080121B44] -> 0x0013
mem[X,0x0000000080121B46] -> 0x0000
[1346] [M]: 0x0000000080121B44 (0x00000013) addi x0, x0, 0x0                        inst_25+184

mem[X,0x0000000080121B48] -> 0x0013
mem[X,0x0000000080121B4A] -> 0x0000
[1347] [M]: 0x0000000080121B48 (0x00000013) addi x0, x0, 0x0                        inst_25+188

clint mtime 0x00000000000002A2 (mip.MTI <- 0b1, mip.STI <- 0b0)
mem[X,0x0000000080121B4C] -> 0x0013
mem[X,0x0000000080121B4E] -> 0x0000
[1348] [M]: 0x0000000080121B4C (0x00000013) addi x0, x0, 0x0                        inst_25+192

mem[X,0x0000000080121B50] -> 0x0013
mem[X,0x0000000080121B52] -> 0x0000
[1349] [M]: 0x0000000080121B50 (0x00000013) addi x0, x0, 0x0                        inst_25+196

clint mtime 0x00000000000002A3 (mip.MTI <- 0b1, mip.STI <- 0b0)
mem[X,0x0000000080121B54] -> 0x0013
mem[X,0x0000000080121B56] -> 0x0000
[1350] [M]: 0x0000000080121B54 (0x00000013) addi x0, x0, 0x0                        inst_25+200

mem[X,0x0000000080121B58] -> 0x0013
mem[X,0x0000000080121B5A] -> 0x0000
[1351] [M]: 0x0000000080121B58 (0x00000013) addi x0, x0, 0x0                        inst_25+204

clint mtime 0x00000000000002A4 (mip.MTI <- 0b1, mip.STI <- 0b0)
mem[X,0x0000000080121B5C] -> 0x0013
mem[X,0x0000000080121B5E] -> 0x0000
[1352] [M]: 0x0000000080121B5C (0x00000013) addi x0, x0, 0x0                        inst_25+208

mem[X,0x0000000080121B60] -> 0x0617
mem[X,0x0000000080121B62] -> 0x0000
[1353] [M]: 0x0000000080121B60 (0x00000617) auipc x12, 0x0                          inst_25+212
x12 <- 0x0000000080121B60

clint mtime 0x00000000000002A5 (mip.MTI <- 0b1, mip.STI <- 0b0)
mem[X,0x0000000080121B64] -> 0x0613
mem[X,0x0000000080121B66] -> 0xF2C6
[1354] [M]: 0x0000000080121B64 (0xF2C60613) addi x12, x12, -0xd4                    inst_25+216
x12 <- 0x0000000080121A8C

mem[X,0x0000000080121B68] -> 0x0001
[1355] [M]: 0x0000000080121B68 (0x0001) c.nop                                       inst_25+220

clint mtime 0x00000000000002A6 (mip.MTI <- 0b1, mip.STI <- 0b0)
mem[X,0x0000000080121B6A] -> 0x0013
mem[X,0x0000000080121B6C] -> 0x0000
[1356] [M]: 0x0000000080121B6A (0x00000013) addi x0, x0, 0x0                        inst_25+222

mem[X,0x0000000080121B6E] -> 0x0013
mem[X,0x0000000080121B70] -> 0x0000
[1357] [M]: 0x0000000080121B6E (0x00000013) addi x0, x0, 0x0                        inst_25+226

clint mtime 0x00000000000002A7 (mip.MTI <- 0b1, mip.STI <- 0b0)
mem[X,0x0000000080121B72] -> 0x0013
mem[X,0x0000000080121B74] -> 0x0000
[1358] [M]: 0x0000000080121B72 (0x00000013) addi x0, x0, 0x0                        inst_25+230

mem[X,0x0000000080121B76] -> 0x0013
mem[X,0x0000000080121B78] -> 0x0000
[1359] [M]: 0x0000000080121B76 (0x00000013) addi x0, x0, 0x0                        inst_25+234

clint mtime 0x00000000000002A8 (mip.MTI <- 0b1, mip.STI <- 0b0)
mem[X,0x0000000080121B7A] -> 0x0013
mem[X,0x0000000080121B7C] -> 0x0000
[1360] [M]: 0x0000000080121B7A (0x00000013) addi x0, x0, 0x0                        inst_25+238

mem[X,0x0000000080121B7E] -> 0x0001
[1361] [M]: 0x0000000080121B7E (0x0001) c.nop                                       inst_25+242

clint mtime 0x00000000000002A9 (mip.MTI <- 0b1, mip.STI <- 0b0)
mem[X,0x0000000080121B80] -> 0x7613
mem[X,0x0000000080121B82] -> 0xFFC6
[1362] [M]: 0x0000000080121B80 (0xFFC67613) andi x12, x12, -0x4                     inst_25+244
x12 <- 0x0000000080121A8C

mem[X,0x0000000080121B84] -> 0x88B3
mem[X,0x0000000080121B86] -> 0x40C8
[1363] [M]: 0x0000000080121B84 (0x40C888B3) sub x17, x17, x12                       inst_25+248
x17 <- 0x0000000000000087

clint mtime 0x00000000000002AA (mip.MTI <- 0b1, mip.STI <- 0b0)
mem[X,0x0000000080121B88] -> 0xB423
mem[X,0x0000000080121B8A] -> 0x0D13
[1364] [M]: 0x0000000080121B88 (0x0D13B423) sd x17, 0xc8(x7)                        inst_25+252
mem[W,0x00000000801251E0] <- 0x0000000000000087

mem[X,0x0000000080121B8C] -> 0x0013
mem[X,0x0000000080121B8E] -> 0x0000
[1365] [M]: 0x0000000080121B8C (0x00000013) addi x0, x0, 0x0                        inst_26+0

clint mtime 0x00000000000002AB (mip.MTI <- 0b1, mip.STI <- 0b0)
mem[X,0x0000000080121B90] -> 0x0013
mem[X,0x0000000080121B92] -> 0x0000
[1366] [M]: 0x0000000080121B90 (0x00000013) addi x0, x0, 0x0                        inst_26+4

mem[X,0x0000000080121B94] -> 0x0013
mem[X,0x0000000080121B96] -> 0x0000
[1367] [M]: 0x0000000080121B94 (0x00000013) addi x0, x0, 0x0                        inst_26+8

clint mtime 0x00000000000002AC (mip.MTI <- 0b1, mip.STI <- 0b0)
mem[X,0x0000000080121B98] -> 0x0013
mem[X,0x0000000080121B9A] -> 0x0000
[1368] [M]: 0x0000000080121B98 (0x00000013) addi x0, x0, 0x0                        inst_26+12

mem[X,0x0000000080121B9C] -> 0x0013
mem[X,0x0000000080121B9E] -> 0x0000
[1369] [M]: 0x0000000080121B9C (0x00000013) addi x0, x0, 0x0                        inst_26+16

clint mtime 0x00000000000002AD (mip.MTI <- 0b1, mip.STI <- 0b0)
mem[X,0x0000000080121BA0] -> 0x0617
mem[X,0x0000000080121BA2] -> 0x0000
[1370] [M]: 0x0000000080121BA0 (0x00000617) auipc x12, 0x0                          inst_26+20
x12 <- 0x0000000080121BA0

mem[X,0x0000000080121BA4] -> 0x0613
mem[X,0x0000000080121BA6] -> 0x06C6
[1371] [M]: 0x0000000080121BA4 (0x06C60613) addi x12, x12, 0x6c                     inst_26+24
x12 <- 0x0000000080121C0C

clint mtime 0x00000000000002AE (mip.MTI <- 0b1, mip.STI <- 0b0)
mem[X,0x0000000080121BA8] -> 0x0001
[1372] [M]: 0x0000000080121BA8 (0x0001) c.nop                                       inst_26+28

mem[X,0x0000000080121BAA] -> 0x0013
mem[X,0x0000000080121BAC] -> 0x0000
[1373] [M]: 0x0000000080121BAA (0x00000013) addi x0, x0, 0x0                        inst_26+30

clint mtime 0x00000000000002AF (mip.MTI <- 0b1, mip.STI <- 0b0)
mem[X,0x0000000080121BAE] -> 0x0013
mem[X,0x0000000080121BB0] -> 0x0000
[1374] [M]: 0x0000000080121BAE (0x00000013) addi x0, x0, 0x0                        inst_26+34

mem[X,0x0000000080121BB2] -> 0x0013
mem[X,0x0000000080121BB4] -> 0x0000
[1375] [M]: 0x0000000080121BB2 (0x00000013) addi x0, x0, 0x0                        inst_26+38

clint mtime 0x00000000000002B0 (mip.MTI <- 0b1, mip.STI <- 0b0)
mem[X,0x0000000080121BB6] -> 0x0013
mem[X,0x0000000080121BB8] -> 0x0000
[1376] [M]: 0x0000000080121BB6 (0x00000013) addi x0, x0, 0x0                        inst_26+42

mem[X,0x0000000080121BBA] -> 0x0013
mem[X,0x0000000080121BBC] -> 0x0000
[1377] [M]: 0x0000000080121BBA (0x00000013) addi x0, x0, 0x0                        inst_26+46

clint mtime 0x00000000000002B1 (mip.MTI <- 0b1, mip.STI <- 0b0)
mem[X,0x0000000080121BBE] -> 0x0001
[1378] [M]: 0x0000000080121BBE (0x0001) c.nop                                       inst_26+50

mem[X,0x0000000080121BC0] -> 0x0A13
mem[X,0x0000000080121BC2] -> 0x0006
[1379] [M]: 0x0000000080121BC0 (0x00060A13) addi x20, x12, 0x0                      inst_26+52
x20 <- 0x0000000080121C0C

clint mtime 0x00000000000002B2 (mip.MTI <- 0b1, mip.STI <- 0b0)
mem[X,0x0000000080121BC4] -> 0x0067
mem[X,0x0000000080121BC6] -> 0x0006
[1380] [M]: 0x0000000080121BC4 (0x00060067) jalr x0, 0x0(x12)                       inst_26+56

mem[X,0x0000000080121C0C] -> 0x0A6F
mem[X,0x0000000080121C0E] -> 0x00C0
[1381] [M]: 0x0000000080121C0C (0x00C00A6F) jal x20, 0xc                            inst_26+128
x20 <- 0x0000000080121C10

clint mtime 0x00000000000002B3 (mip.MTI <- 0b1, mip.STI <- 0b0)
mem[X,0x0000000080121C18] -> 0x4A13
mem[X,0x0000000080121C1A] -> 0x003A
[1382] [M]: 0x0000000080121C18 (0x003A4A13) xori x20, x20, 0x3                      inst_26+140
x20 <- 0x0000000080121C13

mem[X,0x0000000080121C1C] -> 0x0013
mem[X,0x0000000080121C1E] -> 0x0000
[1383] [M]: 0x0000000080121C1C (0x00000013) addi x0, x0, 0x0                        inst_26+144

clint mtime 0x00000000000002B4 (mip.MTI <- 0b1, mip.STI <- 0b0)
mem[X,0x0000000080121C20] -> 0x0617
mem[X,0x0000000080121C22] -> 0x0000
[1384] [M]: 0x0000000080121C20 (0x00000617) auipc x12, 0x0                          inst_26+148
x12 <- 0x0000000080121C20

mem[X,0x0000000080121C24] -> 0x0613
mem[X,0x0000000080121C26] -> 0x0246
[1385] [M]: 0x0000000080121C24 (0x02460613) addi x12, x12, 0x24                     inst_26+152
x12 <- 0x0000000080121C44

clint mtime 0x00000000000002B5 (mip.MTI <- 0b1, mip.STI <- 0b0)
mem[X,0x0000000080121C28] -> 0x0001
[1386] [M]: 0x0000000080121C28 (0x0001) c.nop                                       inst_26+156

mem[X,0x0000000080121C2A] -> 0x0013
mem[X,0x0000000080121C2C] -> 0x0000
[1387] [M]: 0x0000000080121C2A (0x00000013) addi x0, x0, 0x0                        inst_26+158

clint mtime 0x00000000000002B6 (mip.MTI <- 0b1, mip.STI <- 0b0)
mem[X,0x0000000080121C2E] -> 0x0013
mem[X,0x0000000080121C30] -> 0x0000
[1388] [M]: 0x0000000080121C2E (0x00000013) addi x0, x0, 0x0                        inst_26+162

mem[X,0x0000000080121C32] -> 0x0013
mem[X,0x0000000080121C34] -> 0x0000
[1389] [M]: 0x0000000080121C32 (0x00000013) addi x0, x0, 0x0                        inst_26+166

clint mtime 0x00000000000002B7 (mip.MTI <- 0b1, mip.STI <- 0b0)
mem[X,0x0000000080121C36] -> 0x0013
mem[X,0x0000000080121C38] -> 0x0000
[1390] [M]: 0x0000000080121C36 (0x00000013) addi x0, x0, 0x0                        inst_26+170

mem[X,0x0000000080121C3A] -> 0x0013
mem[X,0x0000000080121C3C] -> 0x0000
[1391] [M]: 0x0000000080121C3A (0x00000013) addi x0, x0, 0x0                        inst_26+174

clint mtime 0x00000000000002B8 (mip.MTI <- 0b1, mip.STI <- 0b0)
mem[X,0x0000000080121C3E] -> 0x0001
[1392] [M]: 0x0000000080121C3E (0x0001) c.nop                                       inst_26+178

mem[X,0x0000000080121C40] -> 0x0067
mem[X,0x0000000080121C42] -> 0x0006
[1393] [M]: 0x0000000080121C40 (0x00060067) jalr x0, 0x0(x12)                       inst_26+180

clint mtime 0x00000000000002B9 (mip.MTI <- 0b1, mip.STI <- 0b0)
mem[X,0x0000000080121C44] -> 0x0013
mem[X,0x0000000080121C46] -> 0x0000
[1394] [M]: 0x0000000080121C44 (0x00000013) addi x0, x0, 0x0                        inst_26+184

mem[X,0x0000000080121C48] -> 0x0013
mem[X,0x0000000080121C4A] -> 0x0000
[1395] [M]: 0x0000000080121C48 (0x00000013) addi x0, x0, 0x0                        inst_26+188

clint mtime 0x00000000000002BA (mip.MTI <- 0b1, mip.STI <- 0b0)
mem[X,0x0000000080121C4C] -> 0x0013
mem[X,0x0000000080121C4E] -> 0x0000
[1396] [M]: 0x0000000080121C4C (0x00000013) addi x0, x0, 0x0                        inst_26+192

mem[X,0x0000000080121C50] -> 0x0013
mem[X,0x0000000080121C52] -> 0x0000
[1397] [M]: 0x0000000080121C50 (0x00000013) addi x0, x0, 0x0                        inst_26+196

clint mtime 0x00000000000002BB (mip.MTI <- 0b1, mip.STI <- 0b0)
mem[X,0x0000000080121C54] -> 0x0013
mem[X,0x0000000080121C56] -> 0x0000
[1398] [M]: 0x0000000080121C54 (0x00000013) addi x0, x0, 0x0                        inst_26+200

mem[X,0x0000000080121C58] -> 0x0013
mem[X,0x0000000080121C5A] -> 0x0000
[1399] [M]: 0x0000000080121C58 (0x00000013) addi x0, x0, 0x0                        inst_26+204

clint mtime 0x00000000000002BC (mip.MTI <- 0b1, mip.STI <- 0b0)
mem[X,0x0000000080121C5C] -> 0x0013
mem[X,0x0000000080121C5E] -> 0x0000
[1400] [M]: 0x0000000080121C5C (0x00000013) addi x0, x0, 0x0                        inst_26+208

mem[X,0x0000000080121C60] -> 0x0617
mem[X,0x0000000080121C62] -> 0x0000
[1401] [M]: 0x0000000080121C60 (0x00000617) auipc x12, 0x0                          inst_26+212
x12 <- 0x0000000080121C60

clint mtime 0x00000000000002BD (mip.MTI <- 0b1, mip.STI <- 0b0)
mem[X,0x0000000080121C64] -> 0x0613
mem[X,0x0000000080121C66] -> 0xF2C6
[1402] [M]: 0x0000000080121C64 (0xF2C60613) addi x12, x12, -0xd4                    inst_26+216
x12 <- 0x0000000080121B8C

mem[X,0x0000000080121C68] -> 0x0001
[1403] [M]: 0x0000000080121C68 (0x0001) c.nop                                       inst_26+220

clint mtime 0x00000000000002BE (mip.MTI <- 0b1, mip.STI <- 0b0)
mem[X,0x0000000080121C6A] -> 0x0013
mem[X,0x0000000080121C6C] -> 0x0000
[1404] [M]: 0x0000000080121C6A (0x00000013) addi x0, x0, 0x0                        inst_26+222

mem[X,0x0000000080121C6E] -> 0x0013
mem[X,0x0000000080121C70] -> 0x0000
[1405] [M]: 0x0000000080121C6E (0x00000013) addi x0, x0, 0x0                        inst_26+226

clint mtime 0x00000000000002BF (mip.MTI <- 0b1, mip.STI <- 0b0)
mem[X,0x0000000080121C72] -> 0x0013
mem[X,0x0000000080121C74] -> 0x0000
[1406] [M]: 0x0000000080121C72 (0x00000013) addi x0, x0, 0x0                        inst_26+230

mem[X,0x0000000080121C76] -> 0x0013
mem[X,0x0000000080121C78] -> 0x0000
[1407] [M]: 0x0000000080121C76 (0x00000013) addi x0, x0, 0x0                        inst_26+234

clint mtime 0x00000000000002C0 (mip.MTI <- 0b1, mip.STI <- 0b0)
mem[X,0x0000000080121C7A] -> 0x0013
mem[X,0x0000000080121C7C] -> 0x0000
[1408] [M]: 0x0000000080121C7A (0x00000013) addi x0, x0, 0x0                        inst_26+238

mem[X,0x0000000080121C7E] -> 0x0001
[1409] [M]: 0x0000000080121C7E (0x0001) c.nop                                       inst_26+242

clint mtime 0x00000000000002C1 (mip.MTI <- 0b1, mip.STI <- 0b0)
mem[X,0x0000000080121C80] -> 0x7613
mem[X,0x0000000080121C82] -> 0xFFC6
[1410] [M]: 0x0000000080121C80 (0xFFC67613) andi x12, x12, -0x4                     inst_26+244
x12 <- 0x0000000080121B8C

mem[X,0x0000000080121C84] -> 0x0A33
mem[X,0x0000000080121C86] -> 0x40CA
[1411] [M]: 0x0000000080121C84 (0x40CA0A33) sub x20, x20, x12                       inst_26+248
x20 <- 0x0000000000000087

clint mtime 0x00000000000002C2 (mip.MTI <- 0b1, mip.STI <- 0b0)
mem[X,0x0000000080121C88] -> 0xB823
mem[X,0x0000000080121C8A] -> 0x0D43
[1412] [M]: 0x0000000080121C88 (0x0D43B823) sd x20, 0xd0(x7)                        inst_26+252
mem[W,0x00000000801251E8] <- 0x0000000000000087

mem[X,0x0000000080121C8C] -> 0x0013
mem[X,0x0000000080121C8E] -> 0x0000
[1413] [M]: 0x0000000080121C8C (0x00000013) addi x0, x0, 0x0                        inst_27+0

clint mtime 0x00000000000002C3 (mip.MTI <- 0b1, mip.STI <- 0b0)
mem[X,0x0000000080121C90] -> 0x0013
mem[X,0x0000000080121C92] -> 0x0000
[1414] [M]: 0x0000000080121C90 (0x00000013) addi x0, x0, 0x0                        inst_27+4

mem[X,0x0000000080121C94] -> 0x0013
mem[X,0x0000000080121C96] -> 0x0000
[1415] [M]: 0x0000000080121C94 (0x00000013) addi x0, x0, 0x0                        inst_27+8

clint mtime 0x00000000000002C4 (mip.MTI <- 0b1, mip.STI <- 0b0)
mem[X,0x0000000080121C98] -> 0x0013
mem[X,0x0000000080121C9A] -> 0x0000
[1416] [M]: 0x0000000080121C98 (0x00000013) addi x0, x0, 0x0                        inst_27+12

mem[X,0x0000000080121C9C] -> 0x0013
mem[X,0x0000000080121C9E] -> 0x0000
[1417] [M]: 0x0000000080121C9C (0x00000013) addi x0, x0, 0x0                        inst_27+16

clint mtime 0x00000000000002C5 (mip.MTI <- 0b1, mip.STI <- 0b0)
mem[X,0x0000000080121CA0] -> 0x0617
mem[X,0x0000000080121CA2] -> 0x0000
[1418] [M]: 0x0000000080121CA0 (0x00000617) auipc x12, 0x0                          inst_27+20
x12 <- 0x0000000080121CA0

mem[X,0x0000000080121CA4] -> 0x0613
mem[X,0x0000000080121CA6] -> 0x06C6
[1419] [M]: 0x0000000080121CA4 (0x06C60613) addi x12, x12, 0x6c                     inst_27+24
x12 <- 0x0000000080121D0C

clint mtime 0x00000000000002C6 (mip.MTI <- 0b1, mip.STI <- 0b0)
mem[X,0x0000000080121CA8] -> 0x0001
[1420] [M]: 0x0000000080121CA8 (0x0001) c.nop                                       inst_27+28

mem[X,0x0000000080121CAA] -> 0x0013
mem[X,0x0000000080121CAC] -> 0x0000
[1421] [M]: 0x0000000080121CAA (0x00000013) addi x0, x0, 0x0                        inst_27+30

clint mtime 0x00000000000002C7 (mip.MTI <- 0b1, mip.STI <- 0b0)
mem[X,0x0000000080121CAE] -> 0x0013
mem[X,0x0000000080121CB0] -> 0x0000
[1422] [M]: 0x0000000080121CAE (0x00000013) addi x0, x0, 0x0                        inst_27+34

mem[X,0x0000000080121CB2] -> 0x0013
mem[X,0x0000000080121CB4] -> 0x0000
[1423] [M]: 0x0000000080121CB2 (0x00000013) addi x0, x0, 0x0                        inst_27+38

clint mtime 0x00000000000002C8 (mip.MTI <- 0b1, mip.STI <- 0b0)
mem[X,0x0000000080121CB6] -> 0x0013
mem[X,0x0000000080121CB8] -> 0x0000
[1424] [M]: 0x0000000080121CB6 (0x00000013) addi x0, x0, 0x0                        inst_27+42

mem[X,0x0000000080121CBA] -> 0x0013
mem[X,0x0000000080121CBC] -> 0x0000
[1425] [M]: 0x0000000080121CBA (0x00000013) addi x0, x0, 0x0                        inst_27+46

clint mtime 0x00000000000002C9 (mip.MTI <- 0b1, mip.STI <- 0b0)
mem[X,0x0000000080121CBE] -> 0x0001
[1426] [M]: 0x0000000080121CBE (0x0001) c.nop                                       inst_27+50

mem[X,0x0000000080121CC0] -> 0x0C93
mem[X,0x0000000080121CC2] -> 0x0006
[1427] [M]: 0x0000000080121CC0 (0x00060C93) addi x25, x12, 0x0                      inst_27+52
x25 <- 0x0000000080121D0C

clint mtime 0x00000000000002CA (mip.MTI <- 0b1, mip.STI <- 0b0)
mem[X,0x0000000080121CC4] -> 0x0067
mem[X,0x0000000080121CC6] -> 0x0006
[1428] [M]: 0x0000000080121CC4 (0x00060067) jalr x0, 0x0(x12)                       inst_27+56

mem[X,0x0000000080121D0C] -> 0x0CEF
mem[X,0x0000000080121D0E] -> 0x00C0
[1429] [M]: 0x0000000080121D0C (0x00C00CEF) jal x25, 0xc                            inst_27+128
x25 <- 0x0000000080121D10

clint mtime 0x00000000000002CB (mip.MTI <- 0b1, mip.STI <- 0b0)
mem[X,0x0000000080121D18] -> 0xCC93
mem[X,0x0000000080121D1A] -> 0x003C
[1430] [M]: 0x0000000080121D18 (0x003CCC93) xori x25, x25, 0x3                      inst_27+140
x25 <- 0x0000000080121D13

mem[X,0x0000000080121D1C] -> 0x0013
mem[X,0x0000000080121D1E] -> 0x0000
[1431] [M]: 0x0000000080121D1C (0x00000013) addi x0, x0, 0x0                        inst_27+144

clint mtime 0x00000000000002CC (mip.MTI <- 0b1, mip.STI <- 0b0)
mem[X,0x0000000080121D20] -> 0x0617
mem[X,0x0000000080121D22] -> 0x0000
[1432] [M]: 0x0000000080121D20 (0x00000617) auipc x12, 0x0                          inst_27+148
x12 <- 0x0000000080121D20

mem[X,0x0000000080121D24] -> 0x0613
mem[X,0x0000000080121D26] -> 0x0246
[1433] [M]: 0x0000000080121D24 (0x02460613) addi x12, x12, 0x24                     inst_27+152
x12 <- 0x0000000080121D44

clint mtime 0x00000000000002CD (mip.MTI <- 0b1, mip.STI <- 0b0)
mem[X,0x0000000080121D28] -> 0x0001
[1434] [M]: 0x0000000080121D28 (0x0001) c.nop                                       inst_27+156

mem[X,0x0000000080121D2A] -> 0x0013
mem[X,0x0000000080121D2C] -> 0x0000
[1435] [M]: 0x0000000080121D2A (0x00000013) addi x0, x0, 0x0                        inst_27+158

clint mtime 0x00000000000002CE (mip.MTI <- 0b1, mip.STI <- 0b0)
mem[X,0x0000000080121D2E] -> 0x0013
mem[X,0x0000000080121D30] -> 0x0000
[1436] [M]: 0x0000000080121D2E (0x00000013) addi x0, x0, 0x0                        inst_27+162

mem[X,0x0000000080121D32] -> 0x0013
mem[X,0x0000000080121D34] -> 0x0000
[1437] [M]: 0x0000000080121D32 (0x00000013) addi x0, x0, 0x0                        inst_27+166

clint mtime 0x00000000000002CF (mip.MTI <- 0b1, mip.STI <- 0b0)
mem[X,0x0000000080121D36] -> 0x0013
mem[X,0x0000000080121D38] -> 0x0000
[1438] [M]: 0x0000000080121D36 (0x00000013) addi x0, x0, 0x0                        inst_27+170

mem[X,0x0000000080121D3A] -> 0x0013
mem[X,0x0000000080121D3C] -> 0x0000
[1439] [M]: 0x0000000080121D3A (0x00000013) addi x0, x0, 0x0                        inst_27+174

clint mtime 0x00000000000002D0 (mip.MTI <- 0b1, mip.STI <- 0b0)
mem[X,0x0000000080121D3E] -> 0x0001
[1440] [M]: 0x0000000080121D3E (0x0001) c.nop                                       inst_27+178

mem[X,0x0000000080121D40] -> 0x0067
mem[X,0x0000000080121D42] -> 0x0006
[1441] [M]: 0x0000000080121D40 (0x00060067) jalr x0, 0x0(x12)                       inst_27+180

clint mtime 0x00000000000002D1 (mip.MTI <- 0b1, mip.STI <- 0b0)
mem[X,0x0000000080121D44] -> 0x0013
mem[X,0x0000000080121D46] -> 0x0000
[1442] [M]: 0x0000000080121D44 (0x00000013) addi x0, x0, 0x0                        inst_27+184

mem[X,0x0000000080121D48] -> 0x0013
mem[X,0x0000000080121D4A] -> 0x0000
[1443] [M]: 0x0000000080121D48 (0x00000013) addi x0, x0, 0x0                        inst_27+188

clint mtime 0x00000000000002D2 (mip.MTI <- 0b1, mip.STI <- 0b0)
mem[X,0x0000000080121D4C] -> 0x0013
mem[X,0x0000000080121D4E] -> 0x0000
[1444] [M]: 0x0000000080121D4C (0x00000013) addi x0, x0, 0x0                        inst_27+192

mem[X,0x0000000080121D50] -> 0x0013
mem[X,0x0000000080121D52] -> 0x0000
[1445] [M]: 0x0000000080121D50 (0x00000013) addi x0, x0, 0x0                        inst_27+196

clint mtime 0x00000000000002D3 (mip.MTI <- 0b1, mip.STI <- 0b0)
mem[X,0x0000000080121D54] -> 0x0013
mem[X,0x0000000080121D56] -> 0x0000
[1446] [M]: 0x0000000080121D54 (0x00000013) addi x0, x0, 0x0                        inst_27+200

mem[X,0x0000000080121D58] -> 0x0013
mem[X,0x0000000080121D5A] -> 0x0000
[1447] [M]: 0x0000000080121D58 (0x00000013) addi x0, x0, 0x0                        inst_27+204

clint mtime 0x00000000000002D4 (mip.MTI <- 0b1, mip.STI <- 0b0)
mem[X,0x0000000080121D5C] -> 0x0013
mem[X,0x0000000080121D5E] -> 0x0000
[1448] [M]: 0x0000000080121D5C (0x00000013) addi x0, x0, 0x0                        inst_27+208

mem[X,0x0000000080121D60] -> 0x0617
mem[X,0x0000000080121D62] -> 0x0000
[1449] [M]: 0x0000000080121D60 (0x00000617) auipc x12, 0x0                          inst_27+212
x12 <- 0x0000000080121D60

clint mtime 0x00000000000002D5 (mip.MTI <- 0b1, mip.STI <- 0b0)
mem[X,0x0000000080121D64] -> 0x0613
mem[X,0x0000000080121D66] -> 0xF2C6
[1450] [M]: 0x0000000080121D64 (0xF2C60613) addi x12, x12, -0xd4                    inst_27+216
x12 <- 0x0000000080121C8C

mem[X,0x0000000080121D68] -> 0x0001
[1451] [M]: 0x0000000080121D68 (0x0001) c.nop                                       inst_27+220

clint mtime 0x00000000000002D6 (mip.MTI <- 0b1, mip.STI <- 0b0)
mem[X,0x0000000080121D6A] -> 0x0013
mem[X,0x0000000080121D6C] -> 0x0000
[1452] [M]: 0x0000000080121D6A (0x00000013) addi x0, x0, 0x0                        inst_27+222

mem[X,0x0000000080121D6E] -> 0x0013
mem[X,0x0000000080121D70] -> 0x0000
[1453] [M]: 0x0000000080121D6E (0x00000013) addi x0, x0, 0x0                        inst_27+226

clint mtime 0x00000000000002D7 (mip.MTI <- 0b1, mip.STI <- 0b0)
mem[X,0x0000000080121D72] -> 0x0013
mem[X,0x0000000080121D74] -> 0x0000
[1454] [M]: 0x0000000080121D72 (0x00000013) addi x0, x0, 0x0                        inst_27+230

mem[X,0x0000000080121D76] -> 0x0013
mem[X,0x0000000080121D78] -> 0x0000
[1455] [M]: 0x0000000080121D76 (0x00000013) addi x0, x0, 0x0                        inst_27+234

clint mtime 0x00000000000002D8 (mip.MTI <- 0b1, mip.STI <- 0b0)
mem[X,0x0000000080121D7A] -> 0x0013
mem[X,0x0000000080121D7C] -> 0x0000
[1456] [M]: 0x0000000080121D7A (0x00000013) addi x0, x0, 0x0                        inst_27+238

mem[X,0x0000000080121D7E] -> 0x0001
[1457] [M]: 0x0000000080121D7E (0x0001) c.nop                                       inst_27+242

clint mtime 0x00000000000002D9 (mip.MTI <- 0b1, mip.STI <- 0b0)
mem[X,0x0000000080121D80] -> 0x7613
mem[X,0x0000000080121D82] -> 0xFFC6
[1458] [M]: 0x0000000080121D80 (0xFFC67613) andi x12, x12, -0x4                     inst_27+244
x12 <- 0x0000000080121C8C

mem[X,0x0000000080121D84] -> 0x8CB3
mem[X,0x0000000080121D86] -> 0x40CC
[1459] [M]: 0x0000000080121D84 (0x40CC8CB3) sub x25, x25, x12                       inst_27+248
x25 <- 0x0000000000000087

clint mtime 0x00000000000002DA (mip.MTI <- 0b1, mip.STI <- 0b0)
mem[X,0x0000000080121D88] -> 0xBC23
mem[X,0x0000000080121D8A] -> 0x0D93
[1460] [M]: 0x0000000080121D88 (0x0D93BC23) sd x25, 0xd8(x7)                        inst_27+252
mem[W,0x00000000801251F0] <- 0x0000000000000087

mem[X,0x0000000080121D8C] -> 0x0013
mem[X,0x0000000080121D8E] -> 0x0000
[1461] [M]: 0x0000000080121D8C (0x00000013) addi x0, x0, 0x0                        inst_28+0

clint mtime 0x00000000000002DB (mip.MTI <- 0b1, mip.STI <- 0b0)
mem[X,0x0000000080121D90] -> 0x0013
mem[X,0x0000000080121D92] -> 0x0000
[1462] [M]: 0x0000000080121D90 (0x00000013) addi x0, x0, 0x0                        inst_28+4

mem[X,0x0000000080121D94] -> 0x0013
mem[X,0x0000000080121D96] -> 0x0000
[1463] [M]: 0x0000000080121D94 (0x00000013) addi x0, x0, 0x0                        inst_28+8

clint mtime 0x00000000000002DC (mip.MTI <- 0b1, mip.STI <- 0b0)
mem[X,0x0000000080121D98] -> 0x0013
mem[X,0x0000000080121D9A] -> 0x0000
[1464] [M]: 0x0000000080121D98 (0x00000013) addi x0, x0, 0x0                        inst_28+12

mem[X,0x0000000080121D9C] -> 0x0013
mem[X,0x0000000080121D9E] -> 0x0000
[1465] [M]: 0x0000000080121D9C (0x00000013) addi x0, x0, 0x0                        inst_28+16

clint mtime 0x00000000000002DD (mip.MTI <- 0b1, mip.STI <- 0b0)
mem[X,0x0000000080121DA0] -> 0x0117
mem[X,0x0000000080121DA2] -> 0x0000
[1466] [M]: 0x0000000080121DA0 (0x00000117) auipc x2, 0x0                           inst_28+20
x2 <- 0x0000000080121DA0

mem[X,0x0000000080121DA4] -> 0x0113
mem[X,0x0000000080121DA6] -> 0x06C1
[1467] [M]: 0x0000000080121DA4 (0x06C10113) addi x2, x2, 0x6c                       inst_28+24
x2 <- 0x0000000080121E0C

clint mtime 0x00000000000002DE (mip.MTI <- 0b1, mip.STI <- 0b0)
mem[X,0x0000000080121DA8] -> 0x0001
[1468] [M]: 0x0000000080121DA8 (0x0001) c.nop                                       inst_28+28

mem[X,0x0000000080121DAA] -> 0x0013
mem[X,0x0000000080121DAC] -> 0x0000
[1469] [M]: 0x0000000080121DAA (0x00000013) addi x0, x0, 0x0                        inst_28+30

clint mtime 0x00000000000002DF (mip.MTI <- 0b1, mip.STI <- 0b0)
mem[X,0x0000000080121DAE] -> 0x0013
mem[X,0x0000000080121DB0] -> 0x0000
[1470] [M]: 0x0000000080121DAE (0x00000013) addi x0, x0, 0x0                        inst_28+34

mem[X,0x0000000080121DB2] -> 0x0013
mem[X,0x0000000080121DB4] -> 0x0000
[1471] [M]: 0x0000000080121DB2 (0x00000013) addi x0, x0, 0x0                        inst_28+38

clint mtime 0x00000000000002E0 (mip.MTI <- 0b1, mip.STI <- 0b0)
mem[X,0x0000000080121DB6] -> 0x0013
mem[X,0x0000000080121DB8] -> 0x0000
[1472] [M]: 0x0000000080121DB6 (0x00000013) addi x0, x0, 0x0                        inst_28+42

mem[X,0x0000000080121DBA] -> 0x0013
mem[X,0x0000000080121DBC] -> 0x0000
[1473] [M]: 0x0000000080121DBA (0x00000013) addi x0, x0, 0x0                        inst_28+46

clint mtime 0x00000000000002E1 (mip.MTI <- 0b1, mip.STI <- 0b0)
mem[X,0x0000000080121DBE] -> 0x0001
[1474] [M]: 0x0000000080121DBE (0x0001) c.nop                                       inst_28+50

mem[X,0x0000000080121DC0] -> 0x0613
mem[X,0x0000000080121DC2] -> 0x0001
[1475] [M]: 0x0000000080121DC0 (0x00010613) addi x12, x2, 0x0                       inst_28+52
x12 <- 0x0000000080121E0C

clint mtime 0x00000000000002E2 (mip.MTI <- 0b1, mip.STI <- 0b0)
mem[X,0x0000000080121DC4] -> 0x0067
mem[X,0x0000000080121DC6] -> 0x0001
[1476] [M]: 0x0000000080121DC4 (0x00010067) jalr x0, 0x0(x2)                        inst_28+56

mem[X,0x0000000080121E0C] -> 0x066F
mem[X,0x0000000080121E0E] -> 0x00C0
[1477] [M]: 0x0000000080121E0C (0x00C0066F) jal x12, 0xc                            inst_28+128
x12 <- 0x0000000080121E10

clint mtime 0x00000000000002E3 (mip.MTI <- 0b1, mip.STI <- 0b0)
mem[X,0x0000000080121E18] -> 0x4613
mem[X,0x0000000080121E1A] -> 0x0036
[1478] [M]: 0x0000000080121E18 (0x00364613) xori x12, x12, 0x3                      inst_28+140
x12 <- 0x0000000080121E13

mem[X,0x0000000080121E1C] -> 0x0013
mem[X,0x0000000080121E1E] -> 0x0000
[1479] [M]: 0x0000000080121E1C (0x00000013) addi x0, x0, 0x0                        inst_28+144

clint mtime 0x00000000000002E4 (mip.MTI <- 0b1, mip.STI <- 0b0)
mem[X,0x0000000080121E20] -> 0x0117
mem[X,0x0000000080121E22] -> 0x0000
[1480] [M]: 0x0000000080121E20 (0x00000117) auipc x2, 0x0                           inst_28+148
x2 <- 0x0000000080121E20

mem[X,0x0000000080121E24] -> 0x0113
mem[X,0x0000000080121E26] -> 0x0241
[1481] [M]: 0x0000000080121E24 (0x02410113) addi x2, x2, 0x24                       inst_28+152
x2 <- 0x0000000080121E44

clint mtime 0x00000000000002E5 (mip.MTI <- 0b1, mip.STI <- 0b0)
mem[X,0x0000000080121E28] -> 0x0001
[1482] [M]: 0x0000000080121E28 (0x0001) c.nop                                       inst_28+156

mem[X,0x0000000080121E2A] -> 0x0013
mem[X,0x0000000080121E2C] -> 0x0000
[1483] [M]: 0x0000000080121E2A (0x00000013) addi x0, x0, 0x0                        inst_28+158

clint mtime 0x00000000000002E6 (mip.MTI <- 0b1, mip.STI <- 0b0)
mem[X,0x0000000080121E2E] -> 0x0013
mem[X,0x0000000080121E30] -> 0x0000
[1484] [M]: 0x0000000080121E2E (0x00000013) addi x0, x0, 0x0                        inst_28+162

mem[X,0x0000000080121E32] -> 0x0013
mem[X,0x0000000080121E34] -> 0x0000
[1485] [M]: 0x0000000080121E32 (0x00000013) addi x0, x0, 0x0                        inst_28+166

clint mtime 0x00000000000002E7 (mip.MTI <- 0b1, mip.STI <- 0b0)
mem[X,0x0000000080121E36] -> 0x0013
mem[X,0x0000000080121E38] -> 0x0000
[1486] [M]: 0x0000000080121E36 (0x00000013) addi x0, x0, 0x0                        inst_28+170

mem[X,0x0000000080121E3A] -> 0x0013
mem[X,0x0000000080121E3C] -> 0x0000
[1487] [M]: 0x0000000080121E3A (0x00000013) addi x0, x0, 0x0                        inst_28+174

clint mtime 0x00000000000002E8 (mip.MTI <- 0b1, mip.STI <- 0b0)
mem[X,0x0000000080121E3E] -> 0x0001
[1488] [M]: 0x0000000080121E3E (0x0001) c.nop                                       inst_28+178

mem[X,0x0000000080121E40] -> 0x0067
mem[X,0x0000000080121E42] -> 0x0001
[1489] [M]: 0x0000000080121E40 (0x00010067) jalr x0, 0x0(x2)                        inst_28+180

clint mtime 0x00000000000002E9 (mip.MTI <- 0b1, mip.STI <- 0b0)
mem[X,0x0000000080121E44] -> 0x0013
mem[X,0x0000000080121E46] -> 0x0000
[1490] [M]: 0x0000000080121E44 (0x00000013) addi x0, x0, 0x0                        inst_28+184

mem[X,0x0000000080121E48] -> 0x0013
mem[X,0x0000000080121E4A] -> 0x0000
[1491] [M]: 0x0000000080121E48 (0x00000013) addi x0, x0, 0x0                        inst_28+188

clint mtime 0x00000000000002EA (mip.MTI <- 0b1, mip.STI <- 0b0)
mem[X,0x0000000080121E4C] -> 0x0013
mem[X,0x0000000080121E4E] -> 0x0000
[1492] [M]: 0x0000000080121E4C (0x00000013) addi x0, x0, 0x0                        inst_28+192

mem[X,0x0000000080121E50] -> 0x0013
mem[X,0x0000000080121E52] -> 0x0000
[1493] [M]: 0x0000000080121E50 (0x00000013) addi x0, x0, 0x0                        inst_28+196

clint mtime 0x00000000000002EB (mip.MTI <- 0b1, mip.STI <- 0b0)
mem[X,0x0000000080121E54] -> 0x0013
mem[X,0x0000000080121E56] -> 0x0000
[1494] [M]: 0x0000000080121E54 (0x00000013) addi x0, x0, 0x0                        inst_28+200

mem[X,0x0000000080121E58] -> 0x0013
mem[X,0x0000000080121E5A] -> 0x0000
[1495] [M]: 0x0000000080121E58 (0x00000013) addi x0, x0, 0x0                        inst_28+204

clint mtime 0x00000000000002EC (mip.MTI <- 0b1, mip.STI <- 0b0)
mem[X,0x0000000080121E5C] -> 0x0013
mem[X,0x0000000080121E5E] -> 0x0000
[1496] [M]: 0x0000000080121E5C (0x00000013) addi x0, x0, 0x0                        inst_28+208

mem[X,0x0000000080121E60] -> 0x0117
mem[X,0x0000000080121E62] -> 0x0000
[1497] [M]: 0x0000000080121E60 (0x00000117) auipc x2, 0x0                           inst_28+212
x2 <- 0x0000000080121E60

clint mtime 0x00000000000002ED (mip.MTI <- 0b1, mip.STI <- 0b0)
mem[X,0x0000000080121E64] -> 0x0113
mem[X,0x0000000080121E66] -> 0xF2C1
[1498] [M]: 0x0000000080121E64 (0xF2C10113) addi x2, x2, -0xd4                      inst_28+216
x2 <- 0x0000000080121D8C

mem[X,0x0000000080121E68] -> 0x0001
[1499] [M]: 0x0000000080121E68 (0x0001) c.nop                                       inst_28+220

clint mtime 0x00000000000002EE (mip.MTI <- 0b1, mip.STI <- 0b0)
mem[X,0x0000000080121E6A] -> 0x0013
mem[X,0x0000000080121E6C] -> 0x0000
[1500] [M]: 0x0000000080121E6A (0x00000013) addi x0, x0, 0x0                        inst_28+222

mem[X,0x0000000080121E6E] -> 0x0013
mem[X,0x0000000080121E70] -> 0x0000
[1501] [M]: 0x0000000080121E6E (0x00000013) addi x0, x0, 0x0                        inst_28+226

clint mtime 0x00000000000002EF (mip.MTI <- 0b1, mip.STI <- 0b0)
mem[X,0x0000000080121E72] -> 0x0013
mem[X,0x0000000080121E74] -> 0x0000
[1502] [M]: 0x0000000080121E72 (0x00000013) addi x0, x0, 0x0                        inst_28+230

mem[X,0x0000000080121E76] -> 0x0013
mem[X,0x0000000080121E78] -> 0x0000
[1503] [M]: 0x0000000080121E76 (0x00000013) addi x0, x0, 0x0                        inst_28+234

clint mtime 0x00000000000002F0 (mip.MTI <- 0b1, mip.STI <- 0b0)
mem[X,0x0000000080121E7A] -> 0x0013
mem[X,0x0000000080121E7C] -> 0x0000
[1504] [M]: 0x0000000080121E7A (0x00000013) addi x0, x0, 0x0                        inst_28+238

mem[X,0x0000000080121E7E] -> 0x0001
[1505] [M]: 0x0000000080121E7E (0x0001) c.nop                                       inst_28+242

clint mtime 0x00000000000002F1 (mip.MTI <- 0b1, mip.STI <- 0b0)
mem[X,0x0000000080121E80] -> 0x7113
mem[X,0x0000000080121E82] -> 0xFFC1
[1506] [M]: 0x0000000080121E80 (0xFFC17113) andi x2, x2, -0x4                       inst_28+244
x2 <- 0x0000000080121D8C

mem[X,0x0000000080121E84] -> 0x0633
mem[X,0x0000000080121E86] -> 0x4026
[1507] [M]: 0x0000000080121E84 (0x40260633) sub x12, x12, x2                        inst_28+248
x12 <- 0x0000000000000087

clint mtime 0x00000000000002F2 (mip.MTI <- 0b1, mip.STI <- 0b0)
mem[X,0x0000000080121E88] -> 0xB023
mem[X,0x0000000080121E8A] -> 0x0EC3
[1508] [M]: 0x0000000080121E88 (0x0EC3B023) sd x12, 0xe0(x7)                        inst_28+252
mem[W,0x00000000801251F8] <- 0x0000000000000087

mem[X,0x0000000080121E8C] -> 0x0013
mem[X,0x0000000080121E8E] -> 0x0000
[1509] [M]: 0x0000000080121E8C (0x00000013) addi x0, x0, 0x0                        inst_28+256

clint mtime 0x00000000000002F3 (mip.MTI <- 0b1, mip.STI <- 0b0)
mem[X,0x0000000080121E90] -> 0x0013
mem[X,0x0000000080121E92] -> 0x0000
[1510] [M]: 0x0000000080121E90 (0x00000013) addi x0, x0, 0x0                        inst_28+260

mem[X,0x0000000080121E94] -> 0x0013
mem[X,0x0000000080121E96] -> 0x0000
[1511] [M]: 0x0000000080121E94 (0x00000013) addi x0, x0, 0x0                        inst_28+264

clint mtime 0x00000000000002F4 (mip.MTI <- 0b1, mip.STI <- 0b0)
mem[X,0x0000000080121E98] -> 0x0013
mem[X,0x0000000080121E9A] -> 0x0000
[1512] [M]: 0x0000000080121E98 (0x00000013) addi x0, x0, 0x0                        inst_28+268

mem[X,0x0000000080121E9C] -> 0x0013
mem[X,0x0000000080121E9E] -> 0x0000
[1513] [M]: 0x0000000080121E9C (0x00000013) addi x0, x0, 0x0                        inst_28+272

clint mtime 0x00000000000002F5 (mip.MTI <- 0b1, mip.STI <- 0b0)
mem[X,0x0000000080121EA0] -> 0x3097
mem[X,0x0000000080121EA2] -> 0x0000
[1514] [M]: 0x0000000080121EA0 (0x00003097) auipc x1, 0x3                           inst_28+276
x1 <- 0x0000000080124EA0

mem[X,0x0000000080121EA4] -> 0x8093
mem[X,0x0000000080121EA6] -> 0x3600
[1515] [M]: 0x0000000080121EA4 (0x36008093) addi x1, x1, 0x360                      inst_28+280
x1 <- 0x0000000080125200

clint mtime 0x00000000000002F6 (mip.MTI <- 0b1, mip.STI <- 0b0)
mem[X,0x0000000080121EA8] -> 0x0001
[1516] [M]: 0x0000000080121EA8 (0x0001) c.nop                                       inst_28+284

mem[X,0x0000000080121EAA] -> 0x0013
mem[X,0x0000000080121EAC] -> 0x0000
[1517] [M]: 0x0000000080121EAA (0x00000013) addi x0, x0, 0x0                        inst_28+286

clint mtime 0x00000000000002F7 (mip.MTI <- 0b1, mip.STI <- 0b0)
mem[X,0x0000000080121EAE] -> 0x0013
mem[X,0x0000000080121EB0] -> 0x0000
[1518] [M]: 0x0000000080121EAE (0x00000013) addi x0, x0, 0x0                        inst_28+290

mem[X,0x0000000080121EB2] -> 0x0013
mem[X,0x0000000080121EB4] -> 0x0000
[1519] [M]: 0x0000000080121EB2 (0x00000013) addi x0, x0, 0x0                        inst_28+294

clint mtime 0x00000000000002F8 (mip.MTI <- 0b1, mip.STI <- 0b0)
mem[X,0x0000000080121EB6] -> 0x0013
mem[X,0x0000000080121EB8] -> 0x0000
[1520] [M]: 0x0000000080121EB6 (0x00000013) addi x0, x0, 0x0                        inst_28+298

mem[X,0x0000000080121EBA] -> 0x0013
mem[X,0x0000000080121EBC] -> 0x0000
[1521] [M]: 0x0000000080121EBA (0x00000013) addi x0, x0, 0x0                        inst_28+302

clint mtime 0x00000000000002F9 (mip.MTI <- 0b1, mip.STI <- 0b0)
mem[X,0x0000000080121EBE] -> 0x0001
[1522] [M]: 0x0000000080121EBE (0x0001) c.nop                                       inst_28+306

mem[X,0x0000000080121EC0] -> 0x0117
mem[X,0x0000000080121EC2] -> 0x0000
[1523] [M]: 0x0000000080121EC0 (0x00000117) auipc x2, 0x0                           inst_29+0
x2 <- 0x0000000080121EC0

clint mtime 0x00000000000002FA (mip.MTI <- 0b1, mip.STI <- 0b0)
mem[X,0x0000000080121EC4] -> 0x0113
mem[X,0x0000000080121EC6] -> 0x06C1
[1524] [M]: 0x0000000080121EC4 (0x06C10113) addi x2, x2, 0x6c                       inst_29+4
x2 <- 0x0000000080121F2C

mem[X,0x0000000080121EC8] -> 0x0001
[1525] [M]: 0x0000000080121EC8 (0x0001) c.nop                                       inst_29+8

clint mtime 0x00000000000002FB (mip.MTI <- 0b1, mip.STI <- 0b0)
mem[X,0x0000000080121ECA] -> 0x0013
mem[X,0x0000000080121ECC] -> 0x0000
[1526] [M]: 0x0000000080121ECA (0x00000013) addi x0, x0, 0x0                        inst_29+10

mem[X,0x0000000080121ECE] -> 0x0013
mem[X,0x0000000080121ED0] -> 0x0000
[1527] [M]: 0x0000000080121ECE (0x00000013) addi x0, x0, 0x0                        inst_29+14

clint mtime 0x00000000000002FC (mip.MTI <- 0b1, mip.STI <- 0b0)
mem[X,0x0000000080121ED2] -> 0x0013
mem[X,0x0000000080121ED4] -> 0x0000
[1528] [M]: 0x0000000080121ED2 (0x00000013) addi x0, x0, 0x0                        inst_29+18

mem[X,0x0000000080121ED6] -> 0x0013
mem[X,0x0000000080121ED8] -> 0x0000
[1529] [M]: 0x0000000080121ED6 (0x00000013) addi x0, x0, 0x0                        inst_29+22

clint mtime 0x00000000000002FD (mip.MTI <- 0b1, mip.STI <- 0b0)
mem[X,0x0000000080121EDA] -> 0x0013
mem[X,0x0000000080121EDC] -> 0x0000
[1530] [M]: 0x0000000080121EDA (0x00000013) addi x0, x0, 0x0                        inst_29+26

mem[X,0x0000000080121EDE] -> 0x0001
[1531] [M]: 0x0000000080121EDE (0x0001) c.nop                                       inst_29+30

clint mtime 0x00000000000002FE (mip.MTI <- 0b1, mip.STI <- 0b0)
mem[X,0x0000000080121EE0] -> 0x0393
mem[X,0x0000000080121EE2] -> 0x0001
[1532] [M]: 0x0000000080121EE0 (0x00010393) addi x7, x2, 0x0                        inst_29+32
x7 <- 0x0000000080121F2C

mem[X,0x0000000080121EE4] -> 0x0067
mem[X,0x0000000080121EE6] -> 0x0001
[1533] [M]: 0x0000000080121EE4 (0x00010067) jalr x0, 0x0(x2)                        inst_29+36

clint mtime 0x00000000000002FF (mip.MTI <- 0b1, mip.STI <- 0b0)
mem[X,0x0000000080121F2C] -> 0x03EF
mem[X,0x0000000080121F2E] -> 0x00C0
[1534] [M]: 0x0000000080121F2C (0x00C003EF) jal x7, 0xc                             inst_29+108
x7 <- 0x0000000080121F30

mem[X,0x0000000080121F38] -> 0xC393
mem[X,0x0000000080121F3A] -> 0x0033
[1535] [M]: 0x0000000080121F38 (0x0033C393) xori x7, x7, 0x3                        inst_29+120
x7 <- 0x0000000080121F33

clint mtime 0x0000000000000300 (mip.MTI <- 0b1, mip.STI <- 0b0)
mem[X,0x0000000080121F3C] -> 0x0013
mem[X,0x0000000080121F3E] -> 0x0000
[1536] [M]: 0x0000000080121F3C (0x00000013) addi x0, x0, 0x0                        inst_29+124

mem[X,0x0000000080121F40] -> 0x0117
mem[X,0x0000000080121F42] -> 0x0000
[1537] [M]: 0x0000000080121F40 (0x00000117) auipc x2, 0x0                           inst_29+128
x2 <- 0x0000000080121F40

clint mtime 0x0000000000000301 (mip.MTI <- 0b1, mip.STI <- 0b0)
mem[X,0x0000000080121F44] -> 0x0113
mem[X,0x0000000080121F46] -> 0x0241
[1538] [M]: 0x0000000080121F44 (0x02410113) addi x2, x2, 0x24                       inst_29+132
x2 <- 0x0000000080121F64

mem[X,0x0000000080121F48] -> 0x0001
[1539] [M]: 0x0000000080121F48 (0x0001) c.nop                                       inst_29+136

clint mtime 0x0000000000000302 (mip.MTI <- 0b1, mip.STI <- 0b0)
mem[X,0x0000000080121F4A] -> 0x0013
mem[X,0x0000000080121F4C] -> 0x0000
[1540] [M]: 0x0000000080121F4A (0x00000013) addi x0, x0, 0x0                        inst_29+138

mem[X,0x0000000080121F4E] -> 0x0013
mem[X,0x0000000080121F50] -> 0x0000
[1541] [M]: 0x0000000080121F4E (0x00000013) addi x0, x0, 0x0                        inst_29+142

clint mtime 0x0000000000000303 (mip.MTI <- 0b1, mip.STI <- 0b0)
mem[X,0x0000000080121F52] -> 0x0013
mem[X,0x0000000080121F54] -> 0x0000
[1542] [M]: 0x0000000080121F52 (0x00000013) addi x0, x0, 0x0                        inst_29+146

mem[X,0x0000000080121F56] -> 0x0013
mem[X,0x0000000080121F58] -> 0x0000
[1543] [M]: 0x0000000080121F56 (0x00000013) addi x0, x0, 0x0                        inst_29+150

clint mtime 0x0000000000000304 (mip.MTI <- 0b1, mip.STI <- 0b0)
mem[X,0x0000000080121F5A] -> 0x0013
mem[X,0x0000000080121F5C] -> 0x0000
[1544] [M]: 0x0000000080121F5A (0x00000013) addi x0, x0, 0x0                        inst_29+154

mem[X,0x0000000080121F5E] -> 0x0001
[1545] [M]: 0x0000000080121F5E (0x0001) c.nop                                       inst_29+158

clint mtime 0x0000000000000305 (mip.MTI <- 0b1, mip.STI <- 0b0)
mem[X,0x0000000080121F60] -> 0x0067
mem[X,0x0000000080121F62] -> 0x0001
[1546] [M]: 0x0000000080121F60 (0x00010067) jalr x0, 0x0(x2)                        inst_29+160

mem[X,0x0000000080121F64] -> 0x0013
mem[X,0x0000000080121F66] -> 0x0000
[1547] [M]: 0x0000000080121F64 (0x00000013) addi x0, x0, 0x0                        inst_29+164

clint mtime 0x0000000000000306 (mip.MTI <- 0b1, mip.STI <- 0b0)
mem[X,0x0000000080121F68] -> 0x0013
mem[X,0x0000000080121F6A] -> 0x0000
[1548] [M]: 0x0000000080121F68 (0x00000013) addi x0, x0, 0x0                        inst_29+168

mem[X,0x0000000080121F6C] -> 0x0013
mem[X,0x0000000080121F6E] -> 0x0000
[1549] [M]: 0x0000000080121F6C (0x00000013) addi x0, x0, 0x0                        inst_29+172

clint mtime 0x0000000000000307 (mip.MTI <- 0b1, mip.STI <- 0b0)
mem[X,0x0000000080121F70] -> 0x0013
mem[X,0x0000000080121F72] -> 0x0000
[1550] [M]: 0x0000000080121F70 (0x00000013) addi x0, x0, 0x0                        inst_29+176

mem[X,0x0000000080121F74] -> 0x0013
mem[X,0x0000000080121F76] -> 0x0000
[1551] [M]: 0x0000000080121F74 (0x00000013) addi x0, x0, 0x0                        inst_29+180

clint mtime 0x0000000000000308 (mip.MTI <- 0b1, mip.STI <- 0b0)
mem[X,0x0000000080121F78] -> 0x0013
mem[X,0x0000000080121F7A] -> 0x0000
[1552] [M]: 0x0000000080121F78 (0x00000013) addi x0, x0, 0x0                        inst_29+184

mem[X,0x0000000080121F7C] -> 0x0013
mem[X,0x0000000080121F7E] -> 0x0000
[1553] [M]: 0x0000000080121F7C (0x00000013) addi x0, x0, 0x0                        inst_29+188

clint mtime 0x0000000000000309 (mip.MTI <- 0b1, mip.STI <- 0b0)
mem[X,0x0000000080121F80] -> 0x0117
mem[X,0x0000000080121F82] -> 0x0000
[1554] [M]: 0x0000000080121F80 (0x00000117) auipc x2, 0x0                           inst_29+192
x2 <- 0x0000000080121F80

mem[X,0x0000000080121F84] -> 0x0113
mem[X,0x0000000080121F86] -> 0xF401
[1555] [M]: 0x0000000080121F84 (0xF4010113) addi x2, x2, -0xc0                      inst_29+196
x2 <- 0x0000000080121EC0

clint mtime 0x000000000000030A (mip.MTI <- 0b1, mip.STI <- 0b0)
mem[X,0x0000000080121F88] -> 0x0001
[1556] [M]: 0x0000000080121F88 (0x0001) c.nop                                       inst_29+200

mem[X,0x0000000080121F8A] -> 0x0013
mem[X,0x0000000080121F8C] -> 0x0000
[1557] [M]: 0x0000000080121F8A (0x00000013) addi x0, x0, 0x0                        inst_29+202

clint mtime 0x000000000000030B (mip.MTI <- 0b1, mip.STI <- 0b0)
mem[X,0x0000000080121F8E] -> 0x0013
mem[X,0x0000000080121F90] -> 0x0000
[1558] [M]: 0x0000000080121F8E (0x00000013) addi x0, x0, 0x0                        inst_29+206

mem[X,0x0000000080121F92] -> 0x0013
mem[X,0x0000000080121F94] -> 0x0000
[1559] [M]: 0x0000000080121F92 (0x00000013) addi x0, x0, 0x0                        inst_29+210

clint mtime 0x000000000000030C (mip.MTI <- 0b1, mip.STI <- 0b0)
mem[X,0x0000000080121F96] -> 0x0013
mem[X,0x0000000080121F98] -> 0x0000
[1560] [M]: 0x0000000080121F96 (0x00000013) addi x0, x0, 0x0                        inst_29+214

mem[X,0x0000000080121F9A] -> 0x0013
mem[X,0x0000000080121F9C] -> 0x0000
[1561] [M]: 0x0000000080121F9A (0x00000013) addi x0, x0, 0x0                        inst_29+218

clint mtime 0x000000000000030D (mip.MTI <- 0b1, mip.STI <- 0b0)
mem[X,0x0000000080121F9E] -> 0x0001
[1562] [M]: 0x0000000080121F9E (0x0001) c.nop                                       inst_29+222

mem[X,0x0000000080121FA0] -> 0x7113
mem[X,0x0000000080121FA2] -> 0xFFC1
[1563] [M]: 0x0000000080121FA0 (0xFFC17113) andi x2, x2, -0x4                       inst_29+224
x2 <- 0x0000000080121EC0

clint mtime 0x000000000000030E (mip.MTI <- 0b1, mip.STI <- 0b0)
mem[X,0x0000000080121FA4] -> 0x83B3
mem[X,0x0000000080121FA6] -> 0x4023
[1564] [M]: 0x0000000080121FA4 (0x402383B3) sub x7, x7, x2                          inst_29+228
x7 <- 0x0000000000000073

mem[X,0x0000000080121FA8] -> 0xB023
mem[X,0x0000000080121FAA] -> 0x0070
[1565] [M]: 0x0000000080121FA8 (0x0070B023) sd x7, 0x0(x1)                          inst_29+232
mem[W,0x0000000080125200] <- 0x0000000000000073

clint mtime 0x000000000000030F (mip.MTI <- 0b1, mip.STI <- 0b0)
mem[X,0x0000000080121FAC] -> 0x0013
mem[X,0x0000000080121FAE] -> 0x0000
[1566] [M]: 0x0000000080121FAC (0x00000013) addi x0, x0, 0x0                        inst_30+0

mem[X,0x0000000080121FB0] -> 0x0013
mem[X,0x0000000080121FB2] -> 0x0000
[1567] [M]: 0x0000000080121FB0 (0x00000013) addi x0, x0, 0x0                        inst_30+4

clint mtime 0x0000000000000310 (mip.MTI <- 0b1, mip.STI <- 0b0)
mem[X,0x0000000080121FB4] -> 0x0013
mem[X,0x0000000080121FB6] -> 0x0000
[1568] [M]: 0x0000000080121FB4 (0x00000013) addi x0, x0, 0x0                        inst_30+8

mem[X,0x0000000080121FB8] -> 0x0013
mem[X,0x0000000080121FBA] -> 0x0000
[1569] [M]: 0x0000000080121FB8 (0x00000013) addi x0, x0, 0x0                        inst_30+12

clint mtime 0x0000000000000311 (mip.MTI <- 0b1, mip.STI <- 0b0)
mem[X,0x0000000080121FBC] -> 0x0013
mem[X,0x0000000080121FBE] -> 0x0000
[1570] [M]: 0x0000000080121FBC (0x00000013) addi x0, x0, 0x0                        inst_30+16

mem[X,0x0000000080121FC0] -> 0x0117
mem[X,0x0000000080121FC2] -> 0x0000
[1571] [M]: 0x0000000080121FC0 (0x00000117) auipc x2, 0x0                           inst_30+20
x2 <- 0x0000000080121FC0

clint mtime 0x0000000000000312 (mip.MTI <- 0b1, mip.STI <- 0b0)
mem[X,0x0000000080121FC4] -> 0x0113
mem[X,0x0000000080121FC6] -> 0x06C1
[1572] [M]: 0x0000000080121FC4 (0x06C10113) addi x2, x2, 0x6c                       inst_30+24
x2 <- 0x000000008012202C

mem[X,0x0000000080121FC8] -> 0x0001
[1573] [M]: 0x0000000080121FC8 (0x0001) c.nop                                       inst_30+28

clint mtime 0x0000000000000313 (mip.MTI <- 0b1, mip.STI <- 0b0)
mem[X,0x0000000080121FCA] -> 0x0013
mem[X,0x0000000080121FCC] -> 0x0000
[1574] [M]: 0x0000000080121FCA (0x00000013) addi x0, x0, 0x0                        inst_30+30

mem[X,0x0000000080121FCE] -> 0x0013
mem[X,0x0000000080121FD0] -> 0x0000
[1575] [M]: 0x0000000080121FCE (0x00000013) addi x0, x0, 0x0                        inst_30+34

clint mtime 0x0000000000000314 (mip.MTI <- 0b1, mip.STI <- 0b0)
mem[X,0x0000000080121FD2] -> 0x0013
mem[X,0x0000000080121FD4] -> 0x0000
[1576] [M]: 0x0000000080121FD2 (0x00000013) addi x0, x0, 0x0                        inst_30+38

mem[X,0x0000000080121FD6] -> 0x0013
mem[X,0x0000000080121FD8] -> 0x0000
[1577] [M]: 0x0000000080121FD6 (0x00000013) addi x0, x0, 0x0                        inst_30+42

clint mtime 0x0000000000000315 (mip.MTI <- 0b1, mip.STI <- 0b0)
mem[X,0x0000000080121FDA] -> 0x0013
mem[X,0x0000000080121FDC] -> 0x0000
[1578] [M]: 0x0000000080121FDA (0x00000013) addi x0, x0, 0x0                        inst_30+46

mem[X,0x0000000080121FDE] -> 0x0001
[1579] [M]: 0x0000000080121FDE (0x0001) c.nop                                       inst_30+50

clint mtime 0x0000000000000316 (mip.MTI <- 0b1, mip.STI <- 0b0)
mem[X,0x0000000080121FE0] -> 0x0E13
mem[X,0x0000000080121FE2] -> 0x0001
[1580] [M]: 0x0000000080121FE0 (0x00010E13) addi x28, x2, 0x0                       inst_30+52
x28 <- 0x000000008012202C

mem[X,0x0000000080121FE4] -> 0x0067
mem[X,0x0000000080121FE6] -> 0x0001
[1581] [M]: 0x0000000080121FE4 (0x00010067) jalr x0, 0x0(x2)                        inst_30+56

clint mtime 0x0000000000000317 (mip.MTI <- 0b1, mip.STI <- 0b0)
mem[X,0x000000008012202C] -> 0x0E6F
mem[X,0x000000008012202E] -> 0x00C0
[1582] [M]: 0x000000008012202C (0x00C00E6F) jal x28, 0xc                            inst_30+128
x28 <- 0x0000000080122030

mem[X,0x0000000080122038] -> 0x4E13
mem[X,0x000000008012203A] -> 0x003E
[1583] [M]: 0x0000000080122038 (0x003E4E13) xori x28, x28, 0x3                      inst_30+140
x28 <- 0x0000000080122033

clint mtime 0x0000000000000318 (mip.MTI <- 0b1, mip.STI <- 0b0)
mem[X,0x000000008012203C] -> 0x0013
mem[X,0x000000008012203E] -> 0x0000
[1584] [M]: 0x000000008012203C (0x00000013) addi x0, x0, 0x0                        inst_30+144

mem[X,0x0000000080122040] -> 0x0117
mem[X,0x0000000080122042] -> 0x0000
[1585] [M]: 0x0000000080122040 (0x00000117) auipc x2, 0x0                           inst_30+148
x2 <- 0x0000000080122040

clint mtime 0x0000000000000319 (mip.MTI <- 0b1, mip.STI <- 0b0)
mem[X,0x0000000080122044] -> 0x0113
mem[X,0x0000000080122046] -> 0x0241
[1586] [M]: 0x0000000080122044 (0x02410113) addi x2, x2, 0x24                       inst_30+152
x2 <- 0x0000000080122064

mem[X,0x0000000080122048] -> 0x0001
[1587] [M]: 0x0000000080122048 (0x0001) c.nop                                       inst_30+156

clint mtime 0x000000000000031A (mip.MTI <- 0b1, mip.STI <- 0b0)
mem[X,0x000000008012204A] -> 0x0013
mem[X,0x000000008012204C] -> 0x0000
[1588] [M]: 0x000000008012204A (0x00000013) addi x0, x0, 0x0                        inst_30+158

mem[X,0x000000008012204E] -> 0x0013
mem[X,0x0000000080122050] -> 0x0000
[1589] [M]: 0x000000008012204E (0x00000013) addi x0, x0, 0x0                        inst_30+162

clint mtime 0x000000000000031B (mip.MTI <- 0b1, mip.STI <- 0b0)
mem[X,0x0000000080122052] -> 0x0013
mem[X,0x0000000080122054] -> 0x0000
[1590] [M]: 0x0000000080122052 (0x00000013) addi x0, x0, 0x0                        inst_30+166

mem[X,0x0000000080122056] -> 0x0013
mem[X,0x0000000080122058] -> 0x0000
[1591] [M]: 0x0000000080122056 (0x00000013) addi x0, x0, 0x0                        inst_30+170

clint mtime 0x000000000000031C (mip.MTI <- 0b1, mip.STI <- 0b0)
mem[X,0x000000008012205A] -> 0x0013
mem[X,0x000000008012205C] -> 0x0000
[1592] [M]: 0x000000008012205A (0x00000013) addi x0, x0, 0x0                        inst_30+174

mem[X,0x000000008012205E] -> 0x0001
[1593] [M]: 0x000000008012205E (0x0001) c.nop                                       inst_30+178

clint mtime 0x000000000000031D (mip.MTI <- 0b1, mip.STI <- 0b0)
mem[X,0x0000000080122060] -> 0x0067
mem[X,0x0000000080122062] -> 0x0001
[1594] [M]: 0x0000000080122060 (0x00010067) jalr x0, 0x0(x2)                        inst_30+180

mem[X,0x0000000080122064] -> 0x0013
mem[X,0x0000000080122066] -> 0x0000
[1595] [M]: 0x0000000080122064 (0x00000013) addi x0, x0, 0x0                        inst_30+184

clint mtime 0x000000000000031E (mip.MTI <- 0b1, mip.STI <- 0b0)
mem[X,0x0000000080122068] -> 0x0013
mem[X,0x000000008012206A] -> 0x0000
[1596] [M]: 0x0000000080122068 (0x00000013) addi x0, x0, 0x0                        inst_30+188

mem[X,0x000000008012206C] -> 0x0013
mem[X,0x000000008012206E] -> 0x0000
[1597] [M]: 0x000000008012206C (0x00000013) addi x0, x0, 0x0                        inst_30+192

clint mtime 0x000000000000031F (mip.MTI <- 0b1, mip.STI <- 0b0)
mem[X,0x0000000080122070] -> 0x0013
mem[X,0x0000000080122072] -> 0x0000
[1598] [M]: 0x0000000080122070 (0x00000013) addi x0, x0, 0x0                        inst_30+196

mem[X,0x0000000080122074] -> 0x0013
mem[X,0x0000000080122076] -> 0x0000
[1599] [M]: 0x0000000080122074 (0x00000013) addi x0, x0, 0x0                        inst_30+200

clint mtime 0x0000000000000320 (mip.MTI <- 0b1, mip.STI <- 0b0)
mem[X,0x0000000080122078] -> 0x0013
mem[X,0x000000008012207A] -> 0x0000
[1600] [M]: 0x0000000080122078 (0x00000013) addi x0, x0, 0x0                        inst_30+204

mem[X,0x000000008012207C] -> 0x0013
mem[X,0x000000008012207E] -> 0x0000
[1601] [M]: 0x000000008012207C (0x00000013) addi x0, x0, 0x0                        inst_30+208

clint mtime 0x0000000000000321 (mip.MTI <- 0b1, mip.STI <- 0b0)
mem[X,0x0000000080122080] -> 0x0117
mem[X,0x0000000080122082] -> 0x0000
[1602] [M]: 0x0000000080122080 (0x00000117) auipc x2, 0x0                           inst_30+212
x2 <- 0x0000000080122080

mem[X,0x0000000080122084] -> 0x0113
mem[X,0x0000000080122086] -> 0xF2C1
[1603] [M]: 0x0000000080122084 (0xF2C10113) addi x2, x2, -0xd4                      inst_30+216
x2 <- 0x0000000080121FAC

clint mtime 0x0000000000000322 (mip.MTI <- 0b1, mip.STI <- 0b0)
mem[X,0x0000000080122088] -> 0x0001
[1604] [M]: 0x0000000080122088 (0x0001) c.nop                                       inst_30+220

mem[X,0x000000008012208A] -> 0x0013
mem[X,0x000000008012208C] -> 0x0000
[1605] [M]: 0x000000008012208A (0x00000013) addi x0, x0, 0x0                        inst_30+222

clint mtime 0x0000000000000323 (mip.MTI <- 0b1, mip.STI <- 0b0)
mem[X,0x000000008012208E] -> 0x0013
mem[X,0x0000000080122090] -> 0x0000
[1606] [M]: 0x000000008012208E (0x00000013) addi x0, x0, 0x0                        inst_30+226

mem[X,0x0000000080122092] -> 0x0013
mem[X,0x0000000080122094] -> 0x0000
[1607] [M]: 0x0000000080122092 (0x00000013) addi x0, x0, 0x0                        inst_30+230

clint mtime 0x0000000000000324 (mip.MTI <- 0b1, mip.STI <- 0b0)
mem[X,0x0000000080122096] -> 0x0013
mem[X,0x0000000080122098] -> 0x0000
[1608] [M]: 0x0000000080122096 (0x00000013) addi x0, x0, 0x0                        inst_30+234

mem[X,0x000000008012209A] -> 0x0013
mem[X,0x000000008012209C] -> 0x0000
[1609] [M]: 0x000000008012209A (0x00000013) addi x0, x0, 0x0                        inst_30+238

clint mtime 0x0000000000000325 (mip.MTI <- 0b1, mip.STI <- 0b0)
mem[X,0x000000008012209E] -> 0x0001
[1610] [M]: 0x000000008012209E (0x0001) c.nop                                       inst_30+242

mem[X,0x00000000801220A0] -> 0x7113
mem[X,0x00000000801220A2] -> 0xFFC1
[1611] [M]: 0x00000000801220A0 (0xFFC17113) andi x2, x2, -0x4                       inst_30+244
x2 <- 0x0000000080121FAC

clint mtime 0x0000000000000326 (mip.MTI <- 0b1, mip.STI <- 0b0)
mem[X,0x00000000801220A4] -> 0x0E33
mem[X,0x00000000801220A6] -> 0x402E
[1612] [M]: 0x00000000801220A4 (0x402E0E33) sub x28, x28, x2                        inst_30+248
x28 <- 0x0000000000000087

mem[X,0x00000000801220A8] -> 0xB423
mem[X,0x00000000801220AA] -> 0x01C0
[1613] [M]: 0x00000000801220A8 (0x01C0B423) sd x28, 0x8(x1)                         inst_30+252
mem[W,0x0000000080125208] <- 0x0000000000000087

clint mtime 0x0000000000000327 (mip.MTI <- 0b1, mip.STI <- 0b0)
mem[X,0x00000000801220AC] -> 0x0013
mem[X,0x00000000801220AE] -> 0x0000
[1614] [M]: 0x00000000801220AC (0x00000013) addi x0, x0, 0x0                        inst_31+0

mem[X,0x00000000801220B0] -> 0x0013
mem[X,0x00000000801220B2] -> 0x0000
[1615] [M]: 0x00000000801220B0 (0x00000013) addi x0, x0, 0x0                        inst_31+4

clint mtime 0x0000000000000328 (mip.MTI <- 0b1, mip.STI <- 0b0)
mem[X,0x00000000801220B4] -> 0x0013
mem[X,0x00000000801220B6] -> 0x0000
[1616] [M]: 0x00000000801220B4 (0x00000013) addi x0, x0, 0x0                        inst_31+8

mem[X,0x00000000801220B8] -> 0x0013
mem[X,0x00000000801220BA] -> 0x0000
[1617] [M]: 0x00000000801220B8 (0x00000013) addi x0, x0, 0x0                        inst_31+12

clint mtime 0x0000000000000329 (mip.MTI <- 0b1, mip.STI <- 0b0)
mem[X,0x00000000801220BC] -> 0x0013
mem[X,0x00000000801220BE] -> 0x0000
[1618] [M]: 0x00000000801220BC (0x00000013) addi x0, x0, 0x0                        inst_31+16

mem[X,0x00000000801220C0] -> 0x0117
mem[X,0x00000000801220C2] -> 0x0000
[1619] [M]: 0x00000000801220C0 (0x00000117) auipc x2, 0x0                           inst_31+20
x2 <- 0x00000000801220C0

clint mtime 0x000000000000032A (mip.MTI <- 0b1, mip.STI <- 0b0)
mem[X,0x00000000801220C4] -> 0x0113
mem[X,0x00000000801220C6] -> 0x06C1
[1620] [M]: 0x00000000801220C4 (0x06C10113) addi x2, x2, 0x6c                       inst_31+24
x2 <- 0x000000008012212C

mem[X,0x00000000801220C8] -> 0x0001
[1621] [M]: 0x00000000801220C8 (0x0001) c.nop                                       inst_31+28

clint mtime 0x000000000000032B (mip.MTI <- 0b1, mip.STI <- 0b0)
mem[X,0x00000000801220CA] -> 0x0013
mem[X,0x00000000801220CC] -> 0x0000
[1622] [M]: 0x00000000801220CA (0x00000013) addi x0, x0, 0x0                        inst_31+30

mem[X,0x00000000801220CE] -> 0x0013
mem[X,0x00000000801220D0] -> 0x0000
[1623] [M]: 0x00000000801220CE (0x00000013) addi x0, x0, 0x0                        inst_31+34

clint mtime 0x000000000000032C (mip.MTI <- 0b1, mip.STI <- 0b0)
mem[X,0x00000000801220D2] -> 0x0013
mem[X,0x00000000801220D4] -> 0x0000
[1624] [M]: 0x00000000801220D2 (0x00000013) addi x0, x0, 0x0                        inst_31+38

mem[X,0x00000000801220D6] -> 0x0013
mem[X,0x00000000801220D8] -> 0x0000
[1625] [M]: 0x00000000801220D6 (0x00000013) addi x0, x0, 0x0                        inst_31+42

clint mtime 0x000000000000032D (mip.MTI <- 0b1, mip.STI <- 0b0)
mem[X,0x00000000801220DA] -> 0x0013
mem[X,0x00000000801220DC] -> 0x0000
[1626] [M]: 0x00000000801220DA (0x00000013) addi x0, x0, 0x0                        inst_31+46

mem[X,0x00000000801220DE] -> 0x0001
[1627] [M]: 0x00000000801220DE (0x0001) c.nop                                       inst_31+50

clint mtime 0x000000000000032E (mip.MTI <- 0b1, mip.STI <- 0b0)
mem[X,0x00000000801220E0] -> 0x0993
mem[X,0x00000000801220E2] -> 0x0001
[1628] [M]: 0x00000000801220E0 (0x00010993) addi x19, x2, 0x0                       inst_31+52
x19 <- 0x000000008012212C

mem[X,0x00000000801220E4] -> 0x0067
mem[X,0x00000000801220E6] -> 0x0001
[1629] [M]: 0x00000000801220E4 (0x00010067) jalr x0, 0x0(x2)                        inst_31+56

clint mtime 0x000000000000032F (mip.MTI <- 0b1, mip.STI <- 0b0)
mem[X,0x000000008012212C] -> 0x09EF
mem[X,0x000000008012212E] -> 0x00C0
[1630] [M]: 0x000000008012212C (0x00C009EF) jal x19, 0xc                            inst_31+128
x19 <- 0x0000000080122130

mem[X,0x0000000080122138] -> 0xC993
mem[X,0x000000008012213A] -> 0x0039
[1631] [M]: 0x0000000080122138 (0x0039C993) xori x19, x19, 0x3                      inst_31+140
x19 <- 0x0000000080122133

clint mtime 0x0000000000000330 (mip.MTI <- 0b1, mip.STI <- 0b0)
mem[X,0x000000008012213C] -> 0x0013
mem[X,0x000000008012213E] -> 0x0000
[1632] [M]: 0x000000008012213C (0x00000013) addi x0, x0, 0x0                        inst_31+144

mem[X,0x0000000080122140] -> 0x0117
mem[X,0x0000000080122142] -> 0x0000
[1633] [M]: 0x0000000080122140 (0x00000117) auipc x2, 0x0                           inst_31+148
x2 <- 0x0000000080122140

clint mtime 0x0000000000000331 (mip.MTI <- 0b1, mip.STI <- 0b0)
mem[X,0x0000000080122144] -> 0x0113
mem[X,0x0000000080122146] -> 0x0241
[1634] [M]: 0x0000000080122144 (0x02410113) addi x2, x2, 0x24                       inst_31+152
x2 <- 0x0000000080122164

mem[X,0x0000000080122148] -> 0x0001
[1635] [M]: 0x0000000080122148 (0x0001) c.nop                                       inst_31+156

clint mtime 0x0000000000000332 (mip.MTI <- 0b1, mip.STI <- 0b0)
mem[X,0x000000008012214A] -> 0x0013
mem[X,0x000000008012214C] -> 0x0000
[1636] [M]: 0x000000008012214A (0x00000013) addi x0, x0, 0x0                        inst_31+158

mem[X,0x000000008012214E] -> 0x0013
mem[X,0x0000000080122150] -> 0x0000
[1637] [M]: 0x000000008012214E (0x00000013) addi x0, x0, 0x0                        inst_31+162

clint mtime 0x0000000000000333 (mip.MTI <- 0b1, mip.STI <- 0b0)
mem[X,0x0000000080122152] -> 0x0013
mem[X,0x0000000080122154] -> 0x0000
[1638] [M]: 0x0000000080122152 (0x00000013) addi x0, x0, 0x0                        inst_31+166

mem[X,0x0000000080122156] -> 0x0013
mem[X,0x0000000080122158] -> 0x0000
[1639] [M]: 0x0000000080122156 (0x00000013) addi x0, x0, 0x0                        inst_31+170

clint mtime 0x0000000000000334 (mip.MTI <- 0b1, mip.STI <- 0b0)
mem[X,0x000000008012215A] -> 0x0013
mem[X,0x000000008012215C] -> 0x0000
[1640] [M]: 0x000000008012215A (0x00000013) addi x0, x0, 0x0                        inst_31+174

mem[X,0x000000008012215E] -> 0x0001
[1641] [M]: 0x000000008012215E (0x0001) c.nop                                       inst_31+178

clint mtime 0x0000000000000335 (mip.MTI <- 0b1, mip.STI <- 0b0)
mem[X,0x0000000080122160] -> 0x0067
mem[X,0x0000000080122162] -> 0x0001
[1642] [M]: 0x0000000080122160 (0x00010067) jalr x0, 0x0(x2)                        inst_31+180

mem[X,0x0000000080122164] -> 0x0013
mem[X,0x0000000080122166] -> 0x0000
[1643] [M]: 0x0000000080122164 (0x00000013) addi x0, x0, 0x0                        inst_31+184

clint mtime 0x0000000000000336 (mip.MTI <- 0b1, mip.STI <- 0b0)
mem[X,0x0000000080122168] -> 0x0013
mem[X,0x000000008012216A] -> 0x0000
[1644] [M]: 0x0000000080122168 (0x00000013) addi x0, x0, 0x0                        inst_31+188

mem[X,0x000000008012216C] -> 0x0013
mem[X,0x000000008012216E] -> 0x0000
[1645] [M]: 0x000000008012216C (0x00000013) addi x0, x0, 0x0                        inst_31+192

clint mtime 0x0000000000000337 (mip.MTI <- 0b1, mip.STI <- 0b0)
mem[X,0x0000000080122170] -> 0x0013
mem[X,0x0000000080122172] -> 0x0000
[1646] [M]: 0x0000000080122170 (0x00000013) addi x0, x0, 0x0                        inst_31+196

mem[X,0x0000000080122174] -> 0x0013
mem[X,0x0000000080122176] -> 0x0000
[1647] [M]: 0x0000000080122174 (0x00000013) addi x0, x0, 0x0                        inst_31+200

clint mtime 0x0000000000000338 (mip.MTI <- 0b1, mip.STI <- 0b0)
mem[X,0x0000000080122178] -> 0x0013
mem[X,0x000000008012217A] -> 0x0000
[1648] [M]: 0x0000000080122178 (0x00000013) addi x0, x0, 0x0                        inst_31+204

mem[X,0x000000008012217C] -> 0x0013
mem[X,0x000000008012217E] -> 0x0000
[1649] [M]: 0x000000008012217C (0x00000013) addi x0, x0, 0x0                        inst_31+208

clint mtime 0x0000000000000339 (mip.MTI <- 0b1, mip.STI <- 0b0)
mem[X,0x0000000080122180] -> 0x0117
mem[X,0x0000000080122182] -> 0x0000
[1650] [M]: 0x0000000080122180 (0x00000117) auipc x2, 0x0                           inst_31+212
x2 <- 0x0000000080122180

mem[X,0x0000000080122184] -> 0x0113
mem[X,0x0000000080122186] -> 0xF2C1
[1651] [M]: 0x0000000080122184 (0xF2C10113) addi x2, x2, -0xd4                      inst_31+216
x2 <- 0x00000000801220AC

clint mtime 0x000000000000033A (mip.MTI <- 0b1, mip.STI <- 0b0)
mem[X,0x0000000080122188] -> 0x0001
[1652] [M]: 0x0000000080122188 (0x0001) c.nop                                       inst_31+220

mem[X,0x000000008012218A] -> 0x0013
mem[X,0x000000008012218C] -> 0x0000
[1653] [M]: 0x000000008012218A (0x00000013) addi x0, x0, 0x0                        inst_31+222

clint mtime 0x000000000000033B (mip.MTI <- 0b1, mip.STI <- 0b0)
mem[X,0x000000008012218E] -> 0x0013
mem[X,0x0000000080122190] -> 0x0000
[1654] [M]: 0x000000008012218E (0x00000013) addi x0, x0, 0x0                        inst_31+226

mem[X,0x0000000080122192] -> 0x0013
mem[X,0x0000000080122194] -> 0x0000
[1655] [M]: 0x0000000080122192 (0x00000013) addi x0, x0, 0x0                        inst_31+230

clint mtime 0x000000000000033C (mip.MTI <- 0b1, mip.STI <- 0b0)
mem[X,0x0000000080122196] -> 0x0013
mem[X,0x0000000080122198] -> 0x0000
[1656] [M]: 0x0000000080122196 (0x00000013) addi x0, x0, 0x0                        inst_31+234

mem[X,0x000000008012219A] -> 0x0013
mem[X,0x000000008012219C] -> 0x0000
[1657] [M]: 0x000000008012219A (0x00000013) addi x0, x0, 0x0                        inst_31+238

clint mtime 0x000000000000033D (mip.MTI <- 0b1, mip.STI <- 0b0)
mem[X,0x000000008012219E] -> 0x0001
[1658] [M]: 0x000000008012219E (0x0001) c.nop                                       inst_31+242

mem[X,0x00000000801221A0] -> 0x7113
mem[X,0x00000000801221A2] -> 0xFFC1
[1659] [M]: 0x00000000801221A0 (0xFFC17113) andi x2, x2, -0x4                       inst_31+244
x2 <- 0x00000000801220AC

clint mtime 0x000000000000033E (mip.MTI <- 0b1, mip.STI <- 0b0)
mem[X,0x00000000801221A4] -> 0x89B3
mem[X,0x00000000801221A6] -> 0x4029
[1660] [M]: 0x00000000801221A4 (0x402989B3) sub x19, x19, x2                        inst_31+248
x19 <- 0x0000000000000087

mem[X,0x00000000801221A8] -> 0xB823
mem[X,0x00000000801221AA] -> 0x0130
[1661] [M]: 0x00000000801221A8 (0x0130B823) sd x19, 0x10(x1)                        inst_31+252
mem[W,0x0000000080125210] <- 0x0000000000000087

clint mtime 0x000000000000033F (mip.MTI <- 0b1, mip.STI <- 0b0)
mem[X,0x00000000801221AC] -> 0x006F
mem[X,0x00000000801221AE] -> 0x0380
[1662] [M]: 0x00000000801221AC (0x0380006F) jal x0, 0x38                            rvtest_code_end+0

mem[X,0x00000000801221E4] -> 0x0093
mem[X,0x00000000801221E6] -> 0x0010
[1663] [M]: 0x00000000801221E4 (0x00100093) addi x1, x0, 0x1                        exit_cleanup+0
x1 <- 0x0000000000000001

clint mtime 0x0000000000000340 (mip.MTI <- 0b1, mip.STI <- 0b0)
mem[X,0x00000000801221E8] -> 0x1397
mem[X,0x00000000801221EA] -> 0x0000
[1664] [M]: 0x00000000801221E8 (0x00001397) auipc x7, 0x1                           exit_cleanup+4
x7 <- 0x00000000801231E8

mem[X,0x00000000801221EC] -> 0xAC23
mem[X,0x00000000801221EE] -> 0xE013
[1665] [M]: 0x00000000801221EC (0xE013AC23) sw x1, -0x1e8(x7)                       exit_cleanup+8
htif[0x0000000080123000] <- 0x00000001
mem[W,0x0000000080123000] <- 0x00000001

clint mtime 0x0000000000000341 (mip.MTI <- 0b1, mip.STI <- 0b0)
mem[X,0x00000000801221F0] -> 0xF06F
mem[X,0x00000000801221F2] -> 0xFF9F
[1666] [M]: 0x00000000801221F0 (0xFF9FF06F) jal x0, -0x8                            exit_cleanup+12

mem[X,0x00000000801221E8] -> 0x1397
mem[X,0x00000000801221EA] -> 0x0000
[1667] [M]: 0x00000000801221E8 (0x00001397) auipc x7, 0x1                           exit_cleanup+4
x7 <- 0x00000000801231E8

clint mtime 0x0000000000000342 (mip.MTI <- 0b1, mip.STI <- 0b0)
mem[X,0x00000000801221EC] -> 0xAC23
mem[X,0x00000000801221EE] -> 0xE013
[1668] [M]: 0x00000000801221EC (0xE013AC23) sw x1, -0x1e8(x7)                       exit_cleanup+8
htif[0x0000000080123000] <- 0x00000001
mem[W,0x0000000080123000] <- 0x00000001

mem[X,0x00000000801221F0] -> 0xF06F
mem[X,0x00000000801221F2] -> 0xFF9F
[1669] [M]: 0x00000000801221F0 (0xFF9FF06F) jal x0, -0x8                            exit_cleanup+12

clint mtime 0x0000000000000343 (mip.MTI <- 0b1, mip.STI <- 0b0)
mem[X,0x00000000801221E8] -> 0x1397
mem[X,0x00000000801221EA] -> 0x0000
[1670] [M]: 0x00000000801221E8 (0x00001397) auipc x7, 0x1                           exit_cleanup+4
x7 <- 0x00000000801231E8

mem[X,0x00000000801221EC] -> 0xAC23
mem[X,0x00000000801221EE] -> 0xE013
[1671] [M]: 0x00000000801221EC (0xE013AC23) sw x1, -0x1e8(x7)                       exit_cleanup+8
htif[0x0000000080123000] <- 0x00000001
htif-syscall-proxy cmd: 0x000000000001
mem[W,0x0000000080123000] <- 0x00000001

SUCCESS
clint mtime 0x0000000000000344 (mip.MTI <- 0b1, mip.STI <- 0b0)
