using /opt/riscv-arch-test/riscof-plugins/rv64/riscof_work/I/src/ori-01.S/ref/Reference-sail_c_simulator.signature for test-signature output.
setting signature-granularity to 8 bytes
HTIF located at 0x80004000
begin_signature: 0x80006110
end_signature: 0x80006df0
Entry point: 0x80000000
CSR mstatus (0x300) <- 0x0000000A00000000
CSR misa (0x301) <- 0x800000000034112F
CSR mcause (0x342) <- 0x0000000000000000
x10 <- 0x0000000000000000
x11 <- 0x0000000000001000
mem[X,0x0000000080000000] -> 0x0837
mem[X,0x0000000080000002] -> 0x7D5C
[0] [M]: 0x0000000080000000 (0x7D5C0837) lui x16, 0x7d5c0                           rvtest_init+0
x16 <- 0x000000007D5C0000

mem[X,0x0000000080000004] -> 0x0813
mem[X,0x0000000080000006] -> 0xDDB8
[1] [M]: 0x0000000080000004 (0xDDB80813) addi x16, x16, -0x225                      rvtest_init+4
x16 <- 0x000000007D5BFDDB

clint mtime 0x0000000000000001 (mip.MTI <- 0b1, mip.STI <- 0b0)
mem[X,0x0000000080000008] -> 0x1813
mem[X,0x000000008000000A] -> 0x00B8
[2] [M]: 0x0000000080000008 (0x00B81813) slli x16, x16, 0xb                         rvtest_init+8
x16 <- 0x000003EADFEED800

mem[X,0x000000008000000C] -> 0x0813
mem[X,0x000000008000000E] -> 0x3EA8
[3] [M]: 0x000000008000000C (0x3EA80813) addi x16, x16, 0x3ea                       rvtest_init+12
x16 <- 0x000003EADFEEDBEA

clint mtime 0x0000000000000002 (mip.MTI <- 0b1, mip.STI <- 0b0)
mem[X,0x0000000080000010] -> 0x1813
mem[X,0x0000000080000012] -> 0x00B8
[4] [M]: 0x0000000080000010 (0x00B81813) slli x16, x16, 0xb                         rvtest_init+16
x16 <- 0x001F56FF76DF5000

mem[X,0x0000000080000014] -> 0x0813
mem[X,0x0000000080000016] -> 0x6FF8
[5] [M]: 0x0000000080000014 (0x6FF80813) addi x16, x16, 0x6ff                       rvtest_init+20
x16 <- 0x001F56FF76DF56FF

clint mtime 0x0000000000000003 (mip.MTI <- 0b1, mip.STI <- 0b0)
mem[X,0x0000000080000018] -> 0x1813
mem[X,0x000000008000001A] -> 0x00A8
[6] [M]: 0x0000000080000018 (0x00A81813) slli x16, x16, 0xa                         rvtest_init+24
x16 <- 0x7D5BFDDB7D5BFC00

mem[X,0x000000008000001C] -> 0x0813
mem[X,0x000000008000001E] -> 0x1DB8
[7] [M]: 0x000000008000001C (0x1DB80813) addi x16, x16, 0x1db                       rvtest_init+28
x16 <- 0x7D5BFDDB7D5BFDDB

clint mtime 0x0000000000000004 (mip.MTI <- 0b1, mip.STI <- 0b0)
mem[X,0x0000000080000020] -> 0x5893
mem[X,0x0000000080000022] -> 0x0078
[8] [M]: 0x0000000080000020 (0x00785893) srli x17, x16, 0x7                         rvtest_init+32
x17 <- 0x00FAB7FBB6FAB7FB

mem[X,0x0000000080000024] -> 0x5793
mem[X,0x0000000080000026] -> 0x0398
[9] [M]: 0x0000000080000024 (0x03985793) srli x15, x16, 0x39                        rvtest_init+36
x15 <- 0x000000000000003E

clint mtime 0x0000000000000005 (mip.MTI <- 0b1, mip.STI <- 0b0)
mem[X,0x0000000080000028] -> 0xE8B3
mem[X,0x000000008000002A] -> 0x00F8
[10] [M]: 0x0000000080000028 (0x00F8E8B3) or x17, x17, x15                          rvtest_init+40
x17 <- 0x00FAB7FBB6FAB7FF

mem[X,0x000000008000002C] -> 0xD913
mem[X,0x000000008000002E] -> 0x0078
[11] [M]: 0x000000008000002C (0x0078D913) srli x18, x17, 0x7                        rvtest_init+44
x18 <- 0x0001F56FF76DF56F

clint mtime 0x0000000000000006 (mip.MTI <- 0b1, mip.STI <- 0b0)
mem[X,0x0000000080000030] -> 0xD793
mem[X,0x0000000080000032] -> 0x0398
[12] [M]: 0x0000000080000030 (0x0398D793) srli x15, x17, 0x39                       rvtest_init+48
x15 <- 0x0000000000000000

mem[X,0x0000000080000034] -> 0x6933
mem[X,0x0000000080000036] -> 0x00F9
[13] [M]: 0x0000000080000034 (0x00F96933) or x18, x18, x15                          rvtest_init+52
x18 <- 0x0001F56FF76DF56F

clint mtime 0x0000000000000007 (mip.MTI <- 0b1, mip.STI <- 0b0)
mem[X,0x0000000080000038] -> 0x5993
mem[X,0x000000008000003A] -> 0x0079
[14] [M]: 0x0000000080000038 (0x00795993) srli x19, x18, 0x7                        rvtest_init+56
x19 <- 0x000003EADFEEDBEA

mem[X,0x000000008000003C] -> 0x5793
mem[X,0x000000008000003E] -> 0x0399
[15] [M]: 0x000000008000003C (0x03995793) srli x15, x18, 0x39                       rvtest_init+60
x15 <- 0x0000000000000000

clint mtime 0x0000000000000008 (mip.MTI <- 0b1, mip.STI <- 0b0)
mem[X,0x0000000080000040] -> 0xE9B3
mem[X,0x0000000080000042] -> 0x00F9
[16] [M]: 0x0000000080000040 (0x00F9E9B3) or x19, x19, x15                          rvtest_init+64
x19 <- 0x000003EADFEEDBEA

mem[X,0x0000000080000044] -> 0xDA13
mem[X,0x0000000080000046] -> 0x0079
[17] [M]: 0x0000000080000044 (0x0079DA13) srli x20, x19, 0x7                        rvtest_init+68
x20 <- 0x00000007D5BFDDB7

clint mtime 0x0000000000000009 (mip.MTI <- 0b1, mip.STI <- 0b0)
mem[X,0x0000000080000048] -> 0xD793
mem[X,0x000000008000004A] -> 0x0399
[18] [M]: 0x0000000080000048 (0x0399D793) srli x15, x19, 0x39                       rvtest_init+72
x15 <- 0x0000000000000000

mem[X,0x000000008000004C] -> 0x6A33
mem[X,0x000000008000004E] -> 0x00FA
[19] [M]: 0x000000008000004C (0x00FA6A33) or x20, x20, x15                          rvtest_init+76
x20 <- 0x00000007D5BFDDB7

clint mtime 0x000000000000000A (mip.MTI <- 0b1, mip.STI <- 0b0)
mem[X,0x0000000080000050] -> 0x5A93
mem[X,0x0000000080000052] -> 0x007A
[20] [M]: 0x0000000080000050 (0x007A5A93) srli x21, x20, 0x7                        rvtest_init+80
x21 <- 0x000000000FAB7FBB

mem[X,0x0000000080000054] -> 0x5793
mem[X,0x0000000080000056] -> 0x039A
[21] [M]: 0x0000000080000054 (0x039A5793) srli x15, x20, 0x39                       rvtest_init+84
x15 <- 0x0000000000000000

clint mtime 0x000000000000000B (mip.MTI <- 0b1, mip.STI <- 0b0)
mem[X,0x0000000080000058] -> 0xEAB3
mem[X,0x000000008000005A] -> 0x00FA
[22] [M]: 0x0000000080000058 (0x00FAEAB3) or x21, x21, x15                          rvtest_init+88
x21 <- 0x000000000FAB7FBB

mem[X,0x000000008000005C] -> 0xDB13
mem[X,0x000000008000005E] -> 0x007A
[23] [M]: 0x000000008000005C (0x007ADB13) srli x22, x21, 0x7                        rvtest_init+92
x22 <- 0x00000000001F56FF

clint mtime 0x000000000000000C (mip.MTI <- 0b1, mip.STI <- 0b0)
mem[X,0x0000000080000060] -> 0xD793
mem[X,0x0000000080000062] -> 0x039A
[24] [M]: 0x0000000080000060 (0x039AD793) srli x15, x21, 0x39                       rvtest_init+96
x15 <- 0x0000000000000000

mem[X,0x0000000080000064] -> 0x6B33
mem[X,0x0000000080000066] -> 0x00FB
[25] [M]: 0x0000000080000064 (0x00FB6B33) or x22, x22, x15                          rvtest_init+100
x22 <- 0x00000000001F56FF

clint mtime 0x000000000000000D (mip.MTI <- 0b1, mip.STI <- 0b0)
mem[X,0x0000000080000068] -> 0x5B93
mem[X,0x000000008000006A] -> 0x007B
[26] [M]: 0x0000000080000068 (0x007B5B93) srli x23, x22, 0x7                        rvtest_init+104
x23 <- 0x0000000000003EAD

mem[X,0x000000008000006C] -> 0x5793
mem[X,0x000000008000006E] -> 0x039B
[27] [M]: 0x000000008000006C (0x039B5793) srli x15, x22, 0x39                       rvtest_init+108
x15 <- 0x0000000000000000

clint mtime 0x000000000000000E (mip.MTI <- 0b1, mip.STI <- 0b0)
mem[X,0x0000000080000070] -> 0xEBB3
mem[X,0x0000000080000072] -> 0x00FB
[28] [M]: 0x0000000080000070 (0x00FBEBB3) or x23, x23, x15                          rvtest_init+112
x23 <- 0x0000000000003EAD

mem[X,0x0000000080000074] -> 0xDC13
mem[X,0x0000000080000076] -> 0x007B
[29] [M]: 0x0000000080000074 (0x007BDC13) srli x24, x23, 0x7                        rvtest_init+116
x24 <- 0x000000000000007D

clint mtime 0x000000000000000F (mip.MTI <- 0b1, mip.STI <- 0b0)
mem[X,0x0000000080000078] -> 0xD793
mem[X,0x000000008000007A] -> 0x039B
[30] [M]: 0x0000000080000078 (0x039BD793) srli x15, x23, 0x39                       rvtest_init+120
x15 <- 0x0000000000000000

mem[X,0x000000008000007C] -> 0x6C33
mem[X,0x000000008000007E] -> 0x00FC
[31] [M]: 0x000000008000007C (0x00FC6C33) or x24, x24, x15                          rvtest_init+124
x24 <- 0x000000000000007D

clint mtime 0x0000000000000010 (mip.MTI <- 0b1, mip.STI <- 0b0)
mem[X,0x0000000080000080] -> 0x5C93
mem[X,0x0000000080000082] -> 0x007C
[32] [M]: 0x0000000080000080 (0x007C5C93) srli x25, x24, 0x7                        rvtest_init+128
x25 <- 0x0000000000000000

mem[X,0x0000000080000084] -> 0x5793
mem[X,0x0000000080000086] -> 0x039C
[33] [M]: 0x0000000080000084 (0x039C5793) srli x15, x24, 0x39                       rvtest_init+132
x15 <- 0x0000000000000000

clint mtime 0x0000000000000011 (mip.MTI <- 0b1, mip.STI <- 0b0)
mem[X,0x0000000080000088] -> 0xECB3
mem[X,0x000000008000008A] -> 0x00FC
[34] [M]: 0x0000000080000088 (0x00FCECB3) or x25, x25, x15                          rvtest_init+136
x25 <- 0x0000000000000000

mem[X,0x000000008000008C] -> 0xDD13
mem[X,0x000000008000008E] -> 0x007C
[35] [M]: 0x000000008000008C (0x007CDD13) srli x26, x25, 0x7                        rvtest_init+140
x26 <- 0x0000000000000000

clint mtime 0x0000000000000012 (mip.MTI <- 0b1, mip.STI <- 0b0)
mem[X,0x0000000080000090] -> 0xD793
mem[X,0x0000000080000092] -> 0x039C
[36] [M]: 0x0000000080000090 (0x039CD793) srli x15, x25, 0x39                       rvtest_init+144
x15 <- 0x0000000000000000

mem[X,0x0000000080000094] -> 0x6D33
mem[X,0x0000000080000096] -> 0x00FD
[37] [M]: 0x0000000080000094 (0x00FD6D33) or x26, x26, x15                          rvtest_init+148
x26 <- 0x0000000000000000

clint mtime 0x0000000000000013 (mip.MTI <- 0b1, mip.STI <- 0b0)
mem[X,0x0000000080000098] -> 0x5D93
mem[X,0x000000008000009A] -> 0x007D
[38] [M]: 0x0000000080000098 (0x007D5D93) srli x27, x26, 0x7                        rvtest_init+152
x27 <- 0x0000000000000000

mem[X,0x000000008000009C] -> 0x5793
mem[X,0x000000008000009E] -> 0x039D
[39] [M]: 0x000000008000009C (0x039D5793) srli x15, x26, 0x39                       rvtest_init+156
x15 <- 0x0000000000000000

clint mtime 0x0000000000000014 (mip.MTI <- 0b1, mip.STI <- 0b0)
mem[X,0x00000000800000A0] -> 0xEDB3
mem[X,0x00000000800000A2] -> 0x00FD
[40] [M]: 0x00000000800000A0 (0x00FDEDB3) or x27, x27, x15                          rvtest_init+160
x27 <- 0x0000000000000000

mem[X,0x00000000800000A4] -> 0xDE13
mem[X,0x00000000800000A6] -> 0x007D
[41] [M]: 0x00000000800000A4 (0x007DDE13) srli x28, x27, 0x7                        rvtest_init+164
x28 <- 0x0000000000000000

clint mtime 0x0000000000000015 (mip.MTI <- 0b1, mip.STI <- 0b0)
mem[X,0x00000000800000A8] -> 0xD793
mem[X,0x00000000800000AA] -> 0x039D
[42] [M]: 0x00000000800000A8 (0x039DD793) srli x15, x27, 0x39                       rvtest_init+168
x15 <- 0x0000000000000000

mem[X,0x00000000800000AC] -> 0x6E33
mem[X,0x00000000800000AE] -> 0x00FE
[43] [M]: 0x00000000800000AC (0x00FE6E33) or x28, x28, x15                          rvtest_init+172
x28 <- 0x0000000000000000

clint mtime 0x0000000000000016 (mip.MTI <- 0b1, mip.STI <- 0b0)
mem[X,0x00000000800000B0] -> 0x5E93
mem[X,0x00000000800000B2] -> 0x007E
[44] [M]: 0x00000000800000B0 (0x007E5E93) srli x29, x28, 0x7                        rvtest_init+176
x29 <- 0x0000000000000000

mem[X,0x00000000800000B4] -> 0x5793
mem[X,0x00000000800000B6] -> 0x039E
[45] [M]: 0x00000000800000B4 (0x039E5793) srli x15, x28, 0x39                       rvtest_init+180
x15 <- 0x0000000000000000

clint mtime 0x0000000000000017 (mip.MTI <- 0b1, mip.STI <- 0b0)
mem[X,0x00000000800000B8] -> 0xEEB3
mem[X,0x00000000800000BA] -> 0x00FE
[46] [M]: 0x00000000800000B8 (0x00FEEEB3) or x29, x29, x15                          rvtest_init+184
x29 <- 0x0000000000000000

mem[X,0x00000000800000BC] -> 0xDF13
mem[X,0x00000000800000BE] -> 0x007E
[47] [M]: 0x00000000800000BC (0x007EDF13) srli x30, x29, 0x7                        rvtest_init+188
x30 <- 0x0000000000000000

clint mtime 0x0000000000000018 (mip.MTI <- 0b1, mip.STI <- 0b0)
mem[X,0x00000000800000C0] -> 0xD793
mem[X,0x00000000800000C2] -> 0x039E
[48] [M]: 0x00000000800000C0 (0x039ED793) srli x15, x29, 0x39                       rvtest_init+192
x15 <- 0x0000000000000000

mem[X,0x00000000800000C4] -> 0x6F33
mem[X,0x00000000800000C6] -> 0x00FF
[49] [M]: 0x00000000800000C4 (0x00FF6F33) or x30, x30, x15                          rvtest_init+196
x30 <- 0x0000000000000000

clint mtime 0x0000000000000019 (mip.MTI <- 0b1, mip.STI <- 0b0)
mem[X,0x00000000800000C8] -> 0xC0B7
mem[X,0x00000000800000CA] -> 0xFEED
[50] [M]: 0x00000000800000C8 (0xFEEDC0B7) lui x1, -0x1124                           rvtest_init+200
x1 <- 0xFFFFFFFFFEEDC000

mem[X,0x00000000800000CC] -> 0x8093
mem[X,0x00000000800000CE] -> 0xEAD0
[51] [M]: 0x00000000800000CC (0xEAD08093) addi x1, x1, -0x153                       rvtest_init+204
x1 <- 0xFFFFFFFFFEEDBEAD

clint mtime 0x000000000000001A (mip.MTI <- 0b1, mip.STI <- 0b0)
mem[X,0x00000000800000D0] -> 0x9093
mem[X,0x00000000800000D2] -> 0x00B0
[52] [M]: 0x00000000800000D0 (0x00B09093) slli x1, x1, 0xb                          rvtest_init+208
x1 <- 0xFFFFFFF76DF56800

mem[X,0x00000000800000D4] -> 0x8093
mem[X,0x00000000800000D6] -> 0x7F70
[53] [M]: 0x00000000800000D4 (0x7F708093) addi x1, x1, 0x7f7                        rvtest_init+212
x1 <- 0xFFFFFFF76DF56FF7

clint mtime 0x000000000000001B (mip.MTI <- 0b1, mip.STI <- 0b0)
mem[X,0x00000000800000D8] -> 0x9093
mem[X,0x00000000800000DA] -> 0x00B0
[54] [M]: 0x00000000800000D8 (0x00B09093) slli x1, x1, 0xb                          rvtest_init+216
x1 <- 0xFFFFBB6FAB7FB800

mem[X,0x00000000800000DC] -> 0x8093
mem[X,0x00000000800000DE] -> 0x36F0
[55] [M]: 0x00000000800000DC (0x36F08093) addi x1, x1, 0x36f                        rvtest_init+220
x1 <- 0xFFFFBB6FAB7FBB6F

clint mtime 0x000000000000001C (mip.MTI <- 0b1, mip.STI <- 0b0)
mem[X,0x00000000800000E0] -> 0x9093
mem[X,0x00000000800000E2] -> 0x00A0
[56] [M]: 0x00000000800000E0 (0x00A09093) slli x1, x1, 0xa                          rvtest_init+224
x1 <- 0xFEEDBEADFEEDBC00

mem[X,0x00000000800000E4] -> 0x8093
mem[X,0x00000000800000E6] -> 0x2AD0
[57] [M]: 0x00000000800000E4 (0x2AD08093) addi x1, x1, 0x2ad                        rvtest_init+228
x1 <- 0xFEEDBEADFEEDBEAD

clint mtime 0x000000000000001D (mip.MTI <- 0b1, mip.STI <- 0b0)
mem[X,0x00000000800000E8] -> 0xD113
mem[X,0x00000000800000EA] -> 0x0070
[58] [M]: 0x00000000800000E8 (0x0070D113) srli x2, x1, 0x7                          rvtest_init+232
x2 <- 0x01FDDB7D5BFDDB7D

mem[X,0x00000000800000EC] -> 0xD793
mem[X,0x00000000800000EE] -> 0x0390
[59] [M]: 0x00000000800000EC (0x0390D793) srli x15, x1, 0x39                        rvtest_init+236
x15 <- 0x000000000000007F

clint mtime 0x000000000000001E (mip.MTI <- 0b1, mip.STI <- 0b0)
mem[X,0x00000000800000F0] -> 0x6133
mem[X,0x00000000800000F2] -> 0x00F1
[60] [M]: 0x00000000800000F0 (0x00F16133) or x2, x2, x15                            rvtest_init+240
x2 <- 0x01FDDB7D5BFDDB7F

mem[X,0x00000000800000F4] -> 0x5193
mem[X,0x00000000800000F6] -> 0x0071
[61] [M]: 0x00000000800000F4 (0x00715193) srli x3, x2, 0x7                          rvtest_init+244
x3 <- 0x0003FBB6FAB7FBB6

clint mtime 0x000000000000001F (mip.MTI <- 0b1, mip.STI <- 0b0)
mem[X,0x00000000800000F8] -> 0x5793
mem[X,0x00000000800000FA] -> 0x0391
[62] [M]: 0x00000000800000F8 (0x03915793) srli x15, x2, 0x39                        rvtest_init+248
x15 <- 0x0000000000000000

mem[X,0x00000000800000FC] -> 0xE1B3
mem[X,0x00000000800000FE] -> 0x00F1
[63] [M]: 0x00000000800000FC (0x00F1E1B3) or x3, x3, x15                            rvtest_init+252
x3 <- 0x0003FBB6FAB7FBB6

clint mtime 0x0000000000000020 (mip.MTI <- 0b1, mip.STI <- 0b0)
mem[X,0x0000000080000100] -> 0xD213
mem[X,0x0000000080000102] -> 0x0071
[64] [M]: 0x0000000080000100 (0x0071D213) srli x4, x3, 0x7                          rvtest_init+256
x4 <- 0x000007F76DF56FF7

mem[X,0x0000000080000104] -> 0xD793
mem[X,0x0000000080000106] -> 0x0391
[65] [M]: 0x0000000080000104 (0x0391D793) srli x15, x3, 0x39                        rvtest_init+260
x15 <- 0x0000000000000000

clint mtime 0x0000000000000021 (mip.MTI <- 0b1, mip.STI <- 0b0)
mem[X,0x0000000080000108] -> 0x6233
mem[X,0x000000008000010A] -> 0x00F2
[66] [M]: 0x0000000080000108 (0x00F26233) or x4, x4, x15                            rvtest_init+264
x4 <- 0x000007F76DF56FF7

mem[X,0x000000008000010C] -> 0x5293
mem[X,0x000000008000010E] -> 0x0072
[67] [M]: 0x000000008000010C (0x00725293) srli x5, x4, 0x7                          rvtest_init+268
x5 <- 0x0000000FEEDBEADF

clint mtime 0x0000000000000022 (mip.MTI <- 0b1, mip.STI <- 0b0)
mem[X,0x0000000080000110] -> 0x5793
mem[X,0x0000000080000112] -> 0x0392
[68] [M]: 0x0000000080000110 (0x03925793) srli x15, x4, 0x39                        rvtest_init+272
x15 <- 0x0000000000000000

mem[X,0x0000000080000114] -> 0xE2B3
mem[X,0x0000000080000116] -> 0x00F2
[69] [M]: 0x0000000080000114 (0x00F2E2B3) or x5, x5, x15                            rvtest_init+276
x5 <- 0x0000000FEEDBEADF

clint mtime 0x0000000000000023 (mip.MTI <- 0b1, mip.STI <- 0b0)
mem[X,0x0000000080000118] -> 0xD313
mem[X,0x000000008000011A] -> 0x0072
[70] [M]: 0x0000000080000118 (0x0072D313) srli x6, x5, 0x7                          rvtest_init+280
x6 <- 0x000000001FDDB7D5

mem[X,0x000000008000011C] -> 0xD793
mem[X,0x000000008000011E] -> 0x0392
[71] [M]: 0x000000008000011C (0x0392D793) srli x15, x5, 0x39                        rvtest_init+284
x15 <- 0x0000000000000000

clint mtime 0x0000000000000024 (mip.MTI <- 0b1, mip.STI <- 0b0)
mem[X,0x0000000080000120] -> 0x6333
mem[X,0x0000000080000122] -> 0x00F3
[72] [M]: 0x0000000080000120 (0x00F36333) or x6, x6, x15                            rvtest_init+288
x6 <- 0x000000001FDDB7D5

mem[X,0x0000000080000124] -> 0x5393
mem[X,0x0000000080000126] -> 0x0073
[73] [M]: 0x0000000080000124 (0x00735393) srli x7, x6, 0x7                          rvtest_init+292
x7 <- 0x00000000003FBB6F

clint mtime 0x0000000000000025 (mip.MTI <- 0b1, mip.STI <- 0b0)
mem[X,0x0000000080000128] -> 0x5793
mem[X,0x000000008000012A] -> 0x0393
[74] [M]: 0x0000000080000128 (0x03935793) srli x15, x6, 0x39                        rvtest_init+296
x15 <- 0x0000000000000000

mem[X,0x000000008000012C] -> 0xE3B3
mem[X,0x000000008000012E] -> 0x00F3
[75] [M]: 0x000000008000012C (0x00F3E3B3) or x7, x7, x15                            rvtest_init+300
x7 <- 0x00000000003FBB6F

clint mtime 0x0000000000000026 (mip.MTI <- 0b1, mip.STI <- 0b0)
mem[X,0x0000000080000130] -> 0xD413
mem[X,0x0000000080000132] -> 0x0073
[76] [M]: 0x0000000080000130 (0x0073D413) srli x8, x7, 0x7                          rvtest_init+304
x8 <- 0x0000000000007F76

mem[X,0x0000000080000134] -> 0xD793
mem[X,0x0000000080000136] -> 0x0393
[77] [M]: 0x0000000080000134 (0x0393D793) srli x15, x7, 0x39                        rvtest_init+308
x15 <- 0x0000000000000000

clint mtime 0x0000000000000027 (mip.MTI <- 0b1, mip.STI <- 0b0)
mem[X,0x0000000080000138] -> 0x6433
mem[X,0x000000008000013A] -> 0x00F4
[78] [M]: 0x0000000080000138 (0x00F46433) or x8, x8, x15                            rvtest_init+312
x8 <- 0x0000000000007F76

mem[X,0x000000008000013C] -> 0x5493
mem[X,0x000000008000013E] -> 0x0074
[79] [M]: 0x000000008000013C (0x00745493) srli x9, x8, 0x7                          rvtest_init+316
x9 <- 0x00000000000000FE

clint mtime 0x0000000000000028 (mip.MTI <- 0b1, mip.STI <- 0b0)
mem[X,0x0000000080000140] -> 0x5793
mem[X,0x0000000080000142] -> 0x0394
[80] [M]: 0x0000000080000140 (0x03945793) srli x15, x8, 0x39                        rvtest_init+320
x15 <- 0x0000000000000000

mem[X,0x0000000080000144] -> 0xE4B3
mem[X,0x0000000080000146] -> 0x00F4
[81] [M]: 0x0000000080000144 (0x00F4E4B3) or x9, x9, x15                            rvtest_init+324
x9 <- 0x00000000000000FE

clint mtime 0x0000000000000029 (mip.MTI <- 0b1, mip.STI <- 0b0)
mem[X,0x0000000080000148] -> 0xD513
mem[X,0x000000008000014A] -> 0x0074
[82] [M]: 0x0000000080000148 (0x0074D513) srli x10, x9, 0x7                         rvtest_init+328
x10 <- 0x0000000000000001

mem[X,0x000000008000014C] -> 0xD793
mem[X,0x000000008000014E] -> 0x0394
[83] [M]: 0x000000008000014C (0x0394D793) srli x15, x9, 0x39                        rvtest_init+332
x15 <- 0x0000000000000000

clint mtime 0x000000000000002A (mip.MTI <- 0b1, mip.STI <- 0b0)
mem[X,0x0000000080000150] -> 0x6533
mem[X,0x0000000080000152] -> 0x00F5
[84] [M]: 0x0000000080000150 (0x00F56533) or x10, x10, x15                          rvtest_init+336
x10 <- 0x0000000000000001

mem[X,0x0000000080000154] -> 0x5593
mem[X,0x0000000080000156] -> 0x0075
[85] [M]: 0x0000000080000154 (0x00755593) srli x11, x10, 0x7                        rvtest_init+340
x11 <- 0x0000000000000000

clint mtime 0x000000000000002B (mip.MTI <- 0b1, mip.STI <- 0b0)
mem[X,0x0000000080000158] -> 0x5793
mem[X,0x000000008000015A] -> 0x0395
[86] [M]: 0x0000000080000158 (0x03955793) srli x15, x10, 0x39                       rvtest_init+344
x15 <- 0x0000000000000000

mem[X,0x000000008000015C] -> 0xE5B3
mem[X,0x000000008000015E] -> 0x00F5
[87] [M]: 0x000000008000015C (0x00F5E5B3) or x11, x11, x15                          rvtest_init+348
x11 <- 0x0000000000000000

clint mtime 0x000000000000002C (mip.MTI <- 0b1, mip.STI <- 0b0)
mem[X,0x0000000080000160] -> 0xD613
mem[X,0x0000000080000162] -> 0x0075
[88] [M]: 0x0000000080000160 (0x0075D613) srli x12, x11, 0x7                        rvtest_init+352
x12 <- 0x0000000000000000

mem[X,0x0000000080000164] -> 0xD793
mem[X,0x0000000080000166] -> 0x0395
[89] [M]: 0x0000000080000164 (0x0395D793) srli x15, x11, 0x39                       rvtest_init+356
x15 <- 0x0000000000000000

clint mtime 0x000000000000002D (mip.MTI <- 0b1, mip.STI <- 0b0)
mem[X,0x0000000080000168] -> 0x6633
mem[X,0x000000008000016A] -> 0x00F6
[90] [M]: 0x0000000080000168 (0x00F66633) or x12, x12, x15                          rvtest_init+360
x12 <- 0x0000000000000000

mem[X,0x000000008000016C] -> 0x5693
mem[X,0x000000008000016E] -> 0x0076
[91] [M]: 0x000000008000016C (0x00765693) srli x13, x12, 0x7                        rvtest_init+364
x13 <- 0x0000000000000000

clint mtime 0x000000000000002E (mip.MTI <- 0b1, mip.STI <- 0b0)
mem[X,0x0000000080000170] -> 0x5793
mem[X,0x0000000080000172] -> 0x0396
[92] [M]: 0x0000000080000170 (0x03965793) srli x15, x12, 0x39                       rvtest_init+368
x15 <- 0x0000000000000000

mem[X,0x0000000080000174] -> 0xE6B3
mem[X,0x0000000080000176] -> 0x00F6
[93] [M]: 0x0000000080000174 (0x00F6E6B3) or x13, x13, x15                          rvtest_init+372
x13 <- 0x0000000000000000

clint mtime 0x000000000000002F (mip.MTI <- 0b1, mip.STI <- 0b0)
mem[X,0x0000000080000178] -> 0x0013
mem[X,0x000000008000017A] -> 0x0000
[94] [M]: 0x0000000080000178 (0x00000013) addi x0, x0, 0x0                          rvtest_code_begin+0

mem[X,0x000000008000017C] -> 0x0013
mem[X,0x000000008000017E] -> 0x0000
[95] [M]: 0x000000008000017C (0x00000013) addi x0, x0, 0x0                          rvtest_code_begin+4

clint mtime 0x0000000000000030 (mip.MTI <- 0b1, mip.STI <- 0b0)
mem[X,0x0000000080000180] -> 0x6097
mem[X,0x0000000080000182] -> 0x0000
[96] [M]: 0x0000000080000180 (0x00006097) auipc x1, 0x6                             rvtest_code_begin+8
x1 <- 0x0000000080006180

mem[X,0x0000000080000184] -> 0x8093
mem[X,0x0000000080000186] -> 0xF980
[97] [M]: 0x0000000080000184 (0xF9808093) addi x1, x1, -0x68                        rvtest_code_begin+12
x1 <- 0x0000000080006118

clint mtime 0x0000000000000031 (mip.MTI <- 0b1, mip.STI <- 0b0)
mem[X,0x0000000080000188] -> 0x0013
mem[X,0x000000008000018A] -> 0x0000
[98] [M]: 0x0000000080000188 (0x00000013) addi x0, x0, 0x0                          rvtest_code_begin+16

mem[X,0x000000008000018C] -> 0x0013
mem[X,0x000000008000018E] -> 0x0000
[99] [M]: 0x000000008000018C (0x00000013) addi x0, x0, 0x0                          rvtest_code_begin+20

clint mtime 0x0000000000000032 (mip.MTI <- 0b1, mip.STI <- 0b0)
mem[X,0x0000000080000190] -> 0x0013
mem[X,0x0000000080000192] -> 0x0000
[100] [M]: 0x0000000080000190 (0x00000013) addi x0, x0, 0x0                         rvtest_code_begin+24

mem[X,0x0000000080000194] -> 0x0013
mem[X,0x0000000080000196] -> 0x0000
[101] [M]: 0x0000000080000194 (0x00000013) addi x0, x0, 0x0                         rvtest_code_begin+28

clint mtime 0x0000000000000033 (mip.MTI <- 0b1, mip.STI <- 0b0)
mem[X,0x0000000080000198] -> 0x0013
mem[X,0x000000008000019A] -> 0x0000
[102] [M]: 0x0000000080000198 (0x00000013) addi x0, x0, 0x0                         rvtest_code_begin+32

mem[X,0x000000008000019C] -> 0x0013
mem[X,0x000000008000019E] -> 0x0000
[103] [M]: 0x000000008000019C (0x00000013) addi x0, x0, 0x0                         rvtest_code_begin+36

clint mtime 0x0000000000000034 (mip.MTI <- 0b1, mip.STI <- 0b0)
mem[X,0x00000000800001A0] -> 0x0FB7
mem[X,0x00000000800001A2] -> 0x0000
[104] [M]: 0x00000000800001A0 (0x00000FB7) lui x31, 0x0                             inst_0+0
x31 <- 0x0000000000000000

mem[X,0x00000000800001A4] -> 0x8F93
mem[X,0x00000000800001A6] -> 0x000F
[105] [M]: 0x00000000800001A4 (0x000F8F93) addi x31, x31, 0x0                       inst_0+4
x31 <- 0x0000000000000000

clint mtime 0x0000000000000035 (mip.MTI <- 0b1, mip.STI <- 0b0)
mem[X,0x00000000800001A8] -> 0x9F93
mem[X,0x00000000800001AA] -> 0x00BF
[106] [M]: 0x00000000800001A8 (0x00BF9F93) slli x31, x31, 0xb                       inst_0+8
x31 <- 0x0000000000000000

mem[X,0x00000000800001AC] -> 0x8F93
mem[X,0x00000000800001AE] -> 0x5A8F
[107] [M]: 0x00000000800001AC (0x5A8F8F93) addi x31, x31, 0x5a8                     inst_0+12
x31 <- 0x00000000000005A8

clint mtime 0x0000000000000036 (mip.MTI <- 0b1, mip.STI <- 0b0)
mem[X,0x00000000800001B0] -> 0x9F93
mem[X,0x00000000800001B2] -> 0x00BF
[108] [M]: 0x00000000800001B0 (0x00BF9F93) slli x31, x31, 0xb                       inst_0+16
x31 <- 0x00000000002D4000

mem[X,0x00000000800001B4] -> 0x8F93
mem[X,0x00000000800001B6] -> 0x13CF
[109] [M]: 0x00000000800001B4 (0x13CF8F93) addi x31, x31, 0x13c                     inst_0+20
x31 <- 0x00000000002D413C

clint mtime 0x0000000000000037 (mip.MTI <- 0b1, mip.STI <- 0b0)
mem[X,0x00000000800001B8] -> 0x9F93
mem[X,0x00000000800001BA] -> 0x00AF
[110] [M]: 0x00000000800001B8 (0x00AF9F93) slli x31, x31, 0xa                       inst_0+24
x31 <- 0x00000000B504F000

mem[X,0x00000000800001BC] -> 0x8F93
mem[X,0x00000000800001BE] -> 0x334F
[111] [M]: 0x00000000800001BC (0x334F8F93) addi x31, x31, 0x334                     inst_0+28
x31 <- 0x00000000B504F334

clint mtime 0x0000000000000038 (mip.MTI <- 0b1, mip.STI <- 0b0)
mem[X,0x00000000800001C0] -> 0xEF93
mem[X,0x00000000800001C2] -> 0x02EF
[112] [M]: 0x00000000800001C0 (0x02EFEF93) ori x31, x31, 0x2e                       inst_0+32
x31 <- 0x00000000B504F33E

mem[X,0x00000000800001C4] -> 0xB023
mem[X,0x00000000800001C6] -> 0x01F0
[113] [M]: 0x00000000800001C4 (0x01F0B023) sd x31, 0x0(x1)                          inst_0+36
mem[W,0x0000000080006118] <- 0x00000000B504F33E

clint mtime 0x0000000000000039 (mip.MTI <- 0b1, mip.STI <- 0b0)
mem[X,0x00000000800001C8] -> 0x0EB7
mem[X,0x00000000800001CA] -> 0x0000
[114] [M]: 0x00000000800001C8 (0x00000EB7) lui x29, 0x0                             inst_1+0
x29 <- 0x0000000000000000

mem[X,0x00000000800001CC] -> 0x8E93
mem[X,0x00000000800001CE] -> 0x000E
[115] [M]: 0x00000000800001CC (0x000E8E93) addi x29, x29, 0x0                       inst_1+4
x29 <- 0x0000000000000000

clint mtime 0x000000000000003A (mip.MTI <- 0b1, mip.STI <- 0b0)
mem[X,0x00000000800001D0] -> 0x9E93
mem[X,0x00000000800001D2] -> 0x00BE
[116] [M]: 0x00000000800001D0 (0x00BE9E93) slli x29, x29, 0xb                       inst_1+8
x29 <- 0x0000000000000000

mem[X,0x00000000800001D4] -> 0x8E93
mem[X,0x00000000800001D6] -> 0x5A8E
[117] [M]: 0x00000000800001D4 (0x5A8E8E93) addi x29, x29, 0x5a8                     inst_1+12
x29 <- 0x00000000000005A8

clint mtime 0x000000000000003B (mip.MTI <- 0b1, mip.STI <- 0b0)
mem[X,0x00000000800001D8] -> 0x9E93
mem[X,0x00000000800001DA] -> 0x00BE
[118] [M]: 0x00000000800001D8 (0x00BE9E93) slli x29, x29, 0xb                       inst_1+16
x29 <- 0x00000000002D4000

mem[X,0x00000000800001DC] -> 0x8E93
mem[X,0x00000000800001DE] -> 0x13CE
[119] [M]: 0x00000000800001DC (0x13CE8E93) addi x29, x29, 0x13c                     inst_1+20
x29 <- 0x00000000002D413C

clint mtime 0x000000000000003C (mip.MTI <- 0b1, mip.STI <- 0b0)
mem[X,0x00000000800001E0] -> 0x9E93
mem[X,0x00000000800001E2] -> 0x00AE
[120] [M]: 0x00000000800001E0 (0x00AE9E93) slli x29, x29, 0xa                       inst_1+24
x29 <- 0x00000000B504F000

mem[X,0x00000000800001E4] -> 0x8E93
mem[X,0x00000000800001E6] -> 0x334E
[121] [M]: 0x00000000800001E4 (0x334E8E93) addi x29, x29, 0x334                     inst_1+28
x29 <- 0x00000000B504F334

clint mtime 0x000000000000003D (mip.MTI <- 0b1, mip.STI <- 0b0)
mem[X,0x00000000800001E8] -> 0xEF13
mem[X,0x00000000800001EA] -> 0xFD4E
[122] [M]: 0x00000000800001E8 (0xFD4EEF13) ori x30, x29, -0x2c                      inst_1+32
x30 <- 0xFFFFFFFFFFFFFFF4

mem[X,0x00000000800001EC] -> 0xB423
mem[X,0x00000000800001EE] -> 0x01E0
[123] [M]: 0x00000000800001EC (0x01E0B423) sd x30, 0x8(x1)                          inst_1+36
mem[W,0x0000000080006120] <- 0xFFFFFFFFFFFFFFF4

clint mtime 0x000000000000003E (mip.MTI <- 0b1, mip.STI <- 0b0)
mem[X,0x00000000800001F0] -> 0x0F37
mem[X,0x00000000800001F2] -> 0x0000
[124] [M]: 0x00000000800001F0 (0x00000F37) lui x30, 0x0                             inst_2+0
x30 <- 0x0000000000000000

mem[X,0x00000000800001F4] -> 0x0F13
mem[X,0x00000000800001F6] -> 0x000F
[125] [M]: 0x00000000800001F4 (0x000F0F13) addi x30, x30, 0x0                       inst_2+4
x30 <- 0x0000000000000000

clint mtime 0x000000000000003F (mip.MTI <- 0b1, mip.STI <- 0b0)
mem[X,0x00000000800001F8] -> 0x1F13
mem[X,0x00000000800001FA] -> 0x00BF
[126] [M]: 0x00000000800001F8 (0x00BF1F13) slli x30, x30, 0xb                       inst_2+8
x30 <- 0x0000000000000000

mem[X,0x00000000800001FC] -> 0x0F13
mem[X,0x00000000800001FE] -> 0x5A8F
[127] [M]: 0x00000000800001FC (0x5A8F0F13) addi x30, x30, 0x5a8                     inst_2+12
x30 <- 0x00000000000005A8

clint mtime 0x0000000000000040 (mip.MTI <- 0b1, mip.STI <- 0b0)
mem[X,0x0000000080000200] -> 0x1F13
mem[X,0x0000000080000202] -> 0x00BF
[128] [M]: 0x0000000080000200 (0x00BF1F13) slli x30, x30, 0xb                       inst_2+16
x30 <- 0x00000000002D4000

mem[X,0x0000000080000204] -> 0x0F13
mem[X,0x0000000080000206] -> 0x13CF
[129] [M]: 0x0000000080000204 (0x13CF0F13) addi x30, x30, 0x13c                     inst_2+20
x30 <- 0x00000000002D413C

clint mtime 0x0000000000000041 (mip.MTI <- 0b1, mip.STI <- 0b0)
mem[X,0x0000000080000208] -> 0x1F13
mem[X,0x000000008000020A] -> 0x00AF
[130] [M]: 0x0000000080000208 (0x00AF1F13) slli x30, x30, 0xa                       inst_2+24
x30 <- 0x00000000B504F000

mem[X,0x000000008000020C] -> 0x0F13
mem[X,0x000000008000020E] -> 0x334F
[131] [M]: 0x000000008000020C (0x334F0F13) addi x30, x30, 0x334                     inst_2+28
x30 <- 0x00000000B504F334

clint mtime 0x0000000000000042 (mip.MTI <- 0b1, mip.STI <- 0b0)
mem[X,0x0000000080000210] -> 0x6E93
mem[X,0x0000000080000212] -> 0x667F
[132] [M]: 0x0000000080000210 (0x667F6E93) ori x29, x30, 0x667                      inst_2+32
x29 <- 0x00000000B504F777

mem[X,0x0000000080000214] -> 0xB823
mem[X,0x0000000080000216] -> 0x01D0
[133] [M]: 0x0000000080000214 (0x01D0B823) sd x29, 0x10(x1)                         inst_2+36
mem[W,0x0000000080006128] <- 0x00000000B504F777

clint mtime 0x0000000000000043 (mip.MTI <- 0b1, mip.STI <- 0b0)
mem[X,0x0000000080000218] -> 0x0DB7
mem[X,0x000000008000021A] -> 0x0000
[134] [M]: 0x0000000080000218 (0x00000DB7) lui x27, 0x0                             inst_3+0
x27 <- 0x0000000000000000

mem[X,0x000000008000021C] -> 0x8D93
mem[X,0x000000008000021E] -> 0x000D
[135] [M]: 0x000000008000021C (0x000D8D93) addi x27, x27, 0x0                       inst_3+4
x27 <- 0x0000000000000000

clint mtime 0x0000000000000044 (mip.MTI <- 0b1, mip.STI <- 0b0)
mem[X,0x0000000080000220] -> 0x9D93
mem[X,0x0000000080000222] -> 0x00BD
[136] [M]: 0x0000000080000220 (0x00BD9D93) slli x27, x27, 0xb                       inst_3+8
x27 <- 0x0000000000000000

mem[X,0x0000000080000224] -> 0x8D93
mem[X,0x0000000080000226] -> 0x5A8D
[137] [M]: 0x0000000080000224 (0x5A8D8D93) addi x27, x27, 0x5a8                     inst_3+12
x27 <- 0x00000000000005A8

clint mtime 0x0000000000000045 (mip.MTI <- 0b1, mip.STI <- 0b0)
mem[X,0x0000000080000228] -> 0x9D93
mem[X,0x000000008000022A] -> 0x00BD
[138] [M]: 0x0000000080000228 (0x00BD9D93) slli x27, x27, 0xb                       inst_3+16
x27 <- 0x00000000002D4000

mem[X,0x000000008000022C] -> 0x8D93
mem[X,0x000000008000022E] -> 0x13CD
[139] [M]: 0x000000008000022C (0x13CD8D93) addi x27, x27, 0x13c                     inst_3+20
x27 <- 0x00000000002D413C

clint mtime 0x0000000000000046 (mip.MTI <- 0b1, mip.STI <- 0b0)
mem[X,0x0000000080000230] -> 0x9D93
mem[X,0x0000000080000232] -> 0x00AD
[140] [M]: 0x0000000080000230 (0x00AD9D93) slli x27, x27, 0xa                       inst_3+24
x27 <- 0x00000000B504F000

mem[X,0x0000000080000234] -> 0x8D93
mem[X,0x0000000080000236] -> 0x334D
[141] [M]: 0x0000000080000234 (0x334D8D93) addi x27, x27, 0x334                     inst_3+28
x27 <- 0x00000000B504F334

clint mtime 0x0000000000000047 (mip.MTI <- 0b1, mip.STI <- 0b0)
mem[X,0x0000000080000238] -> 0xEE13
mem[X,0x000000008000023A] -> 0x334D
[142] [M]: 0x0000000080000238 (0x334DEE13) ori x28, x27, 0x334                      inst_3+32
x28 <- 0x00000000B504F334

mem[X,0x000000008000023C] -> 0xBC23
mem[X,0x000000008000023E] -> 0x01C0
[143] [M]: 0x000000008000023C (0x01C0BC23) sd x28, 0x18(x1)                         inst_3+36
mem[W,0x0000000080006130] <- 0x00000000B504F334

clint mtime 0x0000000000000048 (mip.MTI <- 0b1, mip.STI <- 0b0)
mem[X,0x0000000080000240] -> 0x0E37
mem[X,0x0000000080000242] -> 0x0000
[144] [M]: 0x0000000080000240 (0x00000E37) lui x28, 0x0                             inst_4+0
x28 <- 0x0000000000000000

mem[X,0x0000000080000244] -> 0x0E13
mem[X,0x0000000080000246] -> 0x000E
[145] [M]: 0x0000000080000244 (0x000E0E13) addi x28, x28, 0x0                       inst_4+4
x28 <- 0x0000000000000000

clint mtime 0x0000000000000049 (mip.MTI <- 0b1, mip.STI <- 0b0)
mem[X,0x0000000080000248] -> 0x1E13
mem[X,0x000000008000024A] -> 0x00BE
[146] [M]: 0x0000000080000248 (0x00BE1E13) slli x28, x28, 0xb                       inst_4+8
x28 <- 0x0000000000000000

mem[X,0x000000008000024C] -> 0x0E13
mem[X,0x000000008000024E] -> 0x5A8E
[147] [M]: 0x000000008000024C (0x5A8E0E13) addi x28, x28, 0x5a8                     inst_4+12
x28 <- 0x00000000000005A8

clint mtime 0x000000000000004A (mip.MTI <- 0b1, mip.STI <- 0b0)
mem[X,0x0000000080000250] -> 0x1E13
mem[X,0x0000000080000252] -> 0x00BE
[148] [M]: 0x0000000080000250 (0x00BE1E13) slli x28, x28, 0xb                       inst_4+16
x28 <- 0x00000000002D4000

mem[X,0x0000000080000254] -> 0x0E13
mem[X,0x0000000080000256] -> 0x13CE
[149] [M]: 0x0000000080000254 (0x13CE0E13) addi x28, x28, 0x13c                     inst_4+20
x28 <- 0x00000000002D413C

clint mtime 0x000000000000004B (mip.MTI <- 0b1, mip.STI <- 0b0)
mem[X,0x0000000080000258] -> 0x1E13
mem[X,0x000000008000025A] -> 0x00AE
[150] [M]: 0x0000000080000258 (0x00AE1E13) slli x28, x28, 0xa                       inst_4+24
x28 <- 0x00000000B504F000

mem[X,0x000000008000025C] -> 0x0E13
mem[X,0x000000008000025E] -> 0x334E
[151] [M]: 0x000000008000025C (0x334E0E13) addi x28, x28, 0x334                     inst_4+28
x28 <- 0x00000000B504F334

clint mtime 0x000000000000004C (mip.MTI <- 0b1, mip.STI <- 0b0)
mem[X,0x0000000080000260] -> 0x6D93
mem[X,0x0000000080000262] -> 0x006E
[152] [M]: 0x0000000080000260 (0x006E6D93) ori x27, x28, 0x6                        inst_4+32
x27 <- 0x00000000B504F336

mem[X,0x0000000080000264] -> 0xB023
mem[X,0x0000000080000266] -> 0x03B0
[153] [M]: 0x0000000080000264 (0x03B0B023) sd x27, 0x20(x1)                         inst_4+36
mem[W,0x0000000080006138] <- 0x00000000B504F336

clint mtime 0x000000000000004D (mip.MTI <- 0b1, mip.STI <- 0b0)
mem[X,0x0000000080000268] -> 0x0CB7
mem[X,0x000000008000026A] -> 0x0000
[154] [M]: 0x0000000080000268 (0x00000CB7) lui x25, 0x0                             inst_5+0
x25 <- 0x0000000000000000

mem[X,0x000000008000026C] -> 0x8C93
mem[X,0x000000008000026E] -> 0x000C
[155] [M]: 0x000000008000026C (0x000C8C93) addi x25, x25, 0x0                       inst_5+4
x25 <- 0x0000000000000000

clint mtime 0x000000000000004E (mip.MTI <- 0b1, mip.STI <- 0b0)
mem[X,0x0000000080000270] -> 0x9C93
mem[X,0x0000000080000272] -> 0x00BC
[156] [M]: 0x0000000080000270 (0x00BC9C93) slli x25, x25, 0xb                       inst_5+8
x25 <- 0x0000000000000000

mem[X,0x0000000080000274] -> 0x8C93
mem[X,0x0000000080000276] -> 0x5A8C
[157] [M]: 0x0000000080000274 (0x5A8C8C93) addi x25, x25, 0x5a8                     inst_5+12
x25 <- 0x00000000000005A8

clint mtime 0x000000000000004F (mip.MTI <- 0b1, mip.STI <- 0b0)
mem[X,0x0000000080000278] -> 0x9C93
mem[X,0x000000008000027A] -> 0x00BC
[158] [M]: 0x0000000080000278 (0x00BC9C93) slli x25, x25, 0xb                       inst_5+16
x25 <- 0x00000000002D4000

mem[X,0x000000008000027C] -> 0x8C93
mem[X,0x000000008000027E] -> 0x13CC
[159] [M]: 0x000000008000027C (0x13CC8C93) addi x25, x25, 0x13c                     inst_5+20
x25 <- 0x00000000002D413C

clint mtime 0x0000000000000050 (mip.MTI <- 0b1, mip.STI <- 0b0)
mem[X,0x0000000080000280] -> 0x9C93
mem[X,0x0000000080000282] -> 0x00AC
[160] [M]: 0x0000000080000280 (0x00AC9C93) slli x25, x25, 0xa                       inst_5+24
x25 <- 0x00000000B504F000

mem[X,0x0000000080000284] -> 0x8C93
mem[X,0x0000000080000286] -> 0x334C
[161] [M]: 0x0000000080000284 (0x334C8C93) addi x25, x25, 0x334                     inst_5+28
x25 <- 0x00000000B504F334

clint mtime 0x0000000000000051 (mip.MTI <- 0b1, mip.STI <- 0b0)
mem[X,0x0000000080000288] -> 0xED13
mem[X,0x000000008000028A] -> 0xAABC
[162] [M]: 0x0000000080000288 (0xAABCED13) ori x26, x25, -0x555                     inst_5+32
x26 <- 0xFFFFFFFFFFFFFBBF

mem[X,0x000000008000028C] -> 0xB423
mem[X,0x000000008000028E] -> 0x03A0
[163] [M]: 0x000000008000028C (0x03A0B423) sd x26, 0x28(x1)                         inst_5+36
mem[W,0x0000000080006140] <- 0xFFFFFFFFFFFFFBBF

clint mtime 0x0000000000000052 (mip.MTI <- 0b1, mip.STI <- 0b0)
mem[X,0x0000000080000290] -> 0x0D37
mem[X,0x0000000080000292] -> 0x0000
[164] [M]: 0x0000000080000290 (0x00000D37) lui x26, 0x0                             inst_6+0
x26 <- 0x0000000000000000

mem[X,0x0000000080000294] -> 0x0D13
mem[X,0x0000000080000296] -> 0x000D
[165] [M]: 0x0000000080000294 (0x000D0D13) addi x26, x26, 0x0                       inst_6+4
x26 <- 0x0000000000000000

clint mtime 0x0000000000000053 (mip.MTI <- 0b1, mip.STI <- 0b0)
mem[X,0x0000000080000298] -> 0x1D13
mem[X,0x000000008000029A] -> 0x00BD
[166] [M]: 0x0000000080000298 (0x00BD1D13) slli x26, x26, 0xb                       inst_6+8
x26 <- 0x0000000000000000

mem[X,0x000000008000029C] -> 0x0D13
mem[X,0x000000008000029E] -> 0x5A8D
[167] [M]: 0x000000008000029C (0x5A8D0D13) addi x26, x26, 0x5a8                     inst_6+12
x26 <- 0x00000000000005A8

clint mtime 0x0000000000000054 (mip.MTI <- 0b1, mip.STI <- 0b0)
mem[X,0x00000000800002A0] -> 0x1D13
mem[X,0x00000000800002A2] -> 0x00BD
[168] [M]: 0x00000000800002A0 (0x00BD1D13) slli x26, x26, 0xb                       inst_6+16
x26 <- 0x00000000002D4000

mem[X,0x00000000800002A4] -> 0x0D13
mem[X,0x00000000800002A6] -> 0x13CD
[169] [M]: 0x00000000800002A4 (0x13CD0D13) addi x26, x26, 0x13c                     inst_6+20
x26 <- 0x00000000002D413C

clint mtime 0x0000000000000055 (mip.MTI <- 0b1, mip.STI <- 0b0)
mem[X,0x00000000800002A8] -> 0x1D13
mem[X,0x00000000800002AA] -> 0x00AD
[170] [M]: 0x00000000800002A8 (0x00AD1D13) slli x26, x26, 0xa                       inst_6+24
x26 <- 0x00000000B504F000

mem[X,0x00000000800002AC] -> 0x0D13
mem[X,0x00000000800002AE] -> 0x334D
[171] [M]: 0x00000000800002AC (0x334D0D13) addi x26, x26, 0x334                     inst_6+28
x26 <- 0x00000000B504F334

clint mtime 0x0000000000000056 (mip.MTI <- 0b1, mip.STI <- 0b0)
mem[X,0x00000000800002B0] -> 0x6C93
mem[X,0x00000000800002B2] -> 0x556D
[172] [M]: 0x00000000800002B0 (0x556D6C93) ori x25, x26, 0x556                      inst_6+32
x25 <- 0x00000000B504F776

mem[X,0x00000000800002B4] -> 0xB823
mem[X,0x00000000800002B6] -> 0x0390
[173] [M]: 0x00000000800002B4 (0x0390B823) sd x25, 0x30(x1)                         inst_6+36
mem[W,0x0000000080006148] <- 0x00000000B504F776

clint mtime 0x0000000000000057 (mip.MTI <- 0b1, mip.STI <- 0b0)
mem[X,0x00000000800002B8] -> 0x0BB7
mem[X,0x00000000800002BA] -> 0x0000
[174] [M]: 0x00000000800002B8 (0x00000BB7) lui x23, 0x0                             inst_7+0
x23 <- 0x0000000000000000

mem[X,0x00000000800002BC] -> 0x8B93
mem[X,0x00000000800002BE] -> 0x000B
[175] [M]: 0x00000000800002BC (0x000B8B93) addi x23, x23, 0x0                       inst_7+4
x23 <- 0x0000000000000000

clint mtime 0x0000000000000058 (mip.MTI <- 0b1, mip.STI <- 0b0)
mem[X,0x00000000800002C0] -> 0x9B93
mem[X,0x00000000800002C2] -> 0x00BB
[176] [M]: 0x00000000800002C0 (0x00BB9B93) slli x23, x23, 0xb                       inst_7+8
x23 <- 0x0000000000000000

mem[X,0x00000000800002C4] -> 0x8B93
mem[X,0x00000000800002C6] -> 0x5A8B
[177] [M]: 0x00000000800002C4 (0x5A8B8B93) addi x23, x23, 0x5a8                     inst_7+12
x23 <- 0x00000000000005A8

clint mtime 0x0000000000000059 (mip.MTI <- 0b1, mip.STI <- 0b0)
mem[X,0x00000000800002C8] -> 0x9B93
mem[X,0x00000000800002CA] -> 0x00BB
[178] [M]: 0x00000000800002C8 (0x00BB9B93) slli x23, x23, 0xb                       inst_7+16
x23 <- 0x00000000002D4000

mem[X,0x00000000800002CC] -> 0x8B93
mem[X,0x00000000800002CE] -> 0x13CB
[179] [M]: 0x00000000800002CC (0x13CB8B93) addi x23, x23, 0x13c                     inst_7+20
x23 <- 0x00000000002D413C

clint mtime 0x000000000000005A (mip.MTI <- 0b1, mip.STI <- 0b0)
mem[X,0x00000000800002D0] -> 0x9B93
mem[X,0x00000000800002D2] -> 0x00AB
[180] [M]: 0x00000000800002D0 (0x00AB9B93) slli x23, x23, 0xa                       inst_7+24
x23 <- 0x00000000B504F000

mem[X,0x00000000800002D4] -> 0x8B93
mem[X,0x00000000800002D6] -> 0x334B
[181] [M]: 0x00000000800002D4 (0x334B8B93) addi x23, x23, 0x334                     inst_7+28
x23 <- 0x00000000B504F334

clint mtime 0x000000000000005B (mip.MTI <- 0b1, mip.STI <- 0b0)
mem[X,0x00000000800002D8] -> 0xEC13
mem[X,0x00000000800002DA] -> 0x02CB
[182] [M]: 0x00000000800002D8 (0x02CBEC13) ori x24, x23, 0x2c                       inst_7+32
x24 <- 0x00000000B504F33C

mem[X,0x00000000800002DC] -> 0xBC23
mem[X,0x00000000800002DE] -> 0x0380
[183] [M]: 0x00000000800002DC (0x0380BC23) sd x24, 0x38(x1)                         inst_7+36
mem[W,0x0000000080006150] <- 0x00000000B504F33C

clint mtime 0x000000000000005C (mip.MTI <- 0b1, mip.STI <- 0b0)
mem[X,0x00000000800002E0] -> 0x0C37
mem[X,0x00000000800002E2] -> 0x0000
[184] [M]: 0x00000000800002E0 (0x00000C37) lui x24, 0x0                             inst_8+0
x24 <- 0x0000000000000000

mem[X,0x00000000800002E4] -> 0x0C13
mem[X,0x00000000800002E6] -> 0x000C
[185] [M]: 0x00000000800002E4 (0x000C0C13) addi x24, x24, 0x0                       inst_8+4
x24 <- 0x0000000000000000

clint mtime 0x000000000000005D (mip.MTI <- 0b1, mip.STI <- 0b0)
mem[X,0x00000000800002E8] -> 0x1C13
mem[X,0x00000000800002EA] -> 0x00BC
[186] [M]: 0x00000000800002E8 (0x00BC1C13) slli x24, x24, 0xb                       inst_8+8
x24 <- 0x0000000000000000

mem[X,0x00000000800002EC] -> 0x0C13
mem[X,0x00000000800002EE] -> 0x5A8C
[187] [M]: 0x00000000800002EC (0x5A8C0C13) addi x24, x24, 0x5a8                     inst_8+12
x24 <- 0x00000000000005A8

clint mtime 0x000000000000005E (mip.MTI <- 0b1, mip.STI <- 0b0)
mem[X,0x00000000800002F0] -> 0x1C13
mem[X,0x00000000800002F2] -> 0x00BC
[188] [M]: 0x00000000800002F0 (0x00BC1C13) slli x24, x24, 0xb                       inst_8+16
x24 <- 0x00000000002D4000

mem[X,0x00000000800002F4] -> 0x0C13
mem[X,0x00000000800002F6] -> 0x13CC
[189] [M]: 0x00000000800002F4 (0x13CC0C13) addi x24, x24, 0x13c                     inst_8+20
x24 <- 0x00000000002D413C

clint mtime 0x000000000000005F (mip.MTI <- 0b1, mip.STI <- 0b0)
mem[X,0x00000000800002F8] -> 0x1C13
mem[X,0x00000000800002FA] -> 0x00AC
[190] [M]: 0x00000000800002F8 (0x00AC1C13) slli x24, x24, 0xa                       inst_8+24
x24 <- 0x00000000B504F000

mem[X,0x00000000800002FC] -> 0x0C13
mem[X,0x00000000800002FE] -> 0x334C
[191] [M]: 0x00000000800002FC (0x334C0C13) addi x24, x24, 0x334                     inst_8+28
x24 <- 0x00000000B504F334

clint mtime 0x0000000000000060 (mip.MTI <- 0b1, mip.STI <- 0b0)
mem[X,0x0000000080000300] -> 0x6B93
mem[X,0x0000000080000302] -> 0x665C
[192] [M]: 0x0000000080000300 (0x665C6B93) ori x23, x24, 0x665                      inst_8+32
x23 <- 0x00000000B504F775

mem[X,0x0000000080000304] -> 0xB023
mem[X,0x0000000080000306] -> 0x0570
[193] [M]: 0x0000000080000304 (0x0570B023) sd x23, 0x40(x1)                         inst_8+36
mem[W,0x0000000080006158] <- 0x00000000B504F775

clint mtime 0x0000000000000061 (mip.MTI <- 0b1, mip.STI <- 0b0)
mem[X,0x0000000080000308] -> 0x0AB7
mem[X,0x000000008000030A] -> 0x0000
[194] [M]: 0x0000000080000308 (0x00000AB7) lui x21, 0x0                             inst_9+0
x21 <- 0x0000000000000000

mem[X,0x000000008000030C] -> 0x8A93
mem[X,0x000000008000030E] -> 0x000A
[195] [M]: 0x000000008000030C (0x000A8A93) addi x21, x21, 0x0                       inst_9+4
x21 <- 0x0000000000000000

clint mtime 0x0000000000000062 (mip.MTI <- 0b1, mip.STI <- 0b0)
mem[X,0x0000000080000310] -> 0x9A93
mem[X,0x0000000080000312] -> 0x00BA
[196] [M]: 0x0000000080000310 (0x00BA9A93) slli x21, x21, 0xb                       inst_9+8
x21 <- 0x0000000000000000

mem[X,0x0000000080000314] -> 0x8A93
mem[X,0x0000000080000316] -> 0x5A8A
[197] [M]: 0x0000000080000314 (0x5A8A8A93) addi x21, x21, 0x5a8                     inst_9+12
x21 <- 0x00000000000005A8

clint mtime 0x0000000000000063 (mip.MTI <- 0b1, mip.STI <- 0b0)
mem[X,0x0000000080000318] -> 0x9A93
mem[X,0x000000008000031A] -> 0x00BA
[198] [M]: 0x0000000080000318 (0x00BA9A93) slli x21, x21, 0xb                       inst_9+16
x21 <- 0x00000000002D4000

mem[X,0x000000008000031C] -> 0x8A93
mem[X,0x000000008000031E] -> 0x13CA
[199] [M]: 0x000000008000031C (0x13CA8A93) addi x21, x21, 0x13c                     inst_9+20
x21 <- 0x00000000002D413C

clint mtime 0x0000000000000064 (mip.MTI <- 0b1, mip.STI <- 0b0)
mem[X,0x0000000080000320] -> 0x9A93
mem[X,0x0000000080000322] -> 0x00AA
[200] [M]: 0x0000000080000320 (0x00AA9A93) slli x21, x21, 0xa                       inst_9+24
x21 <- 0x00000000B504F000

mem[X,0x0000000080000324] -> 0x8A93
mem[X,0x0000000080000326] -> 0x334A
[201] [M]: 0x0000000080000324 (0x334A8A93) addi x21, x21, 0x334                     inst_9+28
x21 <- 0x00000000B504F334

clint mtime 0x0000000000000065 (mip.MTI <- 0b1, mip.STI <- 0b0)
mem[X,0x0000000080000328] -> 0xEB13
mem[X,0x000000008000032A] -> 0x332A
[202] [M]: 0x0000000080000328 (0x332AEB13) ori x22, x21, 0x332                      inst_9+32
x22 <- 0x00000000B504F336

mem[X,0x000000008000032C] -> 0xB423
mem[X,0x000000008000032E] -> 0x0560
[203] [M]: 0x000000008000032C (0x0560B423) sd x22, 0x48(x1)                         inst_9+36
mem[W,0x0000000080006160] <- 0x00000000B504F336

clint mtime 0x0000000000000066 (mip.MTI <- 0b1, mip.STI <- 0b0)
mem[X,0x0000000080000330] -> 0x0B37
mem[X,0x0000000080000332] -> 0x0000
[204] [M]: 0x0000000080000330 (0x00000B37) lui x22, 0x0                             inst_10+0
x22 <- 0x0000000000000000

mem[X,0x0000000080000334] -> 0x0B13
mem[X,0x0000000080000336] -> 0x000B
[205] [M]: 0x0000000080000334 (0x000B0B13) addi x22, x22, 0x0                       inst_10+4
x22 <- 0x0000000000000000

clint mtime 0x0000000000000067 (mip.MTI <- 0b1, mip.STI <- 0b0)
mem[X,0x0000000080000338] -> 0x1B13
mem[X,0x000000008000033A] -> 0x00BB
[206] [M]: 0x0000000080000338 (0x00BB1B13) slli x22, x22, 0xb                       inst_10+8
x22 <- 0x0000000000000000

mem[X,0x000000008000033C] -> 0x0B13
mem[X,0x000000008000033E] -> 0x5A8B
[207] [M]: 0x000000008000033C (0x5A8B0B13) addi x22, x22, 0x5a8                     inst_10+12
x22 <- 0x00000000000005A8

clint mtime 0x0000000000000068 (mip.MTI <- 0b1, mip.STI <- 0b0)
mem[X,0x0000000080000340] -> 0x1B13
mem[X,0x0000000080000342] -> 0x00BB
[208] [M]: 0x0000000080000340 (0x00BB1B13) slli x22, x22, 0xb                       inst_10+16
x22 <- 0x00000000002D4000

mem[X,0x0000000080000344] -> 0x0B13
mem[X,0x0000000080000346] -> 0x13CB
[209] [M]: 0x0000000080000344 (0x13CB0B13) addi x22, x22, 0x13c                     inst_10+20
x22 <- 0x00000000002D413C

clint mtime 0x0000000000000069 (mip.MTI <- 0b1, mip.STI <- 0b0)
mem[X,0x0000000080000348] -> 0x1B13
mem[X,0x000000008000034A] -> 0x00AB
[210] [M]: 0x0000000080000348 (0x00AB1B13) slli x22, x22, 0xa                       inst_10+24
x22 <- 0x00000000B504F000

mem[X,0x000000008000034C] -> 0x0B13
mem[X,0x000000008000034E] -> 0x334B
[211] [M]: 0x000000008000034C (0x334B0B13) addi x22, x22, 0x334                     inst_10+28
x22 <- 0x00000000B504F334

clint mtime 0x000000000000006A (mip.MTI <- 0b1, mip.STI <- 0b0)
mem[X,0x0000000080000350] -> 0x6A93
mem[X,0x0000000080000352] -> 0x004B
[212] [M]: 0x0000000080000350 (0x004B6A93) ori x21, x22, 0x4                        inst_10+32
x21 <- 0x00000000B504F334

mem[X,0x0000000080000354] -> 0xB823
mem[X,0x0000000080000356] -> 0x0550
[213] [M]: 0x0000000080000354 (0x0550B823) sd x21, 0x50(x1)                         inst_10+36
mem[W,0x0000000080006168] <- 0x00000000B504F334

clint mtime 0x000000000000006B (mip.MTI <- 0b1, mip.STI <- 0b0)
mem[X,0x0000000080000358] -> 0x09B7
mem[X,0x000000008000035A] -> 0x0000
[214] [M]: 0x0000000080000358 (0x000009B7) lui x19, 0x0                             inst_11+0
x19 <- 0x0000000000000000

mem[X,0x000000008000035C] -> 0x8993
mem[X,0x000000008000035E] -> 0x0009
[215] [M]: 0x000000008000035C (0x00098993) addi x19, x19, 0x0                       inst_11+4
x19 <- 0x0000000000000000

clint mtime 0x000000000000006C (mip.MTI <- 0b1, mip.STI <- 0b0)
mem[X,0x0000000080000360] -> 0x9993
mem[X,0x0000000080000362] -> 0x00B9
[216] [M]: 0x0000000080000360 (0x00B99993) slli x19, x19, 0xb                       inst_11+8
x19 <- 0x0000000000000000

mem[X,0x0000000080000364] -> 0x8993
mem[X,0x0000000080000366] -> 0x5A89
[217] [M]: 0x0000000080000364 (0x5A898993) addi x19, x19, 0x5a8                     inst_11+12
x19 <- 0x00000000000005A8

clint mtime 0x000000000000006D (mip.MTI <- 0b1, mip.STI <- 0b0)
mem[X,0x0000000080000368] -> 0x9993
mem[X,0x000000008000036A] -> 0x00B9
[218] [M]: 0x0000000080000368 (0x00B99993) slli x19, x19, 0xb                       inst_11+16
x19 <- 0x00000000002D4000

mem[X,0x000000008000036C] -> 0x8993
mem[X,0x000000008000036E] -> 0x13C9
[219] [M]: 0x000000008000036C (0x13C98993) addi x19, x19, 0x13c                     inst_11+20
x19 <- 0x00000000002D413C

clint mtime 0x000000000000006E (mip.MTI <- 0b1, mip.STI <- 0b0)
mem[X,0x0000000080000370] -> 0x9993
mem[X,0x0000000080000372] -> 0x00A9
[220] [M]: 0x0000000080000370 (0x00A99993) slli x19, x19, 0xa                       inst_11+24
x19 <- 0x00000000B504F000

mem[X,0x0000000080000374] -> 0x8993
mem[X,0x0000000080000376] -> 0x3349
[221] [M]: 0x0000000080000374 (0x33498993) addi x19, x19, 0x334                     inst_11+28
x19 <- 0x00000000B504F334

clint mtime 0x000000000000006F (mip.MTI <- 0b1, mip.STI <- 0b0)
mem[X,0x0000000080000378] -> 0xEA13
mem[X,0x000000008000037A] -> 0x0009
[222] [M]: 0x0000000080000378 (0x0009EA13) ori x20, x19, 0x0                        inst_11+32
x20 <- 0x00000000B504F334

mem[X,0x000000008000037C] -> 0xBC23
mem[X,0x000000008000037E] -> 0x0540
[223] [M]: 0x000000008000037C (0x0540BC23) sd x20, 0x58(x1)                         inst_11+36
mem[W,0x0000000080006170] <- 0x00000000B504F334

clint mtime 0x0000000000000070 (mip.MTI <- 0b1, mip.STI <- 0b0)
mem[X,0x0000000080000380] -> 0x0A37
mem[X,0x0000000080000382] -> 0x0000
[224] [M]: 0x0000000080000380 (0x00000A37) lui x20, 0x0                             inst_12+0
x20 <- 0x0000000000000000

mem[X,0x0000000080000384] -> 0x0A13
mem[X,0x0000000080000386] -> 0x000A
[225] [M]: 0x0000000080000384 (0x000A0A13) addi x20, x20, 0x0                       inst_12+4
x20 <- 0x0000000000000000

clint mtime 0x0000000000000071 (mip.MTI <- 0b1, mip.STI <- 0b0)
mem[X,0x0000000080000388] -> 0x1A13
mem[X,0x000000008000038A] -> 0x00BA
[226] [M]: 0x0000000080000388 (0x00BA1A13) slli x20, x20, 0xb                       inst_12+8
x20 <- 0x0000000000000000

mem[X,0x000000008000038C] -> 0x0A13
mem[X,0x000000008000038E] -> 0x5A8A
[227] [M]: 0x000000008000038C (0x5A8A0A13) addi x20, x20, 0x5a8                     inst_12+12
x20 <- 0x00000000000005A8

clint mtime 0x0000000000000072 (mip.MTI <- 0b1, mip.STI <- 0b0)
mem[X,0x0000000080000390] -> 0x1A13
mem[X,0x0000000080000392] -> 0x00BA
[228] [M]: 0x0000000080000390 (0x00BA1A13) slli x20, x20, 0xb                       inst_12+16
x20 <- 0x00000000002D4000

mem[X,0x0000000080000394] -> 0x0A13
mem[X,0x0000000080000396] -> 0x13CA
[229] [M]: 0x0000000080000394 (0x13CA0A13) addi x20, x20, 0x13c                     inst_12+20
x20 <- 0x00000000002D413C

clint mtime 0x0000000000000073 (mip.MTI <- 0b1, mip.STI <- 0b0)
mem[X,0x0000000080000398] -> 0x1A13
mem[X,0x000000008000039A] -> 0x00AA
[230] [M]: 0x0000000080000398 (0x00AA1A13) slli x20, x20, 0xa                       inst_12+24
x20 <- 0x00000000B504F000

mem[X,0x000000008000039C] -> 0x0A13
mem[X,0x000000008000039E] -> 0x334A
[231] [M]: 0x000000008000039C (0x334A0A13) addi x20, x20, 0x334                     inst_12+28
x20 <- 0x00000000B504F334

clint mtime 0x0000000000000074 (mip.MTI <- 0b1, mip.STI <- 0b0)
mem[X,0x00000000800003A0] -> 0x6993
mem[X,0x00000000800003A2] -> 0x554A
[232] [M]: 0x00000000800003A0 (0x554A6993) ori x19, x20, 0x554                      inst_12+32
x19 <- 0x00000000B504F774

mem[X,0x00000000800003A4] -> 0xB023
mem[X,0x00000000800003A6] -> 0x0730
[233] [M]: 0x00000000800003A4 (0x0730B023) sd x19, 0x60(x1)                         inst_12+36
mem[W,0x0000000080006178] <- 0x00000000B504F774

clint mtime 0x0000000000000075 (mip.MTI <- 0b1, mip.STI <- 0b0)
mem[X,0x00000000800003A8] -> 0x08B7
mem[X,0x00000000800003AA] -> 0x0000
[234] [M]: 0x00000000800003A8 (0x000008B7) lui x17, 0x0                             inst_13+0
x17 <- 0x0000000000000000

mem[X,0x00000000800003AC] -> 0x8893
mem[X,0x00000000800003AE] -> 0x0008
[235] [M]: 0x00000000800003AC (0x00088893) addi x17, x17, 0x0                       inst_13+4
x17 <- 0x0000000000000000

clint mtime 0x0000000000000076 (mip.MTI <- 0b1, mip.STI <- 0b0)
mem[X,0x00000000800003B0] -> 0x9893
mem[X,0x00000000800003B2] -> 0x00B8
[236] [M]: 0x00000000800003B0 (0x00B89893) slli x17, x17, 0xb                       inst_13+8
x17 <- 0x0000000000000000

mem[X,0x00000000800003B4] -> 0x8893
mem[X,0x00000000800003B6] -> 0x5A88
[237] [M]: 0x00000000800003B4 (0x5A888893) addi x17, x17, 0x5a8                     inst_13+12
x17 <- 0x00000000000005A8

clint mtime 0x0000000000000077 (mip.MTI <- 0b1, mip.STI <- 0b0)
mem[X,0x00000000800003B8] -> 0x9893
mem[X,0x00000000800003BA] -> 0x00B8
[238] [M]: 0x00000000800003B8 (0x00B89893) slli x17, x17, 0xb                       inst_13+16
x17 <- 0x00000000002D4000

mem[X,0x00000000800003BC] -> 0x8893
mem[X,0x00000000800003BE] -> 0x13C8
[239] [M]: 0x00000000800003BC (0x13C88893) addi x17, x17, 0x13c                     inst_13+20
x17 <- 0x00000000002D413C

clint mtime 0x0000000000000078 (mip.MTI <- 0b1, mip.STI <- 0b0)
mem[X,0x00000000800003C0] -> 0x9893
mem[X,0x00000000800003C2] -> 0x00A8
[240] [M]: 0x00000000800003C0 (0x00A89893) slli x17, x17, 0xa                       inst_13+24
x17 <- 0x00000000B504F000

mem[X,0x00000000800003C4] -> 0x8893
mem[X,0x00000000800003C6] -> 0x3348
[241] [M]: 0x00000000800003C4 (0x33488893) addi x17, x17, 0x334                     inst_13+28
x17 <- 0x00000000B504F334

clint mtime 0x0000000000000079 (mip.MTI <- 0b1, mip.STI <- 0b0)
mem[X,0x00000000800003C8] -> 0xE913
mem[X,0x00000000800003CA] -> 0x0028
[242] [M]: 0x00000000800003C8 (0x0028E913) ori x18, x17, 0x2                        inst_13+32
x18 <- 0x00000000B504F336

mem[X,0x00000000800003CC] -> 0xB423
mem[X,0x00000000800003CE] -> 0x0720
[243] [M]: 0x00000000800003CC (0x0720B423) sd x18, 0x68(x1)                         inst_13+36
mem[W,0x0000000080006180] <- 0x00000000B504F336

clint mtime 0x000000000000007A (mip.MTI <- 0b1, mip.STI <- 0b0)
mem[X,0x00000000800003D0] -> 0x0937
mem[X,0x00000000800003D2] -> 0x0000
[244] [M]: 0x00000000800003D0 (0x00000937) lui x18, 0x0                             inst_14+0
x18 <- 0x0000000000000000

mem[X,0x00000000800003D4] -> 0x0913
mem[X,0x00000000800003D6] -> 0x0009
[245] [M]: 0x00000000800003D4 (0x00090913) addi x18, x18, 0x0                       inst_14+4
x18 <- 0x0000000000000000

clint mtime 0x000000000000007B (mip.MTI <- 0b1, mip.STI <- 0b0)
mem[X,0x00000000800003D8] -> 0x1913
mem[X,0x00000000800003DA] -> 0x00B9
[246] [M]: 0x00000000800003D8 (0x00B91913) slli x18, x18, 0xb                       inst_14+8
x18 <- 0x0000000000000000

mem[X,0x00000000800003DC] -> 0x0913
mem[X,0x00000000800003DE] -> 0x5A89
[247] [M]: 0x00000000800003DC (0x5A890913) addi x18, x18, 0x5a8                     inst_14+12
x18 <- 0x00000000000005A8

clint mtime 0x000000000000007C (mip.MTI <- 0b1, mip.STI <- 0b0)
mem[X,0x00000000800003E0] -> 0x1913
mem[X,0x00000000800003E2] -> 0x00B9
[248] [M]: 0x00000000800003E0 (0x00B91913) slli x18, x18, 0xb                       inst_14+16
x18 <- 0x00000000002D4000

mem[X,0x00000000800003E4] -> 0x0913
mem[X,0x00000000800003E6] -> 0x13C9
[249] [M]: 0x00000000800003E4 (0x13C90913) addi x18, x18, 0x13c                     inst_14+20
x18 <- 0x00000000002D413C

clint mtime 0x000000000000007D (mip.MTI <- 0b1, mip.STI <- 0b0)
mem[X,0x00000000800003E8] -> 0x1913
mem[X,0x00000000800003EA] -> 0x00A9
[250] [M]: 0x00000000800003E8 (0x00A91913) slli x18, x18, 0xa                       inst_14+24
x18 <- 0x00000000B504F000

mem[X,0x00000000800003EC] -> 0x0913
mem[X,0x00000000800003EE] -> 0x3349
[251] [M]: 0x00000000800003EC (0x33490913) addi x18, x18, 0x334                     inst_14+28
x18 <- 0x00000000B504F334

clint mtime 0x000000000000007E (mip.MTI <- 0b1, mip.STI <- 0b0)
mem[X,0x00000000800003F0] -> 0x6893
mem[X,0x00000000800003F2] -> 0x02D9
[252] [M]: 0x00000000800003F0 (0x02D96893) ori x17, x18, 0x2d                       inst_14+32
x17 <- 0x00000000B504F33D

mem[X,0x00000000800003F4] -> 0xB823
mem[X,0x00000000800003F6] -> 0x0710
[253] [M]: 0x00000000800003F4 (0x0710B823) sd x17, 0x70(x1)                         inst_14+36
mem[W,0x0000000080006188] <- 0x00000000B504F33D

clint mtime 0x000000000000007F (mip.MTI <- 0b1, mip.STI <- 0b0)
mem[X,0x00000000800003F8] -> 0x07B7
mem[X,0x00000000800003FA] -> 0x0000
[254] [M]: 0x00000000800003F8 (0x000007B7) lui x15, 0x0                             inst_15+0
x15 <- 0x0000000000000000

mem[X,0x00000000800003FC] -> 0x8793
mem[X,0x00000000800003FE] -> 0x0007
[255] [M]: 0x00000000800003FC (0x00078793) addi x15, x15, 0x0                       inst_15+4
x15 <- 0x0000000000000000

clint mtime 0x0000000000000080 (mip.MTI <- 0b1, mip.STI <- 0b0)
mem[X,0x0000000080000400] -> 0x9793
mem[X,0x0000000080000402] -> 0x00B7
[256] [M]: 0x0000000080000400 (0x00B79793) slli x15, x15, 0xb                       inst_15+8
x15 <- 0x0000000000000000

mem[X,0x0000000080000404] -> 0x8793
mem[X,0x0000000080000406] -> 0x5A87
[257] [M]: 0x0000000080000404 (0x5A878793) addi x15, x15, 0x5a8                     inst_15+12
x15 <- 0x00000000000005A8

clint mtime 0x0000000000000081 (mip.MTI <- 0b1, mip.STI <- 0b0)
mem[X,0x0000000080000408] -> 0x9793
mem[X,0x000000008000040A] -> 0x00B7
[258] [M]: 0x0000000080000408 (0x00B79793) slli x15, x15, 0xb                       inst_15+16
x15 <- 0x00000000002D4000

mem[X,0x000000008000040C] -> 0x8793
mem[X,0x000000008000040E] -> 0x13C7
[259] [M]: 0x000000008000040C (0x13C78793) addi x15, x15, 0x13c                     inst_15+20
x15 <- 0x00000000002D413C

clint mtime 0x0000000000000082 (mip.MTI <- 0b1, mip.STI <- 0b0)
mem[X,0x0000000080000410] -> 0x9793
mem[X,0x0000000080000412] -> 0x00A7
[260] [M]: 0x0000000080000410 (0x00A79793) slli x15, x15, 0xa                       inst_15+24
x15 <- 0x00000000B504F000

mem[X,0x0000000080000414] -> 0x8793
mem[X,0x0000000080000416] -> 0x3347
[261] [M]: 0x0000000080000414 (0x33478793) addi x15, x15, 0x334                     inst_15+28
x15 <- 0x00000000B504F334

clint mtime 0x0000000000000083 (mip.MTI <- 0b1, mip.STI <- 0b0)
mem[X,0x0000000080000418] -> 0xE813
mem[X,0x000000008000041A] -> 0xFD37
[262] [M]: 0x0000000080000418 (0xFD37E813) ori x16, x15, -0x2d                      inst_15+32
x16 <- 0xFFFFFFFFFFFFFFF7

mem[X,0x000000008000041C] -> 0xBC23
mem[X,0x000000008000041E] -> 0x0700
[263] [M]: 0x000000008000041C (0x0700BC23) sd x16, 0x78(x1)                         inst_15+36
mem[W,0x0000000080006190] <- 0xFFFFFFFFFFFFFFF7

clint mtime 0x0000000000000084 (mip.MTI <- 0b1, mip.STI <- 0b0)
mem[X,0x0000000080000420] -> 0x0837
mem[X,0x0000000080000422] -> 0x0000
[264] [M]: 0x0000000080000420 (0x00000837) lui x16, 0x0                             inst_16+0
x16 <- 0x0000000000000000

mem[X,0x0000000080000424] -> 0x0813
mem[X,0x0000000080000426] -> 0x0008
[265] [M]: 0x0000000080000424 (0x00080813) addi x16, x16, 0x0                       inst_16+4
x16 <- 0x0000000000000000

clint mtime 0x0000000000000085 (mip.MTI <- 0b1, mip.STI <- 0b0)
mem[X,0x0000000080000428] -> 0x1813
mem[X,0x000000008000042A] -> 0x00B8
[266] [M]: 0x0000000080000428 (0x00B81813) slli x16, x16, 0xb                       inst_16+8
x16 <- 0x0000000000000000

mem[X,0x000000008000042C] -> 0x0813
mem[X,0x000000008000042E] -> 0x5A88
[267] [M]: 0x000000008000042C (0x5A880813) addi x16, x16, 0x5a8                     inst_16+12
x16 <- 0x00000000000005A8

clint mtime 0x0000000000000086 (mip.MTI <- 0b1, mip.STI <- 0b0)
mem[X,0x0000000080000430] -> 0x1813
mem[X,0x0000000080000432] -> 0x00B8
[268] [M]: 0x0000000080000430 (0x00B81813) slli x16, x16, 0xb                       inst_16+16
x16 <- 0x00000000002D4000

mem[X,0x0000000080000434] -> 0x0813
mem[X,0x0000000080000436] -> 0x13C8
[269] [M]: 0x0000000080000434 (0x13C80813) addi x16, x16, 0x13c                     inst_16+20
x16 <- 0x00000000002D413C

clint mtime 0x0000000000000087 (mip.MTI <- 0b1, mip.STI <- 0b0)
mem[X,0x0000000080000438] -> 0x1813
mem[X,0x000000008000043A] -> 0x00A8
[270] [M]: 0x0000000080000438 (0x00A81813) slli x16, x16, 0xa                       inst_16+24
x16 <- 0x00000000B504F000

mem[X,0x000000008000043C] -> 0x0813
mem[X,0x000000008000043E] -> 0x3348
[271] [M]: 0x000000008000043C (0x33480813) addi x16, x16, 0x334                     inst_16+28
x16 <- 0x00000000B504F334

clint mtime 0x0000000000000088 (mip.MTI <- 0b1, mip.STI <- 0b0)
mem[X,0x0000000080000440] -> 0x6793
mem[X,0x0000000080000442] -> 0x6668
[272] [M]: 0x0000000080000440 (0x66686793) ori x15, x16, 0x666                      inst_16+32
x15 <- 0x00000000B504F776

mem[X,0x0000000080000444] -> 0xB023
mem[X,0x0000000080000446] -> 0x08F0
[273] [M]: 0x0000000080000444 (0x08F0B023) sd x15, 0x80(x1)                         inst_16+36
mem[W,0x0000000080006198] <- 0x00000000B504F776

clint mtime 0x0000000000000089 (mip.MTI <- 0b1, mip.STI <- 0b0)
mem[X,0x0000000080000448] -> 0x06B7
mem[X,0x000000008000044A] -> 0x0000
[274] [M]: 0x0000000080000448 (0x000006B7) lui x13, 0x0                             inst_17+0
x13 <- 0x0000000000000000

mem[X,0x000000008000044C] -> 0x8693
mem[X,0x000000008000044E] -> 0x0006
[275] [M]: 0x000000008000044C (0x00068693) addi x13, x13, 0x0                       inst_17+4
x13 <- 0x0000000000000000

clint mtime 0x000000000000008A (mip.MTI <- 0b1, mip.STI <- 0b0)
mem[X,0x0000000080000450] -> 0x9693
mem[X,0x0000000080000452] -> 0x00B6
[276] [M]: 0x0000000080000450 (0x00B69693) slli x13, x13, 0xb                       inst_17+8
x13 <- 0x0000000000000000

mem[X,0x0000000080000454] -> 0x8693
mem[X,0x0000000080000456] -> 0x5A86
[277] [M]: 0x0000000080000454 (0x5A868693) addi x13, x13, 0x5a8                     inst_17+12
x13 <- 0x00000000000005A8

clint mtime 0x000000000000008B (mip.MTI <- 0b1, mip.STI <- 0b0)
mem[X,0x0000000080000458] -> 0x9693
mem[X,0x000000008000045A] -> 0x00B6
[278] [M]: 0x0000000080000458 (0x00B69693) slli x13, x13, 0xb                       inst_17+16
x13 <- 0x00000000002D4000

mem[X,0x000000008000045C] -> 0x8693
mem[X,0x000000008000045E] -> 0x13C6
[279] [M]: 0x000000008000045C (0x13C68693) addi x13, x13, 0x13c                     inst_17+20
x13 <- 0x00000000002D413C

clint mtime 0x000000000000008C (mip.MTI <- 0b1, mip.STI <- 0b0)
mem[X,0x0000000080000460] -> 0x9693
mem[X,0x0000000080000462] -> 0x00A6
[280] [M]: 0x0000000080000460 (0x00A69693) slli x13, x13, 0xa                       inst_17+24
x13 <- 0x00000000B504F000

mem[X,0x0000000080000464] -> 0x8693
mem[X,0x0000000080000466] -> 0x3346
[281] [M]: 0x0000000080000464 (0x33468693) addi x13, x13, 0x334                     inst_17+28
x13 <- 0x00000000B504F334

clint mtime 0x000000000000008D (mip.MTI <- 0b1, mip.STI <- 0b0)
mem[X,0x0000000080000468] -> 0xE713
mem[X,0x000000008000046A] -> 0x3336
[282] [M]: 0x0000000080000468 (0x3336E713) ori x14, x13, 0x333                      inst_17+32
x14 <- 0x00000000B504F337

mem[X,0x000000008000046C] -> 0xB423
mem[X,0x000000008000046E] -> 0x08E0
[283] [M]: 0x000000008000046C (0x08E0B423) sd x14, 0x88(x1)                         inst_17+36
mem[W,0x00000000800061A0] <- 0x00000000B504F337

clint mtime 0x000000000000008E (mip.MTI <- 0b1, mip.STI <- 0b0)
mem[X,0x0000000080000470] -> 0x0737
mem[X,0x0000000080000472] -> 0x0000
[284] [M]: 0x0000000080000470 (0x00000737) lui x14, 0x0                             inst_18+0
x14 <- 0x0000000000000000

mem[X,0x0000000080000474] -> 0x0713
mem[X,0x0000000080000476] -> 0x0007
[285] [M]: 0x0000000080000474 (0x00070713) addi x14, x14, 0x0                       inst_18+4
x14 <- 0x0000000000000000

clint mtime 0x000000000000008F (mip.MTI <- 0b1, mip.STI <- 0b0)
mem[X,0x0000000080000478] -> 0x1713
mem[X,0x000000008000047A] -> 0x00B7
[286] [M]: 0x0000000080000478 (0x00B71713) slli x14, x14, 0xb                       inst_18+8
x14 <- 0x0000000000000000

mem[X,0x000000008000047C] -> 0x0713
mem[X,0x000000008000047E] -> 0x5A87
[287] [M]: 0x000000008000047C (0x5A870713) addi x14, x14, 0x5a8                     inst_18+12
x14 <- 0x00000000000005A8

clint mtime 0x0000000000000090 (mip.MTI <- 0b1, mip.STI <- 0b0)
mem[X,0x0000000080000480] -> 0x1713
mem[X,0x0000000080000482] -> 0x00B7
[288] [M]: 0x0000000080000480 (0x00B71713) slli x14, x14, 0xb                       inst_18+16
x14 <- 0x00000000002D4000

mem[X,0x0000000080000484] -> 0x0713
mem[X,0x0000000080000486] -> 0x13C7
[289] [M]: 0x0000000080000484 (0x13C70713) addi x14, x14, 0x13c                     inst_18+20
x14 <- 0x00000000002D413C

clint mtime 0x0000000000000091 (mip.MTI <- 0b1, mip.STI <- 0b0)
mem[X,0x0000000080000488] -> 0x1713
mem[X,0x000000008000048A] -> 0x00A7
[290] [M]: 0x0000000080000488 (0x00A71713) slli x14, x14, 0xa                       inst_18+24
x14 <- 0x00000000B504F000

mem[X,0x000000008000048C] -> 0x0713
mem[X,0x000000008000048E] -> 0x3347
[291] [M]: 0x000000008000048C (0x33470713) addi x14, x14, 0x334                     inst_18+28
x14 <- 0x00000000B504F334

clint mtime 0x0000000000000092 (mip.MTI <- 0b1, mip.STI <- 0b0)
mem[X,0x0000000080000490] -> 0x6693
mem[X,0x0000000080000492] -> 0x0057
[292] [M]: 0x0000000080000490 (0x00576693) ori x13, x14, 0x5                        inst_18+32
x13 <- 0x00000000B504F335

mem[X,0x0000000080000494] -> 0xB823
mem[X,0x0000000080000496] -> 0x08D0
[293] [M]: 0x0000000080000494 (0x08D0B823) sd x13, 0x90(x1)                         inst_18+36
mem[W,0x00000000800061A8] <- 0x00000000B504F335

clint mtime 0x0000000000000093 (mip.MTI <- 0b1, mip.STI <- 0b0)
mem[X,0x0000000080000498] -> 0x05B7
mem[X,0x000000008000049A] -> 0x0000
[294] [M]: 0x0000000080000498 (0x000005B7) lui x11, 0x0                             inst_19+0
x11 <- 0x0000000000000000

mem[X,0x000000008000049C] -> 0x8593
mem[X,0x000000008000049E] -> 0x0005
[295] [M]: 0x000000008000049C (0x00058593) addi x11, x11, 0x0                       inst_19+4
x11 <- 0x0000000000000000

clint mtime 0x0000000000000094 (mip.MTI <- 0b1, mip.STI <- 0b0)
mem[X,0x00000000800004A0] -> 0x9593
mem[X,0x00000000800004A2] -> 0x00B5
[296] [M]: 0x00000000800004A0 (0x00B59593) slli x11, x11, 0xb                       inst_19+8
x11 <- 0x0000000000000000

mem[X,0x00000000800004A4] -> 0x8593
mem[X,0x00000000800004A6] -> 0x5A85
[297] [M]: 0x00000000800004A4 (0x5A858593) addi x11, x11, 0x5a8                     inst_19+12
x11 <- 0x00000000000005A8

clint mtime 0x0000000000000095 (mip.MTI <- 0b1, mip.STI <- 0b0)
mem[X,0x00000000800004A8] -> 0x9593
mem[X,0x00000000800004AA] -> 0x00B5
[298] [M]: 0x00000000800004A8 (0x00B59593) slli x11, x11, 0xb                       inst_19+16
x11 <- 0x00000000002D4000

mem[X,0x00000000800004AC] -> 0x8593
mem[X,0x00000000800004AE] -> 0x13C5
[299] [M]: 0x00000000800004AC (0x13C58593) addi x11, x11, 0x13c                     inst_19+20
x11 <- 0x00000000002D413C

clint mtime 0x0000000000000096 (mip.MTI <- 0b1, mip.STI <- 0b0)
mem[X,0x00000000800004B0] -> 0x9593
mem[X,0x00000000800004B2] -> 0x00A5
[300] [M]: 0x00000000800004B0 (0x00A59593) slli x11, x11, 0xa                       inst_19+24
x11 <- 0x00000000B504F000

mem[X,0x00000000800004B4] -> 0x8593
mem[X,0x00000000800004B6] -> 0x3345
[301] [M]: 0x00000000800004B4 (0x33458593) addi x11, x11, 0x334                     inst_19+28
x11 <- 0x00000000B504F334

clint mtime 0x0000000000000097 (mip.MTI <- 0b1, mip.STI <- 0b0)
mem[X,0x00000000800004B8] -> 0xE613
mem[X,0x00000000800004BA] -> 0xAAA5
[302] [M]: 0x00000000800004B8 (0xAAA5E613) ori x12, x11, -0x556                     inst_19+32
x12 <- 0xFFFFFFFFFFFFFBBE

mem[X,0x00000000800004BC] -> 0xBC23
mem[X,0x00000000800004BE] -> 0x08C0
[303] [M]: 0x00000000800004BC (0x08C0BC23) sd x12, 0x98(x1)                         inst_19+36
mem[W,0x00000000800061B0] <- 0xFFFFFFFFFFFFFBBE

clint mtime 0x0000000000000098 (mip.MTI <- 0b1, mip.STI <- 0b0)
mem[X,0x00000000800004C0] -> 0x0637
mem[X,0x00000000800004C2] -> 0x0000
[304] [M]: 0x00000000800004C0 (0x00000637) lui x12, 0x0                             inst_20+0
x12 <- 0x0000000000000000

mem[X,0x00000000800004C4] -> 0x0613
mem[X,0x00000000800004C6] -> 0x0006
[305] [M]: 0x00000000800004C4 (0x00060613) addi x12, x12, 0x0                       inst_20+4
x12 <- 0x0000000000000000

clint mtime 0x0000000000000099 (mip.MTI <- 0b1, mip.STI <- 0b0)
mem[X,0x00000000800004C8] -> 0x1613
mem[X,0x00000000800004CA] -> 0x00B6
[306] [M]: 0x00000000800004C8 (0x00B61613) slli x12, x12, 0xb                       inst_20+8
x12 <- 0x0000000000000000

mem[X,0x00000000800004CC] -> 0x0613
mem[X,0x00000000800004CE] -> 0x5A86
[307] [M]: 0x00000000800004CC (0x5A860613) addi x12, x12, 0x5a8                     inst_20+12
x12 <- 0x00000000000005A8

clint mtime 0x000000000000009A (mip.MTI <- 0b1, mip.STI <- 0b0)
mem[X,0x00000000800004D0] -> 0x1613
mem[X,0x00000000800004D2] -> 0x00B6
[308] [M]: 0x00000000800004D0 (0x00B61613) slli x12, x12, 0xb                       inst_20+16
x12 <- 0x00000000002D4000

mem[X,0x00000000800004D4] -> 0x0613
mem[X,0x00000000800004D6] -> 0x13C6
[309] [M]: 0x00000000800004D4 (0x13C60613) addi x12, x12, 0x13c                     inst_20+20
x12 <- 0x00000000002D413C

clint mtime 0x000000000000009B (mip.MTI <- 0b1, mip.STI <- 0b0)
mem[X,0x00000000800004D8] -> 0x1613
mem[X,0x00000000800004DA] -> 0x00A6
[310] [M]: 0x00000000800004D8 (0x00A61613) slli x12, x12, 0xa                       inst_20+24
x12 <- 0x00000000B504F000

mem[X,0x00000000800004DC] -> 0x0613
mem[X,0x00000000800004DE] -> 0x3346
[311] [M]: 0x00000000800004DC (0x33460613) addi x12, x12, 0x334                     inst_20+28
x12 <- 0x00000000B504F334

clint mtime 0x000000000000009C (mip.MTI <- 0b1, mip.STI <- 0b0)
mem[X,0x00000000800004E0] -> 0x6593
mem[X,0x00000000800004E2] -> 0x5556
[312] [M]: 0x00000000800004E0 (0x55566593) ori x11, x12, 0x555                      inst_20+32
x11 <- 0x00000000B504F775

mem[X,0x00000000800004E4] -> 0xB023
mem[X,0x00000000800004E6] -> 0x0AB0
[313] [M]: 0x00000000800004E4 (0x0AB0B023) sd x11, 0xa0(x1)                         inst_20+36
mem[W,0x00000000800061B8] <- 0x00000000B504F775

clint mtime 0x000000000000009D (mip.MTI <- 0b1, mip.STI <- 0b0)
mem[X,0x00000000800004E8] -> 0x04B7
mem[X,0x00000000800004EA] -> 0x0000
[314] [M]: 0x00000000800004E8 (0x000004B7) lui x9, 0x0                              inst_21+0
x9 <- 0x0000000000000000

mem[X,0x00000000800004EC] -> 0x8493
mem[X,0x00000000800004EE] -> 0x0004
[315] [M]: 0x00000000800004EC (0x00048493) addi x9, x9, 0x0                         inst_21+4
x9 <- 0x0000000000000000

clint mtime 0x000000000000009E (mip.MTI <- 0b1, mip.STI <- 0b0)
mem[X,0x00000000800004F0] -> 0x9493
mem[X,0x00000000800004F2] -> 0x00B4
[316] [M]: 0x00000000800004F0 (0x00B49493) slli x9, x9, 0xb                         inst_21+8
x9 <- 0x0000000000000000

mem[X,0x00000000800004F4] -> 0x8493
mem[X,0x00000000800004F6] -> 0x5A84
[317] [M]: 0x00000000800004F4 (0x5A848493) addi x9, x9, 0x5a8                       inst_21+12
x9 <- 0x00000000000005A8

clint mtime 0x000000000000009F (mip.MTI <- 0b1, mip.STI <- 0b0)
mem[X,0x00000000800004F8] -> 0x9493
mem[X,0x00000000800004FA] -> 0x00B4
[318] [M]: 0x00000000800004F8 (0x00B49493) slli x9, x9, 0xb                         inst_21+16
x9 <- 0x00000000002D4000

mem[X,0x00000000800004FC] -> 0x8493
mem[X,0x00000000800004FE] -> 0x13C4
[319] [M]: 0x00000000800004FC (0x13C48493) addi x9, x9, 0x13c                       inst_21+20
x9 <- 0x00000000002D413C

clint mtime 0x00000000000000A0 (mip.MTI <- 0b1, mip.STI <- 0b0)
mem[X,0x0000000080000500] -> 0x9493
mem[X,0x0000000080000502] -> 0x00A4
[320] [M]: 0x0000000080000500 (0x00A49493) slli x9, x9, 0xa                         inst_21+24
x9 <- 0x00000000B504F000

mem[X,0x0000000080000504] -> 0x8493
mem[X,0x0000000080000506] -> 0x3344
[321] [M]: 0x0000000080000504 (0x33448493) addi x9, x9, 0x334                       inst_21+28
x9 <- 0x00000000B504F334

clint mtime 0x00000000000000A1 (mip.MTI <- 0b1, mip.STI <- 0b0)
mem[X,0x0000000080000508] -> 0xE513
mem[X,0x000000008000050A] -> 0x0034
[322] [M]: 0x0000000080000508 (0x0034E513) ori x10, x9, 0x3                         inst_21+32
x10 <- 0x00000000B504F337

mem[X,0x000000008000050C] -> 0xB423
mem[X,0x000000008000050E] -> 0x0AA0
[323] [M]: 0x000000008000050C (0x0AA0B423) sd x10, 0xa8(x1)                         inst_21+36
mem[W,0x00000000800061C0] <- 0x00000000B504F337

clint mtime 0x00000000000000A2 (mip.MTI <- 0b1, mip.STI <- 0b0)
mem[X,0x0000000080000510] -> 0x0537
mem[X,0x0000000080000512] -> 0x0000
[324] [M]: 0x0000000080000510 (0x00000537) lui x10, 0x0                             inst_22+0
x10 <- 0x0000000000000000

mem[X,0x0000000080000514] -> 0x0513
mem[X,0x0000000080000516] -> 0xFFF5
[325] [M]: 0x0000000080000514 (0xFFF50513) addi x10, x10, -0x1                      inst_22+4
x10 <- 0xFFFFFFFFFFFFFFFF

clint mtime 0x00000000000000A3 (mip.MTI <- 0b1, mip.STI <- 0b0)
mem[X,0x0000000080000518] -> 0x1513
mem[X,0x000000008000051A] -> 0x00B5
[326] [M]: 0x0000000080000518 (0x00B51513) slli x10, x10, 0xb                       inst_22+8
x10 <- 0xFFFFFFFFFFFFF800

mem[X,0x000000008000051C] -> 0x0513
mem[X,0x000000008000051E] -> 0x2575
[327] [M]: 0x000000008000051C (0x25750513) addi x10, x10, 0x257                     inst_22+12
x10 <- 0xFFFFFFFFFFFFFA57

clint mtime 0x00000000000000A4 (mip.MTI <- 0b1, mip.STI <- 0b0)
mem[X,0x0000000080000520] -> 0x1513
mem[X,0x0000000080000522] -> 0x00B5
[328] [M]: 0x0000000080000520 (0x00B51513) slli x10, x10, 0xb                       inst_22+16
x10 <- 0xFFFFFFFFFFD2B800

mem[X,0x0000000080000524] -> 0x0513
mem[X,0x0000000080000526] -> 0x6C35
[329] [M]: 0x0000000080000524 (0x6C350513) addi x10, x10, 0x6c3                     inst_22+20
x10 <- 0xFFFFFFFFFFD2BEC3

clint mtime 0x00000000000000A5 (mip.MTI <- 0b1, mip.STI <- 0b0)
mem[X,0x0000000080000528] -> 0x1513
mem[X,0x000000008000052A] -> 0x00A5
[330] [M]: 0x0000000080000528 (0x00A51513) slli x10, x10, 0xa                       inst_22+24
x10 <- 0xFFFFFFFF4AFB0C00

mem[X,0x000000008000052C] -> 0x0513
mem[X,0x000000008000052E] -> 0x0CE5
[331] [M]: 0x000000008000052C (0x0CE50513) addi x10, x10, 0xce                      inst_22+28
x10 <- 0xFFFFFFFF4AFB0CCE

clint mtime 0x00000000000000A6 (mip.MTI <- 0b1, mip.STI <- 0b0)
mem[X,0x0000000080000530] -> 0x6493
mem[X,0x0000000080000532] -> 0x02E5
[332] [M]: 0x0000000080000530 (0x02E56493) ori x9, x10, 0x2e                        inst_22+32
x9 <- 0xFFFFFFFF4AFB0CEE

mem[X,0x0000000080000534] -> 0xB823
mem[X,0x0000000080000536] -> 0x0A90
[333] [M]: 0x0000000080000534 (0x0A90B823) sd x9, 0xb0(x1)                          inst_22+36
mem[W,0x00000000800061C8] <- 0xFFFFFFFF4AFB0CEE

clint mtime 0x00000000000000A7 (mip.MTI <- 0b1, mip.STI <- 0b0)
mem[X,0x0000000080000538] -> 0x03B7
mem[X,0x000000008000053A] -> 0x0000
[334] [M]: 0x0000000080000538 (0x000003B7) lui x7, 0x0                              inst_23+0
x7 <- 0x0000000000000000

mem[X,0x000000008000053C] -> 0x8393
mem[X,0x000000008000053E] -> 0xFFF3
[335] [M]: 0x000000008000053C (0xFFF38393) addi x7, x7, -0x1                        inst_23+4
x7 <- 0xFFFFFFFFFFFFFFFF

clint mtime 0x00000000000000A8 (mip.MTI <- 0b1, mip.STI <- 0b0)
mem[X,0x0000000080000540] -> 0x9393
mem[X,0x0000000080000542] -> 0x00B3
[336] [M]: 0x0000000080000540 (0x00B39393) slli x7, x7, 0xb                         inst_23+8
x7 <- 0xFFFFFFFFFFFFF800

mem[X,0x0000000080000544] -> 0x8393
mem[X,0x0000000080000546] -> 0x2573
[337] [M]: 0x0000000080000544 (0x25738393) addi x7, x7, 0x257                       inst_23+12
x7 <- 0xFFFFFFFFFFFFFA57

clint mtime 0x00000000000000A9 (mip.MTI <- 0b1, mip.STI <- 0b0)
mem[X,0x0000000080000548] -> 0x9393
mem[X,0x000000008000054A] -> 0x00B3
[338] [M]: 0x0000000080000548 (0x00B39393) slli x7, x7, 0xb                         inst_23+16
x7 <- 0xFFFFFFFFFFD2B800

mem[X,0x000000008000054C] -> 0x8393
mem[X,0x000000008000054E] -> 0x6C33
[339] [M]: 0x000000008000054C (0x6C338393) addi x7, x7, 0x6c3                       inst_23+20
x7 <- 0xFFFFFFFFFFD2BEC3

clint mtime 0x00000000000000AA (mip.MTI <- 0b1, mip.STI <- 0b0)
mem[X,0x0000000080000550] -> 0x9393
mem[X,0x0000000080000552] -> 0x00A3
[340] [M]: 0x0000000080000550 (0x00A39393) slli x7, x7, 0xa                         inst_23+24
x7 <- 0xFFFFFFFF4AFB0C00

mem[X,0x0000000080000554] -> 0x8393
mem[X,0x0000000080000556] -> 0x0CE3
[341] [M]: 0x0000000080000554 (0x0CE38393) addi x7, x7, 0xce                        inst_23+28
x7 <- 0xFFFFFFFF4AFB0CCE

clint mtime 0x00000000000000AB (mip.MTI <- 0b1, mip.STI <- 0b0)
mem[X,0x0000000080000558] -> 0xE413
mem[X,0x000000008000055A] -> 0xFD43
[342] [M]: 0x0000000080000558 (0xFD43E413) ori x8, x7, -0x2c                        inst_23+32
x8 <- 0xFFFFFFFFFFFFFFDE

mem[X,0x000000008000055C] -> 0xBC23
mem[X,0x000000008000055E] -> 0x0A80
[343] [M]: 0x000000008000055C (0x0A80BC23) sd x8, 0xb8(x1)                          inst_23+36
mem[W,0x00000000800061D0] <- 0xFFFFFFFFFFFFFFDE

clint mtime 0x00000000000000AC (mip.MTI <- 0b1, mip.STI <- 0b0)
mem[X,0x0000000080000560] -> 0x0437
mem[X,0x0000000080000562] -> 0x0000
[344] [M]: 0x0000000080000560 (0x00000437) lui x8, 0x0                              inst_24+0
x8 <- 0x0000000000000000

mem[X,0x0000000080000564] -> 0x0413
mem[X,0x0000000080000566] -> 0xFFF4
[345] [M]: 0x0000000080000564 (0xFFF40413) addi x8, x8, -0x1                        inst_24+4
x8 <- 0xFFFFFFFFFFFFFFFF

clint mtime 0x00000000000000AD (mip.MTI <- 0b1, mip.STI <- 0b0)
mem[X,0x0000000080000568] -> 0x1413
mem[X,0x000000008000056A] -> 0x00B4
[346] [M]: 0x0000000080000568 (0x00B41413) slli x8, x8, 0xb                         inst_24+8
x8 <- 0xFFFFFFFFFFFFF800

mem[X,0x000000008000056C] -> 0x0413
mem[X,0x000000008000056E] -> 0x2574
[347] [M]: 0x000000008000056C (0x25740413) addi x8, x8, 0x257                       inst_24+12
x8 <- 0xFFFFFFFFFFFFFA57

clint mtime 0x00000000000000AE (mip.MTI <- 0b1, mip.STI <- 0b0)
mem[X,0x0000000080000570] -> 0x1413
mem[X,0x0000000080000572] -> 0x00B4
[348] [M]: 0x0000000080000570 (0x00B41413) slli x8, x8, 0xb                         inst_24+16
x8 <- 0xFFFFFFFFFFD2B800

mem[X,0x0000000080000574] -> 0x0413
mem[X,0x0000000080000576] -> 0x6C34
[349] [M]: 0x0000000080000574 (0x6C340413) addi x8, x8, 0x6c3                       inst_24+20
x8 <- 0xFFFFFFFFFFD2BEC3

clint mtime 0x00000000000000AF (mip.MTI <- 0b1, mip.STI <- 0b0)
mem[X,0x0000000080000578] -> 0x1413
mem[X,0x000000008000057A] -> 0x00A4
[350] [M]: 0x0000000080000578 (0x00A41413) slli x8, x8, 0xa                         inst_24+24
x8 <- 0xFFFFFFFF4AFB0C00

mem[X,0x000000008000057C] -> 0x0413
mem[X,0x000000008000057E] -> 0x0CE4
[351] [M]: 0x000000008000057C (0x0CE40413) addi x8, x8, 0xce                        inst_24+28
x8 <- 0xFFFFFFFF4AFB0CCE

clint mtime 0x00000000000000B0 (mip.MTI <- 0b1, mip.STI <- 0b0)
mem[X,0x0000000080000580] -> 0x6393
mem[X,0x0000000080000582] -> 0x6674
[352] [M]: 0x0000000080000580 (0x66746393) ori x7, x8, 0x667                        inst_24+32
x7 <- 0xFFFFFFFF4AFB0EEF

mem[X,0x0000000080000584] -> 0xB023
mem[X,0x0000000080000586] -> 0x0C70
[353] [M]: 0x0000000080000584 (0x0C70B023) sd x7, 0xc0(x1)                          inst_24+36
mem[W,0x00000000800061D8] <- 0xFFFFFFFF4AFB0EEF

clint mtime 0x00000000000000B1 (mip.MTI <- 0b1, mip.STI <- 0b0)
mem[X,0x0000000080000588] -> 0x02B7
mem[X,0x000000008000058A] -> 0x0000
[354] [M]: 0x0000000080000588 (0x000002B7) lui x5, 0x0                              inst_25+0
x5 <- 0x0000000000000000

mem[X,0x000000008000058C] -> 0x8293
mem[X,0x000000008000058E] -> 0xFFF2
[355] [M]: 0x000000008000058C (0xFFF28293) addi x5, x5, -0x1                        inst_25+4
x5 <- 0xFFFFFFFFFFFFFFFF

clint mtime 0x00000000000000B2 (mip.MTI <- 0b1, mip.STI <- 0b0)
mem[X,0x0000000080000590] -> 0x9293
mem[X,0x0000000080000592] -> 0x00B2
[356] [M]: 0x0000000080000590 (0x00B29293) slli x5, x5, 0xb                         inst_25+8
x5 <- 0xFFFFFFFFFFFFF800

mem[X,0x0000000080000594] -> 0x8293
mem[X,0x0000000080000596] -> 0x2572
[357] [M]: 0x0000000080000594 (0x25728293) addi x5, x5, 0x257                       inst_25+12
x5 <- 0xFFFFFFFFFFFFFA57

clint mtime 0x00000000000000B3 (mip.MTI <- 0b1, mip.STI <- 0b0)
mem[X,0x0000000080000598] -> 0x9293
mem[X,0x000000008000059A] -> 0x00B2
[358] [M]: 0x0000000080000598 (0x00B29293) slli x5, x5, 0xb                         inst_25+16
x5 <- 0xFFFFFFFFFFD2B800

mem[X,0x000000008000059C] -> 0x8293
mem[X,0x000000008000059E] -> 0x6C32
[359] [M]: 0x000000008000059C (0x6C328293) addi x5, x5, 0x6c3                       inst_25+20
x5 <- 0xFFFFFFFFFFD2BEC3

clint mtime 0x00000000000000B4 (mip.MTI <- 0b1, mip.STI <- 0b0)
mem[X,0x00000000800005A0] -> 0x9293
mem[X,0x00000000800005A2] -> 0x00A2
[360] [M]: 0x00000000800005A0 (0x00A29293) slli x5, x5, 0xa                         inst_25+24
x5 <- 0xFFFFFFFF4AFB0C00

mem[X,0x00000000800005A4] -> 0x8293
mem[X,0x00000000800005A6] -> 0x0CE2
[361] [M]: 0x00000000800005A4 (0x0CE28293) addi x5, x5, 0xce                        inst_25+28
x5 <- 0xFFFFFFFF4AFB0CCE

clint mtime 0x00000000000000B5 (mip.MTI <- 0b1, mip.STI <- 0b0)
mem[X,0x00000000800005A8] -> 0xE313
mem[X,0x00000000800005AA] -> 0x3342
[362] [M]: 0x00000000800005A8 (0x3342E313) ori x6, x5, 0x334                        inst_25+32
x6 <- 0xFFFFFFFF4AFB0FFE

mem[X,0x00000000800005AC] -> 0xB423
mem[X,0x00000000800005AE] -> 0x0C60
[363] [M]: 0x00000000800005AC (0x0C60B423) sd x6, 0xc8(x1)                          inst_25+36
mem[W,0x00000000800061E0] <- 0xFFFFFFFF4AFB0FFE

clint mtime 0x00000000000000B6 (mip.MTI <- 0b1, mip.STI <- 0b0)
mem[X,0x00000000800005B0] -> 0x0013
mem[X,0x00000000800005B2] -> 0x0000
[364] [M]: 0x00000000800005B0 (0x00000013) addi x0, x0, 0x0                         inst_25+40

mem[X,0x00000000800005B4] -> 0x0013
mem[X,0x00000000800005B6] -> 0x0000
[365] [M]: 0x00000000800005B4 (0x00000013) addi x0, x0, 0x0                         inst_25+44

clint mtime 0x00000000000000B7 (mip.MTI <- 0b1, mip.STI <- 0b0)
mem[X,0x00000000800005B8] -> 0x0013
mem[X,0x00000000800005BA] -> 0x0000
[366] [M]: 0x00000000800005B8 (0x00000013) addi x0, x0, 0x0                         inst_25+48

mem[X,0x00000000800005BC] -> 0x0013
mem[X,0x00000000800005BE] -> 0x0000
[367] [M]: 0x00000000800005BC (0x00000013) addi x0, x0, 0x0                         inst_25+52

clint mtime 0x00000000000000B8 (mip.MTI <- 0b1, mip.STI <- 0b0)
mem[X,0x00000000800005C0] -> 0x6397
mem[X,0x00000000800005C2] -> 0x0000
[368] [M]: 0x00000000800005C0 (0x00006397) auipc x7, 0x6                            inst_25+56
x7 <- 0x00000000800065C0

mem[X,0x00000000800005C4] -> 0x8393
mem[X,0x00000000800005C6] -> 0xC283
[369] [M]: 0x00000000800005C4 (0xC2838393) addi x7, x7, -0x3d8                      inst_25+60
x7 <- 0x00000000800061E8

clint mtime 0x00000000000000B9 (mip.MTI <- 0b1, mip.STI <- 0b0)
mem[X,0x00000000800005C8] -> 0x0001
[370] [M]: 0x00000000800005C8 (0x0001) c.nop                                        inst_25+64

mem[X,0x00000000800005CA] -> 0x0013
mem[X,0x00000000800005CC] -> 0x0000
[371] [M]: 0x00000000800005CA (0x00000013) addi x0, x0, 0x0                         inst_25+66

clint mtime 0x00000000000000BA (mip.MTI <- 0b1, mip.STI <- 0b0)
mem[X,0x00000000800005CE] -> 0x0013
mem[X,0x00000000800005D0] -> 0x0000
[372] [M]: 0x00000000800005CE (0x00000013) addi x0, x0, 0x0                         inst_25+70

mem[X,0x00000000800005D2] -> 0x0013
mem[X,0x00000000800005D4] -> 0x0000
[373] [M]: 0x00000000800005D2 (0x00000013) addi x0, x0, 0x0                         inst_25+74

clint mtime 0x00000000000000BB (mip.MTI <- 0b1, mip.STI <- 0b0)
mem[X,0x00000000800005D6] -> 0x0013
mem[X,0x00000000800005D8] -> 0x0000
[374] [M]: 0x00000000800005D6 (0x00000013) addi x0, x0, 0x0                         inst_25+78

mem[X,0x00000000800005DA] -> 0x0013
mem[X,0x00000000800005DC] -> 0x0000
[375] [M]: 0x00000000800005DA (0x00000013) addi x0, x0, 0x0                         inst_25+82

clint mtime 0x00000000000000BC (mip.MTI <- 0b1, mip.STI <- 0b0)
mem[X,0x00000000800005DE] -> 0x0001
[376] [M]: 0x00000000800005DE (0x0001) c.nop                                        inst_25+86

mem[X,0x00000000800005E0] -> 0x0337
mem[X,0x00000000800005E2] -> 0x0000
[377] [M]: 0x00000000800005E0 (0x00000337) lui x6, 0x0                              inst_26+0
x6 <- 0x0000000000000000

clint mtime 0x00000000000000BD (mip.MTI <- 0b1, mip.STI <- 0b0)
mem[X,0x00000000800005E4] -> 0x0313
mem[X,0x00000000800005E6] -> 0xFFF3
[378] [M]: 0x00000000800005E4 (0xFFF30313) addi x6, x6, -0x1                        inst_26+4
x6 <- 0xFFFFFFFFFFFFFFFF

mem[X,0x00000000800005E8] -> 0x1313
mem[X,0x00000000800005EA] -> 0x00B3
[379] [M]: 0x00000000800005E8 (0x00B31313) slli x6, x6, 0xb                         inst_26+8
x6 <- 0xFFFFFFFFFFFFF800

clint mtime 0x00000000000000BE (mip.MTI <- 0b1, mip.STI <- 0b0)
mem[X,0x00000000800005EC] -> 0x0313
mem[X,0x00000000800005EE] -> 0x2573
[380] [M]: 0x00000000800005EC (0x25730313) addi x6, x6, 0x257                       inst_26+12
x6 <- 0xFFFFFFFFFFFFFA57

mem[X,0x00000000800005F0] -> 0x1313
mem[X,0x00000000800005F2] -> 0x00B3
[381] [M]: 0x00000000800005F0 (0x00B31313) slli x6, x6, 0xb                         inst_26+16
x6 <- 0xFFFFFFFFFFD2B800

clint mtime 0x00000000000000BF (mip.MTI <- 0b1, mip.STI <- 0b0)
mem[X,0x00000000800005F4] -> 0x0313
mem[X,0x00000000800005F6] -> 0x6C33
[382] [M]: 0x00000000800005F4 (0x6C330313) addi x6, x6, 0x6c3                       inst_26+20
x6 <- 0xFFFFFFFFFFD2BEC3

mem[X,0x00000000800005F8] -> 0x1313
mem[X,0x00000000800005FA] -> 0x00A3
[383] [M]: 0x00000000800005F8 (0x00A31313) slli x6, x6, 0xa                         inst_26+24
x6 <- 0xFFFFFFFF4AFB0C00

clint mtime 0x00000000000000C0 (mip.MTI <- 0b1, mip.STI <- 0b0)
mem[X,0x00000000800005FC] -> 0x0313
mem[X,0x00000000800005FE] -> 0x0CE3
[384] [M]: 0x00000000800005FC (0x0CE30313) addi x6, x6, 0xce                        inst_26+28
x6 <- 0xFFFFFFFF4AFB0CCE

mem[X,0x0000000080000600] -> 0x6293
mem[X,0x0000000080000602] -> 0x0063
[385] [M]: 0x0000000080000600 (0x00636293) ori x5, x6, 0x6                          inst_26+32
x5 <- 0xFFFFFFFF4AFB0CCE

clint mtime 0x00000000000000C1 (mip.MTI <- 0b1, mip.STI <- 0b0)
mem[X,0x0000000080000604] -> 0xB023
mem[X,0x0000000080000606] -> 0x0053
[386] [M]: 0x0000000080000604 (0x0053B023) sd x5, 0x0(x7)                           inst_26+36
mem[W,0x00000000800061E8] <- 0xFFFFFFFF4AFB0CCE

mem[X,0x0000000080000608] -> 0x01B7
mem[X,0x000000008000060A] -> 0x0000
[387] [M]: 0x0000000080000608 (0x000001B7) lui x3, 0x0                              inst_27+0
x3 <- 0x0000000000000000

clint mtime 0x00000000000000C2 (mip.MTI <- 0b1, mip.STI <- 0b0)
mem[X,0x000000008000060C] -> 0x8193
mem[X,0x000000008000060E] -> 0xFFF1
[388] [M]: 0x000000008000060C (0xFFF18193) addi x3, x3, -0x1                        inst_27+4
x3 <- 0xFFFFFFFFFFFFFFFF

mem[X,0x0000000080000610] -> 0x9193
mem[X,0x0000000080000612] -> 0x00B1
[389] [M]: 0x0000000080000610 (0x00B19193) slli x3, x3, 0xb                         inst_27+8
x3 <- 0xFFFFFFFFFFFFF800

clint mtime 0x00000000000000C3 (mip.MTI <- 0b1, mip.STI <- 0b0)
mem[X,0x0000000080000614] -> 0x8193
mem[X,0x0000000080000616] -> 0x2571
[390] [M]: 0x0000000080000614 (0x25718193) addi x3, x3, 0x257                       inst_27+12
x3 <- 0xFFFFFFFFFFFFFA57

mem[X,0x0000000080000618] -> 0x9193
mem[X,0x000000008000061A] -> 0x00B1
[391] [M]: 0x0000000080000618 (0x00B19193) slli x3, x3, 0xb                         inst_27+16
x3 <- 0xFFFFFFFFFFD2B800

clint mtime 0x00000000000000C4 (mip.MTI <- 0b1, mip.STI <- 0b0)
mem[X,0x000000008000061C] -> 0x8193
mem[X,0x000000008000061E] -> 0x6C31
[392] [M]: 0x000000008000061C (0x6C318193) addi x3, x3, 0x6c3                       inst_27+20
x3 <- 0xFFFFFFFFFFD2BEC3

mem[X,0x0000000080000620] -> 0x9193
mem[X,0x0000000080000622] -> 0x00A1
[393] [M]: 0x0000000080000620 (0x00A19193) slli x3, x3, 0xa                         inst_27+24
x3 <- 0xFFFFFFFF4AFB0C00

clint mtime 0x00000000000000C5 (mip.MTI <- 0b1, mip.STI <- 0b0)
mem[X,0x0000000080000624] -> 0x8193
mem[X,0x0000000080000626] -> 0x0CE1
[394] [M]: 0x0000000080000624 (0x0CE18193) addi x3, x3, 0xce                        inst_27+28
x3 <- 0xFFFFFFFF4AFB0CCE

mem[X,0x0000000080000628] -> 0xE213
mem[X,0x000000008000062A] -> 0xAAB1
[395] [M]: 0x0000000080000628 (0xAAB1E213) ori x4, x3, -0x555                       inst_27+32
x4 <- 0xFFFFFFFFFFFFFEEF

clint mtime 0x00000000000000C6 (mip.MTI <- 0b1, mip.STI <- 0b0)
mem[X,0x000000008000062C] -> 0xB423
mem[X,0x000000008000062E] -> 0x0043
[396] [M]: 0x000000008000062C (0x0043B423) sd x4, 0x8(x7)                           inst_27+36
mem[W,0x00000000800061F0] <- 0xFFFFFFFFFFFFFEEF

mem[X,0x0000000080000630] -> 0x0237
mem[X,0x0000000080000632] -> 0x0000
[397] [M]: 0x0000000080000630 (0x00000237) lui x4, 0x0                              inst_28+0
x4 <- 0x0000000000000000

clint mtime 0x00000000000000C7 (mip.MTI <- 0b1, mip.STI <- 0b0)
mem[X,0x0000000080000634] -> 0x0213
mem[X,0x0000000080000636] -> 0xFFF2
[398] [M]: 0x0000000080000634 (0xFFF20213) addi x4, x4, -0x1                        inst_28+4
x4 <- 0xFFFFFFFFFFFFFFFF

mem[X,0x0000000080000638] -> 0x1213
mem[X,0x000000008000063A] -> 0x00B2
[399] [M]: 0x0000000080000638 (0x00B21213) slli x4, x4, 0xb                         inst_28+8
x4 <- 0xFFFFFFFFFFFFF800

clint mtime 0x00000000000000C8 (mip.MTI <- 0b1, mip.STI <- 0b0)
mem[X,0x000000008000063C] -> 0x0213
mem[X,0x000000008000063E] -> 0x2572
[400] [M]: 0x000000008000063C (0x25720213) addi x4, x4, 0x257                       inst_28+12
x4 <- 0xFFFFFFFFFFFFFA57

mem[X,0x0000000080000640] -> 0x1213
mem[X,0x0000000080000642] -> 0x00B2
[401] [M]: 0x0000000080000640 (0x00B21213) slli x4, x4, 0xb                         inst_28+16
x4 <- 0xFFFFFFFFFFD2B800

clint mtime 0x00000000000000C9 (mip.MTI <- 0b1, mip.STI <- 0b0)
mem[X,0x0000000080000644] -> 0x0213
mem[X,0x0000000080000646] -> 0x6C32
[402] [M]: 0x0000000080000644 (0x6C320213) addi x4, x4, 0x6c3                       inst_28+20
x4 <- 0xFFFFFFFFFFD2BEC3

mem[X,0x0000000080000648] -> 0x1213
mem[X,0x000000008000064A] -> 0x00A2
[403] [M]: 0x0000000080000648 (0x00A21213) slli x4, x4, 0xa                         inst_28+24
x4 <- 0xFFFFFFFF4AFB0C00

clint mtime 0x00000000000000CA (mip.MTI <- 0b1, mip.STI <- 0b0)
mem[X,0x000000008000064C] -> 0x0213
mem[X,0x000000008000064E] -> 0x0CE2
[404] [M]: 0x000000008000064C (0x0CE20213) addi x4, x4, 0xce                        inst_28+28
x4 <- 0xFFFFFFFF4AFB0CCE

mem[X,0x0000000080000650] -> 0x6193
mem[X,0x0000000080000652] -> 0x5562
[405] [M]: 0x0000000080000650 (0x55626193) ori x3, x4, 0x556                        inst_28+32
x3 <- 0xFFFFFFFF4AFB0DDE

clint mtime 0x00000000000000CB (mip.MTI <- 0b1, mip.STI <- 0b0)
mem[X,0x0000000080000654] -> 0xB823
mem[X,0x0000000080000656] -> 0x0033
[406] [M]: 0x0000000080000654 (0x0033B823) sd x3, 0x10(x7)                          inst_28+36
mem[W,0x00000000800061F8] <- 0xFFFFFFFF4AFB0DDE

mem[X,0x0000000080000658] -> 0x00B7
mem[X,0x000000008000065A] -> 0x0000
[407] [M]: 0x0000000080000658 (0x000000B7) lui x1, 0x0                              inst_29+0
x1 <- 0x0000000000000000

clint mtime 0x00000000000000CC (mip.MTI <- 0b1, mip.STI <- 0b0)
mem[X,0x000000008000065C] -> 0x8093
mem[X,0x000000008000065E] -> 0xFFF0
[408] [M]: 0x000000008000065C (0xFFF08093) addi x1, x1, -0x1                        inst_29+4
x1 <- 0xFFFFFFFFFFFFFFFF

mem[X,0x0000000080000660] -> 0x9093
mem[X,0x0000000080000662] -> 0x00B0
[409] [M]: 0x0000000080000660 (0x00B09093) slli x1, x1, 0xb                         inst_29+8
x1 <- 0xFFFFFFFFFFFFF800

clint mtime 0x00000000000000CD (mip.MTI <- 0b1, mip.STI <- 0b0)
mem[X,0x0000000080000664] -> 0x8093
mem[X,0x0000000080000666] -> 0x2570
[410] [M]: 0x0000000080000664 (0x25708093) addi x1, x1, 0x257                       inst_29+12
x1 <- 0xFFFFFFFFFFFFFA57

mem[X,0x0000000080000668] -> 0x9093
mem[X,0x000000008000066A] -> 0x00B0
[411] [M]: 0x0000000080000668 (0x00B09093) slli x1, x1, 0xb                         inst_29+16
x1 <- 0xFFFFFFFFFFD2B800

clint mtime 0x00000000000000CE (mip.MTI <- 0b1, mip.STI <- 0b0)
mem[X,0x000000008000066C] -> 0x8093
mem[X,0x000000008000066E] -> 0x6C30
[412] [M]: 0x000000008000066C (0x6C308093) addi x1, x1, 0x6c3                       inst_29+20
x1 <- 0xFFFFFFFFFFD2BEC3

mem[X,0x0000000080000670] -> 0x9093
mem[X,0x0000000080000672] -> 0x00A0
[413] [M]: 0x0000000080000670 (0x00A09093) slli x1, x1, 0xa                         inst_29+24
x1 <- 0xFFFFFFFF4AFB0C00

clint mtime 0x00000000000000CF (mip.MTI <- 0b1, mip.STI <- 0b0)
mem[X,0x0000000080000674] -> 0x8093
mem[X,0x0000000080000676] -> 0x0CE0
[414] [M]: 0x0000000080000674 (0x0CE08093) addi x1, x1, 0xce                        inst_29+28
x1 <- 0xFFFFFFFF4AFB0CCE

mem[X,0x0000000080000678] -> 0xE113
mem[X,0x000000008000067A] -> 0x02C0
[415] [M]: 0x0000000080000678 (0x02C0E113) ori x2, x1, 0x2c                         inst_29+32
x2 <- 0xFFFFFFFF4AFB0CEE

clint mtime 0x00000000000000D0 (mip.MTI <- 0b1, mip.STI <- 0b0)
mem[X,0x000000008000067C] -> 0xBC23
mem[X,0x000000008000067E] -> 0x0023
[416] [M]: 0x000000008000067C (0x0023BC23) sd x2, 0x18(x7)                          inst_29+36
mem[W,0x0000000080006200] <- 0xFFFFFFFF4AFB0CEE

mem[X,0x0000000080000680] -> 0x0137
mem[X,0x0000000080000682] -> 0x0000
[417] [M]: 0x0000000080000680 (0x00000137) lui x2, 0x0                              inst_30+0
x2 <- 0x0000000000000000

clint mtime 0x00000000000000D1 (mip.MTI <- 0b1, mip.STI <- 0b0)
mem[X,0x0000000080000684] -> 0x0113
mem[X,0x0000000080000686] -> 0xFFF1
[418] [M]: 0x0000000080000684 (0xFFF10113) addi x2, x2, -0x1                        inst_30+4
x2 <- 0xFFFFFFFFFFFFFFFF

mem[X,0x0000000080000688] -> 0x1113
mem[X,0x000000008000068A] -> 0x00B1
[419] [M]: 0x0000000080000688 (0x00B11113) slli x2, x2, 0xb                         inst_30+8
x2 <- 0xFFFFFFFFFFFFF800

clint mtime 0x00000000000000D2 (mip.MTI <- 0b1, mip.STI <- 0b0)
mem[X,0x000000008000068C] -> 0x0113
mem[X,0x000000008000068E] -> 0x2571
[420] [M]: 0x000000008000068C (0x25710113) addi x2, x2, 0x257                       inst_30+12
x2 <- 0xFFFFFFFFFFFFFA57

mem[X,0x0000000080000690] -> 0x1113
mem[X,0x0000000080000692] -> 0x00B1
[421] [M]: 0x0000000080000690 (0x00B11113) slli x2, x2, 0xb                         inst_30+16
x2 <- 0xFFFFFFFFFFD2B800

clint mtime 0x00000000000000D3 (mip.MTI <- 0b1, mip.STI <- 0b0)
mem[X,0x0000000080000694] -> 0x0113
mem[X,0x0000000080000696] -> 0x6C31
[422] [M]: 0x0000000080000694 (0x6C310113) addi x2, x2, 0x6c3                       inst_30+20
x2 <- 0xFFFFFFFFFFD2BEC3

mem[X,0x0000000080000698] -> 0x1113
mem[X,0x000000008000069A] -> 0x00A1
[423] [M]: 0x0000000080000698 (0x00A11113) slli x2, x2, 0xa                         inst_30+24
x2 <- 0xFFFFFFFF4AFB0C00

clint mtime 0x00000000000000D4 (mip.MTI <- 0b1, mip.STI <- 0b0)
mem[X,0x000000008000069C] -> 0x0113
mem[X,0x000000008000069E] -> 0x0CE1
[424] [M]: 0x000000008000069C (0x0CE10113) addi x2, x2, 0xce                        inst_30+28
x2 <- 0xFFFFFFFF4AFB0CCE

mem[X,0x00000000800006A0] -> 0x6093
mem[X,0x00000000800006A2] -> 0x6651
[425] [M]: 0x00000000800006A0 (0x66516093) ori x1, x2, 0x665                        inst_30+32
x1 <- 0xFFFFFFFF4AFB0EEF

clint mtime 0x00000000000000D5 (mip.MTI <- 0b1, mip.STI <- 0b0)
mem[X,0x00000000800006A4] -> 0xB023
mem[X,0x00000000800006A6] -> 0x0213
[426] [M]: 0x00000000800006A4 (0x0213B023) sd x1, 0x20(x7)                          inst_30+36
mem[W,0x0000000080006208] <- 0xFFFFFFFF4AFB0EEF

mem[X,0x00000000800006A8] -> 0x0013
mem[X,0x00000000800006AA] -> 0x0000
[427] [M]: 0x00000000800006A8 (0x00000013) addi x0, x0, 0x0                         inst_31+0

clint mtime 0x00000000000000D6 (mip.MTI <- 0b1, mip.STI <- 0b0)
mem[X,0x00000000800006AC] -> 0x6F93
mem[X,0x00000000800006AE] -> 0x3320
[428] [M]: 0x00000000800006AC (0x33206F93) ori x31, x0, 0x332                       inst_31+4
x31 <- 0x0000000000000332

mem[X,0x00000000800006B0] -> 0xB423
mem[X,0x00000000800006B2] -> 0x03F3
[429] [M]: 0x00000000800006B0 (0x03F3B423) sd x31, 0x28(x7)                         inst_31+8
mem[W,0x0000000080006210] <- 0x0000000000000332

clint mtime 0x00000000000000D7 (mip.MTI <- 0b1, mip.STI <- 0b0)
mem[X,0x00000000800006B4] -> 0x0F37
mem[X,0x00000000800006B6] -> 0x0000
[430] [M]: 0x00000000800006B4 (0x00000F37) lui x30, 0x0                             inst_32+0
x30 <- 0x0000000000000000

mem[X,0x00000000800006B8] -> 0x0F13
mem[X,0x00000000800006BA] -> 0xFFFF
[431] [M]: 0x00000000800006B8 (0xFFFF0F13) addi x30, x30, -0x1                      inst_32+4
x30 <- 0xFFFFFFFFFFFFFFFF

clint mtime 0x00000000000000D8 (mip.MTI <- 0b1, mip.STI <- 0b0)
mem[X,0x00000000800006BC] -> 0x1F13
mem[X,0x00000000800006BE] -> 0x00BF
[432] [M]: 0x00000000800006BC (0x00BF1F13) slli x30, x30, 0xb                       inst_32+8
x30 <- 0xFFFFFFFFFFFFF800

mem[X,0x00000000800006C0] -> 0x0F13
mem[X,0x00000000800006C2] -> 0x257F
[433] [M]: 0x00000000800006C0 (0x257F0F13) addi x30, x30, 0x257                     inst_32+12
x30 <- 0xFFFFFFFFFFFFFA57

clint mtime 0x00000000000000D9 (mip.MTI <- 0b1, mip.STI <- 0b0)
mem[X,0x00000000800006C4] -> 0x1F13
mem[X,0x00000000800006C6] -> 0x00BF
[434] [M]: 0x00000000800006C4 (0x00BF1F13) slli x30, x30, 0xb                       inst_32+16
x30 <- 0xFFFFFFFFFFD2B800

mem[X,0x00000000800006C8] -> 0x0F13
mem[X,0x00000000800006CA] -> 0x6C3F
[435] [M]: 0x00000000800006C8 (0x6C3F0F13) addi x30, x30, 0x6c3                     inst_32+20
x30 <- 0xFFFFFFFFFFD2BEC3

clint mtime 0x00000000000000DA (mip.MTI <- 0b1, mip.STI <- 0b0)
mem[X,0x00000000800006CC] -> 0x1F13
mem[X,0x00000000800006CE] -> 0x00AF
[436] [M]: 0x00000000800006CC (0x00AF1F13) slli x30, x30, 0xa                       inst_32+24
x30 <- 0xFFFFFFFF4AFB0C00

mem[X,0x00000000800006D0] -> 0x0F13
mem[X,0x00000000800006D2] -> 0x0CEF
[437] [M]: 0x00000000800006D0 (0x0CEF0F13) addi x30, x30, 0xce                      inst_32+28
x30 <- 0xFFFFFFFF4AFB0CCE

clint mtime 0x00000000000000DB (mip.MTI <- 0b1, mip.STI <- 0b0)
mem[X,0x00000000800006D4] -> 0x6F93
mem[X,0x00000000800006D6] -> 0x004F
[438] [M]: 0x00000000800006D4 (0x004F6F93) ori x31, x30, 0x4                        inst_32+32
x31 <- 0xFFFFFFFF4AFB0CCE

mem[X,0x00000000800006D8] -> 0xB823
mem[X,0x00000000800006DA] -> 0x03F3
[439] [M]: 0x00000000800006D8 (0x03F3B823) sd x31, 0x30(x7)                         inst_32+36
mem[W,0x0000000080006218] <- 0xFFFFFFFF4AFB0CCE

clint mtime 0x00000000000000DC (mip.MTI <- 0b1, mip.STI <- 0b0)
mem[X,0x00000000800006DC] -> 0x0F37
mem[X,0x00000000800006DE] -> 0x0000
[440] [M]: 0x00000000800006DC (0x00000F37) lui x30, 0x0                             inst_33+0
x30 <- 0x0000000000000000

mem[X,0x00000000800006E0] -> 0x0F13
mem[X,0x00000000800006E2] -> 0xFFFF
[441] [M]: 0x00000000800006E0 (0xFFFF0F13) addi x30, x30, -0x1                      inst_33+4
x30 <- 0xFFFFFFFFFFFFFFFF

clint mtime 0x00000000000000DD (mip.MTI <- 0b1, mip.STI <- 0b0)
mem[X,0x00000000800006E4] -> 0x1F13
mem[X,0x00000000800006E6] -> 0x00BF
[442] [M]: 0x00000000800006E4 (0x00BF1F13) slli x30, x30, 0xb                       inst_33+8
x30 <- 0xFFFFFFFFFFFFF800

mem[X,0x00000000800006E8] -> 0x0F13
mem[X,0x00000000800006EA] -> 0x257F
[443] [M]: 0x00000000800006E8 (0x257F0F13) addi x30, x30, 0x257                     inst_33+12
x30 <- 0xFFFFFFFFFFFFFA57

clint mtime 0x00000000000000DE (mip.MTI <- 0b1, mip.STI <- 0b0)
mem[X,0x00000000800006EC] -> 0x1F13
mem[X,0x00000000800006EE] -> 0x00BF
[444] [M]: 0x00000000800006EC (0x00BF1F13) slli x30, x30, 0xb                       inst_33+16
x30 <- 0xFFFFFFFFFFD2B800

mem[X,0x00000000800006F0] -> 0x0F13
mem[X,0x00000000800006F2] -> 0x6C3F
[445] [M]: 0x00000000800006F0 (0x6C3F0F13) addi x30, x30, 0x6c3                     inst_33+20
x30 <- 0xFFFFFFFFFFD2BEC3

clint mtime 0x00000000000000DF (mip.MTI <- 0b1, mip.STI <- 0b0)
mem[X,0x00000000800006F4] -> 0x1F13
mem[X,0x00000000800006F6] -> 0x00AF
[446] [M]: 0x00000000800006F4 (0x00AF1F13) slli x30, x30, 0xa                       inst_33+24
x30 <- 0xFFFFFFFF4AFB0C00

mem[X,0x00000000800006F8] -> 0x0F13
mem[X,0x00000000800006FA] -> 0x0CEF
[447] [M]: 0x00000000800006F8 (0x0CEF0F13) addi x30, x30, 0xce                      inst_33+28
x30 <- 0xFFFFFFFF4AFB0CCE

clint mtime 0x00000000000000E0 (mip.MTI <- 0b1, mip.STI <- 0b0)
mem[X,0x00000000800006FC] -> 0x6F93
mem[X,0x00000000800006FE] -> 0x000F
[448] [M]: 0x00000000800006FC (0x000F6F93) ori x31, x30, 0x0                        inst_33+32
x31 <- 0xFFFFFFFF4AFB0CCE

mem[X,0x0000000080000700] -> 0xBC23
mem[X,0x0000000080000702] -> 0x03F3
[449] [M]: 0x0000000080000700 (0x03F3BC23) sd x31, 0x38(x7)                         inst_33+36
mem[W,0x0000000080006220] <- 0xFFFFFFFF4AFB0CCE

clint mtime 0x00000000000000E1 (mip.MTI <- 0b1, mip.STI <- 0b0)
mem[X,0x0000000080000704] -> 0x0F37
mem[X,0x0000000080000706] -> 0x0000
[450] [M]: 0x0000000080000704 (0x00000F37) lui x30, 0x0                             inst_34+0
x30 <- 0x0000000000000000

mem[X,0x0000000080000708] -> 0x0F13
mem[X,0x000000008000070A] -> 0xFFFF
[451] [M]: 0x0000000080000708 (0xFFFF0F13) addi x30, x30, -0x1                      inst_34+4
x30 <- 0xFFFFFFFFFFFFFFFF

clint mtime 0x00000000000000E2 (mip.MTI <- 0b1, mip.STI <- 0b0)
mem[X,0x000000008000070C] -> 0x1F13
mem[X,0x000000008000070E] -> 0x00BF
[452] [M]: 0x000000008000070C (0x00BF1F13) slli x30, x30, 0xb                       inst_34+8
x30 <- 0xFFFFFFFFFFFFF800

mem[X,0x0000000080000710] -> 0x0F13
mem[X,0x0000000080000712] -> 0x257F
[453] [M]: 0x0000000080000710 (0x257F0F13) addi x30, x30, 0x257                     inst_34+12
x30 <- 0xFFFFFFFFFFFFFA57

clint mtime 0x00000000000000E3 (mip.MTI <- 0b1, mip.STI <- 0b0)
mem[X,0x0000000080000714] -> 0x1F13
mem[X,0x0000000080000716] -> 0x00BF
[454] [M]: 0x0000000080000714 (0x00BF1F13) slli x30, x30, 0xb                       inst_34+16
x30 <- 0xFFFFFFFFFFD2B800

mem[X,0x0000000080000718] -> 0x0F13
mem[X,0x000000008000071A] -> 0x6C3F
[455] [M]: 0x0000000080000718 (0x6C3F0F13) addi x30, x30, 0x6c3                     inst_34+20
x30 <- 0xFFFFFFFFFFD2BEC3

clint mtime 0x00000000000000E4 (mip.MTI <- 0b1, mip.STI <- 0b0)
mem[X,0x000000008000071C] -> 0x1F13
mem[X,0x000000008000071E] -> 0x00AF
[456] [M]: 0x000000008000071C (0x00AF1F13) slli x30, x30, 0xa                       inst_34+24
x30 <- 0xFFFFFFFF4AFB0C00

mem[X,0x0000000080000720] -> 0x0F13
mem[X,0x0000000080000722] -> 0x0CEF
[457] [M]: 0x0000000080000720 (0x0CEF0F13) addi x30, x30, 0xce                      inst_34+28
x30 <- 0xFFFFFFFF4AFB0CCE

clint mtime 0x00000000000000E5 (mip.MTI <- 0b1, mip.STI <- 0b0)
mem[X,0x0000000080000724] -> 0x6F93
mem[X,0x0000000080000726] -> 0x554F
[458] [M]: 0x0000000080000724 (0x554F6F93) ori x31, x30, 0x554                      inst_34+32
x31 <- 0xFFFFFFFF4AFB0DDE

mem[X,0x0000000080000728] -> 0xB023
mem[X,0x000000008000072A] -> 0x05F3
[459] [M]: 0x0000000080000728 (0x05F3B023) sd x31, 0x40(x7)                         inst_34+36
mem[W,0x0000000080006228] <- 0xFFFFFFFF4AFB0DDE

clint mtime 0x00000000000000E6 (mip.MTI <- 0b1, mip.STI <- 0b0)
mem[X,0x000000008000072C] -> 0x0F37
mem[X,0x000000008000072E] -> 0x0000
[460] [M]: 0x000000008000072C (0x00000F37) lui x30, 0x0                             inst_35+0
x30 <- 0x0000000000000000

mem[X,0x0000000080000730] -> 0x0F13
mem[X,0x0000000080000732] -> 0xFFFF
[461] [M]: 0x0000000080000730 (0xFFFF0F13) addi x30, x30, -0x1                      inst_35+4
x30 <- 0xFFFFFFFFFFFFFFFF

clint mtime 0x00000000000000E7 (mip.MTI <- 0b1, mip.STI <- 0b0)
mem[X,0x0000000080000734] -> 0x1F13
mem[X,0x0000000080000736] -> 0x00BF
[462] [M]: 0x0000000080000734 (0x00BF1F13) slli x30, x30, 0xb                       inst_35+8
x30 <- 0xFFFFFFFFFFFFF800

mem[X,0x0000000080000738] -> 0x0F13
mem[X,0x000000008000073A] -> 0x257F
[463] [M]: 0x0000000080000738 (0x257F0F13) addi x30, x30, 0x257                     inst_35+12
x30 <- 0xFFFFFFFFFFFFFA57

clint mtime 0x00000000000000E8 (mip.MTI <- 0b1, mip.STI <- 0b0)
mem[X,0x000000008000073C] -> 0x1F13
mem[X,0x000000008000073E] -> 0x00BF
[464] [M]: 0x000000008000073C (0x00BF1F13) slli x30, x30, 0xb                       inst_35+16
x30 <- 0xFFFFFFFFFFD2B800

mem[X,0x0000000080000740] -> 0x0F13
mem[X,0x0000000080000742] -> 0x6C3F
[465] [M]: 0x0000000080000740 (0x6C3F0F13) addi x30, x30, 0x6c3                     inst_35+20
x30 <- 0xFFFFFFFFFFD2BEC3

clint mtime 0x00000000000000E9 (mip.MTI <- 0b1, mip.STI <- 0b0)
mem[X,0x0000000080000744] -> 0x1F13
mem[X,0x0000000080000746] -> 0x00AF
[466] [M]: 0x0000000080000744 (0x00AF1F13) slli x30, x30, 0xa                       inst_35+24
x30 <- 0xFFFFFFFF4AFB0C00

mem[X,0x0000000080000748] -> 0x0F13
mem[X,0x000000008000074A] -> 0x0CEF
[467] [M]: 0x0000000080000748 (0x0CEF0F13) addi x30, x30, 0xce                      inst_35+28
x30 <- 0xFFFFFFFF4AFB0CCE

clint mtime 0x00000000000000EA (mip.MTI <- 0b1, mip.STI <- 0b0)
mem[X,0x000000008000074C] -> 0x6F93
mem[X,0x000000008000074E] -> 0x002F
[468] [M]: 0x000000008000074C (0x002F6F93) ori x31, x30, 0x2                        inst_35+32
x31 <- 0xFFFFFFFF4AFB0CCE

mem[X,0x0000000080000750] -> 0xB423
mem[X,0x0000000080000752] -> 0x05F3
[469] [M]: 0x0000000080000750 (0x05F3B423) sd x31, 0x48(x7)                         inst_35+36
mem[W,0x0000000080006230] <- 0xFFFFFFFF4AFB0CCE

clint mtime 0x00000000000000EB (mip.MTI <- 0b1, mip.STI <- 0b0)
mem[X,0x0000000080000754] -> 0x0F37
mem[X,0x0000000080000756] -> 0x0000
[470] [M]: 0x0000000080000754 (0x00000F37) lui x30, 0x0                             inst_36+0
x30 <- 0x0000000000000000

mem[X,0x0000000080000758] -> 0x0F13
mem[X,0x000000008000075A] -> 0xFFFF
[471] [M]: 0x0000000080000758 (0xFFFF0F13) addi x30, x30, -0x1                      inst_36+4
x30 <- 0xFFFFFFFFFFFFFFFF

clint mtime 0x00000000000000EC (mip.MTI <- 0b1, mip.STI <- 0b0)
mem[X,0x000000008000075C] -> 0x1F13
mem[X,0x000000008000075E] -> 0x00BF
[472] [M]: 0x000000008000075C (0x00BF1F13) slli x30, x30, 0xb                       inst_36+8
x30 <- 0xFFFFFFFFFFFFF800

mem[X,0x0000000080000760] -> 0x0F13
mem[X,0x0000000080000762] -> 0x257F
[473] [M]: 0x0000000080000760 (0x257F0F13) addi x30, x30, 0x257                     inst_36+12
x30 <- 0xFFFFFFFFFFFFFA57

clint mtime 0x00000000000000ED (mip.MTI <- 0b1, mip.STI <- 0b0)
mem[X,0x0000000080000764] -> 0x1F13
mem[X,0x0000000080000766] -> 0x00BF
[474] [M]: 0x0000000080000764 (0x00BF1F13) slli x30, x30, 0xb                       inst_36+16
x30 <- 0xFFFFFFFFFFD2B800

mem[X,0x0000000080000768] -> 0x0F13
mem[X,0x000000008000076A] -> 0x6C3F
[475] [M]: 0x0000000080000768 (0x6C3F0F13) addi x30, x30, 0x6c3                     inst_36+20
x30 <- 0xFFFFFFFFFFD2BEC3

clint mtime 0x00000000000000EE (mip.MTI <- 0b1, mip.STI <- 0b0)
mem[X,0x000000008000076C] -> 0x1F13
mem[X,0x000000008000076E] -> 0x00AF
[476] [M]: 0x000000008000076C (0x00AF1F13) slli x30, x30, 0xa                       inst_36+24
x30 <- 0xFFFFFFFF4AFB0C00

mem[X,0x0000000080000770] -> 0x0F13
mem[X,0x0000000080000772] -> 0x0CEF
[477] [M]: 0x0000000080000770 (0x0CEF0F13) addi x30, x30, 0xce                      inst_36+28
x30 <- 0xFFFFFFFF4AFB0CCE

clint mtime 0x00000000000000EF (mip.MTI <- 0b1, mip.STI <- 0b0)
mem[X,0x0000000080000774] -> 0x6F93
mem[X,0x0000000080000776] -> 0x02DF
[478] [M]: 0x0000000080000774 (0x02DF6F93) ori x31, x30, 0x2d                       inst_36+32
x31 <- 0xFFFFFFFF4AFB0CEF

mem[X,0x0000000080000778] -> 0xB823
mem[X,0x000000008000077A] -> 0x05F3
[479] [M]: 0x0000000080000778 (0x05F3B823) sd x31, 0x50(x7)                         inst_36+36
mem[W,0x0000000080006238] <- 0xFFFFFFFF4AFB0CEF

clint mtime 0x00000000000000F0 (mip.MTI <- 0b1, mip.STI <- 0b0)
mem[X,0x000000008000077C] -> 0x0F37
mem[X,0x000000008000077E] -> 0x0000
[480] [M]: 0x000000008000077C (0x00000F37) lui x30, 0x0                             inst_37+0
x30 <- 0x0000000000000000

mem[X,0x0000000080000780] -> 0x0F13
mem[X,0x0000000080000782] -> 0xFFFF
[481] [M]: 0x0000000080000780 (0xFFFF0F13) addi x30, x30, -0x1                      inst_37+4
x30 <- 0xFFFFFFFFFFFFFFFF

clint mtime 0x00000000000000F1 (mip.MTI <- 0b1, mip.STI <- 0b0)
mem[X,0x0000000080000784] -> 0x1F13
mem[X,0x0000000080000786] -> 0x00BF
[482] [M]: 0x0000000080000784 (0x00BF1F13) slli x30, x30, 0xb                       inst_37+8
x30 <- 0xFFFFFFFFFFFFF800

mem[X,0x0000000080000788] -> 0x0F13
mem[X,0x000000008000078A] -> 0x257F
[483] [M]: 0x0000000080000788 (0x257F0F13) addi x30, x30, 0x257                     inst_37+12
x30 <- 0xFFFFFFFFFFFFFA57

clint mtime 0x00000000000000F2 (mip.MTI <- 0b1, mip.STI <- 0b0)
mem[X,0x000000008000078C] -> 0x1F13
mem[X,0x000000008000078E] -> 0x00BF
[484] [M]: 0x000000008000078C (0x00BF1F13) slli x30, x30, 0xb                       inst_37+16
x30 <- 0xFFFFFFFFFFD2B800

mem[X,0x0000000080000790] -> 0x0F13
mem[X,0x0000000080000792] -> 0x6C3F
[485] [M]: 0x0000000080000790 (0x6C3F0F13) addi x30, x30, 0x6c3                     inst_37+20
x30 <- 0xFFFFFFFFFFD2BEC3

clint mtime 0x00000000000000F3 (mip.MTI <- 0b1, mip.STI <- 0b0)
mem[X,0x0000000080000794] -> 0x1F13
mem[X,0x0000000080000796] -> 0x00AF
[486] [M]: 0x0000000080000794 (0x00AF1F13) slli x30, x30, 0xa                       inst_37+24
x30 <- 0xFFFFFFFF4AFB0C00

mem[X,0x0000000080000798] -> 0x0F13
mem[X,0x000000008000079A] -> 0x0CEF
[487] [M]: 0x0000000080000798 (0x0CEF0F13) addi x30, x30, 0xce                      inst_37+28
x30 <- 0xFFFFFFFF4AFB0CCE

clint mtime 0x00000000000000F4 (mip.MTI <- 0b1, mip.STI <- 0b0)
mem[X,0x000000008000079C] -> 0x6F93
mem[X,0x000000008000079E] -> 0xFD3F
[488] [M]: 0x000000008000079C (0xFD3F6F93) ori x31, x30, -0x2d                      inst_37+32
x31 <- 0xFFFFFFFFFFFFFFDF

mem[X,0x00000000800007A0] -> 0xBC23
mem[X,0x00000000800007A2] -> 0x05F3
[489] [M]: 0x00000000800007A0 (0x05F3BC23) sd x31, 0x58(x7)                         inst_37+36
mem[W,0x0000000080006240] <- 0xFFFFFFFFFFFFFFDF

clint mtime 0x00000000000000F5 (mip.MTI <- 0b1, mip.STI <- 0b0)
mem[X,0x00000000800007A4] -> 0x0F37
mem[X,0x00000000800007A6] -> 0x0000
[490] [M]: 0x00000000800007A4 (0x00000F37) lui x30, 0x0                             inst_38+0
x30 <- 0x0000000000000000

mem[X,0x00000000800007A8] -> 0x0F13
mem[X,0x00000000800007AA] -> 0xFFFF
[491] [M]: 0x00000000800007A8 (0xFFFF0F13) addi x30, x30, -0x1                      inst_38+4
x30 <- 0xFFFFFFFFFFFFFFFF

clint mtime 0x00000000000000F6 (mip.MTI <- 0b1, mip.STI <- 0b0)
mem[X,0x00000000800007AC] -> 0x1F13
mem[X,0x00000000800007AE] -> 0x00BF
[492] [M]: 0x00000000800007AC (0x00BF1F13) slli x30, x30, 0xb                       inst_38+8
x30 <- 0xFFFFFFFFFFFFF800

mem[X,0x00000000800007B0] -> 0x0F13
mem[X,0x00000000800007B2] -> 0x257F
[493] [M]: 0x00000000800007B0 (0x257F0F13) addi x30, x30, 0x257                     inst_38+12
x30 <- 0xFFFFFFFFFFFFFA57

clint mtime 0x00000000000000F7 (mip.MTI <- 0b1, mip.STI <- 0b0)
mem[X,0x00000000800007B4] -> 0x1F13
mem[X,0x00000000800007B6] -> 0x00BF
[494] [M]: 0x00000000800007B4 (0x00BF1F13) slli x30, x30, 0xb                       inst_38+16
x30 <- 0xFFFFFFFFFFD2B800

mem[X,0x00000000800007B8] -> 0x0F13
mem[X,0x00000000800007BA] -> 0x6C3F
[495] [M]: 0x00000000800007B8 (0x6C3F0F13) addi x30, x30, 0x6c3                     inst_38+20
x30 <- 0xFFFFFFFFFFD2BEC3

clint mtime 0x00000000000000F8 (mip.MTI <- 0b1, mip.STI <- 0b0)
mem[X,0x00000000800007BC] -> 0x1F13
mem[X,0x00000000800007BE] -> 0x00AF
[496] [M]: 0x00000000800007BC (0x00AF1F13) slli x30, x30, 0xa                       inst_38+24
x30 <- 0xFFFFFFFF4AFB0C00

mem[X,0x00000000800007C0] -> 0x0F13
mem[X,0x00000000800007C2] -> 0x0CEF
[497] [M]: 0x00000000800007C0 (0x0CEF0F13) addi x30, x30, 0xce                      inst_38+28
x30 <- 0xFFFFFFFF4AFB0CCE

clint mtime 0x00000000000000F9 (mip.MTI <- 0b1, mip.STI <- 0b0)
mem[X,0x00000000800007C4] -> 0x6F93
mem[X,0x00000000800007C6] -> 0x666F
[498] [M]: 0x00000000800007C4 (0x666F6F93) ori x31, x30, 0x666                      inst_38+32
x31 <- 0xFFFFFFFF4AFB0EEE

mem[X,0x00000000800007C8] -> 0xB023
mem[X,0x00000000800007CA] -> 0x07F3
[499] [M]: 0x00000000800007C8 (0x07F3B023) sd x31, 0x60(x7)                         inst_38+36
mem[W,0x0000000080006248] <- 0xFFFFFFFF4AFB0EEE

clint mtime 0x00000000000000FA (mip.MTI <- 0b1, mip.STI <- 0b0)
mem[X,0x00000000800007CC] -> 0x0F37
mem[X,0x00000000800007CE] -> 0x0000
[500] [M]: 0x00000000800007CC (0x00000F37) lui x30, 0x0                             inst_39+0
x30 <- 0x0000000000000000

mem[X,0x00000000800007D0] -> 0x0F13
mem[X,0x00000000800007D2] -> 0xFFFF
[501] [M]: 0x00000000800007D0 (0xFFFF0F13) addi x30, x30, -0x1                      inst_39+4
x30 <- 0xFFFFFFFFFFFFFFFF

clint mtime 0x00000000000000FB (mip.MTI <- 0b1, mip.STI <- 0b0)
mem[X,0x00000000800007D4] -> 0x1F13
mem[X,0x00000000800007D6] -> 0x00BF
[502] [M]: 0x00000000800007D4 (0x00BF1F13) slli x30, x30, 0xb                       inst_39+8
x30 <- 0xFFFFFFFFFFFFF800

mem[X,0x00000000800007D8] -> 0x0F13
mem[X,0x00000000800007DA] -> 0x257F
[503] [M]: 0x00000000800007D8 (0x257F0F13) addi x30, x30, 0x257                     inst_39+12
x30 <- 0xFFFFFFFFFFFFFA57

clint mtime 0x00000000000000FC (mip.MTI <- 0b1, mip.STI <- 0b0)
mem[X,0x00000000800007DC] -> 0x1F13
mem[X,0x00000000800007DE] -> 0x00BF
[504] [M]: 0x00000000800007DC (0x00BF1F13) slli x30, x30, 0xb                       inst_39+16
x30 <- 0xFFFFFFFFFFD2B800

mem[X,0x00000000800007E0] -> 0x0F13
mem[X,0x00000000800007E2] -> 0x6C3F
[505] [M]: 0x00000000800007E0 (0x6C3F0F13) addi x30, x30, 0x6c3                     inst_39+20
x30 <- 0xFFFFFFFFFFD2BEC3

clint mtime 0x00000000000000FD (mip.MTI <- 0b1, mip.STI <- 0b0)
mem[X,0x00000000800007E4] -> 0x1F13
mem[X,0x00000000800007E6] -> 0x00AF
[506] [M]: 0x00000000800007E4 (0x00AF1F13) slli x30, x30, 0xa                       inst_39+24
x30 <- 0xFFFFFFFF4AFB0C00

mem[X,0x00000000800007E8] -> 0x0F13
mem[X,0x00000000800007EA] -> 0x0CEF
[507] [M]: 0x00000000800007E8 (0x0CEF0F13) addi x30, x30, 0xce                      inst_39+28
x30 <- 0xFFFFFFFF4AFB0CCE

clint mtime 0x00000000000000FE (mip.MTI <- 0b1, mip.STI <- 0b0)
mem[X,0x00000000800007EC] -> 0x6F93
mem[X,0x00000000800007EE] -> 0x333F
[508] [M]: 0x00000000800007EC (0x333F6F93) ori x31, x30, 0x333                      inst_39+32
x31 <- 0xFFFFFFFF4AFB0FFF

mem[X,0x00000000800007F0] -> 0xB423
mem[X,0x00000000800007F2] -> 0x07F3
[509] [M]: 0x00000000800007F0 (0x07F3B423) sd x31, 0x68(x7)                         inst_39+36
mem[W,0x0000000080006250] <- 0xFFFFFFFF4AFB0FFF

clint mtime 0x00000000000000FF (mip.MTI <- 0b1, mip.STI <- 0b0)
mem[X,0x00000000800007F4] -> 0x0F37
mem[X,0x00000000800007F6] -> 0x0000
[510] [M]: 0x00000000800007F4 (0x00000F37) lui x30, 0x0                             inst_40+0
x30 <- 0x0000000000000000

mem[X,0x00000000800007F8] -> 0x0F13
mem[X,0x00000000800007FA] -> 0xFFFF
[511] [M]: 0x00000000800007F8 (0xFFFF0F13) addi x30, x30, -0x1                      inst_40+4
x30 <- 0xFFFFFFFFFFFFFFFF

clint mtime 0x0000000000000100 (mip.MTI <- 0b1, mip.STI <- 0b0)
mem[X,0x00000000800007FC] -> 0x1F13
mem[X,0x00000000800007FE] -> 0x00BF
[512] [M]: 0x00000000800007FC (0x00BF1F13) slli x30, x30, 0xb                       inst_40+8
x30 <- 0xFFFFFFFFFFFFF800

mem[X,0x0000000080000800] -> 0x0F13
mem[X,0x0000000080000802] -> 0x257F
[513] [M]: 0x0000000080000800 (0x257F0F13) addi x30, x30, 0x257                     inst_40+12
x30 <- 0xFFFFFFFFFFFFFA57

clint mtime 0x0000000000000101 (mip.MTI <- 0b1, mip.STI <- 0b0)
mem[X,0x0000000080000804] -> 0x1F13
mem[X,0x0000000080000806] -> 0x00BF
[514] [M]: 0x0000000080000804 (0x00BF1F13) slli x30, x30, 0xb                       inst_40+16
x30 <- 0xFFFFFFFFFFD2B800

mem[X,0x0000000080000808] -> 0x0F13
mem[X,0x000000008000080A] -> 0x6C3F
[515] [M]: 0x0000000080000808 (0x6C3F0F13) addi x30, x30, 0x6c3                     inst_40+20
x30 <- 0xFFFFFFFFFFD2BEC3

clint mtime 0x0000000000000102 (mip.MTI <- 0b1, mip.STI <- 0b0)
mem[X,0x000000008000080C] -> 0x1F13
mem[X,0x000000008000080E] -> 0x00AF
[516] [M]: 0x000000008000080C (0x00AF1F13) slli x30, x30, 0xa                       inst_40+24
x30 <- 0xFFFFFFFF4AFB0C00

mem[X,0x0000000080000810] -> 0x0F13
mem[X,0x0000000080000812] -> 0x0CEF
[517] [M]: 0x0000000080000810 (0x0CEF0F13) addi x30, x30, 0xce                      inst_40+28
x30 <- 0xFFFFFFFF4AFB0CCE

clint mtime 0x0000000000000103 (mip.MTI <- 0b1, mip.STI <- 0b0)
mem[X,0x0000000080000814] -> 0x6F93
mem[X,0x0000000080000816] -> 0x005F
[518] [M]: 0x0000000080000814 (0x005F6F93) ori x31, x30, 0x5                        inst_40+32
x31 <- 0xFFFFFFFF4AFB0CCF

mem[X,0x0000000080000818] -> 0xB823
mem[X,0x000000008000081A] -> 0x07F3
[519] [M]: 0x0000000080000818 (0x07F3B823) sd x31, 0x70(x7)                         inst_40+36
mem[W,0x0000000080006258] <- 0xFFFFFFFF4AFB0CCF

clint mtime 0x0000000000000104 (mip.MTI <- 0b1, mip.STI <- 0b0)
mem[X,0x000000008000081C] -> 0x0F37
mem[X,0x000000008000081E] -> 0x0000
[520] [M]: 0x000000008000081C (0x00000F37) lui x30, 0x0                             inst_41+0
x30 <- 0x0000000000000000

mem[X,0x0000000080000820] -> 0x0F13
mem[X,0x0000000080000822] -> 0xFFFF
[521] [M]: 0x0000000080000820 (0xFFFF0F13) addi x30, x30, -0x1                      inst_41+4
x30 <- 0xFFFFFFFFFFFFFFFF

clint mtime 0x0000000000000105 (mip.MTI <- 0b1, mip.STI <- 0b0)
mem[X,0x0000000080000824] -> 0x1F13
mem[X,0x0000000080000826] -> 0x00BF
[522] [M]: 0x0000000080000824 (0x00BF1F13) slli x30, x30, 0xb                       inst_41+8
x30 <- 0xFFFFFFFFFFFFF800

mem[X,0x0000000080000828] -> 0x0F13
mem[X,0x000000008000082A] -> 0x257F
[523] [M]: 0x0000000080000828 (0x257F0F13) addi x30, x30, 0x257                     inst_41+12
x30 <- 0xFFFFFFFFFFFFFA57

clint mtime 0x0000000000000106 (mip.MTI <- 0b1, mip.STI <- 0b0)
mem[X,0x000000008000082C] -> 0x1F13
mem[X,0x000000008000082E] -> 0x00BF
[524] [M]: 0x000000008000082C (0x00BF1F13) slli x30, x30, 0xb                       inst_41+16
x30 <- 0xFFFFFFFFFFD2B800

mem[X,0x0000000080000830] -> 0x0F13
mem[X,0x0000000080000832] -> 0x6C3F
[525] [M]: 0x0000000080000830 (0x6C3F0F13) addi x30, x30, 0x6c3                     inst_41+20
x30 <- 0xFFFFFFFFFFD2BEC3

clint mtime 0x0000000000000107 (mip.MTI <- 0b1, mip.STI <- 0b0)
mem[X,0x0000000080000834] -> 0x1F13
mem[X,0x0000000080000836] -> 0x00AF
[526] [M]: 0x0000000080000834 (0x00AF1F13) slli x30, x30, 0xa                       inst_41+24
x30 <- 0xFFFFFFFF4AFB0C00

mem[X,0x0000000080000838] -> 0x0F13
mem[X,0x000000008000083A] -> 0x0CEF
[527] [M]: 0x0000000080000838 (0x0CEF0F13) addi x30, x30, 0xce                      inst_41+28
x30 <- 0xFFFFFFFF4AFB0CCE

clint mtime 0x0000000000000108 (mip.MTI <- 0b1, mip.STI <- 0b0)
mem[X,0x000000008000083C] -> 0x6F93
mem[X,0x000000008000083E] -> 0xAAAF
[528] [M]: 0x000000008000083C (0xAAAF6F93) ori x31, x30, -0x556                     inst_41+32
x31 <- 0xFFFFFFFFFFFFFEEE

mem[X,0x0000000080000840] -> 0xBC23
mem[X,0x0000000080000842] -> 0x07F3
[529] [M]: 0x0000000080000840 (0x07F3BC23) sd x31, 0x78(x7)                         inst_41+36
mem[W,0x0000000080006260] <- 0xFFFFFFFFFFFFFEEE

clint mtime 0x0000000000000109 (mip.MTI <- 0b1, mip.STI <- 0b0)
mem[X,0x0000000080000844] -> 0x0F37
mem[X,0x0000000080000846] -> 0x0000
[530] [M]: 0x0000000080000844 (0x00000F37) lui x30, 0x0                             inst_42+0
x30 <- 0x0000000000000000

mem[X,0x0000000080000848] -> 0x0F13
mem[X,0x000000008000084A] -> 0xFFFF
[531] [M]: 0x0000000080000848 (0xFFFF0F13) addi x30, x30, -0x1                      inst_42+4
x30 <- 0xFFFFFFFFFFFFFFFF

clint mtime 0x000000000000010A (mip.MTI <- 0b1, mip.STI <- 0b0)
mem[X,0x000000008000084C] -> 0x1F13
mem[X,0x000000008000084E] -> 0x00BF
[532] [M]: 0x000000008000084C (0x00BF1F13) slli x30, x30, 0xb                       inst_42+8
x30 <- 0xFFFFFFFFFFFFF800

mem[X,0x0000000080000850] -> 0x0F13
mem[X,0x0000000080000852] -> 0x257F
[533] [M]: 0x0000000080000850 (0x257F0F13) addi x30, x30, 0x257                     inst_42+12
x30 <- 0xFFFFFFFFFFFFFA57

clint mtime 0x000000000000010B (mip.MTI <- 0b1, mip.STI <- 0b0)
mem[X,0x0000000080000854] -> 0x1F13
mem[X,0x0000000080000856] -> 0x00BF
[534] [M]: 0x0000000080000854 (0x00BF1F13) slli x30, x30, 0xb                       inst_42+16
x30 <- 0xFFFFFFFFFFD2B800

mem[X,0x0000000080000858] -> 0x0F13
mem[X,0x000000008000085A] -> 0x6C3F
[535] [M]: 0x0000000080000858 (0x6C3F0F13) addi x30, x30, 0x6c3                     inst_42+20
x30 <- 0xFFFFFFFFFFD2BEC3

clint mtime 0x000000000000010C (mip.MTI <- 0b1, mip.STI <- 0b0)
mem[X,0x000000008000085C] -> 0x1F13
mem[X,0x000000008000085E] -> 0x00AF
[536] [M]: 0x000000008000085C (0x00AF1F13) slli x30, x30, 0xa                       inst_42+24
x30 <- 0xFFFFFFFF4AFB0C00

mem[X,0x0000000080000860] -> 0x0F13
mem[X,0x0000000080000862] -> 0x0CEF
[537] [M]: 0x0000000080000860 (0x0CEF0F13) addi x30, x30, 0xce                      inst_42+28
x30 <- 0xFFFFFFFF4AFB0CCE

clint mtime 0x000000000000010D (mip.MTI <- 0b1, mip.STI <- 0b0)
mem[X,0x0000000080000864] -> 0x6F93
mem[X,0x0000000080000866] -> 0x555F
[538] [M]: 0x0000000080000864 (0x555F6F93) ori x31, x30, 0x555                      inst_42+32
x31 <- 0xFFFFFFFF4AFB0DDF

mem[X,0x0000000080000868] -> 0xB023
mem[X,0x000000008000086A] -> 0x09F3
[539] [M]: 0x0000000080000868 (0x09F3B023) sd x31, 0x80(x7)                         inst_42+36
mem[W,0x0000000080006268] <- 0xFFFFFFFF4AFB0DDF

clint mtime 0x000000000000010E (mip.MTI <- 0b1, mip.STI <- 0b0)
mem[X,0x000000008000086C] -> 0x0F37
mem[X,0x000000008000086E] -> 0x0000
[540] [M]: 0x000000008000086C (0x00000F37) lui x30, 0x0                             inst_43+0
x30 <- 0x0000000000000000

mem[X,0x0000000080000870] -> 0x0F13
mem[X,0x0000000080000872] -> 0xFFFF
[541] [M]: 0x0000000080000870 (0xFFFF0F13) addi x30, x30, -0x1                      inst_43+4
x30 <- 0xFFFFFFFFFFFFFFFF

clint mtime 0x000000000000010F (mip.MTI <- 0b1, mip.STI <- 0b0)
mem[X,0x0000000080000874] -> 0x1F13
mem[X,0x0000000080000876] -> 0x00BF
[542] [M]: 0x0000000080000874 (0x00BF1F13) slli x30, x30, 0xb                       inst_43+8
x30 <- 0xFFFFFFFFFFFFF800

mem[X,0x0000000080000878] -> 0x0F13
mem[X,0x000000008000087A] -> 0x257F
[543] [M]: 0x0000000080000878 (0x257F0F13) addi x30, x30, 0x257                     inst_43+12
x30 <- 0xFFFFFFFFFFFFFA57

clint mtime 0x0000000000000110 (mip.MTI <- 0b1, mip.STI <- 0b0)
mem[X,0x000000008000087C] -> 0x1F13
mem[X,0x000000008000087E] -> 0x00BF
[544] [M]: 0x000000008000087C (0x00BF1F13) slli x30, x30, 0xb                       inst_43+16
x30 <- 0xFFFFFFFFFFD2B800

mem[X,0x0000000080000880] -> 0x0F13
mem[X,0x0000000080000882] -> 0x6C3F
[545] [M]: 0x0000000080000880 (0x6C3F0F13) addi x30, x30, 0x6c3                     inst_43+20
x30 <- 0xFFFFFFFFFFD2BEC3

clint mtime 0x0000000000000111 (mip.MTI <- 0b1, mip.STI <- 0b0)
mem[X,0x0000000080000884] -> 0x1F13
mem[X,0x0000000080000886] -> 0x00AF
[546] [M]: 0x0000000080000884 (0x00AF1F13) slli x30, x30, 0xa                       inst_43+24
x30 <- 0xFFFFFFFF4AFB0C00

mem[X,0x0000000080000888] -> 0x0F13
mem[X,0x000000008000088A] -> 0x0CEF
[547] [M]: 0x0000000080000888 (0x0CEF0F13) addi x30, x30, 0xce                      inst_43+28
x30 <- 0xFFFFFFFF4AFB0CCE

clint mtime 0x0000000000000112 (mip.MTI <- 0b1, mip.STI <- 0b0)
mem[X,0x000000008000088C] -> 0x6F93
mem[X,0x000000008000088E] -> 0x003F
[548] [M]: 0x000000008000088C (0x003F6F93) ori x31, x30, 0x3                        inst_43+32
x31 <- 0xFFFFFFFF4AFB0CCF

mem[X,0x0000000080000890] -> 0xB423
mem[X,0x0000000080000892] -> 0x09F3
[549] [M]: 0x0000000080000890 (0x09F3B423) sd x31, 0x88(x7)                         inst_43+36
mem[W,0x0000000080006270] <- 0xFFFFFFFF4AFB0CCF

clint mtime 0x0000000000000113 (mip.MTI <- 0b1, mip.STI <- 0b0)
mem[X,0x0000000080000894] -> 0x6F37
mem[X,0x0000000080000896] -> 0x6666
[550] [M]: 0x0000000080000894 (0x66666F37) lui x30, 0x66666                         inst_44+0
x30 <- 0x0000000066666000

mem[X,0x0000000080000898] -> 0x0F13
mem[X,0x000000008000089A] -> 0x666F
[551] [M]: 0x0000000080000898 (0x666F0F13) addi x30, x30, 0x666                     inst_44+4
x30 <- 0x0000000066666666

clint mtime 0x0000000000000114 (mip.MTI <- 0b1, mip.STI <- 0b0)
mem[X,0x000000008000089C] -> 0x1F13
mem[X,0x000000008000089E] -> 0x00BF
[552] [M]: 0x000000008000089C (0x00BF1F13) slli x30, x30, 0xb                       inst_44+8
x30 <- 0x0000033333333000

mem[X,0x00000000800008A0] -> 0x0F13
mem[X,0x00000000800008A2] -> 0x333F
[553] [M]: 0x00000000800008A0 (0x333F0F13) addi x30, x30, 0x333                     inst_44+12
x30 <- 0x0000033333333333

clint mtime 0x0000000000000115 (mip.MTI <- 0b1, mip.STI <- 0b0)
mem[X,0x00000000800008A4] -> 0x1F13
mem[X,0x00000000800008A6] -> 0x00BF
[554] [M]: 0x00000000800008A4 (0x00BF1F13) slli x30, x30, 0xb                       inst_44+16
x30 <- 0x0019999999999800

mem[X,0x00000000800008A8] -> 0x0F13
mem[X,0x00000000800008AA] -> 0x199F
[555] [M]: 0x00000000800008A8 (0x199F0F13) addi x30, x30, 0x199                     inst_44+20
x30 <- 0x0019999999999999

clint mtime 0x0000000000000116 (mip.MTI <- 0b1, mip.STI <- 0b0)
mem[X,0x00000000800008AC] -> 0x1F13
mem[X,0x00000000800008AE] -> 0x00AF
[556] [M]: 0x00000000800008AC (0x00AF1F13) slli x30, x30, 0xa                       inst_44+24
x30 <- 0x6666666666666400

mem[X,0x00000000800008B0] -> 0x0F13
mem[X,0x00000000800008B2] -> 0x267F
[557] [M]: 0x00000000800008B0 (0x267F0F13) addi x30, x30, 0x267                     inst_44+28
x30 <- 0x6666666666666667

clint mtime 0x0000000000000117 (mip.MTI <- 0b1, mip.STI <- 0b0)
mem[X,0x00000000800008B4] -> 0x6F93
mem[X,0x00000000800008B6] -> 0x02EF
[558] [M]: 0x00000000800008B4 (0x02EF6F93) ori x31, x30, 0x2e                       inst_44+32
x31 <- 0x666666666666666F

mem[X,0x00000000800008B8] -> 0xB823
mem[X,0x00000000800008BA] -> 0x09F3
[559] [M]: 0x00000000800008B8 (0x09F3B823) sd x31, 0x90(x7)                         inst_44+36
mem[W,0x0000000080006278] <- 0x666666666666666F

clint mtime 0x0000000000000118 (mip.MTI <- 0b1, mip.STI <- 0b0)
mem[X,0x00000000800008BC] -> 0x6F37
mem[X,0x00000000800008BE] -> 0x6666
[560] [M]: 0x00000000800008BC (0x66666F37) lui x30, 0x66666                         inst_45+0
x30 <- 0x0000000066666000

mem[X,0x00000000800008C0] -> 0x0F13
mem[X,0x00000000800008C2] -> 0x666F
[561] [M]: 0x00000000800008C0 (0x666F0F13) addi x30, x30, 0x666                     inst_45+4
x30 <- 0x0000000066666666

clint mtime 0x0000000000000119 (mip.MTI <- 0b1, mip.STI <- 0b0)
mem[X,0x00000000800008C4] -> 0x1F13
mem[X,0x00000000800008C6] -> 0x00BF
[562] [M]: 0x00000000800008C4 (0x00BF1F13) slli x30, x30, 0xb                       inst_45+8
x30 <- 0x0000033333333000

mem[X,0x00000000800008C8] -> 0x0F13
mem[X,0x00000000800008CA] -> 0x333F
[563] [M]: 0x00000000800008C8 (0x333F0F13) addi x30, x30, 0x333                     inst_45+12
x30 <- 0x0000033333333333

clint mtime 0x000000000000011A (mip.MTI <- 0b1, mip.STI <- 0b0)
mem[X,0x00000000800008CC] -> 0x1F13
mem[X,0x00000000800008CE] -> 0x00BF
[564] [M]: 0x00000000800008CC (0x00BF1F13) slli x30, x30, 0xb                       inst_45+16
x30 <- 0x0019999999999800

mem[X,0x00000000800008D0] -> 0x0F13
mem[X,0x00000000800008D2] -> 0x199F
[565] [M]: 0x00000000800008D0 (0x199F0F13) addi x30, x30, 0x199                     inst_45+20
x30 <- 0x0019999999999999

clint mtime 0x000000000000011B (mip.MTI <- 0b1, mip.STI <- 0b0)
mem[X,0x00000000800008D4] -> 0x1F13
mem[X,0x00000000800008D6] -> 0x00AF
[566] [M]: 0x00000000800008D4 (0x00AF1F13) slli x30, x30, 0xa                       inst_45+24
x30 <- 0x6666666666666400

mem[X,0x00000000800008D8] -> 0x0F13
mem[X,0x00000000800008DA] -> 0x267F
[567] [M]: 0x00000000800008D8 (0x267F0F13) addi x30, x30, 0x267                     inst_45+28
x30 <- 0x6666666666666667

clint mtime 0x000000000000011C (mip.MTI <- 0b1, mip.STI <- 0b0)
mem[X,0x00000000800008DC] -> 0x6F93
mem[X,0x00000000800008DE] -> 0xFD4F
[568] [M]: 0x00000000800008DC (0xFD4F6F93) ori x31, x30, -0x2c                      inst_45+32
x31 <- 0xFFFFFFFFFFFFFFF7

mem[X,0x00000000800008E0] -> 0xBC23
mem[X,0x00000000800008E2] -> 0x09F3
[569] [M]: 0x00000000800008E0 (0x09F3BC23) sd x31, 0x98(x7)                         inst_45+36
mem[W,0x0000000080006280] <- 0xFFFFFFFFFFFFFFF7

clint mtime 0x000000000000011D (mip.MTI <- 0b1, mip.STI <- 0b0)
mem[X,0x00000000800008E4] -> 0x6F37
mem[X,0x00000000800008E6] -> 0x6666
[570] [M]: 0x00000000800008E4 (0x66666F37) lui x30, 0x66666                         inst_46+0
x30 <- 0x0000000066666000

mem[X,0x00000000800008E8] -> 0x0F13
mem[X,0x00000000800008EA] -> 0x666F
[571] [M]: 0x00000000800008E8 (0x666F0F13) addi x30, x30, 0x666                     inst_46+4
x30 <- 0x0000000066666666

clint mtime 0x000000000000011E (mip.MTI <- 0b1, mip.STI <- 0b0)
mem[X,0x00000000800008EC] -> 0x1F13
mem[X,0x00000000800008EE] -> 0x00BF
[572] [M]: 0x00000000800008EC (0x00BF1F13) slli x30, x30, 0xb                       inst_46+8
x30 <- 0x0000033333333000

mem[X,0x00000000800008F0] -> 0x0F13
mem[X,0x00000000800008F2] -> 0x333F
[573] [M]: 0x00000000800008F0 (0x333F0F13) addi x30, x30, 0x333                     inst_46+12
x30 <- 0x0000033333333333

clint mtime 0x000000000000011F (mip.MTI <- 0b1, mip.STI <- 0b0)
mem[X,0x00000000800008F4] -> 0x1F13
mem[X,0x00000000800008F6] -> 0x00BF
[574] [M]: 0x00000000800008F4 (0x00BF1F13) slli x30, x30, 0xb                       inst_46+16
x30 <- 0x0019999999999800

mem[X,0x00000000800008F8] -> 0x0F13
mem[X,0x00000000800008FA] -> 0x199F
[575] [M]: 0x00000000800008F8 (0x199F0F13) addi x30, x30, 0x199                     inst_46+20
x30 <- 0x0019999999999999

clint mtime 0x0000000000000120 (mip.MTI <- 0b1, mip.STI <- 0b0)
mem[X,0x00000000800008FC] -> 0x1F13
mem[X,0x00000000800008FE] -> 0x00AF
[576] [M]: 0x00000000800008FC (0x00AF1F13) slli x30, x30, 0xa                       inst_46+24
x30 <- 0x6666666666666400

mem[X,0x0000000080000900] -> 0x0F13
mem[X,0x0000000080000902] -> 0x267F
[577] [M]: 0x0000000080000900 (0x267F0F13) addi x30, x30, 0x267                     inst_46+28
x30 <- 0x6666666666666667

clint mtime 0x0000000000000121 (mip.MTI <- 0b1, mip.STI <- 0b0)
mem[X,0x0000000080000904] -> 0x6F93
mem[X,0x0000000080000906] -> 0x667F
[578] [M]: 0x0000000080000904 (0x667F6F93) ori x31, x30, 0x667                      inst_46+32
x31 <- 0x6666666666666667

mem[X,0x0000000080000908] -> 0xB023
mem[X,0x000000008000090A] -> 0x0BF3
[579] [M]: 0x0000000080000908 (0x0BF3B023) sd x31, 0xa0(x7)                         inst_46+36
mem[W,0x0000000080006288] <- 0x6666666666666667

clint mtime 0x0000000000000122 (mip.MTI <- 0b1, mip.STI <- 0b0)
mem[X,0x000000008000090C] -> 0x6F37
mem[X,0x000000008000090E] -> 0x6666
[580] [M]: 0x000000008000090C (0x66666F37) lui x30, 0x66666                         inst_47+0
x30 <- 0x0000000066666000

mem[X,0x0000000080000910] -> 0x0F13
mem[X,0x0000000080000912] -> 0x666F
[581] [M]: 0x0000000080000910 (0x666F0F13) addi x30, x30, 0x666                     inst_47+4
x30 <- 0x0000000066666666

clint mtime 0x0000000000000123 (mip.MTI <- 0b1, mip.STI <- 0b0)
mem[X,0x0000000080000914] -> 0x1F13
mem[X,0x0000000080000916] -> 0x00BF
[582] [M]: 0x0000000080000914 (0x00BF1F13) slli x30, x30, 0xb                       inst_47+8
x30 <- 0x0000033333333000

mem[X,0x0000000080000918] -> 0x0F13
mem[X,0x000000008000091A] -> 0x333F
[583] [M]: 0x0000000080000918 (0x333F0F13) addi x30, x30, 0x333                     inst_47+12
x30 <- 0x0000033333333333

clint mtime 0x0000000000000124 (mip.MTI <- 0b1, mip.STI <- 0b0)
mem[X,0x000000008000091C] -> 0x1F13
mem[X,0x000000008000091E] -> 0x00BF
[584] [M]: 0x000000008000091C (0x00BF1F13) slli x30, x30, 0xb                       inst_47+16
x30 <- 0x0019999999999800

mem[X,0x0000000080000920] -> 0x0F13
mem[X,0x0000000080000922] -> 0x199F
[585] [M]: 0x0000000080000920 (0x199F0F13) addi x30, x30, 0x199                     inst_47+20
x30 <- 0x0019999999999999

clint mtime 0x0000000000000125 (mip.MTI <- 0b1, mip.STI <- 0b0)
mem[X,0x0000000080000924] -> 0x1F13
mem[X,0x0000000080000926] -> 0x00AF
[586] [M]: 0x0000000080000924 (0x00AF1F13) slli x30, x30, 0xa                       inst_47+24
x30 <- 0x6666666666666400

mem[X,0x0000000080000928] -> 0x0F13
mem[X,0x000000008000092A] -> 0x267F
[587] [M]: 0x0000000080000928 (0x267F0F13) addi x30, x30, 0x267                     inst_47+28
x30 <- 0x6666666666666667

clint mtime 0x0000000000000126 (mip.MTI <- 0b1, mip.STI <- 0b0)
mem[X,0x000000008000092C] -> 0x6F93
mem[X,0x000000008000092E] -> 0x334F
[588] [M]: 0x000000008000092C (0x334F6F93) ori x31, x30, 0x334                      inst_47+32
x31 <- 0x6666666666666777

mem[X,0x0000000080000930] -> 0xB423
mem[X,0x0000000080000932] -> 0x0BF3
[589] [M]: 0x0000000080000930 (0x0BF3B423) sd x31, 0xa8(x7)                         inst_47+36
mem[W,0x0000000080006290] <- 0x6666666666666777

clint mtime 0x0000000000000127 (mip.MTI <- 0b1, mip.STI <- 0b0)
mem[X,0x0000000080000934] -> 0x6F37
mem[X,0x0000000080000936] -> 0x6666
[590] [M]: 0x0000000080000934 (0x66666F37) lui x30, 0x66666                         inst_48+0
x30 <- 0x0000000066666000

mem[X,0x0000000080000938] -> 0x0F13
mem[X,0x000000008000093A] -> 0x666F
[591] [M]: 0x0000000080000938 (0x666F0F13) addi x30, x30, 0x666                     inst_48+4
x30 <- 0x0000000066666666

clint mtime 0x0000000000000128 (mip.MTI <- 0b1, mip.STI <- 0b0)
mem[X,0x000000008000093C] -> 0x1F13
mem[X,0x000000008000093E] -> 0x00BF
[592] [M]: 0x000000008000093C (0x00BF1F13) slli x30, x30, 0xb                       inst_48+8
x30 <- 0x0000033333333000

mem[X,0x0000000080000940] -> 0x0F13
mem[X,0x0000000080000942] -> 0x333F
[593] [M]: 0x0000000080000940 (0x333F0F13) addi x30, x30, 0x333                     inst_48+12
x30 <- 0x0000033333333333

clint mtime 0x0000000000000129 (mip.MTI <- 0b1, mip.STI <- 0b0)
mem[X,0x0000000080000944] -> 0x1F13
mem[X,0x0000000080000946] -> 0x00BF
[594] [M]: 0x0000000080000944 (0x00BF1F13) slli x30, x30, 0xb                       inst_48+16
x30 <- 0x0019999999999800

mem[X,0x0000000080000948] -> 0x0F13
mem[X,0x000000008000094A] -> 0x199F
[595] [M]: 0x0000000080000948 (0x199F0F13) addi x30, x30, 0x199                     inst_48+20
x30 <- 0x0019999999999999

clint mtime 0x000000000000012A (mip.MTI <- 0b1, mip.STI <- 0b0)
mem[X,0x000000008000094C] -> 0x1F13
mem[X,0x000000008000094E] -> 0x00AF
[596] [M]: 0x000000008000094C (0x00AF1F13) slli x30, x30, 0xa                       inst_48+24
x30 <- 0x6666666666666400

mem[X,0x0000000080000950] -> 0x0F13
mem[X,0x0000000080000952] -> 0x267F
[597] [M]: 0x0000000080000950 (0x267F0F13) addi x30, x30, 0x267                     inst_48+28
x30 <- 0x6666666666666667

clint mtime 0x000000000000012B (mip.MTI <- 0b1, mip.STI <- 0b0)
mem[X,0x0000000080000954] -> 0x6F93
mem[X,0x0000000080000956] -> 0x006F
[598] [M]: 0x0000000080000954 (0x006F6F93) ori x31, x30, 0x6                        inst_48+32
x31 <- 0x6666666666666667

mem[X,0x0000000080000958] -> 0xB823
mem[X,0x000000008000095A] -> 0x0BF3
[599] [M]: 0x0000000080000958 (0x0BF3B823) sd x31, 0xb0(x7)                         inst_48+36
mem[W,0x0000000080006298] <- 0x6666666666666667

clint mtime 0x000000000000012C (mip.MTI <- 0b1, mip.STI <- 0b0)
mem[X,0x000000008000095C] -> 0x6F37
mem[X,0x000000008000095E] -> 0x6666
[600] [M]: 0x000000008000095C (0x66666F37) lui x30, 0x66666                         inst_49+0
x30 <- 0x0000000066666000

mem[X,0x0000000080000960] -> 0x0F13
mem[X,0x0000000080000962] -> 0x666F
[601] [M]: 0x0000000080000960 (0x666F0F13) addi x30, x30, 0x666                     inst_49+4
x30 <- 0x0000000066666666

clint mtime 0x000000000000012D (mip.MTI <- 0b1, mip.STI <- 0b0)
mem[X,0x0000000080000964] -> 0x1F13
mem[X,0x0000000080000966] -> 0x00BF
[602] [M]: 0x0000000080000964 (0x00BF1F13) slli x30, x30, 0xb                       inst_49+8
x30 <- 0x0000033333333000

mem[X,0x0000000080000968] -> 0x0F13
mem[X,0x000000008000096A] -> 0x333F
[603] [M]: 0x0000000080000968 (0x333F0F13) addi x30, x30, 0x333                     inst_49+12
x30 <- 0x0000033333333333

clint mtime 0x000000000000012E (mip.MTI <- 0b1, mip.STI <- 0b0)
mem[X,0x000000008000096C] -> 0x1F13
mem[X,0x000000008000096E] -> 0x00BF
[604] [M]: 0x000000008000096C (0x00BF1F13) slli x30, x30, 0xb                       inst_49+16
x30 <- 0x0019999999999800

mem[X,0x0000000080000970] -> 0x0F13
mem[X,0x0000000080000972] -> 0x199F
[605] [M]: 0x0000000080000970 (0x199F0F13) addi x30, x30, 0x199                     inst_49+20
x30 <- 0x0019999999999999

clint mtime 0x000000000000012F (mip.MTI <- 0b1, mip.STI <- 0b0)
mem[X,0x0000000080000974] -> 0x1F13
mem[X,0x0000000080000976] -> 0x00AF
[606] [M]: 0x0000000080000974 (0x00AF1F13) slli x30, x30, 0xa                       inst_49+24
x30 <- 0x6666666666666400

mem[X,0x0000000080000978] -> 0x0F13
mem[X,0x000000008000097A] -> 0x267F
[607] [M]: 0x0000000080000978 (0x267F0F13) addi x30, x30, 0x267                     inst_49+28
x30 <- 0x6666666666666667

clint mtime 0x0000000000000130 (mip.MTI <- 0b1, mip.STI <- 0b0)
mem[X,0x000000008000097C] -> 0x6F93
mem[X,0x000000008000097E] -> 0xAABF
[608] [M]: 0x000000008000097C (0xAABF6F93) ori x31, x30, -0x555                     inst_49+32
x31 <- 0xFFFFFFFFFFFFFEEF

mem[X,0x0000000080000980] -> 0xBC23
mem[X,0x0000000080000982] -> 0x0BF3
[609] [M]: 0x0000000080000980 (0x0BF3BC23) sd x31, 0xb8(x7)                         inst_49+36
mem[W,0x00000000800062A0] <- 0xFFFFFFFFFFFFFEEF

clint mtime 0x0000000000000131 (mip.MTI <- 0b1, mip.STI <- 0b0)
mem[X,0x0000000080000984] -> 0x6F37
mem[X,0x0000000080000986] -> 0x6666
[610] [M]: 0x0000000080000984 (0x66666F37) lui x30, 0x66666                         inst_50+0
x30 <- 0x0000000066666000

mem[X,0x0000000080000988] -> 0x0F13
mem[X,0x000000008000098A] -> 0x666F
[611] [M]: 0x0000000080000988 (0x666F0F13) addi x30, x30, 0x666                     inst_50+4
x30 <- 0x0000000066666666

clint mtime 0x0000000000000132 (mip.MTI <- 0b1, mip.STI <- 0b0)
mem[X,0x000000008000098C] -> 0x1F13
mem[X,0x000000008000098E] -> 0x00BF
[612] [M]: 0x000000008000098C (0x00BF1F13) slli x30, x30, 0xb                       inst_50+8
x30 <- 0x0000033333333000

mem[X,0x0000000080000990] -> 0x0F13
mem[X,0x0000000080000992] -> 0x333F
[613] [M]: 0x0000000080000990 (0x333F0F13) addi x30, x30, 0x333                     inst_50+12
x30 <- 0x0000033333333333

clint mtime 0x0000000000000133 (mip.MTI <- 0b1, mip.STI <- 0b0)
mem[X,0x0000000080000994] -> 0x1F13
mem[X,0x0000000080000996] -> 0x00BF
[614] [M]: 0x0000000080000994 (0x00BF1F13) slli x30, x30, 0xb                       inst_50+16
x30 <- 0x0019999999999800

mem[X,0x0000000080000998] -> 0x0F13
mem[X,0x000000008000099A] -> 0x199F
[615] [M]: 0x0000000080000998 (0x199F0F13) addi x30, x30, 0x199                     inst_50+20
x30 <- 0x0019999999999999

clint mtime 0x0000000000000134 (mip.MTI <- 0b1, mip.STI <- 0b0)
mem[X,0x000000008000099C] -> 0x1F13
mem[X,0x000000008000099E] -> 0x00AF
[616] [M]: 0x000000008000099C (0x00AF1F13) slli x30, x30, 0xa                       inst_50+24
x30 <- 0x6666666666666400

mem[X,0x00000000800009A0] -> 0x0F13
mem[X,0x00000000800009A2] -> 0x267F
[617] [M]: 0x00000000800009A0 (0x267F0F13) addi x30, x30, 0x267                     inst_50+28
x30 <- 0x6666666666666667

clint mtime 0x0000000000000135 (mip.MTI <- 0b1, mip.STI <- 0b0)
mem[X,0x00000000800009A4] -> 0x6F93
mem[X,0x00000000800009A6] -> 0x556F
[618] [M]: 0x00000000800009A4 (0x556F6F93) ori x31, x30, 0x556                      inst_50+32
x31 <- 0x6666666666666777

mem[X,0x00000000800009A8] -> 0xB023
mem[X,0x00000000800009AA] -> 0x0DF3
[619] [M]: 0x00000000800009A8 (0x0DF3B023) sd x31, 0xc0(x7)                         inst_50+36
mem[W,0x00000000800062A8] <- 0x6666666666666777

clint mtime 0x0000000000000136 (mip.MTI <- 0b1, mip.STI <- 0b0)
mem[X,0x00000000800009AC] -> 0x6F37
mem[X,0x00000000800009AE] -> 0x6666
[620] [M]: 0x00000000800009AC (0x66666F37) lui x30, 0x66666                         inst_51+0
x30 <- 0x0000000066666000

mem[X,0x00000000800009B0] -> 0x0F13
mem[X,0x00000000800009B2] -> 0x666F
[621] [M]: 0x00000000800009B0 (0x666F0F13) addi x30, x30, 0x666                     inst_51+4
x30 <- 0x0000000066666666

clint mtime 0x0000000000000137 (mip.MTI <- 0b1, mip.STI <- 0b0)
mem[X,0x00000000800009B4] -> 0x1F13
mem[X,0x00000000800009B6] -> 0x00BF
[622] [M]: 0x00000000800009B4 (0x00BF1F13) slli x30, x30, 0xb                       inst_51+8
x30 <- 0x0000033333333000

mem[X,0x00000000800009B8] -> 0x0F13
mem[X,0x00000000800009BA] -> 0x333F
[623] [M]: 0x00000000800009B8 (0x333F0F13) addi x30, x30, 0x333                     inst_51+12
x30 <- 0x0000033333333333

clint mtime 0x0000000000000138 (mip.MTI <- 0b1, mip.STI <- 0b0)
mem[X,0x00000000800009BC] -> 0x1F13
mem[X,0x00000000800009BE] -> 0x00BF
[624] [M]: 0x00000000800009BC (0x00BF1F13) slli x30, x30, 0xb                       inst_51+16
x30 <- 0x0019999999999800

mem[X,0x00000000800009C0] -> 0x0F13
mem[X,0x00000000800009C2] -> 0x199F
[625] [M]: 0x00000000800009C0 (0x199F0F13) addi x30, x30, 0x199                     inst_51+20
x30 <- 0x0019999999999999

clint mtime 0x0000000000000139 (mip.MTI <- 0b1, mip.STI <- 0b0)
mem[X,0x00000000800009C4] -> 0x1F13
mem[X,0x00000000800009C6] -> 0x00AF
[626] [M]: 0x00000000800009C4 (0x00AF1F13) slli x30, x30, 0xa                       inst_51+24
x30 <- 0x6666666666666400

mem[X,0x00000000800009C8] -> 0x0F13
mem[X,0x00000000800009CA] -> 0x267F
[627] [M]: 0x00000000800009C8 (0x267F0F13) addi x30, x30, 0x267                     inst_51+28
x30 <- 0x6666666666666667

clint mtime 0x000000000000013A (mip.MTI <- 0b1, mip.STI <- 0b0)
mem[X,0x00000000800009CC] -> 0x6F93
mem[X,0x00000000800009CE] -> 0x02CF
[628] [M]: 0x00000000800009CC (0x02CF6F93) ori x31, x30, 0x2c                       inst_51+32
x31 <- 0x666666666666666F

mem[X,0x00000000800009D0] -> 0xB423
mem[X,0x00000000800009D2] -> 0x0DF3
[629] [M]: 0x00000000800009D0 (0x0DF3B423) sd x31, 0xc8(x7)                         inst_51+36
mem[W,0x00000000800062B0] <- 0x666666666666666F

clint mtime 0x000000000000013B (mip.MTI <- 0b1, mip.STI <- 0b0)
mem[X,0x00000000800009D4] -> 0x6F37
mem[X,0x00000000800009D6] -> 0x6666
[630] [M]: 0x00000000800009D4 (0x66666F37) lui x30, 0x66666                         inst_52+0
x30 <- 0x0000000066666000

mem[X,0x00000000800009D8] -> 0x0F13
mem[X,0x00000000800009DA] -> 0x666F
[631] [M]: 0x00000000800009D8 (0x666F0F13) addi x30, x30, 0x666                     inst_52+4
x30 <- 0x0000000066666666

clint mtime 0x000000000000013C (mip.MTI <- 0b1, mip.STI <- 0b0)
mem[X,0x00000000800009DC] -> 0x1F13
mem[X,0x00000000800009DE] -> 0x00BF
[632] [M]: 0x00000000800009DC (0x00BF1F13) slli x30, x30, 0xb                       inst_52+8
x30 <- 0x0000033333333000

mem[X,0x00000000800009E0] -> 0x0F13
mem[X,0x00000000800009E2] -> 0x333F
[633] [M]: 0x00000000800009E0 (0x333F0F13) addi x30, x30, 0x333                     inst_52+12
x30 <- 0x0000033333333333

clint mtime 0x000000000000013D (mip.MTI <- 0b1, mip.STI <- 0b0)
mem[X,0x00000000800009E4] -> 0x1F13
mem[X,0x00000000800009E6] -> 0x00BF
[634] [M]: 0x00000000800009E4 (0x00BF1F13) slli x30, x30, 0xb                       inst_52+16
x30 <- 0x0019999999999800

mem[X,0x00000000800009E8] -> 0x0F13
mem[X,0x00000000800009EA] -> 0x199F
[635] [M]: 0x00000000800009E8 (0x199F0F13) addi x30, x30, 0x199                     inst_52+20
x30 <- 0x0019999999999999

clint mtime 0x000000000000013E (mip.MTI <- 0b1, mip.STI <- 0b0)
mem[X,0x00000000800009EC] -> 0x1F13
mem[X,0x00000000800009EE] -> 0x00AF
[636] [M]: 0x00000000800009EC (0x00AF1F13) slli x30, x30, 0xa                       inst_52+24
x30 <- 0x6666666666666400

mem[X,0x00000000800009F0] -> 0x0F13
mem[X,0x00000000800009F2] -> 0x267F
[637] [M]: 0x00000000800009F0 (0x267F0F13) addi x30, x30, 0x267                     inst_52+28
x30 <- 0x6666666666666667

clint mtime 0x000000000000013F (mip.MTI <- 0b1, mip.STI <- 0b0)
mem[X,0x00000000800009F4] -> 0x6F93
mem[X,0x00000000800009F6] -> 0x665F
[638] [M]: 0x00000000800009F4 (0x665F6F93) ori x31, x30, 0x665                      inst_52+32
x31 <- 0x6666666666666667

mem[X,0x00000000800009F8] -> 0xB823
mem[X,0x00000000800009FA] -> 0x0DF3
[639] [M]: 0x00000000800009F8 (0x0DF3B823) sd x31, 0xd0(x7)                         inst_52+36
mem[W,0x00000000800062B8] <- 0x6666666666666667

clint mtime 0x0000000000000140 (mip.MTI <- 0b1, mip.STI <- 0b0)
mem[X,0x00000000800009FC] -> 0x6F37
mem[X,0x00000000800009FE] -> 0x6666
[640] [M]: 0x00000000800009FC (0x66666F37) lui x30, 0x66666                         inst_53+0
x30 <- 0x0000000066666000

mem[X,0x0000000080000A00] -> 0x0F13
mem[X,0x0000000080000A02] -> 0x666F
[641] [M]: 0x0000000080000A00 (0x666F0F13) addi x30, x30, 0x666                     inst_53+4
x30 <- 0x0000000066666666

clint mtime 0x0000000000000141 (mip.MTI <- 0b1, mip.STI <- 0b0)
mem[X,0x0000000080000A04] -> 0x1F13
mem[X,0x0000000080000A06] -> 0x00BF
[642] [M]: 0x0000000080000A04 (0x00BF1F13) slli x30, x30, 0xb                       inst_53+8
x30 <- 0x0000033333333000

mem[X,0x0000000080000A08] -> 0x0F13
mem[X,0x0000000080000A0A] -> 0x333F
[643] [M]: 0x0000000080000A08 (0x333F0F13) addi x30, x30, 0x333                     inst_53+12
x30 <- 0x0000033333333333

clint mtime 0x0000000000000142 (mip.MTI <- 0b1, mip.STI <- 0b0)
mem[X,0x0000000080000A0C] -> 0x1F13
mem[X,0x0000000080000A0E] -> 0x00BF
[644] [M]: 0x0000000080000A0C (0x00BF1F13) slli x30, x30, 0xb                       inst_53+16
x30 <- 0x0019999999999800

mem[X,0x0000000080000A10] -> 0x0F13
mem[X,0x0000000080000A12] -> 0x199F
[645] [M]: 0x0000000080000A10 (0x199F0F13) addi x30, x30, 0x199                     inst_53+20
x30 <- 0x0019999999999999

clint mtime 0x0000000000000143 (mip.MTI <- 0b1, mip.STI <- 0b0)
mem[X,0x0000000080000A14] -> 0x1F13
mem[X,0x0000000080000A16] -> 0x00AF
[646] [M]: 0x0000000080000A14 (0x00AF1F13) slli x30, x30, 0xa                       inst_53+24
x30 <- 0x6666666666666400

mem[X,0x0000000080000A18] -> 0x0F13
mem[X,0x0000000080000A1A] -> 0x267F
[647] [M]: 0x0000000080000A18 (0x267F0F13) addi x30, x30, 0x267                     inst_53+28
x30 <- 0x6666666666666667

clint mtime 0x0000000000000144 (mip.MTI <- 0b1, mip.STI <- 0b0)
mem[X,0x0000000080000A1C] -> 0x6F93
mem[X,0x0000000080000A1E] -> 0x332F
[648] [M]: 0x0000000080000A1C (0x332F6F93) ori x31, x30, 0x332                      inst_53+32
x31 <- 0x6666666666666777

mem[X,0x0000000080000A20] -> 0xBC23
mem[X,0x0000000080000A22] -> 0x0DF3
[649] [M]: 0x0000000080000A20 (0x0DF3BC23) sd x31, 0xd8(x7)                         inst_53+36
mem[W,0x00000000800062C0] <- 0x6666666666666777

clint mtime 0x0000000000000145 (mip.MTI <- 0b1, mip.STI <- 0b0)
mem[X,0x0000000080000A24] -> 0x6F37
mem[X,0x0000000080000A26] -> 0x6666
[650] [M]: 0x0000000080000A24 (0x66666F37) lui x30, 0x66666                         inst_54+0
x30 <- 0x0000000066666000

mem[X,0x0000000080000A28] -> 0x0F13
mem[X,0x0000000080000A2A] -> 0x666F
[651] [M]: 0x0000000080000A28 (0x666F0F13) addi x30, x30, 0x666                     inst_54+4
x30 <- 0x0000000066666666

clint mtime 0x0000000000000146 (mip.MTI <- 0b1, mip.STI <- 0b0)
mem[X,0x0000000080000A2C] -> 0x1F13
mem[X,0x0000000080000A2E] -> 0x00BF
[652] [M]: 0x0000000080000A2C (0x00BF1F13) slli x30, x30, 0xb                       inst_54+8
x30 <- 0x0000033333333000

mem[X,0x0000000080000A30] -> 0x0F13
mem[X,0x0000000080000A32] -> 0x333F
[653] [M]: 0x0000000080000A30 (0x333F0F13) addi x30, x30, 0x333                     inst_54+12
x30 <- 0x0000033333333333

clint mtime 0x0000000000000147 (mip.MTI <- 0b1, mip.STI <- 0b0)
mem[X,0x0000000080000A34] -> 0x1F13
mem[X,0x0000000080000A36] -> 0x00BF
[654] [M]: 0x0000000080000A34 (0x00BF1F13) slli x30, x30, 0xb                       inst_54+16
x30 <- 0x0019999999999800

mem[X,0x0000000080000A38] -> 0x0F13
mem[X,0x0000000080000A3A] -> 0x199F
[655] [M]: 0x0000000080000A38 (0x199F0F13) addi x30, x30, 0x199                     inst_54+20
x30 <- 0x0019999999999999

clint mtime 0x0000000000000148 (mip.MTI <- 0b1, mip.STI <- 0b0)
mem[X,0x0000000080000A3C] -> 0x1F13
mem[X,0x0000000080000A3E] -> 0x00AF
[656] [M]: 0x0000000080000A3C (0x00AF1F13) slli x30, x30, 0xa                       inst_54+24
x30 <- 0x6666666666666400

mem[X,0x0000000080000A40] -> 0x0F13
mem[X,0x0000000080000A42] -> 0x267F
[657] [M]: 0x0000000080000A40 (0x267F0F13) addi x30, x30, 0x267                     inst_54+28
x30 <- 0x6666666666666667

clint mtime 0x0000000000000149 (mip.MTI <- 0b1, mip.STI <- 0b0)
mem[X,0x0000000080000A44] -> 0x6F93
mem[X,0x0000000080000A46] -> 0x004F
[658] [M]: 0x0000000080000A44 (0x004F6F93) ori x31, x30, 0x4                        inst_54+32
x31 <- 0x6666666666666667

mem[X,0x0000000080000A48] -> 0xB023
mem[X,0x0000000080000A4A] -> 0x0FF3
[659] [M]: 0x0000000080000A48 (0x0FF3B023) sd x31, 0xe0(x7)                         inst_54+36
mem[W,0x00000000800062C8] <- 0x6666666666666667

clint mtime 0x000000000000014A (mip.MTI <- 0b1, mip.STI <- 0b0)
mem[X,0x0000000080000A4C] -> 0x6F37
mem[X,0x0000000080000A4E] -> 0x6666
[660] [M]: 0x0000000080000A4C (0x66666F37) lui x30, 0x66666                         inst_55+0
x30 <- 0x0000000066666000

mem[X,0x0000000080000A50] -> 0x0F13
mem[X,0x0000000080000A52] -> 0x666F
[661] [M]: 0x0000000080000A50 (0x666F0F13) addi x30, x30, 0x666                     inst_55+4
x30 <- 0x0000000066666666

clint mtime 0x000000000000014B (mip.MTI <- 0b1, mip.STI <- 0b0)
mem[X,0x0000000080000A54] -> 0x1F13
mem[X,0x0000000080000A56] -> 0x00BF
[662] [M]: 0x0000000080000A54 (0x00BF1F13) slli x30, x30, 0xb                       inst_55+8
x30 <- 0x0000033333333000

mem[X,0x0000000080000A58] -> 0x0F13
mem[X,0x0000000080000A5A] -> 0x333F
[663] [M]: 0x0000000080000A58 (0x333F0F13) addi x30, x30, 0x333                     inst_55+12
x30 <- 0x0000033333333333

clint mtime 0x000000000000014C (mip.MTI <- 0b1, mip.STI <- 0b0)
mem[X,0x0000000080000A5C] -> 0x1F13
mem[X,0x0000000080000A5E] -> 0x00BF
[664] [M]: 0x0000000080000A5C (0x00BF1F13) slli x30, x30, 0xb                       inst_55+16
x30 <- 0x0019999999999800

mem[X,0x0000000080000A60] -> 0x0F13
mem[X,0x0000000080000A62] -> 0x199F
[665] [M]: 0x0000000080000A60 (0x199F0F13) addi x30, x30, 0x199                     inst_55+20
x30 <- 0x0019999999999999

clint mtime 0x000000000000014D (mip.MTI <- 0b1, mip.STI <- 0b0)
mem[X,0x0000000080000A64] -> 0x1F13
mem[X,0x0000000080000A66] -> 0x00AF
[666] [M]: 0x0000000080000A64 (0x00AF1F13) slli x30, x30, 0xa                       inst_55+24
x30 <- 0x6666666666666400

mem[X,0x0000000080000A68] -> 0x0F13
mem[X,0x0000000080000A6A] -> 0x267F
[667] [M]: 0x0000000080000A68 (0x267F0F13) addi x30, x30, 0x267                     inst_55+28
x30 <- 0x6666666666666667

clint mtime 0x000000000000014E (mip.MTI <- 0b1, mip.STI <- 0b0)
mem[X,0x0000000080000A6C] -> 0x6F93
mem[X,0x0000000080000A6E] -> 0x000F
[668] [M]: 0x0000000080000A6C (0x000F6F93) ori x31, x30, 0x0                        inst_55+32
x31 <- 0x6666666666666667

mem[X,0x0000000080000A70] -> 0xB423
mem[X,0x0000000080000A72] -> 0x0FF3
[669] [M]: 0x0000000080000A70 (0x0FF3B423) sd x31, 0xe8(x7)                         inst_55+36
mem[W,0x00000000800062D0] <- 0x6666666666666667

clint mtime 0x000000000000014F (mip.MTI <- 0b1, mip.STI <- 0b0)
mem[X,0x0000000080000A74] -> 0x6F37
mem[X,0x0000000080000A76] -> 0x6666
[670] [M]: 0x0000000080000A74 (0x66666F37) lui x30, 0x66666                         inst_56+0
x30 <- 0x0000000066666000

mem[X,0x0000000080000A78] -> 0x0F13
mem[X,0x0000000080000A7A] -> 0x666F
[671] [M]: 0x0000000080000A78 (0x666F0F13) addi x30, x30, 0x666                     inst_56+4
x30 <- 0x0000000066666666

clint mtime 0x0000000000000150 (mip.MTI <- 0b1, mip.STI <- 0b0)
mem[X,0x0000000080000A7C] -> 0x1F13
mem[X,0x0000000080000A7E] -> 0x00BF
[672] [M]: 0x0000000080000A7C (0x00BF1F13) slli x30, x30, 0xb                       inst_56+8
x30 <- 0x0000033333333000

mem[X,0x0000000080000A80] -> 0x0F13
mem[X,0x0000000080000A82] -> 0x333F
[673] [M]: 0x0000000080000A80 (0x333F0F13) addi x30, x30, 0x333                     inst_56+12
x30 <- 0x0000033333333333

clint mtime 0x0000000000000151 (mip.MTI <- 0b1, mip.STI <- 0b0)
mem[X,0x0000000080000A84] -> 0x1F13
mem[X,0x0000000080000A86] -> 0x00BF
[674] [M]: 0x0000000080000A84 (0x00BF1F13) slli x30, x30, 0xb                       inst_56+16
x30 <- 0x0019999999999800

mem[X,0x0000000080000A88] -> 0x0F13
mem[X,0x0000000080000A8A] -> 0x199F
[675] [M]: 0x0000000080000A88 (0x199F0F13) addi x30, x30, 0x199                     inst_56+20
x30 <- 0x0019999999999999

clint mtime 0x0000000000000152 (mip.MTI <- 0b1, mip.STI <- 0b0)
mem[X,0x0000000080000A8C] -> 0x1F13
mem[X,0x0000000080000A8E] -> 0x00AF
[676] [M]: 0x0000000080000A8C (0x00AF1F13) slli x30, x30, 0xa                       inst_56+24
x30 <- 0x6666666666666400

mem[X,0x0000000080000A90] -> 0x0F13
mem[X,0x0000000080000A92] -> 0x267F
[677] [M]: 0x0000000080000A90 (0x267F0F13) addi x30, x30, 0x267                     inst_56+28
x30 <- 0x6666666666666667

clint mtime 0x0000000000000153 (mip.MTI <- 0b1, mip.STI <- 0b0)
mem[X,0x0000000080000A94] -> 0x6F93
mem[X,0x0000000080000A96] -> 0x554F
[678] [M]: 0x0000000080000A94 (0x554F6F93) ori x31, x30, 0x554                      inst_56+32
x31 <- 0x6666666666666777

mem[X,0x0000000080000A98] -> 0xB823
mem[X,0x0000000080000A9A] -> 0x0FF3
[679] [M]: 0x0000000080000A98 (0x0FF3B823) sd x31, 0xf0(x7)                         inst_56+36
mem[W,0x00000000800062D8] <- 0x6666666666666777

clint mtime 0x0000000000000154 (mip.MTI <- 0b1, mip.STI <- 0b0)
mem[X,0x0000000080000A9C] -> 0x6F37
mem[X,0x0000000080000A9E] -> 0x6666
[680] [M]: 0x0000000080000A9C (0x66666F37) lui x30, 0x66666                         inst_57+0
x30 <- 0x0000000066666000

mem[X,0x0000000080000AA0] -> 0x0F13
mem[X,0x0000000080000AA2] -> 0x666F
[681] [M]: 0x0000000080000AA0 (0x666F0F13) addi x30, x30, 0x666                     inst_57+4
x30 <- 0x0000000066666666

clint mtime 0x0000000000000155 (mip.MTI <- 0b1, mip.STI <- 0b0)
mem[X,0x0000000080000AA4] -> 0x1F13
mem[X,0x0000000080000AA6] -> 0x00BF
[682] [M]: 0x0000000080000AA4 (0x00BF1F13) slli x30, x30, 0xb                       inst_57+8
x30 <- 0x0000033333333000

mem[X,0x0000000080000AA8] -> 0x0F13
mem[X,0x0000000080000AAA] -> 0x333F
[683] [M]: 0x0000000080000AA8 (0x333F0F13) addi x30, x30, 0x333                     inst_57+12
x30 <- 0x0000033333333333

clint mtime 0x0000000000000156 (mip.MTI <- 0b1, mip.STI <- 0b0)
mem[X,0x0000000080000AAC] -> 0x1F13
mem[X,0x0000000080000AAE] -> 0x00BF
[684] [M]: 0x0000000080000AAC (0x00BF1F13) slli x30, x30, 0xb                       inst_57+16
x30 <- 0x0019999999999800

mem[X,0x0000000080000AB0] -> 0x0F13
mem[X,0x0000000080000AB2] -> 0x199F
[685] [M]: 0x0000000080000AB0 (0x199F0F13) addi x30, x30, 0x199                     inst_57+20
x30 <- 0x0019999999999999

clint mtime 0x0000000000000157 (mip.MTI <- 0b1, mip.STI <- 0b0)
mem[X,0x0000000080000AB4] -> 0x1F13
mem[X,0x0000000080000AB6] -> 0x00AF
[686] [M]: 0x0000000080000AB4 (0x00AF1F13) slli x30, x30, 0xa                       inst_57+24
x30 <- 0x6666666666666400

mem[X,0x0000000080000AB8] -> 0x0F13
mem[X,0x0000000080000ABA] -> 0x267F
[687] [M]: 0x0000000080000AB8 (0x267F0F13) addi x30, x30, 0x267                     inst_57+28
x30 <- 0x6666666666666667

clint mtime 0x0000000000000158 (mip.MTI <- 0b1, mip.STI <- 0b0)
mem[X,0x0000000080000ABC] -> 0x6F93
mem[X,0x0000000080000ABE] -> 0x002F
[688] [M]: 0x0000000080000ABC (0x002F6F93) ori x31, x30, 0x2                        inst_57+32
x31 <- 0x6666666666666667

mem[X,0x0000000080000AC0] -> 0xBC23
mem[X,0x0000000080000AC2] -> 0x0FF3
[689] [M]: 0x0000000080000AC0 (0x0FF3BC23) sd x31, 0xf8(x7)                         inst_57+36
mem[W,0x00000000800062E0] <- 0x6666666666666667

clint mtime 0x0000000000000159 (mip.MTI <- 0b1, mip.STI <- 0b0)
mem[X,0x0000000080000AC4] -> 0x6F37
mem[X,0x0000000080000AC6] -> 0x6666
[690] [M]: 0x0000000080000AC4 (0x66666F37) lui x30, 0x66666                         inst_58+0
x30 <- 0x0000000066666000

mem[X,0x0000000080000AC8] -> 0x0F13
mem[X,0x0000000080000ACA] -> 0x666F
[691] [M]: 0x0000000080000AC8 (0x666F0F13) addi x30, x30, 0x666                     inst_58+4
x30 <- 0x0000000066666666

clint mtime 0x000000000000015A (mip.MTI <- 0b1, mip.STI <- 0b0)
mem[X,0x0000000080000ACC] -> 0x1F13
mem[X,0x0000000080000ACE] -> 0x00BF
[692] [M]: 0x0000000080000ACC (0x00BF1F13) slli x30, x30, 0xb                       inst_58+8
x30 <- 0x0000033333333000

mem[X,0x0000000080000AD0] -> 0x0F13
mem[X,0x0000000080000AD2] -> 0x333F
[693] [M]: 0x0000000080000AD0 (0x333F0F13) addi x30, x30, 0x333                     inst_58+12
x30 <- 0x0000033333333333

clint mtime 0x000000000000015B (mip.MTI <- 0b1, mip.STI <- 0b0)
mem[X,0x0000000080000AD4] -> 0x1F13
mem[X,0x0000000080000AD6] -> 0x00BF
[694] [M]: 0x0000000080000AD4 (0x00BF1F13) slli x30, x30, 0xb                       inst_58+16
x30 <- 0x0019999999999800

mem[X,0x0000000080000AD8] -> 0x0F13
mem[X,0x0000000080000ADA] -> 0x199F
[695] [M]: 0x0000000080000AD8 (0x199F0F13) addi x30, x30, 0x199                     inst_58+20
x30 <- 0x0019999999999999

clint mtime 0x000000000000015C (mip.MTI <- 0b1, mip.STI <- 0b0)
mem[X,0x0000000080000ADC] -> 0x1F13
mem[X,0x0000000080000ADE] -> 0x00AF
[696] [M]: 0x0000000080000ADC (0x00AF1F13) slli x30, x30, 0xa                       inst_58+24
x30 <- 0x6666666666666400

mem[X,0x0000000080000AE0] -> 0x0F13
mem[X,0x0000000080000AE2] -> 0x267F
[697] [M]: 0x0000000080000AE0 (0x267F0F13) addi x30, x30, 0x267                     inst_58+28
x30 <- 0x6666666666666667

clint mtime 0x000000000000015D (mip.MTI <- 0b1, mip.STI <- 0b0)
mem[X,0x0000000080000AE4] -> 0x6F93
mem[X,0x0000000080000AE6] -> 0x02DF
[698] [M]: 0x0000000080000AE4 (0x02DF6F93) ori x31, x30, 0x2d                       inst_58+32
x31 <- 0x666666666666666F

mem[X,0x0000000080000AE8] -> 0xB023
mem[X,0x0000000080000AEA] -> 0x11F3
[699] [M]: 0x0000000080000AE8 (0x11F3B023) sd x31, 0x100(x7)                        inst_58+36
mem[W,0x00000000800062E8] <- 0x666666666666666F

clint mtime 0x000000000000015E (mip.MTI <- 0b1, mip.STI <- 0b0)
mem[X,0x0000000080000AEC] -> 0x6F37
mem[X,0x0000000080000AEE] -> 0x6666
[700] [M]: 0x0000000080000AEC (0x66666F37) lui x30, 0x66666                         inst_59+0
x30 <- 0x0000000066666000

mem[X,0x0000000080000AF0] -> 0x0F13
mem[X,0x0000000080000AF2] -> 0x666F
[701] [M]: 0x0000000080000AF0 (0x666F0F13) addi x30, x30, 0x666                     inst_59+4
x30 <- 0x0000000066666666

clint mtime 0x000000000000015F (mip.MTI <- 0b1, mip.STI <- 0b0)
mem[X,0x0000000080000AF4] -> 0x1F13
mem[X,0x0000000080000AF6] -> 0x00BF
[702] [M]: 0x0000000080000AF4 (0x00BF1F13) slli x30, x30, 0xb                       inst_59+8
x30 <- 0x0000033333333000

mem[X,0x0000000080000AF8] -> 0x0F13
mem[X,0x0000000080000AFA] -> 0x333F
[703] [M]: 0x0000000080000AF8 (0x333F0F13) addi x30, x30, 0x333                     inst_59+12
x30 <- 0x0000033333333333

clint mtime 0x0000000000000160 (mip.MTI <- 0b1, mip.STI <- 0b0)
mem[X,0x0000000080000AFC] -> 0x1F13
mem[X,0x0000000080000AFE] -> 0x00BF
[704] [M]: 0x0000000080000AFC (0x00BF1F13) slli x30, x30, 0xb                       inst_59+16
x30 <- 0x0019999999999800

mem[X,0x0000000080000B00] -> 0x0F13
mem[X,0x0000000080000B02] -> 0x199F
[705] [M]: 0x0000000080000B00 (0x199F0F13) addi x30, x30, 0x199                     inst_59+20
x30 <- 0x0019999999999999

clint mtime 0x0000000000000161 (mip.MTI <- 0b1, mip.STI <- 0b0)
mem[X,0x0000000080000B04] -> 0x1F13
mem[X,0x0000000080000B06] -> 0x00AF
[706] [M]: 0x0000000080000B04 (0x00AF1F13) slli x30, x30, 0xa                       inst_59+24
x30 <- 0x6666666666666400

mem[X,0x0000000080000B08] -> 0x0F13
mem[X,0x0000000080000B0A] -> 0x267F
[707] [M]: 0x0000000080000B08 (0x267F0F13) addi x30, x30, 0x267                     inst_59+28
x30 <- 0x6666666666666667

clint mtime 0x0000000000000162 (mip.MTI <- 0b1, mip.STI <- 0b0)
mem[X,0x0000000080000B0C] -> 0x6F93
mem[X,0x0000000080000B0E] -> 0xFD3F
[708] [M]: 0x0000000080000B0C (0xFD3F6F93) ori x31, x30, -0x2d                      inst_59+32
x31 <- 0xFFFFFFFFFFFFFFF7

mem[X,0x0000000080000B10] -> 0xB423
mem[X,0x0000000080000B12] -> 0x11F3
[709] [M]: 0x0000000080000B10 (0x11F3B423) sd x31, 0x108(x7)                        inst_59+36
mem[W,0x00000000800062F0] <- 0xFFFFFFFFFFFFFFF7

clint mtime 0x0000000000000163 (mip.MTI <- 0b1, mip.STI <- 0b0)
mem[X,0x0000000080000B14] -> 0x6F37
mem[X,0x0000000080000B16] -> 0x6666
[710] [M]: 0x0000000080000B14 (0x66666F37) lui x30, 0x66666                         inst_60+0
x30 <- 0x0000000066666000

mem[X,0x0000000080000B18] -> 0x0F13
mem[X,0x0000000080000B1A] -> 0x666F
[711] [M]: 0x0000000080000B18 (0x666F0F13) addi x30, x30, 0x666                     inst_60+4
x30 <- 0x0000000066666666

clint mtime 0x0000000000000164 (mip.MTI <- 0b1, mip.STI <- 0b0)
mem[X,0x0000000080000B1C] -> 0x1F13
mem[X,0x0000000080000B1E] -> 0x00BF
[712] [M]: 0x0000000080000B1C (0x00BF1F13) slli x30, x30, 0xb                       inst_60+8
x30 <- 0x0000033333333000

mem[X,0x0000000080000B20] -> 0x0F13
mem[X,0x0000000080000B22] -> 0x333F
[713] [M]: 0x0000000080000B20 (0x333F0F13) addi x30, x30, 0x333                     inst_60+12
x30 <- 0x0000033333333333

clint mtime 0x0000000000000165 (mip.MTI <- 0b1, mip.STI <- 0b0)
mem[X,0x0000000080000B24] -> 0x1F13
mem[X,0x0000000080000B26] -> 0x00BF
[714] [M]: 0x0000000080000B24 (0x00BF1F13) slli x30, x30, 0xb                       inst_60+16
x30 <- 0x0019999999999800

mem[X,0x0000000080000B28] -> 0x0F13
mem[X,0x0000000080000B2A] -> 0x199F
[715] [M]: 0x0000000080000B28 (0x199F0F13) addi x30, x30, 0x199                     inst_60+20
x30 <- 0x0019999999999999

clint mtime 0x0000000000000166 (mip.MTI <- 0b1, mip.STI <- 0b0)
mem[X,0x0000000080000B2C] -> 0x1F13
mem[X,0x0000000080000B2E] -> 0x00AF
[716] [M]: 0x0000000080000B2C (0x00AF1F13) slli x30, x30, 0xa                       inst_60+24
x30 <- 0x6666666666666400

mem[X,0x0000000080000B30] -> 0x0F13
mem[X,0x0000000080000B32] -> 0x267F
[717] [M]: 0x0000000080000B30 (0x267F0F13) addi x30, x30, 0x267                     inst_60+28
x30 <- 0x6666666666666667

clint mtime 0x0000000000000167 (mip.MTI <- 0b1, mip.STI <- 0b0)
mem[X,0x0000000080000B34] -> 0x6F93
mem[X,0x0000000080000B36] -> 0x666F
[718] [M]: 0x0000000080000B34 (0x666F6F93) ori x31, x30, 0x666                      inst_60+32
x31 <- 0x6666666666666667

mem[X,0x0000000080000B38] -> 0xB823
mem[X,0x0000000080000B3A] -> 0x11F3
[719] [M]: 0x0000000080000B38 (0x11F3B823) sd x31, 0x110(x7)                        inst_60+36
mem[W,0x00000000800062F8] <- 0x6666666666666667

clint mtime 0x0000000000000168 (mip.MTI <- 0b1, mip.STI <- 0b0)
mem[X,0x0000000080000B3C] -> 0x6F37
mem[X,0x0000000080000B3E] -> 0x6666
[720] [M]: 0x0000000080000B3C (0x66666F37) lui x30, 0x66666                         inst_61+0
x30 <- 0x0000000066666000

mem[X,0x0000000080000B40] -> 0x0F13
mem[X,0x0000000080000B42] -> 0x666F
[721] [M]: 0x0000000080000B40 (0x666F0F13) addi x30, x30, 0x666                     inst_61+4
x30 <- 0x0000000066666666

clint mtime 0x0000000000000169 (mip.MTI <- 0b1, mip.STI <- 0b0)
mem[X,0x0000000080000B44] -> 0x1F13
mem[X,0x0000000080000B46] -> 0x00BF
[722] [M]: 0x0000000080000B44 (0x00BF1F13) slli x30, x30, 0xb                       inst_61+8
x30 <- 0x0000033333333000

mem[X,0x0000000080000B48] -> 0x0F13
mem[X,0x0000000080000B4A] -> 0x333F
[723] [M]: 0x0000000080000B48 (0x333F0F13) addi x30, x30, 0x333                     inst_61+12
x30 <- 0x0000033333333333

clint mtime 0x000000000000016A (mip.MTI <- 0b1, mip.STI <- 0b0)
mem[X,0x0000000080000B4C] -> 0x1F13
mem[X,0x0000000080000B4E] -> 0x00BF
[724] [M]: 0x0000000080000B4C (0x00BF1F13) slli x30, x30, 0xb                       inst_61+16
x30 <- 0x0019999999999800

mem[X,0x0000000080000B50] -> 0x0F13
mem[X,0x0000000080000B52] -> 0x199F
[725] [M]: 0x0000000080000B50 (0x199F0F13) addi x30, x30, 0x199                     inst_61+20
x30 <- 0x0019999999999999

clint mtime 0x000000000000016B (mip.MTI <- 0b1, mip.STI <- 0b0)
mem[X,0x0000000080000B54] -> 0x1F13
mem[X,0x0000000080000B56] -> 0x00AF
[726] [M]: 0x0000000080000B54 (0x00AF1F13) slli x30, x30, 0xa                       inst_61+24
x30 <- 0x6666666666666400

mem[X,0x0000000080000B58] -> 0x0F13
mem[X,0x0000000080000B5A] -> 0x267F
[727] [M]: 0x0000000080000B58 (0x267F0F13) addi x30, x30, 0x267                     inst_61+28
x30 <- 0x6666666666666667

clint mtime 0x000000000000016C (mip.MTI <- 0b1, mip.STI <- 0b0)
mem[X,0x0000000080000B5C] -> 0x6F93
mem[X,0x0000000080000B5E] -> 0x333F
[728] [M]: 0x0000000080000B5C (0x333F6F93) ori x31, x30, 0x333                      inst_61+32
x31 <- 0x6666666666666777

mem[X,0x0000000080000B60] -> 0xBC23
mem[X,0x0000000080000B62] -> 0x11F3
[729] [M]: 0x0000000080000B60 (0x11F3BC23) sd x31, 0x118(x7)                        inst_61+36
mem[W,0x0000000080006300] <- 0x6666666666666777

clint mtime 0x000000000000016D (mip.MTI <- 0b1, mip.STI <- 0b0)
mem[X,0x0000000080000B64] -> 0x6F37
mem[X,0x0000000080000B66] -> 0x6666
[730] [M]: 0x0000000080000B64 (0x66666F37) lui x30, 0x66666                         inst_62+0
x30 <- 0x0000000066666000

mem[X,0x0000000080000B68] -> 0x0F13
mem[X,0x0000000080000B6A] -> 0x666F
[731] [M]: 0x0000000080000B68 (0x666F0F13) addi x30, x30, 0x666                     inst_62+4
x30 <- 0x0000000066666666

clint mtime 0x000000000000016E (mip.MTI <- 0b1, mip.STI <- 0b0)
mem[X,0x0000000080000B6C] -> 0x1F13
mem[X,0x0000000080000B6E] -> 0x00BF
[732] [M]: 0x0000000080000B6C (0x00BF1F13) slli x30, x30, 0xb                       inst_62+8
x30 <- 0x0000033333333000

mem[X,0x0000000080000B70] -> 0x0F13
mem[X,0x0000000080000B72] -> 0x333F
[733] [M]: 0x0000000080000B70 (0x333F0F13) addi x30, x30, 0x333                     inst_62+12
x30 <- 0x0000033333333333

clint mtime 0x000000000000016F (mip.MTI <- 0b1, mip.STI <- 0b0)
mem[X,0x0000000080000B74] -> 0x1F13
mem[X,0x0000000080000B76] -> 0x00BF
[734] [M]: 0x0000000080000B74 (0x00BF1F13) slli x30, x30, 0xb                       inst_62+16
x30 <- 0x0019999999999800

mem[X,0x0000000080000B78] -> 0x0F13
mem[X,0x0000000080000B7A] -> 0x199F
[735] [M]: 0x0000000080000B78 (0x199F0F13) addi x30, x30, 0x199                     inst_62+20
x30 <- 0x0019999999999999

clint mtime 0x0000000000000170 (mip.MTI <- 0b1, mip.STI <- 0b0)
mem[X,0x0000000080000B7C] -> 0x1F13
mem[X,0x0000000080000B7E] -> 0x00AF
[736] [M]: 0x0000000080000B7C (0x00AF1F13) slli x30, x30, 0xa                       inst_62+24
x30 <- 0x6666666666666400

mem[X,0x0000000080000B80] -> 0x0F13
mem[X,0x0000000080000B82] -> 0x267F
[737] [M]: 0x0000000080000B80 (0x267F0F13) addi x30, x30, 0x267                     inst_62+28
x30 <- 0x6666666666666667

clint mtime 0x0000000000000171 (mip.MTI <- 0b1, mip.STI <- 0b0)
mem[X,0x0000000080000B84] -> 0x6F93
mem[X,0x0000000080000B86] -> 0x005F
[738] [M]: 0x0000000080000B84 (0x005F6F93) ori x31, x30, 0x5                        inst_62+32
x31 <- 0x6666666666666667

mem[X,0x0000000080000B88] -> 0xB023
mem[X,0x0000000080000B8A] -> 0x13F3
[739] [M]: 0x0000000080000B88 (0x13F3B023) sd x31, 0x120(x7)                        inst_62+36
mem[W,0x0000000080006308] <- 0x6666666666666667

clint mtime 0x0000000000000172 (mip.MTI <- 0b1, mip.STI <- 0b0)
mem[X,0x0000000080000B8C] -> 0x6F37
mem[X,0x0000000080000B8E] -> 0x6666
[740] [M]: 0x0000000080000B8C (0x66666F37) lui x30, 0x66666                         inst_63+0
x30 <- 0x0000000066666000

mem[X,0x0000000080000B90] -> 0x0F13
mem[X,0x0000000080000B92] -> 0x666F
[741] [M]: 0x0000000080000B90 (0x666F0F13) addi x30, x30, 0x666                     inst_63+4
x30 <- 0x0000000066666666

clint mtime 0x0000000000000173 (mip.MTI <- 0b1, mip.STI <- 0b0)
mem[X,0x0000000080000B94] -> 0x1F13
mem[X,0x0000000080000B96] -> 0x00BF
[742] [M]: 0x0000000080000B94 (0x00BF1F13) slli x30, x30, 0xb                       inst_63+8
x30 <- 0x0000033333333000

mem[X,0x0000000080000B98] -> 0x0F13
mem[X,0x0000000080000B9A] -> 0x333F
[743] [M]: 0x0000000080000B98 (0x333F0F13) addi x30, x30, 0x333                     inst_63+12
x30 <- 0x0000033333333333

clint mtime 0x0000000000000174 (mip.MTI <- 0b1, mip.STI <- 0b0)
mem[X,0x0000000080000B9C] -> 0x1F13
mem[X,0x0000000080000B9E] -> 0x00BF
[744] [M]: 0x0000000080000B9C (0x00BF1F13) slli x30, x30, 0xb                       inst_63+16
x30 <- 0x0019999999999800

mem[X,0x0000000080000BA0] -> 0x0F13
mem[X,0x0000000080000BA2] -> 0x199F
[745] [M]: 0x0000000080000BA0 (0x199F0F13) addi x30, x30, 0x199                     inst_63+20
x30 <- 0x0019999999999999

clint mtime 0x0000000000000175 (mip.MTI <- 0b1, mip.STI <- 0b0)
mem[X,0x0000000080000BA4] -> 0x1F13
mem[X,0x0000000080000BA6] -> 0x00AF
[746] [M]: 0x0000000080000BA4 (0x00AF1F13) slli x30, x30, 0xa                       inst_63+24
x30 <- 0x6666666666666400

mem[X,0x0000000080000BA8] -> 0x0F13
mem[X,0x0000000080000BAA] -> 0x267F
[747] [M]: 0x0000000080000BA8 (0x267F0F13) addi x30, x30, 0x267                     inst_63+28
x30 <- 0x6666666666666667

clint mtime 0x0000000000000176 (mip.MTI <- 0b1, mip.STI <- 0b0)
mem[X,0x0000000080000BAC] -> 0x6F93
mem[X,0x0000000080000BAE] -> 0xAAAF
[748] [M]: 0x0000000080000BAC (0xAAAF6F93) ori x31, x30, -0x556                     inst_63+32
x31 <- 0xFFFFFFFFFFFFFEEF

mem[X,0x0000000080000BB0] -> 0xB423
mem[X,0x0000000080000BB2] -> 0x13F3
[749] [M]: 0x0000000080000BB0 (0x13F3B423) sd x31, 0x128(x7)                        inst_63+36
mem[W,0x0000000080006310] <- 0xFFFFFFFFFFFFFEEF

clint mtime 0x0000000000000177 (mip.MTI <- 0b1, mip.STI <- 0b0)
mem[X,0x0000000080000BB4] -> 0x6F37
mem[X,0x0000000080000BB6] -> 0x6666
[750] [M]: 0x0000000080000BB4 (0x66666F37) lui x30, 0x66666                         inst_64+0
x30 <- 0x0000000066666000

mem[X,0x0000000080000BB8] -> 0x0F13
mem[X,0x0000000080000BBA] -> 0x666F
[751] [M]: 0x0000000080000BB8 (0x666F0F13) addi x30, x30, 0x666                     inst_64+4
x30 <- 0x0000000066666666

clint mtime 0x0000000000000178 (mip.MTI <- 0b1, mip.STI <- 0b0)
mem[X,0x0000000080000BBC] -> 0x1F13
mem[X,0x0000000080000BBE] -> 0x00BF
[752] [M]: 0x0000000080000BBC (0x00BF1F13) slli x30, x30, 0xb                       inst_64+8
x30 <- 0x0000033333333000

mem[X,0x0000000080000BC0] -> 0x0F13
mem[X,0x0000000080000BC2] -> 0x333F
[753] [M]: 0x0000000080000BC0 (0x333F0F13) addi x30, x30, 0x333                     inst_64+12
x30 <- 0x0000033333333333

clint mtime 0x0000000000000179 (mip.MTI <- 0b1, mip.STI <- 0b0)
mem[X,0x0000000080000BC4] -> 0x1F13
mem[X,0x0000000080000BC6] -> 0x00BF
[754] [M]: 0x0000000080000BC4 (0x00BF1F13) slli x30, x30, 0xb                       inst_64+16
x30 <- 0x0019999999999800

mem[X,0x0000000080000BC8] -> 0x0F13
mem[X,0x0000000080000BCA] -> 0x199F
[755] [M]: 0x0000000080000BC8 (0x199F0F13) addi x30, x30, 0x199                     inst_64+20
x30 <- 0x0019999999999999

clint mtime 0x000000000000017A (mip.MTI <- 0b1, mip.STI <- 0b0)
mem[X,0x0000000080000BCC] -> 0x1F13
mem[X,0x0000000080000BCE] -> 0x00AF
[756] [M]: 0x0000000080000BCC (0x00AF1F13) slli x30, x30, 0xa                       inst_64+24
x30 <- 0x6666666666666400

mem[X,0x0000000080000BD0] -> 0x0F13
mem[X,0x0000000080000BD2] -> 0x267F
[757] [M]: 0x0000000080000BD0 (0x267F0F13) addi x30, x30, 0x267                     inst_64+28
x30 <- 0x6666666666666667

clint mtime 0x000000000000017B (mip.MTI <- 0b1, mip.STI <- 0b0)
mem[X,0x0000000080000BD4] -> 0x6F93
mem[X,0x0000000080000BD6] -> 0x555F
[758] [M]: 0x0000000080000BD4 (0x555F6F93) ori x31, x30, 0x555                      inst_64+32
x31 <- 0x6666666666666777

mem[X,0x0000000080000BD8] -> 0xB823
mem[X,0x0000000080000BDA] -> 0x13F3
[759] [M]: 0x0000000080000BD8 (0x13F3B823) sd x31, 0x130(x7)                        inst_64+36
mem[W,0x0000000080006318] <- 0x6666666666666777

clint mtime 0x000000000000017C (mip.MTI <- 0b1, mip.STI <- 0b0)
mem[X,0x0000000080000BDC] -> 0x6F37
mem[X,0x0000000080000BDE] -> 0x6666
[760] [M]: 0x0000000080000BDC (0x66666F37) lui x30, 0x66666                         inst_65+0
x30 <- 0x0000000066666000

mem[X,0x0000000080000BE0] -> 0x0F13
mem[X,0x0000000080000BE2] -> 0x666F
[761] [M]: 0x0000000080000BE0 (0x666F0F13) addi x30, x30, 0x666                     inst_65+4
x30 <- 0x0000000066666666

clint mtime 0x000000000000017D (mip.MTI <- 0b1, mip.STI <- 0b0)
mem[X,0x0000000080000BE4] -> 0x1F13
mem[X,0x0000000080000BE6] -> 0x00BF
[762] [M]: 0x0000000080000BE4 (0x00BF1F13) slli x30, x30, 0xb                       inst_65+8
x30 <- 0x0000033333333000

mem[X,0x0000000080000BE8] -> 0x0F13
mem[X,0x0000000080000BEA] -> 0x333F
[763] [M]: 0x0000000080000BE8 (0x333F0F13) addi x30, x30, 0x333                     inst_65+12
x30 <- 0x0000033333333333

clint mtime 0x000000000000017E (mip.MTI <- 0b1, mip.STI <- 0b0)
mem[X,0x0000000080000BEC] -> 0x1F13
mem[X,0x0000000080000BEE] -> 0x00BF
[764] [M]: 0x0000000080000BEC (0x00BF1F13) slli x30, x30, 0xb                       inst_65+16
x30 <- 0x0019999999999800

mem[X,0x0000000080000BF0] -> 0x0F13
mem[X,0x0000000080000BF2] -> 0x199F
[765] [M]: 0x0000000080000BF0 (0x199F0F13) addi x30, x30, 0x199                     inst_65+20
x30 <- 0x0019999999999999

clint mtime 0x000000000000017F (mip.MTI <- 0b1, mip.STI <- 0b0)
mem[X,0x0000000080000BF4] -> 0x1F13
mem[X,0x0000000080000BF6] -> 0x00AF
[766] [M]: 0x0000000080000BF4 (0x00AF1F13) slli x30, x30, 0xa                       inst_65+24
x30 <- 0x6666666666666400

mem[X,0x0000000080000BF8] -> 0x0F13
mem[X,0x0000000080000BFA] -> 0x267F
[767] [M]: 0x0000000080000BF8 (0x267F0F13) addi x30, x30, 0x267                     inst_65+28
x30 <- 0x6666666666666667

clint mtime 0x0000000000000180 (mip.MTI <- 0b1, mip.STI <- 0b0)
mem[X,0x0000000080000BFC] -> 0x6F93
mem[X,0x0000000080000BFE] -> 0x003F
[768] [M]: 0x0000000080000BFC (0x003F6F93) ori x31, x30, 0x3                        inst_65+32
x31 <- 0x6666666666666667

mem[X,0x0000000080000C00] -> 0xBC23
mem[X,0x0000000080000C02] -> 0x13F3
[769] [M]: 0x0000000080000C00 (0x13F3BC23) sd x31, 0x138(x7)                        inst_65+36
mem[W,0x0000000080006320] <- 0x6666666666666667

clint mtime 0x0000000000000181 (mip.MTI <- 0b1, mip.STI <- 0b0)
mem[X,0x0000000080000C04] -> 0x3F37
mem[X,0x0000000080000C06] -> 0x3333
[770] [M]: 0x0000000080000C04 (0x33333F37) lui x30, 0x33333                         inst_66+0
x30 <- 0x0000000033333000

mem[X,0x0000000080000C08] -> 0x0F13
mem[X,0x0000000080000C0A] -> 0x333F
[771] [M]: 0x0000000080000C08 (0x333F0F13) addi x30, x30, 0x333                     inst_66+4
x30 <- 0x0000000033333333

clint mtime 0x0000000000000182 (mip.MTI <- 0b1, mip.STI <- 0b0)
mem[X,0x0000000080000C0C] -> 0x1F13
mem[X,0x0000000080000C0E] -> 0x00BF
[772] [M]: 0x0000000080000C0C (0x00BF1F13) slli x30, x30, 0xb                       inst_66+8
x30 <- 0x0000019999999800

mem[X,0x0000000080000C10] -> 0x0F13
mem[X,0x0000000080000C12] -> 0x199F
[773] [M]: 0x0000000080000C10 (0x199F0F13) addi x30, x30, 0x199                     inst_66+12
x30 <- 0x0000019999999999

clint mtime 0x0000000000000183 (mip.MTI <- 0b1, mip.STI <- 0b0)
mem[X,0x0000000080000C14] -> 0x1F13
mem[X,0x0000000080000C16] -> 0x00BF
[774] [M]: 0x0000000080000C14 (0x00BF1F13) slli x30, x30, 0xb                       inst_66+16
x30 <- 0x000CCCCCCCCCC800

mem[X,0x0000000080000C18] -> 0x0F13
mem[X,0x0000000080000C1A] -> 0x4CCF
[775] [M]: 0x0000000080000C18 (0x4CCF0F13) addi x30, x30, 0x4cc                     inst_66+20
x30 <- 0x000CCCCCCCCCCCCC

clint mtime 0x0000000000000184 (mip.MTI <- 0b1, mip.STI <- 0b0)
mem[X,0x0000000080000C1C] -> 0x1F13
mem[X,0x0000000080000C1E] -> 0x00AF
[776] [M]: 0x0000000080000C1C (0x00AF1F13) slli x30, x30, 0xa                       inst_66+24
x30 <- 0x3333333333333000

mem[X,0x0000000080000C20] -> 0x0F13
mem[X,0x0000000080000C22] -> 0x334F
[777] [M]: 0x0000000080000C20 (0x334F0F13) addi x30, x30, 0x334                     inst_66+28
x30 <- 0x3333333333333334

clint mtime 0x0000000000000185 (mip.MTI <- 0b1, mip.STI <- 0b0)
mem[X,0x0000000080000C24] -> 0x6F93
mem[X,0x0000000080000C26] -> 0x02EF
[778] [M]: 0x0000000080000C24 (0x02EF6F93) ori x31, x30, 0x2e                       inst_66+32
x31 <- 0x333333333333333E

mem[X,0x0000000080000C28] -> 0xB023
mem[X,0x0000000080000C2A] -> 0x15F3
[779] [M]: 0x0000000080000C28 (0x15F3B023) sd x31, 0x140(x7)                        inst_66+36
mem[W,0x0000000080006328] <- 0x333333333333333E

clint mtime 0x0000000000000186 (mip.MTI <- 0b1, mip.STI <- 0b0)
mem[X,0x0000000080000C2C] -> 0x3F37
mem[X,0x0000000080000C2E] -> 0x3333
[780] [M]: 0x0000000080000C2C (0x33333F37) lui x30, 0x33333                         inst_67+0
x30 <- 0x0000000033333000

mem[X,0x0000000080000C30] -> 0x0F13
mem[X,0x0000000080000C32] -> 0x333F
[781] [M]: 0x0000000080000C30 (0x333F0F13) addi x30, x30, 0x333                     inst_67+4
x30 <- 0x0000000033333333

clint mtime 0x0000000000000187 (mip.MTI <- 0b1, mip.STI <- 0b0)
mem[X,0x0000000080000C34] -> 0x1F13
mem[X,0x0000000080000C36] -> 0x00BF
[782] [M]: 0x0000000080000C34 (0x00BF1F13) slli x30, x30, 0xb                       inst_67+8
x30 <- 0x0000019999999800

mem[X,0x0000000080000C38] -> 0x0F13
mem[X,0x0000000080000C3A] -> 0x199F
[783] [M]: 0x0000000080000C38 (0x199F0F13) addi x30, x30, 0x199                     inst_67+12
x30 <- 0x0000019999999999

clint mtime 0x0000000000000188 (mip.MTI <- 0b1, mip.STI <- 0b0)
mem[X,0x0000000080000C3C] -> 0x1F13
mem[X,0x0000000080000C3E] -> 0x00BF
[784] [M]: 0x0000000080000C3C (0x00BF1F13) slli x30, x30, 0xb                       inst_67+16
x30 <- 0x000CCCCCCCCCC800

mem[X,0x0000000080000C40] -> 0x0F13
mem[X,0x0000000080000C42] -> 0x4CCF
[785] [M]: 0x0000000080000C40 (0x4CCF0F13) addi x30, x30, 0x4cc                     inst_67+20
x30 <- 0x000CCCCCCCCCCCCC

clint mtime 0x0000000000000189 (mip.MTI <- 0b1, mip.STI <- 0b0)
mem[X,0x0000000080000C44] -> 0x1F13
mem[X,0x0000000080000C46] -> 0x00AF
[786] [M]: 0x0000000080000C44 (0x00AF1F13) slli x30, x30, 0xa                       inst_67+24
x30 <- 0x3333333333333000

mem[X,0x0000000080000C48] -> 0x0F13
mem[X,0x0000000080000C4A] -> 0x334F
[787] [M]: 0x0000000080000C48 (0x334F0F13) addi x30, x30, 0x334                     inst_67+28
x30 <- 0x3333333333333334

clint mtime 0x000000000000018A (mip.MTI <- 0b1, mip.STI <- 0b0)
mem[X,0x0000000080000C4C] -> 0x6F93
mem[X,0x0000000080000C4E] -> 0xFD4F
[788] [M]: 0x0000000080000C4C (0xFD4F6F93) ori x31, x30, -0x2c                      inst_67+32
x31 <- 0xFFFFFFFFFFFFFFF4

mem[X,0x0000000080000C50] -> 0xB423
mem[X,0x0000000080000C52] -> 0x15F3
[789] [M]: 0x0000000080000C50 (0x15F3B423) sd x31, 0x148(x7)                        inst_67+36
mem[W,0x0000000080006330] <- 0xFFFFFFFFFFFFFFF4

clint mtime 0x000000000000018B (mip.MTI <- 0b1, mip.STI <- 0b0)
mem[X,0x0000000080000C54] -> 0x3F37
mem[X,0x0000000080000C56] -> 0x3333
[790] [M]: 0x0000000080000C54 (0x33333F37) lui x30, 0x33333                         inst_68+0
x30 <- 0x0000000033333000

mem[X,0x0000000080000C58] -> 0x0F13
mem[X,0x0000000080000C5A] -> 0x333F
[791] [M]: 0x0000000080000C58 (0x333F0F13) addi x30, x30, 0x333                     inst_68+4
x30 <- 0x0000000033333333

clint mtime 0x000000000000018C (mip.MTI <- 0b1, mip.STI <- 0b0)
mem[X,0x0000000080000C5C] -> 0x1F13
mem[X,0x0000000080000C5E] -> 0x00BF
[792] [M]: 0x0000000080000C5C (0x00BF1F13) slli x30, x30, 0xb                       inst_68+8
x30 <- 0x0000019999999800

mem[X,0x0000000080000C60] -> 0x0F13
mem[X,0x0000000080000C62] -> 0x199F
[793] [M]: 0x0000000080000C60 (0x199F0F13) addi x30, x30, 0x199                     inst_68+12
x30 <- 0x0000019999999999

clint mtime 0x000000000000018D (mip.MTI <- 0b1, mip.STI <- 0b0)
mem[X,0x0000000080000C64] -> 0x1F13
mem[X,0x0000000080000C66] -> 0x00BF
[794] [M]: 0x0000000080000C64 (0x00BF1F13) slli x30, x30, 0xb                       inst_68+16
x30 <- 0x000CCCCCCCCCC800

mem[X,0x0000000080000C68] -> 0x0F13
mem[X,0x0000000080000C6A] -> 0x4CCF
[795] [M]: 0x0000000080000C68 (0x4CCF0F13) addi x30, x30, 0x4cc                     inst_68+20
x30 <- 0x000CCCCCCCCCCCCC

clint mtime 0x000000000000018E (mip.MTI <- 0b1, mip.STI <- 0b0)
mem[X,0x0000000080000C6C] -> 0x1F13
mem[X,0x0000000080000C6E] -> 0x00AF
[796] [M]: 0x0000000080000C6C (0x00AF1F13) slli x30, x30, 0xa                       inst_68+24
x30 <- 0x3333333333333000

mem[X,0x0000000080000C70] -> 0x0F13
mem[X,0x0000000080000C72] -> 0x334F
[797] [M]: 0x0000000080000C70 (0x334F0F13) addi x30, x30, 0x334                     inst_68+28
x30 <- 0x3333333333333334

clint mtime 0x000000000000018F (mip.MTI <- 0b1, mip.STI <- 0b0)
mem[X,0x0000000080000C74] -> 0x6F93
mem[X,0x0000000080000C76] -> 0x667F
[798] [M]: 0x0000000080000C74 (0x667F6F93) ori x31, x30, 0x667                      inst_68+32
x31 <- 0x3333333333333777

mem[X,0x0000000080000C78] -> 0xB823
mem[X,0x0000000080000C7A] -> 0x15F3
[799] [M]: 0x0000000080000C78 (0x15F3B823) sd x31, 0x150(x7)                        inst_68+36
mem[W,0x0000000080006338] <- 0x3333333333333777

clint mtime 0x0000000000000190 (mip.MTI <- 0b1, mip.STI <- 0b0)
mem[X,0x0000000080000C7C] -> 0x3F37
mem[X,0x0000000080000C7E] -> 0x3333
[800] [M]: 0x0000000080000C7C (0x33333F37) lui x30, 0x33333                         inst_69+0
x30 <- 0x0000000033333000

mem[X,0x0000000080000C80] -> 0x0F13
mem[X,0x0000000080000C82] -> 0x333F
[801] [M]: 0x0000000080000C80 (0x333F0F13) addi x30, x30, 0x333                     inst_69+4
x30 <- 0x0000000033333333

clint mtime 0x0000000000000191 (mip.MTI <- 0b1, mip.STI <- 0b0)
mem[X,0x0000000080000C84] -> 0x1F13
mem[X,0x0000000080000C86] -> 0x00BF
[802] [M]: 0x0000000080000C84 (0x00BF1F13) slli x30, x30, 0xb                       inst_69+8
x30 <- 0x0000019999999800

mem[X,0x0000000080000C88] -> 0x0F13
mem[X,0x0000000080000C8A] -> 0x199F
[803] [M]: 0x0000000080000C88 (0x199F0F13) addi x30, x30, 0x199                     inst_69+12
x30 <- 0x0000019999999999

clint mtime 0x0000000000000192 (mip.MTI <- 0b1, mip.STI <- 0b0)
mem[X,0x0000000080000C8C] -> 0x1F13
mem[X,0x0000000080000C8E] -> 0x00BF
[804] [M]: 0x0000000080000C8C (0x00BF1F13) slli x30, x30, 0xb                       inst_69+16
x30 <- 0x000CCCCCCCCCC800

mem[X,0x0000000080000C90] -> 0x0F13
mem[X,0x0000000080000C92] -> 0x4CCF
[805] [M]: 0x0000000080000C90 (0x4CCF0F13) addi x30, x30, 0x4cc                     inst_69+20
x30 <- 0x000CCCCCCCCCCCCC

clint mtime 0x0000000000000193 (mip.MTI <- 0b1, mip.STI <- 0b0)
mem[X,0x0000000080000C94] -> 0x1F13
mem[X,0x0000000080000C96] -> 0x00AF
[806] [M]: 0x0000000080000C94 (0x00AF1F13) slli x30, x30, 0xa                       inst_69+24
x30 <- 0x3333333333333000

mem[X,0x0000000080000C98] -> 0x0F13
mem[X,0x0000000080000C9A] -> 0x334F
[807] [M]: 0x0000000080000C98 (0x334F0F13) addi x30, x30, 0x334                     inst_69+28
x30 <- 0x3333333333333334

clint mtime 0x0000000000000194 (mip.MTI <- 0b1, mip.STI <- 0b0)
mem[X,0x0000000080000C9C] -> 0x6F93
mem[X,0x0000000080000C9E] -> 0x334F
[808] [M]: 0x0000000080000C9C (0x334F6F93) ori x31, x30, 0x334                      inst_69+32
x31 <- 0x3333333333333334

mem[X,0x0000000080000CA0] -> 0xBC23
mem[X,0x0000000080000CA2] -> 0x15F3
[809] [M]: 0x0000000080000CA0 (0x15F3BC23) sd x31, 0x158(x7)                        inst_69+36
mem[W,0x0000000080006340] <- 0x3333333333333334

clint mtime 0x0000000000000195 (mip.MTI <- 0b1, mip.STI <- 0b0)
mem[X,0x0000000080000CA4] -> 0x3F37
mem[X,0x0000000080000CA6] -> 0x3333
[810] [M]: 0x0000000080000CA4 (0x33333F37) lui x30, 0x33333                         inst_70+0
x30 <- 0x0000000033333000

mem[X,0x0000000080000CA8] -> 0x0F13
mem[X,0x0000000080000CAA] -> 0x333F
[811] [M]: 0x0000000080000CA8 (0x333F0F13) addi x30, x30, 0x333                     inst_70+4
x30 <- 0x0000000033333333

clint mtime 0x0000000000000196 (mip.MTI <- 0b1, mip.STI <- 0b0)
mem[X,0x0000000080000CAC] -> 0x1F13
mem[X,0x0000000080000CAE] -> 0x00BF
[812] [M]: 0x0000000080000CAC (0x00BF1F13) slli x30, x30, 0xb                       inst_70+8
x30 <- 0x0000019999999800

mem[X,0x0000000080000CB0] -> 0x0F13
mem[X,0x0000000080000CB2] -> 0x199F
[813] [M]: 0x0000000080000CB0 (0x199F0F13) addi x30, x30, 0x199                     inst_70+12
x30 <- 0x0000019999999999

clint mtime 0x0000000000000197 (mip.MTI <- 0b1, mip.STI <- 0b0)
mem[X,0x0000000080000CB4] -> 0x1F13
mem[X,0x0000000080000CB6] -> 0x00BF
[814] [M]: 0x0000000080000CB4 (0x00BF1F13) slli x30, x30, 0xb                       inst_70+16
x30 <- 0x000CCCCCCCCCC800

mem[X,0x0000000080000CB8] -> 0x0F13
mem[X,0x0000000080000CBA] -> 0x4CCF
[815] [M]: 0x0000000080000CB8 (0x4CCF0F13) addi x30, x30, 0x4cc                     inst_70+20
x30 <- 0x000CCCCCCCCCCCCC

clint mtime 0x0000000000000198 (mip.MTI <- 0b1, mip.STI <- 0b0)
mem[X,0x0000000080000CBC] -> 0x1F13
mem[X,0x0000000080000CBE] -> 0x00AF
[816] [M]: 0x0000000080000CBC (0x00AF1F13) slli x30, x30, 0xa                       inst_70+24
x30 <- 0x3333333333333000

mem[X,0x0000000080000CC0] -> 0x0F13
mem[X,0x0000000080000CC2] -> 0x334F
[817] [M]: 0x0000000080000CC0 (0x334F0F13) addi x30, x30, 0x334                     inst_70+28
x30 <- 0x3333333333333334

clint mtime 0x0000000000000199 (mip.MTI <- 0b1, mip.STI <- 0b0)
mem[X,0x0000000080000CC4] -> 0x6F93
mem[X,0x0000000080000CC6] -> 0x006F
[818] [M]: 0x0000000080000CC4 (0x006F6F93) ori x31, x30, 0x6                        inst_70+32
x31 <- 0x3333333333333336

mem[X,0x0000000080000CC8] -> 0xB023
mem[X,0x0000000080000CCA] -> 0x17F3
[819] [M]: 0x0000000080000CC8 (0x17F3B023) sd x31, 0x160(x7)                        inst_70+36
mem[W,0x0000000080006348] <- 0x3333333333333336

clint mtime 0x000000000000019A (mip.MTI <- 0b1, mip.STI <- 0b0)
mem[X,0x0000000080000CCC] -> 0x3F37
mem[X,0x0000000080000CCE] -> 0x3333
[820] [M]: 0x0000000080000CCC (0x33333F37) lui x30, 0x33333                         inst_71+0
x30 <- 0x0000000033333000

mem[X,0x0000000080000CD0] -> 0x0F13
mem[X,0x0000000080000CD2] -> 0x333F
[821] [M]: 0x0000000080000CD0 (0x333F0F13) addi x30, x30, 0x333                     inst_71+4
x30 <- 0x0000000033333333

clint mtime 0x000000000000019B (mip.MTI <- 0b1, mip.STI <- 0b0)
mem[X,0x0000000080000CD4] -> 0x1F13
mem[X,0x0000000080000CD6] -> 0x00BF
[822] [M]: 0x0000000080000CD4 (0x00BF1F13) slli x30, x30, 0xb                       inst_71+8
x30 <- 0x0000019999999800

mem[X,0x0000000080000CD8] -> 0x0F13
mem[X,0x0000000080000CDA] -> 0x199F
[823] [M]: 0x0000000080000CD8 (0x199F0F13) addi x30, x30, 0x199                     inst_71+12
x30 <- 0x0000019999999999

clint mtime 0x000000000000019C (mip.MTI <- 0b1, mip.STI <- 0b0)
mem[X,0x0000000080000CDC] -> 0x1F13
mem[X,0x0000000080000CDE] -> 0x00BF
[824] [M]: 0x0000000080000CDC (0x00BF1F13) slli x30, x30, 0xb                       inst_71+16
x30 <- 0x000CCCCCCCCCC800

mem[X,0x0000000080000CE0] -> 0x0F13
mem[X,0x0000000080000CE2] -> 0x4CCF
[825] [M]: 0x0000000080000CE0 (0x4CCF0F13) addi x30, x30, 0x4cc                     inst_71+20
x30 <- 0x000CCCCCCCCCCCCC

clint mtime 0x000000000000019D (mip.MTI <- 0b1, mip.STI <- 0b0)
mem[X,0x0000000080000CE4] -> 0x1F13
mem[X,0x0000000080000CE6] -> 0x00AF
[826] [M]: 0x0000000080000CE4 (0x00AF1F13) slli x30, x30, 0xa                       inst_71+24
x30 <- 0x3333333333333000

mem[X,0x0000000080000CE8] -> 0x0F13
mem[X,0x0000000080000CEA] -> 0x334F
[827] [M]: 0x0000000080000CE8 (0x334F0F13) addi x30, x30, 0x334                     inst_71+28
x30 <- 0x3333333333333334

clint mtime 0x000000000000019E (mip.MTI <- 0b1, mip.STI <- 0b0)
mem[X,0x0000000080000CEC] -> 0x6F93
mem[X,0x0000000080000CEE] -> 0xAABF
[828] [M]: 0x0000000080000CEC (0xAABF6F93) ori x31, x30, -0x555                     inst_71+32
x31 <- 0xFFFFFFFFFFFFFBBF

mem[X,0x0000000080000CF0] -> 0xB423
mem[X,0x0000000080000CF2] -> 0x17F3
[829] [M]: 0x0000000080000CF0 (0x17F3B423) sd x31, 0x168(x7)                        inst_71+36
mem[W,0x0000000080006350] <- 0xFFFFFFFFFFFFFBBF

clint mtime 0x000000000000019F (mip.MTI <- 0b1, mip.STI <- 0b0)
mem[X,0x0000000080000CF4] -> 0x3F37
mem[X,0x0000000080000CF6] -> 0x3333
[830] [M]: 0x0000000080000CF4 (0x33333F37) lui x30, 0x33333                         inst_72+0
x30 <- 0x0000000033333000

mem[X,0x0000000080000CF8] -> 0x0F13
mem[X,0x0000000080000CFA] -> 0x333F
[831] [M]: 0x0000000080000CF8 (0x333F0F13) addi x30, x30, 0x333                     inst_72+4
x30 <- 0x0000000033333333

clint mtime 0x00000000000001A0 (mip.MTI <- 0b1, mip.STI <- 0b0)
mem[X,0x0000000080000CFC] -> 0x1F13
mem[X,0x0000000080000CFE] -> 0x00BF
[832] [M]: 0x0000000080000CFC (0x00BF1F13) slli x30, x30, 0xb                       inst_72+8
x30 <- 0x0000019999999800

mem[X,0x0000000080000D00] -> 0x0F13
mem[X,0x0000000080000D02] -> 0x199F
[833] [M]: 0x0000000080000D00 (0x199F0F13) addi x30, x30, 0x199                     inst_72+12
x30 <- 0x0000019999999999

clint mtime 0x00000000000001A1 (mip.MTI <- 0b1, mip.STI <- 0b0)
mem[X,0x0000000080000D04] -> 0x1F13
mem[X,0x0000000080000D06] -> 0x00BF
[834] [M]: 0x0000000080000D04 (0x00BF1F13) slli x30, x30, 0xb                       inst_72+16
x30 <- 0x000CCCCCCCCCC800

mem[X,0x0000000080000D08] -> 0x0F13
mem[X,0x0000000080000D0A] -> 0x4CCF
[835] [M]: 0x0000000080000D08 (0x4CCF0F13) addi x30, x30, 0x4cc                     inst_72+20
x30 <- 0x000CCCCCCCCCCCCC

clint mtime 0x00000000000001A2 (mip.MTI <- 0b1, mip.STI <- 0b0)
mem[X,0x0000000080000D0C] -> 0x1F13
mem[X,0x0000000080000D0E] -> 0x00AF
[836] [M]: 0x0000000080000D0C (0x00AF1F13) slli x30, x30, 0xa                       inst_72+24
x30 <- 0x3333333333333000

mem[X,0x0000000080000D10] -> 0x0F13
mem[X,0x0000000080000D12] -> 0x334F
[837] [M]: 0x0000000080000D10 (0x334F0F13) addi x30, x30, 0x334                     inst_72+28
x30 <- 0x3333333333333334

clint mtime 0x00000000000001A3 (mip.MTI <- 0b1, mip.STI <- 0b0)
mem[X,0x0000000080000D14] -> 0x6F93
mem[X,0x0000000080000D16] -> 0x556F
[838] [M]: 0x0000000080000D14 (0x556F6F93) ori x31, x30, 0x556                      inst_72+32
x31 <- 0x3333333333333776

mem[X,0x0000000080000D18] -> 0xB823
mem[X,0x0000000080000D1A] -> 0x17F3
[839] [M]: 0x0000000080000D18 (0x17F3B823) sd x31, 0x170(x7)                        inst_72+36
mem[W,0x0000000080006358] <- 0x3333333333333776

clint mtime 0x00000000000001A4 (mip.MTI <- 0b1, mip.STI <- 0b0)
mem[X,0x0000000080000D1C] -> 0x3F37
mem[X,0x0000000080000D1E] -> 0x3333
[840] [M]: 0x0000000080000D1C (0x33333F37) lui x30, 0x33333                         inst_73+0
x30 <- 0x0000000033333000

mem[X,0x0000000080000D20] -> 0x0F13
mem[X,0x0000000080000D22] -> 0x333F
[841] [M]: 0x0000000080000D20 (0x333F0F13) addi x30, x30, 0x333                     inst_73+4
x30 <- 0x0000000033333333

clint mtime 0x00000000000001A5 (mip.MTI <- 0b1, mip.STI <- 0b0)
mem[X,0x0000000080000D24] -> 0x1F13
mem[X,0x0000000080000D26] -> 0x00BF
[842] [M]: 0x0000000080000D24 (0x00BF1F13) slli x30, x30, 0xb                       inst_73+8
x30 <- 0x0000019999999800

mem[X,0x0000000080000D28] -> 0x0F13
mem[X,0x0000000080000D2A] -> 0x199F
[843] [M]: 0x0000000080000D28 (0x199F0F13) addi x30, x30, 0x199                     inst_73+12
x30 <- 0x0000019999999999

clint mtime 0x00000000000001A6 (mip.MTI <- 0b1, mip.STI <- 0b0)
mem[X,0x0000000080000D2C] -> 0x1F13
mem[X,0x0000000080000D2E] -> 0x00BF
[844] [M]: 0x0000000080000D2C (0x00BF1F13) slli x30, x30, 0xb                       inst_73+16
x30 <- 0x000CCCCCCCCCC800

mem[X,0x0000000080000D30] -> 0x0F13
mem[X,0x0000000080000D32] -> 0x4CCF
[845] [M]: 0x0000000080000D30 (0x4CCF0F13) addi x30, x30, 0x4cc                     inst_73+20
x30 <- 0x000CCCCCCCCCCCCC

clint mtime 0x00000000000001A7 (mip.MTI <- 0b1, mip.STI <- 0b0)
mem[X,0x0000000080000D34] -> 0x1F13
mem[X,0x0000000080000D36] -> 0x00AF
[846] [M]: 0x0000000080000D34 (0x00AF1F13) slli x30, x30, 0xa                       inst_73+24
x30 <- 0x3333333333333000

mem[X,0x0000000080000D38] -> 0x0F13
mem[X,0x0000000080000D3A] -> 0x334F
[847] [M]: 0x0000000080000D38 (0x334F0F13) addi x30, x30, 0x334                     inst_73+28
x30 <- 0x3333333333333334

clint mtime 0x00000000000001A8 (mip.MTI <- 0b1, mip.STI <- 0b0)
mem[X,0x0000000080000D3C] -> 0x6F93
mem[X,0x0000000080000D3E] -> 0x02CF
[848] [M]: 0x0000000080000D3C (0x02CF6F93) ori x31, x30, 0x2c                       inst_73+32
x31 <- 0x333333333333333C

mem[X,0x0000000080000D40] -> 0xBC23
mem[X,0x0000000080000D42] -> 0x17F3
[849] [M]: 0x0000000080000D40 (0x17F3BC23) sd x31, 0x178(x7)                        inst_73+36
mem[W,0x0000000080006360] <- 0x333333333333333C

clint mtime 0x00000000000001A9 (mip.MTI <- 0b1, mip.STI <- 0b0)
mem[X,0x0000000080000D44] -> 0x3F37
mem[X,0x0000000080000D46] -> 0x3333
[850] [M]: 0x0000000080000D44 (0x33333F37) lui x30, 0x33333                         inst_74+0
x30 <- 0x0000000033333000

mem[X,0x0000000080000D48] -> 0x0F13
mem[X,0x0000000080000D4A] -> 0x333F
[851] [M]: 0x0000000080000D48 (0x333F0F13) addi x30, x30, 0x333                     inst_74+4
x30 <- 0x0000000033333333

clint mtime 0x00000000000001AA (mip.MTI <- 0b1, mip.STI <- 0b0)
mem[X,0x0000000080000D4C] -> 0x1F13
mem[X,0x0000000080000D4E] -> 0x00BF
[852] [M]: 0x0000000080000D4C (0x00BF1F13) slli x30, x30, 0xb                       inst_74+8
x30 <- 0x0000019999999800

mem[X,0x0000000080000D50] -> 0x0F13
mem[X,0x0000000080000D52] -> 0x199F
[853] [M]: 0x0000000080000D50 (0x199F0F13) addi x30, x30, 0x199                     inst_74+12
x30 <- 0x0000019999999999

clint mtime 0x00000000000001AB (mip.MTI <- 0b1, mip.STI <- 0b0)
mem[X,0x0000000080000D54] -> 0x1F13
mem[X,0x0000000080000D56] -> 0x00BF
[854] [M]: 0x0000000080000D54 (0x00BF1F13) slli x30, x30, 0xb                       inst_74+16
x30 <- 0x000CCCCCCCCCC800

mem[X,0x0000000080000D58] -> 0x0F13
mem[X,0x0000000080000D5A] -> 0x4CCF
[855] [M]: 0x0000000080000D58 (0x4CCF0F13) addi x30, x30, 0x4cc                     inst_74+20
x30 <- 0x000CCCCCCCCCCCCC

clint mtime 0x00000000000001AC (mip.MTI <- 0b1, mip.STI <- 0b0)
mem[X,0x0000000080000D5C] -> 0x1F13
mem[X,0x0000000080000D5E] -> 0x00AF
[856] [M]: 0x0000000080000D5C (0x00AF1F13) slli x30, x30, 0xa                       inst_74+24
x30 <- 0x3333333333333000

mem[X,0x0000000080000D60] -> 0x0F13
mem[X,0x0000000080000D62] -> 0x334F
[857] [M]: 0x0000000080000D60 (0x334F0F13) addi x30, x30, 0x334                     inst_74+28
x30 <- 0x3333333333333334

clint mtime 0x00000000000001AD (mip.MTI <- 0b1, mip.STI <- 0b0)
mem[X,0x0000000080000D64] -> 0x6F93
mem[X,0x0000000080000D66] -> 0x665F
[858] [M]: 0x0000000080000D64 (0x665F6F93) ori x31, x30, 0x665                      inst_74+32
x31 <- 0x3333333333333775

mem[X,0x0000000080000D68] -> 0xB023
mem[X,0x0000000080000D6A] -> 0x19F3
[859] [M]: 0x0000000080000D68 (0x19F3B023) sd x31, 0x180(x7)                        inst_74+36
mem[W,0x0000000080006368] <- 0x3333333333333775

clint mtime 0x00000000000001AE (mip.MTI <- 0b1, mip.STI <- 0b0)
mem[X,0x0000000080000D6C] -> 0x3F37
mem[X,0x0000000080000D6E] -> 0x3333
[860] [M]: 0x0000000080000D6C (0x33333F37) lui x30, 0x33333                         inst_75+0
x30 <- 0x0000000033333000

mem[X,0x0000000080000D70] -> 0x0F13
mem[X,0x0000000080000D72] -> 0x333F
[861] [M]: 0x0000000080000D70 (0x333F0F13) addi x30, x30, 0x333                     inst_75+4
x30 <- 0x0000000033333333

clint mtime 0x00000000000001AF (mip.MTI <- 0b1, mip.STI <- 0b0)
mem[X,0x0000000080000D74] -> 0x1F13
mem[X,0x0000000080000D76] -> 0x00BF
[862] [M]: 0x0000000080000D74 (0x00BF1F13) slli x30, x30, 0xb                       inst_75+8
x30 <- 0x0000019999999800

mem[X,0x0000000080000D78] -> 0x0F13
mem[X,0x0000000080000D7A] -> 0x199F
[863] [M]: 0x0000000080000D78 (0x199F0F13) addi x30, x30, 0x199                     inst_75+12
x30 <- 0x0000019999999999

clint mtime 0x00000000000001B0 (mip.MTI <- 0b1, mip.STI <- 0b0)
mem[X,0x0000000080000D7C] -> 0x1F13
mem[X,0x0000000080000D7E] -> 0x00BF
[864] [M]: 0x0000000080000D7C (0x00BF1F13) slli x30, x30, 0xb                       inst_75+16
x30 <- 0x000CCCCCCCCCC800

mem[X,0x0000000080000D80] -> 0x0F13
mem[X,0x0000000080000D82] -> 0x4CCF
[865] [M]: 0x0000000080000D80 (0x4CCF0F13) addi x30, x30, 0x4cc                     inst_75+20
x30 <- 0x000CCCCCCCCCCCCC

clint mtime 0x00000000000001B1 (mip.MTI <- 0b1, mip.STI <- 0b0)
mem[X,0x0000000080000D84] -> 0x1F13
mem[X,0x0000000080000D86] -> 0x00AF
[866] [M]: 0x0000000080000D84 (0x00AF1F13) slli x30, x30, 0xa                       inst_75+24
x30 <- 0x3333333333333000

mem[X,0x0000000080000D88] -> 0x0F13
mem[X,0x0000000080000D8A] -> 0x334F
[867] [M]: 0x0000000080000D88 (0x334F0F13) addi x30, x30, 0x334                     inst_75+28
x30 <- 0x3333333333333334

clint mtime 0x00000000000001B2 (mip.MTI <- 0b1, mip.STI <- 0b0)
mem[X,0x0000000080000D8C] -> 0x6F93
mem[X,0x0000000080000D8E] -> 0x332F
[868] [M]: 0x0000000080000D8C (0x332F6F93) ori x31, x30, 0x332                      inst_75+32
x31 <- 0x3333333333333336

mem[X,0x0000000080000D90] -> 0xB423
mem[X,0x0000000080000D92] -> 0x19F3
[869] [M]: 0x0000000080000D90 (0x19F3B423) sd x31, 0x188(x7)                        inst_75+36
mem[W,0x0000000080006370] <- 0x3333333333333336

clint mtime 0x00000000000001B3 (mip.MTI <- 0b1, mip.STI <- 0b0)
mem[X,0x0000000080000D94] -> 0x3F37
mem[X,0x0000000080000D96] -> 0x3333
[870] [M]: 0x0000000080000D94 (0x33333F37) lui x30, 0x33333                         inst_76+0
x30 <- 0x0000000033333000

mem[X,0x0000000080000D98] -> 0x0F13
mem[X,0x0000000080000D9A] -> 0x333F
[871] [M]: 0x0000000080000D98 (0x333F0F13) addi x30, x30, 0x333                     inst_76+4
x30 <- 0x0000000033333333

clint mtime 0x00000000000001B4 (mip.MTI <- 0b1, mip.STI <- 0b0)
mem[X,0x0000000080000D9C] -> 0x1F13
mem[X,0x0000000080000D9E] -> 0x00BF
[872] [M]: 0x0000000080000D9C (0x00BF1F13) slli x30, x30, 0xb                       inst_76+8
x30 <- 0x0000019999999800

mem[X,0x0000000080000DA0] -> 0x0F13
mem[X,0x0000000080000DA2] -> 0x199F
[873] [M]: 0x0000000080000DA0 (0x199F0F13) addi x30, x30, 0x199                     inst_76+12
x30 <- 0x0000019999999999

clint mtime 0x00000000000001B5 (mip.MTI <- 0b1, mip.STI <- 0b0)
mem[X,0x0000000080000DA4] -> 0x1F13
mem[X,0x0000000080000DA6] -> 0x00BF
[874] [M]: 0x0000000080000DA4 (0x00BF1F13) slli x30, x30, 0xb                       inst_76+16
x30 <- 0x000CCCCCCCCCC800

mem[X,0x0000000080000DA8] -> 0x0F13
mem[X,0x0000000080000DAA] -> 0x4CCF
[875] [M]: 0x0000000080000DA8 (0x4CCF0F13) addi x30, x30, 0x4cc                     inst_76+20
x30 <- 0x000CCCCCCCCCCCCC

clint mtime 0x00000000000001B6 (mip.MTI <- 0b1, mip.STI <- 0b0)
mem[X,0x0000000080000DAC] -> 0x1F13
mem[X,0x0000000080000DAE] -> 0x00AF
[876] [M]: 0x0000000080000DAC (0x00AF1F13) slli x30, x30, 0xa                       inst_76+24
x30 <- 0x3333333333333000

mem[X,0x0000000080000DB0] -> 0x0F13
mem[X,0x0000000080000DB2] -> 0x334F
[877] [M]: 0x0000000080000DB0 (0x334F0F13) addi x30, x30, 0x334                     inst_76+28
x30 <- 0x3333333333333334

clint mtime 0x00000000000001B7 (mip.MTI <- 0b1, mip.STI <- 0b0)
mem[X,0x0000000080000DB4] -> 0x6F93
mem[X,0x0000000080000DB6] -> 0x004F
[878] [M]: 0x0000000080000DB4 (0x004F6F93) ori x31, x30, 0x4                        inst_76+32
x31 <- 0x3333333333333334

mem[X,0x0000000080000DB8] -> 0xB823
mem[X,0x0000000080000DBA] -> 0x19F3
[879] [M]: 0x0000000080000DB8 (0x19F3B823) sd x31, 0x190(x7)                        inst_76+36
mem[W,0x0000000080006378] <- 0x3333333333333334

clint mtime 0x00000000000001B8 (mip.MTI <- 0b1, mip.STI <- 0b0)
mem[X,0x0000000080000DBC] -> 0x3F37
mem[X,0x0000000080000DBE] -> 0x3333
[880] [M]: 0x0000000080000DBC (0x33333F37) lui x30, 0x33333                         inst_77+0
x30 <- 0x0000000033333000

mem[X,0x0000000080000DC0] -> 0x0F13
mem[X,0x0000000080000DC2] -> 0x333F
[881] [M]: 0x0000000080000DC0 (0x333F0F13) addi x30, x30, 0x333                     inst_77+4
x30 <- 0x0000000033333333

clint mtime 0x00000000000001B9 (mip.MTI <- 0b1, mip.STI <- 0b0)
mem[X,0x0000000080000DC4] -> 0x1F13
mem[X,0x0000000080000DC6] -> 0x00BF
[882] [M]: 0x0000000080000DC4 (0x00BF1F13) slli x30, x30, 0xb                       inst_77+8
x30 <- 0x0000019999999800

mem[X,0x0000000080000DC8] -> 0x0F13
mem[X,0x0000000080000DCA] -> 0x199F
[883] [M]: 0x0000000080000DC8 (0x199F0F13) addi x30, x30, 0x199                     inst_77+12
x30 <- 0x0000019999999999

clint mtime 0x00000000000001BA (mip.MTI <- 0b1, mip.STI <- 0b0)
mem[X,0x0000000080000DCC] -> 0x1F13
mem[X,0x0000000080000DCE] -> 0x00BF
[884] [M]: 0x0000000080000DCC (0x00BF1F13) slli x30, x30, 0xb                       inst_77+16
x30 <- 0x000CCCCCCCCCC800

mem[X,0x0000000080000DD0] -> 0x0F13
mem[X,0x0000000080000DD2] -> 0x4CCF
[885] [M]: 0x0000000080000DD0 (0x4CCF0F13) addi x30, x30, 0x4cc                     inst_77+20
x30 <- 0x000CCCCCCCCCCCCC

clint mtime 0x00000000000001BB (mip.MTI <- 0b1, mip.STI <- 0b0)
mem[X,0x0000000080000DD4] -> 0x1F13
mem[X,0x0000000080000DD6] -> 0x00AF
[886] [M]: 0x0000000080000DD4 (0x00AF1F13) slli x30, x30, 0xa                       inst_77+24
x30 <- 0x3333333333333000

mem[X,0x0000000080000DD8] -> 0x0F13
mem[X,0x0000000080000DDA] -> 0x334F
[887] [M]: 0x0000000080000DD8 (0x334F0F13) addi x30, x30, 0x334                     inst_77+28
x30 <- 0x3333333333333334

clint mtime 0x00000000000001BC (mip.MTI <- 0b1, mip.STI <- 0b0)
mem[X,0x0000000080000DDC] -> 0x6F93
mem[X,0x0000000080000DDE] -> 0x000F
[888] [M]: 0x0000000080000DDC (0x000F6F93) ori x31, x30, 0x0                        inst_77+32
x31 <- 0x3333333333333334

mem[X,0x0000000080000DE0] -> 0xBC23
mem[X,0x0000000080000DE2] -> 0x19F3
[889] [M]: 0x0000000080000DE0 (0x19F3BC23) sd x31, 0x198(x7)                        inst_77+36
mem[W,0x0000000080006380] <- 0x3333333333333334

clint mtime 0x00000000000001BD (mip.MTI <- 0b1, mip.STI <- 0b0)
mem[X,0x0000000080000DE4] -> 0x3F37
mem[X,0x0000000080000DE6] -> 0x3333
[890] [M]: 0x0000000080000DE4 (0x33333F37) lui x30, 0x33333                         inst_78+0
x30 <- 0x0000000033333000

mem[X,0x0000000080000DE8] -> 0x0F13
mem[X,0x0000000080000DEA] -> 0x333F
[891] [M]: 0x0000000080000DE8 (0x333F0F13) addi x30, x30, 0x333                     inst_78+4
x30 <- 0x0000000033333333

clint mtime 0x00000000000001BE (mip.MTI <- 0b1, mip.STI <- 0b0)
mem[X,0x0000000080000DEC] -> 0x1F13
mem[X,0x0000000080000DEE] -> 0x00BF
[892] [M]: 0x0000000080000DEC (0x00BF1F13) slli x30, x30, 0xb                       inst_78+8
x30 <- 0x0000019999999800

mem[X,0x0000000080000DF0] -> 0x0F13
mem[X,0x0000000080000DF2] -> 0x199F
[893] [M]: 0x0000000080000DF0 (0x199F0F13) addi x30, x30, 0x199                     inst_78+12
x30 <- 0x0000019999999999

clint mtime 0x00000000000001BF (mip.MTI <- 0b1, mip.STI <- 0b0)
mem[X,0x0000000080000DF4] -> 0x1F13
mem[X,0x0000000080000DF6] -> 0x00BF
[894] [M]: 0x0000000080000DF4 (0x00BF1F13) slli x30, x30, 0xb                       inst_78+16
x30 <- 0x000CCCCCCCCCC800

mem[X,0x0000000080000DF8] -> 0x0F13
mem[X,0x0000000080000DFA] -> 0x4CCF
[895] [M]: 0x0000000080000DF8 (0x4CCF0F13) addi x30, x30, 0x4cc                     inst_78+20
x30 <- 0x000CCCCCCCCCCCCC

clint mtime 0x00000000000001C0 (mip.MTI <- 0b1, mip.STI <- 0b0)
mem[X,0x0000000080000DFC] -> 0x1F13
mem[X,0x0000000080000DFE] -> 0x00AF
[896] [M]: 0x0000000080000DFC (0x00AF1F13) slli x30, x30, 0xa                       inst_78+24
x30 <- 0x3333333333333000

mem[X,0x0000000080000E00] -> 0x0F13
mem[X,0x0000000080000E02] -> 0x334F
[897] [M]: 0x0000000080000E00 (0x334F0F13) addi x30, x30, 0x334                     inst_78+28
x30 <- 0x3333333333333334

clint mtime 0x00000000000001C1 (mip.MTI <- 0b1, mip.STI <- 0b0)
mem[X,0x0000000080000E04] -> 0x6F93
mem[X,0x0000000080000E06] -> 0x554F
[898] [M]: 0x0000000080000E04 (0x554F6F93) ori x31, x30, 0x554                      inst_78+32
x31 <- 0x3333333333333774

mem[X,0x0000000080000E08] -> 0xB023
mem[X,0x0000000080000E0A] -> 0x1BF3
[899] [M]: 0x0000000080000E08 (0x1BF3B023) sd x31, 0x1a0(x7)                        inst_78+36
mem[W,0x0000000080006388] <- 0x3333333333333774

clint mtime 0x00000000000001C2 (mip.MTI <- 0b1, mip.STI <- 0b0)
mem[X,0x0000000080000E0C] -> 0x3F37
mem[X,0x0000000080000E0E] -> 0x3333
[900] [M]: 0x0000000080000E0C (0x33333F37) lui x30, 0x33333                         inst_79+0
x30 <- 0x0000000033333000

mem[X,0x0000000080000E10] -> 0x0F13
mem[X,0x0000000080000E12] -> 0x333F
[901] [M]: 0x0000000080000E10 (0x333F0F13) addi x30, x30, 0x333                     inst_79+4
x30 <- 0x0000000033333333

clint mtime 0x00000000000001C3 (mip.MTI <- 0b1, mip.STI <- 0b0)
mem[X,0x0000000080000E14] -> 0x1F13
mem[X,0x0000000080000E16] -> 0x00BF
[902] [M]: 0x0000000080000E14 (0x00BF1F13) slli x30, x30, 0xb                       inst_79+8
x30 <- 0x0000019999999800

mem[X,0x0000000080000E18] -> 0x0F13
mem[X,0x0000000080000E1A] -> 0x199F
[903] [M]: 0x0000000080000E18 (0x199F0F13) addi x30, x30, 0x199                     inst_79+12
x30 <- 0x0000019999999999

clint mtime 0x00000000000001C4 (mip.MTI <- 0b1, mip.STI <- 0b0)
mem[X,0x0000000080000E1C] -> 0x1F13
mem[X,0x0000000080000E1E] -> 0x00BF
[904] [M]: 0x0000000080000E1C (0x00BF1F13) slli x30, x30, 0xb                       inst_79+16
x30 <- 0x000CCCCCCCCCC800

mem[X,0x0000000080000E20] -> 0x0F13
mem[X,0x0000000080000E22] -> 0x4CCF
[905] [M]: 0x0000000080000E20 (0x4CCF0F13) addi x30, x30, 0x4cc                     inst_79+20
x30 <- 0x000CCCCCCCCCCCCC

clint mtime 0x00000000000001C5 (mip.MTI <- 0b1, mip.STI <- 0b0)
mem[X,0x0000000080000E24] -> 0x1F13
mem[X,0x0000000080000E26] -> 0x00AF
[906] [M]: 0x0000000080000E24 (0x00AF1F13) slli x30, x30, 0xa                       inst_79+24
x30 <- 0x3333333333333000

mem[X,0x0000000080000E28] -> 0x0F13
mem[X,0x0000000080000E2A] -> 0x334F
[907] [M]: 0x0000000080000E28 (0x334F0F13) addi x30, x30, 0x334                     inst_79+28
x30 <- 0x3333333333333334

clint mtime 0x00000000000001C6 (mip.MTI <- 0b1, mip.STI <- 0b0)
mem[X,0x0000000080000E2C] -> 0x6F93
mem[X,0x0000000080000E2E] -> 0x002F
[908] [M]: 0x0000000080000E2C (0x002F6F93) ori x31, x30, 0x2                        inst_79+32
x31 <- 0x3333333333333336

mem[X,0x0000000080000E30] -> 0xB423
mem[X,0x0000000080000E32] -> 0x1BF3
[909] [M]: 0x0000000080000E30 (0x1BF3B423) sd x31, 0x1a8(x7)                        inst_79+36
mem[W,0x0000000080006390] <- 0x3333333333333336

clint mtime 0x00000000000001C7 (mip.MTI <- 0b1, mip.STI <- 0b0)
mem[X,0x0000000080000E34] -> 0x3F37
mem[X,0x0000000080000E36] -> 0x3333
[910] [M]: 0x0000000080000E34 (0x33333F37) lui x30, 0x33333                         inst_80+0
x30 <- 0x0000000033333000

mem[X,0x0000000080000E38] -> 0x0F13
mem[X,0x0000000080000E3A] -> 0x333F
[911] [M]: 0x0000000080000E38 (0x333F0F13) addi x30, x30, 0x333                     inst_80+4
x30 <- 0x0000000033333333

clint mtime 0x00000000000001C8 (mip.MTI <- 0b1, mip.STI <- 0b0)
mem[X,0x0000000080000E3C] -> 0x1F13
mem[X,0x0000000080000E3E] -> 0x00BF
[912] [M]: 0x0000000080000E3C (0x00BF1F13) slli x30, x30, 0xb                       inst_80+8
x30 <- 0x0000019999999800

mem[X,0x0000000080000E40] -> 0x0F13
mem[X,0x0000000080000E42] -> 0x199F
[913] [M]: 0x0000000080000E40 (0x199F0F13) addi x30, x30, 0x199                     inst_80+12
x30 <- 0x0000019999999999

clint mtime 0x00000000000001C9 (mip.MTI <- 0b1, mip.STI <- 0b0)
mem[X,0x0000000080000E44] -> 0x1F13
mem[X,0x0000000080000E46] -> 0x00BF
[914] [M]: 0x0000000080000E44 (0x00BF1F13) slli x30, x30, 0xb                       inst_80+16
x30 <- 0x000CCCCCCCCCC800

mem[X,0x0000000080000E48] -> 0x0F13
mem[X,0x0000000080000E4A] -> 0x4CCF
[915] [M]: 0x0000000080000E48 (0x4CCF0F13) addi x30, x30, 0x4cc                     inst_80+20
x30 <- 0x000CCCCCCCCCCCCC

clint mtime 0x00000000000001CA (mip.MTI <- 0b1, mip.STI <- 0b0)
mem[X,0x0000000080000E4C] -> 0x1F13
mem[X,0x0000000080000E4E] -> 0x00AF
[916] [M]: 0x0000000080000E4C (0x00AF1F13) slli x30, x30, 0xa                       inst_80+24
x30 <- 0x3333333333333000

mem[X,0x0000000080000E50] -> 0x0F13
mem[X,0x0000000080000E52] -> 0x334F
[917] [M]: 0x0000000080000E50 (0x334F0F13) addi x30, x30, 0x334                     inst_80+28
x30 <- 0x3333333333333334

clint mtime 0x00000000000001CB (mip.MTI <- 0b1, mip.STI <- 0b0)
mem[X,0x0000000080000E54] -> 0x6F93
mem[X,0x0000000080000E56] -> 0x02DF
[918] [M]: 0x0000000080000E54 (0x02DF6F93) ori x31, x30, 0x2d                       inst_80+32
x31 <- 0x333333333333333D

mem[X,0x0000000080000E58] -> 0xB823
mem[X,0x0000000080000E5A] -> 0x1BF3
[919] [M]: 0x0000000080000E58 (0x1BF3B823) sd x31, 0x1b0(x7)                        inst_80+36
mem[W,0x0000000080006398] <- 0x333333333333333D

clint mtime 0x00000000000001CC (mip.MTI <- 0b1, mip.STI <- 0b0)
mem[X,0x0000000080000E5C] -> 0x3F37
mem[X,0x0000000080000E5E] -> 0x3333
[920] [M]: 0x0000000080000E5C (0x33333F37) lui x30, 0x33333                         inst_81+0
x30 <- 0x0000000033333000

mem[X,0x0000000080000E60] -> 0x0F13
mem[X,0x0000000080000E62] -> 0x333F
[921] [M]: 0x0000000080000E60 (0x333F0F13) addi x30, x30, 0x333                     inst_81+4
x30 <- 0x0000000033333333

clint mtime 0x00000000000001CD (mip.MTI <- 0b1, mip.STI <- 0b0)
mem[X,0x0000000080000E64] -> 0x1F13
mem[X,0x0000000080000E66] -> 0x00BF
[922] [M]: 0x0000000080000E64 (0x00BF1F13) slli x30, x30, 0xb                       inst_81+8
x30 <- 0x0000019999999800

mem[X,0x0000000080000E68] -> 0x0F13
mem[X,0x0000000080000E6A] -> 0x199F
[923] [M]: 0x0000000080000E68 (0x199F0F13) addi x30, x30, 0x199                     inst_81+12
x30 <- 0x0000019999999999

clint mtime 0x00000000000001CE (mip.MTI <- 0b1, mip.STI <- 0b0)
mem[X,0x0000000080000E6C] -> 0x1F13
mem[X,0x0000000080000E6E] -> 0x00BF
[924] [M]: 0x0000000080000E6C (0x00BF1F13) slli x30, x30, 0xb                       inst_81+16
x30 <- 0x000CCCCCCCCCC800

mem[X,0x0000000080000E70] -> 0x0F13
mem[X,0x0000000080000E72] -> 0x4CCF
[925] [M]: 0x0000000080000E70 (0x4CCF0F13) addi x30, x30, 0x4cc                     inst_81+20
x30 <- 0x000CCCCCCCCCCCCC

clint mtime 0x00000000000001CF (mip.MTI <- 0b1, mip.STI <- 0b0)
mem[X,0x0000000080000E74] -> 0x1F13
mem[X,0x0000000080000E76] -> 0x00AF
[926] [M]: 0x0000000080000E74 (0x00AF1F13) slli x30, x30, 0xa                       inst_81+24
x30 <- 0x3333333333333000

mem[X,0x0000000080000E78] -> 0x0F13
mem[X,0x0000000080000E7A] -> 0x334F
[927] [M]: 0x0000000080000E78 (0x334F0F13) addi x30, x30, 0x334                     inst_81+28
x30 <- 0x3333333333333334

clint mtime 0x00000000000001D0 (mip.MTI <- 0b1, mip.STI <- 0b0)
mem[X,0x0000000080000E7C] -> 0x6F93
mem[X,0x0000000080000E7E] -> 0xFD3F
[928] [M]: 0x0000000080000E7C (0xFD3F6F93) ori x31, x30, -0x2d                      inst_81+32
x31 <- 0xFFFFFFFFFFFFFFF7

mem[X,0x0000000080000E80] -> 0xBC23
mem[X,0x0000000080000E82] -> 0x1BF3
[929] [M]: 0x0000000080000E80 (0x1BF3BC23) sd x31, 0x1b8(x7)                        inst_81+36
mem[W,0x00000000800063A0] <- 0xFFFFFFFFFFFFFFF7

clint mtime 0x00000000000001D1 (mip.MTI <- 0b1, mip.STI <- 0b0)
mem[X,0x0000000080000E84] -> 0x3F37
mem[X,0x0000000080000E86] -> 0x3333
[930] [M]: 0x0000000080000E84 (0x33333F37) lui x30, 0x33333                         inst_82+0
x30 <- 0x0000000033333000

mem[X,0x0000000080000E88] -> 0x0F13
mem[X,0x0000000080000E8A] -> 0x333F
[931] [M]: 0x0000000080000E88 (0x333F0F13) addi x30, x30, 0x333                     inst_82+4
x30 <- 0x0000000033333333

clint mtime 0x00000000000001D2 (mip.MTI <- 0b1, mip.STI <- 0b0)
mem[X,0x0000000080000E8C] -> 0x1F13
mem[X,0x0000000080000E8E] -> 0x00BF
[932] [M]: 0x0000000080000E8C (0x00BF1F13) slli x30, x30, 0xb                       inst_82+8
x30 <- 0x0000019999999800

mem[X,0x0000000080000E90] -> 0x0F13
mem[X,0x0000000080000E92] -> 0x199F
[933] [M]: 0x0000000080000E90 (0x199F0F13) addi x30, x30, 0x199                     inst_82+12
x30 <- 0x0000019999999999

clint mtime 0x00000000000001D3 (mip.MTI <- 0b1, mip.STI <- 0b0)
mem[X,0x0000000080000E94] -> 0x1F13
mem[X,0x0000000080000E96] -> 0x00BF
[934] [M]: 0x0000000080000E94 (0x00BF1F13) slli x30, x30, 0xb                       inst_82+16
x30 <- 0x000CCCCCCCCCC800

mem[X,0x0000000080000E98] -> 0x0F13
mem[X,0x0000000080000E9A] -> 0x4CCF
[935] [M]: 0x0000000080000E98 (0x4CCF0F13) addi x30, x30, 0x4cc                     inst_82+20
x30 <- 0x000CCCCCCCCCCCCC

clint mtime 0x00000000000001D4 (mip.MTI <- 0b1, mip.STI <- 0b0)
mem[X,0x0000000080000E9C] -> 0x1F13
mem[X,0x0000000080000E9E] -> 0x00AF
[936] [M]: 0x0000000080000E9C (0x00AF1F13) slli x30, x30, 0xa                       inst_82+24
x30 <- 0x3333333333333000

mem[X,0x0000000080000EA0] -> 0x0F13
mem[X,0x0000000080000EA2] -> 0x334F
[937] [M]: 0x0000000080000EA0 (0x334F0F13) addi x30, x30, 0x334                     inst_82+28
x30 <- 0x3333333333333334

clint mtime 0x00000000000001D5 (mip.MTI <- 0b1, mip.STI <- 0b0)
mem[X,0x0000000080000EA4] -> 0x6F93
mem[X,0x0000000080000EA6] -> 0x666F
[938] [M]: 0x0000000080000EA4 (0x666F6F93) ori x31, x30, 0x666                      inst_82+32
x31 <- 0x3333333333333776

mem[X,0x0000000080000EA8] -> 0xB023
mem[X,0x0000000080000EAA] -> 0x1DF3
[939] [M]: 0x0000000080000EA8 (0x1DF3B023) sd x31, 0x1c0(x7)                        inst_82+36
mem[W,0x00000000800063A8] <- 0x3333333333333776

clint mtime 0x00000000000001D6 (mip.MTI <- 0b1, mip.STI <- 0b0)
mem[X,0x0000000080000EAC] -> 0x3F37
mem[X,0x0000000080000EAE] -> 0x3333
[940] [M]: 0x0000000080000EAC (0x33333F37) lui x30, 0x33333                         inst_83+0
x30 <- 0x0000000033333000

mem[X,0x0000000080000EB0] -> 0x0F13
mem[X,0x0000000080000EB2] -> 0x333F
[941] [M]: 0x0000000080000EB0 (0x333F0F13) addi x30, x30, 0x333                     inst_83+4
x30 <- 0x0000000033333333

clint mtime 0x00000000000001D7 (mip.MTI <- 0b1, mip.STI <- 0b0)
mem[X,0x0000000080000EB4] -> 0x1F13
mem[X,0x0000000080000EB6] -> 0x00BF
[942] [M]: 0x0000000080000EB4 (0x00BF1F13) slli x30, x30, 0xb                       inst_83+8
x30 <- 0x0000019999999800

mem[X,0x0000000080000EB8] -> 0x0F13
mem[X,0x0000000080000EBA] -> 0x199F
[943] [M]: 0x0000000080000EB8 (0x199F0F13) addi x30, x30, 0x199                     inst_83+12
x30 <- 0x0000019999999999

clint mtime 0x00000000000001D8 (mip.MTI <- 0b1, mip.STI <- 0b0)
mem[X,0x0000000080000EBC] -> 0x1F13
mem[X,0x0000000080000EBE] -> 0x00BF
[944] [M]: 0x0000000080000EBC (0x00BF1F13) slli x30, x30, 0xb                       inst_83+16
x30 <- 0x000CCCCCCCCCC800

mem[X,0x0000000080000EC0] -> 0x0F13
mem[X,0x0000000080000EC2] -> 0x4CCF
[945] [M]: 0x0000000080000EC0 (0x4CCF0F13) addi x30, x30, 0x4cc                     inst_83+20
x30 <- 0x000CCCCCCCCCCCCC

clint mtime 0x00000000000001D9 (mip.MTI <- 0b1, mip.STI <- 0b0)
mem[X,0x0000000080000EC4] -> 0x1F13
mem[X,0x0000000080000EC6] -> 0x00AF
[946] [M]: 0x0000000080000EC4 (0x00AF1F13) slli x30, x30, 0xa                       inst_83+24
x30 <- 0x3333333333333000

mem[X,0x0000000080000EC8] -> 0x0F13
mem[X,0x0000000080000ECA] -> 0x334F
[947] [M]: 0x0000000080000EC8 (0x334F0F13) addi x30, x30, 0x334                     inst_83+28
x30 <- 0x3333333333333334

clint mtime 0x00000000000001DA (mip.MTI <- 0b1, mip.STI <- 0b0)
mem[X,0x0000000080000ECC] -> 0x6F93
mem[X,0x0000000080000ECE] -> 0x333F
[948] [M]: 0x0000000080000ECC (0x333F6F93) ori x31, x30, 0x333                      inst_83+32
x31 <- 0x3333333333333337

mem[X,0x0000000080000ED0] -> 0xB423
mem[X,0x0000000080000ED2] -> 0x1DF3
[949] [M]: 0x0000000080000ED0 (0x1DF3B423) sd x31, 0x1c8(x7)                        inst_83+36
mem[W,0x00000000800063B0] <- 0x3333333333333337

clint mtime 0x00000000000001DB (mip.MTI <- 0b1, mip.STI <- 0b0)
mem[X,0x0000000080000ED4] -> 0x3F37
mem[X,0x0000000080000ED6] -> 0x3333
[950] [M]: 0x0000000080000ED4 (0x33333F37) lui x30, 0x33333                         inst_84+0
x30 <- 0x0000000033333000

mem[X,0x0000000080000ED8] -> 0x0F13
mem[X,0x0000000080000EDA] -> 0x333F
[951] [M]: 0x0000000080000ED8 (0x333F0F13) addi x30, x30, 0x333                     inst_84+4
x30 <- 0x0000000033333333

clint mtime 0x00000000000001DC (mip.MTI <- 0b1, mip.STI <- 0b0)
mem[X,0x0000000080000EDC] -> 0x1F13
mem[X,0x0000000080000EDE] -> 0x00BF
[952] [M]: 0x0000000080000EDC (0x00BF1F13) slli x30, x30, 0xb                       inst_84+8
x30 <- 0x0000019999999800

mem[X,0x0000000080000EE0] -> 0x0F13
mem[X,0x0000000080000EE2] -> 0x199F
[953] [M]: 0x0000000080000EE0 (0x199F0F13) addi x30, x30, 0x199                     inst_84+12
x30 <- 0x0000019999999999

clint mtime 0x00000000000001DD (mip.MTI <- 0b1, mip.STI <- 0b0)
mem[X,0x0000000080000EE4] -> 0x1F13
mem[X,0x0000000080000EE6] -> 0x00BF
[954] [M]: 0x0000000080000EE4 (0x00BF1F13) slli x30, x30, 0xb                       inst_84+16
x30 <- 0x000CCCCCCCCCC800

mem[X,0x0000000080000EE8] -> 0x0F13
mem[X,0x0000000080000EEA] -> 0x4CCF
[955] [M]: 0x0000000080000EE8 (0x4CCF0F13) addi x30, x30, 0x4cc                     inst_84+20
x30 <- 0x000CCCCCCCCCCCCC

clint mtime 0x00000000000001DE (mip.MTI <- 0b1, mip.STI <- 0b0)
mem[X,0x0000000080000EEC] -> 0x1F13
mem[X,0x0000000080000EEE] -> 0x00AF
[956] [M]: 0x0000000080000EEC (0x00AF1F13) slli x30, x30, 0xa                       inst_84+24
x30 <- 0x3333333333333000

mem[X,0x0000000080000EF0] -> 0x0F13
mem[X,0x0000000080000EF2] -> 0x334F
[957] [M]: 0x0000000080000EF0 (0x334F0F13) addi x30, x30, 0x334                     inst_84+28
x30 <- 0x3333333333333334

clint mtime 0x00000000000001DF (mip.MTI <- 0b1, mip.STI <- 0b0)
mem[X,0x0000000080000EF4] -> 0x6F93
mem[X,0x0000000080000EF6] -> 0x005F
[958] [M]: 0x0000000080000EF4 (0x005F6F93) ori x31, x30, 0x5                        inst_84+32
x31 <- 0x3333333333333335

mem[X,0x0000000080000EF8] -> 0xB823
mem[X,0x0000000080000EFA] -> 0x1DF3
[959] [M]: 0x0000000080000EF8 (0x1DF3B823) sd x31, 0x1d0(x7)                        inst_84+36
mem[W,0x00000000800063B8] <- 0x3333333333333335

clint mtime 0x00000000000001E0 (mip.MTI <- 0b1, mip.STI <- 0b0)
mem[X,0x0000000080000EFC] -> 0x3F37
mem[X,0x0000000080000EFE] -> 0x3333
[960] [M]: 0x0000000080000EFC (0x33333F37) lui x30, 0x33333                         inst_85+0
x30 <- 0x0000000033333000

mem[X,0x0000000080000F00] -> 0x0F13
mem[X,0x0000000080000F02] -> 0x333F
[961] [M]: 0x0000000080000F00 (0x333F0F13) addi x30, x30, 0x333                     inst_85+4
x30 <- 0x0000000033333333

clint mtime 0x00000000000001E1 (mip.MTI <- 0b1, mip.STI <- 0b0)
mem[X,0x0000000080000F04] -> 0x1F13
mem[X,0x0000000080000F06] -> 0x00BF
[962] [M]: 0x0000000080000F04 (0x00BF1F13) slli x30, x30, 0xb                       inst_85+8
x30 <- 0x0000019999999800

mem[X,0x0000000080000F08] -> 0x0F13
mem[X,0x0000000080000F0A] -> 0x199F
[963] [M]: 0x0000000080000F08 (0x199F0F13) addi x30, x30, 0x199                     inst_85+12
x30 <- 0x0000019999999999

clint mtime 0x00000000000001E2 (mip.MTI <- 0b1, mip.STI <- 0b0)
mem[X,0x0000000080000F0C] -> 0x1F13
mem[X,0x0000000080000F0E] -> 0x00BF
[964] [M]: 0x0000000080000F0C (0x00BF1F13) slli x30, x30, 0xb                       inst_85+16
x30 <- 0x000CCCCCCCCCC800

mem[X,0x0000000080000F10] -> 0x0F13
mem[X,0x0000000080000F12] -> 0x4CCF
[965] [M]: 0x0000000080000F10 (0x4CCF0F13) addi x30, x30, 0x4cc                     inst_85+20
x30 <- 0x000CCCCCCCCCCCCC

clint mtime 0x00000000000001E3 (mip.MTI <- 0b1, mip.STI <- 0b0)
mem[X,0x0000000080000F14] -> 0x1F13
mem[X,0x0000000080000F16] -> 0x00AF
[966] [M]: 0x0000000080000F14 (0x00AF1F13) slli x30, x30, 0xa                       inst_85+24
x30 <- 0x3333333333333000

mem[X,0x0000000080000F18] -> 0x0F13
mem[X,0x0000000080000F1A] -> 0x334F
[967] [M]: 0x0000000080000F18 (0x334F0F13) addi x30, x30, 0x334                     inst_85+28
x30 <- 0x3333333333333334

clint mtime 0x00000000000001E4 (mip.MTI <- 0b1, mip.STI <- 0b0)
mem[X,0x0000000080000F1C] -> 0x6F93
mem[X,0x0000000080000F1E] -> 0xAAAF
[968] [M]: 0x0000000080000F1C (0xAAAF6F93) ori x31, x30, -0x556                     inst_85+32
x31 <- 0xFFFFFFFFFFFFFBBE

mem[X,0x0000000080000F20] -> 0xBC23
mem[X,0x0000000080000F22] -> 0x1DF3
[969] [M]: 0x0000000080000F20 (0x1DF3BC23) sd x31, 0x1d8(x7)                        inst_85+36
mem[W,0x00000000800063C0] <- 0xFFFFFFFFFFFFFBBE

clint mtime 0x00000000000001E5 (mip.MTI <- 0b1, mip.STI <- 0b0)
mem[X,0x0000000080000F24] -> 0x3F37
mem[X,0x0000000080000F26] -> 0x3333
[970] [M]: 0x0000000080000F24 (0x33333F37) lui x30, 0x33333                         inst_86+0
x30 <- 0x0000000033333000

mem[X,0x0000000080000F28] -> 0x0F13
mem[X,0x0000000080000F2A] -> 0x333F
[971] [M]: 0x0000000080000F28 (0x333F0F13) addi x30, x30, 0x333                     inst_86+4
x30 <- 0x0000000033333333

clint mtime 0x00000000000001E6 (mip.MTI <- 0b1, mip.STI <- 0b0)
mem[X,0x0000000080000F2C] -> 0x1F13
mem[X,0x0000000080000F2E] -> 0x00BF
[972] [M]: 0x0000000080000F2C (0x00BF1F13) slli x30, x30, 0xb                       inst_86+8
x30 <- 0x0000019999999800

mem[X,0x0000000080000F30] -> 0x0F13
mem[X,0x0000000080000F32] -> 0x199F
[973] [M]: 0x0000000080000F30 (0x199F0F13) addi x30, x30, 0x199                     inst_86+12
x30 <- 0x0000019999999999

clint mtime 0x00000000000001E7 (mip.MTI <- 0b1, mip.STI <- 0b0)
mem[X,0x0000000080000F34] -> 0x1F13
mem[X,0x0000000080000F36] -> 0x00BF
[974] [M]: 0x0000000080000F34 (0x00BF1F13) slli x30, x30, 0xb                       inst_86+16
x30 <- 0x000CCCCCCCCCC800

mem[X,0x0000000080000F38] -> 0x0F13
mem[X,0x0000000080000F3A] -> 0x4CCF
[975] [M]: 0x0000000080000F38 (0x4CCF0F13) addi x30, x30, 0x4cc                     inst_86+20
x30 <- 0x000CCCCCCCCCCCCC

clint mtime 0x00000000000001E8 (mip.MTI <- 0b1, mip.STI <- 0b0)
mem[X,0x0000000080000F3C] -> 0x1F13
mem[X,0x0000000080000F3E] -> 0x00AF
[976] [M]: 0x0000000080000F3C (0x00AF1F13) slli x30, x30, 0xa                       inst_86+24
x30 <- 0x3333333333333000

mem[X,0x0000000080000F40] -> 0x0F13
mem[X,0x0000000080000F42] -> 0x334F
[977] [M]: 0x0000000080000F40 (0x334F0F13) addi x30, x30, 0x334                     inst_86+28
x30 <- 0x3333333333333334

clint mtime 0x00000000000001E9 (mip.MTI <- 0b1, mip.STI <- 0b0)
mem[X,0x0000000080000F44] -> 0x6F93
mem[X,0x0000000080000F46] -> 0x555F
[978] [M]: 0x0000000080000F44 (0x555F6F93) ori x31, x30, 0x555                      inst_86+32
x31 <- 0x3333333333333775

mem[X,0x0000000080000F48] -> 0xB023
mem[X,0x0000000080000F4A] -> 0x1FF3
[979] [M]: 0x0000000080000F48 (0x1FF3B023) sd x31, 0x1e0(x7)                        inst_86+36
mem[W,0x00000000800063C8] <- 0x3333333333333775

clint mtime 0x00000000000001EA (mip.MTI <- 0b1, mip.STI <- 0b0)
mem[X,0x0000000080000F4C] -> 0x3F37
mem[X,0x0000000080000F4E] -> 0x3333
[980] [M]: 0x0000000080000F4C (0x33333F37) lui x30, 0x33333                         inst_87+0
x30 <- 0x0000000033333000

mem[X,0x0000000080000F50] -> 0x0F13
mem[X,0x0000000080000F52] -> 0x333F
[981] [M]: 0x0000000080000F50 (0x333F0F13) addi x30, x30, 0x333                     inst_87+4
x30 <- 0x0000000033333333

clint mtime 0x00000000000001EB (mip.MTI <- 0b1, mip.STI <- 0b0)
mem[X,0x0000000080000F54] -> 0x1F13
mem[X,0x0000000080000F56] -> 0x00BF
[982] [M]: 0x0000000080000F54 (0x00BF1F13) slli x30, x30, 0xb                       inst_87+8
x30 <- 0x0000019999999800

mem[X,0x0000000080000F58] -> 0x0F13
mem[X,0x0000000080000F5A] -> 0x199F
[983] [M]: 0x0000000080000F58 (0x199F0F13) addi x30, x30, 0x199                     inst_87+12
x30 <- 0x0000019999999999

clint mtime 0x00000000000001EC (mip.MTI <- 0b1, mip.STI <- 0b0)
mem[X,0x0000000080000F5C] -> 0x1F13
mem[X,0x0000000080000F5E] -> 0x00BF
[984] [M]: 0x0000000080000F5C (0x00BF1F13) slli x30, x30, 0xb                       inst_87+16
x30 <- 0x000CCCCCCCCCC800

mem[X,0x0000000080000F60] -> 0x0F13
mem[X,0x0000000080000F62] -> 0x4CCF
[985] [M]: 0x0000000080000F60 (0x4CCF0F13) addi x30, x30, 0x4cc                     inst_87+20
x30 <- 0x000CCCCCCCCCCCCC

clint mtime 0x00000000000001ED (mip.MTI <- 0b1, mip.STI <- 0b0)
mem[X,0x0000000080000F64] -> 0x1F13
mem[X,0x0000000080000F66] -> 0x00AF
[986] [M]: 0x0000000080000F64 (0x00AF1F13) slli x30, x30, 0xa                       inst_87+24
x30 <- 0x3333333333333000

mem[X,0x0000000080000F68] -> 0x0F13
mem[X,0x0000000080000F6A] -> 0x334F
[987] [M]: 0x0000000080000F68 (0x334F0F13) addi x30, x30, 0x334                     inst_87+28
x30 <- 0x3333333333333334

clint mtime 0x00000000000001EE (mip.MTI <- 0b1, mip.STI <- 0b0)
mem[X,0x0000000080000F6C] -> 0x6F93
mem[X,0x0000000080000F6E] -> 0x003F
[988] [M]: 0x0000000080000F6C (0x003F6F93) ori x31, x30, 0x3                        inst_87+32
x31 <- 0x3333333333333337

mem[X,0x0000000080000F70] -> 0xB423
mem[X,0x0000000080000F72] -> 0x1FF3
[989] [M]: 0x0000000080000F70 (0x1FF3B423) sd x31, 0x1e8(x7)                        inst_87+36
mem[W,0x00000000800063D0] <- 0x3333333333333337

clint mtime 0x00000000000001EF (mip.MTI <- 0b1, mip.STI <- 0b0)
mem[X,0x0000000080000F74] -> 0x0F13
mem[X,0x0000000080000F76] -> 0x0060
[990] [M]: 0x0000000080000F74 (0x00600F13) addi x30, x0, 0x6                        inst_88+0
x30 <- 0x0000000000000006

mem[X,0x0000000080000F78] -> 0x6F93
mem[X,0x0000000080000F7A] -> 0x02EF
[991] [M]: 0x0000000080000F78 (0x02EF6F93) ori x31, x30, 0x2e                       inst_88+4
x31 <- 0x000000000000002E

clint mtime 0x00000000000001F0 (mip.MTI <- 0b1, mip.STI <- 0b0)
mem[X,0x0000000080000F7C] -> 0xB823
mem[X,0x0000000080000F7E] -> 0x1FF3
[992] [M]: 0x0000000080000F7C (0x1FF3B823) sd x31, 0x1f0(x7)                        inst_88+8
mem[W,0x00000000800063D8] <- 0x000000000000002E

mem[X,0x0000000080000F80] -> 0x0F13
mem[X,0x0000000080000F82] -> 0x0060
[993] [M]: 0x0000000080000F80 (0x00600F13) addi x30, x0, 0x6                        inst_89+0
x30 <- 0x0000000000000006

clint mtime 0x00000000000001F1 (mip.MTI <- 0b1, mip.STI <- 0b0)
mem[X,0x0000000080000F84] -> 0x6F93
mem[X,0x0000000080000F86] -> 0xFD4F
[994] [M]: 0x0000000080000F84 (0xFD4F6F93) ori x31, x30, -0x2c                      inst_89+4
x31 <- 0xFFFFFFFFFFFFFFD6

mem[X,0x0000000080000F88] -> 0xBC23
mem[X,0x0000000080000F8A] -> 0x1FF3
[995] [M]: 0x0000000080000F88 (0x1FF3BC23) sd x31, 0x1f8(x7)                        inst_89+8
mem[W,0x00000000800063E0] <- 0xFFFFFFFFFFFFFFD6

clint mtime 0x00000000000001F2 (mip.MTI <- 0b1, mip.STI <- 0b0)
mem[X,0x0000000080000F8C] -> 0x0F13
mem[X,0x0000000080000F8E] -> 0x0060
[996] [M]: 0x0000000080000F8C (0x00600F13) addi x30, x0, 0x6                        inst_90+0
x30 <- 0x0000000000000006

mem[X,0x0000000080000F90] -> 0x6F93
mem[X,0x0000000080000F92] -> 0x667F
[997] [M]: 0x0000000080000F90 (0x667F6F93) ori x31, x30, 0x667                      inst_90+4
x31 <- 0x0000000000000667

clint mtime 0x00000000000001F3 (mip.MTI <- 0b1, mip.STI <- 0b0)
mem[X,0x0000000080000F94] -> 0xB023
mem[X,0x0000000080000F96] -> 0x21F3
[998] [M]: 0x0000000080000F94 (0x21F3B023) sd x31, 0x200(x7)                        inst_90+8
mem[W,0x00000000800063E8] <- 0x0000000000000667

mem[X,0x0000000080000F98] -> 0x0F13
mem[X,0x0000000080000F9A] -> 0x0060
[999] [M]: 0x0000000080000F98 (0x00600F13) addi x30, x0, 0x6                        inst_91+0
x30 <- 0x0000000000000006

clint mtime 0x00000000000001F4 (mip.MTI <- 0b1, mip.STI <- 0b0)
mem[X,0x0000000080000F9C] -> 0x6F93
mem[X,0x0000000080000F9E] -> 0x334F
[1000] [M]: 0x0000000080000F9C (0x334F6F93) ori x31, x30, 0x334                     inst_91+4
x31 <- 0x0000000000000336

mem[X,0x0000000080000FA0] -> 0xB423
mem[X,0x0000000080000FA2] -> 0x21F3
[1001] [M]: 0x0000000080000FA0 (0x21F3B423) sd x31, 0x208(x7)                       inst_91+8
mem[W,0x00000000800063F0] <- 0x0000000000000336

clint mtime 0x00000000000001F5 (mip.MTI <- 0b1, mip.STI <- 0b0)
mem[X,0x0000000080000FA4] -> 0x0F13
mem[X,0x0000000080000FA6] -> 0x0060
[1002] [M]: 0x0000000080000FA4 (0x00600F13) addi x30, x0, 0x6                       inst_92+0
x30 <- 0x0000000000000006

mem[X,0x0000000080000FA8] -> 0x6F93
mem[X,0x0000000080000FAA] -> 0x006F
[1003] [M]: 0x0000000080000FA8 (0x006F6F93) ori x31, x30, 0x6                       inst_92+4
x31 <- 0x0000000000000006

clint mtime 0x00000000000001F6 (mip.MTI <- 0b1, mip.STI <- 0b0)
mem[X,0x0000000080000FAC] -> 0xB823
mem[X,0x0000000080000FAE] -> 0x21F3
[1004] [M]: 0x0000000080000FAC (0x21F3B823) sd x31, 0x210(x7)                       inst_92+8
mem[W,0x00000000800063F8] <- 0x0000000000000006

mem[X,0x0000000080000FB0] -> 0x0F13
mem[X,0x0000000080000FB2] -> 0x0060
[1005] [M]: 0x0000000080000FB0 (0x00600F13) addi x30, x0, 0x6                       inst_93+0
x30 <- 0x0000000000000006

clint mtime 0x00000000000001F7 (mip.MTI <- 0b1, mip.STI <- 0b0)
mem[X,0x0000000080000FB4] -> 0x6F93
mem[X,0x0000000080000FB6] -> 0xAABF
[1006] [M]: 0x0000000080000FB4 (0xAABF6F93) ori x31, x30, -0x555                    inst_93+4
x31 <- 0xFFFFFFFFFFFFFAAF

mem[X,0x0000000080000FB8] -> 0xBC23
mem[X,0x0000000080000FBA] -> 0x21F3
[1007] [M]: 0x0000000080000FB8 (0x21F3BC23) sd x31, 0x218(x7)                       inst_93+8
mem[W,0x0000000080006400] <- 0xFFFFFFFFFFFFFAAF

clint mtime 0x00000000000001F8 (mip.MTI <- 0b1, mip.STI <- 0b0)
mem[X,0x0000000080000FBC] -> 0x0F13
mem[X,0x0000000080000FBE] -> 0x0060
[1008] [M]: 0x0000000080000FBC (0x00600F13) addi x30, x0, 0x6                       inst_94+0
x30 <- 0x0000000000000006

mem[X,0x0000000080000FC0] -> 0x6F93
mem[X,0x0000000080000FC2] -> 0x556F
[1009] [M]: 0x0000000080000FC0 (0x556F6F93) ori x31, x30, 0x556                     inst_94+4
x31 <- 0x0000000000000556

clint mtime 0x00000000000001F9 (mip.MTI <- 0b1, mip.STI <- 0b0)
mem[X,0x0000000080000FC4] -> 0xB023
mem[X,0x0000000080000FC6] -> 0x23F3
[1010] [M]: 0x0000000080000FC4 (0x23F3B023) sd x31, 0x220(x7)                       inst_94+8
mem[W,0x0000000080006408] <- 0x0000000000000556

mem[X,0x0000000080000FC8] -> 0x0F13
mem[X,0x0000000080000FCA] -> 0x0060
[1011] [M]: 0x0000000080000FC8 (0x00600F13) addi x30, x0, 0x6                       inst_95+0
x30 <- 0x0000000000000006

clint mtime 0x00000000000001FA (mip.MTI <- 0b1, mip.STI <- 0b0)
mem[X,0x0000000080000FCC] -> 0x6F93
mem[X,0x0000000080000FCE] -> 0x02CF
[1012] [M]: 0x0000000080000FCC (0x02CF6F93) ori x31, x30, 0x2c                      inst_95+4
x31 <- 0x000000000000002E

mem[X,0x0000000080000FD0] -> 0xB423
mem[X,0x0000000080000FD2] -> 0x23F3
[1013] [M]: 0x0000000080000FD0 (0x23F3B423) sd x31, 0x228(x7)                       inst_95+8
mem[W,0x0000000080006410] <- 0x000000000000002E

clint mtime 0x00000000000001FB (mip.MTI <- 0b1, mip.STI <- 0b0)
mem[X,0x0000000080000FD4] -> 0x0F13
mem[X,0x0000000080000FD6] -> 0x0060
[1014] [M]: 0x0000000080000FD4 (0x00600F13) addi x30, x0, 0x6                       inst_96+0
x30 <- 0x0000000000000006

mem[X,0x0000000080000FD8] -> 0x6F93
mem[X,0x0000000080000FDA] -> 0x665F
[1015] [M]: 0x0000000080000FD8 (0x665F6F93) ori x31, x30, 0x665                     inst_96+4
x31 <- 0x0000000000000667

clint mtime 0x00000000000001FC (mip.MTI <- 0b1, mip.STI <- 0b0)
mem[X,0x0000000080000FDC] -> 0xB823
mem[X,0x0000000080000FDE] -> 0x23F3
[1016] [M]: 0x0000000080000FDC (0x23F3B823) sd x31, 0x230(x7)                       inst_96+8
mem[W,0x0000000080006418] <- 0x0000000000000667

mem[X,0x0000000080000FE0] -> 0x0F13
mem[X,0x0000000080000FE2] -> 0x0060
[1017] [M]: 0x0000000080000FE0 (0x00600F13) addi x30, x0, 0x6                       inst_97+0
x30 <- 0x0000000000000006

clint mtime 0x00000000000001FD (mip.MTI <- 0b1, mip.STI <- 0b0)
mem[X,0x0000000080000FE4] -> 0x6F93
mem[X,0x0000000080000FE6] -> 0x332F
[1018] [M]: 0x0000000080000FE4 (0x332F6F93) ori x31, x30, 0x332                     inst_97+4
x31 <- 0x0000000000000336

mem[X,0x0000000080000FE8] -> 0xBC23
mem[X,0x0000000080000FEA] -> 0x23F3
[1019] [M]: 0x0000000080000FE8 (0x23F3BC23) sd x31, 0x238(x7)                       inst_97+8
mem[W,0x0000000080006420] <- 0x0000000000000336

clint mtime 0x00000000000001FE (mip.MTI <- 0b1, mip.STI <- 0b0)
mem[X,0x0000000080000FEC] -> 0x0F13
mem[X,0x0000000080000FEE] -> 0x0060
[1020] [M]: 0x0000000080000FEC (0x00600F13) addi x30, x0, 0x6                       inst_98+0
x30 <- 0x0000000000000006

mem[X,0x0000000080000FF0] -> 0x6F93
mem[X,0x0000000080000FF2] -> 0x004F
[1021] [M]: 0x0000000080000FF0 (0x004F6F93) ori x31, x30, 0x4                       inst_98+4
x31 <- 0x0000000000000006

clint mtime 0x00000000000001FF (mip.MTI <- 0b1, mip.STI <- 0b0)
mem[X,0x0000000080000FF4] -> 0xB023
mem[X,0x0000000080000FF6] -> 0x25F3
[1022] [M]: 0x0000000080000FF4 (0x25F3B023) sd x31, 0x240(x7)                       inst_98+8
mem[W,0x0000000080006428] <- 0x0000000000000006

mem[X,0x0000000080000FF8] -> 0x0F13
mem[X,0x0000000080000FFA] -> 0x0060
[1023] [M]: 0x0000000080000FF8 (0x00600F13) addi x30, x0, 0x6                       inst_99+0
x30 <- 0x0000000000000006

clint mtime 0x0000000000000200 (mip.MTI <- 0b1, mip.STI <- 0b0)
mem[X,0x0000000080000FFC] -> 0x6F93
mem[X,0x0000000080000FFE] -> 0x000F
[1024] [M]: 0x0000000080000FFC (0x000F6F93) ori x31, x30, 0x0                       inst_99+4
x31 <- 0x0000000000000006

mem[X,0x0000000080001000] -> 0xB423
mem[X,0x0000000080001002] -> 0x25F3
[1025] [M]: 0x0000000080001000 (0x25F3B423) sd x31, 0x248(x7)                       inst_99+8
mem[W,0x0000000080006430] <- 0x0000000000000006

clint mtime 0x0000000000000201 (mip.MTI <- 0b1, mip.STI <- 0b0)
mem[X,0x0000000080001004] -> 0x0F13
mem[X,0x0000000080001006] -> 0x0060
[1026] [M]: 0x0000000080001004 (0x00600F13) addi x30, x0, 0x6                       inst_100+0
x30 <- 0x0000000000000006

mem[X,0x0000000080001008] -> 0x6F93
mem[X,0x000000008000100A] -> 0x554F
[1027] [M]: 0x0000000080001008 (0x554F6F93) ori x31, x30, 0x554                     inst_100+4
x31 <- 0x0000000000000556

clint mtime 0x0000000000000202 (mip.MTI <- 0b1, mip.STI <- 0b0)
mem[X,0x000000008000100C] -> 0xB823
mem[X,0x000000008000100E] -> 0x25F3
[1028] [M]: 0x000000008000100C (0x25F3B823) sd x31, 0x250(x7)                       inst_100+8
mem[W,0x0000000080006438] <- 0x0000000000000556

mem[X,0x0000000080001010] -> 0x0F13
mem[X,0x0000000080001012] -> 0x0060
[1029] [M]: 0x0000000080001010 (0x00600F13) addi x30, x0, 0x6                       inst_101+0
x30 <- 0x0000000000000006

clint mtime 0x0000000000000203 (mip.MTI <- 0b1, mip.STI <- 0b0)
mem[X,0x0000000080001014] -> 0x6F93
mem[X,0x0000000080001016] -> 0x002F
[1030] [M]: 0x0000000080001014 (0x002F6F93) ori x31, x30, 0x2                       inst_101+4
x31 <- 0x0000000000000006

mem[X,0x0000000080001018] -> 0xBC23
mem[X,0x000000008000101A] -> 0x25F3
[1031] [M]: 0x0000000080001018 (0x25F3BC23) sd x31, 0x258(x7)                       inst_101+8
mem[W,0x0000000080006440] <- 0x0000000000000006

clint mtime 0x0000000000000204 (mip.MTI <- 0b1, mip.STI <- 0b0)
mem[X,0x000000008000101C] -> 0x0F13
mem[X,0x000000008000101E] -> 0x0060
[1032] [M]: 0x000000008000101C (0x00600F13) addi x30, x0, 0x6                       inst_102+0
x30 <- 0x0000000000000006

mem[X,0x0000000080001020] -> 0x6F93
mem[X,0x0000000080001022] -> 0x02DF
[1033] [M]: 0x0000000080001020 (0x02DF6F93) ori x31, x30, 0x2d                      inst_102+4
x31 <- 0x000000000000002F

clint mtime 0x0000000000000205 (mip.MTI <- 0b1, mip.STI <- 0b0)
mem[X,0x0000000080001024] -> 0xB023
mem[X,0x0000000080001026] -> 0x27F3
[1034] [M]: 0x0000000080001024 (0x27F3B023) sd x31, 0x260(x7)                       inst_102+8
mem[W,0x0000000080006448] <- 0x000000000000002F

mem[X,0x0000000080001028] -> 0x0F13
mem[X,0x000000008000102A] -> 0x0060
[1035] [M]: 0x0000000080001028 (0x00600F13) addi x30, x0, 0x6                       inst_103+0
x30 <- 0x0000000000000006

clint mtime 0x0000000000000206 (mip.MTI <- 0b1, mip.STI <- 0b0)
mem[X,0x000000008000102C] -> 0x6F93
mem[X,0x000000008000102E] -> 0xFD3F
[1036] [M]: 0x000000008000102C (0xFD3F6F93) ori x31, x30, -0x2d                     inst_103+4
x31 <- 0xFFFFFFFFFFFFFFD7

mem[X,0x0000000080001030] -> 0xB423
mem[X,0x0000000080001032] -> 0x27F3
[1037] [M]: 0x0000000080001030 (0x27F3B423) sd x31, 0x268(x7)                       inst_103+8
mem[W,0x0000000080006450] <- 0xFFFFFFFFFFFFFFD7

clint mtime 0x0000000000000207 (mip.MTI <- 0b1, mip.STI <- 0b0)
mem[X,0x0000000080001034] -> 0x0F13
mem[X,0x0000000080001036] -> 0x0060
[1038] [M]: 0x0000000080001034 (0x00600F13) addi x30, x0, 0x6                       inst_104+0
x30 <- 0x0000000000000006

mem[X,0x0000000080001038] -> 0x6F93
mem[X,0x000000008000103A] -> 0x666F
[1039] [M]: 0x0000000080001038 (0x666F6F93) ori x31, x30, 0x666                     inst_104+4
x31 <- 0x0000000000000666

clint mtime 0x0000000000000208 (mip.MTI <- 0b1, mip.STI <- 0b0)
mem[X,0x000000008000103C] -> 0xB823
mem[X,0x000000008000103E] -> 0x27F3
[1040] [M]: 0x000000008000103C (0x27F3B823) sd x31, 0x270(x7)                       inst_104+8
mem[W,0x0000000080006458] <- 0x0000000000000666

mem[X,0x0000000080001040] -> 0x0F13
mem[X,0x0000000080001042] -> 0x0060
[1041] [M]: 0x0000000080001040 (0x00600F13) addi x30, x0, 0x6                       inst_105+0
x30 <- 0x0000000000000006

clint mtime 0x0000000000000209 (mip.MTI <- 0b1, mip.STI <- 0b0)
mem[X,0x0000000080001044] -> 0x6F93
mem[X,0x0000000080001046] -> 0x333F
[1042] [M]: 0x0000000080001044 (0x333F6F93) ori x31, x30, 0x333                     inst_105+4
x31 <- 0x0000000000000337

mem[X,0x0000000080001048] -> 0xBC23
mem[X,0x000000008000104A] -> 0x27F3
[1043] [M]: 0x0000000080001048 (0x27F3BC23) sd x31, 0x278(x7)                       inst_105+8
mem[W,0x0000000080006460] <- 0x0000000000000337

clint mtime 0x000000000000020A (mip.MTI <- 0b1, mip.STI <- 0b0)
mem[X,0x000000008000104C] -> 0x0F13
mem[X,0x000000008000104E] -> 0x0060
[1044] [M]: 0x000000008000104C (0x00600F13) addi x30, x0, 0x6                       inst_106+0
x30 <- 0x0000000000000006

mem[X,0x0000000080001050] -> 0x6F93
mem[X,0x0000000080001052] -> 0x005F
[1045] [M]: 0x0000000080001050 (0x005F6F93) ori x31, x30, 0x5                       inst_106+4
x31 <- 0x0000000000000007

clint mtime 0x000000000000020B (mip.MTI <- 0b1, mip.STI <- 0b0)
mem[X,0x0000000080001054] -> 0xB023
mem[X,0x0000000080001056] -> 0x29F3
[1046] [M]: 0x0000000080001054 (0x29F3B023) sd x31, 0x280(x7)                       inst_106+8
mem[W,0x0000000080006468] <- 0x0000000000000007

mem[X,0x0000000080001058] -> 0x0F13
mem[X,0x000000008000105A] -> 0x0060
[1047] [M]: 0x0000000080001058 (0x00600F13) addi x30, x0, 0x6                       inst_107+0
x30 <- 0x0000000000000006

clint mtime 0x000000000000020C (mip.MTI <- 0b1, mip.STI <- 0b0)
mem[X,0x000000008000105C] -> 0x6F93
mem[X,0x000000008000105E] -> 0xAAAF
[1048] [M]: 0x000000008000105C (0xAAAF6F93) ori x31, x30, -0x556                    inst_107+4
x31 <- 0xFFFFFFFFFFFFFAAE

mem[X,0x0000000080001060] -> 0xB423
mem[X,0x0000000080001062] -> 0x29F3
[1049] [M]: 0x0000000080001060 (0x29F3B423) sd x31, 0x288(x7)                       inst_107+8
mem[W,0x0000000080006470] <- 0xFFFFFFFFFFFFFAAE

clint mtime 0x000000000000020D (mip.MTI <- 0b1, mip.STI <- 0b0)
mem[X,0x0000000080001064] -> 0x0F13
mem[X,0x0000000080001066] -> 0x0060
[1050] [M]: 0x0000000080001064 (0x00600F13) addi x30, x0, 0x6                       inst_108+0
x30 <- 0x0000000000000006

mem[X,0x0000000080001068] -> 0x6F93
mem[X,0x000000008000106A] -> 0x555F
[1051] [M]: 0x0000000080001068 (0x555F6F93) ori x31, x30, 0x555                     inst_108+4
x31 <- 0x0000000000000557

clint mtime 0x000000000000020E (mip.MTI <- 0b1, mip.STI <- 0b0)
mem[X,0x000000008000106C] -> 0xB823
mem[X,0x000000008000106E] -> 0x29F3
[1052] [M]: 0x000000008000106C (0x29F3B823) sd x31, 0x290(x7)                       inst_108+8
mem[W,0x0000000080006478] <- 0x0000000000000557

mem[X,0x0000000080001070] -> 0x0F13
mem[X,0x0000000080001072] -> 0x0060
[1053] [M]: 0x0000000080001070 (0x00600F13) addi x30, x0, 0x6                       inst_109+0
x30 <- 0x0000000000000006

clint mtime 0x000000000000020F (mip.MTI <- 0b1, mip.STI <- 0b0)
mem[X,0x0000000080001074] -> 0x6F93
mem[X,0x0000000080001076] -> 0x003F
[1054] [M]: 0x0000000080001074 (0x003F6F93) ori x31, x30, 0x3                       inst_109+4
x31 <- 0x0000000000000007

mem[X,0x0000000080001078] -> 0xBC23
mem[X,0x000000008000107A] -> 0x29F3
[1055] [M]: 0x0000000080001078 (0x29F3BC23) sd x31, 0x298(x7)                       inst_109+8
mem[W,0x0000000080006480] <- 0x0000000000000007

clint mtime 0x0000000000000210 (mip.MTI <- 0b1, mip.STI <- 0b0)
mem[X,0x000000008000107C] -> 0xBF37
mem[X,0x000000008000107E] -> 0xAAAA
[1056] [M]: 0x000000008000107C (0xAAAABF37) lui x30, -0x55555                       inst_110+0
x30 <- 0xFFFFFFFFAAAAB000

mem[X,0x0000000080001080] -> 0x0F13
mem[X,0x0000000080001082] -> 0xAAAF
[1057] [M]: 0x0000000080001080 (0xAAAF0F13) addi x30, x30, -0x556                   inst_110+4
x30 <- 0xFFFFFFFFAAAAAAAA

clint mtime 0x0000000000000211 (mip.MTI <- 0b1, mip.STI <- 0b0)
mem[X,0x0000000080001084] -> 0x1F13
mem[X,0x0000000080001086] -> 0x00BF
[1058] [M]: 0x0000000080001084 (0x00BF1F13) slli x30, x30, 0xb                      inst_110+8
x30 <- 0xFFFFFD5555555000

mem[X,0x0000000080001088] -> 0x0F13
mem[X,0x000000008000108A] -> 0x555F
[1059] [M]: 0x0000000080001088 (0x555F0F13) addi x30, x30, 0x555                    inst_110+12
x30 <- 0xFFFFFD5555555555

clint mtime 0x0000000000000212 (mip.MTI <- 0b1, mip.STI <- 0b0)
mem[X,0x000000008000108C] -> 0x1F13
mem[X,0x000000008000108E] -> 0x00BF
[1060] [M]: 0x000000008000108C (0x00BF1F13) slli x30, x30, 0xb                      inst_110+16
x30 <- 0xFFEAAAAAAAAAA800

mem[X,0x0000000080001090] -> 0x0F13
mem[X,0x0000000080001092] -> 0x2AAF
[1061] [M]: 0x0000000080001090 (0x2AAF0F13) addi x30, x30, 0x2aa                    inst_110+20
x30 <- 0xFFEAAAAAAAAAAAAA

clint mtime 0x0000000000000213 (mip.MTI <- 0b1, mip.STI <- 0b0)
mem[X,0x0000000080001094] -> 0x1F13
mem[X,0x0000000080001096] -> 0x00AF
[1062] [M]: 0x0000000080001094 (0x00AF1F13) slli x30, x30, 0xa                      inst_110+24
x30 <- 0xAAAAAAAAAAAAA800

mem[X,0x0000000080001098] -> 0x0F13
mem[X,0x000000008000109A] -> 0x2ABF
[1063] [M]: 0x0000000080001098 (0x2ABF0F13) addi x30, x30, 0x2ab                    inst_110+28
x30 <- 0xAAAAAAAAAAAAAAAB

clint mtime 0x0000000000000214 (mip.MTI <- 0b1, mip.STI <- 0b0)
mem[X,0x000000008000109C] -> 0x6F93
mem[X,0x000000008000109E] -> 0x02EF
[1064] [M]: 0x000000008000109C (0x02EF6F93) ori x31, x30, 0x2e                      inst_110+32
x31 <- 0xAAAAAAAAAAAAAAAF

mem[X,0x00000000800010A0] -> 0xB023
mem[X,0x00000000800010A2] -> 0x2BF3
[1065] [M]: 0x00000000800010A0 (0x2BF3B023) sd x31, 0x2a0(x7)                       inst_110+36
mem[W,0x0000000080006488] <- 0xAAAAAAAAAAAAAAAF

clint mtime 0x0000000000000215 (mip.MTI <- 0b1, mip.STI <- 0b0)
mem[X,0x00000000800010A4] -> 0xBF37
mem[X,0x00000000800010A6] -> 0xAAAA
[1066] [M]: 0x00000000800010A4 (0xAAAABF37) lui x30, -0x55555                       inst_111+0
x30 <- 0xFFFFFFFFAAAAB000

mem[X,0x00000000800010A8] -> 0x0F13
mem[X,0x00000000800010AA] -> 0xAAAF
[1067] [M]: 0x00000000800010A8 (0xAAAF0F13) addi x30, x30, -0x556                   inst_111+4
x30 <- 0xFFFFFFFFAAAAAAAA

clint mtime 0x0000000000000216 (mip.MTI <- 0b1, mip.STI <- 0b0)
mem[X,0x00000000800010AC] -> 0x1F13
mem[X,0x00000000800010AE] -> 0x00BF
[1068] [M]: 0x00000000800010AC (0x00BF1F13) slli x30, x30, 0xb                      inst_111+8
x30 <- 0xFFFFFD5555555000

mem[X,0x00000000800010B0] -> 0x0F13
mem[X,0x00000000800010B2] -> 0x555F
[1069] [M]: 0x00000000800010B0 (0x555F0F13) addi x30, x30, 0x555                    inst_111+12
x30 <- 0xFFFFFD5555555555

clint mtime 0x0000000000000217 (mip.MTI <- 0b1, mip.STI <- 0b0)
mem[X,0x00000000800010B4] -> 0x1F13
mem[X,0x00000000800010B6] -> 0x00BF
[1070] [M]: 0x00000000800010B4 (0x00BF1F13) slli x30, x30, 0xb                      inst_111+16
x30 <- 0xFFEAAAAAAAAAA800

mem[X,0x00000000800010B8] -> 0x0F13
mem[X,0x00000000800010BA] -> 0x2AAF
[1071] [M]: 0x00000000800010B8 (0x2AAF0F13) addi x30, x30, 0x2aa                    inst_111+20
x30 <- 0xFFEAAAAAAAAAAAAA

clint mtime 0x0000000000000218 (mip.MTI <- 0b1, mip.STI <- 0b0)
mem[X,0x00000000800010BC] -> 0x1F13
mem[X,0x00000000800010BE] -> 0x00AF
[1072] [M]: 0x00000000800010BC (0x00AF1F13) slli x30, x30, 0xa                      inst_111+24
x30 <- 0xAAAAAAAAAAAAA800

mem[X,0x00000000800010C0] -> 0x0F13
mem[X,0x00000000800010C2] -> 0x2ABF
[1073] [M]: 0x00000000800010C0 (0x2ABF0F13) addi x30, x30, 0x2ab                    inst_111+28
x30 <- 0xAAAAAAAAAAAAAAAB

clint mtime 0x0000000000000219 (mip.MTI <- 0b1, mip.STI <- 0b0)
mem[X,0x00000000800010C4] -> 0x6F93
mem[X,0x00000000800010C6] -> 0xFD4F
[1074] [M]: 0x00000000800010C4 (0xFD4F6F93) ori x31, x30, -0x2c                     inst_111+32
x31 <- 0xFFFFFFFFFFFFFFFF

mem[X,0x00000000800010C8] -> 0xB423
mem[X,0x00000000800010CA] -> 0x2BF3
[1075] [M]: 0x00000000800010C8 (0x2BF3B423) sd x31, 0x2a8(x7)                       inst_111+36
mem[W,0x0000000080006490] <- 0xFFFFFFFFFFFFFFFF

clint mtime 0x000000000000021A (mip.MTI <- 0b1, mip.STI <- 0b0)
mem[X,0x00000000800010CC] -> 0xBF37
mem[X,0x00000000800010CE] -> 0xAAAA
[1076] [M]: 0x00000000800010CC (0xAAAABF37) lui x30, -0x55555                       inst_112+0
x30 <- 0xFFFFFFFFAAAAB000

mem[X,0x00000000800010D0] -> 0x0F13
mem[X,0x00000000800010D2] -> 0xAAAF
[1077] [M]: 0x00000000800010D0 (0xAAAF0F13) addi x30, x30, -0x556                   inst_112+4
x30 <- 0xFFFFFFFFAAAAAAAA

clint mtime 0x000000000000021B (mip.MTI <- 0b1, mip.STI <- 0b0)
mem[X,0x00000000800010D4] -> 0x1F13
mem[X,0x00000000800010D6] -> 0x00BF
[1078] [M]: 0x00000000800010D4 (0x00BF1F13) slli x30, x30, 0xb                      inst_112+8
x30 <- 0xFFFFFD5555555000

mem[X,0x00000000800010D8] -> 0x0F13
mem[X,0x00000000800010DA] -> 0x555F
[1079] [M]: 0x00000000800010D8 (0x555F0F13) addi x30, x30, 0x555                    inst_112+12
x30 <- 0xFFFFFD5555555555

clint mtime 0x000000000000021C (mip.MTI <- 0b1, mip.STI <- 0b0)
mem[X,0x00000000800010DC] -> 0x1F13
mem[X,0x00000000800010DE] -> 0x00BF
[1080] [M]: 0x00000000800010DC (0x00BF1F13) slli x30, x30, 0xb                      inst_112+16
x30 <- 0xFFEAAAAAAAAAA800

mem[X,0x00000000800010E0] -> 0x0F13
mem[X,0x00000000800010E2] -> 0x2AAF
[1081] [M]: 0x00000000800010E0 (0x2AAF0F13) addi x30, x30, 0x2aa                    inst_112+20
x30 <- 0xFFEAAAAAAAAAAAAA

clint mtime 0x000000000000021D (mip.MTI <- 0b1, mip.STI <- 0b0)
mem[X,0x00000000800010E4] -> 0x1F13
mem[X,0x00000000800010E6] -> 0x00AF
[1082] [M]: 0x00000000800010E4 (0x00AF1F13) slli x30, x30, 0xa                      inst_112+24
x30 <- 0xAAAAAAAAAAAAA800

mem[X,0x00000000800010E8] -> 0x0F13
mem[X,0x00000000800010EA] -> 0x2ABF
[1083] [M]: 0x00000000800010E8 (0x2ABF0F13) addi x30, x30, 0x2ab                    inst_112+28
x30 <- 0xAAAAAAAAAAAAAAAB

clint mtime 0x000000000000021E (mip.MTI <- 0b1, mip.STI <- 0b0)
mem[X,0x00000000800010EC] -> 0x6F93
mem[X,0x00000000800010EE] -> 0x667F
[1084] [M]: 0x00000000800010EC (0x667F6F93) ori x31, x30, 0x667                     inst_112+32
x31 <- 0xAAAAAAAAAAAAAEEF

mem[X,0x00000000800010F0] -> 0xB823
mem[X,0x00000000800010F2] -> 0x2BF3
[1085] [M]: 0x00000000800010F0 (0x2BF3B823) sd x31, 0x2b0(x7)                       inst_112+36
mem[W,0x0000000080006498] <- 0xAAAAAAAAAAAAAEEF

clint mtime 0x000000000000021F (mip.MTI <- 0b1, mip.STI <- 0b0)
mem[X,0x00000000800010F4] -> 0xBF37
mem[X,0x00000000800010F6] -> 0xAAAA
[1086] [M]: 0x00000000800010F4 (0xAAAABF37) lui x30, -0x55555                       inst_113+0
x30 <- 0xFFFFFFFFAAAAB000

mem[X,0x00000000800010F8] -> 0x0F13
mem[X,0x00000000800010FA] -> 0xAAAF
[1087] [M]: 0x00000000800010F8 (0xAAAF0F13) addi x30, x30, -0x556                   inst_113+4
x30 <- 0xFFFFFFFFAAAAAAAA

clint mtime 0x0000000000000220 (mip.MTI <- 0b1, mip.STI <- 0b0)
mem[X,0x00000000800010FC] -> 0x1F13
mem[X,0x00000000800010FE] -> 0x00BF
[1088] [M]: 0x00000000800010FC (0x00BF1F13) slli x30, x30, 0xb                      inst_113+8
x30 <- 0xFFFFFD5555555000

mem[X,0x0000000080001100] -> 0x0F13
mem[X,0x0000000080001102] -> 0x555F
[1089] [M]: 0x0000000080001100 (0x555F0F13) addi x30, x30, 0x555                    inst_113+12
x30 <- 0xFFFFFD5555555555

clint mtime 0x0000000000000221 (mip.MTI <- 0b1, mip.STI <- 0b0)
mem[X,0x0000000080001104] -> 0x1F13
mem[X,0x0000000080001106] -> 0x00BF
[1090] [M]: 0x0000000080001104 (0x00BF1F13) slli x30, x30, 0xb                      inst_113+16
x30 <- 0xFFEAAAAAAAAAA800

mem[X,0x0000000080001108] -> 0x0F13
mem[X,0x000000008000110A] -> 0x2AAF
[1091] [M]: 0x0000000080001108 (0x2AAF0F13) addi x30, x30, 0x2aa                    inst_113+20
x30 <- 0xFFEAAAAAAAAAAAAA

clint mtime 0x0000000000000222 (mip.MTI <- 0b1, mip.STI <- 0b0)
mem[X,0x000000008000110C] -> 0x1F13
mem[X,0x000000008000110E] -> 0x00AF
[1092] [M]: 0x000000008000110C (0x00AF1F13) slli x30, x30, 0xa                      inst_113+24
x30 <- 0xAAAAAAAAAAAAA800

mem[X,0x0000000080001110] -> 0x0F13
mem[X,0x0000000080001112] -> 0x2ABF
[1093] [M]: 0x0000000080001110 (0x2ABF0F13) addi x30, x30, 0x2ab                    inst_113+28
x30 <- 0xAAAAAAAAAAAAAAAB

clint mtime 0x0000000000000223 (mip.MTI <- 0b1, mip.STI <- 0b0)
mem[X,0x0000000080001114] -> 0x6F93
mem[X,0x0000000080001116] -> 0x334F
[1094] [M]: 0x0000000080001114 (0x334F6F93) ori x31, x30, 0x334                     inst_113+32
x31 <- 0xAAAAAAAAAAAAABBF

mem[X,0x0000000080001118] -> 0xBC23
mem[X,0x000000008000111A] -> 0x2BF3
[1095] [M]: 0x0000000080001118 (0x2BF3BC23) sd x31, 0x2b8(x7)                       inst_113+36
mem[W,0x00000000800064A0] <- 0xAAAAAAAAAAAAABBF

clint mtime 0x0000000000000224 (mip.MTI <- 0b1, mip.STI <- 0b0)
mem[X,0x000000008000111C] -> 0xBF37
mem[X,0x000000008000111E] -> 0xAAAA
[1096] [M]: 0x000000008000111C (0xAAAABF37) lui x30, -0x55555                       inst_114+0
x30 <- 0xFFFFFFFFAAAAB000

mem[X,0x0000000080001120] -> 0x0F13
mem[X,0x0000000080001122] -> 0xAAAF
[1097] [M]: 0x0000000080001120 (0xAAAF0F13) addi x30, x30, -0x556                   inst_114+4
x30 <- 0xFFFFFFFFAAAAAAAA

clint mtime 0x0000000000000225 (mip.MTI <- 0b1, mip.STI <- 0b0)
mem[X,0x0000000080001124] -> 0x1F13
mem[X,0x0000000080001126] -> 0x00BF
[1098] [M]: 0x0000000080001124 (0x00BF1F13) slli x30, x30, 0xb                      inst_114+8
x30 <- 0xFFFFFD5555555000

mem[X,0x0000000080001128] -> 0x0F13
mem[X,0x000000008000112A] -> 0x555F
[1099] [M]: 0x0000000080001128 (0x555F0F13) addi x30, x30, 0x555                    inst_114+12
x30 <- 0xFFFFFD5555555555

clint mtime 0x0000000000000226 (mip.MTI <- 0b1, mip.STI <- 0b0)
mem[X,0x000000008000112C] -> 0x1F13
mem[X,0x000000008000112E] -> 0x00BF
[1100] [M]: 0x000000008000112C (0x00BF1F13) slli x30, x30, 0xb                      inst_114+16
x30 <- 0xFFEAAAAAAAAAA800

mem[X,0x0000000080001130] -> 0x0F13
mem[X,0x0000000080001132] -> 0x2AAF
[1101] [M]: 0x0000000080001130 (0x2AAF0F13) addi x30, x30, 0x2aa                    inst_114+20
x30 <- 0xFFEAAAAAAAAAAAAA

clint mtime 0x0000000000000227 (mip.MTI <- 0b1, mip.STI <- 0b0)
mem[X,0x0000000080001134] -> 0x1F13
mem[X,0x0000000080001136] -> 0x00AF
[1102] [M]: 0x0000000080001134 (0x00AF1F13) slli x30, x30, 0xa                      inst_114+24
x30 <- 0xAAAAAAAAAAAAA800

mem[X,0x0000000080001138] -> 0x0F13
mem[X,0x000000008000113A] -> 0x2ABF
[1103] [M]: 0x0000000080001138 (0x2ABF0F13) addi x30, x30, 0x2ab                    inst_114+28
x30 <- 0xAAAAAAAAAAAAAAAB

clint mtime 0x0000000000000228 (mip.MTI <- 0b1, mip.STI <- 0b0)
mem[X,0x000000008000113C] -> 0x6F93
mem[X,0x000000008000113E] -> 0x006F
[1104] [M]: 0x000000008000113C (0x006F6F93) ori x31, x30, 0x6                       inst_114+32
x31 <- 0xAAAAAAAAAAAAAAAF

mem[X,0x0000000080001140] -> 0xB023
mem[X,0x0000000080001142] -> 0x2DF3
[1105] [M]: 0x0000000080001140 (0x2DF3B023) sd x31, 0x2c0(x7)                       inst_114+36
mem[W,0x00000000800064A8] <- 0xAAAAAAAAAAAAAAAF

clint mtime 0x0000000000000229 (mip.MTI <- 0b1, mip.STI <- 0b0)
mem[X,0x0000000080001144] -> 0xBF37
mem[X,0x0000000080001146] -> 0xAAAA
[1106] [M]: 0x0000000080001144 (0xAAAABF37) lui x30, -0x55555                       inst_115+0
x30 <- 0xFFFFFFFFAAAAB000

mem[X,0x0000000080001148] -> 0x0F13
mem[X,0x000000008000114A] -> 0xAAAF
[1107] [M]: 0x0000000080001148 (0xAAAF0F13) addi x30, x30, -0x556                   inst_115+4
x30 <- 0xFFFFFFFFAAAAAAAA

clint mtime 0x000000000000022A (mip.MTI <- 0b1, mip.STI <- 0b0)
mem[X,0x000000008000114C] -> 0x1F13
mem[X,0x000000008000114E] -> 0x00BF
[1108] [M]: 0x000000008000114C (0x00BF1F13) slli x30, x30, 0xb                      inst_115+8
x30 <- 0xFFFFFD5555555000

mem[X,0x0000000080001150] -> 0x0F13
mem[X,0x0000000080001152] -> 0x555F
[1109] [M]: 0x0000000080001150 (0x555F0F13) addi x30, x30, 0x555                    inst_115+12
x30 <- 0xFFFFFD5555555555

clint mtime 0x000000000000022B (mip.MTI <- 0b1, mip.STI <- 0b0)
mem[X,0x0000000080001154] -> 0x1F13
mem[X,0x0000000080001156] -> 0x00BF
[1110] [M]: 0x0000000080001154 (0x00BF1F13) slli x30, x30, 0xb                      inst_115+16
x30 <- 0xFFEAAAAAAAAAA800

mem[X,0x0000000080001158] -> 0x0F13
mem[X,0x000000008000115A] -> 0x2AAF
[1111] [M]: 0x0000000080001158 (0x2AAF0F13) addi x30, x30, 0x2aa                    inst_115+20
x30 <- 0xFFEAAAAAAAAAAAAA

clint mtime 0x000000000000022C (mip.MTI <- 0b1, mip.STI <- 0b0)
mem[X,0x000000008000115C] -> 0x1F13
mem[X,0x000000008000115E] -> 0x00AF
[1112] [M]: 0x000000008000115C (0x00AF1F13) slli x30, x30, 0xa                      inst_115+24
x30 <- 0xAAAAAAAAAAAAA800

mem[X,0x0000000080001160] -> 0x0F13
mem[X,0x0000000080001162] -> 0x2ABF
[1113] [M]: 0x0000000080001160 (0x2ABF0F13) addi x30, x30, 0x2ab                    inst_115+28
x30 <- 0xAAAAAAAAAAAAAAAB

clint mtime 0x000000000000022D (mip.MTI <- 0b1, mip.STI <- 0b0)
mem[X,0x0000000080001164] -> 0x6F93
mem[X,0x0000000080001166] -> 0xAABF
[1114] [M]: 0x0000000080001164 (0xAABF6F93) ori x31, x30, -0x555                    inst_115+32
x31 <- 0xFFFFFFFFFFFFFAAB

mem[X,0x0000000080001168] -> 0xB423
mem[X,0x000000008000116A] -> 0x2DF3
[1115] [M]: 0x0000000080001168 (0x2DF3B423) sd x31, 0x2c8(x7)                       inst_115+36
mem[W,0x00000000800064B0] <- 0xFFFFFFFFFFFFFAAB

clint mtime 0x000000000000022E (mip.MTI <- 0b1, mip.STI <- 0b0)
mem[X,0x000000008000116C] -> 0xBF37
mem[X,0x000000008000116E] -> 0xAAAA
[1116] [M]: 0x000000008000116C (0xAAAABF37) lui x30, -0x55555                       inst_116+0
x30 <- 0xFFFFFFFFAAAAB000

mem[X,0x0000000080001170] -> 0x0F13
mem[X,0x0000000080001172] -> 0xAAAF
[1117] [M]: 0x0000000080001170 (0xAAAF0F13) addi x30, x30, -0x556                   inst_116+4
x30 <- 0xFFFFFFFFAAAAAAAA

clint mtime 0x000000000000022F (mip.MTI <- 0b1, mip.STI <- 0b0)
mem[X,0x0000000080001174] -> 0x1F13
mem[X,0x0000000080001176] -> 0x00BF
[1118] [M]: 0x0000000080001174 (0x00BF1F13) slli x30, x30, 0xb                      inst_116+8
x30 <- 0xFFFFFD5555555000

mem[X,0x0000000080001178] -> 0x0F13
mem[X,0x000000008000117A] -> 0x555F
[1119] [M]: 0x0000000080001178 (0x555F0F13) addi x30, x30, 0x555                    inst_116+12
x30 <- 0xFFFFFD5555555555

clint mtime 0x0000000000000230 (mip.MTI <- 0b1, mip.STI <- 0b0)
mem[X,0x000000008000117C] -> 0x1F13
mem[X,0x000000008000117E] -> 0x00BF
[1120] [M]: 0x000000008000117C (0x00BF1F13) slli x30, x30, 0xb                      inst_116+16
x30 <- 0xFFEAAAAAAAAAA800

mem[X,0x0000000080001180] -> 0x0F13
mem[X,0x0000000080001182] -> 0x2AAF
[1121] [M]: 0x0000000080001180 (0x2AAF0F13) addi x30, x30, 0x2aa                    inst_116+20
x30 <- 0xFFEAAAAAAAAAAAAA

clint mtime 0x0000000000000231 (mip.MTI <- 0b1, mip.STI <- 0b0)
mem[X,0x0000000080001184] -> 0x1F13
mem[X,0x0000000080001186] -> 0x00AF
[1122] [M]: 0x0000000080001184 (0x00AF1F13) slli x30, x30, 0xa                      inst_116+24
x30 <- 0xAAAAAAAAAAAAA800

mem[X,0x0000000080001188] -> 0x0F13
mem[X,0x000000008000118A] -> 0x2ABF
[1123] [M]: 0x0000000080001188 (0x2ABF0F13) addi x30, x30, 0x2ab                    inst_116+28
x30 <- 0xAAAAAAAAAAAAAAAB

clint mtime 0x0000000000000232 (mip.MTI <- 0b1, mip.STI <- 0b0)
mem[X,0x000000008000118C] -> 0x6F93
mem[X,0x000000008000118E] -> 0x556F
[1124] [M]: 0x000000008000118C (0x556F6F93) ori x31, x30, 0x556                     inst_116+32
x31 <- 0xAAAAAAAAAAAAAFFF

mem[X,0x0000000080001190] -> 0xB823
mem[X,0x0000000080001192] -> 0x2DF3
[1125] [M]: 0x0000000080001190 (0x2DF3B823) sd x31, 0x2d0(x7)                       inst_116+36
mem[W,0x00000000800064B8] <- 0xAAAAAAAAAAAAAFFF

clint mtime 0x0000000000000233 (mip.MTI <- 0b1, mip.STI <- 0b0)
mem[X,0x0000000080001194] -> 0xBF37
mem[X,0x0000000080001196] -> 0xAAAA
[1126] [M]: 0x0000000080001194 (0xAAAABF37) lui x30, -0x55555                       inst_117+0
x30 <- 0xFFFFFFFFAAAAB000

mem[X,0x0000000080001198] -> 0x0F13
mem[X,0x000000008000119A] -> 0xAAAF
[1127] [M]: 0x0000000080001198 (0xAAAF0F13) addi x30, x30, -0x556                   inst_117+4
x30 <- 0xFFFFFFFFAAAAAAAA

clint mtime 0x0000000000000234 (mip.MTI <- 0b1, mip.STI <- 0b0)
mem[X,0x000000008000119C] -> 0x1F13
mem[X,0x000000008000119E] -> 0x00BF
[1128] [M]: 0x000000008000119C (0x00BF1F13) slli x30, x30, 0xb                      inst_117+8
x30 <- 0xFFFFFD5555555000

mem[X,0x00000000800011A0] -> 0x0F13
mem[X,0x00000000800011A2] -> 0x555F
[1129] [M]: 0x00000000800011A0 (0x555F0F13) addi x30, x30, 0x555                    inst_117+12
x30 <- 0xFFFFFD5555555555

clint mtime 0x0000000000000235 (mip.MTI <- 0b1, mip.STI <- 0b0)
mem[X,0x00000000800011A4] -> 0x1F13
mem[X,0x00000000800011A6] -> 0x00BF
[1130] [M]: 0x00000000800011A4 (0x00BF1F13) slli x30, x30, 0xb                      inst_117+16
x30 <- 0xFFEAAAAAAAAAA800

mem[X,0x00000000800011A8] -> 0x0F13
mem[X,0x00000000800011AA] -> 0x2AAF
[1131] [M]: 0x00000000800011A8 (0x2AAF0F13) addi x30, x30, 0x2aa                    inst_117+20
x30 <- 0xFFEAAAAAAAAAAAAA

clint mtime 0x0000000000000236 (mip.MTI <- 0b1, mip.STI <- 0b0)
mem[X,0x00000000800011AC] -> 0x1F13
mem[X,0x00000000800011AE] -> 0x00AF
[1132] [M]: 0x00000000800011AC (0x00AF1F13) slli x30, x30, 0xa                      inst_117+24
x30 <- 0xAAAAAAAAAAAAA800

mem[X,0x00000000800011B0] -> 0x0F13
mem[X,0x00000000800011B2] -> 0x2ABF
[1133] [M]: 0x00000000800011B0 (0x2ABF0F13) addi x30, x30, 0x2ab                    inst_117+28
x30 <- 0xAAAAAAAAAAAAAAAB

clint mtime 0x0000000000000237 (mip.MTI <- 0b1, mip.STI <- 0b0)
mem[X,0x00000000800011B4] -> 0x6F93
mem[X,0x00000000800011B6] -> 0x02CF
[1134] [M]: 0x00000000800011B4 (0x02CF6F93) ori x31, x30, 0x2c                      inst_117+32
x31 <- 0xAAAAAAAAAAAAAAAF

mem[X,0x00000000800011B8] -> 0xBC23
mem[X,0x00000000800011BA] -> 0x2DF3
[1135] [M]: 0x00000000800011B8 (0x2DF3BC23) sd x31, 0x2d8(x7)                       inst_117+36
mem[W,0x00000000800064C0] <- 0xAAAAAAAAAAAAAAAF

clint mtime 0x0000000000000238 (mip.MTI <- 0b1, mip.STI <- 0b0)
mem[X,0x00000000800011BC] -> 0xBF37
mem[X,0x00000000800011BE] -> 0xAAAA
[1136] [M]: 0x00000000800011BC (0xAAAABF37) lui x30, -0x55555                       inst_118+0
x30 <- 0xFFFFFFFFAAAAB000

mem[X,0x00000000800011C0] -> 0x0F13
mem[X,0x00000000800011C2] -> 0xAAAF
[1137] [M]: 0x00000000800011C0 (0xAAAF0F13) addi x30, x30, -0x556                   inst_118+4
x30 <- 0xFFFFFFFFAAAAAAAA

clint mtime 0x0000000000000239 (mip.MTI <- 0b1, mip.STI <- 0b0)
mem[X,0x00000000800011C4] -> 0x1F13
mem[X,0x00000000800011C6] -> 0x00BF
[1138] [M]: 0x00000000800011C4 (0x00BF1F13) slli x30, x30, 0xb                      inst_118+8
x30 <- 0xFFFFFD5555555000

mem[X,0x00000000800011C8] -> 0x0F13
mem[X,0x00000000800011CA] -> 0x555F
[1139] [M]: 0x00000000800011C8 (0x555F0F13) addi x30, x30, 0x555                    inst_118+12
x30 <- 0xFFFFFD5555555555

clint mtime 0x000000000000023A (mip.MTI <- 0b1, mip.STI <- 0b0)
mem[X,0x00000000800011CC] -> 0x1F13
mem[X,0x00000000800011CE] -> 0x00BF
[1140] [M]: 0x00000000800011CC (0x00BF1F13) slli x30, x30, 0xb                      inst_118+16
x30 <- 0xFFEAAAAAAAAAA800

mem[X,0x00000000800011D0] -> 0x0F13
mem[X,0x00000000800011D2] -> 0x2AAF
[1141] [M]: 0x00000000800011D0 (0x2AAF0F13) addi x30, x30, 0x2aa                    inst_118+20
x30 <- 0xFFEAAAAAAAAAAAAA

clint mtime 0x000000000000023B (mip.MTI <- 0b1, mip.STI <- 0b0)
mem[X,0x00000000800011D4] -> 0x1F13
mem[X,0x00000000800011D6] -> 0x00AF
[1142] [M]: 0x00000000800011D4 (0x00AF1F13) slli x30, x30, 0xa                      inst_118+24
x30 <- 0xAAAAAAAAAAAAA800

mem[X,0x00000000800011D8] -> 0x0F13
mem[X,0x00000000800011DA] -> 0x2ABF
[1143] [M]: 0x00000000800011D8 (0x2ABF0F13) addi x30, x30, 0x2ab                    inst_118+28
x30 <- 0xAAAAAAAAAAAAAAAB

clint mtime 0x000000000000023C (mip.MTI <- 0b1, mip.STI <- 0b0)
mem[X,0x00000000800011DC] -> 0x6F93
mem[X,0x00000000800011DE] -> 0x665F
[1144] [M]: 0x00000000800011DC (0x665F6F93) ori x31, x30, 0x665                     inst_118+32
x31 <- 0xAAAAAAAAAAAAAEEF

mem[X,0x00000000800011E0] -> 0xB023
mem[X,0x00000000800011E2] -> 0x2FF3
[1145] [M]: 0x00000000800011E0 (0x2FF3B023) sd x31, 0x2e0(x7)                       inst_118+36
mem[W,0x00000000800064C8] <- 0xAAAAAAAAAAAAAEEF

clint mtime 0x000000000000023D (mip.MTI <- 0b1, mip.STI <- 0b0)
mem[X,0x00000000800011E4] -> 0xBF37
mem[X,0x00000000800011E6] -> 0xAAAA
[1146] [M]: 0x00000000800011E4 (0xAAAABF37) lui x30, -0x55555                       inst_119+0
x30 <- 0xFFFFFFFFAAAAB000

mem[X,0x00000000800011E8] -> 0x0F13
mem[X,0x00000000800011EA] -> 0xAAAF
[1147] [M]: 0x00000000800011E8 (0xAAAF0F13) addi x30, x30, -0x556                   inst_119+4
x30 <- 0xFFFFFFFFAAAAAAAA

clint mtime 0x000000000000023E (mip.MTI <- 0b1, mip.STI <- 0b0)
mem[X,0x00000000800011EC] -> 0x1F13
mem[X,0x00000000800011EE] -> 0x00BF
[1148] [M]: 0x00000000800011EC (0x00BF1F13) slli x30, x30, 0xb                      inst_119+8
x30 <- 0xFFFFFD5555555000

mem[X,0x00000000800011F0] -> 0x0F13
mem[X,0x00000000800011F2] -> 0x555F
[1149] [M]: 0x00000000800011F0 (0x555F0F13) addi x30, x30, 0x555                    inst_119+12
x30 <- 0xFFFFFD5555555555

clint mtime 0x000000000000023F (mip.MTI <- 0b1, mip.STI <- 0b0)
mem[X,0x00000000800011F4] -> 0x1F13
mem[X,0x00000000800011F6] -> 0x00BF
[1150] [M]: 0x00000000800011F4 (0x00BF1F13) slli x30, x30, 0xb                      inst_119+16
x30 <- 0xFFEAAAAAAAAAA800

mem[X,0x00000000800011F8] -> 0x0F13
mem[X,0x00000000800011FA] -> 0x2AAF
[1151] [M]: 0x00000000800011F8 (0x2AAF0F13) addi x30, x30, 0x2aa                    inst_119+20
x30 <- 0xFFEAAAAAAAAAAAAA

clint mtime 0x0000000000000240 (mip.MTI <- 0b1, mip.STI <- 0b0)
mem[X,0x00000000800011FC] -> 0x1F13
mem[X,0x00000000800011FE] -> 0x00AF
[1152] [M]: 0x00000000800011FC (0x00AF1F13) slli x30, x30, 0xa                      inst_119+24
x30 <- 0xAAAAAAAAAAAAA800

mem[X,0x0000000080001200] -> 0x0F13
mem[X,0x0000000080001202] -> 0x2ABF
[1153] [M]: 0x0000000080001200 (0x2ABF0F13) addi x30, x30, 0x2ab                    inst_119+28
x30 <- 0xAAAAAAAAAAAAAAAB

clint mtime 0x0000000000000241 (mip.MTI <- 0b1, mip.STI <- 0b0)
mem[X,0x0000000080001204] -> 0x6F93
mem[X,0x0000000080001206] -> 0x332F
[1154] [M]: 0x0000000080001204 (0x332F6F93) ori x31, x30, 0x332                     inst_119+32
x31 <- 0xAAAAAAAAAAAAABBB

mem[X,0x0000000080001208] -> 0xB423
mem[X,0x000000008000120A] -> 0x2FF3
[1155] [M]: 0x0000000080001208 (0x2FF3B423) sd x31, 0x2e8(x7)                       inst_119+36
mem[W,0x00000000800064D0] <- 0xAAAAAAAAAAAAABBB

clint mtime 0x0000000000000242 (mip.MTI <- 0b1, mip.STI <- 0b0)
mem[X,0x000000008000120C] -> 0xBF37
mem[X,0x000000008000120E] -> 0xAAAA
[1156] [M]: 0x000000008000120C (0xAAAABF37) lui x30, -0x55555                       inst_120+0
x30 <- 0xFFFFFFFFAAAAB000

mem[X,0x0000000080001210] -> 0x0F13
mem[X,0x0000000080001212] -> 0xAAAF
[1157] [M]: 0x0000000080001210 (0xAAAF0F13) addi x30, x30, -0x556                   inst_120+4
x30 <- 0xFFFFFFFFAAAAAAAA

clint mtime 0x0000000000000243 (mip.MTI <- 0b1, mip.STI <- 0b0)
mem[X,0x0000000080001214] -> 0x1F13
mem[X,0x0000000080001216] -> 0x00BF
[1158] [M]: 0x0000000080001214 (0x00BF1F13) slli x30, x30, 0xb                      inst_120+8
x30 <- 0xFFFFFD5555555000

mem[X,0x0000000080001218] -> 0x0F13
mem[X,0x000000008000121A] -> 0x555F
[1159] [M]: 0x0000000080001218 (0x555F0F13) addi x30, x30, 0x555                    inst_120+12
x30 <- 0xFFFFFD5555555555

clint mtime 0x0000000000000244 (mip.MTI <- 0b1, mip.STI <- 0b0)
mem[X,0x000000008000121C] -> 0x1F13
mem[X,0x000000008000121E] -> 0x00BF
[1160] [M]: 0x000000008000121C (0x00BF1F13) slli x30, x30, 0xb                      inst_120+16
x30 <- 0xFFEAAAAAAAAAA800

mem[X,0x0000000080001220] -> 0x0F13
mem[X,0x0000000080001222] -> 0x2AAF
[1161] [M]: 0x0000000080001220 (0x2AAF0F13) addi x30, x30, 0x2aa                    inst_120+20
x30 <- 0xFFEAAAAAAAAAAAAA

clint mtime 0x0000000000000245 (mip.MTI <- 0b1, mip.STI <- 0b0)
mem[X,0x0000000080001224] -> 0x1F13
mem[X,0x0000000080001226] -> 0x00AF
[1162] [M]: 0x0000000080001224 (0x00AF1F13) slli x30, x30, 0xa                      inst_120+24
x30 <- 0xAAAAAAAAAAAAA800

mem[X,0x0000000080001228] -> 0x0F13
mem[X,0x000000008000122A] -> 0x2ABF
[1163] [M]: 0x0000000080001228 (0x2ABF0F13) addi x30, x30, 0x2ab                    inst_120+28
x30 <- 0xAAAAAAAAAAAAAAAB

clint mtime 0x0000000000000246 (mip.MTI <- 0b1, mip.STI <- 0b0)
mem[X,0x000000008000122C] -> 0x6F93
mem[X,0x000000008000122E] -> 0x004F
[1164] [M]: 0x000000008000122C (0x004F6F93) ori x31, x30, 0x4                       inst_120+32
x31 <- 0xAAAAAAAAAAAAAAAF

mem[X,0x0000000080001230] -> 0xB823
mem[X,0x0000000080001232] -> 0x2FF3
[1165] [M]: 0x0000000080001230 (0x2FF3B823) sd x31, 0x2f0(x7)                       inst_120+36
mem[W,0x00000000800064D8] <- 0xAAAAAAAAAAAAAAAF

clint mtime 0x0000000000000247 (mip.MTI <- 0b1, mip.STI <- 0b0)
mem[X,0x0000000080001234] -> 0xBF37
mem[X,0x0000000080001236] -> 0xAAAA
[1166] [M]: 0x0000000080001234 (0xAAAABF37) lui x30, -0x55555                       inst_121+0
x30 <- 0xFFFFFFFFAAAAB000

mem[X,0x0000000080001238] -> 0x0F13
mem[X,0x000000008000123A] -> 0xAAAF
[1167] [M]: 0x0000000080001238 (0xAAAF0F13) addi x30, x30, -0x556                   inst_121+4
x30 <- 0xFFFFFFFFAAAAAAAA

clint mtime 0x0000000000000248 (mip.MTI <- 0b1, mip.STI <- 0b0)
mem[X,0x000000008000123C] -> 0x1F13
mem[X,0x000000008000123E] -> 0x00BF
[1168] [M]: 0x000000008000123C (0x00BF1F13) slli x30, x30, 0xb                      inst_121+8
x30 <- 0xFFFFFD5555555000

mem[X,0x0000000080001240] -> 0x0F13
mem[X,0x0000000080001242] -> 0x555F
[1169] [M]: 0x0000000080001240 (0x555F0F13) addi x30, x30, 0x555                    inst_121+12
x30 <- 0xFFFFFD5555555555

clint mtime 0x0000000000000249 (mip.MTI <- 0b1, mip.STI <- 0b0)
mem[X,0x0000000080001244] -> 0x1F13
mem[X,0x0000000080001246] -> 0x00BF
[1170] [M]: 0x0000000080001244 (0x00BF1F13) slli x30, x30, 0xb                      inst_121+16
x30 <- 0xFFEAAAAAAAAAA800

mem[X,0x0000000080001248] -> 0x0F13
mem[X,0x000000008000124A] -> 0x2AAF
[1171] [M]: 0x0000000080001248 (0x2AAF0F13) addi x30, x30, 0x2aa                    inst_121+20
x30 <- 0xFFEAAAAAAAAAAAAA

clint mtime 0x000000000000024A (mip.MTI <- 0b1, mip.STI <- 0b0)
mem[X,0x000000008000124C] -> 0x1F13
mem[X,0x000000008000124E] -> 0x00AF
[1172] [M]: 0x000000008000124C (0x00AF1F13) slli x30, x30, 0xa                      inst_121+24
x30 <- 0xAAAAAAAAAAAAA800

mem[X,0x0000000080001250] -> 0x0F13
mem[X,0x0000000080001252] -> 0x2ABF
[1173] [M]: 0x0000000080001250 (0x2ABF0F13) addi x30, x30, 0x2ab                    inst_121+28
x30 <- 0xAAAAAAAAAAAAAAAB

clint mtime 0x000000000000024B (mip.MTI <- 0b1, mip.STI <- 0b0)
mem[X,0x0000000080001254] -> 0x6F93
mem[X,0x0000000080001256] -> 0x000F
[1174] [M]: 0x0000000080001254 (0x000F6F93) ori x31, x30, 0x0                       inst_121+32
x31 <- 0xAAAAAAAAAAAAAAAB

mem[X,0x0000000080001258] -> 0xBC23
mem[X,0x000000008000125A] -> 0x2FF3
[1175] [M]: 0x0000000080001258 (0x2FF3BC23) sd x31, 0x2f8(x7)                       inst_121+36
mem[W,0x00000000800064E0] <- 0xAAAAAAAAAAAAAAAB

clint mtime 0x000000000000024C (mip.MTI <- 0b1, mip.STI <- 0b0)
mem[X,0x000000008000125C] -> 0xBF37
mem[X,0x000000008000125E] -> 0xAAAA
[1176] [M]: 0x000000008000125C (0xAAAABF37) lui x30, -0x55555                       inst_122+0
x30 <- 0xFFFFFFFFAAAAB000

mem[X,0x0000000080001260] -> 0x0F13
mem[X,0x0000000080001262] -> 0xAAAF
[1177] [M]: 0x0000000080001260 (0xAAAF0F13) addi x30, x30, -0x556                   inst_122+4
x30 <- 0xFFFFFFFFAAAAAAAA

clint mtime 0x000000000000024D (mip.MTI <- 0b1, mip.STI <- 0b0)
mem[X,0x0000000080001264] -> 0x1F13
mem[X,0x0000000080001266] -> 0x00BF
[1178] [M]: 0x0000000080001264 (0x00BF1F13) slli x30, x30, 0xb                      inst_122+8
x30 <- 0xFFFFFD5555555000

mem[X,0x0000000080001268] -> 0x0F13
mem[X,0x000000008000126A] -> 0x555F
[1179] [M]: 0x0000000080001268 (0x555F0F13) addi x30, x30, 0x555                    inst_122+12
x30 <- 0xFFFFFD5555555555

clint mtime 0x000000000000024E (mip.MTI <- 0b1, mip.STI <- 0b0)
mem[X,0x000000008000126C] -> 0x1F13
mem[X,0x000000008000126E] -> 0x00BF
[1180] [M]: 0x000000008000126C (0x00BF1F13) slli x30, x30, 0xb                      inst_122+16
x30 <- 0xFFEAAAAAAAAAA800

mem[X,0x0000000080001270] -> 0x0F13
mem[X,0x0000000080001272] -> 0x2AAF
[1181] [M]: 0x0000000080001270 (0x2AAF0F13) addi x30, x30, 0x2aa                    inst_122+20
x30 <- 0xFFEAAAAAAAAAAAAA

clint mtime 0x000000000000024F (mip.MTI <- 0b1, mip.STI <- 0b0)
mem[X,0x0000000080001274] -> 0x1F13
mem[X,0x0000000080001276] -> 0x00AF
[1182] [M]: 0x0000000080001274 (0x00AF1F13) slli x30, x30, 0xa                      inst_122+24
x30 <- 0xAAAAAAAAAAAAA800

mem[X,0x0000000080001278] -> 0x0F13
mem[X,0x000000008000127A] -> 0x2ABF
[1183] [M]: 0x0000000080001278 (0x2ABF0F13) addi x30, x30, 0x2ab                    inst_122+28
x30 <- 0xAAAAAAAAAAAAAAAB

clint mtime 0x0000000000000250 (mip.MTI <- 0b1, mip.STI <- 0b0)
mem[X,0x000000008000127C] -> 0x6F93
mem[X,0x000000008000127E] -> 0x554F
[1184] [M]: 0x000000008000127C (0x554F6F93) ori x31, x30, 0x554                     inst_122+32
x31 <- 0xAAAAAAAAAAAAAFFF

mem[X,0x0000000080001280] -> 0xB023
mem[X,0x0000000080001282] -> 0x31F3
[1185] [M]: 0x0000000080001280 (0x31F3B023) sd x31, 0x300(x7)                       inst_122+36
mem[W,0x00000000800064E8] <- 0xAAAAAAAAAAAAAFFF

clint mtime 0x0000000000000251 (mip.MTI <- 0b1, mip.STI <- 0b0)
mem[X,0x0000000080001284] -> 0xBF37
mem[X,0x0000000080001286] -> 0xAAAA
[1186] [M]: 0x0000000080001284 (0xAAAABF37) lui x30, -0x55555                       inst_123+0
x30 <- 0xFFFFFFFFAAAAB000

mem[X,0x0000000080001288] -> 0x0F13
mem[X,0x000000008000128A] -> 0xAAAF
[1187] [M]: 0x0000000080001288 (0xAAAF0F13) addi x30, x30, -0x556                   inst_123+4
x30 <- 0xFFFFFFFFAAAAAAAA

clint mtime 0x0000000000000252 (mip.MTI <- 0b1, mip.STI <- 0b0)
mem[X,0x000000008000128C] -> 0x1F13
mem[X,0x000000008000128E] -> 0x00BF
[1188] [M]: 0x000000008000128C (0x00BF1F13) slli x30, x30, 0xb                      inst_123+8
x30 <- 0xFFFFFD5555555000

mem[X,0x0000000080001290] -> 0x0F13
mem[X,0x0000000080001292] -> 0x555F
[1189] [M]: 0x0000000080001290 (0x555F0F13) addi x30, x30, 0x555                    inst_123+12
x30 <- 0xFFFFFD5555555555

clint mtime 0x0000000000000253 (mip.MTI <- 0b1, mip.STI <- 0b0)
mem[X,0x0000000080001294] -> 0x1F13
mem[X,0x0000000080001296] -> 0x00BF
[1190] [M]: 0x0000000080001294 (0x00BF1F13) slli x30, x30, 0xb                      inst_123+16
x30 <- 0xFFEAAAAAAAAAA800

mem[X,0x0000000080001298] -> 0x0F13
mem[X,0x000000008000129A] -> 0x2AAF
[1191] [M]: 0x0000000080001298 (0x2AAF0F13) addi x30, x30, 0x2aa                    inst_123+20
x30 <- 0xFFEAAAAAAAAAAAAA

clint mtime 0x0000000000000254 (mip.MTI <- 0b1, mip.STI <- 0b0)
mem[X,0x000000008000129C] -> 0x1F13
mem[X,0x000000008000129E] -> 0x00AF
[1192] [M]: 0x000000008000129C (0x00AF1F13) slli x30, x30, 0xa                      inst_123+24
x30 <- 0xAAAAAAAAAAAAA800

mem[X,0x00000000800012A0] -> 0x0F13
mem[X,0x00000000800012A2] -> 0x2ABF
[1193] [M]: 0x00000000800012A0 (0x2ABF0F13) addi x30, x30, 0x2ab                    inst_123+28
x30 <- 0xAAAAAAAAAAAAAAAB

clint mtime 0x0000000000000255 (mip.MTI <- 0b1, mip.STI <- 0b0)
mem[X,0x00000000800012A4] -> 0x6F93
mem[X,0x00000000800012A6] -> 0x002F
[1194] [M]: 0x00000000800012A4 (0x002F6F93) ori x31, x30, 0x2                       inst_123+32
x31 <- 0xAAAAAAAAAAAAAAAB

mem[X,0x00000000800012A8] -> 0xB423
mem[X,0x00000000800012AA] -> 0x31F3
[1195] [M]: 0x00000000800012A8 (0x31F3B423) sd x31, 0x308(x7)                       inst_123+36
mem[W,0x00000000800064F0] <- 0xAAAAAAAAAAAAAAAB

clint mtime 0x0000000000000256 (mip.MTI <- 0b1, mip.STI <- 0b0)
mem[X,0x00000000800012AC] -> 0xBF37
mem[X,0x00000000800012AE] -> 0xAAAA
[1196] [M]: 0x00000000800012AC (0xAAAABF37) lui x30, -0x55555                       inst_124+0
x30 <- 0xFFFFFFFFAAAAB000

mem[X,0x00000000800012B0] -> 0x0F13
mem[X,0x00000000800012B2] -> 0xAAAF
[1197] [M]: 0x00000000800012B0 (0xAAAF0F13) addi x30, x30, -0x556                   inst_124+4
x30 <- 0xFFFFFFFFAAAAAAAA

clint mtime 0x0000000000000257 (mip.MTI <- 0b1, mip.STI <- 0b0)
mem[X,0x00000000800012B4] -> 0x1F13
mem[X,0x00000000800012B6] -> 0x00BF
[1198] [M]: 0x00000000800012B4 (0x00BF1F13) slli x30, x30, 0xb                      inst_124+8
x30 <- 0xFFFFFD5555555000

mem[X,0x00000000800012B8] -> 0x0F13
mem[X,0x00000000800012BA] -> 0x555F
[1199] [M]: 0x00000000800012B8 (0x555F0F13) addi x30, x30, 0x555                    inst_124+12
x30 <- 0xFFFFFD5555555555

clint mtime 0x0000000000000258 (mip.MTI <- 0b1, mip.STI <- 0b0)
mem[X,0x00000000800012BC] -> 0x1F13
mem[X,0x00000000800012BE] -> 0x00BF
[1200] [M]: 0x00000000800012BC (0x00BF1F13) slli x30, x30, 0xb                      inst_124+16
x30 <- 0xFFEAAAAAAAAAA800

mem[X,0x00000000800012C0] -> 0x0F13
mem[X,0x00000000800012C2] -> 0x2AAF
[1201] [M]: 0x00000000800012C0 (0x2AAF0F13) addi x30, x30, 0x2aa                    inst_124+20
x30 <- 0xFFEAAAAAAAAAAAAA

clint mtime 0x0000000000000259 (mip.MTI <- 0b1, mip.STI <- 0b0)
mem[X,0x00000000800012C4] -> 0x1F13
mem[X,0x00000000800012C6] -> 0x00AF
[1202] [M]: 0x00000000800012C4 (0x00AF1F13) slli x30, x30, 0xa                      inst_124+24
x30 <- 0xAAAAAAAAAAAAA800

mem[X,0x00000000800012C8] -> 0x0F13
mem[X,0x00000000800012CA] -> 0x2ABF
[1203] [M]: 0x00000000800012C8 (0x2ABF0F13) addi x30, x30, 0x2ab                    inst_124+28
x30 <- 0xAAAAAAAAAAAAAAAB

clint mtime 0x000000000000025A (mip.MTI <- 0b1, mip.STI <- 0b0)
mem[X,0x00000000800012CC] -> 0x6F93
mem[X,0x00000000800012CE] -> 0x02DF
[1204] [M]: 0x00000000800012CC (0x02DF6F93) ori x31, x30, 0x2d                      inst_124+32
x31 <- 0xAAAAAAAAAAAAAAAF

mem[X,0x00000000800012D0] -> 0xB823
mem[X,0x00000000800012D2] -> 0x31F3
[1205] [M]: 0x00000000800012D0 (0x31F3B823) sd x31, 0x310(x7)                       inst_124+36
mem[W,0x00000000800064F8] <- 0xAAAAAAAAAAAAAAAF

clint mtime 0x000000000000025B (mip.MTI <- 0b1, mip.STI <- 0b0)
mem[X,0x00000000800012D4] -> 0xBF37
mem[X,0x00000000800012D6] -> 0xAAAA
[1206] [M]: 0x00000000800012D4 (0xAAAABF37) lui x30, -0x55555                       inst_125+0
x30 <- 0xFFFFFFFFAAAAB000

mem[X,0x00000000800012D8] -> 0x0F13
mem[X,0x00000000800012DA] -> 0xAAAF
[1207] [M]: 0x00000000800012D8 (0xAAAF0F13) addi x30, x30, -0x556                   inst_125+4
x30 <- 0xFFFFFFFFAAAAAAAA

clint mtime 0x000000000000025C (mip.MTI <- 0b1, mip.STI <- 0b0)
mem[X,0x00000000800012DC] -> 0x1F13
mem[X,0x00000000800012DE] -> 0x00BF
[1208] [M]: 0x00000000800012DC (0x00BF1F13) slli x30, x30, 0xb                      inst_125+8
x30 <- 0xFFFFFD5555555000

mem[X,0x00000000800012E0] -> 0x0F13
mem[X,0x00000000800012E2] -> 0x555F
[1209] [M]: 0x00000000800012E0 (0x555F0F13) addi x30, x30, 0x555                    inst_125+12
x30 <- 0xFFFFFD5555555555

clint mtime 0x000000000000025D (mip.MTI <- 0b1, mip.STI <- 0b0)
mem[X,0x00000000800012E4] -> 0x1F13
mem[X,0x00000000800012E6] -> 0x00BF
[1210] [M]: 0x00000000800012E4 (0x00BF1F13) slli x30, x30, 0xb                      inst_125+16
x30 <- 0xFFEAAAAAAAAAA800

mem[X,0x00000000800012E8] -> 0x0F13
mem[X,0x00000000800012EA] -> 0x2AAF
[1211] [M]: 0x00000000800012E8 (0x2AAF0F13) addi x30, x30, 0x2aa                    inst_125+20
x30 <- 0xFFEAAAAAAAAAAAAA

clint mtime 0x000000000000025E (mip.MTI <- 0b1, mip.STI <- 0b0)
mem[X,0x00000000800012EC] -> 0x1F13
mem[X,0x00000000800012EE] -> 0x00AF
[1212] [M]: 0x00000000800012EC (0x00AF1F13) slli x30, x30, 0xa                      inst_125+24
x30 <- 0xAAAAAAAAAAAAA800

mem[X,0x00000000800012F0] -> 0x0F13
mem[X,0x00000000800012F2] -> 0x2ABF
[1213] [M]: 0x00000000800012F0 (0x2ABF0F13) addi x30, x30, 0x2ab                    inst_125+28
x30 <- 0xAAAAAAAAAAAAAAAB

clint mtime 0x000000000000025F (mip.MTI <- 0b1, mip.STI <- 0b0)
mem[X,0x00000000800012F4] -> 0x6F93
mem[X,0x00000000800012F6] -> 0xFD3F
[1214] [M]: 0x00000000800012F4 (0xFD3F6F93) ori x31, x30, -0x2d                     inst_125+32
x31 <- 0xFFFFFFFFFFFFFFFB

mem[X,0x00000000800012F8] -> 0xBC23
mem[X,0x00000000800012FA] -> 0x31F3
[1215] [M]: 0x00000000800012F8 (0x31F3BC23) sd x31, 0x318(x7)                       inst_125+36
mem[W,0x0000000080006500] <- 0xFFFFFFFFFFFFFFFB

clint mtime 0x0000000000000260 (mip.MTI <- 0b1, mip.STI <- 0b0)
mem[X,0x00000000800012FC] -> 0xBF37
mem[X,0x00000000800012FE] -> 0xAAAA
[1216] [M]: 0x00000000800012FC (0xAAAABF37) lui x30, -0x55555                       inst_126+0
x30 <- 0xFFFFFFFFAAAAB000

mem[X,0x0000000080001300] -> 0x0F13
mem[X,0x0000000080001302] -> 0xAAAF
[1217] [M]: 0x0000000080001300 (0xAAAF0F13) addi x30, x30, -0x556                   inst_126+4
x30 <- 0xFFFFFFFFAAAAAAAA

clint mtime 0x0000000000000261 (mip.MTI <- 0b1, mip.STI <- 0b0)
mem[X,0x0000000080001304] -> 0x1F13
mem[X,0x0000000080001306] -> 0x00BF
[1218] [M]: 0x0000000080001304 (0x00BF1F13) slli x30, x30, 0xb                      inst_126+8
x30 <- 0xFFFFFD5555555000

mem[X,0x0000000080001308] -> 0x0F13
mem[X,0x000000008000130A] -> 0x555F
[1219] [M]: 0x0000000080001308 (0x555F0F13) addi x30, x30, 0x555                    inst_126+12
x30 <- 0xFFFFFD5555555555

clint mtime 0x0000000000000262 (mip.MTI <- 0b1, mip.STI <- 0b0)
mem[X,0x000000008000130C] -> 0x1F13
mem[X,0x000000008000130E] -> 0x00BF
[1220] [M]: 0x000000008000130C (0x00BF1F13) slli x30, x30, 0xb                      inst_126+16
x30 <- 0xFFEAAAAAAAAAA800

mem[X,0x0000000080001310] -> 0x0F13
mem[X,0x0000000080001312] -> 0x2AAF
[1221] [M]: 0x0000000080001310 (0x2AAF0F13) addi x30, x30, 0x2aa                    inst_126+20
x30 <- 0xFFEAAAAAAAAAAAAA

clint mtime 0x0000000000000263 (mip.MTI <- 0b1, mip.STI <- 0b0)
mem[X,0x0000000080001314] -> 0x1F13
mem[X,0x0000000080001316] -> 0x00AF
[1222] [M]: 0x0000000080001314 (0x00AF1F13) slli x30, x30, 0xa                      inst_126+24
x30 <- 0xAAAAAAAAAAAAA800

mem[X,0x0000000080001318] -> 0x0F13
mem[X,0x000000008000131A] -> 0x2ABF
[1223] [M]: 0x0000000080001318 (0x2ABF0F13) addi x30, x30, 0x2ab                    inst_126+28
x30 <- 0xAAAAAAAAAAAAAAAB

clint mtime 0x0000000000000264 (mip.MTI <- 0b1, mip.STI <- 0b0)
mem[X,0x000000008000131C] -> 0x6F93
mem[X,0x000000008000131E] -> 0x666F
[1224] [M]: 0x000000008000131C (0x666F6F93) ori x31, x30, 0x666                     inst_126+32
x31 <- 0xAAAAAAAAAAAAAEEF

mem[X,0x0000000080001320] -> 0xB023
mem[X,0x0000000080001322] -> 0x33F3
[1225] [M]: 0x0000000080001320 (0x33F3B023) sd x31, 0x320(x7)                       inst_126+36
mem[W,0x0000000080006508] <- 0xAAAAAAAAAAAAAEEF

clint mtime 0x0000000000000265 (mip.MTI <- 0b1, mip.STI <- 0b0)
mem[X,0x0000000080001324] -> 0xBF37
mem[X,0x0000000080001326] -> 0xAAAA
[1226] [M]: 0x0000000080001324 (0xAAAABF37) lui x30, -0x55555                       inst_127+0
x30 <- 0xFFFFFFFFAAAAB000

mem[X,0x0000000080001328] -> 0x0F13
mem[X,0x000000008000132A] -> 0xAAAF
[1227] [M]: 0x0000000080001328 (0xAAAF0F13) addi x30, x30, -0x556                   inst_127+4
x30 <- 0xFFFFFFFFAAAAAAAA

clint mtime 0x0000000000000266 (mip.MTI <- 0b1, mip.STI <- 0b0)
mem[X,0x000000008000132C] -> 0x1F13
mem[X,0x000000008000132E] -> 0x00BF
[1228] [M]: 0x000000008000132C (0x00BF1F13) slli x30, x30, 0xb                      inst_127+8
x30 <- 0xFFFFFD5555555000

mem[X,0x0000000080001330] -> 0x0F13
mem[X,0x0000000080001332] -> 0x555F
[1229] [M]: 0x0000000080001330 (0x555F0F13) addi x30, x30, 0x555                    inst_127+12
x30 <- 0xFFFFFD5555555555

clint mtime 0x0000000000000267 (mip.MTI <- 0b1, mip.STI <- 0b0)
mem[X,0x0000000080001334] -> 0x1F13
mem[X,0x0000000080001336] -> 0x00BF
[1230] [M]: 0x0000000080001334 (0x00BF1F13) slli x30, x30, 0xb                      inst_127+16
x30 <- 0xFFEAAAAAAAAAA800

mem[X,0x0000000080001338] -> 0x0F13
mem[X,0x000000008000133A] -> 0x2AAF
[1231] [M]: 0x0000000080001338 (0x2AAF0F13) addi x30, x30, 0x2aa                    inst_127+20
x30 <- 0xFFEAAAAAAAAAAAAA

clint mtime 0x0000000000000268 (mip.MTI <- 0b1, mip.STI <- 0b0)
mem[X,0x000000008000133C] -> 0x1F13
mem[X,0x000000008000133E] -> 0x00AF
[1232] [M]: 0x000000008000133C (0x00AF1F13) slli x30, x30, 0xa                      inst_127+24
x30 <- 0xAAAAAAAAAAAAA800

mem[X,0x0000000080001340] -> 0x0F13
mem[X,0x0000000080001342] -> 0x2ABF
[1233] [M]: 0x0000000080001340 (0x2ABF0F13) addi x30, x30, 0x2ab                    inst_127+28
x30 <- 0xAAAAAAAAAAAAAAAB

clint mtime 0x0000000000000269 (mip.MTI <- 0b1, mip.STI <- 0b0)
mem[X,0x0000000080001344] -> 0x6F93
mem[X,0x0000000080001346] -> 0x333F
[1234] [M]: 0x0000000080001344 (0x333F6F93) ori x31, x30, 0x333                     inst_127+32
x31 <- 0xAAAAAAAAAAAAABBB

mem[X,0x0000000080001348] -> 0xB423
mem[X,0x000000008000134A] -> 0x33F3
[1235] [M]: 0x0000000080001348 (0x33F3B423) sd x31, 0x328(x7)                       inst_127+36
mem[W,0x0000000080006510] <- 0xAAAAAAAAAAAAABBB

clint mtime 0x000000000000026A (mip.MTI <- 0b1, mip.STI <- 0b0)
mem[X,0x000000008000134C] -> 0xBF37
mem[X,0x000000008000134E] -> 0xAAAA
[1236] [M]: 0x000000008000134C (0xAAAABF37) lui x30, -0x55555                       inst_128+0
x30 <- 0xFFFFFFFFAAAAB000

mem[X,0x0000000080001350] -> 0x0F13
mem[X,0x0000000080001352] -> 0xAAAF
[1237] [M]: 0x0000000080001350 (0xAAAF0F13) addi x30, x30, -0x556                   inst_128+4
x30 <- 0xFFFFFFFFAAAAAAAA

clint mtime 0x000000000000026B (mip.MTI <- 0b1, mip.STI <- 0b0)
mem[X,0x0000000080001354] -> 0x1F13
mem[X,0x0000000080001356] -> 0x00BF
[1238] [M]: 0x0000000080001354 (0x00BF1F13) slli x30, x30, 0xb                      inst_128+8
x30 <- 0xFFFFFD5555555000

mem[X,0x0000000080001358] -> 0x0F13
mem[X,0x000000008000135A] -> 0x555F
[1239] [M]: 0x0000000080001358 (0x555F0F13) addi x30, x30, 0x555                    inst_128+12
x30 <- 0xFFFFFD5555555555

clint mtime 0x000000000000026C (mip.MTI <- 0b1, mip.STI <- 0b0)
mem[X,0x000000008000135C] -> 0x1F13
mem[X,0x000000008000135E] -> 0x00BF
[1240] [M]: 0x000000008000135C (0x00BF1F13) slli x30, x30, 0xb                      inst_128+16
x30 <- 0xFFEAAAAAAAAAA800

mem[X,0x0000000080001360] -> 0x0F13
mem[X,0x0000000080001362] -> 0x2AAF
[1241] [M]: 0x0000000080001360 (0x2AAF0F13) addi x30, x30, 0x2aa                    inst_128+20
x30 <- 0xFFEAAAAAAAAAAAAA

clint mtime 0x000000000000026D (mip.MTI <- 0b1, mip.STI <- 0b0)
mem[X,0x0000000080001364] -> 0x1F13
mem[X,0x0000000080001366] -> 0x00AF
[1242] [M]: 0x0000000080001364 (0x00AF1F13) slli x30, x30, 0xa                      inst_128+24
x30 <- 0xAAAAAAAAAAAAA800

mem[X,0x0000000080001368] -> 0x0F13
mem[X,0x000000008000136A] -> 0x2ABF
[1243] [M]: 0x0000000080001368 (0x2ABF0F13) addi x30, x30, 0x2ab                    inst_128+28
x30 <- 0xAAAAAAAAAAAAAAAB

clint mtime 0x000000000000026E (mip.MTI <- 0b1, mip.STI <- 0b0)
mem[X,0x000000008000136C] -> 0x6F93
mem[X,0x000000008000136E] -> 0x005F
[1244] [M]: 0x000000008000136C (0x005F6F93) ori x31, x30, 0x5                       inst_128+32
x31 <- 0xAAAAAAAAAAAAAAAF

mem[X,0x0000000080001370] -> 0xB823
mem[X,0x0000000080001372] -> 0x33F3
[1245] [M]: 0x0000000080001370 (0x33F3B823) sd x31, 0x330(x7)                       inst_128+36
mem[W,0x0000000080006518] <- 0xAAAAAAAAAAAAAAAF

clint mtime 0x000000000000026F (mip.MTI <- 0b1, mip.STI <- 0b0)
mem[X,0x0000000080001374] -> 0xBF37
mem[X,0x0000000080001376] -> 0xAAAA
[1246] [M]: 0x0000000080001374 (0xAAAABF37) lui x30, -0x55555                       inst_129+0
x30 <- 0xFFFFFFFFAAAAB000

mem[X,0x0000000080001378] -> 0x0F13
mem[X,0x000000008000137A] -> 0xAAAF
[1247] [M]: 0x0000000080001378 (0xAAAF0F13) addi x30, x30, -0x556                   inst_129+4
x30 <- 0xFFFFFFFFAAAAAAAA

clint mtime 0x0000000000000270 (mip.MTI <- 0b1, mip.STI <- 0b0)
mem[X,0x000000008000137C] -> 0x1F13
mem[X,0x000000008000137E] -> 0x00BF
[1248] [M]: 0x000000008000137C (0x00BF1F13) slli x30, x30, 0xb                      inst_129+8
x30 <- 0xFFFFFD5555555000

mem[X,0x0000000080001380] -> 0x0F13
mem[X,0x0000000080001382] -> 0x555F
[1249] [M]: 0x0000000080001380 (0x555F0F13) addi x30, x30, 0x555                    inst_129+12
x30 <- 0xFFFFFD5555555555

clint mtime 0x0000000000000271 (mip.MTI <- 0b1, mip.STI <- 0b0)
mem[X,0x0000000080001384] -> 0x1F13
mem[X,0x0000000080001386] -> 0x00BF
[1250] [M]: 0x0000000080001384 (0x00BF1F13) slli x30, x30, 0xb                      inst_129+16
x30 <- 0xFFEAAAAAAAAAA800

mem[X,0x0000000080001388] -> 0x0F13
mem[X,0x000000008000138A] -> 0x2AAF
[1251] [M]: 0x0000000080001388 (0x2AAF0F13) addi x30, x30, 0x2aa                    inst_129+20
x30 <- 0xFFEAAAAAAAAAAAAA

clint mtime 0x0000000000000272 (mip.MTI <- 0b1, mip.STI <- 0b0)
mem[X,0x000000008000138C] -> 0x1F13
mem[X,0x000000008000138E] -> 0x00AF
[1252] [M]: 0x000000008000138C (0x00AF1F13) slli x30, x30, 0xa                      inst_129+24
x30 <- 0xAAAAAAAAAAAAA800

mem[X,0x0000000080001390] -> 0x0F13
mem[X,0x0000000080001392] -> 0x2ABF
[1253] [M]: 0x0000000080001390 (0x2ABF0F13) addi x30, x30, 0x2ab                    inst_129+28
x30 <- 0xAAAAAAAAAAAAAAAB

clint mtime 0x0000000000000273 (mip.MTI <- 0b1, mip.STI <- 0b0)
mem[X,0x0000000080001394] -> 0x6F93
mem[X,0x0000000080001396] -> 0xAAAF
[1254] [M]: 0x0000000080001394 (0xAAAF6F93) ori x31, x30, -0x556                    inst_129+32
x31 <- 0xFFFFFFFFFFFFFAAB

mem[X,0x0000000080001398] -> 0xBC23
mem[X,0x000000008000139A] -> 0x33F3
[1255] [M]: 0x0000000080001398 (0x33F3BC23) sd x31, 0x338(x7)                       inst_129+36
mem[W,0x0000000080006520] <- 0xFFFFFFFFFFFFFAAB

clint mtime 0x0000000000000274 (mip.MTI <- 0b1, mip.STI <- 0b0)
mem[X,0x000000008000139C] -> 0xBF37
mem[X,0x000000008000139E] -> 0xAAAA
[1256] [M]: 0x000000008000139C (0xAAAABF37) lui x30, -0x55555                       inst_130+0
x30 <- 0xFFFFFFFFAAAAB000

mem[X,0x00000000800013A0] -> 0x0F13
mem[X,0x00000000800013A2] -> 0xAAAF
[1257] [M]: 0x00000000800013A0 (0xAAAF0F13) addi x30, x30, -0x556                   inst_130+4
x30 <- 0xFFFFFFFFAAAAAAAA

clint mtime 0x0000000000000275 (mip.MTI <- 0b1, mip.STI <- 0b0)
mem[X,0x00000000800013A4] -> 0x1F13
mem[X,0x00000000800013A6] -> 0x00BF
[1258] [M]: 0x00000000800013A4 (0x00BF1F13) slli x30, x30, 0xb                      inst_130+8
x30 <- 0xFFFFFD5555555000

mem[X,0x00000000800013A8] -> 0x0F13
mem[X,0x00000000800013AA] -> 0x555F
[1259] [M]: 0x00000000800013A8 (0x555F0F13) addi x30, x30, 0x555                    inst_130+12
x30 <- 0xFFFFFD5555555555

clint mtime 0x0000000000000276 (mip.MTI <- 0b1, mip.STI <- 0b0)
mem[X,0x00000000800013AC] -> 0x1F13
mem[X,0x00000000800013AE] -> 0x00BF
[1260] [M]: 0x00000000800013AC (0x00BF1F13) slli x30, x30, 0xb                      inst_130+16
x30 <- 0xFFEAAAAAAAAAA800

mem[X,0x00000000800013B0] -> 0x0F13
mem[X,0x00000000800013B2] -> 0x2AAF
[1261] [M]: 0x00000000800013B0 (0x2AAF0F13) addi x30, x30, 0x2aa                    inst_130+20
x30 <- 0xFFEAAAAAAAAAAAAA

clint mtime 0x0000000000000277 (mip.MTI <- 0b1, mip.STI <- 0b0)
mem[X,0x00000000800013B4] -> 0x1F13
mem[X,0x00000000800013B6] -> 0x00AF
[1262] [M]: 0x00000000800013B4 (0x00AF1F13) slli x30, x30, 0xa                      inst_130+24
x30 <- 0xAAAAAAAAAAAAA800

mem[X,0x00000000800013B8] -> 0x0F13
mem[X,0x00000000800013BA] -> 0x2ABF
[1263] [M]: 0x00000000800013B8 (0x2ABF0F13) addi x30, x30, 0x2ab                    inst_130+28
x30 <- 0xAAAAAAAAAAAAAAAB

clint mtime 0x0000000000000278 (mip.MTI <- 0b1, mip.STI <- 0b0)
mem[X,0x00000000800013BC] -> 0x6F93
mem[X,0x00000000800013BE] -> 0x555F
[1264] [M]: 0x00000000800013BC (0x555F6F93) ori x31, x30, 0x555                     inst_130+32
x31 <- 0xAAAAAAAAAAAAAFFF

mem[X,0x00000000800013C0] -> 0xB023
mem[X,0x00000000800013C2] -> 0x35F3
[1265] [M]: 0x00000000800013C0 (0x35F3B023) sd x31, 0x340(x7)                       inst_130+36
mem[W,0x0000000080006528] <- 0xAAAAAAAAAAAAAFFF

clint mtime 0x0000000000000279 (mip.MTI <- 0b1, mip.STI <- 0b0)
mem[X,0x00000000800013C4] -> 0xBF37
mem[X,0x00000000800013C6] -> 0xAAAA
[1266] [M]: 0x00000000800013C4 (0xAAAABF37) lui x30, -0x55555                       inst_131+0
x30 <- 0xFFFFFFFFAAAAB000

mem[X,0x00000000800013C8] -> 0x0F13
mem[X,0x00000000800013CA] -> 0xAAAF
[1267] [M]: 0x00000000800013C8 (0xAAAF0F13) addi x30, x30, -0x556                   inst_131+4
x30 <- 0xFFFFFFFFAAAAAAAA

clint mtime 0x000000000000027A (mip.MTI <- 0b1, mip.STI <- 0b0)
mem[X,0x00000000800013CC] -> 0x1F13
mem[X,0x00000000800013CE] -> 0x00BF
[1268] [M]: 0x00000000800013CC (0x00BF1F13) slli x30, x30, 0xb                      inst_131+8
x30 <- 0xFFFFFD5555555000

mem[X,0x00000000800013D0] -> 0x0F13
mem[X,0x00000000800013D2] -> 0x555F
[1269] [M]: 0x00000000800013D0 (0x555F0F13) addi x30, x30, 0x555                    inst_131+12
x30 <- 0xFFFFFD5555555555

clint mtime 0x000000000000027B (mip.MTI <- 0b1, mip.STI <- 0b0)
mem[X,0x00000000800013D4] -> 0x1F13
mem[X,0x00000000800013D6] -> 0x00BF
[1270] [M]: 0x00000000800013D4 (0x00BF1F13) slli x30, x30, 0xb                      inst_131+16
x30 <- 0xFFEAAAAAAAAAA800

mem[X,0x00000000800013D8] -> 0x0F13
mem[X,0x00000000800013DA] -> 0x2AAF
[1271] [M]: 0x00000000800013D8 (0x2AAF0F13) addi x30, x30, 0x2aa                    inst_131+20
x30 <- 0xFFEAAAAAAAAAAAAA

clint mtime 0x000000000000027C (mip.MTI <- 0b1, mip.STI <- 0b0)
mem[X,0x00000000800013DC] -> 0x1F13
mem[X,0x00000000800013DE] -> 0x00AF
[1272] [M]: 0x00000000800013DC (0x00AF1F13) slli x30, x30, 0xa                      inst_131+24
x30 <- 0xAAAAAAAAAAAAA800

mem[X,0x00000000800013E0] -> 0x0F13
mem[X,0x00000000800013E2] -> 0x2ABF
[1273] [M]: 0x00000000800013E0 (0x2ABF0F13) addi x30, x30, 0x2ab                    inst_131+28
x30 <- 0xAAAAAAAAAAAAAAAB

clint mtime 0x000000000000027D (mip.MTI <- 0b1, mip.STI <- 0b0)
mem[X,0x00000000800013E4] -> 0x6F93
mem[X,0x00000000800013E6] -> 0x003F
[1274] [M]: 0x00000000800013E4 (0x003F6F93) ori x31, x30, 0x3                       inst_131+32
x31 <- 0xAAAAAAAAAAAAAAAB

mem[X,0x00000000800013E8] -> 0xB423
mem[X,0x00000000800013EA] -> 0x35F3
[1275] [M]: 0x00000000800013E8 (0x35F3B423) sd x31, 0x348(x7)                       inst_131+36
mem[W,0x0000000080006530] <- 0xAAAAAAAAAAAAAAAB

clint mtime 0x000000000000027E (mip.MTI <- 0b1, mip.STI <- 0b0)
mem[X,0x00000000800013EC] -> 0x5F37
mem[X,0x00000000800013EE] -> 0x5555
[1276] [M]: 0x00000000800013EC (0x55555F37) lui x30, 0x55555                        inst_132+0
x30 <- 0x0000000055555000

mem[X,0x00000000800013F0] -> 0x0F13
mem[X,0x00000000800013F2] -> 0x555F
[1277] [M]: 0x00000000800013F0 (0x555F0F13) addi x30, x30, 0x555                    inst_132+4
x30 <- 0x0000000055555555

clint mtime 0x000000000000027F (mip.MTI <- 0b1, mip.STI <- 0b0)
mem[X,0x00000000800013F4] -> 0x1F13
mem[X,0x00000000800013F6] -> 0x00BF
[1278] [M]: 0x00000000800013F4 (0x00BF1F13) slli x30, x30, 0xb                      inst_132+8
x30 <- 0x000002AAAAAAA800

mem[X,0x00000000800013F8] -> 0x0F13
mem[X,0x00000000800013FA] -> 0x2AAF
[1279] [M]: 0x00000000800013F8 (0x2AAF0F13) addi x30, x30, 0x2aa                    inst_132+12
x30 <- 0x000002AAAAAAAAAA

clint mtime 0x0000000000000280 (mip.MTI <- 0b1, mip.STI <- 0b0)
mem[X,0x00000000800013FC] -> 0x1F13
mem[X,0x00000000800013FE] -> 0x00BF
[1280] [M]: 0x00000000800013FC (0x00BF1F13) slli x30, x30, 0xb                      inst_132+16
x30 <- 0x0015555555555000

mem[X,0x0000000080001400] -> 0x0F13
mem[X,0x0000000080001402] -> 0x555F
[1281] [M]: 0x0000000080001400 (0x555F0F13) addi x30, x30, 0x555                    inst_132+20
x30 <- 0x0015555555555555

clint mtime 0x0000000000000281 (mip.MTI <- 0b1, mip.STI <- 0b0)
mem[X,0x0000000080001404] -> 0x1F13
mem[X,0x0000000080001406] -> 0x00AF
[1282] [M]: 0x0000000080001404 (0x00AF1F13) slli x30, x30, 0xa                      inst_132+24
x30 <- 0x5555555555555400

mem[X,0x0000000080001408] -> 0x0F13
mem[X,0x000000008000140A] -> 0x156F
[1283] [M]: 0x0000000080001408 (0x156F0F13) addi x30, x30, 0x156                    inst_132+28
x30 <- 0x5555555555555556

clint mtime 0x0000000000000282 (mip.MTI <- 0b1, mip.STI <- 0b0)
mem[X,0x000000008000140C] -> 0x6F93
mem[X,0x000000008000140E] -> 0x02EF
[1284] [M]: 0x000000008000140C (0x02EF6F93) ori x31, x30, 0x2e                      inst_132+32
x31 <- 0x555555555555557E

mem[X,0x0000000080001410] -> 0xB823
mem[X,0x0000000080001412] -> 0x35F3
[1285] [M]: 0x0000000080001410 (0x35F3B823) sd x31, 0x350(x7)                       inst_132+36
mem[W,0x0000000080006538] <- 0x555555555555557E

clint mtime 0x0000000000000283 (mip.MTI <- 0b1, mip.STI <- 0b0)
mem[X,0x0000000080001414] -> 0x5F37
mem[X,0x0000000080001416] -> 0x5555
[1286] [M]: 0x0000000080001414 (0x55555F37) lui x30, 0x55555                        inst_133+0
x30 <- 0x0000000055555000

mem[X,0x0000000080001418] -> 0x0F13
mem[X,0x000000008000141A] -> 0x555F
[1287] [M]: 0x0000000080001418 (0x555F0F13) addi x30, x30, 0x555                    inst_133+4
x30 <- 0x0000000055555555

clint mtime 0x0000000000000284 (mip.MTI <- 0b1, mip.STI <- 0b0)
mem[X,0x000000008000141C] -> 0x1F13
mem[X,0x000000008000141E] -> 0x00BF
[1288] [M]: 0x000000008000141C (0x00BF1F13) slli x30, x30, 0xb                      inst_133+8
x30 <- 0x000002AAAAAAA800

mem[X,0x0000000080001420] -> 0x0F13
mem[X,0x0000000080001422] -> 0x2AAF
[1289] [M]: 0x0000000080001420 (0x2AAF0F13) addi x30, x30, 0x2aa                    inst_133+12
x30 <- 0x000002AAAAAAAAAA

clint mtime 0x0000000000000285 (mip.MTI <- 0b1, mip.STI <- 0b0)
mem[X,0x0000000080001424] -> 0x1F13
mem[X,0x0000000080001426] -> 0x00BF
[1290] [M]: 0x0000000080001424 (0x00BF1F13) slli x30, x30, 0xb                      inst_133+16
x30 <- 0x0015555555555000

mem[X,0x0000000080001428] -> 0x0F13
mem[X,0x000000008000142A] -> 0x555F
[1291] [M]: 0x0000000080001428 (0x555F0F13) addi x30, x30, 0x555                    inst_133+20
x30 <- 0x0015555555555555

clint mtime 0x0000000000000286 (mip.MTI <- 0b1, mip.STI <- 0b0)
mem[X,0x000000008000142C] -> 0x1F13
mem[X,0x000000008000142E] -> 0x00AF
[1292] [M]: 0x000000008000142C (0x00AF1F13) slli x30, x30, 0xa                      inst_133+24
x30 <- 0x5555555555555400

mem[X,0x0000000080001430] -> 0x0F13
mem[X,0x0000000080001432] -> 0x156F
[1293] [M]: 0x0000000080001430 (0x156F0F13) addi x30, x30, 0x156                    inst_133+28
x30 <- 0x5555555555555556

clint mtime 0x0000000000000287 (mip.MTI <- 0b1, mip.STI <- 0b0)
mem[X,0x0000000080001434] -> 0x6F93
mem[X,0x0000000080001436] -> 0xFD4F
[1294] [M]: 0x0000000080001434 (0xFD4F6F93) ori x31, x30, -0x2c                     inst_133+32
x31 <- 0xFFFFFFFFFFFFFFD6

mem[X,0x0000000080001438] -> 0xBC23
mem[X,0x000000008000143A] -> 0x35F3
[1295] [M]: 0x0000000080001438 (0x35F3BC23) sd x31, 0x358(x7)                       inst_133+36
mem[W,0x0000000080006540] <- 0xFFFFFFFFFFFFFFD6

clint mtime 0x0000000000000288 (mip.MTI <- 0b1, mip.STI <- 0b0)
mem[X,0x000000008000143C] -> 0x5F37
mem[X,0x000000008000143E] -> 0x5555
[1296] [M]: 0x000000008000143C (0x55555F37) lui x30, 0x55555                        inst_134+0
x30 <- 0x0000000055555000

mem[X,0x0000000080001440] -> 0x0F13
mem[X,0x0000000080001442] -> 0x555F
[1297] [M]: 0x0000000080001440 (0x555F0F13) addi x30, x30, 0x555                    inst_134+4
x30 <- 0x0000000055555555

clint mtime 0x0000000000000289 (mip.MTI <- 0b1, mip.STI <- 0b0)
mem[X,0x0000000080001444] -> 0x1F13
mem[X,0x0000000080001446] -> 0x00BF
[1298] [M]: 0x0000000080001444 (0x00BF1F13) slli x30, x30, 0xb                      inst_134+8
x30 <- 0x000002AAAAAAA800

mem[X,0x0000000080001448] -> 0x0F13
mem[X,0x000000008000144A] -> 0x2AAF
[1299] [M]: 0x0000000080001448 (0x2AAF0F13) addi x30, x30, 0x2aa                    inst_134+12
x30 <- 0x000002AAAAAAAAAA

clint mtime 0x000000000000028A (mip.MTI <- 0b1, mip.STI <- 0b0)
mem[X,0x000000008000144C] -> 0x1F13
mem[X,0x000000008000144E] -> 0x00BF
[1300] [M]: 0x000000008000144C (0x00BF1F13) slli x30, x30, 0xb                      inst_134+16
x30 <- 0x0015555555555000

mem[X,0x0000000080001450] -> 0x0F13
mem[X,0x0000000080001452] -> 0x555F
[1301] [M]: 0x0000000080001450 (0x555F0F13) addi x30, x30, 0x555                    inst_134+20
x30 <- 0x0015555555555555

clint mtime 0x000000000000028B (mip.MTI <- 0b1, mip.STI <- 0b0)
mem[X,0x0000000080001454] -> 0x1F13
mem[X,0x0000000080001456] -> 0x00AF
[1302] [M]: 0x0000000080001454 (0x00AF1F13) slli x30, x30, 0xa                      inst_134+24
x30 <- 0x5555555555555400

mem[X,0x0000000080001458] -> 0x0F13
mem[X,0x000000008000145A] -> 0x156F
[1303] [M]: 0x0000000080001458 (0x156F0F13) addi x30, x30, 0x156                    inst_134+28
x30 <- 0x5555555555555556

clint mtime 0x000000000000028C (mip.MTI <- 0b1, mip.STI <- 0b0)
mem[X,0x000000008000145C] -> 0x6F93
mem[X,0x000000008000145E] -> 0x667F
[1304] [M]: 0x000000008000145C (0x667F6F93) ori x31, x30, 0x667                     inst_134+32
x31 <- 0x5555555555555777

mem[X,0x0000000080001460] -> 0xB023
mem[X,0x0000000080001462] -> 0x37F3
[1305] [M]: 0x0000000080001460 (0x37F3B023) sd x31, 0x360(x7)                       inst_134+36
mem[W,0x0000000080006548] <- 0x5555555555555777

clint mtime 0x000000000000028D (mip.MTI <- 0b1, mip.STI <- 0b0)
mem[X,0x0000000080001464] -> 0x5F37
mem[X,0x0000000080001466] -> 0x5555
[1306] [M]: 0x0000000080001464 (0x55555F37) lui x30, 0x55555                        inst_135+0
x30 <- 0x0000000055555000

mem[X,0x0000000080001468] -> 0x0F13
mem[X,0x000000008000146A] -> 0x555F
[1307] [M]: 0x0000000080001468 (0x555F0F13) addi x30, x30, 0x555                    inst_135+4
x30 <- 0x0000000055555555

clint mtime 0x000000000000028E (mip.MTI <- 0b1, mip.STI <- 0b0)
mem[X,0x000000008000146C] -> 0x1F13
mem[X,0x000000008000146E] -> 0x00BF
[1308] [M]: 0x000000008000146C (0x00BF1F13) slli x30, x30, 0xb                      inst_135+8
x30 <- 0x000002AAAAAAA800

mem[X,0x0000000080001470] -> 0x0F13
mem[X,0x0000000080001472] -> 0x2AAF
[1309] [M]: 0x0000000080001470 (0x2AAF0F13) addi x30, x30, 0x2aa                    inst_135+12
x30 <- 0x000002AAAAAAAAAA

clint mtime 0x000000000000028F (mip.MTI <- 0b1, mip.STI <- 0b0)
mem[X,0x0000000080001474] -> 0x1F13
mem[X,0x0000000080001476] -> 0x00BF
[1310] [M]: 0x0000000080001474 (0x00BF1F13) slli x30, x30, 0xb                      inst_135+16
x30 <- 0x0015555555555000

mem[X,0x0000000080001478] -> 0x0F13
mem[X,0x000000008000147A] -> 0x555F
[1311] [M]: 0x0000000080001478 (0x555F0F13) addi x30, x30, 0x555                    inst_135+20
x30 <- 0x0015555555555555

clint mtime 0x0000000000000290 (mip.MTI <- 0b1, mip.STI <- 0b0)
mem[X,0x000000008000147C] -> 0x1F13
mem[X,0x000000008000147E] -> 0x00AF
[1312] [M]: 0x000000008000147C (0x00AF1F13) slli x30, x30, 0xa                      inst_135+24
x30 <- 0x5555555555555400

mem[X,0x0000000080001480] -> 0x0F13
mem[X,0x0000000080001482] -> 0x156F
[1313] [M]: 0x0000000080001480 (0x156F0F13) addi x30, x30, 0x156                    inst_135+28
x30 <- 0x5555555555555556

clint mtime 0x0000000000000291 (mip.MTI <- 0b1, mip.STI <- 0b0)
mem[X,0x0000000080001484] -> 0x6F93
mem[X,0x0000000080001486] -> 0x334F
[1314] [M]: 0x0000000080001484 (0x334F6F93) ori x31, x30, 0x334                     inst_135+32
x31 <- 0x5555555555555776

mem[X,0x0000000080001488] -> 0xB423
mem[X,0x000000008000148A] -> 0x37F3
[1315] [M]: 0x0000000080001488 (0x37F3B423) sd x31, 0x368(x7)                       inst_135+36
mem[W,0x0000000080006550] <- 0x5555555555555776

clint mtime 0x0000000000000292 (mip.MTI <- 0b1, mip.STI <- 0b0)
mem[X,0x000000008000148C] -> 0x5F37
mem[X,0x000000008000148E] -> 0x5555
[1316] [M]: 0x000000008000148C (0x55555F37) lui x30, 0x55555                        inst_136+0
x30 <- 0x0000000055555000

mem[X,0x0000000080001490] -> 0x0F13
mem[X,0x0000000080001492] -> 0x555F
[1317] [M]: 0x0000000080001490 (0x555F0F13) addi x30, x30, 0x555                    inst_136+4
x30 <- 0x0000000055555555

clint mtime 0x0000000000000293 (mip.MTI <- 0b1, mip.STI <- 0b0)
mem[X,0x0000000080001494] -> 0x1F13
mem[X,0x0000000080001496] -> 0x00BF
[1318] [M]: 0x0000000080001494 (0x00BF1F13) slli x30, x30, 0xb                      inst_136+8
x30 <- 0x000002AAAAAAA800

mem[X,0x0000000080001498] -> 0x0F13
mem[X,0x000000008000149A] -> 0x2AAF
[1319] [M]: 0x0000000080001498 (0x2AAF0F13) addi x30, x30, 0x2aa                    inst_136+12
x30 <- 0x000002AAAAAAAAAA

clint mtime 0x0000000000000294 (mip.MTI <- 0b1, mip.STI <- 0b0)
mem[X,0x000000008000149C] -> 0x1F13
mem[X,0x000000008000149E] -> 0x00BF
[1320] [M]: 0x000000008000149C (0x00BF1F13) slli x30, x30, 0xb                      inst_136+16
x30 <- 0x0015555555555000

mem[X,0x00000000800014A0] -> 0x0F13
mem[X,0x00000000800014A2] -> 0x555F
[1321] [M]: 0x00000000800014A0 (0x555F0F13) addi x30, x30, 0x555                    inst_136+20
x30 <- 0x0015555555555555

clint mtime 0x0000000000000295 (mip.MTI <- 0b1, mip.STI <- 0b0)
mem[X,0x00000000800014A4] -> 0x1F13
mem[X,0x00000000800014A6] -> 0x00AF
[1322] [M]: 0x00000000800014A4 (0x00AF1F13) slli x30, x30, 0xa                      inst_136+24
x30 <- 0x5555555555555400

mem[X,0x00000000800014A8] -> 0x0F13
mem[X,0x00000000800014AA] -> 0x156F
[1323] [M]: 0x00000000800014A8 (0x156F0F13) addi x30, x30, 0x156                    inst_136+28
x30 <- 0x5555555555555556

clint mtime 0x0000000000000296 (mip.MTI <- 0b1, mip.STI <- 0b0)
mem[X,0x00000000800014AC] -> 0x6F93
mem[X,0x00000000800014AE] -> 0x006F
[1324] [M]: 0x00000000800014AC (0x006F6F93) ori x31, x30, 0x6                       inst_136+32
x31 <- 0x5555555555555556

mem[X,0x00000000800014B0] -> 0xB823
mem[X,0x00000000800014B2] -> 0x37F3
[1325] [M]: 0x00000000800014B0 (0x37F3B823) sd x31, 0x370(x7)                       inst_136+36
mem[W,0x0000000080006558] <- 0x5555555555555556

clint mtime 0x0000000000000297 (mip.MTI <- 0b1, mip.STI <- 0b0)
mem[X,0x00000000800014B4] -> 0x5F37
mem[X,0x00000000800014B6] -> 0x5555
[1326] [M]: 0x00000000800014B4 (0x55555F37) lui x30, 0x55555                        inst_137+0
x30 <- 0x0000000055555000

mem[X,0x00000000800014B8] -> 0x0F13
mem[X,0x00000000800014BA] -> 0x555F
[1327] [M]: 0x00000000800014B8 (0x555F0F13) addi x30, x30, 0x555                    inst_137+4
x30 <- 0x0000000055555555

clint mtime 0x0000000000000298 (mip.MTI <- 0b1, mip.STI <- 0b0)
mem[X,0x00000000800014BC] -> 0x1F13
mem[X,0x00000000800014BE] -> 0x00BF
[1328] [M]: 0x00000000800014BC (0x00BF1F13) slli x30, x30, 0xb                      inst_137+8
x30 <- 0x000002AAAAAAA800

mem[X,0x00000000800014C0] -> 0x0F13
mem[X,0x00000000800014C2] -> 0x2AAF
[1329] [M]: 0x00000000800014C0 (0x2AAF0F13) addi x30, x30, 0x2aa                    inst_137+12
x30 <- 0x000002AAAAAAAAAA

clint mtime 0x0000000000000299 (mip.MTI <- 0b1, mip.STI <- 0b0)
mem[X,0x00000000800014C4] -> 0x1F13
mem[X,0x00000000800014C6] -> 0x00BF
[1330] [M]: 0x00000000800014C4 (0x00BF1F13) slli x30, x30, 0xb                      inst_137+16
x30 <- 0x0015555555555000

mem[X,0x00000000800014C8] -> 0x0F13
mem[X,0x00000000800014CA] -> 0x555F
[1331] [M]: 0x00000000800014C8 (0x555F0F13) addi x30, x30, 0x555                    inst_137+20
x30 <- 0x0015555555555555

clint mtime 0x000000000000029A (mip.MTI <- 0b1, mip.STI <- 0b0)
mem[X,0x00000000800014CC] -> 0x1F13
mem[X,0x00000000800014CE] -> 0x00AF
[1332] [M]: 0x00000000800014CC (0x00AF1F13) slli x30, x30, 0xa                      inst_137+24
x30 <- 0x5555555555555400

mem[X,0x00000000800014D0] -> 0x0F13
mem[X,0x00000000800014D2] -> 0x156F
[1333] [M]: 0x00000000800014D0 (0x156F0F13) addi x30, x30, 0x156                    inst_137+28
x30 <- 0x5555555555555556

clint mtime 0x000000000000029B (mip.MTI <- 0b1, mip.STI <- 0b0)
mem[X,0x00000000800014D4] -> 0x6F93
mem[X,0x00000000800014D6] -> 0xAABF
[1334] [M]: 0x00000000800014D4 (0xAABF6F93) ori x31, x30, -0x555                    inst_137+32
x31 <- 0xFFFFFFFFFFFFFFFF

mem[X,0x00000000800014D8] -> 0xBC23
mem[X,0x00000000800014DA] -> 0x37F3
[1335] [M]: 0x00000000800014D8 (0x37F3BC23) sd x31, 0x378(x7)                       inst_137+36
mem[W,0x0000000080006560] <- 0xFFFFFFFFFFFFFFFF

clint mtime 0x000000000000029C (mip.MTI <- 0b1, mip.STI <- 0b0)
mem[X,0x00000000800014DC] -> 0x5F37
mem[X,0x00000000800014DE] -> 0x5555
[1336] [M]: 0x00000000800014DC (0x55555F37) lui x30, 0x55555                        inst_138+0
x30 <- 0x0000000055555000

mem[X,0x00000000800014E0] -> 0x0F13
mem[X,0x00000000800014E2] -> 0x555F
[1337] [M]: 0x00000000800014E0 (0x555F0F13) addi x30, x30, 0x555                    inst_138+4
x30 <- 0x0000000055555555

clint mtime 0x000000000000029D (mip.MTI <- 0b1, mip.STI <- 0b0)
mem[X,0x00000000800014E4] -> 0x1F13
mem[X,0x00000000800014E6] -> 0x00BF
[1338] [M]: 0x00000000800014E4 (0x00BF1F13) slli x30, x30, 0xb                      inst_138+8
x30 <- 0x000002AAAAAAA800

mem[X,0x00000000800014E8] -> 0x0F13
mem[X,0x00000000800014EA] -> 0x2AAF
[1339] [M]: 0x00000000800014E8 (0x2AAF0F13) addi x30, x30, 0x2aa                    inst_138+12
x30 <- 0x000002AAAAAAAAAA

clint mtime 0x000000000000029E (mip.MTI <- 0b1, mip.STI <- 0b0)
mem[X,0x00000000800014EC] -> 0x1F13
mem[X,0x00000000800014EE] -> 0x00BF
[1340] [M]: 0x00000000800014EC (0x00BF1F13) slli x30, x30, 0xb                      inst_138+16
x30 <- 0x0015555555555000

mem[X,0x00000000800014F0] -> 0x0F13
mem[X,0x00000000800014F2] -> 0x555F
[1341] [M]: 0x00000000800014F0 (0x555F0F13) addi x30, x30, 0x555                    inst_138+20
x30 <- 0x0015555555555555

clint mtime 0x000000000000029F (mip.MTI <- 0b1, mip.STI <- 0b0)
mem[X,0x00000000800014F4] -> 0x1F13
mem[X,0x00000000800014F6] -> 0x00AF
[1342] [M]: 0x00000000800014F4 (0x00AF1F13) slli x30, x30, 0xa                      inst_138+24
x30 <- 0x5555555555555400

mem[X,0x00000000800014F8] -> 0x0F13
mem[X,0x00000000800014FA] -> 0x156F
[1343] [M]: 0x00000000800014F8 (0x156F0F13) addi x30, x30, 0x156                    inst_138+28
x30 <- 0x5555555555555556

clint mtime 0x00000000000002A0 (mip.MTI <- 0b1, mip.STI <- 0b0)
mem[X,0x00000000800014FC] -> 0x6F93
mem[X,0x00000000800014FE] -> 0x556F
[1344] [M]: 0x00000000800014FC (0x556F6F93) ori x31, x30, 0x556                     inst_138+32
x31 <- 0x5555555555555556

mem[X,0x0000000080001500] -> 0xB023
mem[X,0x0000000080001502] -> 0x39F3
[1345] [M]: 0x0000000080001500 (0x39F3B023) sd x31, 0x380(x7)                       inst_138+36
mem[W,0x0000000080006568] <- 0x5555555555555556

clint mtime 0x00000000000002A1 (mip.MTI <- 0b1, mip.STI <- 0b0)
mem[X,0x0000000080001504] -> 0x5F37
mem[X,0x0000000080001506] -> 0x5555
[1346] [M]: 0x0000000080001504 (0x55555F37) lui x30, 0x55555                        inst_139+0
x30 <- 0x0000000055555000

mem[X,0x0000000080001508] -> 0x0F13
mem[X,0x000000008000150A] -> 0x555F
[1347] [M]: 0x0000000080001508 (0x555F0F13) addi x30, x30, 0x555                    inst_139+4
x30 <- 0x0000000055555555

clint mtime 0x00000000000002A2 (mip.MTI <- 0b1, mip.STI <- 0b0)
mem[X,0x000000008000150C] -> 0x1F13
mem[X,0x000000008000150E] -> 0x00BF
[1348] [M]: 0x000000008000150C (0x00BF1F13) slli x30, x30, 0xb                      inst_139+8
x30 <- 0x000002AAAAAAA800

mem[X,0x0000000080001510] -> 0x0F13
mem[X,0x0000000080001512] -> 0x2AAF
[1349] [M]: 0x0000000080001510 (0x2AAF0F13) addi x30, x30, 0x2aa                    inst_139+12
x30 <- 0x000002AAAAAAAAAA

clint mtime 0x00000000000002A3 (mip.MTI <- 0b1, mip.STI <- 0b0)
mem[X,0x0000000080001514] -> 0x1F13
mem[X,0x0000000080001516] -> 0x00BF
[1350] [M]: 0x0000000080001514 (0x00BF1F13) slli x30, x30, 0xb                      inst_139+16
x30 <- 0x0015555555555000

mem[X,0x0000000080001518] -> 0x0F13
mem[X,0x000000008000151A] -> 0x555F
[1351] [M]: 0x0000000080001518 (0x555F0F13) addi x30, x30, 0x555                    inst_139+20
x30 <- 0x0015555555555555

clint mtime 0x00000000000002A4 (mip.MTI <- 0b1, mip.STI <- 0b0)
mem[X,0x000000008000151C] -> 0x1F13
mem[X,0x000000008000151E] -> 0x00AF
[1352] [M]: 0x000000008000151C (0x00AF1F13) slli x30, x30, 0xa                      inst_139+24
x30 <- 0x5555555555555400

mem[X,0x0000000080001520] -> 0x0F13
mem[X,0x0000000080001522] -> 0x156F
[1353] [M]: 0x0000000080001520 (0x156F0F13) addi x30, x30, 0x156                    inst_139+28
x30 <- 0x5555555555555556

clint mtime 0x00000000000002A5 (mip.MTI <- 0b1, mip.STI <- 0b0)
mem[X,0x0000000080001524] -> 0x6F93
mem[X,0x0000000080001526] -> 0x02CF
[1354] [M]: 0x0000000080001524 (0x02CF6F93) ori x31, x30, 0x2c                      inst_139+32
x31 <- 0x555555555555557E

mem[X,0x0000000080001528] -> 0xB423
mem[X,0x000000008000152A] -> 0x39F3
[1355] [M]: 0x0000000080001528 (0x39F3B423) sd x31, 0x388(x7)                       inst_139+36
mem[W,0x0000000080006570] <- 0x555555555555557E

clint mtime 0x00000000000002A6 (mip.MTI <- 0b1, mip.STI <- 0b0)
mem[X,0x000000008000152C] -> 0x5F37
mem[X,0x000000008000152E] -> 0x5555
[1356] [M]: 0x000000008000152C (0x55555F37) lui x30, 0x55555                        inst_140+0
x30 <- 0x0000000055555000

mem[X,0x0000000080001530] -> 0x0F13
mem[X,0x0000000080001532] -> 0x555F
[1357] [M]: 0x0000000080001530 (0x555F0F13) addi x30, x30, 0x555                    inst_140+4
x30 <- 0x0000000055555555

clint mtime 0x00000000000002A7 (mip.MTI <- 0b1, mip.STI <- 0b0)
mem[X,0x0000000080001534] -> 0x1F13
mem[X,0x0000000080001536] -> 0x00BF
[1358] [M]: 0x0000000080001534 (0x00BF1F13) slli x30, x30, 0xb                      inst_140+8
x30 <- 0x000002AAAAAAA800

mem[X,0x0000000080001538] -> 0x0F13
mem[X,0x000000008000153A] -> 0x2AAF
[1359] [M]: 0x0000000080001538 (0x2AAF0F13) addi x30, x30, 0x2aa                    inst_140+12
x30 <- 0x000002AAAAAAAAAA

clint mtime 0x00000000000002A8 (mip.MTI <- 0b1, mip.STI <- 0b0)
mem[X,0x000000008000153C] -> 0x1F13
mem[X,0x000000008000153E] -> 0x00BF
[1360] [M]: 0x000000008000153C (0x00BF1F13) slli x30, x30, 0xb                      inst_140+16
x30 <- 0x0015555555555000

mem[X,0x0000000080001540] -> 0x0F13
mem[X,0x0000000080001542] -> 0x555F
[1361] [M]: 0x0000000080001540 (0x555F0F13) addi x30, x30, 0x555                    inst_140+20
x30 <- 0x0015555555555555

clint mtime 0x00000000000002A9 (mip.MTI <- 0b1, mip.STI <- 0b0)
mem[X,0x0000000080001544] -> 0x1F13
mem[X,0x0000000080001546] -> 0x00AF
[1362] [M]: 0x0000000080001544 (0x00AF1F13) slli x30, x30, 0xa                      inst_140+24
x30 <- 0x5555555555555400

mem[X,0x0000000080001548] -> 0x0F13
mem[X,0x000000008000154A] -> 0x156F
[1363] [M]: 0x0000000080001548 (0x156F0F13) addi x30, x30, 0x156                    inst_140+28
x30 <- 0x5555555555555556

clint mtime 0x00000000000002AA (mip.MTI <- 0b1, mip.STI <- 0b0)
mem[X,0x000000008000154C] -> 0x6F93
mem[X,0x000000008000154E] -> 0x665F
[1364] [M]: 0x000000008000154C (0x665F6F93) ori x31, x30, 0x665                     inst_140+32
x31 <- 0x5555555555555777

mem[X,0x0000000080001550] -> 0xB823
mem[X,0x0000000080001552] -> 0x39F3
[1365] [M]: 0x0000000080001550 (0x39F3B823) sd x31, 0x390(x7)                       inst_140+36
mem[W,0x0000000080006578] <- 0x5555555555555777

clint mtime 0x00000000000002AB (mip.MTI <- 0b1, mip.STI <- 0b0)
mem[X,0x0000000080001554] -> 0x5F37
mem[X,0x0000000080001556] -> 0x5555
[1366] [M]: 0x0000000080001554 (0x55555F37) lui x30, 0x55555                        inst_141+0
x30 <- 0x0000000055555000

mem[X,0x0000000080001558] -> 0x0F13
mem[X,0x000000008000155A] -> 0x555F
[1367] [M]: 0x0000000080001558 (0x555F0F13) addi x30, x30, 0x555                    inst_141+4
x30 <- 0x0000000055555555

clint mtime 0x00000000000002AC (mip.MTI <- 0b1, mip.STI <- 0b0)
mem[X,0x000000008000155C] -> 0x1F13
mem[X,0x000000008000155E] -> 0x00BF
[1368] [M]: 0x000000008000155C (0x00BF1F13) slli x30, x30, 0xb                      inst_141+8
x30 <- 0x000002AAAAAAA800

mem[X,0x0000000080001560] -> 0x0F13
mem[X,0x0000000080001562] -> 0x2AAF
[1369] [M]: 0x0000000080001560 (0x2AAF0F13) addi x30, x30, 0x2aa                    inst_141+12
x30 <- 0x000002AAAAAAAAAA

clint mtime 0x00000000000002AD (mip.MTI <- 0b1, mip.STI <- 0b0)
mem[X,0x0000000080001564] -> 0x1F13
mem[X,0x0000000080001566] -> 0x00BF
[1370] [M]: 0x0000000080001564 (0x00BF1F13) slli x30, x30, 0xb                      inst_141+16
x30 <- 0x0015555555555000

mem[X,0x0000000080001568] -> 0x0F13
mem[X,0x000000008000156A] -> 0x555F
[1371] [M]: 0x0000000080001568 (0x555F0F13) addi x30, x30, 0x555                    inst_141+20
x30 <- 0x0015555555555555

clint mtime 0x00000000000002AE (mip.MTI <- 0b1, mip.STI <- 0b0)
mem[X,0x000000008000156C] -> 0x1F13
mem[X,0x000000008000156E] -> 0x00AF
[1372] [M]: 0x000000008000156C (0x00AF1F13) slli x30, x30, 0xa                      inst_141+24
x30 <- 0x5555555555555400

mem[X,0x0000000080001570] -> 0x0F13
mem[X,0x0000000080001572] -> 0x156F
[1373] [M]: 0x0000000080001570 (0x156F0F13) addi x30, x30, 0x156                    inst_141+28
x30 <- 0x5555555555555556

clint mtime 0x00000000000002AF (mip.MTI <- 0b1, mip.STI <- 0b0)
mem[X,0x0000000080001574] -> 0x6F93
mem[X,0x0000000080001576] -> 0x332F
[1374] [M]: 0x0000000080001574 (0x332F6F93) ori x31, x30, 0x332                     inst_141+32
x31 <- 0x5555555555555776

mem[X,0x0000000080001578] -> 0xBC23
mem[X,0x000000008000157A] -> 0x39F3
[1375] [M]: 0x0000000080001578 (0x39F3BC23) sd x31, 0x398(x7)                       inst_141+36
mem[W,0x0000000080006580] <- 0x5555555555555776

clint mtime 0x00000000000002B0 (mip.MTI <- 0b1, mip.STI <- 0b0)
mem[X,0x000000008000157C] -> 0x5F37
mem[X,0x000000008000157E] -> 0x5555
[1376] [M]: 0x000000008000157C (0x55555F37) lui x30, 0x55555                        inst_142+0
x30 <- 0x0000000055555000

mem[X,0x0000000080001580] -> 0x0F13
mem[X,0x0000000080001582] -> 0x555F
[1377] [M]: 0x0000000080001580 (0x555F0F13) addi x30, x30, 0x555                    inst_142+4
x30 <- 0x0000000055555555

clint mtime 0x00000000000002B1 (mip.MTI <- 0b1, mip.STI <- 0b0)
mem[X,0x0000000080001584] -> 0x1F13
mem[X,0x0000000080001586] -> 0x00BF
[1378] [M]: 0x0000000080001584 (0x00BF1F13) slli x30, x30, 0xb                      inst_142+8
x30 <- 0x000002AAAAAAA800

mem[X,0x0000000080001588] -> 0x0F13
mem[X,0x000000008000158A] -> 0x2AAF
[1379] [M]: 0x0000000080001588 (0x2AAF0F13) addi x30, x30, 0x2aa                    inst_142+12
x30 <- 0x000002AAAAAAAAAA

clint mtime 0x00000000000002B2 (mip.MTI <- 0b1, mip.STI <- 0b0)
mem[X,0x000000008000158C] -> 0x1F13
mem[X,0x000000008000158E] -> 0x00BF
[1380] [M]: 0x000000008000158C (0x00BF1F13) slli x30, x30, 0xb                      inst_142+16
x30 <- 0x0015555555555000

mem[X,0x0000000080001590] -> 0x0F13
mem[X,0x0000000080001592] -> 0x555F
[1381] [M]: 0x0000000080001590 (0x555F0F13) addi x30, x30, 0x555                    inst_142+20
x30 <- 0x0015555555555555

clint mtime 0x00000000000002B3 (mip.MTI <- 0b1, mip.STI <- 0b0)
mem[X,0x0000000080001594] -> 0x1F13
mem[X,0x0000000080001596] -> 0x00AF
[1382] [M]: 0x0000000080001594 (0x00AF1F13) slli x30, x30, 0xa                      inst_142+24
x30 <- 0x5555555555555400

mem[X,0x0000000080001598] -> 0x0F13
mem[X,0x000000008000159A] -> 0x156F
[1383] [M]: 0x0000000080001598 (0x156F0F13) addi x30, x30, 0x156                    inst_142+28
x30 <- 0x5555555555555556

clint mtime 0x00000000000002B4 (mip.MTI <- 0b1, mip.STI <- 0b0)
mem[X,0x000000008000159C] -> 0x6F93
mem[X,0x000000008000159E] -> 0x004F
[1384] [M]: 0x000000008000159C (0x004F6F93) ori x31, x30, 0x4                       inst_142+32
x31 <- 0x5555555555555556

mem[X,0x00000000800015A0] -> 0xB023
mem[X,0x00000000800015A2] -> 0x3BF3
[1385] [M]: 0x00000000800015A0 (0x3BF3B023) sd x31, 0x3a0(x7)                       inst_142+36
mem[W,0x0000000080006588] <- 0x5555555555555556

clint mtime 0x00000000000002B5 (mip.MTI <- 0b1, mip.STI <- 0b0)
mem[X,0x00000000800015A4] -> 0x5F37
mem[X,0x00000000800015A6] -> 0x5555
[1386] [M]: 0x00000000800015A4 (0x55555F37) lui x30, 0x55555                        inst_143+0
x30 <- 0x0000000055555000

mem[X,0x00000000800015A8] -> 0x0F13
mem[X,0x00000000800015AA] -> 0x555F
[1387] [M]: 0x00000000800015A8 (0x555F0F13) addi x30, x30, 0x555                    inst_143+4
x30 <- 0x0000000055555555

clint mtime 0x00000000000002B6 (mip.MTI <- 0b1, mip.STI <- 0b0)
mem[X,0x00000000800015AC] -> 0x1F13
mem[X,0x00000000800015AE] -> 0x00BF
[1388] [M]: 0x00000000800015AC (0x00BF1F13) slli x30, x30, 0xb                      inst_143+8
x30 <- 0x000002AAAAAAA800

mem[X,0x00000000800015B0] -> 0x0F13
mem[X,0x00000000800015B2] -> 0x2AAF
[1389] [M]: 0x00000000800015B0 (0x2AAF0F13) addi x30, x30, 0x2aa                    inst_143+12
x30 <- 0x000002AAAAAAAAAA

clint mtime 0x00000000000002B7 (mip.MTI <- 0b1, mip.STI <- 0b0)
mem[X,0x00000000800015B4] -> 0x1F13
mem[X,0x00000000800015B6] -> 0x00BF
[1390] [M]: 0x00000000800015B4 (0x00BF1F13) slli x30, x30, 0xb                      inst_143+16
x30 <- 0x0015555555555000

mem[X,0x00000000800015B8] -> 0x0F13
mem[X,0x00000000800015BA] -> 0x555F
[1391] [M]: 0x00000000800015B8 (0x555F0F13) addi x30, x30, 0x555                    inst_143+20
x30 <- 0x0015555555555555

clint mtime 0x00000000000002B8 (mip.MTI <- 0b1, mip.STI <- 0b0)
mem[X,0x00000000800015BC] -> 0x1F13
mem[X,0x00000000800015BE] -> 0x00AF
[1392] [M]: 0x00000000800015BC (0x00AF1F13) slli x30, x30, 0xa                      inst_143+24
x30 <- 0x5555555555555400

mem[X,0x00000000800015C0] -> 0x0F13
mem[X,0x00000000800015C2] -> 0x156F
[1393] [M]: 0x00000000800015C0 (0x156F0F13) addi x30, x30, 0x156                    inst_143+28
x30 <- 0x5555555555555556

clint mtime 0x00000000000002B9 (mip.MTI <- 0b1, mip.STI <- 0b0)
mem[X,0x00000000800015C4] -> 0x6F93
mem[X,0x00000000800015C6] -> 0x000F
[1394] [M]: 0x00000000800015C4 (0x000F6F93) ori x31, x30, 0x0                       inst_143+32
x31 <- 0x5555555555555556

mem[X,0x00000000800015C8] -> 0xB423
mem[X,0x00000000800015CA] -> 0x3BF3
[1395] [M]: 0x00000000800015C8 (0x3BF3B423) sd x31, 0x3a8(x7)                       inst_143+36
mem[W,0x0000000080006590] <- 0x5555555555555556

clint mtime 0x00000000000002BA (mip.MTI <- 0b1, mip.STI <- 0b0)
mem[X,0x00000000800015CC] -> 0x5F37
mem[X,0x00000000800015CE] -> 0x5555
[1396] [M]: 0x00000000800015CC (0x55555F37) lui x30, 0x55555                        inst_144+0
x30 <- 0x0000000055555000

mem[X,0x00000000800015D0] -> 0x0F13
mem[X,0x00000000800015D2] -> 0x555F
[1397] [M]: 0x00000000800015D0 (0x555F0F13) addi x30, x30, 0x555                    inst_144+4
x30 <- 0x0000000055555555

clint mtime 0x00000000000002BB (mip.MTI <- 0b1, mip.STI <- 0b0)
mem[X,0x00000000800015D4] -> 0x1F13
mem[X,0x00000000800015D6] -> 0x00BF
[1398] [M]: 0x00000000800015D4 (0x00BF1F13) slli x30, x30, 0xb                      inst_144+8
x30 <- 0x000002AAAAAAA800

mem[X,0x00000000800015D8] -> 0x0F13
mem[X,0x00000000800015DA] -> 0x2AAF
[1399] [M]: 0x00000000800015D8 (0x2AAF0F13) addi x30, x30, 0x2aa                    inst_144+12
x30 <- 0x000002AAAAAAAAAA

clint mtime 0x00000000000002BC (mip.MTI <- 0b1, mip.STI <- 0b0)
mem[X,0x00000000800015DC] -> 0x1F13
mem[X,0x00000000800015DE] -> 0x00BF
[1400] [M]: 0x00000000800015DC (0x00BF1F13) slli x30, x30, 0xb                      inst_144+16
x30 <- 0x0015555555555000

mem[X,0x00000000800015E0] -> 0x0F13
mem[X,0x00000000800015E2] -> 0x555F
[1401] [M]: 0x00000000800015E0 (0x555F0F13) addi x30, x30, 0x555                    inst_144+20
x30 <- 0x0015555555555555

clint mtime 0x00000000000002BD (mip.MTI <- 0b1, mip.STI <- 0b0)
mem[X,0x00000000800015E4] -> 0x1F13
mem[X,0x00000000800015E6] -> 0x00AF
[1402] [M]: 0x00000000800015E4 (0x00AF1F13) slli x30, x30, 0xa                      inst_144+24
x30 <- 0x5555555555555400

mem[X,0x00000000800015E8] -> 0x0F13
mem[X,0x00000000800015EA] -> 0x156F
[1403] [M]: 0x00000000800015E8 (0x156F0F13) addi x30, x30, 0x156                    inst_144+28
x30 <- 0x5555555555555556

clint mtime 0x00000000000002BE (mip.MTI <- 0b1, mip.STI <- 0b0)
mem[X,0x00000000800015EC] -> 0x6F93
mem[X,0x00000000800015EE] -> 0x554F
[1404] [M]: 0x00000000800015EC (0x554F6F93) ori x31, x30, 0x554                     inst_144+32
x31 <- 0x5555555555555556

mem[X,0x00000000800015F0] -> 0xB823
mem[X,0x00000000800015F2] -> 0x3BF3
[1405] [M]: 0x00000000800015F0 (0x3BF3B823) sd x31, 0x3b0(x7)                       inst_144+36
mem[W,0x0000000080006598] <- 0x5555555555555556

clint mtime 0x00000000000002BF (mip.MTI <- 0b1, mip.STI <- 0b0)
mem[X,0x00000000800015F4] -> 0x5F37
mem[X,0x00000000800015F6] -> 0x5555
[1406] [M]: 0x00000000800015F4 (0x55555F37) lui x30, 0x55555                        inst_145+0
x30 <- 0x0000000055555000

mem[X,0x00000000800015F8] -> 0x0F13
mem[X,0x00000000800015FA] -> 0x555F
[1407] [M]: 0x00000000800015F8 (0x555F0F13) addi x30, x30, 0x555                    inst_145+4
x30 <- 0x0000000055555555

clint mtime 0x00000000000002C0 (mip.MTI <- 0b1, mip.STI <- 0b0)
mem[X,0x00000000800015FC] -> 0x1F13
mem[X,0x00000000800015FE] -> 0x00BF
[1408] [M]: 0x00000000800015FC (0x00BF1F13) slli x30, x30, 0xb                      inst_145+8
x30 <- 0x000002AAAAAAA800

mem[X,0x0000000080001600] -> 0x0F13
mem[X,0x0000000080001602] -> 0x2AAF
[1409] [M]: 0x0000000080001600 (0x2AAF0F13) addi x30, x30, 0x2aa                    inst_145+12
x30 <- 0x000002AAAAAAAAAA

clint mtime 0x00000000000002C1 (mip.MTI <- 0b1, mip.STI <- 0b0)
mem[X,0x0000000080001604] -> 0x1F13
mem[X,0x0000000080001606] -> 0x00BF
[1410] [M]: 0x0000000080001604 (0x00BF1F13) slli x30, x30, 0xb                      inst_145+16
x30 <- 0x0015555555555000

mem[X,0x0000000080001608] -> 0x0F13
mem[X,0x000000008000160A] -> 0x555F
[1411] [M]: 0x0000000080001608 (0x555F0F13) addi x30, x30, 0x555                    inst_145+20
x30 <- 0x0015555555555555

clint mtime 0x00000000000002C2 (mip.MTI <- 0b1, mip.STI <- 0b0)
mem[X,0x000000008000160C] -> 0x1F13
mem[X,0x000000008000160E] -> 0x00AF
[1412] [M]: 0x000000008000160C (0x00AF1F13) slli x30, x30, 0xa                      inst_145+24
x30 <- 0x5555555555555400

mem[X,0x0000000080001610] -> 0x0F13
mem[X,0x0000000080001612] -> 0x156F
[1413] [M]: 0x0000000080001610 (0x156F0F13) addi x30, x30, 0x156                    inst_145+28
x30 <- 0x5555555555555556

clint mtime 0x00000000000002C3 (mip.MTI <- 0b1, mip.STI <- 0b0)
mem[X,0x0000000080001614] -> 0x6F93
mem[X,0x0000000080001616] -> 0x002F
[1414] [M]: 0x0000000080001614 (0x002F6F93) ori x31, x30, 0x2                       inst_145+32
x31 <- 0x5555555555555556

mem[X,0x0000000080001618] -> 0xBC23
mem[X,0x000000008000161A] -> 0x3BF3
[1415] [M]: 0x0000000080001618 (0x3BF3BC23) sd x31, 0x3b8(x7)                       inst_145+36
mem[W,0x00000000800065A0] <- 0x5555555555555556

clint mtime 0x00000000000002C4 (mip.MTI <- 0b1, mip.STI <- 0b0)
mem[X,0x000000008000161C] -> 0x5F37
mem[X,0x000000008000161E] -> 0x5555
[1416] [M]: 0x000000008000161C (0x55555F37) lui x30, 0x55555                        inst_146+0
x30 <- 0x0000000055555000

mem[X,0x0000000080001620] -> 0x0F13
mem[X,0x0000000080001622] -> 0x555F
[1417] [M]: 0x0000000080001620 (0x555F0F13) addi x30, x30, 0x555                    inst_146+4
x30 <- 0x0000000055555555

clint mtime 0x00000000000002C5 (mip.MTI <- 0b1, mip.STI <- 0b0)
mem[X,0x0000000080001624] -> 0x1F13
mem[X,0x0000000080001626] -> 0x00BF
[1418] [M]: 0x0000000080001624 (0x00BF1F13) slli x30, x30, 0xb                      inst_146+8
x30 <- 0x000002AAAAAAA800

mem[X,0x0000000080001628] -> 0x0F13
mem[X,0x000000008000162A] -> 0x2AAF
[1419] [M]: 0x0000000080001628 (0x2AAF0F13) addi x30, x30, 0x2aa                    inst_146+12
x30 <- 0x000002AAAAAAAAAA

clint mtime 0x00000000000002C6 (mip.MTI <- 0b1, mip.STI <- 0b0)
mem[X,0x000000008000162C] -> 0x1F13
mem[X,0x000000008000162E] -> 0x00BF
[1420] [M]: 0x000000008000162C (0x00BF1F13) slli x30, x30, 0xb                      inst_146+16
x30 <- 0x0015555555555000

mem[X,0x0000000080001630] -> 0x0F13
mem[X,0x0000000080001632] -> 0x555F
[1421] [M]: 0x0000000080001630 (0x555F0F13) addi x30, x30, 0x555                    inst_146+20
x30 <- 0x0015555555555555

clint mtime 0x00000000000002C7 (mip.MTI <- 0b1, mip.STI <- 0b0)
mem[X,0x0000000080001634] -> 0x1F13
mem[X,0x0000000080001636] -> 0x00AF
[1422] [M]: 0x0000000080001634 (0x00AF1F13) slli x30, x30, 0xa                      inst_146+24
x30 <- 0x5555555555555400

mem[X,0x0000000080001638] -> 0x0F13
mem[X,0x000000008000163A] -> 0x156F
[1423] [M]: 0x0000000080001638 (0x156F0F13) addi x30, x30, 0x156                    inst_146+28
x30 <- 0x5555555555555556

clint mtime 0x00000000000002C8 (mip.MTI <- 0b1, mip.STI <- 0b0)
mem[X,0x000000008000163C] -> 0x6F93
mem[X,0x000000008000163E] -> 0x02DF
[1424] [M]: 0x000000008000163C (0x02DF6F93) ori x31, x30, 0x2d                      inst_146+32
x31 <- 0x555555555555557F

mem[X,0x0000000080001640] -> 0xB023
mem[X,0x0000000080001642] -> 0x3DF3
[1425] [M]: 0x0000000080001640 (0x3DF3B023) sd x31, 0x3c0(x7)                       inst_146+36
mem[W,0x00000000800065A8] <- 0x555555555555557F

clint mtime 0x00000000000002C9 (mip.MTI <- 0b1, mip.STI <- 0b0)
mem[X,0x0000000080001644] -> 0x5F37
mem[X,0x0000000080001646] -> 0x5555
[1426] [M]: 0x0000000080001644 (0x55555F37) lui x30, 0x55555                        inst_147+0
x30 <- 0x0000000055555000

mem[X,0x0000000080001648] -> 0x0F13
mem[X,0x000000008000164A] -> 0x555F
[1427] [M]: 0x0000000080001648 (0x555F0F13) addi x30, x30, 0x555                    inst_147+4
x30 <- 0x0000000055555555

clint mtime 0x00000000000002CA (mip.MTI <- 0b1, mip.STI <- 0b0)
mem[X,0x000000008000164C] -> 0x1F13
mem[X,0x000000008000164E] -> 0x00BF
[1428] [M]: 0x000000008000164C (0x00BF1F13) slli x30, x30, 0xb                      inst_147+8
x30 <- 0x000002AAAAAAA800

mem[X,0x0000000080001650] -> 0x0F13
mem[X,0x0000000080001652] -> 0x2AAF
[1429] [M]: 0x0000000080001650 (0x2AAF0F13) addi x30, x30, 0x2aa                    inst_147+12
x30 <- 0x000002AAAAAAAAAA

clint mtime 0x00000000000002CB (mip.MTI <- 0b1, mip.STI <- 0b0)
mem[X,0x0000000080001654] -> 0x1F13
mem[X,0x0000000080001656] -> 0x00BF
[1430] [M]: 0x0000000080001654 (0x00BF1F13) slli x30, x30, 0xb                      inst_147+16
x30 <- 0x0015555555555000

mem[X,0x0000000080001658] -> 0x0F13
mem[X,0x000000008000165A] -> 0x555F
[1431] [M]: 0x0000000080001658 (0x555F0F13) addi x30, x30, 0x555                    inst_147+20
x30 <- 0x0015555555555555

clint mtime 0x00000000000002CC (mip.MTI <- 0b1, mip.STI <- 0b0)
mem[X,0x000000008000165C] -> 0x1F13
mem[X,0x000000008000165E] -> 0x00AF
[1432] [M]: 0x000000008000165C (0x00AF1F13) slli x30, x30, 0xa                      inst_147+24
x30 <- 0x5555555555555400

mem[X,0x0000000080001660] -> 0x0F13
mem[X,0x0000000080001662] -> 0x156F
[1433] [M]: 0x0000000080001660 (0x156F0F13) addi x30, x30, 0x156                    inst_147+28
x30 <- 0x5555555555555556

clint mtime 0x00000000000002CD (mip.MTI <- 0b1, mip.STI <- 0b0)
mem[X,0x0000000080001664] -> 0x6F93
mem[X,0x0000000080001666] -> 0xFD3F
[1434] [M]: 0x0000000080001664 (0xFD3F6F93) ori x31, x30, -0x2d                     inst_147+32
x31 <- 0xFFFFFFFFFFFFFFD7

mem[X,0x0000000080001668] -> 0xB423
mem[X,0x000000008000166A] -> 0x3DF3
[1435] [M]: 0x0000000080001668 (0x3DF3B423) sd x31, 0x3c8(x7)                       inst_147+36
mem[W,0x00000000800065B0] <- 0xFFFFFFFFFFFFFFD7

clint mtime 0x00000000000002CE (mip.MTI <- 0b1, mip.STI <- 0b0)
mem[X,0x000000008000166C] -> 0x5F37
mem[X,0x000000008000166E] -> 0x5555
[1436] [M]: 0x000000008000166C (0x55555F37) lui x30, 0x55555                        inst_148+0
x30 <- 0x0000000055555000

mem[X,0x0000000080001670] -> 0x0F13
mem[X,0x0000000080001672] -> 0x555F
[1437] [M]: 0x0000000080001670 (0x555F0F13) addi x30, x30, 0x555                    inst_148+4
x30 <- 0x0000000055555555

clint mtime 0x00000000000002CF (mip.MTI <- 0b1, mip.STI <- 0b0)
mem[X,0x0000000080001674] -> 0x1F13
mem[X,0x0000000080001676] -> 0x00BF
[1438] [M]: 0x0000000080001674 (0x00BF1F13) slli x30, x30, 0xb                      inst_148+8
x30 <- 0x000002AAAAAAA800

mem[X,0x0000000080001678] -> 0x0F13
mem[X,0x000000008000167A] -> 0x2AAF
[1439] [M]: 0x0000000080001678 (0x2AAF0F13) addi x30, x30, 0x2aa                    inst_148+12
x30 <- 0x000002AAAAAAAAAA

clint mtime 0x00000000000002D0 (mip.MTI <- 0b1, mip.STI <- 0b0)
mem[X,0x000000008000167C] -> 0x1F13
mem[X,0x000000008000167E] -> 0x00BF
[1440] [M]: 0x000000008000167C (0x00BF1F13) slli x30, x30, 0xb                      inst_148+16
x30 <- 0x0015555555555000

mem[X,0x0000000080001680] -> 0x0F13
mem[X,0x0000000080001682] -> 0x555F
[1441] [M]: 0x0000000080001680 (0x555F0F13) addi x30, x30, 0x555                    inst_148+20
x30 <- 0x0015555555555555

clint mtime 0x00000000000002D1 (mip.MTI <- 0b1, mip.STI <- 0b0)
mem[X,0x0000000080001684] -> 0x1F13
mem[X,0x0000000080001686] -> 0x00AF
[1442] [M]: 0x0000000080001684 (0x00AF1F13) slli x30, x30, 0xa                      inst_148+24
x30 <- 0x5555555555555400

mem[X,0x0000000080001688] -> 0x0F13
mem[X,0x000000008000168A] -> 0x156F
[1443] [M]: 0x0000000080001688 (0x156F0F13) addi x30, x30, 0x156                    inst_148+28
x30 <- 0x5555555555555556

clint mtime 0x00000000000002D2 (mip.MTI <- 0b1, mip.STI <- 0b0)
mem[X,0x000000008000168C] -> 0x6F93
mem[X,0x000000008000168E] -> 0x666F
[1444] [M]: 0x000000008000168C (0x666F6F93) ori x31, x30, 0x666                     inst_148+32
x31 <- 0x5555555555555776

mem[X,0x0000000080001690] -> 0xB823
mem[X,0x0000000080001692] -> 0x3DF3
[1445] [M]: 0x0000000080001690 (0x3DF3B823) sd x31, 0x3d0(x7)                       inst_148+36
mem[W,0x00000000800065B8] <- 0x5555555555555776

clint mtime 0x00000000000002D3 (mip.MTI <- 0b1, mip.STI <- 0b0)
mem[X,0x0000000080001694] -> 0x5F37
mem[X,0x0000000080001696] -> 0x5555
[1446] [M]: 0x0000000080001694 (0x55555F37) lui x30, 0x55555                        inst_149+0
x30 <- 0x0000000055555000

mem[X,0x0000000080001698] -> 0x0F13
mem[X,0x000000008000169A] -> 0x555F
[1447] [M]: 0x0000000080001698 (0x555F0F13) addi x30, x30, 0x555                    inst_149+4
x30 <- 0x0000000055555555

clint mtime 0x00000000000002D4 (mip.MTI <- 0b1, mip.STI <- 0b0)
mem[X,0x000000008000169C] -> 0x1F13
mem[X,0x000000008000169E] -> 0x00BF
[1448] [M]: 0x000000008000169C (0x00BF1F13) slli x30, x30, 0xb                      inst_149+8
x30 <- 0x000002AAAAAAA800

mem[X,0x00000000800016A0] -> 0x0F13
mem[X,0x00000000800016A2] -> 0x2AAF
[1449] [M]: 0x00000000800016A0 (0x2AAF0F13) addi x30, x30, 0x2aa                    inst_149+12
x30 <- 0x000002AAAAAAAAAA

clint mtime 0x00000000000002D5 (mip.MTI <- 0b1, mip.STI <- 0b0)
mem[X,0x00000000800016A4] -> 0x1F13
mem[X,0x00000000800016A6] -> 0x00BF
[1450] [M]: 0x00000000800016A4 (0x00BF1F13) slli x30, x30, 0xb                      inst_149+16
x30 <- 0x0015555555555000

mem[X,0x00000000800016A8] -> 0x0F13
mem[X,0x00000000800016AA] -> 0x555F
[1451] [M]: 0x00000000800016A8 (0x555F0F13) addi x30, x30, 0x555                    inst_149+20
x30 <- 0x0015555555555555

clint mtime 0x00000000000002D6 (mip.MTI <- 0b1, mip.STI <- 0b0)
mem[X,0x00000000800016AC] -> 0x1F13
mem[X,0x00000000800016AE] -> 0x00AF
[1452] [M]: 0x00000000800016AC (0x00AF1F13) slli x30, x30, 0xa                      inst_149+24
x30 <- 0x5555555555555400

mem[X,0x00000000800016B0] -> 0x0F13
mem[X,0x00000000800016B2] -> 0x156F
[1453] [M]: 0x00000000800016B0 (0x156F0F13) addi x30, x30, 0x156                    inst_149+28
x30 <- 0x5555555555555556

clint mtime 0x00000000000002D7 (mip.MTI <- 0b1, mip.STI <- 0b0)
mem[X,0x00000000800016B4] -> 0x6F93
mem[X,0x00000000800016B6] -> 0x333F
[1454] [M]: 0x00000000800016B4 (0x333F6F93) ori x31, x30, 0x333                     inst_149+32
x31 <- 0x5555555555555777

mem[X,0x00000000800016B8] -> 0xBC23
mem[X,0x00000000800016BA] -> 0x3DF3
[1455] [M]: 0x00000000800016B8 (0x3DF3BC23) sd x31, 0x3d8(x7)                       inst_149+36
mem[W,0x00000000800065C0] <- 0x5555555555555777

clint mtime 0x00000000000002D8 (mip.MTI <- 0b1, mip.STI <- 0b0)
mem[X,0x00000000800016BC] -> 0x5F37
mem[X,0x00000000800016BE] -> 0x5555
[1456] [M]: 0x00000000800016BC (0x55555F37) lui x30, 0x55555                        inst_150+0
x30 <- 0x0000000055555000

mem[X,0x00000000800016C0] -> 0x0F13
mem[X,0x00000000800016C2] -> 0x555F
[1457] [M]: 0x00000000800016C0 (0x555F0F13) addi x30, x30, 0x555                    inst_150+4
x30 <- 0x0000000055555555

clint mtime 0x00000000000002D9 (mip.MTI <- 0b1, mip.STI <- 0b0)
mem[X,0x00000000800016C4] -> 0x1F13
mem[X,0x00000000800016C6] -> 0x00BF
[1458] [M]: 0x00000000800016C4 (0x00BF1F13) slli x30, x30, 0xb                      inst_150+8
x30 <- 0x000002AAAAAAA800

mem[X,0x00000000800016C8] -> 0x0F13
mem[X,0x00000000800016CA] -> 0x2AAF
[1459] [M]: 0x00000000800016C8 (0x2AAF0F13) addi x30, x30, 0x2aa                    inst_150+12
x30 <- 0x000002AAAAAAAAAA

clint mtime 0x00000000000002DA (mip.MTI <- 0b1, mip.STI <- 0b0)
mem[X,0x00000000800016CC] -> 0x1F13
mem[X,0x00000000800016CE] -> 0x00BF
[1460] [M]: 0x00000000800016CC (0x00BF1F13) slli x30, x30, 0xb                      inst_150+16
x30 <- 0x0015555555555000

mem[X,0x00000000800016D0] -> 0x0F13
mem[X,0x00000000800016D2] -> 0x555F
[1461] [M]: 0x00000000800016D0 (0x555F0F13) addi x30, x30, 0x555                    inst_150+20
x30 <- 0x0015555555555555

clint mtime 0x00000000000002DB (mip.MTI <- 0b1, mip.STI <- 0b0)
mem[X,0x00000000800016D4] -> 0x1F13
mem[X,0x00000000800016D6] -> 0x00AF
[1462] [M]: 0x00000000800016D4 (0x00AF1F13) slli x30, x30, 0xa                      inst_150+24
x30 <- 0x5555555555555400

mem[X,0x00000000800016D8] -> 0x0F13
mem[X,0x00000000800016DA] -> 0x156F
[1463] [M]: 0x00000000800016D8 (0x156F0F13) addi x30, x30, 0x156                    inst_150+28
x30 <- 0x5555555555555556

clint mtime 0x00000000000002DC (mip.MTI <- 0b1, mip.STI <- 0b0)
mem[X,0x00000000800016DC] -> 0x6F93
mem[X,0x00000000800016DE] -> 0x005F
[1464] [M]: 0x00000000800016DC (0x005F6F93) ori x31, x30, 0x5                       inst_150+32
x31 <- 0x5555555555555557

mem[X,0x00000000800016E0] -> 0xB023
mem[X,0x00000000800016E2] -> 0x3FF3
[1465] [M]: 0x00000000800016E0 (0x3FF3B023) sd x31, 0x3e0(x7)                       inst_150+36
mem[W,0x00000000800065C8] <- 0x5555555555555557

clint mtime 0x00000000000002DD (mip.MTI <- 0b1, mip.STI <- 0b0)
mem[X,0x00000000800016E4] -> 0x5F37
mem[X,0x00000000800016E6] -> 0x5555
[1466] [M]: 0x00000000800016E4 (0x55555F37) lui x30, 0x55555                        inst_151+0
x30 <- 0x0000000055555000

mem[X,0x00000000800016E8] -> 0x0F13
mem[X,0x00000000800016EA] -> 0x555F
[1467] [M]: 0x00000000800016E8 (0x555F0F13) addi x30, x30, 0x555                    inst_151+4
x30 <- 0x0000000055555555

clint mtime 0x00000000000002DE (mip.MTI <- 0b1, mip.STI <- 0b0)
mem[X,0x00000000800016EC] -> 0x1F13
mem[X,0x00000000800016EE] -> 0x00BF
[1468] [M]: 0x00000000800016EC (0x00BF1F13) slli x30, x30, 0xb                      inst_151+8
x30 <- 0x000002AAAAAAA800

mem[X,0x00000000800016F0] -> 0x0F13
mem[X,0x00000000800016F2] -> 0x2AAF
[1469] [M]: 0x00000000800016F0 (0x2AAF0F13) addi x30, x30, 0x2aa                    inst_151+12
x30 <- 0x000002AAAAAAAAAA

clint mtime 0x00000000000002DF (mip.MTI <- 0b1, mip.STI <- 0b0)
mem[X,0x00000000800016F4] -> 0x1F13
mem[X,0x00000000800016F6] -> 0x00BF
[1470] [M]: 0x00000000800016F4 (0x00BF1F13) slli x30, x30, 0xb                      inst_151+16
x30 <- 0x0015555555555000

mem[X,0x00000000800016F8] -> 0x0F13
mem[X,0x00000000800016FA] -> 0x555F
[1471] [M]: 0x00000000800016F8 (0x555F0F13) addi x30, x30, 0x555                    inst_151+20
x30 <- 0x0015555555555555

clint mtime 0x00000000000002E0 (mip.MTI <- 0b1, mip.STI <- 0b0)
mem[X,0x00000000800016FC] -> 0x1F13
mem[X,0x00000000800016FE] -> 0x00AF
[1472] [M]: 0x00000000800016FC (0x00AF1F13) slli x30, x30, 0xa                      inst_151+24
x30 <- 0x5555555555555400

mem[X,0x0000000080001700] -> 0x0F13
mem[X,0x0000000080001702] -> 0x156F
[1473] [M]: 0x0000000080001700 (0x156F0F13) addi x30, x30, 0x156                    inst_151+28
x30 <- 0x5555555555555556

clint mtime 0x00000000000002E1 (mip.MTI <- 0b1, mip.STI <- 0b0)
mem[X,0x0000000080001704] -> 0x6F93
mem[X,0x0000000080001706] -> 0xAAAF
[1474] [M]: 0x0000000080001704 (0xAAAF6F93) ori x31, x30, -0x556                    inst_151+32
x31 <- 0xFFFFFFFFFFFFFFFE

mem[X,0x0000000080001708] -> 0xB423
mem[X,0x000000008000170A] -> 0x3FF3
[1475] [M]: 0x0000000080001708 (0x3FF3B423) sd x31, 0x3e8(x7)                       inst_151+36
mem[W,0x00000000800065D0] <- 0xFFFFFFFFFFFFFFFE

clint mtime 0x00000000000002E2 (mip.MTI <- 0b1, mip.STI <- 0b0)
mem[X,0x000000008000170C] -> 0x5F37
mem[X,0x000000008000170E] -> 0x5555
[1476] [M]: 0x000000008000170C (0x55555F37) lui x30, 0x55555                        inst_152+0
x30 <- 0x0000000055555000

mem[X,0x0000000080001710] -> 0x0F13
mem[X,0x0000000080001712] -> 0x555F
[1477] [M]: 0x0000000080001710 (0x555F0F13) addi x30, x30, 0x555                    inst_152+4
x30 <- 0x0000000055555555

clint mtime 0x00000000000002E3 (mip.MTI <- 0b1, mip.STI <- 0b0)
mem[X,0x0000000080001714] -> 0x1F13
mem[X,0x0000000080001716] -> 0x00BF
[1478] [M]: 0x0000000080001714 (0x00BF1F13) slli x30, x30, 0xb                      inst_152+8
x30 <- 0x000002AAAAAAA800

mem[X,0x0000000080001718] -> 0x0F13
mem[X,0x000000008000171A] -> 0x2AAF
[1479] [M]: 0x0000000080001718 (0x2AAF0F13) addi x30, x30, 0x2aa                    inst_152+12
x30 <- 0x000002AAAAAAAAAA

clint mtime 0x00000000000002E4 (mip.MTI <- 0b1, mip.STI <- 0b0)
mem[X,0x000000008000171C] -> 0x1F13
mem[X,0x000000008000171E] -> 0x00BF
[1480] [M]: 0x000000008000171C (0x00BF1F13) slli x30, x30, 0xb                      inst_152+16
x30 <- 0x0015555555555000

mem[X,0x0000000080001720] -> 0x0F13
mem[X,0x0000000080001722] -> 0x555F
[1481] [M]: 0x0000000080001720 (0x555F0F13) addi x30, x30, 0x555                    inst_152+20
x30 <- 0x0015555555555555

clint mtime 0x00000000000002E5 (mip.MTI <- 0b1, mip.STI <- 0b0)
mem[X,0x0000000080001724] -> 0x1F13
mem[X,0x0000000080001726] -> 0x00AF
[1482] [M]: 0x0000000080001724 (0x00AF1F13) slli x30, x30, 0xa                      inst_152+24
x30 <- 0x5555555555555400

mem[X,0x0000000080001728] -> 0x0F13
mem[X,0x000000008000172A] -> 0x156F
[1483] [M]: 0x0000000080001728 (0x156F0F13) addi x30, x30, 0x156                    inst_152+28
x30 <- 0x5555555555555556

clint mtime 0x00000000000002E6 (mip.MTI <- 0b1, mip.STI <- 0b0)
mem[X,0x000000008000172C] -> 0x6F93
mem[X,0x000000008000172E] -> 0x555F
[1484] [M]: 0x000000008000172C (0x555F6F93) ori x31, x30, 0x555                     inst_152+32
x31 <- 0x5555555555555557

mem[X,0x0000000080001730] -> 0xB823
mem[X,0x0000000080001732] -> 0x3FF3
[1485] [M]: 0x0000000080001730 (0x3FF3B823) sd x31, 0x3f0(x7)                       inst_152+36
mem[W,0x00000000800065D8] <- 0x5555555555555557

clint mtime 0x00000000000002E7 (mip.MTI <- 0b1, mip.STI <- 0b0)
mem[X,0x0000000080001734] -> 0x5F37
mem[X,0x0000000080001736] -> 0x5555
[1486] [M]: 0x0000000080001734 (0x55555F37) lui x30, 0x55555                        inst_153+0
x30 <- 0x0000000055555000

mem[X,0x0000000080001738] -> 0x0F13
mem[X,0x000000008000173A] -> 0x555F
[1487] [M]: 0x0000000080001738 (0x555F0F13) addi x30, x30, 0x555                    inst_153+4
x30 <- 0x0000000055555555

clint mtime 0x00000000000002E8 (mip.MTI <- 0b1, mip.STI <- 0b0)
mem[X,0x000000008000173C] -> 0x1F13
mem[X,0x000000008000173E] -> 0x00BF
[1488] [M]: 0x000000008000173C (0x00BF1F13) slli x30, x30, 0xb                      inst_153+8
x30 <- 0x000002AAAAAAA800

mem[X,0x0000000080001740] -> 0x0F13
mem[X,0x0000000080001742] -> 0x2AAF
[1489] [M]: 0x0000000080001740 (0x2AAF0F13) addi x30, x30, 0x2aa                    inst_153+12
x30 <- 0x000002AAAAAAAAAA

clint mtime 0x00000000000002E9 (mip.MTI <- 0b1, mip.STI <- 0b0)
mem[X,0x0000000080001744] -> 0x1F13
mem[X,0x0000000080001746] -> 0x00BF
[1490] [M]: 0x0000000080001744 (0x00BF1F13) slli x30, x30, 0xb                      inst_153+16
x30 <- 0x0015555555555000

mem[X,0x0000000080001748] -> 0x0F13
mem[X,0x000000008000174A] -> 0x555F
[1491] [M]: 0x0000000080001748 (0x555F0F13) addi x30, x30, 0x555                    inst_153+20
x30 <- 0x0015555555555555

clint mtime 0x00000000000002EA (mip.MTI <- 0b1, mip.STI <- 0b0)
mem[X,0x000000008000174C] -> 0x1F13
mem[X,0x000000008000174E] -> 0x00AF
[1492] [M]: 0x000000008000174C (0x00AF1F13) slli x30, x30, 0xa                      inst_153+24
x30 <- 0x5555555555555400

mem[X,0x0000000080001750] -> 0x0F13
mem[X,0x0000000080001752] -> 0x156F
[1493] [M]: 0x0000000080001750 (0x156F0F13) addi x30, x30, 0x156                    inst_153+28
x30 <- 0x5555555555555556

clint mtime 0x00000000000002EB (mip.MTI <- 0b1, mip.STI <- 0b0)
mem[X,0x0000000080001754] -> 0x6F93
mem[X,0x0000000080001756] -> 0x003F
[1494] [M]: 0x0000000080001754 (0x003F6F93) ori x31, x30, 0x3                       inst_153+32
x31 <- 0x5555555555555557

mem[X,0x0000000080001758] -> 0xBC23
mem[X,0x000000008000175A] -> 0x3FF3
[1495] [M]: 0x0000000080001758 (0x3FF3BC23) sd x31, 0x3f8(x7)                       inst_153+36
mem[W,0x00000000800065E0] <- 0x5555555555555557

clint mtime 0x00000000000002EC (mip.MTI <- 0b1, mip.STI <- 0b0)
mem[X,0x000000008000175C] -> 0x0F37
mem[X,0x000000008000175E] -> 0x0000
[1496] [M]: 0x000000008000175C (0x00000F37) lui x30, 0x0                            inst_154+0
x30 <- 0x0000000000000000

mem[X,0x0000000080001760] -> 0x0F13
mem[X,0x0000000080001762] -> 0x000F
[1497] [M]: 0x0000000080001760 (0x000F0F13) addi x30, x30, 0x0                      inst_154+4
x30 <- 0x0000000000000000

clint mtime 0x00000000000002ED (mip.MTI <- 0b1, mip.STI <- 0b0)
mem[X,0x0000000080001764] -> 0x1F13
mem[X,0x0000000080001766] -> 0x00BF
[1498] [M]: 0x0000000080001764 (0x00BF1F13) slli x30, x30, 0xb                      inst_154+8
x30 <- 0x0000000000000000

mem[X,0x0000000080001768] -> 0x0F13
mem[X,0x000000008000176A] -> 0x5A8F
[1499] [M]: 0x0000000080001768 (0x5A8F0F13) addi x30, x30, 0x5a8                    inst_154+12
x30 <- 0x00000000000005A8

clint mtime 0x00000000000002EE (mip.MTI <- 0b1, mip.STI <- 0b0)
mem[X,0x000000008000176C] -> 0x1F13
mem[X,0x000000008000176E] -> 0x00BF
[1500] [M]: 0x000000008000176C (0x00BF1F13) slli x30, x30, 0xb                      inst_154+16
x30 <- 0x00000000002D4000

mem[X,0x0000000080001770] -> 0x0F13
mem[X,0x0000000080001772] -> 0x13CF
[1501] [M]: 0x0000000080001770 (0x13CF0F13) addi x30, x30, 0x13c                    inst_154+20
x30 <- 0x00000000002D413C

clint mtime 0x00000000000002EF (mip.MTI <- 0b1, mip.STI <- 0b0)
mem[X,0x0000000080001774] -> 0x1F13
mem[X,0x0000000080001776] -> 0x00AF
[1502] [M]: 0x0000000080001774 (0x00AF1F13) slli x30, x30, 0xa                      inst_154+24
x30 <- 0x00000000B504F000

mem[X,0x0000000080001778] -> 0x0F13
mem[X,0x000000008000177A] -> 0x332F
[1503] [M]: 0x0000000080001778 (0x332F0F13) addi x30, x30, 0x332                    inst_154+28
x30 <- 0x00000000B504F332

clint mtime 0x00000000000002F0 (mip.MTI <- 0b1, mip.STI <- 0b0)
mem[X,0x000000008000177C] -> 0x6F93
mem[X,0x000000008000177E] -> 0x02EF
[1504] [M]: 0x000000008000177C (0x02EF6F93) ori x31, x30, 0x2e                      inst_154+32
x31 <- 0x00000000B504F33E

mem[X,0x0000000080001780] -> 0xB023
mem[X,0x0000000080001782] -> 0x41F3
[1505] [M]: 0x0000000080001780 (0x41F3B023) sd x31, 0x400(x7)                       inst_154+36
mem[W,0x00000000800065E8] <- 0x00000000B504F33E

clint mtime 0x00000000000002F1 (mip.MTI <- 0b1, mip.STI <- 0b0)
mem[X,0x0000000080001784] -> 0x0F37
mem[X,0x0000000080001786] -> 0x0000
[1506] [M]: 0x0000000080001784 (0x00000F37) lui x30, 0x0                            inst_155+0
x30 <- 0x0000000000000000

mem[X,0x0000000080001788] -> 0x0F13
mem[X,0x000000008000178A] -> 0x000F
[1507] [M]: 0x0000000080001788 (0x000F0F13) addi x30, x30, 0x0                      inst_155+4
x30 <- 0x0000000000000000

clint mtime 0x00000000000002F2 (mip.MTI <- 0b1, mip.STI <- 0b0)
mem[X,0x000000008000178C] -> 0x1F13
mem[X,0x000000008000178E] -> 0x00BF
[1508] [M]: 0x000000008000178C (0x00BF1F13) slli x30, x30, 0xb                      inst_155+8
x30 <- 0x0000000000000000

mem[X,0x0000000080001790] -> 0x0F13
mem[X,0x0000000080001792] -> 0x5A8F
[1509] [M]: 0x0000000080001790 (0x5A8F0F13) addi x30, x30, 0x5a8                    inst_155+12
x30 <- 0x00000000000005A8

clint mtime 0x00000000000002F3 (mip.MTI <- 0b1, mip.STI <- 0b0)
mem[X,0x0000000080001794] -> 0x1F13
mem[X,0x0000000080001796] -> 0x00BF
[1510] [M]: 0x0000000080001794 (0x00BF1F13) slli x30, x30, 0xb                      inst_155+16
x30 <- 0x00000000002D4000

mem[X,0x0000000080001798] -> 0x0F13
mem[X,0x000000008000179A] -> 0x13CF
[1511] [M]: 0x0000000080001798 (0x13CF0F13) addi x30, x30, 0x13c                    inst_155+20
x30 <- 0x00000000002D413C

clint mtime 0x00000000000002F4 (mip.MTI <- 0b1, mip.STI <- 0b0)
mem[X,0x000000008000179C] -> 0x1F13
mem[X,0x000000008000179E] -> 0x00AF
[1512] [M]: 0x000000008000179C (0x00AF1F13) slli x30, x30, 0xa                      inst_155+24
x30 <- 0x00000000B504F000

mem[X,0x00000000800017A0] -> 0x0F13
mem[X,0x00000000800017A2] -> 0x332F
[1513] [M]: 0x00000000800017A0 (0x332F0F13) addi x30, x30, 0x332                    inst_155+28
x30 <- 0x00000000B504F332

clint mtime 0x00000000000002F5 (mip.MTI <- 0b1, mip.STI <- 0b0)
mem[X,0x00000000800017A4] -> 0x6F93
mem[X,0x00000000800017A6] -> 0xFD4F
[1514] [M]: 0x00000000800017A4 (0xFD4F6F93) ori x31, x30, -0x2c                     inst_155+32
x31 <- 0xFFFFFFFFFFFFFFF6

mem[X,0x00000000800017A8] -> 0xB423
mem[X,0x00000000800017AA] -> 0x41F3
[1515] [M]: 0x00000000800017A8 (0x41F3B423) sd x31, 0x408(x7)                       inst_155+36
mem[W,0x00000000800065F0] <- 0xFFFFFFFFFFFFFFF6

clint mtime 0x00000000000002F6 (mip.MTI <- 0b1, mip.STI <- 0b0)
mem[X,0x00000000800017AC] -> 0x0F37
mem[X,0x00000000800017AE] -> 0x0000
[1516] [M]: 0x00000000800017AC (0x00000F37) lui x30, 0x0                            inst_156+0
x30 <- 0x0000000000000000

mem[X,0x00000000800017B0] -> 0x0F13
mem[X,0x00000000800017B2] -> 0x000F
[1517] [M]: 0x00000000800017B0 (0x000F0F13) addi x30, x30, 0x0                      inst_156+4
x30 <- 0x0000000000000000

clint mtime 0x00000000000002F7 (mip.MTI <- 0b1, mip.STI <- 0b0)
mem[X,0x00000000800017B4] -> 0x1F13
mem[X,0x00000000800017B6] -> 0x00BF
[1518] [M]: 0x00000000800017B4 (0x00BF1F13) slli x30, x30, 0xb                      inst_156+8
x30 <- 0x0000000000000000

mem[X,0x00000000800017B8] -> 0x0F13
mem[X,0x00000000800017BA] -> 0x5A8F
[1519] [M]: 0x00000000800017B8 (0x5A8F0F13) addi x30, x30, 0x5a8                    inst_156+12
x30 <- 0x00000000000005A8

clint mtime 0x00000000000002F8 (mip.MTI <- 0b1, mip.STI <- 0b0)
mem[X,0x00000000800017BC] -> 0x1F13
mem[X,0x00000000800017BE] -> 0x00BF
[1520] [M]: 0x00000000800017BC (0x00BF1F13) slli x30, x30, 0xb                      inst_156+16
x30 <- 0x00000000002D4000

mem[X,0x00000000800017C0] -> 0x0F13
mem[X,0x00000000800017C2] -> 0x13CF
[1521] [M]: 0x00000000800017C0 (0x13CF0F13) addi x30, x30, 0x13c                    inst_156+20
x30 <- 0x00000000002D413C

clint mtime 0x00000000000002F9 (mip.MTI <- 0b1, mip.STI <- 0b0)
mem[X,0x00000000800017C4] -> 0x1F13
mem[X,0x00000000800017C6] -> 0x00AF
[1522] [M]: 0x00000000800017C4 (0x00AF1F13) slli x30, x30, 0xa                      inst_156+24
x30 <- 0x00000000B504F000

mem[X,0x00000000800017C8] -> 0x0F13
mem[X,0x00000000800017CA] -> 0x332F
[1523] [M]: 0x00000000800017C8 (0x332F0F13) addi x30, x30, 0x332                    inst_156+28
x30 <- 0x00000000B504F332

clint mtime 0x00000000000002FA (mip.MTI <- 0b1, mip.STI <- 0b0)
mem[X,0x00000000800017CC] -> 0x6F93
mem[X,0x00000000800017CE] -> 0x667F
[1524] [M]: 0x00000000800017CC (0x667F6F93) ori x31, x30, 0x667                     inst_156+32
x31 <- 0x00000000B504F777

mem[X,0x00000000800017D0] -> 0xB823
mem[X,0x00000000800017D2] -> 0x41F3
[1525] [M]: 0x00000000800017D0 (0x41F3B823) sd x31, 0x410(x7)                       inst_156+36
mem[W,0x00000000800065F8] <- 0x00000000B504F777

clint mtime 0x00000000000002FB (mip.MTI <- 0b1, mip.STI <- 0b0)
mem[X,0x00000000800017D4] -> 0x0F37
mem[X,0x00000000800017D6] -> 0x0000
[1526] [M]: 0x00000000800017D4 (0x00000F37) lui x30, 0x0                            inst_157+0
x30 <- 0x0000000000000000

mem[X,0x00000000800017D8] -> 0x0F13
mem[X,0x00000000800017DA] -> 0x000F
[1527] [M]: 0x00000000800017D8 (0x000F0F13) addi x30, x30, 0x0                      inst_157+4
x30 <- 0x0000000000000000

clint mtime 0x00000000000002FC (mip.MTI <- 0b1, mip.STI <- 0b0)
mem[X,0x00000000800017DC] -> 0x1F13
mem[X,0x00000000800017DE] -> 0x00BF
[1528] [M]: 0x00000000800017DC (0x00BF1F13) slli x30, x30, 0xb                      inst_157+8
x30 <- 0x0000000000000000

mem[X,0x00000000800017E0] -> 0x0F13
mem[X,0x00000000800017E2] -> 0x5A8F
[1529] [M]: 0x00000000800017E0 (0x5A8F0F13) addi x30, x30, 0x5a8                    inst_157+12
x30 <- 0x00000000000005A8

clint mtime 0x00000000000002FD (mip.MTI <- 0b1, mip.STI <- 0b0)
mem[X,0x00000000800017E4] -> 0x1F13
mem[X,0x00000000800017E6] -> 0x00BF
[1530] [M]: 0x00000000800017E4 (0x00BF1F13) slli x30, x30, 0xb                      inst_157+16
x30 <- 0x00000000002D4000

mem[X,0x00000000800017E8] -> 0x0F13
mem[X,0x00000000800017EA] -> 0x13CF
[1531] [M]: 0x00000000800017E8 (0x13CF0F13) addi x30, x30, 0x13c                    inst_157+20
x30 <- 0x00000000002D413C

clint mtime 0x00000000000002FE (mip.MTI <- 0b1, mip.STI <- 0b0)
mem[X,0x00000000800017EC] -> 0x1F13
mem[X,0x00000000800017EE] -> 0x00AF
[1532] [M]: 0x00000000800017EC (0x00AF1F13) slli x30, x30, 0xa                      inst_157+24
x30 <- 0x00000000B504F000

mem[X,0x00000000800017F0] -> 0x0F13
mem[X,0x00000000800017F2] -> 0x332F
[1533] [M]: 0x00000000800017F0 (0x332F0F13) addi x30, x30, 0x332                    inst_157+28
x30 <- 0x00000000B504F332

clint mtime 0x00000000000002FF (mip.MTI <- 0b1, mip.STI <- 0b0)
mem[X,0x00000000800017F4] -> 0x6F93
mem[X,0x00000000800017F6] -> 0x334F
[1534] [M]: 0x00000000800017F4 (0x334F6F93) ori x31, x30, 0x334                     inst_157+32
x31 <- 0x00000000B504F336

mem[X,0x00000000800017F8] -> 0xBC23
mem[X,0x00000000800017FA] -> 0x41F3
[1535] [M]: 0x00000000800017F8 (0x41F3BC23) sd x31, 0x418(x7)                       inst_157+36
mem[W,0x0000000080006600] <- 0x00000000B504F336

clint mtime 0x0000000000000300 (mip.MTI <- 0b1, mip.STI <- 0b0)
mem[X,0x00000000800017FC] -> 0x0F37
mem[X,0x00000000800017FE] -> 0x0000
[1536] [M]: 0x00000000800017FC (0x00000F37) lui x30, 0x0                            inst_158+0
x30 <- 0x0000000000000000

mem[X,0x0000000080001800] -> 0x0F13
mem[X,0x0000000080001802] -> 0x000F
[1537] [M]: 0x0000000080001800 (0x000F0F13) addi x30, x30, 0x0                      inst_158+4
x30 <- 0x0000000000000000

clint mtime 0x0000000000000301 (mip.MTI <- 0b1, mip.STI <- 0b0)
mem[X,0x0000000080001804] -> 0x1F13
mem[X,0x0000000080001806] -> 0x00BF
[1538] [M]: 0x0000000080001804 (0x00BF1F13) slli x30, x30, 0xb                      inst_158+8
x30 <- 0x0000000000000000

mem[X,0x0000000080001808] -> 0x0F13
mem[X,0x000000008000180A] -> 0x5A8F
[1539] [M]: 0x0000000080001808 (0x5A8F0F13) addi x30, x30, 0x5a8                    inst_158+12
x30 <- 0x00000000000005A8

clint mtime 0x0000000000000302 (mip.MTI <- 0b1, mip.STI <- 0b0)
mem[X,0x000000008000180C] -> 0x1F13
mem[X,0x000000008000180E] -> 0x00BF
[1540] [M]: 0x000000008000180C (0x00BF1F13) slli x30, x30, 0xb                      inst_158+16
x30 <- 0x00000000002D4000

mem[X,0x0000000080001810] -> 0x0F13
mem[X,0x0000000080001812] -> 0x13CF
[1541] [M]: 0x0000000080001810 (0x13CF0F13) addi x30, x30, 0x13c                    inst_158+20
x30 <- 0x00000000002D413C

clint mtime 0x0000000000000303 (mip.MTI <- 0b1, mip.STI <- 0b0)
mem[X,0x0000000080001814] -> 0x1F13
mem[X,0x0000000080001816] -> 0x00AF
[1542] [M]: 0x0000000080001814 (0x00AF1F13) slli x30, x30, 0xa                      inst_158+24
x30 <- 0x00000000B504F000

mem[X,0x0000000080001818] -> 0x0F13
mem[X,0x000000008000181A] -> 0x332F
[1543] [M]: 0x0000000080001818 (0x332F0F13) addi x30, x30, 0x332                    inst_158+28
x30 <- 0x00000000B504F332

clint mtime 0x0000000000000304 (mip.MTI <- 0b1, mip.STI <- 0b0)
mem[X,0x000000008000181C] -> 0x6F93
mem[X,0x000000008000181E] -> 0x006F
[1544] [M]: 0x000000008000181C (0x006F6F93) ori x31, x30, 0x6                       inst_158+32
x31 <- 0x00000000B504F336

mem[X,0x0000000080001820] -> 0xB023
mem[X,0x0000000080001822] -> 0x43F3
[1545] [M]: 0x0000000080001820 (0x43F3B023) sd x31, 0x420(x7)                       inst_158+36
mem[W,0x0000000080006608] <- 0x00000000B504F336

clint mtime 0x0000000000000305 (mip.MTI <- 0b1, mip.STI <- 0b0)
mem[X,0x0000000080001824] -> 0x0F37
mem[X,0x0000000080001826] -> 0x0000
[1546] [M]: 0x0000000080001824 (0x00000F37) lui x30, 0x0                            inst_159+0
x30 <- 0x0000000000000000

mem[X,0x0000000080001828] -> 0x0F13
mem[X,0x000000008000182A] -> 0x000F
[1547] [M]: 0x0000000080001828 (0x000F0F13) addi x30, x30, 0x0                      inst_159+4
x30 <- 0x0000000000000000

clint mtime 0x0000000000000306 (mip.MTI <- 0b1, mip.STI <- 0b0)
mem[X,0x000000008000182C] -> 0x1F13
mem[X,0x000000008000182E] -> 0x00BF
[1548] [M]: 0x000000008000182C (0x00BF1F13) slli x30, x30, 0xb                      inst_159+8
x30 <- 0x0000000000000000

mem[X,0x0000000080001830] -> 0x0F13
mem[X,0x0000000080001832] -> 0x5A8F
[1549] [M]: 0x0000000080001830 (0x5A8F0F13) addi x30, x30, 0x5a8                    inst_159+12
x30 <- 0x00000000000005A8

clint mtime 0x0000000000000307 (mip.MTI <- 0b1, mip.STI <- 0b0)
mem[X,0x0000000080001834] -> 0x1F13
mem[X,0x0000000080001836] -> 0x00BF
[1550] [M]: 0x0000000080001834 (0x00BF1F13) slli x30, x30, 0xb                      inst_159+16
x30 <- 0x00000000002D4000

mem[X,0x0000000080001838] -> 0x0F13
mem[X,0x000000008000183A] -> 0x13CF
[1551] [M]: 0x0000000080001838 (0x13CF0F13) addi x30, x30, 0x13c                    inst_159+20
x30 <- 0x00000000002D413C

clint mtime 0x0000000000000308 (mip.MTI <- 0b1, mip.STI <- 0b0)
mem[X,0x000000008000183C] -> 0x1F13
mem[X,0x000000008000183E] -> 0x00AF
[1552] [M]: 0x000000008000183C (0x00AF1F13) slli x30, x30, 0xa                      inst_159+24
x30 <- 0x00000000B504F000

mem[X,0x0000000080001840] -> 0x0F13
mem[X,0x0000000080001842] -> 0x332F
[1553] [M]: 0x0000000080001840 (0x332F0F13) addi x30, x30, 0x332                    inst_159+28
x30 <- 0x00000000B504F332

clint mtime 0x0000000000000309 (mip.MTI <- 0b1, mip.STI <- 0b0)
mem[X,0x0000000080001844] -> 0x6F93
mem[X,0x0000000080001846] -> 0xAABF
[1554] [M]: 0x0000000080001844 (0xAABF6F93) ori x31, x30, -0x555                    inst_159+32
x31 <- 0xFFFFFFFFFFFFFBBB

mem[X,0x0000000080001848] -> 0xB423
mem[X,0x000000008000184A] -> 0x43F3
[1555] [M]: 0x0000000080001848 (0x43F3B423) sd x31, 0x428(x7)                       inst_159+36
mem[W,0x0000000080006610] <- 0xFFFFFFFFFFFFFBBB

clint mtime 0x000000000000030A (mip.MTI <- 0b1, mip.STI <- 0b0)
mem[X,0x000000008000184C] -> 0x0F37
mem[X,0x000000008000184E] -> 0x0000
[1556] [M]: 0x000000008000184C (0x00000F37) lui x30, 0x0                            inst_160+0
x30 <- 0x0000000000000000

mem[X,0x0000000080001850] -> 0x0F13
mem[X,0x0000000080001852] -> 0x000F
[1557] [M]: 0x0000000080001850 (0x000F0F13) addi x30, x30, 0x0                      inst_160+4
x30 <- 0x0000000000000000

clint mtime 0x000000000000030B (mip.MTI <- 0b1, mip.STI <- 0b0)
mem[X,0x0000000080001854] -> 0x1F13
mem[X,0x0000000080001856] -> 0x00BF
[1558] [M]: 0x0000000080001854 (0x00BF1F13) slli x30, x30, 0xb                      inst_160+8
x30 <- 0x0000000000000000

mem[X,0x0000000080001858] -> 0x0F13
mem[X,0x000000008000185A] -> 0x5A8F
[1559] [M]: 0x0000000080001858 (0x5A8F0F13) addi x30, x30, 0x5a8                    inst_160+12
x30 <- 0x00000000000005A8

clint mtime 0x000000000000030C (mip.MTI <- 0b1, mip.STI <- 0b0)
mem[X,0x000000008000185C] -> 0x1F13
mem[X,0x000000008000185E] -> 0x00BF
[1560] [M]: 0x000000008000185C (0x00BF1F13) slli x30, x30, 0xb                      inst_160+16
x30 <- 0x00000000002D4000

mem[X,0x0000000080001860] -> 0x0F13
mem[X,0x0000000080001862] -> 0x13CF
[1561] [M]: 0x0000000080001860 (0x13CF0F13) addi x30, x30, 0x13c                    inst_160+20
x30 <- 0x00000000002D413C

clint mtime 0x000000000000030D (mip.MTI <- 0b1, mip.STI <- 0b0)
mem[X,0x0000000080001864] -> 0x1F13
mem[X,0x0000000080001866] -> 0x00AF
[1562] [M]: 0x0000000080001864 (0x00AF1F13) slli x30, x30, 0xa                      inst_160+24
x30 <- 0x00000000B504F000

mem[X,0x0000000080001868] -> 0x0F13
mem[X,0x000000008000186A] -> 0x332F
[1563] [M]: 0x0000000080001868 (0x332F0F13) addi x30, x30, 0x332                    inst_160+28
x30 <- 0x00000000B504F332

clint mtime 0x000000000000030E (mip.MTI <- 0b1, mip.STI <- 0b0)
mem[X,0x000000008000186C] -> 0x6F93
mem[X,0x000000008000186E] -> 0x556F
[1564] [M]: 0x000000008000186C (0x556F6F93) ori x31, x30, 0x556                     inst_160+32
x31 <- 0x00000000B504F776

mem[X,0x0000000080001870] -> 0xB823
mem[X,0x0000000080001872] -> 0x43F3
[1565] [M]: 0x0000000080001870 (0x43F3B823) sd x31, 0x430(x7)                       inst_160+36
mem[W,0x0000000080006618] <- 0x00000000B504F776

clint mtime 0x000000000000030F (mip.MTI <- 0b1, mip.STI <- 0b0)
mem[X,0x0000000080001874] -> 0x0F37
mem[X,0x0000000080001876] -> 0x0000
[1566] [M]: 0x0000000080001874 (0x00000F37) lui x30, 0x0                            inst_161+0
x30 <- 0x0000000000000000

mem[X,0x0000000080001878] -> 0x0F13
mem[X,0x000000008000187A] -> 0x000F
[1567] [M]: 0x0000000080001878 (0x000F0F13) addi x30, x30, 0x0                      inst_161+4
x30 <- 0x0000000000000000

clint mtime 0x0000000000000310 (mip.MTI <- 0b1, mip.STI <- 0b0)
mem[X,0x000000008000187C] -> 0x1F13
mem[X,0x000000008000187E] -> 0x00BF
[1568] [M]: 0x000000008000187C (0x00BF1F13) slli x30, x30, 0xb                      inst_161+8
x30 <- 0x0000000000000000

mem[X,0x0000000080001880] -> 0x0F13
mem[X,0x0000000080001882] -> 0x5A8F
[1569] [M]: 0x0000000080001880 (0x5A8F0F13) addi x30, x30, 0x5a8                    inst_161+12
x30 <- 0x00000000000005A8

clint mtime 0x0000000000000311 (mip.MTI <- 0b1, mip.STI <- 0b0)
mem[X,0x0000000080001884] -> 0x1F13
mem[X,0x0000000080001886] -> 0x00BF
[1570] [M]: 0x0000000080001884 (0x00BF1F13) slli x30, x30, 0xb                      inst_161+16
x30 <- 0x00000000002D4000

mem[X,0x0000000080001888] -> 0x0F13
mem[X,0x000000008000188A] -> 0x13CF
[1571] [M]: 0x0000000080001888 (0x13CF0F13) addi x30, x30, 0x13c                    inst_161+20
x30 <- 0x00000000002D413C

clint mtime 0x0000000000000312 (mip.MTI <- 0b1, mip.STI <- 0b0)
mem[X,0x000000008000188C] -> 0x1F13
mem[X,0x000000008000188E] -> 0x00AF
[1572] [M]: 0x000000008000188C (0x00AF1F13) slli x30, x30, 0xa                      inst_161+24
x30 <- 0x00000000B504F000

mem[X,0x0000000080001890] -> 0x0F13
mem[X,0x0000000080001892] -> 0x332F
[1573] [M]: 0x0000000080001890 (0x332F0F13) addi x30, x30, 0x332                    inst_161+28
x30 <- 0x00000000B504F332

clint mtime 0x0000000000000313 (mip.MTI <- 0b1, mip.STI <- 0b0)
mem[X,0x0000000080001894] -> 0x6F93
mem[X,0x0000000080001896] -> 0x02CF
[1574] [M]: 0x0000000080001894 (0x02CF6F93) ori x31, x30, 0x2c                      inst_161+32
x31 <- 0x00000000B504F33E

mem[X,0x0000000080001898] -> 0xBC23
mem[X,0x000000008000189A] -> 0x43F3
[1575] [M]: 0x0000000080001898 (0x43F3BC23) sd x31, 0x438(x7)                       inst_161+36
mem[W,0x0000000080006620] <- 0x00000000B504F33E

clint mtime 0x0000000000000314 (mip.MTI <- 0b1, mip.STI <- 0b0)
mem[X,0x000000008000189C] -> 0x0F37
mem[X,0x000000008000189E] -> 0x0000
[1576] [M]: 0x000000008000189C (0x00000F37) lui x30, 0x0                            inst_162+0
x30 <- 0x0000000000000000

mem[X,0x00000000800018A0] -> 0x0F13
mem[X,0x00000000800018A2] -> 0x000F
[1577] [M]: 0x00000000800018A0 (0x000F0F13) addi x30, x30, 0x0                      inst_162+4
x30 <- 0x0000000000000000

clint mtime 0x0000000000000315 (mip.MTI <- 0b1, mip.STI <- 0b0)
mem[X,0x00000000800018A4] -> 0x1F13
mem[X,0x00000000800018A6] -> 0x00BF
[1578] [M]: 0x00000000800018A4 (0x00BF1F13) slli x30, x30, 0xb                      inst_162+8
x30 <- 0x0000000000000000

mem[X,0x00000000800018A8] -> 0x0F13
mem[X,0x00000000800018AA] -> 0x5A8F
[1579] [M]: 0x00000000800018A8 (0x5A8F0F13) addi x30, x30, 0x5a8                    inst_162+12
x30 <- 0x00000000000005A8

clint mtime 0x0000000000000316 (mip.MTI <- 0b1, mip.STI <- 0b0)
mem[X,0x00000000800018AC] -> 0x1F13
mem[X,0x00000000800018AE] -> 0x00BF
[1580] [M]: 0x00000000800018AC (0x00BF1F13) slli x30, x30, 0xb                      inst_162+16
x30 <- 0x00000000002D4000

mem[X,0x00000000800018B0] -> 0x0F13
mem[X,0x00000000800018B2] -> 0x13CF
[1581] [M]: 0x00000000800018B0 (0x13CF0F13) addi x30, x30, 0x13c                    inst_162+20
x30 <- 0x00000000002D413C

clint mtime 0x0000000000000317 (mip.MTI <- 0b1, mip.STI <- 0b0)
mem[X,0x00000000800018B4] -> 0x1F13
mem[X,0x00000000800018B6] -> 0x00AF
[1582] [M]: 0x00000000800018B4 (0x00AF1F13) slli x30, x30, 0xa                      inst_162+24
x30 <- 0x00000000B504F000

mem[X,0x00000000800018B8] -> 0x0F13
mem[X,0x00000000800018BA] -> 0x332F
[1583] [M]: 0x00000000800018B8 (0x332F0F13) addi x30, x30, 0x332                    inst_162+28
x30 <- 0x00000000B504F332

clint mtime 0x0000000000000318 (mip.MTI <- 0b1, mip.STI <- 0b0)
mem[X,0x00000000800018BC] -> 0x6F93
mem[X,0x00000000800018BE] -> 0x665F
[1584] [M]: 0x00000000800018BC (0x665F6F93) ori x31, x30, 0x665                     inst_162+32
x31 <- 0x00000000B504F777

mem[X,0x00000000800018C0] -> 0xB023
mem[X,0x00000000800018C2] -> 0x45F3
[1585] [M]: 0x00000000800018C0 (0x45F3B023) sd x31, 0x440(x7)                       inst_162+36
mem[W,0x0000000080006628] <- 0x00000000B504F777

clint mtime 0x0000000000000319 (mip.MTI <- 0b1, mip.STI <- 0b0)
mem[X,0x00000000800018C4] -> 0x0F37
mem[X,0x00000000800018C6] -> 0x0000
[1586] [M]: 0x00000000800018C4 (0x00000F37) lui x30, 0x0                            inst_163+0
x30 <- 0x0000000000000000

mem[X,0x00000000800018C8] -> 0x0F13
mem[X,0x00000000800018CA] -> 0x000F
[1587] [M]: 0x00000000800018C8 (0x000F0F13) addi x30, x30, 0x0                      inst_163+4
x30 <- 0x0000000000000000

clint mtime 0x000000000000031A (mip.MTI <- 0b1, mip.STI <- 0b0)
mem[X,0x00000000800018CC] -> 0x1F13
mem[X,0x00000000800018CE] -> 0x00BF
[1588] [M]: 0x00000000800018CC (0x00BF1F13) slli x30, x30, 0xb                      inst_163+8
x30 <- 0x0000000000000000

mem[X,0x00000000800018D0] -> 0x0F13
mem[X,0x00000000800018D2] -> 0x5A8F
[1589] [M]: 0x00000000800018D0 (0x5A8F0F13) addi x30, x30, 0x5a8                    inst_163+12
x30 <- 0x00000000000005A8

clint mtime 0x000000000000031B (mip.MTI <- 0b1, mip.STI <- 0b0)
mem[X,0x00000000800018D4] -> 0x1F13
mem[X,0x00000000800018D6] -> 0x00BF
[1590] [M]: 0x00000000800018D4 (0x00BF1F13) slli x30, x30, 0xb                      inst_163+16
x30 <- 0x00000000002D4000

mem[X,0x00000000800018D8] -> 0x0F13
mem[X,0x00000000800018DA] -> 0x13CF
[1591] [M]: 0x00000000800018D8 (0x13CF0F13) addi x30, x30, 0x13c                    inst_163+20
x30 <- 0x00000000002D413C

clint mtime 0x000000000000031C (mip.MTI <- 0b1, mip.STI <- 0b0)
mem[X,0x00000000800018DC] -> 0x1F13
mem[X,0x00000000800018DE] -> 0x00AF
[1592] [M]: 0x00000000800018DC (0x00AF1F13) slli x30, x30, 0xa                      inst_163+24
x30 <- 0x00000000B504F000

mem[X,0x00000000800018E0] -> 0x0F13
mem[X,0x00000000800018E2] -> 0x332F
[1593] [M]: 0x00000000800018E0 (0x332F0F13) addi x30, x30, 0x332                    inst_163+28
x30 <- 0x00000000B504F332

clint mtime 0x000000000000031D (mip.MTI <- 0b1, mip.STI <- 0b0)
mem[X,0x00000000800018E4] -> 0x6F93
mem[X,0x00000000800018E6] -> 0x332F
[1594] [M]: 0x00000000800018E4 (0x332F6F93) ori x31, x30, 0x332                     inst_163+32
x31 <- 0x00000000B504F332

mem[X,0x00000000800018E8] -> 0xB423
mem[X,0x00000000800018EA] -> 0x45F3
[1595] [M]: 0x00000000800018E8 (0x45F3B423) sd x31, 0x448(x7)                       inst_163+36
mem[W,0x0000000080006630] <- 0x00000000B504F332

clint mtime 0x000000000000031E (mip.MTI <- 0b1, mip.STI <- 0b0)
mem[X,0x00000000800018EC] -> 0x0F37
mem[X,0x00000000800018EE] -> 0x0000
[1596] [M]: 0x00000000800018EC (0x00000F37) lui x30, 0x0                            inst_164+0
x30 <- 0x0000000000000000

mem[X,0x00000000800018F0] -> 0x0F13
mem[X,0x00000000800018F2] -> 0x000F
[1597] [M]: 0x00000000800018F0 (0x000F0F13) addi x30, x30, 0x0                      inst_164+4
x30 <- 0x0000000000000000

clint mtime 0x000000000000031F (mip.MTI <- 0b1, mip.STI <- 0b0)
mem[X,0x00000000800018F4] -> 0x1F13
mem[X,0x00000000800018F6] -> 0x00BF
[1598] [M]: 0x00000000800018F4 (0x00BF1F13) slli x30, x30, 0xb                      inst_164+8
x30 <- 0x0000000000000000

mem[X,0x00000000800018F8] -> 0x0F13
mem[X,0x00000000800018FA] -> 0x5A8F
[1599] [M]: 0x00000000800018F8 (0x5A8F0F13) addi x30, x30, 0x5a8                    inst_164+12
x30 <- 0x00000000000005A8

clint mtime 0x0000000000000320 (mip.MTI <- 0b1, mip.STI <- 0b0)
mem[X,0x00000000800018FC] -> 0x1F13
mem[X,0x00000000800018FE] -> 0x00BF
[1600] [M]: 0x00000000800018FC (0x00BF1F13) slli x30, x30, 0xb                      inst_164+16
x30 <- 0x00000000002D4000

mem[X,0x0000000080001900] -> 0x0F13
mem[X,0x0000000080001902] -> 0x13CF
[1601] [M]: 0x0000000080001900 (0x13CF0F13) addi x30, x30, 0x13c                    inst_164+20
x30 <- 0x00000000002D413C

clint mtime 0x0000000000000321 (mip.MTI <- 0b1, mip.STI <- 0b0)
mem[X,0x0000000080001904] -> 0x1F13
mem[X,0x0000000080001906] -> 0x00AF
[1602] [M]: 0x0000000080001904 (0x00AF1F13) slli x30, x30, 0xa                      inst_164+24
x30 <- 0x00000000B504F000

mem[X,0x0000000080001908] -> 0x0F13
mem[X,0x000000008000190A] -> 0x332F
[1603] [M]: 0x0000000080001908 (0x332F0F13) addi x30, x30, 0x332                    inst_164+28
x30 <- 0x00000000B504F332

clint mtime 0x0000000000000322 (mip.MTI <- 0b1, mip.STI <- 0b0)
mem[X,0x000000008000190C] -> 0x6F93
mem[X,0x000000008000190E] -> 0x004F
[1604] [M]: 0x000000008000190C (0x004F6F93) ori x31, x30, 0x4                       inst_164+32
x31 <- 0x00000000B504F336

mem[X,0x0000000080001910] -> 0xB823
mem[X,0x0000000080001912] -> 0x45F3
[1605] [M]: 0x0000000080001910 (0x45F3B823) sd x31, 0x450(x7)                       inst_164+36
mem[W,0x0000000080006638] <- 0x00000000B504F336

clint mtime 0x0000000000000323 (mip.MTI <- 0b1, mip.STI <- 0b0)
mem[X,0x0000000080001914] -> 0x0F37
mem[X,0x0000000080001916] -> 0x0000
[1606] [M]: 0x0000000080001914 (0x00000F37) lui x30, 0x0                            inst_165+0
x30 <- 0x0000000000000000

mem[X,0x0000000080001918] -> 0x0F13
mem[X,0x000000008000191A] -> 0x000F
[1607] [M]: 0x0000000080001918 (0x000F0F13) addi x30, x30, 0x0                      inst_165+4
x30 <- 0x0000000000000000

clint mtime 0x0000000000000324 (mip.MTI <- 0b1, mip.STI <- 0b0)
mem[X,0x000000008000191C] -> 0x1F13
mem[X,0x000000008000191E] -> 0x00BF
[1608] [M]: 0x000000008000191C (0x00BF1F13) slli x30, x30, 0xb                      inst_165+8
x30 <- 0x0000000000000000

mem[X,0x0000000080001920] -> 0x0F13
mem[X,0x0000000080001922] -> 0x5A8F
[1609] [M]: 0x0000000080001920 (0x5A8F0F13) addi x30, x30, 0x5a8                    inst_165+12
x30 <- 0x00000000000005A8

clint mtime 0x0000000000000325 (mip.MTI <- 0b1, mip.STI <- 0b0)
mem[X,0x0000000080001924] -> 0x1F13
mem[X,0x0000000080001926] -> 0x00BF
[1610] [M]: 0x0000000080001924 (0x00BF1F13) slli x30, x30, 0xb                      inst_165+16
x30 <- 0x00000000002D4000

mem[X,0x0000000080001928] -> 0x0F13
mem[X,0x000000008000192A] -> 0x13CF
[1611] [M]: 0x0000000080001928 (0x13CF0F13) addi x30, x30, 0x13c                    inst_165+20
x30 <- 0x00000000002D413C

clint mtime 0x0000000000000326 (mip.MTI <- 0b1, mip.STI <- 0b0)
mem[X,0x000000008000192C] -> 0x1F13
mem[X,0x000000008000192E] -> 0x00AF
[1612] [M]: 0x000000008000192C (0x00AF1F13) slli x30, x30, 0xa                      inst_165+24
x30 <- 0x00000000B504F000

mem[X,0x0000000080001930] -> 0x0F13
mem[X,0x0000000080001932] -> 0x332F
[1613] [M]: 0x0000000080001930 (0x332F0F13) addi x30, x30, 0x332                    inst_165+28
x30 <- 0x00000000B504F332

clint mtime 0x0000000000000327 (mip.MTI <- 0b1, mip.STI <- 0b0)
mem[X,0x0000000080001934] -> 0x6F93
mem[X,0x0000000080001936] -> 0x000F
[1614] [M]: 0x0000000080001934 (0x000F6F93) ori x31, x30, 0x0                       inst_165+32
x31 <- 0x00000000B504F332

mem[X,0x0000000080001938] -> 0xBC23
mem[X,0x000000008000193A] -> 0x45F3
[1615] [M]: 0x0000000080001938 (0x45F3BC23) sd x31, 0x458(x7)                       inst_165+36
mem[W,0x0000000080006640] <- 0x00000000B504F332

clint mtime 0x0000000000000328 (mip.MTI <- 0b1, mip.STI <- 0b0)
mem[X,0x000000008000193C] -> 0x0F37
mem[X,0x000000008000193E] -> 0x0000
[1616] [M]: 0x000000008000193C (0x00000F37) lui x30, 0x0                            inst_166+0
x30 <- 0x0000000000000000

mem[X,0x0000000080001940] -> 0x0F13
mem[X,0x0000000080001942] -> 0x000F
[1617] [M]: 0x0000000080001940 (0x000F0F13) addi x30, x30, 0x0                      inst_166+4
x30 <- 0x0000000000000000

clint mtime 0x0000000000000329 (mip.MTI <- 0b1, mip.STI <- 0b0)
mem[X,0x0000000080001944] -> 0x1F13
mem[X,0x0000000080001946] -> 0x00BF
[1618] [M]: 0x0000000080001944 (0x00BF1F13) slli x30, x30, 0xb                      inst_166+8
x30 <- 0x0000000000000000

mem[X,0x0000000080001948] -> 0x0F13
mem[X,0x000000008000194A] -> 0x5A8F
[1619] [M]: 0x0000000080001948 (0x5A8F0F13) addi x30, x30, 0x5a8                    inst_166+12
x30 <- 0x00000000000005A8

clint mtime 0x000000000000032A (mip.MTI <- 0b1, mip.STI <- 0b0)
mem[X,0x000000008000194C] -> 0x1F13
mem[X,0x000000008000194E] -> 0x00BF
[1620] [M]: 0x000000008000194C (0x00BF1F13) slli x30, x30, 0xb                      inst_166+16
x30 <- 0x00000000002D4000

mem[X,0x0000000080001950] -> 0x0F13
mem[X,0x0000000080001952] -> 0x13CF
[1621] [M]: 0x0000000080001950 (0x13CF0F13) addi x30, x30, 0x13c                    inst_166+20
x30 <- 0x00000000002D413C

clint mtime 0x000000000000032B (mip.MTI <- 0b1, mip.STI <- 0b0)
mem[X,0x0000000080001954] -> 0x1F13
mem[X,0x0000000080001956] -> 0x00AF
[1622] [M]: 0x0000000080001954 (0x00AF1F13) slli x30, x30, 0xa                      inst_166+24
x30 <- 0x00000000B504F000

mem[X,0x0000000080001958] -> 0x0F13
mem[X,0x000000008000195A] -> 0x332F
[1623] [M]: 0x0000000080001958 (0x332F0F13) addi x30, x30, 0x332                    inst_166+28
x30 <- 0x00000000B504F332

clint mtime 0x000000000000032C (mip.MTI <- 0b1, mip.STI <- 0b0)
mem[X,0x000000008000195C] -> 0x6F93
mem[X,0x000000008000195E] -> 0x554F
[1624] [M]: 0x000000008000195C (0x554F6F93) ori x31, x30, 0x554                     inst_166+32
x31 <- 0x00000000B504F776

mem[X,0x0000000080001960] -> 0xB023
mem[X,0x0000000080001962] -> 0x47F3
[1625] [M]: 0x0000000080001960 (0x47F3B023) sd x31, 0x460(x7)                       inst_166+36
mem[W,0x0000000080006648] <- 0x00000000B504F776

clint mtime 0x000000000000032D (mip.MTI <- 0b1, mip.STI <- 0b0)
mem[X,0x0000000080001964] -> 0x0F37
mem[X,0x0000000080001966] -> 0x0000
[1626] [M]: 0x0000000080001964 (0x00000F37) lui x30, 0x0                            inst_167+0
x30 <- 0x0000000000000000

mem[X,0x0000000080001968] -> 0x0F13
mem[X,0x000000008000196A] -> 0x000F
[1627] [M]: 0x0000000080001968 (0x000F0F13) addi x30, x30, 0x0                      inst_167+4
x30 <- 0x0000000000000000

clint mtime 0x000000000000032E (mip.MTI <- 0b1, mip.STI <- 0b0)
mem[X,0x000000008000196C] -> 0x1F13
mem[X,0x000000008000196E] -> 0x00BF
[1628] [M]: 0x000000008000196C (0x00BF1F13) slli x30, x30, 0xb                      inst_167+8
x30 <- 0x0000000000000000

mem[X,0x0000000080001970] -> 0x0F13
mem[X,0x0000000080001972] -> 0x5A8F
[1629] [M]: 0x0000000080001970 (0x5A8F0F13) addi x30, x30, 0x5a8                    inst_167+12
x30 <- 0x00000000000005A8

clint mtime 0x000000000000032F (mip.MTI <- 0b1, mip.STI <- 0b0)
mem[X,0x0000000080001974] -> 0x1F13
mem[X,0x0000000080001976] -> 0x00BF
[1630] [M]: 0x0000000080001974 (0x00BF1F13) slli x30, x30, 0xb                      inst_167+16
x30 <- 0x00000000002D4000

mem[X,0x0000000080001978] -> 0x0F13
mem[X,0x000000008000197A] -> 0x13CF
[1631] [M]: 0x0000000080001978 (0x13CF0F13) addi x30, x30, 0x13c                    inst_167+20
x30 <- 0x00000000002D413C

clint mtime 0x0000000000000330 (mip.MTI <- 0b1, mip.STI <- 0b0)
mem[X,0x000000008000197C] -> 0x1F13
mem[X,0x000000008000197E] -> 0x00AF
[1632] [M]: 0x000000008000197C (0x00AF1F13) slli x30, x30, 0xa                      inst_167+24
x30 <- 0x00000000B504F000

mem[X,0x0000000080001980] -> 0x0F13
mem[X,0x0000000080001982] -> 0x332F
[1633] [M]: 0x0000000080001980 (0x332F0F13) addi x30, x30, 0x332                    inst_167+28
x30 <- 0x00000000B504F332

clint mtime 0x0000000000000331 (mip.MTI <- 0b1, mip.STI <- 0b0)
mem[X,0x0000000080001984] -> 0x6F93
mem[X,0x0000000080001986] -> 0x002F
[1634] [M]: 0x0000000080001984 (0x002F6F93) ori x31, x30, 0x2                       inst_167+32
x31 <- 0x00000000B504F332

mem[X,0x0000000080001988] -> 0xB423
mem[X,0x000000008000198A] -> 0x47F3
[1635] [M]: 0x0000000080001988 (0x47F3B423) sd x31, 0x468(x7)                       inst_167+36
mem[W,0x0000000080006650] <- 0x00000000B504F332

clint mtime 0x0000000000000332 (mip.MTI <- 0b1, mip.STI <- 0b0)
mem[X,0x000000008000198C] -> 0x0F37
mem[X,0x000000008000198E] -> 0x0000
[1636] [M]: 0x000000008000198C (0x00000F37) lui x30, 0x0                            inst_168+0
x30 <- 0x0000000000000000

mem[X,0x0000000080001990] -> 0x0F13
mem[X,0x0000000080001992] -> 0x000F
[1637] [M]: 0x0000000080001990 (0x000F0F13) addi x30, x30, 0x0                      inst_168+4
x30 <- 0x0000000000000000

clint mtime 0x0000000000000333 (mip.MTI <- 0b1, mip.STI <- 0b0)
mem[X,0x0000000080001994] -> 0x1F13
mem[X,0x0000000080001996] -> 0x00BF
[1638] [M]: 0x0000000080001994 (0x00BF1F13) slli x30, x30, 0xb                      inst_168+8
x30 <- 0x0000000000000000

mem[X,0x0000000080001998] -> 0x0F13
mem[X,0x000000008000199A] -> 0x5A8F
[1639] [M]: 0x0000000080001998 (0x5A8F0F13) addi x30, x30, 0x5a8                    inst_168+12
x30 <- 0x00000000000005A8

clint mtime 0x0000000000000334 (mip.MTI <- 0b1, mip.STI <- 0b0)
mem[X,0x000000008000199C] -> 0x1F13
mem[X,0x000000008000199E] -> 0x00BF
[1640] [M]: 0x000000008000199C (0x00BF1F13) slli x30, x30, 0xb                      inst_168+16
x30 <- 0x00000000002D4000

mem[X,0x00000000800019A0] -> 0x0F13
mem[X,0x00000000800019A2] -> 0x13CF
[1641] [M]: 0x00000000800019A0 (0x13CF0F13) addi x30, x30, 0x13c                    inst_168+20
x30 <- 0x00000000002D413C

clint mtime 0x0000000000000335 (mip.MTI <- 0b1, mip.STI <- 0b0)
mem[X,0x00000000800019A4] -> 0x1F13
mem[X,0x00000000800019A6] -> 0x00AF
[1642] [M]: 0x00000000800019A4 (0x00AF1F13) slli x30, x30, 0xa                      inst_168+24
x30 <- 0x00000000B504F000

mem[X,0x00000000800019A8] -> 0x0F13
mem[X,0x00000000800019AA] -> 0x332F
[1643] [M]: 0x00000000800019A8 (0x332F0F13) addi x30, x30, 0x332                    inst_168+28
x30 <- 0x00000000B504F332

clint mtime 0x0000000000000336 (mip.MTI <- 0b1, mip.STI <- 0b0)
mem[X,0x00000000800019AC] -> 0x6F93
mem[X,0x00000000800019AE] -> 0x02DF
[1644] [M]: 0x00000000800019AC (0x02DF6F93) ori x31, x30, 0x2d                      inst_168+32
x31 <- 0x00000000B504F33F

mem[X,0x00000000800019B0] -> 0xB823
mem[X,0x00000000800019B2] -> 0x47F3
[1645] [M]: 0x00000000800019B0 (0x47F3B823) sd x31, 0x470(x7)                       inst_168+36
mem[W,0x0000000080006658] <- 0x00000000B504F33F

clint mtime 0x0000000000000337 (mip.MTI <- 0b1, mip.STI <- 0b0)
mem[X,0x00000000800019B4] -> 0x0F37
mem[X,0x00000000800019B6] -> 0x0000
[1646] [M]: 0x00000000800019B4 (0x00000F37) lui x30, 0x0                            inst_169+0
x30 <- 0x0000000000000000

mem[X,0x00000000800019B8] -> 0x0F13
mem[X,0x00000000800019BA] -> 0x000F
[1647] [M]: 0x00000000800019B8 (0x000F0F13) addi x30, x30, 0x0                      inst_169+4
x30 <- 0x0000000000000000

clint mtime 0x0000000000000338 (mip.MTI <- 0b1, mip.STI <- 0b0)
mem[X,0x00000000800019BC] -> 0x1F13
mem[X,0x00000000800019BE] -> 0x00BF
[1648] [M]: 0x00000000800019BC (0x00BF1F13) slli x30, x30, 0xb                      inst_169+8
x30 <- 0x0000000000000000

mem[X,0x00000000800019C0] -> 0x0F13
mem[X,0x00000000800019C2] -> 0x5A8F
[1649] [M]: 0x00000000800019C0 (0x5A8F0F13) addi x30, x30, 0x5a8                    inst_169+12
x30 <- 0x00000000000005A8

clint mtime 0x0000000000000339 (mip.MTI <- 0b1, mip.STI <- 0b0)
mem[X,0x00000000800019C4] -> 0x1F13
mem[X,0x00000000800019C6] -> 0x00BF
[1650] [M]: 0x00000000800019C4 (0x00BF1F13) slli x30, x30, 0xb                      inst_169+16
x30 <- 0x00000000002D4000

mem[X,0x00000000800019C8] -> 0x0F13
mem[X,0x00000000800019CA] -> 0x13CF
[1651] [M]: 0x00000000800019C8 (0x13CF0F13) addi x30, x30, 0x13c                    inst_169+20
x30 <- 0x00000000002D413C

clint mtime 0x000000000000033A (mip.MTI <- 0b1, mip.STI <- 0b0)
mem[X,0x00000000800019CC] -> 0x1F13
mem[X,0x00000000800019CE] -> 0x00AF
[1652] [M]: 0x00000000800019CC (0x00AF1F13) slli x30, x30, 0xa                      inst_169+24
x30 <- 0x00000000B504F000

mem[X,0x00000000800019D0] -> 0x0F13
mem[X,0x00000000800019D2] -> 0x332F
[1653] [M]: 0x00000000800019D0 (0x332F0F13) addi x30, x30, 0x332                    inst_169+28
x30 <- 0x00000000B504F332

clint mtime 0x000000000000033B (mip.MTI <- 0b1, mip.STI <- 0b0)
mem[X,0x00000000800019D4] -> 0x6F93
mem[X,0x00000000800019D6] -> 0xFD3F
[1654] [M]: 0x00000000800019D4 (0xFD3F6F93) ori x31, x30, -0x2d                     inst_169+32
x31 <- 0xFFFFFFFFFFFFFFF3

mem[X,0x00000000800019D8] -> 0xBC23
mem[X,0x00000000800019DA] -> 0x47F3
[1655] [M]: 0x00000000800019D8 (0x47F3BC23) sd x31, 0x478(x7)                       inst_169+36
mem[W,0x0000000080006660] <- 0xFFFFFFFFFFFFFFF3

clint mtime 0x000000000000033C (mip.MTI <- 0b1, mip.STI <- 0b0)
mem[X,0x00000000800019DC] -> 0x0F37
mem[X,0x00000000800019DE] -> 0x0000
[1656] [M]: 0x00000000800019DC (0x00000F37) lui x30, 0x0                            inst_170+0
x30 <- 0x0000000000000000

mem[X,0x00000000800019E0] -> 0x0F13
mem[X,0x00000000800019E2] -> 0x000F
[1657] [M]: 0x00000000800019E0 (0x000F0F13) addi x30, x30, 0x0                      inst_170+4
x30 <- 0x0000000000000000

clint mtime 0x000000000000033D (mip.MTI <- 0b1, mip.STI <- 0b0)
mem[X,0x00000000800019E4] -> 0x1F13
mem[X,0x00000000800019E6] -> 0x00BF
[1658] [M]: 0x00000000800019E4 (0x00BF1F13) slli x30, x30, 0xb                      inst_170+8
x30 <- 0x0000000000000000

mem[X,0x00000000800019E8] -> 0x0F13
mem[X,0x00000000800019EA] -> 0x5A8F
[1659] [M]: 0x00000000800019E8 (0x5A8F0F13) addi x30, x30, 0x5a8                    inst_170+12
x30 <- 0x00000000000005A8

clint mtime 0x000000000000033E (mip.MTI <- 0b1, mip.STI <- 0b0)
mem[X,0x00000000800019EC] -> 0x1F13
mem[X,0x00000000800019EE] -> 0x00BF
[1660] [M]: 0x00000000800019EC (0x00BF1F13) slli x30, x30, 0xb                      inst_170+16
x30 <- 0x00000000002D4000

mem[X,0x00000000800019F0] -> 0x0F13
mem[X,0x00000000800019F2] -> 0x13CF
[1661] [M]: 0x00000000800019F0 (0x13CF0F13) addi x30, x30, 0x13c                    inst_170+20
x30 <- 0x00000000002D413C

clint mtime 0x000000000000033F (mip.MTI <- 0b1, mip.STI <- 0b0)
mem[X,0x00000000800019F4] -> 0x1F13
mem[X,0x00000000800019F6] -> 0x00AF
[1662] [M]: 0x00000000800019F4 (0x00AF1F13) slli x30, x30, 0xa                      inst_170+24
x30 <- 0x00000000B504F000

mem[X,0x00000000800019F8] -> 0x0F13
mem[X,0x00000000800019FA] -> 0x332F
[1663] [M]: 0x00000000800019F8 (0x332F0F13) addi x30, x30, 0x332                    inst_170+28
x30 <- 0x00000000B504F332

clint mtime 0x0000000000000340 (mip.MTI <- 0b1, mip.STI <- 0b0)
mem[X,0x00000000800019FC] -> 0x6F93
mem[X,0x00000000800019FE] -> 0x666F
[1664] [M]: 0x00000000800019FC (0x666F6F93) ori x31, x30, 0x666                     inst_170+32
x31 <- 0x00000000B504F776

mem[X,0x0000000080001A00] -> 0xB023
mem[X,0x0000000080001A02] -> 0x49F3
[1665] [M]: 0x0000000080001A00 (0x49F3B023) sd x31, 0x480(x7)                       inst_170+36
mem[W,0x0000000080006668] <- 0x00000000B504F776

clint mtime 0x0000000000000341 (mip.MTI <- 0b1, mip.STI <- 0b0)
mem[X,0x0000000080001A04] -> 0x0F37
mem[X,0x0000000080001A06] -> 0x0000
[1666] [M]: 0x0000000080001A04 (0x00000F37) lui x30, 0x0                            inst_171+0
x30 <- 0x0000000000000000

mem[X,0x0000000080001A08] -> 0x0F13
mem[X,0x0000000080001A0A] -> 0x000F
[1667] [M]: 0x0000000080001A08 (0x000F0F13) addi x30, x30, 0x0                      inst_171+4
x30 <- 0x0000000000000000

clint mtime 0x0000000000000342 (mip.MTI <- 0b1, mip.STI <- 0b0)
mem[X,0x0000000080001A0C] -> 0x1F13
mem[X,0x0000000080001A0E] -> 0x00BF
[1668] [M]: 0x0000000080001A0C (0x00BF1F13) slli x30, x30, 0xb                      inst_171+8
x30 <- 0x0000000000000000

mem[X,0x0000000080001A10] -> 0x0F13
mem[X,0x0000000080001A12] -> 0x5A8F
[1669] [M]: 0x0000000080001A10 (0x5A8F0F13) addi x30, x30, 0x5a8                    inst_171+12
x30 <- 0x00000000000005A8

clint mtime 0x0000000000000343 (mip.MTI <- 0b1, mip.STI <- 0b0)
mem[X,0x0000000080001A14] -> 0x1F13
mem[X,0x0000000080001A16] -> 0x00BF
[1670] [M]: 0x0000000080001A14 (0x00BF1F13) slli x30, x30, 0xb                      inst_171+16
x30 <- 0x00000000002D4000

mem[X,0x0000000080001A18] -> 0x0F13
mem[X,0x0000000080001A1A] -> 0x13CF
[1671] [M]: 0x0000000080001A18 (0x13CF0F13) addi x30, x30, 0x13c                    inst_171+20
x30 <- 0x00000000002D413C

clint mtime 0x0000000000000344 (mip.MTI <- 0b1, mip.STI <- 0b0)
mem[X,0x0000000080001A1C] -> 0x1F13
mem[X,0x0000000080001A1E] -> 0x00AF
[1672] [M]: 0x0000000080001A1C (0x00AF1F13) slli x30, x30, 0xa                      inst_171+24
x30 <- 0x00000000B504F000

mem[X,0x0000000080001A20] -> 0x0F13
mem[X,0x0000000080001A22] -> 0x332F
[1673] [M]: 0x0000000080001A20 (0x332F0F13) addi x30, x30, 0x332                    inst_171+28
x30 <- 0x00000000B504F332

clint mtime 0x0000000000000345 (mip.MTI <- 0b1, mip.STI <- 0b0)
mem[X,0x0000000080001A24] -> 0x6F93
mem[X,0x0000000080001A26] -> 0x333F
[1674] [M]: 0x0000000080001A24 (0x333F6F93) ori x31, x30, 0x333                     inst_171+32
x31 <- 0x00000000B504F333

mem[X,0x0000000080001A28] -> 0xB423
mem[X,0x0000000080001A2A] -> 0x49F3
[1675] [M]: 0x0000000080001A28 (0x49F3B423) sd x31, 0x488(x7)                       inst_171+36
mem[W,0x0000000080006670] <- 0x00000000B504F333

clint mtime 0x0000000000000346 (mip.MTI <- 0b1, mip.STI <- 0b0)
mem[X,0x0000000080001A2C] -> 0x0F37
mem[X,0x0000000080001A2E] -> 0x0000
[1676] [M]: 0x0000000080001A2C (0x00000F37) lui x30, 0x0                            inst_172+0
x30 <- 0x0000000000000000

mem[X,0x0000000080001A30] -> 0x0F13
mem[X,0x0000000080001A32] -> 0x000F
[1677] [M]: 0x0000000080001A30 (0x000F0F13) addi x30, x30, 0x0                      inst_172+4
x30 <- 0x0000000000000000

clint mtime 0x0000000000000347 (mip.MTI <- 0b1, mip.STI <- 0b0)
mem[X,0x0000000080001A34] -> 0x1F13
mem[X,0x0000000080001A36] -> 0x00BF
[1678] [M]: 0x0000000080001A34 (0x00BF1F13) slli x30, x30, 0xb                      inst_172+8
x30 <- 0x0000000000000000

mem[X,0x0000000080001A38] -> 0x0F13
mem[X,0x0000000080001A3A] -> 0x5A8F
[1679] [M]: 0x0000000080001A38 (0x5A8F0F13) addi x30, x30, 0x5a8                    inst_172+12
x30 <- 0x00000000000005A8

clint mtime 0x0000000000000348 (mip.MTI <- 0b1, mip.STI <- 0b0)
mem[X,0x0000000080001A3C] -> 0x1F13
mem[X,0x0000000080001A3E] -> 0x00BF
[1680] [M]: 0x0000000080001A3C (0x00BF1F13) slli x30, x30, 0xb                      inst_172+16
x30 <- 0x00000000002D4000

mem[X,0x0000000080001A40] -> 0x0F13
mem[X,0x0000000080001A42] -> 0x13CF
[1681] [M]: 0x0000000080001A40 (0x13CF0F13) addi x30, x30, 0x13c                    inst_172+20
x30 <- 0x00000000002D413C

clint mtime 0x0000000000000349 (mip.MTI <- 0b1, mip.STI <- 0b0)
mem[X,0x0000000080001A44] -> 0x1F13
mem[X,0x0000000080001A46] -> 0x00AF
[1682] [M]: 0x0000000080001A44 (0x00AF1F13) slli x30, x30, 0xa                      inst_172+24
x30 <- 0x00000000B504F000

mem[X,0x0000000080001A48] -> 0x0F13
mem[X,0x0000000080001A4A] -> 0x332F
[1683] [M]: 0x0000000080001A48 (0x332F0F13) addi x30, x30, 0x332                    inst_172+28
x30 <- 0x00000000B504F332

clint mtime 0x000000000000034A (mip.MTI <- 0b1, mip.STI <- 0b0)
mem[X,0x0000000080001A4C] -> 0x6F93
mem[X,0x0000000080001A4E] -> 0x005F
[1684] [M]: 0x0000000080001A4C (0x005F6F93) ori x31, x30, 0x5                       inst_172+32
x31 <- 0x00000000B504F337

mem[X,0x0000000080001A50] -> 0xB823
mem[X,0x0000000080001A52] -> 0x49F3
[1685] [M]: 0x0000000080001A50 (0x49F3B823) sd x31, 0x490(x7)                       inst_172+36
mem[W,0x0000000080006678] <- 0x00000000B504F337

clint mtime 0x000000000000034B (mip.MTI <- 0b1, mip.STI <- 0b0)
mem[X,0x0000000080001A54] -> 0x0F37
mem[X,0x0000000080001A56] -> 0x0000
[1686] [M]: 0x0000000080001A54 (0x00000F37) lui x30, 0x0                            inst_173+0
x30 <- 0x0000000000000000

mem[X,0x0000000080001A58] -> 0x0F13
mem[X,0x0000000080001A5A] -> 0x000F
[1687] [M]: 0x0000000080001A58 (0x000F0F13) addi x30, x30, 0x0                      inst_173+4
x30 <- 0x0000000000000000

clint mtime 0x000000000000034C (mip.MTI <- 0b1, mip.STI <- 0b0)
mem[X,0x0000000080001A5C] -> 0x1F13
mem[X,0x0000000080001A5E] -> 0x00BF
[1688] [M]: 0x0000000080001A5C (0x00BF1F13) slli x30, x30, 0xb                      inst_173+8
x30 <- 0x0000000000000000

mem[X,0x0000000080001A60] -> 0x0F13
mem[X,0x0000000080001A62] -> 0x5A8F
[1689] [M]: 0x0000000080001A60 (0x5A8F0F13) addi x30, x30, 0x5a8                    inst_173+12
x30 <- 0x00000000000005A8

clint mtime 0x000000000000034D (mip.MTI <- 0b1, mip.STI <- 0b0)
mem[X,0x0000000080001A64] -> 0x1F13
mem[X,0x0000000080001A66] -> 0x00BF
[1690] [M]: 0x0000000080001A64 (0x00BF1F13) slli x30, x30, 0xb                      inst_173+16
x30 <- 0x00000000002D4000

mem[X,0x0000000080001A68] -> 0x0F13
mem[X,0x0000000080001A6A] -> 0x13CF
[1691] [M]: 0x0000000080001A68 (0x13CF0F13) addi x30, x30, 0x13c                    inst_173+20
x30 <- 0x00000000002D413C

clint mtime 0x000000000000034E (mip.MTI <- 0b1, mip.STI <- 0b0)
mem[X,0x0000000080001A6C] -> 0x1F13
mem[X,0x0000000080001A6E] -> 0x00AF
[1692] [M]: 0x0000000080001A6C (0x00AF1F13) slli x30, x30, 0xa                      inst_173+24
x30 <- 0x00000000B504F000

mem[X,0x0000000080001A70] -> 0x0F13
mem[X,0x0000000080001A72] -> 0x332F
[1693] [M]: 0x0000000080001A70 (0x332F0F13) addi x30, x30, 0x332                    inst_173+28
x30 <- 0x00000000B504F332

clint mtime 0x000000000000034F (mip.MTI <- 0b1, mip.STI <- 0b0)
mem[X,0x0000000080001A74] -> 0x6F93
mem[X,0x0000000080001A76] -> 0xAAAF
[1694] [M]: 0x0000000080001A74 (0xAAAF6F93) ori x31, x30, -0x556                    inst_173+32
x31 <- 0xFFFFFFFFFFFFFBBA

mem[X,0x0000000080001A78] -> 0xBC23
mem[X,0x0000000080001A7A] -> 0x49F3
[1695] [M]: 0x0000000080001A78 (0x49F3BC23) sd x31, 0x498(x7)                       inst_173+36
mem[W,0x0000000080006680] <- 0xFFFFFFFFFFFFFBBA

clint mtime 0x0000000000000350 (mip.MTI <- 0b1, mip.STI <- 0b0)
mem[X,0x0000000080001A7C] -> 0x0F37
mem[X,0x0000000080001A7E] -> 0x0000
[1696] [M]: 0x0000000080001A7C (0x00000F37) lui x30, 0x0                            inst_174+0
x30 <- 0x0000000000000000

mem[X,0x0000000080001A80] -> 0x0F13
mem[X,0x0000000080001A82] -> 0x000F
[1697] [M]: 0x0000000080001A80 (0x000F0F13) addi x30, x30, 0x0                      inst_174+4
x30 <- 0x0000000000000000

clint mtime 0x0000000000000351 (mip.MTI <- 0b1, mip.STI <- 0b0)
mem[X,0x0000000080001A84] -> 0x1F13
mem[X,0x0000000080001A86] -> 0x00BF
[1698] [M]: 0x0000000080001A84 (0x00BF1F13) slli x30, x30, 0xb                      inst_174+8
x30 <- 0x0000000000000000

mem[X,0x0000000080001A88] -> 0x0F13
mem[X,0x0000000080001A8A] -> 0x5A8F
[1699] [M]: 0x0000000080001A88 (0x5A8F0F13) addi x30, x30, 0x5a8                    inst_174+12
x30 <- 0x00000000000005A8

clint mtime 0x0000000000000352 (mip.MTI <- 0b1, mip.STI <- 0b0)
mem[X,0x0000000080001A8C] -> 0x1F13
mem[X,0x0000000080001A8E] -> 0x00BF
[1700] [M]: 0x0000000080001A8C (0x00BF1F13) slli x30, x30, 0xb                      inst_174+16
x30 <- 0x00000000002D4000

mem[X,0x0000000080001A90] -> 0x0F13
mem[X,0x0000000080001A92] -> 0x13CF
[1701] [M]: 0x0000000080001A90 (0x13CF0F13) addi x30, x30, 0x13c                    inst_174+20
x30 <- 0x00000000002D413C

clint mtime 0x0000000000000353 (mip.MTI <- 0b1, mip.STI <- 0b0)
mem[X,0x0000000080001A94] -> 0x1F13
mem[X,0x0000000080001A96] -> 0x00AF
[1702] [M]: 0x0000000080001A94 (0x00AF1F13) slli x30, x30, 0xa                      inst_174+24
x30 <- 0x00000000B504F000

mem[X,0x0000000080001A98] -> 0x0F13
mem[X,0x0000000080001A9A] -> 0x332F
[1703] [M]: 0x0000000080001A98 (0x332F0F13) addi x30, x30, 0x332                    inst_174+28
x30 <- 0x00000000B504F332

clint mtime 0x0000000000000354 (mip.MTI <- 0b1, mip.STI <- 0b0)
mem[X,0x0000000080001A9C] -> 0x6F93
mem[X,0x0000000080001A9E] -> 0x555F
[1704] [M]: 0x0000000080001A9C (0x555F6F93) ori x31, x30, 0x555                     inst_174+32
x31 <- 0x00000000B504F777

mem[X,0x0000000080001AA0] -> 0xB023
mem[X,0x0000000080001AA2] -> 0x4BF3
[1705] [M]: 0x0000000080001AA0 (0x4BF3B023) sd x31, 0x4a0(x7)                       inst_174+36
mem[W,0x0000000080006688] <- 0x00000000B504F777

clint mtime 0x0000000000000355 (mip.MTI <- 0b1, mip.STI <- 0b0)
mem[X,0x0000000080001AA4] -> 0x0F37
mem[X,0x0000000080001AA6] -> 0x0000
[1706] [M]: 0x0000000080001AA4 (0x00000F37) lui x30, 0x0                            inst_175+0
x30 <- 0x0000000000000000

mem[X,0x0000000080001AA8] -> 0x0F13
mem[X,0x0000000080001AAA] -> 0x000F
[1707] [M]: 0x0000000080001AA8 (0x000F0F13) addi x30, x30, 0x0                      inst_175+4
x30 <- 0x0000000000000000

clint mtime 0x0000000000000356 (mip.MTI <- 0b1, mip.STI <- 0b0)
mem[X,0x0000000080001AAC] -> 0x1F13
mem[X,0x0000000080001AAE] -> 0x00BF
[1708] [M]: 0x0000000080001AAC (0x00BF1F13) slli x30, x30, 0xb                      inst_175+8
x30 <- 0x0000000000000000

mem[X,0x0000000080001AB0] -> 0x0F13
mem[X,0x0000000080001AB2] -> 0x5A8F
[1709] [M]: 0x0000000080001AB0 (0x5A8F0F13) addi x30, x30, 0x5a8                    inst_175+12
x30 <- 0x00000000000005A8

clint mtime 0x0000000000000357 (mip.MTI <- 0b1, mip.STI <- 0b0)
mem[X,0x0000000080001AB4] -> 0x1F13
mem[X,0x0000000080001AB6] -> 0x00BF
[1710] [M]: 0x0000000080001AB4 (0x00BF1F13) slli x30, x30, 0xb                      inst_175+16
x30 <- 0x00000000002D4000

mem[X,0x0000000080001AB8] -> 0x0F13
mem[X,0x0000000080001ABA] -> 0x13CF
[1711] [M]: 0x0000000080001AB8 (0x13CF0F13) addi x30, x30, 0x13c                    inst_175+20
x30 <- 0x00000000002D413C

clint mtime 0x0000000000000358 (mip.MTI <- 0b1, mip.STI <- 0b0)
mem[X,0x0000000080001ABC] -> 0x1F13
mem[X,0x0000000080001ABE] -> 0x00AF
[1712] [M]: 0x0000000080001ABC (0x00AF1F13) slli x30, x30, 0xa                      inst_175+24
x30 <- 0x00000000B504F000

mem[X,0x0000000080001AC0] -> 0x0F13
mem[X,0x0000000080001AC2] -> 0x332F
[1713] [M]: 0x0000000080001AC0 (0x332F0F13) addi x30, x30, 0x332                    inst_175+28
x30 <- 0x00000000B504F332

clint mtime 0x0000000000000359 (mip.MTI <- 0b1, mip.STI <- 0b0)
mem[X,0x0000000080001AC4] -> 0x6F93
mem[X,0x0000000080001AC6] -> 0x003F
[1714] [M]: 0x0000000080001AC4 (0x003F6F93) ori x31, x30, 0x3                       inst_175+32
x31 <- 0x00000000B504F333

mem[X,0x0000000080001AC8] -> 0xB423
mem[X,0x0000000080001ACA] -> 0x4BF3
[1715] [M]: 0x0000000080001AC8 (0x4BF3B423) sd x31, 0x4a8(x7)                       inst_175+36
mem[W,0x0000000080006690] <- 0x00000000B504F333

clint mtime 0x000000000000035A (mip.MTI <- 0b1, mip.STI <- 0b0)
mem[X,0x0000000080001ACC] -> 0x6F37
mem[X,0x0000000080001ACE] -> 0x6666
[1716] [M]: 0x0000000080001ACC (0x66666F37) lui x30, 0x66666                        inst_176+0
x30 <- 0x0000000066666000

mem[X,0x0000000080001AD0] -> 0x0F13
mem[X,0x0000000080001AD2] -> 0x666F
[1717] [M]: 0x0000000080001AD0 (0x666F0F13) addi x30, x30, 0x666                    inst_176+4
x30 <- 0x0000000066666666

clint mtime 0x000000000000035B (mip.MTI <- 0b1, mip.STI <- 0b0)
mem[X,0x0000000080001AD4] -> 0x1F13
mem[X,0x0000000080001AD6] -> 0x00BF
[1718] [M]: 0x0000000080001AD4 (0x00BF1F13) slli x30, x30, 0xb                      inst_176+8
x30 <- 0x0000033333333000

mem[X,0x0000000080001AD8] -> 0x0F13
mem[X,0x0000000080001ADA] -> 0x333F
[1719] [M]: 0x0000000080001AD8 (0x333F0F13) addi x30, x30, 0x333                    inst_176+12
x30 <- 0x0000033333333333

clint mtime 0x000000000000035C (mip.MTI <- 0b1, mip.STI <- 0b0)
mem[X,0x0000000080001ADC] -> 0x1F13
mem[X,0x0000000080001ADE] -> 0x00BF
[1720] [M]: 0x0000000080001ADC (0x00BF1F13) slli x30, x30, 0xb                      inst_176+16
x30 <- 0x0019999999999800

mem[X,0x0000000080001AE0] -> 0x0F13
mem[X,0x0000000080001AE2] -> 0x199F
[1721] [M]: 0x0000000080001AE0 (0x199F0F13) addi x30, x30, 0x199                    inst_176+20
x30 <- 0x0019999999999999

clint mtime 0x000000000000035D (mip.MTI <- 0b1, mip.STI <- 0b0)
mem[X,0x0000000080001AE4] -> 0x1F13
mem[X,0x0000000080001AE6] -> 0x00AF
[1722] [M]: 0x0000000080001AE4 (0x00AF1F13) slli x30, x30, 0xa                      inst_176+24
x30 <- 0x6666666666666400

mem[X,0x0000000080001AE8] -> 0x0F13
mem[X,0x0000000080001AEA] -> 0x265F
[1723] [M]: 0x0000000080001AE8 (0x265F0F13) addi x30, x30, 0x265                    inst_176+28
x30 <- 0x6666666666666665

clint mtime 0x000000000000035E (mip.MTI <- 0b1, mip.STI <- 0b0)
mem[X,0x0000000080001AEC] -> 0x6F93
mem[X,0x0000000080001AEE] -> 0x02EF
[1724] [M]: 0x0000000080001AEC (0x02EF6F93) ori x31, x30, 0x2e                      inst_176+32
x31 <- 0x666666666666666F

mem[X,0x0000000080001AF0] -> 0xB823
mem[X,0x0000000080001AF2] -> 0x4BF3
[1725] [M]: 0x0000000080001AF0 (0x4BF3B823) sd x31, 0x4b0(x7)                       inst_176+36
mem[W,0x0000000080006698] <- 0x666666666666666F

clint mtime 0x000000000000035F (mip.MTI <- 0b1, mip.STI <- 0b0)
mem[X,0x0000000080001AF4] -> 0x6F37
mem[X,0x0000000080001AF6] -> 0x6666
[1726] [M]: 0x0000000080001AF4 (0x66666F37) lui x30, 0x66666                        inst_177+0
x30 <- 0x0000000066666000

mem[X,0x0000000080001AF8] -> 0x0F13
mem[X,0x0000000080001AFA] -> 0x666F
[1727] [M]: 0x0000000080001AF8 (0x666F0F13) addi x30, x30, 0x666                    inst_177+4
x30 <- 0x0000000066666666

clint mtime 0x0000000000000360 (mip.MTI <- 0b1, mip.STI <- 0b0)
mem[X,0x0000000080001AFC] -> 0x1F13
mem[X,0x0000000080001AFE] -> 0x00BF
[1728] [M]: 0x0000000080001AFC (0x00BF1F13) slli x30, x30, 0xb                      inst_177+8
x30 <- 0x0000033333333000

mem[X,0x0000000080001B00] -> 0x0F13
mem[X,0x0000000080001B02] -> 0x333F
[1729] [M]: 0x0000000080001B00 (0x333F0F13) addi x30, x30, 0x333                    inst_177+12
x30 <- 0x0000033333333333

clint mtime 0x0000000000000361 (mip.MTI <- 0b1, mip.STI <- 0b0)
mem[X,0x0000000080001B04] -> 0x1F13
mem[X,0x0000000080001B06] -> 0x00BF
[1730] [M]: 0x0000000080001B04 (0x00BF1F13) slli x30, x30, 0xb                      inst_177+16
x30 <- 0x0019999999999800

mem[X,0x0000000080001B08] -> 0x0F13
mem[X,0x0000000080001B0A] -> 0x199F
[1731] [M]: 0x0000000080001B08 (0x199F0F13) addi x30, x30, 0x199                    inst_177+20
x30 <- 0x0019999999999999

clint mtime 0x0000000000000362 (mip.MTI <- 0b1, mip.STI <- 0b0)
mem[X,0x0000000080001B0C] -> 0x1F13
mem[X,0x0000000080001B0E] -> 0x00AF
[1732] [M]: 0x0000000080001B0C (0x00AF1F13) slli x30, x30, 0xa                      inst_177+24
x30 <- 0x6666666666666400

mem[X,0x0000000080001B10] -> 0x0F13
mem[X,0x0000000080001B12] -> 0x265F
[1733] [M]: 0x0000000080001B10 (0x265F0F13) addi x30, x30, 0x265                    inst_177+28
x30 <- 0x6666666666666665

clint mtime 0x0000000000000363 (mip.MTI <- 0b1, mip.STI <- 0b0)
mem[X,0x0000000080001B14] -> 0x6F93
mem[X,0x0000000080001B16] -> 0xFD4F
[1734] [M]: 0x0000000080001B14 (0xFD4F6F93) ori x31, x30, -0x2c                     inst_177+32
x31 <- 0xFFFFFFFFFFFFFFF5

mem[X,0x0000000080001B18] -> 0xBC23
mem[X,0x0000000080001B1A] -> 0x4BF3
[1735] [M]: 0x0000000080001B18 (0x4BF3BC23) sd x31, 0x4b8(x7)                       inst_177+36
mem[W,0x00000000800066A0] <- 0xFFFFFFFFFFFFFFF5

clint mtime 0x0000000000000364 (mip.MTI <- 0b1, mip.STI <- 0b0)
mem[X,0x0000000080001B1C] -> 0x6F37
mem[X,0x0000000080001B1E] -> 0x6666
[1736] [M]: 0x0000000080001B1C (0x66666F37) lui x30, 0x66666                        inst_178+0
x30 <- 0x0000000066666000

mem[X,0x0000000080001B20] -> 0x0F13
mem[X,0x0000000080001B22] -> 0x666F
[1737] [M]: 0x0000000080001B20 (0x666F0F13) addi x30, x30, 0x666                    inst_178+4
x30 <- 0x0000000066666666

clint mtime 0x0000000000000365 (mip.MTI <- 0b1, mip.STI <- 0b0)
mem[X,0x0000000080001B24] -> 0x1F13
mem[X,0x0000000080001B26] -> 0x00BF
[1738] [M]: 0x0000000080001B24 (0x00BF1F13) slli x30, x30, 0xb                      inst_178+8
x30 <- 0x0000033333333000

mem[X,0x0000000080001B28] -> 0x0F13
mem[X,0x0000000080001B2A] -> 0x333F
[1739] [M]: 0x0000000080001B28 (0x333F0F13) addi x30, x30, 0x333                    inst_178+12
x30 <- 0x0000033333333333

clint mtime 0x0000000000000366 (mip.MTI <- 0b1, mip.STI <- 0b0)
mem[X,0x0000000080001B2C] -> 0x1F13
mem[X,0x0000000080001B2E] -> 0x00BF
[1740] [M]: 0x0000000080001B2C (0x00BF1F13) slli x30, x30, 0xb                      inst_178+16
x30 <- 0x0019999999999800

mem[X,0x0000000080001B30] -> 0x0F13
mem[X,0x0000000080001B32] -> 0x199F
[1741] [M]: 0x0000000080001B30 (0x199F0F13) addi x30, x30, 0x199                    inst_178+20
x30 <- 0x0019999999999999

clint mtime 0x0000000000000367 (mip.MTI <- 0b1, mip.STI <- 0b0)
mem[X,0x0000000080001B34] -> 0x1F13
mem[X,0x0000000080001B36] -> 0x00AF
[1742] [M]: 0x0000000080001B34 (0x00AF1F13) slli x30, x30, 0xa                      inst_178+24
x30 <- 0x6666666666666400

mem[X,0x0000000080001B38] -> 0x0F13
mem[X,0x0000000080001B3A] -> 0x265F
[1743] [M]: 0x0000000080001B38 (0x265F0F13) addi x30, x30, 0x265                    inst_178+28
x30 <- 0x6666666666666665

clint mtime 0x0000000000000368 (mip.MTI <- 0b1, mip.STI <- 0b0)
mem[X,0x0000000080001B3C] -> 0x6F93
mem[X,0x0000000080001B3E] -> 0x667F
[1744] [M]: 0x0000000080001B3C (0x667F6F93) ori x31, x30, 0x667                     inst_178+32
x31 <- 0x6666666666666667

mem[X,0x0000000080001B40] -> 0xB023
mem[X,0x0000000080001B42] -> 0x4DF3
[1745] [M]: 0x0000000080001B40 (0x4DF3B023) sd x31, 0x4c0(x7)                       inst_178+36
mem[W,0x00000000800066A8] <- 0x6666666666666667

clint mtime 0x0000000000000369 (mip.MTI <- 0b1, mip.STI <- 0b0)
mem[X,0x0000000080001B44] -> 0x6F37
mem[X,0x0000000080001B46] -> 0x6666
[1746] [M]: 0x0000000080001B44 (0x66666F37) lui x30, 0x66666                        inst_179+0
x30 <- 0x0000000066666000

mem[X,0x0000000080001B48] -> 0x0F13
mem[X,0x0000000080001B4A] -> 0x666F
[1747] [M]: 0x0000000080001B48 (0x666F0F13) addi x30, x30, 0x666                    inst_179+4
x30 <- 0x0000000066666666

clint mtime 0x000000000000036A (mip.MTI <- 0b1, mip.STI <- 0b0)
mem[X,0x0000000080001B4C] -> 0x1F13
mem[X,0x0000000080001B4E] -> 0x00BF
[1748] [M]: 0x0000000080001B4C (0x00BF1F13) slli x30, x30, 0xb                      inst_179+8
x30 <- 0x0000033333333000

mem[X,0x0000000080001B50] -> 0x0F13
mem[X,0x0000000080001B52] -> 0x333F
[1749] [M]: 0x0000000080001B50 (0x333F0F13) addi x30, x30, 0x333                    inst_179+12
x30 <- 0x0000033333333333

clint mtime 0x000000000000036B (mip.MTI <- 0b1, mip.STI <- 0b0)
mem[X,0x0000000080001B54] -> 0x1F13
mem[X,0x0000000080001B56] -> 0x00BF
[1750] [M]: 0x0000000080001B54 (0x00BF1F13) slli x30, x30, 0xb                      inst_179+16
x30 <- 0x0019999999999800

mem[X,0x0000000080001B58] -> 0x0F13
mem[X,0x0000000080001B5A] -> 0x199F
[1751] [M]: 0x0000000080001B58 (0x199F0F13) addi x30, x30, 0x199                    inst_179+20
x30 <- 0x0019999999999999

clint mtime 0x000000000000036C (mip.MTI <- 0b1, mip.STI <- 0b0)
mem[X,0x0000000080001B5C] -> 0x1F13
mem[X,0x0000000080001B5E] -> 0x00AF
[1752] [M]: 0x0000000080001B5C (0x00AF1F13) slli x30, x30, 0xa                      inst_179+24
x30 <- 0x6666666666666400

mem[X,0x0000000080001B60] -> 0x0F13
mem[X,0x0000000080001B62] -> 0x265F
[1753] [M]: 0x0000000080001B60 (0x265F0F13) addi x30, x30, 0x265                    inst_179+28
x30 <- 0x6666666666666665

clint mtime 0x000000000000036D (mip.MTI <- 0b1, mip.STI <- 0b0)
mem[X,0x0000000080001B64] -> 0x6F93
mem[X,0x0000000080001B66] -> 0x334F
[1754] [M]: 0x0000000080001B64 (0x334F6F93) ori x31, x30, 0x334                     inst_179+32
x31 <- 0x6666666666666775

mem[X,0x0000000080001B68] -> 0xB423
mem[X,0x0000000080001B6A] -> 0x4DF3
[1755] [M]: 0x0000000080001B68 (0x4DF3B423) sd x31, 0x4c8(x7)                       inst_179+36
mem[W,0x00000000800066B0] <- 0x6666666666666775

clint mtime 0x000000000000036E (mip.MTI <- 0b1, mip.STI <- 0b0)
mem[X,0x0000000080001B6C] -> 0x6F37
mem[X,0x0000000080001B6E] -> 0x6666
[1756] [M]: 0x0000000080001B6C (0x66666F37) lui x30, 0x66666                        inst_180+0
x30 <- 0x0000000066666000

mem[X,0x0000000080001B70] -> 0x0F13
mem[X,0x0000000080001B72] -> 0x666F
[1757] [M]: 0x0000000080001B70 (0x666F0F13) addi x30, x30, 0x666                    inst_180+4
x30 <- 0x0000000066666666

clint mtime 0x000000000000036F (mip.MTI <- 0b1, mip.STI <- 0b0)
mem[X,0x0000000080001B74] -> 0x1F13
mem[X,0x0000000080001B76] -> 0x00BF
[1758] [M]: 0x0000000080001B74 (0x00BF1F13) slli x30, x30, 0xb                      inst_180+8
x30 <- 0x0000033333333000

mem[X,0x0000000080001B78] -> 0x0F13
mem[X,0x0000000080001B7A] -> 0x333F
[1759] [M]: 0x0000000080001B78 (0x333F0F13) addi x30, x30, 0x333                    inst_180+12
x30 <- 0x0000033333333333

clint mtime 0x0000000000000370 (mip.MTI <- 0b1, mip.STI <- 0b0)
mem[X,0x0000000080001B7C] -> 0x1F13
mem[X,0x0000000080001B7E] -> 0x00BF
[1760] [M]: 0x0000000080001B7C (0x00BF1F13) slli x30, x30, 0xb                      inst_180+16
x30 <- 0x0019999999999800

mem[X,0x0000000080001B80] -> 0x0F13
mem[X,0x0000000080001B82] -> 0x199F
[1761] [M]: 0x0000000080001B80 (0x199F0F13) addi x30, x30, 0x199                    inst_180+20
x30 <- 0x0019999999999999

clint mtime 0x0000000000000371 (mip.MTI <- 0b1, mip.STI <- 0b0)
mem[X,0x0000000080001B84] -> 0x1F13
mem[X,0x0000000080001B86] -> 0x00AF
[1762] [M]: 0x0000000080001B84 (0x00AF1F13) slli x30, x30, 0xa                      inst_180+24
x30 <- 0x6666666666666400

mem[X,0x0000000080001B88] -> 0x0F13
mem[X,0x0000000080001B8A] -> 0x265F
[1763] [M]: 0x0000000080001B88 (0x265F0F13) addi x30, x30, 0x265                    inst_180+28
x30 <- 0x6666666666666665

clint mtime 0x0000000000000372 (mip.MTI <- 0b1, mip.STI <- 0b0)
mem[X,0x0000000080001B8C] -> 0x6F93
mem[X,0x0000000080001B8E] -> 0x006F
[1764] [M]: 0x0000000080001B8C (0x006F6F93) ori x31, x30, 0x6                       inst_180+32
x31 <- 0x6666666666666667

mem[X,0x0000000080001B90] -> 0xB823
mem[X,0x0000000080001B92] -> 0x4DF3
[1765] [M]: 0x0000000080001B90 (0x4DF3B823) sd x31, 0x4d0(x7)                       inst_180+36
mem[W,0x00000000800066B8] <- 0x6666666666666667

clint mtime 0x0000000000000373 (mip.MTI <- 0b1, mip.STI <- 0b0)
mem[X,0x0000000080001B94] -> 0x6F37
mem[X,0x0000000080001B96] -> 0x6666
[1766] [M]: 0x0000000080001B94 (0x66666F37) lui x30, 0x66666                        inst_181+0
x30 <- 0x0000000066666000

mem[X,0x0000000080001B98] -> 0x0F13
mem[X,0x0000000080001B9A] -> 0x666F
[1767] [M]: 0x0000000080001B98 (0x666F0F13) addi x30, x30, 0x666                    inst_181+4
x30 <- 0x0000000066666666

clint mtime 0x0000000000000374 (mip.MTI <- 0b1, mip.STI <- 0b0)
mem[X,0x0000000080001B9C] -> 0x1F13
mem[X,0x0000000080001B9E] -> 0x00BF
[1768] [M]: 0x0000000080001B9C (0x00BF1F13) slli x30, x30, 0xb                      inst_181+8
x30 <- 0x0000033333333000

mem[X,0x0000000080001BA0] -> 0x0F13
mem[X,0x0000000080001BA2] -> 0x333F
[1769] [M]: 0x0000000080001BA0 (0x333F0F13) addi x30, x30, 0x333                    inst_181+12
x30 <- 0x0000033333333333

clint mtime 0x0000000000000375 (mip.MTI <- 0b1, mip.STI <- 0b0)
mem[X,0x0000000080001BA4] -> 0x1F13
mem[X,0x0000000080001BA6] -> 0x00BF
[1770] [M]: 0x0000000080001BA4 (0x00BF1F13) slli x30, x30, 0xb                      inst_181+16
x30 <- 0x0019999999999800

mem[X,0x0000000080001BA8] -> 0x0F13
mem[X,0x0000000080001BAA] -> 0x199F
[1771] [M]: 0x0000000080001BA8 (0x199F0F13) addi x30, x30, 0x199                    inst_181+20
x30 <- 0x0019999999999999

clint mtime 0x0000000000000376 (mip.MTI <- 0b1, mip.STI <- 0b0)
mem[X,0x0000000080001BAC] -> 0x1F13
mem[X,0x0000000080001BAE] -> 0x00AF
[1772] [M]: 0x0000000080001BAC (0x00AF1F13) slli x30, x30, 0xa                      inst_181+24
x30 <- 0x6666666666666400

mem[X,0x0000000080001BB0] -> 0x0F13
mem[X,0x0000000080001BB2] -> 0x265F
[1773] [M]: 0x0000000080001BB0 (0x265F0F13) addi x30, x30, 0x265                    inst_181+28
x30 <- 0x6666666666666665

clint mtime 0x0000000000000377 (mip.MTI <- 0b1, mip.STI <- 0b0)
mem[X,0x0000000080001BB4] -> 0x6F93
mem[X,0x0000000080001BB6] -> 0xAABF
[1774] [M]: 0x0000000080001BB4 (0xAABF6F93) ori x31, x30, -0x555                    inst_181+32
x31 <- 0xFFFFFFFFFFFFFEEF

mem[X,0x0000000080001BB8] -> 0xBC23
mem[X,0x0000000080001BBA] -> 0x4DF3
[1775] [M]: 0x0000000080001BB8 (0x4DF3BC23) sd x31, 0x4d8(x7)                       inst_181+36
mem[W,0x00000000800066C0] <- 0xFFFFFFFFFFFFFEEF

clint mtime 0x0000000000000378 (mip.MTI <- 0b1, mip.STI <- 0b0)
mem[X,0x0000000080001BBC] -> 0x6F37
mem[X,0x0000000080001BBE] -> 0x6666
[1776] [M]: 0x0000000080001BBC (0x66666F37) lui x30, 0x66666                        inst_182+0
x30 <- 0x0000000066666000

mem[X,0x0000000080001BC0] -> 0x0F13
mem[X,0x0000000080001BC2] -> 0x666F
[1777] [M]: 0x0000000080001BC0 (0x666F0F13) addi x30, x30, 0x666                    inst_182+4
x30 <- 0x0000000066666666

clint mtime 0x0000000000000379 (mip.MTI <- 0b1, mip.STI <- 0b0)
mem[X,0x0000000080001BC4] -> 0x1F13
mem[X,0x0000000080001BC6] -> 0x00BF
[1778] [M]: 0x0000000080001BC4 (0x00BF1F13) slli x30, x30, 0xb                      inst_182+8
x30 <- 0x0000033333333000

mem[X,0x0000000080001BC8] -> 0x0F13
mem[X,0x0000000080001BCA] -> 0x333F
[1779] [M]: 0x0000000080001BC8 (0x333F0F13) addi x30, x30, 0x333                    inst_182+12
x30 <- 0x0000033333333333

clint mtime 0x000000000000037A (mip.MTI <- 0b1, mip.STI <- 0b0)
mem[X,0x0000000080001BCC] -> 0x1F13
mem[X,0x0000000080001BCE] -> 0x00BF
[1780] [M]: 0x0000000080001BCC (0x00BF1F13) slli x30, x30, 0xb                      inst_182+16
x30 <- 0x0019999999999800

mem[X,0x0000000080001BD0] -> 0x0F13
mem[X,0x0000000080001BD2] -> 0x199F
[1781] [M]: 0x0000000080001BD0 (0x199F0F13) addi x30, x30, 0x199                    inst_182+20
x30 <- 0x0019999999999999

clint mtime 0x000000000000037B (mip.MTI <- 0b1, mip.STI <- 0b0)
mem[X,0x0000000080001BD4] -> 0x1F13
mem[X,0x0000000080001BD6] -> 0x00AF
[1782] [M]: 0x0000000080001BD4 (0x00AF1F13) slli x30, x30, 0xa                      inst_182+24
x30 <- 0x6666666666666400

mem[X,0x0000000080001BD8] -> 0x0F13
mem[X,0x0000000080001BDA] -> 0x265F
[1783] [M]: 0x0000000080001BD8 (0x265F0F13) addi x30, x30, 0x265                    inst_182+28
x30 <- 0x6666666666666665

clint mtime 0x000000000000037C (mip.MTI <- 0b1, mip.STI <- 0b0)
mem[X,0x0000000080001BDC] -> 0x6F93
mem[X,0x0000000080001BDE] -> 0x556F
[1784] [M]: 0x0000000080001BDC (0x556F6F93) ori x31, x30, 0x556                     inst_182+32
x31 <- 0x6666666666666777

mem[X,0x0000000080001BE0] -> 0xB023
mem[X,0x0000000080001BE2] -> 0x4FF3
[1785] [M]: 0x0000000080001BE0 (0x4FF3B023) sd x31, 0x4e0(x7)                       inst_182+36
mem[W,0x00000000800066C8] <- 0x6666666666666777

clint mtime 0x000000000000037D (mip.MTI <- 0b1, mip.STI <- 0b0)
mem[X,0x0000000080001BE4] -> 0x6F37
mem[X,0x0000000080001BE6] -> 0x6666
[1786] [M]: 0x0000000080001BE4 (0x66666F37) lui x30, 0x66666                        inst_183+0
x30 <- 0x0000000066666000

mem[X,0x0000000080001BE8] -> 0x0F13
mem[X,0x0000000080001BEA] -> 0x666F
[1787] [M]: 0x0000000080001BE8 (0x666F0F13) addi x30, x30, 0x666                    inst_183+4
x30 <- 0x0000000066666666

clint mtime 0x000000000000037E (mip.MTI <- 0b1, mip.STI <- 0b0)
mem[X,0x0000000080001BEC] -> 0x1F13
mem[X,0x0000000080001BEE] -> 0x00BF
[1788] [M]: 0x0000000080001BEC (0x00BF1F13) slli x30, x30, 0xb                      inst_183+8
x30 <- 0x0000033333333000

mem[X,0x0000000080001BF0] -> 0x0F13
mem[X,0x0000000080001BF2] -> 0x333F
[1789] [M]: 0x0000000080001BF0 (0x333F0F13) addi x30, x30, 0x333                    inst_183+12
x30 <- 0x0000033333333333

clint mtime 0x000000000000037F (mip.MTI <- 0b1, mip.STI <- 0b0)
mem[X,0x0000000080001BF4] -> 0x1F13
mem[X,0x0000000080001BF6] -> 0x00BF
[1790] [M]: 0x0000000080001BF4 (0x00BF1F13) slli x30, x30, 0xb                      inst_183+16
x30 <- 0x0019999999999800

mem[X,0x0000000080001BF8] -> 0x0F13
mem[X,0x0000000080001BFA] -> 0x199F
[1791] [M]: 0x0000000080001BF8 (0x199F0F13) addi x30, x30, 0x199                    inst_183+20
x30 <- 0x0019999999999999

clint mtime 0x0000000000000380 (mip.MTI <- 0b1, mip.STI <- 0b0)
mem[X,0x0000000080001BFC] -> 0x1F13
mem[X,0x0000000080001BFE] -> 0x00AF
[1792] [M]: 0x0000000080001BFC (0x00AF1F13) slli x30, x30, 0xa                      inst_183+24
x30 <- 0x6666666666666400

mem[X,0x0000000080001C00] -> 0x0F13
mem[X,0x0000000080001C02] -> 0x265F
[1793] [M]: 0x0000000080001C00 (0x265F0F13) addi x30, x30, 0x265                    inst_183+28
x30 <- 0x6666666666666665

clint mtime 0x0000000000000381 (mip.MTI <- 0b1, mip.STI <- 0b0)
mem[X,0x0000000080001C04] -> 0x6F93
mem[X,0x0000000080001C06] -> 0x02CF
[1794] [M]: 0x0000000080001C04 (0x02CF6F93) ori x31, x30, 0x2c                      inst_183+32
x31 <- 0x666666666666666D

mem[X,0x0000000080001C08] -> 0xB423
mem[X,0x0000000080001C0A] -> 0x4FF3
[1795] [M]: 0x0000000080001C08 (0x4FF3B423) sd x31, 0x4e8(x7)                       inst_183+36
mem[W,0x00000000800066D0] <- 0x666666666666666D

clint mtime 0x0000000000000382 (mip.MTI <- 0b1, mip.STI <- 0b0)
mem[X,0x0000000080001C0C] -> 0x6F37
mem[X,0x0000000080001C0E] -> 0x6666
[1796] [M]: 0x0000000080001C0C (0x66666F37) lui x30, 0x66666                        inst_184+0
x30 <- 0x0000000066666000

mem[X,0x0000000080001C10] -> 0x0F13
mem[X,0x0000000080001C12] -> 0x666F
[1797] [M]: 0x0000000080001C10 (0x666F0F13) addi x30, x30, 0x666                    inst_184+4
x30 <- 0x0000000066666666

clint mtime 0x0000000000000383 (mip.MTI <- 0b1, mip.STI <- 0b0)
mem[X,0x0000000080001C14] -> 0x1F13
mem[X,0x0000000080001C16] -> 0x00BF
[1798] [M]: 0x0000000080001C14 (0x00BF1F13) slli x30, x30, 0xb                      inst_184+8
x30 <- 0x0000033333333000

mem[X,0x0000000080001C18] -> 0x0F13
mem[X,0x0000000080001C1A] -> 0x333F
[1799] [M]: 0x0000000080001C18 (0x333F0F13) addi x30, x30, 0x333                    inst_184+12
x30 <- 0x0000033333333333

clint mtime 0x0000000000000384 (mip.MTI <- 0b1, mip.STI <- 0b0)
mem[X,0x0000000080001C1C] -> 0x1F13
mem[X,0x0000000080001C1E] -> 0x00BF
[1800] [M]: 0x0000000080001C1C (0x00BF1F13) slli x30, x30, 0xb                      inst_184+16
x30 <- 0x0019999999999800

mem[X,0x0000000080001C20] -> 0x0F13
mem[X,0x0000000080001C22] -> 0x199F
[1801] [M]: 0x0000000080001C20 (0x199F0F13) addi x30, x30, 0x199                    inst_184+20
x30 <- 0x0019999999999999

clint mtime 0x0000000000000385 (mip.MTI <- 0b1, mip.STI <- 0b0)
mem[X,0x0000000080001C24] -> 0x1F13
mem[X,0x0000000080001C26] -> 0x00AF
[1802] [M]: 0x0000000080001C24 (0x00AF1F13) slli x30, x30, 0xa                      inst_184+24
x30 <- 0x6666666666666400

mem[X,0x0000000080001C28] -> 0x0F13
mem[X,0x0000000080001C2A] -> 0x265F
[1803] [M]: 0x0000000080001C28 (0x265F0F13) addi x30, x30, 0x265                    inst_184+28
x30 <- 0x6666666666666665

clint mtime 0x0000000000000386 (mip.MTI <- 0b1, mip.STI <- 0b0)
mem[X,0x0000000080001C2C] -> 0x6F93
mem[X,0x0000000080001C2E] -> 0x665F
[1804] [M]: 0x0000000080001C2C (0x665F6F93) ori x31, x30, 0x665                     inst_184+32
x31 <- 0x6666666666666665

mem[X,0x0000000080001C30] -> 0xB823
mem[X,0x0000000080001C32] -> 0x4FF3
[1805] [M]: 0x0000000080001C30 (0x4FF3B823) sd x31, 0x4f0(x7)                       inst_184+36
mem[W,0x00000000800066D8] <- 0x6666666666666665

clint mtime 0x0000000000000387 (mip.MTI <- 0b1, mip.STI <- 0b0)
mem[X,0x0000000080001C34] -> 0x6F37
mem[X,0x0000000080001C36] -> 0x6666
[1806] [M]: 0x0000000080001C34 (0x66666F37) lui x30, 0x66666                        inst_185+0
x30 <- 0x0000000066666000

mem[X,0x0000000080001C38] -> 0x0F13
mem[X,0x0000000080001C3A] -> 0x666F
[1807] [M]: 0x0000000080001C38 (0x666F0F13) addi x30, x30, 0x666                    inst_185+4
x30 <- 0x0000000066666666

clint mtime 0x0000000000000388 (mip.MTI <- 0b1, mip.STI <- 0b0)
mem[X,0x0000000080001C3C] -> 0x1F13
mem[X,0x0000000080001C3E] -> 0x00BF
[1808] [M]: 0x0000000080001C3C (0x00BF1F13) slli x30, x30, 0xb                      inst_185+8
x30 <- 0x0000033333333000

mem[X,0x0000000080001C40] -> 0x0F13
mem[X,0x0000000080001C42] -> 0x333F
[1809] [M]: 0x0000000080001C40 (0x333F0F13) addi x30, x30, 0x333                    inst_185+12
x30 <- 0x0000033333333333

clint mtime 0x0000000000000389 (mip.MTI <- 0b1, mip.STI <- 0b0)
mem[X,0x0000000080001C44] -> 0x1F13
mem[X,0x0000000080001C46] -> 0x00BF
[1810] [M]: 0x0000000080001C44 (0x00BF1F13) slli x30, x30, 0xb                      inst_185+16
x30 <- 0x0019999999999800

mem[X,0x0000000080001C48] -> 0x0F13
mem[X,0x0000000080001C4A] -> 0x199F
[1811] [M]: 0x0000000080001C48 (0x199F0F13) addi x30, x30, 0x199                    inst_185+20
x30 <- 0x0019999999999999

clint mtime 0x000000000000038A (mip.MTI <- 0b1, mip.STI <- 0b0)
mem[X,0x0000000080001C4C] -> 0x1F13
mem[X,0x0000000080001C4E] -> 0x00AF
[1812] [M]: 0x0000000080001C4C (0x00AF1F13) slli x30, x30, 0xa                      inst_185+24
x30 <- 0x6666666666666400

mem[X,0x0000000080001C50] -> 0x0F13
mem[X,0x0000000080001C52] -> 0x265F
[1813] [M]: 0x0000000080001C50 (0x265F0F13) addi x30, x30, 0x265                    inst_185+28
x30 <- 0x6666666666666665

clint mtime 0x000000000000038B (mip.MTI <- 0b1, mip.STI <- 0b0)
mem[X,0x0000000080001C54] -> 0x6F93
mem[X,0x0000000080001C56] -> 0x332F
[1814] [M]: 0x0000000080001C54 (0x332F6F93) ori x31, x30, 0x332                     inst_185+32
x31 <- 0x6666666666666777

mem[X,0x0000000080001C58] -> 0xBC23
mem[X,0x0000000080001C5A] -> 0x4FF3
[1815] [M]: 0x0000000080001C58 (0x4FF3BC23) sd x31, 0x4f8(x7)                       inst_185+36
mem[W,0x00000000800066E0] <- 0x6666666666666777

clint mtime 0x000000000000038C (mip.MTI <- 0b1, mip.STI <- 0b0)
mem[X,0x0000000080001C5C] -> 0x6F37
mem[X,0x0000000080001C5E] -> 0x6666
[1816] [M]: 0x0000000080001C5C (0x66666F37) lui x30, 0x66666                        inst_186+0
x30 <- 0x0000000066666000

mem[X,0x0000000080001C60] -> 0x0F13
mem[X,0x0000000080001C62] -> 0x666F
[1817] [M]: 0x0000000080001C60 (0x666F0F13) addi x30, x30, 0x666                    inst_186+4
x30 <- 0x0000000066666666

clint mtime 0x000000000000038D (mip.MTI <- 0b1, mip.STI <- 0b0)
mem[X,0x0000000080001C64] -> 0x1F13
mem[X,0x0000000080001C66] -> 0x00BF
[1818] [M]: 0x0000000080001C64 (0x00BF1F13) slli x30, x30, 0xb                      inst_186+8
x30 <- 0x0000033333333000

mem[X,0x0000000080001C68] -> 0x0F13
mem[X,0x0000000080001C6A] -> 0x333F
[1819] [M]: 0x0000000080001C68 (0x333F0F13) addi x30, x30, 0x333                    inst_186+12
x30 <- 0x0000033333333333

clint mtime 0x000000000000038E (mip.MTI <- 0b1, mip.STI <- 0b0)
mem[X,0x0000000080001C6C] -> 0x1F13
mem[X,0x0000000080001C6E] -> 0x00BF
[1820] [M]: 0x0000000080001C6C (0x00BF1F13) slli x30, x30, 0xb                      inst_186+16
x30 <- 0x0019999999999800

mem[X,0x0000000080001C70] -> 0x0F13
mem[X,0x0000000080001C72] -> 0x199F
[1821] [M]: 0x0000000080001C70 (0x199F0F13) addi x30, x30, 0x199                    inst_186+20
x30 <- 0x0019999999999999

clint mtime 0x000000000000038F (mip.MTI <- 0b1, mip.STI <- 0b0)
mem[X,0x0000000080001C74] -> 0x1F13
mem[X,0x0000000080001C76] -> 0x00AF
[1822] [M]: 0x0000000080001C74 (0x00AF1F13) slli x30, x30, 0xa                      inst_186+24
x30 <- 0x6666666666666400

mem[X,0x0000000080001C78] -> 0x0F13
mem[X,0x0000000080001C7A] -> 0x265F
[1823] [M]: 0x0000000080001C78 (0x265F0F13) addi x30, x30, 0x265                    inst_186+28
x30 <- 0x6666666666666665

clint mtime 0x0000000000000390 (mip.MTI <- 0b1, mip.STI <- 0b0)
mem[X,0x0000000080001C7C] -> 0x6F93
mem[X,0x0000000080001C7E] -> 0x004F
[1824] [M]: 0x0000000080001C7C (0x004F6F93) ori x31, x30, 0x4                       inst_186+32
x31 <- 0x6666666666666665

mem[X,0x0000000080001C80] -> 0xB023
mem[X,0x0000000080001C82] -> 0x51F3
[1825] [M]: 0x0000000080001C80 (0x51F3B023) sd x31, 0x500(x7)                       inst_186+36
mem[W,0x00000000800066E8] <- 0x6666666666666665

clint mtime 0x0000000000000391 (mip.MTI <- 0b1, mip.STI <- 0b0)
mem[X,0x0000000080001C84] -> 0x6F37
mem[X,0x0000000080001C86] -> 0x6666
[1826] [M]: 0x0000000080001C84 (0x66666F37) lui x30, 0x66666                        inst_187+0
x30 <- 0x0000000066666000

mem[X,0x0000000080001C88] -> 0x0F13
mem[X,0x0000000080001C8A] -> 0x666F
[1827] [M]: 0x0000000080001C88 (0x666F0F13) addi x30, x30, 0x666                    inst_187+4
x30 <- 0x0000000066666666

clint mtime 0x0000000000000392 (mip.MTI <- 0b1, mip.STI <- 0b0)
mem[X,0x0000000080001C8C] -> 0x1F13
mem[X,0x0000000080001C8E] -> 0x00BF
[1828] [M]: 0x0000000080001C8C (0x00BF1F13) slli x30, x30, 0xb                      inst_187+8
x30 <- 0x0000033333333000

mem[X,0x0000000080001C90] -> 0x0F13
mem[X,0x0000000080001C92] -> 0x333F
[1829] [M]: 0x0000000080001C90 (0x333F0F13) addi x30, x30, 0x333                    inst_187+12
x30 <- 0x0000033333333333

clint mtime 0x0000000000000393 (mip.MTI <- 0b1, mip.STI <- 0b0)
mem[X,0x0000000080001C94] -> 0x1F13
mem[X,0x0000000080001C96] -> 0x00BF
[1830] [M]: 0x0000000080001C94 (0x00BF1F13) slli x30, x30, 0xb                      inst_187+16
x30 <- 0x0019999999999800

mem[X,0x0000000080001C98] -> 0x0F13
mem[X,0x0000000080001C9A] -> 0x199F
[1831] [M]: 0x0000000080001C98 (0x199F0F13) addi x30, x30, 0x199                    inst_187+20
x30 <- 0x0019999999999999

clint mtime 0x0000000000000394 (mip.MTI <- 0b1, mip.STI <- 0b0)
mem[X,0x0000000080001C9C] -> 0x1F13
mem[X,0x0000000080001C9E] -> 0x00AF
[1832] [M]: 0x0000000080001C9C (0x00AF1F13) slli x30, x30, 0xa                      inst_187+24
x30 <- 0x6666666666666400

mem[X,0x0000000080001CA0] -> 0x0F13
mem[X,0x0000000080001CA2] -> 0x265F
[1833] [M]: 0x0000000080001CA0 (0x265F0F13) addi x30, x30, 0x265                    inst_187+28
x30 <- 0x6666666666666665

clint mtime 0x0000000000000395 (mip.MTI <- 0b1, mip.STI <- 0b0)
mem[X,0x0000000080001CA4] -> 0x6F93
mem[X,0x0000000080001CA6] -> 0x000F
[1834] [M]: 0x0000000080001CA4 (0x000F6F93) ori x31, x30, 0x0                       inst_187+32
x31 <- 0x6666666666666665

mem[X,0x0000000080001CA8] -> 0xB423
mem[X,0x0000000080001CAA] -> 0x51F3
[1835] [M]: 0x0000000080001CA8 (0x51F3B423) sd x31, 0x508(x7)                       inst_187+36
mem[W,0x00000000800066F0] <- 0x6666666666666665

clint mtime 0x0000000000000396 (mip.MTI <- 0b1, mip.STI <- 0b0)
mem[X,0x0000000080001CAC] -> 0x6F37
mem[X,0x0000000080001CAE] -> 0x6666
[1836] [M]: 0x0000000080001CAC (0x66666F37) lui x30, 0x66666                        inst_188+0
x30 <- 0x0000000066666000

mem[X,0x0000000080001CB0] -> 0x0F13
mem[X,0x0000000080001CB2] -> 0x666F
[1837] [M]: 0x0000000080001CB0 (0x666F0F13) addi x30, x30, 0x666                    inst_188+4
x30 <- 0x0000000066666666

clint mtime 0x0000000000000397 (mip.MTI <- 0b1, mip.STI <- 0b0)
mem[X,0x0000000080001CB4] -> 0x1F13
mem[X,0x0000000080001CB6] -> 0x00BF
[1838] [M]: 0x0000000080001CB4 (0x00BF1F13) slli x30, x30, 0xb                      inst_188+8
x30 <- 0x0000033333333000

mem[X,0x0000000080001CB8] -> 0x0F13
mem[X,0x0000000080001CBA] -> 0x333F
[1839] [M]: 0x0000000080001CB8 (0x333F0F13) addi x30, x30, 0x333                    inst_188+12
x30 <- 0x0000033333333333

clint mtime 0x0000000000000398 (mip.MTI <- 0b1, mip.STI <- 0b0)
mem[X,0x0000000080001CBC] -> 0x1F13
mem[X,0x0000000080001CBE] -> 0x00BF
[1840] [M]: 0x0000000080001CBC (0x00BF1F13) slli x30, x30, 0xb                      inst_188+16
x30 <- 0x0019999999999800

mem[X,0x0000000080001CC0] -> 0x0F13
mem[X,0x0000000080001CC2] -> 0x199F
[1841] [M]: 0x0000000080001CC0 (0x199F0F13) addi x30, x30, 0x199                    inst_188+20
x30 <- 0x0019999999999999

clint mtime 0x0000000000000399 (mip.MTI <- 0b1, mip.STI <- 0b0)
mem[X,0x0000000080001CC4] -> 0x1F13
mem[X,0x0000000080001CC6] -> 0x00AF
[1842] [M]: 0x0000000080001CC4 (0x00AF1F13) slli x30, x30, 0xa                      inst_188+24
x30 <- 0x6666666666666400

mem[X,0x0000000080001CC8] -> 0x0F13
mem[X,0x0000000080001CCA] -> 0x265F
[1843] [M]: 0x0000000080001CC8 (0x265F0F13) addi x30, x30, 0x265                    inst_188+28
x30 <- 0x6666666666666665

clint mtime 0x000000000000039A (mip.MTI <- 0b1, mip.STI <- 0b0)
mem[X,0x0000000080001CCC] -> 0x6F93
mem[X,0x0000000080001CCE] -> 0x554F
[1844] [M]: 0x0000000080001CCC (0x554F6F93) ori x31, x30, 0x554                     inst_188+32
x31 <- 0x6666666666666775

mem[X,0x0000000080001CD0] -> 0xB823
mem[X,0x0000000080001CD2] -> 0x51F3
[1845] [M]: 0x0000000080001CD0 (0x51F3B823) sd x31, 0x510(x7)                       inst_188+36
mem[W,0x00000000800066F8] <- 0x6666666666666775

clint mtime 0x000000000000039B (mip.MTI <- 0b1, mip.STI <- 0b0)
mem[X,0x0000000080001CD4] -> 0x6F37
mem[X,0x0000000080001CD6] -> 0x6666
[1846] [M]: 0x0000000080001CD4 (0x66666F37) lui x30, 0x66666                        inst_189+0
x30 <- 0x0000000066666000

mem[X,0x0000000080001CD8] -> 0x0F13
mem[X,0x0000000080001CDA] -> 0x666F
[1847] [M]: 0x0000000080001CD8 (0x666F0F13) addi x30, x30, 0x666                    inst_189+4
x30 <- 0x0000000066666666

clint mtime 0x000000000000039C (mip.MTI <- 0b1, mip.STI <- 0b0)
mem[X,0x0000000080001CDC] -> 0x1F13
mem[X,0x0000000080001CDE] -> 0x00BF
[1848] [M]: 0x0000000080001CDC (0x00BF1F13) slli x30, x30, 0xb                      inst_189+8
x30 <- 0x0000033333333000

mem[X,0x0000000080001CE0] -> 0x0F13
mem[X,0x0000000080001CE2] -> 0x333F
[1849] [M]: 0x0000000080001CE0 (0x333F0F13) addi x30, x30, 0x333                    inst_189+12
x30 <- 0x0000033333333333

clint mtime 0x000000000000039D (mip.MTI <- 0b1, mip.STI <- 0b0)
mem[X,0x0000000080001CE4] -> 0x1F13
mem[X,0x0000000080001CE6] -> 0x00BF
[1850] [M]: 0x0000000080001CE4 (0x00BF1F13) slli x30, x30, 0xb                      inst_189+16
x30 <- 0x0019999999999800

mem[X,0x0000000080001CE8] -> 0x0F13
mem[X,0x0000000080001CEA] -> 0x199F
[1851] [M]: 0x0000000080001CE8 (0x199F0F13) addi x30, x30, 0x199                    inst_189+20
x30 <- 0x0019999999999999

clint mtime 0x000000000000039E (mip.MTI <- 0b1, mip.STI <- 0b0)
mem[X,0x0000000080001CEC] -> 0x1F13
mem[X,0x0000000080001CEE] -> 0x00AF
[1852] [M]: 0x0000000080001CEC (0x00AF1F13) slli x30, x30, 0xa                      inst_189+24
x30 <- 0x6666666666666400

mem[X,0x0000000080001CF0] -> 0x0F13
mem[X,0x0000000080001CF2] -> 0x265F
[1853] [M]: 0x0000000080001CF0 (0x265F0F13) addi x30, x30, 0x265                    inst_189+28
x30 <- 0x6666666666666665

clint mtime 0x000000000000039F (mip.MTI <- 0b1, mip.STI <- 0b0)
mem[X,0x0000000080001CF4] -> 0x6F93
mem[X,0x0000000080001CF6] -> 0x002F
[1854] [M]: 0x0000000080001CF4 (0x002F6F93) ori x31, x30, 0x2                       inst_189+32
x31 <- 0x6666666666666667

mem[X,0x0000000080001CF8] -> 0xBC23
mem[X,0x0000000080001CFA] -> 0x51F3
[1855] [M]: 0x0000000080001CF8 (0x51F3BC23) sd x31, 0x518(x7)                       inst_189+36
mem[W,0x0000000080006700] <- 0x6666666666666667

clint mtime 0x00000000000003A0 (mip.MTI <- 0b1, mip.STI <- 0b0)
mem[X,0x0000000080001CFC] -> 0x6F37
mem[X,0x0000000080001CFE] -> 0x6666
[1856] [M]: 0x0000000080001CFC (0x66666F37) lui x30, 0x66666                        inst_190+0
x30 <- 0x0000000066666000

mem[X,0x0000000080001D00] -> 0x0F13
mem[X,0x0000000080001D02] -> 0x666F
[1857] [M]: 0x0000000080001D00 (0x666F0F13) addi x30, x30, 0x666                    inst_190+4
x30 <- 0x0000000066666666

clint mtime 0x00000000000003A1 (mip.MTI <- 0b1, mip.STI <- 0b0)
mem[X,0x0000000080001D04] -> 0x1F13
mem[X,0x0000000080001D06] -> 0x00BF
[1858] [M]: 0x0000000080001D04 (0x00BF1F13) slli x30, x30, 0xb                      inst_190+8
x30 <- 0x0000033333333000

mem[X,0x0000000080001D08] -> 0x0F13
mem[X,0x0000000080001D0A] -> 0x333F
[1859] [M]: 0x0000000080001D08 (0x333F0F13) addi x30, x30, 0x333                    inst_190+12
x30 <- 0x0000033333333333

clint mtime 0x00000000000003A2 (mip.MTI <- 0b1, mip.STI <- 0b0)
mem[X,0x0000000080001D0C] -> 0x1F13
mem[X,0x0000000080001D0E] -> 0x00BF
[1860] [M]: 0x0000000080001D0C (0x00BF1F13) slli x30, x30, 0xb                      inst_190+16
x30 <- 0x0019999999999800

mem[X,0x0000000080001D10] -> 0x0F13
mem[X,0x0000000080001D12] -> 0x199F
[1861] [M]: 0x0000000080001D10 (0x199F0F13) addi x30, x30, 0x199                    inst_190+20
x30 <- 0x0019999999999999

clint mtime 0x00000000000003A3 (mip.MTI <- 0b1, mip.STI <- 0b0)
mem[X,0x0000000080001D14] -> 0x1F13
mem[X,0x0000000080001D16] -> 0x00AF
[1862] [M]: 0x0000000080001D14 (0x00AF1F13) slli x30, x30, 0xa                      inst_190+24
x30 <- 0x6666666666666400

mem[X,0x0000000080001D18] -> 0x0F13
mem[X,0x0000000080001D1A] -> 0x265F
[1863] [M]: 0x0000000080001D18 (0x265F0F13) addi x30, x30, 0x265                    inst_190+28
x30 <- 0x6666666666666665

clint mtime 0x00000000000003A4 (mip.MTI <- 0b1, mip.STI <- 0b0)
mem[X,0x0000000080001D1C] -> 0x6F93
mem[X,0x0000000080001D1E] -> 0x02DF
[1864] [M]: 0x0000000080001D1C (0x02DF6F93) ori x31, x30, 0x2d                      inst_190+32
x31 <- 0x666666666666666D

mem[X,0x0000000080001D20] -> 0xB023
mem[X,0x0000000080001D22] -> 0x53F3
[1865] [M]: 0x0000000080001D20 (0x53F3B023) sd x31, 0x520(x7)                       inst_190+36
mem[W,0x0000000080006708] <- 0x666666666666666D

clint mtime 0x00000000000003A5 (mip.MTI <- 0b1, mip.STI <- 0b0)
mem[X,0x0000000080001D24] -> 0x6F37
mem[X,0x0000000080001D26] -> 0x6666
[1866] [M]: 0x0000000080001D24 (0x66666F37) lui x30, 0x66666                        inst_191+0
x30 <- 0x0000000066666000

mem[X,0x0000000080001D28] -> 0x0F13
mem[X,0x0000000080001D2A] -> 0x666F
[1867] [M]: 0x0000000080001D28 (0x666F0F13) addi x30, x30, 0x666                    inst_191+4
x30 <- 0x0000000066666666

clint mtime 0x00000000000003A6 (mip.MTI <- 0b1, mip.STI <- 0b0)
mem[X,0x0000000080001D2C] -> 0x1F13
mem[X,0x0000000080001D2E] -> 0x00BF
[1868] [M]: 0x0000000080001D2C (0x00BF1F13) slli x30, x30, 0xb                      inst_191+8
x30 <- 0x0000033333333000

mem[X,0x0000000080001D30] -> 0x0F13
mem[X,0x0000000080001D32] -> 0x333F
[1869] [M]: 0x0000000080001D30 (0x333F0F13) addi x30, x30, 0x333                    inst_191+12
x30 <- 0x0000033333333333

clint mtime 0x00000000000003A7 (mip.MTI <- 0b1, mip.STI <- 0b0)
mem[X,0x0000000080001D34] -> 0x1F13
mem[X,0x0000000080001D36] -> 0x00BF
[1870] [M]: 0x0000000080001D34 (0x00BF1F13) slli x30, x30, 0xb                      inst_191+16
x30 <- 0x0019999999999800

mem[X,0x0000000080001D38] -> 0x0F13
mem[X,0x0000000080001D3A] -> 0x199F
[1871] [M]: 0x0000000080001D38 (0x199F0F13) addi x30, x30, 0x199                    inst_191+20
x30 <- 0x0019999999999999

clint mtime 0x00000000000003A8 (mip.MTI <- 0b1, mip.STI <- 0b0)
mem[X,0x0000000080001D3C] -> 0x1F13
mem[X,0x0000000080001D3E] -> 0x00AF
[1872] [M]: 0x0000000080001D3C (0x00AF1F13) slli x30, x30, 0xa                      inst_191+24
x30 <- 0x6666666666666400

mem[X,0x0000000080001D40] -> 0x0F13
mem[X,0x0000000080001D42] -> 0x265F
[1873] [M]: 0x0000000080001D40 (0x265F0F13) addi x30, x30, 0x265                    inst_191+28
x30 <- 0x6666666666666665

clint mtime 0x00000000000003A9 (mip.MTI <- 0b1, mip.STI <- 0b0)
mem[X,0x0000000080001D44] -> 0x6F93
mem[X,0x0000000080001D46] -> 0xFD3F
[1874] [M]: 0x0000000080001D44 (0xFD3F6F93) ori x31, x30, -0x2d                     inst_191+32
x31 <- 0xFFFFFFFFFFFFFFF7

mem[X,0x0000000080001D48] -> 0xB423
mem[X,0x0000000080001D4A] -> 0x53F3
[1875] [M]: 0x0000000080001D48 (0x53F3B423) sd x31, 0x528(x7)                       inst_191+36
mem[W,0x0000000080006710] <- 0xFFFFFFFFFFFFFFF7

clint mtime 0x00000000000003AA (mip.MTI <- 0b1, mip.STI <- 0b0)
mem[X,0x0000000080001D4C] -> 0x6F37
mem[X,0x0000000080001D4E] -> 0x6666
[1876] [M]: 0x0000000080001D4C (0x66666F37) lui x30, 0x66666                        inst_192+0
x30 <- 0x0000000066666000

mem[X,0x0000000080001D50] -> 0x0F13
mem[X,0x0000000080001D52] -> 0x666F
[1877] [M]: 0x0000000080001D50 (0x666F0F13) addi x30, x30, 0x666                    inst_192+4
x30 <- 0x0000000066666666

clint mtime 0x00000000000003AB (mip.MTI <- 0b1, mip.STI <- 0b0)
mem[X,0x0000000080001D54] -> 0x1F13
mem[X,0x0000000080001D56] -> 0x00BF
[1878] [M]: 0x0000000080001D54 (0x00BF1F13) slli x30, x30, 0xb                      inst_192+8
x30 <- 0x0000033333333000

mem[X,0x0000000080001D58] -> 0x0F13
mem[X,0x0000000080001D5A] -> 0x333F
[1879] [M]: 0x0000000080001D58 (0x333F0F13) addi x30, x30, 0x333                    inst_192+12
x30 <- 0x0000033333333333

clint mtime 0x00000000000003AC (mip.MTI <- 0b1, mip.STI <- 0b0)
mem[X,0x0000000080001D5C] -> 0x1F13
mem[X,0x0000000080001D5E] -> 0x00BF
[1880] [M]: 0x0000000080001D5C (0x00BF1F13) slli x30, x30, 0xb                      inst_192+16
x30 <- 0x0019999999999800

mem[X,0x0000000080001D60] -> 0x0F13
mem[X,0x0000000080001D62] -> 0x199F
[1881] [M]: 0x0000000080001D60 (0x199F0F13) addi x30, x30, 0x199                    inst_192+20
x30 <- 0x0019999999999999

clint mtime 0x00000000000003AD (mip.MTI <- 0b1, mip.STI <- 0b0)
mem[X,0x0000000080001D64] -> 0x1F13
mem[X,0x0000000080001D66] -> 0x00AF
[1882] [M]: 0x0000000080001D64 (0x00AF1F13) slli x30, x30, 0xa                      inst_192+24
x30 <- 0x6666666666666400

mem[X,0x0000000080001D68] -> 0x0F13
mem[X,0x0000000080001D6A] -> 0x265F
[1883] [M]: 0x0000000080001D68 (0x265F0F13) addi x30, x30, 0x265                    inst_192+28
x30 <- 0x6666666666666665

clint mtime 0x00000000000003AE (mip.MTI <- 0b1, mip.STI <- 0b0)
mem[X,0x0000000080001D6C] -> 0x6F93
mem[X,0x0000000080001D6E] -> 0x666F
[1884] [M]: 0x0000000080001D6C (0x666F6F93) ori x31, x30, 0x666                     inst_192+32
x31 <- 0x6666666666666667

mem[X,0x0000000080001D70] -> 0xB823
mem[X,0x0000000080001D72] -> 0x53F3
[1885] [M]: 0x0000000080001D70 (0x53F3B823) sd x31, 0x530(x7)                       inst_192+36
mem[W,0x0000000080006718] <- 0x6666666666666667

clint mtime 0x00000000000003AF (mip.MTI <- 0b1, mip.STI <- 0b0)
mem[X,0x0000000080001D74] -> 0x6F37
mem[X,0x0000000080001D76] -> 0x6666
[1886] [M]: 0x0000000080001D74 (0x66666F37) lui x30, 0x66666                        inst_193+0
x30 <- 0x0000000066666000

mem[X,0x0000000080001D78] -> 0x0F13
mem[X,0x0000000080001D7A] -> 0x666F
[1887] [M]: 0x0000000080001D78 (0x666F0F13) addi x30, x30, 0x666                    inst_193+4
x30 <- 0x0000000066666666

clint mtime 0x00000000000003B0 (mip.MTI <- 0b1, mip.STI <- 0b0)
mem[X,0x0000000080001D7C] -> 0x1F13
mem[X,0x0000000080001D7E] -> 0x00BF
[1888] [M]: 0x0000000080001D7C (0x00BF1F13) slli x30, x30, 0xb                      inst_193+8
x30 <- 0x0000033333333000

mem[X,0x0000000080001D80] -> 0x0F13
mem[X,0x0000000080001D82] -> 0x333F
[1889] [M]: 0x0000000080001D80 (0x333F0F13) addi x30, x30, 0x333                    inst_193+12
x30 <- 0x0000033333333333

clint mtime 0x00000000000003B1 (mip.MTI <- 0b1, mip.STI <- 0b0)
mem[X,0x0000000080001D84] -> 0x1F13
mem[X,0x0000000080001D86] -> 0x00BF
[1890] [M]: 0x0000000080001D84 (0x00BF1F13) slli x30, x30, 0xb                      inst_193+16
x30 <- 0x0019999999999800

mem[X,0x0000000080001D88] -> 0x0F13
mem[X,0x0000000080001D8A] -> 0x199F
[1891] [M]: 0x0000000080001D88 (0x199F0F13) addi x30, x30, 0x199                    inst_193+20
x30 <- 0x0019999999999999

clint mtime 0x00000000000003B2 (mip.MTI <- 0b1, mip.STI <- 0b0)
mem[X,0x0000000080001D8C] -> 0x1F13
mem[X,0x0000000080001D8E] -> 0x00AF
[1892] [M]: 0x0000000080001D8C (0x00AF1F13) slli x30, x30, 0xa                      inst_193+24
x30 <- 0x6666666666666400

mem[X,0x0000000080001D90] -> 0x0F13
mem[X,0x0000000080001D92] -> 0x265F
[1893] [M]: 0x0000000080001D90 (0x265F0F13) addi x30, x30, 0x265                    inst_193+28
x30 <- 0x6666666666666665

clint mtime 0x00000000000003B3 (mip.MTI <- 0b1, mip.STI <- 0b0)
mem[X,0x0000000080001D94] -> 0x6F93
mem[X,0x0000000080001D96] -> 0x333F
[1894] [M]: 0x0000000080001D94 (0x333F6F93) ori x31, x30, 0x333                     inst_193+32
x31 <- 0x6666666666666777

mem[X,0x0000000080001D98] -> 0xBC23
mem[X,0x0000000080001D9A] -> 0x53F3
[1895] [M]: 0x0000000080001D98 (0x53F3BC23) sd x31, 0x538(x7)                       inst_193+36
mem[W,0x0000000080006720] <- 0x6666666666666777

clint mtime 0x00000000000003B4 (mip.MTI <- 0b1, mip.STI <- 0b0)
mem[X,0x0000000080001D9C] -> 0x6F37
mem[X,0x0000000080001D9E] -> 0x6666
[1896] [M]: 0x0000000080001D9C (0x66666F37) lui x30, 0x66666                        inst_194+0
x30 <- 0x0000000066666000

mem[X,0x0000000080001DA0] -> 0x0F13
mem[X,0x0000000080001DA2] -> 0x666F
[1897] [M]: 0x0000000080001DA0 (0x666F0F13) addi x30, x30, 0x666                    inst_194+4
x30 <- 0x0000000066666666

clint mtime 0x00000000000003B5 (mip.MTI <- 0b1, mip.STI <- 0b0)
mem[X,0x0000000080001DA4] -> 0x1F13
mem[X,0x0000000080001DA6] -> 0x00BF
[1898] [M]: 0x0000000080001DA4 (0x00BF1F13) slli x30, x30, 0xb                      inst_194+8
x30 <- 0x0000033333333000

mem[X,0x0000000080001DA8] -> 0x0F13
mem[X,0x0000000080001DAA] -> 0x333F
[1899] [M]: 0x0000000080001DA8 (0x333F0F13) addi x30, x30, 0x333                    inst_194+12
x30 <- 0x0000033333333333

clint mtime 0x00000000000003B6 (mip.MTI <- 0b1, mip.STI <- 0b0)
mem[X,0x0000000080001DAC] -> 0x1F13
mem[X,0x0000000080001DAE] -> 0x00BF
[1900] [M]: 0x0000000080001DAC (0x00BF1F13) slli x30, x30, 0xb                      inst_194+16
x30 <- 0x0019999999999800

mem[X,0x0000000080001DB0] -> 0x0F13
mem[X,0x0000000080001DB2] -> 0x199F
[1901] [M]: 0x0000000080001DB0 (0x199F0F13) addi x30, x30, 0x199                    inst_194+20
x30 <- 0x0019999999999999

clint mtime 0x00000000000003B7 (mip.MTI <- 0b1, mip.STI <- 0b0)
mem[X,0x0000000080001DB4] -> 0x1F13
mem[X,0x0000000080001DB6] -> 0x00AF
[1902] [M]: 0x0000000080001DB4 (0x00AF1F13) slli x30, x30, 0xa                      inst_194+24
x30 <- 0x6666666666666400

mem[X,0x0000000080001DB8] -> 0x0F13
mem[X,0x0000000080001DBA] -> 0x265F
[1903] [M]: 0x0000000080001DB8 (0x265F0F13) addi x30, x30, 0x265                    inst_194+28
x30 <- 0x6666666666666665

clint mtime 0x00000000000003B8 (mip.MTI <- 0b1, mip.STI <- 0b0)
mem[X,0x0000000080001DBC] -> 0x6F93
mem[X,0x0000000080001DBE] -> 0x005F
[1904] [M]: 0x0000000080001DBC (0x005F6F93) ori x31, x30, 0x5                       inst_194+32
x31 <- 0x6666666666666665

mem[X,0x0000000080001DC0] -> 0xB023
mem[X,0x0000000080001DC2] -> 0x55F3
[1905] [M]: 0x0000000080001DC0 (0x55F3B023) sd x31, 0x540(x7)                       inst_194+36
mem[W,0x0000000080006728] <- 0x6666666666666665

clint mtime 0x00000000000003B9 (mip.MTI <- 0b1, mip.STI <- 0b0)
mem[X,0x0000000080001DC4] -> 0x6F37
mem[X,0x0000000080001DC6] -> 0x6666
[1906] [M]: 0x0000000080001DC4 (0x66666F37) lui x30, 0x66666                        inst_195+0
x30 <- 0x0000000066666000

mem[X,0x0000000080001DC8] -> 0x0F13
mem[X,0x0000000080001DCA] -> 0x666F
[1907] [M]: 0x0000000080001DC8 (0x666F0F13) addi x30, x30, 0x666                    inst_195+4
x30 <- 0x0000000066666666

clint mtime 0x00000000000003BA (mip.MTI <- 0b1, mip.STI <- 0b0)
mem[X,0x0000000080001DCC] -> 0x1F13
mem[X,0x0000000080001DCE] -> 0x00BF
[1908] [M]: 0x0000000080001DCC (0x00BF1F13) slli x30, x30, 0xb                      inst_195+8
x30 <- 0x0000033333333000

mem[X,0x0000000080001DD0] -> 0x0F13
mem[X,0x0000000080001DD2] -> 0x333F
[1909] [M]: 0x0000000080001DD0 (0x333F0F13) addi x30, x30, 0x333                    inst_195+12
x30 <- 0x0000033333333333

clint mtime 0x00000000000003BB (mip.MTI <- 0b1, mip.STI <- 0b0)
mem[X,0x0000000080001DD4] -> 0x1F13
mem[X,0x0000000080001DD6] -> 0x00BF
[1910] [M]: 0x0000000080001DD4 (0x00BF1F13) slli x30, x30, 0xb                      inst_195+16
x30 <- 0x0019999999999800

mem[X,0x0000000080001DD8] -> 0x0F13
mem[X,0x0000000080001DDA] -> 0x199F
[1911] [M]: 0x0000000080001DD8 (0x199F0F13) addi x30, x30, 0x199                    inst_195+20
x30 <- 0x0019999999999999

clint mtime 0x00000000000003BC (mip.MTI <- 0b1, mip.STI <- 0b0)
mem[X,0x0000000080001DDC] -> 0x1F13
mem[X,0x0000000080001DDE] -> 0x00AF
[1912] [M]: 0x0000000080001DDC (0x00AF1F13) slli x30, x30, 0xa                      inst_195+24
x30 <- 0x6666666666666400

mem[X,0x0000000080001DE0] -> 0x0F13
mem[X,0x0000000080001DE2] -> 0x265F
[1913] [M]: 0x0000000080001DE0 (0x265F0F13) addi x30, x30, 0x265                    inst_195+28
x30 <- 0x6666666666666665

clint mtime 0x00000000000003BD (mip.MTI <- 0b1, mip.STI <- 0b0)
mem[X,0x0000000080001DE4] -> 0x6F93
mem[X,0x0000000080001DE6] -> 0xAAAF
[1914] [M]: 0x0000000080001DE4 (0xAAAF6F93) ori x31, x30, -0x556                    inst_195+32
x31 <- 0xFFFFFFFFFFFFFEEF

mem[X,0x0000000080001DE8] -> 0xB423
mem[X,0x0000000080001DEA] -> 0x55F3
[1915] [M]: 0x0000000080001DE8 (0x55F3B423) sd x31, 0x548(x7)                       inst_195+36
mem[W,0x0000000080006730] <- 0xFFFFFFFFFFFFFEEF

clint mtime 0x00000000000003BE (mip.MTI <- 0b1, mip.STI <- 0b0)
mem[X,0x0000000080001DEC] -> 0x6F37
mem[X,0x0000000080001DEE] -> 0x6666
[1916] [M]: 0x0000000080001DEC (0x66666F37) lui x30, 0x66666                        inst_196+0
x30 <- 0x0000000066666000

mem[X,0x0000000080001DF0] -> 0x0F13
mem[X,0x0000000080001DF2] -> 0x666F
[1917] [M]: 0x0000000080001DF0 (0x666F0F13) addi x30, x30, 0x666                    inst_196+4
x30 <- 0x0000000066666666

clint mtime 0x00000000000003BF (mip.MTI <- 0b1, mip.STI <- 0b0)
mem[X,0x0000000080001DF4] -> 0x1F13
mem[X,0x0000000080001DF6] -> 0x00BF
[1918] [M]: 0x0000000080001DF4 (0x00BF1F13) slli x30, x30, 0xb                      inst_196+8
x30 <- 0x0000033333333000

mem[X,0x0000000080001DF8] -> 0x0F13
mem[X,0x0000000080001DFA] -> 0x333F
[1919] [M]: 0x0000000080001DF8 (0x333F0F13) addi x30, x30, 0x333                    inst_196+12
x30 <- 0x0000033333333333

clint mtime 0x00000000000003C0 (mip.MTI <- 0b1, mip.STI <- 0b0)
mem[X,0x0000000080001DFC] -> 0x1F13
mem[X,0x0000000080001DFE] -> 0x00BF
[1920] [M]: 0x0000000080001DFC (0x00BF1F13) slli x30, x30, 0xb                      inst_196+16
x30 <- 0x0019999999999800

mem[X,0x0000000080001E00] -> 0x0F13
mem[X,0x0000000080001E02] -> 0x199F
[1921] [M]: 0x0000000080001E00 (0x199F0F13) addi x30, x30, 0x199                    inst_196+20
x30 <- 0x0019999999999999

clint mtime 0x00000000000003C1 (mip.MTI <- 0b1, mip.STI <- 0b0)
mem[X,0x0000000080001E04] -> 0x1F13
mem[X,0x0000000080001E06] -> 0x00AF
[1922] [M]: 0x0000000080001E04 (0x00AF1F13) slli x30, x30, 0xa                      inst_196+24
x30 <- 0x6666666666666400

mem[X,0x0000000080001E08] -> 0x0F13
mem[X,0x0000000080001E0A] -> 0x265F
[1923] [M]: 0x0000000080001E08 (0x265F0F13) addi x30, x30, 0x265                    inst_196+28
x30 <- 0x6666666666666665

clint mtime 0x00000000000003C2 (mip.MTI <- 0b1, mip.STI <- 0b0)
mem[X,0x0000000080001E0C] -> 0x6F93
mem[X,0x0000000080001E0E] -> 0x555F
[1924] [M]: 0x0000000080001E0C (0x555F6F93) ori x31, x30, 0x555                     inst_196+32
x31 <- 0x6666666666666775

mem[X,0x0000000080001E10] -> 0xB823
mem[X,0x0000000080001E12] -> 0x55F3
[1925] [M]: 0x0000000080001E10 (0x55F3B823) sd x31, 0x550(x7)                       inst_196+36
mem[W,0x0000000080006738] <- 0x6666666666666775

clint mtime 0x00000000000003C3 (mip.MTI <- 0b1, mip.STI <- 0b0)
mem[X,0x0000000080001E14] -> 0x6F37
mem[X,0x0000000080001E16] -> 0x6666
[1926] [M]: 0x0000000080001E14 (0x66666F37) lui x30, 0x66666                        inst_197+0
x30 <- 0x0000000066666000

mem[X,0x0000000080001E18] -> 0x0F13
mem[X,0x0000000080001E1A] -> 0x666F
[1927] [M]: 0x0000000080001E18 (0x666F0F13) addi x30, x30, 0x666                    inst_197+4
x30 <- 0x0000000066666666

clint mtime 0x00000000000003C4 (mip.MTI <- 0b1, mip.STI <- 0b0)
mem[X,0x0000000080001E1C] -> 0x1F13
mem[X,0x0000000080001E1E] -> 0x00BF
[1928] [M]: 0x0000000080001E1C (0x00BF1F13) slli x30, x30, 0xb                      inst_197+8
x30 <- 0x0000033333333000

mem[X,0x0000000080001E20] -> 0x0F13
mem[X,0x0000000080001E22] -> 0x333F
[1929] [M]: 0x0000000080001E20 (0x333F0F13) addi x30, x30, 0x333                    inst_197+12
x30 <- 0x0000033333333333

clint mtime 0x00000000000003C5 (mip.MTI <- 0b1, mip.STI <- 0b0)
mem[X,0x0000000080001E24] -> 0x1F13
mem[X,0x0000000080001E26] -> 0x00BF
[1930] [M]: 0x0000000080001E24 (0x00BF1F13) slli x30, x30, 0xb                      inst_197+16
x30 <- 0x0019999999999800

mem[X,0x0000000080001E28] -> 0x0F13
mem[X,0x0000000080001E2A] -> 0x199F
[1931] [M]: 0x0000000080001E28 (0x199F0F13) addi x30, x30, 0x199                    inst_197+20
x30 <- 0x0019999999999999

clint mtime 0x00000000000003C6 (mip.MTI <- 0b1, mip.STI <- 0b0)
mem[X,0x0000000080001E2C] -> 0x1F13
mem[X,0x0000000080001E2E] -> 0x00AF
[1932] [M]: 0x0000000080001E2C (0x00AF1F13) slli x30, x30, 0xa                      inst_197+24
x30 <- 0x6666666666666400

mem[X,0x0000000080001E30] -> 0x0F13
mem[X,0x0000000080001E32] -> 0x265F
[1933] [M]: 0x0000000080001E30 (0x265F0F13) addi x30, x30, 0x265                    inst_197+28
x30 <- 0x6666666666666665

clint mtime 0x00000000000003C7 (mip.MTI <- 0b1, mip.STI <- 0b0)
mem[X,0x0000000080001E34] -> 0x6F93
mem[X,0x0000000080001E36] -> 0x003F
[1934] [M]: 0x0000000080001E34 (0x003F6F93) ori x31, x30, 0x3                       inst_197+32
x31 <- 0x6666666666666667

mem[X,0x0000000080001E38] -> 0xBC23
mem[X,0x0000000080001E3A] -> 0x55F3
[1935] [M]: 0x0000000080001E38 (0x55F3BC23) sd x31, 0x558(x7)                       inst_197+36
mem[W,0x0000000080006740] <- 0x6666666666666667

clint mtime 0x00000000000003C8 (mip.MTI <- 0b1, mip.STI <- 0b0)
mem[X,0x0000000080001E3C] -> 0x3F37
mem[X,0x0000000080001E3E] -> 0x3333
[1936] [M]: 0x0000000080001E3C (0x33333F37) lui x30, 0x33333                        inst_198+0
x30 <- 0x0000000033333000

mem[X,0x0000000080001E40] -> 0x0F13
mem[X,0x0000000080001E42] -> 0x333F
[1937] [M]: 0x0000000080001E40 (0x333F0F13) addi x30, x30, 0x333                    inst_198+4
x30 <- 0x0000000033333333

clint mtime 0x00000000000003C9 (mip.MTI <- 0b1, mip.STI <- 0b0)
mem[X,0x0000000080001E44] -> 0x1F13
mem[X,0x0000000080001E46] -> 0x00BF
[1938] [M]: 0x0000000080001E44 (0x00BF1F13) slli x30, x30, 0xb                      inst_198+8
x30 <- 0x0000019999999800

mem[X,0x0000000080001E48] -> 0x0F13
mem[X,0x0000000080001E4A] -> 0x199F
[1939] [M]: 0x0000000080001E48 (0x199F0F13) addi x30, x30, 0x199                    inst_198+12
x30 <- 0x0000019999999999

clint mtime 0x00000000000003CA (mip.MTI <- 0b1, mip.STI <- 0b0)
mem[X,0x0000000080001E4C] -> 0x1F13
mem[X,0x0000000080001E4E] -> 0x00BF
[1940] [M]: 0x0000000080001E4C (0x00BF1F13) slli x30, x30, 0xb                      inst_198+16
x30 <- 0x000CCCCCCCCCC800

mem[X,0x0000000080001E50] -> 0x0F13
mem[X,0x0000000080001E52] -> 0x4CCF
[1941] [M]: 0x0000000080001E50 (0x4CCF0F13) addi x30, x30, 0x4cc                    inst_198+20
x30 <- 0x000CCCCCCCCCCCCC

clint mtime 0x00000000000003CB (mip.MTI <- 0b1, mip.STI <- 0b0)
mem[X,0x0000000080001E54] -> 0x1F13
mem[X,0x0000000080001E56] -> 0x00AF
[1942] [M]: 0x0000000080001E54 (0x00AF1F13) slli x30, x30, 0xa                      inst_198+24
x30 <- 0x3333333333333000

mem[X,0x0000000080001E58] -> 0x0F13
mem[X,0x0000000080001E5A] -> 0x332F
[1943] [M]: 0x0000000080001E58 (0x332F0F13) addi x30, x30, 0x332                    inst_198+28
x30 <- 0x3333333333333332

clint mtime 0x00000000000003CC (mip.MTI <- 0b1, mip.STI <- 0b0)
mem[X,0x0000000080001E5C] -> 0x6F93
mem[X,0x0000000080001E5E] -> 0x02EF
[1944] [M]: 0x0000000080001E5C (0x02EF6F93) ori x31, x30, 0x2e                      inst_198+32
x31 <- 0x333333333333333E

mem[X,0x0000000080001E60] -> 0xB023
mem[X,0x0000000080001E62] -> 0x57F3
[1945] [M]: 0x0000000080001E60 (0x57F3B023) sd x31, 0x560(x7)                       inst_198+36
mem[W,0x0000000080006748] <- 0x333333333333333E

clint mtime 0x00000000000003CD (mip.MTI <- 0b1, mip.STI <- 0b0)
mem[X,0x0000000080001E64] -> 0x3F37
mem[X,0x0000000080001E66] -> 0x3333
[1946] [M]: 0x0000000080001E64 (0x33333F37) lui x30, 0x33333                        inst_199+0
x30 <- 0x0000000033333000

mem[X,0x0000000080001E68] -> 0x0F13
mem[X,0x0000000080001E6A] -> 0x333F
[1947] [M]: 0x0000000080001E68 (0x333F0F13) addi x30, x30, 0x333                    inst_199+4
x30 <- 0x0000000033333333

clint mtime 0x00000000000003CE (mip.MTI <- 0b1, mip.STI <- 0b0)
mem[X,0x0000000080001E6C] -> 0x1F13
mem[X,0x0000000080001E6E] -> 0x00BF
[1948] [M]: 0x0000000080001E6C (0x00BF1F13) slli x30, x30, 0xb                      inst_199+8
x30 <- 0x0000019999999800

mem[X,0x0000000080001E70] -> 0x0F13
mem[X,0x0000000080001E72] -> 0x199F
[1949] [M]: 0x0000000080001E70 (0x199F0F13) addi x30, x30, 0x199                    inst_199+12
x30 <- 0x0000019999999999

clint mtime 0x00000000000003CF (mip.MTI <- 0b1, mip.STI <- 0b0)
mem[X,0x0000000080001E74] -> 0x1F13
mem[X,0x0000000080001E76] -> 0x00BF
[1950] [M]: 0x0000000080001E74 (0x00BF1F13) slli x30, x30, 0xb                      inst_199+16
x30 <- 0x000CCCCCCCCCC800

mem[X,0x0000000080001E78] -> 0x0F13
mem[X,0x0000000080001E7A] -> 0x4CCF
[1951] [M]: 0x0000000080001E78 (0x4CCF0F13) addi x30, x30, 0x4cc                    inst_199+20
x30 <- 0x000CCCCCCCCCCCCC

clint mtime 0x00000000000003D0 (mip.MTI <- 0b1, mip.STI <- 0b0)
mem[X,0x0000000080001E7C] -> 0x1F13
mem[X,0x0000000080001E7E] -> 0x00AF
[1952] [M]: 0x0000000080001E7C (0x00AF1F13) slli x30, x30, 0xa                      inst_199+24
x30 <- 0x3333333333333000

mem[X,0x0000000080001E80] -> 0x0F13
mem[X,0x0000000080001E82] -> 0x332F
[1953] [M]: 0x0000000080001E80 (0x332F0F13) addi x30, x30, 0x332                    inst_199+28
x30 <- 0x3333333333333332

clint mtime 0x00000000000003D1 (mip.MTI <- 0b1, mip.STI <- 0b0)
mem[X,0x0000000080001E84] -> 0x6F93
mem[X,0x0000000080001E86] -> 0xFD4F
[1954] [M]: 0x0000000080001E84 (0xFD4F6F93) ori x31, x30, -0x2c                     inst_199+32
x31 <- 0xFFFFFFFFFFFFFFF6

mem[X,0x0000000080001E88] -> 0xB423
mem[X,0x0000000080001E8A] -> 0x57F3
[1955] [M]: 0x0000000080001E88 (0x57F3B423) sd x31, 0x568(x7)                       inst_199+36
mem[W,0x0000000080006750] <- 0xFFFFFFFFFFFFFFF6

clint mtime 0x00000000000003D2 (mip.MTI <- 0b1, mip.STI <- 0b0)
mem[X,0x0000000080001E8C] -> 0x3F37
mem[X,0x0000000080001E8E] -> 0x3333
[1956] [M]: 0x0000000080001E8C (0x33333F37) lui x30, 0x33333                        inst_200+0
x30 <- 0x0000000033333000

mem[X,0x0000000080001E90] -> 0x0F13
mem[X,0x0000000080001E92] -> 0x333F
[1957] [M]: 0x0000000080001E90 (0x333F0F13) addi x30, x30, 0x333                    inst_200+4
x30 <- 0x0000000033333333

clint mtime 0x00000000000003D3 (mip.MTI <- 0b1, mip.STI <- 0b0)
mem[X,0x0000000080001E94] -> 0x1F13
mem[X,0x0000000080001E96] -> 0x00BF
[1958] [M]: 0x0000000080001E94 (0x00BF1F13) slli x30, x30, 0xb                      inst_200+8
x30 <- 0x0000019999999800

mem[X,0x0000000080001E98] -> 0x0F13
mem[X,0x0000000080001E9A] -> 0x199F
[1959] [M]: 0x0000000080001E98 (0x199F0F13) addi x30, x30, 0x199                    inst_200+12
x30 <- 0x0000019999999999

clint mtime 0x00000000000003D4 (mip.MTI <- 0b1, mip.STI <- 0b0)
mem[X,0x0000000080001E9C] -> 0x1F13
mem[X,0x0000000080001E9E] -> 0x00BF
[1960] [M]: 0x0000000080001E9C (0x00BF1F13) slli x30, x30, 0xb                      inst_200+16
x30 <- 0x000CCCCCCCCCC800

mem[X,0x0000000080001EA0] -> 0x0F13
mem[X,0x0000000080001EA2] -> 0x4CCF
[1961] [M]: 0x0000000080001EA0 (0x4CCF0F13) addi x30, x30, 0x4cc                    inst_200+20
x30 <- 0x000CCCCCCCCCCCCC

clint mtime 0x00000000000003D5 (mip.MTI <- 0b1, mip.STI <- 0b0)
mem[X,0x0000000080001EA4] -> 0x1F13
mem[X,0x0000000080001EA6] -> 0x00AF
[1962] [M]: 0x0000000080001EA4 (0x00AF1F13) slli x30, x30, 0xa                      inst_200+24
x30 <- 0x3333333333333000

mem[X,0x0000000080001EA8] -> 0x0F13
mem[X,0x0000000080001EAA] -> 0x332F
[1963] [M]: 0x0000000080001EA8 (0x332F0F13) addi x30, x30, 0x332                    inst_200+28
x30 <- 0x3333333333333332

clint mtime 0x00000000000003D6 (mip.MTI <- 0b1, mip.STI <- 0b0)
mem[X,0x0000000080001EAC] -> 0x6F93
mem[X,0x0000000080001EAE] -> 0x667F
[1964] [M]: 0x0000000080001EAC (0x667F6F93) ori x31, x30, 0x667                     inst_200+32
x31 <- 0x3333333333333777

mem[X,0x0000000080001EB0] -> 0xB823
mem[X,0x0000000080001EB2] -> 0x57F3
[1965] [M]: 0x0000000080001EB0 (0x57F3B823) sd x31, 0x570(x7)                       inst_200+36
mem[W,0x0000000080006758] <- 0x3333333333333777

clint mtime 0x00000000000003D7 (mip.MTI <- 0b1, mip.STI <- 0b0)
mem[X,0x0000000080001EB4] -> 0x3F37
mem[X,0x0000000080001EB6] -> 0x3333
[1966] [M]: 0x0000000080001EB4 (0x33333F37) lui x30, 0x33333                        inst_201+0
x30 <- 0x0000000033333000

mem[X,0x0000000080001EB8] -> 0x0F13
mem[X,0x0000000080001EBA] -> 0x333F
[1967] [M]: 0x0000000080001EB8 (0x333F0F13) addi x30, x30, 0x333                    inst_201+4
x30 <- 0x0000000033333333

clint mtime 0x00000000000003D8 (mip.MTI <- 0b1, mip.STI <- 0b0)
mem[X,0x0000000080001EBC] -> 0x1F13
mem[X,0x0000000080001EBE] -> 0x00BF
[1968] [M]: 0x0000000080001EBC (0x00BF1F13) slli x30, x30, 0xb                      inst_201+8
x30 <- 0x0000019999999800

mem[X,0x0000000080001EC0] -> 0x0F13
mem[X,0x0000000080001EC2] -> 0x199F
[1969] [M]: 0x0000000080001EC0 (0x199F0F13) addi x30, x30, 0x199                    inst_201+12
x30 <- 0x0000019999999999

clint mtime 0x00000000000003D9 (mip.MTI <- 0b1, mip.STI <- 0b0)
mem[X,0x0000000080001EC4] -> 0x1F13
mem[X,0x0000000080001EC6] -> 0x00BF
[1970] [M]: 0x0000000080001EC4 (0x00BF1F13) slli x30, x30, 0xb                      inst_201+16
x30 <- 0x000CCCCCCCCCC800

mem[X,0x0000000080001EC8] -> 0x0F13
mem[X,0x0000000080001ECA] -> 0x4CCF
[1971] [M]: 0x0000000080001EC8 (0x4CCF0F13) addi x30, x30, 0x4cc                    inst_201+20
x30 <- 0x000CCCCCCCCCCCCC

clint mtime 0x00000000000003DA (mip.MTI <- 0b1, mip.STI <- 0b0)
mem[X,0x0000000080001ECC] -> 0x1F13
mem[X,0x0000000080001ECE] -> 0x00AF
[1972] [M]: 0x0000000080001ECC (0x00AF1F13) slli x30, x30, 0xa                      inst_201+24
x30 <- 0x3333333333333000

mem[X,0x0000000080001ED0] -> 0x0F13
mem[X,0x0000000080001ED2] -> 0x332F
[1973] [M]: 0x0000000080001ED0 (0x332F0F13) addi x30, x30, 0x332                    inst_201+28
x30 <- 0x3333333333333332

clint mtime 0x00000000000003DB (mip.MTI <- 0b1, mip.STI <- 0b0)
mem[X,0x0000000080001ED4] -> 0x6F93
mem[X,0x0000000080001ED6] -> 0x334F
[1974] [M]: 0x0000000080001ED4 (0x334F6F93) ori x31, x30, 0x334                     inst_201+32
x31 <- 0x3333333333333336

mem[X,0x0000000080001ED8] -> 0xBC23
mem[X,0x0000000080001EDA] -> 0x57F3
[1975] [M]: 0x0000000080001ED8 (0x57F3BC23) sd x31, 0x578(x7)                       inst_201+36
mem[W,0x0000000080006760] <- 0x3333333333333336

clint mtime 0x00000000000003DC (mip.MTI <- 0b1, mip.STI <- 0b0)
mem[X,0x0000000080001EDC] -> 0x3F37
mem[X,0x0000000080001EDE] -> 0x3333
[1976] [M]: 0x0000000080001EDC (0x33333F37) lui x30, 0x33333                        inst_202+0
x30 <- 0x0000000033333000

mem[X,0x0000000080001EE0] -> 0x0F13
mem[X,0x0000000080001EE2] -> 0x333F
[1977] [M]: 0x0000000080001EE0 (0x333F0F13) addi x30, x30, 0x333                    inst_202+4
x30 <- 0x0000000033333333

clint mtime 0x00000000000003DD (mip.MTI <- 0b1, mip.STI <- 0b0)
mem[X,0x0000000080001EE4] -> 0x1F13
mem[X,0x0000000080001EE6] -> 0x00BF
[1978] [M]: 0x0000000080001EE4 (0x00BF1F13) slli x30, x30, 0xb                      inst_202+8
x30 <- 0x0000019999999800

mem[X,0x0000000080001EE8] -> 0x0F13
mem[X,0x0000000080001EEA] -> 0x199F
[1979] [M]: 0x0000000080001EE8 (0x199F0F13) addi x30, x30, 0x199                    inst_202+12
x30 <- 0x0000019999999999

clint mtime 0x00000000000003DE (mip.MTI <- 0b1, mip.STI <- 0b0)
mem[X,0x0000000080001EEC] -> 0x1F13
mem[X,0x0000000080001EEE] -> 0x00BF
[1980] [M]: 0x0000000080001EEC (0x00BF1F13) slli x30, x30, 0xb                      inst_202+16
x30 <- 0x000CCCCCCCCCC800

mem[X,0x0000000080001EF0] -> 0x0F13
mem[X,0x0000000080001EF2] -> 0x4CCF
[1981] [M]: 0x0000000080001EF0 (0x4CCF0F13) addi x30, x30, 0x4cc                    inst_202+20
x30 <- 0x000CCCCCCCCCCCCC

clint mtime 0x00000000000003DF (mip.MTI <- 0b1, mip.STI <- 0b0)
mem[X,0x0000000080001EF4] -> 0x1F13
mem[X,0x0000000080001EF6] -> 0x00AF
[1982] [M]: 0x0000000080001EF4 (0x00AF1F13) slli x30, x30, 0xa                      inst_202+24
x30 <- 0x3333333333333000

mem[X,0x0000000080001EF8] -> 0x0F13
mem[X,0x0000000080001EFA] -> 0x332F
[1983] [M]: 0x0000000080001EF8 (0x332F0F13) addi x30, x30, 0x332                    inst_202+28
x30 <- 0x3333333333333332

clint mtime 0x00000000000003E0 (mip.MTI <- 0b1, mip.STI <- 0b0)
mem[X,0x0000000080001EFC] -> 0x6F93
mem[X,0x0000000080001EFE] -> 0x006F
[1984] [M]: 0x0000000080001EFC (0x006F6F93) ori x31, x30, 0x6                       inst_202+32
x31 <- 0x3333333333333336

mem[X,0x0000000080001F00] -> 0xB023
mem[X,0x0000000080001F02] -> 0x59F3
[1985] [M]: 0x0000000080001F00 (0x59F3B023) sd x31, 0x580(x7)                       inst_202+36
mem[W,0x0000000080006768] <- 0x3333333333333336

clint mtime 0x00000000000003E1 (mip.MTI <- 0b1, mip.STI <- 0b0)
mem[X,0x0000000080001F04] -> 0x3F37
mem[X,0x0000000080001F06] -> 0x3333
[1986] [M]: 0x0000000080001F04 (0x33333F37) lui x30, 0x33333                        inst_203+0
x30 <- 0x0000000033333000

mem[X,0x0000000080001F08] -> 0x0F13
mem[X,0x0000000080001F0A] -> 0x333F
[1987] [M]: 0x0000000080001F08 (0x333F0F13) addi x30, x30, 0x333                    inst_203+4
x30 <- 0x0000000033333333

clint mtime 0x00000000000003E2 (mip.MTI <- 0b1, mip.STI <- 0b0)
mem[X,0x0000000080001F0C] -> 0x1F13
mem[X,0x0000000080001F0E] -> 0x00BF
[1988] [M]: 0x0000000080001F0C (0x00BF1F13) slli x30, x30, 0xb                      inst_203+8
x30 <- 0x0000019999999800

mem[X,0x0000000080001F10] -> 0x0F13
mem[X,0x0000000080001F12] -> 0x199F
[1989] [M]: 0x0000000080001F10 (0x199F0F13) addi x30, x30, 0x199                    inst_203+12
x30 <- 0x0000019999999999

clint mtime 0x00000000000003E3 (mip.MTI <- 0b1, mip.STI <- 0b0)
mem[X,0x0000000080001F14] -> 0x1F13
mem[X,0x0000000080001F16] -> 0x00BF
[1990] [M]: 0x0000000080001F14 (0x00BF1F13) slli x30, x30, 0xb                      inst_203+16
x30 <- 0x000CCCCCCCCCC800

mem[X,0x0000000080001F18] -> 0x0F13
mem[X,0x0000000080001F1A] -> 0x4CCF
[1991] [M]: 0x0000000080001F18 (0x4CCF0F13) addi x30, x30, 0x4cc                    inst_203+20
x30 <- 0x000CCCCCCCCCCCCC

clint mtime 0x00000000000003E4 (mip.MTI <- 0b1, mip.STI <- 0b0)
mem[X,0x0000000080001F1C] -> 0x1F13
mem[X,0x0000000080001F1E] -> 0x00AF
[1992] [M]: 0x0000000080001F1C (0x00AF1F13) slli x30, x30, 0xa                      inst_203+24
x30 <- 0x3333333333333000

mem[X,0x0000000080001F20] -> 0x0F13
mem[X,0x0000000080001F22] -> 0x332F
[1993] [M]: 0x0000000080001F20 (0x332F0F13) addi x30, x30, 0x332                    inst_203+28
x30 <- 0x3333333333333332

clint mtime 0x00000000000003E5 (mip.MTI <- 0b1, mip.STI <- 0b0)
mem[X,0x0000000080001F24] -> 0x6F93
mem[X,0x0000000080001F26] -> 0xAABF
[1994] [M]: 0x0000000080001F24 (0xAABF6F93) ori x31, x30, -0x555                    inst_203+32
x31 <- 0xFFFFFFFFFFFFFBBB

mem[X,0x0000000080001F28] -> 0xB423
mem[X,0x0000000080001F2A] -> 0x59F3
[1995] [M]: 0x0000000080001F28 (0x59F3B423) sd x31, 0x588(x7)                       inst_203+36
mem[W,0x0000000080006770] <- 0xFFFFFFFFFFFFFBBB

clint mtime 0x00000000000003E6 (mip.MTI <- 0b1, mip.STI <- 0b0)
mem[X,0x0000000080001F2C] -> 0x3F37
mem[X,0x0000000080001F2E] -> 0x3333
[1996] [M]: 0x0000000080001F2C (0x33333F37) lui x30, 0x33333                        inst_204+0
x30 <- 0x0000000033333000

mem[X,0x0000000080001F30] -> 0x0F13
mem[X,0x0000000080001F32] -> 0x333F
[1997] [M]: 0x0000000080001F30 (0x333F0F13) addi x30, x30, 0x333                    inst_204+4
x30 <- 0x0000000033333333

clint mtime 0x00000000000003E7 (mip.MTI <- 0b1, mip.STI <- 0b0)
mem[X,0x0000000080001F34] -> 0x1F13
mem[X,0x0000000080001F36] -> 0x00BF
[1998] [M]: 0x0000000080001F34 (0x00BF1F13) slli x30, x30, 0xb                      inst_204+8
x30 <- 0x0000019999999800

mem[X,0x0000000080001F38] -> 0x0F13
mem[X,0x0000000080001F3A] -> 0x199F
[1999] [M]: 0x0000000080001F38 (0x199F0F13) addi x30, x30, 0x199                    inst_204+12
x30 <- 0x0000019999999999

clint mtime 0x00000000000003E8 (mip.MTI <- 0b1, mip.STI <- 0b0)
mem[X,0x0000000080001F3C] -> 0x1F13
mem[X,0x0000000080001F3E] -> 0x00BF
[2000] [M]: 0x0000000080001F3C (0x00BF1F13) slli x30, x30, 0xb                      inst_204+16
x30 <- 0x000CCCCCCCCCC800

mem[X,0x0000000080001F40] -> 0x0F13
mem[X,0x0000000080001F42] -> 0x4CCF
[2001] [M]: 0x0000000080001F40 (0x4CCF0F13) addi x30, x30, 0x4cc                    inst_204+20
x30 <- 0x000CCCCCCCCCCCCC

clint mtime 0x00000000000003E9 (mip.MTI <- 0b1, mip.STI <- 0b0)
mem[X,0x0000000080001F44] -> 0x1F13
mem[X,0x0000000080001F46] -> 0x00AF
[2002] [M]: 0x0000000080001F44 (0x00AF1F13) slli x30, x30, 0xa                      inst_204+24
x30 <- 0x3333333333333000

mem[X,0x0000000080001F48] -> 0x0F13
mem[X,0x0000000080001F4A] -> 0x332F
[2003] [M]: 0x0000000080001F48 (0x332F0F13) addi x30, x30, 0x332                    inst_204+28
x30 <- 0x3333333333333332

clint mtime 0x00000000000003EA (mip.MTI <- 0b1, mip.STI <- 0b0)
mem[X,0x0000000080001F4C] -> 0x6F93
mem[X,0x0000000080001F4E] -> 0x556F
[2004] [M]: 0x0000000080001F4C (0x556F6F93) ori x31, x30, 0x556                     inst_204+32
x31 <- 0x3333333333333776

mem[X,0x0000000080001F50] -> 0xB823
mem[X,0x0000000080001F52] -> 0x59F3
[2005] [M]: 0x0000000080001F50 (0x59F3B823) sd x31, 0x590(x7)                       inst_204+36
mem[W,0x0000000080006778] <- 0x3333333333333776

clint mtime 0x00000000000003EB (mip.MTI <- 0b1, mip.STI <- 0b0)
mem[X,0x0000000080001F54] -> 0x3F37
mem[X,0x0000000080001F56] -> 0x3333
[2006] [M]: 0x0000000080001F54 (0x33333F37) lui x30, 0x33333                        inst_205+0
x30 <- 0x0000000033333000

mem[X,0x0000000080001F58] -> 0x0F13
mem[X,0x0000000080001F5A] -> 0x333F
[2007] [M]: 0x0000000080001F58 (0x333F0F13) addi x30, x30, 0x333                    inst_205+4
x30 <- 0x0000000033333333

clint mtime 0x00000000000003EC (mip.MTI <- 0b1, mip.STI <- 0b0)
mem[X,0x0000000080001F5C] -> 0x1F13
mem[X,0x0000000080001F5E] -> 0x00BF
[2008] [M]: 0x0000000080001F5C (0x00BF1F13) slli x30, x30, 0xb                      inst_205+8
x30 <- 0x0000019999999800

mem[X,0x0000000080001F60] -> 0x0F13
mem[X,0x0000000080001F62] -> 0x199F
[2009] [M]: 0x0000000080001F60 (0x199F0F13) addi x30, x30, 0x199                    inst_205+12
x30 <- 0x0000019999999999

clint mtime 0x00000000000003ED (mip.MTI <- 0b1, mip.STI <- 0b0)
mem[X,0x0000000080001F64] -> 0x1F13
mem[X,0x0000000080001F66] -> 0x00BF
[2010] [M]: 0x0000000080001F64 (0x00BF1F13) slli x30, x30, 0xb                      inst_205+16
x30 <- 0x000CCCCCCCCCC800

mem[X,0x0000000080001F68] -> 0x0F13
mem[X,0x0000000080001F6A] -> 0x4CCF
[2011] [M]: 0x0000000080001F68 (0x4CCF0F13) addi x30, x30, 0x4cc                    inst_205+20
x30 <- 0x000CCCCCCCCCCCCC

clint mtime 0x00000000000003EE (mip.MTI <- 0b1, mip.STI <- 0b0)
mem[X,0x0000000080001F6C] -> 0x1F13
mem[X,0x0000000080001F6E] -> 0x00AF
[2012] [M]: 0x0000000080001F6C (0x00AF1F13) slli x30, x30, 0xa                      inst_205+24
x30 <- 0x3333333333333000

mem[X,0x0000000080001F70] -> 0x0F13
mem[X,0x0000000080001F72] -> 0x332F
[2013] [M]: 0x0000000080001F70 (0x332F0F13) addi x30, x30, 0x332                    inst_205+28
x30 <- 0x3333333333333332

clint mtime 0x00000000000003EF (mip.MTI <- 0b1, mip.STI <- 0b0)
mem[X,0x0000000080001F74] -> 0x6F93
mem[X,0x0000000080001F76] -> 0x02CF
[2014] [M]: 0x0000000080001F74 (0x02CF6F93) ori x31, x30, 0x2c                      inst_205+32
x31 <- 0x333333333333333E

mem[X,0x0000000080001F78] -> 0xBC23
mem[X,0x0000000080001F7A] -> 0x59F3
[2015] [M]: 0x0000000080001F78 (0x59F3BC23) sd x31, 0x598(x7)                       inst_205+36
mem[W,0x0000000080006780] <- 0x333333333333333E

clint mtime 0x00000000000003F0 (mip.MTI <- 0b1, mip.STI <- 0b0)
mem[X,0x0000000080001F7C] -> 0x3F37
mem[X,0x0000000080001F7E] -> 0x3333
[2016] [M]: 0x0000000080001F7C (0x33333F37) lui x30, 0x33333                        inst_206+0
x30 <- 0x0000000033333000

mem[X,0x0000000080001F80] -> 0x0F13
mem[X,0x0000000080001F82] -> 0x333F
[2017] [M]: 0x0000000080001F80 (0x333F0F13) addi x30, x30, 0x333                    inst_206+4
x30 <- 0x0000000033333333

clint mtime 0x00000000000003F1 (mip.MTI <- 0b1, mip.STI <- 0b0)
mem[X,0x0000000080001F84] -> 0x1F13
mem[X,0x0000000080001F86] -> 0x00BF
[2018] [M]: 0x0000000080001F84 (0x00BF1F13) slli x30, x30, 0xb                      inst_206+8
x30 <- 0x0000019999999800

mem[X,0x0000000080001F88] -> 0x0F13
mem[X,0x0000000080001F8A] -> 0x199F
[2019] [M]: 0x0000000080001F88 (0x199F0F13) addi x30, x30, 0x199                    inst_206+12
x30 <- 0x0000019999999999

clint mtime 0x00000000000003F2 (mip.MTI <- 0b1, mip.STI <- 0b0)
mem[X,0x0000000080001F8C] -> 0x1F13
mem[X,0x0000000080001F8E] -> 0x00BF
[2020] [M]: 0x0000000080001F8C (0x00BF1F13) slli x30, x30, 0xb                      inst_206+16
x30 <- 0x000CCCCCCCCCC800

mem[X,0x0000000080001F90] -> 0x0F13
mem[X,0x0000000080001F92] -> 0x4CCF
[2021] [M]: 0x0000000080001F90 (0x4CCF0F13) addi x30, x30, 0x4cc                    inst_206+20
x30 <- 0x000CCCCCCCCCCCCC

clint mtime 0x00000000000003F3 (mip.MTI <- 0b1, mip.STI <- 0b0)
mem[X,0x0000000080001F94] -> 0x1F13
mem[X,0x0000000080001F96] -> 0x00AF
[2022] [M]: 0x0000000080001F94 (0x00AF1F13) slli x30, x30, 0xa                      inst_206+24
x30 <- 0x3333333333333000

mem[X,0x0000000080001F98] -> 0x0F13
mem[X,0x0000000080001F9A] -> 0x332F
[2023] [M]: 0x0000000080001F98 (0x332F0F13) addi x30, x30, 0x332                    inst_206+28
x30 <- 0x3333333333333332

clint mtime 0x00000000000003F4 (mip.MTI <- 0b1, mip.STI <- 0b0)
mem[X,0x0000000080001F9C] -> 0x6F93
mem[X,0x0000000080001F9E] -> 0x665F
[2024] [M]: 0x0000000080001F9C (0x665F6F93) ori x31, x30, 0x665                     inst_206+32
x31 <- 0x3333333333333777

mem[X,0x0000000080001FA0] -> 0xB023
mem[X,0x0000000080001FA2] -> 0x5BF3
[2025] [M]: 0x0000000080001FA0 (0x5BF3B023) sd x31, 0x5a0(x7)                       inst_206+36
mem[W,0x0000000080006788] <- 0x3333333333333777

clint mtime 0x00000000000003F5 (mip.MTI <- 0b1, mip.STI <- 0b0)
mem[X,0x0000000080001FA4] -> 0x3F37
mem[X,0x0000000080001FA6] -> 0x3333
[2026] [M]: 0x0000000080001FA4 (0x33333F37) lui x30, 0x33333                        inst_207+0
x30 <- 0x0000000033333000

mem[X,0x0000000080001FA8] -> 0x0F13
mem[X,0x0000000080001FAA] -> 0x333F
[2027] [M]: 0x0000000080001FA8 (0x333F0F13) addi x30, x30, 0x333                    inst_207+4
x30 <- 0x0000000033333333

clint mtime 0x00000000000003F6 (mip.MTI <- 0b1, mip.STI <- 0b0)
mem[X,0x0000000080001FAC] -> 0x1F13
mem[X,0x0000000080001FAE] -> 0x00BF
[2028] [M]: 0x0000000080001FAC (0x00BF1F13) slli x30, x30, 0xb                      inst_207+8
x30 <- 0x0000019999999800

mem[X,0x0000000080001FB0] -> 0x0F13
mem[X,0x0000000080001FB2] -> 0x199F
[2029] [M]: 0x0000000080001FB0 (0x199F0F13) addi x30, x30, 0x199                    inst_207+12
x30 <- 0x0000019999999999

clint mtime 0x00000000000003F7 (mip.MTI <- 0b1, mip.STI <- 0b0)
mem[X,0x0000000080001FB4] -> 0x1F13
mem[X,0x0000000080001FB6] -> 0x00BF
[2030] [M]: 0x0000000080001FB4 (0x00BF1F13) slli x30, x30, 0xb                      inst_207+16
x30 <- 0x000CCCCCCCCCC800

mem[X,0x0000000080001FB8] -> 0x0F13
mem[X,0x0000000080001FBA] -> 0x4CCF
[2031] [M]: 0x0000000080001FB8 (0x4CCF0F13) addi x30, x30, 0x4cc                    inst_207+20
x30 <- 0x000CCCCCCCCCCCCC

clint mtime 0x00000000000003F8 (mip.MTI <- 0b1, mip.STI <- 0b0)
mem[X,0x0000000080001FBC] -> 0x1F13
mem[X,0x0000000080001FBE] -> 0x00AF
[2032] [M]: 0x0000000080001FBC (0x00AF1F13) slli x30, x30, 0xa                      inst_207+24
x30 <- 0x3333333333333000

mem[X,0x0000000080001FC0] -> 0x0F13
mem[X,0x0000000080001FC2] -> 0x332F
[2033] [M]: 0x0000000080001FC0 (0x332F0F13) addi x30, x30, 0x332                    inst_207+28
x30 <- 0x3333333333333332

clint mtime 0x00000000000003F9 (mip.MTI <- 0b1, mip.STI <- 0b0)
mem[X,0x0000000080001FC4] -> 0x6F93
mem[X,0x0000000080001FC6] -> 0x332F
[2034] [M]: 0x0000000080001FC4 (0x332F6F93) ori x31, x30, 0x332                     inst_207+32
x31 <- 0x3333333333333332

mem[X,0x0000000080001FC8] -> 0xB423
mem[X,0x0000000080001FCA] -> 0x5BF3
[2035] [M]: 0x0000000080001FC8 (0x5BF3B423) sd x31, 0x5a8(x7)                       inst_207+36
mem[W,0x0000000080006790] <- 0x3333333333333332

clint mtime 0x00000000000003FA (mip.MTI <- 0b1, mip.STI <- 0b0)
mem[X,0x0000000080001FCC] -> 0x3F37
mem[X,0x0000000080001FCE] -> 0x3333
[2036] [M]: 0x0000000080001FCC (0x33333F37) lui x30, 0x33333                        inst_208+0
x30 <- 0x0000000033333000

mem[X,0x0000000080001FD0] -> 0x0F13
mem[X,0x0000000080001FD2] -> 0x333F
[2037] [M]: 0x0000000080001FD0 (0x333F0F13) addi x30, x30, 0x333                    inst_208+4
x30 <- 0x0000000033333333

clint mtime 0x00000000000003FB (mip.MTI <- 0b1, mip.STI <- 0b0)
mem[X,0x0000000080001FD4] -> 0x1F13
mem[X,0x0000000080001FD6] -> 0x00BF
[2038] [M]: 0x0000000080001FD4 (0x00BF1F13) slli x30, x30, 0xb                      inst_208+8
x30 <- 0x0000019999999800

mem[X,0x0000000080001FD8] -> 0x0F13
mem[X,0x0000000080001FDA] -> 0x199F
[2039] [M]: 0x0000000080001FD8 (0x199F0F13) addi x30, x30, 0x199                    inst_208+12
x30 <- 0x0000019999999999

clint mtime 0x00000000000003FC (mip.MTI <- 0b1, mip.STI <- 0b0)
mem[X,0x0000000080001FDC] -> 0x1F13
mem[X,0x0000000080001FDE] -> 0x00BF
[2040] [M]: 0x0000000080001FDC (0x00BF1F13) slli x30, x30, 0xb                      inst_208+16
x30 <- 0x000CCCCCCCCCC800

mem[X,0x0000000080001FE0] -> 0x0F13
mem[X,0x0000000080001FE2] -> 0x4CCF
[2041] [M]: 0x0000000080001FE0 (0x4CCF0F13) addi x30, x30, 0x4cc                    inst_208+20
x30 <- 0x000CCCCCCCCCCCCC

clint mtime 0x00000000000003FD (mip.MTI <- 0b1, mip.STI <- 0b0)
mem[X,0x0000000080001FE4] -> 0x1F13
mem[X,0x0000000080001FE6] -> 0x00AF
[2042] [M]: 0x0000000080001FE4 (0x00AF1F13) slli x30, x30, 0xa                      inst_208+24
x30 <- 0x3333333333333000

mem[X,0x0000000080001FE8] -> 0x0F13
mem[X,0x0000000080001FEA] -> 0x332F
[2043] [M]: 0x0000000080001FE8 (0x332F0F13) addi x30, x30, 0x332                    inst_208+28
x30 <- 0x3333333333333332

clint mtime 0x00000000000003FE (mip.MTI <- 0b1, mip.STI <- 0b0)
mem[X,0x0000000080001FEC] -> 0x6F93
mem[X,0x0000000080001FEE] -> 0x004F
[2044] [M]: 0x0000000080001FEC (0x004F6F93) ori x31, x30, 0x4                       inst_208+32
x31 <- 0x3333333333333336

mem[X,0x0000000080001FF0] -> 0xB823
mem[X,0x0000000080001FF2] -> 0x5BF3
[2045] [M]: 0x0000000080001FF0 (0x5BF3B823) sd x31, 0x5b0(x7)                       inst_208+36
mem[W,0x0000000080006798] <- 0x3333333333333336

clint mtime 0x00000000000003FF (mip.MTI <- 0b1, mip.STI <- 0b0)
mem[X,0x0000000080001FF4] -> 0x3F37
mem[X,0x0000000080001FF6] -> 0x3333
[2046] [M]: 0x0000000080001FF4 (0x33333F37) lui x30, 0x33333                        inst_209+0
x30 <- 0x0000000033333000

mem[X,0x0000000080001FF8] -> 0x0F13
mem[X,0x0000000080001FFA] -> 0x333F
[2047] [M]: 0x0000000080001FF8 (0x333F0F13) addi x30, x30, 0x333                    inst_209+4
x30 <- 0x0000000033333333

clint mtime 0x0000000000000400 (mip.MTI <- 0b1, mip.STI <- 0b0)
mem[X,0x0000000080001FFC] -> 0x1F13
mem[X,0x0000000080001FFE] -> 0x00BF
[2048] [M]: 0x0000000080001FFC (0x00BF1F13) slli x30, x30, 0xb                      inst_209+8
x30 <- 0x0000019999999800

mem[X,0x0000000080002000] -> 0x0F13
mem[X,0x0000000080002002] -> 0x199F
[2049] [M]: 0x0000000080002000 (0x199F0F13) addi x30, x30, 0x199                    inst_209+12
x30 <- 0x0000019999999999

clint mtime 0x0000000000000401 (mip.MTI <- 0b1, mip.STI <- 0b0)
mem[X,0x0000000080002004] -> 0x1F13
mem[X,0x0000000080002006] -> 0x00BF
[2050] [M]: 0x0000000080002004 (0x00BF1F13) slli x30, x30, 0xb                      inst_209+16
x30 <- 0x000CCCCCCCCCC800

mem[X,0x0000000080002008] -> 0x0F13
mem[X,0x000000008000200A] -> 0x4CCF
[2051] [M]: 0x0000000080002008 (0x4CCF0F13) addi x30, x30, 0x4cc                    inst_209+20
x30 <- 0x000CCCCCCCCCCCCC

clint mtime 0x0000000000000402 (mip.MTI <- 0b1, mip.STI <- 0b0)
mem[X,0x000000008000200C] -> 0x1F13
mem[X,0x000000008000200E] -> 0x00AF
[2052] [M]: 0x000000008000200C (0x00AF1F13) slli x30, x30, 0xa                      inst_209+24
x30 <- 0x3333333333333000

mem[X,0x0000000080002010] -> 0x0F13
mem[X,0x0000000080002012] -> 0x332F
[2053] [M]: 0x0000000080002010 (0x332F0F13) addi x30, x30, 0x332                    inst_209+28
x30 <- 0x3333333333333332

clint mtime 0x0000000000000403 (mip.MTI <- 0b1, mip.STI <- 0b0)
mem[X,0x0000000080002014] -> 0x6F93
mem[X,0x0000000080002016] -> 0x000F
[2054] [M]: 0x0000000080002014 (0x000F6F93) ori x31, x30, 0x0                       inst_209+32
x31 <- 0x3333333333333332

mem[X,0x0000000080002018] -> 0xBC23
mem[X,0x000000008000201A] -> 0x5BF3
[2055] [M]: 0x0000000080002018 (0x5BF3BC23) sd x31, 0x5b8(x7)                       inst_209+36
mem[W,0x00000000800067A0] <- 0x3333333333333332

clint mtime 0x0000000000000404 (mip.MTI <- 0b1, mip.STI <- 0b0)
mem[X,0x000000008000201C] -> 0x3F37
mem[X,0x000000008000201E] -> 0x3333
[2056] [M]: 0x000000008000201C (0x33333F37) lui x30, 0x33333                        inst_210+0
x30 <- 0x0000000033333000

mem[X,0x0000000080002020] -> 0x0F13
mem[X,0x0000000080002022] -> 0x333F
[2057] [M]: 0x0000000080002020 (0x333F0F13) addi x30, x30, 0x333                    inst_210+4
x30 <- 0x0000000033333333

clint mtime 0x0000000000000405 (mip.MTI <- 0b1, mip.STI <- 0b0)
mem[X,0x0000000080002024] -> 0x1F13
mem[X,0x0000000080002026] -> 0x00BF
[2058] [M]: 0x0000000080002024 (0x00BF1F13) slli x30, x30, 0xb                      inst_210+8
x30 <- 0x0000019999999800

mem[X,0x0000000080002028] -> 0x0F13
mem[X,0x000000008000202A] -> 0x199F
[2059] [M]: 0x0000000080002028 (0x199F0F13) addi x30, x30, 0x199                    inst_210+12
x30 <- 0x0000019999999999

clint mtime 0x0000000000000406 (mip.MTI <- 0b1, mip.STI <- 0b0)
mem[X,0x000000008000202C] -> 0x1F13
mem[X,0x000000008000202E] -> 0x00BF
[2060] [M]: 0x000000008000202C (0x00BF1F13) slli x30, x30, 0xb                      inst_210+16
x30 <- 0x000CCCCCCCCCC800

mem[X,0x0000000080002030] -> 0x0F13
mem[X,0x0000000080002032] -> 0x4CCF
[2061] [M]: 0x0000000080002030 (0x4CCF0F13) addi x30, x30, 0x4cc                    inst_210+20
x30 <- 0x000CCCCCCCCCCCCC

clint mtime 0x0000000000000407 (mip.MTI <- 0b1, mip.STI <- 0b0)
mem[X,0x0000000080002034] -> 0x1F13
mem[X,0x0000000080002036] -> 0x00AF
[2062] [M]: 0x0000000080002034 (0x00AF1F13) slli x30, x30, 0xa                      inst_210+24
x30 <- 0x3333333333333000

mem[X,0x0000000080002038] -> 0x0F13
mem[X,0x000000008000203A] -> 0x332F
[2063] [M]: 0x0000000080002038 (0x332F0F13) addi x30, x30, 0x332                    inst_210+28
x30 <- 0x3333333333333332

clint mtime 0x0000000000000408 (mip.MTI <- 0b1, mip.STI <- 0b0)
mem[X,0x000000008000203C] -> 0x6F93
mem[X,0x000000008000203E] -> 0x554F
[2064] [M]: 0x000000008000203C (0x554F6F93) ori x31, x30, 0x554                     inst_210+32
x31 <- 0x3333333333333776

mem[X,0x0000000080002040] -> 0xB023
mem[X,0x0000000080002042] -> 0x5DF3
[2065] [M]: 0x0000000080002040 (0x5DF3B023) sd x31, 0x5c0(x7)                       inst_210+36
mem[W,0x00000000800067A8] <- 0x3333333333333776

clint mtime 0x0000000000000409 (mip.MTI <- 0b1, mip.STI <- 0b0)
mem[X,0x0000000080002044] -> 0x3F37
mem[X,0x0000000080002046] -> 0x3333
[2066] [M]: 0x0000000080002044 (0x33333F37) lui x30, 0x33333                        inst_211+0
x30 <- 0x0000000033333000

mem[X,0x0000000080002048] -> 0x0F13
mem[X,0x000000008000204A] -> 0x333F
[2067] [M]: 0x0000000080002048 (0x333F0F13) addi x30, x30, 0x333                    inst_211+4
x30 <- 0x0000000033333333

clint mtime 0x000000000000040A (mip.MTI <- 0b1, mip.STI <- 0b0)
mem[X,0x000000008000204C] -> 0x1F13
mem[X,0x000000008000204E] -> 0x00BF
[2068] [M]: 0x000000008000204C (0x00BF1F13) slli x30, x30, 0xb                      inst_211+8
x30 <- 0x0000019999999800

mem[X,0x0000000080002050] -> 0x0F13
mem[X,0x0000000080002052] -> 0x199F
[2069] [M]: 0x0000000080002050 (0x199F0F13) addi x30, x30, 0x199                    inst_211+12
x30 <- 0x0000019999999999

clint mtime 0x000000000000040B (mip.MTI <- 0b1, mip.STI <- 0b0)
mem[X,0x0000000080002054] -> 0x1F13
mem[X,0x0000000080002056] -> 0x00BF
[2070] [M]: 0x0000000080002054 (0x00BF1F13) slli x30, x30, 0xb                      inst_211+16
x30 <- 0x000CCCCCCCCCC800

mem[X,0x0000000080002058] -> 0x0F13
mem[X,0x000000008000205A] -> 0x4CCF
[2071] [M]: 0x0000000080002058 (0x4CCF0F13) addi x30, x30, 0x4cc                    inst_211+20
x30 <- 0x000CCCCCCCCCCCCC

clint mtime 0x000000000000040C (mip.MTI <- 0b1, mip.STI <- 0b0)
mem[X,0x000000008000205C] -> 0x1F13
mem[X,0x000000008000205E] -> 0x00AF
[2072] [M]: 0x000000008000205C (0x00AF1F13) slli x30, x30, 0xa                      inst_211+24
x30 <- 0x3333333333333000

mem[X,0x0000000080002060] -> 0x0F13
mem[X,0x0000000080002062] -> 0x332F
[2073] [M]: 0x0000000080002060 (0x332F0F13) addi x30, x30, 0x332                    inst_211+28
x30 <- 0x3333333333333332

clint mtime 0x000000000000040D (mip.MTI <- 0b1, mip.STI <- 0b0)
mem[X,0x0000000080002064] -> 0x6F93
mem[X,0x0000000080002066] -> 0x002F
[2074] [M]: 0x0000000080002064 (0x002F6F93) ori x31, x30, 0x2                       inst_211+32
x31 <- 0x3333333333333332

mem[X,0x0000000080002068] -> 0xB423
mem[X,0x000000008000206A] -> 0x5DF3
[2075] [M]: 0x0000000080002068 (0x5DF3B423) sd x31, 0x5c8(x7)                       inst_211+36
mem[W,0x00000000800067B0] <- 0x3333333333333332

clint mtime 0x000000000000040E (mip.MTI <- 0b1, mip.STI <- 0b0)
mem[X,0x000000008000206C] -> 0x3F37
mem[X,0x000000008000206E] -> 0x3333
[2076] [M]: 0x000000008000206C (0x33333F37) lui x30, 0x33333                        inst_212+0
x30 <- 0x0000000033333000

mem[X,0x0000000080002070] -> 0x0F13
mem[X,0x0000000080002072] -> 0x333F
[2077] [M]: 0x0000000080002070 (0x333F0F13) addi x30, x30, 0x333                    inst_212+4
x30 <- 0x0000000033333333

clint mtime 0x000000000000040F (mip.MTI <- 0b1, mip.STI <- 0b0)
mem[X,0x0000000080002074] -> 0x1F13
mem[X,0x0000000080002076] -> 0x00BF
[2078] [M]: 0x0000000080002074 (0x00BF1F13) slli x30, x30, 0xb                      inst_212+8
x30 <- 0x0000019999999800

mem[X,0x0000000080002078] -> 0x0F13
mem[X,0x000000008000207A] -> 0x199F
[2079] [M]: 0x0000000080002078 (0x199F0F13) addi x30, x30, 0x199                    inst_212+12
x30 <- 0x0000019999999999

clint mtime 0x0000000000000410 (mip.MTI <- 0b1, mip.STI <- 0b0)
mem[X,0x000000008000207C] -> 0x1F13
mem[X,0x000000008000207E] -> 0x00BF
[2080] [M]: 0x000000008000207C (0x00BF1F13) slli x30, x30, 0xb                      inst_212+16
x30 <- 0x000CCCCCCCCCC800

mem[X,0x0000000080002080] -> 0x0F13
mem[X,0x0000000080002082] -> 0x4CCF
[2081] [M]: 0x0000000080002080 (0x4CCF0F13) addi x30, x30, 0x4cc                    inst_212+20
x30 <- 0x000CCCCCCCCCCCCC

clint mtime 0x0000000000000411 (mip.MTI <- 0b1, mip.STI <- 0b0)
mem[X,0x0000000080002084] -> 0x1F13
mem[X,0x0000000080002086] -> 0x00AF
[2082] [M]: 0x0000000080002084 (0x00AF1F13) slli x30, x30, 0xa                      inst_212+24
x30 <- 0x3333333333333000

mem[X,0x0000000080002088] -> 0x0F13
mem[X,0x000000008000208A] -> 0x332F
[2083] [M]: 0x0000000080002088 (0x332F0F13) addi x30, x30, 0x332                    inst_212+28
x30 <- 0x3333333333333332

clint mtime 0x0000000000000412 (mip.MTI <- 0b1, mip.STI <- 0b0)
mem[X,0x000000008000208C] -> 0x6F93
mem[X,0x000000008000208E] -> 0x02DF
[2084] [M]: 0x000000008000208C (0x02DF6F93) ori x31, x30, 0x2d                      inst_212+32
x31 <- 0x333333333333333F

mem[X,0x0000000080002090] -> 0xB823
mem[X,0x0000000080002092] -> 0x5DF3
[2085] [M]: 0x0000000080002090 (0x5DF3B823) sd x31, 0x5d0(x7)                       inst_212+36
mem[W,0x00000000800067B8] <- 0x333333333333333F

clint mtime 0x0000000000000413 (mip.MTI <- 0b1, mip.STI <- 0b0)
mem[X,0x0000000080002094] -> 0x3F37
mem[X,0x0000000080002096] -> 0x3333
[2086] [M]: 0x0000000080002094 (0x33333F37) lui x30, 0x33333                        inst_213+0
x30 <- 0x0000000033333000

mem[X,0x0000000080002098] -> 0x0F13
mem[X,0x000000008000209A] -> 0x333F
[2087] [M]: 0x0000000080002098 (0x333F0F13) addi x30, x30, 0x333                    inst_213+4
x30 <- 0x0000000033333333

clint mtime 0x0000000000000414 (mip.MTI <- 0b1, mip.STI <- 0b0)
mem[X,0x000000008000209C] -> 0x1F13
mem[X,0x000000008000209E] -> 0x00BF
[2088] [M]: 0x000000008000209C (0x00BF1F13) slli x30, x30, 0xb                      inst_213+8
x30 <- 0x0000019999999800

mem[X,0x00000000800020A0] -> 0x0F13
mem[X,0x00000000800020A2] -> 0x199F
[2089] [M]: 0x00000000800020A0 (0x199F0F13) addi x30, x30, 0x199                    inst_213+12
x30 <- 0x0000019999999999

clint mtime 0x0000000000000415 (mip.MTI <- 0b1, mip.STI <- 0b0)
mem[X,0x00000000800020A4] -> 0x1F13
mem[X,0x00000000800020A6] -> 0x00BF
[2090] [M]: 0x00000000800020A4 (0x00BF1F13) slli x30, x30, 0xb                      inst_213+16
x30 <- 0x000CCCCCCCCCC800

mem[X,0x00000000800020A8] -> 0x0F13
mem[X,0x00000000800020AA] -> 0x4CCF
[2091] [M]: 0x00000000800020A8 (0x4CCF0F13) addi x30, x30, 0x4cc                    inst_213+20
x30 <- 0x000CCCCCCCCCCCCC

clint mtime 0x0000000000000416 (mip.MTI <- 0b1, mip.STI <- 0b0)
mem[X,0x00000000800020AC] -> 0x1F13
mem[X,0x00000000800020AE] -> 0x00AF
[2092] [M]: 0x00000000800020AC (0x00AF1F13) slli x30, x30, 0xa                      inst_213+24
x30 <- 0x3333333333333000

mem[X,0x00000000800020B0] -> 0x0F13
mem[X,0x00000000800020B2] -> 0x332F
[2093] [M]: 0x00000000800020B0 (0x332F0F13) addi x30, x30, 0x332                    inst_213+28
x30 <- 0x3333333333333332

clint mtime 0x0000000000000417 (mip.MTI <- 0b1, mip.STI <- 0b0)
mem[X,0x00000000800020B4] -> 0x6F93
mem[X,0x00000000800020B6] -> 0xFD3F
[2094] [M]: 0x00000000800020B4 (0xFD3F6F93) ori x31, x30, -0x2d                     inst_213+32
x31 <- 0xFFFFFFFFFFFFFFF3

mem[X,0x00000000800020B8] -> 0xBC23
mem[X,0x00000000800020BA] -> 0x5DF3
[2095] [M]: 0x00000000800020B8 (0x5DF3BC23) sd x31, 0x5d8(x7)                       inst_213+36
mem[W,0x00000000800067C0] <- 0xFFFFFFFFFFFFFFF3

clint mtime 0x0000000000000418 (mip.MTI <- 0b1, mip.STI <- 0b0)
mem[X,0x00000000800020BC] -> 0x3F37
mem[X,0x00000000800020BE] -> 0x3333
[2096] [M]: 0x00000000800020BC (0x33333F37) lui x30, 0x33333                        inst_214+0
x30 <- 0x0000000033333000

mem[X,0x00000000800020C0] -> 0x0F13
mem[X,0x00000000800020C2] -> 0x333F
[2097] [M]: 0x00000000800020C0 (0x333F0F13) addi x30, x30, 0x333                    inst_214+4
x30 <- 0x0000000033333333

clint mtime 0x0000000000000419 (mip.MTI <- 0b1, mip.STI <- 0b0)
mem[X,0x00000000800020C4] -> 0x1F13
mem[X,0x00000000800020C6] -> 0x00BF
[2098] [M]: 0x00000000800020C4 (0x00BF1F13) slli x30, x30, 0xb                      inst_214+8
x30 <- 0x0000019999999800

mem[X,0x00000000800020C8] -> 0x0F13
mem[X,0x00000000800020CA] -> 0x199F
[2099] [M]: 0x00000000800020C8 (0x199F0F13) addi x30, x30, 0x199                    inst_214+12
x30 <- 0x0000019999999999

clint mtime 0x000000000000041A (mip.MTI <- 0b1, mip.STI <- 0b0)
mem[X,0x00000000800020CC] -> 0x1F13
mem[X,0x00000000800020CE] -> 0x00BF
[2100] [M]: 0x00000000800020CC (0x00BF1F13) slli x30, x30, 0xb                      inst_214+16
x30 <- 0x000CCCCCCCCCC800

mem[X,0x00000000800020D0] -> 0x0F13
mem[X,0x00000000800020D2] -> 0x4CCF
[2101] [M]: 0x00000000800020D0 (0x4CCF0F13) addi x30, x30, 0x4cc                    inst_214+20
x30 <- 0x000CCCCCCCCCCCCC

clint mtime 0x000000000000041B (mip.MTI <- 0b1, mip.STI <- 0b0)
mem[X,0x00000000800020D4] -> 0x1F13
mem[X,0x00000000800020D6] -> 0x00AF
[2102] [M]: 0x00000000800020D4 (0x00AF1F13) slli x30, x30, 0xa                      inst_214+24
x30 <- 0x3333333333333000

mem[X,0x00000000800020D8] -> 0x0F13
mem[X,0x00000000800020DA] -> 0x332F
[2103] [M]: 0x00000000800020D8 (0x332F0F13) addi x30, x30, 0x332                    inst_214+28
x30 <- 0x3333333333333332

clint mtime 0x000000000000041C (mip.MTI <- 0b1, mip.STI <- 0b0)
mem[X,0x00000000800020DC] -> 0x6F93
mem[X,0x00000000800020DE] -> 0x666F
[2104] [M]: 0x00000000800020DC (0x666F6F93) ori x31, x30, 0x666                     inst_214+32
x31 <- 0x3333333333333776

mem[X,0x00000000800020E0] -> 0xB023
mem[X,0x00000000800020E2] -> 0x5FF3
[2105] [M]: 0x00000000800020E0 (0x5FF3B023) sd x31, 0x5e0(x7)                       inst_214+36
mem[W,0x00000000800067C8] <- 0x3333333333333776

clint mtime 0x000000000000041D (mip.MTI <- 0b1, mip.STI <- 0b0)
mem[X,0x00000000800020E4] -> 0x3F37
mem[X,0x00000000800020E6] -> 0x3333
[2106] [M]: 0x00000000800020E4 (0x33333F37) lui x30, 0x33333                        inst_215+0
x30 <- 0x0000000033333000

mem[X,0x00000000800020E8] -> 0x0F13
mem[X,0x00000000800020EA] -> 0x333F
[2107] [M]: 0x00000000800020E8 (0x333F0F13) addi x30, x30, 0x333                    inst_215+4
x30 <- 0x0000000033333333

clint mtime 0x000000000000041E (mip.MTI <- 0b1, mip.STI <- 0b0)
mem[X,0x00000000800020EC] -> 0x1F13
mem[X,0x00000000800020EE] -> 0x00BF
[2108] [M]: 0x00000000800020EC (0x00BF1F13) slli x30, x30, 0xb                      inst_215+8
x30 <- 0x0000019999999800

mem[X,0x00000000800020F0] -> 0x0F13
mem[X,0x00000000800020F2] -> 0x199F
[2109] [M]: 0x00000000800020F0 (0x199F0F13) addi x30, x30, 0x199                    inst_215+12
x30 <- 0x0000019999999999

clint mtime 0x000000000000041F (mip.MTI <- 0b1, mip.STI <- 0b0)
mem[X,0x00000000800020F4] -> 0x1F13
mem[X,0x00000000800020F6] -> 0x00BF
[2110] [M]: 0x00000000800020F4 (0x00BF1F13) slli x30, x30, 0xb                      inst_215+16
x30 <- 0x000CCCCCCCCCC800

mem[X,0x00000000800020F8] -> 0x0F13
mem[X,0x00000000800020FA] -> 0x4CCF
[2111] [M]: 0x00000000800020F8 (0x4CCF0F13) addi x30, x30, 0x4cc                    inst_215+20
x30 <- 0x000CCCCCCCCCCCCC

clint mtime 0x0000000000000420 (mip.MTI <- 0b1, mip.STI <- 0b0)
mem[X,0x00000000800020FC] -> 0x1F13
mem[X,0x00000000800020FE] -> 0x00AF
[2112] [M]: 0x00000000800020FC (0x00AF1F13) slli x30, x30, 0xa                      inst_215+24
x30 <- 0x3333333333333000

mem[X,0x0000000080002100] -> 0x0F13
mem[X,0x0000000080002102] -> 0x332F
[2113] [M]: 0x0000000080002100 (0x332F0F13) addi x30, x30, 0x332                    inst_215+28
x30 <- 0x3333333333333332

clint mtime 0x0000000000000421 (mip.MTI <- 0b1, mip.STI <- 0b0)
mem[X,0x0000000080002104] -> 0x6F93
mem[X,0x0000000080002106] -> 0x333F
[2114] [M]: 0x0000000080002104 (0x333F6F93) ori x31, x30, 0x333                     inst_215+32
x31 <- 0x3333333333333333

mem[X,0x0000000080002108] -> 0xB423
mem[X,0x000000008000210A] -> 0x5FF3
[2115] [M]: 0x0000000080002108 (0x5FF3B423) sd x31, 0x5e8(x7)                       inst_215+36
mem[W,0x00000000800067D0] <- 0x3333333333333333

clint mtime 0x0000000000000422 (mip.MTI <- 0b1, mip.STI <- 0b0)
mem[X,0x000000008000210C] -> 0x3F37
mem[X,0x000000008000210E] -> 0x3333
[2116] [M]: 0x000000008000210C (0x33333F37) lui x30, 0x33333                        inst_216+0
x30 <- 0x0000000033333000

mem[X,0x0000000080002110] -> 0x0F13
mem[X,0x0000000080002112] -> 0x333F
[2117] [M]: 0x0000000080002110 (0x333F0F13) addi x30, x30, 0x333                    inst_216+4
x30 <- 0x0000000033333333

clint mtime 0x0000000000000423 (mip.MTI <- 0b1, mip.STI <- 0b0)
mem[X,0x0000000080002114] -> 0x1F13
mem[X,0x0000000080002116] -> 0x00BF
[2118] [M]: 0x0000000080002114 (0x00BF1F13) slli x30, x30, 0xb                      inst_216+8
x30 <- 0x0000019999999800

mem[X,0x0000000080002118] -> 0x0F13
mem[X,0x000000008000211A] -> 0x199F
[2119] [M]: 0x0000000080002118 (0x199F0F13) addi x30, x30, 0x199                    inst_216+12
x30 <- 0x0000019999999999

clint mtime 0x0000000000000424 (mip.MTI <- 0b1, mip.STI <- 0b0)
mem[X,0x000000008000211C] -> 0x1F13
mem[X,0x000000008000211E] -> 0x00BF
[2120] [M]: 0x000000008000211C (0x00BF1F13) slli x30, x30, 0xb                      inst_216+16
x30 <- 0x000CCCCCCCCCC800

mem[X,0x0000000080002120] -> 0x0F13
mem[X,0x0000000080002122] -> 0x4CCF
[2121] [M]: 0x0000000080002120 (0x4CCF0F13) addi x30, x30, 0x4cc                    inst_216+20
x30 <- 0x000CCCCCCCCCCCCC

clint mtime 0x0000000000000425 (mip.MTI <- 0b1, mip.STI <- 0b0)
mem[X,0x0000000080002124] -> 0x1F13
mem[X,0x0000000080002126] -> 0x00AF
[2122] [M]: 0x0000000080002124 (0x00AF1F13) slli x30, x30, 0xa                      inst_216+24
x30 <- 0x3333333333333000

mem[X,0x0000000080002128] -> 0x0F13
mem[X,0x000000008000212A] -> 0x332F
[2123] [M]: 0x0000000080002128 (0x332F0F13) addi x30, x30, 0x332                    inst_216+28
x30 <- 0x3333333333333332

clint mtime 0x0000000000000426 (mip.MTI <- 0b1, mip.STI <- 0b0)
mem[X,0x000000008000212C] -> 0x6F93
mem[X,0x000000008000212E] -> 0x005F
[2124] [M]: 0x000000008000212C (0x005F6F93) ori x31, x30, 0x5                       inst_216+32
x31 <- 0x3333333333333337

mem[X,0x0000000080002130] -> 0xB823
mem[X,0x0000000080002132] -> 0x5FF3
[2125] [M]: 0x0000000080002130 (0x5FF3B823) sd x31, 0x5f0(x7)                       inst_216+36
mem[W,0x00000000800067D8] <- 0x3333333333333337

clint mtime 0x0000000000000427 (mip.MTI <- 0b1, mip.STI <- 0b0)
mem[X,0x0000000080002134] -> 0x3F37
mem[X,0x0000000080002136] -> 0x3333
[2126] [M]: 0x0000000080002134 (0x33333F37) lui x30, 0x33333                        inst_217+0
x30 <- 0x0000000033333000

mem[X,0x0000000080002138] -> 0x0F13
mem[X,0x000000008000213A] -> 0x333F
[2127] [M]: 0x0000000080002138 (0x333F0F13) addi x30, x30, 0x333                    inst_217+4
x30 <- 0x0000000033333333

clint mtime 0x0000000000000428 (mip.MTI <- 0b1, mip.STI <- 0b0)
mem[X,0x000000008000213C] -> 0x1F13
mem[X,0x000000008000213E] -> 0x00BF
[2128] [M]: 0x000000008000213C (0x00BF1F13) slli x30, x30, 0xb                      inst_217+8
x30 <- 0x0000019999999800

mem[X,0x0000000080002140] -> 0x0F13
mem[X,0x0000000080002142] -> 0x199F
[2129] [M]: 0x0000000080002140 (0x199F0F13) addi x30, x30, 0x199                    inst_217+12
x30 <- 0x0000019999999999

clint mtime 0x0000000000000429 (mip.MTI <- 0b1, mip.STI <- 0b0)
mem[X,0x0000000080002144] -> 0x1F13
mem[X,0x0000000080002146] -> 0x00BF
[2130] [M]: 0x0000000080002144 (0x00BF1F13) slli x30, x30, 0xb                      inst_217+16
x30 <- 0x000CCCCCCCCCC800

mem[X,0x0000000080002148] -> 0x0F13
mem[X,0x000000008000214A] -> 0x4CCF
[2131] [M]: 0x0000000080002148 (0x4CCF0F13) addi x30, x30, 0x4cc                    inst_217+20
x30 <- 0x000CCCCCCCCCCCCC

clint mtime 0x000000000000042A (mip.MTI <- 0b1, mip.STI <- 0b0)
mem[X,0x000000008000214C] -> 0x1F13
mem[X,0x000000008000214E] -> 0x00AF
[2132] [M]: 0x000000008000214C (0x00AF1F13) slli x30, x30, 0xa                      inst_217+24
x30 <- 0x3333333333333000

mem[X,0x0000000080002150] -> 0x0F13
mem[X,0x0000000080002152] -> 0x332F
[2133] [M]: 0x0000000080002150 (0x332F0F13) addi x30, x30, 0x332                    inst_217+28
x30 <- 0x3333333333333332

clint mtime 0x000000000000042B (mip.MTI <- 0b1, mip.STI <- 0b0)
mem[X,0x0000000080002154] -> 0x6F93
mem[X,0x0000000080002156] -> 0xAAAF
[2134] [M]: 0x0000000080002154 (0xAAAF6F93) ori x31, x30, -0x556                    inst_217+32
x31 <- 0xFFFFFFFFFFFFFBBA

mem[X,0x0000000080002158] -> 0xBC23
mem[X,0x000000008000215A] -> 0x5FF3
[2135] [M]: 0x0000000080002158 (0x5FF3BC23) sd x31, 0x5f8(x7)                       inst_217+36
mem[W,0x00000000800067E0] <- 0xFFFFFFFFFFFFFBBA

clint mtime 0x000000000000042C (mip.MTI <- 0b1, mip.STI <- 0b0)
mem[X,0x000000008000215C] -> 0x3F37
mem[X,0x000000008000215E] -> 0x3333
[2136] [M]: 0x000000008000215C (0x33333F37) lui x30, 0x33333                        inst_218+0
x30 <- 0x0000000033333000

mem[X,0x0000000080002160] -> 0x0F13
mem[X,0x0000000080002162] -> 0x333F
[2137] [M]: 0x0000000080002160 (0x333F0F13) addi x30, x30, 0x333                    inst_218+4
x30 <- 0x0000000033333333

clint mtime 0x000000000000042D (mip.MTI <- 0b1, mip.STI <- 0b0)
mem[X,0x0000000080002164] -> 0x1F13
mem[X,0x0000000080002166] -> 0x00BF
[2138] [M]: 0x0000000080002164 (0x00BF1F13) slli x30, x30, 0xb                      inst_218+8
x30 <- 0x0000019999999800

mem[X,0x0000000080002168] -> 0x0F13
mem[X,0x000000008000216A] -> 0x199F
[2139] [M]: 0x0000000080002168 (0x199F0F13) addi x30, x30, 0x199                    inst_218+12
x30 <- 0x0000019999999999

clint mtime 0x000000000000042E (mip.MTI <- 0b1, mip.STI <- 0b0)
mem[X,0x000000008000216C] -> 0x1F13
mem[X,0x000000008000216E] -> 0x00BF
[2140] [M]: 0x000000008000216C (0x00BF1F13) slli x30, x30, 0xb                      inst_218+16
x30 <- 0x000CCCCCCCCCC800

mem[X,0x0000000080002170] -> 0x0F13
mem[X,0x0000000080002172] -> 0x4CCF
[2141] [M]: 0x0000000080002170 (0x4CCF0F13) addi x30, x30, 0x4cc                    inst_218+20
x30 <- 0x000CCCCCCCCCCCCC

clint mtime 0x000000000000042F (mip.MTI <- 0b1, mip.STI <- 0b0)
mem[X,0x0000000080002174] -> 0x1F13
mem[X,0x0000000080002176] -> 0x00AF
[2142] [M]: 0x0000000080002174 (0x00AF1F13) slli x30, x30, 0xa                      inst_218+24
x30 <- 0x3333333333333000

mem[X,0x0000000080002178] -> 0x0F13
mem[X,0x000000008000217A] -> 0x332F
[2143] [M]: 0x0000000080002178 (0x332F0F13) addi x30, x30, 0x332                    inst_218+28
x30 <- 0x3333333333333332

clint mtime 0x0000000000000430 (mip.MTI <- 0b1, mip.STI <- 0b0)
mem[X,0x000000008000217C] -> 0x6F93
mem[X,0x000000008000217E] -> 0x555F
[2144] [M]: 0x000000008000217C (0x555F6F93) ori x31, x30, 0x555                     inst_218+32
x31 <- 0x3333333333333777

mem[X,0x0000000080002180] -> 0xB023
mem[X,0x0000000080002182] -> 0x61F3
[2145] [M]: 0x0000000080002180 (0x61F3B023) sd x31, 0x600(x7)                       inst_218+36
mem[W,0x00000000800067E8] <- 0x3333333333333777

clint mtime 0x0000000000000431 (mip.MTI <- 0b1, mip.STI <- 0b0)
mem[X,0x0000000080002184] -> 0x3F37
mem[X,0x0000000080002186] -> 0x3333
[2146] [M]: 0x0000000080002184 (0x33333F37) lui x30, 0x33333                        inst_219+0
x30 <- 0x0000000033333000

mem[X,0x0000000080002188] -> 0x0F13
mem[X,0x000000008000218A] -> 0x333F
[2147] [M]: 0x0000000080002188 (0x333F0F13) addi x30, x30, 0x333                    inst_219+4
x30 <- 0x0000000033333333

clint mtime 0x0000000000000432 (mip.MTI <- 0b1, mip.STI <- 0b0)
mem[X,0x000000008000218C] -> 0x1F13
mem[X,0x000000008000218E] -> 0x00BF
[2148] [M]: 0x000000008000218C (0x00BF1F13) slli x30, x30, 0xb                      inst_219+8
x30 <- 0x0000019999999800

mem[X,0x0000000080002190] -> 0x0F13
mem[X,0x0000000080002192] -> 0x199F
[2149] [M]: 0x0000000080002190 (0x199F0F13) addi x30, x30, 0x199                    inst_219+12
x30 <- 0x0000019999999999

clint mtime 0x0000000000000433 (mip.MTI <- 0b1, mip.STI <- 0b0)
mem[X,0x0000000080002194] -> 0x1F13
mem[X,0x0000000080002196] -> 0x00BF
[2150] [M]: 0x0000000080002194 (0x00BF1F13) slli x30, x30, 0xb                      inst_219+16
x30 <- 0x000CCCCCCCCCC800

mem[X,0x0000000080002198] -> 0x0F13
mem[X,0x000000008000219A] -> 0x4CCF
[2151] [M]: 0x0000000080002198 (0x4CCF0F13) addi x30, x30, 0x4cc                    inst_219+20
x30 <- 0x000CCCCCCCCCCCCC

clint mtime 0x0000000000000434 (mip.MTI <- 0b1, mip.STI <- 0b0)
mem[X,0x000000008000219C] -> 0x1F13
mem[X,0x000000008000219E] -> 0x00AF
[2152] [M]: 0x000000008000219C (0x00AF1F13) slli x30, x30, 0xa                      inst_219+24
x30 <- 0x3333333333333000

mem[X,0x00000000800021A0] -> 0x0F13
mem[X,0x00000000800021A2] -> 0x332F
[2153] [M]: 0x00000000800021A0 (0x332F0F13) addi x30, x30, 0x332                    inst_219+28
x30 <- 0x3333333333333332

clint mtime 0x0000000000000435 (mip.MTI <- 0b1, mip.STI <- 0b0)
mem[X,0x00000000800021A4] -> 0x6F93
mem[X,0x00000000800021A6] -> 0x003F
[2154] [M]: 0x00000000800021A4 (0x003F6F93) ori x31, x30, 0x3                       inst_219+32
x31 <- 0x3333333333333333

mem[X,0x00000000800021A8] -> 0xB423
mem[X,0x00000000800021AA] -> 0x61F3
[2155] [M]: 0x00000000800021A8 (0x61F3B423) sd x31, 0x608(x7)                       inst_219+36
mem[W,0x00000000800067F0] <- 0x3333333333333333

clint mtime 0x0000000000000436 (mip.MTI <- 0b1, mip.STI <- 0b0)
mem[X,0x00000000800021AC] -> 0x0F13
mem[X,0x00000000800021AE] -> 0x0040
[2156] [M]: 0x00000000800021AC (0x00400F13) addi x30, x0, 0x4                       inst_220+0
x30 <- 0x0000000000000004

mem[X,0x00000000800021B0] -> 0x6F93
mem[X,0x00000000800021B2] -> 0x02EF
[2157] [M]: 0x00000000800021B0 (0x02EF6F93) ori x31, x30, 0x2e                      inst_220+4
x31 <- 0x000000000000002E

clint mtime 0x0000000000000437 (mip.MTI <- 0b1, mip.STI <- 0b0)
mem[X,0x00000000800021B4] -> 0xB823
mem[X,0x00000000800021B6] -> 0x61F3
[2158] [M]: 0x00000000800021B4 (0x61F3B823) sd x31, 0x610(x7)                       inst_220+8
mem[W,0x00000000800067F8] <- 0x000000000000002E

mem[X,0x00000000800021B8] -> 0x0F13
mem[X,0x00000000800021BA] -> 0x0040
[2159] [M]: 0x00000000800021B8 (0x00400F13) addi x30, x0, 0x4                       inst_221+0
x30 <- 0x0000000000000004

clint mtime 0x0000000000000438 (mip.MTI <- 0b1, mip.STI <- 0b0)
mem[X,0x00000000800021BC] -> 0x6F93
mem[X,0x00000000800021BE] -> 0xFD4F
[2160] [M]: 0x00000000800021BC (0xFD4F6F93) ori x31, x30, -0x2c                     inst_221+4
x31 <- 0xFFFFFFFFFFFFFFD4

mem[X,0x00000000800021C0] -> 0xBC23
mem[X,0x00000000800021C2] -> 0x61F3
[2161] [M]: 0x00000000800021C0 (0x61F3BC23) sd x31, 0x618(x7)                       inst_221+8
mem[W,0x0000000080006800] <- 0xFFFFFFFFFFFFFFD4

clint mtime 0x0000000000000439 (mip.MTI <- 0b1, mip.STI <- 0b0)
mem[X,0x00000000800021C4] -> 0x0F13
mem[X,0x00000000800021C6] -> 0x0040
[2162] [M]: 0x00000000800021C4 (0x00400F13) addi x30, x0, 0x4                       inst_222+0
x30 <- 0x0000000000000004

mem[X,0x00000000800021C8] -> 0x6F93
mem[X,0x00000000800021CA] -> 0x667F
[2163] [M]: 0x00000000800021C8 (0x667F6F93) ori x31, x30, 0x667                     inst_222+4
x31 <- 0x0000000000000667

clint mtime 0x000000000000043A (mip.MTI <- 0b1, mip.STI <- 0b0)
mem[X,0x00000000800021CC] -> 0xB023
mem[X,0x00000000800021CE] -> 0x63F3
[2164] [M]: 0x00000000800021CC (0x63F3B023) sd x31, 0x620(x7)                       inst_222+8
mem[W,0x0000000080006808] <- 0x0000000000000667

mem[X,0x00000000800021D0] -> 0x0F13
mem[X,0x00000000800021D2] -> 0x0040
[2165] [M]: 0x00000000800021D0 (0x00400F13) addi x30, x0, 0x4                       inst_223+0
x30 <- 0x0000000000000004

clint mtime 0x000000000000043B (mip.MTI <- 0b1, mip.STI <- 0b0)
mem[X,0x00000000800021D4] -> 0x6F93
mem[X,0x00000000800021D6] -> 0x334F
[2166] [M]: 0x00000000800021D4 (0x334F6F93) ori x31, x30, 0x334                     inst_223+4
x31 <- 0x0000000000000334

mem[X,0x00000000800021D8] -> 0xB423
mem[X,0x00000000800021DA] -> 0x63F3
[2167] [M]: 0x00000000800021D8 (0x63F3B423) sd x31, 0x628(x7)                       inst_223+8
mem[W,0x0000000080006810] <- 0x0000000000000334

clint mtime 0x000000000000043C (mip.MTI <- 0b1, mip.STI <- 0b0)
mem[X,0x00000000800021DC] -> 0x0F13
mem[X,0x00000000800021DE] -> 0x0040
[2168] [M]: 0x00000000800021DC (0x00400F13) addi x30, x0, 0x4                       inst_224+0
x30 <- 0x0000000000000004

mem[X,0x00000000800021E0] -> 0x6F93
mem[X,0x00000000800021E2] -> 0x006F
[2169] [M]: 0x00000000800021E0 (0x006F6F93) ori x31, x30, 0x6                       inst_224+4
x31 <- 0x0000000000000006

clint mtime 0x000000000000043D (mip.MTI <- 0b1, mip.STI <- 0b0)
mem[X,0x00000000800021E4] -> 0xB823
mem[X,0x00000000800021E6] -> 0x63F3
[2170] [M]: 0x00000000800021E4 (0x63F3B823) sd x31, 0x630(x7)                       inst_224+8
mem[W,0x0000000080006818] <- 0x0000000000000006

mem[X,0x00000000800021E8] -> 0x0F13
mem[X,0x00000000800021EA] -> 0x0040
[2171] [M]: 0x00000000800021E8 (0x00400F13) addi x30, x0, 0x4                       inst_225+0
x30 <- 0x0000000000000004

clint mtime 0x000000000000043E (mip.MTI <- 0b1, mip.STI <- 0b0)
mem[X,0x00000000800021EC] -> 0x6F93
mem[X,0x00000000800021EE] -> 0xAABF
[2172] [M]: 0x00000000800021EC (0xAABF6F93) ori x31, x30, -0x555                    inst_225+4
x31 <- 0xFFFFFFFFFFFFFAAF

mem[X,0x00000000800021F0] -> 0xBC23
mem[X,0x00000000800021F2] -> 0x63F3
[2173] [M]: 0x00000000800021F0 (0x63F3BC23) sd x31, 0x638(x7)                       inst_225+8
mem[W,0x0000000080006820] <- 0xFFFFFFFFFFFFFAAF

clint mtime 0x000000000000043F (mip.MTI <- 0b1, mip.STI <- 0b0)
mem[X,0x00000000800021F4] -> 0x0F13
mem[X,0x00000000800021F6] -> 0x0040
[2174] [M]: 0x00000000800021F4 (0x00400F13) addi x30, x0, 0x4                       inst_226+0
x30 <- 0x0000000000000004

mem[X,0x00000000800021F8] -> 0x6F93
mem[X,0x00000000800021FA] -> 0x556F
[2175] [M]: 0x00000000800021F8 (0x556F6F93) ori x31, x30, 0x556                     inst_226+4
x31 <- 0x0000000000000556

clint mtime 0x0000000000000440 (mip.MTI <- 0b1, mip.STI <- 0b0)
mem[X,0x00000000800021FC] -> 0xB023
mem[X,0x00000000800021FE] -> 0x65F3
[2176] [M]: 0x00000000800021FC (0x65F3B023) sd x31, 0x640(x7)                       inst_226+8
mem[W,0x0000000080006828] <- 0x0000000000000556

mem[X,0x0000000080002200] -> 0x0F13
mem[X,0x0000000080002202] -> 0x0040
[2177] [M]: 0x0000000080002200 (0x00400F13) addi x30, x0, 0x4                       inst_227+0
x30 <- 0x0000000000000004

clint mtime 0x0000000000000441 (mip.MTI <- 0b1, mip.STI <- 0b0)
mem[X,0x0000000080002204] -> 0x6F93
mem[X,0x0000000080002206] -> 0x02CF
[2178] [M]: 0x0000000080002204 (0x02CF6F93) ori x31, x30, 0x2c                      inst_227+4
x31 <- 0x000000000000002C

mem[X,0x0000000080002208] -> 0xB423
mem[X,0x000000008000220A] -> 0x65F3
[2179] [M]: 0x0000000080002208 (0x65F3B423) sd x31, 0x648(x7)                       inst_227+8
mem[W,0x0000000080006830] <- 0x000000000000002C

clint mtime 0x0000000000000442 (mip.MTI <- 0b1, mip.STI <- 0b0)
mem[X,0x000000008000220C] -> 0x0F13
mem[X,0x000000008000220E] -> 0x0040
[2180] [M]: 0x000000008000220C (0x00400F13) addi x30, x0, 0x4                       inst_228+0
x30 <- 0x0000000000000004

mem[X,0x0000000080002210] -> 0x6F93
mem[X,0x0000000080002212] -> 0x665F
[2181] [M]: 0x0000000080002210 (0x665F6F93) ori x31, x30, 0x665                     inst_228+4
x31 <- 0x0000000000000665

clint mtime 0x0000000000000443 (mip.MTI <- 0b1, mip.STI <- 0b0)
mem[X,0x0000000080002214] -> 0xB823
mem[X,0x0000000080002216] -> 0x65F3
[2182] [M]: 0x0000000080002214 (0x65F3B823) sd x31, 0x650(x7)                       inst_228+8
mem[W,0x0000000080006838] <- 0x0000000000000665

mem[X,0x0000000080002218] -> 0x0F13
mem[X,0x000000008000221A] -> 0x0040
[2183] [M]: 0x0000000080002218 (0x00400F13) addi x30, x0, 0x4                       inst_229+0
x30 <- 0x0000000000000004

clint mtime 0x0000000000000444 (mip.MTI <- 0b1, mip.STI <- 0b0)
mem[X,0x000000008000221C] -> 0x6F93
mem[X,0x000000008000221E] -> 0x332F
[2184] [M]: 0x000000008000221C (0x332F6F93) ori x31, x30, 0x332                     inst_229+4
x31 <- 0x0000000000000336

mem[X,0x0000000080002220] -> 0xBC23
mem[X,0x0000000080002222] -> 0x65F3
[2185] [M]: 0x0000000080002220 (0x65F3BC23) sd x31, 0x658(x7)                       inst_229+8
mem[W,0x0000000080006840] <- 0x0000000000000336

clint mtime 0x0000000000000445 (mip.MTI <- 0b1, mip.STI <- 0b0)
mem[X,0x0000000080002224] -> 0x0F13
mem[X,0x0000000080002226] -> 0x0040
[2186] [M]: 0x0000000080002224 (0x00400F13) addi x30, x0, 0x4                       inst_230+0
x30 <- 0x0000000000000004

mem[X,0x0000000080002228] -> 0x6F93
mem[X,0x000000008000222A] -> 0x004F
[2187] [M]: 0x0000000080002228 (0x004F6F93) ori x31, x30, 0x4                       inst_230+4
x31 <- 0x0000000000000004

clint mtime 0x0000000000000446 (mip.MTI <- 0b1, mip.STI <- 0b0)
mem[X,0x000000008000222C] -> 0xB023
mem[X,0x000000008000222E] -> 0x67F3
[2188] [M]: 0x000000008000222C (0x67F3B023) sd x31, 0x660(x7)                       inst_230+8
mem[W,0x0000000080006848] <- 0x0000000000000004

mem[X,0x0000000080002230] -> 0x0F13
mem[X,0x0000000080002232] -> 0x0040
[2189] [M]: 0x0000000080002230 (0x00400F13) addi x30, x0, 0x4                       inst_231+0
x30 <- 0x0000000000000004

clint mtime 0x0000000000000447 (mip.MTI <- 0b1, mip.STI <- 0b0)
mem[X,0x0000000080002234] -> 0x6F93
mem[X,0x0000000080002236] -> 0x000F
[2190] [M]: 0x0000000080002234 (0x000F6F93) ori x31, x30, 0x0                       inst_231+4
x31 <- 0x0000000000000004

mem[X,0x0000000080002238] -> 0xB423
mem[X,0x000000008000223A] -> 0x67F3
[2191] [M]: 0x0000000080002238 (0x67F3B423) sd x31, 0x668(x7)                       inst_231+8
mem[W,0x0000000080006850] <- 0x0000000000000004

clint mtime 0x0000000000000448 (mip.MTI <- 0b1, mip.STI <- 0b0)
mem[X,0x000000008000223C] -> 0x0F13
mem[X,0x000000008000223E] -> 0x0040
[2192] [M]: 0x000000008000223C (0x00400F13) addi x30, x0, 0x4                       inst_232+0
x30 <- 0x0000000000000004

mem[X,0x0000000080002240] -> 0x6F93
mem[X,0x0000000080002242] -> 0x554F
[2193] [M]: 0x0000000080002240 (0x554F6F93) ori x31, x30, 0x554                     inst_232+4
x31 <- 0x0000000000000554

clint mtime 0x0000000000000449 (mip.MTI <- 0b1, mip.STI <- 0b0)
mem[X,0x0000000080002244] -> 0xB823
mem[X,0x0000000080002246] -> 0x67F3
[2194] [M]: 0x0000000080002244 (0x67F3B823) sd x31, 0x670(x7)                       inst_232+8
mem[W,0x0000000080006858] <- 0x0000000000000554

mem[X,0x0000000080002248] -> 0x0F13
mem[X,0x000000008000224A] -> 0x0040
[2195] [M]: 0x0000000080002248 (0x00400F13) addi x30, x0, 0x4                       inst_233+0
x30 <- 0x0000000000000004

clint mtime 0x000000000000044A (mip.MTI <- 0b1, mip.STI <- 0b0)
mem[X,0x000000008000224C] -> 0x6F93
mem[X,0x000000008000224E] -> 0x002F
[2196] [M]: 0x000000008000224C (0x002F6F93) ori x31, x30, 0x2                       inst_233+4
x31 <- 0x0000000000000006

mem[X,0x0000000080002250] -> 0xBC23
mem[X,0x0000000080002252] -> 0x67F3
[2197] [M]: 0x0000000080002250 (0x67F3BC23) sd x31, 0x678(x7)                       inst_233+8
mem[W,0x0000000080006860] <- 0x0000000000000006

clint mtime 0x000000000000044B (mip.MTI <- 0b1, mip.STI <- 0b0)
mem[X,0x0000000080002254] -> 0x0F13
mem[X,0x0000000080002256] -> 0x0040
[2198] [M]: 0x0000000080002254 (0x00400F13) addi x30, x0, 0x4                       inst_234+0
x30 <- 0x0000000000000004

mem[X,0x0000000080002258] -> 0x6F93
mem[X,0x000000008000225A] -> 0x02DF
[2199] [M]: 0x0000000080002258 (0x02DF6F93) ori x31, x30, 0x2d                      inst_234+4
x31 <- 0x000000000000002D

clint mtime 0x000000000000044C (mip.MTI <- 0b1, mip.STI <- 0b0)
mem[X,0x000000008000225C] -> 0xB023
mem[X,0x000000008000225E] -> 0x69F3
[2200] [M]: 0x000000008000225C (0x69F3B023) sd x31, 0x680(x7)                       inst_234+8
mem[W,0x0000000080006868] <- 0x000000000000002D

mem[X,0x0000000080002260] -> 0x0F13
mem[X,0x0000000080002262] -> 0x0040
[2201] [M]: 0x0000000080002260 (0x00400F13) addi x30, x0, 0x4                       inst_235+0
x30 <- 0x0000000000000004

clint mtime 0x000000000000044D (mip.MTI <- 0b1, mip.STI <- 0b0)
mem[X,0x0000000080002264] -> 0x6F93
mem[X,0x0000000080002266] -> 0xFD3F
[2202] [M]: 0x0000000080002264 (0xFD3F6F93) ori x31, x30, -0x2d                     inst_235+4
x31 <- 0xFFFFFFFFFFFFFFD7

mem[X,0x0000000080002268] -> 0xB423
mem[X,0x000000008000226A] -> 0x69F3
[2203] [M]: 0x0000000080002268 (0x69F3B423) sd x31, 0x688(x7)                       inst_235+8
mem[W,0x0000000080006870] <- 0xFFFFFFFFFFFFFFD7

clint mtime 0x000000000000044E (mip.MTI <- 0b1, mip.STI <- 0b0)
mem[X,0x000000008000226C] -> 0x0F13
mem[X,0x000000008000226E] -> 0x0040
[2204] [M]: 0x000000008000226C (0x00400F13) addi x30, x0, 0x4                       inst_236+0
x30 <- 0x0000000000000004

mem[X,0x0000000080002270] -> 0x6F93
mem[X,0x0000000080002272] -> 0x666F
[2205] [M]: 0x0000000080002270 (0x666F6F93) ori x31, x30, 0x666                     inst_236+4
x31 <- 0x0000000000000666

clint mtime 0x000000000000044F (mip.MTI <- 0b1, mip.STI <- 0b0)
mem[X,0x0000000080002274] -> 0xB823
mem[X,0x0000000080002276] -> 0x69F3
[2206] [M]: 0x0000000080002274 (0x69F3B823) sd x31, 0x690(x7)                       inst_236+8
mem[W,0x0000000080006878] <- 0x0000000000000666

mem[X,0x0000000080002278] -> 0x0F13
mem[X,0x000000008000227A] -> 0x0040
[2207] [M]: 0x0000000080002278 (0x00400F13) addi x30, x0, 0x4                       inst_237+0
x30 <- 0x0000000000000004

clint mtime 0x0000000000000450 (mip.MTI <- 0b1, mip.STI <- 0b0)
mem[X,0x000000008000227C] -> 0x6F93
mem[X,0x000000008000227E] -> 0x333F
[2208] [M]: 0x000000008000227C (0x333F6F93) ori x31, x30, 0x333                     inst_237+4
x31 <- 0x0000000000000337

mem[X,0x0000000080002280] -> 0xBC23
mem[X,0x0000000080002282] -> 0x69F3
[2209] [M]: 0x0000000080002280 (0x69F3BC23) sd x31, 0x698(x7)                       inst_237+8
mem[W,0x0000000080006880] <- 0x0000000000000337

clint mtime 0x0000000000000451 (mip.MTI <- 0b1, mip.STI <- 0b0)
mem[X,0x0000000080002284] -> 0x0F13
mem[X,0x0000000080002286] -> 0x0040
[2210] [M]: 0x0000000080002284 (0x00400F13) addi x30, x0, 0x4                       inst_238+0
x30 <- 0x0000000000000004

mem[X,0x0000000080002288] -> 0x6F93
mem[X,0x000000008000228A] -> 0x005F
[2211] [M]: 0x0000000080002288 (0x005F6F93) ori x31, x30, 0x5                       inst_238+4
x31 <- 0x0000000000000005

clint mtime 0x0000000000000452 (mip.MTI <- 0b1, mip.STI <- 0b0)
mem[X,0x000000008000228C] -> 0xB023
mem[X,0x000000008000228E] -> 0x6BF3
[2212] [M]: 0x000000008000228C (0x6BF3B023) sd x31, 0x6a0(x7)                       inst_238+8
mem[W,0x0000000080006888] <- 0x0000000000000005

mem[X,0x0000000080002290] -> 0x0F13
mem[X,0x0000000080002292] -> 0x0040
[2213] [M]: 0x0000000080002290 (0x00400F13) addi x30, x0, 0x4                       inst_239+0
x30 <- 0x0000000000000004

clint mtime 0x0000000000000453 (mip.MTI <- 0b1, mip.STI <- 0b0)
mem[X,0x0000000080002294] -> 0x6F93
mem[X,0x0000000080002296] -> 0xAAAF
[2214] [M]: 0x0000000080002294 (0xAAAF6F93) ori x31, x30, -0x556                    inst_239+4
x31 <- 0xFFFFFFFFFFFFFAAE

mem[X,0x0000000080002298] -> 0xB423
mem[X,0x000000008000229A] -> 0x6BF3
[2215] [M]: 0x0000000080002298 (0x6BF3B423) sd x31, 0x6a8(x7)                       inst_239+8
mem[W,0x0000000080006890] <- 0xFFFFFFFFFFFFFAAE

clint mtime 0x0000000000000454 (mip.MTI <- 0b1, mip.STI <- 0b0)
mem[X,0x000000008000229C] -> 0x0F13
mem[X,0x000000008000229E] -> 0x0040
[2216] [M]: 0x000000008000229C (0x00400F13) addi x30, x0, 0x4                       inst_240+0
x30 <- 0x0000000000000004

mem[X,0x00000000800022A0] -> 0x6F93
mem[X,0x00000000800022A2] -> 0x555F
[2217] [M]: 0x00000000800022A0 (0x555F6F93) ori x31, x30, 0x555                     inst_240+4
x31 <- 0x0000000000000555

clint mtime 0x0000000000000455 (mip.MTI <- 0b1, mip.STI <- 0b0)
mem[X,0x00000000800022A4] -> 0xB823
mem[X,0x00000000800022A6] -> 0x6BF3
[2218] [M]: 0x00000000800022A4 (0x6BF3B823) sd x31, 0x6b0(x7)                       inst_240+8
mem[W,0x0000000080006898] <- 0x0000000000000555

mem[X,0x00000000800022A8] -> 0x0F13
mem[X,0x00000000800022AA] -> 0x0040
[2219] [M]: 0x00000000800022A8 (0x00400F13) addi x30, x0, 0x4                       inst_241+0
x30 <- 0x0000000000000004

clint mtime 0x0000000000000456 (mip.MTI <- 0b1, mip.STI <- 0b0)
mem[X,0x00000000800022AC] -> 0x6F93
mem[X,0x00000000800022AE] -> 0x003F
[2220] [M]: 0x00000000800022AC (0x003F6F93) ori x31, x30, 0x3                       inst_241+4
x31 <- 0x0000000000000007

mem[X,0x00000000800022B0] -> 0xBC23
mem[X,0x00000000800022B2] -> 0x6BF3
[2221] [M]: 0x00000000800022B0 (0x6BF3BC23) sd x31, 0x6b8(x7)                       inst_241+8
mem[W,0x00000000800068A0] <- 0x0000000000000007

clint mtime 0x0000000000000457 (mip.MTI <- 0b1, mip.STI <- 0b0)
mem[X,0x00000000800022B4] -> 0x0F13
mem[X,0x00000000800022B6] -> 0x0000
[2222] [M]: 0x00000000800022B4 (0x00000F13) addi x30, x0, 0x0                       inst_242+0
x30 <- 0x0000000000000000

mem[X,0x00000000800022B8] -> 0x6F93
mem[X,0x00000000800022BA] -> 0x02EF
[2223] [M]: 0x00000000800022B8 (0x02EF6F93) ori x31, x30, 0x2e                      inst_242+4
x31 <- 0x000000000000002E

clint mtime 0x0000000000000458 (mip.MTI <- 0b1, mip.STI <- 0b0)
mem[X,0x00000000800022BC] -> 0xB023
mem[X,0x00000000800022BE] -> 0x6DF3
[2224] [M]: 0x00000000800022BC (0x6DF3B023) sd x31, 0x6c0(x7)                       inst_242+8
mem[W,0x00000000800068A8] <- 0x000000000000002E

mem[X,0x00000000800022C0] -> 0x0F13
mem[X,0x00000000800022C2] -> 0x0000
[2225] [M]: 0x00000000800022C0 (0x00000F13) addi x30, x0, 0x0                       inst_243+0
x30 <- 0x0000000000000000

clint mtime 0x0000000000000459 (mip.MTI <- 0b1, mip.STI <- 0b0)
mem[X,0x00000000800022C4] -> 0x6F93
mem[X,0x00000000800022C6] -> 0xFD4F
[2226] [M]: 0x00000000800022C4 (0xFD4F6F93) ori x31, x30, -0x2c                     inst_243+4
x31 <- 0xFFFFFFFFFFFFFFD4

mem[X,0x00000000800022C8] -> 0xB423
mem[X,0x00000000800022CA] -> 0x6DF3
[2227] [M]: 0x00000000800022C8 (0x6DF3B423) sd x31, 0x6c8(x7)                       inst_243+8
mem[W,0x00000000800068B0] <- 0xFFFFFFFFFFFFFFD4

clint mtime 0x000000000000045A (mip.MTI <- 0b1, mip.STI <- 0b0)
mem[X,0x00000000800022CC] -> 0x0F13
mem[X,0x00000000800022CE] -> 0x0000
[2228] [M]: 0x00000000800022CC (0x00000F13) addi x30, x0, 0x0                       inst_244+0
x30 <- 0x0000000000000000

mem[X,0x00000000800022D0] -> 0x6F93
mem[X,0x00000000800022D2] -> 0x667F
[2229] [M]: 0x00000000800022D0 (0x667F6F93) ori x31, x30, 0x667                     inst_244+4
x31 <- 0x0000000000000667

clint mtime 0x000000000000045B (mip.MTI <- 0b1, mip.STI <- 0b0)
mem[X,0x00000000800022D4] -> 0xB823
mem[X,0x00000000800022D6] -> 0x6DF3
[2230] [M]: 0x00000000800022D4 (0x6DF3B823) sd x31, 0x6d0(x7)                       inst_244+8
mem[W,0x00000000800068B8] <- 0x0000000000000667

mem[X,0x00000000800022D8] -> 0x0F13
mem[X,0x00000000800022DA] -> 0x0000
[2231] [M]: 0x00000000800022D8 (0x00000F13) addi x30, x0, 0x0                       inst_245+0
x30 <- 0x0000000000000000

clint mtime 0x000000000000045C (mip.MTI <- 0b1, mip.STI <- 0b0)
mem[X,0x00000000800022DC] -> 0x6F93
mem[X,0x00000000800022DE] -> 0x334F
[2232] [M]: 0x00000000800022DC (0x334F6F93) ori x31, x30, 0x334                     inst_245+4
x31 <- 0x0000000000000334

mem[X,0x00000000800022E0] -> 0xBC23
mem[X,0x00000000800022E2] -> 0x6DF3
[2233] [M]: 0x00000000800022E0 (0x6DF3BC23) sd x31, 0x6d8(x7)                       inst_245+8
mem[W,0x00000000800068C0] <- 0x0000000000000334

clint mtime 0x000000000000045D (mip.MTI <- 0b1, mip.STI <- 0b0)
mem[X,0x00000000800022E4] -> 0x0F13
mem[X,0x00000000800022E6] -> 0x0000
[2234] [M]: 0x00000000800022E4 (0x00000F13) addi x30, x0, 0x0                       inst_246+0
x30 <- 0x0000000000000000

mem[X,0x00000000800022E8] -> 0x6F93
mem[X,0x00000000800022EA] -> 0x006F
[2235] [M]: 0x00000000800022E8 (0x006F6F93) ori x31, x30, 0x6                       inst_246+4
x31 <- 0x0000000000000006

clint mtime 0x000000000000045E (mip.MTI <- 0b1, mip.STI <- 0b0)
mem[X,0x00000000800022EC] -> 0xB023
mem[X,0x00000000800022EE] -> 0x6FF3
[2236] [M]: 0x00000000800022EC (0x6FF3B023) sd x31, 0x6e0(x7)                       inst_246+8
mem[W,0x00000000800068C8] <- 0x0000000000000006

mem[X,0x00000000800022F0] -> 0x0F13
mem[X,0x00000000800022F2] -> 0x0000
[2237] [M]: 0x00000000800022F0 (0x00000F13) addi x30, x0, 0x0                       inst_247+0
x30 <- 0x0000000000000000

clint mtime 0x000000000000045F (mip.MTI <- 0b1, mip.STI <- 0b0)
mem[X,0x00000000800022F4] -> 0x6F93
mem[X,0x00000000800022F6] -> 0xAABF
[2238] [M]: 0x00000000800022F4 (0xAABF6F93) ori x31, x30, -0x555                    inst_247+4
x31 <- 0xFFFFFFFFFFFFFAAB

mem[X,0x00000000800022F8] -> 0xB423
mem[X,0x00000000800022FA] -> 0x6FF3
[2239] [M]: 0x00000000800022F8 (0x6FF3B423) sd x31, 0x6e8(x7)                       inst_247+8
mem[W,0x00000000800068D0] <- 0xFFFFFFFFFFFFFAAB

clint mtime 0x0000000000000460 (mip.MTI <- 0b1, mip.STI <- 0b0)
mem[X,0x00000000800022FC] -> 0x0F13
mem[X,0x00000000800022FE] -> 0x0000
[2240] [M]: 0x00000000800022FC (0x00000F13) addi x30, x0, 0x0                       inst_248+0
x30 <- 0x0000000000000000

mem[X,0x0000000080002300] -> 0x6F93
mem[X,0x0000000080002302] -> 0x556F
[2241] [M]: 0x0000000080002300 (0x556F6F93) ori x31, x30, 0x556                     inst_248+4
x31 <- 0x0000000000000556

clint mtime 0x0000000000000461 (mip.MTI <- 0b1, mip.STI <- 0b0)
mem[X,0x0000000080002304] -> 0xB823
mem[X,0x0000000080002306] -> 0x6FF3
[2242] [M]: 0x0000000080002304 (0x6FF3B823) sd x31, 0x6f0(x7)                       inst_248+8
mem[W,0x00000000800068D8] <- 0x0000000000000556

mem[X,0x0000000080002308] -> 0x0F13
mem[X,0x000000008000230A] -> 0x0000
[2243] [M]: 0x0000000080002308 (0x00000F13) addi x30, x0, 0x0                       inst_249+0
x30 <- 0x0000000000000000

clint mtime 0x0000000000000462 (mip.MTI <- 0b1, mip.STI <- 0b0)
mem[X,0x000000008000230C] -> 0x6F93
mem[X,0x000000008000230E] -> 0x02CF
[2244] [M]: 0x000000008000230C (0x02CF6F93) ori x31, x30, 0x2c                      inst_249+4
x31 <- 0x000000000000002C

mem[X,0x0000000080002310] -> 0xBC23
mem[X,0x0000000080002312] -> 0x6FF3
[2245] [M]: 0x0000000080002310 (0x6FF3BC23) sd x31, 0x6f8(x7)                       inst_249+8
mem[W,0x00000000800068E0] <- 0x000000000000002C

clint mtime 0x0000000000000463 (mip.MTI <- 0b1, mip.STI <- 0b0)
mem[X,0x0000000080002314] -> 0x0F13
mem[X,0x0000000080002316] -> 0x0000
[2246] [M]: 0x0000000080002314 (0x00000F13) addi x30, x0, 0x0                       inst_250+0
x30 <- 0x0000000000000000

mem[X,0x0000000080002318] -> 0x6F93
mem[X,0x000000008000231A] -> 0x665F
[2247] [M]: 0x0000000080002318 (0x665F6F93) ori x31, x30, 0x665                     inst_250+4
x31 <- 0x0000000000000665

clint mtime 0x0000000000000464 (mip.MTI <- 0b1, mip.STI <- 0b0)
mem[X,0x000000008000231C] -> 0xB023
mem[X,0x000000008000231E] -> 0x71F3
[2248] [M]: 0x000000008000231C (0x71F3B023) sd x31, 0x700(x7)                       inst_250+8
mem[W,0x00000000800068E8] <- 0x0000000000000665

mem[X,0x0000000080002320] -> 0x0F13
mem[X,0x0000000080002322] -> 0x0000
[2249] [M]: 0x0000000080002320 (0x00000F13) addi x30, x0, 0x0                       inst_251+0
x30 <- 0x0000000000000000

clint mtime 0x0000000000000465 (mip.MTI <- 0b1, mip.STI <- 0b0)
mem[X,0x0000000080002324] -> 0x6F93
mem[X,0x0000000080002326] -> 0x332F
[2250] [M]: 0x0000000080002324 (0x332F6F93) ori x31, x30, 0x332                     inst_251+4
x31 <- 0x0000000000000332

mem[X,0x0000000080002328] -> 0xB423
mem[X,0x000000008000232A] -> 0x71F3
[2251] [M]: 0x0000000080002328 (0x71F3B423) sd x31, 0x708(x7)                       inst_251+8
mem[W,0x00000000800068F0] <- 0x0000000000000332

clint mtime 0x0000000000000466 (mip.MTI <- 0b1, mip.STI <- 0b0)
mem[X,0x000000008000232C] -> 0x0F13
mem[X,0x000000008000232E] -> 0x0000
[2252] [M]: 0x000000008000232C (0x00000F13) addi x30, x0, 0x0                       inst_252+0
x30 <- 0x0000000000000000

mem[X,0x0000000080002330] -> 0x6F93
mem[X,0x0000000080002332] -> 0x004F
[2253] [M]: 0x0000000080002330 (0x004F6F93) ori x31, x30, 0x4                       inst_252+4
x31 <- 0x0000000000000004

clint mtime 0x0000000000000467 (mip.MTI <- 0b1, mip.STI <- 0b0)
mem[X,0x0000000080002334] -> 0xB823
mem[X,0x0000000080002336] -> 0x71F3
[2254] [M]: 0x0000000080002334 (0x71F3B823) sd x31, 0x710(x7)                       inst_252+8
mem[W,0x00000000800068F8] <- 0x0000000000000004

mem[X,0x0000000080002338] -> 0x0F13
mem[X,0x000000008000233A] -> 0x0000
[2255] [M]: 0x0000000080002338 (0x00000F13) addi x30, x0, 0x0                       inst_253+0
x30 <- 0x0000000000000000

clint mtime 0x0000000000000468 (mip.MTI <- 0b1, mip.STI <- 0b0)
mem[X,0x000000008000233C] -> 0x6F93
mem[X,0x000000008000233E] -> 0x000F
[2256] [M]: 0x000000008000233C (0x000F6F93) ori x31, x30, 0x0                       inst_253+4
x31 <- 0x0000000000000000

mem[X,0x0000000080002340] -> 0xBC23
mem[X,0x0000000080002342] -> 0x71F3
[2257] [M]: 0x0000000080002340 (0x71F3BC23) sd x31, 0x718(x7)                       inst_253+8
mem[W,0x0000000080006900] <- 0x0000000000000000

clint mtime 0x0000000000000469 (mip.MTI <- 0b1, mip.STI <- 0b0)
mem[X,0x0000000080002344] -> 0x0F13
mem[X,0x0000000080002346] -> 0x0000
[2258] [M]: 0x0000000080002344 (0x00000F13) addi x30, x0, 0x0                       inst_254+0
x30 <- 0x0000000000000000

mem[X,0x0000000080002348] -> 0x6F93
mem[X,0x000000008000234A] -> 0x554F
[2259] [M]: 0x0000000080002348 (0x554F6F93) ori x31, x30, 0x554                     inst_254+4
x31 <- 0x0000000000000554

clint mtime 0x000000000000046A (mip.MTI <- 0b1, mip.STI <- 0b0)
mem[X,0x000000008000234C] -> 0xB023
mem[X,0x000000008000234E] -> 0x73F3
[2260] [M]: 0x000000008000234C (0x73F3B023) sd x31, 0x720(x7)                       inst_254+8
mem[W,0x0000000080006908] <- 0x0000000000000554

mem[X,0x0000000080002350] -> 0x0F13
mem[X,0x0000000080002352] -> 0x0000
[2261] [M]: 0x0000000080002350 (0x00000F13) addi x30, x0, 0x0                       inst_255+0
x30 <- 0x0000000000000000

clint mtime 0x000000000000046B (mip.MTI <- 0b1, mip.STI <- 0b0)
mem[X,0x0000000080002354] -> 0x6F93
mem[X,0x0000000080002356] -> 0x002F
[2262] [M]: 0x0000000080002354 (0x002F6F93) ori x31, x30, 0x2                       inst_255+4
x31 <- 0x0000000000000002

mem[X,0x0000000080002358] -> 0xB423
mem[X,0x000000008000235A] -> 0x73F3
[2263] [M]: 0x0000000080002358 (0x73F3B423) sd x31, 0x728(x7)                       inst_255+8
mem[W,0x0000000080006910] <- 0x0000000000000002

clint mtime 0x000000000000046C (mip.MTI <- 0b1, mip.STI <- 0b0)
mem[X,0x000000008000235C] -> 0x0F13
mem[X,0x000000008000235E] -> 0x0000
[2264] [M]: 0x000000008000235C (0x00000F13) addi x30, x0, 0x0                       inst_256+0
x30 <- 0x0000000000000000

mem[X,0x0000000080002360] -> 0x6F93
mem[X,0x0000000080002362] -> 0x02DF
[2265] [M]: 0x0000000080002360 (0x02DF6F93) ori x31, x30, 0x2d                      inst_256+4
x31 <- 0x000000000000002D

clint mtime 0x000000000000046D (mip.MTI <- 0b1, mip.STI <- 0b0)
mem[X,0x0000000080002364] -> 0xB823
mem[X,0x0000000080002366] -> 0x73F3
[2266] [M]: 0x0000000080002364 (0x73F3B823) sd x31, 0x730(x7)                       inst_256+8
mem[W,0x0000000080006918] <- 0x000000000000002D

mem[X,0x0000000080002368] -> 0x0F13
mem[X,0x000000008000236A] -> 0x0000
[2267] [M]: 0x0000000080002368 (0x00000F13) addi x30, x0, 0x0                       inst_257+0
x30 <- 0x0000000000000000

clint mtime 0x000000000000046E (mip.MTI <- 0b1, mip.STI <- 0b0)
mem[X,0x000000008000236C] -> 0x6F93
mem[X,0x000000008000236E] -> 0xFD3F
[2268] [M]: 0x000000008000236C (0xFD3F6F93) ori x31, x30, -0x2d                     inst_257+4
x31 <- 0xFFFFFFFFFFFFFFD3

mem[X,0x0000000080002370] -> 0xBC23
mem[X,0x0000000080002372] -> 0x73F3
[2269] [M]: 0x0000000080002370 (0x73F3BC23) sd x31, 0x738(x7)                       inst_257+8
mem[W,0x0000000080006920] <- 0xFFFFFFFFFFFFFFD3

clint mtime 0x000000000000046F (mip.MTI <- 0b1, mip.STI <- 0b0)
mem[X,0x0000000080002374] -> 0x0F13
mem[X,0x0000000080002376] -> 0x0000
[2270] [M]: 0x0000000080002374 (0x00000F13) addi x30, x0, 0x0                       inst_258+0
x30 <- 0x0000000000000000

mem[X,0x0000000080002378] -> 0x6F93
mem[X,0x000000008000237A] -> 0x666F
[2271] [M]: 0x0000000080002378 (0x666F6F93) ori x31, x30, 0x666                     inst_258+4
x31 <- 0x0000000000000666

clint mtime 0x0000000000000470 (mip.MTI <- 0b1, mip.STI <- 0b0)
mem[X,0x000000008000237C] -> 0xB023
mem[X,0x000000008000237E] -> 0x75F3
[2272] [M]: 0x000000008000237C (0x75F3B023) sd x31, 0x740(x7)                       inst_258+8
mem[W,0x0000000080006928] <- 0x0000000000000666

mem[X,0x0000000080002380] -> 0x0F13
mem[X,0x0000000080002382] -> 0x0000
[2273] [M]: 0x0000000080002380 (0x00000F13) addi x30, x0, 0x0                       inst_259+0
x30 <- 0x0000000000000000

clint mtime 0x0000000000000471 (mip.MTI <- 0b1, mip.STI <- 0b0)
mem[X,0x0000000080002384] -> 0x6F93
mem[X,0x0000000080002386] -> 0x333F
[2274] [M]: 0x0000000080002384 (0x333F6F93) ori x31, x30, 0x333                     inst_259+4
x31 <- 0x0000000000000333

mem[X,0x0000000080002388] -> 0xB423
mem[X,0x000000008000238A] -> 0x75F3
[2275] [M]: 0x0000000080002388 (0x75F3B423) sd x31, 0x748(x7)                       inst_259+8
mem[W,0x0000000080006930] <- 0x0000000000000333

clint mtime 0x0000000000000472 (mip.MTI <- 0b1, mip.STI <- 0b0)
mem[X,0x000000008000238C] -> 0x0F13
mem[X,0x000000008000238E] -> 0x0000
[2276] [M]: 0x000000008000238C (0x00000F13) addi x30, x0, 0x0                       inst_260+0
x30 <- 0x0000000000000000

mem[X,0x0000000080002390] -> 0x6F93
mem[X,0x0000000080002392] -> 0x005F
[2277] [M]: 0x0000000080002390 (0x005F6F93) ori x31, x30, 0x5                       inst_260+4
x31 <- 0x0000000000000005

clint mtime 0x0000000000000473 (mip.MTI <- 0b1, mip.STI <- 0b0)
mem[X,0x0000000080002394] -> 0xB823
mem[X,0x0000000080002396] -> 0x75F3
[2278] [M]: 0x0000000080002394 (0x75F3B823) sd x31, 0x750(x7)                       inst_260+8
mem[W,0x0000000080006938] <- 0x0000000000000005

mem[X,0x0000000080002398] -> 0x0F13
mem[X,0x000000008000239A] -> 0x0000
[2279] [M]: 0x0000000080002398 (0x00000F13) addi x30, x0, 0x0                       inst_261+0
x30 <- 0x0000000000000000

clint mtime 0x0000000000000474 (mip.MTI <- 0b1, mip.STI <- 0b0)
mem[X,0x000000008000239C] -> 0x6F93
mem[X,0x000000008000239E] -> 0xAAAF
[2280] [M]: 0x000000008000239C (0xAAAF6F93) ori x31, x30, -0x556                    inst_261+4
x31 <- 0xFFFFFFFFFFFFFAAA

mem[X,0x00000000800023A0] -> 0xBC23
mem[X,0x00000000800023A2] -> 0x75F3
[2281] [M]: 0x00000000800023A0 (0x75F3BC23) sd x31, 0x758(x7)                       inst_261+8
mem[W,0x0000000080006940] <- 0xFFFFFFFFFFFFFAAA

clint mtime 0x0000000000000475 (mip.MTI <- 0b1, mip.STI <- 0b0)
mem[X,0x00000000800023A4] -> 0x0F13
mem[X,0x00000000800023A6] -> 0x0000
[2282] [M]: 0x00000000800023A4 (0x00000F13) addi x30, x0, 0x0                       inst_262+0
x30 <- 0x0000000000000000

mem[X,0x00000000800023A8] -> 0x6F93
mem[X,0x00000000800023AA] -> 0x555F
[2283] [M]: 0x00000000800023A8 (0x555F6F93) ori x31, x30, 0x555                     inst_262+4
x31 <- 0x0000000000000555

clint mtime 0x0000000000000476 (mip.MTI <- 0b1, mip.STI <- 0b0)
mem[X,0x00000000800023AC] -> 0xB023
mem[X,0x00000000800023AE] -> 0x77F3
[2284] [M]: 0x00000000800023AC (0x77F3B023) sd x31, 0x760(x7)                       inst_262+8
mem[W,0x0000000080006948] <- 0x0000000000000555

mem[X,0x00000000800023B0] -> 0x0F13
mem[X,0x00000000800023B2] -> 0x0000
[2285] [M]: 0x00000000800023B0 (0x00000F13) addi x30, x0, 0x0                       inst_263+0
x30 <- 0x0000000000000000

clint mtime 0x0000000000000477 (mip.MTI <- 0b1, mip.STI <- 0b0)
mem[X,0x00000000800023B4] -> 0x6F93
mem[X,0x00000000800023B6] -> 0x003F
[2286] [M]: 0x00000000800023B4 (0x003F6F93) ori x31, x30, 0x3                       inst_263+4
x31 <- 0x0000000000000003

mem[X,0x00000000800023B8] -> 0xB423
mem[X,0x00000000800023BA] -> 0x77F3
[2287] [M]: 0x00000000800023B8 (0x77F3B423) sd x31, 0x768(x7)                       inst_263+8
mem[W,0x0000000080006950] <- 0x0000000000000003

clint mtime 0x0000000000000478 (mip.MTI <- 0b1, mip.STI <- 0b0)
mem[X,0x00000000800023BC] -> 0x5F37
mem[X,0x00000000800023BE] -> 0x5555
[2288] [M]: 0x00000000800023BC (0x55555F37) lui x30, 0x55555                        inst_264+0
x30 <- 0x0000000055555000

mem[X,0x00000000800023C0] -> 0x0F13
mem[X,0x00000000800023C2] -> 0x555F
[2289] [M]: 0x00000000800023C0 (0x555F0F13) addi x30, x30, 0x555                    inst_264+4
x30 <- 0x0000000055555555

clint mtime 0x0000000000000479 (mip.MTI <- 0b1, mip.STI <- 0b0)
mem[X,0x00000000800023C4] -> 0x1F13
mem[X,0x00000000800023C6] -> 0x00BF
[2290] [M]: 0x00000000800023C4 (0x00BF1F13) slli x30, x30, 0xb                      inst_264+8
x30 <- 0x000002AAAAAAA800

mem[X,0x00000000800023C8] -> 0x0F13
mem[X,0x00000000800023CA] -> 0x2AAF
[2291] [M]: 0x00000000800023C8 (0x2AAF0F13) addi x30, x30, 0x2aa                    inst_264+12
x30 <- 0x000002AAAAAAAAAA

clint mtime 0x000000000000047A (mip.MTI <- 0b1, mip.STI <- 0b0)
mem[X,0x00000000800023CC] -> 0x1F13
mem[X,0x00000000800023CE] -> 0x00BF
[2292] [M]: 0x00000000800023CC (0x00BF1F13) slli x30, x30, 0xb                      inst_264+16
x30 <- 0x0015555555555000

mem[X,0x00000000800023D0] -> 0x0F13
mem[X,0x00000000800023D2] -> 0x555F
[2293] [M]: 0x00000000800023D0 (0x555F0F13) addi x30, x30, 0x555                    inst_264+20
x30 <- 0x0015555555555555

clint mtime 0x000000000000047B (mip.MTI <- 0b1, mip.STI <- 0b0)
mem[X,0x00000000800023D4] -> 0x1F13
mem[X,0x00000000800023D6] -> 0x00AF
[2294] [M]: 0x00000000800023D4 (0x00AF1F13) slli x30, x30, 0xa                      inst_264+24
x30 <- 0x5555555555555400

mem[X,0x00000000800023D8] -> 0x0F13
mem[X,0x00000000800023DA] -> 0x154F
[2295] [M]: 0x00000000800023D8 (0x154F0F13) addi x30, x30, 0x154                    inst_264+28
x30 <- 0x5555555555555554

clint mtime 0x000000000000047C (mip.MTI <- 0b1, mip.STI <- 0b0)
mem[X,0x00000000800023DC] -> 0x6F93
mem[X,0x00000000800023DE] -> 0x02EF
[2296] [M]: 0x00000000800023DC (0x02EF6F93) ori x31, x30, 0x2e                      inst_264+32
x31 <- 0x555555555555557E

mem[X,0x00000000800023E0] -> 0xB823
mem[X,0x00000000800023E2] -> 0x77F3
[2297] [M]: 0x00000000800023E0 (0x77F3B823) sd x31, 0x770(x7)                       inst_264+36
mem[W,0x0000000080006958] <- 0x555555555555557E

clint mtime 0x000000000000047D (mip.MTI <- 0b1, mip.STI <- 0b0)
mem[X,0x00000000800023E4] -> 0x5F37
mem[X,0x00000000800023E6] -> 0x5555
[2298] [M]: 0x00000000800023E4 (0x55555F37) lui x30, 0x55555                        inst_265+0
x30 <- 0x0000000055555000

mem[X,0x00000000800023E8] -> 0x0F13
mem[X,0x00000000800023EA] -> 0x555F
[2299] [M]: 0x00000000800023E8 (0x555F0F13) addi x30, x30, 0x555                    inst_265+4
x30 <- 0x0000000055555555

clint mtime 0x000000000000047E (mip.MTI <- 0b1, mip.STI <- 0b0)
mem[X,0x00000000800023EC] -> 0x1F13
mem[X,0x00000000800023EE] -> 0x00BF
[2300] [M]: 0x00000000800023EC (0x00BF1F13) slli x30, x30, 0xb                      inst_265+8
x30 <- 0x000002AAAAAAA800

mem[X,0x00000000800023F0] -> 0x0F13
mem[X,0x00000000800023F2] -> 0x2AAF
[2301] [M]: 0x00000000800023F0 (0x2AAF0F13) addi x30, x30, 0x2aa                    inst_265+12
x30 <- 0x000002AAAAAAAAAA

clint mtime 0x000000000000047F (mip.MTI <- 0b1, mip.STI <- 0b0)
mem[X,0x00000000800023F4] -> 0x1F13
mem[X,0x00000000800023F6] -> 0x00BF
[2302] [M]: 0x00000000800023F4 (0x00BF1F13) slli x30, x30, 0xb                      inst_265+16
x30 <- 0x0015555555555000

mem[X,0x00000000800023F8] -> 0x0F13
mem[X,0x00000000800023FA] -> 0x555F
[2303] [M]: 0x00000000800023F8 (0x555F0F13) addi x30, x30, 0x555                    inst_265+20
x30 <- 0x0015555555555555

clint mtime 0x0000000000000480 (mip.MTI <- 0b1, mip.STI <- 0b0)
mem[X,0x00000000800023FC] -> 0x1F13
mem[X,0x00000000800023FE] -> 0x00AF
[2304] [M]: 0x00000000800023FC (0x00AF1F13) slli x30, x30, 0xa                      inst_265+24
x30 <- 0x5555555555555400

mem[X,0x0000000080002400] -> 0x0F13
mem[X,0x0000000080002402] -> 0x154F
[2305] [M]: 0x0000000080002400 (0x154F0F13) addi x30, x30, 0x154                    inst_265+28
x30 <- 0x5555555555555554

clint mtime 0x0000000000000481 (mip.MTI <- 0b1, mip.STI <- 0b0)
mem[X,0x0000000080002404] -> 0x6F93
mem[X,0x0000000080002406] -> 0xFD4F
[2306] [M]: 0x0000000080002404 (0xFD4F6F93) ori x31, x30, -0x2c                     inst_265+32
x31 <- 0xFFFFFFFFFFFFFFD4

mem[X,0x0000000080002408] -> 0xBC23
mem[X,0x000000008000240A] -> 0x77F3
[2307] [M]: 0x0000000080002408 (0x77F3BC23) sd x31, 0x778(x7)                       inst_265+36
mem[W,0x0000000080006960] <- 0xFFFFFFFFFFFFFFD4

clint mtime 0x0000000000000482 (mip.MTI <- 0b1, mip.STI <- 0b0)
mem[X,0x000000008000240C] -> 0x5F37
mem[X,0x000000008000240E] -> 0x5555
[2308] [M]: 0x000000008000240C (0x55555F37) lui x30, 0x55555                        inst_266+0
x30 <- 0x0000000055555000

mem[X,0x0000000080002410] -> 0x0F13
mem[X,0x0000000080002412] -> 0x555F
[2309] [M]: 0x0000000080002410 (0x555F0F13) addi x30, x30, 0x555                    inst_266+4
x30 <- 0x0000000055555555

clint mtime 0x0000000000000483 (mip.MTI <- 0b1, mip.STI <- 0b0)
mem[X,0x0000000080002414] -> 0x1F13
mem[X,0x0000000080002416] -> 0x00BF
[2310] [M]: 0x0000000080002414 (0x00BF1F13) slli x30, x30, 0xb                      inst_266+8
x30 <- 0x000002AAAAAAA800

mem[X,0x0000000080002418] -> 0x0F13
mem[X,0x000000008000241A] -> 0x2AAF
[2311] [M]: 0x0000000080002418 (0x2AAF0F13) addi x30, x30, 0x2aa                    inst_266+12
x30 <- 0x000002AAAAAAAAAA

clint mtime 0x0000000000000484 (mip.MTI <- 0b1, mip.STI <- 0b0)
mem[X,0x000000008000241C] -> 0x1F13
mem[X,0x000000008000241E] -> 0x00BF
[2312] [M]: 0x000000008000241C (0x00BF1F13) slli x30, x30, 0xb                      inst_266+16
x30 <- 0x0015555555555000

mem[X,0x0000000080002420] -> 0x0F13
mem[X,0x0000000080002422] -> 0x555F
[2313] [M]: 0x0000000080002420 (0x555F0F13) addi x30, x30, 0x555                    inst_266+20
x30 <- 0x0015555555555555

clint mtime 0x0000000000000485 (mip.MTI <- 0b1, mip.STI <- 0b0)
mem[X,0x0000000080002424] -> 0x1F13
mem[X,0x0000000080002426] -> 0x00AF
[2314] [M]: 0x0000000080002424 (0x00AF1F13) slli x30, x30, 0xa                      inst_266+24
x30 <- 0x5555555555555400

mem[X,0x0000000080002428] -> 0x0F13
mem[X,0x000000008000242A] -> 0x154F
[2315] [M]: 0x0000000080002428 (0x154F0F13) addi x30, x30, 0x154                    inst_266+28
x30 <- 0x5555555555555554

clint mtime 0x0000000000000486 (mip.MTI <- 0b1, mip.STI <- 0b0)
mem[X,0x000000008000242C] -> 0x6F93
mem[X,0x000000008000242E] -> 0x667F
[2316] [M]: 0x000000008000242C (0x667F6F93) ori x31, x30, 0x667                     inst_266+32
x31 <- 0x5555555555555777

mem[X,0x0000000080002430] -> 0xB023
mem[X,0x0000000080002432] -> 0x79F3
[2317] [M]: 0x0000000080002430 (0x79F3B023) sd x31, 0x780(x7)                       inst_266+36
mem[W,0x0000000080006968] <- 0x5555555555555777

clint mtime 0x0000000000000487 (mip.MTI <- 0b1, mip.STI <- 0b0)
mem[X,0x0000000080002434] -> 0x5F37
mem[X,0x0000000080002436] -> 0x5555
[2318] [M]: 0x0000000080002434 (0x55555F37) lui x30, 0x55555                        inst_267+0
x30 <- 0x0000000055555000

mem[X,0x0000000080002438] -> 0x0F13
mem[X,0x000000008000243A] -> 0x555F
[2319] [M]: 0x0000000080002438 (0x555F0F13) addi x30, x30, 0x555                    inst_267+4
x30 <- 0x0000000055555555

clint mtime 0x0000000000000488 (mip.MTI <- 0b1, mip.STI <- 0b0)
mem[X,0x000000008000243C] -> 0x1F13
mem[X,0x000000008000243E] -> 0x00BF
[2320] [M]: 0x000000008000243C (0x00BF1F13) slli x30, x30, 0xb                      inst_267+8
x30 <- 0x000002AAAAAAA800

mem[X,0x0000000080002440] -> 0x0F13
mem[X,0x0000000080002442] -> 0x2AAF
[2321] [M]: 0x0000000080002440 (0x2AAF0F13) addi x30, x30, 0x2aa                    inst_267+12
x30 <- 0x000002AAAAAAAAAA

clint mtime 0x0000000000000489 (mip.MTI <- 0b1, mip.STI <- 0b0)
mem[X,0x0000000080002444] -> 0x1F13
mem[X,0x0000000080002446] -> 0x00BF
[2322] [M]: 0x0000000080002444 (0x00BF1F13) slli x30, x30, 0xb                      inst_267+16
x30 <- 0x0015555555555000

mem[X,0x0000000080002448] -> 0x0F13
mem[X,0x000000008000244A] -> 0x555F
[2323] [M]: 0x0000000080002448 (0x555F0F13) addi x30, x30, 0x555                    inst_267+20
x30 <- 0x0015555555555555

clint mtime 0x000000000000048A (mip.MTI <- 0b1, mip.STI <- 0b0)
mem[X,0x000000008000244C] -> 0x1F13
mem[X,0x000000008000244E] -> 0x00AF
[2324] [M]: 0x000000008000244C (0x00AF1F13) slli x30, x30, 0xa                      inst_267+24
x30 <- 0x5555555555555400

mem[X,0x0000000080002450] -> 0x0F13
mem[X,0x0000000080002452] -> 0x154F
[2325] [M]: 0x0000000080002450 (0x154F0F13) addi x30, x30, 0x154                    inst_267+28
x30 <- 0x5555555555555554

clint mtime 0x000000000000048B (mip.MTI <- 0b1, mip.STI <- 0b0)
mem[X,0x0000000080002454] -> 0x6F93
mem[X,0x0000000080002456] -> 0x334F
[2326] [M]: 0x0000000080002454 (0x334F6F93) ori x31, x30, 0x334                     inst_267+32
x31 <- 0x5555555555555774

mem[X,0x0000000080002458] -> 0xB423
mem[X,0x000000008000245A] -> 0x79F3
[2327] [M]: 0x0000000080002458 (0x79F3B423) sd x31, 0x788(x7)                       inst_267+36
mem[W,0x0000000080006970] <- 0x5555555555555774

clint mtime 0x000000000000048C (mip.MTI <- 0b1, mip.STI <- 0b0)
mem[X,0x000000008000245C] -> 0x5F37
mem[X,0x000000008000245E] -> 0x5555
[2328] [M]: 0x000000008000245C (0x55555F37) lui x30, 0x55555                        inst_268+0
x30 <- 0x0000000055555000

mem[X,0x0000000080002460] -> 0x0F13
mem[X,0x0000000080002462] -> 0x555F
[2329] [M]: 0x0000000080002460 (0x555F0F13) addi x30, x30, 0x555                    inst_268+4
x30 <- 0x0000000055555555

clint mtime 0x000000000000048D (mip.MTI <- 0b1, mip.STI <- 0b0)
mem[X,0x0000000080002464] -> 0x1F13
mem[X,0x0000000080002466] -> 0x00BF
[2330] [M]: 0x0000000080002464 (0x00BF1F13) slli x30, x30, 0xb                      inst_268+8
x30 <- 0x000002AAAAAAA800

mem[X,0x0000000080002468] -> 0x0F13
mem[X,0x000000008000246A] -> 0x2AAF
[2331] [M]: 0x0000000080002468 (0x2AAF0F13) addi x30, x30, 0x2aa                    inst_268+12
x30 <- 0x000002AAAAAAAAAA

clint mtime 0x000000000000048E (mip.MTI <- 0b1, mip.STI <- 0b0)
mem[X,0x000000008000246C] -> 0x1F13
mem[X,0x000000008000246E] -> 0x00BF
[2332] [M]: 0x000000008000246C (0x00BF1F13) slli x30, x30, 0xb                      inst_268+16
x30 <- 0x0015555555555000

mem[X,0x0000000080002470] -> 0x0F13
mem[X,0x0000000080002472] -> 0x555F
[2333] [M]: 0x0000000080002470 (0x555F0F13) addi x30, x30, 0x555                    inst_268+20
x30 <- 0x0015555555555555

clint mtime 0x000000000000048F (mip.MTI <- 0b1, mip.STI <- 0b0)
mem[X,0x0000000080002474] -> 0x1F13
mem[X,0x0000000080002476] -> 0x00AF
[2334] [M]: 0x0000000080002474 (0x00AF1F13) slli x30, x30, 0xa                      inst_268+24
x30 <- 0x5555555555555400

mem[X,0x0000000080002478] -> 0x0F13
mem[X,0x000000008000247A] -> 0x154F
[2335] [M]: 0x0000000080002478 (0x154F0F13) addi x30, x30, 0x154                    inst_268+28
x30 <- 0x5555555555555554

clint mtime 0x0000000000000490 (mip.MTI <- 0b1, mip.STI <- 0b0)
mem[X,0x000000008000247C] -> 0x6F93
mem[X,0x000000008000247E] -> 0x006F
[2336] [M]: 0x000000008000247C (0x006F6F93) ori x31, x30, 0x6                       inst_268+32
x31 <- 0x5555555555555556

mem[X,0x0000000080002480] -> 0xB823
mem[X,0x0000000080002482] -> 0x79F3
[2337] [M]: 0x0000000080002480 (0x79F3B823) sd x31, 0x790(x7)                       inst_268+36
mem[W,0x0000000080006978] <- 0x5555555555555556

clint mtime 0x0000000000000491 (mip.MTI <- 0b1, mip.STI <- 0b0)
mem[X,0x0000000080002484] -> 0x5F37
mem[X,0x0000000080002486] -> 0x5555
[2338] [M]: 0x0000000080002484 (0x55555F37) lui x30, 0x55555                        inst_269+0
x30 <- 0x0000000055555000

mem[X,0x0000000080002488] -> 0x0F13
mem[X,0x000000008000248A] -> 0x555F
[2339] [M]: 0x0000000080002488 (0x555F0F13) addi x30, x30, 0x555                    inst_269+4
x30 <- 0x0000000055555555

clint mtime 0x0000000000000492 (mip.MTI <- 0b1, mip.STI <- 0b0)
mem[X,0x000000008000248C] -> 0x1F13
mem[X,0x000000008000248E] -> 0x00BF
[2340] [M]: 0x000000008000248C (0x00BF1F13) slli x30, x30, 0xb                      inst_269+8
x30 <- 0x000002AAAAAAA800

mem[X,0x0000000080002490] -> 0x0F13
mem[X,0x0000000080002492] -> 0x2AAF
[2341] [M]: 0x0000000080002490 (0x2AAF0F13) addi x30, x30, 0x2aa                    inst_269+12
x30 <- 0x000002AAAAAAAAAA

clint mtime 0x0000000000000493 (mip.MTI <- 0b1, mip.STI <- 0b0)
mem[X,0x0000000080002494] -> 0x1F13
mem[X,0x0000000080002496] -> 0x00BF
[2342] [M]: 0x0000000080002494 (0x00BF1F13) slli x30, x30, 0xb                      inst_269+16
x30 <- 0x0015555555555000

mem[X,0x0000000080002498] -> 0x0F13
mem[X,0x000000008000249A] -> 0x555F
[2343] [M]: 0x0000000080002498 (0x555F0F13) addi x30, x30, 0x555                    inst_269+20
x30 <- 0x0015555555555555

clint mtime 0x0000000000000494 (mip.MTI <- 0b1, mip.STI <- 0b0)
mem[X,0x000000008000249C] -> 0x1F13
mem[X,0x000000008000249E] -> 0x00AF
[2344] [M]: 0x000000008000249C (0x00AF1F13) slli x30, x30, 0xa                      inst_269+24
x30 <- 0x5555555555555400

mem[X,0x00000000800024A0] -> 0x0F13
mem[X,0x00000000800024A2] -> 0x154F
[2345] [M]: 0x00000000800024A0 (0x154F0F13) addi x30, x30, 0x154                    inst_269+28
x30 <- 0x5555555555555554

clint mtime 0x0000000000000495 (mip.MTI <- 0b1, mip.STI <- 0b0)
mem[X,0x00000000800024A4] -> 0x6F93
mem[X,0x00000000800024A6] -> 0xAABF
[2346] [M]: 0x00000000800024A4 (0xAABF6F93) ori x31, x30, -0x555                    inst_269+32
x31 <- 0xFFFFFFFFFFFFFFFF

mem[X,0x00000000800024A8] -> 0xBC23
mem[X,0x00000000800024AA] -> 0x79F3
[2347] [M]: 0x00000000800024A8 (0x79F3BC23) sd x31, 0x798(x7)                       inst_269+36
mem[W,0x0000000080006980] <- 0xFFFFFFFFFFFFFFFF

clint mtime 0x0000000000000496 (mip.MTI <- 0b1, mip.STI <- 0b0)
mem[X,0x00000000800024AC] -> 0x5F37
mem[X,0x00000000800024AE] -> 0x5555
[2348] [M]: 0x00000000800024AC (0x55555F37) lui x30, 0x55555                        inst_270+0
x30 <- 0x0000000055555000

mem[X,0x00000000800024B0] -> 0x0F13
mem[X,0x00000000800024B2] -> 0x555F
[2349] [M]: 0x00000000800024B0 (0x555F0F13) addi x30, x30, 0x555                    inst_270+4
x30 <- 0x0000000055555555

clint mtime 0x0000000000000497 (mip.MTI <- 0b1, mip.STI <- 0b0)
mem[X,0x00000000800024B4] -> 0x1F13
mem[X,0x00000000800024B6] -> 0x00BF
[2350] [M]: 0x00000000800024B4 (0x00BF1F13) slli x30, x30, 0xb                      inst_270+8
x30 <- 0x000002AAAAAAA800

mem[X,0x00000000800024B8] -> 0x0F13
mem[X,0x00000000800024BA] -> 0x2AAF
[2351] [M]: 0x00000000800024B8 (0x2AAF0F13) addi x30, x30, 0x2aa                    inst_270+12
x30 <- 0x000002AAAAAAAAAA

clint mtime 0x0000000000000498 (mip.MTI <- 0b1, mip.STI <- 0b0)
mem[X,0x00000000800024BC] -> 0x1F13
mem[X,0x00000000800024BE] -> 0x00BF
[2352] [M]: 0x00000000800024BC (0x00BF1F13) slli x30, x30, 0xb                      inst_270+16
x30 <- 0x0015555555555000

mem[X,0x00000000800024C0] -> 0x0F13
mem[X,0x00000000800024C2] -> 0x555F
[2353] [M]: 0x00000000800024C0 (0x555F0F13) addi x30, x30, 0x555                    inst_270+20
x30 <- 0x0015555555555555

clint mtime 0x0000000000000499 (mip.MTI <- 0b1, mip.STI <- 0b0)
mem[X,0x00000000800024C4] -> 0x1F13
mem[X,0x00000000800024C6] -> 0x00AF
[2354] [M]: 0x00000000800024C4 (0x00AF1F13) slli x30, x30, 0xa                      inst_270+24
x30 <- 0x5555555555555400

mem[X,0x00000000800024C8] -> 0x0F13
mem[X,0x00000000800024CA] -> 0x154F
[2355] [M]: 0x00000000800024C8 (0x154F0F13) addi x30, x30, 0x154                    inst_270+28
x30 <- 0x5555555555555554

clint mtime 0x000000000000049A (mip.MTI <- 0b1, mip.STI <- 0b0)
mem[X,0x00000000800024CC] -> 0x6F93
mem[X,0x00000000800024CE] -> 0x556F
[2356] [M]: 0x00000000800024CC (0x556F6F93) ori x31, x30, 0x556                     inst_270+32
x31 <- 0x5555555555555556

mem[X,0x00000000800024D0] -> 0xB023
mem[X,0x00000000800024D2] -> 0x7BF3
[2357] [M]: 0x00000000800024D0 (0x7BF3B023) sd x31, 0x7a0(x7)                       inst_270+36
mem[W,0x0000000080006988] <- 0x5555555555555556

clint mtime 0x000000000000049B (mip.MTI <- 0b1, mip.STI <- 0b0)
mem[X,0x00000000800024D4] -> 0x5F37
mem[X,0x00000000800024D6] -> 0x5555
[2358] [M]: 0x00000000800024D4 (0x55555F37) lui x30, 0x55555                        inst_271+0
x30 <- 0x0000000055555000

mem[X,0x00000000800024D8] -> 0x0F13
mem[X,0x00000000800024DA] -> 0x555F
[2359] [M]: 0x00000000800024D8 (0x555F0F13) addi x30, x30, 0x555                    inst_271+4
x30 <- 0x0000000055555555

clint mtime 0x000000000000049C (mip.MTI <- 0b1, mip.STI <- 0b0)
mem[X,0x00000000800024DC] -> 0x1F13
mem[X,0x00000000800024DE] -> 0x00BF
[2360] [M]: 0x00000000800024DC (0x00BF1F13) slli x30, x30, 0xb                      inst_271+8
x30 <- 0x000002AAAAAAA800

mem[X,0x00000000800024E0] -> 0x0F13
mem[X,0x00000000800024E2] -> 0x2AAF
[2361] [M]: 0x00000000800024E0 (0x2AAF0F13) addi x30, x30, 0x2aa                    inst_271+12
x30 <- 0x000002AAAAAAAAAA

clint mtime 0x000000000000049D (mip.MTI <- 0b1, mip.STI <- 0b0)
mem[X,0x00000000800024E4] -> 0x1F13
mem[X,0x00000000800024E6] -> 0x00BF
[2362] [M]: 0x00000000800024E4 (0x00BF1F13) slli x30, x30, 0xb                      inst_271+16
x30 <- 0x0015555555555000

mem[X,0x00000000800024E8] -> 0x0F13
mem[X,0x00000000800024EA] -> 0x555F
[2363] [M]: 0x00000000800024E8 (0x555F0F13) addi x30, x30, 0x555                    inst_271+20
x30 <- 0x0015555555555555

clint mtime 0x000000000000049E (mip.MTI <- 0b1, mip.STI <- 0b0)
mem[X,0x00000000800024EC] -> 0x1F13
mem[X,0x00000000800024EE] -> 0x00AF
[2364] [M]: 0x00000000800024EC (0x00AF1F13) slli x30, x30, 0xa                      inst_271+24
x30 <- 0x5555555555555400

mem[X,0x00000000800024F0] -> 0x0F13
mem[X,0x00000000800024F2] -> 0x154F
[2365] [M]: 0x00000000800024F0 (0x154F0F13) addi x30, x30, 0x154                    inst_271+28
x30 <- 0x5555555555555554

clint mtime 0x000000000000049F (mip.MTI <- 0b1, mip.STI <- 0b0)
mem[X,0x00000000800024F4] -> 0x6F93
mem[X,0x00000000800024F6] -> 0x02CF
[2366] [M]: 0x00000000800024F4 (0x02CF6F93) ori x31, x30, 0x2c                      inst_271+32
x31 <- 0x555555555555557C

mem[X,0x00000000800024F8] -> 0xB423
mem[X,0x00000000800024FA] -> 0x7BF3
[2367] [M]: 0x00000000800024F8 (0x7BF3B423) sd x31, 0x7a8(x7)                       inst_271+36
mem[W,0x0000000080006990] <- 0x555555555555557C

clint mtime 0x00000000000004A0 (mip.MTI <- 0b1, mip.STI <- 0b0)
mem[X,0x00000000800024FC] -> 0x5F37
mem[X,0x00000000800024FE] -> 0x5555
[2368] [M]: 0x00000000800024FC (0x55555F37) lui x30, 0x55555                        inst_272+0
x30 <- 0x0000000055555000

mem[X,0x0000000080002500] -> 0x0F13
mem[X,0x0000000080002502] -> 0x555F
[2369] [M]: 0x0000000080002500 (0x555F0F13) addi x30, x30, 0x555                    inst_272+4
x30 <- 0x0000000055555555

clint mtime 0x00000000000004A1 (mip.MTI <- 0b1, mip.STI <- 0b0)
mem[X,0x0000000080002504] -> 0x1F13
mem[X,0x0000000080002506] -> 0x00BF
[2370] [M]: 0x0000000080002504 (0x00BF1F13) slli x30, x30, 0xb                      inst_272+8
x30 <- 0x000002AAAAAAA800

mem[X,0x0000000080002508] -> 0x0F13
mem[X,0x000000008000250A] -> 0x2AAF
[2371] [M]: 0x0000000080002508 (0x2AAF0F13) addi x30, x30, 0x2aa                    inst_272+12
x30 <- 0x000002AAAAAAAAAA

clint mtime 0x00000000000004A2 (mip.MTI <- 0b1, mip.STI <- 0b0)
mem[X,0x000000008000250C] -> 0x1F13
mem[X,0x000000008000250E] -> 0x00BF
[2372] [M]: 0x000000008000250C (0x00BF1F13) slli x30, x30, 0xb                      inst_272+16
x30 <- 0x0015555555555000

mem[X,0x0000000080002510] -> 0x0F13
mem[X,0x0000000080002512] -> 0x555F
[2373] [M]: 0x0000000080002510 (0x555F0F13) addi x30, x30, 0x555                    inst_272+20
x30 <- 0x0015555555555555

clint mtime 0x00000000000004A3 (mip.MTI <- 0b1, mip.STI <- 0b0)
mem[X,0x0000000080002514] -> 0x1F13
mem[X,0x0000000080002516] -> 0x00AF
[2374] [M]: 0x0000000080002514 (0x00AF1F13) slli x30, x30, 0xa                      inst_272+24
x30 <- 0x5555555555555400

mem[X,0x0000000080002518] -> 0x0F13
mem[X,0x000000008000251A] -> 0x154F
[2375] [M]: 0x0000000080002518 (0x154F0F13) addi x30, x30, 0x154                    inst_272+28
x30 <- 0x5555555555555554

clint mtime 0x00000000000004A4 (mip.MTI <- 0b1, mip.STI <- 0b0)
mem[X,0x000000008000251C] -> 0x6F93
mem[X,0x000000008000251E] -> 0x665F
[2376] [M]: 0x000000008000251C (0x665F6F93) ori x31, x30, 0x665                     inst_272+32
x31 <- 0x5555555555555775

mem[X,0x0000000080002520] -> 0xB823
mem[X,0x0000000080002522] -> 0x7BF3
[2377] [M]: 0x0000000080002520 (0x7BF3B823) sd x31, 0x7b0(x7)                       inst_272+36
mem[W,0x0000000080006998] <- 0x5555555555555775

clint mtime 0x00000000000004A5 (mip.MTI <- 0b1, mip.STI <- 0b0)
mem[X,0x0000000080002524] -> 0x5F37
mem[X,0x0000000080002526] -> 0x5555
[2378] [M]: 0x0000000080002524 (0x55555F37) lui x30, 0x55555                        inst_273+0
x30 <- 0x0000000055555000

mem[X,0x0000000080002528] -> 0x0F13
mem[X,0x000000008000252A] -> 0x555F
[2379] [M]: 0x0000000080002528 (0x555F0F13) addi x30, x30, 0x555                    inst_273+4
x30 <- 0x0000000055555555

clint mtime 0x00000000000004A6 (mip.MTI <- 0b1, mip.STI <- 0b0)
mem[X,0x000000008000252C] -> 0x1F13
mem[X,0x000000008000252E] -> 0x00BF
[2380] [M]: 0x000000008000252C (0x00BF1F13) slli x30, x30, 0xb                      inst_273+8
x30 <- 0x000002AAAAAAA800

mem[X,0x0000000080002530] -> 0x0F13
mem[X,0x0000000080002532] -> 0x2AAF
[2381] [M]: 0x0000000080002530 (0x2AAF0F13) addi x30, x30, 0x2aa                    inst_273+12
x30 <- 0x000002AAAAAAAAAA

clint mtime 0x00000000000004A7 (mip.MTI <- 0b1, mip.STI <- 0b0)
mem[X,0x0000000080002534] -> 0x1F13
mem[X,0x0000000080002536] -> 0x00BF
[2382] [M]: 0x0000000080002534 (0x00BF1F13) slli x30, x30, 0xb                      inst_273+16
x30 <- 0x0015555555555000

mem[X,0x0000000080002538] -> 0x0F13
mem[X,0x000000008000253A] -> 0x555F
[2383] [M]: 0x0000000080002538 (0x555F0F13) addi x30, x30, 0x555                    inst_273+20
x30 <- 0x0015555555555555

clint mtime 0x00000000000004A8 (mip.MTI <- 0b1, mip.STI <- 0b0)
mem[X,0x000000008000253C] -> 0x1F13
mem[X,0x000000008000253E] -> 0x00AF
[2384] [M]: 0x000000008000253C (0x00AF1F13) slli x30, x30, 0xa                      inst_273+24
x30 <- 0x5555555555555400

mem[X,0x0000000080002540] -> 0x0F13
mem[X,0x0000000080002542] -> 0x154F
[2385] [M]: 0x0000000080002540 (0x154F0F13) addi x30, x30, 0x154                    inst_273+28
x30 <- 0x5555555555555554

clint mtime 0x00000000000004A9 (mip.MTI <- 0b1, mip.STI <- 0b0)
mem[X,0x0000000080002544] -> 0x6F93
mem[X,0x0000000080002546] -> 0x332F
[2386] [M]: 0x0000000080002544 (0x332F6F93) ori x31, x30, 0x332                     inst_273+32
x31 <- 0x5555555555555776

mem[X,0x0000000080002548] -> 0xBC23
mem[X,0x000000008000254A] -> 0x7BF3
[2387] [M]: 0x0000000080002548 (0x7BF3BC23) sd x31, 0x7b8(x7)                       inst_273+36
mem[W,0x00000000800069A0] <- 0x5555555555555776

clint mtime 0x00000000000004AA (mip.MTI <- 0b1, mip.STI <- 0b0)
mem[X,0x000000008000254C] -> 0x5F37
mem[X,0x000000008000254E] -> 0x5555
[2388] [M]: 0x000000008000254C (0x55555F37) lui x30, 0x55555                        inst_274+0
x30 <- 0x0000000055555000

mem[X,0x0000000080002550] -> 0x0F13
mem[X,0x0000000080002552] -> 0x555F
[2389] [M]: 0x0000000080002550 (0x555F0F13) addi x30, x30, 0x555                    inst_274+4
x30 <- 0x0000000055555555

clint mtime 0x00000000000004AB (mip.MTI <- 0b1, mip.STI <- 0b0)
mem[X,0x0000000080002554] -> 0x1F13
mem[X,0x0000000080002556] -> 0x00BF
[2390] [M]: 0x0000000080002554 (0x00BF1F13) slli x30, x30, 0xb                      inst_274+8
x30 <- 0x000002AAAAAAA800

mem[X,0x0000000080002558] -> 0x0F13
mem[X,0x000000008000255A] -> 0x2AAF
[2391] [M]: 0x0000000080002558 (0x2AAF0F13) addi x30, x30, 0x2aa                    inst_274+12
x30 <- 0x000002AAAAAAAAAA

clint mtime 0x00000000000004AC (mip.MTI <- 0b1, mip.STI <- 0b0)
mem[X,0x000000008000255C] -> 0x1F13
mem[X,0x000000008000255E] -> 0x00BF
[2392] [M]: 0x000000008000255C (0x00BF1F13) slli x30, x30, 0xb                      inst_274+16
x30 <- 0x0015555555555000

mem[X,0x0000000080002560] -> 0x0F13
mem[X,0x0000000080002562] -> 0x555F
[2393] [M]: 0x0000000080002560 (0x555F0F13) addi x30, x30, 0x555                    inst_274+20
x30 <- 0x0015555555555555

clint mtime 0x00000000000004AD (mip.MTI <- 0b1, mip.STI <- 0b0)
mem[X,0x0000000080002564] -> 0x1F13
mem[X,0x0000000080002566] -> 0x00AF
[2394] [M]: 0x0000000080002564 (0x00AF1F13) slli x30, x30, 0xa                      inst_274+24
x30 <- 0x5555555555555400

mem[X,0x0000000080002568] -> 0x0F13
mem[X,0x000000008000256A] -> 0x154F
[2395] [M]: 0x0000000080002568 (0x154F0F13) addi x30, x30, 0x154                    inst_274+28
x30 <- 0x5555555555555554

clint mtime 0x00000000000004AE (mip.MTI <- 0b1, mip.STI <- 0b0)
mem[X,0x000000008000256C] -> 0x6F93
mem[X,0x000000008000256E] -> 0x004F
[2396] [M]: 0x000000008000256C (0x004F6F93) ori x31, x30, 0x4                       inst_274+32
x31 <- 0x5555555555555554

mem[X,0x0000000080002570] -> 0xB023
mem[X,0x0000000080002572] -> 0x7DF3
[2397] [M]: 0x0000000080002570 (0x7DF3B023) sd x31, 0x7c0(x7)                       inst_274+36
mem[W,0x00000000800069A8] <- 0x5555555555555554

clint mtime 0x00000000000004AF (mip.MTI <- 0b1, mip.STI <- 0b0)
mem[X,0x0000000080002574] -> 0x5F37
mem[X,0x0000000080002576] -> 0x5555
[2398] [M]: 0x0000000080002574 (0x55555F37) lui x30, 0x55555                        inst_275+0
x30 <- 0x0000000055555000

mem[X,0x0000000080002578] -> 0x0F13
mem[X,0x000000008000257A] -> 0x555F
[2399] [M]: 0x0000000080002578 (0x555F0F13) addi x30, x30, 0x555                    inst_275+4
x30 <- 0x0000000055555555

clint mtime 0x00000000000004B0 (mip.MTI <- 0b1, mip.STI <- 0b0)
mem[X,0x000000008000257C] -> 0x1F13
mem[X,0x000000008000257E] -> 0x00BF
[2400] [M]: 0x000000008000257C (0x00BF1F13) slli x30, x30, 0xb                      inst_275+8
x30 <- 0x000002AAAAAAA800

mem[X,0x0000000080002580] -> 0x0F13
mem[X,0x0000000080002582] -> 0x2AAF
[2401] [M]: 0x0000000080002580 (0x2AAF0F13) addi x30, x30, 0x2aa                    inst_275+12
x30 <- 0x000002AAAAAAAAAA

clint mtime 0x00000000000004B1 (mip.MTI <- 0b1, mip.STI <- 0b0)
mem[X,0x0000000080002584] -> 0x1F13
mem[X,0x0000000080002586] -> 0x00BF
[2402] [M]: 0x0000000080002584 (0x00BF1F13) slli x30, x30, 0xb                      inst_275+16
x30 <- 0x0015555555555000

mem[X,0x0000000080002588] -> 0x0F13
mem[X,0x000000008000258A] -> 0x555F
[2403] [M]: 0x0000000080002588 (0x555F0F13) addi x30, x30, 0x555                    inst_275+20
x30 <- 0x0015555555555555

clint mtime 0x00000000000004B2 (mip.MTI <- 0b1, mip.STI <- 0b0)
mem[X,0x000000008000258C] -> 0x1F13
mem[X,0x000000008000258E] -> 0x00AF
[2404] [M]: 0x000000008000258C (0x00AF1F13) slli x30, x30, 0xa                      inst_275+24
x30 <- 0x5555555555555400

mem[X,0x0000000080002590] -> 0x0F13
mem[X,0x0000000080002592] -> 0x154F
[2405] [M]: 0x0000000080002590 (0x154F0F13) addi x30, x30, 0x154                    inst_275+28
x30 <- 0x5555555555555554

clint mtime 0x00000000000004B3 (mip.MTI <- 0b1, mip.STI <- 0b0)
mem[X,0x0000000080002594] -> 0x6F93
mem[X,0x0000000080002596] -> 0x000F
[2406] [M]: 0x0000000080002594 (0x000F6F93) ori x31, x30, 0x0                       inst_275+32
x31 <- 0x5555555555555554

mem[X,0x0000000080002598] -> 0xB423
mem[X,0x000000008000259A] -> 0x7DF3
[2407] [M]: 0x0000000080002598 (0x7DF3B423) sd x31, 0x7c8(x7)                       inst_275+36
mem[W,0x00000000800069B0] <- 0x5555555555555554

clint mtime 0x00000000000004B4 (mip.MTI <- 0b1, mip.STI <- 0b0)
mem[X,0x000000008000259C] -> 0x5F37
mem[X,0x000000008000259E] -> 0x5555
[2408] [M]: 0x000000008000259C (0x55555F37) lui x30, 0x55555                        inst_276+0
x30 <- 0x0000000055555000

mem[X,0x00000000800025A0] -> 0x0F13
mem[X,0x00000000800025A2] -> 0x555F
[2409] [M]: 0x00000000800025A0 (0x555F0F13) addi x30, x30, 0x555                    inst_276+4
x30 <- 0x0000000055555555

clint mtime 0x00000000000004B5 (mip.MTI <- 0b1, mip.STI <- 0b0)
mem[X,0x00000000800025A4] -> 0x1F13
mem[X,0x00000000800025A6] -> 0x00BF
[2410] [M]: 0x00000000800025A4 (0x00BF1F13) slli x30, x30, 0xb                      inst_276+8
x30 <- 0x000002AAAAAAA800

mem[X,0x00000000800025A8] -> 0x0F13
mem[X,0x00000000800025AA] -> 0x2AAF
[2411] [M]: 0x00000000800025A8 (0x2AAF0F13) addi x30, x30, 0x2aa                    inst_276+12
x30 <- 0x000002AAAAAAAAAA

clint mtime 0x00000000000004B6 (mip.MTI <- 0b1, mip.STI <- 0b0)
mem[X,0x00000000800025AC] -> 0x1F13
mem[X,0x00000000800025AE] -> 0x00BF
[2412] [M]: 0x00000000800025AC (0x00BF1F13) slli x30, x30, 0xb                      inst_276+16
x30 <- 0x0015555555555000

mem[X,0x00000000800025B0] -> 0x0F13
mem[X,0x00000000800025B2] -> 0x555F
[2413] [M]: 0x00000000800025B0 (0x555F0F13) addi x30, x30, 0x555                    inst_276+20
x30 <- 0x0015555555555555

clint mtime 0x00000000000004B7 (mip.MTI <- 0b1, mip.STI <- 0b0)
mem[X,0x00000000800025B4] -> 0x1F13
mem[X,0x00000000800025B6] -> 0x00AF
[2414] [M]: 0x00000000800025B4 (0x00AF1F13) slli x30, x30, 0xa                      inst_276+24
x30 <- 0x5555555555555400

mem[X,0x00000000800025B8] -> 0x0F13
mem[X,0x00000000800025BA] -> 0x154F
[2415] [M]: 0x00000000800025B8 (0x154F0F13) addi x30, x30, 0x154                    inst_276+28
x30 <- 0x5555555555555554

clint mtime 0x00000000000004B8 (mip.MTI <- 0b1, mip.STI <- 0b0)
mem[X,0x00000000800025BC] -> 0x6F93
mem[X,0x00000000800025BE] -> 0x554F
[2416] [M]: 0x00000000800025BC (0x554F6F93) ori x31, x30, 0x554                     inst_276+32
x31 <- 0x5555555555555554

mem[X,0x00000000800025C0] -> 0xB823
mem[X,0x00000000800025C2] -> 0x7DF3
[2417] [M]: 0x00000000800025C0 (0x7DF3B823) sd x31, 0x7d0(x7)                       inst_276+36
mem[W,0x00000000800069B8] <- 0x5555555555555554

clint mtime 0x00000000000004B9 (mip.MTI <- 0b1, mip.STI <- 0b0)
mem[X,0x00000000800025C4] -> 0x5F37
mem[X,0x00000000800025C6] -> 0x5555
[2418] [M]: 0x00000000800025C4 (0x55555F37) lui x30, 0x55555                        inst_277+0
x30 <- 0x0000000055555000

mem[X,0x00000000800025C8] -> 0x0F13
mem[X,0x00000000800025CA] -> 0x555F
[2419] [M]: 0x00000000800025C8 (0x555F0F13) addi x30, x30, 0x555                    inst_277+4
x30 <- 0x0000000055555555

clint mtime 0x00000000000004BA (mip.MTI <- 0b1, mip.STI <- 0b0)
mem[X,0x00000000800025CC] -> 0x1F13
mem[X,0x00000000800025CE] -> 0x00BF
[2420] [M]: 0x00000000800025CC (0x00BF1F13) slli x30, x30, 0xb                      inst_277+8
x30 <- 0x000002AAAAAAA800

mem[X,0x00000000800025D0] -> 0x0F13
mem[X,0x00000000800025D2] -> 0x2AAF
[2421] [M]: 0x00000000800025D0 (0x2AAF0F13) addi x30, x30, 0x2aa                    inst_277+12
x30 <- 0x000002AAAAAAAAAA

clint mtime 0x00000000000004BB (mip.MTI <- 0b1, mip.STI <- 0b0)
mem[X,0x00000000800025D4] -> 0x1F13
mem[X,0x00000000800025D6] -> 0x00BF
[2422] [M]: 0x00000000800025D4 (0x00BF1F13) slli x30, x30, 0xb                      inst_277+16
x30 <- 0x0015555555555000

mem[X,0x00000000800025D8] -> 0x0F13
mem[X,0x00000000800025DA] -> 0x555F
[2423] [M]: 0x00000000800025D8 (0x555F0F13) addi x30, x30, 0x555                    inst_277+20
x30 <- 0x0015555555555555

clint mtime 0x00000000000004BC (mip.MTI <- 0b1, mip.STI <- 0b0)
mem[X,0x00000000800025DC] -> 0x1F13
mem[X,0x00000000800025DE] -> 0x00AF
[2424] [M]: 0x00000000800025DC (0x00AF1F13) slli x30, x30, 0xa                      inst_277+24
x30 <- 0x5555555555555400

mem[X,0x00000000800025E0] -> 0x0F13
mem[X,0x00000000800025E2] -> 0x154F
[2425] [M]: 0x00000000800025E0 (0x154F0F13) addi x30, x30, 0x154                    inst_277+28
x30 <- 0x5555555555555554

clint mtime 0x00000000000004BD (mip.MTI <- 0b1, mip.STI <- 0b0)
mem[X,0x00000000800025E4] -> 0x6F93
mem[X,0x00000000800025E6] -> 0x002F
[2426] [M]: 0x00000000800025E4 (0x002F6F93) ori x31, x30, 0x2                       inst_277+32
x31 <- 0x5555555555555556

mem[X,0x00000000800025E8] -> 0xBC23
mem[X,0x00000000800025EA] -> 0x7DF3
[2427] [M]: 0x00000000800025E8 (0x7DF3BC23) sd x31, 0x7d8(x7)                       inst_277+36
mem[W,0x00000000800069C0] <- 0x5555555555555556

clint mtime 0x00000000000004BE (mip.MTI <- 0b1, mip.STI <- 0b0)
mem[X,0x00000000800025EC] -> 0x5F37
mem[X,0x00000000800025EE] -> 0x5555
[2428] [M]: 0x00000000800025EC (0x55555F37) lui x30, 0x55555                        inst_278+0
x30 <- 0x0000000055555000

mem[X,0x00000000800025F0] -> 0x0F13
mem[X,0x00000000800025F2] -> 0x555F
[2429] [M]: 0x00000000800025F0 (0x555F0F13) addi x30, x30, 0x555                    inst_278+4
x30 <- 0x0000000055555555

clint mtime 0x00000000000004BF (mip.MTI <- 0b1, mip.STI <- 0b0)
mem[X,0x00000000800025F4] -> 0x1F13
mem[X,0x00000000800025F6] -> 0x00BF
[2430] [M]: 0x00000000800025F4 (0x00BF1F13) slli x30, x30, 0xb                      inst_278+8
x30 <- 0x000002AAAAAAA800

mem[X,0x00000000800025F8] -> 0x0F13
mem[X,0x00000000800025FA] -> 0x2AAF
[2431] [M]: 0x00000000800025F8 (0x2AAF0F13) addi x30, x30, 0x2aa                    inst_278+12
x30 <- 0x000002AAAAAAAAAA

clint mtime 0x00000000000004C0 (mip.MTI <- 0b1, mip.STI <- 0b0)
mem[X,0x00000000800025FC] -> 0x1F13
mem[X,0x00000000800025FE] -> 0x00BF
[2432] [M]: 0x00000000800025FC (0x00BF1F13) slli x30, x30, 0xb                      inst_278+16
x30 <- 0x0015555555555000

mem[X,0x0000000080002600] -> 0x0F13
mem[X,0x0000000080002602] -> 0x555F
[2433] [M]: 0x0000000080002600 (0x555F0F13) addi x30, x30, 0x555                    inst_278+20
x30 <- 0x0015555555555555

clint mtime 0x00000000000004C1 (mip.MTI <- 0b1, mip.STI <- 0b0)
mem[X,0x0000000080002604] -> 0x1F13
mem[X,0x0000000080002606] -> 0x00AF
[2434] [M]: 0x0000000080002604 (0x00AF1F13) slli x30, x30, 0xa                      inst_278+24
x30 <- 0x5555555555555400

mem[X,0x0000000080002608] -> 0x0F13
mem[X,0x000000008000260A] -> 0x154F
[2435] [M]: 0x0000000080002608 (0x154F0F13) addi x30, x30, 0x154                    inst_278+28
x30 <- 0x5555555555555554

clint mtime 0x00000000000004C2 (mip.MTI <- 0b1, mip.STI <- 0b0)
mem[X,0x000000008000260C] -> 0x6F93
mem[X,0x000000008000260E] -> 0x02DF
[2436] [M]: 0x000000008000260C (0x02DF6F93) ori x31, x30, 0x2d                      inst_278+32
x31 <- 0x555555555555557D

mem[X,0x0000000080002610] -> 0xB023
mem[X,0x0000000080002612] -> 0x7FF3
[2437] [M]: 0x0000000080002610 (0x7FF3B023) sd x31, 0x7e0(x7)                       inst_278+36
mem[W,0x00000000800069C8] <- 0x555555555555557D

clint mtime 0x00000000000004C3 (mip.MTI <- 0b1, mip.STI <- 0b0)
mem[X,0x0000000080002614] -> 0x5F37
mem[X,0x0000000080002616] -> 0x5555
[2438] [M]: 0x0000000080002614 (0x55555F37) lui x30, 0x55555                        inst_279+0
x30 <- 0x0000000055555000

mem[X,0x0000000080002618] -> 0x0F13
mem[X,0x000000008000261A] -> 0x555F
[2439] [M]: 0x0000000080002618 (0x555F0F13) addi x30, x30, 0x555                    inst_279+4
x30 <- 0x0000000055555555

clint mtime 0x00000000000004C4 (mip.MTI <- 0b1, mip.STI <- 0b0)
mem[X,0x000000008000261C] -> 0x1F13
mem[X,0x000000008000261E] -> 0x00BF
[2440] [M]: 0x000000008000261C (0x00BF1F13) slli x30, x30, 0xb                      inst_279+8
x30 <- 0x000002AAAAAAA800

mem[X,0x0000000080002620] -> 0x0F13
mem[X,0x0000000080002622] -> 0x2AAF
[2441] [M]: 0x0000000080002620 (0x2AAF0F13) addi x30, x30, 0x2aa                    inst_279+12
x30 <- 0x000002AAAAAAAAAA

clint mtime 0x00000000000004C5 (mip.MTI <- 0b1, mip.STI <- 0b0)
mem[X,0x0000000080002624] -> 0x1F13
mem[X,0x0000000080002626] -> 0x00BF
[2442] [M]: 0x0000000080002624 (0x00BF1F13) slli x30, x30, 0xb                      inst_279+16
x30 <- 0x0015555555555000

mem[X,0x0000000080002628] -> 0x0F13
mem[X,0x000000008000262A] -> 0x555F
[2443] [M]: 0x0000000080002628 (0x555F0F13) addi x30, x30, 0x555                    inst_279+20
x30 <- 0x0015555555555555

clint mtime 0x00000000000004C6 (mip.MTI <- 0b1, mip.STI <- 0b0)
mem[X,0x000000008000262C] -> 0x1F13
mem[X,0x000000008000262E] -> 0x00AF
[2444] [M]: 0x000000008000262C (0x00AF1F13) slli x30, x30, 0xa                      inst_279+24
x30 <- 0x5555555555555400

mem[X,0x0000000080002630] -> 0x0F13
mem[X,0x0000000080002632] -> 0x154F
[2445] [M]: 0x0000000080002630 (0x154F0F13) addi x30, x30, 0x154                    inst_279+28
x30 <- 0x5555555555555554

clint mtime 0x00000000000004C7 (mip.MTI <- 0b1, mip.STI <- 0b0)
mem[X,0x0000000080002634] -> 0x6F93
mem[X,0x0000000080002636] -> 0xFD3F
[2446] [M]: 0x0000000080002634 (0xFD3F6F93) ori x31, x30, -0x2d                     inst_279+32
x31 <- 0xFFFFFFFFFFFFFFD7

mem[X,0x0000000080002638] -> 0xB423
mem[X,0x000000008000263A] -> 0x7FF3
[2447] [M]: 0x0000000080002638 (0x7FF3B423) sd x31, 0x7e8(x7)                       inst_279+36
mem[W,0x00000000800069D0] <- 0xFFFFFFFFFFFFFFD7

clint mtime 0x00000000000004C8 (mip.MTI <- 0b1, mip.STI <- 0b0)
mem[X,0x000000008000263C] -> 0x5F37
mem[X,0x000000008000263E] -> 0x5555
[2448] [M]: 0x000000008000263C (0x55555F37) lui x30, 0x55555                        inst_280+0
x30 <- 0x0000000055555000

mem[X,0x0000000080002640] -> 0x0F13
mem[X,0x0000000080002642] -> 0x555F
[2449] [M]: 0x0000000080002640 (0x555F0F13) addi x30, x30, 0x555                    inst_280+4
x30 <- 0x0000000055555555

clint mtime 0x00000000000004C9 (mip.MTI <- 0b1, mip.STI <- 0b0)
mem[X,0x0000000080002644] -> 0x1F13
mem[X,0x0000000080002646] -> 0x00BF
[2450] [M]: 0x0000000080002644 (0x00BF1F13) slli x30, x30, 0xb                      inst_280+8
x30 <- 0x000002AAAAAAA800

mem[X,0x0000000080002648] -> 0x0F13
mem[X,0x000000008000264A] -> 0x2AAF
[2451] [M]: 0x0000000080002648 (0x2AAF0F13) addi x30, x30, 0x2aa                    inst_280+12
x30 <- 0x000002AAAAAAAAAA

clint mtime 0x00000000000004CA (mip.MTI <- 0b1, mip.STI <- 0b0)
mem[X,0x000000008000264C] -> 0x1F13
mem[X,0x000000008000264E] -> 0x00BF
[2452] [M]: 0x000000008000264C (0x00BF1F13) slli x30, x30, 0xb                      inst_280+16
x30 <- 0x0015555555555000

mem[X,0x0000000080002650] -> 0x0F13
mem[X,0x0000000080002652] -> 0x555F
[2453] [M]: 0x0000000080002650 (0x555F0F13) addi x30, x30, 0x555                    inst_280+20
x30 <- 0x0015555555555555

clint mtime 0x00000000000004CB (mip.MTI <- 0b1, mip.STI <- 0b0)
mem[X,0x0000000080002654] -> 0x1F13
mem[X,0x0000000080002656] -> 0x00AF
[2454] [M]: 0x0000000080002654 (0x00AF1F13) slli x30, x30, 0xa                      inst_280+24
x30 <- 0x5555555555555400

mem[X,0x0000000080002658] -> 0x0F13
mem[X,0x000000008000265A] -> 0x154F
[2455] [M]: 0x0000000080002658 (0x154F0F13) addi x30, x30, 0x154                    inst_280+28
x30 <- 0x5555555555555554

clint mtime 0x00000000000004CC (mip.MTI <- 0b1, mip.STI <- 0b0)
mem[X,0x000000008000265C] -> 0x6F93
mem[X,0x000000008000265E] -> 0x666F
[2456] [M]: 0x000000008000265C (0x666F6F93) ori x31, x30, 0x666                     inst_280+32
x31 <- 0x5555555555555776

mem[X,0x0000000080002660] -> 0xB823
mem[X,0x0000000080002662] -> 0x7FF3
[2457] [M]: 0x0000000080002660 (0x7FF3B823) sd x31, 0x7f0(x7)                       inst_280+36
mem[W,0x00000000800069D8] <- 0x5555555555555776

clint mtime 0x00000000000004CD (mip.MTI <- 0b1, mip.STI <- 0b0)
mem[X,0x0000000080002664] -> 0x5F37
mem[X,0x0000000080002666] -> 0x5555
[2458] [M]: 0x0000000080002664 (0x55555F37) lui x30, 0x55555                        inst_281+0
x30 <- 0x0000000055555000

mem[X,0x0000000080002668] -> 0x0F13
mem[X,0x000000008000266A] -> 0x555F
[2459] [M]: 0x0000000080002668 (0x555F0F13) addi x30, x30, 0x555                    inst_281+4
x30 <- 0x0000000055555555

clint mtime 0x00000000000004CE (mip.MTI <- 0b1, mip.STI <- 0b0)
mem[X,0x000000008000266C] -> 0x1F13
mem[X,0x000000008000266E] -> 0x00BF
[2460] [M]: 0x000000008000266C (0x00BF1F13) slli x30, x30, 0xb                      inst_281+8
x30 <- 0x000002AAAAAAA800

mem[X,0x0000000080002670] -> 0x0F13
mem[X,0x0000000080002672] -> 0x2AAF
[2461] [M]: 0x0000000080002670 (0x2AAF0F13) addi x30, x30, 0x2aa                    inst_281+12
x30 <- 0x000002AAAAAAAAAA

clint mtime 0x00000000000004CF (mip.MTI <- 0b1, mip.STI <- 0b0)
mem[X,0x0000000080002674] -> 0x1F13
mem[X,0x0000000080002676] -> 0x00BF
[2462] [M]: 0x0000000080002674 (0x00BF1F13) slli x30, x30, 0xb                      inst_281+16
x30 <- 0x0015555555555000

mem[X,0x0000000080002678] -> 0x0F13
mem[X,0x000000008000267A] -> 0x555F
[2463] [M]: 0x0000000080002678 (0x555F0F13) addi x30, x30, 0x555                    inst_281+20
x30 <- 0x0015555555555555

clint mtime 0x00000000000004D0 (mip.MTI <- 0b1, mip.STI <- 0b0)
mem[X,0x000000008000267C] -> 0x1F13
mem[X,0x000000008000267E] -> 0x00AF
[2464] [M]: 0x000000008000267C (0x00AF1F13) slli x30, x30, 0xa                      inst_281+24
x30 <- 0x5555555555555400

mem[X,0x0000000080002680] -> 0x0F13
mem[X,0x0000000080002682] -> 0x154F
[2465] [M]: 0x0000000080002680 (0x154F0F13) addi x30, x30, 0x154                    inst_281+28
x30 <- 0x5555555555555554

clint mtime 0x00000000000004D1 (mip.MTI <- 0b1, mip.STI <- 0b0)
mem[X,0x0000000080002684] -> 0x6F93
mem[X,0x0000000080002686] -> 0x333F
[2466] [M]: 0x0000000080002684 (0x333F6F93) ori x31, x30, 0x333                     inst_281+32
x31 <- 0x5555555555555777

mem[X,0x0000000080002688] -> 0xBC23
mem[X,0x000000008000268A] -> 0x7FF3
[2467] [M]: 0x0000000080002688 (0x7FF3BC23) sd x31, 0x7f8(x7)                       inst_281+36
mem[W,0x00000000800069E0] <- 0x5555555555555777

clint mtime 0x00000000000004D2 (mip.MTI <- 0b1, mip.STI <- 0b0)
mem[X,0x000000008000268C] -> 0x0013
mem[X,0x000000008000268E] -> 0x0000
[2468] [M]: 0x000000008000268C (0x00000013) addi x0, x0, 0x0                        inst_281+40

mem[X,0x0000000080002690] -> 0x0013
mem[X,0x0000000080002692] -> 0x0000
[2469] [M]: 0x0000000080002690 (0x00000013) addi x0, x0, 0x0                        inst_281+44

clint mtime 0x00000000000004D3 (mip.MTI <- 0b1, mip.STI <- 0b0)
mem[X,0x0000000080002694] -> 0x0013
mem[X,0x0000000080002696] -> 0x0000
[2470] [M]: 0x0000000080002694 (0x00000013) addi x0, x0, 0x0                        inst_281+48

mem[X,0x0000000080002698] -> 0x0013
mem[X,0x000000008000269A] -> 0x0000
[2471] [M]: 0x0000000080002698 (0x00000013) addi x0, x0, 0x0                        inst_281+52

clint mtime 0x00000000000004D4 (mip.MTI <- 0b1, mip.STI <- 0b0)
mem[X,0x000000008000269C] -> 0x0013
mem[X,0x000000008000269E] -> 0x0000
[2472] [M]: 0x000000008000269C (0x00000013) addi x0, x0, 0x0                        inst_281+56

mem[X,0x00000000800026A0] -> 0x4397
mem[X,0x00000000800026A2] -> 0x0000
[2473] [M]: 0x00000000800026A0 (0x00004397) auipc x7, 0x4                           inst_281+60
x7 <- 0x00000000800066A0

clint mtime 0x00000000000004D5 (mip.MTI <- 0b1, mip.STI <- 0b0)
mem[X,0x00000000800026A4] -> 0x8393
mem[X,0x00000000800026A6] -> 0x3483
[2474] [M]: 0x00000000800026A4 (0x34838393) addi x7, x7, 0x348                      inst_281+64
x7 <- 0x00000000800069E8

mem[X,0x00000000800026A8] -> 0x0001
[2475] [M]: 0x00000000800026A8 (0x0001) c.nop                                       inst_281+68

clint mtime 0x00000000000004D6 (mip.MTI <- 0b1, mip.STI <- 0b0)
mem[X,0x00000000800026AA] -> 0x0013
mem[X,0x00000000800026AC] -> 0x0000
[2476] [M]: 0x00000000800026AA (0x00000013) addi x0, x0, 0x0                        inst_281+70

mem[X,0x00000000800026AE] -> 0x0013
mem[X,0x00000000800026B0] -> 0x0000
[2477] [M]: 0x00000000800026AE (0x00000013) addi x0, x0, 0x0                        inst_281+74

clint mtime 0x00000000000004D7 (mip.MTI <- 0b1, mip.STI <- 0b0)
mem[X,0x00000000800026B2] -> 0x0013
mem[X,0x00000000800026B4] -> 0x0000
[2478] [M]: 0x00000000800026B2 (0x00000013) addi x0, x0, 0x0                        inst_281+78

mem[X,0x00000000800026B6] -> 0x0013
mem[X,0x00000000800026B8] -> 0x0000
[2479] [M]: 0x00000000800026B6 (0x00000013) addi x0, x0, 0x0                        inst_281+82

clint mtime 0x00000000000004D8 (mip.MTI <- 0b1, mip.STI <- 0b0)
mem[X,0x00000000800026BA] -> 0x0013
mem[X,0x00000000800026BC] -> 0x0000
[2480] [M]: 0x00000000800026BA (0x00000013) addi x0, x0, 0x0                        inst_281+86

mem[X,0x00000000800026BE] -> 0x0001
[2481] [M]: 0x00000000800026BE (0x0001) c.nop                                       inst_281+90

clint mtime 0x00000000000004D9 (mip.MTI <- 0b1, mip.STI <- 0b0)
mem[X,0x00000000800026C0] -> 0x5F37
mem[X,0x00000000800026C2] -> 0x5555
[2482] [M]: 0x00000000800026C0 (0x55555F37) lui x30, 0x55555                        inst_282+0
x30 <- 0x0000000055555000

mem[X,0x00000000800026C4] -> 0x0F13
mem[X,0x00000000800026C6] -> 0x555F
[2483] [M]: 0x00000000800026C4 (0x555F0F13) addi x30, x30, 0x555                    inst_282+4
x30 <- 0x0000000055555555

clint mtime 0x00000000000004DA (mip.MTI <- 0b1, mip.STI <- 0b0)
mem[X,0x00000000800026C8] -> 0x1F13
mem[X,0x00000000800026CA] -> 0x00BF
[2484] [M]: 0x00000000800026C8 (0x00BF1F13) slli x30, x30, 0xb                      inst_282+8
x30 <- 0x000002AAAAAAA800

mem[X,0x00000000800026CC] -> 0x0F13
mem[X,0x00000000800026CE] -> 0x2AAF
[2485] [M]: 0x00000000800026CC (0x2AAF0F13) addi x30, x30, 0x2aa                    inst_282+12
x30 <- 0x000002AAAAAAAAAA

clint mtime 0x00000000000004DB (mip.MTI <- 0b1, mip.STI <- 0b0)
mem[X,0x00000000800026D0] -> 0x1F13
mem[X,0x00000000800026D2] -> 0x00BF
[2486] [M]: 0x00000000800026D0 (0x00BF1F13) slli x30, x30, 0xb                      inst_282+16
x30 <- 0x0015555555555000

mem[X,0x00000000800026D4] -> 0x0F13
mem[X,0x00000000800026D6] -> 0x555F
[2487] [M]: 0x00000000800026D4 (0x555F0F13) addi x30, x30, 0x555                    inst_282+20
x30 <- 0x0015555555555555

clint mtime 0x00000000000004DC (mip.MTI <- 0b1, mip.STI <- 0b0)
mem[X,0x00000000800026D8] -> 0x1F13
mem[X,0x00000000800026DA] -> 0x00AF
[2488] [M]: 0x00000000800026D8 (0x00AF1F13) slli x30, x30, 0xa                      inst_282+24
x30 <- 0x5555555555555400

mem[X,0x00000000800026DC] -> 0x0F13
mem[X,0x00000000800026DE] -> 0x154F
[2489] [M]: 0x00000000800026DC (0x154F0F13) addi x30, x30, 0x154                    inst_282+28
x30 <- 0x5555555555555554

clint mtime 0x00000000000004DD (mip.MTI <- 0b1, mip.STI <- 0b0)
mem[X,0x00000000800026E0] -> 0x6F93
mem[X,0x00000000800026E2] -> 0x005F
[2490] [M]: 0x00000000800026E0 (0x005F6F93) ori x31, x30, 0x5                       inst_282+32
x31 <- 0x5555555555555555

mem[X,0x00000000800026E4] -> 0xB023
mem[X,0x00000000800026E6] -> 0x01F3
[2491] [M]: 0x00000000800026E4 (0x01F3B023) sd x31, 0x0(x7)                         inst_282+36
mem[W,0x00000000800069E8] <- 0x5555555555555555

clint mtime 0x00000000000004DE (mip.MTI <- 0b1, mip.STI <- 0b0)
mem[X,0x00000000800026E8] -> 0x5F37
mem[X,0x00000000800026EA] -> 0x5555
[2492] [M]: 0x00000000800026E8 (0x55555F37) lui x30, 0x55555                        inst_283+0
x30 <- 0x0000000055555000

mem[X,0x00000000800026EC] -> 0x0F13
mem[X,0x00000000800026EE] -> 0x555F
[2493] [M]: 0x00000000800026EC (0x555F0F13) addi x30, x30, 0x555                    inst_283+4
x30 <- 0x0000000055555555

clint mtime 0x00000000000004DF (mip.MTI <- 0b1, mip.STI <- 0b0)
mem[X,0x00000000800026F0] -> 0x1F13
mem[X,0x00000000800026F2] -> 0x00BF
[2494] [M]: 0x00000000800026F0 (0x00BF1F13) slli x30, x30, 0xb                      inst_283+8
x30 <- 0x000002AAAAAAA800

mem[X,0x00000000800026F4] -> 0x0F13
mem[X,0x00000000800026F6] -> 0x2AAF
[2495] [M]: 0x00000000800026F4 (0x2AAF0F13) addi x30, x30, 0x2aa                    inst_283+12
x30 <- 0x000002AAAAAAAAAA

clint mtime 0x00000000000004E0 (mip.MTI <- 0b1, mip.STI <- 0b0)
mem[X,0x00000000800026F8] -> 0x1F13
mem[X,0x00000000800026FA] -> 0x00BF
[2496] [M]: 0x00000000800026F8 (0x00BF1F13) slli x30, x30, 0xb                      inst_283+16
x30 <- 0x0015555555555000

mem[X,0x00000000800026FC] -> 0x0F13
mem[X,0x00000000800026FE] -> 0x555F
[2497] [M]: 0x00000000800026FC (0x555F0F13) addi x30, x30, 0x555                    inst_283+20
x30 <- 0x0015555555555555

clint mtime 0x00000000000004E1 (mip.MTI <- 0b1, mip.STI <- 0b0)
mem[X,0x0000000080002700] -> 0x1F13
mem[X,0x0000000080002702] -> 0x00AF
[2498] [M]: 0x0000000080002700 (0x00AF1F13) slli x30, x30, 0xa                      inst_283+24
x30 <- 0x5555555555555400

mem[X,0x0000000080002704] -> 0x0F13
mem[X,0x0000000080002706] -> 0x154F
[2499] [M]: 0x0000000080002704 (0x154F0F13) addi x30, x30, 0x154                    inst_283+28
x30 <- 0x5555555555555554

clint mtime 0x00000000000004E2 (mip.MTI <- 0b1, mip.STI <- 0b0)
mem[X,0x0000000080002708] -> 0x6F93
mem[X,0x000000008000270A] -> 0xAAAF
[2500] [M]: 0x0000000080002708 (0xAAAF6F93) ori x31, x30, -0x556                    inst_283+32
x31 <- 0xFFFFFFFFFFFFFFFE

mem[X,0x000000008000270C] -> 0xB423
mem[X,0x000000008000270E] -> 0x01F3
[2501] [M]: 0x000000008000270C (0x01F3B423) sd x31, 0x8(x7)                         inst_283+36
mem[W,0x00000000800069F0] <- 0xFFFFFFFFFFFFFFFE

clint mtime 0x00000000000004E3 (mip.MTI <- 0b1, mip.STI <- 0b0)
mem[X,0x0000000080002710] -> 0x5F37
mem[X,0x0000000080002712] -> 0x5555
[2502] [M]: 0x0000000080002710 (0x55555F37) lui x30, 0x55555                        inst_284+0
x30 <- 0x0000000055555000

mem[X,0x0000000080002714] -> 0x0F13
mem[X,0x0000000080002716] -> 0x555F
[2503] [M]: 0x0000000080002714 (0x555F0F13) addi x30, x30, 0x555                    inst_284+4
x30 <- 0x0000000055555555

clint mtime 0x00000000000004E4 (mip.MTI <- 0b1, mip.STI <- 0b0)
mem[X,0x0000000080002718] -> 0x1F13
mem[X,0x000000008000271A] -> 0x00BF
[2504] [M]: 0x0000000080002718 (0x00BF1F13) slli x30, x30, 0xb                      inst_284+8
x30 <- 0x000002AAAAAAA800

mem[X,0x000000008000271C] -> 0x0F13
mem[X,0x000000008000271E] -> 0x2AAF
[2505] [M]: 0x000000008000271C (0x2AAF0F13) addi x30, x30, 0x2aa                    inst_284+12
x30 <- 0x000002AAAAAAAAAA

clint mtime 0x00000000000004E5 (mip.MTI <- 0b1, mip.STI <- 0b0)
mem[X,0x0000000080002720] -> 0x1F13
mem[X,0x0000000080002722] -> 0x00BF
[2506] [M]: 0x0000000080002720 (0x00BF1F13) slli x30, x30, 0xb                      inst_284+16
x30 <- 0x0015555555555000

mem[X,0x0000000080002724] -> 0x0F13
mem[X,0x0000000080002726] -> 0x555F
[2507] [M]: 0x0000000080002724 (0x555F0F13) addi x30, x30, 0x555                    inst_284+20
x30 <- 0x0015555555555555

clint mtime 0x00000000000004E6 (mip.MTI <- 0b1, mip.STI <- 0b0)
mem[X,0x0000000080002728] -> 0x1F13
mem[X,0x000000008000272A] -> 0x00AF
[2508] [M]: 0x0000000080002728 (0x00AF1F13) slli x30, x30, 0xa                      inst_284+24
x30 <- 0x5555555555555400

mem[X,0x000000008000272C] -> 0x0F13
mem[X,0x000000008000272E] -> 0x154F
[2509] [M]: 0x000000008000272C (0x154F0F13) addi x30, x30, 0x154                    inst_284+28
x30 <- 0x5555555555555554

clint mtime 0x00000000000004E7 (mip.MTI <- 0b1, mip.STI <- 0b0)
mem[X,0x0000000080002730] -> 0x6F93
mem[X,0x0000000080002732] -> 0x555F
[2510] [M]: 0x0000000080002730 (0x555F6F93) ori x31, x30, 0x555                     inst_284+32
x31 <- 0x5555555555555555

mem[X,0x0000000080002734] -> 0xB823
mem[X,0x0000000080002736] -> 0x01F3
[2511] [M]: 0x0000000080002734 (0x01F3B823) sd x31, 0x10(x7)                        inst_284+36
mem[W,0x00000000800069F8] <- 0x5555555555555555

clint mtime 0x00000000000004E8 (mip.MTI <- 0b1, mip.STI <- 0b0)
mem[X,0x0000000080002738] -> 0x5F37
mem[X,0x000000008000273A] -> 0x5555
[2512] [M]: 0x0000000080002738 (0x55555F37) lui x30, 0x55555                        inst_285+0
x30 <- 0x0000000055555000

mem[X,0x000000008000273C] -> 0x0F13
mem[X,0x000000008000273E] -> 0x555F
[2513] [M]: 0x000000008000273C (0x555F0F13) addi x30, x30, 0x555                    inst_285+4
x30 <- 0x0000000055555555

clint mtime 0x00000000000004E9 (mip.MTI <- 0b1, mip.STI <- 0b0)
mem[X,0x0000000080002740] -> 0x1F13
mem[X,0x0000000080002742] -> 0x00BF
[2514] [M]: 0x0000000080002740 (0x00BF1F13) slli x30, x30, 0xb                      inst_285+8
x30 <- 0x000002AAAAAAA800

mem[X,0x0000000080002744] -> 0x0F13
mem[X,0x0000000080002746] -> 0x2AAF
[2515] [M]: 0x0000000080002744 (0x2AAF0F13) addi x30, x30, 0x2aa                    inst_285+12
x30 <- 0x000002AAAAAAAAAA

clint mtime 0x00000000000004EA (mip.MTI <- 0b1, mip.STI <- 0b0)
mem[X,0x0000000080002748] -> 0x1F13
mem[X,0x000000008000274A] -> 0x00BF
[2516] [M]: 0x0000000080002748 (0x00BF1F13) slli x30, x30, 0xb                      inst_285+16
x30 <- 0x0015555555555000

mem[X,0x000000008000274C] -> 0x0F13
mem[X,0x000000008000274E] -> 0x555F
[2517] [M]: 0x000000008000274C (0x555F0F13) addi x30, x30, 0x555                    inst_285+20
x30 <- 0x0015555555555555

clint mtime 0x00000000000004EB (mip.MTI <- 0b1, mip.STI <- 0b0)
mem[X,0x0000000080002750] -> 0x1F13
mem[X,0x0000000080002752] -> 0x00AF
[2518] [M]: 0x0000000080002750 (0x00AF1F13) slli x30, x30, 0xa                      inst_285+24
x30 <- 0x5555555555555400

mem[X,0x0000000080002754] -> 0x0F13
mem[X,0x0000000080002756] -> 0x154F
[2519] [M]: 0x0000000080002754 (0x154F0F13) addi x30, x30, 0x154                    inst_285+28
x30 <- 0x5555555555555554

clint mtime 0x00000000000004EC (mip.MTI <- 0b1, mip.STI <- 0b0)
mem[X,0x0000000080002758] -> 0x6F93
mem[X,0x000000008000275A] -> 0x003F
[2520] [M]: 0x0000000080002758 (0x003F6F93) ori x31, x30, 0x3                       inst_285+32
x31 <- 0x5555555555555557

mem[X,0x000000008000275C] -> 0xBC23
mem[X,0x000000008000275E] -> 0x01F3
[2521] [M]: 0x000000008000275C (0x01F3BC23) sd x31, 0x18(x7)                        inst_285+36
mem[W,0x0000000080006A00] <- 0x5555555555555557

clint mtime 0x00000000000004ED (mip.MTI <- 0b1, mip.STI <- 0b0)
mem[X,0x0000000080002760] -> 0x0F13
mem[X,0x0000000080002762] -> 0x0020
[2522] [M]: 0x0000000080002760 (0x00200F13) addi x30, x0, 0x2                       inst_286+0
x30 <- 0x0000000000000002

mem[X,0x0000000080002764] -> 0x6F93
mem[X,0x0000000080002766] -> 0x02EF
[2523] [M]: 0x0000000080002764 (0x02EF6F93) ori x31, x30, 0x2e                      inst_286+4
x31 <- 0x000000000000002E

clint mtime 0x00000000000004EE (mip.MTI <- 0b1, mip.STI <- 0b0)
mem[X,0x0000000080002768] -> 0xB023
mem[X,0x000000008000276A] -> 0x03F3
[2524] [M]: 0x0000000080002768 (0x03F3B023) sd x31, 0x20(x7)                        inst_286+8
mem[W,0x0000000080006A08] <- 0x000000000000002E

mem[X,0x000000008000276C] -> 0x0F13
mem[X,0x000000008000276E] -> 0x0020
[2525] [M]: 0x000000008000276C (0x00200F13) addi x30, x0, 0x2                       inst_287+0
x30 <- 0x0000000000000002

clint mtime 0x00000000000004EF (mip.MTI <- 0b1, mip.STI <- 0b0)
mem[X,0x0000000080002770] -> 0x6F93
mem[X,0x0000000080002772] -> 0xFD4F
[2526] [M]: 0x0000000080002770 (0xFD4F6F93) ori x31, x30, -0x2c                     inst_287+4
x31 <- 0xFFFFFFFFFFFFFFD6

mem[X,0x0000000080002774] -> 0xB423
mem[X,0x0000000080002776] -> 0x03F3
[2527] [M]: 0x0000000080002774 (0x03F3B423) sd x31, 0x28(x7)                        inst_287+8
mem[W,0x0000000080006A10] <- 0xFFFFFFFFFFFFFFD6

clint mtime 0x00000000000004F0 (mip.MTI <- 0b1, mip.STI <- 0b0)
mem[X,0x0000000080002778] -> 0x0F13
mem[X,0x000000008000277A] -> 0x0020
[2528] [M]: 0x0000000080002778 (0x00200F13) addi x30, x0, 0x2                       inst_288+0
x30 <- 0x0000000000000002

mem[X,0x000000008000277C] -> 0x6F93
mem[X,0x000000008000277E] -> 0x667F
[2529] [M]: 0x000000008000277C (0x667F6F93) ori x31, x30, 0x667                     inst_288+4
x31 <- 0x0000000000000667

clint mtime 0x00000000000004F1 (mip.MTI <- 0b1, mip.STI <- 0b0)
mem[X,0x0000000080002780] -> 0xB823
mem[X,0x0000000080002782] -> 0x03F3
[2530] [M]: 0x0000000080002780 (0x03F3B823) sd x31, 0x30(x7)                        inst_288+8
mem[W,0x0000000080006A18] <- 0x0000000000000667

mem[X,0x0000000080002784] -> 0x0F13
mem[X,0x0000000080002786] -> 0x0020
[2531] [M]: 0x0000000080002784 (0x00200F13) addi x30, x0, 0x2                       inst_289+0
x30 <- 0x0000000000000002

clint mtime 0x00000000000004F2 (mip.MTI <- 0b1, mip.STI <- 0b0)
mem[X,0x0000000080002788] -> 0x6F93
mem[X,0x000000008000278A] -> 0x334F
[2532] [M]: 0x0000000080002788 (0x334F6F93) ori x31, x30, 0x334                     inst_289+4
x31 <- 0x0000000000000336

mem[X,0x000000008000278C] -> 0xBC23
mem[X,0x000000008000278E] -> 0x03F3
[2533] [M]: 0x000000008000278C (0x03F3BC23) sd x31, 0x38(x7)                        inst_289+8
mem[W,0x0000000080006A20] <- 0x0000000000000336

clint mtime 0x00000000000004F3 (mip.MTI <- 0b1, mip.STI <- 0b0)
mem[X,0x0000000080002790] -> 0x0F13
mem[X,0x0000000080002792] -> 0x0020
[2534] [M]: 0x0000000080002790 (0x00200F13) addi x30, x0, 0x2                       inst_290+0
x30 <- 0x0000000000000002

mem[X,0x0000000080002794] -> 0x6F93
mem[X,0x0000000080002796] -> 0x006F
[2535] [M]: 0x0000000080002794 (0x006F6F93) ori x31, x30, 0x6                       inst_290+4
x31 <- 0x0000000000000006

clint mtime 0x00000000000004F4 (mip.MTI <- 0b1, mip.STI <- 0b0)
mem[X,0x0000000080002798] -> 0xB023
mem[X,0x000000008000279A] -> 0x05F3
[2536] [M]: 0x0000000080002798 (0x05F3B023) sd x31, 0x40(x7)                        inst_290+8
mem[W,0x0000000080006A28] <- 0x0000000000000006

mem[X,0x000000008000279C] -> 0x0F13
mem[X,0x000000008000279E] -> 0x0020
[2537] [M]: 0x000000008000279C (0x00200F13) addi x30, x0, 0x2                       inst_291+0
x30 <- 0x0000000000000002

clint mtime 0x00000000000004F5 (mip.MTI <- 0b1, mip.STI <- 0b0)
mem[X,0x00000000800027A0] -> 0x6F93
mem[X,0x00000000800027A2] -> 0xAABF
[2538] [M]: 0x00000000800027A0 (0xAABF6F93) ori x31, x30, -0x555                    inst_291+4
x31 <- 0xFFFFFFFFFFFFFAAB

mem[X,0x00000000800027A4] -> 0xB423
mem[X,0x00000000800027A6] -> 0x05F3
[2539] [M]: 0x00000000800027A4 (0x05F3B423) sd x31, 0x48(x7)                        inst_291+8
mem[W,0x0000000080006A30] <- 0xFFFFFFFFFFFFFAAB

clint mtime 0x00000000000004F6 (mip.MTI <- 0b1, mip.STI <- 0b0)
mem[X,0x00000000800027A8] -> 0x0F13
mem[X,0x00000000800027AA] -> 0x0020
[2540] [M]: 0x00000000800027A8 (0x00200F13) addi x30, x0, 0x2                       inst_292+0
x30 <- 0x0000000000000002

mem[X,0x00000000800027AC] -> 0x6F93
mem[X,0x00000000800027AE] -> 0x556F
[2541] [M]: 0x00000000800027AC (0x556F6F93) ori x31, x30, 0x556                     inst_292+4
x31 <- 0x0000000000000556

clint mtime 0x00000000000004F7 (mip.MTI <- 0b1, mip.STI <- 0b0)
mem[X,0x00000000800027B0] -> 0xB823
mem[X,0x00000000800027B2] -> 0x05F3
[2542] [M]: 0x00000000800027B0 (0x05F3B823) sd x31, 0x50(x7)                        inst_292+8
mem[W,0x0000000080006A38] <- 0x0000000000000556

mem[X,0x00000000800027B4] -> 0x0F13
mem[X,0x00000000800027B6] -> 0x0020
[2543] [M]: 0x00000000800027B4 (0x00200F13) addi x30, x0, 0x2                       inst_293+0
x30 <- 0x0000000000000002

clint mtime 0x00000000000004F8 (mip.MTI <- 0b1, mip.STI <- 0b0)
mem[X,0x00000000800027B8] -> 0x6F93
mem[X,0x00000000800027BA] -> 0x02CF
[2544] [M]: 0x00000000800027B8 (0x02CF6F93) ori x31, x30, 0x2c                      inst_293+4
x31 <- 0x000000000000002E

mem[X,0x00000000800027BC] -> 0xBC23
mem[X,0x00000000800027BE] -> 0x05F3
[2545] [M]: 0x00000000800027BC (0x05F3BC23) sd x31, 0x58(x7)                        inst_293+8
mem[W,0x0000000080006A40] <- 0x000000000000002E

clint mtime 0x00000000000004F9 (mip.MTI <- 0b1, mip.STI <- 0b0)
mem[X,0x00000000800027C0] -> 0x0F13
mem[X,0x00000000800027C2] -> 0x0020
[2546] [M]: 0x00000000800027C0 (0x00200F13) addi x30, x0, 0x2                       inst_294+0
x30 <- 0x0000000000000002

mem[X,0x00000000800027C4] -> 0x6F93
mem[X,0x00000000800027C6] -> 0x665F
[2547] [M]: 0x00000000800027C4 (0x665F6F93) ori x31, x30, 0x665                     inst_294+4
x31 <- 0x0000000000000667

clint mtime 0x00000000000004FA (mip.MTI <- 0b1, mip.STI <- 0b0)
mem[X,0x00000000800027C8] -> 0xB023
mem[X,0x00000000800027CA] -> 0x07F3
[2548] [M]: 0x00000000800027C8 (0x07F3B023) sd x31, 0x60(x7)                        inst_294+8
mem[W,0x0000000080006A48] <- 0x0000000000000667

mem[X,0x00000000800027CC] -> 0x0F13
mem[X,0x00000000800027CE] -> 0x0020
[2549] [M]: 0x00000000800027CC (0x00200F13) addi x30, x0, 0x2                       inst_295+0
x30 <- 0x0000000000000002

clint mtime 0x00000000000004FB (mip.MTI <- 0b1, mip.STI <- 0b0)
mem[X,0x00000000800027D0] -> 0x6F93
mem[X,0x00000000800027D2] -> 0x332F
[2550] [M]: 0x00000000800027D0 (0x332F6F93) ori x31, x30, 0x332                     inst_295+4
x31 <- 0x0000000000000332

mem[X,0x00000000800027D4] -> 0xB423
mem[X,0x00000000800027D6] -> 0x07F3
[2551] [M]: 0x00000000800027D4 (0x07F3B423) sd x31, 0x68(x7)                        inst_295+8
mem[W,0x0000000080006A50] <- 0x0000000000000332

clint mtime 0x00000000000004FC (mip.MTI <- 0b1, mip.STI <- 0b0)
mem[X,0x00000000800027D8] -> 0x0F13
mem[X,0x00000000800027DA] -> 0x0020
[2552] [M]: 0x00000000800027D8 (0x00200F13) addi x30, x0, 0x2                       inst_296+0
x30 <- 0x0000000000000002

mem[X,0x00000000800027DC] -> 0x6F93
mem[X,0x00000000800027DE] -> 0x004F
[2553] [M]: 0x00000000800027DC (0x004F6F93) ori x31, x30, 0x4                       inst_296+4
x31 <- 0x0000000000000006

clint mtime 0x00000000000004FD (mip.MTI <- 0b1, mip.STI <- 0b0)
mem[X,0x00000000800027E0] -> 0xB823
mem[X,0x00000000800027E2] -> 0x07F3
[2554] [M]: 0x00000000800027E0 (0x07F3B823) sd x31, 0x70(x7)                        inst_296+8
mem[W,0x0000000080006A58] <- 0x0000000000000006

mem[X,0x00000000800027E4] -> 0x0F13
mem[X,0x00000000800027E6] -> 0x0020
[2555] [M]: 0x00000000800027E4 (0x00200F13) addi x30, x0, 0x2                       inst_297+0
x30 <- 0x0000000000000002

clint mtime 0x00000000000004FE (mip.MTI <- 0b1, mip.STI <- 0b0)
mem[X,0x00000000800027E8] -> 0x6F93
mem[X,0x00000000800027EA] -> 0x000F
[2556] [M]: 0x00000000800027E8 (0x000F6F93) ori x31, x30, 0x0                       inst_297+4
x31 <- 0x0000000000000002

mem[X,0x00000000800027EC] -> 0xBC23
mem[X,0x00000000800027EE] -> 0x07F3
[2557] [M]: 0x00000000800027EC (0x07F3BC23) sd x31, 0x78(x7)                        inst_297+8
mem[W,0x0000000080006A60] <- 0x0000000000000002

clint mtime 0x00000000000004FF (mip.MTI <- 0b1, mip.STI <- 0b0)
mem[X,0x00000000800027F0] -> 0x0F13
mem[X,0x00000000800027F2] -> 0x0020
[2558] [M]: 0x00000000800027F0 (0x00200F13) addi x30, x0, 0x2                       inst_298+0
x30 <- 0x0000000000000002

mem[X,0x00000000800027F4] -> 0x6F93
mem[X,0x00000000800027F6] -> 0x554F
[2559] [M]: 0x00000000800027F4 (0x554F6F93) ori x31, x30, 0x554                     inst_298+4
x31 <- 0x0000000000000556

clint mtime 0x0000000000000500 (mip.MTI <- 0b1, mip.STI <- 0b0)
mem[X,0x00000000800027F8] -> 0xB023
mem[X,0x00000000800027FA] -> 0x09F3
[2560] [M]: 0x00000000800027F8 (0x09F3B023) sd x31, 0x80(x7)                        inst_298+8
mem[W,0x0000000080006A68] <- 0x0000000000000556

mem[X,0x00000000800027FC] -> 0x0F13
mem[X,0x00000000800027FE] -> 0x0020
[2561] [M]: 0x00000000800027FC (0x00200F13) addi x30, x0, 0x2                       inst_299+0
x30 <- 0x0000000000000002

clint mtime 0x0000000000000501 (mip.MTI <- 0b1, mip.STI <- 0b0)
mem[X,0x0000000080002800] -> 0x6F93
mem[X,0x0000000080002802] -> 0x002F
[2562] [M]: 0x0000000080002800 (0x002F6F93) ori x31, x30, 0x2                       inst_299+4
x31 <- 0x0000000000000002

mem[X,0x0000000080002804] -> 0xB423
mem[X,0x0000000080002806] -> 0x09F3
[2563] [M]: 0x0000000080002804 (0x09F3B423) sd x31, 0x88(x7)                        inst_299+8
mem[W,0x0000000080006A70] <- 0x0000000000000002

clint mtime 0x0000000000000502 (mip.MTI <- 0b1, mip.STI <- 0b0)
mem[X,0x0000000080002808] -> 0x0F13
mem[X,0x000000008000280A] -> 0x0020
[2564] [M]: 0x0000000080002808 (0x00200F13) addi x30, x0, 0x2                       inst_300+0
x30 <- 0x0000000000000002

mem[X,0x000000008000280C] -> 0x6F93
mem[X,0x000000008000280E] -> 0x02DF
[2565] [M]: 0x000000008000280C (0x02DF6F93) ori x31, x30, 0x2d                      inst_300+4
x31 <- 0x000000000000002F

clint mtime 0x0000000000000503 (mip.MTI <- 0b1, mip.STI <- 0b0)
mem[X,0x0000000080002810] -> 0xB823
mem[X,0x0000000080002812] -> 0x09F3
[2566] [M]: 0x0000000080002810 (0x09F3B823) sd x31, 0x90(x7)                        inst_300+8
mem[W,0x0000000080006A78] <- 0x000000000000002F

mem[X,0x0000000080002814] -> 0x0F13
mem[X,0x0000000080002816] -> 0x0020
[2567] [M]: 0x0000000080002814 (0x00200F13) addi x30, x0, 0x2                       inst_301+0
x30 <- 0x0000000000000002

clint mtime 0x0000000000000504 (mip.MTI <- 0b1, mip.STI <- 0b0)
mem[X,0x0000000080002818] -> 0x6F93
mem[X,0x000000008000281A] -> 0xFD3F
[2568] [M]: 0x0000000080002818 (0xFD3F6F93) ori x31, x30, -0x2d                     inst_301+4
x31 <- 0xFFFFFFFFFFFFFFD3

mem[X,0x000000008000281C] -> 0xBC23
mem[X,0x000000008000281E] -> 0x09F3
[2569] [M]: 0x000000008000281C (0x09F3BC23) sd x31, 0x98(x7)                        inst_301+8
mem[W,0x0000000080006A80] <- 0xFFFFFFFFFFFFFFD3

clint mtime 0x0000000000000505 (mip.MTI <- 0b1, mip.STI <- 0b0)
mem[X,0x0000000080002820] -> 0x0F13
mem[X,0x0000000080002822] -> 0x0020
[2570] [M]: 0x0000000080002820 (0x00200F13) addi x30, x0, 0x2                       inst_302+0
x30 <- 0x0000000000000002

mem[X,0x0000000080002824] -> 0x6F93
mem[X,0x0000000080002826] -> 0x666F
[2571] [M]: 0x0000000080002824 (0x666F6F93) ori x31, x30, 0x666                     inst_302+4
x31 <- 0x0000000000000666

clint mtime 0x0000000000000506 (mip.MTI <- 0b1, mip.STI <- 0b0)
mem[X,0x0000000080002828] -> 0xB023
mem[X,0x000000008000282A] -> 0x0BF3
[2572] [M]: 0x0000000080002828 (0x0BF3B023) sd x31, 0xa0(x7)                        inst_302+8
mem[W,0x0000000080006A88] <- 0x0000000000000666

mem[X,0x000000008000282C] -> 0x0F13
mem[X,0x000000008000282E] -> 0x0020
[2573] [M]: 0x000000008000282C (0x00200F13) addi x30, x0, 0x2                       inst_303+0
x30 <- 0x0000000000000002

clint mtime 0x0000000000000507 (mip.MTI <- 0b1, mip.STI <- 0b0)
mem[X,0x0000000080002830] -> 0x6F93
mem[X,0x0000000080002832] -> 0x333F
[2574] [M]: 0x0000000080002830 (0x333F6F93) ori x31, x30, 0x333                     inst_303+4
x31 <- 0x0000000000000333

mem[X,0x0000000080002834] -> 0xB423
mem[X,0x0000000080002836] -> 0x0BF3
[2575] [M]: 0x0000000080002834 (0x0BF3B423) sd x31, 0xa8(x7)                        inst_303+8
mem[W,0x0000000080006A90] <- 0x0000000000000333

clint mtime 0x0000000000000508 (mip.MTI <- 0b1, mip.STI <- 0b0)
mem[X,0x0000000080002838] -> 0x0F13
mem[X,0x000000008000283A] -> 0x0020
[2576] [M]: 0x0000000080002838 (0x00200F13) addi x30, x0, 0x2                       inst_304+0
x30 <- 0x0000000000000002

mem[X,0x000000008000283C] -> 0x6F93
mem[X,0x000000008000283E] -> 0x005F
[2577] [M]: 0x000000008000283C (0x005F6F93) ori x31, x30, 0x5                       inst_304+4
x31 <- 0x0000000000000007

clint mtime 0x0000000000000509 (mip.MTI <- 0b1, mip.STI <- 0b0)
mem[X,0x0000000080002840] -> 0xB823
mem[X,0x0000000080002842] -> 0x0BF3
[2578] [M]: 0x0000000080002840 (0x0BF3B823) sd x31, 0xb0(x7)                        inst_304+8
mem[W,0x0000000080006A98] <- 0x0000000000000007

mem[X,0x0000000080002844] -> 0x0F13
mem[X,0x0000000080002846] -> 0x0020
[2579] [M]: 0x0000000080002844 (0x00200F13) addi x30, x0, 0x2                       inst_305+0
x30 <- 0x0000000000000002

clint mtime 0x000000000000050A (mip.MTI <- 0b1, mip.STI <- 0b0)
mem[X,0x0000000080002848] -> 0x6F93
mem[X,0x000000008000284A] -> 0xAAAF
[2580] [M]: 0x0000000080002848 (0xAAAF6F93) ori x31, x30, -0x556                    inst_305+4
x31 <- 0xFFFFFFFFFFFFFAAA

mem[X,0x000000008000284C] -> 0xBC23
mem[X,0x000000008000284E] -> 0x0BF3
[2581] [M]: 0x000000008000284C (0x0BF3BC23) sd x31, 0xb8(x7)                        inst_305+8
mem[W,0x0000000080006AA0] <- 0xFFFFFFFFFFFFFAAA

clint mtime 0x000000000000050B (mip.MTI <- 0b1, mip.STI <- 0b0)
mem[X,0x0000000080002850] -> 0x0F13
mem[X,0x0000000080002852] -> 0x0020
[2582] [M]: 0x0000000080002850 (0x00200F13) addi x30, x0, 0x2                       inst_306+0
x30 <- 0x0000000000000002

mem[X,0x0000000080002854] -> 0x6F93
mem[X,0x0000000080002856] -> 0x555F
[2583] [M]: 0x0000000080002854 (0x555F6F93) ori x31, x30, 0x555                     inst_306+4
x31 <- 0x0000000000000557

clint mtime 0x000000000000050C (mip.MTI <- 0b1, mip.STI <- 0b0)
mem[X,0x0000000080002858] -> 0xB023
mem[X,0x000000008000285A] -> 0x0DF3
[2584] [M]: 0x0000000080002858 (0x0DF3B023) sd x31, 0xc0(x7)                        inst_306+8
mem[W,0x0000000080006AA8] <- 0x0000000000000557

mem[X,0x000000008000285C] -> 0x0F13
mem[X,0x000000008000285E] -> 0x0020
[2585] [M]: 0x000000008000285C (0x00200F13) addi x30, x0, 0x2                       inst_307+0
x30 <- 0x0000000000000002

clint mtime 0x000000000000050D (mip.MTI <- 0b1, mip.STI <- 0b0)
mem[X,0x0000000080002860] -> 0x6F93
mem[X,0x0000000080002862] -> 0x003F
[2586] [M]: 0x0000000080002860 (0x003F6F93) ori x31, x30, 0x3                       inst_307+4
x31 <- 0x0000000000000003

mem[X,0x0000000080002864] -> 0xB423
mem[X,0x0000000080002866] -> 0x0DF3
[2587] [M]: 0x0000000080002864 (0x0DF3B423) sd x31, 0xc8(x7)                        inst_307+8
mem[W,0x0000000080006AB0] <- 0x0000000000000003

clint mtime 0x000000000000050E (mip.MTI <- 0b1, mip.STI <- 0b0)
mem[X,0x0000000080002868] -> 0x0F37
mem[X,0x000000008000286A] -> 0x0000
[2588] [M]: 0x0000000080002868 (0x00000F37) lui x30, 0x0                            inst_308+0
x30 <- 0x0000000000000000

mem[X,0x000000008000286C] -> 0x0F13
mem[X,0x000000008000286E] -> 0x000F
[2589] [M]: 0x000000008000286C (0x000F0F13) addi x30, x30, 0x0                      inst_308+4
x30 <- 0x0000000000000000

clint mtime 0x000000000000050F (mip.MTI <- 0b1, mip.STI <- 0b0)
mem[X,0x0000000080002870] -> 0x1F13
mem[X,0x0000000080002872] -> 0x00BF
[2590] [M]: 0x0000000080002870 (0x00BF1F13) slli x30, x30, 0xb                      inst_308+8
x30 <- 0x0000000000000000

mem[X,0x0000000080002874] -> 0x0F13
mem[X,0x0000000080002876] -> 0x5A8F
[2591] [M]: 0x0000000080002874 (0x5A8F0F13) addi x30, x30, 0x5a8                    inst_308+12
x30 <- 0x00000000000005A8

clint mtime 0x0000000000000510 (mip.MTI <- 0b1, mip.STI <- 0b0)
mem[X,0x0000000080002878] -> 0x1F13
mem[X,0x000000008000287A] -> 0x00BF
[2592] [M]: 0x0000000080002878 (0x00BF1F13) slli x30, x30, 0xb                      inst_308+16
x30 <- 0x00000000002D4000

mem[X,0x000000008000287C] -> 0x0F13
mem[X,0x000000008000287E] -> 0x13CF
[2593] [M]: 0x000000008000287C (0x13CF0F13) addi x30, x30, 0x13c                    inst_308+20
x30 <- 0x00000000002D413C

clint mtime 0x0000000000000511 (mip.MTI <- 0b1, mip.STI <- 0b0)
mem[X,0x0000000080002880] -> 0x1F13
mem[X,0x0000000080002882] -> 0x00AF
[2594] [M]: 0x0000000080002880 (0x00AF1F13) slli x30, x30, 0xa                      inst_308+24
x30 <- 0x00000000B504F000

mem[X,0x0000000080002884] -> 0x0F13
mem[X,0x0000000080002886] -> 0x333F
[2595] [M]: 0x0000000080002884 (0x333F0F13) addi x30, x30, 0x333                    inst_308+28
x30 <- 0x00000000B504F333

clint mtime 0x0000000000000512 (mip.MTI <- 0b1, mip.STI <- 0b0)
mem[X,0x0000000080002888] -> 0x6F93
mem[X,0x000000008000288A] -> 0x02EF
[2596] [M]: 0x0000000080002888 (0x02EF6F93) ori x31, x30, 0x2e                      inst_308+32
x31 <- 0x00000000B504F33F

mem[X,0x000000008000288C] -> 0xB823
mem[X,0x000000008000288E] -> 0x0DF3
[2597] [M]: 0x000000008000288C (0x0DF3B823) sd x31, 0xd0(x7)                        inst_308+36
mem[W,0x0000000080006AB8] <- 0x00000000B504F33F

clint mtime 0x0000000000000513 (mip.MTI <- 0b1, mip.STI <- 0b0)
mem[X,0x0000000080002890] -> 0x0F37
mem[X,0x0000000080002892] -> 0x0000
[2598] [M]: 0x0000000080002890 (0x00000F37) lui x30, 0x0                            inst_309+0
x30 <- 0x0000000000000000

mem[X,0x0000000080002894] -> 0x0F13
mem[X,0x0000000080002896] -> 0x000F
[2599] [M]: 0x0000000080002894 (0x000F0F13) addi x30, x30, 0x0                      inst_309+4
x30 <- 0x0000000000000000

clint mtime 0x0000000000000514 (mip.MTI <- 0b1, mip.STI <- 0b0)
mem[X,0x0000000080002898] -> 0x1F13
mem[X,0x000000008000289A] -> 0x00BF
[2600] [M]: 0x0000000080002898 (0x00BF1F13) slli x30, x30, 0xb                      inst_309+8
x30 <- 0x0000000000000000

mem[X,0x000000008000289C] -> 0x0F13
mem[X,0x000000008000289E] -> 0x5A8F
[2601] [M]: 0x000000008000289C (0x5A8F0F13) addi x30, x30, 0x5a8                    inst_309+12
x30 <- 0x00000000000005A8

clint mtime 0x0000000000000515 (mip.MTI <- 0b1, mip.STI <- 0b0)
mem[X,0x00000000800028A0] -> 0x1F13
mem[X,0x00000000800028A2] -> 0x00BF
[2602] [M]: 0x00000000800028A0 (0x00BF1F13) slli x30, x30, 0xb                      inst_309+16
x30 <- 0x00000000002D4000

mem[X,0x00000000800028A4] -> 0x0F13
mem[X,0x00000000800028A6] -> 0x13CF
[2603] [M]: 0x00000000800028A4 (0x13CF0F13) addi x30, x30, 0x13c                    inst_309+20
x30 <- 0x00000000002D413C

clint mtime 0x0000000000000516 (mip.MTI <- 0b1, mip.STI <- 0b0)
mem[X,0x00000000800028A8] -> 0x1F13
mem[X,0x00000000800028AA] -> 0x00AF
[2604] [M]: 0x00000000800028A8 (0x00AF1F13) slli x30, x30, 0xa                      inst_309+24
x30 <- 0x00000000B504F000

mem[X,0x00000000800028AC] -> 0x0F13
mem[X,0x00000000800028AE] -> 0x333F
[2605] [M]: 0x00000000800028AC (0x333F0F13) addi x30, x30, 0x333                    inst_309+28
x30 <- 0x00000000B504F333

clint mtime 0x0000000000000517 (mip.MTI <- 0b1, mip.STI <- 0b0)
mem[X,0x00000000800028B0] -> 0x6F93
mem[X,0x00000000800028B2] -> 0xFD4F
[2606] [M]: 0x00000000800028B0 (0xFD4F6F93) ori x31, x30, -0x2c                     inst_309+32
x31 <- 0xFFFFFFFFFFFFFFF7

mem[X,0x00000000800028B4] -> 0xBC23
mem[X,0x00000000800028B6] -> 0x0DF3
[2607] [M]: 0x00000000800028B4 (0x0DF3BC23) sd x31, 0xd8(x7)                        inst_309+36
mem[W,0x0000000080006AC0] <- 0xFFFFFFFFFFFFFFF7

clint mtime 0x0000000000000518 (mip.MTI <- 0b1, mip.STI <- 0b0)
mem[X,0x00000000800028B8] -> 0x0F37
mem[X,0x00000000800028BA] -> 0x0000
[2608] [M]: 0x00000000800028B8 (0x00000F37) lui x30, 0x0                            inst_310+0
x30 <- 0x0000000000000000

mem[X,0x00000000800028BC] -> 0x0F13
mem[X,0x00000000800028BE] -> 0x000F
[2609] [M]: 0x00000000800028BC (0x000F0F13) addi x30, x30, 0x0                      inst_310+4
x30 <- 0x0000000000000000

clint mtime 0x0000000000000519 (mip.MTI <- 0b1, mip.STI <- 0b0)
mem[X,0x00000000800028C0] -> 0x1F13
mem[X,0x00000000800028C2] -> 0x00BF
[2610] [M]: 0x00000000800028C0 (0x00BF1F13) slli x30, x30, 0xb                      inst_310+8
x30 <- 0x0000000000000000

mem[X,0x00000000800028C4] -> 0x0F13
mem[X,0x00000000800028C6] -> 0x5A8F
[2611] [M]: 0x00000000800028C4 (0x5A8F0F13) addi x30, x30, 0x5a8                    inst_310+12
x30 <- 0x00000000000005A8

clint mtime 0x000000000000051A (mip.MTI <- 0b1, mip.STI <- 0b0)
mem[X,0x00000000800028C8] -> 0x1F13
mem[X,0x00000000800028CA] -> 0x00BF
[2612] [M]: 0x00000000800028C8 (0x00BF1F13) slli x30, x30, 0xb                      inst_310+16
x30 <- 0x00000000002D4000

mem[X,0x00000000800028CC] -> 0x0F13
mem[X,0x00000000800028CE] -> 0x13CF
[2613] [M]: 0x00000000800028CC (0x13CF0F13) addi x30, x30, 0x13c                    inst_310+20
x30 <- 0x00000000002D413C

clint mtime 0x000000000000051B (mip.MTI <- 0b1, mip.STI <- 0b0)
mem[X,0x00000000800028D0] -> 0x1F13
mem[X,0x00000000800028D2] -> 0x00AF
[2614] [M]: 0x00000000800028D0 (0x00AF1F13) slli x30, x30, 0xa                      inst_310+24
x30 <- 0x00000000B504F000

mem[X,0x00000000800028D4] -> 0x0F13
mem[X,0x00000000800028D6] -> 0x333F
[2615] [M]: 0x00000000800028D4 (0x333F0F13) addi x30, x30, 0x333                    inst_310+28
x30 <- 0x00000000B504F333

clint mtime 0x000000000000051C (mip.MTI <- 0b1, mip.STI <- 0b0)
mem[X,0x00000000800028D8] -> 0x6F93
mem[X,0x00000000800028DA] -> 0x667F
[2616] [M]: 0x00000000800028D8 (0x667F6F93) ori x31, x30, 0x667                     inst_310+32
x31 <- 0x00000000B504F777

mem[X,0x00000000800028DC] -> 0xB023
mem[X,0x00000000800028DE] -> 0x0FF3
[2617] [M]: 0x00000000800028DC (0x0FF3B023) sd x31, 0xe0(x7)                        inst_310+36
mem[W,0x0000000080006AC8] <- 0x00000000B504F777

clint mtime 0x000000000000051D (mip.MTI <- 0b1, mip.STI <- 0b0)
mem[X,0x00000000800028E0] -> 0x0F37
mem[X,0x00000000800028E2] -> 0x0000
[2618] [M]: 0x00000000800028E0 (0x00000F37) lui x30, 0x0                            inst_311+0
x30 <- 0x0000000000000000

mem[X,0x00000000800028E4] -> 0x0F13
mem[X,0x00000000800028E6] -> 0x000F
[2619] [M]: 0x00000000800028E4 (0x000F0F13) addi x30, x30, 0x0                      inst_311+4
x30 <- 0x0000000000000000

clint mtime 0x000000000000051E (mip.MTI <- 0b1, mip.STI <- 0b0)
mem[X,0x00000000800028E8] -> 0x1F13
mem[X,0x00000000800028EA] -> 0x00BF
[2620] [M]: 0x00000000800028E8 (0x00BF1F13) slli x30, x30, 0xb                      inst_311+8
x30 <- 0x0000000000000000

mem[X,0x00000000800028EC] -> 0x0F13
mem[X,0x00000000800028EE] -> 0x5A8F
[2621] [M]: 0x00000000800028EC (0x5A8F0F13) addi x30, x30, 0x5a8                    inst_311+12
x30 <- 0x00000000000005A8

clint mtime 0x000000000000051F (mip.MTI <- 0b1, mip.STI <- 0b0)
mem[X,0x00000000800028F0] -> 0x1F13
mem[X,0x00000000800028F2] -> 0x00BF
[2622] [M]: 0x00000000800028F0 (0x00BF1F13) slli x30, x30, 0xb                      inst_311+16
x30 <- 0x00000000002D4000

mem[X,0x00000000800028F4] -> 0x0F13
mem[X,0x00000000800028F6] -> 0x13CF
[2623] [M]: 0x00000000800028F4 (0x13CF0F13) addi x30, x30, 0x13c                    inst_311+20
x30 <- 0x00000000002D413C

clint mtime 0x0000000000000520 (mip.MTI <- 0b1, mip.STI <- 0b0)
mem[X,0x00000000800028F8] -> 0x1F13
mem[X,0x00000000800028FA] -> 0x00AF
[2624] [M]: 0x00000000800028F8 (0x00AF1F13) slli x30, x30, 0xa                      inst_311+24
x30 <- 0x00000000B504F000

mem[X,0x00000000800028FC] -> 0x0F13
mem[X,0x00000000800028FE] -> 0x333F
[2625] [M]: 0x00000000800028FC (0x333F0F13) addi x30, x30, 0x333                    inst_311+28
x30 <- 0x00000000B504F333

clint mtime 0x0000000000000521 (mip.MTI <- 0b1, mip.STI <- 0b0)
mem[X,0x0000000080002900] -> 0x6F93
mem[X,0x0000000080002902] -> 0x334F
[2626] [M]: 0x0000000080002900 (0x334F6F93) ori x31, x30, 0x334                     inst_311+32
x31 <- 0x00000000B504F337

mem[X,0x0000000080002904] -> 0xB423
mem[X,0x0000000080002906] -> 0x0FF3
[2627] [M]: 0x0000000080002904 (0x0FF3B423) sd x31, 0xe8(x7)                        inst_311+36
mem[W,0x0000000080006AD0] <- 0x00000000B504F337

clint mtime 0x0000000000000522 (mip.MTI <- 0b1, mip.STI <- 0b0)
mem[X,0x0000000080002908] -> 0x0F37
mem[X,0x000000008000290A] -> 0x0000
[2628] [M]: 0x0000000080002908 (0x00000F37) lui x30, 0x0                            inst_312+0
x30 <- 0x0000000000000000

mem[X,0x000000008000290C] -> 0x0F13
mem[X,0x000000008000290E] -> 0x000F
[2629] [M]: 0x000000008000290C (0x000F0F13) addi x30, x30, 0x0                      inst_312+4
x30 <- 0x0000000000000000

clint mtime 0x0000000000000523 (mip.MTI <- 0b1, mip.STI <- 0b0)
mem[X,0x0000000080002910] -> 0x1F13
mem[X,0x0000000080002912] -> 0x00BF
[2630] [M]: 0x0000000080002910 (0x00BF1F13) slli x30, x30, 0xb                      inst_312+8
x30 <- 0x0000000000000000

mem[X,0x0000000080002914] -> 0x0F13
mem[X,0x0000000080002916] -> 0x5A8F
[2631] [M]: 0x0000000080002914 (0x5A8F0F13) addi x30, x30, 0x5a8                    inst_312+12
x30 <- 0x00000000000005A8

clint mtime 0x0000000000000524 (mip.MTI <- 0b1, mip.STI <- 0b0)
mem[X,0x0000000080002918] -> 0x1F13
mem[X,0x000000008000291A] -> 0x00BF
[2632] [M]: 0x0000000080002918 (0x00BF1F13) slli x30, x30, 0xb                      inst_312+16
x30 <- 0x00000000002D4000

mem[X,0x000000008000291C] -> 0x0F13
mem[X,0x000000008000291E] -> 0x13CF
[2633] [M]: 0x000000008000291C (0x13CF0F13) addi x30, x30, 0x13c                    inst_312+20
x30 <- 0x00000000002D413C

clint mtime 0x0000000000000525 (mip.MTI <- 0b1, mip.STI <- 0b0)
mem[X,0x0000000080002920] -> 0x1F13
mem[X,0x0000000080002922] -> 0x00AF
[2634] [M]: 0x0000000080002920 (0x00AF1F13) slli x30, x30, 0xa                      inst_312+24
x30 <- 0x00000000B504F000

mem[X,0x0000000080002924] -> 0x0F13
mem[X,0x0000000080002926] -> 0x333F
[2635] [M]: 0x0000000080002924 (0x333F0F13) addi x30, x30, 0x333                    inst_312+28
x30 <- 0x00000000B504F333

clint mtime 0x0000000000000526 (mip.MTI <- 0b1, mip.STI <- 0b0)
mem[X,0x0000000080002928] -> 0x6F93
mem[X,0x000000008000292A] -> 0x006F
[2636] [M]: 0x0000000080002928 (0x006F6F93) ori x31, x30, 0x6                       inst_312+32
x31 <- 0x00000000B504F337

mem[X,0x000000008000292C] -> 0xB823
mem[X,0x000000008000292E] -> 0x0FF3
[2637] [M]: 0x000000008000292C (0x0FF3B823) sd x31, 0xf0(x7)                        inst_312+36
mem[W,0x0000000080006AD8] <- 0x00000000B504F337

clint mtime 0x0000000000000527 (mip.MTI <- 0b1, mip.STI <- 0b0)
mem[X,0x0000000080002930] -> 0x0F37
mem[X,0x0000000080002932] -> 0x0000
[2638] [M]: 0x0000000080002930 (0x00000F37) lui x30, 0x0                            inst_313+0
x30 <- 0x0000000000000000

mem[X,0x0000000080002934] -> 0x0F13
mem[X,0x0000000080002936] -> 0x000F
[2639] [M]: 0x0000000080002934 (0x000F0F13) addi x30, x30, 0x0                      inst_313+4
x30 <- 0x0000000000000000

clint mtime 0x0000000000000528 (mip.MTI <- 0b1, mip.STI <- 0b0)
mem[X,0x0000000080002938] -> 0x1F13
mem[X,0x000000008000293A] -> 0x00BF
[2640] [M]: 0x0000000080002938 (0x00BF1F13) slli x30, x30, 0xb                      inst_313+8
x30 <- 0x0000000000000000

mem[X,0x000000008000293C] -> 0x0F13
mem[X,0x000000008000293E] -> 0x5A8F
[2641] [M]: 0x000000008000293C (0x5A8F0F13) addi x30, x30, 0x5a8                    inst_313+12
x30 <- 0x00000000000005A8

clint mtime 0x0000000000000529 (mip.MTI <- 0b1, mip.STI <- 0b0)
mem[X,0x0000000080002940] -> 0x1F13
mem[X,0x0000000080002942] -> 0x00BF
[2642] [M]: 0x0000000080002940 (0x00BF1F13) slli x30, x30, 0xb                      inst_313+16
x30 <- 0x00000000002D4000

mem[X,0x0000000080002944] -> 0x0F13
mem[X,0x0000000080002946] -> 0x13CF
[2643] [M]: 0x0000000080002944 (0x13CF0F13) addi x30, x30, 0x13c                    inst_313+20
x30 <- 0x00000000002D413C

clint mtime 0x000000000000052A (mip.MTI <- 0b1, mip.STI <- 0b0)
mem[X,0x0000000080002948] -> 0x1F13
mem[X,0x000000008000294A] -> 0x00AF
[2644] [M]: 0x0000000080002948 (0x00AF1F13) slli x30, x30, 0xa                      inst_313+24
x30 <- 0x00000000B504F000

mem[X,0x000000008000294C] -> 0x0F13
mem[X,0x000000008000294E] -> 0x333F
[2645] [M]: 0x000000008000294C (0x333F0F13) addi x30, x30, 0x333                    inst_313+28
x30 <- 0x00000000B504F333

clint mtime 0x000000000000052B (mip.MTI <- 0b1, mip.STI <- 0b0)
mem[X,0x0000000080002950] -> 0x6F93
mem[X,0x0000000080002952] -> 0xAABF
[2646] [M]: 0x0000000080002950 (0xAABF6F93) ori x31, x30, -0x555                    inst_313+32
x31 <- 0xFFFFFFFFFFFFFBBB

mem[X,0x0000000080002954] -> 0xBC23
mem[X,0x0000000080002956] -> 0x0FF3
[2647] [M]: 0x0000000080002954 (0x0FF3BC23) sd x31, 0xf8(x7)                        inst_313+36
mem[W,0x0000000080006AE0] <- 0xFFFFFFFFFFFFFBBB

clint mtime 0x000000000000052C (mip.MTI <- 0b1, mip.STI <- 0b0)
mem[X,0x0000000080002958] -> 0x0F37
mem[X,0x000000008000295A] -> 0x0000
[2648] [M]: 0x0000000080002958 (0x00000F37) lui x30, 0x0                            inst_314+0
x30 <- 0x0000000000000000

mem[X,0x000000008000295C] -> 0x0F13
mem[X,0x000000008000295E] -> 0x000F
[2649] [M]: 0x000000008000295C (0x000F0F13) addi x30, x30, 0x0                      inst_314+4
x30 <- 0x0000000000000000

clint mtime 0x000000000000052D (mip.MTI <- 0b1, mip.STI <- 0b0)
mem[X,0x0000000080002960] -> 0x1F13
mem[X,0x0000000080002962] -> 0x00BF
[2650] [M]: 0x0000000080002960 (0x00BF1F13) slli x30, x30, 0xb                      inst_314+8
x30 <- 0x0000000000000000

mem[X,0x0000000080002964] -> 0x0F13
mem[X,0x0000000080002966] -> 0x5A8F
[2651] [M]: 0x0000000080002964 (0x5A8F0F13) addi x30, x30, 0x5a8                    inst_314+12
x30 <- 0x00000000000005A8

clint mtime 0x000000000000052E (mip.MTI <- 0b1, mip.STI <- 0b0)
mem[X,0x0000000080002968] -> 0x1F13
mem[X,0x000000008000296A] -> 0x00BF
[2652] [M]: 0x0000000080002968 (0x00BF1F13) slli x30, x30, 0xb                      inst_314+16
x30 <- 0x00000000002D4000

mem[X,0x000000008000296C] -> 0x0F13
mem[X,0x000000008000296E] -> 0x13CF
[2653] [M]: 0x000000008000296C (0x13CF0F13) addi x30, x30, 0x13c                    inst_314+20
x30 <- 0x00000000002D413C

clint mtime 0x000000000000052F (mip.MTI <- 0b1, mip.STI <- 0b0)
mem[X,0x0000000080002970] -> 0x1F13
mem[X,0x0000000080002972] -> 0x00AF
[2654] [M]: 0x0000000080002970 (0x00AF1F13) slli x30, x30, 0xa                      inst_314+24
x30 <- 0x00000000B504F000

mem[X,0x0000000080002974] -> 0x0F13
mem[X,0x0000000080002976] -> 0x333F
[2655] [M]: 0x0000000080002974 (0x333F0F13) addi x30, x30, 0x333                    inst_314+28
x30 <- 0x00000000B504F333

clint mtime 0x0000000000000530 (mip.MTI <- 0b1, mip.STI <- 0b0)
mem[X,0x0000000080002978] -> 0x6F93
mem[X,0x000000008000297A] -> 0x556F
[2656] [M]: 0x0000000080002978 (0x556F6F93) ori x31, x30, 0x556                     inst_314+32
x31 <- 0x00000000B504F777

mem[X,0x000000008000297C] -> 0xB023
mem[X,0x000000008000297E] -> 0x11F3
[2657] [M]: 0x000000008000297C (0x11F3B023) sd x31, 0x100(x7)                       inst_314+36
mem[W,0x0000000080006AE8] <- 0x00000000B504F777

clint mtime 0x0000000000000531 (mip.MTI <- 0b1, mip.STI <- 0b0)
mem[X,0x0000000080002980] -> 0x0F37
mem[X,0x0000000080002982] -> 0x0000
[2658] [M]: 0x0000000080002980 (0x00000F37) lui x30, 0x0                            inst_315+0
x30 <- 0x0000000000000000

mem[X,0x0000000080002984] -> 0x0F13
mem[X,0x0000000080002986] -> 0x000F
[2659] [M]: 0x0000000080002984 (0x000F0F13) addi x30, x30, 0x0                      inst_315+4
x30 <- 0x0000000000000000

clint mtime 0x0000000000000532 (mip.MTI <- 0b1, mip.STI <- 0b0)
mem[X,0x0000000080002988] -> 0x1F13
mem[X,0x000000008000298A] -> 0x00BF
[2660] [M]: 0x0000000080002988 (0x00BF1F13) slli x30, x30, 0xb                      inst_315+8
x30 <- 0x0000000000000000

mem[X,0x000000008000298C] -> 0x0F13
mem[X,0x000000008000298E] -> 0x5A8F
[2661] [M]: 0x000000008000298C (0x5A8F0F13) addi x30, x30, 0x5a8                    inst_315+12
x30 <- 0x00000000000005A8

clint mtime 0x0000000000000533 (mip.MTI <- 0b1, mip.STI <- 0b0)
mem[X,0x0000000080002990] -> 0x1F13
mem[X,0x0000000080002992] -> 0x00BF
[2662] [M]: 0x0000000080002990 (0x00BF1F13) slli x30, x30, 0xb                      inst_315+16
x30 <- 0x00000000002D4000

mem[X,0x0000000080002994] -> 0x0F13
mem[X,0x0000000080002996] -> 0x13CF
[2663] [M]: 0x0000000080002994 (0x13CF0F13) addi x30, x30, 0x13c                    inst_315+20
x30 <- 0x00000000002D413C

clint mtime 0x0000000000000534 (mip.MTI <- 0b1, mip.STI <- 0b0)
mem[X,0x0000000080002998] -> 0x1F13
mem[X,0x000000008000299A] -> 0x00AF
[2664] [M]: 0x0000000080002998 (0x00AF1F13) slli x30, x30, 0xa                      inst_315+24
x30 <- 0x00000000B504F000

mem[X,0x000000008000299C] -> 0x0F13
mem[X,0x000000008000299E] -> 0x333F
[2665] [M]: 0x000000008000299C (0x333F0F13) addi x30, x30, 0x333                    inst_315+28
x30 <- 0x00000000B504F333

clint mtime 0x0000000000000535 (mip.MTI <- 0b1, mip.STI <- 0b0)
mem[X,0x00000000800029A0] -> 0x6F93
mem[X,0x00000000800029A2] -> 0x02CF
[2666] [M]: 0x00000000800029A0 (0x02CF6F93) ori x31, x30, 0x2c                      inst_315+32
x31 <- 0x00000000B504F33F

mem[X,0x00000000800029A4] -> 0xB423
mem[X,0x00000000800029A6] -> 0x11F3
[2667] [M]: 0x00000000800029A4 (0x11F3B423) sd x31, 0x108(x7)                       inst_315+36
mem[W,0x0000000080006AF0] <- 0x00000000B504F33F

clint mtime 0x0000000000000536 (mip.MTI <- 0b1, mip.STI <- 0b0)
mem[X,0x00000000800029A8] -> 0x0F37
mem[X,0x00000000800029AA] -> 0x0000
[2668] [M]: 0x00000000800029A8 (0x00000F37) lui x30, 0x0                            inst_316+0
x30 <- 0x0000000000000000

mem[X,0x00000000800029AC] -> 0x0F13
mem[X,0x00000000800029AE] -> 0x000F
[2669] [M]: 0x00000000800029AC (0x000F0F13) addi x30, x30, 0x0                      inst_316+4
x30 <- 0x0000000000000000

clint mtime 0x0000000000000537 (mip.MTI <- 0b1, mip.STI <- 0b0)
mem[X,0x00000000800029B0] -> 0x1F13
mem[X,0x00000000800029B2] -> 0x00BF
[2670] [M]: 0x00000000800029B0 (0x00BF1F13) slli x30, x30, 0xb                      inst_316+8
x30 <- 0x0000000000000000

mem[X,0x00000000800029B4] -> 0x0F13
mem[X,0x00000000800029B6] -> 0x5A8F
[2671] [M]: 0x00000000800029B4 (0x5A8F0F13) addi x30, x30, 0x5a8                    inst_316+12
x30 <- 0x00000000000005A8

clint mtime 0x0000000000000538 (mip.MTI <- 0b1, mip.STI <- 0b0)
mem[X,0x00000000800029B8] -> 0x1F13
mem[X,0x00000000800029BA] -> 0x00BF
[2672] [M]: 0x00000000800029B8 (0x00BF1F13) slli x30, x30, 0xb                      inst_316+16
x30 <- 0x00000000002D4000

mem[X,0x00000000800029BC] -> 0x0F13
mem[X,0x00000000800029BE] -> 0x13CF
[2673] [M]: 0x00000000800029BC (0x13CF0F13) addi x30, x30, 0x13c                    inst_316+20
x30 <- 0x00000000002D413C

clint mtime 0x0000000000000539 (mip.MTI <- 0b1, mip.STI <- 0b0)
mem[X,0x00000000800029C0] -> 0x1F13
mem[X,0x00000000800029C2] -> 0x00AF
[2674] [M]: 0x00000000800029C0 (0x00AF1F13) slli x30, x30, 0xa                      inst_316+24
x30 <- 0x00000000B504F000

mem[X,0x00000000800029C4] -> 0x0F13
mem[X,0x00000000800029C6] -> 0x333F
[2675] [M]: 0x00000000800029C4 (0x333F0F13) addi x30, x30, 0x333                    inst_316+28
x30 <- 0x00000000B504F333

clint mtime 0x000000000000053A (mip.MTI <- 0b1, mip.STI <- 0b0)
mem[X,0x00000000800029C8] -> 0x6F93
mem[X,0x00000000800029CA] -> 0x665F
[2676] [M]: 0x00000000800029C8 (0x665F6F93) ori x31, x30, 0x665                     inst_316+32
x31 <- 0x00000000B504F777

mem[X,0x00000000800029CC] -> 0xB823
mem[X,0x00000000800029CE] -> 0x11F3
[2677] [M]: 0x00000000800029CC (0x11F3B823) sd x31, 0x110(x7)                       inst_316+36
mem[W,0x0000000080006AF8] <- 0x00000000B504F777

clint mtime 0x000000000000053B (mip.MTI <- 0b1, mip.STI <- 0b0)
mem[X,0x00000000800029D0] -> 0x0F37
mem[X,0x00000000800029D2] -> 0x0000
[2678] [M]: 0x00000000800029D0 (0x00000F37) lui x30, 0x0                            inst_317+0
x30 <- 0x0000000000000000

mem[X,0x00000000800029D4] -> 0x0F13
mem[X,0x00000000800029D6] -> 0x000F
[2679] [M]: 0x00000000800029D4 (0x000F0F13) addi x30, x30, 0x0                      inst_317+4
x30 <- 0x0000000000000000

clint mtime 0x000000000000053C (mip.MTI <- 0b1, mip.STI <- 0b0)
mem[X,0x00000000800029D8] -> 0x1F13
mem[X,0x00000000800029DA] -> 0x00BF
[2680] [M]: 0x00000000800029D8 (0x00BF1F13) slli x30, x30, 0xb                      inst_317+8
x30 <- 0x0000000000000000

mem[X,0x00000000800029DC] -> 0x0F13
mem[X,0x00000000800029DE] -> 0x5A8F
[2681] [M]: 0x00000000800029DC (0x5A8F0F13) addi x30, x30, 0x5a8                    inst_317+12
x30 <- 0x00000000000005A8

clint mtime 0x000000000000053D (mip.MTI <- 0b1, mip.STI <- 0b0)
mem[X,0x00000000800029E0] -> 0x1F13
mem[X,0x00000000800029E2] -> 0x00BF
[2682] [M]: 0x00000000800029E0 (0x00BF1F13) slli x30, x30, 0xb                      inst_317+16
x30 <- 0x00000000002D4000

mem[X,0x00000000800029E4] -> 0x0F13
mem[X,0x00000000800029E6] -> 0x13CF
[2683] [M]: 0x00000000800029E4 (0x13CF0F13) addi x30, x30, 0x13c                    inst_317+20
x30 <- 0x00000000002D413C

clint mtime 0x000000000000053E (mip.MTI <- 0b1, mip.STI <- 0b0)
mem[X,0x00000000800029E8] -> 0x1F13
mem[X,0x00000000800029EA] -> 0x00AF
[2684] [M]: 0x00000000800029E8 (0x00AF1F13) slli x30, x30, 0xa                      inst_317+24
x30 <- 0x00000000B504F000

mem[X,0x00000000800029EC] -> 0x0F13
mem[X,0x00000000800029EE] -> 0x333F
[2685] [M]: 0x00000000800029EC (0x333F0F13) addi x30, x30, 0x333                    inst_317+28
x30 <- 0x00000000B504F333

clint mtime 0x000000000000053F (mip.MTI <- 0b1, mip.STI <- 0b0)
mem[X,0x00000000800029F0] -> 0x6F93
mem[X,0x00000000800029F2] -> 0x332F
[2686] [M]: 0x00000000800029F0 (0x332F6F93) ori x31, x30, 0x332                     inst_317+32
x31 <- 0x00000000B504F333

mem[X,0x00000000800029F4] -> 0xBC23
mem[X,0x00000000800029F6] -> 0x11F3
[2687] [M]: 0x00000000800029F4 (0x11F3BC23) sd x31, 0x118(x7)                       inst_317+36
mem[W,0x0000000080006B00] <- 0x00000000B504F333

clint mtime 0x0000000000000540 (mip.MTI <- 0b1, mip.STI <- 0b0)
mem[X,0x00000000800029F8] -> 0x0F37
mem[X,0x00000000800029FA] -> 0x0000
[2688] [M]: 0x00000000800029F8 (0x00000F37) lui x30, 0x0                            inst_318+0
x30 <- 0x0000000000000000

mem[X,0x00000000800029FC] -> 0x0F13
mem[X,0x00000000800029FE] -> 0x000F
[2689] [M]: 0x00000000800029FC (0x000F0F13) addi x30, x30, 0x0                      inst_318+4
x30 <- 0x0000000000000000

clint mtime 0x0000000000000541 (mip.MTI <- 0b1, mip.STI <- 0b0)
mem[X,0x0000000080002A00] -> 0x1F13
mem[X,0x0000000080002A02] -> 0x00BF
[2690] [M]: 0x0000000080002A00 (0x00BF1F13) slli x30, x30, 0xb                      inst_318+8
x30 <- 0x0000000000000000

mem[X,0x0000000080002A04] -> 0x0F13
mem[X,0x0000000080002A06] -> 0x5A8F
[2691] [M]: 0x0000000080002A04 (0x5A8F0F13) addi x30, x30, 0x5a8                    inst_318+12
x30 <- 0x00000000000005A8

clint mtime 0x0000000000000542 (mip.MTI <- 0b1, mip.STI <- 0b0)
mem[X,0x0000000080002A08] -> 0x1F13
mem[X,0x0000000080002A0A] -> 0x00BF
[2692] [M]: 0x0000000080002A08 (0x00BF1F13) slli x30, x30, 0xb                      inst_318+16
x30 <- 0x00000000002D4000

mem[X,0x0000000080002A0C] -> 0x0F13
mem[X,0x0000000080002A0E] -> 0x13CF
[2693] [M]: 0x0000000080002A0C (0x13CF0F13) addi x30, x30, 0x13c                    inst_318+20
x30 <- 0x00000000002D413C

clint mtime 0x0000000000000543 (mip.MTI <- 0b1, mip.STI <- 0b0)
mem[X,0x0000000080002A10] -> 0x1F13
mem[X,0x0000000080002A12] -> 0x00AF
[2694] [M]: 0x0000000080002A10 (0x00AF1F13) slli x30, x30, 0xa                      inst_318+24
x30 <- 0x00000000B504F000

mem[X,0x0000000080002A14] -> 0x0F13
mem[X,0x0000000080002A16] -> 0x333F
[2695] [M]: 0x0000000080002A14 (0x333F0F13) addi x30, x30, 0x333                    inst_318+28
x30 <- 0x00000000B504F333

clint mtime 0x0000000000000544 (mip.MTI <- 0b1, mip.STI <- 0b0)
mem[X,0x0000000080002A18] -> 0x6F93
mem[X,0x0000000080002A1A] -> 0x004F
[2696] [M]: 0x0000000080002A18 (0x004F6F93) ori x31, x30, 0x4                       inst_318+32
x31 <- 0x00000000B504F337

mem[X,0x0000000080002A1C] -> 0xB023
mem[X,0x0000000080002A1E] -> 0x13F3
[2697] [M]: 0x0000000080002A1C (0x13F3B023) sd x31, 0x120(x7)                       inst_318+36
mem[W,0x0000000080006B08] <- 0x00000000B504F337

clint mtime 0x0000000000000545 (mip.MTI <- 0b1, mip.STI <- 0b0)
mem[X,0x0000000080002A20] -> 0x0F37
mem[X,0x0000000080002A22] -> 0x0000
[2698] [M]: 0x0000000080002A20 (0x00000F37) lui x30, 0x0                            inst_319+0
x30 <- 0x0000000000000000

mem[X,0x0000000080002A24] -> 0x0F13
mem[X,0x0000000080002A26] -> 0x000F
[2699] [M]: 0x0000000080002A24 (0x000F0F13) addi x30, x30, 0x0                      inst_319+4
x30 <- 0x0000000000000000

clint mtime 0x0000000000000546 (mip.MTI <- 0b1, mip.STI <- 0b0)
mem[X,0x0000000080002A28] -> 0x1F13
mem[X,0x0000000080002A2A] -> 0x00BF
[2700] [M]: 0x0000000080002A28 (0x00BF1F13) slli x30, x30, 0xb                      inst_319+8
x30 <- 0x0000000000000000

mem[X,0x0000000080002A2C] -> 0x0F13
mem[X,0x0000000080002A2E] -> 0x5A8F
[2701] [M]: 0x0000000080002A2C (0x5A8F0F13) addi x30, x30, 0x5a8                    inst_319+12
x30 <- 0x00000000000005A8

clint mtime 0x0000000000000547 (mip.MTI <- 0b1, mip.STI <- 0b0)
mem[X,0x0000000080002A30] -> 0x1F13
mem[X,0x0000000080002A32] -> 0x00BF
[2702] [M]: 0x0000000080002A30 (0x00BF1F13) slli x30, x30, 0xb                      inst_319+16
x30 <- 0x00000000002D4000

mem[X,0x0000000080002A34] -> 0x0F13
mem[X,0x0000000080002A36] -> 0x13CF
[2703] [M]: 0x0000000080002A34 (0x13CF0F13) addi x30, x30, 0x13c                    inst_319+20
x30 <- 0x00000000002D413C

clint mtime 0x0000000000000548 (mip.MTI <- 0b1, mip.STI <- 0b0)
mem[X,0x0000000080002A38] -> 0x1F13
mem[X,0x0000000080002A3A] -> 0x00AF
[2704] [M]: 0x0000000080002A38 (0x00AF1F13) slli x30, x30, 0xa                      inst_319+24
x30 <- 0x00000000B504F000

mem[X,0x0000000080002A3C] -> 0x0F13
mem[X,0x0000000080002A3E] -> 0x333F
[2705] [M]: 0x0000000080002A3C (0x333F0F13) addi x30, x30, 0x333                    inst_319+28
x30 <- 0x00000000B504F333

clint mtime 0x0000000000000549 (mip.MTI <- 0b1, mip.STI <- 0b0)
mem[X,0x0000000080002A40] -> 0x6F93
mem[X,0x0000000080002A42] -> 0x000F
[2706] [M]: 0x0000000080002A40 (0x000F6F93) ori x31, x30, 0x0                       inst_319+32
x31 <- 0x00000000B504F333

mem[X,0x0000000080002A44] -> 0xB423
mem[X,0x0000000080002A46] -> 0x13F3
[2707] [M]: 0x0000000080002A44 (0x13F3B423) sd x31, 0x128(x7)                       inst_319+36
mem[W,0x0000000080006B10] <- 0x00000000B504F333

clint mtime 0x000000000000054A (mip.MTI <- 0b1, mip.STI <- 0b0)
mem[X,0x0000000080002A48] -> 0x0F37
mem[X,0x0000000080002A4A] -> 0x0000
[2708] [M]: 0x0000000080002A48 (0x00000F37) lui x30, 0x0                            inst_320+0
x30 <- 0x0000000000000000

mem[X,0x0000000080002A4C] -> 0x0F13
mem[X,0x0000000080002A4E] -> 0x000F
[2709] [M]: 0x0000000080002A4C (0x000F0F13) addi x30, x30, 0x0                      inst_320+4
x30 <- 0x0000000000000000

clint mtime 0x000000000000054B (mip.MTI <- 0b1, mip.STI <- 0b0)
mem[X,0x0000000080002A50] -> 0x1F13
mem[X,0x0000000080002A52] -> 0x00BF
[2710] [M]: 0x0000000080002A50 (0x00BF1F13) slli x30, x30, 0xb                      inst_320+8
x30 <- 0x0000000000000000

mem[X,0x0000000080002A54] -> 0x0F13
mem[X,0x0000000080002A56] -> 0x5A8F
[2711] [M]: 0x0000000080002A54 (0x5A8F0F13) addi x30, x30, 0x5a8                    inst_320+12
x30 <- 0x00000000000005A8

clint mtime 0x000000000000054C (mip.MTI <- 0b1, mip.STI <- 0b0)
mem[X,0x0000000080002A58] -> 0x1F13
mem[X,0x0000000080002A5A] -> 0x00BF
[2712] [M]: 0x0000000080002A58 (0x00BF1F13) slli x30, x30, 0xb                      inst_320+16
x30 <- 0x00000000002D4000

mem[X,0x0000000080002A5C] -> 0x0F13
mem[X,0x0000000080002A5E] -> 0x13CF
[2713] [M]: 0x0000000080002A5C (0x13CF0F13) addi x30, x30, 0x13c                    inst_320+20
x30 <- 0x00000000002D413C

clint mtime 0x000000000000054D (mip.MTI <- 0b1, mip.STI <- 0b0)
mem[X,0x0000000080002A60] -> 0x1F13
mem[X,0x0000000080002A62] -> 0x00AF
[2714] [M]: 0x0000000080002A60 (0x00AF1F13) slli x30, x30, 0xa                      inst_320+24
x30 <- 0x00000000B504F000

mem[X,0x0000000080002A64] -> 0x0F13
mem[X,0x0000000080002A66] -> 0x333F
[2715] [M]: 0x0000000080002A64 (0x333F0F13) addi x30, x30, 0x333                    inst_320+28
x30 <- 0x00000000B504F333

clint mtime 0x000000000000054E (mip.MTI <- 0b1, mip.STI <- 0b0)
mem[X,0x0000000080002A68] -> 0x6F93
mem[X,0x0000000080002A6A] -> 0x554F
[2716] [M]: 0x0000000080002A68 (0x554F6F93) ori x31, x30, 0x554                     inst_320+32
x31 <- 0x00000000B504F777

mem[X,0x0000000080002A6C] -> 0xB823
mem[X,0x0000000080002A6E] -> 0x13F3
[2717] [M]: 0x0000000080002A6C (0x13F3B823) sd x31, 0x130(x7)                       inst_320+36
mem[W,0x0000000080006B18] <- 0x00000000B504F777

clint mtime 0x000000000000054F (mip.MTI <- 0b1, mip.STI <- 0b0)
mem[X,0x0000000080002A70] -> 0x0F37
mem[X,0x0000000080002A72] -> 0x0000
[2718] [M]: 0x0000000080002A70 (0x00000F37) lui x30, 0x0                            inst_321+0
x30 <- 0x0000000000000000

mem[X,0x0000000080002A74] -> 0x0F13
mem[X,0x0000000080002A76] -> 0x000F
[2719] [M]: 0x0000000080002A74 (0x000F0F13) addi x30, x30, 0x0                      inst_321+4
x30 <- 0x0000000000000000

clint mtime 0x0000000000000550 (mip.MTI <- 0b1, mip.STI <- 0b0)
mem[X,0x0000000080002A78] -> 0x1F13
mem[X,0x0000000080002A7A] -> 0x00BF
[2720] [M]: 0x0000000080002A78 (0x00BF1F13) slli x30, x30, 0xb                      inst_321+8
x30 <- 0x0000000000000000

mem[X,0x0000000080002A7C] -> 0x0F13
mem[X,0x0000000080002A7E] -> 0x5A8F
[2721] [M]: 0x0000000080002A7C (0x5A8F0F13) addi x30, x30, 0x5a8                    inst_321+12
x30 <- 0x00000000000005A8

clint mtime 0x0000000000000551 (mip.MTI <- 0b1, mip.STI <- 0b0)
mem[X,0x0000000080002A80] -> 0x1F13
mem[X,0x0000000080002A82] -> 0x00BF
[2722] [M]: 0x0000000080002A80 (0x00BF1F13) slli x30, x30, 0xb                      inst_321+16
x30 <- 0x00000000002D4000

mem[X,0x0000000080002A84] -> 0x0F13
mem[X,0x0000000080002A86] -> 0x13CF
[2723] [M]: 0x0000000080002A84 (0x13CF0F13) addi x30, x30, 0x13c                    inst_321+20
x30 <- 0x00000000002D413C

clint mtime 0x0000000000000552 (mip.MTI <- 0b1, mip.STI <- 0b0)
mem[X,0x0000000080002A88] -> 0x1F13
mem[X,0x0000000080002A8A] -> 0x00AF
[2724] [M]: 0x0000000080002A88 (0x00AF1F13) slli x30, x30, 0xa                      inst_321+24
x30 <- 0x00000000B504F000

mem[X,0x0000000080002A8C] -> 0x0F13
mem[X,0x0000000080002A8E] -> 0x333F
[2725] [M]: 0x0000000080002A8C (0x333F0F13) addi x30, x30, 0x333                    inst_321+28
x30 <- 0x00000000B504F333

clint mtime 0x0000000000000553 (mip.MTI <- 0b1, mip.STI <- 0b0)
mem[X,0x0000000080002A90] -> 0x6F93
mem[X,0x0000000080002A92] -> 0x002F
[2726] [M]: 0x0000000080002A90 (0x002F6F93) ori x31, x30, 0x2                       inst_321+32
x31 <- 0x00000000B504F333

mem[X,0x0000000080002A94] -> 0xBC23
mem[X,0x0000000080002A96] -> 0x13F3
[2727] [M]: 0x0000000080002A94 (0x13F3BC23) sd x31, 0x138(x7)                       inst_321+36
mem[W,0x0000000080006B20] <- 0x00000000B504F333

clint mtime 0x0000000000000554 (mip.MTI <- 0b1, mip.STI <- 0b0)
mem[X,0x0000000080002A98] -> 0x0F37
mem[X,0x0000000080002A9A] -> 0x0000
[2728] [M]: 0x0000000080002A98 (0x00000F37) lui x30, 0x0                            inst_322+0
x30 <- 0x0000000000000000

mem[X,0x0000000080002A9C] -> 0x0F13
mem[X,0x0000000080002A9E] -> 0x000F
[2729] [M]: 0x0000000080002A9C (0x000F0F13) addi x30, x30, 0x0                      inst_322+4
x30 <- 0x0000000000000000

clint mtime 0x0000000000000555 (mip.MTI <- 0b1, mip.STI <- 0b0)
mem[X,0x0000000080002AA0] -> 0x1F13
mem[X,0x0000000080002AA2] -> 0x00BF
[2730] [M]: 0x0000000080002AA0 (0x00BF1F13) slli x30, x30, 0xb                      inst_322+8
x30 <- 0x0000000000000000

mem[X,0x0000000080002AA4] -> 0x0F13
mem[X,0x0000000080002AA6] -> 0x5A8F
[2731] [M]: 0x0000000080002AA4 (0x5A8F0F13) addi x30, x30, 0x5a8                    inst_322+12
x30 <- 0x00000000000005A8

clint mtime 0x0000000000000556 (mip.MTI <- 0b1, mip.STI <- 0b0)
mem[X,0x0000000080002AA8] -> 0x1F13
mem[X,0x0000000080002AAA] -> 0x00BF
[2732] [M]: 0x0000000080002AA8 (0x00BF1F13) slli x30, x30, 0xb                      inst_322+16
x30 <- 0x00000000002D4000

mem[X,0x0000000080002AAC] -> 0x0F13
mem[X,0x0000000080002AAE] -> 0x13CF
[2733] [M]: 0x0000000080002AAC (0x13CF0F13) addi x30, x30, 0x13c                    inst_322+20
x30 <- 0x00000000002D413C

clint mtime 0x0000000000000557 (mip.MTI <- 0b1, mip.STI <- 0b0)
mem[X,0x0000000080002AB0] -> 0x1F13
mem[X,0x0000000080002AB2] -> 0x00AF
[2734] [M]: 0x0000000080002AB0 (0x00AF1F13) slli x30, x30, 0xa                      inst_322+24
x30 <- 0x00000000B504F000

mem[X,0x0000000080002AB4] -> 0x0F13
mem[X,0x0000000080002AB6] -> 0x333F
[2735] [M]: 0x0000000080002AB4 (0x333F0F13) addi x30, x30, 0x333                    inst_322+28
x30 <- 0x00000000B504F333

clint mtime 0x0000000000000558 (mip.MTI <- 0b1, mip.STI <- 0b0)
mem[X,0x0000000080002AB8] -> 0x6F93
mem[X,0x0000000080002ABA] -> 0x02DF
[2736] [M]: 0x0000000080002AB8 (0x02DF6F93) ori x31, x30, 0x2d                      inst_322+32
x31 <- 0x00000000B504F33F

mem[X,0x0000000080002ABC] -> 0xB023
mem[X,0x0000000080002ABE] -> 0x15F3
[2737] [M]: 0x0000000080002ABC (0x15F3B023) sd x31, 0x140(x7)                       inst_322+36
mem[W,0x0000000080006B28] <- 0x00000000B504F33F

clint mtime 0x0000000000000559 (mip.MTI <- 0b1, mip.STI <- 0b0)
mem[X,0x0000000080002AC0] -> 0x0F37
mem[X,0x0000000080002AC2] -> 0x0000
[2738] [M]: 0x0000000080002AC0 (0x00000F37) lui x30, 0x0                            inst_323+0
x30 <- 0x0000000000000000

mem[X,0x0000000080002AC4] -> 0x0F13
mem[X,0x0000000080002AC6] -> 0x000F
[2739] [M]: 0x0000000080002AC4 (0x000F0F13) addi x30, x30, 0x0                      inst_323+4
x30 <- 0x0000000000000000

clint mtime 0x000000000000055A (mip.MTI <- 0b1, mip.STI <- 0b0)
mem[X,0x0000000080002AC8] -> 0x1F13
mem[X,0x0000000080002ACA] -> 0x00BF
[2740] [M]: 0x0000000080002AC8 (0x00BF1F13) slli x30, x30, 0xb                      inst_323+8
x30 <- 0x0000000000000000

mem[X,0x0000000080002ACC] -> 0x0F13
mem[X,0x0000000080002ACE] -> 0x5A8F
[2741] [M]: 0x0000000080002ACC (0x5A8F0F13) addi x30, x30, 0x5a8                    inst_323+12
x30 <- 0x00000000000005A8

clint mtime 0x000000000000055B (mip.MTI <- 0b1, mip.STI <- 0b0)
mem[X,0x0000000080002AD0] -> 0x1F13
mem[X,0x0000000080002AD2] -> 0x00BF
[2742] [M]: 0x0000000080002AD0 (0x00BF1F13) slli x30, x30, 0xb                      inst_323+16
x30 <- 0x00000000002D4000

mem[X,0x0000000080002AD4] -> 0x0F13
mem[X,0x0000000080002AD6] -> 0x13CF
[2743] [M]: 0x0000000080002AD4 (0x13CF0F13) addi x30, x30, 0x13c                    inst_323+20
x30 <- 0x00000000002D413C

clint mtime 0x000000000000055C (mip.MTI <- 0b1, mip.STI <- 0b0)
mem[X,0x0000000080002AD8] -> 0x1F13
mem[X,0x0000000080002ADA] -> 0x00AF
[2744] [M]: 0x0000000080002AD8 (0x00AF1F13) slli x30, x30, 0xa                      inst_323+24
x30 <- 0x00000000B504F000

mem[X,0x0000000080002ADC] -> 0x0F13
mem[X,0x0000000080002ADE] -> 0x333F
[2745] [M]: 0x0000000080002ADC (0x333F0F13) addi x30, x30, 0x333                    inst_323+28
x30 <- 0x00000000B504F333

clint mtime 0x000000000000055D (mip.MTI <- 0b1, mip.STI <- 0b0)
mem[X,0x0000000080002AE0] -> 0x6F93
mem[X,0x0000000080002AE2] -> 0xFD3F
[2746] [M]: 0x0000000080002AE0 (0xFD3F6F93) ori x31, x30, -0x2d                     inst_323+32
x31 <- 0xFFFFFFFFFFFFFFF3

mem[X,0x0000000080002AE4] -> 0xB423
mem[X,0x0000000080002AE6] -> 0x15F3
[2747] [M]: 0x0000000080002AE4 (0x15F3B423) sd x31, 0x148(x7)                       inst_323+36
mem[W,0x0000000080006B30] <- 0xFFFFFFFFFFFFFFF3

clint mtime 0x000000000000055E (mip.MTI <- 0b1, mip.STI <- 0b0)
mem[X,0x0000000080002AE8] -> 0x0F37
mem[X,0x0000000080002AEA] -> 0x0000
[2748] [M]: 0x0000000080002AE8 (0x00000F37) lui x30, 0x0                            inst_324+0
x30 <- 0x0000000000000000

mem[X,0x0000000080002AEC] -> 0x0F13
mem[X,0x0000000080002AEE] -> 0x000F
[2749] [M]: 0x0000000080002AEC (0x000F0F13) addi x30, x30, 0x0                      inst_324+4
x30 <- 0x0000000000000000

clint mtime 0x000000000000055F (mip.MTI <- 0b1, mip.STI <- 0b0)
mem[X,0x0000000080002AF0] -> 0x1F13
mem[X,0x0000000080002AF2] -> 0x00BF
[2750] [M]: 0x0000000080002AF0 (0x00BF1F13) slli x30, x30, 0xb                      inst_324+8
x30 <- 0x0000000000000000

mem[X,0x0000000080002AF4] -> 0x0F13
mem[X,0x0000000080002AF6] -> 0x5A8F
[2751] [M]: 0x0000000080002AF4 (0x5A8F0F13) addi x30, x30, 0x5a8                    inst_324+12
x30 <- 0x00000000000005A8

clint mtime 0x0000000000000560 (mip.MTI <- 0b1, mip.STI <- 0b0)
mem[X,0x0000000080002AF8] -> 0x1F13
mem[X,0x0000000080002AFA] -> 0x00BF
[2752] [M]: 0x0000000080002AF8 (0x00BF1F13) slli x30, x30, 0xb                      inst_324+16
x30 <- 0x00000000002D4000

mem[X,0x0000000080002AFC] -> 0x0F13
mem[X,0x0000000080002AFE] -> 0x13CF
[2753] [M]: 0x0000000080002AFC (0x13CF0F13) addi x30, x30, 0x13c                    inst_324+20
x30 <- 0x00000000002D413C

clint mtime 0x0000000000000561 (mip.MTI <- 0b1, mip.STI <- 0b0)
mem[X,0x0000000080002B00] -> 0x1F13
mem[X,0x0000000080002B02] -> 0x00AF
[2754] [M]: 0x0000000080002B00 (0x00AF1F13) slli x30, x30, 0xa                      inst_324+24
x30 <- 0x00000000B504F000

mem[X,0x0000000080002B04] -> 0x0F13
mem[X,0x0000000080002B06] -> 0x333F
[2755] [M]: 0x0000000080002B04 (0x333F0F13) addi x30, x30, 0x333                    inst_324+28
x30 <- 0x00000000B504F333

clint mtime 0x0000000000000562 (mip.MTI <- 0b1, mip.STI <- 0b0)
mem[X,0x0000000080002B08] -> 0x6F93
mem[X,0x0000000080002B0A] -> 0x666F
[2756] [M]: 0x0000000080002B08 (0x666F6F93) ori x31, x30, 0x666                     inst_324+32
x31 <- 0x00000000B504F777

mem[X,0x0000000080002B0C] -> 0xB823
mem[X,0x0000000080002B0E] -> 0x15F3
[2757] [M]: 0x0000000080002B0C (0x15F3B823) sd x31, 0x150(x7)                       inst_324+36
mem[W,0x0000000080006B38] <- 0x00000000B504F777

clint mtime 0x0000000000000563 (mip.MTI <- 0b1, mip.STI <- 0b0)
mem[X,0x0000000080002B10] -> 0x0F37
mem[X,0x0000000080002B12] -> 0x0000
[2758] [M]: 0x0000000080002B10 (0x00000F37) lui x30, 0x0                            inst_325+0
x30 <- 0x0000000000000000

mem[X,0x0000000080002B14] -> 0x0F13
mem[X,0x0000000080002B16] -> 0x000F
[2759] [M]: 0x0000000080002B14 (0x000F0F13) addi x30, x30, 0x0                      inst_325+4
x30 <- 0x0000000000000000

clint mtime 0x0000000000000564 (mip.MTI <- 0b1, mip.STI <- 0b0)
mem[X,0x0000000080002B18] -> 0x1F13
mem[X,0x0000000080002B1A] -> 0x00BF
[2760] [M]: 0x0000000080002B18 (0x00BF1F13) slli x30, x30, 0xb                      inst_325+8
x30 <- 0x0000000000000000

mem[X,0x0000000080002B1C] -> 0x0F13
mem[X,0x0000000080002B1E] -> 0x5A8F
[2761] [M]: 0x0000000080002B1C (0x5A8F0F13) addi x30, x30, 0x5a8                    inst_325+12
x30 <- 0x00000000000005A8

clint mtime 0x0000000000000565 (mip.MTI <- 0b1, mip.STI <- 0b0)
mem[X,0x0000000080002B20] -> 0x1F13
mem[X,0x0000000080002B22] -> 0x00BF
[2762] [M]: 0x0000000080002B20 (0x00BF1F13) slli x30, x30, 0xb                      inst_325+16
x30 <- 0x00000000002D4000

mem[X,0x0000000080002B24] -> 0x0F13
mem[X,0x0000000080002B26] -> 0x13CF
[2763] [M]: 0x0000000080002B24 (0x13CF0F13) addi x30, x30, 0x13c                    inst_325+20
x30 <- 0x00000000002D413C

clint mtime 0x0000000000000566 (mip.MTI <- 0b1, mip.STI <- 0b0)
mem[X,0x0000000080002B28] -> 0x1F13
mem[X,0x0000000080002B2A] -> 0x00AF
[2764] [M]: 0x0000000080002B28 (0x00AF1F13) slli x30, x30, 0xa                      inst_325+24
x30 <- 0x00000000B504F000

mem[X,0x0000000080002B2C] -> 0x0F13
mem[X,0x0000000080002B2E] -> 0x333F
[2765] [M]: 0x0000000080002B2C (0x333F0F13) addi x30, x30, 0x333                    inst_325+28
x30 <- 0x00000000B504F333

clint mtime 0x0000000000000567 (mip.MTI <- 0b1, mip.STI <- 0b0)
mem[X,0x0000000080002B30] -> 0x6F93
mem[X,0x0000000080002B32] -> 0x333F
[2766] [M]: 0x0000000080002B30 (0x333F6F93) ori x31, x30, 0x333                     inst_325+32
x31 <- 0x00000000B504F333

mem[X,0x0000000080002B34] -> 0xBC23
mem[X,0x0000000080002B36] -> 0x15F3
[2767] [M]: 0x0000000080002B34 (0x15F3BC23) sd x31, 0x158(x7)                       inst_325+36
mem[W,0x0000000080006B40] <- 0x00000000B504F333

clint mtime 0x0000000000000568 (mip.MTI <- 0b1, mip.STI <- 0b0)
mem[X,0x0000000080002B38] -> 0x0F37
mem[X,0x0000000080002B3A] -> 0x0000
[2768] [M]: 0x0000000080002B38 (0x00000F37) lui x30, 0x0                            inst_326+0
x30 <- 0x0000000000000000

mem[X,0x0000000080002B3C] -> 0x0F13
mem[X,0x0000000080002B3E] -> 0x000F
[2769] [M]: 0x0000000080002B3C (0x000F0F13) addi x30, x30, 0x0                      inst_326+4
x30 <- 0x0000000000000000

clint mtime 0x0000000000000569 (mip.MTI <- 0b1, mip.STI <- 0b0)
mem[X,0x0000000080002B40] -> 0x1F13
mem[X,0x0000000080002B42] -> 0x00BF
[2770] [M]: 0x0000000080002B40 (0x00BF1F13) slli x30, x30, 0xb                      inst_326+8
x30 <- 0x0000000000000000

mem[X,0x0000000080002B44] -> 0x0F13
mem[X,0x0000000080002B46] -> 0x5A8F
[2771] [M]: 0x0000000080002B44 (0x5A8F0F13) addi x30, x30, 0x5a8                    inst_326+12
x30 <- 0x00000000000005A8

clint mtime 0x000000000000056A (mip.MTI <- 0b1, mip.STI <- 0b0)
mem[X,0x0000000080002B48] -> 0x1F13
mem[X,0x0000000080002B4A] -> 0x00BF
[2772] [M]: 0x0000000080002B48 (0x00BF1F13) slli x30, x30, 0xb                      inst_326+16
x30 <- 0x00000000002D4000

mem[X,0x0000000080002B4C] -> 0x0F13
mem[X,0x0000000080002B4E] -> 0x13CF
[2773] [M]: 0x0000000080002B4C (0x13CF0F13) addi x30, x30, 0x13c                    inst_326+20
x30 <- 0x00000000002D413C

clint mtime 0x000000000000056B (mip.MTI <- 0b1, mip.STI <- 0b0)
mem[X,0x0000000080002B50] -> 0x1F13
mem[X,0x0000000080002B52] -> 0x00AF
[2774] [M]: 0x0000000080002B50 (0x00AF1F13) slli x30, x30, 0xa                      inst_326+24
x30 <- 0x00000000B504F000

mem[X,0x0000000080002B54] -> 0x0F13
mem[X,0x0000000080002B56] -> 0x333F
[2775] [M]: 0x0000000080002B54 (0x333F0F13) addi x30, x30, 0x333                    inst_326+28
x30 <- 0x00000000B504F333

clint mtime 0x000000000000056C (mip.MTI <- 0b1, mip.STI <- 0b0)
mem[X,0x0000000080002B58] -> 0x6F93
mem[X,0x0000000080002B5A] -> 0x005F
[2776] [M]: 0x0000000080002B58 (0x005F6F93) ori x31, x30, 0x5                       inst_326+32
x31 <- 0x00000000B504F337

mem[X,0x0000000080002B5C] -> 0xB023
mem[X,0x0000000080002B5E] -> 0x17F3
[2777] [M]: 0x0000000080002B5C (0x17F3B023) sd x31, 0x160(x7)                       inst_326+36
mem[W,0x0000000080006B48] <- 0x00000000B504F337

clint mtime 0x000000000000056D (mip.MTI <- 0b1, mip.STI <- 0b0)
mem[X,0x0000000080002B60] -> 0x0F37
mem[X,0x0000000080002B62] -> 0x0000
[2778] [M]: 0x0000000080002B60 (0x00000F37) lui x30, 0x0                            inst_327+0
x30 <- 0x0000000000000000

mem[X,0x0000000080002B64] -> 0x0F13
mem[X,0x0000000080002B66] -> 0x000F
[2779] [M]: 0x0000000080002B64 (0x000F0F13) addi x30, x30, 0x0                      inst_327+4
x30 <- 0x0000000000000000

clint mtime 0x000000000000056E (mip.MTI <- 0b1, mip.STI <- 0b0)
mem[X,0x0000000080002B68] -> 0x1F13
mem[X,0x0000000080002B6A] -> 0x00BF
[2780] [M]: 0x0000000080002B68 (0x00BF1F13) slli x30, x30, 0xb                      inst_327+8
x30 <- 0x0000000000000000

mem[X,0x0000000080002B6C] -> 0x0F13
mem[X,0x0000000080002B6E] -> 0x5A8F
[2781] [M]: 0x0000000080002B6C (0x5A8F0F13) addi x30, x30, 0x5a8                    inst_327+12
x30 <- 0x00000000000005A8

clint mtime 0x000000000000056F (mip.MTI <- 0b1, mip.STI <- 0b0)
mem[X,0x0000000080002B70] -> 0x1F13
mem[X,0x0000000080002B72] -> 0x00BF
[2782] [M]: 0x0000000080002B70 (0x00BF1F13) slli x30, x30, 0xb                      inst_327+16
x30 <- 0x00000000002D4000

mem[X,0x0000000080002B74] -> 0x0F13
mem[X,0x0000000080002B76] -> 0x13CF
[2783] [M]: 0x0000000080002B74 (0x13CF0F13) addi x30, x30, 0x13c                    inst_327+20
x30 <- 0x00000000002D413C

clint mtime 0x0000000000000570 (mip.MTI <- 0b1, mip.STI <- 0b0)
mem[X,0x0000000080002B78] -> 0x1F13
mem[X,0x0000000080002B7A] -> 0x00AF
[2784] [M]: 0x0000000080002B78 (0x00AF1F13) slli x30, x30, 0xa                      inst_327+24
x30 <- 0x00000000B504F000

mem[X,0x0000000080002B7C] -> 0x0F13
mem[X,0x0000000080002B7E] -> 0x333F
[2785] [M]: 0x0000000080002B7C (0x333F0F13) addi x30, x30, 0x333                    inst_327+28
x30 <- 0x00000000B504F333

clint mtime 0x0000000000000571 (mip.MTI <- 0b1, mip.STI <- 0b0)
mem[X,0x0000000080002B80] -> 0x6F93
mem[X,0x0000000080002B82] -> 0xAAAF
[2786] [M]: 0x0000000080002B80 (0xAAAF6F93) ori x31, x30, -0x556                    inst_327+32
x31 <- 0xFFFFFFFFFFFFFBBB

mem[X,0x0000000080002B84] -> 0xB423
mem[X,0x0000000080002B86] -> 0x17F3
[2787] [M]: 0x0000000080002B84 (0x17F3B423) sd x31, 0x168(x7)                       inst_327+36
mem[W,0x0000000080006B50] <- 0xFFFFFFFFFFFFFBBB

clint mtime 0x0000000000000572 (mip.MTI <- 0b1, mip.STI <- 0b0)
mem[X,0x0000000080002B88] -> 0x0F37
mem[X,0x0000000080002B8A] -> 0x0000
[2788] [M]: 0x0000000080002B88 (0x00000F37) lui x30, 0x0                            inst_328+0
x30 <- 0x0000000000000000

mem[X,0x0000000080002B8C] -> 0x0F13
mem[X,0x0000000080002B8E] -> 0x000F
[2789] [M]: 0x0000000080002B8C (0x000F0F13) addi x30, x30, 0x0                      inst_328+4
x30 <- 0x0000000000000000

clint mtime 0x0000000000000573 (mip.MTI <- 0b1, mip.STI <- 0b0)
mem[X,0x0000000080002B90] -> 0x1F13
mem[X,0x0000000080002B92] -> 0x00BF
[2790] [M]: 0x0000000080002B90 (0x00BF1F13) slli x30, x30, 0xb                      inst_328+8
x30 <- 0x0000000000000000

mem[X,0x0000000080002B94] -> 0x0F13
mem[X,0x0000000080002B96] -> 0x5A8F
[2791] [M]: 0x0000000080002B94 (0x5A8F0F13) addi x30, x30, 0x5a8                    inst_328+12
x30 <- 0x00000000000005A8

clint mtime 0x0000000000000574 (mip.MTI <- 0b1, mip.STI <- 0b0)
mem[X,0x0000000080002B98] -> 0x1F13
mem[X,0x0000000080002B9A] -> 0x00BF
[2792] [M]: 0x0000000080002B98 (0x00BF1F13) slli x30, x30, 0xb                      inst_328+16
x30 <- 0x00000000002D4000

mem[X,0x0000000080002B9C] -> 0x0F13
mem[X,0x0000000080002B9E] -> 0x13CF
[2793] [M]: 0x0000000080002B9C (0x13CF0F13) addi x30, x30, 0x13c                    inst_328+20
x30 <- 0x00000000002D413C

clint mtime 0x0000000000000575 (mip.MTI <- 0b1, mip.STI <- 0b0)
mem[X,0x0000000080002BA0] -> 0x1F13
mem[X,0x0000000080002BA2] -> 0x00AF
[2794] [M]: 0x0000000080002BA0 (0x00AF1F13) slli x30, x30, 0xa                      inst_328+24
x30 <- 0x00000000B504F000

mem[X,0x0000000080002BA4] -> 0x0F13
mem[X,0x0000000080002BA6] -> 0x333F
[2795] [M]: 0x0000000080002BA4 (0x333F0F13) addi x30, x30, 0x333                    inst_328+28
x30 <- 0x00000000B504F333

clint mtime 0x0000000000000576 (mip.MTI <- 0b1, mip.STI <- 0b0)
mem[X,0x0000000080002BA8] -> 0x6F93
mem[X,0x0000000080002BAA] -> 0x555F
[2796] [M]: 0x0000000080002BA8 (0x555F6F93) ori x31, x30, 0x555                     inst_328+32
x31 <- 0x00000000B504F777

mem[X,0x0000000080002BAC] -> 0xB823
mem[X,0x0000000080002BAE] -> 0x17F3
[2797] [M]: 0x0000000080002BAC (0x17F3B823) sd x31, 0x170(x7)                       inst_328+36
mem[W,0x0000000080006B58] <- 0x00000000B504F777

clint mtime 0x0000000000000577 (mip.MTI <- 0b1, mip.STI <- 0b0)
mem[X,0x0000000080002BB0] -> 0x0F37
mem[X,0x0000000080002BB2] -> 0x0000
[2798] [M]: 0x0000000080002BB0 (0x00000F37) lui x30, 0x0                            inst_329+0
x30 <- 0x0000000000000000

mem[X,0x0000000080002BB4] -> 0x0F13
mem[X,0x0000000080002BB6] -> 0x000F
[2799] [M]: 0x0000000080002BB4 (0x000F0F13) addi x30, x30, 0x0                      inst_329+4
x30 <- 0x0000000000000000

clint mtime 0x0000000000000578 (mip.MTI <- 0b1, mip.STI <- 0b0)
mem[X,0x0000000080002BB8] -> 0x1F13
mem[X,0x0000000080002BBA] -> 0x00BF
[2800] [M]: 0x0000000080002BB8 (0x00BF1F13) slli x30, x30, 0xb                      inst_329+8
x30 <- 0x0000000000000000

mem[X,0x0000000080002BBC] -> 0x0F13
mem[X,0x0000000080002BBE] -> 0x5A8F
[2801] [M]: 0x0000000080002BBC (0x5A8F0F13) addi x30, x30, 0x5a8                    inst_329+12
x30 <- 0x00000000000005A8

clint mtime 0x0000000000000579 (mip.MTI <- 0b1, mip.STI <- 0b0)
mem[X,0x0000000080002BC0] -> 0x1F13
mem[X,0x0000000080002BC2] -> 0x00BF
[2802] [M]: 0x0000000080002BC0 (0x00BF1F13) slli x30, x30, 0xb                      inst_329+16
x30 <- 0x00000000002D4000

mem[X,0x0000000080002BC4] -> 0x0F13
mem[X,0x0000000080002BC6] -> 0x13CF
[2803] [M]: 0x0000000080002BC4 (0x13CF0F13) addi x30, x30, 0x13c                    inst_329+20
x30 <- 0x00000000002D413C

clint mtime 0x000000000000057A (mip.MTI <- 0b1, mip.STI <- 0b0)
mem[X,0x0000000080002BC8] -> 0x1F13
mem[X,0x0000000080002BCA] -> 0x00AF
[2804] [M]: 0x0000000080002BC8 (0x00AF1F13) slli x30, x30, 0xa                      inst_329+24
x30 <- 0x00000000B504F000

mem[X,0x0000000080002BCC] -> 0x0F13
mem[X,0x0000000080002BCE] -> 0x333F
[2805] [M]: 0x0000000080002BCC (0x333F0F13) addi x30, x30, 0x333                    inst_329+28
x30 <- 0x00000000B504F333

clint mtime 0x000000000000057B (mip.MTI <- 0b1, mip.STI <- 0b0)
mem[X,0x0000000080002BD0] -> 0x6F93
mem[X,0x0000000080002BD2] -> 0x003F
[2806] [M]: 0x0000000080002BD0 (0x003F6F93) ori x31, x30, 0x3                       inst_329+32
x31 <- 0x00000000B504F333

mem[X,0x0000000080002BD4] -> 0xBC23
mem[X,0x0000000080002BD6] -> 0x17F3
[2807] [M]: 0x0000000080002BD4 (0x17F3BC23) sd x31, 0x178(x7)                       inst_329+36
mem[W,0x0000000080006B60] <- 0x00000000B504F333

clint mtime 0x000000000000057C (mip.MTI <- 0b1, mip.STI <- 0b0)
mem[X,0x0000000080002BD8] -> 0x0F37
mem[X,0x0000000080002BDA] -> 0x0000
[2808] [M]: 0x0000000080002BD8 (0x00000F37) lui x30, 0x0                            inst_330+0
x30 <- 0x0000000000000000

mem[X,0x0000000080002BDC] -> 0x0F13
mem[X,0x0000000080002BDE] -> 0xFFFF
[2809] [M]: 0x0000000080002BDC (0xFFFF0F13) addi x30, x30, -0x1                     inst_330+4
x30 <- 0xFFFFFFFFFFFFFFFF

clint mtime 0x000000000000057D (mip.MTI <- 0b1, mip.STI <- 0b0)
mem[X,0x0000000080002BE0] -> 0x1F13
mem[X,0x0000000080002BE2] -> 0x00BF
[2810] [M]: 0x0000000080002BE0 (0x00BF1F13) slli x30, x30, 0xb                      inst_330+8
x30 <- 0xFFFFFFFFFFFFF800

mem[X,0x0000000080002BE4] -> 0x0F13
mem[X,0x0000000080002BE6] -> 0x257F
[2811] [M]: 0x0000000080002BE4 (0x257F0F13) addi x30, x30, 0x257                    inst_330+12
x30 <- 0xFFFFFFFFFFFFFA57

clint mtime 0x000000000000057E (mip.MTI <- 0b1, mip.STI <- 0b0)
mem[X,0x0000000080002BE8] -> 0x1F13
mem[X,0x0000000080002BEA] -> 0x00BF
[2812] [M]: 0x0000000080002BE8 (0x00BF1F13) slli x30, x30, 0xb                      inst_330+16
x30 <- 0xFFFFFFFFFFD2B800

mem[X,0x0000000080002BEC] -> 0x0F13
mem[X,0x0000000080002BEE] -> 0x6C3F
[2813] [M]: 0x0000000080002BEC (0x6C3F0F13) addi x30, x30, 0x6c3                    inst_330+20
x30 <- 0xFFFFFFFFFFD2BEC3

clint mtime 0x000000000000057F (mip.MTI <- 0b1, mip.STI <- 0b0)
mem[X,0x0000000080002BF0] -> 0x1F13
mem[X,0x0000000080002BF2] -> 0x00AF
[2814] [M]: 0x0000000080002BF0 (0x00AF1F13) slli x30, x30, 0xa                      inst_330+24
x30 <- 0xFFFFFFFF4AFB0C00

mem[X,0x0000000080002BF4] -> 0x0F13
mem[X,0x0000000080002BF6] -> 0x0CDF
[2815] [M]: 0x0000000080002BF4 (0x0CDF0F13) addi x30, x30, 0xcd                     inst_330+28
x30 <- 0xFFFFFFFF4AFB0CCD

clint mtime 0x0000000000000580 (mip.MTI <- 0b1, mip.STI <- 0b0)
mem[X,0x0000000080002BF8] -> 0x6F93
mem[X,0x0000000080002BFA] -> 0x02EF
[2816] [M]: 0x0000000080002BF8 (0x02EF6F93) ori x31, x30, 0x2e                      inst_330+32
x31 <- 0xFFFFFFFF4AFB0CEF

mem[X,0x0000000080002BFC] -> 0xB023
mem[X,0x0000000080002BFE] -> 0x19F3
[2817] [M]: 0x0000000080002BFC (0x19F3B023) sd x31, 0x180(x7)                       inst_330+36
mem[W,0x0000000080006B68] <- 0xFFFFFFFF4AFB0CEF

clint mtime 0x0000000000000581 (mip.MTI <- 0b1, mip.STI <- 0b0)
mem[X,0x0000000080002C00] -> 0x0F37
mem[X,0x0000000080002C02] -> 0x0000
[2818] [M]: 0x0000000080002C00 (0x00000F37) lui x30, 0x0                            inst_331+0
x30 <- 0x0000000000000000

mem[X,0x0000000080002C04] -> 0x0F13
mem[X,0x0000000080002C06] -> 0xFFFF
[2819] [M]: 0x0000000080002C04 (0xFFFF0F13) addi x30, x30, -0x1                     inst_331+4
x30 <- 0xFFFFFFFFFFFFFFFF

clint mtime 0x0000000000000582 (mip.MTI <- 0b1, mip.STI <- 0b0)
mem[X,0x0000000080002C08] -> 0x1F13
mem[X,0x0000000080002C0A] -> 0x00BF
[2820] [M]: 0x0000000080002C08 (0x00BF1F13) slli x30, x30, 0xb                      inst_331+8
x30 <- 0xFFFFFFFFFFFFF800

mem[X,0x0000000080002C0C] -> 0x0F13
mem[X,0x0000000080002C0E] -> 0x257F
[2821] [M]: 0x0000000080002C0C (0x257F0F13) addi x30, x30, 0x257                    inst_331+12
x30 <- 0xFFFFFFFFFFFFFA57

clint mtime 0x0000000000000583 (mip.MTI <- 0b1, mip.STI <- 0b0)
mem[X,0x0000000080002C10] -> 0x1F13
mem[X,0x0000000080002C12] -> 0x00BF
[2822] [M]: 0x0000000080002C10 (0x00BF1F13) slli x30, x30, 0xb                      inst_331+16
x30 <- 0xFFFFFFFFFFD2B800

mem[X,0x0000000080002C14] -> 0x0F13
mem[X,0x0000000080002C16] -> 0x6C3F
[2823] [M]: 0x0000000080002C14 (0x6C3F0F13) addi x30, x30, 0x6c3                    inst_331+20
x30 <- 0xFFFFFFFFFFD2BEC3

clint mtime 0x0000000000000584 (mip.MTI <- 0b1, mip.STI <- 0b0)
mem[X,0x0000000080002C18] -> 0x1F13
mem[X,0x0000000080002C1A] -> 0x00AF
[2824] [M]: 0x0000000080002C18 (0x00AF1F13) slli x30, x30, 0xa                      inst_331+24
x30 <- 0xFFFFFFFF4AFB0C00

mem[X,0x0000000080002C1C] -> 0x0F13
mem[X,0x0000000080002C1E] -> 0x0CDF
[2825] [M]: 0x0000000080002C1C (0x0CDF0F13) addi x30, x30, 0xcd                     inst_331+28
x30 <- 0xFFFFFFFF4AFB0CCD

clint mtime 0x0000000000000585 (mip.MTI <- 0b1, mip.STI <- 0b0)
mem[X,0x0000000080002C20] -> 0x6F93
mem[X,0x0000000080002C22] -> 0xFD4F
[2826] [M]: 0x0000000080002C20 (0xFD4F6F93) ori x31, x30, -0x2c                     inst_331+32
x31 <- 0xFFFFFFFFFFFFFFDD

mem[X,0x0000000080002C24] -> 0xB423
mem[X,0x0000000080002C26] -> 0x19F3
[2827] [M]: 0x0000000080002C24 (0x19F3B423) sd x31, 0x188(x7)                       inst_331+36
mem[W,0x0000000080006B70] <- 0xFFFFFFFFFFFFFFDD

clint mtime 0x0000000000000586 (mip.MTI <- 0b1, mip.STI <- 0b0)
mem[X,0x0000000080002C28] -> 0x0F37
mem[X,0x0000000080002C2A] -> 0x0000
[2828] [M]: 0x0000000080002C28 (0x00000F37) lui x30, 0x0                            inst_332+0
x30 <- 0x0000000000000000

mem[X,0x0000000080002C2C] -> 0x0F13
mem[X,0x0000000080002C2E] -> 0xFFFF
[2829] [M]: 0x0000000080002C2C (0xFFFF0F13) addi x30, x30, -0x1                     inst_332+4
x30 <- 0xFFFFFFFFFFFFFFFF

clint mtime 0x0000000000000587 (mip.MTI <- 0b1, mip.STI <- 0b0)
mem[X,0x0000000080002C30] -> 0x1F13
mem[X,0x0000000080002C32] -> 0x00BF
[2830] [M]: 0x0000000080002C30 (0x00BF1F13) slli x30, x30, 0xb                      inst_332+8
x30 <- 0xFFFFFFFFFFFFF800

mem[X,0x0000000080002C34] -> 0x0F13
mem[X,0x0000000080002C36] -> 0x257F
[2831] [M]: 0x0000000080002C34 (0x257F0F13) addi x30, x30, 0x257                    inst_332+12
x30 <- 0xFFFFFFFFFFFFFA57

clint mtime 0x0000000000000588 (mip.MTI <- 0b1, mip.STI <- 0b0)
mem[X,0x0000000080002C38] -> 0x1F13
mem[X,0x0000000080002C3A] -> 0x00BF
[2832] [M]: 0x0000000080002C38 (0x00BF1F13) slli x30, x30, 0xb                      inst_332+16
x30 <- 0xFFFFFFFFFFD2B800

mem[X,0x0000000080002C3C] -> 0x0F13
mem[X,0x0000000080002C3E] -> 0x6C3F
[2833] [M]: 0x0000000080002C3C (0x6C3F0F13) addi x30, x30, 0x6c3                    inst_332+20
x30 <- 0xFFFFFFFFFFD2BEC3

clint mtime 0x0000000000000589 (mip.MTI <- 0b1, mip.STI <- 0b0)
mem[X,0x0000000080002C40] -> 0x1F13
mem[X,0x0000000080002C42] -> 0x00AF
[2834] [M]: 0x0000000080002C40 (0x00AF1F13) slli x30, x30, 0xa                      inst_332+24
x30 <- 0xFFFFFFFF4AFB0C00

mem[X,0x0000000080002C44] -> 0x0F13
mem[X,0x0000000080002C46] -> 0x0CDF
[2835] [M]: 0x0000000080002C44 (0x0CDF0F13) addi x30, x30, 0xcd                     inst_332+28
x30 <- 0xFFFFFFFF4AFB0CCD

clint mtime 0x000000000000058A (mip.MTI <- 0b1, mip.STI <- 0b0)
mem[X,0x0000000080002C48] -> 0x6F93
mem[X,0x0000000080002C4A] -> 0x667F
[2836] [M]: 0x0000000080002C48 (0x667F6F93) ori x31, x30, 0x667                     inst_332+32
x31 <- 0xFFFFFFFF4AFB0EEF

mem[X,0x0000000080002C4C] -> 0xB823
mem[X,0x0000000080002C4E] -> 0x19F3
[2837] [M]: 0x0000000080002C4C (0x19F3B823) sd x31, 0x190(x7)                       inst_332+36
mem[W,0x0000000080006B78] <- 0xFFFFFFFF4AFB0EEF

clint mtime 0x000000000000058B (mip.MTI <- 0b1, mip.STI <- 0b0)
mem[X,0x0000000080002C50] -> 0x0F37
mem[X,0x0000000080002C52] -> 0x0000
[2838] [M]: 0x0000000080002C50 (0x00000F37) lui x30, 0x0                            inst_333+0
x30 <- 0x0000000000000000

mem[X,0x0000000080002C54] -> 0x0F13
mem[X,0x0000000080002C56] -> 0xFFFF
[2839] [M]: 0x0000000080002C54 (0xFFFF0F13) addi x30, x30, -0x1                     inst_333+4
x30 <- 0xFFFFFFFFFFFFFFFF

clint mtime 0x000000000000058C (mip.MTI <- 0b1, mip.STI <- 0b0)
mem[X,0x0000000080002C58] -> 0x1F13
mem[X,0x0000000080002C5A] -> 0x00BF
[2840] [M]: 0x0000000080002C58 (0x00BF1F13) slli x30, x30, 0xb                      inst_333+8
x30 <- 0xFFFFFFFFFFFFF800

mem[X,0x0000000080002C5C] -> 0x0F13
mem[X,0x0000000080002C5E] -> 0x257F
[2841] [M]: 0x0000000080002C5C (0x257F0F13) addi x30, x30, 0x257                    inst_333+12
x30 <- 0xFFFFFFFFFFFFFA57

clint mtime 0x000000000000058D (mip.MTI <- 0b1, mip.STI <- 0b0)
mem[X,0x0000000080002C60] -> 0x1F13
mem[X,0x0000000080002C62] -> 0x00BF
[2842] [M]: 0x0000000080002C60 (0x00BF1F13) slli x30, x30, 0xb                      inst_333+16
x30 <- 0xFFFFFFFFFFD2B800

mem[X,0x0000000080002C64] -> 0x0F13
mem[X,0x0000000080002C66] -> 0x6C3F
[2843] [M]: 0x0000000080002C64 (0x6C3F0F13) addi x30, x30, 0x6c3                    inst_333+20
x30 <- 0xFFFFFFFFFFD2BEC3

clint mtime 0x000000000000058E (mip.MTI <- 0b1, mip.STI <- 0b0)
mem[X,0x0000000080002C68] -> 0x1F13
mem[X,0x0000000080002C6A] -> 0x00AF
[2844] [M]: 0x0000000080002C68 (0x00AF1F13) slli x30, x30, 0xa                      inst_333+24
x30 <- 0xFFFFFFFF4AFB0C00

mem[X,0x0000000080002C6C] -> 0x0F13
mem[X,0x0000000080002C6E] -> 0x0CDF
[2845] [M]: 0x0000000080002C6C (0x0CDF0F13) addi x30, x30, 0xcd                     inst_333+28
x30 <- 0xFFFFFFFF4AFB0CCD

clint mtime 0x000000000000058F (mip.MTI <- 0b1, mip.STI <- 0b0)
mem[X,0x0000000080002C70] -> 0x6F93
mem[X,0x0000000080002C72] -> 0x334F
[2846] [M]: 0x0000000080002C70 (0x334F6F93) ori x31, x30, 0x334                     inst_333+32
x31 <- 0xFFFFFFFF4AFB0FFD

mem[X,0x0000000080002C74] -> 0xBC23
mem[X,0x0000000080002C76] -> 0x19F3
[2847] [M]: 0x0000000080002C74 (0x19F3BC23) sd x31, 0x198(x7)                       inst_333+36
mem[W,0x0000000080006B80] <- 0xFFFFFFFF4AFB0FFD

clint mtime 0x0000000000000590 (mip.MTI <- 0b1, mip.STI <- 0b0)
mem[X,0x0000000080002C78] -> 0x0F37
mem[X,0x0000000080002C7A] -> 0x0000
[2848] [M]: 0x0000000080002C78 (0x00000F37) lui x30, 0x0                            inst_334+0
x30 <- 0x0000000000000000

mem[X,0x0000000080002C7C] -> 0x0F13
mem[X,0x0000000080002C7E] -> 0xFFFF
[2849] [M]: 0x0000000080002C7C (0xFFFF0F13) addi x30, x30, -0x1                     inst_334+4
x30 <- 0xFFFFFFFFFFFFFFFF

clint mtime 0x0000000000000591 (mip.MTI <- 0b1, mip.STI <- 0b0)
mem[X,0x0000000080002C80] -> 0x1F13
mem[X,0x0000000080002C82] -> 0x00BF
[2850] [M]: 0x0000000080002C80 (0x00BF1F13) slli x30, x30, 0xb                      inst_334+8
x30 <- 0xFFFFFFFFFFFFF800

mem[X,0x0000000080002C84] -> 0x0F13
mem[X,0x0000000080002C86] -> 0x257F
[2851] [M]: 0x0000000080002C84 (0x257F0F13) addi x30, x30, 0x257                    inst_334+12
x30 <- 0xFFFFFFFFFFFFFA57

clint mtime 0x0000000000000592 (mip.MTI <- 0b1, mip.STI <- 0b0)
mem[X,0x0000000080002C88] -> 0x1F13
mem[X,0x0000000080002C8A] -> 0x00BF
[2852] [M]: 0x0000000080002C88 (0x00BF1F13) slli x30, x30, 0xb                      inst_334+16
x30 <- 0xFFFFFFFFFFD2B800

mem[X,0x0000000080002C8C] -> 0x0F13
mem[X,0x0000000080002C8E] -> 0x6C3F
[2853] [M]: 0x0000000080002C8C (0x6C3F0F13) addi x30, x30, 0x6c3                    inst_334+20
x30 <- 0xFFFFFFFFFFD2BEC3

clint mtime 0x0000000000000593 (mip.MTI <- 0b1, mip.STI <- 0b0)
mem[X,0x0000000080002C90] -> 0x1F13
mem[X,0x0000000080002C92] -> 0x00AF
[2854] [M]: 0x0000000080002C90 (0x00AF1F13) slli x30, x30, 0xa                      inst_334+24
x30 <- 0xFFFFFFFF4AFB0C00

mem[X,0x0000000080002C94] -> 0x0F13
mem[X,0x0000000080002C96] -> 0x0CDF
[2855] [M]: 0x0000000080002C94 (0x0CDF0F13) addi x30, x30, 0xcd                     inst_334+28
x30 <- 0xFFFFFFFF4AFB0CCD

clint mtime 0x0000000000000594 (mip.MTI <- 0b1, mip.STI <- 0b0)
mem[X,0x0000000080002C98] -> 0x6F93
mem[X,0x0000000080002C9A] -> 0x006F
[2856] [M]: 0x0000000080002C98 (0x006F6F93) ori x31, x30, 0x6                       inst_334+32
x31 <- 0xFFFFFFFF4AFB0CCF

mem[X,0x0000000080002C9C] -> 0xB023
mem[X,0x0000000080002C9E] -> 0x1BF3
[2857] [M]: 0x0000000080002C9C (0x1BF3B023) sd x31, 0x1a0(x7)                       inst_334+36
mem[W,0x0000000080006B88] <- 0xFFFFFFFF4AFB0CCF

clint mtime 0x0000000000000595 (mip.MTI <- 0b1, mip.STI <- 0b0)
mem[X,0x0000000080002CA0] -> 0x0F37
mem[X,0x0000000080002CA2] -> 0x0000
[2858] [M]: 0x0000000080002CA0 (0x00000F37) lui x30, 0x0                            inst_335+0
x30 <- 0x0000000000000000

mem[X,0x0000000080002CA4] -> 0x0F13
mem[X,0x0000000080002CA6] -> 0xFFFF
[2859] [M]: 0x0000000080002CA4 (0xFFFF0F13) addi x30, x30, -0x1                     inst_335+4
x30 <- 0xFFFFFFFFFFFFFFFF

clint mtime 0x0000000000000596 (mip.MTI <- 0b1, mip.STI <- 0b0)
mem[X,0x0000000080002CA8] -> 0x1F13
mem[X,0x0000000080002CAA] -> 0x00BF
[2860] [M]: 0x0000000080002CA8 (0x00BF1F13) slli x30, x30, 0xb                      inst_335+8
x30 <- 0xFFFFFFFFFFFFF800

mem[X,0x0000000080002CAC] -> 0x0F13
mem[X,0x0000000080002CAE] -> 0x257F
[2861] [M]: 0x0000000080002CAC (0x257F0F13) addi x30, x30, 0x257                    inst_335+12
x30 <- 0xFFFFFFFFFFFFFA57

clint mtime 0x0000000000000597 (mip.MTI <- 0b1, mip.STI <- 0b0)
mem[X,0x0000000080002CB0] -> 0x1F13
mem[X,0x0000000080002CB2] -> 0x00BF
[2862] [M]: 0x0000000080002CB0 (0x00BF1F13) slli x30, x30, 0xb                      inst_335+16
x30 <- 0xFFFFFFFFFFD2B800

mem[X,0x0000000080002CB4] -> 0x0F13
mem[X,0x0000000080002CB6] -> 0x6C3F
[2863] [M]: 0x0000000080002CB4 (0x6C3F0F13) addi x30, x30, 0x6c3                    inst_335+20
x30 <- 0xFFFFFFFFFFD2BEC3

clint mtime 0x0000000000000598 (mip.MTI <- 0b1, mip.STI <- 0b0)
mem[X,0x0000000080002CB8] -> 0x1F13
mem[X,0x0000000080002CBA] -> 0x00AF
[2864] [M]: 0x0000000080002CB8 (0x00AF1F13) slli x30, x30, 0xa                      inst_335+24
x30 <- 0xFFFFFFFF4AFB0C00

mem[X,0x0000000080002CBC] -> 0x0F13
mem[X,0x0000000080002CBE] -> 0x0CDF
[2865] [M]: 0x0000000080002CBC (0x0CDF0F13) addi x30, x30, 0xcd                     inst_335+28
x30 <- 0xFFFFFFFF4AFB0CCD

clint mtime 0x0000000000000599 (mip.MTI <- 0b1, mip.STI <- 0b0)
mem[X,0x0000000080002CC0] -> 0x6F93
mem[X,0x0000000080002CC2] -> 0xAABF
[2866] [M]: 0x0000000080002CC0 (0xAABF6F93) ori x31, x30, -0x555                    inst_335+32
x31 <- 0xFFFFFFFFFFFFFEEF

mem[X,0x0000000080002CC4] -> 0xB423
mem[X,0x0000000080002CC6] -> 0x1BF3
[2867] [M]: 0x0000000080002CC4 (0x1BF3B423) sd x31, 0x1a8(x7)                       inst_335+36
mem[W,0x0000000080006B90] <- 0xFFFFFFFFFFFFFEEF

clint mtime 0x000000000000059A (mip.MTI <- 0b1, mip.STI <- 0b0)
mem[X,0x0000000080002CC8] -> 0x0F37
mem[X,0x0000000080002CCA] -> 0x0000
[2868] [M]: 0x0000000080002CC8 (0x00000F37) lui x30, 0x0                            inst_336+0
x30 <- 0x0000000000000000

mem[X,0x0000000080002CCC] -> 0x0F13
mem[X,0x0000000080002CCE] -> 0xFFFF
[2869] [M]: 0x0000000080002CCC (0xFFFF0F13) addi x30, x30, -0x1                     inst_336+4
x30 <- 0xFFFFFFFFFFFFFFFF

clint mtime 0x000000000000059B (mip.MTI <- 0b1, mip.STI <- 0b0)
mem[X,0x0000000080002CD0] -> 0x1F13
mem[X,0x0000000080002CD2] -> 0x00BF
[2870] [M]: 0x0000000080002CD0 (0x00BF1F13) slli x30, x30, 0xb                      inst_336+8
x30 <- 0xFFFFFFFFFFFFF800

mem[X,0x0000000080002CD4] -> 0x0F13
mem[X,0x0000000080002CD6] -> 0x257F
[2871] [M]: 0x0000000080002CD4 (0x257F0F13) addi x30, x30, 0x257                    inst_336+12
x30 <- 0xFFFFFFFFFFFFFA57

clint mtime 0x000000000000059C (mip.MTI <- 0b1, mip.STI <- 0b0)
mem[X,0x0000000080002CD8] -> 0x1F13
mem[X,0x0000000080002CDA] -> 0x00BF
[2872] [M]: 0x0000000080002CD8 (0x00BF1F13) slli x30, x30, 0xb                      inst_336+16
x30 <- 0xFFFFFFFFFFD2B800

mem[X,0x0000000080002CDC] -> 0x0F13
mem[X,0x0000000080002CDE] -> 0x6C3F
[2873] [M]: 0x0000000080002CDC (0x6C3F0F13) addi x30, x30, 0x6c3                    inst_336+20
x30 <- 0xFFFFFFFFFFD2BEC3

clint mtime 0x000000000000059D (mip.MTI <- 0b1, mip.STI <- 0b0)
mem[X,0x0000000080002CE0] -> 0x1F13
mem[X,0x0000000080002CE2] -> 0x00AF
[2874] [M]: 0x0000000080002CE0 (0x00AF1F13) slli x30, x30, 0xa                      inst_336+24
x30 <- 0xFFFFFFFF4AFB0C00

mem[X,0x0000000080002CE4] -> 0x0F13
mem[X,0x0000000080002CE6] -> 0x0CDF
[2875] [M]: 0x0000000080002CE4 (0x0CDF0F13) addi x30, x30, 0xcd                     inst_336+28
x30 <- 0xFFFFFFFF4AFB0CCD

clint mtime 0x000000000000059E (mip.MTI <- 0b1, mip.STI <- 0b0)
mem[X,0x0000000080002CE8] -> 0x6F93
mem[X,0x0000000080002CEA] -> 0x556F
[2876] [M]: 0x0000000080002CE8 (0x556F6F93) ori x31, x30, 0x556                     inst_336+32
x31 <- 0xFFFFFFFF4AFB0DDF

mem[X,0x0000000080002CEC] -> 0xB823
mem[X,0x0000000080002CEE] -> 0x1BF3
[2877] [M]: 0x0000000080002CEC (0x1BF3B823) sd x31, 0x1b0(x7)                       inst_336+36
mem[W,0x0000000080006B98] <- 0xFFFFFFFF4AFB0DDF

clint mtime 0x000000000000059F (mip.MTI <- 0b1, mip.STI <- 0b0)
mem[X,0x0000000080002CF0] -> 0x0F37
mem[X,0x0000000080002CF2] -> 0x0000
[2878] [M]: 0x0000000080002CF0 (0x00000F37) lui x30, 0x0                            inst_337+0
x30 <- 0x0000000000000000

mem[X,0x0000000080002CF4] -> 0x0F13
mem[X,0x0000000080002CF6] -> 0xFFFF
[2879] [M]: 0x0000000080002CF4 (0xFFFF0F13) addi x30, x30, -0x1                     inst_337+4
x30 <- 0xFFFFFFFFFFFFFFFF

clint mtime 0x00000000000005A0 (mip.MTI <- 0b1, mip.STI <- 0b0)
mem[X,0x0000000080002CF8] -> 0x1F13
mem[X,0x0000000080002CFA] -> 0x00BF
[2880] [M]: 0x0000000080002CF8 (0x00BF1F13) slli x30, x30, 0xb                      inst_337+8
x30 <- 0xFFFFFFFFFFFFF800

mem[X,0x0000000080002CFC] -> 0x0F13
mem[X,0x0000000080002CFE] -> 0x257F
[2881] [M]: 0x0000000080002CFC (0x257F0F13) addi x30, x30, 0x257                    inst_337+12
x30 <- 0xFFFFFFFFFFFFFA57

clint mtime 0x00000000000005A1 (mip.MTI <- 0b1, mip.STI <- 0b0)
mem[X,0x0000000080002D00] -> 0x1F13
mem[X,0x0000000080002D02] -> 0x00BF
[2882] [M]: 0x0000000080002D00 (0x00BF1F13) slli x30, x30, 0xb                      inst_337+16
x30 <- 0xFFFFFFFFFFD2B800

mem[X,0x0000000080002D04] -> 0x0F13
mem[X,0x0000000080002D06] -> 0x6C3F
[2883] [M]: 0x0000000080002D04 (0x6C3F0F13) addi x30, x30, 0x6c3                    inst_337+20
x30 <- 0xFFFFFFFFFFD2BEC3

clint mtime 0x00000000000005A2 (mip.MTI <- 0b1, mip.STI <- 0b0)
mem[X,0x0000000080002D08] -> 0x1F13
mem[X,0x0000000080002D0A] -> 0x00AF
[2884] [M]: 0x0000000080002D08 (0x00AF1F13) slli x30, x30, 0xa                      inst_337+24
x30 <- 0xFFFFFFFF4AFB0C00

mem[X,0x0000000080002D0C] -> 0x0F13
mem[X,0x0000000080002D0E] -> 0x0CDF
[2885] [M]: 0x0000000080002D0C (0x0CDF0F13) addi x30, x30, 0xcd                     inst_337+28
x30 <- 0xFFFFFFFF4AFB0CCD

clint mtime 0x00000000000005A3 (mip.MTI <- 0b1, mip.STI <- 0b0)
mem[X,0x0000000080002D10] -> 0x6F93
mem[X,0x0000000080002D12] -> 0x02CF
[2886] [M]: 0x0000000080002D10 (0x02CF6F93) ori x31, x30, 0x2c                      inst_337+32
x31 <- 0xFFFFFFFF4AFB0CED

mem[X,0x0000000080002D14] -> 0xBC23
mem[X,0x0000000080002D16] -> 0x1BF3
[2887] [M]: 0x0000000080002D14 (0x1BF3BC23) sd x31, 0x1b8(x7)                       inst_337+36
mem[W,0x0000000080006BA0] <- 0xFFFFFFFF4AFB0CED

clint mtime 0x00000000000005A4 (mip.MTI <- 0b1, mip.STI <- 0b0)
mem[X,0x0000000080002D18] -> 0x0F37
mem[X,0x0000000080002D1A] -> 0x0000
[2888] [M]: 0x0000000080002D18 (0x00000F37) lui x30, 0x0                            inst_338+0
x30 <- 0x0000000000000000

mem[X,0x0000000080002D1C] -> 0x0F13
mem[X,0x0000000080002D1E] -> 0xFFFF
[2889] [M]: 0x0000000080002D1C (0xFFFF0F13) addi x30, x30, -0x1                     inst_338+4
x30 <- 0xFFFFFFFFFFFFFFFF

clint mtime 0x00000000000005A5 (mip.MTI <- 0b1, mip.STI <- 0b0)
mem[X,0x0000000080002D20] -> 0x1F13
mem[X,0x0000000080002D22] -> 0x00BF
[2890] [M]: 0x0000000080002D20 (0x00BF1F13) slli x30, x30, 0xb                      inst_338+8
x30 <- 0xFFFFFFFFFFFFF800

mem[X,0x0000000080002D24] -> 0x0F13
mem[X,0x0000000080002D26] -> 0x257F
[2891] [M]: 0x0000000080002D24 (0x257F0F13) addi x30, x30, 0x257                    inst_338+12
x30 <- 0xFFFFFFFFFFFFFA57

clint mtime 0x00000000000005A6 (mip.MTI <- 0b1, mip.STI <- 0b0)
mem[X,0x0000000080002D28] -> 0x1F13
mem[X,0x0000000080002D2A] -> 0x00BF
[2892] [M]: 0x0000000080002D28 (0x00BF1F13) slli x30, x30, 0xb                      inst_338+16
x30 <- 0xFFFFFFFFFFD2B800

mem[X,0x0000000080002D2C] -> 0x0F13
mem[X,0x0000000080002D2E] -> 0x6C3F
[2893] [M]: 0x0000000080002D2C (0x6C3F0F13) addi x30, x30, 0x6c3                    inst_338+20
x30 <- 0xFFFFFFFFFFD2BEC3

clint mtime 0x00000000000005A7 (mip.MTI <- 0b1, mip.STI <- 0b0)
mem[X,0x0000000080002D30] -> 0x1F13
mem[X,0x0000000080002D32] -> 0x00AF
[2894] [M]: 0x0000000080002D30 (0x00AF1F13) slli x30, x30, 0xa                      inst_338+24
x30 <- 0xFFFFFFFF4AFB0C00

mem[X,0x0000000080002D34] -> 0x0F13
mem[X,0x0000000080002D36] -> 0x0CDF
[2895] [M]: 0x0000000080002D34 (0x0CDF0F13) addi x30, x30, 0xcd                     inst_338+28
x30 <- 0xFFFFFFFF4AFB0CCD

clint mtime 0x00000000000005A8 (mip.MTI <- 0b1, mip.STI <- 0b0)
mem[X,0x0000000080002D38] -> 0x6F93
mem[X,0x0000000080002D3A] -> 0x665F
[2896] [M]: 0x0000000080002D38 (0x665F6F93) ori x31, x30, 0x665                     inst_338+32
x31 <- 0xFFFFFFFF4AFB0EED

mem[X,0x0000000080002D3C] -> 0xB023
mem[X,0x0000000080002D3E] -> 0x1DF3
[2897] [M]: 0x0000000080002D3C (0x1DF3B023) sd x31, 0x1c0(x7)                       inst_338+36
mem[W,0x0000000080006BA8] <- 0xFFFFFFFF4AFB0EED

clint mtime 0x00000000000005A9 (mip.MTI <- 0b1, mip.STI <- 0b0)
mem[X,0x0000000080002D40] -> 0x0F37
mem[X,0x0000000080002D42] -> 0x0000
[2898] [M]: 0x0000000080002D40 (0x00000F37) lui x30, 0x0                            inst_339+0
x30 <- 0x0000000000000000

mem[X,0x0000000080002D44] -> 0x0F13
mem[X,0x0000000080002D46] -> 0xFFFF
[2899] [M]: 0x0000000080002D44 (0xFFFF0F13) addi x30, x30, -0x1                     inst_339+4
x30 <- 0xFFFFFFFFFFFFFFFF

clint mtime 0x00000000000005AA (mip.MTI <- 0b1, mip.STI <- 0b0)
mem[X,0x0000000080002D48] -> 0x1F13
mem[X,0x0000000080002D4A] -> 0x00BF
[2900] [M]: 0x0000000080002D48 (0x00BF1F13) slli x30, x30, 0xb                      inst_339+8
x30 <- 0xFFFFFFFFFFFFF800

mem[X,0x0000000080002D4C] -> 0x0F13
mem[X,0x0000000080002D4E] -> 0x257F
[2901] [M]: 0x0000000080002D4C (0x257F0F13) addi x30, x30, 0x257                    inst_339+12
x30 <- 0xFFFFFFFFFFFFFA57

clint mtime 0x00000000000005AB (mip.MTI <- 0b1, mip.STI <- 0b0)
mem[X,0x0000000080002D50] -> 0x1F13
mem[X,0x0000000080002D52] -> 0x00BF
[2902] [M]: 0x0000000080002D50 (0x00BF1F13) slli x30, x30, 0xb                      inst_339+16
x30 <- 0xFFFFFFFFFFD2B800

mem[X,0x0000000080002D54] -> 0x0F13
mem[X,0x0000000080002D56] -> 0x6C3F
[2903] [M]: 0x0000000080002D54 (0x6C3F0F13) addi x30, x30, 0x6c3                    inst_339+20
x30 <- 0xFFFFFFFFFFD2BEC3

clint mtime 0x00000000000005AC (mip.MTI <- 0b1, mip.STI <- 0b0)
mem[X,0x0000000080002D58] -> 0x1F13
mem[X,0x0000000080002D5A] -> 0x00AF
[2904] [M]: 0x0000000080002D58 (0x00AF1F13) slli x30, x30, 0xa                      inst_339+24
x30 <- 0xFFFFFFFF4AFB0C00

mem[X,0x0000000080002D5C] -> 0x0F13
mem[X,0x0000000080002D5E] -> 0x0CDF
[2905] [M]: 0x0000000080002D5C (0x0CDF0F13) addi x30, x30, 0xcd                     inst_339+28
x30 <- 0xFFFFFFFF4AFB0CCD

clint mtime 0x00000000000005AD (mip.MTI <- 0b1, mip.STI <- 0b0)
mem[X,0x0000000080002D60] -> 0x6F93
mem[X,0x0000000080002D62] -> 0x332F
[2906] [M]: 0x0000000080002D60 (0x332F6F93) ori x31, x30, 0x332                     inst_339+32
x31 <- 0xFFFFFFFF4AFB0FFF

mem[X,0x0000000080002D64] -> 0xB423
mem[X,0x0000000080002D66] -> 0x1DF3
[2907] [M]: 0x0000000080002D64 (0x1DF3B423) sd x31, 0x1c8(x7)                       inst_339+36
mem[W,0x0000000080006BB0] <- 0xFFFFFFFF4AFB0FFF

clint mtime 0x00000000000005AE (mip.MTI <- 0b1, mip.STI <- 0b0)
mem[X,0x0000000080002D68] -> 0x0F37
mem[X,0x0000000080002D6A] -> 0x0000
[2908] [M]: 0x0000000080002D68 (0x00000F37) lui x30, 0x0                            inst_340+0
x30 <- 0x0000000000000000

mem[X,0x0000000080002D6C] -> 0x0F13
mem[X,0x0000000080002D6E] -> 0xFFFF
[2909] [M]: 0x0000000080002D6C (0xFFFF0F13) addi x30, x30, -0x1                     inst_340+4
x30 <- 0xFFFFFFFFFFFFFFFF

clint mtime 0x00000000000005AF (mip.MTI <- 0b1, mip.STI <- 0b0)
mem[X,0x0000000080002D70] -> 0x1F13
mem[X,0x0000000080002D72] -> 0x00BF
[2910] [M]: 0x0000000080002D70 (0x00BF1F13) slli x30, x30, 0xb                      inst_340+8
x30 <- 0xFFFFFFFFFFFFF800

mem[X,0x0000000080002D74] -> 0x0F13
mem[X,0x0000000080002D76] -> 0x257F
[2911] [M]: 0x0000000080002D74 (0x257F0F13) addi x30, x30, 0x257                    inst_340+12
x30 <- 0xFFFFFFFFFFFFFA57

clint mtime 0x00000000000005B0 (mip.MTI <- 0b1, mip.STI <- 0b0)
mem[X,0x0000000080002D78] -> 0x1F13
mem[X,0x0000000080002D7A] -> 0x00BF
[2912] [M]: 0x0000000080002D78 (0x00BF1F13) slli x30, x30, 0xb                      inst_340+16
x30 <- 0xFFFFFFFFFFD2B800

mem[X,0x0000000080002D7C] -> 0x0F13
mem[X,0x0000000080002D7E] -> 0x6C3F
[2913] [M]: 0x0000000080002D7C (0x6C3F0F13) addi x30, x30, 0x6c3                    inst_340+20
x30 <- 0xFFFFFFFFFFD2BEC3

clint mtime 0x00000000000005B1 (mip.MTI <- 0b1, mip.STI <- 0b0)
mem[X,0x0000000080002D80] -> 0x1F13
mem[X,0x0000000080002D82] -> 0x00AF
[2914] [M]: 0x0000000080002D80 (0x00AF1F13) slli x30, x30, 0xa                      inst_340+24
x30 <- 0xFFFFFFFF4AFB0C00

mem[X,0x0000000080002D84] -> 0x0F13
mem[X,0x0000000080002D86] -> 0x0CDF
[2915] [M]: 0x0000000080002D84 (0x0CDF0F13) addi x30, x30, 0xcd                     inst_340+28
x30 <- 0xFFFFFFFF4AFB0CCD

clint mtime 0x00000000000005B2 (mip.MTI <- 0b1, mip.STI <- 0b0)
mem[X,0x0000000080002D88] -> 0x6F93
mem[X,0x0000000080002D8A] -> 0x004F
[2916] [M]: 0x0000000080002D88 (0x004F6F93) ori x31, x30, 0x4                       inst_340+32
x31 <- 0xFFFFFFFF4AFB0CCD

mem[X,0x0000000080002D8C] -> 0xB823
mem[X,0x0000000080002D8E] -> 0x1DF3
[2917] [M]: 0x0000000080002D8C (0x1DF3B823) sd x31, 0x1d0(x7)                       inst_340+36
mem[W,0x0000000080006BB8] <- 0xFFFFFFFF4AFB0CCD

clint mtime 0x00000000000005B3 (mip.MTI <- 0b1, mip.STI <- 0b0)
mem[X,0x0000000080002D90] -> 0x0F37
mem[X,0x0000000080002D92] -> 0x0000
[2918] [M]: 0x0000000080002D90 (0x00000F37) lui x30, 0x0                            inst_341+0
x30 <- 0x0000000000000000

mem[X,0x0000000080002D94] -> 0x0F13
mem[X,0x0000000080002D96] -> 0xFFFF
[2919] [M]: 0x0000000080002D94 (0xFFFF0F13) addi x30, x30, -0x1                     inst_341+4
x30 <- 0xFFFFFFFFFFFFFFFF

clint mtime 0x00000000000005B4 (mip.MTI <- 0b1, mip.STI <- 0b0)
mem[X,0x0000000080002D98] -> 0x1F13
mem[X,0x0000000080002D9A] -> 0x00BF
[2920] [M]: 0x0000000080002D98 (0x00BF1F13) slli x30, x30, 0xb                      inst_341+8
x30 <- 0xFFFFFFFFFFFFF800

mem[X,0x0000000080002D9C] -> 0x0F13
mem[X,0x0000000080002D9E] -> 0x257F
[2921] [M]: 0x0000000080002D9C (0x257F0F13) addi x30, x30, 0x257                    inst_341+12
x30 <- 0xFFFFFFFFFFFFFA57

clint mtime 0x00000000000005B5 (mip.MTI <- 0b1, mip.STI <- 0b0)
mem[X,0x0000000080002DA0] -> 0x1F13
mem[X,0x0000000080002DA2] -> 0x00BF
[2922] [M]: 0x0000000080002DA0 (0x00BF1F13) slli x30, x30, 0xb                      inst_341+16
x30 <- 0xFFFFFFFFFFD2B800

mem[X,0x0000000080002DA4] -> 0x0F13
mem[X,0x0000000080002DA6] -> 0x6C3F
[2923] [M]: 0x0000000080002DA4 (0x6C3F0F13) addi x30, x30, 0x6c3                    inst_341+20
x30 <- 0xFFFFFFFFFFD2BEC3

clint mtime 0x00000000000005B6 (mip.MTI <- 0b1, mip.STI <- 0b0)
mem[X,0x0000000080002DA8] -> 0x1F13
mem[X,0x0000000080002DAA] -> 0x00AF
[2924] [M]: 0x0000000080002DA8 (0x00AF1F13) slli x30, x30, 0xa                      inst_341+24
x30 <- 0xFFFFFFFF4AFB0C00

mem[X,0x0000000080002DAC] -> 0x0F13
mem[X,0x0000000080002DAE] -> 0x0CDF
[2925] [M]: 0x0000000080002DAC (0x0CDF0F13) addi x30, x30, 0xcd                     inst_341+28
x30 <- 0xFFFFFFFF4AFB0CCD

clint mtime 0x00000000000005B7 (mip.MTI <- 0b1, mip.STI <- 0b0)
mem[X,0x0000000080002DB0] -> 0x6F93
mem[X,0x0000000080002DB2] -> 0x000F
[2926] [M]: 0x0000000080002DB0 (0x000F6F93) ori x31, x30, 0x0                       inst_341+32
x31 <- 0xFFFFFFFF4AFB0CCD

mem[X,0x0000000080002DB4] -> 0xBC23
mem[X,0x0000000080002DB6] -> 0x1DF3
[2927] [M]: 0x0000000080002DB4 (0x1DF3BC23) sd x31, 0x1d8(x7)                       inst_341+36
mem[W,0x0000000080006BC0] <- 0xFFFFFFFF4AFB0CCD

clint mtime 0x00000000000005B8 (mip.MTI <- 0b1, mip.STI <- 0b0)
mem[X,0x0000000080002DB8] -> 0x0F37
mem[X,0x0000000080002DBA] -> 0x0000
[2928] [M]: 0x0000000080002DB8 (0x00000F37) lui x30, 0x0                            inst_342+0
x30 <- 0x0000000000000000

mem[X,0x0000000080002DBC] -> 0x0F13
mem[X,0x0000000080002DBE] -> 0xFFFF
[2929] [M]: 0x0000000080002DBC (0xFFFF0F13) addi x30, x30, -0x1                     inst_342+4
x30 <- 0xFFFFFFFFFFFFFFFF

clint mtime 0x00000000000005B9 (mip.MTI <- 0b1, mip.STI <- 0b0)
mem[X,0x0000000080002DC0] -> 0x1F13
mem[X,0x0000000080002DC2] -> 0x00BF
[2930] [M]: 0x0000000080002DC0 (0x00BF1F13) slli x30, x30, 0xb                      inst_342+8
x30 <- 0xFFFFFFFFFFFFF800

mem[X,0x0000000080002DC4] -> 0x0F13
mem[X,0x0000000080002DC6] -> 0x257F
[2931] [M]: 0x0000000080002DC4 (0x257F0F13) addi x30, x30, 0x257                    inst_342+12
x30 <- 0xFFFFFFFFFFFFFA57

clint mtime 0x00000000000005BA (mip.MTI <- 0b1, mip.STI <- 0b0)
mem[X,0x0000000080002DC8] -> 0x1F13
mem[X,0x0000000080002DCA] -> 0x00BF
[2932] [M]: 0x0000000080002DC8 (0x00BF1F13) slli x30, x30, 0xb                      inst_342+16
x30 <- 0xFFFFFFFFFFD2B800

mem[X,0x0000000080002DCC] -> 0x0F13
mem[X,0x0000000080002DCE] -> 0x6C3F
[2933] [M]: 0x0000000080002DCC (0x6C3F0F13) addi x30, x30, 0x6c3                    inst_342+20
x30 <- 0xFFFFFFFFFFD2BEC3

clint mtime 0x00000000000005BB (mip.MTI <- 0b1, mip.STI <- 0b0)
mem[X,0x0000000080002DD0] -> 0x1F13
mem[X,0x0000000080002DD2] -> 0x00AF
[2934] [M]: 0x0000000080002DD0 (0x00AF1F13) slli x30, x30, 0xa                      inst_342+24
x30 <- 0xFFFFFFFF4AFB0C00

mem[X,0x0000000080002DD4] -> 0x0F13
mem[X,0x0000000080002DD6] -> 0x0CDF
[2935] [M]: 0x0000000080002DD4 (0x0CDF0F13) addi x30, x30, 0xcd                     inst_342+28
x30 <- 0xFFFFFFFF4AFB0CCD

clint mtime 0x00000000000005BC (mip.MTI <- 0b1, mip.STI <- 0b0)
mem[X,0x0000000080002DD8] -> 0x6F93
mem[X,0x0000000080002DDA] -> 0x554F
[2936] [M]: 0x0000000080002DD8 (0x554F6F93) ori x31, x30, 0x554                     inst_342+32
x31 <- 0xFFFFFFFF4AFB0DDD

mem[X,0x0000000080002DDC] -> 0xB023
mem[X,0x0000000080002DDE] -> 0x1FF3
[2937] [M]: 0x0000000080002DDC (0x1FF3B023) sd x31, 0x1e0(x7)                       inst_342+36
mem[W,0x0000000080006BC8] <- 0xFFFFFFFF4AFB0DDD

clint mtime 0x00000000000005BD (mip.MTI <- 0b1, mip.STI <- 0b0)
mem[X,0x0000000080002DE0] -> 0x0F37
mem[X,0x0000000080002DE2] -> 0x0000
[2938] [M]: 0x0000000080002DE0 (0x00000F37) lui x30, 0x0                            inst_343+0
x30 <- 0x0000000000000000

mem[X,0x0000000080002DE4] -> 0x0F13
mem[X,0x0000000080002DE6] -> 0xFFFF
[2939] [M]: 0x0000000080002DE4 (0xFFFF0F13) addi x30, x30, -0x1                     inst_343+4
x30 <- 0xFFFFFFFFFFFFFFFF

clint mtime 0x00000000000005BE (mip.MTI <- 0b1, mip.STI <- 0b0)
mem[X,0x0000000080002DE8] -> 0x1F13
mem[X,0x0000000080002DEA] -> 0x00BF
[2940] [M]: 0x0000000080002DE8 (0x00BF1F13) slli x30, x30, 0xb                      inst_343+8
x30 <- 0xFFFFFFFFFFFFF800

mem[X,0x0000000080002DEC] -> 0x0F13
mem[X,0x0000000080002DEE] -> 0x257F
[2941] [M]: 0x0000000080002DEC (0x257F0F13) addi x30, x30, 0x257                    inst_343+12
x30 <- 0xFFFFFFFFFFFFFA57

clint mtime 0x00000000000005BF (mip.MTI <- 0b1, mip.STI <- 0b0)
mem[X,0x0000000080002DF0] -> 0x1F13
mem[X,0x0000000080002DF2] -> 0x00BF
[2942] [M]: 0x0000000080002DF0 (0x00BF1F13) slli x30, x30, 0xb                      inst_343+16
x30 <- 0xFFFFFFFFFFD2B800

mem[X,0x0000000080002DF4] -> 0x0F13
mem[X,0x0000000080002DF6] -> 0x6C3F
[2943] [M]: 0x0000000080002DF4 (0x6C3F0F13) addi x30, x30, 0x6c3                    inst_343+20
x30 <- 0xFFFFFFFFFFD2BEC3

clint mtime 0x00000000000005C0 (mip.MTI <- 0b1, mip.STI <- 0b0)
mem[X,0x0000000080002DF8] -> 0x1F13
mem[X,0x0000000080002DFA] -> 0x00AF
[2944] [M]: 0x0000000080002DF8 (0x00AF1F13) slli x30, x30, 0xa                      inst_343+24
x30 <- 0xFFFFFFFF4AFB0C00

mem[X,0x0000000080002DFC] -> 0x0F13
mem[X,0x0000000080002DFE] -> 0x0CDF
[2945] [M]: 0x0000000080002DFC (0x0CDF0F13) addi x30, x30, 0xcd                     inst_343+28
x30 <- 0xFFFFFFFF4AFB0CCD

clint mtime 0x00000000000005C1 (mip.MTI <- 0b1, mip.STI <- 0b0)
mem[X,0x0000000080002E00] -> 0x6F93
mem[X,0x0000000080002E02] -> 0x002F
[2946] [M]: 0x0000000080002E00 (0x002F6F93) ori x31, x30, 0x2                       inst_343+32
x31 <- 0xFFFFFFFF4AFB0CCF

mem[X,0x0000000080002E04] -> 0xB423
mem[X,0x0000000080002E06] -> 0x1FF3
[2947] [M]: 0x0000000080002E04 (0x1FF3B423) sd x31, 0x1e8(x7)                       inst_343+36
mem[W,0x0000000080006BD0] <- 0xFFFFFFFF4AFB0CCF

clint mtime 0x00000000000005C2 (mip.MTI <- 0b1, mip.STI <- 0b0)
mem[X,0x0000000080002E08] -> 0x0F37
mem[X,0x0000000080002E0A] -> 0x0000
[2948] [M]: 0x0000000080002E08 (0x00000F37) lui x30, 0x0                            inst_344+0
x30 <- 0x0000000000000000

mem[X,0x0000000080002E0C] -> 0x0F13
mem[X,0x0000000080002E0E] -> 0xFFFF
[2949] [M]: 0x0000000080002E0C (0xFFFF0F13) addi x30, x30, -0x1                     inst_344+4
x30 <- 0xFFFFFFFFFFFFFFFF

clint mtime 0x00000000000005C3 (mip.MTI <- 0b1, mip.STI <- 0b0)
mem[X,0x0000000080002E10] -> 0x1F13
mem[X,0x0000000080002E12] -> 0x00BF
[2950] [M]: 0x0000000080002E10 (0x00BF1F13) slli x30, x30, 0xb                      inst_344+8
x30 <- 0xFFFFFFFFFFFFF800

mem[X,0x0000000080002E14] -> 0x0F13
mem[X,0x0000000080002E16] -> 0x257F
[2951] [M]: 0x0000000080002E14 (0x257F0F13) addi x30, x30, 0x257                    inst_344+12
x30 <- 0xFFFFFFFFFFFFFA57

clint mtime 0x00000000000005C4 (mip.MTI <- 0b1, mip.STI <- 0b0)
mem[X,0x0000000080002E18] -> 0x1F13
mem[X,0x0000000080002E1A] -> 0x00BF
[2952] [M]: 0x0000000080002E18 (0x00BF1F13) slli x30, x30, 0xb                      inst_344+16
x30 <- 0xFFFFFFFFFFD2B800

mem[X,0x0000000080002E1C] -> 0x0F13
mem[X,0x0000000080002E1E] -> 0x6C3F
[2953] [M]: 0x0000000080002E1C (0x6C3F0F13) addi x30, x30, 0x6c3                    inst_344+20
x30 <- 0xFFFFFFFFFFD2BEC3

clint mtime 0x00000000000005C5 (mip.MTI <- 0b1, mip.STI <- 0b0)
mem[X,0x0000000080002E20] -> 0x1F13
mem[X,0x0000000080002E22] -> 0x00AF
[2954] [M]: 0x0000000080002E20 (0x00AF1F13) slli x30, x30, 0xa                      inst_344+24
x30 <- 0xFFFFFFFF4AFB0C00

mem[X,0x0000000080002E24] -> 0x0F13
mem[X,0x0000000080002E26] -> 0x0CDF
[2955] [M]: 0x0000000080002E24 (0x0CDF0F13) addi x30, x30, 0xcd                     inst_344+28
x30 <- 0xFFFFFFFF4AFB0CCD

clint mtime 0x00000000000005C6 (mip.MTI <- 0b1, mip.STI <- 0b0)
mem[X,0x0000000080002E28] -> 0x6F93
mem[X,0x0000000080002E2A] -> 0x02DF
[2956] [M]: 0x0000000080002E28 (0x02DF6F93) ori x31, x30, 0x2d                      inst_344+32
x31 <- 0xFFFFFFFF4AFB0CED

mem[X,0x0000000080002E2C] -> 0xB823
mem[X,0x0000000080002E2E] -> 0x1FF3
[2957] [M]: 0x0000000080002E2C (0x1FF3B823) sd x31, 0x1f0(x7)                       inst_344+36
mem[W,0x0000000080006BD8] <- 0xFFFFFFFF4AFB0CED

clint mtime 0x00000000000005C7 (mip.MTI <- 0b1, mip.STI <- 0b0)
mem[X,0x0000000080002E30] -> 0x0F37
mem[X,0x0000000080002E32] -> 0x0000
[2958] [M]: 0x0000000080002E30 (0x00000F37) lui x30, 0x0                            inst_345+0
x30 <- 0x0000000000000000

mem[X,0x0000000080002E34] -> 0x0F13
mem[X,0x0000000080002E36] -> 0xFFFF
[2959] [M]: 0x0000000080002E34 (0xFFFF0F13) addi x30, x30, -0x1                     inst_345+4
x30 <- 0xFFFFFFFFFFFFFFFF

clint mtime 0x00000000000005C8 (mip.MTI <- 0b1, mip.STI <- 0b0)
mem[X,0x0000000080002E38] -> 0x1F13
mem[X,0x0000000080002E3A] -> 0x00BF
[2960] [M]: 0x0000000080002E38 (0x00BF1F13) slli x30, x30, 0xb                      inst_345+8
x30 <- 0xFFFFFFFFFFFFF800

mem[X,0x0000000080002E3C] -> 0x0F13
mem[X,0x0000000080002E3E] -> 0x257F
[2961] [M]: 0x0000000080002E3C (0x257F0F13) addi x30, x30, 0x257                    inst_345+12
x30 <- 0xFFFFFFFFFFFFFA57

clint mtime 0x00000000000005C9 (mip.MTI <- 0b1, mip.STI <- 0b0)
mem[X,0x0000000080002E40] -> 0x1F13
mem[X,0x0000000080002E42] -> 0x00BF
[2962] [M]: 0x0000000080002E40 (0x00BF1F13) slli x30, x30, 0xb                      inst_345+16
x30 <- 0xFFFFFFFFFFD2B800

mem[X,0x0000000080002E44] -> 0x0F13
mem[X,0x0000000080002E46] -> 0x6C3F
[2963] [M]: 0x0000000080002E44 (0x6C3F0F13) addi x30, x30, 0x6c3                    inst_345+20
x30 <- 0xFFFFFFFFFFD2BEC3

clint mtime 0x00000000000005CA (mip.MTI <- 0b1, mip.STI <- 0b0)
mem[X,0x0000000080002E48] -> 0x1F13
mem[X,0x0000000080002E4A] -> 0x00AF
[2964] [M]: 0x0000000080002E48 (0x00AF1F13) slli x30, x30, 0xa                      inst_345+24
x30 <- 0xFFFFFFFF4AFB0C00

mem[X,0x0000000080002E4C] -> 0x0F13
mem[X,0x0000000080002E4E] -> 0x0CDF
[2965] [M]: 0x0000000080002E4C (0x0CDF0F13) addi x30, x30, 0xcd                     inst_345+28
x30 <- 0xFFFFFFFF4AFB0CCD

clint mtime 0x00000000000005CB (mip.MTI <- 0b1, mip.STI <- 0b0)
mem[X,0x0000000080002E50] -> 0x6F93
mem[X,0x0000000080002E52] -> 0xFD3F
[2966] [M]: 0x0000000080002E50 (0xFD3F6F93) ori x31, x30, -0x2d                     inst_345+32
x31 <- 0xFFFFFFFFFFFFFFDF

mem[X,0x0000000080002E54] -> 0xBC23
mem[X,0x0000000080002E56] -> 0x1FF3
[2967] [M]: 0x0000000080002E54 (0x1FF3BC23) sd x31, 0x1f8(x7)                       inst_345+36
mem[W,0x0000000080006BE0] <- 0xFFFFFFFFFFFFFFDF

clint mtime 0x00000000000005CC (mip.MTI <- 0b1, mip.STI <- 0b0)
mem[X,0x0000000080002E58] -> 0x0F37
mem[X,0x0000000080002E5A] -> 0x0000
[2968] [M]: 0x0000000080002E58 (0x00000F37) lui x30, 0x0                            inst_346+0
x30 <- 0x0000000000000000

mem[X,0x0000000080002E5C] -> 0x0F13
mem[X,0x0000000080002E5E] -> 0xFFFF
[2969] [M]: 0x0000000080002E5C (0xFFFF0F13) addi x30, x30, -0x1                     inst_346+4
x30 <- 0xFFFFFFFFFFFFFFFF

clint mtime 0x00000000000005CD (mip.MTI <- 0b1, mip.STI <- 0b0)
mem[X,0x0000000080002E60] -> 0x1F13
mem[X,0x0000000080002E62] -> 0x00BF
[2970] [M]: 0x0000000080002E60 (0x00BF1F13) slli x30, x30, 0xb                      inst_346+8
x30 <- 0xFFFFFFFFFFFFF800

mem[X,0x0000000080002E64] -> 0x0F13
mem[X,0x0000000080002E66] -> 0x257F
[2971] [M]: 0x0000000080002E64 (0x257F0F13) addi x30, x30, 0x257                    inst_346+12
x30 <- 0xFFFFFFFFFFFFFA57

clint mtime 0x00000000000005CE (mip.MTI <- 0b1, mip.STI <- 0b0)
mem[X,0x0000000080002E68] -> 0x1F13
mem[X,0x0000000080002E6A] -> 0x00BF
[2972] [M]: 0x0000000080002E68 (0x00BF1F13) slli x30, x30, 0xb                      inst_346+16
x30 <- 0xFFFFFFFFFFD2B800

mem[X,0x0000000080002E6C] -> 0x0F13
mem[X,0x0000000080002E6E] -> 0x6C3F
[2973] [M]: 0x0000000080002E6C (0x6C3F0F13) addi x30, x30, 0x6c3                    inst_346+20
x30 <- 0xFFFFFFFFFFD2BEC3

clint mtime 0x00000000000005CF (mip.MTI <- 0b1, mip.STI <- 0b0)
mem[X,0x0000000080002E70] -> 0x1F13
mem[X,0x0000000080002E72] -> 0x00AF
[2974] [M]: 0x0000000080002E70 (0x00AF1F13) slli x30, x30, 0xa                      inst_346+24
x30 <- 0xFFFFFFFF4AFB0C00

mem[X,0x0000000080002E74] -> 0x0F13
mem[X,0x0000000080002E76] -> 0x0CDF
[2975] [M]: 0x0000000080002E74 (0x0CDF0F13) addi x30, x30, 0xcd                     inst_346+28
x30 <- 0xFFFFFFFF4AFB0CCD

clint mtime 0x00000000000005D0 (mip.MTI <- 0b1, mip.STI <- 0b0)
mem[X,0x0000000080002E78] -> 0x6F93
mem[X,0x0000000080002E7A] -> 0x666F
[2976] [M]: 0x0000000080002E78 (0x666F6F93) ori x31, x30, 0x666                     inst_346+32
x31 <- 0xFFFFFFFF4AFB0EEF

mem[X,0x0000000080002E7C] -> 0xB023
mem[X,0x0000000080002E7E] -> 0x21F3
[2977] [M]: 0x0000000080002E7C (0x21F3B023) sd x31, 0x200(x7)                       inst_346+36
mem[W,0x0000000080006BE8] <- 0xFFFFFFFF4AFB0EEF

clint mtime 0x00000000000005D1 (mip.MTI <- 0b1, mip.STI <- 0b0)
mem[X,0x0000000080002E80] -> 0x0F37
mem[X,0x0000000080002E82] -> 0x0000
[2978] [M]: 0x0000000080002E80 (0x00000F37) lui x30, 0x0                            inst_347+0
x30 <- 0x0000000000000000

mem[X,0x0000000080002E84] -> 0x0F13
mem[X,0x0000000080002E86] -> 0xFFFF
[2979] [M]: 0x0000000080002E84 (0xFFFF0F13) addi x30, x30, -0x1                     inst_347+4
x30 <- 0xFFFFFFFFFFFFFFFF

clint mtime 0x00000000000005D2 (mip.MTI <- 0b1, mip.STI <- 0b0)
mem[X,0x0000000080002E88] -> 0x1F13
mem[X,0x0000000080002E8A] -> 0x00BF
[2980] [M]: 0x0000000080002E88 (0x00BF1F13) slli x30, x30, 0xb                      inst_347+8
x30 <- 0xFFFFFFFFFFFFF800

mem[X,0x0000000080002E8C] -> 0x0F13
mem[X,0x0000000080002E8E] -> 0x257F
[2981] [M]: 0x0000000080002E8C (0x257F0F13) addi x30, x30, 0x257                    inst_347+12
x30 <- 0xFFFFFFFFFFFFFA57

clint mtime 0x00000000000005D3 (mip.MTI <- 0b1, mip.STI <- 0b0)
mem[X,0x0000000080002E90] -> 0x1F13
mem[X,0x0000000080002E92] -> 0x00BF
[2982] [M]: 0x0000000080002E90 (0x00BF1F13) slli x30, x30, 0xb                      inst_347+16
x30 <- 0xFFFFFFFFFFD2B800

mem[X,0x0000000080002E94] -> 0x0F13
mem[X,0x0000000080002E96] -> 0x6C3F
[2983] [M]: 0x0000000080002E94 (0x6C3F0F13) addi x30, x30, 0x6c3                    inst_347+20
x30 <- 0xFFFFFFFFFFD2BEC3

clint mtime 0x00000000000005D4 (mip.MTI <- 0b1, mip.STI <- 0b0)
mem[X,0x0000000080002E98] -> 0x1F13
mem[X,0x0000000080002E9A] -> 0x00AF
[2984] [M]: 0x0000000080002E98 (0x00AF1F13) slli x30, x30, 0xa                      inst_347+24
x30 <- 0xFFFFFFFF4AFB0C00

mem[X,0x0000000080002E9C] -> 0x0F13
mem[X,0x0000000080002E9E] -> 0x0CDF
[2985] [M]: 0x0000000080002E9C (0x0CDF0F13) addi x30, x30, 0xcd                     inst_347+28
x30 <- 0xFFFFFFFF4AFB0CCD

clint mtime 0x00000000000005D5 (mip.MTI <- 0b1, mip.STI <- 0b0)
mem[X,0x0000000080002EA0] -> 0x6F93
mem[X,0x0000000080002EA2] -> 0x333F
[2986] [M]: 0x0000000080002EA0 (0x333F6F93) ori x31, x30, 0x333                     inst_347+32
x31 <- 0xFFFFFFFF4AFB0FFF

mem[X,0x0000000080002EA4] -> 0xB423
mem[X,0x0000000080002EA6] -> 0x21F3
[2987] [M]: 0x0000000080002EA4 (0x21F3B423) sd x31, 0x208(x7)                       inst_347+36
mem[W,0x0000000080006BF0] <- 0xFFFFFFFF4AFB0FFF

clint mtime 0x00000000000005D6 (mip.MTI <- 0b1, mip.STI <- 0b0)
mem[X,0x0000000080002EA8] -> 0x0F37
mem[X,0x0000000080002EAA] -> 0x0000
[2988] [M]: 0x0000000080002EA8 (0x00000F37) lui x30, 0x0                            inst_348+0
x30 <- 0x0000000000000000

mem[X,0x0000000080002EAC] -> 0x0F13
mem[X,0x0000000080002EAE] -> 0xFFFF
[2989] [M]: 0x0000000080002EAC (0xFFFF0F13) addi x30, x30, -0x1                     inst_348+4
x30 <- 0xFFFFFFFFFFFFFFFF

clint mtime 0x00000000000005D7 (mip.MTI <- 0b1, mip.STI <- 0b0)
mem[X,0x0000000080002EB0] -> 0x1F13
mem[X,0x0000000080002EB2] -> 0x00BF
[2990] [M]: 0x0000000080002EB0 (0x00BF1F13) slli x30, x30, 0xb                      inst_348+8
x30 <- 0xFFFFFFFFFFFFF800

mem[X,0x0000000080002EB4] -> 0x0F13
mem[X,0x0000000080002EB6] -> 0x257F
[2991] [M]: 0x0000000080002EB4 (0x257F0F13) addi x30, x30, 0x257                    inst_348+12
x30 <- 0xFFFFFFFFFFFFFA57

clint mtime 0x00000000000005D8 (mip.MTI <- 0b1, mip.STI <- 0b0)
mem[X,0x0000000080002EB8] -> 0x1F13
mem[X,0x0000000080002EBA] -> 0x00BF
[2992] [M]: 0x0000000080002EB8 (0x00BF1F13) slli x30, x30, 0xb                      inst_348+16
x30 <- 0xFFFFFFFFFFD2B800

mem[X,0x0000000080002EBC] -> 0x0F13
mem[X,0x0000000080002EBE] -> 0x6C3F
[2993] [M]: 0x0000000080002EBC (0x6C3F0F13) addi x30, x30, 0x6c3                    inst_348+20
x30 <- 0xFFFFFFFFFFD2BEC3

clint mtime 0x00000000000005D9 (mip.MTI <- 0b1, mip.STI <- 0b0)
mem[X,0x0000000080002EC0] -> 0x1F13
mem[X,0x0000000080002EC2] -> 0x00AF
[2994] [M]: 0x0000000080002EC0 (0x00AF1F13) slli x30, x30, 0xa                      inst_348+24
x30 <- 0xFFFFFFFF4AFB0C00

mem[X,0x0000000080002EC4] -> 0x0F13
mem[X,0x0000000080002EC6] -> 0x0CDF
[2995] [M]: 0x0000000080002EC4 (0x0CDF0F13) addi x30, x30, 0xcd                     inst_348+28
x30 <- 0xFFFFFFFF4AFB0CCD

clint mtime 0x00000000000005DA (mip.MTI <- 0b1, mip.STI <- 0b0)
mem[X,0x0000000080002EC8] -> 0x6F93
mem[X,0x0000000080002ECA] -> 0x005F
[2996] [M]: 0x0000000080002EC8 (0x005F6F93) ori x31, x30, 0x5                       inst_348+32
x31 <- 0xFFFFFFFF4AFB0CCD

mem[X,0x0000000080002ECC] -> 0xB823
mem[X,0x0000000080002ECE] -> 0x21F3
[2997] [M]: 0x0000000080002ECC (0x21F3B823) sd x31, 0x210(x7)                       inst_348+36
mem[W,0x0000000080006BF8] <- 0xFFFFFFFF4AFB0CCD

clint mtime 0x00000000000005DB (mip.MTI <- 0b1, mip.STI <- 0b0)
mem[X,0x0000000080002ED0] -> 0x0F37
mem[X,0x0000000080002ED2] -> 0x0000
[2998] [M]: 0x0000000080002ED0 (0x00000F37) lui x30, 0x0                            inst_349+0
x30 <- 0x0000000000000000

mem[X,0x0000000080002ED4] -> 0x0F13
mem[X,0x0000000080002ED6] -> 0xFFFF
[2999] [M]: 0x0000000080002ED4 (0xFFFF0F13) addi x30, x30, -0x1                     inst_349+4
x30 <- 0xFFFFFFFFFFFFFFFF

clint mtime 0x00000000000005DC (mip.MTI <- 0b1, mip.STI <- 0b0)
mem[X,0x0000000080002ED8] -> 0x1F13
mem[X,0x0000000080002EDA] -> 0x00BF
[3000] [M]: 0x0000000080002ED8 (0x00BF1F13) slli x30, x30, 0xb                      inst_349+8
x30 <- 0xFFFFFFFFFFFFF800

mem[X,0x0000000080002EDC] -> 0x0F13
mem[X,0x0000000080002EDE] -> 0x257F
[3001] [M]: 0x0000000080002EDC (0x257F0F13) addi x30, x30, 0x257                    inst_349+12
x30 <- 0xFFFFFFFFFFFFFA57

clint mtime 0x00000000000005DD (mip.MTI <- 0b1, mip.STI <- 0b0)
mem[X,0x0000000080002EE0] -> 0x1F13
mem[X,0x0000000080002EE2] -> 0x00BF
[3002] [M]: 0x0000000080002EE0 (0x00BF1F13) slli x30, x30, 0xb                      inst_349+16
x30 <- 0xFFFFFFFFFFD2B800

mem[X,0x0000000080002EE4] -> 0x0F13
mem[X,0x0000000080002EE6] -> 0x6C3F
[3003] [M]: 0x0000000080002EE4 (0x6C3F0F13) addi x30, x30, 0x6c3                    inst_349+20
x30 <- 0xFFFFFFFFFFD2BEC3

clint mtime 0x00000000000005DE (mip.MTI <- 0b1, mip.STI <- 0b0)
mem[X,0x0000000080002EE8] -> 0x1F13
mem[X,0x0000000080002EEA] -> 0x00AF
[3004] [M]: 0x0000000080002EE8 (0x00AF1F13) slli x30, x30, 0xa                      inst_349+24
x30 <- 0xFFFFFFFF4AFB0C00

mem[X,0x0000000080002EEC] -> 0x0F13
mem[X,0x0000000080002EEE] -> 0x0CDF
[3005] [M]: 0x0000000080002EEC (0x0CDF0F13) addi x30, x30, 0xcd                     inst_349+28
x30 <- 0xFFFFFFFF4AFB0CCD

clint mtime 0x00000000000005DF (mip.MTI <- 0b1, mip.STI <- 0b0)
mem[X,0x0000000080002EF0] -> 0x6F93
mem[X,0x0000000080002EF2] -> 0xAAAF
[3006] [M]: 0x0000000080002EF0 (0xAAAF6F93) ori x31, x30, -0x556                    inst_349+32
x31 <- 0xFFFFFFFFFFFFFEEF

mem[X,0x0000000080002EF4] -> 0xBC23
mem[X,0x0000000080002EF6] -> 0x21F3
[3007] [M]: 0x0000000080002EF4 (0x21F3BC23) sd x31, 0x218(x7)                       inst_349+36
mem[W,0x0000000080006C00] <- 0xFFFFFFFFFFFFFEEF

clint mtime 0x00000000000005E0 (mip.MTI <- 0b1, mip.STI <- 0b0)
mem[X,0x0000000080002EF8] -> 0x0F37
mem[X,0x0000000080002EFA] -> 0x0000
[3008] [M]: 0x0000000080002EF8 (0x00000F37) lui x30, 0x0                            inst_350+0
x30 <- 0x0000000000000000

mem[X,0x0000000080002EFC] -> 0x0F13
mem[X,0x0000000080002EFE] -> 0xFFFF
[3009] [M]: 0x0000000080002EFC (0xFFFF0F13) addi x30, x30, -0x1                     inst_350+4
x30 <- 0xFFFFFFFFFFFFFFFF

clint mtime 0x00000000000005E1 (mip.MTI <- 0b1, mip.STI <- 0b0)
mem[X,0x0000000080002F00] -> 0x1F13
mem[X,0x0000000080002F02] -> 0x00BF
[3010] [M]: 0x0000000080002F00 (0x00BF1F13) slli x30, x30, 0xb                      inst_350+8
x30 <- 0xFFFFFFFFFFFFF800

mem[X,0x0000000080002F04] -> 0x0F13
mem[X,0x0000000080002F06] -> 0x257F
[3011] [M]: 0x0000000080002F04 (0x257F0F13) addi x30, x30, 0x257                    inst_350+12
x30 <- 0xFFFFFFFFFFFFFA57

clint mtime 0x00000000000005E2 (mip.MTI <- 0b1, mip.STI <- 0b0)
mem[X,0x0000000080002F08] -> 0x1F13
mem[X,0x0000000080002F0A] -> 0x00BF
[3012] [M]: 0x0000000080002F08 (0x00BF1F13) slli x30, x30, 0xb                      inst_350+16
x30 <- 0xFFFFFFFFFFD2B800

mem[X,0x0000000080002F0C] -> 0x0F13
mem[X,0x0000000080002F0E] -> 0x6C3F
[3013] [M]: 0x0000000080002F0C (0x6C3F0F13) addi x30, x30, 0x6c3                    inst_350+20
x30 <- 0xFFFFFFFFFFD2BEC3

clint mtime 0x00000000000005E3 (mip.MTI <- 0b1, mip.STI <- 0b0)
mem[X,0x0000000080002F10] -> 0x1F13
mem[X,0x0000000080002F12] -> 0x00AF
[3014] [M]: 0x0000000080002F10 (0x00AF1F13) slli x30, x30, 0xa                      inst_350+24
x30 <- 0xFFFFFFFF4AFB0C00

mem[X,0x0000000080002F14] -> 0x0F13
mem[X,0x0000000080002F16] -> 0x0CDF
[3015] [M]: 0x0000000080002F14 (0x0CDF0F13) addi x30, x30, 0xcd                     inst_350+28
x30 <- 0xFFFFFFFF4AFB0CCD

clint mtime 0x00000000000005E4 (mip.MTI <- 0b1, mip.STI <- 0b0)
mem[X,0x0000000080002F18] -> 0x6F93
mem[X,0x0000000080002F1A] -> 0x555F
[3016] [M]: 0x0000000080002F18 (0x555F6F93) ori x31, x30, 0x555                     inst_350+32
x31 <- 0xFFFFFFFF4AFB0DDD

mem[X,0x0000000080002F1C] -> 0xB023
mem[X,0x0000000080002F1E] -> 0x23F3
[3017] [M]: 0x0000000080002F1C (0x23F3B023) sd x31, 0x220(x7)                       inst_350+36
mem[W,0x0000000080006C08] <- 0xFFFFFFFF4AFB0DDD

clint mtime 0x00000000000005E5 (mip.MTI <- 0b1, mip.STI <- 0b0)
mem[X,0x0000000080002F20] -> 0x0F37
mem[X,0x0000000080002F22] -> 0x0000
[3018] [M]: 0x0000000080002F20 (0x00000F37) lui x30, 0x0                            inst_351+0
x30 <- 0x0000000000000000

mem[X,0x0000000080002F24] -> 0x0F13
mem[X,0x0000000080002F26] -> 0xFFFF
[3019] [M]: 0x0000000080002F24 (0xFFFF0F13) addi x30, x30, -0x1                     inst_351+4
x30 <- 0xFFFFFFFFFFFFFFFF

clint mtime 0x00000000000005E6 (mip.MTI <- 0b1, mip.STI <- 0b0)
mem[X,0x0000000080002F28] -> 0x1F13
mem[X,0x0000000080002F2A] -> 0x00BF
[3020] [M]: 0x0000000080002F28 (0x00BF1F13) slli x30, x30, 0xb                      inst_351+8
x30 <- 0xFFFFFFFFFFFFF800

mem[X,0x0000000080002F2C] -> 0x0F13
mem[X,0x0000000080002F2E] -> 0x257F
[3021] [M]: 0x0000000080002F2C (0x257F0F13) addi x30, x30, 0x257                    inst_351+12
x30 <- 0xFFFFFFFFFFFFFA57

clint mtime 0x00000000000005E7 (mip.MTI <- 0b1, mip.STI <- 0b0)
mem[X,0x0000000080002F30] -> 0x1F13
mem[X,0x0000000080002F32] -> 0x00BF
[3022] [M]: 0x0000000080002F30 (0x00BF1F13) slli x30, x30, 0xb                      inst_351+16
x30 <- 0xFFFFFFFFFFD2B800

mem[X,0x0000000080002F34] -> 0x0F13
mem[X,0x0000000080002F36] -> 0x6C3F
[3023] [M]: 0x0000000080002F34 (0x6C3F0F13) addi x30, x30, 0x6c3                    inst_351+20
x30 <- 0xFFFFFFFFFFD2BEC3

clint mtime 0x00000000000005E8 (mip.MTI <- 0b1, mip.STI <- 0b0)
mem[X,0x0000000080002F38] -> 0x1F13
mem[X,0x0000000080002F3A] -> 0x00AF
[3024] [M]: 0x0000000080002F38 (0x00AF1F13) slli x30, x30, 0xa                      inst_351+24
x30 <- 0xFFFFFFFF4AFB0C00

mem[X,0x0000000080002F3C] -> 0x0F13
mem[X,0x0000000080002F3E] -> 0x0CDF
[3025] [M]: 0x0000000080002F3C (0x0CDF0F13) addi x30, x30, 0xcd                     inst_351+28
x30 <- 0xFFFFFFFF4AFB0CCD

clint mtime 0x00000000000005E9 (mip.MTI <- 0b1, mip.STI <- 0b0)
mem[X,0x0000000080002F40] -> 0x6F93
mem[X,0x0000000080002F42] -> 0x003F
[3026] [M]: 0x0000000080002F40 (0x003F6F93) ori x31, x30, 0x3                       inst_351+32
x31 <- 0xFFFFFFFF4AFB0CCF

mem[X,0x0000000080002F44] -> 0xB423
mem[X,0x0000000080002F46] -> 0x23F3
[3027] [M]: 0x0000000080002F44 (0x23F3B423) sd x31, 0x228(x7)                       inst_351+36
mem[W,0x0000000080006C10] <- 0xFFFFFFFF4AFB0CCF

clint mtime 0x00000000000005EA (mip.MTI <- 0b1, mip.STI <- 0b0)
mem[X,0x0000000080002F48] -> 0x6F37
mem[X,0x0000000080002F4A] -> 0x6666
[3028] [M]: 0x0000000080002F48 (0x66666F37) lui x30, 0x66666                        inst_352+0
x30 <- 0x0000000066666000

mem[X,0x0000000080002F4C] -> 0x0F13
mem[X,0x0000000080002F4E] -> 0x666F
[3029] [M]: 0x0000000080002F4C (0x666F0F13) addi x30, x30, 0x666                    inst_352+4
x30 <- 0x0000000066666666

clint mtime 0x00000000000005EB (mip.MTI <- 0b1, mip.STI <- 0b0)
mem[X,0x0000000080002F50] -> 0x1F13
mem[X,0x0000000080002F52] -> 0x00BF
[3030] [M]: 0x0000000080002F50 (0x00BF1F13) slli x30, x30, 0xb                      inst_352+8
x30 <- 0x0000033333333000

mem[X,0x0000000080002F54] -> 0x0F13
mem[X,0x0000000080002F56] -> 0x333F
[3031] [M]: 0x0000000080002F54 (0x333F0F13) addi x30, x30, 0x333                    inst_352+12
x30 <- 0x0000033333333333

clint mtime 0x00000000000005EC (mip.MTI <- 0b1, mip.STI <- 0b0)
mem[X,0x0000000080002F58] -> 0x1F13
mem[X,0x0000000080002F5A] -> 0x00BF
[3032] [M]: 0x0000000080002F58 (0x00BF1F13) slli x30, x30, 0xb                      inst_352+16
x30 <- 0x0019999999999800

mem[X,0x0000000080002F5C] -> 0x0F13
mem[X,0x0000000080002F5E] -> 0x199F
[3033] [M]: 0x0000000080002F5C (0x199F0F13) addi x30, x30, 0x199                    inst_352+20
x30 <- 0x0019999999999999

clint mtime 0x00000000000005ED (mip.MTI <- 0b1, mip.STI <- 0b0)
mem[X,0x0000000080002F60] -> 0x1F13
mem[X,0x0000000080002F62] -> 0x00AF
[3034] [M]: 0x0000000080002F60 (0x00AF1F13) slli x30, x30, 0xa                      inst_352+24
x30 <- 0x6666666666666400

mem[X,0x0000000080002F64] -> 0x0F13
mem[X,0x0000000080002F66] -> 0x266F
[3035] [M]: 0x0000000080002F64 (0x266F0F13) addi x30, x30, 0x266                    inst_352+28
x30 <- 0x6666666666666666

clint mtime 0x00000000000005EE (mip.MTI <- 0b1, mip.STI <- 0b0)
mem[X,0x0000000080002F68] -> 0x6F93
mem[X,0x0000000080002F6A] -> 0x02EF
[3036] [M]: 0x0000000080002F68 (0x02EF6F93) ori x31, x30, 0x2e                      inst_352+32
x31 <- 0x666666666666666E

mem[X,0x0000000080002F6C] -> 0xB823
mem[X,0x0000000080002F6E] -> 0x23F3
[3037] [M]: 0x0000000080002F6C (0x23F3B823) sd x31, 0x230(x7)                       inst_352+36
mem[W,0x0000000080006C18] <- 0x666666666666666E

clint mtime 0x00000000000005EF (mip.MTI <- 0b1, mip.STI <- 0b0)
mem[X,0x0000000080002F70] -> 0x6F37
mem[X,0x0000000080002F72] -> 0x6666
[3038] [M]: 0x0000000080002F70 (0x66666F37) lui x30, 0x66666                        inst_353+0
x30 <- 0x0000000066666000

mem[X,0x0000000080002F74] -> 0x0F13
mem[X,0x0000000080002F76] -> 0x666F
[3039] [M]: 0x0000000080002F74 (0x666F0F13) addi x30, x30, 0x666                    inst_353+4
x30 <- 0x0000000066666666

clint mtime 0x00000000000005F0 (mip.MTI <- 0b1, mip.STI <- 0b0)
mem[X,0x0000000080002F78] -> 0x1F13
mem[X,0x0000000080002F7A] -> 0x00BF
[3040] [M]: 0x0000000080002F78 (0x00BF1F13) slli x30, x30, 0xb                      inst_353+8
x30 <- 0x0000033333333000

mem[X,0x0000000080002F7C] -> 0x0F13
mem[X,0x0000000080002F7E] -> 0x333F
[3041] [M]: 0x0000000080002F7C (0x333F0F13) addi x30, x30, 0x333                    inst_353+12
x30 <- 0x0000033333333333

clint mtime 0x00000000000005F1 (mip.MTI <- 0b1, mip.STI <- 0b0)
mem[X,0x0000000080002F80] -> 0x1F13
mem[X,0x0000000080002F82] -> 0x00BF
[3042] [M]: 0x0000000080002F80 (0x00BF1F13) slli x30, x30, 0xb                      inst_353+16
x30 <- 0x0019999999999800

mem[X,0x0000000080002F84] -> 0x0F13
mem[X,0x0000000080002F86] -> 0x199F
[3043] [M]: 0x0000000080002F84 (0x199F0F13) addi x30, x30, 0x199                    inst_353+20
x30 <- 0x0019999999999999

clint mtime 0x00000000000005F2 (mip.MTI <- 0b1, mip.STI <- 0b0)
mem[X,0x0000000080002F88] -> 0x1F13
mem[X,0x0000000080002F8A] -> 0x00AF
[3044] [M]: 0x0000000080002F88 (0x00AF1F13) slli x30, x30, 0xa                      inst_353+24
x30 <- 0x6666666666666400

mem[X,0x0000000080002F8C] -> 0x0F13
mem[X,0x0000000080002F8E] -> 0x266F
[3045] [M]: 0x0000000080002F8C (0x266F0F13) addi x30, x30, 0x266                    inst_353+28
x30 <- 0x6666666666666666

clint mtime 0x00000000000005F3 (mip.MTI <- 0b1, mip.STI <- 0b0)
mem[X,0x0000000080002F90] -> 0x6F93
mem[X,0x0000000080002F92] -> 0xFD4F
[3046] [M]: 0x0000000080002F90 (0xFD4F6F93) ori x31, x30, -0x2c                     inst_353+32
x31 <- 0xFFFFFFFFFFFFFFF6

mem[X,0x0000000080002F94] -> 0xBC23
mem[X,0x0000000080002F96] -> 0x23F3
[3047] [M]: 0x0000000080002F94 (0x23F3BC23) sd x31, 0x238(x7)                       inst_353+36
mem[W,0x0000000080006C20] <- 0xFFFFFFFFFFFFFFF6

clint mtime 0x00000000000005F4 (mip.MTI <- 0b1, mip.STI <- 0b0)
mem[X,0x0000000080002F98] -> 0x6F37
mem[X,0x0000000080002F9A] -> 0x6666
[3048] [M]: 0x0000000080002F98 (0x66666F37) lui x30, 0x66666                        inst_354+0
x30 <- 0x0000000066666000

mem[X,0x0000000080002F9C] -> 0x0F13
mem[X,0x0000000080002F9E] -> 0x666F
[3049] [M]: 0x0000000080002F9C (0x666F0F13) addi x30, x30, 0x666                    inst_354+4
x30 <- 0x0000000066666666

clint mtime 0x00000000000005F5 (mip.MTI <- 0b1, mip.STI <- 0b0)
mem[X,0x0000000080002FA0] -> 0x1F13
mem[X,0x0000000080002FA2] -> 0x00BF
[3050] [M]: 0x0000000080002FA0 (0x00BF1F13) slli x30, x30, 0xb                      inst_354+8
x30 <- 0x0000033333333000

mem[X,0x0000000080002FA4] -> 0x0F13
mem[X,0x0000000080002FA6] -> 0x333F
[3051] [M]: 0x0000000080002FA4 (0x333F0F13) addi x30, x30, 0x333                    inst_354+12
x30 <- 0x0000033333333333

clint mtime 0x00000000000005F6 (mip.MTI <- 0b1, mip.STI <- 0b0)
mem[X,0x0000000080002FA8] -> 0x1F13
mem[X,0x0000000080002FAA] -> 0x00BF
[3052] [M]: 0x0000000080002FA8 (0x00BF1F13) slli x30, x30, 0xb                      inst_354+16
x30 <- 0x0019999999999800

mem[X,0x0000000080002FAC] -> 0x0F13
mem[X,0x0000000080002FAE] -> 0x199F
[3053] [M]: 0x0000000080002FAC (0x199F0F13) addi x30, x30, 0x199                    inst_354+20
x30 <- 0x0019999999999999

clint mtime 0x00000000000005F7 (mip.MTI <- 0b1, mip.STI <- 0b0)
mem[X,0x0000000080002FB0] -> 0x1F13
mem[X,0x0000000080002FB2] -> 0x00AF
[3054] [M]: 0x0000000080002FB0 (0x00AF1F13) slli x30, x30, 0xa                      inst_354+24
x30 <- 0x6666666666666400

mem[X,0x0000000080002FB4] -> 0x0F13
mem[X,0x0000000080002FB6] -> 0x266F
[3055] [M]: 0x0000000080002FB4 (0x266F0F13) addi x30, x30, 0x266                    inst_354+28
x30 <- 0x6666666666666666

clint mtime 0x00000000000005F8 (mip.MTI <- 0b1, mip.STI <- 0b0)
mem[X,0x0000000080002FB8] -> 0x6F93
mem[X,0x0000000080002FBA] -> 0x667F
[3056] [M]: 0x0000000080002FB8 (0x667F6F93) ori x31, x30, 0x667                     inst_354+32
x31 <- 0x6666666666666667

mem[X,0x0000000080002FBC] -> 0xB023
mem[X,0x0000000080002FBE] -> 0x25F3
[3057] [M]: 0x0000000080002FBC (0x25F3B023) sd x31, 0x240(x7)                       inst_354+36
mem[W,0x0000000080006C28] <- 0x6666666666666667

clint mtime 0x00000000000005F9 (mip.MTI <- 0b1, mip.STI <- 0b0)
mem[X,0x0000000080002FC0] -> 0x6F37
mem[X,0x0000000080002FC2] -> 0x6666
[3058] [M]: 0x0000000080002FC0 (0x66666F37) lui x30, 0x66666                        inst_355+0
x30 <- 0x0000000066666000

mem[X,0x0000000080002FC4] -> 0x0F13
mem[X,0x0000000080002FC6] -> 0x666F
[3059] [M]: 0x0000000080002FC4 (0x666F0F13) addi x30, x30, 0x666                    inst_355+4
x30 <- 0x0000000066666666

clint mtime 0x00000000000005FA (mip.MTI <- 0b1, mip.STI <- 0b0)
mem[X,0x0000000080002FC8] -> 0x1F13
mem[X,0x0000000080002FCA] -> 0x00BF
[3060] [M]: 0x0000000080002FC8 (0x00BF1F13) slli x30, x30, 0xb                      inst_355+8
x30 <- 0x0000033333333000

mem[X,0x0000000080002FCC] -> 0x0F13
mem[X,0x0000000080002FCE] -> 0x333F
[3061] [M]: 0x0000000080002FCC (0x333F0F13) addi x30, x30, 0x333                    inst_355+12
x30 <- 0x0000033333333333

clint mtime 0x00000000000005FB (mip.MTI <- 0b1, mip.STI <- 0b0)
mem[X,0x0000000080002FD0] -> 0x1F13
mem[X,0x0000000080002FD2] -> 0x00BF
[3062] [M]: 0x0000000080002FD0 (0x00BF1F13) slli x30, x30, 0xb                      inst_355+16
x30 <- 0x0019999999999800

mem[X,0x0000000080002FD4] -> 0x0F13
mem[X,0x0000000080002FD6] -> 0x199F
[3063] [M]: 0x0000000080002FD4 (0x199F0F13) addi x30, x30, 0x199                    inst_355+20
x30 <- 0x0019999999999999

clint mtime 0x00000000000005FC (mip.MTI <- 0b1, mip.STI <- 0b0)
mem[X,0x0000000080002FD8] -> 0x1F13
mem[X,0x0000000080002FDA] -> 0x00AF
[3064] [M]: 0x0000000080002FD8 (0x00AF1F13) slli x30, x30, 0xa                      inst_355+24
x30 <- 0x6666666666666400

mem[X,0x0000000080002FDC] -> 0x0F13
mem[X,0x0000000080002FDE] -> 0x266F
[3065] [M]: 0x0000000080002FDC (0x266F0F13) addi x30, x30, 0x266                    inst_355+28
x30 <- 0x6666666666666666

clint mtime 0x00000000000005FD (mip.MTI <- 0b1, mip.STI <- 0b0)
mem[X,0x0000000080002FE0] -> 0x6F93
mem[X,0x0000000080002FE2] -> 0x334F
[3066] [M]: 0x0000000080002FE0 (0x334F6F93) ori x31, x30, 0x334                     inst_355+32
x31 <- 0x6666666666666776

mem[X,0x0000000080002FE4] -> 0xB423
mem[X,0x0000000080002FE6] -> 0x25F3
[3067] [M]: 0x0000000080002FE4 (0x25F3B423) sd x31, 0x248(x7)                       inst_355+36
mem[W,0x0000000080006C30] <- 0x6666666666666776

clint mtime 0x00000000000005FE (mip.MTI <- 0b1, mip.STI <- 0b0)
mem[X,0x0000000080002FE8] -> 0x6F37
mem[X,0x0000000080002FEA] -> 0x6666
[3068] [M]: 0x0000000080002FE8 (0x66666F37) lui x30, 0x66666                        inst_356+0
x30 <- 0x0000000066666000

mem[X,0x0000000080002FEC] -> 0x0F13
mem[X,0x0000000080002FEE] -> 0x666F
[3069] [M]: 0x0000000080002FEC (0x666F0F13) addi x30, x30, 0x666                    inst_356+4
x30 <- 0x0000000066666666

clint mtime 0x00000000000005FF (mip.MTI <- 0b1, mip.STI <- 0b0)
mem[X,0x0000000080002FF0] -> 0x1F13
mem[X,0x0000000080002FF2] -> 0x00BF
[3070] [M]: 0x0000000080002FF0 (0x00BF1F13) slli x30, x30, 0xb                      inst_356+8
x30 <- 0x0000033333333000

mem[X,0x0000000080002FF4] -> 0x0F13
mem[X,0x0000000080002FF6] -> 0x333F
[3071] [M]: 0x0000000080002FF4 (0x333F0F13) addi x30, x30, 0x333                    inst_356+12
x30 <- 0x0000033333333333

clint mtime 0x0000000000000600 (mip.MTI <- 0b1, mip.STI <- 0b0)
mem[X,0x0000000080002FF8] -> 0x1F13
mem[X,0x0000000080002FFA] -> 0x00BF
[3072] [M]: 0x0000000080002FF8 (0x00BF1F13) slli x30, x30, 0xb                      inst_356+16
x30 <- 0x0019999999999800

mem[X,0x0000000080002FFC] -> 0x0F13
mem[X,0x0000000080002FFE] -> 0x199F
[3073] [M]: 0x0000000080002FFC (0x199F0F13) addi x30, x30, 0x199                    inst_356+20
x30 <- 0x0019999999999999

clint mtime 0x0000000000000601 (mip.MTI <- 0b1, mip.STI <- 0b0)
mem[X,0x0000000080003000] -> 0x1F13
mem[X,0x0000000080003002] -> 0x00AF
[3074] [M]: 0x0000000080003000 (0x00AF1F13) slli x30, x30, 0xa                      inst_356+24
x30 <- 0x6666666666666400

mem[X,0x0000000080003004] -> 0x0F13
mem[X,0x0000000080003006] -> 0x266F
[3075] [M]: 0x0000000080003004 (0x266F0F13) addi x30, x30, 0x266                    inst_356+28
x30 <- 0x6666666666666666

clint mtime 0x0000000000000602 (mip.MTI <- 0b1, mip.STI <- 0b0)
mem[X,0x0000000080003008] -> 0x6F93
mem[X,0x000000008000300A] -> 0x006F
[3076] [M]: 0x0000000080003008 (0x006F6F93) ori x31, x30, 0x6                       inst_356+32
x31 <- 0x6666666666666666

mem[X,0x000000008000300C] -> 0xB823
mem[X,0x000000008000300E] -> 0x25F3
[3077] [M]: 0x000000008000300C (0x25F3B823) sd x31, 0x250(x7)                       inst_356+36
mem[W,0x0000000080006C38] <- 0x6666666666666666

clint mtime 0x0000000000000603 (mip.MTI <- 0b1, mip.STI <- 0b0)
mem[X,0x0000000080003010] -> 0x6F37
mem[X,0x0000000080003012] -> 0x6666
[3078] [M]: 0x0000000080003010 (0x66666F37) lui x30, 0x66666                        inst_357+0
x30 <- 0x0000000066666000

mem[X,0x0000000080003014] -> 0x0F13
mem[X,0x0000000080003016] -> 0x666F
[3079] [M]: 0x0000000080003014 (0x666F0F13) addi x30, x30, 0x666                    inst_357+4
x30 <- 0x0000000066666666

clint mtime 0x0000000000000604 (mip.MTI <- 0b1, mip.STI <- 0b0)
mem[X,0x0000000080003018] -> 0x1F13
mem[X,0x000000008000301A] -> 0x00BF
[3080] [M]: 0x0000000080003018 (0x00BF1F13) slli x30, x30, 0xb                      inst_357+8
x30 <- 0x0000033333333000

mem[X,0x000000008000301C] -> 0x0F13
mem[X,0x000000008000301E] -> 0x333F
[3081] [M]: 0x000000008000301C (0x333F0F13) addi x30, x30, 0x333                    inst_357+12
x30 <- 0x0000033333333333

clint mtime 0x0000000000000605 (mip.MTI <- 0b1, mip.STI <- 0b0)
mem[X,0x0000000080003020] -> 0x1F13
mem[X,0x0000000080003022] -> 0x00BF
[3082] [M]: 0x0000000080003020 (0x00BF1F13) slli x30, x30, 0xb                      inst_357+16
x30 <- 0x0019999999999800

mem[X,0x0000000080003024] -> 0x0F13
mem[X,0x0000000080003026] -> 0x199F
[3083] [M]: 0x0000000080003024 (0x199F0F13) addi x30, x30, 0x199                    inst_357+20
x30 <- 0x0019999999999999

clint mtime 0x0000000000000606 (mip.MTI <- 0b1, mip.STI <- 0b0)
mem[X,0x0000000080003028] -> 0x1F13
mem[X,0x000000008000302A] -> 0x00AF
[3084] [M]: 0x0000000080003028 (0x00AF1F13) slli x30, x30, 0xa                      inst_357+24
x30 <- 0x6666666666666400

mem[X,0x000000008000302C] -> 0x0F13
mem[X,0x000000008000302E] -> 0x266F
[3085] [M]: 0x000000008000302C (0x266F0F13) addi x30, x30, 0x266                    inst_357+28
x30 <- 0x6666666666666666

clint mtime 0x0000000000000607 (mip.MTI <- 0b1, mip.STI <- 0b0)
mem[X,0x0000000080003030] -> 0x6F93
mem[X,0x0000000080003032] -> 0xAABF
[3086] [M]: 0x0000000080003030 (0xAABF6F93) ori x31, x30, -0x555                    inst_357+32
x31 <- 0xFFFFFFFFFFFFFEEF

mem[X,0x0000000080003034] -> 0xBC23
mem[X,0x0000000080003036] -> 0x25F3
[3087] [M]: 0x0000000080003034 (0x25F3BC23) sd x31, 0x258(x7)                       inst_357+36
mem[W,0x0000000080006C40] <- 0xFFFFFFFFFFFFFEEF

clint mtime 0x0000000000000608 (mip.MTI <- 0b1, mip.STI <- 0b0)
mem[X,0x0000000080003038] -> 0x6F37
mem[X,0x000000008000303A] -> 0x6666
[3088] [M]: 0x0000000080003038 (0x66666F37) lui x30, 0x66666                        inst_358+0
x30 <- 0x0000000066666000

mem[X,0x000000008000303C] -> 0x0F13
mem[X,0x000000008000303E] -> 0x666F
[3089] [M]: 0x000000008000303C (0x666F0F13) addi x30, x30, 0x666                    inst_358+4
x30 <- 0x0000000066666666

clint mtime 0x0000000000000609 (mip.MTI <- 0b1, mip.STI <- 0b0)
mem[X,0x0000000080003040] -> 0x1F13
mem[X,0x0000000080003042] -> 0x00BF
[3090] [M]: 0x0000000080003040 (0x00BF1F13) slli x30, x30, 0xb                      inst_358+8
x30 <- 0x0000033333333000

mem[X,0x0000000080003044] -> 0x0F13
mem[X,0x0000000080003046] -> 0x333F
[3091] [M]: 0x0000000080003044 (0x333F0F13) addi x30, x30, 0x333                    inst_358+12
x30 <- 0x0000033333333333

clint mtime 0x000000000000060A (mip.MTI <- 0b1, mip.STI <- 0b0)
mem[X,0x0000000080003048] -> 0x1F13
mem[X,0x000000008000304A] -> 0x00BF
[3092] [M]: 0x0000000080003048 (0x00BF1F13) slli x30, x30, 0xb                      inst_358+16
x30 <- 0x0019999999999800

mem[X,0x000000008000304C] -> 0x0F13
mem[X,0x000000008000304E] -> 0x199F
[3093] [M]: 0x000000008000304C (0x199F0F13) addi x30, x30, 0x199                    inst_358+20
x30 <- 0x0019999999999999

clint mtime 0x000000000000060B (mip.MTI <- 0b1, mip.STI <- 0b0)
mem[X,0x0000000080003050] -> 0x1F13
mem[X,0x0000000080003052] -> 0x00AF
[3094] [M]: 0x0000000080003050 (0x00AF1F13) slli x30, x30, 0xa                      inst_358+24
x30 <- 0x6666666666666400

mem[X,0x0000000080003054] -> 0x0F13
mem[X,0x0000000080003056] -> 0x266F
[3095] [M]: 0x0000000080003054 (0x266F0F13) addi x30, x30, 0x266                    inst_358+28
x30 <- 0x6666666666666666

clint mtime 0x000000000000060C (mip.MTI <- 0b1, mip.STI <- 0b0)
mem[X,0x0000000080003058] -> 0x6F93
mem[X,0x000000008000305A] -> 0x556F
[3096] [M]: 0x0000000080003058 (0x556F6F93) ori x31, x30, 0x556                     inst_358+32
x31 <- 0x6666666666666776

mem[X,0x000000008000305C] -> 0xB023
mem[X,0x000000008000305E] -> 0x27F3
[3097] [M]: 0x000000008000305C (0x27F3B023) sd x31, 0x260(x7)                       inst_358+36
mem[W,0x0000000080006C48] <- 0x6666666666666776

clint mtime 0x000000000000060D (mip.MTI <- 0b1, mip.STI <- 0b0)
mem[X,0x0000000080003060] -> 0x6F37
mem[X,0x0000000080003062] -> 0x6666
[3098] [M]: 0x0000000080003060 (0x66666F37) lui x30, 0x66666                        inst_359+0
x30 <- 0x0000000066666000

mem[X,0x0000000080003064] -> 0x0F13
mem[X,0x0000000080003066] -> 0x666F
[3099] [M]: 0x0000000080003064 (0x666F0F13) addi x30, x30, 0x666                    inst_359+4
x30 <- 0x0000000066666666

clint mtime 0x000000000000060E (mip.MTI <- 0b1, mip.STI <- 0b0)
mem[X,0x0000000080003068] -> 0x1F13
mem[X,0x000000008000306A] -> 0x00BF
[3100] [M]: 0x0000000080003068 (0x00BF1F13) slli x30, x30, 0xb                      inst_359+8
x30 <- 0x0000033333333000

mem[X,0x000000008000306C] -> 0x0F13
mem[X,0x000000008000306E] -> 0x333F
[3101] [M]: 0x000000008000306C (0x333F0F13) addi x30, x30, 0x333                    inst_359+12
x30 <- 0x0000033333333333

clint mtime 0x000000000000060F (mip.MTI <- 0b1, mip.STI <- 0b0)
mem[X,0x0000000080003070] -> 0x1F13
mem[X,0x0000000080003072] -> 0x00BF
[3102] [M]: 0x0000000080003070 (0x00BF1F13) slli x30, x30, 0xb                      inst_359+16
x30 <- 0x0019999999999800

mem[X,0x0000000080003074] -> 0x0F13
mem[X,0x0000000080003076] -> 0x199F
[3103] [M]: 0x0000000080003074 (0x199F0F13) addi x30, x30, 0x199                    inst_359+20
x30 <- 0x0019999999999999

clint mtime 0x0000000000000610 (mip.MTI <- 0b1, mip.STI <- 0b0)
mem[X,0x0000000080003078] -> 0x1F13
mem[X,0x000000008000307A] -> 0x00AF
[3104] [M]: 0x0000000080003078 (0x00AF1F13) slli x30, x30, 0xa                      inst_359+24
x30 <- 0x6666666666666400

mem[X,0x000000008000307C] -> 0x0F13
mem[X,0x000000008000307E] -> 0x266F
[3105] [M]: 0x000000008000307C (0x266F0F13) addi x30, x30, 0x266                    inst_359+28
x30 <- 0x6666666666666666

clint mtime 0x0000000000000611 (mip.MTI <- 0b1, mip.STI <- 0b0)
mem[X,0x0000000080003080] -> 0x6F93
mem[X,0x0000000080003082] -> 0x02CF
[3106] [M]: 0x0000000080003080 (0x02CF6F93) ori x31, x30, 0x2c                      inst_359+32
x31 <- 0x666666666666666E

mem[X,0x0000000080003084] -> 0xB423
mem[X,0x0000000080003086] -> 0x27F3
[3107] [M]: 0x0000000080003084 (0x27F3B423) sd x31, 0x268(x7)                       inst_359+36
mem[W,0x0000000080006C50] <- 0x666666666666666E

clint mtime 0x0000000000000612 (mip.MTI <- 0b1, mip.STI <- 0b0)
mem[X,0x0000000080003088] -> 0x6F37
mem[X,0x000000008000308A] -> 0x6666
[3108] [M]: 0x0000000080003088 (0x66666F37) lui x30, 0x66666                        inst_360+0
x30 <- 0x0000000066666000

mem[X,0x000000008000308C] -> 0x0F13
mem[X,0x000000008000308E] -> 0x666F
[3109] [M]: 0x000000008000308C (0x666F0F13) addi x30, x30, 0x666                    inst_360+4
x30 <- 0x0000000066666666

clint mtime 0x0000000000000613 (mip.MTI <- 0b1, mip.STI <- 0b0)
mem[X,0x0000000080003090] -> 0x1F13
mem[X,0x0000000080003092] -> 0x00BF
[3110] [M]: 0x0000000080003090 (0x00BF1F13) slli x30, x30, 0xb                      inst_360+8
x30 <- 0x0000033333333000

mem[X,0x0000000080003094] -> 0x0F13
mem[X,0x0000000080003096] -> 0x333F
[3111] [M]: 0x0000000080003094 (0x333F0F13) addi x30, x30, 0x333                    inst_360+12
x30 <- 0x0000033333333333

clint mtime 0x0000000000000614 (mip.MTI <- 0b1, mip.STI <- 0b0)
mem[X,0x0000000080003098] -> 0x1F13
mem[X,0x000000008000309A] -> 0x00BF
[3112] [M]: 0x0000000080003098 (0x00BF1F13) slli x30, x30, 0xb                      inst_360+16
x30 <- 0x0019999999999800

mem[X,0x000000008000309C] -> 0x0F13
mem[X,0x000000008000309E] -> 0x199F
[3113] [M]: 0x000000008000309C (0x199F0F13) addi x30, x30, 0x199                    inst_360+20
x30 <- 0x0019999999999999

clint mtime 0x0000000000000615 (mip.MTI <- 0b1, mip.STI <- 0b0)
mem[X,0x00000000800030A0] -> 0x1F13
mem[X,0x00000000800030A2] -> 0x00AF
[3114] [M]: 0x00000000800030A0 (0x00AF1F13) slli x30, x30, 0xa                      inst_360+24
x30 <- 0x6666666666666400

mem[X,0x00000000800030A4] -> 0x0F13
mem[X,0x00000000800030A6] -> 0x266F
[3115] [M]: 0x00000000800030A4 (0x266F0F13) addi x30, x30, 0x266                    inst_360+28
x30 <- 0x6666666666666666

clint mtime 0x0000000000000616 (mip.MTI <- 0b1, mip.STI <- 0b0)
mem[X,0x00000000800030A8] -> 0x6F93
mem[X,0x00000000800030AA] -> 0x665F
[3116] [M]: 0x00000000800030A8 (0x665F6F93) ori x31, x30, 0x665                     inst_360+32
x31 <- 0x6666666666666667

mem[X,0x00000000800030AC] -> 0xB823
mem[X,0x00000000800030AE] -> 0x27F3
[3117] [M]: 0x00000000800030AC (0x27F3B823) sd x31, 0x270(x7)                       inst_360+36
mem[W,0x0000000080006C58] <- 0x6666666666666667

clint mtime 0x0000000000000617 (mip.MTI <- 0b1, mip.STI <- 0b0)
mem[X,0x00000000800030B0] -> 0x6F37
mem[X,0x00000000800030B2] -> 0x6666
[3118] [M]: 0x00000000800030B0 (0x66666F37) lui x30, 0x66666                        inst_361+0
x30 <- 0x0000000066666000

mem[X,0x00000000800030B4] -> 0x0F13
mem[X,0x00000000800030B6] -> 0x666F
[3119] [M]: 0x00000000800030B4 (0x666F0F13) addi x30, x30, 0x666                    inst_361+4
x30 <- 0x0000000066666666

clint mtime 0x0000000000000618 (mip.MTI <- 0b1, mip.STI <- 0b0)
mem[X,0x00000000800030B8] -> 0x1F13
mem[X,0x00000000800030BA] -> 0x00BF
[3120] [M]: 0x00000000800030B8 (0x00BF1F13) slli x30, x30, 0xb                      inst_361+8
x30 <- 0x0000033333333000

mem[X,0x00000000800030BC] -> 0x0F13
mem[X,0x00000000800030BE] -> 0x333F
[3121] [M]: 0x00000000800030BC (0x333F0F13) addi x30, x30, 0x333                    inst_361+12
x30 <- 0x0000033333333333

clint mtime 0x0000000000000619 (mip.MTI <- 0b1, mip.STI <- 0b0)
mem[X,0x00000000800030C0] -> 0x1F13
mem[X,0x00000000800030C2] -> 0x00BF
[3122] [M]: 0x00000000800030C0 (0x00BF1F13) slli x30, x30, 0xb                      inst_361+16
x30 <- 0x0019999999999800

mem[X,0x00000000800030C4] -> 0x0F13
mem[X,0x00000000800030C6] -> 0x199F
[3123] [M]: 0x00000000800030C4 (0x199F0F13) addi x30, x30, 0x199                    inst_361+20
x30 <- 0x0019999999999999

clint mtime 0x000000000000061A (mip.MTI <- 0b1, mip.STI <- 0b0)
mem[X,0x00000000800030C8] -> 0x1F13
mem[X,0x00000000800030CA] -> 0x00AF
[3124] [M]: 0x00000000800030C8 (0x00AF1F13) slli x30, x30, 0xa                      inst_361+24
x30 <- 0x6666666666666400

mem[X,0x00000000800030CC] -> 0x0F13
mem[X,0x00000000800030CE] -> 0x266F
[3125] [M]: 0x00000000800030CC (0x266F0F13) addi x30, x30, 0x266                    inst_361+28
x30 <- 0x6666666666666666

clint mtime 0x000000000000061B (mip.MTI <- 0b1, mip.STI <- 0b0)
mem[X,0x00000000800030D0] -> 0x6F93
mem[X,0x00000000800030D2] -> 0x332F
[3126] [M]: 0x00000000800030D0 (0x332F6F93) ori x31, x30, 0x332                     inst_361+32
x31 <- 0x6666666666666776

mem[X,0x00000000800030D4] -> 0xBC23
mem[X,0x00000000800030D6] -> 0x27F3
[3127] [M]: 0x00000000800030D4 (0x27F3BC23) sd x31, 0x278(x7)                       inst_361+36
mem[W,0x0000000080006C60] <- 0x6666666666666776

clint mtime 0x000000000000061C (mip.MTI <- 0b1, mip.STI <- 0b0)
mem[X,0x00000000800030D8] -> 0x6F37
mem[X,0x00000000800030DA] -> 0x6666
[3128] [M]: 0x00000000800030D8 (0x66666F37) lui x30, 0x66666                        inst_362+0
x30 <- 0x0000000066666000

mem[X,0x00000000800030DC] -> 0x0F13
mem[X,0x00000000800030DE] -> 0x666F
[3129] [M]: 0x00000000800030DC (0x666F0F13) addi x30, x30, 0x666                    inst_362+4
x30 <- 0x0000000066666666

clint mtime 0x000000000000061D (mip.MTI <- 0b1, mip.STI <- 0b0)
mem[X,0x00000000800030E0] -> 0x1F13
mem[X,0x00000000800030E2] -> 0x00BF
[3130] [M]: 0x00000000800030E0 (0x00BF1F13) slli x30, x30, 0xb                      inst_362+8
x30 <- 0x0000033333333000

mem[X,0x00000000800030E4] -> 0x0F13
mem[X,0x00000000800030E6] -> 0x333F
[3131] [M]: 0x00000000800030E4 (0x333F0F13) addi x30, x30, 0x333                    inst_362+12
x30 <- 0x0000033333333333

clint mtime 0x000000000000061E (mip.MTI <- 0b1, mip.STI <- 0b0)
mem[X,0x00000000800030E8] -> 0x1F13
mem[X,0x00000000800030EA] -> 0x00BF
[3132] [M]: 0x00000000800030E8 (0x00BF1F13) slli x30, x30, 0xb                      inst_362+16
x30 <- 0x0019999999999800

mem[X,0x00000000800030EC] -> 0x0F13
mem[X,0x00000000800030EE] -> 0x199F
[3133] [M]: 0x00000000800030EC (0x199F0F13) addi x30, x30, 0x199                    inst_362+20
x30 <- 0x0019999999999999

clint mtime 0x000000000000061F (mip.MTI <- 0b1, mip.STI <- 0b0)
mem[X,0x00000000800030F0] -> 0x1F13
mem[X,0x00000000800030F2] -> 0x00AF
[3134] [M]: 0x00000000800030F0 (0x00AF1F13) slli x30, x30, 0xa                      inst_362+24
x30 <- 0x6666666666666400

mem[X,0x00000000800030F4] -> 0x0F13
mem[X,0x00000000800030F6] -> 0x266F
[3135] [M]: 0x00000000800030F4 (0x266F0F13) addi x30, x30, 0x266                    inst_362+28
x30 <- 0x6666666666666666

clint mtime 0x0000000000000620 (mip.MTI <- 0b1, mip.STI <- 0b0)
mem[X,0x00000000800030F8] -> 0x6F93
mem[X,0x00000000800030FA] -> 0x004F
[3136] [M]: 0x00000000800030F8 (0x004F6F93) ori x31, x30, 0x4                       inst_362+32
x31 <- 0x6666666666666666

mem[X,0x00000000800030FC] -> 0xB023
mem[X,0x00000000800030FE] -> 0x29F3
[3137] [M]: 0x00000000800030FC (0x29F3B023) sd x31, 0x280(x7)                       inst_362+36
mem[W,0x0000000080006C68] <- 0x6666666666666666

clint mtime 0x0000000000000621 (mip.MTI <- 0b1, mip.STI <- 0b0)
mem[X,0x0000000080003100] -> 0x6F37
mem[X,0x0000000080003102] -> 0x6666
[3138] [M]: 0x0000000080003100 (0x66666F37) lui x30, 0x66666                        inst_363+0
x30 <- 0x0000000066666000

mem[X,0x0000000080003104] -> 0x0F13
mem[X,0x0000000080003106] -> 0x666F
[3139] [M]: 0x0000000080003104 (0x666F0F13) addi x30, x30, 0x666                    inst_363+4
x30 <- 0x0000000066666666

clint mtime 0x0000000000000622 (mip.MTI <- 0b1, mip.STI <- 0b0)
mem[X,0x0000000080003108] -> 0x1F13
mem[X,0x000000008000310A] -> 0x00BF
[3140] [M]: 0x0000000080003108 (0x00BF1F13) slli x30, x30, 0xb                      inst_363+8
x30 <- 0x0000033333333000

mem[X,0x000000008000310C] -> 0x0F13
mem[X,0x000000008000310E] -> 0x333F
[3141] [M]: 0x000000008000310C (0x333F0F13) addi x30, x30, 0x333                    inst_363+12
x30 <- 0x0000033333333333

clint mtime 0x0000000000000623 (mip.MTI <- 0b1, mip.STI <- 0b0)
mem[X,0x0000000080003110] -> 0x1F13
mem[X,0x0000000080003112] -> 0x00BF
[3142] [M]: 0x0000000080003110 (0x00BF1F13) slli x30, x30, 0xb                      inst_363+16
x30 <- 0x0019999999999800

mem[X,0x0000000080003114] -> 0x0F13
mem[X,0x0000000080003116] -> 0x199F
[3143] [M]: 0x0000000080003114 (0x199F0F13) addi x30, x30, 0x199                    inst_363+20
x30 <- 0x0019999999999999

clint mtime 0x0000000000000624 (mip.MTI <- 0b1, mip.STI <- 0b0)
mem[X,0x0000000080003118] -> 0x1F13
mem[X,0x000000008000311A] -> 0x00AF
[3144] [M]: 0x0000000080003118 (0x00AF1F13) slli x30, x30, 0xa                      inst_363+24
x30 <- 0x6666666666666400

mem[X,0x000000008000311C] -> 0x0F13
mem[X,0x000000008000311E] -> 0x266F
[3145] [M]: 0x000000008000311C (0x266F0F13) addi x30, x30, 0x266                    inst_363+28
x30 <- 0x6666666666666666

clint mtime 0x0000000000000625 (mip.MTI <- 0b1, mip.STI <- 0b0)
mem[X,0x0000000080003120] -> 0x6F93
mem[X,0x0000000080003122] -> 0x000F
[3146] [M]: 0x0000000080003120 (0x000F6F93) ori x31, x30, 0x0                       inst_363+32
x31 <- 0x6666666666666666

mem[X,0x0000000080003124] -> 0xB423
mem[X,0x0000000080003126] -> 0x29F3
[3147] [M]: 0x0000000080003124 (0x29F3B423) sd x31, 0x288(x7)                       inst_363+36
mem[W,0x0000000080006C70] <- 0x6666666666666666

clint mtime 0x0000000000000626 (mip.MTI <- 0b1, mip.STI <- 0b0)
mem[X,0x0000000080003128] -> 0x6F37
mem[X,0x000000008000312A] -> 0x6666
[3148] [M]: 0x0000000080003128 (0x66666F37) lui x30, 0x66666                        inst_364+0
x30 <- 0x0000000066666000

mem[X,0x000000008000312C] -> 0x0F13
mem[X,0x000000008000312E] -> 0x666F
[3149] [M]: 0x000000008000312C (0x666F0F13) addi x30, x30, 0x666                    inst_364+4
x30 <- 0x0000000066666666

clint mtime 0x0000000000000627 (mip.MTI <- 0b1, mip.STI <- 0b0)
mem[X,0x0000000080003130] -> 0x1F13
mem[X,0x0000000080003132] -> 0x00BF
[3150] [M]: 0x0000000080003130 (0x00BF1F13) slli x30, x30, 0xb                      inst_364+8
x30 <- 0x0000033333333000

mem[X,0x0000000080003134] -> 0x0F13
mem[X,0x0000000080003136] -> 0x333F
[3151] [M]: 0x0000000080003134 (0x333F0F13) addi x30, x30, 0x333                    inst_364+12
x30 <- 0x0000033333333333

clint mtime 0x0000000000000628 (mip.MTI <- 0b1, mip.STI <- 0b0)
mem[X,0x0000000080003138] -> 0x1F13
mem[X,0x000000008000313A] -> 0x00BF
[3152] [M]: 0x0000000080003138 (0x00BF1F13) slli x30, x30, 0xb                      inst_364+16
x30 <- 0x0019999999999800

mem[X,0x000000008000313C] -> 0x0F13
mem[X,0x000000008000313E] -> 0x199F
[3153] [M]: 0x000000008000313C (0x199F0F13) addi x30, x30, 0x199                    inst_364+20
x30 <- 0x0019999999999999

clint mtime 0x0000000000000629 (mip.MTI <- 0b1, mip.STI <- 0b0)
mem[X,0x0000000080003140] -> 0x1F13
mem[X,0x0000000080003142] -> 0x00AF
[3154] [M]: 0x0000000080003140 (0x00AF1F13) slli x30, x30, 0xa                      inst_364+24
x30 <- 0x6666666666666400

mem[X,0x0000000080003144] -> 0x0F13
mem[X,0x0000000080003146] -> 0x266F
[3155] [M]: 0x0000000080003144 (0x266F0F13) addi x30, x30, 0x266                    inst_364+28
x30 <- 0x6666666666666666

clint mtime 0x000000000000062A (mip.MTI <- 0b1, mip.STI <- 0b0)
mem[X,0x0000000080003148] -> 0x6F93
mem[X,0x000000008000314A] -> 0x554F
[3156] [M]: 0x0000000080003148 (0x554F6F93) ori x31, x30, 0x554                     inst_364+32
x31 <- 0x6666666666666776

mem[X,0x000000008000314C] -> 0xB823
mem[X,0x000000008000314E] -> 0x29F3
[3157] [M]: 0x000000008000314C (0x29F3B823) sd x31, 0x290(x7)                       inst_364+36
mem[W,0x0000000080006C78] <- 0x6666666666666776

clint mtime 0x000000000000062B (mip.MTI <- 0b1, mip.STI <- 0b0)
mem[X,0x0000000080003150] -> 0x6F37
mem[X,0x0000000080003152] -> 0x6666
[3158] [M]: 0x0000000080003150 (0x66666F37) lui x30, 0x66666                        inst_365+0
x30 <- 0x0000000066666000

mem[X,0x0000000080003154] -> 0x0F13
mem[X,0x0000000080003156] -> 0x666F
[3159] [M]: 0x0000000080003154 (0x666F0F13) addi x30, x30, 0x666                    inst_365+4
x30 <- 0x0000000066666666

clint mtime 0x000000000000062C (mip.MTI <- 0b1, mip.STI <- 0b0)
mem[X,0x0000000080003158] -> 0x1F13
mem[X,0x000000008000315A] -> 0x00BF
[3160] [M]: 0x0000000080003158 (0x00BF1F13) slli x30, x30, 0xb                      inst_365+8
x30 <- 0x0000033333333000

mem[X,0x000000008000315C] -> 0x0F13
mem[X,0x000000008000315E] -> 0x333F
[3161] [M]: 0x000000008000315C (0x333F0F13) addi x30, x30, 0x333                    inst_365+12
x30 <- 0x0000033333333333

clint mtime 0x000000000000062D (mip.MTI <- 0b1, mip.STI <- 0b0)
mem[X,0x0000000080003160] -> 0x1F13
mem[X,0x0000000080003162] -> 0x00BF
[3162] [M]: 0x0000000080003160 (0x00BF1F13) slli x30, x30, 0xb                      inst_365+16
x30 <- 0x0019999999999800

mem[X,0x0000000080003164] -> 0x0F13
mem[X,0x0000000080003166] -> 0x199F
[3163] [M]: 0x0000000080003164 (0x199F0F13) addi x30, x30, 0x199                    inst_365+20
x30 <- 0x0019999999999999

clint mtime 0x000000000000062E (mip.MTI <- 0b1, mip.STI <- 0b0)
mem[X,0x0000000080003168] -> 0x1F13
mem[X,0x000000008000316A] -> 0x00AF
[3164] [M]: 0x0000000080003168 (0x00AF1F13) slli x30, x30, 0xa                      inst_365+24
x30 <- 0x6666666666666400

mem[X,0x000000008000316C] -> 0x0F13
mem[X,0x000000008000316E] -> 0x266F
[3165] [M]: 0x000000008000316C (0x266F0F13) addi x30, x30, 0x266                    inst_365+28
x30 <- 0x6666666666666666

clint mtime 0x000000000000062F (mip.MTI <- 0b1, mip.STI <- 0b0)
mem[X,0x0000000080003170] -> 0x6F93
mem[X,0x0000000080003172] -> 0x002F
[3166] [M]: 0x0000000080003170 (0x002F6F93) ori x31, x30, 0x2                       inst_365+32
x31 <- 0x6666666666666666

mem[X,0x0000000080003174] -> 0xBC23
mem[X,0x0000000080003176] -> 0x29F3
[3167] [M]: 0x0000000080003174 (0x29F3BC23) sd x31, 0x298(x7)                       inst_365+36
mem[W,0x0000000080006C80] <- 0x6666666666666666

clint mtime 0x0000000000000630 (mip.MTI <- 0b1, mip.STI <- 0b0)
mem[X,0x0000000080003178] -> 0x6F37
mem[X,0x000000008000317A] -> 0x6666
[3168] [M]: 0x0000000080003178 (0x66666F37) lui x30, 0x66666                        inst_366+0
x30 <- 0x0000000066666000

mem[X,0x000000008000317C] -> 0x0F13
mem[X,0x000000008000317E] -> 0x666F
[3169] [M]: 0x000000008000317C (0x666F0F13) addi x30, x30, 0x666                    inst_366+4
x30 <- 0x0000000066666666

clint mtime 0x0000000000000631 (mip.MTI <- 0b1, mip.STI <- 0b0)
mem[X,0x0000000080003180] -> 0x1F13
mem[X,0x0000000080003182] -> 0x00BF
[3170] [M]: 0x0000000080003180 (0x00BF1F13) slli x30, x30, 0xb                      inst_366+8
x30 <- 0x0000033333333000

mem[X,0x0000000080003184] -> 0x0F13
mem[X,0x0000000080003186] -> 0x333F
[3171] [M]: 0x0000000080003184 (0x333F0F13) addi x30, x30, 0x333                    inst_366+12
x30 <- 0x0000033333333333

clint mtime 0x0000000000000632 (mip.MTI <- 0b1, mip.STI <- 0b0)
mem[X,0x0000000080003188] -> 0x1F13
mem[X,0x000000008000318A] -> 0x00BF
[3172] [M]: 0x0000000080003188 (0x00BF1F13) slli x30, x30, 0xb                      inst_366+16
x30 <- 0x0019999999999800

mem[X,0x000000008000318C] -> 0x0F13
mem[X,0x000000008000318E] -> 0x199F
[3173] [M]: 0x000000008000318C (0x199F0F13) addi x30, x30, 0x199                    inst_366+20
x30 <- 0x0019999999999999

clint mtime 0x0000000000000633 (mip.MTI <- 0b1, mip.STI <- 0b0)
mem[X,0x0000000080003190] -> 0x1F13
mem[X,0x0000000080003192] -> 0x00AF
[3174] [M]: 0x0000000080003190 (0x00AF1F13) slli x30, x30, 0xa                      inst_366+24
x30 <- 0x6666666666666400

mem[X,0x0000000080003194] -> 0x0F13
mem[X,0x0000000080003196] -> 0x266F
[3175] [M]: 0x0000000080003194 (0x266F0F13) addi x30, x30, 0x266                    inst_366+28
x30 <- 0x6666666666666666

clint mtime 0x0000000000000634 (mip.MTI <- 0b1, mip.STI <- 0b0)
mem[X,0x0000000080003198] -> 0x6F93
mem[X,0x000000008000319A] -> 0x02DF
[3176] [M]: 0x0000000080003198 (0x02DF6F93) ori x31, x30, 0x2d                      inst_366+32
x31 <- 0x666666666666666F

mem[X,0x000000008000319C] -> 0xB023
mem[X,0x000000008000319E] -> 0x2BF3
[3177] [M]: 0x000000008000319C (0x2BF3B023) sd x31, 0x2a0(x7)                       inst_366+36
mem[W,0x0000000080006C88] <- 0x666666666666666F

clint mtime 0x0000000000000635 (mip.MTI <- 0b1, mip.STI <- 0b0)
mem[X,0x00000000800031A0] -> 0x6F37
mem[X,0x00000000800031A2] -> 0x6666
[3178] [M]: 0x00000000800031A0 (0x66666F37) lui x30, 0x66666                        inst_367+0
x30 <- 0x0000000066666000

mem[X,0x00000000800031A4] -> 0x0F13
mem[X,0x00000000800031A6] -> 0x666F
[3179] [M]: 0x00000000800031A4 (0x666F0F13) addi x30, x30, 0x666                    inst_367+4
x30 <- 0x0000000066666666

clint mtime 0x0000000000000636 (mip.MTI <- 0b1, mip.STI <- 0b0)
mem[X,0x00000000800031A8] -> 0x1F13
mem[X,0x00000000800031AA] -> 0x00BF
[3180] [M]: 0x00000000800031A8 (0x00BF1F13) slli x30, x30, 0xb                      inst_367+8
x30 <- 0x0000033333333000

mem[X,0x00000000800031AC] -> 0x0F13
mem[X,0x00000000800031AE] -> 0x333F
[3181] [M]: 0x00000000800031AC (0x333F0F13) addi x30, x30, 0x333                    inst_367+12
x30 <- 0x0000033333333333

clint mtime 0x0000000000000637 (mip.MTI <- 0b1, mip.STI <- 0b0)
mem[X,0x00000000800031B0] -> 0x1F13
mem[X,0x00000000800031B2] -> 0x00BF
[3182] [M]: 0x00000000800031B0 (0x00BF1F13) slli x30, x30, 0xb                      inst_367+16
x30 <- 0x0019999999999800

mem[X,0x00000000800031B4] -> 0x0F13
mem[X,0x00000000800031B6] -> 0x199F
[3183] [M]: 0x00000000800031B4 (0x199F0F13) addi x30, x30, 0x199                    inst_367+20
x30 <- 0x0019999999999999

clint mtime 0x0000000000000638 (mip.MTI <- 0b1, mip.STI <- 0b0)
mem[X,0x00000000800031B8] -> 0x1F13
mem[X,0x00000000800031BA] -> 0x00AF
[3184] [M]: 0x00000000800031B8 (0x00AF1F13) slli x30, x30, 0xa                      inst_367+24
x30 <- 0x6666666666666400

mem[X,0x00000000800031BC] -> 0x0F13
mem[X,0x00000000800031BE] -> 0x266F
[3185] [M]: 0x00000000800031BC (0x266F0F13) addi x30, x30, 0x266                    inst_367+28
x30 <- 0x6666666666666666

clint mtime 0x0000000000000639 (mip.MTI <- 0b1, mip.STI <- 0b0)
mem[X,0x00000000800031C0] -> 0x6F93
mem[X,0x00000000800031C2] -> 0xFD3F
[3186] [M]: 0x00000000800031C0 (0xFD3F6F93) ori x31, x30, -0x2d                     inst_367+32
x31 <- 0xFFFFFFFFFFFFFFF7

mem[X,0x00000000800031C4] -> 0xB423
mem[X,0x00000000800031C6] -> 0x2BF3
[3187] [M]: 0x00000000800031C4 (0x2BF3B423) sd x31, 0x2a8(x7)                       inst_367+36
mem[W,0x0000000080006C90] <- 0xFFFFFFFFFFFFFFF7

clint mtime 0x000000000000063A (mip.MTI <- 0b1, mip.STI <- 0b0)
mem[X,0x00000000800031C8] -> 0x6F37
mem[X,0x00000000800031CA] -> 0x6666
[3188] [M]: 0x00000000800031C8 (0x66666F37) lui x30, 0x66666                        inst_368+0
x30 <- 0x0000000066666000

mem[X,0x00000000800031CC] -> 0x0F13
mem[X,0x00000000800031CE] -> 0x666F
[3189] [M]: 0x00000000800031CC (0x666F0F13) addi x30, x30, 0x666                    inst_368+4
x30 <- 0x0000000066666666

clint mtime 0x000000000000063B (mip.MTI <- 0b1, mip.STI <- 0b0)
mem[X,0x00000000800031D0] -> 0x1F13
mem[X,0x00000000800031D2] -> 0x00BF
[3190] [M]: 0x00000000800031D0 (0x00BF1F13) slli x30, x30, 0xb                      inst_368+8
x30 <- 0x0000033333333000

mem[X,0x00000000800031D4] -> 0x0F13
mem[X,0x00000000800031D6] -> 0x333F
[3191] [M]: 0x00000000800031D4 (0x333F0F13) addi x30, x30, 0x333                    inst_368+12
x30 <- 0x0000033333333333

clint mtime 0x000000000000063C (mip.MTI <- 0b1, mip.STI <- 0b0)
mem[X,0x00000000800031D8] -> 0x1F13
mem[X,0x00000000800031DA] -> 0x00BF
[3192] [M]: 0x00000000800031D8 (0x00BF1F13) slli x30, x30, 0xb                      inst_368+16
x30 <- 0x0019999999999800

mem[X,0x00000000800031DC] -> 0x0F13
mem[X,0x00000000800031DE] -> 0x199F
[3193] [M]: 0x00000000800031DC (0x199F0F13) addi x30, x30, 0x199                    inst_368+20
x30 <- 0x0019999999999999

clint mtime 0x000000000000063D (mip.MTI <- 0b1, mip.STI <- 0b0)
mem[X,0x00000000800031E0] -> 0x1F13
mem[X,0x00000000800031E2] -> 0x00AF
[3194] [M]: 0x00000000800031E0 (0x00AF1F13) slli x30, x30, 0xa                      inst_368+24
x30 <- 0x6666666666666400

mem[X,0x00000000800031E4] -> 0x0F13
mem[X,0x00000000800031E6] -> 0x266F
[3195] [M]: 0x00000000800031E4 (0x266F0F13) addi x30, x30, 0x266                    inst_368+28
x30 <- 0x6666666666666666

clint mtime 0x000000000000063E (mip.MTI <- 0b1, mip.STI <- 0b0)
mem[X,0x00000000800031E8] -> 0x6F93
mem[X,0x00000000800031EA] -> 0x666F
[3196] [M]: 0x00000000800031E8 (0x666F6F93) ori x31, x30, 0x666                     inst_368+32
x31 <- 0x6666666666666666

mem[X,0x00000000800031EC] -> 0xB823
mem[X,0x00000000800031EE] -> 0x2BF3
[3197] [M]: 0x00000000800031EC (0x2BF3B823) sd x31, 0x2b0(x7)                       inst_368+36
mem[W,0x0000000080006C98] <- 0x6666666666666666

clint mtime 0x000000000000063F (mip.MTI <- 0b1, mip.STI <- 0b0)
mem[X,0x00000000800031F0] -> 0x6F37
mem[X,0x00000000800031F2] -> 0x6666
[3198] [M]: 0x00000000800031F0 (0x66666F37) lui x30, 0x66666                        inst_369+0
x30 <- 0x0000000066666000

mem[X,0x00000000800031F4] -> 0x0F13
mem[X,0x00000000800031F6] -> 0x666F
[3199] [M]: 0x00000000800031F4 (0x666F0F13) addi x30, x30, 0x666                    inst_369+4
x30 <- 0x0000000066666666

clint mtime 0x0000000000000640 (mip.MTI <- 0b1, mip.STI <- 0b0)
mem[X,0x00000000800031F8] -> 0x1F13
mem[X,0x00000000800031FA] -> 0x00BF
[3200] [M]: 0x00000000800031F8 (0x00BF1F13) slli x30, x30, 0xb                      inst_369+8
x30 <- 0x0000033333333000

mem[X,0x00000000800031FC] -> 0x0F13
mem[X,0x00000000800031FE] -> 0x333F
[3201] [M]: 0x00000000800031FC (0x333F0F13) addi x30, x30, 0x333                    inst_369+12
x30 <- 0x0000033333333333

clint mtime 0x0000000000000641 (mip.MTI <- 0b1, mip.STI <- 0b0)
mem[X,0x0000000080003200] -> 0x1F13
mem[X,0x0000000080003202] -> 0x00BF
[3202] [M]: 0x0000000080003200 (0x00BF1F13) slli x30, x30, 0xb                      inst_369+16
x30 <- 0x0019999999999800

mem[X,0x0000000080003204] -> 0x0F13
mem[X,0x0000000080003206] -> 0x199F
[3203] [M]: 0x0000000080003204 (0x199F0F13) addi x30, x30, 0x199                    inst_369+20
x30 <- 0x0019999999999999

clint mtime 0x0000000000000642 (mip.MTI <- 0b1, mip.STI <- 0b0)
mem[X,0x0000000080003208] -> 0x1F13
mem[X,0x000000008000320A] -> 0x00AF
[3204] [M]: 0x0000000080003208 (0x00AF1F13) slli x30, x30, 0xa                      inst_369+24
x30 <- 0x6666666666666400

mem[X,0x000000008000320C] -> 0x0F13
mem[X,0x000000008000320E] -> 0x266F
[3205] [M]: 0x000000008000320C (0x266F0F13) addi x30, x30, 0x266                    inst_369+28
x30 <- 0x6666666666666666

clint mtime 0x0000000000000643 (mip.MTI <- 0b1, mip.STI <- 0b0)
mem[X,0x0000000080003210] -> 0x6F93
mem[X,0x0000000080003212] -> 0x333F
[3206] [M]: 0x0000000080003210 (0x333F6F93) ori x31, x30, 0x333                     inst_369+32
x31 <- 0x6666666666666777

mem[X,0x0000000080003214] -> 0xBC23
mem[X,0x0000000080003216] -> 0x2BF3
[3207] [M]: 0x0000000080003214 (0x2BF3BC23) sd x31, 0x2b8(x7)                       inst_369+36
mem[W,0x0000000080006CA0] <- 0x6666666666666777

clint mtime 0x0000000000000644 (mip.MTI <- 0b1, mip.STI <- 0b0)
mem[X,0x0000000080003218] -> 0x6F37
mem[X,0x000000008000321A] -> 0x6666
[3208] [M]: 0x0000000080003218 (0x66666F37) lui x30, 0x66666                        inst_370+0
x30 <- 0x0000000066666000

mem[X,0x000000008000321C] -> 0x0F13
mem[X,0x000000008000321E] -> 0x666F
[3209] [M]: 0x000000008000321C (0x666F0F13) addi x30, x30, 0x666                    inst_370+4
x30 <- 0x0000000066666666

clint mtime 0x0000000000000645 (mip.MTI <- 0b1, mip.STI <- 0b0)
mem[X,0x0000000080003220] -> 0x1F13
mem[X,0x0000000080003222] -> 0x00BF
[3210] [M]: 0x0000000080003220 (0x00BF1F13) slli x30, x30, 0xb                      inst_370+8
x30 <- 0x0000033333333000

mem[X,0x0000000080003224] -> 0x0F13
mem[X,0x0000000080003226] -> 0x333F
[3211] [M]: 0x0000000080003224 (0x333F0F13) addi x30, x30, 0x333                    inst_370+12
x30 <- 0x0000033333333333

clint mtime 0x0000000000000646 (mip.MTI <- 0b1, mip.STI <- 0b0)
mem[X,0x0000000080003228] -> 0x1F13
mem[X,0x000000008000322A] -> 0x00BF
[3212] [M]: 0x0000000080003228 (0x00BF1F13) slli x30, x30, 0xb                      inst_370+16
x30 <- 0x0019999999999800

mem[X,0x000000008000322C] -> 0x0F13
mem[X,0x000000008000322E] -> 0x199F
[3213] [M]: 0x000000008000322C (0x199F0F13) addi x30, x30, 0x199                    inst_370+20
x30 <- 0x0019999999999999

clint mtime 0x0000000000000647 (mip.MTI <- 0b1, mip.STI <- 0b0)
mem[X,0x0000000080003230] -> 0x1F13
mem[X,0x0000000080003232] -> 0x00AF
[3214] [M]: 0x0000000080003230 (0x00AF1F13) slli x30, x30, 0xa                      inst_370+24
x30 <- 0x6666666666666400

mem[X,0x0000000080003234] -> 0x0F13
mem[X,0x0000000080003236] -> 0x266F
[3215] [M]: 0x0000000080003234 (0x266F0F13) addi x30, x30, 0x266                    inst_370+28
x30 <- 0x6666666666666666

clint mtime 0x0000000000000648 (mip.MTI <- 0b1, mip.STI <- 0b0)
mem[X,0x0000000080003238] -> 0x6F93
mem[X,0x000000008000323A] -> 0x005F
[3216] [M]: 0x0000000080003238 (0x005F6F93) ori x31, x30, 0x5                       inst_370+32
x31 <- 0x6666666666666667

mem[X,0x000000008000323C] -> 0xB023
mem[X,0x000000008000323E] -> 0x2DF3
[3217] [M]: 0x000000008000323C (0x2DF3B023) sd x31, 0x2c0(x7)                       inst_370+36
mem[W,0x0000000080006CA8] <- 0x6666666666666667

clint mtime 0x0000000000000649 (mip.MTI <- 0b1, mip.STI <- 0b0)
mem[X,0x0000000080003240] -> 0x6F37
mem[X,0x0000000080003242] -> 0x6666
[3218] [M]: 0x0000000080003240 (0x66666F37) lui x30, 0x66666                        inst_371+0
x30 <- 0x0000000066666000

mem[X,0x0000000080003244] -> 0x0F13
mem[X,0x0000000080003246] -> 0x666F
[3219] [M]: 0x0000000080003244 (0x666F0F13) addi x30, x30, 0x666                    inst_371+4
x30 <- 0x0000000066666666

clint mtime 0x000000000000064A (mip.MTI <- 0b1, mip.STI <- 0b0)
mem[X,0x0000000080003248] -> 0x1F13
mem[X,0x000000008000324A] -> 0x00BF
[3220] [M]: 0x0000000080003248 (0x00BF1F13) slli x30, x30, 0xb                      inst_371+8
x30 <- 0x0000033333333000

mem[X,0x000000008000324C] -> 0x0F13
mem[X,0x000000008000324E] -> 0x333F
[3221] [M]: 0x000000008000324C (0x333F0F13) addi x30, x30, 0x333                    inst_371+12
x30 <- 0x0000033333333333

clint mtime 0x000000000000064B (mip.MTI <- 0b1, mip.STI <- 0b0)
mem[X,0x0000000080003250] -> 0x1F13
mem[X,0x0000000080003252] -> 0x00BF
[3222] [M]: 0x0000000080003250 (0x00BF1F13) slli x30, x30, 0xb                      inst_371+16
x30 <- 0x0019999999999800

mem[X,0x0000000080003254] -> 0x0F13
mem[X,0x0000000080003256] -> 0x199F
[3223] [M]: 0x0000000080003254 (0x199F0F13) addi x30, x30, 0x199                    inst_371+20
x30 <- 0x0019999999999999

clint mtime 0x000000000000064C (mip.MTI <- 0b1, mip.STI <- 0b0)
mem[X,0x0000000080003258] -> 0x1F13
mem[X,0x000000008000325A] -> 0x00AF
[3224] [M]: 0x0000000080003258 (0x00AF1F13) slli x30, x30, 0xa                      inst_371+24
x30 <- 0x6666666666666400

mem[X,0x000000008000325C] -> 0x0F13
mem[X,0x000000008000325E] -> 0x266F
[3225] [M]: 0x000000008000325C (0x266F0F13) addi x30, x30, 0x266                    inst_371+28
x30 <- 0x6666666666666666

clint mtime 0x000000000000064D (mip.MTI <- 0b1, mip.STI <- 0b0)
mem[X,0x0000000080003260] -> 0x6F93
mem[X,0x0000000080003262] -> 0xAAAF
[3226] [M]: 0x0000000080003260 (0xAAAF6F93) ori x31, x30, -0x556                    inst_371+32
x31 <- 0xFFFFFFFFFFFFFEEE

mem[X,0x0000000080003264] -> 0xB423
mem[X,0x0000000080003266] -> 0x2DF3
[3227] [M]: 0x0000000080003264 (0x2DF3B423) sd x31, 0x2c8(x7)                       inst_371+36
mem[W,0x0000000080006CB0] <- 0xFFFFFFFFFFFFFEEE

clint mtime 0x000000000000064E (mip.MTI <- 0b1, mip.STI <- 0b0)
mem[X,0x0000000080003268] -> 0x6F37
mem[X,0x000000008000326A] -> 0x6666
[3228] [M]: 0x0000000080003268 (0x66666F37) lui x30, 0x66666                        inst_372+0
x30 <- 0x0000000066666000

mem[X,0x000000008000326C] -> 0x0F13
mem[X,0x000000008000326E] -> 0x666F
[3229] [M]: 0x000000008000326C (0x666F0F13) addi x30, x30, 0x666                    inst_372+4
x30 <- 0x0000000066666666

clint mtime 0x000000000000064F (mip.MTI <- 0b1, mip.STI <- 0b0)
mem[X,0x0000000080003270] -> 0x1F13
mem[X,0x0000000080003272] -> 0x00BF
[3230] [M]: 0x0000000080003270 (0x00BF1F13) slli x30, x30, 0xb                      inst_372+8
x30 <- 0x0000033333333000

mem[X,0x0000000080003274] -> 0x0F13
mem[X,0x0000000080003276] -> 0x333F
[3231] [M]: 0x0000000080003274 (0x333F0F13) addi x30, x30, 0x333                    inst_372+12
x30 <- 0x0000033333333333

clint mtime 0x0000000000000650 (mip.MTI <- 0b1, mip.STI <- 0b0)
mem[X,0x0000000080003278] -> 0x1F13
mem[X,0x000000008000327A] -> 0x00BF
[3232] [M]: 0x0000000080003278 (0x00BF1F13) slli x30, x30, 0xb                      inst_372+16
x30 <- 0x0019999999999800

mem[X,0x000000008000327C] -> 0x0F13
mem[X,0x000000008000327E] -> 0x199F
[3233] [M]: 0x000000008000327C (0x199F0F13) addi x30, x30, 0x199                    inst_372+20
x30 <- 0x0019999999999999

clint mtime 0x0000000000000651 (mip.MTI <- 0b1, mip.STI <- 0b0)
mem[X,0x0000000080003280] -> 0x1F13
mem[X,0x0000000080003282] -> 0x00AF
[3234] [M]: 0x0000000080003280 (0x00AF1F13) slli x30, x30, 0xa                      inst_372+24
x30 <- 0x6666666666666400

mem[X,0x0000000080003284] -> 0x0F13
mem[X,0x0000000080003286] -> 0x266F
[3235] [M]: 0x0000000080003284 (0x266F0F13) addi x30, x30, 0x266                    inst_372+28
x30 <- 0x6666666666666666

clint mtime 0x0000000000000652 (mip.MTI <- 0b1, mip.STI <- 0b0)
mem[X,0x0000000080003288] -> 0x6F93
mem[X,0x000000008000328A] -> 0x555F
[3236] [M]: 0x0000000080003288 (0x555F6F93) ori x31, x30, 0x555                     inst_372+32
x31 <- 0x6666666666666777

mem[X,0x000000008000328C] -> 0xB823
mem[X,0x000000008000328E] -> 0x2DF3
[3237] [M]: 0x000000008000328C (0x2DF3B823) sd x31, 0x2d0(x7)                       inst_372+36
mem[W,0x0000000080006CB8] <- 0x6666666666666777

clint mtime 0x0000000000000653 (mip.MTI <- 0b1, mip.STI <- 0b0)
mem[X,0x0000000080003290] -> 0x6F37
mem[X,0x0000000080003292] -> 0x6666
[3238] [M]: 0x0000000080003290 (0x66666F37) lui x30, 0x66666                        inst_373+0
x30 <- 0x0000000066666000

mem[X,0x0000000080003294] -> 0x0F13
mem[X,0x0000000080003296] -> 0x666F
[3239] [M]: 0x0000000080003294 (0x666F0F13) addi x30, x30, 0x666                    inst_373+4
x30 <- 0x0000000066666666

clint mtime 0x0000000000000654 (mip.MTI <- 0b1, mip.STI <- 0b0)
mem[X,0x0000000080003298] -> 0x1F13
mem[X,0x000000008000329A] -> 0x00BF
[3240] [M]: 0x0000000080003298 (0x00BF1F13) slli x30, x30, 0xb                      inst_373+8
x30 <- 0x0000033333333000

mem[X,0x000000008000329C] -> 0x0F13
mem[X,0x000000008000329E] -> 0x333F
[3241] [M]: 0x000000008000329C (0x333F0F13) addi x30, x30, 0x333                    inst_373+12
x30 <- 0x0000033333333333

clint mtime 0x0000000000000655 (mip.MTI <- 0b1, mip.STI <- 0b0)
mem[X,0x00000000800032A0] -> 0x1F13
mem[X,0x00000000800032A2] -> 0x00BF
[3242] [M]: 0x00000000800032A0 (0x00BF1F13) slli x30, x30, 0xb                      inst_373+16
x30 <- 0x0019999999999800

mem[X,0x00000000800032A4] -> 0x0F13
mem[X,0x00000000800032A6] -> 0x199F
[3243] [M]: 0x00000000800032A4 (0x199F0F13) addi x30, x30, 0x199                    inst_373+20
x30 <- 0x0019999999999999

clint mtime 0x0000000000000656 (mip.MTI <- 0b1, mip.STI <- 0b0)
mem[X,0x00000000800032A8] -> 0x1F13
mem[X,0x00000000800032AA] -> 0x00AF
[3244] [M]: 0x00000000800032A8 (0x00AF1F13) slli x30, x30, 0xa                      inst_373+24
x30 <- 0x6666666666666400

mem[X,0x00000000800032AC] -> 0x0F13
mem[X,0x00000000800032AE] -> 0x266F
[3245] [M]: 0x00000000800032AC (0x266F0F13) addi x30, x30, 0x266                    inst_373+28
x30 <- 0x6666666666666666

clint mtime 0x0000000000000657 (mip.MTI <- 0b1, mip.STI <- 0b0)
mem[X,0x00000000800032B0] -> 0x6F93
mem[X,0x00000000800032B2] -> 0x003F
[3246] [M]: 0x00000000800032B0 (0x003F6F93) ori x31, x30, 0x3                       inst_373+32
x31 <- 0x6666666666666667

mem[X,0x00000000800032B4] -> 0xBC23
mem[X,0x00000000800032B6] -> 0x2DF3
[3247] [M]: 0x00000000800032B4 (0x2DF3BC23) sd x31, 0x2d8(x7)                       inst_373+36
mem[W,0x0000000080006CC0] <- 0x6666666666666667

clint mtime 0x0000000000000658 (mip.MTI <- 0b1, mip.STI <- 0b0)
mem[X,0x00000000800032B8] -> 0x3F37
mem[X,0x00000000800032BA] -> 0x3333
[3248] [M]: 0x00000000800032B8 (0x33333F37) lui x30, 0x33333                        inst_374+0
x30 <- 0x0000000033333000

mem[X,0x00000000800032BC] -> 0x0F13
mem[X,0x00000000800032BE] -> 0x333F
[3249] [M]: 0x00000000800032BC (0x333F0F13) addi x30, x30, 0x333                    inst_374+4
x30 <- 0x0000000033333333

clint mtime 0x0000000000000659 (mip.MTI <- 0b1, mip.STI <- 0b0)
mem[X,0x00000000800032C0] -> 0x1F13
mem[X,0x00000000800032C2] -> 0x00BF
[3250] [M]: 0x00000000800032C0 (0x00BF1F13) slli x30, x30, 0xb                      inst_374+8
x30 <- 0x0000019999999800

mem[X,0x00000000800032C4] -> 0x0F13
mem[X,0x00000000800032C6] -> 0x199F
[3251] [M]: 0x00000000800032C4 (0x199F0F13) addi x30, x30, 0x199                    inst_374+12
x30 <- 0x0000019999999999

clint mtime 0x000000000000065A (mip.MTI <- 0b1, mip.STI <- 0b0)
mem[X,0x00000000800032C8] -> 0x1F13
mem[X,0x00000000800032CA] -> 0x00BF
[3252] [M]: 0x00000000800032C8 (0x00BF1F13) slli x30, x30, 0xb                      inst_374+16
x30 <- 0x000CCCCCCCCCC800

mem[X,0x00000000800032CC] -> 0x0F13
mem[X,0x00000000800032CE] -> 0x4CCF
[3253] [M]: 0x00000000800032CC (0x4CCF0F13) addi x30, x30, 0x4cc                    inst_374+20
x30 <- 0x000CCCCCCCCCCCCC

clint mtime 0x000000000000065B (mip.MTI <- 0b1, mip.STI <- 0b0)
mem[X,0x00000000800032D0] -> 0x1F13
mem[X,0x00000000800032D2] -> 0x00AF
[3254] [M]: 0x00000000800032D0 (0x00AF1F13) slli x30, x30, 0xa                      inst_374+24
x30 <- 0x3333333333333000

mem[X,0x00000000800032D4] -> 0x0F13
mem[X,0x00000000800032D6] -> 0x333F
[3255] [M]: 0x00000000800032D4 (0x333F0F13) addi x30, x30, 0x333                    inst_374+28
x30 <- 0x3333333333333333

clint mtime 0x000000000000065C (mip.MTI <- 0b1, mip.STI <- 0b0)
mem[X,0x00000000800032D8] -> 0x6F93
mem[X,0x00000000800032DA] -> 0x02EF
[3256] [M]: 0x00000000800032D8 (0x02EF6F93) ori x31, x30, 0x2e                      inst_374+32
x31 <- 0x333333333333333F

mem[X,0x00000000800032DC] -> 0xB023
mem[X,0x00000000800032DE] -> 0x2FF3
[3257] [M]: 0x00000000800032DC (0x2FF3B023) sd x31, 0x2e0(x7)                       inst_374+36
mem[W,0x0000000080006CC8] <- 0x333333333333333F

clint mtime 0x000000000000065D (mip.MTI <- 0b1, mip.STI <- 0b0)
mem[X,0x00000000800032E0] -> 0x3F37
mem[X,0x00000000800032E2] -> 0x3333
[3258] [M]: 0x00000000800032E0 (0x33333F37) lui x30, 0x33333                        inst_375+0
x30 <- 0x0000000033333000

mem[X,0x00000000800032E4] -> 0x0F13
mem[X,0x00000000800032E6] -> 0x333F
[3259] [M]: 0x00000000800032E4 (0x333F0F13) addi x30, x30, 0x333                    inst_375+4
x30 <- 0x0000000033333333

clint mtime 0x000000000000065E (mip.MTI <- 0b1, mip.STI <- 0b0)
mem[X,0x00000000800032E8] -> 0x1F13
mem[X,0x00000000800032EA] -> 0x00BF
[3260] [M]: 0x00000000800032E8 (0x00BF1F13) slli x30, x30, 0xb                      inst_375+8
x30 <- 0x0000019999999800

mem[X,0x00000000800032EC] -> 0x0F13
mem[X,0x00000000800032EE] -> 0x199F
[3261] [M]: 0x00000000800032EC (0x199F0F13) addi x30, x30, 0x199                    inst_375+12
x30 <- 0x0000019999999999

clint mtime 0x000000000000065F (mip.MTI <- 0b1, mip.STI <- 0b0)
mem[X,0x00000000800032F0] -> 0x1F13
mem[X,0x00000000800032F2] -> 0x00BF
[3262] [M]: 0x00000000800032F0 (0x00BF1F13) slli x30, x30, 0xb                      inst_375+16
x30 <- 0x000CCCCCCCCCC800

mem[X,0x00000000800032F4] -> 0x0F13
mem[X,0x00000000800032F6] -> 0x4CCF
[3263] [M]: 0x00000000800032F4 (0x4CCF0F13) addi x30, x30, 0x4cc                    inst_375+20
x30 <- 0x000CCCCCCCCCCCCC

clint mtime 0x0000000000000660 (mip.MTI <- 0b1, mip.STI <- 0b0)
mem[X,0x00000000800032F8] -> 0x1F13
mem[X,0x00000000800032FA] -> 0x00AF
[3264] [M]: 0x00000000800032F8 (0x00AF1F13) slli x30, x30, 0xa                      inst_375+24
x30 <- 0x3333333333333000

mem[X,0x00000000800032FC] -> 0x0F13
mem[X,0x00000000800032FE] -> 0x333F
[3265] [M]: 0x00000000800032FC (0x333F0F13) addi x30, x30, 0x333                    inst_375+28
x30 <- 0x3333333333333333

clint mtime 0x0000000000000661 (mip.MTI <- 0b1, mip.STI <- 0b0)
mem[X,0x0000000080003300] -> 0x6F93
mem[X,0x0000000080003302] -> 0xFD4F
[3266] [M]: 0x0000000080003300 (0xFD4F6F93) ori x31, x30, -0x2c                     inst_375+32
x31 <- 0xFFFFFFFFFFFFFFF7

mem[X,0x0000000080003304] -> 0xB423
mem[X,0x0000000080003306] -> 0x2FF3
[3267] [M]: 0x0000000080003304 (0x2FF3B423) sd x31, 0x2e8(x7)                       inst_375+36
mem[W,0x0000000080006CD0] <- 0xFFFFFFFFFFFFFFF7

clint mtime 0x0000000000000662 (mip.MTI <- 0b1, mip.STI <- 0b0)
mem[X,0x0000000080003308] -> 0x3F37
mem[X,0x000000008000330A] -> 0x3333
[3268] [M]: 0x0000000080003308 (0x33333F37) lui x30, 0x33333                        inst_376+0
x30 <- 0x0000000033333000

mem[X,0x000000008000330C] -> 0x0F13
mem[X,0x000000008000330E] -> 0x333F
[3269] [M]: 0x000000008000330C (0x333F0F13) addi x30, x30, 0x333                    inst_376+4
x30 <- 0x0000000033333333

clint mtime 0x0000000000000663 (mip.MTI <- 0b1, mip.STI <- 0b0)
mem[X,0x0000000080003310] -> 0x1F13
mem[X,0x0000000080003312] -> 0x00BF
[3270] [M]: 0x0000000080003310 (0x00BF1F13) slli x30, x30, 0xb                      inst_376+8
x30 <- 0x0000019999999800

mem[X,0x0000000080003314] -> 0x0F13
mem[X,0x0000000080003316] -> 0x199F
[3271] [M]: 0x0000000080003314 (0x199F0F13) addi x30, x30, 0x199                    inst_376+12
x30 <- 0x0000019999999999

clint mtime 0x0000000000000664 (mip.MTI <- 0b1, mip.STI <- 0b0)
mem[X,0x0000000080003318] -> 0x1F13
mem[X,0x000000008000331A] -> 0x00BF
[3272] [M]: 0x0000000080003318 (0x00BF1F13) slli x30, x30, 0xb                      inst_376+16
x30 <- 0x000CCCCCCCCCC800

mem[X,0x000000008000331C] -> 0x0F13
mem[X,0x000000008000331E] -> 0x4CCF
[3273] [M]: 0x000000008000331C (0x4CCF0F13) addi x30, x30, 0x4cc                    inst_376+20
x30 <- 0x000CCCCCCCCCCCCC

clint mtime 0x0000000000000665 (mip.MTI <- 0b1, mip.STI <- 0b0)
mem[X,0x0000000080003320] -> 0x1F13
mem[X,0x0000000080003322] -> 0x00AF
[3274] [M]: 0x0000000080003320 (0x00AF1F13) slli x30, x30, 0xa                      inst_376+24
x30 <- 0x3333333333333000

mem[X,0x0000000080003324] -> 0x0F13
mem[X,0x0000000080003326] -> 0x333F
[3275] [M]: 0x0000000080003324 (0x333F0F13) addi x30, x30, 0x333                    inst_376+28
x30 <- 0x3333333333333333

clint mtime 0x0000000000000666 (mip.MTI <- 0b1, mip.STI <- 0b0)
mem[X,0x0000000080003328] -> 0x6F93
mem[X,0x000000008000332A] -> 0x667F
[3276] [M]: 0x0000000080003328 (0x667F6F93) ori x31, x30, 0x667                     inst_376+32
x31 <- 0x3333333333333777

mem[X,0x000000008000332C] -> 0xB823
mem[X,0x000000008000332E] -> 0x2FF3
[3277] [M]: 0x000000008000332C (0x2FF3B823) sd x31, 0x2f0(x7)                       inst_376+36
mem[W,0x0000000080006CD8] <- 0x3333333333333777

clint mtime 0x0000000000000667 (mip.MTI <- 0b1, mip.STI <- 0b0)
mem[X,0x0000000080003330] -> 0x3F37
mem[X,0x0000000080003332] -> 0x3333
[3278] [M]: 0x0000000080003330 (0x33333F37) lui x30, 0x33333                        inst_377+0
x30 <- 0x0000000033333000

mem[X,0x0000000080003334] -> 0x0F13
mem[X,0x0000000080003336] -> 0x333F
[3279] [M]: 0x0000000080003334 (0x333F0F13) addi x30, x30, 0x333                    inst_377+4
x30 <- 0x0000000033333333

clint mtime 0x0000000000000668 (mip.MTI <- 0b1, mip.STI <- 0b0)
mem[X,0x0000000080003338] -> 0x1F13
mem[X,0x000000008000333A] -> 0x00BF
[3280] [M]: 0x0000000080003338 (0x00BF1F13) slli x30, x30, 0xb                      inst_377+8
x30 <- 0x0000019999999800

mem[X,0x000000008000333C] -> 0x0F13
mem[X,0x000000008000333E] -> 0x199F
[3281] [M]: 0x000000008000333C (0x199F0F13) addi x30, x30, 0x199                    inst_377+12
x30 <- 0x0000019999999999

clint mtime 0x0000000000000669 (mip.MTI <- 0b1, mip.STI <- 0b0)
mem[X,0x0000000080003340] -> 0x1F13
mem[X,0x0000000080003342] -> 0x00BF
[3282] [M]: 0x0000000080003340 (0x00BF1F13) slli x30, x30, 0xb                      inst_377+16
x30 <- 0x000CCCCCCCCCC800

mem[X,0x0000000080003344] -> 0x0F13
mem[X,0x0000000080003346] -> 0x4CCF
[3283] [M]: 0x0000000080003344 (0x4CCF0F13) addi x30, x30, 0x4cc                    inst_377+20
x30 <- 0x000CCCCCCCCCCCCC

clint mtime 0x000000000000066A (mip.MTI <- 0b1, mip.STI <- 0b0)
mem[X,0x0000000080003348] -> 0x1F13
mem[X,0x000000008000334A] -> 0x00AF
[3284] [M]: 0x0000000080003348 (0x00AF1F13) slli x30, x30, 0xa                      inst_377+24
x30 <- 0x3333333333333000

mem[X,0x000000008000334C] -> 0x0F13
mem[X,0x000000008000334E] -> 0x333F
[3285] [M]: 0x000000008000334C (0x333F0F13) addi x30, x30, 0x333                    inst_377+28
x30 <- 0x3333333333333333

clint mtime 0x000000000000066B (mip.MTI <- 0b1, mip.STI <- 0b0)
mem[X,0x0000000080003350] -> 0x6F93
mem[X,0x0000000080003352] -> 0x334F
[3286] [M]: 0x0000000080003350 (0x334F6F93) ori x31, x30, 0x334                     inst_377+32
x31 <- 0x3333333333333337

mem[X,0x0000000080003354] -> 0xBC23
mem[X,0x0000000080003356] -> 0x2FF3
[3287] [M]: 0x0000000080003354 (0x2FF3BC23) sd x31, 0x2f8(x7)                       inst_377+36
mem[W,0x0000000080006CE0] <- 0x3333333333333337

clint mtime 0x000000000000066C (mip.MTI <- 0b1, mip.STI <- 0b0)
mem[X,0x0000000080003358] -> 0x3F37
mem[X,0x000000008000335A] -> 0x3333
[3288] [M]: 0x0000000080003358 (0x33333F37) lui x30, 0x33333                        inst_378+0
x30 <- 0x0000000033333000

mem[X,0x000000008000335C] -> 0x0F13
mem[X,0x000000008000335E] -> 0x333F
[3289] [M]: 0x000000008000335C (0x333F0F13) addi x30, x30, 0x333                    inst_378+4
x30 <- 0x0000000033333333

clint mtime 0x000000000000066D (mip.MTI <- 0b1, mip.STI <- 0b0)
mem[X,0x0000000080003360] -> 0x1F13
mem[X,0x0000000080003362] -> 0x00BF
[3290] [M]: 0x0000000080003360 (0x00BF1F13) slli x30, x30, 0xb                      inst_378+8
x30 <- 0x0000019999999800

mem[X,0x0000000080003364] -> 0x0F13
mem[X,0x0000000080003366] -> 0x199F
[3291] [M]: 0x0000000080003364 (0x199F0F13) addi x30, x30, 0x199                    inst_378+12
x30 <- 0x0000019999999999

clint mtime 0x000000000000066E (mip.MTI <- 0b1, mip.STI <- 0b0)
mem[X,0x0000000080003368] -> 0x1F13
mem[X,0x000000008000336A] -> 0x00BF
[3292] [M]: 0x0000000080003368 (0x00BF1F13) slli x30, x30, 0xb                      inst_378+16
x30 <- 0x000CCCCCCCCCC800

mem[X,0x000000008000336C] -> 0x0F13
mem[X,0x000000008000336E] -> 0x4CCF
[3293] [M]: 0x000000008000336C (0x4CCF0F13) addi x30, x30, 0x4cc                    inst_378+20
x30 <- 0x000CCCCCCCCCCCCC

clint mtime 0x000000000000066F (mip.MTI <- 0b1, mip.STI <- 0b0)
mem[X,0x0000000080003370] -> 0x1F13
mem[X,0x0000000080003372] -> 0x00AF
[3294] [M]: 0x0000000080003370 (0x00AF1F13) slli x30, x30, 0xa                      inst_378+24
x30 <- 0x3333333333333000

mem[X,0x0000000080003374] -> 0x0F13
mem[X,0x0000000080003376] -> 0x333F
[3295] [M]: 0x0000000080003374 (0x333F0F13) addi x30, x30, 0x333                    inst_378+28
x30 <- 0x3333333333333333

clint mtime 0x0000000000000670 (mip.MTI <- 0b1, mip.STI <- 0b0)
mem[X,0x0000000080003378] -> 0x6F93
mem[X,0x000000008000337A] -> 0x006F
[3296] [M]: 0x0000000080003378 (0x006F6F93) ori x31, x30, 0x6                       inst_378+32
x31 <- 0x3333333333333337

mem[X,0x000000008000337C] -> 0xB023
mem[X,0x000000008000337E] -> 0x31F3
[3297] [M]: 0x000000008000337C (0x31F3B023) sd x31, 0x300(x7)                       inst_378+36
mem[W,0x0000000080006CE8] <- 0x3333333333333337

clint mtime 0x0000000000000671 (mip.MTI <- 0b1, mip.STI <- 0b0)
mem[X,0x0000000080003380] -> 0x3F37
mem[X,0x0000000080003382] -> 0x3333
[3298] [M]: 0x0000000080003380 (0x33333F37) lui x30, 0x33333                        inst_379+0
x30 <- 0x0000000033333000

mem[X,0x0000000080003384] -> 0x0F13
mem[X,0x0000000080003386] -> 0x333F
[3299] [M]: 0x0000000080003384 (0x333F0F13) addi x30, x30, 0x333                    inst_379+4
x30 <- 0x0000000033333333

clint mtime 0x0000000000000672 (mip.MTI <- 0b1, mip.STI <- 0b0)
mem[X,0x0000000080003388] -> 0x1F13
mem[X,0x000000008000338A] -> 0x00BF
[3300] [M]: 0x0000000080003388 (0x00BF1F13) slli x30, x30, 0xb                      inst_379+8
x30 <- 0x0000019999999800

mem[X,0x000000008000338C] -> 0x0F13
mem[X,0x000000008000338E] -> 0x199F
[3301] [M]: 0x000000008000338C (0x199F0F13) addi x30, x30, 0x199                    inst_379+12
x30 <- 0x0000019999999999

clint mtime 0x0000000000000673 (mip.MTI <- 0b1, mip.STI <- 0b0)
mem[X,0x0000000080003390] -> 0x1F13
mem[X,0x0000000080003392] -> 0x00BF
[3302] [M]: 0x0000000080003390 (0x00BF1F13) slli x30, x30, 0xb                      inst_379+16
x30 <- 0x000CCCCCCCCCC800

mem[X,0x0000000080003394] -> 0x0F13
mem[X,0x0000000080003396] -> 0x4CCF
[3303] [M]: 0x0000000080003394 (0x4CCF0F13) addi x30, x30, 0x4cc                    inst_379+20
x30 <- 0x000CCCCCCCCCCCCC

clint mtime 0x0000000000000674 (mip.MTI <- 0b1, mip.STI <- 0b0)
mem[X,0x0000000080003398] -> 0x1F13
mem[X,0x000000008000339A] -> 0x00AF
[3304] [M]: 0x0000000080003398 (0x00AF1F13) slli x30, x30, 0xa                      inst_379+24
x30 <- 0x3333333333333000

mem[X,0x000000008000339C] -> 0x0F13
mem[X,0x000000008000339E] -> 0x333F
[3305] [M]: 0x000000008000339C (0x333F0F13) addi x30, x30, 0x333                    inst_379+28
x30 <- 0x3333333333333333

clint mtime 0x0000000000000675 (mip.MTI <- 0b1, mip.STI <- 0b0)
mem[X,0x00000000800033A0] -> 0x6F93
mem[X,0x00000000800033A2] -> 0xAABF
[3306] [M]: 0x00000000800033A0 (0xAABF6F93) ori x31, x30, -0x555                    inst_379+32
x31 <- 0xFFFFFFFFFFFFFBBB

mem[X,0x00000000800033A4] -> 0xB423
mem[X,0x00000000800033A6] -> 0x31F3
[3307] [M]: 0x00000000800033A4 (0x31F3B423) sd x31, 0x308(x7)                       inst_379+36
mem[W,0x0000000080006CF0] <- 0xFFFFFFFFFFFFFBBB

clint mtime 0x0000000000000676 (mip.MTI <- 0b1, mip.STI <- 0b0)
mem[X,0x00000000800033A8] -> 0x3F37
mem[X,0x00000000800033AA] -> 0x3333
[3308] [M]: 0x00000000800033A8 (0x33333F37) lui x30, 0x33333                        inst_380+0
x30 <- 0x0000000033333000

mem[X,0x00000000800033AC] -> 0x0F13
mem[X,0x00000000800033AE] -> 0x333F
[3309] [M]: 0x00000000800033AC (0x333F0F13) addi x30, x30, 0x333                    inst_380+4
x30 <- 0x0000000033333333

clint mtime 0x0000000000000677 (mip.MTI <- 0b1, mip.STI <- 0b0)
mem[X,0x00000000800033B0] -> 0x1F13
mem[X,0x00000000800033B2] -> 0x00BF
[3310] [M]: 0x00000000800033B0 (0x00BF1F13) slli x30, x30, 0xb                      inst_380+8
x30 <- 0x0000019999999800

mem[X,0x00000000800033B4] -> 0x0F13
mem[X,0x00000000800033B6] -> 0x199F
[3311] [M]: 0x00000000800033B4 (0x199F0F13) addi x30, x30, 0x199                    inst_380+12
x30 <- 0x0000019999999999

clint mtime 0x0000000000000678 (mip.MTI <- 0b1, mip.STI <- 0b0)
mem[X,0x00000000800033B8] -> 0x1F13
mem[X,0x00000000800033BA] -> 0x00BF
[3312] [M]: 0x00000000800033B8 (0x00BF1F13) slli x30, x30, 0xb                      inst_380+16
x30 <- 0x000CCCCCCCCCC800

mem[X,0x00000000800033BC] -> 0x0F13
mem[X,0x00000000800033BE] -> 0x4CCF
[3313] [M]: 0x00000000800033BC (0x4CCF0F13) addi x30, x30, 0x4cc                    inst_380+20
x30 <- 0x000CCCCCCCCCCCCC

clint mtime 0x0000000000000679 (mip.MTI <- 0b1, mip.STI <- 0b0)
mem[X,0x00000000800033C0] -> 0x1F13
mem[X,0x00000000800033C2] -> 0x00AF
[3314] [M]: 0x00000000800033C0 (0x00AF1F13) slli x30, x30, 0xa                      inst_380+24
x30 <- 0x3333333333333000

mem[X,0x00000000800033C4] -> 0x0F13
mem[X,0x00000000800033C6] -> 0x333F
[3315] [M]: 0x00000000800033C4 (0x333F0F13) addi x30, x30, 0x333                    inst_380+28
x30 <- 0x3333333333333333

clint mtime 0x000000000000067A (mip.MTI <- 0b1, mip.STI <- 0b0)
mem[X,0x00000000800033C8] -> 0x6F93
mem[X,0x00000000800033CA] -> 0x556F
[3316] [M]: 0x00000000800033C8 (0x556F6F93) ori x31, x30, 0x556                     inst_380+32
x31 <- 0x3333333333333777

mem[X,0x00000000800033CC] -> 0xB823
mem[X,0x00000000800033CE] -> 0x31F3
[3317] [M]: 0x00000000800033CC (0x31F3B823) sd x31, 0x310(x7)                       inst_380+36
mem[W,0x0000000080006CF8] <- 0x3333333333333777

clint mtime 0x000000000000067B (mip.MTI <- 0b1, mip.STI <- 0b0)
mem[X,0x00000000800033D0] -> 0x3F37
mem[X,0x00000000800033D2] -> 0x3333
[3318] [M]: 0x00000000800033D0 (0x33333F37) lui x30, 0x33333                        inst_381+0
x30 <- 0x0000000033333000

mem[X,0x00000000800033D4] -> 0x0F13
mem[X,0x00000000800033D6] -> 0x333F
[3319] [M]: 0x00000000800033D4 (0x333F0F13) addi x30, x30, 0x333                    inst_381+4
x30 <- 0x0000000033333333

clint mtime 0x000000000000067C (mip.MTI <- 0b1, mip.STI <- 0b0)
mem[X,0x00000000800033D8] -> 0x1F13
mem[X,0x00000000800033DA] -> 0x00BF
[3320] [M]: 0x00000000800033D8 (0x00BF1F13) slli x30, x30, 0xb                      inst_381+8
x30 <- 0x0000019999999800

mem[X,0x00000000800033DC] -> 0x0F13
mem[X,0x00000000800033DE] -> 0x199F
[3321] [M]: 0x00000000800033DC (0x199F0F13) addi x30, x30, 0x199                    inst_381+12
x30 <- 0x0000019999999999

clint mtime 0x000000000000067D (mip.MTI <- 0b1, mip.STI <- 0b0)
mem[X,0x00000000800033E0] -> 0x1F13
mem[X,0x00000000800033E2] -> 0x00BF
[3322] [M]: 0x00000000800033E0 (0x00BF1F13) slli x30, x30, 0xb                      inst_381+16
x30 <- 0x000CCCCCCCCCC800

mem[X,0x00000000800033E4] -> 0x0F13
mem[X,0x00000000800033E6] -> 0x4CCF
[3323] [M]: 0x00000000800033E4 (0x4CCF0F13) addi x30, x30, 0x4cc                    inst_381+20
x30 <- 0x000CCCCCCCCCCCCC

clint mtime 0x000000000000067E (mip.MTI <- 0b1, mip.STI <- 0b0)
mem[X,0x00000000800033E8] -> 0x1F13
mem[X,0x00000000800033EA] -> 0x00AF
[3324] [M]: 0x00000000800033E8 (0x00AF1F13) slli x30, x30, 0xa                      inst_381+24
x30 <- 0x3333333333333000

mem[X,0x00000000800033EC] -> 0x0F13
mem[X,0x00000000800033EE] -> 0x333F
[3325] [M]: 0x00000000800033EC (0x333F0F13) addi x30, x30, 0x333                    inst_381+28
x30 <- 0x3333333333333333

clint mtime 0x000000000000067F (mip.MTI <- 0b1, mip.STI <- 0b0)
mem[X,0x00000000800033F0] -> 0x6F93
mem[X,0x00000000800033F2] -> 0x02CF
[3326] [M]: 0x00000000800033F0 (0x02CF6F93) ori x31, x30, 0x2c                      inst_381+32
x31 <- 0x333333333333333F

mem[X,0x00000000800033F4] -> 0xBC23
mem[X,0x00000000800033F6] -> 0x31F3
[3327] [M]: 0x00000000800033F4 (0x31F3BC23) sd x31, 0x318(x7)                       inst_381+36
mem[W,0x0000000080006D00] <- 0x333333333333333F

clint mtime 0x0000000000000680 (mip.MTI <- 0b1, mip.STI <- 0b0)
mem[X,0x00000000800033F8] -> 0x3F37
mem[X,0x00000000800033FA] -> 0x3333
[3328] [M]: 0x00000000800033F8 (0x33333F37) lui x30, 0x33333                        inst_382+0
x30 <- 0x0000000033333000

mem[X,0x00000000800033FC] -> 0x0F13
mem[X,0x00000000800033FE] -> 0x333F
[3329] [M]: 0x00000000800033FC (0x333F0F13) addi x30, x30, 0x333                    inst_382+4
x30 <- 0x0000000033333333

clint mtime 0x0000000000000681 (mip.MTI <- 0b1, mip.STI <- 0b0)
mem[X,0x0000000080003400] -> 0x1F13
mem[X,0x0000000080003402] -> 0x00BF
[3330] [M]: 0x0000000080003400 (0x00BF1F13) slli x30, x30, 0xb                      inst_382+8
x30 <- 0x0000019999999800

mem[X,0x0000000080003404] -> 0x0F13
mem[X,0x0000000080003406] -> 0x199F
[3331] [M]: 0x0000000080003404 (0x199F0F13) addi x30, x30, 0x199                    inst_382+12
x30 <- 0x0000019999999999

clint mtime 0x0000000000000682 (mip.MTI <- 0b1, mip.STI <- 0b0)
mem[X,0x0000000080003408] -> 0x1F13
mem[X,0x000000008000340A] -> 0x00BF
[3332] [M]: 0x0000000080003408 (0x00BF1F13) slli x30, x30, 0xb                      inst_382+16
x30 <- 0x000CCCCCCCCCC800

mem[X,0x000000008000340C] -> 0x0F13
mem[X,0x000000008000340E] -> 0x4CCF
[3333] [M]: 0x000000008000340C (0x4CCF0F13) addi x30, x30, 0x4cc                    inst_382+20
x30 <- 0x000CCCCCCCCCCCCC

clint mtime 0x0000000000000683 (mip.MTI <- 0b1, mip.STI <- 0b0)
mem[X,0x0000000080003410] -> 0x1F13
mem[X,0x0000000080003412] -> 0x00AF
[3334] [M]: 0x0000000080003410 (0x00AF1F13) slli x30, x30, 0xa                      inst_382+24
x30 <- 0x3333333333333000

mem[X,0x0000000080003414] -> 0x0F13
mem[X,0x0000000080003416] -> 0x333F
[3335] [M]: 0x0000000080003414 (0x333F0F13) addi x30, x30, 0x333                    inst_382+28
x30 <- 0x3333333333333333

clint mtime 0x0000000000000684 (mip.MTI <- 0b1, mip.STI <- 0b0)
mem[X,0x0000000080003418] -> 0x6F93
mem[X,0x000000008000341A] -> 0x665F
[3336] [M]: 0x0000000080003418 (0x665F6F93) ori x31, x30, 0x665                     inst_382+32
x31 <- 0x3333333333333777

mem[X,0x000000008000341C] -> 0xB023
mem[X,0x000000008000341E] -> 0x33F3
[3337] [M]: 0x000000008000341C (0x33F3B023) sd x31, 0x320(x7)                       inst_382+36
mem[W,0x0000000080006D08] <- 0x3333333333333777

clint mtime 0x0000000000000685 (mip.MTI <- 0b1, mip.STI <- 0b0)
mem[X,0x0000000080003420] -> 0x3F37
mem[X,0x0000000080003422] -> 0x3333
[3338] [M]: 0x0000000080003420 (0x33333F37) lui x30, 0x33333                        inst_383+0
x30 <- 0x0000000033333000

mem[X,0x0000000080003424] -> 0x0F13
mem[X,0x0000000080003426] -> 0x333F
[3339] [M]: 0x0000000080003424 (0x333F0F13) addi x30, x30, 0x333                    inst_383+4
x30 <- 0x0000000033333333

clint mtime 0x0000000000000686 (mip.MTI <- 0b1, mip.STI <- 0b0)
mem[X,0x0000000080003428] -> 0x1F13
mem[X,0x000000008000342A] -> 0x00BF
[3340] [M]: 0x0000000080003428 (0x00BF1F13) slli x30, x30, 0xb                      inst_383+8
x30 <- 0x0000019999999800

mem[X,0x000000008000342C] -> 0x0F13
mem[X,0x000000008000342E] -> 0x199F
[3341] [M]: 0x000000008000342C (0x199F0F13) addi x30, x30, 0x199                    inst_383+12
x30 <- 0x0000019999999999

clint mtime 0x0000000000000687 (mip.MTI <- 0b1, mip.STI <- 0b0)
mem[X,0x0000000080003430] -> 0x1F13
mem[X,0x0000000080003432] -> 0x00BF
[3342] [M]: 0x0000000080003430 (0x00BF1F13) slli x30, x30, 0xb                      inst_383+16
x30 <- 0x000CCCCCCCCCC800

mem[X,0x0000000080003434] -> 0x0F13
mem[X,0x0000000080003436] -> 0x4CCF
[3343] [M]: 0x0000000080003434 (0x4CCF0F13) addi x30, x30, 0x4cc                    inst_383+20
x30 <- 0x000CCCCCCCCCCCCC

clint mtime 0x0000000000000688 (mip.MTI <- 0b1, mip.STI <- 0b0)
mem[X,0x0000000080003438] -> 0x1F13
mem[X,0x000000008000343A] -> 0x00AF
[3344] [M]: 0x0000000080003438 (0x00AF1F13) slli x30, x30, 0xa                      inst_383+24
x30 <- 0x3333333333333000

mem[X,0x000000008000343C] -> 0x0F13
mem[X,0x000000008000343E] -> 0x333F
[3345] [M]: 0x000000008000343C (0x333F0F13) addi x30, x30, 0x333                    inst_383+28
x30 <- 0x3333333333333333

clint mtime 0x0000000000000689 (mip.MTI <- 0b1, mip.STI <- 0b0)
mem[X,0x0000000080003440] -> 0x6F93
mem[X,0x0000000080003442] -> 0x332F
[3346] [M]: 0x0000000080003440 (0x332F6F93) ori x31, x30, 0x332                     inst_383+32
x31 <- 0x3333333333333333

mem[X,0x0000000080003444] -> 0xB423
mem[X,0x0000000080003446] -> 0x33F3
[3347] [M]: 0x0000000080003444 (0x33F3B423) sd x31, 0x328(x7)                       inst_383+36
mem[W,0x0000000080006D10] <- 0x3333333333333333

clint mtime 0x000000000000068A (mip.MTI <- 0b1, mip.STI <- 0b0)
mem[X,0x0000000080003448] -> 0x3F37
mem[X,0x000000008000344A] -> 0x3333
[3348] [M]: 0x0000000080003448 (0x33333F37) lui x30, 0x33333                        inst_384+0
x30 <- 0x0000000033333000

mem[X,0x000000008000344C] -> 0x0F13
mem[X,0x000000008000344E] -> 0x333F
[3349] [M]: 0x000000008000344C (0x333F0F13) addi x30, x30, 0x333                    inst_384+4
x30 <- 0x0000000033333333

clint mtime 0x000000000000068B (mip.MTI <- 0b1, mip.STI <- 0b0)
mem[X,0x0000000080003450] -> 0x1F13
mem[X,0x0000000080003452] -> 0x00BF
[3350] [M]: 0x0000000080003450 (0x00BF1F13) slli x30, x30, 0xb                      inst_384+8
x30 <- 0x0000019999999800

mem[X,0x0000000080003454] -> 0x0F13
mem[X,0x0000000080003456] -> 0x199F
[3351] [M]: 0x0000000080003454 (0x199F0F13) addi x30, x30, 0x199                    inst_384+12
x30 <- 0x0000019999999999

clint mtime 0x000000000000068C (mip.MTI <- 0b1, mip.STI <- 0b0)
mem[X,0x0000000080003458] -> 0x1F13
mem[X,0x000000008000345A] -> 0x00BF
[3352] [M]: 0x0000000080003458 (0x00BF1F13) slli x30, x30, 0xb                      inst_384+16
x30 <- 0x000CCCCCCCCCC800

mem[X,0x000000008000345C] -> 0x0F13
mem[X,0x000000008000345E] -> 0x4CCF
[3353] [M]: 0x000000008000345C (0x4CCF0F13) addi x30, x30, 0x4cc                    inst_384+20
x30 <- 0x000CCCCCCCCCCCCC

clint mtime 0x000000000000068D (mip.MTI <- 0b1, mip.STI <- 0b0)
mem[X,0x0000000080003460] -> 0x1F13
mem[X,0x0000000080003462] -> 0x00AF
[3354] [M]: 0x0000000080003460 (0x00AF1F13) slli x30, x30, 0xa                      inst_384+24
x30 <- 0x3333333333333000

mem[X,0x0000000080003464] -> 0x0F13
mem[X,0x0000000080003466] -> 0x333F
[3355] [M]: 0x0000000080003464 (0x333F0F13) addi x30, x30, 0x333                    inst_384+28
x30 <- 0x3333333333333333

clint mtime 0x000000000000068E (mip.MTI <- 0b1, mip.STI <- 0b0)
mem[X,0x0000000080003468] -> 0x6F93
mem[X,0x000000008000346A] -> 0x004F
[3356] [M]: 0x0000000080003468 (0x004F6F93) ori x31, x30, 0x4                       inst_384+32
x31 <- 0x3333333333333337

mem[X,0x000000008000346C] -> 0xB823
mem[X,0x000000008000346E] -> 0x33F3
[3357] [M]: 0x000000008000346C (0x33F3B823) sd x31, 0x330(x7)                       inst_384+36
mem[W,0x0000000080006D18] <- 0x3333333333333337

clint mtime 0x000000000000068F (mip.MTI <- 0b1, mip.STI <- 0b0)
mem[X,0x0000000080003470] -> 0x3F37
mem[X,0x0000000080003472] -> 0x3333
[3358] [M]: 0x0000000080003470 (0x33333F37) lui x30, 0x33333                        inst_385+0
x30 <- 0x0000000033333000

mem[X,0x0000000080003474] -> 0x0F13
mem[X,0x0000000080003476] -> 0x333F
[3359] [M]: 0x0000000080003474 (0x333F0F13) addi x30, x30, 0x333                    inst_385+4
x30 <- 0x0000000033333333

clint mtime 0x0000000000000690 (mip.MTI <- 0b1, mip.STI <- 0b0)
mem[X,0x0000000080003478] -> 0x1F13
mem[X,0x000000008000347A] -> 0x00BF
[3360] [M]: 0x0000000080003478 (0x00BF1F13) slli x30, x30, 0xb                      inst_385+8
x30 <- 0x0000019999999800

mem[X,0x000000008000347C] -> 0x0F13
mem[X,0x000000008000347E] -> 0x199F
[3361] [M]: 0x000000008000347C (0x199F0F13) addi x30, x30, 0x199                    inst_385+12
x30 <- 0x0000019999999999

clint mtime 0x0000000000000691 (mip.MTI <- 0b1, mip.STI <- 0b0)
mem[X,0x0000000080003480] -> 0x1F13
mem[X,0x0000000080003482] -> 0x00BF
[3362] [M]: 0x0000000080003480 (0x00BF1F13) slli x30, x30, 0xb                      inst_385+16
x30 <- 0x000CCCCCCCCCC800

mem[X,0x0000000080003484] -> 0x0F13
mem[X,0x0000000080003486] -> 0x4CCF
[3363] [M]: 0x0000000080003484 (0x4CCF0F13) addi x30, x30, 0x4cc                    inst_385+20
x30 <- 0x000CCCCCCCCCCCCC

clint mtime 0x0000000000000692 (mip.MTI <- 0b1, mip.STI <- 0b0)
mem[X,0x0000000080003488] -> 0x1F13
mem[X,0x000000008000348A] -> 0x00AF
[3364] [M]: 0x0000000080003488 (0x00AF1F13) slli x30, x30, 0xa                      inst_385+24
x30 <- 0x3333333333333000

mem[X,0x000000008000348C] -> 0x0F13
mem[X,0x000000008000348E] -> 0x333F
[3365] [M]: 0x000000008000348C (0x333F0F13) addi x30, x30, 0x333                    inst_385+28
x30 <- 0x3333333333333333

clint mtime 0x0000000000000693 (mip.MTI <- 0b1, mip.STI <- 0b0)
mem[X,0x0000000080003490] -> 0x6F93
mem[X,0x0000000080003492] -> 0x000F
[3366] [M]: 0x0000000080003490 (0x000F6F93) ori x31, x30, 0x0                       inst_385+32
x31 <- 0x3333333333333333

mem[X,0x0000000080003494] -> 0xBC23
mem[X,0x0000000080003496] -> 0x33F3
[3367] [M]: 0x0000000080003494 (0x33F3BC23) sd x31, 0x338(x7)                       inst_385+36
mem[W,0x0000000080006D20] <- 0x3333333333333333

clint mtime 0x0000000000000694 (mip.MTI <- 0b1, mip.STI <- 0b0)
mem[X,0x0000000080003498] -> 0x3F37
mem[X,0x000000008000349A] -> 0x3333
[3368] [M]: 0x0000000080003498 (0x33333F37) lui x30, 0x33333                        inst_386+0
x30 <- 0x0000000033333000

mem[X,0x000000008000349C] -> 0x0F13
mem[X,0x000000008000349E] -> 0x333F
[3369] [M]: 0x000000008000349C (0x333F0F13) addi x30, x30, 0x333                    inst_386+4
x30 <- 0x0000000033333333

clint mtime 0x0000000000000695 (mip.MTI <- 0b1, mip.STI <- 0b0)
mem[X,0x00000000800034A0] -> 0x1F13
mem[X,0x00000000800034A2] -> 0x00BF
[3370] [M]: 0x00000000800034A0 (0x00BF1F13) slli x30, x30, 0xb                      inst_386+8
x30 <- 0x0000019999999800

mem[X,0x00000000800034A4] -> 0x0F13
mem[X,0x00000000800034A6] -> 0x199F
[3371] [M]: 0x00000000800034A4 (0x199F0F13) addi x30, x30, 0x199                    inst_386+12
x30 <- 0x0000019999999999

clint mtime 0x0000000000000696 (mip.MTI <- 0b1, mip.STI <- 0b0)
mem[X,0x00000000800034A8] -> 0x1F13
mem[X,0x00000000800034AA] -> 0x00BF
[3372] [M]: 0x00000000800034A8 (0x00BF1F13) slli x30, x30, 0xb                      inst_386+16
x30 <- 0x000CCCCCCCCCC800

mem[X,0x00000000800034AC] -> 0x0F13
mem[X,0x00000000800034AE] -> 0x4CCF
[3373] [M]: 0x00000000800034AC (0x4CCF0F13) addi x30, x30, 0x4cc                    inst_386+20
x30 <- 0x000CCCCCCCCCCCCC

clint mtime 0x0000000000000697 (mip.MTI <- 0b1, mip.STI <- 0b0)
mem[X,0x00000000800034B0] -> 0x1F13
mem[X,0x00000000800034B2] -> 0x00AF
[3374] [M]: 0x00000000800034B0 (0x00AF1F13) slli x30, x30, 0xa                      inst_386+24
x30 <- 0x3333333333333000

mem[X,0x00000000800034B4] -> 0x0F13
mem[X,0x00000000800034B6] -> 0x333F
[3375] [M]: 0x00000000800034B4 (0x333F0F13) addi x30, x30, 0x333                    inst_386+28
x30 <- 0x3333333333333333

clint mtime 0x0000000000000698 (mip.MTI <- 0b1, mip.STI <- 0b0)
mem[X,0x00000000800034B8] -> 0x6F93
mem[X,0x00000000800034BA] -> 0x554F
[3376] [M]: 0x00000000800034B8 (0x554F6F93) ori x31, x30, 0x554                     inst_386+32
x31 <- 0x3333333333333777

mem[X,0x00000000800034BC] -> 0xB023
mem[X,0x00000000800034BE] -> 0x35F3
[3377] [M]: 0x00000000800034BC (0x35F3B023) sd x31, 0x340(x7)                       inst_386+36
mem[W,0x0000000080006D28] <- 0x3333333333333777

clint mtime 0x0000000000000699 (mip.MTI <- 0b1, mip.STI <- 0b0)
mem[X,0x00000000800034C0] -> 0x3F37
mem[X,0x00000000800034C2] -> 0x3333
[3378] [M]: 0x00000000800034C0 (0x33333F37) lui x30, 0x33333                        inst_387+0
x30 <- 0x0000000033333000

mem[X,0x00000000800034C4] -> 0x0F13
mem[X,0x00000000800034C6] -> 0x333F
[3379] [M]: 0x00000000800034C4 (0x333F0F13) addi x30, x30, 0x333                    inst_387+4
x30 <- 0x0000000033333333

clint mtime 0x000000000000069A (mip.MTI <- 0b1, mip.STI <- 0b0)
mem[X,0x00000000800034C8] -> 0x1F13
mem[X,0x00000000800034CA] -> 0x00BF
[3380] [M]: 0x00000000800034C8 (0x00BF1F13) slli x30, x30, 0xb                      inst_387+8
x30 <- 0x0000019999999800

mem[X,0x00000000800034CC] -> 0x0F13
mem[X,0x00000000800034CE] -> 0x199F
[3381] [M]: 0x00000000800034CC (0x199F0F13) addi x30, x30, 0x199                    inst_387+12
x30 <- 0x0000019999999999

clint mtime 0x000000000000069B (mip.MTI <- 0b1, mip.STI <- 0b0)
mem[X,0x00000000800034D0] -> 0x1F13
mem[X,0x00000000800034D2] -> 0x00BF
[3382] [M]: 0x00000000800034D0 (0x00BF1F13) slli x30, x30, 0xb                      inst_387+16
x30 <- 0x000CCCCCCCCCC800

mem[X,0x00000000800034D4] -> 0x0F13
mem[X,0x00000000800034D6] -> 0x4CCF
[3383] [M]: 0x00000000800034D4 (0x4CCF0F13) addi x30, x30, 0x4cc                    inst_387+20
x30 <- 0x000CCCCCCCCCCCCC

clint mtime 0x000000000000069C (mip.MTI <- 0b1, mip.STI <- 0b0)
mem[X,0x00000000800034D8] -> 0x1F13
mem[X,0x00000000800034DA] -> 0x00AF
[3384] [M]: 0x00000000800034D8 (0x00AF1F13) slli x30, x30, 0xa                      inst_387+24
x30 <- 0x3333333333333000

mem[X,0x00000000800034DC] -> 0x0F13
mem[X,0x00000000800034DE] -> 0x333F
[3385] [M]: 0x00000000800034DC (0x333F0F13) addi x30, x30, 0x333                    inst_387+28
x30 <- 0x3333333333333333

clint mtime 0x000000000000069D (mip.MTI <- 0b1, mip.STI <- 0b0)
mem[X,0x00000000800034E0] -> 0x6F93
mem[X,0x00000000800034E2] -> 0x002F
[3386] [M]: 0x00000000800034E0 (0x002F6F93) ori x31, x30, 0x2                       inst_387+32
x31 <- 0x3333333333333333

mem[X,0x00000000800034E4] -> 0xB423
mem[X,0x00000000800034E6] -> 0x35F3
[3387] [M]: 0x00000000800034E4 (0x35F3B423) sd x31, 0x348(x7)                       inst_387+36
mem[W,0x0000000080006D30] <- 0x3333333333333333

clint mtime 0x000000000000069E (mip.MTI <- 0b1, mip.STI <- 0b0)
mem[X,0x00000000800034E8] -> 0x3F37
mem[X,0x00000000800034EA] -> 0x3333
[3388] [M]: 0x00000000800034E8 (0x33333F37) lui x30, 0x33333                        inst_388+0
x30 <- 0x0000000033333000

mem[X,0x00000000800034EC] -> 0x0F13
mem[X,0x00000000800034EE] -> 0x333F
[3389] [M]: 0x00000000800034EC (0x333F0F13) addi x30, x30, 0x333                    inst_388+4
x30 <- 0x0000000033333333

clint mtime 0x000000000000069F (mip.MTI <- 0b1, mip.STI <- 0b0)
mem[X,0x00000000800034F0] -> 0x1F13
mem[X,0x00000000800034F2] -> 0x00BF
[3390] [M]: 0x00000000800034F0 (0x00BF1F13) slli x30, x30, 0xb                      inst_388+8
x30 <- 0x0000019999999800

mem[X,0x00000000800034F4] -> 0x0F13
mem[X,0x00000000800034F6] -> 0x199F
[3391] [M]: 0x00000000800034F4 (0x199F0F13) addi x30, x30, 0x199                    inst_388+12
x30 <- 0x0000019999999999

clint mtime 0x00000000000006A0 (mip.MTI <- 0b1, mip.STI <- 0b0)
mem[X,0x00000000800034F8] -> 0x1F13
mem[X,0x00000000800034FA] -> 0x00BF
[3392] [M]: 0x00000000800034F8 (0x00BF1F13) slli x30, x30, 0xb                      inst_388+16
x30 <- 0x000CCCCCCCCCC800

mem[X,0x00000000800034FC] -> 0x0F13
mem[X,0x00000000800034FE] -> 0x4CCF
[3393] [M]: 0x00000000800034FC (0x4CCF0F13) addi x30, x30, 0x4cc                    inst_388+20
x30 <- 0x000CCCCCCCCCCCCC

clint mtime 0x00000000000006A1 (mip.MTI <- 0b1, mip.STI <- 0b0)
mem[X,0x0000000080003500] -> 0x1F13
mem[X,0x0000000080003502] -> 0x00AF
[3394] [M]: 0x0000000080003500 (0x00AF1F13) slli x30, x30, 0xa                      inst_388+24
x30 <- 0x3333333333333000

mem[X,0x0000000080003504] -> 0x0F13
mem[X,0x0000000080003506] -> 0x333F
[3395] [M]: 0x0000000080003504 (0x333F0F13) addi x30, x30, 0x333                    inst_388+28
x30 <- 0x3333333333333333

clint mtime 0x00000000000006A2 (mip.MTI <- 0b1, mip.STI <- 0b0)
mem[X,0x0000000080003508] -> 0x6F93
mem[X,0x000000008000350A] -> 0x02DF
[3396] [M]: 0x0000000080003508 (0x02DF6F93) ori x31, x30, 0x2d                      inst_388+32
x31 <- 0x333333333333333F

mem[X,0x000000008000350C] -> 0xB823
mem[X,0x000000008000350E] -> 0x35F3
[3397] [M]: 0x000000008000350C (0x35F3B823) sd x31, 0x350(x7)                       inst_388+36
mem[W,0x0000000080006D38] <- 0x333333333333333F

clint mtime 0x00000000000006A3 (mip.MTI <- 0b1, mip.STI <- 0b0)
mem[X,0x0000000080003510] -> 0x3F37
mem[X,0x0000000080003512] -> 0x3333
[3398] [M]: 0x0000000080003510 (0x33333F37) lui x30, 0x33333                        inst_389+0
x30 <- 0x0000000033333000

mem[X,0x0000000080003514] -> 0x0F13
mem[X,0x0000000080003516] -> 0x333F
[3399] [M]: 0x0000000080003514 (0x333F0F13) addi x30, x30, 0x333                    inst_389+4
x30 <- 0x0000000033333333

clint mtime 0x00000000000006A4 (mip.MTI <- 0b1, mip.STI <- 0b0)
mem[X,0x0000000080003518] -> 0x1F13
mem[X,0x000000008000351A] -> 0x00BF
[3400] [M]: 0x0000000080003518 (0x00BF1F13) slli x30, x30, 0xb                      inst_389+8
x30 <- 0x0000019999999800

mem[X,0x000000008000351C] -> 0x0F13
mem[X,0x000000008000351E] -> 0x199F
[3401] [M]: 0x000000008000351C (0x199F0F13) addi x30, x30, 0x199                    inst_389+12
x30 <- 0x0000019999999999

clint mtime 0x00000000000006A5 (mip.MTI <- 0b1, mip.STI <- 0b0)
mem[X,0x0000000080003520] -> 0x1F13
mem[X,0x0000000080003522] -> 0x00BF
[3402] [M]: 0x0000000080003520 (0x00BF1F13) slli x30, x30, 0xb                      inst_389+16
x30 <- 0x000CCCCCCCCCC800

mem[X,0x0000000080003524] -> 0x0F13
mem[X,0x0000000080003526] -> 0x4CCF
[3403] [M]: 0x0000000080003524 (0x4CCF0F13) addi x30, x30, 0x4cc                    inst_389+20
x30 <- 0x000CCCCCCCCCCCCC

clint mtime 0x00000000000006A6 (mip.MTI <- 0b1, mip.STI <- 0b0)
mem[X,0x0000000080003528] -> 0x1F13
mem[X,0x000000008000352A] -> 0x00AF
[3404] [M]: 0x0000000080003528 (0x00AF1F13) slli x30, x30, 0xa                      inst_389+24
x30 <- 0x3333333333333000

mem[X,0x000000008000352C] -> 0x0F13
mem[X,0x000000008000352E] -> 0x333F
[3405] [M]: 0x000000008000352C (0x333F0F13) addi x30, x30, 0x333                    inst_389+28
x30 <- 0x3333333333333333

clint mtime 0x00000000000006A7 (mip.MTI <- 0b1, mip.STI <- 0b0)
mem[X,0x0000000080003530] -> 0x6F93
mem[X,0x0000000080003532] -> 0xFD3F
[3406] [M]: 0x0000000080003530 (0xFD3F6F93) ori x31, x30, -0x2d                     inst_389+32
x31 <- 0xFFFFFFFFFFFFFFF3

mem[X,0x0000000080003534] -> 0xBC23
mem[X,0x0000000080003536] -> 0x35F3
[3407] [M]: 0x0000000080003534 (0x35F3BC23) sd x31, 0x358(x7)                       inst_389+36
mem[W,0x0000000080006D40] <- 0xFFFFFFFFFFFFFFF3

clint mtime 0x00000000000006A8 (mip.MTI <- 0b1, mip.STI <- 0b0)
mem[X,0x0000000080003538] -> 0x3F37
mem[X,0x000000008000353A] -> 0x3333
[3408] [M]: 0x0000000080003538 (0x33333F37) lui x30, 0x33333                        inst_390+0
x30 <- 0x0000000033333000

mem[X,0x000000008000353C] -> 0x0F13
mem[X,0x000000008000353E] -> 0x333F
[3409] [M]: 0x000000008000353C (0x333F0F13) addi x30, x30, 0x333                    inst_390+4
x30 <- 0x0000000033333333

clint mtime 0x00000000000006A9 (mip.MTI <- 0b1, mip.STI <- 0b0)
mem[X,0x0000000080003540] -> 0x1F13
mem[X,0x0000000080003542] -> 0x00BF
[3410] [M]: 0x0000000080003540 (0x00BF1F13) slli x30, x30, 0xb                      inst_390+8
x30 <- 0x0000019999999800

mem[X,0x0000000080003544] -> 0x0F13
mem[X,0x0000000080003546] -> 0x199F
[3411] [M]: 0x0000000080003544 (0x199F0F13) addi x30, x30, 0x199                    inst_390+12
x30 <- 0x0000019999999999

clint mtime 0x00000000000006AA (mip.MTI <- 0b1, mip.STI <- 0b0)
mem[X,0x0000000080003548] -> 0x1F13
mem[X,0x000000008000354A] -> 0x00BF
[3412] [M]: 0x0000000080003548 (0x00BF1F13) slli x30, x30, 0xb                      inst_390+16
x30 <- 0x000CCCCCCCCCC800

mem[X,0x000000008000354C] -> 0x0F13
mem[X,0x000000008000354E] -> 0x4CCF
[3413] [M]: 0x000000008000354C (0x4CCF0F13) addi x30, x30, 0x4cc                    inst_390+20
x30 <- 0x000CCCCCCCCCCCCC

clint mtime 0x00000000000006AB (mip.MTI <- 0b1, mip.STI <- 0b0)
mem[X,0x0000000080003550] -> 0x1F13
mem[X,0x0000000080003552] -> 0x00AF
[3414] [M]: 0x0000000080003550 (0x00AF1F13) slli x30, x30, 0xa                      inst_390+24
x30 <- 0x3333333333333000

mem[X,0x0000000080003554] -> 0x0F13
mem[X,0x0000000080003556] -> 0x333F
[3415] [M]: 0x0000000080003554 (0x333F0F13) addi x30, x30, 0x333                    inst_390+28
x30 <- 0x3333333333333333

clint mtime 0x00000000000006AC (mip.MTI <- 0b1, mip.STI <- 0b0)
mem[X,0x0000000080003558] -> 0x6F93
mem[X,0x000000008000355A] -> 0x666F
[3416] [M]: 0x0000000080003558 (0x666F6F93) ori x31, x30, 0x666                     inst_390+32
x31 <- 0x3333333333333777

mem[X,0x000000008000355C] -> 0xB023
mem[X,0x000000008000355E] -> 0x37F3
[3417] [M]: 0x000000008000355C (0x37F3B023) sd x31, 0x360(x7)                       inst_390+36
mem[W,0x0000000080006D48] <- 0x3333333333333777

clint mtime 0x00000000000006AD (mip.MTI <- 0b1, mip.STI <- 0b0)
mem[X,0x0000000080003560] -> 0x3F37
mem[X,0x0000000080003562] -> 0x3333
[3418] [M]: 0x0000000080003560 (0x33333F37) lui x30, 0x33333                        inst_391+0
x30 <- 0x0000000033333000

mem[X,0x0000000080003564] -> 0x0F13
mem[X,0x0000000080003566] -> 0x333F
[3419] [M]: 0x0000000080003564 (0x333F0F13) addi x30, x30, 0x333                    inst_391+4
x30 <- 0x0000000033333333

clint mtime 0x00000000000006AE (mip.MTI <- 0b1, mip.STI <- 0b0)
mem[X,0x0000000080003568] -> 0x1F13
mem[X,0x000000008000356A] -> 0x00BF
[3420] [M]: 0x0000000080003568 (0x00BF1F13) slli x30, x30, 0xb                      inst_391+8
x30 <- 0x0000019999999800

mem[X,0x000000008000356C] -> 0x0F13
mem[X,0x000000008000356E] -> 0x199F
[3421] [M]: 0x000000008000356C (0x199F0F13) addi x30, x30, 0x199                    inst_391+12
x30 <- 0x0000019999999999

clint mtime 0x00000000000006AF (mip.MTI <- 0b1, mip.STI <- 0b0)
mem[X,0x0000000080003570] -> 0x1F13
mem[X,0x0000000080003572] -> 0x00BF
[3422] [M]: 0x0000000080003570 (0x00BF1F13) slli x30, x30, 0xb                      inst_391+16
x30 <- 0x000CCCCCCCCCC800

mem[X,0x0000000080003574] -> 0x0F13
mem[X,0x0000000080003576] -> 0x4CCF
[3423] [M]: 0x0000000080003574 (0x4CCF0F13) addi x30, x30, 0x4cc                    inst_391+20
x30 <- 0x000CCCCCCCCCCCCC

clint mtime 0x00000000000006B0 (mip.MTI <- 0b1, mip.STI <- 0b0)
mem[X,0x0000000080003578] -> 0x1F13
mem[X,0x000000008000357A] -> 0x00AF
[3424] [M]: 0x0000000080003578 (0x00AF1F13) slli x30, x30, 0xa                      inst_391+24
x30 <- 0x3333333333333000

mem[X,0x000000008000357C] -> 0x0F13
mem[X,0x000000008000357E] -> 0x333F
[3425] [M]: 0x000000008000357C (0x333F0F13) addi x30, x30, 0x333                    inst_391+28
x30 <- 0x3333333333333333

clint mtime 0x00000000000006B1 (mip.MTI <- 0b1, mip.STI <- 0b0)
mem[X,0x0000000080003580] -> 0x6F93
mem[X,0x0000000080003582] -> 0x333F
[3426] [M]: 0x0000000080003580 (0x333F6F93) ori x31, x30, 0x333                     inst_391+32
x31 <- 0x3333333333333333

mem[X,0x0000000080003584] -> 0xB423
mem[X,0x0000000080003586] -> 0x37F3
[3427] [M]: 0x0000000080003584 (0x37F3B423) sd x31, 0x368(x7)                       inst_391+36
mem[W,0x0000000080006D50] <- 0x3333333333333333

clint mtime 0x00000000000006B2 (mip.MTI <- 0b1, mip.STI <- 0b0)
mem[X,0x0000000080003588] -> 0x3F37
mem[X,0x000000008000358A] -> 0x3333
[3428] [M]: 0x0000000080003588 (0x33333F37) lui x30, 0x33333                        inst_392+0
x30 <- 0x0000000033333000

mem[X,0x000000008000358C] -> 0x0F13
mem[X,0x000000008000358E] -> 0x333F
[3429] [M]: 0x000000008000358C (0x333F0F13) addi x30, x30, 0x333                    inst_392+4
x30 <- 0x0000000033333333

clint mtime 0x00000000000006B3 (mip.MTI <- 0b1, mip.STI <- 0b0)
mem[X,0x0000000080003590] -> 0x1F13
mem[X,0x0000000080003592] -> 0x00BF
[3430] [M]: 0x0000000080003590 (0x00BF1F13) slli x30, x30, 0xb                      inst_392+8
x30 <- 0x0000019999999800

mem[X,0x0000000080003594] -> 0x0F13
mem[X,0x0000000080003596] -> 0x199F
[3431] [M]: 0x0000000080003594 (0x199F0F13) addi x30, x30, 0x199                    inst_392+12
x30 <- 0x0000019999999999

clint mtime 0x00000000000006B4 (mip.MTI <- 0b1, mip.STI <- 0b0)
mem[X,0x0000000080003598] -> 0x1F13
mem[X,0x000000008000359A] -> 0x00BF
[3432] [M]: 0x0000000080003598 (0x00BF1F13) slli x30, x30, 0xb                      inst_392+16
x30 <- 0x000CCCCCCCCCC800

mem[X,0x000000008000359C] -> 0x0F13
mem[X,0x000000008000359E] -> 0x4CCF
[3433] [M]: 0x000000008000359C (0x4CCF0F13) addi x30, x30, 0x4cc                    inst_392+20
x30 <- 0x000CCCCCCCCCCCCC

clint mtime 0x00000000000006B5 (mip.MTI <- 0b1, mip.STI <- 0b0)
mem[X,0x00000000800035A0] -> 0x1F13
mem[X,0x00000000800035A2] -> 0x00AF
[3434] [M]: 0x00000000800035A0 (0x00AF1F13) slli x30, x30, 0xa                      inst_392+24
x30 <- 0x3333333333333000

mem[X,0x00000000800035A4] -> 0x0F13
mem[X,0x00000000800035A6] -> 0x333F
[3435] [M]: 0x00000000800035A4 (0x333F0F13) addi x30, x30, 0x333                    inst_392+28
x30 <- 0x3333333333333333

clint mtime 0x00000000000006B6 (mip.MTI <- 0b1, mip.STI <- 0b0)
mem[X,0x00000000800035A8] -> 0x6F93
mem[X,0x00000000800035AA] -> 0x005F
[3436] [M]: 0x00000000800035A8 (0x005F6F93) ori x31, x30, 0x5                       inst_392+32
x31 <- 0x3333333333333337

mem[X,0x00000000800035AC] -> 0xB823
mem[X,0x00000000800035AE] -> 0x37F3
[3437] [M]: 0x00000000800035AC (0x37F3B823) sd x31, 0x370(x7)                       inst_392+36
mem[W,0x0000000080006D58] <- 0x3333333333333337

clint mtime 0x00000000000006B7 (mip.MTI <- 0b1, mip.STI <- 0b0)
mem[X,0x00000000800035B0] -> 0x3F37
mem[X,0x00000000800035B2] -> 0x3333
[3438] [M]: 0x00000000800035B0 (0x33333F37) lui x30, 0x33333                        inst_393+0
x30 <- 0x0000000033333000

mem[X,0x00000000800035B4] -> 0x0F13
mem[X,0x00000000800035B6] -> 0x333F
[3439] [M]: 0x00000000800035B4 (0x333F0F13) addi x30, x30, 0x333                    inst_393+4
x30 <- 0x0000000033333333

clint mtime 0x00000000000006B8 (mip.MTI <- 0b1, mip.STI <- 0b0)
mem[X,0x00000000800035B8] -> 0x1F13
mem[X,0x00000000800035BA] -> 0x00BF
[3440] [M]: 0x00000000800035B8 (0x00BF1F13) slli x30, x30, 0xb                      inst_393+8
x30 <- 0x0000019999999800

mem[X,0x00000000800035BC] -> 0x0F13
mem[X,0x00000000800035BE] -> 0x199F
[3441] [M]: 0x00000000800035BC (0x199F0F13) addi x30, x30, 0x199                    inst_393+12
x30 <- 0x0000019999999999

clint mtime 0x00000000000006B9 (mip.MTI <- 0b1, mip.STI <- 0b0)
mem[X,0x00000000800035C0] -> 0x1F13
mem[X,0x00000000800035C2] -> 0x00BF
[3442] [M]: 0x00000000800035C0 (0x00BF1F13) slli x30, x30, 0xb                      inst_393+16
x30 <- 0x000CCCCCCCCCC800

mem[X,0x00000000800035C4] -> 0x0F13
mem[X,0x00000000800035C6] -> 0x4CCF
[3443] [M]: 0x00000000800035C4 (0x4CCF0F13) addi x30, x30, 0x4cc                    inst_393+20
x30 <- 0x000CCCCCCCCCCCCC

clint mtime 0x00000000000006BA (mip.MTI <- 0b1, mip.STI <- 0b0)
mem[X,0x00000000800035C8] -> 0x1F13
mem[X,0x00000000800035CA] -> 0x00AF
[3444] [M]: 0x00000000800035C8 (0x00AF1F13) slli x30, x30, 0xa                      inst_393+24
x30 <- 0x3333333333333000

mem[X,0x00000000800035CC] -> 0x0F13
mem[X,0x00000000800035CE] -> 0x333F
[3445] [M]: 0x00000000800035CC (0x333F0F13) addi x30, x30, 0x333                    inst_393+28
x30 <- 0x3333333333333333

clint mtime 0x00000000000006BB (mip.MTI <- 0b1, mip.STI <- 0b0)
mem[X,0x00000000800035D0] -> 0x6F93
mem[X,0x00000000800035D2] -> 0xAAAF
[3446] [M]: 0x00000000800035D0 (0xAAAF6F93) ori x31, x30, -0x556                    inst_393+32
x31 <- 0xFFFFFFFFFFFFFBBB

mem[X,0x00000000800035D4] -> 0xBC23
mem[X,0x00000000800035D6] -> 0x37F3
[3447] [M]: 0x00000000800035D4 (0x37F3BC23) sd x31, 0x378(x7)                       inst_393+36
mem[W,0x0000000080006D60] <- 0xFFFFFFFFFFFFFBBB

clint mtime 0x00000000000006BC (mip.MTI <- 0b1, mip.STI <- 0b0)
mem[X,0x00000000800035D8] -> 0x3F37
mem[X,0x00000000800035DA] -> 0x3333
[3448] [M]: 0x00000000800035D8 (0x33333F37) lui x30, 0x33333                        inst_394+0
x30 <- 0x0000000033333000

mem[X,0x00000000800035DC] -> 0x0F13
mem[X,0x00000000800035DE] -> 0x333F
[3449] [M]: 0x00000000800035DC (0x333F0F13) addi x30, x30, 0x333                    inst_394+4
x30 <- 0x0000000033333333

clint mtime 0x00000000000006BD (mip.MTI <- 0b1, mip.STI <- 0b0)
mem[X,0x00000000800035E0] -> 0x1F13
mem[X,0x00000000800035E2] -> 0x00BF
[3450] [M]: 0x00000000800035E0 (0x00BF1F13) slli x30, x30, 0xb                      inst_394+8
x30 <- 0x0000019999999800

mem[X,0x00000000800035E4] -> 0x0F13
mem[X,0x00000000800035E6] -> 0x199F
[3451] [M]: 0x00000000800035E4 (0x199F0F13) addi x30, x30, 0x199                    inst_394+12
x30 <- 0x0000019999999999

clint mtime 0x00000000000006BE (mip.MTI <- 0b1, mip.STI <- 0b0)
mem[X,0x00000000800035E8] -> 0x1F13
mem[X,0x00000000800035EA] -> 0x00BF
[3452] [M]: 0x00000000800035E8 (0x00BF1F13) slli x30, x30, 0xb                      inst_394+16
x30 <- 0x000CCCCCCCCCC800

mem[X,0x00000000800035EC] -> 0x0F13
mem[X,0x00000000800035EE] -> 0x4CCF
[3453] [M]: 0x00000000800035EC (0x4CCF0F13) addi x30, x30, 0x4cc                    inst_394+20
x30 <- 0x000CCCCCCCCCCCCC

clint mtime 0x00000000000006BF (mip.MTI <- 0b1, mip.STI <- 0b0)
mem[X,0x00000000800035F0] -> 0x1F13
mem[X,0x00000000800035F2] -> 0x00AF
[3454] [M]: 0x00000000800035F0 (0x00AF1F13) slli x30, x30, 0xa                      inst_394+24
x30 <- 0x3333333333333000

mem[X,0x00000000800035F4] -> 0x0F13
mem[X,0x00000000800035F6] -> 0x333F
[3455] [M]: 0x00000000800035F4 (0x333F0F13) addi x30, x30, 0x333                    inst_394+28
x30 <- 0x3333333333333333

clint mtime 0x00000000000006C0 (mip.MTI <- 0b1, mip.STI <- 0b0)
mem[X,0x00000000800035F8] -> 0x6F93
mem[X,0x00000000800035FA] -> 0x555F
[3456] [M]: 0x00000000800035F8 (0x555F6F93) ori x31, x30, 0x555                     inst_394+32
x31 <- 0x3333333333333777

mem[X,0x00000000800035FC] -> 0xB023
mem[X,0x00000000800035FE] -> 0x39F3
[3457] [M]: 0x00000000800035FC (0x39F3B023) sd x31, 0x380(x7)                       inst_394+36
mem[W,0x0000000080006D68] <- 0x3333333333333777

clint mtime 0x00000000000006C1 (mip.MTI <- 0b1, mip.STI <- 0b0)
mem[X,0x0000000080003600] -> 0x3F37
mem[X,0x0000000080003602] -> 0x3333
[3458] [M]: 0x0000000080003600 (0x33333F37) lui x30, 0x33333                        inst_395+0
x30 <- 0x0000000033333000

mem[X,0x0000000080003604] -> 0x0F13
mem[X,0x0000000080003606] -> 0x333F
[3459] [M]: 0x0000000080003604 (0x333F0F13) addi x30, x30, 0x333                    inst_395+4
x30 <- 0x0000000033333333

clint mtime 0x00000000000006C2 (mip.MTI <- 0b1, mip.STI <- 0b0)
mem[X,0x0000000080003608] -> 0x1F13
mem[X,0x000000008000360A] -> 0x00BF
[3460] [M]: 0x0000000080003608 (0x00BF1F13) slli x30, x30, 0xb                      inst_395+8
x30 <- 0x0000019999999800

mem[X,0x000000008000360C] -> 0x0F13
mem[X,0x000000008000360E] -> 0x199F
[3461] [M]: 0x000000008000360C (0x199F0F13) addi x30, x30, 0x199                    inst_395+12
x30 <- 0x0000019999999999

clint mtime 0x00000000000006C3 (mip.MTI <- 0b1, mip.STI <- 0b0)
mem[X,0x0000000080003610] -> 0x1F13
mem[X,0x0000000080003612] -> 0x00BF
[3462] [M]: 0x0000000080003610 (0x00BF1F13) slli x30, x30, 0xb                      inst_395+16
x30 <- 0x000CCCCCCCCCC800

mem[X,0x0000000080003614] -> 0x0F13
mem[X,0x0000000080003616] -> 0x4CCF
[3463] [M]: 0x0000000080003614 (0x4CCF0F13) addi x30, x30, 0x4cc                    inst_395+20
x30 <- 0x000CCCCCCCCCCCCC

clint mtime 0x00000000000006C4 (mip.MTI <- 0b1, mip.STI <- 0b0)
mem[X,0x0000000080003618] -> 0x1F13
mem[X,0x000000008000361A] -> 0x00AF
[3464] [M]: 0x0000000080003618 (0x00AF1F13) slli x30, x30, 0xa                      inst_395+24
x30 <- 0x3333333333333000

mem[X,0x000000008000361C] -> 0x0F13
mem[X,0x000000008000361E] -> 0x333F
[3465] [M]: 0x000000008000361C (0x333F0F13) addi x30, x30, 0x333                    inst_395+28
x30 <- 0x3333333333333333

clint mtime 0x00000000000006C5 (mip.MTI <- 0b1, mip.STI <- 0b0)
mem[X,0x0000000080003620] -> 0x6F93
mem[X,0x0000000080003622] -> 0x003F
[3466] [M]: 0x0000000080003620 (0x003F6F93) ori x31, x30, 0x3                       inst_395+32
x31 <- 0x3333333333333333

mem[X,0x0000000080003624] -> 0xB423
mem[X,0x0000000080003626] -> 0x39F3
[3467] [M]: 0x0000000080003624 (0x39F3B423) sd x31, 0x388(x7)                       inst_395+36
mem[W,0x0000000080006D70] <- 0x3333333333333333

clint mtime 0x00000000000006C6 (mip.MTI <- 0b1, mip.STI <- 0b0)
mem[X,0x0000000080003628] -> 0x0F13
mem[X,0x000000008000362A] -> 0x0050
[3468] [M]: 0x0000000080003628 (0x00500F13) addi x30, x0, 0x5                       inst_396+0
x30 <- 0x0000000000000005

mem[X,0x000000008000362C] -> 0x6F93
mem[X,0x000000008000362E] -> 0x02EF
[3469] [M]: 0x000000008000362C (0x02EF6F93) ori x31, x30, 0x2e                      inst_396+4
x31 <- 0x000000000000002F

clint mtime 0x00000000000006C7 (mip.MTI <- 0b1, mip.STI <- 0b0)
mem[X,0x0000000080003630] -> 0xB823
mem[X,0x0000000080003632] -> 0x39F3
[3470] [M]: 0x0000000080003630 (0x39F3B823) sd x31, 0x390(x7)                       inst_396+8
mem[W,0x0000000080006D78] <- 0x000000000000002F

mem[X,0x0000000080003634] -> 0x0F13
mem[X,0x0000000080003636] -> 0x0050
[3471] [M]: 0x0000000080003634 (0x00500F13) addi x30, x0, 0x5                       inst_397+0
x30 <- 0x0000000000000005

clint mtime 0x00000000000006C8 (mip.MTI <- 0b1, mip.STI <- 0b0)
mem[X,0x0000000080003638] -> 0x6F93
mem[X,0x000000008000363A] -> 0xFD4F
[3472] [M]: 0x0000000080003638 (0xFD4F6F93) ori x31, x30, -0x2c                     inst_397+4
x31 <- 0xFFFFFFFFFFFFFFD5

mem[X,0x000000008000363C] -> 0xBC23
mem[X,0x000000008000363E] -> 0x39F3
[3473] [M]: 0x000000008000363C (0x39F3BC23) sd x31, 0x398(x7)                       inst_397+8
mem[W,0x0000000080006D80] <- 0xFFFFFFFFFFFFFFD5

clint mtime 0x00000000000006C9 (mip.MTI <- 0b1, mip.STI <- 0b0)
mem[X,0x0000000080003640] -> 0x0F13
mem[X,0x0000000080003642] -> 0x0050
[3474] [M]: 0x0000000080003640 (0x00500F13) addi x30, x0, 0x5                       inst_398+0
x30 <- 0x0000000000000005

mem[X,0x0000000080003644] -> 0x6F93
mem[X,0x0000000080003646] -> 0x667F
[3475] [M]: 0x0000000080003644 (0x667F6F93) ori x31, x30, 0x667                     inst_398+4
x31 <- 0x0000000000000667

clint mtime 0x00000000000006CA (mip.MTI <- 0b1, mip.STI <- 0b0)
mem[X,0x0000000080003648] -> 0xB023
mem[X,0x000000008000364A] -> 0x3BF3
[3476] [M]: 0x0000000080003648 (0x3BF3B023) sd x31, 0x3a0(x7)                       inst_398+8
mem[W,0x0000000080006D88] <- 0x0000000000000667

mem[X,0x000000008000364C] -> 0x0F13
mem[X,0x000000008000364E] -> 0x0050
[3477] [M]: 0x000000008000364C (0x00500F13) addi x30, x0, 0x5                       inst_399+0
x30 <- 0x0000000000000005

clint mtime 0x00000000000006CB (mip.MTI <- 0b1, mip.STI <- 0b0)
mem[X,0x0000000080003650] -> 0x6F93
mem[X,0x0000000080003652] -> 0x334F
[3478] [M]: 0x0000000080003650 (0x334F6F93) ori x31, x30, 0x334                     inst_399+4
x31 <- 0x0000000000000335

mem[X,0x0000000080003654] -> 0xB423
mem[X,0x0000000080003656] -> 0x3BF3
[3479] [M]: 0x0000000080003654 (0x3BF3B423) sd x31, 0x3a8(x7)                       inst_399+8
mem[W,0x0000000080006D90] <- 0x0000000000000335

clint mtime 0x00000000000006CC (mip.MTI <- 0b1, mip.STI <- 0b0)
mem[X,0x0000000080003658] -> 0x0F13
mem[X,0x000000008000365A] -> 0x0050
[3480] [M]: 0x0000000080003658 (0x00500F13) addi x30, x0, 0x5                       inst_400+0
x30 <- 0x0000000000000005

mem[X,0x000000008000365C] -> 0x6F93
mem[X,0x000000008000365E] -> 0x006F
[3481] [M]: 0x000000008000365C (0x006F6F93) ori x31, x30, 0x6                       inst_400+4
x31 <- 0x0000000000000007

clint mtime 0x00000000000006CD (mip.MTI <- 0b1, mip.STI <- 0b0)
mem[X,0x0000000080003660] -> 0xB823
mem[X,0x0000000080003662] -> 0x3BF3
[3482] [M]: 0x0000000080003660 (0x3BF3B823) sd x31, 0x3b0(x7)                       inst_400+8
mem[W,0x0000000080006D98] <- 0x0000000000000007

mem[X,0x0000000080003664] -> 0x0F13
mem[X,0x0000000080003666] -> 0x0050
[3483] [M]: 0x0000000080003664 (0x00500F13) addi x30, x0, 0x5                       inst_401+0
x30 <- 0x0000000000000005

clint mtime 0x00000000000006CE (mip.MTI <- 0b1, mip.STI <- 0b0)
mem[X,0x0000000080003668] -> 0x6F93
mem[X,0x000000008000366A] -> 0xAABF
[3484] [M]: 0x0000000080003668 (0xAABF6F93) ori x31, x30, -0x555                    inst_401+4
x31 <- 0xFFFFFFFFFFFFFAAF

mem[X,0x000000008000366C] -> 0xBC23
mem[X,0x000000008000366E] -> 0x3BF3
[3485] [M]: 0x000000008000366C (0x3BF3BC23) sd x31, 0x3b8(x7)                       inst_401+8
mem[W,0x0000000080006DA0] <- 0xFFFFFFFFFFFFFAAF

clint mtime 0x00000000000006CF (mip.MTI <- 0b1, mip.STI <- 0b0)
mem[X,0x0000000080003670] -> 0x0F13
mem[X,0x0000000080003672] -> 0x0050
[3486] [M]: 0x0000000080003670 (0x00500F13) addi x30, x0, 0x5                       inst_402+0
x30 <- 0x0000000000000005

mem[X,0x0000000080003674] -> 0x6F93
mem[X,0x0000000080003676] -> 0x556F
[3487] [M]: 0x0000000080003674 (0x556F6F93) ori x31, x30, 0x556                     inst_402+4
x31 <- 0x0000000000000557

clint mtime 0x00000000000006D0 (mip.MTI <- 0b1, mip.STI <- 0b0)
mem[X,0x0000000080003678] -> 0xB023
mem[X,0x000000008000367A] -> 0x3DF3
[3488] [M]: 0x0000000080003678 (0x3DF3B023) sd x31, 0x3c0(x7)                       inst_402+8
mem[W,0x0000000080006DA8] <- 0x0000000000000557

mem[X,0x000000008000367C] -> 0x0F13
mem[X,0x000000008000367E] -> 0x0010
[3489] [M]: 0x000000008000367C (0x00100F13) addi x30, x0, 0x1                       inst_403+0
x30 <- 0x0000000000000001

clint mtime 0x00000000000006D1 (mip.MTI <- 0b1, mip.STI <- 0b0)
mem[X,0x0000000080003680] -> 0x6F93
mem[X,0x0000000080003682] -> 0x800F
[3490] [M]: 0x0000000080003680 (0x800F6F93) ori x31, x30, -0x800                    inst_403+4
x31 <- 0xFFFFFFFFFFFFF801

mem[X,0x0000000080003684] -> 0xB423
mem[X,0x0000000080003686] -> 0x3DF3
[3491] [M]: 0x0000000080003684 (0x3DF3B423) sd x31, 0x3c8(x7)                       inst_403+8
mem[W,0x0000000080006DB0] <- 0xFFFFFFFFFFFFF801

clint mtime 0x00000000000006D2 (mip.MTI <- 0b1, mip.STI <- 0b0)
mem[X,0x0000000080003688] -> 0x0F13
mem[X,0x000000008000368A] -> 0xFFF0
[3492] [M]: 0x0000000080003688 (0xFFF00F13) addi x30, x0, -0x1                      inst_404+0
x30 <- 0xFFFFFFFFFFFFFFFF

mem[X,0x000000008000368C] -> 0x5F13
mem[X,0x000000008000368E] -> 0x001F
[3493] [M]: 0x000000008000368C (0x001F5F13) srli x30, x30, 0x1                      inst_404+4
x30 <- 0x7FFFFFFFFFFFFFFF

clint mtime 0x00000000000006D3 (mip.MTI <- 0b1, mip.STI <- 0b0)
mem[X,0x0000000080003690] -> 0x6F93
mem[X,0x0000000080003692] -> 0x800F
[3494] [M]: 0x0000000080003690 (0x800F6F93) ori x31, x30, -0x800                    inst_404+8
x31 <- 0xFFFFFFFFFFFFFFFF

mem[X,0x0000000080003694] -> 0xB823
mem[X,0x0000000080003696] -> 0x3DF3
[3495] [M]: 0x0000000080003694 (0x3DF3B823) sd x31, 0x3d0(x7)                       inst_404+12
mem[W,0x0000000080006DB8] <- 0xFFFFFFFFFFFFFFFF

clint mtime 0x00000000000006D4 (mip.MTI <- 0b1, mip.STI <- 0b0)
mem[X,0x0000000080003698] -> 0x0F13
mem[X,0x000000008000369A] -> 0xFFF0
[3496] [M]: 0x0000000080003698 (0xFFF00F13) addi x30, x0, -0x1                      inst_405+0
x30 <- 0xFFFFFFFFFFFFFFFF

mem[X,0x000000008000369C] -> 0x1F13
mem[X,0x000000008000369E] -> 0x03FF
[3497] [M]: 0x000000008000369C (0x03FF1F13) slli x30, x30, 0x3f                     inst_405+4
x30 <- 0x8000000000000000

clint mtime 0x00000000000006D5 (mip.MTI <- 0b1, mip.STI <- 0b0)
mem[X,0x00000000800036A0] -> 0x6F93
mem[X,0x00000000800036A2] -> 0x800F
[3498] [M]: 0x00000000800036A0 (0x800F6F93) ori x31, x30, -0x800                    inst_405+8
x31 <- 0xFFFFFFFFFFFFF800

mem[X,0x00000000800036A4] -> 0xBC23
mem[X,0x00000000800036A6] -> 0x3DF3
[3499] [M]: 0x00000000800036A4 (0x3DF3BC23) sd x31, 0x3d8(x7)                       inst_405+12
mem[W,0x0000000080006DC0] <- 0xFFFFFFFFFFFFF800

clint mtime 0x00000000000006D6 (mip.MTI <- 0b1, mip.STI <- 0b0)
mem[X,0x00000000800036A8] -> 0x0F13
mem[X,0x00000000800036AA] -> 0xFFF0
[3500] [M]: 0x00000000800036A8 (0xFFF00F13) addi x30, x0, -0x1                      inst_406+0
x30 <- 0xFFFFFFFFFFFFFFFF

mem[X,0x00000000800036AC] -> 0x1F13
mem[X,0x00000000800036AE] -> 0x03FF
[3501] [M]: 0x00000000800036AC (0x03FF1F13) slli x30, x30, 0x3f                     inst_406+4
x30 <- 0x8000000000000000

clint mtime 0x00000000000006D7 (mip.MTI <- 0b1, mip.STI <- 0b0)
mem[X,0x00000000800036B0] -> 0x6F93
mem[X,0x00000000800036B2] -> 0x001F
[3502] [M]: 0x00000000800036B0 (0x001F6F93) ori x31, x30, 0x1                       inst_406+8
x31 <- 0x8000000000000001

mem[X,0x00000000800036B4] -> 0xB023
mem[X,0x00000000800036B6] -> 0x3FF3
[3503] [M]: 0x00000000800036B4 (0x3FF3B023) sd x31, 0x3e0(x7)                       inst_406+12
mem[W,0x0000000080006DC8] <- 0x8000000000000001

clint mtime 0x00000000000006D8 (mip.MTI <- 0b1, mip.STI <- 0b0)
mem[X,0x00000000800036B8] -> 0x0F13
mem[X,0x00000000800036BA] -> 0xFFF0
[3504] [M]: 0x00000000800036B8 (0xFFF00F13) addi x30, x0, -0x1                      inst_407+0
x30 <- 0xFFFFFFFFFFFFFFFF

mem[X,0x00000000800036BC] -> 0x1F13
mem[X,0x00000000800036BE] -> 0x03FF
[3505] [M]: 0x00000000800036BC (0x03FF1F13) slli x30, x30, 0x3f                     inst_407+4
x30 <- 0x8000000000000000

clint mtime 0x00000000000006D9 (mip.MTI <- 0b1, mip.STI <- 0b0)
mem[X,0x00000000800036C0] -> 0x6F93
mem[X,0x00000000800036C2] -> 0x7FFF
[3506] [M]: 0x00000000800036C0 (0x7FFF6F93) ori x31, x30, 0x7ff                     inst_407+8
x31 <- 0x80000000000007FF

mem[X,0x00000000800036C4] -> 0xB423
mem[X,0x00000000800036C6] -> 0x3FF3
[3507] [M]: 0x00000000800036C4 (0x3FF3B423) sd x31, 0x3e8(x7)                       inst_407+12
mem[W,0x0000000080006DD0] <- 0x80000000000007FF

clint mtime 0x00000000000006DA (mip.MTI <- 0b1, mip.STI <- 0b0)
mem[X,0x00000000800036C8] -> 0x0F37
mem[X,0x00000000800036CA] -> 0x0000
[3508] [M]: 0x00000000800036C8 (0x00000F37) lui x30, 0x0                            inst_408+0
x30 <- 0x0000000000000000

mem[X,0x00000000800036CC] -> 0x0F13
mem[X,0x00000000800036CE] -> 0xFFFF
[3509] [M]: 0x00000000800036CC (0xFFFF0F13) addi x30, x30, -0x1                     inst_408+4
x30 <- 0xFFFFFFFFFFFFFFFF

clint mtime 0x00000000000006DB (mip.MTI <- 0b1, mip.STI <- 0b0)
mem[X,0x00000000800036D0] -> 0x1F13
mem[X,0x00000000800036D2] -> 0x00BF
[3510] [M]: 0x00000000800036D0 (0x00BF1F13) slli x30, x30, 0xb                      inst_408+8
x30 <- 0xFFFFFFFFFFFFF800

mem[X,0x00000000800036D4] -> 0x0F13
mem[X,0x00000000800036D6] -> 0x257F
[3511] [M]: 0x00000000800036D4 (0x257F0F13) addi x30, x30, 0x257                    inst_408+12
x30 <- 0xFFFFFFFFFFFFFA57

clint mtime 0x00000000000006DC (mip.MTI <- 0b1, mip.STI <- 0b0)
mem[X,0x00000000800036D8] -> 0x1F13
mem[X,0x00000000800036DA] -> 0x00BF
[3512] [M]: 0x00000000800036D8 (0x00BF1F13) slli x30, x30, 0xb                      inst_408+16
x30 <- 0xFFFFFFFFFFD2B800

mem[X,0x00000000800036DC] -> 0x0F13
mem[X,0x00000000800036DE] -> 0x6C3F
[3513] [M]: 0x00000000800036DC (0x6C3F0F13) addi x30, x30, 0x6c3                    inst_408+20
x30 <- 0xFFFFFFFFFFD2BEC3

clint mtime 0x00000000000006DD (mip.MTI <- 0b1, mip.STI <- 0b0)
mem[X,0x00000000800036E0] -> 0x1F13
mem[X,0x00000000800036E2] -> 0x00AF
[3514] [M]: 0x00000000800036E0 (0x00AF1F13) slli x30, x30, 0xa                      inst_408+24
x30 <- 0xFFFFFFFF4AFB0C00

mem[X,0x00000000800036E4] -> 0x0F13
mem[X,0x00000000800036E6] -> 0x0CEF
[3515] [M]: 0x00000000800036E4 (0x0CEF0F13) addi x30, x30, 0xce                     inst_408+28
x30 <- 0xFFFFFFFF4AFB0CCE

clint mtime 0x00000000000006DE (mip.MTI <- 0b1, mip.STI <- 0b0)
mem[X,0x00000000800036E8] -> 0x6F93
mem[X,0x00000000800036EA] -> 0x332F
[3516] [M]: 0x00000000800036E8 (0x332F6F93) ori x31, x30, 0x332                     inst_408+32
x31 <- 0xFFFFFFFF4AFB0FFE

mem[X,0x00000000800036EC] -> 0xB823
mem[X,0x00000000800036EE] -> 0x3FF3
[3517] [M]: 0x00000000800036EC (0x3FF3B823) sd x31, 0x3f0(x7)                       inst_408+36
mem[W,0x0000000080006DD8] <- 0xFFFFFFFF4AFB0FFE

clint mtime 0x00000000000006DF (mip.MTI <- 0b1, mip.STI <- 0b0)
mem[X,0x00000000800036F0] -> 0x006F
mem[X,0x00000000800036F2] -> 0x0380
[3518] [M]: 0x00000000800036F0 (0x0380006F) jal x0, 0x38                            rvtest_code_end+0

mem[X,0x0000000080003728] -> 0x0093
mem[X,0x000000008000372A] -> 0x0010
[3519] [M]: 0x0000000080003728 (0x00100093) addi x1, x0, 0x1                        exit_cleanup+0
x1 <- 0x0000000000000001

clint mtime 0x00000000000006E0 (mip.MTI <- 0b1, mip.STI <- 0b0)
mem[X,0x000000008000372C] -> 0x1397
mem[X,0x000000008000372E] -> 0x0000
[3520] [M]: 0x000000008000372C (0x00001397) auipc x7, 0x1                           exit_cleanup+4
x7 <- 0x000000008000472C

mem[X,0x0000000080003730] -> 0xAA23
mem[X,0x0000000080003732] -> 0x8C13
[3521] [M]: 0x0000000080003730 (0x8C13AA23) sw x1, -0x72c(x7)                       exit_cleanup+8
htif[0x0000000080004000] <- 0x00000001
mem[W,0x0000000080004000] <- 0x00000001

clint mtime 0x00000000000006E1 (mip.MTI <- 0b1, mip.STI <- 0b0)
mem[X,0x0000000080003734] -> 0xF06F
mem[X,0x0000000080003736] -> 0xFF9F
[3522] [M]: 0x0000000080003734 (0xFF9FF06F) jal x0, -0x8                            exit_cleanup+12

mem[X,0x000000008000372C] -> 0x1397
mem[X,0x000000008000372E] -> 0x0000
[3523] [M]: 0x000000008000372C (0x00001397) auipc x7, 0x1                           exit_cleanup+4
x7 <- 0x000000008000472C

clint mtime 0x00000000000006E2 (mip.MTI <- 0b1, mip.STI <- 0b0)
mem[X,0x0000000080003730] -> 0xAA23
mem[X,0x0000000080003732] -> 0x8C13
[3524] [M]: 0x0000000080003730 (0x8C13AA23) sw x1, -0x72c(x7)                       exit_cleanup+8
htif[0x0000000080004000] <- 0x00000001
mem[W,0x0000000080004000] <- 0x00000001

mem[X,0x0000000080003734] -> 0xF06F
mem[X,0x0000000080003736] -> 0xFF9F
[3525] [M]: 0x0000000080003734 (0xFF9FF06F) jal x0, -0x8                            exit_cleanup+12

clint mtime 0x00000000000006E3 (mip.MTI <- 0b1, mip.STI <- 0b0)
mem[X,0x000000008000372C] -> 0x1397
mem[X,0x000000008000372E] -> 0x0000
[3526] [M]: 0x000000008000372C (0x00001397) auipc x7, 0x1                           exit_cleanup+4
x7 <- 0x000000008000472C

mem[X,0x0000000080003730] -> 0xAA23
mem[X,0x0000000080003732] -> 0x8C13
[3527] [M]: 0x0000000080003730 (0x8C13AA23) sw x1, -0x72c(x7)                       exit_cleanup+8
htif[0x0000000080004000] <- 0x00000001
htif-syscall-proxy cmd: 0x000000000001
mem[W,0x0000000080004000] <- 0x00000001

SUCCESS
clint mtime 0x00000000000006E4 (mip.MTI <- 0b1, mip.STI <- 0b0)
