using /opt/riscv-arch-test/riscof-plugins/rv64/riscof_work/pmp/src/pmpzcd_legal_lwxr.S/ref/Reference-sail_c_simulator.signature for test-signature output.
setting signature-granularity to 8 bytes
HTIF located at 0x80004000
begin_signature: 0x80006210
end_signature: 0x80006b30
Entry point: 0x80000000
CSR mstatus (0x300) <- 0x0000000A00000000
CSR misa (0x301) <- 0x800000000034112F
CSR mcause (0x342) <- 0x0000000000000000
x10 <- 0x0000000000000000
x11 <- 0x0000000000001000
mem[X,0x0000000080000000] -> 0x5317
mem[X,0x0000000080000002] -> 0x0000
[0] [M]: 0x0000000080000000 (0x00005317) auipc x6, 0x5                              rvtest_init+0
x6 <- 0x0000000080005000

mem[X,0x0000000080000004] -> 0x0313
mem[X,0x0000000080000006] -> 0x0003
[1] [M]: 0x0000000080000004 (0x00030313) addi x6, x6, 0x0                           rvtest_init+4
x6 <- 0x0000000080005000

clint mtime 0x0000000000000001 (mip.MTI <- 0b1, mip.STI <- 0b0)
mem[X,0x0000000080000008] -> 0x0013
mem[X,0x000000008000000A] -> 0x0000
[2] [M]: 0x0000000080000008 (0x00000013) addi x0, x0, 0x0                           rvtest_init+8

mem[X,0x000000008000000C] -> 0x0013
mem[X,0x000000008000000E] -> 0x0000
[3] [M]: 0x000000008000000C (0x00000013) addi x0, x0, 0x0                           rvtest_init+12

clint mtime 0x0000000000000002 (mip.MTI <- 0b1, mip.STI <- 0b0)
mem[X,0x0000000080000010] -> 0x0013
mem[X,0x0000000080000012] -> 0x0000
[4] [M]: 0x0000000080000010 (0x00000013) addi x0, x0, 0x0                           rvtest_init+16

mem[X,0x0000000080000014] -> 0x0013
mem[X,0x0000000080000016] -> 0x0000
[5] [M]: 0x0000000080000014 (0x00000013) addi x0, x0, 0x0                           rvtest_init+20

clint mtime 0x0000000000000003 (mip.MTI <- 0b1, mip.STI <- 0b0)
mem[X,0x0000000080000018] -> 0x0013
mem[X,0x000000008000001A] -> 0x0000
[6] [M]: 0x0000000080000018 (0x00000013) addi x0, x0, 0x0                           rvtest_init+24

mem[X,0x000000008000001C] -> 0x0013
mem[X,0x000000008000001E] -> 0x0000
[7] [M]: 0x000000008000001C (0x00000013) addi x0, x0, 0x0                           rvtest_init+28

clint mtime 0x0000000000000004 (mip.MTI <- 0b1, mip.STI <- 0b0)
mem[X,0x0000000080000020] -> 0x1473
mem[X,0x0000000080000022] -> 0x3403
[8] [M]: 0x0000000080000020 (0x34031473) csrrw x8, mscratch, x6                     init_Mscratch+0
CSR mscratch (0x340) <- 0x0000000080005000
x8 <- 0x0000000000000000

mem[X,0x0000000080000024] -> 0x3823
mem[X,0x0000000080000026] -> 0x2483
[9] [M]: 0x0000000080000024 (0x24833823) sd x8, 0x250(x6)                           init_Mscratch+4
mem[W,0x0000000080005250] <- 0x0000000000000000

clint mtime 0x0000000000000005 (mip.MTI <- 0b1, mip.STI <- 0b0)
mem[X,0x0000000080000028] -> 0x0393
mem[X,0x000000008000002A] -> 0x0000
[10] [M]: 0x0000000080000028 (0x00000393) addi x7, x0, 0x0                          init_Medeleg+0
x7 <- 0x0000000000000000

mem[X,0x000000008000002C] -> 0x93F3
mem[X,0x000000008000002E] -> 0x3023
[11] [M]: 0x000000008000002C (0x302393F3) csrrw x7, medeleg, x7                     init_Medeleg+4
CSR medeleg (0x302) <- 0x0000000000000000
x7 <- 0x0000000000000000

clint mtime 0x0000000000000006 (mip.MTI <- 0b1, mip.STI <- 0b0)
mem[X,0x0000000080000030] -> 0x3C23
mem[X,0x0000000080000032] -> 0x2273
[12] [M]: 0x0000000080000030 (0x22733C23) sd x7, 0x238(x6)                          init_Medeleg+8
mem[W,0x0000000080005238] <- 0x0000000000000000

mem[X,0x0000000080000034] -> 0x2473
mem[X,0x0000000080000036] -> 0x3050
[13] [M]: 0x0000000080000034 (0x30502473) csrrs x8, mtvec, x0                       init_Mtvec+0
CSR mtvec (0x305) -> 0x0000000000000000
x8 <- 0x0000000000000000

clint mtime 0x0000000000000007 (mip.MTI <- 0b1, mip.STI <- 0b0)
mem[X,0x0000000080000038] -> 0x3423
mem[X,0x000000008000003A] -> 0x2483
[14] [M]: 0x0000000080000038 (0x24833423) sd x8, 0x248(x6)                          init_Mtvec+4
mem[W,0x0000000080005248] <- 0x0000000000000000

mem[X,0x000000008000003C] -> 0x7393
mem[X,0x000000008000003E] -> 0x0034
[15] [M]: 0x000000008000003C (0x00347393) andi x7, x8, 0x3                          init_Mtvec+8
x7 <- 0x0000000000000000

clint mtime 0x0000000000000008 (mip.MTI <- 0b1, mip.STI <- 0b0)
mem[X,0x0000000080000040] -> 0x3483
mem[X,0x0000000080000042] -> 0x2303
[16] [M]: 0x0000000080000040 (0x23033483) ld x9, 0x230(x6)                          init_Mtvec+12
mem[R,0x0000000080005230] -> 0x00000000800022D4
x9 <- 0x00000000800022D4

mem[X,0x0000000080000044] -> 0x8493
mem[X,0x0000000080000046] -> 0xE2C4
[17] [M]: 0x0000000080000044 (0xE2C48493) addi x9, x9, -0x1d4                       init_Mtvec+16
x9 <- 0x0000000080002100

clint mtime 0x0000000000000009 (mip.MTI <- 0b1, mip.STI <- 0b0)
mem[X,0x0000000080000048] -> 0xE3B3
mem[X,0x000000008000004A] -> 0x0074
[18] [M]: 0x0000000080000048 (0x0074E3B3) or x7, x9, x7                             init_Mtvec+20
x7 <- 0x0000000080002100

mem[X,0x000000008000004C] -> 0x3023
mem[X,0x000000008000004E] -> 0x2473
[19] [M]: 0x000000008000004C (0x24733023) sd x7, 0x240(x6)                          init_Mtvec+24
mem[W,0x0000000080005240] <- 0x0000000080002100

clint mtime 0x000000000000000A (mip.MTI <- 0b1, mip.STI <- 0b0)
mem[X,0x0000000080000050] -> 0x9073
mem[X,0x0000000080000052] -> 0x3053
[20] [M]: 0x0000000080000050 (0x30539073) csrrw x0, mtvec, x7                       init_Mtvec+28
CSR mtvec (0x305) <- 0x0000000080002100

mem[X,0x0000000080000054] -> 0x2573
mem[X,0x0000000080000056] -> 0x3050
[21] [M]: 0x0000000080000054 (0x30502573) csrrs x10, mtvec, x0                      init_Mtvec+32
CSR mtvec (0x305) -> 0x0000000080002100
x10 <- 0x0000000080002100

clint mtime 0x000000000000000B (mip.MTI <- 0b1, mip.STI <- 0b0)
mem[X,0x0000000080000058] -> 0x0663
mem[X,0x000000008000005A] -> 0x0875
[22] [M]: 0x0000000080000058 (0x08750663) beq x10, x7, 0x8c                         init_Mtvec+36

mem[X,0x00000000800000E4] -> 0x0013
mem[X,0x00000000800000E6] -> 0x0000
[23] [M]: 0x00000000800000E4 (0x00000013) addi x0, x0, 0x0                          rvtest_Mprolog_done+0

clint mtime 0x000000000000000C (mip.MTI <- 0b1, mip.STI <- 0b0)
mem[X,0x00000000800000E8] -> 0x0013
mem[X,0x00000000800000EA] -> 0x0000
[24] [M]: 0x00000000800000E8 (0x00000013) addi x0, x0, 0x0                          rvtest_Mprolog_done+4

mem[X,0x00000000800000EC] -> 0x0013
mem[X,0x00000000800000EE] -> 0x0000
[25] [M]: 0x00000000800000EC (0x00000013) addi x0, x0, 0x0                          rvtest_Mprolog_done+8

clint mtime 0x000000000000000D (mip.MTI <- 0b1, mip.STI <- 0b0)
mem[X,0x00000000800000F0] -> 0x0013
mem[X,0x00000000800000F2] -> 0x0000
[26] [M]: 0x00000000800000F0 (0x00000013) addi x0, x0, 0x0                          rvtest_Mprolog_done+12

mem[X,0x00000000800000F4] -> 0x0013
mem[X,0x00000000800000F6] -> 0x0000
[27] [M]: 0x00000000800000F4 (0x00000013) addi x0, x0, 0x0                          rvtest_Mprolog_done+16

clint mtime 0x000000000000000E (mip.MTI <- 0b1, mip.STI <- 0b0)
mem[X,0x00000000800000F8] -> 0x0013
mem[X,0x00000000800000FA] -> 0x0000
[28] [M]: 0x00000000800000F8 (0x00000013) addi x0, x0, 0x0                          rvtest_Mprolog_done+20

mem[X,0x00000000800000FC] -> 0x0013
mem[X,0x00000000800000FE] -> 0x0000
[29] [M]: 0x00000000800000FC (0x00000013) addi x0, x0, 0x0                          rvtest_Mprolog_done+24

clint mtime 0x000000000000000F (mip.MTI <- 0b1, mip.STI <- 0b0)
mem[X,0x0000000080000100] -> 0x5317
mem[X,0x0000000080000102] -> 0x0000
[30] [M]: 0x0000000080000100 (0x00005317) auipc x6, 0x5                             rvtest_Mprolog_done+28
x6 <- 0x0000000080005100

mem[X,0x0000000080000104] -> 0x0313
mem[X,0x0000000080000106] -> 0x1983
[31] [M]: 0x0000000080000104 (0x19830313) addi x6, x6, 0x198                        rvtest_Mprolog_done+32
x6 <- 0x0000000080005298

clint mtime 0x0000000000000010 (mip.MTI <- 0b1, mip.STI <- 0b0)
mem[X,0x0000000080000108] -> 0x0001
[32] [M]: 0x0000000080000108 (0x0001) c.nop                                         rvtest_Mprolog_done+36

mem[X,0x000000008000010A] -> 0x0013
mem[X,0x000000008000010C] -> 0x0000
[33] [M]: 0x000000008000010A (0x00000013) addi x0, x0, 0x0                          rvtest_Mprolog_done+38

clint mtime 0x0000000000000011 (mip.MTI <- 0b1, mip.STI <- 0b0)
mem[X,0x000000008000010E] -> 0x0013
mem[X,0x0000000080000110] -> 0x0000
[34] [M]: 0x000000008000010E (0x00000013) addi x0, x0, 0x0                          rvtest_Mprolog_done+42

mem[X,0x0000000080000112] -> 0x0013
mem[X,0x0000000080000114] -> 0x0000
[35] [M]: 0x0000000080000112 (0x00000013) addi x0, x0, 0x0                          rvtest_Mprolog_done+46

clint mtime 0x0000000000000012 (mip.MTI <- 0b1, mip.STI <- 0b0)
mem[X,0x0000000080000116] -> 0x0013
mem[X,0x0000000080000118] -> 0x0000
[36] [M]: 0x0000000080000116 (0x00000013) addi x0, x0, 0x0                          rvtest_Mprolog_done+50

mem[X,0x000000008000011A] -> 0x0013
mem[X,0x000000008000011C] -> 0x0000
[37] [M]: 0x000000008000011A (0x00000013) addi x0, x0, 0x0                          rvtest_Mprolog_done+54

clint mtime 0x0000000000000013 (mip.MTI <- 0b1, mip.STI <- 0b0)
mem[X,0x000000008000011E] -> 0x0001
[38] [M]: 0x000000008000011E (0x0001) c.nop                                         rvtest_Mprolog_done+58

mem[X,0x0000000080000120] -> 0x1473
mem[X,0x0000000080000122] -> 0x1403
[39] [M]: 0x0000000080000120 (0x14031473) csrrw x8, sscratch, x6                    init_Sscratch+0
CSR sscratch (0x140) <- 0x0000000080005298
x8 <- 0x0000000000000000

clint mtime 0x0000000000000014 (mip.MTI <- 0b1, mip.STI <- 0b0)
mem[X,0x0000000080000124] -> 0x3823
mem[X,0x0000000080000126] -> 0x2483
[40] [M]: 0x0000000080000124 (0x24833823) sd x8, 0x250(x6)                          init_Sscratch+4
mem[W,0x00000000800054E8] <- 0x0000000000000000

mem[X,0x0000000080000128] -> 0x0393
mem[X,0x000000008000012A] -> 0x0000
[41] [M]: 0x0000000080000128 (0x00000393) addi x7, x0, 0x0                          init_Sedeleg+0
x7 <- 0x0000000000000000

clint mtime 0x0000000000000015 (mip.MTI <- 0b1, mip.STI <- 0b0)
mem[X,0x000000008000012C] -> 0x3C23
mem[X,0x000000008000012E] -> 0x2273
[42] [M]: 0x000000008000012C (0x22733C23) sd x7, 0x238(x6)                          init_Sedeleg+4
mem[W,0x00000000800054D0] <- 0x0000000000000000

mem[X,0x0000000080000130] -> 0x0013
mem[X,0x0000000080000132] -> 0x0000
[43] [M]: 0x0000000080000130 (0x00000013) addi x0, x0, 0x0                          init_Ssatp+0

clint mtime 0x0000000000000016 (mip.MTI <- 0b1, mip.STI <- 0b0)
mem[X,0x0000000080000134] -> 0x0013
mem[X,0x0000000080000136] -> 0x0000
[44] [M]: 0x0000000080000134 (0x00000013) addi x0, x0, 0x0                          init_Ssatp+4

mem[X,0x0000000080000138] -> 0x0013
mem[X,0x000000008000013A] -> 0x0000
[45] [M]: 0x0000000080000138 (0x00000013) addi x0, x0, 0x0                          init_Ssatp+8

clint mtime 0x0000000000000017 (mip.MTI <- 0b1, mip.STI <- 0b0)
mem[X,0x000000008000013C] -> 0x0013
mem[X,0x000000008000013E] -> 0x0000
[46] [M]: 0x000000008000013C (0x00000013) addi x0, x0, 0x0                          init_Ssatp+12

mem[X,0x0000000080000140] -> 0x6497
mem[X,0x0000000080000142] -> 0x0000
[47] [M]: 0x0000000080000140 (0x00006497) auipc x9, 0x6                             init_Ssatp+16
x9 <- 0x0000000080006140

clint mtime 0x0000000000000018 (mip.MTI <- 0b1, mip.STI <- 0b0)
mem[X,0x0000000080000144] -> 0x8493
mem[X,0x0000000080000146] -> 0xEC04
[48] [M]: 0x0000000080000144 (0xEC048493) addi x9, x9, -0x140                       init_Ssatp+20
x9 <- 0x0000000080006000

mem[X,0x0000000080000148] -> 0x0001
[49] [M]: 0x0000000080000148 (0x0001) c.nop                                         init_Ssatp+24

clint mtime 0x0000000000000019 (mip.MTI <- 0b1, mip.STI <- 0b0)
mem[X,0x000000008000014A] -> 0x0013
mem[X,0x000000008000014C] -> 0x0000
[50] [M]: 0x000000008000014A (0x00000013) addi x0, x0, 0x0                          init_Ssatp+26

mem[X,0x000000008000014E] -> 0x0013
mem[X,0x0000000080000150] -> 0x0000
[51] [M]: 0x000000008000014E (0x00000013) addi x0, x0, 0x0                          init_Ssatp+30

clint mtime 0x000000000000001A (mip.MTI <- 0b1, mip.STI <- 0b0)
mem[X,0x0000000080000152] -> 0x0013
mem[X,0x0000000080000154] -> 0x0000
[52] [M]: 0x0000000080000152 (0x00000013) addi x0, x0, 0x0                          init_Ssatp+34

mem[X,0x0000000080000156] -> 0x0013
mem[X,0x0000000080000158] -> 0x0000
[53] [M]: 0x0000000080000156 (0x00000013) addi x0, x0, 0x0                          init_Ssatp+38

clint mtime 0x000000000000001B (mip.MTI <- 0b1, mip.STI <- 0b0)
mem[X,0x000000008000015A] -> 0x0013
mem[X,0x000000008000015C] -> 0x0000
[54] [M]: 0x000000008000015A (0x00000013) addi x0, x0, 0x0                          init_Ssatp+42

mem[X,0x000000008000015E] -> 0x0001
[55] [M]: 0x000000008000015E (0x0001) c.nop                                         init_Ssatp+46

clint mtime 0x000000000000001C (mip.MTI <- 0b1, mip.STI <- 0b0)
mem[X,0x0000000080000160] -> 0xD493
mem[X,0x0000000080000162] -> 0x00C4
[56] [M]: 0x0000000080000160 (0x00C4D493) srli x9, x9, 0xc                          init_Ssatp+48
x9 <- 0x0000000000080006

mem[X,0x0000000080000164] -> 0x0413
mem[X,0x0000000080000166] -> 0xFFF0
[57] [M]: 0x0000000080000164 (0xFFF00413) addi x8, x0, -0x1                         init_Ssatp+52
x8 <- 0xFFFFFFFFFFFFFFFF

clint mtime 0x000000000000001D (mip.MTI <- 0b1, mip.STI <- 0b0)
mem[X,0x0000000080000168] -> 0x1413
mem[X,0x000000008000016A] -> 0x03F4
[58] [M]: 0x0000000080000168 (0x03F41413) slli x8, x8, 0x3f                         init_Ssatp+56
x8 <- 0x8000000000000000

mem[X,0x000000008000016C] -> 0xE4B3
mem[X,0x000000008000016E] -> 0x0084
[59] [M]: 0x000000008000016C (0x0084E4B3) or x9, x9, x8                             init_Ssatp+60
x9 <- 0x8000000000080006

clint mtime 0x000000000000001E (mip.MTI <- 0b1, mip.STI <- 0b0)
mem[X,0x0000000080000170] -> 0x94F3
mem[X,0x0000000080000172] -> 0x1804
[60] [M]: 0x0000000080000170 (0x180494F3) csrrw x9, satp, x9                        init_Ssatp+64
CSR satp (0x180) <- 0x8000000000080006
x9 <- 0x0000000000000000

mem[X,0x0000000080000174] -> 0x3023
mem[X,0x0000000080000176] -> 0x2293
[61] [M]: 0x0000000080000174 (0x22933023) sd x9, 0x220(x6)                          init_Ssatp+68
mem[W,0x00000000800054B8] <- 0x0000000000000000

clint mtime 0x000000000000001F (mip.MTI <- 0b1, mip.STI <- 0b0)
mem[X,0x0000000080000178] -> 0x2473
mem[X,0x000000008000017A] -> 0x1050
[62] [M]: 0x0000000080000178 (0x10502473) csrrs x8, stvec, x0                       init_Stvec+0
CSR stvec (0x105) -> 0x0000000000000000
x8 <- 0x0000000000000000

mem[X,0x000000008000017C] -> 0x3423
mem[X,0x000000008000017E] -> 0x2483
[63] [M]: 0x000000008000017C (0x24833423) sd x8, 0x248(x6)                          init_Stvec+4
mem[W,0x00000000800054E0] <- 0x0000000000000000

clint mtime 0x0000000000000020 (mip.MTI <- 0b1, mip.STI <- 0b0)
mem[X,0x0000000080000180] -> 0x7393
mem[X,0x0000000080000182] -> 0x0034
[64] [M]: 0x0000000080000180 (0x00347393) andi x7, x8, 0x3                          init_Stvec+8
x7 <- 0x0000000000000000

mem[X,0x0000000080000184] -> 0x3483
mem[X,0x0000000080000186] -> 0x2303
[65] [M]: 0x0000000080000184 (0x23033483) ld x9, 0x230(x6)                          init_Stvec+12
mem[R,0x00000000800054C8] -> 0x0000000080002C14
x9 <- 0x0000000080002C14

clint mtime 0x0000000000000021 (mip.MTI <- 0b1, mip.STI <- 0b0)
mem[X,0x0000000080000188] -> 0x8493
mem[X,0x000000008000018A] -> 0xE2C4
[66] [M]: 0x0000000080000188 (0xE2C48493) addi x9, x9, -0x1d4                       init_Stvec+16
x9 <- 0x0000000080002A40

mem[X,0x000000008000018C] -> 0xE3B3
mem[X,0x000000008000018E] -> 0x0074
[67] [M]: 0x000000008000018C (0x0074E3B3) or x7, x9, x7                             init_Stvec+20
x7 <- 0x0000000080002A40

clint mtime 0x0000000000000022 (mip.MTI <- 0b1, mip.STI <- 0b0)
mem[X,0x0000000080000190] -> 0x3023
mem[X,0x0000000080000192] -> 0x2473
[68] [M]: 0x0000000080000190 (0x24733023) sd x7, 0x240(x6)                          init_Stvec+24
mem[W,0x00000000800054D8] <- 0x0000000080002A40

mem[X,0x0000000080000194] -> 0x9073
mem[X,0x0000000080000196] -> 0x1053
[69] [M]: 0x0000000080000194 (0x10539073) csrrw x0, stvec, x7                       init_Stvec+28
CSR stvec (0x105) <- 0x0000000080002A40

clint mtime 0x0000000000000023 (mip.MTI <- 0b1, mip.STI <- 0b0)
mem[X,0x0000000080000198] -> 0x2573
mem[X,0x000000008000019A] -> 0x1050
[70] [M]: 0x0000000080000198 (0x10502573) csrrs x10, stvec, x0                      init_Stvec+32
CSR stvec (0x105) -> 0x0000000080002A40
x10 <- 0x0000000080002A40

mem[X,0x000000008000019C] -> 0x0463
mem[X,0x000000008000019E] -> 0x0875
[71] [M]: 0x000000008000019C (0x08750463) beq x10, x7, 0x88                         init_Stvec+36

clint mtime 0x0000000000000024 (mip.MTI <- 0b1, mip.STI <- 0b0)
mem[X,0x0000000080000224] -> 0x0093
mem[X,0x0000000080000226] -> 0x0000
[72] [M]: 0x0000000080000224 (0x00000093) addi x1, x0, 0x0                          rvtest_entrypoint+0
x1 <- 0x0000000000000000

mem[X,0x0000000080000228] -> 0x9073
mem[X,0x000000008000022A] -> 0x3000
[73] [M]: 0x0000000080000228 (0x30009073) csrrw x0, mstatus, x1                     rvtest_entrypoint+4
CSR mstatus (0x300) <- 0x0000000A00000000

clint mtime 0x0000000000000025 (mip.MTI <- 0b1, mip.STI <- 0b0)
mem[X,0x000000008000022C] -> 0x9073
mem[X,0x000000008000022E] -> 0x3410
[74] [M]: 0x000000008000022C (0x34109073) csrrw x0, mepc, x1                        rvtest_entrypoint+8
CSR mepc (0x341) <- 0x0000000000000000

mem[X,0x0000000080000230] -> 0x9073
mem[X,0x0000000080000232] -> 0x3440
[75] [M]: 0x0000000080000230 (0x34409073) csrrw x0, mip, x1                         rvtest_entrypoint+12
CSR mip (0x344) <- 0x0000000000000080

clint mtime 0x0000000000000026 (mip.MTI <- 0b1, mip.STI <- 0b0)
mem[X,0x0000000080000234] -> 0x9073
mem[X,0x0000000080000236] -> 0x3430
[76] [M]: 0x0000000080000234 (0x34309073) csrrw x0, mtval, x1                       rvtest_entrypoint+16
CSR mtval (0x343) <- 0x0000000000000000

mem[X,0x0000000080000238] -> 0x9073
mem[X,0x000000008000023A] -> 0x3420
[77] [M]: 0x0000000080000238 (0x34209073) csrrw x0, mcause, x1                      rvtest_entrypoint+20
CSR mcause (0x342) <- 0x0000000000000000

clint mtime 0x0000000000000027 (mip.MTI <- 0b1, mip.STI <- 0b0)
mem[X,0x000000008000023C] -> 0x0837
mem[X,0x000000008000023E] -> 0x7D5C
[78] [M]: 0x000000008000023C (0x7D5C0837) lui x16, 0x7d5c0                          rvtest_entrypoint+24
x16 <- 0x000000007D5C0000

mem[X,0x0000000080000240] -> 0x0813
mem[X,0x0000000080000242] -> 0xDDB8
[79] [M]: 0x0000000080000240 (0xDDB80813) addi x16, x16, -0x225                     rvtest_entrypoint+28
x16 <- 0x000000007D5BFDDB

clint mtime 0x0000000000000028 (mip.MTI <- 0b1, mip.STI <- 0b0)
mem[X,0x0000000080000244] -> 0x1813
mem[X,0x0000000080000246] -> 0x00B8
[80] [M]: 0x0000000080000244 (0x00B81813) slli x16, x16, 0xb                        rvtest_entrypoint+32
x16 <- 0x000003EADFEED800

mem[X,0x0000000080000248] -> 0x0813
mem[X,0x000000008000024A] -> 0x3EA8
[81] [M]: 0x0000000080000248 (0x3EA80813) addi x16, x16, 0x3ea                      rvtest_entrypoint+36
x16 <- 0x000003EADFEEDBEA

clint mtime 0x0000000000000029 (mip.MTI <- 0b1, mip.STI <- 0b0)
mem[X,0x000000008000024C] -> 0x1813
mem[X,0x000000008000024E] -> 0x00B8
[82] [M]: 0x000000008000024C (0x00B81813) slli x16, x16, 0xb                        rvtest_entrypoint+40
x16 <- 0x001F56FF76DF5000

mem[X,0x0000000080000250] -> 0x0813
mem[X,0x0000000080000252] -> 0x6FF8
[83] [M]: 0x0000000080000250 (0x6FF80813) addi x16, x16, 0x6ff                      rvtest_entrypoint+44
x16 <- 0x001F56FF76DF56FF

clint mtime 0x000000000000002A (mip.MTI <- 0b1, mip.STI <- 0b0)
mem[X,0x0000000080000254] -> 0x1813
mem[X,0x0000000080000256] -> 0x00A8
[84] [M]: 0x0000000080000254 (0x00A81813) slli x16, x16, 0xa                        rvtest_entrypoint+48
x16 <- 0x7D5BFDDB7D5BFC00

mem[X,0x0000000080000258] -> 0x0813
mem[X,0x000000008000025A] -> 0x1DB8
[85] [M]: 0x0000000080000258 (0x1DB80813) addi x16, x16, 0x1db                      rvtest_entrypoint+52
x16 <- 0x7D5BFDDB7D5BFDDB

clint mtime 0x000000000000002B (mip.MTI <- 0b1, mip.STI <- 0b0)
mem[X,0x000000008000025C] -> 0x5893
mem[X,0x000000008000025E] -> 0x0078
[86] [M]: 0x000000008000025C (0x00785893) srli x17, x16, 0x7                        rvtest_entrypoint+56
x17 <- 0x00FAB7FBB6FAB7FB

mem[X,0x0000000080000260] -> 0x5793
mem[X,0x0000000080000262] -> 0x0398
[87] [M]: 0x0000000080000260 (0x03985793) srli x15, x16, 0x39                       rvtest_entrypoint+60
x15 <- 0x000000000000003E

clint mtime 0x000000000000002C (mip.MTI <- 0b1, mip.STI <- 0b0)
mem[X,0x0000000080000264] -> 0xE8B3
mem[X,0x0000000080000266] -> 0x00F8
[88] [M]: 0x0000000080000264 (0x00F8E8B3) or x17, x17, x15                          rvtest_entrypoint+64
x17 <- 0x00FAB7FBB6FAB7FF

mem[X,0x0000000080000268] -> 0xD913
mem[X,0x000000008000026A] -> 0x0078
[89] [M]: 0x0000000080000268 (0x0078D913) srli x18, x17, 0x7                        rvtest_entrypoint+68
x18 <- 0x0001F56FF76DF56F

clint mtime 0x000000000000002D (mip.MTI <- 0b1, mip.STI <- 0b0)
mem[X,0x000000008000026C] -> 0xD793
mem[X,0x000000008000026E] -> 0x0398
[90] [M]: 0x000000008000026C (0x0398D793) srli x15, x17, 0x39                       rvtest_entrypoint+72
x15 <- 0x0000000000000000

mem[X,0x0000000080000270] -> 0x6933
mem[X,0x0000000080000272] -> 0x00F9
[91] [M]: 0x0000000080000270 (0x00F96933) or x18, x18, x15                          rvtest_entrypoint+76
x18 <- 0x0001F56FF76DF56F

clint mtime 0x000000000000002E (mip.MTI <- 0b1, mip.STI <- 0b0)
mem[X,0x0000000080000274] -> 0x5993
mem[X,0x0000000080000276] -> 0x0079
[92] [M]: 0x0000000080000274 (0x00795993) srli x19, x18, 0x7                        rvtest_entrypoint+80
x19 <- 0x000003EADFEEDBEA

mem[X,0x0000000080000278] -> 0x5793
mem[X,0x000000008000027A] -> 0x0399
[93] [M]: 0x0000000080000278 (0x03995793) srli x15, x18, 0x39                       rvtest_entrypoint+84
x15 <- 0x0000000000000000

clint mtime 0x000000000000002F (mip.MTI <- 0b1, mip.STI <- 0b0)
mem[X,0x000000008000027C] -> 0xE9B3
mem[X,0x000000008000027E] -> 0x00F9
[94] [M]: 0x000000008000027C (0x00F9E9B3) or x19, x19, x15                          rvtest_entrypoint+88
x19 <- 0x000003EADFEEDBEA

mem[X,0x0000000080000280] -> 0xDA13
mem[X,0x0000000080000282] -> 0x0079
[95] [M]: 0x0000000080000280 (0x0079DA13) srli x20, x19, 0x7                        rvtest_entrypoint+92
x20 <- 0x00000007D5BFDDB7

clint mtime 0x0000000000000030 (mip.MTI <- 0b1, mip.STI <- 0b0)
mem[X,0x0000000080000284] -> 0xD793
mem[X,0x0000000080000286] -> 0x0399
[96] [M]: 0x0000000080000284 (0x0399D793) srli x15, x19, 0x39                       rvtest_entrypoint+96
x15 <- 0x0000000000000000

mem[X,0x0000000080000288] -> 0x6A33
mem[X,0x000000008000028A] -> 0x00FA
[97] [M]: 0x0000000080000288 (0x00FA6A33) or x20, x20, x15                          rvtest_entrypoint+100
x20 <- 0x00000007D5BFDDB7

clint mtime 0x0000000000000031 (mip.MTI <- 0b1, mip.STI <- 0b0)
mem[X,0x000000008000028C] -> 0x5A93
mem[X,0x000000008000028E] -> 0x007A
[98] [M]: 0x000000008000028C (0x007A5A93) srli x21, x20, 0x7                        rvtest_entrypoint+104
x21 <- 0x000000000FAB7FBB

mem[X,0x0000000080000290] -> 0x5793
mem[X,0x0000000080000292] -> 0x039A
[99] [M]: 0x0000000080000290 (0x039A5793) srli x15, x20, 0x39                       rvtest_entrypoint+108
x15 <- 0x0000000000000000

clint mtime 0x0000000000000032 (mip.MTI <- 0b1, mip.STI <- 0b0)
mem[X,0x0000000080000294] -> 0xEAB3
mem[X,0x0000000080000296] -> 0x00FA
[100] [M]: 0x0000000080000294 (0x00FAEAB3) or x21, x21, x15                         rvtest_entrypoint+112
x21 <- 0x000000000FAB7FBB

mem[X,0x0000000080000298] -> 0xDB13
mem[X,0x000000008000029A] -> 0x007A
[101] [M]: 0x0000000080000298 (0x007ADB13) srli x22, x21, 0x7                       rvtest_entrypoint+116
x22 <- 0x00000000001F56FF

clint mtime 0x0000000000000033 (mip.MTI <- 0b1, mip.STI <- 0b0)
mem[X,0x000000008000029C] -> 0xD793
mem[X,0x000000008000029E] -> 0x039A
[102] [M]: 0x000000008000029C (0x039AD793) srli x15, x21, 0x39                      rvtest_entrypoint+120
x15 <- 0x0000000000000000

mem[X,0x00000000800002A0] -> 0x6B33
mem[X,0x00000000800002A2] -> 0x00FB
[103] [M]: 0x00000000800002A0 (0x00FB6B33) or x22, x22, x15                         rvtest_entrypoint+124
x22 <- 0x00000000001F56FF

clint mtime 0x0000000000000034 (mip.MTI <- 0b1, mip.STI <- 0b0)
mem[X,0x00000000800002A4] -> 0x5B93
mem[X,0x00000000800002A6] -> 0x007B
[104] [M]: 0x00000000800002A4 (0x007B5B93) srli x23, x22, 0x7                       rvtest_entrypoint+128
x23 <- 0x0000000000003EAD

mem[X,0x00000000800002A8] -> 0x5793
mem[X,0x00000000800002AA] -> 0x039B
[105] [M]: 0x00000000800002A8 (0x039B5793) srli x15, x22, 0x39                      rvtest_entrypoint+132
x15 <- 0x0000000000000000

clint mtime 0x0000000000000035 (mip.MTI <- 0b1, mip.STI <- 0b0)
mem[X,0x00000000800002AC] -> 0xEBB3
mem[X,0x00000000800002AE] -> 0x00FB
[106] [M]: 0x00000000800002AC (0x00FBEBB3) or x23, x23, x15                         rvtest_entrypoint+136
x23 <- 0x0000000000003EAD

mem[X,0x00000000800002B0] -> 0xDC13
mem[X,0x00000000800002B2] -> 0x007B
[107] [M]: 0x00000000800002B0 (0x007BDC13) srli x24, x23, 0x7                       rvtest_entrypoint+140
x24 <- 0x000000000000007D

clint mtime 0x0000000000000036 (mip.MTI <- 0b1, mip.STI <- 0b0)
mem[X,0x00000000800002B4] -> 0xD793
mem[X,0x00000000800002B6] -> 0x039B
[108] [M]: 0x00000000800002B4 (0x039BD793) srli x15, x23, 0x39                      rvtest_entrypoint+144
x15 <- 0x0000000000000000

mem[X,0x00000000800002B8] -> 0x6C33
mem[X,0x00000000800002BA] -> 0x00FC
[109] [M]: 0x00000000800002B8 (0x00FC6C33) or x24, x24, x15                         rvtest_entrypoint+148
x24 <- 0x000000000000007D

clint mtime 0x0000000000000037 (mip.MTI <- 0b1, mip.STI <- 0b0)
mem[X,0x00000000800002BC] -> 0x5C93
mem[X,0x00000000800002BE] -> 0x007C
[110] [M]: 0x00000000800002BC (0x007C5C93) srli x25, x24, 0x7                       rvtest_entrypoint+152
x25 <- 0x0000000000000000

mem[X,0x00000000800002C0] -> 0x5793
mem[X,0x00000000800002C2] -> 0x039C
[111] [M]: 0x00000000800002C0 (0x039C5793) srli x15, x24, 0x39                      rvtest_entrypoint+156
x15 <- 0x0000000000000000

clint mtime 0x0000000000000038 (mip.MTI <- 0b1, mip.STI <- 0b0)
mem[X,0x00000000800002C4] -> 0xECB3
mem[X,0x00000000800002C6] -> 0x00FC
[112] [M]: 0x00000000800002C4 (0x00FCECB3) or x25, x25, x15                         rvtest_entrypoint+160
x25 <- 0x0000000000000000

mem[X,0x00000000800002C8] -> 0xDD13
mem[X,0x00000000800002CA] -> 0x007C
[113] [M]: 0x00000000800002C8 (0x007CDD13) srli x26, x25, 0x7                       rvtest_entrypoint+164
x26 <- 0x0000000000000000

clint mtime 0x0000000000000039 (mip.MTI <- 0b1, mip.STI <- 0b0)
mem[X,0x00000000800002CC] -> 0xD793
mem[X,0x00000000800002CE] -> 0x039C
[114] [M]: 0x00000000800002CC (0x039CD793) srli x15, x25, 0x39                      rvtest_entrypoint+168
x15 <- 0x0000000000000000

mem[X,0x00000000800002D0] -> 0x6D33
mem[X,0x00000000800002D2] -> 0x00FD
[115] [M]: 0x00000000800002D0 (0x00FD6D33) or x26, x26, x15                         rvtest_entrypoint+172
x26 <- 0x0000000000000000

clint mtime 0x000000000000003A (mip.MTI <- 0b1, mip.STI <- 0b0)
mem[X,0x00000000800002D4] -> 0x5D93
mem[X,0x00000000800002D6] -> 0x007D
[116] [M]: 0x00000000800002D4 (0x007D5D93) srli x27, x26, 0x7                       rvtest_entrypoint+176
x27 <- 0x0000000000000000

mem[X,0x00000000800002D8] -> 0x5793
mem[X,0x00000000800002DA] -> 0x039D
[117] [M]: 0x00000000800002D8 (0x039D5793) srli x15, x26, 0x39                      rvtest_entrypoint+180
x15 <- 0x0000000000000000

clint mtime 0x000000000000003B (mip.MTI <- 0b1, mip.STI <- 0b0)
mem[X,0x00000000800002DC] -> 0xEDB3
mem[X,0x00000000800002DE] -> 0x00FD
[118] [M]: 0x00000000800002DC (0x00FDEDB3) or x27, x27, x15                         rvtest_entrypoint+184
x27 <- 0x0000000000000000

mem[X,0x00000000800002E0] -> 0xDE13
mem[X,0x00000000800002E2] -> 0x007D
[119] [M]: 0x00000000800002E0 (0x007DDE13) srli x28, x27, 0x7                       rvtest_entrypoint+188
x28 <- 0x0000000000000000

clint mtime 0x000000000000003C (mip.MTI <- 0b1, mip.STI <- 0b0)
mem[X,0x00000000800002E4] -> 0xD793
mem[X,0x00000000800002E6] -> 0x039D
[120] [M]: 0x00000000800002E4 (0x039DD793) srli x15, x27, 0x39                      rvtest_entrypoint+192
x15 <- 0x0000000000000000

mem[X,0x00000000800002E8] -> 0x6E33
mem[X,0x00000000800002EA] -> 0x00FE
[121] [M]: 0x00000000800002E8 (0x00FE6E33) or x28, x28, x15                         rvtest_entrypoint+196
x28 <- 0x0000000000000000

clint mtime 0x000000000000003D (mip.MTI <- 0b1, mip.STI <- 0b0)
mem[X,0x00000000800002EC] -> 0x5E93
mem[X,0x00000000800002EE] -> 0x007E
[122] [M]: 0x00000000800002EC (0x007E5E93) srli x29, x28, 0x7                       rvtest_entrypoint+200
x29 <- 0x0000000000000000

mem[X,0x00000000800002F0] -> 0x5793
mem[X,0x00000000800002F2] -> 0x039E
[123] [M]: 0x00000000800002F0 (0x039E5793) srli x15, x28, 0x39                      rvtest_entrypoint+204
x15 <- 0x0000000000000000

clint mtime 0x000000000000003E (mip.MTI <- 0b1, mip.STI <- 0b0)
mem[X,0x00000000800002F4] -> 0xEEB3
mem[X,0x00000000800002F6] -> 0x00FE
[124] [M]: 0x00000000800002F4 (0x00FEEEB3) or x29, x29, x15                         rvtest_entrypoint+208
x29 <- 0x0000000000000000

mem[X,0x00000000800002F8] -> 0xDF13
mem[X,0x00000000800002FA] -> 0x007E
[125] [M]: 0x00000000800002F8 (0x007EDF13) srli x30, x29, 0x7                       rvtest_entrypoint+212
x30 <- 0x0000000000000000

clint mtime 0x000000000000003F (mip.MTI <- 0b1, mip.STI <- 0b0)
mem[X,0x00000000800002FC] -> 0xD793
mem[X,0x00000000800002FE] -> 0x039E
[126] [M]: 0x00000000800002FC (0x039ED793) srli x15, x29, 0x39                      rvtest_entrypoint+216
x15 <- 0x0000000000000000

mem[X,0x0000000080000300] -> 0x6F33
mem[X,0x0000000080000302] -> 0x00FF
[127] [M]: 0x0000000080000300 (0x00FF6F33) or x30, x30, x15                         rvtest_entrypoint+220
x30 <- 0x0000000000000000

clint mtime 0x0000000000000040 (mip.MTI <- 0b1, mip.STI <- 0b0)
mem[X,0x0000000080000304] -> 0xC0B7
mem[X,0x0000000080000306] -> 0xFEED
[128] [M]: 0x0000000080000304 (0xFEEDC0B7) lui x1, -0x1124                          rvtest_entrypoint+224
x1 <- 0xFFFFFFFFFEEDC000

mem[X,0x0000000080000308] -> 0x8093
mem[X,0x000000008000030A] -> 0xEAD0
[129] [M]: 0x0000000080000308 (0xEAD08093) addi x1, x1, -0x153                      rvtest_entrypoint+228
x1 <- 0xFFFFFFFFFEEDBEAD

clint mtime 0x0000000000000041 (mip.MTI <- 0b1, mip.STI <- 0b0)
mem[X,0x000000008000030C] -> 0x9093
mem[X,0x000000008000030E] -> 0x00B0
[130] [M]: 0x000000008000030C (0x00B09093) slli x1, x1, 0xb                         rvtest_entrypoint+232
x1 <- 0xFFFFFFF76DF56800

mem[X,0x0000000080000310] -> 0x8093
mem[X,0x0000000080000312] -> 0x7F70
[131] [M]: 0x0000000080000310 (0x7F708093) addi x1, x1, 0x7f7                       rvtest_entrypoint+236
x1 <- 0xFFFFFFF76DF56FF7

clint mtime 0x0000000000000042 (mip.MTI <- 0b1, mip.STI <- 0b0)
mem[X,0x0000000080000314] -> 0x9093
mem[X,0x0000000080000316] -> 0x00B0
[132] [M]: 0x0000000080000314 (0x00B09093) slli x1, x1, 0xb                         rvtest_entrypoint+240
x1 <- 0xFFFFBB6FAB7FB800

mem[X,0x0000000080000318] -> 0x8093
mem[X,0x000000008000031A] -> 0x36F0
[133] [M]: 0x0000000080000318 (0x36F08093) addi x1, x1, 0x36f                       rvtest_entrypoint+244
x1 <- 0xFFFFBB6FAB7FBB6F

clint mtime 0x0000000000000043 (mip.MTI <- 0b1, mip.STI <- 0b0)
mem[X,0x000000008000031C] -> 0x9093
mem[X,0x000000008000031E] -> 0x00A0
[134] [M]: 0x000000008000031C (0x00A09093) slli x1, x1, 0xa                         rvtest_entrypoint+248
x1 <- 0xFEEDBEADFEEDBC00

mem[X,0x0000000080000320] -> 0x8093
mem[X,0x0000000080000322] -> 0x2AD0
[135] [M]: 0x0000000080000320 (0x2AD08093) addi x1, x1, 0x2ad                       rvtest_entrypoint+252
x1 <- 0xFEEDBEADFEEDBEAD

clint mtime 0x0000000000000044 (mip.MTI <- 0b1, mip.STI <- 0b0)
mem[X,0x0000000080000324] -> 0xD113
mem[X,0x0000000080000326] -> 0x0070
[136] [M]: 0x0000000080000324 (0x0070D113) srli x2, x1, 0x7                         rvtest_entrypoint+256
x2 <- 0x01FDDB7D5BFDDB7D

mem[X,0x0000000080000328] -> 0xD793
mem[X,0x000000008000032A] -> 0x0390
[137] [M]: 0x0000000080000328 (0x0390D793) srli x15, x1, 0x39                       rvtest_entrypoint+260
x15 <- 0x000000000000007F

clint mtime 0x0000000000000045 (mip.MTI <- 0b1, mip.STI <- 0b0)
mem[X,0x000000008000032C] -> 0x6133
mem[X,0x000000008000032E] -> 0x00F1
[138] [M]: 0x000000008000032C (0x00F16133) or x2, x2, x15                           rvtest_entrypoint+264
x2 <- 0x01FDDB7D5BFDDB7F

mem[X,0x0000000080000330] -> 0x5193
mem[X,0x0000000080000332] -> 0x0071
[139] [M]: 0x0000000080000330 (0x00715193) srli x3, x2, 0x7                         rvtest_entrypoint+268
x3 <- 0x0003FBB6FAB7FBB6

clint mtime 0x0000000000000046 (mip.MTI <- 0b1, mip.STI <- 0b0)
mem[X,0x0000000080000334] -> 0x5793
mem[X,0x0000000080000336] -> 0x0391
[140] [M]: 0x0000000080000334 (0x03915793) srli x15, x2, 0x39                       rvtest_entrypoint+272
x15 <- 0x0000000000000000

mem[X,0x0000000080000338] -> 0xE1B3
mem[X,0x000000008000033A] -> 0x00F1
[141] [M]: 0x0000000080000338 (0x00F1E1B3) or x3, x3, x15                           rvtest_entrypoint+276
x3 <- 0x0003FBB6FAB7FBB6

clint mtime 0x0000000000000047 (mip.MTI <- 0b1, mip.STI <- 0b0)
mem[X,0x000000008000033C] -> 0xD213
mem[X,0x000000008000033E] -> 0x0071
[142] [M]: 0x000000008000033C (0x0071D213) srli x4, x3, 0x7                         rvtest_entrypoint+280
x4 <- 0x000007F76DF56FF7

mem[X,0x0000000080000340] -> 0xD793
mem[X,0x0000000080000342] -> 0x0391
[143] [M]: 0x0000000080000340 (0x0391D793) srli x15, x3, 0x39                       rvtest_entrypoint+284
x15 <- 0x0000000000000000

clint mtime 0x0000000000000048 (mip.MTI <- 0b1, mip.STI <- 0b0)
mem[X,0x0000000080000344] -> 0x6233
mem[X,0x0000000080000346] -> 0x00F2
[144] [M]: 0x0000000080000344 (0x00F26233) or x4, x4, x15                           rvtest_entrypoint+288
x4 <- 0x000007F76DF56FF7

mem[X,0x0000000080000348] -> 0x5293
mem[X,0x000000008000034A] -> 0x0072
[145] [M]: 0x0000000080000348 (0x00725293) srli x5, x4, 0x7                         rvtest_entrypoint+292
x5 <- 0x0000000FEEDBEADF

clint mtime 0x0000000000000049 (mip.MTI <- 0b1, mip.STI <- 0b0)
mem[X,0x000000008000034C] -> 0x5793
mem[X,0x000000008000034E] -> 0x0392
[146] [M]: 0x000000008000034C (0x03925793) srli x15, x4, 0x39                       rvtest_entrypoint+296
x15 <- 0x0000000000000000

mem[X,0x0000000080000350] -> 0xE2B3
mem[X,0x0000000080000352] -> 0x00F2
[147] [M]: 0x0000000080000350 (0x00F2E2B3) or x5, x5, x15                           rvtest_entrypoint+300
x5 <- 0x0000000FEEDBEADF

clint mtime 0x000000000000004A (mip.MTI <- 0b1, mip.STI <- 0b0)
mem[X,0x0000000080000354] -> 0xD313
mem[X,0x0000000080000356] -> 0x0072
[148] [M]: 0x0000000080000354 (0x0072D313) srli x6, x5, 0x7                         rvtest_entrypoint+304
x6 <- 0x000000001FDDB7D5

mem[X,0x0000000080000358] -> 0xD793
mem[X,0x000000008000035A] -> 0x0392
[149] [M]: 0x0000000080000358 (0x0392D793) srli x15, x5, 0x39                       rvtest_entrypoint+308
x15 <- 0x0000000000000000

clint mtime 0x000000000000004B (mip.MTI <- 0b1, mip.STI <- 0b0)
mem[X,0x000000008000035C] -> 0x6333
mem[X,0x000000008000035E] -> 0x00F3
[150] [M]: 0x000000008000035C (0x00F36333) or x6, x6, x15                           rvtest_entrypoint+312
x6 <- 0x000000001FDDB7D5

mem[X,0x0000000080000360] -> 0x5393
mem[X,0x0000000080000362] -> 0x0073
[151] [M]: 0x0000000080000360 (0x00735393) srli x7, x6, 0x7                         rvtest_entrypoint+316
x7 <- 0x00000000003FBB6F

clint mtime 0x000000000000004C (mip.MTI <- 0b1, mip.STI <- 0b0)
mem[X,0x0000000080000364] -> 0x5793
mem[X,0x0000000080000366] -> 0x0393
[152] [M]: 0x0000000080000364 (0x03935793) srli x15, x6, 0x39                       rvtest_entrypoint+320
x15 <- 0x0000000000000000

mem[X,0x0000000080000368] -> 0xE3B3
mem[X,0x000000008000036A] -> 0x00F3
[153] [M]: 0x0000000080000368 (0x00F3E3B3) or x7, x7, x15                           rvtest_entrypoint+324
x7 <- 0x00000000003FBB6F

clint mtime 0x000000000000004D (mip.MTI <- 0b1, mip.STI <- 0b0)
mem[X,0x000000008000036C] -> 0xD413
mem[X,0x000000008000036E] -> 0x0073
[154] [M]: 0x000000008000036C (0x0073D413) srli x8, x7, 0x7                         rvtest_entrypoint+328
x8 <- 0x0000000000007F76

mem[X,0x0000000080000370] -> 0xD793
mem[X,0x0000000080000372] -> 0x0393
[155] [M]: 0x0000000080000370 (0x0393D793) srli x15, x7, 0x39                       rvtest_entrypoint+332
x15 <- 0x0000000000000000

clint mtime 0x000000000000004E (mip.MTI <- 0b1, mip.STI <- 0b0)
mem[X,0x0000000080000374] -> 0x6433
mem[X,0x0000000080000376] -> 0x00F4
[156] [M]: 0x0000000080000374 (0x00F46433) or x8, x8, x15                           rvtest_entrypoint+336
x8 <- 0x0000000000007F76

mem[X,0x0000000080000378] -> 0x5493
mem[X,0x000000008000037A] -> 0x0074
[157] [M]: 0x0000000080000378 (0x00745493) srli x9, x8, 0x7                         rvtest_entrypoint+340
x9 <- 0x00000000000000FE

clint mtime 0x000000000000004F (mip.MTI <- 0b1, mip.STI <- 0b0)
mem[X,0x000000008000037C] -> 0x5793
mem[X,0x000000008000037E] -> 0x0394
[158] [M]: 0x000000008000037C (0x03945793) srli x15, x8, 0x39                       rvtest_entrypoint+344
x15 <- 0x0000000000000000

mem[X,0x0000000080000380] -> 0xE4B3
mem[X,0x0000000080000382] -> 0x00F4
[159] [M]: 0x0000000080000380 (0x00F4E4B3) or x9, x9, x15                           rvtest_entrypoint+348
x9 <- 0x00000000000000FE

clint mtime 0x0000000000000050 (mip.MTI <- 0b1, mip.STI <- 0b0)
mem[X,0x0000000080000384] -> 0xD513
mem[X,0x0000000080000386] -> 0x0074
[160] [M]: 0x0000000080000384 (0x0074D513) srli x10, x9, 0x7                        rvtest_entrypoint+352
x10 <- 0x0000000000000001

mem[X,0x0000000080000388] -> 0xD793
mem[X,0x000000008000038A] -> 0x0394
[161] [M]: 0x0000000080000388 (0x0394D793) srli x15, x9, 0x39                       rvtest_entrypoint+356
x15 <- 0x0000000000000000

clint mtime 0x0000000000000051 (mip.MTI <- 0b1, mip.STI <- 0b0)
mem[X,0x000000008000038C] -> 0x6533
mem[X,0x000000008000038E] -> 0x00F5
[162] [M]: 0x000000008000038C (0x00F56533) or x10, x10, x15                         rvtest_entrypoint+360
x10 <- 0x0000000000000001

mem[X,0x0000000080000390] -> 0x5593
mem[X,0x0000000080000392] -> 0x0075
[163] [M]: 0x0000000080000390 (0x00755593) srli x11, x10, 0x7                       rvtest_entrypoint+364
x11 <- 0x0000000000000000

clint mtime 0x0000000000000052 (mip.MTI <- 0b1, mip.STI <- 0b0)
mem[X,0x0000000080000394] -> 0x5793
mem[X,0x0000000080000396] -> 0x0395
[164] [M]: 0x0000000080000394 (0x03955793) srli x15, x10, 0x39                      rvtest_entrypoint+368
x15 <- 0x0000000000000000

mem[X,0x0000000080000398] -> 0xE5B3
mem[X,0x000000008000039A] -> 0x00F5
[165] [M]: 0x0000000080000398 (0x00F5E5B3) or x11, x11, x15                         rvtest_entrypoint+372
x11 <- 0x0000000000000000

clint mtime 0x0000000000000053 (mip.MTI <- 0b1, mip.STI <- 0b0)
mem[X,0x000000008000039C] -> 0xD613
mem[X,0x000000008000039E] -> 0x0075
[166] [M]: 0x000000008000039C (0x0075D613) srli x12, x11, 0x7                       rvtest_entrypoint+376
x12 <- 0x0000000000000000

mem[X,0x00000000800003A0] -> 0xD793
mem[X,0x00000000800003A2] -> 0x0395
[167] [M]: 0x00000000800003A0 (0x0395D793) srli x15, x11, 0x39                      rvtest_entrypoint+380
x15 <- 0x0000000000000000

clint mtime 0x0000000000000054 (mip.MTI <- 0b1, mip.STI <- 0b0)
mem[X,0x00000000800003A4] -> 0x6633
mem[X,0x00000000800003A6] -> 0x00F6
[168] [M]: 0x00000000800003A4 (0x00F66633) or x12, x12, x15                         rvtest_entrypoint+384
x12 <- 0x0000000000000000

mem[X,0x00000000800003A8] -> 0x5693
mem[X,0x00000000800003AA] -> 0x0076
[169] [M]: 0x00000000800003A8 (0x00765693) srli x13, x12, 0x7                       rvtest_entrypoint+388
x13 <- 0x0000000000000000

clint mtime 0x0000000000000055 (mip.MTI <- 0b1, mip.STI <- 0b0)
mem[X,0x00000000800003AC] -> 0x5793
mem[X,0x00000000800003AE] -> 0x0396
[170] [M]: 0x00000000800003AC (0x03965793) srli x15, x12, 0x39                      rvtest_entrypoint+392
x15 <- 0x0000000000000000

mem[X,0x00000000800003B0] -> 0xE6B3
mem[X,0x00000000800003B2] -> 0x00F6
[171] [M]: 0x00000000800003B0 (0x00F6E6B3) or x13, x13, x15                         rvtest_entrypoint+396
x13 <- 0x0000000000000000

clint mtime 0x0000000000000056 (mip.MTI <- 0b1, mip.STI <- 0b0)
mem[X,0x00000000800003B4] -> 0x0513
mem[X,0x00000000800003B6] -> 0x0010
[172] [M]: 0x00000000800003B4 (0x00100513) addi x10, x0, 0x1                        rvtest_code_begin+0
x10 <- 0x0000000000000001

mem[X,0x00000000800003B8] -> 0x1513
mem[X,0x00000000800003BA] -> 0x00D5
[173] [M]: 0x00000000800003B8 (0x00D51513) slli x10, x10, 0xd                       rvtest_code_begin+4
x10 <- 0x0000000000002000

clint mtime 0x0000000000000057 (mip.MTI <- 0b1, mip.STI <- 0b0)
mem[X,0x00000000800003BC] -> 0x2073
mem[X,0x00000000800003BE] -> 0x3005
[174] [M]: 0x00000000800003BC (0x30052073) csrrs x0, mstatus, x10                   rvtest_code_begin+8
CSR mstatus (0x300) <- 0x0000000A00002000

mem[X,0x00000000800003C0] -> 0x5073
mem[X,0x00000000800003C2] -> 0x0030
[175] [M]: 0x00000000800003C0 (0x00305073) csrrwi x0, fcsr, 0x0                     rvtest_code_begin+12
CSR mstatus (0x300) <- 0x8000000A00006000
CSR fcsr (0x003) <- 0x0000000000000000

clint mtime 0x0000000000000058 (mip.MTI <- 0b1, mip.STI <- 0b0)
mem[X,0x00000000800003C4] -> 0x0013
mem[X,0x00000000800003C6] -> 0x0000
[176] [M]: 0x00000000800003C4 (0x00000013) addi x0, x0, 0x0                         rvtest_code_begin+16

mem[X,0x00000000800003C8] -> 0x0013
mem[X,0x00000000800003CA] -> 0x0000
[177] [M]: 0x00000000800003C8 (0x00000013) addi x0, x0, 0x0                         rvtest_code_begin+20

clint mtime 0x0000000000000059 (mip.MTI <- 0b1, mip.STI <- 0b0)
mem[X,0x00000000800003CC] -> 0x0013
mem[X,0x00000000800003CE] -> 0x0000
[178] [M]: 0x00000000800003CC (0x00000013) addi x0, x0, 0x0                         rvtest_code_begin+24

mem[X,0x00000000800003D0] -> 0x0013
mem[X,0x00000000800003D2] -> 0x0000
[179] [M]: 0x00000000800003D0 (0x00000013) addi x0, x0, 0x0                         rvtest_code_begin+28

clint mtime 0x000000000000005A (mip.MTI <- 0b1, mip.STI <- 0b0)
mem[X,0x00000000800003D4] -> 0x0013
mem[X,0x00000000800003D6] -> 0x0000
[180] [M]: 0x00000000800003D4 (0x00000013) addi x0, x0, 0x0                         rvtest_code_begin+32

mem[X,0x00000000800003D8] -> 0x0013
mem[X,0x00000000800003DA] -> 0x0000
[181] [M]: 0x00000000800003D8 (0x00000013) addi x0, x0, 0x0                         rvtest_code_begin+36

clint mtime 0x000000000000005B (mip.MTI <- 0b1, mip.STI <- 0b0)
mem[X,0x00000000800003DC] -> 0x0013
mem[X,0x00000000800003DE] -> 0x0000
[182] [M]: 0x00000000800003DC (0x00000013) addi x0, x0, 0x0                         rvtest_code_begin+40

mem[X,0x00000000800003E0] -> 0x6697
mem[X,0x00000000800003E2] -> 0x0000
[183] [M]: 0x00000000800003E0 (0x00006697) auipc x13, 0x6                           rvtest_code_begin+44
x13 <- 0x00000000800063E0

clint mtime 0x000000000000005C (mip.MTI <- 0b1, mip.STI <- 0b0)
mem[X,0x00000000800003E4] -> 0x8693
mem[X,0x00000000800003E6] -> 0xE386
[184] [M]: 0x00000000800003E4 (0xE3868693) addi x13, x13, -0x1c8                    rvtest_code_begin+48
x13 <- 0x0000000080006218

mem[X,0x00000000800003E8] -> 0x0013
mem[X,0x00000000800003EA] -> 0x0000
[185] [M]: 0x00000000800003E8 (0x00000013) addi x0, x0, 0x0                         rvtest_code_begin+52

clint mtime 0x000000000000005D (mip.MTI <- 0b1, mip.STI <- 0b0)
mem[X,0x00000000800003EC] -> 0x0013
mem[X,0x00000000800003EE] -> 0x0000
[186] [M]: 0x00000000800003EC (0x00000013) addi x0, x0, 0x0                         rvtest_code_begin+56

mem[X,0x00000000800003F0] -> 0x0013
mem[X,0x00000000800003F2] -> 0x0000
[187] [M]: 0x00000000800003F0 (0x00000013) addi x0, x0, 0x0                         rvtest_code_begin+60

clint mtime 0x000000000000005E (mip.MTI <- 0b1, mip.STI <- 0b0)
mem[X,0x00000000800003F4] -> 0x0013
mem[X,0x00000000800003F6] -> 0x0000
[188] [M]: 0x00000000800003F4 (0x00000013) addi x0, x0, 0x0                         rvtest_code_begin+64

mem[X,0x00000000800003F8] -> 0x0013
mem[X,0x00000000800003FA] -> 0x0000
[189] [M]: 0x00000000800003F8 (0x00000013) addi x0, x0, 0x0                         rvtest_code_begin+68

clint mtime 0x000000000000005F (mip.MTI <- 0b1, mip.STI <- 0b0)
mem[X,0x00000000800003FC] -> 0x0013
mem[X,0x00000000800003FE] -> 0x0000
[190] [M]: 0x00000000800003FC (0x00000013) addi x0, x0, 0x0                         rvtest_code_begin+72

mem[X,0x0000000080000400] -> 0x1073
mem[X,0x0000000080000402] -> 0x3A00
[191] [M]: 0x0000000080000400 (0x3A001073) csrrw x0, pmpcfg0, x0                    main+0
CSR pmpcfg0 (0x3A0) <- 0x0000000000000000

clint mtime 0x0000000000000060 (mip.MTI <- 0b1, mip.STI <- 0b0)
mem[X,0x0000000080000404] -> 0x1073
mem[X,0x0000000080000406] -> 0x3A20
[192] [M]: 0x0000000080000404 (0x3A201073) csrrw x0, pmpcfg2, x0                    main+4
CSR pmpcfg2 (0x3A2) <- 0x0000000000000000

mem[X,0x0000000080000408] -> 0x1073
mem[X,0x000000008000040A] -> 0x3B00
[193] [M]: 0x0000000080000408 (0x3B001073) csrrw x0, pmpaddr0, x0                   main+8
CSR pmpaddr0 (0x3B0) <- 0x0000000000000000

clint mtime 0x0000000000000061 (mip.MTI <- 0b1, mip.STI <- 0b0)
mem[X,0x000000008000040C] -> 0x1073
mem[X,0x000000008000040E] -> 0x3B10
[194] [M]: 0x000000008000040C (0x3B101073) csrrw x0, pmpaddr1, x0                   main+12
CSR pmpaddr1 (0x3B1) <- 0x0000000000000000

mem[X,0x0000000080000410] -> 0x1073
mem[X,0x0000000080000412] -> 0x3B20
[195] [M]: 0x0000000080000410 (0x3B201073) csrrw x0, pmpaddr2, x0                   main+16
CSR pmpaddr2 (0x3B2) <- 0x0000000000000000

clint mtime 0x0000000000000062 (mip.MTI <- 0b1, mip.STI <- 0b0)
mem[X,0x0000000080000414] -> 0x1073
mem[X,0x0000000080000416] -> 0x3B30
[196] [M]: 0x0000000080000414 (0x3B301073) csrrw x0, pmpaddr3, x0                   main+20
CSR pmpaddr3 (0x3B3) <- 0x0000000000000000

mem[X,0x0000000080000418] -> 0x1073
mem[X,0x000000008000041A] -> 0x3B40
[197] [M]: 0x0000000080000418 (0x3B401073) csrrw x0, pmpaddr4, x0                   main+24
CSR pmpaddr4 (0x3B4) <- 0x0000000000000000

clint mtime 0x0000000000000063 (mip.MTI <- 0b1, mip.STI <- 0b0)
mem[X,0x000000008000041C] -> 0x1073
mem[X,0x000000008000041E] -> 0x3B50
[198] [M]: 0x000000008000041C (0x3B501073) csrrw x0, pmpaddr5, x0                   main+28
CSR pmpaddr5 (0x3B5) <- 0x0000000000000000

mem[X,0x0000000080000420] -> 0x1073
mem[X,0x0000000080000422] -> 0x3B60
[199] [M]: 0x0000000080000420 (0x3B601073) csrrw x0, pmpaddr6, x0                   main+32
CSR pmpaddr6 (0x3B6) <- 0x0000000000000000

clint mtime 0x0000000000000064 (mip.MTI <- 0b1, mip.STI <- 0b0)
mem[X,0x0000000080000424] -> 0x1073
mem[X,0x0000000080000426] -> 0x3B70
[200] [M]: 0x0000000080000424 (0x3B701073) csrrw x0, pmpaddr7, x0                   main+36
CSR pmpaddr7 (0x3B7) <- 0x0000000000000000

mem[X,0x0000000080000428] -> 0x1073
mem[X,0x000000008000042A] -> 0x3B80
[201] [M]: 0x0000000080000428 (0x3B801073) csrrw x0, pmpaddr8, x0                   main+40
CSR pmpaddr8 (0x3B8) <- 0x0000000000000000

clint mtime 0x0000000000000065 (mip.MTI <- 0b1, mip.STI <- 0b0)
mem[X,0x000000008000042C] -> 0x1073
mem[X,0x000000008000042E] -> 0x3B90
[202] [M]: 0x000000008000042C (0x3B901073) csrrw x0, pmpaddr9, x0                   main+44
CSR pmpaddr9 (0x3B9) <- 0x0000000000000000

mem[X,0x0000000080000430] -> 0x1073
mem[X,0x0000000080000432] -> 0x3BA0
[203] [M]: 0x0000000080000430 (0x3BA01073) csrrw x0, pmpaddr10, x0                  main+48
CSR pmpaddr10 (0x3BA) <- 0x0000000000000000

clint mtime 0x0000000000000066 (mip.MTI <- 0b1, mip.STI <- 0b0)
mem[X,0x0000000080000434] -> 0x1073
mem[X,0x0000000080000436] -> 0x3BB0
[204] [M]: 0x0000000080000434 (0x3BB01073) csrrw x0, pmpaddr11, x0                  main+52
CSR pmpaddr11 (0x3BB) <- 0x0000000000000000

mem[X,0x0000000080000438] -> 0x1073
mem[X,0x000000008000043A] -> 0x3BC0
[205] [M]: 0x0000000080000438 (0x3BC01073) csrrw x0, pmpaddr12, x0                  main+56
CSR pmpaddr12 (0x3BC) <- 0x0000000000000000

clint mtime 0x0000000000000067 (mip.MTI <- 0b1, mip.STI <- 0b0)
mem[X,0x000000008000043C] -> 0x1073
mem[X,0x000000008000043E] -> 0x3BD0
[206] [M]: 0x000000008000043C (0x3BD01073) csrrw x0, pmpaddr13, x0                  main+60
CSR pmpaddr13 (0x3BD) <- 0x0000000000000000

mem[X,0x0000000080000440] -> 0x1073
mem[X,0x0000000080000442] -> 0x3BE0
[207] [M]: 0x0000000080000440 (0x3BE01073) csrrw x0, pmpaddr14, x0                  main+64
CSR pmpaddr14 (0x3BE) <- 0x0000000000000000

clint mtime 0x0000000000000068 (mip.MTI <- 0b1, mip.STI <- 0b0)
mem[X,0x0000000080000444] -> 0x1073
mem[X,0x0000000080000446] -> 0x3BF0
[208] [M]: 0x0000000080000444 (0x3BF01073) csrrw x0, pmpaddr15, x0                  main+68
CSR pmpaddr15 (0x3BF) <- 0x0000000000000000

mem[X,0x0000000080000448] -> 0x1073
mem[X,0x000000008000044A] -> 0x1800
[209] [M]: 0x0000000080000448 (0x18001073) csrrw x0, satp, x0                       main+72
CSR satp (0x180) <- 0x0000000000000000

clint mtime 0x0000000000000069 (mip.MTI <- 0b1, mip.STI <- 0b0)
mem[X,0x000000008000044C] -> 0x0013
mem[X,0x000000008000044E] -> 0x0000
[210] [M]: 0x000000008000044C (0x00000013) addi x0, x0, 0x0                         main+76

mem[X,0x0000000080000450] -> 0x0013
mem[X,0x0000000080000452] -> 0x0000
[211] [M]: 0x0000000080000450 (0x00000013) addi x0, x0, 0x0                         main+80

clint mtime 0x000000000000006A (mip.MTI <- 0b1, mip.STI <- 0b0)
mem[X,0x0000000080000454] -> 0x0013
mem[X,0x0000000080000456] -> 0x0000
[212] [M]: 0x0000000080000454 (0x00000013) addi x0, x0, 0x0                         main+84

mem[X,0x0000000080000458] -> 0x0013
mem[X,0x000000008000045A] -> 0x0000
[213] [M]: 0x0000000080000458 (0x00000013) addi x0, x0, 0x0                         main+88

clint mtime 0x000000000000006B (mip.MTI <- 0b1, mip.STI <- 0b0)
mem[X,0x000000008000045C] -> 0x0013
mem[X,0x000000008000045E] -> 0x0000
[214] [M]: 0x000000008000045C (0x00000013) addi x0, x0, 0x0                         main+92

mem[X,0x0000000080000460] -> 0x021B
mem[X,0x0000000080000462] -> 0xFFF0
[215] [M]: 0x0000000080000460 (0xFFF0021B) addiw x4, x0, -0x1                       main+96
x4 <- 0xFFFFFFFFFFFFFFFF

clint mtime 0x000000000000006C (mip.MTI <- 0b1, mip.STI <- 0b0)
mem[X,0x0000000080000464] -> 0x0013
mem[X,0x0000000080000466] -> 0x0000
[216] [M]: 0x0000000080000464 (0x00000013) addi x0, x0, 0x0                         main+100

mem[X,0x0000000080000468] -> 0x0013
mem[X,0x000000008000046A] -> 0x0000
[217] [M]: 0x0000000080000468 (0x00000013) addi x0, x0, 0x0                         main+104

clint mtime 0x000000000000006D (mip.MTI <- 0b1, mip.STI <- 0b0)
mem[X,0x000000008000046C] -> 0x0013
mem[X,0x000000008000046E] -> 0x0000
[218] [M]: 0x000000008000046C (0x00000013) addi x0, x0, 0x0                         main+108

mem[X,0x0000000080000470] -> 0x0013
mem[X,0x0000000080000472] -> 0x0000
[219] [M]: 0x0000000080000470 (0x00000013) addi x0, x0, 0x0                         main+112

clint mtime 0x000000000000006E (mip.MTI <- 0b1, mip.STI <- 0b0)
mem[X,0x0000000080000474] -> 0x0013
mem[X,0x0000000080000476] -> 0x0000
[220] [M]: 0x0000000080000474 (0x00000013) addi x0, x0, 0x0                         main+116

mem[X,0x0000000080000478] -> 0x0013
mem[X,0x000000008000047A] -> 0x0000
[221] [M]: 0x0000000080000478 (0x00000013) addi x0, x0, 0x0                         main+120

clint mtime 0x000000000000006F (mip.MTI <- 0b1, mip.STI <- 0b0)
mem[X,0x000000008000047C] -> 0x0013
mem[X,0x000000008000047E] -> 0x0000
[222] [M]: 0x000000008000047C (0x00000013) addi x0, x0, 0x0                         main+124

mem[X,0x0000000080000480] -> 0x1073
mem[X,0x0000000080000482] -> 0x3BF2
[223] [M]: 0x0000000080000480 (0x3BF21073) csrrw x0, pmpaddr15, x4                  main+128
CSR pmpaddr15 (0x3BF) <- 0x003FFFFFFFFFFFFF

clint mtime 0x0000000000000070 (mip.MTI <- 0b1, mip.STI <- 0b0)
mem[X,0x0000000080000484] -> 0x0213
mem[X,0x0000000080000486] -> 0x09F0
[224] [M]: 0x0000000080000484 (0x09F00213) addi x4, x0, 0x9f                        main+132
x4 <- 0x000000000000009F

mem[X,0x0000000080000488] -> 0x1213
mem[X,0x000000008000048A] -> 0x0382
[225] [M]: 0x0000000080000488 (0x03821213) slli x4, x4, 0x38                        main+136
x4 <- 0x9F00000000000000

clint mtime 0x0000000000000071 (mip.MTI <- 0b1, mip.STI <- 0b0)
mem[X,0x000000008000048C] -> 0x1073
mem[X,0x000000008000048E] -> 0x3A22
[226] [M]: 0x000000008000048C (0x3A221073) csrrw x0, pmpcfg2, x4                    main+140
CSR pmpcfg2 (0x3A2) <- 0x9F00000000000000

mem[X,0x0000000080000490] -> 0x0013
mem[X,0x0000000080000492] -> 0x0000
[227] [M]: 0x0000000080000490 (0x00000013) addi x0, x0, 0x0                         main+144

clint mtime 0x0000000000000072 (mip.MTI <- 0b1, mip.STI <- 0b0)
mem[X,0x0000000080000494] -> 0x0013
mem[X,0x0000000080000496] -> 0x0000
[228] [M]: 0x0000000080000494 (0x00000013) addi x0, x0, 0x0                         main+148

mem[X,0x0000000080000498] -> 0x0013
mem[X,0x000000008000049A] -> 0x0000
[229] [M]: 0x0000000080000498 (0x00000013) addi x0, x0, 0x0                         main+152

clint mtime 0x0000000000000073 (mip.MTI <- 0b1, mip.STI <- 0b0)
mem[X,0x000000008000049C] -> 0x0013
mem[X,0x000000008000049E] -> 0x0000
[230] [M]: 0x000000008000049C (0x00000013) addi x0, x0, 0x0                         main+156

mem[X,0x00000000800004A0] -> 0x12B7
mem[X,0x00000000800004A2] -> 0x2000
[231] [M]: 0x00000000800004A0 (0x200012B7) lui x5, 0x20001                          main+160
x5 <- 0x0000000020001000

clint mtime 0x0000000000000074 (mip.MTI <- 0b1, mip.STI <- 0b0)
mem[X,0x00000000800004A4] -> 0x829B
mem[X,0x00000000800004A6] -> 0x8002
[232] [M]: 0x00000000800004A4 (0x8002829B) addiw x5, x5, -0x800                     main+164
x5 <- 0x0000000020000800

mem[X,0x00000000800004A8] -> 0x0013
mem[X,0x00000000800004AA] -> 0x0000
[233] [M]: 0x00000000800004A8 (0x00000013) addi x0, x0, 0x0                         main+168

clint mtime 0x0000000000000075 (mip.MTI <- 0b1, mip.STI <- 0b0)
mem[X,0x00000000800004AC] -> 0x0013
mem[X,0x00000000800004AE] -> 0x0000
[234] [M]: 0x00000000800004AC (0x00000013) addi x0, x0, 0x0                         main+172

mem[X,0x00000000800004B0] -> 0x0013
mem[X,0x00000000800004B2] -> 0x0000
[235] [M]: 0x00000000800004B0 (0x00000013) addi x0, x0, 0x0                         main+176

clint mtime 0x0000000000000076 (mip.MTI <- 0b1, mip.STI <- 0b0)
mem[X,0x00000000800004B4] -> 0x0013
mem[X,0x00000000800004B6] -> 0x0000
[236] [M]: 0x00000000800004B4 (0x00000013) addi x0, x0, 0x0                         main+180

mem[X,0x00000000800004B8] -> 0x0013
mem[X,0x00000000800004BA] -> 0x0000
[237] [M]: 0x00000000800004B8 (0x00000013) addi x0, x0, 0x0                         main+184

clint mtime 0x0000000000000077 (mip.MTI <- 0b1, mip.STI <- 0b0)
mem[X,0x00000000800004BC] -> 0x0013
mem[X,0x00000000800004BE] -> 0x0000
[238] [M]: 0x00000000800004BC (0x00000013) addi x0, x0, 0x0                         main+188

mem[X,0x00000000800004C0] -> 0x9073
mem[X,0x00000000800004C2] -> 0x3B52
[239] [M]: 0x00000000800004C0 (0x3B529073) csrrw x0, pmpaddr5, x5                   main+192
CSR pmpaddr5 (0x3B5) <- 0x0000000020000800

clint mtime 0x0000000000000078 (mip.MTI <- 0b1, mip.STI <- 0b0)
mem[X,0x00000000800004C4] -> 0x0213
mem[X,0x00000000800004C6] -> 0x0130
[240] [M]: 0x00000000800004C4 (0x01300213) addi x4, x0, 0x13                        main+196
x4 <- 0x0000000000000013

mem[X,0x00000000800004C8] -> 0x1213
mem[X,0x00000000800004CA] -> 0x02B2
[241] [M]: 0x00000000800004C8 (0x02B21213) slli x4, x4, 0x2b                        main+200
x4 <- 0x0000980000000000

clint mtime 0x0000000000000079 (mip.MTI <- 0b1, mip.STI <- 0b0)
mem[X,0x00000000800004CC] -> 0x1073
mem[X,0x00000000800004CE] -> 0x3A02
[242] [M]: 0x00000000800004CC (0x3A021073) csrrw x0, pmpcfg0, x4                    main+204
CSR pmpcfg0 (0x3A0) <- 0x0000980000000000

mem[X,0x00000000800004D0] -> 0x07B7
mem[X,0x00000000800004D2] -> 0x3F80
[243] [M]: 0x00000000800004D0 (0x3F8007B7) lui x15, 0x3f800                         main+208
x15 <- 0x000000003F800000

clint mtime 0x000000000000007A (mip.MTI <- 0b1, mip.STI <- 0b0)
mem[X,0x00000000800004D4] -> 0x8453
mem[X,0x00000000800004D6] -> 0xF007
[244] [M]: 0x00000000800004D4 (0xF0078453) fmv.w.x f8, x15                          main+212
f8 <- 0xFFFFFFFF3F800000
CSR mstatus (0x300) <- 0x8000000A00006000

mem[X,0x00000000800004D8] -> 0x0013
mem[X,0x00000000800004DA] -> 0x0000
[245] [M]: 0x00000000800004D8 (0x00000013) addi x0, x0, 0x0                         main+216

clint mtime 0x000000000000007B (mip.MTI <- 0b1, mip.STI <- 0b0)
mem[X,0x00000000800004DC] -> 0x0013
mem[X,0x00000000800004DE] -> 0x0000
[246] [M]: 0x00000000800004DC (0x00000013) addi x0, x0, 0x0                         main+220

mem[X,0x00000000800004E0] -> 0x2417
mem[X,0x00000000800004E2] -> 0x0000
[247] [M]: 0x00000000800004E0 (0x00002417) auipc x8, 0x2                            main+224
x8 <- 0x00000000800024E0

clint mtime 0x000000000000007C (mip.MTI <- 0b1, mip.STI <- 0b0)
mem[X,0x00000000800004E4] -> 0x0413
mem[X,0x00000000800004E6] -> 0xB204
[248] [M]: 0x00000000800004E4 (0xB2040413) addi x8, x8, -0x4e0                      main+228
x8 <- 0x0000000080002000

mem[X,0x00000000800004E8] -> 0x0013
mem[X,0x00000000800004EA] -> 0x0000
[249] [M]: 0x00000000800004E8 (0x00000013) addi x0, x0, 0x0                         main+232

clint mtime 0x000000000000007D (mip.MTI <- 0b1, mip.STI <- 0b0)
mem[X,0x00000000800004EC] -> 0x0013
mem[X,0x00000000800004EE] -> 0x0000
[250] [M]: 0x00000000800004EC (0x00000013) addi x0, x0, 0x0                         main+236

mem[X,0x00000000800004F0] -> 0x0013
mem[X,0x00000000800004F2] -> 0x0000
[251] [M]: 0x00000000800004F0 (0x00000013) addi x0, x0, 0x0                         main+240

clint mtime 0x000000000000007E (mip.MTI <- 0b1, mip.STI <- 0b0)
mem[X,0x00000000800004F4] -> 0x0013
mem[X,0x00000000800004F6] -> 0x0000
[252] [M]: 0x00000000800004F4 (0x00000013) addi x0, x0, 0x0                         main+244

mem[X,0x00000000800004F8] -> 0x0013
mem[X,0x00000000800004FA] -> 0x0000
[253] [M]: 0x00000000800004F8 (0x00000013) addi x0, x0, 0x0                         main+248

clint mtime 0x000000000000007F (mip.MTI <- 0b1, mip.STI <- 0b0)
mem[X,0x00000000800004FC] -> 0x0013
mem[X,0x00000000800004FE] -> 0x0000
[254] [M]: 0x00000000800004FC (0x00000013) addi x0, x0, 0x0                         main+252

mem[X,0x0000000080000500] -> 0xA000
[255] [M]: 0x0000000080000500 (0xA000) c.fsd f8, 0x0(x8)                            main+256
trapping from M to M to handle store/amo-access-fault
handling exc#store/amo-access-fault at priv M with tval 0x0000000080002000
CSR mstatus (0x300) <- 0x8000000A00007800
CSR mcause (0x342) <- 0x0000000000000007
CSR mtval (0x343) <- 0x0000000080002000
CSR mepc (0x341) <- 0x0000000080000500

clint mtime 0x0000000000000080 (mip.MTI <- 0b1, mip.STI <- 0b0)
mem[X,0x0000000080002100] -> 0x006F
mem[X,0x0000000080002102] -> 0x1000
[256] [M]: 0x0000000080002100 (0x1000006F) jal x0, 0x100                            Mtrampoline+0

mem[X,0x0000000080002200] -> 0x1173
mem[X,0x0000000080002202] -> 0x3401
[257] [M]: 0x0000000080002200 (0x34011173) csrrw x2, mscratch, x2                   trap_Mhandler+0
CSR mscratch (0x340) <- 0x01FDDB7D5BFDDB7F
x2 <- 0x0000000080005000

clint mtime 0x0000000000000081 (mip.MTI <- 0b1, mip.STI <- 0b0)
mem[X,0x0000000080002204] -> 0x3423
mem[X,0x0000000080002206] -> 0x28B1
[258] [M]: 0x0000000080002204 (0x28B13423) sd x11, 0x288(x2)                        trap_Mhandler+4
mem[W,0x0000000080005288] <- 0x0000000000000000

mem[X,0x0000000080002208] -> 0x05EF
mem[X,0x000000008000220A] -> 0x0B80
[259] [M]: 0x0000000080002208 (0x0B8005EF) jal x11, 0xb8                            trap_Mhandler+8
x11 <- 0x000000008000220C

clint mtime 0x0000000000000082 (mip.MTI <- 0b1, mip.STI <- 0b0)
mem[X,0x00000000800022C0] -> 0x3023
mem[X,0x00000000800022C2] -> 0x28A1
[260] [M]: 0x00000000800022C0 (0x28A13023) sd x10, 0x280(x2)                        common_Mhandler+0
mem[W,0x0000000080005280] <- 0x0000000000002000

mem[X,0x00000000800022C4] -> 0x1573
mem[X,0x00000000800022C6] -> 0x3401
[261] [M]: 0x00000000800022C4 (0x34011573) csrrw x10, mscratch, x2                  common_Mhandler+4
CSR mscratch (0x340) <- 0x0000000080005000
x10 <- 0x01FDDB7D5BFDDB7F

clint mtime 0x0000000000000083 (mip.MTI <- 0b1, mip.STI <- 0b0)
mem[X,0x00000000800022C8] -> 0x3823
mem[X,0x00000000800022CA] -> 0x28A1
[262] [M]: 0x00000000800022C8 (0x28A13823) sd x10, 0x290(x2)                        common_Mhandler+8
mem[W,0x0000000080005290] <- 0x01FDDB7D5BFDDB7F

mem[X,0x00000000800022CC] -> 0x3503
mem[X,0x00000000800022CE] -> 0x2301
[263] [M]: 0x00000000800022CC (0x23013503) ld x10, 0x230(x2)                        common_Mhandler+12
mem[R,0x0000000080005230] -> 0x00000000800022D4
x10 <- 0x00000000800022D4

clint mtime 0x0000000000000084 (mip.MTI <- 0b1, mip.STI <- 0b0)
mem[X,0x00000000800022D0] -> 0x0067
mem[X,0x00000000800022D2] -> 0x0005
[264] [M]: 0x00000000800022D0 (0x00050067) jalr x0, 0x0(x10)                        common_Mhandler+16

mem[X,0x00000000800022D4] -> 0x3C23
mem[X,0x00000000800022D6] -> 0x2691
[265] [M]: 0x00000000800022D4 (0x26913C23) sd x9, 0x278(x2)                         common_Mentry+0
mem[W,0x0000000080005278] <- 0x00000000000000FE

clint mtime 0x0000000000000085 (mip.MTI <- 0b1, mip.STI <- 0b0)
mem[X,0x00000000800022D8] -> 0x3823
mem[X,0x00000000800022DA] -> 0x2681
[266] [M]: 0x00000000800022D8 (0x26813823) sd x8, 0x270(x2)                         common_Mentry+4
mem[W,0x0000000080005270] <- 0x0000000080002000

mem[X,0x00000000800022DC] -> 0x3423
mem[X,0x00000000800022DE] -> 0x2671
[267] [M]: 0x00000000800022DC (0x26713423) sd x7, 0x268(x2)                         common_Mentry+8
mem[W,0x0000000080005268] <- 0x00000000003FBB6F

clint mtime 0x0000000000000086 (mip.MTI <- 0b1, mip.STI <- 0b0)
mem[X,0x00000000800022E0] -> 0x3023
mem[X,0x00000000800022E2] -> 0x2661
[268] [M]: 0x00000000800022E0 (0x26613023) sd x6, 0x260(x2)                         common_Mentry+12
mem[W,0x0000000080005260] <- 0x000000001FDDB7D5

mem[X,0x00000000800022E4] -> 0x2573
mem[X,0x00000000800022E6] -> 0x3420
[269] [M]: 0x00000000800022E4 (0x34202573) csrrs x10, mcause, x0                    spcl_M2mmode_test+0
CSR mcause (0x342) -> 0x0000000000000007
x10 <- 0x0000000000000007

clint mtime 0x0000000000000087 (mip.MTI <- 0b1, mip.STI <- 0b0)
mem[X,0x00000000800022E8] -> 0x04B7
mem[X,0x00000000800022EA] -> 0x8000
[270] [M]: 0x00000000800022E8 (0x800004B7) lui x9, -0x80000                         spcl_M2mmode_test+4
x9 <- 0xFFFFFFFF80000000

mem[X,0x00000000800022EC] -> 0x8493
mem[X,0x00000000800022EE] -> 0x0004
[271] [M]: 0x00000000800022EC (0x00048493) addi x9, x9, 0x0                         spcl_M2mmode_test+8
x9 <- 0xFFFFFFFF80000000

clint mtime 0x0000000000000088 (mip.MTI <- 0b1, mip.STI <- 0b0)
mem[X,0x00000000800022F0] -> 0x9493
mem[X,0x00000000800022F2] -> 0x00B4
[272] [M]: 0x00000000800022F0 (0x00B49493) slli x9, x9, 0xb                         spcl_M2mmode_test+12
x9 <- 0xFFFFFC0000000000

mem[X,0x00000000800022F4] -> 0x8493
mem[X,0x00000000800022F6] -> 0x0004
[273] [M]: 0x00000000800022F4 (0x00048493) addi x9, x9, 0x0                         spcl_M2mmode_test+16
x9 <- 0xFFFFFC0000000000

clint mtime 0x0000000000000089 (mip.MTI <- 0b1, mip.STI <- 0b0)
mem[X,0x00000000800022F8] -> 0x9493
mem[X,0x00000000800022FA] -> 0x00B4
[274] [M]: 0x00000000800022F8 (0x00B49493) slli x9, x9, 0xb                         spcl_M2mmode_test+20
x9 <- 0xFFE0000000000000

mem[X,0x00000000800022FC] -> 0x8493
mem[X,0x00000000800022FE] -> 0x0034
[275] [M]: 0x00000000800022FC (0x00348493) addi x9, x9, 0x3                         spcl_M2mmode_test+24
x9 <- 0xFFE0000000000003

clint mtime 0x000000000000008A (mip.MTI <- 0b1, mip.STI <- 0b0)
mem[X,0x0000000080002300] -> 0x9493
mem[X,0x0000000080002302] -> 0x00A4
[276] [M]: 0x0000000080002300 (0x00A49493) slli x9, x9, 0xa                         spcl_M2mmode_test+28
x9 <- 0x8000000000000C00

mem[X,0x0000000080002304] -> 0x8493
mem[X,0x0000000080002306] -> 0x3FC4
[277] [M]: 0x0000000080002304 (0x3FC48493) addi x9, x9, 0x3fc                       spcl_M2mmode_test+32
x9 <- 0x8000000000000FFC

clint mtime 0x000000000000008B (mip.MTI <- 0b1, mip.STI <- 0b0)
mem[X,0x0000000080002308] -> 0xF4B3
mem[X,0x000000008000230A] -> 0x00A4
[278] [M]: 0x0000000080002308 (0x00A4F4B3) and x9, x9, x10                          spcl_M2mmode_test+36
x9 <- 0x0000000000000004

mem[X,0x000000008000230C] -> 0x8493
mem[X,0x000000008000230E] -> 0xFF84
[279] [M]: 0x000000008000230C (0xFF848493) addi x9, x9, -0x8                        spcl_M2mmode_test+40
x9 <- 0xFFFFFFFFFFFFFFFC

clint mtime 0x000000000000008C (mip.MTI <- 0b1, mip.STI <- 0b0)
mem[X,0x0000000080002310] -> 0x9663
mem[X,0x0000000080002312] -> 0x0004
[280] [M]: 0x0000000080002310 (0x00049663) bne x9, x0, 0xc                          spcl_M2mmode_test+44

mem[X,0x000000008000231C] -> 0x0393
mem[X,0x000000008000231E] -> 0x0200
[281] [M]: 0x000000008000231C (0x02000393) addi x7, x0, 0x20                        Mtrapsig_ptr_upd+0
x7 <- 0x0000000000000020

clint mtime 0x000000000000008D (mip.MTI <- 0b1, mip.STI <- 0b0)
mem[X,0x0000000080002320] -> 0x5263
mem[X,0x0000000080002322] -> 0x0405
[282] [M]: 0x0000000080002320 (0x04055263) bge x10, x0, 0x44                        Mtrapsig_ptr_upd+4

mem[X,0x0000000080002364] -> 0x2373
mem[X,0x0000000080002366] -> 0x3010
[283] [M]: 0x0000000080002364 (0x30102373) csrrs x6, misa, x0                       Mxcpt_sig_sv+0
CSR misa (0x301) -> 0x800000000034112F
x6 <- 0x800000000034112F

clint mtime 0x000000000000008E (mip.MTI <- 0b1, mip.STI <- 0b0)
mem[X,0x0000000080002368] -> 0x1313
mem[X,0x000000008000236A] -> 0x0383
[284] [M]: 0x0000000080002368 (0x03831313) slli x6, x6, 0x38                        Mxcpt_sig_sv+4
x6 <- 0x2F00000000000000

mem[X,0x000000008000236C] -> 0x5463
mem[X,0x000000008000236E] -> 0x0003
[285] [M]: 0x000000008000236C (0x00035463) bge x6, x0, 0x8                          Mxcpt_sig_sv+8

clint mtime 0x000000000000008F (mip.MTI <- 0b1, mip.STI <- 0b0)
mem[X,0x0000000080002374] -> 0x3303
mem[X,0x0000000080002376] -> 0x2181
[286] [M]: 0x0000000080002374 (0x21813303) ld x6, 0x218(x2)                         Mtrap_sig_sv+0
mem[R,0x0000000080005218] -> 0x0000000080006320
x6 <- 0x0000000080006320

mem[X,0x0000000080002378] -> 0x04B3
mem[X,0x000000008000237A] -> 0x0073
[287] [M]: 0x0000000080002378 (0x007304B3) add x9, x6, x7                           Mtrap_sig_sv+4
x9 <- 0x0000000080006340

clint mtime 0x0000000000000090 (mip.MTI <- 0b1, mip.STI <- 0b0)
mem[X,0x000000008000237C] -> 0x3C23
mem[X,0x000000008000237E] -> 0x2091
[288] [M]: 0x000000008000237C (0x20913C23) sd x9, 0x218(x2)                         Mtrap_sig_sv+8
mem[W,0x0000000080005218] <- 0x0000000080006340

mem[X,0x0000000080002380] -> 0x3403
mem[X,0x0000000080002382] -> 0x1F81
[289] [M]: 0x0000000080002380 (0x1F813403) ld x8, 0x1f8(x2)                         Mtrap_sig_sv+12
mem[R,0x00000000800051F8] -> 0x0000000080006210
x8 <- 0x0000000080006210

clint mtime 0x0000000000000091 (mip.MTI <- 0b1, mip.STI <- 0b0)
mem[X,0x0000000080002384] -> 0x0333
mem[X,0x0000000080002386] -> 0x4083
[290] [M]: 0x0000000080002384 (0x40830333) sub x6, x6, x8                           Mtrap_sig_sv+16
x6 <- 0x0000000000000110

mem[X,0x0000000080002388] -> 0x3403
mem[X,0x000000008000238A] -> 0x1F81
[291] [M]: 0x0000000080002388 (0x1F813403) ld x8, 0x1f8(x2)                         Mtrap_sig_sv+20
mem[R,0x00000000800051F8] -> 0x0000000080006210
x8 <- 0x0000000080006210

clint mtime 0x0000000000000092 (mip.MTI <- 0b1, mip.STI <- 0b0)
mem[X,0x000000008000238C] -> 0x0333
mem[X,0x000000008000238E] -> 0x0083
[292] [M]: 0x000000008000238C (0x00830333) add x6, x6, x8                           Mtrap_sig_sv+24
x6 <- 0x0000000080006320

mem[X,0x0000000080002390] -> 0x3403
mem[X,0x0000000080002392] -> 0x2401
[293] [M]: 0x0000000080002390 (0x24013403) ld x8, 0x240(x2)                         Mtrap_sig_sv+28
mem[R,0x0000000080005240] -> 0x0000000080002100
x8 <- 0x0000000080002100

clint mtime 0x0000000000000093 (mip.MTI <- 0b1, mip.STI <- 0b0)
mem[X,0x0000000080002394] -> 0x85B3
mem[X,0x0000000080002396] -> 0x4085
[294] [M]: 0x0000000080002394 (0x408585B3) sub x11, x11, x8                         sv_Mvect+0
x11 <- 0x000000000000010C

mem[X,0x0000000080002398] -> 0x9593
mem[X,0x000000008000239A] -> 0x0045
[295] [M]: 0x0000000080002398 (0x00459593) slli x11, x11, 0x4                       sv_Mvect+4
x11 <- 0x00000000000010C0

clint mtime 0x0000000000000094 (mip.MTI <- 0b1, mip.STI <- 0b0)
mem[X,0x000000008000239C] -> 0xE5B3
mem[X,0x000000008000239E] -> 0x0075
[296] [M]: 0x000000008000239C (0x0075E5B3) or x11, x11, x7                          sv_Mvect+8
x11 <- 0x00000000000010E0

mem[X,0x00000000800023A0] -> 0x8593
mem[X,0x00000000800023A2] -> 0x0035
[297] [M]: 0x00000000800023A0 (0x00358593) addi x11, x11, 0x3                       sv_Mvect+12
x11 <- 0x00000000000010E3

clint mtime 0x0000000000000095 (mip.MTI <- 0b1, mip.STI <- 0b0)
mem[X,0x00000000800023A4] -> 0x3023
mem[X,0x00000000800023A6] -> 0x00B3
[298] [M]: 0x00000000800023A4 (0x00B33023) sd x11, 0x0(x6)                          sv_Mvect+16
mem[W,0x0000000080006320] <- 0x00000000000010E3

mem[X,0x00000000800023A8] -> 0x3423
mem[X,0x00000000800023AA] -> 0x00A3
[299] [M]: 0x00000000800023A8 (0x00A33423) sd x10, 0x8(x6)                          sv_Mcause+0
mem[W,0x0000000080006328] <- 0x0000000000000007

clint mtime 0x0000000000000096 (mip.MTI <- 0b1, mip.STI <- 0b0)
mem[X,0x00000000800023AC] -> 0x4263
mem[X,0x00000000800023AE] -> 0x1A05
[300] [M]: 0x00000000800023AC (0x1A054263) blt x10, x0, 0x1a4                       sv_Mcause+4

mem[X,0x00000000800023B0] -> 0x25F3
mem[X,0x00000000800023B2] -> 0x3000
[301] [M]: 0x00000000800023B0 (0x300025F3) csrrs x11, mstatus, x0                   common_Mexcpt_handler+0
CSR mstatus (0x300) -> 0x8000000A00007800
x11 <- 0x8000000A00007800

clint mtime 0x0000000000000097 (mip.MTI <- 0b1, mip.STI <- 0b0)
mem[X,0x00000000800023B4] -> 0x9413
mem[X,0x00000000800023B6] -> 0x02E5
[302] [M]: 0x00000000800023B4 (0x02E59413) slli x8, x11, 0x2e                       common_Mexcpt_handler+4
x8 <- 0x1E00000000000000

mem[X,0x00000000800023B8] -> 0x5463
mem[X,0x00000000800023BA] -> 0x0004
[303] [M]: 0x00000000800023B8 (0x00045463) bge x8, x0, 0x8                          common_Mexcpt_handler+8

clint mtime 0x0000000000000098 (mip.MTI <- 0b1, mip.STI <- 0b0)
mem[X,0x00000000800023C0] -> 0xD493
mem[X,0x00000000800023C2] -> 0x00B5
[304] [M]: 0x00000000800023C0 (0x00B5D493) srli x9, x11, 0xb                        common_Mexcpt_handler+16
x9 <- 0x001000000140000F

mem[X,0x00000000800023C4] -> 0xF493
mem[X,0x00000000800023C6] -> 0x0034
[305] [M]: 0x00000000800023C4 (0x0034F493) andi x9, x9, 0x3                         common_Mexcpt_handler+20
x9 <- 0x0000000000000003

clint mtime 0x0000000000000099 (mip.MTI <- 0b1, mip.STI <- 0b0)
mem[X,0x00000000800023C8] -> 0x8493
mem[X,0x00000000800023CA] -> 0x0014
[306] [M]: 0x00000000800023C8 (0x00148493) addi x9, x9, 0x1                         common_Mexcpt_handler+24
x9 <- 0x0000000000000004

mem[X,0x00000000800023CC] -> 0xF493
mem[X,0x00000000800023CE] -> 0x0044
[307] [M]: 0x00000000800023CC (0x0044F493) andi x9, x9, 0x4                         common_Mexcpt_handler+28
x9 <- 0x0000000000000004

clint mtime 0x000000000000009A (mip.MTI <- 0b1, mip.STI <- 0b0)
mem[X,0x00000000800023D0] -> 0x0593
mem[X,0x00000000800023D2] -> 0x05D0
[308] [M]: 0x00000000800023D0 (0x05D00593) addi x11, x0, 0x5d                       common_Mexcpt_handler+32
x11 <- 0x000000000000005D

mem[X,0x00000000800023D4] -> 0xD5B3
mem[X,0x00000000800023D6] -> 0x0095
[309] [M]: 0x00000000800023D4 (0x0095D5B3) srl x11, x11, x9                         common_Mexcpt_handler+36
x11 <- 0x0000000000000005

clint mtime 0x000000000000009B (mip.MTI <- 0b1, mip.STI <- 0b0)
mem[X,0x00000000800023D8] -> 0xF593
mem[X,0x00000000800023DA] -> 0x0015
[310] [M]: 0x00000000800023D8 (0x0015F593) andi x11, x11, 0x1                       common_Mexcpt_handler+40
x11 <- 0x0000000000000001

mem[X,0x00000000800023DC] -> 0x8EE3
mem[X,0x00000000800023DE] -> 0xF405
[311] [M]: 0x00000000800023DC (0xF4058EE3) beq x11, x0, -0xa4                       common_Mexcpt_handler+44

clint mtime 0x000000000000009C (mip.MTI <- 0b1, mip.STI <- 0b0)
mem[X,0x00000000800023E0] -> 0x0593
mem[X,0x00000000800023E2] -> 0x2980
[312] [M]: 0x00000000800023E0 (0x29800593) addi x11, x0, 0x298                      common_Mexcpt_handler+48
x11 <- 0x0000000000000298

mem[X,0x00000000800023E4] -> 0xF413
mem[X,0x00000000800023E6] -> 0x0014
[313] [M]: 0x00000000800023E4 (0x0014F413) andi x8, x9, 0x1                         common_Mexcpt_handler+52
x8 <- 0x0000000000000000

clint mtime 0x000000000000009D (mip.MTI <- 0b1, mip.STI <- 0b0)
mem[X,0x00000000800023E8] -> 0x95B3
mem[X,0x00000000800023EA] -> 0x0085
[314] [M]: 0x00000000800023E8 (0x008595B3) sll x11, x11, x8                         common_Mexcpt_handler+56
x11 <- 0x0000000000000298

mem[X,0x00000000800023EC] -> 0x9413
mem[X,0x00000000800023EE] -> 0x03D4
[315] [M]: 0x00000000800023EC (0x03D49413) slli x8, x9, 0x3d                        common_Mexcpt_handler+60
x8 <- 0x8000000000000000

clint mtime 0x000000000000009E (mip.MTI <- 0b1, mip.STI <- 0b0)
mem[X,0x00000000800023F0] -> 0x5413
mem[X,0x00000000800023F2] -> 0x43F4
[316] [M]: 0x00000000800023F0 (0x43F45413) srai x8, x8, 0x3f                        common_Mexcpt_handler+64
x8 <- 0xFFFFFFFFFFFFFFFF

mem[X,0x00000000800023F4] -> 0x4413
mem[X,0x00000000800023F6] -> 0xFFF4
[317] [M]: 0x00000000800023F4 (0xFFF44413) xori x8, x8, -0x1                        common_Mexcpt_handler+68
x8 <- 0x0000000000000000

clint mtime 0x000000000000009F (mip.MTI <- 0b1, mip.STI <- 0b0)
mem[X,0x00000000800023F8] -> 0xF4B3
mem[X,0x00000000800023FA] -> 0x0085
[318] [M]: 0x00000000800023F8 (0x0085F4B3) and x9, x11, x8                          common_Mexcpt_handler+72
x9 <- 0x0000000000000000

mem[X,0x00000000800023FC] -> 0x84B3
mem[X,0x00000000800023FE] -> 0x0024
[319] [M]: 0x00000000800023FC (0x002484B3) add x9, x9, x2                           vmem_adj_Mepc+0
x9 <- 0x0000000080005000

clint mtime 0x00000000000000A0 (mip.MTI <- 0b1, mip.STI <- 0b0)
mem[X,0x0000000080002400] -> 0x23F3
mem[X,0x0000000080002402] -> 0x3410
[320] [M]: 0x0000000080002400 (0x341023F3) csrrs x7, mepc, x0                       vmem_adj_Mepc+4
CSR mepc (0x341) -> 0x0000000080000500
x7 <- 0x0000000080000500

mem[X,0x0000000080002404] -> 0x0413
mem[X,0x0000000080002406] -> 0x0004
[321] [M]: 0x0000000080002404 (0x00040413) addi x8, x8, 0x0                         vmem_adj_Mepc+8
x8 <- 0x0000000000000000

clint mtime 0x00000000000000A1 (mip.MTI <- 0b1, mip.STI <- 0b0)
mem[X,0x0000000080002408] -> 0x006F
mem[X,0x000000008000240A] -> 0x0400
[322] [M]: 0x0000000080002408 (0x0400006F) jal x0, 0x40                             vmem_adj_Mepc+12

mem[X,0x0000000080002448] -> 0x8433
mem[X,0x000000008000244A] -> 0x4083
[323] [M]: 0x0000000080002448 (0x40838433) sub x8, x7, x8                           adj_Mepc+0
x8 <- 0x0000000080000500

clint mtime 0x00000000000000A2 (mip.MTI <- 0b1, mip.STI <- 0b0)
mem[X,0x000000008000244C] -> 0x3823
mem[X,0x000000008000244E] -> 0x0083
[324] [M]: 0x000000008000244C (0x00833823) sd x8, 0x10(x6)                          sv_Mepc+0
mem[W,0x0000000080006330] <- 0x0000000080000500

mem[X,0x0000000080002450] -> 0x55B7
mem[X,0x0000000080002452] -> 0x0000
[325] [M]: 0x0000000080002450 (0x000055B7) lui x11, 0x5                             sv_Mepc+4
x11 <- 0x0000000000005000

clint mtime 0x00000000000000A3 (mip.MTI <- 0b1, mip.STI <- 0b0)
mem[X,0x0000000080002454] -> 0x8593
mem[X,0x0000000080002456] -> 0x6675
[326] [M]: 0x0000000080002454 (0x66758593) addi x11, x11, 0x667                     sv_Mepc+8
x11 <- 0x0000000000005667

mem[X,0x0000000080002458] -> 0x9593
mem[X,0x000000008000245A] -> 0x0015
[327] [M]: 0x0000000080002458 (0x00159593) slli x11, x11, 0x1                       sv_Mepc+12
x11 <- 0x000000000000ACCE

clint mtime 0x00000000000000A4 (mip.MTI <- 0b1, mip.STI <- 0b0)
mem[X,0x000000008000245C] -> 0x9063
mem[X,0x000000008000245E] -> 0x02B1
[328] [M]: 0x000000008000245C (0x02B19063) bne x3, x11, 0x20                        sv_Mepc+16

mem[X,0x000000008000247C] -> 0xF593
mem[X,0x000000008000247E] -> 0xFFC3
[329] [M]: 0x000000008000247C (0xFFC3F593) andi x11, x7, -0x4                       adj_Mepc_rtn+0
x11 <- 0x0000000080000500

clint mtime 0x00000000000000A5 (mip.MTI <- 0b1, mip.STI <- 0b0)
mem[X,0x0000000080002480] -> 0x8593
mem[X,0x0000000080002482] -> 0x0085
[330] [M]: 0x0000000080002480 (0x00858593) addi x11, x11, 0x8                       adj_Mepc_rtn+4
x11 <- 0x0000000080000508

mem[X,0x0000000080002484] -> 0x9073
mem[X,0x0000000080002486] -> 0x3415
[331] [M]: 0x0000000080002484 (0x34159073) csrrw x0, mepc, x11                      adj_Mepc_rtn+8
CSR mepc (0x341) <- 0x0000000080000508

clint mtime 0x00000000000000A6 (mip.MTI <- 0b1, mip.STI <- 0b0)
mem[X,0x0000000080002488] -> 0x23F3
mem[X,0x000000008000248A] -> 0x3430
[332] [M]: 0x0000000080002488 (0x343023F3) csrrs x7, mtval, x0                      skp_adj_Mepc+0
CSR mtval (0x343) -> 0x0000000080002000
x7 <- 0x0000000080002000

mem[X,0x000000008000248C] -> 0x7513
mem[X,0x000000008000248E] -> 0x00F5
[333] [M]: 0x000000008000248C (0x00F57513) andi x10, x10, 0xf                       chk_Mtval+0
x10 <- 0x0000000000000007

clint mtime 0x00000000000000A7 (mip.MTI <- 0b1, mip.STI <- 0b0)
mem[X,0x0000000080002490] -> 0x0437
mem[X,0x0000000080002492] -> 0x0000
[334] [M]: 0x0000000080002490 (0x00000437) lui x8, 0x0                              chk_Mtval+4
x8 <- 0x0000000000000000

mem[X,0x0000000080002494] -> 0x0413
mem[X,0x0000000080002496] -> 0x0004
[335] [M]: 0x0000000080002494 (0x00040413) addi x8, x8, 0x0                         chk_Mtval+8
x8 <- 0x0000000000000000

clint mtime 0x00000000000000A8 (mip.MTI <- 0b1, mip.STI <- 0b0)
mem[X,0x0000000080002498] -> 0x1413
mem[X,0x000000008000249A] -> 0x00B4
[336] [M]: 0x0000000080002498 (0x00B41413) slli x8, x8, 0xb                         chk_Mtval+12
x8 <- 0x0000000000000000

mem[X,0x000000008000249C] -> 0x0413
mem[X,0x000000008000249E] -> 0x0004
[337] [M]: 0x000000008000249C (0x00040413) addi x8, x8, 0x0                         chk_Mtval+16
x8 <- 0x0000000000000000

clint mtime 0x00000000000000A9 (mip.MTI <- 0b1, mip.STI <- 0b0)
mem[X,0x00000000800024A0] -> 0x1413
mem[X,0x00000000800024A2] -> 0x00B4
[338] [M]: 0x00000000800024A0 (0x00B41413) slli x8, x8, 0xb                         chk_Mtval+20
x8 <- 0x0000000000000000

mem[X,0x00000000800024A4] -> 0x0413
mem[X,0x00000000800024A6] -> 0x02C4
[339] [M]: 0x00000000800024A4 (0x02C40413) addi x8, x8, 0x2c                        chk_Mtval+24
x8 <- 0x000000000000002C

clint mtime 0x00000000000000AA (mip.MTI <- 0b1, mip.STI <- 0b0)
mem[X,0x00000000800024A8] -> 0x1413
mem[X,0x00000000800024AA] -> 0x00A4
[340] [M]: 0x00000000800024A8 (0x00A41413) slli x8, x8, 0xa                         chk_Mtval+28
x8 <- 0x000000000000B000

mem[X,0x00000000800024AC] -> 0x0413
mem[X,0x00000000800024AE] -> 0x0FB4
[341] [M]: 0x00000000800024AC (0x0FB40413) addi x8, x8, 0xfb                        chk_Mtval+32
x8 <- 0x000000000000B0FB

clint mtime 0x00000000000000AB (mip.MTI <- 0b1, mip.STI <- 0b0)
mem[X,0x00000000800024B0] -> 0x5433
mem[X,0x00000000800024B2] -> 0x00A4
[342] [M]: 0x00000000800024B0 (0x00A45433) srl x8, x8, x10                          chk_Mtval+36
x8 <- 0x0000000000000161

mem[X,0x00000000800024B4] -> 0x1413
mem[X,0x00000000800024B6] -> 0x03F4
[343] [M]: 0x00000000800024B4 (0x03F41413) slli x8, x8, 0x3f                        chk_Mtval+40
x8 <- 0x8000000000000000

clint mtime 0x00000000000000AC (mip.MTI <- 0b1, mip.STI <- 0b0)
mem[X,0x00000000800024B8] -> 0x5C63
mem[X,0x00000000800024BA] -> 0x0404
[344] [M]: 0x00000000800024B8 (0x04045C63) bge x8, x0, 0x58                         chk_Mtval+44

mem[X,0x00000000800024BC] -> 0xB403
mem[X,0x00000000800024BE] -> 0x2084
[345] [M]: 0x00000000800024BC (0x2084B403) ld x8, 0x208(x9)                         vmem_adj_Mtval+0
mem[R,0x0000000080005208] -> 0x00000000800003B4
x8 <- 0x00000000800003B4

clint mtime 0x00000000000000AD (mip.MTI <- 0b1, mip.STI <- 0b0)
mem[X,0x00000000800024C0] -> 0xB583
mem[X,0x00000000800024C2] -> 0x2104
[346] [M]: 0x00000000800024C0 (0x2104B583) ld x11, 0x210(x9)                        vmem_adj_Mtval+4
mem[R,0x0000000080005210] -> 0x0000000000001C5A
x11 <- 0x0000000000001C5A

mem[X,0x00000000800024C4] -> 0x85B3
mem[X,0x00000000800024C6] -> 0x0085
[347] [M]: 0x00000000800024C4 (0x008585B3) add x11, x11, x8                         vmem_adj_Mtval+8
x11 <- 0x000000008000200E

clint mtime 0x00000000000000AE (mip.MTI <- 0b1, mip.STI <- 0b0)
mem[X,0x00000000800024C8] -> 0xF463
mem[X,0x00000000800024CA] -> 0x00B3
[348] [M]: 0x00000000800024C8 (0x00B3F463) bgeu x7, x11, 0x8                        vmem_adj_Mtval+12

mem[X,0x00000000800024CC] -> 0xF063
mem[X,0x00000000800024CE] -> 0x0483
[349] [M]: 0x00000000800024CC (0x0483F063) bgeu x7, x8, 0x40                        vmem_adj_Mtval+16

clint mtime 0x00000000000000AF (mip.MTI <- 0b1, mip.STI <- 0b0)
mem[X,0x000000008000250C] -> 0x8433
mem[X,0x000000008000250E] -> 0x4083
[350] [M]: 0x000000008000250C (0x40838433) sub x8, x7, x8                           adj_Mtval+0
x8 <- 0x0000000000001C4C

mem[X,0x0000000080002510] -> 0x3C23
mem[X,0x0000000080002512] -> 0x0083
[351] [M]: 0x0000000080002510 (0x00833C23) sd x8, 0x18(x6)                          sv_Mtval+0
mem[W,0x0000000080006338] <- 0x0000000000001C4C

clint mtime 0x00000000000000B0 (mip.MTI <- 0b1, mip.STI <- 0b0)
mem[X,0x0000000080002514] -> 0x3483
mem[X,0x0000000080002516] -> 0x2181
[352] [M]: 0x0000000080002514 (0x21813483) ld x9, 0x218(x2)                         skp_Mtval+0
mem[R,0x0000000080005218] -> 0x0000000080006340
x9 <- 0x0000000080006340

mem[X,0x0000000080002518] -> 0x3383
mem[X,0x000000008000251A] -> 0x1F81
[353] [M]: 0x0000000080002518 (0x1F813383) ld x7, 0x1f8(x2)                         skp_Mtval+4
mem[R,0x00000000800051F8] -> 0x0000000080006210
x7 <- 0x0000000080006210

clint mtime 0x00000000000000B1 (mip.MTI <- 0b1, mip.STI <- 0b0)
mem[X,0x000000008000251C] -> 0x3303
mem[X,0x000000008000251E] -> 0x2001
[354] [M]: 0x000000008000251C (0x20013303) ld x6, 0x200(x2)                         skp_Mtval+8
mem[R,0x0000000080005200] -> 0x0000000000000920
x6 <- 0x0000000000000920

mem[X,0x0000000080002520] -> 0x0333
mem[X,0x0000000080002522] -> 0x0073
[355] [M]: 0x0000000080002520 (0x00730333) add x6, x6, x7                           skp_Mtval+12
x6 <- 0x0000000080006B30

clint mtime 0x00000000000000B2 (mip.MTI <- 0b1, mip.STI <- 0b0)
mem[X,0x0000000080002524] -> 0x69E3
mem[X,0x0000000080002526] -> 0xAE93
[356] [M]: 0x0000000080002524 (0xAE9369E3) bltu x6, x9, -0x50e                      skp_Mtval+16

mem[X,0x0000000080002528] -> 0x0393
mem[X,0x000000008000252A] -> 0x2000
[357] [M]: 0x0000000080002528 (0x20000393) addi x7, x0, 0x200                       skp_Mtval+20
x7 <- 0x0000000000000200

clint mtime 0x00000000000000B3 (mip.MTI <- 0b1, mip.STI <- 0b0)
mem[X,0x000000008000252C] -> 0x006F
mem[X,0x000000008000252E] -> 0x0400
[358] [M]: 0x000000008000252C (0x0400006F) jal x0, 0x40                             skp_Mtval+24

mem[X,0x000000008000256C] -> 0x0417
mem[X,0x000000008000256E] -> 0x0000
[359] [M]: 0x000000008000256C (0x00000417) auipc x8, 0x0                            spcl_Mhandler+0
x8 <- 0x000000008000256C

clint mtime 0x00000000000000B4 (mip.MTI <- 0b1, mip.STI <- 0b0)
mem[X,0x0000000080002570] -> 0x0413
mem[X,0x0000000080002572] -> 0x03C4
[360] [M]: 0x0000000080002570 (0x03C40413) addi x8, x8, 0x3c                        spcl_Mhandler+4
x8 <- 0x00000000800025A8

mem[X,0x0000000080002574] -> 0x0433
mem[X,0x0000000080002576] -> 0x0074
[361] [M]: 0x0000000080002574 (0x00740433) add x8, x8, x7                           spcl_Mhandler+8
x8 <- 0x00000000800027A8

clint mtime 0x00000000000000B5 (mip.MTI <- 0b1, mip.STI <- 0b0)
mem[X,0x0000000080002578] -> 0x1393
mem[X,0x000000008000257A] -> 0x0035
[362] [M]: 0x0000000080002578 (0x00351393) slli x7, x10, 0x3                        spcl_Mhandler+12
x7 <- 0x0000000000000038

mem[X,0x000000008000257C] -> 0x0433
mem[X,0x000000008000257E] -> 0x0074
[363] [M]: 0x000000008000257C (0x00740433) add x8, x8, x7                           spcl_Mhandler+16
x8 <- 0x00000000800027E0

clint mtime 0x00000000000000B6 (mip.MTI <- 0b1, mip.STI <- 0b0)
mem[X,0x0000000080002580] -> 0x7413
mem[X,0x0000000080002582] -> 0xFF84
[364] [M]: 0x0000000080002580 (0xFF847413) andi x8, x8, -0x8                        spcl_Mhandler+20
x8 <- 0x00000000800027E0

mem[X,0x0000000080002584] -> 0x3403
mem[X,0x0000000080002586] -> 0x0004
[365] [M]: 0x0000000080002584 (0x00043403) ld x8, 0x0(x8)                           spcl_Mhandler+24
mem[R,0x00000000800027E0] -> 0x000000000000000F
x8 <- 0x000000000000000F

clint mtime 0x00000000000000B7 (mip.MTI <- 0b1, mip.STI <- 0b0)
mem[X,0x0000000080002588] -> 0x01E3
mem[X,0x000000008000258A] -> 0xB204
[366] [M]: 0x0000000080002588 (0xB20401E3) beq x8, x0, -0x4de                       spcl_Mdispatch_hndling+0

mem[X,0x000000008000258C] -> 0x1393
mem[X,0x000000008000258E] -> 0x03F4
[367] [M]: 0x000000008000258C (0x03F41393) slli x7, x8, 0x3f                        spcl_Mdispatch_hndling+4
x7 <- 0x8000000000000000

clint mtime 0x00000000000000B8 (mip.MTI <- 0b1, mip.STI <- 0b0)
mem[X,0x0000000080002590] -> 0xD863
mem[X,0x0000000080002592] -> 0x0003
[368] [M]: 0x0000000080002590 (0x0003D863) bge x7, x0, 0x10                         spcl_Mdispatch_hndling+8

mem[X,0x0000000080002594] -> 0x5413
mem[X,0x0000000080002596] -> 0x0014
[369] [M]: 0x0000000080002594 (0x00145413) srli x8, x8, 0x1                         spcl_Mdispatch_hndling+12
x8 <- 0x0000000000000007

clint mtime 0x00000000000000B9 (mip.MTI <- 0b1, mip.STI <- 0b0)
mem[X,0x0000000080002598] -> 0x0CE3
mem[X,0x000000008000259A] -> 0xF885
[370] [M]: 0x0000000080002598 (0xF8850CE3) beq x10, x8, -0x68                       spcl_Mdispatch_hndling+16

mem[X,0x0000000080002530] -> 0x3303
mem[X,0x0000000080002532] -> 0x2601
[371] [M]: 0x0000000080002530 (0x26013303) ld x6, 0x260(x2)                         resto_Mrtn+0
mem[R,0x0000000080005260] -> 0x000000001FDDB7D5
x6 <- 0x000000001FDDB7D5

clint mtime 0x00000000000000BA (mip.MTI <- 0b1, mip.STI <- 0b0)
mem[X,0x0000000080002534] -> 0x3383
mem[X,0x0000000080002536] -> 0x2681
[372] [M]: 0x0000000080002534 (0x26813383) ld x7, 0x268(x2)                         resto_Mrtn+4
mem[R,0x0000000080005268] -> 0x00000000003FBB6F
x7 <- 0x00000000003FBB6F

mem[X,0x0000000080002538] -> 0x3403
mem[X,0x000000008000253A] -> 0x2701
[373] [M]: 0x0000000080002538 (0x27013403) ld x8, 0x270(x2)                         resto_Mrtn+8
mem[R,0x0000000080005270] -> 0x0000000080002000
x8 <- 0x0000000080002000

clint mtime 0x00000000000000BB (mip.MTI <- 0b1, mip.STI <- 0b0)
mem[X,0x000000008000253C] -> 0x3483
mem[X,0x000000008000253E] -> 0x2781
[374] [M]: 0x000000008000253C (0x27813483) ld x9, 0x278(x2)                         resto_Mrtn+12
mem[R,0x0000000080005278] -> 0x00000000000000FE
x9 <- 0x00000000000000FE

mem[X,0x0000000080002540] -> 0x3503
mem[X,0x0000000080002542] -> 0x2801
[375] [M]: 0x0000000080002540 (0x28013503) ld x10, 0x280(x2)                        resto_Mrtn+16
mem[R,0x0000000080005280] -> 0x0000000000002000
x10 <- 0x0000000000002000

clint mtime 0x00000000000000BC (mip.MTI <- 0b1, mip.STI <- 0b0)
mem[X,0x0000000080002544] -> 0x3583
mem[X,0x0000000080002546] -> 0x2881
[376] [M]: 0x0000000080002544 (0x28813583) ld x11, 0x288(x2)                        resto_Mrtn+20
mem[R,0x0000000080005288] -> 0x0000000000000000
x11 <- 0x0000000000000000

mem[X,0x0000000080002548] -> 0x3103
mem[X,0x000000008000254A] -> 0x2901
[377] [M]: 0x0000000080002548 (0x29013103) ld x2, 0x290(x2)                         resto_Mrtn+24
mem[R,0x0000000080005290] -> 0x01FDDB7D5BFDDB7F
x2 <- 0x01FDDB7D5BFDDB7F

clint mtime 0x00000000000000BD (mip.MTI <- 0b1, mip.STI <- 0b0)
mem[X,0x000000008000254C] -> 0x0073
mem[X,0x000000008000254E] -> 0x3020
[378] [M]: 0x000000008000254C (0x30200073) mret                                     resto_Mrtn+28
CSR mstatus (0x300) <- 0x8000000A00006080
ret-ing from M to M

mem[X,0x0000000080000508] -> 0x0001
[379] [M]: 0x0000000080000508 (0x0001) c.nop                                        main+264

clint mtime 0x00000000000000BE (mip.MTI <- 0b1, mip.STI <- 0b0)
mem[X,0x000000008000050A] -> 0x2000
[380] [M]: 0x000000008000050A (0x2000) c.fld f8, 0x0(x8)                            main+266
trapping from M to M to handle load-access-fault
handling exc#load-access-fault at priv M with tval 0x0000000080002000
CSR mstatus (0x300) <- 0x8000000A00007800
CSR mcause (0x342) <- 0x0000000000000005
CSR mtval (0x343) <- 0x0000000080002000
CSR mepc (0x341) <- 0x000000008000050A

mem[X,0x0000000080002100] -> 0x006F
mem[X,0x0000000080002102] -> 0x1000
[381] [M]: 0x0000000080002100 (0x1000006F) jal x0, 0x100                            Mtrampoline+0

clint mtime 0x00000000000000BF (mip.MTI <- 0b1, mip.STI <- 0b0)
mem[X,0x0000000080002200] -> 0x1173
mem[X,0x0000000080002202] -> 0x3401
[382] [M]: 0x0000000080002200 (0x34011173) csrrw x2, mscratch, x2                   trap_Mhandler+0
CSR mscratch (0x340) <- 0x01FDDB7D5BFDDB7F
x2 <- 0x0000000080005000

mem[X,0x0000000080002204] -> 0x3423
mem[X,0x0000000080002206] -> 0x28B1
[383] [M]: 0x0000000080002204 (0x28B13423) sd x11, 0x288(x2)                        trap_Mhandler+4
mem[W,0x0000000080005288] <- 0x0000000000000000

clint mtime 0x00000000000000C0 (mip.MTI <- 0b1, mip.STI <- 0b0)
mem[X,0x0000000080002208] -> 0x05EF
mem[X,0x000000008000220A] -> 0x0B80
[384] [M]: 0x0000000080002208 (0x0B8005EF) jal x11, 0xb8                            trap_Mhandler+8
x11 <- 0x000000008000220C

mem[X,0x00000000800022C0] -> 0x3023
mem[X,0x00000000800022C2] -> 0x28A1
[385] [M]: 0x00000000800022C0 (0x28A13023) sd x10, 0x280(x2)                        common_Mhandler+0
mem[W,0x0000000080005280] <- 0x0000000000002000

clint mtime 0x00000000000000C1 (mip.MTI <- 0b1, mip.STI <- 0b0)
mem[X,0x00000000800022C4] -> 0x1573
mem[X,0x00000000800022C6] -> 0x3401
[386] [M]: 0x00000000800022C4 (0x34011573) csrrw x10, mscratch, x2                  common_Mhandler+4
CSR mscratch (0x340) <- 0x0000000080005000
x10 <- 0x01FDDB7D5BFDDB7F

mem[X,0x00000000800022C8] -> 0x3823
mem[X,0x00000000800022CA] -> 0x28A1
[387] [M]: 0x00000000800022C8 (0x28A13823) sd x10, 0x290(x2)                        common_Mhandler+8
mem[W,0x0000000080005290] <- 0x01FDDB7D5BFDDB7F

clint mtime 0x00000000000000C2 (mip.MTI <- 0b1, mip.STI <- 0b0)
mem[X,0x00000000800022CC] -> 0x3503
mem[X,0x00000000800022CE] -> 0x2301
[388] [M]: 0x00000000800022CC (0x23013503) ld x10, 0x230(x2)                        common_Mhandler+12
mem[R,0x0000000080005230] -> 0x00000000800022D4
x10 <- 0x00000000800022D4

mem[X,0x00000000800022D0] -> 0x0067
mem[X,0x00000000800022D2] -> 0x0005
[389] [M]: 0x00000000800022D0 (0x00050067) jalr x0, 0x0(x10)                        common_Mhandler+16

clint mtime 0x00000000000000C3 (mip.MTI <- 0b1, mip.STI <- 0b0)
mem[X,0x00000000800022D4] -> 0x3C23
mem[X,0x00000000800022D6] -> 0x2691
[390] [M]: 0x00000000800022D4 (0x26913C23) sd x9, 0x278(x2)                         common_Mentry+0
mem[W,0x0000000080005278] <- 0x00000000000000FE

mem[X,0x00000000800022D8] -> 0x3823
mem[X,0x00000000800022DA] -> 0x2681
[391] [M]: 0x00000000800022D8 (0x26813823) sd x8, 0x270(x2)                         common_Mentry+4
mem[W,0x0000000080005270] <- 0x0000000080002000

clint mtime 0x00000000000000C4 (mip.MTI <- 0b1, mip.STI <- 0b0)
mem[X,0x00000000800022DC] -> 0x3423
mem[X,0x00000000800022DE] -> 0x2671
[392] [M]: 0x00000000800022DC (0x26713423) sd x7, 0x268(x2)                         common_Mentry+8
mem[W,0x0000000080005268] <- 0x00000000003FBB6F

mem[X,0x00000000800022E0] -> 0x3023
mem[X,0x00000000800022E2] -> 0x2661
[393] [M]: 0x00000000800022E0 (0x26613023) sd x6, 0x260(x2)                         common_Mentry+12
mem[W,0x0000000080005260] <- 0x000000001FDDB7D5

clint mtime 0x00000000000000C5 (mip.MTI <- 0b1, mip.STI <- 0b0)
mem[X,0x00000000800022E4] -> 0x2573
mem[X,0x00000000800022E6] -> 0x3420
[394] [M]: 0x00000000800022E4 (0x34202573) csrrs x10, mcause, x0                    spcl_M2mmode_test+0
CSR mcause (0x342) -> 0x0000000000000005
x10 <- 0x0000000000000005

mem[X,0x00000000800022E8] -> 0x04B7
mem[X,0x00000000800022EA] -> 0x8000
[395] [M]: 0x00000000800022E8 (0x800004B7) lui x9, -0x80000                         spcl_M2mmode_test+4
x9 <- 0xFFFFFFFF80000000

clint mtime 0x00000000000000C6 (mip.MTI <- 0b1, mip.STI <- 0b0)
mem[X,0x00000000800022EC] -> 0x8493
mem[X,0x00000000800022EE] -> 0x0004
[396] [M]: 0x00000000800022EC (0x00048493) addi x9, x9, 0x0                         spcl_M2mmode_test+8
x9 <- 0xFFFFFFFF80000000

mem[X,0x00000000800022F0] -> 0x9493
mem[X,0x00000000800022F2] -> 0x00B4
[397] [M]: 0x00000000800022F0 (0x00B49493) slli x9, x9, 0xb                         spcl_M2mmode_test+12
x9 <- 0xFFFFFC0000000000

clint mtime 0x00000000000000C7 (mip.MTI <- 0b1, mip.STI <- 0b0)
mem[X,0x00000000800022F4] -> 0x8493
mem[X,0x00000000800022F6] -> 0x0004
[398] [M]: 0x00000000800022F4 (0x00048493) addi x9, x9, 0x0                         spcl_M2mmode_test+16
x9 <- 0xFFFFFC0000000000

mem[X,0x00000000800022F8] -> 0x9493
mem[X,0x00000000800022FA] -> 0x00B4
[399] [M]: 0x00000000800022F8 (0x00B49493) slli x9, x9, 0xb                         spcl_M2mmode_test+20
x9 <- 0xFFE0000000000000

clint mtime 0x00000000000000C8 (mip.MTI <- 0b1, mip.STI <- 0b0)
mem[X,0x00000000800022FC] -> 0x8493
mem[X,0x00000000800022FE] -> 0x0034
[400] [M]: 0x00000000800022FC (0x00348493) addi x9, x9, 0x3                         spcl_M2mmode_test+24
x9 <- 0xFFE0000000000003

mem[X,0x0000000080002300] -> 0x9493
mem[X,0x0000000080002302] -> 0x00A4
[401] [M]: 0x0000000080002300 (0x00A49493) slli x9, x9, 0xa                         spcl_M2mmode_test+28
x9 <- 0x8000000000000C00

clint mtime 0x00000000000000C9 (mip.MTI <- 0b1, mip.STI <- 0b0)
mem[X,0x0000000080002304] -> 0x8493
mem[X,0x0000000080002306] -> 0x3FC4
[402] [M]: 0x0000000080002304 (0x3FC48493) addi x9, x9, 0x3fc                       spcl_M2mmode_test+32
x9 <- 0x8000000000000FFC

mem[X,0x0000000080002308] -> 0xF4B3
mem[X,0x000000008000230A] -> 0x00A4
[403] [M]: 0x0000000080002308 (0x00A4F4B3) and x9, x9, x10                          spcl_M2mmode_test+36
x9 <- 0x0000000000000004

clint mtime 0x00000000000000CA (mip.MTI <- 0b1, mip.STI <- 0b0)
mem[X,0x000000008000230C] -> 0x8493
mem[X,0x000000008000230E] -> 0xFF84
[404] [M]: 0x000000008000230C (0xFF848493) addi x9, x9, -0x8                        spcl_M2mmode_test+40
x9 <- 0xFFFFFFFFFFFFFFFC

mem[X,0x0000000080002310] -> 0x9663
mem[X,0x0000000080002312] -> 0x0004
[405] [M]: 0x0000000080002310 (0x00049663) bne x9, x0, 0xc                          spcl_M2mmode_test+44

clint mtime 0x00000000000000CB (mip.MTI <- 0b1, mip.STI <- 0b0)
mem[X,0x000000008000231C] -> 0x0393
mem[X,0x000000008000231E] -> 0x0200
[406] [M]: 0x000000008000231C (0x02000393) addi x7, x0, 0x20                        Mtrapsig_ptr_upd+0
x7 <- 0x0000000000000020

mem[X,0x0000000080002320] -> 0x5263
mem[X,0x0000000080002322] -> 0x0405
[407] [M]: 0x0000000080002320 (0x04055263) bge x10, x0, 0x44                        Mtrapsig_ptr_upd+4

clint mtime 0x00000000000000CC (mip.MTI <- 0b1, mip.STI <- 0b0)
mem[X,0x0000000080002364] -> 0x2373
mem[X,0x0000000080002366] -> 0x3010
[408] [M]: 0x0000000080002364 (0x30102373) csrrs x6, misa, x0                       Mxcpt_sig_sv+0
CSR misa (0x301) -> 0x800000000034112F
x6 <- 0x800000000034112F

mem[X,0x0000000080002368] -> 0x1313
mem[X,0x000000008000236A] -> 0x0383
[409] [M]: 0x0000000080002368 (0x03831313) slli x6, x6, 0x38                        Mxcpt_sig_sv+4
x6 <- 0x2F00000000000000

clint mtime 0x00000000000000CD (mip.MTI <- 0b1, mip.STI <- 0b0)
mem[X,0x000000008000236C] -> 0x5463
mem[X,0x000000008000236E] -> 0x0003
[410] [M]: 0x000000008000236C (0x00035463) bge x6, x0, 0x8                          Mxcpt_sig_sv+8

mem[X,0x0000000080002374] -> 0x3303
mem[X,0x0000000080002376] -> 0x2181
[411] [M]: 0x0000000080002374 (0x21813303) ld x6, 0x218(x2)                         Mtrap_sig_sv+0
mem[R,0x0000000080005218] -> 0x0000000080006340
x6 <- 0x0000000080006340

clint mtime 0x00000000000000CE (mip.MTI <- 0b1, mip.STI <- 0b0)
mem[X,0x0000000080002378] -> 0x04B3
mem[X,0x000000008000237A] -> 0x0073
[412] [M]: 0x0000000080002378 (0x007304B3) add x9, x6, x7                           Mtrap_sig_sv+4
x9 <- 0x0000000080006360

mem[X,0x000000008000237C] -> 0x3C23
mem[X,0x000000008000237E] -> 0x2091
[413] [M]: 0x000000008000237C (0x20913C23) sd x9, 0x218(x2)                         Mtrap_sig_sv+8
mem[W,0x0000000080005218] <- 0x0000000080006360

clint mtime 0x00000000000000CF (mip.MTI <- 0b1, mip.STI <- 0b0)
mem[X,0x0000000080002380] -> 0x3403
mem[X,0x0000000080002382] -> 0x1F81
[414] [M]: 0x0000000080002380 (0x1F813403) ld x8, 0x1f8(x2)                         Mtrap_sig_sv+12
mem[R,0x00000000800051F8] -> 0x0000000080006210
x8 <- 0x0000000080006210

mem[X,0x0000000080002384] -> 0x0333
mem[X,0x0000000080002386] -> 0x4083
[415] [M]: 0x0000000080002384 (0x40830333) sub x6, x6, x8                           Mtrap_sig_sv+16
x6 <- 0x0000000000000130

clint mtime 0x00000000000000D0 (mip.MTI <- 0b1, mip.STI <- 0b0)
mem[X,0x0000000080002388] -> 0x3403
mem[X,0x000000008000238A] -> 0x1F81
[416] [M]: 0x0000000080002388 (0x1F813403) ld x8, 0x1f8(x2)                         Mtrap_sig_sv+20
mem[R,0x00000000800051F8] -> 0x0000000080006210
x8 <- 0x0000000080006210

mem[X,0x000000008000238C] -> 0x0333
mem[X,0x000000008000238E] -> 0x0083
[417] [M]: 0x000000008000238C (0x00830333) add x6, x6, x8                           Mtrap_sig_sv+24
x6 <- 0x0000000080006340

clint mtime 0x00000000000000D1 (mip.MTI <- 0b1, mip.STI <- 0b0)
mem[X,0x0000000080002390] -> 0x3403
mem[X,0x0000000080002392] -> 0x2401
[418] [M]: 0x0000000080002390 (0x24013403) ld x8, 0x240(x2)                         Mtrap_sig_sv+28
mem[R,0x0000000080005240] -> 0x0000000080002100
x8 <- 0x0000000080002100

mem[X,0x0000000080002394] -> 0x85B3
mem[X,0x0000000080002396] -> 0x4085
[419] [M]: 0x0000000080002394 (0x408585B3) sub x11, x11, x8                         sv_Mvect+0
x11 <- 0x000000000000010C

clint mtime 0x00000000000000D2 (mip.MTI <- 0b1, mip.STI <- 0b0)
mem[X,0x0000000080002398] -> 0x9593
mem[X,0x000000008000239A] -> 0x0045
[420] [M]: 0x0000000080002398 (0x00459593) slli x11, x11, 0x4                       sv_Mvect+4
x11 <- 0x00000000000010C0

mem[X,0x000000008000239C] -> 0xE5B3
mem[X,0x000000008000239E] -> 0x0075
[421] [M]: 0x000000008000239C (0x0075E5B3) or x11, x11, x7                          sv_Mvect+8
x11 <- 0x00000000000010E0

clint mtime 0x00000000000000D3 (mip.MTI <- 0b1, mip.STI <- 0b0)
mem[X,0x00000000800023A0] -> 0x8593
mem[X,0x00000000800023A2] -> 0x0035
[422] [M]: 0x00000000800023A0 (0x00358593) addi x11, x11, 0x3                       sv_Mvect+12
x11 <- 0x00000000000010E3

mem[X,0x00000000800023A4] -> 0x3023
mem[X,0x00000000800023A6] -> 0x00B3
[423] [M]: 0x00000000800023A4 (0x00B33023) sd x11, 0x0(x6)                          sv_Mvect+16
mem[W,0x0000000080006340] <- 0x00000000000010E3

clint mtime 0x00000000000000D4 (mip.MTI <- 0b1, mip.STI <- 0b0)
mem[X,0x00000000800023A8] -> 0x3423
mem[X,0x00000000800023AA] -> 0x00A3
[424] [M]: 0x00000000800023A8 (0x00A33423) sd x10, 0x8(x6)                          sv_Mcause+0
mem[W,0x0000000080006348] <- 0x0000000000000005

mem[X,0x00000000800023AC] -> 0x4263
mem[X,0x00000000800023AE] -> 0x1A05
[425] [M]: 0x00000000800023AC (0x1A054263) blt x10, x0, 0x1a4                       sv_Mcause+4

clint mtime 0x00000000000000D5 (mip.MTI <- 0b1, mip.STI <- 0b0)
mem[X,0x00000000800023B0] -> 0x25F3
mem[X,0x00000000800023B2] -> 0x3000
[426] [M]: 0x00000000800023B0 (0x300025F3) csrrs x11, mstatus, x0                   common_Mexcpt_handler+0
CSR mstatus (0x300) -> 0x8000000A00007800
x11 <- 0x8000000A00007800

mem[X,0x00000000800023B4] -> 0x9413
mem[X,0x00000000800023B6] -> 0x02E5
[427] [M]: 0x00000000800023B4 (0x02E59413) slli x8, x11, 0x2e                       common_Mexcpt_handler+4
x8 <- 0x1E00000000000000

clint mtime 0x00000000000000D6 (mip.MTI <- 0b1, mip.STI <- 0b0)
mem[X,0x00000000800023B8] -> 0x5463
mem[X,0x00000000800023BA] -> 0x0004
[428] [M]: 0x00000000800023B8 (0x00045463) bge x8, x0, 0x8                          common_Mexcpt_handler+8

mem[X,0x00000000800023C0] -> 0xD493
mem[X,0x00000000800023C2] -> 0x00B5
[429] [M]: 0x00000000800023C0 (0x00B5D493) srli x9, x11, 0xb                        common_Mexcpt_handler+16
x9 <- 0x001000000140000F

clint mtime 0x00000000000000D7 (mip.MTI <- 0b1, mip.STI <- 0b0)
mem[X,0x00000000800023C4] -> 0xF493
mem[X,0x00000000800023C6] -> 0x0034
[430] [M]: 0x00000000800023C4 (0x0034F493) andi x9, x9, 0x3                         common_Mexcpt_handler+20
x9 <- 0x0000000000000003

mem[X,0x00000000800023C8] -> 0x8493
mem[X,0x00000000800023CA] -> 0x0014
[431] [M]: 0x00000000800023C8 (0x00148493) addi x9, x9, 0x1                         common_Mexcpt_handler+24
x9 <- 0x0000000000000004

clint mtime 0x00000000000000D8 (mip.MTI <- 0b1, mip.STI <- 0b0)
mem[X,0x00000000800023CC] -> 0xF493
mem[X,0x00000000800023CE] -> 0x0044
[432] [M]: 0x00000000800023CC (0x0044F493) andi x9, x9, 0x4                         common_Mexcpt_handler+28
x9 <- 0x0000000000000004

mem[X,0x00000000800023D0] -> 0x0593
mem[X,0x00000000800023D2] -> 0x05D0
[433] [M]: 0x00000000800023D0 (0x05D00593) addi x11, x0, 0x5d                       common_Mexcpt_handler+32
x11 <- 0x000000000000005D

clint mtime 0x00000000000000D9 (mip.MTI <- 0b1, mip.STI <- 0b0)
mem[X,0x00000000800023D4] -> 0xD5B3
mem[X,0x00000000800023D6] -> 0x0095
[434] [M]: 0x00000000800023D4 (0x0095D5B3) srl x11, x11, x9                         common_Mexcpt_handler+36
x11 <- 0x0000000000000005

mem[X,0x00000000800023D8] -> 0xF593
mem[X,0x00000000800023DA] -> 0x0015
[435] [M]: 0x00000000800023D8 (0x0015F593) andi x11, x11, 0x1                       common_Mexcpt_handler+40
x11 <- 0x0000000000000001

clint mtime 0x00000000000000DA (mip.MTI <- 0b1, mip.STI <- 0b0)
mem[X,0x00000000800023DC] -> 0x8EE3
mem[X,0x00000000800023DE] -> 0xF405
[436] [M]: 0x00000000800023DC (0xF4058EE3) beq x11, x0, -0xa4                       common_Mexcpt_handler+44

mem[X,0x00000000800023E0] -> 0x0593
mem[X,0x00000000800023E2] -> 0x2980
[437] [M]: 0x00000000800023E0 (0x29800593) addi x11, x0, 0x298                      common_Mexcpt_handler+48
x11 <- 0x0000000000000298

clint mtime 0x00000000000000DB (mip.MTI <- 0b1, mip.STI <- 0b0)
mem[X,0x00000000800023E4] -> 0xF413
mem[X,0x00000000800023E6] -> 0x0014
[438] [M]: 0x00000000800023E4 (0x0014F413) andi x8, x9, 0x1                         common_Mexcpt_handler+52
x8 <- 0x0000000000000000

mem[X,0x00000000800023E8] -> 0x95B3
mem[X,0x00000000800023EA] -> 0x0085
[439] [M]: 0x00000000800023E8 (0x008595B3) sll x11, x11, x8                         common_Mexcpt_handler+56
x11 <- 0x0000000000000298

clint mtime 0x00000000000000DC (mip.MTI <- 0b1, mip.STI <- 0b0)
mem[X,0x00000000800023EC] -> 0x9413
mem[X,0x00000000800023EE] -> 0x03D4
[440] [M]: 0x00000000800023EC (0x03D49413) slli x8, x9, 0x3d                        common_Mexcpt_handler+60
x8 <- 0x8000000000000000

mem[X,0x00000000800023F0] -> 0x5413
mem[X,0x00000000800023F2] -> 0x43F4
[441] [M]: 0x00000000800023F0 (0x43F45413) srai x8, x8, 0x3f                        common_Mexcpt_handler+64
x8 <- 0xFFFFFFFFFFFFFFFF

clint mtime 0x00000000000000DD (mip.MTI <- 0b1, mip.STI <- 0b0)
mem[X,0x00000000800023F4] -> 0x4413
mem[X,0x00000000800023F6] -> 0xFFF4
[442] [M]: 0x00000000800023F4 (0xFFF44413) xori x8, x8, -0x1                        common_Mexcpt_handler+68
x8 <- 0x0000000000000000

mem[X,0x00000000800023F8] -> 0xF4B3
mem[X,0x00000000800023FA] -> 0x0085
[443] [M]: 0x00000000800023F8 (0x0085F4B3) and x9, x11, x8                          common_Mexcpt_handler+72
x9 <- 0x0000000000000000

clint mtime 0x00000000000000DE (mip.MTI <- 0b1, mip.STI <- 0b0)
mem[X,0x00000000800023FC] -> 0x84B3
mem[X,0x00000000800023FE] -> 0x0024
[444] [M]: 0x00000000800023FC (0x002484B3) add x9, x9, x2                           vmem_adj_Mepc+0
x9 <- 0x0000000080005000

mem[X,0x0000000080002400] -> 0x23F3
mem[X,0x0000000080002402] -> 0x3410
[445] [M]: 0x0000000080002400 (0x341023F3) csrrs x7, mepc, x0                       vmem_adj_Mepc+4
CSR mepc (0x341) -> 0x000000008000050A
x7 <- 0x000000008000050A

clint mtime 0x00000000000000DF (mip.MTI <- 0b1, mip.STI <- 0b0)
mem[X,0x0000000080002404] -> 0x0413
mem[X,0x0000000080002406] -> 0x0004
[446] [M]: 0x0000000080002404 (0x00040413) addi x8, x8, 0x0                         vmem_adj_Mepc+8
x8 <- 0x0000000000000000

mem[X,0x0000000080002408] -> 0x006F
mem[X,0x000000008000240A] -> 0x0400
[447] [M]: 0x0000000080002408 (0x0400006F) jal x0, 0x40                             vmem_adj_Mepc+12

clint mtime 0x00000000000000E0 (mip.MTI <- 0b1, mip.STI <- 0b0)
mem[X,0x0000000080002448] -> 0x8433
mem[X,0x000000008000244A] -> 0x4083
[448] [M]: 0x0000000080002448 (0x40838433) sub x8, x7, x8                           adj_Mepc+0
x8 <- 0x000000008000050A

mem[X,0x000000008000244C] -> 0x3823
mem[X,0x000000008000244E] -> 0x0083
[449] [M]: 0x000000008000244C (0x00833823) sd x8, 0x10(x6)                          sv_Mepc+0
mem[W,0x0000000080006350] <- 0x000000008000050A

clint mtime 0x00000000000000E1 (mip.MTI <- 0b1, mip.STI <- 0b0)
mem[X,0x0000000080002450] -> 0x55B7
mem[X,0x0000000080002452] -> 0x0000
[450] [M]: 0x0000000080002450 (0x000055B7) lui x11, 0x5                             sv_Mepc+4
x11 <- 0x0000000000005000

mem[X,0x0000000080002454] -> 0x8593
mem[X,0x0000000080002456] -> 0x6675
[451] [M]: 0x0000000080002454 (0x66758593) addi x11, x11, 0x667                     sv_Mepc+8
x11 <- 0x0000000000005667

clint mtime 0x00000000000000E2 (mip.MTI <- 0b1, mip.STI <- 0b0)
mem[X,0x0000000080002458] -> 0x9593
mem[X,0x000000008000245A] -> 0x0015
[452] [M]: 0x0000000080002458 (0x00159593) slli x11, x11, 0x1                       sv_Mepc+12
x11 <- 0x000000000000ACCE

mem[X,0x000000008000245C] -> 0x9063
mem[X,0x000000008000245E] -> 0x02B1
[453] [M]: 0x000000008000245C (0x02B19063) bne x3, x11, 0x20                        sv_Mepc+16

clint mtime 0x00000000000000E3 (mip.MTI <- 0b1, mip.STI <- 0b0)
mem[X,0x000000008000247C] -> 0xF593
mem[X,0x000000008000247E] -> 0xFFC3
[454] [M]: 0x000000008000247C (0xFFC3F593) andi x11, x7, -0x4                       adj_Mepc_rtn+0
x11 <- 0x0000000080000508

mem[X,0x0000000080002480] -> 0x8593
mem[X,0x0000000080002482] -> 0x0085
[455] [M]: 0x0000000080002480 (0x00858593) addi x11, x11, 0x8                       adj_Mepc_rtn+4
x11 <- 0x0000000080000510

clint mtime 0x00000000000000E4 (mip.MTI <- 0b1, mip.STI <- 0b0)
mem[X,0x0000000080002484] -> 0x9073
mem[X,0x0000000080002486] -> 0x3415
[456] [M]: 0x0000000080002484 (0x34159073) csrrw x0, mepc, x11                      adj_Mepc_rtn+8
CSR mepc (0x341) <- 0x0000000080000510

mem[X,0x0000000080002488] -> 0x23F3
mem[X,0x000000008000248A] -> 0x3430
[457] [M]: 0x0000000080002488 (0x343023F3) csrrs x7, mtval, x0                      skp_adj_Mepc+0
CSR mtval (0x343) -> 0x0000000080002000
x7 <- 0x0000000080002000

clint mtime 0x00000000000000E5 (mip.MTI <- 0b1, mip.STI <- 0b0)
mem[X,0x000000008000248C] -> 0x7513
mem[X,0x000000008000248E] -> 0x00F5
[458] [M]: 0x000000008000248C (0x00F57513) andi x10, x10, 0xf                       chk_Mtval+0
x10 <- 0x0000000000000005

mem[X,0x0000000080002490] -> 0x0437
mem[X,0x0000000080002492] -> 0x0000
[459] [M]: 0x0000000080002490 (0x00000437) lui x8, 0x0                              chk_Mtval+4
x8 <- 0x0000000000000000

clint mtime 0x00000000000000E6 (mip.MTI <- 0b1, mip.STI <- 0b0)
mem[X,0x0000000080002494] -> 0x0413
mem[X,0x0000000080002496] -> 0x0004
[460] [M]: 0x0000000080002494 (0x00040413) addi x8, x8, 0x0                         chk_Mtval+8
x8 <- 0x0000000000000000

mem[X,0x0000000080002498] -> 0x1413
mem[X,0x000000008000249A] -> 0x00B4
[461] [M]: 0x0000000080002498 (0x00B41413) slli x8, x8, 0xb                         chk_Mtval+12
x8 <- 0x0000000000000000

clint mtime 0x00000000000000E7 (mip.MTI <- 0b1, mip.STI <- 0b0)
mem[X,0x000000008000249C] -> 0x0413
mem[X,0x000000008000249E] -> 0x0004
[462] [M]: 0x000000008000249C (0x00040413) addi x8, x8, 0x0                         chk_Mtval+16
x8 <- 0x0000000000000000

mem[X,0x00000000800024A0] -> 0x1413
mem[X,0x00000000800024A2] -> 0x00B4
[463] [M]: 0x00000000800024A0 (0x00B41413) slli x8, x8, 0xb                         chk_Mtval+20
x8 <- 0x0000000000000000

clint mtime 0x00000000000000E8 (mip.MTI <- 0b1, mip.STI <- 0b0)
mem[X,0x00000000800024A4] -> 0x0413
mem[X,0x00000000800024A6] -> 0x02C4
[464] [M]: 0x00000000800024A4 (0x02C40413) addi x8, x8, 0x2c                        chk_Mtval+24
x8 <- 0x000000000000002C

mem[X,0x00000000800024A8] -> 0x1413
mem[X,0x00000000800024AA] -> 0x00A4
[465] [M]: 0x00000000800024A8 (0x00A41413) slli x8, x8, 0xa                         chk_Mtval+28
x8 <- 0x000000000000B000

clint mtime 0x00000000000000E9 (mip.MTI <- 0b1, mip.STI <- 0b0)
mem[X,0x00000000800024AC] -> 0x0413
mem[X,0x00000000800024AE] -> 0x0FB4
[466] [M]: 0x00000000800024AC (0x0FB40413) addi x8, x8, 0xfb                        chk_Mtval+32
x8 <- 0x000000000000B0FB

mem[X,0x00000000800024B0] -> 0x5433
mem[X,0x00000000800024B2] -> 0x00A4
[467] [M]: 0x00000000800024B0 (0x00A45433) srl x8, x8, x10                          chk_Mtval+36
x8 <- 0x0000000000000587

clint mtime 0x00000000000000EA (mip.MTI <- 0b1, mip.STI <- 0b0)
mem[X,0x00000000800024B4] -> 0x1413
mem[X,0x00000000800024B6] -> 0x03F4
[468] [M]: 0x00000000800024B4 (0x03F41413) slli x8, x8, 0x3f                        chk_Mtval+40
x8 <- 0x8000000000000000

mem[X,0x00000000800024B8] -> 0x5C63
mem[X,0x00000000800024BA] -> 0x0404
[469] [M]: 0x00000000800024B8 (0x04045C63) bge x8, x0, 0x58                         chk_Mtval+44

clint mtime 0x00000000000000EB (mip.MTI <- 0b1, mip.STI <- 0b0)
mem[X,0x00000000800024BC] -> 0xB403
mem[X,0x00000000800024BE] -> 0x2084
[470] [M]: 0x00000000800024BC (0x2084B403) ld x8, 0x208(x9)                         vmem_adj_Mtval+0
mem[R,0x0000000080005208] -> 0x00000000800003B4
x8 <- 0x00000000800003B4

mem[X,0x00000000800024C0] -> 0xB583
mem[X,0x00000000800024C2] -> 0x2104
[471] [M]: 0x00000000800024C0 (0x2104B583) ld x11, 0x210(x9)                        vmem_adj_Mtval+4
mem[R,0x0000000080005210] -> 0x0000000000001C5A
x11 <- 0x0000000000001C5A

clint mtime 0x00000000000000EC (mip.MTI <- 0b1, mip.STI <- 0b0)
mem[X,0x00000000800024C4] -> 0x85B3
mem[X,0x00000000800024C6] -> 0x0085
[472] [M]: 0x00000000800024C4 (0x008585B3) add x11, x11, x8                         vmem_adj_Mtval+8
x11 <- 0x000000008000200E

mem[X,0x00000000800024C8] -> 0xF463
mem[X,0x00000000800024CA] -> 0x00B3
[473] [M]: 0x00000000800024C8 (0x00B3F463) bgeu x7, x11, 0x8                        vmem_adj_Mtval+12

clint mtime 0x00000000000000ED (mip.MTI <- 0b1, mip.STI <- 0b0)
mem[X,0x00000000800024CC] -> 0xF063
mem[X,0x00000000800024CE] -> 0x0483
[474] [M]: 0x00000000800024CC (0x0483F063) bgeu x7, x8, 0x40                        vmem_adj_Mtval+16

mem[X,0x000000008000250C] -> 0x8433
mem[X,0x000000008000250E] -> 0x4083
[475] [M]: 0x000000008000250C (0x40838433) sub x8, x7, x8                           adj_Mtval+0
x8 <- 0x0000000000001C4C

clint mtime 0x00000000000000EE (mip.MTI <- 0b1, mip.STI <- 0b0)
mem[X,0x0000000080002510] -> 0x3C23
mem[X,0x0000000080002512] -> 0x0083
[476] [M]: 0x0000000080002510 (0x00833C23) sd x8, 0x18(x6)                          sv_Mtval+0
mem[W,0x0000000080006358] <- 0x0000000000001C4C

mem[X,0x0000000080002514] -> 0x3483
mem[X,0x0000000080002516] -> 0x2181
[477] [M]: 0x0000000080002514 (0x21813483) ld x9, 0x218(x2)                         skp_Mtval+0
mem[R,0x0000000080005218] -> 0x0000000080006360
x9 <- 0x0000000080006360

clint mtime 0x00000000000000EF (mip.MTI <- 0b1, mip.STI <- 0b0)
mem[X,0x0000000080002518] -> 0x3383
mem[X,0x000000008000251A] -> 0x1F81
[478] [M]: 0x0000000080002518 (0x1F813383) ld x7, 0x1f8(x2)                         skp_Mtval+4
mem[R,0x00000000800051F8] -> 0x0000000080006210
x7 <- 0x0000000080006210

mem[X,0x000000008000251C] -> 0x3303
mem[X,0x000000008000251E] -> 0x2001
[479] [M]: 0x000000008000251C (0x20013303) ld x6, 0x200(x2)                         skp_Mtval+8
mem[R,0x0000000080005200] -> 0x0000000000000920
x6 <- 0x0000000000000920

clint mtime 0x00000000000000F0 (mip.MTI <- 0b1, mip.STI <- 0b0)
mem[X,0x0000000080002520] -> 0x0333
mem[X,0x0000000080002522] -> 0x0073
[480] [M]: 0x0000000080002520 (0x00730333) add x6, x6, x7                           skp_Mtval+12
x6 <- 0x0000000080006B30

mem[X,0x0000000080002524] -> 0x69E3
mem[X,0x0000000080002526] -> 0xAE93
[481] [M]: 0x0000000080002524 (0xAE9369E3) bltu x6, x9, -0x50e                      skp_Mtval+16

clint mtime 0x00000000000000F1 (mip.MTI <- 0b1, mip.STI <- 0b0)
mem[X,0x0000000080002528] -> 0x0393
mem[X,0x000000008000252A] -> 0x2000
[482] [M]: 0x0000000080002528 (0x20000393) addi x7, x0, 0x200                       skp_Mtval+20
x7 <- 0x0000000000000200

mem[X,0x000000008000252C] -> 0x006F
mem[X,0x000000008000252E] -> 0x0400
[483] [M]: 0x000000008000252C (0x0400006F) jal x0, 0x40                             skp_Mtval+24

clint mtime 0x00000000000000F2 (mip.MTI <- 0b1, mip.STI <- 0b0)
mem[X,0x000000008000256C] -> 0x0417
mem[X,0x000000008000256E] -> 0x0000
[484] [M]: 0x000000008000256C (0x00000417) auipc x8, 0x0                            spcl_Mhandler+0
x8 <- 0x000000008000256C

mem[X,0x0000000080002570] -> 0x0413
mem[X,0x0000000080002572] -> 0x03C4
[485] [M]: 0x0000000080002570 (0x03C40413) addi x8, x8, 0x3c                        spcl_Mhandler+4
x8 <- 0x00000000800025A8

clint mtime 0x00000000000000F3 (mip.MTI <- 0b1, mip.STI <- 0b0)
mem[X,0x0000000080002574] -> 0x0433
mem[X,0x0000000080002576] -> 0x0074
[486] [M]: 0x0000000080002574 (0x00740433) add x8, x8, x7                           spcl_Mhandler+8
x8 <- 0x00000000800027A8

mem[X,0x0000000080002578] -> 0x1393
mem[X,0x000000008000257A] -> 0x0035
[487] [M]: 0x0000000080002578 (0x00351393) slli x7, x10, 0x3                        spcl_Mhandler+12
x7 <- 0x0000000000000028

clint mtime 0x00000000000000F4 (mip.MTI <- 0b1, mip.STI <- 0b0)
mem[X,0x000000008000257C] -> 0x0433
mem[X,0x000000008000257E] -> 0x0074
[488] [M]: 0x000000008000257C (0x00740433) add x8, x8, x7                           spcl_Mhandler+16
x8 <- 0x00000000800027D0

mem[X,0x0000000080002580] -> 0x7413
mem[X,0x0000000080002582] -> 0xFF84
[489] [M]: 0x0000000080002580 (0xFF847413) andi x8, x8, -0x8                        spcl_Mhandler+20
x8 <- 0x00000000800027D0

clint mtime 0x00000000000000F5 (mip.MTI <- 0b1, mip.STI <- 0b0)
mem[X,0x0000000080002584] -> 0x3403
mem[X,0x0000000080002586] -> 0x0004
[490] [M]: 0x0000000080002584 (0x00043403) ld x8, 0x0(x8)                           spcl_Mhandler+24
mem[R,0x00000000800027D0] -> 0x000000000000000B
x8 <- 0x000000000000000B

mem[X,0x0000000080002588] -> 0x01E3
mem[X,0x000000008000258A] -> 0xB204
[491] [M]: 0x0000000080002588 (0xB20401E3) beq x8, x0, -0x4de                       spcl_Mdispatch_hndling+0

clint mtime 0x00000000000000F6 (mip.MTI <- 0b1, mip.STI <- 0b0)
mem[X,0x000000008000258C] -> 0x1393
mem[X,0x000000008000258E] -> 0x03F4
[492] [M]: 0x000000008000258C (0x03F41393) slli x7, x8, 0x3f                        spcl_Mdispatch_hndling+4
x7 <- 0x8000000000000000

mem[X,0x0000000080002590] -> 0xD863
mem[X,0x0000000080002592] -> 0x0003
[493] [M]: 0x0000000080002590 (0x0003D863) bge x7, x0, 0x10                         spcl_Mdispatch_hndling+8

clint mtime 0x00000000000000F7 (mip.MTI <- 0b1, mip.STI <- 0b0)
mem[X,0x0000000080002594] -> 0x5413
mem[X,0x0000000080002596] -> 0x0014
[494] [M]: 0x0000000080002594 (0x00145413) srli x8, x8, 0x1                         spcl_Mdispatch_hndling+12
x8 <- 0x0000000000000005

mem[X,0x0000000080002598] -> 0x0CE3
mem[X,0x000000008000259A] -> 0xF885
[495] [M]: 0x0000000080002598 (0xF8850CE3) beq x10, x8, -0x68                       spcl_Mdispatch_hndling+16

clint mtime 0x00000000000000F8 (mip.MTI <- 0b1, mip.STI <- 0b0)
mem[X,0x0000000080002530] -> 0x3303
mem[X,0x0000000080002532] -> 0x2601
[496] [M]: 0x0000000080002530 (0x26013303) ld x6, 0x260(x2)                         resto_Mrtn+0
mem[R,0x0000000080005260] -> 0x000000001FDDB7D5
x6 <- 0x000000001FDDB7D5

mem[X,0x0000000080002534] -> 0x3383
mem[X,0x0000000080002536] -> 0x2681
[497] [M]: 0x0000000080002534 (0x26813383) ld x7, 0x268(x2)                         resto_Mrtn+4
mem[R,0x0000000080005268] -> 0x00000000003FBB6F
x7 <- 0x00000000003FBB6F

clint mtime 0x00000000000000F9 (mip.MTI <- 0b1, mip.STI <- 0b0)
mem[X,0x0000000080002538] -> 0x3403
mem[X,0x000000008000253A] -> 0x2701
[498] [M]: 0x0000000080002538 (0x27013403) ld x8, 0x270(x2)                         resto_Mrtn+8
mem[R,0x0000000080005270] -> 0x0000000080002000
x8 <- 0x0000000080002000

mem[X,0x000000008000253C] -> 0x3483
mem[X,0x000000008000253E] -> 0x2781
[499] [M]: 0x000000008000253C (0x27813483) ld x9, 0x278(x2)                         resto_Mrtn+12
mem[R,0x0000000080005278] -> 0x00000000000000FE
x9 <- 0x00000000000000FE

clint mtime 0x00000000000000FA (mip.MTI <- 0b1, mip.STI <- 0b0)
mem[X,0x0000000080002540] -> 0x3503
mem[X,0x0000000080002542] -> 0x2801
[500] [M]: 0x0000000080002540 (0x28013503) ld x10, 0x280(x2)                        resto_Mrtn+16
mem[R,0x0000000080005280] -> 0x0000000000002000
x10 <- 0x0000000000002000

mem[X,0x0000000080002544] -> 0x3583
mem[X,0x0000000080002546] -> 0x2881
[501] [M]: 0x0000000080002544 (0x28813583) ld x11, 0x288(x2)                        resto_Mrtn+20
mem[R,0x0000000080005288] -> 0x0000000000000000
x11 <- 0x0000000000000000

clint mtime 0x00000000000000FB (mip.MTI <- 0b1, mip.STI <- 0b0)
mem[X,0x0000000080002548] -> 0x3103
mem[X,0x000000008000254A] -> 0x2901
[502] [M]: 0x0000000080002548 (0x29013103) ld x2, 0x290(x2)                         resto_Mrtn+24
mem[R,0x0000000080005290] -> 0x01FDDB7D5BFDDB7F
x2 <- 0x01FDDB7D5BFDDB7F

mem[X,0x000000008000254C] -> 0x0073
mem[X,0x000000008000254E] -> 0x3020
[503] [M]: 0x000000008000254C (0x30200073) mret                                     resto_Mrtn+28
CSR mstatus (0x300) <- 0x8000000A00006080
ret-ing from M to M

clint mtime 0x00000000000000FC (mip.MTI <- 0b1, mip.STI <- 0b0)
mem[X,0x0000000080000510] -> 0x8122
[504] [M]: 0x0000000080000510 (0x8122) c.mv x2, x8                                  main+272
x2 <- 0x0000000080002000

mem[X,0x0000000080000512] -> 0xA022
[505] [M]: 0x0000000080000512 (0xA022) c.fsdsp f8, 0x0(x2)                          main+274
trapping from M to M to handle store/amo-access-fault
handling exc#store/amo-access-fault at priv M with tval 0x0000000080002000
CSR mstatus (0x300) <- 0x8000000A00007800
CSR mcause (0x342) <- 0x0000000000000007
CSR mtval (0x343) <- 0x0000000080002000
CSR mepc (0x341) <- 0x0000000080000512

clint mtime 0x00000000000000FD (mip.MTI <- 0b1, mip.STI <- 0b0)
mem[X,0x0000000080002100] -> 0x006F
mem[X,0x0000000080002102] -> 0x1000
[506] [M]: 0x0000000080002100 (0x1000006F) jal x0, 0x100                            Mtrampoline+0

mem[X,0x0000000080002200] -> 0x1173
mem[X,0x0000000080002202] -> 0x3401
[507] [M]: 0x0000000080002200 (0x34011173) csrrw x2, mscratch, x2                   trap_Mhandler+0
CSR mscratch (0x340) <- 0x0000000080002000
x2 <- 0x0000000080005000

clint mtime 0x00000000000000FE (mip.MTI <- 0b1, mip.STI <- 0b0)
mem[X,0x0000000080002204] -> 0x3423
mem[X,0x0000000080002206] -> 0x28B1
[508] [M]: 0x0000000080002204 (0x28B13423) sd x11, 0x288(x2)                        trap_Mhandler+4
mem[W,0x0000000080005288] <- 0x0000000000000000

mem[X,0x0000000080002208] -> 0x05EF
mem[X,0x000000008000220A] -> 0x0B80
[509] [M]: 0x0000000080002208 (0x0B8005EF) jal x11, 0xb8                            trap_Mhandler+8
x11 <- 0x000000008000220C

clint mtime 0x00000000000000FF (mip.MTI <- 0b1, mip.STI <- 0b0)
mem[X,0x00000000800022C0] -> 0x3023
mem[X,0x00000000800022C2] -> 0x28A1
[510] [M]: 0x00000000800022C0 (0x28A13023) sd x10, 0x280(x2)                        common_Mhandler+0
mem[W,0x0000000080005280] <- 0x0000000000002000

mem[X,0x00000000800022C4] -> 0x1573
mem[X,0x00000000800022C6] -> 0x3401
[511] [M]: 0x00000000800022C4 (0x34011573) csrrw x10, mscratch, x2                  common_Mhandler+4
CSR mscratch (0x340) <- 0x0000000080005000
x10 <- 0x0000000080002000

clint mtime 0x0000000000000100 (mip.MTI <- 0b1, mip.STI <- 0b0)
mem[X,0x00000000800022C8] -> 0x3823
mem[X,0x00000000800022CA] -> 0x28A1
[512] [M]: 0x00000000800022C8 (0x28A13823) sd x10, 0x290(x2)                        common_Mhandler+8
mem[W,0x0000000080005290] <- 0x0000000080002000

mem[X,0x00000000800022CC] -> 0x3503
mem[X,0x00000000800022CE] -> 0x2301
[513] [M]: 0x00000000800022CC (0x23013503) ld x10, 0x230(x2)                        common_Mhandler+12
mem[R,0x0000000080005230] -> 0x00000000800022D4
x10 <- 0x00000000800022D4

clint mtime 0x0000000000000101 (mip.MTI <- 0b1, mip.STI <- 0b0)
mem[X,0x00000000800022D0] -> 0x0067
mem[X,0x00000000800022D2] -> 0x0005
[514] [M]: 0x00000000800022D0 (0x00050067) jalr x0, 0x0(x10)                        common_Mhandler+16

mem[X,0x00000000800022D4] -> 0x3C23
mem[X,0x00000000800022D6] -> 0x2691
[515] [M]: 0x00000000800022D4 (0x26913C23) sd x9, 0x278(x2)                         common_Mentry+0
mem[W,0x0000000080005278] <- 0x00000000000000FE

clint mtime 0x0000000000000102 (mip.MTI <- 0b1, mip.STI <- 0b0)
mem[X,0x00000000800022D8] -> 0x3823
mem[X,0x00000000800022DA] -> 0x2681
[516] [M]: 0x00000000800022D8 (0x26813823) sd x8, 0x270(x2)                         common_Mentry+4
mem[W,0x0000000080005270] <- 0x0000000080002000

mem[X,0x00000000800022DC] -> 0x3423
mem[X,0x00000000800022DE] -> 0x2671
[517] [M]: 0x00000000800022DC (0x26713423) sd x7, 0x268(x2)                         common_Mentry+8
mem[W,0x0000000080005268] <- 0x00000000003FBB6F

clint mtime 0x0000000000000103 (mip.MTI <- 0b1, mip.STI <- 0b0)
mem[X,0x00000000800022E0] -> 0x3023
mem[X,0x00000000800022E2] -> 0x2661
[518] [M]: 0x00000000800022E0 (0x26613023) sd x6, 0x260(x2)                         common_Mentry+12
mem[W,0x0000000080005260] <- 0x000000001FDDB7D5

mem[X,0x00000000800022E4] -> 0x2573
mem[X,0x00000000800022E6] -> 0x3420
[519] [M]: 0x00000000800022E4 (0x34202573) csrrs x10, mcause, x0                    spcl_M2mmode_test+0
CSR mcause (0x342) -> 0x0000000000000007
x10 <- 0x0000000000000007

clint mtime 0x0000000000000104 (mip.MTI <- 0b1, mip.STI <- 0b0)
mem[X,0x00000000800022E8] -> 0x04B7
mem[X,0x00000000800022EA] -> 0x8000
[520] [M]: 0x00000000800022E8 (0x800004B7) lui x9, -0x80000                         spcl_M2mmode_test+4
x9 <- 0xFFFFFFFF80000000

mem[X,0x00000000800022EC] -> 0x8493
mem[X,0x00000000800022EE] -> 0x0004
[521] [M]: 0x00000000800022EC (0x00048493) addi x9, x9, 0x0                         spcl_M2mmode_test+8
x9 <- 0xFFFFFFFF80000000

clint mtime 0x0000000000000105 (mip.MTI <- 0b1, mip.STI <- 0b0)
mem[X,0x00000000800022F0] -> 0x9493
mem[X,0x00000000800022F2] -> 0x00B4
[522] [M]: 0x00000000800022F0 (0x00B49493) slli x9, x9, 0xb                         spcl_M2mmode_test+12
x9 <- 0xFFFFFC0000000000

mem[X,0x00000000800022F4] -> 0x8493
mem[X,0x00000000800022F6] -> 0x0004
[523] [M]: 0x00000000800022F4 (0x00048493) addi x9, x9, 0x0                         spcl_M2mmode_test+16
x9 <- 0xFFFFFC0000000000

clint mtime 0x0000000000000106 (mip.MTI <- 0b1, mip.STI <- 0b0)
mem[X,0x00000000800022F8] -> 0x9493
mem[X,0x00000000800022FA] -> 0x00B4
[524] [M]: 0x00000000800022F8 (0x00B49493) slli x9, x9, 0xb                         spcl_M2mmode_test+20
x9 <- 0xFFE0000000000000

mem[X,0x00000000800022FC] -> 0x8493
mem[X,0x00000000800022FE] -> 0x0034
[525] [M]: 0x00000000800022FC (0x00348493) addi x9, x9, 0x3                         spcl_M2mmode_test+24
x9 <- 0xFFE0000000000003

clint mtime 0x0000000000000107 (mip.MTI <- 0b1, mip.STI <- 0b0)
mem[X,0x0000000080002300] -> 0x9493
mem[X,0x0000000080002302] -> 0x00A4
[526] [M]: 0x0000000080002300 (0x00A49493) slli x9, x9, 0xa                         spcl_M2mmode_test+28
x9 <- 0x8000000000000C00

mem[X,0x0000000080002304] -> 0x8493
mem[X,0x0000000080002306] -> 0x3FC4
[527] [M]: 0x0000000080002304 (0x3FC48493) addi x9, x9, 0x3fc                       spcl_M2mmode_test+32
x9 <- 0x8000000000000FFC

clint mtime 0x0000000000000108 (mip.MTI <- 0b1, mip.STI <- 0b0)
mem[X,0x0000000080002308] -> 0xF4B3
mem[X,0x000000008000230A] -> 0x00A4
[528] [M]: 0x0000000080002308 (0x00A4F4B3) and x9, x9, x10                          spcl_M2mmode_test+36
x9 <- 0x0000000000000004

mem[X,0x000000008000230C] -> 0x8493
mem[X,0x000000008000230E] -> 0xFF84
[529] [M]: 0x000000008000230C (0xFF848493) addi x9, x9, -0x8                        spcl_M2mmode_test+40
x9 <- 0xFFFFFFFFFFFFFFFC

clint mtime 0x0000000000000109 (mip.MTI <- 0b1, mip.STI <- 0b0)
mem[X,0x0000000080002310] -> 0x9663
mem[X,0x0000000080002312] -> 0x0004
[530] [M]: 0x0000000080002310 (0x00049663) bne x9, x0, 0xc                          spcl_M2mmode_test+44

mem[X,0x000000008000231C] -> 0x0393
mem[X,0x000000008000231E] -> 0x0200
[531] [M]: 0x000000008000231C (0x02000393) addi x7, x0, 0x20                        Mtrapsig_ptr_upd+0
x7 <- 0x0000000000000020

clint mtime 0x000000000000010A (mip.MTI <- 0b1, mip.STI <- 0b0)
mem[X,0x0000000080002320] -> 0x5263
mem[X,0x0000000080002322] -> 0x0405
[532] [M]: 0x0000000080002320 (0x04055263) bge x10, x0, 0x44                        Mtrapsig_ptr_upd+4

mem[X,0x0000000080002364] -> 0x2373
mem[X,0x0000000080002366] -> 0x3010
[533] [M]: 0x0000000080002364 (0x30102373) csrrs x6, misa, x0                       Mxcpt_sig_sv+0
CSR misa (0x301) -> 0x800000000034112F
x6 <- 0x800000000034112F

clint mtime 0x000000000000010B (mip.MTI <- 0b1, mip.STI <- 0b0)
mem[X,0x0000000080002368] -> 0x1313
mem[X,0x000000008000236A] -> 0x0383
[534] [M]: 0x0000000080002368 (0x03831313) slli x6, x6, 0x38                        Mxcpt_sig_sv+4
x6 <- 0x2F00000000000000

mem[X,0x000000008000236C] -> 0x5463
mem[X,0x000000008000236E] -> 0x0003
[535] [M]: 0x000000008000236C (0x00035463) bge x6, x0, 0x8                          Mxcpt_sig_sv+8

clint mtime 0x000000000000010C (mip.MTI <- 0b1, mip.STI <- 0b0)
mem[X,0x0000000080002374] -> 0x3303
mem[X,0x0000000080002376] -> 0x2181
[536] [M]: 0x0000000080002374 (0x21813303) ld x6, 0x218(x2)                         Mtrap_sig_sv+0
mem[R,0x0000000080005218] -> 0x0000000080006360
x6 <- 0x0000000080006360

mem[X,0x0000000080002378] -> 0x04B3
mem[X,0x000000008000237A] -> 0x0073
[537] [M]: 0x0000000080002378 (0x007304B3) add x9, x6, x7                           Mtrap_sig_sv+4
x9 <- 0x0000000080006380

clint mtime 0x000000000000010D (mip.MTI <- 0b1, mip.STI <- 0b0)
mem[X,0x000000008000237C] -> 0x3C23
mem[X,0x000000008000237E] -> 0x2091
[538] [M]: 0x000000008000237C (0x20913C23) sd x9, 0x218(x2)                         Mtrap_sig_sv+8
mem[W,0x0000000080005218] <- 0x0000000080006380

mem[X,0x0000000080002380] -> 0x3403
mem[X,0x0000000080002382] -> 0x1F81
[539] [M]: 0x0000000080002380 (0x1F813403) ld x8, 0x1f8(x2)                         Mtrap_sig_sv+12
mem[R,0x00000000800051F8] -> 0x0000000080006210
x8 <- 0x0000000080006210

clint mtime 0x000000000000010E (mip.MTI <- 0b1, mip.STI <- 0b0)
mem[X,0x0000000080002384] -> 0x0333
mem[X,0x0000000080002386] -> 0x4083
[540] [M]: 0x0000000080002384 (0x40830333) sub x6, x6, x8                           Mtrap_sig_sv+16
x6 <- 0x0000000000000150

mem[X,0x0000000080002388] -> 0x3403
mem[X,0x000000008000238A] -> 0x1F81
[541] [M]: 0x0000000080002388 (0x1F813403) ld x8, 0x1f8(x2)                         Mtrap_sig_sv+20
mem[R,0x00000000800051F8] -> 0x0000000080006210
x8 <- 0x0000000080006210

clint mtime 0x000000000000010F (mip.MTI <- 0b1, mip.STI <- 0b0)
mem[X,0x000000008000238C] -> 0x0333
mem[X,0x000000008000238E] -> 0x0083
[542] [M]: 0x000000008000238C (0x00830333) add x6, x6, x8                           Mtrap_sig_sv+24
x6 <- 0x0000000080006360

mem[X,0x0000000080002390] -> 0x3403
mem[X,0x0000000080002392] -> 0x2401
[543] [M]: 0x0000000080002390 (0x24013403) ld x8, 0x240(x2)                         Mtrap_sig_sv+28
mem[R,0x0000000080005240] -> 0x0000000080002100
x8 <- 0x0000000080002100

clint mtime 0x0000000000000110 (mip.MTI <- 0b1, mip.STI <- 0b0)
mem[X,0x0000000080002394] -> 0x85B3
mem[X,0x0000000080002396] -> 0x4085
[544] [M]: 0x0000000080002394 (0x408585B3) sub x11, x11, x8                         sv_Mvect+0
x11 <- 0x000000000000010C

mem[X,0x0000000080002398] -> 0x9593
mem[X,0x000000008000239A] -> 0x0045
[545] [M]: 0x0000000080002398 (0x00459593) slli x11, x11, 0x4                       sv_Mvect+4
x11 <- 0x00000000000010C0

clint mtime 0x0000000000000111 (mip.MTI <- 0b1, mip.STI <- 0b0)
mem[X,0x000000008000239C] -> 0xE5B3
mem[X,0x000000008000239E] -> 0x0075
[546] [M]: 0x000000008000239C (0x0075E5B3) or x11, x11, x7                          sv_Mvect+8
x11 <- 0x00000000000010E0

mem[X,0x00000000800023A0] -> 0x8593
mem[X,0x00000000800023A2] -> 0x0035
[547] [M]: 0x00000000800023A0 (0x00358593) addi x11, x11, 0x3                       sv_Mvect+12
x11 <- 0x00000000000010E3

clint mtime 0x0000000000000112 (mip.MTI <- 0b1, mip.STI <- 0b0)
mem[X,0x00000000800023A4] -> 0x3023
mem[X,0x00000000800023A6] -> 0x00B3
[548] [M]: 0x00000000800023A4 (0x00B33023) sd x11, 0x0(x6)                          sv_Mvect+16
mem[W,0x0000000080006360] <- 0x00000000000010E3

mem[X,0x00000000800023A8] -> 0x3423
mem[X,0x00000000800023AA] -> 0x00A3
[549] [M]: 0x00000000800023A8 (0x00A33423) sd x10, 0x8(x6)                          sv_Mcause+0
mem[W,0x0000000080006368] <- 0x0000000000000007

clint mtime 0x0000000000000113 (mip.MTI <- 0b1, mip.STI <- 0b0)
mem[X,0x00000000800023AC] -> 0x4263
mem[X,0x00000000800023AE] -> 0x1A05
[550] [M]: 0x00000000800023AC (0x1A054263) blt x10, x0, 0x1a4                       sv_Mcause+4

mem[X,0x00000000800023B0] -> 0x25F3
mem[X,0x00000000800023B2] -> 0x3000
[551] [M]: 0x00000000800023B0 (0x300025F3) csrrs x11, mstatus, x0                   common_Mexcpt_handler+0
CSR mstatus (0x300) -> 0x8000000A00007800
x11 <- 0x8000000A00007800

clint mtime 0x0000000000000114 (mip.MTI <- 0b1, mip.STI <- 0b0)
mem[X,0x00000000800023B4] -> 0x9413
mem[X,0x00000000800023B6] -> 0x02E5
[552] [M]: 0x00000000800023B4 (0x02E59413) slli x8, x11, 0x2e                       common_Mexcpt_handler+4
x8 <- 0x1E00000000000000

mem[X,0x00000000800023B8] -> 0x5463
mem[X,0x00000000800023BA] -> 0x0004
[553] [M]: 0x00000000800023B8 (0x00045463) bge x8, x0, 0x8                          common_Mexcpt_handler+8

clint mtime 0x0000000000000115 (mip.MTI <- 0b1, mip.STI <- 0b0)
mem[X,0x00000000800023C0] -> 0xD493
mem[X,0x00000000800023C2] -> 0x00B5
[554] [M]: 0x00000000800023C0 (0x00B5D493) srli x9, x11, 0xb                        common_Mexcpt_handler+16
x9 <- 0x001000000140000F

mem[X,0x00000000800023C4] -> 0xF493
mem[X,0x00000000800023C6] -> 0x0034
[555] [M]: 0x00000000800023C4 (0x0034F493) andi x9, x9, 0x3                         common_Mexcpt_handler+20
x9 <- 0x0000000000000003

clint mtime 0x0000000000000116 (mip.MTI <- 0b1, mip.STI <- 0b0)
mem[X,0x00000000800023C8] -> 0x8493
mem[X,0x00000000800023CA] -> 0x0014
[556] [M]: 0x00000000800023C8 (0x00148493) addi x9, x9, 0x1                         common_Mexcpt_handler+24
x9 <- 0x0000000000000004

mem[X,0x00000000800023CC] -> 0xF493
mem[X,0x00000000800023CE] -> 0x0044
[557] [M]: 0x00000000800023CC (0x0044F493) andi x9, x9, 0x4                         common_Mexcpt_handler+28
x9 <- 0x0000000000000004

clint mtime 0x0000000000000117 (mip.MTI <- 0b1, mip.STI <- 0b0)
mem[X,0x00000000800023D0] -> 0x0593
mem[X,0x00000000800023D2] -> 0x05D0
[558] [M]: 0x00000000800023D0 (0x05D00593) addi x11, x0, 0x5d                       common_Mexcpt_handler+32
x11 <- 0x000000000000005D

mem[X,0x00000000800023D4] -> 0xD5B3
mem[X,0x00000000800023D6] -> 0x0095
[559] [M]: 0x00000000800023D4 (0x0095D5B3) srl x11, x11, x9                         common_Mexcpt_handler+36
x11 <- 0x0000000000000005

clint mtime 0x0000000000000118 (mip.MTI <- 0b1, mip.STI <- 0b0)
mem[X,0x00000000800023D8] -> 0xF593
mem[X,0x00000000800023DA] -> 0x0015
[560] [M]: 0x00000000800023D8 (0x0015F593) andi x11, x11, 0x1                       common_Mexcpt_handler+40
x11 <- 0x0000000000000001

mem[X,0x00000000800023DC] -> 0x8EE3
mem[X,0x00000000800023DE] -> 0xF405
[561] [M]: 0x00000000800023DC (0xF4058EE3) beq x11, x0, -0xa4                       common_Mexcpt_handler+44

clint mtime 0x0000000000000119 (mip.MTI <- 0b1, mip.STI <- 0b0)
mem[X,0x00000000800023E0] -> 0x0593
mem[X,0x00000000800023E2] -> 0x2980
[562] [M]: 0x00000000800023E0 (0x29800593) addi x11, x0, 0x298                      common_Mexcpt_handler+48
x11 <- 0x0000000000000298

mem[X,0x00000000800023E4] -> 0xF413
mem[X,0x00000000800023E6] -> 0x0014
[563] [M]: 0x00000000800023E4 (0x0014F413) andi x8, x9, 0x1                         common_Mexcpt_handler+52
x8 <- 0x0000000000000000

clint mtime 0x000000000000011A (mip.MTI <- 0b1, mip.STI <- 0b0)
mem[X,0x00000000800023E8] -> 0x95B3
mem[X,0x00000000800023EA] -> 0x0085
[564] [M]: 0x00000000800023E8 (0x008595B3) sll x11, x11, x8                         common_Mexcpt_handler+56
x11 <- 0x0000000000000298

mem[X,0x00000000800023EC] -> 0x9413
mem[X,0x00000000800023EE] -> 0x03D4
[565] [M]: 0x00000000800023EC (0x03D49413) slli x8, x9, 0x3d                        common_Mexcpt_handler+60
x8 <- 0x8000000000000000

clint mtime 0x000000000000011B (mip.MTI <- 0b1, mip.STI <- 0b0)
mem[X,0x00000000800023F0] -> 0x5413
mem[X,0x00000000800023F2] -> 0x43F4
[566] [M]: 0x00000000800023F0 (0x43F45413) srai x8, x8, 0x3f                        common_Mexcpt_handler+64
x8 <- 0xFFFFFFFFFFFFFFFF

mem[X,0x00000000800023F4] -> 0x4413
mem[X,0x00000000800023F6] -> 0xFFF4
[567] [M]: 0x00000000800023F4 (0xFFF44413) xori x8, x8, -0x1                        common_Mexcpt_handler+68
x8 <- 0x0000000000000000

clint mtime 0x000000000000011C (mip.MTI <- 0b1, mip.STI <- 0b0)
mem[X,0x00000000800023F8] -> 0xF4B3
mem[X,0x00000000800023FA] -> 0x0085
[568] [M]: 0x00000000800023F8 (0x0085F4B3) and x9, x11, x8                          common_Mexcpt_handler+72
x9 <- 0x0000000000000000

mem[X,0x00000000800023FC] -> 0x84B3
mem[X,0x00000000800023FE] -> 0x0024
[569] [M]: 0x00000000800023FC (0x002484B3) add x9, x9, x2                           vmem_adj_Mepc+0
x9 <- 0x0000000080005000

clint mtime 0x000000000000011D (mip.MTI <- 0b1, mip.STI <- 0b0)
mem[X,0x0000000080002400] -> 0x23F3
mem[X,0x0000000080002402] -> 0x3410
[570] [M]: 0x0000000080002400 (0x341023F3) csrrs x7, mepc, x0                       vmem_adj_Mepc+4
CSR mepc (0x341) -> 0x0000000080000512
x7 <- 0x0000000080000512

mem[X,0x0000000080002404] -> 0x0413
mem[X,0x0000000080002406] -> 0x0004
[571] [M]: 0x0000000080002404 (0x00040413) addi x8, x8, 0x0                         vmem_adj_Mepc+8
x8 <- 0x0000000000000000

clint mtime 0x000000000000011E (mip.MTI <- 0b1, mip.STI <- 0b0)
mem[X,0x0000000080002408] -> 0x006F
mem[X,0x000000008000240A] -> 0x0400
[572] [M]: 0x0000000080002408 (0x0400006F) jal x0, 0x40                             vmem_adj_Mepc+12

mem[X,0x0000000080002448] -> 0x8433
mem[X,0x000000008000244A] -> 0x4083
[573] [M]: 0x0000000080002448 (0x40838433) sub x8, x7, x8                           adj_Mepc+0
x8 <- 0x0000000080000512

clint mtime 0x000000000000011F (mip.MTI <- 0b1, mip.STI <- 0b0)
mem[X,0x000000008000244C] -> 0x3823
mem[X,0x000000008000244E] -> 0x0083
[574] [M]: 0x000000008000244C (0x00833823) sd x8, 0x10(x6)                          sv_Mepc+0
mem[W,0x0000000080006370] <- 0x0000000080000512

mem[X,0x0000000080002450] -> 0x55B7
mem[X,0x0000000080002452] -> 0x0000
[575] [M]: 0x0000000080002450 (0x000055B7) lui x11, 0x5                             sv_Mepc+4
x11 <- 0x0000000000005000

clint mtime 0x0000000000000120 (mip.MTI <- 0b1, mip.STI <- 0b0)
mem[X,0x0000000080002454] -> 0x8593
mem[X,0x0000000080002456] -> 0x6675
[576] [M]: 0x0000000080002454 (0x66758593) addi x11, x11, 0x667                     sv_Mepc+8
x11 <- 0x0000000000005667

mem[X,0x0000000080002458] -> 0x9593
mem[X,0x000000008000245A] -> 0x0015
[577] [M]: 0x0000000080002458 (0x00159593) slli x11, x11, 0x1                       sv_Mepc+12
x11 <- 0x000000000000ACCE

clint mtime 0x0000000000000121 (mip.MTI <- 0b1, mip.STI <- 0b0)
mem[X,0x000000008000245C] -> 0x9063
mem[X,0x000000008000245E] -> 0x02B1
[578] [M]: 0x000000008000245C (0x02B19063) bne x3, x11, 0x20                        sv_Mepc+16

mem[X,0x000000008000247C] -> 0xF593
mem[X,0x000000008000247E] -> 0xFFC3
[579] [M]: 0x000000008000247C (0xFFC3F593) andi x11, x7, -0x4                       adj_Mepc_rtn+0
x11 <- 0x0000000080000510

clint mtime 0x0000000000000122 (mip.MTI <- 0b1, mip.STI <- 0b0)
mem[X,0x0000000080002480] -> 0x8593
mem[X,0x0000000080002482] -> 0x0085
[580] [M]: 0x0000000080002480 (0x00858593) addi x11, x11, 0x8                       adj_Mepc_rtn+4
x11 <- 0x0000000080000518

mem[X,0x0000000080002484] -> 0x9073
mem[X,0x0000000080002486] -> 0x3415
[581] [M]: 0x0000000080002484 (0x34159073) csrrw x0, mepc, x11                      adj_Mepc_rtn+8
CSR mepc (0x341) <- 0x0000000080000518

clint mtime 0x0000000000000123 (mip.MTI <- 0b1, mip.STI <- 0b0)
mem[X,0x0000000080002488] -> 0x23F3
mem[X,0x000000008000248A] -> 0x3430
[582] [M]: 0x0000000080002488 (0x343023F3) csrrs x7, mtval, x0                      skp_adj_Mepc+0
CSR mtval (0x343) -> 0x0000000080002000
x7 <- 0x0000000080002000

mem[X,0x000000008000248C] -> 0x7513
mem[X,0x000000008000248E] -> 0x00F5
[583] [M]: 0x000000008000248C (0x00F57513) andi x10, x10, 0xf                       chk_Mtval+0
x10 <- 0x0000000000000007

clint mtime 0x0000000000000124 (mip.MTI <- 0b1, mip.STI <- 0b0)
mem[X,0x0000000080002490] -> 0x0437
mem[X,0x0000000080002492] -> 0x0000
[584] [M]: 0x0000000080002490 (0x00000437) lui x8, 0x0                              chk_Mtval+4
x8 <- 0x0000000000000000

mem[X,0x0000000080002494] -> 0x0413
mem[X,0x0000000080002496] -> 0x0004
[585] [M]: 0x0000000080002494 (0x00040413) addi x8, x8, 0x0                         chk_Mtval+8
x8 <- 0x0000000000000000

clint mtime 0x0000000000000125 (mip.MTI <- 0b1, mip.STI <- 0b0)
mem[X,0x0000000080002498] -> 0x1413
mem[X,0x000000008000249A] -> 0x00B4
[586] [M]: 0x0000000080002498 (0x00B41413) slli x8, x8, 0xb                         chk_Mtval+12
x8 <- 0x0000000000000000

mem[X,0x000000008000249C] -> 0x0413
mem[X,0x000000008000249E] -> 0x0004
[587] [M]: 0x000000008000249C (0x00040413) addi x8, x8, 0x0                         chk_Mtval+16
x8 <- 0x0000000000000000

clint mtime 0x0000000000000126 (mip.MTI <- 0b1, mip.STI <- 0b0)
mem[X,0x00000000800024A0] -> 0x1413
mem[X,0x00000000800024A2] -> 0x00B4
[588] [M]: 0x00000000800024A0 (0x00B41413) slli x8, x8, 0xb                         chk_Mtval+20
x8 <- 0x0000000000000000

mem[X,0x00000000800024A4] -> 0x0413
mem[X,0x00000000800024A6] -> 0x02C4
[589] [M]: 0x00000000800024A4 (0x02C40413) addi x8, x8, 0x2c                        chk_Mtval+24
x8 <- 0x000000000000002C

clint mtime 0x0000000000000127 (mip.MTI <- 0b1, mip.STI <- 0b0)
mem[X,0x00000000800024A8] -> 0x1413
mem[X,0x00000000800024AA] -> 0x00A4
[590] [M]: 0x00000000800024A8 (0x00A41413) slli x8, x8, 0xa                         chk_Mtval+28
x8 <- 0x000000000000B000

mem[X,0x00000000800024AC] -> 0x0413
mem[X,0x00000000800024AE] -> 0x0FB4
[591] [M]: 0x00000000800024AC (0x0FB40413) addi x8, x8, 0xfb                        chk_Mtval+32
x8 <- 0x000000000000B0FB

clint mtime 0x0000000000000128 (mip.MTI <- 0b1, mip.STI <- 0b0)
mem[X,0x00000000800024B0] -> 0x5433
mem[X,0x00000000800024B2] -> 0x00A4
[592] [M]: 0x00000000800024B0 (0x00A45433) srl x8, x8, x10                          chk_Mtval+36
x8 <- 0x0000000000000161

mem[X,0x00000000800024B4] -> 0x1413
mem[X,0x00000000800024B6] -> 0x03F4
[593] [M]: 0x00000000800024B4 (0x03F41413) slli x8, x8, 0x3f                        chk_Mtval+40
x8 <- 0x8000000000000000

clint mtime 0x0000000000000129 (mip.MTI <- 0b1, mip.STI <- 0b0)
mem[X,0x00000000800024B8] -> 0x5C63
mem[X,0x00000000800024BA] -> 0x0404
[594] [M]: 0x00000000800024B8 (0x04045C63) bge x8, x0, 0x58                         chk_Mtval+44

mem[X,0x00000000800024BC] -> 0xB403
mem[X,0x00000000800024BE] -> 0x2084
[595] [M]: 0x00000000800024BC (0x2084B403) ld x8, 0x208(x9)                         vmem_adj_Mtval+0
mem[R,0x0000000080005208] -> 0x00000000800003B4
x8 <- 0x00000000800003B4

clint mtime 0x000000000000012A (mip.MTI <- 0b1, mip.STI <- 0b0)
mem[X,0x00000000800024C0] -> 0xB583
mem[X,0x00000000800024C2] -> 0x2104
[596] [M]: 0x00000000800024C0 (0x2104B583) ld x11, 0x210(x9)                        vmem_adj_Mtval+4
mem[R,0x0000000080005210] -> 0x0000000000001C5A
x11 <- 0x0000000000001C5A

mem[X,0x00000000800024C4] -> 0x85B3
mem[X,0x00000000800024C6] -> 0x0085
[597] [M]: 0x00000000800024C4 (0x008585B3) add x11, x11, x8                         vmem_adj_Mtval+8
x11 <- 0x000000008000200E

clint mtime 0x000000000000012B (mip.MTI <- 0b1, mip.STI <- 0b0)
mem[X,0x00000000800024C8] -> 0xF463
mem[X,0x00000000800024CA] -> 0x00B3
[598] [M]: 0x00000000800024C8 (0x00B3F463) bgeu x7, x11, 0x8                        vmem_adj_Mtval+12

mem[X,0x00000000800024CC] -> 0xF063
mem[X,0x00000000800024CE] -> 0x0483
[599] [M]: 0x00000000800024CC (0x0483F063) bgeu x7, x8, 0x40                        vmem_adj_Mtval+16

clint mtime 0x000000000000012C (mip.MTI <- 0b1, mip.STI <- 0b0)
mem[X,0x000000008000250C] -> 0x8433
mem[X,0x000000008000250E] -> 0x4083
[600] [M]: 0x000000008000250C (0x40838433) sub x8, x7, x8                           adj_Mtval+0
x8 <- 0x0000000000001C4C

mem[X,0x0000000080002510] -> 0x3C23
mem[X,0x0000000080002512] -> 0x0083
[601] [M]: 0x0000000080002510 (0x00833C23) sd x8, 0x18(x6)                          sv_Mtval+0
mem[W,0x0000000080006378] <- 0x0000000000001C4C

clint mtime 0x000000000000012D (mip.MTI <- 0b1, mip.STI <- 0b0)
mem[X,0x0000000080002514] -> 0x3483
mem[X,0x0000000080002516] -> 0x2181
[602] [M]: 0x0000000080002514 (0x21813483) ld x9, 0x218(x2)                         skp_Mtval+0
mem[R,0x0000000080005218] -> 0x0000000080006380
x9 <- 0x0000000080006380

mem[X,0x0000000080002518] -> 0x3383
mem[X,0x000000008000251A] -> 0x1F81
[603] [M]: 0x0000000080002518 (0x1F813383) ld x7, 0x1f8(x2)                         skp_Mtval+4
mem[R,0x00000000800051F8] -> 0x0000000080006210
x7 <- 0x0000000080006210

clint mtime 0x000000000000012E (mip.MTI <- 0b1, mip.STI <- 0b0)
mem[X,0x000000008000251C] -> 0x3303
mem[X,0x000000008000251E] -> 0x2001
[604] [M]: 0x000000008000251C (0x20013303) ld x6, 0x200(x2)                         skp_Mtval+8
mem[R,0x0000000080005200] -> 0x0000000000000920
x6 <- 0x0000000000000920

mem[X,0x0000000080002520] -> 0x0333
mem[X,0x0000000080002522] -> 0x0073
[605] [M]: 0x0000000080002520 (0x00730333) add x6, x6, x7                           skp_Mtval+12
x6 <- 0x0000000080006B30

clint mtime 0x000000000000012F (mip.MTI <- 0b1, mip.STI <- 0b0)
mem[X,0x0000000080002524] -> 0x69E3
mem[X,0x0000000080002526] -> 0xAE93
[606] [M]: 0x0000000080002524 (0xAE9369E3) bltu x6, x9, -0x50e                      skp_Mtval+16

mem[X,0x0000000080002528] -> 0x0393
mem[X,0x000000008000252A] -> 0x2000
[607] [M]: 0x0000000080002528 (0x20000393) addi x7, x0, 0x200                       skp_Mtval+20
x7 <- 0x0000000000000200

clint mtime 0x0000000000000130 (mip.MTI <- 0b1, mip.STI <- 0b0)
mem[X,0x000000008000252C] -> 0x006F
mem[X,0x000000008000252E] -> 0x0400
[608] [M]: 0x000000008000252C (0x0400006F) jal x0, 0x40                             skp_Mtval+24

mem[X,0x000000008000256C] -> 0x0417
mem[X,0x000000008000256E] -> 0x0000
[609] [M]: 0x000000008000256C (0x00000417) auipc x8, 0x0                            spcl_Mhandler+0
x8 <- 0x000000008000256C

clint mtime 0x0000000000000131 (mip.MTI <- 0b1, mip.STI <- 0b0)
mem[X,0x0000000080002570] -> 0x0413
mem[X,0x0000000080002572] -> 0x03C4
[610] [M]: 0x0000000080002570 (0x03C40413) addi x8, x8, 0x3c                        spcl_Mhandler+4
x8 <- 0x00000000800025A8

mem[X,0x0000000080002574] -> 0x0433
mem[X,0x0000000080002576] -> 0x0074
[611] [M]: 0x0000000080002574 (0x00740433) add x8, x8, x7                           spcl_Mhandler+8
x8 <- 0x00000000800027A8

clint mtime 0x0000000000000132 (mip.MTI <- 0b1, mip.STI <- 0b0)
mem[X,0x0000000080002578] -> 0x1393
mem[X,0x000000008000257A] -> 0x0035
[612] [M]: 0x0000000080002578 (0x00351393) slli x7, x10, 0x3                        spcl_Mhandler+12
x7 <- 0x0000000000000038

mem[X,0x000000008000257C] -> 0x0433
mem[X,0x000000008000257E] -> 0x0074
[613] [M]: 0x000000008000257C (0x00740433) add x8, x8, x7                           spcl_Mhandler+16
x8 <- 0x00000000800027E0

clint mtime 0x0000000000000133 (mip.MTI <- 0b1, mip.STI <- 0b0)
mem[X,0x0000000080002580] -> 0x7413
mem[X,0x0000000080002582] -> 0xFF84
[614] [M]: 0x0000000080002580 (0xFF847413) andi x8, x8, -0x8                        spcl_Mhandler+20
x8 <- 0x00000000800027E0

mem[X,0x0000000080002584] -> 0x3403
mem[X,0x0000000080002586] -> 0x0004
[615] [M]: 0x0000000080002584 (0x00043403) ld x8, 0x0(x8)                           spcl_Mhandler+24
mem[R,0x00000000800027E0] -> 0x000000000000000F
x8 <- 0x000000000000000F

clint mtime 0x0000000000000134 (mip.MTI <- 0b1, mip.STI <- 0b0)
mem[X,0x0000000080002588] -> 0x01E3
mem[X,0x000000008000258A] -> 0xB204
[616] [M]: 0x0000000080002588 (0xB20401E3) beq x8, x0, -0x4de                       spcl_Mdispatch_hndling+0

mem[X,0x000000008000258C] -> 0x1393
mem[X,0x000000008000258E] -> 0x03F4
[617] [M]: 0x000000008000258C (0x03F41393) slli x7, x8, 0x3f                        spcl_Mdispatch_hndling+4
x7 <- 0x8000000000000000

clint mtime 0x0000000000000135 (mip.MTI <- 0b1, mip.STI <- 0b0)
mem[X,0x0000000080002590] -> 0xD863
mem[X,0x0000000080002592] -> 0x0003
[618] [M]: 0x0000000080002590 (0x0003D863) bge x7, x0, 0x10                         spcl_Mdispatch_hndling+8

mem[X,0x0000000080002594] -> 0x5413
mem[X,0x0000000080002596] -> 0x0014
[619] [M]: 0x0000000080002594 (0x00145413) srli x8, x8, 0x1                         spcl_Mdispatch_hndling+12
x8 <- 0x0000000000000007

clint mtime 0x0000000000000136 (mip.MTI <- 0b1, mip.STI <- 0b0)
mem[X,0x0000000080002598] -> 0x0CE3
mem[X,0x000000008000259A] -> 0xF885
[620] [M]: 0x0000000080002598 (0xF8850CE3) beq x10, x8, -0x68                       spcl_Mdispatch_hndling+16

mem[X,0x0000000080002530] -> 0x3303
mem[X,0x0000000080002532] -> 0x2601
[621] [M]: 0x0000000080002530 (0x26013303) ld x6, 0x260(x2)                         resto_Mrtn+0
mem[R,0x0000000080005260] -> 0x000000001FDDB7D5
x6 <- 0x000000001FDDB7D5

clint mtime 0x0000000000000137 (mip.MTI <- 0b1, mip.STI <- 0b0)
mem[X,0x0000000080002534] -> 0x3383
mem[X,0x0000000080002536] -> 0x2681
[622] [M]: 0x0000000080002534 (0x26813383) ld x7, 0x268(x2)                         resto_Mrtn+4
mem[R,0x0000000080005268] -> 0x00000000003FBB6F
x7 <- 0x00000000003FBB6F

mem[X,0x0000000080002538] -> 0x3403
mem[X,0x000000008000253A] -> 0x2701
[623] [M]: 0x0000000080002538 (0x27013403) ld x8, 0x270(x2)                         resto_Mrtn+8
mem[R,0x0000000080005270] -> 0x0000000080002000
x8 <- 0x0000000080002000

clint mtime 0x0000000000000138 (mip.MTI <- 0b1, mip.STI <- 0b0)
mem[X,0x000000008000253C] -> 0x3483
mem[X,0x000000008000253E] -> 0x2781
[624] [M]: 0x000000008000253C (0x27813483) ld x9, 0x278(x2)                         resto_Mrtn+12
mem[R,0x0000000080005278] -> 0x00000000000000FE
x9 <- 0x00000000000000FE

mem[X,0x0000000080002540] -> 0x3503
mem[X,0x0000000080002542] -> 0x2801
[625] [M]: 0x0000000080002540 (0x28013503) ld x10, 0x280(x2)                        resto_Mrtn+16
mem[R,0x0000000080005280] -> 0x0000000000002000
x10 <- 0x0000000000002000

clint mtime 0x0000000000000139 (mip.MTI <- 0b1, mip.STI <- 0b0)
mem[X,0x0000000080002544] -> 0x3583
mem[X,0x0000000080002546] -> 0x2881
[626] [M]: 0x0000000080002544 (0x28813583) ld x11, 0x288(x2)                        resto_Mrtn+20
mem[R,0x0000000080005288] -> 0x0000000000000000
x11 <- 0x0000000000000000

mem[X,0x0000000080002548] -> 0x3103
mem[X,0x000000008000254A] -> 0x2901
[627] [M]: 0x0000000080002548 (0x29013103) ld x2, 0x290(x2)                         resto_Mrtn+24
mem[R,0x0000000080005290] -> 0x0000000080002000
x2 <- 0x0000000080002000

clint mtime 0x000000000000013A (mip.MTI <- 0b1, mip.STI <- 0b0)
mem[X,0x000000008000254C] -> 0x0073
mem[X,0x000000008000254E] -> 0x3020
[628] [M]: 0x000000008000254C (0x30200073) mret                                     resto_Mrtn+28
CSR mstatus (0x300) <- 0x8000000A00006080
ret-ing from M to M

mem[X,0x0000000080000518] -> 0x0001
[629] [M]: 0x0000000080000518 (0x0001) c.nop                                        main+280

clint mtime 0x000000000000013B (mip.MTI <- 0b1, mip.STI <- 0b0)
mem[X,0x000000008000051A] -> 0x0001
[630] [M]: 0x000000008000051A (0x0001) c.nop                                        main+282

mem[X,0x000000008000051C] -> 0x2402
[631] [M]: 0x000000008000051C (0x2402) c.fldsp f8, 0x0(x2)                          main+284
trapping from M to M to handle load-access-fault
handling exc#load-access-fault at priv M with tval 0x0000000080002000
CSR mstatus (0x300) <- 0x8000000A00007800
CSR mcause (0x342) <- 0x0000000000000005
CSR mtval (0x343) <- 0x0000000080002000
CSR mepc (0x341) <- 0x000000008000051C

clint mtime 0x000000000000013C (mip.MTI <- 0b1, mip.STI <- 0b0)
mem[X,0x0000000080002100] -> 0x006F
mem[X,0x0000000080002102] -> 0x1000
[632] [M]: 0x0000000080002100 (0x1000006F) jal x0, 0x100                            Mtrampoline+0

mem[X,0x0000000080002200] -> 0x1173
mem[X,0x0000000080002202] -> 0x3401
[633] [M]: 0x0000000080002200 (0x34011173) csrrw x2, mscratch, x2                   trap_Mhandler+0
CSR mscratch (0x340) <- 0x0000000080002000
x2 <- 0x0000000080005000

clint mtime 0x000000000000013D (mip.MTI <- 0b1, mip.STI <- 0b0)
mem[X,0x0000000080002204] -> 0x3423
mem[X,0x0000000080002206] -> 0x28B1
[634] [M]: 0x0000000080002204 (0x28B13423) sd x11, 0x288(x2)                        trap_Mhandler+4
mem[W,0x0000000080005288] <- 0x0000000000000000

mem[X,0x0000000080002208] -> 0x05EF
mem[X,0x000000008000220A] -> 0x0B80
[635] [M]: 0x0000000080002208 (0x0B8005EF) jal x11, 0xb8                            trap_Mhandler+8
x11 <- 0x000000008000220C

clint mtime 0x000000000000013E (mip.MTI <- 0b1, mip.STI <- 0b0)
mem[X,0x00000000800022C0] -> 0x3023
mem[X,0x00000000800022C2] -> 0x28A1
[636] [M]: 0x00000000800022C0 (0x28A13023) sd x10, 0x280(x2)                        common_Mhandler+0
mem[W,0x0000000080005280] <- 0x0000000000002000

mem[X,0x00000000800022C4] -> 0x1573
mem[X,0x00000000800022C6] -> 0x3401
[637] [M]: 0x00000000800022C4 (0x34011573) csrrw x10, mscratch, x2                  common_Mhandler+4
CSR mscratch (0x340) <- 0x0000000080005000
x10 <- 0x0000000080002000

clint mtime 0x000000000000013F (mip.MTI <- 0b1, mip.STI <- 0b0)
mem[X,0x00000000800022C8] -> 0x3823
mem[X,0x00000000800022CA] -> 0x28A1
[638] [M]: 0x00000000800022C8 (0x28A13823) sd x10, 0x290(x2)                        common_Mhandler+8
mem[W,0x0000000080005290] <- 0x0000000080002000

mem[X,0x00000000800022CC] -> 0x3503
mem[X,0x00000000800022CE] -> 0x2301
[639] [M]: 0x00000000800022CC (0x23013503) ld x10, 0x230(x2)                        common_Mhandler+12
mem[R,0x0000000080005230] -> 0x00000000800022D4
x10 <- 0x00000000800022D4

clint mtime 0x0000000000000140 (mip.MTI <- 0b1, mip.STI <- 0b0)
mem[X,0x00000000800022D0] -> 0x0067
mem[X,0x00000000800022D2] -> 0x0005
[640] [M]: 0x00000000800022D0 (0x00050067) jalr x0, 0x0(x10)                        common_Mhandler+16

mem[X,0x00000000800022D4] -> 0x3C23
mem[X,0x00000000800022D6] -> 0x2691
[641] [M]: 0x00000000800022D4 (0x26913C23) sd x9, 0x278(x2)                         common_Mentry+0
mem[W,0x0000000080005278] <- 0x00000000000000FE

clint mtime 0x0000000000000141 (mip.MTI <- 0b1, mip.STI <- 0b0)
mem[X,0x00000000800022D8] -> 0x3823
mem[X,0x00000000800022DA] -> 0x2681
[642] [M]: 0x00000000800022D8 (0x26813823) sd x8, 0x270(x2)                         common_Mentry+4
mem[W,0x0000000080005270] <- 0x0000000080002000

mem[X,0x00000000800022DC] -> 0x3423
mem[X,0x00000000800022DE] -> 0x2671
[643] [M]: 0x00000000800022DC (0x26713423) sd x7, 0x268(x2)                         common_Mentry+8
mem[W,0x0000000080005268] <- 0x00000000003FBB6F

clint mtime 0x0000000000000142 (mip.MTI <- 0b1, mip.STI <- 0b0)
mem[X,0x00000000800022E0] -> 0x3023
mem[X,0x00000000800022E2] -> 0x2661
[644] [M]: 0x00000000800022E0 (0x26613023) sd x6, 0x260(x2)                         common_Mentry+12
mem[W,0x0000000080005260] <- 0x000000001FDDB7D5

mem[X,0x00000000800022E4] -> 0x2573
mem[X,0x00000000800022E6] -> 0x3420
[645] [M]: 0x00000000800022E4 (0x34202573) csrrs x10, mcause, x0                    spcl_M2mmode_test+0
CSR mcause (0x342) -> 0x0000000000000005
x10 <- 0x0000000000000005

clint mtime 0x0000000000000143 (mip.MTI <- 0b1, mip.STI <- 0b0)
mem[X,0x00000000800022E8] -> 0x04B7
mem[X,0x00000000800022EA] -> 0x8000
[646] [M]: 0x00000000800022E8 (0x800004B7) lui x9, -0x80000                         spcl_M2mmode_test+4
x9 <- 0xFFFFFFFF80000000

mem[X,0x00000000800022EC] -> 0x8493
mem[X,0x00000000800022EE] -> 0x0004
[647] [M]: 0x00000000800022EC (0x00048493) addi x9, x9, 0x0                         spcl_M2mmode_test+8
x9 <- 0xFFFFFFFF80000000

clint mtime 0x0000000000000144 (mip.MTI <- 0b1, mip.STI <- 0b0)
mem[X,0x00000000800022F0] -> 0x9493
mem[X,0x00000000800022F2] -> 0x00B4
[648] [M]: 0x00000000800022F0 (0x00B49493) slli x9, x9, 0xb                         spcl_M2mmode_test+12
x9 <- 0xFFFFFC0000000000

mem[X,0x00000000800022F4] -> 0x8493
mem[X,0x00000000800022F6] -> 0x0004
[649] [M]: 0x00000000800022F4 (0x00048493) addi x9, x9, 0x0                         spcl_M2mmode_test+16
x9 <- 0xFFFFFC0000000000

clint mtime 0x0000000000000145 (mip.MTI <- 0b1, mip.STI <- 0b0)
mem[X,0x00000000800022F8] -> 0x9493
mem[X,0x00000000800022FA] -> 0x00B4
[650] [M]: 0x00000000800022F8 (0x00B49493) slli x9, x9, 0xb                         spcl_M2mmode_test+20
x9 <- 0xFFE0000000000000

mem[X,0x00000000800022FC] -> 0x8493
mem[X,0x00000000800022FE] -> 0x0034
[651] [M]: 0x00000000800022FC (0x00348493) addi x9, x9, 0x3                         spcl_M2mmode_test+24
x9 <- 0xFFE0000000000003

clint mtime 0x0000000000000146 (mip.MTI <- 0b1, mip.STI <- 0b0)
mem[X,0x0000000080002300] -> 0x9493
mem[X,0x0000000080002302] -> 0x00A4
[652] [M]: 0x0000000080002300 (0x00A49493) slli x9, x9, 0xa                         spcl_M2mmode_test+28
x9 <- 0x8000000000000C00

mem[X,0x0000000080002304] -> 0x8493
mem[X,0x0000000080002306] -> 0x3FC4
[653] [M]: 0x0000000080002304 (0x3FC48493) addi x9, x9, 0x3fc                       spcl_M2mmode_test+32
x9 <- 0x8000000000000FFC

clint mtime 0x0000000000000147 (mip.MTI <- 0b1, mip.STI <- 0b0)
mem[X,0x0000000080002308] -> 0xF4B3
mem[X,0x000000008000230A] -> 0x00A4
[654] [M]: 0x0000000080002308 (0x00A4F4B3) and x9, x9, x10                          spcl_M2mmode_test+36
x9 <- 0x0000000000000004

mem[X,0x000000008000230C] -> 0x8493
mem[X,0x000000008000230E] -> 0xFF84
[655] [M]: 0x000000008000230C (0xFF848493) addi x9, x9, -0x8                        spcl_M2mmode_test+40
x9 <- 0xFFFFFFFFFFFFFFFC

clint mtime 0x0000000000000148 (mip.MTI <- 0b1, mip.STI <- 0b0)
mem[X,0x0000000080002310] -> 0x9663
mem[X,0x0000000080002312] -> 0x0004
[656] [M]: 0x0000000080002310 (0x00049663) bne x9, x0, 0xc                          spcl_M2mmode_test+44

mem[X,0x000000008000231C] -> 0x0393
mem[X,0x000000008000231E] -> 0x0200
[657] [M]: 0x000000008000231C (0x02000393) addi x7, x0, 0x20                        Mtrapsig_ptr_upd+0
x7 <- 0x0000000000000020

clint mtime 0x0000000000000149 (mip.MTI <- 0b1, mip.STI <- 0b0)
mem[X,0x0000000080002320] -> 0x5263
mem[X,0x0000000080002322] -> 0x0405
[658] [M]: 0x0000000080002320 (0x04055263) bge x10, x0, 0x44                        Mtrapsig_ptr_upd+4

mem[X,0x0000000080002364] -> 0x2373
mem[X,0x0000000080002366] -> 0x3010
[659] [M]: 0x0000000080002364 (0x30102373) csrrs x6, misa, x0                       Mxcpt_sig_sv+0
CSR misa (0x301) -> 0x800000000034112F
x6 <- 0x800000000034112F

clint mtime 0x000000000000014A (mip.MTI <- 0b1, mip.STI <- 0b0)
mem[X,0x0000000080002368] -> 0x1313
mem[X,0x000000008000236A] -> 0x0383
[660] [M]: 0x0000000080002368 (0x03831313) slli x6, x6, 0x38                        Mxcpt_sig_sv+4
x6 <- 0x2F00000000000000

mem[X,0x000000008000236C] -> 0x5463
mem[X,0x000000008000236E] -> 0x0003
[661] [M]: 0x000000008000236C (0x00035463) bge x6, x0, 0x8                          Mxcpt_sig_sv+8

clint mtime 0x000000000000014B (mip.MTI <- 0b1, mip.STI <- 0b0)
mem[X,0x0000000080002374] -> 0x3303
mem[X,0x0000000080002376] -> 0x2181
[662] [M]: 0x0000000080002374 (0x21813303) ld x6, 0x218(x2)                         Mtrap_sig_sv+0
mem[R,0x0000000080005218] -> 0x0000000080006380
x6 <- 0x0000000080006380

mem[X,0x0000000080002378] -> 0x04B3
mem[X,0x000000008000237A] -> 0x0073
[663] [M]: 0x0000000080002378 (0x007304B3) add x9, x6, x7                           Mtrap_sig_sv+4
x9 <- 0x00000000800063A0

clint mtime 0x000000000000014C (mip.MTI <- 0b1, mip.STI <- 0b0)
mem[X,0x000000008000237C] -> 0x3C23
mem[X,0x000000008000237E] -> 0x2091
[664] [M]: 0x000000008000237C (0x20913C23) sd x9, 0x218(x2)                         Mtrap_sig_sv+8
mem[W,0x0000000080005218] <- 0x00000000800063A0

mem[X,0x0000000080002380] -> 0x3403
mem[X,0x0000000080002382] -> 0x1F81
[665] [M]: 0x0000000080002380 (0x1F813403) ld x8, 0x1f8(x2)                         Mtrap_sig_sv+12
mem[R,0x00000000800051F8] -> 0x0000000080006210
x8 <- 0x0000000080006210

clint mtime 0x000000000000014D (mip.MTI <- 0b1, mip.STI <- 0b0)
mem[X,0x0000000080002384] -> 0x0333
mem[X,0x0000000080002386] -> 0x4083
[666] [M]: 0x0000000080002384 (0x40830333) sub x6, x6, x8                           Mtrap_sig_sv+16
x6 <- 0x0000000000000170

mem[X,0x0000000080002388] -> 0x3403
mem[X,0x000000008000238A] -> 0x1F81
[667] [M]: 0x0000000080002388 (0x1F813403) ld x8, 0x1f8(x2)                         Mtrap_sig_sv+20
mem[R,0x00000000800051F8] -> 0x0000000080006210
x8 <- 0x0000000080006210

clint mtime 0x000000000000014E (mip.MTI <- 0b1, mip.STI <- 0b0)
mem[X,0x000000008000238C] -> 0x0333
mem[X,0x000000008000238E] -> 0x0083
[668] [M]: 0x000000008000238C (0x00830333) add x6, x6, x8                           Mtrap_sig_sv+24
x6 <- 0x0000000080006380

mem[X,0x0000000080002390] -> 0x3403
mem[X,0x0000000080002392] -> 0x2401
[669] [M]: 0x0000000080002390 (0x24013403) ld x8, 0x240(x2)                         Mtrap_sig_sv+28
mem[R,0x0000000080005240] -> 0x0000000080002100
x8 <- 0x0000000080002100

clint mtime 0x000000000000014F (mip.MTI <- 0b1, mip.STI <- 0b0)
mem[X,0x0000000080002394] -> 0x85B3
mem[X,0x0000000080002396] -> 0x4085
[670] [M]: 0x0000000080002394 (0x408585B3) sub x11, x11, x8                         sv_Mvect+0
x11 <- 0x000000000000010C

mem[X,0x0000000080002398] -> 0x9593
mem[X,0x000000008000239A] -> 0x0045
[671] [M]: 0x0000000080002398 (0x00459593) slli x11, x11, 0x4                       sv_Mvect+4
x11 <- 0x00000000000010C0

clint mtime 0x0000000000000150 (mip.MTI <- 0b1, mip.STI <- 0b0)
mem[X,0x000000008000239C] -> 0xE5B3
mem[X,0x000000008000239E] -> 0x0075
[672] [M]: 0x000000008000239C (0x0075E5B3) or x11, x11, x7                          sv_Mvect+8
x11 <- 0x00000000000010E0

mem[X,0x00000000800023A0] -> 0x8593
mem[X,0x00000000800023A2] -> 0x0035
[673] [M]: 0x00000000800023A0 (0x00358593) addi x11, x11, 0x3                       sv_Mvect+12
x11 <- 0x00000000000010E3

clint mtime 0x0000000000000151 (mip.MTI <- 0b1, mip.STI <- 0b0)
mem[X,0x00000000800023A4] -> 0x3023
mem[X,0x00000000800023A6] -> 0x00B3
[674] [M]: 0x00000000800023A4 (0x00B33023) sd x11, 0x0(x6)                          sv_Mvect+16
mem[W,0x0000000080006380] <- 0x00000000000010E3

mem[X,0x00000000800023A8] -> 0x3423
mem[X,0x00000000800023AA] -> 0x00A3
[675] [M]: 0x00000000800023A8 (0x00A33423) sd x10, 0x8(x6)                          sv_Mcause+0
mem[W,0x0000000080006388] <- 0x0000000000000005

clint mtime 0x0000000000000152 (mip.MTI <- 0b1, mip.STI <- 0b0)
mem[X,0x00000000800023AC] -> 0x4263
mem[X,0x00000000800023AE] -> 0x1A05
[676] [M]: 0x00000000800023AC (0x1A054263) blt x10, x0, 0x1a4                       sv_Mcause+4

mem[X,0x00000000800023B0] -> 0x25F3
mem[X,0x00000000800023B2] -> 0x3000
[677] [M]: 0x00000000800023B0 (0x300025F3) csrrs x11, mstatus, x0                   common_Mexcpt_handler+0
CSR mstatus (0x300) -> 0x8000000A00007800
x11 <- 0x8000000A00007800

clint mtime 0x0000000000000153 (mip.MTI <- 0b1, mip.STI <- 0b0)
mem[X,0x00000000800023B4] -> 0x9413
mem[X,0x00000000800023B6] -> 0x02E5
[678] [M]: 0x00000000800023B4 (0x02E59413) slli x8, x11, 0x2e                       common_Mexcpt_handler+4
x8 <- 0x1E00000000000000

mem[X,0x00000000800023B8] -> 0x5463
mem[X,0x00000000800023BA] -> 0x0004
[679] [M]: 0x00000000800023B8 (0x00045463) bge x8, x0, 0x8                          common_Mexcpt_handler+8

clint mtime 0x0000000000000154 (mip.MTI <- 0b1, mip.STI <- 0b0)
mem[X,0x00000000800023C0] -> 0xD493
mem[X,0x00000000800023C2] -> 0x00B5
[680] [M]: 0x00000000800023C0 (0x00B5D493) srli x9, x11, 0xb                        common_Mexcpt_handler+16
x9 <- 0x001000000140000F

mem[X,0x00000000800023C4] -> 0xF493
mem[X,0x00000000800023C6] -> 0x0034
[681] [M]: 0x00000000800023C4 (0x0034F493) andi x9, x9, 0x3                         common_Mexcpt_handler+20
x9 <- 0x0000000000000003

clint mtime 0x0000000000000155 (mip.MTI <- 0b1, mip.STI <- 0b0)
mem[X,0x00000000800023C8] -> 0x8493
mem[X,0x00000000800023CA] -> 0x0014
[682] [M]: 0x00000000800023C8 (0x00148493) addi x9, x9, 0x1                         common_Mexcpt_handler+24
x9 <- 0x0000000000000004

mem[X,0x00000000800023CC] -> 0xF493
mem[X,0x00000000800023CE] -> 0x0044
[683] [M]: 0x00000000800023CC (0x0044F493) andi x9, x9, 0x4                         common_Mexcpt_handler+28
x9 <- 0x0000000000000004

clint mtime 0x0000000000000156 (mip.MTI <- 0b1, mip.STI <- 0b0)
mem[X,0x00000000800023D0] -> 0x0593
mem[X,0x00000000800023D2] -> 0x05D0
[684] [M]: 0x00000000800023D0 (0x05D00593) addi x11, x0, 0x5d                       common_Mexcpt_handler+32
x11 <- 0x000000000000005D

mem[X,0x00000000800023D4] -> 0xD5B3
mem[X,0x00000000800023D6] -> 0x0095
[685] [M]: 0x00000000800023D4 (0x0095D5B3) srl x11, x11, x9                         common_Mexcpt_handler+36
x11 <- 0x0000000000000005

clint mtime 0x0000000000000157 (mip.MTI <- 0b1, mip.STI <- 0b0)
mem[X,0x00000000800023D8] -> 0xF593
mem[X,0x00000000800023DA] -> 0x0015
[686] [M]: 0x00000000800023D8 (0x0015F593) andi x11, x11, 0x1                       common_Mexcpt_handler+40
x11 <- 0x0000000000000001

mem[X,0x00000000800023DC] -> 0x8EE3
mem[X,0x00000000800023DE] -> 0xF405
[687] [M]: 0x00000000800023DC (0xF4058EE3) beq x11, x0, -0xa4                       common_Mexcpt_handler+44

clint mtime 0x0000000000000158 (mip.MTI <- 0b1, mip.STI <- 0b0)
mem[X,0x00000000800023E0] -> 0x0593
mem[X,0x00000000800023E2] -> 0x2980
[688] [M]: 0x00000000800023E0 (0x29800593) addi x11, x0, 0x298                      common_Mexcpt_handler+48
x11 <- 0x0000000000000298

mem[X,0x00000000800023E4] -> 0xF413
mem[X,0x00000000800023E6] -> 0x0014
[689] [M]: 0x00000000800023E4 (0x0014F413) andi x8, x9, 0x1                         common_Mexcpt_handler+52
x8 <- 0x0000000000000000

clint mtime 0x0000000000000159 (mip.MTI <- 0b1, mip.STI <- 0b0)
mem[X,0x00000000800023E8] -> 0x95B3
mem[X,0x00000000800023EA] -> 0x0085
[690] [M]: 0x00000000800023E8 (0x008595B3) sll x11, x11, x8                         common_Mexcpt_handler+56
x11 <- 0x0000000000000298

mem[X,0x00000000800023EC] -> 0x9413
mem[X,0x00000000800023EE] -> 0x03D4
[691] [M]: 0x00000000800023EC (0x03D49413) slli x8, x9, 0x3d                        common_Mexcpt_handler+60
x8 <- 0x8000000000000000

clint mtime 0x000000000000015A (mip.MTI <- 0b1, mip.STI <- 0b0)
mem[X,0x00000000800023F0] -> 0x5413
mem[X,0x00000000800023F2] -> 0x43F4
[692] [M]: 0x00000000800023F0 (0x43F45413) srai x8, x8, 0x3f                        common_Mexcpt_handler+64
x8 <- 0xFFFFFFFFFFFFFFFF

mem[X,0x00000000800023F4] -> 0x4413
mem[X,0x00000000800023F6] -> 0xFFF4
[693] [M]: 0x00000000800023F4 (0xFFF44413) xori x8, x8, -0x1                        common_Mexcpt_handler+68
x8 <- 0x0000000000000000

clint mtime 0x000000000000015B (mip.MTI <- 0b1, mip.STI <- 0b0)
mem[X,0x00000000800023F8] -> 0xF4B3
mem[X,0x00000000800023FA] -> 0x0085
[694] [M]: 0x00000000800023F8 (0x0085F4B3) and x9, x11, x8                          common_Mexcpt_handler+72
x9 <- 0x0000000000000000

mem[X,0x00000000800023FC] -> 0x84B3
mem[X,0x00000000800023FE] -> 0x0024
[695] [M]: 0x00000000800023FC (0x002484B3) add x9, x9, x2                           vmem_adj_Mepc+0
x9 <- 0x0000000080005000

clint mtime 0x000000000000015C (mip.MTI <- 0b1, mip.STI <- 0b0)
mem[X,0x0000000080002400] -> 0x23F3
mem[X,0x0000000080002402] -> 0x3410
[696] [M]: 0x0000000080002400 (0x341023F3) csrrs x7, mepc, x0                       vmem_adj_Mepc+4
CSR mepc (0x341) -> 0x000000008000051C
x7 <- 0x000000008000051C

mem[X,0x0000000080002404] -> 0x0413
mem[X,0x0000000080002406] -> 0x0004
[697] [M]: 0x0000000080002404 (0x00040413) addi x8, x8, 0x0                         vmem_adj_Mepc+8
x8 <- 0x0000000000000000

clint mtime 0x000000000000015D (mip.MTI <- 0b1, mip.STI <- 0b0)
mem[X,0x0000000080002408] -> 0x006F
mem[X,0x000000008000240A] -> 0x0400
[698] [M]: 0x0000000080002408 (0x0400006F) jal x0, 0x40                             vmem_adj_Mepc+12

mem[X,0x0000000080002448] -> 0x8433
mem[X,0x000000008000244A] -> 0x4083
[699] [M]: 0x0000000080002448 (0x40838433) sub x8, x7, x8                           adj_Mepc+0
x8 <- 0x000000008000051C

clint mtime 0x000000000000015E (mip.MTI <- 0b1, mip.STI <- 0b0)
mem[X,0x000000008000244C] -> 0x3823
mem[X,0x000000008000244E] -> 0x0083
[700] [M]: 0x000000008000244C (0x00833823) sd x8, 0x10(x6)                          sv_Mepc+0
mem[W,0x0000000080006390] <- 0x000000008000051C

mem[X,0x0000000080002450] -> 0x55B7
mem[X,0x0000000080002452] -> 0x0000
[701] [M]: 0x0000000080002450 (0x000055B7) lui x11, 0x5                             sv_Mepc+4
x11 <- 0x0000000000005000

clint mtime 0x000000000000015F (mip.MTI <- 0b1, mip.STI <- 0b0)
mem[X,0x0000000080002454] -> 0x8593
mem[X,0x0000000080002456] -> 0x6675
[702] [M]: 0x0000000080002454 (0x66758593) addi x11, x11, 0x667                     sv_Mepc+8
x11 <- 0x0000000000005667

mem[X,0x0000000080002458] -> 0x9593
mem[X,0x000000008000245A] -> 0x0015
[703] [M]: 0x0000000080002458 (0x00159593) slli x11, x11, 0x1                       sv_Mepc+12
x11 <- 0x000000000000ACCE

clint mtime 0x0000000000000160 (mip.MTI <- 0b1, mip.STI <- 0b0)
mem[X,0x000000008000245C] -> 0x9063
mem[X,0x000000008000245E] -> 0x02B1
[704] [M]: 0x000000008000245C (0x02B19063) bne x3, x11, 0x20                        sv_Mepc+16

mem[X,0x000000008000247C] -> 0xF593
mem[X,0x000000008000247E] -> 0xFFC3
[705] [M]: 0x000000008000247C (0xFFC3F593) andi x11, x7, -0x4                       adj_Mepc_rtn+0
x11 <- 0x000000008000051C

clint mtime 0x0000000000000161 (mip.MTI <- 0b1, mip.STI <- 0b0)
mem[X,0x0000000080002480] -> 0x8593
mem[X,0x0000000080002482] -> 0x0085
[706] [M]: 0x0000000080002480 (0x00858593) addi x11, x11, 0x8                       adj_Mepc_rtn+4
x11 <- 0x0000000080000524

mem[X,0x0000000080002484] -> 0x9073
mem[X,0x0000000080002486] -> 0x3415
[707] [M]: 0x0000000080002484 (0x34159073) csrrw x0, mepc, x11                      adj_Mepc_rtn+8
CSR mepc (0x341) <- 0x0000000080000524

clint mtime 0x0000000000000162 (mip.MTI <- 0b1, mip.STI <- 0b0)
mem[X,0x0000000080002488] -> 0x23F3
mem[X,0x000000008000248A] -> 0x3430
[708] [M]: 0x0000000080002488 (0x343023F3) csrrs x7, mtval, x0                      skp_adj_Mepc+0
CSR mtval (0x343) -> 0x0000000080002000
x7 <- 0x0000000080002000

mem[X,0x000000008000248C] -> 0x7513
mem[X,0x000000008000248E] -> 0x00F5
[709] [M]: 0x000000008000248C (0x00F57513) andi x10, x10, 0xf                       chk_Mtval+0
x10 <- 0x0000000000000005

clint mtime 0x0000000000000163 (mip.MTI <- 0b1, mip.STI <- 0b0)
mem[X,0x0000000080002490] -> 0x0437
mem[X,0x0000000080002492] -> 0x0000
[710] [M]: 0x0000000080002490 (0x00000437) lui x8, 0x0                              chk_Mtval+4
x8 <- 0x0000000000000000

mem[X,0x0000000080002494] -> 0x0413
mem[X,0x0000000080002496] -> 0x0004
[711] [M]: 0x0000000080002494 (0x00040413) addi x8, x8, 0x0                         chk_Mtval+8
x8 <- 0x0000000000000000

clint mtime 0x0000000000000164 (mip.MTI <- 0b1, mip.STI <- 0b0)
mem[X,0x0000000080002498] -> 0x1413
mem[X,0x000000008000249A] -> 0x00B4
[712] [M]: 0x0000000080002498 (0x00B41413) slli x8, x8, 0xb                         chk_Mtval+12
x8 <- 0x0000000000000000

mem[X,0x000000008000249C] -> 0x0413
mem[X,0x000000008000249E] -> 0x0004
[713] [M]: 0x000000008000249C (0x00040413) addi x8, x8, 0x0                         chk_Mtval+16
x8 <- 0x0000000000000000

clint mtime 0x0000000000000165 (mip.MTI <- 0b1, mip.STI <- 0b0)
mem[X,0x00000000800024A0] -> 0x1413
mem[X,0x00000000800024A2] -> 0x00B4
[714] [M]: 0x00000000800024A0 (0x00B41413) slli x8, x8, 0xb                         chk_Mtval+20
x8 <- 0x0000000000000000

mem[X,0x00000000800024A4] -> 0x0413
mem[X,0x00000000800024A6] -> 0x02C4
[715] [M]: 0x00000000800024A4 (0x02C40413) addi x8, x8, 0x2c                        chk_Mtval+24
x8 <- 0x000000000000002C

clint mtime 0x0000000000000166 (mip.MTI <- 0b1, mip.STI <- 0b0)
mem[X,0x00000000800024A8] -> 0x1413
mem[X,0x00000000800024AA] -> 0x00A4
[716] [M]: 0x00000000800024A8 (0x00A41413) slli x8, x8, 0xa                         chk_Mtval+28
x8 <- 0x000000000000B000

mem[X,0x00000000800024AC] -> 0x0413
mem[X,0x00000000800024AE] -> 0x0FB4
[717] [M]: 0x00000000800024AC (0x0FB40413) addi x8, x8, 0xfb                        chk_Mtval+32
x8 <- 0x000000000000B0FB

clint mtime 0x0000000000000167 (mip.MTI <- 0b1, mip.STI <- 0b0)
mem[X,0x00000000800024B0] -> 0x5433
mem[X,0x00000000800024B2] -> 0x00A4
[718] [M]: 0x00000000800024B0 (0x00A45433) srl x8, x8, x10                          chk_Mtval+36
x8 <- 0x0000000000000587

mem[X,0x00000000800024B4] -> 0x1413
mem[X,0x00000000800024B6] -> 0x03F4
[719] [M]: 0x00000000800024B4 (0x03F41413) slli x8, x8, 0x3f                        chk_Mtval+40
x8 <- 0x8000000000000000

clint mtime 0x0000000000000168 (mip.MTI <- 0b1, mip.STI <- 0b0)
mem[X,0x00000000800024B8] -> 0x5C63
mem[X,0x00000000800024BA] -> 0x0404
[720] [M]: 0x00000000800024B8 (0x04045C63) bge x8, x0, 0x58                         chk_Mtval+44

mem[X,0x00000000800024BC] -> 0xB403
mem[X,0x00000000800024BE] -> 0x2084
[721] [M]: 0x00000000800024BC (0x2084B403) ld x8, 0x208(x9)                         vmem_adj_Mtval+0
mem[R,0x0000000080005208] -> 0x00000000800003B4
x8 <- 0x00000000800003B4

clint mtime 0x0000000000000169 (mip.MTI <- 0b1, mip.STI <- 0b0)
mem[X,0x00000000800024C0] -> 0xB583
mem[X,0x00000000800024C2] -> 0x2104
[722] [M]: 0x00000000800024C0 (0x2104B583) ld x11, 0x210(x9)                        vmem_adj_Mtval+4
mem[R,0x0000000080005210] -> 0x0000000000001C5A
x11 <- 0x0000000000001C5A

mem[X,0x00000000800024C4] -> 0x85B3
mem[X,0x00000000800024C6] -> 0x0085
[723] [M]: 0x00000000800024C4 (0x008585B3) add x11, x11, x8                         vmem_adj_Mtval+8
x11 <- 0x000000008000200E

clint mtime 0x000000000000016A (mip.MTI <- 0b1, mip.STI <- 0b0)
mem[X,0x00000000800024C8] -> 0xF463
mem[X,0x00000000800024CA] -> 0x00B3
[724] [M]: 0x00000000800024C8 (0x00B3F463) bgeu x7, x11, 0x8                        vmem_adj_Mtval+12

mem[X,0x00000000800024CC] -> 0xF063
mem[X,0x00000000800024CE] -> 0x0483
[725] [M]: 0x00000000800024CC (0x0483F063) bgeu x7, x8, 0x40                        vmem_adj_Mtval+16

clint mtime 0x000000000000016B (mip.MTI <- 0b1, mip.STI <- 0b0)
mem[X,0x000000008000250C] -> 0x8433
mem[X,0x000000008000250E] -> 0x4083
[726] [M]: 0x000000008000250C (0x40838433) sub x8, x7, x8                           adj_Mtval+0
x8 <- 0x0000000000001C4C

mem[X,0x0000000080002510] -> 0x3C23
mem[X,0x0000000080002512] -> 0x0083
[727] [M]: 0x0000000080002510 (0x00833C23) sd x8, 0x18(x6)                          sv_Mtval+0
mem[W,0x0000000080006398] <- 0x0000000000001C4C

clint mtime 0x000000000000016C (mip.MTI <- 0b1, mip.STI <- 0b0)
mem[X,0x0000000080002514] -> 0x3483
mem[X,0x0000000080002516] -> 0x2181
[728] [M]: 0x0000000080002514 (0x21813483) ld x9, 0x218(x2)                         skp_Mtval+0
mem[R,0x0000000080005218] -> 0x00000000800063A0
x9 <- 0x00000000800063A0

mem[X,0x0000000080002518] -> 0x3383
mem[X,0x000000008000251A] -> 0x1F81
[729] [M]: 0x0000000080002518 (0x1F813383) ld x7, 0x1f8(x2)                         skp_Mtval+4
mem[R,0x00000000800051F8] -> 0x0000000080006210
x7 <- 0x0000000080006210

clint mtime 0x000000000000016D (mip.MTI <- 0b1, mip.STI <- 0b0)
mem[X,0x000000008000251C] -> 0x3303
mem[X,0x000000008000251E] -> 0x2001
[730] [M]: 0x000000008000251C (0x20013303) ld x6, 0x200(x2)                         skp_Mtval+8
mem[R,0x0000000080005200] -> 0x0000000000000920
x6 <- 0x0000000000000920

mem[X,0x0000000080002520] -> 0x0333
mem[X,0x0000000080002522] -> 0x0073
[731] [M]: 0x0000000080002520 (0x00730333) add x6, x6, x7                           skp_Mtval+12
x6 <- 0x0000000080006B30

clint mtime 0x000000000000016E (mip.MTI <- 0b1, mip.STI <- 0b0)
mem[X,0x0000000080002524] -> 0x69E3
mem[X,0x0000000080002526] -> 0xAE93
[732] [M]: 0x0000000080002524 (0xAE9369E3) bltu x6, x9, -0x50e                      skp_Mtval+16

mem[X,0x0000000080002528] -> 0x0393
mem[X,0x000000008000252A] -> 0x2000
[733] [M]: 0x0000000080002528 (0x20000393) addi x7, x0, 0x200                       skp_Mtval+20
x7 <- 0x0000000000000200

clint mtime 0x000000000000016F (mip.MTI <- 0b1, mip.STI <- 0b0)
mem[X,0x000000008000252C] -> 0x006F
mem[X,0x000000008000252E] -> 0x0400
[734] [M]: 0x000000008000252C (0x0400006F) jal x0, 0x40                             skp_Mtval+24

mem[X,0x000000008000256C] -> 0x0417
mem[X,0x000000008000256E] -> 0x0000
[735] [M]: 0x000000008000256C (0x00000417) auipc x8, 0x0                            spcl_Mhandler+0
x8 <- 0x000000008000256C

clint mtime 0x0000000000000170 (mip.MTI <- 0b1, mip.STI <- 0b0)
mem[X,0x0000000080002570] -> 0x0413
mem[X,0x0000000080002572] -> 0x03C4
[736] [M]: 0x0000000080002570 (0x03C40413) addi x8, x8, 0x3c                        spcl_Mhandler+4
x8 <- 0x00000000800025A8

mem[X,0x0000000080002574] -> 0x0433
mem[X,0x0000000080002576] -> 0x0074
[737] [M]: 0x0000000080002574 (0x00740433) add x8, x8, x7                           spcl_Mhandler+8
x8 <- 0x00000000800027A8

clint mtime 0x0000000000000171 (mip.MTI <- 0b1, mip.STI <- 0b0)
mem[X,0x0000000080002578] -> 0x1393
mem[X,0x000000008000257A] -> 0x0035
[738] [M]: 0x0000000080002578 (0x00351393) slli x7, x10, 0x3                        spcl_Mhandler+12
x7 <- 0x0000000000000028

mem[X,0x000000008000257C] -> 0x0433
mem[X,0x000000008000257E] -> 0x0074
[739] [M]: 0x000000008000257C (0x00740433) add x8, x8, x7                           spcl_Mhandler+16
x8 <- 0x00000000800027D0

clint mtime 0x0000000000000172 (mip.MTI <- 0b1, mip.STI <- 0b0)
mem[X,0x0000000080002580] -> 0x7413
mem[X,0x0000000080002582] -> 0xFF84
[740] [M]: 0x0000000080002580 (0xFF847413) andi x8, x8, -0x8                        spcl_Mhandler+20
x8 <- 0x00000000800027D0

mem[X,0x0000000080002584] -> 0x3403
mem[X,0x0000000080002586] -> 0x0004
[741] [M]: 0x0000000080002584 (0x00043403) ld x8, 0x0(x8)                           spcl_Mhandler+24
mem[R,0x00000000800027D0] -> 0x000000000000000B
x8 <- 0x000000000000000B

clint mtime 0x0000000000000173 (mip.MTI <- 0b1, mip.STI <- 0b0)
mem[X,0x0000000080002588] -> 0x01E3
mem[X,0x000000008000258A] -> 0xB204
[742] [M]: 0x0000000080002588 (0xB20401E3) beq x8, x0, -0x4de                       spcl_Mdispatch_hndling+0

mem[X,0x000000008000258C] -> 0x1393
mem[X,0x000000008000258E] -> 0x03F4
[743] [M]: 0x000000008000258C (0x03F41393) slli x7, x8, 0x3f                        spcl_Mdispatch_hndling+4
x7 <- 0x8000000000000000

clint mtime 0x0000000000000174 (mip.MTI <- 0b1, mip.STI <- 0b0)
mem[X,0x0000000080002590] -> 0xD863
mem[X,0x0000000080002592] -> 0x0003
[744] [M]: 0x0000000080002590 (0x0003D863) bge x7, x0, 0x10                         spcl_Mdispatch_hndling+8

mem[X,0x0000000080002594] -> 0x5413
mem[X,0x0000000080002596] -> 0x0014
[745] [M]: 0x0000000080002594 (0x00145413) srli x8, x8, 0x1                         spcl_Mdispatch_hndling+12
x8 <- 0x0000000000000005

clint mtime 0x0000000000000175 (mip.MTI <- 0b1, mip.STI <- 0b0)
mem[X,0x0000000080002598] -> 0x0CE3
mem[X,0x000000008000259A] -> 0xF885
[746] [M]: 0x0000000080002598 (0xF8850CE3) beq x10, x8, -0x68                       spcl_Mdispatch_hndling+16

mem[X,0x0000000080002530] -> 0x3303
mem[X,0x0000000080002532] -> 0x2601
[747] [M]: 0x0000000080002530 (0x26013303) ld x6, 0x260(x2)                         resto_Mrtn+0
mem[R,0x0000000080005260] -> 0x000000001FDDB7D5
x6 <- 0x000000001FDDB7D5

clint mtime 0x0000000000000176 (mip.MTI <- 0b1, mip.STI <- 0b0)
mem[X,0x0000000080002534] -> 0x3383
mem[X,0x0000000080002536] -> 0x2681
[748] [M]: 0x0000000080002534 (0x26813383) ld x7, 0x268(x2)                         resto_Mrtn+4
mem[R,0x0000000080005268] -> 0x00000000003FBB6F
x7 <- 0x00000000003FBB6F

mem[X,0x0000000080002538] -> 0x3403
mem[X,0x000000008000253A] -> 0x2701
[749] [M]: 0x0000000080002538 (0x27013403) ld x8, 0x270(x2)                         resto_Mrtn+8
mem[R,0x0000000080005270] -> 0x0000000080002000
x8 <- 0x0000000080002000

clint mtime 0x0000000000000177 (mip.MTI <- 0b1, mip.STI <- 0b0)
mem[X,0x000000008000253C] -> 0x3483
mem[X,0x000000008000253E] -> 0x2781
[750] [M]: 0x000000008000253C (0x27813483) ld x9, 0x278(x2)                         resto_Mrtn+12
mem[R,0x0000000080005278] -> 0x00000000000000FE
x9 <- 0x00000000000000FE

mem[X,0x0000000080002540] -> 0x3503
mem[X,0x0000000080002542] -> 0x2801
[751] [M]: 0x0000000080002540 (0x28013503) ld x10, 0x280(x2)                        resto_Mrtn+16
mem[R,0x0000000080005280] -> 0x0000000000002000
x10 <- 0x0000000000002000

clint mtime 0x0000000000000178 (mip.MTI <- 0b1, mip.STI <- 0b0)
mem[X,0x0000000080002544] -> 0x3583
mem[X,0x0000000080002546] -> 0x2881
[752] [M]: 0x0000000080002544 (0x28813583) ld x11, 0x288(x2)                        resto_Mrtn+20
mem[R,0x0000000080005288] -> 0x0000000000000000
x11 <- 0x0000000000000000

mem[X,0x0000000080002548] -> 0x3103
mem[X,0x000000008000254A] -> 0x2901
[753] [M]: 0x0000000080002548 (0x29013103) ld x2, 0x290(x2)                         resto_Mrtn+24
mem[R,0x0000000080005290] -> 0x0000000080002000
x2 <- 0x0000000080002000

clint mtime 0x0000000000000179 (mip.MTI <- 0b1, mip.STI <- 0b0)
mem[X,0x000000008000254C] -> 0x0073
mem[X,0x000000008000254E] -> 0x3020
[754] [M]: 0x000000008000254C (0x30200073) mret                                     resto_Mrtn+28
CSR mstatus (0x300) <- 0x8000000A00006080
ret-ing from M to M

mem[X,0x0000000080000524] -> 0x0013
mem[X,0x0000000080000526] -> 0x0000
[755] [M]: 0x0000000080000524 (0x00000013) addi x0, x0, 0x0                         main+292

clint mtime 0x000000000000017A (mip.MTI <- 0b1, mip.STI <- 0b0)
mem[X,0x0000000080000528] -> 0x0013
mem[X,0x000000008000052A] -> 0x0000
[756] [M]: 0x0000000080000528 (0x00000013) addi x0, x0, 0x0                         main+296

mem[X,0x000000008000052C] -> 0x0013
mem[X,0x000000008000052E] -> 0x0000
[757] [M]: 0x000000008000052C (0x00000013) addi x0, x0, 0x0                         main+300

clint mtime 0x000000000000017B (mip.MTI <- 0b1, mip.STI <- 0b0)
mem[X,0x0000000080000530] -> 0x0013
mem[X,0x0000000080000532] -> 0x0000
[758] [M]: 0x0000000080000530 (0x00000013) addi x0, x0, 0x0                         main+304

mem[X,0x0000000080000534] -> 0x0013
mem[X,0x0000000080000536] -> 0x0000
[759] [M]: 0x0000000080000534 (0x00000013) addi x0, x0, 0x0                         main+308

clint mtime 0x000000000000017C (mip.MTI <- 0b1, mip.STI <- 0b0)
mem[X,0x0000000080000538] -> 0x0013
mem[X,0x000000008000053A] -> 0x0000
[760] [M]: 0x0000000080000538 (0x00000013) addi x0, x0, 0x0                         main+312

mem[X,0x000000008000053C] -> 0x0013
mem[X,0x000000008000053E] -> 0x0000
[761] [M]: 0x000000008000053C (0x00000013) addi x0, x0, 0x0                         main+316

clint mtime 0x000000000000017D (mip.MTI <- 0b1, mip.STI <- 0b0)
mem[X,0x0000000080000540] -> 0x12B7
mem[X,0x0000000080000542] -> 0x2000
[762] [M]: 0x0000000080000540 (0x200012B7) lui x5, 0x20001                          main+320
x5 <- 0x0000000020001000

mem[X,0x0000000080000544] -> 0x829B
mem[X,0x0000000080000546] -> 0x8002
[763] [M]: 0x0000000080000544 (0x8002829B) addiw x5, x5, -0x800                     main+324
x5 <- 0x0000000020000800

clint mtime 0x000000000000017E (mip.MTI <- 0b1, mip.STI <- 0b0)
mem[X,0x0000000080000548] -> 0x0013
mem[X,0x000000008000054A] -> 0x0000
[764] [M]: 0x0000000080000548 (0x00000013) addi x0, x0, 0x0                         main+328

mem[X,0x000000008000054C] -> 0x0013
mem[X,0x000000008000054E] -> 0x0000
[765] [M]: 0x000000008000054C (0x00000013) addi x0, x0, 0x0                         main+332

clint mtime 0x000000000000017F (mip.MTI <- 0b1, mip.STI <- 0b0)
mem[X,0x0000000080000550] -> 0x0013
mem[X,0x0000000080000552] -> 0x0000
[766] [M]: 0x0000000080000550 (0x00000013) addi x0, x0, 0x0                         main+336

mem[X,0x0000000080000554] -> 0x0013
mem[X,0x0000000080000556] -> 0x0000
[767] [M]: 0x0000000080000554 (0x00000013) addi x0, x0, 0x0                         main+340

clint mtime 0x0000000000000180 (mip.MTI <- 0b1, mip.STI <- 0b0)
mem[X,0x0000000080000558] -> 0x0013
mem[X,0x000000008000055A] -> 0x0000
[768] [M]: 0x0000000080000558 (0x00000013) addi x0, x0, 0x0                         main+344

mem[X,0x000000008000055C] -> 0x0013
mem[X,0x000000008000055E] -> 0x0000
[769] [M]: 0x000000008000055C (0x00000013) addi x0, x0, 0x0                         main+348

clint mtime 0x0000000000000181 (mip.MTI <- 0b1, mip.STI <- 0b0)
mem[X,0x0000000080000560] -> 0x9073
mem[X,0x0000000080000562] -> 0x3B42
[770] [M]: 0x0000000080000560 (0x3B429073) csrrw x0, pmpaddr4, x5                   main+352
CSR pmpaddr4 (0x3B4) <- 0x0000000020000800

mem[X,0x0000000080000564] -> 0x0213
mem[X,0x0000000080000566] -> 0x0990
[771] [M]: 0x0000000080000564 (0x09900213) addi x4, x0, 0x99                        main+356
x4 <- 0x0000000000000099

clint mtime 0x0000000000000182 (mip.MTI <- 0b1, mip.STI <- 0b0)
mem[X,0x0000000080000568] -> 0x1213
mem[X,0x000000008000056A] -> 0x0202
[772] [M]: 0x0000000080000568 (0x02021213) slli x4, x4, 0x20                        main+360
x4 <- 0x0000009900000000

mem[X,0x000000008000056C] -> 0x1073
mem[X,0x000000008000056E] -> 0x3A02
[773] [M]: 0x000000008000056C (0x3A021073) csrrw x0, pmpcfg0, x4                    main+364
CSR pmpcfg0 (0x3A0) <- 0x0000989900000000

clint mtime 0x0000000000000183 (mip.MTI <- 0b1, mip.STI <- 0b0)
mem[X,0x0000000080000570] -> 0x07B7
mem[X,0x0000000080000572] -> 0x3F80
[774] [M]: 0x0000000080000570 (0x3F8007B7) lui x15, 0x3f800                         main+368
x15 <- 0x000000003F800000

mem[X,0x0000000080000574] -> 0x8453
mem[X,0x0000000080000576] -> 0xF007
[775] [M]: 0x0000000080000574 (0xF0078453) fmv.w.x f8, x15                          main+372
f8 <- 0xFFFFFFFF3F800000
CSR mstatus (0x300) <- 0x8000000A00006080

clint mtime 0x0000000000000184 (mip.MTI <- 0b1, mip.STI <- 0b0)
mem[X,0x0000000080000578] -> 0x0013
mem[X,0x000000008000057A] -> 0x0000
[776] [M]: 0x0000000080000578 (0x00000013) addi x0, x0, 0x0                         main+376

mem[X,0x000000008000057C] -> 0x0013
mem[X,0x000000008000057E] -> 0x0000
[777] [M]: 0x000000008000057C (0x00000013) addi x0, x0, 0x0                         main+380

clint mtime 0x0000000000000185 (mip.MTI <- 0b1, mip.STI <- 0b0)
mem[X,0x0000000080000580] -> 0x2417
mem[X,0x0000000080000582] -> 0x0000
[778] [M]: 0x0000000080000580 (0x00002417) auipc x8, 0x2                            main+384
x8 <- 0x0000000080002580

mem[X,0x0000000080000584] -> 0x0413
mem[X,0x0000000080000586] -> 0xA804
[779] [M]: 0x0000000080000584 (0xA8040413) addi x8, x8, -0x580                      main+388
x8 <- 0x0000000080002000

clint mtime 0x0000000000000186 (mip.MTI <- 0b1, mip.STI <- 0b0)
mem[X,0x0000000080000588] -> 0x0013
mem[X,0x000000008000058A] -> 0x0000
[780] [M]: 0x0000000080000588 (0x00000013) addi x0, x0, 0x0                         main+392

mem[X,0x000000008000058C] -> 0x0013
mem[X,0x000000008000058E] -> 0x0000
[781] [M]: 0x000000008000058C (0x00000013) addi x0, x0, 0x0                         main+396

clint mtime 0x0000000000000187 (mip.MTI <- 0b1, mip.STI <- 0b0)
mem[X,0x0000000080000590] -> 0x0013
mem[X,0x0000000080000592] -> 0x0000
[782] [M]: 0x0000000080000590 (0x00000013) addi x0, x0, 0x0                         main+400

mem[X,0x0000000080000594] -> 0x0013
mem[X,0x0000000080000596] -> 0x0000
[783] [M]: 0x0000000080000594 (0x00000013) addi x0, x0, 0x0                         main+404

clint mtime 0x0000000000000188 (mip.MTI <- 0b1, mip.STI <- 0b0)
mem[X,0x0000000080000598] -> 0x0013
mem[X,0x000000008000059A] -> 0x0000
[784] [M]: 0x0000000080000598 (0x00000013) addi x0, x0, 0x0                         main+408

mem[X,0x000000008000059C] -> 0x0013
mem[X,0x000000008000059E] -> 0x0000
[785] [M]: 0x000000008000059C (0x00000013) addi x0, x0, 0x0                         main+412

clint mtime 0x0000000000000189 (mip.MTI <- 0b1, mip.STI <- 0b0)
mem[X,0x00000000800005A0] -> 0xA000
[786] [M]: 0x00000000800005A0 (0xA000) c.fsd f8, 0x0(x8)                            main+416
trapping from M to M to handle store/amo-access-fault
handling exc#store/amo-access-fault at priv M with tval 0x0000000080002000
CSR mstatus (0x300) <- 0x8000000A00007800
CSR mcause (0x342) <- 0x0000000000000007
CSR mtval (0x343) <- 0x0000000080002000
CSR mepc (0x341) <- 0x00000000800005A0

mem[X,0x0000000080002100] -> 0x006F
mem[X,0x0000000080002102] -> 0x1000
[787] [M]: 0x0000000080002100 (0x1000006F) jal x0, 0x100                            Mtrampoline+0

clint mtime 0x000000000000018A (mip.MTI <- 0b1, mip.STI <- 0b0)
mem[X,0x0000000080002200] -> 0x1173
mem[X,0x0000000080002202] -> 0x3401
[788] [M]: 0x0000000080002200 (0x34011173) csrrw x2, mscratch, x2                   trap_Mhandler+0
CSR mscratch (0x340) <- 0x0000000080002000
x2 <- 0x0000000080005000

mem[X,0x0000000080002204] -> 0x3423
mem[X,0x0000000080002206] -> 0x28B1
[789] [M]: 0x0000000080002204 (0x28B13423) sd x11, 0x288(x2)                        trap_Mhandler+4
mem[W,0x0000000080005288] <- 0x0000000000000000

clint mtime 0x000000000000018B (mip.MTI <- 0b1, mip.STI <- 0b0)
mem[X,0x0000000080002208] -> 0x05EF
mem[X,0x000000008000220A] -> 0x0B80
[790] [M]: 0x0000000080002208 (0x0B8005EF) jal x11, 0xb8                            trap_Mhandler+8
x11 <- 0x000000008000220C

mem[X,0x00000000800022C0] -> 0x3023
mem[X,0x00000000800022C2] -> 0x28A1
[791] [M]: 0x00000000800022C0 (0x28A13023) sd x10, 0x280(x2)                        common_Mhandler+0
mem[W,0x0000000080005280] <- 0x0000000000002000

clint mtime 0x000000000000018C (mip.MTI <- 0b1, mip.STI <- 0b0)
mem[X,0x00000000800022C4] -> 0x1573
mem[X,0x00000000800022C6] -> 0x3401
[792] [M]: 0x00000000800022C4 (0x34011573) csrrw x10, mscratch, x2                  common_Mhandler+4
CSR mscratch (0x340) <- 0x0000000080005000
x10 <- 0x0000000080002000

mem[X,0x00000000800022C8] -> 0x3823
mem[X,0x00000000800022CA] -> 0x28A1
[793] [M]: 0x00000000800022C8 (0x28A13823) sd x10, 0x290(x2)                        common_Mhandler+8
mem[W,0x0000000080005290] <- 0x0000000080002000

clint mtime 0x000000000000018D (mip.MTI <- 0b1, mip.STI <- 0b0)
mem[X,0x00000000800022CC] -> 0x3503
mem[X,0x00000000800022CE] -> 0x2301
[794] [M]: 0x00000000800022CC (0x23013503) ld x10, 0x230(x2)                        common_Mhandler+12
mem[R,0x0000000080005230] -> 0x00000000800022D4
x10 <- 0x00000000800022D4

mem[X,0x00000000800022D0] -> 0x0067
mem[X,0x00000000800022D2] -> 0x0005
[795] [M]: 0x00000000800022D0 (0x00050067) jalr x0, 0x0(x10)                        common_Mhandler+16

clint mtime 0x000000000000018E (mip.MTI <- 0b1, mip.STI <- 0b0)
mem[X,0x00000000800022D4] -> 0x3C23
mem[X,0x00000000800022D6] -> 0x2691
[796] [M]: 0x00000000800022D4 (0x26913C23) sd x9, 0x278(x2)                         common_Mentry+0
mem[W,0x0000000080005278] <- 0x00000000000000FE

mem[X,0x00000000800022D8] -> 0x3823
mem[X,0x00000000800022DA] -> 0x2681
[797] [M]: 0x00000000800022D8 (0x26813823) sd x8, 0x270(x2)                         common_Mentry+4
mem[W,0x0000000080005270] <- 0x0000000080002000

clint mtime 0x000000000000018F (mip.MTI <- 0b1, mip.STI <- 0b0)
mem[X,0x00000000800022DC] -> 0x3423
mem[X,0x00000000800022DE] -> 0x2671
[798] [M]: 0x00000000800022DC (0x26713423) sd x7, 0x268(x2)                         common_Mentry+8
mem[W,0x0000000080005268] <- 0x00000000003FBB6F

mem[X,0x00000000800022E0] -> 0x3023
mem[X,0x00000000800022E2] -> 0x2661
[799] [M]: 0x00000000800022E0 (0x26613023) sd x6, 0x260(x2)                         common_Mentry+12
mem[W,0x0000000080005260] <- 0x000000001FDDB7D5

clint mtime 0x0000000000000190 (mip.MTI <- 0b1, mip.STI <- 0b0)
mem[X,0x00000000800022E4] -> 0x2573
mem[X,0x00000000800022E6] -> 0x3420
[800] [M]: 0x00000000800022E4 (0x34202573) csrrs x10, mcause, x0                    spcl_M2mmode_test+0
CSR mcause (0x342) -> 0x0000000000000007
x10 <- 0x0000000000000007

mem[X,0x00000000800022E8] -> 0x04B7
mem[X,0x00000000800022EA] -> 0x8000
[801] [M]: 0x00000000800022E8 (0x800004B7) lui x9, -0x80000                         spcl_M2mmode_test+4
x9 <- 0xFFFFFFFF80000000

clint mtime 0x0000000000000191 (mip.MTI <- 0b1, mip.STI <- 0b0)
mem[X,0x00000000800022EC] -> 0x8493
mem[X,0x00000000800022EE] -> 0x0004
[802] [M]: 0x00000000800022EC (0x00048493) addi x9, x9, 0x0                         spcl_M2mmode_test+8
x9 <- 0xFFFFFFFF80000000

mem[X,0x00000000800022F0] -> 0x9493
mem[X,0x00000000800022F2] -> 0x00B4
[803] [M]: 0x00000000800022F0 (0x00B49493) slli x9, x9, 0xb                         spcl_M2mmode_test+12
x9 <- 0xFFFFFC0000000000

clint mtime 0x0000000000000192 (mip.MTI <- 0b1, mip.STI <- 0b0)
mem[X,0x00000000800022F4] -> 0x8493
mem[X,0x00000000800022F6] -> 0x0004
[804] [M]: 0x00000000800022F4 (0x00048493) addi x9, x9, 0x0                         spcl_M2mmode_test+16
x9 <- 0xFFFFFC0000000000

mem[X,0x00000000800022F8] -> 0x9493
mem[X,0x00000000800022FA] -> 0x00B4
[805] [M]: 0x00000000800022F8 (0x00B49493) slli x9, x9, 0xb                         spcl_M2mmode_test+20
x9 <- 0xFFE0000000000000

clint mtime 0x0000000000000193 (mip.MTI <- 0b1, mip.STI <- 0b0)
mem[X,0x00000000800022FC] -> 0x8493
mem[X,0x00000000800022FE] -> 0x0034
[806] [M]: 0x00000000800022FC (0x00348493) addi x9, x9, 0x3                         spcl_M2mmode_test+24
x9 <- 0xFFE0000000000003

mem[X,0x0000000080002300] -> 0x9493
mem[X,0x0000000080002302] -> 0x00A4
[807] [M]: 0x0000000080002300 (0x00A49493) slli x9, x9, 0xa                         spcl_M2mmode_test+28
x9 <- 0x8000000000000C00

clint mtime 0x0000000000000194 (mip.MTI <- 0b1, mip.STI <- 0b0)
mem[X,0x0000000080002304] -> 0x8493
mem[X,0x0000000080002306] -> 0x3FC4
[808] [M]: 0x0000000080002304 (0x3FC48493) addi x9, x9, 0x3fc                       spcl_M2mmode_test+32
x9 <- 0x8000000000000FFC

mem[X,0x0000000080002308] -> 0xF4B3
mem[X,0x000000008000230A] -> 0x00A4
[809] [M]: 0x0000000080002308 (0x00A4F4B3) and x9, x9, x10                          spcl_M2mmode_test+36
x9 <- 0x0000000000000004

clint mtime 0x0000000000000195 (mip.MTI <- 0b1, mip.STI <- 0b0)
mem[X,0x000000008000230C] -> 0x8493
mem[X,0x000000008000230E] -> 0xFF84
[810] [M]: 0x000000008000230C (0xFF848493) addi x9, x9, -0x8                        spcl_M2mmode_test+40
x9 <- 0xFFFFFFFFFFFFFFFC

mem[X,0x0000000080002310] -> 0x9663
mem[X,0x0000000080002312] -> 0x0004
[811] [M]: 0x0000000080002310 (0x00049663) bne x9, x0, 0xc                          spcl_M2mmode_test+44

clint mtime 0x0000000000000196 (mip.MTI <- 0b1, mip.STI <- 0b0)
mem[X,0x000000008000231C] -> 0x0393
mem[X,0x000000008000231E] -> 0x0200
[812] [M]: 0x000000008000231C (0x02000393) addi x7, x0, 0x20                        Mtrapsig_ptr_upd+0
x7 <- 0x0000000000000020

mem[X,0x0000000080002320] -> 0x5263
mem[X,0x0000000080002322] -> 0x0405
[813] [M]: 0x0000000080002320 (0x04055263) bge x10, x0, 0x44                        Mtrapsig_ptr_upd+4

clint mtime 0x0000000000000197 (mip.MTI <- 0b1, mip.STI <- 0b0)
mem[X,0x0000000080002364] -> 0x2373
mem[X,0x0000000080002366] -> 0x3010
[814] [M]: 0x0000000080002364 (0x30102373) csrrs x6, misa, x0                       Mxcpt_sig_sv+0
CSR misa (0x301) -> 0x800000000034112F
x6 <- 0x800000000034112F

mem[X,0x0000000080002368] -> 0x1313
mem[X,0x000000008000236A] -> 0x0383
[815] [M]: 0x0000000080002368 (0x03831313) slli x6, x6, 0x38                        Mxcpt_sig_sv+4
x6 <- 0x2F00000000000000

clint mtime 0x0000000000000198 (mip.MTI <- 0b1, mip.STI <- 0b0)
mem[X,0x000000008000236C] -> 0x5463
mem[X,0x000000008000236E] -> 0x0003
[816] [M]: 0x000000008000236C (0x00035463) bge x6, x0, 0x8                          Mxcpt_sig_sv+8

mem[X,0x0000000080002374] -> 0x3303
mem[X,0x0000000080002376] -> 0x2181
[817] [M]: 0x0000000080002374 (0x21813303) ld x6, 0x218(x2)                         Mtrap_sig_sv+0
mem[R,0x0000000080005218] -> 0x00000000800063A0
x6 <- 0x00000000800063A0

clint mtime 0x0000000000000199 (mip.MTI <- 0b1, mip.STI <- 0b0)
mem[X,0x0000000080002378] -> 0x04B3
mem[X,0x000000008000237A] -> 0x0073
[818] [M]: 0x0000000080002378 (0x007304B3) add x9, x6, x7                           Mtrap_sig_sv+4
x9 <- 0x00000000800063C0

mem[X,0x000000008000237C] -> 0x3C23
mem[X,0x000000008000237E] -> 0x2091
[819] [M]: 0x000000008000237C (0x20913C23) sd x9, 0x218(x2)                         Mtrap_sig_sv+8
mem[W,0x0000000080005218] <- 0x00000000800063C0

clint mtime 0x000000000000019A (mip.MTI <- 0b1, mip.STI <- 0b0)
mem[X,0x0000000080002380] -> 0x3403
mem[X,0x0000000080002382] -> 0x1F81
[820] [M]: 0x0000000080002380 (0x1F813403) ld x8, 0x1f8(x2)                         Mtrap_sig_sv+12
mem[R,0x00000000800051F8] -> 0x0000000080006210
x8 <- 0x0000000080006210

mem[X,0x0000000080002384] -> 0x0333
mem[X,0x0000000080002386] -> 0x4083
[821] [M]: 0x0000000080002384 (0x40830333) sub x6, x6, x8                           Mtrap_sig_sv+16
x6 <- 0x0000000000000190

clint mtime 0x000000000000019B (mip.MTI <- 0b1, mip.STI <- 0b0)
mem[X,0x0000000080002388] -> 0x3403
mem[X,0x000000008000238A] -> 0x1F81
[822] [M]: 0x0000000080002388 (0x1F813403) ld x8, 0x1f8(x2)                         Mtrap_sig_sv+20
mem[R,0x00000000800051F8] -> 0x0000000080006210
x8 <- 0x0000000080006210

mem[X,0x000000008000238C] -> 0x0333
mem[X,0x000000008000238E] -> 0x0083
[823] [M]: 0x000000008000238C (0x00830333) add x6, x6, x8                           Mtrap_sig_sv+24
x6 <- 0x00000000800063A0

clint mtime 0x000000000000019C (mip.MTI <- 0b1, mip.STI <- 0b0)
mem[X,0x0000000080002390] -> 0x3403
mem[X,0x0000000080002392] -> 0x2401
[824] [M]: 0x0000000080002390 (0x24013403) ld x8, 0x240(x2)                         Mtrap_sig_sv+28
mem[R,0x0000000080005240] -> 0x0000000080002100
x8 <- 0x0000000080002100

mem[X,0x0000000080002394] -> 0x85B3
mem[X,0x0000000080002396] -> 0x4085
[825] [M]: 0x0000000080002394 (0x408585B3) sub x11, x11, x8                         sv_Mvect+0
x11 <- 0x000000000000010C

clint mtime 0x000000000000019D (mip.MTI <- 0b1, mip.STI <- 0b0)
mem[X,0x0000000080002398] -> 0x9593
mem[X,0x000000008000239A] -> 0x0045
[826] [M]: 0x0000000080002398 (0x00459593) slli x11, x11, 0x4                       sv_Mvect+4
x11 <- 0x00000000000010C0

mem[X,0x000000008000239C] -> 0xE5B3
mem[X,0x000000008000239E] -> 0x0075
[827] [M]: 0x000000008000239C (0x0075E5B3) or x11, x11, x7                          sv_Mvect+8
x11 <- 0x00000000000010E0

clint mtime 0x000000000000019E (mip.MTI <- 0b1, mip.STI <- 0b0)
mem[X,0x00000000800023A0] -> 0x8593
mem[X,0x00000000800023A2] -> 0x0035
[828] [M]: 0x00000000800023A0 (0x00358593) addi x11, x11, 0x3                       sv_Mvect+12
x11 <- 0x00000000000010E3

mem[X,0x00000000800023A4] -> 0x3023
mem[X,0x00000000800023A6] -> 0x00B3
[829] [M]: 0x00000000800023A4 (0x00B33023) sd x11, 0x0(x6)                          sv_Mvect+16
mem[W,0x00000000800063A0] <- 0x00000000000010E3

clint mtime 0x000000000000019F (mip.MTI <- 0b1, mip.STI <- 0b0)
mem[X,0x00000000800023A8] -> 0x3423
mem[X,0x00000000800023AA] -> 0x00A3
[830] [M]: 0x00000000800023A8 (0x00A33423) sd x10, 0x8(x6)                          sv_Mcause+0
mem[W,0x00000000800063A8] <- 0x0000000000000007

mem[X,0x00000000800023AC] -> 0x4263
mem[X,0x00000000800023AE] -> 0x1A05
[831] [M]: 0x00000000800023AC (0x1A054263) blt x10, x0, 0x1a4                       sv_Mcause+4

clint mtime 0x00000000000001A0 (mip.MTI <- 0b1, mip.STI <- 0b0)
mem[X,0x00000000800023B0] -> 0x25F3
mem[X,0x00000000800023B2] -> 0x3000
[832] [M]: 0x00000000800023B0 (0x300025F3) csrrs x11, mstatus, x0                   common_Mexcpt_handler+0
CSR mstatus (0x300) -> 0x8000000A00007800
x11 <- 0x8000000A00007800

mem[X,0x00000000800023B4] -> 0x9413
mem[X,0x00000000800023B6] -> 0x02E5
[833] [M]: 0x00000000800023B4 (0x02E59413) slli x8, x11, 0x2e                       common_Mexcpt_handler+4
x8 <- 0x1E00000000000000

clint mtime 0x00000000000001A1 (mip.MTI <- 0b1, mip.STI <- 0b0)
mem[X,0x00000000800023B8] -> 0x5463
mem[X,0x00000000800023BA] -> 0x0004
[834] [M]: 0x00000000800023B8 (0x00045463) bge x8, x0, 0x8                          common_Mexcpt_handler+8

mem[X,0x00000000800023C0] -> 0xD493
mem[X,0x00000000800023C2] -> 0x00B5
[835] [M]: 0x00000000800023C0 (0x00B5D493) srli x9, x11, 0xb                        common_Mexcpt_handler+16
x9 <- 0x001000000140000F

clint mtime 0x00000000000001A2 (mip.MTI <- 0b1, mip.STI <- 0b0)
mem[X,0x00000000800023C4] -> 0xF493
mem[X,0x00000000800023C6] -> 0x0034
[836] [M]: 0x00000000800023C4 (0x0034F493) andi x9, x9, 0x3                         common_Mexcpt_handler+20
x9 <- 0x0000000000000003

mem[X,0x00000000800023C8] -> 0x8493
mem[X,0x00000000800023CA] -> 0x0014
[837] [M]: 0x00000000800023C8 (0x00148493) addi x9, x9, 0x1                         common_Mexcpt_handler+24
x9 <- 0x0000000000000004

clint mtime 0x00000000000001A3 (mip.MTI <- 0b1, mip.STI <- 0b0)
mem[X,0x00000000800023CC] -> 0xF493
mem[X,0x00000000800023CE] -> 0x0044
[838] [M]: 0x00000000800023CC (0x0044F493) andi x9, x9, 0x4                         common_Mexcpt_handler+28
x9 <- 0x0000000000000004

mem[X,0x00000000800023D0] -> 0x0593
mem[X,0x00000000800023D2] -> 0x05D0
[839] [M]: 0x00000000800023D0 (0x05D00593) addi x11, x0, 0x5d                       common_Mexcpt_handler+32
x11 <- 0x000000000000005D

clint mtime 0x00000000000001A4 (mip.MTI <- 0b1, mip.STI <- 0b0)
mem[X,0x00000000800023D4] -> 0xD5B3
mem[X,0x00000000800023D6] -> 0x0095
[840] [M]: 0x00000000800023D4 (0x0095D5B3) srl x11, x11, x9                         common_Mexcpt_handler+36
x11 <- 0x0000000000000005

mem[X,0x00000000800023D8] -> 0xF593
mem[X,0x00000000800023DA] -> 0x0015
[841] [M]: 0x00000000800023D8 (0x0015F593) andi x11, x11, 0x1                       common_Mexcpt_handler+40
x11 <- 0x0000000000000001

clint mtime 0x00000000000001A5 (mip.MTI <- 0b1, mip.STI <- 0b0)
mem[X,0x00000000800023DC] -> 0x8EE3
mem[X,0x00000000800023DE] -> 0xF405
[842] [M]: 0x00000000800023DC (0xF4058EE3) beq x11, x0, -0xa4                       common_Mexcpt_handler+44

mem[X,0x00000000800023E0] -> 0x0593
mem[X,0x00000000800023E2] -> 0x2980
[843] [M]: 0x00000000800023E0 (0x29800593) addi x11, x0, 0x298                      common_Mexcpt_handler+48
x11 <- 0x0000000000000298

clint mtime 0x00000000000001A6 (mip.MTI <- 0b1, mip.STI <- 0b0)
mem[X,0x00000000800023E4] -> 0xF413
mem[X,0x00000000800023E6] -> 0x0014
[844] [M]: 0x00000000800023E4 (0x0014F413) andi x8, x9, 0x1                         common_Mexcpt_handler+52
x8 <- 0x0000000000000000

mem[X,0x00000000800023E8] -> 0x95B3
mem[X,0x00000000800023EA] -> 0x0085
[845] [M]: 0x00000000800023E8 (0x008595B3) sll x11, x11, x8                         common_Mexcpt_handler+56
x11 <- 0x0000000000000298

clint mtime 0x00000000000001A7 (mip.MTI <- 0b1, mip.STI <- 0b0)
mem[X,0x00000000800023EC] -> 0x9413
mem[X,0x00000000800023EE] -> 0x03D4
[846] [M]: 0x00000000800023EC (0x03D49413) slli x8, x9, 0x3d                        common_Mexcpt_handler+60
x8 <- 0x8000000000000000

mem[X,0x00000000800023F0] -> 0x5413
mem[X,0x00000000800023F2] -> 0x43F4
[847] [M]: 0x00000000800023F0 (0x43F45413) srai x8, x8, 0x3f                        common_Mexcpt_handler+64
x8 <- 0xFFFFFFFFFFFFFFFF

clint mtime 0x00000000000001A8 (mip.MTI <- 0b1, mip.STI <- 0b0)
mem[X,0x00000000800023F4] -> 0x4413
mem[X,0x00000000800023F6] -> 0xFFF4
[848] [M]: 0x00000000800023F4 (0xFFF44413) xori x8, x8, -0x1                        common_Mexcpt_handler+68
x8 <- 0x0000000000000000

mem[X,0x00000000800023F8] -> 0xF4B3
mem[X,0x00000000800023FA] -> 0x0085
[849] [M]: 0x00000000800023F8 (0x0085F4B3) and x9, x11, x8                          common_Mexcpt_handler+72
x9 <- 0x0000000000000000

clint mtime 0x00000000000001A9 (mip.MTI <- 0b1, mip.STI <- 0b0)
mem[X,0x00000000800023FC] -> 0x84B3
mem[X,0x00000000800023FE] -> 0x0024
[850] [M]: 0x00000000800023FC (0x002484B3) add x9, x9, x2                           vmem_adj_Mepc+0
x9 <- 0x0000000080005000

mem[X,0x0000000080002400] -> 0x23F3
mem[X,0x0000000080002402] -> 0x3410
[851] [M]: 0x0000000080002400 (0x341023F3) csrrs x7, mepc, x0                       vmem_adj_Mepc+4
CSR mepc (0x341) -> 0x00000000800005A0
x7 <- 0x00000000800005A0

clint mtime 0x00000000000001AA (mip.MTI <- 0b1, mip.STI <- 0b0)
mem[X,0x0000000080002404] -> 0x0413
mem[X,0x0000000080002406] -> 0x0004
[852] [M]: 0x0000000080002404 (0x00040413) addi x8, x8, 0x0                         vmem_adj_Mepc+8
x8 <- 0x0000000000000000

mem[X,0x0000000080002408] -> 0x006F
mem[X,0x000000008000240A] -> 0x0400
[853] [M]: 0x0000000080002408 (0x0400006F) jal x0, 0x40                             vmem_adj_Mepc+12

clint mtime 0x00000000000001AB (mip.MTI <- 0b1, mip.STI <- 0b0)
mem[X,0x0000000080002448] -> 0x8433
mem[X,0x000000008000244A] -> 0x4083
[854] [M]: 0x0000000080002448 (0x40838433) sub x8, x7, x8                           adj_Mepc+0
x8 <- 0x00000000800005A0

mem[X,0x000000008000244C] -> 0x3823
mem[X,0x000000008000244E] -> 0x0083
[855] [M]: 0x000000008000244C (0x00833823) sd x8, 0x10(x6)                          sv_Mepc+0
mem[W,0x00000000800063B0] <- 0x00000000800005A0

clint mtime 0x00000000000001AC (mip.MTI <- 0b1, mip.STI <- 0b0)
mem[X,0x0000000080002450] -> 0x55B7
mem[X,0x0000000080002452] -> 0x0000
[856] [M]: 0x0000000080002450 (0x000055B7) lui x11, 0x5                             sv_Mepc+4
x11 <- 0x0000000000005000

mem[X,0x0000000080002454] -> 0x8593
mem[X,0x0000000080002456] -> 0x6675
[857] [M]: 0x0000000080002454 (0x66758593) addi x11, x11, 0x667                     sv_Mepc+8
x11 <- 0x0000000000005667

clint mtime 0x00000000000001AD (mip.MTI <- 0b1, mip.STI <- 0b0)
mem[X,0x0000000080002458] -> 0x9593
mem[X,0x000000008000245A] -> 0x0015
[858] [M]: 0x0000000080002458 (0x00159593) slli x11, x11, 0x1                       sv_Mepc+12
x11 <- 0x000000000000ACCE

mem[X,0x000000008000245C] -> 0x9063
mem[X,0x000000008000245E] -> 0x02B1
[859] [M]: 0x000000008000245C (0x02B19063) bne x3, x11, 0x20                        sv_Mepc+16

clint mtime 0x00000000000001AE (mip.MTI <- 0b1, mip.STI <- 0b0)
mem[X,0x000000008000247C] -> 0xF593
mem[X,0x000000008000247E] -> 0xFFC3
[860] [M]: 0x000000008000247C (0xFFC3F593) andi x11, x7, -0x4                       adj_Mepc_rtn+0
x11 <- 0x00000000800005A0

mem[X,0x0000000080002480] -> 0x8593
mem[X,0x0000000080002482] -> 0x0085
[861] [M]: 0x0000000080002480 (0x00858593) addi x11, x11, 0x8                       adj_Mepc_rtn+4
x11 <- 0x00000000800005A8

clint mtime 0x00000000000001AF (mip.MTI <- 0b1, mip.STI <- 0b0)
mem[X,0x0000000080002484] -> 0x9073
mem[X,0x0000000080002486] -> 0x3415
[862] [M]: 0x0000000080002484 (0x34159073) csrrw x0, mepc, x11                      adj_Mepc_rtn+8
CSR mepc (0x341) <- 0x00000000800005A8

mem[X,0x0000000080002488] -> 0x23F3
mem[X,0x000000008000248A] -> 0x3430
[863] [M]: 0x0000000080002488 (0x343023F3) csrrs x7, mtval, x0                      skp_adj_Mepc+0
CSR mtval (0x343) -> 0x0000000080002000
x7 <- 0x0000000080002000

clint mtime 0x00000000000001B0 (mip.MTI <- 0b1, mip.STI <- 0b0)
mem[X,0x000000008000248C] -> 0x7513
mem[X,0x000000008000248E] -> 0x00F5
[864] [M]: 0x000000008000248C (0x00F57513) andi x10, x10, 0xf                       chk_Mtval+0
x10 <- 0x0000000000000007

mem[X,0x0000000080002490] -> 0x0437
mem[X,0x0000000080002492] -> 0x0000
[865] [M]: 0x0000000080002490 (0x00000437) lui x8, 0x0                              chk_Mtval+4
x8 <- 0x0000000000000000

clint mtime 0x00000000000001B1 (mip.MTI <- 0b1, mip.STI <- 0b0)
mem[X,0x0000000080002494] -> 0x0413
mem[X,0x0000000080002496] -> 0x0004
[866] [M]: 0x0000000080002494 (0x00040413) addi x8, x8, 0x0                         chk_Mtval+8
x8 <- 0x0000000000000000

mem[X,0x0000000080002498] -> 0x1413
mem[X,0x000000008000249A] -> 0x00B4
[867] [M]: 0x0000000080002498 (0x00B41413) slli x8, x8, 0xb                         chk_Mtval+12
x8 <- 0x0000000000000000

clint mtime 0x00000000000001B2 (mip.MTI <- 0b1, mip.STI <- 0b0)
mem[X,0x000000008000249C] -> 0x0413
mem[X,0x000000008000249E] -> 0x0004
[868] [M]: 0x000000008000249C (0x00040413) addi x8, x8, 0x0                         chk_Mtval+16
x8 <- 0x0000000000000000

mem[X,0x00000000800024A0] -> 0x1413
mem[X,0x00000000800024A2] -> 0x00B4
[869] [M]: 0x00000000800024A0 (0x00B41413) slli x8, x8, 0xb                         chk_Mtval+20
x8 <- 0x0000000000000000

clint mtime 0x00000000000001B3 (mip.MTI <- 0b1, mip.STI <- 0b0)
mem[X,0x00000000800024A4] -> 0x0413
mem[X,0x00000000800024A6] -> 0x02C4
[870] [M]: 0x00000000800024A4 (0x02C40413) addi x8, x8, 0x2c                        chk_Mtval+24
x8 <- 0x000000000000002C

mem[X,0x00000000800024A8] -> 0x1413
mem[X,0x00000000800024AA] -> 0x00A4
[871] [M]: 0x00000000800024A8 (0x00A41413) slli x8, x8, 0xa                         chk_Mtval+28
x8 <- 0x000000000000B000

clint mtime 0x00000000000001B4 (mip.MTI <- 0b1, mip.STI <- 0b0)
mem[X,0x00000000800024AC] -> 0x0413
mem[X,0x00000000800024AE] -> 0x0FB4
[872] [M]: 0x00000000800024AC (0x0FB40413) addi x8, x8, 0xfb                        chk_Mtval+32
x8 <- 0x000000000000B0FB

mem[X,0x00000000800024B0] -> 0x5433
mem[X,0x00000000800024B2] -> 0x00A4
[873] [M]: 0x00000000800024B0 (0x00A45433) srl x8, x8, x10                          chk_Mtval+36
x8 <- 0x0000000000000161

clint mtime 0x00000000000001B5 (mip.MTI <- 0b1, mip.STI <- 0b0)
mem[X,0x00000000800024B4] -> 0x1413
mem[X,0x00000000800024B6] -> 0x03F4
[874] [M]: 0x00000000800024B4 (0x03F41413) slli x8, x8, 0x3f                        chk_Mtval+40
x8 <- 0x8000000000000000

mem[X,0x00000000800024B8] -> 0x5C63
mem[X,0x00000000800024BA] -> 0x0404
[875] [M]: 0x00000000800024B8 (0x04045C63) bge x8, x0, 0x58                         chk_Mtval+44

clint mtime 0x00000000000001B6 (mip.MTI <- 0b1, mip.STI <- 0b0)
mem[X,0x00000000800024BC] -> 0xB403
mem[X,0x00000000800024BE] -> 0x2084
[876] [M]: 0x00000000800024BC (0x2084B403) ld x8, 0x208(x9)                         vmem_adj_Mtval+0
mem[R,0x0000000080005208] -> 0x00000000800003B4
x8 <- 0x00000000800003B4

mem[X,0x00000000800024C0] -> 0xB583
mem[X,0x00000000800024C2] -> 0x2104
[877] [M]: 0x00000000800024C0 (0x2104B583) ld x11, 0x210(x9)                        vmem_adj_Mtval+4
mem[R,0x0000000080005210] -> 0x0000000000001C5A
x11 <- 0x0000000000001C5A

clint mtime 0x00000000000001B7 (mip.MTI <- 0b1, mip.STI <- 0b0)
mem[X,0x00000000800024C4] -> 0x85B3
mem[X,0x00000000800024C6] -> 0x0085
[878] [M]: 0x00000000800024C4 (0x008585B3) add x11, x11, x8                         vmem_adj_Mtval+8
x11 <- 0x000000008000200E

mem[X,0x00000000800024C8] -> 0xF463
mem[X,0x00000000800024CA] -> 0x00B3
[879] [M]: 0x00000000800024C8 (0x00B3F463) bgeu x7, x11, 0x8                        vmem_adj_Mtval+12

clint mtime 0x00000000000001B8 (mip.MTI <- 0b1, mip.STI <- 0b0)
mem[X,0x00000000800024CC] -> 0xF063
mem[X,0x00000000800024CE] -> 0x0483
[880] [M]: 0x00000000800024CC (0x0483F063) bgeu x7, x8, 0x40                        vmem_adj_Mtval+16

mem[X,0x000000008000250C] -> 0x8433
mem[X,0x000000008000250E] -> 0x4083
[881] [M]: 0x000000008000250C (0x40838433) sub x8, x7, x8                           adj_Mtval+0
x8 <- 0x0000000000001C4C

clint mtime 0x00000000000001B9 (mip.MTI <- 0b1, mip.STI <- 0b0)
mem[X,0x0000000080002510] -> 0x3C23
mem[X,0x0000000080002512] -> 0x0083
[882] [M]: 0x0000000080002510 (0x00833C23) sd x8, 0x18(x6)                          sv_Mtval+0
mem[W,0x00000000800063B8] <- 0x0000000000001C4C

mem[X,0x0000000080002514] -> 0x3483
mem[X,0x0000000080002516] -> 0x2181
[883] [M]: 0x0000000080002514 (0x21813483) ld x9, 0x218(x2)                         skp_Mtval+0
mem[R,0x0000000080005218] -> 0x00000000800063C0
x9 <- 0x00000000800063C0

clint mtime 0x00000000000001BA (mip.MTI <- 0b1, mip.STI <- 0b0)
mem[X,0x0000000080002518] -> 0x3383
mem[X,0x000000008000251A] -> 0x1F81
[884] [M]: 0x0000000080002518 (0x1F813383) ld x7, 0x1f8(x2)                         skp_Mtval+4
mem[R,0x00000000800051F8] -> 0x0000000080006210
x7 <- 0x0000000080006210

mem[X,0x000000008000251C] -> 0x3303
mem[X,0x000000008000251E] -> 0x2001
[885] [M]: 0x000000008000251C (0x20013303) ld x6, 0x200(x2)                         skp_Mtval+8
mem[R,0x0000000080005200] -> 0x0000000000000920
x6 <- 0x0000000000000920

clint mtime 0x00000000000001BB (mip.MTI <- 0b1, mip.STI <- 0b0)
mem[X,0x0000000080002520] -> 0x0333
mem[X,0x0000000080002522] -> 0x0073
[886] [M]: 0x0000000080002520 (0x00730333) add x6, x6, x7                           skp_Mtval+12
x6 <- 0x0000000080006B30

mem[X,0x0000000080002524] -> 0x69E3
mem[X,0x0000000080002526] -> 0xAE93
[887] [M]: 0x0000000080002524 (0xAE9369E3) bltu x6, x9, -0x50e                      skp_Mtval+16

clint mtime 0x00000000000001BC (mip.MTI <- 0b1, mip.STI <- 0b0)
mem[X,0x0000000080002528] -> 0x0393
mem[X,0x000000008000252A] -> 0x2000
[888] [M]: 0x0000000080002528 (0x20000393) addi x7, x0, 0x200                       skp_Mtval+20
x7 <- 0x0000000000000200

mem[X,0x000000008000252C] -> 0x006F
mem[X,0x000000008000252E] -> 0x0400
[889] [M]: 0x000000008000252C (0x0400006F) jal x0, 0x40                             skp_Mtval+24

clint mtime 0x00000000000001BD (mip.MTI <- 0b1, mip.STI <- 0b0)
mem[X,0x000000008000256C] -> 0x0417
mem[X,0x000000008000256E] -> 0x0000
[890] [M]: 0x000000008000256C (0x00000417) auipc x8, 0x0                            spcl_Mhandler+0
x8 <- 0x000000008000256C

mem[X,0x0000000080002570] -> 0x0413
mem[X,0x0000000080002572] -> 0x03C4
[891] [M]: 0x0000000080002570 (0x03C40413) addi x8, x8, 0x3c                        spcl_Mhandler+4
x8 <- 0x00000000800025A8

clint mtime 0x00000000000001BE (mip.MTI <- 0b1, mip.STI <- 0b0)
mem[X,0x0000000080002574] -> 0x0433
mem[X,0x0000000080002576] -> 0x0074
[892] [M]: 0x0000000080002574 (0x00740433) add x8, x8, x7                           spcl_Mhandler+8
x8 <- 0x00000000800027A8

mem[X,0x0000000080002578] -> 0x1393
mem[X,0x000000008000257A] -> 0x0035
[893] [M]: 0x0000000080002578 (0x00351393) slli x7, x10, 0x3                        spcl_Mhandler+12
x7 <- 0x0000000000000038

clint mtime 0x00000000000001BF (mip.MTI <- 0b1, mip.STI <- 0b0)
mem[X,0x000000008000257C] -> 0x0433
mem[X,0x000000008000257E] -> 0x0074
[894] [M]: 0x000000008000257C (0x00740433) add x8, x8, x7                           spcl_Mhandler+16
x8 <- 0x00000000800027E0

mem[X,0x0000000080002580] -> 0x7413
mem[X,0x0000000080002582] -> 0xFF84
[895] [M]: 0x0000000080002580 (0xFF847413) andi x8, x8, -0x8                        spcl_Mhandler+20
x8 <- 0x00000000800027E0

clint mtime 0x00000000000001C0 (mip.MTI <- 0b1, mip.STI <- 0b0)
mem[X,0x0000000080002584] -> 0x3403
mem[X,0x0000000080002586] -> 0x0004
[896] [M]: 0x0000000080002584 (0x00043403) ld x8, 0x0(x8)                           spcl_Mhandler+24
mem[R,0x00000000800027E0] -> 0x000000000000000F
x8 <- 0x000000000000000F

mem[X,0x0000000080002588] -> 0x01E3
mem[X,0x000000008000258A] -> 0xB204
[897] [M]: 0x0000000080002588 (0xB20401E3) beq x8, x0, -0x4de                       spcl_Mdispatch_hndling+0

clint mtime 0x00000000000001C1 (mip.MTI <- 0b1, mip.STI <- 0b0)
mem[X,0x000000008000258C] -> 0x1393
mem[X,0x000000008000258E] -> 0x03F4
[898] [M]: 0x000000008000258C (0x03F41393) slli x7, x8, 0x3f                        spcl_Mdispatch_hndling+4
x7 <- 0x8000000000000000

mem[X,0x0000000080002590] -> 0xD863
mem[X,0x0000000080002592] -> 0x0003
[899] [M]: 0x0000000080002590 (0x0003D863) bge x7, x0, 0x10                         spcl_Mdispatch_hndling+8

clint mtime 0x00000000000001C2 (mip.MTI <- 0b1, mip.STI <- 0b0)
mem[X,0x0000000080002594] -> 0x5413
mem[X,0x0000000080002596] -> 0x0014
[900] [M]: 0x0000000080002594 (0x00145413) srli x8, x8, 0x1                         spcl_Mdispatch_hndling+12
x8 <- 0x0000000000000007

mem[X,0x0000000080002598] -> 0x0CE3
mem[X,0x000000008000259A] -> 0xF885
[901] [M]: 0x0000000080002598 (0xF8850CE3) beq x10, x8, -0x68                       spcl_Mdispatch_hndling+16

clint mtime 0x00000000000001C3 (mip.MTI <- 0b1, mip.STI <- 0b0)
mem[X,0x0000000080002530] -> 0x3303
mem[X,0x0000000080002532] -> 0x2601
[902] [M]: 0x0000000080002530 (0x26013303) ld x6, 0x260(x2)                         resto_Mrtn+0
mem[R,0x0000000080005260] -> 0x000000001FDDB7D5
x6 <- 0x000000001FDDB7D5

mem[X,0x0000000080002534] -> 0x3383
mem[X,0x0000000080002536] -> 0x2681
[903] [M]: 0x0000000080002534 (0x26813383) ld x7, 0x268(x2)                         resto_Mrtn+4
mem[R,0x0000000080005268] -> 0x00000000003FBB6F
x7 <- 0x00000000003FBB6F

clint mtime 0x00000000000001C4 (mip.MTI <- 0b1, mip.STI <- 0b0)
mem[X,0x0000000080002538] -> 0x3403
mem[X,0x000000008000253A] -> 0x2701
[904] [M]: 0x0000000080002538 (0x27013403) ld x8, 0x270(x2)                         resto_Mrtn+8
mem[R,0x0000000080005270] -> 0x0000000080002000
x8 <- 0x0000000080002000

mem[X,0x000000008000253C] -> 0x3483
mem[X,0x000000008000253E] -> 0x2781
[905] [M]: 0x000000008000253C (0x27813483) ld x9, 0x278(x2)                         resto_Mrtn+12
mem[R,0x0000000080005278] -> 0x00000000000000FE
x9 <- 0x00000000000000FE

clint mtime 0x00000000000001C5 (mip.MTI <- 0b1, mip.STI <- 0b0)
mem[X,0x0000000080002540] -> 0x3503
mem[X,0x0000000080002542] -> 0x2801
[906] [M]: 0x0000000080002540 (0x28013503) ld x10, 0x280(x2)                        resto_Mrtn+16
mem[R,0x0000000080005280] -> 0x0000000000002000
x10 <- 0x0000000000002000

mem[X,0x0000000080002544] -> 0x3583
mem[X,0x0000000080002546] -> 0x2881
[907] [M]: 0x0000000080002544 (0x28813583) ld x11, 0x288(x2)                        resto_Mrtn+20
mem[R,0x0000000080005288] -> 0x0000000000000000
x11 <- 0x0000000000000000

clint mtime 0x00000000000001C6 (mip.MTI <- 0b1, mip.STI <- 0b0)
mem[X,0x0000000080002548] -> 0x3103
mem[X,0x000000008000254A] -> 0x2901
[908] [M]: 0x0000000080002548 (0x29013103) ld x2, 0x290(x2)                         resto_Mrtn+24
mem[R,0x0000000080005290] -> 0x0000000080002000
x2 <- 0x0000000080002000

mem[X,0x000000008000254C] -> 0x0073
mem[X,0x000000008000254E] -> 0x3020
[909] [M]: 0x000000008000254C (0x30200073) mret                                     resto_Mrtn+28
CSR mstatus (0x300) <- 0x8000000A00006080
ret-ing from M to M

clint mtime 0x00000000000001C7 (mip.MTI <- 0b1, mip.STI <- 0b0)
mem[X,0x00000000800005A8] -> 0x0001
[910] [M]: 0x00000000800005A8 (0x0001) c.nop                                        main+424

mem[X,0x00000000800005AA] -> 0x2000
[911] [M]: 0x00000000800005AA (0x2000) c.fld f8, 0x0(x8)                            main+426
mem[R,0x0000000080002000] -> 0x0001000100010001
f8 <- 0x0001000100010001
CSR mstatus (0x300) <- 0x8000000A00006080

clint mtime 0x00000000000001C8 (mip.MTI <- 0b1, mip.STI <- 0b0)
mem[X,0x00000000800005AC] -> 0x0001
[912] [M]: 0x00000000800005AC (0x0001) c.nop                                        main+428

mem[X,0x00000000800005AE] -> 0x0001
[913] [M]: 0x00000000800005AE (0x0001) c.nop                                        main+430

clint mtime 0x00000000000001C9 (mip.MTI <- 0b1, mip.STI <- 0b0)
mem[X,0x00000000800005B0] -> 0x8122
[914] [M]: 0x00000000800005B0 (0x8122) c.mv x2, x8                                  main+432
x2 <- 0x0000000080002000

mem[X,0x00000000800005B2] -> 0xA022
[915] [M]: 0x00000000800005B2 (0xA022) c.fsdsp f8, 0x0(x2)                          main+434
trapping from M to M to handle store/amo-access-fault
handling exc#store/amo-access-fault at priv M with tval 0x0000000080002000
CSR mstatus (0x300) <- 0x8000000A00007800
CSR mcause (0x342) <- 0x0000000000000007
CSR mtval (0x343) <- 0x0000000080002000
CSR mepc (0x341) <- 0x00000000800005B2

clint mtime 0x00000000000001CA (mip.MTI <- 0b1, mip.STI <- 0b0)
mem[X,0x0000000080002100] -> 0x006F
mem[X,0x0000000080002102] -> 0x1000
[916] [M]: 0x0000000080002100 (0x1000006F) jal x0, 0x100                            Mtrampoline+0

mem[X,0x0000000080002200] -> 0x1173
mem[X,0x0000000080002202] -> 0x3401
[917] [M]: 0x0000000080002200 (0x34011173) csrrw x2, mscratch, x2                   trap_Mhandler+0
CSR mscratch (0x340) <- 0x0000000080002000
x2 <- 0x0000000080005000

clint mtime 0x00000000000001CB (mip.MTI <- 0b1, mip.STI <- 0b0)
mem[X,0x0000000080002204] -> 0x3423
mem[X,0x0000000080002206] -> 0x28B1
[918] [M]: 0x0000000080002204 (0x28B13423) sd x11, 0x288(x2)                        trap_Mhandler+4
mem[W,0x0000000080005288] <- 0x0000000000000000

mem[X,0x0000000080002208] -> 0x05EF
mem[X,0x000000008000220A] -> 0x0B80
[919] [M]: 0x0000000080002208 (0x0B8005EF) jal x11, 0xb8                            trap_Mhandler+8
x11 <- 0x000000008000220C

clint mtime 0x00000000000001CC (mip.MTI <- 0b1, mip.STI <- 0b0)
mem[X,0x00000000800022C0] -> 0x3023
mem[X,0x00000000800022C2] -> 0x28A1
[920] [M]: 0x00000000800022C0 (0x28A13023) sd x10, 0x280(x2)                        common_Mhandler+0
mem[W,0x0000000080005280] <- 0x0000000000002000

mem[X,0x00000000800022C4] -> 0x1573
mem[X,0x00000000800022C6] -> 0x3401
[921] [M]: 0x00000000800022C4 (0x34011573) csrrw x10, mscratch, x2                  common_Mhandler+4
CSR mscratch (0x340) <- 0x0000000080005000
x10 <- 0x0000000080002000

clint mtime 0x00000000000001CD (mip.MTI <- 0b1, mip.STI <- 0b0)
mem[X,0x00000000800022C8] -> 0x3823
mem[X,0x00000000800022CA] -> 0x28A1
[922] [M]: 0x00000000800022C8 (0x28A13823) sd x10, 0x290(x2)                        common_Mhandler+8
mem[W,0x0000000080005290] <- 0x0000000080002000

mem[X,0x00000000800022CC] -> 0x3503
mem[X,0x00000000800022CE] -> 0x2301
[923] [M]: 0x00000000800022CC (0x23013503) ld x10, 0x230(x2)                        common_Mhandler+12
mem[R,0x0000000080005230] -> 0x00000000800022D4
x10 <- 0x00000000800022D4

clint mtime 0x00000000000001CE (mip.MTI <- 0b1, mip.STI <- 0b0)
mem[X,0x00000000800022D0] -> 0x0067
mem[X,0x00000000800022D2] -> 0x0005
[924] [M]: 0x00000000800022D0 (0x00050067) jalr x0, 0x0(x10)                        common_Mhandler+16

mem[X,0x00000000800022D4] -> 0x3C23
mem[X,0x00000000800022D6] -> 0x2691
[925] [M]: 0x00000000800022D4 (0x26913C23) sd x9, 0x278(x2)                         common_Mentry+0
mem[W,0x0000000080005278] <- 0x00000000000000FE

clint mtime 0x00000000000001CF (mip.MTI <- 0b1, mip.STI <- 0b0)
mem[X,0x00000000800022D8] -> 0x3823
mem[X,0x00000000800022DA] -> 0x2681
[926] [M]: 0x00000000800022D8 (0x26813823) sd x8, 0x270(x2)                         common_Mentry+4
mem[W,0x0000000080005270] <- 0x0000000080002000

mem[X,0x00000000800022DC] -> 0x3423
mem[X,0x00000000800022DE] -> 0x2671
[927] [M]: 0x00000000800022DC (0x26713423) sd x7, 0x268(x2)                         common_Mentry+8
mem[W,0x0000000080005268] <- 0x00000000003FBB6F

clint mtime 0x00000000000001D0 (mip.MTI <- 0b1, mip.STI <- 0b0)
mem[X,0x00000000800022E0] -> 0x3023
mem[X,0x00000000800022E2] -> 0x2661
[928] [M]: 0x00000000800022E0 (0x26613023) sd x6, 0x260(x2)                         common_Mentry+12
mem[W,0x0000000080005260] <- 0x000000001FDDB7D5

mem[X,0x00000000800022E4] -> 0x2573
mem[X,0x00000000800022E6] -> 0x3420
[929] [M]: 0x00000000800022E4 (0x34202573) csrrs x10, mcause, x0                    spcl_M2mmode_test+0
CSR mcause (0x342) -> 0x0000000000000007
x10 <- 0x0000000000000007

clint mtime 0x00000000000001D1 (mip.MTI <- 0b1, mip.STI <- 0b0)
mem[X,0x00000000800022E8] -> 0x04B7
mem[X,0x00000000800022EA] -> 0x8000
[930] [M]: 0x00000000800022E8 (0x800004B7) lui x9, -0x80000                         spcl_M2mmode_test+4
x9 <- 0xFFFFFFFF80000000

mem[X,0x00000000800022EC] -> 0x8493
mem[X,0x00000000800022EE] -> 0x0004
[931] [M]: 0x00000000800022EC (0x00048493) addi x9, x9, 0x0                         spcl_M2mmode_test+8
x9 <- 0xFFFFFFFF80000000

clint mtime 0x00000000000001D2 (mip.MTI <- 0b1, mip.STI <- 0b0)
mem[X,0x00000000800022F0] -> 0x9493
mem[X,0x00000000800022F2] -> 0x00B4
[932] [M]: 0x00000000800022F0 (0x00B49493) slli x9, x9, 0xb                         spcl_M2mmode_test+12
x9 <- 0xFFFFFC0000000000

mem[X,0x00000000800022F4] -> 0x8493
mem[X,0x00000000800022F6] -> 0x0004
[933] [M]: 0x00000000800022F4 (0x00048493) addi x9, x9, 0x0                         spcl_M2mmode_test+16
x9 <- 0xFFFFFC0000000000

clint mtime 0x00000000000001D3 (mip.MTI <- 0b1, mip.STI <- 0b0)
mem[X,0x00000000800022F8] -> 0x9493
mem[X,0x00000000800022FA] -> 0x00B4
[934] [M]: 0x00000000800022F8 (0x00B49493) slli x9, x9, 0xb                         spcl_M2mmode_test+20
x9 <- 0xFFE0000000000000

mem[X,0x00000000800022FC] -> 0x8493
mem[X,0x00000000800022FE] -> 0x0034
[935] [M]: 0x00000000800022FC (0x00348493) addi x9, x9, 0x3                         spcl_M2mmode_test+24
x9 <- 0xFFE0000000000003

clint mtime 0x00000000000001D4 (mip.MTI <- 0b1, mip.STI <- 0b0)
mem[X,0x0000000080002300] -> 0x9493
mem[X,0x0000000080002302] -> 0x00A4
[936] [M]: 0x0000000080002300 (0x00A49493) slli x9, x9, 0xa                         spcl_M2mmode_test+28
x9 <- 0x8000000000000C00

mem[X,0x0000000080002304] -> 0x8493
mem[X,0x0000000080002306] -> 0x3FC4
[937] [M]: 0x0000000080002304 (0x3FC48493) addi x9, x9, 0x3fc                       spcl_M2mmode_test+32
x9 <- 0x8000000000000FFC

clint mtime 0x00000000000001D5 (mip.MTI <- 0b1, mip.STI <- 0b0)
mem[X,0x0000000080002308] -> 0xF4B3
mem[X,0x000000008000230A] -> 0x00A4
[938] [M]: 0x0000000080002308 (0x00A4F4B3) and x9, x9, x10                          spcl_M2mmode_test+36
x9 <- 0x0000000000000004

mem[X,0x000000008000230C] -> 0x8493
mem[X,0x000000008000230E] -> 0xFF84
[939] [M]: 0x000000008000230C (0xFF848493) addi x9, x9, -0x8                        spcl_M2mmode_test+40
x9 <- 0xFFFFFFFFFFFFFFFC

clint mtime 0x00000000000001D6 (mip.MTI <- 0b1, mip.STI <- 0b0)
mem[X,0x0000000080002310] -> 0x9663
mem[X,0x0000000080002312] -> 0x0004
[940] [M]: 0x0000000080002310 (0x00049663) bne x9, x0, 0xc                          spcl_M2mmode_test+44

mem[X,0x000000008000231C] -> 0x0393
mem[X,0x000000008000231E] -> 0x0200
[941] [M]: 0x000000008000231C (0x02000393) addi x7, x0, 0x20                        Mtrapsig_ptr_upd+0
x7 <- 0x0000000000000020

clint mtime 0x00000000000001D7 (mip.MTI <- 0b1, mip.STI <- 0b0)
mem[X,0x0000000080002320] -> 0x5263
mem[X,0x0000000080002322] -> 0x0405
[942] [M]: 0x0000000080002320 (0x04055263) bge x10, x0, 0x44                        Mtrapsig_ptr_upd+4

mem[X,0x0000000080002364] -> 0x2373
mem[X,0x0000000080002366] -> 0x3010
[943] [M]: 0x0000000080002364 (0x30102373) csrrs x6, misa, x0                       Mxcpt_sig_sv+0
CSR misa (0x301) -> 0x800000000034112F
x6 <- 0x800000000034112F

clint mtime 0x00000000000001D8 (mip.MTI <- 0b1, mip.STI <- 0b0)
mem[X,0x0000000080002368] -> 0x1313
mem[X,0x000000008000236A] -> 0x0383
[944] [M]: 0x0000000080002368 (0x03831313) slli x6, x6, 0x38                        Mxcpt_sig_sv+4
x6 <- 0x2F00000000000000

mem[X,0x000000008000236C] -> 0x5463
mem[X,0x000000008000236E] -> 0x0003
[945] [M]: 0x000000008000236C (0x00035463) bge x6, x0, 0x8                          Mxcpt_sig_sv+8

clint mtime 0x00000000000001D9 (mip.MTI <- 0b1, mip.STI <- 0b0)
mem[X,0x0000000080002374] -> 0x3303
mem[X,0x0000000080002376] -> 0x2181
[946] [M]: 0x0000000080002374 (0x21813303) ld x6, 0x218(x2)                         Mtrap_sig_sv+0
mem[R,0x0000000080005218] -> 0x00000000800063C0
x6 <- 0x00000000800063C0

mem[X,0x0000000080002378] -> 0x04B3
mem[X,0x000000008000237A] -> 0x0073
[947] [M]: 0x0000000080002378 (0x007304B3) add x9, x6, x7                           Mtrap_sig_sv+4
x9 <- 0x00000000800063E0

clint mtime 0x00000000000001DA (mip.MTI <- 0b1, mip.STI <- 0b0)
mem[X,0x000000008000237C] -> 0x3C23
mem[X,0x000000008000237E] -> 0x2091
[948] [M]: 0x000000008000237C (0x20913C23) sd x9, 0x218(x2)                         Mtrap_sig_sv+8
mem[W,0x0000000080005218] <- 0x00000000800063E0

mem[X,0x0000000080002380] -> 0x3403
mem[X,0x0000000080002382] -> 0x1F81
[949] [M]: 0x0000000080002380 (0x1F813403) ld x8, 0x1f8(x2)                         Mtrap_sig_sv+12
mem[R,0x00000000800051F8] -> 0x0000000080006210
x8 <- 0x0000000080006210

clint mtime 0x00000000000001DB (mip.MTI <- 0b1, mip.STI <- 0b0)
mem[X,0x0000000080002384] -> 0x0333
mem[X,0x0000000080002386] -> 0x4083
[950] [M]: 0x0000000080002384 (0x40830333) sub x6, x6, x8                           Mtrap_sig_sv+16
x6 <- 0x00000000000001B0

mem[X,0x0000000080002388] -> 0x3403
mem[X,0x000000008000238A] -> 0x1F81
[951] [M]: 0x0000000080002388 (0x1F813403) ld x8, 0x1f8(x2)                         Mtrap_sig_sv+20
mem[R,0x00000000800051F8] -> 0x0000000080006210
x8 <- 0x0000000080006210

clint mtime 0x00000000000001DC (mip.MTI <- 0b1, mip.STI <- 0b0)
mem[X,0x000000008000238C] -> 0x0333
mem[X,0x000000008000238E] -> 0x0083
[952] [M]: 0x000000008000238C (0x00830333) add x6, x6, x8                           Mtrap_sig_sv+24
x6 <- 0x00000000800063C0

mem[X,0x0000000080002390] -> 0x3403
mem[X,0x0000000080002392] -> 0x2401
[953] [M]: 0x0000000080002390 (0x24013403) ld x8, 0x240(x2)                         Mtrap_sig_sv+28
mem[R,0x0000000080005240] -> 0x0000000080002100
x8 <- 0x0000000080002100

clint mtime 0x00000000000001DD (mip.MTI <- 0b1, mip.STI <- 0b0)
mem[X,0x0000000080002394] -> 0x85B3
mem[X,0x0000000080002396] -> 0x4085
[954] [M]: 0x0000000080002394 (0x408585B3) sub x11, x11, x8                         sv_Mvect+0
x11 <- 0x000000000000010C

mem[X,0x0000000080002398] -> 0x9593
mem[X,0x000000008000239A] -> 0x0045
[955] [M]: 0x0000000080002398 (0x00459593) slli x11, x11, 0x4                       sv_Mvect+4
x11 <- 0x00000000000010C0

clint mtime 0x00000000000001DE (mip.MTI <- 0b1, mip.STI <- 0b0)
mem[X,0x000000008000239C] -> 0xE5B3
mem[X,0x000000008000239E] -> 0x0075
[956] [M]: 0x000000008000239C (0x0075E5B3) or x11, x11, x7                          sv_Mvect+8
x11 <- 0x00000000000010E0

mem[X,0x00000000800023A0] -> 0x8593
mem[X,0x00000000800023A2] -> 0x0035
[957] [M]: 0x00000000800023A0 (0x00358593) addi x11, x11, 0x3                       sv_Mvect+12
x11 <- 0x00000000000010E3

clint mtime 0x00000000000001DF (mip.MTI <- 0b1, mip.STI <- 0b0)
mem[X,0x00000000800023A4] -> 0x3023
mem[X,0x00000000800023A6] -> 0x00B3
[958] [M]: 0x00000000800023A4 (0x00B33023) sd x11, 0x0(x6)                          sv_Mvect+16
mem[W,0x00000000800063C0] <- 0x00000000000010E3

mem[X,0x00000000800023A8] -> 0x3423
mem[X,0x00000000800023AA] -> 0x00A3
[959] [M]: 0x00000000800023A8 (0x00A33423) sd x10, 0x8(x6)                          sv_Mcause+0
mem[W,0x00000000800063C8] <- 0x0000000000000007

clint mtime 0x00000000000001E0 (mip.MTI <- 0b1, mip.STI <- 0b0)
mem[X,0x00000000800023AC] -> 0x4263
mem[X,0x00000000800023AE] -> 0x1A05
[960] [M]: 0x00000000800023AC (0x1A054263) blt x10, x0, 0x1a4                       sv_Mcause+4

mem[X,0x00000000800023B0] -> 0x25F3
mem[X,0x00000000800023B2] -> 0x3000
[961] [M]: 0x00000000800023B0 (0x300025F3) csrrs x11, mstatus, x0                   common_Mexcpt_handler+0
CSR mstatus (0x300) -> 0x8000000A00007800
x11 <- 0x8000000A00007800

clint mtime 0x00000000000001E1 (mip.MTI <- 0b1, mip.STI <- 0b0)
mem[X,0x00000000800023B4] -> 0x9413
mem[X,0x00000000800023B6] -> 0x02E5
[962] [M]: 0x00000000800023B4 (0x02E59413) slli x8, x11, 0x2e                       common_Mexcpt_handler+4
x8 <- 0x1E00000000000000

mem[X,0x00000000800023B8] -> 0x5463
mem[X,0x00000000800023BA] -> 0x0004
[963] [M]: 0x00000000800023B8 (0x00045463) bge x8, x0, 0x8                          common_Mexcpt_handler+8

clint mtime 0x00000000000001E2 (mip.MTI <- 0b1, mip.STI <- 0b0)
mem[X,0x00000000800023C0] -> 0xD493
mem[X,0x00000000800023C2] -> 0x00B5
[964] [M]: 0x00000000800023C0 (0x00B5D493) srli x9, x11, 0xb                        common_Mexcpt_handler+16
x9 <- 0x001000000140000F

mem[X,0x00000000800023C4] -> 0xF493
mem[X,0x00000000800023C6] -> 0x0034
[965] [M]: 0x00000000800023C4 (0x0034F493) andi x9, x9, 0x3                         common_Mexcpt_handler+20
x9 <- 0x0000000000000003

clint mtime 0x00000000000001E3 (mip.MTI <- 0b1, mip.STI <- 0b0)
mem[X,0x00000000800023C8] -> 0x8493
mem[X,0x00000000800023CA] -> 0x0014
[966] [M]: 0x00000000800023C8 (0x00148493) addi x9, x9, 0x1                         common_Mexcpt_handler+24
x9 <- 0x0000000000000004

mem[X,0x00000000800023CC] -> 0xF493
mem[X,0x00000000800023CE] -> 0x0044
[967] [M]: 0x00000000800023CC (0x0044F493) andi x9, x9, 0x4                         common_Mexcpt_handler+28
x9 <- 0x0000000000000004

clint mtime 0x00000000000001E4 (mip.MTI <- 0b1, mip.STI <- 0b0)
mem[X,0x00000000800023D0] -> 0x0593
mem[X,0x00000000800023D2] -> 0x05D0
[968] [M]: 0x00000000800023D0 (0x05D00593) addi x11, x0, 0x5d                       common_Mexcpt_handler+32
x11 <- 0x000000000000005D

mem[X,0x00000000800023D4] -> 0xD5B3
mem[X,0x00000000800023D6] -> 0x0095
[969] [M]: 0x00000000800023D4 (0x0095D5B3) srl x11, x11, x9                         common_Mexcpt_handler+36
x11 <- 0x0000000000000005

clint mtime 0x00000000000001E5 (mip.MTI <- 0b1, mip.STI <- 0b0)
mem[X,0x00000000800023D8] -> 0xF593
mem[X,0x00000000800023DA] -> 0x0015
[970] [M]: 0x00000000800023D8 (0x0015F593) andi x11, x11, 0x1                       common_Mexcpt_handler+40
x11 <- 0x0000000000000001

mem[X,0x00000000800023DC] -> 0x8EE3
mem[X,0x00000000800023DE] -> 0xF405
[971] [M]: 0x00000000800023DC (0xF4058EE3) beq x11, x0, -0xa4                       common_Mexcpt_handler+44

clint mtime 0x00000000000001E6 (mip.MTI <- 0b1, mip.STI <- 0b0)
mem[X,0x00000000800023E0] -> 0x0593
mem[X,0x00000000800023E2] -> 0x2980
[972] [M]: 0x00000000800023E0 (0x29800593) addi x11, x0, 0x298                      common_Mexcpt_handler+48
x11 <- 0x0000000000000298

mem[X,0x00000000800023E4] -> 0xF413
mem[X,0x00000000800023E6] -> 0x0014
[973] [M]: 0x00000000800023E4 (0x0014F413) andi x8, x9, 0x1                         common_Mexcpt_handler+52
x8 <- 0x0000000000000000

clint mtime 0x00000000000001E7 (mip.MTI <- 0b1, mip.STI <- 0b0)
mem[X,0x00000000800023E8] -> 0x95B3
mem[X,0x00000000800023EA] -> 0x0085
[974] [M]: 0x00000000800023E8 (0x008595B3) sll x11, x11, x8                         common_Mexcpt_handler+56
x11 <- 0x0000000000000298

mem[X,0x00000000800023EC] -> 0x9413
mem[X,0x00000000800023EE] -> 0x03D4
[975] [M]: 0x00000000800023EC (0x03D49413) slli x8, x9, 0x3d                        common_Mexcpt_handler+60
x8 <- 0x8000000000000000

clint mtime 0x00000000000001E8 (mip.MTI <- 0b1, mip.STI <- 0b0)
mem[X,0x00000000800023F0] -> 0x5413
mem[X,0x00000000800023F2] -> 0x43F4
[976] [M]: 0x00000000800023F0 (0x43F45413) srai x8, x8, 0x3f                        common_Mexcpt_handler+64
x8 <- 0xFFFFFFFFFFFFFFFF

mem[X,0x00000000800023F4] -> 0x4413
mem[X,0x00000000800023F6] -> 0xFFF4
[977] [M]: 0x00000000800023F4 (0xFFF44413) xori x8, x8, -0x1                        common_Mexcpt_handler+68
x8 <- 0x0000000000000000

clint mtime 0x00000000000001E9 (mip.MTI <- 0b1, mip.STI <- 0b0)
mem[X,0x00000000800023F8] -> 0xF4B3
mem[X,0x00000000800023FA] -> 0x0085
[978] [M]: 0x00000000800023F8 (0x0085F4B3) and x9, x11, x8                          common_Mexcpt_handler+72
x9 <- 0x0000000000000000

mem[X,0x00000000800023FC] -> 0x84B3
mem[X,0x00000000800023FE] -> 0x0024
[979] [M]: 0x00000000800023FC (0x002484B3) add x9, x9, x2                           vmem_adj_Mepc+0
x9 <- 0x0000000080005000

clint mtime 0x00000000000001EA (mip.MTI <- 0b1, mip.STI <- 0b0)
mem[X,0x0000000080002400] -> 0x23F3
mem[X,0x0000000080002402] -> 0x3410
[980] [M]: 0x0000000080002400 (0x341023F3) csrrs x7, mepc, x0                       vmem_adj_Mepc+4
CSR mepc (0x341) -> 0x00000000800005B2
x7 <- 0x00000000800005B2

mem[X,0x0000000080002404] -> 0x0413
mem[X,0x0000000080002406] -> 0x0004
[981] [M]: 0x0000000080002404 (0x00040413) addi x8, x8, 0x0                         vmem_adj_Mepc+8
x8 <- 0x0000000000000000

clint mtime 0x00000000000001EB (mip.MTI <- 0b1, mip.STI <- 0b0)
mem[X,0x0000000080002408] -> 0x006F
mem[X,0x000000008000240A] -> 0x0400
[982] [M]: 0x0000000080002408 (0x0400006F) jal x0, 0x40                             vmem_adj_Mepc+12

mem[X,0x0000000080002448] -> 0x8433
mem[X,0x000000008000244A] -> 0x4083
[983] [M]: 0x0000000080002448 (0x40838433) sub x8, x7, x8                           adj_Mepc+0
x8 <- 0x00000000800005B2

clint mtime 0x00000000000001EC (mip.MTI <- 0b1, mip.STI <- 0b0)
mem[X,0x000000008000244C] -> 0x3823
mem[X,0x000000008000244E] -> 0x0083
[984] [M]: 0x000000008000244C (0x00833823) sd x8, 0x10(x6)                          sv_Mepc+0
mem[W,0x00000000800063D0] <- 0x00000000800005B2

mem[X,0x0000000080002450] -> 0x55B7
mem[X,0x0000000080002452] -> 0x0000
[985] [M]: 0x0000000080002450 (0x000055B7) lui x11, 0x5                             sv_Mepc+4
x11 <- 0x0000000000005000

clint mtime 0x00000000000001ED (mip.MTI <- 0b1, mip.STI <- 0b0)
mem[X,0x0000000080002454] -> 0x8593
mem[X,0x0000000080002456] -> 0x6675
[986] [M]: 0x0000000080002454 (0x66758593) addi x11, x11, 0x667                     sv_Mepc+8
x11 <- 0x0000000000005667

mem[X,0x0000000080002458] -> 0x9593
mem[X,0x000000008000245A] -> 0x0015
[987] [M]: 0x0000000080002458 (0x00159593) slli x11, x11, 0x1                       sv_Mepc+12
x11 <- 0x000000000000ACCE

clint mtime 0x00000000000001EE (mip.MTI <- 0b1, mip.STI <- 0b0)
mem[X,0x000000008000245C] -> 0x9063
mem[X,0x000000008000245E] -> 0x02B1
[988] [M]: 0x000000008000245C (0x02B19063) bne x3, x11, 0x20                        sv_Mepc+16

mem[X,0x000000008000247C] -> 0xF593
mem[X,0x000000008000247E] -> 0xFFC3
[989] [M]: 0x000000008000247C (0xFFC3F593) andi x11, x7, -0x4                       adj_Mepc_rtn+0
x11 <- 0x00000000800005B0

clint mtime 0x00000000000001EF (mip.MTI <- 0b1, mip.STI <- 0b0)
mem[X,0x0000000080002480] -> 0x8593
mem[X,0x0000000080002482] -> 0x0085
[990] [M]: 0x0000000080002480 (0x00858593) addi x11, x11, 0x8                       adj_Mepc_rtn+4
x11 <- 0x00000000800005B8

mem[X,0x0000000080002484] -> 0x9073
mem[X,0x0000000080002486] -> 0x3415
[991] [M]: 0x0000000080002484 (0x34159073) csrrw x0, mepc, x11                      adj_Mepc_rtn+8
CSR mepc (0x341) <- 0x00000000800005B8

clint mtime 0x00000000000001F0 (mip.MTI <- 0b1, mip.STI <- 0b0)
mem[X,0x0000000080002488] -> 0x23F3
mem[X,0x000000008000248A] -> 0x3430
[992] [M]: 0x0000000080002488 (0x343023F3) csrrs x7, mtval, x0                      skp_adj_Mepc+0
CSR mtval (0x343) -> 0x0000000080002000
x7 <- 0x0000000080002000

mem[X,0x000000008000248C] -> 0x7513
mem[X,0x000000008000248E] -> 0x00F5
[993] [M]: 0x000000008000248C (0x00F57513) andi x10, x10, 0xf                       chk_Mtval+0
x10 <- 0x0000000000000007

clint mtime 0x00000000000001F1 (mip.MTI <- 0b1, mip.STI <- 0b0)
mem[X,0x0000000080002490] -> 0x0437
mem[X,0x0000000080002492] -> 0x0000
[994] [M]: 0x0000000080002490 (0x00000437) lui x8, 0x0                              chk_Mtval+4
x8 <- 0x0000000000000000

mem[X,0x0000000080002494] -> 0x0413
mem[X,0x0000000080002496] -> 0x0004
[995] [M]: 0x0000000080002494 (0x00040413) addi x8, x8, 0x0                         chk_Mtval+8
x8 <- 0x0000000000000000

clint mtime 0x00000000000001F2 (mip.MTI <- 0b1, mip.STI <- 0b0)
mem[X,0x0000000080002498] -> 0x1413
mem[X,0x000000008000249A] -> 0x00B4
[996] [M]: 0x0000000080002498 (0x00B41413) slli x8, x8, 0xb                         chk_Mtval+12
x8 <- 0x0000000000000000

mem[X,0x000000008000249C] -> 0x0413
mem[X,0x000000008000249E] -> 0x0004
[997] [M]: 0x000000008000249C (0x00040413) addi x8, x8, 0x0                         chk_Mtval+16
x8 <- 0x0000000000000000

clint mtime 0x00000000000001F3 (mip.MTI <- 0b1, mip.STI <- 0b0)
mem[X,0x00000000800024A0] -> 0x1413
mem[X,0x00000000800024A2] -> 0x00B4
[998] [M]: 0x00000000800024A0 (0x00B41413) slli x8, x8, 0xb                         chk_Mtval+20
x8 <- 0x0000000000000000

mem[X,0x00000000800024A4] -> 0x0413
mem[X,0x00000000800024A6] -> 0x02C4
[999] [M]: 0x00000000800024A4 (0x02C40413) addi x8, x8, 0x2c                        chk_Mtval+24
x8 <- 0x000000000000002C

clint mtime 0x00000000000001F4 (mip.MTI <- 0b1, mip.STI <- 0b0)
mem[X,0x00000000800024A8] -> 0x1413
mem[X,0x00000000800024AA] -> 0x00A4
[1000] [M]: 0x00000000800024A8 (0x00A41413) slli x8, x8, 0xa                        chk_Mtval+28
x8 <- 0x000000000000B000

mem[X,0x00000000800024AC] -> 0x0413
mem[X,0x00000000800024AE] -> 0x0FB4
[1001] [M]: 0x00000000800024AC (0x0FB40413) addi x8, x8, 0xfb                       chk_Mtval+32
x8 <- 0x000000000000B0FB

clint mtime 0x00000000000001F5 (mip.MTI <- 0b1, mip.STI <- 0b0)
mem[X,0x00000000800024B0] -> 0x5433
mem[X,0x00000000800024B2] -> 0x00A4
[1002] [M]: 0x00000000800024B0 (0x00A45433) srl x8, x8, x10                         chk_Mtval+36
x8 <- 0x0000000000000161

mem[X,0x00000000800024B4] -> 0x1413
mem[X,0x00000000800024B6] -> 0x03F4
[1003] [M]: 0x00000000800024B4 (0x03F41413) slli x8, x8, 0x3f                       chk_Mtval+40
x8 <- 0x8000000000000000

clint mtime 0x00000000000001F6 (mip.MTI <- 0b1, mip.STI <- 0b0)
mem[X,0x00000000800024B8] -> 0x5C63
mem[X,0x00000000800024BA] -> 0x0404
[1004] [M]: 0x00000000800024B8 (0x04045C63) bge x8, x0, 0x58                        chk_Mtval+44

mem[X,0x00000000800024BC] -> 0xB403
mem[X,0x00000000800024BE] -> 0x2084
[1005] [M]: 0x00000000800024BC (0x2084B403) ld x8, 0x208(x9)                        vmem_adj_Mtval+0
mem[R,0x0000000080005208] -> 0x00000000800003B4
x8 <- 0x00000000800003B4

clint mtime 0x00000000000001F7 (mip.MTI <- 0b1, mip.STI <- 0b0)
mem[X,0x00000000800024C0] -> 0xB583
mem[X,0x00000000800024C2] -> 0x2104
[1006] [M]: 0x00000000800024C0 (0x2104B583) ld x11, 0x210(x9)                       vmem_adj_Mtval+4
mem[R,0x0000000080005210] -> 0x0000000000001C5A
x11 <- 0x0000000000001C5A

mem[X,0x00000000800024C4] -> 0x85B3
mem[X,0x00000000800024C6] -> 0x0085
[1007] [M]: 0x00000000800024C4 (0x008585B3) add x11, x11, x8                        vmem_adj_Mtval+8
x11 <- 0x000000008000200E

clint mtime 0x00000000000001F8 (mip.MTI <- 0b1, mip.STI <- 0b0)
mem[X,0x00000000800024C8] -> 0xF463
mem[X,0x00000000800024CA] -> 0x00B3
[1008] [M]: 0x00000000800024C8 (0x00B3F463) bgeu x7, x11, 0x8                       vmem_adj_Mtval+12

mem[X,0x00000000800024CC] -> 0xF063
mem[X,0x00000000800024CE] -> 0x0483
[1009] [M]: 0x00000000800024CC (0x0483F063) bgeu x7, x8, 0x40                       vmem_adj_Mtval+16

clint mtime 0x00000000000001F9 (mip.MTI <- 0b1, mip.STI <- 0b0)
mem[X,0x000000008000250C] -> 0x8433
mem[X,0x000000008000250E] -> 0x4083
[1010] [M]: 0x000000008000250C (0x40838433) sub x8, x7, x8                          adj_Mtval+0
x8 <- 0x0000000000001C4C

mem[X,0x0000000080002510] -> 0x3C23
mem[X,0x0000000080002512] -> 0x0083
[1011] [M]: 0x0000000080002510 (0x00833C23) sd x8, 0x18(x6)                         sv_Mtval+0
mem[W,0x00000000800063D8] <- 0x0000000000001C4C

clint mtime 0x00000000000001FA (mip.MTI <- 0b1, mip.STI <- 0b0)
mem[X,0x0000000080002514] -> 0x3483
mem[X,0x0000000080002516] -> 0x2181
[1012] [M]: 0x0000000080002514 (0x21813483) ld x9, 0x218(x2)                        skp_Mtval+0
mem[R,0x0000000080005218] -> 0x00000000800063E0
x9 <- 0x00000000800063E0

mem[X,0x0000000080002518] -> 0x3383
mem[X,0x000000008000251A] -> 0x1F81
[1013] [M]: 0x0000000080002518 (0x1F813383) ld x7, 0x1f8(x2)                        skp_Mtval+4
mem[R,0x00000000800051F8] -> 0x0000000080006210
x7 <- 0x0000000080006210

clint mtime 0x00000000000001FB (mip.MTI <- 0b1, mip.STI <- 0b0)
mem[X,0x000000008000251C] -> 0x3303
mem[X,0x000000008000251E] -> 0x2001
[1014] [M]: 0x000000008000251C (0x20013303) ld x6, 0x200(x2)                        skp_Mtval+8
mem[R,0x0000000080005200] -> 0x0000000000000920
x6 <- 0x0000000000000920

mem[X,0x0000000080002520] -> 0x0333
mem[X,0x0000000080002522] -> 0x0073
[1015] [M]: 0x0000000080002520 (0x00730333) add x6, x6, x7                          skp_Mtval+12
x6 <- 0x0000000080006B30

clint mtime 0x00000000000001FC (mip.MTI <- 0b1, mip.STI <- 0b0)
mem[X,0x0000000080002524] -> 0x69E3
mem[X,0x0000000080002526] -> 0xAE93
[1016] [M]: 0x0000000080002524 (0xAE9369E3) bltu x6, x9, -0x50e                     skp_Mtval+16

mem[X,0x0000000080002528] -> 0x0393
mem[X,0x000000008000252A] -> 0x2000
[1017] [M]: 0x0000000080002528 (0x20000393) addi x7, x0, 0x200                      skp_Mtval+20
x7 <- 0x0000000000000200

clint mtime 0x00000000000001FD (mip.MTI <- 0b1, mip.STI <- 0b0)
mem[X,0x000000008000252C] -> 0x006F
mem[X,0x000000008000252E] -> 0x0400
[1018] [M]: 0x000000008000252C (0x0400006F) jal x0, 0x40                            skp_Mtval+24

mem[X,0x000000008000256C] -> 0x0417
mem[X,0x000000008000256E] -> 0x0000
[1019] [M]: 0x000000008000256C (0x00000417) auipc x8, 0x0                           spcl_Mhandler+0
x8 <- 0x000000008000256C

clint mtime 0x00000000000001FE (mip.MTI <- 0b1, mip.STI <- 0b0)
mem[X,0x0000000080002570] -> 0x0413
mem[X,0x0000000080002572] -> 0x03C4
[1020] [M]: 0x0000000080002570 (0x03C40413) addi x8, x8, 0x3c                       spcl_Mhandler+4
x8 <- 0x00000000800025A8

mem[X,0x0000000080002574] -> 0x0433
mem[X,0x0000000080002576] -> 0x0074
[1021] [M]: 0x0000000080002574 (0x00740433) add x8, x8, x7                          spcl_Mhandler+8
x8 <- 0x00000000800027A8

clint mtime 0x00000000000001FF (mip.MTI <- 0b1, mip.STI <- 0b0)
mem[X,0x0000000080002578] -> 0x1393
mem[X,0x000000008000257A] -> 0x0035
[1022] [M]: 0x0000000080002578 (0x00351393) slli x7, x10, 0x3                       spcl_Mhandler+12
x7 <- 0x0000000000000038

mem[X,0x000000008000257C] -> 0x0433
mem[X,0x000000008000257E] -> 0x0074
[1023] [M]: 0x000000008000257C (0x00740433) add x8, x8, x7                          spcl_Mhandler+16
x8 <- 0x00000000800027E0

clint mtime 0x0000000000000200 (mip.MTI <- 0b1, mip.STI <- 0b0)
mem[X,0x0000000080002580] -> 0x7413
mem[X,0x0000000080002582] -> 0xFF84
[1024] [M]: 0x0000000080002580 (0xFF847413) andi x8, x8, -0x8                       spcl_Mhandler+20
x8 <- 0x00000000800027E0

mem[X,0x0000000080002584] -> 0x3403
mem[X,0x0000000080002586] -> 0x0004
[1025] [M]: 0x0000000080002584 (0x00043403) ld x8, 0x0(x8)                          spcl_Mhandler+24
mem[R,0x00000000800027E0] -> 0x000000000000000F
x8 <- 0x000000000000000F

clint mtime 0x0000000000000201 (mip.MTI <- 0b1, mip.STI <- 0b0)
mem[X,0x0000000080002588] -> 0x01E3
mem[X,0x000000008000258A] -> 0xB204
[1026] [M]: 0x0000000080002588 (0xB20401E3) beq x8, x0, -0x4de                      spcl_Mdispatch_hndling+0

mem[X,0x000000008000258C] -> 0x1393
mem[X,0x000000008000258E] -> 0x03F4
[1027] [M]: 0x000000008000258C (0x03F41393) slli x7, x8, 0x3f                       spcl_Mdispatch_hndling+4
x7 <- 0x8000000000000000

clint mtime 0x0000000000000202 (mip.MTI <- 0b1, mip.STI <- 0b0)
mem[X,0x0000000080002590] -> 0xD863
mem[X,0x0000000080002592] -> 0x0003
[1028] [M]: 0x0000000080002590 (0x0003D863) bge x7, x0, 0x10                        spcl_Mdispatch_hndling+8

mem[X,0x0000000080002594] -> 0x5413
mem[X,0x0000000080002596] -> 0x0014
[1029] [M]: 0x0000000080002594 (0x00145413) srli x8, x8, 0x1                        spcl_Mdispatch_hndling+12
x8 <- 0x0000000000000007

clint mtime 0x0000000000000203 (mip.MTI <- 0b1, mip.STI <- 0b0)
mem[X,0x0000000080002598] -> 0x0CE3
mem[X,0x000000008000259A] -> 0xF885
[1030] [M]: 0x0000000080002598 (0xF8850CE3) beq x10, x8, -0x68                      spcl_Mdispatch_hndling+16

mem[X,0x0000000080002530] -> 0x3303
mem[X,0x0000000080002532] -> 0x2601
[1031] [M]: 0x0000000080002530 (0x26013303) ld x6, 0x260(x2)                        resto_Mrtn+0
mem[R,0x0000000080005260] -> 0x000000001FDDB7D5
x6 <- 0x000000001FDDB7D5

clint mtime 0x0000000000000204 (mip.MTI <- 0b1, mip.STI <- 0b0)
mem[X,0x0000000080002534] -> 0x3383
mem[X,0x0000000080002536] -> 0x2681
[1032] [M]: 0x0000000080002534 (0x26813383) ld x7, 0x268(x2)                        resto_Mrtn+4
mem[R,0x0000000080005268] -> 0x00000000003FBB6F
x7 <- 0x00000000003FBB6F

mem[X,0x0000000080002538] -> 0x3403
mem[X,0x000000008000253A] -> 0x2701
[1033] [M]: 0x0000000080002538 (0x27013403) ld x8, 0x270(x2)                        resto_Mrtn+8
mem[R,0x0000000080005270] -> 0x0000000080002000
x8 <- 0x0000000080002000

clint mtime 0x0000000000000205 (mip.MTI <- 0b1, mip.STI <- 0b0)
mem[X,0x000000008000253C] -> 0x3483
mem[X,0x000000008000253E] -> 0x2781
[1034] [M]: 0x000000008000253C (0x27813483) ld x9, 0x278(x2)                        resto_Mrtn+12
mem[R,0x0000000080005278] -> 0x00000000000000FE
x9 <- 0x00000000000000FE

mem[X,0x0000000080002540] -> 0x3503
mem[X,0x0000000080002542] -> 0x2801
[1035] [M]: 0x0000000080002540 (0x28013503) ld x10, 0x280(x2)                       resto_Mrtn+16
mem[R,0x0000000080005280] -> 0x0000000000002000
x10 <- 0x0000000000002000

clint mtime 0x0000000000000206 (mip.MTI <- 0b1, mip.STI <- 0b0)
mem[X,0x0000000080002544] -> 0x3583
mem[X,0x0000000080002546] -> 0x2881
[1036] [M]: 0x0000000080002544 (0x28813583) ld x11, 0x288(x2)                       resto_Mrtn+20
mem[R,0x0000000080005288] -> 0x0000000000000000
x11 <- 0x0000000000000000

mem[X,0x0000000080002548] -> 0x3103
mem[X,0x000000008000254A] -> 0x2901
[1037] [M]: 0x0000000080002548 (0x29013103) ld x2, 0x290(x2)                        resto_Mrtn+24
mem[R,0x0000000080005290] -> 0x0000000080002000
x2 <- 0x0000000080002000

clint mtime 0x0000000000000207 (mip.MTI <- 0b1, mip.STI <- 0b0)
mem[X,0x000000008000254C] -> 0x0073
mem[X,0x000000008000254E] -> 0x3020
[1038] [M]: 0x000000008000254C (0x30200073) mret                                    resto_Mrtn+28
CSR mstatus (0x300) <- 0x8000000A00006080
ret-ing from M to M

mem[X,0x00000000800005B8] -> 0x0001
[1039] [M]: 0x00000000800005B8 (0x0001) c.nop                                       main+440

clint mtime 0x0000000000000208 (mip.MTI <- 0b1, mip.STI <- 0b0)
mem[X,0x00000000800005BA] -> 0x0001
[1040] [M]: 0x00000000800005BA (0x0001) c.nop                                       main+442

mem[X,0x00000000800005BC] -> 0x2402
[1041] [M]: 0x00000000800005BC (0x2402) c.fldsp f8, 0x0(x2)                         main+444
mem[R,0x0000000080002000] -> 0x0001000100010001
f8 <- 0x0001000100010001
CSR mstatus (0x300) <- 0x8000000A00006080

clint mtime 0x0000000000000209 (mip.MTI <- 0b1, mip.STI <- 0b0)
mem[X,0x00000000800005BE] -> 0x0001
[1042] [M]: 0x00000000800005BE (0x0001) c.nop                                       main+446

mem[X,0x00000000800005C0] -> 0x0001
[1043] [M]: 0x00000000800005C0 (0x0001) c.nop                                       main+448

clint mtime 0x000000000000020A (mip.MTI <- 0b1, mip.STI <- 0b0)
mem[X,0x00000000800005C2] -> 0x0001
[1044] [M]: 0x00000000800005C2 (0x0001) c.nop                                       main+450

mem[X,0x00000000800005C4] -> 0x0013
mem[X,0x00000000800005C6] -> 0x0000
[1045] [M]: 0x00000000800005C4 (0x00000013) addi x0, x0, 0x0                        main+452

clint mtime 0x000000000000020B (mip.MTI <- 0b1, mip.STI <- 0b0)
mem[X,0x00000000800005C8] -> 0x0013
mem[X,0x00000000800005CA] -> 0x0000
[1046] [M]: 0x00000000800005C8 (0x00000013) addi x0, x0, 0x0                        main+456

mem[X,0x00000000800005CC] -> 0x0013
mem[X,0x00000000800005CE] -> 0x0000
[1047] [M]: 0x00000000800005CC (0x00000013) addi x0, x0, 0x0                        main+460

clint mtime 0x000000000000020C (mip.MTI <- 0b1, mip.STI <- 0b0)
mem[X,0x00000000800005D0] -> 0x0013
mem[X,0x00000000800005D2] -> 0x0000
[1048] [M]: 0x00000000800005D0 (0x00000013) addi x0, x0, 0x0                        main+464

mem[X,0x00000000800005D4] -> 0x0013
mem[X,0x00000000800005D6] -> 0x0000
[1049] [M]: 0x00000000800005D4 (0x00000013) addi x0, x0, 0x0                        main+468

clint mtime 0x000000000000020D (mip.MTI <- 0b1, mip.STI <- 0b0)
mem[X,0x00000000800005D8] -> 0x0013
mem[X,0x00000000800005DA] -> 0x0000
[1050] [M]: 0x00000000800005D8 (0x00000013) addi x0, x0, 0x0                        main+472

mem[X,0x00000000800005DC] -> 0x0013
mem[X,0x00000000800005DE] -> 0x0000
[1051] [M]: 0x00000000800005DC (0x00000013) addi x0, x0, 0x0                        main+476

clint mtime 0x000000000000020E (mip.MTI <- 0b1, mip.STI <- 0b0)
mem[X,0x00000000800005E0] -> 0x12B7
mem[X,0x00000000800005E2] -> 0x2000
[1052] [M]: 0x00000000800005E0 (0x200012B7) lui x5, 0x20001                         main+480
x5 <- 0x0000000020001000

mem[X,0x00000000800005E4] -> 0x829B
mem[X,0x00000000800005E6] -> 0x8002
[1053] [M]: 0x00000000800005E4 (0x8002829B) addiw x5, x5, -0x800                    main+484
x5 <- 0x0000000020000800

clint mtime 0x000000000000020F (mip.MTI <- 0b1, mip.STI <- 0b0)
mem[X,0x00000000800005E8] -> 0x0013
mem[X,0x00000000800005EA] -> 0x0000
[1054] [M]: 0x00000000800005E8 (0x00000013) addi x0, x0, 0x0                        main+488

mem[X,0x00000000800005EC] -> 0x0013
mem[X,0x00000000800005EE] -> 0x0000
[1055] [M]: 0x00000000800005EC (0x00000013) addi x0, x0, 0x0                        main+492

clint mtime 0x0000000000000210 (mip.MTI <- 0b1, mip.STI <- 0b0)
mem[X,0x00000000800005F0] -> 0x0013
mem[X,0x00000000800005F2] -> 0x0000
[1056] [M]: 0x00000000800005F0 (0x00000013) addi x0, x0, 0x0                        main+496

mem[X,0x00000000800005F4] -> 0x0013
mem[X,0x00000000800005F6] -> 0x0000
[1057] [M]: 0x00000000800005F4 (0x00000013) addi x0, x0, 0x0                        main+500

clint mtime 0x0000000000000211 (mip.MTI <- 0b1, mip.STI <- 0b0)
mem[X,0x00000000800005F8] -> 0x0013
mem[X,0x00000000800005FA] -> 0x0000
[1058] [M]: 0x00000000800005F8 (0x00000013) addi x0, x0, 0x0                        main+504

mem[X,0x00000000800005FC] -> 0x0013
mem[X,0x00000000800005FE] -> 0x0000
[1059] [M]: 0x00000000800005FC (0x00000013) addi x0, x0, 0x0                        main+508

clint mtime 0x0000000000000212 (mip.MTI <- 0b1, mip.STI <- 0b0)
mem[X,0x0000000080000600] -> 0x9073
mem[X,0x0000000080000602] -> 0x3B32
[1060] [M]: 0x0000000080000600 (0x3B329073) csrrw x0, pmpaddr3, x5                  main+512
CSR pmpaddr3 (0x3B3) <- 0x0000000020000800

mem[X,0x0000000080000604] -> 0x0213
mem[X,0x0000000080000606] -> 0x09B0
[1061] [M]: 0x0000000080000604 (0x09B00213) addi x4, x0, 0x9b                       main+516
x4 <- 0x000000000000009B

clint mtime 0x0000000000000213 (mip.MTI <- 0b1, mip.STI <- 0b0)
mem[X,0x0000000080000608] -> 0x1213
mem[X,0x000000008000060A] -> 0x0182
[1062] [M]: 0x0000000080000608 (0x01821213) slli x4, x4, 0x18                       main+520
x4 <- 0x000000009B000000

mem[X,0x000000008000060C] -> 0x1073
mem[X,0x000000008000060E] -> 0x3A02
[1063] [M]: 0x000000008000060C (0x3A021073) csrrw x0, pmpcfg0, x4                   main+524
CSR pmpcfg0 (0x3A0) <- 0x000098999B000000

clint mtime 0x0000000000000214 (mip.MTI <- 0b1, mip.STI <- 0b0)
mem[X,0x0000000080000610] -> 0x07B7
mem[X,0x0000000080000612] -> 0x3F80
[1064] [M]: 0x0000000080000610 (0x3F8007B7) lui x15, 0x3f800                        main+528
x15 <- 0x000000003F800000

mem[X,0x0000000080000614] -> 0x8453
mem[X,0x0000000080000616] -> 0xF007
[1065] [M]: 0x0000000080000614 (0xF0078453) fmv.w.x f8, x15                         main+532
f8 <- 0xFFFFFFFF3F800000
CSR mstatus (0x300) <- 0x8000000A00006080

clint mtime 0x0000000000000215 (mip.MTI <- 0b1, mip.STI <- 0b0)
mem[X,0x0000000080000618] -> 0x0013
mem[X,0x000000008000061A] -> 0x0000
[1066] [M]: 0x0000000080000618 (0x00000013) addi x0, x0, 0x0                        main+536

mem[X,0x000000008000061C] -> 0x0013
mem[X,0x000000008000061E] -> 0x0000
[1067] [M]: 0x000000008000061C (0x00000013) addi x0, x0, 0x0                        main+540

clint mtime 0x0000000000000216 (mip.MTI <- 0b1, mip.STI <- 0b0)
mem[X,0x0000000080000620] -> 0x2417
mem[X,0x0000000080000622] -> 0x0000
[1068] [M]: 0x0000000080000620 (0x00002417) auipc x8, 0x2                           main+544
x8 <- 0x0000000080002620

mem[X,0x0000000080000624] -> 0x0413
mem[X,0x0000000080000626] -> 0x9E04
[1069] [M]: 0x0000000080000624 (0x9E040413) addi x8, x8, -0x620                     main+548
x8 <- 0x0000000080002000

clint mtime 0x0000000000000217 (mip.MTI <- 0b1, mip.STI <- 0b0)
mem[X,0x0000000080000628] -> 0x0013
mem[X,0x000000008000062A] -> 0x0000
[1070] [M]: 0x0000000080000628 (0x00000013) addi x0, x0, 0x0                        main+552

mem[X,0x000000008000062C] -> 0x0013
mem[X,0x000000008000062E] -> 0x0000
[1071] [M]: 0x000000008000062C (0x00000013) addi x0, x0, 0x0                        main+556

clint mtime 0x0000000000000218 (mip.MTI <- 0b1, mip.STI <- 0b0)
mem[X,0x0000000080000630] -> 0x0013
mem[X,0x0000000080000632] -> 0x0000
[1072] [M]: 0x0000000080000630 (0x00000013) addi x0, x0, 0x0                        main+560

mem[X,0x0000000080000634] -> 0x0013
mem[X,0x0000000080000636] -> 0x0000
[1073] [M]: 0x0000000080000634 (0x00000013) addi x0, x0, 0x0                        main+564

clint mtime 0x0000000000000219 (mip.MTI <- 0b1, mip.STI <- 0b0)
mem[X,0x0000000080000638] -> 0x0013
mem[X,0x000000008000063A] -> 0x0000
[1074] [M]: 0x0000000080000638 (0x00000013) addi x0, x0, 0x0                        main+568

mem[X,0x000000008000063C] -> 0x0013
mem[X,0x000000008000063E] -> 0x0000
[1075] [M]: 0x000000008000063C (0x00000013) addi x0, x0, 0x0                        main+572

clint mtime 0x000000000000021A (mip.MTI <- 0b1, mip.STI <- 0b0)
mem[X,0x0000000080000640] -> 0xA000
[1076] [M]: 0x0000000080000640 (0xA000) c.fsd f8, 0x0(x8)                           main+576
mem[W,0x0000000080002000] <- 0xFFFFFFFF3F800000

mem[X,0x0000000080000642] -> 0x0001
[1077] [M]: 0x0000000080000642 (0x0001) c.nop                                       main+578

clint mtime 0x000000000000021B (mip.MTI <- 0b1, mip.STI <- 0b0)
mem[X,0x0000000080000644] -> 0x0001
[1078] [M]: 0x0000000080000644 (0x0001) c.nop                                       main+580

mem[X,0x0000000080000646] -> 0x0001
[1079] [M]: 0x0000000080000646 (0x0001) c.nop                                       main+582

clint mtime 0x000000000000021C (mip.MTI <- 0b1, mip.STI <- 0b0)
mem[X,0x0000000080000648] -> 0x0001
[1080] [M]: 0x0000000080000648 (0x0001) c.nop                                       main+584

mem[X,0x000000008000064A] -> 0x2000
[1081] [M]: 0x000000008000064A (0x2000) c.fld f8, 0x0(x8)                           main+586
mem[R,0x0000000080002000] -> 0xFFFFFFFF3F800000
f8 <- 0xFFFFFFFF3F800000
CSR mstatus (0x300) <- 0x8000000A00006080

clint mtime 0x000000000000021D (mip.MTI <- 0b1, mip.STI <- 0b0)
mem[X,0x000000008000064C] -> 0x0001
[1082] [M]: 0x000000008000064C (0x0001) c.nop                                       main+588

mem[X,0x000000008000064E] -> 0x0001
[1083] [M]: 0x000000008000064E (0x0001) c.nop                                       main+590

clint mtime 0x000000000000021E (mip.MTI <- 0b1, mip.STI <- 0b0)
mem[X,0x0000000080000650] -> 0x8122
[1084] [M]: 0x0000000080000650 (0x8122) c.mv x2, x8                                 main+592
x2 <- 0x0000000080002000

mem[X,0x0000000080000652] -> 0xA022
[1085] [M]: 0x0000000080000652 (0xA022) c.fsdsp f8, 0x0(x2)                         main+594
mem[W,0x0000000080002000] <- 0xFFFFFFFF3F800000

clint mtime 0x000000000000021F (mip.MTI <- 0b1, mip.STI <- 0b0)
mem[X,0x0000000080000654] -> 0x0001
[1086] [M]: 0x0000000080000654 (0x0001) c.nop                                       main+596

mem[X,0x0000000080000656] -> 0x0001
[1087] [M]: 0x0000000080000656 (0x0001) c.nop                                       main+598

clint mtime 0x0000000000000220 (mip.MTI <- 0b1, mip.STI <- 0b0)
mem[X,0x0000000080000658] -> 0x0001
[1088] [M]: 0x0000000080000658 (0x0001) c.nop                                       main+600

mem[X,0x000000008000065A] -> 0x0001
[1089] [M]: 0x000000008000065A (0x0001) c.nop                                       main+602

clint mtime 0x0000000000000221 (mip.MTI <- 0b1, mip.STI <- 0b0)
mem[X,0x000000008000065C] -> 0x2402
[1090] [M]: 0x000000008000065C (0x2402) c.fldsp f8, 0x0(x2)                         main+604
mem[R,0x0000000080002000] -> 0xFFFFFFFF3F800000
f8 <- 0xFFFFFFFF3F800000
CSR mstatus (0x300) <- 0x8000000A00006080

mem[X,0x000000008000065E] -> 0x0001
[1091] [M]: 0x000000008000065E (0x0001) c.nop                                       main+606

clint mtime 0x0000000000000222 (mip.MTI <- 0b1, mip.STI <- 0b0)
mem[X,0x0000000080000660] -> 0x0001
[1092] [M]: 0x0000000080000660 (0x0001) c.nop                                       main+608

mem[X,0x0000000080000662] -> 0x0001
[1093] [M]: 0x0000000080000662 (0x0001) c.nop                                       main+610

clint mtime 0x0000000000000223 (mip.MTI <- 0b1, mip.STI <- 0b0)
mem[X,0x0000000080000664] -> 0x0013
mem[X,0x0000000080000666] -> 0x0000
[1094] [M]: 0x0000000080000664 (0x00000013) addi x0, x0, 0x0                        main+612

mem[X,0x0000000080000668] -> 0x0013
mem[X,0x000000008000066A] -> 0x0000
[1095] [M]: 0x0000000080000668 (0x00000013) addi x0, x0, 0x0                        main+616

clint mtime 0x0000000000000224 (mip.MTI <- 0b1, mip.STI <- 0b0)
mem[X,0x000000008000066C] -> 0x0013
mem[X,0x000000008000066E] -> 0x0000
[1096] [M]: 0x000000008000066C (0x00000013) addi x0, x0, 0x0                        main+620

mem[X,0x0000000080000670] -> 0x0013
mem[X,0x0000000080000672] -> 0x0000
[1097] [M]: 0x0000000080000670 (0x00000013) addi x0, x0, 0x0                        main+624

clint mtime 0x0000000000000225 (mip.MTI <- 0b1, mip.STI <- 0b0)
mem[X,0x0000000080000674] -> 0x0013
mem[X,0x0000000080000676] -> 0x0000
[1098] [M]: 0x0000000080000674 (0x00000013) addi x0, x0, 0x0                        main+628

mem[X,0x0000000080000678] -> 0x0013
mem[X,0x000000008000067A] -> 0x0000
[1099] [M]: 0x0000000080000678 (0x00000013) addi x0, x0, 0x0                        main+632

clint mtime 0x0000000000000226 (mip.MTI <- 0b1, mip.STI <- 0b0)
mem[X,0x000000008000067C] -> 0x0013
mem[X,0x000000008000067E] -> 0x0000
[1100] [M]: 0x000000008000067C (0x00000013) addi x0, x0, 0x0                        main+636

mem[X,0x0000000080000680] -> 0x12B7
mem[X,0x0000000080000682] -> 0x2000
[1101] [M]: 0x0000000080000680 (0x200012B7) lui x5, 0x20001                         main+640
x5 <- 0x0000000020001000

clint mtime 0x0000000000000227 (mip.MTI <- 0b1, mip.STI <- 0b0)
mem[X,0x0000000080000684] -> 0x829B
mem[X,0x0000000080000686] -> 0x8002
[1102] [M]: 0x0000000080000684 (0x8002829B) addiw x5, x5, -0x800                    main+644
x5 <- 0x0000000020000800

mem[X,0x0000000080000688] -> 0x0013
mem[X,0x000000008000068A] -> 0x0000
[1103] [M]: 0x0000000080000688 (0x00000013) addi x0, x0, 0x0                        main+648

clint mtime 0x0000000000000228 (mip.MTI <- 0b1, mip.STI <- 0b0)
mem[X,0x000000008000068C] -> 0x0013
mem[X,0x000000008000068E] -> 0x0000
[1104] [M]: 0x000000008000068C (0x00000013) addi x0, x0, 0x0                        main+652

mem[X,0x0000000080000690] -> 0x0013
mem[X,0x0000000080000692] -> 0x0000
[1105] [M]: 0x0000000080000690 (0x00000013) addi x0, x0, 0x0                        main+656

clint mtime 0x0000000000000229 (mip.MTI <- 0b1, mip.STI <- 0b0)
mem[X,0x0000000080000694] -> 0x0013
mem[X,0x0000000080000696] -> 0x0000
[1106] [M]: 0x0000000080000694 (0x00000013) addi x0, x0, 0x0                        main+660

mem[X,0x0000000080000698] -> 0x0013
mem[X,0x000000008000069A] -> 0x0000
[1107] [M]: 0x0000000080000698 (0x00000013) addi x0, x0, 0x0                        main+664

clint mtime 0x000000000000022A (mip.MTI <- 0b1, mip.STI <- 0b0)
mem[X,0x000000008000069C] -> 0x0013
mem[X,0x000000008000069E] -> 0x0000
[1108] [M]: 0x000000008000069C (0x00000013) addi x0, x0, 0x0                        main+668

mem[X,0x00000000800006A0] -> 0x9073
mem[X,0x00000000800006A2] -> 0x3B22
[1109] [M]: 0x00000000800006A0 (0x3B229073) csrrw x0, pmpaddr2, x5                  main+672
CSR pmpaddr2 (0x3B2) <- 0x0000000020000800

clint mtime 0x000000000000022B (mip.MTI <- 0b1, mip.STI <- 0b0)
mem[X,0x00000000800006A4] -> 0x0213
mem[X,0x00000000800006A6] -> 0x0270
[1110] [M]: 0x00000000800006A4 (0x02700213) addi x4, x0, 0x27                       main+676
x4 <- 0x0000000000000027

mem[X,0x00000000800006A8] -> 0x1213
mem[X,0x00000000800006AA] -> 0x0122
[1111] [M]: 0x00000000800006A8 (0x01221213) slli x4, x4, 0x12                       main+680
x4 <- 0x00000000009C0000

clint mtime 0x000000000000022C (mip.MTI <- 0b1, mip.STI <- 0b0)
mem[X,0x00000000800006AC] -> 0x1073
mem[X,0x00000000800006AE] -> 0x3A02
[1112] [M]: 0x00000000800006AC (0x3A021073) csrrw x0, pmpcfg0, x4                   main+684
CSR pmpcfg0 (0x3A0) <- 0x000098999B9C0000

mem[X,0x00000000800006B0] -> 0x07B7
mem[X,0x00000000800006B2] -> 0x3F80
[1113] [M]: 0x00000000800006B0 (0x3F8007B7) lui x15, 0x3f800                        main+688
x15 <- 0x000000003F800000

clint mtime 0x000000000000022D (mip.MTI <- 0b1, mip.STI <- 0b0)
mem[X,0x00000000800006B4] -> 0x8453
mem[X,0x00000000800006B6] -> 0xF007
[1114] [M]: 0x00000000800006B4 (0xF0078453) fmv.w.x f8, x15                         main+692
f8 <- 0xFFFFFFFF3F800000
CSR mstatus (0x300) <- 0x8000000A00006080

mem[X,0x00000000800006B8] -> 0x0013
mem[X,0x00000000800006BA] -> 0x0000
[1115] [M]: 0x00000000800006B8 (0x00000013) addi x0, x0, 0x0                        main+696

clint mtime 0x000000000000022E (mip.MTI <- 0b1, mip.STI <- 0b0)
mem[X,0x00000000800006BC] -> 0x0013
mem[X,0x00000000800006BE] -> 0x0000
[1116] [M]: 0x00000000800006BC (0x00000013) addi x0, x0, 0x0                        main+700

mem[X,0x00000000800006C0] -> 0x2417
mem[X,0x00000000800006C2] -> 0x0000
[1117] [M]: 0x00000000800006C0 (0x00002417) auipc x8, 0x2                           main+704
x8 <- 0x00000000800026C0

clint mtime 0x000000000000022F (mip.MTI <- 0b1, mip.STI <- 0b0)
mem[X,0x00000000800006C4] -> 0x0413
mem[X,0x00000000800006C6] -> 0x9404
[1118] [M]: 0x00000000800006C4 (0x94040413) addi x8, x8, -0x6c0                     main+708
x8 <- 0x0000000080002000

mem[X,0x00000000800006C8] -> 0x0013
mem[X,0x00000000800006CA] -> 0x0000
[1119] [M]: 0x00000000800006C8 (0x00000013) addi x0, x0, 0x0                        main+712

clint mtime 0x0000000000000230 (mip.MTI <- 0b1, mip.STI <- 0b0)
mem[X,0x00000000800006CC] -> 0x0013
mem[X,0x00000000800006CE] -> 0x0000
[1120] [M]: 0x00000000800006CC (0x00000013) addi x0, x0, 0x0                        main+716

mem[X,0x00000000800006D0] -> 0x0013
mem[X,0x00000000800006D2] -> 0x0000
[1121] [M]: 0x00000000800006D0 (0x00000013) addi x0, x0, 0x0                        main+720

clint mtime 0x0000000000000231 (mip.MTI <- 0b1, mip.STI <- 0b0)
mem[X,0x00000000800006D4] -> 0x0013
mem[X,0x00000000800006D6] -> 0x0000
[1122] [M]: 0x00000000800006D4 (0x00000013) addi x0, x0, 0x0                        main+724

mem[X,0x00000000800006D8] -> 0x0013
mem[X,0x00000000800006DA] -> 0x0000
[1123] [M]: 0x00000000800006D8 (0x00000013) addi x0, x0, 0x0                        main+728

clint mtime 0x0000000000000232 (mip.MTI <- 0b1, mip.STI <- 0b0)
mem[X,0x00000000800006DC] -> 0x0013
mem[X,0x00000000800006DE] -> 0x0000
[1124] [M]: 0x00000000800006DC (0x00000013) addi x0, x0, 0x0                        main+732

mem[X,0x00000000800006E0] -> 0xA000
[1125] [M]: 0x00000000800006E0 (0xA000) c.fsd f8, 0x0(x8)                           main+736
trapping from M to M to handle store/amo-access-fault
handling exc#store/amo-access-fault at priv M with tval 0x0000000080002000
CSR mstatus (0x300) <- 0x8000000A00007800
CSR mcause (0x342) <- 0x0000000000000007
CSR mtval (0x343) <- 0x0000000080002000
CSR mepc (0x341) <- 0x00000000800006E0

clint mtime 0x0000000000000233 (mip.MTI <- 0b1, mip.STI <- 0b0)
mem[X,0x0000000080002100] -> 0x006F
mem[X,0x0000000080002102] -> 0x1000
[1126] [M]: 0x0000000080002100 (0x1000006F) jal x0, 0x100                           Mtrampoline+0

mem[X,0x0000000080002200] -> 0x1173
mem[X,0x0000000080002202] -> 0x3401
[1127] [M]: 0x0000000080002200 (0x34011173) csrrw x2, mscratch, x2                  trap_Mhandler+0
CSR mscratch (0x340) <- 0x0000000080002000
x2 <- 0x0000000080005000

clint mtime 0x0000000000000234 (mip.MTI <- 0b1, mip.STI <- 0b0)
mem[X,0x0000000080002204] -> 0x3423
mem[X,0x0000000080002206] -> 0x28B1
[1128] [M]: 0x0000000080002204 (0x28B13423) sd x11, 0x288(x2)                       trap_Mhandler+4
mem[W,0x0000000080005288] <- 0x0000000000000000

mem[X,0x0000000080002208] -> 0x05EF
mem[X,0x000000008000220A] -> 0x0B80
[1129] [M]: 0x0000000080002208 (0x0B8005EF) jal x11, 0xb8                           trap_Mhandler+8
x11 <- 0x000000008000220C

clint mtime 0x0000000000000235 (mip.MTI <- 0b1, mip.STI <- 0b0)
mem[X,0x00000000800022C0] -> 0x3023
mem[X,0x00000000800022C2] -> 0x28A1
[1130] [M]: 0x00000000800022C0 (0x28A13023) sd x10, 0x280(x2)                       common_Mhandler+0
mem[W,0x0000000080005280] <- 0x0000000000002000

mem[X,0x00000000800022C4] -> 0x1573
mem[X,0x00000000800022C6] -> 0x3401
[1131] [M]: 0x00000000800022C4 (0x34011573) csrrw x10, mscratch, x2                 common_Mhandler+4
CSR mscratch (0x340) <- 0x0000000080005000
x10 <- 0x0000000080002000

clint mtime 0x0000000000000236 (mip.MTI <- 0b1, mip.STI <- 0b0)
mem[X,0x00000000800022C8] -> 0x3823
mem[X,0x00000000800022CA] -> 0x28A1
[1132] [M]: 0x00000000800022C8 (0x28A13823) sd x10, 0x290(x2)                       common_Mhandler+8
mem[W,0x0000000080005290] <- 0x0000000080002000

mem[X,0x00000000800022CC] -> 0x3503
mem[X,0x00000000800022CE] -> 0x2301
[1133] [M]: 0x00000000800022CC (0x23013503) ld x10, 0x230(x2)                       common_Mhandler+12
mem[R,0x0000000080005230] -> 0x00000000800022D4
x10 <- 0x00000000800022D4

clint mtime 0x0000000000000237 (mip.MTI <- 0b1, mip.STI <- 0b0)
mem[X,0x00000000800022D0] -> 0x0067
mem[X,0x00000000800022D2] -> 0x0005
[1134] [M]: 0x00000000800022D0 (0x00050067) jalr x0, 0x0(x10)                       common_Mhandler+16

mem[X,0x00000000800022D4] -> 0x3C23
mem[X,0x00000000800022D6] -> 0x2691
[1135] [M]: 0x00000000800022D4 (0x26913C23) sd x9, 0x278(x2)                        common_Mentry+0
mem[W,0x0000000080005278] <- 0x00000000000000FE

clint mtime 0x0000000000000238 (mip.MTI <- 0b1, mip.STI <- 0b0)
mem[X,0x00000000800022D8] -> 0x3823
mem[X,0x00000000800022DA] -> 0x2681
[1136] [M]: 0x00000000800022D8 (0x26813823) sd x8, 0x270(x2)                        common_Mentry+4
mem[W,0x0000000080005270] <- 0x0000000080002000

mem[X,0x00000000800022DC] -> 0x3423
mem[X,0x00000000800022DE] -> 0x2671
[1137] [M]: 0x00000000800022DC (0x26713423) sd x7, 0x268(x2)                        common_Mentry+8
mem[W,0x0000000080005268] <- 0x00000000003FBB6F

clint mtime 0x0000000000000239 (mip.MTI <- 0b1, mip.STI <- 0b0)
mem[X,0x00000000800022E0] -> 0x3023
mem[X,0x00000000800022E2] -> 0x2661
[1138] [M]: 0x00000000800022E0 (0x26613023) sd x6, 0x260(x2)                        common_Mentry+12
mem[W,0x0000000080005260] <- 0x000000001FDDB7D5

mem[X,0x00000000800022E4] -> 0x2573
mem[X,0x00000000800022E6] -> 0x3420
[1139] [M]: 0x00000000800022E4 (0x34202573) csrrs x10, mcause, x0                   spcl_M2mmode_test+0
CSR mcause (0x342) -> 0x0000000000000007
x10 <- 0x0000000000000007

clint mtime 0x000000000000023A (mip.MTI <- 0b1, mip.STI <- 0b0)
mem[X,0x00000000800022E8] -> 0x04B7
mem[X,0x00000000800022EA] -> 0x8000
[1140] [M]: 0x00000000800022E8 (0x800004B7) lui x9, -0x80000                        spcl_M2mmode_test+4
x9 <- 0xFFFFFFFF80000000

mem[X,0x00000000800022EC] -> 0x8493
mem[X,0x00000000800022EE] -> 0x0004
[1141] [M]: 0x00000000800022EC (0x00048493) addi x9, x9, 0x0                        spcl_M2mmode_test+8
x9 <- 0xFFFFFFFF80000000

clint mtime 0x000000000000023B (mip.MTI <- 0b1, mip.STI <- 0b0)
mem[X,0x00000000800022F0] -> 0x9493
mem[X,0x00000000800022F2] -> 0x00B4
[1142] [M]: 0x00000000800022F0 (0x00B49493) slli x9, x9, 0xb                        spcl_M2mmode_test+12
x9 <- 0xFFFFFC0000000000

mem[X,0x00000000800022F4] -> 0x8493
mem[X,0x00000000800022F6] -> 0x0004
[1143] [M]: 0x00000000800022F4 (0x00048493) addi x9, x9, 0x0                        spcl_M2mmode_test+16
x9 <- 0xFFFFFC0000000000

clint mtime 0x000000000000023C (mip.MTI <- 0b1, mip.STI <- 0b0)
mem[X,0x00000000800022F8] -> 0x9493
mem[X,0x00000000800022FA] -> 0x00B4
[1144] [M]: 0x00000000800022F8 (0x00B49493) slli x9, x9, 0xb                        spcl_M2mmode_test+20
x9 <- 0xFFE0000000000000

mem[X,0x00000000800022FC] -> 0x8493
mem[X,0x00000000800022FE] -> 0x0034
[1145] [M]: 0x00000000800022FC (0x00348493) addi x9, x9, 0x3                        spcl_M2mmode_test+24
x9 <- 0xFFE0000000000003

clint mtime 0x000000000000023D (mip.MTI <- 0b1, mip.STI <- 0b0)
mem[X,0x0000000080002300] -> 0x9493
mem[X,0x0000000080002302] -> 0x00A4
[1146] [M]: 0x0000000080002300 (0x00A49493) slli x9, x9, 0xa                        spcl_M2mmode_test+28
x9 <- 0x8000000000000C00

mem[X,0x0000000080002304] -> 0x8493
mem[X,0x0000000080002306] -> 0x3FC4
[1147] [M]: 0x0000000080002304 (0x3FC48493) addi x9, x9, 0x3fc                      spcl_M2mmode_test+32
x9 <- 0x8000000000000FFC

clint mtime 0x000000000000023E (mip.MTI <- 0b1, mip.STI <- 0b0)
mem[X,0x0000000080002308] -> 0xF4B3
mem[X,0x000000008000230A] -> 0x00A4
[1148] [M]: 0x0000000080002308 (0x00A4F4B3) and x9, x9, x10                         spcl_M2mmode_test+36
x9 <- 0x0000000000000004

mem[X,0x000000008000230C] -> 0x8493
mem[X,0x000000008000230E] -> 0xFF84
[1149] [M]: 0x000000008000230C (0xFF848493) addi x9, x9, -0x8                       spcl_M2mmode_test+40
x9 <- 0xFFFFFFFFFFFFFFFC

clint mtime 0x000000000000023F (mip.MTI <- 0b1, mip.STI <- 0b0)
mem[X,0x0000000080002310] -> 0x9663
mem[X,0x0000000080002312] -> 0x0004
[1150] [M]: 0x0000000080002310 (0x00049663) bne x9, x0, 0xc                         spcl_M2mmode_test+44

mem[X,0x000000008000231C] -> 0x0393
mem[X,0x000000008000231E] -> 0x0200
[1151] [M]: 0x000000008000231C (0x02000393) addi x7, x0, 0x20                       Mtrapsig_ptr_upd+0
x7 <- 0x0000000000000020

clint mtime 0x0000000000000240 (mip.MTI <- 0b1, mip.STI <- 0b0)
mem[X,0x0000000080002320] -> 0x5263
mem[X,0x0000000080002322] -> 0x0405
[1152] [M]: 0x0000000080002320 (0x04055263) bge x10, x0, 0x44                       Mtrapsig_ptr_upd+4

mem[X,0x0000000080002364] -> 0x2373
mem[X,0x0000000080002366] -> 0x3010
[1153] [M]: 0x0000000080002364 (0x30102373) csrrs x6, misa, x0                      Mxcpt_sig_sv+0
CSR misa (0x301) -> 0x800000000034112F
x6 <- 0x800000000034112F

clint mtime 0x0000000000000241 (mip.MTI <- 0b1, mip.STI <- 0b0)
mem[X,0x0000000080002368] -> 0x1313
mem[X,0x000000008000236A] -> 0x0383
[1154] [M]: 0x0000000080002368 (0x03831313) slli x6, x6, 0x38                       Mxcpt_sig_sv+4
x6 <- 0x2F00000000000000

mem[X,0x000000008000236C] -> 0x5463
mem[X,0x000000008000236E] -> 0x0003
[1155] [M]: 0x000000008000236C (0x00035463) bge x6, x0, 0x8                         Mxcpt_sig_sv+8

clint mtime 0x0000000000000242 (mip.MTI <- 0b1, mip.STI <- 0b0)
mem[X,0x0000000080002374] -> 0x3303
mem[X,0x0000000080002376] -> 0x2181
[1156] [M]: 0x0000000080002374 (0x21813303) ld x6, 0x218(x2)                        Mtrap_sig_sv+0
mem[R,0x0000000080005218] -> 0x00000000800063E0
x6 <- 0x00000000800063E0

mem[X,0x0000000080002378] -> 0x04B3
mem[X,0x000000008000237A] -> 0x0073
[1157] [M]: 0x0000000080002378 (0x007304B3) add x9, x6, x7                          Mtrap_sig_sv+4
x9 <- 0x0000000080006400

clint mtime 0x0000000000000243 (mip.MTI <- 0b1, mip.STI <- 0b0)
mem[X,0x000000008000237C] -> 0x3C23
mem[X,0x000000008000237E] -> 0x2091
[1158] [M]: 0x000000008000237C (0x20913C23) sd x9, 0x218(x2)                        Mtrap_sig_sv+8
mem[W,0x0000000080005218] <- 0x0000000080006400

mem[X,0x0000000080002380] -> 0x3403
mem[X,0x0000000080002382] -> 0x1F81
[1159] [M]: 0x0000000080002380 (0x1F813403) ld x8, 0x1f8(x2)                        Mtrap_sig_sv+12
mem[R,0x00000000800051F8] -> 0x0000000080006210
x8 <- 0x0000000080006210

clint mtime 0x0000000000000244 (mip.MTI <- 0b1, mip.STI <- 0b0)
mem[X,0x0000000080002384] -> 0x0333
mem[X,0x0000000080002386] -> 0x4083
[1160] [M]: 0x0000000080002384 (0x40830333) sub x6, x6, x8                          Mtrap_sig_sv+16
x6 <- 0x00000000000001D0

mem[X,0x0000000080002388] -> 0x3403
mem[X,0x000000008000238A] -> 0x1F81
[1161] [M]: 0x0000000080002388 (0x1F813403) ld x8, 0x1f8(x2)                        Mtrap_sig_sv+20
mem[R,0x00000000800051F8] -> 0x0000000080006210
x8 <- 0x0000000080006210

clint mtime 0x0000000000000245 (mip.MTI <- 0b1, mip.STI <- 0b0)
mem[X,0x000000008000238C] -> 0x0333
mem[X,0x000000008000238E] -> 0x0083
[1162] [M]: 0x000000008000238C (0x00830333) add x6, x6, x8                          Mtrap_sig_sv+24
x6 <- 0x00000000800063E0

mem[X,0x0000000080002390] -> 0x3403
mem[X,0x0000000080002392] -> 0x2401
[1163] [M]: 0x0000000080002390 (0x24013403) ld x8, 0x240(x2)                        Mtrap_sig_sv+28
mem[R,0x0000000080005240] -> 0x0000000080002100
x8 <- 0x0000000080002100

clint mtime 0x0000000000000246 (mip.MTI <- 0b1, mip.STI <- 0b0)
mem[X,0x0000000080002394] -> 0x85B3
mem[X,0x0000000080002396] -> 0x4085
[1164] [M]: 0x0000000080002394 (0x408585B3) sub x11, x11, x8                        sv_Mvect+0
x11 <- 0x000000000000010C

mem[X,0x0000000080002398] -> 0x9593
mem[X,0x000000008000239A] -> 0x0045
[1165] [M]: 0x0000000080002398 (0x00459593) slli x11, x11, 0x4                      sv_Mvect+4
x11 <- 0x00000000000010C0

clint mtime 0x0000000000000247 (mip.MTI <- 0b1, mip.STI <- 0b0)
mem[X,0x000000008000239C] -> 0xE5B3
mem[X,0x000000008000239E] -> 0x0075
[1166] [M]: 0x000000008000239C (0x0075E5B3) or x11, x11, x7                         sv_Mvect+8
x11 <- 0x00000000000010E0

mem[X,0x00000000800023A0] -> 0x8593
mem[X,0x00000000800023A2] -> 0x0035
[1167] [M]: 0x00000000800023A0 (0x00358593) addi x11, x11, 0x3                      sv_Mvect+12
x11 <- 0x00000000000010E3

clint mtime 0x0000000000000248 (mip.MTI <- 0b1, mip.STI <- 0b0)
mem[X,0x00000000800023A4] -> 0x3023
mem[X,0x00000000800023A6] -> 0x00B3
[1168] [M]: 0x00000000800023A4 (0x00B33023) sd x11, 0x0(x6)                         sv_Mvect+16
mem[W,0x00000000800063E0] <- 0x00000000000010E3

mem[X,0x00000000800023A8] -> 0x3423
mem[X,0x00000000800023AA] -> 0x00A3
[1169] [M]: 0x00000000800023A8 (0x00A33423) sd x10, 0x8(x6)                         sv_Mcause+0
mem[W,0x00000000800063E8] <- 0x0000000000000007

clint mtime 0x0000000000000249 (mip.MTI <- 0b1, mip.STI <- 0b0)
mem[X,0x00000000800023AC] -> 0x4263
mem[X,0x00000000800023AE] -> 0x1A05
[1170] [M]: 0x00000000800023AC (0x1A054263) blt x10, x0, 0x1a4                      sv_Mcause+4

mem[X,0x00000000800023B0] -> 0x25F3
mem[X,0x00000000800023B2] -> 0x3000
[1171] [M]: 0x00000000800023B0 (0x300025F3) csrrs x11, mstatus, x0                  common_Mexcpt_handler+0
CSR mstatus (0x300) -> 0x8000000A00007800
x11 <- 0x8000000A00007800

clint mtime 0x000000000000024A (mip.MTI <- 0b1, mip.STI <- 0b0)
mem[X,0x00000000800023B4] -> 0x9413
mem[X,0x00000000800023B6] -> 0x02E5
[1172] [M]: 0x00000000800023B4 (0x02E59413) slli x8, x11, 0x2e                      common_Mexcpt_handler+4
x8 <- 0x1E00000000000000

mem[X,0x00000000800023B8] -> 0x5463
mem[X,0x00000000800023BA] -> 0x0004
[1173] [M]: 0x00000000800023B8 (0x00045463) bge x8, x0, 0x8                         common_Mexcpt_handler+8

clint mtime 0x000000000000024B (mip.MTI <- 0b1, mip.STI <- 0b0)
mem[X,0x00000000800023C0] -> 0xD493
mem[X,0x00000000800023C2] -> 0x00B5
[1174] [M]: 0x00000000800023C0 (0x00B5D493) srli x9, x11, 0xb                       common_Mexcpt_handler+16
x9 <- 0x001000000140000F

mem[X,0x00000000800023C4] -> 0xF493
mem[X,0x00000000800023C6] -> 0x0034
[1175] [M]: 0x00000000800023C4 (0x0034F493) andi x9, x9, 0x3                        common_Mexcpt_handler+20
x9 <- 0x0000000000000003

clint mtime 0x000000000000024C (mip.MTI <- 0b1, mip.STI <- 0b0)
mem[X,0x00000000800023C8] -> 0x8493
mem[X,0x00000000800023CA] -> 0x0014
[1176] [M]: 0x00000000800023C8 (0x00148493) addi x9, x9, 0x1                        common_Mexcpt_handler+24
x9 <- 0x0000000000000004

mem[X,0x00000000800023CC] -> 0xF493
mem[X,0x00000000800023CE] -> 0x0044
[1177] [M]: 0x00000000800023CC (0x0044F493) andi x9, x9, 0x4                        common_Mexcpt_handler+28
x9 <- 0x0000000000000004

clint mtime 0x000000000000024D (mip.MTI <- 0b1, mip.STI <- 0b0)
mem[X,0x00000000800023D0] -> 0x0593
mem[X,0x00000000800023D2] -> 0x05D0
[1178] [M]: 0x00000000800023D0 (0x05D00593) addi x11, x0, 0x5d                      common_Mexcpt_handler+32
x11 <- 0x000000000000005D

mem[X,0x00000000800023D4] -> 0xD5B3
mem[X,0x00000000800023D6] -> 0x0095
[1179] [M]: 0x00000000800023D4 (0x0095D5B3) srl x11, x11, x9                        common_Mexcpt_handler+36
x11 <- 0x0000000000000005

clint mtime 0x000000000000024E (mip.MTI <- 0b1, mip.STI <- 0b0)
mem[X,0x00000000800023D8] -> 0xF593
mem[X,0x00000000800023DA] -> 0x0015
[1180] [M]: 0x00000000800023D8 (0x0015F593) andi x11, x11, 0x1                      common_Mexcpt_handler+40
x11 <- 0x0000000000000001

mem[X,0x00000000800023DC] -> 0x8EE3
mem[X,0x00000000800023DE] -> 0xF405
[1181] [M]: 0x00000000800023DC (0xF4058EE3) beq x11, x0, -0xa4                      common_Mexcpt_handler+44

clint mtime 0x000000000000024F (mip.MTI <- 0b1, mip.STI <- 0b0)
mem[X,0x00000000800023E0] -> 0x0593
mem[X,0x00000000800023E2] -> 0x2980
[1182] [M]: 0x00000000800023E0 (0x29800593) addi x11, x0, 0x298                     common_Mexcpt_handler+48
x11 <- 0x0000000000000298

mem[X,0x00000000800023E4] -> 0xF413
mem[X,0x00000000800023E6] -> 0x0014
[1183] [M]: 0x00000000800023E4 (0x0014F413) andi x8, x9, 0x1                        common_Mexcpt_handler+52
x8 <- 0x0000000000000000

clint mtime 0x0000000000000250 (mip.MTI <- 0b1, mip.STI <- 0b0)
mem[X,0x00000000800023E8] -> 0x95B3
mem[X,0x00000000800023EA] -> 0x0085
[1184] [M]: 0x00000000800023E8 (0x008595B3) sll x11, x11, x8                        common_Mexcpt_handler+56
x11 <- 0x0000000000000298

mem[X,0x00000000800023EC] -> 0x9413
mem[X,0x00000000800023EE] -> 0x03D4
[1185] [M]: 0x00000000800023EC (0x03D49413) slli x8, x9, 0x3d                       common_Mexcpt_handler+60
x8 <- 0x8000000000000000

clint mtime 0x0000000000000251 (mip.MTI <- 0b1, mip.STI <- 0b0)
mem[X,0x00000000800023F0] -> 0x5413
mem[X,0x00000000800023F2] -> 0x43F4
[1186] [M]: 0x00000000800023F0 (0x43F45413) srai x8, x8, 0x3f                       common_Mexcpt_handler+64
x8 <- 0xFFFFFFFFFFFFFFFF

mem[X,0x00000000800023F4] -> 0x4413
mem[X,0x00000000800023F6] -> 0xFFF4
[1187] [M]: 0x00000000800023F4 (0xFFF44413) xori x8, x8, -0x1                       common_Mexcpt_handler+68
x8 <- 0x0000000000000000

clint mtime 0x0000000000000252 (mip.MTI <- 0b1, mip.STI <- 0b0)
mem[X,0x00000000800023F8] -> 0xF4B3
mem[X,0x00000000800023FA] -> 0x0085
[1188] [M]: 0x00000000800023F8 (0x0085F4B3) and x9, x11, x8                         common_Mexcpt_handler+72
x9 <- 0x0000000000000000

mem[X,0x00000000800023FC] -> 0x84B3
mem[X,0x00000000800023FE] -> 0x0024
[1189] [M]: 0x00000000800023FC (0x002484B3) add x9, x9, x2                          vmem_adj_Mepc+0
x9 <- 0x0000000080005000

clint mtime 0x0000000000000253 (mip.MTI <- 0b1, mip.STI <- 0b0)
mem[X,0x0000000080002400] -> 0x23F3
mem[X,0x0000000080002402] -> 0x3410
[1190] [M]: 0x0000000080002400 (0x341023F3) csrrs x7, mepc, x0                      vmem_adj_Mepc+4
CSR mepc (0x341) -> 0x00000000800006E0
x7 <- 0x00000000800006E0

mem[X,0x0000000080002404] -> 0x0413
mem[X,0x0000000080002406] -> 0x0004
[1191] [M]: 0x0000000080002404 (0x00040413) addi x8, x8, 0x0                        vmem_adj_Mepc+8
x8 <- 0x0000000000000000

clint mtime 0x0000000000000254 (mip.MTI <- 0b1, mip.STI <- 0b0)
mem[X,0x0000000080002408] -> 0x006F
mem[X,0x000000008000240A] -> 0x0400
[1192] [M]: 0x0000000080002408 (0x0400006F) jal x0, 0x40                            vmem_adj_Mepc+12

mem[X,0x0000000080002448] -> 0x8433
mem[X,0x000000008000244A] -> 0x4083
[1193] [M]: 0x0000000080002448 (0x40838433) sub x8, x7, x8                          adj_Mepc+0
x8 <- 0x00000000800006E0

clint mtime 0x0000000000000255 (mip.MTI <- 0b1, mip.STI <- 0b0)
mem[X,0x000000008000244C] -> 0x3823
mem[X,0x000000008000244E] -> 0x0083
[1194] [M]: 0x000000008000244C (0x00833823) sd x8, 0x10(x6)                         sv_Mepc+0
mem[W,0x00000000800063F0] <- 0x00000000800006E0

mem[X,0x0000000080002450] -> 0x55B7
mem[X,0x0000000080002452] -> 0x0000
[1195] [M]: 0x0000000080002450 (0x000055B7) lui x11, 0x5                            sv_Mepc+4
x11 <- 0x0000000000005000

clint mtime 0x0000000000000256 (mip.MTI <- 0b1, mip.STI <- 0b0)
mem[X,0x0000000080002454] -> 0x8593
mem[X,0x0000000080002456] -> 0x6675
[1196] [M]: 0x0000000080002454 (0x66758593) addi x11, x11, 0x667                    sv_Mepc+8
x11 <- 0x0000000000005667

mem[X,0x0000000080002458] -> 0x9593
mem[X,0x000000008000245A] -> 0x0015
[1197] [M]: 0x0000000080002458 (0x00159593) slli x11, x11, 0x1                      sv_Mepc+12
x11 <- 0x000000000000ACCE

clint mtime 0x0000000000000257 (mip.MTI <- 0b1, mip.STI <- 0b0)
mem[X,0x000000008000245C] -> 0x9063
mem[X,0x000000008000245E] -> 0x02B1
[1198] [M]: 0x000000008000245C (0x02B19063) bne x3, x11, 0x20                       sv_Mepc+16

mem[X,0x000000008000247C] -> 0xF593
mem[X,0x000000008000247E] -> 0xFFC3
[1199] [M]: 0x000000008000247C (0xFFC3F593) andi x11, x7, -0x4                      adj_Mepc_rtn+0
x11 <- 0x00000000800006E0

clint mtime 0x0000000000000258 (mip.MTI <- 0b1, mip.STI <- 0b0)
mem[X,0x0000000080002480] -> 0x8593
mem[X,0x0000000080002482] -> 0x0085
[1200] [M]: 0x0000000080002480 (0x00858593) addi x11, x11, 0x8                      adj_Mepc_rtn+4
x11 <- 0x00000000800006E8

mem[X,0x0000000080002484] -> 0x9073
mem[X,0x0000000080002486] -> 0x3415
[1201] [M]: 0x0000000080002484 (0x34159073) csrrw x0, mepc, x11                     adj_Mepc_rtn+8
CSR mepc (0x341) <- 0x00000000800006E8

clint mtime 0x0000000000000259 (mip.MTI <- 0b1, mip.STI <- 0b0)
mem[X,0x0000000080002488] -> 0x23F3
mem[X,0x000000008000248A] -> 0x3430
[1202] [M]: 0x0000000080002488 (0x343023F3) csrrs x7, mtval, x0                     skp_adj_Mepc+0
CSR mtval (0x343) -> 0x0000000080002000
x7 <- 0x0000000080002000

mem[X,0x000000008000248C] -> 0x7513
mem[X,0x000000008000248E] -> 0x00F5
[1203] [M]: 0x000000008000248C (0x00F57513) andi x10, x10, 0xf                      chk_Mtval+0
x10 <- 0x0000000000000007

clint mtime 0x000000000000025A (mip.MTI <- 0b1, mip.STI <- 0b0)
mem[X,0x0000000080002490] -> 0x0437
mem[X,0x0000000080002492] -> 0x0000
[1204] [M]: 0x0000000080002490 (0x00000437) lui x8, 0x0                             chk_Mtval+4
x8 <- 0x0000000000000000

mem[X,0x0000000080002494] -> 0x0413
mem[X,0x0000000080002496] -> 0x0004
[1205] [M]: 0x0000000080002494 (0x00040413) addi x8, x8, 0x0                        chk_Mtval+8
x8 <- 0x0000000000000000

clint mtime 0x000000000000025B (mip.MTI <- 0b1, mip.STI <- 0b0)
mem[X,0x0000000080002498] -> 0x1413
mem[X,0x000000008000249A] -> 0x00B4
[1206] [M]: 0x0000000080002498 (0x00B41413) slli x8, x8, 0xb                        chk_Mtval+12
x8 <- 0x0000000000000000

mem[X,0x000000008000249C] -> 0x0413
mem[X,0x000000008000249E] -> 0x0004
[1207] [M]: 0x000000008000249C (0x00040413) addi x8, x8, 0x0                        chk_Mtval+16
x8 <- 0x0000000000000000

clint mtime 0x000000000000025C (mip.MTI <- 0b1, mip.STI <- 0b0)
mem[X,0x00000000800024A0] -> 0x1413
mem[X,0x00000000800024A2] -> 0x00B4
[1208] [M]: 0x00000000800024A0 (0x00B41413) slli x8, x8, 0xb                        chk_Mtval+20
x8 <- 0x0000000000000000

mem[X,0x00000000800024A4] -> 0x0413
mem[X,0x00000000800024A6] -> 0x02C4
[1209] [M]: 0x00000000800024A4 (0x02C40413) addi x8, x8, 0x2c                       chk_Mtval+24
x8 <- 0x000000000000002C

clint mtime 0x000000000000025D (mip.MTI <- 0b1, mip.STI <- 0b0)
mem[X,0x00000000800024A8] -> 0x1413
mem[X,0x00000000800024AA] -> 0x00A4
[1210] [M]: 0x00000000800024A8 (0x00A41413) slli x8, x8, 0xa                        chk_Mtval+28
x8 <- 0x000000000000B000

mem[X,0x00000000800024AC] -> 0x0413
mem[X,0x00000000800024AE] -> 0x0FB4
[1211] [M]: 0x00000000800024AC (0x0FB40413) addi x8, x8, 0xfb                       chk_Mtval+32
x8 <- 0x000000000000B0FB

clint mtime 0x000000000000025E (mip.MTI <- 0b1, mip.STI <- 0b0)
mem[X,0x00000000800024B0] -> 0x5433
mem[X,0x00000000800024B2] -> 0x00A4
[1212] [M]: 0x00000000800024B0 (0x00A45433) srl x8, x8, x10                         chk_Mtval+36
x8 <- 0x0000000000000161

mem[X,0x00000000800024B4] -> 0x1413
mem[X,0x00000000800024B6] -> 0x03F4
[1213] [M]: 0x00000000800024B4 (0x03F41413) slli x8, x8, 0x3f                       chk_Mtval+40
x8 <- 0x8000000000000000

clint mtime 0x000000000000025F (mip.MTI <- 0b1, mip.STI <- 0b0)
mem[X,0x00000000800024B8] -> 0x5C63
mem[X,0x00000000800024BA] -> 0x0404
[1214] [M]: 0x00000000800024B8 (0x04045C63) bge x8, x0, 0x58                        chk_Mtval+44

mem[X,0x00000000800024BC] -> 0xB403
mem[X,0x00000000800024BE] -> 0x2084
[1215] [M]: 0x00000000800024BC (0x2084B403) ld x8, 0x208(x9)                        vmem_adj_Mtval+0
mem[R,0x0000000080005208] -> 0x00000000800003B4
x8 <- 0x00000000800003B4

clint mtime 0x0000000000000260 (mip.MTI <- 0b1, mip.STI <- 0b0)
mem[X,0x00000000800024C0] -> 0xB583
mem[X,0x00000000800024C2] -> 0x2104
[1216] [M]: 0x00000000800024C0 (0x2104B583) ld x11, 0x210(x9)                       vmem_adj_Mtval+4
mem[R,0x0000000080005210] -> 0x0000000000001C5A
x11 <- 0x0000000000001C5A

mem[X,0x00000000800024C4] -> 0x85B3
mem[X,0x00000000800024C6] -> 0x0085
[1217] [M]: 0x00000000800024C4 (0x008585B3) add x11, x11, x8                        vmem_adj_Mtval+8
x11 <- 0x000000008000200E

clint mtime 0x0000000000000261 (mip.MTI <- 0b1, mip.STI <- 0b0)
mem[X,0x00000000800024C8] -> 0xF463
mem[X,0x00000000800024CA] -> 0x00B3
[1218] [M]: 0x00000000800024C8 (0x00B3F463) bgeu x7, x11, 0x8                       vmem_adj_Mtval+12

mem[X,0x00000000800024CC] -> 0xF063
mem[X,0x00000000800024CE] -> 0x0483
[1219] [M]: 0x00000000800024CC (0x0483F063) bgeu x7, x8, 0x40                       vmem_adj_Mtval+16

clint mtime 0x0000000000000262 (mip.MTI <- 0b1, mip.STI <- 0b0)
mem[X,0x000000008000250C] -> 0x8433
mem[X,0x000000008000250E] -> 0x4083
[1220] [M]: 0x000000008000250C (0x40838433) sub x8, x7, x8                          adj_Mtval+0
x8 <- 0x0000000000001C4C

mem[X,0x0000000080002510] -> 0x3C23
mem[X,0x0000000080002512] -> 0x0083
[1221] [M]: 0x0000000080002510 (0x00833C23) sd x8, 0x18(x6)                         sv_Mtval+0
mem[W,0x00000000800063F8] <- 0x0000000000001C4C

clint mtime 0x0000000000000263 (mip.MTI <- 0b1, mip.STI <- 0b0)
mem[X,0x0000000080002514] -> 0x3483
mem[X,0x0000000080002516] -> 0x2181
[1222] [M]: 0x0000000080002514 (0x21813483) ld x9, 0x218(x2)                        skp_Mtval+0
mem[R,0x0000000080005218] -> 0x0000000080006400
x9 <- 0x0000000080006400

mem[X,0x0000000080002518] -> 0x3383
mem[X,0x000000008000251A] -> 0x1F81
[1223] [M]: 0x0000000080002518 (0x1F813383) ld x7, 0x1f8(x2)                        skp_Mtval+4
mem[R,0x00000000800051F8] -> 0x0000000080006210
x7 <- 0x0000000080006210

clint mtime 0x0000000000000264 (mip.MTI <- 0b1, mip.STI <- 0b0)
mem[X,0x000000008000251C] -> 0x3303
mem[X,0x000000008000251E] -> 0x2001
[1224] [M]: 0x000000008000251C (0x20013303) ld x6, 0x200(x2)                        skp_Mtval+8
mem[R,0x0000000080005200] -> 0x0000000000000920
x6 <- 0x0000000000000920

mem[X,0x0000000080002520] -> 0x0333
mem[X,0x0000000080002522] -> 0x0073
[1225] [M]: 0x0000000080002520 (0x00730333) add x6, x6, x7                          skp_Mtval+12
x6 <- 0x0000000080006B30

clint mtime 0x0000000000000265 (mip.MTI <- 0b1, mip.STI <- 0b0)
mem[X,0x0000000080002524] -> 0x69E3
mem[X,0x0000000080002526] -> 0xAE93
[1226] [M]: 0x0000000080002524 (0xAE9369E3) bltu x6, x9, -0x50e                     skp_Mtval+16

mem[X,0x0000000080002528] -> 0x0393
mem[X,0x000000008000252A] -> 0x2000
[1227] [M]: 0x0000000080002528 (0x20000393) addi x7, x0, 0x200                      skp_Mtval+20
x7 <- 0x0000000000000200

clint mtime 0x0000000000000266 (mip.MTI <- 0b1, mip.STI <- 0b0)
mem[X,0x000000008000252C] -> 0x006F
mem[X,0x000000008000252E] -> 0x0400
[1228] [M]: 0x000000008000252C (0x0400006F) jal x0, 0x40                            skp_Mtval+24

mem[X,0x000000008000256C] -> 0x0417
mem[X,0x000000008000256E] -> 0x0000
[1229] [M]: 0x000000008000256C (0x00000417) auipc x8, 0x0                           spcl_Mhandler+0
x8 <- 0x000000008000256C

clint mtime 0x0000000000000267 (mip.MTI <- 0b1, mip.STI <- 0b0)
mem[X,0x0000000080002570] -> 0x0413
mem[X,0x0000000080002572] -> 0x03C4
[1230] [M]: 0x0000000080002570 (0x03C40413) addi x8, x8, 0x3c                       spcl_Mhandler+4
x8 <- 0x00000000800025A8

mem[X,0x0000000080002574] -> 0x0433
mem[X,0x0000000080002576] -> 0x0074
[1231] [M]: 0x0000000080002574 (0x00740433) add x8, x8, x7                          spcl_Mhandler+8
x8 <- 0x00000000800027A8

clint mtime 0x0000000000000268 (mip.MTI <- 0b1, mip.STI <- 0b0)
mem[X,0x0000000080002578] -> 0x1393
mem[X,0x000000008000257A] -> 0x0035
[1232] [M]: 0x0000000080002578 (0x00351393) slli x7, x10, 0x3                       spcl_Mhandler+12
x7 <- 0x0000000000000038

mem[X,0x000000008000257C] -> 0x0433
mem[X,0x000000008000257E] -> 0x0074
[1233] [M]: 0x000000008000257C (0x00740433) add x8, x8, x7                          spcl_Mhandler+16
x8 <- 0x00000000800027E0

clint mtime 0x0000000000000269 (mip.MTI <- 0b1, mip.STI <- 0b0)
mem[X,0x0000000080002580] -> 0x7413
mem[X,0x0000000080002582] -> 0xFF84
[1234] [M]: 0x0000000080002580 (0xFF847413) andi x8, x8, -0x8                       spcl_Mhandler+20
x8 <- 0x00000000800027E0

mem[X,0x0000000080002584] -> 0x3403
mem[X,0x0000000080002586] -> 0x0004
[1235] [M]: 0x0000000080002584 (0x00043403) ld x8, 0x0(x8)                          spcl_Mhandler+24
mem[R,0x00000000800027E0] -> 0x000000000000000F
x8 <- 0x000000000000000F

clint mtime 0x000000000000026A (mip.MTI <- 0b1, mip.STI <- 0b0)
mem[X,0x0000000080002588] -> 0x01E3
mem[X,0x000000008000258A] -> 0xB204
[1236] [M]: 0x0000000080002588 (0xB20401E3) beq x8, x0, -0x4de                      spcl_Mdispatch_hndling+0

mem[X,0x000000008000258C] -> 0x1393
mem[X,0x000000008000258E] -> 0x03F4
[1237] [M]: 0x000000008000258C (0x03F41393) slli x7, x8, 0x3f                       spcl_Mdispatch_hndling+4
x7 <- 0x8000000000000000

clint mtime 0x000000000000026B (mip.MTI <- 0b1, mip.STI <- 0b0)
mem[X,0x0000000080002590] -> 0xD863
mem[X,0x0000000080002592] -> 0x0003
[1238] [M]: 0x0000000080002590 (0x0003D863) bge x7, x0, 0x10                        spcl_Mdispatch_hndling+8

mem[X,0x0000000080002594] -> 0x5413
mem[X,0x0000000080002596] -> 0x0014
[1239] [M]: 0x0000000080002594 (0x00145413) srli x8, x8, 0x1                        spcl_Mdispatch_hndling+12
x8 <- 0x0000000000000007

clint mtime 0x000000000000026C (mip.MTI <- 0b1, mip.STI <- 0b0)
mem[X,0x0000000080002598] -> 0x0CE3
mem[X,0x000000008000259A] -> 0xF885
[1240] [M]: 0x0000000080002598 (0xF8850CE3) beq x10, x8, -0x68                      spcl_Mdispatch_hndling+16

mem[X,0x0000000080002530] -> 0x3303
mem[X,0x0000000080002532] -> 0x2601
[1241] [M]: 0x0000000080002530 (0x26013303) ld x6, 0x260(x2)                        resto_Mrtn+0
mem[R,0x0000000080005260] -> 0x000000001FDDB7D5
x6 <- 0x000000001FDDB7D5

clint mtime 0x000000000000026D (mip.MTI <- 0b1, mip.STI <- 0b0)
mem[X,0x0000000080002534] -> 0x3383
mem[X,0x0000000080002536] -> 0x2681
[1242] [M]: 0x0000000080002534 (0x26813383) ld x7, 0x268(x2)                        resto_Mrtn+4
mem[R,0x0000000080005268] -> 0x00000000003FBB6F
x7 <- 0x00000000003FBB6F

mem[X,0x0000000080002538] -> 0x3403
mem[X,0x000000008000253A] -> 0x2701
[1243] [M]: 0x0000000080002538 (0x27013403) ld x8, 0x270(x2)                        resto_Mrtn+8
mem[R,0x0000000080005270] -> 0x0000000080002000
x8 <- 0x0000000080002000

clint mtime 0x000000000000026E (mip.MTI <- 0b1, mip.STI <- 0b0)
mem[X,0x000000008000253C] -> 0x3483
mem[X,0x000000008000253E] -> 0x2781
[1244] [M]: 0x000000008000253C (0x27813483) ld x9, 0x278(x2)                        resto_Mrtn+12
mem[R,0x0000000080005278] -> 0x00000000000000FE
x9 <- 0x00000000000000FE

mem[X,0x0000000080002540] -> 0x3503
mem[X,0x0000000080002542] -> 0x2801
[1245] [M]: 0x0000000080002540 (0x28013503) ld x10, 0x280(x2)                       resto_Mrtn+16
mem[R,0x0000000080005280] -> 0x0000000000002000
x10 <- 0x0000000000002000

clint mtime 0x000000000000026F (mip.MTI <- 0b1, mip.STI <- 0b0)
mem[X,0x0000000080002544] -> 0x3583
mem[X,0x0000000080002546] -> 0x2881
[1246] [M]: 0x0000000080002544 (0x28813583) ld x11, 0x288(x2)                       resto_Mrtn+20
mem[R,0x0000000080005288] -> 0x0000000000000000
x11 <- 0x0000000000000000

mem[X,0x0000000080002548] -> 0x3103
mem[X,0x000000008000254A] -> 0x2901
[1247] [M]: 0x0000000080002548 (0x29013103) ld x2, 0x290(x2)                        resto_Mrtn+24
mem[R,0x0000000080005290] -> 0x0000000080002000
x2 <- 0x0000000080002000

clint mtime 0x0000000000000270 (mip.MTI <- 0b1, mip.STI <- 0b0)
mem[X,0x000000008000254C] -> 0x0073
mem[X,0x000000008000254E] -> 0x3020
[1248] [M]: 0x000000008000254C (0x30200073) mret                                    resto_Mrtn+28
CSR mstatus (0x300) <- 0x8000000A00006080
ret-ing from M to M

mem[X,0x00000000800006E8] -> 0x0001
[1249] [M]: 0x00000000800006E8 (0x0001) c.nop                                       main+744

clint mtime 0x0000000000000271 (mip.MTI <- 0b1, mip.STI <- 0b0)
mem[X,0x00000000800006EA] -> 0x2000
[1250] [M]: 0x00000000800006EA (0x2000) c.fld f8, 0x0(x8)                           main+746
trapping from M to M to handle load-access-fault
handling exc#load-access-fault at priv M with tval 0x0000000080002000
CSR mstatus (0x300) <- 0x8000000A00007800
CSR mcause (0x342) <- 0x0000000000000005
CSR mtval (0x343) <- 0x0000000080002000
CSR mepc (0x341) <- 0x00000000800006EA

mem[X,0x0000000080002100] -> 0x006F
mem[X,0x0000000080002102] -> 0x1000
[1251] [M]: 0x0000000080002100 (0x1000006F) jal x0, 0x100                           Mtrampoline+0

clint mtime 0x0000000000000272 (mip.MTI <- 0b1, mip.STI <- 0b0)
mem[X,0x0000000080002200] -> 0x1173
mem[X,0x0000000080002202] -> 0x3401
[1252] [M]: 0x0000000080002200 (0x34011173) csrrw x2, mscratch, x2                  trap_Mhandler+0
CSR mscratch (0x340) <- 0x0000000080002000
x2 <- 0x0000000080005000

mem[X,0x0000000080002204] -> 0x3423
mem[X,0x0000000080002206] -> 0x28B1
[1253] [M]: 0x0000000080002204 (0x28B13423) sd x11, 0x288(x2)                       trap_Mhandler+4
mem[W,0x0000000080005288] <- 0x0000000000000000

clint mtime 0x0000000000000273 (mip.MTI <- 0b1, mip.STI <- 0b0)
mem[X,0x0000000080002208] -> 0x05EF
mem[X,0x000000008000220A] -> 0x0B80
[1254] [M]: 0x0000000080002208 (0x0B8005EF) jal x11, 0xb8                           trap_Mhandler+8
x11 <- 0x000000008000220C

mem[X,0x00000000800022C0] -> 0x3023
mem[X,0x00000000800022C2] -> 0x28A1
[1255] [M]: 0x00000000800022C0 (0x28A13023) sd x10, 0x280(x2)                       common_Mhandler+0
mem[W,0x0000000080005280] <- 0x0000000000002000

clint mtime 0x0000000000000274 (mip.MTI <- 0b1, mip.STI <- 0b0)
mem[X,0x00000000800022C4] -> 0x1573
mem[X,0x00000000800022C6] -> 0x3401
[1256] [M]: 0x00000000800022C4 (0x34011573) csrrw x10, mscratch, x2                 common_Mhandler+4
CSR mscratch (0x340) <- 0x0000000080005000
x10 <- 0x0000000080002000

mem[X,0x00000000800022C8] -> 0x3823
mem[X,0x00000000800022CA] -> 0x28A1
[1257] [M]: 0x00000000800022C8 (0x28A13823) sd x10, 0x290(x2)                       common_Mhandler+8
mem[W,0x0000000080005290] <- 0x0000000080002000

clint mtime 0x0000000000000275 (mip.MTI <- 0b1, mip.STI <- 0b0)
mem[X,0x00000000800022CC] -> 0x3503
mem[X,0x00000000800022CE] -> 0x2301
[1258] [M]: 0x00000000800022CC (0x23013503) ld x10, 0x230(x2)                       common_Mhandler+12
mem[R,0x0000000080005230] -> 0x00000000800022D4
x10 <- 0x00000000800022D4

mem[X,0x00000000800022D0] -> 0x0067
mem[X,0x00000000800022D2] -> 0x0005
[1259] [M]: 0x00000000800022D0 (0x00050067) jalr x0, 0x0(x10)                       common_Mhandler+16

clint mtime 0x0000000000000276 (mip.MTI <- 0b1, mip.STI <- 0b0)
mem[X,0x00000000800022D4] -> 0x3C23
mem[X,0x00000000800022D6] -> 0x2691
[1260] [M]: 0x00000000800022D4 (0x26913C23) sd x9, 0x278(x2)                        common_Mentry+0
mem[W,0x0000000080005278] <- 0x00000000000000FE

mem[X,0x00000000800022D8] -> 0x3823
mem[X,0x00000000800022DA] -> 0x2681
[1261] [M]: 0x00000000800022D8 (0x26813823) sd x8, 0x270(x2)                        common_Mentry+4
mem[W,0x0000000080005270] <- 0x0000000080002000

clint mtime 0x0000000000000277 (mip.MTI <- 0b1, mip.STI <- 0b0)
mem[X,0x00000000800022DC] -> 0x3423
mem[X,0x00000000800022DE] -> 0x2671
[1262] [M]: 0x00000000800022DC (0x26713423) sd x7, 0x268(x2)                        common_Mentry+8
mem[W,0x0000000080005268] <- 0x00000000003FBB6F

mem[X,0x00000000800022E0] -> 0x3023
mem[X,0x00000000800022E2] -> 0x2661
[1263] [M]: 0x00000000800022E0 (0x26613023) sd x6, 0x260(x2)                        common_Mentry+12
mem[W,0x0000000080005260] <- 0x000000001FDDB7D5

clint mtime 0x0000000000000278 (mip.MTI <- 0b1, mip.STI <- 0b0)
mem[X,0x00000000800022E4] -> 0x2573
mem[X,0x00000000800022E6] -> 0x3420
[1264] [M]: 0x00000000800022E4 (0x34202573) csrrs x10, mcause, x0                   spcl_M2mmode_test+0
CSR mcause (0x342) -> 0x0000000000000005
x10 <- 0x0000000000000005

mem[X,0x00000000800022E8] -> 0x04B7
mem[X,0x00000000800022EA] -> 0x8000
[1265] [M]: 0x00000000800022E8 (0x800004B7) lui x9, -0x80000                        spcl_M2mmode_test+4
x9 <- 0xFFFFFFFF80000000

clint mtime 0x0000000000000279 (mip.MTI <- 0b1, mip.STI <- 0b0)
mem[X,0x00000000800022EC] -> 0x8493
mem[X,0x00000000800022EE] -> 0x0004
[1266] [M]: 0x00000000800022EC (0x00048493) addi x9, x9, 0x0                        spcl_M2mmode_test+8
x9 <- 0xFFFFFFFF80000000

mem[X,0x00000000800022F0] -> 0x9493
mem[X,0x00000000800022F2] -> 0x00B4
[1267] [M]: 0x00000000800022F0 (0x00B49493) slli x9, x9, 0xb                        spcl_M2mmode_test+12
x9 <- 0xFFFFFC0000000000

clint mtime 0x000000000000027A (mip.MTI <- 0b1, mip.STI <- 0b0)
mem[X,0x00000000800022F4] -> 0x8493
mem[X,0x00000000800022F6] -> 0x0004
[1268] [M]: 0x00000000800022F4 (0x00048493) addi x9, x9, 0x0                        spcl_M2mmode_test+16
x9 <- 0xFFFFFC0000000000

mem[X,0x00000000800022F8] -> 0x9493
mem[X,0x00000000800022FA] -> 0x00B4
[1269] [M]: 0x00000000800022F8 (0x00B49493) slli x9, x9, 0xb                        spcl_M2mmode_test+20
x9 <- 0xFFE0000000000000

clint mtime 0x000000000000027B (mip.MTI <- 0b1, mip.STI <- 0b0)
mem[X,0x00000000800022FC] -> 0x8493
mem[X,0x00000000800022FE] -> 0x0034
[1270] [M]: 0x00000000800022FC (0x00348493) addi x9, x9, 0x3                        spcl_M2mmode_test+24
x9 <- 0xFFE0000000000003

mem[X,0x0000000080002300] -> 0x9493
mem[X,0x0000000080002302] -> 0x00A4
[1271] [M]: 0x0000000080002300 (0x00A49493) slli x9, x9, 0xa                        spcl_M2mmode_test+28
x9 <- 0x8000000000000C00

clint mtime 0x000000000000027C (mip.MTI <- 0b1, mip.STI <- 0b0)
mem[X,0x0000000080002304] -> 0x8493
mem[X,0x0000000080002306] -> 0x3FC4
[1272] [M]: 0x0000000080002304 (0x3FC48493) addi x9, x9, 0x3fc                      spcl_M2mmode_test+32
x9 <- 0x8000000000000FFC

mem[X,0x0000000080002308] -> 0xF4B3
mem[X,0x000000008000230A] -> 0x00A4
[1273] [M]: 0x0000000080002308 (0x00A4F4B3) and x9, x9, x10                         spcl_M2mmode_test+36
x9 <- 0x0000000000000004

clint mtime 0x000000000000027D (mip.MTI <- 0b1, mip.STI <- 0b0)
mem[X,0x000000008000230C] -> 0x8493
mem[X,0x000000008000230E] -> 0xFF84
[1274] [M]: 0x000000008000230C (0xFF848493) addi x9, x9, -0x8                       spcl_M2mmode_test+40
x9 <- 0xFFFFFFFFFFFFFFFC

mem[X,0x0000000080002310] -> 0x9663
mem[X,0x0000000080002312] -> 0x0004
[1275] [M]: 0x0000000080002310 (0x00049663) bne x9, x0, 0xc                         spcl_M2mmode_test+44

clint mtime 0x000000000000027E (mip.MTI <- 0b1, mip.STI <- 0b0)
mem[X,0x000000008000231C] -> 0x0393
mem[X,0x000000008000231E] -> 0x0200
[1276] [M]: 0x000000008000231C (0x02000393) addi x7, x0, 0x20                       Mtrapsig_ptr_upd+0
x7 <- 0x0000000000000020

mem[X,0x0000000080002320] -> 0x5263
mem[X,0x0000000080002322] -> 0x0405
[1277] [M]: 0x0000000080002320 (0x04055263) bge x10, x0, 0x44                       Mtrapsig_ptr_upd+4

clint mtime 0x000000000000027F (mip.MTI <- 0b1, mip.STI <- 0b0)
mem[X,0x0000000080002364] -> 0x2373
mem[X,0x0000000080002366] -> 0x3010
[1278] [M]: 0x0000000080002364 (0x30102373) csrrs x6, misa, x0                      Mxcpt_sig_sv+0
CSR misa (0x301) -> 0x800000000034112F
x6 <- 0x800000000034112F

mem[X,0x0000000080002368] -> 0x1313
mem[X,0x000000008000236A] -> 0x0383
[1279] [M]: 0x0000000080002368 (0x03831313) slli x6, x6, 0x38                       Mxcpt_sig_sv+4
x6 <- 0x2F00000000000000

clint mtime 0x0000000000000280 (mip.MTI <- 0b1, mip.STI <- 0b0)
mem[X,0x000000008000236C] -> 0x5463
mem[X,0x000000008000236E] -> 0x0003
[1280] [M]: 0x000000008000236C (0x00035463) bge x6, x0, 0x8                         Mxcpt_sig_sv+8

mem[X,0x0000000080002374] -> 0x3303
mem[X,0x0000000080002376] -> 0x2181
[1281] [M]: 0x0000000080002374 (0x21813303) ld x6, 0x218(x2)                        Mtrap_sig_sv+0
mem[R,0x0000000080005218] -> 0x0000000080006400
x6 <- 0x0000000080006400

clint mtime 0x0000000000000281 (mip.MTI <- 0b1, mip.STI <- 0b0)
mem[X,0x0000000080002378] -> 0x04B3
mem[X,0x000000008000237A] -> 0x0073
[1282] [M]: 0x0000000080002378 (0x007304B3) add x9, x6, x7                          Mtrap_sig_sv+4
x9 <- 0x0000000080006420

mem[X,0x000000008000237C] -> 0x3C23
mem[X,0x000000008000237E] -> 0x2091
[1283] [M]: 0x000000008000237C (0x20913C23) sd x9, 0x218(x2)                        Mtrap_sig_sv+8
mem[W,0x0000000080005218] <- 0x0000000080006420

clint mtime 0x0000000000000282 (mip.MTI <- 0b1, mip.STI <- 0b0)
mem[X,0x0000000080002380] -> 0x3403
mem[X,0x0000000080002382] -> 0x1F81
[1284] [M]: 0x0000000080002380 (0x1F813403) ld x8, 0x1f8(x2)                        Mtrap_sig_sv+12
mem[R,0x00000000800051F8] -> 0x0000000080006210
x8 <- 0x0000000080006210

mem[X,0x0000000080002384] -> 0x0333
mem[X,0x0000000080002386] -> 0x4083
[1285] [M]: 0x0000000080002384 (0x40830333) sub x6, x6, x8                          Mtrap_sig_sv+16
x6 <- 0x00000000000001F0

clint mtime 0x0000000000000283 (mip.MTI <- 0b1, mip.STI <- 0b0)
mem[X,0x0000000080002388] -> 0x3403
mem[X,0x000000008000238A] -> 0x1F81
[1286] [M]: 0x0000000080002388 (0x1F813403) ld x8, 0x1f8(x2)                        Mtrap_sig_sv+20
mem[R,0x00000000800051F8] -> 0x0000000080006210
x8 <- 0x0000000080006210

mem[X,0x000000008000238C] -> 0x0333
mem[X,0x000000008000238E] -> 0x0083
[1287] [M]: 0x000000008000238C (0x00830333) add x6, x6, x8                          Mtrap_sig_sv+24
x6 <- 0x0000000080006400

clint mtime 0x0000000000000284 (mip.MTI <- 0b1, mip.STI <- 0b0)
mem[X,0x0000000080002390] -> 0x3403
mem[X,0x0000000080002392] -> 0x2401
[1288] [M]: 0x0000000080002390 (0x24013403) ld x8, 0x240(x2)                        Mtrap_sig_sv+28
mem[R,0x0000000080005240] -> 0x0000000080002100
x8 <- 0x0000000080002100

mem[X,0x0000000080002394] -> 0x85B3
mem[X,0x0000000080002396] -> 0x4085
[1289] [M]: 0x0000000080002394 (0x408585B3) sub x11, x11, x8                        sv_Mvect+0
x11 <- 0x000000000000010C

clint mtime 0x0000000000000285 (mip.MTI <- 0b1, mip.STI <- 0b0)
mem[X,0x0000000080002398] -> 0x9593
mem[X,0x000000008000239A] -> 0x0045
[1290] [M]: 0x0000000080002398 (0x00459593) slli x11, x11, 0x4                      sv_Mvect+4
x11 <- 0x00000000000010C0

mem[X,0x000000008000239C] -> 0xE5B3
mem[X,0x000000008000239E] -> 0x0075
[1291] [M]: 0x000000008000239C (0x0075E5B3) or x11, x11, x7                         sv_Mvect+8
x11 <- 0x00000000000010E0

clint mtime 0x0000000000000286 (mip.MTI <- 0b1, mip.STI <- 0b0)
mem[X,0x00000000800023A0] -> 0x8593
mem[X,0x00000000800023A2] -> 0x0035
[1292] [M]: 0x00000000800023A0 (0x00358593) addi x11, x11, 0x3                      sv_Mvect+12
x11 <- 0x00000000000010E3

mem[X,0x00000000800023A4] -> 0x3023
mem[X,0x00000000800023A6] -> 0x00B3
[1293] [M]: 0x00000000800023A4 (0x00B33023) sd x11, 0x0(x6)                         sv_Mvect+16
mem[W,0x0000000080006400] <- 0x00000000000010E3

clint mtime 0x0000000000000287 (mip.MTI <- 0b1, mip.STI <- 0b0)
mem[X,0x00000000800023A8] -> 0x3423
mem[X,0x00000000800023AA] -> 0x00A3
[1294] [M]: 0x00000000800023A8 (0x00A33423) sd x10, 0x8(x6)                         sv_Mcause+0
mem[W,0x0000000080006408] <- 0x0000000000000005

mem[X,0x00000000800023AC] -> 0x4263
mem[X,0x00000000800023AE] -> 0x1A05
[1295] [M]: 0x00000000800023AC (0x1A054263) blt x10, x0, 0x1a4                      sv_Mcause+4

clint mtime 0x0000000000000288 (mip.MTI <- 0b1, mip.STI <- 0b0)
mem[X,0x00000000800023B0] -> 0x25F3
mem[X,0x00000000800023B2] -> 0x3000
[1296] [M]: 0x00000000800023B0 (0x300025F3) csrrs x11, mstatus, x0                  common_Mexcpt_handler+0
CSR mstatus (0x300) -> 0x8000000A00007800
x11 <- 0x8000000A00007800

mem[X,0x00000000800023B4] -> 0x9413
mem[X,0x00000000800023B6] -> 0x02E5
[1297] [M]: 0x00000000800023B4 (0x02E59413) slli x8, x11, 0x2e                      common_Mexcpt_handler+4
x8 <- 0x1E00000000000000

clint mtime 0x0000000000000289 (mip.MTI <- 0b1, mip.STI <- 0b0)
mem[X,0x00000000800023B8] -> 0x5463
mem[X,0x00000000800023BA] -> 0x0004
[1298] [M]: 0x00000000800023B8 (0x00045463) bge x8, x0, 0x8                         common_Mexcpt_handler+8

mem[X,0x00000000800023C0] -> 0xD493
mem[X,0x00000000800023C2] -> 0x00B5
[1299] [M]: 0x00000000800023C0 (0x00B5D493) srli x9, x11, 0xb                       common_Mexcpt_handler+16
x9 <- 0x001000000140000F

clint mtime 0x000000000000028A (mip.MTI <- 0b1, mip.STI <- 0b0)
mem[X,0x00000000800023C4] -> 0xF493
mem[X,0x00000000800023C6] -> 0x0034
[1300] [M]: 0x00000000800023C4 (0x0034F493) andi x9, x9, 0x3                        common_Mexcpt_handler+20
x9 <- 0x0000000000000003

mem[X,0x00000000800023C8] -> 0x8493
mem[X,0x00000000800023CA] -> 0x0014
[1301] [M]: 0x00000000800023C8 (0x00148493) addi x9, x9, 0x1                        common_Mexcpt_handler+24
x9 <- 0x0000000000000004

clint mtime 0x000000000000028B (mip.MTI <- 0b1, mip.STI <- 0b0)
mem[X,0x00000000800023CC] -> 0xF493
mem[X,0x00000000800023CE] -> 0x0044
[1302] [M]: 0x00000000800023CC (0x0044F493) andi x9, x9, 0x4                        common_Mexcpt_handler+28
x9 <- 0x0000000000000004

mem[X,0x00000000800023D0] -> 0x0593
mem[X,0x00000000800023D2] -> 0x05D0
[1303] [M]: 0x00000000800023D0 (0x05D00593) addi x11, x0, 0x5d                      common_Mexcpt_handler+32
x11 <- 0x000000000000005D

clint mtime 0x000000000000028C (mip.MTI <- 0b1, mip.STI <- 0b0)
mem[X,0x00000000800023D4] -> 0xD5B3
mem[X,0x00000000800023D6] -> 0x0095
[1304] [M]: 0x00000000800023D4 (0x0095D5B3) srl x11, x11, x9                        common_Mexcpt_handler+36
x11 <- 0x0000000000000005

mem[X,0x00000000800023D8] -> 0xF593
mem[X,0x00000000800023DA] -> 0x0015
[1305] [M]: 0x00000000800023D8 (0x0015F593) andi x11, x11, 0x1                      common_Mexcpt_handler+40
x11 <- 0x0000000000000001

clint mtime 0x000000000000028D (mip.MTI <- 0b1, mip.STI <- 0b0)
mem[X,0x00000000800023DC] -> 0x8EE3
mem[X,0x00000000800023DE] -> 0xF405
[1306] [M]: 0x00000000800023DC (0xF4058EE3) beq x11, x0, -0xa4                      common_Mexcpt_handler+44

mem[X,0x00000000800023E0] -> 0x0593
mem[X,0x00000000800023E2] -> 0x2980
[1307] [M]: 0x00000000800023E0 (0x29800593) addi x11, x0, 0x298                     common_Mexcpt_handler+48
x11 <- 0x0000000000000298

clint mtime 0x000000000000028E (mip.MTI <- 0b1, mip.STI <- 0b0)
mem[X,0x00000000800023E4] -> 0xF413
mem[X,0x00000000800023E6] -> 0x0014
[1308] [M]: 0x00000000800023E4 (0x0014F413) andi x8, x9, 0x1                        common_Mexcpt_handler+52
x8 <- 0x0000000000000000

mem[X,0x00000000800023E8] -> 0x95B3
mem[X,0x00000000800023EA] -> 0x0085
[1309] [M]: 0x00000000800023E8 (0x008595B3) sll x11, x11, x8                        common_Mexcpt_handler+56
x11 <- 0x0000000000000298

clint mtime 0x000000000000028F (mip.MTI <- 0b1, mip.STI <- 0b0)
mem[X,0x00000000800023EC] -> 0x9413
mem[X,0x00000000800023EE] -> 0x03D4
[1310] [M]: 0x00000000800023EC (0x03D49413) slli x8, x9, 0x3d                       common_Mexcpt_handler+60
x8 <- 0x8000000000000000

mem[X,0x00000000800023F0] -> 0x5413
mem[X,0x00000000800023F2] -> 0x43F4
[1311] [M]: 0x00000000800023F0 (0x43F45413) srai x8, x8, 0x3f                       common_Mexcpt_handler+64
x8 <- 0xFFFFFFFFFFFFFFFF

clint mtime 0x0000000000000290 (mip.MTI <- 0b1, mip.STI <- 0b0)
mem[X,0x00000000800023F4] -> 0x4413
mem[X,0x00000000800023F6] -> 0xFFF4
[1312] [M]: 0x00000000800023F4 (0xFFF44413) xori x8, x8, -0x1                       common_Mexcpt_handler+68
x8 <- 0x0000000000000000

mem[X,0x00000000800023F8] -> 0xF4B3
mem[X,0x00000000800023FA] -> 0x0085
[1313] [M]: 0x00000000800023F8 (0x0085F4B3) and x9, x11, x8                         common_Mexcpt_handler+72
x9 <- 0x0000000000000000

clint mtime 0x0000000000000291 (mip.MTI <- 0b1, mip.STI <- 0b0)
mem[X,0x00000000800023FC] -> 0x84B3
mem[X,0x00000000800023FE] -> 0x0024
[1314] [M]: 0x00000000800023FC (0x002484B3) add x9, x9, x2                          vmem_adj_Mepc+0
x9 <- 0x0000000080005000

mem[X,0x0000000080002400] -> 0x23F3
mem[X,0x0000000080002402] -> 0x3410
[1315] [M]: 0x0000000080002400 (0x341023F3) csrrs x7, mepc, x0                      vmem_adj_Mepc+4
CSR mepc (0x341) -> 0x00000000800006EA
x7 <- 0x00000000800006EA

clint mtime 0x0000000000000292 (mip.MTI <- 0b1, mip.STI <- 0b0)
mem[X,0x0000000080002404] -> 0x0413
mem[X,0x0000000080002406] -> 0x0004
[1316] [M]: 0x0000000080002404 (0x00040413) addi x8, x8, 0x0                        vmem_adj_Mepc+8
x8 <- 0x0000000000000000

mem[X,0x0000000080002408] -> 0x006F
mem[X,0x000000008000240A] -> 0x0400
[1317] [M]: 0x0000000080002408 (0x0400006F) jal x0, 0x40                            vmem_adj_Mepc+12

clint mtime 0x0000000000000293 (mip.MTI <- 0b1, mip.STI <- 0b0)
mem[X,0x0000000080002448] -> 0x8433
mem[X,0x000000008000244A] -> 0x4083
[1318] [M]: 0x0000000080002448 (0x40838433) sub x8, x7, x8                          adj_Mepc+0
x8 <- 0x00000000800006EA

mem[X,0x000000008000244C] -> 0x3823
mem[X,0x000000008000244E] -> 0x0083
[1319] [M]: 0x000000008000244C (0x00833823) sd x8, 0x10(x6)                         sv_Mepc+0
mem[W,0x0000000080006410] <- 0x00000000800006EA

clint mtime 0x0000000000000294 (mip.MTI <- 0b1, mip.STI <- 0b0)
mem[X,0x0000000080002450] -> 0x55B7
mem[X,0x0000000080002452] -> 0x0000
[1320] [M]: 0x0000000080002450 (0x000055B7) lui x11, 0x5                            sv_Mepc+4
x11 <- 0x0000000000005000

mem[X,0x0000000080002454] -> 0x8593
mem[X,0x0000000080002456] -> 0x6675
[1321] [M]: 0x0000000080002454 (0x66758593) addi x11, x11, 0x667                    sv_Mepc+8
x11 <- 0x0000000000005667

clint mtime 0x0000000000000295 (mip.MTI <- 0b1, mip.STI <- 0b0)
mem[X,0x0000000080002458] -> 0x9593
mem[X,0x000000008000245A] -> 0x0015
[1322] [M]: 0x0000000080002458 (0x00159593) slli x11, x11, 0x1                      sv_Mepc+12
x11 <- 0x000000000000ACCE

mem[X,0x000000008000245C] -> 0x9063
mem[X,0x000000008000245E] -> 0x02B1
[1323] [M]: 0x000000008000245C (0x02B19063) bne x3, x11, 0x20                       sv_Mepc+16

clint mtime 0x0000000000000296 (mip.MTI <- 0b1, mip.STI <- 0b0)
mem[X,0x000000008000247C] -> 0xF593
mem[X,0x000000008000247E] -> 0xFFC3
[1324] [M]: 0x000000008000247C (0xFFC3F593) andi x11, x7, -0x4                      adj_Mepc_rtn+0
x11 <- 0x00000000800006E8

mem[X,0x0000000080002480] -> 0x8593
mem[X,0x0000000080002482] -> 0x0085
[1325] [M]: 0x0000000080002480 (0x00858593) addi x11, x11, 0x8                      adj_Mepc_rtn+4
x11 <- 0x00000000800006F0

clint mtime 0x0000000000000297 (mip.MTI <- 0b1, mip.STI <- 0b0)
mem[X,0x0000000080002484] -> 0x9073
mem[X,0x0000000080002486] -> 0x3415
[1326] [M]: 0x0000000080002484 (0x34159073) csrrw x0, mepc, x11                     adj_Mepc_rtn+8
CSR mepc (0x341) <- 0x00000000800006F0

mem[X,0x0000000080002488] -> 0x23F3
mem[X,0x000000008000248A] -> 0x3430
[1327] [M]: 0x0000000080002488 (0x343023F3) csrrs x7, mtval, x0                     skp_adj_Mepc+0
CSR mtval (0x343) -> 0x0000000080002000
x7 <- 0x0000000080002000

clint mtime 0x0000000000000298 (mip.MTI <- 0b1, mip.STI <- 0b0)
mem[X,0x000000008000248C] -> 0x7513
mem[X,0x000000008000248E] -> 0x00F5
[1328] [M]: 0x000000008000248C (0x00F57513) andi x10, x10, 0xf                      chk_Mtval+0
x10 <- 0x0000000000000005

mem[X,0x0000000080002490] -> 0x0437
mem[X,0x0000000080002492] -> 0x0000
[1329] [M]: 0x0000000080002490 (0x00000437) lui x8, 0x0                             chk_Mtval+4
x8 <- 0x0000000000000000

clint mtime 0x0000000000000299 (mip.MTI <- 0b1, mip.STI <- 0b0)
mem[X,0x0000000080002494] -> 0x0413
mem[X,0x0000000080002496] -> 0x0004
[1330] [M]: 0x0000000080002494 (0x00040413) addi x8, x8, 0x0                        chk_Mtval+8
x8 <- 0x0000000000000000

mem[X,0x0000000080002498] -> 0x1413
mem[X,0x000000008000249A] -> 0x00B4
[1331] [M]: 0x0000000080002498 (0x00B41413) slli x8, x8, 0xb                        chk_Mtval+12
x8 <- 0x0000000000000000

clint mtime 0x000000000000029A (mip.MTI <- 0b1, mip.STI <- 0b0)
mem[X,0x000000008000249C] -> 0x0413
mem[X,0x000000008000249E] -> 0x0004
[1332] [M]: 0x000000008000249C (0x00040413) addi x8, x8, 0x0                        chk_Mtval+16
x8 <- 0x0000000000000000

mem[X,0x00000000800024A0] -> 0x1413
mem[X,0x00000000800024A2] -> 0x00B4
[1333] [M]: 0x00000000800024A0 (0x00B41413) slli x8, x8, 0xb                        chk_Mtval+20
x8 <- 0x0000000000000000

clint mtime 0x000000000000029B (mip.MTI <- 0b1, mip.STI <- 0b0)
mem[X,0x00000000800024A4] -> 0x0413
mem[X,0x00000000800024A6] -> 0x02C4
[1334] [M]: 0x00000000800024A4 (0x02C40413) addi x8, x8, 0x2c                       chk_Mtval+24
x8 <- 0x000000000000002C

mem[X,0x00000000800024A8] -> 0x1413
mem[X,0x00000000800024AA] -> 0x00A4
[1335] [M]: 0x00000000800024A8 (0x00A41413) slli x8, x8, 0xa                        chk_Mtval+28
x8 <- 0x000000000000B000

clint mtime 0x000000000000029C (mip.MTI <- 0b1, mip.STI <- 0b0)
mem[X,0x00000000800024AC] -> 0x0413
mem[X,0x00000000800024AE] -> 0x0FB4
[1336] [M]: 0x00000000800024AC (0x0FB40413) addi x8, x8, 0xfb                       chk_Mtval+32
x8 <- 0x000000000000B0FB

mem[X,0x00000000800024B0] -> 0x5433
mem[X,0x00000000800024B2] -> 0x00A4
[1337] [M]: 0x00000000800024B0 (0x00A45433) srl x8, x8, x10                         chk_Mtval+36
x8 <- 0x0000000000000587

clint mtime 0x000000000000029D (mip.MTI <- 0b1, mip.STI <- 0b0)
mem[X,0x00000000800024B4] -> 0x1413
mem[X,0x00000000800024B6] -> 0x03F4
[1338] [M]: 0x00000000800024B4 (0x03F41413) slli x8, x8, 0x3f                       chk_Mtval+40
x8 <- 0x8000000000000000

mem[X,0x00000000800024B8] -> 0x5C63
mem[X,0x00000000800024BA] -> 0x0404
[1339] [M]: 0x00000000800024B8 (0x04045C63) bge x8, x0, 0x58                        chk_Mtval+44

clint mtime 0x000000000000029E (mip.MTI <- 0b1, mip.STI <- 0b0)
mem[X,0x00000000800024BC] -> 0xB403
mem[X,0x00000000800024BE] -> 0x2084
[1340] [M]: 0x00000000800024BC (0x2084B403) ld x8, 0x208(x9)                        vmem_adj_Mtval+0
mem[R,0x0000000080005208] -> 0x00000000800003B4
x8 <- 0x00000000800003B4

mem[X,0x00000000800024C0] -> 0xB583
mem[X,0x00000000800024C2] -> 0x2104
[1341] [M]: 0x00000000800024C0 (0x2104B583) ld x11, 0x210(x9)                       vmem_adj_Mtval+4
mem[R,0x0000000080005210] -> 0x0000000000001C5A
x11 <- 0x0000000000001C5A

clint mtime 0x000000000000029F (mip.MTI <- 0b1, mip.STI <- 0b0)
mem[X,0x00000000800024C4] -> 0x85B3
mem[X,0x00000000800024C6] -> 0x0085
[1342] [M]: 0x00000000800024C4 (0x008585B3) add x11, x11, x8                        vmem_adj_Mtval+8
x11 <- 0x000000008000200E

mem[X,0x00000000800024C8] -> 0xF463
mem[X,0x00000000800024CA] -> 0x00B3
[1343] [M]: 0x00000000800024C8 (0x00B3F463) bgeu x7, x11, 0x8                       vmem_adj_Mtval+12

clint mtime 0x00000000000002A0 (mip.MTI <- 0b1, mip.STI <- 0b0)
mem[X,0x00000000800024CC] -> 0xF063
mem[X,0x00000000800024CE] -> 0x0483
[1344] [M]: 0x00000000800024CC (0x0483F063) bgeu x7, x8, 0x40                       vmem_adj_Mtval+16

mem[X,0x000000008000250C] -> 0x8433
mem[X,0x000000008000250E] -> 0x4083
[1345] [M]: 0x000000008000250C (0x40838433) sub x8, x7, x8                          adj_Mtval+0
x8 <- 0x0000000000001C4C

clint mtime 0x00000000000002A1 (mip.MTI <- 0b1, mip.STI <- 0b0)
mem[X,0x0000000080002510] -> 0x3C23
mem[X,0x0000000080002512] -> 0x0083
[1346] [M]: 0x0000000080002510 (0x00833C23) sd x8, 0x18(x6)                         sv_Mtval+0
mem[W,0x0000000080006418] <- 0x0000000000001C4C

mem[X,0x0000000080002514] -> 0x3483
mem[X,0x0000000080002516] -> 0x2181
[1347] [M]: 0x0000000080002514 (0x21813483) ld x9, 0x218(x2)                        skp_Mtval+0
mem[R,0x0000000080005218] -> 0x0000000080006420
x9 <- 0x0000000080006420

clint mtime 0x00000000000002A2 (mip.MTI <- 0b1, mip.STI <- 0b0)
mem[X,0x0000000080002518] -> 0x3383
mem[X,0x000000008000251A] -> 0x1F81
[1348] [M]: 0x0000000080002518 (0x1F813383) ld x7, 0x1f8(x2)                        skp_Mtval+4
mem[R,0x00000000800051F8] -> 0x0000000080006210
x7 <- 0x0000000080006210

mem[X,0x000000008000251C] -> 0x3303
mem[X,0x000000008000251E] -> 0x2001
[1349] [M]: 0x000000008000251C (0x20013303) ld x6, 0x200(x2)                        skp_Mtval+8
mem[R,0x0000000080005200] -> 0x0000000000000920
x6 <- 0x0000000000000920

clint mtime 0x00000000000002A3 (mip.MTI <- 0b1, mip.STI <- 0b0)
mem[X,0x0000000080002520] -> 0x0333
mem[X,0x0000000080002522] -> 0x0073
[1350] [M]: 0x0000000080002520 (0x00730333) add x6, x6, x7                          skp_Mtval+12
x6 <- 0x0000000080006B30

mem[X,0x0000000080002524] -> 0x69E3
mem[X,0x0000000080002526] -> 0xAE93
[1351] [M]: 0x0000000080002524 (0xAE9369E3) bltu x6, x9, -0x50e                     skp_Mtval+16

clint mtime 0x00000000000002A4 (mip.MTI <- 0b1, mip.STI <- 0b0)
mem[X,0x0000000080002528] -> 0x0393
mem[X,0x000000008000252A] -> 0x2000
[1352] [M]: 0x0000000080002528 (0x20000393) addi x7, x0, 0x200                      skp_Mtval+20
x7 <- 0x0000000000000200

mem[X,0x000000008000252C] -> 0x006F
mem[X,0x000000008000252E] -> 0x0400
[1353] [M]: 0x000000008000252C (0x0400006F) jal x0, 0x40                            skp_Mtval+24

clint mtime 0x00000000000002A5 (mip.MTI <- 0b1, mip.STI <- 0b0)
mem[X,0x000000008000256C] -> 0x0417
mem[X,0x000000008000256E] -> 0x0000
[1354] [M]: 0x000000008000256C (0x00000417) auipc x8, 0x0                           spcl_Mhandler+0
x8 <- 0x000000008000256C

mem[X,0x0000000080002570] -> 0x0413
mem[X,0x0000000080002572] -> 0x03C4
[1355] [M]: 0x0000000080002570 (0x03C40413) addi x8, x8, 0x3c                       spcl_Mhandler+4
x8 <- 0x00000000800025A8

clint mtime 0x00000000000002A6 (mip.MTI <- 0b1, mip.STI <- 0b0)
mem[X,0x0000000080002574] -> 0x0433
mem[X,0x0000000080002576] -> 0x0074
[1356] [M]: 0x0000000080002574 (0x00740433) add x8, x8, x7                          spcl_Mhandler+8
x8 <- 0x00000000800027A8

mem[X,0x0000000080002578] -> 0x1393
mem[X,0x000000008000257A] -> 0x0035
[1357] [M]: 0x0000000080002578 (0x00351393) slli x7, x10, 0x3                       spcl_Mhandler+12
x7 <- 0x0000000000000028

clint mtime 0x00000000000002A7 (mip.MTI <- 0b1, mip.STI <- 0b0)
mem[X,0x000000008000257C] -> 0x0433
mem[X,0x000000008000257E] -> 0x0074
[1358] [M]: 0x000000008000257C (0x00740433) add x8, x8, x7                          spcl_Mhandler+16
x8 <- 0x00000000800027D0

mem[X,0x0000000080002580] -> 0x7413
mem[X,0x0000000080002582] -> 0xFF84
[1359] [M]: 0x0000000080002580 (0xFF847413) andi x8, x8, -0x8                       spcl_Mhandler+20
x8 <- 0x00000000800027D0

clint mtime 0x00000000000002A8 (mip.MTI <- 0b1, mip.STI <- 0b0)
mem[X,0x0000000080002584] -> 0x3403
mem[X,0x0000000080002586] -> 0x0004
[1360] [M]: 0x0000000080002584 (0x00043403) ld x8, 0x0(x8)                          spcl_Mhandler+24
mem[R,0x00000000800027D0] -> 0x000000000000000B
x8 <- 0x000000000000000B

mem[X,0x0000000080002588] -> 0x01E3
mem[X,0x000000008000258A] -> 0xB204
[1361] [M]: 0x0000000080002588 (0xB20401E3) beq x8, x0, -0x4de                      spcl_Mdispatch_hndling+0

clint mtime 0x00000000000002A9 (mip.MTI <- 0b1, mip.STI <- 0b0)
mem[X,0x000000008000258C] -> 0x1393
mem[X,0x000000008000258E] -> 0x03F4
[1362] [M]: 0x000000008000258C (0x03F41393) slli x7, x8, 0x3f                       spcl_Mdispatch_hndling+4
x7 <- 0x8000000000000000

mem[X,0x0000000080002590] -> 0xD863
mem[X,0x0000000080002592] -> 0x0003
[1363] [M]: 0x0000000080002590 (0x0003D863) bge x7, x0, 0x10                        spcl_Mdispatch_hndling+8

clint mtime 0x00000000000002AA (mip.MTI <- 0b1, mip.STI <- 0b0)
mem[X,0x0000000080002594] -> 0x5413
mem[X,0x0000000080002596] -> 0x0014
[1364] [M]: 0x0000000080002594 (0x00145413) srli x8, x8, 0x1                        spcl_Mdispatch_hndling+12
x8 <- 0x0000000000000005

mem[X,0x0000000080002598] -> 0x0CE3
mem[X,0x000000008000259A] -> 0xF885
[1365] [M]: 0x0000000080002598 (0xF8850CE3) beq x10, x8, -0x68                      spcl_Mdispatch_hndling+16

clint mtime 0x00000000000002AB (mip.MTI <- 0b1, mip.STI <- 0b0)
mem[X,0x0000000080002530] -> 0x3303
mem[X,0x0000000080002532] -> 0x2601
[1366] [M]: 0x0000000080002530 (0x26013303) ld x6, 0x260(x2)                        resto_Mrtn+0
mem[R,0x0000000080005260] -> 0x000000001FDDB7D5
x6 <- 0x000000001FDDB7D5

mem[X,0x0000000080002534] -> 0x3383
mem[X,0x0000000080002536] -> 0x2681
[1367] [M]: 0x0000000080002534 (0x26813383) ld x7, 0x268(x2)                        resto_Mrtn+4
mem[R,0x0000000080005268] -> 0x00000000003FBB6F
x7 <- 0x00000000003FBB6F

clint mtime 0x00000000000002AC (mip.MTI <- 0b1, mip.STI <- 0b0)
mem[X,0x0000000080002538] -> 0x3403
mem[X,0x000000008000253A] -> 0x2701
[1368] [M]: 0x0000000080002538 (0x27013403) ld x8, 0x270(x2)                        resto_Mrtn+8
mem[R,0x0000000080005270] -> 0x0000000080002000
x8 <- 0x0000000080002000

mem[X,0x000000008000253C] -> 0x3483
mem[X,0x000000008000253E] -> 0x2781
[1369] [M]: 0x000000008000253C (0x27813483) ld x9, 0x278(x2)                        resto_Mrtn+12
mem[R,0x0000000080005278] -> 0x00000000000000FE
x9 <- 0x00000000000000FE

clint mtime 0x00000000000002AD (mip.MTI <- 0b1, mip.STI <- 0b0)
mem[X,0x0000000080002540] -> 0x3503
mem[X,0x0000000080002542] -> 0x2801
[1370] [M]: 0x0000000080002540 (0x28013503) ld x10, 0x280(x2)                       resto_Mrtn+16
mem[R,0x0000000080005280] -> 0x0000000000002000
x10 <- 0x0000000000002000

mem[X,0x0000000080002544] -> 0x3583
mem[X,0x0000000080002546] -> 0x2881
[1371] [M]: 0x0000000080002544 (0x28813583) ld x11, 0x288(x2)                       resto_Mrtn+20
mem[R,0x0000000080005288] -> 0x0000000000000000
x11 <- 0x0000000000000000

clint mtime 0x00000000000002AE (mip.MTI <- 0b1, mip.STI <- 0b0)
mem[X,0x0000000080002548] -> 0x3103
mem[X,0x000000008000254A] -> 0x2901
[1372] [M]: 0x0000000080002548 (0x29013103) ld x2, 0x290(x2)                        resto_Mrtn+24
mem[R,0x0000000080005290] -> 0x0000000080002000
x2 <- 0x0000000080002000

mem[X,0x000000008000254C] -> 0x0073
mem[X,0x000000008000254E] -> 0x3020
[1373] [M]: 0x000000008000254C (0x30200073) mret                                    resto_Mrtn+28
CSR mstatus (0x300) <- 0x8000000A00006080
ret-ing from M to M

clint mtime 0x00000000000002AF (mip.MTI <- 0b1, mip.STI <- 0b0)
mem[X,0x00000000800006F0] -> 0x8122
[1374] [M]: 0x00000000800006F0 (0x8122) c.mv x2, x8                                 main+752
x2 <- 0x0000000080002000

mem[X,0x00000000800006F2] -> 0xA022
[1375] [M]: 0x00000000800006F2 (0xA022) c.fsdsp f8, 0x0(x2)                         main+754
trapping from M to M to handle store/amo-access-fault
handling exc#store/amo-access-fault at priv M with tval 0x0000000080002000
CSR mstatus (0x300) <- 0x8000000A00007800
CSR mcause (0x342) <- 0x0000000000000007
CSR mtval (0x343) <- 0x0000000080002000
CSR mepc (0x341) <- 0x00000000800006F2

clint mtime 0x00000000000002B0 (mip.MTI <- 0b1, mip.STI <- 0b0)
mem[X,0x0000000080002100] -> 0x006F
mem[X,0x0000000080002102] -> 0x1000
[1376] [M]: 0x0000000080002100 (0x1000006F) jal x0, 0x100                           Mtrampoline+0

mem[X,0x0000000080002200] -> 0x1173
mem[X,0x0000000080002202] -> 0x3401
[1377] [M]: 0x0000000080002200 (0x34011173) csrrw x2, mscratch, x2                  trap_Mhandler+0
CSR mscratch (0x340) <- 0x0000000080002000
x2 <- 0x0000000080005000

clint mtime 0x00000000000002B1 (mip.MTI <- 0b1, mip.STI <- 0b0)
mem[X,0x0000000080002204] -> 0x3423
mem[X,0x0000000080002206] -> 0x28B1
[1378] [M]: 0x0000000080002204 (0x28B13423) sd x11, 0x288(x2)                       trap_Mhandler+4
mem[W,0x0000000080005288] <- 0x0000000000000000

mem[X,0x0000000080002208] -> 0x05EF
mem[X,0x000000008000220A] -> 0x0B80
[1379] [M]: 0x0000000080002208 (0x0B8005EF) jal x11, 0xb8                           trap_Mhandler+8
x11 <- 0x000000008000220C

clint mtime 0x00000000000002B2 (mip.MTI <- 0b1, mip.STI <- 0b0)
mem[X,0x00000000800022C0] -> 0x3023
mem[X,0x00000000800022C2] -> 0x28A1
[1380] [M]: 0x00000000800022C0 (0x28A13023) sd x10, 0x280(x2)                       common_Mhandler+0
mem[W,0x0000000080005280] <- 0x0000000000002000

mem[X,0x00000000800022C4] -> 0x1573
mem[X,0x00000000800022C6] -> 0x3401
[1381] [M]: 0x00000000800022C4 (0x34011573) csrrw x10, mscratch, x2                 common_Mhandler+4
CSR mscratch (0x340) <- 0x0000000080005000
x10 <- 0x0000000080002000

clint mtime 0x00000000000002B3 (mip.MTI <- 0b1, mip.STI <- 0b0)
mem[X,0x00000000800022C8] -> 0x3823
mem[X,0x00000000800022CA] -> 0x28A1
[1382] [M]: 0x00000000800022C8 (0x28A13823) sd x10, 0x290(x2)                       common_Mhandler+8
mem[W,0x0000000080005290] <- 0x0000000080002000

mem[X,0x00000000800022CC] -> 0x3503
mem[X,0x00000000800022CE] -> 0x2301
[1383] [M]: 0x00000000800022CC (0x23013503) ld x10, 0x230(x2)                       common_Mhandler+12
mem[R,0x0000000080005230] -> 0x00000000800022D4
x10 <- 0x00000000800022D4

clint mtime 0x00000000000002B4 (mip.MTI <- 0b1, mip.STI <- 0b0)
mem[X,0x00000000800022D0] -> 0x0067
mem[X,0x00000000800022D2] -> 0x0005
[1384] [M]: 0x00000000800022D0 (0x00050067) jalr x0, 0x0(x10)                       common_Mhandler+16

mem[X,0x00000000800022D4] -> 0x3C23
mem[X,0x00000000800022D6] -> 0x2691
[1385] [M]: 0x00000000800022D4 (0x26913C23) sd x9, 0x278(x2)                        common_Mentry+0
mem[W,0x0000000080005278] <- 0x00000000000000FE

clint mtime 0x00000000000002B5 (mip.MTI <- 0b1, mip.STI <- 0b0)
mem[X,0x00000000800022D8] -> 0x3823
mem[X,0x00000000800022DA] -> 0x2681
[1386] [M]: 0x00000000800022D8 (0x26813823) sd x8, 0x270(x2)                        common_Mentry+4
mem[W,0x0000000080005270] <- 0x0000000080002000

mem[X,0x00000000800022DC] -> 0x3423
mem[X,0x00000000800022DE] -> 0x2671
[1387] [M]: 0x00000000800022DC (0x26713423) sd x7, 0x268(x2)                        common_Mentry+8
mem[W,0x0000000080005268] <- 0x00000000003FBB6F

clint mtime 0x00000000000002B6 (mip.MTI <- 0b1, mip.STI <- 0b0)
mem[X,0x00000000800022E0] -> 0x3023
mem[X,0x00000000800022E2] -> 0x2661
[1388] [M]: 0x00000000800022E0 (0x26613023) sd x6, 0x260(x2)                        common_Mentry+12
mem[W,0x0000000080005260] <- 0x000000001FDDB7D5

mem[X,0x00000000800022E4] -> 0x2573
mem[X,0x00000000800022E6] -> 0x3420
[1389] [M]: 0x00000000800022E4 (0x34202573) csrrs x10, mcause, x0                   spcl_M2mmode_test+0
CSR mcause (0x342) -> 0x0000000000000007
x10 <- 0x0000000000000007

clint mtime 0x00000000000002B7 (mip.MTI <- 0b1, mip.STI <- 0b0)
mem[X,0x00000000800022E8] -> 0x04B7
mem[X,0x00000000800022EA] -> 0x8000
[1390] [M]: 0x00000000800022E8 (0x800004B7) lui x9, -0x80000                        spcl_M2mmode_test+4
x9 <- 0xFFFFFFFF80000000

mem[X,0x00000000800022EC] -> 0x8493
mem[X,0x00000000800022EE] -> 0x0004
[1391] [M]: 0x00000000800022EC (0x00048493) addi x9, x9, 0x0                        spcl_M2mmode_test+8
x9 <- 0xFFFFFFFF80000000

clint mtime 0x00000000000002B8 (mip.MTI <- 0b1, mip.STI <- 0b0)
mem[X,0x00000000800022F0] -> 0x9493
mem[X,0x00000000800022F2] -> 0x00B4
[1392] [M]: 0x00000000800022F0 (0x00B49493) slli x9, x9, 0xb                        spcl_M2mmode_test+12
x9 <- 0xFFFFFC0000000000

mem[X,0x00000000800022F4] -> 0x8493
mem[X,0x00000000800022F6] -> 0x0004
[1393] [M]: 0x00000000800022F4 (0x00048493) addi x9, x9, 0x0                        spcl_M2mmode_test+16
x9 <- 0xFFFFFC0000000000

clint mtime 0x00000000000002B9 (mip.MTI <- 0b1, mip.STI <- 0b0)
mem[X,0x00000000800022F8] -> 0x9493
mem[X,0x00000000800022FA] -> 0x00B4
[1394] [M]: 0x00000000800022F8 (0x00B49493) slli x9, x9, 0xb                        spcl_M2mmode_test+20
x9 <- 0xFFE0000000000000

mem[X,0x00000000800022FC] -> 0x8493
mem[X,0x00000000800022FE] -> 0x0034
[1395] [M]: 0x00000000800022FC (0x00348493) addi x9, x9, 0x3                        spcl_M2mmode_test+24
x9 <- 0xFFE0000000000003

clint mtime 0x00000000000002BA (mip.MTI <- 0b1, mip.STI <- 0b0)
mem[X,0x0000000080002300] -> 0x9493
mem[X,0x0000000080002302] -> 0x00A4
[1396] [M]: 0x0000000080002300 (0x00A49493) slli x9, x9, 0xa                        spcl_M2mmode_test+28
x9 <- 0x8000000000000C00

mem[X,0x0000000080002304] -> 0x8493
mem[X,0x0000000080002306] -> 0x3FC4
[1397] [M]: 0x0000000080002304 (0x3FC48493) addi x9, x9, 0x3fc                      spcl_M2mmode_test+32
x9 <- 0x8000000000000FFC

clint mtime 0x00000000000002BB (mip.MTI <- 0b1, mip.STI <- 0b0)
mem[X,0x0000000080002308] -> 0xF4B3
mem[X,0x000000008000230A] -> 0x00A4
[1398] [M]: 0x0000000080002308 (0x00A4F4B3) and x9, x9, x10                         spcl_M2mmode_test+36
x9 <- 0x0000000000000004

mem[X,0x000000008000230C] -> 0x8493
mem[X,0x000000008000230E] -> 0xFF84
[1399] [M]: 0x000000008000230C (0xFF848493) addi x9, x9, -0x8                       spcl_M2mmode_test+40
x9 <- 0xFFFFFFFFFFFFFFFC

clint mtime 0x00000000000002BC (mip.MTI <- 0b1, mip.STI <- 0b0)
mem[X,0x0000000080002310] -> 0x9663
mem[X,0x0000000080002312] -> 0x0004
[1400] [M]: 0x0000000080002310 (0x00049663) bne x9, x0, 0xc                         spcl_M2mmode_test+44

mem[X,0x000000008000231C] -> 0x0393
mem[X,0x000000008000231E] -> 0x0200
[1401] [M]: 0x000000008000231C (0x02000393) addi x7, x0, 0x20                       Mtrapsig_ptr_upd+0
x7 <- 0x0000000000000020

clint mtime 0x00000000000002BD (mip.MTI <- 0b1, mip.STI <- 0b0)
mem[X,0x0000000080002320] -> 0x5263
mem[X,0x0000000080002322] -> 0x0405
[1402] [M]: 0x0000000080002320 (0x04055263) bge x10, x0, 0x44                       Mtrapsig_ptr_upd+4

mem[X,0x0000000080002364] -> 0x2373
mem[X,0x0000000080002366] -> 0x3010
[1403] [M]: 0x0000000080002364 (0x30102373) csrrs x6, misa, x0                      Mxcpt_sig_sv+0
CSR misa (0x301) -> 0x800000000034112F
x6 <- 0x800000000034112F

clint mtime 0x00000000000002BE (mip.MTI <- 0b1, mip.STI <- 0b0)
mem[X,0x0000000080002368] -> 0x1313
mem[X,0x000000008000236A] -> 0x0383
[1404] [M]: 0x0000000080002368 (0x03831313) slli x6, x6, 0x38                       Mxcpt_sig_sv+4
x6 <- 0x2F00000000000000

mem[X,0x000000008000236C] -> 0x5463
mem[X,0x000000008000236E] -> 0x0003
[1405] [M]: 0x000000008000236C (0x00035463) bge x6, x0, 0x8                         Mxcpt_sig_sv+8

clint mtime 0x00000000000002BF (mip.MTI <- 0b1, mip.STI <- 0b0)
mem[X,0x0000000080002374] -> 0x3303
mem[X,0x0000000080002376] -> 0x2181
[1406] [M]: 0x0000000080002374 (0x21813303) ld x6, 0x218(x2)                        Mtrap_sig_sv+0
mem[R,0x0000000080005218] -> 0x0000000080006420
x6 <- 0x0000000080006420

mem[X,0x0000000080002378] -> 0x04B3
mem[X,0x000000008000237A] -> 0x0073
[1407] [M]: 0x0000000080002378 (0x007304B3) add x9, x6, x7                          Mtrap_sig_sv+4
x9 <- 0x0000000080006440

clint mtime 0x00000000000002C0 (mip.MTI <- 0b1, mip.STI <- 0b0)
mem[X,0x000000008000237C] -> 0x3C23
mem[X,0x000000008000237E] -> 0x2091
[1408] [M]: 0x000000008000237C (0x20913C23) sd x9, 0x218(x2)                        Mtrap_sig_sv+8
mem[W,0x0000000080005218] <- 0x0000000080006440

mem[X,0x0000000080002380] -> 0x3403
mem[X,0x0000000080002382] -> 0x1F81
[1409] [M]: 0x0000000080002380 (0x1F813403) ld x8, 0x1f8(x2)                        Mtrap_sig_sv+12
mem[R,0x00000000800051F8] -> 0x0000000080006210
x8 <- 0x0000000080006210

clint mtime 0x00000000000002C1 (mip.MTI <- 0b1, mip.STI <- 0b0)
mem[X,0x0000000080002384] -> 0x0333
mem[X,0x0000000080002386] -> 0x4083
[1410] [M]: 0x0000000080002384 (0x40830333) sub x6, x6, x8                          Mtrap_sig_sv+16
x6 <- 0x0000000000000210

mem[X,0x0000000080002388] -> 0x3403
mem[X,0x000000008000238A] -> 0x1F81
[1411] [M]: 0x0000000080002388 (0x1F813403) ld x8, 0x1f8(x2)                        Mtrap_sig_sv+20
mem[R,0x00000000800051F8] -> 0x0000000080006210
x8 <- 0x0000000080006210

clint mtime 0x00000000000002C2 (mip.MTI <- 0b1, mip.STI <- 0b0)
mem[X,0x000000008000238C] -> 0x0333
mem[X,0x000000008000238E] -> 0x0083
[1412] [M]: 0x000000008000238C (0x00830333) add x6, x6, x8                          Mtrap_sig_sv+24
x6 <- 0x0000000080006420

mem[X,0x0000000080002390] -> 0x3403
mem[X,0x0000000080002392] -> 0x2401
[1413] [M]: 0x0000000080002390 (0x24013403) ld x8, 0x240(x2)                        Mtrap_sig_sv+28
mem[R,0x0000000080005240] -> 0x0000000080002100
x8 <- 0x0000000080002100

clint mtime 0x00000000000002C3 (mip.MTI <- 0b1, mip.STI <- 0b0)
mem[X,0x0000000080002394] -> 0x85B3
mem[X,0x0000000080002396] -> 0x4085
[1414] [M]: 0x0000000080002394 (0x408585B3) sub x11, x11, x8                        sv_Mvect+0
x11 <- 0x000000000000010C

mem[X,0x0000000080002398] -> 0x9593
mem[X,0x000000008000239A] -> 0x0045
[1415] [M]: 0x0000000080002398 (0x00459593) slli x11, x11, 0x4                      sv_Mvect+4
x11 <- 0x00000000000010C0

clint mtime 0x00000000000002C4 (mip.MTI <- 0b1, mip.STI <- 0b0)
mem[X,0x000000008000239C] -> 0xE5B3
mem[X,0x000000008000239E] -> 0x0075
[1416] [M]: 0x000000008000239C (0x0075E5B3) or x11, x11, x7                         sv_Mvect+8
x11 <- 0x00000000000010E0

mem[X,0x00000000800023A0] -> 0x8593
mem[X,0x00000000800023A2] -> 0x0035
[1417] [M]: 0x00000000800023A0 (0x00358593) addi x11, x11, 0x3                      sv_Mvect+12
x11 <- 0x00000000000010E3

clint mtime 0x00000000000002C5 (mip.MTI <- 0b1, mip.STI <- 0b0)
mem[X,0x00000000800023A4] -> 0x3023
mem[X,0x00000000800023A6] -> 0x00B3
[1418] [M]: 0x00000000800023A4 (0x00B33023) sd x11, 0x0(x6)                         sv_Mvect+16
mem[W,0x0000000080006420] <- 0x00000000000010E3

mem[X,0x00000000800023A8] -> 0x3423
mem[X,0x00000000800023AA] -> 0x00A3
[1419] [M]: 0x00000000800023A8 (0x00A33423) sd x10, 0x8(x6)                         sv_Mcause+0
mem[W,0x0000000080006428] <- 0x0000000000000007

clint mtime 0x00000000000002C6 (mip.MTI <- 0b1, mip.STI <- 0b0)
mem[X,0x00000000800023AC] -> 0x4263
mem[X,0x00000000800023AE] -> 0x1A05
[1420] [M]: 0x00000000800023AC (0x1A054263) blt x10, x0, 0x1a4                      sv_Mcause+4

mem[X,0x00000000800023B0] -> 0x25F3
mem[X,0x00000000800023B2] -> 0x3000
[1421] [M]: 0x00000000800023B0 (0x300025F3) csrrs x11, mstatus, x0                  common_Mexcpt_handler+0
CSR mstatus (0x300) -> 0x8000000A00007800
x11 <- 0x8000000A00007800

clint mtime 0x00000000000002C7 (mip.MTI <- 0b1, mip.STI <- 0b0)
mem[X,0x00000000800023B4] -> 0x9413
mem[X,0x00000000800023B6] -> 0x02E5
[1422] [M]: 0x00000000800023B4 (0x02E59413) slli x8, x11, 0x2e                      common_Mexcpt_handler+4
x8 <- 0x1E00000000000000

mem[X,0x00000000800023B8] -> 0x5463
mem[X,0x00000000800023BA] -> 0x0004
[1423] [M]: 0x00000000800023B8 (0x00045463) bge x8, x0, 0x8                         common_Mexcpt_handler+8

clint mtime 0x00000000000002C8 (mip.MTI <- 0b1, mip.STI <- 0b0)
mem[X,0x00000000800023C0] -> 0xD493
mem[X,0x00000000800023C2] -> 0x00B5
[1424] [M]: 0x00000000800023C0 (0x00B5D493) srli x9, x11, 0xb                       common_Mexcpt_handler+16
x9 <- 0x001000000140000F

mem[X,0x00000000800023C4] -> 0xF493
mem[X,0x00000000800023C6] -> 0x0034
[1425] [M]: 0x00000000800023C4 (0x0034F493) andi x9, x9, 0x3                        common_Mexcpt_handler+20
x9 <- 0x0000000000000003

clint mtime 0x00000000000002C9 (mip.MTI <- 0b1, mip.STI <- 0b0)
mem[X,0x00000000800023C8] -> 0x8493
mem[X,0x00000000800023CA] -> 0x0014
[1426] [M]: 0x00000000800023C8 (0x00148493) addi x9, x9, 0x1                        common_Mexcpt_handler+24
x9 <- 0x0000000000000004

mem[X,0x00000000800023CC] -> 0xF493
mem[X,0x00000000800023CE] -> 0x0044
[1427] [M]: 0x00000000800023CC (0x0044F493) andi x9, x9, 0x4                        common_Mexcpt_handler+28
x9 <- 0x0000000000000004

clint mtime 0x00000000000002CA (mip.MTI <- 0b1, mip.STI <- 0b0)
mem[X,0x00000000800023D0] -> 0x0593
mem[X,0x00000000800023D2] -> 0x05D0
[1428] [M]: 0x00000000800023D0 (0x05D00593) addi x11, x0, 0x5d                      common_Mexcpt_handler+32
x11 <- 0x000000000000005D

mem[X,0x00000000800023D4] -> 0xD5B3
mem[X,0x00000000800023D6] -> 0x0095
[1429] [M]: 0x00000000800023D4 (0x0095D5B3) srl x11, x11, x9                        common_Mexcpt_handler+36
x11 <- 0x0000000000000005

clint mtime 0x00000000000002CB (mip.MTI <- 0b1, mip.STI <- 0b0)
mem[X,0x00000000800023D8] -> 0xF593
mem[X,0x00000000800023DA] -> 0x0015
[1430] [M]: 0x00000000800023D8 (0x0015F593) andi x11, x11, 0x1                      common_Mexcpt_handler+40
x11 <- 0x0000000000000001

mem[X,0x00000000800023DC] -> 0x8EE3
mem[X,0x00000000800023DE] -> 0xF405
[1431] [M]: 0x00000000800023DC (0xF4058EE3) beq x11, x0, -0xa4                      common_Mexcpt_handler+44

clint mtime 0x00000000000002CC (mip.MTI <- 0b1, mip.STI <- 0b0)
mem[X,0x00000000800023E0] -> 0x0593
mem[X,0x00000000800023E2] -> 0x2980
[1432] [M]: 0x00000000800023E0 (0x29800593) addi x11, x0, 0x298                     common_Mexcpt_handler+48
x11 <- 0x0000000000000298

mem[X,0x00000000800023E4] -> 0xF413
mem[X,0x00000000800023E6] -> 0x0014
[1433] [M]: 0x00000000800023E4 (0x0014F413) andi x8, x9, 0x1                        common_Mexcpt_handler+52
x8 <- 0x0000000000000000

clint mtime 0x00000000000002CD (mip.MTI <- 0b1, mip.STI <- 0b0)
mem[X,0x00000000800023E8] -> 0x95B3
mem[X,0x00000000800023EA] -> 0x0085
[1434] [M]: 0x00000000800023E8 (0x008595B3) sll x11, x11, x8                        common_Mexcpt_handler+56
x11 <- 0x0000000000000298

mem[X,0x00000000800023EC] -> 0x9413
mem[X,0x00000000800023EE] -> 0x03D4
[1435] [M]: 0x00000000800023EC (0x03D49413) slli x8, x9, 0x3d                       common_Mexcpt_handler+60
x8 <- 0x8000000000000000

clint mtime 0x00000000000002CE (mip.MTI <- 0b1, mip.STI <- 0b0)
mem[X,0x00000000800023F0] -> 0x5413
mem[X,0x00000000800023F2] -> 0x43F4
[1436] [M]: 0x00000000800023F0 (0x43F45413) srai x8, x8, 0x3f                       common_Mexcpt_handler+64
x8 <- 0xFFFFFFFFFFFFFFFF

mem[X,0x00000000800023F4] -> 0x4413
mem[X,0x00000000800023F6] -> 0xFFF4
[1437] [M]: 0x00000000800023F4 (0xFFF44413) xori x8, x8, -0x1                       common_Mexcpt_handler+68
x8 <- 0x0000000000000000

clint mtime 0x00000000000002CF (mip.MTI <- 0b1, mip.STI <- 0b0)
mem[X,0x00000000800023F8] -> 0xF4B3
mem[X,0x00000000800023FA] -> 0x0085
[1438] [M]: 0x00000000800023F8 (0x0085F4B3) and x9, x11, x8                         common_Mexcpt_handler+72
x9 <- 0x0000000000000000

mem[X,0x00000000800023FC] -> 0x84B3
mem[X,0x00000000800023FE] -> 0x0024
[1439] [M]: 0x00000000800023FC (0x002484B3) add x9, x9, x2                          vmem_adj_Mepc+0
x9 <- 0x0000000080005000

clint mtime 0x00000000000002D0 (mip.MTI <- 0b1, mip.STI <- 0b0)
mem[X,0x0000000080002400] -> 0x23F3
mem[X,0x0000000080002402] -> 0x3410
[1440] [M]: 0x0000000080002400 (0x341023F3) csrrs x7, mepc, x0                      vmem_adj_Mepc+4
CSR mepc (0x341) -> 0x00000000800006F2
x7 <- 0x00000000800006F2

mem[X,0x0000000080002404] -> 0x0413
mem[X,0x0000000080002406] -> 0x0004
[1441] [M]: 0x0000000080002404 (0x00040413) addi x8, x8, 0x0                        vmem_adj_Mepc+8
x8 <- 0x0000000000000000

clint mtime 0x00000000000002D1 (mip.MTI <- 0b1, mip.STI <- 0b0)
mem[X,0x0000000080002408] -> 0x006F
mem[X,0x000000008000240A] -> 0x0400
[1442] [M]: 0x0000000080002408 (0x0400006F) jal x0, 0x40                            vmem_adj_Mepc+12

mem[X,0x0000000080002448] -> 0x8433
mem[X,0x000000008000244A] -> 0x4083
[1443] [M]: 0x0000000080002448 (0x40838433) sub x8, x7, x8                          adj_Mepc+0
x8 <- 0x00000000800006F2

clint mtime 0x00000000000002D2 (mip.MTI <- 0b1, mip.STI <- 0b0)
mem[X,0x000000008000244C] -> 0x3823
mem[X,0x000000008000244E] -> 0x0083
[1444] [M]: 0x000000008000244C (0x00833823) sd x8, 0x10(x6)                         sv_Mepc+0
mem[W,0x0000000080006430] <- 0x00000000800006F2

mem[X,0x0000000080002450] -> 0x55B7
mem[X,0x0000000080002452] -> 0x0000
[1445] [M]: 0x0000000080002450 (0x000055B7) lui x11, 0x5                            sv_Mepc+4
x11 <- 0x0000000000005000

clint mtime 0x00000000000002D3 (mip.MTI <- 0b1, mip.STI <- 0b0)
mem[X,0x0000000080002454] -> 0x8593
mem[X,0x0000000080002456] -> 0x6675
[1446] [M]: 0x0000000080002454 (0x66758593) addi x11, x11, 0x667                    sv_Mepc+8
x11 <- 0x0000000000005667

mem[X,0x0000000080002458] -> 0x9593
mem[X,0x000000008000245A] -> 0x0015
[1447] [M]: 0x0000000080002458 (0x00159593) slli x11, x11, 0x1                      sv_Mepc+12
x11 <- 0x000000000000ACCE

clint mtime 0x00000000000002D4 (mip.MTI <- 0b1, mip.STI <- 0b0)
mem[X,0x000000008000245C] -> 0x9063
mem[X,0x000000008000245E] -> 0x02B1
[1448] [M]: 0x000000008000245C (0x02B19063) bne x3, x11, 0x20                       sv_Mepc+16

mem[X,0x000000008000247C] -> 0xF593
mem[X,0x000000008000247E] -> 0xFFC3
[1449] [M]: 0x000000008000247C (0xFFC3F593) andi x11, x7, -0x4                      adj_Mepc_rtn+0
x11 <- 0x00000000800006F0

clint mtime 0x00000000000002D5 (mip.MTI <- 0b1, mip.STI <- 0b0)
mem[X,0x0000000080002480] -> 0x8593
mem[X,0x0000000080002482] -> 0x0085
[1450] [M]: 0x0000000080002480 (0x00858593) addi x11, x11, 0x8                      adj_Mepc_rtn+4
x11 <- 0x00000000800006F8

mem[X,0x0000000080002484] -> 0x9073
mem[X,0x0000000080002486] -> 0x3415
[1451] [M]: 0x0000000080002484 (0x34159073) csrrw x0, mepc, x11                     adj_Mepc_rtn+8
CSR mepc (0x341) <- 0x00000000800006F8

clint mtime 0x00000000000002D6 (mip.MTI <- 0b1, mip.STI <- 0b0)
mem[X,0x0000000080002488] -> 0x23F3
mem[X,0x000000008000248A] -> 0x3430
[1452] [M]: 0x0000000080002488 (0x343023F3) csrrs x7, mtval, x0                     skp_adj_Mepc+0
CSR mtval (0x343) -> 0x0000000080002000
x7 <- 0x0000000080002000

mem[X,0x000000008000248C] -> 0x7513
mem[X,0x000000008000248E] -> 0x00F5
[1453] [M]: 0x000000008000248C (0x00F57513) andi x10, x10, 0xf                      chk_Mtval+0
x10 <- 0x0000000000000007

clint mtime 0x00000000000002D7 (mip.MTI <- 0b1, mip.STI <- 0b0)
mem[X,0x0000000080002490] -> 0x0437
mem[X,0x0000000080002492] -> 0x0000
[1454] [M]: 0x0000000080002490 (0x00000437) lui x8, 0x0                             chk_Mtval+4
x8 <- 0x0000000000000000

mem[X,0x0000000080002494] -> 0x0413
mem[X,0x0000000080002496] -> 0x0004
[1455] [M]: 0x0000000080002494 (0x00040413) addi x8, x8, 0x0                        chk_Mtval+8
x8 <- 0x0000000000000000

clint mtime 0x00000000000002D8 (mip.MTI <- 0b1, mip.STI <- 0b0)
mem[X,0x0000000080002498] -> 0x1413
mem[X,0x000000008000249A] -> 0x00B4
[1456] [M]: 0x0000000080002498 (0x00B41413) slli x8, x8, 0xb                        chk_Mtval+12
x8 <- 0x0000000000000000

mem[X,0x000000008000249C] -> 0x0413
mem[X,0x000000008000249E] -> 0x0004
[1457] [M]: 0x000000008000249C (0x00040413) addi x8, x8, 0x0                        chk_Mtval+16
x8 <- 0x0000000000000000

clint mtime 0x00000000000002D9 (mip.MTI <- 0b1, mip.STI <- 0b0)
mem[X,0x00000000800024A0] -> 0x1413
mem[X,0x00000000800024A2] -> 0x00B4
[1458] [M]: 0x00000000800024A0 (0x00B41413) slli x8, x8, 0xb                        chk_Mtval+20
x8 <- 0x0000000000000000

mem[X,0x00000000800024A4] -> 0x0413
mem[X,0x00000000800024A6] -> 0x02C4
[1459] [M]: 0x00000000800024A4 (0x02C40413) addi x8, x8, 0x2c                       chk_Mtval+24
x8 <- 0x000000000000002C

clint mtime 0x00000000000002DA (mip.MTI <- 0b1, mip.STI <- 0b0)
mem[X,0x00000000800024A8] -> 0x1413
mem[X,0x00000000800024AA] -> 0x00A4
[1460] [M]: 0x00000000800024A8 (0x00A41413) slli x8, x8, 0xa                        chk_Mtval+28
x8 <- 0x000000000000B000

mem[X,0x00000000800024AC] -> 0x0413
mem[X,0x00000000800024AE] -> 0x0FB4
[1461] [M]: 0x00000000800024AC (0x0FB40413) addi x8, x8, 0xfb                       chk_Mtval+32
x8 <- 0x000000000000B0FB

clint mtime 0x00000000000002DB (mip.MTI <- 0b1, mip.STI <- 0b0)
mem[X,0x00000000800024B0] -> 0x5433
mem[X,0x00000000800024B2] -> 0x00A4
[1462] [M]: 0x00000000800024B0 (0x00A45433) srl x8, x8, x10                         chk_Mtval+36
x8 <- 0x0000000000000161

mem[X,0x00000000800024B4] -> 0x1413
mem[X,0x00000000800024B6] -> 0x03F4
[1463] [M]: 0x00000000800024B4 (0x03F41413) slli x8, x8, 0x3f                       chk_Mtval+40
x8 <- 0x8000000000000000

clint mtime 0x00000000000002DC (mip.MTI <- 0b1, mip.STI <- 0b0)
mem[X,0x00000000800024B8] -> 0x5C63
mem[X,0x00000000800024BA] -> 0x0404
[1464] [M]: 0x00000000800024B8 (0x04045C63) bge x8, x0, 0x58                        chk_Mtval+44

mem[X,0x00000000800024BC] -> 0xB403
mem[X,0x00000000800024BE] -> 0x2084
[1465] [M]: 0x00000000800024BC (0x2084B403) ld x8, 0x208(x9)                        vmem_adj_Mtval+0
mem[R,0x0000000080005208] -> 0x00000000800003B4
x8 <- 0x00000000800003B4

clint mtime 0x00000000000002DD (mip.MTI <- 0b1, mip.STI <- 0b0)
mem[X,0x00000000800024C0] -> 0xB583
mem[X,0x00000000800024C2] -> 0x2104
[1466] [M]: 0x00000000800024C0 (0x2104B583) ld x11, 0x210(x9)                       vmem_adj_Mtval+4
mem[R,0x0000000080005210] -> 0x0000000000001C5A
x11 <- 0x0000000000001C5A

mem[X,0x00000000800024C4] -> 0x85B3
mem[X,0x00000000800024C6] -> 0x0085
[1467] [M]: 0x00000000800024C4 (0x008585B3) add x11, x11, x8                        vmem_adj_Mtval+8
x11 <- 0x000000008000200E

clint mtime 0x00000000000002DE (mip.MTI <- 0b1, mip.STI <- 0b0)
mem[X,0x00000000800024C8] -> 0xF463
mem[X,0x00000000800024CA] -> 0x00B3
[1468] [M]: 0x00000000800024C8 (0x00B3F463) bgeu x7, x11, 0x8                       vmem_adj_Mtval+12

mem[X,0x00000000800024CC] -> 0xF063
mem[X,0x00000000800024CE] -> 0x0483
[1469] [M]: 0x00000000800024CC (0x0483F063) bgeu x7, x8, 0x40                       vmem_adj_Mtval+16

clint mtime 0x00000000000002DF (mip.MTI <- 0b1, mip.STI <- 0b0)
mem[X,0x000000008000250C] -> 0x8433
mem[X,0x000000008000250E] -> 0x4083
[1470] [M]: 0x000000008000250C (0x40838433) sub x8, x7, x8                          adj_Mtval+0
x8 <- 0x0000000000001C4C

mem[X,0x0000000080002510] -> 0x3C23
mem[X,0x0000000080002512] -> 0x0083
[1471] [M]: 0x0000000080002510 (0x00833C23) sd x8, 0x18(x6)                         sv_Mtval+0
mem[W,0x0000000080006438] <- 0x0000000000001C4C

clint mtime 0x00000000000002E0 (mip.MTI <- 0b1, mip.STI <- 0b0)
mem[X,0x0000000080002514] -> 0x3483
mem[X,0x0000000080002516] -> 0x2181
[1472] [M]: 0x0000000080002514 (0x21813483) ld x9, 0x218(x2)                        skp_Mtval+0
mem[R,0x0000000080005218] -> 0x0000000080006440
x9 <- 0x0000000080006440

mem[X,0x0000000080002518] -> 0x3383
mem[X,0x000000008000251A] -> 0x1F81
[1473] [M]: 0x0000000080002518 (0x1F813383) ld x7, 0x1f8(x2)                        skp_Mtval+4
mem[R,0x00000000800051F8] -> 0x0000000080006210
x7 <- 0x0000000080006210

clint mtime 0x00000000000002E1 (mip.MTI <- 0b1, mip.STI <- 0b0)
mem[X,0x000000008000251C] -> 0x3303
mem[X,0x000000008000251E] -> 0x2001
[1474] [M]: 0x000000008000251C (0x20013303) ld x6, 0x200(x2)                        skp_Mtval+8
mem[R,0x0000000080005200] -> 0x0000000000000920
x6 <- 0x0000000000000920

mem[X,0x0000000080002520] -> 0x0333
mem[X,0x0000000080002522] -> 0x0073
[1475] [M]: 0x0000000080002520 (0x00730333) add x6, x6, x7                          skp_Mtval+12
x6 <- 0x0000000080006B30

clint mtime 0x00000000000002E2 (mip.MTI <- 0b1, mip.STI <- 0b0)
mem[X,0x0000000080002524] -> 0x69E3
mem[X,0x0000000080002526] -> 0xAE93
[1476] [M]: 0x0000000080002524 (0xAE9369E3) bltu x6, x9, -0x50e                     skp_Mtval+16

mem[X,0x0000000080002528] -> 0x0393
mem[X,0x000000008000252A] -> 0x2000
[1477] [M]: 0x0000000080002528 (0x20000393) addi x7, x0, 0x200                      skp_Mtval+20
x7 <- 0x0000000000000200

clint mtime 0x00000000000002E3 (mip.MTI <- 0b1, mip.STI <- 0b0)
mem[X,0x000000008000252C] -> 0x006F
mem[X,0x000000008000252E] -> 0x0400
[1478] [M]: 0x000000008000252C (0x0400006F) jal x0, 0x40                            skp_Mtval+24

mem[X,0x000000008000256C] -> 0x0417
mem[X,0x000000008000256E] -> 0x0000
[1479] [M]: 0x000000008000256C (0x00000417) auipc x8, 0x0                           spcl_Mhandler+0
x8 <- 0x000000008000256C

clint mtime 0x00000000000002E4 (mip.MTI <- 0b1, mip.STI <- 0b0)
mem[X,0x0000000080002570] -> 0x0413
mem[X,0x0000000080002572] -> 0x03C4
[1480] [M]: 0x0000000080002570 (0x03C40413) addi x8, x8, 0x3c                       spcl_Mhandler+4
x8 <- 0x00000000800025A8

mem[X,0x0000000080002574] -> 0x0433
mem[X,0x0000000080002576] -> 0x0074
[1481] [M]: 0x0000000080002574 (0x00740433) add x8, x8, x7                          spcl_Mhandler+8
x8 <- 0x00000000800027A8

clint mtime 0x00000000000002E5 (mip.MTI <- 0b1, mip.STI <- 0b0)
mem[X,0x0000000080002578] -> 0x1393
mem[X,0x000000008000257A] -> 0x0035
[1482] [M]: 0x0000000080002578 (0x00351393) slli x7, x10, 0x3                       spcl_Mhandler+12
x7 <- 0x0000000000000038

mem[X,0x000000008000257C] -> 0x0433
mem[X,0x000000008000257E] -> 0x0074
[1483] [M]: 0x000000008000257C (0x00740433) add x8, x8, x7                          spcl_Mhandler+16
x8 <- 0x00000000800027E0

clint mtime 0x00000000000002E6 (mip.MTI <- 0b1, mip.STI <- 0b0)
mem[X,0x0000000080002580] -> 0x7413
mem[X,0x0000000080002582] -> 0xFF84
[1484] [M]: 0x0000000080002580 (0xFF847413) andi x8, x8, -0x8                       spcl_Mhandler+20
x8 <- 0x00000000800027E0

mem[X,0x0000000080002584] -> 0x3403
mem[X,0x0000000080002586] -> 0x0004
[1485] [M]: 0x0000000080002584 (0x00043403) ld x8, 0x0(x8)                          spcl_Mhandler+24
mem[R,0x00000000800027E0] -> 0x000000000000000F
x8 <- 0x000000000000000F

clint mtime 0x00000000000002E7 (mip.MTI <- 0b1, mip.STI <- 0b0)
mem[X,0x0000000080002588] -> 0x01E3
mem[X,0x000000008000258A] -> 0xB204
[1486] [M]: 0x0000000080002588 (0xB20401E3) beq x8, x0, -0x4de                      spcl_Mdispatch_hndling+0

mem[X,0x000000008000258C] -> 0x1393
mem[X,0x000000008000258E] -> 0x03F4
[1487] [M]: 0x000000008000258C (0x03F41393) slli x7, x8, 0x3f                       spcl_Mdispatch_hndling+4
x7 <- 0x8000000000000000

clint mtime 0x00000000000002E8 (mip.MTI <- 0b1, mip.STI <- 0b0)
mem[X,0x0000000080002590] -> 0xD863
mem[X,0x0000000080002592] -> 0x0003
[1488] [M]: 0x0000000080002590 (0x0003D863) bge x7, x0, 0x10                        spcl_Mdispatch_hndling+8

mem[X,0x0000000080002594] -> 0x5413
mem[X,0x0000000080002596] -> 0x0014
[1489] [M]: 0x0000000080002594 (0x00145413) srli x8, x8, 0x1                        spcl_Mdispatch_hndling+12
x8 <- 0x0000000000000007

clint mtime 0x00000000000002E9 (mip.MTI <- 0b1, mip.STI <- 0b0)
mem[X,0x0000000080002598] -> 0x0CE3
mem[X,0x000000008000259A] -> 0xF885
[1490] [M]: 0x0000000080002598 (0xF8850CE3) beq x10, x8, -0x68                      spcl_Mdispatch_hndling+16

mem[X,0x0000000080002530] -> 0x3303
mem[X,0x0000000080002532] -> 0x2601
[1491] [M]: 0x0000000080002530 (0x26013303) ld x6, 0x260(x2)                        resto_Mrtn+0
mem[R,0x0000000080005260] -> 0x000000001FDDB7D5
x6 <- 0x000000001FDDB7D5

clint mtime 0x00000000000002EA (mip.MTI <- 0b1, mip.STI <- 0b0)
mem[X,0x0000000080002534] -> 0x3383
mem[X,0x0000000080002536] -> 0x2681
[1492] [M]: 0x0000000080002534 (0x26813383) ld x7, 0x268(x2)                        resto_Mrtn+4
mem[R,0x0000000080005268] -> 0x00000000003FBB6F
x7 <- 0x00000000003FBB6F

mem[X,0x0000000080002538] -> 0x3403
mem[X,0x000000008000253A] -> 0x2701
[1493] [M]: 0x0000000080002538 (0x27013403) ld x8, 0x270(x2)                        resto_Mrtn+8
mem[R,0x0000000080005270] -> 0x0000000080002000
x8 <- 0x0000000080002000

clint mtime 0x00000000000002EB (mip.MTI <- 0b1, mip.STI <- 0b0)
mem[X,0x000000008000253C] -> 0x3483
mem[X,0x000000008000253E] -> 0x2781
[1494] [M]: 0x000000008000253C (0x27813483) ld x9, 0x278(x2)                        resto_Mrtn+12
mem[R,0x0000000080005278] -> 0x00000000000000FE
x9 <- 0x00000000000000FE

mem[X,0x0000000080002540] -> 0x3503
mem[X,0x0000000080002542] -> 0x2801
[1495] [M]: 0x0000000080002540 (0x28013503) ld x10, 0x280(x2)                       resto_Mrtn+16
mem[R,0x0000000080005280] -> 0x0000000000002000
x10 <- 0x0000000000002000

clint mtime 0x00000000000002EC (mip.MTI <- 0b1, mip.STI <- 0b0)
mem[X,0x0000000080002544] -> 0x3583
mem[X,0x0000000080002546] -> 0x2881
[1496] [M]: 0x0000000080002544 (0x28813583) ld x11, 0x288(x2)                       resto_Mrtn+20
mem[R,0x0000000080005288] -> 0x0000000000000000
x11 <- 0x0000000000000000

mem[X,0x0000000080002548] -> 0x3103
mem[X,0x000000008000254A] -> 0x2901
[1497] [M]: 0x0000000080002548 (0x29013103) ld x2, 0x290(x2)                        resto_Mrtn+24
mem[R,0x0000000080005290] -> 0x0000000080002000
x2 <- 0x0000000080002000

clint mtime 0x00000000000002ED (mip.MTI <- 0b1, mip.STI <- 0b0)
mem[X,0x000000008000254C] -> 0x0073
mem[X,0x000000008000254E] -> 0x3020
[1498] [M]: 0x000000008000254C (0x30200073) mret                                    resto_Mrtn+28
CSR mstatus (0x300) <- 0x8000000A00006080
ret-ing from M to M

mem[X,0x00000000800006F8] -> 0x0001
[1499] [M]: 0x00000000800006F8 (0x0001) c.nop                                       main+760

clint mtime 0x00000000000002EE (mip.MTI <- 0b1, mip.STI <- 0b0)
mem[X,0x00000000800006FA] -> 0x0001
[1500] [M]: 0x00000000800006FA (0x0001) c.nop                                       main+762

mem[X,0x00000000800006FC] -> 0x2402
[1501] [M]: 0x00000000800006FC (0x2402) c.fldsp f8, 0x0(x2)                         main+764
trapping from M to M to handle load-access-fault
handling exc#load-access-fault at priv M with tval 0x0000000080002000
CSR mstatus (0x300) <- 0x8000000A00007800
CSR mcause (0x342) <- 0x0000000000000005
CSR mtval (0x343) <- 0x0000000080002000
CSR mepc (0x341) <- 0x00000000800006FC

clint mtime 0x00000000000002EF (mip.MTI <- 0b1, mip.STI <- 0b0)
mem[X,0x0000000080002100] -> 0x006F
mem[X,0x0000000080002102] -> 0x1000
[1502] [M]: 0x0000000080002100 (0x1000006F) jal x0, 0x100                           Mtrampoline+0

mem[X,0x0000000080002200] -> 0x1173
mem[X,0x0000000080002202] -> 0x3401
[1503] [M]: 0x0000000080002200 (0x34011173) csrrw x2, mscratch, x2                  trap_Mhandler+0
CSR mscratch (0x340) <- 0x0000000080002000
x2 <- 0x0000000080005000

clint mtime 0x00000000000002F0 (mip.MTI <- 0b1, mip.STI <- 0b0)
mem[X,0x0000000080002204] -> 0x3423
mem[X,0x0000000080002206] -> 0x28B1
[1504] [M]: 0x0000000080002204 (0x28B13423) sd x11, 0x288(x2)                       trap_Mhandler+4
mem[W,0x0000000080005288] <- 0x0000000000000000

mem[X,0x0000000080002208] -> 0x05EF
mem[X,0x000000008000220A] -> 0x0B80
[1505] [M]: 0x0000000080002208 (0x0B8005EF) jal x11, 0xb8                           trap_Mhandler+8
x11 <- 0x000000008000220C

clint mtime 0x00000000000002F1 (mip.MTI <- 0b1, mip.STI <- 0b0)
mem[X,0x00000000800022C0] -> 0x3023
mem[X,0x00000000800022C2] -> 0x28A1
[1506] [M]: 0x00000000800022C0 (0x28A13023) sd x10, 0x280(x2)                       common_Mhandler+0
mem[W,0x0000000080005280] <- 0x0000000000002000

mem[X,0x00000000800022C4] -> 0x1573
mem[X,0x00000000800022C6] -> 0x3401
[1507] [M]: 0x00000000800022C4 (0x34011573) csrrw x10, mscratch, x2                 common_Mhandler+4
CSR mscratch (0x340) <- 0x0000000080005000
x10 <- 0x0000000080002000

clint mtime 0x00000000000002F2 (mip.MTI <- 0b1, mip.STI <- 0b0)
mem[X,0x00000000800022C8] -> 0x3823
mem[X,0x00000000800022CA] -> 0x28A1
[1508] [M]: 0x00000000800022C8 (0x28A13823) sd x10, 0x290(x2)                       common_Mhandler+8
mem[W,0x0000000080005290] <- 0x0000000080002000

mem[X,0x00000000800022CC] -> 0x3503
mem[X,0x00000000800022CE] -> 0x2301
[1509] [M]: 0x00000000800022CC (0x23013503) ld x10, 0x230(x2)                       common_Mhandler+12
mem[R,0x0000000080005230] -> 0x00000000800022D4
x10 <- 0x00000000800022D4

clint mtime 0x00000000000002F3 (mip.MTI <- 0b1, mip.STI <- 0b0)
mem[X,0x00000000800022D0] -> 0x0067
mem[X,0x00000000800022D2] -> 0x0005
[1510] [M]: 0x00000000800022D0 (0x00050067) jalr x0, 0x0(x10)                       common_Mhandler+16

mem[X,0x00000000800022D4] -> 0x3C23
mem[X,0x00000000800022D6] -> 0x2691
[1511] [M]: 0x00000000800022D4 (0x26913C23) sd x9, 0x278(x2)                        common_Mentry+0
mem[W,0x0000000080005278] <- 0x00000000000000FE

clint mtime 0x00000000000002F4 (mip.MTI <- 0b1, mip.STI <- 0b0)
mem[X,0x00000000800022D8] -> 0x3823
mem[X,0x00000000800022DA] -> 0x2681
[1512] [M]: 0x00000000800022D8 (0x26813823) sd x8, 0x270(x2)                        common_Mentry+4
mem[W,0x0000000080005270] <- 0x0000000080002000

mem[X,0x00000000800022DC] -> 0x3423
mem[X,0x00000000800022DE] -> 0x2671
[1513] [M]: 0x00000000800022DC (0x26713423) sd x7, 0x268(x2)                        common_Mentry+8
mem[W,0x0000000080005268] <- 0x00000000003FBB6F

clint mtime 0x00000000000002F5 (mip.MTI <- 0b1, mip.STI <- 0b0)
mem[X,0x00000000800022E0] -> 0x3023
mem[X,0x00000000800022E2] -> 0x2661
[1514] [M]: 0x00000000800022E0 (0x26613023) sd x6, 0x260(x2)                        common_Mentry+12
mem[W,0x0000000080005260] <- 0x000000001FDDB7D5

mem[X,0x00000000800022E4] -> 0x2573
mem[X,0x00000000800022E6] -> 0x3420
[1515] [M]: 0x00000000800022E4 (0x34202573) csrrs x10, mcause, x0                   spcl_M2mmode_test+0
CSR mcause (0x342) -> 0x0000000000000005
x10 <- 0x0000000000000005

clint mtime 0x00000000000002F6 (mip.MTI <- 0b1, mip.STI <- 0b0)
mem[X,0x00000000800022E8] -> 0x04B7
mem[X,0x00000000800022EA] -> 0x8000
[1516] [M]: 0x00000000800022E8 (0x800004B7) lui x9, -0x80000                        spcl_M2mmode_test+4
x9 <- 0xFFFFFFFF80000000

mem[X,0x00000000800022EC] -> 0x8493
mem[X,0x00000000800022EE] -> 0x0004
[1517] [M]: 0x00000000800022EC (0x00048493) addi x9, x9, 0x0                        spcl_M2mmode_test+8
x9 <- 0xFFFFFFFF80000000

clint mtime 0x00000000000002F7 (mip.MTI <- 0b1, mip.STI <- 0b0)
mem[X,0x00000000800022F0] -> 0x9493
mem[X,0x00000000800022F2] -> 0x00B4
[1518] [M]: 0x00000000800022F0 (0x00B49493) slli x9, x9, 0xb                        spcl_M2mmode_test+12
x9 <- 0xFFFFFC0000000000

mem[X,0x00000000800022F4] -> 0x8493
mem[X,0x00000000800022F6] -> 0x0004
[1519] [M]: 0x00000000800022F4 (0x00048493) addi x9, x9, 0x0                        spcl_M2mmode_test+16
x9 <- 0xFFFFFC0000000000

clint mtime 0x00000000000002F8 (mip.MTI <- 0b1, mip.STI <- 0b0)
mem[X,0x00000000800022F8] -> 0x9493
mem[X,0x00000000800022FA] -> 0x00B4
[1520] [M]: 0x00000000800022F8 (0x00B49493) slli x9, x9, 0xb                        spcl_M2mmode_test+20
x9 <- 0xFFE0000000000000

mem[X,0x00000000800022FC] -> 0x8493
mem[X,0x00000000800022FE] -> 0x0034
[1521] [M]: 0x00000000800022FC (0x00348493) addi x9, x9, 0x3                        spcl_M2mmode_test+24
x9 <- 0xFFE0000000000003

clint mtime 0x00000000000002F9 (mip.MTI <- 0b1, mip.STI <- 0b0)
mem[X,0x0000000080002300] -> 0x9493
mem[X,0x0000000080002302] -> 0x00A4
[1522] [M]: 0x0000000080002300 (0x00A49493) slli x9, x9, 0xa                        spcl_M2mmode_test+28
x9 <- 0x8000000000000C00

mem[X,0x0000000080002304] -> 0x8493
mem[X,0x0000000080002306] -> 0x3FC4
[1523] [M]: 0x0000000080002304 (0x3FC48493) addi x9, x9, 0x3fc                      spcl_M2mmode_test+32
x9 <- 0x8000000000000FFC

clint mtime 0x00000000000002FA (mip.MTI <- 0b1, mip.STI <- 0b0)
mem[X,0x0000000080002308] -> 0xF4B3
mem[X,0x000000008000230A] -> 0x00A4
[1524] [M]: 0x0000000080002308 (0x00A4F4B3) and x9, x9, x10                         spcl_M2mmode_test+36
x9 <- 0x0000000000000004

mem[X,0x000000008000230C] -> 0x8493
mem[X,0x000000008000230E] -> 0xFF84
[1525] [M]: 0x000000008000230C (0xFF848493) addi x9, x9, -0x8                       spcl_M2mmode_test+40
x9 <- 0xFFFFFFFFFFFFFFFC

clint mtime 0x00000000000002FB (mip.MTI <- 0b1, mip.STI <- 0b0)
mem[X,0x0000000080002310] -> 0x9663
mem[X,0x0000000080002312] -> 0x0004
[1526] [M]: 0x0000000080002310 (0x00049663) bne x9, x0, 0xc                         spcl_M2mmode_test+44

mem[X,0x000000008000231C] -> 0x0393
mem[X,0x000000008000231E] -> 0x0200
[1527] [M]: 0x000000008000231C (0x02000393) addi x7, x0, 0x20                       Mtrapsig_ptr_upd+0
x7 <- 0x0000000000000020

clint mtime 0x00000000000002FC (mip.MTI <- 0b1, mip.STI <- 0b0)
mem[X,0x0000000080002320] -> 0x5263
mem[X,0x0000000080002322] -> 0x0405
[1528] [M]: 0x0000000080002320 (0x04055263) bge x10, x0, 0x44                       Mtrapsig_ptr_upd+4

mem[X,0x0000000080002364] -> 0x2373
mem[X,0x0000000080002366] -> 0x3010
[1529] [M]: 0x0000000080002364 (0x30102373) csrrs x6, misa, x0                      Mxcpt_sig_sv+0
CSR misa (0x301) -> 0x800000000034112F
x6 <- 0x800000000034112F

clint mtime 0x00000000000002FD (mip.MTI <- 0b1, mip.STI <- 0b0)
mem[X,0x0000000080002368] -> 0x1313
mem[X,0x000000008000236A] -> 0x0383
[1530] [M]: 0x0000000080002368 (0x03831313) slli x6, x6, 0x38                       Mxcpt_sig_sv+4
x6 <- 0x2F00000000000000

mem[X,0x000000008000236C] -> 0x5463
mem[X,0x000000008000236E] -> 0x0003
[1531] [M]: 0x000000008000236C (0x00035463) bge x6, x0, 0x8                         Mxcpt_sig_sv+8

clint mtime 0x00000000000002FE (mip.MTI <- 0b1, mip.STI <- 0b0)
mem[X,0x0000000080002374] -> 0x3303
mem[X,0x0000000080002376] -> 0x2181
[1532] [M]: 0x0000000080002374 (0x21813303) ld x6, 0x218(x2)                        Mtrap_sig_sv+0
mem[R,0x0000000080005218] -> 0x0000000080006440
x6 <- 0x0000000080006440

mem[X,0x0000000080002378] -> 0x04B3
mem[X,0x000000008000237A] -> 0x0073
[1533] [M]: 0x0000000080002378 (0x007304B3) add x9, x6, x7                          Mtrap_sig_sv+4
x9 <- 0x0000000080006460

clint mtime 0x00000000000002FF (mip.MTI <- 0b1, mip.STI <- 0b0)
mem[X,0x000000008000237C] -> 0x3C23
mem[X,0x000000008000237E] -> 0x2091
[1534] [M]: 0x000000008000237C (0x20913C23) sd x9, 0x218(x2)                        Mtrap_sig_sv+8
mem[W,0x0000000080005218] <- 0x0000000080006460

mem[X,0x0000000080002380] -> 0x3403
mem[X,0x0000000080002382] -> 0x1F81
[1535] [M]: 0x0000000080002380 (0x1F813403) ld x8, 0x1f8(x2)                        Mtrap_sig_sv+12
mem[R,0x00000000800051F8] -> 0x0000000080006210
x8 <- 0x0000000080006210

clint mtime 0x0000000000000300 (mip.MTI <- 0b1, mip.STI <- 0b0)
mem[X,0x0000000080002384] -> 0x0333
mem[X,0x0000000080002386] -> 0x4083
[1536] [M]: 0x0000000080002384 (0x40830333) sub x6, x6, x8                          Mtrap_sig_sv+16
x6 <- 0x0000000000000230

mem[X,0x0000000080002388] -> 0x3403
mem[X,0x000000008000238A] -> 0x1F81
[1537] [M]: 0x0000000080002388 (0x1F813403) ld x8, 0x1f8(x2)                        Mtrap_sig_sv+20
mem[R,0x00000000800051F8] -> 0x0000000080006210
x8 <- 0x0000000080006210

clint mtime 0x0000000000000301 (mip.MTI <- 0b1, mip.STI <- 0b0)
mem[X,0x000000008000238C] -> 0x0333
mem[X,0x000000008000238E] -> 0x0083
[1538] [M]: 0x000000008000238C (0x00830333) add x6, x6, x8                          Mtrap_sig_sv+24
x6 <- 0x0000000080006440

mem[X,0x0000000080002390] -> 0x3403
mem[X,0x0000000080002392] -> 0x2401
[1539] [M]: 0x0000000080002390 (0x24013403) ld x8, 0x240(x2)                        Mtrap_sig_sv+28
mem[R,0x0000000080005240] -> 0x0000000080002100
x8 <- 0x0000000080002100

clint mtime 0x0000000000000302 (mip.MTI <- 0b1, mip.STI <- 0b0)
mem[X,0x0000000080002394] -> 0x85B3
mem[X,0x0000000080002396] -> 0x4085
[1540] [M]: 0x0000000080002394 (0x408585B3) sub x11, x11, x8                        sv_Mvect+0
x11 <- 0x000000000000010C

mem[X,0x0000000080002398] -> 0x9593
mem[X,0x000000008000239A] -> 0x0045
[1541] [M]: 0x0000000080002398 (0x00459593) slli x11, x11, 0x4                      sv_Mvect+4
x11 <- 0x00000000000010C0

clint mtime 0x0000000000000303 (mip.MTI <- 0b1, mip.STI <- 0b0)
mem[X,0x000000008000239C] -> 0xE5B3
mem[X,0x000000008000239E] -> 0x0075
[1542] [M]: 0x000000008000239C (0x0075E5B3) or x11, x11, x7                         sv_Mvect+8
x11 <- 0x00000000000010E0

mem[X,0x00000000800023A0] -> 0x8593
mem[X,0x00000000800023A2] -> 0x0035
[1543] [M]: 0x00000000800023A0 (0x00358593) addi x11, x11, 0x3                      sv_Mvect+12
x11 <- 0x00000000000010E3

clint mtime 0x0000000000000304 (mip.MTI <- 0b1, mip.STI <- 0b0)
mem[X,0x00000000800023A4] -> 0x3023
mem[X,0x00000000800023A6] -> 0x00B3
[1544] [M]: 0x00000000800023A4 (0x00B33023) sd x11, 0x0(x6)                         sv_Mvect+16
mem[W,0x0000000080006440] <- 0x00000000000010E3

mem[X,0x00000000800023A8] -> 0x3423
mem[X,0x00000000800023AA] -> 0x00A3
[1545] [M]: 0x00000000800023A8 (0x00A33423) sd x10, 0x8(x6)                         sv_Mcause+0
mem[W,0x0000000080006448] <- 0x0000000000000005

clint mtime 0x0000000000000305 (mip.MTI <- 0b1, mip.STI <- 0b0)
mem[X,0x00000000800023AC] -> 0x4263
mem[X,0x00000000800023AE] -> 0x1A05
[1546] [M]: 0x00000000800023AC (0x1A054263) blt x10, x0, 0x1a4                      sv_Mcause+4

mem[X,0x00000000800023B0] -> 0x25F3
mem[X,0x00000000800023B2] -> 0x3000
[1547] [M]: 0x00000000800023B0 (0x300025F3) csrrs x11, mstatus, x0                  common_Mexcpt_handler+0
CSR mstatus (0x300) -> 0x8000000A00007800
x11 <- 0x8000000A00007800

clint mtime 0x0000000000000306 (mip.MTI <- 0b1, mip.STI <- 0b0)
mem[X,0x00000000800023B4] -> 0x9413
mem[X,0x00000000800023B6] -> 0x02E5
[1548] [M]: 0x00000000800023B4 (0x02E59413) slli x8, x11, 0x2e                      common_Mexcpt_handler+4
x8 <- 0x1E00000000000000

mem[X,0x00000000800023B8] -> 0x5463
mem[X,0x00000000800023BA] -> 0x0004
[1549] [M]: 0x00000000800023B8 (0x00045463) bge x8, x0, 0x8                         common_Mexcpt_handler+8

clint mtime 0x0000000000000307 (mip.MTI <- 0b1, mip.STI <- 0b0)
mem[X,0x00000000800023C0] -> 0xD493
mem[X,0x00000000800023C2] -> 0x00B5
[1550] [M]: 0x00000000800023C0 (0x00B5D493) srli x9, x11, 0xb                       common_Mexcpt_handler+16
x9 <- 0x001000000140000F

mem[X,0x00000000800023C4] -> 0xF493
mem[X,0x00000000800023C6] -> 0x0034
[1551] [M]: 0x00000000800023C4 (0x0034F493) andi x9, x9, 0x3                        common_Mexcpt_handler+20
x9 <- 0x0000000000000003

clint mtime 0x0000000000000308 (mip.MTI <- 0b1, mip.STI <- 0b0)
mem[X,0x00000000800023C8] -> 0x8493
mem[X,0x00000000800023CA] -> 0x0014
[1552] [M]: 0x00000000800023C8 (0x00148493) addi x9, x9, 0x1                        common_Mexcpt_handler+24
x9 <- 0x0000000000000004

mem[X,0x00000000800023CC] -> 0xF493
mem[X,0x00000000800023CE] -> 0x0044
[1553] [M]: 0x00000000800023CC (0x0044F493) andi x9, x9, 0x4                        common_Mexcpt_handler+28
x9 <- 0x0000000000000004

clint mtime 0x0000000000000309 (mip.MTI <- 0b1, mip.STI <- 0b0)
mem[X,0x00000000800023D0] -> 0x0593
mem[X,0x00000000800023D2] -> 0x05D0
[1554] [M]: 0x00000000800023D0 (0x05D00593) addi x11, x0, 0x5d                      common_Mexcpt_handler+32
x11 <- 0x000000000000005D

mem[X,0x00000000800023D4] -> 0xD5B3
mem[X,0x00000000800023D6] -> 0x0095
[1555] [M]: 0x00000000800023D4 (0x0095D5B3) srl x11, x11, x9                        common_Mexcpt_handler+36
x11 <- 0x0000000000000005

clint mtime 0x000000000000030A (mip.MTI <- 0b1, mip.STI <- 0b0)
mem[X,0x00000000800023D8] -> 0xF593
mem[X,0x00000000800023DA] -> 0x0015
[1556] [M]: 0x00000000800023D8 (0x0015F593) andi x11, x11, 0x1                      common_Mexcpt_handler+40
x11 <- 0x0000000000000001

mem[X,0x00000000800023DC] -> 0x8EE3
mem[X,0x00000000800023DE] -> 0xF405
[1557] [M]: 0x00000000800023DC (0xF4058EE3) beq x11, x0, -0xa4                      common_Mexcpt_handler+44

clint mtime 0x000000000000030B (mip.MTI <- 0b1, mip.STI <- 0b0)
mem[X,0x00000000800023E0] -> 0x0593
mem[X,0x00000000800023E2] -> 0x2980
[1558] [M]: 0x00000000800023E0 (0x29800593) addi x11, x0, 0x298                     common_Mexcpt_handler+48
x11 <- 0x0000000000000298

mem[X,0x00000000800023E4] -> 0xF413
mem[X,0x00000000800023E6] -> 0x0014
[1559] [M]: 0x00000000800023E4 (0x0014F413) andi x8, x9, 0x1                        common_Mexcpt_handler+52
x8 <- 0x0000000000000000

clint mtime 0x000000000000030C (mip.MTI <- 0b1, mip.STI <- 0b0)
mem[X,0x00000000800023E8] -> 0x95B3
mem[X,0x00000000800023EA] -> 0x0085
[1560] [M]: 0x00000000800023E8 (0x008595B3) sll x11, x11, x8                        common_Mexcpt_handler+56
x11 <- 0x0000000000000298

mem[X,0x00000000800023EC] -> 0x9413
mem[X,0x00000000800023EE] -> 0x03D4
[1561] [M]: 0x00000000800023EC (0x03D49413) slli x8, x9, 0x3d                       common_Mexcpt_handler+60
x8 <- 0x8000000000000000

clint mtime 0x000000000000030D (mip.MTI <- 0b1, mip.STI <- 0b0)
mem[X,0x00000000800023F0] -> 0x5413
mem[X,0x00000000800023F2] -> 0x43F4
[1562] [M]: 0x00000000800023F0 (0x43F45413) srai x8, x8, 0x3f                       common_Mexcpt_handler+64
x8 <- 0xFFFFFFFFFFFFFFFF

mem[X,0x00000000800023F4] -> 0x4413
mem[X,0x00000000800023F6] -> 0xFFF4
[1563] [M]: 0x00000000800023F4 (0xFFF44413) xori x8, x8, -0x1                       common_Mexcpt_handler+68
x8 <- 0x0000000000000000

clint mtime 0x000000000000030E (mip.MTI <- 0b1, mip.STI <- 0b0)
mem[X,0x00000000800023F8] -> 0xF4B3
mem[X,0x00000000800023FA] -> 0x0085
[1564] [M]: 0x00000000800023F8 (0x0085F4B3) and x9, x11, x8                         common_Mexcpt_handler+72
x9 <- 0x0000000000000000

mem[X,0x00000000800023FC] -> 0x84B3
mem[X,0x00000000800023FE] -> 0x0024
[1565] [M]: 0x00000000800023FC (0x002484B3) add x9, x9, x2                          vmem_adj_Mepc+0
x9 <- 0x0000000080005000

clint mtime 0x000000000000030F (mip.MTI <- 0b1, mip.STI <- 0b0)
mem[X,0x0000000080002400] -> 0x23F3
mem[X,0x0000000080002402] -> 0x3410
[1566] [M]: 0x0000000080002400 (0x341023F3) csrrs x7, mepc, x0                      vmem_adj_Mepc+4
CSR mepc (0x341) -> 0x00000000800006FC
x7 <- 0x00000000800006FC

mem[X,0x0000000080002404] -> 0x0413
mem[X,0x0000000080002406] -> 0x0004
[1567] [M]: 0x0000000080002404 (0x00040413) addi x8, x8, 0x0                        vmem_adj_Mepc+8
x8 <- 0x0000000000000000

clint mtime 0x0000000000000310 (mip.MTI <- 0b1, mip.STI <- 0b0)
mem[X,0x0000000080002408] -> 0x006F
mem[X,0x000000008000240A] -> 0x0400
[1568] [M]: 0x0000000080002408 (0x0400006F) jal x0, 0x40                            vmem_adj_Mepc+12

mem[X,0x0000000080002448] -> 0x8433
mem[X,0x000000008000244A] -> 0x4083
[1569] [M]: 0x0000000080002448 (0x40838433) sub x8, x7, x8                          adj_Mepc+0
x8 <- 0x00000000800006FC

clint mtime 0x0000000000000311 (mip.MTI <- 0b1, mip.STI <- 0b0)
mem[X,0x000000008000244C] -> 0x3823
mem[X,0x000000008000244E] -> 0x0083
[1570] [M]: 0x000000008000244C (0x00833823) sd x8, 0x10(x6)                         sv_Mepc+0
mem[W,0x0000000080006450] <- 0x00000000800006FC

mem[X,0x0000000080002450] -> 0x55B7
mem[X,0x0000000080002452] -> 0x0000
[1571] [M]: 0x0000000080002450 (0x000055B7) lui x11, 0x5                            sv_Mepc+4
x11 <- 0x0000000000005000

clint mtime 0x0000000000000312 (mip.MTI <- 0b1, mip.STI <- 0b0)
mem[X,0x0000000080002454] -> 0x8593
mem[X,0x0000000080002456] -> 0x6675
[1572] [M]: 0x0000000080002454 (0x66758593) addi x11, x11, 0x667                    sv_Mepc+8
x11 <- 0x0000000000005667

mem[X,0x0000000080002458] -> 0x9593
mem[X,0x000000008000245A] -> 0x0015
[1573] [M]: 0x0000000080002458 (0x00159593) slli x11, x11, 0x1                      sv_Mepc+12
x11 <- 0x000000000000ACCE

clint mtime 0x0000000000000313 (mip.MTI <- 0b1, mip.STI <- 0b0)
mem[X,0x000000008000245C] -> 0x9063
mem[X,0x000000008000245E] -> 0x02B1
[1574] [M]: 0x000000008000245C (0x02B19063) bne x3, x11, 0x20                       sv_Mepc+16

mem[X,0x000000008000247C] -> 0xF593
mem[X,0x000000008000247E] -> 0xFFC3
[1575] [M]: 0x000000008000247C (0xFFC3F593) andi x11, x7, -0x4                      adj_Mepc_rtn+0
x11 <- 0x00000000800006FC

clint mtime 0x0000000000000314 (mip.MTI <- 0b1, mip.STI <- 0b0)
mem[X,0x0000000080002480] -> 0x8593
mem[X,0x0000000080002482] -> 0x0085
[1576] [M]: 0x0000000080002480 (0x00858593) addi x11, x11, 0x8                      adj_Mepc_rtn+4
x11 <- 0x0000000080000704

mem[X,0x0000000080002484] -> 0x9073
mem[X,0x0000000080002486] -> 0x3415
[1577] [M]: 0x0000000080002484 (0x34159073) csrrw x0, mepc, x11                     adj_Mepc_rtn+8
CSR mepc (0x341) <- 0x0000000080000704

clint mtime 0x0000000000000315 (mip.MTI <- 0b1, mip.STI <- 0b0)
mem[X,0x0000000080002488] -> 0x23F3
mem[X,0x000000008000248A] -> 0x3430
[1578] [M]: 0x0000000080002488 (0x343023F3) csrrs x7, mtval, x0                     skp_adj_Mepc+0
CSR mtval (0x343) -> 0x0000000080002000
x7 <- 0x0000000080002000

mem[X,0x000000008000248C] -> 0x7513
mem[X,0x000000008000248E] -> 0x00F5
[1579] [M]: 0x000000008000248C (0x00F57513) andi x10, x10, 0xf                      chk_Mtval+0
x10 <- 0x0000000000000005

clint mtime 0x0000000000000316 (mip.MTI <- 0b1, mip.STI <- 0b0)
mem[X,0x0000000080002490] -> 0x0437
mem[X,0x0000000080002492] -> 0x0000
[1580] [M]: 0x0000000080002490 (0x00000437) lui x8, 0x0                             chk_Mtval+4
x8 <- 0x0000000000000000

mem[X,0x0000000080002494] -> 0x0413
mem[X,0x0000000080002496] -> 0x0004
[1581] [M]: 0x0000000080002494 (0x00040413) addi x8, x8, 0x0                        chk_Mtval+8
x8 <- 0x0000000000000000

clint mtime 0x0000000000000317 (mip.MTI <- 0b1, mip.STI <- 0b0)
mem[X,0x0000000080002498] -> 0x1413
mem[X,0x000000008000249A] -> 0x00B4
[1582] [M]: 0x0000000080002498 (0x00B41413) slli x8, x8, 0xb                        chk_Mtval+12
x8 <- 0x0000000000000000

mem[X,0x000000008000249C] -> 0x0413
mem[X,0x000000008000249E] -> 0x0004
[1583] [M]: 0x000000008000249C (0x00040413) addi x8, x8, 0x0                        chk_Mtval+16
x8 <- 0x0000000000000000

clint mtime 0x0000000000000318 (mip.MTI <- 0b1, mip.STI <- 0b0)
mem[X,0x00000000800024A0] -> 0x1413
mem[X,0x00000000800024A2] -> 0x00B4
[1584] [M]: 0x00000000800024A0 (0x00B41413) slli x8, x8, 0xb                        chk_Mtval+20
x8 <- 0x0000000000000000

mem[X,0x00000000800024A4] -> 0x0413
mem[X,0x00000000800024A6] -> 0x02C4
[1585] [M]: 0x00000000800024A4 (0x02C40413) addi x8, x8, 0x2c                       chk_Mtval+24
x8 <- 0x000000000000002C

clint mtime 0x0000000000000319 (mip.MTI <- 0b1, mip.STI <- 0b0)
mem[X,0x00000000800024A8] -> 0x1413
mem[X,0x00000000800024AA] -> 0x00A4
[1586] [M]: 0x00000000800024A8 (0x00A41413) slli x8, x8, 0xa                        chk_Mtval+28
x8 <- 0x000000000000B000

mem[X,0x00000000800024AC] -> 0x0413
mem[X,0x00000000800024AE] -> 0x0FB4
[1587] [M]: 0x00000000800024AC (0x0FB40413) addi x8, x8, 0xfb                       chk_Mtval+32
x8 <- 0x000000000000B0FB

clint mtime 0x000000000000031A (mip.MTI <- 0b1, mip.STI <- 0b0)
mem[X,0x00000000800024B0] -> 0x5433
mem[X,0x00000000800024B2] -> 0x00A4
[1588] [M]: 0x00000000800024B0 (0x00A45433) srl x8, x8, x10                         chk_Mtval+36
x8 <- 0x0000000000000587

mem[X,0x00000000800024B4] -> 0x1413
mem[X,0x00000000800024B6] -> 0x03F4
[1589] [M]: 0x00000000800024B4 (0x03F41413) slli x8, x8, 0x3f                       chk_Mtval+40
x8 <- 0x8000000000000000

clint mtime 0x000000000000031B (mip.MTI <- 0b1, mip.STI <- 0b0)
mem[X,0x00000000800024B8] -> 0x5C63
mem[X,0x00000000800024BA] -> 0x0404
[1590] [M]: 0x00000000800024B8 (0x04045C63) bge x8, x0, 0x58                        chk_Mtval+44

mem[X,0x00000000800024BC] -> 0xB403
mem[X,0x00000000800024BE] -> 0x2084
[1591] [M]: 0x00000000800024BC (0x2084B403) ld x8, 0x208(x9)                        vmem_adj_Mtval+0
mem[R,0x0000000080005208] -> 0x00000000800003B4
x8 <- 0x00000000800003B4

clint mtime 0x000000000000031C (mip.MTI <- 0b1, mip.STI <- 0b0)
mem[X,0x00000000800024C0] -> 0xB583
mem[X,0x00000000800024C2] -> 0x2104
[1592] [M]: 0x00000000800024C0 (0x2104B583) ld x11, 0x210(x9)                       vmem_adj_Mtval+4
mem[R,0x0000000080005210] -> 0x0000000000001C5A
x11 <- 0x0000000000001C5A

mem[X,0x00000000800024C4] -> 0x85B3
mem[X,0x00000000800024C6] -> 0x0085
[1593] [M]: 0x00000000800024C4 (0x008585B3) add x11, x11, x8                        vmem_adj_Mtval+8
x11 <- 0x000000008000200E

clint mtime 0x000000000000031D (mip.MTI <- 0b1, mip.STI <- 0b0)
mem[X,0x00000000800024C8] -> 0xF463
mem[X,0x00000000800024CA] -> 0x00B3
[1594] [M]: 0x00000000800024C8 (0x00B3F463) bgeu x7, x11, 0x8                       vmem_adj_Mtval+12

mem[X,0x00000000800024CC] -> 0xF063
mem[X,0x00000000800024CE] -> 0x0483
[1595] [M]: 0x00000000800024CC (0x0483F063) bgeu x7, x8, 0x40                       vmem_adj_Mtval+16

clint mtime 0x000000000000031E (mip.MTI <- 0b1, mip.STI <- 0b0)
mem[X,0x000000008000250C] -> 0x8433
mem[X,0x000000008000250E] -> 0x4083
[1596] [M]: 0x000000008000250C (0x40838433) sub x8, x7, x8                          adj_Mtval+0
x8 <- 0x0000000000001C4C

mem[X,0x0000000080002510] -> 0x3C23
mem[X,0x0000000080002512] -> 0x0083
[1597] [M]: 0x0000000080002510 (0x00833C23) sd x8, 0x18(x6)                         sv_Mtval+0
mem[W,0x0000000080006458] <- 0x0000000000001C4C

clint mtime 0x000000000000031F (mip.MTI <- 0b1, mip.STI <- 0b0)
mem[X,0x0000000080002514] -> 0x3483
mem[X,0x0000000080002516] -> 0x2181
[1598] [M]: 0x0000000080002514 (0x21813483) ld x9, 0x218(x2)                        skp_Mtval+0
mem[R,0x0000000080005218] -> 0x0000000080006460
x9 <- 0x0000000080006460

mem[X,0x0000000080002518] -> 0x3383
mem[X,0x000000008000251A] -> 0x1F81
[1599] [M]: 0x0000000080002518 (0x1F813383) ld x7, 0x1f8(x2)                        skp_Mtval+4
mem[R,0x00000000800051F8] -> 0x0000000080006210
x7 <- 0x0000000080006210

clint mtime 0x0000000000000320 (mip.MTI <- 0b1, mip.STI <- 0b0)
mem[X,0x000000008000251C] -> 0x3303
mem[X,0x000000008000251E] -> 0x2001
[1600] [M]: 0x000000008000251C (0x20013303) ld x6, 0x200(x2)                        skp_Mtval+8
mem[R,0x0000000080005200] -> 0x0000000000000920
x6 <- 0x0000000000000920

mem[X,0x0000000080002520] -> 0x0333
mem[X,0x0000000080002522] -> 0x0073
[1601] [M]: 0x0000000080002520 (0x00730333) add x6, x6, x7                          skp_Mtval+12
x6 <- 0x0000000080006B30

clint mtime 0x0000000000000321 (mip.MTI <- 0b1, mip.STI <- 0b0)
mem[X,0x0000000080002524] -> 0x69E3
mem[X,0x0000000080002526] -> 0xAE93
[1602] [M]: 0x0000000080002524 (0xAE9369E3) bltu x6, x9, -0x50e                     skp_Mtval+16

mem[X,0x0000000080002528] -> 0x0393
mem[X,0x000000008000252A] -> 0x2000
[1603] [M]: 0x0000000080002528 (0x20000393) addi x7, x0, 0x200                      skp_Mtval+20
x7 <- 0x0000000000000200

clint mtime 0x0000000000000322 (mip.MTI <- 0b1, mip.STI <- 0b0)
mem[X,0x000000008000252C] -> 0x006F
mem[X,0x000000008000252E] -> 0x0400
[1604] [M]: 0x000000008000252C (0x0400006F) jal x0, 0x40                            skp_Mtval+24

mem[X,0x000000008000256C] -> 0x0417
mem[X,0x000000008000256E] -> 0x0000
[1605] [M]: 0x000000008000256C (0x00000417) auipc x8, 0x0                           spcl_Mhandler+0
x8 <- 0x000000008000256C

clint mtime 0x0000000000000323 (mip.MTI <- 0b1, mip.STI <- 0b0)
mem[X,0x0000000080002570] -> 0x0413
mem[X,0x0000000080002572] -> 0x03C4
[1606] [M]: 0x0000000080002570 (0x03C40413) addi x8, x8, 0x3c                       spcl_Mhandler+4
x8 <- 0x00000000800025A8

mem[X,0x0000000080002574] -> 0x0433
mem[X,0x0000000080002576] -> 0x0074
[1607] [M]: 0x0000000080002574 (0x00740433) add x8, x8, x7                          spcl_Mhandler+8
x8 <- 0x00000000800027A8

clint mtime 0x0000000000000324 (mip.MTI <- 0b1, mip.STI <- 0b0)
mem[X,0x0000000080002578] -> 0x1393
mem[X,0x000000008000257A] -> 0x0035
[1608] [M]: 0x0000000080002578 (0x00351393) slli x7, x10, 0x3                       spcl_Mhandler+12
x7 <- 0x0000000000000028

mem[X,0x000000008000257C] -> 0x0433
mem[X,0x000000008000257E] -> 0x0074
[1609] [M]: 0x000000008000257C (0x00740433) add x8, x8, x7                          spcl_Mhandler+16
x8 <- 0x00000000800027D0

clint mtime 0x0000000000000325 (mip.MTI <- 0b1, mip.STI <- 0b0)
mem[X,0x0000000080002580] -> 0x7413
mem[X,0x0000000080002582] -> 0xFF84
[1610] [M]: 0x0000000080002580 (0xFF847413) andi x8, x8, -0x8                       spcl_Mhandler+20
x8 <- 0x00000000800027D0

mem[X,0x0000000080002584] -> 0x3403
mem[X,0x0000000080002586] -> 0x0004
[1611] [M]: 0x0000000080002584 (0x00043403) ld x8, 0x0(x8)                          spcl_Mhandler+24
mem[R,0x00000000800027D0] -> 0x000000000000000B
x8 <- 0x000000000000000B

clint mtime 0x0000000000000326 (mip.MTI <- 0b1, mip.STI <- 0b0)
mem[X,0x0000000080002588] -> 0x01E3
mem[X,0x000000008000258A] -> 0xB204
[1612] [M]: 0x0000000080002588 (0xB20401E3) beq x8, x0, -0x4de                      spcl_Mdispatch_hndling+0

mem[X,0x000000008000258C] -> 0x1393
mem[X,0x000000008000258E] -> 0x03F4
[1613] [M]: 0x000000008000258C (0x03F41393) slli x7, x8, 0x3f                       spcl_Mdispatch_hndling+4
x7 <- 0x8000000000000000

clint mtime 0x0000000000000327 (mip.MTI <- 0b1, mip.STI <- 0b0)
mem[X,0x0000000080002590] -> 0xD863
mem[X,0x0000000080002592] -> 0x0003
[1614] [M]: 0x0000000080002590 (0x0003D863) bge x7, x0, 0x10                        spcl_Mdispatch_hndling+8

mem[X,0x0000000080002594] -> 0x5413
mem[X,0x0000000080002596] -> 0x0014
[1615] [M]: 0x0000000080002594 (0x00145413) srli x8, x8, 0x1                        spcl_Mdispatch_hndling+12
x8 <- 0x0000000000000005

clint mtime 0x0000000000000328 (mip.MTI <- 0b1, mip.STI <- 0b0)
mem[X,0x0000000080002598] -> 0x0CE3
mem[X,0x000000008000259A] -> 0xF885
[1616] [M]: 0x0000000080002598 (0xF8850CE3) beq x10, x8, -0x68                      spcl_Mdispatch_hndling+16

mem[X,0x0000000080002530] -> 0x3303
mem[X,0x0000000080002532] -> 0x2601
[1617] [M]: 0x0000000080002530 (0x26013303) ld x6, 0x260(x2)                        resto_Mrtn+0
mem[R,0x0000000080005260] -> 0x000000001FDDB7D5
x6 <- 0x000000001FDDB7D5

clint mtime 0x0000000000000329 (mip.MTI <- 0b1, mip.STI <- 0b0)
mem[X,0x0000000080002534] -> 0x3383
mem[X,0x0000000080002536] -> 0x2681
[1618] [M]: 0x0000000080002534 (0x26813383) ld x7, 0x268(x2)                        resto_Mrtn+4
mem[R,0x0000000080005268] -> 0x00000000003FBB6F
x7 <- 0x00000000003FBB6F

mem[X,0x0000000080002538] -> 0x3403
mem[X,0x000000008000253A] -> 0x2701
[1619] [M]: 0x0000000080002538 (0x27013403) ld x8, 0x270(x2)                        resto_Mrtn+8
mem[R,0x0000000080005270] -> 0x0000000080002000
x8 <- 0x0000000080002000

clint mtime 0x000000000000032A (mip.MTI <- 0b1, mip.STI <- 0b0)
mem[X,0x000000008000253C] -> 0x3483
mem[X,0x000000008000253E] -> 0x2781
[1620] [M]: 0x000000008000253C (0x27813483) ld x9, 0x278(x2)                        resto_Mrtn+12
mem[R,0x0000000080005278] -> 0x00000000000000FE
x9 <- 0x00000000000000FE

mem[X,0x0000000080002540] -> 0x3503
mem[X,0x0000000080002542] -> 0x2801
[1621] [M]: 0x0000000080002540 (0x28013503) ld x10, 0x280(x2)                       resto_Mrtn+16
mem[R,0x0000000080005280] -> 0x0000000000002000
x10 <- 0x0000000000002000

clint mtime 0x000000000000032B (mip.MTI <- 0b1, mip.STI <- 0b0)
mem[X,0x0000000080002544] -> 0x3583
mem[X,0x0000000080002546] -> 0x2881
[1622] [M]: 0x0000000080002544 (0x28813583) ld x11, 0x288(x2)                       resto_Mrtn+20
mem[R,0x0000000080005288] -> 0x0000000000000000
x11 <- 0x0000000000000000

mem[X,0x0000000080002548] -> 0x3103
mem[X,0x000000008000254A] -> 0x2901
[1623] [M]: 0x0000000080002548 (0x29013103) ld x2, 0x290(x2)                        resto_Mrtn+24
mem[R,0x0000000080005290] -> 0x0000000080002000
x2 <- 0x0000000080002000

clint mtime 0x000000000000032C (mip.MTI <- 0b1, mip.STI <- 0b0)
mem[X,0x000000008000254C] -> 0x0073
mem[X,0x000000008000254E] -> 0x3020
[1624] [M]: 0x000000008000254C (0x30200073) mret                                    resto_Mrtn+28
CSR mstatus (0x300) <- 0x8000000A00006080
ret-ing from M to M

mem[X,0x0000000080000704] -> 0x0013
mem[X,0x0000000080000706] -> 0x0000
[1625] [M]: 0x0000000080000704 (0x00000013) addi x0, x0, 0x0                        main+772

clint mtime 0x000000000000032D (mip.MTI <- 0b1, mip.STI <- 0b0)
mem[X,0x0000000080000708] -> 0x0013
mem[X,0x000000008000070A] -> 0x0000
[1626] [M]: 0x0000000080000708 (0x00000013) addi x0, x0, 0x0                        main+776

mem[X,0x000000008000070C] -> 0x0013
mem[X,0x000000008000070E] -> 0x0000
[1627] [M]: 0x000000008000070C (0x00000013) addi x0, x0, 0x0                        main+780

clint mtime 0x000000000000032E (mip.MTI <- 0b1, mip.STI <- 0b0)
mem[X,0x0000000080000710] -> 0x0013
mem[X,0x0000000080000712] -> 0x0000
[1628] [M]: 0x0000000080000710 (0x00000013) addi x0, x0, 0x0                        main+784

mem[X,0x0000000080000714] -> 0x0013
mem[X,0x0000000080000716] -> 0x0000
[1629] [M]: 0x0000000080000714 (0x00000013) addi x0, x0, 0x0                        main+788

clint mtime 0x000000000000032F (mip.MTI <- 0b1, mip.STI <- 0b0)
mem[X,0x0000000080000718] -> 0x0013
mem[X,0x000000008000071A] -> 0x0000
[1630] [M]: 0x0000000080000718 (0x00000013) addi x0, x0, 0x0                        main+792

mem[X,0x000000008000071C] -> 0x0013
mem[X,0x000000008000071E] -> 0x0000
[1631] [M]: 0x000000008000071C (0x00000013) addi x0, x0, 0x0                        main+796

clint mtime 0x0000000000000330 (mip.MTI <- 0b1, mip.STI <- 0b0)
mem[X,0x0000000080000720] -> 0x12B7
mem[X,0x0000000080000722] -> 0x2000
[1632] [M]: 0x0000000080000720 (0x200012B7) lui x5, 0x20001                         main+800
x5 <- 0x0000000020001000

mem[X,0x0000000080000724] -> 0x829B
mem[X,0x0000000080000726] -> 0x8002
[1633] [M]: 0x0000000080000724 (0x8002829B) addiw x5, x5, -0x800                    main+804
x5 <- 0x0000000020000800

clint mtime 0x0000000000000331 (mip.MTI <- 0b1, mip.STI <- 0b0)
mem[X,0x0000000080000728] -> 0x0013
mem[X,0x000000008000072A] -> 0x0000
[1634] [M]: 0x0000000080000728 (0x00000013) addi x0, x0, 0x0                        main+808

mem[X,0x000000008000072C] -> 0x0013
mem[X,0x000000008000072E] -> 0x0000
[1635] [M]: 0x000000008000072C (0x00000013) addi x0, x0, 0x0                        main+812

clint mtime 0x0000000000000332 (mip.MTI <- 0b1, mip.STI <- 0b0)
mem[X,0x0000000080000730] -> 0x0013
mem[X,0x0000000080000732] -> 0x0000
[1636] [M]: 0x0000000080000730 (0x00000013) addi x0, x0, 0x0                        main+816

mem[X,0x0000000080000734] -> 0x0013
mem[X,0x0000000080000736] -> 0x0000
[1637] [M]: 0x0000000080000734 (0x00000013) addi x0, x0, 0x0                        main+820

clint mtime 0x0000000000000333 (mip.MTI <- 0b1, mip.STI <- 0b0)
mem[X,0x0000000080000738] -> 0x0013
mem[X,0x000000008000073A] -> 0x0000
[1638] [M]: 0x0000000080000738 (0x00000013) addi x0, x0, 0x0                        main+824

mem[X,0x000000008000073C] -> 0x0013
mem[X,0x000000008000073E] -> 0x0000
[1639] [M]: 0x000000008000073C (0x00000013) addi x0, x0, 0x0                        main+828

clint mtime 0x0000000000000334 (mip.MTI <- 0b1, mip.STI <- 0b0)
mem[X,0x0000000080000740] -> 0x9073
mem[X,0x0000000080000742] -> 0x3B12
[1640] [M]: 0x0000000080000740 (0x3B129073) csrrw x0, pmpaddr1, x5                  main+832
CSR pmpaddr1 (0x3B1) <- 0x0000000020000800

mem[X,0x0000000080000744] -> 0x0213
mem[X,0x0000000080000746] -> 0x09D0
[1641] [M]: 0x0000000080000744 (0x09D00213) addi x4, x0, 0x9d                       main+836
x4 <- 0x000000000000009D

clint mtime 0x0000000000000335 (mip.MTI <- 0b1, mip.STI <- 0b0)
mem[X,0x0000000080000748] -> 0x1213
mem[X,0x000000008000074A] -> 0x0082
[1642] [M]: 0x0000000080000748 (0x00821213) slli x4, x4, 0x8                        main+840
x4 <- 0x0000000000009D00

mem[X,0x000000008000074C] -> 0x1073
mem[X,0x000000008000074E] -> 0x3A02
[1643] [M]: 0x000000008000074C (0x3A021073) csrrw x0, pmpcfg0, x4                   main+844
CSR pmpcfg0 (0x3A0) <- 0x000098999B9C9D00

clint mtime 0x0000000000000336 (mip.MTI <- 0b1, mip.STI <- 0b0)
mem[X,0x0000000080000750] -> 0x07B7
mem[X,0x0000000080000752] -> 0x3F80
[1644] [M]: 0x0000000080000750 (0x3F8007B7) lui x15, 0x3f800                        main+848
x15 <- 0x000000003F800000

mem[X,0x0000000080000754] -> 0x8453
mem[X,0x0000000080000756] -> 0xF007
[1645] [M]: 0x0000000080000754 (0xF0078453) fmv.w.x f8, x15                         main+852
f8 <- 0xFFFFFFFF3F800000
CSR mstatus (0x300) <- 0x8000000A00006080

clint mtime 0x0000000000000337 (mip.MTI <- 0b1, mip.STI <- 0b0)
mem[X,0x0000000080000758] -> 0x0013
mem[X,0x000000008000075A] -> 0x0000
[1646] [M]: 0x0000000080000758 (0x00000013) addi x0, x0, 0x0                        main+856

mem[X,0x000000008000075C] -> 0x0013
mem[X,0x000000008000075E] -> 0x0000
[1647] [M]: 0x000000008000075C (0x00000013) addi x0, x0, 0x0                        main+860

clint mtime 0x0000000000000338 (mip.MTI <- 0b1, mip.STI <- 0b0)
mem[X,0x0000000080000760] -> 0x2417
mem[X,0x0000000080000762] -> 0x0000
[1648] [M]: 0x0000000080000760 (0x00002417) auipc x8, 0x2                           main+864
x8 <- 0x0000000080002760

mem[X,0x0000000080000764] -> 0x0413
mem[X,0x0000000080000766] -> 0x8A04
[1649] [M]: 0x0000000080000764 (0x8A040413) addi x8, x8, -0x760                     main+868
x8 <- 0x0000000080002000

clint mtime 0x0000000000000339 (mip.MTI <- 0b1, mip.STI <- 0b0)
mem[X,0x0000000080000768] -> 0x0013
mem[X,0x000000008000076A] -> 0x0000
[1650] [M]: 0x0000000080000768 (0x00000013) addi x0, x0, 0x0                        main+872

mem[X,0x000000008000076C] -> 0x0013
mem[X,0x000000008000076E] -> 0x0000
[1651] [M]: 0x000000008000076C (0x00000013) addi x0, x0, 0x0                        main+876

clint mtime 0x000000000000033A (mip.MTI <- 0b1, mip.STI <- 0b0)
mem[X,0x0000000080000770] -> 0x0013
mem[X,0x0000000080000772] -> 0x0000
[1652] [M]: 0x0000000080000770 (0x00000013) addi x0, x0, 0x0                        main+880

mem[X,0x0000000080000774] -> 0x0013
mem[X,0x0000000080000776] -> 0x0000
[1653] [M]: 0x0000000080000774 (0x00000013) addi x0, x0, 0x0                        main+884

clint mtime 0x000000000000033B (mip.MTI <- 0b1, mip.STI <- 0b0)
mem[X,0x0000000080000778] -> 0x0013
mem[X,0x000000008000077A] -> 0x0000
[1654] [M]: 0x0000000080000778 (0x00000013) addi x0, x0, 0x0                        main+888

mem[X,0x000000008000077C] -> 0x0013
mem[X,0x000000008000077E] -> 0x0000
[1655] [M]: 0x000000008000077C (0x00000013) addi x0, x0, 0x0                        main+892

clint mtime 0x000000000000033C (mip.MTI <- 0b1, mip.STI <- 0b0)
mem[X,0x0000000080000780] -> 0xA000
[1656] [M]: 0x0000000080000780 (0xA000) c.fsd f8, 0x0(x8)                           main+896
trapping from M to M to handle store/amo-access-fault
handling exc#store/amo-access-fault at priv M with tval 0x0000000080002000
CSR mstatus (0x300) <- 0x8000000A00007800
CSR mcause (0x342) <- 0x0000000000000007
CSR mtval (0x343) <- 0x0000000080002000
CSR mepc (0x341) <- 0x0000000080000780

mem[X,0x0000000080002100] -> 0x006F
mem[X,0x0000000080002102] -> 0x1000
[1657] [M]: 0x0000000080002100 (0x1000006F) jal x0, 0x100                           Mtrampoline+0

clint mtime 0x000000000000033D (mip.MTI <- 0b1, mip.STI <- 0b0)
mem[X,0x0000000080002200] -> 0x1173
mem[X,0x0000000080002202] -> 0x3401
[1658] [M]: 0x0000000080002200 (0x34011173) csrrw x2, mscratch, x2                  trap_Mhandler+0
CSR mscratch (0x340) <- 0x0000000080002000
x2 <- 0x0000000080005000

mem[X,0x0000000080002204] -> 0x3423
mem[X,0x0000000080002206] -> 0x28B1
[1659] [M]: 0x0000000080002204 (0x28B13423) sd x11, 0x288(x2)                       trap_Mhandler+4
mem[W,0x0000000080005288] <- 0x0000000000000000

clint mtime 0x000000000000033E (mip.MTI <- 0b1, mip.STI <- 0b0)
mem[X,0x0000000080002208] -> 0x05EF
mem[X,0x000000008000220A] -> 0x0B80
[1660] [M]: 0x0000000080002208 (0x0B8005EF) jal x11, 0xb8                           trap_Mhandler+8
x11 <- 0x000000008000220C

mem[X,0x00000000800022C0] -> 0x3023
mem[X,0x00000000800022C2] -> 0x28A1
[1661] [M]: 0x00000000800022C0 (0x28A13023) sd x10, 0x280(x2)                       common_Mhandler+0
mem[W,0x0000000080005280] <- 0x0000000000002000

clint mtime 0x000000000000033F (mip.MTI <- 0b1, mip.STI <- 0b0)
mem[X,0x00000000800022C4] -> 0x1573
mem[X,0x00000000800022C6] -> 0x3401
[1662] [M]: 0x00000000800022C4 (0x34011573) csrrw x10, mscratch, x2                 common_Mhandler+4
CSR mscratch (0x340) <- 0x0000000080005000
x10 <- 0x0000000080002000

mem[X,0x00000000800022C8] -> 0x3823
mem[X,0x00000000800022CA] -> 0x28A1
[1663] [M]: 0x00000000800022C8 (0x28A13823) sd x10, 0x290(x2)                       common_Mhandler+8
mem[W,0x0000000080005290] <- 0x0000000080002000

clint mtime 0x0000000000000340 (mip.MTI <- 0b1, mip.STI <- 0b0)
mem[X,0x00000000800022CC] -> 0x3503
mem[X,0x00000000800022CE] -> 0x2301
[1664] [M]: 0x00000000800022CC (0x23013503) ld x10, 0x230(x2)                       common_Mhandler+12
mem[R,0x0000000080005230] -> 0x00000000800022D4
x10 <- 0x00000000800022D4

mem[X,0x00000000800022D0] -> 0x0067
mem[X,0x00000000800022D2] -> 0x0005
[1665] [M]: 0x00000000800022D0 (0x00050067) jalr x0, 0x0(x10)                       common_Mhandler+16

clint mtime 0x0000000000000341 (mip.MTI <- 0b1, mip.STI <- 0b0)
mem[X,0x00000000800022D4] -> 0x3C23
mem[X,0x00000000800022D6] -> 0x2691
[1666] [M]: 0x00000000800022D4 (0x26913C23) sd x9, 0x278(x2)                        common_Mentry+0
mem[W,0x0000000080005278] <- 0x00000000000000FE

mem[X,0x00000000800022D8] -> 0x3823
mem[X,0x00000000800022DA] -> 0x2681
[1667] [M]: 0x00000000800022D8 (0x26813823) sd x8, 0x270(x2)                        common_Mentry+4
mem[W,0x0000000080005270] <- 0x0000000080002000

clint mtime 0x0000000000000342 (mip.MTI <- 0b1, mip.STI <- 0b0)
mem[X,0x00000000800022DC] -> 0x3423
mem[X,0x00000000800022DE] -> 0x2671
[1668] [M]: 0x00000000800022DC (0x26713423) sd x7, 0x268(x2)                        common_Mentry+8
mem[W,0x0000000080005268] <- 0x00000000003FBB6F

mem[X,0x00000000800022E0] -> 0x3023
mem[X,0x00000000800022E2] -> 0x2661
[1669] [M]: 0x00000000800022E0 (0x26613023) sd x6, 0x260(x2)                        common_Mentry+12
mem[W,0x0000000080005260] <- 0x000000001FDDB7D5

clint mtime 0x0000000000000343 (mip.MTI <- 0b1, mip.STI <- 0b0)
mem[X,0x00000000800022E4] -> 0x2573
mem[X,0x00000000800022E6] -> 0x3420
[1670] [M]: 0x00000000800022E4 (0x34202573) csrrs x10, mcause, x0                   spcl_M2mmode_test+0
CSR mcause (0x342) -> 0x0000000000000007
x10 <- 0x0000000000000007

mem[X,0x00000000800022E8] -> 0x04B7
mem[X,0x00000000800022EA] -> 0x8000
[1671] [M]: 0x00000000800022E8 (0x800004B7) lui x9, -0x80000                        spcl_M2mmode_test+4
x9 <- 0xFFFFFFFF80000000

clint mtime 0x0000000000000344 (mip.MTI <- 0b1, mip.STI <- 0b0)
mem[X,0x00000000800022EC] -> 0x8493
mem[X,0x00000000800022EE] -> 0x0004
[1672] [M]: 0x00000000800022EC (0x00048493) addi x9, x9, 0x0                        spcl_M2mmode_test+8
x9 <- 0xFFFFFFFF80000000

mem[X,0x00000000800022F0] -> 0x9493
mem[X,0x00000000800022F2] -> 0x00B4
[1673] [M]: 0x00000000800022F0 (0x00B49493) slli x9, x9, 0xb                        spcl_M2mmode_test+12
x9 <- 0xFFFFFC0000000000

clint mtime 0x0000000000000345 (mip.MTI <- 0b1, mip.STI <- 0b0)
mem[X,0x00000000800022F4] -> 0x8493
mem[X,0x00000000800022F6] -> 0x0004
[1674] [M]: 0x00000000800022F4 (0x00048493) addi x9, x9, 0x0                        spcl_M2mmode_test+16
x9 <- 0xFFFFFC0000000000

mem[X,0x00000000800022F8] -> 0x9493
mem[X,0x00000000800022FA] -> 0x00B4
[1675] [M]: 0x00000000800022F8 (0x00B49493) slli x9, x9, 0xb                        spcl_M2mmode_test+20
x9 <- 0xFFE0000000000000

clint mtime 0x0000000000000346 (mip.MTI <- 0b1, mip.STI <- 0b0)
mem[X,0x00000000800022FC] -> 0x8493
mem[X,0x00000000800022FE] -> 0x0034
[1676] [M]: 0x00000000800022FC (0x00348493) addi x9, x9, 0x3                        spcl_M2mmode_test+24
x9 <- 0xFFE0000000000003

mem[X,0x0000000080002300] -> 0x9493
mem[X,0x0000000080002302] -> 0x00A4
[1677] [M]: 0x0000000080002300 (0x00A49493) slli x9, x9, 0xa                        spcl_M2mmode_test+28
x9 <- 0x8000000000000C00

clint mtime 0x0000000000000347 (mip.MTI <- 0b1, mip.STI <- 0b0)
mem[X,0x0000000080002304] -> 0x8493
mem[X,0x0000000080002306] -> 0x3FC4
[1678] [M]: 0x0000000080002304 (0x3FC48493) addi x9, x9, 0x3fc                      spcl_M2mmode_test+32
x9 <- 0x8000000000000FFC

mem[X,0x0000000080002308] -> 0xF4B3
mem[X,0x000000008000230A] -> 0x00A4
[1679] [M]: 0x0000000080002308 (0x00A4F4B3) and x9, x9, x10                         spcl_M2mmode_test+36
x9 <- 0x0000000000000004

clint mtime 0x0000000000000348 (mip.MTI <- 0b1, mip.STI <- 0b0)
mem[X,0x000000008000230C] -> 0x8493
mem[X,0x000000008000230E] -> 0xFF84
[1680] [M]: 0x000000008000230C (0xFF848493) addi x9, x9, -0x8                       spcl_M2mmode_test+40
x9 <- 0xFFFFFFFFFFFFFFFC

mem[X,0x0000000080002310] -> 0x9663
mem[X,0x0000000080002312] -> 0x0004
[1681] [M]: 0x0000000080002310 (0x00049663) bne x9, x0, 0xc                         spcl_M2mmode_test+44

clint mtime 0x0000000000000349 (mip.MTI <- 0b1, mip.STI <- 0b0)
mem[X,0x000000008000231C] -> 0x0393
mem[X,0x000000008000231E] -> 0x0200
[1682] [M]: 0x000000008000231C (0x02000393) addi x7, x0, 0x20                       Mtrapsig_ptr_upd+0
x7 <- 0x0000000000000020

mem[X,0x0000000080002320] -> 0x5263
mem[X,0x0000000080002322] -> 0x0405
[1683] [M]: 0x0000000080002320 (0x04055263) bge x10, x0, 0x44                       Mtrapsig_ptr_upd+4

clint mtime 0x000000000000034A (mip.MTI <- 0b1, mip.STI <- 0b0)
mem[X,0x0000000080002364] -> 0x2373
mem[X,0x0000000080002366] -> 0x3010
[1684] [M]: 0x0000000080002364 (0x30102373) csrrs x6, misa, x0                      Mxcpt_sig_sv+0
CSR misa (0x301) -> 0x800000000034112F
x6 <- 0x800000000034112F

mem[X,0x0000000080002368] -> 0x1313
mem[X,0x000000008000236A] -> 0x0383
[1685] [M]: 0x0000000080002368 (0x03831313) slli x6, x6, 0x38                       Mxcpt_sig_sv+4
x6 <- 0x2F00000000000000

clint mtime 0x000000000000034B (mip.MTI <- 0b1, mip.STI <- 0b0)
mem[X,0x000000008000236C] -> 0x5463
mem[X,0x000000008000236E] -> 0x0003
[1686] [M]: 0x000000008000236C (0x00035463) bge x6, x0, 0x8                         Mxcpt_sig_sv+8

mem[X,0x0000000080002374] -> 0x3303
mem[X,0x0000000080002376] -> 0x2181
[1687] [M]: 0x0000000080002374 (0x21813303) ld x6, 0x218(x2)                        Mtrap_sig_sv+0
mem[R,0x0000000080005218] -> 0x0000000080006460
x6 <- 0x0000000080006460

clint mtime 0x000000000000034C (mip.MTI <- 0b1, mip.STI <- 0b0)
mem[X,0x0000000080002378] -> 0x04B3
mem[X,0x000000008000237A] -> 0x0073
[1688] [M]: 0x0000000080002378 (0x007304B3) add x9, x6, x7                          Mtrap_sig_sv+4
x9 <- 0x0000000080006480

mem[X,0x000000008000237C] -> 0x3C23
mem[X,0x000000008000237E] -> 0x2091
[1689] [M]: 0x000000008000237C (0x20913C23) sd x9, 0x218(x2)                        Mtrap_sig_sv+8
mem[W,0x0000000080005218] <- 0x0000000080006480

clint mtime 0x000000000000034D (mip.MTI <- 0b1, mip.STI <- 0b0)
mem[X,0x0000000080002380] -> 0x3403
mem[X,0x0000000080002382] -> 0x1F81
[1690] [M]: 0x0000000080002380 (0x1F813403) ld x8, 0x1f8(x2)                        Mtrap_sig_sv+12
mem[R,0x00000000800051F8] -> 0x0000000080006210
x8 <- 0x0000000080006210

mem[X,0x0000000080002384] -> 0x0333
mem[X,0x0000000080002386] -> 0x4083
[1691] [M]: 0x0000000080002384 (0x40830333) sub x6, x6, x8                          Mtrap_sig_sv+16
x6 <- 0x0000000000000250

clint mtime 0x000000000000034E (mip.MTI <- 0b1, mip.STI <- 0b0)
mem[X,0x0000000080002388] -> 0x3403
mem[X,0x000000008000238A] -> 0x1F81
[1692] [M]: 0x0000000080002388 (0x1F813403) ld x8, 0x1f8(x2)                        Mtrap_sig_sv+20
mem[R,0x00000000800051F8] -> 0x0000000080006210
x8 <- 0x0000000080006210

mem[X,0x000000008000238C] -> 0x0333
mem[X,0x000000008000238E] -> 0x0083
[1693] [M]: 0x000000008000238C (0x00830333) add x6, x6, x8                          Mtrap_sig_sv+24
x6 <- 0x0000000080006460

clint mtime 0x000000000000034F (mip.MTI <- 0b1, mip.STI <- 0b0)
mem[X,0x0000000080002390] -> 0x3403
mem[X,0x0000000080002392] -> 0x2401
[1694] [M]: 0x0000000080002390 (0x24013403) ld x8, 0x240(x2)                        Mtrap_sig_sv+28
mem[R,0x0000000080005240] -> 0x0000000080002100
x8 <- 0x0000000080002100

mem[X,0x0000000080002394] -> 0x85B3
mem[X,0x0000000080002396] -> 0x4085
[1695] [M]: 0x0000000080002394 (0x408585B3) sub x11, x11, x8                        sv_Mvect+0
x11 <- 0x000000000000010C

clint mtime 0x0000000000000350 (mip.MTI <- 0b1, mip.STI <- 0b0)
mem[X,0x0000000080002398] -> 0x9593
mem[X,0x000000008000239A] -> 0x0045
[1696] [M]: 0x0000000080002398 (0x00459593) slli x11, x11, 0x4                      sv_Mvect+4
x11 <- 0x00000000000010C0

mem[X,0x000000008000239C] -> 0xE5B3
mem[X,0x000000008000239E] -> 0x0075
[1697] [M]: 0x000000008000239C (0x0075E5B3) or x11, x11, x7                         sv_Mvect+8
x11 <- 0x00000000000010E0

clint mtime 0x0000000000000351 (mip.MTI <- 0b1, mip.STI <- 0b0)
mem[X,0x00000000800023A0] -> 0x8593
mem[X,0x00000000800023A2] -> 0x0035
[1698] [M]: 0x00000000800023A0 (0x00358593) addi x11, x11, 0x3                      sv_Mvect+12
x11 <- 0x00000000000010E3

mem[X,0x00000000800023A4] -> 0x3023
mem[X,0x00000000800023A6] -> 0x00B3
[1699] [M]: 0x00000000800023A4 (0x00B33023) sd x11, 0x0(x6)                         sv_Mvect+16
mem[W,0x0000000080006460] <- 0x00000000000010E3

clint mtime 0x0000000000000352 (mip.MTI <- 0b1, mip.STI <- 0b0)
mem[X,0x00000000800023A8] -> 0x3423
mem[X,0x00000000800023AA] -> 0x00A3
[1700] [M]: 0x00000000800023A8 (0x00A33423) sd x10, 0x8(x6)                         sv_Mcause+0
mem[W,0x0000000080006468] <- 0x0000000000000007

mem[X,0x00000000800023AC] -> 0x4263
mem[X,0x00000000800023AE] -> 0x1A05
[1701] [M]: 0x00000000800023AC (0x1A054263) blt x10, x0, 0x1a4                      sv_Mcause+4

clint mtime 0x0000000000000353 (mip.MTI <- 0b1, mip.STI <- 0b0)
mem[X,0x00000000800023B0] -> 0x25F3
mem[X,0x00000000800023B2] -> 0x3000
[1702] [M]: 0x00000000800023B0 (0x300025F3) csrrs x11, mstatus, x0                  common_Mexcpt_handler+0
CSR mstatus (0x300) -> 0x8000000A00007800
x11 <- 0x8000000A00007800

mem[X,0x00000000800023B4] -> 0x9413
mem[X,0x00000000800023B6] -> 0x02E5
[1703] [M]: 0x00000000800023B4 (0x02E59413) slli x8, x11, 0x2e                      common_Mexcpt_handler+4
x8 <- 0x1E00000000000000

clint mtime 0x0000000000000354 (mip.MTI <- 0b1, mip.STI <- 0b0)
mem[X,0x00000000800023B8] -> 0x5463
mem[X,0x00000000800023BA] -> 0x0004
[1704] [M]: 0x00000000800023B8 (0x00045463) bge x8, x0, 0x8                         common_Mexcpt_handler+8

mem[X,0x00000000800023C0] -> 0xD493
mem[X,0x00000000800023C2] -> 0x00B5
[1705] [M]: 0x00000000800023C0 (0x00B5D493) srli x9, x11, 0xb                       common_Mexcpt_handler+16
x9 <- 0x001000000140000F

clint mtime 0x0000000000000355 (mip.MTI <- 0b1, mip.STI <- 0b0)
mem[X,0x00000000800023C4] -> 0xF493
mem[X,0x00000000800023C6] -> 0x0034
[1706] [M]: 0x00000000800023C4 (0x0034F493) andi x9, x9, 0x3                        common_Mexcpt_handler+20
x9 <- 0x0000000000000003

mem[X,0x00000000800023C8] -> 0x8493
mem[X,0x00000000800023CA] -> 0x0014
[1707] [M]: 0x00000000800023C8 (0x00148493) addi x9, x9, 0x1                        common_Mexcpt_handler+24
x9 <- 0x0000000000000004

clint mtime 0x0000000000000356 (mip.MTI <- 0b1, mip.STI <- 0b0)
mem[X,0x00000000800023CC] -> 0xF493
mem[X,0x00000000800023CE] -> 0x0044
[1708] [M]: 0x00000000800023CC (0x0044F493) andi x9, x9, 0x4                        common_Mexcpt_handler+28
x9 <- 0x0000000000000004

mem[X,0x00000000800023D0] -> 0x0593
mem[X,0x00000000800023D2] -> 0x05D0
[1709] [M]: 0x00000000800023D0 (0x05D00593) addi x11, x0, 0x5d                      common_Mexcpt_handler+32
x11 <- 0x000000000000005D

clint mtime 0x0000000000000357 (mip.MTI <- 0b1, mip.STI <- 0b0)
mem[X,0x00000000800023D4] -> 0xD5B3
mem[X,0x00000000800023D6] -> 0x0095
[1710] [M]: 0x00000000800023D4 (0x0095D5B3) srl x11, x11, x9                        common_Mexcpt_handler+36
x11 <- 0x0000000000000005

mem[X,0x00000000800023D8] -> 0xF593
mem[X,0x00000000800023DA] -> 0x0015
[1711] [M]: 0x00000000800023D8 (0x0015F593) andi x11, x11, 0x1                      common_Mexcpt_handler+40
x11 <- 0x0000000000000001

clint mtime 0x0000000000000358 (mip.MTI <- 0b1, mip.STI <- 0b0)
mem[X,0x00000000800023DC] -> 0x8EE3
mem[X,0x00000000800023DE] -> 0xF405
[1712] [M]: 0x00000000800023DC (0xF4058EE3) beq x11, x0, -0xa4                      common_Mexcpt_handler+44

mem[X,0x00000000800023E0] -> 0x0593
mem[X,0x00000000800023E2] -> 0x2980
[1713] [M]: 0x00000000800023E0 (0x29800593) addi x11, x0, 0x298                     common_Mexcpt_handler+48
x11 <- 0x0000000000000298

clint mtime 0x0000000000000359 (mip.MTI <- 0b1, mip.STI <- 0b0)
mem[X,0x00000000800023E4] -> 0xF413
mem[X,0x00000000800023E6] -> 0x0014
[1714] [M]: 0x00000000800023E4 (0x0014F413) andi x8, x9, 0x1                        common_Mexcpt_handler+52
x8 <- 0x0000000000000000

mem[X,0x00000000800023E8] -> 0x95B3
mem[X,0x00000000800023EA] -> 0x0085
[1715] [M]: 0x00000000800023E8 (0x008595B3) sll x11, x11, x8                        common_Mexcpt_handler+56
x11 <- 0x0000000000000298

clint mtime 0x000000000000035A (mip.MTI <- 0b1, mip.STI <- 0b0)
mem[X,0x00000000800023EC] -> 0x9413
mem[X,0x00000000800023EE] -> 0x03D4
[1716] [M]: 0x00000000800023EC (0x03D49413) slli x8, x9, 0x3d                       common_Mexcpt_handler+60
x8 <- 0x8000000000000000

mem[X,0x00000000800023F0] -> 0x5413
mem[X,0x00000000800023F2] -> 0x43F4
[1717] [M]: 0x00000000800023F0 (0x43F45413) srai x8, x8, 0x3f                       common_Mexcpt_handler+64
x8 <- 0xFFFFFFFFFFFFFFFF

clint mtime 0x000000000000035B (mip.MTI <- 0b1, mip.STI <- 0b0)
mem[X,0x00000000800023F4] -> 0x4413
mem[X,0x00000000800023F6] -> 0xFFF4
[1718] [M]: 0x00000000800023F4 (0xFFF44413) xori x8, x8, -0x1                       common_Mexcpt_handler+68
x8 <- 0x0000000000000000

mem[X,0x00000000800023F8] -> 0xF4B3
mem[X,0x00000000800023FA] -> 0x0085
[1719] [M]: 0x00000000800023F8 (0x0085F4B3) and x9, x11, x8                         common_Mexcpt_handler+72
x9 <- 0x0000000000000000

clint mtime 0x000000000000035C (mip.MTI <- 0b1, mip.STI <- 0b0)
mem[X,0x00000000800023FC] -> 0x84B3
mem[X,0x00000000800023FE] -> 0x0024
[1720] [M]: 0x00000000800023FC (0x002484B3) add x9, x9, x2                          vmem_adj_Mepc+0
x9 <- 0x0000000080005000

mem[X,0x0000000080002400] -> 0x23F3
mem[X,0x0000000080002402] -> 0x3410
[1721] [M]: 0x0000000080002400 (0x341023F3) csrrs x7, mepc, x0                      vmem_adj_Mepc+4
CSR mepc (0x341) -> 0x0000000080000780
x7 <- 0x0000000080000780

clint mtime 0x000000000000035D (mip.MTI <- 0b1, mip.STI <- 0b0)
mem[X,0x0000000080002404] -> 0x0413
mem[X,0x0000000080002406] -> 0x0004
[1722] [M]: 0x0000000080002404 (0x00040413) addi x8, x8, 0x0                        vmem_adj_Mepc+8
x8 <- 0x0000000000000000

mem[X,0x0000000080002408] -> 0x006F
mem[X,0x000000008000240A] -> 0x0400
[1723] [M]: 0x0000000080002408 (0x0400006F) jal x0, 0x40                            vmem_adj_Mepc+12

clint mtime 0x000000000000035E (mip.MTI <- 0b1, mip.STI <- 0b0)
mem[X,0x0000000080002448] -> 0x8433
mem[X,0x000000008000244A] -> 0x4083
[1724] [M]: 0x0000000080002448 (0x40838433) sub x8, x7, x8                          adj_Mepc+0
x8 <- 0x0000000080000780

mem[X,0x000000008000244C] -> 0x3823
mem[X,0x000000008000244E] -> 0x0083
[1725] [M]: 0x000000008000244C (0x00833823) sd x8, 0x10(x6)                         sv_Mepc+0
mem[W,0x0000000080006470] <- 0x0000000080000780

clint mtime 0x000000000000035F (mip.MTI <- 0b1, mip.STI <- 0b0)
mem[X,0x0000000080002450] -> 0x55B7
mem[X,0x0000000080002452] -> 0x0000
[1726] [M]: 0x0000000080002450 (0x000055B7) lui x11, 0x5                            sv_Mepc+4
x11 <- 0x0000000000005000

mem[X,0x0000000080002454] -> 0x8593
mem[X,0x0000000080002456] -> 0x6675
[1727] [M]: 0x0000000080002454 (0x66758593) addi x11, x11, 0x667                    sv_Mepc+8
x11 <- 0x0000000000005667

clint mtime 0x0000000000000360 (mip.MTI <- 0b1, mip.STI <- 0b0)
mem[X,0x0000000080002458] -> 0x9593
mem[X,0x000000008000245A] -> 0x0015
[1728] [M]: 0x0000000080002458 (0x00159593) slli x11, x11, 0x1                      sv_Mepc+12
x11 <- 0x000000000000ACCE

mem[X,0x000000008000245C] -> 0x9063
mem[X,0x000000008000245E] -> 0x02B1
[1729] [M]: 0x000000008000245C (0x02B19063) bne x3, x11, 0x20                       sv_Mepc+16

clint mtime 0x0000000000000361 (mip.MTI <- 0b1, mip.STI <- 0b0)
mem[X,0x000000008000247C] -> 0xF593
mem[X,0x000000008000247E] -> 0xFFC3
[1730] [M]: 0x000000008000247C (0xFFC3F593) andi x11, x7, -0x4                      adj_Mepc_rtn+0
x11 <- 0x0000000080000780

mem[X,0x0000000080002480] -> 0x8593
mem[X,0x0000000080002482] -> 0x0085
[1731] [M]: 0x0000000080002480 (0x00858593) addi x11, x11, 0x8                      adj_Mepc_rtn+4
x11 <- 0x0000000080000788

clint mtime 0x0000000000000362 (mip.MTI <- 0b1, mip.STI <- 0b0)
mem[X,0x0000000080002484] -> 0x9073
mem[X,0x0000000080002486] -> 0x3415
[1732] [M]: 0x0000000080002484 (0x34159073) csrrw x0, mepc, x11                     adj_Mepc_rtn+8
CSR mepc (0x341) <- 0x0000000080000788

mem[X,0x0000000080002488] -> 0x23F3
mem[X,0x000000008000248A] -> 0x3430
[1733] [M]: 0x0000000080002488 (0x343023F3) csrrs x7, mtval, x0                     skp_adj_Mepc+0
CSR mtval (0x343) -> 0x0000000080002000
x7 <- 0x0000000080002000

clint mtime 0x0000000000000363 (mip.MTI <- 0b1, mip.STI <- 0b0)
mem[X,0x000000008000248C] -> 0x7513
mem[X,0x000000008000248E] -> 0x00F5
[1734] [M]: 0x000000008000248C (0x00F57513) andi x10, x10, 0xf                      chk_Mtval+0
x10 <- 0x0000000000000007

mem[X,0x0000000080002490] -> 0x0437
mem[X,0x0000000080002492] -> 0x0000
[1735] [M]: 0x0000000080002490 (0x00000437) lui x8, 0x0                             chk_Mtval+4
x8 <- 0x0000000000000000

clint mtime 0x0000000000000364 (mip.MTI <- 0b1, mip.STI <- 0b0)
mem[X,0x0000000080002494] -> 0x0413
mem[X,0x0000000080002496] -> 0x0004
[1736] [M]: 0x0000000080002494 (0x00040413) addi x8, x8, 0x0                        chk_Mtval+8
x8 <- 0x0000000000000000

mem[X,0x0000000080002498] -> 0x1413
mem[X,0x000000008000249A] -> 0x00B4
[1737] [M]: 0x0000000080002498 (0x00B41413) slli x8, x8, 0xb                        chk_Mtval+12
x8 <- 0x0000000000000000

clint mtime 0x0000000000000365 (mip.MTI <- 0b1, mip.STI <- 0b0)
mem[X,0x000000008000249C] -> 0x0413
mem[X,0x000000008000249E] -> 0x0004
[1738] [M]: 0x000000008000249C (0x00040413) addi x8, x8, 0x0                        chk_Mtval+16
x8 <- 0x0000000000000000

mem[X,0x00000000800024A0] -> 0x1413
mem[X,0x00000000800024A2] -> 0x00B4
[1739] [M]: 0x00000000800024A0 (0x00B41413) slli x8, x8, 0xb                        chk_Mtval+20
x8 <- 0x0000000000000000

clint mtime 0x0000000000000366 (mip.MTI <- 0b1, mip.STI <- 0b0)
mem[X,0x00000000800024A4] -> 0x0413
mem[X,0x00000000800024A6] -> 0x02C4
[1740] [M]: 0x00000000800024A4 (0x02C40413) addi x8, x8, 0x2c                       chk_Mtval+24
x8 <- 0x000000000000002C

mem[X,0x00000000800024A8] -> 0x1413
mem[X,0x00000000800024AA] -> 0x00A4
[1741] [M]: 0x00000000800024A8 (0x00A41413) slli x8, x8, 0xa                        chk_Mtval+28
x8 <- 0x000000000000B000

clint mtime 0x0000000000000367 (mip.MTI <- 0b1, mip.STI <- 0b0)
mem[X,0x00000000800024AC] -> 0x0413
mem[X,0x00000000800024AE] -> 0x0FB4
[1742] [M]: 0x00000000800024AC (0x0FB40413) addi x8, x8, 0xfb                       chk_Mtval+32
x8 <- 0x000000000000B0FB

mem[X,0x00000000800024B0] -> 0x5433
mem[X,0x00000000800024B2] -> 0x00A4
[1743] [M]: 0x00000000800024B0 (0x00A45433) srl x8, x8, x10                         chk_Mtval+36
x8 <- 0x0000000000000161

clint mtime 0x0000000000000368 (mip.MTI <- 0b1, mip.STI <- 0b0)
mem[X,0x00000000800024B4] -> 0x1413
mem[X,0x00000000800024B6] -> 0x03F4
[1744] [M]: 0x00000000800024B4 (0x03F41413) slli x8, x8, 0x3f                       chk_Mtval+40
x8 <- 0x8000000000000000

mem[X,0x00000000800024B8] -> 0x5C63
mem[X,0x00000000800024BA] -> 0x0404
[1745] [M]: 0x00000000800024B8 (0x04045C63) bge x8, x0, 0x58                        chk_Mtval+44

clint mtime 0x0000000000000369 (mip.MTI <- 0b1, mip.STI <- 0b0)
mem[X,0x00000000800024BC] -> 0xB403
mem[X,0x00000000800024BE] -> 0x2084
[1746] [M]: 0x00000000800024BC (0x2084B403) ld x8, 0x208(x9)                        vmem_adj_Mtval+0
mem[R,0x0000000080005208] -> 0x00000000800003B4
x8 <- 0x00000000800003B4

mem[X,0x00000000800024C0] -> 0xB583
mem[X,0x00000000800024C2] -> 0x2104
[1747] [M]: 0x00000000800024C0 (0x2104B583) ld x11, 0x210(x9)                       vmem_adj_Mtval+4
mem[R,0x0000000080005210] -> 0x0000000000001C5A
x11 <- 0x0000000000001C5A

clint mtime 0x000000000000036A (mip.MTI <- 0b1, mip.STI <- 0b0)
mem[X,0x00000000800024C4] -> 0x85B3
mem[X,0x00000000800024C6] -> 0x0085
[1748] [M]: 0x00000000800024C4 (0x008585B3) add x11, x11, x8                        vmem_adj_Mtval+8
x11 <- 0x000000008000200E

mem[X,0x00000000800024C8] -> 0xF463
mem[X,0x00000000800024CA] -> 0x00B3
[1749] [M]: 0x00000000800024C8 (0x00B3F463) bgeu x7, x11, 0x8                       vmem_adj_Mtval+12

clint mtime 0x000000000000036B (mip.MTI <- 0b1, mip.STI <- 0b0)
mem[X,0x00000000800024CC] -> 0xF063
mem[X,0x00000000800024CE] -> 0x0483
[1750] [M]: 0x00000000800024CC (0x0483F063) bgeu x7, x8, 0x40                       vmem_adj_Mtval+16

mem[X,0x000000008000250C] -> 0x8433
mem[X,0x000000008000250E] -> 0x4083
[1751] [M]: 0x000000008000250C (0x40838433) sub x8, x7, x8                          adj_Mtval+0
x8 <- 0x0000000000001C4C

clint mtime 0x000000000000036C (mip.MTI <- 0b1, mip.STI <- 0b0)
mem[X,0x0000000080002510] -> 0x3C23
mem[X,0x0000000080002512] -> 0x0083
[1752] [M]: 0x0000000080002510 (0x00833C23) sd x8, 0x18(x6)                         sv_Mtval+0
mem[W,0x0000000080006478] <- 0x0000000000001C4C

mem[X,0x0000000080002514] -> 0x3483
mem[X,0x0000000080002516] -> 0x2181
[1753] [M]: 0x0000000080002514 (0x21813483) ld x9, 0x218(x2)                        skp_Mtval+0
mem[R,0x0000000080005218] -> 0x0000000080006480
x9 <- 0x0000000080006480

clint mtime 0x000000000000036D (mip.MTI <- 0b1, mip.STI <- 0b0)
mem[X,0x0000000080002518] -> 0x3383
mem[X,0x000000008000251A] -> 0x1F81
[1754] [M]: 0x0000000080002518 (0x1F813383) ld x7, 0x1f8(x2)                        skp_Mtval+4
mem[R,0x00000000800051F8] -> 0x0000000080006210
x7 <- 0x0000000080006210

mem[X,0x000000008000251C] -> 0x3303
mem[X,0x000000008000251E] -> 0x2001
[1755] [M]: 0x000000008000251C (0x20013303) ld x6, 0x200(x2)                        skp_Mtval+8
mem[R,0x0000000080005200] -> 0x0000000000000920
x6 <- 0x0000000000000920

clint mtime 0x000000000000036E (mip.MTI <- 0b1, mip.STI <- 0b0)
mem[X,0x0000000080002520] -> 0x0333
mem[X,0x0000000080002522] -> 0x0073
[1756] [M]: 0x0000000080002520 (0x00730333) add x6, x6, x7                          skp_Mtval+12
x6 <- 0x0000000080006B30

mem[X,0x0000000080002524] -> 0x69E3
mem[X,0x0000000080002526] -> 0xAE93
[1757] [M]: 0x0000000080002524 (0xAE9369E3) bltu x6, x9, -0x50e                     skp_Mtval+16

clint mtime 0x000000000000036F (mip.MTI <- 0b1, mip.STI <- 0b0)
mem[X,0x0000000080002528] -> 0x0393
mem[X,0x000000008000252A] -> 0x2000
[1758] [M]: 0x0000000080002528 (0x20000393) addi x7, x0, 0x200                      skp_Mtval+20
x7 <- 0x0000000000000200

mem[X,0x000000008000252C] -> 0x006F
mem[X,0x000000008000252E] -> 0x0400
[1759] [M]: 0x000000008000252C (0x0400006F) jal x0, 0x40                            skp_Mtval+24

clint mtime 0x0000000000000370 (mip.MTI <- 0b1, mip.STI <- 0b0)
mem[X,0x000000008000256C] -> 0x0417
mem[X,0x000000008000256E] -> 0x0000
[1760] [M]: 0x000000008000256C (0x00000417) auipc x8, 0x0                           spcl_Mhandler+0
x8 <- 0x000000008000256C

mem[X,0x0000000080002570] -> 0x0413
mem[X,0x0000000080002572] -> 0x03C4
[1761] [M]: 0x0000000080002570 (0x03C40413) addi x8, x8, 0x3c                       spcl_Mhandler+4
x8 <- 0x00000000800025A8

clint mtime 0x0000000000000371 (mip.MTI <- 0b1, mip.STI <- 0b0)
mem[X,0x0000000080002574] -> 0x0433
mem[X,0x0000000080002576] -> 0x0074
[1762] [M]: 0x0000000080002574 (0x00740433) add x8, x8, x7                          spcl_Mhandler+8
x8 <- 0x00000000800027A8

mem[X,0x0000000080002578] -> 0x1393
mem[X,0x000000008000257A] -> 0x0035
[1763] [M]: 0x0000000080002578 (0x00351393) slli x7, x10, 0x3                       spcl_Mhandler+12
x7 <- 0x0000000000000038

clint mtime 0x0000000000000372 (mip.MTI <- 0b1, mip.STI <- 0b0)
mem[X,0x000000008000257C] -> 0x0433
mem[X,0x000000008000257E] -> 0x0074
[1764] [M]: 0x000000008000257C (0x00740433) add x8, x8, x7                          spcl_Mhandler+16
x8 <- 0x00000000800027E0

mem[X,0x0000000080002580] -> 0x7413
mem[X,0x0000000080002582] -> 0xFF84
[1765] [M]: 0x0000000080002580 (0xFF847413) andi x8, x8, -0x8                       spcl_Mhandler+20
x8 <- 0x00000000800027E0

clint mtime 0x0000000000000373 (mip.MTI <- 0b1, mip.STI <- 0b0)
mem[X,0x0000000080002584] -> 0x3403
mem[X,0x0000000080002586] -> 0x0004
[1766] [M]: 0x0000000080002584 (0x00043403) ld x8, 0x0(x8)                          spcl_Mhandler+24
mem[R,0x00000000800027E0] -> 0x000000000000000F
x8 <- 0x000000000000000F

mem[X,0x0000000080002588] -> 0x01E3
mem[X,0x000000008000258A] -> 0xB204
[1767] [M]: 0x0000000080002588 (0xB20401E3) beq x8, x0, -0x4de                      spcl_Mdispatch_hndling+0

clint mtime 0x0000000000000374 (mip.MTI <- 0b1, mip.STI <- 0b0)
mem[X,0x000000008000258C] -> 0x1393
mem[X,0x000000008000258E] -> 0x03F4
[1768] [M]: 0x000000008000258C (0x03F41393) slli x7, x8, 0x3f                       spcl_Mdispatch_hndling+4
x7 <- 0x8000000000000000

mem[X,0x0000000080002590] -> 0xD863
mem[X,0x0000000080002592] -> 0x0003
[1769] [M]: 0x0000000080002590 (0x0003D863) bge x7, x0, 0x10                        spcl_Mdispatch_hndling+8

clint mtime 0x0000000000000375 (mip.MTI <- 0b1, mip.STI <- 0b0)
mem[X,0x0000000080002594] -> 0x5413
mem[X,0x0000000080002596] -> 0x0014
[1770] [M]: 0x0000000080002594 (0x00145413) srli x8, x8, 0x1                        spcl_Mdispatch_hndling+12
x8 <- 0x0000000000000007

mem[X,0x0000000080002598] -> 0x0CE3
mem[X,0x000000008000259A] -> 0xF885
[1771] [M]: 0x0000000080002598 (0xF8850CE3) beq x10, x8, -0x68                      spcl_Mdispatch_hndling+16

clint mtime 0x0000000000000376 (mip.MTI <- 0b1, mip.STI <- 0b0)
mem[X,0x0000000080002530] -> 0x3303
mem[X,0x0000000080002532] -> 0x2601
[1772] [M]: 0x0000000080002530 (0x26013303) ld x6, 0x260(x2)                        resto_Mrtn+0
mem[R,0x0000000080005260] -> 0x000000001FDDB7D5
x6 <- 0x000000001FDDB7D5

mem[X,0x0000000080002534] -> 0x3383
mem[X,0x0000000080002536] -> 0x2681
[1773] [M]: 0x0000000080002534 (0x26813383) ld x7, 0x268(x2)                        resto_Mrtn+4
mem[R,0x0000000080005268] -> 0x00000000003FBB6F
x7 <- 0x00000000003FBB6F

clint mtime 0x0000000000000377 (mip.MTI <- 0b1, mip.STI <- 0b0)
mem[X,0x0000000080002538] -> 0x3403
mem[X,0x000000008000253A] -> 0x2701
[1774] [M]: 0x0000000080002538 (0x27013403) ld x8, 0x270(x2)                        resto_Mrtn+8
mem[R,0x0000000080005270] -> 0x0000000080002000
x8 <- 0x0000000080002000

mem[X,0x000000008000253C] -> 0x3483
mem[X,0x000000008000253E] -> 0x2781
[1775] [M]: 0x000000008000253C (0x27813483) ld x9, 0x278(x2)                        resto_Mrtn+12
mem[R,0x0000000080005278] -> 0x00000000000000FE
x9 <- 0x00000000000000FE

clint mtime 0x0000000000000378 (mip.MTI <- 0b1, mip.STI <- 0b0)
mem[X,0x0000000080002540] -> 0x3503
mem[X,0x0000000080002542] -> 0x2801
[1776] [M]: 0x0000000080002540 (0x28013503) ld x10, 0x280(x2)                       resto_Mrtn+16
mem[R,0x0000000080005280] -> 0x0000000000002000
x10 <- 0x0000000000002000

mem[X,0x0000000080002544] -> 0x3583
mem[X,0x0000000080002546] -> 0x2881
[1777] [M]: 0x0000000080002544 (0x28813583) ld x11, 0x288(x2)                       resto_Mrtn+20
mem[R,0x0000000080005288] -> 0x0000000000000000
x11 <- 0x0000000000000000

clint mtime 0x0000000000000379 (mip.MTI <- 0b1, mip.STI <- 0b0)
mem[X,0x0000000080002548] -> 0x3103
mem[X,0x000000008000254A] -> 0x2901
[1778] [M]: 0x0000000080002548 (0x29013103) ld x2, 0x290(x2)                        resto_Mrtn+24
mem[R,0x0000000080005290] -> 0x0000000080002000
x2 <- 0x0000000080002000

mem[X,0x000000008000254C] -> 0x0073
mem[X,0x000000008000254E] -> 0x3020
[1779] [M]: 0x000000008000254C (0x30200073) mret                                    resto_Mrtn+28
CSR mstatus (0x300) <- 0x8000000A00006080
ret-ing from M to M

clint mtime 0x000000000000037A (mip.MTI <- 0b1, mip.STI <- 0b0)
mem[X,0x0000000080000788] -> 0x0001
[1780] [M]: 0x0000000080000788 (0x0001) c.nop                                       main+904

mem[X,0x000000008000078A] -> 0x2000
[1781] [M]: 0x000000008000078A (0x2000) c.fld f8, 0x0(x8)                           main+906
mem[R,0x0000000080002000] -> 0xFFFFFFFF3F800000
f8 <- 0xFFFFFFFF3F800000
CSR mstatus (0x300) <- 0x8000000A00006080

clint mtime 0x000000000000037B (mip.MTI <- 0b1, mip.STI <- 0b0)
mem[X,0x000000008000078C] -> 0x0001
[1782] [M]: 0x000000008000078C (0x0001) c.nop                                       main+908

mem[X,0x000000008000078E] -> 0x0001
[1783] [M]: 0x000000008000078E (0x0001) c.nop                                       main+910

clint mtime 0x000000000000037C (mip.MTI <- 0b1, mip.STI <- 0b0)
mem[X,0x0000000080000790] -> 0x8122
[1784] [M]: 0x0000000080000790 (0x8122) c.mv x2, x8                                 main+912
x2 <- 0x0000000080002000

mem[X,0x0000000080000792] -> 0xA022
[1785] [M]: 0x0000000080000792 (0xA022) c.fsdsp f8, 0x0(x2)                         main+914
trapping from M to M to handle store/amo-access-fault
handling exc#store/amo-access-fault at priv M with tval 0x0000000080002000
CSR mstatus (0x300) <- 0x8000000A00007800
CSR mcause (0x342) <- 0x0000000000000007
CSR mtval (0x343) <- 0x0000000080002000
CSR mepc (0x341) <- 0x0000000080000792

clint mtime 0x000000000000037D (mip.MTI <- 0b1, mip.STI <- 0b0)
mem[X,0x0000000080002100] -> 0x006F
mem[X,0x0000000080002102] -> 0x1000
[1786] [M]: 0x0000000080002100 (0x1000006F) jal x0, 0x100                           Mtrampoline+0

mem[X,0x0000000080002200] -> 0x1173
mem[X,0x0000000080002202] -> 0x3401
[1787] [M]: 0x0000000080002200 (0x34011173) csrrw x2, mscratch, x2                  trap_Mhandler+0
CSR mscratch (0x340) <- 0x0000000080002000
x2 <- 0x0000000080005000

clint mtime 0x000000000000037E (mip.MTI <- 0b1, mip.STI <- 0b0)
mem[X,0x0000000080002204] -> 0x3423
mem[X,0x0000000080002206] -> 0x28B1
[1788] [M]: 0x0000000080002204 (0x28B13423) sd x11, 0x288(x2)                       trap_Mhandler+4
mem[W,0x0000000080005288] <- 0x0000000000000000

mem[X,0x0000000080002208] -> 0x05EF
mem[X,0x000000008000220A] -> 0x0B80
[1789] [M]: 0x0000000080002208 (0x0B8005EF) jal x11, 0xb8                           trap_Mhandler+8
x11 <- 0x000000008000220C

clint mtime 0x000000000000037F (mip.MTI <- 0b1, mip.STI <- 0b0)
mem[X,0x00000000800022C0] -> 0x3023
mem[X,0x00000000800022C2] -> 0x28A1
[1790] [M]: 0x00000000800022C0 (0x28A13023) sd x10, 0x280(x2)                       common_Mhandler+0
mem[W,0x0000000080005280] <- 0x0000000000002000

mem[X,0x00000000800022C4] -> 0x1573
mem[X,0x00000000800022C6] -> 0x3401
[1791] [M]: 0x00000000800022C4 (0x34011573) csrrw x10, mscratch, x2                 common_Mhandler+4
CSR mscratch (0x340) <- 0x0000000080005000
x10 <- 0x0000000080002000

clint mtime 0x0000000000000380 (mip.MTI <- 0b1, mip.STI <- 0b0)
mem[X,0x00000000800022C8] -> 0x3823
mem[X,0x00000000800022CA] -> 0x28A1
[1792] [M]: 0x00000000800022C8 (0x28A13823) sd x10, 0x290(x2)                       common_Mhandler+8
mem[W,0x0000000080005290] <- 0x0000000080002000

mem[X,0x00000000800022CC] -> 0x3503
mem[X,0x00000000800022CE] -> 0x2301
[1793] [M]: 0x00000000800022CC (0x23013503) ld x10, 0x230(x2)                       common_Mhandler+12
mem[R,0x0000000080005230] -> 0x00000000800022D4
x10 <- 0x00000000800022D4

clint mtime 0x0000000000000381 (mip.MTI <- 0b1, mip.STI <- 0b0)
mem[X,0x00000000800022D0] -> 0x0067
mem[X,0x00000000800022D2] -> 0x0005
[1794] [M]: 0x00000000800022D0 (0x00050067) jalr x0, 0x0(x10)                       common_Mhandler+16

mem[X,0x00000000800022D4] -> 0x3C23
mem[X,0x00000000800022D6] -> 0x2691
[1795] [M]: 0x00000000800022D4 (0x26913C23) sd x9, 0x278(x2)                        common_Mentry+0
mem[W,0x0000000080005278] <- 0x00000000000000FE

clint mtime 0x0000000000000382 (mip.MTI <- 0b1, mip.STI <- 0b0)
mem[X,0x00000000800022D8] -> 0x3823
mem[X,0x00000000800022DA] -> 0x2681
[1796] [M]: 0x00000000800022D8 (0x26813823) sd x8, 0x270(x2)                        common_Mentry+4
mem[W,0x0000000080005270] <- 0x0000000080002000

mem[X,0x00000000800022DC] -> 0x3423
mem[X,0x00000000800022DE] -> 0x2671
[1797] [M]: 0x00000000800022DC (0x26713423) sd x7, 0x268(x2)                        common_Mentry+8
mem[W,0x0000000080005268] <- 0x00000000003FBB6F

clint mtime 0x0000000000000383 (mip.MTI <- 0b1, mip.STI <- 0b0)
mem[X,0x00000000800022E0] -> 0x3023
mem[X,0x00000000800022E2] -> 0x2661
[1798] [M]: 0x00000000800022E0 (0x26613023) sd x6, 0x260(x2)                        common_Mentry+12
mem[W,0x0000000080005260] <- 0x000000001FDDB7D5

mem[X,0x00000000800022E4] -> 0x2573
mem[X,0x00000000800022E6] -> 0x3420
[1799] [M]: 0x00000000800022E4 (0x34202573) csrrs x10, mcause, x0                   spcl_M2mmode_test+0
CSR mcause (0x342) -> 0x0000000000000007
x10 <- 0x0000000000000007

clint mtime 0x0000000000000384 (mip.MTI <- 0b1, mip.STI <- 0b0)
mem[X,0x00000000800022E8] -> 0x04B7
mem[X,0x00000000800022EA] -> 0x8000
[1800] [M]: 0x00000000800022E8 (0x800004B7) lui x9, -0x80000                        spcl_M2mmode_test+4
x9 <- 0xFFFFFFFF80000000

mem[X,0x00000000800022EC] -> 0x8493
mem[X,0x00000000800022EE] -> 0x0004
[1801] [M]: 0x00000000800022EC (0x00048493) addi x9, x9, 0x0                        spcl_M2mmode_test+8
x9 <- 0xFFFFFFFF80000000

clint mtime 0x0000000000000385 (mip.MTI <- 0b1, mip.STI <- 0b0)
mem[X,0x00000000800022F0] -> 0x9493
mem[X,0x00000000800022F2] -> 0x00B4
[1802] [M]: 0x00000000800022F0 (0x00B49493) slli x9, x9, 0xb                        spcl_M2mmode_test+12
x9 <- 0xFFFFFC0000000000

mem[X,0x00000000800022F4] -> 0x8493
mem[X,0x00000000800022F6] -> 0x0004
[1803] [M]: 0x00000000800022F4 (0x00048493) addi x9, x9, 0x0                        spcl_M2mmode_test+16
x9 <- 0xFFFFFC0000000000

clint mtime 0x0000000000000386 (mip.MTI <- 0b1, mip.STI <- 0b0)
mem[X,0x00000000800022F8] -> 0x9493
mem[X,0x00000000800022FA] -> 0x00B4
[1804] [M]: 0x00000000800022F8 (0x00B49493) slli x9, x9, 0xb                        spcl_M2mmode_test+20
x9 <- 0xFFE0000000000000

mem[X,0x00000000800022FC] -> 0x8493
mem[X,0x00000000800022FE] -> 0x0034
[1805] [M]: 0x00000000800022FC (0x00348493) addi x9, x9, 0x3                        spcl_M2mmode_test+24
x9 <- 0xFFE0000000000003

clint mtime 0x0000000000000387 (mip.MTI <- 0b1, mip.STI <- 0b0)
mem[X,0x0000000080002300] -> 0x9493
mem[X,0x0000000080002302] -> 0x00A4
[1806] [M]: 0x0000000080002300 (0x00A49493) slli x9, x9, 0xa                        spcl_M2mmode_test+28
x9 <- 0x8000000000000C00

mem[X,0x0000000080002304] -> 0x8493
mem[X,0x0000000080002306] -> 0x3FC4
[1807] [M]: 0x0000000080002304 (0x3FC48493) addi x9, x9, 0x3fc                      spcl_M2mmode_test+32
x9 <- 0x8000000000000FFC

clint mtime 0x0000000000000388 (mip.MTI <- 0b1, mip.STI <- 0b0)
mem[X,0x0000000080002308] -> 0xF4B3
mem[X,0x000000008000230A] -> 0x00A4
[1808] [M]: 0x0000000080002308 (0x00A4F4B3) and x9, x9, x10                         spcl_M2mmode_test+36
x9 <- 0x0000000000000004

mem[X,0x000000008000230C] -> 0x8493
mem[X,0x000000008000230E] -> 0xFF84
[1809] [M]: 0x000000008000230C (0xFF848493) addi x9, x9, -0x8                       spcl_M2mmode_test+40
x9 <- 0xFFFFFFFFFFFFFFFC

clint mtime 0x0000000000000389 (mip.MTI <- 0b1, mip.STI <- 0b0)
mem[X,0x0000000080002310] -> 0x9663
mem[X,0x0000000080002312] -> 0x0004
[1810] [M]: 0x0000000080002310 (0x00049663) bne x9, x0, 0xc                         spcl_M2mmode_test+44

mem[X,0x000000008000231C] -> 0x0393
mem[X,0x000000008000231E] -> 0x0200
[1811] [M]: 0x000000008000231C (0x02000393) addi x7, x0, 0x20                       Mtrapsig_ptr_upd+0
x7 <- 0x0000000000000020

clint mtime 0x000000000000038A (mip.MTI <- 0b1, mip.STI <- 0b0)
mem[X,0x0000000080002320] -> 0x5263
mem[X,0x0000000080002322] -> 0x0405
[1812] [M]: 0x0000000080002320 (0x04055263) bge x10, x0, 0x44                       Mtrapsig_ptr_upd+4

mem[X,0x0000000080002364] -> 0x2373
mem[X,0x0000000080002366] -> 0x3010
[1813] [M]: 0x0000000080002364 (0x30102373) csrrs x6, misa, x0                      Mxcpt_sig_sv+0
CSR misa (0x301) -> 0x800000000034112F
x6 <- 0x800000000034112F

clint mtime 0x000000000000038B (mip.MTI <- 0b1, mip.STI <- 0b0)
mem[X,0x0000000080002368] -> 0x1313
mem[X,0x000000008000236A] -> 0x0383
[1814] [M]: 0x0000000080002368 (0x03831313) slli x6, x6, 0x38                       Mxcpt_sig_sv+4
x6 <- 0x2F00000000000000

mem[X,0x000000008000236C] -> 0x5463
mem[X,0x000000008000236E] -> 0x0003
[1815] [M]: 0x000000008000236C (0x00035463) bge x6, x0, 0x8                         Mxcpt_sig_sv+8

clint mtime 0x000000000000038C (mip.MTI <- 0b1, mip.STI <- 0b0)
mem[X,0x0000000080002374] -> 0x3303
mem[X,0x0000000080002376] -> 0x2181
[1816] [M]: 0x0000000080002374 (0x21813303) ld x6, 0x218(x2)                        Mtrap_sig_sv+0
mem[R,0x0000000080005218] -> 0x0000000080006480
x6 <- 0x0000000080006480

mem[X,0x0000000080002378] -> 0x04B3
mem[X,0x000000008000237A] -> 0x0073
[1817] [M]: 0x0000000080002378 (0x007304B3) add x9, x6, x7                          Mtrap_sig_sv+4
x9 <- 0x00000000800064A0

clint mtime 0x000000000000038D (mip.MTI <- 0b1, mip.STI <- 0b0)
mem[X,0x000000008000237C] -> 0x3C23
mem[X,0x000000008000237E] -> 0x2091
[1818] [M]: 0x000000008000237C (0x20913C23) sd x9, 0x218(x2)                        Mtrap_sig_sv+8
mem[W,0x0000000080005218] <- 0x00000000800064A0

mem[X,0x0000000080002380] -> 0x3403
mem[X,0x0000000080002382] -> 0x1F81
[1819] [M]: 0x0000000080002380 (0x1F813403) ld x8, 0x1f8(x2)                        Mtrap_sig_sv+12
mem[R,0x00000000800051F8] -> 0x0000000080006210
x8 <- 0x0000000080006210

clint mtime 0x000000000000038E (mip.MTI <- 0b1, mip.STI <- 0b0)
mem[X,0x0000000080002384] -> 0x0333
mem[X,0x0000000080002386] -> 0x4083
[1820] [M]: 0x0000000080002384 (0x40830333) sub x6, x6, x8                          Mtrap_sig_sv+16
x6 <- 0x0000000000000270

mem[X,0x0000000080002388] -> 0x3403
mem[X,0x000000008000238A] -> 0x1F81
[1821] [M]: 0x0000000080002388 (0x1F813403) ld x8, 0x1f8(x2)                        Mtrap_sig_sv+20
mem[R,0x00000000800051F8] -> 0x0000000080006210
x8 <- 0x0000000080006210

clint mtime 0x000000000000038F (mip.MTI <- 0b1, mip.STI <- 0b0)
mem[X,0x000000008000238C] -> 0x0333
mem[X,0x000000008000238E] -> 0x0083
[1822] [M]: 0x000000008000238C (0x00830333) add x6, x6, x8                          Mtrap_sig_sv+24
x6 <- 0x0000000080006480

mem[X,0x0000000080002390] -> 0x3403
mem[X,0x0000000080002392] -> 0x2401
[1823] [M]: 0x0000000080002390 (0x24013403) ld x8, 0x240(x2)                        Mtrap_sig_sv+28
mem[R,0x0000000080005240] -> 0x0000000080002100
x8 <- 0x0000000080002100

clint mtime 0x0000000000000390 (mip.MTI <- 0b1, mip.STI <- 0b0)
mem[X,0x0000000080002394] -> 0x85B3
mem[X,0x0000000080002396] -> 0x4085
[1824] [M]: 0x0000000080002394 (0x408585B3) sub x11, x11, x8                        sv_Mvect+0
x11 <- 0x000000000000010C

mem[X,0x0000000080002398] -> 0x9593
mem[X,0x000000008000239A] -> 0x0045
[1825] [M]: 0x0000000080002398 (0x00459593) slli x11, x11, 0x4                      sv_Mvect+4
x11 <- 0x00000000000010C0

clint mtime 0x0000000000000391 (mip.MTI <- 0b1, mip.STI <- 0b0)
mem[X,0x000000008000239C] -> 0xE5B3
mem[X,0x000000008000239E] -> 0x0075
[1826] [M]: 0x000000008000239C (0x0075E5B3) or x11, x11, x7                         sv_Mvect+8
x11 <- 0x00000000000010E0

mem[X,0x00000000800023A0] -> 0x8593
mem[X,0x00000000800023A2] -> 0x0035
[1827] [M]: 0x00000000800023A0 (0x00358593) addi x11, x11, 0x3                      sv_Mvect+12
x11 <- 0x00000000000010E3

clint mtime 0x0000000000000392 (mip.MTI <- 0b1, mip.STI <- 0b0)
mem[X,0x00000000800023A4] -> 0x3023
mem[X,0x00000000800023A6] -> 0x00B3
[1828] [M]: 0x00000000800023A4 (0x00B33023) sd x11, 0x0(x6)                         sv_Mvect+16
mem[W,0x0000000080006480] <- 0x00000000000010E3

mem[X,0x00000000800023A8] -> 0x3423
mem[X,0x00000000800023AA] -> 0x00A3
[1829] [M]: 0x00000000800023A8 (0x00A33423) sd x10, 0x8(x6)                         sv_Mcause+0
mem[W,0x0000000080006488] <- 0x0000000000000007

clint mtime 0x0000000000000393 (mip.MTI <- 0b1, mip.STI <- 0b0)
mem[X,0x00000000800023AC] -> 0x4263
mem[X,0x00000000800023AE] -> 0x1A05
[1830] [M]: 0x00000000800023AC (0x1A054263) blt x10, x0, 0x1a4                      sv_Mcause+4

mem[X,0x00000000800023B0] -> 0x25F3
mem[X,0x00000000800023B2] -> 0x3000
[1831] [M]: 0x00000000800023B0 (0x300025F3) csrrs x11, mstatus, x0                  common_Mexcpt_handler+0
CSR mstatus (0x300) -> 0x8000000A00007800
x11 <- 0x8000000A00007800

clint mtime 0x0000000000000394 (mip.MTI <- 0b1, mip.STI <- 0b0)
mem[X,0x00000000800023B4] -> 0x9413
mem[X,0x00000000800023B6] -> 0x02E5
[1832] [M]: 0x00000000800023B4 (0x02E59413) slli x8, x11, 0x2e                      common_Mexcpt_handler+4
x8 <- 0x1E00000000000000

mem[X,0x00000000800023B8] -> 0x5463
mem[X,0x00000000800023BA] -> 0x0004
[1833] [M]: 0x00000000800023B8 (0x00045463) bge x8, x0, 0x8                         common_Mexcpt_handler+8

clint mtime 0x0000000000000395 (mip.MTI <- 0b1, mip.STI <- 0b0)
mem[X,0x00000000800023C0] -> 0xD493
mem[X,0x00000000800023C2] -> 0x00B5
[1834] [M]: 0x00000000800023C0 (0x00B5D493) srli x9, x11, 0xb                       common_Mexcpt_handler+16
x9 <- 0x001000000140000F

mem[X,0x00000000800023C4] -> 0xF493
mem[X,0x00000000800023C6] -> 0x0034
[1835] [M]: 0x00000000800023C4 (0x0034F493) andi x9, x9, 0x3                        common_Mexcpt_handler+20
x9 <- 0x0000000000000003

clint mtime 0x0000000000000396 (mip.MTI <- 0b1, mip.STI <- 0b0)
mem[X,0x00000000800023C8] -> 0x8493
mem[X,0x00000000800023CA] -> 0x0014
[1836] [M]: 0x00000000800023C8 (0x00148493) addi x9, x9, 0x1                        common_Mexcpt_handler+24
x9 <- 0x0000000000000004

mem[X,0x00000000800023CC] -> 0xF493
mem[X,0x00000000800023CE] -> 0x0044
[1837] [M]: 0x00000000800023CC (0x0044F493) andi x9, x9, 0x4                        common_Mexcpt_handler+28
x9 <- 0x0000000000000004

clint mtime 0x0000000000000397 (mip.MTI <- 0b1, mip.STI <- 0b0)
mem[X,0x00000000800023D0] -> 0x0593
mem[X,0x00000000800023D2] -> 0x05D0
[1838] [M]: 0x00000000800023D0 (0x05D00593) addi x11, x0, 0x5d                      common_Mexcpt_handler+32
x11 <- 0x000000000000005D

mem[X,0x00000000800023D4] -> 0xD5B3
mem[X,0x00000000800023D6] -> 0x0095
[1839] [M]: 0x00000000800023D4 (0x0095D5B3) srl x11, x11, x9                        common_Mexcpt_handler+36
x11 <- 0x0000000000000005

clint mtime 0x0000000000000398 (mip.MTI <- 0b1, mip.STI <- 0b0)
mem[X,0x00000000800023D8] -> 0xF593
mem[X,0x00000000800023DA] -> 0x0015
[1840] [M]: 0x00000000800023D8 (0x0015F593) andi x11, x11, 0x1                      common_Mexcpt_handler+40
x11 <- 0x0000000000000001

mem[X,0x00000000800023DC] -> 0x8EE3
mem[X,0x00000000800023DE] -> 0xF405
[1841] [M]: 0x00000000800023DC (0xF4058EE3) beq x11, x0, -0xa4                      common_Mexcpt_handler+44

clint mtime 0x0000000000000399 (mip.MTI <- 0b1, mip.STI <- 0b0)
mem[X,0x00000000800023E0] -> 0x0593
mem[X,0x00000000800023E2] -> 0x2980
[1842] [M]: 0x00000000800023E0 (0x29800593) addi x11, x0, 0x298                     common_Mexcpt_handler+48
x11 <- 0x0000000000000298

mem[X,0x00000000800023E4] -> 0xF413
mem[X,0x00000000800023E6] -> 0x0014
[1843] [M]: 0x00000000800023E4 (0x0014F413) andi x8, x9, 0x1                        common_Mexcpt_handler+52
x8 <- 0x0000000000000000

clint mtime 0x000000000000039A (mip.MTI <- 0b1, mip.STI <- 0b0)
mem[X,0x00000000800023E8] -> 0x95B3
mem[X,0x00000000800023EA] -> 0x0085
[1844] [M]: 0x00000000800023E8 (0x008595B3) sll x11, x11, x8                        common_Mexcpt_handler+56
x11 <- 0x0000000000000298

mem[X,0x00000000800023EC] -> 0x9413
mem[X,0x00000000800023EE] -> 0x03D4
[1845] [M]: 0x00000000800023EC (0x03D49413) slli x8, x9, 0x3d                       common_Mexcpt_handler+60
x8 <- 0x8000000000000000

clint mtime 0x000000000000039B (mip.MTI <- 0b1, mip.STI <- 0b0)
mem[X,0x00000000800023F0] -> 0x5413
mem[X,0x00000000800023F2] -> 0x43F4
[1846] [M]: 0x00000000800023F0 (0x43F45413) srai x8, x8, 0x3f                       common_Mexcpt_handler+64
x8 <- 0xFFFFFFFFFFFFFFFF

mem[X,0x00000000800023F4] -> 0x4413
mem[X,0x00000000800023F6] -> 0xFFF4
[1847] [M]: 0x00000000800023F4 (0xFFF44413) xori x8, x8, -0x1                       common_Mexcpt_handler+68
x8 <- 0x0000000000000000

clint mtime 0x000000000000039C (mip.MTI <- 0b1, mip.STI <- 0b0)
mem[X,0x00000000800023F8] -> 0xF4B3
mem[X,0x00000000800023FA] -> 0x0085
[1848] [M]: 0x00000000800023F8 (0x0085F4B3) and x9, x11, x8                         common_Mexcpt_handler+72
x9 <- 0x0000000000000000

mem[X,0x00000000800023FC] -> 0x84B3
mem[X,0x00000000800023FE] -> 0x0024
[1849] [M]: 0x00000000800023FC (0x002484B3) add x9, x9, x2                          vmem_adj_Mepc+0
x9 <- 0x0000000080005000

clint mtime 0x000000000000039D (mip.MTI <- 0b1, mip.STI <- 0b0)
mem[X,0x0000000080002400] -> 0x23F3
mem[X,0x0000000080002402] -> 0x3410
[1850] [M]: 0x0000000080002400 (0x341023F3) csrrs x7, mepc, x0                      vmem_adj_Mepc+4
CSR mepc (0x341) -> 0x0000000080000792
x7 <- 0x0000000080000792

mem[X,0x0000000080002404] -> 0x0413
mem[X,0x0000000080002406] -> 0x0004
[1851] [M]: 0x0000000080002404 (0x00040413) addi x8, x8, 0x0                        vmem_adj_Mepc+8
x8 <- 0x0000000000000000

clint mtime 0x000000000000039E (mip.MTI <- 0b1, mip.STI <- 0b0)
mem[X,0x0000000080002408] -> 0x006F
mem[X,0x000000008000240A] -> 0x0400
[1852] [M]: 0x0000000080002408 (0x0400006F) jal x0, 0x40                            vmem_adj_Mepc+12

mem[X,0x0000000080002448] -> 0x8433
mem[X,0x000000008000244A] -> 0x4083
[1853] [M]: 0x0000000080002448 (0x40838433) sub x8, x7, x8                          adj_Mepc+0
x8 <- 0x0000000080000792

clint mtime 0x000000000000039F (mip.MTI <- 0b1, mip.STI <- 0b0)
mem[X,0x000000008000244C] -> 0x3823
mem[X,0x000000008000244E] -> 0x0083
[1854] [M]: 0x000000008000244C (0x00833823) sd x8, 0x10(x6)                         sv_Mepc+0
mem[W,0x0000000080006490] <- 0x0000000080000792

mem[X,0x0000000080002450] -> 0x55B7
mem[X,0x0000000080002452] -> 0x0000
[1855] [M]: 0x0000000080002450 (0x000055B7) lui x11, 0x5                            sv_Mepc+4
x11 <- 0x0000000000005000

clint mtime 0x00000000000003A0 (mip.MTI <- 0b1, mip.STI <- 0b0)
mem[X,0x0000000080002454] -> 0x8593
mem[X,0x0000000080002456] -> 0x6675
[1856] [M]: 0x0000000080002454 (0x66758593) addi x11, x11, 0x667                    sv_Mepc+8
x11 <- 0x0000000000005667

mem[X,0x0000000080002458] -> 0x9593
mem[X,0x000000008000245A] -> 0x0015
[1857] [M]: 0x0000000080002458 (0x00159593) slli x11, x11, 0x1                      sv_Mepc+12
x11 <- 0x000000000000ACCE

clint mtime 0x00000000000003A1 (mip.MTI <- 0b1, mip.STI <- 0b0)
mem[X,0x000000008000245C] -> 0x9063
mem[X,0x000000008000245E] -> 0x02B1
[1858] [M]: 0x000000008000245C (0x02B19063) bne x3, x11, 0x20                       sv_Mepc+16

mem[X,0x000000008000247C] -> 0xF593
mem[X,0x000000008000247E] -> 0xFFC3
[1859] [M]: 0x000000008000247C (0xFFC3F593) andi x11, x7, -0x4                      adj_Mepc_rtn+0
x11 <- 0x0000000080000790

clint mtime 0x00000000000003A2 (mip.MTI <- 0b1, mip.STI <- 0b0)
mem[X,0x0000000080002480] -> 0x8593
mem[X,0x0000000080002482] -> 0x0085
[1860] [M]: 0x0000000080002480 (0x00858593) addi x11, x11, 0x8                      adj_Mepc_rtn+4
x11 <- 0x0000000080000798

mem[X,0x0000000080002484] -> 0x9073
mem[X,0x0000000080002486] -> 0x3415
[1861] [M]: 0x0000000080002484 (0x34159073) csrrw x0, mepc, x11                     adj_Mepc_rtn+8
CSR mepc (0x341) <- 0x0000000080000798

clint mtime 0x00000000000003A3 (mip.MTI <- 0b1, mip.STI <- 0b0)
mem[X,0x0000000080002488] -> 0x23F3
mem[X,0x000000008000248A] -> 0x3430
[1862] [M]: 0x0000000080002488 (0x343023F3) csrrs x7, mtval, x0                     skp_adj_Mepc+0
CSR mtval (0x343) -> 0x0000000080002000
x7 <- 0x0000000080002000

mem[X,0x000000008000248C] -> 0x7513
mem[X,0x000000008000248E] -> 0x00F5
[1863] [M]: 0x000000008000248C (0x00F57513) andi x10, x10, 0xf                      chk_Mtval+0
x10 <- 0x0000000000000007

clint mtime 0x00000000000003A4 (mip.MTI <- 0b1, mip.STI <- 0b0)
mem[X,0x0000000080002490] -> 0x0437
mem[X,0x0000000080002492] -> 0x0000
[1864] [M]: 0x0000000080002490 (0x00000437) lui x8, 0x0                             chk_Mtval+4
x8 <- 0x0000000000000000

mem[X,0x0000000080002494] -> 0x0413
mem[X,0x0000000080002496] -> 0x0004
[1865] [M]: 0x0000000080002494 (0x00040413) addi x8, x8, 0x0                        chk_Mtval+8
x8 <- 0x0000000000000000

clint mtime 0x00000000000003A5 (mip.MTI <- 0b1, mip.STI <- 0b0)
mem[X,0x0000000080002498] -> 0x1413
mem[X,0x000000008000249A] -> 0x00B4
[1866] [M]: 0x0000000080002498 (0x00B41413) slli x8, x8, 0xb                        chk_Mtval+12
x8 <- 0x0000000000000000

mem[X,0x000000008000249C] -> 0x0413
mem[X,0x000000008000249E] -> 0x0004
[1867] [M]: 0x000000008000249C (0x00040413) addi x8, x8, 0x0                        chk_Mtval+16
x8 <- 0x0000000000000000

clint mtime 0x00000000000003A6 (mip.MTI <- 0b1, mip.STI <- 0b0)
mem[X,0x00000000800024A0] -> 0x1413
mem[X,0x00000000800024A2] -> 0x00B4
[1868] [M]: 0x00000000800024A0 (0x00B41413) slli x8, x8, 0xb                        chk_Mtval+20
x8 <- 0x0000000000000000

mem[X,0x00000000800024A4] -> 0x0413
mem[X,0x00000000800024A6] -> 0x02C4
[1869] [M]: 0x00000000800024A4 (0x02C40413) addi x8, x8, 0x2c                       chk_Mtval+24
x8 <- 0x000000000000002C

clint mtime 0x00000000000003A7 (mip.MTI <- 0b1, mip.STI <- 0b0)
mem[X,0x00000000800024A8] -> 0x1413
mem[X,0x00000000800024AA] -> 0x00A4
[1870] [M]: 0x00000000800024A8 (0x00A41413) slli x8, x8, 0xa                        chk_Mtval+28
x8 <- 0x000000000000B000

mem[X,0x00000000800024AC] -> 0x0413
mem[X,0x00000000800024AE] -> 0x0FB4
[1871] [M]: 0x00000000800024AC (0x0FB40413) addi x8, x8, 0xfb                       chk_Mtval+32
x8 <- 0x000000000000B0FB

clint mtime 0x00000000000003A8 (mip.MTI <- 0b1, mip.STI <- 0b0)
mem[X,0x00000000800024B0] -> 0x5433
mem[X,0x00000000800024B2] -> 0x00A4
[1872] [M]: 0x00000000800024B0 (0x00A45433) srl x8, x8, x10                         chk_Mtval+36
x8 <- 0x0000000000000161

mem[X,0x00000000800024B4] -> 0x1413
mem[X,0x00000000800024B6] -> 0x03F4
[1873] [M]: 0x00000000800024B4 (0x03F41413) slli x8, x8, 0x3f                       chk_Mtval+40
x8 <- 0x8000000000000000

clint mtime 0x00000000000003A9 (mip.MTI <- 0b1, mip.STI <- 0b0)
mem[X,0x00000000800024B8] -> 0x5C63
mem[X,0x00000000800024BA] -> 0x0404
[1874] [M]: 0x00000000800024B8 (0x04045C63) bge x8, x0, 0x58                        chk_Mtval+44

mem[X,0x00000000800024BC] -> 0xB403
mem[X,0x00000000800024BE] -> 0x2084
[1875] [M]: 0x00000000800024BC (0x2084B403) ld x8, 0x208(x9)                        vmem_adj_Mtval+0
mem[R,0x0000000080005208] -> 0x00000000800003B4
x8 <- 0x00000000800003B4

clint mtime 0x00000000000003AA (mip.MTI <- 0b1, mip.STI <- 0b0)
mem[X,0x00000000800024C0] -> 0xB583
mem[X,0x00000000800024C2] -> 0x2104
[1876] [M]: 0x00000000800024C0 (0x2104B583) ld x11, 0x210(x9)                       vmem_adj_Mtval+4
mem[R,0x0000000080005210] -> 0x0000000000001C5A
x11 <- 0x0000000000001C5A

mem[X,0x00000000800024C4] -> 0x85B3
mem[X,0x00000000800024C6] -> 0x0085
[1877] [M]: 0x00000000800024C4 (0x008585B3) add x11, x11, x8                        vmem_adj_Mtval+8
x11 <- 0x000000008000200E

clint mtime 0x00000000000003AB (mip.MTI <- 0b1, mip.STI <- 0b0)
mem[X,0x00000000800024C8] -> 0xF463
mem[X,0x00000000800024CA] -> 0x00B3
[1878] [M]: 0x00000000800024C8 (0x00B3F463) bgeu x7, x11, 0x8                       vmem_adj_Mtval+12

mem[X,0x00000000800024CC] -> 0xF063
mem[X,0x00000000800024CE] -> 0x0483
[1879] [M]: 0x00000000800024CC (0x0483F063) bgeu x7, x8, 0x40                       vmem_adj_Mtval+16

clint mtime 0x00000000000003AC (mip.MTI <- 0b1, mip.STI <- 0b0)
mem[X,0x000000008000250C] -> 0x8433
mem[X,0x000000008000250E] -> 0x4083
[1880] [M]: 0x000000008000250C (0x40838433) sub x8, x7, x8                          adj_Mtval+0
x8 <- 0x0000000000001C4C

mem[X,0x0000000080002510] -> 0x3C23
mem[X,0x0000000080002512] -> 0x0083
[1881] [M]: 0x0000000080002510 (0x00833C23) sd x8, 0x18(x6)                         sv_Mtval+0
mem[W,0x0000000080006498] <- 0x0000000000001C4C

clint mtime 0x00000000000003AD (mip.MTI <- 0b1, mip.STI <- 0b0)
mem[X,0x0000000080002514] -> 0x3483
mem[X,0x0000000080002516] -> 0x2181
[1882] [M]: 0x0000000080002514 (0x21813483) ld x9, 0x218(x2)                        skp_Mtval+0
mem[R,0x0000000080005218] -> 0x00000000800064A0
x9 <- 0x00000000800064A0

mem[X,0x0000000080002518] -> 0x3383
mem[X,0x000000008000251A] -> 0x1F81
[1883] [M]: 0x0000000080002518 (0x1F813383) ld x7, 0x1f8(x2)                        skp_Mtval+4
mem[R,0x00000000800051F8] -> 0x0000000080006210
x7 <- 0x0000000080006210

clint mtime 0x00000000000003AE (mip.MTI <- 0b1, mip.STI <- 0b0)
mem[X,0x000000008000251C] -> 0x3303
mem[X,0x000000008000251E] -> 0x2001
[1884] [M]: 0x000000008000251C (0x20013303) ld x6, 0x200(x2)                        skp_Mtval+8
mem[R,0x0000000080005200] -> 0x0000000000000920
x6 <- 0x0000000000000920

mem[X,0x0000000080002520] -> 0x0333
mem[X,0x0000000080002522] -> 0x0073
[1885] [M]: 0x0000000080002520 (0x00730333) add x6, x6, x7                          skp_Mtval+12
x6 <- 0x0000000080006B30

clint mtime 0x00000000000003AF (mip.MTI <- 0b1, mip.STI <- 0b0)
mem[X,0x0000000080002524] -> 0x69E3
mem[X,0x0000000080002526] -> 0xAE93
[1886] [M]: 0x0000000080002524 (0xAE9369E3) bltu x6, x9, -0x50e                     skp_Mtval+16

mem[X,0x0000000080002528] -> 0x0393
mem[X,0x000000008000252A] -> 0x2000
[1887] [M]: 0x0000000080002528 (0x20000393) addi x7, x0, 0x200                      skp_Mtval+20
x7 <- 0x0000000000000200

clint mtime 0x00000000000003B0 (mip.MTI <- 0b1, mip.STI <- 0b0)
mem[X,0x000000008000252C] -> 0x006F
mem[X,0x000000008000252E] -> 0x0400
[1888] [M]: 0x000000008000252C (0x0400006F) jal x0, 0x40                            skp_Mtval+24

mem[X,0x000000008000256C] -> 0x0417
mem[X,0x000000008000256E] -> 0x0000
[1889] [M]: 0x000000008000256C (0x00000417) auipc x8, 0x0                           spcl_Mhandler+0
x8 <- 0x000000008000256C

clint mtime 0x00000000000003B1 (mip.MTI <- 0b1, mip.STI <- 0b0)
mem[X,0x0000000080002570] -> 0x0413
mem[X,0x0000000080002572] -> 0x03C4
[1890] [M]: 0x0000000080002570 (0x03C40413) addi x8, x8, 0x3c                       spcl_Mhandler+4
x8 <- 0x00000000800025A8

mem[X,0x0000000080002574] -> 0x0433
mem[X,0x0000000080002576] -> 0x0074
[1891] [M]: 0x0000000080002574 (0x00740433) add x8, x8, x7                          spcl_Mhandler+8
x8 <- 0x00000000800027A8

clint mtime 0x00000000000003B2 (mip.MTI <- 0b1, mip.STI <- 0b0)
mem[X,0x0000000080002578] -> 0x1393
mem[X,0x000000008000257A] -> 0x0035
[1892] [M]: 0x0000000080002578 (0x00351393) slli x7, x10, 0x3                       spcl_Mhandler+12
x7 <- 0x0000000000000038

mem[X,0x000000008000257C] -> 0x0433
mem[X,0x000000008000257E] -> 0x0074
[1893] [M]: 0x000000008000257C (0x00740433) add x8, x8, x7                          spcl_Mhandler+16
x8 <- 0x00000000800027E0

clint mtime 0x00000000000003B3 (mip.MTI <- 0b1, mip.STI <- 0b0)
mem[X,0x0000000080002580] -> 0x7413
mem[X,0x0000000080002582] -> 0xFF84
[1894] [M]: 0x0000000080002580 (0xFF847413) andi x8, x8, -0x8                       spcl_Mhandler+20
x8 <- 0x00000000800027E0

mem[X,0x0000000080002584] -> 0x3403
mem[X,0x0000000080002586] -> 0x0004
[1895] [M]: 0x0000000080002584 (0x00043403) ld x8, 0x0(x8)                          spcl_Mhandler+24
mem[R,0x00000000800027E0] -> 0x000000000000000F
x8 <- 0x000000000000000F

clint mtime 0x00000000000003B4 (mip.MTI <- 0b1, mip.STI <- 0b0)
mem[X,0x0000000080002588] -> 0x01E3
mem[X,0x000000008000258A] -> 0xB204
[1896] [M]: 0x0000000080002588 (0xB20401E3) beq x8, x0, -0x4de                      spcl_Mdispatch_hndling+0

mem[X,0x000000008000258C] -> 0x1393
mem[X,0x000000008000258E] -> 0x03F4
[1897] [M]: 0x000000008000258C (0x03F41393) slli x7, x8, 0x3f                       spcl_Mdispatch_hndling+4
x7 <- 0x8000000000000000

clint mtime 0x00000000000003B5 (mip.MTI <- 0b1, mip.STI <- 0b0)
mem[X,0x0000000080002590] -> 0xD863
mem[X,0x0000000080002592] -> 0x0003
[1898] [M]: 0x0000000080002590 (0x0003D863) bge x7, x0, 0x10                        spcl_Mdispatch_hndling+8

mem[X,0x0000000080002594] -> 0x5413
mem[X,0x0000000080002596] -> 0x0014
[1899] [M]: 0x0000000080002594 (0x00145413) srli x8, x8, 0x1                        spcl_Mdispatch_hndling+12
x8 <- 0x0000000000000007

clint mtime 0x00000000000003B6 (mip.MTI <- 0b1, mip.STI <- 0b0)
mem[X,0x0000000080002598] -> 0x0CE3
mem[X,0x000000008000259A] -> 0xF885
[1900] [M]: 0x0000000080002598 (0xF8850CE3) beq x10, x8, -0x68                      spcl_Mdispatch_hndling+16

mem[X,0x0000000080002530] -> 0x3303
mem[X,0x0000000080002532] -> 0x2601
[1901] [M]: 0x0000000080002530 (0x26013303) ld x6, 0x260(x2)                        resto_Mrtn+0
mem[R,0x0000000080005260] -> 0x000000001FDDB7D5
x6 <- 0x000000001FDDB7D5

clint mtime 0x00000000000003B7 (mip.MTI <- 0b1, mip.STI <- 0b0)
mem[X,0x0000000080002534] -> 0x3383
mem[X,0x0000000080002536] -> 0x2681
[1902] [M]: 0x0000000080002534 (0x26813383) ld x7, 0x268(x2)                        resto_Mrtn+4
mem[R,0x0000000080005268] -> 0x00000000003FBB6F
x7 <- 0x00000000003FBB6F

mem[X,0x0000000080002538] -> 0x3403
mem[X,0x000000008000253A] -> 0x2701
[1903] [M]: 0x0000000080002538 (0x27013403) ld x8, 0x270(x2)                        resto_Mrtn+8
mem[R,0x0000000080005270] -> 0x0000000080002000
x8 <- 0x0000000080002000

clint mtime 0x00000000000003B8 (mip.MTI <- 0b1, mip.STI <- 0b0)
mem[X,0x000000008000253C] -> 0x3483
mem[X,0x000000008000253E] -> 0x2781
[1904] [M]: 0x000000008000253C (0x27813483) ld x9, 0x278(x2)                        resto_Mrtn+12
mem[R,0x0000000080005278] -> 0x00000000000000FE
x9 <- 0x00000000000000FE

mem[X,0x0000000080002540] -> 0x3503
mem[X,0x0000000080002542] -> 0x2801
[1905] [M]: 0x0000000080002540 (0x28013503) ld x10, 0x280(x2)                       resto_Mrtn+16
mem[R,0x0000000080005280] -> 0x0000000000002000
x10 <- 0x0000000000002000

clint mtime 0x00000000000003B9 (mip.MTI <- 0b1, mip.STI <- 0b0)
mem[X,0x0000000080002544] -> 0x3583
mem[X,0x0000000080002546] -> 0x2881
[1906] [M]: 0x0000000080002544 (0x28813583) ld x11, 0x288(x2)                       resto_Mrtn+20
mem[R,0x0000000080005288] -> 0x0000000000000000
x11 <- 0x0000000000000000

mem[X,0x0000000080002548] -> 0x3103
mem[X,0x000000008000254A] -> 0x2901
[1907] [M]: 0x0000000080002548 (0x29013103) ld x2, 0x290(x2)                        resto_Mrtn+24
mem[R,0x0000000080005290] -> 0x0000000080002000
x2 <- 0x0000000080002000

clint mtime 0x00000000000003BA (mip.MTI <- 0b1, mip.STI <- 0b0)
mem[X,0x000000008000254C] -> 0x0073
mem[X,0x000000008000254E] -> 0x3020
[1908] [M]: 0x000000008000254C (0x30200073) mret                                    resto_Mrtn+28
CSR mstatus (0x300) <- 0x8000000A00006080
ret-ing from M to M

mem[X,0x0000000080000798] -> 0x0001
[1909] [M]: 0x0000000080000798 (0x0001) c.nop                                       main+920

clint mtime 0x00000000000003BB (mip.MTI <- 0b1, mip.STI <- 0b0)
mem[X,0x000000008000079A] -> 0x0001
[1910] [M]: 0x000000008000079A (0x0001) c.nop                                       main+922

mem[X,0x000000008000079C] -> 0x2402
[1911] [M]: 0x000000008000079C (0x2402) c.fldsp f8, 0x0(x2)                         main+924
mem[R,0x0000000080002000] -> 0xFFFFFFFF3F800000
f8 <- 0xFFFFFFFF3F800000
CSR mstatus (0x300) <- 0x8000000A00006080

clint mtime 0x00000000000003BC (mip.MTI <- 0b1, mip.STI <- 0b0)
mem[X,0x000000008000079E] -> 0x0001
[1912] [M]: 0x000000008000079E (0x0001) c.nop                                       main+926

mem[X,0x00000000800007A0] -> 0x0001
[1913] [M]: 0x00000000800007A0 (0x0001) c.nop                                       main+928

clint mtime 0x00000000000003BD (mip.MTI <- 0b1, mip.STI <- 0b0)
mem[X,0x00000000800007A2] -> 0x0001
[1914] [M]: 0x00000000800007A2 (0x0001) c.nop                                       main+930

mem[X,0x00000000800007A4] -> 0x0013
mem[X,0x00000000800007A6] -> 0x0000
[1915] [M]: 0x00000000800007A4 (0x00000013) addi x0, x0, 0x0                        main+932

clint mtime 0x00000000000003BE (mip.MTI <- 0b1, mip.STI <- 0b0)
mem[X,0x00000000800007A8] -> 0x0013
mem[X,0x00000000800007AA] -> 0x0000
[1916] [M]: 0x00000000800007A8 (0x00000013) addi x0, x0, 0x0                        main+936

mem[X,0x00000000800007AC] -> 0x0013
mem[X,0x00000000800007AE] -> 0x0000
[1917] [M]: 0x00000000800007AC (0x00000013) addi x0, x0, 0x0                        main+940

clint mtime 0x00000000000003BF (mip.MTI <- 0b1, mip.STI <- 0b0)
mem[X,0x00000000800007B0] -> 0x0013
mem[X,0x00000000800007B2] -> 0x0000
[1918] [M]: 0x00000000800007B0 (0x00000013) addi x0, x0, 0x0                        main+944

mem[X,0x00000000800007B4] -> 0x0013
mem[X,0x00000000800007B6] -> 0x0000
[1919] [M]: 0x00000000800007B4 (0x00000013) addi x0, x0, 0x0                        main+948

clint mtime 0x00000000000003C0 (mip.MTI <- 0b1, mip.STI <- 0b0)
mem[X,0x00000000800007B8] -> 0x0013
mem[X,0x00000000800007BA] -> 0x0000
[1920] [M]: 0x00000000800007B8 (0x00000013) addi x0, x0, 0x0                        main+952

mem[X,0x00000000800007BC] -> 0x0013
mem[X,0x00000000800007BE] -> 0x0000
[1921] [M]: 0x00000000800007BC (0x00000013) addi x0, x0, 0x0                        main+956

clint mtime 0x00000000000003C1 (mip.MTI <- 0b1, mip.STI <- 0b0)
mem[X,0x00000000800007C0] -> 0x12B7
mem[X,0x00000000800007C2] -> 0x2000
[1922] [M]: 0x00000000800007C0 (0x200012B7) lui x5, 0x20001                         main+960
x5 <- 0x0000000020001000

mem[X,0x00000000800007C4] -> 0x829B
mem[X,0x00000000800007C6] -> 0x8002
[1923] [M]: 0x00000000800007C4 (0x8002829B) addiw x5, x5, -0x800                    main+964
x5 <- 0x0000000020000800

clint mtime 0x00000000000003C2 (mip.MTI <- 0b1, mip.STI <- 0b0)
mem[X,0x00000000800007C8] -> 0x0013
mem[X,0x00000000800007CA] -> 0x0000
[1924] [M]: 0x00000000800007C8 (0x00000013) addi x0, x0, 0x0                        main+968

mem[X,0x00000000800007CC] -> 0x0013
mem[X,0x00000000800007CE] -> 0x0000
[1925] [M]: 0x00000000800007CC (0x00000013) addi x0, x0, 0x0                        main+972

clint mtime 0x00000000000003C3 (mip.MTI <- 0b1, mip.STI <- 0b0)
mem[X,0x00000000800007D0] -> 0x0013
mem[X,0x00000000800007D2] -> 0x0000
[1926] [M]: 0x00000000800007D0 (0x00000013) addi x0, x0, 0x0                        main+976

mem[X,0x00000000800007D4] -> 0x0013
mem[X,0x00000000800007D6] -> 0x0000
[1927] [M]: 0x00000000800007D4 (0x00000013) addi x0, x0, 0x0                        main+980

clint mtime 0x00000000000003C4 (mip.MTI <- 0b1, mip.STI <- 0b0)
mem[X,0x00000000800007D8] -> 0x0013
mem[X,0x00000000800007DA] -> 0x0000
[1928] [M]: 0x00000000800007D8 (0x00000013) addi x0, x0, 0x0                        main+984

mem[X,0x00000000800007DC] -> 0x0013
mem[X,0x00000000800007DE] -> 0x0000
[1929] [M]: 0x00000000800007DC (0x00000013) addi x0, x0, 0x0                        main+988

clint mtime 0x00000000000003C5 (mip.MTI <- 0b1, mip.STI <- 0b0)
mem[X,0x00000000800007E0] -> 0x9073
mem[X,0x00000000800007E2] -> 0x3B02
[1930] [M]: 0x00000000800007E0 (0x3B029073) csrrw x0, pmpaddr0, x5                  main+992
CSR pmpaddr0 (0x3B0) <- 0x0000000020000800

mem[X,0x00000000800007E4] -> 0x0213
mem[X,0x00000000800007E6] -> 0x09F0
[1931] [M]: 0x00000000800007E4 (0x09F00213) addi x4, x0, 0x9f                       main+996
x4 <- 0x000000000000009F

clint mtime 0x00000000000003C6 (mip.MTI <- 0b1, mip.STI <- 0b0)
mem[X,0x00000000800007E8] -> 0x1073
mem[X,0x00000000800007EA] -> 0x3A02
[1932] [M]: 0x00000000800007E8 (0x3A021073) csrrw x0, pmpcfg0, x4                   main+1000
CSR pmpcfg0 (0x3A0) <- 0x000098999B9C9D9F

mem[X,0x00000000800007EC] -> 0x07B7
mem[X,0x00000000800007EE] -> 0x3F80
[1933] [M]: 0x00000000800007EC (0x3F8007B7) lui x15, 0x3f800                        main+1004
x15 <- 0x000000003F800000

clint mtime 0x00000000000003C7 (mip.MTI <- 0b1, mip.STI <- 0b0)
mem[X,0x00000000800007F0] -> 0x8453
mem[X,0x00000000800007F2] -> 0xF007
[1934] [M]: 0x00000000800007F0 (0xF0078453) fmv.w.x f8, x15                         main+1008
f8 <- 0xFFFFFFFF3F800000
CSR mstatus (0x300) <- 0x8000000A00006080

mem[X,0x00000000800007F4] -> 0x0013
mem[X,0x00000000800007F6] -> 0x0000
[1935] [M]: 0x00000000800007F4 (0x00000013) addi x0, x0, 0x0                        main+1012

clint mtime 0x00000000000003C8 (mip.MTI <- 0b1, mip.STI <- 0b0)
mem[X,0x00000000800007F8] -> 0x0013
mem[X,0x00000000800007FA] -> 0x0000
[1936] [M]: 0x00000000800007F8 (0x00000013) addi x0, x0, 0x0                        main+1016

mem[X,0x00000000800007FC] -> 0x0013
mem[X,0x00000000800007FE] -> 0x0000
[1937] [M]: 0x00000000800007FC (0x00000013) addi x0, x0, 0x0                        main+1020

clint mtime 0x00000000000003C9 (mip.MTI <- 0b1, mip.STI <- 0b0)
mem[X,0x0000000080000800] -> 0x2417
mem[X,0x0000000080000802] -> 0x0000
[1938] [M]: 0x0000000080000800 (0x00002417) auipc x8, 0x2                           main+1024
x8 <- 0x0000000080002800

mem[X,0x0000000080000804] -> 0x0413
mem[X,0x0000000080000806] -> 0x8004
[1939] [M]: 0x0000000080000804 (0x80040413) addi x8, x8, -0x800                     main+1028
x8 <- 0x0000000080002000

clint mtime 0x00000000000003CA (mip.MTI <- 0b1, mip.STI <- 0b0)
mem[X,0x0000000080000808] -> 0x0013
mem[X,0x000000008000080A] -> 0x0000
[1940] [M]: 0x0000000080000808 (0x00000013) addi x0, x0, 0x0                        main+1032

mem[X,0x000000008000080C] -> 0x0013
mem[X,0x000000008000080E] -> 0x0000
[1941] [M]: 0x000000008000080C (0x00000013) addi x0, x0, 0x0                        main+1036

clint mtime 0x00000000000003CB (mip.MTI <- 0b1, mip.STI <- 0b0)
mem[X,0x0000000080000810] -> 0x0013
mem[X,0x0000000080000812] -> 0x0000
[1942] [M]: 0x0000000080000810 (0x00000013) addi x0, x0, 0x0                        main+1040

mem[X,0x0000000080000814] -> 0x0013
mem[X,0x0000000080000816] -> 0x0000
[1943] [M]: 0x0000000080000814 (0x00000013) addi x0, x0, 0x0                        main+1044

clint mtime 0x00000000000003CC (mip.MTI <- 0b1, mip.STI <- 0b0)
mem[X,0x0000000080000818] -> 0x0013
mem[X,0x000000008000081A] -> 0x0000
[1944] [M]: 0x0000000080000818 (0x00000013) addi x0, x0, 0x0                        main+1048

mem[X,0x000000008000081C] -> 0x0013
mem[X,0x000000008000081E] -> 0x0000
[1945] [M]: 0x000000008000081C (0x00000013) addi x0, x0, 0x0                        main+1052

clint mtime 0x00000000000003CD (mip.MTI <- 0b1, mip.STI <- 0b0)
mem[X,0x0000000080000820] -> 0xA000
[1946] [M]: 0x0000000080000820 (0xA000) c.fsd f8, 0x0(x8)                           main+1056
mem[W,0x0000000080002000] <- 0xFFFFFFFF3F800000

mem[X,0x0000000080000822] -> 0x0001
[1947] [M]: 0x0000000080000822 (0x0001) c.nop                                       main+1058

clint mtime 0x00000000000003CE (mip.MTI <- 0b1, mip.STI <- 0b0)
mem[X,0x0000000080000824] -> 0x0001
[1948] [M]: 0x0000000080000824 (0x0001) c.nop                                       main+1060

mem[X,0x0000000080000826] -> 0x0001
[1949] [M]: 0x0000000080000826 (0x0001) c.nop                                       main+1062

clint mtime 0x00000000000003CF (mip.MTI <- 0b1, mip.STI <- 0b0)
mem[X,0x0000000080000828] -> 0x0001
[1950] [M]: 0x0000000080000828 (0x0001) c.nop                                       main+1064

mem[X,0x000000008000082A] -> 0x2000
[1951] [M]: 0x000000008000082A (0x2000) c.fld f8, 0x0(x8)                           main+1066
mem[R,0x0000000080002000] -> 0xFFFFFFFF3F800000
f8 <- 0xFFFFFFFF3F800000
CSR mstatus (0x300) <- 0x8000000A00006080

clint mtime 0x00000000000003D0 (mip.MTI <- 0b1, mip.STI <- 0b0)
mem[X,0x000000008000082C] -> 0x0001
[1952] [M]: 0x000000008000082C (0x0001) c.nop                                       main+1068

mem[X,0x000000008000082E] -> 0x0001
[1953] [M]: 0x000000008000082E (0x0001) c.nop                                       main+1070

clint mtime 0x00000000000003D1 (mip.MTI <- 0b1, mip.STI <- 0b0)
mem[X,0x0000000080000830] -> 0x8122
[1954] [M]: 0x0000000080000830 (0x8122) c.mv x2, x8                                 main+1072
x2 <- 0x0000000080002000

mem[X,0x0000000080000832] -> 0xA022
[1955] [M]: 0x0000000080000832 (0xA022) c.fsdsp f8, 0x0(x2)                         main+1074
mem[W,0x0000000080002000] <- 0xFFFFFFFF3F800000

clint mtime 0x00000000000003D2 (mip.MTI <- 0b1, mip.STI <- 0b0)
mem[X,0x0000000080000834] -> 0x0001
[1956] [M]: 0x0000000080000834 (0x0001) c.nop                                       main+1076

mem[X,0x0000000080000836] -> 0x0001
[1957] [M]: 0x0000000080000836 (0x0001) c.nop                                       main+1078

clint mtime 0x00000000000003D3 (mip.MTI <- 0b1, mip.STI <- 0b0)
mem[X,0x0000000080000838] -> 0x0001
[1958] [M]: 0x0000000080000838 (0x0001) c.nop                                       main+1080

mem[X,0x000000008000083A] -> 0x0001
[1959] [M]: 0x000000008000083A (0x0001) c.nop                                       main+1082

clint mtime 0x00000000000003D4 (mip.MTI <- 0b1, mip.STI <- 0b0)
mem[X,0x000000008000083C] -> 0x2402
[1960] [M]: 0x000000008000083C (0x2402) c.fldsp f8, 0x0(x2)                         main+1084
mem[R,0x0000000080002000] -> 0xFFFFFFFF3F800000
f8 <- 0xFFFFFFFF3F800000
CSR mstatus (0x300) <- 0x8000000A00006080

mem[X,0x000000008000083E] -> 0x0001
[1961] [M]: 0x000000008000083E (0x0001) c.nop                                       main+1086

clint mtime 0x00000000000003D5 (mip.MTI <- 0b1, mip.STI <- 0b0)
mem[X,0x0000000080000840] -> 0x0001
[1962] [M]: 0x0000000080000840 (0x0001) c.nop                                       main+1088

mem[X,0x0000000080000842] -> 0xF737
mem[X,0x0000000080000844] -> 0x000B
[1963] [M]: 0x0000000080000842 (0x000BF737) lui x14, 0xbf                           main+1090
x14 <- 0x00000000000BF000

clint mtime 0x00000000000003D6 (mip.MTI <- 0b1, mip.STI <- 0b0)
mem[X,0x0000000080000846] -> 0x071B
mem[X,0x0000000080000848] -> 0xEFD7
[1964] [M]: 0x0000000080000846 (0xEFD7071B) addiw x14, x14, -0x103                  main+1094
x14 <- 0x00000000000BEEFD

mem[X,0x000000008000084A] -> 0x0732
[1965] [M]: 0x000000008000084A (0x0732) c.slli x14, 0xc                             main+1098
x14 <- 0x00000000BEEFD000

clint mtime 0x00000000000003D7 (mip.MTI <- 0b1, mip.STI <- 0b0)
mem[X,0x000000008000084C] -> 0x0713
mem[X,0x000000008000084E] -> 0xAFE7
[1966] [M]: 0x000000008000084C (0xAFE70713) addi x14, x14, -0x502                   main+1100
x14 <- 0x00000000BEEFCAFE

mem[X,0x0000000080000850] -> 0xE298
[1967] [M]: 0x0000000080000850 (0xE298) c.sd x14, 0x0(x13)                          main+1104
mem[W,0x0000000080006218] <- 0x00000000BEEFCAFE

clint mtime 0x00000000000003D8 (mip.MTI <- 0b1, mip.STI <- 0b0)
mem[X,0x0000000080000852] -> 0x106F
mem[X,0x0000000080000854] -> 0x7BC0
[1968] [M]: 0x0000000080000852 (0x7BC0106F) jal x0, 0x17bc                          main+1106

mem[X,0x000000008000200E] -> 0x0113
mem[X,0x0000000080002010] -> 0x0000
[1969] [M]: 0x000000008000200E (0x00000113) addi x2, x0, 0x0                        rvtest_code_end+0
x2 <- 0x0000000000000000

clint mtime 0x00000000000003D9 (mip.MTI <- 0b1, mip.STI <- 0b0)
mem[X,0x0000000080002012] -> 0x0073
mem[X,0x0000000080002014] -> 0x0000
[1970] [M]: 0x0000000080002012 (0x00000073) ecall                                   rvtest_code_end+4
trapping from M to M to handle m-call
handling exc#m-call at priv M with tval 0x0000000000000000
CSR mstatus (0x300) <- 0x8000000A00007800
CSR mcause (0x342) <- 0x000000000000000B
CSR mtval (0x343) <- 0x0000000000000000
CSR mepc (0x341) <- 0x0000000080002012

mem[X,0x0000000080002100] -> 0x006F
mem[X,0x0000000080002102] -> 0x1000
[1971] [M]: 0x0000000080002100 (0x1000006F) jal x0, 0x100                           Mtrampoline+0

clint mtime 0x00000000000003DA (mip.MTI <- 0b1, mip.STI <- 0b0)
mem[X,0x0000000080002200] -> 0x1173
mem[X,0x0000000080002202] -> 0x3401
[1972] [M]: 0x0000000080002200 (0x34011173) csrrw x2, mscratch, x2                  trap_Mhandler+0
CSR mscratch (0x340) <- 0x0000000000000000
x2 <- 0x0000000080005000

mem[X,0x0000000080002204] -> 0x3423
mem[X,0x0000000080002206] -> 0x28B1
[1973] [M]: 0x0000000080002204 (0x28B13423) sd x11, 0x288(x2)                       trap_Mhandler+4
mem[W,0x0000000080005288] <- 0x0000000000000000

clint mtime 0x00000000000003DB (mip.MTI <- 0b1, mip.STI <- 0b0)
mem[X,0x0000000080002208] -> 0x05EF
mem[X,0x000000008000220A] -> 0x0B80
[1974] [M]: 0x0000000080002208 (0x0B8005EF) jal x11, 0xb8                           trap_Mhandler+8
x11 <- 0x000000008000220C

mem[X,0x00000000800022C0] -> 0x3023
mem[X,0x00000000800022C2] -> 0x28A1
[1975] [M]: 0x00000000800022C0 (0x28A13023) sd x10, 0x280(x2)                       common_Mhandler+0
mem[W,0x0000000080005280] <- 0x0000000000002000

clint mtime 0x00000000000003DC (mip.MTI <- 0b1, mip.STI <- 0b0)
mem[X,0x00000000800022C4] -> 0x1573
mem[X,0x00000000800022C6] -> 0x3401
[1976] [M]: 0x00000000800022C4 (0x34011573) csrrw x10, mscratch, x2                 common_Mhandler+4
CSR mscratch (0x340) <- 0x0000000080005000
x10 <- 0x0000000000000000

mem[X,0x00000000800022C8] -> 0x3823
mem[X,0x00000000800022CA] -> 0x28A1
[1977] [M]: 0x00000000800022C8 (0x28A13823) sd x10, 0x290(x2)                       common_Mhandler+8
mem[W,0x0000000080005290] <- 0x0000000000000000

clint mtime 0x00000000000003DD (mip.MTI <- 0b1, mip.STI <- 0b0)
mem[X,0x00000000800022CC] -> 0x3503
mem[X,0x00000000800022CE] -> 0x2301
[1978] [M]: 0x00000000800022CC (0x23013503) ld x10, 0x230(x2)                       common_Mhandler+12
mem[R,0x0000000080005230] -> 0x00000000800022D4
x10 <- 0x00000000800022D4

mem[X,0x00000000800022D0] -> 0x0067
mem[X,0x00000000800022D2] -> 0x0005
[1979] [M]: 0x00000000800022D0 (0x00050067) jalr x0, 0x0(x10)                       common_Mhandler+16

clint mtime 0x00000000000003DE (mip.MTI <- 0b1, mip.STI <- 0b0)
mem[X,0x00000000800022D4] -> 0x3C23
mem[X,0x00000000800022D6] -> 0x2691
[1980] [M]: 0x00000000800022D4 (0x26913C23) sd x9, 0x278(x2)                        common_Mentry+0
mem[W,0x0000000080005278] <- 0x00000000000000FE

mem[X,0x00000000800022D8] -> 0x3823
mem[X,0x00000000800022DA] -> 0x2681
[1981] [M]: 0x00000000800022D8 (0x26813823) sd x8, 0x270(x2)                        common_Mentry+4
mem[W,0x0000000080005270] <- 0x0000000080002000

clint mtime 0x00000000000003DF (mip.MTI <- 0b1, mip.STI <- 0b0)
mem[X,0x00000000800022DC] -> 0x3423
mem[X,0x00000000800022DE] -> 0x2671
[1982] [M]: 0x00000000800022DC (0x26713423) sd x7, 0x268(x2)                        common_Mentry+8
mem[W,0x0000000080005268] <- 0x00000000003FBB6F

mem[X,0x00000000800022E0] -> 0x3023
mem[X,0x00000000800022E2] -> 0x2661
[1983] [M]: 0x00000000800022E0 (0x26613023) sd x6, 0x260(x2)                        common_Mentry+12
mem[W,0x0000000080005260] <- 0x000000001FDDB7D5

clint mtime 0x00000000000003E0 (mip.MTI <- 0b1, mip.STI <- 0b0)
mem[X,0x00000000800022E4] -> 0x2573
mem[X,0x00000000800022E6] -> 0x3420
[1984] [M]: 0x00000000800022E4 (0x34202573) csrrs x10, mcause, x0                   spcl_M2mmode_test+0
CSR mcause (0x342) -> 0x000000000000000B
x10 <- 0x000000000000000B

mem[X,0x00000000800022E8] -> 0x04B7
mem[X,0x00000000800022EA] -> 0x8000
[1985] [M]: 0x00000000800022E8 (0x800004B7) lui x9, -0x80000                        spcl_M2mmode_test+4
x9 <- 0xFFFFFFFF80000000

clint mtime 0x00000000000003E1 (mip.MTI <- 0b1, mip.STI <- 0b0)
mem[X,0x00000000800022EC] -> 0x8493
mem[X,0x00000000800022EE] -> 0x0004
[1986] [M]: 0x00000000800022EC (0x00048493) addi x9, x9, 0x0                        spcl_M2mmode_test+8
x9 <- 0xFFFFFFFF80000000

mem[X,0x00000000800022F0] -> 0x9493
mem[X,0x00000000800022F2] -> 0x00B4
[1987] [M]: 0x00000000800022F0 (0x00B49493) slli x9, x9, 0xb                        spcl_M2mmode_test+12
x9 <- 0xFFFFFC0000000000

clint mtime 0x00000000000003E2 (mip.MTI <- 0b1, mip.STI <- 0b0)
mem[X,0x00000000800022F4] -> 0x8493
mem[X,0x00000000800022F6] -> 0x0004
[1988] [M]: 0x00000000800022F4 (0x00048493) addi x9, x9, 0x0                        spcl_M2mmode_test+16
x9 <- 0xFFFFFC0000000000

mem[X,0x00000000800022F8] -> 0x9493
mem[X,0x00000000800022FA] -> 0x00B4
[1989] [M]: 0x00000000800022F8 (0x00B49493) slli x9, x9, 0xb                        spcl_M2mmode_test+20
x9 <- 0xFFE0000000000000

clint mtime 0x00000000000003E3 (mip.MTI <- 0b1, mip.STI <- 0b0)
mem[X,0x00000000800022FC] -> 0x8493
mem[X,0x00000000800022FE] -> 0x0034
[1990] [M]: 0x00000000800022FC (0x00348493) addi x9, x9, 0x3                        spcl_M2mmode_test+24
x9 <- 0xFFE0000000000003

mem[X,0x0000000080002300] -> 0x9493
mem[X,0x0000000080002302] -> 0x00A4
[1991] [M]: 0x0000000080002300 (0x00A49493) slli x9, x9, 0xa                        spcl_M2mmode_test+28
x9 <- 0x8000000000000C00

clint mtime 0x00000000000003E4 (mip.MTI <- 0b1, mip.STI <- 0b0)
mem[X,0x0000000080002304] -> 0x8493
mem[X,0x0000000080002306] -> 0x3FC4
[1992] [M]: 0x0000000080002304 (0x3FC48493) addi x9, x9, 0x3fc                      spcl_M2mmode_test+32
x9 <- 0x8000000000000FFC

mem[X,0x0000000080002308] -> 0xF4B3
mem[X,0x000000008000230A] -> 0x00A4
[1993] [M]: 0x0000000080002308 (0x00A4F4B3) and x9, x9, x10                         spcl_M2mmode_test+36
x9 <- 0x0000000000000008

clint mtime 0x00000000000003E5 (mip.MTI <- 0b1, mip.STI <- 0b0)
mem[X,0x000000008000230C] -> 0x8493
mem[X,0x000000008000230E] -> 0xFF84
[1994] [M]: 0x000000008000230C (0xFF848493) addi x9, x9, -0x8                       spcl_M2mmode_test+40
x9 <- 0x0000000000000000

mem[X,0x0000000080002310] -> 0x9663
mem[X,0x0000000080002312] -> 0x0004
[1995] [M]: 0x0000000080002310 (0x00049663) bne x9, x0, 0xc                         spcl_M2mmode_test+44

clint mtime 0x00000000000003E6 (mip.MTI <- 0b1, mip.STI <- 0b0)
mem[X,0x0000000080002314] -> 0x3383
mem[X,0x0000000080002316] -> 0x2901
[1996] [M]: 0x0000000080002314 (0x29013383) ld x7, 0x290(x2)                        spcl_M2mmode_test+48
mem[R,0x0000000080005290] -> 0x0000000000000000
x7 <- 0x0000000000000000

mem[X,0x0000000080002318] -> 0x8263
mem[X,0x000000008000231A] -> 0x6E03
[1997] [M]: 0x0000000080002318 (0x6E038263) beq x7, x0, 0x6e4                       spcl_M2mmode_test+52

clint mtime 0x00000000000003E7 (mip.MTI <- 0b1, mip.STI <- 0b0)
mem[X,0x00000000800029FC] -> 0x0493
mem[X,0x00000000800029FE] -> 0xFF55
[1998] [M]: 0x00000000800029FC (0xFF550493) addi x9, x10, -0xb                      rtn2mmode+0
x9 <- 0x0000000000000000

mem[X,0x0000000080002A00] -> 0x8C63
mem[X,0x0000000080002A02] -> 0x0004
[1999] [M]: 0x0000000080002A00 (0x00048C63) beq x9, x0, 0x18                        rtn2mmode+4

clint mtime 0x00000000000003E8 (mip.MTI <- 0b1, mip.STI <- 0b0)
mem[X,0x0000000080002A18] -> 0x23F3
mem[X,0x0000000080002A1A] -> 0x3410
[2000] [M]: 0x0000000080002A18 (0x341023F3) csrrs x7, mepc, x0                      rtn_fm_mmode+0
CSR mepc (0x341) -> 0x0000000080002012
x7 <- 0x0000000080002012

mem[X,0x0000000080002A1C] -> 0x83B3
mem[X,0x0000000080002A1E] -> 0x0093
[2001] [M]: 0x0000000080002A1C (0x009383B3) add x7, x7, x9                          rtn_fm_mmode+4
x7 <- 0x0000000080002012

clint mtime 0x00000000000003E9 (mip.MTI <- 0b1, mip.STI <- 0b0)
mem[X,0x0000000080002A20] -> 0x3303
mem[X,0x0000000080002A22] -> 0x2601
[2002] [M]: 0x0000000080002A20 (0x26013303) ld x6, 0x260(x2)                        rtn_fm_mmode+8
mem[R,0x0000000080005260] -> 0x000000001FDDB7D5
x6 <- 0x000000001FDDB7D5

mem[X,0x0000000080002A24] -> 0x3403
mem[X,0x0000000080002A26] -> 0x2701
[2003] [M]: 0x0000000080002A24 (0x27013403) ld x8, 0x270(x2)                        rtn_fm_mmode+12
mem[R,0x0000000080005270] -> 0x0000000080002000
x8 <- 0x0000000080002000

clint mtime 0x00000000000003EA (mip.MTI <- 0b1, mip.STI <- 0b0)
mem[X,0x0000000080002A28] -> 0x3483
mem[X,0x0000000080002A2A] -> 0x2781
[2004] [M]: 0x0000000080002A28 (0x27813483) ld x9, 0x278(x2)                        rtn_fm_mmode+16
mem[R,0x0000000080005278] -> 0x00000000000000FE
x9 <- 0x00000000000000FE

mem[X,0x0000000080002A2C] -> 0x3503
mem[X,0x0000000080002A2E] -> 0x2801
[2005] [M]: 0x0000000080002A2C (0x28013503) ld x10, 0x280(x2)                       rtn_fm_mmode+20
mem[R,0x0000000080005280] -> 0x0000000000002000
x10 <- 0x0000000000002000

clint mtime 0x00000000000003EB (mip.MTI <- 0b1, mip.STI <- 0b0)
mem[X,0x0000000080002A30] -> 0x3583
mem[X,0x0000000080002A32] -> 0x2881
[2006] [M]: 0x0000000080002A30 (0x28813583) ld x11, 0x288(x2)                       rtn_fm_mmode+24
mem[R,0x0000000080005288] -> 0x0000000000000000
x11 <- 0x0000000000000000

mem[X,0x0000000080002A34] -> 0x3103
mem[X,0x0000000080002A36] -> 0x2901
[2007] [M]: 0x0000000080002A34 (0x29013103) ld x2, 0x290(x2)                        rtn_fm_mmode+28
mem[R,0x0000000080005290] -> 0x0000000000000000
x2 <- 0x0000000000000000

clint mtime 0x00000000000003EC (mip.MTI <- 0b1, mip.STI <- 0b0)
mem[X,0x0000000080002A38] -> 0x8067
mem[X,0x0000000080002A3A] -> 0x0043
[2008] [M]: 0x0000000080002A38 (0x00438067) jalr x0, 0x4(x7)                        rtn_fm_mmode+32

mem[X,0x0000000080002016] -> 0x2373
mem[X,0x0000000080002018] -> 0x3400
[2009] [M]: 0x0000000080002016 (0x34002373) csrrs x6, mscratch, x0                  exit_Scleanup+0
CSR mscratch (0x340) -> 0x0000000080005000
x6 <- 0x0000000080005000

clint mtime 0x00000000000003ED (mip.MTI <- 0b1, mip.STI <- 0b0)
mem[X,0x000000008000201A] -> 0x0313
mem[X,0x000000008000201C] -> 0x2983
[2010] [M]: 0x000000008000201A (0x29830313) addi x6, x6, 0x298                      exit_Scleanup+4
x6 <- 0x0000000080005298

mem[X,0x000000008000201E] -> 0x3383
mem[X,0x0000000080002020] -> 0x2383
[2011] [M]: 0x000000008000201E (0x23833383) ld x7, 0x238(x6)                        resto_Sedeleg+0
mem[R,0x00000000800054D0] -> 0x0000000000000000
x7 <- 0x0000000000000000

clint mtime 0x00000000000003EE (mip.MTI <- 0b1, mip.STI <- 0b0)
mem[X,0x0000000080002022] -> 0x3383
mem[X,0x0000000080002024] -> 0x2203
[2012] [M]: 0x0000000080002022 (0x22033383) ld x7, 0x220(x6)                        resto_Ssatp+0
mem[R,0x00000000800054B8] -> 0x0000000000000000
x7 <- 0x0000000000000000

mem[X,0x0000000080002026] -> 0x9073
mem[X,0x0000000080002028] -> 0x1803
[2013] [M]: 0x0000000080002026 (0x18039073) csrrw x0, satp, x7                      resto_Ssatp+4
CSR satp (0x180) <- 0x0000000000000000

clint mtime 0x00000000000003EF (mip.MTI <- 0b1, mip.STI <- 0b0)
mem[X,0x000000008000202A] -> 0x3503
mem[X,0x000000008000202C] -> 0x2503
[2014] [M]: 0x000000008000202A (0x25033503) ld x10, 0x250(x6)                       resto_Sscratch+0
mem[R,0x00000000800054E8] -> 0x0000000000000000
x10 <- 0x0000000000000000

mem[X,0x000000008000202E] -> 0x1073
mem[X,0x0000000080002030] -> 0x1405
[2015] [M]: 0x000000008000202E (0x14051073) csrrw x0, sscratch, x10                 resto_Sscratch+4
CSR sscratch (0x140) <- 0x0000000000000000

clint mtime 0x00000000000003F0 (mip.MTI <- 0b1, mip.STI <- 0b0)
mem[X,0x0000000080002032] -> 0x3483
mem[X,0x0000000080002034] -> 0x2483
[2016] [M]: 0x0000000080002032 (0x24833483) ld x9, 0x248(x6)                        resto_Sxtvec+0
mem[R,0x00000000800054E0] -> 0x0000000000000000
x9 <- 0x0000000000000000

mem[X,0x0000000080002036] -> 0x93F3
mem[X,0x0000000080002038] -> 0x1054
[2017] [M]: 0x0000000080002036 (0x105493F3) csrrw x7, stvec, x9                     resto_Sxtvec+4
CSR stvec (0x105) <- 0x0000000000000000
x7 <- 0x0000000080002A40

clint mtime 0x00000000000003F1 (mip.MTI <- 0b1, mip.STI <- 0b0)
mem[X,0x000000008000203A] -> 0xF493
mem[X,0x000000008000203C] -> 0xFFC4
[2018] [M]: 0x000000008000203A (0xFFC4F493) andi x9, x9, -0x4                       resto_Sxtvec+8
x9 <- 0x0000000000000000

mem[X,0x000000008000203E] -> 0xF393
mem[X,0x0000000080002040] -> 0xFFC3
[2019] [M]: 0x000000008000203E (0xFFC3F393) andi x7, x7, -0x4                       resto_Sxtvec+12
x7 <- 0x0000000080002A40

clint mtime 0x00000000000003F2 (mip.MTI <- 0b1, mip.STI <- 0b0)
mem[X,0x0000000080002042] -> 0x9063
mem[X,0x0000000080002044] -> 0x0274
[2020] [M]: 0x0000000080002042 (0x02749063) bne x9, x7, 0x20                        resto_Sxtvec+16

mem[X,0x0000000080002062] -> 0x2373
mem[X,0x0000000080002064] -> 0x3400
[2021] [M]: 0x0000000080002062 (0x34002373) csrrs x6, mscratch, x0                  rvtest_Send+0
CSR mscratch (0x340) -> 0x0000000080005000
x6 <- 0x0000000080005000

clint mtime 0x00000000000003F3 (mip.MTI <- 0b1, mip.STI <- 0b0)
mem[X,0x0000000080002066] -> 0x3383
mem[X,0x0000000080002068] -> 0x2383
[2022] [M]: 0x0000000080002066 (0x23833383) ld x7, 0x238(x6)                        resto_Medeleg+0
mem[R,0x0000000080005238] -> 0x0000000000000000
x7 <- 0x0000000000000000

mem[X,0x000000008000206A] -> 0x9073
mem[X,0x000000008000206C] -> 0x3023
[2023] [M]: 0x000000008000206A (0x30239073) csrrw x0, medeleg, x7                   resto_Medeleg+4
CSR medeleg (0x302) <- 0x0000000000000000

clint mtime 0x00000000000003F4 (mip.MTI <- 0b1, mip.STI <- 0b0)
mem[X,0x000000008000206E] -> 0x3503
mem[X,0x0000000080002070] -> 0x2503
[2024] [M]: 0x000000008000206E (0x25033503) ld x10, 0x250(x6)                       resto_Mscratch+0
mem[R,0x0000000080005250] -> 0x0000000000000000
x10 <- 0x0000000000000000

mem[X,0x0000000080002072] -> 0x1073
mem[X,0x0000000080002074] -> 0x3405
[2025] [M]: 0x0000000080002072 (0x34051073) csrrw x0, mscratch, x10                 resto_Mscratch+4
CSR mscratch (0x340) <- 0x0000000000000000

clint mtime 0x00000000000003F5 (mip.MTI <- 0b1, mip.STI <- 0b0)
mem[X,0x0000000080002076] -> 0x3483
mem[X,0x0000000080002078] -> 0x2483
[2026] [M]: 0x0000000080002076 (0x24833483) ld x9, 0x248(x6)                        resto_Mxtvec+0
mem[R,0x0000000080005248] -> 0x0000000000000000
x9 <- 0x0000000000000000

mem[X,0x000000008000207A] -> 0x93F3
mem[X,0x000000008000207C] -> 0x3054
[2027] [M]: 0x000000008000207A (0x305493F3) csrrw x7, mtvec, x9                     resto_Mxtvec+4
CSR mtvec (0x305) <- 0x0000000000000000
x7 <- 0x0000000080002100

clint mtime 0x00000000000003F6 (mip.MTI <- 0b1, mip.STI <- 0b0)
mem[X,0x000000008000207E] -> 0xF493
mem[X,0x0000000080002080] -> 0xFFC4
[2028] [M]: 0x000000008000207E (0xFFC4F493) andi x9, x9, -0x4                       resto_Mxtvec+8
x9 <- 0x0000000000000000

mem[X,0x0000000080002082] -> 0xF393
mem[X,0x0000000080002084] -> 0xFFC3
[2029] [M]: 0x0000000080002082 (0xFFC3F393) andi x7, x7, -0x4                       resto_Mxtvec+12
x7 <- 0x0000000080002100

clint mtime 0x00000000000003F7 (mip.MTI <- 0b1, mip.STI <- 0b0)
mem[X,0x0000000080002086] -> 0x9063
mem[X,0x0000000080002088] -> 0x0274
[2030] [M]: 0x0000000080002086 (0x02749063) bne x9, x7, 0x20                        resto_Mxtvec+16

mem[X,0x00000000800020A6] -> 0x106F
mem[X,0x00000000800020A8] -> 0x23E0
[2031] [M]: 0x00000000800020A6 (0x23E0106F) jal x0, 0x123e                          rvtest_Mend+0

clint mtime 0x00000000000003F8 (mip.MTI <- 0b1, mip.STI <- 0b0)
mem[X,0x00000000800032E4] -> 0x4085
[2032] [M]: 0x00000000800032E4 (0x4085) c.li x1, 0x1                                exit_cleanup+0
x1 <- 0x0000000000000001

mem[X,0x00000000800032E6] -> 0x1397
mem[X,0x00000000800032E8] -> 0x0000
[2033] [M]: 0x00000000800032E6 (0x00001397) auipc x7, 0x1                           exit_cleanup+2
x7 <- 0x00000000800042E6

clint mtime 0x00000000000003F9 (mip.MTI <- 0b1, mip.STI <- 0b0)
mem[X,0x00000000800032EA] -> 0xAD23
mem[X,0x00000000800032EC] -> 0xD013
[2034] [M]: 0x00000000800032EA (0xD013AD23) sw x1, -0x2e6(x7)                       exit_cleanup+6
htif[0x0000000080004000] <- 0x00000001
mem[W,0x0000000080004000] <- 0x00000001

mem[X,0x00000000800032EE] -> 0xBFE5
[2035] [M]: 0x00000000800032EE (0xBFE5) c.j -0x8                                    exit_cleanup+10

clint mtime 0x00000000000003FA (mip.MTI <- 0b1, mip.STI <- 0b0)
mem[X,0x00000000800032E6] -> 0x1397
mem[X,0x00000000800032E8] -> 0x0000
[2036] [M]: 0x00000000800032E6 (0x00001397) auipc x7, 0x1                           exit_cleanup+2
x7 <- 0x00000000800042E6

mem[X,0x00000000800032EA] -> 0xAD23
mem[X,0x00000000800032EC] -> 0xD013
[2037] [M]: 0x00000000800032EA (0xD013AD23) sw x1, -0x2e6(x7)                       exit_cleanup+6
htif[0x0000000080004000] <- 0x00000001
mem[W,0x0000000080004000] <- 0x00000001

clint mtime 0x00000000000003FB (mip.MTI <- 0b1, mip.STI <- 0b0)
mem[X,0x00000000800032EE] -> 0xBFE5
[2038] [M]: 0x00000000800032EE (0xBFE5) c.j -0x8                                    exit_cleanup+10

mem[X,0x00000000800032E6] -> 0x1397
mem[X,0x00000000800032E8] -> 0x0000
[2039] [M]: 0x00000000800032E6 (0x00001397) auipc x7, 0x1                           exit_cleanup+2
x7 <- 0x00000000800042E6

clint mtime 0x00000000000003FC (mip.MTI <- 0b1, mip.STI <- 0b0)
mem[X,0x00000000800032EA] -> 0xAD23
mem[X,0x00000000800032EC] -> 0xD013
[2040] [M]: 0x00000000800032EA (0xD013AD23) sw x1, -0x2e6(x7)                       exit_cleanup+6
htif[0x0000000080004000] <- 0x00000001
htif-syscall-proxy cmd: 0x000000000001
mem[W,0x0000000080004000] <- 0x00000001

SUCCESS
