using /opt/riscv-arch-test/riscof-plugins/rv64/riscof_work/C/src/cmv-01.S/ref/Reference-sail_c_simulator.signature for test-signature output.
setting signature-granularity to 8 bytes
HTIF located at 0x80001000
begin_signature: 0x80003110
end_signature: 0x800035d0
Entry point: 0x80000000
CSR mstatus (0x300) <- 0x0000000A00000000
CSR misa (0x301) <- 0x800000000034112F
CSR mcause (0x342) <- 0x0000000000000000
x10 <- 0x0000000000000000
x11 <- 0x0000000000001000
mem[X,0x0000000080000000] -> 0x0837
mem[X,0x0000000080000002] -> 0x7D5C
[0] [M]: 0x0000000080000000 (0x7D5C0837) lui x16, 0x7d5c0                           rvtest_init+0
x16 <- 0x000000007D5C0000

mem[X,0x0000000080000004] -> 0x0813
mem[X,0x0000000080000006] -> 0xDDB8
[1] [M]: 0x0000000080000004 (0xDDB80813) addi x16, x16, -0x225                      rvtest_init+4
x16 <- 0x000000007D5BFDDB

clint mtime 0x0000000000000001 (mip.MTI <- 0b1, mip.STI <- 0b0)
mem[X,0x0000000080000008] -> 0x1813
mem[X,0x000000008000000A] -> 0x00B8
[2] [M]: 0x0000000080000008 (0x00B81813) slli x16, x16, 0xb                         rvtest_init+8
x16 <- 0x000003EADFEED800

mem[X,0x000000008000000C] -> 0x0813
mem[X,0x000000008000000E] -> 0x3EA8
[3] [M]: 0x000000008000000C (0x3EA80813) addi x16, x16, 0x3ea                       rvtest_init+12
x16 <- 0x000003EADFEEDBEA

clint mtime 0x0000000000000002 (mip.MTI <- 0b1, mip.STI <- 0b0)
mem[X,0x0000000080000010] -> 0x1813
mem[X,0x0000000080000012] -> 0x00B8
[4] [M]: 0x0000000080000010 (0x00B81813) slli x16, x16, 0xb                         rvtest_init+16
x16 <- 0x001F56FF76DF5000

mem[X,0x0000000080000014] -> 0x0813
mem[X,0x0000000080000016] -> 0x6FF8
[5] [M]: 0x0000000080000014 (0x6FF80813) addi x16, x16, 0x6ff                       rvtest_init+20
x16 <- 0x001F56FF76DF56FF

clint mtime 0x0000000000000003 (mip.MTI <- 0b1, mip.STI <- 0b0)
mem[X,0x0000000080000018] -> 0x1813
mem[X,0x000000008000001A] -> 0x00A8
[6] [M]: 0x0000000080000018 (0x00A81813) slli x16, x16, 0xa                         rvtest_init+24
x16 <- 0x7D5BFDDB7D5BFC00

mem[X,0x000000008000001C] -> 0x0813
mem[X,0x000000008000001E] -> 0x1DB8
[7] [M]: 0x000000008000001C (0x1DB80813) addi x16, x16, 0x1db                       rvtest_init+28
x16 <- 0x7D5BFDDB7D5BFDDB

clint mtime 0x0000000000000004 (mip.MTI <- 0b1, mip.STI <- 0b0)
mem[X,0x0000000080000020] -> 0x5893
mem[X,0x0000000080000022] -> 0x0078
[8] [M]: 0x0000000080000020 (0x00785893) srli x17, x16, 0x7                         rvtest_init+32
x17 <- 0x00FAB7FBB6FAB7FB

mem[X,0x0000000080000024] -> 0x5793
mem[X,0x0000000080000026] -> 0x0398
[9] [M]: 0x0000000080000024 (0x03985793) srli x15, x16, 0x39                        rvtest_init+36
x15 <- 0x000000000000003E

clint mtime 0x0000000000000005 (mip.MTI <- 0b1, mip.STI <- 0b0)
mem[X,0x0000000080000028] -> 0xE8B3
mem[X,0x000000008000002A] -> 0x00F8
[10] [M]: 0x0000000080000028 (0x00F8E8B3) or x17, x17, x15                          rvtest_init+40
x17 <- 0x00FAB7FBB6FAB7FF

mem[X,0x000000008000002C] -> 0xD913
mem[X,0x000000008000002E] -> 0x0078
[11] [M]: 0x000000008000002C (0x0078D913) srli x18, x17, 0x7                        rvtest_init+44
x18 <- 0x0001F56FF76DF56F

clint mtime 0x0000000000000006 (mip.MTI <- 0b1, mip.STI <- 0b0)
mem[X,0x0000000080000030] -> 0xD793
mem[X,0x0000000080000032] -> 0x0398
[12] [M]: 0x0000000080000030 (0x0398D793) srli x15, x17, 0x39                       rvtest_init+48
x15 <- 0x0000000000000000

mem[X,0x0000000080000034] -> 0x6933
mem[X,0x0000000080000036] -> 0x00F9
[13] [M]: 0x0000000080000034 (0x00F96933) or x18, x18, x15                          rvtest_init+52
x18 <- 0x0001F56FF76DF56F

clint mtime 0x0000000000000007 (mip.MTI <- 0b1, mip.STI <- 0b0)
mem[X,0x0000000080000038] -> 0x5993
mem[X,0x000000008000003A] -> 0x0079
[14] [M]: 0x0000000080000038 (0x00795993) srli x19, x18, 0x7                        rvtest_init+56
x19 <- 0x000003EADFEEDBEA

mem[X,0x000000008000003C] -> 0x5793
mem[X,0x000000008000003E] -> 0x0399
[15] [M]: 0x000000008000003C (0x03995793) srli x15, x18, 0x39                       rvtest_init+60
x15 <- 0x0000000000000000

clint mtime 0x0000000000000008 (mip.MTI <- 0b1, mip.STI <- 0b0)
mem[X,0x0000000080000040] -> 0xE9B3
mem[X,0x0000000080000042] -> 0x00F9
[16] [M]: 0x0000000080000040 (0x00F9E9B3) or x19, x19, x15                          rvtest_init+64
x19 <- 0x000003EADFEEDBEA

mem[X,0x0000000080000044] -> 0xDA13
mem[X,0x0000000080000046] -> 0x0079
[17] [M]: 0x0000000080000044 (0x0079DA13) srli x20, x19, 0x7                        rvtest_init+68
x20 <- 0x00000007D5BFDDB7

clint mtime 0x0000000000000009 (mip.MTI <- 0b1, mip.STI <- 0b0)
mem[X,0x0000000080000048] -> 0xD793
mem[X,0x000000008000004A] -> 0x0399
[18] [M]: 0x0000000080000048 (0x0399D793) srli x15, x19, 0x39                       rvtest_init+72
x15 <- 0x0000000000000000

mem[X,0x000000008000004C] -> 0x6A33
mem[X,0x000000008000004E] -> 0x00FA
[19] [M]: 0x000000008000004C (0x00FA6A33) or x20, x20, x15                          rvtest_init+76
x20 <- 0x00000007D5BFDDB7

clint mtime 0x000000000000000A (mip.MTI <- 0b1, mip.STI <- 0b0)
mem[X,0x0000000080000050] -> 0x5A93
mem[X,0x0000000080000052] -> 0x007A
[20] [M]: 0x0000000080000050 (0x007A5A93) srli x21, x20, 0x7                        rvtest_init+80
x21 <- 0x000000000FAB7FBB

mem[X,0x0000000080000054] -> 0x5793
mem[X,0x0000000080000056] -> 0x039A
[21] [M]: 0x0000000080000054 (0x039A5793) srli x15, x20, 0x39                       rvtest_init+84
x15 <- 0x0000000000000000

clint mtime 0x000000000000000B (mip.MTI <- 0b1, mip.STI <- 0b0)
mem[X,0x0000000080000058] -> 0xEAB3
mem[X,0x000000008000005A] -> 0x00FA
[22] [M]: 0x0000000080000058 (0x00FAEAB3) or x21, x21, x15                          rvtest_init+88
x21 <- 0x000000000FAB7FBB

mem[X,0x000000008000005C] -> 0xDB13
mem[X,0x000000008000005E] -> 0x007A
[23] [M]: 0x000000008000005C (0x007ADB13) srli x22, x21, 0x7                        rvtest_init+92
x22 <- 0x00000000001F56FF

clint mtime 0x000000000000000C (mip.MTI <- 0b1, mip.STI <- 0b0)
mem[X,0x0000000080000060] -> 0xD793
mem[X,0x0000000080000062] -> 0x039A
[24] [M]: 0x0000000080000060 (0x039AD793) srli x15, x21, 0x39                       rvtest_init+96
x15 <- 0x0000000000000000

mem[X,0x0000000080000064] -> 0x6B33
mem[X,0x0000000080000066] -> 0x00FB
[25] [M]: 0x0000000080000064 (0x00FB6B33) or x22, x22, x15                          rvtest_init+100
x22 <- 0x00000000001F56FF

clint mtime 0x000000000000000D (mip.MTI <- 0b1, mip.STI <- 0b0)
mem[X,0x0000000080000068] -> 0x5B93
mem[X,0x000000008000006A] -> 0x007B
[26] [M]: 0x0000000080000068 (0x007B5B93) srli x23, x22, 0x7                        rvtest_init+104
x23 <- 0x0000000000003EAD

mem[X,0x000000008000006C] -> 0x5793
mem[X,0x000000008000006E] -> 0x039B
[27] [M]: 0x000000008000006C (0x039B5793) srli x15, x22, 0x39                       rvtest_init+108
x15 <- 0x0000000000000000

clint mtime 0x000000000000000E (mip.MTI <- 0b1, mip.STI <- 0b0)
mem[X,0x0000000080000070] -> 0xEBB3
mem[X,0x0000000080000072] -> 0x00FB
[28] [M]: 0x0000000080000070 (0x00FBEBB3) or x23, x23, x15                          rvtest_init+112
x23 <- 0x0000000000003EAD

mem[X,0x0000000080000074] -> 0xDC13
mem[X,0x0000000080000076] -> 0x007B
[29] [M]: 0x0000000080000074 (0x007BDC13) srli x24, x23, 0x7                        rvtest_init+116
x24 <- 0x000000000000007D

clint mtime 0x000000000000000F (mip.MTI <- 0b1, mip.STI <- 0b0)
mem[X,0x0000000080000078] -> 0xD793
mem[X,0x000000008000007A] -> 0x039B
[30] [M]: 0x0000000080000078 (0x039BD793) srli x15, x23, 0x39                       rvtest_init+120
x15 <- 0x0000000000000000

mem[X,0x000000008000007C] -> 0x6C33
mem[X,0x000000008000007E] -> 0x00FC
[31] [M]: 0x000000008000007C (0x00FC6C33) or x24, x24, x15                          rvtest_init+124
x24 <- 0x000000000000007D

clint mtime 0x0000000000000010 (mip.MTI <- 0b1, mip.STI <- 0b0)
mem[X,0x0000000080000080] -> 0x5C93
mem[X,0x0000000080000082] -> 0x007C
[32] [M]: 0x0000000080000080 (0x007C5C93) srli x25, x24, 0x7                        rvtest_init+128
x25 <- 0x0000000000000000

mem[X,0x0000000080000084] -> 0x5793
mem[X,0x0000000080000086] -> 0x039C
[33] [M]: 0x0000000080000084 (0x039C5793) srli x15, x24, 0x39                       rvtest_init+132
x15 <- 0x0000000000000000

clint mtime 0x0000000000000011 (mip.MTI <- 0b1, mip.STI <- 0b0)
mem[X,0x0000000080000088] -> 0xECB3
mem[X,0x000000008000008A] -> 0x00FC
[34] [M]: 0x0000000080000088 (0x00FCECB3) or x25, x25, x15                          rvtest_init+136
x25 <- 0x0000000000000000

mem[X,0x000000008000008C] -> 0xDD13
mem[X,0x000000008000008E] -> 0x007C
[35] [M]: 0x000000008000008C (0x007CDD13) srli x26, x25, 0x7                        rvtest_init+140
x26 <- 0x0000000000000000

clint mtime 0x0000000000000012 (mip.MTI <- 0b1, mip.STI <- 0b0)
mem[X,0x0000000080000090] -> 0xD793
mem[X,0x0000000080000092] -> 0x039C
[36] [M]: 0x0000000080000090 (0x039CD793) srli x15, x25, 0x39                       rvtest_init+144
x15 <- 0x0000000000000000

mem[X,0x0000000080000094] -> 0x6D33
mem[X,0x0000000080000096] -> 0x00FD
[37] [M]: 0x0000000080000094 (0x00FD6D33) or x26, x26, x15                          rvtest_init+148
x26 <- 0x0000000000000000

clint mtime 0x0000000000000013 (mip.MTI <- 0b1, mip.STI <- 0b0)
mem[X,0x0000000080000098] -> 0x5D93
mem[X,0x000000008000009A] -> 0x007D
[38] [M]: 0x0000000080000098 (0x007D5D93) srli x27, x26, 0x7                        rvtest_init+152
x27 <- 0x0000000000000000

mem[X,0x000000008000009C] -> 0x5793
mem[X,0x000000008000009E] -> 0x039D
[39] [M]: 0x000000008000009C (0x039D5793) srli x15, x26, 0x39                       rvtest_init+156
x15 <- 0x0000000000000000

clint mtime 0x0000000000000014 (mip.MTI <- 0b1, mip.STI <- 0b0)
mem[X,0x00000000800000A0] -> 0xEDB3
mem[X,0x00000000800000A2] -> 0x00FD
[40] [M]: 0x00000000800000A0 (0x00FDEDB3) or x27, x27, x15                          rvtest_init+160
x27 <- 0x0000000000000000

mem[X,0x00000000800000A4] -> 0xDE13
mem[X,0x00000000800000A6] -> 0x007D
[41] [M]: 0x00000000800000A4 (0x007DDE13) srli x28, x27, 0x7                        rvtest_init+164
x28 <- 0x0000000000000000

clint mtime 0x0000000000000015 (mip.MTI <- 0b1, mip.STI <- 0b0)
mem[X,0x00000000800000A8] -> 0xD793
mem[X,0x00000000800000AA] -> 0x039D
[42] [M]: 0x00000000800000A8 (0x039DD793) srli x15, x27, 0x39                       rvtest_init+168
x15 <- 0x0000000000000000

mem[X,0x00000000800000AC] -> 0x6E33
mem[X,0x00000000800000AE] -> 0x00FE
[43] [M]: 0x00000000800000AC (0x00FE6E33) or x28, x28, x15                          rvtest_init+172
x28 <- 0x0000000000000000

clint mtime 0x0000000000000016 (mip.MTI <- 0b1, mip.STI <- 0b0)
mem[X,0x00000000800000B0] -> 0x5E93
mem[X,0x00000000800000B2] -> 0x007E
[44] [M]: 0x00000000800000B0 (0x007E5E93) srli x29, x28, 0x7                        rvtest_init+176
x29 <- 0x0000000000000000

mem[X,0x00000000800000B4] -> 0x5793
mem[X,0x00000000800000B6] -> 0x039E
[45] [M]: 0x00000000800000B4 (0x039E5793) srli x15, x28, 0x39                       rvtest_init+180
x15 <- 0x0000000000000000

clint mtime 0x0000000000000017 (mip.MTI <- 0b1, mip.STI <- 0b0)
mem[X,0x00000000800000B8] -> 0xEEB3
mem[X,0x00000000800000BA] -> 0x00FE
[46] [M]: 0x00000000800000B8 (0x00FEEEB3) or x29, x29, x15                          rvtest_init+184
x29 <- 0x0000000000000000

mem[X,0x00000000800000BC] -> 0xDF13
mem[X,0x00000000800000BE] -> 0x007E
[47] [M]: 0x00000000800000BC (0x007EDF13) srli x30, x29, 0x7                        rvtest_init+188
x30 <- 0x0000000000000000

clint mtime 0x0000000000000018 (mip.MTI <- 0b1, mip.STI <- 0b0)
mem[X,0x00000000800000C0] -> 0xD793
mem[X,0x00000000800000C2] -> 0x039E
[48] [M]: 0x00000000800000C0 (0x039ED793) srli x15, x29, 0x39                       rvtest_init+192
x15 <- 0x0000000000000000

mem[X,0x00000000800000C4] -> 0x6F33
mem[X,0x00000000800000C6] -> 0x00FF
[49] [M]: 0x00000000800000C4 (0x00FF6F33) or x30, x30, x15                          rvtest_init+196
x30 <- 0x0000000000000000

clint mtime 0x0000000000000019 (mip.MTI <- 0b1, mip.STI <- 0b0)
mem[X,0x00000000800000C8] -> 0xC0B7
mem[X,0x00000000800000CA] -> 0xFEED
[50] [M]: 0x00000000800000C8 (0xFEEDC0B7) lui x1, -0x1124                           rvtest_init+200
x1 <- 0xFFFFFFFFFEEDC000

mem[X,0x00000000800000CC] -> 0x8093
mem[X,0x00000000800000CE] -> 0xEAD0
[51] [M]: 0x00000000800000CC (0xEAD08093) addi x1, x1, -0x153                       rvtest_init+204
x1 <- 0xFFFFFFFFFEEDBEAD

clint mtime 0x000000000000001A (mip.MTI <- 0b1, mip.STI <- 0b0)
mem[X,0x00000000800000D0] -> 0x9093
mem[X,0x00000000800000D2] -> 0x00B0
[52] [M]: 0x00000000800000D0 (0x00B09093) slli x1, x1, 0xb                          rvtest_init+208
x1 <- 0xFFFFFFF76DF56800

mem[X,0x00000000800000D4] -> 0x8093
mem[X,0x00000000800000D6] -> 0x7F70
[53] [M]: 0x00000000800000D4 (0x7F708093) addi x1, x1, 0x7f7                        rvtest_init+212
x1 <- 0xFFFFFFF76DF56FF7

clint mtime 0x000000000000001B (mip.MTI <- 0b1, mip.STI <- 0b0)
mem[X,0x00000000800000D8] -> 0x9093
mem[X,0x00000000800000DA] -> 0x00B0
[54] [M]: 0x00000000800000D8 (0x00B09093) slli x1, x1, 0xb                          rvtest_init+216
x1 <- 0xFFFFBB6FAB7FB800

mem[X,0x00000000800000DC] -> 0x8093
mem[X,0x00000000800000DE] -> 0x36F0
[55] [M]: 0x00000000800000DC (0x36F08093) addi x1, x1, 0x36f                        rvtest_init+220
x1 <- 0xFFFFBB6FAB7FBB6F

clint mtime 0x000000000000001C (mip.MTI <- 0b1, mip.STI <- 0b0)
mem[X,0x00000000800000E0] -> 0x9093
mem[X,0x00000000800000E2] -> 0x00A0
[56] [M]: 0x00000000800000E0 (0x00A09093) slli x1, x1, 0xa                          rvtest_init+224
x1 <- 0xFEEDBEADFEEDBC00

mem[X,0x00000000800000E4] -> 0x8093
mem[X,0x00000000800000E6] -> 0x2AD0
[57] [M]: 0x00000000800000E4 (0x2AD08093) addi x1, x1, 0x2ad                        rvtest_init+228
x1 <- 0xFEEDBEADFEEDBEAD

clint mtime 0x000000000000001D (mip.MTI <- 0b1, mip.STI <- 0b0)
mem[X,0x00000000800000E8] -> 0xD113
mem[X,0x00000000800000EA] -> 0x0070
[58] [M]: 0x00000000800000E8 (0x0070D113) srli x2, x1, 0x7                          rvtest_init+232
x2 <- 0x01FDDB7D5BFDDB7D

mem[X,0x00000000800000EC] -> 0xD793
mem[X,0x00000000800000EE] -> 0x0390
[59] [M]: 0x00000000800000EC (0x0390D793) srli x15, x1, 0x39                        rvtest_init+236
x15 <- 0x000000000000007F

clint mtime 0x000000000000001E (mip.MTI <- 0b1, mip.STI <- 0b0)
mem[X,0x00000000800000F0] -> 0x6133
mem[X,0x00000000800000F2] -> 0x00F1
[60] [M]: 0x00000000800000F0 (0x00F16133) or x2, x2, x15                            rvtest_init+240
x2 <- 0x01FDDB7D5BFDDB7F

mem[X,0x00000000800000F4] -> 0x5193
mem[X,0x00000000800000F6] -> 0x0071
[61] [M]: 0x00000000800000F4 (0x00715193) srli x3, x2, 0x7                          rvtest_init+244
x3 <- 0x0003FBB6FAB7FBB6

clint mtime 0x000000000000001F (mip.MTI <- 0b1, mip.STI <- 0b0)
mem[X,0x00000000800000F8] -> 0x5793
mem[X,0x00000000800000FA] -> 0x0391
[62] [M]: 0x00000000800000F8 (0x03915793) srli x15, x2, 0x39                        rvtest_init+248
x15 <- 0x0000000000000000

mem[X,0x00000000800000FC] -> 0xE1B3
mem[X,0x00000000800000FE] -> 0x00F1
[63] [M]: 0x00000000800000FC (0x00F1E1B3) or x3, x3, x15                            rvtest_init+252
x3 <- 0x0003FBB6FAB7FBB6

clint mtime 0x0000000000000020 (mip.MTI <- 0b1, mip.STI <- 0b0)
mem[X,0x0000000080000100] -> 0xD213
mem[X,0x0000000080000102] -> 0x0071
[64] [M]: 0x0000000080000100 (0x0071D213) srli x4, x3, 0x7                          rvtest_init+256
x4 <- 0x000007F76DF56FF7

mem[X,0x0000000080000104] -> 0xD793
mem[X,0x0000000080000106] -> 0x0391
[65] [M]: 0x0000000080000104 (0x0391D793) srli x15, x3, 0x39                        rvtest_init+260
x15 <- 0x0000000000000000

clint mtime 0x0000000000000021 (mip.MTI <- 0b1, mip.STI <- 0b0)
mem[X,0x0000000080000108] -> 0x6233
mem[X,0x000000008000010A] -> 0x00F2
[66] [M]: 0x0000000080000108 (0x00F26233) or x4, x4, x15                            rvtest_init+264
x4 <- 0x000007F76DF56FF7

mem[X,0x000000008000010C] -> 0x5293
mem[X,0x000000008000010E] -> 0x0072
[67] [M]: 0x000000008000010C (0x00725293) srli x5, x4, 0x7                          rvtest_init+268
x5 <- 0x0000000FEEDBEADF

clint mtime 0x0000000000000022 (mip.MTI <- 0b1, mip.STI <- 0b0)
mem[X,0x0000000080000110] -> 0x5793
mem[X,0x0000000080000112] -> 0x0392
[68] [M]: 0x0000000080000110 (0x03925793) srli x15, x4, 0x39                        rvtest_init+272
x15 <- 0x0000000000000000

mem[X,0x0000000080000114] -> 0xE2B3
mem[X,0x0000000080000116] -> 0x00F2
[69] [M]: 0x0000000080000114 (0x00F2E2B3) or x5, x5, x15                            rvtest_init+276
x5 <- 0x0000000FEEDBEADF

clint mtime 0x0000000000000023 (mip.MTI <- 0b1, mip.STI <- 0b0)
mem[X,0x0000000080000118] -> 0xD313
mem[X,0x000000008000011A] -> 0x0072
[70] [M]: 0x0000000080000118 (0x0072D313) srli x6, x5, 0x7                          rvtest_init+280
x6 <- 0x000000001FDDB7D5

mem[X,0x000000008000011C] -> 0xD793
mem[X,0x000000008000011E] -> 0x0392
[71] [M]: 0x000000008000011C (0x0392D793) srli x15, x5, 0x39                        rvtest_init+284
x15 <- 0x0000000000000000

clint mtime 0x0000000000000024 (mip.MTI <- 0b1, mip.STI <- 0b0)
mem[X,0x0000000080000120] -> 0x6333
mem[X,0x0000000080000122] -> 0x00F3
[72] [M]: 0x0000000080000120 (0x00F36333) or x6, x6, x15                            rvtest_init+288
x6 <- 0x000000001FDDB7D5

mem[X,0x0000000080000124] -> 0x5393
mem[X,0x0000000080000126] -> 0x0073
[73] [M]: 0x0000000080000124 (0x00735393) srli x7, x6, 0x7                          rvtest_init+292
x7 <- 0x00000000003FBB6F

clint mtime 0x0000000000000025 (mip.MTI <- 0b1, mip.STI <- 0b0)
mem[X,0x0000000080000128] -> 0x5793
mem[X,0x000000008000012A] -> 0x0393
[74] [M]: 0x0000000080000128 (0x03935793) srli x15, x6, 0x39                        rvtest_init+296
x15 <- 0x0000000000000000

mem[X,0x000000008000012C] -> 0xE3B3
mem[X,0x000000008000012E] -> 0x00F3
[75] [M]: 0x000000008000012C (0x00F3E3B3) or x7, x7, x15                            rvtest_init+300
x7 <- 0x00000000003FBB6F

clint mtime 0x0000000000000026 (mip.MTI <- 0b1, mip.STI <- 0b0)
mem[X,0x0000000080000130] -> 0xD413
mem[X,0x0000000080000132] -> 0x0073
[76] [M]: 0x0000000080000130 (0x0073D413) srli x8, x7, 0x7                          rvtest_init+304
x8 <- 0x0000000000007F76

mem[X,0x0000000080000134] -> 0xD793
mem[X,0x0000000080000136] -> 0x0393
[77] [M]: 0x0000000080000134 (0x0393D793) srli x15, x7, 0x39                        rvtest_init+308
x15 <- 0x0000000000000000

clint mtime 0x0000000000000027 (mip.MTI <- 0b1, mip.STI <- 0b0)
mem[X,0x0000000080000138] -> 0x6433
mem[X,0x000000008000013A] -> 0x00F4
[78] [M]: 0x0000000080000138 (0x00F46433) or x8, x8, x15                            rvtest_init+312
x8 <- 0x0000000000007F76

mem[X,0x000000008000013C] -> 0x5493
mem[X,0x000000008000013E] -> 0x0074
[79] [M]: 0x000000008000013C (0x00745493) srli x9, x8, 0x7                          rvtest_init+316
x9 <- 0x00000000000000FE

clint mtime 0x0000000000000028 (mip.MTI <- 0b1, mip.STI <- 0b0)
mem[X,0x0000000080000140] -> 0x5793
mem[X,0x0000000080000142] -> 0x0394
[80] [M]: 0x0000000080000140 (0x03945793) srli x15, x8, 0x39                        rvtest_init+320
x15 <- 0x0000000000000000

mem[X,0x0000000080000144] -> 0xE4B3
mem[X,0x0000000080000146] -> 0x00F4
[81] [M]: 0x0000000080000144 (0x00F4E4B3) or x9, x9, x15                            rvtest_init+324
x9 <- 0x00000000000000FE

clint mtime 0x0000000000000029 (mip.MTI <- 0b1, mip.STI <- 0b0)
mem[X,0x0000000080000148] -> 0xD513
mem[X,0x000000008000014A] -> 0x0074
[82] [M]: 0x0000000080000148 (0x0074D513) srli x10, x9, 0x7                         rvtest_init+328
x10 <- 0x0000000000000001

mem[X,0x000000008000014C] -> 0xD793
mem[X,0x000000008000014E] -> 0x0394
[83] [M]: 0x000000008000014C (0x0394D793) srli x15, x9, 0x39                        rvtest_init+332
x15 <- 0x0000000000000000

clint mtime 0x000000000000002A (mip.MTI <- 0b1, mip.STI <- 0b0)
mem[X,0x0000000080000150] -> 0x6533
mem[X,0x0000000080000152] -> 0x00F5
[84] [M]: 0x0000000080000150 (0x00F56533) or x10, x10, x15                          rvtest_init+336
x10 <- 0x0000000000000001

mem[X,0x0000000080000154] -> 0x5593
mem[X,0x0000000080000156] -> 0x0075
[85] [M]: 0x0000000080000154 (0x00755593) srli x11, x10, 0x7                        rvtest_init+340
x11 <- 0x0000000000000000

clint mtime 0x000000000000002B (mip.MTI <- 0b1, mip.STI <- 0b0)
mem[X,0x0000000080000158] -> 0x5793
mem[X,0x000000008000015A] -> 0x0395
[86] [M]: 0x0000000080000158 (0x03955793) srli x15, x10, 0x39                       rvtest_init+344
x15 <- 0x0000000000000000

mem[X,0x000000008000015C] -> 0xE5B3
mem[X,0x000000008000015E] -> 0x00F5
[87] [M]: 0x000000008000015C (0x00F5E5B3) or x11, x11, x15                          rvtest_init+348
x11 <- 0x0000000000000000

clint mtime 0x000000000000002C (mip.MTI <- 0b1, mip.STI <- 0b0)
mem[X,0x0000000080000160] -> 0xD613
mem[X,0x0000000080000162] -> 0x0075
[88] [M]: 0x0000000080000160 (0x0075D613) srli x12, x11, 0x7                        rvtest_init+352
x12 <- 0x0000000000000000

mem[X,0x0000000080000164] -> 0xD793
mem[X,0x0000000080000166] -> 0x0395
[89] [M]: 0x0000000080000164 (0x0395D793) srli x15, x11, 0x39                       rvtest_init+356
x15 <- 0x0000000000000000

clint mtime 0x000000000000002D (mip.MTI <- 0b1, mip.STI <- 0b0)
mem[X,0x0000000080000168] -> 0x6633
mem[X,0x000000008000016A] -> 0x00F6
[90] [M]: 0x0000000080000168 (0x00F66633) or x12, x12, x15                          rvtest_init+360
x12 <- 0x0000000000000000

mem[X,0x000000008000016C] -> 0x5693
mem[X,0x000000008000016E] -> 0x0076
[91] [M]: 0x000000008000016C (0x00765693) srli x13, x12, 0x7                        rvtest_init+364
x13 <- 0x0000000000000000

clint mtime 0x000000000000002E (mip.MTI <- 0b1, mip.STI <- 0b0)
mem[X,0x0000000080000170] -> 0x5793
mem[X,0x0000000080000172] -> 0x0396
[92] [M]: 0x0000000080000170 (0x03965793) srli x15, x12, 0x39                       rvtest_init+368
x15 <- 0x0000000000000000

mem[X,0x0000000080000174] -> 0xE6B3
mem[X,0x0000000080000176] -> 0x00F6
[93] [M]: 0x0000000080000174 (0x00F6E6B3) or x13, x13, x15                          rvtest_init+372
x13 <- 0x0000000000000000

clint mtime 0x000000000000002F (mip.MTI <- 0b1, mip.STI <- 0b0)
mem[X,0x0000000080000178] -> 0x0013
mem[X,0x000000008000017A] -> 0x0000
[94] [M]: 0x0000000080000178 (0x00000013) addi x0, x0, 0x0                          rvtest_code_begin+0

mem[X,0x000000008000017C] -> 0x0013
mem[X,0x000000008000017E] -> 0x0000
[95] [M]: 0x000000008000017C (0x00000013) addi x0, x0, 0x0                          rvtest_code_begin+4

clint mtime 0x0000000000000030 (mip.MTI <- 0b1, mip.STI <- 0b0)
mem[X,0x0000000080000180] -> 0x3697
mem[X,0x0000000080000182] -> 0x0000
[96] [M]: 0x0000000080000180 (0x00003697) auipc x13, 0x3                            rvtest_code_begin+8
x13 <- 0x0000000080003180

mem[X,0x0000000080000184] -> 0x8693
mem[X,0x0000000080000186] -> 0xF986
[97] [M]: 0x0000000080000184 (0xF9868693) addi x13, x13, -0x68                      rvtest_code_begin+12
x13 <- 0x0000000080003118

clint mtime 0x0000000000000031 (mip.MTI <- 0b1, mip.STI <- 0b0)
mem[X,0x0000000080000188] -> 0x0013
mem[X,0x000000008000018A] -> 0x0000
[98] [M]: 0x0000000080000188 (0x00000013) addi x0, x0, 0x0                          rvtest_code_begin+16

mem[X,0x000000008000018C] -> 0x0013
mem[X,0x000000008000018E] -> 0x0000
[99] [M]: 0x000000008000018C (0x00000013) addi x0, x0, 0x0                          rvtest_code_begin+20

clint mtime 0x0000000000000032 (mip.MTI <- 0b1, mip.STI <- 0b0)
mem[X,0x0000000080000190] -> 0x0013
mem[X,0x0000000080000192] -> 0x0000
[100] [M]: 0x0000000080000190 (0x00000013) addi x0, x0, 0x0                         rvtest_code_begin+24

mem[X,0x0000000080000194] -> 0x0013
mem[X,0x0000000080000196] -> 0x0000
[101] [M]: 0x0000000080000194 (0x00000013) addi x0, x0, 0x0                         rvtest_code_begin+28

clint mtime 0x0000000000000033 (mip.MTI <- 0b1, mip.STI <- 0b0)
mem[X,0x0000000080000198] -> 0x0013
mem[X,0x000000008000019A] -> 0x0000
[102] [M]: 0x0000000080000198 (0x00000013) addi x0, x0, 0x0                         rvtest_code_begin+32

mem[X,0x000000008000019C] -> 0x0013
mem[X,0x000000008000019E] -> 0x0000
[103] [M]: 0x000000008000019C (0x00000013) addi x0, x0, 0x0                         rvtest_code_begin+36

clint mtime 0x0000000000000034 (mip.MTI <- 0b1, mip.STI <- 0b0)
mem[X,0x00000000800001A0] -> 0x0613
mem[X,0x00000000800001A2] -> 0xFFF0
[104] [M]: 0x00000000800001A0 (0xFFF00613) addi x12, x0, -0x1                       inst_0+0
x12 <- 0xFFFFFFFFFFFFFFFF

mem[X,0x00000000800001A4] -> 0x1613
mem[X,0x00000000800001A6] -> 0x03F6
[105] [M]: 0x00000000800001A4 (0x03F61613) slli x12, x12, 0x3f                      inst_0+4
x12 <- 0x8000000000000000

clint mtime 0x0000000000000035 (mip.MTI <- 0b1, mip.STI <- 0b0)
mem[X,0x00000000800001A8] -> 0x85B2
[106] [M]: 0x00000000800001A8 (0x85B2) c.mv x11, x12                                inst_0+8
x11 <- 0x8000000000000000

mem[X,0x00000000800001AA] -> 0xE28C
[107] [M]: 0x00000000800001AA (0xE28C) c.sd x11, 0x0(x13)                           inst_0+10
mem[W,0x0000000080003118] <- 0x8000000000000000

clint mtime 0x0000000000000036 (mip.MTI <- 0b1, mip.STI <- 0b0)
mem[X,0x00000000800001AC] -> 0x0113
mem[X,0x00000000800001AE] -> 0x0000
[108] [M]: 0x00000000800001AC (0x00000113) addi x2, x0, 0x0                         inst_1+0
x2 <- 0x0000000000000000

mem[X,0x00000000800001B0] -> 0x810A
[109] [M]: 0x00000000800001B0 (0x810A) c.mv x2, x2                                  inst_1+4
x2 <- 0x0000000000000000

clint mtime 0x0000000000000037 (mip.MTI <- 0b1, mip.STI <- 0b0)
mem[X,0x00000000800001B2] -> 0xB423
mem[X,0x00000000800001B4] -> 0x0026
[110] [M]: 0x00000000800001B2 (0x0026B423) sd x2, 0x8(x13)                          inst_1+6
mem[W,0x0000000080003120] <- 0x0000000000000000

mem[X,0x00000000800001B6] -> 0x0393
mem[X,0x00000000800001B8] -> 0xFFF0
[111] [M]: 0x00000000800001B6 (0xFFF00393) addi x7, x0, -0x1                        inst_2+0
x7 <- 0xFFFFFFFFFFFFFFFF

clint mtime 0x0000000000000038 (mip.MTI <- 0b1, mip.STI <- 0b0)
mem[X,0x00000000800001BA] -> 0xD393
mem[X,0x00000000800001BC] -> 0x0013
[112] [M]: 0x00000000800001BA (0x0013D393) srli x7, x7, 0x1                         inst_2+4
x7 <- 0x7FFFFFFFFFFFFFFF

mem[X,0x00000000800001BE] -> 0x899E
[113] [M]: 0x00000000800001BE (0x899E) c.mv x19, x7                                 inst_2+8
x19 <- 0x7FFFFFFFFFFFFFFF

clint mtime 0x0000000000000039 (mip.MTI <- 0b1, mip.STI <- 0b0)
mem[X,0x00000000800001C0] -> 0xB823
mem[X,0x00000000800001C2] -> 0x0136
[114] [M]: 0x00000000800001C0 (0x0136B823) sd x19, 0x10(x13)                        inst_2+10
mem[W,0x0000000080003128] <- 0x7FFFFFFFFFFFFFFF

mem[X,0x00000000800001C4] -> 0x0893
mem[X,0x00000000800001C6] -> 0x0010
[115] [M]: 0x00000000800001C4 (0x00100893) addi x17, x0, 0x1                        inst_3+0
x17 <- 0x0000000000000001

clint mtime 0x000000000000003A (mip.MTI <- 0b1, mip.STI <- 0b0)
mem[X,0x00000000800001C8] -> 0x8346
[116] [M]: 0x00000000800001C8 (0x8346) c.mv x6, x17                                 inst_3+4
x6 <- 0x0000000000000001

mem[X,0x00000000800001CA] -> 0xBC23
mem[X,0x00000000800001CC] -> 0x0066
[117] [M]: 0x00000000800001CA (0x0066BC23) sd x6, 0x18(x13)                         inst_3+6
mem[W,0x0000000080003130] <- 0x0000000000000001

clint mtime 0x000000000000003B (mip.MTI <- 0b1, mip.STI <- 0b0)
mem[X,0x00000000800001CE] -> 0x0D13
mem[X,0x00000000800001D0] -> 0x0020
[118] [M]: 0x00000000800001CE (0x00200D13) addi x26, x0, 0x2                        inst_4+0
x26 <- 0x0000000000000002

mem[X,0x00000000800001D2] -> 0x876A
[119] [M]: 0x00000000800001D2 (0x876A) c.mv x14, x26                                inst_4+4
x14 <- 0x0000000000000002

clint mtime 0x000000000000003C (mip.MTI <- 0b1, mip.STI <- 0b0)
mem[X,0x00000000800001D4] -> 0xF298
[120] [M]: 0x00000000800001D4 (0xF298) c.sd x14, 0x20(x13)                          inst_4+6
mem[W,0x0000000080003138] <- 0x0000000000000002

mem[X,0x00000000800001D6] -> 0x0293
mem[X,0x00000000800001D8] -> 0x0040
[121] [M]: 0x00000000800001D6 (0x00400293) addi x5, x0, 0x4                         inst_5+0
x5 <- 0x0000000000000004

clint mtime 0x000000000000003D (mip.MTI <- 0b1, mip.STI <- 0b0)
mem[X,0x00000000800001DA] -> 0x8A96
[122] [M]: 0x00000000800001DA (0x8A96) c.mv x21, x5                                 inst_5+4
x21 <- 0x0000000000000004

mem[X,0x00000000800001DC] -> 0xB423
mem[X,0x00000000800001DE] -> 0x0356
[123] [M]: 0x00000000800001DC (0x0356B423) sd x21, 0x28(x13)                        inst_5+6
mem[W,0x0000000080003140] <- 0x0000000000000004

clint mtime 0x000000000000003E (mip.MTI <- 0b1, mip.STI <- 0b0)
mem[X,0x00000000800001E0] -> 0x0093
mem[X,0x00000000800001E2] -> 0x0080
[124] [M]: 0x00000000800001E0 (0x00800093) addi x1, x0, 0x8                         inst_6+0
x1 <- 0x0000000000000008

mem[X,0x00000000800001E4] -> 0x8D86
[125] [M]: 0x00000000800001E4 (0x8D86) c.mv x27, x1                                 inst_6+4
x27 <- 0x0000000000000008

clint mtime 0x000000000000003F (mip.MTI <- 0b1, mip.STI <- 0b0)
mem[X,0x00000000800001E6] -> 0xB823
mem[X,0x00000000800001E8] -> 0x03B6
[126] [M]: 0x00000000800001E6 (0x03B6B823) sd x27, 0x30(x13)                        inst_6+6
mem[W,0x0000000080003148] <- 0x0000000000000008

mem[X,0x00000000800001EA] -> 0x0493
mem[X,0x00000000800001EC] -> 0x0100
[127] [M]: 0x00000000800001EA (0x01000493) addi x9, x0, 0x10                        inst_7+0
x9 <- 0x0000000000000010

clint mtime 0x0000000000000040 (mip.MTI <- 0b1, mip.STI <- 0b0)
mem[X,0x00000000800001EE] -> 0x88A6
[128] [M]: 0x00000000800001EE (0x88A6) c.mv x17, x9                                 inst_7+4
x17 <- 0x0000000000000010

mem[X,0x00000000800001F0] -> 0xBC23
mem[X,0x00000000800001F2] -> 0x0316
[129] [M]: 0x00000000800001F0 (0x0316BC23) sd x17, 0x38(x13)                        inst_7+6
mem[W,0x0000000080003150] <- 0x0000000000000010

clint mtime 0x0000000000000041 (mip.MTI <- 0b1, mip.STI <- 0b0)
mem[X,0x00000000800001F4] -> 0x0913
mem[X,0x00000000800001F6] -> 0x0200
[130] [M]: 0x00000000800001F4 (0x02000913) addi x18, x0, 0x20                       inst_8+0
x18 <- 0x0000000000000020

mem[X,0x00000000800001F8] -> 0x804A
[131] [M]: 0x00000000800001F8 (0x804A) c.mv x0, x18                                 inst_8+4

clint mtime 0x0000000000000042 (mip.MTI <- 0b1, mip.STI <- 0b0)
mem[X,0x00000000800001FA] -> 0xB023
mem[X,0x00000000800001FC] -> 0x0406
[132] [M]: 0x00000000800001FA (0x0406B023) sd x0, 0x40(x13)                         inst_8+6
mem[W,0x0000000080003158] <- 0x0000000000000000

mem[X,0x00000000800001FE] -> 0x0B13
mem[X,0x0000000080000200] -> 0x0400
[133] [M]: 0x00000000800001FE (0x04000B13) addi x22, x0, 0x40                       inst_9+0
x22 <- 0x0000000000000040

clint mtime 0x0000000000000043 (mip.MTI <- 0b1, mip.STI <- 0b0)
mem[X,0x0000000080000202] -> 0x84DA
[134] [M]: 0x0000000080000202 (0x84DA) c.mv x9, x22                                 inst_9+4
x9 <- 0x0000000000000040

mem[X,0x0000000080000204] -> 0xE6A4
[135] [M]: 0x0000000080000204 (0xE6A4) c.sd x9, 0x48(x13)                           inst_9+6
mem[W,0x0000000080003160] <- 0x0000000000000040

clint mtime 0x0000000000000044 (mip.MTI <- 0b1, mip.STI <- 0b0)
mem[X,0x0000000080000206] -> 0x0413
mem[X,0x0000000080000208] -> 0x0800
[136] [M]: 0x0000000080000206 (0x08000413) addi x8, x0, 0x80                        inst_10+0
x8 <- 0x0000000000000080

mem[X,0x000000008000020A] -> 0x8222
[137] [M]: 0x000000008000020A (0x8222) c.mv x4, x8                                  inst_10+4
x4 <- 0x0000000000000080

clint mtime 0x0000000000000045 (mip.MTI <- 0b1, mip.STI <- 0b0)
mem[X,0x000000008000020C] -> 0xB823
mem[X,0x000000008000020E] -> 0x0446
[138] [M]: 0x000000008000020C (0x0446B823) sd x4, 0x50(x13)                         inst_10+6
mem[W,0x0000000080003168] <- 0x0000000000000080

mem[X,0x0000000080000210] -> 0x0C13
mem[X,0x0000000080000212] -> 0x1000
[139] [M]: 0x0000000080000210 (0x10000C13) addi x24, x0, 0x100                      inst_11+0
x24 <- 0x0000000000000100

clint mtime 0x0000000000000046 (mip.MTI <- 0b1, mip.STI <- 0b0)
mem[X,0x0000000080000214] -> 0x81E2
[140] [M]: 0x0000000080000214 (0x81E2) c.mv x3, x24                                 inst_11+4
x3 <- 0x0000000000000100

mem[X,0x0000000080000216] -> 0xBC23
mem[X,0x0000000080000218] -> 0x0436
[141] [M]: 0x0000000080000216 (0x0436BC23) sd x3, 0x58(x13)                         inst_11+6
mem[W,0x0000000080003170] <- 0x0000000000000100

clint mtime 0x0000000000000047 (mip.MTI <- 0b1, mip.STI <- 0b0)
mem[X,0x000000008000021A] -> 0x0A93
mem[X,0x000000008000021C] -> 0x2000
[142] [M]: 0x000000008000021A (0x20000A93) addi x21, x0, 0x200                      inst_12+0
x21 <- 0x0000000000000200

mem[X,0x000000008000021E] -> 0x8A56
[143] [M]: 0x000000008000021E (0x8A56) c.mv x20, x21                                inst_12+4
x20 <- 0x0000000000000200

clint mtime 0x0000000000000048 (mip.MTI <- 0b1, mip.STI <- 0b0)
mem[X,0x0000000080000220] -> 0xB023
mem[X,0x0000000080000222] -> 0x0746
[144] [M]: 0x0000000080000220 (0x0746B023) sd x20, 0x60(x13)                        inst_12+6
mem[W,0x0000000080003178] <- 0x0000000000000200

mem[X,0x0000000080000224] -> 0x0B93
mem[X,0x0000000080000226] -> 0x4000
[145] [M]: 0x0000000080000224 (0x40000B93) addi x23, x0, 0x400                      inst_13+0
x23 <- 0x0000000000000400

clint mtime 0x0000000000000049 (mip.MTI <- 0b1, mip.STI <- 0b0)
mem[X,0x0000000080000228] -> 0x865E
[146] [M]: 0x0000000080000228 (0x865E) c.mv x12, x23                                inst_13+4
x12 <- 0x0000000000000400

mem[X,0x000000008000022A] -> 0xF6B0
[147] [M]: 0x000000008000022A (0xF6B0) c.sd x12, 0x68(x13)                          inst_13+6
mem[W,0x0000000080003180] <- 0x0000000000000400

clint mtime 0x000000000000004A (mip.MTI <- 0b1, mip.STI <- 0b0)
mem[X,0x000000008000022C] -> 0x0F93
mem[X,0x000000008000022E] -> 0x0010
[148] [M]: 0x000000008000022C (0x00100F93) addi x31, x0, 0x1                        inst_14+0
x31 <- 0x0000000000000001

mem[X,0x0000000080000230] -> 0x9F93
mem[X,0x0000000080000232] -> 0x00BF
[149] [M]: 0x0000000080000230 (0x00BF9F93) slli x31, x31, 0xb                       inst_14+4
x31 <- 0x0000000000000800

clint mtime 0x000000000000004B (mip.MTI <- 0b1, mip.STI <- 0b0)
mem[X,0x0000000080000234] -> 0x8B7E
[150] [M]: 0x0000000080000234 (0x8B7E) c.mv x22, x31                                inst_14+8
x22 <- 0x0000000000000800

mem[X,0x0000000080000236] -> 0xB823
mem[X,0x0000000080000238] -> 0x0766
[151] [M]: 0x0000000080000236 (0x0766B823) sd x22, 0x70(x13)                        inst_14+10
mem[W,0x0000000080003188] <- 0x0000000000000800

clint mtime 0x000000000000004C (mip.MTI <- 0b1, mip.STI <- 0b0)
mem[X,0x000000008000023A] -> 0x0193
mem[X,0x000000008000023C] -> 0x0010
[152] [M]: 0x000000008000023A (0x00100193) addi x3, x0, 0x1                         inst_15+0
x3 <- 0x0000000000000001

mem[X,0x000000008000023E] -> 0x9193
mem[X,0x0000000080000240] -> 0x00C1
[153] [M]: 0x000000008000023E (0x00C19193) slli x3, x3, 0xc                         inst_15+4
x3 <- 0x0000000000001000

clint mtime 0x000000000000004D (mip.MTI <- 0b1, mip.STI <- 0b0)
mem[X,0x0000000080000242] -> 0x890E
[154] [M]: 0x0000000080000242 (0x890E) c.mv x18, x3                                 inst_15+8
x18 <- 0x0000000000001000

mem[X,0x0000000080000244] -> 0xBC23
mem[X,0x0000000080000246] -> 0x0726
[155] [M]: 0x0000000080000244 (0x0726BC23) sd x18, 0x78(x13)                        inst_15+10
mem[W,0x0000000080003190] <- 0x0000000000001000

clint mtime 0x000000000000004E (mip.MTI <- 0b1, mip.STI <- 0b0)
mem[X,0x0000000080000248] -> 0x0213
mem[X,0x000000008000024A] -> 0x0010
[156] [M]: 0x0000000080000248 (0x00100213) addi x4, x0, 0x1                         inst_16+0
x4 <- 0x0000000000000001

mem[X,0x000000008000024C] -> 0x1213
mem[X,0x000000008000024E] -> 0x00D2
[157] [M]: 0x000000008000024C (0x00D21213) slli x4, x4, 0xd                         inst_16+4
x4 <- 0x0000000000002000

clint mtime 0x000000000000004F (mip.MTI <- 0b1, mip.STI <- 0b0)
mem[X,0x0000000080000250] -> 0x8392
[158] [M]: 0x0000000080000250 (0x8392) c.mv x7, x4                                  inst_16+8
x7 <- 0x0000000000002000

mem[X,0x0000000080000252] -> 0xB023
mem[X,0x0000000080000254] -> 0x0876
[159] [M]: 0x0000000080000252 (0x0876B023) sd x7, 0x80(x13)                         inst_16+10
mem[W,0x0000000080003198] <- 0x0000000000002000

clint mtime 0x0000000000000050 (mip.MTI <- 0b1, mip.STI <- 0b0)
mem[X,0x0000000080000256] -> 0x0C93
mem[X,0x0000000080000258] -> 0x0010
[160] [M]: 0x0000000080000256 (0x00100C93) addi x25, x0, 0x1                        inst_17+0
x25 <- 0x0000000000000001

mem[X,0x000000008000025A] -> 0x9C93
mem[X,0x000000008000025C] -> 0x00EC
[161] [M]: 0x000000008000025A (0x00EC9C93) slli x25, x25, 0xe                       inst_17+4
x25 <- 0x0000000000004000

clint mtime 0x0000000000000051 (mip.MTI <- 0b1, mip.STI <- 0b0)
mem[X,0x000000008000025E] -> 0x8466
[162] [M]: 0x000000008000025E (0x8466) c.mv x8, x25                                 inst_17+8
x8 <- 0x0000000000004000

mem[X,0x0000000080000260] -> 0xE6C0
[163] [M]: 0x0000000080000260 (0xE6C0) c.sd x8, 0x88(x13)                           inst_17+10
mem[W,0x00000000800031A0] <- 0x0000000000004000

clint mtime 0x0000000000000052 (mip.MTI <- 0b1, mip.STI <- 0b0)
mem[X,0x0000000080000262] -> 0x0713
mem[X,0x0000000080000264] -> 0x0010
[164] [M]: 0x0000000080000262 (0x00100713) addi x14, x0, 0x1                        inst_18+0
x14 <- 0x0000000000000001

mem[X,0x0000000080000266] -> 0x1713
mem[X,0x0000000080000268] -> 0x00F7
[165] [M]: 0x0000000080000266 (0x00F71713) slli x14, x14, 0xf                       inst_18+4
x14 <- 0x0000000000008000

clint mtime 0x0000000000000053 (mip.MTI <- 0b1, mip.STI <- 0b0)
mem[X,0x000000008000026A] -> 0x87BA
[166] [M]: 0x000000008000026A (0x87BA) c.mv x15, x14                                inst_18+8
x15 <- 0x0000000000008000

mem[X,0x000000008000026C] -> 0xEADC
[167] [M]: 0x000000008000026C (0xEADC) c.sd x15, 0x90(x13)                          inst_18+10
mem[W,0x00000000800031A8] <- 0x0000000000008000

clint mtime 0x0000000000000054 (mip.MTI <- 0b1, mip.STI <- 0b0)
mem[X,0x000000008000026E] -> 0x0E93
mem[X,0x0000000080000270] -> 0x0010
[168] [M]: 0x000000008000026E (0x00100E93) addi x29, x0, 0x1                        inst_19+0
x29 <- 0x0000000000000001

mem[X,0x0000000080000272] -> 0x9E93
mem[X,0x0000000080000274] -> 0x010E
[169] [M]: 0x0000000080000272 (0x010E9E93) slli x29, x29, 0x10                      inst_19+4
x29 <- 0x0000000000010000

clint mtime 0x0000000000000055 (mip.MTI <- 0b1, mip.STI <- 0b0)
mem[X,0x0000000080000276] -> 0x8FF6
[170] [M]: 0x0000000080000276 (0x8FF6) c.mv x31, x29                                inst_19+8
x31 <- 0x0000000000010000

mem[X,0x0000000080000278] -> 0xBC23
mem[X,0x000000008000027A] -> 0x09F6
[171] [M]: 0x0000000080000278 (0x09F6BC23) sd x31, 0x98(x13)                        inst_19+10
mem[W,0x00000000800031B0] <- 0x0000000000010000

clint mtime 0x0000000000000056 (mip.MTI <- 0b1, mip.STI <- 0b0)
mem[X,0x000000008000027C] -> 0x0E13
mem[X,0x000000008000027E] -> 0x0010
[172] [M]: 0x000000008000027C (0x00100E13) addi x28, x0, 0x1                        inst_20+0
x28 <- 0x0000000000000001

mem[X,0x0000000080000280] -> 0x1E13
mem[X,0x0000000080000282] -> 0x011E
[173] [M]: 0x0000000080000280 (0x011E1E13) slli x28, x28, 0x11                      inst_20+4
x28 <- 0x0000000000020000

clint mtime 0x0000000000000057 (mip.MTI <- 0b1, mip.STI <- 0b0)
mem[X,0x0000000080000284] -> 0x8EF2
[174] [M]: 0x0000000080000284 (0x8EF2) c.mv x29, x28                                inst_20+8
x29 <- 0x0000000000020000

mem[X,0x0000000080000286] -> 0xB023
mem[X,0x0000000080000288] -> 0x0BD6
[175] [M]: 0x0000000080000286 (0x0BD6B023) sd x29, 0xa0(x13)                        inst_20+10
mem[W,0x00000000800031B8] <- 0x0000000000020000

clint mtime 0x0000000000000058 (mip.MTI <- 0b1, mip.STI <- 0b0)
mem[X,0x000000008000028A] -> 0x0813
mem[X,0x000000008000028C] -> 0x0010
[176] [M]: 0x000000008000028A (0x00100813) addi x16, x0, 0x1                        inst_21+0
x16 <- 0x0000000000000001

mem[X,0x000000008000028E] -> 0x1813
mem[X,0x0000000080000290] -> 0x0128
[177] [M]: 0x000000008000028E (0x01281813) slli x16, x16, 0x12                      inst_21+4
x16 <- 0x0000000000040000

clint mtime 0x0000000000000059 (mip.MTI <- 0b1, mip.STI <- 0b0)
mem[X,0x0000000080000292] -> 0x8542
[178] [M]: 0x0000000080000292 (0x8542) c.mv x10, x16                                inst_21+8
x10 <- 0x0000000000040000

mem[X,0x0000000080000294] -> 0xF6C8
[179] [M]: 0x0000000080000294 (0xF6C8) c.sd x10, 0xa8(x13)                          inst_21+10
mem[W,0x00000000800031C0] <- 0x0000000000040000

clint mtime 0x000000000000005A (mip.MTI <- 0b1, mip.STI <- 0b0)
mem[X,0x0000000080000296] -> 0x0013
mem[X,0x0000000080000298] -> 0x0000
[180] [M]: 0x0000000080000296 (0x00000013) addi x0, x0, 0x0                         inst_21+12

mem[X,0x000000008000029A] -> 0x0013
mem[X,0x000000008000029C] -> 0x0000
[181] [M]: 0x000000008000029A (0x00000013) addi x0, x0, 0x0                         inst_21+16

clint mtime 0x000000000000005B (mip.MTI <- 0b1, mip.STI <- 0b0)
mem[X,0x000000008000029E] -> 0x0001
[182] [M]: 0x000000008000029E (0x0001) c.nop                                        inst_21+20

mem[X,0x00000000800002A0] -> 0x3117
mem[X,0x00000000800002A2] -> 0x0000
[183] [M]: 0x00000000800002A0 (0x00003117) auipc x2, 0x3                            inst_21+22
x2 <- 0x00000000800032A0

clint mtime 0x000000000000005C (mip.MTI <- 0b1, mip.STI <- 0b0)
mem[X,0x00000000800002A4] -> 0x0113
mem[X,0x00000000800002A6] -> 0xF281
[184] [M]: 0x00000000800002A4 (0xF2810113) addi x2, x2, -0xd8                       inst_21+26
x2 <- 0x00000000800031C8

mem[X,0x00000000800002A8] -> 0x0013
mem[X,0x00000000800002AA] -> 0x0000
[185] [M]: 0x00000000800002A8 (0x00000013) addi x0, x0, 0x0                         inst_21+30

clint mtime 0x000000000000005D (mip.MTI <- 0b1, mip.STI <- 0b0)
mem[X,0x00000000800002AC] -> 0x0013
mem[X,0x00000000800002AE] -> 0x0000
[186] [M]: 0x00000000800002AC (0x00000013) addi x0, x0, 0x0                         inst_21+34

mem[X,0x00000000800002B0] -> 0x0013
mem[X,0x00000000800002B2] -> 0x0000
[187] [M]: 0x00000000800002B0 (0x00000013) addi x0, x0, 0x0                         inst_21+38

clint mtime 0x000000000000005E (mip.MTI <- 0b1, mip.STI <- 0b0)
mem[X,0x00000000800002B4] -> 0x0013
mem[X,0x00000000800002B6] -> 0x0000
[188] [M]: 0x00000000800002B4 (0x00000013) addi x0, x0, 0x0                         inst_21+42

mem[X,0x00000000800002B8] -> 0x0013
mem[X,0x00000000800002BA] -> 0x0000
[189] [M]: 0x00000000800002B8 (0x00000013) addi x0, x0, 0x0                         inst_21+46

clint mtime 0x000000000000005F (mip.MTI <- 0b1, mip.STI <- 0b0)
mem[X,0x00000000800002BC] -> 0x0013
mem[X,0x00000000800002BE] -> 0x0000
[190] [M]: 0x00000000800002BC (0x00000013) addi x0, x0, 0x0                         inst_21+50

mem[X,0x00000000800002C0] -> 0x0A13
mem[X,0x00000000800002C2] -> 0x0010
[191] [M]: 0x00000000800002C0 (0x00100A13) addi x20, x0, 0x1                        inst_22+0
x20 <- 0x0000000000000001

clint mtime 0x0000000000000060 (mip.MTI <- 0b1, mip.STI <- 0b0)
mem[X,0x00000000800002C4] -> 0x1A13
mem[X,0x00000000800002C6] -> 0x013A
[192] [M]: 0x00000000800002C4 (0x013A1A13) slli x20, x20, 0x13                      inst_22+4
x20 <- 0x0000000000080000

mem[X,0x00000000800002C8] -> 0x8CD2
[193] [M]: 0x00000000800002C8 (0x8CD2) c.mv x25, x20                                inst_22+8
x25 <- 0x0000000000080000

clint mtime 0x0000000000000061 (mip.MTI <- 0b1, mip.STI <- 0b0)
mem[X,0x00000000800002CA] -> 0xE066
[194] [M]: 0x00000000800002CA (0xE066) c.sdsp x25, 0x0(x2)                          inst_22+10
mem[W,0x00000000800031C8] <- 0x0000000000080000

mem[X,0x00000000800002CC] -> 0x0693
mem[X,0x00000000800002CE] -> 0x0010
[195] [M]: 0x00000000800002CC (0x00100693) addi x13, x0, 0x1                        inst_23+0
x13 <- 0x0000000000000001

clint mtime 0x0000000000000062 (mip.MTI <- 0b1, mip.STI <- 0b0)
mem[X,0x00000000800002D0] -> 0x9693
mem[X,0x00000000800002D2] -> 0x0146
[196] [M]: 0x00000000800002D0 (0x01469693) slli x13, x13, 0x14                      inst_23+4
x13 <- 0x0000000000100000

mem[X,0x00000000800002D4] -> 0x82B6
[197] [M]: 0x00000000800002D4 (0x82B6) c.mv x5, x13                                 inst_23+8
x5 <- 0x0000000000100000

clint mtime 0x0000000000000063 (mip.MTI <- 0b1, mip.STI <- 0b0)
mem[X,0x00000000800002D6] -> 0xE416
[198] [M]: 0x00000000800002D6 (0xE416) c.sdsp x5, 0x8(x2)                           inst_23+10
mem[W,0x00000000800031D0] <- 0x0000000000100000

mem[X,0x00000000800002D8] -> 0x0313
mem[X,0x00000000800002DA] -> 0x0010
[199] [M]: 0x00000000800002D8 (0x00100313) addi x6, x0, 0x1                         inst_24+0
x6 <- 0x0000000000000001

clint mtime 0x0000000000000064 (mip.MTI <- 0b1, mip.STI <- 0b0)
mem[X,0x00000000800002DC] -> 0x1313
mem[X,0x00000000800002DE] -> 0x0153
[200] [M]: 0x00000000800002DC (0x01531313) slli x6, x6, 0x15                        inst_24+4
x6 <- 0x0000000000200000

mem[X,0x00000000800002E0] -> 0x809A
[201] [M]: 0x00000000800002E0 (0x809A) c.mv x1, x6                                  inst_24+8
x1 <- 0x0000000000200000

clint mtime 0x0000000000000065 (mip.MTI <- 0b1, mip.STI <- 0b0)
mem[X,0x00000000800002E2] -> 0xE806
[202] [M]: 0x00000000800002E2 (0xE806) c.sdsp x1, 0x10(x2)                          inst_24+10
mem[W,0x00000000800031D8] <- 0x0000000000200000

mem[X,0x00000000800002E4] -> 0x0793
mem[X,0x00000000800002E6] -> 0x0010
[203] [M]: 0x00000000800002E4 (0x00100793) addi x15, x0, 0x1                        inst_25+0
x15 <- 0x0000000000000001

clint mtime 0x0000000000000066 (mip.MTI <- 0b1, mip.STI <- 0b0)
mem[X,0x00000000800002E8] -> 0x9793
mem[X,0x00000000800002EA] -> 0x0167
[204] [M]: 0x00000000800002E8 (0x01679793) slli x15, x15, 0x16                      inst_25+4
x15 <- 0x0000000000400000

mem[X,0x00000000800002EC] -> 0x8D3E
[205] [M]: 0x00000000800002EC (0x8D3E) c.mv x26, x15                                inst_25+8
x26 <- 0x0000000000400000

clint mtime 0x0000000000000067 (mip.MTI <- 0b1, mip.STI <- 0b0)
mem[X,0x00000000800002EE] -> 0xEC6A
[206] [M]: 0x00000000800002EE (0xEC6A) c.sdsp x26, 0x18(x2)                         inst_25+10
mem[W,0x00000000800031E0] <- 0x0000000000400000

mem[X,0x00000000800002F0] -> 0x0513
mem[X,0x00000000800002F2] -> 0x0010
[207] [M]: 0x00000000800002F0 (0x00100513) addi x10, x0, 0x1                        inst_26+0
x10 <- 0x0000000000000001

clint mtime 0x0000000000000068 (mip.MTI <- 0b1, mip.STI <- 0b0)
mem[X,0x00000000800002F4] -> 0x1513
mem[X,0x00000000800002F6] -> 0x0175
[208] [M]: 0x00000000800002F4 (0x01751513) slli x10, x10, 0x17                      inst_26+4
x10 <- 0x0000000000800000

mem[X,0x00000000800002F8] -> 0x8C2A
[209] [M]: 0x00000000800002F8 (0x8C2A) c.mv x24, x10                                inst_26+8
x24 <- 0x0000000000800000

clint mtime 0x0000000000000069 (mip.MTI <- 0b1, mip.STI <- 0b0)
mem[X,0x00000000800002FA] -> 0xF062
[210] [M]: 0x00000000800002FA (0xF062) c.sdsp x24, 0x20(x2)                         inst_26+10
mem[W,0x00000000800031E8] <- 0x0000000000800000

mem[X,0x00000000800002FC] -> 0x0F13
mem[X,0x00000000800002FE] -> 0x0010
[211] [M]: 0x00000000800002FC (0x00100F13) addi x30, x0, 0x1                        inst_27+0
x30 <- 0x0000000000000001

clint mtime 0x000000000000006A (mip.MTI <- 0b1, mip.STI <- 0b0)
mem[X,0x0000000080000300] -> 0x1F13
mem[X,0x0000000080000302] -> 0x018F
[212] [M]: 0x0000000080000300 (0x018F1F13) slli x30, x30, 0x18                      inst_27+4
x30 <- 0x0000000001000000

mem[X,0x0000000080000304] -> 0x8E7A
[213] [M]: 0x0000000080000304 (0x8E7A) c.mv x28, x30                                inst_27+8
x28 <- 0x0000000001000000

clint mtime 0x000000000000006B (mip.MTI <- 0b1, mip.STI <- 0b0)
mem[X,0x0000000080000306] -> 0xF472
[214] [M]: 0x0000000080000306 (0xF472) c.sdsp x28, 0x28(x2)                         inst_27+10
mem[W,0x00000000800031F0] <- 0x0000000001000000

mem[X,0x0000000080000308] -> 0x0993
mem[X,0x000000008000030A] -> 0x0010
[215] [M]: 0x0000000080000308 (0x00100993) addi x19, x0, 0x1                        inst_28+0
x19 <- 0x0000000000000001

clint mtime 0x000000000000006C (mip.MTI <- 0b1, mip.STI <- 0b0)
mem[X,0x000000008000030C] -> 0x9993
mem[X,0x000000008000030E] -> 0x0199
[216] [M]: 0x000000008000030C (0x01999993) slli x19, x19, 0x19                      inst_28+4
x19 <- 0x0000000002000000

mem[X,0x0000000080000310] -> 0x8BCE
[217] [M]: 0x0000000080000310 (0x8BCE) c.mv x23, x19                                inst_28+8
x23 <- 0x0000000002000000

clint mtime 0x000000000000006D (mip.MTI <- 0b1, mip.STI <- 0b0)
mem[X,0x0000000080000312] -> 0xF85E
[218] [M]: 0x0000000080000312 (0xF85E) c.sdsp x23, 0x30(x2)                         inst_28+10
mem[W,0x00000000800031F8] <- 0x0000000002000000

mem[X,0x0000000080000314] -> 0x0593
mem[X,0x0000000080000316] -> 0x0010
[219] [M]: 0x0000000080000314 (0x00100593) addi x11, x0, 0x1                        inst_29+0
x11 <- 0x0000000000000001

clint mtime 0x000000000000006E (mip.MTI <- 0b1, mip.STI <- 0b0)
mem[X,0x0000000080000318] -> 0x9593
mem[X,0x000000008000031A] -> 0x01A5
[220] [M]: 0x0000000080000318 (0x01A59593) slli x11, x11, 0x1a                      inst_29+4
x11 <- 0x0000000004000000

mem[X,0x000000008000031C] -> 0x8F2E
[221] [M]: 0x000000008000031C (0x8F2E) c.mv x30, x11                                inst_29+8
x30 <- 0x0000000004000000

clint mtime 0x000000000000006F (mip.MTI <- 0b1, mip.STI <- 0b0)
mem[X,0x000000008000031E] -> 0xFC7A
[222] [M]: 0x000000008000031E (0xFC7A) c.sdsp x30, 0x38(x2)                         inst_29+10
mem[W,0x0000000080003200] <- 0x0000000004000000

mem[X,0x0000000080000320] -> 0x0D93
mem[X,0x0000000080000322] -> 0x0010
[223] [M]: 0x0000000080000320 (0x00100D93) addi x27, x0, 0x1                        inst_30+0
x27 <- 0x0000000000000001

clint mtime 0x0000000000000070 (mip.MTI <- 0b1, mip.STI <- 0b0)
mem[X,0x0000000080000324] -> 0x9D93
mem[X,0x0000000080000326] -> 0x01BD
[224] [M]: 0x0000000080000324 (0x01BD9D93) slli x27, x27, 0x1b                      inst_30+4
x27 <- 0x0000000008000000

mem[X,0x0000000080000328] -> 0x86EE
[225] [M]: 0x0000000080000328 (0x86EE) c.mv x13, x27                                inst_30+8
x13 <- 0x0000000008000000

clint mtime 0x0000000000000071 (mip.MTI <- 0b1, mip.STI <- 0b0)
mem[X,0x000000008000032A] -> 0xE0B6
[226] [M]: 0x000000008000032A (0xE0B6) c.sdsp x13, 0x40(x2)                         inst_30+10
mem[W,0x0000000080003208] <- 0x0000000008000000

mem[X,0x000000008000032C] -> 0x0E13
mem[X,0x000000008000032E] -> 0x0010
[227] [M]: 0x000000008000032C (0x00100E13) addi x28, x0, 0x1                        inst_31+0
x28 <- 0x0000000000000001

clint mtime 0x0000000000000072 (mip.MTI <- 0b1, mip.STI <- 0b0)
mem[X,0x0000000080000330] -> 0x1E13
mem[X,0x0000000080000332] -> 0x01CE
[228] [M]: 0x0000000080000330 (0x01CE1E13) slli x28, x28, 0x1c                      inst_31+4
x28 <- 0x0000000010000000

mem[X,0x0000000080000334] -> 0x8872
[229] [M]: 0x0000000080000334 (0x8872) c.mv x16, x28                                inst_31+8
x16 <- 0x0000000010000000

clint mtime 0x0000000000000073 (mip.MTI <- 0b1, mip.STI <- 0b0)
mem[X,0x0000000080000336] -> 0xE4C2
[230] [M]: 0x0000000080000336 (0xE4C2) c.sdsp x16, 0x48(x2)                         inst_31+10
mem[W,0x0000000080003210] <- 0x0000000010000000

mem[X,0x0000000080000338] -> 0x0593
mem[X,0x000000008000033A] -> 0x0010
[231] [M]: 0x0000000080000338 (0x00100593) addi x11, x0, 0x1                        inst_32+0
x11 <- 0x0000000000000001

clint mtime 0x0000000000000074 (mip.MTI <- 0b1, mip.STI <- 0b0)
mem[X,0x000000008000033C] -> 0x9593
mem[X,0x000000008000033E] -> 0x01D5
[232] [M]: 0x000000008000033C (0x01D59593) slli x11, x11, 0x1d                      inst_32+4
x11 <- 0x0000000020000000

mem[X,0x0000000080000340] -> 0x852E
[233] [M]: 0x0000000080000340 (0x852E) c.mv x10, x11                                inst_32+8
x10 <- 0x0000000020000000

clint mtime 0x0000000000000075 (mip.MTI <- 0b1, mip.STI <- 0b0)
mem[X,0x0000000080000342] -> 0xE8AA
[234] [M]: 0x0000000080000342 (0xE8AA) c.sdsp x10, 0x50(x2)                         inst_32+10
mem[W,0x0000000080003218] <- 0x0000000020000000

mem[X,0x0000000080000344] -> 0x0593
mem[X,0x0000000080000346] -> 0x0010
[235] [M]: 0x0000000080000344 (0x00100593) addi x11, x0, 0x1                        inst_33+0
x11 <- 0x0000000000000001

clint mtime 0x0000000000000076 (mip.MTI <- 0b1, mip.STI <- 0b0)
mem[X,0x0000000080000348] -> 0x9593
mem[X,0x000000008000034A] -> 0x01E5
[236] [M]: 0x0000000080000348 (0x01E59593) slli x11, x11, 0x1e                      inst_33+4
x11 <- 0x0000000040000000

mem[X,0x000000008000034C] -> 0x852E
[237] [M]: 0x000000008000034C (0x852E) c.mv x10, x11                                inst_33+8
x10 <- 0x0000000040000000

clint mtime 0x0000000000000077 (mip.MTI <- 0b1, mip.STI <- 0b0)
mem[X,0x000000008000034E] -> 0xECAA
[238] [M]: 0x000000008000034E (0xECAA) c.sdsp x10, 0x58(x2)                         inst_33+10
mem[W,0x0000000080003220] <- 0x0000000040000000

mem[X,0x0000000080000350] -> 0x0593
mem[X,0x0000000080000352] -> 0x0010
[239] [M]: 0x0000000080000350 (0x00100593) addi x11, x0, 0x1                        inst_34+0
x11 <- 0x0000000000000001

clint mtime 0x0000000000000078 (mip.MTI <- 0b1, mip.STI <- 0b0)
mem[X,0x0000000080000354] -> 0x9593
mem[X,0x0000000080000356] -> 0x01F5
[240] [M]: 0x0000000080000354 (0x01F59593) slli x11, x11, 0x1f                      inst_34+4
x11 <- 0x0000000080000000

mem[X,0x0000000080000358] -> 0x852E
[241] [M]: 0x0000000080000358 (0x852E) c.mv x10, x11                                inst_34+8
x10 <- 0x0000000080000000

clint mtime 0x0000000000000079 (mip.MTI <- 0b1, mip.STI <- 0b0)
mem[X,0x000000008000035A] -> 0xF0AA
[242] [M]: 0x000000008000035A (0xF0AA) c.sdsp x10, 0x60(x2)                         inst_34+10
mem[W,0x0000000080003228] <- 0x0000000080000000

mem[X,0x000000008000035C] -> 0x0593
mem[X,0x000000008000035E] -> 0x0010
[243] [M]: 0x000000008000035C (0x00100593) addi x11, x0, 0x1                        inst_35+0
x11 <- 0x0000000000000001

clint mtime 0x000000000000007A (mip.MTI <- 0b1, mip.STI <- 0b0)
mem[X,0x0000000080000360] -> 0x9593
mem[X,0x0000000080000362] -> 0x0205
[244] [M]: 0x0000000080000360 (0x02059593) slli x11, x11, 0x20                      inst_35+4
x11 <- 0x0000000100000000

mem[X,0x0000000080000364] -> 0x852E
[245] [M]: 0x0000000080000364 (0x852E) c.mv x10, x11                                inst_35+8
x10 <- 0x0000000100000000

clint mtime 0x000000000000007B (mip.MTI <- 0b1, mip.STI <- 0b0)
mem[X,0x0000000080000366] -> 0xF4AA
[246] [M]: 0x0000000080000366 (0xF4AA) c.sdsp x10, 0x68(x2)                         inst_35+10
mem[W,0x0000000080003230] <- 0x0000000100000000

mem[X,0x0000000080000368] -> 0x0593
mem[X,0x000000008000036A] -> 0x0010
[247] [M]: 0x0000000080000368 (0x00100593) addi x11, x0, 0x1                        inst_36+0
x11 <- 0x0000000000000001

clint mtime 0x000000000000007C (mip.MTI <- 0b1, mip.STI <- 0b0)
mem[X,0x000000008000036C] -> 0x9593
mem[X,0x000000008000036E] -> 0x0215
[248] [M]: 0x000000008000036C (0x02159593) slli x11, x11, 0x21                      inst_36+4
x11 <- 0x0000000200000000

mem[X,0x0000000080000370] -> 0x852E
[249] [M]: 0x0000000080000370 (0x852E) c.mv x10, x11                                inst_36+8
x10 <- 0x0000000200000000

clint mtime 0x000000000000007D (mip.MTI <- 0b1, mip.STI <- 0b0)
mem[X,0x0000000080000372] -> 0xF8AA
[250] [M]: 0x0000000080000372 (0xF8AA) c.sdsp x10, 0x70(x2)                         inst_36+10
mem[W,0x0000000080003238] <- 0x0000000200000000

mem[X,0x0000000080000374] -> 0x0593
mem[X,0x0000000080000376] -> 0x0010
[251] [M]: 0x0000000080000374 (0x00100593) addi x11, x0, 0x1                        inst_37+0
x11 <- 0x0000000000000001

clint mtime 0x000000000000007E (mip.MTI <- 0b1, mip.STI <- 0b0)
mem[X,0x0000000080000378] -> 0x9593
mem[X,0x000000008000037A] -> 0x0225
[252] [M]: 0x0000000080000378 (0x02259593) slli x11, x11, 0x22                      inst_37+4
x11 <- 0x0000000400000000

mem[X,0x000000008000037C] -> 0x852E
[253] [M]: 0x000000008000037C (0x852E) c.mv x10, x11                                inst_37+8
x10 <- 0x0000000400000000

clint mtime 0x000000000000007F (mip.MTI <- 0b1, mip.STI <- 0b0)
mem[X,0x000000008000037E] -> 0xFCAA
[254] [M]: 0x000000008000037E (0xFCAA) c.sdsp x10, 0x78(x2)                         inst_37+10
mem[W,0x0000000080003240] <- 0x0000000400000000

mem[X,0x0000000080000380] -> 0x0593
mem[X,0x0000000080000382] -> 0x0010
[255] [M]: 0x0000000080000380 (0x00100593) addi x11, x0, 0x1                        inst_38+0
x11 <- 0x0000000000000001

clint mtime 0x0000000000000080 (mip.MTI <- 0b1, mip.STI <- 0b0)
mem[X,0x0000000080000384] -> 0x9593
mem[X,0x0000000080000386] -> 0x0235
[256] [M]: 0x0000000080000384 (0x02359593) slli x11, x11, 0x23                      inst_38+4
x11 <- 0x0000000800000000

mem[X,0x0000000080000388] -> 0x852E
[257] [M]: 0x0000000080000388 (0x852E) c.mv x10, x11                                inst_38+8
x10 <- 0x0000000800000000

clint mtime 0x0000000000000081 (mip.MTI <- 0b1, mip.STI <- 0b0)
mem[X,0x000000008000038A] -> 0xE12A
[258] [M]: 0x000000008000038A (0xE12A) c.sdsp x10, 0x80(x2)                         inst_38+10
mem[W,0x0000000080003248] <- 0x0000000800000000

mem[X,0x000000008000038C] -> 0x0593
mem[X,0x000000008000038E] -> 0x0010
[259] [M]: 0x000000008000038C (0x00100593) addi x11, x0, 0x1                        inst_39+0
x11 <- 0x0000000000000001

clint mtime 0x0000000000000082 (mip.MTI <- 0b1, mip.STI <- 0b0)
mem[X,0x0000000080000390] -> 0x9593
mem[X,0x0000000080000392] -> 0x0245
[260] [M]: 0x0000000080000390 (0x02459593) slli x11, x11, 0x24                      inst_39+4
x11 <- 0x0000001000000000

mem[X,0x0000000080000394] -> 0x852E
[261] [M]: 0x0000000080000394 (0x852E) c.mv x10, x11                                inst_39+8
x10 <- 0x0000001000000000

clint mtime 0x0000000000000083 (mip.MTI <- 0b1, mip.STI <- 0b0)
mem[X,0x0000000080000396] -> 0xE52A
[262] [M]: 0x0000000080000396 (0xE52A) c.sdsp x10, 0x88(x2)                         inst_39+10
mem[W,0x0000000080003250] <- 0x0000001000000000

mem[X,0x0000000080000398] -> 0x0593
mem[X,0x000000008000039A] -> 0x0010
[263] [M]: 0x0000000080000398 (0x00100593) addi x11, x0, 0x1                        inst_40+0
x11 <- 0x0000000000000001

clint mtime 0x0000000000000084 (mip.MTI <- 0b1, mip.STI <- 0b0)
mem[X,0x000000008000039C] -> 0x9593
mem[X,0x000000008000039E] -> 0x0255
[264] [M]: 0x000000008000039C (0x02559593) slli x11, x11, 0x25                      inst_40+4
x11 <- 0x0000002000000000

mem[X,0x00000000800003A0] -> 0x852E
[265] [M]: 0x00000000800003A0 (0x852E) c.mv x10, x11                                inst_40+8
x10 <- 0x0000002000000000

clint mtime 0x0000000000000085 (mip.MTI <- 0b1, mip.STI <- 0b0)
mem[X,0x00000000800003A2] -> 0xE92A
[266] [M]: 0x00000000800003A2 (0xE92A) c.sdsp x10, 0x90(x2)                         inst_40+10
mem[W,0x0000000080003258] <- 0x0000002000000000

mem[X,0x00000000800003A4] -> 0x0593
mem[X,0x00000000800003A6] -> 0x0010
[267] [M]: 0x00000000800003A4 (0x00100593) addi x11, x0, 0x1                        inst_41+0
x11 <- 0x0000000000000001

clint mtime 0x0000000000000086 (mip.MTI <- 0b1, mip.STI <- 0b0)
mem[X,0x00000000800003A8] -> 0x9593
mem[X,0x00000000800003AA] -> 0x0265
[268] [M]: 0x00000000800003A8 (0x02659593) slli x11, x11, 0x26                      inst_41+4
x11 <- 0x0000004000000000

mem[X,0x00000000800003AC] -> 0x852E
[269] [M]: 0x00000000800003AC (0x852E) c.mv x10, x11                                inst_41+8
x10 <- 0x0000004000000000

clint mtime 0x0000000000000087 (mip.MTI <- 0b1, mip.STI <- 0b0)
mem[X,0x00000000800003AE] -> 0xED2A
[270] [M]: 0x00000000800003AE (0xED2A) c.sdsp x10, 0x98(x2)                         inst_41+10
mem[W,0x0000000080003260] <- 0x0000004000000000

mem[X,0x00000000800003B0] -> 0x0593
mem[X,0x00000000800003B2] -> 0x0010
[271] [M]: 0x00000000800003B0 (0x00100593) addi x11, x0, 0x1                        inst_42+0
x11 <- 0x0000000000000001

clint mtime 0x0000000000000088 (mip.MTI <- 0b1, mip.STI <- 0b0)
mem[X,0x00000000800003B4] -> 0x9593
mem[X,0x00000000800003B6] -> 0x0275
[272] [M]: 0x00000000800003B4 (0x02759593) slli x11, x11, 0x27                      inst_42+4
x11 <- 0x0000008000000000

mem[X,0x00000000800003B8] -> 0x852E
[273] [M]: 0x00000000800003B8 (0x852E) c.mv x10, x11                                inst_42+8
x10 <- 0x0000008000000000

clint mtime 0x0000000000000089 (mip.MTI <- 0b1, mip.STI <- 0b0)
mem[X,0x00000000800003BA] -> 0xF12A
[274] [M]: 0x00000000800003BA (0xF12A) c.sdsp x10, 0xa0(x2)                         inst_42+10
mem[W,0x0000000080003268] <- 0x0000008000000000

mem[X,0x00000000800003BC] -> 0x0593
mem[X,0x00000000800003BE] -> 0x0010
[275] [M]: 0x00000000800003BC (0x00100593) addi x11, x0, 0x1                        inst_43+0
x11 <- 0x0000000000000001

clint mtime 0x000000000000008A (mip.MTI <- 0b1, mip.STI <- 0b0)
mem[X,0x00000000800003C0] -> 0x9593
mem[X,0x00000000800003C2] -> 0x0285
[276] [M]: 0x00000000800003C0 (0x02859593) slli x11, x11, 0x28                      inst_43+4
x11 <- 0x0000010000000000

mem[X,0x00000000800003C4] -> 0x852E
[277] [M]: 0x00000000800003C4 (0x852E) c.mv x10, x11                                inst_43+8
x10 <- 0x0000010000000000

clint mtime 0x000000000000008B (mip.MTI <- 0b1, mip.STI <- 0b0)
mem[X,0x00000000800003C6] -> 0xF52A
[278] [M]: 0x00000000800003C6 (0xF52A) c.sdsp x10, 0xa8(x2)                         inst_43+10
mem[W,0x0000000080003270] <- 0x0000010000000000

mem[X,0x00000000800003C8] -> 0x0593
mem[X,0x00000000800003CA] -> 0x0010
[279] [M]: 0x00000000800003C8 (0x00100593) addi x11, x0, 0x1                        inst_44+0
x11 <- 0x0000000000000001

clint mtime 0x000000000000008C (mip.MTI <- 0b1, mip.STI <- 0b0)
mem[X,0x00000000800003CC] -> 0x9593
mem[X,0x00000000800003CE] -> 0x0295
[280] [M]: 0x00000000800003CC (0x02959593) slli x11, x11, 0x29                      inst_44+4
x11 <- 0x0000020000000000

mem[X,0x00000000800003D0] -> 0x852E
[281] [M]: 0x00000000800003D0 (0x852E) c.mv x10, x11                                inst_44+8
x10 <- 0x0000020000000000

clint mtime 0x000000000000008D (mip.MTI <- 0b1, mip.STI <- 0b0)
mem[X,0x00000000800003D2] -> 0xF92A
[282] [M]: 0x00000000800003D2 (0xF92A) c.sdsp x10, 0xb0(x2)                         inst_44+10
mem[W,0x0000000080003278] <- 0x0000020000000000

mem[X,0x00000000800003D4] -> 0x0593
mem[X,0x00000000800003D6] -> 0x0010
[283] [M]: 0x00000000800003D4 (0x00100593) addi x11, x0, 0x1                        inst_45+0
x11 <- 0x0000000000000001

clint mtime 0x000000000000008E (mip.MTI <- 0b1, mip.STI <- 0b0)
mem[X,0x00000000800003D8] -> 0x9593
mem[X,0x00000000800003DA] -> 0x02A5
[284] [M]: 0x00000000800003D8 (0x02A59593) slli x11, x11, 0x2a                      inst_45+4
x11 <- 0x0000040000000000

mem[X,0x00000000800003DC] -> 0x852E
[285] [M]: 0x00000000800003DC (0x852E) c.mv x10, x11                                inst_45+8
x10 <- 0x0000040000000000

clint mtime 0x000000000000008F (mip.MTI <- 0b1, mip.STI <- 0b0)
mem[X,0x00000000800003DE] -> 0xFD2A
[286] [M]: 0x00000000800003DE (0xFD2A) c.sdsp x10, 0xb8(x2)                         inst_45+10
mem[W,0x0000000080003280] <- 0x0000040000000000

mem[X,0x00000000800003E0] -> 0x0593
mem[X,0x00000000800003E2] -> 0x0010
[287] [M]: 0x00000000800003E0 (0x00100593) addi x11, x0, 0x1                        inst_46+0
x11 <- 0x0000000000000001

clint mtime 0x0000000000000090 (mip.MTI <- 0b1, mip.STI <- 0b0)
mem[X,0x00000000800003E4] -> 0x9593
mem[X,0x00000000800003E6] -> 0x02B5
[288] [M]: 0x00000000800003E4 (0x02B59593) slli x11, x11, 0x2b                      inst_46+4
x11 <- 0x0000080000000000

mem[X,0x00000000800003E8] -> 0x852E
[289] [M]: 0x00000000800003E8 (0x852E) c.mv x10, x11                                inst_46+8
x10 <- 0x0000080000000000

clint mtime 0x0000000000000091 (mip.MTI <- 0b1, mip.STI <- 0b0)
mem[X,0x00000000800003EA] -> 0xE1AA
[290] [M]: 0x00000000800003EA (0xE1AA) c.sdsp x10, 0xc0(x2)                         inst_46+10
mem[W,0x0000000080003288] <- 0x0000080000000000

mem[X,0x00000000800003EC] -> 0x0593
mem[X,0x00000000800003EE] -> 0x0010
[291] [M]: 0x00000000800003EC (0x00100593) addi x11, x0, 0x1                        inst_47+0
x11 <- 0x0000000000000001

clint mtime 0x0000000000000092 (mip.MTI <- 0b1, mip.STI <- 0b0)
mem[X,0x00000000800003F0] -> 0x9593
mem[X,0x00000000800003F2] -> 0x02C5
[292] [M]: 0x00000000800003F0 (0x02C59593) slli x11, x11, 0x2c                      inst_47+4
x11 <- 0x0000100000000000

mem[X,0x00000000800003F4] -> 0x852E
[293] [M]: 0x00000000800003F4 (0x852E) c.mv x10, x11                                inst_47+8
x10 <- 0x0000100000000000

clint mtime 0x0000000000000093 (mip.MTI <- 0b1, mip.STI <- 0b0)
mem[X,0x00000000800003F6] -> 0xE5AA
[294] [M]: 0x00000000800003F6 (0xE5AA) c.sdsp x10, 0xc8(x2)                         inst_47+10
mem[W,0x0000000080003290] <- 0x0000100000000000

mem[X,0x00000000800003F8] -> 0x0593
mem[X,0x00000000800003FA] -> 0x0010
[295] [M]: 0x00000000800003F8 (0x00100593) addi x11, x0, 0x1                        inst_48+0
x11 <- 0x0000000000000001

clint mtime 0x0000000000000094 (mip.MTI <- 0b1, mip.STI <- 0b0)
mem[X,0x00000000800003FC] -> 0x9593
mem[X,0x00000000800003FE] -> 0x02D5
[296] [M]: 0x00000000800003FC (0x02D59593) slli x11, x11, 0x2d                      inst_48+4
x11 <- 0x0000200000000000

mem[X,0x0000000080000400] -> 0x852E
[297] [M]: 0x0000000080000400 (0x852E) c.mv x10, x11                                inst_48+8
x10 <- 0x0000200000000000

clint mtime 0x0000000000000095 (mip.MTI <- 0b1, mip.STI <- 0b0)
mem[X,0x0000000080000402] -> 0xE9AA
[298] [M]: 0x0000000080000402 (0xE9AA) c.sdsp x10, 0xd0(x2)                         inst_48+10
mem[W,0x0000000080003298] <- 0x0000200000000000

mem[X,0x0000000080000404] -> 0x0593
mem[X,0x0000000080000406] -> 0x0010
[299] [M]: 0x0000000080000404 (0x00100593) addi x11, x0, 0x1                        inst_49+0
x11 <- 0x0000000000000001

clint mtime 0x0000000000000096 (mip.MTI <- 0b1, mip.STI <- 0b0)
mem[X,0x0000000080000408] -> 0x9593
mem[X,0x000000008000040A] -> 0x02E5
[300] [M]: 0x0000000080000408 (0x02E59593) slli x11, x11, 0x2e                      inst_49+4
x11 <- 0x0000400000000000

mem[X,0x000000008000040C] -> 0x852E
[301] [M]: 0x000000008000040C (0x852E) c.mv x10, x11                                inst_49+8
x10 <- 0x0000400000000000

clint mtime 0x0000000000000097 (mip.MTI <- 0b1, mip.STI <- 0b0)
mem[X,0x000000008000040E] -> 0xEDAA
[302] [M]: 0x000000008000040E (0xEDAA) c.sdsp x10, 0xd8(x2)                         inst_49+10
mem[W,0x00000000800032A0] <- 0x0000400000000000

mem[X,0x0000000080000410] -> 0x0593
mem[X,0x0000000080000412] -> 0x0010
[303] [M]: 0x0000000080000410 (0x00100593) addi x11, x0, 0x1                        inst_50+0
x11 <- 0x0000000000000001

clint mtime 0x0000000000000098 (mip.MTI <- 0b1, mip.STI <- 0b0)
mem[X,0x0000000080000414] -> 0x9593
mem[X,0x0000000080000416] -> 0x02F5
[304] [M]: 0x0000000080000414 (0x02F59593) slli x11, x11, 0x2f                      inst_50+4
x11 <- 0x0000800000000000

mem[X,0x0000000080000418] -> 0x852E
[305] [M]: 0x0000000080000418 (0x852E) c.mv x10, x11                                inst_50+8
x10 <- 0x0000800000000000

clint mtime 0x0000000000000099 (mip.MTI <- 0b1, mip.STI <- 0b0)
mem[X,0x000000008000041A] -> 0xF1AA
[306] [M]: 0x000000008000041A (0xF1AA) c.sdsp x10, 0xe0(x2)                         inst_50+10
mem[W,0x00000000800032A8] <- 0x0000800000000000

mem[X,0x000000008000041C] -> 0x0593
mem[X,0x000000008000041E] -> 0x0010
[307] [M]: 0x000000008000041C (0x00100593) addi x11, x0, 0x1                        inst_51+0
x11 <- 0x0000000000000001

clint mtime 0x000000000000009A (mip.MTI <- 0b1, mip.STI <- 0b0)
mem[X,0x0000000080000420] -> 0x9593
mem[X,0x0000000080000422] -> 0x0305
[308] [M]: 0x0000000080000420 (0x03059593) slli x11, x11, 0x30                      inst_51+4
x11 <- 0x0001000000000000

mem[X,0x0000000080000424] -> 0x852E
[309] [M]: 0x0000000080000424 (0x852E) c.mv x10, x11                                inst_51+8
x10 <- 0x0001000000000000

clint mtime 0x000000000000009B (mip.MTI <- 0b1, mip.STI <- 0b0)
mem[X,0x0000000080000426] -> 0xF5AA
[310] [M]: 0x0000000080000426 (0xF5AA) c.sdsp x10, 0xe8(x2)                         inst_51+10
mem[W,0x00000000800032B0] <- 0x0001000000000000

mem[X,0x0000000080000428] -> 0x0593
mem[X,0x000000008000042A] -> 0x0010
[311] [M]: 0x0000000080000428 (0x00100593) addi x11, x0, 0x1                        inst_52+0
x11 <- 0x0000000000000001

clint mtime 0x000000000000009C (mip.MTI <- 0b1, mip.STI <- 0b0)
mem[X,0x000000008000042C] -> 0x9593
mem[X,0x000000008000042E] -> 0x0315
[312] [M]: 0x000000008000042C (0x03159593) slli x11, x11, 0x31                      inst_52+4
x11 <- 0x0002000000000000

mem[X,0x0000000080000430] -> 0x852E
[313] [M]: 0x0000000080000430 (0x852E) c.mv x10, x11                                inst_52+8
x10 <- 0x0002000000000000

clint mtime 0x000000000000009D (mip.MTI <- 0b1, mip.STI <- 0b0)
mem[X,0x0000000080000432] -> 0xF9AA
[314] [M]: 0x0000000080000432 (0xF9AA) c.sdsp x10, 0xf0(x2)                         inst_52+10
mem[W,0x00000000800032B8] <- 0x0002000000000000

mem[X,0x0000000080000434] -> 0x0593
mem[X,0x0000000080000436] -> 0x0010
[315] [M]: 0x0000000080000434 (0x00100593) addi x11, x0, 0x1                        inst_53+0
x11 <- 0x0000000000000001

clint mtime 0x000000000000009E (mip.MTI <- 0b1, mip.STI <- 0b0)
mem[X,0x0000000080000438] -> 0x9593
mem[X,0x000000008000043A] -> 0x0325
[316] [M]: 0x0000000080000438 (0x03259593) slli x11, x11, 0x32                      inst_53+4
x11 <- 0x0004000000000000

mem[X,0x000000008000043C] -> 0x852E
[317] [M]: 0x000000008000043C (0x852E) c.mv x10, x11                                inst_53+8
x10 <- 0x0004000000000000

clint mtime 0x000000000000009F (mip.MTI <- 0b1, mip.STI <- 0b0)
mem[X,0x000000008000043E] -> 0xFDAA
[318] [M]: 0x000000008000043E (0xFDAA) c.sdsp x10, 0xf8(x2)                         inst_53+10
mem[W,0x00000000800032C0] <- 0x0004000000000000

mem[X,0x0000000080000440] -> 0x0593
mem[X,0x0000000080000442] -> 0x0010
[319] [M]: 0x0000000080000440 (0x00100593) addi x11, x0, 0x1                        inst_54+0
x11 <- 0x0000000000000001

clint mtime 0x00000000000000A0 (mip.MTI <- 0b1, mip.STI <- 0b0)
mem[X,0x0000000080000444] -> 0x9593
mem[X,0x0000000080000446] -> 0x0335
[320] [M]: 0x0000000080000444 (0x03359593) slli x11, x11, 0x33                      inst_54+4
x11 <- 0x0008000000000000

mem[X,0x0000000080000448] -> 0x852E
[321] [M]: 0x0000000080000448 (0x852E) c.mv x10, x11                                inst_54+8
x10 <- 0x0008000000000000

clint mtime 0x00000000000000A1 (mip.MTI <- 0b1, mip.STI <- 0b0)
mem[X,0x000000008000044A] -> 0xE22A
[322] [M]: 0x000000008000044A (0xE22A) c.sdsp x10, 0x100(x2)                        inst_54+10
mem[W,0x00000000800032C8] <- 0x0008000000000000

mem[X,0x000000008000044C] -> 0x0593
mem[X,0x000000008000044E] -> 0x0010
[323] [M]: 0x000000008000044C (0x00100593) addi x11, x0, 0x1                        inst_55+0
x11 <- 0x0000000000000001

clint mtime 0x00000000000000A2 (mip.MTI <- 0b1, mip.STI <- 0b0)
mem[X,0x0000000080000450] -> 0x9593
mem[X,0x0000000080000452] -> 0x0345
[324] [M]: 0x0000000080000450 (0x03459593) slli x11, x11, 0x34                      inst_55+4
x11 <- 0x0010000000000000

mem[X,0x0000000080000454] -> 0x852E
[325] [M]: 0x0000000080000454 (0x852E) c.mv x10, x11                                inst_55+8
x10 <- 0x0010000000000000

clint mtime 0x00000000000000A3 (mip.MTI <- 0b1, mip.STI <- 0b0)
mem[X,0x0000000080000456] -> 0xE62A
[326] [M]: 0x0000000080000456 (0xE62A) c.sdsp x10, 0x108(x2)                        inst_55+10
mem[W,0x00000000800032D0] <- 0x0010000000000000

mem[X,0x0000000080000458] -> 0x0593
mem[X,0x000000008000045A] -> 0x0010
[327] [M]: 0x0000000080000458 (0x00100593) addi x11, x0, 0x1                        inst_56+0
x11 <- 0x0000000000000001

clint mtime 0x00000000000000A4 (mip.MTI <- 0b1, mip.STI <- 0b0)
mem[X,0x000000008000045C] -> 0x9593
mem[X,0x000000008000045E] -> 0x0355
[328] [M]: 0x000000008000045C (0x03559593) slli x11, x11, 0x35                      inst_56+4
x11 <- 0x0020000000000000

mem[X,0x0000000080000460] -> 0x852E
[329] [M]: 0x0000000080000460 (0x852E) c.mv x10, x11                                inst_56+8
x10 <- 0x0020000000000000

clint mtime 0x00000000000000A5 (mip.MTI <- 0b1, mip.STI <- 0b0)
mem[X,0x0000000080000462] -> 0xEA2A
[330] [M]: 0x0000000080000462 (0xEA2A) c.sdsp x10, 0x110(x2)                        inst_56+10
mem[W,0x00000000800032D8] <- 0x0020000000000000

mem[X,0x0000000080000464] -> 0x0593
mem[X,0x0000000080000466] -> 0x0010
[331] [M]: 0x0000000080000464 (0x00100593) addi x11, x0, 0x1                        inst_57+0
x11 <- 0x0000000000000001

clint mtime 0x00000000000000A6 (mip.MTI <- 0b1, mip.STI <- 0b0)
mem[X,0x0000000080000468] -> 0x9593
mem[X,0x000000008000046A] -> 0x0365
[332] [M]: 0x0000000080000468 (0x03659593) slli x11, x11, 0x36                      inst_57+4
x11 <- 0x0040000000000000

mem[X,0x000000008000046C] -> 0x852E
[333] [M]: 0x000000008000046C (0x852E) c.mv x10, x11                                inst_57+8
x10 <- 0x0040000000000000

clint mtime 0x00000000000000A7 (mip.MTI <- 0b1, mip.STI <- 0b0)
mem[X,0x000000008000046E] -> 0xEE2A
[334] [M]: 0x000000008000046E (0xEE2A) c.sdsp x10, 0x118(x2)                        inst_57+10
mem[W,0x00000000800032E0] <- 0x0040000000000000

mem[X,0x0000000080000470] -> 0x0593
mem[X,0x0000000080000472] -> 0x0010
[335] [M]: 0x0000000080000470 (0x00100593) addi x11, x0, 0x1                        inst_58+0
x11 <- 0x0000000000000001

clint mtime 0x00000000000000A8 (mip.MTI <- 0b1, mip.STI <- 0b0)
mem[X,0x0000000080000474] -> 0x9593
mem[X,0x0000000080000476] -> 0x0375
[336] [M]: 0x0000000080000474 (0x03759593) slli x11, x11, 0x37                      inst_58+4
x11 <- 0x0080000000000000

mem[X,0x0000000080000478] -> 0x852E
[337] [M]: 0x0000000080000478 (0x852E) c.mv x10, x11                                inst_58+8
x10 <- 0x0080000000000000

clint mtime 0x00000000000000A9 (mip.MTI <- 0b1, mip.STI <- 0b0)
mem[X,0x000000008000047A] -> 0xF22A
[338] [M]: 0x000000008000047A (0xF22A) c.sdsp x10, 0x120(x2)                        inst_58+10
mem[W,0x00000000800032E8] <- 0x0080000000000000

mem[X,0x000000008000047C] -> 0x0593
mem[X,0x000000008000047E] -> 0x0010
[339] [M]: 0x000000008000047C (0x00100593) addi x11, x0, 0x1                        inst_59+0
x11 <- 0x0000000000000001

clint mtime 0x00000000000000AA (mip.MTI <- 0b1, mip.STI <- 0b0)
mem[X,0x0000000080000480] -> 0x9593
mem[X,0x0000000080000482] -> 0x0385
[340] [M]: 0x0000000080000480 (0x03859593) slli x11, x11, 0x38                      inst_59+4
x11 <- 0x0100000000000000

mem[X,0x0000000080000484] -> 0x852E
[341] [M]: 0x0000000080000484 (0x852E) c.mv x10, x11                                inst_59+8
x10 <- 0x0100000000000000

clint mtime 0x00000000000000AB (mip.MTI <- 0b1, mip.STI <- 0b0)
mem[X,0x0000000080000486] -> 0xF62A
[342] [M]: 0x0000000080000486 (0xF62A) c.sdsp x10, 0x128(x2)                        inst_59+10
mem[W,0x00000000800032F0] <- 0x0100000000000000

mem[X,0x0000000080000488] -> 0x0593
mem[X,0x000000008000048A] -> 0x0010
[343] [M]: 0x0000000080000488 (0x00100593) addi x11, x0, 0x1                        inst_60+0
x11 <- 0x0000000000000001

clint mtime 0x00000000000000AC (mip.MTI <- 0b1, mip.STI <- 0b0)
mem[X,0x000000008000048C] -> 0x9593
mem[X,0x000000008000048E] -> 0x0395
[344] [M]: 0x000000008000048C (0x03959593) slli x11, x11, 0x39                      inst_60+4
x11 <- 0x0200000000000000

mem[X,0x0000000080000490] -> 0x852E
[345] [M]: 0x0000000080000490 (0x852E) c.mv x10, x11                                inst_60+8
x10 <- 0x0200000000000000

clint mtime 0x00000000000000AD (mip.MTI <- 0b1, mip.STI <- 0b0)
mem[X,0x0000000080000492] -> 0xFA2A
[346] [M]: 0x0000000080000492 (0xFA2A) c.sdsp x10, 0x130(x2)                        inst_60+10
mem[W,0x00000000800032F8] <- 0x0200000000000000

mem[X,0x0000000080000494] -> 0x0593
mem[X,0x0000000080000496] -> 0x0010
[347] [M]: 0x0000000080000494 (0x00100593) addi x11, x0, 0x1                        inst_61+0
x11 <- 0x0000000000000001

clint mtime 0x00000000000000AE (mip.MTI <- 0b1, mip.STI <- 0b0)
mem[X,0x0000000080000498] -> 0x9593
mem[X,0x000000008000049A] -> 0x03A5
[348] [M]: 0x0000000080000498 (0x03A59593) slli x11, x11, 0x3a                      inst_61+4
x11 <- 0x0400000000000000

mem[X,0x000000008000049C] -> 0x852E
[349] [M]: 0x000000008000049C (0x852E) c.mv x10, x11                                inst_61+8
x10 <- 0x0400000000000000

clint mtime 0x00000000000000AF (mip.MTI <- 0b1, mip.STI <- 0b0)
mem[X,0x000000008000049E] -> 0xFE2A
[350] [M]: 0x000000008000049E (0xFE2A) c.sdsp x10, 0x138(x2)                        inst_61+10
mem[W,0x0000000080003300] <- 0x0400000000000000

mem[X,0x00000000800004A0] -> 0x0593
mem[X,0x00000000800004A2] -> 0x0010
[351] [M]: 0x00000000800004A0 (0x00100593) addi x11, x0, 0x1                        inst_62+0
x11 <- 0x0000000000000001

clint mtime 0x00000000000000B0 (mip.MTI <- 0b1, mip.STI <- 0b0)
mem[X,0x00000000800004A4] -> 0x9593
mem[X,0x00000000800004A6] -> 0x03B5
[352] [M]: 0x00000000800004A4 (0x03B59593) slli x11, x11, 0x3b                      inst_62+4
x11 <- 0x0800000000000000

mem[X,0x00000000800004A8] -> 0x852E
[353] [M]: 0x00000000800004A8 (0x852E) c.mv x10, x11                                inst_62+8
x10 <- 0x0800000000000000

clint mtime 0x00000000000000B1 (mip.MTI <- 0b1, mip.STI <- 0b0)
mem[X,0x00000000800004AA] -> 0xE2AA
[354] [M]: 0x00000000800004AA (0xE2AA) c.sdsp x10, 0x140(x2)                        inst_62+10
mem[W,0x0000000080003308] <- 0x0800000000000000

mem[X,0x00000000800004AC] -> 0x0593
mem[X,0x00000000800004AE] -> 0x0010
[355] [M]: 0x00000000800004AC (0x00100593) addi x11, x0, 0x1                        inst_63+0
x11 <- 0x0000000000000001

clint mtime 0x00000000000000B2 (mip.MTI <- 0b1, mip.STI <- 0b0)
mem[X,0x00000000800004B0] -> 0x9593
mem[X,0x00000000800004B2] -> 0x03C5
[356] [M]: 0x00000000800004B0 (0x03C59593) slli x11, x11, 0x3c                      inst_63+4
x11 <- 0x1000000000000000

mem[X,0x00000000800004B4] -> 0x852E
[357] [M]: 0x00000000800004B4 (0x852E) c.mv x10, x11                                inst_63+8
x10 <- 0x1000000000000000

clint mtime 0x00000000000000B3 (mip.MTI <- 0b1, mip.STI <- 0b0)
mem[X,0x00000000800004B6] -> 0xE6AA
[358] [M]: 0x00000000800004B6 (0xE6AA) c.sdsp x10, 0x148(x2)                        inst_63+10
mem[W,0x0000000080003310] <- 0x1000000000000000

mem[X,0x00000000800004B8] -> 0x0593
mem[X,0x00000000800004BA] -> 0x0010
[359] [M]: 0x00000000800004B8 (0x00100593) addi x11, x0, 0x1                        inst_64+0
x11 <- 0x0000000000000001

clint mtime 0x00000000000000B4 (mip.MTI <- 0b1, mip.STI <- 0b0)
mem[X,0x00000000800004BC] -> 0x9593
mem[X,0x00000000800004BE] -> 0x03D5
[360] [M]: 0x00000000800004BC (0x03D59593) slli x11, x11, 0x3d                      inst_64+4
x11 <- 0x2000000000000000

mem[X,0x00000000800004C0] -> 0x852E
[361] [M]: 0x00000000800004C0 (0x852E) c.mv x10, x11                                inst_64+8
x10 <- 0x2000000000000000

clint mtime 0x00000000000000B5 (mip.MTI <- 0b1, mip.STI <- 0b0)
mem[X,0x00000000800004C2] -> 0xEAAA
[362] [M]: 0x00000000800004C2 (0xEAAA) c.sdsp x10, 0x150(x2)                        inst_64+10
mem[W,0x0000000080003318] <- 0x2000000000000000

mem[X,0x00000000800004C4] -> 0x0593
mem[X,0x00000000800004C6] -> 0x0010
[363] [M]: 0x00000000800004C4 (0x00100593) addi x11, x0, 0x1                        inst_65+0
x11 <- 0x0000000000000001

clint mtime 0x00000000000000B6 (mip.MTI <- 0b1, mip.STI <- 0b0)
mem[X,0x00000000800004C8] -> 0x9593
mem[X,0x00000000800004CA] -> 0x03E5
[364] [M]: 0x00000000800004C8 (0x03E59593) slli x11, x11, 0x3e                      inst_65+4
x11 <- 0x4000000000000000

mem[X,0x00000000800004CC] -> 0x852E
[365] [M]: 0x00000000800004CC (0x852E) c.mv x10, x11                                inst_65+8
x10 <- 0x4000000000000000

clint mtime 0x00000000000000B7 (mip.MTI <- 0b1, mip.STI <- 0b0)
mem[X,0x00000000800004CE] -> 0xEEAA
[366] [M]: 0x00000000800004CE (0xEEAA) c.sdsp x10, 0x158(x2)                        inst_65+10
mem[W,0x0000000080003320] <- 0x4000000000000000

mem[X,0x00000000800004D0] -> 0x0593
mem[X,0x00000000800004D2] -> 0xFFE0
[367] [M]: 0x00000000800004D0 (0xFFE00593) addi x11, x0, -0x2                       inst_66+0
x11 <- 0xFFFFFFFFFFFFFFFE

clint mtime 0x00000000000000B8 (mip.MTI <- 0b1, mip.STI <- 0b0)
mem[X,0x00000000800004D4] -> 0x852E
[368] [M]: 0x00000000800004D4 (0x852E) c.mv x10, x11                                inst_66+4
x10 <- 0xFFFFFFFFFFFFFFFE

mem[X,0x00000000800004D6] -> 0xF2AA
[369] [M]: 0x00000000800004D6 (0xF2AA) c.sdsp x10, 0x160(x2)                        inst_66+6
mem[W,0x0000000080003328] <- 0xFFFFFFFFFFFFFFFE

clint mtime 0x00000000000000B9 (mip.MTI <- 0b1, mip.STI <- 0b0)
mem[X,0x00000000800004D8] -> 0x0593
mem[X,0x00000000800004DA] -> 0xFFD0
[370] [M]: 0x00000000800004D8 (0xFFD00593) addi x11, x0, -0x3                       inst_67+0
x11 <- 0xFFFFFFFFFFFFFFFD

mem[X,0x00000000800004DC] -> 0x852E
[371] [M]: 0x00000000800004DC (0x852E) c.mv x10, x11                                inst_67+4
x10 <- 0xFFFFFFFFFFFFFFFD

clint mtime 0x00000000000000BA (mip.MTI <- 0b1, mip.STI <- 0b0)
mem[X,0x00000000800004DE] -> 0xF6AA
[372] [M]: 0x00000000800004DE (0xF6AA) c.sdsp x10, 0x168(x2)                        inst_67+6
mem[W,0x0000000080003330] <- 0xFFFFFFFFFFFFFFFD

mem[X,0x00000000800004E0] -> 0x0593
mem[X,0x00000000800004E2] -> 0xFFB0
[373] [M]: 0x00000000800004E0 (0xFFB00593) addi x11, x0, -0x5                       inst_68+0
x11 <- 0xFFFFFFFFFFFFFFFB

clint mtime 0x00000000000000BB (mip.MTI <- 0b1, mip.STI <- 0b0)
mem[X,0x00000000800004E4] -> 0x852E
[374] [M]: 0x00000000800004E4 (0x852E) c.mv x10, x11                                inst_68+4
x10 <- 0xFFFFFFFFFFFFFFFB

mem[X,0x00000000800004E6] -> 0xFAAA
[375] [M]: 0x00000000800004E6 (0xFAAA) c.sdsp x10, 0x170(x2)                        inst_68+6
mem[W,0x0000000080003338] <- 0xFFFFFFFFFFFFFFFB

clint mtime 0x00000000000000BC (mip.MTI <- 0b1, mip.STI <- 0b0)
mem[X,0x00000000800004E8] -> 0x0593
mem[X,0x00000000800004EA] -> 0xFF70
[376] [M]: 0x00000000800004E8 (0xFF700593) addi x11, x0, -0x9                       inst_69+0
x11 <- 0xFFFFFFFFFFFFFFF7

mem[X,0x00000000800004EC] -> 0x852E
[377] [M]: 0x00000000800004EC (0x852E) c.mv x10, x11                                inst_69+4
x10 <- 0xFFFFFFFFFFFFFFF7

clint mtime 0x00000000000000BD (mip.MTI <- 0b1, mip.STI <- 0b0)
mem[X,0x00000000800004EE] -> 0xFEAA
[378] [M]: 0x00000000800004EE (0xFEAA) c.sdsp x10, 0x178(x2)                        inst_69+6
mem[W,0x0000000080003340] <- 0xFFFFFFFFFFFFFFF7

mem[X,0x00000000800004F0] -> 0x0593
mem[X,0x00000000800004F2] -> 0xFEF0
[379] [M]: 0x00000000800004F0 (0xFEF00593) addi x11, x0, -0x11                      inst_70+0
x11 <- 0xFFFFFFFFFFFFFFEF

clint mtime 0x00000000000000BE (mip.MTI <- 0b1, mip.STI <- 0b0)
mem[X,0x00000000800004F4] -> 0x852E
[380] [M]: 0x00000000800004F4 (0x852E) c.mv x10, x11                                inst_70+4
x10 <- 0xFFFFFFFFFFFFFFEF

mem[X,0x00000000800004F6] -> 0xE32A
[381] [M]: 0x00000000800004F6 (0xE32A) c.sdsp x10, 0x180(x2)                        inst_70+6
mem[W,0x0000000080003348] <- 0xFFFFFFFFFFFFFFEF

clint mtime 0x00000000000000BF (mip.MTI <- 0b1, mip.STI <- 0b0)
mem[X,0x00000000800004F8] -> 0x0593
mem[X,0x00000000800004FA] -> 0xFDF0
[382] [M]: 0x00000000800004F8 (0xFDF00593) addi x11, x0, -0x21                      inst_71+0
x11 <- 0xFFFFFFFFFFFFFFDF

mem[X,0x00000000800004FC] -> 0x852E
[383] [M]: 0x00000000800004FC (0x852E) c.mv x10, x11                                inst_71+4
x10 <- 0xFFFFFFFFFFFFFFDF

clint mtime 0x00000000000000C0 (mip.MTI <- 0b1, mip.STI <- 0b0)
mem[X,0x00000000800004FE] -> 0xE72A
[384] [M]: 0x00000000800004FE (0xE72A) c.sdsp x10, 0x188(x2)                        inst_71+6
mem[W,0x0000000080003350] <- 0xFFFFFFFFFFFFFFDF

mem[X,0x0000000080000500] -> 0x0593
mem[X,0x0000000080000502] -> 0xFBF0
[385] [M]: 0x0000000080000500 (0xFBF00593) addi x11, x0, -0x41                      inst_72+0
x11 <- 0xFFFFFFFFFFFFFFBF

clint mtime 0x00000000000000C1 (mip.MTI <- 0b1, mip.STI <- 0b0)
mem[X,0x0000000080000504] -> 0x852E
[386] [M]: 0x0000000080000504 (0x852E) c.mv x10, x11                                inst_72+4
x10 <- 0xFFFFFFFFFFFFFFBF

mem[X,0x0000000080000506] -> 0xEB2A
[387] [M]: 0x0000000080000506 (0xEB2A) c.sdsp x10, 0x190(x2)                        inst_72+6
mem[W,0x0000000080003358] <- 0xFFFFFFFFFFFFFFBF

clint mtime 0x00000000000000C2 (mip.MTI <- 0b1, mip.STI <- 0b0)
mem[X,0x0000000080000508] -> 0x0593
mem[X,0x000000008000050A] -> 0xF7F0
[388] [M]: 0x0000000080000508 (0xF7F00593) addi x11, x0, -0x81                      inst_73+0
x11 <- 0xFFFFFFFFFFFFFF7F

mem[X,0x000000008000050C] -> 0x852E
[389] [M]: 0x000000008000050C (0x852E) c.mv x10, x11                                inst_73+4
x10 <- 0xFFFFFFFFFFFFFF7F

clint mtime 0x00000000000000C3 (mip.MTI <- 0b1, mip.STI <- 0b0)
mem[X,0x000000008000050E] -> 0xEF2A
[390] [M]: 0x000000008000050E (0xEF2A) c.sdsp x10, 0x198(x2)                        inst_73+6
mem[W,0x0000000080003360] <- 0xFFFFFFFFFFFFFF7F

mem[X,0x0000000080000510] -> 0x0593
mem[X,0x0000000080000512] -> 0xEFF0
[391] [M]: 0x0000000080000510 (0xEFF00593) addi x11, x0, -0x101                     inst_74+0
x11 <- 0xFFFFFFFFFFFFFEFF

clint mtime 0x00000000000000C4 (mip.MTI <- 0b1, mip.STI <- 0b0)
mem[X,0x0000000080000514] -> 0x852E
[392] [M]: 0x0000000080000514 (0x852E) c.mv x10, x11                                inst_74+4
x10 <- 0xFFFFFFFFFFFFFEFF

mem[X,0x0000000080000516] -> 0xF32A
[393] [M]: 0x0000000080000516 (0xF32A) c.sdsp x10, 0x1a0(x2)                        inst_74+6
mem[W,0x0000000080003368] <- 0xFFFFFFFFFFFFFEFF

clint mtime 0x00000000000000C5 (mip.MTI <- 0b1, mip.STI <- 0b0)
mem[X,0x0000000080000518] -> 0x0593
mem[X,0x000000008000051A] -> 0xDFF0
[394] [M]: 0x0000000080000518 (0xDFF00593) addi x11, x0, -0x201                     inst_75+0
x11 <- 0xFFFFFFFFFFFFFDFF

mem[X,0x000000008000051C] -> 0x852E
[395] [M]: 0x000000008000051C (0x852E) c.mv x10, x11                                inst_75+4
x10 <- 0xFFFFFFFFFFFFFDFF

clint mtime 0x00000000000000C6 (mip.MTI <- 0b1, mip.STI <- 0b0)
mem[X,0x000000008000051E] -> 0xF72A
[396] [M]: 0x000000008000051E (0xF72A) c.sdsp x10, 0x1a8(x2)                        inst_75+6
mem[W,0x0000000080003370] <- 0xFFFFFFFFFFFFFDFF

mem[X,0x0000000080000520] -> 0x0593
mem[X,0x0000000080000522] -> 0xBFF0
[397] [M]: 0x0000000080000520 (0xBFF00593) addi x11, x0, -0x401                     inst_76+0
x11 <- 0xFFFFFFFFFFFFFBFF

clint mtime 0x00000000000000C7 (mip.MTI <- 0b1, mip.STI <- 0b0)
mem[X,0x0000000080000524] -> 0x852E
[398] [M]: 0x0000000080000524 (0x852E) c.mv x10, x11                                inst_76+4
x10 <- 0xFFFFFFFFFFFFFBFF

mem[X,0x0000000080000526] -> 0xFB2A
[399] [M]: 0x0000000080000526 (0xFB2A) c.sdsp x10, 0x1b0(x2)                        inst_76+6
mem[W,0x0000000080003378] <- 0xFFFFFFFFFFFFFBFF

clint mtime 0x00000000000000C8 (mip.MTI <- 0b1, mip.STI <- 0b0)
mem[X,0x0000000080000528] -> 0x0593
mem[X,0x000000008000052A] -> 0x0010
[400] [M]: 0x0000000080000528 (0x00100593) addi x11, x0, 0x1                        inst_77+0
x11 <- 0x0000000000000001

mem[X,0x000000008000052C] -> 0x9593
mem[X,0x000000008000052E] -> 0x00B5
[401] [M]: 0x000000008000052C (0x00B59593) slli x11, x11, 0xb                       inst_77+4
x11 <- 0x0000000000000800

clint mtime 0x00000000000000C9 (mip.MTI <- 0b1, mip.STI <- 0b0)
mem[X,0x0000000080000530] -> 0xC593
mem[X,0x0000000080000532] -> 0xFFF5
[402] [M]: 0x0000000080000530 (0xFFF5C593) xori x11, x11, -0x1                      inst_77+8
x11 <- 0xFFFFFFFFFFFFF7FF

mem[X,0x0000000080000534] -> 0x852E
[403] [M]: 0x0000000080000534 (0x852E) c.mv x10, x11                                inst_77+12
x10 <- 0xFFFFFFFFFFFFF7FF

clint mtime 0x00000000000000CA (mip.MTI <- 0b1, mip.STI <- 0b0)
mem[X,0x0000000080000536] -> 0xFF2A
[404] [M]: 0x0000000080000536 (0xFF2A) c.sdsp x10, 0x1b8(x2)                        inst_77+14
mem[W,0x0000000080003380] <- 0xFFFFFFFFFFFFF7FF

mem[X,0x0000000080000538] -> 0x0593
mem[X,0x000000008000053A] -> 0x0010
[405] [M]: 0x0000000080000538 (0x00100593) addi x11, x0, 0x1                        inst_78+0
x11 <- 0x0000000000000001

clint mtime 0x00000000000000CB (mip.MTI <- 0b1, mip.STI <- 0b0)
mem[X,0x000000008000053C] -> 0x9593
mem[X,0x000000008000053E] -> 0x00C5
[406] [M]: 0x000000008000053C (0x00C59593) slli x11, x11, 0xc                       inst_78+4
x11 <- 0x0000000000001000

mem[X,0x0000000080000540] -> 0xC593
mem[X,0x0000000080000542] -> 0xFFF5
[407] [M]: 0x0000000080000540 (0xFFF5C593) xori x11, x11, -0x1                      inst_78+8
x11 <- 0xFFFFFFFFFFFFEFFF

clint mtime 0x00000000000000CC (mip.MTI <- 0b1, mip.STI <- 0b0)
mem[X,0x0000000080000544] -> 0x852E
[408] [M]: 0x0000000080000544 (0x852E) c.mv x10, x11                                inst_78+12
x10 <- 0xFFFFFFFFFFFFEFFF

mem[X,0x0000000080000546] -> 0xE3AA
[409] [M]: 0x0000000080000546 (0xE3AA) c.sdsp x10, 0x1c0(x2)                        inst_78+14
mem[W,0x0000000080003388] <- 0xFFFFFFFFFFFFEFFF

clint mtime 0x00000000000000CD (mip.MTI <- 0b1, mip.STI <- 0b0)
mem[X,0x0000000080000548] -> 0x0593
mem[X,0x000000008000054A] -> 0x0010
[410] [M]: 0x0000000080000548 (0x00100593) addi x11, x0, 0x1                        inst_79+0
x11 <- 0x0000000000000001

mem[X,0x000000008000054C] -> 0x9593
mem[X,0x000000008000054E] -> 0x00D5
[411] [M]: 0x000000008000054C (0x00D59593) slli x11, x11, 0xd                       inst_79+4
x11 <- 0x0000000000002000

clint mtime 0x00000000000000CE (mip.MTI <- 0b1, mip.STI <- 0b0)
mem[X,0x0000000080000550] -> 0xC593
mem[X,0x0000000080000552] -> 0xFFF5
[412] [M]: 0x0000000080000550 (0xFFF5C593) xori x11, x11, -0x1                      inst_79+8
x11 <- 0xFFFFFFFFFFFFDFFF

mem[X,0x0000000080000554] -> 0x852E
[413] [M]: 0x0000000080000554 (0x852E) c.mv x10, x11                                inst_79+12
x10 <- 0xFFFFFFFFFFFFDFFF

clint mtime 0x00000000000000CF (mip.MTI <- 0b1, mip.STI <- 0b0)
mem[X,0x0000000080000556] -> 0xE7AA
[414] [M]: 0x0000000080000556 (0xE7AA) c.sdsp x10, 0x1c8(x2)                        inst_79+14
mem[W,0x0000000080003390] <- 0xFFFFFFFFFFFFDFFF

mem[X,0x0000000080000558] -> 0x0593
mem[X,0x000000008000055A] -> 0x0010
[415] [M]: 0x0000000080000558 (0x00100593) addi x11, x0, 0x1                        inst_80+0
x11 <- 0x0000000000000001

clint mtime 0x00000000000000D0 (mip.MTI <- 0b1, mip.STI <- 0b0)
mem[X,0x000000008000055C] -> 0x9593
mem[X,0x000000008000055E] -> 0x00E5
[416] [M]: 0x000000008000055C (0x00E59593) slli x11, x11, 0xe                       inst_80+4
x11 <- 0x0000000000004000

mem[X,0x0000000080000560] -> 0xC593
mem[X,0x0000000080000562] -> 0xFFF5
[417] [M]: 0x0000000080000560 (0xFFF5C593) xori x11, x11, -0x1                      inst_80+8
x11 <- 0xFFFFFFFFFFFFBFFF

clint mtime 0x00000000000000D1 (mip.MTI <- 0b1, mip.STI <- 0b0)
mem[X,0x0000000080000564] -> 0x852E
[418] [M]: 0x0000000080000564 (0x852E) c.mv x10, x11                                inst_80+12
x10 <- 0xFFFFFFFFFFFFBFFF

mem[X,0x0000000080000566] -> 0xEBAA
[419] [M]: 0x0000000080000566 (0xEBAA) c.sdsp x10, 0x1d0(x2)                        inst_80+14
mem[W,0x0000000080003398] <- 0xFFFFFFFFFFFFBFFF

clint mtime 0x00000000000000D2 (mip.MTI <- 0b1, mip.STI <- 0b0)
mem[X,0x0000000080000568] -> 0x0593
mem[X,0x000000008000056A] -> 0x0010
[420] [M]: 0x0000000080000568 (0x00100593) addi x11, x0, 0x1                        inst_81+0
x11 <- 0x0000000000000001

mem[X,0x000000008000056C] -> 0x9593
mem[X,0x000000008000056E] -> 0x00F5
[421] [M]: 0x000000008000056C (0x00F59593) slli x11, x11, 0xf                       inst_81+4
x11 <- 0x0000000000008000

clint mtime 0x00000000000000D3 (mip.MTI <- 0b1, mip.STI <- 0b0)
mem[X,0x0000000080000570] -> 0xC593
mem[X,0x0000000080000572] -> 0xFFF5
[422] [M]: 0x0000000080000570 (0xFFF5C593) xori x11, x11, -0x1                      inst_81+8
x11 <- 0xFFFFFFFFFFFF7FFF

mem[X,0x0000000080000574] -> 0x852E
[423] [M]: 0x0000000080000574 (0x852E) c.mv x10, x11                                inst_81+12
x10 <- 0xFFFFFFFFFFFF7FFF

clint mtime 0x00000000000000D4 (mip.MTI <- 0b1, mip.STI <- 0b0)
mem[X,0x0000000080000576] -> 0xEFAA
[424] [M]: 0x0000000080000576 (0xEFAA) c.sdsp x10, 0x1d8(x2)                        inst_81+14
mem[W,0x00000000800033A0] <- 0xFFFFFFFFFFFF7FFF

mem[X,0x0000000080000578] -> 0x0593
mem[X,0x000000008000057A] -> 0x0010
[425] [M]: 0x0000000080000578 (0x00100593) addi x11, x0, 0x1                        inst_82+0
x11 <- 0x0000000000000001

clint mtime 0x00000000000000D5 (mip.MTI <- 0b1, mip.STI <- 0b0)
mem[X,0x000000008000057C] -> 0x9593
mem[X,0x000000008000057E] -> 0x0105
[426] [M]: 0x000000008000057C (0x01059593) slli x11, x11, 0x10                      inst_82+4
x11 <- 0x0000000000010000

mem[X,0x0000000080000580] -> 0xC593
mem[X,0x0000000080000582] -> 0xFFF5
[427] [M]: 0x0000000080000580 (0xFFF5C593) xori x11, x11, -0x1                      inst_82+8
x11 <- 0xFFFFFFFFFFFEFFFF

clint mtime 0x00000000000000D6 (mip.MTI <- 0b1, mip.STI <- 0b0)
mem[X,0x0000000080000584] -> 0x852E
[428] [M]: 0x0000000080000584 (0x852E) c.mv x10, x11                                inst_82+12
x10 <- 0xFFFFFFFFFFFEFFFF

mem[X,0x0000000080000586] -> 0xF3AA
[429] [M]: 0x0000000080000586 (0xF3AA) c.sdsp x10, 0x1e0(x2)                        inst_82+14
mem[W,0x00000000800033A8] <- 0xFFFFFFFFFFFEFFFF

clint mtime 0x00000000000000D7 (mip.MTI <- 0b1, mip.STI <- 0b0)
mem[X,0x0000000080000588] -> 0x0593
mem[X,0x000000008000058A] -> 0x0010
[430] [M]: 0x0000000080000588 (0x00100593) addi x11, x0, 0x1                        inst_83+0
x11 <- 0x0000000000000001

mem[X,0x000000008000058C] -> 0x9593
mem[X,0x000000008000058E] -> 0x0115
[431] [M]: 0x000000008000058C (0x01159593) slli x11, x11, 0x11                      inst_83+4
x11 <- 0x0000000000020000

clint mtime 0x00000000000000D8 (mip.MTI <- 0b1, mip.STI <- 0b0)
mem[X,0x0000000080000590] -> 0xC593
mem[X,0x0000000080000592] -> 0xFFF5
[432] [M]: 0x0000000080000590 (0xFFF5C593) xori x11, x11, -0x1                      inst_83+8
x11 <- 0xFFFFFFFFFFFDFFFF

mem[X,0x0000000080000594] -> 0x852E
[433] [M]: 0x0000000080000594 (0x852E) c.mv x10, x11                                inst_83+12
x10 <- 0xFFFFFFFFFFFDFFFF

clint mtime 0x00000000000000D9 (mip.MTI <- 0b1, mip.STI <- 0b0)
mem[X,0x0000000080000596] -> 0xF7AA
[434] [M]: 0x0000000080000596 (0xF7AA) c.sdsp x10, 0x1e8(x2)                        inst_83+14
mem[W,0x00000000800033B0] <- 0xFFFFFFFFFFFDFFFF

mem[X,0x0000000080000598] -> 0x0593
mem[X,0x000000008000059A] -> 0x0010
[435] [M]: 0x0000000080000598 (0x00100593) addi x11, x0, 0x1                        inst_84+0
x11 <- 0x0000000000000001

clint mtime 0x00000000000000DA (mip.MTI <- 0b1, mip.STI <- 0b0)
mem[X,0x000000008000059C] -> 0x9593
mem[X,0x000000008000059E] -> 0x0125
[436] [M]: 0x000000008000059C (0x01259593) slli x11, x11, 0x12                      inst_84+4
x11 <- 0x0000000000040000

mem[X,0x00000000800005A0] -> 0xC593
mem[X,0x00000000800005A2] -> 0xFFF5
[437] [M]: 0x00000000800005A0 (0xFFF5C593) xori x11, x11, -0x1                      inst_84+8
x11 <- 0xFFFFFFFFFFFBFFFF

clint mtime 0x00000000000000DB (mip.MTI <- 0b1, mip.STI <- 0b0)
mem[X,0x00000000800005A4] -> 0x852E
[438] [M]: 0x00000000800005A4 (0x852E) c.mv x10, x11                                inst_84+12
x10 <- 0xFFFFFFFFFFFBFFFF

mem[X,0x00000000800005A6] -> 0xFBAA
[439] [M]: 0x00000000800005A6 (0xFBAA) c.sdsp x10, 0x1f0(x2)                        inst_84+14
mem[W,0x00000000800033B8] <- 0xFFFFFFFFFFFBFFFF

clint mtime 0x00000000000000DC (mip.MTI <- 0b1, mip.STI <- 0b0)
mem[X,0x00000000800005A8] -> 0x0593
mem[X,0x00000000800005AA] -> 0x0010
[440] [M]: 0x00000000800005A8 (0x00100593) addi x11, x0, 0x1                        inst_85+0
x11 <- 0x0000000000000001

mem[X,0x00000000800005AC] -> 0x9593
mem[X,0x00000000800005AE] -> 0x0135
[441] [M]: 0x00000000800005AC (0x01359593) slli x11, x11, 0x13                      inst_85+4
x11 <- 0x0000000000080000

clint mtime 0x00000000000000DD (mip.MTI <- 0b1, mip.STI <- 0b0)
mem[X,0x00000000800005B0] -> 0xC593
mem[X,0x00000000800005B2] -> 0xFFF5
[442] [M]: 0x00000000800005B0 (0xFFF5C593) xori x11, x11, -0x1                      inst_85+8
x11 <- 0xFFFFFFFFFFF7FFFF

mem[X,0x00000000800005B4] -> 0x852E
[443] [M]: 0x00000000800005B4 (0x852E) c.mv x10, x11                                inst_85+12
x10 <- 0xFFFFFFFFFFF7FFFF

clint mtime 0x00000000000000DE (mip.MTI <- 0b1, mip.STI <- 0b0)
mem[X,0x00000000800005B6] -> 0xFFAA
[444] [M]: 0x00000000800005B6 (0xFFAA) c.sdsp x10, 0x1f8(x2)                        inst_85+14
mem[W,0x00000000800033C0] <- 0xFFFFFFFFFFF7FFFF

mem[X,0x00000000800005B8] -> 0x0593
mem[X,0x00000000800005BA] -> 0x0010
[445] [M]: 0x00000000800005B8 (0x00100593) addi x11, x0, 0x1                        inst_86+0
x11 <- 0x0000000000000001

clint mtime 0x00000000000000DF (mip.MTI <- 0b1, mip.STI <- 0b0)
mem[X,0x00000000800005BC] -> 0x9593
mem[X,0x00000000800005BE] -> 0x0145
[446] [M]: 0x00000000800005BC (0x01459593) slli x11, x11, 0x14                      inst_86+4
x11 <- 0x0000000000100000

mem[X,0x00000000800005C0] -> 0xC593
mem[X,0x00000000800005C2] -> 0xFFF5
[447] [M]: 0x00000000800005C0 (0xFFF5C593) xori x11, x11, -0x1                      inst_86+8
x11 <- 0xFFFFFFFFFFEFFFFF

clint mtime 0x00000000000000E0 (mip.MTI <- 0b1, mip.STI <- 0b0)
mem[X,0x00000000800005C4] -> 0x852E
[448] [M]: 0x00000000800005C4 (0x852E) c.mv x10, x11                                inst_86+12
x10 <- 0xFFFFFFFFFFEFFFFF

mem[X,0x00000000800005C6] -> 0x3023
mem[X,0x00000000800005C8] -> 0x20A1
[449] [M]: 0x00000000800005C6 (0x20A13023) sd x10, 0x200(x2)                        inst_86+14
mem[W,0x00000000800033C8] <- 0xFFFFFFFFFFEFFFFF

clint mtime 0x00000000000000E1 (mip.MTI <- 0b1, mip.STI <- 0b0)
mem[X,0x00000000800005CA] -> 0x0593
mem[X,0x00000000800005CC] -> 0x0010
[450] [M]: 0x00000000800005CA (0x00100593) addi x11, x0, 0x1                        inst_87+0
x11 <- 0x0000000000000001

mem[X,0x00000000800005CE] -> 0x9593
mem[X,0x00000000800005D0] -> 0x03D5
[451] [M]: 0x00000000800005CE (0x03D59593) slli x11, x11, 0x3d                      inst_87+4
x11 <- 0x2000000000000000

clint mtime 0x00000000000000E2 (mip.MTI <- 0b1, mip.STI <- 0b0)
mem[X,0x00000000800005D2] -> 0xC593
mem[X,0x00000000800005D4] -> 0xFFF5
[452] [M]: 0x00000000800005D2 (0xFFF5C593) xori x11, x11, -0x1                      inst_87+8
x11 <- 0xDFFFFFFFFFFFFFFF

mem[X,0x00000000800005D6] -> 0x852E
[453] [M]: 0x00000000800005D6 (0x852E) c.mv x10, x11                                inst_87+12
x10 <- 0xDFFFFFFFFFFFFFFF

clint mtime 0x00000000000000E3 (mip.MTI <- 0b1, mip.STI <- 0b0)
mem[X,0x00000000800005D8] -> 0x3423
mem[X,0x00000000800005DA] -> 0x20A1
[454] [M]: 0x00000000800005D8 (0x20A13423) sd x10, 0x208(x2)                        inst_87+14
mem[W,0x00000000800033D0] <- 0xDFFFFFFFFFFFFFFF

mem[X,0x00000000800005DC] -> 0x0593
mem[X,0x00000000800005DE] -> 0x0010
[455] [M]: 0x00000000800005DC (0x00100593) addi x11, x0, 0x1                        inst_88+0
x11 <- 0x0000000000000001

clint mtime 0x00000000000000E4 (mip.MTI <- 0b1, mip.STI <- 0b0)
mem[X,0x00000000800005E0] -> 0x9593
mem[X,0x00000000800005E2] -> 0x03E5
[456] [M]: 0x00000000800005E0 (0x03E59593) slli x11, x11, 0x3e                      inst_88+4
x11 <- 0x4000000000000000

mem[X,0x00000000800005E4] -> 0xC593
mem[X,0x00000000800005E6] -> 0xFFF5
[457] [M]: 0x00000000800005E4 (0xFFF5C593) xori x11, x11, -0x1                      inst_88+8
x11 <- 0xBFFFFFFFFFFFFFFF

clint mtime 0x00000000000000E5 (mip.MTI <- 0b1, mip.STI <- 0b0)
mem[X,0x00000000800005E8] -> 0x852E
[458] [M]: 0x00000000800005E8 (0x852E) c.mv x10, x11                                inst_88+12
x10 <- 0xBFFFFFFFFFFFFFFF

mem[X,0x00000000800005EA] -> 0x3823
mem[X,0x00000000800005EC] -> 0x20A1
[459] [M]: 0x00000000800005EA (0x20A13823) sd x10, 0x210(x2)                        inst_88+14
mem[W,0x00000000800033D8] <- 0xBFFFFFFFFFFFFFFF

clint mtime 0x00000000000000E6 (mip.MTI <- 0b1, mip.STI <- 0b0)
mem[X,0x00000000800005EE] -> 0x55B7
mem[X,0x00000000800005F0] -> 0x5555
[460] [M]: 0x00000000800005EE (0x555555B7) lui x11, 0x55555                         inst_89+0
x11 <- 0x0000000055555000

mem[X,0x00000000800005F2] -> 0x8593
mem[X,0x00000000800005F4] -> 0x5555
[461] [M]: 0x00000000800005F2 (0x55558593) addi x11, x11, 0x555                     inst_89+4
x11 <- 0x0000000055555555

clint mtime 0x00000000000000E7 (mip.MTI <- 0b1, mip.STI <- 0b0)
mem[X,0x00000000800005F6] -> 0x9593
mem[X,0x00000000800005F8] -> 0x00B5
[462] [M]: 0x00000000800005F6 (0x00B59593) slli x11, x11, 0xb                       inst_89+8
x11 <- 0x000002AAAAAAA800

mem[X,0x00000000800005FA] -> 0x8593
mem[X,0x00000000800005FC] -> 0x2AA5
[463] [M]: 0x00000000800005FA (0x2AA58593) addi x11, x11, 0x2aa                     inst_89+12
x11 <- 0x000002AAAAAAAAAA

clint mtime 0x00000000000000E8 (mip.MTI <- 0b1, mip.STI <- 0b0)
mem[X,0x00000000800005FE] -> 0x9593
mem[X,0x0000000080000600] -> 0x00B5
[464] [M]: 0x00000000800005FE (0x00B59593) slli x11, x11, 0xb                       inst_89+16
x11 <- 0x0015555555555000

mem[X,0x0000000080000602] -> 0x8593
mem[X,0x0000000080000604] -> 0x5555
[465] [M]: 0x0000000080000602 (0x55558593) addi x11, x11, 0x555                     inst_89+20
x11 <- 0x0015555555555555

clint mtime 0x00000000000000E9 (mip.MTI <- 0b1, mip.STI <- 0b0)
mem[X,0x0000000080000606] -> 0x9593
mem[X,0x0000000080000608] -> 0x00A5
[466] [M]: 0x0000000080000606 (0x00A59593) slli x11, x11, 0xa                       inst_89+24
x11 <- 0x5555555555555400

mem[X,0x000000008000060A] -> 0x8593
mem[X,0x000000008000060C] -> 0x1555
[467] [M]: 0x000000008000060A (0x15558593) addi x11, x11, 0x155                     inst_89+28
x11 <- 0x5555555555555555

clint mtime 0x00000000000000EA (mip.MTI <- 0b1, mip.STI <- 0b0)
mem[X,0x000000008000060E] -> 0x852E
[468] [M]: 0x000000008000060E (0x852E) c.mv x10, x11                                inst_89+32
x10 <- 0x5555555555555555

mem[X,0x0000000080000610] -> 0x3C23
mem[X,0x0000000080000612] -> 0x20A1
[469] [M]: 0x0000000080000610 (0x20A13C23) sd x10, 0x218(x2)                        inst_89+34
mem[W,0x00000000800033E0] <- 0x5555555555555555

clint mtime 0x00000000000000EB (mip.MTI <- 0b1, mip.STI <- 0b0)
mem[X,0x0000000080000614] -> 0xB5B7
mem[X,0x0000000080000616] -> 0xAAAA
[470] [M]: 0x0000000080000614 (0xAAAAB5B7) lui x11, -0x55555                        inst_90+0
x11 <- 0xFFFFFFFFAAAAB000

mem[X,0x0000000080000618] -> 0x8593
mem[X,0x000000008000061A] -> 0xAAA5
[471] [M]: 0x0000000080000618 (0xAAA58593) addi x11, x11, -0x556                    inst_90+4
x11 <- 0xFFFFFFFFAAAAAAAA

clint mtime 0x00000000000000EC (mip.MTI <- 0b1, mip.STI <- 0b0)
mem[X,0x000000008000061C] -> 0x9593
mem[X,0x000000008000061E] -> 0x00B5
[472] [M]: 0x000000008000061C (0x00B59593) slli x11, x11, 0xb                       inst_90+8
x11 <- 0xFFFFFD5555555000

mem[X,0x0000000080000620] -> 0x8593
mem[X,0x0000000080000622] -> 0x5555
[473] [M]: 0x0000000080000620 (0x55558593) addi x11, x11, 0x555                     inst_90+12
x11 <- 0xFFFFFD5555555555

clint mtime 0x00000000000000ED (mip.MTI <- 0b1, mip.STI <- 0b0)
mem[X,0x0000000080000624] -> 0x9593
mem[X,0x0000000080000626] -> 0x00B5
[474] [M]: 0x0000000080000624 (0x00B59593) slli x11, x11, 0xb                       inst_90+16
x11 <- 0xFFEAAAAAAAAAA800

mem[X,0x0000000080000628] -> 0x8593
mem[X,0x000000008000062A] -> 0x2AA5
[475] [M]: 0x0000000080000628 (0x2AA58593) addi x11, x11, 0x2aa                     inst_90+20
x11 <- 0xFFEAAAAAAAAAAAAA

clint mtime 0x00000000000000EE (mip.MTI <- 0b1, mip.STI <- 0b0)
mem[X,0x000000008000062C] -> 0x9593
mem[X,0x000000008000062E] -> 0x00A5
[476] [M]: 0x000000008000062C (0x00A59593) slli x11, x11, 0xa                       inst_90+24
x11 <- 0xAAAAAAAAAAAAA800

mem[X,0x0000000080000630] -> 0x8593
mem[X,0x0000000080000632] -> 0x2AA5
[477] [M]: 0x0000000080000630 (0x2AA58593) addi x11, x11, 0x2aa                     inst_90+28
x11 <- 0xAAAAAAAAAAAAAAAA

clint mtime 0x00000000000000EF (mip.MTI <- 0b1, mip.STI <- 0b0)
mem[X,0x0000000080000634] -> 0x852E
[478] [M]: 0x0000000080000634 (0x852E) c.mv x10, x11                                inst_90+32
x10 <- 0xAAAAAAAAAAAAAAAA

mem[X,0x0000000080000636] -> 0x3023
mem[X,0x0000000080000638] -> 0x22A1
[479] [M]: 0x0000000080000636 (0x22A13023) sd x10, 0x220(x2)                        inst_90+34
mem[W,0x00000000800033E8] <- 0xAAAAAAAAAAAAAAAA

clint mtime 0x00000000000000F0 (mip.MTI <- 0b1, mip.STI <- 0b0)
mem[X,0x000000008000063A] -> 0x0593
mem[X,0x000000008000063C] -> 0x0030
[480] [M]: 0x000000008000063A (0x00300593) addi x11, x0, 0x3                        inst_91+0
x11 <- 0x0000000000000003

mem[X,0x000000008000063E] -> 0x852E
[481] [M]: 0x000000008000063E (0x852E) c.mv x10, x11                                inst_91+4
x10 <- 0x0000000000000003

clint mtime 0x00000000000000F1 (mip.MTI <- 0b1, mip.STI <- 0b0)
mem[X,0x0000000080000640] -> 0x3423
mem[X,0x0000000080000642] -> 0x22A1
[482] [M]: 0x0000000080000640 (0x22A13423) sd x10, 0x228(x2)                        inst_91+6
mem[W,0x00000000800033F0] <- 0x0000000000000003

mem[X,0x0000000080000644] -> 0x0593
mem[X,0x0000000080000646] -> 0x0050
[483] [M]: 0x0000000080000644 (0x00500593) addi x11, x0, 0x5                        inst_92+0
x11 <- 0x0000000000000005

clint mtime 0x00000000000000F2 (mip.MTI <- 0b1, mip.STI <- 0b0)
mem[X,0x0000000080000648] -> 0x852E
[484] [M]: 0x0000000080000648 (0x852E) c.mv x10, x11                                inst_92+4
x10 <- 0x0000000000000005

mem[X,0x000000008000064A] -> 0x3823
mem[X,0x000000008000064C] -> 0x22A1
[485] [M]: 0x000000008000064A (0x22A13823) sd x10, 0x230(x2)                        inst_92+6
mem[W,0x00000000800033F8] <- 0x0000000000000005

clint mtime 0x00000000000000F3 (mip.MTI <- 0b1, mip.STI <- 0b0)
mem[X,0x000000008000064E] -> 0x35B7
mem[X,0x0000000080000650] -> 0x3333
[486] [M]: 0x000000008000064E (0x333335B7) lui x11, 0x33333                         inst_93+0
x11 <- 0x0000000033333000

mem[X,0x0000000080000652] -> 0x8593
mem[X,0x0000000080000654] -> 0x3335
[487] [M]: 0x0000000080000652 (0x33358593) addi x11, x11, 0x333                     inst_93+4
x11 <- 0x0000000033333333

clint mtime 0x00000000000000F4 (mip.MTI <- 0b1, mip.STI <- 0b0)
mem[X,0x0000000080000656] -> 0x9593
mem[X,0x0000000080000658] -> 0x00B5
[488] [M]: 0x0000000080000656 (0x00B59593) slli x11, x11, 0xb                       inst_93+8
x11 <- 0x0000019999999800

mem[X,0x000000008000065A] -> 0x8593
mem[X,0x000000008000065C] -> 0x1995
[489] [M]: 0x000000008000065A (0x19958593) addi x11, x11, 0x199                     inst_93+12
x11 <- 0x0000019999999999

clint mtime 0x00000000000000F5 (mip.MTI <- 0b1, mip.STI <- 0b0)
mem[X,0x000000008000065E] -> 0x9593
mem[X,0x0000000080000660] -> 0x00B5
[490] [M]: 0x000000008000065E (0x00B59593) slli x11, x11, 0xb                       inst_93+16
x11 <- 0x000CCCCCCCCCC800

mem[X,0x0000000080000662] -> 0x8593
mem[X,0x0000000080000664] -> 0x4CC5
[491] [M]: 0x0000000080000662 (0x4CC58593) addi x11, x11, 0x4cc                     inst_93+20
x11 <- 0x000CCCCCCCCCCCCC

clint mtime 0x00000000000000F6 (mip.MTI <- 0b1, mip.STI <- 0b0)
mem[X,0x0000000080000666] -> 0x9593
mem[X,0x0000000080000668] -> 0x00A5
[492] [M]: 0x0000000080000666 (0x00A59593) slli x11, x11, 0xa                       inst_93+24
x11 <- 0x3333333333333000

mem[X,0x000000008000066A] -> 0x8593
mem[X,0x000000008000066C] -> 0x3335
[493] [M]: 0x000000008000066A (0x33358593) addi x11, x11, 0x333                     inst_93+28
x11 <- 0x3333333333333333

clint mtime 0x00000000000000F7 (mip.MTI <- 0b1, mip.STI <- 0b0)
mem[X,0x000000008000066E] -> 0x852E
[494] [M]: 0x000000008000066E (0x852E) c.mv x10, x11                                inst_93+32
x10 <- 0x3333333333333333

mem[X,0x0000000080000670] -> 0x3C23
mem[X,0x0000000080000672] -> 0x22A1
[495] [M]: 0x0000000080000670 (0x22A13C23) sd x10, 0x238(x2)                        inst_93+34
mem[W,0x0000000080003400] <- 0x3333333333333333

clint mtime 0x00000000000000F8 (mip.MTI <- 0b1, mip.STI <- 0b0)
mem[X,0x0000000080000674] -> 0x65B7
mem[X,0x0000000080000676] -> 0x6666
[496] [M]: 0x0000000080000674 (0x666665B7) lui x11, 0x66666                         inst_94+0
x11 <- 0x0000000066666000

mem[X,0x0000000080000678] -> 0x8593
mem[X,0x000000008000067A] -> 0x6665
[497] [M]: 0x0000000080000678 (0x66658593) addi x11, x11, 0x666                     inst_94+4
x11 <- 0x0000000066666666

clint mtime 0x00000000000000F9 (mip.MTI <- 0b1, mip.STI <- 0b0)
mem[X,0x000000008000067C] -> 0x9593
mem[X,0x000000008000067E] -> 0x00B5
[498] [M]: 0x000000008000067C (0x00B59593) slli x11, x11, 0xb                       inst_94+8
x11 <- 0x0000033333333000

mem[X,0x0000000080000680] -> 0x8593
mem[X,0x0000000080000682] -> 0x3335
[499] [M]: 0x0000000080000680 (0x33358593) addi x11, x11, 0x333                     inst_94+12
x11 <- 0x0000033333333333

clint mtime 0x00000000000000FA (mip.MTI <- 0b1, mip.STI <- 0b0)
mem[X,0x0000000080000684] -> 0x9593
mem[X,0x0000000080000686] -> 0x00B5
[500] [M]: 0x0000000080000684 (0x00B59593) slli x11, x11, 0xb                       inst_94+16
x11 <- 0x0019999999999800

mem[X,0x0000000080000688] -> 0x8593
mem[X,0x000000008000068A] -> 0x1995
[501] [M]: 0x0000000080000688 (0x19958593) addi x11, x11, 0x199                     inst_94+20
x11 <- 0x0019999999999999

clint mtime 0x00000000000000FB (mip.MTI <- 0b1, mip.STI <- 0b0)
mem[X,0x000000008000068C] -> 0x9593
mem[X,0x000000008000068E] -> 0x00A5
[502] [M]: 0x000000008000068C (0x00A59593) slli x11, x11, 0xa                       inst_94+24
x11 <- 0x6666666666666400

mem[X,0x0000000080000690] -> 0x8593
mem[X,0x0000000080000692] -> 0x2665
[503] [M]: 0x0000000080000690 (0x26658593) addi x11, x11, 0x266                     inst_94+28
x11 <- 0x6666666666666666

clint mtime 0x00000000000000FC (mip.MTI <- 0b1, mip.STI <- 0b0)
mem[X,0x0000000080000694] -> 0x852E
[504] [M]: 0x0000000080000694 (0x852E) c.mv x10, x11                                inst_94+32
x10 <- 0x6666666666666666

mem[X,0x0000000080000696] -> 0x3023
mem[X,0x0000000080000698] -> 0x24A1
[505] [M]: 0x0000000080000696 (0x24A13023) sd x10, 0x240(x2)                        inst_94+34
mem[W,0x0000000080003408] <- 0x6666666666666666

clint mtime 0x00000000000000FD (mip.MTI <- 0b1, mip.STI <- 0b0)
mem[X,0x000000008000069A] -> 0x05B7
mem[X,0x000000008000069C] -> 0x0000
[506] [M]: 0x000000008000069A (0x000005B7) lui x11, 0x0                             inst_95+0
x11 <- 0x0000000000000000

mem[X,0x000000008000069E] -> 0x8593
mem[X,0x00000000800006A0] -> 0xFFF5
[507] [M]: 0x000000008000069E (0xFFF58593) addi x11, x11, -0x1                      inst_95+4
x11 <- 0xFFFFFFFFFFFFFFFF

clint mtime 0x00000000000000FE (mip.MTI <- 0b1, mip.STI <- 0b0)
mem[X,0x00000000800006A2] -> 0x9593
mem[X,0x00000000800006A4] -> 0x00B5
[508] [M]: 0x00000000800006A2 (0x00B59593) slli x11, x11, 0xb                       inst_95+8
x11 <- 0xFFFFFFFFFFFFF800

mem[X,0x00000000800006A6] -> 0x8593
mem[X,0x00000000800006A8] -> 0x2575
[509] [M]: 0x00000000800006A6 (0x25758593) addi x11, x11, 0x257                     inst_95+12
x11 <- 0xFFFFFFFFFFFFFA57

clint mtime 0x00000000000000FF (mip.MTI <- 0b1, mip.STI <- 0b0)
mem[X,0x00000000800006AA] -> 0x9593
mem[X,0x00000000800006AC] -> 0x00B5
[510] [M]: 0x00000000800006AA (0x00B59593) slli x11, x11, 0xb                       inst_95+16
x11 <- 0xFFFFFFFFFFD2B800

mem[X,0x00000000800006AE] -> 0x8593
mem[X,0x00000000800006B0] -> 0x6C35
[511] [M]: 0x00000000800006AE (0x6C358593) addi x11, x11, 0x6c3                     inst_95+20
x11 <- 0xFFFFFFFFFFD2BEC3

clint mtime 0x0000000000000100 (mip.MTI <- 0b1, mip.STI <- 0b0)
mem[X,0x00000000800006B2] -> 0x9593
mem[X,0x00000000800006B4] -> 0x00A5
[512] [M]: 0x00000000800006B2 (0x00A59593) slli x11, x11, 0xa                       inst_95+24
x11 <- 0xFFFFFFFF4AFB0C00

mem[X,0x00000000800006B6] -> 0x8593
mem[X,0x00000000800006B8] -> 0x0CD5
[513] [M]: 0x00000000800006B6 (0x0CD58593) addi x11, x11, 0xcd                      inst_95+28
x11 <- 0xFFFFFFFF4AFB0CCD

clint mtime 0x0000000000000101 (mip.MTI <- 0b1, mip.STI <- 0b0)
mem[X,0x00000000800006BA] -> 0x852E
[514] [M]: 0x00000000800006BA (0x852E) c.mv x10, x11                                inst_95+32
x10 <- 0xFFFFFFFF4AFB0CCD

mem[X,0x00000000800006BC] -> 0x3423
mem[X,0x00000000800006BE] -> 0x24A1
[515] [M]: 0x00000000800006BC (0x24A13423) sd x10, 0x248(x2)                        inst_95+34
mem[W,0x0000000080003410] <- 0xFFFFFFFF4AFB0CCD

clint mtime 0x0000000000000102 (mip.MTI <- 0b1, mip.STI <- 0b0)
mem[X,0x00000000800006C0] -> 0x05B7
mem[X,0x00000000800006C2] -> 0x0000
[516] [M]: 0x00000000800006C0 (0x000005B7) lui x11, 0x0                             inst_96+0
x11 <- 0x0000000000000000

mem[X,0x00000000800006C4] -> 0x8593
mem[X,0x00000000800006C6] -> 0x0005
[517] [M]: 0x00000000800006C4 (0x00058593) addi x11, x11, 0x0                       inst_96+4
x11 <- 0x0000000000000000

clint mtime 0x0000000000000103 (mip.MTI <- 0b1, mip.STI <- 0b0)
mem[X,0x00000000800006C8] -> 0x9593
mem[X,0x00000000800006CA] -> 0x00B5
[518] [M]: 0x00000000800006C8 (0x00B59593) slli x11, x11, 0xb                       inst_96+8
x11 <- 0x0000000000000000

mem[X,0x00000000800006CC] -> 0x8593
mem[X,0x00000000800006CE] -> 0x5A85
[519] [M]: 0x00000000800006CC (0x5A858593) addi x11, x11, 0x5a8                     inst_96+12
x11 <- 0x00000000000005A8

clint mtime 0x0000000000000104 (mip.MTI <- 0b1, mip.STI <- 0b0)
mem[X,0x00000000800006D0] -> 0x9593
mem[X,0x00000000800006D2] -> 0x00B5
[520] [M]: 0x00000000800006D0 (0x00B59593) slli x11, x11, 0xb                       inst_96+16
x11 <- 0x00000000002D4000

mem[X,0x00000000800006D4] -> 0x8593
mem[X,0x00000000800006D6] -> 0x13C5
[521] [M]: 0x00000000800006D4 (0x13C58593) addi x11, x11, 0x13c                     inst_96+20
x11 <- 0x00000000002D413C

clint mtime 0x0000000000000105 (mip.MTI <- 0b1, mip.STI <- 0b0)
mem[X,0x00000000800006D8] -> 0x9593
mem[X,0x00000000800006DA] -> 0x00A5
[522] [M]: 0x00000000800006D8 (0x00A59593) slli x11, x11, 0xa                       inst_96+24
x11 <- 0x00000000B504F000

mem[X,0x00000000800006DC] -> 0x8593
mem[X,0x00000000800006DE] -> 0x3335
[523] [M]: 0x00000000800006DC (0x33358593) addi x11, x11, 0x333                     inst_96+28
x11 <- 0x00000000B504F333

clint mtime 0x0000000000000106 (mip.MTI <- 0b1, mip.STI <- 0b0)
mem[X,0x00000000800006E0] -> 0x852E
[524] [M]: 0x00000000800006E0 (0x852E) c.mv x10, x11                                inst_96+32
x10 <- 0x00000000B504F333

mem[X,0x00000000800006E2] -> 0x3823
mem[X,0x00000000800006E4] -> 0x24A1
[525] [M]: 0x00000000800006E2 (0x24A13823) sd x10, 0x250(x2)                        inst_96+34
mem[W,0x0000000080003418] <- 0x00000000B504F333

clint mtime 0x0000000000000107 (mip.MTI <- 0b1, mip.STI <- 0b0)
mem[X,0x00000000800006E6] -> 0x55B7
mem[X,0x00000000800006E8] -> 0x5555
[526] [M]: 0x00000000800006E6 (0x555555B7) lui x11, 0x55555                         inst_97+0
x11 <- 0x0000000055555000

mem[X,0x00000000800006EA] -> 0x8593
mem[X,0x00000000800006EC] -> 0x5555
[527] [M]: 0x00000000800006EA (0x55558593) addi x11, x11, 0x555                     inst_97+4
x11 <- 0x0000000055555555

clint mtime 0x0000000000000108 (mip.MTI <- 0b1, mip.STI <- 0b0)
mem[X,0x00000000800006EE] -> 0x9593
mem[X,0x00000000800006F0] -> 0x00B5
[528] [M]: 0x00000000800006EE (0x00B59593) slli x11, x11, 0xb                       inst_97+8
x11 <- 0x000002AAAAAAA800

mem[X,0x00000000800006F2] -> 0x8593
mem[X,0x00000000800006F4] -> 0x2AA5
[529] [M]: 0x00000000800006F2 (0x2AA58593) addi x11, x11, 0x2aa                     inst_97+12
x11 <- 0x000002AAAAAAAAAA

clint mtime 0x0000000000000109 (mip.MTI <- 0b1, mip.STI <- 0b0)
mem[X,0x00000000800006F6] -> 0x9593
mem[X,0x00000000800006F8] -> 0x00B5
[530] [M]: 0x00000000800006F6 (0x00B59593) slli x11, x11, 0xb                       inst_97+16
x11 <- 0x0015555555555000

mem[X,0x00000000800006FA] -> 0x8593
mem[X,0x00000000800006FC] -> 0x5555
[531] [M]: 0x00000000800006FA (0x55558593) addi x11, x11, 0x555                     inst_97+20
x11 <- 0x0015555555555555

clint mtime 0x000000000000010A (mip.MTI <- 0b1, mip.STI <- 0b0)
mem[X,0x00000000800006FE] -> 0x9593
mem[X,0x0000000080000700] -> 0x00A5
[532] [M]: 0x00000000800006FE (0x00A59593) slli x11, x11, 0xa                       inst_97+24
x11 <- 0x5555555555555400

mem[X,0x0000000080000702] -> 0x8593
mem[X,0x0000000080000704] -> 0x1545
[533] [M]: 0x0000000080000702 (0x15458593) addi x11, x11, 0x154                     inst_97+28
x11 <- 0x5555555555555554

clint mtime 0x000000000000010B (mip.MTI <- 0b1, mip.STI <- 0b0)
mem[X,0x0000000080000706] -> 0x852E
[534] [M]: 0x0000000080000706 (0x852E) c.mv x10, x11                                inst_97+32
x10 <- 0x5555555555555554

mem[X,0x0000000080000708] -> 0x3C23
mem[X,0x000000008000070A] -> 0x24A1
[535] [M]: 0x0000000080000708 (0x24A13C23) sd x10, 0x258(x2)                        inst_97+34
mem[W,0x0000000080003420] <- 0x5555555555555554

clint mtime 0x000000000000010C (mip.MTI <- 0b1, mip.STI <- 0b0)
mem[X,0x000000008000070C] -> 0x35B7
mem[X,0x000000008000070E] -> 0x3333
[536] [M]: 0x000000008000070C (0x333335B7) lui x11, 0x33333                         inst_98+0
x11 <- 0x0000000033333000

mem[X,0x0000000080000710] -> 0x8593
mem[X,0x0000000080000712] -> 0x3335
[537] [M]: 0x0000000080000710 (0x33358593) addi x11, x11, 0x333                     inst_98+4
x11 <- 0x0000000033333333

clint mtime 0x000000000000010D (mip.MTI <- 0b1, mip.STI <- 0b0)
mem[X,0x0000000080000714] -> 0x9593
mem[X,0x0000000080000716] -> 0x00B5
[538] [M]: 0x0000000080000714 (0x00B59593) slli x11, x11, 0xb                       inst_98+8
x11 <- 0x0000019999999800

mem[X,0x0000000080000718] -> 0x8593
mem[X,0x000000008000071A] -> 0x1995
[539] [M]: 0x0000000080000718 (0x19958593) addi x11, x11, 0x199                     inst_98+12
x11 <- 0x0000019999999999

clint mtime 0x000000000000010E (mip.MTI <- 0b1, mip.STI <- 0b0)
mem[X,0x000000008000071C] -> 0x9593
mem[X,0x000000008000071E] -> 0x00B5
[540] [M]: 0x000000008000071C (0x00B59593) slli x11, x11, 0xb                       inst_98+16
x11 <- 0x000CCCCCCCCCC800

mem[X,0x0000000080000720] -> 0x8593
mem[X,0x0000000080000722] -> 0x4CC5
[541] [M]: 0x0000000080000720 (0x4CC58593) addi x11, x11, 0x4cc                     inst_98+20
x11 <- 0x000CCCCCCCCCCCCC

clint mtime 0x000000000000010F (mip.MTI <- 0b1, mip.STI <- 0b0)
mem[X,0x0000000080000724] -> 0x9593
mem[X,0x0000000080000726] -> 0x00A5
[542] [M]: 0x0000000080000724 (0x00A59593) slli x11, x11, 0xa                       inst_98+24
x11 <- 0x3333333333333000

mem[X,0x0000000080000728] -> 0x8593
mem[X,0x000000008000072A] -> 0x3325
[543] [M]: 0x0000000080000728 (0x33258593) addi x11, x11, 0x332                     inst_98+28
x11 <- 0x3333333333333332

clint mtime 0x0000000000000110 (mip.MTI <- 0b1, mip.STI <- 0b0)
mem[X,0x000000008000072C] -> 0x852E
[544] [M]: 0x000000008000072C (0x852E) c.mv x10, x11                                inst_98+32
x10 <- 0x3333333333333332

mem[X,0x000000008000072E] -> 0x3023
mem[X,0x0000000080000730] -> 0x26A1
[545] [M]: 0x000000008000072E (0x26A13023) sd x10, 0x260(x2)                        inst_98+34
mem[W,0x0000000080003428] <- 0x3333333333333332

clint mtime 0x0000000000000111 (mip.MTI <- 0b1, mip.STI <- 0b0)
mem[X,0x0000000080000732] -> 0x65B7
mem[X,0x0000000080000734] -> 0x6666
[546] [M]: 0x0000000080000732 (0x666665B7) lui x11, 0x66666                         inst_99+0
x11 <- 0x0000000066666000

mem[X,0x0000000080000736] -> 0x8593
mem[X,0x0000000080000738] -> 0x6665
[547] [M]: 0x0000000080000736 (0x66658593) addi x11, x11, 0x666                     inst_99+4
x11 <- 0x0000000066666666

clint mtime 0x0000000000000112 (mip.MTI <- 0b1, mip.STI <- 0b0)
mem[X,0x000000008000073A] -> 0x9593
mem[X,0x000000008000073C] -> 0x00B5
[548] [M]: 0x000000008000073A (0x00B59593) slli x11, x11, 0xb                       inst_99+8
x11 <- 0x0000033333333000

mem[X,0x000000008000073E] -> 0x8593
mem[X,0x0000000080000740] -> 0x3335
[549] [M]: 0x000000008000073E (0x33358593) addi x11, x11, 0x333                     inst_99+12
x11 <- 0x0000033333333333

clint mtime 0x0000000000000113 (mip.MTI <- 0b1, mip.STI <- 0b0)
mem[X,0x0000000080000742] -> 0x9593
mem[X,0x0000000080000744] -> 0x00B5
[550] [M]: 0x0000000080000742 (0x00B59593) slli x11, x11, 0xb                       inst_99+16
x11 <- 0x0019999999999800

mem[X,0x0000000080000746] -> 0x8593
mem[X,0x0000000080000748] -> 0x1995
[551] [M]: 0x0000000080000746 (0x19958593) addi x11, x11, 0x199                     inst_99+20
x11 <- 0x0019999999999999

clint mtime 0x0000000000000114 (mip.MTI <- 0b1, mip.STI <- 0b0)
mem[X,0x000000008000074A] -> 0x9593
mem[X,0x000000008000074C] -> 0x00A5
[552] [M]: 0x000000008000074A (0x00A59593) slli x11, x11, 0xa                       inst_99+24
x11 <- 0x6666666666666400

mem[X,0x000000008000074E] -> 0x8593
mem[X,0x0000000080000750] -> 0x2655
[553] [M]: 0x000000008000074E (0x26558593) addi x11, x11, 0x265                     inst_99+28
x11 <- 0x6666666666666665

clint mtime 0x0000000000000115 (mip.MTI <- 0b1, mip.STI <- 0b0)
mem[X,0x0000000080000752] -> 0x852E
[554] [M]: 0x0000000080000752 (0x852E) c.mv x10, x11                                inst_99+32
x10 <- 0x6666666666666665

mem[X,0x0000000080000754] -> 0x3423
mem[X,0x0000000080000756] -> 0x26A1
[555] [M]: 0x0000000080000754 (0x26A13423) sd x10, 0x268(x2)                        inst_99+34
mem[W,0x0000000080003430] <- 0x6666666666666665

clint mtime 0x0000000000000116 (mip.MTI <- 0b1, mip.STI <- 0b0)
mem[X,0x0000000080000758] -> 0x05B7
mem[X,0x000000008000075A] -> 0x0000
[556] [M]: 0x0000000080000758 (0x000005B7) lui x11, 0x0                             inst_100+0
x11 <- 0x0000000000000000

mem[X,0x000000008000075C] -> 0x8593
mem[X,0x000000008000075E] -> 0x0005
[557] [M]: 0x000000008000075C (0x00058593) addi x11, x11, 0x0                       inst_100+4
x11 <- 0x0000000000000000

clint mtime 0x0000000000000117 (mip.MTI <- 0b1, mip.STI <- 0b0)
mem[X,0x0000000080000760] -> 0x9593
mem[X,0x0000000080000762] -> 0x00B5
[558] [M]: 0x0000000080000760 (0x00B59593) slli x11, x11, 0xb                       inst_100+8
x11 <- 0x0000000000000000

mem[X,0x0000000080000764] -> 0x8593
mem[X,0x0000000080000766] -> 0x5A85
[559] [M]: 0x0000000080000764 (0x5A858593) addi x11, x11, 0x5a8                     inst_100+12
x11 <- 0x00000000000005A8

clint mtime 0x0000000000000118 (mip.MTI <- 0b1, mip.STI <- 0b0)
mem[X,0x0000000080000768] -> 0x9593
mem[X,0x000000008000076A] -> 0x00B5
[560] [M]: 0x0000000080000768 (0x00B59593) slli x11, x11, 0xb                       inst_100+16
x11 <- 0x00000000002D4000

mem[X,0x000000008000076C] -> 0x8593
mem[X,0x000000008000076E] -> 0x13C5
[561] [M]: 0x000000008000076C (0x13C58593) addi x11, x11, 0x13c                     inst_100+20
x11 <- 0x00000000002D413C

clint mtime 0x0000000000000119 (mip.MTI <- 0b1, mip.STI <- 0b0)
mem[X,0x0000000080000770] -> 0x9593
mem[X,0x0000000080000772] -> 0x00A5
[562] [M]: 0x0000000080000770 (0x00A59593) slli x11, x11, 0xa                       inst_100+24
x11 <- 0x00000000B504F000

mem[X,0x0000000080000774] -> 0x8593
mem[X,0x0000000080000776] -> 0x3325
[563] [M]: 0x0000000080000774 (0x33258593) addi x11, x11, 0x332                     inst_100+28
x11 <- 0x00000000B504F332

clint mtime 0x000000000000011A (mip.MTI <- 0b1, mip.STI <- 0b0)
mem[X,0x0000000080000778] -> 0x852E
[564] [M]: 0x0000000080000778 (0x852E) c.mv x10, x11                                inst_100+32
x10 <- 0x00000000B504F332

mem[X,0x000000008000077A] -> 0x3823
mem[X,0x000000008000077C] -> 0x26A1
[565] [M]: 0x000000008000077A (0x26A13823) sd x10, 0x270(x2)                        inst_100+34
mem[W,0x0000000080003438] <- 0x00000000B504F332

clint mtime 0x000000000000011B (mip.MTI <- 0b1, mip.STI <- 0b0)
mem[X,0x000000008000077E] -> 0x55B7
mem[X,0x0000000080000780] -> 0x5555
[566] [M]: 0x000000008000077E (0x555555B7) lui x11, 0x55555                         inst_101+0
x11 <- 0x0000000055555000

mem[X,0x0000000080000782] -> 0x8593
mem[X,0x0000000080000784] -> 0x5555
[567] [M]: 0x0000000080000782 (0x55558593) addi x11, x11, 0x555                     inst_101+4
x11 <- 0x0000000055555555

clint mtime 0x000000000000011C (mip.MTI <- 0b1, mip.STI <- 0b0)
mem[X,0x0000000080000786] -> 0x9593
mem[X,0x0000000080000788] -> 0x00B5
[568] [M]: 0x0000000080000786 (0x00B59593) slli x11, x11, 0xb                       inst_101+8
x11 <- 0x000002AAAAAAA800

mem[X,0x000000008000078A] -> 0x8593
mem[X,0x000000008000078C] -> 0x2AA5
[569] [M]: 0x000000008000078A (0x2AA58593) addi x11, x11, 0x2aa                     inst_101+12
x11 <- 0x000002AAAAAAAAAA

clint mtime 0x000000000000011D (mip.MTI <- 0b1, mip.STI <- 0b0)
mem[X,0x000000008000078E] -> 0x9593
mem[X,0x0000000080000790] -> 0x00B5
[570] [M]: 0x000000008000078E (0x00B59593) slli x11, x11, 0xb                       inst_101+16
x11 <- 0x0015555555555000

mem[X,0x0000000080000792] -> 0x8593
mem[X,0x0000000080000794] -> 0x5555
[571] [M]: 0x0000000080000792 (0x55558593) addi x11, x11, 0x555                     inst_101+20
x11 <- 0x0015555555555555

clint mtime 0x000000000000011E (mip.MTI <- 0b1, mip.STI <- 0b0)
mem[X,0x0000000080000796] -> 0x9593
mem[X,0x0000000080000798] -> 0x00A5
[572] [M]: 0x0000000080000796 (0x00A59593) slli x11, x11, 0xa                       inst_101+24
x11 <- 0x5555555555555400

mem[X,0x000000008000079A] -> 0x8593
mem[X,0x000000008000079C] -> 0x1565
[573] [M]: 0x000000008000079A (0x15658593) addi x11, x11, 0x156                     inst_101+28
x11 <- 0x5555555555555556

clint mtime 0x000000000000011F (mip.MTI <- 0b1, mip.STI <- 0b0)
mem[X,0x000000008000079E] -> 0x852E
[574] [M]: 0x000000008000079E (0x852E) c.mv x10, x11                                inst_101+32
x10 <- 0x5555555555555556

mem[X,0x00000000800007A0] -> 0x3C23
mem[X,0x00000000800007A2] -> 0x26A1
[575] [M]: 0x00000000800007A0 (0x26A13C23) sd x10, 0x278(x2)                        inst_101+34
mem[W,0x0000000080003440] <- 0x5555555555555556

clint mtime 0x0000000000000120 (mip.MTI <- 0b1, mip.STI <- 0b0)
mem[X,0x00000000800007A4] -> 0xB5B7
mem[X,0x00000000800007A6] -> 0xAAAA
[576] [M]: 0x00000000800007A4 (0xAAAAB5B7) lui x11, -0x55555                        inst_102+0
x11 <- 0xFFFFFFFFAAAAB000

mem[X,0x00000000800007A8] -> 0x8593
mem[X,0x00000000800007AA] -> 0xAAA5
[577] [M]: 0x00000000800007A8 (0xAAA58593) addi x11, x11, -0x556                    inst_102+4
x11 <- 0xFFFFFFFFAAAAAAAA

clint mtime 0x0000000000000121 (mip.MTI <- 0b1, mip.STI <- 0b0)
mem[X,0x00000000800007AC] -> 0x9593
mem[X,0x00000000800007AE] -> 0x00B5
[578] [M]: 0x00000000800007AC (0x00B59593) slli x11, x11, 0xb                       inst_102+8
x11 <- 0xFFFFFD5555555000

mem[X,0x00000000800007B0] -> 0x8593
mem[X,0x00000000800007B2] -> 0x5555
[579] [M]: 0x00000000800007B0 (0x55558593) addi x11, x11, 0x555                     inst_102+12
x11 <- 0xFFFFFD5555555555

clint mtime 0x0000000000000122 (mip.MTI <- 0b1, mip.STI <- 0b0)
mem[X,0x00000000800007B4] -> 0x9593
mem[X,0x00000000800007B6] -> 0x00B5
[580] [M]: 0x00000000800007B4 (0x00B59593) slli x11, x11, 0xb                       inst_102+16
x11 <- 0xFFEAAAAAAAAAA800

mem[X,0x00000000800007B8] -> 0x8593
mem[X,0x00000000800007BA] -> 0x2AA5
[581] [M]: 0x00000000800007B8 (0x2AA58593) addi x11, x11, 0x2aa                     inst_102+20
x11 <- 0xFFEAAAAAAAAAAAAA

clint mtime 0x0000000000000123 (mip.MTI <- 0b1, mip.STI <- 0b0)
mem[X,0x00000000800007BC] -> 0x9593
mem[X,0x00000000800007BE] -> 0x00A5
[582] [M]: 0x00000000800007BC (0x00A59593) slli x11, x11, 0xa                       inst_102+24
x11 <- 0xAAAAAAAAAAAAA800

mem[X,0x00000000800007C0] -> 0x8593
mem[X,0x00000000800007C2] -> 0x2AB5
[583] [M]: 0x00000000800007C0 (0x2AB58593) addi x11, x11, 0x2ab                     inst_102+28
x11 <- 0xAAAAAAAAAAAAAAAB

clint mtime 0x0000000000000124 (mip.MTI <- 0b1, mip.STI <- 0b0)
mem[X,0x00000000800007C4] -> 0x852E
[584] [M]: 0x00000000800007C4 (0x852E) c.mv x10, x11                                inst_102+32
x10 <- 0xAAAAAAAAAAAAAAAB

mem[X,0x00000000800007C6] -> 0x3023
mem[X,0x00000000800007C8] -> 0x28A1
[585] [M]: 0x00000000800007C6 (0x28A13023) sd x10, 0x280(x2)                        inst_102+34
mem[W,0x0000000080003448] <- 0xAAAAAAAAAAAAAAAB

clint mtime 0x0000000000000125 (mip.MTI <- 0b1, mip.STI <- 0b0)
mem[X,0x00000000800007CA] -> 0x0593
mem[X,0x00000000800007CC] -> 0x0060
[586] [M]: 0x00000000800007CA (0x00600593) addi x11, x0, 0x6                        inst_103+0
x11 <- 0x0000000000000006

mem[X,0x00000000800007CE] -> 0x852E
[587] [M]: 0x00000000800007CE (0x852E) c.mv x10, x11                                inst_103+4
x10 <- 0x0000000000000006

clint mtime 0x0000000000000126 (mip.MTI <- 0b1, mip.STI <- 0b0)
mem[X,0x00000000800007D0] -> 0x3423
mem[X,0x00000000800007D2] -> 0x28A1
[588] [M]: 0x00000000800007D0 (0x28A13423) sd x10, 0x288(x2)                        inst_103+6
mem[W,0x0000000080003450] <- 0x0000000000000006

mem[X,0x00000000800007D4] -> 0x35B7
mem[X,0x00000000800007D6] -> 0x3333
[589] [M]: 0x00000000800007D4 (0x333335B7) lui x11, 0x33333                         inst_104+0
x11 <- 0x0000000033333000

clint mtime 0x0000000000000127 (mip.MTI <- 0b1, mip.STI <- 0b0)
mem[X,0x00000000800007D8] -> 0x8593
mem[X,0x00000000800007DA] -> 0x3335
[590] [M]: 0x00000000800007D8 (0x33358593) addi x11, x11, 0x333                     inst_104+4
x11 <- 0x0000000033333333

mem[X,0x00000000800007DC] -> 0x9593
mem[X,0x00000000800007DE] -> 0x00B5
[591] [M]: 0x00000000800007DC (0x00B59593) slli x11, x11, 0xb                       inst_104+8
x11 <- 0x0000019999999800

clint mtime 0x0000000000000128 (mip.MTI <- 0b1, mip.STI <- 0b0)
mem[X,0x00000000800007E0] -> 0x8593
mem[X,0x00000000800007E2] -> 0x1995
[592] [M]: 0x00000000800007E0 (0x19958593) addi x11, x11, 0x199                     inst_104+12
x11 <- 0x0000019999999999

mem[X,0x00000000800007E4] -> 0x9593
mem[X,0x00000000800007E6] -> 0x00B5
[593] [M]: 0x00000000800007E4 (0x00B59593) slli x11, x11, 0xb                       inst_104+16
x11 <- 0x000CCCCCCCCCC800

clint mtime 0x0000000000000129 (mip.MTI <- 0b1, mip.STI <- 0b0)
mem[X,0x00000000800007E8] -> 0x8593
mem[X,0x00000000800007EA] -> 0x4CC5
[594] [M]: 0x00000000800007E8 (0x4CC58593) addi x11, x11, 0x4cc                     inst_104+20
x11 <- 0x000CCCCCCCCCCCCC

mem[X,0x00000000800007EC] -> 0x9593
mem[X,0x00000000800007EE] -> 0x00A5
[595] [M]: 0x00000000800007EC (0x00A59593) slli x11, x11, 0xa                       inst_104+24
x11 <- 0x3333333333333000

clint mtime 0x000000000000012A (mip.MTI <- 0b1, mip.STI <- 0b0)
mem[X,0x00000000800007F0] -> 0x8593
mem[X,0x00000000800007F2] -> 0x3345
[596] [M]: 0x00000000800007F0 (0x33458593) addi x11, x11, 0x334                     inst_104+28
x11 <- 0x3333333333333334

mem[X,0x00000000800007F4] -> 0x852E
[597] [M]: 0x00000000800007F4 (0x852E) c.mv x10, x11                                inst_104+32
x10 <- 0x3333333333333334

clint mtime 0x000000000000012B (mip.MTI <- 0b1, mip.STI <- 0b0)
mem[X,0x00000000800007F6] -> 0x3823
mem[X,0x00000000800007F8] -> 0x28A1
[598] [M]: 0x00000000800007F6 (0x28A13823) sd x10, 0x290(x2)                        inst_104+34
mem[W,0x0000000080003458] <- 0x3333333333333334

mem[X,0x00000000800007FA] -> 0x65B7
mem[X,0x00000000800007FC] -> 0x6666
[599] [M]: 0x00000000800007FA (0x666665B7) lui x11, 0x66666                         inst_105+0
x11 <- 0x0000000066666000

clint mtime 0x000000000000012C (mip.MTI <- 0b1, mip.STI <- 0b0)
mem[X,0x00000000800007FE] -> 0x8593
mem[X,0x0000000080000800] -> 0x6665
[600] [M]: 0x00000000800007FE (0x66658593) addi x11, x11, 0x666                     inst_105+4
x11 <- 0x0000000066666666

mem[X,0x0000000080000802] -> 0x9593
mem[X,0x0000000080000804] -> 0x00B5
[601] [M]: 0x0000000080000802 (0x00B59593) slli x11, x11, 0xb                       inst_105+8
x11 <- 0x0000033333333000

clint mtime 0x000000000000012D (mip.MTI <- 0b1, mip.STI <- 0b0)
mem[X,0x0000000080000806] -> 0x8593
mem[X,0x0000000080000808] -> 0x3335
[602] [M]: 0x0000000080000806 (0x33358593) addi x11, x11, 0x333                     inst_105+12
x11 <- 0x0000033333333333

mem[X,0x000000008000080A] -> 0x9593
mem[X,0x000000008000080C] -> 0x00B5
[603] [M]: 0x000000008000080A (0x00B59593) slli x11, x11, 0xb                       inst_105+16
x11 <- 0x0019999999999800

clint mtime 0x000000000000012E (mip.MTI <- 0b1, mip.STI <- 0b0)
mem[X,0x000000008000080E] -> 0x8593
mem[X,0x0000000080000810] -> 0x1995
[604] [M]: 0x000000008000080E (0x19958593) addi x11, x11, 0x199                     inst_105+20
x11 <- 0x0019999999999999

mem[X,0x0000000080000812] -> 0x9593
mem[X,0x0000000080000814] -> 0x00A5
[605] [M]: 0x0000000080000812 (0x00A59593) slli x11, x11, 0xa                       inst_105+24
x11 <- 0x6666666666666400

clint mtime 0x000000000000012F (mip.MTI <- 0b1, mip.STI <- 0b0)
mem[X,0x0000000080000816] -> 0x8593
mem[X,0x0000000080000818] -> 0x2675
[606] [M]: 0x0000000080000816 (0x26758593) addi x11, x11, 0x267                     inst_105+28
x11 <- 0x6666666666666667

mem[X,0x000000008000081A] -> 0x852E
[607] [M]: 0x000000008000081A (0x852E) c.mv x10, x11                                inst_105+32
x10 <- 0x6666666666666667

clint mtime 0x0000000000000130 (mip.MTI <- 0b1, mip.STI <- 0b0)
mem[X,0x000000008000081C] -> 0x3C23
mem[X,0x000000008000081E] -> 0x28A1
[608] [M]: 0x000000008000081C (0x28A13C23) sd x10, 0x298(x2)                        inst_105+34
mem[W,0x0000000080003460] <- 0x6666666666666667

mem[X,0x0000000080000820] -> 0x05B7
mem[X,0x0000000080000822] -> 0x0000
[609] [M]: 0x0000000080000820 (0x000005B7) lui x11, 0x0                             inst_106+0
x11 <- 0x0000000000000000

clint mtime 0x0000000000000131 (mip.MTI <- 0b1, mip.STI <- 0b0)
mem[X,0x0000000080000824] -> 0x8593
mem[X,0x0000000080000826] -> 0xFFF5
[610] [M]: 0x0000000080000824 (0xFFF58593) addi x11, x11, -0x1                      inst_106+4
x11 <- 0xFFFFFFFFFFFFFFFF

mem[X,0x0000000080000828] -> 0x9593
mem[X,0x000000008000082A] -> 0x00B5
[611] [M]: 0x0000000080000828 (0x00B59593) slli x11, x11, 0xb                       inst_106+8
x11 <- 0xFFFFFFFFFFFFF800

clint mtime 0x0000000000000132 (mip.MTI <- 0b1, mip.STI <- 0b0)
mem[X,0x000000008000082C] -> 0x8593
mem[X,0x000000008000082E] -> 0x2575
[612] [M]: 0x000000008000082C (0x25758593) addi x11, x11, 0x257                     inst_106+12
x11 <- 0xFFFFFFFFFFFFFA57

mem[X,0x0000000080000830] -> 0x9593
mem[X,0x0000000080000832] -> 0x00B5
[613] [M]: 0x0000000080000830 (0x00B59593) slli x11, x11, 0xb                       inst_106+16
x11 <- 0xFFFFFFFFFFD2B800

clint mtime 0x0000000000000133 (mip.MTI <- 0b1, mip.STI <- 0b0)
mem[X,0x0000000080000834] -> 0x8593
mem[X,0x0000000080000836] -> 0x6C35
[614] [M]: 0x0000000080000834 (0x6C358593) addi x11, x11, 0x6c3                     inst_106+20
x11 <- 0xFFFFFFFFFFD2BEC3

mem[X,0x0000000080000838] -> 0x9593
mem[X,0x000000008000083A] -> 0x00A5
[615] [M]: 0x0000000080000838 (0x00A59593) slli x11, x11, 0xa                       inst_106+24
x11 <- 0xFFFFFFFF4AFB0C00

clint mtime 0x0000000000000134 (mip.MTI <- 0b1, mip.STI <- 0b0)
mem[X,0x000000008000083C] -> 0x8593
mem[X,0x000000008000083E] -> 0x0CE5
[616] [M]: 0x000000008000083C (0x0CE58593) addi x11, x11, 0xce                      inst_106+28
x11 <- 0xFFFFFFFF4AFB0CCE

mem[X,0x0000000080000840] -> 0x852E
[617] [M]: 0x0000000080000840 (0x852E) c.mv x10, x11                                inst_106+32
x10 <- 0xFFFFFFFF4AFB0CCE

clint mtime 0x0000000000000135 (mip.MTI <- 0b1, mip.STI <- 0b0)
mem[X,0x0000000080000842] -> 0x3023
mem[X,0x0000000080000844] -> 0x2AA1
[618] [M]: 0x0000000080000842 (0x2AA13023) sd x10, 0x2a0(x2)                        inst_106+34
mem[W,0x0000000080003468] <- 0xFFFFFFFF4AFB0CCE

mem[X,0x0000000080000846] -> 0x05B7
mem[X,0x0000000080000848] -> 0x0000
[619] [M]: 0x0000000080000846 (0x000005B7) lui x11, 0x0                             inst_107+0
x11 <- 0x0000000000000000

clint mtime 0x0000000000000136 (mip.MTI <- 0b1, mip.STI <- 0b0)
mem[X,0x000000008000084A] -> 0x8593
mem[X,0x000000008000084C] -> 0x0005
[620] [M]: 0x000000008000084A (0x00058593) addi x11, x11, 0x0                       inst_107+4
x11 <- 0x0000000000000000

mem[X,0x000000008000084E] -> 0x9593
mem[X,0x0000000080000850] -> 0x00B5
[621] [M]: 0x000000008000084E (0x00B59593) slli x11, x11, 0xb                       inst_107+8
x11 <- 0x0000000000000000

clint mtime 0x0000000000000137 (mip.MTI <- 0b1, mip.STI <- 0b0)
mem[X,0x0000000080000852] -> 0x8593
mem[X,0x0000000080000854] -> 0x5A85
[622] [M]: 0x0000000080000852 (0x5A858593) addi x11, x11, 0x5a8                     inst_107+12
x11 <- 0x00000000000005A8

mem[X,0x0000000080000856] -> 0x9593
mem[X,0x0000000080000858] -> 0x00B5
[623] [M]: 0x0000000080000856 (0x00B59593) slli x11, x11, 0xb                       inst_107+16
x11 <- 0x00000000002D4000

clint mtime 0x0000000000000138 (mip.MTI <- 0b1, mip.STI <- 0b0)
mem[X,0x000000008000085A] -> 0x8593
mem[X,0x000000008000085C] -> 0x13C5
[624] [M]: 0x000000008000085A (0x13C58593) addi x11, x11, 0x13c                     inst_107+20
x11 <- 0x00000000002D413C

mem[X,0x000000008000085E] -> 0x9593
mem[X,0x0000000080000860] -> 0x00A5
[625] [M]: 0x000000008000085E (0x00A59593) slli x11, x11, 0xa                       inst_107+24
x11 <- 0x00000000B504F000

clint mtime 0x0000000000000139 (mip.MTI <- 0b1, mip.STI <- 0b0)
mem[X,0x0000000080000862] -> 0x8593
mem[X,0x0000000080000864] -> 0x3345
[626] [M]: 0x0000000080000862 (0x33458593) addi x11, x11, 0x334                     inst_107+28
x11 <- 0x00000000B504F334

mem[X,0x0000000080000866] -> 0x852E
[627] [M]: 0x0000000080000866 (0x852E) c.mv x10, x11                                inst_107+32
x10 <- 0x00000000B504F334

clint mtime 0x000000000000013A (mip.MTI <- 0b1, mip.STI <- 0b0)
mem[X,0x0000000080000868] -> 0x3423
mem[X,0x000000008000086A] -> 0x2AA1
[628] [M]: 0x0000000080000868 (0x2AA13423) sd x10, 0x2a8(x2)                        inst_107+34
mem[W,0x0000000080003470] <- 0x00000000B504F334

mem[X,0x000000008000086C] -> 0x0593
mem[X,0x000000008000086E] -> 0x0010
[629] [M]: 0x000000008000086C (0x00100593) addi x11, x0, 0x1                        inst_108+0
x11 <- 0x0000000000000001

clint mtime 0x000000000000013B (mip.MTI <- 0b1, mip.STI <- 0b0)
mem[X,0x0000000080000870] -> 0x9593
mem[X,0x0000000080000872] -> 0x0155
[630] [M]: 0x0000000080000870 (0x01559593) slli x11, x11, 0x15                      inst_108+4
x11 <- 0x0000000000200000

mem[X,0x0000000080000874] -> 0xC593
mem[X,0x0000000080000876] -> 0xFFF5
[631] [M]: 0x0000000080000874 (0xFFF5C593) xori x11, x11, -0x1                      inst_108+8
x11 <- 0xFFFFFFFFFFDFFFFF

clint mtime 0x000000000000013C (mip.MTI <- 0b1, mip.STI <- 0b0)
mem[X,0x0000000080000878] -> 0x852E
[632] [M]: 0x0000000080000878 (0x852E) c.mv x10, x11                                inst_108+12
x10 <- 0xFFFFFFFFFFDFFFFF

mem[X,0x000000008000087A] -> 0x3823
mem[X,0x000000008000087C] -> 0x2AA1
[633] [M]: 0x000000008000087A (0x2AA13823) sd x10, 0x2b0(x2)                        inst_108+14
mem[W,0x0000000080003478] <- 0xFFFFFFFFFFDFFFFF

clint mtime 0x000000000000013D (mip.MTI <- 0b1, mip.STI <- 0b0)
mem[X,0x000000008000087E] -> 0x0593
mem[X,0x0000000080000880] -> 0x0010
[634] [M]: 0x000000008000087E (0x00100593) addi x11, x0, 0x1                        inst_109+0
x11 <- 0x0000000000000001

mem[X,0x0000000080000882] -> 0x9593
mem[X,0x0000000080000884] -> 0x0165
[635] [M]: 0x0000000080000882 (0x01659593) slli x11, x11, 0x16                      inst_109+4
x11 <- 0x0000000000400000

clint mtime 0x000000000000013E (mip.MTI <- 0b1, mip.STI <- 0b0)
mem[X,0x0000000080000886] -> 0xC593
mem[X,0x0000000080000888] -> 0xFFF5
[636] [M]: 0x0000000080000886 (0xFFF5C593) xori x11, x11, -0x1                      inst_109+8
x11 <- 0xFFFFFFFFFFBFFFFF

mem[X,0x000000008000088A] -> 0x852E
[637] [M]: 0x000000008000088A (0x852E) c.mv x10, x11                                inst_109+12
x10 <- 0xFFFFFFFFFFBFFFFF

clint mtime 0x000000000000013F (mip.MTI <- 0b1, mip.STI <- 0b0)
mem[X,0x000000008000088C] -> 0x3C23
mem[X,0x000000008000088E] -> 0x2AA1
[638] [M]: 0x000000008000088C (0x2AA13C23) sd x10, 0x2b8(x2)                        inst_109+14
mem[W,0x0000000080003480] <- 0xFFFFFFFFFFBFFFFF

mem[X,0x0000000080000890] -> 0x0593
mem[X,0x0000000080000892] -> 0x0010
[639] [M]: 0x0000000080000890 (0x00100593) addi x11, x0, 0x1                        inst_110+0
x11 <- 0x0000000000000001

clint mtime 0x0000000000000140 (mip.MTI <- 0b1, mip.STI <- 0b0)
mem[X,0x0000000080000894] -> 0x9593
mem[X,0x0000000080000896] -> 0x0175
[640] [M]: 0x0000000080000894 (0x01759593) slli x11, x11, 0x17                      inst_110+4
x11 <- 0x0000000000800000

mem[X,0x0000000080000898] -> 0xC593
mem[X,0x000000008000089A] -> 0xFFF5
[641] [M]: 0x0000000080000898 (0xFFF5C593) xori x11, x11, -0x1                      inst_110+8
x11 <- 0xFFFFFFFFFF7FFFFF

clint mtime 0x0000000000000141 (mip.MTI <- 0b1, mip.STI <- 0b0)
mem[X,0x000000008000089C] -> 0x852E
[642] [M]: 0x000000008000089C (0x852E) c.mv x10, x11                                inst_110+12
x10 <- 0xFFFFFFFFFF7FFFFF

mem[X,0x000000008000089E] -> 0x3023
mem[X,0x00000000800008A0] -> 0x2CA1
[643] [M]: 0x000000008000089E (0x2CA13023) sd x10, 0x2c0(x2)                        inst_110+14
mem[W,0x0000000080003488] <- 0xFFFFFFFFFF7FFFFF

clint mtime 0x0000000000000142 (mip.MTI <- 0b1, mip.STI <- 0b0)
mem[X,0x00000000800008A2] -> 0x0593
mem[X,0x00000000800008A4] -> 0x0010
[644] [M]: 0x00000000800008A2 (0x00100593) addi x11, x0, 0x1                        inst_111+0
x11 <- 0x0000000000000001

mem[X,0x00000000800008A6] -> 0x9593
mem[X,0x00000000800008A8] -> 0x0185
[645] [M]: 0x00000000800008A6 (0x01859593) slli x11, x11, 0x18                      inst_111+4
x11 <- 0x0000000001000000

clint mtime 0x0000000000000143 (mip.MTI <- 0b1, mip.STI <- 0b0)
mem[X,0x00000000800008AA] -> 0xC593
mem[X,0x00000000800008AC] -> 0xFFF5
[646] [M]: 0x00000000800008AA (0xFFF5C593) xori x11, x11, -0x1                      inst_111+8
x11 <- 0xFFFFFFFFFEFFFFFF

mem[X,0x00000000800008AE] -> 0x852E
[647] [M]: 0x00000000800008AE (0x852E) c.mv x10, x11                                inst_111+12
x10 <- 0xFFFFFFFFFEFFFFFF

clint mtime 0x0000000000000144 (mip.MTI <- 0b1, mip.STI <- 0b0)
mem[X,0x00000000800008B0] -> 0x3423
mem[X,0x00000000800008B2] -> 0x2CA1
[648] [M]: 0x00000000800008B0 (0x2CA13423) sd x10, 0x2c8(x2)                        inst_111+14
mem[W,0x0000000080003490] <- 0xFFFFFFFFFEFFFFFF

mem[X,0x00000000800008B4] -> 0x0593
mem[X,0x00000000800008B6] -> 0x0010
[649] [M]: 0x00000000800008B4 (0x00100593) addi x11, x0, 0x1                        inst_112+0
x11 <- 0x0000000000000001

clint mtime 0x0000000000000145 (mip.MTI <- 0b1, mip.STI <- 0b0)
mem[X,0x00000000800008B8] -> 0x9593
mem[X,0x00000000800008BA] -> 0x0195
[650] [M]: 0x00000000800008B8 (0x01959593) slli x11, x11, 0x19                      inst_112+4
x11 <- 0x0000000002000000

mem[X,0x00000000800008BC] -> 0xC593
mem[X,0x00000000800008BE] -> 0xFFF5
[651] [M]: 0x00000000800008BC (0xFFF5C593) xori x11, x11, -0x1                      inst_112+8
x11 <- 0xFFFFFFFFFDFFFFFF

clint mtime 0x0000000000000146 (mip.MTI <- 0b1, mip.STI <- 0b0)
mem[X,0x00000000800008C0] -> 0x852E
[652] [M]: 0x00000000800008C0 (0x852E) c.mv x10, x11                                inst_112+12
x10 <- 0xFFFFFFFFFDFFFFFF

mem[X,0x00000000800008C2] -> 0x3823
mem[X,0x00000000800008C4] -> 0x2CA1
[653] [M]: 0x00000000800008C2 (0x2CA13823) sd x10, 0x2d0(x2)                        inst_112+14
mem[W,0x0000000080003498] <- 0xFFFFFFFFFDFFFFFF

clint mtime 0x0000000000000147 (mip.MTI <- 0b1, mip.STI <- 0b0)
mem[X,0x00000000800008C6] -> 0x0593
mem[X,0x00000000800008C8] -> 0x0010
[654] [M]: 0x00000000800008C6 (0x00100593) addi x11, x0, 0x1                        inst_113+0
x11 <- 0x0000000000000001

mem[X,0x00000000800008CA] -> 0x9593
mem[X,0x00000000800008CC] -> 0x01A5
[655] [M]: 0x00000000800008CA (0x01A59593) slli x11, x11, 0x1a                      inst_113+4
x11 <- 0x0000000004000000

clint mtime 0x0000000000000148 (mip.MTI <- 0b1, mip.STI <- 0b0)
mem[X,0x00000000800008CE] -> 0xC593
mem[X,0x00000000800008D0] -> 0xFFF5
[656] [M]: 0x00000000800008CE (0xFFF5C593) xori x11, x11, -0x1                      inst_113+8
x11 <- 0xFFFFFFFFFBFFFFFF

mem[X,0x00000000800008D2] -> 0x852E
[657] [M]: 0x00000000800008D2 (0x852E) c.mv x10, x11                                inst_113+12
x10 <- 0xFFFFFFFFFBFFFFFF

clint mtime 0x0000000000000149 (mip.MTI <- 0b1, mip.STI <- 0b0)
mem[X,0x00000000800008D4] -> 0x3C23
mem[X,0x00000000800008D6] -> 0x2CA1
[658] [M]: 0x00000000800008D4 (0x2CA13C23) sd x10, 0x2d8(x2)                        inst_113+14
mem[W,0x00000000800034A0] <- 0xFFFFFFFFFBFFFFFF

mem[X,0x00000000800008D8] -> 0x0593
mem[X,0x00000000800008DA] -> 0x0010
[659] [M]: 0x00000000800008D8 (0x00100593) addi x11, x0, 0x1                        inst_114+0
x11 <- 0x0000000000000001

clint mtime 0x000000000000014A (mip.MTI <- 0b1, mip.STI <- 0b0)
mem[X,0x00000000800008DC] -> 0x9593
mem[X,0x00000000800008DE] -> 0x01B5
[660] [M]: 0x00000000800008DC (0x01B59593) slli x11, x11, 0x1b                      inst_114+4
x11 <- 0x0000000008000000

mem[X,0x00000000800008E0] -> 0xC593
mem[X,0x00000000800008E2] -> 0xFFF5
[661] [M]: 0x00000000800008E0 (0xFFF5C593) xori x11, x11, -0x1                      inst_114+8
x11 <- 0xFFFFFFFFF7FFFFFF

clint mtime 0x000000000000014B (mip.MTI <- 0b1, mip.STI <- 0b0)
mem[X,0x00000000800008E4] -> 0x852E
[662] [M]: 0x00000000800008E4 (0x852E) c.mv x10, x11                                inst_114+12
x10 <- 0xFFFFFFFFF7FFFFFF

mem[X,0x00000000800008E6] -> 0x3023
mem[X,0x00000000800008E8] -> 0x2EA1
[663] [M]: 0x00000000800008E6 (0x2EA13023) sd x10, 0x2e0(x2)                        inst_114+14
mem[W,0x00000000800034A8] <- 0xFFFFFFFFF7FFFFFF

clint mtime 0x000000000000014C (mip.MTI <- 0b1, mip.STI <- 0b0)
mem[X,0x00000000800008EA] -> 0x0593
mem[X,0x00000000800008EC] -> 0x0010
[664] [M]: 0x00000000800008EA (0x00100593) addi x11, x0, 0x1                        inst_115+0
x11 <- 0x0000000000000001

mem[X,0x00000000800008EE] -> 0x9593
mem[X,0x00000000800008F0] -> 0x01C5
[665] [M]: 0x00000000800008EE (0x01C59593) slli x11, x11, 0x1c                      inst_115+4
x11 <- 0x0000000010000000

clint mtime 0x000000000000014D (mip.MTI <- 0b1, mip.STI <- 0b0)
mem[X,0x00000000800008F2] -> 0xC593
mem[X,0x00000000800008F4] -> 0xFFF5
[666] [M]: 0x00000000800008F2 (0xFFF5C593) xori x11, x11, -0x1                      inst_115+8
x11 <- 0xFFFFFFFFEFFFFFFF

mem[X,0x00000000800008F6] -> 0x852E
[667] [M]: 0x00000000800008F6 (0x852E) c.mv x10, x11                                inst_115+12
x10 <- 0xFFFFFFFFEFFFFFFF

clint mtime 0x000000000000014E (mip.MTI <- 0b1, mip.STI <- 0b0)
mem[X,0x00000000800008F8] -> 0x3423
mem[X,0x00000000800008FA] -> 0x2EA1
[668] [M]: 0x00000000800008F8 (0x2EA13423) sd x10, 0x2e8(x2)                        inst_115+14
mem[W,0x00000000800034B0] <- 0xFFFFFFFFEFFFFFFF

mem[X,0x00000000800008FC] -> 0x0593
mem[X,0x00000000800008FE] -> 0x0010
[669] [M]: 0x00000000800008FC (0x00100593) addi x11, x0, 0x1                        inst_116+0
x11 <- 0x0000000000000001

clint mtime 0x000000000000014F (mip.MTI <- 0b1, mip.STI <- 0b0)
mem[X,0x0000000080000900] -> 0x9593
mem[X,0x0000000080000902] -> 0x01D5
[670] [M]: 0x0000000080000900 (0x01D59593) slli x11, x11, 0x1d                      inst_116+4
x11 <- 0x0000000020000000

mem[X,0x0000000080000904] -> 0xC593
mem[X,0x0000000080000906] -> 0xFFF5
[671] [M]: 0x0000000080000904 (0xFFF5C593) xori x11, x11, -0x1                      inst_116+8
x11 <- 0xFFFFFFFFDFFFFFFF

clint mtime 0x0000000000000150 (mip.MTI <- 0b1, mip.STI <- 0b0)
mem[X,0x0000000080000908] -> 0x852E
[672] [M]: 0x0000000080000908 (0x852E) c.mv x10, x11                                inst_116+12
x10 <- 0xFFFFFFFFDFFFFFFF

mem[X,0x000000008000090A] -> 0x3823
mem[X,0x000000008000090C] -> 0x2EA1
[673] [M]: 0x000000008000090A (0x2EA13823) sd x10, 0x2f0(x2)                        inst_116+14
mem[W,0x00000000800034B8] <- 0xFFFFFFFFDFFFFFFF

clint mtime 0x0000000000000151 (mip.MTI <- 0b1, mip.STI <- 0b0)
mem[X,0x000000008000090E] -> 0x0593
mem[X,0x0000000080000910] -> 0x0010
[674] [M]: 0x000000008000090E (0x00100593) addi x11, x0, 0x1                        inst_117+0
x11 <- 0x0000000000000001

mem[X,0x0000000080000912] -> 0x9593
mem[X,0x0000000080000914] -> 0x01E5
[675] [M]: 0x0000000080000912 (0x01E59593) slli x11, x11, 0x1e                      inst_117+4
x11 <- 0x0000000040000000

clint mtime 0x0000000000000152 (mip.MTI <- 0b1, mip.STI <- 0b0)
mem[X,0x0000000080000916] -> 0xC593
mem[X,0x0000000080000918] -> 0xFFF5
[676] [M]: 0x0000000080000916 (0xFFF5C593) xori x11, x11, -0x1                      inst_117+8
x11 <- 0xFFFFFFFFBFFFFFFF

mem[X,0x000000008000091A] -> 0x852E
[677] [M]: 0x000000008000091A (0x852E) c.mv x10, x11                                inst_117+12
x10 <- 0xFFFFFFFFBFFFFFFF

clint mtime 0x0000000000000153 (mip.MTI <- 0b1, mip.STI <- 0b0)
mem[X,0x000000008000091C] -> 0x3C23
mem[X,0x000000008000091E] -> 0x2EA1
[678] [M]: 0x000000008000091C (0x2EA13C23) sd x10, 0x2f8(x2)                        inst_117+14
mem[W,0x00000000800034C0] <- 0xFFFFFFFFBFFFFFFF

mem[X,0x0000000080000920] -> 0x0593
mem[X,0x0000000080000922] -> 0x0010
[679] [M]: 0x0000000080000920 (0x00100593) addi x11, x0, 0x1                        inst_118+0
x11 <- 0x0000000000000001

clint mtime 0x0000000000000154 (mip.MTI <- 0b1, mip.STI <- 0b0)
mem[X,0x0000000080000924] -> 0x9593
mem[X,0x0000000080000926] -> 0x01F5
[680] [M]: 0x0000000080000924 (0x01F59593) slli x11, x11, 0x1f                      inst_118+4
x11 <- 0x0000000080000000

mem[X,0x0000000080000928] -> 0xC593
mem[X,0x000000008000092A] -> 0xFFF5
[681] [M]: 0x0000000080000928 (0xFFF5C593) xori x11, x11, -0x1                      inst_118+8
x11 <- 0xFFFFFFFF7FFFFFFF

clint mtime 0x0000000000000155 (mip.MTI <- 0b1, mip.STI <- 0b0)
mem[X,0x000000008000092C] -> 0x852E
[682] [M]: 0x000000008000092C (0x852E) c.mv x10, x11                                inst_118+12
x10 <- 0xFFFFFFFF7FFFFFFF

mem[X,0x000000008000092E] -> 0x3023
mem[X,0x0000000080000930] -> 0x30A1
[683] [M]: 0x000000008000092E (0x30A13023) sd x10, 0x300(x2)                        inst_118+14
mem[W,0x00000000800034C8] <- 0xFFFFFFFF7FFFFFFF

clint mtime 0x0000000000000156 (mip.MTI <- 0b1, mip.STI <- 0b0)
mem[X,0x0000000080000932] -> 0x0593
mem[X,0x0000000080000934] -> 0x0010
[684] [M]: 0x0000000080000932 (0x00100593) addi x11, x0, 0x1                        inst_119+0
x11 <- 0x0000000000000001

mem[X,0x0000000080000936] -> 0x9593
mem[X,0x0000000080000938] -> 0x0205
[685] [M]: 0x0000000080000936 (0x02059593) slli x11, x11, 0x20                      inst_119+4
x11 <- 0x0000000100000000

clint mtime 0x0000000000000157 (mip.MTI <- 0b1, mip.STI <- 0b0)
mem[X,0x000000008000093A] -> 0xC593
mem[X,0x000000008000093C] -> 0xFFF5
[686] [M]: 0x000000008000093A (0xFFF5C593) xori x11, x11, -0x1                      inst_119+8
x11 <- 0xFFFFFFFEFFFFFFFF

mem[X,0x000000008000093E] -> 0x852E
[687] [M]: 0x000000008000093E (0x852E) c.mv x10, x11                                inst_119+12
x10 <- 0xFFFFFFFEFFFFFFFF

clint mtime 0x0000000000000158 (mip.MTI <- 0b1, mip.STI <- 0b0)
mem[X,0x0000000080000940] -> 0x3423
mem[X,0x0000000080000942] -> 0x30A1
[688] [M]: 0x0000000080000940 (0x30A13423) sd x10, 0x308(x2)                        inst_119+14
mem[W,0x00000000800034D0] <- 0xFFFFFFFEFFFFFFFF

mem[X,0x0000000080000944] -> 0x0593
mem[X,0x0000000080000946] -> 0x0010
[689] [M]: 0x0000000080000944 (0x00100593) addi x11, x0, 0x1                        inst_120+0
x11 <- 0x0000000000000001

clint mtime 0x0000000000000159 (mip.MTI <- 0b1, mip.STI <- 0b0)
mem[X,0x0000000080000948] -> 0x9593
mem[X,0x000000008000094A] -> 0x0215
[690] [M]: 0x0000000080000948 (0x02159593) slli x11, x11, 0x21                      inst_120+4
x11 <- 0x0000000200000000

mem[X,0x000000008000094C] -> 0xC593
mem[X,0x000000008000094E] -> 0xFFF5
[691] [M]: 0x000000008000094C (0xFFF5C593) xori x11, x11, -0x1                      inst_120+8
x11 <- 0xFFFFFFFDFFFFFFFF

clint mtime 0x000000000000015A (mip.MTI <- 0b1, mip.STI <- 0b0)
mem[X,0x0000000080000950] -> 0x852E
[692] [M]: 0x0000000080000950 (0x852E) c.mv x10, x11                                inst_120+12
x10 <- 0xFFFFFFFDFFFFFFFF

mem[X,0x0000000080000952] -> 0x3823
mem[X,0x0000000080000954] -> 0x30A1
[693] [M]: 0x0000000080000952 (0x30A13823) sd x10, 0x310(x2)                        inst_120+14
mem[W,0x00000000800034D8] <- 0xFFFFFFFDFFFFFFFF

clint mtime 0x000000000000015B (mip.MTI <- 0b1, mip.STI <- 0b0)
mem[X,0x0000000080000956] -> 0x0593
mem[X,0x0000000080000958] -> 0x0010
[694] [M]: 0x0000000080000956 (0x00100593) addi x11, x0, 0x1                        inst_121+0
x11 <- 0x0000000000000001

mem[X,0x000000008000095A] -> 0x9593
mem[X,0x000000008000095C] -> 0x0225
[695] [M]: 0x000000008000095A (0x02259593) slli x11, x11, 0x22                      inst_121+4
x11 <- 0x0000000400000000

clint mtime 0x000000000000015C (mip.MTI <- 0b1, mip.STI <- 0b0)
mem[X,0x000000008000095E] -> 0xC593
mem[X,0x0000000080000960] -> 0xFFF5
[696] [M]: 0x000000008000095E (0xFFF5C593) xori x11, x11, -0x1                      inst_121+8
x11 <- 0xFFFFFFFBFFFFFFFF

mem[X,0x0000000080000962] -> 0x852E
[697] [M]: 0x0000000080000962 (0x852E) c.mv x10, x11                                inst_121+12
x10 <- 0xFFFFFFFBFFFFFFFF

clint mtime 0x000000000000015D (mip.MTI <- 0b1, mip.STI <- 0b0)
mem[X,0x0000000080000964] -> 0x3C23
mem[X,0x0000000080000966] -> 0x30A1
[698] [M]: 0x0000000080000964 (0x30A13C23) sd x10, 0x318(x2)                        inst_121+14
mem[W,0x00000000800034E0] <- 0xFFFFFFFBFFFFFFFF

mem[X,0x0000000080000968] -> 0x0593
mem[X,0x000000008000096A] -> 0x0010
[699] [M]: 0x0000000080000968 (0x00100593) addi x11, x0, 0x1                        inst_122+0
x11 <- 0x0000000000000001

clint mtime 0x000000000000015E (mip.MTI <- 0b1, mip.STI <- 0b0)
mem[X,0x000000008000096C] -> 0x9593
mem[X,0x000000008000096E] -> 0x0235
[700] [M]: 0x000000008000096C (0x02359593) slli x11, x11, 0x23                      inst_122+4
x11 <- 0x0000000800000000

mem[X,0x0000000080000970] -> 0xC593
mem[X,0x0000000080000972] -> 0xFFF5
[701] [M]: 0x0000000080000970 (0xFFF5C593) xori x11, x11, -0x1                      inst_122+8
x11 <- 0xFFFFFFF7FFFFFFFF

clint mtime 0x000000000000015F (mip.MTI <- 0b1, mip.STI <- 0b0)
mem[X,0x0000000080000974] -> 0x852E
[702] [M]: 0x0000000080000974 (0x852E) c.mv x10, x11                                inst_122+12
x10 <- 0xFFFFFFF7FFFFFFFF

mem[X,0x0000000080000976] -> 0x3023
mem[X,0x0000000080000978] -> 0x32A1
[703] [M]: 0x0000000080000976 (0x32A13023) sd x10, 0x320(x2)                        inst_122+14
mem[W,0x00000000800034E8] <- 0xFFFFFFF7FFFFFFFF

clint mtime 0x0000000000000160 (mip.MTI <- 0b1, mip.STI <- 0b0)
mem[X,0x000000008000097A] -> 0x0593
mem[X,0x000000008000097C] -> 0x0010
[704] [M]: 0x000000008000097A (0x00100593) addi x11, x0, 0x1                        inst_123+0
x11 <- 0x0000000000000001

mem[X,0x000000008000097E] -> 0x9593
mem[X,0x0000000080000980] -> 0x0245
[705] [M]: 0x000000008000097E (0x02459593) slli x11, x11, 0x24                      inst_123+4
x11 <- 0x0000001000000000

clint mtime 0x0000000000000161 (mip.MTI <- 0b1, mip.STI <- 0b0)
mem[X,0x0000000080000982] -> 0xC593
mem[X,0x0000000080000984] -> 0xFFF5
[706] [M]: 0x0000000080000982 (0xFFF5C593) xori x11, x11, -0x1                      inst_123+8
x11 <- 0xFFFFFFEFFFFFFFFF

mem[X,0x0000000080000986] -> 0x852E
[707] [M]: 0x0000000080000986 (0x852E) c.mv x10, x11                                inst_123+12
x10 <- 0xFFFFFFEFFFFFFFFF

clint mtime 0x0000000000000162 (mip.MTI <- 0b1, mip.STI <- 0b0)
mem[X,0x0000000080000988] -> 0x3423
mem[X,0x000000008000098A] -> 0x32A1
[708] [M]: 0x0000000080000988 (0x32A13423) sd x10, 0x328(x2)                        inst_123+14
mem[W,0x00000000800034F0] <- 0xFFFFFFEFFFFFFFFF

mem[X,0x000000008000098C] -> 0x0593
mem[X,0x000000008000098E] -> 0x0010
[709] [M]: 0x000000008000098C (0x00100593) addi x11, x0, 0x1                        inst_124+0
x11 <- 0x0000000000000001

clint mtime 0x0000000000000163 (mip.MTI <- 0b1, mip.STI <- 0b0)
mem[X,0x0000000080000990] -> 0x9593
mem[X,0x0000000080000992] -> 0x0255
[710] [M]: 0x0000000080000990 (0x02559593) slli x11, x11, 0x25                      inst_124+4
x11 <- 0x0000002000000000

mem[X,0x0000000080000994] -> 0xC593
mem[X,0x0000000080000996] -> 0xFFF5
[711] [M]: 0x0000000080000994 (0xFFF5C593) xori x11, x11, -0x1                      inst_124+8
x11 <- 0xFFFFFFDFFFFFFFFF

clint mtime 0x0000000000000164 (mip.MTI <- 0b1, mip.STI <- 0b0)
mem[X,0x0000000080000998] -> 0x852E
[712] [M]: 0x0000000080000998 (0x852E) c.mv x10, x11                                inst_124+12
x10 <- 0xFFFFFFDFFFFFFFFF

mem[X,0x000000008000099A] -> 0x3823
mem[X,0x000000008000099C] -> 0x32A1
[713] [M]: 0x000000008000099A (0x32A13823) sd x10, 0x330(x2)                        inst_124+14
mem[W,0x00000000800034F8] <- 0xFFFFFFDFFFFFFFFF

clint mtime 0x0000000000000165 (mip.MTI <- 0b1, mip.STI <- 0b0)
mem[X,0x000000008000099E] -> 0x0593
mem[X,0x00000000800009A0] -> 0x0010
[714] [M]: 0x000000008000099E (0x00100593) addi x11, x0, 0x1                        inst_125+0
x11 <- 0x0000000000000001

mem[X,0x00000000800009A2] -> 0x9593
mem[X,0x00000000800009A4] -> 0x0265
[715] [M]: 0x00000000800009A2 (0x02659593) slli x11, x11, 0x26                      inst_125+4
x11 <- 0x0000004000000000

clint mtime 0x0000000000000166 (mip.MTI <- 0b1, mip.STI <- 0b0)
mem[X,0x00000000800009A6] -> 0xC593
mem[X,0x00000000800009A8] -> 0xFFF5
[716] [M]: 0x00000000800009A6 (0xFFF5C593) xori x11, x11, -0x1                      inst_125+8
x11 <- 0xFFFFFFBFFFFFFFFF

mem[X,0x00000000800009AA] -> 0x852E
[717] [M]: 0x00000000800009AA (0x852E) c.mv x10, x11                                inst_125+12
x10 <- 0xFFFFFFBFFFFFFFFF

clint mtime 0x0000000000000167 (mip.MTI <- 0b1, mip.STI <- 0b0)
mem[X,0x00000000800009AC] -> 0x3C23
mem[X,0x00000000800009AE] -> 0x32A1
[718] [M]: 0x00000000800009AC (0x32A13C23) sd x10, 0x338(x2)                        inst_125+14
mem[W,0x0000000080003500] <- 0xFFFFFFBFFFFFFFFF

mem[X,0x00000000800009B0] -> 0x0593
mem[X,0x00000000800009B2] -> 0x0010
[719] [M]: 0x00000000800009B0 (0x00100593) addi x11, x0, 0x1                        inst_126+0
x11 <- 0x0000000000000001

clint mtime 0x0000000000000168 (mip.MTI <- 0b1, mip.STI <- 0b0)
mem[X,0x00000000800009B4] -> 0x9593
mem[X,0x00000000800009B6] -> 0x0275
[720] [M]: 0x00000000800009B4 (0x02759593) slli x11, x11, 0x27                      inst_126+4
x11 <- 0x0000008000000000

mem[X,0x00000000800009B8] -> 0xC593
mem[X,0x00000000800009BA] -> 0xFFF5
[721] [M]: 0x00000000800009B8 (0xFFF5C593) xori x11, x11, -0x1                      inst_126+8
x11 <- 0xFFFFFF7FFFFFFFFF

clint mtime 0x0000000000000169 (mip.MTI <- 0b1, mip.STI <- 0b0)
mem[X,0x00000000800009BC] -> 0x852E
[722] [M]: 0x00000000800009BC (0x852E) c.mv x10, x11                                inst_126+12
x10 <- 0xFFFFFF7FFFFFFFFF

mem[X,0x00000000800009BE] -> 0x3023
mem[X,0x00000000800009C0] -> 0x34A1
[723] [M]: 0x00000000800009BE (0x34A13023) sd x10, 0x340(x2)                        inst_126+14
mem[W,0x0000000080003508] <- 0xFFFFFF7FFFFFFFFF

clint mtime 0x000000000000016A (mip.MTI <- 0b1, mip.STI <- 0b0)
mem[X,0x00000000800009C2] -> 0x0593
mem[X,0x00000000800009C4] -> 0x0010
[724] [M]: 0x00000000800009C2 (0x00100593) addi x11, x0, 0x1                        inst_127+0
x11 <- 0x0000000000000001

mem[X,0x00000000800009C6] -> 0x9593
mem[X,0x00000000800009C8] -> 0x0285
[725] [M]: 0x00000000800009C6 (0x02859593) slli x11, x11, 0x28                      inst_127+4
x11 <- 0x0000010000000000

clint mtime 0x000000000000016B (mip.MTI <- 0b1, mip.STI <- 0b0)
mem[X,0x00000000800009CA] -> 0xC593
mem[X,0x00000000800009CC] -> 0xFFF5
[726] [M]: 0x00000000800009CA (0xFFF5C593) xori x11, x11, -0x1                      inst_127+8
x11 <- 0xFFFFFEFFFFFFFFFF

mem[X,0x00000000800009CE] -> 0x852E
[727] [M]: 0x00000000800009CE (0x852E) c.mv x10, x11                                inst_127+12
x10 <- 0xFFFFFEFFFFFFFFFF

clint mtime 0x000000000000016C (mip.MTI <- 0b1, mip.STI <- 0b0)
mem[X,0x00000000800009D0] -> 0x3423
mem[X,0x00000000800009D2] -> 0x34A1
[728] [M]: 0x00000000800009D0 (0x34A13423) sd x10, 0x348(x2)                        inst_127+14
mem[W,0x0000000080003510] <- 0xFFFFFEFFFFFFFFFF

mem[X,0x00000000800009D4] -> 0x0593
mem[X,0x00000000800009D6] -> 0x0010
[729] [M]: 0x00000000800009D4 (0x00100593) addi x11, x0, 0x1                        inst_128+0
x11 <- 0x0000000000000001

clint mtime 0x000000000000016D (mip.MTI <- 0b1, mip.STI <- 0b0)
mem[X,0x00000000800009D8] -> 0x9593
mem[X,0x00000000800009DA] -> 0x0295
[730] [M]: 0x00000000800009D8 (0x02959593) slli x11, x11, 0x29                      inst_128+4
x11 <- 0x0000020000000000

mem[X,0x00000000800009DC] -> 0xC593
mem[X,0x00000000800009DE] -> 0xFFF5
[731] [M]: 0x00000000800009DC (0xFFF5C593) xori x11, x11, -0x1                      inst_128+8
x11 <- 0xFFFFFDFFFFFFFFFF

clint mtime 0x000000000000016E (mip.MTI <- 0b1, mip.STI <- 0b0)
mem[X,0x00000000800009E0] -> 0x852E
[732] [M]: 0x00000000800009E0 (0x852E) c.mv x10, x11                                inst_128+12
x10 <- 0xFFFFFDFFFFFFFFFF

mem[X,0x00000000800009E2] -> 0x3823
mem[X,0x00000000800009E4] -> 0x34A1
[733] [M]: 0x00000000800009E2 (0x34A13823) sd x10, 0x350(x2)                        inst_128+14
mem[W,0x0000000080003518] <- 0xFFFFFDFFFFFFFFFF

clint mtime 0x000000000000016F (mip.MTI <- 0b1, mip.STI <- 0b0)
mem[X,0x00000000800009E6] -> 0x0593
mem[X,0x00000000800009E8] -> 0x0010
[734] [M]: 0x00000000800009E6 (0x00100593) addi x11, x0, 0x1                        inst_129+0
x11 <- 0x0000000000000001

mem[X,0x00000000800009EA] -> 0x9593
mem[X,0x00000000800009EC] -> 0x02A5
[735] [M]: 0x00000000800009EA (0x02A59593) slli x11, x11, 0x2a                      inst_129+4
x11 <- 0x0000040000000000

clint mtime 0x0000000000000170 (mip.MTI <- 0b1, mip.STI <- 0b0)
mem[X,0x00000000800009EE] -> 0xC593
mem[X,0x00000000800009F0] -> 0xFFF5
[736] [M]: 0x00000000800009EE (0xFFF5C593) xori x11, x11, -0x1                      inst_129+8
x11 <- 0xFFFFFBFFFFFFFFFF

mem[X,0x00000000800009F2] -> 0x852E
[737] [M]: 0x00000000800009F2 (0x852E) c.mv x10, x11                                inst_129+12
x10 <- 0xFFFFFBFFFFFFFFFF

clint mtime 0x0000000000000171 (mip.MTI <- 0b1, mip.STI <- 0b0)
mem[X,0x00000000800009F4] -> 0x3C23
mem[X,0x00000000800009F6] -> 0x34A1
[738] [M]: 0x00000000800009F4 (0x34A13C23) sd x10, 0x358(x2)                        inst_129+14
mem[W,0x0000000080003520] <- 0xFFFFFBFFFFFFFFFF

mem[X,0x00000000800009F8] -> 0x0593
mem[X,0x00000000800009FA] -> 0x0010
[739] [M]: 0x00000000800009F8 (0x00100593) addi x11, x0, 0x1                        inst_130+0
x11 <- 0x0000000000000001

clint mtime 0x0000000000000172 (mip.MTI <- 0b1, mip.STI <- 0b0)
mem[X,0x00000000800009FC] -> 0x9593
mem[X,0x00000000800009FE] -> 0x02B5
[740] [M]: 0x00000000800009FC (0x02B59593) slli x11, x11, 0x2b                      inst_130+4
x11 <- 0x0000080000000000

mem[X,0x0000000080000A00] -> 0xC593
mem[X,0x0000000080000A02] -> 0xFFF5
[741] [M]: 0x0000000080000A00 (0xFFF5C593) xori x11, x11, -0x1                      inst_130+8
x11 <- 0xFFFFF7FFFFFFFFFF

clint mtime 0x0000000000000173 (mip.MTI <- 0b1, mip.STI <- 0b0)
mem[X,0x0000000080000A04] -> 0x852E
[742] [M]: 0x0000000080000A04 (0x852E) c.mv x10, x11                                inst_130+12
x10 <- 0xFFFFF7FFFFFFFFFF

mem[X,0x0000000080000A06] -> 0x3023
mem[X,0x0000000080000A08] -> 0x36A1
[743] [M]: 0x0000000080000A06 (0x36A13023) sd x10, 0x360(x2)                        inst_130+14
mem[W,0x0000000080003528] <- 0xFFFFF7FFFFFFFFFF

clint mtime 0x0000000000000174 (mip.MTI <- 0b1, mip.STI <- 0b0)
mem[X,0x0000000080000A0A] -> 0x0593
mem[X,0x0000000080000A0C] -> 0x0010
[744] [M]: 0x0000000080000A0A (0x00100593) addi x11, x0, 0x1                        inst_131+0
x11 <- 0x0000000000000001

mem[X,0x0000000080000A0E] -> 0x9593
mem[X,0x0000000080000A10] -> 0x02C5
[745] [M]: 0x0000000080000A0E (0x02C59593) slli x11, x11, 0x2c                      inst_131+4
x11 <- 0x0000100000000000

clint mtime 0x0000000000000175 (mip.MTI <- 0b1, mip.STI <- 0b0)
mem[X,0x0000000080000A12] -> 0xC593
mem[X,0x0000000080000A14] -> 0xFFF5
[746] [M]: 0x0000000080000A12 (0xFFF5C593) xori x11, x11, -0x1                      inst_131+8
x11 <- 0xFFFFEFFFFFFFFFFF

mem[X,0x0000000080000A16] -> 0x852E
[747] [M]: 0x0000000080000A16 (0x852E) c.mv x10, x11                                inst_131+12
x10 <- 0xFFFFEFFFFFFFFFFF

clint mtime 0x0000000000000176 (mip.MTI <- 0b1, mip.STI <- 0b0)
mem[X,0x0000000080000A18] -> 0x3423
mem[X,0x0000000080000A1A] -> 0x36A1
[748] [M]: 0x0000000080000A18 (0x36A13423) sd x10, 0x368(x2)                        inst_131+14
mem[W,0x0000000080003530] <- 0xFFFFEFFFFFFFFFFF

mem[X,0x0000000080000A1C] -> 0x0593
mem[X,0x0000000080000A1E] -> 0x0010
[749] [M]: 0x0000000080000A1C (0x00100593) addi x11, x0, 0x1                        inst_132+0
x11 <- 0x0000000000000001

clint mtime 0x0000000000000177 (mip.MTI <- 0b1, mip.STI <- 0b0)
mem[X,0x0000000080000A20] -> 0x9593
mem[X,0x0000000080000A22] -> 0x02D5
[750] [M]: 0x0000000080000A20 (0x02D59593) slli x11, x11, 0x2d                      inst_132+4
x11 <- 0x0000200000000000

mem[X,0x0000000080000A24] -> 0xC593
mem[X,0x0000000080000A26] -> 0xFFF5
[751] [M]: 0x0000000080000A24 (0xFFF5C593) xori x11, x11, -0x1                      inst_132+8
x11 <- 0xFFFFDFFFFFFFFFFF

clint mtime 0x0000000000000178 (mip.MTI <- 0b1, mip.STI <- 0b0)
mem[X,0x0000000080000A28] -> 0x852E
[752] [M]: 0x0000000080000A28 (0x852E) c.mv x10, x11                                inst_132+12
x10 <- 0xFFFFDFFFFFFFFFFF

mem[X,0x0000000080000A2A] -> 0x3823
mem[X,0x0000000080000A2C] -> 0x36A1
[753] [M]: 0x0000000080000A2A (0x36A13823) sd x10, 0x370(x2)                        inst_132+14
mem[W,0x0000000080003538] <- 0xFFFFDFFFFFFFFFFF

clint mtime 0x0000000000000179 (mip.MTI <- 0b1, mip.STI <- 0b0)
mem[X,0x0000000080000A2E] -> 0x0593
mem[X,0x0000000080000A30] -> 0x0010
[754] [M]: 0x0000000080000A2E (0x00100593) addi x11, x0, 0x1                        inst_133+0
x11 <- 0x0000000000000001

mem[X,0x0000000080000A32] -> 0x9593
mem[X,0x0000000080000A34] -> 0x02E5
[755] [M]: 0x0000000080000A32 (0x02E59593) slli x11, x11, 0x2e                      inst_133+4
x11 <- 0x0000400000000000

clint mtime 0x000000000000017A (mip.MTI <- 0b1, mip.STI <- 0b0)
mem[X,0x0000000080000A36] -> 0xC593
mem[X,0x0000000080000A38] -> 0xFFF5
[756] [M]: 0x0000000080000A36 (0xFFF5C593) xori x11, x11, -0x1                      inst_133+8
x11 <- 0xFFFFBFFFFFFFFFFF

mem[X,0x0000000080000A3A] -> 0x852E
[757] [M]: 0x0000000080000A3A (0x852E) c.mv x10, x11                                inst_133+12
x10 <- 0xFFFFBFFFFFFFFFFF

clint mtime 0x000000000000017B (mip.MTI <- 0b1, mip.STI <- 0b0)
mem[X,0x0000000080000A3C] -> 0x3C23
mem[X,0x0000000080000A3E] -> 0x36A1
[758] [M]: 0x0000000080000A3C (0x36A13C23) sd x10, 0x378(x2)                        inst_133+14
mem[W,0x0000000080003540] <- 0xFFFFBFFFFFFFFFFF

mem[X,0x0000000080000A40] -> 0x0593
mem[X,0x0000000080000A42] -> 0x0010
[759] [M]: 0x0000000080000A40 (0x00100593) addi x11, x0, 0x1                        inst_134+0
x11 <- 0x0000000000000001

clint mtime 0x000000000000017C (mip.MTI <- 0b1, mip.STI <- 0b0)
mem[X,0x0000000080000A44] -> 0x9593
mem[X,0x0000000080000A46] -> 0x02F5
[760] [M]: 0x0000000080000A44 (0x02F59593) slli x11, x11, 0x2f                      inst_134+4
x11 <- 0x0000800000000000

mem[X,0x0000000080000A48] -> 0xC593
mem[X,0x0000000080000A4A] -> 0xFFF5
[761] [M]: 0x0000000080000A48 (0xFFF5C593) xori x11, x11, -0x1                      inst_134+8
x11 <- 0xFFFF7FFFFFFFFFFF

clint mtime 0x000000000000017D (mip.MTI <- 0b1, mip.STI <- 0b0)
mem[X,0x0000000080000A4C] -> 0x852E
[762] [M]: 0x0000000080000A4C (0x852E) c.mv x10, x11                                inst_134+12
x10 <- 0xFFFF7FFFFFFFFFFF

mem[X,0x0000000080000A4E] -> 0x3023
mem[X,0x0000000080000A50] -> 0x38A1
[763] [M]: 0x0000000080000A4E (0x38A13023) sd x10, 0x380(x2)                        inst_134+14
mem[W,0x0000000080003548] <- 0xFFFF7FFFFFFFFFFF

clint mtime 0x000000000000017E (mip.MTI <- 0b1, mip.STI <- 0b0)
mem[X,0x0000000080000A52] -> 0x0593
mem[X,0x0000000080000A54] -> 0x0010
[764] [M]: 0x0000000080000A52 (0x00100593) addi x11, x0, 0x1                        inst_135+0
x11 <- 0x0000000000000001

mem[X,0x0000000080000A56] -> 0x9593
mem[X,0x0000000080000A58] -> 0x0305
[765] [M]: 0x0000000080000A56 (0x03059593) slli x11, x11, 0x30                      inst_135+4
x11 <- 0x0001000000000000

clint mtime 0x000000000000017F (mip.MTI <- 0b1, mip.STI <- 0b0)
mem[X,0x0000000080000A5A] -> 0xC593
mem[X,0x0000000080000A5C] -> 0xFFF5
[766] [M]: 0x0000000080000A5A (0xFFF5C593) xori x11, x11, -0x1                      inst_135+8
x11 <- 0xFFFEFFFFFFFFFFFF

mem[X,0x0000000080000A5E] -> 0x852E
[767] [M]: 0x0000000080000A5E (0x852E) c.mv x10, x11                                inst_135+12
x10 <- 0xFFFEFFFFFFFFFFFF

clint mtime 0x0000000000000180 (mip.MTI <- 0b1, mip.STI <- 0b0)
mem[X,0x0000000080000A60] -> 0x3423
mem[X,0x0000000080000A62] -> 0x38A1
[768] [M]: 0x0000000080000A60 (0x38A13423) sd x10, 0x388(x2)                        inst_135+14
mem[W,0x0000000080003550] <- 0xFFFEFFFFFFFFFFFF

mem[X,0x0000000080000A64] -> 0x0593
mem[X,0x0000000080000A66] -> 0x0010
[769] [M]: 0x0000000080000A64 (0x00100593) addi x11, x0, 0x1                        inst_136+0
x11 <- 0x0000000000000001

clint mtime 0x0000000000000181 (mip.MTI <- 0b1, mip.STI <- 0b0)
mem[X,0x0000000080000A68] -> 0x9593
mem[X,0x0000000080000A6A] -> 0x0315
[770] [M]: 0x0000000080000A68 (0x03159593) slli x11, x11, 0x31                      inst_136+4
x11 <- 0x0002000000000000

mem[X,0x0000000080000A6C] -> 0xC593
mem[X,0x0000000080000A6E] -> 0xFFF5
[771] [M]: 0x0000000080000A6C (0xFFF5C593) xori x11, x11, -0x1                      inst_136+8
x11 <- 0xFFFDFFFFFFFFFFFF

clint mtime 0x0000000000000182 (mip.MTI <- 0b1, mip.STI <- 0b0)
mem[X,0x0000000080000A70] -> 0x852E
[772] [M]: 0x0000000080000A70 (0x852E) c.mv x10, x11                                inst_136+12
x10 <- 0xFFFDFFFFFFFFFFFF

mem[X,0x0000000080000A72] -> 0x3823
mem[X,0x0000000080000A74] -> 0x38A1
[773] [M]: 0x0000000080000A72 (0x38A13823) sd x10, 0x390(x2)                        inst_136+14
mem[W,0x0000000080003558] <- 0xFFFDFFFFFFFFFFFF

clint mtime 0x0000000000000183 (mip.MTI <- 0b1, mip.STI <- 0b0)
mem[X,0x0000000080000A76] -> 0x0593
mem[X,0x0000000080000A78] -> 0x0010
[774] [M]: 0x0000000080000A76 (0x00100593) addi x11, x0, 0x1                        inst_137+0
x11 <- 0x0000000000000001

mem[X,0x0000000080000A7A] -> 0x9593
mem[X,0x0000000080000A7C] -> 0x0325
[775] [M]: 0x0000000080000A7A (0x03259593) slli x11, x11, 0x32                      inst_137+4
x11 <- 0x0004000000000000

clint mtime 0x0000000000000184 (mip.MTI <- 0b1, mip.STI <- 0b0)
mem[X,0x0000000080000A7E] -> 0xC593
mem[X,0x0000000080000A80] -> 0xFFF5
[776] [M]: 0x0000000080000A7E (0xFFF5C593) xori x11, x11, -0x1                      inst_137+8
x11 <- 0xFFFBFFFFFFFFFFFF

mem[X,0x0000000080000A82] -> 0x852E
[777] [M]: 0x0000000080000A82 (0x852E) c.mv x10, x11                                inst_137+12
x10 <- 0xFFFBFFFFFFFFFFFF

clint mtime 0x0000000000000185 (mip.MTI <- 0b1, mip.STI <- 0b0)
mem[X,0x0000000080000A84] -> 0x3C23
mem[X,0x0000000080000A86] -> 0x38A1
[778] [M]: 0x0000000080000A84 (0x38A13C23) sd x10, 0x398(x2)                        inst_137+14
mem[W,0x0000000080003560] <- 0xFFFBFFFFFFFFFFFF

mem[X,0x0000000080000A88] -> 0x0593
mem[X,0x0000000080000A8A] -> 0x0010
[779] [M]: 0x0000000080000A88 (0x00100593) addi x11, x0, 0x1                        inst_138+0
x11 <- 0x0000000000000001

clint mtime 0x0000000000000186 (mip.MTI <- 0b1, mip.STI <- 0b0)
mem[X,0x0000000080000A8C] -> 0x9593
mem[X,0x0000000080000A8E] -> 0x0335
[780] [M]: 0x0000000080000A8C (0x03359593) slli x11, x11, 0x33                      inst_138+4
x11 <- 0x0008000000000000

mem[X,0x0000000080000A90] -> 0xC593
mem[X,0x0000000080000A92] -> 0xFFF5
[781] [M]: 0x0000000080000A90 (0xFFF5C593) xori x11, x11, -0x1                      inst_138+8
x11 <- 0xFFF7FFFFFFFFFFFF

clint mtime 0x0000000000000187 (mip.MTI <- 0b1, mip.STI <- 0b0)
mem[X,0x0000000080000A94] -> 0x852E
[782] [M]: 0x0000000080000A94 (0x852E) c.mv x10, x11                                inst_138+12
x10 <- 0xFFF7FFFFFFFFFFFF

mem[X,0x0000000080000A96] -> 0x3023
mem[X,0x0000000080000A98] -> 0x3AA1
[783] [M]: 0x0000000080000A96 (0x3AA13023) sd x10, 0x3a0(x2)                        inst_138+14
mem[W,0x0000000080003568] <- 0xFFF7FFFFFFFFFFFF

clint mtime 0x0000000000000188 (mip.MTI <- 0b1, mip.STI <- 0b0)
mem[X,0x0000000080000A9A] -> 0x0593
mem[X,0x0000000080000A9C] -> 0x0010
[784] [M]: 0x0000000080000A9A (0x00100593) addi x11, x0, 0x1                        inst_139+0
x11 <- 0x0000000000000001

mem[X,0x0000000080000A9E] -> 0x9593
mem[X,0x0000000080000AA0] -> 0x0345
[785] [M]: 0x0000000080000A9E (0x03459593) slli x11, x11, 0x34                      inst_139+4
x11 <- 0x0010000000000000

clint mtime 0x0000000000000189 (mip.MTI <- 0b1, mip.STI <- 0b0)
mem[X,0x0000000080000AA2] -> 0xC593
mem[X,0x0000000080000AA4] -> 0xFFF5
[786] [M]: 0x0000000080000AA2 (0xFFF5C593) xori x11, x11, -0x1                      inst_139+8
x11 <- 0xFFEFFFFFFFFFFFFF

mem[X,0x0000000080000AA6] -> 0x852E
[787] [M]: 0x0000000080000AA6 (0x852E) c.mv x10, x11                                inst_139+12
x10 <- 0xFFEFFFFFFFFFFFFF

clint mtime 0x000000000000018A (mip.MTI <- 0b1, mip.STI <- 0b0)
mem[X,0x0000000080000AA8] -> 0x3423
mem[X,0x0000000080000AAA] -> 0x3AA1
[788] [M]: 0x0000000080000AA8 (0x3AA13423) sd x10, 0x3a8(x2)                        inst_139+14
mem[W,0x0000000080003570] <- 0xFFEFFFFFFFFFFFFF

mem[X,0x0000000080000AAC] -> 0x0593
mem[X,0x0000000080000AAE] -> 0x0010
[789] [M]: 0x0000000080000AAC (0x00100593) addi x11, x0, 0x1                        inst_140+0
x11 <- 0x0000000000000001

clint mtime 0x000000000000018B (mip.MTI <- 0b1, mip.STI <- 0b0)
mem[X,0x0000000080000AB0] -> 0x9593
mem[X,0x0000000080000AB2] -> 0x0355
[790] [M]: 0x0000000080000AB0 (0x03559593) slli x11, x11, 0x35                      inst_140+4
x11 <- 0x0020000000000000

mem[X,0x0000000080000AB4] -> 0xC593
mem[X,0x0000000080000AB6] -> 0xFFF5
[791] [M]: 0x0000000080000AB4 (0xFFF5C593) xori x11, x11, -0x1                      inst_140+8
x11 <- 0xFFDFFFFFFFFFFFFF

clint mtime 0x000000000000018C (mip.MTI <- 0b1, mip.STI <- 0b0)
mem[X,0x0000000080000AB8] -> 0x852E
[792] [M]: 0x0000000080000AB8 (0x852E) c.mv x10, x11                                inst_140+12
x10 <- 0xFFDFFFFFFFFFFFFF

mem[X,0x0000000080000ABA] -> 0x3823
mem[X,0x0000000080000ABC] -> 0x3AA1
[793] [M]: 0x0000000080000ABA (0x3AA13823) sd x10, 0x3b0(x2)                        inst_140+14
mem[W,0x0000000080003578] <- 0xFFDFFFFFFFFFFFFF

clint mtime 0x000000000000018D (mip.MTI <- 0b1, mip.STI <- 0b0)
mem[X,0x0000000080000ABE] -> 0x0593
mem[X,0x0000000080000AC0] -> 0x0010
[794] [M]: 0x0000000080000ABE (0x00100593) addi x11, x0, 0x1                        inst_141+0
x11 <- 0x0000000000000001

mem[X,0x0000000080000AC2] -> 0x9593
mem[X,0x0000000080000AC4] -> 0x0365
[795] [M]: 0x0000000080000AC2 (0x03659593) slli x11, x11, 0x36                      inst_141+4
x11 <- 0x0040000000000000

clint mtime 0x000000000000018E (mip.MTI <- 0b1, mip.STI <- 0b0)
mem[X,0x0000000080000AC6] -> 0xC593
mem[X,0x0000000080000AC8] -> 0xFFF5
[796] [M]: 0x0000000080000AC6 (0xFFF5C593) xori x11, x11, -0x1                      inst_141+8
x11 <- 0xFFBFFFFFFFFFFFFF

mem[X,0x0000000080000ACA] -> 0x852E
[797] [M]: 0x0000000080000ACA (0x852E) c.mv x10, x11                                inst_141+12
x10 <- 0xFFBFFFFFFFFFFFFF

clint mtime 0x000000000000018F (mip.MTI <- 0b1, mip.STI <- 0b0)
mem[X,0x0000000080000ACC] -> 0x3C23
mem[X,0x0000000080000ACE] -> 0x3AA1
[798] [M]: 0x0000000080000ACC (0x3AA13C23) sd x10, 0x3b8(x2)                        inst_141+14
mem[W,0x0000000080003580] <- 0xFFBFFFFFFFFFFFFF

mem[X,0x0000000080000AD0] -> 0x0593
mem[X,0x0000000080000AD2] -> 0x0010
[799] [M]: 0x0000000080000AD0 (0x00100593) addi x11, x0, 0x1                        inst_142+0
x11 <- 0x0000000000000001

clint mtime 0x0000000000000190 (mip.MTI <- 0b1, mip.STI <- 0b0)
mem[X,0x0000000080000AD4] -> 0x9593
mem[X,0x0000000080000AD6] -> 0x0375
[800] [M]: 0x0000000080000AD4 (0x03759593) slli x11, x11, 0x37                      inst_142+4
x11 <- 0x0080000000000000

mem[X,0x0000000080000AD8] -> 0xC593
mem[X,0x0000000080000ADA] -> 0xFFF5
[801] [M]: 0x0000000080000AD8 (0xFFF5C593) xori x11, x11, -0x1                      inst_142+8
x11 <- 0xFF7FFFFFFFFFFFFF

clint mtime 0x0000000000000191 (mip.MTI <- 0b1, mip.STI <- 0b0)
mem[X,0x0000000080000ADC] -> 0x852E
[802] [M]: 0x0000000080000ADC (0x852E) c.mv x10, x11                                inst_142+12
x10 <- 0xFF7FFFFFFFFFFFFF

mem[X,0x0000000080000ADE] -> 0x3023
mem[X,0x0000000080000AE0] -> 0x3CA1
[803] [M]: 0x0000000080000ADE (0x3CA13023) sd x10, 0x3c0(x2)                        inst_142+14
mem[W,0x0000000080003588] <- 0xFF7FFFFFFFFFFFFF

clint mtime 0x0000000000000192 (mip.MTI <- 0b1, mip.STI <- 0b0)
mem[X,0x0000000080000AE2] -> 0x0593
mem[X,0x0000000080000AE4] -> 0x0010
[804] [M]: 0x0000000080000AE2 (0x00100593) addi x11, x0, 0x1                        inst_143+0
x11 <- 0x0000000000000001

mem[X,0x0000000080000AE6] -> 0x9593
mem[X,0x0000000080000AE8] -> 0x0385
[805] [M]: 0x0000000080000AE6 (0x03859593) slli x11, x11, 0x38                      inst_143+4
x11 <- 0x0100000000000000

clint mtime 0x0000000000000193 (mip.MTI <- 0b1, mip.STI <- 0b0)
mem[X,0x0000000080000AEA] -> 0xC593
mem[X,0x0000000080000AEC] -> 0xFFF5
[806] [M]: 0x0000000080000AEA (0xFFF5C593) xori x11, x11, -0x1                      inst_143+8
x11 <- 0xFEFFFFFFFFFFFFFF

mem[X,0x0000000080000AEE] -> 0x852E
[807] [M]: 0x0000000080000AEE (0x852E) c.mv x10, x11                                inst_143+12
x10 <- 0xFEFFFFFFFFFFFFFF

clint mtime 0x0000000000000194 (mip.MTI <- 0b1, mip.STI <- 0b0)
mem[X,0x0000000080000AF0] -> 0x3423
mem[X,0x0000000080000AF2] -> 0x3CA1
[808] [M]: 0x0000000080000AF0 (0x3CA13423) sd x10, 0x3c8(x2)                        inst_143+14
mem[W,0x0000000080003590] <- 0xFEFFFFFFFFFFFFFF

mem[X,0x0000000080000AF4] -> 0x0593
mem[X,0x0000000080000AF6] -> 0x0010
[809] [M]: 0x0000000080000AF4 (0x00100593) addi x11, x0, 0x1                        inst_144+0
x11 <- 0x0000000000000001

clint mtime 0x0000000000000195 (mip.MTI <- 0b1, mip.STI <- 0b0)
mem[X,0x0000000080000AF8] -> 0x9593
mem[X,0x0000000080000AFA] -> 0x0395
[810] [M]: 0x0000000080000AF8 (0x03959593) slli x11, x11, 0x39                      inst_144+4
x11 <- 0x0200000000000000

mem[X,0x0000000080000AFC] -> 0xC593
mem[X,0x0000000080000AFE] -> 0xFFF5
[811] [M]: 0x0000000080000AFC (0xFFF5C593) xori x11, x11, -0x1                      inst_144+8
x11 <- 0xFDFFFFFFFFFFFFFF

clint mtime 0x0000000000000196 (mip.MTI <- 0b1, mip.STI <- 0b0)
mem[X,0x0000000080000B00] -> 0x852E
[812] [M]: 0x0000000080000B00 (0x852E) c.mv x10, x11                                inst_144+12
x10 <- 0xFDFFFFFFFFFFFFFF

mem[X,0x0000000080000B02] -> 0x3823
mem[X,0x0000000080000B04] -> 0x3CA1
[813] [M]: 0x0000000080000B02 (0x3CA13823) sd x10, 0x3d0(x2)                        inst_144+14
mem[W,0x0000000080003598] <- 0xFDFFFFFFFFFFFFFF

clint mtime 0x0000000000000197 (mip.MTI <- 0b1, mip.STI <- 0b0)
mem[X,0x0000000080000B06] -> 0x0593
mem[X,0x0000000080000B08] -> 0x0010
[814] [M]: 0x0000000080000B06 (0x00100593) addi x11, x0, 0x1                        inst_145+0
x11 <- 0x0000000000000001

mem[X,0x0000000080000B0A] -> 0x9593
mem[X,0x0000000080000B0C] -> 0x03A5
[815] [M]: 0x0000000080000B0A (0x03A59593) slli x11, x11, 0x3a                      inst_145+4
x11 <- 0x0400000000000000

clint mtime 0x0000000000000198 (mip.MTI <- 0b1, mip.STI <- 0b0)
mem[X,0x0000000080000B0E] -> 0xC593
mem[X,0x0000000080000B10] -> 0xFFF5
[816] [M]: 0x0000000080000B0E (0xFFF5C593) xori x11, x11, -0x1                      inst_145+8
x11 <- 0xFBFFFFFFFFFFFFFF

mem[X,0x0000000080000B12] -> 0x852E
[817] [M]: 0x0000000080000B12 (0x852E) c.mv x10, x11                                inst_145+12
x10 <- 0xFBFFFFFFFFFFFFFF

clint mtime 0x0000000000000199 (mip.MTI <- 0b1, mip.STI <- 0b0)
mem[X,0x0000000080000B14] -> 0x3C23
mem[X,0x0000000080000B16] -> 0x3CA1
[818] [M]: 0x0000000080000B14 (0x3CA13C23) sd x10, 0x3d8(x2)                        inst_145+14
mem[W,0x00000000800035A0] <- 0xFBFFFFFFFFFFFFFF

mem[X,0x0000000080000B18] -> 0x0593
mem[X,0x0000000080000B1A] -> 0x0010
[819] [M]: 0x0000000080000B18 (0x00100593) addi x11, x0, 0x1                        inst_146+0
x11 <- 0x0000000000000001

clint mtime 0x000000000000019A (mip.MTI <- 0b1, mip.STI <- 0b0)
mem[X,0x0000000080000B1C] -> 0x9593
mem[X,0x0000000080000B1E] -> 0x03B5
[820] [M]: 0x0000000080000B1C (0x03B59593) slli x11, x11, 0x3b                      inst_146+4
x11 <- 0x0800000000000000

mem[X,0x0000000080000B20] -> 0xC593
mem[X,0x0000000080000B22] -> 0xFFF5
[821] [M]: 0x0000000080000B20 (0xFFF5C593) xori x11, x11, -0x1                      inst_146+8
x11 <- 0xF7FFFFFFFFFFFFFF

clint mtime 0x000000000000019B (mip.MTI <- 0b1, mip.STI <- 0b0)
mem[X,0x0000000080000B24] -> 0x852E
[822] [M]: 0x0000000080000B24 (0x852E) c.mv x10, x11                                inst_146+12
x10 <- 0xF7FFFFFFFFFFFFFF

mem[X,0x0000000080000B26] -> 0x3023
mem[X,0x0000000080000B28] -> 0x3EA1
[823] [M]: 0x0000000080000B26 (0x3EA13023) sd x10, 0x3e0(x2)                        inst_146+14
mem[W,0x00000000800035A8] <- 0xF7FFFFFFFFFFFFFF

clint mtime 0x000000000000019C (mip.MTI <- 0b1, mip.STI <- 0b0)
mem[X,0x0000000080000B2A] -> 0x0593
mem[X,0x0000000080000B2C] -> 0x0010
[824] [M]: 0x0000000080000B2A (0x00100593) addi x11, x0, 0x1                        inst_147+0
x11 <- 0x0000000000000001

mem[X,0x0000000080000B2E] -> 0x9593
mem[X,0x0000000080000B30] -> 0x03C5
[825] [M]: 0x0000000080000B2E (0x03C59593) slli x11, x11, 0x3c                      inst_147+4
x11 <- 0x1000000000000000

clint mtime 0x000000000000019D (mip.MTI <- 0b1, mip.STI <- 0b0)
mem[X,0x0000000080000B32] -> 0xC593
mem[X,0x0000000080000B34] -> 0xFFF5
[826] [M]: 0x0000000080000B32 (0xFFF5C593) xori x11, x11, -0x1                      inst_147+8
x11 <- 0xEFFFFFFFFFFFFFFF

mem[X,0x0000000080000B36] -> 0x852E
[827] [M]: 0x0000000080000B36 (0x852E) c.mv x10, x11                                inst_147+12
x10 <- 0xEFFFFFFFFFFFFFFF

clint mtime 0x000000000000019E (mip.MTI <- 0b1, mip.STI <- 0b0)
mem[X,0x0000000080000B38] -> 0x3423
mem[X,0x0000000080000B3A] -> 0x3EA1
[828] [M]: 0x0000000080000B38 (0x3EA13423) sd x10, 0x3e8(x2)                        inst_147+14
mem[W,0x00000000800035B0] <- 0xEFFFFFFFFFFFFFFF

mem[X,0x0000000080000B3C] -> 0x0593
mem[X,0x0000000080000B3E] -> 0x0200
[829] [M]: 0x0000000080000B3C (0x02000593) addi x11, x0, 0x20                       inst_148+0
x11 <- 0x0000000000000020

clint mtime 0x000000000000019F (mip.MTI <- 0b1, mip.STI <- 0b0)
mem[X,0x0000000080000B40] -> 0x852E
[830] [M]: 0x0000000080000B40 (0x852E) c.mv x10, x11                                inst_148+4
x10 <- 0x0000000000000020

mem[X,0x0000000080000B42] -> 0x3823
mem[X,0x0000000080000B44] -> 0x3EA1
[831] [M]: 0x0000000080000B42 (0x3EA13823) sd x10, 0x3f0(x2)                        inst_148+6
mem[W,0x00000000800035B8] <- 0x0000000000000020

clint mtime 0x00000000000001A0 (mip.MTI <- 0b1, mip.STI <- 0b0)
mem[X,0x0000000080000B46] -> 0x006F
mem[X,0x0000000080000B48] -> 0x0380
[832] [M]: 0x0000000080000B46 (0x0380006F) jal x0, 0x38                             rvtest_code_end+0

mem[X,0x0000000080000B7E] -> 0x4085
[833] [M]: 0x0000000080000B7E (0x4085) c.li x1, 0x1                                 exit_cleanup+0
x1 <- 0x0000000000000001

clint mtime 0x00000000000001A1 (mip.MTI <- 0b1, mip.STI <- 0b0)
mem[X,0x0000000080000B80] -> 0x0397
mem[X,0x0000000080000B82] -> 0x0000
[834] [M]: 0x0000000080000B80 (0x00000397) auipc x7, 0x0                            exit_cleanup+2
x7 <- 0x0000000080000B80

mem[X,0x0000000080000B84] -> 0xA023
mem[X,0x0000000080000B86] -> 0x4813
[835] [M]: 0x0000000080000B84 (0x4813A023) sw x1, 0x480(x7)                         exit_cleanup+6
htif[0x0000000080001000] <- 0x00000001
mem[W,0x0000000080001000] <- 0x00000001

clint mtime 0x00000000000001A2 (mip.MTI <- 0b1, mip.STI <- 0b0)
mem[X,0x0000000080000B88] -> 0xBFE5
[836] [M]: 0x0000000080000B88 (0xBFE5) c.j -0x8                                     exit_cleanup+10

mem[X,0x0000000080000B80] -> 0x0397
mem[X,0x0000000080000B82] -> 0x0000
[837] [M]: 0x0000000080000B80 (0x00000397) auipc x7, 0x0                            exit_cleanup+2
x7 <- 0x0000000080000B80

clint mtime 0x00000000000001A3 (mip.MTI <- 0b1, mip.STI <- 0b0)
mem[X,0x0000000080000B84] -> 0xA023
mem[X,0x0000000080000B86] -> 0x4813
[838] [M]: 0x0000000080000B84 (0x4813A023) sw x1, 0x480(x7)                         exit_cleanup+6
htif[0x0000000080001000] <- 0x00000001
mem[W,0x0000000080001000] <- 0x00000001

mem[X,0x0000000080000B88] -> 0xBFE5
[839] [M]: 0x0000000080000B88 (0xBFE5) c.j -0x8                                     exit_cleanup+10

clint mtime 0x00000000000001A4 (mip.MTI <- 0b1, mip.STI <- 0b0)
mem[X,0x0000000080000B80] -> 0x0397
mem[X,0x0000000080000B82] -> 0x0000
[840] [M]: 0x0000000080000B80 (0x00000397) auipc x7, 0x0                            exit_cleanup+2
x7 <- 0x0000000080000B80

mem[X,0x0000000080000B84] -> 0xA023
mem[X,0x0000000080000B86] -> 0x4813
[841] [M]: 0x0000000080000B84 (0x4813A023) sw x1, 0x480(x7)                         exit_cleanup+6
htif[0x0000000080001000] <- 0x00000001
htif-syscall-proxy cmd: 0x000000000001
mem[W,0x0000000080001000] <- 0x00000001

SUCCESS
clint mtime 0x00000000000001A5 (mip.MTI <- 0b1, mip.STI <- 0b0)
