using /opt/riscv-arch-test/riscof-plugins/rv64/riscof_work/vm_pmp/src/sv48/sv48_pmp_on_pa_U_mode.S/ref/Reference-sail_c_simulator.signature for test-signature output.
setting signature-granularity to 8 bytes
HTIF located at 0x80004000
begin_signature: 0x8000a110
end_signature: 0x8000a520
Entry point: 0x80000000
CSR mstatus (0x300) <- 0x0000000A00000000
CSR misa (0x301) <- 0x800000000034112F
CSR mcause (0x342) <- 0x0000000000000000
x10 <- 0x0000000000000000
x11 <- 0x0000000000001000
mem[X,0x0000000080000000] -> 0x006F
mem[X,0x0000000080000002] -> 0x0010
[0] [M]: 0x0000000080000000 (0x0010006F) jal x0, 0x800                              rvtest_entry_point+0

mem[X,0x0000000080000800] -> 0x5317
mem[X,0x0000000080000802] -> 0x0000
[1] [M]: 0x0000000080000800 (0x00005317) auipc x6, 0x5                              starting_point+0
x6 <- 0x0000000080005800

clint mtime 0x0000000000000001 (mip.MTI <- 0b1, mip.STI <- 0b0)
mem[X,0x0000000080000804] -> 0x0313
mem[X,0x0000000080000806] -> 0x8003
[2] [M]: 0x0000000080000804 (0x80030313) addi x6, x6, -0x800                        starting_point+4
x6 <- 0x0000000080005000

mem[X,0x0000000080000808] -> 0x0013
mem[X,0x000000008000080A] -> 0x0000
[3] [M]: 0x0000000080000808 (0x00000013) addi x0, x0, 0x0                           starting_point+8

clint mtime 0x0000000000000002 (mip.MTI <- 0b1, mip.STI <- 0b0)
mem[X,0x000000008000080C] -> 0x0013
mem[X,0x000000008000080E] -> 0x0000
[4] [M]: 0x000000008000080C (0x00000013) addi x0, x0, 0x0                           starting_point+12

mem[X,0x0000000080000810] -> 0x0013
mem[X,0x0000000080000812] -> 0x0000
[5] [M]: 0x0000000080000810 (0x00000013) addi x0, x0, 0x0                           starting_point+16

clint mtime 0x0000000000000003 (mip.MTI <- 0b1, mip.STI <- 0b0)
mem[X,0x0000000080000814] -> 0x0013
mem[X,0x0000000080000816] -> 0x0000
[6] [M]: 0x0000000080000814 (0x00000013) addi x0, x0, 0x0                           starting_point+20

mem[X,0x0000000080000818] -> 0x0013
mem[X,0x000000008000081A] -> 0x0000
[7] [M]: 0x0000000080000818 (0x00000013) addi x0, x0, 0x0                           starting_point+24

clint mtime 0x0000000000000004 (mip.MTI <- 0b1, mip.STI <- 0b0)
mem[X,0x000000008000081C] -> 0x0013
mem[X,0x000000008000081E] -> 0x0000
[8] [M]: 0x000000008000081C (0x00000013) addi x0, x0, 0x0                           starting_point+28

mem[X,0x0000000080000820] -> 0x1473
mem[X,0x0000000080000822] -> 0x3403
[9] [M]: 0x0000000080000820 (0x34031473) csrrw x8, mscratch, x6                     init_Mscratch+0
CSR mscratch (0x340) <- 0x0000000080005000
x8 <- 0x0000000000000000

clint mtime 0x0000000000000005 (mip.MTI <- 0b1, mip.STI <- 0b0)
mem[X,0x0000000080000824] -> 0x3823
mem[X,0x0000000080000826] -> 0x2483
[10] [M]: 0x0000000080000824 (0x24833823) sd x8, 0x250(x6)                          init_Mscratch+4
mem[W,0x0000000080005250] <- 0x0000000000000000

mem[X,0x0000000080000828] -> 0x0393
mem[X,0x000000008000082A] -> 0x0000
[11] [M]: 0x0000000080000828 (0x00000393) addi x7, x0, 0x0                          init_Medeleg+0
x7 <- 0x0000000000000000

clint mtime 0x0000000000000006 (mip.MTI <- 0b1, mip.STI <- 0b0)
mem[X,0x000000008000082C] -> 0x93F3
mem[X,0x000000008000082E] -> 0x3023
[12] [M]: 0x000000008000082C (0x302393F3) csrrw x7, medeleg, x7                     init_Medeleg+4
CSR medeleg (0x302) <- 0x0000000000000000
x7 <- 0x0000000000000000

mem[X,0x0000000080000830] -> 0x3C23
mem[X,0x0000000080000832] -> 0x2273
[13] [M]: 0x0000000080000830 (0x22733C23) sd x7, 0x238(x6)                          init_Medeleg+8
mem[W,0x0000000080005238] <- 0x0000000000000000

clint mtime 0x0000000000000007 (mip.MTI <- 0b1, mip.STI <- 0b0)
mem[X,0x0000000080000834] -> 0x2473
mem[X,0x0000000080000836] -> 0x3050
[14] [M]: 0x0000000080000834 (0x30502473) csrrs x8, mtvec, x0                       init_Mtvec+0
CSR mtvec (0x305) -> 0x0000000000000000
x8 <- 0x0000000000000000

mem[X,0x0000000080000838] -> 0x3423
mem[X,0x000000008000083A] -> 0x2483
[15] [M]: 0x0000000080000838 (0x24833423) sd x8, 0x248(x6)                          init_Mtvec+4
mem[W,0x0000000080005248] <- 0x0000000000000000

clint mtime 0x0000000000000008 (mip.MTI <- 0b1, mip.STI <- 0b0)
mem[X,0x000000008000083C] -> 0x7393
mem[X,0x000000008000083E] -> 0x0034
[16] [M]: 0x000000008000083C (0x00347393) andi x7, x8, 0x3                          init_Mtvec+8
x7 <- 0x0000000000000000

mem[X,0x0000000080000840] -> 0x3483
mem[X,0x0000000080000842] -> 0x2303
[17] [M]: 0x0000000080000840 (0x23033483) ld x9, 0x230(x6)                          init_Mtvec+12
mem[R,0x0000000080005230] -> 0x00000000800029D4
x9 <- 0x00000000800029D4

clint mtime 0x0000000000000009 (mip.MTI <- 0b1, mip.STI <- 0b0)
mem[X,0x0000000080000844] -> 0x8493
mem[X,0x0000000080000846] -> 0xE2C4
[18] [M]: 0x0000000080000844 (0xE2C48493) addi x9, x9, -0x1d4                       init_Mtvec+16
x9 <- 0x0000000080002800

mem[X,0x0000000080000848] -> 0xE3B3
mem[X,0x000000008000084A] -> 0x0074
[19] [M]: 0x0000000080000848 (0x0074E3B3) or x7, x9, x7                             init_Mtvec+20
x7 <- 0x0000000080002800

clint mtime 0x000000000000000A (mip.MTI <- 0b1, mip.STI <- 0b0)
mem[X,0x000000008000084C] -> 0x3023
mem[X,0x000000008000084E] -> 0x2473
[20] [M]: 0x000000008000084C (0x24733023) sd x7, 0x240(x6)                          init_Mtvec+24
mem[W,0x0000000080005240] <- 0x0000000080002800

mem[X,0x0000000080000850] -> 0x9073
mem[X,0x0000000080000852] -> 0x3053
[21] [M]: 0x0000000080000850 (0x30539073) csrrw x0, mtvec, x7                       init_Mtvec+28
CSR mtvec (0x305) <- 0x0000000080002800

clint mtime 0x000000000000000B (mip.MTI <- 0b1, mip.STI <- 0b0)
mem[X,0x0000000080000854] -> 0x2573
mem[X,0x0000000080000856] -> 0x3050
[22] [M]: 0x0000000080000854 (0x30502573) csrrs x10, mtvec, x0                      init_Mtvec+32
CSR mtvec (0x305) -> 0x0000000080002800
x10 <- 0x0000000080002800

mem[X,0x0000000080000858] -> 0x0663
mem[X,0x000000008000085A] -> 0x0875
[23] [M]: 0x0000000080000858 (0x08750663) beq x10, x7, 0x8c                         init_Mtvec+36

clint mtime 0x000000000000000C (mip.MTI <- 0b1, mip.STI <- 0b0)
mem[X,0x00000000800008E4] -> 0x0013
mem[X,0x00000000800008E6] -> 0x0000
[24] [M]: 0x00000000800008E4 (0x00000013) addi x0, x0, 0x0                          rvtest_Mprolog_done+0

mem[X,0x00000000800008E8] -> 0x0013
mem[X,0x00000000800008EA] -> 0x0000
[25] [M]: 0x00000000800008E8 (0x00000013) addi x0, x0, 0x0                          rvtest_Mprolog_done+4

clint mtime 0x000000000000000D (mip.MTI <- 0b1, mip.STI <- 0b0)
mem[X,0x00000000800008EC] -> 0x0013
mem[X,0x00000000800008EE] -> 0x0000
[26] [M]: 0x00000000800008EC (0x00000013) addi x0, x0, 0x0                          rvtest_Mprolog_done+8

mem[X,0x00000000800008F0] -> 0x0013
mem[X,0x00000000800008F2] -> 0x0000
[27] [M]: 0x00000000800008F0 (0x00000013) addi x0, x0, 0x0                          rvtest_Mprolog_done+12

clint mtime 0x000000000000000E (mip.MTI <- 0b1, mip.STI <- 0b0)
mem[X,0x00000000800008F4] -> 0x0013
mem[X,0x00000000800008F6] -> 0x0000
[28] [M]: 0x00000000800008F4 (0x00000013) addi x0, x0, 0x0                          rvtest_Mprolog_done+16

mem[X,0x00000000800008F8] -> 0x0013
mem[X,0x00000000800008FA] -> 0x0000
[29] [M]: 0x00000000800008F8 (0x00000013) addi x0, x0, 0x0                          rvtest_Mprolog_done+20

clint mtime 0x000000000000000F (mip.MTI <- 0b1, mip.STI <- 0b0)
mem[X,0x00000000800008FC] -> 0x0013
mem[X,0x00000000800008FE] -> 0x0000
[30] [M]: 0x00000000800008FC (0x00000013) addi x0, x0, 0x0                          rvtest_Mprolog_done+24

mem[X,0x0000000080000900] -> 0x5317
mem[X,0x0000000080000902] -> 0x0000
[31] [M]: 0x0000000080000900 (0x00005317) auipc x6, 0x5                             rvtest_Mprolog_done+28
x6 <- 0x0000000080005900

clint mtime 0x0000000000000010 (mip.MTI <- 0b1, mip.STI <- 0b0)
mem[X,0x0000000080000904] -> 0x0313
mem[X,0x0000000080000906] -> 0x9983
[32] [M]: 0x0000000080000904 (0x99830313) addi x6, x6, -0x668                       rvtest_Mprolog_done+32
x6 <- 0x0000000080005298

mem[X,0x0000000080000908] -> 0x0001
[33] [M]: 0x0000000080000908 (0x0001) c.nop                                         rvtest_Mprolog_done+36

clint mtime 0x0000000000000011 (mip.MTI <- 0b1, mip.STI <- 0b0)
mem[X,0x000000008000090A] -> 0x0013
mem[X,0x000000008000090C] -> 0x0000
[34] [M]: 0x000000008000090A (0x00000013) addi x0, x0, 0x0                          rvtest_Mprolog_done+38

mem[X,0x000000008000090E] -> 0x0013
mem[X,0x0000000080000910] -> 0x0000
[35] [M]: 0x000000008000090E (0x00000013) addi x0, x0, 0x0                          rvtest_Mprolog_done+42

clint mtime 0x0000000000000012 (mip.MTI <- 0b1, mip.STI <- 0b0)
mem[X,0x0000000080000912] -> 0x0013
mem[X,0x0000000080000914] -> 0x0000
[36] [M]: 0x0000000080000912 (0x00000013) addi x0, x0, 0x0                          rvtest_Mprolog_done+46

mem[X,0x0000000080000916] -> 0x0013
mem[X,0x0000000080000918] -> 0x0000
[37] [M]: 0x0000000080000916 (0x00000013) addi x0, x0, 0x0                          rvtest_Mprolog_done+50

clint mtime 0x0000000000000013 (mip.MTI <- 0b1, mip.STI <- 0b0)
mem[X,0x000000008000091A] -> 0x0013
mem[X,0x000000008000091C] -> 0x0000
[38] [M]: 0x000000008000091A (0x00000013) addi x0, x0, 0x0                          rvtest_Mprolog_done+54

mem[X,0x000000008000091E] -> 0x0001
[39] [M]: 0x000000008000091E (0x0001) c.nop                                         rvtest_Mprolog_done+58

clint mtime 0x0000000000000014 (mip.MTI <- 0b1, mip.STI <- 0b0)
mem[X,0x0000000080000920] -> 0x1473
mem[X,0x0000000080000922] -> 0x1403
[40] [M]: 0x0000000080000920 (0x14031473) csrrw x8, sscratch, x6                    init_Sscratch+0
CSR sscratch (0x140) <- 0x0000000080005298
x8 <- 0x0000000000000000

mem[X,0x0000000080000924] -> 0x3823
mem[X,0x0000000080000926] -> 0x2483
[41] [M]: 0x0000000080000924 (0x24833823) sd x8, 0x250(x6)                          init_Sscratch+4
mem[W,0x00000000800054E8] <- 0x0000000000000000

clint mtime 0x0000000000000015 (mip.MTI <- 0b1, mip.STI <- 0b0)
mem[X,0x0000000080000928] -> 0x0393
mem[X,0x000000008000092A] -> 0x0000
[42] [M]: 0x0000000080000928 (0x00000393) addi x7, x0, 0x0                          init_Sedeleg+0
x7 <- 0x0000000000000000

mem[X,0x000000008000092C] -> 0x3C23
mem[X,0x000000008000092E] -> 0x2273
[43] [M]: 0x000000008000092C (0x22733C23) sd x7, 0x238(x6)                          init_Sedeleg+4
mem[W,0x00000000800054D0] <- 0x0000000000000000

clint mtime 0x0000000000000016 (mip.MTI <- 0b1, mip.STI <- 0b0)
mem[X,0x0000000080000930] -> 0x0013
mem[X,0x0000000080000932] -> 0x0000
[44] [M]: 0x0000000080000930 (0x00000013) addi x0, x0, 0x0                          init_Ssatp+0

mem[X,0x0000000080000934] -> 0x0013
mem[X,0x0000000080000936] -> 0x0000
[45] [M]: 0x0000000080000934 (0x00000013) addi x0, x0, 0x0                          init_Ssatp+4

clint mtime 0x0000000000000017 (mip.MTI <- 0b1, mip.STI <- 0b0)
mem[X,0x0000000080000938] -> 0x0013
mem[X,0x000000008000093A] -> 0x0000
[46] [M]: 0x0000000080000938 (0x00000013) addi x0, x0, 0x0                          init_Ssatp+8

mem[X,0x000000008000093C] -> 0x0013
mem[X,0x000000008000093E] -> 0x0000
[47] [M]: 0x000000008000093C (0x00000013) addi x0, x0, 0x0                          init_Ssatp+12

clint mtime 0x0000000000000018 (mip.MTI <- 0b1, mip.STI <- 0b0)
mem[X,0x0000000080000940] -> 0x8497
mem[X,0x0000000080000942] -> 0x0000
[48] [M]: 0x0000000080000940 (0x00008497) auipc x9, 0x8                             init_Ssatp+16
x9 <- 0x0000000080008940

mem[X,0x0000000080000944] -> 0x8493
mem[X,0x0000000080000946] -> 0x6C04
[49] [M]: 0x0000000080000944 (0x6C048493) addi x9, x9, 0x6c0                        init_Ssatp+20
x9 <- 0x0000000080009000

clint mtime 0x0000000000000019 (mip.MTI <- 0b1, mip.STI <- 0b0)
mem[X,0x0000000080000948] -> 0x0001
[50] [M]: 0x0000000080000948 (0x0001) c.nop                                         init_Ssatp+24

mem[X,0x000000008000094A] -> 0x0013
mem[X,0x000000008000094C] -> 0x0000
[51] [M]: 0x000000008000094A (0x00000013) addi x0, x0, 0x0                          init_Ssatp+26

clint mtime 0x000000000000001A (mip.MTI <- 0b1, mip.STI <- 0b0)
mem[X,0x000000008000094E] -> 0x0013
mem[X,0x0000000080000950] -> 0x0000
[52] [M]: 0x000000008000094E (0x00000013) addi x0, x0, 0x0                          init_Ssatp+30

mem[X,0x0000000080000952] -> 0x0013
mem[X,0x0000000080000954] -> 0x0000
[53] [M]: 0x0000000080000952 (0x00000013) addi x0, x0, 0x0                          init_Ssatp+34

clint mtime 0x000000000000001B (mip.MTI <- 0b1, mip.STI <- 0b0)
mem[X,0x0000000080000956] -> 0x0013
mem[X,0x0000000080000958] -> 0x0000
[54] [M]: 0x0000000080000956 (0x00000013) addi x0, x0, 0x0                          init_Ssatp+38

mem[X,0x000000008000095A] -> 0x0013
mem[X,0x000000008000095C] -> 0x0000
[55] [M]: 0x000000008000095A (0x00000013) addi x0, x0, 0x0                          init_Ssatp+42

clint mtime 0x000000000000001C (mip.MTI <- 0b1, mip.STI <- 0b0)
mem[X,0x000000008000095E] -> 0x0001
[56] [M]: 0x000000008000095E (0x0001) c.nop                                         init_Ssatp+46

mem[X,0x0000000080000960] -> 0xD493
mem[X,0x0000000080000962] -> 0x00C4
[57] [M]: 0x0000000080000960 (0x00C4D493) srli x9, x9, 0xc                          init_Ssatp+48
x9 <- 0x0000000000080009

clint mtime 0x000000000000001D (mip.MTI <- 0b1, mip.STI <- 0b0)
mem[X,0x0000000080000964] -> 0x0413
mem[X,0x0000000080000966] -> 0xFFF0
[58] [M]: 0x0000000080000964 (0xFFF00413) addi x8, x0, -0x1                         init_Ssatp+52
x8 <- 0xFFFFFFFFFFFFFFFF

mem[X,0x0000000080000968] -> 0x1413
mem[X,0x000000008000096A] -> 0x03F4
[59] [M]: 0x0000000080000968 (0x03F41413) slli x8, x8, 0x3f                         init_Ssatp+56
x8 <- 0x8000000000000000

clint mtime 0x000000000000001E (mip.MTI <- 0b1, mip.STI <- 0b0)
mem[X,0x000000008000096C] -> 0xE4B3
mem[X,0x000000008000096E] -> 0x0084
[60] [M]: 0x000000008000096C (0x0084E4B3) or x9, x9, x8                             init_Ssatp+60
x9 <- 0x8000000000080009

mem[X,0x0000000080000970] -> 0x94F3
mem[X,0x0000000080000972] -> 0x1804
[61] [M]: 0x0000000080000970 (0x180494F3) csrrw x9, satp, x9                        init_Ssatp+64
CSR satp (0x180) <- 0x8000000000080009
x9 <- 0x0000000000000000

clint mtime 0x000000000000001F (mip.MTI <- 0b1, mip.STI <- 0b0)
mem[X,0x0000000080000974] -> 0x3023
mem[X,0x0000000080000976] -> 0x2293
[62] [M]: 0x0000000080000974 (0x22933023) sd x9, 0x220(x6)                          init_Ssatp+68
mem[W,0x00000000800054B8] <- 0x0000000000000000

mem[X,0x0000000080000978] -> 0x2473
mem[X,0x000000008000097A] -> 0x1050
[63] [M]: 0x0000000080000978 (0x10502473) csrrs x8, stvec, x0                       init_Stvec+0
CSR stvec (0x105) -> 0x0000000000000000
x8 <- 0x0000000000000000

clint mtime 0x0000000000000020 (mip.MTI <- 0b1, mip.STI <- 0b0)
mem[X,0x000000008000097C] -> 0x3423
mem[X,0x000000008000097E] -> 0x2483
[64] [M]: 0x000000008000097C (0x24833423) sd x8, 0x248(x6)                          init_Stvec+4
mem[W,0x00000000800054E0] <- 0x0000000000000000

mem[X,0x0000000080000980] -> 0x7393
mem[X,0x0000000080000982] -> 0x0034
[65] [M]: 0x0000000080000980 (0x00347393) andi x7, x8, 0x3                          init_Stvec+8
x7 <- 0x0000000000000000

clint mtime 0x0000000000000021 (mip.MTI <- 0b1, mip.STI <- 0b0)
mem[X,0x0000000080000984] -> 0x3483
mem[X,0x0000000080000986] -> 0x2303
[66] [M]: 0x0000000080000984 (0x23033483) ld x9, 0x230(x6)                          init_Stvec+12
mem[R,0x00000000800054C8] -> 0x0000000080003354
x9 <- 0x0000000080003354

mem[X,0x0000000080000988] -> 0x8493
mem[X,0x000000008000098A] -> 0xE2C4
[67] [M]: 0x0000000080000988 (0xE2C48493) addi x9, x9, -0x1d4                       init_Stvec+16
x9 <- 0x0000000080003180

clint mtime 0x0000000000000022 (mip.MTI <- 0b1, mip.STI <- 0b0)
mem[X,0x000000008000098C] -> 0xE3B3
mem[X,0x000000008000098E] -> 0x0074
[68] [M]: 0x000000008000098C (0x0074E3B3) or x7, x9, x7                             init_Stvec+20
x7 <- 0x0000000080003180

mem[X,0x0000000080000990] -> 0x3023
mem[X,0x0000000080000992] -> 0x2473
[69] [M]: 0x0000000080000990 (0x24733023) sd x7, 0x240(x6)                          init_Stvec+24
mem[W,0x00000000800054D8] <- 0x0000000080003180

clint mtime 0x0000000000000023 (mip.MTI <- 0b1, mip.STI <- 0b0)
mem[X,0x0000000080000994] -> 0x9073
mem[X,0x0000000080000996] -> 0x1053
[70] [M]: 0x0000000080000994 (0x10539073) csrrw x0, stvec, x7                       init_Stvec+28
CSR stvec (0x105) <- 0x0000000080003180

mem[X,0x0000000080000998] -> 0x2573
mem[X,0x000000008000099A] -> 0x1050
[71] [M]: 0x0000000080000998 (0x10502573) csrrs x10, stvec, x0                      init_Stvec+32
CSR stvec (0x105) -> 0x0000000080003180
x10 <- 0x0000000080003180

clint mtime 0x0000000000000024 (mip.MTI <- 0b1, mip.STI <- 0b0)
mem[X,0x000000008000099C] -> 0x0463
mem[X,0x000000008000099E] -> 0x0875
[72] [M]: 0x000000008000099C (0x08750463) beq x10, x7, 0x88                         init_Stvec+36

mem[X,0x0000000080000A24] -> 0x0093
mem[X,0x0000000080000A26] -> 0x0000
[73] [M]: 0x0000000080000A24 (0x00000093) addi x1, x0, 0x0                          rvtest_entrypoint+0
x1 <- 0x0000000000000000

clint mtime 0x0000000000000025 (mip.MTI <- 0b1, mip.STI <- 0b0)
mem[X,0x0000000080000A28] -> 0x9073
mem[X,0x0000000080000A2A] -> 0x3000
[74] [M]: 0x0000000080000A28 (0x30009073) csrrw x0, mstatus, x1                     rvtest_entrypoint+4
CSR mstatus (0x300) <- 0x0000000A00000000

mem[X,0x0000000080000A2C] -> 0x9073
mem[X,0x0000000080000A2E] -> 0x3410
[75] [M]: 0x0000000080000A2C (0x34109073) csrrw x0, mepc, x1                        rvtest_entrypoint+8
CSR mepc (0x341) <- 0x0000000000000000

clint mtime 0x0000000000000026 (mip.MTI <- 0b1, mip.STI <- 0b0)
mem[X,0x0000000080000A30] -> 0x9073
mem[X,0x0000000080000A32] -> 0x3440
[76] [M]: 0x0000000080000A30 (0x34409073) csrrw x0, mip, x1                         rvtest_entrypoint+12
CSR mip (0x344) <- 0x0000000000000080

mem[X,0x0000000080000A34] -> 0x9073
mem[X,0x0000000080000A36] -> 0x3430
[77] [M]: 0x0000000080000A34 (0x34309073) csrrw x0, mtval, x1                       rvtest_entrypoint+16
CSR mtval (0x343) <- 0x0000000000000000

clint mtime 0x0000000000000027 (mip.MTI <- 0b1, mip.STI <- 0b0)
mem[X,0x0000000080000A38] -> 0x9073
mem[X,0x0000000080000A3A] -> 0x3420
[78] [M]: 0x0000000080000A38 (0x34209073) csrrw x0, mcause, x1                      rvtest_entrypoint+20
CSR mcause (0x342) <- 0x0000000000000000

mem[X,0x0000000080000A3C] -> 0x0837
mem[X,0x0000000080000A3E] -> 0x7D5C
[79] [M]: 0x0000000080000A3C (0x7D5C0837) lui x16, 0x7d5c0                          rvtest_entrypoint+24
x16 <- 0x000000007D5C0000

clint mtime 0x0000000000000028 (mip.MTI <- 0b1, mip.STI <- 0b0)
mem[X,0x0000000080000A40] -> 0x0813
mem[X,0x0000000080000A42] -> 0xDDB8
[80] [M]: 0x0000000080000A40 (0xDDB80813) addi x16, x16, -0x225                     rvtest_entrypoint+28
x16 <- 0x000000007D5BFDDB

mem[X,0x0000000080000A44] -> 0x1813
mem[X,0x0000000080000A46] -> 0x00B8
[81] [M]: 0x0000000080000A44 (0x00B81813) slli x16, x16, 0xb                        rvtest_entrypoint+32
x16 <- 0x000003EADFEED800

clint mtime 0x0000000000000029 (mip.MTI <- 0b1, mip.STI <- 0b0)
mem[X,0x0000000080000A48] -> 0x0813
mem[X,0x0000000080000A4A] -> 0x3EA8
[82] [M]: 0x0000000080000A48 (0x3EA80813) addi x16, x16, 0x3ea                      rvtest_entrypoint+36
x16 <- 0x000003EADFEEDBEA

mem[X,0x0000000080000A4C] -> 0x1813
mem[X,0x0000000080000A4E] -> 0x00B8
[83] [M]: 0x0000000080000A4C (0x00B81813) slli x16, x16, 0xb                        rvtest_entrypoint+40
x16 <- 0x001F56FF76DF5000

clint mtime 0x000000000000002A (mip.MTI <- 0b1, mip.STI <- 0b0)
mem[X,0x0000000080000A50] -> 0x0813
mem[X,0x0000000080000A52] -> 0x6FF8
[84] [M]: 0x0000000080000A50 (0x6FF80813) addi x16, x16, 0x6ff                      rvtest_entrypoint+44
x16 <- 0x001F56FF76DF56FF

mem[X,0x0000000080000A54] -> 0x1813
mem[X,0x0000000080000A56] -> 0x00A8
[85] [M]: 0x0000000080000A54 (0x00A81813) slli x16, x16, 0xa                        rvtest_entrypoint+48
x16 <- 0x7D5BFDDB7D5BFC00

clint mtime 0x000000000000002B (mip.MTI <- 0b1, mip.STI <- 0b0)
mem[X,0x0000000080000A58] -> 0x0813
mem[X,0x0000000080000A5A] -> 0x1DB8
[86] [M]: 0x0000000080000A58 (0x1DB80813) addi x16, x16, 0x1db                      rvtest_entrypoint+52
x16 <- 0x7D5BFDDB7D5BFDDB

mem[X,0x0000000080000A5C] -> 0x5893
mem[X,0x0000000080000A5E] -> 0x0078
[87] [M]: 0x0000000080000A5C (0x00785893) srli x17, x16, 0x7                        rvtest_entrypoint+56
x17 <- 0x00FAB7FBB6FAB7FB

clint mtime 0x000000000000002C (mip.MTI <- 0b1, mip.STI <- 0b0)
mem[X,0x0000000080000A60] -> 0x5793
mem[X,0x0000000080000A62] -> 0x0398
[88] [M]: 0x0000000080000A60 (0x03985793) srli x15, x16, 0x39                       rvtest_entrypoint+60
x15 <- 0x000000000000003E

mem[X,0x0000000080000A64] -> 0xE8B3
mem[X,0x0000000080000A66] -> 0x00F8
[89] [M]: 0x0000000080000A64 (0x00F8E8B3) or x17, x17, x15                          rvtest_entrypoint+64
x17 <- 0x00FAB7FBB6FAB7FF

clint mtime 0x000000000000002D (mip.MTI <- 0b1, mip.STI <- 0b0)
mem[X,0x0000000080000A68] -> 0xD913
mem[X,0x0000000080000A6A] -> 0x0078
[90] [M]: 0x0000000080000A68 (0x0078D913) srli x18, x17, 0x7                        rvtest_entrypoint+68
x18 <- 0x0001F56FF76DF56F

mem[X,0x0000000080000A6C] -> 0xD793
mem[X,0x0000000080000A6E] -> 0x0398
[91] [M]: 0x0000000080000A6C (0x0398D793) srli x15, x17, 0x39                       rvtest_entrypoint+72
x15 <- 0x0000000000000000

clint mtime 0x000000000000002E (mip.MTI <- 0b1, mip.STI <- 0b0)
mem[X,0x0000000080000A70] -> 0x6933
mem[X,0x0000000080000A72] -> 0x00F9
[92] [M]: 0x0000000080000A70 (0x00F96933) or x18, x18, x15                          rvtest_entrypoint+76
x18 <- 0x0001F56FF76DF56F

mem[X,0x0000000080000A74] -> 0x5993
mem[X,0x0000000080000A76] -> 0x0079
[93] [M]: 0x0000000080000A74 (0x00795993) srli x19, x18, 0x7                        rvtest_entrypoint+80
x19 <- 0x000003EADFEEDBEA

clint mtime 0x000000000000002F (mip.MTI <- 0b1, mip.STI <- 0b0)
mem[X,0x0000000080000A78] -> 0x5793
mem[X,0x0000000080000A7A] -> 0x0399
[94] [M]: 0x0000000080000A78 (0x03995793) srli x15, x18, 0x39                       rvtest_entrypoint+84
x15 <- 0x0000000000000000

mem[X,0x0000000080000A7C] -> 0xE9B3
mem[X,0x0000000080000A7E] -> 0x00F9
[95] [M]: 0x0000000080000A7C (0x00F9E9B3) or x19, x19, x15                          rvtest_entrypoint+88
x19 <- 0x000003EADFEEDBEA

clint mtime 0x0000000000000030 (mip.MTI <- 0b1, mip.STI <- 0b0)
mem[X,0x0000000080000A80] -> 0xDA13
mem[X,0x0000000080000A82] -> 0x0079
[96] [M]: 0x0000000080000A80 (0x0079DA13) srli x20, x19, 0x7                        rvtest_entrypoint+92
x20 <- 0x00000007D5BFDDB7

mem[X,0x0000000080000A84] -> 0xD793
mem[X,0x0000000080000A86] -> 0x0399
[97] [M]: 0x0000000080000A84 (0x0399D793) srli x15, x19, 0x39                       rvtest_entrypoint+96
x15 <- 0x0000000000000000

clint mtime 0x0000000000000031 (mip.MTI <- 0b1, mip.STI <- 0b0)
mem[X,0x0000000080000A88] -> 0x6A33
mem[X,0x0000000080000A8A] -> 0x00FA
[98] [M]: 0x0000000080000A88 (0x00FA6A33) or x20, x20, x15                          rvtest_entrypoint+100
x20 <- 0x00000007D5BFDDB7

mem[X,0x0000000080000A8C] -> 0x5A93
mem[X,0x0000000080000A8E] -> 0x007A
[99] [M]: 0x0000000080000A8C (0x007A5A93) srli x21, x20, 0x7                        rvtest_entrypoint+104
x21 <- 0x000000000FAB7FBB

clint mtime 0x0000000000000032 (mip.MTI <- 0b1, mip.STI <- 0b0)
mem[X,0x0000000080000A90] -> 0x5793
mem[X,0x0000000080000A92] -> 0x039A
[100] [M]: 0x0000000080000A90 (0x039A5793) srli x15, x20, 0x39                      rvtest_entrypoint+108
x15 <- 0x0000000000000000

mem[X,0x0000000080000A94] -> 0xEAB3
mem[X,0x0000000080000A96] -> 0x00FA
[101] [M]: 0x0000000080000A94 (0x00FAEAB3) or x21, x21, x15                         rvtest_entrypoint+112
x21 <- 0x000000000FAB7FBB

clint mtime 0x0000000000000033 (mip.MTI <- 0b1, mip.STI <- 0b0)
mem[X,0x0000000080000A98] -> 0xDB13
mem[X,0x0000000080000A9A] -> 0x007A
[102] [M]: 0x0000000080000A98 (0x007ADB13) srli x22, x21, 0x7                       rvtest_entrypoint+116
x22 <- 0x00000000001F56FF

mem[X,0x0000000080000A9C] -> 0xD793
mem[X,0x0000000080000A9E] -> 0x039A
[103] [M]: 0x0000000080000A9C (0x039AD793) srli x15, x21, 0x39                      rvtest_entrypoint+120
x15 <- 0x0000000000000000

clint mtime 0x0000000000000034 (mip.MTI <- 0b1, mip.STI <- 0b0)
mem[X,0x0000000080000AA0] -> 0x6B33
mem[X,0x0000000080000AA2] -> 0x00FB
[104] [M]: 0x0000000080000AA0 (0x00FB6B33) or x22, x22, x15                         rvtest_entrypoint+124
x22 <- 0x00000000001F56FF

mem[X,0x0000000080000AA4] -> 0x5B93
mem[X,0x0000000080000AA6] -> 0x007B
[105] [M]: 0x0000000080000AA4 (0x007B5B93) srli x23, x22, 0x7                       rvtest_entrypoint+128
x23 <- 0x0000000000003EAD

clint mtime 0x0000000000000035 (mip.MTI <- 0b1, mip.STI <- 0b0)
mem[X,0x0000000080000AA8] -> 0x5793
mem[X,0x0000000080000AAA] -> 0x039B
[106] [M]: 0x0000000080000AA8 (0x039B5793) srli x15, x22, 0x39                      rvtest_entrypoint+132
x15 <- 0x0000000000000000

mem[X,0x0000000080000AAC] -> 0xEBB3
mem[X,0x0000000080000AAE] -> 0x00FB
[107] [M]: 0x0000000080000AAC (0x00FBEBB3) or x23, x23, x15                         rvtest_entrypoint+136
x23 <- 0x0000000000003EAD

clint mtime 0x0000000000000036 (mip.MTI <- 0b1, mip.STI <- 0b0)
mem[X,0x0000000080000AB0] -> 0xDC13
mem[X,0x0000000080000AB2] -> 0x007B
[108] [M]: 0x0000000080000AB0 (0x007BDC13) srli x24, x23, 0x7                       rvtest_entrypoint+140
x24 <- 0x000000000000007D

mem[X,0x0000000080000AB4] -> 0xD793
mem[X,0x0000000080000AB6] -> 0x039B
[109] [M]: 0x0000000080000AB4 (0x039BD793) srli x15, x23, 0x39                      rvtest_entrypoint+144
x15 <- 0x0000000000000000

clint mtime 0x0000000000000037 (mip.MTI <- 0b1, mip.STI <- 0b0)
mem[X,0x0000000080000AB8] -> 0x6C33
mem[X,0x0000000080000ABA] -> 0x00FC
[110] [M]: 0x0000000080000AB8 (0x00FC6C33) or x24, x24, x15                         rvtest_entrypoint+148
x24 <- 0x000000000000007D

mem[X,0x0000000080000ABC] -> 0x5C93
mem[X,0x0000000080000ABE] -> 0x007C
[111] [M]: 0x0000000080000ABC (0x007C5C93) srli x25, x24, 0x7                       rvtest_entrypoint+152
x25 <- 0x0000000000000000

clint mtime 0x0000000000000038 (mip.MTI <- 0b1, mip.STI <- 0b0)
mem[X,0x0000000080000AC0] -> 0x5793
mem[X,0x0000000080000AC2] -> 0x039C
[112] [M]: 0x0000000080000AC0 (0x039C5793) srli x15, x24, 0x39                      rvtest_entrypoint+156
x15 <- 0x0000000000000000

mem[X,0x0000000080000AC4] -> 0xECB3
mem[X,0x0000000080000AC6] -> 0x00FC
[113] [M]: 0x0000000080000AC4 (0x00FCECB3) or x25, x25, x15                         rvtest_entrypoint+160
x25 <- 0x0000000000000000

clint mtime 0x0000000000000039 (mip.MTI <- 0b1, mip.STI <- 0b0)
mem[X,0x0000000080000AC8] -> 0xDD13
mem[X,0x0000000080000ACA] -> 0x007C
[114] [M]: 0x0000000080000AC8 (0x007CDD13) srli x26, x25, 0x7                       rvtest_entrypoint+164
x26 <- 0x0000000000000000

mem[X,0x0000000080000ACC] -> 0xD793
mem[X,0x0000000080000ACE] -> 0x039C
[115] [M]: 0x0000000080000ACC (0x039CD793) srli x15, x25, 0x39                      rvtest_entrypoint+168
x15 <- 0x0000000000000000

clint mtime 0x000000000000003A (mip.MTI <- 0b1, mip.STI <- 0b0)
mem[X,0x0000000080000AD0] -> 0x6D33
mem[X,0x0000000080000AD2] -> 0x00FD
[116] [M]: 0x0000000080000AD0 (0x00FD6D33) or x26, x26, x15                         rvtest_entrypoint+172
x26 <- 0x0000000000000000

mem[X,0x0000000080000AD4] -> 0x5D93
mem[X,0x0000000080000AD6] -> 0x007D
[117] [M]: 0x0000000080000AD4 (0x007D5D93) srli x27, x26, 0x7                       rvtest_entrypoint+176
x27 <- 0x0000000000000000

clint mtime 0x000000000000003B (mip.MTI <- 0b1, mip.STI <- 0b0)
mem[X,0x0000000080000AD8] -> 0x5793
mem[X,0x0000000080000ADA] -> 0x039D
[118] [M]: 0x0000000080000AD8 (0x039D5793) srli x15, x26, 0x39                      rvtest_entrypoint+180
x15 <- 0x0000000000000000

mem[X,0x0000000080000ADC] -> 0xEDB3
mem[X,0x0000000080000ADE] -> 0x00FD
[119] [M]: 0x0000000080000ADC (0x00FDEDB3) or x27, x27, x15                         rvtest_entrypoint+184
x27 <- 0x0000000000000000

clint mtime 0x000000000000003C (mip.MTI <- 0b1, mip.STI <- 0b0)
mem[X,0x0000000080000AE0] -> 0xDE13
mem[X,0x0000000080000AE2] -> 0x007D
[120] [M]: 0x0000000080000AE0 (0x007DDE13) srli x28, x27, 0x7                       rvtest_entrypoint+188
x28 <- 0x0000000000000000

mem[X,0x0000000080000AE4] -> 0xD793
mem[X,0x0000000080000AE6] -> 0x039D
[121] [M]: 0x0000000080000AE4 (0x039DD793) srli x15, x27, 0x39                      rvtest_entrypoint+192
x15 <- 0x0000000000000000

clint mtime 0x000000000000003D (mip.MTI <- 0b1, mip.STI <- 0b0)
mem[X,0x0000000080000AE8] -> 0x6E33
mem[X,0x0000000080000AEA] -> 0x00FE
[122] [M]: 0x0000000080000AE8 (0x00FE6E33) or x28, x28, x15                         rvtest_entrypoint+196
x28 <- 0x0000000000000000

mem[X,0x0000000080000AEC] -> 0x5E93
mem[X,0x0000000080000AEE] -> 0x007E
[123] [M]: 0x0000000080000AEC (0x007E5E93) srli x29, x28, 0x7                       rvtest_entrypoint+200
x29 <- 0x0000000000000000

clint mtime 0x000000000000003E (mip.MTI <- 0b1, mip.STI <- 0b0)
mem[X,0x0000000080000AF0] -> 0x5793
mem[X,0x0000000080000AF2] -> 0x039E
[124] [M]: 0x0000000080000AF0 (0x039E5793) srli x15, x28, 0x39                      rvtest_entrypoint+204
x15 <- 0x0000000000000000

mem[X,0x0000000080000AF4] -> 0xEEB3
mem[X,0x0000000080000AF6] -> 0x00FE
[125] [M]: 0x0000000080000AF4 (0x00FEEEB3) or x29, x29, x15                         rvtest_entrypoint+208
x29 <- 0x0000000000000000

clint mtime 0x000000000000003F (mip.MTI <- 0b1, mip.STI <- 0b0)
mem[X,0x0000000080000AF8] -> 0xDF13
mem[X,0x0000000080000AFA] -> 0x007E
[126] [M]: 0x0000000080000AF8 (0x007EDF13) srli x30, x29, 0x7                       rvtest_entrypoint+212
x30 <- 0x0000000000000000

mem[X,0x0000000080000AFC] -> 0xD793
mem[X,0x0000000080000AFE] -> 0x039E
[127] [M]: 0x0000000080000AFC (0x039ED793) srli x15, x29, 0x39                      rvtest_entrypoint+216
x15 <- 0x0000000000000000

clint mtime 0x0000000000000040 (mip.MTI <- 0b1, mip.STI <- 0b0)
mem[X,0x0000000080000B00] -> 0x6F33
mem[X,0x0000000080000B02] -> 0x00FF
[128] [M]: 0x0000000080000B00 (0x00FF6F33) or x30, x30, x15                         rvtest_entrypoint+220
x30 <- 0x0000000000000000

mem[X,0x0000000080000B04] -> 0xC0B7
mem[X,0x0000000080000B06] -> 0xFEED
[129] [M]: 0x0000000080000B04 (0xFEEDC0B7) lui x1, -0x1124                          rvtest_entrypoint+224
x1 <- 0xFFFFFFFFFEEDC000

clint mtime 0x0000000000000041 (mip.MTI <- 0b1, mip.STI <- 0b0)
mem[X,0x0000000080000B08] -> 0x8093
mem[X,0x0000000080000B0A] -> 0xEAD0
[130] [M]: 0x0000000080000B08 (0xEAD08093) addi x1, x1, -0x153                      rvtest_entrypoint+228
x1 <- 0xFFFFFFFFFEEDBEAD

mem[X,0x0000000080000B0C] -> 0x9093
mem[X,0x0000000080000B0E] -> 0x00B0
[131] [M]: 0x0000000080000B0C (0x00B09093) slli x1, x1, 0xb                         rvtest_entrypoint+232
x1 <- 0xFFFFFFF76DF56800

clint mtime 0x0000000000000042 (mip.MTI <- 0b1, mip.STI <- 0b0)
mem[X,0x0000000080000B10] -> 0x8093
mem[X,0x0000000080000B12] -> 0x7F70
[132] [M]: 0x0000000080000B10 (0x7F708093) addi x1, x1, 0x7f7                       rvtest_entrypoint+236
x1 <- 0xFFFFFFF76DF56FF7

mem[X,0x0000000080000B14] -> 0x9093
mem[X,0x0000000080000B16] -> 0x00B0
[133] [M]: 0x0000000080000B14 (0x00B09093) slli x1, x1, 0xb                         rvtest_entrypoint+240
x1 <- 0xFFFFBB6FAB7FB800

clint mtime 0x0000000000000043 (mip.MTI <- 0b1, mip.STI <- 0b0)
mem[X,0x0000000080000B18] -> 0x8093
mem[X,0x0000000080000B1A] -> 0x36F0
[134] [M]: 0x0000000080000B18 (0x36F08093) addi x1, x1, 0x36f                       rvtest_entrypoint+244
x1 <- 0xFFFFBB6FAB7FBB6F

mem[X,0x0000000080000B1C] -> 0x9093
mem[X,0x0000000080000B1E] -> 0x00A0
[135] [M]: 0x0000000080000B1C (0x00A09093) slli x1, x1, 0xa                         rvtest_entrypoint+248
x1 <- 0xFEEDBEADFEEDBC00

clint mtime 0x0000000000000044 (mip.MTI <- 0b1, mip.STI <- 0b0)
mem[X,0x0000000080000B20] -> 0x8093
mem[X,0x0000000080000B22] -> 0x2AD0
[136] [M]: 0x0000000080000B20 (0x2AD08093) addi x1, x1, 0x2ad                       rvtest_entrypoint+252
x1 <- 0xFEEDBEADFEEDBEAD

mem[X,0x0000000080000B24] -> 0xD113
mem[X,0x0000000080000B26] -> 0x0070
[137] [M]: 0x0000000080000B24 (0x0070D113) srli x2, x1, 0x7                         rvtest_entrypoint+256
x2 <- 0x01FDDB7D5BFDDB7D

clint mtime 0x0000000000000045 (mip.MTI <- 0b1, mip.STI <- 0b0)
mem[X,0x0000000080000B28] -> 0xD793
mem[X,0x0000000080000B2A] -> 0x0390
[138] [M]: 0x0000000080000B28 (0x0390D793) srli x15, x1, 0x39                       rvtest_entrypoint+260
x15 <- 0x000000000000007F

mem[X,0x0000000080000B2C] -> 0x6133
mem[X,0x0000000080000B2E] -> 0x00F1
[139] [M]: 0x0000000080000B2C (0x00F16133) or x2, x2, x15                           rvtest_entrypoint+264
x2 <- 0x01FDDB7D5BFDDB7F

clint mtime 0x0000000000000046 (mip.MTI <- 0b1, mip.STI <- 0b0)
mem[X,0x0000000080000B30] -> 0x5193
mem[X,0x0000000080000B32] -> 0x0071
[140] [M]: 0x0000000080000B30 (0x00715193) srli x3, x2, 0x7                         rvtest_entrypoint+268
x3 <- 0x0003FBB6FAB7FBB6

mem[X,0x0000000080000B34] -> 0x5793
mem[X,0x0000000080000B36] -> 0x0391
[141] [M]: 0x0000000080000B34 (0x03915793) srli x15, x2, 0x39                       rvtest_entrypoint+272
x15 <- 0x0000000000000000

clint mtime 0x0000000000000047 (mip.MTI <- 0b1, mip.STI <- 0b0)
mem[X,0x0000000080000B38] -> 0xE1B3
mem[X,0x0000000080000B3A] -> 0x00F1
[142] [M]: 0x0000000080000B38 (0x00F1E1B3) or x3, x3, x15                           rvtest_entrypoint+276
x3 <- 0x0003FBB6FAB7FBB6

mem[X,0x0000000080000B3C] -> 0xD213
mem[X,0x0000000080000B3E] -> 0x0071
[143] [M]: 0x0000000080000B3C (0x0071D213) srli x4, x3, 0x7                         rvtest_entrypoint+280
x4 <- 0x000007F76DF56FF7

clint mtime 0x0000000000000048 (mip.MTI <- 0b1, mip.STI <- 0b0)
mem[X,0x0000000080000B40] -> 0xD793
mem[X,0x0000000080000B42] -> 0x0391
[144] [M]: 0x0000000080000B40 (0x0391D793) srli x15, x3, 0x39                       rvtest_entrypoint+284
x15 <- 0x0000000000000000

mem[X,0x0000000080000B44] -> 0x6233
mem[X,0x0000000080000B46] -> 0x00F2
[145] [M]: 0x0000000080000B44 (0x00F26233) or x4, x4, x15                           rvtest_entrypoint+288
x4 <- 0x000007F76DF56FF7

clint mtime 0x0000000000000049 (mip.MTI <- 0b1, mip.STI <- 0b0)
mem[X,0x0000000080000B48] -> 0x5293
mem[X,0x0000000080000B4A] -> 0x0072
[146] [M]: 0x0000000080000B48 (0x00725293) srli x5, x4, 0x7                         rvtest_entrypoint+292
x5 <- 0x0000000FEEDBEADF

mem[X,0x0000000080000B4C] -> 0x5793
mem[X,0x0000000080000B4E] -> 0x0392
[147] [M]: 0x0000000080000B4C (0x03925793) srli x15, x4, 0x39                       rvtest_entrypoint+296
x15 <- 0x0000000000000000

clint mtime 0x000000000000004A (mip.MTI <- 0b1, mip.STI <- 0b0)
mem[X,0x0000000080000B50] -> 0xE2B3
mem[X,0x0000000080000B52] -> 0x00F2
[148] [M]: 0x0000000080000B50 (0x00F2E2B3) or x5, x5, x15                           rvtest_entrypoint+300
x5 <- 0x0000000FEEDBEADF

mem[X,0x0000000080000B54] -> 0xD313
mem[X,0x0000000080000B56] -> 0x0072
[149] [M]: 0x0000000080000B54 (0x0072D313) srli x6, x5, 0x7                         rvtest_entrypoint+304
x6 <- 0x000000001FDDB7D5

clint mtime 0x000000000000004B (mip.MTI <- 0b1, mip.STI <- 0b0)
mem[X,0x0000000080000B58] -> 0xD793
mem[X,0x0000000080000B5A] -> 0x0392
[150] [M]: 0x0000000080000B58 (0x0392D793) srli x15, x5, 0x39                       rvtest_entrypoint+308
x15 <- 0x0000000000000000

mem[X,0x0000000080000B5C] -> 0x6333
mem[X,0x0000000080000B5E] -> 0x00F3
[151] [M]: 0x0000000080000B5C (0x00F36333) or x6, x6, x15                           rvtest_entrypoint+312
x6 <- 0x000000001FDDB7D5

clint mtime 0x000000000000004C (mip.MTI <- 0b1, mip.STI <- 0b0)
mem[X,0x0000000080000B60] -> 0x5393
mem[X,0x0000000080000B62] -> 0x0073
[152] [M]: 0x0000000080000B60 (0x00735393) srli x7, x6, 0x7                         rvtest_entrypoint+316
x7 <- 0x00000000003FBB6F

mem[X,0x0000000080000B64] -> 0x5793
mem[X,0x0000000080000B66] -> 0x0393
[153] [M]: 0x0000000080000B64 (0x03935793) srli x15, x6, 0x39                       rvtest_entrypoint+320
x15 <- 0x0000000000000000

clint mtime 0x000000000000004D (mip.MTI <- 0b1, mip.STI <- 0b0)
mem[X,0x0000000080000B68] -> 0xE3B3
mem[X,0x0000000080000B6A] -> 0x00F3
[154] [M]: 0x0000000080000B68 (0x00F3E3B3) or x7, x7, x15                           rvtest_entrypoint+324
x7 <- 0x00000000003FBB6F

mem[X,0x0000000080000B6C] -> 0xD413
mem[X,0x0000000080000B6E] -> 0x0073
[155] [M]: 0x0000000080000B6C (0x0073D413) srli x8, x7, 0x7                         rvtest_entrypoint+328
x8 <- 0x0000000000007F76

clint mtime 0x000000000000004E (mip.MTI <- 0b1, mip.STI <- 0b0)
mem[X,0x0000000080000B70] -> 0xD793
mem[X,0x0000000080000B72] -> 0x0393
[156] [M]: 0x0000000080000B70 (0x0393D793) srli x15, x7, 0x39                       rvtest_entrypoint+332
x15 <- 0x0000000000000000

mem[X,0x0000000080000B74] -> 0x6433
mem[X,0x0000000080000B76] -> 0x00F4
[157] [M]: 0x0000000080000B74 (0x00F46433) or x8, x8, x15                           rvtest_entrypoint+336
x8 <- 0x0000000000007F76

clint mtime 0x000000000000004F (mip.MTI <- 0b1, mip.STI <- 0b0)
mem[X,0x0000000080000B78] -> 0x5493
mem[X,0x0000000080000B7A] -> 0x0074
[158] [M]: 0x0000000080000B78 (0x00745493) srli x9, x8, 0x7                         rvtest_entrypoint+340
x9 <- 0x00000000000000FE

mem[X,0x0000000080000B7C] -> 0x5793
mem[X,0x0000000080000B7E] -> 0x0394
[159] [M]: 0x0000000080000B7C (0x03945793) srli x15, x8, 0x39                       rvtest_entrypoint+344
x15 <- 0x0000000000000000

clint mtime 0x0000000000000050 (mip.MTI <- 0b1, mip.STI <- 0b0)
mem[X,0x0000000080000B80] -> 0xE4B3
mem[X,0x0000000080000B82] -> 0x00F4
[160] [M]: 0x0000000080000B80 (0x00F4E4B3) or x9, x9, x15                           rvtest_entrypoint+348
x9 <- 0x00000000000000FE

mem[X,0x0000000080000B84] -> 0xD513
mem[X,0x0000000080000B86] -> 0x0074
[161] [M]: 0x0000000080000B84 (0x0074D513) srli x10, x9, 0x7                        rvtest_entrypoint+352
x10 <- 0x0000000000000001

clint mtime 0x0000000000000051 (mip.MTI <- 0b1, mip.STI <- 0b0)
mem[X,0x0000000080000B88] -> 0xD793
mem[X,0x0000000080000B8A] -> 0x0394
[162] [M]: 0x0000000080000B88 (0x0394D793) srli x15, x9, 0x39                       rvtest_entrypoint+356
x15 <- 0x0000000000000000

mem[X,0x0000000080000B8C] -> 0x6533
mem[X,0x0000000080000B8E] -> 0x00F5
[163] [M]: 0x0000000080000B8C (0x00F56533) or x10, x10, x15                         rvtest_entrypoint+360
x10 <- 0x0000000000000001

clint mtime 0x0000000000000052 (mip.MTI <- 0b1, mip.STI <- 0b0)
mem[X,0x0000000080000B90] -> 0x5593
mem[X,0x0000000080000B92] -> 0x0075
[164] [M]: 0x0000000080000B90 (0x00755593) srli x11, x10, 0x7                       rvtest_entrypoint+364
x11 <- 0x0000000000000000

mem[X,0x0000000080000B94] -> 0x5793
mem[X,0x0000000080000B96] -> 0x0395
[165] [M]: 0x0000000080000B94 (0x03955793) srli x15, x10, 0x39                      rvtest_entrypoint+368
x15 <- 0x0000000000000000

clint mtime 0x0000000000000053 (mip.MTI <- 0b1, mip.STI <- 0b0)
mem[X,0x0000000080000B98] -> 0xE5B3
mem[X,0x0000000080000B9A] -> 0x00F5
[166] [M]: 0x0000000080000B98 (0x00F5E5B3) or x11, x11, x15                         rvtest_entrypoint+372
x11 <- 0x0000000000000000

mem[X,0x0000000080000B9C] -> 0xD613
mem[X,0x0000000080000B9E] -> 0x0075
[167] [M]: 0x0000000080000B9C (0x0075D613) srli x12, x11, 0x7                       rvtest_entrypoint+376
x12 <- 0x0000000000000000

clint mtime 0x0000000000000054 (mip.MTI <- 0b1, mip.STI <- 0b0)
mem[X,0x0000000080000BA0] -> 0xD793
mem[X,0x0000000080000BA2] -> 0x0395
[168] [M]: 0x0000000080000BA0 (0x0395D793) srli x15, x11, 0x39                      rvtest_entrypoint+380
x15 <- 0x0000000000000000

mem[X,0x0000000080000BA4] -> 0x6633
mem[X,0x0000000080000BA6] -> 0x00F6
[169] [M]: 0x0000000080000BA4 (0x00F66633) or x12, x12, x15                         rvtest_entrypoint+384
x12 <- 0x0000000000000000

clint mtime 0x0000000000000055 (mip.MTI <- 0b1, mip.STI <- 0b0)
mem[X,0x0000000080000BA8] -> 0x5693
mem[X,0x0000000080000BAA] -> 0x0076
[170] [M]: 0x0000000080000BA8 (0x00765693) srli x13, x12, 0x7                       rvtest_entrypoint+388
x13 <- 0x0000000000000000

mem[X,0x0000000080000BAC] -> 0x5793
mem[X,0x0000000080000BAE] -> 0x0396
[171] [M]: 0x0000000080000BAC (0x03965793) srli x15, x12, 0x39                      rvtest_entrypoint+392
x15 <- 0x0000000000000000

clint mtime 0x0000000000000056 (mip.MTI <- 0b1, mip.STI <- 0b0)
mem[X,0x0000000080000BB0] -> 0xE6B3
mem[X,0x0000000080000BB2] -> 0x00F6
[172] [M]: 0x0000000080000BB0 (0x00F6E6B3) or x13, x13, x15                         rvtest_entrypoint+396
x13 <- 0x0000000000000000

mem[X,0x0000000080000BB4] -> 0x0013
mem[X,0x0000000080000BB6] -> 0x0000
[173] [M]: 0x0000000080000BB4 (0x00000013) addi x0, x0, 0x0                         rvtest_code_begin+0

clint mtime 0x0000000000000057 (mip.MTI <- 0b1, mip.STI <- 0b0)
mem[X,0x0000000080000BB8] -> 0x0013
mem[X,0x0000000080000BBA] -> 0x0000
[174] [M]: 0x0000000080000BB8 (0x00000013) addi x0, x0, 0x0                         rvtest_code_begin+4

mem[X,0x0000000080000BBC] -> 0x0013
mem[X,0x0000000080000BBE] -> 0x0000
[175] [M]: 0x0000000080000BBC (0x00000013) addi x0, x0, 0x0                         rvtest_code_begin+8

clint mtime 0x0000000000000058 (mip.MTI <- 0b1, mip.STI <- 0b0)
mem[X,0x0000000080000BC0] -> 0x9697
mem[X,0x0000000080000BC2] -> 0x0000
[176] [M]: 0x0000000080000BC0 (0x00009697) auipc x13, 0x9                           rvtest_code_begin+12
x13 <- 0x0000000080009BC0

mem[X,0x0000000080000BC4] -> 0x8693
mem[X,0x0000000080000BC6] -> 0x5586
[177] [M]: 0x0000000080000BC4 (0x55868693) addi x13, x13, 0x558                     rvtest_code_begin+16
x13 <- 0x000000008000A118

clint mtime 0x0000000000000059 (mip.MTI <- 0b1, mip.STI <- 0b0)
mem[X,0x0000000080000BC8] -> 0x0001
[178] [M]: 0x0000000080000BC8 (0x0001) c.nop                                        rvtest_code_begin+20

mem[X,0x0000000080000BCA] -> 0x0013
mem[X,0x0000000080000BCC] -> 0x0000
[179] [M]: 0x0000000080000BCA (0x00000013) addi x0, x0, 0x0                         rvtest_code_begin+22

clint mtime 0x000000000000005A (mip.MTI <- 0b1, mip.STI <- 0b0)
mem[X,0x0000000080000BCE] -> 0x0013
mem[X,0x0000000080000BD0] -> 0x0000
[180] [M]: 0x0000000080000BCE (0x00000013) addi x0, x0, 0x0                         rvtest_code_begin+26

mem[X,0x0000000080000BD2] -> 0x0013
mem[X,0x0000000080000BD4] -> 0x0000
[181] [M]: 0x0000000080000BD2 (0x00000013) addi x0, x0, 0x0                         rvtest_code_begin+30

clint mtime 0x000000000000005B (mip.MTI <- 0b1, mip.STI <- 0b0)
mem[X,0x0000000080000BD6] -> 0x0013
mem[X,0x0000000080000BD8] -> 0x0000
[182] [M]: 0x0000000080000BD6 (0x00000013) addi x0, x0, 0x0                         rvtest_code_begin+34

mem[X,0x0000000080000BDA] -> 0x0013
mem[X,0x0000000080000BDC] -> 0x0000
[183] [M]: 0x0000000080000BDA (0x00000013) addi x0, x0, 0x0                         rvtest_code_begin+38

clint mtime 0x000000000000005C (mip.MTI <- 0b1, mip.STI <- 0b0)
mem[X,0x0000000080000BDE] -> 0x0001
[184] [M]: 0x0000000080000BDE (0x0001) c.nop                                        rvtest_code_begin+42

mem[X,0x0000000080000BE0] -> 0xD737
mem[X,0x0000000080000BE2] -> 0x0000
[185] [M]: 0x0000000080000BE0 (0x0000D737) lui x14, 0xd                             main+0
x14 <- 0x000000000000D000

clint mtime 0x000000000000005D (mip.MTI <- 0b1, mip.STI <- 0b0)
mem[X,0x0000000080000BE4] -> 0x071B
mem[X,0x0000000080000BE6] -> 0xEED7
[186] [M]: 0x0000000080000BE4 (0xEED7071B) addiw x14, x14, -0x113                   main+4
x14 <- 0x000000000000CEED

mem[X,0x0000000080000BE8] -> 0xB023
mem[X,0x0000000080000BEA] -> 0x00E6
[187] [M]: 0x0000000080000BE8 (0x00E6B023) sd x14, 0x0(x13)                         main+8
mem[W,0x000000008000A118] <- 0x000000000000CEED

clint mtime 0x000000000000005E (mip.MTI <- 0b1, mip.STI <- 0b0)
mem[X,0x0000000080000BEC] -> 0xC737
mem[X,0x0000000080000BEE] -> 0x0000
[188] [M]: 0x0000000080000BEC (0x0000C737) lui x14, 0xc                             main+12
x14 <- 0x000000000000C000

mem[X,0x0000000080000BF0] -> 0x071B
mem[X,0x0000000080000BF2] -> 0xEED7
[189] [M]: 0x0000000080000BF0 (0xEED7071B) addiw x14, x14, -0x113                   main+16
x14 <- 0x000000000000BEED

clint mtime 0x000000000000005F (mip.MTI <- 0b1, mip.STI <- 0b0)
mem[X,0x0000000080000BF4] -> 0xB423
mem[X,0x0000000080000BF6] -> 0x00E6
[190] [M]: 0x0000000080000BF4 (0x00E6B423) sd x14, 0x8(x13)                         main+20
mem[W,0x000000008000A120] <- 0x000000000000BEED

mem[X,0x0000000080000BF8] -> 0x1073
mem[X,0x0000000080000BFA] -> 0x1800
[191] [M]: 0x0000000080000BF8 (0x18001073) csrrw x0, satp, x0                       main+24
CSR satp (0x180) <- 0x0000000000000000

clint mtime 0x0000000000000060 (mip.MTI <- 0b1, mip.STI <- 0b0)
mem[X,0x0000000080000BFC] -> 0x0393
mem[X,0x0000000080000BFE] -> 0x0000
[192] [M]: 0x0000000080000BFC (0x00000393) addi x7, x0, 0x0                         main+28
x7 <- 0x0000000000000000

mem[X,0x0000000080000C00] -> 0x9073
mem[X,0x0000000080000C02] -> 0x3B23
[193] [M]: 0x0000000080000C00 (0x3B239073) csrrw x0, pmpaddr2, x7                   main+32
CSR pmpaddr2 (0x3B2) <- 0x0000000000000000

clint mtime 0x0000000000000061 (mip.MTI <- 0b1, mip.STI <- 0b0)
mem[X,0x0000000080000C04] -> 0x0393
mem[X,0x0000000080000C06] -> 0xFFF0
[194] [M]: 0x0000000080000C04 (0xFFF00393) addi x7, x0, -0x1                        main+36
x7 <- 0xFFFFFFFFFFFFFFFF

mem[X,0x0000000080000C08] -> 0x9073
mem[X,0x0000000080000C0A] -> 0x3B33
[195] [M]: 0x0000000080000C08 (0x3B339073) csrrw x0, pmpaddr3, x7                   main+40
CSR pmpaddr3 (0x3B3) <- 0x003FFFFFFFFFFFFF

clint mtime 0x0000000000000062 (mip.MTI <- 0b1, mip.STI <- 0b0)
mem[X,0x0000000080000C0C] -> 0x0393
mem[X,0x0000000080000C0E] -> 0x0010
[196] [M]: 0x0000000080000C0C (0x00100393) addi x7, x0, 0x1                         main+44
x7 <- 0x0000000000000001

mem[X,0x0000000080000C10] -> 0x9393
mem[X,0x0000000080000C12] -> 0x01F3
[197] [M]: 0x0000000080000C10 (0x01F39393) slli x7, x7, 0x1f                        main+48
x7 <- 0x0000000080000000

clint mtime 0x0000000000000063 (mip.MTI <- 0b1, mip.STI <- 0b0)
mem[X,0x0000000080000C14] -> 0xD393
mem[X,0x0000000080000C16] -> 0x0023
[198] [M]: 0x0000000080000C14 (0x0023D393) srli x7, x7, 0x2                         main+52
x7 <- 0x0000000020000000

mem[X,0x0000000080000C18] -> 0x0313
mem[X,0x0000000080000C1A] -> 0x0FF0
[199] [M]: 0x0000000080000C18 (0x0FF00313) addi x6, x0, 0xff                        main+56
x6 <- 0x00000000000000FF

clint mtime 0x0000000000000064 (mip.MTI <- 0b1, mip.STI <- 0b0)
mem[X,0x0000000080000C1C] -> 0xE3B3
mem[X,0x0000000080000C1E] -> 0x0063
[200] [M]: 0x0000000080000C1C (0x0063E3B3) or x7, x7, x6                            main+60
x7 <- 0x00000000200000FF

mem[X,0x0000000080000C20] -> 0x9073
mem[X,0x0000000080000C22] -> 0x3B13
[201] [M]: 0x0000000080000C20 (0x3B139073) csrrw x0, pmpaddr1, x7                   main+64
CSR pmpaddr1 (0x3B1) <- 0x00000000200000FF

clint mtime 0x0000000000000065 (mip.MTI <- 0b1, mip.STI <- 0b0)
mem[X,0x0000000080000C24] -> 0x0013
mem[X,0x0000000080000C26] -> 0x0000
[202] [M]: 0x0000000080000C24 (0x00000013) addi x0, x0, 0x0                         main+68

mem[X,0x0000000080000C28] -> 0x0013
mem[X,0x0000000080000C2A] -> 0x0000
[203] [M]: 0x0000000080000C28 (0x00000013) addi x0, x0, 0x0                         main+72

clint mtime 0x0000000000000066 (mip.MTI <- 0b1, mip.STI <- 0b0)
mem[X,0x0000000080000C2C] -> 0x0013
mem[X,0x0000000080000C2E] -> 0x0000
[204] [M]: 0x0000000080000C2C (0x00000013) addi x0, x0, 0x0                         main+76

mem[X,0x0000000080000C30] -> 0x0013
mem[X,0x0000000080000C32] -> 0x0000
[205] [M]: 0x0000000080000C30 (0x00000013) addi x0, x0, 0x0                         main+80

clint mtime 0x0000000000000067 (mip.MTI <- 0b1, mip.STI <- 0b0)
mem[X,0x0000000080000C34] -> 0x0013
mem[X,0x0000000080000C36] -> 0x0000
[206] [M]: 0x0000000080000C34 (0x00000013) addi x0, x0, 0x0                         main+84

mem[X,0x0000000080000C38] -> 0x0013
mem[X,0x0000000080000C3A] -> 0x0000
[207] [M]: 0x0000000080000C38 (0x00000013) addi x0, x0, 0x0                         main+88

clint mtime 0x0000000000000068 (mip.MTI <- 0b1, mip.STI <- 0b0)
mem[X,0x0000000080000C3C] -> 0x0013
mem[X,0x0000000080000C3E] -> 0x0000
[208] [M]: 0x0000000080000C3C (0x00000013) addi x0, x0, 0x0                         main+92

mem[X,0x0000000080000C40] -> 0x051B
mem[X,0x0000000080000C42] -> 0x0000
[209] [M]: 0x0000000080000C40 (0x0000051B) addiw x10, x0, 0x0                       main+96
x10 <- 0x0000000000000000

clint mtime 0x0000000000000069 (mip.MTI <- 0b1, mip.STI <- 0b0)
mem[X,0x0000000080000C44] -> 0x0001
[210] [M]: 0x0000000080000C44 (0x0001) c.nop                                        main+100

mem[X,0x0000000080000C46] -> 0x0013
mem[X,0x0000000080000C48] -> 0x0000
[211] [M]: 0x0000000080000C46 (0x00000013) addi x0, x0, 0x0                         main+102

clint mtime 0x000000000000006A (mip.MTI <- 0b1, mip.STI <- 0b0)
mem[X,0x0000000080000C4A] -> 0x0013
mem[X,0x0000000080000C4C] -> 0x0000
[212] [M]: 0x0000000080000C4A (0x00000013) addi x0, x0, 0x0                         main+106

mem[X,0x0000000080000C4E] -> 0x0013
mem[X,0x0000000080000C50] -> 0x0000
[213] [M]: 0x0000000080000C4E (0x00000013) addi x0, x0, 0x0                         main+110

clint mtime 0x000000000000006B (mip.MTI <- 0b1, mip.STI <- 0b0)
mem[X,0x0000000080000C52] -> 0x0013
mem[X,0x0000000080000C54] -> 0x0000
[214] [M]: 0x0000000080000C52 (0x00000013) addi x0, x0, 0x0                         main+114

mem[X,0x0000000080000C56] -> 0x0013
mem[X,0x0000000080000C58] -> 0x0000
[215] [M]: 0x0000000080000C56 (0x00000013) addi x0, x0, 0x0                         main+118

clint mtime 0x000000000000006C (mip.MTI <- 0b1, mip.STI <- 0b0)
mem[X,0x0000000080000C5A] -> 0x0013
mem[X,0x0000000080000C5C] -> 0x0000
[216] [M]: 0x0000000080000C5A (0x00000013) addi x0, x0, 0x0                         main+122

mem[X,0x0000000080000C5E] -> 0x0001
[217] [M]: 0x0000000080000C5E (0x0001) c.nop                                        main+126

clint mtime 0x000000000000006D (mip.MTI <- 0b1, mip.STI <- 0b0)
mem[X,0x0000000080000C60] -> 0x0593
mem[X,0x0000000080000C62] -> 0x0DB0
[218] [M]: 0x0000000080000C60 (0x0DB00593) addi x11, x0, 0xdb                       main+128
x11 <- 0x00000000000000DB

mem[X,0x0000000080000C64] -> 0x5513
mem[X,0x0000000080000C66] -> 0x00C5
[219] [M]: 0x0000000080000C64 (0x00C55513) srli x10, x10, 0xc                       main+132
x10 <- 0x0000000000000000

clint mtime 0x000000000000006E (mip.MTI <- 0b1, mip.STI <- 0b0)
mem[X,0x0000000080000C68] -> 0x1513
mem[X,0x0000000080000C6A] -> 0x00A5
[220] [M]: 0x0000000080000C68 (0x00A51513) slli x10, x10, 0xa                       main+136
x10 <- 0x0000000000000000

mem[X,0x0000000080000C6C] -> 0x6533
mem[X,0x0000000080000C6E] -> 0x00B5
[221] [M]: 0x0000000080000C6C (0x00B56533) or x10, x10, x11                         main+140
x10 <- 0x00000000000000DB

clint mtime 0x000000000000006F (mip.MTI <- 0b1, mip.STI <- 0b0)
mem[X,0x0000000080000C70] -> 0x0013
mem[X,0x0000000080000C72] -> 0x0000
[222] [M]: 0x0000000080000C70 (0x00000013) addi x0, x0, 0x0                         main+144

mem[X,0x0000000080000C74] -> 0x0013
mem[X,0x0000000080000C76] -> 0x0000
[223] [M]: 0x0000000080000C74 (0x00000013) addi x0, x0, 0x0                         main+148

clint mtime 0x0000000000000070 (mip.MTI <- 0b1, mip.STI <- 0b0)
mem[X,0x0000000080000C78] -> 0x0013
mem[X,0x0000000080000C7A] -> 0x0000
[224] [M]: 0x0000000080000C78 (0x00000013) addi x0, x0, 0x0                         main+152

mem[X,0x0000000080000C7C] -> 0x0013
mem[X,0x0000000080000C7E] -> 0x0000
[225] [M]: 0x0000000080000C7C (0x00000013) addi x0, x0, 0x0                         main+156

clint mtime 0x0000000000000071 (mip.MTI <- 0b1, mip.STI <- 0b0)
mem[X,0x0000000080000C80] -> 0x8317
mem[X,0x0000000080000C82] -> 0x0000
[226] [M]: 0x0000000080000C80 (0x00008317) auipc x6, 0x8                            main+160
x6 <- 0x0000000080008C80

mem[X,0x0000000080000C84] -> 0x0313
mem[X,0x0000000080000C86] -> 0x3803
[227] [M]: 0x0000000080000C84 (0x38030313) addi x6, x6, 0x380                       main+164
x6 <- 0x0000000080009000

clint mtime 0x0000000000000072 (mip.MTI <- 0b1, mip.STI <- 0b0)
mem[X,0x0000000080000C88] -> 0x0001
[228] [M]: 0x0000000080000C88 (0x0001) c.nop                                        main+168

mem[X,0x0000000080000C8A] -> 0x0013
mem[X,0x0000000080000C8C] -> 0x0000
[229] [M]: 0x0000000080000C8A (0x00000013) addi x0, x0, 0x0                         main+170

clint mtime 0x0000000000000073 (mip.MTI <- 0b1, mip.STI <- 0b0)
mem[X,0x0000000080000C8E] -> 0x0013
mem[X,0x0000000080000C90] -> 0x0000
[230] [M]: 0x0000000080000C8E (0x00000013) addi x0, x0, 0x0                         main+174

mem[X,0x0000000080000C92] -> 0x0013
mem[X,0x0000000080000C94] -> 0x0000
[231] [M]: 0x0000000080000C92 (0x00000013) addi x0, x0, 0x0                         main+178

clint mtime 0x0000000000000074 (mip.MTI <- 0b1, mip.STI <- 0b0)
mem[X,0x0000000080000C96] -> 0x0013
mem[X,0x0000000080000C98] -> 0x0000
[232] [M]: 0x0000000080000C96 (0x00000013) addi x0, x0, 0x0                         main+182

mem[X,0x0000000080000C9A] -> 0x0013
mem[X,0x0000000080000C9C] -> 0x0000
[233] [M]: 0x0000000080000C9A (0x00000013) addi x0, x0, 0x0                         main+186

clint mtime 0x0000000000000075 (mip.MTI <- 0b1, mip.STI <- 0b0)
mem[X,0x0000000080000C9E] -> 0x0001
[234] [M]: 0x0000000080000C9E (0x0001) c.nop                                        main+190

mem[X,0x0000000080000CA0] -> 0x0293
mem[X,0x0000000080000CA2] -> 0x0300
[235] [M]: 0x0000000080000CA0 (0x03000293) addi x5, x0, 0x30                        main+192
x5 <- 0x0000000000000030

clint mtime 0x0000000000000076 (mip.MTI <- 0b1, mip.STI <- 0b0)
mem[X,0x0000000080000CA4] -> 0x0333
mem[X,0x0000000080000CA6] -> 0x0053
[236] [M]: 0x0000000080000CA4 (0x00530333) add x6, x6, x5                           main+196
x6 <- 0x0000000080009030

mem[X,0x0000000080000CA8] -> 0x3023
mem[X,0x0000000080000CAA] -> 0x00A3
[237] [M]: 0x0000000080000CA8 (0x00A33023) sd x10, 0x0(x6)                          main+200
mem[W,0x0000000080009030] <- 0x00000000000000DB

clint mtime 0x0000000000000077 (mip.MTI <- 0b1, mip.STI <- 0b0)
mem[X,0x0000000080000CAC] -> 0x0073
mem[X,0x0000000080000CAE] -> 0x1200
[238] [M]: 0x0000000080000CAC (0x12000073) sfence.vma x0, x0                        main+204

mem[X,0x0000000080000CB0] -> 0x0013
mem[X,0x0000000080000CB2] -> 0x0000
[239] [M]: 0x0000000080000CB0 (0x00000013) addi x0, x0, 0x0                         main+208

clint mtime 0x0000000000000078 (mip.MTI <- 0b1, mip.STI <- 0b0)
mem[X,0x0000000080000CB4] -> 0x0013
mem[X,0x0000000080000CB6] -> 0x0000
[240] [M]: 0x0000000080000CB4 (0x00000013) addi x0, x0, 0x0                         main+212

mem[X,0x0000000080000CB8] -> 0x0013
mem[X,0x0000000080000CBA] -> 0x0000
[241] [M]: 0x0000000080000CB8 (0x00000013) addi x0, x0, 0x0                         main+216

clint mtime 0x0000000000000079 (mip.MTI <- 0b1, mip.STI <- 0b0)
mem[X,0x0000000080000CBC] -> 0x0013
mem[X,0x0000000080000CBE] -> 0x0000
[242] [M]: 0x0000000080000CBC (0x00000013) addi x0, x0, 0x0                         main+220

mem[X,0x0000000080000CC0] -> 0x051B
mem[X,0x0000000080000CC2] -> 0x0000
[243] [M]: 0x0000000080000CC0 (0x0000051B) addiw x10, x0, 0x0                       main+224
x10 <- 0x0000000000000000

clint mtime 0x000000000000007A (mip.MTI <- 0b1, mip.STI <- 0b0)
mem[X,0x0000000080000CC4] -> 0x0001
[244] [M]: 0x0000000080000CC4 (0x0001) c.nop                                        main+228

mem[X,0x0000000080000CC6] -> 0x0013
mem[X,0x0000000080000CC8] -> 0x0000
[245] [M]: 0x0000000080000CC6 (0x00000013) addi x0, x0, 0x0                         main+230

clint mtime 0x000000000000007B (mip.MTI <- 0b1, mip.STI <- 0b0)
mem[X,0x0000000080000CCA] -> 0x0013
mem[X,0x0000000080000CCC] -> 0x0000
[246] [M]: 0x0000000080000CCA (0x00000013) addi x0, x0, 0x0                         main+234

mem[X,0x0000000080000CCE] -> 0x0013
mem[X,0x0000000080000CD0] -> 0x0000
[247] [M]: 0x0000000080000CCE (0x00000013) addi x0, x0, 0x0                         main+238

clint mtime 0x000000000000007C (mip.MTI <- 0b1, mip.STI <- 0b0)
mem[X,0x0000000080000CD2] -> 0x0013
mem[X,0x0000000080000CD4] -> 0x0000
[248] [M]: 0x0000000080000CD2 (0x00000013) addi x0, x0, 0x0                         main+242

mem[X,0x0000000080000CD6] -> 0x0013
mem[X,0x0000000080000CD8] -> 0x0000
[249] [M]: 0x0000000080000CD6 (0x00000013) addi x0, x0, 0x0                         main+246

clint mtime 0x000000000000007D (mip.MTI <- 0b1, mip.STI <- 0b0)
mem[X,0x0000000080000CDA] -> 0x0013
mem[X,0x0000000080000CDC] -> 0x0000
[250] [M]: 0x0000000080000CDA (0x00000013) addi x0, x0, 0x0                         main+250

mem[X,0x0000000080000CDE] -> 0x0001
[251] [M]: 0x0000000080000CDE (0x0001) c.nop                                        main+254

clint mtime 0x000000000000007E (mip.MTI <- 0b1, mip.STI <- 0b0)
mem[X,0x0000000080000CE0] -> 0x0593
mem[X,0x0000000080000CE2] -> 0x0DF0
[252] [M]: 0x0000000080000CE0 (0x0DF00593) addi x11, x0, 0xdf                       main+256
x11 <- 0x00000000000000DF

mem[X,0x0000000080000CE4] -> 0x5513
mem[X,0x0000000080000CE6] -> 0x00C5
[253] [M]: 0x0000000080000CE4 (0x00C55513) srli x10, x10, 0xc                       main+260
x10 <- 0x0000000000000000

clint mtime 0x000000000000007F (mip.MTI <- 0b1, mip.STI <- 0b0)
mem[X,0x0000000080000CE8] -> 0x1513
mem[X,0x0000000080000CEA] -> 0x00A5
[254] [M]: 0x0000000080000CE8 (0x00A51513) slli x10, x10, 0xa                       main+264
x10 <- 0x0000000000000000

mem[X,0x0000000080000CEC] -> 0x6533
mem[X,0x0000000080000CEE] -> 0x00B5
[255] [M]: 0x0000000080000CEC (0x00B56533) or x10, x10, x11                         main+268
x10 <- 0x00000000000000DF

clint mtime 0x0000000000000080 (mip.MTI <- 0b1, mip.STI <- 0b0)
mem[X,0x0000000080000CF0] -> 0x0013
mem[X,0x0000000080000CF2] -> 0x0000
[256] [M]: 0x0000000080000CF0 (0x00000013) addi x0, x0, 0x0                         main+272

mem[X,0x0000000080000CF4] -> 0x0013
mem[X,0x0000000080000CF6] -> 0x0000
[257] [M]: 0x0000000080000CF4 (0x00000013) addi x0, x0, 0x0                         main+276

clint mtime 0x0000000000000081 (mip.MTI <- 0b1, mip.STI <- 0b0)
mem[X,0x0000000080000CF8] -> 0x0013
mem[X,0x0000000080000CFA] -> 0x0000
[258] [M]: 0x0000000080000CF8 (0x00000013) addi x0, x0, 0x0                         main+280

mem[X,0x0000000080000CFC] -> 0x0013
mem[X,0x0000000080000CFE] -> 0x0000
[259] [M]: 0x0000000080000CFC (0x00000013) addi x0, x0, 0x0                         main+284

clint mtime 0x0000000000000082 (mip.MTI <- 0b1, mip.STI <- 0b0)
mem[X,0x0000000080000D00] -> 0x8317
mem[X,0x0000000080000D02] -> 0x0000
[260] [M]: 0x0000000080000D00 (0x00008317) auipc x6, 0x8                            main+288
x6 <- 0x0000000080008D00

mem[X,0x0000000080000D04] -> 0x0313
mem[X,0x0000000080000D06] -> 0x3003
[261] [M]: 0x0000000080000D04 (0x30030313) addi x6, x6, 0x300                       main+292
x6 <- 0x0000000080009000

clint mtime 0x0000000000000083 (mip.MTI <- 0b1, mip.STI <- 0b0)
mem[X,0x0000000080000D08] -> 0x0001
[262] [M]: 0x0000000080000D08 (0x0001) c.nop                                        main+296

mem[X,0x0000000080000D0A] -> 0x0013
mem[X,0x0000000080000D0C] -> 0x0000
[263] [M]: 0x0000000080000D0A (0x00000013) addi x0, x0, 0x0                         main+298

clint mtime 0x0000000000000084 (mip.MTI <- 0b1, mip.STI <- 0b0)
mem[X,0x0000000080000D0E] -> 0x0013
mem[X,0x0000000080000D10] -> 0x0000
[264] [M]: 0x0000000080000D0E (0x00000013) addi x0, x0, 0x0                         main+302

mem[X,0x0000000080000D12] -> 0x0013
mem[X,0x0000000080000D14] -> 0x0000
[265] [M]: 0x0000000080000D12 (0x00000013) addi x0, x0, 0x0                         main+306

clint mtime 0x0000000000000085 (mip.MTI <- 0b1, mip.STI <- 0b0)
mem[X,0x0000000080000D16] -> 0x0013
mem[X,0x0000000080000D18] -> 0x0000
[266] [M]: 0x0000000080000D16 (0x00000013) addi x0, x0, 0x0                         main+310

mem[X,0x0000000080000D1A] -> 0x0013
mem[X,0x0000000080000D1C] -> 0x0000
[267] [M]: 0x0000000080000D1A (0x00000013) addi x0, x0, 0x0                         main+314

clint mtime 0x0000000000000086 (mip.MTI <- 0b1, mip.STI <- 0b0)
mem[X,0x0000000080000D1E] -> 0x0001
[268] [M]: 0x0000000080000D1E (0x0001) c.nop                                        main+318

mem[X,0x0000000080000D20] -> 0x0293
mem[X,0x0000000080000D22] -> 0x0380
[269] [M]: 0x0000000080000D20 (0x03800293) addi x5, x0, 0x38                        main+320
x5 <- 0x0000000000000038

clint mtime 0x0000000000000087 (mip.MTI <- 0b1, mip.STI <- 0b0)
mem[X,0x0000000080000D24] -> 0x0333
mem[X,0x0000000080000D26] -> 0x0053
[270] [M]: 0x0000000080000D24 (0x00530333) add x6, x6, x5                           main+324
x6 <- 0x0000000080009038

mem[X,0x0000000080000D28] -> 0x3023
mem[X,0x0000000080000D2A] -> 0x00A3
[271] [M]: 0x0000000080000D28 (0x00A33023) sd x10, 0x0(x6)                          main+328
mem[W,0x0000000080009038] <- 0x00000000000000DF

clint mtime 0x0000000000000088 (mip.MTI <- 0b1, mip.STI <- 0b0)
mem[X,0x0000000080000D2C] -> 0x0073
mem[X,0x0000000080000D2E] -> 0x1200
[272] [M]: 0x0000000080000D2C (0x12000073) sfence.vma x0, x0                        main+332

mem[X,0x0000000080000D30] -> 0x02B7
mem[X,0x0000000080000D32] -> 0x0000
[273] [M]: 0x0000000080000D30 (0x000002B7) lui x5, 0x0                              main+336
x5 <- 0x0000000000000000

clint mtime 0x0000000000000089 (mip.MTI <- 0b1, mip.STI <- 0b0)
mem[X,0x0000000080000D34] -> 0x8293
mem[X,0x0000000080000D36] -> 0x3802
[274] [M]: 0x0000000080000D34 (0x38028293) addi x5, x5, 0x380                       main+340
x5 <- 0x0000000000000380

mem[X,0x0000000080000D38] -> 0x9293
mem[X,0x0000000080000D3A] -> 0x00B2
[275] [M]: 0x0000000080000D38 (0x00B29293) slli x5, x5, 0xb                         main+344
x5 <- 0x00000000001C0000

clint mtime 0x000000000000008A (mip.MTI <- 0b1, mip.STI <- 0b0)
mem[X,0x0000000080000D3C] -> 0x8293
mem[X,0x0000000080000D3E] -> 0x4002
[276] [M]: 0x0000000080000D3C (0x40028293) addi x5, x5, 0x400                       main+348
x5 <- 0x00000000001C0400

mem[X,0x0000000080000D40] -> 0x9293
mem[X,0x0000000080000D42] -> 0x00B2
[277] [M]: 0x0000000080000D40 (0x00B29293) slli x5, x5, 0xb                         main+352
x5 <- 0x00000000E0200000

clint mtime 0x000000000000008B (mip.MTI <- 0b1, mip.STI <- 0b0)
mem[X,0x0000000080000D44] -> 0x8293
mem[X,0x0000000080000D46] -> 0x0152
[278] [M]: 0x0000000080000D44 (0x01528293) addi x5, x5, 0x15                        main+356
x5 <- 0x00000000E0200015

mem[X,0x0000000080000D48] -> 0x9293
mem[X,0x0000000080000D4A] -> 0x00A2
[279] [M]: 0x0000000080000D48 (0x00A29293) slli x5, x5, 0xa                         main+360
x5 <- 0x0000038080005400

clint mtime 0x000000000000008C (mip.MTI <- 0b1, mip.STI <- 0b0)
mem[X,0x0000000080000D4C] -> 0x8293
mem[X,0x0000000080000D4E] -> 0x1302
[280] [M]: 0x0000000080000D4C (0x13028293) addi x5, x5, 0x130                       main+364
x5 <- 0x0000038080005530

mem[X,0x0000000080000D50] -> 0x0013
mem[X,0x0000000080000D52] -> 0x0000
[281] [M]: 0x0000000080000D50 (0x00000013) addi x0, x0, 0x0                         main+368

clint mtime 0x000000000000008D (mip.MTI <- 0b1, mip.STI <- 0b0)
mem[X,0x0000000080000D54] -> 0x0013
mem[X,0x0000000080000D56] -> 0x0000
[282] [M]: 0x0000000080000D54 (0x00000013) addi x0, x0, 0x0                         main+372

mem[X,0x0000000080000D58] -> 0x0013
mem[X,0x0000000080000D5A] -> 0x0000
[283] [M]: 0x0000000080000D58 (0x00000013) addi x0, x0, 0x0                         main+376

clint mtime 0x000000000000008E (mip.MTI <- 0b1, mip.STI <- 0b0)
mem[X,0x0000000080000D5C] -> 0x0013
mem[X,0x0000000080000D5E] -> 0x0000
[284] [M]: 0x0000000080000D5C (0x00000013) addi x0, x0, 0x0                         main+380

mem[X,0x0000000080000D60] -> 0x4317
mem[X,0x0000000080000D62] -> 0x0000
[285] [M]: 0x0000000080000D60 (0x00004317) auipc x6, 0x4                            main+384
x6 <- 0x0000000080004D60

clint mtime 0x000000000000008F (mip.MTI <- 0b1, mip.STI <- 0b0)
mem[X,0x0000000080000D64] -> 0x0313
mem[X,0x0000000080000D66] -> 0x7D03
[286] [M]: 0x0000000080000D64 (0x7D030313) addi x6, x6, 0x7d0                       main+388
x6 <- 0x0000000080005530

mem[X,0x0000000080000D68] -> 0x0001
[287] [M]: 0x0000000080000D68 (0x0001) c.nop                                        main+392

clint mtime 0x0000000000000090 (mip.MTI <- 0b1, mip.STI <- 0b0)
mem[X,0x0000000080000D6A] -> 0x0013
mem[X,0x0000000080000D6C] -> 0x0000
[288] [M]: 0x0000000080000D6A (0x00000013) addi x0, x0, 0x0                         main+394

mem[X,0x0000000080000D6E] -> 0x0013
mem[X,0x0000000080000D70] -> 0x0000
[289] [M]: 0x0000000080000D6E (0x00000013) addi x0, x0, 0x0                         main+398

clint mtime 0x0000000000000091 (mip.MTI <- 0b1, mip.STI <- 0b0)
mem[X,0x0000000080000D72] -> 0x0013
mem[X,0x0000000080000D74] -> 0x0000
[290] [M]: 0x0000000080000D72 (0x00000013) addi x0, x0, 0x0                         main+402

mem[X,0x0000000080000D76] -> 0x0013
mem[X,0x0000000080000D78] -> 0x0000
[291] [M]: 0x0000000080000D76 (0x00000013) addi x0, x0, 0x0                         main+406

clint mtime 0x0000000000000092 (mip.MTI <- 0b1, mip.STI <- 0b0)
mem[X,0x0000000080000D7A] -> 0x0013
mem[X,0x0000000080000D7C] -> 0x0000
[292] [M]: 0x0000000080000D7A (0x00000013) addi x0, x0, 0x0                         main+410

mem[X,0x0000000080000D7E] -> 0x0001
[293] [M]: 0x0000000080000D7E (0x0001) c.nop                                        main+414

clint mtime 0x0000000000000093 (mip.MTI <- 0b1, mip.STI <- 0b0)
mem[X,0x0000000080000D80] -> 0x82B3
mem[X,0x0000000080000D82] -> 0x4062
[294] [M]: 0x0000000080000D80 (0x406282B3) sub x5, x5, x6                           main+416
x5 <- 0x0000038000000000

mem[X,0x0000000080000D84] -> 0x8E13
mem[X,0x0000000080000D86] -> 0x2982
[295] [M]: 0x0000000080000D84 (0x29828E13) addi x28, x5, 0x298                      main+420
x28 <- 0x0000038000000298

clint mtime 0x0000000000000094 (mip.MTI <- 0b1, mip.STI <- 0b0)
mem[X,0x0000000080000D88] -> 0x2173
mem[X,0x0000000080000D8A] -> 0x3400
[296] [M]: 0x0000000080000D88 (0x34002173) csrrs x2, mscratch, x0                   main+424
CSR mscratch (0x340) -> 0x0000000080005000
x2 <- 0x0000000080005000

mem[X,0x0000000080000D8C] -> 0x0333
mem[X,0x0000000080000D8E] -> 0x01C1
[297] [M]: 0x0000000080000D8C (0x01C10333) add x6, x2, x28                          main+428
x6 <- 0x0000038080005298

clint mtime 0x0000000000000095 (mip.MTI <- 0b1, mip.STI <- 0b0)
mem[X,0x0000000080000D90] -> 0x1073
mem[X,0x0000000080000D92] -> 0x1403
[298] [M]: 0x0000000080000D90 (0x14031073) csrrw x0, sscratch, x6                   main+432
CSR sscratch (0x140) <- 0x0000038080005298

mem[X,0x0000000080000D94] -> 0x2173
mem[X,0x0000000080000D96] -> 0x3400
[299] [M]: 0x0000000080000D94 (0x34002173) csrrs x2, mscratch, x0                   main+436
CSR mscratch (0x340) -> 0x0000000080005000
x2 <- 0x0000000080005000

clint mtime 0x0000000000000096 (mip.MTI <- 0b1, mip.STI <- 0b0)
mem[X,0x0000000080000D98] -> 0x02B7
mem[X,0x0000000080000D9A] -> 0x0000
[300] [M]: 0x0000000080000D98 (0x000002B7) lui x5, 0x0                              main+440
x5 <- 0x0000000000000000

mem[X,0x0000000080000D9C] -> 0x8293
mem[X,0x0000000080000D9E] -> 0x3002
[301] [M]: 0x0000000080000D9C (0x30028293) addi x5, x5, 0x300                       main+444
x5 <- 0x0000000000000300

clint mtime 0x0000000000000097 (mip.MTI <- 0b1, mip.STI <- 0b0)
mem[X,0x0000000080000DA0] -> 0x9293
mem[X,0x0000000080000DA2] -> 0x00B2
[302] [M]: 0x0000000080000DA0 (0x00B29293) slli x5, x5, 0xb                         main+448
x5 <- 0x0000000000180000

mem[X,0x0000000080000DA4] -> 0x8293
mem[X,0x0000000080000DA6] -> 0x4002
[303] [M]: 0x0000000080000DA4 (0x40028293) addi x5, x5, 0x400                       main+452
x5 <- 0x0000000000180400

clint mtime 0x0000000000000098 (mip.MTI <- 0b1, mip.STI <- 0b0)
mem[X,0x0000000080000DA8] -> 0x9293
mem[X,0x0000000080000DAA] -> 0x00B2
[304] [M]: 0x0000000080000DA8 (0x00B29293) slli x5, x5, 0xb                         main+456
x5 <- 0x00000000C0200000

mem[X,0x0000000080000DAC] -> 0x8293
mem[X,0x0000000080000DAE] -> 0x0022
[305] [M]: 0x0000000080000DAC (0x00228293) addi x5, x5, 0x2                         main+460
x5 <- 0x00000000C0200002

clint mtime 0x0000000000000099 (mip.MTI <- 0b1, mip.STI <- 0b0)
mem[X,0x0000000080000DB0] -> 0x9293
mem[X,0x0000000080000DB2] -> 0x00A2
[306] [M]: 0x0000000080000DB0 (0x00A29293) slli x5, x5, 0xa                         main+464
x5 <- 0x0000030080000800

mem[X,0x0000000080000DB4] -> 0x8293
mem[X,0x0000000080000DB6] -> 0x39C2
[307] [M]: 0x0000000080000DB4 (0x39C28293) addi x5, x5, 0x39c                       main+468
x5 <- 0x0000030080000B9C

clint mtime 0x000000000000009A (mip.MTI <- 0b1, mip.STI <- 0b0)
mem[X,0x0000000080000DB8] -> 0x0013
mem[X,0x0000000080000DBA] -> 0x0000
[308] [M]: 0x0000000080000DB8 (0x00000013) addi x0, x0, 0x0                         main+472

mem[X,0x0000000080000DBC] -> 0x0013
mem[X,0x0000000080000DBE] -> 0x0000
[309] [M]: 0x0000000080000DBC (0x00000013) addi x0, x0, 0x0                         main+476

clint mtime 0x000000000000009B (mip.MTI <- 0b1, mip.STI <- 0b0)
mem[X,0x0000000080000DC0] -> 0x0317
mem[X,0x0000000080000DC2] -> 0x0000
[310] [M]: 0x0000000080000DC0 (0x00000317) auipc x6, 0x0                            main+480
x6 <- 0x0000000080000DC0

mem[X,0x0000000080000DC4] -> 0x0313
mem[X,0x0000000080000DC6] -> 0xDF43
[311] [M]: 0x0000000080000DC4 (0xDF430313) addi x6, x6, -0x20c                      main+484
x6 <- 0x0000000080000BB4

clint mtime 0x000000000000009C (mip.MTI <- 0b1, mip.STI <- 0b0)
mem[X,0x0000000080000DC8] -> 0x0001
[312] [M]: 0x0000000080000DC8 (0x0001) c.nop                                        main+488

mem[X,0x0000000080000DCA] -> 0x0013
mem[X,0x0000000080000DCC] -> 0x0000
[313] [M]: 0x0000000080000DCA (0x00000013) addi x0, x0, 0x0                         main+490

clint mtime 0x000000000000009D (mip.MTI <- 0b1, mip.STI <- 0b0)
mem[X,0x0000000080000DCE] -> 0x0013
mem[X,0x0000000080000DD0] -> 0x0000
[314] [M]: 0x0000000080000DCE (0x00000013) addi x0, x0, 0x0                         main+494

mem[X,0x0000000080000DD2] -> 0x0013
mem[X,0x0000000080000DD4] -> 0x0000
[315] [M]: 0x0000000080000DD2 (0x00000013) addi x0, x0, 0x0                         main+498

clint mtime 0x000000000000009E (mip.MTI <- 0b1, mip.STI <- 0b0)
mem[X,0x0000000080000DD6] -> 0x0013
mem[X,0x0000000080000DD8] -> 0x0000
[316] [M]: 0x0000000080000DD6 (0x00000013) addi x0, x0, 0x0                         main+502

mem[X,0x0000000080000DDA] -> 0x0013
mem[X,0x0000000080000DDC] -> 0x0000
[317] [M]: 0x0000000080000DDA (0x00000013) addi x0, x0, 0x0                         main+506

clint mtime 0x000000000000009F (mip.MTI <- 0b1, mip.STI <- 0b0)
mem[X,0x0000000080000DDE] -> 0x0001
[318] [M]: 0x0000000080000DDE (0x0001) c.nop                                        main+510

mem[X,0x0000000080000DE0] -> 0x82B3
mem[X,0x0000000080000DE2] -> 0x4062
[319] [M]: 0x0000000080000DE0 (0x406282B3) sub x5, x5, x6                           main+512
x5 <- 0x000002FFFFFFFFE8

clint mtime 0x00000000000000A0 (mip.MTI <- 0b1, mip.STI <- 0b0)
mem[X,0x0000000080000DE4] -> 0x3303
mem[X,0x0000000080000DE6] -> 0x1D81
[320] [M]: 0x0000000080000DE4 (0x1D813303) ld x6, 0x1d8(x2)                         main+516
mem[R,0x00000000800051D8] -> 0x0000000080000BB4
x6 <- 0x0000000080000BB4

mem[X,0x0000000080000DE8] -> 0x03B3
mem[X,0x0000000080000DEA] -> 0x0053
[321] [M]: 0x0000000080000DE8 (0x005303B3) add x7, x6, x5                           main+520
x7 <- 0x0000030080000B9C

clint mtime 0x00000000000000A1 (mip.MTI <- 0b1, mip.STI <- 0b0)
mem[X,0x0000000080000DEC] -> 0x3823
mem[X,0x0000000080000DEE] -> 0x4671
[322] [M]: 0x0000000080000DEC (0x46713823) sd x7, 0x470(x2)                         main+524
mem[W,0x0000000080005470] <- 0x0000030080000B9C

mem[X,0x0000000080000DF0] -> 0x02B7
mem[X,0x0000000080000DF2] -> 0x0000
[323] [M]: 0x0000000080000DF0 (0x000002B7) lui x5, 0x0                              main+528
x5 <- 0x0000000000000000

clint mtime 0x00000000000000A2 (mip.MTI <- 0b1, mip.STI <- 0b0)
mem[X,0x0000000080000DF4] -> 0x8293
mem[X,0x0000000080000DF6] -> 0x3802
[324] [M]: 0x0000000080000DF4 (0x38028293) addi x5, x5, 0x380                       main+532
x5 <- 0x0000000000000380

mem[X,0x0000000080000DF8] -> 0x9293
mem[X,0x0000000080000DFA] -> 0x00B2
[325] [M]: 0x0000000080000DF8 (0x00B29293) slli x5, x5, 0xb                         main+536
x5 <- 0x00000000001C0000

clint mtime 0x00000000000000A3 (mip.MTI <- 0b1, mip.STI <- 0b0)
mem[X,0x0000000080000DFC] -> 0x8293
mem[X,0x0000000080000DFE] -> 0x4002
[326] [M]: 0x0000000080000DFC (0x40028293) addi x5, x5, 0x400                       main+540
x5 <- 0x00000000001C0400

mem[X,0x0000000080000E00] -> 0x9293
mem[X,0x0000000080000E02] -> 0x00B2
[327] [M]: 0x0000000080000E00 (0x00B29293) slli x5, x5, 0xb                         main+544
x5 <- 0x00000000E0200000

clint mtime 0x00000000000000A4 (mip.MTI <- 0b1, mip.STI <- 0b0)
mem[X,0x0000000080000E04] -> 0x8293
mem[X,0x0000000080000E06] -> 0x0152
[328] [M]: 0x0000000080000E04 (0x01528293) addi x5, x5, 0x15                        main+548
x5 <- 0x00000000E0200015

mem[X,0x0000000080000E08] -> 0x9293
mem[X,0x0000000080000E0A] -> 0x00A2
[329] [M]: 0x0000000080000E08 (0x00A29293) slli x5, x5, 0xa                         main+552
x5 <- 0x0000038080005400

clint mtime 0x00000000000000A5 (mip.MTI <- 0b1, mip.STI <- 0b0)
mem[X,0x0000000080000E0C] -> 0x8293
mem[X,0x0000000080000E0E] -> 0x1302
[330] [M]: 0x0000000080000E0C (0x13028293) addi x5, x5, 0x130                       main+556
x5 <- 0x0000038080005530

mem[X,0x0000000080000E10] -> 0x0013
mem[X,0x0000000080000E12] -> 0x0000
[331] [M]: 0x0000000080000E10 (0x00000013) addi x0, x0, 0x0                         main+560

clint mtime 0x00000000000000A6 (mip.MTI <- 0b1, mip.STI <- 0b0)
mem[X,0x0000000080000E14] -> 0x0013
mem[X,0x0000000080000E16] -> 0x0000
[332] [M]: 0x0000000080000E14 (0x00000013) addi x0, x0, 0x0                         main+564

mem[X,0x0000000080000E18] -> 0x0013
mem[X,0x0000000080000E1A] -> 0x0000
[333] [M]: 0x0000000080000E18 (0x00000013) addi x0, x0, 0x0                         main+568

clint mtime 0x00000000000000A7 (mip.MTI <- 0b1, mip.STI <- 0b0)
mem[X,0x0000000080000E1C] -> 0x0013
mem[X,0x0000000080000E1E] -> 0x0000
[334] [M]: 0x0000000080000E1C (0x00000013) addi x0, x0, 0x0                         main+572

mem[X,0x0000000080000E20] -> 0x4317
mem[X,0x0000000080000E22] -> 0x0000
[335] [M]: 0x0000000080000E20 (0x00004317) auipc x6, 0x4                            main+576
x6 <- 0x0000000080004E20

clint mtime 0x00000000000000A8 (mip.MTI <- 0b1, mip.STI <- 0b0)
mem[X,0x0000000080000E24] -> 0x0313
mem[X,0x0000000080000E26] -> 0x7103
[336] [M]: 0x0000000080000E24 (0x71030313) addi x6, x6, 0x710                       main+580
x6 <- 0x0000000080005530

mem[X,0x0000000080000E28] -> 0x0001
[337] [M]: 0x0000000080000E28 (0x0001) c.nop                                        main+584

clint mtime 0x00000000000000A9 (mip.MTI <- 0b1, mip.STI <- 0b0)
mem[X,0x0000000080000E2A] -> 0x0013
mem[X,0x0000000080000E2C] -> 0x0000
[338] [M]: 0x0000000080000E2A (0x00000013) addi x0, x0, 0x0                         main+586

mem[X,0x0000000080000E2E] -> 0x0013
mem[X,0x0000000080000E30] -> 0x0000
[339] [M]: 0x0000000080000E2E (0x00000013) addi x0, x0, 0x0                         main+590

clint mtime 0x00000000000000AA (mip.MTI <- 0b1, mip.STI <- 0b0)
mem[X,0x0000000080000E32] -> 0x0013
mem[X,0x0000000080000E34] -> 0x0000
[340] [M]: 0x0000000080000E32 (0x00000013) addi x0, x0, 0x0                         main+594

mem[X,0x0000000080000E36] -> 0x0013
mem[X,0x0000000080000E38] -> 0x0000
[341] [M]: 0x0000000080000E36 (0x00000013) addi x0, x0, 0x0                         main+598

clint mtime 0x00000000000000AB (mip.MTI <- 0b1, mip.STI <- 0b0)
mem[X,0x0000000080000E3A] -> 0x0013
mem[X,0x0000000080000E3C] -> 0x0000
[342] [M]: 0x0000000080000E3A (0x00000013) addi x0, x0, 0x0                         main+602

mem[X,0x0000000080000E3E] -> 0x0001
[343] [M]: 0x0000000080000E3E (0x0001) c.nop                                        main+606

clint mtime 0x00000000000000AC (mip.MTI <- 0b1, mip.STI <- 0b0)
mem[X,0x0000000080000E40] -> 0x82B3
mem[X,0x0000000080000E42] -> 0x4062
[344] [M]: 0x0000000080000E40 (0x406282B3) sub x5, x5, x6                           main+608
x5 <- 0x0000038000000000

mem[X,0x0000000080000E44] -> 0x3303
mem[X,0x0000000080000E46] -> 0x1E81
[345] [M]: 0x0000000080000E44 (0x1E813303) ld x6, 0x1e8(x2)                         main+612
mem[R,0x00000000800051E8] -> 0x0000000080005530
x6 <- 0x0000000080005530

clint mtime 0x00000000000000AD (mip.MTI <- 0b1, mip.STI <- 0b0)
mem[X,0x0000000080000E48] -> 0x03B3
mem[X,0x0000000080000E4A] -> 0x0053
[346] [M]: 0x0000000080000E48 (0x005303B3) add x7, x6, x5                           main+616
x7 <- 0x0000038080005530

mem[X,0x0000000080000E4C] -> 0x3023
mem[X,0x0000000080000E4E] -> 0x4871
[347] [M]: 0x0000000080000E4C (0x48713023) sd x7, 0x480(x2)                         main+620
mem[W,0x0000000080005480] <- 0x0000038080005530

clint mtime 0x00000000000000AE (mip.MTI <- 0b1, mip.STI <- 0b0)
mem[X,0x0000000080000E50] -> 0x0013
mem[X,0x0000000080000E52] -> 0x0000
[348] [M]: 0x0000000080000E50 (0x00000013) addi x0, x0, 0x0                         main+624

mem[X,0x0000000080000E54] -> 0x0013
mem[X,0x0000000080000E56] -> 0x0000
[349] [M]: 0x0000000080000E54 (0x00000013) addi x0, x0, 0x0                         main+628

clint mtime 0x00000000000000AF (mip.MTI <- 0b1, mip.STI <- 0b0)
mem[X,0x0000000080000E58] -> 0x0013
mem[X,0x0000000080000E5A] -> 0x0000
[350] [M]: 0x0000000080000E58 (0x00000013) addi x0, x0, 0x0                         main+632

mem[X,0x0000000080000E5C] -> 0x0013
mem[X,0x0000000080000E5E] -> 0x0000
[351] [M]: 0x0000000080000E5C (0x00000013) addi x0, x0, 0x0                         main+636

clint mtime 0x00000000000000B0 (mip.MTI <- 0b1, mip.STI <- 0b0)
mem[X,0x0000000080000E60] -> 0x8F97
mem[X,0x0000000080000E62] -> 0x0000
[352] [M]: 0x0000000080000E60 (0x00008F97) auipc x31, 0x8                           main+640
x31 <- 0x0000000080008E60

mem[X,0x0000000080000E64] -> 0x8F93
mem[X,0x0000000080000E66] -> 0x1A0F
[353] [M]: 0x0000000080000E64 (0x1A0F8F93) addi x31, x31, 0x1a0                     main+644
x31 <- 0x0000000080009000

clint mtime 0x00000000000000B1 (mip.MTI <- 0b1, mip.STI <- 0b0)
mem[X,0x0000000080000E68] -> 0x0001
[354] [M]: 0x0000000080000E68 (0x0001) c.nop                                        main+648

mem[X,0x0000000080000E6A] -> 0x0013
mem[X,0x0000000080000E6C] -> 0x0000
[355] [M]: 0x0000000080000E6A (0x00000013) addi x0, x0, 0x0                         main+650

clint mtime 0x00000000000000B2 (mip.MTI <- 0b1, mip.STI <- 0b0)
mem[X,0x0000000080000E6E] -> 0x0013
mem[X,0x0000000080000E70] -> 0x0000
[356] [M]: 0x0000000080000E6E (0x00000013) addi x0, x0, 0x0                         main+654

mem[X,0x0000000080000E72] -> 0x0013
mem[X,0x0000000080000E74] -> 0x0000
[357] [M]: 0x0000000080000E72 (0x00000013) addi x0, x0, 0x0                         main+658

clint mtime 0x00000000000000B3 (mip.MTI <- 0b1, mip.STI <- 0b0)
mem[X,0x0000000080000E76] -> 0x0013
mem[X,0x0000000080000E78] -> 0x0000
[358] [M]: 0x0000000080000E76 (0x00000013) addi x0, x0, 0x0                         main+662

mem[X,0x0000000080000E7A] -> 0x0013
mem[X,0x0000000080000E7C] -> 0x0000
[359] [M]: 0x0000000080000E7A (0x00000013) addi x0, x0, 0x0                         main+666

clint mtime 0x00000000000000B4 (mip.MTI <- 0b1, mip.STI <- 0b0)
mem[X,0x0000000080000E7E] -> 0x0001
[360] [M]: 0x0000000080000E7E (0x0001) c.nop                                        main+670

mem[X,0x0000000080000E80] -> 0x0F13
mem[X,0x0000000080000E82] -> 0x0090
[361] [M]: 0x0000000080000E80 (0x00900F13) addi x30, x0, 0x9                        main+672
x30 <- 0x0000000000000009

clint mtime 0x00000000000000B5 (mip.MTI <- 0b1, mip.STI <- 0b0)
mem[X,0x0000000080000E84] -> 0x1F13
mem[X,0x0000000080000E86] -> 0x03CF
[362] [M]: 0x0000000080000E84 (0x03CF1F13) slli x30, x30, 0x3c                      main+676
x30 <- 0x9000000000000000

mem[X,0x0000000080000E88] -> 0xDF93
mem[X,0x0000000080000E8A] -> 0x00CF
[363] [M]: 0x0000000080000E88 (0x00CFDF93) srli x31, x31, 0xc                       main+680
x31 <- 0x0000000000080009

clint mtime 0x00000000000000B6 (mip.MTI <- 0b1, mip.STI <- 0b0)
mem[X,0x0000000080000E8C] -> 0xEFB3
mem[X,0x0000000080000E8E] -> 0x01EF
[364] [M]: 0x0000000080000E8C (0x01EFEFB3) or x31, x31, x30                         main+684
x31 <- 0x9000000000080009

mem[X,0x0000000080000E90] -> 0x9073
mem[X,0x0000000080000E92] -> 0x180F
[365] [M]: 0x0000000080000E90 (0x180F9073) csrrw x0, satp, x31                      main+688
CSR satp (0x180) <- 0x9000000000080009

clint mtime 0x00000000000000B7 (mip.MTI <- 0b1, mip.STI <- 0b0)
mem[X,0x0000000080000E94] -> 0x0073
mem[X,0x0000000080000E96] -> 0x1200
[366] [M]: 0x0000000080000E94 (0x12000073) sfence.vma x0, x0                        main+692

mem[X,0x0000000080000E98] -> 0x03B7
mem[X,0x0000000080000E9A] -> 0x000F
[367] [M]: 0x0000000080000E98 (0x000F03B7) lui x7, 0xf0                             main+696
x7 <- 0x00000000000F0000

clint mtime 0x00000000000000B8 (mip.MTI <- 0b1, mip.STI <- 0b0)
mem[X,0x0000000080000E9C] -> 0x8393
mem[X,0x0000000080000E9E] -> 0x01D3
[368] [M]: 0x0000000080000E9C (0x01D38393) addi x7, x7, 0x1d                        main+700
x7 <- 0x00000000000F001D

mem[X,0x0000000080000EA0] -> 0x9393
mem[X,0x0000000080000EA2] -> 0x0083
[369] [M]: 0x0000000080000EA0 (0x00839393) slli x7, x7, 0x8                         main+704
x7 <- 0x000000000F001D00

clint mtime 0x00000000000000B9 (mip.MTI <- 0b1, mip.STI <- 0b0)
mem[X,0x0000000080000EA4] -> 0x9073
mem[X,0x0000000080000EA6] -> 0x3A03
[370] [M]: 0x0000000080000EA4 (0x3A039073) csrrw x0, pmpcfg0, x7                    main+708
CSR pmpcfg0 (0x3A0) <- 0x000000000F001D00

mem[X,0x0000000080000EA8] -> 0x0013
mem[X,0x0000000080000EAA] -> 0x0000
[371] [M]: 0x0000000080000EA8 (0x00000013) addi x0, x0, 0x0                         main+712

clint mtime 0x00000000000000BA (mip.MTI <- 0b1, mip.STI <- 0b0)
mem[X,0x0000000080000EAC] -> 0x0013
mem[X,0x0000000080000EAE] -> 0x0000
[372] [M]: 0x0000000080000EAC (0x00000013) addi x0, x0, 0x0                         main+716

mem[X,0x0000000080000EB0] -> 0x0013
mem[X,0x0000000080000EB2] -> 0x0000
[373] [M]: 0x0000000080000EB0 (0x00000013) addi x0, x0, 0x0                         main+720

clint mtime 0x00000000000000BB (mip.MTI <- 0b1, mip.STI <- 0b0)
mem[X,0x0000000080000EB4] -> 0x0013
mem[X,0x0000000080000EB6] -> 0x0000
[374] [M]: 0x0000000080000EB4 (0x00000013) addi x0, x0, 0x0                         main+724

mem[X,0x0000000080000EB8] -> 0x0013
mem[X,0x0000000080000EBA] -> 0x0000
[375] [M]: 0x0000000080000EB8 (0x00000013) addi x0, x0, 0x0                         main+728

clint mtime 0x00000000000000BC (mip.MTI <- 0b1, mip.STI <- 0b0)
mem[X,0x0000000080000EBC] -> 0x0013
mem[X,0x0000000080000EBE] -> 0x0000
[376] [M]: 0x0000000080000EBC (0x00000013) addi x0, x0, 0x0                         main+732

mem[X,0x0000000080000EC0] -> 0x051B
mem[X,0x0000000080000EC2] -> 0x0000
[377] [M]: 0x0000000080000EC0 (0x0000051B) addiw x10, x0, 0x0                       main+736
x10 <- 0x0000000000000000

clint mtime 0x00000000000000BD (mip.MTI <- 0b1, mip.STI <- 0b0)
mem[X,0x0000000080000EC4] -> 0x0001
[378] [M]: 0x0000000080000EC4 (0x0001) c.nop                                        main+740

mem[X,0x0000000080000EC6] -> 0x0013
mem[X,0x0000000080000EC8] -> 0x0000
[379] [M]: 0x0000000080000EC6 (0x00000013) addi x0, x0, 0x0                         main+742

clint mtime 0x00000000000000BE (mip.MTI <- 0b1, mip.STI <- 0b0)
mem[X,0x0000000080000ECA] -> 0x0013
mem[X,0x0000000080000ECC] -> 0x0000
[380] [M]: 0x0000000080000ECA (0x00000013) addi x0, x0, 0x0                         main+746

mem[X,0x0000000080000ECE] -> 0x0013
mem[X,0x0000000080000ED0] -> 0x0000
[381] [M]: 0x0000000080000ECE (0x00000013) addi x0, x0, 0x0                         main+750

clint mtime 0x00000000000000BF (mip.MTI <- 0b1, mip.STI <- 0b0)
mem[X,0x0000000080000ED2] -> 0x0013
mem[X,0x0000000080000ED4] -> 0x0000
[382] [M]: 0x0000000080000ED2 (0x00000013) addi x0, x0, 0x0                         main+754

mem[X,0x0000000080000ED6] -> 0x0013
mem[X,0x0000000080000ED8] -> 0x0000
[383] [M]: 0x0000000080000ED6 (0x00000013) addi x0, x0, 0x0                         main+758

clint mtime 0x00000000000000C0 (mip.MTI <- 0b1, mip.STI <- 0b0)
mem[X,0x0000000080000EDA] -> 0x0013
mem[X,0x0000000080000EDC] -> 0x0000
[384] [M]: 0x0000000080000EDA (0x00000013) addi x0, x0, 0x0                         main+762

mem[X,0x0000000080000EDE] -> 0x0001
[385] [M]: 0x0000000080000EDE (0x0001) c.nop                                        main+766

clint mtime 0x00000000000000C1 (mip.MTI <- 0b1, mip.STI <- 0b0)
mem[X,0x0000000080000EE0] -> 0x0593
mem[X,0x0000000080000EE2] -> 0x0DF0
[386] [M]: 0x0000000080000EE0 (0x0DF00593) addi x11, x0, 0xdf                       main+768
x11 <- 0x00000000000000DF

mem[X,0x0000000080000EE4] -> 0x5513
mem[X,0x0000000080000EE6] -> 0x00C5
[387] [M]: 0x0000000080000EE4 (0x00C55513) srli x10, x10, 0xc                       main+772
x10 <- 0x0000000000000000

clint mtime 0x00000000000000C2 (mip.MTI <- 0b1, mip.STI <- 0b0)
mem[X,0x0000000080000EE8] -> 0x1513
mem[X,0x0000000080000EEA] -> 0x00A5
[388] [M]: 0x0000000080000EE8 (0x00A51513) slli x10, x10, 0xa                       main+776
x10 <- 0x0000000000000000

mem[X,0x0000000080000EEC] -> 0x6533
mem[X,0x0000000080000EEE] -> 0x00B5
[389] [M]: 0x0000000080000EEC (0x00B56533) or x10, x10, x11                         main+780
x10 <- 0x00000000000000DF

clint mtime 0x00000000000000C3 (mip.MTI <- 0b1, mip.STI <- 0b0)
mem[X,0x0000000080000EF0] -> 0x0013
mem[X,0x0000000080000EF2] -> 0x0000
[390] [M]: 0x0000000080000EF0 (0x00000013) addi x0, x0, 0x0                         main+784

mem[X,0x0000000080000EF4] -> 0x0013
mem[X,0x0000000080000EF6] -> 0x0000
[391] [M]: 0x0000000080000EF4 (0x00000013) addi x0, x0, 0x0                         main+788

clint mtime 0x00000000000000C4 (mip.MTI <- 0b1, mip.STI <- 0b0)
mem[X,0x0000000080000EF8] -> 0x0013
mem[X,0x0000000080000EFA] -> 0x0000
[392] [M]: 0x0000000080000EF8 (0x00000013) addi x0, x0, 0x0                         main+792

mem[X,0x0000000080000EFC] -> 0x0013
mem[X,0x0000000080000EFE] -> 0x0000
[393] [M]: 0x0000000080000EFC (0x00000013) addi x0, x0, 0x0                         main+796

clint mtime 0x00000000000000C5 (mip.MTI <- 0b1, mip.STI <- 0b0)
mem[X,0x0000000080000F00] -> 0x8317
mem[X,0x0000000080000F02] -> 0x0000
[394] [M]: 0x0000000080000F00 (0x00008317) auipc x6, 0x8                            main+800
x6 <- 0x0000000080008F00

mem[X,0x0000000080000F04] -> 0x0313
mem[X,0x0000000080000F06] -> 0x1003
[395] [M]: 0x0000000080000F04 (0x10030313) addi x6, x6, 0x100                       main+804
x6 <- 0x0000000080009000

clint mtime 0x00000000000000C6 (mip.MTI <- 0b1, mip.STI <- 0b0)
mem[X,0x0000000080000F08] -> 0x0001
[396] [M]: 0x0000000080000F08 (0x0001) c.nop                                        main+808

mem[X,0x0000000080000F0A] -> 0x0013
mem[X,0x0000000080000F0C] -> 0x0000
[397] [M]: 0x0000000080000F0A (0x00000013) addi x0, x0, 0x0                         main+810

clint mtime 0x00000000000000C7 (mip.MTI <- 0b1, mip.STI <- 0b0)
mem[X,0x0000000080000F0E] -> 0x0013
mem[X,0x0000000080000F10] -> 0x0000
[398] [M]: 0x0000000080000F0E (0x00000013) addi x0, x0, 0x0                         main+814

mem[X,0x0000000080000F12] -> 0x0013
mem[X,0x0000000080000F14] -> 0x0000
[399] [M]: 0x0000000080000F12 (0x00000013) addi x0, x0, 0x0                         main+818

clint mtime 0x00000000000000C8 (mip.MTI <- 0b1, mip.STI <- 0b0)
mem[X,0x0000000080000F16] -> 0x0013
mem[X,0x0000000080000F18] -> 0x0000
[400] [M]: 0x0000000080000F16 (0x00000013) addi x0, x0, 0x0                         main+822

mem[X,0x0000000080000F1A] -> 0x0013
mem[X,0x0000000080000F1C] -> 0x0000
[401] [M]: 0x0000000080000F1A (0x00000013) addi x0, x0, 0x0                         main+826

clint mtime 0x00000000000000C9 (mip.MTI <- 0b1, mip.STI <- 0b0)
mem[X,0x0000000080000F1E] -> 0x0001
[402] [M]: 0x0000000080000F1E (0x0001) c.nop                                        main+830

mem[X,0x0000000080000F20] -> 0x0293
mem[X,0x0000000080000F22] -> 0x0280
[403] [M]: 0x0000000080000F20 (0x02800293) addi x5, x0, 0x28                        main+832
x5 <- 0x0000000000000028

clint mtime 0x00000000000000CA (mip.MTI <- 0b1, mip.STI <- 0b0)
mem[X,0x0000000080000F24] -> 0x0333
mem[X,0x0000000080000F26] -> 0x0053
[404] [M]: 0x0000000080000F24 (0x00530333) add x6, x6, x5                           main+836
x6 <- 0x0000000080009028

mem[X,0x0000000080000F28] -> 0x3023
mem[X,0x0000000080000F2A] -> 0x00A3
[405] [M]: 0x0000000080000F28 (0x00A33023) sd x10, 0x0(x6)                          main+840
mem[W,0x0000000080009028] <- 0x00000000000000DF

clint mtime 0x00000000000000CB (mip.MTI <- 0b1, mip.STI <- 0b0)
mem[X,0x0000000080000F2C] -> 0x0073
mem[X,0x0000000080000F2E] -> 0x1200
[406] [M]: 0x0000000080000F2C (0x12000073) sfence.vma x0, x0                        main+844

mem[X,0x0000000080000F30] -> 0x0493
mem[X,0x0000000080000F32] -> 0x0010
[407] [M]: 0x0000000080000F30 (0x00100493) addi x9, x0, 0x1                         main+848
x9 <- 0x0000000000000001

clint mtime 0x00000000000000CC (mip.MTI <- 0b1, mip.STI <- 0b0)
mem[X,0x0000000080000F34] -> 0x9493
mem[X,0x0000000080000F36] -> 0x00B4
[408] [M]: 0x0000000080000F34 (0x00B49493) slli x9, x9, 0xb                         main+852
x9 <- 0x0000000000000800

mem[X,0x0000000080000F38] -> 0xB073
mem[X,0x0000000080000F3A] -> 0x3004
[409] [M]: 0x0000000080000F38 (0x3004B073) csrrc x0, mstatus, x9                    main+856
CSR mstatus (0x300) <- 0x0000000A00000000

clint mtime 0x00000000000000CD (mip.MTI <- 0b1, mip.STI <- 0b0)
mem[X,0x0000000080000F3C] -> 0x23F3
mem[X,0x0000000080000F3E] -> 0x3400
[410] [M]: 0x0000000080000F3C (0x340023F3) csrrs x7, mscratch, x0                   main+860
CSR mscratch (0x340) -> 0x0000000080005000
x7 <- 0x0000000080005000

mem[X,0x0000000080000F40] -> 0xB303
mem[X,0x0000000080000F42] -> 0x4703
[411] [M]: 0x0000000080000F40 (0x4703B303) ld x6, 0x470(x7)                         main+864
mem[R,0x0000000080005470] -> 0x0000030080000B9C
x6 <- 0x0000030080000B9C

clint mtime 0x00000000000000CE (mip.MTI <- 0b1, mip.STI <- 0b0)
mem[X,0x0000000080000F44] -> 0xB483
mem[X,0x0000000080000F46] -> 0x1D83
[412] [M]: 0x0000000080000F44 (0x1D83B483) ld x9, 0x1d8(x7)                         main+868
mem[R,0x00000000800051D8] -> 0x0000000080000BB4
x9 <- 0x0000000080000BB4

mem[X,0x0000000080000F48] -> 0x0333
mem[X,0x0000000080000F4A] -> 0x4093
[413] [M]: 0x0000000080000F48 (0x40930333) sub x6, x6, x9                           main+872
x6 <- 0x000002FFFFFFFFE8

clint mtime 0x00000000000000CF (mip.MTI <- 0b1, mip.STI <- 0b0)
mem[X,0x0000000080000F4C] -> 0x0313
mem[X,0x0000000080000F4E] -> 0x0103
[414] [M]: 0x0000000080000F4C (0x01030313) addi x6, x6, 0x10                        main+876
x6 <- 0x000002FFFFFFFFF8

mem[X,0x0000000080000F50] -> 0x0497
mem[X,0x0000000080000F52] -> 0x0000
[415] [M]: 0x0000000080000F50 (0x00000497) auipc x9, 0x0                            main+880
x9 <- 0x0000000080000F50

clint mtime 0x00000000000000D0 (mip.MTI <- 0b1, mip.STI <- 0b0)
mem[X,0x0000000080000F54] -> 0x84B3
mem[X,0x0000000080000F56] -> 0x0064
[416] [M]: 0x0000000080000F54 (0x006484B3) add x9, x9, x6                           main+884
x9 <- 0x0000030080000F48

mem[X,0x0000000080000F58] -> 0x94F3
mem[X,0x0000000080000F5A] -> 0x3414
[417] [M]: 0x0000000080000F58 (0x341494F3) csrrw x9, mepc, x9                       main+888
CSR mepc (0x341) <- 0x0000030080000F48
x9 <- 0x0000000000000000

clint mtime 0x00000000000000D1 (mip.MTI <- 0b1, mip.STI <- 0b0)
mem[X,0x0000000080000F5C] -> 0x0073
mem[X,0x0000000080000F5E] -> 0x3020
[418] [M]: 0x0000000080000F5C (0x30200073) mret                                     main+892
CSR mstatus (0x300) <- 0x0000000A00000080
ret-ing from M to U

PTW: Start, vpn=0x30080000, access_type=X, privilege=Umem[R,0x0000000080009030] -> 0x00000000000000DB
PTW: Step, level=3, pte=0xDB, pte_addr=0x80009030
PTW: Success, final_ppn=0x80000, level=3mem[X,0x0000000080000F48] -> 0x0333
mem[X,0x0000000080000F4A] -> 0x4093
[419] [U]: 0x0000030080000F48 (0x40930333) sub x6, x6, x9                           va_rvtest_code_begin+940
x6 <- 0x000002FFFFFFFFF8

clint mtime 0x00000000000000D2 (mip.MTI <- 0b1, mip.STI <- 0b0)
mem[X,0x0000000080000F4C] -> 0x0313
mem[X,0x0000000080000F4E] -> 0x0103
[420] [U]: 0x0000030080000F4C (0x01030313) addi x6, x6, 0x10                        va_rvtest_code_begin+944
x6 <- 0x0000030000000008

mem[X,0x0000000080000F50] -> 0x0497
mem[X,0x0000000080000F52] -> 0x0000
[421] [U]: 0x0000030080000F50 (0x00000497) auipc x9, 0x0                            va_rvtest_code_begin+948
x9 <- 0x0000030080000F50

clint mtime 0x00000000000000D3 (mip.MTI <- 0b1, mip.STI <- 0b0)
mem[X,0x0000000080000F54] -> 0x84B3
mem[X,0x0000000080000F56] -> 0x0064
[422] [U]: 0x0000030080000F54 (0x006484B3) add x9, x9, x6                           va_rvtest_code_begin+952
x9 <- 0x0000060080000F58

mem[X,0x0000000080000F58] -> 0x94F3
mem[X,0x0000000080000F5A] -> 0x3414
[423] [U]: 0x0000030080000F58 (0x341494F3) csrrw x9, mepc, x9                       va_rvtest_code_begin+956
trapping from U to M to handle illegal-instruction
handling exc#illegal-instruction at priv M with tval 0x00000000341494F3
CSR mstatus (0x300) <- 0x0000000A00000000
CSR mcause (0x342) <- 0x0000000000000002
CSR mtval (0x343) <- 0x00000000341494F3
CSR mepc (0x341) <- 0x0000030080000F58

clint mtime 0x00000000000000D4 (mip.MTI <- 0b1, mip.STI <- 0b0)
mem[X,0x0000000080002800] -> 0x006F
mem[X,0x0000000080002802] -> 0x1000
[424] [M]: 0x0000000080002800 (0x1000006F) jal x0, 0x100                            Mtrampoline+0

mem[X,0x0000000080002900] -> 0x1173
mem[X,0x0000000080002902] -> 0x3401
[425] [M]: 0x0000000080002900 (0x34011173) csrrw x2, mscratch, x2                   trap_Mhandler+0
CSR mscratch (0x340) <- 0x0000000080005000
x2 <- 0x0000000080005000

clint mtime 0x00000000000000D5 (mip.MTI <- 0b1, mip.STI <- 0b0)
mem[X,0x0000000080002904] -> 0x3423
mem[X,0x0000000080002906] -> 0x28B1
[426] [M]: 0x0000000080002904 (0x28B13423) sd x11, 0x288(x2)                        trap_Mhandler+4
mem[W,0x0000000080005288] <- 0x00000000000000DF

mem[X,0x0000000080002908] -> 0x05EF
mem[X,0x000000008000290A] -> 0x0B80
[427] [M]: 0x0000000080002908 (0x0B8005EF) jal x11, 0xb8                            trap_Mhandler+8
x11 <- 0x000000008000290C

clint mtime 0x00000000000000D6 (mip.MTI <- 0b1, mip.STI <- 0b0)
mem[X,0x00000000800029C0] -> 0x3023
mem[X,0x00000000800029C2] -> 0x28A1
[428] [M]: 0x00000000800029C0 (0x28A13023) sd x10, 0x280(x2)                        common_Mhandler+0
mem[W,0x0000000080005280] <- 0x00000000000000DF

mem[X,0x00000000800029C4] -> 0x1573
mem[X,0x00000000800029C6] -> 0x3401
[429] [M]: 0x00000000800029C4 (0x34011573) csrrw x10, mscratch, x2                  common_Mhandler+4
CSR mscratch (0x340) <- 0x0000000080005000
x10 <- 0x0000000080005000

clint mtime 0x00000000000000D7 (mip.MTI <- 0b1, mip.STI <- 0b0)
mem[X,0x00000000800029C8] -> 0x3823
mem[X,0x00000000800029CA] -> 0x28A1
[430] [M]: 0x00000000800029C8 (0x28A13823) sd x10, 0x290(x2)                        common_Mhandler+8
mem[W,0x0000000080005290] <- 0x0000000080005000

mem[X,0x00000000800029CC] -> 0x3503
mem[X,0x00000000800029CE] -> 0x2301
[431] [M]: 0x00000000800029CC (0x23013503) ld x10, 0x230(x2)                        common_Mhandler+12
mem[R,0x0000000080005230] -> 0x00000000800029D4
x10 <- 0x00000000800029D4

clint mtime 0x00000000000000D8 (mip.MTI <- 0b1, mip.STI <- 0b0)
mem[X,0x00000000800029D0] -> 0x0067
mem[X,0x00000000800029D2] -> 0x0005
[432] [M]: 0x00000000800029D0 (0x00050067) jalr x0, 0x0(x10)                        common_Mhandler+16

mem[X,0x00000000800029D4] -> 0x3C23
mem[X,0x00000000800029D6] -> 0x2691
[433] [M]: 0x00000000800029D4 (0x26913C23) sd x9, 0x278(x2)                         common_Mentry+0
mem[W,0x0000000080005278] <- 0x0000060080000F58

clint mtime 0x00000000000000D9 (mip.MTI <- 0b1, mip.STI <- 0b0)
mem[X,0x00000000800029D8] -> 0x3823
mem[X,0x00000000800029DA] -> 0x2681
[434] [M]: 0x00000000800029D8 (0x26813823) sd x8, 0x270(x2)                         common_Mentry+4
mem[W,0x0000000080005270] <- 0x0000000000007F76

mem[X,0x00000000800029DC] -> 0x3423
mem[X,0x00000000800029DE] -> 0x2671
[435] [M]: 0x00000000800029DC (0x26713423) sd x7, 0x268(x2)                         common_Mentry+8
mem[W,0x0000000080005268] <- 0x0000000080005000

clint mtime 0x00000000000000DA (mip.MTI <- 0b1, mip.STI <- 0b0)
mem[X,0x00000000800029E0] -> 0x3023
mem[X,0x00000000800029E2] -> 0x2661
[436] [M]: 0x00000000800029E0 (0x26613023) sd x6, 0x260(x2)                         common_Mentry+12
mem[W,0x0000000080005260] <- 0x0000030000000008

mem[X,0x00000000800029E4] -> 0x2573
mem[X,0x00000000800029E6] -> 0x3420
[437] [M]: 0x00000000800029E4 (0x34202573) csrrs x10, mcause, x0                    spcl_M2mmode_test+0
CSR mcause (0x342) -> 0x0000000000000002
x10 <- 0x0000000000000002

clint mtime 0x00000000000000DB (mip.MTI <- 0b1, mip.STI <- 0b0)
mem[X,0x00000000800029E8] -> 0x04B7
mem[X,0x00000000800029EA] -> 0x8000
[438] [M]: 0x00000000800029E8 (0x800004B7) lui x9, -0x80000                         spcl_M2mmode_test+4
x9 <- 0xFFFFFFFF80000000

mem[X,0x00000000800029EC] -> 0x8493
mem[X,0x00000000800029EE] -> 0x0004
[439] [M]: 0x00000000800029EC (0x00048493) addi x9, x9, 0x0                         spcl_M2mmode_test+8
x9 <- 0xFFFFFFFF80000000

clint mtime 0x00000000000000DC (mip.MTI <- 0b1, mip.STI <- 0b0)
mem[X,0x00000000800029F0] -> 0x9493
mem[X,0x00000000800029F2] -> 0x00B4
[440] [M]: 0x00000000800029F0 (0x00B49493) slli x9, x9, 0xb                         spcl_M2mmode_test+12
x9 <- 0xFFFFFC0000000000

mem[X,0x00000000800029F4] -> 0x8493
mem[X,0x00000000800029F6] -> 0x0004
[441] [M]: 0x00000000800029F4 (0x00048493) addi x9, x9, 0x0                         spcl_M2mmode_test+16
x9 <- 0xFFFFFC0000000000

clint mtime 0x00000000000000DD (mip.MTI <- 0b1, mip.STI <- 0b0)
mem[X,0x00000000800029F8] -> 0x9493
mem[X,0x00000000800029FA] -> 0x00B4
[442] [M]: 0x00000000800029F8 (0x00B49493) slli x9, x9, 0xb                         spcl_M2mmode_test+20
x9 <- 0xFFE0000000000000

mem[X,0x00000000800029FC] -> 0x8493
mem[X,0x00000000800029FE] -> 0x0034
[443] [M]: 0x00000000800029FC (0x00348493) addi x9, x9, 0x3                         spcl_M2mmode_test+24
x9 <- 0xFFE0000000000003

clint mtime 0x00000000000000DE (mip.MTI <- 0b1, mip.STI <- 0b0)
mem[X,0x0000000080002A00] -> 0x9493
mem[X,0x0000000080002A02] -> 0x00A4
[444] [M]: 0x0000000080002A00 (0x00A49493) slli x9, x9, 0xa                         spcl_M2mmode_test+28
x9 <- 0x8000000000000C00

mem[X,0x0000000080002A04] -> 0x8493
mem[X,0x0000000080002A06] -> 0x3FC4
[445] [M]: 0x0000000080002A04 (0x3FC48493) addi x9, x9, 0x3fc                       spcl_M2mmode_test+32
x9 <- 0x8000000000000FFC

clint mtime 0x00000000000000DF (mip.MTI <- 0b1, mip.STI <- 0b0)
mem[X,0x0000000080002A08] -> 0xF4B3
mem[X,0x0000000080002A0A] -> 0x00A4
[446] [M]: 0x0000000080002A08 (0x00A4F4B3) and x9, x9, x10                          spcl_M2mmode_test+36
x9 <- 0x0000000000000000

mem[X,0x0000000080002A0C] -> 0x8493
mem[X,0x0000000080002A0E] -> 0xFF84
[447] [M]: 0x0000000080002A0C (0xFF848493) addi x9, x9, -0x8                        spcl_M2mmode_test+40
x9 <- 0xFFFFFFFFFFFFFFF8

clint mtime 0x00000000000000E0 (mip.MTI <- 0b1, mip.STI <- 0b0)
mem[X,0x0000000080002A10] -> 0x9663
mem[X,0x0000000080002A12] -> 0x0004
[448] [M]: 0x0000000080002A10 (0x00049663) bne x9, x0, 0xc                          spcl_M2mmode_test+44

mem[X,0x0000000080002A1C] -> 0x0393
mem[X,0x0000000080002A1E] -> 0x0200
[449] [M]: 0x0000000080002A1C (0x02000393) addi x7, x0, 0x20                        Mtrapsig_ptr_upd+0
x7 <- 0x0000000000000020

clint mtime 0x00000000000000E1 (mip.MTI <- 0b1, mip.STI <- 0b0)
mem[X,0x0000000080002A20] -> 0x5263
mem[X,0x0000000080002A22] -> 0x0405
[450] [M]: 0x0000000080002A20 (0x04055263) bge x10, x0, 0x44                        Mtrapsig_ptr_upd+4

mem[X,0x0000000080002A64] -> 0x2373
mem[X,0x0000000080002A66] -> 0x3010
[451] [M]: 0x0000000080002A64 (0x30102373) csrrs x6, misa, x0                       Mxcpt_sig_sv+0
CSR misa (0x301) -> 0x800000000034112F
x6 <- 0x800000000034112F

clint mtime 0x00000000000000E2 (mip.MTI <- 0b1, mip.STI <- 0b0)
mem[X,0x0000000080002A68] -> 0x1313
mem[X,0x0000000080002A6A] -> 0x0383
[452] [M]: 0x0000000080002A68 (0x03831313) slli x6, x6, 0x38                        Mxcpt_sig_sv+4
x6 <- 0x2F00000000000000

mem[X,0x0000000080002A6C] -> 0x5463
mem[X,0x0000000080002A6E] -> 0x0003
[453] [M]: 0x0000000080002A6C (0x00035463) bge x6, x0, 0x8                          Mxcpt_sig_sv+8

clint mtime 0x00000000000000E3 (mip.MTI <- 0b1, mip.STI <- 0b0)
mem[X,0x0000000080002A74] -> 0x3303
mem[X,0x0000000080002A76] -> 0x2181
[454] [M]: 0x0000000080002A74 (0x21813303) ld x6, 0x218(x2)                         Mtrap_sig_sv+0
mem[R,0x0000000080005218] -> 0x000000008000A318
x6 <- 0x000000008000A318

mem[X,0x0000000080002A78] -> 0x04B3
mem[X,0x0000000080002A7A] -> 0x0073
[455] [M]: 0x0000000080002A78 (0x007304B3) add x9, x6, x7                           Mtrap_sig_sv+4
x9 <- 0x000000008000A338

clint mtime 0x00000000000000E4 (mip.MTI <- 0b1, mip.STI <- 0b0)
mem[X,0x0000000080002A7C] -> 0x3C23
mem[X,0x0000000080002A7E] -> 0x2091
[456] [M]: 0x0000000080002A7C (0x20913C23) sd x9, 0x218(x2)                         Mtrap_sig_sv+8
mem[W,0x0000000080005218] <- 0x000000008000A338

mem[X,0x0000000080002A80] -> 0x3403
mem[X,0x0000000080002A82] -> 0x1F81
[457] [M]: 0x0000000080002A80 (0x1F813403) ld x8, 0x1f8(x2)                         Mtrap_sig_sv+12
mem[R,0x00000000800051F8] -> 0x000000008000A110
x8 <- 0x000000008000A110

clint mtime 0x00000000000000E5 (mip.MTI <- 0b1, mip.STI <- 0b0)
mem[X,0x0000000080002A84] -> 0x0333
mem[X,0x0000000080002A86] -> 0x4083
[458] [M]: 0x0000000080002A84 (0x40830333) sub x6, x6, x8                           Mtrap_sig_sv+16
x6 <- 0x0000000000000208

mem[X,0x0000000080002A88] -> 0x3403
mem[X,0x0000000080002A8A] -> 0x1F81
[459] [M]: 0x0000000080002A88 (0x1F813403) ld x8, 0x1f8(x2)                         Mtrap_sig_sv+20
mem[R,0x00000000800051F8] -> 0x000000008000A110
x8 <- 0x000000008000A110

clint mtime 0x00000000000000E6 (mip.MTI <- 0b1, mip.STI <- 0b0)
mem[X,0x0000000080002A8C] -> 0x0333
mem[X,0x0000000080002A8E] -> 0x0083
[460] [M]: 0x0000000080002A8C (0x00830333) add x6, x6, x8                           Mtrap_sig_sv+24
x6 <- 0x000000008000A318

mem[X,0x0000000080002A90] -> 0x3403
mem[X,0x0000000080002A92] -> 0x2401
[461] [M]: 0x0000000080002A90 (0x24013403) ld x8, 0x240(x2)                         Mtrap_sig_sv+28
mem[R,0x0000000080005240] -> 0x0000000080002800
x8 <- 0x0000000080002800

clint mtime 0x00000000000000E7 (mip.MTI <- 0b1, mip.STI <- 0b0)
mem[X,0x0000000080002A94] -> 0x85B3
mem[X,0x0000000080002A96] -> 0x4085
[462] [M]: 0x0000000080002A94 (0x408585B3) sub x11, x11, x8                         sv_Mvect+0
x11 <- 0x000000000000010C

mem[X,0x0000000080002A98] -> 0x9593
mem[X,0x0000000080002A9A] -> 0x0045
[463] [M]: 0x0000000080002A98 (0x00459593) slli x11, x11, 0x4                       sv_Mvect+4
x11 <- 0x00000000000010C0

clint mtime 0x00000000000000E8 (mip.MTI <- 0b1, mip.STI <- 0b0)
mem[X,0x0000000080002A9C] -> 0xE5B3
mem[X,0x0000000080002A9E] -> 0x0075
[464] [M]: 0x0000000080002A9C (0x0075E5B3) or x11, x11, x7                          sv_Mvect+8
x11 <- 0x00000000000010E0

mem[X,0x0000000080002AA0] -> 0x8593
mem[X,0x0000000080002AA2] -> 0x0035
[465] [M]: 0x0000000080002AA0 (0x00358593) addi x11, x11, 0x3                       sv_Mvect+12
x11 <- 0x00000000000010E3

clint mtime 0x00000000000000E9 (mip.MTI <- 0b1, mip.STI <- 0b0)
mem[X,0x0000000080002AA4] -> 0x3023
mem[X,0x0000000080002AA6] -> 0x00B3
[466] [M]: 0x0000000080002AA4 (0x00B33023) sd x11, 0x0(x6)                          sv_Mvect+16
mem[W,0x000000008000A318] <- 0x00000000000010E3

mem[X,0x0000000080002AA8] -> 0x3423
mem[X,0x0000000080002AAA] -> 0x00A3
[467] [M]: 0x0000000080002AA8 (0x00A33423) sd x10, 0x8(x6)                          sv_Mcause+0
mem[W,0x000000008000A320] <- 0x0000000000000002

clint mtime 0x00000000000000EA (mip.MTI <- 0b1, mip.STI <- 0b0)
mem[X,0x0000000080002AAC] -> 0x4663
mem[X,0x0000000080002AAE] -> 0x1A05
[468] [M]: 0x0000000080002AAC (0x1A054663) blt x10, x0, 0x1ac                       sv_Mcause+4

mem[X,0x0000000080002AB0] -> 0x25F3
mem[X,0x0000000080002AB2] -> 0x3000
[469] [M]: 0x0000000080002AB0 (0x300025F3) csrrs x11, mstatus, x0                   common_Mexcpt_handler+0
CSR mstatus (0x300) -> 0x0000000A00000000
x11 <- 0x0000000A00000000

clint mtime 0x00000000000000EB (mip.MTI <- 0b1, mip.STI <- 0b0)
mem[X,0x0000000080002AB4] -> 0x9413
mem[X,0x0000000080002AB6] -> 0x02E5
[470] [M]: 0x0000000080002AB4 (0x02E59413) slli x8, x11, 0x2e                       common_Mexcpt_handler+4
x8 <- 0x0000000000000000

mem[X,0x0000000080002AB8] -> 0x5463
mem[X,0x0000000080002ABA] -> 0x0004
[471] [M]: 0x0000000080002AB8 (0x00045463) bge x8, x0, 0x8                          common_Mexcpt_handler+8

clint mtime 0x00000000000000EC (mip.MTI <- 0b1, mip.STI <- 0b0)
mem[X,0x0000000080002AC0] -> 0xD493
mem[X,0x0000000080002AC2] -> 0x00B5
[472] [M]: 0x0000000080002AC0 (0x00B5D493) srli x9, x11, 0xb                        common_Mexcpt_handler+16
x9 <- 0x0000000001400000

mem[X,0x0000000080002AC4] -> 0xF493
mem[X,0x0000000080002AC6] -> 0x0034
[473] [M]: 0x0000000080002AC4 (0x0034F493) andi x9, x9, 0x3                         common_Mexcpt_handler+20
x9 <- 0x0000000000000000

clint mtime 0x00000000000000ED (mip.MTI <- 0b1, mip.STI <- 0b0)
mem[X,0x0000000080002AC8] -> 0x8493
mem[X,0x0000000080002ACA] -> 0x0014
[474] [M]: 0x0000000080002AC8 (0x00148493) addi x9, x9, 0x1                         common_Mexcpt_handler+24
x9 <- 0x0000000000000001

mem[X,0x0000000080002ACC] -> 0xF493
mem[X,0x0000000080002ACE] -> 0x0044
[475] [M]: 0x0000000080002ACC (0x0044F493) andi x9, x9, 0x4                         common_Mexcpt_handler+28
x9 <- 0x0000000000000000

clint mtime 0x00000000000000EE (mip.MTI <- 0b1, mip.STI <- 0b0)
mem[X,0x0000000080002AD0] -> 0x0593
mem[X,0x0000000080002AD2] -> 0x05D0
[476] [M]: 0x0000000080002AD0 (0x05D00593) addi x11, x0, 0x5d                       common_Mexcpt_handler+32
x11 <- 0x000000000000005D

mem[X,0x0000000080002AD4] -> 0xD5B3
mem[X,0x0000000080002AD6] -> 0x0095
[477] [M]: 0x0000000080002AD4 (0x0095D5B3) srl x11, x11, x9                         common_Mexcpt_handler+36
x11 <- 0x000000000000005D

clint mtime 0x00000000000000EF (mip.MTI <- 0b1, mip.STI <- 0b0)
mem[X,0x0000000080002AD8] -> 0xF593
mem[X,0x0000000080002ADA] -> 0x0015
[478] [M]: 0x0000000080002AD8 (0x0015F593) andi x11, x11, 0x1                       common_Mexcpt_handler+40
x11 <- 0x0000000000000001

mem[X,0x0000000080002ADC] -> 0x8EE3
mem[X,0x0000000080002ADE] -> 0xF405
[479] [M]: 0x0000000080002ADC (0xF4058EE3) beq x11, x0, -0xa4                       common_Mexcpt_handler+44

clint mtime 0x00000000000000F0 (mip.MTI <- 0b1, mip.STI <- 0b0)
mem[X,0x0000000080002AE0] -> 0x0593
mem[X,0x0000000080002AE2] -> 0x2980
[480] [M]: 0x0000000080002AE0 (0x29800593) addi x11, x0, 0x298                      common_Mexcpt_handler+48
x11 <- 0x0000000000000298

mem[X,0x0000000080002AE4] -> 0xF413
mem[X,0x0000000080002AE6] -> 0x0014
[481] [M]: 0x0000000080002AE4 (0x0014F413) andi x8, x9, 0x1                         common_Mexcpt_handler+52
x8 <- 0x0000000000000000

clint mtime 0x00000000000000F1 (mip.MTI <- 0b1, mip.STI <- 0b0)
mem[X,0x0000000080002AE8] -> 0x95B3
mem[X,0x0000000080002AEA] -> 0x0085
[482] [M]: 0x0000000080002AE8 (0x008595B3) sll x11, x11, x8                         common_Mexcpt_handler+56
x11 <- 0x0000000000000298

mem[X,0x0000000080002AEC] -> 0x9413
mem[X,0x0000000080002AEE] -> 0x03D4
[483] [M]: 0x0000000080002AEC (0x03D49413) slli x8, x9, 0x3d                        common_Mexcpt_handler+60
x8 <- 0x0000000000000000

clint mtime 0x00000000000000F2 (mip.MTI <- 0b1, mip.STI <- 0b0)
mem[X,0x0000000080002AF0] -> 0x5413
mem[X,0x0000000080002AF2] -> 0x43F4
[484] [M]: 0x0000000080002AF0 (0x43F45413) srai x8, x8, 0x3f                        common_Mexcpt_handler+64
x8 <- 0x0000000000000000

mem[X,0x0000000080002AF4] -> 0x4413
mem[X,0x0000000080002AF6] -> 0xFFF4
[485] [M]: 0x0000000080002AF4 (0xFFF44413) xori x8, x8, -0x1                        common_Mexcpt_handler+68
x8 <- 0xFFFFFFFFFFFFFFFF

clint mtime 0x00000000000000F3 (mip.MTI <- 0b1, mip.STI <- 0b0)
mem[X,0x0000000080002AF8] -> 0xF4B3
mem[X,0x0000000080002AFA] -> 0x0085
[486] [M]: 0x0000000080002AF8 (0x0085F4B3) and x9, x11, x8                          common_Mexcpt_handler+72
x9 <- 0x0000000000000298

mem[X,0x0000000080002AFC] -> 0x84B3
mem[X,0x0000000080002AFE] -> 0x0024
[487] [M]: 0x0000000080002AFC (0x002484B3) add x9, x9, x2                           vmem_adj_Mepc+0
x9 <- 0x0000000080005298

clint mtime 0x00000000000000F4 (mip.MTI <- 0b1, mip.STI <- 0b0)
mem[X,0x0000000080002B00] -> 0x23F3
mem[X,0x0000000080002B02] -> 0x3410
[488] [M]: 0x0000000080002B00 (0x341023F3) csrrs x7, mepc, x0                       vmem_adj_Mepc+4
CSR mepc (0x341) -> 0x0000030080000F58
x7 <- 0x0000030080000F58

mem[X,0x0000000080002B04] -> 0x0413
mem[X,0x0000000080002B06] -> 0x0004
[489] [M]: 0x0000000080002B04 (0x00040413) addi x8, x8, 0x0                         vmem_adj_Mepc+8
x8 <- 0xFFFFFFFFFFFFFFFF

clint mtime 0x00000000000000F5 (mip.MTI <- 0b1, mip.STI <- 0b0)
mem[X,0x0000000080002B08] -> 0x006F
mem[X,0x0000000080002B0A] -> 0x0400
[490] [M]: 0x0000000080002B08 (0x0400006F) jal x0, 0x40                             vmem_adj_Mepc+12

mem[X,0x0000000080002B48] -> 0x8433
mem[X,0x0000000080002B4A] -> 0x4083
[491] [M]: 0x0000000080002B48 (0x40838433) sub x8, x7, x8                           adj_Mepc+0
x8 <- 0x0000030080000F59

clint mtime 0x00000000000000F6 (mip.MTI <- 0b1, mip.STI <- 0b0)
mem[X,0x0000000080002B4C] -> 0x3823
mem[X,0x0000000080002B4E] -> 0x0083
[492] [M]: 0x0000000080002B4C (0x00833823) sd x8, 0x10(x6)                          sv_Mepc+0
mem[W,0x000000008000A328] <- 0x0000030080000F59

mem[X,0x0000000080002B50] -> 0x55B7
mem[X,0x0000000080002B52] -> 0x0000
[493] [M]: 0x0000000080002B50 (0x000055B7) lui x11, 0x5                             sv_Mepc+4
x11 <- 0x0000000000005000

clint mtime 0x00000000000000F7 (mip.MTI <- 0b1, mip.STI <- 0b0)
mem[X,0x0000000080002B54] -> 0x8593
mem[X,0x0000000080002B56] -> 0x6675
[494] [M]: 0x0000000080002B54 (0x66758593) addi x11, x11, 0x667                     sv_Mepc+8
x11 <- 0x0000000000005667

mem[X,0x0000000080002B58] -> 0x9593
mem[X,0x0000000080002B5A] -> 0x0015
[495] [M]: 0x0000000080002B58 (0x00159593) slli x11, x11, 0x1                       sv_Mepc+12
x11 <- 0x000000000000ACCE

clint mtime 0x00000000000000F8 (mip.MTI <- 0b1, mip.STI <- 0b0)
mem[X,0x0000000080002B5C] -> 0x9063
mem[X,0x0000000080002B5E] -> 0x02B1
[496] [M]: 0x0000000080002B5C (0x02B19063) bne x3, x11, 0x20                        sv_Mepc+16

mem[X,0x0000000080002B7C] -> 0xF593
mem[X,0x0000000080002B7E] -> 0xFFC3
[497] [M]: 0x0000000080002B7C (0xFFC3F593) andi x11, x7, -0x4                       adj_Mepc_rtn+0
x11 <- 0x0000030080000F58

clint mtime 0x00000000000000F9 (mip.MTI <- 0b1, mip.STI <- 0b0)
mem[X,0x0000000080002B80] -> 0x8593
mem[X,0x0000000080002B82] -> 0x0085
[498] [M]: 0x0000000080002B80 (0x00858593) addi x11, x11, 0x8                       adj_Mepc_rtn+4
x11 <- 0x0000030080000F60

mem[X,0x0000000080002B84] -> 0x9073
mem[X,0x0000000080002B86] -> 0x3415
[499] [M]: 0x0000000080002B84 (0x34159073) csrrw x0, mepc, x11                      adj_Mepc_rtn+8
CSR mepc (0x341) <- 0x0000030080000F60

clint mtime 0x00000000000000FA (mip.MTI <- 0b1, mip.STI <- 0b0)
mem[X,0x0000000080002B88] -> 0x23F3
mem[X,0x0000000080002B8A] -> 0x3430
[500] [M]: 0x0000000080002B88 (0x343023F3) csrrs x7, mtval, x0                      skp_adj_Mepc+0
CSR mtval (0x343) -> 0x00000000341494F3
x7 <- 0x00000000341494F3

mem[X,0x0000000080002B8C] -> 0x0413
mem[X,0x0000000080002B8E] -> 0x0004
[501] [M]: 0x0000000080002B8C (0x00040413) addi x8, x8, 0x0                         skp_adj_Mepc+4
x8 <- 0x0000030080000F59

clint mtime 0x00000000000000FB (mip.MTI <- 0b1, mip.STI <- 0b0)
mem[X,0x0000000080002B90] -> 0x006F
mem[X,0x0000000080002B92] -> 0x0840
[502] [M]: 0x0000000080002B90 (0x0840006F) jal x0, 0x84                             skp_adj_Mepc+8

mem[X,0x0000000080002C14] -> 0x8433
mem[X,0x0000000080002C16] -> 0x4083
[503] [M]: 0x0000000080002C14 (0x40838433) sub x8, x7, x8                           adj_Mtval+0
x8 <- 0xFFFFFCFFB414859A

clint mtime 0x00000000000000FC (mip.MTI <- 0b1, mip.STI <- 0b0)
mem[X,0x0000000080002C18] -> 0x3C23
mem[X,0x0000000080002C1A] -> 0x0083
[504] [M]: 0x0000000080002C18 (0x00833C23) sd x8, 0x18(x6)                          sv_Mtval+0
mem[W,0x000000008000A330] <- 0xFFFFFCFFB414859A

mem[X,0x0000000080002C1C] -> 0x3483
mem[X,0x0000000080002C1E] -> 0x2181
[505] [M]: 0x0000000080002C1C (0x21813483) ld x9, 0x218(x2)                         skp_Mtval+0
mem[R,0x0000000080005218] -> 0x000000008000A338
x9 <- 0x000000008000A338

clint mtime 0x00000000000000FD (mip.MTI <- 0b1, mip.STI <- 0b0)
mem[X,0x0000000080002C20] -> 0x3383
mem[X,0x0000000080002C22] -> 0x1F81
[506] [M]: 0x0000000080002C20 (0x1F813383) ld x7, 0x1f8(x2)                         skp_Mtval+4
mem[R,0x00000000800051F8] -> 0x000000008000A110
x7 <- 0x000000008000A110

mem[X,0x0000000080002C24] -> 0x3303
mem[X,0x0000000080002C26] -> 0x2001
[507] [M]: 0x0000000080002C24 (0x20013303) ld x6, 0x200(x2)                         skp_Mtval+8
mem[R,0x0000000080005200] -> 0x0000000000000410
x6 <- 0x0000000000000410

clint mtime 0x00000000000000FE (mip.MTI <- 0b1, mip.STI <- 0b0)
mem[X,0x0000000080002C28] -> 0x0333
mem[X,0x0000000080002C2A] -> 0x0073
[508] [M]: 0x0000000080002C28 (0x00730333) add x6, x6, x7                           skp_Mtval+12
x6 <- 0x000000008000A520

mem[X,0x0000000080002C2C] -> 0x6AE3
mem[X,0x0000000080002C2E] -> 0xAC93
[509] [M]: 0x0000000080002C2C (0xAC936AE3) bltu x6, x9, -0x52c                      skp_Mtval+16

clint mtime 0x00000000000000FF (mip.MTI <- 0b1, mip.STI <- 0b0)
mem[X,0x0000000080002C30] -> 0x0393
mem[X,0x0000000080002C32] -> 0x2000
[510] [M]: 0x0000000080002C30 (0x20000393) addi x7, x0, 0x200                       skp_Mtval+20
x7 <- 0x0000000000000200

mem[X,0x0000000080002C34] -> 0x006F
mem[X,0x0000000080002C36] -> 0x0400
[511] [M]: 0x0000000080002C34 (0x0400006F) jal x0, 0x40                             skp_Mtval+24

clint mtime 0x0000000000000100 (mip.MTI <- 0b1, mip.STI <- 0b0)
mem[X,0x0000000080002C74] -> 0x0417
mem[X,0x0000000080002C76] -> 0x0000
[512] [M]: 0x0000000080002C74 (0x00000417) auipc x8, 0x0                            spcl_Mhandler+0
x8 <- 0x0000000080002C74

mem[X,0x0000000080002C78] -> 0x0413
mem[X,0x0000000080002C7A] -> 0x03C4
[513] [M]: 0x0000000080002C78 (0x03C40413) addi x8, x8, 0x3c                        spcl_Mhandler+4
x8 <- 0x0000000080002CB0

clint mtime 0x0000000000000101 (mip.MTI <- 0b1, mip.STI <- 0b0)
mem[X,0x0000000080002C7C] -> 0x0433
mem[X,0x0000000080002C7E] -> 0x0074
[514] [M]: 0x0000000080002C7C (0x00740433) add x8, x8, x7                           spcl_Mhandler+8
x8 <- 0x0000000080002EB0

mem[X,0x0000000080002C80] -> 0x1393
mem[X,0x0000000080002C82] -> 0x0035
[515] [M]: 0x0000000080002C80 (0x00351393) slli x7, x10, 0x3                        spcl_Mhandler+12
x7 <- 0x0000000000000010

clint mtime 0x0000000000000102 (mip.MTI <- 0b1, mip.STI <- 0b0)
mem[X,0x0000000080002C84] -> 0x0433
mem[X,0x0000000080002C86] -> 0x0074
[516] [M]: 0x0000000080002C84 (0x00740433) add x8, x8, x7                           spcl_Mhandler+16
x8 <- 0x0000000080002EC0

mem[X,0x0000000080002C88] -> 0x7413
mem[X,0x0000000080002C8A] -> 0xFF84
[517] [M]: 0x0000000080002C88 (0xFF847413) andi x8, x8, -0x8                        spcl_Mhandler+20
x8 <- 0x0000000080002EC0

clint mtime 0x0000000000000103 (mip.MTI <- 0b1, mip.STI <- 0b0)
mem[X,0x0000000080002C8C] -> 0x3403
mem[X,0x0000000080002C8E] -> 0x0004
[518] [M]: 0x0000000080002C8C (0x00043403) ld x8, 0x0(x8)                           spcl_Mhandler+24
mem[R,0x0000000080002EC0] -> 0x0000000000000005
x8 <- 0x0000000000000005

mem[X,0x0000000080002C90] -> 0x02E3
mem[X,0x0000000080002C92] -> 0xB004
[519] [M]: 0x0000000080002C90 (0xB00402E3) beq x8, x0, -0x4fc                       spcl_Mdispatch_hndling+0

clint mtime 0x0000000000000104 (mip.MTI <- 0b1, mip.STI <- 0b0)
mem[X,0x0000000080002C94] -> 0x1393
mem[X,0x0000000080002C96] -> 0x03F4
[520] [M]: 0x0000000080002C94 (0x03F41393) slli x7, x8, 0x3f                        spcl_Mdispatch_hndling+4
x7 <- 0x8000000000000000

mem[X,0x0000000080002C98] -> 0xD863
mem[X,0x0000000080002C9A] -> 0x0003
[521] [M]: 0x0000000080002C98 (0x0003D863) bge x7, x0, 0x10                         spcl_Mdispatch_hndling+8

clint mtime 0x0000000000000105 (mip.MTI <- 0b1, mip.STI <- 0b0)
mem[X,0x0000000080002C9C] -> 0x5413
mem[X,0x0000000080002C9E] -> 0x0014
[522] [M]: 0x0000000080002C9C (0x00145413) srli x8, x8, 0x1                         spcl_Mdispatch_hndling+12
x8 <- 0x0000000000000002

mem[X,0x0000000080002CA0] -> 0x0CE3
mem[X,0x0000000080002CA2] -> 0xF885
[523] [M]: 0x0000000080002CA0 (0xF8850CE3) beq x10, x8, -0x68                       spcl_Mdispatch_hndling+16

clint mtime 0x0000000000000106 (mip.MTI <- 0b1, mip.STI <- 0b0)
mem[X,0x0000000080002C38] -> 0x3303
mem[X,0x0000000080002C3A] -> 0x2601
[524] [M]: 0x0000000080002C38 (0x26013303) ld x6, 0x260(x2)                         resto_Mrtn+0
mem[R,0x0000000080005260] -> 0x0000030000000008
x6 <- 0x0000030000000008

mem[X,0x0000000080002C3C] -> 0x3383
mem[X,0x0000000080002C3E] -> 0x2681
[525] [M]: 0x0000000080002C3C (0x26813383) ld x7, 0x268(x2)                         resto_Mrtn+4
mem[R,0x0000000080005268] -> 0x0000000080005000
x7 <- 0x0000000080005000

clint mtime 0x0000000000000107 (mip.MTI <- 0b1, mip.STI <- 0b0)
mem[X,0x0000000080002C40] -> 0x3403
mem[X,0x0000000080002C42] -> 0x2701
[526] [M]: 0x0000000080002C40 (0x27013403) ld x8, 0x270(x2)                         resto_Mrtn+8
mem[R,0x0000000080005270] -> 0x0000000000007F76
x8 <- 0x0000000000007F76

mem[X,0x0000000080002C44] -> 0x3483
mem[X,0x0000000080002C46] -> 0x2781
[527] [M]: 0x0000000080002C44 (0x27813483) ld x9, 0x278(x2)                         resto_Mrtn+12
mem[R,0x0000000080005278] -> 0x0000060080000F58
x9 <- 0x0000060080000F58

clint mtime 0x0000000000000108 (mip.MTI <- 0b1, mip.STI <- 0b0)
mem[X,0x0000000080002C48] -> 0x3503
mem[X,0x0000000080002C4A] -> 0x2801
[528] [M]: 0x0000000080002C48 (0x28013503) ld x10, 0x280(x2)                        resto_Mrtn+16
mem[R,0x0000000080005280] -> 0x00000000000000DF
x10 <- 0x00000000000000DF

mem[X,0x0000000080002C4C] -> 0x3583
mem[X,0x0000000080002C4E] -> 0x2881
[529] [M]: 0x0000000080002C4C (0x28813583) ld x11, 0x288(x2)                        resto_Mrtn+20
mem[R,0x0000000080005288] -> 0x00000000000000DF
x11 <- 0x00000000000000DF

clint mtime 0x0000000000000109 (mip.MTI <- 0b1, mip.STI <- 0b0)
mem[X,0x0000000080002C50] -> 0x3103
mem[X,0x0000000080002C52] -> 0x2901
[530] [M]: 0x0000000080002C50 (0x29013103) ld x2, 0x290(x2)                         resto_Mrtn+24
mem[R,0x0000000080005290] -> 0x0000000080005000
x2 <- 0x0000000080005000

mem[X,0x0000000080002C54] -> 0x0073
mem[X,0x0000000080002C56] -> 0x3020
[531] [M]: 0x0000000080002C54 (0x30200073) mret                                     resto_Mrtn+28
CSR mstatus (0x300) <- 0x0000000A00000080
ret-ing from M to U

clint mtime 0x000000000000010A (mip.MTI <- 0b1, mip.STI <- 0b0)
mem[X,0x0000000080000F60] -> 0x07B7
mem[X,0x0000000080000F62] -> 0x0000
[532] [U]: 0x0000030080000F60 (0x000007B7) lui x15, 0x0                             va_rvtest_code_begin+964
x15 <- 0x0000000000000000

mem[X,0x0000000080000F64] -> 0x8793
mem[X,0x0000000080000F66] -> 0x2807
[533] [U]: 0x0000030080000F64 (0x28078793) addi x15, x15, 0x280                     va_rvtest_code_begin+968
x15 <- 0x0000000000000280

clint mtime 0x000000000000010B (mip.MTI <- 0b1, mip.STI <- 0b0)
mem[X,0x0000000080000F68] -> 0x9793
mem[X,0x0000000080000F6A] -> 0x00B7
[534] [U]: 0x0000030080000F68 (0x00B79793) slli x15, x15, 0xb                       va_rvtest_code_begin+972
x15 <- 0x0000000000140000

mem[X,0x0000000080000F6C] -> 0x8793
mem[X,0x0000000080000F6E] -> 0x4007
[535] [U]: 0x0000030080000F6C (0x40078793) addi x15, x15, 0x400                     va_rvtest_code_begin+976
x15 <- 0x0000000000140400

clint mtime 0x000000000000010C (mip.MTI <- 0b1, mip.STI <- 0b0)
mem[X,0x0000000080000F70] -> 0x9793
mem[X,0x0000000080000F72] -> 0x00B7
[536] [U]: 0x0000030080000F70 (0x00B79793) slli x15, x15, 0xb                       va_rvtest_code_begin+980
x15 <- 0x00000000A0200000

mem[X,0x0000000080000F74] -> 0x8793
mem[X,0x0000000080000F76] -> 0x0017
[537] [U]: 0x0000030080000F74 (0x00178793) addi x15, x15, 0x1                       va_rvtest_code_begin+984
x15 <- 0x00000000A0200001

clint mtime 0x000000000000010D (mip.MTI <- 0b1, mip.STI <- 0b0)
mem[X,0x0000000080000F78] -> 0x9793
mem[X,0x0000000080000F7A] -> 0x00A7
[538] [U]: 0x0000030080000F78 (0x00A79793) slli x15, x15, 0xa                       va_rvtest_code_begin+988
x15 <- 0x0000028080000400

mem[X,0x0000000080000F7C] -> 0x0613
mem[X,0x0000000080000F7E] -> 0x0106
[539] [U]: 0x0000030080000F7C (0x01060613) addi x12, x12, 0x10                      va_rvtest_code_begin+992
x12 <- 0x0000000000000010

clint mtime 0x000000000000010E (mip.MTI <- 0b1, mip.STI <- 0b0)
mem[X,0x0000000080000F80] -> 0xAA23
mem[X,0x0000000080000F82] -> 0x00C7
[540] [U]: 0x0000030080000F80 (0x00C7AA23) sw x12, 0x14(x15)                        va_rvtest_code_begin+996
PTW: Start, vpn=0x28080000, access_type=W, privilege=Umem[R,0x0000000080009028] -> 0x00000000000000DF
PTW: Step, level=3, pte=0xDF, pte_addr=0x80009028
PTW: Success, final_ppn=0x80000, level=3trapping from U to M to handle store/amo-access-fault
handling exc#store/amo-access-fault at priv M with tval 0x0000028080000414
CSR mstatus (0x300) <- 0x0000000A00000000
CSR mcause (0x342) <- 0x0000000000000007
CSR mtval (0x343) <- 0x0000028080000414
CSR mepc (0x341) <- 0x0000030080000F80

mem[X,0x0000000080002800] -> 0x006F
mem[X,0x0000000080002802] -> 0x1000
[541] [M]: 0x0000000080002800 (0x1000006F) jal x0, 0x100                            Mtrampoline+0

clint mtime 0x000000000000010F (mip.MTI <- 0b1, mip.STI <- 0b0)
mem[X,0x0000000080002900] -> 0x1173
mem[X,0x0000000080002902] -> 0x3401
[542] [M]: 0x0000000080002900 (0x34011173) csrrw x2, mscratch, x2                   trap_Mhandler+0
CSR mscratch (0x340) <- 0x0000000080005000
x2 <- 0x0000000080005000

mem[X,0x0000000080002904] -> 0x3423
mem[X,0x0000000080002906] -> 0x28B1
[543] [M]: 0x0000000080002904 (0x28B13423) sd x11, 0x288(x2)                        trap_Mhandler+4
mem[W,0x0000000080005288] <- 0x00000000000000DF

clint mtime 0x0000000000000110 (mip.MTI <- 0b1, mip.STI <- 0b0)
mem[X,0x0000000080002908] -> 0x05EF
mem[X,0x000000008000290A] -> 0x0B80
[544] [M]: 0x0000000080002908 (0x0B8005EF) jal x11, 0xb8                            trap_Mhandler+8
x11 <- 0x000000008000290C

mem[X,0x00000000800029C0] -> 0x3023
mem[X,0x00000000800029C2] -> 0x28A1
[545] [M]: 0x00000000800029C0 (0x28A13023) sd x10, 0x280(x2)                        common_Mhandler+0
mem[W,0x0000000080005280] <- 0x00000000000000DF

clint mtime 0x0000000000000111 (mip.MTI <- 0b1, mip.STI <- 0b0)
mem[X,0x00000000800029C4] -> 0x1573
mem[X,0x00000000800029C6] -> 0x3401
[546] [M]: 0x00000000800029C4 (0x34011573) csrrw x10, mscratch, x2                  common_Mhandler+4
CSR mscratch (0x340) <- 0x0000000080005000
x10 <- 0x0000000080005000

mem[X,0x00000000800029C8] -> 0x3823
mem[X,0x00000000800029CA] -> 0x28A1
[547] [M]: 0x00000000800029C8 (0x28A13823) sd x10, 0x290(x2)                        common_Mhandler+8
mem[W,0x0000000080005290] <- 0x0000000080005000

clint mtime 0x0000000000000112 (mip.MTI <- 0b1, mip.STI <- 0b0)
mem[X,0x00000000800029CC] -> 0x3503
mem[X,0x00000000800029CE] -> 0x2301
[548] [M]: 0x00000000800029CC (0x23013503) ld x10, 0x230(x2)                        common_Mhandler+12
mem[R,0x0000000080005230] -> 0x00000000800029D4
x10 <- 0x00000000800029D4

mem[X,0x00000000800029D0] -> 0x0067
mem[X,0x00000000800029D2] -> 0x0005
[549] [M]: 0x00000000800029D0 (0x00050067) jalr x0, 0x0(x10)                        common_Mhandler+16

clint mtime 0x0000000000000113 (mip.MTI <- 0b1, mip.STI <- 0b0)
mem[X,0x00000000800029D4] -> 0x3C23
mem[X,0x00000000800029D6] -> 0x2691
[550] [M]: 0x00000000800029D4 (0x26913C23) sd x9, 0x278(x2)                         common_Mentry+0
mem[W,0x0000000080005278] <- 0x0000060080000F58

mem[X,0x00000000800029D8] -> 0x3823
mem[X,0x00000000800029DA] -> 0x2681
[551] [M]: 0x00000000800029D8 (0x26813823) sd x8, 0x270(x2)                         common_Mentry+4
mem[W,0x0000000080005270] <- 0x0000000000007F76

clint mtime 0x0000000000000114 (mip.MTI <- 0b1, mip.STI <- 0b0)
mem[X,0x00000000800029DC] -> 0x3423
mem[X,0x00000000800029DE] -> 0x2671
[552] [M]: 0x00000000800029DC (0x26713423) sd x7, 0x268(x2)                         common_Mentry+8
mem[W,0x0000000080005268] <- 0x0000000080005000

mem[X,0x00000000800029E0] -> 0x3023
mem[X,0x00000000800029E2] -> 0x2661
[553] [M]: 0x00000000800029E0 (0x26613023) sd x6, 0x260(x2)                         common_Mentry+12
mem[W,0x0000000080005260] <- 0x0000030000000008

clint mtime 0x0000000000000115 (mip.MTI <- 0b1, mip.STI <- 0b0)
mem[X,0x00000000800029E4] -> 0x2573
mem[X,0x00000000800029E6] -> 0x3420
[554] [M]: 0x00000000800029E4 (0x34202573) csrrs x10, mcause, x0                    spcl_M2mmode_test+0
CSR mcause (0x342) -> 0x0000000000000007
x10 <- 0x0000000000000007

mem[X,0x00000000800029E8] -> 0x04B7
mem[X,0x00000000800029EA] -> 0x8000
[555] [M]: 0x00000000800029E8 (0x800004B7) lui x9, -0x80000                         spcl_M2mmode_test+4
x9 <- 0xFFFFFFFF80000000

clint mtime 0x0000000000000116 (mip.MTI <- 0b1, mip.STI <- 0b0)
mem[X,0x00000000800029EC] -> 0x8493
mem[X,0x00000000800029EE] -> 0x0004
[556] [M]: 0x00000000800029EC (0x00048493) addi x9, x9, 0x0                         spcl_M2mmode_test+8
x9 <- 0xFFFFFFFF80000000

mem[X,0x00000000800029F0] -> 0x9493
mem[X,0x00000000800029F2] -> 0x00B4
[557] [M]: 0x00000000800029F0 (0x00B49493) slli x9, x9, 0xb                         spcl_M2mmode_test+12
x9 <- 0xFFFFFC0000000000

clint mtime 0x0000000000000117 (mip.MTI <- 0b1, mip.STI <- 0b0)
mem[X,0x00000000800029F4] -> 0x8493
mem[X,0x00000000800029F6] -> 0x0004
[558] [M]: 0x00000000800029F4 (0x00048493) addi x9, x9, 0x0                         spcl_M2mmode_test+16
x9 <- 0xFFFFFC0000000000

mem[X,0x00000000800029F8] -> 0x9493
mem[X,0x00000000800029FA] -> 0x00B4
[559] [M]: 0x00000000800029F8 (0x00B49493) slli x9, x9, 0xb                         spcl_M2mmode_test+20
x9 <- 0xFFE0000000000000

clint mtime 0x0000000000000118 (mip.MTI <- 0b1, mip.STI <- 0b0)
mem[X,0x00000000800029FC] -> 0x8493
mem[X,0x00000000800029FE] -> 0x0034
[560] [M]: 0x00000000800029FC (0x00348493) addi x9, x9, 0x3                         spcl_M2mmode_test+24
x9 <- 0xFFE0000000000003

mem[X,0x0000000080002A00] -> 0x9493
mem[X,0x0000000080002A02] -> 0x00A4
[561] [M]: 0x0000000080002A00 (0x00A49493) slli x9, x9, 0xa                         spcl_M2mmode_test+28
x9 <- 0x8000000000000C00

clint mtime 0x0000000000000119 (mip.MTI <- 0b1, mip.STI <- 0b0)
mem[X,0x0000000080002A04] -> 0x8493
mem[X,0x0000000080002A06] -> 0x3FC4
[562] [M]: 0x0000000080002A04 (0x3FC48493) addi x9, x9, 0x3fc                       spcl_M2mmode_test+32
x9 <- 0x8000000000000FFC

mem[X,0x0000000080002A08] -> 0xF4B3
mem[X,0x0000000080002A0A] -> 0x00A4
[563] [M]: 0x0000000080002A08 (0x00A4F4B3) and x9, x9, x10                          spcl_M2mmode_test+36
x9 <- 0x0000000000000004

clint mtime 0x000000000000011A (mip.MTI <- 0b1, mip.STI <- 0b0)
mem[X,0x0000000080002A0C] -> 0x8493
mem[X,0x0000000080002A0E] -> 0xFF84
[564] [M]: 0x0000000080002A0C (0xFF848493) addi x9, x9, -0x8                        spcl_M2mmode_test+40
x9 <- 0xFFFFFFFFFFFFFFFC

mem[X,0x0000000080002A10] -> 0x9663
mem[X,0x0000000080002A12] -> 0x0004
[565] [M]: 0x0000000080002A10 (0x00049663) bne x9, x0, 0xc                          spcl_M2mmode_test+44

clint mtime 0x000000000000011B (mip.MTI <- 0b1, mip.STI <- 0b0)
mem[X,0x0000000080002A1C] -> 0x0393
mem[X,0x0000000080002A1E] -> 0x0200
[566] [M]: 0x0000000080002A1C (0x02000393) addi x7, x0, 0x20                        Mtrapsig_ptr_upd+0
x7 <- 0x0000000000000020

mem[X,0x0000000080002A20] -> 0x5263
mem[X,0x0000000080002A22] -> 0x0405
[567] [M]: 0x0000000080002A20 (0x04055263) bge x10, x0, 0x44                        Mtrapsig_ptr_upd+4

clint mtime 0x000000000000011C (mip.MTI <- 0b1, mip.STI <- 0b0)
mem[X,0x0000000080002A64] -> 0x2373
mem[X,0x0000000080002A66] -> 0x3010
[568] [M]: 0x0000000080002A64 (0x30102373) csrrs x6, misa, x0                       Mxcpt_sig_sv+0
CSR misa (0x301) -> 0x800000000034112F
x6 <- 0x800000000034112F

mem[X,0x0000000080002A68] -> 0x1313
mem[X,0x0000000080002A6A] -> 0x0383
[569] [M]: 0x0000000080002A68 (0x03831313) slli x6, x6, 0x38                        Mxcpt_sig_sv+4
x6 <- 0x2F00000000000000

clint mtime 0x000000000000011D (mip.MTI <- 0b1, mip.STI <- 0b0)
mem[X,0x0000000080002A6C] -> 0x5463
mem[X,0x0000000080002A6E] -> 0x0003
[570] [M]: 0x0000000080002A6C (0x00035463) bge x6, x0, 0x8                          Mxcpt_sig_sv+8

mem[X,0x0000000080002A74] -> 0x3303
mem[X,0x0000000080002A76] -> 0x2181
[571] [M]: 0x0000000080002A74 (0x21813303) ld x6, 0x218(x2)                         Mtrap_sig_sv+0
mem[R,0x0000000080005218] -> 0x000000008000A338
x6 <- 0x000000008000A338

clint mtime 0x000000000000011E (mip.MTI <- 0b1, mip.STI <- 0b0)
mem[X,0x0000000080002A78] -> 0x04B3
mem[X,0x0000000080002A7A] -> 0x0073
[572] [M]: 0x0000000080002A78 (0x007304B3) add x9, x6, x7                           Mtrap_sig_sv+4
x9 <- 0x000000008000A358

mem[X,0x0000000080002A7C] -> 0x3C23
mem[X,0x0000000080002A7E] -> 0x2091
[573] [M]: 0x0000000080002A7C (0x20913C23) sd x9, 0x218(x2)                         Mtrap_sig_sv+8
mem[W,0x0000000080005218] <- 0x000000008000A358

clint mtime 0x000000000000011F (mip.MTI <- 0b1, mip.STI <- 0b0)
mem[X,0x0000000080002A80] -> 0x3403
mem[X,0x0000000080002A82] -> 0x1F81
[574] [M]: 0x0000000080002A80 (0x1F813403) ld x8, 0x1f8(x2)                         Mtrap_sig_sv+12
mem[R,0x00000000800051F8] -> 0x000000008000A110
x8 <- 0x000000008000A110

mem[X,0x0000000080002A84] -> 0x0333
mem[X,0x0000000080002A86] -> 0x4083
[575] [M]: 0x0000000080002A84 (0x40830333) sub x6, x6, x8                           Mtrap_sig_sv+16
x6 <- 0x0000000000000228

clint mtime 0x0000000000000120 (mip.MTI <- 0b1, mip.STI <- 0b0)
mem[X,0x0000000080002A88] -> 0x3403
mem[X,0x0000000080002A8A] -> 0x1F81
[576] [M]: 0x0000000080002A88 (0x1F813403) ld x8, 0x1f8(x2)                         Mtrap_sig_sv+20
mem[R,0x00000000800051F8] -> 0x000000008000A110
x8 <- 0x000000008000A110

mem[X,0x0000000080002A8C] -> 0x0333
mem[X,0x0000000080002A8E] -> 0x0083
[577] [M]: 0x0000000080002A8C (0x00830333) add x6, x6, x8                           Mtrap_sig_sv+24
x6 <- 0x000000008000A338

clint mtime 0x0000000000000121 (mip.MTI <- 0b1, mip.STI <- 0b0)
mem[X,0x0000000080002A90] -> 0x3403
mem[X,0x0000000080002A92] -> 0x2401
[578] [M]: 0x0000000080002A90 (0x24013403) ld x8, 0x240(x2)                         Mtrap_sig_sv+28
mem[R,0x0000000080005240] -> 0x0000000080002800
x8 <- 0x0000000080002800

mem[X,0x0000000080002A94] -> 0x85B3
mem[X,0x0000000080002A96] -> 0x4085
[579] [M]: 0x0000000080002A94 (0x408585B3) sub x11, x11, x8                         sv_Mvect+0
x11 <- 0x000000000000010C

clint mtime 0x0000000000000122 (mip.MTI <- 0b1, mip.STI <- 0b0)
mem[X,0x0000000080002A98] -> 0x9593
mem[X,0x0000000080002A9A] -> 0x0045
[580] [M]: 0x0000000080002A98 (0x00459593) slli x11, x11, 0x4                       sv_Mvect+4
x11 <- 0x00000000000010C0

mem[X,0x0000000080002A9C] -> 0xE5B3
mem[X,0x0000000080002A9E] -> 0x0075
[581] [M]: 0x0000000080002A9C (0x0075E5B3) or x11, x11, x7                          sv_Mvect+8
x11 <- 0x00000000000010E0

clint mtime 0x0000000000000123 (mip.MTI <- 0b1, mip.STI <- 0b0)
mem[X,0x0000000080002AA0] -> 0x8593
mem[X,0x0000000080002AA2] -> 0x0035
[582] [M]: 0x0000000080002AA0 (0x00358593) addi x11, x11, 0x3                       sv_Mvect+12
x11 <- 0x00000000000010E3

mem[X,0x0000000080002AA4] -> 0x3023
mem[X,0x0000000080002AA6] -> 0x00B3
[583] [M]: 0x0000000080002AA4 (0x00B33023) sd x11, 0x0(x6)                          sv_Mvect+16
mem[W,0x000000008000A338] <- 0x00000000000010E3

clint mtime 0x0000000000000124 (mip.MTI <- 0b1, mip.STI <- 0b0)
mem[X,0x0000000080002AA8] -> 0x3423
mem[X,0x0000000080002AAA] -> 0x00A3
[584] [M]: 0x0000000080002AA8 (0x00A33423) sd x10, 0x8(x6)                          sv_Mcause+0
mem[W,0x000000008000A340] <- 0x0000000000000007

mem[X,0x0000000080002AAC] -> 0x4663
mem[X,0x0000000080002AAE] -> 0x1A05
[585] [M]: 0x0000000080002AAC (0x1A054663) blt x10, x0, 0x1ac                       sv_Mcause+4

clint mtime 0x0000000000000125 (mip.MTI <- 0b1, mip.STI <- 0b0)
mem[X,0x0000000080002AB0] -> 0x25F3
mem[X,0x0000000080002AB2] -> 0x3000
[586] [M]: 0x0000000080002AB0 (0x300025F3) csrrs x11, mstatus, x0                   common_Mexcpt_handler+0
CSR mstatus (0x300) -> 0x0000000A00000000
x11 <- 0x0000000A00000000

mem[X,0x0000000080002AB4] -> 0x9413
mem[X,0x0000000080002AB6] -> 0x02E5
[587] [M]: 0x0000000080002AB4 (0x02E59413) slli x8, x11, 0x2e                       common_Mexcpt_handler+4
x8 <- 0x0000000000000000

clint mtime 0x0000000000000126 (mip.MTI <- 0b1, mip.STI <- 0b0)
mem[X,0x0000000080002AB8] -> 0x5463
mem[X,0x0000000080002ABA] -> 0x0004
[588] [M]: 0x0000000080002AB8 (0x00045463) bge x8, x0, 0x8                          common_Mexcpt_handler+8

mem[X,0x0000000080002AC0] -> 0xD493
mem[X,0x0000000080002AC2] -> 0x00B5
[589] [M]: 0x0000000080002AC0 (0x00B5D493) srli x9, x11, 0xb                        common_Mexcpt_handler+16
x9 <- 0x0000000001400000

clint mtime 0x0000000000000127 (mip.MTI <- 0b1, mip.STI <- 0b0)
mem[X,0x0000000080002AC4] -> 0xF493
mem[X,0x0000000080002AC6] -> 0x0034
[590] [M]: 0x0000000080002AC4 (0x0034F493) andi x9, x9, 0x3                         common_Mexcpt_handler+20
x9 <- 0x0000000000000000

mem[X,0x0000000080002AC8] -> 0x8493
mem[X,0x0000000080002ACA] -> 0x0014
[591] [M]: 0x0000000080002AC8 (0x00148493) addi x9, x9, 0x1                         common_Mexcpt_handler+24
x9 <- 0x0000000000000001

clint mtime 0x0000000000000128 (mip.MTI <- 0b1, mip.STI <- 0b0)
mem[X,0x0000000080002ACC] -> 0xF493
mem[X,0x0000000080002ACE] -> 0x0044
[592] [M]: 0x0000000080002ACC (0x0044F493) andi x9, x9, 0x4                         common_Mexcpt_handler+28
x9 <- 0x0000000000000000

mem[X,0x0000000080002AD0] -> 0x0593
mem[X,0x0000000080002AD2] -> 0x05D0
[593] [M]: 0x0000000080002AD0 (0x05D00593) addi x11, x0, 0x5d                       common_Mexcpt_handler+32
x11 <- 0x000000000000005D

clint mtime 0x0000000000000129 (mip.MTI <- 0b1, mip.STI <- 0b0)
mem[X,0x0000000080002AD4] -> 0xD5B3
mem[X,0x0000000080002AD6] -> 0x0095
[594] [M]: 0x0000000080002AD4 (0x0095D5B3) srl x11, x11, x9                         common_Mexcpt_handler+36
x11 <- 0x000000000000005D

mem[X,0x0000000080002AD8] -> 0xF593
mem[X,0x0000000080002ADA] -> 0x0015
[595] [M]: 0x0000000080002AD8 (0x0015F593) andi x11, x11, 0x1                       common_Mexcpt_handler+40
x11 <- 0x0000000000000001

clint mtime 0x000000000000012A (mip.MTI <- 0b1, mip.STI <- 0b0)
mem[X,0x0000000080002ADC] -> 0x8EE3
mem[X,0x0000000080002ADE] -> 0xF405
[596] [M]: 0x0000000080002ADC (0xF4058EE3) beq x11, x0, -0xa4                       common_Mexcpt_handler+44

mem[X,0x0000000080002AE0] -> 0x0593
mem[X,0x0000000080002AE2] -> 0x2980
[597] [M]: 0x0000000080002AE0 (0x29800593) addi x11, x0, 0x298                      common_Mexcpt_handler+48
x11 <- 0x0000000000000298

clint mtime 0x000000000000012B (mip.MTI <- 0b1, mip.STI <- 0b0)
mem[X,0x0000000080002AE4] -> 0xF413
mem[X,0x0000000080002AE6] -> 0x0014
[598] [M]: 0x0000000080002AE4 (0x0014F413) andi x8, x9, 0x1                         common_Mexcpt_handler+52
x8 <- 0x0000000000000000

mem[X,0x0000000080002AE8] -> 0x95B3
mem[X,0x0000000080002AEA] -> 0x0085
[599] [M]: 0x0000000080002AE8 (0x008595B3) sll x11, x11, x8                         common_Mexcpt_handler+56
x11 <- 0x0000000000000298

clint mtime 0x000000000000012C (mip.MTI <- 0b1, mip.STI <- 0b0)
mem[X,0x0000000080002AEC] -> 0x9413
mem[X,0x0000000080002AEE] -> 0x03D4
[600] [M]: 0x0000000080002AEC (0x03D49413) slli x8, x9, 0x3d                        common_Mexcpt_handler+60
x8 <- 0x0000000000000000

mem[X,0x0000000080002AF0] -> 0x5413
mem[X,0x0000000080002AF2] -> 0x43F4
[601] [M]: 0x0000000080002AF0 (0x43F45413) srai x8, x8, 0x3f                        common_Mexcpt_handler+64
x8 <- 0x0000000000000000

clint mtime 0x000000000000012D (mip.MTI <- 0b1, mip.STI <- 0b0)
mem[X,0x0000000080002AF4] -> 0x4413
mem[X,0x0000000080002AF6] -> 0xFFF4
[602] [M]: 0x0000000080002AF4 (0xFFF44413) xori x8, x8, -0x1                        common_Mexcpt_handler+68
x8 <- 0xFFFFFFFFFFFFFFFF

mem[X,0x0000000080002AF8] -> 0xF4B3
mem[X,0x0000000080002AFA] -> 0x0085
[603] [M]: 0x0000000080002AF8 (0x0085F4B3) and x9, x11, x8                          common_Mexcpt_handler+72
x9 <- 0x0000000000000298

clint mtime 0x000000000000012E (mip.MTI <- 0b1, mip.STI <- 0b0)
mem[X,0x0000000080002AFC] -> 0x84B3
mem[X,0x0000000080002AFE] -> 0x0024
[604] [M]: 0x0000000080002AFC (0x002484B3) add x9, x9, x2                           vmem_adj_Mepc+0
x9 <- 0x0000000080005298

mem[X,0x0000000080002B00] -> 0x23F3
mem[X,0x0000000080002B02] -> 0x3410
[605] [M]: 0x0000000080002B00 (0x341023F3) csrrs x7, mepc, x0                       vmem_adj_Mepc+4
CSR mepc (0x341) -> 0x0000030080000F80
x7 <- 0x0000030080000F80

clint mtime 0x000000000000012F (mip.MTI <- 0b1, mip.STI <- 0b0)
mem[X,0x0000000080002B04] -> 0x0413
mem[X,0x0000000080002B06] -> 0x0004
[606] [M]: 0x0000000080002B04 (0x00040413) addi x8, x8, 0x0                         vmem_adj_Mepc+8
x8 <- 0xFFFFFFFFFFFFFFFF

mem[X,0x0000000080002B08] -> 0x006F
mem[X,0x0000000080002B0A] -> 0x0400
[607] [M]: 0x0000000080002B08 (0x0400006F) jal x0, 0x40                             vmem_adj_Mepc+12

clint mtime 0x0000000000000130 (mip.MTI <- 0b1, mip.STI <- 0b0)
mem[X,0x0000000080002B48] -> 0x8433
mem[X,0x0000000080002B4A] -> 0x4083
[608] [M]: 0x0000000080002B48 (0x40838433) sub x8, x7, x8                           adj_Mepc+0
x8 <- 0x0000030080000F81

mem[X,0x0000000080002B4C] -> 0x3823
mem[X,0x0000000080002B4E] -> 0x0083
[609] [M]: 0x0000000080002B4C (0x00833823) sd x8, 0x10(x6)                          sv_Mepc+0
mem[W,0x000000008000A348] <- 0x0000030080000F81

clint mtime 0x0000000000000131 (mip.MTI <- 0b1, mip.STI <- 0b0)
mem[X,0x0000000080002B50] -> 0x55B7
mem[X,0x0000000080002B52] -> 0x0000
[610] [M]: 0x0000000080002B50 (0x000055B7) lui x11, 0x5                             sv_Mepc+4
x11 <- 0x0000000000005000

mem[X,0x0000000080002B54] -> 0x8593
mem[X,0x0000000080002B56] -> 0x6675
[611] [M]: 0x0000000080002B54 (0x66758593) addi x11, x11, 0x667                     sv_Mepc+8
x11 <- 0x0000000000005667

clint mtime 0x0000000000000132 (mip.MTI <- 0b1, mip.STI <- 0b0)
mem[X,0x0000000080002B58] -> 0x9593
mem[X,0x0000000080002B5A] -> 0x0015
[612] [M]: 0x0000000080002B58 (0x00159593) slli x11, x11, 0x1                       sv_Mepc+12
x11 <- 0x000000000000ACCE

mem[X,0x0000000080002B5C] -> 0x9063
mem[X,0x0000000080002B5E] -> 0x02B1
[613] [M]: 0x0000000080002B5C (0x02B19063) bne x3, x11, 0x20                        sv_Mepc+16

clint mtime 0x0000000000000133 (mip.MTI <- 0b1, mip.STI <- 0b0)
mem[X,0x0000000080002B7C] -> 0xF593
mem[X,0x0000000080002B7E] -> 0xFFC3
[614] [M]: 0x0000000080002B7C (0xFFC3F593) andi x11, x7, -0x4                       adj_Mepc_rtn+0
x11 <- 0x0000030080000F80

mem[X,0x0000000080002B80] -> 0x8593
mem[X,0x0000000080002B82] -> 0x0085
[615] [M]: 0x0000000080002B80 (0x00858593) addi x11, x11, 0x8                       adj_Mepc_rtn+4
x11 <- 0x0000030080000F88

clint mtime 0x0000000000000134 (mip.MTI <- 0b1, mip.STI <- 0b0)
mem[X,0x0000000080002B84] -> 0x9073
mem[X,0x0000000080002B86] -> 0x3415
[616] [M]: 0x0000000080002B84 (0x34159073) csrrw x0, mepc, x11                      adj_Mepc_rtn+8
CSR mepc (0x341) <- 0x0000030080000F88

mem[X,0x0000000080002B88] -> 0x23F3
mem[X,0x0000000080002B8A] -> 0x3430
[617] [M]: 0x0000000080002B88 (0x343023F3) csrrs x7, mtval, x0                      skp_adj_Mepc+0
CSR mtval (0x343) -> 0x0000028080000414
x7 <- 0x0000028080000414

clint mtime 0x0000000000000135 (mip.MTI <- 0b1, mip.STI <- 0b0)
mem[X,0x0000000080002B8C] -> 0x0413
mem[X,0x0000000080002B8E] -> 0x0004
[618] [M]: 0x0000000080002B8C (0x00040413) addi x8, x8, 0x0                         skp_adj_Mepc+4
x8 <- 0x0000030080000F81

mem[X,0x0000000080002B90] -> 0x006F
mem[X,0x0000000080002B92] -> 0x0840
[619] [M]: 0x0000000080002B90 (0x0840006F) jal x0, 0x84                             skp_adj_Mepc+8

clint mtime 0x0000000000000136 (mip.MTI <- 0b1, mip.STI <- 0b0)
mem[X,0x0000000080002C14] -> 0x8433
mem[X,0x0000000080002C16] -> 0x4083
[620] [M]: 0x0000000080002C14 (0x40838433) sub x8, x7, x8                           adj_Mtval+0
x8 <- 0xFFFFFF7FFFFFF493

mem[X,0x0000000080002C18] -> 0x3C23
mem[X,0x0000000080002C1A] -> 0x0083
[621] [M]: 0x0000000080002C18 (0x00833C23) sd x8, 0x18(x6)                          sv_Mtval+0
mem[W,0x000000008000A350] <- 0xFFFFFF7FFFFFF493

clint mtime 0x0000000000000137 (mip.MTI <- 0b1, mip.STI <- 0b0)
mem[X,0x0000000080002C1C] -> 0x3483
mem[X,0x0000000080002C1E] -> 0x2181
[622] [M]: 0x0000000080002C1C (0x21813483) ld x9, 0x218(x2)                         skp_Mtval+0
mem[R,0x0000000080005218] -> 0x000000008000A358
x9 <- 0x000000008000A358

mem[X,0x0000000080002C20] -> 0x3383
mem[X,0x0000000080002C22] -> 0x1F81
[623] [M]: 0x0000000080002C20 (0x1F813383) ld x7, 0x1f8(x2)                         skp_Mtval+4
mem[R,0x00000000800051F8] -> 0x000000008000A110
x7 <- 0x000000008000A110

clint mtime 0x0000000000000138 (mip.MTI <- 0b1, mip.STI <- 0b0)
mem[X,0x0000000080002C24] -> 0x3303
mem[X,0x0000000080002C26] -> 0x2001
[624] [M]: 0x0000000080002C24 (0x20013303) ld x6, 0x200(x2)                         skp_Mtval+8
mem[R,0x0000000080005200] -> 0x0000000000000410
x6 <- 0x0000000000000410

mem[X,0x0000000080002C28] -> 0x0333
mem[X,0x0000000080002C2A] -> 0x0073
[625] [M]: 0x0000000080002C28 (0x00730333) add x6, x6, x7                           skp_Mtval+12
x6 <- 0x000000008000A520

clint mtime 0x0000000000000139 (mip.MTI <- 0b1, mip.STI <- 0b0)
mem[X,0x0000000080002C2C] -> 0x6AE3
mem[X,0x0000000080002C2E] -> 0xAC93
[626] [M]: 0x0000000080002C2C (0xAC936AE3) bltu x6, x9, -0x52c                      skp_Mtval+16

mem[X,0x0000000080002C30] -> 0x0393
mem[X,0x0000000080002C32] -> 0x2000
[627] [M]: 0x0000000080002C30 (0x20000393) addi x7, x0, 0x200                       skp_Mtval+20
x7 <- 0x0000000000000200

clint mtime 0x000000000000013A (mip.MTI <- 0b1, mip.STI <- 0b0)
mem[X,0x0000000080002C34] -> 0x006F
mem[X,0x0000000080002C36] -> 0x0400
[628] [M]: 0x0000000080002C34 (0x0400006F) jal x0, 0x40                             skp_Mtval+24

mem[X,0x0000000080002C74] -> 0x0417
mem[X,0x0000000080002C76] -> 0x0000
[629] [M]: 0x0000000080002C74 (0x00000417) auipc x8, 0x0                            spcl_Mhandler+0
x8 <- 0x0000000080002C74

clint mtime 0x000000000000013B (mip.MTI <- 0b1, mip.STI <- 0b0)
mem[X,0x0000000080002C78] -> 0x0413
mem[X,0x0000000080002C7A] -> 0x03C4
[630] [M]: 0x0000000080002C78 (0x03C40413) addi x8, x8, 0x3c                        spcl_Mhandler+4
x8 <- 0x0000000080002CB0

mem[X,0x0000000080002C7C] -> 0x0433
mem[X,0x0000000080002C7E] -> 0x0074
[631] [M]: 0x0000000080002C7C (0x00740433) add x8, x8, x7                           spcl_Mhandler+8
x8 <- 0x0000000080002EB0

clint mtime 0x000000000000013C (mip.MTI <- 0b1, mip.STI <- 0b0)
mem[X,0x0000000080002C80] -> 0x1393
mem[X,0x0000000080002C82] -> 0x0035
[632] [M]: 0x0000000080002C80 (0x00351393) slli x7, x10, 0x3                        spcl_Mhandler+12
x7 <- 0x0000000000000038

mem[X,0x0000000080002C84] -> 0x0433
mem[X,0x0000000080002C86] -> 0x0074
[633] [M]: 0x0000000080002C84 (0x00740433) add x8, x8, x7                           spcl_Mhandler+16
x8 <- 0x0000000080002EE8

clint mtime 0x000000000000013D (mip.MTI <- 0b1, mip.STI <- 0b0)
mem[X,0x0000000080002C88] -> 0x7413
mem[X,0x0000000080002C8A] -> 0xFF84
[634] [M]: 0x0000000080002C88 (0xFF847413) andi x8, x8, -0x8                        spcl_Mhandler+20
x8 <- 0x0000000080002EE8

mem[X,0x0000000080002C8C] -> 0x3403
mem[X,0x0000000080002C8E] -> 0x0004
[635] [M]: 0x0000000080002C8C (0x00043403) ld x8, 0x0(x8)                           spcl_Mhandler+24
mem[R,0x0000000080002EE8] -> 0x000000000000000F
x8 <- 0x000000000000000F

clint mtime 0x000000000000013E (mip.MTI <- 0b1, mip.STI <- 0b0)
mem[X,0x0000000080002C90] -> 0x02E3
mem[X,0x0000000080002C92] -> 0xB004
[636] [M]: 0x0000000080002C90 (0xB00402E3) beq x8, x0, -0x4fc                       spcl_Mdispatch_hndling+0

mem[X,0x0000000080002C94] -> 0x1393
mem[X,0x0000000080002C96] -> 0x03F4
[637] [M]: 0x0000000080002C94 (0x03F41393) slli x7, x8, 0x3f                        spcl_Mdispatch_hndling+4
x7 <- 0x8000000000000000

clint mtime 0x000000000000013F (mip.MTI <- 0b1, mip.STI <- 0b0)
mem[X,0x0000000080002C98] -> 0xD863
mem[X,0x0000000080002C9A] -> 0x0003
[638] [M]: 0x0000000080002C98 (0x0003D863) bge x7, x0, 0x10                         spcl_Mdispatch_hndling+8

mem[X,0x0000000080002C9C] -> 0x5413
mem[X,0x0000000080002C9E] -> 0x0014
[639] [M]: 0x0000000080002C9C (0x00145413) srli x8, x8, 0x1                         spcl_Mdispatch_hndling+12
x8 <- 0x0000000000000007

clint mtime 0x0000000000000140 (mip.MTI <- 0b1, mip.STI <- 0b0)
mem[X,0x0000000080002CA0] -> 0x0CE3
mem[X,0x0000000080002CA2] -> 0xF885
[640] [M]: 0x0000000080002CA0 (0xF8850CE3) beq x10, x8, -0x68                       spcl_Mdispatch_hndling+16

mem[X,0x0000000080002C38] -> 0x3303
mem[X,0x0000000080002C3A] -> 0x2601
[641] [M]: 0x0000000080002C38 (0x26013303) ld x6, 0x260(x2)                         resto_Mrtn+0
mem[R,0x0000000080005260] -> 0x0000030000000008
x6 <- 0x0000030000000008

clint mtime 0x0000000000000141 (mip.MTI <- 0b1, mip.STI <- 0b0)
mem[X,0x0000000080002C3C] -> 0x3383
mem[X,0x0000000080002C3E] -> 0x2681
[642] [M]: 0x0000000080002C3C (0x26813383) ld x7, 0x268(x2)                         resto_Mrtn+4
mem[R,0x0000000080005268] -> 0x0000000080005000
x7 <- 0x0000000080005000

mem[X,0x0000000080002C40] -> 0x3403
mem[X,0x0000000080002C42] -> 0x2701
[643] [M]: 0x0000000080002C40 (0x27013403) ld x8, 0x270(x2)                         resto_Mrtn+8
mem[R,0x0000000080005270] -> 0x0000000000007F76
x8 <- 0x0000000000007F76

clint mtime 0x0000000000000142 (mip.MTI <- 0b1, mip.STI <- 0b0)
mem[X,0x0000000080002C44] -> 0x3483
mem[X,0x0000000080002C46] -> 0x2781
[644] [M]: 0x0000000080002C44 (0x27813483) ld x9, 0x278(x2)                         resto_Mrtn+12
mem[R,0x0000000080005278] -> 0x0000060080000F58
x9 <- 0x0000060080000F58

mem[X,0x0000000080002C48] -> 0x3503
mem[X,0x0000000080002C4A] -> 0x2801
[645] [M]: 0x0000000080002C48 (0x28013503) ld x10, 0x280(x2)                        resto_Mrtn+16
mem[R,0x0000000080005280] -> 0x00000000000000DF
x10 <- 0x00000000000000DF

clint mtime 0x0000000000000143 (mip.MTI <- 0b1, mip.STI <- 0b0)
mem[X,0x0000000080002C4C] -> 0x3583
mem[X,0x0000000080002C4E] -> 0x2881
[646] [M]: 0x0000000080002C4C (0x28813583) ld x11, 0x288(x2)                        resto_Mrtn+20
mem[R,0x0000000080005288] -> 0x00000000000000DF
x11 <- 0x00000000000000DF

mem[X,0x0000000080002C50] -> 0x3103
mem[X,0x0000000080002C52] -> 0x2901
[647] [M]: 0x0000000080002C50 (0x29013103) ld x2, 0x290(x2)                         resto_Mrtn+24
mem[R,0x0000000080005290] -> 0x0000000080005000
x2 <- 0x0000000080005000

clint mtime 0x0000000000000144 (mip.MTI <- 0b1, mip.STI <- 0b0)
mem[X,0x0000000080002C54] -> 0x0073
mem[X,0x0000000080002C56] -> 0x3020
[648] [M]: 0x0000000080002C54 (0x30200073) mret                                     resto_Mrtn+28
CSR mstatus (0x300) <- 0x0000000A00000080
ret-ing from M to U

PTW: Start, vpn=0x30080000, access_type=X, privilege=Umem[R,0x0000000080009030] -> 0x00000000000000DB
PTW: Step, level=3, pte=0xDB, pte_addr=0x80009030
PTW: Success, final_ppn=0x80000, level=3mem[X,0x0000000080000F88] -> 0xA703
mem[X,0x0000000080000F8A] -> 0x0147
[649] [U]: 0x0000030080000F88 (0x0147A703) lw x14, 0x14(x15)                        va_rvtest_code_begin+1004
PTW: Start, vpn=0x28080000, access_type=R, privilege=Umem[R,0x0000000080009028] -> 0x00000000000000DF
PTW: Step, level=3, pte=0xDF, pte_addr=0x80009028
PTW: Success, final_ppn=0x80000, level=3mem[R,0x0000000080000414] -> 0xBEEFCAF2
x14 <- 0xFFFFFFFFBEEFCAF2

clint mtime 0x0000000000000145 (mip.MTI <- 0b1, mip.STI <- 0b0)
PTW: Start, vpn=0x30080000, access_type=X, privilege=Umem[R,0x0000000080009030] -> 0x00000000000000DB
PTW: Step, level=3, pte=0xDB, pte_addr=0x80009030
PTW: Success, final_ppn=0x80000, level=3mem[X,0x0000000080000F8C] -> 0x0013
mem[X,0x0000000080000F8E] -> 0x0000
[650] [U]: 0x0000030080000F8C (0x00000013) addi x0, x0, 0x0                         va_rvtest_code_begin+1008

mem[X,0x0000000080000F90] -> 0x51B7
mem[X,0x0000000080000F92] -> 0x0000
[651] [U]: 0x0000030080000F90 (0x000051B7) lui x3, 0x5                              va_rvtest_code_begin+1012
x3 <- 0x0000000000005000

clint mtime 0x0000000000000146 (mip.MTI <- 0b1, mip.STI <- 0b0)
mem[X,0x0000000080000F94] -> 0x8193
mem[X,0x0000000080000F96] -> 0x6671
[652] [U]: 0x0000030080000F94 (0x66718193) addi x3, x3, 0x667                       va_rvtest_code_begin+1016
x3 <- 0x0000000000005667

mem[X,0x0000000080000F98] -> 0x9193
mem[X,0x0000000080000F9A] -> 0x0011
[653] [U]: 0x0000030080000F98 (0x00119193) slli x3, x3, 0x1                         va_rvtest_code_begin+1020
x3 <- 0x000000000000ACCE

clint mtime 0x0000000000000147 (mip.MTI <- 0b1, mip.STI <- 0b0)
mem[X,0x0000000080000F9C] -> 0x0013
mem[X,0x0000000080000F9E] -> 0x0000
[654] [U]: 0x0000030080000F9C (0x00000013) addi x0, x0, 0x0                         va_rvtest_code_begin+1024

mem[X,0x0000000080000FA0] -> 0x0217
mem[X,0x0000000080000FA2] -> 0x0000
[655] [U]: 0x0000030080000FA0 (0x00000217) auipc x4, 0x0                            va_rvtest_code_begin+1028
x4 <- 0x0000030080000FA0

clint mtime 0x0000000000000148 (mip.MTI <- 0b1, mip.STI <- 0b0)
mem[X,0x0000000080000FA4] -> 0x0213
mem[X,0x0000000080000FA6] -> 0x02C2
[656] [U]: 0x0000030080000FA4 (0x02C20213) addi x4, x4, 0x2c                        va_rvtest_code_begin+1032
x4 <- 0x0000030080000FCC

mem[X,0x0000000080000FA8] -> 0x0001
[657] [U]: 0x0000030080000FA8 (0x0001) c.nop                                        va_rvtest_code_begin+1036

clint mtime 0x0000000000000149 (mip.MTI <- 0b1, mip.STI <- 0b0)
mem[X,0x0000000080000FAA] -> 0x0013
mem[X,0x0000000080000FAC] -> 0x0000
[658] [U]: 0x0000030080000FAA (0x00000013) addi x0, x0, 0x0                         va_rvtest_code_begin+1038

mem[X,0x0000000080000FAE] -> 0x0013
mem[X,0x0000000080000FB0] -> 0x0000
[659] [U]: 0x0000030080000FAE (0x00000013) addi x0, x0, 0x0                         va_rvtest_code_begin+1042

clint mtime 0x000000000000014A (mip.MTI <- 0b1, mip.STI <- 0b0)
mem[X,0x0000000080000FB2] -> 0x0013
mem[X,0x0000000080000FB4] -> 0x0000
[660] [U]: 0x0000030080000FB2 (0x00000013) addi x0, x0, 0x0                         va_rvtest_code_begin+1046

mem[X,0x0000000080000FB6] -> 0x0013
mem[X,0x0000000080000FB8] -> 0x0000
[661] [U]: 0x0000030080000FB6 (0x00000013) addi x0, x0, 0x0                         va_rvtest_code_begin+1050

clint mtime 0x000000000000014B (mip.MTI <- 0b1, mip.STI <- 0b0)
mem[X,0x0000000080000FBA] -> 0x0013
mem[X,0x0000000080000FBC] -> 0x0000
[662] [U]: 0x0000030080000FBA (0x00000013) addi x0, x0, 0x0                         va_rvtest_code_begin+1054

mem[X,0x0000000080000FBE] -> 0x0001
[663] [U]: 0x0000030080000FBE (0x0001) c.nop                                        va_rvtest_code_begin+1058

clint mtime 0x000000000000014C (mip.MTI <- 0b1, mip.STI <- 0b0)
mem[X,0x0000000080000FC0] -> 0x80E7
mem[X,0x0000000080000FC2] -> 0x0007
[664] [U]: 0x0000030080000FC0 (0x000780E7) jalr x1, 0x0(x15)                        va_rvtest_code_begin+1060
x1 <- 0x0000030080000FC4

PTW: Start, vpn=0x28080000, access_type=X, privilege=Umem[R,0x0000000080009028] -> 0x00000000000000DF
PTW: Step, level=3, pte=0xDF, pte_addr=0x80009028
PTW: Success, final_ppn=0x80000, level=3mem[X,0x0000000080000400] -> 0x0013
mem[X,0x0000000080000402] -> 0x0000
[665] [U]: 0x0000028080000400 (0x00000013) addi x0, x0, 0x0                         va_data_l3+0

clint mtime 0x000000000000014D (mip.MTI <- 0b1, mip.STI <- 0b0)
mem[X,0x0000000080000404] -> 0x8093
mem[X,0x0000000080000406] -> 0x0080
[666] [U]: 0x0000028080000404 (0x00808093) addi x1, x1, 0x8                         va_data_l3+4
x1 <- 0x0000030080000FCC

mem[X,0x0000000080000408] -> 0x8067
mem[X,0x000000008000040A] -> 0x0000
[667] [U]: 0x0000028080000408 (0x00008067) jalr x0, 0x0(x1)                         va_data_l3+8

clint mtime 0x000000000000014E (mip.MTI <- 0b1, mip.STI <- 0b0)
PTW: Start, vpn=0x30080000, access_type=X, privilege=Umem[R,0x0000000080009030] -> 0x00000000000000DB
PTW: Step, level=3, pte=0xDB, pte_addr=0x80009030
PTW: Success, final_ppn=0x80000, level=3mem[X,0x0000000080000FCC] -> 0x0013
mem[X,0x0000000080000FCE] -> 0x0000
[668] [U]: 0x0000030080000FCC (0x00000013) addi x0, x0, 0x0                         va_rvtest_code_begin+1072

mem[X,0x0000000080000FD0] -> 0x0013
mem[X,0x0000000080000FD2] -> 0x0000
[669] [U]: 0x0000030080000FD0 (0x00000013) addi x0, x0, 0x0                         va_rvtest_code_begin+1076

clint mtime 0x000000000000014F (mip.MTI <- 0b1, mip.STI <- 0b0)
mem[X,0x0000000080000FD4] -> 0x0013
mem[X,0x0000000080000FD6] -> 0x0000
[670] [U]: 0x0000030080000FD4 (0x00000013) addi x0, x0, 0x0                         va_rvtest_code_begin+1080

mem[X,0x0000000080000FD8] -> 0x0113
mem[X,0x0000000080000FDA] -> 0x0000
[671] [U]: 0x0000030080000FD8 (0x00000113) addi x2, x0, 0x0                         va_rvtest_code_begin+1084
x2 <- 0x0000000000000000

clint mtime 0x0000000000000150 (mip.MTI <- 0b1, mip.STI <- 0b0)
mem[X,0x0000000080000FDC] -> 0x0073
mem[X,0x0000000080000FDE] -> 0x0000
[672] [U]: 0x0000030080000FDC (0x00000073) ecall                                    va_rvtest_code_begin+1088
trapping from U to M to handle u-call
handling exc#u-call at priv M with tval 0x0000000000000000
CSR mstatus (0x300) <- 0x0000000A00000000
CSR mcause (0x342) <- 0x0000000000000008
CSR mtval (0x343) <- 0x0000000000000000
CSR mepc (0x341) <- 0x0000030080000FDC

mem[X,0x0000000080002800] -> 0x006F
mem[X,0x0000000080002802] -> 0x1000
[673] [M]: 0x0000000080002800 (0x1000006F) jal x0, 0x100                            Mtrampoline+0

clint mtime 0x0000000000000151 (mip.MTI <- 0b1, mip.STI <- 0b0)
mem[X,0x0000000080002900] -> 0x1173
mem[X,0x0000000080002902] -> 0x3401
[674] [M]: 0x0000000080002900 (0x34011173) csrrw x2, mscratch, x2                   trap_Mhandler+0
CSR mscratch (0x340) <- 0x0000000000000000
x2 <- 0x0000000080005000

mem[X,0x0000000080002904] -> 0x3423
mem[X,0x0000000080002906] -> 0x28B1
[675] [M]: 0x0000000080002904 (0x28B13423) sd x11, 0x288(x2)                        trap_Mhandler+4
mem[W,0x0000000080005288] <- 0x00000000000000DF

clint mtime 0x0000000000000152 (mip.MTI <- 0b1, mip.STI <- 0b0)
mem[X,0x0000000080002908] -> 0x05EF
mem[X,0x000000008000290A] -> 0x0B80
[676] [M]: 0x0000000080002908 (0x0B8005EF) jal x11, 0xb8                            trap_Mhandler+8
x11 <- 0x000000008000290C

mem[X,0x00000000800029C0] -> 0x3023
mem[X,0x00000000800029C2] -> 0x28A1
[677] [M]: 0x00000000800029C0 (0x28A13023) sd x10, 0x280(x2)                        common_Mhandler+0
mem[W,0x0000000080005280] <- 0x00000000000000DF

clint mtime 0x0000000000000153 (mip.MTI <- 0b1, mip.STI <- 0b0)
mem[X,0x00000000800029C4] -> 0x1573
mem[X,0x00000000800029C6] -> 0x3401
[678] [M]: 0x00000000800029C4 (0x34011573) csrrw x10, mscratch, x2                  common_Mhandler+4
CSR mscratch (0x340) <- 0x0000000080005000
x10 <- 0x0000000000000000

mem[X,0x00000000800029C8] -> 0x3823
mem[X,0x00000000800029CA] -> 0x28A1
[679] [M]: 0x00000000800029C8 (0x28A13823) sd x10, 0x290(x2)                        common_Mhandler+8
mem[W,0x0000000080005290] <- 0x0000000000000000

clint mtime 0x0000000000000154 (mip.MTI <- 0b1, mip.STI <- 0b0)
mem[X,0x00000000800029CC] -> 0x3503
mem[X,0x00000000800029CE] -> 0x2301
[680] [M]: 0x00000000800029CC (0x23013503) ld x10, 0x230(x2)                        common_Mhandler+12
mem[R,0x0000000080005230] -> 0x00000000800029D4
x10 <- 0x00000000800029D4

mem[X,0x00000000800029D0] -> 0x0067
mem[X,0x00000000800029D2] -> 0x0005
[681] [M]: 0x00000000800029D0 (0x00050067) jalr x0, 0x0(x10)                        common_Mhandler+16

clint mtime 0x0000000000000155 (mip.MTI <- 0b1, mip.STI <- 0b0)
mem[X,0x00000000800029D4] -> 0x3C23
mem[X,0x00000000800029D6] -> 0x2691
[682] [M]: 0x00000000800029D4 (0x26913C23) sd x9, 0x278(x2)                         common_Mentry+0
mem[W,0x0000000080005278] <- 0x0000060080000F58

mem[X,0x00000000800029D8] -> 0x3823
mem[X,0x00000000800029DA] -> 0x2681
[683] [M]: 0x00000000800029D8 (0x26813823) sd x8, 0x270(x2)                         common_Mentry+4
mem[W,0x0000000080005270] <- 0x0000000000007F76

clint mtime 0x0000000000000156 (mip.MTI <- 0b1, mip.STI <- 0b0)
mem[X,0x00000000800029DC] -> 0x3423
mem[X,0x00000000800029DE] -> 0x2671
[684] [M]: 0x00000000800029DC (0x26713423) sd x7, 0x268(x2)                         common_Mentry+8
mem[W,0x0000000080005268] <- 0x0000000080005000

mem[X,0x00000000800029E0] -> 0x3023
mem[X,0x00000000800029E2] -> 0x2661
[685] [M]: 0x00000000800029E0 (0x26613023) sd x6, 0x260(x2)                         common_Mentry+12
mem[W,0x0000000080005260] <- 0x0000030000000008

clint mtime 0x0000000000000157 (mip.MTI <- 0b1, mip.STI <- 0b0)
mem[X,0x00000000800029E4] -> 0x2573
mem[X,0x00000000800029E6] -> 0x3420
[686] [M]: 0x00000000800029E4 (0x34202573) csrrs x10, mcause, x0                    spcl_M2mmode_test+0
CSR mcause (0x342) -> 0x0000000000000008
x10 <- 0x0000000000000008

mem[X,0x00000000800029E8] -> 0x04B7
mem[X,0x00000000800029EA] -> 0x8000
[687] [M]: 0x00000000800029E8 (0x800004B7) lui x9, -0x80000                         spcl_M2mmode_test+4
x9 <- 0xFFFFFFFF80000000

clint mtime 0x0000000000000158 (mip.MTI <- 0b1, mip.STI <- 0b0)
mem[X,0x00000000800029EC] -> 0x8493
mem[X,0x00000000800029EE] -> 0x0004
[688] [M]: 0x00000000800029EC (0x00048493) addi x9, x9, 0x0                         spcl_M2mmode_test+8
x9 <- 0xFFFFFFFF80000000

mem[X,0x00000000800029F0] -> 0x9493
mem[X,0x00000000800029F2] -> 0x00B4
[689] [M]: 0x00000000800029F0 (0x00B49493) slli x9, x9, 0xb                         spcl_M2mmode_test+12
x9 <- 0xFFFFFC0000000000

clint mtime 0x0000000000000159 (mip.MTI <- 0b1, mip.STI <- 0b0)
mem[X,0x00000000800029F4] -> 0x8493
mem[X,0x00000000800029F6] -> 0x0004
[690] [M]: 0x00000000800029F4 (0x00048493) addi x9, x9, 0x0                         spcl_M2mmode_test+16
x9 <- 0xFFFFFC0000000000

mem[X,0x00000000800029F8] -> 0x9493
mem[X,0x00000000800029FA] -> 0x00B4
[691] [M]: 0x00000000800029F8 (0x00B49493) slli x9, x9, 0xb                         spcl_M2mmode_test+20
x9 <- 0xFFE0000000000000

clint mtime 0x000000000000015A (mip.MTI <- 0b1, mip.STI <- 0b0)
mem[X,0x00000000800029FC] -> 0x8493
mem[X,0x00000000800029FE] -> 0x0034
[692] [M]: 0x00000000800029FC (0x00348493) addi x9, x9, 0x3                         spcl_M2mmode_test+24
x9 <- 0xFFE0000000000003

mem[X,0x0000000080002A00] -> 0x9493
mem[X,0x0000000080002A02] -> 0x00A4
[693] [M]: 0x0000000080002A00 (0x00A49493) slli x9, x9, 0xa                         spcl_M2mmode_test+28
x9 <- 0x8000000000000C00

clint mtime 0x000000000000015B (mip.MTI <- 0b1, mip.STI <- 0b0)
mem[X,0x0000000080002A04] -> 0x8493
mem[X,0x0000000080002A06] -> 0x3FC4
[694] [M]: 0x0000000080002A04 (0x3FC48493) addi x9, x9, 0x3fc                       spcl_M2mmode_test+32
x9 <- 0x8000000000000FFC

mem[X,0x0000000080002A08] -> 0xF4B3
mem[X,0x0000000080002A0A] -> 0x00A4
[695] [M]: 0x0000000080002A08 (0x00A4F4B3) and x9, x9, x10                          spcl_M2mmode_test+36
x9 <- 0x0000000000000008

clint mtime 0x000000000000015C (mip.MTI <- 0b1, mip.STI <- 0b0)
mem[X,0x0000000080002A0C] -> 0x8493
mem[X,0x0000000080002A0E] -> 0xFF84
[696] [M]: 0x0000000080002A0C (0xFF848493) addi x9, x9, -0x8                        spcl_M2mmode_test+40
x9 <- 0x0000000000000000

mem[X,0x0000000080002A10] -> 0x9663
mem[X,0x0000000080002A12] -> 0x0004
[697] [M]: 0x0000000080002A10 (0x00049663) bne x9, x0, 0xc                          spcl_M2mmode_test+44

clint mtime 0x000000000000015D (mip.MTI <- 0b1, mip.STI <- 0b0)
mem[X,0x0000000080002A14] -> 0x3383
mem[X,0x0000000080002A16] -> 0x2901
[698] [M]: 0x0000000080002A14 (0x29013383) ld x7, 0x290(x2)                         spcl_M2mmode_test+48
mem[R,0x0000000080005290] -> 0x0000000000000000
x7 <- 0x0000000000000000

mem[X,0x0000000080002A18] -> 0x8663
mem[X,0x0000000080002A1A] -> 0x6E03
[699] [M]: 0x0000000080002A18 (0x6E038663) beq x7, x0, 0x6ec                        spcl_M2mmode_test+52

clint mtime 0x000000000000015E (mip.MTI <- 0b1, mip.STI <- 0b0)
mem[X,0x0000000080003104] -> 0x0493
mem[X,0x0000000080003106] -> 0xFF55
[700] [M]: 0x0000000080003104 (0xFF550493) addi x9, x10, -0xb                       rtn2mmode+0
x9 <- 0xFFFFFFFFFFFFFFFD

mem[X,0x0000000080003108] -> 0x8C63
mem[X,0x000000008000310A] -> 0x0004
[701] [M]: 0x0000000080003108 (0x00048C63) beq x9, x0, 0x18                         rtn2mmode+4

clint mtime 0x000000000000015F (mip.MTI <- 0b1, mip.STI <- 0b0)
mem[X,0x000000008000310C] -> 0x3583
mem[X,0x000000008000310E] -> 0x4701
[702] [M]: 0x000000008000310C (0x47013583) ld x11, 0x470(x2)                        rtn2mmode+8
mem[R,0x0000000080005470] -> 0x0000030080000B9C
x11 <- 0x0000030080000B9C

mem[X,0x0000000080003110] -> 0xD463
mem[X,0x0000000080003112] -> 0x0003
[703] [M]: 0x0000000080003110 (0x0003D463) bge x7, x0, 0x8                          rtn2mmode+12

clint mtime 0x0000000000000160 (mip.MTI <- 0b1, mip.STI <- 0b0)
mem[X,0x0000000080003118] -> 0x3483
mem[X,0x000000008000311A] -> 0x1D81
[704] [M]: 0x0000000080003118 (0x1D813483) ld x9, 0x1d8(x2)                         from_u_s+0
mem[R,0x00000000800051D8] -> 0x0000000080000BB4
x9 <- 0x0000000080000BB4

mem[X,0x000000008000311C] -> 0x84B3
mem[X,0x000000008000311E] -> 0x40B4
[705] [M]: 0x000000008000311C (0x40B484B3) sub x9, x9, x11                          from_u_s+4
x9 <- 0xFFFFFD0000000018

clint mtime 0x0000000000000161 (mip.MTI <- 0b1, mip.STI <- 0b0)
mem[X,0x0000000080003120] -> 0x23F3
mem[X,0x0000000080003122] -> 0x3410
[706] [M]: 0x0000000080003120 (0x341023F3) csrrs x7, mepc, x0                       rtn_fm_mmode+0
CSR mepc (0x341) -> 0x0000030080000FDC
x7 <- 0x0000030080000FDC

mem[X,0x0000000080003124] -> 0x83B3
mem[X,0x0000000080003126] -> 0x0093
[707] [M]: 0x0000000080003124 (0x009383B3) add x7, x7, x9                           rtn_fm_mmode+4
x7 <- 0x0000000080000FF4

clint mtime 0x0000000000000162 (mip.MTI <- 0b1, mip.STI <- 0b0)
mem[X,0x0000000080003128] -> 0x3303
mem[X,0x000000008000312A] -> 0x2601
[708] [M]: 0x0000000080003128 (0x26013303) ld x6, 0x260(x2)                         rtn_fm_mmode+8
mem[R,0x0000000080005260] -> 0x0000030000000008
x6 <- 0x0000030000000008

mem[X,0x000000008000312C] -> 0x3403
mem[X,0x000000008000312E] -> 0x2701
[709] [M]: 0x000000008000312C (0x27013403) ld x8, 0x270(x2)                         rtn_fm_mmode+12
mem[R,0x0000000080005270] -> 0x0000000000007F76
x8 <- 0x0000000000007F76

clint mtime 0x0000000000000163 (mip.MTI <- 0b1, mip.STI <- 0b0)
mem[X,0x0000000080003130] -> 0x3483
mem[X,0x0000000080003132] -> 0x2781
[710] [M]: 0x0000000080003130 (0x27813483) ld x9, 0x278(x2)                         rtn_fm_mmode+16
mem[R,0x0000000080005278] -> 0x0000060080000F58
x9 <- 0x0000060080000F58

mem[X,0x0000000080003134] -> 0x3503
mem[X,0x0000000080003136] -> 0x2801
[711] [M]: 0x0000000080003134 (0x28013503) ld x10, 0x280(x2)                        rtn_fm_mmode+20
mem[R,0x0000000080005280] -> 0x00000000000000DF
x10 <- 0x00000000000000DF

clint mtime 0x0000000000000164 (mip.MTI <- 0b1, mip.STI <- 0b0)
mem[X,0x0000000080003138] -> 0x3583
mem[X,0x000000008000313A] -> 0x2881
[712] [M]: 0x0000000080003138 (0x28813583) ld x11, 0x288(x2)                        rtn_fm_mmode+24
mem[R,0x0000000080005288] -> 0x00000000000000DF
x11 <- 0x00000000000000DF

mem[X,0x000000008000313C] -> 0x3103
mem[X,0x000000008000313E] -> 0x2901
[713] [M]: 0x000000008000313C (0x29013103) ld x2, 0x290(x2)                         rtn_fm_mmode+28
mem[R,0x0000000080005290] -> 0x0000000000000000
x2 <- 0x0000000000000000

clint mtime 0x0000000000000165 (mip.MTI <- 0b1, mip.STI <- 0b0)
mem[X,0x0000000080003140] -> 0x8067
mem[X,0x0000000080003142] -> 0x0043
[714] [M]: 0x0000000080003140 (0x00438067) jalr x0, 0x4(x7)                         rtn_fm_mmode+32

mem[X,0x0000000080000FF8] -> 0x0013
mem[X,0x0000000080000FFA] -> 0x0000
[715] [M]: 0x0000000080000FF8 (0x00000013) addi x0, x0, 0x0                         main+1048

clint mtime 0x0000000000000166 (mip.MTI <- 0b1, mip.STI <- 0b0)
mem[X,0x0000000080000FFC] -> 0x0013
mem[X,0x0000000080000FFE] -> 0x0000
[716] [M]: 0x0000000080000FFC (0x00000013) addi x0, x0, 0x0                         main+1052

mem[X,0x0000000080001000] -> 0x7517
mem[X,0x0000000080001002] -> 0x0000
[717] [M]: 0x0000000080001000 (0x00007517) auipc x10, 0x7                           main+1056
x10 <- 0x0000000080008000

clint mtime 0x0000000000000167 (mip.MTI <- 0b1, mip.STI <- 0b0)
mem[X,0x0000000080001004] -> 0x0513
mem[X,0x0000000080001006] -> 0x0005
[718] [M]: 0x0000000080001004 (0x00050513) addi x10, x10, 0x0                       main+1060
x10 <- 0x0000000080008000

mem[X,0x0000000080001008] -> 0x0001
[719] [M]: 0x0000000080001008 (0x0001) c.nop                                        main+1064

clint mtime 0x0000000000000168 (mip.MTI <- 0b1, mip.STI <- 0b0)
mem[X,0x000000008000100A] -> 0x0013
mem[X,0x000000008000100C] -> 0x0000
[720] [M]: 0x000000008000100A (0x00000013) addi x0, x0, 0x0                         main+1066

mem[X,0x000000008000100E] -> 0x0013
mem[X,0x0000000080001010] -> 0x0000
[721] [M]: 0x000000008000100E (0x00000013) addi x0, x0, 0x0                         main+1070

clint mtime 0x0000000000000169 (mip.MTI <- 0b1, mip.STI <- 0b0)
mem[X,0x0000000080001012] -> 0x0013
mem[X,0x0000000080001014] -> 0x0000
[722] [M]: 0x0000000080001012 (0x00000013) addi x0, x0, 0x0                         main+1074

mem[X,0x0000000080001016] -> 0x0013
mem[X,0x0000000080001018] -> 0x0000
[723] [M]: 0x0000000080001016 (0x00000013) addi x0, x0, 0x0                         main+1078

clint mtime 0x000000000000016A (mip.MTI <- 0b1, mip.STI <- 0b0)
mem[X,0x000000008000101A] -> 0x0013
mem[X,0x000000008000101C] -> 0x0000
[724] [M]: 0x000000008000101A (0x00000013) addi x0, x0, 0x0                         main+1082

mem[X,0x000000008000101E] -> 0x0001
[725] [M]: 0x000000008000101E (0x0001) c.nop                                        main+1086

clint mtime 0x000000000000016B (mip.MTI <- 0b1, mip.STI <- 0b0)
mem[X,0x0000000080001020] -> 0x0593
mem[X,0x0000000080001022] -> 0x0010
[726] [M]: 0x0000000080001020 (0x00100593) addi x11, x0, 0x1                        main+1088
x11 <- 0x0000000000000001

mem[X,0x0000000080001024] -> 0x5513
mem[X,0x0000000080001026] -> 0x00C5
[727] [M]: 0x0000000080001024 (0x00C55513) srli x10, x10, 0xc                       main+1092
x10 <- 0x0000000000080008

clint mtime 0x000000000000016C (mip.MTI <- 0b1, mip.STI <- 0b0)
mem[X,0x0000000080001028] -> 0x1513
mem[X,0x000000008000102A] -> 0x00A5
[728] [M]: 0x0000000080001028 (0x00A51513) slli x10, x10, 0xa                       main+1096
x10 <- 0x0000000020002000

mem[X,0x000000008000102C] -> 0x6533
mem[X,0x000000008000102E] -> 0x00B5
[729] [M]: 0x000000008000102C (0x00B56533) or x10, x10, x11                         main+1100
x10 <- 0x0000000020002001

clint mtime 0x000000000000016D (mip.MTI <- 0b1, mip.STI <- 0b0)
mem[X,0x0000000080001030] -> 0x0013
mem[X,0x0000000080001032] -> 0x0000
[730] [M]: 0x0000000080001030 (0x00000013) addi x0, x0, 0x0                         main+1104

mem[X,0x0000000080001034] -> 0x0013
mem[X,0x0000000080001036] -> 0x0000
[731] [M]: 0x0000000080001034 (0x00000013) addi x0, x0, 0x0                         main+1108

clint mtime 0x000000000000016E (mip.MTI <- 0b1, mip.STI <- 0b0)
mem[X,0x0000000080001038] -> 0x0013
mem[X,0x000000008000103A] -> 0x0000
[732] [M]: 0x0000000080001038 (0x00000013) addi x0, x0, 0x0                         main+1112

mem[X,0x000000008000103C] -> 0x0013
mem[X,0x000000008000103E] -> 0x0000
[733] [M]: 0x000000008000103C (0x00000013) addi x0, x0, 0x0                         main+1116

clint mtime 0x000000000000016F (mip.MTI <- 0b1, mip.STI <- 0b0)
mem[X,0x0000000080001040] -> 0x8317
mem[X,0x0000000080001042] -> 0x0000
[734] [M]: 0x0000000080001040 (0x00008317) auipc x6, 0x8                            main+1120
x6 <- 0x0000000080009040

mem[X,0x0000000080001044] -> 0x0313
mem[X,0x0000000080001046] -> 0xFC03
[735] [M]: 0x0000000080001044 (0xFC030313) addi x6, x6, -0x40                       main+1124
x6 <- 0x0000000080009000

clint mtime 0x0000000000000170 (mip.MTI <- 0b1, mip.STI <- 0b0)
mem[X,0x0000000080001048] -> 0x0001
[736] [M]: 0x0000000080001048 (0x0001) c.nop                                        main+1128

mem[X,0x000000008000104A] -> 0x0013
mem[X,0x000000008000104C] -> 0x0000
[737] [M]: 0x000000008000104A (0x00000013) addi x0, x0, 0x0                         main+1130

clint mtime 0x0000000000000171 (mip.MTI <- 0b1, mip.STI <- 0b0)
mem[X,0x000000008000104E] -> 0x0013
mem[X,0x0000000080001050] -> 0x0000
[738] [M]: 0x000000008000104E (0x00000013) addi x0, x0, 0x0                         main+1134

mem[X,0x0000000080001052] -> 0x0013
mem[X,0x0000000080001054] -> 0x0000
[739] [M]: 0x0000000080001052 (0x00000013) addi x0, x0, 0x0                         main+1138

clint mtime 0x0000000000000172 (mip.MTI <- 0b1, mip.STI <- 0b0)
mem[X,0x0000000080001056] -> 0x0013
mem[X,0x0000000080001058] -> 0x0000
[740] [M]: 0x0000000080001056 (0x00000013) addi x0, x0, 0x0                         main+1142

mem[X,0x000000008000105A] -> 0x0013
mem[X,0x000000008000105C] -> 0x0000
[741] [M]: 0x000000008000105A (0x00000013) addi x0, x0, 0x0                         main+1146

clint mtime 0x0000000000000173 (mip.MTI <- 0b1, mip.STI <- 0b0)
mem[X,0x000000008000105E] -> 0x0001
[742] [M]: 0x000000008000105E (0x0001) c.nop                                        main+1150

mem[X,0x0000000080001060] -> 0x0293
mem[X,0x0000000080001062] -> 0x0280
[743] [M]: 0x0000000080001060 (0x02800293) addi x5, x0, 0x28                        main+1152
x5 <- 0x0000000000000028

clint mtime 0x0000000000000174 (mip.MTI <- 0b1, mip.STI <- 0b0)
mem[X,0x0000000080001064] -> 0x0333
mem[X,0x0000000080001066] -> 0x0053
[744] [M]: 0x0000000080001064 (0x00530333) add x6, x6, x5                           main+1156
x6 <- 0x0000000080009028

mem[X,0x0000000080001068] -> 0x3023
mem[X,0x000000008000106A] -> 0x00A3
[745] [M]: 0x0000000080001068 (0x00A33023) sd x10, 0x0(x6)                          main+1160
mem[W,0x0000000080009028] <- 0x0000000020002001

clint mtime 0x0000000000000175 (mip.MTI <- 0b1, mip.STI <- 0b0)
mem[X,0x000000008000106C] -> 0x0013
mem[X,0x000000008000106E] -> 0x0000
[746] [M]: 0x000000008000106C (0x00000013) addi x0, x0, 0x0                         main+1164

mem[X,0x0000000080001070] -> 0x0013
mem[X,0x0000000080001072] -> 0x0000
[747] [M]: 0x0000000080001070 (0x00000013) addi x0, x0, 0x0                         main+1168

clint mtime 0x0000000000000176 (mip.MTI <- 0b1, mip.STI <- 0b0)
mem[X,0x0000000080001074] -> 0x0013
mem[X,0x0000000080001076] -> 0x0000
[748] [M]: 0x0000000080001074 (0x00000013) addi x0, x0, 0x0                         main+1172

mem[X,0x0000000080001078] -> 0x0013
mem[X,0x000000008000107A] -> 0x0000
[749] [M]: 0x0000000080001078 (0x00000013) addi x0, x0, 0x0                         main+1176

clint mtime 0x0000000000000177 (mip.MTI <- 0b1, mip.STI <- 0b0)
mem[X,0x000000008000107C] -> 0x0013
mem[X,0x000000008000107E] -> 0x0000
[750] [M]: 0x000000008000107C (0x00000013) addi x0, x0, 0x0                         main+1180

mem[X,0x0000000080001080] -> 0xF517
mem[X,0x0000000080001082] -> 0xFFFF
[751] [M]: 0x0000000080001080 (0xFFFFF517) auipc x10, -0x1                          main+1184
x10 <- 0x0000000080000080

clint mtime 0x0000000000000178 (mip.MTI <- 0b1, mip.STI <- 0b0)
mem[X,0x0000000080001084] -> 0x0513
mem[X,0x0000000080001086] -> 0x3805
[752] [M]: 0x0000000080001084 (0x38050513) addi x10, x10, 0x380                     main+1188
x10 <- 0x0000000080000400

mem[X,0x0000000080001088] -> 0x0001
[753] [M]: 0x0000000080001088 (0x0001) c.nop                                        main+1192

clint mtime 0x0000000000000179 (mip.MTI <- 0b1, mip.STI <- 0b0)
mem[X,0x000000008000108A] -> 0x0013
mem[X,0x000000008000108C] -> 0x0000
[754] [M]: 0x000000008000108A (0x00000013) addi x0, x0, 0x0                         main+1194

mem[X,0x000000008000108E] -> 0x0013
mem[X,0x0000000080001090] -> 0x0000
[755] [M]: 0x000000008000108E (0x00000013) addi x0, x0, 0x0                         main+1198

clint mtime 0x000000000000017A (mip.MTI <- 0b1, mip.STI <- 0b0)
mem[X,0x0000000080001092] -> 0x0013
mem[X,0x0000000080001094] -> 0x0000
[756] [M]: 0x0000000080001092 (0x00000013) addi x0, x0, 0x0                         main+1202

mem[X,0x0000000080001096] -> 0x0013
mem[X,0x0000000080001098] -> 0x0000
[757] [M]: 0x0000000080001096 (0x00000013) addi x0, x0, 0x0                         main+1206

clint mtime 0x000000000000017B (mip.MTI <- 0b1, mip.STI <- 0b0)
mem[X,0x000000008000109A] -> 0x0013
mem[X,0x000000008000109C] -> 0x0000
[758] [M]: 0x000000008000109A (0x00000013) addi x0, x0, 0x0                         main+1210

mem[X,0x000000008000109E] -> 0x0001
[759] [M]: 0x000000008000109E (0x0001) c.nop                                        main+1214

clint mtime 0x000000000000017C (mip.MTI <- 0b1, mip.STI <- 0b0)
mem[X,0x00000000800010A0] -> 0x0593
mem[X,0x00000000800010A2] -> 0x0DF0
[760] [M]: 0x00000000800010A0 (0x0DF00593) addi x11, x0, 0xdf                       main+1216
x11 <- 0x00000000000000DF

mem[X,0x00000000800010A4] -> 0x5513
mem[X,0x00000000800010A6] -> 0x00C5
[761] [M]: 0x00000000800010A4 (0x00C55513) srli x10, x10, 0xc                       main+1220
x10 <- 0x0000000000080000

clint mtime 0x000000000000017D (mip.MTI <- 0b1, mip.STI <- 0b0)
mem[X,0x00000000800010A8] -> 0x1513
mem[X,0x00000000800010AA] -> 0x00A5
[762] [M]: 0x00000000800010A8 (0x00A51513) slli x10, x10, 0xa                       main+1224
x10 <- 0x0000000020000000

mem[X,0x00000000800010AC] -> 0x6533
mem[X,0x00000000800010AE] -> 0x00B5
[763] [M]: 0x00000000800010AC (0x00B56533) or x10, x10, x11                         main+1228
x10 <- 0x00000000200000DF

clint mtime 0x000000000000017E (mip.MTI <- 0b1, mip.STI <- 0b0)
mem[X,0x00000000800010B0] -> 0x0013
mem[X,0x00000000800010B2] -> 0x0000
[764] [M]: 0x00000000800010B0 (0x00000013) addi x0, x0, 0x0                         main+1232

mem[X,0x00000000800010B4] -> 0x0013
mem[X,0x00000000800010B6] -> 0x0000
[765] [M]: 0x00000000800010B4 (0x00000013) addi x0, x0, 0x0                         main+1236

clint mtime 0x000000000000017F (mip.MTI <- 0b1, mip.STI <- 0b0)
mem[X,0x00000000800010B8] -> 0x0013
mem[X,0x00000000800010BA] -> 0x0000
[766] [M]: 0x00000000800010B8 (0x00000013) addi x0, x0, 0x0                         main+1240

mem[X,0x00000000800010BC] -> 0x0013
mem[X,0x00000000800010BE] -> 0x0000
[767] [M]: 0x00000000800010BC (0x00000013) addi x0, x0, 0x0                         main+1244

clint mtime 0x0000000000000180 (mip.MTI <- 0b1, mip.STI <- 0b0)
mem[X,0x00000000800010C0] -> 0x7317
mem[X,0x00000000800010C2] -> 0x0000
[768] [M]: 0x00000000800010C0 (0x00007317) auipc x6, 0x7                            main+1248
x6 <- 0x00000000800080C0

mem[X,0x00000000800010C4] -> 0x0313
mem[X,0x00000000800010C6] -> 0xF403
[769] [M]: 0x00000000800010C4 (0xF4030313) addi x6, x6, -0xc0                       main+1252
x6 <- 0x0000000080008000

clint mtime 0x0000000000000181 (mip.MTI <- 0b1, mip.STI <- 0b0)
mem[X,0x00000000800010C8] -> 0x0001
[770] [M]: 0x00000000800010C8 (0x0001) c.nop                                        main+1256

mem[X,0x00000000800010CA] -> 0x0013
mem[X,0x00000000800010CC] -> 0x0000
[771] [M]: 0x00000000800010CA (0x00000013) addi x0, x0, 0x0                         main+1258

clint mtime 0x0000000000000182 (mip.MTI <- 0b1, mip.STI <- 0b0)
mem[X,0x00000000800010CE] -> 0x0013
mem[X,0x00000000800010D0] -> 0x0000
[772] [M]: 0x00000000800010CE (0x00000013) addi x0, x0, 0x0                         main+1262

mem[X,0x00000000800010D2] -> 0x0013
mem[X,0x00000000800010D4] -> 0x0000
[773] [M]: 0x00000000800010D2 (0x00000013) addi x0, x0, 0x0                         main+1266

clint mtime 0x0000000000000183 (mip.MTI <- 0b1, mip.STI <- 0b0)
mem[X,0x00000000800010D6] -> 0x0013
mem[X,0x00000000800010D8] -> 0x0000
[774] [M]: 0x00000000800010D6 (0x00000013) addi x0, x0, 0x0                         main+1270

mem[X,0x00000000800010DA] -> 0x0013
mem[X,0x00000000800010DC] -> 0x0000
[775] [M]: 0x00000000800010DA (0x00000013) addi x0, x0, 0x0                         main+1274

clint mtime 0x0000000000000184 (mip.MTI <- 0b1, mip.STI <- 0b0)
mem[X,0x00000000800010DE] -> 0x0001
[776] [M]: 0x00000000800010DE (0x0001) c.nop                                        main+1278

mem[X,0x00000000800010E0] -> 0x0293
mem[X,0x00000000800010E2] -> 0x0000
[777] [M]: 0x00000000800010E0 (0x00000293) addi x5, x0, 0x0                         main+1280
x5 <- 0x0000000000000000

clint mtime 0x0000000000000185 (mip.MTI <- 0b1, mip.STI <- 0b0)
mem[X,0x00000000800010E4] -> 0x0333
mem[X,0x00000000800010E6] -> 0x0053
[778] [M]: 0x00000000800010E4 (0x00530333) add x6, x6, x5                           main+1284
x6 <- 0x0000000080008000

mem[X,0x00000000800010E8] -> 0x3023
mem[X,0x00000000800010EA] -> 0x00A3
[779] [M]: 0x00000000800010E8 (0x00A33023) sd x10, 0x0(x6)                          main+1288
mem[W,0x0000000080008000] <- 0x00000000200000DF

clint mtime 0x0000000000000186 (mip.MTI <- 0b1, mip.STI <- 0b0)
mem[X,0x00000000800010EC] -> 0x0073
mem[X,0x00000000800010EE] -> 0x1200
[780] [M]: 0x00000000800010EC (0x12000073) sfence.vma x0, x0                        main+1292

mem[X,0x00000000800010F0] -> 0x0493
mem[X,0x00000000800010F2] -> 0x0010
[781] [M]: 0x00000000800010F0 (0x00100493) addi x9, x0, 0x1                         main+1296
x9 <- 0x0000000000000001

clint mtime 0x0000000000000187 (mip.MTI <- 0b1, mip.STI <- 0b0)
mem[X,0x00000000800010F4] -> 0x9493
mem[X,0x00000000800010F6] -> 0x00B4
[782] [M]: 0x00000000800010F4 (0x00B49493) slli x9, x9, 0xb                         main+1300
x9 <- 0x0000000000000800

mem[X,0x00000000800010F8] -> 0xB073
mem[X,0x00000000800010FA] -> 0x3004
[783] [M]: 0x00000000800010F8 (0x3004B073) csrrc x0, mstatus, x9                    main+1304
CSR mstatus (0x300) <- 0x0000000A00000000

clint mtime 0x0000000000000188 (mip.MTI <- 0b1, mip.STI <- 0b0)
mem[X,0x00000000800010FC] -> 0x23F3
mem[X,0x00000000800010FE] -> 0x3400
[784] [M]: 0x00000000800010FC (0x340023F3) csrrs x7, mscratch, x0                   main+1308
CSR mscratch (0x340) -> 0x0000000080005000
x7 <- 0x0000000080005000

mem[X,0x0000000080001100] -> 0xB303
mem[X,0x0000000080001102] -> 0x4703
[785] [M]: 0x0000000080001100 (0x4703B303) ld x6, 0x470(x7)                         main+1312
mem[R,0x0000000080005470] -> 0x0000030080000B9C
x6 <- 0x0000030080000B9C

clint mtime 0x0000000000000189 (mip.MTI <- 0b1, mip.STI <- 0b0)
mem[X,0x0000000080001104] -> 0xB483
mem[X,0x0000000080001106] -> 0x1D83
[786] [M]: 0x0000000080001104 (0x1D83B483) ld x9, 0x1d8(x7)                         main+1316
mem[R,0x00000000800051D8] -> 0x0000000080000BB4
x9 <- 0x0000000080000BB4

mem[X,0x0000000080001108] -> 0x0333
mem[X,0x000000008000110A] -> 0x4093
[787] [M]: 0x0000000080001108 (0x40930333) sub x6, x6, x9                           main+1320
x6 <- 0x000002FFFFFFFFE8

clint mtime 0x000000000000018A (mip.MTI <- 0b1, mip.STI <- 0b0)
mem[X,0x000000008000110C] -> 0x0313
mem[X,0x000000008000110E] -> 0x0103
[788] [M]: 0x000000008000110C (0x01030313) addi x6, x6, 0x10                        main+1324
x6 <- 0x000002FFFFFFFFF8

mem[X,0x0000000080001110] -> 0x0497
mem[X,0x0000000080001112] -> 0x0000
[789] [M]: 0x0000000080001110 (0x00000497) auipc x9, 0x0                            main+1328
x9 <- 0x0000000080001110

clint mtime 0x000000000000018B (mip.MTI <- 0b1, mip.STI <- 0b0)
mem[X,0x0000000080001114] -> 0x84B3
mem[X,0x0000000080001116] -> 0x0064
[790] [M]: 0x0000000080001114 (0x006484B3) add x9, x9, x6                           main+1332
x9 <- 0x0000030080001108

mem[X,0x0000000080001118] -> 0x94F3
mem[X,0x000000008000111A] -> 0x3414
[791] [M]: 0x0000000080001118 (0x341494F3) csrrw x9, mepc, x9                       main+1336
CSR mepc (0x341) <- 0x0000030080001108
x9 <- 0x0000030080000FDC

clint mtime 0x000000000000018C (mip.MTI <- 0b1, mip.STI <- 0b0)
mem[X,0x000000008000111C] -> 0x0073
mem[X,0x000000008000111E] -> 0x3020
[792] [M]: 0x000000008000111C (0x30200073) mret                                     main+1340
CSR mstatus (0x300) <- 0x0000000A00000080
ret-ing from M to U

PTW: Start, vpn=0x30080001, access_type=X, privilege=Umem[R,0x0000000080009030] -> 0x00000000000000DB
PTW: Step, level=3, pte=0xDB, pte_addr=0x80009030
PTW: Success, final_ppn=0x80001, level=3mem[X,0x0000000080001108] -> 0x0333
PTW: Start, vpn=0x30080001, access_type=X, privilege=Umem[R,0x0000000080009030] -> 0x00000000000000DB
PTW: Step, level=3, pte=0xDB, pte_addr=0x80009030
PTW: Success, final_ppn=0x80001, level=3mem[X,0x000000008000110A] -> 0x4093
[793] [U]: 0x0000030080001108 (0x40930333) sub x6, x6, x9                           va_rvtest_code_begin+1388
x6 <- 0xFFFFFFFF7FFFF01C

clint mtime 0x000000000000018D (mip.MTI <- 0b1, mip.STI <- 0b0)
PTW: Start, vpn=0x30080001, access_type=X, privilege=Umem[R,0x0000000080009030] -> 0x00000000000000DB
PTW: Step, level=3, pte=0xDB, pte_addr=0x80009030
PTW: Success, final_ppn=0x80001, level=3mem[X,0x000000008000110C] -> 0x0313
PTW: Start, vpn=0x30080001, access_type=X, privilege=Umem[R,0x0000000080009030] -> 0x00000000000000DB
PTW: Step, level=3, pte=0xDB, pte_addr=0x80009030
PTW: Success, final_ppn=0x80001, level=3mem[X,0x000000008000110E] -> 0x0103
[794] [U]: 0x000003008000110C (0x01030313) addi x6, x6, 0x10                        va_rvtest_code_begin+1392
x6 <- 0xFFFFFFFF7FFFF02C

PTW: Start, vpn=0x30080001, access_type=X, privilege=Umem[R,0x0000000080009030] -> 0x00000000000000DB
PTW: Step, level=3, pte=0xDB, pte_addr=0x80009030
PTW: Success, final_ppn=0x80001, level=3mem[X,0x0000000080001110] -> 0x0497
PTW: Start, vpn=0x30080001, access_type=X, privilege=Umem[R,0x0000000080009030] -> 0x00000000000000DB
PTW: Step, level=3, pte=0xDB, pte_addr=0x80009030
PTW: Success, final_ppn=0x80001, level=3mem[X,0x0000000080001112] -> 0x0000
[795] [U]: 0x0000030080001110 (0x00000497) auipc x9, 0x0                            va_rvtest_code_begin+1396
x9 <- 0x0000030080001110

clint mtime 0x000000000000018E (mip.MTI <- 0b1, mip.STI <- 0b0)
PTW: Start, vpn=0x30080001, access_type=X, privilege=Umem[R,0x0000000080009030] -> 0x00000000000000DB
PTW: Step, level=3, pte=0xDB, pte_addr=0x80009030
PTW: Success, final_ppn=0x80001, level=3mem[X,0x0000000080001114] -> 0x84B3
PTW: Start, vpn=0x30080001, access_type=X, privilege=Umem[R,0x0000000080009030] -> 0x00000000000000DB
PTW: Step, level=3, pte=0xDB, pte_addr=0x80009030
PTW: Success, final_ppn=0x80001, level=3mem[X,0x0000000080001116] -> 0x0064
[796] [U]: 0x0000030080001114 (0x006484B3) add x9, x9, x6                           va_rvtest_code_begin+1400
x9 <- 0x000003000000013C

PTW: Start, vpn=0x30080001, access_type=X, privilege=Umem[R,0x0000000080009030] -> 0x00000000000000DB
PTW: Step, level=3, pte=0xDB, pte_addr=0x80009030
PTW: Success, final_ppn=0x80001, level=3mem[X,0x0000000080001118] -> 0x94F3
PTW: Start, vpn=0x30080001, access_type=X, privilege=Umem[R,0x0000000080009030] -> 0x00000000000000DB
PTW: Step, level=3, pte=0xDB, pte_addr=0x80009030
PTW: Success, final_ppn=0x80001, level=3mem[X,0x000000008000111A] -> 0x3414
[797] [U]: 0x0000030080001118 (0x341494F3) csrrw x9, mepc, x9                       va_rvtest_code_begin+1404
trapping from U to M to handle illegal-instruction
handling exc#illegal-instruction at priv M with tval 0x00000000341494F3
CSR mstatus (0x300) <- 0x0000000A00000000
CSR mcause (0x342) <- 0x0000000000000002
CSR mtval (0x343) <- 0x00000000341494F3
CSR mepc (0x341) <- 0x0000030080001118

clint mtime 0x000000000000018F (mip.MTI <- 0b1, mip.STI <- 0b0)
mem[X,0x0000000080002800] -> 0x006F
mem[X,0x0000000080002802] -> 0x1000
[798] [M]: 0x0000000080002800 (0x1000006F) jal x0, 0x100                            Mtrampoline+0

mem[X,0x0000000080002900] -> 0x1173
mem[X,0x0000000080002902] -> 0x3401
[799] [M]: 0x0000000080002900 (0x34011173) csrrw x2, mscratch, x2                   trap_Mhandler+0
CSR mscratch (0x340) <- 0x0000000000000000
x2 <- 0x0000000080005000

clint mtime 0x0000000000000190 (mip.MTI <- 0b1, mip.STI <- 0b0)
mem[X,0x0000000080002904] -> 0x3423
mem[X,0x0000000080002906] -> 0x28B1
[800] [M]: 0x0000000080002904 (0x28B13423) sd x11, 0x288(x2)                        trap_Mhandler+4
mem[W,0x0000000080005288] <- 0x00000000000000DF

mem[X,0x0000000080002908] -> 0x05EF
mem[X,0x000000008000290A] -> 0x0B80
[801] [M]: 0x0000000080002908 (0x0B8005EF) jal x11, 0xb8                            trap_Mhandler+8
x11 <- 0x000000008000290C

clint mtime 0x0000000000000191 (mip.MTI <- 0b1, mip.STI <- 0b0)
mem[X,0x00000000800029C0] -> 0x3023
mem[X,0x00000000800029C2] -> 0x28A1
[802] [M]: 0x00000000800029C0 (0x28A13023) sd x10, 0x280(x2)                        common_Mhandler+0
mem[W,0x0000000080005280] <- 0x00000000200000DF

mem[X,0x00000000800029C4] -> 0x1573
mem[X,0x00000000800029C6] -> 0x3401
[803] [M]: 0x00000000800029C4 (0x34011573) csrrw x10, mscratch, x2                  common_Mhandler+4
CSR mscratch (0x340) <- 0x0000000080005000
x10 <- 0x0000000000000000

clint mtime 0x0000000000000192 (mip.MTI <- 0b1, mip.STI <- 0b0)
mem[X,0x00000000800029C8] -> 0x3823
mem[X,0x00000000800029CA] -> 0x28A1
[804] [M]: 0x00000000800029C8 (0x28A13823) sd x10, 0x290(x2)                        common_Mhandler+8
mem[W,0x0000000080005290] <- 0x0000000000000000

mem[X,0x00000000800029CC] -> 0x3503
mem[X,0x00000000800029CE] -> 0x2301
[805] [M]: 0x00000000800029CC (0x23013503) ld x10, 0x230(x2)                        common_Mhandler+12
mem[R,0x0000000080005230] -> 0x00000000800029D4
x10 <- 0x00000000800029D4

clint mtime 0x0000000000000193 (mip.MTI <- 0b1, mip.STI <- 0b0)
mem[X,0x00000000800029D0] -> 0x0067
mem[X,0x00000000800029D2] -> 0x0005
[806] [M]: 0x00000000800029D0 (0x00050067) jalr x0, 0x0(x10)                        common_Mhandler+16

mem[X,0x00000000800029D4] -> 0x3C23
mem[X,0x00000000800029D6] -> 0x2691
[807] [M]: 0x00000000800029D4 (0x26913C23) sd x9, 0x278(x2)                         common_Mentry+0
mem[W,0x0000000080005278] <- 0x000003000000013C

clint mtime 0x0000000000000194 (mip.MTI <- 0b1, mip.STI <- 0b0)
mem[X,0x00000000800029D8] -> 0x3823
mem[X,0x00000000800029DA] -> 0x2681
[808] [M]: 0x00000000800029D8 (0x26813823) sd x8, 0x270(x2)                         common_Mentry+4
mem[W,0x0000000080005270] <- 0x0000000000007F76

mem[X,0x00000000800029DC] -> 0x3423
mem[X,0x00000000800029DE] -> 0x2671
[809] [M]: 0x00000000800029DC (0x26713423) sd x7, 0x268(x2)                         common_Mentry+8
mem[W,0x0000000080005268] <- 0x0000000080005000

clint mtime 0x0000000000000195 (mip.MTI <- 0b1, mip.STI <- 0b0)
mem[X,0x00000000800029E0] -> 0x3023
mem[X,0x00000000800029E2] -> 0x2661
[810] [M]: 0x00000000800029E0 (0x26613023) sd x6, 0x260(x2)                         common_Mentry+12
mem[W,0x0000000080005260] <- 0xFFFFFFFF7FFFF02C

mem[X,0x00000000800029E4] -> 0x2573
mem[X,0x00000000800029E6] -> 0x3420
[811] [M]: 0x00000000800029E4 (0x34202573) csrrs x10, mcause, x0                    spcl_M2mmode_test+0
CSR mcause (0x342) -> 0x0000000000000002
x10 <- 0x0000000000000002

clint mtime 0x0000000000000196 (mip.MTI <- 0b1, mip.STI <- 0b0)
mem[X,0x00000000800029E8] -> 0x04B7
mem[X,0x00000000800029EA] -> 0x8000
[812] [M]: 0x00000000800029E8 (0x800004B7) lui x9, -0x80000                         spcl_M2mmode_test+4
x9 <- 0xFFFFFFFF80000000

mem[X,0x00000000800029EC] -> 0x8493
mem[X,0x00000000800029EE] -> 0x0004
[813] [M]: 0x00000000800029EC (0x00048493) addi x9, x9, 0x0                         spcl_M2mmode_test+8
x9 <- 0xFFFFFFFF80000000

clint mtime 0x0000000000000197 (mip.MTI <- 0b1, mip.STI <- 0b0)
mem[X,0x00000000800029F0] -> 0x9493
mem[X,0x00000000800029F2] -> 0x00B4
[814] [M]: 0x00000000800029F0 (0x00B49493) slli x9, x9, 0xb                         spcl_M2mmode_test+12
x9 <- 0xFFFFFC0000000000

mem[X,0x00000000800029F4] -> 0x8493
mem[X,0x00000000800029F6] -> 0x0004
[815] [M]: 0x00000000800029F4 (0x00048493) addi x9, x9, 0x0                         spcl_M2mmode_test+16
x9 <- 0xFFFFFC0000000000

clint mtime 0x0000000000000198 (mip.MTI <- 0b1, mip.STI <- 0b0)
mem[X,0x00000000800029F8] -> 0x9493
mem[X,0x00000000800029FA] -> 0x00B4
[816] [M]: 0x00000000800029F8 (0x00B49493) slli x9, x9, 0xb                         spcl_M2mmode_test+20
x9 <- 0xFFE0000000000000

mem[X,0x00000000800029FC] -> 0x8493
mem[X,0x00000000800029FE] -> 0x0034
[817] [M]: 0x00000000800029FC (0x00348493) addi x9, x9, 0x3                         spcl_M2mmode_test+24
x9 <- 0xFFE0000000000003

clint mtime 0x0000000000000199 (mip.MTI <- 0b1, mip.STI <- 0b0)
mem[X,0x0000000080002A00] -> 0x9493
mem[X,0x0000000080002A02] -> 0x00A4
[818] [M]: 0x0000000080002A00 (0x00A49493) slli x9, x9, 0xa                         spcl_M2mmode_test+28
x9 <- 0x8000000000000C00

mem[X,0x0000000080002A04] -> 0x8493
mem[X,0x0000000080002A06] -> 0x3FC4
[819] [M]: 0x0000000080002A04 (0x3FC48493) addi x9, x9, 0x3fc                       spcl_M2mmode_test+32
x9 <- 0x8000000000000FFC

clint mtime 0x000000000000019A (mip.MTI <- 0b1, mip.STI <- 0b0)
mem[X,0x0000000080002A08] -> 0xF4B3
mem[X,0x0000000080002A0A] -> 0x00A4
[820] [M]: 0x0000000080002A08 (0x00A4F4B3) and x9, x9, x10                          spcl_M2mmode_test+36
x9 <- 0x0000000000000000

mem[X,0x0000000080002A0C] -> 0x8493
mem[X,0x0000000080002A0E] -> 0xFF84
[821] [M]: 0x0000000080002A0C (0xFF848493) addi x9, x9, -0x8                        spcl_M2mmode_test+40
x9 <- 0xFFFFFFFFFFFFFFF8

clint mtime 0x000000000000019B (mip.MTI <- 0b1, mip.STI <- 0b0)
mem[X,0x0000000080002A10] -> 0x9663
mem[X,0x0000000080002A12] -> 0x0004
[822] [M]: 0x0000000080002A10 (0x00049663) bne x9, x0, 0xc                          spcl_M2mmode_test+44

mem[X,0x0000000080002A1C] -> 0x0393
mem[X,0x0000000080002A1E] -> 0x0200
[823] [M]: 0x0000000080002A1C (0x02000393) addi x7, x0, 0x20                        Mtrapsig_ptr_upd+0
x7 <- 0x0000000000000020

clint mtime 0x000000000000019C (mip.MTI <- 0b1, mip.STI <- 0b0)
mem[X,0x0000000080002A20] -> 0x5263
mem[X,0x0000000080002A22] -> 0x0405
[824] [M]: 0x0000000080002A20 (0x04055263) bge x10, x0, 0x44                        Mtrapsig_ptr_upd+4

mem[X,0x0000000080002A64] -> 0x2373
mem[X,0x0000000080002A66] -> 0x3010
[825] [M]: 0x0000000080002A64 (0x30102373) csrrs x6, misa, x0                       Mxcpt_sig_sv+0
CSR misa (0x301) -> 0x800000000034112F
x6 <- 0x800000000034112F

clint mtime 0x000000000000019D (mip.MTI <- 0b1, mip.STI <- 0b0)
mem[X,0x0000000080002A68] -> 0x1313
mem[X,0x0000000080002A6A] -> 0x0383
[826] [M]: 0x0000000080002A68 (0x03831313) slli x6, x6, 0x38                        Mxcpt_sig_sv+4
x6 <- 0x2F00000000000000

mem[X,0x0000000080002A6C] -> 0x5463
mem[X,0x0000000080002A6E] -> 0x0003
[827] [M]: 0x0000000080002A6C (0x00035463) bge x6, x0, 0x8                          Mxcpt_sig_sv+8

clint mtime 0x000000000000019E (mip.MTI <- 0b1, mip.STI <- 0b0)
mem[X,0x0000000080002A74] -> 0x3303
mem[X,0x0000000080002A76] -> 0x2181
[828] [M]: 0x0000000080002A74 (0x21813303) ld x6, 0x218(x2)                         Mtrap_sig_sv+0
mem[R,0x0000000080005218] -> 0x000000008000A358
x6 <- 0x000000008000A358

mem[X,0x0000000080002A78] -> 0x04B3
mem[X,0x0000000080002A7A] -> 0x0073
[829] [M]: 0x0000000080002A78 (0x007304B3) add x9, x6, x7                           Mtrap_sig_sv+4
x9 <- 0x000000008000A378

clint mtime 0x000000000000019F (mip.MTI <- 0b1, mip.STI <- 0b0)
mem[X,0x0000000080002A7C] -> 0x3C23
mem[X,0x0000000080002A7E] -> 0x2091
[830] [M]: 0x0000000080002A7C (0x20913C23) sd x9, 0x218(x2)                         Mtrap_sig_sv+8
mem[W,0x0000000080005218] <- 0x000000008000A378

mem[X,0x0000000080002A80] -> 0x3403
mem[X,0x0000000080002A82] -> 0x1F81
[831] [M]: 0x0000000080002A80 (0x1F813403) ld x8, 0x1f8(x2)                         Mtrap_sig_sv+12
mem[R,0x00000000800051F8] -> 0x000000008000A110
x8 <- 0x000000008000A110

clint mtime 0x00000000000001A0 (mip.MTI <- 0b1, mip.STI <- 0b0)
mem[X,0x0000000080002A84] -> 0x0333
mem[X,0x0000000080002A86] -> 0x4083
[832] [M]: 0x0000000080002A84 (0x40830333) sub x6, x6, x8                           Mtrap_sig_sv+16
x6 <- 0x0000000000000248

mem[X,0x0000000080002A88] -> 0x3403
mem[X,0x0000000080002A8A] -> 0x1F81
[833] [M]: 0x0000000080002A88 (0x1F813403) ld x8, 0x1f8(x2)                         Mtrap_sig_sv+20
mem[R,0x00000000800051F8] -> 0x000000008000A110
x8 <- 0x000000008000A110

clint mtime 0x00000000000001A1 (mip.MTI <- 0b1, mip.STI <- 0b0)
mem[X,0x0000000080002A8C] -> 0x0333
mem[X,0x0000000080002A8E] -> 0x0083
[834] [M]: 0x0000000080002A8C (0x00830333) add x6, x6, x8                           Mtrap_sig_sv+24
x6 <- 0x000000008000A358

mem[X,0x0000000080002A90] -> 0x3403
mem[X,0x0000000080002A92] -> 0x2401
[835] [M]: 0x0000000080002A90 (0x24013403) ld x8, 0x240(x2)                         Mtrap_sig_sv+28
mem[R,0x0000000080005240] -> 0x0000000080002800
x8 <- 0x0000000080002800

clint mtime 0x00000000000001A2 (mip.MTI <- 0b1, mip.STI <- 0b0)
mem[X,0x0000000080002A94] -> 0x85B3
mem[X,0x0000000080002A96] -> 0x4085
[836] [M]: 0x0000000080002A94 (0x408585B3) sub x11, x11, x8                         sv_Mvect+0
x11 <- 0x000000000000010C

mem[X,0x0000000080002A98] -> 0x9593
mem[X,0x0000000080002A9A] -> 0x0045
[837] [M]: 0x0000000080002A98 (0x00459593) slli x11, x11, 0x4                       sv_Mvect+4
x11 <- 0x00000000000010C0

clint mtime 0x00000000000001A3 (mip.MTI <- 0b1, mip.STI <- 0b0)
mem[X,0x0000000080002A9C] -> 0xE5B3
mem[X,0x0000000080002A9E] -> 0x0075
[838] [M]: 0x0000000080002A9C (0x0075E5B3) or x11, x11, x7                          sv_Mvect+8
x11 <- 0x00000000000010E0

mem[X,0x0000000080002AA0] -> 0x8593
mem[X,0x0000000080002AA2] -> 0x0035
[839] [M]: 0x0000000080002AA0 (0x00358593) addi x11, x11, 0x3                       sv_Mvect+12
x11 <- 0x00000000000010E3

clint mtime 0x00000000000001A4 (mip.MTI <- 0b1, mip.STI <- 0b0)
mem[X,0x0000000080002AA4] -> 0x3023
mem[X,0x0000000080002AA6] -> 0x00B3
[840] [M]: 0x0000000080002AA4 (0x00B33023) sd x11, 0x0(x6)                          sv_Mvect+16
mem[W,0x000000008000A358] <- 0x00000000000010E3

mem[X,0x0000000080002AA8] -> 0x3423
mem[X,0x0000000080002AAA] -> 0x00A3
[841] [M]: 0x0000000080002AA8 (0x00A33423) sd x10, 0x8(x6)                          sv_Mcause+0
mem[W,0x000000008000A360] <- 0x0000000000000002

clint mtime 0x00000000000001A5 (mip.MTI <- 0b1, mip.STI <- 0b0)
mem[X,0x0000000080002AAC] -> 0x4663
mem[X,0x0000000080002AAE] -> 0x1A05
[842] [M]: 0x0000000080002AAC (0x1A054663) blt x10, x0, 0x1ac                       sv_Mcause+4

mem[X,0x0000000080002AB0] -> 0x25F3
mem[X,0x0000000080002AB2] -> 0x3000
[843] [M]: 0x0000000080002AB0 (0x300025F3) csrrs x11, mstatus, x0                   common_Mexcpt_handler+0
CSR mstatus (0x300) -> 0x0000000A00000000
x11 <- 0x0000000A00000000

clint mtime 0x00000000000001A6 (mip.MTI <- 0b1, mip.STI <- 0b0)
mem[X,0x0000000080002AB4] -> 0x9413
mem[X,0x0000000080002AB6] -> 0x02E5
[844] [M]: 0x0000000080002AB4 (0x02E59413) slli x8, x11, 0x2e                       common_Mexcpt_handler+4
x8 <- 0x0000000000000000

mem[X,0x0000000080002AB8] -> 0x5463
mem[X,0x0000000080002ABA] -> 0x0004
[845] [M]: 0x0000000080002AB8 (0x00045463) bge x8, x0, 0x8                          common_Mexcpt_handler+8

clint mtime 0x00000000000001A7 (mip.MTI <- 0b1, mip.STI <- 0b0)
mem[X,0x0000000080002AC0] -> 0xD493
mem[X,0x0000000080002AC2] -> 0x00B5
[846] [M]: 0x0000000080002AC0 (0x00B5D493) srli x9, x11, 0xb                        common_Mexcpt_handler+16
x9 <- 0x0000000001400000

mem[X,0x0000000080002AC4] -> 0xF493
mem[X,0x0000000080002AC6] -> 0x0034
[847] [M]: 0x0000000080002AC4 (0x0034F493) andi x9, x9, 0x3                         common_Mexcpt_handler+20
x9 <- 0x0000000000000000

clint mtime 0x00000000000001A8 (mip.MTI <- 0b1, mip.STI <- 0b0)
mem[X,0x0000000080002AC8] -> 0x8493
mem[X,0x0000000080002ACA] -> 0x0014
[848] [M]: 0x0000000080002AC8 (0x00148493) addi x9, x9, 0x1                         common_Mexcpt_handler+24
x9 <- 0x0000000000000001

mem[X,0x0000000080002ACC] -> 0xF493
mem[X,0x0000000080002ACE] -> 0x0044
[849] [M]: 0x0000000080002ACC (0x0044F493) andi x9, x9, 0x4                         common_Mexcpt_handler+28
x9 <- 0x0000000000000000

clint mtime 0x00000000000001A9 (mip.MTI <- 0b1, mip.STI <- 0b0)
mem[X,0x0000000080002AD0] -> 0x0593
mem[X,0x0000000080002AD2] -> 0x05D0
[850] [M]: 0x0000000080002AD0 (0x05D00593) addi x11, x0, 0x5d                       common_Mexcpt_handler+32
x11 <- 0x000000000000005D

mem[X,0x0000000080002AD4] -> 0xD5B3
mem[X,0x0000000080002AD6] -> 0x0095
[851] [M]: 0x0000000080002AD4 (0x0095D5B3) srl x11, x11, x9                         common_Mexcpt_handler+36
x11 <- 0x000000000000005D

clint mtime 0x00000000000001AA (mip.MTI <- 0b1, mip.STI <- 0b0)
mem[X,0x0000000080002AD8] -> 0xF593
mem[X,0x0000000080002ADA] -> 0x0015
[852] [M]: 0x0000000080002AD8 (0x0015F593) andi x11, x11, 0x1                       common_Mexcpt_handler+40
x11 <- 0x0000000000000001

mem[X,0x0000000080002ADC] -> 0x8EE3
mem[X,0x0000000080002ADE] -> 0xF405
[853] [M]: 0x0000000080002ADC (0xF4058EE3) beq x11, x0, -0xa4                       common_Mexcpt_handler+44

clint mtime 0x00000000000001AB (mip.MTI <- 0b1, mip.STI <- 0b0)
mem[X,0x0000000080002AE0] -> 0x0593
mem[X,0x0000000080002AE2] -> 0x2980
[854] [M]: 0x0000000080002AE0 (0x29800593) addi x11, x0, 0x298                      common_Mexcpt_handler+48
x11 <- 0x0000000000000298

mem[X,0x0000000080002AE4] -> 0xF413
mem[X,0x0000000080002AE6] -> 0x0014
[855] [M]: 0x0000000080002AE4 (0x0014F413) andi x8, x9, 0x1                         common_Mexcpt_handler+52
x8 <- 0x0000000000000000

clint mtime 0x00000000000001AC (mip.MTI <- 0b1, mip.STI <- 0b0)
mem[X,0x0000000080002AE8] -> 0x95B3
mem[X,0x0000000080002AEA] -> 0x0085
[856] [M]: 0x0000000080002AE8 (0x008595B3) sll x11, x11, x8                         common_Mexcpt_handler+56
x11 <- 0x0000000000000298

mem[X,0x0000000080002AEC] -> 0x9413
mem[X,0x0000000080002AEE] -> 0x03D4
[857] [M]: 0x0000000080002AEC (0x03D49413) slli x8, x9, 0x3d                        common_Mexcpt_handler+60
x8 <- 0x0000000000000000

clint mtime 0x00000000000001AD (mip.MTI <- 0b1, mip.STI <- 0b0)
mem[X,0x0000000080002AF0] -> 0x5413
mem[X,0x0000000080002AF2] -> 0x43F4
[858] [M]: 0x0000000080002AF0 (0x43F45413) srai x8, x8, 0x3f                        common_Mexcpt_handler+64
x8 <- 0x0000000000000000

mem[X,0x0000000080002AF4] -> 0x4413
mem[X,0x0000000080002AF6] -> 0xFFF4
[859] [M]: 0x0000000080002AF4 (0xFFF44413) xori x8, x8, -0x1                        common_Mexcpt_handler+68
x8 <- 0xFFFFFFFFFFFFFFFF

clint mtime 0x00000000000001AE (mip.MTI <- 0b1, mip.STI <- 0b0)
mem[X,0x0000000080002AF8] -> 0xF4B3
mem[X,0x0000000080002AFA] -> 0x0085
[860] [M]: 0x0000000080002AF8 (0x0085F4B3) and x9, x11, x8                          common_Mexcpt_handler+72
x9 <- 0x0000000000000298

mem[X,0x0000000080002AFC] -> 0x84B3
mem[X,0x0000000080002AFE] -> 0x0024
[861] [M]: 0x0000000080002AFC (0x002484B3) add x9, x9, x2                           vmem_adj_Mepc+0
x9 <- 0x0000000080005298

clint mtime 0x00000000000001AF (mip.MTI <- 0b1, mip.STI <- 0b0)
mem[X,0x0000000080002B00] -> 0x23F3
mem[X,0x0000000080002B02] -> 0x3410
[862] [M]: 0x0000000080002B00 (0x341023F3) csrrs x7, mepc, x0                       vmem_adj_Mepc+4
CSR mepc (0x341) -> 0x0000030080001118
x7 <- 0x0000030080001118

mem[X,0x0000000080002B04] -> 0x0413
mem[X,0x0000000080002B06] -> 0x0004
[863] [M]: 0x0000000080002B04 (0x00040413) addi x8, x8, 0x0                         vmem_adj_Mepc+8
x8 <- 0xFFFFFFFFFFFFFFFF

clint mtime 0x00000000000001B0 (mip.MTI <- 0b1, mip.STI <- 0b0)
mem[X,0x0000000080002B08] -> 0x006F
mem[X,0x0000000080002B0A] -> 0x0400
[864] [M]: 0x0000000080002B08 (0x0400006F) jal x0, 0x40                             vmem_adj_Mepc+12

mem[X,0x0000000080002B48] -> 0x8433
mem[X,0x0000000080002B4A] -> 0x4083
[865] [M]: 0x0000000080002B48 (0x40838433) sub x8, x7, x8                           adj_Mepc+0
x8 <- 0x0000030080001119

clint mtime 0x00000000000001B1 (mip.MTI <- 0b1, mip.STI <- 0b0)
mem[X,0x0000000080002B4C] -> 0x3823
mem[X,0x0000000080002B4E] -> 0x0083
[866] [M]: 0x0000000080002B4C (0x00833823) sd x8, 0x10(x6)                          sv_Mepc+0
mem[W,0x000000008000A368] <- 0x0000030080001119

mem[X,0x0000000080002B50] -> 0x55B7
mem[X,0x0000000080002B52] -> 0x0000
[867] [M]: 0x0000000080002B50 (0x000055B7) lui x11, 0x5                             sv_Mepc+4
x11 <- 0x0000000000005000

clint mtime 0x00000000000001B2 (mip.MTI <- 0b1, mip.STI <- 0b0)
mem[X,0x0000000080002B54] -> 0x8593
mem[X,0x0000000080002B56] -> 0x6675
[868] [M]: 0x0000000080002B54 (0x66758593) addi x11, x11, 0x667                     sv_Mepc+8
x11 <- 0x0000000000005667

mem[X,0x0000000080002B58] -> 0x9593
mem[X,0x0000000080002B5A] -> 0x0015
[869] [M]: 0x0000000080002B58 (0x00159593) slli x11, x11, 0x1                       sv_Mepc+12
x11 <- 0x000000000000ACCE

clint mtime 0x00000000000001B3 (mip.MTI <- 0b1, mip.STI <- 0b0)
mem[X,0x0000000080002B5C] -> 0x9063
mem[X,0x0000000080002B5E] -> 0x02B1
[870] [M]: 0x0000000080002B5C (0x02B19063) bne x3, x11, 0x20                        sv_Mepc+16

mem[X,0x0000000080002B60] -> 0x2473
mem[X,0x0000000080002B62] -> 0x3420
[871] [M]: 0x0000000080002B60 (0x34202473) csrrs x8, mcause, x0                     sv_Mepc+20
CSR mcause (0x342) -> 0x0000000000000002
x8 <- 0x0000000000000002

clint mtime 0x00000000000001B4 (mip.MTI <- 0b1, mip.STI <- 0b0)
mem[X,0x0000000080002B64] -> 0x0593
mem[X,0x0000000080002B66] -> 0x00C0
[872] [M]: 0x0000000080002B64 (0x00C00593) addi x11, x0, 0xc                        sv_Mepc+24
x11 <- 0x000000000000000C

mem[X,0x0000000080002B68] -> 0x0663
mem[X,0x0000000080002B6A] -> 0x00B4
[873] [M]: 0x0000000080002B68 (0x00B40663) beq x8, x11, 0xc                         sv_Mepc+28

clint mtime 0x00000000000001B5 (mip.MTI <- 0b1, mip.STI <- 0b0)
mem[X,0x0000000080002B6C] -> 0x0593
mem[X,0x0000000080002B6E] -> 0x0010
[874] [M]: 0x0000000080002B6C (0x00100593) addi x11, x0, 0x1                        sv_Mepc+32
x11 <- 0x0000000000000001

mem[X,0x0000000080002B70] -> 0x1663
mem[X,0x0000000080002B72] -> 0x00B4
[875] [M]: 0x0000000080002B70 (0x00B41663) bne x8, x11, 0xc                         sv_Mepc+36

clint mtime 0x00000000000001B6 (mip.MTI <- 0b1, mip.STI <- 0b0)
mem[X,0x0000000080002B7C] -> 0xF593
mem[X,0x0000000080002B7E] -> 0xFFC3
[876] [M]: 0x0000000080002B7C (0xFFC3F593) andi x11, x7, -0x4                       adj_Mepc_rtn+0
x11 <- 0x0000030080001118

mem[X,0x0000000080002B80] -> 0x8593
mem[X,0x0000000080002B82] -> 0x0085
[877] [M]: 0x0000000080002B80 (0x00858593) addi x11, x11, 0x8                       adj_Mepc_rtn+4
x11 <- 0x0000030080001120

clint mtime 0x00000000000001B7 (mip.MTI <- 0b1, mip.STI <- 0b0)
mem[X,0x0000000080002B84] -> 0x9073
mem[X,0x0000000080002B86] -> 0x3415
[878] [M]: 0x0000000080002B84 (0x34159073) csrrw x0, mepc, x11                      adj_Mepc_rtn+8
CSR mepc (0x341) <- 0x0000030080001120

mem[X,0x0000000080002B88] -> 0x23F3
mem[X,0x0000000080002B8A] -> 0x3430
[879] [M]: 0x0000000080002B88 (0x343023F3) csrrs x7, mtval, x0                      skp_adj_Mepc+0
CSR mtval (0x343) -> 0x00000000341494F3
x7 <- 0x00000000341494F3

clint mtime 0x00000000000001B8 (mip.MTI <- 0b1, mip.STI <- 0b0)
mem[X,0x0000000080002B8C] -> 0x0413
mem[X,0x0000000080002B8E] -> 0x0004
[880] [M]: 0x0000000080002B8C (0x00040413) addi x8, x8, 0x0                         skp_adj_Mepc+4
x8 <- 0x0000000000000002

mem[X,0x0000000080002B90] -> 0x006F
mem[X,0x0000000080002B92] -> 0x0840
[881] [M]: 0x0000000080002B90 (0x0840006F) jal x0, 0x84                             skp_adj_Mepc+8

clint mtime 0x00000000000001B9 (mip.MTI <- 0b1, mip.STI <- 0b0)
mem[X,0x0000000080002C14] -> 0x8433
mem[X,0x0000000080002C16] -> 0x4083
[882] [M]: 0x0000000080002C14 (0x40838433) sub x8, x7, x8                           adj_Mtval+0
x8 <- 0x00000000341494F1

mem[X,0x0000000080002C18] -> 0x3C23
mem[X,0x0000000080002C1A] -> 0x0083
[883] [M]: 0x0000000080002C18 (0x00833C23) sd x8, 0x18(x6)                          sv_Mtval+0
mem[W,0x000000008000A370] <- 0x00000000341494F1

clint mtime 0x00000000000001BA (mip.MTI <- 0b1, mip.STI <- 0b0)
mem[X,0x0000000080002C1C] -> 0x3483
mem[X,0x0000000080002C1E] -> 0x2181
[884] [M]: 0x0000000080002C1C (0x21813483) ld x9, 0x218(x2)                         skp_Mtval+0
mem[R,0x0000000080005218] -> 0x000000008000A378
x9 <- 0x000000008000A378

mem[X,0x0000000080002C20] -> 0x3383
mem[X,0x0000000080002C22] -> 0x1F81
[885] [M]: 0x0000000080002C20 (0x1F813383) ld x7, 0x1f8(x2)                         skp_Mtval+4
mem[R,0x00000000800051F8] -> 0x000000008000A110
x7 <- 0x000000008000A110

clint mtime 0x00000000000001BB (mip.MTI <- 0b1, mip.STI <- 0b0)
mem[X,0x0000000080002C24] -> 0x3303
mem[X,0x0000000080002C26] -> 0x2001
[886] [M]: 0x0000000080002C24 (0x20013303) ld x6, 0x200(x2)                         skp_Mtval+8
mem[R,0x0000000080005200] -> 0x0000000000000410
x6 <- 0x0000000000000410

mem[X,0x0000000080002C28] -> 0x0333
mem[X,0x0000000080002C2A] -> 0x0073
[887] [M]: 0x0000000080002C28 (0x00730333) add x6, x6, x7                           skp_Mtval+12
x6 <- 0x000000008000A520

clint mtime 0x00000000000001BC (mip.MTI <- 0b1, mip.STI <- 0b0)
mem[X,0x0000000080002C2C] -> 0x6AE3
mem[X,0x0000000080002C2E] -> 0xAC93
[888] [M]: 0x0000000080002C2C (0xAC936AE3) bltu x6, x9, -0x52c                      skp_Mtval+16

mem[X,0x0000000080002C30] -> 0x0393
mem[X,0x0000000080002C32] -> 0x2000
[889] [M]: 0x0000000080002C30 (0x20000393) addi x7, x0, 0x200                       skp_Mtval+20
x7 <- 0x0000000000000200

clint mtime 0x00000000000001BD (mip.MTI <- 0b1, mip.STI <- 0b0)
mem[X,0x0000000080002C34] -> 0x006F
mem[X,0x0000000080002C36] -> 0x0400
[890] [M]: 0x0000000080002C34 (0x0400006F) jal x0, 0x40                             skp_Mtval+24

mem[X,0x0000000080002C74] -> 0x0417
mem[X,0x0000000080002C76] -> 0x0000
[891] [M]: 0x0000000080002C74 (0x00000417) auipc x8, 0x0                            spcl_Mhandler+0
x8 <- 0x0000000080002C74

clint mtime 0x00000000000001BE (mip.MTI <- 0b1, mip.STI <- 0b0)
mem[X,0x0000000080002C78] -> 0x0413
mem[X,0x0000000080002C7A] -> 0x03C4
[892] [M]: 0x0000000080002C78 (0x03C40413) addi x8, x8, 0x3c                        spcl_Mhandler+4
x8 <- 0x0000000080002CB0

mem[X,0x0000000080002C7C] -> 0x0433
mem[X,0x0000000080002C7E] -> 0x0074
[893] [M]: 0x0000000080002C7C (0x00740433) add x8, x8, x7                           spcl_Mhandler+8
x8 <- 0x0000000080002EB0

clint mtime 0x00000000000001BF (mip.MTI <- 0b1, mip.STI <- 0b0)
mem[X,0x0000000080002C80] -> 0x1393
mem[X,0x0000000080002C82] -> 0x0035
[894] [M]: 0x0000000080002C80 (0x00351393) slli x7, x10, 0x3                        spcl_Mhandler+12
x7 <- 0x0000000000000010

mem[X,0x0000000080002C84] -> 0x0433
mem[X,0x0000000080002C86] -> 0x0074
[895] [M]: 0x0000000080002C84 (0x00740433) add x8, x8, x7                           spcl_Mhandler+16
x8 <- 0x0000000080002EC0

clint mtime 0x00000000000001C0 (mip.MTI <- 0b1, mip.STI <- 0b0)
mem[X,0x0000000080002C88] -> 0x7413
mem[X,0x0000000080002C8A] -> 0xFF84
[896] [M]: 0x0000000080002C88 (0xFF847413) andi x8, x8, -0x8                        spcl_Mhandler+20
x8 <- 0x0000000080002EC0

mem[X,0x0000000080002C8C] -> 0x3403
mem[X,0x0000000080002C8E] -> 0x0004
[897] [M]: 0x0000000080002C8C (0x00043403) ld x8, 0x0(x8)                           spcl_Mhandler+24
mem[R,0x0000000080002EC0] -> 0x0000000000000005
x8 <- 0x0000000000000005

clint mtime 0x00000000000001C1 (mip.MTI <- 0b1, mip.STI <- 0b0)
mem[X,0x0000000080002C90] -> 0x02E3
mem[X,0x0000000080002C92] -> 0xB004
[898] [M]: 0x0000000080002C90 (0xB00402E3) beq x8, x0, -0x4fc                       spcl_Mdispatch_hndling+0

mem[X,0x0000000080002C94] -> 0x1393
mem[X,0x0000000080002C96] -> 0x03F4
[899] [M]: 0x0000000080002C94 (0x03F41393) slli x7, x8, 0x3f                        spcl_Mdispatch_hndling+4
x7 <- 0x8000000000000000

clint mtime 0x00000000000001C2 (mip.MTI <- 0b1, mip.STI <- 0b0)
mem[X,0x0000000080002C98] -> 0xD863
mem[X,0x0000000080002C9A] -> 0x0003
[900] [M]: 0x0000000080002C98 (0x0003D863) bge x7, x0, 0x10                         spcl_Mdispatch_hndling+8

mem[X,0x0000000080002C9C] -> 0x5413
mem[X,0x0000000080002C9E] -> 0x0014
[901] [M]: 0x0000000080002C9C (0x00145413) srli x8, x8, 0x1                         spcl_Mdispatch_hndling+12
x8 <- 0x0000000000000002

clint mtime 0x00000000000001C3 (mip.MTI <- 0b1, mip.STI <- 0b0)
mem[X,0x0000000080002CA0] -> 0x0CE3
mem[X,0x0000000080002CA2] -> 0xF885
[902] [M]: 0x0000000080002CA0 (0xF8850CE3) beq x10, x8, -0x68                       spcl_Mdispatch_hndling+16

mem[X,0x0000000080002C38] -> 0x3303
mem[X,0x0000000080002C3A] -> 0x2601
[903] [M]: 0x0000000080002C38 (0x26013303) ld x6, 0x260(x2)                         resto_Mrtn+0
mem[R,0x0000000080005260] -> 0xFFFFFFFF7FFFF02C
x6 <- 0xFFFFFFFF7FFFF02C

clint mtime 0x00000000000001C4 (mip.MTI <- 0b1, mip.STI <- 0b0)
mem[X,0x0000000080002C3C] -> 0x3383
mem[X,0x0000000080002C3E] -> 0x2681
[904] [M]: 0x0000000080002C3C (0x26813383) ld x7, 0x268(x2)                         resto_Mrtn+4
mem[R,0x0000000080005268] -> 0x0000000080005000
x7 <- 0x0000000080005000

mem[X,0x0000000080002C40] -> 0x3403
mem[X,0x0000000080002C42] -> 0x2701
[905] [M]: 0x0000000080002C40 (0x27013403) ld x8, 0x270(x2)                         resto_Mrtn+8
mem[R,0x0000000080005270] -> 0x0000000000007F76
x8 <- 0x0000000000007F76

clint mtime 0x00000000000001C5 (mip.MTI <- 0b1, mip.STI <- 0b0)
mem[X,0x0000000080002C44] -> 0x3483
mem[X,0x0000000080002C46] -> 0x2781
[906] [M]: 0x0000000080002C44 (0x27813483) ld x9, 0x278(x2)                         resto_Mrtn+12
mem[R,0x0000000080005278] -> 0x000003000000013C
x9 <- 0x000003000000013C

mem[X,0x0000000080002C48] -> 0x3503
mem[X,0x0000000080002C4A] -> 0x2801
[907] [M]: 0x0000000080002C48 (0x28013503) ld x10, 0x280(x2)                        resto_Mrtn+16
mem[R,0x0000000080005280] -> 0x00000000200000DF
x10 <- 0x00000000200000DF

clint mtime 0x00000000000001C6 (mip.MTI <- 0b1, mip.STI <- 0b0)
mem[X,0x0000000080002C4C] -> 0x3583
mem[X,0x0000000080002C4E] -> 0x2881
[908] [M]: 0x0000000080002C4C (0x28813583) ld x11, 0x288(x2)                        resto_Mrtn+20
mem[R,0x0000000080005288] -> 0x00000000000000DF
x11 <- 0x00000000000000DF

mem[X,0x0000000080002C50] -> 0x3103
mem[X,0x0000000080002C52] -> 0x2901
[909] [M]: 0x0000000080002C50 (0x29013103) ld x2, 0x290(x2)                         resto_Mrtn+24
mem[R,0x0000000080005290] -> 0x0000000000000000
x2 <- 0x0000000000000000

clint mtime 0x00000000000001C7 (mip.MTI <- 0b1, mip.STI <- 0b0)
mem[X,0x0000000080002C54] -> 0x0073
mem[X,0x0000000080002C56] -> 0x3020
[910] [M]: 0x0000000080002C54 (0x30200073) mret                                     resto_Mrtn+28
CSR mstatus (0x300) <- 0x0000000A00000080
ret-ing from M to U

PTW: Start, vpn=0x30080001, access_type=X, privilege=Umem[R,0x0000000080009030] -> 0x00000000000000DB
PTW: Step, level=3, pte=0xDB, pte_addr=0x80009030
PTW: Success, final_ppn=0x80001, level=3mem[X,0x0000000080001120] -> 0x07B7
PTW: Start, vpn=0x30080001, access_type=X, privilege=Umem[R,0x0000000080009030] -> 0x00000000000000DB
PTW: Step, level=3, pte=0xDB, pte_addr=0x80009030
PTW: Success, final_ppn=0x80001, level=3mem[X,0x0000000080001122] -> 0x0000
[911] [U]: 0x0000030080001120 (0x000007B7) lui x15, 0x0                             va_rvtest_code_begin+1412
x15 <- 0x0000000000000000

clint mtime 0x00000000000001C8 (mip.MTI <- 0b1, mip.STI <- 0b0)
PTW: Start, vpn=0x30080001, access_type=X, privilege=Umem[R,0x0000000080009030] -> 0x00000000000000DB
PTW: Step, level=3, pte=0xDB, pte_addr=0x80009030
PTW: Success, final_ppn=0x80001, level=3mem[X,0x0000000080001124] -> 0x8793
PTW: Start, vpn=0x30080001, access_type=X, privilege=Umem[R,0x0000000080009030] -> 0x00000000000000DB
PTW: Step, level=3, pte=0xDB, pte_addr=0x80009030
PTW: Success, final_ppn=0x80001, level=3mem[X,0x0000000080001126] -> 0x2807
[912] [U]: 0x0000030080001124 (0x28078793) addi x15, x15, 0x280                     va_rvtest_code_begin+1416
x15 <- 0x0000000000000280

PTW: Start, vpn=0x30080001, access_type=X, privilege=Umem[R,0x0000000080009030] -> 0x00000000000000DB
PTW: Step, level=3, pte=0xDB, pte_addr=0x80009030
PTW: Success, final_ppn=0x80001, level=3mem[X,0x0000000080001128] -> 0x9793
PTW: Start, vpn=0x30080001, access_type=X, privilege=Umem[R,0x0000000080009030] -> 0x00000000000000DB
PTW: Step, level=3, pte=0xDB, pte_addr=0x80009030
PTW: Success, final_ppn=0x80001, level=3mem[X,0x000000008000112A] -> 0x00B7
[913] [U]: 0x0000030080001128 (0x00B79793) slli x15, x15, 0xb                       va_rvtest_code_begin+1420
x15 <- 0x0000000000140000

clint mtime 0x00000000000001C9 (mip.MTI <- 0b1, mip.STI <- 0b0)
PTW: Start, vpn=0x30080001, access_type=X, privilege=Umem[R,0x0000000080009030] -> 0x00000000000000DB
PTW: Step, level=3, pte=0xDB, pte_addr=0x80009030
PTW: Success, final_ppn=0x80001, level=3mem[X,0x000000008000112C] -> 0x8793
PTW: Start, vpn=0x30080001, access_type=X, privilege=Umem[R,0x0000000080009030] -> 0x00000000000000DB
PTW: Step, level=3, pte=0xDB, pte_addr=0x80009030
PTW: Success, final_ppn=0x80001, level=3mem[X,0x000000008000112E] -> 0x0007
[914] [U]: 0x000003008000112C (0x00078793) addi x15, x15, 0x0                       va_rvtest_code_begin+1424
x15 <- 0x0000000000140000

PTW: Start, vpn=0x30080001, access_type=X, privilege=Umem[R,0x0000000080009030] -> 0x00000000000000DB
PTW: Step, level=3, pte=0xDB, pte_addr=0x80009030
PTW: Success, final_ppn=0x80001, level=3mem[X,0x0000000080001130] -> 0x9793
PTW: Start, vpn=0x30080001, access_type=X, privilege=Umem[R,0x0000000080009030] -> 0x00000000000000DB
PTW: Step, level=3, pte=0xDB, pte_addr=0x80009030
PTW: Success, final_ppn=0x80001, level=3mem[X,0x0000000080001132] -> 0x00B7
[915] [U]: 0x0000030080001130 (0x00B79793) slli x15, x15, 0xb                       va_rvtest_code_begin+1428
x15 <- 0x00000000A0000000

clint mtime 0x00000000000001CA (mip.MTI <- 0b1, mip.STI <- 0b0)
PTW: Start, vpn=0x30080001, access_type=X, privilege=Umem[R,0x0000000080009030] -> 0x00000000000000DB
PTW: Step, level=3, pte=0xDB, pte_addr=0x80009030
PTW: Success, final_ppn=0x80001, level=3mem[X,0x0000000080001134] -> 0x8793
PTW: Start, vpn=0x30080001, access_type=X, privilege=Umem[R,0x0000000080009030] -> 0x00000000000000DB
PTW: Step, level=3, pte=0xDB, pte_addr=0x80009030
PTW: Success, final_ppn=0x80001, level=3mem[X,0x0000000080001136] -> 0x0017
[916] [U]: 0x0000030080001134 (0x00178793) addi x15, x15, 0x1                       va_rvtest_code_begin+1432
x15 <- 0x00000000A0000001

PTW: Start, vpn=0x30080001, access_type=X, privilege=Umem[R,0x0000000080009030] -> 0x00000000000000DB
PTW: Step, level=3, pte=0xDB, pte_addr=0x80009030
PTW: Success, final_ppn=0x80001, level=3mem[X,0x0000000080001138] -> 0x9793
PTW: Start, vpn=0x30080001, access_type=X, privilege=Umem[R,0x0000000080009030] -> 0x00000000000000DB
PTW: Step, level=3, pte=0xDB, pte_addr=0x80009030
PTW: Success, final_ppn=0x80001, level=3mem[X,0x000000008000113A] -> 0x00A7
[917] [U]: 0x0000030080001138 (0x00A79793) slli x15, x15, 0xa                       va_rvtest_code_begin+1436
x15 <- 0x0000028000000400

clint mtime 0x00000000000001CB (mip.MTI <- 0b1, mip.STI <- 0b0)
PTW: Start, vpn=0x30080001, access_type=X, privilege=Umem[R,0x0000000080009030] -> 0x00000000000000DB
PTW: Step, level=3, pte=0xDB, pte_addr=0x80009030
PTW: Success, final_ppn=0x80001, level=3mem[X,0x000000008000113C] -> 0x0613
PTW: Start, vpn=0x30080001, access_type=X, privilege=Umem[R,0x0000000080009030] -> 0x00000000000000DB
PTW: Step, level=3, pte=0xDB, pte_addr=0x80009030
PTW: Success, final_ppn=0x80001, level=3mem[X,0x000000008000113E] -> 0x0106
[918] [U]: 0x000003008000113C (0x01060613) addi x12, x12, 0x10                      va_rvtest_code_begin+1440
x12 <- 0x0000000000000020

PTW: Start, vpn=0x30080001, access_type=X, privilege=Umem[R,0x0000000080009030] -> 0x00000000000000DB
PTW: Step, level=3, pte=0xDB, pte_addr=0x80009030
PTW: Success, final_ppn=0x80001, level=3mem[X,0x0000000080001140] -> 0xAA23
PTW: Start, vpn=0x30080001, access_type=X, privilege=Umem[R,0x0000000080009030] -> 0x00000000000000DB
PTW: Step, level=3, pte=0xDB, pte_addr=0x80009030
PTW: Success, final_ppn=0x80001, level=3mem[X,0x0000000080001142] -> 0x00C7
[919] [U]: 0x0000030080001140 (0x00C7AA23) sw x12, 0x14(x15)                        va_rvtest_code_begin+1444
PTW: Start, vpn=0x28000000, access_type=W, privilege=Umem[R,0x0000000080009028] -> 0x0000000020002001
PTW: Step, level=3, pte=0x20002001, pte_addr=0x80009028
PTW: Start, vpn=0x28000000, access_type=W, privilege=Umem[R,0x0000000080008000] -> 0x00000000200000DF
PTW: Step, level=2, pte=0x200000DF, pte_addr=0x80008000
PTW: Success, final_ppn=0x80000, level=2trapping from U to M to handle store/amo-access-fault
handling exc#store/amo-access-fault at priv M with tval 0x0000028000000414
CSR mstatus (0x300) <- 0x0000000A00000000
CSR mcause (0x342) <- 0x0000000000000007
CSR mtval (0x343) <- 0x0000028000000414
CSR mepc (0x341) <- 0x0000030080001140

clint mtime 0x00000000000001CC (mip.MTI <- 0b1, mip.STI <- 0b0)
mem[X,0x0000000080002800] -> 0x006F
mem[X,0x0000000080002802] -> 0x1000
[920] [M]: 0x0000000080002800 (0x1000006F) jal x0, 0x100                            Mtrampoline+0

mem[X,0x0000000080002900] -> 0x1173
mem[X,0x0000000080002902] -> 0x3401
[921] [M]: 0x0000000080002900 (0x34011173) csrrw x2, mscratch, x2                   trap_Mhandler+0
CSR mscratch (0x340) <- 0x0000000000000000
x2 <- 0x0000000080005000

clint mtime 0x00000000000001CD (mip.MTI <- 0b1, mip.STI <- 0b0)
mem[X,0x0000000080002904] -> 0x3423
mem[X,0x0000000080002906] -> 0x28B1
[922] [M]: 0x0000000080002904 (0x28B13423) sd x11, 0x288(x2)                        trap_Mhandler+4
mem[W,0x0000000080005288] <- 0x00000000000000DF

mem[X,0x0000000080002908] -> 0x05EF
mem[X,0x000000008000290A] -> 0x0B80
[923] [M]: 0x0000000080002908 (0x0B8005EF) jal x11, 0xb8                            trap_Mhandler+8
x11 <- 0x000000008000290C

clint mtime 0x00000000000001CE (mip.MTI <- 0b1, mip.STI <- 0b0)
mem[X,0x00000000800029C0] -> 0x3023
mem[X,0x00000000800029C2] -> 0x28A1
[924] [M]: 0x00000000800029C0 (0x28A13023) sd x10, 0x280(x2)                        common_Mhandler+0
mem[W,0x0000000080005280] <- 0x00000000200000DF

mem[X,0x00000000800029C4] -> 0x1573
mem[X,0x00000000800029C6] -> 0x3401
[925] [M]: 0x00000000800029C4 (0x34011573) csrrw x10, mscratch, x2                  common_Mhandler+4
CSR mscratch (0x340) <- 0x0000000080005000
x10 <- 0x0000000000000000

clint mtime 0x00000000000001CF (mip.MTI <- 0b1, mip.STI <- 0b0)
mem[X,0x00000000800029C8] -> 0x3823
mem[X,0x00000000800029CA] -> 0x28A1
[926] [M]: 0x00000000800029C8 (0x28A13823) sd x10, 0x290(x2)                        common_Mhandler+8
mem[W,0x0000000080005290] <- 0x0000000000000000

mem[X,0x00000000800029CC] -> 0x3503
mem[X,0x00000000800029CE] -> 0x2301
[927] [M]: 0x00000000800029CC (0x23013503) ld x10, 0x230(x2)                        common_Mhandler+12
mem[R,0x0000000080005230] -> 0x00000000800029D4
x10 <- 0x00000000800029D4

clint mtime 0x00000000000001D0 (mip.MTI <- 0b1, mip.STI <- 0b0)
mem[X,0x00000000800029D0] -> 0x0067
mem[X,0x00000000800029D2] -> 0x0005
[928] [M]: 0x00000000800029D0 (0x00050067) jalr x0, 0x0(x10)                        common_Mhandler+16

mem[X,0x00000000800029D4] -> 0x3C23
mem[X,0x00000000800029D6] -> 0x2691
[929] [M]: 0x00000000800029D4 (0x26913C23) sd x9, 0x278(x2)                         common_Mentry+0
mem[W,0x0000000080005278] <- 0x000003000000013C

clint mtime 0x00000000000001D1 (mip.MTI <- 0b1, mip.STI <- 0b0)
mem[X,0x00000000800029D8] -> 0x3823
mem[X,0x00000000800029DA] -> 0x2681
[930] [M]: 0x00000000800029D8 (0x26813823) sd x8, 0x270(x2)                         common_Mentry+4
mem[W,0x0000000080005270] <- 0x0000000000007F76

mem[X,0x00000000800029DC] -> 0x3423
mem[X,0x00000000800029DE] -> 0x2671
[931] [M]: 0x00000000800029DC (0x26713423) sd x7, 0x268(x2)                         common_Mentry+8
mem[W,0x0000000080005268] <- 0x0000000080005000

clint mtime 0x00000000000001D2 (mip.MTI <- 0b1, mip.STI <- 0b0)
mem[X,0x00000000800029E0] -> 0x3023
mem[X,0x00000000800029E2] -> 0x2661
[932] [M]: 0x00000000800029E0 (0x26613023) sd x6, 0x260(x2)                         common_Mentry+12
mem[W,0x0000000080005260] <- 0xFFFFFFFF7FFFF02C

mem[X,0x00000000800029E4] -> 0x2573
mem[X,0x00000000800029E6] -> 0x3420
[933] [M]: 0x00000000800029E4 (0x34202573) csrrs x10, mcause, x0                    spcl_M2mmode_test+0
CSR mcause (0x342) -> 0x0000000000000007
x10 <- 0x0000000000000007

clint mtime 0x00000000000001D3 (mip.MTI <- 0b1, mip.STI <- 0b0)
mem[X,0x00000000800029E8] -> 0x04B7
mem[X,0x00000000800029EA] -> 0x8000
[934] [M]: 0x00000000800029E8 (0x800004B7) lui x9, -0x80000                         spcl_M2mmode_test+4
x9 <- 0xFFFFFFFF80000000

mem[X,0x00000000800029EC] -> 0x8493
mem[X,0x00000000800029EE] -> 0x0004
[935] [M]: 0x00000000800029EC (0x00048493) addi x9, x9, 0x0                         spcl_M2mmode_test+8
x9 <- 0xFFFFFFFF80000000

clint mtime 0x00000000000001D4 (mip.MTI <- 0b1, mip.STI <- 0b0)
mem[X,0x00000000800029F0] -> 0x9493
mem[X,0x00000000800029F2] -> 0x00B4
[936] [M]: 0x00000000800029F0 (0x00B49493) slli x9, x9, 0xb                         spcl_M2mmode_test+12
x9 <- 0xFFFFFC0000000000

mem[X,0x00000000800029F4] -> 0x8493
mem[X,0x00000000800029F6] -> 0x0004
[937] [M]: 0x00000000800029F4 (0x00048493) addi x9, x9, 0x0                         spcl_M2mmode_test+16
x9 <- 0xFFFFFC0000000000

clint mtime 0x00000000000001D5 (mip.MTI <- 0b1, mip.STI <- 0b0)
mem[X,0x00000000800029F8] -> 0x9493
mem[X,0x00000000800029FA] -> 0x00B4
[938] [M]: 0x00000000800029F8 (0x00B49493) slli x9, x9, 0xb                         spcl_M2mmode_test+20
x9 <- 0xFFE0000000000000

mem[X,0x00000000800029FC] -> 0x8493
mem[X,0x00000000800029FE] -> 0x0034
[939] [M]: 0x00000000800029FC (0x00348493) addi x9, x9, 0x3                         spcl_M2mmode_test+24
x9 <- 0xFFE0000000000003

clint mtime 0x00000000000001D6 (mip.MTI <- 0b1, mip.STI <- 0b0)
mem[X,0x0000000080002A00] -> 0x9493
mem[X,0x0000000080002A02] -> 0x00A4
[940] [M]: 0x0000000080002A00 (0x00A49493) slli x9, x9, 0xa                         spcl_M2mmode_test+28
x9 <- 0x8000000000000C00

mem[X,0x0000000080002A04] -> 0x8493
mem[X,0x0000000080002A06] -> 0x3FC4
[941] [M]: 0x0000000080002A04 (0x3FC48493) addi x9, x9, 0x3fc                       spcl_M2mmode_test+32
x9 <- 0x8000000000000FFC

clint mtime 0x00000000000001D7 (mip.MTI <- 0b1, mip.STI <- 0b0)
mem[X,0x0000000080002A08] -> 0xF4B3
mem[X,0x0000000080002A0A] -> 0x00A4
[942] [M]: 0x0000000080002A08 (0x00A4F4B3) and x9, x9, x10                          spcl_M2mmode_test+36
x9 <- 0x0000000000000004

mem[X,0x0000000080002A0C] -> 0x8493
mem[X,0x0000000080002A0E] -> 0xFF84
[943] [M]: 0x0000000080002A0C (0xFF848493) addi x9, x9, -0x8                        spcl_M2mmode_test+40
x9 <- 0xFFFFFFFFFFFFFFFC

clint mtime 0x00000000000001D8 (mip.MTI <- 0b1, mip.STI <- 0b0)
mem[X,0x0000000080002A10] -> 0x9663
mem[X,0x0000000080002A12] -> 0x0004
[944] [M]: 0x0000000080002A10 (0x00049663) bne x9, x0, 0xc                          spcl_M2mmode_test+44

mem[X,0x0000000080002A1C] -> 0x0393
mem[X,0x0000000080002A1E] -> 0x0200
[945] [M]: 0x0000000080002A1C (0x02000393) addi x7, x0, 0x20                        Mtrapsig_ptr_upd+0
x7 <- 0x0000000000000020

clint mtime 0x00000000000001D9 (mip.MTI <- 0b1, mip.STI <- 0b0)
mem[X,0x0000000080002A20] -> 0x5263
mem[X,0x0000000080002A22] -> 0x0405
[946] [M]: 0x0000000080002A20 (0x04055263) bge x10, x0, 0x44                        Mtrapsig_ptr_upd+4

mem[X,0x0000000080002A64] -> 0x2373
mem[X,0x0000000080002A66] -> 0x3010
[947] [M]: 0x0000000080002A64 (0x30102373) csrrs x6, misa, x0                       Mxcpt_sig_sv+0
CSR misa (0x301) -> 0x800000000034112F
x6 <- 0x800000000034112F

clint mtime 0x00000000000001DA (mip.MTI <- 0b1, mip.STI <- 0b0)
mem[X,0x0000000080002A68] -> 0x1313
mem[X,0x0000000080002A6A] -> 0x0383
[948] [M]: 0x0000000080002A68 (0x03831313) slli x6, x6, 0x38                        Mxcpt_sig_sv+4
x6 <- 0x2F00000000000000

mem[X,0x0000000080002A6C] -> 0x5463
mem[X,0x0000000080002A6E] -> 0x0003
[949] [M]: 0x0000000080002A6C (0x00035463) bge x6, x0, 0x8                          Mxcpt_sig_sv+8

clint mtime 0x00000000000001DB (mip.MTI <- 0b1, mip.STI <- 0b0)
mem[X,0x0000000080002A74] -> 0x3303
mem[X,0x0000000080002A76] -> 0x2181
[950] [M]: 0x0000000080002A74 (0x21813303) ld x6, 0x218(x2)                         Mtrap_sig_sv+0
mem[R,0x0000000080005218] -> 0x000000008000A378
x6 <- 0x000000008000A378

mem[X,0x0000000080002A78] -> 0x04B3
mem[X,0x0000000080002A7A] -> 0x0073
[951] [M]: 0x0000000080002A78 (0x007304B3) add x9, x6, x7                           Mtrap_sig_sv+4
x9 <- 0x000000008000A398

clint mtime 0x00000000000001DC (mip.MTI <- 0b1, mip.STI <- 0b0)
mem[X,0x0000000080002A7C] -> 0x3C23
mem[X,0x0000000080002A7E] -> 0x2091
[952] [M]: 0x0000000080002A7C (0x20913C23) sd x9, 0x218(x2)                         Mtrap_sig_sv+8
mem[W,0x0000000080005218] <- 0x000000008000A398

mem[X,0x0000000080002A80] -> 0x3403
mem[X,0x0000000080002A82] -> 0x1F81
[953] [M]: 0x0000000080002A80 (0x1F813403) ld x8, 0x1f8(x2)                         Mtrap_sig_sv+12
mem[R,0x00000000800051F8] -> 0x000000008000A110
x8 <- 0x000000008000A110

clint mtime 0x00000000000001DD (mip.MTI <- 0b1, mip.STI <- 0b0)
mem[X,0x0000000080002A84] -> 0x0333
mem[X,0x0000000080002A86] -> 0x4083
[954] [M]: 0x0000000080002A84 (0x40830333) sub x6, x6, x8                           Mtrap_sig_sv+16
x6 <- 0x0000000000000268

mem[X,0x0000000080002A88] -> 0x3403
mem[X,0x0000000080002A8A] -> 0x1F81
[955] [M]: 0x0000000080002A88 (0x1F813403) ld x8, 0x1f8(x2)                         Mtrap_sig_sv+20
mem[R,0x00000000800051F8] -> 0x000000008000A110
x8 <- 0x000000008000A110

clint mtime 0x00000000000001DE (mip.MTI <- 0b1, mip.STI <- 0b0)
mem[X,0x0000000080002A8C] -> 0x0333
mem[X,0x0000000080002A8E] -> 0x0083
[956] [M]: 0x0000000080002A8C (0x00830333) add x6, x6, x8                           Mtrap_sig_sv+24
x6 <- 0x000000008000A378

mem[X,0x0000000080002A90] -> 0x3403
mem[X,0x0000000080002A92] -> 0x2401
[957] [M]: 0x0000000080002A90 (0x24013403) ld x8, 0x240(x2)                         Mtrap_sig_sv+28
mem[R,0x0000000080005240] -> 0x0000000080002800
x8 <- 0x0000000080002800

clint mtime 0x00000000000001DF (mip.MTI <- 0b1, mip.STI <- 0b0)
mem[X,0x0000000080002A94] -> 0x85B3
mem[X,0x0000000080002A96] -> 0x4085
[958] [M]: 0x0000000080002A94 (0x408585B3) sub x11, x11, x8                         sv_Mvect+0
x11 <- 0x000000000000010C

mem[X,0x0000000080002A98] -> 0x9593
mem[X,0x0000000080002A9A] -> 0x0045
[959] [M]: 0x0000000080002A98 (0x00459593) slli x11, x11, 0x4                       sv_Mvect+4
x11 <- 0x00000000000010C0

clint mtime 0x00000000000001E0 (mip.MTI <- 0b1, mip.STI <- 0b0)
mem[X,0x0000000080002A9C] -> 0xE5B3
mem[X,0x0000000080002A9E] -> 0x0075
[960] [M]: 0x0000000080002A9C (0x0075E5B3) or x11, x11, x7                          sv_Mvect+8
x11 <- 0x00000000000010E0

mem[X,0x0000000080002AA0] -> 0x8593
mem[X,0x0000000080002AA2] -> 0x0035
[961] [M]: 0x0000000080002AA0 (0x00358593) addi x11, x11, 0x3                       sv_Mvect+12
x11 <- 0x00000000000010E3

clint mtime 0x00000000000001E1 (mip.MTI <- 0b1, mip.STI <- 0b0)
mem[X,0x0000000080002AA4] -> 0x3023
mem[X,0x0000000080002AA6] -> 0x00B3
[962] [M]: 0x0000000080002AA4 (0x00B33023) sd x11, 0x0(x6)                          sv_Mvect+16
mem[W,0x000000008000A378] <- 0x00000000000010E3

mem[X,0x0000000080002AA8] -> 0x3423
mem[X,0x0000000080002AAA] -> 0x00A3
[963] [M]: 0x0000000080002AA8 (0x00A33423) sd x10, 0x8(x6)                          sv_Mcause+0
mem[W,0x000000008000A380] <- 0x0000000000000007

clint mtime 0x00000000000001E2 (mip.MTI <- 0b1, mip.STI <- 0b0)
mem[X,0x0000000080002AAC] -> 0x4663
mem[X,0x0000000080002AAE] -> 0x1A05
[964] [M]: 0x0000000080002AAC (0x1A054663) blt x10, x0, 0x1ac                       sv_Mcause+4

mem[X,0x0000000080002AB0] -> 0x25F3
mem[X,0x0000000080002AB2] -> 0x3000
[965] [M]: 0x0000000080002AB0 (0x300025F3) csrrs x11, mstatus, x0                   common_Mexcpt_handler+0
CSR mstatus (0x300) -> 0x0000000A00000000
x11 <- 0x0000000A00000000

clint mtime 0x00000000000001E3 (mip.MTI <- 0b1, mip.STI <- 0b0)
mem[X,0x0000000080002AB4] -> 0x9413
mem[X,0x0000000080002AB6] -> 0x02E5
[966] [M]: 0x0000000080002AB4 (0x02E59413) slli x8, x11, 0x2e                       common_Mexcpt_handler+4
x8 <- 0x0000000000000000

mem[X,0x0000000080002AB8] -> 0x5463
mem[X,0x0000000080002ABA] -> 0x0004
[967] [M]: 0x0000000080002AB8 (0x00045463) bge x8, x0, 0x8                          common_Mexcpt_handler+8

clint mtime 0x00000000000001E4 (mip.MTI <- 0b1, mip.STI <- 0b0)
mem[X,0x0000000080002AC0] -> 0xD493
mem[X,0x0000000080002AC2] -> 0x00B5
[968] [M]: 0x0000000080002AC0 (0x00B5D493) srli x9, x11, 0xb                        common_Mexcpt_handler+16
x9 <- 0x0000000001400000

mem[X,0x0000000080002AC4] -> 0xF493
mem[X,0x0000000080002AC6] -> 0x0034
[969] [M]: 0x0000000080002AC4 (0x0034F493) andi x9, x9, 0x3                         common_Mexcpt_handler+20
x9 <- 0x0000000000000000

clint mtime 0x00000000000001E5 (mip.MTI <- 0b1, mip.STI <- 0b0)
mem[X,0x0000000080002AC8] -> 0x8493
mem[X,0x0000000080002ACA] -> 0x0014
[970] [M]: 0x0000000080002AC8 (0x00148493) addi x9, x9, 0x1                         common_Mexcpt_handler+24
x9 <- 0x0000000000000001

mem[X,0x0000000080002ACC] -> 0xF493
mem[X,0x0000000080002ACE] -> 0x0044
[971] [M]: 0x0000000080002ACC (0x0044F493) andi x9, x9, 0x4                         common_Mexcpt_handler+28
x9 <- 0x0000000000000000

clint mtime 0x00000000000001E6 (mip.MTI <- 0b1, mip.STI <- 0b0)
mem[X,0x0000000080002AD0] -> 0x0593
mem[X,0x0000000080002AD2] -> 0x05D0
[972] [M]: 0x0000000080002AD0 (0x05D00593) addi x11, x0, 0x5d                       common_Mexcpt_handler+32
x11 <- 0x000000000000005D

mem[X,0x0000000080002AD4] -> 0xD5B3
mem[X,0x0000000080002AD6] -> 0x0095
[973] [M]: 0x0000000080002AD4 (0x0095D5B3) srl x11, x11, x9                         common_Mexcpt_handler+36
x11 <- 0x000000000000005D

clint mtime 0x00000000000001E7 (mip.MTI <- 0b1, mip.STI <- 0b0)
mem[X,0x0000000080002AD8] -> 0xF593
mem[X,0x0000000080002ADA] -> 0x0015
[974] [M]: 0x0000000080002AD8 (0x0015F593) andi x11, x11, 0x1                       common_Mexcpt_handler+40
x11 <- 0x0000000000000001

mem[X,0x0000000080002ADC] -> 0x8EE3
mem[X,0x0000000080002ADE] -> 0xF405
[975] [M]: 0x0000000080002ADC (0xF4058EE3) beq x11, x0, -0xa4                       common_Mexcpt_handler+44

clint mtime 0x00000000000001E8 (mip.MTI <- 0b1, mip.STI <- 0b0)
mem[X,0x0000000080002AE0] -> 0x0593
mem[X,0x0000000080002AE2] -> 0x2980
[976] [M]: 0x0000000080002AE0 (0x29800593) addi x11, x0, 0x298                      common_Mexcpt_handler+48
x11 <- 0x0000000000000298

mem[X,0x0000000080002AE4] -> 0xF413
mem[X,0x0000000080002AE6] -> 0x0014
[977] [M]: 0x0000000080002AE4 (0x0014F413) andi x8, x9, 0x1                         common_Mexcpt_handler+52
x8 <- 0x0000000000000000

clint mtime 0x00000000000001E9 (mip.MTI <- 0b1, mip.STI <- 0b0)
mem[X,0x0000000080002AE8] -> 0x95B3
mem[X,0x0000000080002AEA] -> 0x0085
[978] [M]: 0x0000000080002AE8 (0x008595B3) sll x11, x11, x8                         common_Mexcpt_handler+56
x11 <- 0x0000000000000298

mem[X,0x0000000080002AEC] -> 0x9413
mem[X,0x0000000080002AEE] -> 0x03D4
[979] [M]: 0x0000000080002AEC (0x03D49413) slli x8, x9, 0x3d                        common_Mexcpt_handler+60
x8 <- 0x0000000000000000

clint mtime 0x00000000000001EA (mip.MTI <- 0b1, mip.STI <- 0b0)
mem[X,0x0000000080002AF0] -> 0x5413
mem[X,0x0000000080002AF2] -> 0x43F4
[980] [M]: 0x0000000080002AF0 (0x43F45413) srai x8, x8, 0x3f                        common_Mexcpt_handler+64
x8 <- 0x0000000000000000

mem[X,0x0000000080002AF4] -> 0x4413
mem[X,0x0000000080002AF6] -> 0xFFF4
[981] [M]: 0x0000000080002AF4 (0xFFF44413) xori x8, x8, -0x1                        common_Mexcpt_handler+68
x8 <- 0xFFFFFFFFFFFFFFFF

clint mtime 0x00000000000001EB (mip.MTI <- 0b1, mip.STI <- 0b0)
mem[X,0x0000000080002AF8] -> 0xF4B3
mem[X,0x0000000080002AFA] -> 0x0085
[982] [M]: 0x0000000080002AF8 (0x0085F4B3) and x9, x11, x8                          common_Mexcpt_handler+72
x9 <- 0x0000000000000298

mem[X,0x0000000080002AFC] -> 0x84B3
mem[X,0x0000000080002AFE] -> 0x0024
[983] [M]: 0x0000000080002AFC (0x002484B3) add x9, x9, x2                           vmem_adj_Mepc+0
x9 <- 0x0000000080005298

clint mtime 0x00000000000001EC (mip.MTI <- 0b1, mip.STI <- 0b0)
mem[X,0x0000000080002B00] -> 0x23F3
mem[X,0x0000000080002B02] -> 0x3410
[984] [M]: 0x0000000080002B00 (0x341023F3) csrrs x7, mepc, x0                       vmem_adj_Mepc+4
CSR mepc (0x341) -> 0x0000030080001140
x7 <- 0x0000030080001140

mem[X,0x0000000080002B04] -> 0x0413
mem[X,0x0000000080002B06] -> 0x0004
[985] [M]: 0x0000000080002B04 (0x00040413) addi x8, x8, 0x0                         vmem_adj_Mepc+8
x8 <- 0xFFFFFFFFFFFFFFFF

clint mtime 0x00000000000001ED (mip.MTI <- 0b1, mip.STI <- 0b0)
mem[X,0x0000000080002B08] -> 0x006F
mem[X,0x0000000080002B0A] -> 0x0400
[986] [M]: 0x0000000080002B08 (0x0400006F) jal x0, 0x40                             vmem_adj_Mepc+12

mem[X,0x0000000080002B48] -> 0x8433
mem[X,0x0000000080002B4A] -> 0x4083
[987] [M]: 0x0000000080002B48 (0x40838433) sub x8, x7, x8                           adj_Mepc+0
x8 <- 0x0000030080001141

clint mtime 0x00000000000001EE (mip.MTI <- 0b1, mip.STI <- 0b0)
mem[X,0x0000000080002B4C] -> 0x3823
mem[X,0x0000000080002B4E] -> 0x0083
[988] [M]: 0x0000000080002B4C (0x00833823) sd x8, 0x10(x6)                          sv_Mepc+0
mem[W,0x000000008000A388] <- 0x0000030080001141

mem[X,0x0000000080002B50] -> 0x55B7
mem[X,0x0000000080002B52] -> 0x0000
[989] [M]: 0x0000000080002B50 (0x000055B7) lui x11, 0x5                             sv_Mepc+4
x11 <- 0x0000000000005000

clint mtime 0x00000000000001EF (mip.MTI <- 0b1, mip.STI <- 0b0)
mem[X,0x0000000080002B54] -> 0x8593
mem[X,0x0000000080002B56] -> 0x6675
[990] [M]: 0x0000000080002B54 (0x66758593) addi x11, x11, 0x667                     sv_Mepc+8
x11 <- 0x0000000000005667

mem[X,0x0000000080002B58] -> 0x9593
mem[X,0x0000000080002B5A] -> 0x0015
[991] [M]: 0x0000000080002B58 (0x00159593) slli x11, x11, 0x1                       sv_Mepc+12
x11 <- 0x000000000000ACCE

clint mtime 0x00000000000001F0 (mip.MTI <- 0b1, mip.STI <- 0b0)
mem[X,0x0000000080002B5C] -> 0x9063
mem[X,0x0000000080002B5E] -> 0x02B1
[992] [M]: 0x0000000080002B5C (0x02B19063) bne x3, x11, 0x20                        sv_Mepc+16

mem[X,0x0000000080002B60] -> 0x2473
mem[X,0x0000000080002B62] -> 0x3420
[993] [M]: 0x0000000080002B60 (0x34202473) csrrs x8, mcause, x0                     sv_Mepc+20
CSR mcause (0x342) -> 0x0000000000000007
x8 <- 0x0000000000000007

clint mtime 0x00000000000001F1 (mip.MTI <- 0b1, mip.STI <- 0b0)
mem[X,0x0000000080002B64] -> 0x0593
mem[X,0x0000000080002B66] -> 0x00C0
[994] [M]: 0x0000000080002B64 (0x00C00593) addi x11, x0, 0xc                        sv_Mepc+24
x11 <- 0x000000000000000C

mem[X,0x0000000080002B68] -> 0x0663
mem[X,0x0000000080002B6A] -> 0x00B4
[995] [M]: 0x0000000080002B68 (0x00B40663) beq x8, x11, 0xc                         sv_Mepc+28

clint mtime 0x00000000000001F2 (mip.MTI <- 0b1, mip.STI <- 0b0)
mem[X,0x0000000080002B6C] -> 0x0593
mem[X,0x0000000080002B6E] -> 0x0010
[996] [M]: 0x0000000080002B6C (0x00100593) addi x11, x0, 0x1                        sv_Mepc+32
x11 <- 0x0000000000000001

mem[X,0x0000000080002B70] -> 0x1663
mem[X,0x0000000080002B72] -> 0x00B4
[997] [M]: 0x0000000080002B70 (0x00B41663) bne x8, x11, 0xc                         sv_Mepc+36

clint mtime 0x00000000000001F3 (mip.MTI <- 0b1, mip.STI <- 0b0)
mem[X,0x0000000080002B7C] -> 0xF593
mem[X,0x0000000080002B7E] -> 0xFFC3
[998] [M]: 0x0000000080002B7C (0xFFC3F593) andi x11, x7, -0x4                       adj_Mepc_rtn+0
x11 <- 0x0000030080001140

mem[X,0x0000000080002B80] -> 0x8593
mem[X,0x0000000080002B82] -> 0x0085
[999] [M]: 0x0000000080002B80 (0x00858593) addi x11, x11, 0x8                       adj_Mepc_rtn+4
x11 <- 0x0000030080001148

clint mtime 0x00000000000001F4 (mip.MTI <- 0b1, mip.STI <- 0b0)
mem[X,0x0000000080002B84] -> 0x9073
mem[X,0x0000000080002B86] -> 0x3415
[1000] [M]: 0x0000000080002B84 (0x34159073) csrrw x0, mepc, x11                     adj_Mepc_rtn+8
CSR mepc (0x341) <- 0x0000030080001148

mem[X,0x0000000080002B88] -> 0x23F3
mem[X,0x0000000080002B8A] -> 0x3430
[1001] [M]: 0x0000000080002B88 (0x343023F3) csrrs x7, mtval, x0                     skp_adj_Mepc+0
CSR mtval (0x343) -> 0x0000028000000414
x7 <- 0x0000028000000414

clint mtime 0x00000000000001F5 (mip.MTI <- 0b1, mip.STI <- 0b0)
mem[X,0x0000000080002B8C] -> 0x0413
mem[X,0x0000000080002B8E] -> 0x0004
[1002] [M]: 0x0000000080002B8C (0x00040413) addi x8, x8, 0x0                        skp_adj_Mepc+4
x8 <- 0x0000000000000007

mem[X,0x0000000080002B90] -> 0x006F
mem[X,0x0000000080002B92] -> 0x0840
[1003] [M]: 0x0000000080002B90 (0x0840006F) jal x0, 0x84                            skp_adj_Mepc+8

clint mtime 0x00000000000001F6 (mip.MTI <- 0b1, mip.STI <- 0b0)
mem[X,0x0000000080002C14] -> 0x8433
mem[X,0x0000000080002C16] -> 0x4083
[1004] [M]: 0x0000000080002C14 (0x40838433) sub x8, x7, x8                          adj_Mtval+0
x8 <- 0x000002800000040D

mem[X,0x0000000080002C18] -> 0x3C23
mem[X,0x0000000080002C1A] -> 0x0083
[1005] [M]: 0x0000000080002C18 (0x00833C23) sd x8, 0x18(x6)                         sv_Mtval+0
mem[W,0x000000008000A390] <- 0x000002800000040D

clint mtime 0x00000000000001F7 (mip.MTI <- 0b1, mip.STI <- 0b0)
mem[X,0x0000000080002C1C] -> 0x3483
mem[X,0x0000000080002C1E] -> 0x2181
[1006] [M]: 0x0000000080002C1C (0x21813483) ld x9, 0x218(x2)                        skp_Mtval+0
mem[R,0x0000000080005218] -> 0x000000008000A398
x9 <- 0x000000008000A398

mem[X,0x0000000080002C20] -> 0x3383
mem[X,0x0000000080002C22] -> 0x1F81
[1007] [M]: 0x0000000080002C20 (0x1F813383) ld x7, 0x1f8(x2)                        skp_Mtval+4
mem[R,0x00000000800051F8] -> 0x000000008000A110
x7 <- 0x000000008000A110

clint mtime 0x00000000000001F8 (mip.MTI <- 0b1, mip.STI <- 0b0)
mem[X,0x0000000080002C24] -> 0x3303
mem[X,0x0000000080002C26] -> 0x2001
[1008] [M]: 0x0000000080002C24 (0x20013303) ld x6, 0x200(x2)                        skp_Mtval+8
mem[R,0x0000000080005200] -> 0x0000000000000410
x6 <- 0x0000000000000410

mem[X,0x0000000080002C28] -> 0x0333
mem[X,0x0000000080002C2A] -> 0x0073
[1009] [M]: 0x0000000080002C28 (0x00730333) add x6, x6, x7                          skp_Mtval+12
x6 <- 0x000000008000A520

clint mtime 0x00000000000001F9 (mip.MTI <- 0b1, mip.STI <- 0b0)
mem[X,0x0000000080002C2C] -> 0x6AE3
mem[X,0x0000000080002C2E] -> 0xAC93
[1010] [M]: 0x0000000080002C2C (0xAC936AE3) bltu x6, x9, -0x52c                     skp_Mtval+16

mem[X,0x0000000080002C30] -> 0x0393
mem[X,0x0000000080002C32] -> 0x2000
[1011] [M]: 0x0000000080002C30 (0x20000393) addi x7, x0, 0x200                      skp_Mtval+20
x7 <- 0x0000000000000200

clint mtime 0x00000000000001FA (mip.MTI <- 0b1, mip.STI <- 0b0)
mem[X,0x0000000080002C34] -> 0x006F
mem[X,0x0000000080002C36] -> 0x0400
[1012] [M]: 0x0000000080002C34 (0x0400006F) jal x0, 0x40                            skp_Mtval+24

mem[X,0x0000000080002C74] -> 0x0417
mem[X,0x0000000080002C76] -> 0x0000
[1013] [M]: 0x0000000080002C74 (0x00000417) auipc x8, 0x0                           spcl_Mhandler+0
x8 <- 0x0000000080002C74

clint mtime 0x00000000000001FB (mip.MTI <- 0b1, mip.STI <- 0b0)
mem[X,0x0000000080002C78] -> 0x0413
mem[X,0x0000000080002C7A] -> 0x03C4
[1014] [M]: 0x0000000080002C78 (0x03C40413) addi x8, x8, 0x3c                       spcl_Mhandler+4
x8 <- 0x0000000080002CB0

mem[X,0x0000000080002C7C] -> 0x0433
mem[X,0x0000000080002C7E] -> 0x0074
[1015] [M]: 0x0000000080002C7C (0x00740433) add x8, x8, x7                          spcl_Mhandler+8
x8 <- 0x0000000080002EB0

clint mtime 0x00000000000001FC (mip.MTI <- 0b1, mip.STI <- 0b0)
mem[X,0x0000000080002C80] -> 0x1393
mem[X,0x0000000080002C82] -> 0x0035
[1016] [M]: 0x0000000080002C80 (0x00351393) slli x7, x10, 0x3                       spcl_Mhandler+12
x7 <- 0x0000000000000038

mem[X,0x0000000080002C84] -> 0x0433
mem[X,0x0000000080002C86] -> 0x0074
[1017] [M]: 0x0000000080002C84 (0x00740433) add x8, x8, x7                          spcl_Mhandler+16
x8 <- 0x0000000080002EE8

clint mtime 0x00000000000001FD (mip.MTI <- 0b1, mip.STI <- 0b0)
mem[X,0x0000000080002C88] -> 0x7413
mem[X,0x0000000080002C8A] -> 0xFF84
[1018] [M]: 0x0000000080002C88 (0xFF847413) andi x8, x8, -0x8                       spcl_Mhandler+20
x8 <- 0x0000000080002EE8

mem[X,0x0000000080002C8C] -> 0x3403
mem[X,0x0000000080002C8E] -> 0x0004
[1019] [M]: 0x0000000080002C8C (0x00043403) ld x8, 0x0(x8)                          spcl_Mhandler+24
mem[R,0x0000000080002EE8] -> 0x000000000000000F
x8 <- 0x000000000000000F

clint mtime 0x00000000000001FE (mip.MTI <- 0b1, mip.STI <- 0b0)
mem[X,0x0000000080002C90] -> 0x02E3
mem[X,0x0000000080002C92] -> 0xB004
[1020] [M]: 0x0000000080002C90 (0xB00402E3) beq x8, x0, -0x4fc                      spcl_Mdispatch_hndling+0

mem[X,0x0000000080002C94] -> 0x1393
mem[X,0x0000000080002C96] -> 0x03F4
[1021] [M]: 0x0000000080002C94 (0x03F41393) slli x7, x8, 0x3f                       spcl_Mdispatch_hndling+4
x7 <- 0x8000000000000000

clint mtime 0x00000000000001FF (mip.MTI <- 0b1, mip.STI <- 0b0)
mem[X,0x0000000080002C98] -> 0xD863
mem[X,0x0000000080002C9A] -> 0x0003
[1022] [M]: 0x0000000080002C98 (0x0003D863) bge x7, x0, 0x10                        spcl_Mdispatch_hndling+8

mem[X,0x0000000080002C9C] -> 0x5413
mem[X,0x0000000080002C9E] -> 0x0014
[1023] [M]: 0x0000000080002C9C (0x00145413) srli x8, x8, 0x1                        spcl_Mdispatch_hndling+12
x8 <- 0x0000000000000007

clint mtime 0x0000000000000200 (mip.MTI <- 0b1, mip.STI <- 0b0)
mem[X,0x0000000080002CA0] -> 0x0CE3
mem[X,0x0000000080002CA2] -> 0xF885
[1024] [M]: 0x0000000080002CA0 (0xF8850CE3) beq x10, x8, -0x68                      spcl_Mdispatch_hndling+16

mem[X,0x0000000080002C38] -> 0x3303
mem[X,0x0000000080002C3A] -> 0x2601
[1025] [M]: 0x0000000080002C38 (0x26013303) ld x6, 0x260(x2)                        resto_Mrtn+0
mem[R,0x0000000080005260] -> 0xFFFFFFFF7FFFF02C
x6 <- 0xFFFFFFFF7FFFF02C

clint mtime 0x0000000000000201 (mip.MTI <- 0b1, mip.STI <- 0b0)
mem[X,0x0000000080002C3C] -> 0x3383
mem[X,0x0000000080002C3E] -> 0x2681
[1026] [M]: 0x0000000080002C3C (0x26813383) ld x7, 0x268(x2)                        resto_Mrtn+4
mem[R,0x0000000080005268] -> 0x0000000080005000
x7 <- 0x0000000080005000

mem[X,0x0000000080002C40] -> 0x3403
mem[X,0x0000000080002C42] -> 0x2701
[1027] [M]: 0x0000000080002C40 (0x27013403) ld x8, 0x270(x2)                        resto_Mrtn+8
mem[R,0x0000000080005270] -> 0x0000000000007F76
x8 <- 0x0000000000007F76

clint mtime 0x0000000000000202 (mip.MTI <- 0b1, mip.STI <- 0b0)
mem[X,0x0000000080002C44] -> 0x3483
mem[X,0x0000000080002C46] -> 0x2781
[1028] [M]: 0x0000000080002C44 (0x27813483) ld x9, 0x278(x2)                        resto_Mrtn+12
mem[R,0x0000000080005278] -> 0x000003000000013C
x9 <- 0x000003000000013C

mem[X,0x0000000080002C48] -> 0x3503
mem[X,0x0000000080002C4A] -> 0x2801
[1029] [M]: 0x0000000080002C48 (0x28013503) ld x10, 0x280(x2)                       resto_Mrtn+16
mem[R,0x0000000080005280] -> 0x00000000200000DF
x10 <- 0x00000000200000DF

clint mtime 0x0000000000000203 (mip.MTI <- 0b1, mip.STI <- 0b0)
mem[X,0x0000000080002C4C] -> 0x3583
mem[X,0x0000000080002C4E] -> 0x2881
[1030] [M]: 0x0000000080002C4C (0x28813583) ld x11, 0x288(x2)                       resto_Mrtn+20
mem[R,0x0000000080005288] -> 0x00000000000000DF
x11 <- 0x00000000000000DF

mem[X,0x0000000080002C50] -> 0x3103
mem[X,0x0000000080002C52] -> 0x2901
[1031] [M]: 0x0000000080002C50 (0x29013103) ld x2, 0x290(x2)                        resto_Mrtn+24
mem[R,0x0000000080005290] -> 0x0000000000000000
x2 <- 0x0000000000000000

clint mtime 0x0000000000000204 (mip.MTI <- 0b1, mip.STI <- 0b0)
mem[X,0x0000000080002C54] -> 0x0073
mem[X,0x0000000080002C56] -> 0x3020
[1032] [M]: 0x0000000080002C54 (0x30200073) mret                                    resto_Mrtn+28
CSR mstatus (0x300) <- 0x0000000A00000080
ret-ing from M to U

PTW: Start, vpn=0x30080001, access_type=X, privilege=Umem[R,0x0000000080009030] -> 0x00000000000000DB
PTW: Step, level=3, pte=0xDB, pte_addr=0x80009030
PTW: Success, final_ppn=0x80001, level=3mem[X,0x0000000080001148] -> 0xA703
PTW: Start, vpn=0x30080001, access_type=X, privilege=Umem[R,0x0000000080009030] -> 0x00000000000000DB
PTW: Step, level=3, pte=0xDB, pte_addr=0x80009030
PTW: Success, final_ppn=0x80001, level=3mem[X,0x000000008000114A] -> 0x0147
[1033] [U]: 0x0000030080001148 (0x0147A703) lw x14, 0x14(x15)                       va_rvtest_code_begin+1452
PTW: Start, vpn=0x28000000, access_type=R, privilege=Umem[R,0x0000000080009028] -> 0x0000000020002001
PTW: Step, level=3, pte=0x20002001, pte_addr=0x80009028
PTW: Start, vpn=0x28000000, access_type=R, privilege=Umem[R,0x0000000080008000] -> 0x00000000200000DF
PTW: Step, level=2, pte=0x200000DF, pte_addr=0x80008000
PTW: Success, final_ppn=0x80000, level=2mem[R,0x0000000080000414] -> 0xBEEFCAF2
x14 <- 0xFFFFFFFFBEEFCAF2

clint mtime 0x0000000000000205 (mip.MTI <- 0b1, mip.STI <- 0b0)
PTW: Start, vpn=0x30080001, access_type=X, privilege=Umem[R,0x0000000080009030] -> 0x00000000000000DB
PTW: Step, level=3, pte=0xDB, pte_addr=0x80009030
PTW: Success, final_ppn=0x80001, level=3mem[X,0x000000008000114C] -> 0x0013
PTW: Start, vpn=0x30080001, access_type=X, privilege=Umem[R,0x0000000080009030] -> 0x00000000000000DB
PTW: Step, level=3, pte=0xDB, pte_addr=0x80009030
PTW: Success, final_ppn=0x80001, level=3mem[X,0x000000008000114E] -> 0x0000
[1034] [U]: 0x000003008000114C (0x00000013) addi x0, x0, 0x0                        va_rvtest_code_begin+1456

PTW: Start, vpn=0x30080001, access_type=X, privilege=Umem[R,0x0000000080009030] -> 0x00000000000000DB
PTW: Step, level=3, pte=0xDB, pte_addr=0x80009030
PTW: Success, final_ppn=0x80001, level=3mem[X,0x0000000080001150] -> 0x51B7
PTW: Start, vpn=0x30080001, access_type=X, privilege=Umem[R,0x0000000080009030] -> 0x00000000000000DB
PTW: Step, level=3, pte=0xDB, pte_addr=0x80009030
PTW: Success, final_ppn=0x80001, level=3mem[X,0x0000000080001152] -> 0x0000
[1035] [U]: 0x0000030080001150 (0x000051B7) lui x3, 0x5                             va_rvtest_code_begin+1460
x3 <- 0x0000000000005000

clint mtime 0x0000000000000206 (mip.MTI <- 0b1, mip.STI <- 0b0)
PTW: Start, vpn=0x30080001, access_type=X, privilege=Umem[R,0x0000000080009030] -> 0x00000000000000DB
PTW: Step, level=3, pte=0xDB, pte_addr=0x80009030
PTW: Success, final_ppn=0x80001, level=3mem[X,0x0000000080001154] -> 0x8193
PTW: Start, vpn=0x30080001, access_type=X, privilege=Umem[R,0x0000000080009030] -> 0x00000000000000DB
PTW: Step, level=3, pte=0xDB, pte_addr=0x80009030
PTW: Success, final_ppn=0x80001, level=3mem[X,0x0000000080001156] -> 0x6671
[1036] [U]: 0x0000030080001154 (0x66718193) addi x3, x3, 0x667                      va_rvtest_code_begin+1464
x3 <- 0x0000000000005667

PTW: Start, vpn=0x30080001, access_type=X, privilege=Umem[R,0x0000000080009030] -> 0x00000000000000DB
PTW: Step, level=3, pte=0xDB, pte_addr=0x80009030
PTW: Success, final_ppn=0x80001, level=3mem[X,0x0000000080001158] -> 0x9193
PTW: Start, vpn=0x30080001, access_type=X, privilege=Umem[R,0x0000000080009030] -> 0x00000000000000DB
PTW: Step, level=3, pte=0xDB, pte_addr=0x80009030
PTW: Success, final_ppn=0x80001, level=3mem[X,0x000000008000115A] -> 0x0011
[1037] [U]: 0x0000030080001158 (0x00119193) slli x3, x3, 0x1                        va_rvtest_code_begin+1468
x3 <- 0x000000000000ACCE

clint mtime 0x0000000000000207 (mip.MTI <- 0b1, mip.STI <- 0b0)
PTW: Start, vpn=0x30080001, access_type=X, privilege=Umem[R,0x0000000080009030] -> 0x00000000000000DB
PTW: Step, level=3, pte=0xDB, pte_addr=0x80009030
PTW: Success, final_ppn=0x80001, level=3mem[X,0x000000008000115C] -> 0x0013
PTW: Start, vpn=0x30080001, access_type=X, privilege=Umem[R,0x0000000080009030] -> 0x00000000000000DB
PTW: Step, level=3, pte=0xDB, pte_addr=0x80009030
PTW: Success, final_ppn=0x80001, level=3mem[X,0x000000008000115E] -> 0x0000
[1038] [U]: 0x000003008000115C (0x00000013) addi x0, x0, 0x0                        va_rvtest_code_begin+1472

PTW: Start, vpn=0x30080001, access_type=X, privilege=Umem[R,0x0000000080009030] -> 0x00000000000000DB
PTW: Step, level=3, pte=0xDB, pte_addr=0x80009030
PTW: Success, final_ppn=0x80001, level=3mem[X,0x0000000080001160] -> 0x0217
PTW: Start, vpn=0x30080001, access_type=X, privilege=Umem[R,0x0000000080009030] -> 0x00000000000000DB
PTW: Step, level=3, pte=0xDB, pte_addr=0x80009030
PTW: Success, final_ppn=0x80001, level=3mem[X,0x0000000080001162] -> 0x0000
[1039] [U]: 0x0000030080001160 (0x00000217) auipc x4, 0x0                           va_rvtest_code_begin+1476
x4 <- 0x0000030080001160

clint mtime 0x0000000000000208 (mip.MTI <- 0b1, mip.STI <- 0b0)
PTW: Start, vpn=0x30080001, access_type=X, privilege=Umem[R,0x0000000080009030] -> 0x00000000000000DB
PTW: Step, level=3, pte=0xDB, pte_addr=0x80009030
PTW: Success, final_ppn=0x80001, level=3mem[X,0x0000000080001164] -> 0x0213
PTW: Start, vpn=0x30080001, access_type=X, privilege=Umem[R,0x0000000080009030] -> 0x00000000000000DB
PTW: Step, level=3, pte=0xDB, pte_addr=0x80009030
PTW: Success, final_ppn=0x80001, level=3mem[X,0x0000000080001166] -> 0x02C2
[1040] [U]: 0x0000030080001164 (0x02C20213) addi x4, x4, 0x2c                       va_rvtest_code_begin+1480
x4 <- 0x000003008000118C

PTW: Start, vpn=0x30080001, access_type=X, privilege=Umem[R,0x0000000080009030] -> 0x00000000000000DB
PTW: Step, level=3, pte=0xDB, pte_addr=0x80009030
PTW: Success, final_ppn=0x80001, level=3mem[X,0x0000000080001168] -> 0x0001
[1041] [U]: 0x0000030080001168 (0x0001) c.nop                                       va_rvtest_code_begin+1484

clint mtime 0x0000000000000209 (mip.MTI <- 0b1, mip.STI <- 0b0)
PTW: Start, vpn=0x30080001, access_type=X, privilege=Umem[R,0x0000000080009030] -> 0x00000000000000DB
PTW: Step, level=3, pte=0xDB, pte_addr=0x80009030
PTW: Success, final_ppn=0x80001, level=3mem[X,0x000000008000116A] -> 0x0013
PTW: Start, vpn=0x30080001, access_type=X, privilege=Umem[R,0x0000000080009030] -> 0x00000000000000DB
PTW: Step, level=3, pte=0xDB, pte_addr=0x80009030
PTW: Success, final_ppn=0x80001, level=3mem[X,0x000000008000116C] -> 0x0000
[1042] [U]: 0x000003008000116A (0x00000013) addi x0, x0, 0x0                        va_rvtest_code_begin+1486

PTW: Start, vpn=0x30080001, access_type=X, privilege=Umem[R,0x0000000080009030] -> 0x00000000000000DB
PTW: Step, level=3, pte=0xDB, pte_addr=0x80009030
PTW: Success, final_ppn=0x80001, level=3mem[X,0x000000008000116E] -> 0x0013
PTW: Start, vpn=0x30080001, access_type=X, privilege=Umem[R,0x0000000080009030] -> 0x00000000000000DB
PTW: Step, level=3, pte=0xDB, pte_addr=0x80009030
PTW: Success, final_ppn=0x80001, level=3mem[X,0x0000000080001170] -> 0x0000
[1043] [U]: 0x000003008000116E (0x00000013) addi x0, x0, 0x0                        va_rvtest_code_begin+1490

clint mtime 0x000000000000020A (mip.MTI <- 0b1, mip.STI <- 0b0)
PTW: Start, vpn=0x30080001, access_type=X, privilege=Umem[R,0x0000000080009030] -> 0x00000000000000DB
PTW: Step, level=3, pte=0xDB, pte_addr=0x80009030
PTW: Success, final_ppn=0x80001, level=3mem[X,0x0000000080001172] -> 0x0013
PTW: Start, vpn=0x30080001, access_type=X, privilege=Umem[R,0x0000000080009030] -> 0x00000000000000DB
PTW: Step, level=3, pte=0xDB, pte_addr=0x80009030
PTW: Success, final_ppn=0x80001, level=3mem[X,0x0000000080001174] -> 0x0000
[1044] [U]: 0x0000030080001172 (0x00000013) addi x0, x0, 0x0                        va_rvtest_code_begin+1494

PTW: Start, vpn=0x30080001, access_type=X, privilege=Umem[R,0x0000000080009030] -> 0x00000000000000DB
PTW: Step, level=3, pte=0xDB, pte_addr=0x80009030
PTW: Success, final_ppn=0x80001, level=3mem[X,0x0000000080001176] -> 0x0013
PTW: Start, vpn=0x30080001, access_type=X, privilege=Umem[R,0x0000000080009030] -> 0x00000000000000DB
PTW: Step, level=3, pte=0xDB, pte_addr=0x80009030
PTW: Success, final_ppn=0x80001, level=3mem[X,0x0000000080001178] -> 0x0000
[1045] [U]: 0x0000030080001176 (0x00000013) addi x0, x0, 0x0                        va_rvtest_code_begin+1498

clint mtime 0x000000000000020B (mip.MTI <- 0b1, mip.STI <- 0b0)
PTW: Start, vpn=0x30080001, access_type=X, privilege=Umem[R,0x0000000080009030] -> 0x00000000000000DB
PTW: Step, level=3, pte=0xDB, pte_addr=0x80009030
PTW: Success, final_ppn=0x80001, level=3mem[X,0x000000008000117A] -> 0x0013
PTW: Start, vpn=0x30080001, access_type=X, privilege=Umem[R,0x0000000080009030] -> 0x00000000000000DB
PTW: Step, level=3, pte=0xDB, pte_addr=0x80009030
PTW: Success, final_ppn=0x80001, level=3mem[X,0x000000008000117C] -> 0x0000
[1046] [U]: 0x000003008000117A (0x00000013) addi x0, x0, 0x0                        va_rvtest_code_begin+1502

PTW: Start, vpn=0x30080001, access_type=X, privilege=Umem[R,0x0000000080009030] -> 0x00000000000000DB
PTW: Step, level=3, pte=0xDB, pte_addr=0x80009030
PTW: Success, final_ppn=0x80001, level=3mem[X,0x000000008000117E] -> 0x0001
[1047] [U]: 0x000003008000117E (0x0001) c.nop                                       va_rvtest_code_begin+1506

clint mtime 0x000000000000020C (mip.MTI <- 0b1, mip.STI <- 0b0)
PTW: Start, vpn=0x30080001, access_type=X, privilege=Umem[R,0x0000000080009030] -> 0x00000000000000DB
PTW: Step, level=3, pte=0xDB, pte_addr=0x80009030
PTW: Success, final_ppn=0x80001, level=3mem[X,0x0000000080001180] -> 0x80E7
PTW: Start, vpn=0x30080001, access_type=X, privilege=Umem[R,0x0000000080009030] -> 0x00000000000000DB
PTW: Step, level=3, pte=0xDB, pte_addr=0x80009030
PTW: Success, final_ppn=0x80001, level=3mem[X,0x0000000080001182] -> 0x0007
[1048] [U]: 0x0000030080001180 (0x000780E7) jalr x1, 0x0(x15)                       va_rvtest_code_begin+1508
x1 <- 0x0000030080001184

PTW: Start, vpn=0x28000000, access_type=X, privilege=Umem[R,0x0000000080009028] -> 0x0000000020002001
PTW: Step, level=3, pte=0x20002001, pte_addr=0x80009028
PTW: Start, vpn=0x28000000, access_type=X, privilege=Umem[R,0x0000000080008000] -> 0x00000000200000DF
PTW: Step, level=2, pte=0x200000DF, pte_addr=0x80008000
PTW: Success, final_ppn=0x80000, level=2mem[X,0x0000000080000400] -> 0x0013
mem[X,0x0000000080000402] -> 0x0000
[1049] [U]: 0x0000028000000400 (0x00000013) addi x0, x0, 0x0                        va_data+0

clint mtime 0x000000000000020D (mip.MTI <- 0b1, mip.STI <- 0b0)
mem[X,0x0000000080000404] -> 0x8093
mem[X,0x0000000080000406] -> 0x0080
[1050] [U]: 0x0000028000000404 (0x00808093) addi x1, x1, 0x8                        va_data+4
x1 <- 0x000003008000118C

mem[X,0x0000000080000408] -> 0x8067
mem[X,0x000000008000040A] -> 0x0000
[1051] [U]: 0x0000028000000408 (0x00008067) jalr x0, 0x0(x1)                        va_data+8

clint mtime 0x000000000000020E (mip.MTI <- 0b1, mip.STI <- 0b0)
PTW: Start, vpn=0x30080001, access_type=X, privilege=Umem[R,0x0000000080009030] -> 0x00000000000000DB
PTW: Step, level=3, pte=0xDB, pte_addr=0x80009030
PTW: Success, final_ppn=0x80001, level=3mem[X,0x000000008000118C] -> 0x0013
PTW: Start, vpn=0x30080001, access_type=X, privilege=Umem[R,0x0000000080009030] -> 0x00000000000000DB
PTW: Step, level=3, pte=0xDB, pte_addr=0x80009030
PTW: Success, final_ppn=0x80001, level=3mem[X,0x000000008000118E] -> 0x0000
[1052] [U]: 0x000003008000118C (0x00000013) addi x0, x0, 0x0                        va_rvtest_code_begin+1520

PTW: Start, vpn=0x30080001, access_type=X, privilege=Umem[R,0x0000000080009030] -> 0x00000000000000DB
PTW: Step, level=3, pte=0xDB, pte_addr=0x80009030
PTW: Success, final_ppn=0x80001, level=3mem[X,0x0000000080001190] -> 0x0013
PTW: Start, vpn=0x30080001, access_type=X, privilege=Umem[R,0x0000000080009030] -> 0x00000000000000DB
PTW: Step, level=3, pte=0xDB, pte_addr=0x80009030
PTW: Success, final_ppn=0x80001, level=3mem[X,0x0000000080001192] -> 0x0000
[1053] [U]: 0x0000030080001190 (0x00000013) addi x0, x0, 0x0                        va_rvtest_code_begin+1524

clint mtime 0x000000000000020F (mip.MTI <- 0b1, mip.STI <- 0b0)
PTW: Start, vpn=0x30080001, access_type=X, privilege=Umem[R,0x0000000080009030] -> 0x00000000000000DB
PTW: Step, level=3, pte=0xDB, pte_addr=0x80009030
PTW: Success, final_ppn=0x80001, level=3mem[X,0x0000000080001194] -> 0x0013
PTW: Start, vpn=0x30080001, access_type=X, privilege=Umem[R,0x0000000080009030] -> 0x00000000000000DB
PTW: Step, level=3, pte=0xDB, pte_addr=0x80009030
PTW: Success, final_ppn=0x80001, level=3mem[X,0x0000000080001196] -> 0x0000
[1054] [U]: 0x0000030080001194 (0x00000013) addi x0, x0, 0x0                        va_rvtest_code_begin+1528

PTW: Start, vpn=0x30080001, access_type=X, privilege=Umem[R,0x0000000080009030] -> 0x00000000000000DB
PTW: Step, level=3, pte=0xDB, pte_addr=0x80009030
PTW: Success, final_ppn=0x80001, level=3mem[X,0x0000000080001198] -> 0x0113
PTW: Start, vpn=0x30080001, access_type=X, privilege=Umem[R,0x0000000080009030] -> 0x00000000000000DB
PTW: Step, level=3, pte=0xDB, pte_addr=0x80009030
PTW: Success, final_ppn=0x80001, level=3mem[X,0x000000008000119A] -> 0x0000
[1055] [U]: 0x0000030080001198 (0x00000113) addi x2, x0, 0x0                        va_rvtest_code_begin+1532
x2 <- 0x0000000000000000

clint mtime 0x0000000000000210 (mip.MTI <- 0b1, mip.STI <- 0b0)
PTW: Start, vpn=0x30080001, access_type=X, privilege=Umem[R,0x0000000080009030] -> 0x00000000000000DB
PTW: Step, level=3, pte=0xDB, pte_addr=0x80009030
PTW: Success, final_ppn=0x80001, level=3mem[X,0x000000008000119C] -> 0x0073
PTW: Start, vpn=0x30080001, access_type=X, privilege=Umem[R,0x0000000080009030] -> 0x00000000000000DB
PTW: Step, level=3, pte=0xDB, pte_addr=0x80009030
PTW: Success, final_ppn=0x80001, level=3mem[X,0x000000008000119E] -> 0x0000
[1056] [U]: 0x000003008000119C (0x00000073) ecall                                   va_rvtest_code_begin+1536
trapping from U to M to handle u-call
handling exc#u-call at priv M with tval 0x0000000000000000
CSR mstatus (0x300) <- 0x0000000A00000000
CSR mcause (0x342) <- 0x0000000000000008
CSR mtval (0x343) <- 0x0000000000000000
CSR mepc (0x341) <- 0x000003008000119C

mem[X,0x0000000080002800] -> 0x006F
mem[X,0x0000000080002802] -> 0x1000
[1057] [M]: 0x0000000080002800 (0x1000006F) jal x0, 0x100                           Mtrampoline+0

clint mtime 0x0000000000000211 (mip.MTI <- 0b1, mip.STI <- 0b0)
mem[X,0x0000000080002900] -> 0x1173
mem[X,0x0000000080002902] -> 0x3401
[1058] [M]: 0x0000000080002900 (0x34011173) csrrw x2, mscratch, x2                  trap_Mhandler+0
CSR mscratch (0x340) <- 0x0000000000000000
x2 <- 0x0000000080005000

mem[X,0x0000000080002904] -> 0x3423
mem[X,0x0000000080002906] -> 0x28B1
[1059] [M]: 0x0000000080002904 (0x28B13423) sd x11, 0x288(x2)                       trap_Mhandler+4
mem[W,0x0000000080005288] <- 0x00000000000000DF

clint mtime 0x0000000000000212 (mip.MTI <- 0b1, mip.STI <- 0b0)
mem[X,0x0000000080002908] -> 0x05EF
mem[X,0x000000008000290A] -> 0x0B80
[1060] [M]: 0x0000000080002908 (0x0B8005EF) jal x11, 0xb8                           trap_Mhandler+8
x11 <- 0x000000008000290C

mem[X,0x00000000800029C0] -> 0x3023
mem[X,0x00000000800029C2] -> 0x28A1
[1061] [M]: 0x00000000800029C0 (0x28A13023) sd x10, 0x280(x2)                       common_Mhandler+0
mem[W,0x0000000080005280] <- 0x00000000200000DF

clint mtime 0x0000000000000213 (mip.MTI <- 0b1, mip.STI <- 0b0)
mem[X,0x00000000800029C4] -> 0x1573
mem[X,0x00000000800029C6] -> 0x3401
[1062] [M]: 0x00000000800029C4 (0x34011573) csrrw x10, mscratch, x2                 common_Mhandler+4
CSR mscratch (0x340) <- 0x0000000080005000
x10 <- 0x0000000000000000

mem[X,0x00000000800029C8] -> 0x3823
mem[X,0x00000000800029CA] -> 0x28A1
[1063] [M]: 0x00000000800029C8 (0x28A13823) sd x10, 0x290(x2)                       common_Mhandler+8
mem[W,0x0000000080005290] <- 0x0000000000000000

clint mtime 0x0000000000000214 (mip.MTI <- 0b1, mip.STI <- 0b0)
mem[X,0x00000000800029CC] -> 0x3503
mem[X,0x00000000800029CE] -> 0x2301
[1064] [M]: 0x00000000800029CC (0x23013503) ld x10, 0x230(x2)                       common_Mhandler+12
mem[R,0x0000000080005230] -> 0x00000000800029D4
x10 <- 0x00000000800029D4

mem[X,0x00000000800029D0] -> 0x0067
mem[X,0x00000000800029D2] -> 0x0005
[1065] [M]: 0x00000000800029D0 (0x00050067) jalr x0, 0x0(x10)                       common_Mhandler+16

clint mtime 0x0000000000000215 (mip.MTI <- 0b1, mip.STI <- 0b0)
mem[X,0x00000000800029D4] -> 0x3C23
mem[X,0x00000000800029D6] -> 0x2691
[1066] [M]: 0x00000000800029D4 (0x26913C23) sd x9, 0x278(x2)                        common_Mentry+0
mem[W,0x0000000080005278] <- 0x000003000000013C

mem[X,0x00000000800029D8] -> 0x3823
mem[X,0x00000000800029DA] -> 0x2681
[1067] [M]: 0x00000000800029D8 (0x26813823) sd x8, 0x270(x2)                        common_Mentry+4
mem[W,0x0000000080005270] <- 0x0000000000007F76

clint mtime 0x0000000000000216 (mip.MTI <- 0b1, mip.STI <- 0b0)
mem[X,0x00000000800029DC] -> 0x3423
mem[X,0x00000000800029DE] -> 0x2671
[1068] [M]: 0x00000000800029DC (0x26713423) sd x7, 0x268(x2)                        common_Mentry+8
mem[W,0x0000000080005268] <- 0x0000000080005000

mem[X,0x00000000800029E0] -> 0x3023
mem[X,0x00000000800029E2] -> 0x2661
[1069] [M]: 0x00000000800029E0 (0x26613023) sd x6, 0x260(x2)                        common_Mentry+12
mem[W,0x0000000080005260] <- 0xFFFFFFFF7FFFF02C

clint mtime 0x0000000000000217 (mip.MTI <- 0b1, mip.STI <- 0b0)
mem[X,0x00000000800029E4] -> 0x2573
mem[X,0x00000000800029E6] -> 0x3420
[1070] [M]: 0x00000000800029E4 (0x34202573) csrrs x10, mcause, x0                   spcl_M2mmode_test+0
CSR mcause (0x342) -> 0x0000000000000008
x10 <- 0x0000000000000008

mem[X,0x00000000800029E8] -> 0x04B7
mem[X,0x00000000800029EA] -> 0x8000
[1071] [M]: 0x00000000800029E8 (0x800004B7) lui x9, -0x80000                        spcl_M2mmode_test+4
x9 <- 0xFFFFFFFF80000000

clint mtime 0x0000000000000218 (mip.MTI <- 0b1, mip.STI <- 0b0)
mem[X,0x00000000800029EC] -> 0x8493
mem[X,0x00000000800029EE] -> 0x0004
[1072] [M]: 0x00000000800029EC (0x00048493) addi x9, x9, 0x0                        spcl_M2mmode_test+8
x9 <- 0xFFFFFFFF80000000

mem[X,0x00000000800029F0] -> 0x9493
mem[X,0x00000000800029F2] -> 0x00B4
[1073] [M]: 0x00000000800029F0 (0x00B49493) slli x9, x9, 0xb                        spcl_M2mmode_test+12
x9 <- 0xFFFFFC0000000000

clint mtime 0x0000000000000219 (mip.MTI <- 0b1, mip.STI <- 0b0)
mem[X,0x00000000800029F4] -> 0x8493
mem[X,0x00000000800029F6] -> 0x0004
[1074] [M]: 0x00000000800029F4 (0x00048493) addi x9, x9, 0x0                        spcl_M2mmode_test+16
x9 <- 0xFFFFFC0000000000

mem[X,0x00000000800029F8] -> 0x9493
mem[X,0x00000000800029FA] -> 0x00B4
[1075] [M]: 0x00000000800029F8 (0x00B49493) slli x9, x9, 0xb                        spcl_M2mmode_test+20
x9 <- 0xFFE0000000000000

clint mtime 0x000000000000021A (mip.MTI <- 0b1, mip.STI <- 0b0)
mem[X,0x00000000800029FC] -> 0x8493
mem[X,0x00000000800029FE] -> 0x0034
[1076] [M]: 0x00000000800029FC (0x00348493) addi x9, x9, 0x3                        spcl_M2mmode_test+24
x9 <- 0xFFE0000000000003

mem[X,0x0000000080002A00] -> 0x9493
mem[X,0x0000000080002A02] -> 0x00A4
[1077] [M]: 0x0000000080002A00 (0x00A49493) slli x9, x9, 0xa                        spcl_M2mmode_test+28
x9 <- 0x8000000000000C00

clint mtime 0x000000000000021B (mip.MTI <- 0b1, mip.STI <- 0b0)
mem[X,0x0000000080002A04] -> 0x8493
mem[X,0x0000000080002A06] -> 0x3FC4
[1078] [M]: 0x0000000080002A04 (0x3FC48493) addi x9, x9, 0x3fc                      spcl_M2mmode_test+32
x9 <- 0x8000000000000FFC

mem[X,0x0000000080002A08] -> 0xF4B3
mem[X,0x0000000080002A0A] -> 0x00A4
[1079] [M]: 0x0000000080002A08 (0x00A4F4B3) and x9, x9, x10                         spcl_M2mmode_test+36
x9 <- 0x0000000000000008

clint mtime 0x000000000000021C (mip.MTI <- 0b1, mip.STI <- 0b0)
mem[X,0x0000000080002A0C] -> 0x8493
mem[X,0x0000000080002A0E] -> 0xFF84
[1080] [M]: 0x0000000080002A0C (0xFF848493) addi x9, x9, -0x8                       spcl_M2mmode_test+40
x9 <- 0x0000000000000000

mem[X,0x0000000080002A10] -> 0x9663
mem[X,0x0000000080002A12] -> 0x0004
[1081] [M]: 0x0000000080002A10 (0x00049663) bne x9, x0, 0xc                         spcl_M2mmode_test+44

clint mtime 0x000000000000021D (mip.MTI <- 0b1, mip.STI <- 0b0)
mem[X,0x0000000080002A14] -> 0x3383
mem[X,0x0000000080002A16] -> 0x2901
[1082] [M]: 0x0000000080002A14 (0x29013383) ld x7, 0x290(x2)                        spcl_M2mmode_test+48
mem[R,0x0000000080005290] -> 0x0000000000000000
x7 <- 0x0000000000000000

mem[X,0x0000000080002A18] -> 0x8663
mem[X,0x0000000080002A1A] -> 0x6E03
[1083] [M]: 0x0000000080002A18 (0x6E038663) beq x7, x0, 0x6ec                       spcl_M2mmode_test+52

clint mtime 0x000000000000021E (mip.MTI <- 0b1, mip.STI <- 0b0)
mem[X,0x0000000080003104] -> 0x0493
mem[X,0x0000000080003106] -> 0xFF55
[1084] [M]: 0x0000000080003104 (0xFF550493) addi x9, x10, -0xb                      rtn2mmode+0
x9 <- 0xFFFFFFFFFFFFFFFD

mem[X,0x0000000080003108] -> 0x8C63
mem[X,0x000000008000310A] -> 0x0004
[1085] [M]: 0x0000000080003108 (0x00048C63) beq x9, x0, 0x18                        rtn2mmode+4

clint mtime 0x000000000000021F (mip.MTI <- 0b1, mip.STI <- 0b0)
mem[X,0x000000008000310C] -> 0x3583
mem[X,0x000000008000310E] -> 0x4701
[1086] [M]: 0x000000008000310C (0x47013583) ld x11, 0x470(x2)                       rtn2mmode+8
mem[R,0x0000000080005470] -> 0x0000030080000B9C
x11 <- 0x0000030080000B9C

mem[X,0x0000000080003110] -> 0xD463
mem[X,0x0000000080003112] -> 0x0003
[1087] [M]: 0x0000000080003110 (0x0003D463) bge x7, x0, 0x8                         rtn2mmode+12

clint mtime 0x0000000000000220 (mip.MTI <- 0b1, mip.STI <- 0b0)
mem[X,0x0000000080003118] -> 0x3483
mem[X,0x000000008000311A] -> 0x1D81
[1088] [M]: 0x0000000080003118 (0x1D813483) ld x9, 0x1d8(x2)                        from_u_s+0
mem[R,0x00000000800051D8] -> 0x0000000080000BB4
x9 <- 0x0000000080000BB4

mem[X,0x000000008000311C] -> 0x84B3
mem[X,0x000000008000311E] -> 0x40B4
[1089] [M]: 0x000000008000311C (0x40B484B3) sub x9, x9, x11                         from_u_s+4
x9 <- 0xFFFFFD0000000018

clint mtime 0x0000000000000221 (mip.MTI <- 0b1, mip.STI <- 0b0)
mem[X,0x0000000080003120] -> 0x23F3
mem[X,0x0000000080003122] -> 0x3410
[1090] [M]: 0x0000000080003120 (0x341023F3) csrrs x7, mepc, x0                      rtn_fm_mmode+0
CSR mepc (0x341) -> 0x000003008000119C
x7 <- 0x000003008000119C

mem[X,0x0000000080003124] -> 0x83B3
mem[X,0x0000000080003126] -> 0x0093
[1091] [M]: 0x0000000080003124 (0x009383B3) add x7, x7, x9                          rtn_fm_mmode+4
x7 <- 0x00000000800011B4

clint mtime 0x0000000000000222 (mip.MTI <- 0b1, mip.STI <- 0b0)
mem[X,0x0000000080003128] -> 0x3303
mem[X,0x000000008000312A] -> 0x2601
[1092] [M]: 0x0000000080003128 (0x26013303) ld x6, 0x260(x2)                        rtn_fm_mmode+8
mem[R,0x0000000080005260] -> 0xFFFFFFFF7FFFF02C
x6 <- 0xFFFFFFFF7FFFF02C

mem[X,0x000000008000312C] -> 0x3403
mem[X,0x000000008000312E] -> 0x2701
[1093] [M]: 0x000000008000312C (0x27013403) ld x8, 0x270(x2)                        rtn_fm_mmode+12
mem[R,0x0000000080005270] -> 0x0000000000007F76
x8 <- 0x0000000000007F76

clint mtime 0x0000000000000223 (mip.MTI <- 0b1, mip.STI <- 0b0)
mem[X,0x0000000080003130] -> 0x3483
mem[X,0x0000000080003132] -> 0x2781
[1094] [M]: 0x0000000080003130 (0x27813483) ld x9, 0x278(x2)                        rtn_fm_mmode+16
mem[R,0x0000000080005278] -> 0x000003000000013C
x9 <- 0x000003000000013C

mem[X,0x0000000080003134] -> 0x3503
mem[X,0x0000000080003136] -> 0x2801
[1095] [M]: 0x0000000080003134 (0x28013503) ld x10, 0x280(x2)                       rtn_fm_mmode+20
mem[R,0x0000000080005280] -> 0x00000000200000DF
x10 <- 0x00000000200000DF

clint mtime 0x0000000000000224 (mip.MTI <- 0b1, mip.STI <- 0b0)
mem[X,0x0000000080003138] -> 0x3583
mem[X,0x000000008000313A] -> 0x2881
[1096] [M]: 0x0000000080003138 (0x28813583) ld x11, 0x288(x2)                       rtn_fm_mmode+24
mem[R,0x0000000080005288] -> 0x00000000000000DF
x11 <- 0x00000000000000DF

mem[X,0x000000008000313C] -> 0x3103
mem[X,0x000000008000313E] -> 0x2901
[1097] [M]: 0x000000008000313C (0x29013103) ld x2, 0x290(x2)                        rtn_fm_mmode+28
mem[R,0x0000000080005290] -> 0x0000000000000000
x2 <- 0x0000000000000000

clint mtime 0x0000000000000225 (mip.MTI <- 0b1, mip.STI <- 0b0)
mem[X,0x0000000080003140] -> 0x8067
mem[X,0x0000000080003142] -> 0x0043
[1098] [M]: 0x0000000080003140 (0x00438067) jalr x0, 0x4(x7)                        rtn_fm_mmode+32

mem[X,0x00000000800011B8] -> 0x0013
mem[X,0x00000000800011BA] -> 0x0000
[1099] [M]: 0x00000000800011B8 (0x00000013) addi x0, x0, 0x0                        main+1496

clint mtime 0x0000000000000226 (mip.MTI <- 0b1, mip.STI <- 0b0)
mem[X,0x00000000800011BC] -> 0x0013
mem[X,0x00000000800011BE] -> 0x0000
[1100] [M]: 0x00000000800011BC (0x00000013) addi x0, x0, 0x0                        main+1500

mem[X,0x00000000800011C0] -> 0x7517
mem[X,0x00000000800011C2] -> 0x0000
[1101] [M]: 0x00000000800011C0 (0x00007517) auipc x10, 0x7                          main+1504
x10 <- 0x00000000800081C0

clint mtime 0x0000000000000227 (mip.MTI <- 0b1, mip.STI <- 0b0)
mem[X,0x00000000800011C4] -> 0x0513
mem[X,0x00000000800011C6] -> 0xE405
[1102] [M]: 0x00000000800011C4 (0xE4050513) addi x10, x10, -0x1c0                   main+1508
x10 <- 0x0000000080008000

mem[X,0x00000000800011C8] -> 0x0001
[1103] [M]: 0x00000000800011C8 (0x0001) c.nop                                       main+1512

clint mtime 0x0000000000000228 (mip.MTI <- 0b1, mip.STI <- 0b0)
mem[X,0x00000000800011CA] -> 0x0013
mem[X,0x00000000800011CC] -> 0x0000
[1104] [M]: 0x00000000800011CA (0x00000013) addi x0, x0, 0x0                        main+1514

mem[X,0x00000000800011CE] -> 0x0013
mem[X,0x00000000800011D0] -> 0x0000
[1105] [M]: 0x00000000800011CE (0x00000013) addi x0, x0, 0x0                        main+1518

clint mtime 0x0000000000000229 (mip.MTI <- 0b1, mip.STI <- 0b0)
mem[X,0x00000000800011D2] -> 0x0013
mem[X,0x00000000800011D4] -> 0x0000
[1106] [M]: 0x00000000800011D2 (0x00000013) addi x0, x0, 0x0                        main+1522

mem[X,0x00000000800011D6] -> 0x0013
mem[X,0x00000000800011D8] -> 0x0000
[1107] [M]: 0x00000000800011D6 (0x00000013) addi x0, x0, 0x0                        main+1526

clint mtime 0x000000000000022A (mip.MTI <- 0b1, mip.STI <- 0b0)
mem[X,0x00000000800011DA] -> 0x0013
mem[X,0x00000000800011DC] -> 0x0000
[1108] [M]: 0x00000000800011DA (0x00000013) addi x0, x0, 0x0                        main+1530

mem[X,0x00000000800011DE] -> 0x0001
[1109] [M]: 0x00000000800011DE (0x0001) c.nop                                       main+1534

clint mtime 0x000000000000022B (mip.MTI <- 0b1, mip.STI <- 0b0)
mem[X,0x00000000800011E0] -> 0x0593
mem[X,0x00000000800011E2] -> 0x0010
[1110] [M]: 0x00000000800011E0 (0x00100593) addi x11, x0, 0x1                       main+1536
x11 <- 0x0000000000000001

mem[X,0x00000000800011E4] -> 0x5513
mem[X,0x00000000800011E6] -> 0x00C5
[1111] [M]: 0x00000000800011E4 (0x00C55513) srli x10, x10, 0xc                      main+1540
x10 <- 0x0000000000080008

clint mtime 0x000000000000022C (mip.MTI <- 0b1, mip.STI <- 0b0)
mem[X,0x00000000800011E8] -> 0x1513
mem[X,0x00000000800011EA] -> 0x00A5
[1112] [M]: 0x00000000800011E8 (0x00A51513) slli x10, x10, 0xa                      main+1544
x10 <- 0x0000000020002000

mem[X,0x00000000800011EC] -> 0x6533
mem[X,0x00000000800011EE] -> 0x00B5
[1113] [M]: 0x00000000800011EC (0x00B56533) or x10, x10, x11                        main+1548
x10 <- 0x0000000020002001

clint mtime 0x000000000000022D (mip.MTI <- 0b1, mip.STI <- 0b0)
mem[X,0x00000000800011F0] -> 0x0013
mem[X,0x00000000800011F2] -> 0x0000
[1114] [M]: 0x00000000800011F0 (0x00000013) addi x0, x0, 0x0                        main+1552

mem[X,0x00000000800011F4] -> 0x0013
mem[X,0x00000000800011F6] -> 0x0000
[1115] [M]: 0x00000000800011F4 (0x00000013) addi x0, x0, 0x0                        main+1556

clint mtime 0x000000000000022E (mip.MTI <- 0b1, mip.STI <- 0b0)
mem[X,0x00000000800011F8] -> 0x0013
mem[X,0x00000000800011FA] -> 0x0000
[1116] [M]: 0x00000000800011F8 (0x00000013) addi x0, x0, 0x0                        main+1560

mem[X,0x00000000800011FC] -> 0x0013
mem[X,0x00000000800011FE] -> 0x0000
[1117] [M]: 0x00000000800011FC (0x00000013) addi x0, x0, 0x0                        main+1564

clint mtime 0x000000000000022F (mip.MTI <- 0b1, mip.STI <- 0b0)
mem[X,0x0000000080001200] -> 0x8317
mem[X,0x0000000080001202] -> 0x0000
[1118] [M]: 0x0000000080001200 (0x00008317) auipc x6, 0x8                           main+1568
x6 <- 0x0000000080009200

mem[X,0x0000000080001204] -> 0x0313
mem[X,0x0000000080001206] -> 0xE003
[1119] [M]: 0x0000000080001204 (0xE0030313) addi x6, x6, -0x200                     main+1572
x6 <- 0x0000000080009000

clint mtime 0x0000000000000230 (mip.MTI <- 0b1, mip.STI <- 0b0)
mem[X,0x0000000080001208] -> 0x0001
[1120] [M]: 0x0000000080001208 (0x0001) c.nop                                       main+1576

mem[X,0x000000008000120A] -> 0x0013
mem[X,0x000000008000120C] -> 0x0000
[1121] [M]: 0x000000008000120A (0x00000013) addi x0, x0, 0x0                        main+1578

clint mtime 0x0000000000000231 (mip.MTI <- 0b1, mip.STI <- 0b0)
mem[X,0x000000008000120E] -> 0x0013
mem[X,0x0000000080001210] -> 0x0000
[1122] [M]: 0x000000008000120E (0x00000013) addi x0, x0, 0x0                        main+1582

mem[X,0x0000000080001212] -> 0x0013
mem[X,0x0000000080001214] -> 0x0000
[1123] [M]: 0x0000000080001212 (0x00000013) addi x0, x0, 0x0                        main+1586

clint mtime 0x0000000000000232 (mip.MTI <- 0b1, mip.STI <- 0b0)
mem[X,0x0000000080001216] -> 0x0013
mem[X,0x0000000080001218] -> 0x0000
[1124] [M]: 0x0000000080001216 (0x00000013) addi x0, x0, 0x0                        main+1590

mem[X,0x000000008000121A] -> 0x0013
mem[X,0x000000008000121C] -> 0x0000
[1125] [M]: 0x000000008000121A (0x00000013) addi x0, x0, 0x0                        main+1594

clint mtime 0x0000000000000233 (mip.MTI <- 0b1, mip.STI <- 0b0)
mem[X,0x000000008000121E] -> 0x0001
[1126] [M]: 0x000000008000121E (0x0001) c.nop                                       main+1598

mem[X,0x0000000080001220] -> 0x0293
mem[X,0x0000000080001222] -> 0x0280
[1127] [M]: 0x0000000080001220 (0x02800293) addi x5, x0, 0x28                       main+1600
x5 <- 0x0000000000000028

clint mtime 0x0000000000000234 (mip.MTI <- 0b1, mip.STI <- 0b0)
mem[X,0x0000000080001224] -> 0x0333
mem[X,0x0000000080001226] -> 0x0053
[1128] [M]: 0x0000000080001224 (0x00530333) add x6, x6, x5                          main+1604
x6 <- 0x0000000080009028

mem[X,0x0000000080001228] -> 0x3023
mem[X,0x000000008000122A] -> 0x00A3
[1129] [M]: 0x0000000080001228 (0x00A33023) sd x10, 0x0(x6)                         main+1608
mem[W,0x0000000080009028] <- 0x0000000020002001

clint mtime 0x0000000000000235 (mip.MTI <- 0b1, mip.STI <- 0b0)
mem[X,0x000000008000122C] -> 0x0013
mem[X,0x000000008000122E] -> 0x0000
[1130] [M]: 0x000000008000122C (0x00000013) addi x0, x0, 0x0                        main+1612

mem[X,0x0000000080001230] -> 0x0013
mem[X,0x0000000080001232] -> 0x0000
[1131] [M]: 0x0000000080001230 (0x00000013) addi x0, x0, 0x0                        main+1616

clint mtime 0x0000000000000236 (mip.MTI <- 0b1, mip.STI <- 0b0)
mem[X,0x0000000080001234] -> 0x0013
mem[X,0x0000000080001236] -> 0x0000
[1132] [M]: 0x0000000080001234 (0x00000013) addi x0, x0, 0x0                        main+1620

mem[X,0x0000000080001238] -> 0x0013
mem[X,0x000000008000123A] -> 0x0000
[1133] [M]: 0x0000000080001238 (0x00000013) addi x0, x0, 0x0                        main+1624

clint mtime 0x0000000000000237 (mip.MTI <- 0b1, mip.STI <- 0b0)
mem[X,0x000000008000123C] -> 0x0013
mem[X,0x000000008000123E] -> 0x0000
[1134] [M]: 0x000000008000123C (0x00000013) addi x0, x0, 0x0                        main+1628

mem[X,0x0000000080001240] -> 0x6517
mem[X,0x0000000080001242] -> 0x0000
[1135] [M]: 0x0000000080001240 (0x00006517) auipc x10, 0x6                          main+1632
x10 <- 0x0000000080007240

clint mtime 0x0000000000000238 (mip.MTI <- 0b1, mip.STI <- 0b0)
mem[X,0x0000000080001244] -> 0x0513
mem[X,0x0000000080001246] -> 0xDC05
[1136] [M]: 0x0000000080001244 (0xDC050513) addi x10, x10, -0x240                   main+1636
x10 <- 0x0000000080007000

mem[X,0x0000000080001248] -> 0x0001
[1137] [M]: 0x0000000080001248 (0x0001) c.nop                                       main+1640

clint mtime 0x0000000000000239 (mip.MTI <- 0b1, mip.STI <- 0b0)
mem[X,0x000000008000124A] -> 0x0013
mem[X,0x000000008000124C] -> 0x0000
[1138] [M]: 0x000000008000124A (0x00000013) addi x0, x0, 0x0                        main+1642

mem[X,0x000000008000124E] -> 0x0013
mem[X,0x0000000080001250] -> 0x0000
[1139] [M]: 0x000000008000124E (0x00000013) addi x0, x0, 0x0                        main+1646

clint mtime 0x000000000000023A (mip.MTI <- 0b1, mip.STI <- 0b0)
mem[X,0x0000000080001252] -> 0x0013
mem[X,0x0000000080001254] -> 0x0000
[1140] [M]: 0x0000000080001252 (0x00000013) addi x0, x0, 0x0                        main+1650

mem[X,0x0000000080001256] -> 0x0013
mem[X,0x0000000080001258] -> 0x0000
[1141] [M]: 0x0000000080001256 (0x00000013) addi x0, x0, 0x0                        main+1654

clint mtime 0x000000000000023B (mip.MTI <- 0b1, mip.STI <- 0b0)
mem[X,0x000000008000125A] -> 0x0013
mem[X,0x000000008000125C] -> 0x0000
[1142] [M]: 0x000000008000125A (0x00000013) addi x0, x0, 0x0                        main+1658

mem[X,0x000000008000125E] -> 0x0001
[1143] [M]: 0x000000008000125E (0x0001) c.nop                                       main+1662

clint mtime 0x000000000000023C (mip.MTI <- 0b1, mip.STI <- 0b0)
mem[X,0x0000000080001260] -> 0x0593
mem[X,0x0000000080001262] -> 0x0010
[1144] [M]: 0x0000000080001260 (0x00100593) addi x11, x0, 0x1                       main+1664
x11 <- 0x0000000000000001

mem[X,0x0000000080001264] -> 0x5513
mem[X,0x0000000080001266] -> 0x00C5
[1145] [M]: 0x0000000080001264 (0x00C55513) srli x10, x10, 0xc                      main+1668
x10 <- 0x0000000000080007

clint mtime 0x000000000000023D (mip.MTI <- 0b1, mip.STI <- 0b0)
mem[X,0x0000000080001268] -> 0x1513
mem[X,0x000000008000126A] -> 0x00A5
[1146] [M]: 0x0000000080001268 (0x00A51513) slli x10, x10, 0xa                      main+1672
x10 <- 0x0000000020001C00

mem[X,0x000000008000126C] -> 0x6533
mem[X,0x000000008000126E] -> 0x00B5
[1147] [M]: 0x000000008000126C (0x00B56533) or x10, x10, x11                        main+1676
x10 <- 0x0000000020001C01

clint mtime 0x000000000000023E (mip.MTI <- 0b1, mip.STI <- 0b0)
mem[X,0x0000000080001270] -> 0x0013
mem[X,0x0000000080001272] -> 0x0000
[1148] [M]: 0x0000000080001270 (0x00000013) addi x0, x0, 0x0                        main+1680

mem[X,0x0000000080001274] -> 0x0013
mem[X,0x0000000080001276] -> 0x0000
[1149] [M]: 0x0000000080001274 (0x00000013) addi x0, x0, 0x0                        main+1684

clint mtime 0x000000000000023F (mip.MTI <- 0b1, mip.STI <- 0b0)
mem[X,0x0000000080001278] -> 0x0013
mem[X,0x000000008000127A] -> 0x0000
[1150] [M]: 0x0000000080001278 (0x00000013) addi x0, x0, 0x0                        main+1688

mem[X,0x000000008000127C] -> 0x0013
mem[X,0x000000008000127E] -> 0x0000
[1151] [M]: 0x000000008000127C (0x00000013) addi x0, x0, 0x0                        main+1692

clint mtime 0x0000000000000240 (mip.MTI <- 0b1, mip.STI <- 0b0)
mem[X,0x0000000080001280] -> 0x7317
mem[X,0x0000000080001282] -> 0x0000
[1152] [M]: 0x0000000080001280 (0x00007317) auipc x6, 0x7                           main+1696
x6 <- 0x0000000080008280

mem[X,0x0000000080001284] -> 0x0313
mem[X,0x0000000080001286] -> 0xD803
[1153] [M]: 0x0000000080001284 (0xD8030313) addi x6, x6, -0x280                     main+1700
x6 <- 0x0000000080008000

clint mtime 0x0000000000000241 (mip.MTI <- 0b1, mip.STI <- 0b0)
mem[X,0x0000000080001288] -> 0x0001
[1154] [M]: 0x0000000080001288 (0x0001) c.nop                                       main+1704

mem[X,0x000000008000128A] -> 0x0013
mem[X,0x000000008000128C] -> 0x0000
[1155] [M]: 0x000000008000128A (0x00000013) addi x0, x0, 0x0                        main+1706

clint mtime 0x0000000000000242 (mip.MTI <- 0b1, mip.STI <- 0b0)
mem[X,0x000000008000128E] -> 0x0013
mem[X,0x0000000080001290] -> 0x0000
[1156] [M]: 0x000000008000128E (0x00000013) addi x0, x0, 0x0                        main+1710

mem[X,0x0000000080001292] -> 0x0013
mem[X,0x0000000080001294] -> 0x0000
[1157] [M]: 0x0000000080001292 (0x00000013) addi x0, x0, 0x0                        main+1714

clint mtime 0x0000000000000243 (mip.MTI <- 0b1, mip.STI <- 0b0)
mem[X,0x0000000080001296] -> 0x0013
mem[X,0x0000000080001298] -> 0x0000
[1158] [M]: 0x0000000080001296 (0x00000013) addi x0, x0, 0x0                        main+1718

mem[X,0x000000008000129A] -> 0x0013
mem[X,0x000000008000129C] -> 0x0000
[1159] [M]: 0x000000008000129A (0x00000013) addi x0, x0, 0x0                        main+1722

clint mtime 0x0000000000000244 (mip.MTI <- 0b1, mip.STI <- 0b0)
mem[X,0x000000008000129E] -> 0x0001
[1160] [M]: 0x000000008000129E (0x0001) c.nop                                       main+1726

mem[X,0x00000000800012A0] -> 0x0293
mem[X,0x00000000800012A2] -> 0x0000
[1161] [M]: 0x00000000800012A0 (0x00000293) addi x5, x0, 0x0                        main+1728
x5 <- 0x0000000000000000

clint mtime 0x0000000000000245 (mip.MTI <- 0b1, mip.STI <- 0b0)
mem[X,0x00000000800012A4] -> 0x0333
mem[X,0x00000000800012A6] -> 0x0053
[1162] [M]: 0x00000000800012A4 (0x00530333) add x6, x6, x5                          main+1732
x6 <- 0x0000000080008000

mem[X,0x00000000800012A8] -> 0x3023
mem[X,0x00000000800012AA] -> 0x00A3
[1163] [M]: 0x00000000800012A8 (0x00A33023) sd x10, 0x0(x6)                         main+1736
mem[W,0x0000000080008000] <- 0x0000000020001C01

clint mtime 0x0000000000000246 (mip.MTI <- 0b1, mip.STI <- 0b0)
mem[X,0x00000000800012AC] -> 0x0013
mem[X,0x00000000800012AE] -> 0x0000
[1164] [M]: 0x00000000800012AC (0x00000013) addi x0, x0, 0x0                        main+1740

mem[X,0x00000000800012B0] -> 0x0013
mem[X,0x00000000800012B2] -> 0x0000
[1165] [M]: 0x00000000800012B0 (0x00000013) addi x0, x0, 0x0                        main+1744

clint mtime 0x0000000000000247 (mip.MTI <- 0b1, mip.STI <- 0b0)
mem[X,0x00000000800012B4] -> 0x0013
mem[X,0x00000000800012B6] -> 0x0000
[1166] [M]: 0x00000000800012B4 (0x00000013) addi x0, x0, 0x0                        main+1748

mem[X,0x00000000800012B8] -> 0x0013
mem[X,0x00000000800012BA] -> 0x0000
[1167] [M]: 0x00000000800012B8 (0x00000013) addi x0, x0, 0x0                        main+1752

clint mtime 0x0000000000000248 (mip.MTI <- 0b1, mip.STI <- 0b0)
mem[X,0x00000000800012BC] -> 0x0013
mem[X,0x00000000800012BE] -> 0x0000
[1168] [M]: 0x00000000800012BC (0x00000013) addi x0, x0, 0x0                        main+1756

mem[X,0x00000000800012C0] -> 0xF517
mem[X,0x00000000800012C2] -> 0xFFFF
[1169] [M]: 0x00000000800012C0 (0xFFFFF517) auipc x10, -0x1                         main+1760
x10 <- 0x00000000800002C0

clint mtime 0x0000000000000249 (mip.MTI <- 0b1, mip.STI <- 0b0)
mem[X,0x00000000800012C4] -> 0x0513
mem[X,0x00000000800012C6] -> 0x1405
[1170] [M]: 0x00000000800012C4 (0x14050513) addi x10, x10, 0x140                    main+1764
x10 <- 0x0000000080000400

mem[X,0x00000000800012C8] -> 0x0001
[1171] [M]: 0x00000000800012C8 (0x0001) c.nop                                       main+1768

clint mtime 0x000000000000024A (mip.MTI <- 0b1, mip.STI <- 0b0)
mem[X,0x00000000800012CA] -> 0x0013
mem[X,0x00000000800012CC] -> 0x0000
[1172] [M]: 0x00000000800012CA (0x00000013) addi x0, x0, 0x0                        main+1770

mem[X,0x00000000800012CE] -> 0x0013
mem[X,0x00000000800012D0] -> 0x0000
[1173] [M]: 0x00000000800012CE (0x00000013) addi x0, x0, 0x0                        main+1774

clint mtime 0x000000000000024B (mip.MTI <- 0b1, mip.STI <- 0b0)
mem[X,0x00000000800012D2] -> 0x0013
mem[X,0x00000000800012D4] -> 0x0000
[1174] [M]: 0x00000000800012D2 (0x00000013) addi x0, x0, 0x0                        main+1778

mem[X,0x00000000800012D6] -> 0x0013
mem[X,0x00000000800012D8] -> 0x0000
[1175] [M]: 0x00000000800012D6 (0x00000013) addi x0, x0, 0x0                        main+1782

clint mtime 0x000000000000024C (mip.MTI <- 0b1, mip.STI <- 0b0)
mem[X,0x00000000800012DA] -> 0x0013
mem[X,0x00000000800012DC] -> 0x0000
[1176] [M]: 0x00000000800012DA (0x00000013) addi x0, x0, 0x0                        main+1786

mem[X,0x00000000800012DE] -> 0x0001
[1177] [M]: 0x00000000800012DE (0x0001) c.nop                                       main+1790

clint mtime 0x000000000000024D (mip.MTI <- 0b1, mip.STI <- 0b0)
mem[X,0x00000000800012E0] -> 0x0593
mem[X,0x00000000800012E2] -> 0x0DF0
[1178] [M]: 0x00000000800012E0 (0x0DF00593) addi x11, x0, 0xdf                      main+1792
x11 <- 0x00000000000000DF

mem[X,0x00000000800012E4] -> 0x5513
mem[X,0x00000000800012E6] -> 0x00C5
[1179] [M]: 0x00000000800012E4 (0x00C55513) srli x10, x10, 0xc                      main+1796
x10 <- 0x0000000000080000

clint mtime 0x000000000000024E (mip.MTI <- 0b1, mip.STI <- 0b0)
mem[X,0x00000000800012E8] -> 0x1513
mem[X,0x00000000800012EA] -> 0x00A5
[1180] [M]: 0x00000000800012E8 (0x00A51513) slli x10, x10, 0xa                      main+1800
x10 <- 0x0000000020000000

mem[X,0x00000000800012EC] -> 0x6533
mem[X,0x00000000800012EE] -> 0x00B5
[1181] [M]: 0x00000000800012EC (0x00B56533) or x10, x10, x11                        main+1804
x10 <- 0x00000000200000DF

clint mtime 0x000000000000024F (mip.MTI <- 0b1, mip.STI <- 0b0)
mem[X,0x00000000800012F0] -> 0x0013
mem[X,0x00000000800012F2] -> 0x0000
[1182] [M]: 0x00000000800012F0 (0x00000013) addi x0, x0, 0x0                        main+1808

mem[X,0x00000000800012F4] -> 0x0013
mem[X,0x00000000800012F6] -> 0x0000
[1183] [M]: 0x00000000800012F4 (0x00000013) addi x0, x0, 0x0                        main+1812

clint mtime 0x0000000000000250 (mip.MTI <- 0b1, mip.STI <- 0b0)
mem[X,0x00000000800012F8] -> 0x0013
mem[X,0x00000000800012FA] -> 0x0000
[1184] [M]: 0x00000000800012F8 (0x00000013) addi x0, x0, 0x0                        main+1816

mem[X,0x00000000800012FC] -> 0x0013
mem[X,0x00000000800012FE] -> 0x0000
[1185] [M]: 0x00000000800012FC (0x00000013) addi x0, x0, 0x0                        main+1820

clint mtime 0x0000000000000251 (mip.MTI <- 0b1, mip.STI <- 0b0)
mem[X,0x0000000080001300] -> 0x6317
mem[X,0x0000000080001302] -> 0x0000
[1186] [M]: 0x0000000080001300 (0x00006317) auipc x6, 0x6                           main+1824
x6 <- 0x0000000080007300

mem[X,0x0000000080001304] -> 0x0313
mem[X,0x0000000080001306] -> 0xD003
[1187] [M]: 0x0000000080001304 (0xD0030313) addi x6, x6, -0x300                     main+1828
x6 <- 0x0000000080007000

clint mtime 0x0000000000000252 (mip.MTI <- 0b1, mip.STI <- 0b0)
mem[X,0x0000000080001308] -> 0x0001
[1188] [M]: 0x0000000080001308 (0x0001) c.nop                                       main+1832

mem[X,0x000000008000130A] -> 0x0013
mem[X,0x000000008000130C] -> 0x0000
[1189] [M]: 0x000000008000130A (0x00000013) addi x0, x0, 0x0                        main+1834

clint mtime 0x0000000000000253 (mip.MTI <- 0b1, mip.STI <- 0b0)
mem[X,0x000000008000130E] -> 0x0013
mem[X,0x0000000080001310] -> 0x0000
[1190] [M]: 0x000000008000130E (0x00000013) addi x0, x0, 0x0                        main+1838

mem[X,0x0000000080001312] -> 0x0013
mem[X,0x0000000080001314] -> 0x0000
[1191] [M]: 0x0000000080001312 (0x00000013) addi x0, x0, 0x0                        main+1842

clint mtime 0x0000000000000254 (mip.MTI <- 0b1, mip.STI <- 0b0)
mem[X,0x0000000080001316] -> 0x0013
mem[X,0x0000000080001318] -> 0x0000
[1192] [M]: 0x0000000080001316 (0x00000013) addi x0, x0, 0x0                        main+1846

mem[X,0x000000008000131A] -> 0x0013
mem[X,0x000000008000131C] -> 0x0000
[1193] [M]: 0x000000008000131A (0x00000013) addi x0, x0, 0x0                        main+1850

clint mtime 0x0000000000000255 (mip.MTI <- 0b1, mip.STI <- 0b0)
mem[X,0x000000008000131E] -> 0x0001
[1194] [M]: 0x000000008000131E (0x0001) c.nop                                       main+1854

mem[X,0x0000000080001320] -> 0x0293
mem[X,0x0000000080001322] -> 0x0000
[1195] [M]: 0x0000000080001320 (0x00000293) addi x5, x0, 0x0                        main+1856
x5 <- 0x0000000000000000

clint mtime 0x0000000000000256 (mip.MTI <- 0b1, mip.STI <- 0b0)
mem[X,0x0000000080001324] -> 0x0333
mem[X,0x0000000080001326] -> 0x0053
[1196] [M]: 0x0000000080001324 (0x00530333) add x6, x6, x5                          main+1860
x6 <- 0x0000000080007000

mem[X,0x0000000080001328] -> 0x3023
mem[X,0x000000008000132A] -> 0x00A3
[1197] [M]: 0x0000000080001328 (0x00A33023) sd x10, 0x0(x6)                         main+1864
mem[W,0x0000000080007000] <- 0x00000000200000DF

clint mtime 0x0000000000000257 (mip.MTI <- 0b1, mip.STI <- 0b0)
mem[X,0x000000008000132C] -> 0x0073
mem[X,0x000000008000132E] -> 0x1200
[1198] [M]: 0x000000008000132C (0x12000073) sfence.vma x0, x0                       main+1868

mem[X,0x0000000080001330] -> 0x0493
mem[X,0x0000000080001332] -> 0x0010
[1199] [M]: 0x0000000080001330 (0x00100493) addi x9, x0, 0x1                        main+1872
x9 <- 0x0000000000000001

clint mtime 0x0000000000000258 (mip.MTI <- 0b1, mip.STI <- 0b0)
mem[X,0x0000000080001334] -> 0x9493
mem[X,0x0000000080001336] -> 0x00B4
[1200] [M]: 0x0000000080001334 (0x00B49493) slli x9, x9, 0xb                        main+1876
x9 <- 0x0000000000000800

mem[X,0x0000000080001338] -> 0xB073
mem[X,0x000000008000133A] -> 0x3004
[1201] [M]: 0x0000000080001338 (0x3004B073) csrrc x0, mstatus, x9                   main+1880
CSR mstatus (0x300) <- 0x0000000A00000000

clint mtime 0x0000000000000259 (mip.MTI <- 0b1, mip.STI <- 0b0)
mem[X,0x000000008000133C] -> 0x23F3
mem[X,0x000000008000133E] -> 0x3400
[1202] [M]: 0x000000008000133C (0x340023F3) csrrs x7, mscratch, x0                  main+1884
CSR mscratch (0x340) -> 0x0000000080005000
x7 <- 0x0000000080005000

mem[X,0x0000000080001340] -> 0xB303
mem[X,0x0000000080001342] -> 0x4703
[1203] [M]: 0x0000000080001340 (0x4703B303) ld x6, 0x470(x7)                        main+1888
mem[R,0x0000000080005470] -> 0x0000030080000B9C
x6 <- 0x0000030080000B9C

clint mtime 0x000000000000025A (mip.MTI <- 0b1, mip.STI <- 0b0)
mem[X,0x0000000080001344] -> 0xB483
mem[X,0x0000000080001346] -> 0x1D83
[1204] [M]: 0x0000000080001344 (0x1D83B483) ld x9, 0x1d8(x7)                        main+1892
mem[R,0x00000000800051D8] -> 0x0000000080000BB4
x9 <- 0x0000000080000BB4

mem[X,0x0000000080001348] -> 0x0333
mem[X,0x000000008000134A] -> 0x4093
[1205] [M]: 0x0000000080001348 (0x40930333) sub x6, x6, x9                          main+1896
x6 <- 0x000002FFFFFFFFE8

clint mtime 0x000000000000025B (mip.MTI <- 0b1, mip.STI <- 0b0)
mem[X,0x000000008000134C] -> 0x0313
mem[X,0x000000008000134E] -> 0x0103
[1206] [M]: 0x000000008000134C (0x01030313) addi x6, x6, 0x10                       main+1900
x6 <- 0x000002FFFFFFFFF8

mem[X,0x0000000080001350] -> 0x0497
mem[X,0x0000000080001352] -> 0x0000
[1207] [M]: 0x0000000080001350 (0x00000497) auipc x9, 0x0                           main+1904
x9 <- 0x0000000080001350

clint mtime 0x000000000000025C (mip.MTI <- 0b1, mip.STI <- 0b0)
mem[X,0x0000000080001354] -> 0x84B3
mem[X,0x0000000080001356] -> 0x0064
[1208] [M]: 0x0000000080001354 (0x006484B3) add x9, x9, x6                          main+1908
x9 <- 0x0000030080001348

mem[X,0x0000000080001358] -> 0x94F3
mem[X,0x000000008000135A] -> 0x3414
[1209] [M]: 0x0000000080001358 (0x341494F3) csrrw x9, mepc, x9                      main+1912
CSR mepc (0x341) <- 0x0000030080001348
x9 <- 0x000003008000119C

clint mtime 0x000000000000025D (mip.MTI <- 0b1, mip.STI <- 0b0)
mem[X,0x000000008000135C] -> 0x0073
mem[X,0x000000008000135E] -> 0x3020
[1210] [M]: 0x000000008000135C (0x30200073) mret                                    main+1916
CSR mstatus (0x300) <- 0x0000000A00000080
ret-ing from M to U

PTW: Start, vpn=0x30080001, access_type=X, privilege=Umem[R,0x0000000080009030] -> 0x00000000000000DB
PTW: Step, level=3, pte=0xDB, pte_addr=0x80009030
PTW: Success, final_ppn=0x80001, level=3mem[X,0x0000000080001348] -> 0x0333
PTW: Start, vpn=0x30080001, access_type=X, privilege=Umem[R,0x0000000080009030] -> 0x00000000000000DB
PTW: Step, level=3, pte=0xDB, pte_addr=0x80009030
PTW: Success, final_ppn=0x80001, level=3mem[X,0x000000008000134A] -> 0x4093
[1211] [U]: 0x0000030080001348 (0x40930333) sub x6, x6, x9                          va_rvtest_code_begin+1964
x6 <- 0xFFFFFFFF7FFFEE5C

clint mtime 0x000000000000025E (mip.MTI <- 0b1, mip.STI <- 0b0)
PTW: Start, vpn=0x30080001, access_type=X, privilege=Umem[R,0x0000000080009030] -> 0x00000000000000DB
PTW: Step, level=3, pte=0xDB, pte_addr=0x80009030
PTW: Success, final_ppn=0x80001, level=3mem[X,0x000000008000134C] -> 0x0313
PTW: Start, vpn=0x30080001, access_type=X, privilege=Umem[R,0x0000000080009030] -> 0x00000000000000DB
PTW: Step, level=3, pte=0xDB, pte_addr=0x80009030
PTW: Success, final_ppn=0x80001, level=3mem[X,0x000000008000134E] -> 0x0103
[1212] [U]: 0x000003008000134C (0x01030313) addi x6, x6, 0x10                       va_rvtest_code_begin+1968
x6 <- 0xFFFFFFFF7FFFEE6C

PTW: Start, vpn=0x30080001, access_type=X, privilege=Umem[R,0x0000000080009030] -> 0x00000000000000DB
PTW: Step, level=3, pte=0xDB, pte_addr=0x80009030
PTW: Success, final_ppn=0x80001, level=3mem[X,0x0000000080001350] -> 0x0497
PTW: Start, vpn=0x30080001, access_type=X, privilege=Umem[R,0x0000000080009030] -> 0x00000000000000DB
PTW: Step, level=3, pte=0xDB, pte_addr=0x80009030
PTW: Success, final_ppn=0x80001, level=3mem[X,0x0000000080001352] -> 0x0000
[1213] [U]: 0x0000030080001350 (0x00000497) auipc x9, 0x0                           va_rvtest_code_begin+1972
x9 <- 0x0000030080001350

clint mtime 0x000000000000025F (mip.MTI <- 0b1, mip.STI <- 0b0)
PTW: Start, vpn=0x30080001, access_type=X, privilege=Umem[R,0x0000000080009030] -> 0x00000000000000DB
PTW: Step, level=3, pte=0xDB, pte_addr=0x80009030
PTW: Success, final_ppn=0x80001, level=3mem[X,0x0000000080001354] -> 0x84B3
PTW: Start, vpn=0x30080001, access_type=X, privilege=Umem[R,0x0000000080009030] -> 0x00000000000000DB
PTW: Step, level=3, pte=0xDB, pte_addr=0x80009030
PTW: Success, final_ppn=0x80001, level=3mem[X,0x0000000080001356] -> 0x0064
[1214] [U]: 0x0000030080001354 (0x006484B3) add x9, x9, x6                          va_rvtest_code_begin+1976
x9 <- 0x00000300000001BC

PTW: Start, vpn=0x30080001, access_type=X, privilege=Umem[R,0x0000000080009030] -> 0x00000000000000DB
PTW: Step, level=3, pte=0xDB, pte_addr=0x80009030
PTW: Success, final_ppn=0x80001, level=3mem[X,0x0000000080001358] -> 0x94F3
PTW: Start, vpn=0x30080001, access_type=X, privilege=Umem[R,0x0000000080009030] -> 0x00000000000000DB
PTW: Step, level=3, pte=0xDB, pte_addr=0x80009030
PTW: Success, final_ppn=0x80001, level=3mem[X,0x000000008000135A] -> 0x3414
[1215] [U]: 0x0000030080001358 (0x341494F3) csrrw x9, mepc, x9                      va_rvtest_code_begin+1980
trapping from U to M to handle illegal-instruction
handling exc#illegal-instruction at priv M with tval 0x00000000341494F3
CSR mstatus (0x300) <- 0x0000000A00000000
CSR mcause (0x342) <- 0x0000000000000002
CSR mtval (0x343) <- 0x00000000341494F3
CSR mepc (0x341) <- 0x0000030080001358

clint mtime 0x0000000000000260 (mip.MTI <- 0b1, mip.STI <- 0b0)
mem[X,0x0000000080002800] -> 0x006F
mem[X,0x0000000080002802] -> 0x1000
[1216] [M]: 0x0000000080002800 (0x1000006F) jal x0, 0x100                           Mtrampoline+0

mem[X,0x0000000080002900] -> 0x1173
mem[X,0x0000000080002902] -> 0x3401
[1217] [M]: 0x0000000080002900 (0x34011173) csrrw x2, mscratch, x2                  trap_Mhandler+0
CSR mscratch (0x340) <- 0x0000000000000000
x2 <- 0x0000000080005000

clint mtime 0x0000000000000261 (mip.MTI <- 0b1, mip.STI <- 0b0)
mem[X,0x0000000080002904] -> 0x3423
mem[X,0x0000000080002906] -> 0x28B1
[1218] [M]: 0x0000000080002904 (0x28B13423) sd x11, 0x288(x2)                       trap_Mhandler+4
mem[W,0x0000000080005288] <- 0x00000000000000DF

mem[X,0x0000000080002908] -> 0x05EF
mem[X,0x000000008000290A] -> 0x0B80
[1219] [M]: 0x0000000080002908 (0x0B8005EF) jal x11, 0xb8                           trap_Mhandler+8
x11 <- 0x000000008000290C

clint mtime 0x0000000000000262 (mip.MTI <- 0b1, mip.STI <- 0b0)
mem[X,0x00000000800029C0] -> 0x3023
mem[X,0x00000000800029C2] -> 0x28A1
[1220] [M]: 0x00000000800029C0 (0x28A13023) sd x10, 0x280(x2)                       common_Mhandler+0
mem[W,0x0000000080005280] <- 0x00000000200000DF

mem[X,0x00000000800029C4] -> 0x1573
mem[X,0x00000000800029C6] -> 0x3401
[1221] [M]: 0x00000000800029C4 (0x34011573) csrrw x10, mscratch, x2                 common_Mhandler+4
CSR mscratch (0x340) <- 0x0000000080005000
x10 <- 0x0000000000000000

clint mtime 0x0000000000000263 (mip.MTI <- 0b1, mip.STI <- 0b0)
mem[X,0x00000000800029C8] -> 0x3823
mem[X,0x00000000800029CA] -> 0x28A1
[1222] [M]: 0x00000000800029C8 (0x28A13823) sd x10, 0x290(x2)                       common_Mhandler+8
mem[W,0x0000000080005290] <- 0x0000000000000000

mem[X,0x00000000800029CC] -> 0x3503
mem[X,0x00000000800029CE] -> 0x2301
[1223] [M]: 0x00000000800029CC (0x23013503) ld x10, 0x230(x2)                       common_Mhandler+12
mem[R,0x0000000080005230] -> 0x00000000800029D4
x10 <- 0x00000000800029D4

clint mtime 0x0000000000000264 (mip.MTI <- 0b1, mip.STI <- 0b0)
mem[X,0x00000000800029D0] -> 0x0067
mem[X,0x00000000800029D2] -> 0x0005
[1224] [M]: 0x00000000800029D0 (0x00050067) jalr x0, 0x0(x10)                       common_Mhandler+16

mem[X,0x00000000800029D4] -> 0x3C23
mem[X,0x00000000800029D6] -> 0x2691
[1225] [M]: 0x00000000800029D4 (0x26913C23) sd x9, 0x278(x2)                        common_Mentry+0
mem[W,0x0000000080005278] <- 0x00000300000001BC

clint mtime 0x0000000000000265 (mip.MTI <- 0b1, mip.STI <- 0b0)
mem[X,0x00000000800029D8] -> 0x3823
mem[X,0x00000000800029DA] -> 0x2681
[1226] [M]: 0x00000000800029D8 (0x26813823) sd x8, 0x270(x2)                        common_Mentry+4
mem[W,0x0000000080005270] <- 0x0000000000007F76

mem[X,0x00000000800029DC] -> 0x3423
mem[X,0x00000000800029DE] -> 0x2671
[1227] [M]: 0x00000000800029DC (0x26713423) sd x7, 0x268(x2)                        common_Mentry+8
mem[W,0x0000000080005268] <- 0x0000000080005000

clint mtime 0x0000000000000266 (mip.MTI <- 0b1, mip.STI <- 0b0)
mem[X,0x00000000800029E0] -> 0x3023
mem[X,0x00000000800029E2] -> 0x2661
[1228] [M]: 0x00000000800029E0 (0x26613023) sd x6, 0x260(x2)                        common_Mentry+12
mem[W,0x0000000080005260] <- 0xFFFFFFFF7FFFEE6C

mem[X,0x00000000800029E4] -> 0x2573
mem[X,0x00000000800029E6] -> 0x3420
[1229] [M]: 0x00000000800029E4 (0x34202573) csrrs x10, mcause, x0                   spcl_M2mmode_test+0
CSR mcause (0x342) -> 0x0000000000000002
x10 <- 0x0000000000000002

clint mtime 0x0000000000000267 (mip.MTI <- 0b1, mip.STI <- 0b0)
mem[X,0x00000000800029E8] -> 0x04B7
mem[X,0x00000000800029EA] -> 0x8000
[1230] [M]: 0x00000000800029E8 (0x800004B7) lui x9, -0x80000                        spcl_M2mmode_test+4
x9 <- 0xFFFFFFFF80000000

mem[X,0x00000000800029EC] -> 0x8493
mem[X,0x00000000800029EE] -> 0x0004
[1231] [M]: 0x00000000800029EC (0x00048493) addi x9, x9, 0x0                        spcl_M2mmode_test+8
x9 <- 0xFFFFFFFF80000000

clint mtime 0x0000000000000268 (mip.MTI <- 0b1, mip.STI <- 0b0)
mem[X,0x00000000800029F0] -> 0x9493
mem[X,0x00000000800029F2] -> 0x00B4
[1232] [M]: 0x00000000800029F0 (0x00B49493) slli x9, x9, 0xb                        spcl_M2mmode_test+12
x9 <- 0xFFFFFC0000000000

mem[X,0x00000000800029F4] -> 0x8493
mem[X,0x00000000800029F6] -> 0x0004
[1233] [M]: 0x00000000800029F4 (0x00048493) addi x9, x9, 0x0                        spcl_M2mmode_test+16
x9 <- 0xFFFFFC0000000000

clint mtime 0x0000000000000269 (mip.MTI <- 0b1, mip.STI <- 0b0)
mem[X,0x00000000800029F8] -> 0x9493
mem[X,0x00000000800029FA] -> 0x00B4
[1234] [M]: 0x00000000800029F8 (0x00B49493) slli x9, x9, 0xb                        spcl_M2mmode_test+20
x9 <- 0xFFE0000000000000

mem[X,0x00000000800029FC] -> 0x8493
mem[X,0x00000000800029FE] -> 0x0034
[1235] [M]: 0x00000000800029FC (0x00348493) addi x9, x9, 0x3                        spcl_M2mmode_test+24
x9 <- 0xFFE0000000000003

clint mtime 0x000000000000026A (mip.MTI <- 0b1, mip.STI <- 0b0)
mem[X,0x0000000080002A00] -> 0x9493
mem[X,0x0000000080002A02] -> 0x00A4
[1236] [M]: 0x0000000080002A00 (0x00A49493) slli x9, x9, 0xa                        spcl_M2mmode_test+28
x9 <- 0x8000000000000C00

mem[X,0x0000000080002A04] -> 0x8493
mem[X,0x0000000080002A06] -> 0x3FC4
[1237] [M]: 0x0000000080002A04 (0x3FC48493) addi x9, x9, 0x3fc                      spcl_M2mmode_test+32
x9 <- 0x8000000000000FFC

clint mtime 0x000000000000026B (mip.MTI <- 0b1, mip.STI <- 0b0)
mem[X,0x0000000080002A08] -> 0xF4B3
mem[X,0x0000000080002A0A] -> 0x00A4
[1238] [M]: 0x0000000080002A08 (0x00A4F4B3) and x9, x9, x10                         spcl_M2mmode_test+36
x9 <- 0x0000000000000000

mem[X,0x0000000080002A0C] -> 0x8493
mem[X,0x0000000080002A0E] -> 0xFF84
[1239] [M]: 0x0000000080002A0C (0xFF848493) addi x9, x9, -0x8                       spcl_M2mmode_test+40
x9 <- 0xFFFFFFFFFFFFFFF8

clint mtime 0x000000000000026C (mip.MTI <- 0b1, mip.STI <- 0b0)
mem[X,0x0000000080002A10] -> 0x9663
mem[X,0x0000000080002A12] -> 0x0004
[1240] [M]: 0x0000000080002A10 (0x00049663) bne x9, x0, 0xc                         spcl_M2mmode_test+44

mem[X,0x0000000080002A1C] -> 0x0393
mem[X,0x0000000080002A1E] -> 0x0200
[1241] [M]: 0x0000000080002A1C (0x02000393) addi x7, x0, 0x20                       Mtrapsig_ptr_upd+0
x7 <- 0x0000000000000020

clint mtime 0x000000000000026D (mip.MTI <- 0b1, mip.STI <- 0b0)
mem[X,0x0000000080002A20] -> 0x5263
mem[X,0x0000000080002A22] -> 0x0405
[1242] [M]: 0x0000000080002A20 (0x04055263) bge x10, x0, 0x44                       Mtrapsig_ptr_upd+4

mem[X,0x0000000080002A64] -> 0x2373
mem[X,0x0000000080002A66] -> 0x3010
[1243] [M]: 0x0000000080002A64 (0x30102373) csrrs x6, misa, x0                      Mxcpt_sig_sv+0
CSR misa (0x301) -> 0x800000000034112F
x6 <- 0x800000000034112F

clint mtime 0x000000000000026E (mip.MTI <- 0b1, mip.STI <- 0b0)
mem[X,0x0000000080002A68] -> 0x1313
mem[X,0x0000000080002A6A] -> 0x0383
[1244] [M]: 0x0000000080002A68 (0x03831313) slli x6, x6, 0x38                       Mxcpt_sig_sv+4
x6 <- 0x2F00000000000000

mem[X,0x0000000080002A6C] -> 0x5463
mem[X,0x0000000080002A6E] -> 0x0003
[1245] [M]: 0x0000000080002A6C (0x00035463) bge x6, x0, 0x8                         Mxcpt_sig_sv+8

clint mtime 0x000000000000026F (mip.MTI <- 0b1, mip.STI <- 0b0)
mem[X,0x0000000080002A74] -> 0x3303
mem[X,0x0000000080002A76] -> 0x2181
[1246] [M]: 0x0000000080002A74 (0x21813303) ld x6, 0x218(x2)                        Mtrap_sig_sv+0
mem[R,0x0000000080005218] -> 0x000000008000A398
x6 <- 0x000000008000A398

mem[X,0x0000000080002A78] -> 0x04B3
mem[X,0x0000000080002A7A] -> 0x0073
[1247] [M]: 0x0000000080002A78 (0x007304B3) add x9, x6, x7                          Mtrap_sig_sv+4
x9 <- 0x000000008000A3B8

clint mtime 0x0000000000000270 (mip.MTI <- 0b1, mip.STI <- 0b0)
mem[X,0x0000000080002A7C] -> 0x3C23
mem[X,0x0000000080002A7E] -> 0x2091
[1248] [M]: 0x0000000080002A7C (0x20913C23) sd x9, 0x218(x2)                        Mtrap_sig_sv+8
mem[W,0x0000000080005218] <- 0x000000008000A3B8

mem[X,0x0000000080002A80] -> 0x3403
mem[X,0x0000000080002A82] -> 0x1F81
[1249] [M]: 0x0000000080002A80 (0x1F813403) ld x8, 0x1f8(x2)                        Mtrap_sig_sv+12
mem[R,0x00000000800051F8] -> 0x000000008000A110
x8 <- 0x000000008000A110

clint mtime 0x0000000000000271 (mip.MTI <- 0b1, mip.STI <- 0b0)
mem[X,0x0000000080002A84] -> 0x0333
mem[X,0x0000000080002A86] -> 0x4083
[1250] [M]: 0x0000000080002A84 (0x40830333) sub x6, x6, x8                          Mtrap_sig_sv+16
x6 <- 0x0000000000000288

mem[X,0x0000000080002A88] -> 0x3403
mem[X,0x0000000080002A8A] -> 0x1F81
[1251] [M]: 0x0000000080002A88 (0x1F813403) ld x8, 0x1f8(x2)                        Mtrap_sig_sv+20
mem[R,0x00000000800051F8] -> 0x000000008000A110
x8 <- 0x000000008000A110

clint mtime 0x0000000000000272 (mip.MTI <- 0b1, mip.STI <- 0b0)
mem[X,0x0000000080002A8C] -> 0x0333
mem[X,0x0000000080002A8E] -> 0x0083
[1252] [M]: 0x0000000080002A8C (0x00830333) add x6, x6, x8                          Mtrap_sig_sv+24
x6 <- 0x000000008000A398

mem[X,0x0000000080002A90] -> 0x3403
mem[X,0x0000000080002A92] -> 0x2401
[1253] [M]: 0x0000000080002A90 (0x24013403) ld x8, 0x240(x2)                        Mtrap_sig_sv+28
mem[R,0x0000000080005240] -> 0x0000000080002800
x8 <- 0x0000000080002800

clint mtime 0x0000000000000273 (mip.MTI <- 0b1, mip.STI <- 0b0)
mem[X,0x0000000080002A94] -> 0x85B3
mem[X,0x0000000080002A96] -> 0x4085
[1254] [M]: 0x0000000080002A94 (0x408585B3) sub x11, x11, x8                        sv_Mvect+0
x11 <- 0x000000000000010C

mem[X,0x0000000080002A98] -> 0x9593
mem[X,0x0000000080002A9A] -> 0x0045
[1255] [M]: 0x0000000080002A98 (0x00459593) slli x11, x11, 0x4                      sv_Mvect+4
x11 <- 0x00000000000010C0

clint mtime 0x0000000000000274 (mip.MTI <- 0b1, mip.STI <- 0b0)
mem[X,0x0000000080002A9C] -> 0xE5B3
mem[X,0x0000000080002A9E] -> 0x0075
[1256] [M]: 0x0000000080002A9C (0x0075E5B3) or x11, x11, x7                         sv_Mvect+8
x11 <- 0x00000000000010E0

mem[X,0x0000000080002AA0] -> 0x8593
mem[X,0x0000000080002AA2] -> 0x0035
[1257] [M]: 0x0000000080002AA0 (0x00358593) addi x11, x11, 0x3                      sv_Mvect+12
x11 <- 0x00000000000010E3

clint mtime 0x0000000000000275 (mip.MTI <- 0b1, mip.STI <- 0b0)
mem[X,0x0000000080002AA4] -> 0x3023
mem[X,0x0000000080002AA6] -> 0x00B3
[1258] [M]: 0x0000000080002AA4 (0x00B33023) sd x11, 0x0(x6)                         sv_Mvect+16
mem[W,0x000000008000A398] <- 0x00000000000010E3

mem[X,0x0000000080002AA8] -> 0x3423
mem[X,0x0000000080002AAA] -> 0x00A3
[1259] [M]: 0x0000000080002AA8 (0x00A33423) sd x10, 0x8(x6)                         sv_Mcause+0
mem[W,0x000000008000A3A0] <- 0x0000000000000002

clint mtime 0x0000000000000276 (mip.MTI <- 0b1, mip.STI <- 0b0)
mem[X,0x0000000080002AAC] -> 0x4663
mem[X,0x0000000080002AAE] -> 0x1A05
[1260] [M]: 0x0000000080002AAC (0x1A054663) blt x10, x0, 0x1ac                      sv_Mcause+4

mem[X,0x0000000080002AB0] -> 0x25F3
mem[X,0x0000000080002AB2] -> 0x3000
[1261] [M]: 0x0000000080002AB0 (0x300025F3) csrrs x11, mstatus, x0                  common_Mexcpt_handler+0
CSR mstatus (0x300) -> 0x0000000A00000000
x11 <- 0x0000000A00000000

clint mtime 0x0000000000000277 (mip.MTI <- 0b1, mip.STI <- 0b0)
mem[X,0x0000000080002AB4] -> 0x9413
mem[X,0x0000000080002AB6] -> 0x02E5
[1262] [M]: 0x0000000080002AB4 (0x02E59413) slli x8, x11, 0x2e                      common_Mexcpt_handler+4
x8 <- 0x0000000000000000

mem[X,0x0000000080002AB8] -> 0x5463
mem[X,0x0000000080002ABA] -> 0x0004
[1263] [M]: 0x0000000080002AB8 (0x00045463) bge x8, x0, 0x8                         common_Mexcpt_handler+8

clint mtime 0x0000000000000278 (mip.MTI <- 0b1, mip.STI <- 0b0)
mem[X,0x0000000080002AC0] -> 0xD493
mem[X,0x0000000080002AC2] -> 0x00B5
[1264] [M]: 0x0000000080002AC0 (0x00B5D493) srli x9, x11, 0xb                       common_Mexcpt_handler+16
x9 <- 0x0000000001400000

mem[X,0x0000000080002AC4] -> 0xF493
mem[X,0x0000000080002AC6] -> 0x0034
[1265] [M]: 0x0000000080002AC4 (0x0034F493) andi x9, x9, 0x3                        common_Mexcpt_handler+20
x9 <- 0x0000000000000000

clint mtime 0x0000000000000279 (mip.MTI <- 0b1, mip.STI <- 0b0)
mem[X,0x0000000080002AC8] -> 0x8493
mem[X,0x0000000080002ACA] -> 0x0014
[1266] [M]: 0x0000000080002AC8 (0x00148493) addi x9, x9, 0x1                        common_Mexcpt_handler+24
x9 <- 0x0000000000000001

mem[X,0x0000000080002ACC] -> 0xF493
mem[X,0x0000000080002ACE] -> 0x0044
[1267] [M]: 0x0000000080002ACC (0x0044F493) andi x9, x9, 0x4                        common_Mexcpt_handler+28
x9 <- 0x0000000000000000

clint mtime 0x000000000000027A (mip.MTI <- 0b1, mip.STI <- 0b0)
mem[X,0x0000000080002AD0] -> 0x0593
mem[X,0x0000000080002AD2] -> 0x05D0
[1268] [M]: 0x0000000080002AD0 (0x05D00593) addi x11, x0, 0x5d                      common_Mexcpt_handler+32
x11 <- 0x000000000000005D

mem[X,0x0000000080002AD4] -> 0xD5B3
mem[X,0x0000000080002AD6] -> 0x0095
[1269] [M]: 0x0000000080002AD4 (0x0095D5B3) srl x11, x11, x9                        common_Mexcpt_handler+36
x11 <- 0x000000000000005D

clint mtime 0x000000000000027B (mip.MTI <- 0b1, mip.STI <- 0b0)
mem[X,0x0000000080002AD8] -> 0xF593
mem[X,0x0000000080002ADA] -> 0x0015
[1270] [M]: 0x0000000080002AD8 (0x0015F593) andi x11, x11, 0x1                      common_Mexcpt_handler+40
x11 <- 0x0000000000000001

mem[X,0x0000000080002ADC] -> 0x8EE3
mem[X,0x0000000080002ADE] -> 0xF405
[1271] [M]: 0x0000000080002ADC (0xF4058EE3) beq x11, x0, -0xa4                      common_Mexcpt_handler+44

clint mtime 0x000000000000027C (mip.MTI <- 0b1, mip.STI <- 0b0)
mem[X,0x0000000080002AE0] -> 0x0593
mem[X,0x0000000080002AE2] -> 0x2980
[1272] [M]: 0x0000000080002AE0 (0x29800593) addi x11, x0, 0x298                     common_Mexcpt_handler+48
x11 <- 0x0000000000000298

mem[X,0x0000000080002AE4] -> 0xF413
mem[X,0x0000000080002AE6] -> 0x0014
[1273] [M]: 0x0000000080002AE4 (0x0014F413) andi x8, x9, 0x1                        common_Mexcpt_handler+52
x8 <- 0x0000000000000000

clint mtime 0x000000000000027D (mip.MTI <- 0b1, mip.STI <- 0b0)
mem[X,0x0000000080002AE8] -> 0x95B3
mem[X,0x0000000080002AEA] -> 0x0085
[1274] [M]: 0x0000000080002AE8 (0x008595B3) sll x11, x11, x8                        common_Mexcpt_handler+56
x11 <- 0x0000000000000298

mem[X,0x0000000080002AEC] -> 0x9413
mem[X,0x0000000080002AEE] -> 0x03D4
[1275] [M]: 0x0000000080002AEC (0x03D49413) slli x8, x9, 0x3d                       common_Mexcpt_handler+60
x8 <- 0x0000000000000000

clint mtime 0x000000000000027E (mip.MTI <- 0b1, mip.STI <- 0b0)
mem[X,0x0000000080002AF0] -> 0x5413
mem[X,0x0000000080002AF2] -> 0x43F4
[1276] [M]: 0x0000000080002AF0 (0x43F45413) srai x8, x8, 0x3f                       common_Mexcpt_handler+64
x8 <- 0x0000000000000000

mem[X,0x0000000080002AF4] -> 0x4413
mem[X,0x0000000080002AF6] -> 0xFFF4
[1277] [M]: 0x0000000080002AF4 (0xFFF44413) xori x8, x8, -0x1                       common_Mexcpt_handler+68
x8 <- 0xFFFFFFFFFFFFFFFF

clint mtime 0x000000000000027F (mip.MTI <- 0b1, mip.STI <- 0b0)
mem[X,0x0000000080002AF8] -> 0xF4B3
mem[X,0x0000000080002AFA] -> 0x0085
[1278] [M]: 0x0000000080002AF8 (0x0085F4B3) and x9, x11, x8                         common_Mexcpt_handler+72
x9 <- 0x0000000000000298

mem[X,0x0000000080002AFC] -> 0x84B3
mem[X,0x0000000080002AFE] -> 0x0024
[1279] [M]: 0x0000000080002AFC (0x002484B3) add x9, x9, x2                          vmem_adj_Mepc+0
x9 <- 0x0000000080005298

clint mtime 0x0000000000000280 (mip.MTI <- 0b1, mip.STI <- 0b0)
mem[X,0x0000000080002B00] -> 0x23F3
mem[X,0x0000000080002B02] -> 0x3410
[1280] [M]: 0x0000000080002B00 (0x341023F3) csrrs x7, mepc, x0                      vmem_adj_Mepc+4
CSR mepc (0x341) -> 0x0000030080001358
x7 <- 0x0000030080001358

mem[X,0x0000000080002B04] -> 0x0413
mem[X,0x0000000080002B06] -> 0x0004
[1281] [M]: 0x0000000080002B04 (0x00040413) addi x8, x8, 0x0                        vmem_adj_Mepc+8
x8 <- 0xFFFFFFFFFFFFFFFF

clint mtime 0x0000000000000281 (mip.MTI <- 0b1, mip.STI <- 0b0)
mem[X,0x0000000080002B08] -> 0x006F
mem[X,0x0000000080002B0A] -> 0x0400
[1282] [M]: 0x0000000080002B08 (0x0400006F) jal x0, 0x40                            vmem_adj_Mepc+12

mem[X,0x0000000080002B48] -> 0x8433
mem[X,0x0000000080002B4A] -> 0x4083
[1283] [M]: 0x0000000080002B48 (0x40838433) sub x8, x7, x8                          adj_Mepc+0
x8 <- 0x0000030080001359

clint mtime 0x0000000000000282 (mip.MTI <- 0b1, mip.STI <- 0b0)
mem[X,0x0000000080002B4C] -> 0x3823
mem[X,0x0000000080002B4E] -> 0x0083
[1284] [M]: 0x0000000080002B4C (0x00833823) sd x8, 0x10(x6)                         sv_Mepc+0
mem[W,0x000000008000A3A8] <- 0x0000030080001359

mem[X,0x0000000080002B50] -> 0x55B7
mem[X,0x0000000080002B52] -> 0x0000
[1285] [M]: 0x0000000080002B50 (0x000055B7) lui x11, 0x5                            sv_Mepc+4
x11 <- 0x0000000000005000

clint mtime 0x0000000000000283 (mip.MTI <- 0b1, mip.STI <- 0b0)
mem[X,0x0000000080002B54] -> 0x8593
mem[X,0x0000000080002B56] -> 0x6675
[1286] [M]: 0x0000000080002B54 (0x66758593) addi x11, x11, 0x667                    sv_Mepc+8
x11 <- 0x0000000000005667

mem[X,0x0000000080002B58] -> 0x9593
mem[X,0x0000000080002B5A] -> 0x0015
[1287] [M]: 0x0000000080002B58 (0x00159593) slli x11, x11, 0x1                      sv_Mepc+12
x11 <- 0x000000000000ACCE

clint mtime 0x0000000000000284 (mip.MTI <- 0b1, mip.STI <- 0b0)
mem[X,0x0000000080002B5C] -> 0x9063
mem[X,0x0000000080002B5E] -> 0x02B1
[1288] [M]: 0x0000000080002B5C (0x02B19063) bne x3, x11, 0x20                       sv_Mepc+16

mem[X,0x0000000080002B60] -> 0x2473
mem[X,0x0000000080002B62] -> 0x3420
[1289] [M]: 0x0000000080002B60 (0x34202473) csrrs x8, mcause, x0                    sv_Mepc+20
CSR mcause (0x342) -> 0x0000000000000002
x8 <- 0x0000000000000002

clint mtime 0x0000000000000285 (mip.MTI <- 0b1, mip.STI <- 0b0)
mem[X,0x0000000080002B64] -> 0x0593
mem[X,0x0000000080002B66] -> 0x00C0
[1290] [M]: 0x0000000080002B64 (0x00C00593) addi x11, x0, 0xc                       sv_Mepc+24
x11 <- 0x000000000000000C

mem[X,0x0000000080002B68] -> 0x0663
mem[X,0x0000000080002B6A] -> 0x00B4
[1291] [M]: 0x0000000080002B68 (0x00B40663) beq x8, x11, 0xc                        sv_Mepc+28

clint mtime 0x0000000000000286 (mip.MTI <- 0b1, mip.STI <- 0b0)
mem[X,0x0000000080002B6C] -> 0x0593
mem[X,0x0000000080002B6E] -> 0x0010
[1292] [M]: 0x0000000080002B6C (0x00100593) addi x11, x0, 0x1                       sv_Mepc+32
x11 <- 0x0000000000000001

mem[X,0x0000000080002B70] -> 0x1663
mem[X,0x0000000080002B72] -> 0x00B4
[1293] [M]: 0x0000000080002B70 (0x00B41663) bne x8, x11, 0xc                        sv_Mepc+36

clint mtime 0x0000000000000287 (mip.MTI <- 0b1, mip.STI <- 0b0)
mem[X,0x0000000080002B7C] -> 0xF593
mem[X,0x0000000080002B7E] -> 0xFFC3
[1294] [M]: 0x0000000080002B7C (0xFFC3F593) andi x11, x7, -0x4                      adj_Mepc_rtn+0
x11 <- 0x0000030080001358

mem[X,0x0000000080002B80] -> 0x8593
mem[X,0x0000000080002B82] -> 0x0085
[1295] [M]: 0x0000000080002B80 (0x00858593) addi x11, x11, 0x8                      adj_Mepc_rtn+4
x11 <- 0x0000030080001360

clint mtime 0x0000000000000288 (mip.MTI <- 0b1, mip.STI <- 0b0)
mem[X,0x0000000080002B84] -> 0x9073
mem[X,0x0000000080002B86] -> 0x3415
[1296] [M]: 0x0000000080002B84 (0x34159073) csrrw x0, mepc, x11                     adj_Mepc_rtn+8
CSR mepc (0x341) <- 0x0000030080001360

mem[X,0x0000000080002B88] -> 0x23F3
mem[X,0x0000000080002B8A] -> 0x3430
[1297] [M]: 0x0000000080002B88 (0x343023F3) csrrs x7, mtval, x0                     skp_adj_Mepc+0
CSR mtval (0x343) -> 0x00000000341494F3
x7 <- 0x00000000341494F3

clint mtime 0x0000000000000289 (mip.MTI <- 0b1, mip.STI <- 0b0)
mem[X,0x0000000080002B8C] -> 0x0413
mem[X,0x0000000080002B8E] -> 0x0004
[1298] [M]: 0x0000000080002B8C (0x00040413) addi x8, x8, 0x0                        skp_adj_Mepc+4
x8 <- 0x0000000000000002

mem[X,0x0000000080002B90] -> 0x006F
mem[X,0x0000000080002B92] -> 0x0840
[1299] [M]: 0x0000000080002B90 (0x0840006F) jal x0, 0x84                            skp_adj_Mepc+8

clint mtime 0x000000000000028A (mip.MTI <- 0b1, mip.STI <- 0b0)
mem[X,0x0000000080002C14] -> 0x8433
mem[X,0x0000000080002C16] -> 0x4083
[1300] [M]: 0x0000000080002C14 (0x40838433) sub x8, x7, x8                          adj_Mtval+0
x8 <- 0x00000000341494F1

mem[X,0x0000000080002C18] -> 0x3C23
mem[X,0x0000000080002C1A] -> 0x0083
[1301] [M]: 0x0000000080002C18 (0x00833C23) sd x8, 0x18(x6)                         sv_Mtval+0
mem[W,0x000000008000A3B0] <- 0x00000000341494F1

clint mtime 0x000000000000028B (mip.MTI <- 0b1, mip.STI <- 0b0)
mem[X,0x0000000080002C1C] -> 0x3483
mem[X,0x0000000080002C1E] -> 0x2181
[1302] [M]: 0x0000000080002C1C (0x21813483) ld x9, 0x218(x2)                        skp_Mtval+0
mem[R,0x0000000080005218] -> 0x000000008000A3B8
x9 <- 0x000000008000A3B8

mem[X,0x0000000080002C20] -> 0x3383
mem[X,0x0000000080002C22] -> 0x1F81
[1303] [M]: 0x0000000080002C20 (0x1F813383) ld x7, 0x1f8(x2)                        skp_Mtval+4
mem[R,0x00000000800051F8] -> 0x000000008000A110
x7 <- 0x000000008000A110

clint mtime 0x000000000000028C (mip.MTI <- 0b1, mip.STI <- 0b0)
mem[X,0x0000000080002C24] -> 0x3303
mem[X,0x0000000080002C26] -> 0x2001
[1304] [M]: 0x0000000080002C24 (0x20013303) ld x6, 0x200(x2)                        skp_Mtval+8
mem[R,0x0000000080005200] -> 0x0000000000000410
x6 <- 0x0000000000000410

mem[X,0x0000000080002C28] -> 0x0333
mem[X,0x0000000080002C2A] -> 0x0073
[1305] [M]: 0x0000000080002C28 (0x00730333) add x6, x6, x7                          skp_Mtval+12
x6 <- 0x000000008000A520

clint mtime 0x000000000000028D (mip.MTI <- 0b1, mip.STI <- 0b0)
mem[X,0x0000000080002C2C] -> 0x6AE3
mem[X,0x0000000080002C2E] -> 0xAC93
[1306] [M]: 0x0000000080002C2C (0xAC936AE3) bltu x6, x9, -0x52c                     skp_Mtval+16

mem[X,0x0000000080002C30] -> 0x0393
mem[X,0x0000000080002C32] -> 0x2000
[1307] [M]: 0x0000000080002C30 (0x20000393) addi x7, x0, 0x200                      skp_Mtval+20
x7 <- 0x0000000000000200

clint mtime 0x000000000000028E (mip.MTI <- 0b1, mip.STI <- 0b0)
mem[X,0x0000000080002C34] -> 0x006F
mem[X,0x0000000080002C36] -> 0x0400
[1308] [M]: 0x0000000080002C34 (0x0400006F) jal x0, 0x40                            skp_Mtval+24

mem[X,0x0000000080002C74] -> 0x0417
mem[X,0x0000000080002C76] -> 0x0000
[1309] [M]: 0x0000000080002C74 (0x00000417) auipc x8, 0x0                           spcl_Mhandler+0
x8 <- 0x0000000080002C74

clint mtime 0x000000000000028F (mip.MTI <- 0b1, mip.STI <- 0b0)
mem[X,0x0000000080002C78] -> 0x0413
mem[X,0x0000000080002C7A] -> 0x03C4
[1310] [M]: 0x0000000080002C78 (0x03C40413) addi x8, x8, 0x3c                       spcl_Mhandler+4
x8 <- 0x0000000080002CB0

mem[X,0x0000000080002C7C] -> 0x0433
mem[X,0x0000000080002C7E] -> 0x0074
[1311] [M]: 0x0000000080002C7C (0x00740433) add x8, x8, x7                          spcl_Mhandler+8
x8 <- 0x0000000080002EB0

clint mtime 0x0000000000000290 (mip.MTI <- 0b1, mip.STI <- 0b0)
mem[X,0x0000000080002C80] -> 0x1393
mem[X,0x0000000080002C82] -> 0x0035
[1312] [M]: 0x0000000080002C80 (0x00351393) slli x7, x10, 0x3                       spcl_Mhandler+12
x7 <- 0x0000000000000010

mem[X,0x0000000080002C84] -> 0x0433
mem[X,0x0000000080002C86] -> 0x0074
[1313] [M]: 0x0000000080002C84 (0x00740433) add x8, x8, x7                          spcl_Mhandler+16
x8 <- 0x0000000080002EC0

clint mtime 0x0000000000000291 (mip.MTI <- 0b1, mip.STI <- 0b0)
mem[X,0x0000000080002C88] -> 0x7413
mem[X,0x0000000080002C8A] -> 0xFF84
[1314] [M]: 0x0000000080002C88 (0xFF847413) andi x8, x8, -0x8                       spcl_Mhandler+20
x8 <- 0x0000000080002EC0

mem[X,0x0000000080002C8C] -> 0x3403
mem[X,0x0000000080002C8E] -> 0x0004
[1315] [M]: 0x0000000080002C8C (0x00043403) ld x8, 0x0(x8)                          spcl_Mhandler+24
mem[R,0x0000000080002EC0] -> 0x0000000000000005
x8 <- 0x0000000000000005

clint mtime 0x0000000000000292 (mip.MTI <- 0b1, mip.STI <- 0b0)
mem[X,0x0000000080002C90] -> 0x02E3
mem[X,0x0000000080002C92] -> 0xB004
[1316] [M]: 0x0000000080002C90 (0xB00402E3) beq x8, x0, -0x4fc                      spcl_Mdispatch_hndling+0

mem[X,0x0000000080002C94] -> 0x1393
mem[X,0x0000000080002C96] -> 0x03F4
[1317] [M]: 0x0000000080002C94 (0x03F41393) slli x7, x8, 0x3f                       spcl_Mdispatch_hndling+4
x7 <- 0x8000000000000000

clint mtime 0x0000000000000293 (mip.MTI <- 0b1, mip.STI <- 0b0)
mem[X,0x0000000080002C98] -> 0xD863
mem[X,0x0000000080002C9A] -> 0x0003
[1318] [M]: 0x0000000080002C98 (0x0003D863) bge x7, x0, 0x10                        spcl_Mdispatch_hndling+8

mem[X,0x0000000080002C9C] -> 0x5413
mem[X,0x0000000080002C9E] -> 0x0014
[1319] [M]: 0x0000000080002C9C (0x00145413) srli x8, x8, 0x1                        spcl_Mdispatch_hndling+12
x8 <- 0x0000000000000002

clint mtime 0x0000000000000294 (mip.MTI <- 0b1, mip.STI <- 0b0)
mem[X,0x0000000080002CA0] -> 0x0CE3
mem[X,0x0000000080002CA2] -> 0xF885
[1320] [M]: 0x0000000080002CA0 (0xF8850CE3) beq x10, x8, -0x68                      spcl_Mdispatch_hndling+16

mem[X,0x0000000080002C38] -> 0x3303
mem[X,0x0000000080002C3A] -> 0x2601
[1321] [M]: 0x0000000080002C38 (0x26013303) ld x6, 0x260(x2)                        resto_Mrtn+0
mem[R,0x0000000080005260] -> 0xFFFFFFFF7FFFEE6C
x6 <- 0xFFFFFFFF7FFFEE6C

clint mtime 0x0000000000000295 (mip.MTI <- 0b1, mip.STI <- 0b0)
mem[X,0x0000000080002C3C] -> 0x3383
mem[X,0x0000000080002C3E] -> 0x2681
[1322] [M]: 0x0000000080002C3C (0x26813383) ld x7, 0x268(x2)                        resto_Mrtn+4
mem[R,0x0000000080005268] -> 0x0000000080005000
x7 <- 0x0000000080005000

mem[X,0x0000000080002C40] -> 0x3403
mem[X,0x0000000080002C42] -> 0x2701
[1323] [M]: 0x0000000080002C40 (0x27013403) ld x8, 0x270(x2)                        resto_Mrtn+8
mem[R,0x0000000080005270] -> 0x0000000000007F76
x8 <- 0x0000000000007F76

clint mtime 0x0000000000000296 (mip.MTI <- 0b1, mip.STI <- 0b0)
mem[X,0x0000000080002C44] -> 0x3483
mem[X,0x0000000080002C46] -> 0x2781
[1324] [M]: 0x0000000080002C44 (0x27813483) ld x9, 0x278(x2)                        resto_Mrtn+12
mem[R,0x0000000080005278] -> 0x00000300000001BC
x9 <- 0x00000300000001BC

mem[X,0x0000000080002C48] -> 0x3503
mem[X,0x0000000080002C4A] -> 0x2801
[1325] [M]: 0x0000000080002C48 (0x28013503) ld x10, 0x280(x2)                       resto_Mrtn+16
mem[R,0x0000000080005280] -> 0x00000000200000DF
x10 <- 0x00000000200000DF

clint mtime 0x0000000000000297 (mip.MTI <- 0b1, mip.STI <- 0b0)
mem[X,0x0000000080002C4C] -> 0x3583
mem[X,0x0000000080002C4E] -> 0x2881
[1326] [M]: 0x0000000080002C4C (0x28813583) ld x11, 0x288(x2)                       resto_Mrtn+20
mem[R,0x0000000080005288] -> 0x00000000000000DF
x11 <- 0x00000000000000DF

mem[X,0x0000000080002C50] -> 0x3103
mem[X,0x0000000080002C52] -> 0x2901
[1327] [M]: 0x0000000080002C50 (0x29013103) ld x2, 0x290(x2)                        resto_Mrtn+24
mem[R,0x0000000080005290] -> 0x0000000000000000
x2 <- 0x0000000000000000

clint mtime 0x0000000000000298 (mip.MTI <- 0b1, mip.STI <- 0b0)
mem[X,0x0000000080002C54] -> 0x0073
mem[X,0x0000000080002C56] -> 0x3020
[1328] [M]: 0x0000000080002C54 (0x30200073) mret                                    resto_Mrtn+28
CSR mstatus (0x300) <- 0x0000000A00000080
ret-ing from M to U

PTW: Start, vpn=0x30080001, access_type=X, privilege=Umem[R,0x0000000080009030] -> 0x00000000000000DB
PTW: Step, level=3, pte=0xDB, pte_addr=0x80009030
PTW: Success, final_ppn=0x80001, level=3mem[X,0x0000000080001360] -> 0x07B7
PTW: Start, vpn=0x30080001, access_type=X, privilege=Umem[R,0x0000000080009030] -> 0x00000000000000DB
PTW: Step, level=3, pte=0xDB, pte_addr=0x80009030
PTW: Success, final_ppn=0x80001, level=3mem[X,0x0000000080001362] -> 0x0000
[1329] [U]: 0x0000030080001360 (0x000007B7) lui x15, 0x0                            va_rvtest_code_begin+1988
x15 <- 0x0000000000000000

clint mtime 0x0000000000000299 (mip.MTI <- 0b1, mip.STI <- 0b0)
PTW: Start, vpn=0x30080001, access_type=X, privilege=Umem[R,0x0000000080009030] -> 0x00000000000000DB
PTW: Step, level=3, pte=0xDB, pte_addr=0x80009030
PTW: Success, final_ppn=0x80001, level=3mem[X,0x0000000080001364] -> 0x8793
PTW: Start, vpn=0x30080001, access_type=X, privilege=Umem[R,0x0000000080009030] -> 0x00000000000000DB
PTW: Step, level=3, pte=0xDB, pte_addr=0x80009030
PTW: Success, final_ppn=0x80001, level=3mem[X,0x0000000080001366] -> 0x2807
[1330] [U]: 0x0000030080001364 (0x28078793) addi x15, x15, 0x280                    va_rvtest_code_begin+1992
x15 <- 0x0000000000000280

PTW: Start, vpn=0x30080001, access_type=X, privilege=Umem[R,0x0000000080009030] -> 0x00000000000000DB
PTW: Step, level=3, pte=0xDB, pte_addr=0x80009030
PTW: Success, final_ppn=0x80001, level=3mem[X,0x0000000080001368] -> 0x9793
PTW: Start, vpn=0x30080001, access_type=X, privilege=Umem[R,0x0000000080009030] -> 0x00000000000000DB
PTW: Step, level=3, pte=0xDB, pte_addr=0x80009030
PTW: Success, final_ppn=0x80001, level=3mem[X,0x000000008000136A] -> 0x00B7
[1331] [U]: 0x0000030080001368 (0x00B79793) slli x15, x15, 0xb                      va_rvtest_code_begin+1996
x15 <- 0x0000000000140000

clint mtime 0x000000000000029A (mip.MTI <- 0b1, mip.STI <- 0b0)
PTW: Start, vpn=0x30080001, access_type=X, privilege=Umem[R,0x0000000080009030] -> 0x00000000000000DB
PTW: Step, level=3, pte=0xDB, pte_addr=0x80009030
PTW: Success, final_ppn=0x80001, level=3mem[X,0x000000008000136C] -> 0x8793
PTW: Start, vpn=0x30080001, access_type=X, privilege=Umem[R,0x0000000080009030] -> 0x00000000000000DB
PTW: Step, level=3, pte=0xDB, pte_addr=0x80009030
PTW: Success, final_ppn=0x80001, level=3mem[X,0x000000008000136E] -> 0x0007
[1332] [U]: 0x000003008000136C (0x00078793) addi x15, x15, 0x0                      va_rvtest_code_begin+2000
x15 <- 0x0000000000140000

PTW: Start, vpn=0x30080001, access_type=X, privilege=Umem[R,0x0000000080009030] -> 0x00000000000000DB
PTW: Step, level=3, pte=0xDB, pte_addr=0x80009030
PTW: Success, final_ppn=0x80001, level=3mem[X,0x0000000080001370] -> 0x9793
PTW: Start, vpn=0x30080001, access_type=X, privilege=Umem[R,0x0000000080009030] -> 0x00000000000000DB
PTW: Step, level=3, pte=0xDB, pte_addr=0x80009030
PTW: Success, final_ppn=0x80001, level=3mem[X,0x0000000080001372] -> 0x00B7
[1333] [U]: 0x0000030080001370 (0x00B79793) slli x15, x15, 0xb                      va_rvtest_code_begin+2004
x15 <- 0x00000000A0000000

clint mtime 0x000000000000029B (mip.MTI <- 0b1, mip.STI <- 0b0)
PTW: Start, vpn=0x30080001, access_type=X, privilege=Umem[R,0x0000000080009030] -> 0x00000000000000DB
PTW: Step, level=3, pte=0xDB, pte_addr=0x80009030
PTW: Success, final_ppn=0x80001, level=3mem[X,0x0000000080001374] -> 0x8793
PTW: Start, vpn=0x30080001, access_type=X, privilege=Umem[R,0x0000000080009030] -> 0x00000000000000DB
PTW: Step, level=3, pte=0xDB, pte_addr=0x80009030
PTW: Success, final_ppn=0x80001, level=3mem[X,0x0000000080001376] -> 0x0017
[1334] [U]: 0x0000030080001374 (0x00178793) addi x15, x15, 0x1                      va_rvtest_code_begin+2008
x15 <- 0x00000000A0000001

PTW: Start, vpn=0x30080001, access_type=X, privilege=Umem[R,0x0000000080009030] -> 0x00000000000000DB
PTW: Step, level=3, pte=0xDB, pte_addr=0x80009030
PTW: Success, final_ppn=0x80001, level=3mem[X,0x0000000080001378] -> 0x9793
PTW: Start, vpn=0x30080001, access_type=X, privilege=Umem[R,0x0000000080009030] -> 0x00000000000000DB
PTW: Step, level=3, pte=0xDB, pte_addr=0x80009030
PTW: Success, final_ppn=0x80001, level=3mem[X,0x000000008000137A] -> 0x00A7
[1335] [U]: 0x0000030080001378 (0x00A79793) slli x15, x15, 0xa                      va_rvtest_code_begin+2012
x15 <- 0x0000028000000400

clint mtime 0x000000000000029C (mip.MTI <- 0b1, mip.STI <- 0b0)
PTW: Start, vpn=0x30080001, access_type=X, privilege=Umem[R,0x0000000080009030] -> 0x00000000000000DB
PTW: Step, level=3, pte=0xDB, pte_addr=0x80009030
PTW: Success, final_ppn=0x80001, level=3mem[X,0x000000008000137C] -> 0x0613
PTW: Start, vpn=0x30080001, access_type=X, privilege=Umem[R,0x0000000080009030] -> 0x00000000000000DB
PTW: Step, level=3, pte=0xDB, pte_addr=0x80009030
PTW: Success, final_ppn=0x80001, level=3mem[X,0x000000008000137E] -> 0x0106
[1336] [U]: 0x000003008000137C (0x01060613) addi x12, x12, 0x10                     va_rvtest_code_begin+2016
x12 <- 0x0000000000000030

PTW: Start, vpn=0x30080001, access_type=X, privilege=Umem[R,0x0000000080009030] -> 0x00000000000000DB
PTW: Step, level=3, pte=0xDB, pte_addr=0x80009030
PTW: Success, final_ppn=0x80001, level=3mem[X,0x0000000080001380] -> 0xAA23
PTW: Start, vpn=0x30080001, access_type=X, privilege=Umem[R,0x0000000080009030] -> 0x00000000000000DB
PTW: Step, level=3, pte=0xDB, pte_addr=0x80009030
PTW: Success, final_ppn=0x80001, level=3mem[X,0x0000000080001382] -> 0x00C7
[1337] [U]: 0x0000030080001380 (0x00C7AA23) sw x12, 0x14(x15)                       va_rvtest_code_begin+2020
PTW: Start, vpn=0x28000000, access_type=W, privilege=Umem[R,0x0000000080009028] -> 0x0000000020002001
PTW: Step, level=3, pte=0x20002001, pte_addr=0x80009028
PTW: Start, vpn=0x28000000, access_type=W, privilege=Umem[R,0x0000000080008000] -> 0x0000000020001C01
PTW: Step, level=2, pte=0x20001C01, pte_addr=0x80008000
PTW: Start, vpn=0x28000000, access_type=W, privilege=Umem[R,0x0000000080007000] -> 0x00000000200000DF
PTW: Step, level=1, pte=0x200000DF, pte_addr=0x80007000
PTW: Success, final_ppn=0x80000, level=1trapping from U to M to handle store/amo-access-fault
handling exc#store/amo-access-fault at priv M with tval 0x0000028000000414
CSR mstatus (0x300) <- 0x0000000A00000000
CSR mcause (0x342) <- 0x0000000000000007
CSR mtval (0x343) <- 0x0000028000000414
CSR mepc (0x341) <- 0x0000030080001380

clint mtime 0x000000000000029D (mip.MTI <- 0b1, mip.STI <- 0b0)
mem[X,0x0000000080002800] -> 0x006F
mem[X,0x0000000080002802] -> 0x1000
[1338] [M]: 0x0000000080002800 (0x1000006F) jal x0, 0x100                           Mtrampoline+0

mem[X,0x0000000080002900] -> 0x1173
mem[X,0x0000000080002902] -> 0x3401
[1339] [M]: 0x0000000080002900 (0x34011173) csrrw x2, mscratch, x2                  trap_Mhandler+0
CSR mscratch (0x340) <- 0x0000000000000000
x2 <- 0x0000000080005000

clint mtime 0x000000000000029E (mip.MTI <- 0b1, mip.STI <- 0b0)
mem[X,0x0000000080002904] -> 0x3423
mem[X,0x0000000080002906] -> 0x28B1
[1340] [M]: 0x0000000080002904 (0x28B13423) sd x11, 0x288(x2)                       trap_Mhandler+4
mem[W,0x0000000080005288] <- 0x00000000000000DF

mem[X,0x0000000080002908] -> 0x05EF
mem[X,0x000000008000290A] -> 0x0B80
[1341] [M]: 0x0000000080002908 (0x0B8005EF) jal x11, 0xb8                           trap_Mhandler+8
x11 <- 0x000000008000290C

clint mtime 0x000000000000029F (mip.MTI <- 0b1, mip.STI <- 0b0)
mem[X,0x00000000800029C0] -> 0x3023
mem[X,0x00000000800029C2] -> 0x28A1
[1342] [M]: 0x00000000800029C0 (0x28A13023) sd x10, 0x280(x2)                       common_Mhandler+0
mem[W,0x0000000080005280] <- 0x00000000200000DF

mem[X,0x00000000800029C4] -> 0x1573
mem[X,0x00000000800029C6] -> 0x3401
[1343] [M]: 0x00000000800029C4 (0x34011573) csrrw x10, mscratch, x2                 common_Mhandler+4
CSR mscratch (0x340) <- 0x0000000080005000
x10 <- 0x0000000000000000

clint mtime 0x00000000000002A0 (mip.MTI <- 0b1, mip.STI <- 0b0)
mem[X,0x00000000800029C8] -> 0x3823
mem[X,0x00000000800029CA] -> 0x28A1
[1344] [M]: 0x00000000800029C8 (0x28A13823) sd x10, 0x290(x2)                       common_Mhandler+8
mem[W,0x0000000080005290] <- 0x0000000000000000

mem[X,0x00000000800029CC] -> 0x3503
mem[X,0x00000000800029CE] -> 0x2301
[1345] [M]: 0x00000000800029CC (0x23013503) ld x10, 0x230(x2)                       common_Mhandler+12
mem[R,0x0000000080005230] -> 0x00000000800029D4
x10 <- 0x00000000800029D4

clint mtime 0x00000000000002A1 (mip.MTI <- 0b1, mip.STI <- 0b0)
mem[X,0x00000000800029D0] -> 0x0067
mem[X,0x00000000800029D2] -> 0x0005
[1346] [M]: 0x00000000800029D0 (0x00050067) jalr x0, 0x0(x10)                       common_Mhandler+16

mem[X,0x00000000800029D4] -> 0x3C23
mem[X,0x00000000800029D6] -> 0x2691
[1347] [M]: 0x00000000800029D4 (0x26913C23) sd x9, 0x278(x2)                        common_Mentry+0
mem[W,0x0000000080005278] <- 0x00000300000001BC

clint mtime 0x00000000000002A2 (mip.MTI <- 0b1, mip.STI <- 0b0)
mem[X,0x00000000800029D8] -> 0x3823
mem[X,0x00000000800029DA] -> 0x2681
[1348] [M]: 0x00000000800029D8 (0x26813823) sd x8, 0x270(x2)                        common_Mentry+4
mem[W,0x0000000080005270] <- 0x0000000000007F76

mem[X,0x00000000800029DC] -> 0x3423
mem[X,0x00000000800029DE] -> 0x2671
[1349] [M]: 0x00000000800029DC (0x26713423) sd x7, 0x268(x2)                        common_Mentry+8
mem[W,0x0000000080005268] <- 0x0000000080005000

clint mtime 0x00000000000002A3 (mip.MTI <- 0b1, mip.STI <- 0b0)
mem[X,0x00000000800029E0] -> 0x3023
mem[X,0x00000000800029E2] -> 0x2661
[1350] [M]: 0x00000000800029E0 (0x26613023) sd x6, 0x260(x2)                        common_Mentry+12
mem[W,0x0000000080005260] <- 0xFFFFFFFF7FFFEE6C

mem[X,0x00000000800029E4] -> 0x2573
mem[X,0x00000000800029E6] -> 0x3420
[1351] [M]: 0x00000000800029E4 (0x34202573) csrrs x10, mcause, x0                   spcl_M2mmode_test+0
CSR mcause (0x342) -> 0x0000000000000007
x10 <- 0x0000000000000007

clint mtime 0x00000000000002A4 (mip.MTI <- 0b1, mip.STI <- 0b0)
mem[X,0x00000000800029E8] -> 0x04B7
mem[X,0x00000000800029EA] -> 0x8000
[1352] [M]: 0x00000000800029E8 (0x800004B7) lui x9, -0x80000                        spcl_M2mmode_test+4
x9 <- 0xFFFFFFFF80000000

mem[X,0x00000000800029EC] -> 0x8493
mem[X,0x00000000800029EE] -> 0x0004
[1353] [M]: 0x00000000800029EC (0x00048493) addi x9, x9, 0x0                        spcl_M2mmode_test+8
x9 <- 0xFFFFFFFF80000000

clint mtime 0x00000000000002A5 (mip.MTI <- 0b1, mip.STI <- 0b0)
mem[X,0x00000000800029F0] -> 0x9493
mem[X,0x00000000800029F2] -> 0x00B4
[1354] [M]: 0x00000000800029F0 (0x00B49493) slli x9, x9, 0xb                        spcl_M2mmode_test+12
x9 <- 0xFFFFFC0000000000

mem[X,0x00000000800029F4] -> 0x8493
mem[X,0x00000000800029F6] -> 0x0004
[1355] [M]: 0x00000000800029F4 (0x00048493) addi x9, x9, 0x0                        spcl_M2mmode_test+16
x9 <- 0xFFFFFC0000000000

clint mtime 0x00000000000002A6 (mip.MTI <- 0b1, mip.STI <- 0b0)
mem[X,0x00000000800029F8] -> 0x9493
mem[X,0x00000000800029FA] -> 0x00B4
[1356] [M]: 0x00000000800029F8 (0x00B49493) slli x9, x9, 0xb                        spcl_M2mmode_test+20
x9 <- 0xFFE0000000000000

mem[X,0x00000000800029FC] -> 0x8493
mem[X,0x00000000800029FE] -> 0x0034
[1357] [M]: 0x00000000800029FC (0x00348493) addi x9, x9, 0x3                        spcl_M2mmode_test+24
x9 <- 0xFFE0000000000003

clint mtime 0x00000000000002A7 (mip.MTI <- 0b1, mip.STI <- 0b0)
mem[X,0x0000000080002A00] -> 0x9493
mem[X,0x0000000080002A02] -> 0x00A4
[1358] [M]: 0x0000000080002A00 (0x00A49493) slli x9, x9, 0xa                        spcl_M2mmode_test+28
x9 <- 0x8000000000000C00

mem[X,0x0000000080002A04] -> 0x8493
mem[X,0x0000000080002A06] -> 0x3FC4
[1359] [M]: 0x0000000080002A04 (0x3FC48493) addi x9, x9, 0x3fc                      spcl_M2mmode_test+32
x9 <- 0x8000000000000FFC

clint mtime 0x00000000000002A8 (mip.MTI <- 0b1, mip.STI <- 0b0)
mem[X,0x0000000080002A08] -> 0xF4B3
mem[X,0x0000000080002A0A] -> 0x00A4
[1360] [M]: 0x0000000080002A08 (0x00A4F4B3) and x9, x9, x10                         spcl_M2mmode_test+36
x9 <- 0x0000000000000004

mem[X,0x0000000080002A0C] -> 0x8493
mem[X,0x0000000080002A0E] -> 0xFF84
[1361] [M]: 0x0000000080002A0C (0xFF848493) addi x9, x9, -0x8                       spcl_M2mmode_test+40
x9 <- 0xFFFFFFFFFFFFFFFC

clint mtime 0x00000000000002A9 (mip.MTI <- 0b1, mip.STI <- 0b0)
mem[X,0x0000000080002A10] -> 0x9663
mem[X,0x0000000080002A12] -> 0x0004
[1362] [M]: 0x0000000080002A10 (0x00049663) bne x9, x0, 0xc                         spcl_M2mmode_test+44

mem[X,0x0000000080002A1C] -> 0x0393
mem[X,0x0000000080002A1E] -> 0x0200
[1363] [M]: 0x0000000080002A1C (0x02000393) addi x7, x0, 0x20                       Mtrapsig_ptr_upd+0
x7 <- 0x0000000000000020

clint mtime 0x00000000000002AA (mip.MTI <- 0b1, mip.STI <- 0b0)
mem[X,0x0000000080002A20] -> 0x5263
mem[X,0x0000000080002A22] -> 0x0405
[1364] [M]: 0x0000000080002A20 (0x04055263) bge x10, x0, 0x44                       Mtrapsig_ptr_upd+4

mem[X,0x0000000080002A64] -> 0x2373
mem[X,0x0000000080002A66] -> 0x3010
[1365] [M]: 0x0000000080002A64 (0x30102373) csrrs x6, misa, x0                      Mxcpt_sig_sv+0
CSR misa (0x301) -> 0x800000000034112F
x6 <- 0x800000000034112F

clint mtime 0x00000000000002AB (mip.MTI <- 0b1, mip.STI <- 0b0)
mem[X,0x0000000080002A68] -> 0x1313
mem[X,0x0000000080002A6A] -> 0x0383
[1366] [M]: 0x0000000080002A68 (0x03831313) slli x6, x6, 0x38                       Mxcpt_sig_sv+4
x6 <- 0x2F00000000000000

mem[X,0x0000000080002A6C] -> 0x5463
mem[X,0x0000000080002A6E] -> 0x0003
[1367] [M]: 0x0000000080002A6C (0x00035463) bge x6, x0, 0x8                         Mxcpt_sig_sv+8

clint mtime 0x00000000000002AC (mip.MTI <- 0b1, mip.STI <- 0b0)
mem[X,0x0000000080002A74] -> 0x3303
mem[X,0x0000000080002A76] -> 0x2181
[1368] [M]: 0x0000000080002A74 (0x21813303) ld x6, 0x218(x2)                        Mtrap_sig_sv+0
mem[R,0x0000000080005218] -> 0x000000008000A3B8
x6 <- 0x000000008000A3B8

mem[X,0x0000000080002A78] -> 0x04B3
mem[X,0x0000000080002A7A] -> 0x0073
[1369] [M]: 0x0000000080002A78 (0x007304B3) add x9, x6, x7                          Mtrap_sig_sv+4
x9 <- 0x000000008000A3D8

clint mtime 0x00000000000002AD (mip.MTI <- 0b1, mip.STI <- 0b0)
mem[X,0x0000000080002A7C] -> 0x3C23
mem[X,0x0000000080002A7E] -> 0x2091
[1370] [M]: 0x0000000080002A7C (0x20913C23) sd x9, 0x218(x2)                        Mtrap_sig_sv+8
mem[W,0x0000000080005218] <- 0x000000008000A3D8

mem[X,0x0000000080002A80] -> 0x3403
mem[X,0x0000000080002A82] -> 0x1F81
[1371] [M]: 0x0000000080002A80 (0x1F813403) ld x8, 0x1f8(x2)                        Mtrap_sig_sv+12
mem[R,0x00000000800051F8] -> 0x000000008000A110
x8 <- 0x000000008000A110

clint mtime 0x00000000000002AE (mip.MTI <- 0b1, mip.STI <- 0b0)
mem[X,0x0000000080002A84] -> 0x0333
mem[X,0x0000000080002A86] -> 0x4083
[1372] [M]: 0x0000000080002A84 (0x40830333) sub x6, x6, x8                          Mtrap_sig_sv+16
x6 <- 0x00000000000002A8

mem[X,0x0000000080002A88] -> 0x3403
mem[X,0x0000000080002A8A] -> 0x1F81
[1373] [M]: 0x0000000080002A88 (0x1F813403) ld x8, 0x1f8(x2)                        Mtrap_sig_sv+20
mem[R,0x00000000800051F8] -> 0x000000008000A110
x8 <- 0x000000008000A110

clint mtime 0x00000000000002AF (mip.MTI <- 0b1, mip.STI <- 0b0)
mem[X,0x0000000080002A8C] -> 0x0333
mem[X,0x0000000080002A8E] -> 0x0083
[1374] [M]: 0x0000000080002A8C (0x00830333) add x6, x6, x8                          Mtrap_sig_sv+24
x6 <- 0x000000008000A3B8

mem[X,0x0000000080002A90] -> 0x3403
mem[X,0x0000000080002A92] -> 0x2401
[1375] [M]: 0x0000000080002A90 (0x24013403) ld x8, 0x240(x2)                        Mtrap_sig_sv+28
mem[R,0x0000000080005240] -> 0x0000000080002800
x8 <- 0x0000000080002800

clint mtime 0x00000000000002B0 (mip.MTI <- 0b1, mip.STI <- 0b0)
mem[X,0x0000000080002A94] -> 0x85B3
mem[X,0x0000000080002A96] -> 0x4085
[1376] [M]: 0x0000000080002A94 (0x408585B3) sub x11, x11, x8                        sv_Mvect+0
x11 <- 0x000000000000010C

mem[X,0x0000000080002A98] -> 0x9593
mem[X,0x0000000080002A9A] -> 0x0045
[1377] [M]: 0x0000000080002A98 (0x00459593) slli x11, x11, 0x4                      sv_Mvect+4
x11 <- 0x00000000000010C0

clint mtime 0x00000000000002B1 (mip.MTI <- 0b1, mip.STI <- 0b0)
mem[X,0x0000000080002A9C] -> 0xE5B3
mem[X,0x0000000080002A9E] -> 0x0075
[1378] [M]: 0x0000000080002A9C (0x0075E5B3) or x11, x11, x7                         sv_Mvect+8
x11 <- 0x00000000000010E0

mem[X,0x0000000080002AA0] -> 0x8593
mem[X,0x0000000080002AA2] -> 0x0035
[1379] [M]: 0x0000000080002AA0 (0x00358593) addi x11, x11, 0x3                      sv_Mvect+12
x11 <- 0x00000000000010E3

clint mtime 0x00000000000002B2 (mip.MTI <- 0b1, mip.STI <- 0b0)
mem[X,0x0000000080002AA4] -> 0x3023
mem[X,0x0000000080002AA6] -> 0x00B3
[1380] [M]: 0x0000000080002AA4 (0x00B33023) sd x11, 0x0(x6)                         sv_Mvect+16
mem[W,0x000000008000A3B8] <- 0x00000000000010E3

mem[X,0x0000000080002AA8] -> 0x3423
mem[X,0x0000000080002AAA] -> 0x00A3
[1381] [M]: 0x0000000080002AA8 (0x00A33423) sd x10, 0x8(x6)                         sv_Mcause+0
mem[W,0x000000008000A3C0] <- 0x0000000000000007

clint mtime 0x00000000000002B3 (mip.MTI <- 0b1, mip.STI <- 0b0)
mem[X,0x0000000080002AAC] -> 0x4663
mem[X,0x0000000080002AAE] -> 0x1A05
[1382] [M]: 0x0000000080002AAC (0x1A054663) blt x10, x0, 0x1ac                      sv_Mcause+4

mem[X,0x0000000080002AB0] -> 0x25F3
mem[X,0x0000000080002AB2] -> 0x3000
[1383] [M]: 0x0000000080002AB0 (0x300025F3) csrrs x11, mstatus, x0                  common_Mexcpt_handler+0
CSR mstatus (0x300) -> 0x0000000A00000000
x11 <- 0x0000000A00000000

clint mtime 0x00000000000002B4 (mip.MTI <- 0b1, mip.STI <- 0b0)
mem[X,0x0000000080002AB4] -> 0x9413
mem[X,0x0000000080002AB6] -> 0x02E5
[1384] [M]: 0x0000000080002AB4 (0x02E59413) slli x8, x11, 0x2e                      common_Mexcpt_handler+4
x8 <- 0x0000000000000000

mem[X,0x0000000080002AB8] -> 0x5463
mem[X,0x0000000080002ABA] -> 0x0004
[1385] [M]: 0x0000000080002AB8 (0x00045463) bge x8, x0, 0x8                         common_Mexcpt_handler+8

clint mtime 0x00000000000002B5 (mip.MTI <- 0b1, mip.STI <- 0b0)
mem[X,0x0000000080002AC0] -> 0xD493
mem[X,0x0000000080002AC2] -> 0x00B5
[1386] [M]: 0x0000000080002AC0 (0x00B5D493) srli x9, x11, 0xb                       common_Mexcpt_handler+16
x9 <- 0x0000000001400000

mem[X,0x0000000080002AC4] -> 0xF493
mem[X,0x0000000080002AC6] -> 0x0034
[1387] [M]: 0x0000000080002AC4 (0x0034F493) andi x9, x9, 0x3                        common_Mexcpt_handler+20
x9 <- 0x0000000000000000

clint mtime 0x00000000000002B6 (mip.MTI <- 0b1, mip.STI <- 0b0)
mem[X,0x0000000080002AC8] -> 0x8493
mem[X,0x0000000080002ACA] -> 0x0014
[1388] [M]: 0x0000000080002AC8 (0x00148493) addi x9, x9, 0x1                        common_Mexcpt_handler+24
x9 <- 0x0000000000000001

mem[X,0x0000000080002ACC] -> 0xF493
mem[X,0x0000000080002ACE] -> 0x0044
[1389] [M]: 0x0000000080002ACC (0x0044F493) andi x9, x9, 0x4                        common_Mexcpt_handler+28
x9 <- 0x0000000000000000

clint mtime 0x00000000000002B7 (mip.MTI <- 0b1, mip.STI <- 0b0)
mem[X,0x0000000080002AD0] -> 0x0593
mem[X,0x0000000080002AD2] -> 0x05D0
[1390] [M]: 0x0000000080002AD0 (0x05D00593) addi x11, x0, 0x5d                      common_Mexcpt_handler+32
x11 <- 0x000000000000005D

mem[X,0x0000000080002AD4] -> 0xD5B3
mem[X,0x0000000080002AD6] -> 0x0095
[1391] [M]: 0x0000000080002AD4 (0x0095D5B3) srl x11, x11, x9                        common_Mexcpt_handler+36
x11 <- 0x000000000000005D

clint mtime 0x00000000000002B8 (mip.MTI <- 0b1, mip.STI <- 0b0)
mem[X,0x0000000080002AD8] -> 0xF593
mem[X,0x0000000080002ADA] -> 0x0015
[1392] [M]: 0x0000000080002AD8 (0x0015F593) andi x11, x11, 0x1                      common_Mexcpt_handler+40
x11 <- 0x0000000000000001

mem[X,0x0000000080002ADC] -> 0x8EE3
mem[X,0x0000000080002ADE] -> 0xF405
[1393] [M]: 0x0000000080002ADC (0xF4058EE3) beq x11, x0, -0xa4                      common_Mexcpt_handler+44

clint mtime 0x00000000000002B9 (mip.MTI <- 0b1, mip.STI <- 0b0)
mem[X,0x0000000080002AE0] -> 0x0593
mem[X,0x0000000080002AE2] -> 0x2980
[1394] [M]: 0x0000000080002AE0 (0x29800593) addi x11, x0, 0x298                     common_Mexcpt_handler+48
x11 <- 0x0000000000000298

mem[X,0x0000000080002AE4] -> 0xF413
mem[X,0x0000000080002AE6] -> 0x0014
[1395] [M]: 0x0000000080002AE4 (0x0014F413) andi x8, x9, 0x1                        common_Mexcpt_handler+52
x8 <- 0x0000000000000000

clint mtime 0x00000000000002BA (mip.MTI <- 0b1, mip.STI <- 0b0)
mem[X,0x0000000080002AE8] -> 0x95B3
mem[X,0x0000000080002AEA] -> 0x0085
[1396] [M]: 0x0000000080002AE8 (0x008595B3) sll x11, x11, x8                        common_Mexcpt_handler+56
x11 <- 0x0000000000000298

mem[X,0x0000000080002AEC] -> 0x9413
mem[X,0x0000000080002AEE] -> 0x03D4
[1397] [M]: 0x0000000080002AEC (0x03D49413) slli x8, x9, 0x3d                       common_Mexcpt_handler+60
x8 <- 0x0000000000000000

clint mtime 0x00000000000002BB (mip.MTI <- 0b1, mip.STI <- 0b0)
mem[X,0x0000000080002AF0] -> 0x5413
mem[X,0x0000000080002AF2] -> 0x43F4
[1398] [M]: 0x0000000080002AF0 (0x43F45413) srai x8, x8, 0x3f                       common_Mexcpt_handler+64
x8 <- 0x0000000000000000

mem[X,0x0000000080002AF4] -> 0x4413
mem[X,0x0000000080002AF6] -> 0xFFF4
[1399] [M]: 0x0000000080002AF4 (0xFFF44413) xori x8, x8, -0x1                       common_Mexcpt_handler+68
x8 <- 0xFFFFFFFFFFFFFFFF

clint mtime 0x00000000000002BC (mip.MTI <- 0b1, mip.STI <- 0b0)
mem[X,0x0000000080002AF8] -> 0xF4B3
mem[X,0x0000000080002AFA] -> 0x0085
[1400] [M]: 0x0000000080002AF8 (0x0085F4B3) and x9, x11, x8                         common_Mexcpt_handler+72
x9 <- 0x0000000000000298

mem[X,0x0000000080002AFC] -> 0x84B3
mem[X,0x0000000080002AFE] -> 0x0024
[1401] [M]: 0x0000000080002AFC (0x002484B3) add x9, x9, x2                          vmem_adj_Mepc+0
x9 <- 0x0000000080005298

clint mtime 0x00000000000002BD (mip.MTI <- 0b1, mip.STI <- 0b0)
mem[X,0x0000000080002B00] -> 0x23F3
mem[X,0x0000000080002B02] -> 0x3410
[1402] [M]: 0x0000000080002B00 (0x341023F3) csrrs x7, mepc, x0                      vmem_adj_Mepc+4
CSR mepc (0x341) -> 0x0000030080001380
x7 <- 0x0000030080001380

mem[X,0x0000000080002B04] -> 0x0413
mem[X,0x0000000080002B06] -> 0x0004
[1403] [M]: 0x0000000080002B04 (0x00040413) addi x8, x8, 0x0                        vmem_adj_Mepc+8
x8 <- 0xFFFFFFFFFFFFFFFF

clint mtime 0x00000000000002BE (mip.MTI <- 0b1, mip.STI <- 0b0)
mem[X,0x0000000080002B08] -> 0x006F
mem[X,0x0000000080002B0A] -> 0x0400
[1404] [M]: 0x0000000080002B08 (0x0400006F) jal x0, 0x40                            vmem_adj_Mepc+12

mem[X,0x0000000080002B48] -> 0x8433
mem[X,0x0000000080002B4A] -> 0x4083
[1405] [M]: 0x0000000080002B48 (0x40838433) sub x8, x7, x8                          adj_Mepc+0
x8 <- 0x0000030080001381

clint mtime 0x00000000000002BF (mip.MTI <- 0b1, mip.STI <- 0b0)
mem[X,0x0000000080002B4C] -> 0x3823
mem[X,0x0000000080002B4E] -> 0x0083
[1406] [M]: 0x0000000080002B4C (0x00833823) sd x8, 0x10(x6)                         sv_Mepc+0
mem[W,0x000000008000A3C8] <- 0x0000030080001381

mem[X,0x0000000080002B50] -> 0x55B7
mem[X,0x0000000080002B52] -> 0x0000
[1407] [M]: 0x0000000080002B50 (0x000055B7) lui x11, 0x5                            sv_Mepc+4
x11 <- 0x0000000000005000

clint mtime 0x00000000000002C0 (mip.MTI <- 0b1, mip.STI <- 0b0)
mem[X,0x0000000080002B54] -> 0x8593
mem[X,0x0000000080002B56] -> 0x6675
[1408] [M]: 0x0000000080002B54 (0x66758593) addi x11, x11, 0x667                    sv_Mepc+8
x11 <- 0x0000000000005667

mem[X,0x0000000080002B58] -> 0x9593
mem[X,0x0000000080002B5A] -> 0x0015
[1409] [M]: 0x0000000080002B58 (0x00159593) slli x11, x11, 0x1                      sv_Mepc+12
x11 <- 0x000000000000ACCE

clint mtime 0x00000000000002C1 (mip.MTI <- 0b1, mip.STI <- 0b0)
mem[X,0x0000000080002B5C] -> 0x9063
mem[X,0x0000000080002B5E] -> 0x02B1
[1410] [M]: 0x0000000080002B5C (0x02B19063) bne x3, x11, 0x20                       sv_Mepc+16

mem[X,0x0000000080002B60] -> 0x2473
mem[X,0x0000000080002B62] -> 0x3420
[1411] [M]: 0x0000000080002B60 (0x34202473) csrrs x8, mcause, x0                    sv_Mepc+20
CSR mcause (0x342) -> 0x0000000000000007
x8 <- 0x0000000000000007

clint mtime 0x00000000000002C2 (mip.MTI <- 0b1, mip.STI <- 0b0)
mem[X,0x0000000080002B64] -> 0x0593
mem[X,0x0000000080002B66] -> 0x00C0
[1412] [M]: 0x0000000080002B64 (0x00C00593) addi x11, x0, 0xc                       sv_Mepc+24
x11 <- 0x000000000000000C

mem[X,0x0000000080002B68] -> 0x0663
mem[X,0x0000000080002B6A] -> 0x00B4
[1413] [M]: 0x0000000080002B68 (0x00B40663) beq x8, x11, 0xc                        sv_Mepc+28

clint mtime 0x00000000000002C3 (mip.MTI <- 0b1, mip.STI <- 0b0)
mem[X,0x0000000080002B6C] -> 0x0593
mem[X,0x0000000080002B6E] -> 0x0010
[1414] [M]: 0x0000000080002B6C (0x00100593) addi x11, x0, 0x1                       sv_Mepc+32
x11 <- 0x0000000000000001

mem[X,0x0000000080002B70] -> 0x1663
mem[X,0x0000000080002B72] -> 0x00B4
[1415] [M]: 0x0000000080002B70 (0x00B41663) bne x8, x11, 0xc                        sv_Mepc+36

clint mtime 0x00000000000002C4 (mip.MTI <- 0b1, mip.STI <- 0b0)
mem[X,0x0000000080002B7C] -> 0xF593
mem[X,0x0000000080002B7E] -> 0xFFC3
[1416] [M]: 0x0000000080002B7C (0xFFC3F593) andi x11, x7, -0x4                      adj_Mepc_rtn+0
x11 <- 0x0000030080001380

mem[X,0x0000000080002B80] -> 0x8593
mem[X,0x0000000080002B82] -> 0x0085
[1417] [M]: 0x0000000080002B80 (0x00858593) addi x11, x11, 0x8                      adj_Mepc_rtn+4
x11 <- 0x0000030080001388

clint mtime 0x00000000000002C5 (mip.MTI <- 0b1, mip.STI <- 0b0)
mem[X,0x0000000080002B84] -> 0x9073
mem[X,0x0000000080002B86] -> 0x3415
[1418] [M]: 0x0000000080002B84 (0x34159073) csrrw x0, mepc, x11                     adj_Mepc_rtn+8
CSR mepc (0x341) <- 0x0000030080001388

mem[X,0x0000000080002B88] -> 0x23F3
mem[X,0x0000000080002B8A] -> 0x3430
[1419] [M]: 0x0000000080002B88 (0x343023F3) csrrs x7, mtval, x0                     skp_adj_Mepc+0
CSR mtval (0x343) -> 0x0000028000000414
x7 <- 0x0000028000000414

clint mtime 0x00000000000002C6 (mip.MTI <- 0b1, mip.STI <- 0b0)
mem[X,0x0000000080002B8C] -> 0x0413
mem[X,0x0000000080002B8E] -> 0x0004
[1420] [M]: 0x0000000080002B8C (0x00040413) addi x8, x8, 0x0                        skp_adj_Mepc+4
x8 <- 0x0000000000000007

mem[X,0x0000000080002B90] -> 0x006F
mem[X,0x0000000080002B92] -> 0x0840
[1421] [M]: 0x0000000080002B90 (0x0840006F) jal x0, 0x84                            skp_adj_Mepc+8

clint mtime 0x00000000000002C7 (mip.MTI <- 0b1, mip.STI <- 0b0)
mem[X,0x0000000080002C14] -> 0x8433
mem[X,0x0000000080002C16] -> 0x4083
[1422] [M]: 0x0000000080002C14 (0x40838433) sub x8, x7, x8                          adj_Mtval+0
x8 <- 0x000002800000040D

mem[X,0x0000000080002C18] -> 0x3C23
mem[X,0x0000000080002C1A] -> 0x0083
[1423] [M]: 0x0000000080002C18 (0x00833C23) sd x8, 0x18(x6)                         sv_Mtval+0
mem[W,0x000000008000A3D0] <- 0x000002800000040D

clint mtime 0x00000000000002C8 (mip.MTI <- 0b1, mip.STI <- 0b0)
mem[X,0x0000000080002C1C] -> 0x3483
mem[X,0x0000000080002C1E] -> 0x2181
[1424] [M]: 0x0000000080002C1C (0x21813483) ld x9, 0x218(x2)                        skp_Mtval+0
mem[R,0x0000000080005218] -> 0x000000008000A3D8
x9 <- 0x000000008000A3D8

mem[X,0x0000000080002C20] -> 0x3383
mem[X,0x0000000080002C22] -> 0x1F81
[1425] [M]: 0x0000000080002C20 (0x1F813383) ld x7, 0x1f8(x2)                        skp_Mtval+4
mem[R,0x00000000800051F8] -> 0x000000008000A110
x7 <- 0x000000008000A110

clint mtime 0x00000000000002C9 (mip.MTI <- 0b1, mip.STI <- 0b0)
mem[X,0x0000000080002C24] -> 0x3303
mem[X,0x0000000080002C26] -> 0x2001
[1426] [M]: 0x0000000080002C24 (0x20013303) ld x6, 0x200(x2)                        skp_Mtval+8
mem[R,0x0000000080005200] -> 0x0000000000000410
x6 <- 0x0000000000000410

mem[X,0x0000000080002C28] -> 0x0333
mem[X,0x0000000080002C2A] -> 0x0073
[1427] [M]: 0x0000000080002C28 (0x00730333) add x6, x6, x7                          skp_Mtval+12
x6 <- 0x000000008000A520

clint mtime 0x00000000000002CA (mip.MTI <- 0b1, mip.STI <- 0b0)
mem[X,0x0000000080002C2C] -> 0x6AE3
mem[X,0x0000000080002C2E] -> 0xAC93
[1428] [M]: 0x0000000080002C2C (0xAC936AE3) bltu x6, x9, -0x52c                     skp_Mtval+16

mem[X,0x0000000080002C30] -> 0x0393
mem[X,0x0000000080002C32] -> 0x2000
[1429] [M]: 0x0000000080002C30 (0x20000393) addi x7, x0, 0x200                      skp_Mtval+20
x7 <- 0x0000000000000200

clint mtime 0x00000000000002CB (mip.MTI <- 0b1, mip.STI <- 0b0)
mem[X,0x0000000080002C34] -> 0x006F
mem[X,0x0000000080002C36] -> 0x0400
[1430] [M]: 0x0000000080002C34 (0x0400006F) jal x0, 0x40                            skp_Mtval+24

mem[X,0x0000000080002C74] -> 0x0417
mem[X,0x0000000080002C76] -> 0x0000
[1431] [M]: 0x0000000080002C74 (0x00000417) auipc x8, 0x0                           spcl_Mhandler+0
x8 <- 0x0000000080002C74

clint mtime 0x00000000000002CC (mip.MTI <- 0b1, mip.STI <- 0b0)
mem[X,0x0000000080002C78] -> 0x0413
mem[X,0x0000000080002C7A] -> 0x03C4
[1432] [M]: 0x0000000080002C78 (0x03C40413) addi x8, x8, 0x3c                       spcl_Mhandler+4
x8 <- 0x0000000080002CB0

mem[X,0x0000000080002C7C] -> 0x0433
mem[X,0x0000000080002C7E] -> 0x0074
[1433] [M]: 0x0000000080002C7C (0x00740433) add x8, x8, x7                          spcl_Mhandler+8
x8 <- 0x0000000080002EB0

clint mtime 0x00000000000002CD (mip.MTI <- 0b1, mip.STI <- 0b0)
mem[X,0x0000000080002C80] -> 0x1393
mem[X,0x0000000080002C82] -> 0x0035
[1434] [M]: 0x0000000080002C80 (0x00351393) slli x7, x10, 0x3                       spcl_Mhandler+12
x7 <- 0x0000000000000038

mem[X,0x0000000080002C84] -> 0x0433
mem[X,0x0000000080002C86] -> 0x0074
[1435] [M]: 0x0000000080002C84 (0x00740433) add x8, x8, x7                          spcl_Mhandler+16
x8 <- 0x0000000080002EE8

clint mtime 0x00000000000002CE (mip.MTI <- 0b1, mip.STI <- 0b0)
mem[X,0x0000000080002C88] -> 0x7413
mem[X,0x0000000080002C8A] -> 0xFF84
[1436] [M]: 0x0000000080002C88 (0xFF847413) andi x8, x8, -0x8                       spcl_Mhandler+20
x8 <- 0x0000000080002EE8

mem[X,0x0000000080002C8C] -> 0x3403
mem[X,0x0000000080002C8E] -> 0x0004
[1437] [M]: 0x0000000080002C8C (0x00043403) ld x8, 0x0(x8)                          spcl_Mhandler+24
mem[R,0x0000000080002EE8] -> 0x000000000000000F
x8 <- 0x000000000000000F

clint mtime 0x00000000000002CF (mip.MTI <- 0b1, mip.STI <- 0b0)
mem[X,0x0000000080002C90] -> 0x02E3
mem[X,0x0000000080002C92] -> 0xB004
[1438] [M]: 0x0000000080002C90 (0xB00402E3) beq x8, x0, -0x4fc                      spcl_Mdispatch_hndling+0

mem[X,0x0000000080002C94] -> 0x1393
mem[X,0x0000000080002C96] -> 0x03F4
[1439] [M]: 0x0000000080002C94 (0x03F41393) slli x7, x8, 0x3f                       spcl_Mdispatch_hndling+4
x7 <- 0x8000000000000000

clint mtime 0x00000000000002D0 (mip.MTI <- 0b1, mip.STI <- 0b0)
mem[X,0x0000000080002C98] -> 0xD863
mem[X,0x0000000080002C9A] -> 0x0003
[1440] [M]: 0x0000000080002C98 (0x0003D863) bge x7, x0, 0x10                        spcl_Mdispatch_hndling+8

mem[X,0x0000000080002C9C] -> 0x5413
mem[X,0x0000000080002C9E] -> 0x0014
[1441] [M]: 0x0000000080002C9C (0x00145413) srli x8, x8, 0x1                        spcl_Mdispatch_hndling+12
x8 <- 0x0000000000000007

clint mtime 0x00000000000002D1 (mip.MTI <- 0b1, mip.STI <- 0b0)
mem[X,0x0000000080002CA0] -> 0x0CE3
mem[X,0x0000000080002CA2] -> 0xF885
[1442] [M]: 0x0000000080002CA0 (0xF8850CE3) beq x10, x8, -0x68                      spcl_Mdispatch_hndling+16

mem[X,0x0000000080002C38] -> 0x3303
mem[X,0x0000000080002C3A] -> 0x2601
[1443] [M]: 0x0000000080002C38 (0x26013303) ld x6, 0x260(x2)                        resto_Mrtn+0
mem[R,0x0000000080005260] -> 0xFFFFFFFF7FFFEE6C
x6 <- 0xFFFFFFFF7FFFEE6C

clint mtime 0x00000000000002D2 (mip.MTI <- 0b1, mip.STI <- 0b0)
mem[X,0x0000000080002C3C] -> 0x3383
mem[X,0x0000000080002C3E] -> 0x2681
[1444] [M]: 0x0000000080002C3C (0x26813383) ld x7, 0x268(x2)                        resto_Mrtn+4
mem[R,0x0000000080005268] -> 0x0000000080005000
x7 <- 0x0000000080005000

mem[X,0x0000000080002C40] -> 0x3403
mem[X,0x0000000080002C42] -> 0x2701
[1445] [M]: 0x0000000080002C40 (0x27013403) ld x8, 0x270(x2)                        resto_Mrtn+8
mem[R,0x0000000080005270] -> 0x0000000000007F76
x8 <- 0x0000000000007F76

clint mtime 0x00000000000002D3 (mip.MTI <- 0b1, mip.STI <- 0b0)
mem[X,0x0000000080002C44] -> 0x3483
mem[X,0x0000000080002C46] -> 0x2781
[1446] [M]: 0x0000000080002C44 (0x27813483) ld x9, 0x278(x2)                        resto_Mrtn+12
mem[R,0x0000000080005278] -> 0x00000300000001BC
x9 <- 0x00000300000001BC

mem[X,0x0000000080002C48] -> 0x3503
mem[X,0x0000000080002C4A] -> 0x2801
[1447] [M]: 0x0000000080002C48 (0x28013503) ld x10, 0x280(x2)                       resto_Mrtn+16
mem[R,0x0000000080005280] -> 0x00000000200000DF
x10 <- 0x00000000200000DF

clint mtime 0x00000000000002D4 (mip.MTI <- 0b1, mip.STI <- 0b0)
mem[X,0x0000000080002C4C] -> 0x3583
mem[X,0x0000000080002C4E] -> 0x2881
[1448] [M]: 0x0000000080002C4C (0x28813583) ld x11, 0x288(x2)                       resto_Mrtn+20
mem[R,0x0000000080005288] -> 0x00000000000000DF
x11 <- 0x00000000000000DF

mem[X,0x0000000080002C50] -> 0x3103
mem[X,0x0000000080002C52] -> 0x2901
[1449] [M]: 0x0000000080002C50 (0x29013103) ld x2, 0x290(x2)                        resto_Mrtn+24
mem[R,0x0000000080005290] -> 0x0000000000000000
x2 <- 0x0000000000000000

clint mtime 0x00000000000002D5 (mip.MTI <- 0b1, mip.STI <- 0b0)
mem[X,0x0000000080002C54] -> 0x0073
mem[X,0x0000000080002C56] -> 0x3020
[1450] [M]: 0x0000000080002C54 (0x30200073) mret                                    resto_Mrtn+28
CSR mstatus (0x300) <- 0x0000000A00000080
ret-ing from M to U

PTW: Start, vpn=0x30080001, access_type=X, privilege=Umem[R,0x0000000080009030] -> 0x00000000000000DB
PTW: Step, level=3, pte=0xDB, pte_addr=0x80009030
PTW: Success, final_ppn=0x80001, level=3mem[X,0x0000000080001388] -> 0xA703
PTW: Start, vpn=0x30080001, access_type=X, privilege=Umem[R,0x0000000080009030] -> 0x00000000000000DB
PTW: Step, level=3, pte=0xDB, pte_addr=0x80009030
PTW: Success, final_ppn=0x80001, level=3mem[X,0x000000008000138A] -> 0x0147
[1451] [U]: 0x0000030080001388 (0x0147A703) lw x14, 0x14(x15)                       va_rvtest_code_begin+2028
PTW: Start, vpn=0x28000000, access_type=R, privilege=Umem[R,0x0000000080009028] -> 0x0000000020002001
PTW: Step, level=3, pte=0x20002001, pte_addr=0x80009028
PTW: Start, vpn=0x28000000, access_type=R, privilege=Umem[R,0x0000000080008000] -> 0x0000000020001C01
PTW: Step, level=2, pte=0x20001C01, pte_addr=0x80008000
PTW: Start, vpn=0x28000000, access_type=R, privilege=Umem[R,0x0000000080007000] -> 0x00000000200000DF
PTW: Step, level=1, pte=0x200000DF, pte_addr=0x80007000
PTW: Success, final_ppn=0x80000, level=1mem[R,0x0000000080000414] -> 0xBEEFCAF2
x14 <- 0xFFFFFFFFBEEFCAF2

clint mtime 0x00000000000002D6 (mip.MTI <- 0b1, mip.STI <- 0b0)
PTW: Start, vpn=0x30080001, access_type=X, privilege=Umem[R,0x0000000080009030] -> 0x00000000000000DB
PTW: Step, level=3, pte=0xDB, pte_addr=0x80009030
PTW: Success, final_ppn=0x80001, level=3mem[X,0x000000008000138C] -> 0x0013
PTW: Start, vpn=0x30080001, access_type=X, privilege=Umem[R,0x0000000080009030] -> 0x00000000000000DB
PTW: Step, level=3, pte=0xDB, pte_addr=0x80009030
PTW: Success, final_ppn=0x80001, level=3mem[X,0x000000008000138E] -> 0x0000
[1452] [U]: 0x000003008000138C (0x00000013) addi x0, x0, 0x0                        va_rvtest_code_begin+2032

PTW: Start, vpn=0x30080001, access_type=X, privilege=Umem[R,0x0000000080009030] -> 0x00000000000000DB
PTW: Step, level=3, pte=0xDB, pte_addr=0x80009030
PTW: Success, final_ppn=0x80001, level=3mem[X,0x0000000080001390] -> 0x51B7
PTW: Start, vpn=0x30080001, access_type=X, privilege=Umem[R,0x0000000080009030] -> 0x00000000000000DB
PTW: Step, level=3, pte=0xDB, pte_addr=0x80009030
PTW: Success, final_ppn=0x80001, level=3mem[X,0x0000000080001392] -> 0x0000
[1453] [U]: 0x0000030080001390 (0x000051B7) lui x3, 0x5                             va_rvtest_code_begin+2036
x3 <- 0x0000000000005000

clint mtime 0x00000000000002D7 (mip.MTI <- 0b1, mip.STI <- 0b0)
PTW: Start, vpn=0x30080001, access_type=X, privilege=Umem[R,0x0000000080009030] -> 0x00000000000000DB
PTW: Step, level=3, pte=0xDB, pte_addr=0x80009030
PTW: Success, final_ppn=0x80001, level=3mem[X,0x0000000080001394] -> 0x8193
PTW: Start, vpn=0x30080001, access_type=X, privilege=Umem[R,0x0000000080009030] -> 0x00000000000000DB
PTW: Step, level=3, pte=0xDB, pte_addr=0x80009030
PTW: Success, final_ppn=0x80001, level=3mem[X,0x0000000080001396] -> 0x6671
[1454] [U]: 0x0000030080001394 (0x66718193) addi x3, x3, 0x667                      va_rvtest_code_begin+2040
x3 <- 0x0000000000005667

PTW: Start, vpn=0x30080001, access_type=X, privilege=Umem[R,0x0000000080009030] -> 0x00000000000000DB
PTW: Step, level=3, pte=0xDB, pte_addr=0x80009030
PTW: Success, final_ppn=0x80001, level=3mem[X,0x0000000080001398] -> 0x9193
PTW: Start, vpn=0x30080001, access_type=X, privilege=Umem[R,0x0000000080009030] -> 0x00000000000000DB
PTW: Step, level=3, pte=0xDB, pte_addr=0x80009030
PTW: Success, final_ppn=0x80001, level=3mem[X,0x000000008000139A] -> 0x0011
[1455] [U]: 0x0000030080001398 (0x00119193) slli x3, x3, 0x1                        va_rvtest_code_begin+2044
x3 <- 0x000000000000ACCE

clint mtime 0x00000000000002D8 (mip.MTI <- 0b1, mip.STI <- 0b0)
PTW: Start, vpn=0x30080001, access_type=X, privilege=Umem[R,0x0000000080009030] -> 0x00000000000000DB
PTW: Step, level=3, pte=0xDB, pte_addr=0x80009030
PTW: Success, final_ppn=0x80001, level=3mem[X,0x000000008000139C] -> 0x0013
PTW: Start, vpn=0x30080001, access_type=X, privilege=Umem[R,0x0000000080009030] -> 0x00000000000000DB
PTW: Step, level=3, pte=0xDB, pte_addr=0x80009030
PTW: Success, final_ppn=0x80001, level=3mem[X,0x000000008000139E] -> 0x0000
[1456] [U]: 0x000003008000139C (0x00000013) addi x0, x0, 0x0                        va_rvtest_code_begin+2048

PTW: Start, vpn=0x30080001, access_type=X, privilege=Umem[R,0x0000000080009030] -> 0x00000000000000DB
PTW: Step, level=3, pte=0xDB, pte_addr=0x80009030
PTW: Success, final_ppn=0x80001, level=3mem[X,0x00000000800013A0] -> 0x0217
PTW: Start, vpn=0x30080001, access_type=X, privilege=Umem[R,0x0000000080009030] -> 0x00000000000000DB
PTW: Step, level=3, pte=0xDB, pte_addr=0x80009030
PTW: Success, final_ppn=0x80001, level=3mem[X,0x00000000800013A2] -> 0x0000
[1457] [U]: 0x00000300800013A0 (0x00000217) auipc x4, 0x0                           va_rvtest_code_begin+2052
x4 <- 0x00000300800013A0

clint mtime 0x00000000000002D9 (mip.MTI <- 0b1, mip.STI <- 0b0)
PTW: Start, vpn=0x30080001, access_type=X, privilege=Umem[R,0x0000000080009030] -> 0x00000000000000DB
PTW: Step, level=3, pte=0xDB, pte_addr=0x80009030
PTW: Success, final_ppn=0x80001, level=3mem[X,0x00000000800013A4] -> 0x0213
PTW: Start, vpn=0x30080001, access_type=X, privilege=Umem[R,0x0000000080009030] -> 0x00000000000000DB
PTW: Step, level=3, pte=0xDB, pte_addr=0x80009030
PTW: Success, final_ppn=0x80001, level=3mem[X,0x00000000800013A6] -> 0x02C2
[1458] [U]: 0x00000300800013A4 (0x02C20213) addi x4, x4, 0x2c                       va_rvtest_code_begin+2056
x4 <- 0x00000300800013CC

PTW: Start, vpn=0x30080001, access_type=X, privilege=Umem[R,0x0000000080009030] -> 0x00000000000000DB
PTW: Step, level=3, pte=0xDB, pte_addr=0x80009030
PTW: Success, final_ppn=0x80001, level=3mem[X,0x00000000800013A8] -> 0x0001
[1459] [U]: 0x00000300800013A8 (0x0001) c.nop                                       va_rvtest_code_begin+2060

clint mtime 0x00000000000002DA (mip.MTI <- 0b1, mip.STI <- 0b0)
PTW: Start, vpn=0x30080001, access_type=X, privilege=Umem[R,0x0000000080009030] -> 0x00000000000000DB
PTW: Step, level=3, pte=0xDB, pte_addr=0x80009030
PTW: Success, final_ppn=0x80001, level=3mem[X,0x00000000800013AA] -> 0x0013
PTW: Start, vpn=0x30080001, access_type=X, privilege=Umem[R,0x0000000080009030] -> 0x00000000000000DB
PTW: Step, level=3, pte=0xDB, pte_addr=0x80009030
PTW: Success, final_ppn=0x80001, level=3mem[X,0x00000000800013AC] -> 0x0000
[1460] [U]: 0x00000300800013AA (0x00000013) addi x0, x0, 0x0                        va_rvtest_code_begin+2062

PTW: Start, vpn=0x30080001, access_type=X, privilege=Umem[R,0x0000000080009030] -> 0x00000000000000DB
PTW: Step, level=3, pte=0xDB, pte_addr=0x80009030
PTW: Success, final_ppn=0x80001, level=3mem[X,0x00000000800013AE] -> 0x0013
PTW: Start, vpn=0x30080001, access_type=X, privilege=Umem[R,0x0000000080009030] -> 0x00000000000000DB
PTW: Step, level=3, pte=0xDB, pte_addr=0x80009030
PTW: Success, final_ppn=0x80001, level=3mem[X,0x00000000800013B0] -> 0x0000
[1461] [U]: 0x00000300800013AE (0x00000013) addi x0, x0, 0x0                        va_rvtest_code_begin+2066

clint mtime 0x00000000000002DB (mip.MTI <- 0b1, mip.STI <- 0b0)
PTW: Start, vpn=0x30080001, access_type=X, privilege=Umem[R,0x0000000080009030] -> 0x00000000000000DB
PTW: Step, level=3, pte=0xDB, pte_addr=0x80009030
PTW: Success, final_ppn=0x80001, level=3mem[X,0x00000000800013B2] -> 0x0013
PTW: Start, vpn=0x30080001, access_type=X, privilege=Umem[R,0x0000000080009030] -> 0x00000000000000DB
PTW: Step, level=3, pte=0xDB, pte_addr=0x80009030
PTW: Success, final_ppn=0x80001, level=3mem[X,0x00000000800013B4] -> 0x0000
[1462] [U]: 0x00000300800013B2 (0x00000013) addi x0, x0, 0x0                        va_rvtest_code_begin+2070

PTW: Start, vpn=0x30080001, access_type=X, privilege=Umem[R,0x0000000080009030] -> 0x00000000000000DB
PTW: Step, level=3, pte=0xDB, pte_addr=0x80009030
PTW: Success, final_ppn=0x80001, level=3mem[X,0x00000000800013B6] -> 0x0013
PTW: Start, vpn=0x30080001, access_type=X, privilege=Umem[R,0x0000000080009030] -> 0x00000000000000DB
PTW: Step, level=3, pte=0xDB, pte_addr=0x80009030
PTW: Success, final_ppn=0x80001, level=3mem[X,0x00000000800013B8] -> 0x0000
[1463] [U]: 0x00000300800013B6 (0x00000013) addi x0, x0, 0x0                        va_rvtest_code_begin+2074

clint mtime 0x00000000000002DC (mip.MTI <- 0b1, mip.STI <- 0b0)
PTW: Start, vpn=0x30080001, access_type=X, privilege=Umem[R,0x0000000080009030] -> 0x00000000000000DB
PTW: Step, level=3, pte=0xDB, pte_addr=0x80009030
PTW: Success, final_ppn=0x80001, level=3mem[X,0x00000000800013BA] -> 0x0013
PTW: Start, vpn=0x30080001, access_type=X, privilege=Umem[R,0x0000000080009030] -> 0x00000000000000DB
PTW: Step, level=3, pte=0xDB, pte_addr=0x80009030
PTW: Success, final_ppn=0x80001, level=3mem[X,0x00000000800013BC] -> 0x0000
[1464] [U]: 0x00000300800013BA (0x00000013) addi x0, x0, 0x0                        va_rvtest_code_begin+2078

PTW: Start, vpn=0x30080001, access_type=X, privilege=Umem[R,0x0000000080009030] -> 0x00000000000000DB
PTW: Step, level=3, pte=0xDB, pte_addr=0x80009030
PTW: Success, final_ppn=0x80001, level=3mem[X,0x00000000800013BE] -> 0x0001
[1465] [U]: 0x00000300800013BE (0x0001) c.nop                                       va_rvtest_code_begin+2082

clint mtime 0x00000000000002DD (mip.MTI <- 0b1, mip.STI <- 0b0)
PTW: Start, vpn=0x30080001, access_type=X, privilege=Umem[R,0x0000000080009030] -> 0x00000000000000DB
PTW: Step, level=3, pte=0xDB, pte_addr=0x80009030
PTW: Success, final_ppn=0x80001, level=3mem[X,0x00000000800013C0] -> 0x80E7
PTW: Start, vpn=0x30080001, access_type=X, privilege=Umem[R,0x0000000080009030] -> 0x00000000000000DB
PTW: Step, level=3, pte=0xDB, pte_addr=0x80009030
PTW: Success, final_ppn=0x80001, level=3mem[X,0x00000000800013C2] -> 0x0007
[1466] [U]: 0x00000300800013C0 (0x000780E7) jalr x1, 0x0(x15)                       va_rvtest_code_begin+2084
x1 <- 0x00000300800013C4

PTW: Start, vpn=0x28000000, access_type=X, privilege=Umem[R,0x0000000080009028] -> 0x0000000020002001
PTW: Step, level=3, pte=0x20002001, pte_addr=0x80009028
PTW: Start, vpn=0x28000000, access_type=X, privilege=Umem[R,0x0000000080008000] -> 0x0000000020001C01
PTW: Step, level=2, pte=0x20001C01, pte_addr=0x80008000
PTW: Start, vpn=0x28000000, access_type=X, privilege=Umem[R,0x0000000080007000] -> 0x00000000200000DF
PTW: Step, level=1, pte=0x200000DF, pte_addr=0x80007000
PTW: Success, final_ppn=0x80000, level=1mem[X,0x0000000080000400] -> 0x0013
mem[X,0x0000000080000402] -> 0x0000
[1467] [U]: 0x0000028000000400 (0x00000013) addi x0, x0, 0x0                        va_data+0

clint mtime 0x00000000000002DE (mip.MTI <- 0b1, mip.STI <- 0b0)
mem[X,0x0000000080000404] -> 0x8093
mem[X,0x0000000080000406] -> 0x0080
[1468] [U]: 0x0000028000000404 (0x00808093) addi x1, x1, 0x8                        va_data+4
x1 <- 0x00000300800013CC

mem[X,0x0000000080000408] -> 0x8067
mem[X,0x000000008000040A] -> 0x0000
[1469] [U]: 0x0000028000000408 (0x00008067) jalr x0, 0x0(x1)                        va_data+8

clint mtime 0x00000000000002DF (mip.MTI <- 0b1, mip.STI <- 0b0)
PTW: Start, vpn=0x30080001, access_type=X, privilege=Umem[R,0x0000000080009030] -> 0x00000000000000DB
PTW: Step, level=3, pte=0xDB, pte_addr=0x80009030
PTW: Success, final_ppn=0x80001, level=3mem[X,0x00000000800013CC] -> 0x0013
PTW: Start, vpn=0x30080001, access_type=X, privilege=Umem[R,0x0000000080009030] -> 0x00000000000000DB
PTW: Step, level=3, pte=0xDB, pte_addr=0x80009030
PTW: Success, final_ppn=0x80001, level=3mem[X,0x00000000800013CE] -> 0x0000
[1470] [U]: 0x00000300800013CC (0x00000013) addi x0, x0, 0x0                        va_rvtest_code_begin+2096

PTW: Start, vpn=0x30080001, access_type=X, privilege=Umem[R,0x0000000080009030] -> 0x00000000000000DB
PTW: Step, level=3, pte=0xDB, pte_addr=0x80009030
PTW: Success, final_ppn=0x80001, level=3mem[X,0x00000000800013D0] -> 0x0013
PTW: Start, vpn=0x30080001, access_type=X, privilege=Umem[R,0x0000000080009030] -> 0x00000000000000DB
PTW: Step, level=3, pte=0xDB, pte_addr=0x80009030
PTW: Success, final_ppn=0x80001, level=3mem[X,0x00000000800013D2] -> 0x0000
[1471] [U]: 0x00000300800013D0 (0x00000013) addi x0, x0, 0x0                        va_rvtest_code_begin+2100

clint mtime 0x00000000000002E0 (mip.MTI <- 0b1, mip.STI <- 0b0)
PTW: Start, vpn=0x30080001, access_type=X, privilege=Umem[R,0x0000000080009030] -> 0x00000000000000DB
PTW: Step, level=3, pte=0xDB, pte_addr=0x80009030
PTW: Success, final_ppn=0x80001, level=3mem[X,0x00000000800013D4] -> 0x0013
PTW: Start, vpn=0x30080001, access_type=X, privilege=Umem[R,0x0000000080009030] -> 0x00000000000000DB
PTW: Step, level=3, pte=0xDB, pte_addr=0x80009030
PTW: Success, final_ppn=0x80001, level=3mem[X,0x00000000800013D6] -> 0x0000
[1472] [U]: 0x00000300800013D4 (0x00000013) addi x0, x0, 0x0                        va_rvtest_code_begin+2104

PTW: Start, vpn=0x30080001, access_type=X, privilege=Umem[R,0x0000000080009030] -> 0x00000000000000DB
PTW: Step, level=3, pte=0xDB, pte_addr=0x80009030
PTW: Success, final_ppn=0x80001, level=3mem[X,0x00000000800013D8] -> 0x0113
PTW: Start, vpn=0x30080001, access_type=X, privilege=Umem[R,0x0000000080009030] -> 0x00000000000000DB
PTW: Step, level=3, pte=0xDB, pte_addr=0x80009030
PTW: Success, final_ppn=0x80001, level=3mem[X,0x00000000800013DA] -> 0x0000
[1473] [U]: 0x00000300800013D8 (0x00000113) addi x2, x0, 0x0                        va_rvtest_code_begin+2108
x2 <- 0x0000000000000000

clint mtime 0x00000000000002E1 (mip.MTI <- 0b1, mip.STI <- 0b0)
PTW: Start, vpn=0x30080001, access_type=X, privilege=Umem[R,0x0000000080009030] -> 0x00000000000000DB
PTW: Step, level=3, pte=0xDB, pte_addr=0x80009030
PTW: Success, final_ppn=0x80001, level=3mem[X,0x00000000800013DC] -> 0x0073
PTW: Start, vpn=0x30080001, access_type=X, privilege=Umem[R,0x0000000080009030] -> 0x00000000000000DB
PTW: Step, level=3, pte=0xDB, pte_addr=0x80009030
PTW: Success, final_ppn=0x80001, level=3mem[X,0x00000000800013DE] -> 0x0000
[1474] [U]: 0x00000300800013DC (0x00000073) ecall                                   va_rvtest_code_begin+2112
trapping from U to M to handle u-call
handling exc#u-call at priv M with tval 0x0000000000000000
CSR mstatus (0x300) <- 0x0000000A00000000
CSR mcause (0x342) <- 0x0000000000000008
CSR mtval (0x343) <- 0x0000000000000000
CSR mepc (0x341) <- 0x00000300800013DC

mem[X,0x0000000080002800] -> 0x006F
mem[X,0x0000000080002802] -> 0x1000
[1475] [M]: 0x0000000080002800 (0x1000006F) jal x0, 0x100                           Mtrampoline+0

clint mtime 0x00000000000002E2 (mip.MTI <- 0b1, mip.STI <- 0b0)
mem[X,0x0000000080002900] -> 0x1173
mem[X,0x0000000080002902] -> 0x3401
[1476] [M]: 0x0000000080002900 (0x34011173) csrrw x2, mscratch, x2                  trap_Mhandler+0
CSR mscratch (0x340) <- 0x0000000000000000
x2 <- 0x0000000080005000

mem[X,0x0000000080002904] -> 0x3423
mem[X,0x0000000080002906] -> 0x28B1
[1477] [M]: 0x0000000080002904 (0x28B13423) sd x11, 0x288(x2)                       trap_Mhandler+4
mem[W,0x0000000080005288] <- 0x00000000000000DF

clint mtime 0x00000000000002E3 (mip.MTI <- 0b1, mip.STI <- 0b0)
mem[X,0x0000000080002908] -> 0x05EF
mem[X,0x000000008000290A] -> 0x0B80
[1478] [M]: 0x0000000080002908 (0x0B8005EF) jal x11, 0xb8                           trap_Mhandler+8
x11 <- 0x000000008000290C

mem[X,0x00000000800029C0] -> 0x3023
mem[X,0x00000000800029C2] -> 0x28A1
[1479] [M]: 0x00000000800029C0 (0x28A13023) sd x10, 0x280(x2)                       common_Mhandler+0
mem[W,0x0000000080005280] <- 0x00000000200000DF

clint mtime 0x00000000000002E4 (mip.MTI <- 0b1, mip.STI <- 0b0)
mem[X,0x00000000800029C4] -> 0x1573
mem[X,0x00000000800029C6] -> 0x3401
[1480] [M]: 0x00000000800029C4 (0x34011573) csrrw x10, mscratch, x2                 common_Mhandler+4
CSR mscratch (0x340) <- 0x0000000080005000
x10 <- 0x0000000000000000

mem[X,0x00000000800029C8] -> 0x3823
mem[X,0x00000000800029CA] -> 0x28A1
[1481] [M]: 0x00000000800029C8 (0x28A13823) sd x10, 0x290(x2)                       common_Mhandler+8
mem[W,0x0000000080005290] <- 0x0000000000000000

clint mtime 0x00000000000002E5 (mip.MTI <- 0b1, mip.STI <- 0b0)
mem[X,0x00000000800029CC] -> 0x3503
mem[X,0x00000000800029CE] -> 0x2301
[1482] [M]: 0x00000000800029CC (0x23013503) ld x10, 0x230(x2)                       common_Mhandler+12
mem[R,0x0000000080005230] -> 0x00000000800029D4
x10 <- 0x00000000800029D4

mem[X,0x00000000800029D0] -> 0x0067
mem[X,0x00000000800029D2] -> 0x0005
[1483] [M]: 0x00000000800029D0 (0x00050067) jalr x0, 0x0(x10)                       common_Mhandler+16

clint mtime 0x00000000000002E6 (mip.MTI <- 0b1, mip.STI <- 0b0)
mem[X,0x00000000800029D4] -> 0x3C23
mem[X,0x00000000800029D6] -> 0x2691
[1484] [M]: 0x00000000800029D4 (0x26913C23) sd x9, 0x278(x2)                        common_Mentry+0
mem[W,0x0000000080005278] <- 0x00000300000001BC

mem[X,0x00000000800029D8] -> 0x3823
mem[X,0x00000000800029DA] -> 0x2681
[1485] [M]: 0x00000000800029D8 (0x26813823) sd x8, 0x270(x2)                        common_Mentry+4
mem[W,0x0000000080005270] <- 0x0000000000007F76

clint mtime 0x00000000000002E7 (mip.MTI <- 0b1, mip.STI <- 0b0)
mem[X,0x00000000800029DC] -> 0x3423
mem[X,0x00000000800029DE] -> 0x2671
[1486] [M]: 0x00000000800029DC (0x26713423) sd x7, 0x268(x2)                        common_Mentry+8
mem[W,0x0000000080005268] <- 0x0000000080005000

mem[X,0x00000000800029E0] -> 0x3023
mem[X,0x00000000800029E2] -> 0x2661
[1487] [M]: 0x00000000800029E0 (0x26613023) sd x6, 0x260(x2)                        common_Mentry+12
mem[W,0x0000000080005260] <- 0xFFFFFFFF7FFFEE6C

clint mtime 0x00000000000002E8 (mip.MTI <- 0b1, mip.STI <- 0b0)
mem[X,0x00000000800029E4] -> 0x2573
mem[X,0x00000000800029E6] -> 0x3420
[1488] [M]: 0x00000000800029E4 (0x34202573) csrrs x10, mcause, x0                   spcl_M2mmode_test+0
CSR mcause (0x342) -> 0x0000000000000008
x10 <- 0x0000000000000008

mem[X,0x00000000800029E8] -> 0x04B7
mem[X,0x00000000800029EA] -> 0x8000
[1489] [M]: 0x00000000800029E8 (0x800004B7) lui x9, -0x80000                        spcl_M2mmode_test+4
x9 <- 0xFFFFFFFF80000000

clint mtime 0x00000000000002E9 (mip.MTI <- 0b1, mip.STI <- 0b0)
mem[X,0x00000000800029EC] -> 0x8493
mem[X,0x00000000800029EE] -> 0x0004
[1490] [M]: 0x00000000800029EC (0x00048493) addi x9, x9, 0x0                        spcl_M2mmode_test+8
x9 <- 0xFFFFFFFF80000000

mem[X,0x00000000800029F0] -> 0x9493
mem[X,0x00000000800029F2] -> 0x00B4
[1491] [M]: 0x00000000800029F0 (0x00B49493) slli x9, x9, 0xb                        spcl_M2mmode_test+12
x9 <- 0xFFFFFC0000000000

clint mtime 0x00000000000002EA (mip.MTI <- 0b1, mip.STI <- 0b0)
mem[X,0x00000000800029F4] -> 0x8493
mem[X,0x00000000800029F6] -> 0x0004
[1492] [M]: 0x00000000800029F4 (0x00048493) addi x9, x9, 0x0                        spcl_M2mmode_test+16
x9 <- 0xFFFFFC0000000000

mem[X,0x00000000800029F8] -> 0x9493
mem[X,0x00000000800029FA] -> 0x00B4
[1493] [M]: 0x00000000800029F8 (0x00B49493) slli x9, x9, 0xb                        spcl_M2mmode_test+20
x9 <- 0xFFE0000000000000

clint mtime 0x00000000000002EB (mip.MTI <- 0b1, mip.STI <- 0b0)
mem[X,0x00000000800029FC] -> 0x8493
mem[X,0x00000000800029FE] -> 0x0034
[1494] [M]: 0x00000000800029FC (0x00348493) addi x9, x9, 0x3                        spcl_M2mmode_test+24
x9 <- 0xFFE0000000000003

mem[X,0x0000000080002A00] -> 0x9493
mem[X,0x0000000080002A02] -> 0x00A4
[1495] [M]: 0x0000000080002A00 (0x00A49493) slli x9, x9, 0xa                        spcl_M2mmode_test+28
x9 <- 0x8000000000000C00

clint mtime 0x00000000000002EC (mip.MTI <- 0b1, mip.STI <- 0b0)
mem[X,0x0000000080002A04] -> 0x8493
mem[X,0x0000000080002A06] -> 0x3FC4
[1496] [M]: 0x0000000080002A04 (0x3FC48493) addi x9, x9, 0x3fc                      spcl_M2mmode_test+32
x9 <- 0x8000000000000FFC

mem[X,0x0000000080002A08] -> 0xF4B3
mem[X,0x0000000080002A0A] -> 0x00A4
[1497] [M]: 0x0000000080002A08 (0x00A4F4B3) and x9, x9, x10                         spcl_M2mmode_test+36
x9 <- 0x0000000000000008

clint mtime 0x00000000000002ED (mip.MTI <- 0b1, mip.STI <- 0b0)
mem[X,0x0000000080002A0C] -> 0x8493
mem[X,0x0000000080002A0E] -> 0xFF84
[1498] [M]: 0x0000000080002A0C (0xFF848493) addi x9, x9, -0x8                       spcl_M2mmode_test+40
x9 <- 0x0000000000000000

mem[X,0x0000000080002A10] -> 0x9663
mem[X,0x0000000080002A12] -> 0x0004
[1499] [M]: 0x0000000080002A10 (0x00049663) bne x9, x0, 0xc                         spcl_M2mmode_test+44

clint mtime 0x00000000000002EE (mip.MTI <- 0b1, mip.STI <- 0b0)
mem[X,0x0000000080002A14] -> 0x3383
mem[X,0x0000000080002A16] -> 0x2901
[1500] [M]: 0x0000000080002A14 (0x29013383) ld x7, 0x290(x2)                        spcl_M2mmode_test+48
mem[R,0x0000000080005290] -> 0x0000000000000000
x7 <- 0x0000000000000000

mem[X,0x0000000080002A18] -> 0x8663
mem[X,0x0000000080002A1A] -> 0x6E03
[1501] [M]: 0x0000000080002A18 (0x6E038663) beq x7, x0, 0x6ec                       spcl_M2mmode_test+52

clint mtime 0x00000000000002EF (mip.MTI <- 0b1, mip.STI <- 0b0)
mem[X,0x0000000080003104] -> 0x0493
mem[X,0x0000000080003106] -> 0xFF55
[1502] [M]: 0x0000000080003104 (0xFF550493) addi x9, x10, -0xb                      rtn2mmode+0
x9 <- 0xFFFFFFFFFFFFFFFD

mem[X,0x0000000080003108] -> 0x8C63
mem[X,0x000000008000310A] -> 0x0004
[1503] [M]: 0x0000000080003108 (0x00048C63) beq x9, x0, 0x18                        rtn2mmode+4

clint mtime 0x00000000000002F0 (mip.MTI <- 0b1, mip.STI <- 0b0)
mem[X,0x000000008000310C] -> 0x3583
mem[X,0x000000008000310E] -> 0x4701
[1504] [M]: 0x000000008000310C (0x47013583) ld x11, 0x470(x2)                       rtn2mmode+8
mem[R,0x0000000080005470] -> 0x0000030080000B9C
x11 <- 0x0000030080000B9C

mem[X,0x0000000080003110] -> 0xD463
mem[X,0x0000000080003112] -> 0x0003
[1505] [M]: 0x0000000080003110 (0x0003D463) bge x7, x0, 0x8                         rtn2mmode+12

clint mtime 0x00000000000002F1 (mip.MTI <- 0b1, mip.STI <- 0b0)
mem[X,0x0000000080003118] -> 0x3483
mem[X,0x000000008000311A] -> 0x1D81
[1506] [M]: 0x0000000080003118 (0x1D813483) ld x9, 0x1d8(x2)                        from_u_s+0
mem[R,0x00000000800051D8] -> 0x0000000080000BB4
x9 <- 0x0000000080000BB4

mem[X,0x000000008000311C] -> 0x84B3
mem[X,0x000000008000311E] -> 0x40B4
[1507] [M]: 0x000000008000311C (0x40B484B3) sub x9, x9, x11                         from_u_s+4
x9 <- 0xFFFFFD0000000018

clint mtime 0x00000000000002F2 (mip.MTI <- 0b1, mip.STI <- 0b0)
mem[X,0x0000000080003120] -> 0x23F3
mem[X,0x0000000080003122] -> 0x3410
[1508] [M]: 0x0000000080003120 (0x341023F3) csrrs x7, mepc, x0                      rtn_fm_mmode+0
CSR mepc (0x341) -> 0x00000300800013DC
x7 <- 0x00000300800013DC

mem[X,0x0000000080003124] -> 0x83B3
mem[X,0x0000000080003126] -> 0x0093
[1509] [M]: 0x0000000080003124 (0x009383B3) add x7, x7, x9                          rtn_fm_mmode+4
x7 <- 0x00000000800013F4

clint mtime 0x00000000000002F3 (mip.MTI <- 0b1, mip.STI <- 0b0)
mem[X,0x0000000080003128] -> 0x3303
mem[X,0x000000008000312A] -> 0x2601
[1510] [M]: 0x0000000080003128 (0x26013303) ld x6, 0x260(x2)                        rtn_fm_mmode+8
mem[R,0x0000000080005260] -> 0xFFFFFFFF7FFFEE6C
x6 <- 0xFFFFFFFF7FFFEE6C

mem[X,0x000000008000312C] -> 0x3403
mem[X,0x000000008000312E] -> 0x2701
[1511] [M]: 0x000000008000312C (0x27013403) ld x8, 0x270(x2)                        rtn_fm_mmode+12
mem[R,0x0000000080005270] -> 0x0000000000007F76
x8 <- 0x0000000000007F76

clint mtime 0x00000000000002F4 (mip.MTI <- 0b1, mip.STI <- 0b0)
mem[X,0x0000000080003130] -> 0x3483
mem[X,0x0000000080003132] -> 0x2781
[1512] [M]: 0x0000000080003130 (0x27813483) ld x9, 0x278(x2)                        rtn_fm_mmode+16
mem[R,0x0000000080005278] -> 0x00000300000001BC
x9 <- 0x00000300000001BC

mem[X,0x0000000080003134] -> 0x3503
mem[X,0x0000000080003136] -> 0x2801
[1513] [M]: 0x0000000080003134 (0x28013503) ld x10, 0x280(x2)                       rtn_fm_mmode+20
mem[R,0x0000000080005280] -> 0x00000000200000DF
x10 <- 0x00000000200000DF

clint mtime 0x00000000000002F5 (mip.MTI <- 0b1, mip.STI <- 0b0)
mem[X,0x0000000080003138] -> 0x3583
mem[X,0x000000008000313A] -> 0x2881
[1514] [M]: 0x0000000080003138 (0x28813583) ld x11, 0x288(x2)                       rtn_fm_mmode+24
mem[R,0x0000000080005288] -> 0x00000000000000DF
x11 <- 0x00000000000000DF

mem[X,0x000000008000313C] -> 0x3103
mem[X,0x000000008000313E] -> 0x2901
[1515] [M]: 0x000000008000313C (0x29013103) ld x2, 0x290(x2)                        rtn_fm_mmode+28
mem[R,0x0000000080005290] -> 0x0000000000000000
x2 <- 0x0000000000000000

clint mtime 0x00000000000002F6 (mip.MTI <- 0b1, mip.STI <- 0b0)
mem[X,0x0000000080003140] -> 0x8067
mem[X,0x0000000080003142] -> 0x0043
[1516] [M]: 0x0000000080003140 (0x00438067) jalr x0, 0x4(x7)                        rtn_fm_mmode+32

mem[X,0x00000000800013F8] -> 0x0013
mem[X,0x00000000800013FA] -> 0x0000
[1517] [M]: 0x00000000800013F8 (0x00000013) addi x0, x0, 0x0                        main+2072

clint mtime 0x00000000000002F7 (mip.MTI <- 0b1, mip.STI <- 0b0)
mem[X,0x00000000800013FC] -> 0x0013
mem[X,0x00000000800013FE] -> 0x0000
[1518] [M]: 0x00000000800013FC (0x00000013) addi x0, x0, 0x0                        main+2076

mem[X,0x0000000080001400] -> 0x7517
mem[X,0x0000000080001402] -> 0x0000
[1519] [M]: 0x0000000080001400 (0x00007517) auipc x10, 0x7                          main+2080
x10 <- 0x0000000080008400

clint mtime 0x00000000000002F8 (mip.MTI <- 0b1, mip.STI <- 0b0)
mem[X,0x0000000080001404] -> 0x0513
mem[X,0x0000000080001406] -> 0xC005
[1520] [M]: 0x0000000080001404 (0xC0050513) addi x10, x10, -0x400                   main+2084
x10 <- 0x0000000080008000

mem[X,0x0000000080001408] -> 0x0001
[1521] [M]: 0x0000000080001408 (0x0001) c.nop                                       main+2088

clint mtime 0x00000000000002F9 (mip.MTI <- 0b1, mip.STI <- 0b0)
mem[X,0x000000008000140A] -> 0x0013
mem[X,0x000000008000140C] -> 0x0000
[1522] [M]: 0x000000008000140A (0x00000013) addi x0, x0, 0x0                        main+2090

mem[X,0x000000008000140E] -> 0x0013
mem[X,0x0000000080001410] -> 0x0000
[1523] [M]: 0x000000008000140E (0x00000013) addi x0, x0, 0x0                        main+2094

clint mtime 0x00000000000002FA (mip.MTI <- 0b1, mip.STI <- 0b0)
mem[X,0x0000000080001412] -> 0x0013
mem[X,0x0000000080001414] -> 0x0000
[1524] [M]: 0x0000000080001412 (0x00000013) addi x0, x0, 0x0                        main+2098

mem[X,0x0000000080001416] -> 0x0013
mem[X,0x0000000080001418] -> 0x0000
[1525] [M]: 0x0000000080001416 (0x00000013) addi x0, x0, 0x0                        main+2102

clint mtime 0x00000000000002FB (mip.MTI <- 0b1, mip.STI <- 0b0)
mem[X,0x000000008000141A] -> 0x0013
mem[X,0x000000008000141C] -> 0x0000
[1526] [M]: 0x000000008000141A (0x00000013) addi x0, x0, 0x0                        main+2106

mem[X,0x000000008000141E] -> 0x0001
[1527] [M]: 0x000000008000141E (0x0001) c.nop                                       main+2110

clint mtime 0x00000000000002FC (mip.MTI <- 0b1, mip.STI <- 0b0)
mem[X,0x0000000080001420] -> 0x0593
mem[X,0x0000000080001422] -> 0x0010
[1528] [M]: 0x0000000080001420 (0x00100593) addi x11, x0, 0x1                       main+2112
x11 <- 0x0000000000000001

mem[X,0x0000000080001424] -> 0x5513
mem[X,0x0000000080001426] -> 0x00C5
[1529] [M]: 0x0000000080001424 (0x00C55513) srli x10, x10, 0xc                      main+2116
x10 <- 0x0000000000080008

clint mtime 0x00000000000002FD (mip.MTI <- 0b1, mip.STI <- 0b0)
mem[X,0x0000000080001428] -> 0x1513
mem[X,0x000000008000142A] -> 0x00A5
[1530] [M]: 0x0000000080001428 (0x00A51513) slli x10, x10, 0xa                      main+2120
x10 <- 0x0000000020002000

mem[X,0x000000008000142C] -> 0x6533
mem[X,0x000000008000142E] -> 0x00B5
[1531] [M]: 0x000000008000142C (0x00B56533) or x10, x10, x11                        main+2124
x10 <- 0x0000000020002001

clint mtime 0x00000000000002FE (mip.MTI <- 0b1, mip.STI <- 0b0)
mem[X,0x0000000080001430] -> 0x0013
mem[X,0x0000000080001432] -> 0x0000
[1532] [M]: 0x0000000080001430 (0x00000013) addi x0, x0, 0x0                        main+2128

mem[X,0x0000000080001434] -> 0x0013
mem[X,0x0000000080001436] -> 0x0000
[1533] [M]: 0x0000000080001434 (0x00000013) addi x0, x0, 0x0                        main+2132

clint mtime 0x00000000000002FF (mip.MTI <- 0b1, mip.STI <- 0b0)
mem[X,0x0000000080001438] -> 0x0013
mem[X,0x000000008000143A] -> 0x0000
[1534] [M]: 0x0000000080001438 (0x00000013) addi x0, x0, 0x0                        main+2136

mem[X,0x000000008000143C] -> 0x0013
mem[X,0x000000008000143E] -> 0x0000
[1535] [M]: 0x000000008000143C (0x00000013) addi x0, x0, 0x0                        main+2140

clint mtime 0x0000000000000300 (mip.MTI <- 0b1, mip.STI <- 0b0)
mem[X,0x0000000080001440] -> 0x8317
mem[X,0x0000000080001442] -> 0x0000
[1536] [M]: 0x0000000080001440 (0x00008317) auipc x6, 0x8                           main+2144
x6 <- 0x0000000080009440

mem[X,0x0000000080001444] -> 0x0313
mem[X,0x0000000080001446] -> 0xBC03
[1537] [M]: 0x0000000080001444 (0xBC030313) addi x6, x6, -0x440                     main+2148
x6 <- 0x0000000080009000

clint mtime 0x0000000000000301 (mip.MTI <- 0b1, mip.STI <- 0b0)
mem[X,0x0000000080001448] -> 0x0001
[1538] [M]: 0x0000000080001448 (0x0001) c.nop                                       main+2152

mem[X,0x000000008000144A] -> 0x0013
mem[X,0x000000008000144C] -> 0x0000
[1539] [M]: 0x000000008000144A (0x00000013) addi x0, x0, 0x0                        main+2154

clint mtime 0x0000000000000302 (mip.MTI <- 0b1, mip.STI <- 0b0)
mem[X,0x000000008000144E] -> 0x0013
mem[X,0x0000000080001450] -> 0x0000
[1540] [M]: 0x000000008000144E (0x00000013) addi x0, x0, 0x0                        main+2158

mem[X,0x0000000080001452] -> 0x0013
mem[X,0x0000000080001454] -> 0x0000
[1541] [M]: 0x0000000080001452 (0x00000013) addi x0, x0, 0x0                        main+2162

clint mtime 0x0000000000000303 (mip.MTI <- 0b1, mip.STI <- 0b0)
mem[X,0x0000000080001456] -> 0x0013
mem[X,0x0000000080001458] -> 0x0000
[1542] [M]: 0x0000000080001456 (0x00000013) addi x0, x0, 0x0                        main+2166

mem[X,0x000000008000145A] -> 0x0013
mem[X,0x000000008000145C] -> 0x0000
[1543] [M]: 0x000000008000145A (0x00000013) addi x0, x0, 0x0                        main+2170

clint mtime 0x0000000000000304 (mip.MTI <- 0b1, mip.STI <- 0b0)
mem[X,0x000000008000145E] -> 0x0001
[1544] [M]: 0x000000008000145E (0x0001) c.nop                                       main+2174

mem[X,0x0000000080001460] -> 0x0293
mem[X,0x0000000080001462] -> 0x0280
[1545] [M]: 0x0000000080001460 (0x02800293) addi x5, x0, 0x28                       main+2176
x5 <- 0x0000000000000028

clint mtime 0x0000000000000305 (mip.MTI <- 0b1, mip.STI <- 0b0)
mem[X,0x0000000080001464] -> 0x0333
mem[X,0x0000000080001466] -> 0x0053
[1546] [M]: 0x0000000080001464 (0x00530333) add x6, x6, x5                          main+2180
x6 <- 0x0000000080009028

mem[X,0x0000000080001468] -> 0x3023
mem[X,0x000000008000146A] -> 0x00A3
[1547] [M]: 0x0000000080001468 (0x00A33023) sd x10, 0x0(x6)                         main+2184
mem[W,0x0000000080009028] <- 0x0000000020002001

clint mtime 0x0000000000000306 (mip.MTI <- 0b1, mip.STI <- 0b0)
mem[X,0x000000008000146C] -> 0x0013
mem[X,0x000000008000146E] -> 0x0000
[1548] [M]: 0x000000008000146C (0x00000013) addi x0, x0, 0x0                        main+2188

mem[X,0x0000000080001470] -> 0x0013
mem[X,0x0000000080001472] -> 0x0000
[1549] [M]: 0x0000000080001470 (0x00000013) addi x0, x0, 0x0                        main+2192

clint mtime 0x0000000000000307 (mip.MTI <- 0b1, mip.STI <- 0b0)
mem[X,0x0000000080001474] -> 0x0013
mem[X,0x0000000080001476] -> 0x0000
[1550] [M]: 0x0000000080001474 (0x00000013) addi x0, x0, 0x0                        main+2196

mem[X,0x0000000080001478] -> 0x0013
mem[X,0x000000008000147A] -> 0x0000
[1551] [M]: 0x0000000080001478 (0x00000013) addi x0, x0, 0x0                        main+2200

clint mtime 0x0000000000000308 (mip.MTI <- 0b1, mip.STI <- 0b0)
mem[X,0x000000008000147C] -> 0x0013
mem[X,0x000000008000147E] -> 0x0000
[1552] [M]: 0x000000008000147C (0x00000013) addi x0, x0, 0x0                        main+2204

mem[X,0x0000000080001480] -> 0x6517
mem[X,0x0000000080001482] -> 0x0000
[1553] [M]: 0x0000000080001480 (0x00006517) auipc x10, 0x6                          main+2208
x10 <- 0x0000000080007480

clint mtime 0x0000000000000309 (mip.MTI <- 0b1, mip.STI <- 0b0)
mem[X,0x0000000080001484] -> 0x0513
mem[X,0x0000000080001486] -> 0xB805
[1554] [M]: 0x0000000080001484 (0xB8050513) addi x10, x10, -0x480                   main+2212
x10 <- 0x0000000080007000

mem[X,0x0000000080001488] -> 0x0001
[1555] [M]: 0x0000000080001488 (0x0001) c.nop                                       main+2216

clint mtime 0x000000000000030A (mip.MTI <- 0b1, mip.STI <- 0b0)
mem[X,0x000000008000148A] -> 0x0013
mem[X,0x000000008000148C] -> 0x0000
[1556] [M]: 0x000000008000148A (0x00000013) addi x0, x0, 0x0                        main+2218

mem[X,0x000000008000148E] -> 0x0013
mem[X,0x0000000080001490] -> 0x0000
[1557] [M]: 0x000000008000148E (0x00000013) addi x0, x0, 0x0                        main+2222

clint mtime 0x000000000000030B (mip.MTI <- 0b1, mip.STI <- 0b0)
mem[X,0x0000000080001492] -> 0x0013
mem[X,0x0000000080001494] -> 0x0000
[1558] [M]: 0x0000000080001492 (0x00000013) addi x0, x0, 0x0                        main+2226

mem[X,0x0000000080001496] -> 0x0013
mem[X,0x0000000080001498] -> 0x0000
[1559] [M]: 0x0000000080001496 (0x00000013) addi x0, x0, 0x0                        main+2230

clint mtime 0x000000000000030C (mip.MTI <- 0b1, mip.STI <- 0b0)
mem[X,0x000000008000149A] -> 0x0013
mem[X,0x000000008000149C] -> 0x0000
[1560] [M]: 0x000000008000149A (0x00000013) addi x0, x0, 0x0                        main+2234

mem[X,0x000000008000149E] -> 0x0001
[1561] [M]: 0x000000008000149E (0x0001) c.nop                                       main+2238

clint mtime 0x000000000000030D (mip.MTI <- 0b1, mip.STI <- 0b0)
mem[X,0x00000000800014A0] -> 0x0593
mem[X,0x00000000800014A2] -> 0x0010
[1562] [M]: 0x00000000800014A0 (0x00100593) addi x11, x0, 0x1                       main+2240
x11 <- 0x0000000000000001

mem[X,0x00000000800014A4] -> 0x5513
mem[X,0x00000000800014A6] -> 0x00C5
[1563] [M]: 0x00000000800014A4 (0x00C55513) srli x10, x10, 0xc                      main+2244
x10 <- 0x0000000000080007

clint mtime 0x000000000000030E (mip.MTI <- 0b1, mip.STI <- 0b0)
mem[X,0x00000000800014A8] -> 0x1513
mem[X,0x00000000800014AA] -> 0x00A5
[1564] [M]: 0x00000000800014A8 (0x00A51513) slli x10, x10, 0xa                      main+2248
x10 <- 0x0000000020001C00

mem[X,0x00000000800014AC] -> 0x6533
mem[X,0x00000000800014AE] -> 0x00B5
[1565] [M]: 0x00000000800014AC (0x00B56533) or x10, x10, x11                        main+2252
x10 <- 0x0000000020001C01

clint mtime 0x000000000000030F (mip.MTI <- 0b1, mip.STI <- 0b0)
mem[X,0x00000000800014B0] -> 0x0013
mem[X,0x00000000800014B2] -> 0x0000
[1566] [M]: 0x00000000800014B0 (0x00000013) addi x0, x0, 0x0                        main+2256

mem[X,0x00000000800014B4] -> 0x0013
mem[X,0x00000000800014B6] -> 0x0000
[1567] [M]: 0x00000000800014B4 (0x00000013) addi x0, x0, 0x0                        main+2260

clint mtime 0x0000000000000310 (mip.MTI <- 0b1, mip.STI <- 0b0)
mem[X,0x00000000800014B8] -> 0x0013
mem[X,0x00000000800014BA] -> 0x0000
[1568] [M]: 0x00000000800014B8 (0x00000013) addi x0, x0, 0x0                        main+2264

mem[X,0x00000000800014BC] -> 0x0013
mem[X,0x00000000800014BE] -> 0x0000
[1569] [M]: 0x00000000800014BC (0x00000013) addi x0, x0, 0x0                        main+2268

clint mtime 0x0000000000000311 (mip.MTI <- 0b1, mip.STI <- 0b0)
mem[X,0x00000000800014C0] -> 0x7317
mem[X,0x00000000800014C2] -> 0x0000
[1570] [M]: 0x00000000800014C0 (0x00007317) auipc x6, 0x7                           main+2272
x6 <- 0x00000000800084C0

mem[X,0x00000000800014C4] -> 0x0313
mem[X,0x00000000800014C6] -> 0xB403
[1571] [M]: 0x00000000800014C4 (0xB4030313) addi x6, x6, -0x4c0                     main+2276
x6 <- 0x0000000080008000

clint mtime 0x0000000000000312 (mip.MTI <- 0b1, mip.STI <- 0b0)
mem[X,0x00000000800014C8] -> 0x0001
[1572] [M]: 0x00000000800014C8 (0x0001) c.nop                                       main+2280

mem[X,0x00000000800014CA] -> 0x0013
mem[X,0x00000000800014CC] -> 0x0000
[1573] [M]: 0x00000000800014CA (0x00000013) addi x0, x0, 0x0                        main+2282

clint mtime 0x0000000000000313 (mip.MTI <- 0b1, mip.STI <- 0b0)
mem[X,0x00000000800014CE] -> 0x0013
mem[X,0x00000000800014D0] -> 0x0000
[1574] [M]: 0x00000000800014CE (0x00000013) addi x0, x0, 0x0                        main+2286

mem[X,0x00000000800014D2] -> 0x0013
mem[X,0x00000000800014D4] -> 0x0000
[1575] [M]: 0x00000000800014D2 (0x00000013) addi x0, x0, 0x0                        main+2290

clint mtime 0x0000000000000314 (mip.MTI <- 0b1, mip.STI <- 0b0)
mem[X,0x00000000800014D6] -> 0x0013
mem[X,0x00000000800014D8] -> 0x0000
[1576] [M]: 0x00000000800014D6 (0x00000013) addi x0, x0, 0x0                        main+2294

mem[X,0x00000000800014DA] -> 0x0013
mem[X,0x00000000800014DC] -> 0x0000
[1577] [M]: 0x00000000800014DA (0x00000013) addi x0, x0, 0x0                        main+2298

clint mtime 0x0000000000000315 (mip.MTI <- 0b1, mip.STI <- 0b0)
mem[X,0x00000000800014DE] -> 0x0001
[1578] [M]: 0x00000000800014DE (0x0001) c.nop                                       main+2302

mem[X,0x00000000800014E0] -> 0x0293
mem[X,0x00000000800014E2] -> 0x0000
[1579] [M]: 0x00000000800014E0 (0x00000293) addi x5, x0, 0x0                        main+2304
x5 <- 0x0000000000000000

clint mtime 0x0000000000000316 (mip.MTI <- 0b1, mip.STI <- 0b0)
mem[X,0x00000000800014E4] -> 0x0333
mem[X,0x00000000800014E6] -> 0x0053
[1580] [M]: 0x00000000800014E4 (0x00530333) add x6, x6, x5                          main+2308
x6 <- 0x0000000080008000

mem[X,0x00000000800014E8] -> 0x3023
mem[X,0x00000000800014EA] -> 0x00A3
[1581] [M]: 0x00000000800014E8 (0x00A33023) sd x10, 0x0(x6)                         main+2312
mem[W,0x0000000080008000] <- 0x0000000020001C01

clint mtime 0x0000000000000317 (mip.MTI <- 0b1, mip.STI <- 0b0)
mem[X,0x00000000800014EC] -> 0x0013
mem[X,0x00000000800014EE] -> 0x0000
[1582] [M]: 0x00000000800014EC (0x00000013) addi x0, x0, 0x0                        main+2316

mem[X,0x00000000800014F0] -> 0x0013
mem[X,0x00000000800014F2] -> 0x0000
[1583] [M]: 0x00000000800014F0 (0x00000013) addi x0, x0, 0x0                        main+2320

clint mtime 0x0000000000000318 (mip.MTI <- 0b1, mip.STI <- 0b0)
mem[X,0x00000000800014F4] -> 0x0013
mem[X,0x00000000800014F6] -> 0x0000
[1584] [M]: 0x00000000800014F4 (0x00000013) addi x0, x0, 0x0                        main+2324

mem[X,0x00000000800014F8] -> 0x0013
mem[X,0x00000000800014FA] -> 0x0000
[1585] [M]: 0x00000000800014F8 (0x00000013) addi x0, x0, 0x0                        main+2328

clint mtime 0x0000000000000319 (mip.MTI <- 0b1, mip.STI <- 0b0)
mem[X,0x00000000800014FC] -> 0x0013
mem[X,0x00000000800014FE] -> 0x0000
[1586] [M]: 0x00000000800014FC (0x00000013) addi x0, x0, 0x0                        main+2332

mem[X,0x0000000080001500] -> 0x5517
mem[X,0x0000000080001502] -> 0x0000
[1587] [M]: 0x0000000080001500 (0x00005517) auipc x10, 0x5                          main+2336
x10 <- 0x0000000080006500

clint mtime 0x000000000000031A (mip.MTI <- 0b1, mip.STI <- 0b0)
mem[X,0x0000000080001504] -> 0x0513
mem[X,0x0000000080001506] -> 0xB005
[1588] [M]: 0x0000000080001504 (0xB0050513) addi x10, x10, -0x500                   main+2340
x10 <- 0x0000000080006000

mem[X,0x0000000080001508] -> 0x0001
[1589] [M]: 0x0000000080001508 (0x0001) c.nop                                       main+2344

clint mtime 0x000000000000031B (mip.MTI <- 0b1, mip.STI <- 0b0)
mem[X,0x000000008000150A] -> 0x0013
mem[X,0x000000008000150C] -> 0x0000
[1590] [M]: 0x000000008000150A (0x00000013) addi x0, x0, 0x0                        main+2346

mem[X,0x000000008000150E] -> 0x0013
mem[X,0x0000000080001510] -> 0x0000
[1591] [M]: 0x000000008000150E (0x00000013) addi x0, x0, 0x0                        main+2350

clint mtime 0x000000000000031C (mip.MTI <- 0b1, mip.STI <- 0b0)
mem[X,0x0000000080001512] -> 0x0013
mem[X,0x0000000080001514] -> 0x0000
[1592] [M]: 0x0000000080001512 (0x00000013) addi x0, x0, 0x0                        main+2354

mem[X,0x0000000080001516] -> 0x0013
mem[X,0x0000000080001518] -> 0x0000
[1593] [M]: 0x0000000080001516 (0x00000013) addi x0, x0, 0x0                        main+2358

clint mtime 0x000000000000031D (mip.MTI <- 0b1, mip.STI <- 0b0)
mem[X,0x000000008000151A] -> 0x0013
mem[X,0x000000008000151C] -> 0x0000
[1594] [M]: 0x000000008000151A (0x00000013) addi x0, x0, 0x0                        main+2362

mem[X,0x000000008000151E] -> 0x0001
[1595] [M]: 0x000000008000151E (0x0001) c.nop                                       main+2366

clint mtime 0x000000000000031E (mip.MTI <- 0b1, mip.STI <- 0b0)
mem[X,0x0000000080001520] -> 0x0593
mem[X,0x0000000080001522] -> 0x0010
[1596] [M]: 0x0000000080001520 (0x00100593) addi x11, x0, 0x1                       main+2368
x11 <- 0x0000000000000001

mem[X,0x0000000080001524] -> 0x5513
mem[X,0x0000000080001526] -> 0x00C5
[1597] [M]: 0x0000000080001524 (0x00C55513) srli x10, x10, 0xc                      main+2372
x10 <- 0x0000000000080006

clint mtime 0x000000000000031F (mip.MTI <- 0b1, mip.STI <- 0b0)
mem[X,0x0000000080001528] -> 0x1513
mem[X,0x000000008000152A] -> 0x00A5
[1598] [M]: 0x0000000080001528 (0x00A51513) slli x10, x10, 0xa                      main+2376
x10 <- 0x0000000020001800

mem[X,0x000000008000152C] -> 0x6533
mem[X,0x000000008000152E] -> 0x00B5
[1599] [M]: 0x000000008000152C (0x00B56533) or x10, x10, x11                        main+2380
x10 <- 0x0000000020001801

clint mtime 0x0000000000000320 (mip.MTI <- 0b1, mip.STI <- 0b0)
mem[X,0x0000000080001530] -> 0x0013
mem[X,0x0000000080001532] -> 0x0000
[1600] [M]: 0x0000000080001530 (0x00000013) addi x0, x0, 0x0                        main+2384

mem[X,0x0000000080001534] -> 0x0013
mem[X,0x0000000080001536] -> 0x0000
[1601] [M]: 0x0000000080001534 (0x00000013) addi x0, x0, 0x0                        main+2388

clint mtime 0x0000000000000321 (mip.MTI <- 0b1, mip.STI <- 0b0)
mem[X,0x0000000080001538] -> 0x0013
mem[X,0x000000008000153A] -> 0x0000
[1602] [M]: 0x0000000080001538 (0x00000013) addi x0, x0, 0x0                        main+2392

mem[X,0x000000008000153C] -> 0x0013
mem[X,0x000000008000153E] -> 0x0000
[1603] [M]: 0x000000008000153C (0x00000013) addi x0, x0, 0x0                        main+2396

clint mtime 0x0000000000000322 (mip.MTI <- 0b1, mip.STI <- 0b0)
mem[X,0x0000000080001540] -> 0x6317
mem[X,0x0000000080001542] -> 0x0000
[1604] [M]: 0x0000000080001540 (0x00006317) auipc x6, 0x6                           main+2400
x6 <- 0x0000000080007540

mem[X,0x0000000080001544] -> 0x0313
mem[X,0x0000000080001546] -> 0xAC03
[1605] [M]: 0x0000000080001544 (0xAC030313) addi x6, x6, -0x540                     main+2404
x6 <- 0x0000000080007000

clint mtime 0x0000000000000323 (mip.MTI <- 0b1, mip.STI <- 0b0)
mem[X,0x0000000080001548] -> 0x0001
[1606] [M]: 0x0000000080001548 (0x0001) c.nop                                       main+2408

mem[X,0x000000008000154A] -> 0x0013
mem[X,0x000000008000154C] -> 0x0000
[1607] [M]: 0x000000008000154A (0x00000013) addi x0, x0, 0x0                        main+2410

clint mtime 0x0000000000000324 (mip.MTI <- 0b1, mip.STI <- 0b0)
mem[X,0x000000008000154E] -> 0x0013
mem[X,0x0000000080001550] -> 0x0000
[1608] [M]: 0x000000008000154E (0x00000013) addi x0, x0, 0x0                        main+2414

mem[X,0x0000000080001552] -> 0x0013
mem[X,0x0000000080001554] -> 0x0000
[1609] [M]: 0x0000000080001552 (0x00000013) addi x0, x0, 0x0                        main+2418

clint mtime 0x0000000000000325 (mip.MTI <- 0b1, mip.STI <- 0b0)
mem[X,0x0000000080001556] -> 0x0013
mem[X,0x0000000080001558] -> 0x0000
[1610] [M]: 0x0000000080001556 (0x00000013) addi x0, x0, 0x0                        main+2422

mem[X,0x000000008000155A] -> 0x0013
mem[X,0x000000008000155C] -> 0x0000
[1611] [M]: 0x000000008000155A (0x00000013) addi x0, x0, 0x0                        main+2426

clint mtime 0x0000000000000326 (mip.MTI <- 0b1, mip.STI <- 0b0)
mem[X,0x000000008000155E] -> 0x0001
[1612] [M]: 0x000000008000155E (0x0001) c.nop                                       main+2430

mem[X,0x0000000080001560] -> 0x0293
mem[X,0x0000000080001562] -> 0x0000
[1613] [M]: 0x0000000080001560 (0x00000293) addi x5, x0, 0x0                        main+2432
x5 <- 0x0000000000000000

clint mtime 0x0000000000000327 (mip.MTI <- 0b1, mip.STI <- 0b0)
mem[X,0x0000000080001564] -> 0x0333
mem[X,0x0000000080001566] -> 0x0053
[1614] [M]: 0x0000000080001564 (0x00530333) add x6, x6, x5                          main+2436
x6 <- 0x0000000080007000

mem[X,0x0000000080001568] -> 0x3023
mem[X,0x000000008000156A] -> 0x00A3
[1615] [M]: 0x0000000080001568 (0x00A33023) sd x10, 0x0(x6)                         main+2440
mem[W,0x0000000080007000] <- 0x0000000020001801

clint mtime 0x0000000000000328 (mip.MTI <- 0b1, mip.STI <- 0b0)
mem[X,0x000000008000156C] -> 0x0013
mem[X,0x000000008000156E] -> 0x0000
[1616] [M]: 0x000000008000156C (0x00000013) addi x0, x0, 0x0                        main+2444

mem[X,0x0000000080001570] -> 0x0013
mem[X,0x0000000080001572] -> 0x0000
[1617] [M]: 0x0000000080001570 (0x00000013) addi x0, x0, 0x0                        main+2448

clint mtime 0x0000000000000329 (mip.MTI <- 0b1, mip.STI <- 0b0)
mem[X,0x0000000080001574] -> 0x0013
mem[X,0x0000000080001576] -> 0x0000
[1618] [M]: 0x0000000080001574 (0x00000013) addi x0, x0, 0x0                        main+2452

mem[X,0x0000000080001578] -> 0x0013
mem[X,0x000000008000157A] -> 0x0000
[1619] [M]: 0x0000000080001578 (0x00000013) addi x0, x0, 0x0                        main+2456

clint mtime 0x000000000000032A (mip.MTI <- 0b1, mip.STI <- 0b0)
mem[X,0x000000008000157C] -> 0x0013
mem[X,0x000000008000157E] -> 0x0000
[1620] [M]: 0x000000008000157C (0x00000013) addi x0, x0, 0x0                        main+2460

mem[X,0x0000000080001580] -> 0xF517
mem[X,0x0000000080001582] -> 0xFFFF
[1621] [M]: 0x0000000080001580 (0xFFFFF517) auipc x10, -0x1                         main+2464
x10 <- 0x0000000080000580

clint mtime 0x000000000000032B (mip.MTI <- 0b1, mip.STI <- 0b0)
mem[X,0x0000000080001584] -> 0x0513
mem[X,0x0000000080001586] -> 0xE805
[1622] [M]: 0x0000000080001584 (0xE8050513) addi x10, x10, -0x180                   main+2468
x10 <- 0x0000000080000400

mem[X,0x0000000080001588] -> 0x0001
[1623] [M]: 0x0000000080001588 (0x0001) c.nop                                       main+2472

clint mtime 0x000000000000032C (mip.MTI <- 0b1, mip.STI <- 0b0)
mem[X,0x000000008000158A] -> 0x0013
mem[X,0x000000008000158C] -> 0x0000
[1624] [M]: 0x000000008000158A (0x00000013) addi x0, x0, 0x0                        main+2474

mem[X,0x000000008000158E] -> 0x0013
mem[X,0x0000000080001590] -> 0x0000
[1625] [M]: 0x000000008000158E (0x00000013) addi x0, x0, 0x0                        main+2478

clint mtime 0x000000000000032D (mip.MTI <- 0b1, mip.STI <- 0b0)
mem[X,0x0000000080001592] -> 0x0013
mem[X,0x0000000080001594] -> 0x0000
[1626] [M]: 0x0000000080001592 (0x00000013) addi x0, x0, 0x0                        main+2482

mem[X,0x0000000080001596] -> 0x0013
mem[X,0x0000000080001598] -> 0x0000
[1627] [M]: 0x0000000080001596 (0x00000013) addi x0, x0, 0x0                        main+2486

clint mtime 0x000000000000032E (mip.MTI <- 0b1, mip.STI <- 0b0)
mem[X,0x000000008000159A] -> 0x0013
mem[X,0x000000008000159C] -> 0x0000
[1628] [M]: 0x000000008000159A (0x00000013) addi x0, x0, 0x0                        main+2490

mem[X,0x000000008000159E] -> 0x0001
[1629] [M]: 0x000000008000159E (0x0001) c.nop                                       main+2494

clint mtime 0x000000000000032F (mip.MTI <- 0b1, mip.STI <- 0b0)
mem[X,0x00000000800015A0] -> 0x0593
mem[X,0x00000000800015A2] -> 0x0DF0
[1630] [M]: 0x00000000800015A0 (0x0DF00593) addi x11, x0, 0xdf                      main+2496
x11 <- 0x00000000000000DF

mem[X,0x00000000800015A4] -> 0x5513
mem[X,0x00000000800015A6] -> 0x00C5
[1631] [M]: 0x00000000800015A4 (0x00C55513) srli x10, x10, 0xc                      main+2500
x10 <- 0x0000000000080000

clint mtime 0x0000000000000330 (mip.MTI <- 0b1, mip.STI <- 0b0)
mem[X,0x00000000800015A8] -> 0x1513
mem[X,0x00000000800015AA] -> 0x00A5
[1632] [M]: 0x00000000800015A8 (0x00A51513) slli x10, x10, 0xa                      main+2504
x10 <- 0x0000000020000000

mem[X,0x00000000800015AC] -> 0x6533
mem[X,0x00000000800015AE] -> 0x00B5
[1633] [M]: 0x00000000800015AC (0x00B56533) or x10, x10, x11                        main+2508
x10 <- 0x00000000200000DF

clint mtime 0x0000000000000331 (mip.MTI <- 0b1, mip.STI <- 0b0)
mem[X,0x00000000800015B0] -> 0x0013
mem[X,0x00000000800015B2] -> 0x0000
[1634] [M]: 0x00000000800015B0 (0x00000013) addi x0, x0, 0x0                        main+2512

mem[X,0x00000000800015B4] -> 0x0013
mem[X,0x00000000800015B6] -> 0x0000
[1635] [M]: 0x00000000800015B4 (0x00000013) addi x0, x0, 0x0                        main+2516

clint mtime 0x0000000000000332 (mip.MTI <- 0b1, mip.STI <- 0b0)
mem[X,0x00000000800015B8] -> 0x0013
mem[X,0x00000000800015BA] -> 0x0000
[1636] [M]: 0x00000000800015B8 (0x00000013) addi x0, x0, 0x0                        main+2520

mem[X,0x00000000800015BC] -> 0x0013
mem[X,0x00000000800015BE] -> 0x0000
[1637] [M]: 0x00000000800015BC (0x00000013) addi x0, x0, 0x0                        main+2524

clint mtime 0x0000000000000333 (mip.MTI <- 0b1, mip.STI <- 0b0)
mem[X,0x00000000800015C0] -> 0x5317
mem[X,0x00000000800015C2] -> 0x0000
[1638] [M]: 0x00000000800015C0 (0x00005317) auipc x6, 0x5                           main+2528
x6 <- 0x00000000800065C0

mem[X,0x00000000800015C4] -> 0x0313
mem[X,0x00000000800015C6] -> 0xA403
[1639] [M]: 0x00000000800015C4 (0xA4030313) addi x6, x6, -0x5c0                     main+2532
x6 <- 0x0000000080006000

clint mtime 0x0000000000000334 (mip.MTI <- 0b1, mip.STI <- 0b0)
mem[X,0x00000000800015C8] -> 0x0001
[1640] [M]: 0x00000000800015C8 (0x0001) c.nop                                       main+2536

mem[X,0x00000000800015CA] -> 0x0013
mem[X,0x00000000800015CC] -> 0x0000
[1641] [M]: 0x00000000800015CA (0x00000013) addi x0, x0, 0x0                        main+2538

clint mtime 0x0000000000000335 (mip.MTI <- 0b1, mip.STI <- 0b0)
mem[X,0x00000000800015CE] -> 0x0013
mem[X,0x00000000800015D0] -> 0x0000
[1642] [M]: 0x00000000800015CE (0x00000013) addi x0, x0, 0x0                        main+2542

mem[X,0x00000000800015D2] -> 0x0013
mem[X,0x00000000800015D4] -> 0x0000
[1643] [M]: 0x00000000800015D2 (0x00000013) addi x0, x0, 0x0                        main+2546

clint mtime 0x0000000000000336 (mip.MTI <- 0b1, mip.STI <- 0b0)
mem[X,0x00000000800015D6] -> 0x0013
mem[X,0x00000000800015D8] -> 0x0000
[1644] [M]: 0x00000000800015D6 (0x00000013) addi x0, x0, 0x0                        main+2550

mem[X,0x00000000800015DA] -> 0x0013
mem[X,0x00000000800015DC] -> 0x0000
[1645] [M]: 0x00000000800015DA (0x00000013) addi x0, x0, 0x0                        main+2554

clint mtime 0x0000000000000337 (mip.MTI <- 0b1, mip.STI <- 0b0)
mem[X,0x00000000800015DE] -> 0x0001
[1646] [M]: 0x00000000800015DE (0x0001) c.nop                                       main+2558

mem[X,0x00000000800015E0] -> 0x0293
mem[X,0x00000000800015E2] -> 0x0000
[1647] [M]: 0x00000000800015E0 (0x00000293) addi x5, x0, 0x0                        main+2560
x5 <- 0x0000000000000000

clint mtime 0x0000000000000338 (mip.MTI <- 0b1, mip.STI <- 0b0)
mem[X,0x00000000800015E4] -> 0x0333
mem[X,0x00000000800015E6] -> 0x0053
[1648] [M]: 0x00000000800015E4 (0x00530333) add x6, x6, x5                          main+2564
x6 <- 0x0000000080006000

mem[X,0x00000000800015E8] -> 0x3023
mem[X,0x00000000800015EA] -> 0x00A3
[1649] [M]: 0x00000000800015E8 (0x00A33023) sd x10, 0x0(x6)                         main+2568
mem[W,0x0000000080006000] <- 0x00000000200000DF

clint mtime 0x0000000000000339 (mip.MTI <- 0b1, mip.STI <- 0b0)
mem[X,0x00000000800015EC] -> 0x0073
mem[X,0x00000000800015EE] -> 0x1200
[1650] [M]: 0x00000000800015EC (0x12000073) sfence.vma x0, x0                       main+2572

mem[X,0x00000000800015F0] -> 0x0493
mem[X,0x00000000800015F2] -> 0x0010
[1651] [M]: 0x00000000800015F0 (0x00100493) addi x9, x0, 0x1                        main+2576
x9 <- 0x0000000000000001

clint mtime 0x000000000000033A (mip.MTI <- 0b1, mip.STI <- 0b0)
mem[X,0x00000000800015F4] -> 0x9493
mem[X,0x00000000800015F6] -> 0x00B4
[1652] [M]: 0x00000000800015F4 (0x00B49493) slli x9, x9, 0xb                        main+2580
x9 <- 0x0000000000000800

mem[X,0x00000000800015F8] -> 0xB073
mem[X,0x00000000800015FA] -> 0x3004
[1653] [M]: 0x00000000800015F8 (0x3004B073) csrrc x0, mstatus, x9                   main+2584
CSR mstatus (0x300) <- 0x0000000A00000000

clint mtime 0x000000000000033B (mip.MTI <- 0b1, mip.STI <- 0b0)
mem[X,0x00000000800015FC] -> 0x23F3
mem[X,0x00000000800015FE] -> 0x3400
[1654] [M]: 0x00000000800015FC (0x340023F3) csrrs x7, mscratch, x0                  main+2588
CSR mscratch (0x340) -> 0x0000000080005000
x7 <- 0x0000000080005000

mem[X,0x0000000080001600] -> 0xB303
mem[X,0x0000000080001602] -> 0x4703
[1655] [M]: 0x0000000080001600 (0x4703B303) ld x6, 0x470(x7)                        main+2592
mem[R,0x0000000080005470] -> 0x0000030080000B9C
x6 <- 0x0000030080000B9C

clint mtime 0x000000000000033C (mip.MTI <- 0b1, mip.STI <- 0b0)
mem[X,0x0000000080001604] -> 0xB483
mem[X,0x0000000080001606] -> 0x1D83
[1656] [M]: 0x0000000080001604 (0x1D83B483) ld x9, 0x1d8(x7)                        main+2596
mem[R,0x00000000800051D8] -> 0x0000000080000BB4
x9 <- 0x0000000080000BB4

mem[X,0x0000000080001608] -> 0x0333
mem[X,0x000000008000160A] -> 0x4093
[1657] [M]: 0x0000000080001608 (0x40930333) sub x6, x6, x9                          main+2600
x6 <- 0x000002FFFFFFFFE8

clint mtime 0x000000000000033D (mip.MTI <- 0b1, mip.STI <- 0b0)
mem[X,0x000000008000160C] -> 0x0313
mem[X,0x000000008000160E] -> 0x0103
[1658] [M]: 0x000000008000160C (0x01030313) addi x6, x6, 0x10                       main+2604
x6 <- 0x000002FFFFFFFFF8

mem[X,0x0000000080001610] -> 0x0497
mem[X,0x0000000080001612] -> 0x0000
[1659] [M]: 0x0000000080001610 (0x00000497) auipc x9, 0x0                           main+2608
x9 <- 0x0000000080001610

clint mtime 0x000000000000033E (mip.MTI <- 0b1, mip.STI <- 0b0)
mem[X,0x0000000080001614] -> 0x84B3
mem[X,0x0000000080001616] -> 0x0064
[1660] [M]: 0x0000000080001614 (0x006484B3) add x9, x9, x6                          main+2612
x9 <- 0x0000030080001608

mem[X,0x0000000080001618] -> 0x94F3
mem[X,0x000000008000161A] -> 0x3414
[1661] [M]: 0x0000000080001618 (0x341494F3) csrrw x9, mepc, x9                      main+2616
CSR mepc (0x341) <- 0x0000030080001608
x9 <- 0x00000300800013DC

clint mtime 0x000000000000033F (mip.MTI <- 0b1, mip.STI <- 0b0)
mem[X,0x000000008000161C] -> 0x0073
mem[X,0x000000008000161E] -> 0x3020
[1662] [M]: 0x000000008000161C (0x30200073) mret                                    main+2620
CSR mstatus (0x300) <- 0x0000000A00000080
ret-ing from M to U

PTW: Start, vpn=0x30080001, access_type=X, privilege=Umem[R,0x0000000080009030] -> 0x00000000000000DB
PTW: Step, level=3, pte=0xDB, pte_addr=0x80009030
PTW: Success, final_ppn=0x80001, level=3mem[X,0x0000000080001608] -> 0x0333
PTW: Start, vpn=0x30080001, access_type=X, privilege=Umem[R,0x0000000080009030] -> 0x00000000000000DB
PTW: Step, level=3, pte=0xDB, pte_addr=0x80009030
PTW: Success, final_ppn=0x80001, level=3mem[X,0x000000008000160A] -> 0x4093
[1663] [U]: 0x0000030080001608 (0x40930333) sub x6, x6, x9                          va_rvtest_code_begin+2668
x6 <- 0xFFFFFFFF7FFFEC1C

clint mtime 0x0000000000000340 (mip.MTI <- 0b1, mip.STI <- 0b0)
PTW: Start, vpn=0x30080001, access_type=X, privilege=Umem[R,0x0000000080009030] -> 0x00000000000000DB
PTW: Step, level=3, pte=0xDB, pte_addr=0x80009030
PTW: Success, final_ppn=0x80001, level=3mem[X,0x000000008000160C] -> 0x0313
PTW: Start, vpn=0x30080001, access_type=X, privilege=Umem[R,0x0000000080009030] -> 0x00000000000000DB
PTW: Step, level=3, pte=0xDB, pte_addr=0x80009030
PTW: Success, final_ppn=0x80001, level=3mem[X,0x000000008000160E] -> 0x0103
[1664] [U]: 0x000003008000160C (0x01030313) addi x6, x6, 0x10                       va_rvtest_code_begin+2672
x6 <- 0xFFFFFFFF7FFFEC2C

PTW: Start, vpn=0x30080001, access_type=X, privilege=Umem[R,0x0000000080009030] -> 0x00000000000000DB
PTW: Step, level=3, pte=0xDB, pte_addr=0x80009030
PTW: Success, final_ppn=0x80001, level=3mem[X,0x0000000080001610] -> 0x0497
PTW: Start, vpn=0x30080001, access_type=X, privilege=Umem[R,0x0000000080009030] -> 0x00000000000000DB
PTW: Step, level=3, pte=0xDB, pte_addr=0x80009030
PTW: Success, final_ppn=0x80001, level=3mem[X,0x0000000080001612] -> 0x0000
[1665] [U]: 0x0000030080001610 (0x00000497) auipc x9, 0x0                           va_rvtest_code_begin+2676
x9 <- 0x0000030080001610

clint mtime 0x0000000000000341 (mip.MTI <- 0b1, mip.STI <- 0b0)
PTW: Start, vpn=0x30080001, access_type=X, privilege=Umem[R,0x0000000080009030] -> 0x00000000000000DB
PTW: Step, level=3, pte=0xDB, pte_addr=0x80009030
PTW: Success, final_ppn=0x80001, level=3mem[X,0x0000000080001614] -> 0x84B3
PTW: Start, vpn=0x30080001, access_type=X, privilege=Umem[R,0x0000000080009030] -> 0x00000000000000DB
PTW: Step, level=3, pte=0xDB, pte_addr=0x80009030
PTW: Success, final_ppn=0x80001, level=3mem[X,0x0000000080001616] -> 0x0064
[1666] [U]: 0x0000030080001614 (0x006484B3) add x9, x9, x6                          va_rvtest_code_begin+2680
x9 <- 0x000003000000023C

PTW: Start, vpn=0x30080001, access_type=X, privilege=Umem[R,0x0000000080009030] -> 0x00000000000000DB
PTW: Step, level=3, pte=0xDB, pte_addr=0x80009030
PTW: Success, final_ppn=0x80001, level=3mem[X,0x0000000080001618] -> 0x94F3
PTW: Start, vpn=0x30080001, access_type=X, privilege=Umem[R,0x0000000080009030] -> 0x00000000000000DB
PTW: Step, level=3, pte=0xDB, pte_addr=0x80009030
PTW: Success, final_ppn=0x80001, level=3mem[X,0x000000008000161A] -> 0x3414
[1667] [U]: 0x0000030080001618 (0x341494F3) csrrw x9, mepc, x9                      va_rvtest_code_begin+2684
trapping from U to M to handle illegal-instruction
handling exc#illegal-instruction at priv M with tval 0x00000000341494F3
CSR mstatus (0x300) <- 0x0000000A00000000
CSR mcause (0x342) <- 0x0000000000000002
CSR mtval (0x343) <- 0x00000000341494F3
CSR mepc (0x341) <- 0x0000030080001618

clint mtime 0x0000000000000342 (mip.MTI <- 0b1, mip.STI <- 0b0)
mem[X,0x0000000080002800] -> 0x006F
mem[X,0x0000000080002802] -> 0x1000
[1668] [M]: 0x0000000080002800 (0x1000006F) jal x0, 0x100                           Mtrampoline+0

mem[X,0x0000000080002900] -> 0x1173
mem[X,0x0000000080002902] -> 0x3401
[1669] [M]: 0x0000000080002900 (0x34011173) csrrw x2, mscratch, x2                  trap_Mhandler+0
CSR mscratch (0x340) <- 0x0000000000000000
x2 <- 0x0000000080005000

clint mtime 0x0000000000000343 (mip.MTI <- 0b1, mip.STI <- 0b0)
mem[X,0x0000000080002904] -> 0x3423
mem[X,0x0000000080002906] -> 0x28B1
[1670] [M]: 0x0000000080002904 (0x28B13423) sd x11, 0x288(x2)                       trap_Mhandler+4
mem[W,0x0000000080005288] <- 0x00000000000000DF

mem[X,0x0000000080002908] -> 0x05EF
mem[X,0x000000008000290A] -> 0x0B80
[1671] [M]: 0x0000000080002908 (0x0B8005EF) jal x11, 0xb8                           trap_Mhandler+8
x11 <- 0x000000008000290C

clint mtime 0x0000000000000344 (mip.MTI <- 0b1, mip.STI <- 0b0)
mem[X,0x00000000800029C0] -> 0x3023
mem[X,0x00000000800029C2] -> 0x28A1
[1672] [M]: 0x00000000800029C0 (0x28A13023) sd x10, 0x280(x2)                       common_Mhandler+0
mem[W,0x0000000080005280] <- 0x00000000200000DF

mem[X,0x00000000800029C4] -> 0x1573
mem[X,0x00000000800029C6] -> 0x3401
[1673] [M]: 0x00000000800029C4 (0x34011573) csrrw x10, mscratch, x2                 common_Mhandler+4
CSR mscratch (0x340) <- 0x0000000080005000
x10 <- 0x0000000000000000

clint mtime 0x0000000000000345 (mip.MTI <- 0b1, mip.STI <- 0b0)
mem[X,0x00000000800029C8] -> 0x3823
mem[X,0x00000000800029CA] -> 0x28A1
[1674] [M]: 0x00000000800029C8 (0x28A13823) sd x10, 0x290(x2)                       common_Mhandler+8
mem[W,0x0000000080005290] <- 0x0000000000000000

mem[X,0x00000000800029CC] -> 0x3503
mem[X,0x00000000800029CE] -> 0x2301
[1675] [M]: 0x00000000800029CC (0x23013503) ld x10, 0x230(x2)                       common_Mhandler+12
mem[R,0x0000000080005230] -> 0x00000000800029D4
x10 <- 0x00000000800029D4

clint mtime 0x0000000000000346 (mip.MTI <- 0b1, mip.STI <- 0b0)
mem[X,0x00000000800029D0] -> 0x0067
mem[X,0x00000000800029D2] -> 0x0005
[1676] [M]: 0x00000000800029D0 (0x00050067) jalr x0, 0x0(x10)                       common_Mhandler+16

mem[X,0x00000000800029D4] -> 0x3C23
mem[X,0x00000000800029D6] -> 0x2691
[1677] [M]: 0x00000000800029D4 (0x26913C23) sd x9, 0x278(x2)                        common_Mentry+0
mem[W,0x0000000080005278] <- 0x000003000000023C

clint mtime 0x0000000000000347 (mip.MTI <- 0b1, mip.STI <- 0b0)
mem[X,0x00000000800029D8] -> 0x3823
mem[X,0x00000000800029DA] -> 0x2681
[1678] [M]: 0x00000000800029D8 (0x26813823) sd x8, 0x270(x2)                        common_Mentry+4
mem[W,0x0000000080005270] <- 0x0000000000007F76

mem[X,0x00000000800029DC] -> 0x3423
mem[X,0x00000000800029DE] -> 0x2671
[1679] [M]: 0x00000000800029DC (0x26713423) sd x7, 0x268(x2)                        common_Mentry+8
mem[W,0x0000000080005268] <- 0x0000000080005000

clint mtime 0x0000000000000348 (mip.MTI <- 0b1, mip.STI <- 0b0)
mem[X,0x00000000800029E0] -> 0x3023
mem[X,0x00000000800029E2] -> 0x2661
[1680] [M]: 0x00000000800029E0 (0x26613023) sd x6, 0x260(x2)                        common_Mentry+12
mem[W,0x0000000080005260] <- 0xFFFFFFFF7FFFEC2C

mem[X,0x00000000800029E4] -> 0x2573
mem[X,0x00000000800029E6] -> 0x3420
[1681] [M]: 0x00000000800029E4 (0x34202573) csrrs x10, mcause, x0                   spcl_M2mmode_test+0
CSR mcause (0x342) -> 0x0000000000000002
x10 <- 0x0000000000000002

clint mtime 0x0000000000000349 (mip.MTI <- 0b1, mip.STI <- 0b0)
mem[X,0x00000000800029E8] -> 0x04B7
mem[X,0x00000000800029EA] -> 0x8000
[1682] [M]: 0x00000000800029E8 (0x800004B7) lui x9, -0x80000                        spcl_M2mmode_test+4
x9 <- 0xFFFFFFFF80000000

mem[X,0x00000000800029EC] -> 0x8493
mem[X,0x00000000800029EE] -> 0x0004
[1683] [M]: 0x00000000800029EC (0x00048493) addi x9, x9, 0x0                        spcl_M2mmode_test+8
x9 <- 0xFFFFFFFF80000000

clint mtime 0x000000000000034A (mip.MTI <- 0b1, mip.STI <- 0b0)
mem[X,0x00000000800029F0] -> 0x9493
mem[X,0x00000000800029F2] -> 0x00B4
[1684] [M]: 0x00000000800029F0 (0x00B49493) slli x9, x9, 0xb                        spcl_M2mmode_test+12
x9 <- 0xFFFFFC0000000000

mem[X,0x00000000800029F4] -> 0x8493
mem[X,0x00000000800029F6] -> 0x0004
[1685] [M]: 0x00000000800029F4 (0x00048493) addi x9, x9, 0x0                        spcl_M2mmode_test+16
x9 <- 0xFFFFFC0000000000

clint mtime 0x000000000000034B (mip.MTI <- 0b1, mip.STI <- 0b0)
mem[X,0x00000000800029F8] -> 0x9493
mem[X,0x00000000800029FA] -> 0x00B4
[1686] [M]: 0x00000000800029F8 (0x00B49493) slli x9, x9, 0xb                        spcl_M2mmode_test+20
x9 <- 0xFFE0000000000000

mem[X,0x00000000800029FC] -> 0x8493
mem[X,0x00000000800029FE] -> 0x0034
[1687] [M]: 0x00000000800029FC (0x00348493) addi x9, x9, 0x3                        spcl_M2mmode_test+24
x9 <- 0xFFE0000000000003

clint mtime 0x000000000000034C (mip.MTI <- 0b1, mip.STI <- 0b0)
mem[X,0x0000000080002A00] -> 0x9493
mem[X,0x0000000080002A02] -> 0x00A4
[1688] [M]: 0x0000000080002A00 (0x00A49493) slli x9, x9, 0xa                        spcl_M2mmode_test+28
x9 <- 0x8000000000000C00

mem[X,0x0000000080002A04] -> 0x8493
mem[X,0x0000000080002A06] -> 0x3FC4
[1689] [M]: 0x0000000080002A04 (0x3FC48493) addi x9, x9, 0x3fc                      spcl_M2mmode_test+32
x9 <- 0x8000000000000FFC

clint mtime 0x000000000000034D (mip.MTI <- 0b1, mip.STI <- 0b0)
mem[X,0x0000000080002A08] -> 0xF4B3
mem[X,0x0000000080002A0A] -> 0x00A4
[1690] [M]: 0x0000000080002A08 (0x00A4F4B3) and x9, x9, x10                         spcl_M2mmode_test+36
x9 <- 0x0000000000000000

mem[X,0x0000000080002A0C] -> 0x8493
mem[X,0x0000000080002A0E] -> 0xFF84
[1691] [M]: 0x0000000080002A0C (0xFF848493) addi x9, x9, -0x8                       spcl_M2mmode_test+40
x9 <- 0xFFFFFFFFFFFFFFF8

clint mtime 0x000000000000034E (mip.MTI <- 0b1, mip.STI <- 0b0)
mem[X,0x0000000080002A10] -> 0x9663
mem[X,0x0000000080002A12] -> 0x0004
[1692] [M]: 0x0000000080002A10 (0x00049663) bne x9, x0, 0xc                         spcl_M2mmode_test+44

mem[X,0x0000000080002A1C] -> 0x0393
mem[X,0x0000000080002A1E] -> 0x0200
[1693] [M]: 0x0000000080002A1C (0x02000393) addi x7, x0, 0x20                       Mtrapsig_ptr_upd+0
x7 <- 0x0000000000000020

clint mtime 0x000000000000034F (mip.MTI <- 0b1, mip.STI <- 0b0)
mem[X,0x0000000080002A20] -> 0x5263
mem[X,0x0000000080002A22] -> 0x0405
[1694] [M]: 0x0000000080002A20 (0x04055263) bge x10, x0, 0x44                       Mtrapsig_ptr_upd+4

mem[X,0x0000000080002A64] -> 0x2373
mem[X,0x0000000080002A66] -> 0x3010
[1695] [M]: 0x0000000080002A64 (0x30102373) csrrs x6, misa, x0                      Mxcpt_sig_sv+0
CSR misa (0x301) -> 0x800000000034112F
x6 <- 0x800000000034112F

clint mtime 0x0000000000000350 (mip.MTI <- 0b1, mip.STI <- 0b0)
mem[X,0x0000000080002A68] -> 0x1313
mem[X,0x0000000080002A6A] -> 0x0383
[1696] [M]: 0x0000000080002A68 (0x03831313) slli x6, x6, 0x38                       Mxcpt_sig_sv+4
x6 <- 0x2F00000000000000

mem[X,0x0000000080002A6C] -> 0x5463
mem[X,0x0000000080002A6E] -> 0x0003
[1697] [M]: 0x0000000080002A6C (0x00035463) bge x6, x0, 0x8                         Mxcpt_sig_sv+8

clint mtime 0x0000000000000351 (mip.MTI <- 0b1, mip.STI <- 0b0)
mem[X,0x0000000080002A74] -> 0x3303
mem[X,0x0000000080002A76] -> 0x2181
[1698] [M]: 0x0000000080002A74 (0x21813303) ld x6, 0x218(x2)                        Mtrap_sig_sv+0
mem[R,0x0000000080005218] -> 0x000000008000A3D8
x6 <- 0x000000008000A3D8

mem[X,0x0000000080002A78] -> 0x04B3
mem[X,0x0000000080002A7A] -> 0x0073
[1699] [M]: 0x0000000080002A78 (0x007304B3) add x9, x6, x7                          Mtrap_sig_sv+4
x9 <- 0x000000008000A3F8

clint mtime 0x0000000000000352 (mip.MTI <- 0b1, mip.STI <- 0b0)
mem[X,0x0000000080002A7C] -> 0x3C23
mem[X,0x0000000080002A7E] -> 0x2091
[1700] [M]: 0x0000000080002A7C (0x20913C23) sd x9, 0x218(x2)                        Mtrap_sig_sv+8
mem[W,0x0000000080005218] <- 0x000000008000A3F8

mem[X,0x0000000080002A80] -> 0x3403
mem[X,0x0000000080002A82] -> 0x1F81
[1701] [M]: 0x0000000080002A80 (0x1F813403) ld x8, 0x1f8(x2)                        Mtrap_sig_sv+12
mem[R,0x00000000800051F8] -> 0x000000008000A110
x8 <- 0x000000008000A110

clint mtime 0x0000000000000353 (mip.MTI <- 0b1, mip.STI <- 0b0)
mem[X,0x0000000080002A84] -> 0x0333
mem[X,0x0000000080002A86] -> 0x4083
[1702] [M]: 0x0000000080002A84 (0x40830333) sub x6, x6, x8                          Mtrap_sig_sv+16
x6 <- 0x00000000000002C8

mem[X,0x0000000080002A88] -> 0x3403
mem[X,0x0000000080002A8A] -> 0x1F81
[1703] [M]: 0x0000000080002A88 (0x1F813403) ld x8, 0x1f8(x2)                        Mtrap_sig_sv+20
mem[R,0x00000000800051F8] -> 0x000000008000A110
x8 <- 0x000000008000A110

clint mtime 0x0000000000000354 (mip.MTI <- 0b1, mip.STI <- 0b0)
mem[X,0x0000000080002A8C] -> 0x0333
mem[X,0x0000000080002A8E] -> 0x0083
[1704] [M]: 0x0000000080002A8C (0x00830333) add x6, x6, x8                          Mtrap_sig_sv+24
x6 <- 0x000000008000A3D8

mem[X,0x0000000080002A90] -> 0x3403
mem[X,0x0000000080002A92] -> 0x2401
[1705] [M]: 0x0000000080002A90 (0x24013403) ld x8, 0x240(x2)                        Mtrap_sig_sv+28
mem[R,0x0000000080005240] -> 0x0000000080002800
x8 <- 0x0000000080002800

clint mtime 0x0000000000000355 (mip.MTI <- 0b1, mip.STI <- 0b0)
mem[X,0x0000000080002A94] -> 0x85B3
mem[X,0x0000000080002A96] -> 0x4085
[1706] [M]: 0x0000000080002A94 (0x408585B3) sub x11, x11, x8                        sv_Mvect+0
x11 <- 0x000000000000010C

mem[X,0x0000000080002A98] -> 0x9593
mem[X,0x0000000080002A9A] -> 0x0045
[1707] [M]: 0x0000000080002A98 (0x00459593) slli x11, x11, 0x4                      sv_Mvect+4
x11 <- 0x00000000000010C0

clint mtime 0x0000000000000356 (mip.MTI <- 0b1, mip.STI <- 0b0)
mem[X,0x0000000080002A9C] -> 0xE5B3
mem[X,0x0000000080002A9E] -> 0x0075
[1708] [M]: 0x0000000080002A9C (0x0075E5B3) or x11, x11, x7                         sv_Mvect+8
x11 <- 0x00000000000010E0

mem[X,0x0000000080002AA0] -> 0x8593
mem[X,0x0000000080002AA2] -> 0x0035
[1709] [M]: 0x0000000080002AA0 (0x00358593) addi x11, x11, 0x3                      sv_Mvect+12
x11 <- 0x00000000000010E3

clint mtime 0x0000000000000357 (mip.MTI <- 0b1, mip.STI <- 0b0)
mem[X,0x0000000080002AA4] -> 0x3023
mem[X,0x0000000080002AA6] -> 0x00B3
[1710] [M]: 0x0000000080002AA4 (0x00B33023) sd x11, 0x0(x6)                         sv_Mvect+16
mem[W,0x000000008000A3D8] <- 0x00000000000010E3

mem[X,0x0000000080002AA8] -> 0x3423
mem[X,0x0000000080002AAA] -> 0x00A3
[1711] [M]: 0x0000000080002AA8 (0x00A33423) sd x10, 0x8(x6)                         sv_Mcause+0
mem[W,0x000000008000A3E0] <- 0x0000000000000002

clint mtime 0x0000000000000358 (mip.MTI <- 0b1, mip.STI <- 0b0)
mem[X,0x0000000080002AAC] -> 0x4663
mem[X,0x0000000080002AAE] -> 0x1A05
[1712] [M]: 0x0000000080002AAC (0x1A054663) blt x10, x0, 0x1ac                      sv_Mcause+4

mem[X,0x0000000080002AB0] -> 0x25F3
mem[X,0x0000000080002AB2] -> 0x3000
[1713] [M]: 0x0000000080002AB0 (0x300025F3) csrrs x11, mstatus, x0                  common_Mexcpt_handler+0
CSR mstatus (0x300) -> 0x0000000A00000000
x11 <- 0x0000000A00000000

clint mtime 0x0000000000000359 (mip.MTI <- 0b1, mip.STI <- 0b0)
mem[X,0x0000000080002AB4] -> 0x9413
mem[X,0x0000000080002AB6] -> 0x02E5
[1714] [M]: 0x0000000080002AB4 (0x02E59413) slli x8, x11, 0x2e                      common_Mexcpt_handler+4
x8 <- 0x0000000000000000

mem[X,0x0000000080002AB8] -> 0x5463
mem[X,0x0000000080002ABA] -> 0x0004
[1715] [M]: 0x0000000080002AB8 (0x00045463) bge x8, x0, 0x8                         common_Mexcpt_handler+8

clint mtime 0x000000000000035A (mip.MTI <- 0b1, mip.STI <- 0b0)
mem[X,0x0000000080002AC0] -> 0xD493
mem[X,0x0000000080002AC2] -> 0x00B5
[1716] [M]: 0x0000000080002AC0 (0x00B5D493) srli x9, x11, 0xb                       common_Mexcpt_handler+16
x9 <- 0x0000000001400000

mem[X,0x0000000080002AC4] -> 0xF493
mem[X,0x0000000080002AC6] -> 0x0034
[1717] [M]: 0x0000000080002AC4 (0x0034F493) andi x9, x9, 0x3                        common_Mexcpt_handler+20
x9 <- 0x0000000000000000

clint mtime 0x000000000000035B (mip.MTI <- 0b1, mip.STI <- 0b0)
mem[X,0x0000000080002AC8] -> 0x8493
mem[X,0x0000000080002ACA] -> 0x0014
[1718] [M]: 0x0000000080002AC8 (0x00148493) addi x9, x9, 0x1                        common_Mexcpt_handler+24
x9 <- 0x0000000000000001

mem[X,0x0000000080002ACC] -> 0xF493
mem[X,0x0000000080002ACE] -> 0x0044
[1719] [M]: 0x0000000080002ACC (0x0044F493) andi x9, x9, 0x4                        common_Mexcpt_handler+28
x9 <- 0x0000000000000000

clint mtime 0x000000000000035C (mip.MTI <- 0b1, mip.STI <- 0b0)
mem[X,0x0000000080002AD0] -> 0x0593
mem[X,0x0000000080002AD2] -> 0x05D0
[1720] [M]: 0x0000000080002AD0 (0x05D00593) addi x11, x0, 0x5d                      common_Mexcpt_handler+32
x11 <- 0x000000000000005D

mem[X,0x0000000080002AD4] -> 0xD5B3
mem[X,0x0000000080002AD6] -> 0x0095
[1721] [M]: 0x0000000080002AD4 (0x0095D5B3) srl x11, x11, x9                        common_Mexcpt_handler+36
x11 <- 0x000000000000005D

clint mtime 0x000000000000035D (mip.MTI <- 0b1, mip.STI <- 0b0)
mem[X,0x0000000080002AD8] -> 0xF593
mem[X,0x0000000080002ADA] -> 0x0015
[1722] [M]: 0x0000000080002AD8 (0x0015F593) andi x11, x11, 0x1                      common_Mexcpt_handler+40
x11 <- 0x0000000000000001

mem[X,0x0000000080002ADC] -> 0x8EE3
mem[X,0x0000000080002ADE] -> 0xF405
[1723] [M]: 0x0000000080002ADC (0xF4058EE3) beq x11, x0, -0xa4                      common_Mexcpt_handler+44

clint mtime 0x000000000000035E (mip.MTI <- 0b1, mip.STI <- 0b0)
mem[X,0x0000000080002AE0] -> 0x0593
mem[X,0x0000000080002AE2] -> 0x2980
[1724] [M]: 0x0000000080002AE0 (0x29800593) addi x11, x0, 0x298                     common_Mexcpt_handler+48
x11 <- 0x0000000000000298

mem[X,0x0000000080002AE4] -> 0xF413
mem[X,0x0000000080002AE6] -> 0x0014
[1725] [M]: 0x0000000080002AE4 (0x0014F413) andi x8, x9, 0x1                        common_Mexcpt_handler+52
x8 <- 0x0000000000000000

clint mtime 0x000000000000035F (mip.MTI <- 0b1, mip.STI <- 0b0)
mem[X,0x0000000080002AE8] -> 0x95B3
mem[X,0x0000000080002AEA] -> 0x0085
[1726] [M]: 0x0000000080002AE8 (0x008595B3) sll x11, x11, x8                        common_Mexcpt_handler+56
x11 <- 0x0000000000000298

mem[X,0x0000000080002AEC] -> 0x9413
mem[X,0x0000000080002AEE] -> 0x03D4
[1727] [M]: 0x0000000080002AEC (0x03D49413) slli x8, x9, 0x3d                       common_Mexcpt_handler+60
x8 <- 0x0000000000000000

clint mtime 0x0000000000000360 (mip.MTI <- 0b1, mip.STI <- 0b0)
mem[X,0x0000000080002AF0] -> 0x5413
mem[X,0x0000000080002AF2] -> 0x43F4
[1728] [M]: 0x0000000080002AF0 (0x43F45413) srai x8, x8, 0x3f                       common_Mexcpt_handler+64
x8 <- 0x0000000000000000

mem[X,0x0000000080002AF4] -> 0x4413
mem[X,0x0000000080002AF6] -> 0xFFF4
[1729] [M]: 0x0000000080002AF4 (0xFFF44413) xori x8, x8, -0x1                       common_Mexcpt_handler+68
x8 <- 0xFFFFFFFFFFFFFFFF

clint mtime 0x0000000000000361 (mip.MTI <- 0b1, mip.STI <- 0b0)
mem[X,0x0000000080002AF8] -> 0xF4B3
mem[X,0x0000000080002AFA] -> 0x0085
[1730] [M]: 0x0000000080002AF8 (0x0085F4B3) and x9, x11, x8                         common_Mexcpt_handler+72
x9 <- 0x0000000000000298

mem[X,0x0000000080002AFC] -> 0x84B3
mem[X,0x0000000080002AFE] -> 0x0024
[1731] [M]: 0x0000000080002AFC (0x002484B3) add x9, x9, x2                          vmem_adj_Mepc+0
x9 <- 0x0000000080005298

clint mtime 0x0000000000000362 (mip.MTI <- 0b1, mip.STI <- 0b0)
mem[X,0x0000000080002B00] -> 0x23F3
mem[X,0x0000000080002B02] -> 0x3410
[1732] [M]: 0x0000000080002B00 (0x341023F3) csrrs x7, mepc, x0                      vmem_adj_Mepc+4
CSR mepc (0x341) -> 0x0000030080001618
x7 <- 0x0000030080001618

mem[X,0x0000000080002B04] -> 0x0413
mem[X,0x0000000080002B06] -> 0x0004
[1733] [M]: 0x0000000080002B04 (0x00040413) addi x8, x8, 0x0                        vmem_adj_Mepc+8
x8 <- 0xFFFFFFFFFFFFFFFF

clint mtime 0x0000000000000363 (mip.MTI <- 0b1, mip.STI <- 0b0)
mem[X,0x0000000080002B08] -> 0x006F
mem[X,0x0000000080002B0A] -> 0x0400
[1734] [M]: 0x0000000080002B08 (0x0400006F) jal x0, 0x40                            vmem_adj_Mepc+12

mem[X,0x0000000080002B48] -> 0x8433
mem[X,0x0000000080002B4A] -> 0x4083
[1735] [M]: 0x0000000080002B48 (0x40838433) sub x8, x7, x8                          adj_Mepc+0
x8 <- 0x0000030080001619

clint mtime 0x0000000000000364 (mip.MTI <- 0b1, mip.STI <- 0b0)
mem[X,0x0000000080002B4C] -> 0x3823
mem[X,0x0000000080002B4E] -> 0x0083
[1736] [M]: 0x0000000080002B4C (0x00833823) sd x8, 0x10(x6)                         sv_Mepc+0
mem[W,0x000000008000A3E8] <- 0x0000030080001619

mem[X,0x0000000080002B50] -> 0x55B7
mem[X,0x0000000080002B52] -> 0x0000
[1737] [M]: 0x0000000080002B50 (0x000055B7) lui x11, 0x5                            sv_Mepc+4
x11 <- 0x0000000000005000

clint mtime 0x0000000000000365 (mip.MTI <- 0b1, mip.STI <- 0b0)
mem[X,0x0000000080002B54] -> 0x8593
mem[X,0x0000000080002B56] -> 0x6675
[1738] [M]: 0x0000000080002B54 (0x66758593) addi x11, x11, 0x667                    sv_Mepc+8
x11 <- 0x0000000000005667

mem[X,0x0000000080002B58] -> 0x9593
mem[X,0x0000000080002B5A] -> 0x0015
[1739] [M]: 0x0000000080002B58 (0x00159593) slli x11, x11, 0x1                      sv_Mepc+12
x11 <- 0x000000000000ACCE

clint mtime 0x0000000000000366 (mip.MTI <- 0b1, mip.STI <- 0b0)
mem[X,0x0000000080002B5C] -> 0x9063
mem[X,0x0000000080002B5E] -> 0x02B1
[1740] [M]: 0x0000000080002B5C (0x02B19063) bne x3, x11, 0x20                       sv_Mepc+16

mem[X,0x0000000080002B60] -> 0x2473
mem[X,0x0000000080002B62] -> 0x3420
[1741] [M]: 0x0000000080002B60 (0x34202473) csrrs x8, mcause, x0                    sv_Mepc+20
CSR mcause (0x342) -> 0x0000000000000002
x8 <- 0x0000000000000002

clint mtime 0x0000000000000367 (mip.MTI <- 0b1, mip.STI <- 0b0)
mem[X,0x0000000080002B64] -> 0x0593
mem[X,0x0000000080002B66] -> 0x00C0
[1742] [M]: 0x0000000080002B64 (0x00C00593) addi x11, x0, 0xc                       sv_Mepc+24
x11 <- 0x000000000000000C

mem[X,0x0000000080002B68] -> 0x0663
mem[X,0x0000000080002B6A] -> 0x00B4
[1743] [M]: 0x0000000080002B68 (0x00B40663) beq x8, x11, 0xc                        sv_Mepc+28

clint mtime 0x0000000000000368 (mip.MTI <- 0b1, mip.STI <- 0b0)
mem[X,0x0000000080002B6C] -> 0x0593
mem[X,0x0000000080002B6E] -> 0x0010
[1744] [M]: 0x0000000080002B6C (0x00100593) addi x11, x0, 0x1                       sv_Mepc+32
x11 <- 0x0000000000000001

mem[X,0x0000000080002B70] -> 0x1663
mem[X,0x0000000080002B72] -> 0x00B4
[1745] [M]: 0x0000000080002B70 (0x00B41663) bne x8, x11, 0xc                        sv_Mepc+36

clint mtime 0x0000000000000369 (mip.MTI <- 0b1, mip.STI <- 0b0)
mem[X,0x0000000080002B7C] -> 0xF593
mem[X,0x0000000080002B7E] -> 0xFFC3
[1746] [M]: 0x0000000080002B7C (0xFFC3F593) andi x11, x7, -0x4                      adj_Mepc_rtn+0
x11 <- 0x0000030080001618

mem[X,0x0000000080002B80] -> 0x8593
mem[X,0x0000000080002B82] -> 0x0085
[1747] [M]: 0x0000000080002B80 (0x00858593) addi x11, x11, 0x8                      adj_Mepc_rtn+4
x11 <- 0x0000030080001620

clint mtime 0x000000000000036A (mip.MTI <- 0b1, mip.STI <- 0b0)
mem[X,0x0000000080002B84] -> 0x9073
mem[X,0x0000000080002B86] -> 0x3415
[1748] [M]: 0x0000000080002B84 (0x34159073) csrrw x0, mepc, x11                     adj_Mepc_rtn+8
CSR mepc (0x341) <- 0x0000030080001620

mem[X,0x0000000080002B88] -> 0x23F3
mem[X,0x0000000080002B8A] -> 0x3430
[1749] [M]: 0x0000000080002B88 (0x343023F3) csrrs x7, mtval, x0                     skp_adj_Mepc+0
CSR mtval (0x343) -> 0x00000000341494F3
x7 <- 0x00000000341494F3

clint mtime 0x000000000000036B (mip.MTI <- 0b1, mip.STI <- 0b0)
mem[X,0x0000000080002B8C] -> 0x0413
mem[X,0x0000000080002B8E] -> 0x0004
[1750] [M]: 0x0000000080002B8C (0x00040413) addi x8, x8, 0x0                        skp_adj_Mepc+4
x8 <- 0x0000000000000002

mem[X,0x0000000080002B90] -> 0x006F
mem[X,0x0000000080002B92] -> 0x0840
[1751] [M]: 0x0000000080002B90 (0x0840006F) jal x0, 0x84                            skp_adj_Mepc+8

clint mtime 0x000000000000036C (mip.MTI <- 0b1, mip.STI <- 0b0)
mem[X,0x0000000080002C14] -> 0x8433
mem[X,0x0000000080002C16] -> 0x4083
[1752] [M]: 0x0000000080002C14 (0x40838433) sub x8, x7, x8                          adj_Mtval+0
x8 <- 0x00000000341494F1

mem[X,0x0000000080002C18] -> 0x3C23
mem[X,0x0000000080002C1A] -> 0x0083
[1753] [M]: 0x0000000080002C18 (0x00833C23) sd x8, 0x18(x6)                         sv_Mtval+0
mem[W,0x000000008000A3F0] <- 0x00000000341494F1

clint mtime 0x000000000000036D (mip.MTI <- 0b1, mip.STI <- 0b0)
mem[X,0x0000000080002C1C] -> 0x3483
mem[X,0x0000000080002C1E] -> 0x2181
[1754] [M]: 0x0000000080002C1C (0x21813483) ld x9, 0x218(x2)                        skp_Mtval+0
mem[R,0x0000000080005218] -> 0x000000008000A3F8
x9 <- 0x000000008000A3F8

mem[X,0x0000000080002C20] -> 0x3383
mem[X,0x0000000080002C22] -> 0x1F81
[1755] [M]: 0x0000000080002C20 (0x1F813383) ld x7, 0x1f8(x2)                        skp_Mtval+4
mem[R,0x00000000800051F8] -> 0x000000008000A110
x7 <- 0x000000008000A110

clint mtime 0x000000000000036E (mip.MTI <- 0b1, mip.STI <- 0b0)
mem[X,0x0000000080002C24] -> 0x3303
mem[X,0x0000000080002C26] -> 0x2001
[1756] [M]: 0x0000000080002C24 (0x20013303) ld x6, 0x200(x2)                        skp_Mtval+8
mem[R,0x0000000080005200] -> 0x0000000000000410
x6 <- 0x0000000000000410

mem[X,0x0000000080002C28] -> 0x0333
mem[X,0x0000000080002C2A] -> 0x0073
[1757] [M]: 0x0000000080002C28 (0x00730333) add x6, x6, x7                          skp_Mtval+12
x6 <- 0x000000008000A520

clint mtime 0x000000000000036F (mip.MTI <- 0b1, mip.STI <- 0b0)
mem[X,0x0000000080002C2C] -> 0x6AE3
mem[X,0x0000000080002C2E] -> 0xAC93
[1758] [M]: 0x0000000080002C2C (0xAC936AE3) bltu x6, x9, -0x52c                     skp_Mtval+16

mem[X,0x0000000080002C30] -> 0x0393
mem[X,0x0000000080002C32] -> 0x2000
[1759] [M]: 0x0000000080002C30 (0x20000393) addi x7, x0, 0x200                      skp_Mtval+20
x7 <- 0x0000000000000200

clint mtime 0x0000000000000370 (mip.MTI <- 0b1, mip.STI <- 0b0)
mem[X,0x0000000080002C34] -> 0x006F
mem[X,0x0000000080002C36] -> 0x0400
[1760] [M]: 0x0000000080002C34 (0x0400006F) jal x0, 0x40                            skp_Mtval+24

mem[X,0x0000000080002C74] -> 0x0417
mem[X,0x0000000080002C76] -> 0x0000
[1761] [M]: 0x0000000080002C74 (0x00000417) auipc x8, 0x0                           spcl_Mhandler+0
x8 <- 0x0000000080002C74

clint mtime 0x0000000000000371 (mip.MTI <- 0b1, mip.STI <- 0b0)
mem[X,0x0000000080002C78] -> 0x0413
mem[X,0x0000000080002C7A] -> 0x03C4
[1762] [M]: 0x0000000080002C78 (0x03C40413) addi x8, x8, 0x3c                       spcl_Mhandler+4
x8 <- 0x0000000080002CB0

mem[X,0x0000000080002C7C] -> 0x0433
mem[X,0x0000000080002C7E] -> 0x0074
[1763] [M]: 0x0000000080002C7C (0x00740433) add x8, x8, x7                          spcl_Mhandler+8
x8 <- 0x0000000080002EB0

clint mtime 0x0000000000000372 (mip.MTI <- 0b1, mip.STI <- 0b0)
mem[X,0x0000000080002C80] -> 0x1393
mem[X,0x0000000080002C82] -> 0x0035
[1764] [M]: 0x0000000080002C80 (0x00351393) slli x7, x10, 0x3                       spcl_Mhandler+12
x7 <- 0x0000000000000010

mem[X,0x0000000080002C84] -> 0x0433
mem[X,0x0000000080002C86] -> 0x0074
[1765] [M]: 0x0000000080002C84 (0x00740433) add x8, x8, x7                          spcl_Mhandler+16
x8 <- 0x0000000080002EC0

clint mtime 0x0000000000000373 (mip.MTI <- 0b1, mip.STI <- 0b0)
mem[X,0x0000000080002C88] -> 0x7413
mem[X,0x0000000080002C8A] -> 0xFF84
[1766] [M]: 0x0000000080002C88 (0xFF847413) andi x8, x8, -0x8                       spcl_Mhandler+20
x8 <- 0x0000000080002EC0

mem[X,0x0000000080002C8C] -> 0x3403
mem[X,0x0000000080002C8E] -> 0x0004
[1767] [M]: 0x0000000080002C8C (0x00043403) ld x8, 0x0(x8)                          spcl_Mhandler+24
mem[R,0x0000000080002EC0] -> 0x0000000000000005
x8 <- 0x0000000000000005

clint mtime 0x0000000000000374 (mip.MTI <- 0b1, mip.STI <- 0b0)
mem[X,0x0000000080002C90] -> 0x02E3
mem[X,0x0000000080002C92] -> 0xB004
[1768] [M]: 0x0000000080002C90 (0xB00402E3) beq x8, x0, -0x4fc                      spcl_Mdispatch_hndling+0

mem[X,0x0000000080002C94] -> 0x1393
mem[X,0x0000000080002C96] -> 0x03F4
[1769] [M]: 0x0000000080002C94 (0x03F41393) slli x7, x8, 0x3f                       spcl_Mdispatch_hndling+4
x7 <- 0x8000000000000000

clint mtime 0x0000000000000375 (mip.MTI <- 0b1, mip.STI <- 0b0)
mem[X,0x0000000080002C98] -> 0xD863
mem[X,0x0000000080002C9A] -> 0x0003
[1770] [M]: 0x0000000080002C98 (0x0003D863) bge x7, x0, 0x10                        spcl_Mdispatch_hndling+8

mem[X,0x0000000080002C9C] -> 0x5413
mem[X,0x0000000080002C9E] -> 0x0014
[1771] [M]: 0x0000000080002C9C (0x00145413) srli x8, x8, 0x1                        spcl_Mdispatch_hndling+12
x8 <- 0x0000000000000002

clint mtime 0x0000000000000376 (mip.MTI <- 0b1, mip.STI <- 0b0)
mem[X,0x0000000080002CA0] -> 0x0CE3
mem[X,0x0000000080002CA2] -> 0xF885
[1772] [M]: 0x0000000080002CA0 (0xF8850CE3) beq x10, x8, -0x68                      spcl_Mdispatch_hndling+16

mem[X,0x0000000080002C38] -> 0x3303
mem[X,0x0000000080002C3A] -> 0x2601
[1773] [M]: 0x0000000080002C38 (0x26013303) ld x6, 0x260(x2)                        resto_Mrtn+0
mem[R,0x0000000080005260] -> 0xFFFFFFFF7FFFEC2C
x6 <- 0xFFFFFFFF7FFFEC2C

clint mtime 0x0000000000000377 (mip.MTI <- 0b1, mip.STI <- 0b0)
mem[X,0x0000000080002C3C] -> 0x3383
mem[X,0x0000000080002C3E] -> 0x2681
[1774] [M]: 0x0000000080002C3C (0x26813383) ld x7, 0x268(x2)                        resto_Mrtn+4
mem[R,0x0000000080005268] -> 0x0000000080005000
x7 <- 0x0000000080005000

mem[X,0x0000000080002C40] -> 0x3403
mem[X,0x0000000080002C42] -> 0x2701
[1775] [M]: 0x0000000080002C40 (0x27013403) ld x8, 0x270(x2)                        resto_Mrtn+8
mem[R,0x0000000080005270] -> 0x0000000000007F76
x8 <- 0x0000000000007F76

clint mtime 0x0000000000000378 (mip.MTI <- 0b1, mip.STI <- 0b0)
mem[X,0x0000000080002C44] -> 0x3483
mem[X,0x0000000080002C46] -> 0x2781
[1776] [M]: 0x0000000080002C44 (0x27813483) ld x9, 0x278(x2)                        resto_Mrtn+12
mem[R,0x0000000080005278] -> 0x000003000000023C
x9 <- 0x000003000000023C

mem[X,0x0000000080002C48] -> 0x3503
mem[X,0x0000000080002C4A] -> 0x2801
[1777] [M]: 0x0000000080002C48 (0x28013503) ld x10, 0x280(x2)                       resto_Mrtn+16
mem[R,0x0000000080005280] -> 0x00000000200000DF
x10 <- 0x00000000200000DF

clint mtime 0x0000000000000379 (mip.MTI <- 0b1, mip.STI <- 0b0)
mem[X,0x0000000080002C4C] -> 0x3583
mem[X,0x0000000080002C4E] -> 0x2881
[1778] [M]: 0x0000000080002C4C (0x28813583) ld x11, 0x288(x2)                       resto_Mrtn+20
mem[R,0x0000000080005288] -> 0x00000000000000DF
x11 <- 0x00000000000000DF

mem[X,0x0000000080002C50] -> 0x3103
mem[X,0x0000000080002C52] -> 0x2901
[1779] [M]: 0x0000000080002C50 (0x29013103) ld x2, 0x290(x2)                        resto_Mrtn+24
mem[R,0x0000000080005290] -> 0x0000000000000000
x2 <- 0x0000000000000000

clint mtime 0x000000000000037A (mip.MTI <- 0b1, mip.STI <- 0b0)
mem[X,0x0000000080002C54] -> 0x0073
mem[X,0x0000000080002C56] -> 0x3020
[1780] [M]: 0x0000000080002C54 (0x30200073) mret                                    resto_Mrtn+28
CSR mstatus (0x300) <- 0x0000000A00000080
ret-ing from M to U

PTW: Start, vpn=0x30080001, access_type=X, privilege=Umem[R,0x0000000080009030] -> 0x00000000000000DB
PTW: Step, level=3, pte=0xDB, pte_addr=0x80009030
PTW: Success, final_ppn=0x80001, level=3mem[X,0x0000000080001620] -> 0x07B7
PTW: Start, vpn=0x30080001, access_type=X, privilege=Umem[R,0x0000000080009030] -> 0x00000000000000DB
PTW: Step, level=3, pte=0xDB, pte_addr=0x80009030
PTW: Success, final_ppn=0x80001, level=3mem[X,0x0000000080001622] -> 0x0000
[1781] [U]: 0x0000030080001620 (0x000007B7) lui x15, 0x0                            va_rvtest_code_begin+2692
x15 <- 0x0000000000000000

clint mtime 0x000000000000037B (mip.MTI <- 0b1, mip.STI <- 0b0)
PTW: Start, vpn=0x30080001, access_type=X, privilege=Umem[R,0x0000000080009030] -> 0x00000000000000DB
PTW: Step, level=3, pte=0xDB, pte_addr=0x80009030
PTW: Success, final_ppn=0x80001, level=3mem[X,0x0000000080001624] -> 0x8793
PTW: Start, vpn=0x30080001, access_type=X, privilege=Umem[R,0x0000000080009030] -> 0x00000000000000DB
PTW: Step, level=3, pte=0xDB, pte_addr=0x80009030
PTW: Success, final_ppn=0x80001, level=3mem[X,0x0000000080001626] -> 0x2807
[1782] [U]: 0x0000030080001624 (0x28078793) addi x15, x15, 0x280                    va_rvtest_code_begin+2696
x15 <- 0x0000000000000280

PTW: Start, vpn=0x30080001, access_type=X, privilege=Umem[R,0x0000000080009030] -> 0x00000000000000DB
PTW: Step, level=3, pte=0xDB, pte_addr=0x80009030
PTW: Success, final_ppn=0x80001, level=3mem[X,0x0000000080001628] -> 0x9793
PTW: Start, vpn=0x30080001, access_type=X, privilege=Umem[R,0x0000000080009030] -> 0x00000000000000DB
PTW: Step, level=3, pte=0xDB, pte_addr=0x80009030
PTW: Success, final_ppn=0x80001, level=3mem[X,0x000000008000162A] -> 0x00B7
[1783] [U]: 0x0000030080001628 (0x00B79793) slli x15, x15, 0xb                      va_rvtest_code_begin+2700
x15 <- 0x0000000000140000

clint mtime 0x000000000000037C (mip.MTI <- 0b1, mip.STI <- 0b0)
PTW: Start, vpn=0x30080001, access_type=X, privilege=Umem[R,0x0000000080009030] -> 0x00000000000000DB
PTW: Step, level=3, pte=0xDB, pte_addr=0x80009030
PTW: Success, final_ppn=0x80001, level=3mem[X,0x000000008000162C] -> 0x8793
PTW: Start, vpn=0x30080001, access_type=X, privilege=Umem[R,0x0000000080009030] -> 0x00000000000000DB
PTW: Step, level=3, pte=0xDB, pte_addr=0x80009030
PTW: Success, final_ppn=0x80001, level=3mem[X,0x000000008000162E] -> 0x0007
[1784] [U]: 0x000003008000162C (0x00078793) addi x15, x15, 0x0                      va_rvtest_code_begin+2704
x15 <- 0x0000000000140000

PTW: Start, vpn=0x30080001, access_type=X, privilege=Umem[R,0x0000000080009030] -> 0x00000000000000DB
PTW: Step, level=3, pte=0xDB, pte_addr=0x80009030
PTW: Success, final_ppn=0x80001, level=3mem[X,0x0000000080001630] -> 0x9793
PTW: Start, vpn=0x30080001, access_type=X, privilege=Umem[R,0x0000000080009030] -> 0x00000000000000DB
PTW: Step, level=3, pte=0xDB, pte_addr=0x80009030
PTW: Success, final_ppn=0x80001, level=3mem[X,0x0000000080001632] -> 0x00B7
[1785] [U]: 0x0000030080001630 (0x00B79793) slli x15, x15, 0xb                      va_rvtest_code_begin+2708
x15 <- 0x00000000A0000000

clint mtime 0x000000000000037D (mip.MTI <- 0b1, mip.STI <- 0b0)
PTW: Start, vpn=0x30080001, access_type=X, privilege=Umem[R,0x0000000080009030] -> 0x00000000000000DB
PTW: Step, level=3, pte=0xDB, pte_addr=0x80009030
PTW: Success, final_ppn=0x80001, level=3mem[X,0x0000000080001634] -> 0x8793
PTW: Start, vpn=0x30080001, access_type=X, privilege=Umem[R,0x0000000080009030] -> 0x00000000000000DB
PTW: Step, level=3, pte=0xDB, pte_addr=0x80009030
PTW: Success, final_ppn=0x80001, level=3mem[X,0x0000000080001636] -> 0x0017
[1786] [U]: 0x0000030080001634 (0x00178793) addi x15, x15, 0x1                      va_rvtest_code_begin+2712
x15 <- 0x00000000A0000001

PTW: Start, vpn=0x30080001, access_type=X, privilege=Umem[R,0x0000000080009030] -> 0x00000000000000DB
PTW: Step, level=3, pte=0xDB, pte_addr=0x80009030
PTW: Success, final_ppn=0x80001, level=3mem[X,0x0000000080001638] -> 0x9793
PTW: Start, vpn=0x30080001, access_type=X, privilege=Umem[R,0x0000000080009030] -> 0x00000000000000DB
PTW: Step, level=3, pte=0xDB, pte_addr=0x80009030
PTW: Success, final_ppn=0x80001, level=3mem[X,0x000000008000163A] -> 0x00A7
[1787] [U]: 0x0000030080001638 (0x00A79793) slli x15, x15, 0xa                      va_rvtest_code_begin+2716
x15 <- 0x0000028000000400

clint mtime 0x000000000000037E (mip.MTI <- 0b1, mip.STI <- 0b0)
PTW: Start, vpn=0x30080001, access_type=X, privilege=Umem[R,0x0000000080009030] -> 0x00000000000000DB
PTW: Step, level=3, pte=0xDB, pte_addr=0x80009030
PTW: Success, final_ppn=0x80001, level=3mem[X,0x000000008000163C] -> 0x0613
PTW: Start, vpn=0x30080001, access_type=X, privilege=Umem[R,0x0000000080009030] -> 0x00000000000000DB
PTW: Step, level=3, pte=0xDB, pte_addr=0x80009030
PTW: Success, final_ppn=0x80001, level=3mem[X,0x000000008000163E] -> 0x0106
[1788] [U]: 0x000003008000163C (0x01060613) addi x12, x12, 0x10                     va_rvtest_code_begin+2720
x12 <- 0x0000000000000040

PTW: Start, vpn=0x30080001, access_type=X, privilege=Umem[R,0x0000000080009030] -> 0x00000000000000DB
PTW: Step, level=3, pte=0xDB, pte_addr=0x80009030
PTW: Success, final_ppn=0x80001, level=3mem[X,0x0000000080001640] -> 0xAA23
PTW: Start, vpn=0x30080001, access_type=X, privilege=Umem[R,0x0000000080009030] -> 0x00000000000000DB
PTW: Step, level=3, pte=0xDB, pte_addr=0x80009030
PTW: Success, final_ppn=0x80001, level=3mem[X,0x0000000080001642] -> 0x00C7
[1789] [U]: 0x0000030080001640 (0x00C7AA23) sw x12, 0x14(x15)                       va_rvtest_code_begin+2724
PTW: Start, vpn=0x28000000, access_type=W, privilege=Umem[R,0x0000000080009028] -> 0x0000000020002001
PTW: Step, level=3, pte=0x20002001, pte_addr=0x80009028
PTW: Start, vpn=0x28000000, access_type=W, privilege=Umem[R,0x0000000080008000] -> 0x0000000020001C01
PTW: Step, level=2, pte=0x20001C01, pte_addr=0x80008000
PTW: Start, vpn=0x28000000, access_type=W, privilege=Umem[R,0x0000000080007000] -> 0x0000000020001801
PTW: Step, level=1, pte=0x20001801, pte_addr=0x80007000
PTW: Start, vpn=0x28000000, access_type=W, privilege=Umem[R,0x0000000080006000] -> 0x00000000200000DF
PTW: Step, level=0, pte=0x200000DF, pte_addr=0x80006000
PTW: Success, final_ppn=0x80000, level=0trapping from U to M to handle store/amo-access-fault
handling exc#store/amo-access-fault at priv M with tval 0x0000028000000414
CSR mstatus (0x300) <- 0x0000000A00000000
CSR mcause (0x342) <- 0x0000000000000007
CSR mtval (0x343) <- 0x0000028000000414
CSR mepc (0x341) <- 0x0000030080001640

clint mtime 0x000000000000037F (mip.MTI <- 0b1, mip.STI <- 0b0)
mem[X,0x0000000080002800] -> 0x006F
mem[X,0x0000000080002802] -> 0x1000
[1790] [M]: 0x0000000080002800 (0x1000006F) jal x0, 0x100                           Mtrampoline+0

mem[X,0x0000000080002900] -> 0x1173
mem[X,0x0000000080002902] -> 0x3401
[1791] [M]: 0x0000000080002900 (0x34011173) csrrw x2, mscratch, x2                  trap_Mhandler+0
CSR mscratch (0x340) <- 0x0000000000000000
x2 <- 0x0000000080005000

clint mtime 0x0000000000000380 (mip.MTI <- 0b1, mip.STI <- 0b0)
mem[X,0x0000000080002904] -> 0x3423
mem[X,0x0000000080002906] -> 0x28B1
[1792] [M]: 0x0000000080002904 (0x28B13423) sd x11, 0x288(x2)                       trap_Mhandler+4
mem[W,0x0000000080005288] <- 0x00000000000000DF

mem[X,0x0000000080002908] -> 0x05EF
mem[X,0x000000008000290A] -> 0x0B80
[1793] [M]: 0x0000000080002908 (0x0B8005EF) jal x11, 0xb8                           trap_Mhandler+8
x11 <- 0x000000008000290C

clint mtime 0x0000000000000381 (mip.MTI <- 0b1, mip.STI <- 0b0)
mem[X,0x00000000800029C0] -> 0x3023
mem[X,0x00000000800029C2] -> 0x28A1
[1794] [M]: 0x00000000800029C0 (0x28A13023) sd x10, 0x280(x2)                       common_Mhandler+0
mem[W,0x0000000080005280] <- 0x00000000200000DF

mem[X,0x00000000800029C4] -> 0x1573
mem[X,0x00000000800029C6] -> 0x3401
[1795] [M]: 0x00000000800029C4 (0x34011573) csrrw x10, mscratch, x2                 common_Mhandler+4
CSR mscratch (0x340) <- 0x0000000080005000
x10 <- 0x0000000000000000

clint mtime 0x0000000000000382 (mip.MTI <- 0b1, mip.STI <- 0b0)
mem[X,0x00000000800029C8] -> 0x3823
mem[X,0x00000000800029CA] -> 0x28A1
[1796] [M]: 0x00000000800029C8 (0x28A13823) sd x10, 0x290(x2)                       common_Mhandler+8
mem[W,0x0000000080005290] <- 0x0000000000000000

mem[X,0x00000000800029CC] -> 0x3503
mem[X,0x00000000800029CE] -> 0x2301
[1797] [M]: 0x00000000800029CC (0x23013503) ld x10, 0x230(x2)                       common_Mhandler+12
mem[R,0x0000000080005230] -> 0x00000000800029D4
x10 <- 0x00000000800029D4

clint mtime 0x0000000000000383 (mip.MTI <- 0b1, mip.STI <- 0b0)
mem[X,0x00000000800029D0] -> 0x0067
mem[X,0x00000000800029D2] -> 0x0005
[1798] [M]: 0x00000000800029D0 (0x00050067) jalr x0, 0x0(x10)                       common_Mhandler+16

mem[X,0x00000000800029D4] -> 0x3C23
mem[X,0x00000000800029D6] -> 0x2691
[1799] [M]: 0x00000000800029D4 (0x26913C23) sd x9, 0x278(x2)                        common_Mentry+0
mem[W,0x0000000080005278] <- 0x000003000000023C

clint mtime 0x0000000000000384 (mip.MTI <- 0b1, mip.STI <- 0b0)
mem[X,0x00000000800029D8] -> 0x3823
mem[X,0x00000000800029DA] -> 0x2681
[1800] [M]: 0x00000000800029D8 (0x26813823) sd x8, 0x270(x2)                        common_Mentry+4
mem[W,0x0000000080005270] <- 0x0000000000007F76

mem[X,0x00000000800029DC] -> 0x3423
mem[X,0x00000000800029DE] -> 0x2671
[1801] [M]: 0x00000000800029DC (0x26713423) sd x7, 0x268(x2)                        common_Mentry+8
mem[W,0x0000000080005268] <- 0x0000000080005000

clint mtime 0x0000000000000385 (mip.MTI <- 0b1, mip.STI <- 0b0)
mem[X,0x00000000800029E0] -> 0x3023
mem[X,0x00000000800029E2] -> 0x2661
[1802] [M]: 0x00000000800029E0 (0x26613023) sd x6, 0x260(x2)                        common_Mentry+12
mem[W,0x0000000080005260] <- 0xFFFFFFFF7FFFEC2C

mem[X,0x00000000800029E4] -> 0x2573
mem[X,0x00000000800029E6] -> 0x3420
[1803] [M]: 0x00000000800029E4 (0x34202573) csrrs x10, mcause, x0                   spcl_M2mmode_test+0
CSR mcause (0x342) -> 0x0000000000000007
x10 <- 0x0000000000000007

clint mtime 0x0000000000000386 (mip.MTI <- 0b1, mip.STI <- 0b0)
mem[X,0x00000000800029E8] -> 0x04B7
mem[X,0x00000000800029EA] -> 0x8000
[1804] [M]: 0x00000000800029E8 (0x800004B7) lui x9, -0x80000                        spcl_M2mmode_test+4
x9 <- 0xFFFFFFFF80000000

mem[X,0x00000000800029EC] -> 0x8493
mem[X,0x00000000800029EE] -> 0x0004
[1805] [M]: 0x00000000800029EC (0x00048493) addi x9, x9, 0x0                        spcl_M2mmode_test+8
x9 <- 0xFFFFFFFF80000000

clint mtime 0x0000000000000387 (mip.MTI <- 0b1, mip.STI <- 0b0)
mem[X,0x00000000800029F0] -> 0x9493
mem[X,0x00000000800029F2] -> 0x00B4
[1806] [M]: 0x00000000800029F0 (0x00B49493) slli x9, x9, 0xb                        spcl_M2mmode_test+12
x9 <- 0xFFFFFC0000000000

mem[X,0x00000000800029F4] -> 0x8493
mem[X,0x00000000800029F6] -> 0x0004
[1807] [M]: 0x00000000800029F4 (0x00048493) addi x9, x9, 0x0                        spcl_M2mmode_test+16
x9 <- 0xFFFFFC0000000000

clint mtime 0x0000000000000388 (mip.MTI <- 0b1, mip.STI <- 0b0)
mem[X,0x00000000800029F8] -> 0x9493
mem[X,0x00000000800029FA] -> 0x00B4
[1808] [M]: 0x00000000800029F8 (0x00B49493) slli x9, x9, 0xb                        spcl_M2mmode_test+20
x9 <- 0xFFE0000000000000

mem[X,0x00000000800029FC] -> 0x8493
mem[X,0x00000000800029FE] -> 0x0034
[1809] [M]: 0x00000000800029FC (0x00348493) addi x9, x9, 0x3                        spcl_M2mmode_test+24
x9 <- 0xFFE0000000000003

clint mtime 0x0000000000000389 (mip.MTI <- 0b1, mip.STI <- 0b0)
mem[X,0x0000000080002A00] -> 0x9493
mem[X,0x0000000080002A02] -> 0x00A4
[1810] [M]: 0x0000000080002A00 (0x00A49493) slli x9, x9, 0xa                        spcl_M2mmode_test+28
x9 <- 0x8000000000000C00

mem[X,0x0000000080002A04] -> 0x8493
mem[X,0x0000000080002A06] -> 0x3FC4
[1811] [M]: 0x0000000080002A04 (0x3FC48493) addi x9, x9, 0x3fc                      spcl_M2mmode_test+32
x9 <- 0x8000000000000FFC

clint mtime 0x000000000000038A (mip.MTI <- 0b1, mip.STI <- 0b0)
mem[X,0x0000000080002A08] -> 0xF4B3
mem[X,0x0000000080002A0A] -> 0x00A4
[1812] [M]: 0x0000000080002A08 (0x00A4F4B3) and x9, x9, x10                         spcl_M2mmode_test+36
x9 <- 0x0000000000000004

mem[X,0x0000000080002A0C] -> 0x8493
mem[X,0x0000000080002A0E] -> 0xFF84
[1813] [M]: 0x0000000080002A0C (0xFF848493) addi x9, x9, -0x8                       spcl_M2mmode_test+40
x9 <- 0xFFFFFFFFFFFFFFFC

clint mtime 0x000000000000038B (mip.MTI <- 0b1, mip.STI <- 0b0)
mem[X,0x0000000080002A10] -> 0x9663
mem[X,0x0000000080002A12] -> 0x0004
[1814] [M]: 0x0000000080002A10 (0x00049663) bne x9, x0, 0xc                         spcl_M2mmode_test+44

mem[X,0x0000000080002A1C] -> 0x0393
mem[X,0x0000000080002A1E] -> 0x0200
[1815] [M]: 0x0000000080002A1C (0x02000393) addi x7, x0, 0x20                       Mtrapsig_ptr_upd+0
x7 <- 0x0000000000000020

clint mtime 0x000000000000038C (mip.MTI <- 0b1, mip.STI <- 0b0)
mem[X,0x0000000080002A20] -> 0x5263
mem[X,0x0000000080002A22] -> 0x0405
[1816] [M]: 0x0000000080002A20 (0x04055263) bge x10, x0, 0x44                       Mtrapsig_ptr_upd+4

mem[X,0x0000000080002A64] -> 0x2373
mem[X,0x0000000080002A66] -> 0x3010
[1817] [M]: 0x0000000080002A64 (0x30102373) csrrs x6, misa, x0                      Mxcpt_sig_sv+0
CSR misa (0x301) -> 0x800000000034112F
x6 <- 0x800000000034112F

clint mtime 0x000000000000038D (mip.MTI <- 0b1, mip.STI <- 0b0)
mem[X,0x0000000080002A68] -> 0x1313
mem[X,0x0000000080002A6A] -> 0x0383
[1818] [M]: 0x0000000080002A68 (0x03831313) slli x6, x6, 0x38                       Mxcpt_sig_sv+4
x6 <- 0x2F00000000000000

mem[X,0x0000000080002A6C] -> 0x5463
mem[X,0x0000000080002A6E] -> 0x0003
[1819] [M]: 0x0000000080002A6C (0x00035463) bge x6, x0, 0x8                         Mxcpt_sig_sv+8

clint mtime 0x000000000000038E (mip.MTI <- 0b1, mip.STI <- 0b0)
mem[X,0x0000000080002A74] -> 0x3303
mem[X,0x0000000080002A76] -> 0x2181
[1820] [M]: 0x0000000080002A74 (0x21813303) ld x6, 0x218(x2)                        Mtrap_sig_sv+0
mem[R,0x0000000080005218] -> 0x000000008000A3F8
x6 <- 0x000000008000A3F8

mem[X,0x0000000080002A78] -> 0x04B3
mem[X,0x0000000080002A7A] -> 0x0073
[1821] [M]: 0x0000000080002A78 (0x007304B3) add x9, x6, x7                          Mtrap_sig_sv+4
x9 <- 0x000000008000A418

clint mtime 0x000000000000038F (mip.MTI <- 0b1, mip.STI <- 0b0)
mem[X,0x0000000080002A7C] -> 0x3C23
mem[X,0x0000000080002A7E] -> 0x2091
[1822] [M]: 0x0000000080002A7C (0x20913C23) sd x9, 0x218(x2)                        Mtrap_sig_sv+8
mem[W,0x0000000080005218] <- 0x000000008000A418

mem[X,0x0000000080002A80] -> 0x3403
mem[X,0x0000000080002A82] -> 0x1F81
[1823] [M]: 0x0000000080002A80 (0x1F813403) ld x8, 0x1f8(x2)                        Mtrap_sig_sv+12
mem[R,0x00000000800051F8] -> 0x000000008000A110
x8 <- 0x000000008000A110

clint mtime 0x0000000000000390 (mip.MTI <- 0b1, mip.STI <- 0b0)
mem[X,0x0000000080002A84] -> 0x0333
mem[X,0x0000000080002A86] -> 0x4083
[1824] [M]: 0x0000000080002A84 (0x40830333) sub x6, x6, x8                          Mtrap_sig_sv+16
x6 <- 0x00000000000002E8

mem[X,0x0000000080002A88] -> 0x3403
mem[X,0x0000000080002A8A] -> 0x1F81
[1825] [M]: 0x0000000080002A88 (0x1F813403) ld x8, 0x1f8(x2)                        Mtrap_sig_sv+20
mem[R,0x00000000800051F8] -> 0x000000008000A110
x8 <- 0x000000008000A110

clint mtime 0x0000000000000391 (mip.MTI <- 0b1, mip.STI <- 0b0)
mem[X,0x0000000080002A8C] -> 0x0333
mem[X,0x0000000080002A8E] -> 0x0083
[1826] [M]: 0x0000000080002A8C (0x00830333) add x6, x6, x8                          Mtrap_sig_sv+24
x6 <- 0x000000008000A3F8

mem[X,0x0000000080002A90] -> 0x3403
mem[X,0x0000000080002A92] -> 0x2401
[1827] [M]: 0x0000000080002A90 (0x24013403) ld x8, 0x240(x2)                        Mtrap_sig_sv+28
mem[R,0x0000000080005240] -> 0x0000000080002800
x8 <- 0x0000000080002800

clint mtime 0x0000000000000392 (mip.MTI <- 0b1, mip.STI <- 0b0)
mem[X,0x0000000080002A94] -> 0x85B3
mem[X,0x0000000080002A96] -> 0x4085
[1828] [M]: 0x0000000080002A94 (0x408585B3) sub x11, x11, x8                        sv_Mvect+0
x11 <- 0x000000000000010C

mem[X,0x0000000080002A98] -> 0x9593
mem[X,0x0000000080002A9A] -> 0x0045
[1829] [M]: 0x0000000080002A98 (0x00459593) slli x11, x11, 0x4                      sv_Mvect+4
x11 <- 0x00000000000010C0

clint mtime 0x0000000000000393 (mip.MTI <- 0b1, mip.STI <- 0b0)
mem[X,0x0000000080002A9C] -> 0xE5B3
mem[X,0x0000000080002A9E] -> 0x0075
[1830] [M]: 0x0000000080002A9C (0x0075E5B3) or x11, x11, x7                         sv_Mvect+8
x11 <- 0x00000000000010E0

mem[X,0x0000000080002AA0] -> 0x8593
mem[X,0x0000000080002AA2] -> 0x0035
[1831] [M]: 0x0000000080002AA0 (0x00358593) addi x11, x11, 0x3                      sv_Mvect+12
x11 <- 0x00000000000010E3

clint mtime 0x0000000000000394 (mip.MTI <- 0b1, mip.STI <- 0b0)
mem[X,0x0000000080002AA4] -> 0x3023
mem[X,0x0000000080002AA6] -> 0x00B3
[1832] [M]: 0x0000000080002AA4 (0x00B33023) sd x11, 0x0(x6)                         sv_Mvect+16
mem[W,0x000000008000A3F8] <- 0x00000000000010E3

mem[X,0x0000000080002AA8] -> 0x3423
mem[X,0x0000000080002AAA] -> 0x00A3
[1833] [M]: 0x0000000080002AA8 (0x00A33423) sd x10, 0x8(x6)                         sv_Mcause+0
mem[W,0x000000008000A400] <- 0x0000000000000007

clint mtime 0x0000000000000395 (mip.MTI <- 0b1, mip.STI <- 0b0)
mem[X,0x0000000080002AAC] -> 0x4663
mem[X,0x0000000080002AAE] -> 0x1A05
[1834] [M]: 0x0000000080002AAC (0x1A054663) blt x10, x0, 0x1ac                      sv_Mcause+4

mem[X,0x0000000080002AB0] -> 0x25F3
mem[X,0x0000000080002AB2] -> 0x3000
[1835] [M]: 0x0000000080002AB0 (0x300025F3) csrrs x11, mstatus, x0                  common_Mexcpt_handler+0
CSR mstatus (0x300) -> 0x0000000A00000000
x11 <- 0x0000000A00000000

clint mtime 0x0000000000000396 (mip.MTI <- 0b1, mip.STI <- 0b0)
mem[X,0x0000000080002AB4] -> 0x9413
mem[X,0x0000000080002AB6] -> 0x02E5
[1836] [M]: 0x0000000080002AB4 (0x02E59413) slli x8, x11, 0x2e                      common_Mexcpt_handler+4
x8 <- 0x0000000000000000

mem[X,0x0000000080002AB8] -> 0x5463
mem[X,0x0000000080002ABA] -> 0x0004
[1837] [M]: 0x0000000080002AB8 (0x00045463) bge x8, x0, 0x8                         common_Mexcpt_handler+8

clint mtime 0x0000000000000397 (mip.MTI <- 0b1, mip.STI <- 0b0)
mem[X,0x0000000080002AC0] -> 0xD493
mem[X,0x0000000080002AC2] -> 0x00B5
[1838] [M]: 0x0000000080002AC0 (0x00B5D493) srli x9, x11, 0xb                       common_Mexcpt_handler+16
x9 <- 0x0000000001400000

mem[X,0x0000000080002AC4] -> 0xF493
mem[X,0x0000000080002AC6] -> 0x0034
[1839] [M]: 0x0000000080002AC4 (0x0034F493) andi x9, x9, 0x3                        common_Mexcpt_handler+20
x9 <- 0x0000000000000000

clint mtime 0x0000000000000398 (mip.MTI <- 0b1, mip.STI <- 0b0)
mem[X,0x0000000080002AC8] -> 0x8493
mem[X,0x0000000080002ACA] -> 0x0014
[1840] [M]: 0x0000000080002AC8 (0x00148493) addi x9, x9, 0x1                        common_Mexcpt_handler+24
x9 <- 0x0000000000000001

mem[X,0x0000000080002ACC] -> 0xF493
mem[X,0x0000000080002ACE] -> 0x0044
[1841] [M]: 0x0000000080002ACC (0x0044F493) andi x9, x9, 0x4                        common_Mexcpt_handler+28
x9 <- 0x0000000000000000

clint mtime 0x0000000000000399 (mip.MTI <- 0b1, mip.STI <- 0b0)
mem[X,0x0000000080002AD0] -> 0x0593
mem[X,0x0000000080002AD2] -> 0x05D0
[1842] [M]: 0x0000000080002AD0 (0x05D00593) addi x11, x0, 0x5d                      common_Mexcpt_handler+32
x11 <- 0x000000000000005D

mem[X,0x0000000080002AD4] -> 0xD5B3
mem[X,0x0000000080002AD6] -> 0x0095
[1843] [M]: 0x0000000080002AD4 (0x0095D5B3) srl x11, x11, x9                        common_Mexcpt_handler+36
x11 <- 0x000000000000005D

clint mtime 0x000000000000039A (mip.MTI <- 0b1, mip.STI <- 0b0)
mem[X,0x0000000080002AD8] -> 0xF593
mem[X,0x0000000080002ADA] -> 0x0015
[1844] [M]: 0x0000000080002AD8 (0x0015F593) andi x11, x11, 0x1                      common_Mexcpt_handler+40
x11 <- 0x0000000000000001

mem[X,0x0000000080002ADC] -> 0x8EE3
mem[X,0x0000000080002ADE] -> 0xF405
[1845] [M]: 0x0000000080002ADC (0xF4058EE3) beq x11, x0, -0xa4                      common_Mexcpt_handler+44

clint mtime 0x000000000000039B (mip.MTI <- 0b1, mip.STI <- 0b0)
mem[X,0x0000000080002AE0] -> 0x0593
mem[X,0x0000000080002AE2] -> 0x2980
[1846] [M]: 0x0000000080002AE0 (0x29800593) addi x11, x0, 0x298                     common_Mexcpt_handler+48
x11 <- 0x0000000000000298

mem[X,0x0000000080002AE4] -> 0xF413
mem[X,0x0000000080002AE6] -> 0x0014
[1847] [M]: 0x0000000080002AE4 (0x0014F413) andi x8, x9, 0x1                        common_Mexcpt_handler+52
x8 <- 0x0000000000000000

clint mtime 0x000000000000039C (mip.MTI <- 0b1, mip.STI <- 0b0)
mem[X,0x0000000080002AE8] -> 0x95B3
mem[X,0x0000000080002AEA] -> 0x0085
[1848] [M]: 0x0000000080002AE8 (0x008595B3) sll x11, x11, x8                        common_Mexcpt_handler+56
x11 <- 0x0000000000000298

mem[X,0x0000000080002AEC] -> 0x9413
mem[X,0x0000000080002AEE] -> 0x03D4
[1849] [M]: 0x0000000080002AEC (0x03D49413) slli x8, x9, 0x3d                       common_Mexcpt_handler+60
x8 <- 0x0000000000000000

clint mtime 0x000000000000039D (mip.MTI <- 0b1, mip.STI <- 0b0)
mem[X,0x0000000080002AF0] -> 0x5413
mem[X,0x0000000080002AF2] -> 0x43F4
[1850] [M]: 0x0000000080002AF0 (0x43F45413) srai x8, x8, 0x3f                       common_Mexcpt_handler+64
x8 <- 0x0000000000000000

mem[X,0x0000000080002AF4] -> 0x4413
mem[X,0x0000000080002AF6] -> 0xFFF4
[1851] [M]: 0x0000000080002AF4 (0xFFF44413) xori x8, x8, -0x1                       common_Mexcpt_handler+68
x8 <- 0xFFFFFFFFFFFFFFFF

clint mtime 0x000000000000039E (mip.MTI <- 0b1, mip.STI <- 0b0)
mem[X,0x0000000080002AF8] -> 0xF4B3
mem[X,0x0000000080002AFA] -> 0x0085
[1852] [M]: 0x0000000080002AF8 (0x0085F4B3) and x9, x11, x8                         common_Mexcpt_handler+72
x9 <- 0x0000000000000298

mem[X,0x0000000080002AFC] -> 0x84B3
mem[X,0x0000000080002AFE] -> 0x0024
[1853] [M]: 0x0000000080002AFC (0x002484B3) add x9, x9, x2                          vmem_adj_Mepc+0
x9 <- 0x0000000080005298

clint mtime 0x000000000000039F (mip.MTI <- 0b1, mip.STI <- 0b0)
mem[X,0x0000000080002B00] -> 0x23F3
mem[X,0x0000000080002B02] -> 0x3410
[1854] [M]: 0x0000000080002B00 (0x341023F3) csrrs x7, mepc, x0                      vmem_adj_Mepc+4
CSR mepc (0x341) -> 0x0000030080001640
x7 <- 0x0000030080001640

mem[X,0x0000000080002B04] -> 0x0413
mem[X,0x0000000080002B06] -> 0x0004
[1855] [M]: 0x0000000080002B04 (0x00040413) addi x8, x8, 0x0                        vmem_adj_Mepc+8
x8 <- 0xFFFFFFFFFFFFFFFF

clint mtime 0x00000000000003A0 (mip.MTI <- 0b1, mip.STI <- 0b0)
mem[X,0x0000000080002B08] -> 0x006F
mem[X,0x0000000080002B0A] -> 0x0400
[1856] [M]: 0x0000000080002B08 (0x0400006F) jal x0, 0x40                            vmem_adj_Mepc+12

mem[X,0x0000000080002B48] -> 0x8433
mem[X,0x0000000080002B4A] -> 0x4083
[1857] [M]: 0x0000000080002B48 (0x40838433) sub x8, x7, x8                          adj_Mepc+0
x8 <- 0x0000030080001641

clint mtime 0x00000000000003A1 (mip.MTI <- 0b1, mip.STI <- 0b0)
mem[X,0x0000000080002B4C] -> 0x3823
mem[X,0x0000000080002B4E] -> 0x0083
[1858] [M]: 0x0000000080002B4C (0x00833823) sd x8, 0x10(x6)                         sv_Mepc+0
mem[W,0x000000008000A408] <- 0x0000030080001641

mem[X,0x0000000080002B50] -> 0x55B7
mem[X,0x0000000080002B52] -> 0x0000
[1859] [M]: 0x0000000080002B50 (0x000055B7) lui x11, 0x5                            sv_Mepc+4
x11 <- 0x0000000000005000

clint mtime 0x00000000000003A2 (mip.MTI <- 0b1, mip.STI <- 0b0)
mem[X,0x0000000080002B54] -> 0x8593
mem[X,0x0000000080002B56] -> 0x6675
[1860] [M]: 0x0000000080002B54 (0x66758593) addi x11, x11, 0x667                    sv_Mepc+8
x11 <- 0x0000000000005667

mem[X,0x0000000080002B58] -> 0x9593
mem[X,0x0000000080002B5A] -> 0x0015
[1861] [M]: 0x0000000080002B58 (0x00159593) slli x11, x11, 0x1                      sv_Mepc+12
x11 <- 0x000000000000ACCE

clint mtime 0x00000000000003A3 (mip.MTI <- 0b1, mip.STI <- 0b0)
mem[X,0x0000000080002B5C] -> 0x9063
mem[X,0x0000000080002B5E] -> 0x02B1
[1862] [M]: 0x0000000080002B5C (0x02B19063) bne x3, x11, 0x20                       sv_Mepc+16

mem[X,0x0000000080002B60] -> 0x2473
mem[X,0x0000000080002B62] -> 0x3420
[1863] [M]: 0x0000000080002B60 (0x34202473) csrrs x8, mcause, x0                    sv_Mepc+20
CSR mcause (0x342) -> 0x0000000000000007
x8 <- 0x0000000000000007

clint mtime 0x00000000000003A4 (mip.MTI <- 0b1, mip.STI <- 0b0)
mem[X,0x0000000080002B64] -> 0x0593
mem[X,0x0000000080002B66] -> 0x00C0
[1864] [M]: 0x0000000080002B64 (0x00C00593) addi x11, x0, 0xc                       sv_Mepc+24
x11 <- 0x000000000000000C

mem[X,0x0000000080002B68] -> 0x0663
mem[X,0x0000000080002B6A] -> 0x00B4
[1865] [M]: 0x0000000080002B68 (0x00B40663) beq x8, x11, 0xc                        sv_Mepc+28

clint mtime 0x00000000000003A5 (mip.MTI <- 0b1, mip.STI <- 0b0)
mem[X,0x0000000080002B6C] -> 0x0593
mem[X,0x0000000080002B6E] -> 0x0010
[1866] [M]: 0x0000000080002B6C (0x00100593) addi x11, x0, 0x1                       sv_Mepc+32
x11 <- 0x0000000000000001

mem[X,0x0000000080002B70] -> 0x1663
mem[X,0x0000000080002B72] -> 0x00B4
[1867] [M]: 0x0000000080002B70 (0x00B41663) bne x8, x11, 0xc                        sv_Mepc+36

clint mtime 0x00000000000003A6 (mip.MTI <- 0b1, mip.STI <- 0b0)
mem[X,0x0000000080002B7C] -> 0xF593
mem[X,0x0000000080002B7E] -> 0xFFC3
[1868] [M]: 0x0000000080002B7C (0xFFC3F593) andi x11, x7, -0x4                      adj_Mepc_rtn+0
x11 <- 0x0000030080001640

mem[X,0x0000000080002B80] -> 0x8593
mem[X,0x0000000080002B82] -> 0x0085
[1869] [M]: 0x0000000080002B80 (0x00858593) addi x11, x11, 0x8                      adj_Mepc_rtn+4
x11 <- 0x0000030080001648

clint mtime 0x00000000000003A7 (mip.MTI <- 0b1, mip.STI <- 0b0)
mem[X,0x0000000080002B84] -> 0x9073
mem[X,0x0000000080002B86] -> 0x3415
[1870] [M]: 0x0000000080002B84 (0x34159073) csrrw x0, mepc, x11                     adj_Mepc_rtn+8
CSR mepc (0x341) <- 0x0000030080001648

mem[X,0x0000000080002B88] -> 0x23F3
mem[X,0x0000000080002B8A] -> 0x3430
[1871] [M]: 0x0000000080002B88 (0x343023F3) csrrs x7, mtval, x0                     skp_adj_Mepc+0
CSR mtval (0x343) -> 0x0000028000000414
x7 <- 0x0000028000000414

clint mtime 0x00000000000003A8 (mip.MTI <- 0b1, mip.STI <- 0b0)
mem[X,0x0000000080002B8C] -> 0x0413
mem[X,0x0000000080002B8E] -> 0x0004
[1872] [M]: 0x0000000080002B8C (0x00040413) addi x8, x8, 0x0                        skp_adj_Mepc+4
x8 <- 0x0000000000000007

mem[X,0x0000000080002B90] -> 0x006F
mem[X,0x0000000080002B92] -> 0x0840
[1873] [M]: 0x0000000080002B90 (0x0840006F) jal x0, 0x84                            skp_adj_Mepc+8

clint mtime 0x00000000000003A9 (mip.MTI <- 0b1, mip.STI <- 0b0)
mem[X,0x0000000080002C14] -> 0x8433
mem[X,0x0000000080002C16] -> 0x4083
[1874] [M]: 0x0000000080002C14 (0x40838433) sub x8, x7, x8                          adj_Mtval+0
x8 <- 0x000002800000040D

mem[X,0x0000000080002C18] -> 0x3C23
mem[X,0x0000000080002C1A] -> 0x0083
[1875] [M]: 0x0000000080002C18 (0x00833C23) sd x8, 0x18(x6)                         sv_Mtval+0
mem[W,0x000000008000A410] <- 0x000002800000040D

clint mtime 0x00000000000003AA (mip.MTI <- 0b1, mip.STI <- 0b0)
mem[X,0x0000000080002C1C] -> 0x3483
mem[X,0x0000000080002C1E] -> 0x2181
[1876] [M]: 0x0000000080002C1C (0x21813483) ld x9, 0x218(x2)                        skp_Mtval+0
mem[R,0x0000000080005218] -> 0x000000008000A418
x9 <- 0x000000008000A418

mem[X,0x0000000080002C20] -> 0x3383
mem[X,0x0000000080002C22] -> 0x1F81
[1877] [M]: 0x0000000080002C20 (0x1F813383) ld x7, 0x1f8(x2)                        skp_Mtval+4
mem[R,0x00000000800051F8] -> 0x000000008000A110
x7 <- 0x000000008000A110

clint mtime 0x00000000000003AB (mip.MTI <- 0b1, mip.STI <- 0b0)
mem[X,0x0000000080002C24] -> 0x3303
mem[X,0x0000000080002C26] -> 0x2001
[1878] [M]: 0x0000000080002C24 (0x20013303) ld x6, 0x200(x2)                        skp_Mtval+8
mem[R,0x0000000080005200] -> 0x0000000000000410
x6 <- 0x0000000000000410

mem[X,0x0000000080002C28] -> 0x0333
mem[X,0x0000000080002C2A] -> 0x0073
[1879] [M]: 0x0000000080002C28 (0x00730333) add x6, x6, x7                          skp_Mtval+12
x6 <- 0x000000008000A520

clint mtime 0x00000000000003AC (mip.MTI <- 0b1, mip.STI <- 0b0)
mem[X,0x0000000080002C2C] -> 0x6AE3
mem[X,0x0000000080002C2E] -> 0xAC93
[1880] [M]: 0x0000000080002C2C (0xAC936AE3) bltu x6, x9, -0x52c                     skp_Mtval+16

mem[X,0x0000000080002C30] -> 0x0393
mem[X,0x0000000080002C32] -> 0x2000
[1881] [M]: 0x0000000080002C30 (0x20000393) addi x7, x0, 0x200                      skp_Mtval+20
x7 <- 0x0000000000000200

clint mtime 0x00000000000003AD (mip.MTI <- 0b1, mip.STI <- 0b0)
mem[X,0x0000000080002C34] -> 0x006F
mem[X,0x0000000080002C36] -> 0x0400
[1882] [M]: 0x0000000080002C34 (0x0400006F) jal x0, 0x40                            skp_Mtval+24

mem[X,0x0000000080002C74] -> 0x0417
mem[X,0x0000000080002C76] -> 0x0000
[1883] [M]: 0x0000000080002C74 (0x00000417) auipc x8, 0x0                           spcl_Mhandler+0
x8 <- 0x0000000080002C74

clint mtime 0x00000000000003AE (mip.MTI <- 0b1, mip.STI <- 0b0)
mem[X,0x0000000080002C78] -> 0x0413
mem[X,0x0000000080002C7A] -> 0x03C4
[1884] [M]: 0x0000000080002C78 (0x03C40413) addi x8, x8, 0x3c                       spcl_Mhandler+4
x8 <- 0x0000000080002CB0

mem[X,0x0000000080002C7C] -> 0x0433
mem[X,0x0000000080002C7E] -> 0x0074
[1885] [M]: 0x0000000080002C7C (0x00740433) add x8, x8, x7                          spcl_Mhandler+8
x8 <- 0x0000000080002EB0

clint mtime 0x00000000000003AF (mip.MTI <- 0b1, mip.STI <- 0b0)
mem[X,0x0000000080002C80] -> 0x1393
mem[X,0x0000000080002C82] -> 0x0035
[1886] [M]: 0x0000000080002C80 (0x00351393) slli x7, x10, 0x3                       spcl_Mhandler+12
x7 <- 0x0000000000000038

mem[X,0x0000000080002C84] -> 0x0433
mem[X,0x0000000080002C86] -> 0x0074
[1887] [M]: 0x0000000080002C84 (0x00740433) add x8, x8, x7                          spcl_Mhandler+16
x8 <- 0x0000000080002EE8

clint mtime 0x00000000000003B0 (mip.MTI <- 0b1, mip.STI <- 0b0)
mem[X,0x0000000080002C88] -> 0x7413
mem[X,0x0000000080002C8A] -> 0xFF84
[1888] [M]: 0x0000000080002C88 (0xFF847413) andi x8, x8, -0x8                       spcl_Mhandler+20
x8 <- 0x0000000080002EE8

mem[X,0x0000000080002C8C] -> 0x3403
mem[X,0x0000000080002C8E] -> 0x0004
[1889] [M]: 0x0000000080002C8C (0x00043403) ld x8, 0x0(x8)                          spcl_Mhandler+24
mem[R,0x0000000080002EE8] -> 0x000000000000000F
x8 <- 0x000000000000000F

clint mtime 0x00000000000003B1 (mip.MTI <- 0b1, mip.STI <- 0b0)
mem[X,0x0000000080002C90] -> 0x02E3
mem[X,0x0000000080002C92] -> 0xB004
[1890] [M]: 0x0000000080002C90 (0xB00402E3) beq x8, x0, -0x4fc                      spcl_Mdispatch_hndling+0

mem[X,0x0000000080002C94] -> 0x1393
mem[X,0x0000000080002C96] -> 0x03F4
[1891] [M]: 0x0000000080002C94 (0x03F41393) slli x7, x8, 0x3f                       spcl_Mdispatch_hndling+4
x7 <- 0x8000000000000000

clint mtime 0x00000000000003B2 (mip.MTI <- 0b1, mip.STI <- 0b0)
mem[X,0x0000000080002C98] -> 0xD863
mem[X,0x0000000080002C9A] -> 0x0003
[1892] [M]: 0x0000000080002C98 (0x0003D863) bge x7, x0, 0x10                        spcl_Mdispatch_hndling+8

mem[X,0x0000000080002C9C] -> 0x5413
mem[X,0x0000000080002C9E] -> 0x0014
[1893] [M]: 0x0000000080002C9C (0x00145413) srli x8, x8, 0x1                        spcl_Mdispatch_hndling+12
x8 <- 0x0000000000000007

clint mtime 0x00000000000003B3 (mip.MTI <- 0b1, mip.STI <- 0b0)
mem[X,0x0000000080002CA0] -> 0x0CE3
mem[X,0x0000000080002CA2] -> 0xF885
[1894] [M]: 0x0000000080002CA0 (0xF8850CE3) beq x10, x8, -0x68                      spcl_Mdispatch_hndling+16

mem[X,0x0000000080002C38] -> 0x3303
mem[X,0x0000000080002C3A] -> 0x2601
[1895] [M]: 0x0000000080002C38 (0x26013303) ld x6, 0x260(x2)                        resto_Mrtn+0
mem[R,0x0000000080005260] -> 0xFFFFFFFF7FFFEC2C
x6 <- 0xFFFFFFFF7FFFEC2C

clint mtime 0x00000000000003B4 (mip.MTI <- 0b1, mip.STI <- 0b0)
mem[X,0x0000000080002C3C] -> 0x3383
mem[X,0x0000000080002C3E] -> 0x2681
[1896] [M]: 0x0000000080002C3C (0x26813383) ld x7, 0x268(x2)                        resto_Mrtn+4
mem[R,0x0000000080005268] -> 0x0000000080005000
x7 <- 0x0000000080005000

mem[X,0x0000000080002C40] -> 0x3403
mem[X,0x0000000080002C42] -> 0x2701
[1897] [M]: 0x0000000080002C40 (0x27013403) ld x8, 0x270(x2)                        resto_Mrtn+8
mem[R,0x0000000080005270] -> 0x0000000000007F76
x8 <- 0x0000000000007F76

clint mtime 0x00000000000003B5 (mip.MTI <- 0b1, mip.STI <- 0b0)
mem[X,0x0000000080002C44] -> 0x3483
mem[X,0x0000000080002C46] -> 0x2781
[1898] [M]: 0x0000000080002C44 (0x27813483) ld x9, 0x278(x2)                        resto_Mrtn+12
mem[R,0x0000000080005278] -> 0x000003000000023C
x9 <- 0x000003000000023C

mem[X,0x0000000080002C48] -> 0x3503
mem[X,0x0000000080002C4A] -> 0x2801
[1899] [M]: 0x0000000080002C48 (0x28013503) ld x10, 0x280(x2)                       resto_Mrtn+16
mem[R,0x0000000080005280] -> 0x00000000200000DF
x10 <- 0x00000000200000DF

clint mtime 0x00000000000003B6 (mip.MTI <- 0b1, mip.STI <- 0b0)
mem[X,0x0000000080002C4C] -> 0x3583
mem[X,0x0000000080002C4E] -> 0x2881
[1900] [M]: 0x0000000080002C4C (0x28813583) ld x11, 0x288(x2)                       resto_Mrtn+20
mem[R,0x0000000080005288] -> 0x00000000000000DF
x11 <- 0x00000000000000DF

mem[X,0x0000000080002C50] -> 0x3103
mem[X,0x0000000080002C52] -> 0x2901
[1901] [M]: 0x0000000080002C50 (0x29013103) ld x2, 0x290(x2)                        resto_Mrtn+24
mem[R,0x0000000080005290] -> 0x0000000000000000
x2 <- 0x0000000000000000

clint mtime 0x00000000000003B7 (mip.MTI <- 0b1, mip.STI <- 0b0)
mem[X,0x0000000080002C54] -> 0x0073
mem[X,0x0000000080002C56] -> 0x3020
[1902] [M]: 0x0000000080002C54 (0x30200073) mret                                    resto_Mrtn+28
CSR mstatus (0x300) <- 0x0000000A00000080
ret-ing from M to U

PTW: Start, vpn=0x30080001, access_type=X, privilege=Umem[R,0x0000000080009030] -> 0x00000000000000DB
PTW: Step, level=3, pte=0xDB, pte_addr=0x80009030
PTW: Success, final_ppn=0x80001, level=3mem[X,0x0000000080001648] -> 0xA703
PTW: Start, vpn=0x30080001, access_type=X, privilege=Umem[R,0x0000000080009030] -> 0x00000000000000DB
PTW: Step, level=3, pte=0xDB, pte_addr=0x80009030
PTW: Success, final_ppn=0x80001, level=3mem[X,0x000000008000164A] -> 0x0147
[1903] [U]: 0x0000030080001648 (0x0147A703) lw x14, 0x14(x15)                       va_rvtest_code_begin+2732
PTW: Start, vpn=0x28000000, access_type=R, privilege=Umem[R,0x0000000080009028] -> 0x0000000020002001
PTW: Step, level=3, pte=0x20002001, pte_addr=0x80009028
PTW: Start, vpn=0x28000000, access_type=R, privilege=Umem[R,0x0000000080008000] -> 0x0000000020001C01
PTW: Step, level=2, pte=0x20001C01, pte_addr=0x80008000
PTW: Start, vpn=0x28000000, access_type=R, privilege=Umem[R,0x0000000080007000] -> 0x0000000020001801
PTW: Step, level=1, pte=0x20001801, pte_addr=0x80007000
PTW: Start, vpn=0x28000000, access_type=R, privilege=Umem[R,0x0000000080006000] -> 0x00000000200000DF
PTW: Step, level=0, pte=0x200000DF, pte_addr=0x80006000
PTW: Success, final_ppn=0x80000, level=0mem[R,0x0000000080000414] -> 0xBEEFCAF2
x14 <- 0xFFFFFFFFBEEFCAF2

clint mtime 0x00000000000003B8 (mip.MTI <- 0b1, mip.STI <- 0b0)
PTW: Start, vpn=0x30080001, access_type=X, privilege=Umem[R,0x0000000080009030] -> 0x00000000000000DB
PTW: Step, level=3, pte=0xDB, pte_addr=0x80009030
PTW: Success, final_ppn=0x80001, level=3mem[X,0x000000008000164C] -> 0x0013
PTW: Start, vpn=0x30080001, access_type=X, privilege=Umem[R,0x0000000080009030] -> 0x00000000000000DB
PTW: Step, level=3, pte=0xDB, pte_addr=0x80009030
PTW: Success, final_ppn=0x80001, level=3mem[X,0x000000008000164E] -> 0x0000
[1904] [U]: 0x000003008000164C (0x00000013) addi x0, x0, 0x0                        va_rvtest_code_begin+2736

PTW: Start, vpn=0x30080001, access_type=X, privilege=Umem[R,0x0000000080009030] -> 0x00000000000000DB
PTW: Step, level=3, pte=0xDB, pte_addr=0x80009030
PTW: Success, final_ppn=0x80001, level=3mem[X,0x0000000080001650] -> 0x51B7
PTW: Start, vpn=0x30080001, access_type=X, privilege=Umem[R,0x0000000080009030] -> 0x00000000000000DB
PTW: Step, level=3, pte=0xDB, pte_addr=0x80009030
PTW: Success, final_ppn=0x80001, level=3mem[X,0x0000000080001652] -> 0x0000
[1905] [U]: 0x0000030080001650 (0x000051B7) lui x3, 0x5                             va_rvtest_code_begin+2740
x3 <- 0x0000000000005000

clint mtime 0x00000000000003B9 (mip.MTI <- 0b1, mip.STI <- 0b0)
PTW: Start, vpn=0x30080001, access_type=X, privilege=Umem[R,0x0000000080009030] -> 0x00000000000000DB
PTW: Step, level=3, pte=0xDB, pte_addr=0x80009030
PTW: Success, final_ppn=0x80001, level=3mem[X,0x0000000080001654] -> 0x8193
PTW: Start, vpn=0x30080001, access_type=X, privilege=Umem[R,0x0000000080009030] -> 0x00000000000000DB
PTW: Step, level=3, pte=0xDB, pte_addr=0x80009030
PTW: Success, final_ppn=0x80001, level=3mem[X,0x0000000080001656] -> 0x6671
[1906] [U]: 0x0000030080001654 (0x66718193) addi x3, x3, 0x667                      va_rvtest_code_begin+2744
x3 <- 0x0000000000005667

PTW: Start, vpn=0x30080001, access_type=X, privilege=Umem[R,0x0000000080009030] -> 0x00000000000000DB
PTW: Step, level=3, pte=0xDB, pte_addr=0x80009030
PTW: Success, final_ppn=0x80001, level=3mem[X,0x0000000080001658] -> 0x9193
PTW: Start, vpn=0x30080001, access_type=X, privilege=Umem[R,0x0000000080009030] -> 0x00000000000000DB
PTW: Step, level=3, pte=0xDB, pte_addr=0x80009030
PTW: Success, final_ppn=0x80001, level=3mem[X,0x000000008000165A] -> 0x0011
[1907] [U]: 0x0000030080001658 (0x00119193) slli x3, x3, 0x1                        va_rvtest_code_begin+2748
x3 <- 0x000000000000ACCE

clint mtime 0x00000000000003BA (mip.MTI <- 0b1, mip.STI <- 0b0)
PTW: Start, vpn=0x30080001, access_type=X, privilege=Umem[R,0x0000000080009030] -> 0x00000000000000DB
PTW: Step, level=3, pte=0xDB, pte_addr=0x80009030
PTW: Success, final_ppn=0x80001, level=3mem[X,0x000000008000165C] -> 0x0013
PTW: Start, vpn=0x30080001, access_type=X, privilege=Umem[R,0x0000000080009030] -> 0x00000000000000DB
PTW: Step, level=3, pte=0xDB, pte_addr=0x80009030
PTW: Success, final_ppn=0x80001, level=3mem[X,0x000000008000165E] -> 0x0000
[1908] [U]: 0x000003008000165C (0x00000013) addi x0, x0, 0x0                        va_rvtest_code_begin+2752

PTW: Start, vpn=0x30080001, access_type=X, privilege=Umem[R,0x0000000080009030] -> 0x00000000000000DB
PTW: Step, level=3, pte=0xDB, pte_addr=0x80009030
PTW: Success, final_ppn=0x80001, level=3mem[X,0x0000000080001660] -> 0x0217
PTW: Start, vpn=0x30080001, access_type=X, privilege=Umem[R,0x0000000080009030] -> 0x00000000000000DB
PTW: Step, level=3, pte=0xDB, pte_addr=0x80009030
PTW: Success, final_ppn=0x80001, level=3mem[X,0x0000000080001662] -> 0x0000
[1909] [U]: 0x0000030080001660 (0x00000217) auipc x4, 0x0                           va_rvtest_code_begin+2756
x4 <- 0x0000030080001660

clint mtime 0x00000000000003BB (mip.MTI <- 0b1, mip.STI <- 0b0)
PTW: Start, vpn=0x30080001, access_type=X, privilege=Umem[R,0x0000000080009030] -> 0x00000000000000DB
PTW: Step, level=3, pte=0xDB, pte_addr=0x80009030
PTW: Success, final_ppn=0x80001, level=3mem[X,0x0000000080001664] -> 0x0213
PTW: Start, vpn=0x30080001, access_type=X, privilege=Umem[R,0x0000000080009030] -> 0x00000000000000DB
PTW: Step, level=3, pte=0xDB, pte_addr=0x80009030
PTW: Success, final_ppn=0x80001, level=3mem[X,0x0000000080001666] -> 0x02C2
[1910] [U]: 0x0000030080001664 (0x02C20213) addi x4, x4, 0x2c                       va_rvtest_code_begin+2760
x4 <- 0x000003008000168C

PTW: Start, vpn=0x30080001, access_type=X, privilege=Umem[R,0x0000000080009030] -> 0x00000000000000DB
PTW: Step, level=3, pte=0xDB, pte_addr=0x80009030
PTW: Success, final_ppn=0x80001, level=3mem[X,0x0000000080001668] -> 0x0001
[1911] [U]: 0x0000030080001668 (0x0001) c.nop                                       va_rvtest_code_begin+2764

clint mtime 0x00000000000003BC (mip.MTI <- 0b1, mip.STI <- 0b0)
PTW: Start, vpn=0x30080001, access_type=X, privilege=Umem[R,0x0000000080009030] -> 0x00000000000000DB
PTW: Step, level=3, pte=0xDB, pte_addr=0x80009030
PTW: Success, final_ppn=0x80001, level=3mem[X,0x000000008000166A] -> 0x0013
PTW: Start, vpn=0x30080001, access_type=X, privilege=Umem[R,0x0000000080009030] -> 0x00000000000000DB
PTW: Step, level=3, pte=0xDB, pte_addr=0x80009030
PTW: Success, final_ppn=0x80001, level=3mem[X,0x000000008000166C] -> 0x0000
[1912] [U]: 0x000003008000166A (0x00000013) addi x0, x0, 0x0                        va_rvtest_code_begin+2766

PTW: Start, vpn=0x30080001, access_type=X, privilege=Umem[R,0x0000000080009030] -> 0x00000000000000DB
PTW: Step, level=3, pte=0xDB, pte_addr=0x80009030
PTW: Success, final_ppn=0x80001, level=3mem[X,0x000000008000166E] -> 0x0013
PTW: Start, vpn=0x30080001, access_type=X, privilege=Umem[R,0x0000000080009030] -> 0x00000000000000DB
PTW: Step, level=3, pte=0xDB, pte_addr=0x80009030
PTW: Success, final_ppn=0x80001, level=3mem[X,0x0000000080001670] -> 0x0000
[1913] [U]: 0x000003008000166E (0x00000013) addi x0, x0, 0x0                        va_rvtest_code_begin+2770

clint mtime 0x00000000000003BD (mip.MTI <- 0b1, mip.STI <- 0b0)
PTW: Start, vpn=0x30080001, access_type=X, privilege=Umem[R,0x0000000080009030] -> 0x00000000000000DB
PTW: Step, level=3, pte=0xDB, pte_addr=0x80009030
PTW: Success, final_ppn=0x80001, level=3mem[X,0x0000000080001672] -> 0x0013
PTW: Start, vpn=0x30080001, access_type=X, privilege=Umem[R,0x0000000080009030] -> 0x00000000000000DB
PTW: Step, level=3, pte=0xDB, pte_addr=0x80009030
PTW: Success, final_ppn=0x80001, level=3mem[X,0x0000000080001674] -> 0x0000
[1914] [U]: 0x0000030080001672 (0x00000013) addi x0, x0, 0x0                        va_rvtest_code_begin+2774

PTW: Start, vpn=0x30080001, access_type=X, privilege=Umem[R,0x0000000080009030] -> 0x00000000000000DB
PTW: Step, level=3, pte=0xDB, pte_addr=0x80009030
PTW: Success, final_ppn=0x80001, level=3mem[X,0x0000000080001676] -> 0x0013
PTW: Start, vpn=0x30080001, access_type=X, privilege=Umem[R,0x0000000080009030] -> 0x00000000000000DB
PTW: Step, level=3, pte=0xDB, pte_addr=0x80009030
PTW: Success, final_ppn=0x80001, level=3mem[X,0x0000000080001678] -> 0x0000
[1915] [U]: 0x0000030080001676 (0x00000013) addi x0, x0, 0x0                        va_rvtest_code_begin+2778

clint mtime 0x00000000000003BE (mip.MTI <- 0b1, mip.STI <- 0b0)
PTW: Start, vpn=0x30080001, access_type=X, privilege=Umem[R,0x0000000080009030] -> 0x00000000000000DB
PTW: Step, level=3, pte=0xDB, pte_addr=0x80009030
PTW: Success, final_ppn=0x80001, level=3mem[X,0x000000008000167A] -> 0x0013
PTW: Start, vpn=0x30080001, access_type=X, privilege=Umem[R,0x0000000080009030] -> 0x00000000000000DB
PTW: Step, level=3, pte=0xDB, pte_addr=0x80009030
PTW: Success, final_ppn=0x80001, level=3mem[X,0x000000008000167C] -> 0x0000
[1916] [U]: 0x000003008000167A (0x00000013) addi x0, x0, 0x0                        va_rvtest_code_begin+2782

PTW: Start, vpn=0x30080001, access_type=X, privilege=Umem[R,0x0000000080009030] -> 0x00000000000000DB
PTW: Step, level=3, pte=0xDB, pte_addr=0x80009030
PTW: Success, final_ppn=0x80001, level=3mem[X,0x000000008000167E] -> 0x0001
[1917] [U]: 0x000003008000167E (0x0001) c.nop                                       va_rvtest_code_begin+2786

clint mtime 0x00000000000003BF (mip.MTI <- 0b1, mip.STI <- 0b0)
PTW: Start, vpn=0x30080001, access_type=X, privilege=Umem[R,0x0000000080009030] -> 0x00000000000000DB
PTW: Step, level=3, pte=0xDB, pte_addr=0x80009030
PTW: Success, final_ppn=0x80001, level=3mem[X,0x0000000080001680] -> 0x80E7
PTW: Start, vpn=0x30080001, access_type=X, privilege=Umem[R,0x0000000080009030] -> 0x00000000000000DB
PTW: Step, level=3, pte=0xDB, pte_addr=0x80009030
PTW: Success, final_ppn=0x80001, level=3mem[X,0x0000000080001682] -> 0x0007
[1918] [U]: 0x0000030080001680 (0x000780E7) jalr x1, 0x0(x15)                       va_rvtest_code_begin+2788
x1 <- 0x0000030080001684

PTW: Start, vpn=0x28000000, access_type=X, privilege=Umem[R,0x0000000080009028] -> 0x0000000020002001
PTW: Step, level=3, pte=0x20002001, pte_addr=0x80009028
PTW: Start, vpn=0x28000000, access_type=X, privilege=Umem[R,0x0000000080008000] -> 0x0000000020001C01
PTW: Step, level=2, pte=0x20001C01, pte_addr=0x80008000
PTW: Start, vpn=0x28000000, access_type=X, privilege=Umem[R,0x0000000080007000] -> 0x0000000020001801
PTW: Step, level=1, pte=0x20001801, pte_addr=0x80007000
PTW: Start, vpn=0x28000000, access_type=X, privilege=Umem[R,0x0000000080006000] -> 0x00000000200000DF
PTW: Step, level=0, pte=0x200000DF, pte_addr=0x80006000
PTW: Success, final_ppn=0x80000, level=0mem[X,0x0000000080000400] -> 0x0013
mem[X,0x0000000080000402] -> 0x0000
[1919] [U]: 0x0000028000000400 (0x00000013) addi x0, x0, 0x0                        va_data+0

clint mtime 0x00000000000003C0 (mip.MTI <- 0b1, mip.STI <- 0b0)
mem[X,0x0000000080000404] -> 0x8093
mem[X,0x0000000080000406] -> 0x0080
[1920] [U]: 0x0000028000000404 (0x00808093) addi x1, x1, 0x8                        va_data+4
x1 <- 0x000003008000168C

mem[X,0x0000000080000408] -> 0x8067
mem[X,0x000000008000040A] -> 0x0000
[1921] [U]: 0x0000028000000408 (0x00008067) jalr x0, 0x0(x1)                        va_data+8

clint mtime 0x00000000000003C1 (mip.MTI <- 0b1, mip.STI <- 0b0)
PTW: Start, vpn=0x30080001, access_type=X, privilege=Umem[R,0x0000000080009030] -> 0x00000000000000DB
PTW: Step, level=3, pte=0xDB, pte_addr=0x80009030
PTW: Success, final_ppn=0x80001, level=3mem[X,0x000000008000168C] -> 0x0013
PTW: Start, vpn=0x30080001, access_type=X, privilege=Umem[R,0x0000000080009030] -> 0x00000000000000DB
PTW: Step, level=3, pte=0xDB, pte_addr=0x80009030
PTW: Success, final_ppn=0x80001, level=3mem[X,0x000000008000168E] -> 0x0000
[1922] [U]: 0x000003008000168C (0x00000013) addi x0, x0, 0x0                        va_rvtest_code_begin+2800

PTW: Start, vpn=0x30080001, access_type=X, privilege=Umem[R,0x0000000080009030] -> 0x00000000000000DB
PTW: Step, level=3, pte=0xDB, pte_addr=0x80009030
PTW: Success, final_ppn=0x80001, level=3mem[X,0x0000000080001690] -> 0x0013
PTW: Start, vpn=0x30080001, access_type=X, privilege=Umem[R,0x0000000080009030] -> 0x00000000000000DB
PTW: Step, level=3, pte=0xDB, pte_addr=0x80009030
PTW: Success, final_ppn=0x80001, level=3mem[X,0x0000000080001692] -> 0x0000
[1923] [U]: 0x0000030080001690 (0x00000013) addi x0, x0, 0x0                        va_rvtest_code_begin+2804

clint mtime 0x00000000000003C2 (mip.MTI <- 0b1, mip.STI <- 0b0)
PTW: Start, vpn=0x30080001, access_type=X, privilege=Umem[R,0x0000000080009030] -> 0x00000000000000DB
PTW: Step, level=3, pte=0xDB, pte_addr=0x80009030
PTW: Success, final_ppn=0x80001, level=3mem[X,0x0000000080001694] -> 0x0013
PTW: Start, vpn=0x30080001, access_type=X, privilege=Umem[R,0x0000000080009030] -> 0x00000000000000DB
PTW: Step, level=3, pte=0xDB, pte_addr=0x80009030
PTW: Success, final_ppn=0x80001, level=3mem[X,0x0000000080001696] -> 0x0000
[1924] [U]: 0x0000030080001694 (0x00000013) addi x0, x0, 0x0                        va_rvtest_code_begin+2808

PTW: Start, vpn=0x30080001, access_type=X, privilege=Umem[R,0x0000000080009030] -> 0x00000000000000DB
PTW: Step, level=3, pte=0xDB, pte_addr=0x80009030
PTW: Success, final_ppn=0x80001, level=3mem[X,0x0000000080001698] -> 0x0113
PTW: Start, vpn=0x30080001, access_type=X, privilege=Umem[R,0x0000000080009030] -> 0x00000000000000DB
PTW: Step, level=3, pte=0xDB, pte_addr=0x80009030
PTW: Success, final_ppn=0x80001, level=3mem[X,0x000000008000169A] -> 0x0000
[1925] [U]: 0x0000030080001698 (0x00000113) addi x2, x0, 0x0                        va_rvtest_code_begin+2812
x2 <- 0x0000000000000000

clint mtime 0x00000000000003C3 (mip.MTI <- 0b1, mip.STI <- 0b0)
PTW: Start, vpn=0x30080001, access_type=X, privilege=Umem[R,0x0000000080009030] -> 0x00000000000000DB
PTW: Step, level=3, pte=0xDB, pte_addr=0x80009030
PTW: Success, final_ppn=0x80001, level=3mem[X,0x000000008000169C] -> 0x0073
PTW: Start, vpn=0x30080001, access_type=X, privilege=Umem[R,0x0000000080009030] -> 0x00000000000000DB
PTW: Step, level=3, pte=0xDB, pte_addr=0x80009030
PTW: Success, final_ppn=0x80001, level=3mem[X,0x000000008000169E] -> 0x0000
[1926] [U]: 0x000003008000169C (0x00000073) ecall                                   va_rvtest_code_begin+2816
trapping from U to M to handle u-call
handling exc#u-call at priv M with tval 0x0000000000000000
CSR mstatus (0x300) <- 0x0000000A00000000
CSR mcause (0x342) <- 0x0000000000000008
CSR mtval (0x343) <- 0x0000000000000000
CSR mepc (0x341) <- 0x000003008000169C

mem[X,0x0000000080002800] -> 0x006F
mem[X,0x0000000080002802] -> 0x1000
[1927] [M]: 0x0000000080002800 (0x1000006F) jal x0, 0x100                           Mtrampoline+0

clint mtime 0x00000000000003C4 (mip.MTI <- 0b1, mip.STI <- 0b0)
mem[X,0x0000000080002900] -> 0x1173
mem[X,0x0000000080002902] -> 0x3401
[1928] [M]: 0x0000000080002900 (0x34011173) csrrw x2, mscratch, x2                  trap_Mhandler+0
CSR mscratch (0x340) <- 0x0000000000000000
x2 <- 0x0000000080005000

mem[X,0x0000000080002904] -> 0x3423
mem[X,0x0000000080002906] -> 0x28B1
[1929] [M]: 0x0000000080002904 (0x28B13423) sd x11, 0x288(x2)                       trap_Mhandler+4
mem[W,0x0000000080005288] <- 0x00000000000000DF

clint mtime 0x00000000000003C5 (mip.MTI <- 0b1, mip.STI <- 0b0)
mem[X,0x0000000080002908] -> 0x05EF
mem[X,0x000000008000290A] -> 0x0B80
[1930] [M]: 0x0000000080002908 (0x0B8005EF) jal x11, 0xb8                           trap_Mhandler+8
x11 <- 0x000000008000290C

mem[X,0x00000000800029C0] -> 0x3023
mem[X,0x00000000800029C2] -> 0x28A1
[1931] [M]: 0x00000000800029C0 (0x28A13023) sd x10, 0x280(x2)                       common_Mhandler+0
mem[W,0x0000000080005280] <- 0x00000000200000DF

clint mtime 0x00000000000003C6 (mip.MTI <- 0b1, mip.STI <- 0b0)
mem[X,0x00000000800029C4] -> 0x1573
mem[X,0x00000000800029C6] -> 0x3401
[1932] [M]: 0x00000000800029C4 (0x34011573) csrrw x10, mscratch, x2                 common_Mhandler+4
CSR mscratch (0x340) <- 0x0000000080005000
x10 <- 0x0000000000000000

mem[X,0x00000000800029C8] -> 0x3823
mem[X,0x00000000800029CA] -> 0x28A1
[1933] [M]: 0x00000000800029C8 (0x28A13823) sd x10, 0x290(x2)                       common_Mhandler+8
mem[W,0x0000000080005290] <- 0x0000000000000000

clint mtime 0x00000000000003C7 (mip.MTI <- 0b1, mip.STI <- 0b0)
mem[X,0x00000000800029CC] -> 0x3503
mem[X,0x00000000800029CE] -> 0x2301
[1934] [M]: 0x00000000800029CC (0x23013503) ld x10, 0x230(x2)                       common_Mhandler+12
mem[R,0x0000000080005230] -> 0x00000000800029D4
x10 <- 0x00000000800029D4

mem[X,0x00000000800029D0] -> 0x0067
mem[X,0x00000000800029D2] -> 0x0005
[1935] [M]: 0x00000000800029D0 (0x00050067) jalr x0, 0x0(x10)                       common_Mhandler+16

clint mtime 0x00000000000003C8 (mip.MTI <- 0b1, mip.STI <- 0b0)
mem[X,0x00000000800029D4] -> 0x3C23
mem[X,0x00000000800029D6] -> 0x2691
[1936] [M]: 0x00000000800029D4 (0x26913C23) sd x9, 0x278(x2)                        common_Mentry+0
mem[W,0x0000000080005278] <- 0x000003000000023C

mem[X,0x00000000800029D8] -> 0x3823
mem[X,0x00000000800029DA] -> 0x2681
[1937] [M]: 0x00000000800029D8 (0x26813823) sd x8, 0x270(x2)                        common_Mentry+4
mem[W,0x0000000080005270] <- 0x0000000000007F76

clint mtime 0x00000000000003C9 (mip.MTI <- 0b1, mip.STI <- 0b0)
mem[X,0x00000000800029DC] -> 0x3423
mem[X,0x00000000800029DE] -> 0x2671
[1938] [M]: 0x00000000800029DC (0x26713423) sd x7, 0x268(x2)                        common_Mentry+8
mem[W,0x0000000080005268] <- 0x0000000080005000

mem[X,0x00000000800029E0] -> 0x3023
mem[X,0x00000000800029E2] -> 0x2661
[1939] [M]: 0x00000000800029E0 (0x26613023) sd x6, 0x260(x2)                        common_Mentry+12
mem[W,0x0000000080005260] <- 0xFFFFFFFF7FFFEC2C

clint mtime 0x00000000000003CA (mip.MTI <- 0b1, mip.STI <- 0b0)
mem[X,0x00000000800029E4] -> 0x2573
mem[X,0x00000000800029E6] -> 0x3420
[1940] [M]: 0x00000000800029E4 (0x34202573) csrrs x10, mcause, x0                   spcl_M2mmode_test+0
CSR mcause (0x342) -> 0x0000000000000008
x10 <- 0x0000000000000008

mem[X,0x00000000800029E8] -> 0x04B7
mem[X,0x00000000800029EA] -> 0x8000
[1941] [M]: 0x00000000800029E8 (0x800004B7) lui x9, -0x80000                        spcl_M2mmode_test+4
x9 <- 0xFFFFFFFF80000000

clint mtime 0x00000000000003CB (mip.MTI <- 0b1, mip.STI <- 0b0)
mem[X,0x00000000800029EC] -> 0x8493
mem[X,0x00000000800029EE] -> 0x0004
[1942] [M]: 0x00000000800029EC (0x00048493) addi x9, x9, 0x0                        spcl_M2mmode_test+8
x9 <- 0xFFFFFFFF80000000

mem[X,0x00000000800029F0] -> 0x9493
mem[X,0x00000000800029F2] -> 0x00B4
[1943] [M]: 0x00000000800029F0 (0x00B49493) slli x9, x9, 0xb                        spcl_M2mmode_test+12
x9 <- 0xFFFFFC0000000000

clint mtime 0x00000000000003CC (mip.MTI <- 0b1, mip.STI <- 0b0)
mem[X,0x00000000800029F4] -> 0x8493
mem[X,0x00000000800029F6] -> 0x0004
[1944] [M]: 0x00000000800029F4 (0x00048493) addi x9, x9, 0x0                        spcl_M2mmode_test+16
x9 <- 0xFFFFFC0000000000

mem[X,0x00000000800029F8] -> 0x9493
mem[X,0x00000000800029FA] -> 0x00B4
[1945] [M]: 0x00000000800029F8 (0x00B49493) slli x9, x9, 0xb                        spcl_M2mmode_test+20
x9 <- 0xFFE0000000000000

clint mtime 0x00000000000003CD (mip.MTI <- 0b1, mip.STI <- 0b0)
mem[X,0x00000000800029FC] -> 0x8493
mem[X,0x00000000800029FE] -> 0x0034
[1946] [M]: 0x00000000800029FC (0x00348493) addi x9, x9, 0x3                        spcl_M2mmode_test+24
x9 <- 0xFFE0000000000003

mem[X,0x0000000080002A00] -> 0x9493
mem[X,0x0000000080002A02] -> 0x00A4
[1947] [M]: 0x0000000080002A00 (0x00A49493) slli x9, x9, 0xa                        spcl_M2mmode_test+28
x9 <- 0x8000000000000C00

clint mtime 0x00000000000003CE (mip.MTI <- 0b1, mip.STI <- 0b0)
mem[X,0x0000000080002A04] -> 0x8493
mem[X,0x0000000080002A06] -> 0x3FC4
[1948] [M]: 0x0000000080002A04 (0x3FC48493) addi x9, x9, 0x3fc                      spcl_M2mmode_test+32
x9 <- 0x8000000000000FFC

mem[X,0x0000000080002A08] -> 0xF4B3
mem[X,0x0000000080002A0A] -> 0x00A4
[1949] [M]: 0x0000000080002A08 (0x00A4F4B3) and x9, x9, x10                         spcl_M2mmode_test+36
x9 <- 0x0000000000000008

clint mtime 0x00000000000003CF (mip.MTI <- 0b1, mip.STI <- 0b0)
mem[X,0x0000000080002A0C] -> 0x8493
mem[X,0x0000000080002A0E] -> 0xFF84
[1950] [M]: 0x0000000080002A0C (0xFF848493) addi x9, x9, -0x8                       spcl_M2mmode_test+40
x9 <- 0x0000000000000000

mem[X,0x0000000080002A10] -> 0x9663
mem[X,0x0000000080002A12] -> 0x0004
[1951] [M]: 0x0000000080002A10 (0x00049663) bne x9, x0, 0xc                         spcl_M2mmode_test+44

clint mtime 0x00000000000003D0 (mip.MTI <- 0b1, mip.STI <- 0b0)
mem[X,0x0000000080002A14] -> 0x3383
mem[X,0x0000000080002A16] -> 0x2901
[1952] [M]: 0x0000000080002A14 (0x29013383) ld x7, 0x290(x2)                        spcl_M2mmode_test+48
mem[R,0x0000000080005290] -> 0x0000000000000000
x7 <- 0x0000000000000000

mem[X,0x0000000080002A18] -> 0x8663
mem[X,0x0000000080002A1A] -> 0x6E03
[1953] [M]: 0x0000000080002A18 (0x6E038663) beq x7, x0, 0x6ec                       spcl_M2mmode_test+52

clint mtime 0x00000000000003D1 (mip.MTI <- 0b1, mip.STI <- 0b0)
mem[X,0x0000000080003104] -> 0x0493
mem[X,0x0000000080003106] -> 0xFF55
[1954] [M]: 0x0000000080003104 (0xFF550493) addi x9, x10, -0xb                      rtn2mmode+0
x9 <- 0xFFFFFFFFFFFFFFFD

mem[X,0x0000000080003108] -> 0x8C63
mem[X,0x000000008000310A] -> 0x0004
[1955] [M]: 0x0000000080003108 (0x00048C63) beq x9, x0, 0x18                        rtn2mmode+4

clint mtime 0x00000000000003D2 (mip.MTI <- 0b1, mip.STI <- 0b0)
mem[X,0x000000008000310C] -> 0x3583
mem[X,0x000000008000310E] -> 0x4701
[1956] [M]: 0x000000008000310C (0x47013583) ld x11, 0x470(x2)                       rtn2mmode+8
mem[R,0x0000000080005470] -> 0x0000030080000B9C
x11 <- 0x0000030080000B9C

mem[X,0x0000000080003110] -> 0xD463
mem[X,0x0000000080003112] -> 0x0003
[1957] [M]: 0x0000000080003110 (0x0003D463) bge x7, x0, 0x8                         rtn2mmode+12

clint mtime 0x00000000000003D3 (mip.MTI <- 0b1, mip.STI <- 0b0)
mem[X,0x0000000080003118] -> 0x3483
mem[X,0x000000008000311A] -> 0x1D81
[1958] [M]: 0x0000000080003118 (0x1D813483) ld x9, 0x1d8(x2)                        from_u_s+0
mem[R,0x00000000800051D8] -> 0x0000000080000BB4
x9 <- 0x0000000080000BB4

mem[X,0x000000008000311C] -> 0x84B3
mem[X,0x000000008000311E] -> 0x40B4
[1959] [M]: 0x000000008000311C (0x40B484B3) sub x9, x9, x11                         from_u_s+4
x9 <- 0xFFFFFD0000000018

clint mtime 0x00000000000003D4 (mip.MTI <- 0b1, mip.STI <- 0b0)
mem[X,0x0000000080003120] -> 0x23F3
mem[X,0x0000000080003122] -> 0x3410
[1960] [M]: 0x0000000080003120 (0x341023F3) csrrs x7, mepc, x0                      rtn_fm_mmode+0
CSR mepc (0x341) -> 0x000003008000169C
x7 <- 0x000003008000169C

mem[X,0x0000000080003124] -> 0x83B3
mem[X,0x0000000080003126] -> 0x0093
[1961] [M]: 0x0000000080003124 (0x009383B3) add x7, x7, x9                          rtn_fm_mmode+4
x7 <- 0x00000000800016B4

clint mtime 0x00000000000003D5 (mip.MTI <- 0b1, mip.STI <- 0b0)
mem[X,0x0000000080003128] -> 0x3303
mem[X,0x000000008000312A] -> 0x2601
[1962] [M]: 0x0000000080003128 (0x26013303) ld x6, 0x260(x2)                        rtn_fm_mmode+8
mem[R,0x0000000080005260] -> 0xFFFFFFFF7FFFEC2C
x6 <- 0xFFFFFFFF7FFFEC2C

mem[X,0x000000008000312C] -> 0x3403
mem[X,0x000000008000312E] -> 0x2701
[1963] [M]: 0x000000008000312C (0x27013403) ld x8, 0x270(x2)                        rtn_fm_mmode+12
mem[R,0x0000000080005270] -> 0x0000000000007F76
x8 <- 0x0000000000007F76

clint mtime 0x00000000000003D6 (mip.MTI <- 0b1, mip.STI <- 0b0)
mem[X,0x0000000080003130] -> 0x3483
mem[X,0x0000000080003132] -> 0x2781
[1964] [M]: 0x0000000080003130 (0x27813483) ld x9, 0x278(x2)                        rtn_fm_mmode+16
mem[R,0x0000000080005278] -> 0x000003000000023C
x9 <- 0x000003000000023C

mem[X,0x0000000080003134] -> 0x3503
mem[X,0x0000000080003136] -> 0x2801
[1965] [M]: 0x0000000080003134 (0x28013503) ld x10, 0x280(x2)                       rtn_fm_mmode+20
mem[R,0x0000000080005280] -> 0x00000000200000DF
x10 <- 0x00000000200000DF

clint mtime 0x00000000000003D7 (mip.MTI <- 0b1, mip.STI <- 0b0)
mem[X,0x0000000080003138] -> 0x3583
mem[X,0x000000008000313A] -> 0x2881
[1966] [M]: 0x0000000080003138 (0x28813583) ld x11, 0x288(x2)                       rtn_fm_mmode+24
mem[R,0x0000000080005288] -> 0x00000000000000DF
x11 <- 0x00000000000000DF

mem[X,0x000000008000313C] -> 0x3103
mem[X,0x000000008000313E] -> 0x2901
[1967] [M]: 0x000000008000313C (0x29013103) ld x2, 0x290(x2)                        rtn_fm_mmode+28
mem[R,0x0000000080005290] -> 0x0000000000000000
x2 <- 0x0000000000000000

clint mtime 0x00000000000003D8 (mip.MTI <- 0b1, mip.STI <- 0b0)
mem[X,0x0000000080003140] -> 0x8067
mem[X,0x0000000080003142] -> 0x0043
[1968] [M]: 0x0000000080003140 (0x00438067) jalr x0, 0x4(x7)                        rtn_fm_mmode+32

mem[X,0x00000000800016B8] -> 0x03B7
mem[X,0x00000000800016BA] -> 0x000F
[1969] [M]: 0x00000000800016B8 (0x000F03B7) lui x7, 0xf0                            main+2776
x7 <- 0x00000000000F0000

clint mtime 0x00000000000003D9 (mip.MTI <- 0b1, mip.STI <- 0b0)
mem[X,0x00000000800016BC] -> 0x8393
mem[X,0x00000000800016BE] -> 0x01B3
[1970] [M]: 0x00000000800016BC (0x01B38393) addi x7, x7, 0x1b                       main+2780
x7 <- 0x00000000000F001B

mem[X,0x00000000800016C0] -> 0x9393
mem[X,0x00000000800016C2] -> 0x0083
[1971] [M]: 0x00000000800016C0 (0x00839393) slli x7, x7, 0x8                        main+2784
x7 <- 0x000000000F001B00

clint mtime 0x00000000000003DA (mip.MTI <- 0b1, mip.STI <- 0b0)
mem[X,0x00000000800016C4] -> 0x9073
mem[X,0x00000000800016C6] -> 0x3A03
[1972] [M]: 0x00000000800016C4 (0x3A039073) csrrw x0, pmpcfg0, x7                   main+2788
CSR pmpcfg0 (0x3A0) <- 0x000000000F001B00

mem[X,0x00000000800016C8] -> 0x0013
mem[X,0x00000000800016CA] -> 0x0000
[1973] [M]: 0x00000000800016C8 (0x00000013) addi x0, x0, 0x0                        main+2792

clint mtime 0x00000000000003DB (mip.MTI <- 0b1, mip.STI <- 0b0)
mem[X,0x00000000800016CC] -> 0x0013
mem[X,0x00000000800016CE] -> 0x0000
[1974] [M]: 0x00000000800016CC (0x00000013) addi x0, x0, 0x0                        main+2796

mem[X,0x00000000800016D0] -> 0x0013
mem[X,0x00000000800016D2] -> 0x0000
[1975] [M]: 0x00000000800016D0 (0x00000013) addi x0, x0, 0x0                        main+2800

clint mtime 0x00000000000003DC (mip.MTI <- 0b1, mip.STI <- 0b0)
mem[X,0x00000000800016D4] -> 0x0013
mem[X,0x00000000800016D6] -> 0x0000
[1976] [M]: 0x00000000800016D4 (0x00000013) addi x0, x0, 0x0                        main+2804

mem[X,0x00000000800016D8] -> 0x0013
mem[X,0x00000000800016DA] -> 0x0000
[1977] [M]: 0x00000000800016D8 (0x00000013) addi x0, x0, 0x0                        main+2808

clint mtime 0x00000000000003DD (mip.MTI <- 0b1, mip.STI <- 0b0)
mem[X,0x00000000800016DC] -> 0x0013
mem[X,0x00000000800016DE] -> 0x0000
[1978] [M]: 0x00000000800016DC (0x00000013) addi x0, x0, 0x0                        main+2812

mem[X,0x00000000800016E0] -> 0x051B
mem[X,0x00000000800016E2] -> 0x0000
[1979] [M]: 0x00000000800016E0 (0x0000051B) addiw x10, x0, 0x0                      main+2816
x10 <- 0x0000000000000000

clint mtime 0x00000000000003DE (mip.MTI <- 0b1, mip.STI <- 0b0)
mem[X,0x00000000800016E4] -> 0x0001
[1980] [M]: 0x00000000800016E4 (0x0001) c.nop                                       main+2820

mem[X,0x00000000800016E6] -> 0x0013
mem[X,0x00000000800016E8] -> 0x0000
[1981] [M]: 0x00000000800016E6 (0x00000013) addi x0, x0, 0x0                        main+2822

clint mtime 0x00000000000003DF (mip.MTI <- 0b1, mip.STI <- 0b0)
mem[X,0x00000000800016EA] -> 0x0013
mem[X,0x00000000800016EC] -> 0x0000
[1982] [M]: 0x00000000800016EA (0x00000013) addi x0, x0, 0x0                        main+2826

mem[X,0x00000000800016EE] -> 0x0013
mem[X,0x00000000800016F0] -> 0x0000
[1983] [M]: 0x00000000800016EE (0x00000013) addi x0, x0, 0x0                        main+2830

clint mtime 0x00000000000003E0 (mip.MTI <- 0b1, mip.STI <- 0b0)
mem[X,0x00000000800016F2] -> 0x0013
mem[X,0x00000000800016F4] -> 0x0000
[1984] [M]: 0x00000000800016F2 (0x00000013) addi x0, x0, 0x0                        main+2834

mem[X,0x00000000800016F6] -> 0x0013
mem[X,0x00000000800016F8] -> 0x0000
[1985] [M]: 0x00000000800016F6 (0x00000013) addi x0, x0, 0x0                        main+2838

clint mtime 0x00000000000003E1 (mip.MTI <- 0b1, mip.STI <- 0b0)
mem[X,0x00000000800016FA] -> 0x0013
mem[X,0x00000000800016FC] -> 0x0000
[1986] [M]: 0x00000000800016FA (0x00000013) addi x0, x0, 0x0                        main+2842

mem[X,0x00000000800016FE] -> 0x0001
[1987] [M]: 0x00000000800016FE (0x0001) c.nop                                       main+2846

clint mtime 0x00000000000003E2 (mip.MTI <- 0b1, mip.STI <- 0b0)
mem[X,0x0000000080001700] -> 0x0593
mem[X,0x0000000080001702] -> 0x0DF0
[1988] [M]: 0x0000000080001700 (0x0DF00593) addi x11, x0, 0xdf                      main+2848
x11 <- 0x00000000000000DF

mem[X,0x0000000080001704] -> 0x5513
mem[X,0x0000000080001706] -> 0x00C5
[1989] [M]: 0x0000000080001704 (0x00C55513) srli x10, x10, 0xc                      main+2852
x10 <- 0x0000000000000000

clint mtime 0x00000000000003E3 (mip.MTI <- 0b1, mip.STI <- 0b0)
mem[X,0x0000000080001708] -> 0x1513
mem[X,0x000000008000170A] -> 0x00A5
[1990] [M]: 0x0000000080001708 (0x00A51513) slli x10, x10, 0xa                      main+2856
x10 <- 0x0000000000000000

mem[X,0x000000008000170C] -> 0x6533
mem[X,0x000000008000170E] -> 0x00B5
[1991] [M]: 0x000000008000170C (0x00B56533) or x10, x10, x11                        main+2860
x10 <- 0x00000000000000DF

clint mtime 0x00000000000003E4 (mip.MTI <- 0b1, mip.STI <- 0b0)
mem[X,0x0000000080001710] -> 0x0013
mem[X,0x0000000080001712] -> 0x0000
[1992] [M]: 0x0000000080001710 (0x00000013) addi x0, x0, 0x0                        main+2864

mem[X,0x0000000080001714] -> 0x0013
mem[X,0x0000000080001716] -> 0x0000
[1993] [M]: 0x0000000080001714 (0x00000013) addi x0, x0, 0x0                        main+2868

clint mtime 0x00000000000003E5 (mip.MTI <- 0b1, mip.STI <- 0b0)
mem[X,0x0000000080001718] -> 0x0013
mem[X,0x000000008000171A] -> 0x0000
[1994] [M]: 0x0000000080001718 (0x00000013) addi x0, x0, 0x0                        main+2872

mem[X,0x000000008000171C] -> 0x0013
mem[X,0x000000008000171E] -> 0x0000
[1995] [M]: 0x000000008000171C (0x00000013) addi x0, x0, 0x0                        main+2876

clint mtime 0x00000000000003E6 (mip.MTI <- 0b1, mip.STI <- 0b0)
mem[X,0x0000000080001720] -> 0x8317
mem[X,0x0000000080001722] -> 0x0000
[1996] [M]: 0x0000000080001720 (0x00008317) auipc x6, 0x8                           main+2880
x6 <- 0x0000000080009720

mem[X,0x0000000080001724] -> 0x0313
mem[X,0x0000000080001726] -> 0x8E03
[1997] [M]: 0x0000000080001724 (0x8E030313) addi x6, x6, -0x720                     main+2884
x6 <- 0x0000000080009000

clint mtime 0x00000000000003E7 (mip.MTI <- 0b1, mip.STI <- 0b0)
mem[X,0x0000000080001728] -> 0x0001
[1998] [M]: 0x0000000080001728 (0x0001) c.nop                                       main+2888

mem[X,0x000000008000172A] -> 0x0013
mem[X,0x000000008000172C] -> 0x0000
[1999] [M]: 0x000000008000172A (0x00000013) addi x0, x0, 0x0                        main+2890

clint mtime 0x00000000000003E8 (mip.MTI <- 0b1, mip.STI <- 0b0)
mem[X,0x000000008000172E] -> 0x0013
mem[X,0x0000000080001730] -> 0x0000
[2000] [M]: 0x000000008000172E (0x00000013) addi x0, x0, 0x0                        main+2894

mem[X,0x0000000080001732] -> 0x0013
mem[X,0x0000000080001734] -> 0x0000
[2001] [M]: 0x0000000080001732 (0x00000013) addi x0, x0, 0x0                        main+2898

clint mtime 0x00000000000003E9 (mip.MTI <- 0b1, mip.STI <- 0b0)
mem[X,0x0000000080001736] -> 0x0013
mem[X,0x0000000080001738] -> 0x0000
[2002] [M]: 0x0000000080001736 (0x00000013) addi x0, x0, 0x0                        main+2902

mem[X,0x000000008000173A] -> 0x0013
mem[X,0x000000008000173C] -> 0x0000
[2003] [M]: 0x000000008000173A (0x00000013) addi x0, x0, 0x0                        main+2906

clint mtime 0x00000000000003EA (mip.MTI <- 0b1, mip.STI <- 0b0)
mem[X,0x000000008000173E] -> 0x0001
[2004] [M]: 0x000000008000173E (0x0001) c.nop                                       main+2910

mem[X,0x0000000080001740] -> 0x0293
mem[X,0x0000000080001742] -> 0x0280
[2005] [M]: 0x0000000080001740 (0x02800293) addi x5, x0, 0x28                       main+2912
x5 <- 0x0000000000000028

clint mtime 0x00000000000003EB (mip.MTI <- 0b1, mip.STI <- 0b0)
mem[X,0x0000000080001744] -> 0x0333
mem[X,0x0000000080001746] -> 0x0053
[2006] [M]: 0x0000000080001744 (0x00530333) add x6, x6, x5                          main+2916
x6 <- 0x0000000080009028

mem[X,0x0000000080001748] -> 0x3023
mem[X,0x000000008000174A] -> 0x00A3
[2007] [M]: 0x0000000080001748 (0x00A33023) sd x10, 0x0(x6)                         main+2920
mem[W,0x0000000080009028] <- 0x00000000000000DF

clint mtime 0x00000000000003EC (mip.MTI <- 0b1, mip.STI <- 0b0)
mem[X,0x000000008000174C] -> 0x0073
mem[X,0x000000008000174E] -> 0x1200
[2008] [M]: 0x000000008000174C (0x12000073) sfence.vma x0, x0                       main+2924

mem[X,0x0000000080001750] -> 0x0493
mem[X,0x0000000080001752] -> 0x0010
[2009] [M]: 0x0000000080001750 (0x00100493) addi x9, x0, 0x1                        main+2928
x9 <- 0x0000000000000001

clint mtime 0x00000000000003ED (mip.MTI <- 0b1, mip.STI <- 0b0)
mem[X,0x0000000080001754] -> 0x9493
mem[X,0x0000000080001756] -> 0x00B4
[2010] [M]: 0x0000000080001754 (0x00B49493) slli x9, x9, 0xb                        main+2932
x9 <- 0x0000000000000800

mem[X,0x0000000080001758] -> 0xB073
mem[X,0x000000008000175A] -> 0x3004
[2011] [M]: 0x0000000080001758 (0x3004B073) csrrc x0, mstatus, x9                   main+2936
CSR mstatus (0x300) <- 0x0000000A00000000

clint mtime 0x00000000000003EE (mip.MTI <- 0b1, mip.STI <- 0b0)
mem[X,0x000000008000175C] -> 0x23F3
mem[X,0x000000008000175E] -> 0x3400
[2012] [M]: 0x000000008000175C (0x340023F3) csrrs x7, mscratch, x0                  main+2940
CSR mscratch (0x340) -> 0x0000000080005000
x7 <- 0x0000000080005000

mem[X,0x0000000080001760] -> 0xB303
mem[X,0x0000000080001762] -> 0x4703
[2013] [M]: 0x0000000080001760 (0x4703B303) ld x6, 0x470(x7)                        main+2944
mem[R,0x0000000080005470] -> 0x0000030080000B9C
x6 <- 0x0000030080000B9C

clint mtime 0x00000000000003EF (mip.MTI <- 0b1, mip.STI <- 0b0)
mem[X,0x0000000080001764] -> 0xB483
mem[X,0x0000000080001766] -> 0x1D83
[2014] [M]: 0x0000000080001764 (0x1D83B483) ld x9, 0x1d8(x7)                        main+2948
mem[R,0x00000000800051D8] -> 0x0000000080000BB4
x9 <- 0x0000000080000BB4

mem[X,0x0000000080001768] -> 0x0333
mem[X,0x000000008000176A] -> 0x4093
[2015] [M]: 0x0000000080001768 (0x40930333) sub x6, x6, x9                          main+2952
x6 <- 0x000002FFFFFFFFE8

clint mtime 0x00000000000003F0 (mip.MTI <- 0b1, mip.STI <- 0b0)
mem[X,0x000000008000176C] -> 0x0313
mem[X,0x000000008000176E] -> 0x0103
[2016] [M]: 0x000000008000176C (0x01030313) addi x6, x6, 0x10                       main+2956
x6 <- 0x000002FFFFFFFFF8

mem[X,0x0000000080001770] -> 0x0497
mem[X,0x0000000080001772] -> 0x0000
[2017] [M]: 0x0000000080001770 (0x00000497) auipc x9, 0x0                           main+2960
x9 <- 0x0000000080001770

clint mtime 0x00000000000003F1 (mip.MTI <- 0b1, mip.STI <- 0b0)
mem[X,0x0000000080001774] -> 0x84B3
mem[X,0x0000000080001776] -> 0x0064
[2018] [M]: 0x0000000080001774 (0x006484B3) add x9, x9, x6                          main+2964
x9 <- 0x0000030080001768

mem[X,0x0000000080001778] -> 0x94F3
mem[X,0x000000008000177A] -> 0x3414
[2019] [M]: 0x0000000080001778 (0x341494F3) csrrw x9, mepc, x9                      main+2968
CSR mepc (0x341) <- 0x0000030080001768
x9 <- 0x000003008000169C

clint mtime 0x00000000000003F2 (mip.MTI <- 0b1, mip.STI <- 0b0)
mem[X,0x000000008000177C] -> 0x0073
mem[X,0x000000008000177E] -> 0x3020
[2020] [M]: 0x000000008000177C (0x30200073) mret                                    main+2972
CSR mstatus (0x300) <- 0x0000000A00000080
ret-ing from M to U

PTW: Start, vpn=0x30080001, access_type=X, privilege=Umem[R,0x0000000080009030] -> 0x00000000000000DB
PTW: Step, level=3, pte=0xDB, pte_addr=0x80009030
PTW: Success, final_ppn=0x80001, level=3mem[X,0x0000000080001768] -> 0x0333
PTW: Start, vpn=0x30080001, access_type=X, privilege=Umem[R,0x0000000080009030] -> 0x00000000000000DB
PTW: Step, level=3, pte=0xDB, pte_addr=0x80009030
PTW: Success, final_ppn=0x80001, level=3mem[X,0x000000008000176A] -> 0x4093
[2021] [U]: 0x0000030080001768 (0x40930333) sub x6, x6, x9                          va_rvtest_code_begin+3020
x6 <- 0xFFFFFFFF7FFFE95C

clint mtime 0x00000000000003F3 (mip.MTI <- 0b1, mip.STI <- 0b0)
PTW: Start, vpn=0x30080001, access_type=X, privilege=Umem[R,0x0000000080009030] -> 0x00000000000000DB
PTW: Step, level=3, pte=0xDB, pte_addr=0x80009030
PTW: Success, final_ppn=0x80001, level=3mem[X,0x000000008000176C] -> 0x0313
PTW: Start, vpn=0x30080001, access_type=X, privilege=Umem[R,0x0000000080009030] -> 0x00000000000000DB
PTW: Step, level=3, pte=0xDB, pte_addr=0x80009030
PTW: Success, final_ppn=0x80001, level=3mem[X,0x000000008000176E] -> 0x0103
[2022] [U]: 0x000003008000176C (0x01030313) addi x6, x6, 0x10                       va_rvtest_code_begin+3024
x6 <- 0xFFFFFFFF7FFFE96C

PTW: Start, vpn=0x30080001, access_type=X, privilege=Umem[R,0x0000000080009030] -> 0x00000000000000DB
PTW: Step, level=3, pte=0xDB, pte_addr=0x80009030
PTW: Success, final_ppn=0x80001, level=3mem[X,0x0000000080001770] -> 0x0497
PTW: Start, vpn=0x30080001, access_type=X, privilege=Umem[R,0x0000000080009030] -> 0x00000000000000DB
PTW: Step, level=3, pte=0xDB, pte_addr=0x80009030
PTW: Success, final_ppn=0x80001, level=3mem[X,0x0000000080001772] -> 0x0000
[2023] [U]: 0x0000030080001770 (0x00000497) auipc x9, 0x0                           va_rvtest_code_begin+3028
x9 <- 0x0000030080001770

clint mtime 0x00000000000003F4 (mip.MTI <- 0b1, mip.STI <- 0b0)
PTW: Start, vpn=0x30080001, access_type=X, privilege=Umem[R,0x0000000080009030] -> 0x00000000000000DB
PTW: Step, level=3, pte=0xDB, pte_addr=0x80009030
PTW: Success, final_ppn=0x80001, level=3mem[X,0x0000000080001774] -> 0x84B3
PTW: Start, vpn=0x30080001, access_type=X, privilege=Umem[R,0x0000000080009030] -> 0x00000000000000DB
PTW: Step, level=3, pte=0xDB, pte_addr=0x80009030
PTW: Success, final_ppn=0x80001, level=3mem[X,0x0000000080001776] -> 0x0064
[2024] [U]: 0x0000030080001774 (0x006484B3) add x9, x9, x6                          va_rvtest_code_begin+3032
x9 <- 0x00000300000000DC

PTW: Start, vpn=0x30080001, access_type=X, privilege=Umem[R,0x0000000080009030] -> 0x00000000000000DB
PTW: Step, level=3, pte=0xDB, pte_addr=0x80009030
PTW: Success, final_ppn=0x80001, level=3mem[X,0x0000000080001778] -> 0x94F3
PTW: Start, vpn=0x30080001, access_type=X, privilege=Umem[R,0x0000000080009030] -> 0x00000000000000DB
PTW: Step, level=3, pte=0xDB, pte_addr=0x80009030
PTW: Success, final_ppn=0x80001, level=3mem[X,0x000000008000177A] -> 0x3414
[2025] [U]: 0x0000030080001778 (0x341494F3) csrrw x9, mepc, x9                      va_rvtest_code_begin+3036
trapping from U to M to handle illegal-instruction
handling exc#illegal-instruction at priv M with tval 0x00000000341494F3
CSR mstatus (0x300) <- 0x0000000A00000000
CSR mcause (0x342) <- 0x0000000000000002
CSR mtval (0x343) <- 0x00000000341494F3
CSR mepc (0x341) <- 0x0000030080001778

clint mtime 0x00000000000003F5 (mip.MTI <- 0b1, mip.STI <- 0b0)
mem[X,0x0000000080002800] -> 0x006F
mem[X,0x0000000080002802] -> 0x1000
[2026] [M]: 0x0000000080002800 (0x1000006F) jal x0, 0x100                           Mtrampoline+0

mem[X,0x0000000080002900] -> 0x1173
mem[X,0x0000000080002902] -> 0x3401
[2027] [M]: 0x0000000080002900 (0x34011173) csrrw x2, mscratch, x2                  trap_Mhandler+0
CSR mscratch (0x340) <- 0x0000000000000000
x2 <- 0x0000000080005000

clint mtime 0x00000000000003F6 (mip.MTI <- 0b1, mip.STI <- 0b0)
mem[X,0x0000000080002904] -> 0x3423
mem[X,0x0000000080002906] -> 0x28B1
[2028] [M]: 0x0000000080002904 (0x28B13423) sd x11, 0x288(x2)                       trap_Mhandler+4
mem[W,0x0000000080005288] <- 0x00000000000000DF

mem[X,0x0000000080002908] -> 0x05EF
mem[X,0x000000008000290A] -> 0x0B80
[2029] [M]: 0x0000000080002908 (0x0B8005EF) jal x11, 0xb8                           trap_Mhandler+8
x11 <- 0x000000008000290C

clint mtime 0x00000000000003F7 (mip.MTI <- 0b1, mip.STI <- 0b0)
mem[X,0x00000000800029C0] -> 0x3023
mem[X,0x00000000800029C2] -> 0x28A1
[2030] [M]: 0x00000000800029C0 (0x28A13023) sd x10, 0x280(x2)                       common_Mhandler+0
mem[W,0x0000000080005280] <- 0x00000000000000DF

mem[X,0x00000000800029C4] -> 0x1573
mem[X,0x00000000800029C6] -> 0x3401
[2031] [M]: 0x00000000800029C4 (0x34011573) csrrw x10, mscratch, x2                 common_Mhandler+4
CSR mscratch (0x340) <- 0x0000000080005000
x10 <- 0x0000000000000000

clint mtime 0x00000000000003F8 (mip.MTI <- 0b1, mip.STI <- 0b0)
mem[X,0x00000000800029C8] -> 0x3823
mem[X,0x00000000800029CA] -> 0x28A1
[2032] [M]: 0x00000000800029C8 (0x28A13823) sd x10, 0x290(x2)                       common_Mhandler+8
mem[W,0x0000000080005290] <- 0x0000000000000000

mem[X,0x00000000800029CC] -> 0x3503
mem[X,0x00000000800029CE] -> 0x2301
[2033] [M]: 0x00000000800029CC (0x23013503) ld x10, 0x230(x2)                       common_Mhandler+12
mem[R,0x0000000080005230] -> 0x00000000800029D4
x10 <- 0x00000000800029D4

clint mtime 0x00000000000003F9 (mip.MTI <- 0b1, mip.STI <- 0b0)
mem[X,0x00000000800029D0] -> 0x0067
mem[X,0x00000000800029D2] -> 0x0005
[2034] [M]: 0x00000000800029D0 (0x00050067) jalr x0, 0x0(x10)                       common_Mhandler+16

mem[X,0x00000000800029D4] -> 0x3C23
mem[X,0x00000000800029D6] -> 0x2691
[2035] [M]: 0x00000000800029D4 (0x26913C23) sd x9, 0x278(x2)                        common_Mentry+0
mem[W,0x0000000080005278] <- 0x00000300000000DC

clint mtime 0x00000000000003FA (mip.MTI <- 0b1, mip.STI <- 0b0)
mem[X,0x00000000800029D8] -> 0x3823
mem[X,0x00000000800029DA] -> 0x2681
[2036] [M]: 0x00000000800029D8 (0x26813823) sd x8, 0x270(x2)                        common_Mentry+4
mem[W,0x0000000080005270] <- 0x0000000000007F76

mem[X,0x00000000800029DC] -> 0x3423
mem[X,0x00000000800029DE] -> 0x2671
[2037] [M]: 0x00000000800029DC (0x26713423) sd x7, 0x268(x2)                        common_Mentry+8
mem[W,0x0000000080005268] <- 0x0000000080005000

clint mtime 0x00000000000003FB (mip.MTI <- 0b1, mip.STI <- 0b0)
mem[X,0x00000000800029E0] -> 0x3023
mem[X,0x00000000800029E2] -> 0x2661
[2038] [M]: 0x00000000800029E0 (0x26613023) sd x6, 0x260(x2)                        common_Mentry+12
mem[W,0x0000000080005260] <- 0xFFFFFFFF7FFFE96C

mem[X,0x00000000800029E4] -> 0x2573
mem[X,0x00000000800029E6] -> 0x3420
[2039] [M]: 0x00000000800029E4 (0x34202573) csrrs x10, mcause, x0                   spcl_M2mmode_test+0
CSR mcause (0x342) -> 0x0000000000000002
x10 <- 0x0000000000000002

clint mtime 0x00000000000003FC (mip.MTI <- 0b1, mip.STI <- 0b0)
mem[X,0x00000000800029E8] -> 0x04B7
mem[X,0x00000000800029EA] -> 0x8000
[2040] [M]: 0x00000000800029E8 (0x800004B7) lui x9, -0x80000                        spcl_M2mmode_test+4
x9 <- 0xFFFFFFFF80000000

mem[X,0x00000000800029EC] -> 0x8493
mem[X,0x00000000800029EE] -> 0x0004
[2041] [M]: 0x00000000800029EC (0x00048493) addi x9, x9, 0x0                        spcl_M2mmode_test+8
x9 <- 0xFFFFFFFF80000000

clint mtime 0x00000000000003FD (mip.MTI <- 0b1, mip.STI <- 0b0)
mem[X,0x00000000800029F0] -> 0x9493
mem[X,0x00000000800029F2] -> 0x00B4
[2042] [M]: 0x00000000800029F0 (0x00B49493) slli x9, x9, 0xb                        spcl_M2mmode_test+12
x9 <- 0xFFFFFC0000000000

mem[X,0x00000000800029F4] -> 0x8493
mem[X,0x00000000800029F6] -> 0x0004
[2043] [M]: 0x00000000800029F4 (0x00048493) addi x9, x9, 0x0                        spcl_M2mmode_test+16
x9 <- 0xFFFFFC0000000000

clint mtime 0x00000000000003FE (mip.MTI <- 0b1, mip.STI <- 0b0)
mem[X,0x00000000800029F8] -> 0x9493
mem[X,0x00000000800029FA] -> 0x00B4
[2044] [M]: 0x00000000800029F8 (0x00B49493) slli x9, x9, 0xb                        spcl_M2mmode_test+20
x9 <- 0xFFE0000000000000

mem[X,0x00000000800029FC] -> 0x8493
mem[X,0x00000000800029FE] -> 0x0034
[2045] [M]: 0x00000000800029FC (0x00348493) addi x9, x9, 0x3                        spcl_M2mmode_test+24
x9 <- 0xFFE0000000000003

clint mtime 0x00000000000003FF (mip.MTI <- 0b1, mip.STI <- 0b0)
mem[X,0x0000000080002A00] -> 0x9493
mem[X,0x0000000080002A02] -> 0x00A4
[2046] [M]: 0x0000000080002A00 (0x00A49493) slli x9, x9, 0xa                        spcl_M2mmode_test+28
x9 <- 0x8000000000000C00

mem[X,0x0000000080002A04] -> 0x8493
mem[X,0x0000000080002A06] -> 0x3FC4
[2047] [M]: 0x0000000080002A04 (0x3FC48493) addi x9, x9, 0x3fc                      spcl_M2mmode_test+32
x9 <- 0x8000000000000FFC

clint mtime 0x0000000000000400 (mip.MTI <- 0b1, mip.STI <- 0b0)
mem[X,0x0000000080002A08] -> 0xF4B3
mem[X,0x0000000080002A0A] -> 0x00A4
[2048] [M]: 0x0000000080002A08 (0x00A4F4B3) and x9, x9, x10                         spcl_M2mmode_test+36
x9 <- 0x0000000000000000

mem[X,0x0000000080002A0C] -> 0x8493
mem[X,0x0000000080002A0E] -> 0xFF84
[2049] [M]: 0x0000000080002A0C (0xFF848493) addi x9, x9, -0x8                       spcl_M2mmode_test+40
x9 <- 0xFFFFFFFFFFFFFFF8

clint mtime 0x0000000000000401 (mip.MTI <- 0b1, mip.STI <- 0b0)
mem[X,0x0000000080002A10] -> 0x9663
mem[X,0x0000000080002A12] -> 0x0004
[2050] [M]: 0x0000000080002A10 (0x00049663) bne x9, x0, 0xc                         spcl_M2mmode_test+44

mem[X,0x0000000080002A1C] -> 0x0393
mem[X,0x0000000080002A1E] -> 0x0200
[2051] [M]: 0x0000000080002A1C (0x02000393) addi x7, x0, 0x20                       Mtrapsig_ptr_upd+0
x7 <- 0x0000000000000020

clint mtime 0x0000000000000402 (mip.MTI <- 0b1, mip.STI <- 0b0)
mem[X,0x0000000080002A20] -> 0x5263
mem[X,0x0000000080002A22] -> 0x0405
[2052] [M]: 0x0000000080002A20 (0x04055263) bge x10, x0, 0x44                       Mtrapsig_ptr_upd+4

mem[X,0x0000000080002A64] -> 0x2373
mem[X,0x0000000080002A66] -> 0x3010
[2053] [M]: 0x0000000080002A64 (0x30102373) csrrs x6, misa, x0                      Mxcpt_sig_sv+0
CSR misa (0x301) -> 0x800000000034112F
x6 <- 0x800000000034112F

clint mtime 0x0000000000000403 (mip.MTI <- 0b1, mip.STI <- 0b0)
mem[X,0x0000000080002A68] -> 0x1313
mem[X,0x0000000080002A6A] -> 0x0383
[2054] [M]: 0x0000000080002A68 (0x03831313) slli x6, x6, 0x38                       Mxcpt_sig_sv+4
x6 <- 0x2F00000000000000

mem[X,0x0000000080002A6C] -> 0x5463
mem[X,0x0000000080002A6E] -> 0x0003
[2055] [M]: 0x0000000080002A6C (0x00035463) bge x6, x0, 0x8                         Mxcpt_sig_sv+8

clint mtime 0x0000000000000404 (mip.MTI <- 0b1, mip.STI <- 0b0)
mem[X,0x0000000080002A74] -> 0x3303
mem[X,0x0000000080002A76] -> 0x2181
[2056] [M]: 0x0000000080002A74 (0x21813303) ld x6, 0x218(x2)                        Mtrap_sig_sv+0
mem[R,0x0000000080005218] -> 0x000000008000A418
x6 <- 0x000000008000A418

mem[X,0x0000000080002A78] -> 0x04B3
mem[X,0x0000000080002A7A] -> 0x0073
[2057] [M]: 0x0000000080002A78 (0x007304B3) add x9, x6, x7                          Mtrap_sig_sv+4
x9 <- 0x000000008000A438

clint mtime 0x0000000000000405 (mip.MTI <- 0b1, mip.STI <- 0b0)
mem[X,0x0000000080002A7C] -> 0x3C23
mem[X,0x0000000080002A7E] -> 0x2091
[2058] [M]: 0x0000000080002A7C (0x20913C23) sd x9, 0x218(x2)                        Mtrap_sig_sv+8
mem[W,0x0000000080005218] <- 0x000000008000A438

mem[X,0x0000000080002A80] -> 0x3403
mem[X,0x0000000080002A82] -> 0x1F81
[2059] [M]: 0x0000000080002A80 (0x1F813403) ld x8, 0x1f8(x2)                        Mtrap_sig_sv+12
mem[R,0x00000000800051F8] -> 0x000000008000A110
x8 <- 0x000000008000A110

clint mtime 0x0000000000000406 (mip.MTI <- 0b1, mip.STI <- 0b0)
mem[X,0x0000000080002A84] -> 0x0333
mem[X,0x0000000080002A86] -> 0x4083
[2060] [M]: 0x0000000080002A84 (0x40830333) sub x6, x6, x8                          Mtrap_sig_sv+16
x6 <- 0x0000000000000308

mem[X,0x0000000080002A88] -> 0x3403
mem[X,0x0000000080002A8A] -> 0x1F81
[2061] [M]: 0x0000000080002A88 (0x1F813403) ld x8, 0x1f8(x2)                        Mtrap_sig_sv+20
mem[R,0x00000000800051F8] -> 0x000000008000A110
x8 <- 0x000000008000A110

clint mtime 0x0000000000000407 (mip.MTI <- 0b1, mip.STI <- 0b0)
mem[X,0x0000000080002A8C] -> 0x0333
mem[X,0x0000000080002A8E] -> 0x0083
[2062] [M]: 0x0000000080002A8C (0x00830333) add x6, x6, x8                          Mtrap_sig_sv+24
x6 <- 0x000000008000A418

mem[X,0x0000000080002A90] -> 0x3403
mem[X,0x0000000080002A92] -> 0x2401
[2063] [M]: 0x0000000080002A90 (0x24013403) ld x8, 0x240(x2)                        Mtrap_sig_sv+28
mem[R,0x0000000080005240] -> 0x0000000080002800
x8 <- 0x0000000080002800

clint mtime 0x0000000000000408 (mip.MTI <- 0b1, mip.STI <- 0b0)
mem[X,0x0000000080002A94] -> 0x85B3
mem[X,0x0000000080002A96] -> 0x4085
[2064] [M]: 0x0000000080002A94 (0x408585B3) sub x11, x11, x8                        sv_Mvect+0
x11 <- 0x000000000000010C

mem[X,0x0000000080002A98] -> 0x9593
mem[X,0x0000000080002A9A] -> 0x0045
[2065] [M]: 0x0000000080002A98 (0x00459593) slli x11, x11, 0x4                      sv_Mvect+4
x11 <- 0x00000000000010C0

clint mtime 0x0000000000000409 (mip.MTI <- 0b1, mip.STI <- 0b0)
mem[X,0x0000000080002A9C] -> 0xE5B3
mem[X,0x0000000080002A9E] -> 0x0075
[2066] [M]: 0x0000000080002A9C (0x0075E5B3) or x11, x11, x7                         sv_Mvect+8
x11 <- 0x00000000000010E0

mem[X,0x0000000080002AA0] -> 0x8593
mem[X,0x0000000080002AA2] -> 0x0035
[2067] [M]: 0x0000000080002AA0 (0x00358593) addi x11, x11, 0x3                      sv_Mvect+12
x11 <- 0x00000000000010E3

clint mtime 0x000000000000040A (mip.MTI <- 0b1, mip.STI <- 0b0)
mem[X,0x0000000080002AA4] -> 0x3023
mem[X,0x0000000080002AA6] -> 0x00B3
[2068] [M]: 0x0000000080002AA4 (0x00B33023) sd x11, 0x0(x6)                         sv_Mvect+16
mem[W,0x000000008000A418] <- 0x00000000000010E3

mem[X,0x0000000080002AA8] -> 0x3423
mem[X,0x0000000080002AAA] -> 0x00A3
[2069] [M]: 0x0000000080002AA8 (0x00A33423) sd x10, 0x8(x6)                         sv_Mcause+0
mem[W,0x000000008000A420] <- 0x0000000000000002

clint mtime 0x000000000000040B (mip.MTI <- 0b1, mip.STI <- 0b0)
mem[X,0x0000000080002AAC] -> 0x4663
mem[X,0x0000000080002AAE] -> 0x1A05
[2070] [M]: 0x0000000080002AAC (0x1A054663) blt x10, x0, 0x1ac                      sv_Mcause+4

mem[X,0x0000000080002AB0] -> 0x25F3
mem[X,0x0000000080002AB2] -> 0x3000
[2071] [M]: 0x0000000080002AB0 (0x300025F3) csrrs x11, mstatus, x0                  common_Mexcpt_handler+0
CSR mstatus (0x300) -> 0x0000000A00000000
x11 <- 0x0000000A00000000

clint mtime 0x000000000000040C (mip.MTI <- 0b1, mip.STI <- 0b0)
mem[X,0x0000000080002AB4] -> 0x9413
mem[X,0x0000000080002AB6] -> 0x02E5
[2072] [M]: 0x0000000080002AB4 (0x02E59413) slli x8, x11, 0x2e                      common_Mexcpt_handler+4
x8 <- 0x0000000000000000

mem[X,0x0000000080002AB8] -> 0x5463
mem[X,0x0000000080002ABA] -> 0x0004
[2073] [M]: 0x0000000080002AB8 (0x00045463) bge x8, x0, 0x8                         common_Mexcpt_handler+8

clint mtime 0x000000000000040D (mip.MTI <- 0b1, mip.STI <- 0b0)
mem[X,0x0000000080002AC0] -> 0xD493
mem[X,0x0000000080002AC2] -> 0x00B5
[2074] [M]: 0x0000000080002AC0 (0x00B5D493) srli x9, x11, 0xb                       common_Mexcpt_handler+16
x9 <- 0x0000000001400000

mem[X,0x0000000080002AC4] -> 0xF493
mem[X,0x0000000080002AC6] -> 0x0034
[2075] [M]: 0x0000000080002AC4 (0x0034F493) andi x9, x9, 0x3                        common_Mexcpt_handler+20
x9 <- 0x0000000000000000

clint mtime 0x000000000000040E (mip.MTI <- 0b1, mip.STI <- 0b0)
mem[X,0x0000000080002AC8] -> 0x8493
mem[X,0x0000000080002ACA] -> 0x0014
[2076] [M]: 0x0000000080002AC8 (0x00148493) addi x9, x9, 0x1                        common_Mexcpt_handler+24
x9 <- 0x0000000000000001

mem[X,0x0000000080002ACC] -> 0xF493
mem[X,0x0000000080002ACE] -> 0x0044
[2077] [M]: 0x0000000080002ACC (0x0044F493) andi x9, x9, 0x4                        common_Mexcpt_handler+28
x9 <- 0x0000000000000000

clint mtime 0x000000000000040F (mip.MTI <- 0b1, mip.STI <- 0b0)
mem[X,0x0000000080002AD0] -> 0x0593
mem[X,0x0000000080002AD2] -> 0x05D0
[2078] [M]: 0x0000000080002AD0 (0x05D00593) addi x11, x0, 0x5d                      common_Mexcpt_handler+32
x11 <- 0x000000000000005D

mem[X,0x0000000080002AD4] -> 0xD5B3
mem[X,0x0000000080002AD6] -> 0x0095
[2079] [M]: 0x0000000080002AD4 (0x0095D5B3) srl x11, x11, x9                        common_Mexcpt_handler+36
x11 <- 0x000000000000005D

clint mtime 0x0000000000000410 (mip.MTI <- 0b1, mip.STI <- 0b0)
mem[X,0x0000000080002AD8] -> 0xF593
mem[X,0x0000000080002ADA] -> 0x0015
[2080] [M]: 0x0000000080002AD8 (0x0015F593) andi x11, x11, 0x1                      common_Mexcpt_handler+40
x11 <- 0x0000000000000001

mem[X,0x0000000080002ADC] -> 0x8EE3
mem[X,0x0000000080002ADE] -> 0xF405
[2081] [M]: 0x0000000080002ADC (0xF4058EE3) beq x11, x0, -0xa4                      common_Mexcpt_handler+44

clint mtime 0x0000000000000411 (mip.MTI <- 0b1, mip.STI <- 0b0)
mem[X,0x0000000080002AE0] -> 0x0593
mem[X,0x0000000080002AE2] -> 0x2980
[2082] [M]: 0x0000000080002AE0 (0x29800593) addi x11, x0, 0x298                     common_Mexcpt_handler+48
x11 <- 0x0000000000000298

mem[X,0x0000000080002AE4] -> 0xF413
mem[X,0x0000000080002AE6] -> 0x0014
[2083] [M]: 0x0000000080002AE4 (0x0014F413) andi x8, x9, 0x1                        common_Mexcpt_handler+52
x8 <- 0x0000000000000000

clint mtime 0x0000000000000412 (mip.MTI <- 0b1, mip.STI <- 0b0)
mem[X,0x0000000080002AE8] -> 0x95B3
mem[X,0x0000000080002AEA] -> 0x0085
[2084] [M]: 0x0000000080002AE8 (0x008595B3) sll x11, x11, x8                        common_Mexcpt_handler+56
x11 <- 0x0000000000000298

mem[X,0x0000000080002AEC] -> 0x9413
mem[X,0x0000000080002AEE] -> 0x03D4
[2085] [M]: 0x0000000080002AEC (0x03D49413) slli x8, x9, 0x3d                       common_Mexcpt_handler+60
x8 <- 0x0000000000000000

clint mtime 0x0000000000000413 (mip.MTI <- 0b1, mip.STI <- 0b0)
mem[X,0x0000000080002AF0] -> 0x5413
mem[X,0x0000000080002AF2] -> 0x43F4
[2086] [M]: 0x0000000080002AF0 (0x43F45413) srai x8, x8, 0x3f                       common_Mexcpt_handler+64
x8 <- 0x0000000000000000

mem[X,0x0000000080002AF4] -> 0x4413
mem[X,0x0000000080002AF6] -> 0xFFF4
[2087] [M]: 0x0000000080002AF4 (0xFFF44413) xori x8, x8, -0x1                       common_Mexcpt_handler+68
x8 <- 0xFFFFFFFFFFFFFFFF

clint mtime 0x0000000000000414 (mip.MTI <- 0b1, mip.STI <- 0b0)
mem[X,0x0000000080002AF8] -> 0xF4B3
mem[X,0x0000000080002AFA] -> 0x0085
[2088] [M]: 0x0000000080002AF8 (0x0085F4B3) and x9, x11, x8                         common_Mexcpt_handler+72
x9 <- 0x0000000000000298

mem[X,0x0000000080002AFC] -> 0x84B3
mem[X,0x0000000080002AFE] -> 0x0024
[2089] [M]: 0x0000000080002AFC (0x002484B3) add x9, x9, x2                          vmem_adj_Mepc+0
x9 <- 0x0000000080005298

clint mtime 0x0000000000000415 (mip.MTI <- 0b1, mip.STI <- 0b0)
mem[X,0x0000000080002B00] -> 0x23F3
mem[X,0x0000000080002B02] -> 0x3410
[2090] [M]: 0x0000000080002B00 (0x341023F3) csrrs x7, mepc, x0                      vmem_adj_Mepc+4
CSR mepc (0x341) -> 0x0000030080001778
x7 <- 0x0000030080001778

mem[X,0x0000000080002B04] -> 0x0413
mem[X,0x0000000080002B06] -> 0x0004
[2091] [M]: 0x0000000080002B04 (0x00040413) addi x8, x8, 0x0                        vmem_adj_Mepc+8
x8 <- 0xFFFFFFFFFFFFFFFF

clint mtime 0x0000000000000416 (mip.MTI <- 0b1, mip.STI <- 0b0)
mem[X,0x0000000080002B08] -> 0x006F
mem[X,0x0000000080002B0A] -> 0x0400
[2092] [M]: 0x0000000080002B08 (0x0400006F) jal x0, 0x40                            vmem_adj_Mepc+12

mem[X,0x0000000080002B48] -> 0x8433
mem[X,0x0000000080002B4A] -> 0x4083
[2093] [M]: 0x0000000080002B48 (0x40838433) sub x8, x7, x8                          adj_Mepc+0
x8 <- 0x0000030080001779

clint mtime 0x0000000000000417 (mip.MTI <- 0b1, mip.STI <- 0b0)
mem[X,0x0000000080002B4C] -> 0x3823
mem[X,0x0000000080002B4E] -> 0x0083
[2094] [M]: 0x0000000080002B4C (0x00833823) sd x8, 0x10(x6)                         sv_Mepc+0
mem[W,0x000000008000A428] <- 0x0000030080001779

mem[X,0x0000000080002B50] -> 0x55B7
mem[X,0x0000000080002B52] -> 0x0000
[2095] [M]: 0x0000000080002B50 (0x000055B7) lui x11, 0x5                            sv_Mepc+4
x11 <- 0x0000000000005000

clint mtime 0x0000000000000418 (mip.MTI <- 0b1, mip.STI <- 0b0)
mem[X,0x0000000080002B54] -> 0x8593
mem[X,0x0000000080002B56] -> 0x6675
[2096] [M]: 0x0000000080002B54 (0x66758593) addi x11, x11, 0x667                    sv_Mepc+8
x11 <- 0x0000000000005667

mem[X,0x0000000080002B58] -> 0x9593
mem[X,0x0000000080002B5A] -> 0x0015
[2097] [M]: 0x0000000080002B58 (0x00159593) slli x11, x11, 0x1                      sv_Mepc+12
x11 <- 0x000000000000ACCE

clint mtime 0x0000000000000419 (mip.MTI <- 0b1, mip.STI <- 0b0)
mem[X,0x0000000080002B5C] -> 0x9063
mem[X,0x0000000080002B5E] -> 0x02B1
[2098] [M]: 0x0000000080002B5C (0x02B19063) bne x3, x11, 0x20                       sv_Mepc+16

mem[X,0x0000000080002B60] -> 0x2473
mem[X,0x0000000080002B62] -> 0x3420
[2099] [M]: 0x0000000080002B60 (0x34202473) csrrs x8, mcause, x0                    sv_Mepc+20
CSR mcause (0x342) -> 0x0000000000000002
x8 <- 0x0000000000000002

clint mtime 0x000000000000041A (mip.MTI <- 0b1, mip.STI <- 0b0)
mem[X,0x0000000080002B64] -> 0x0593
mem[X,0x0000000080002B66] -> 0x00C0
[2100] [M]: 0x0000000080002B64 (0x00C00593) addi x11, x0, 0xc                       sv_Mepc+24
x11 <- 0x000000000000000C

mem[X,0x0000000080002B68] -> 0x0663
mem[X,0x0000000080002B6A] -> 0x00B4
[2101] [M]: 0x0000000080002B68 (0x00B40663) beq x8, x11, 0xc                        sv_Mepc+28

clint mtime 0x000000000000041B (mip.MTI <- 0b1, mip.STI <- 0b0)
mem[X,0x0000000080002B6C] -> 0x0593
mem[X,0x0000000080002B6E] -> 0x0010
[2102] [M]: 0x0000000080002B6C (0x00100593) addi x11, x0, 0x1                       sv_Mepc+32
x11 <- 0x0000000000000001

mem[X,0x0000000080002B70] -> 0x1663
mem[X,0x0000000080002B72] -> 0x00B4
[2103] [M]: 0x0000000080002B70 (0x00B41663) bne x8, x11, 0xc                        sv_Mepc+36

clint mtime 0x000000000000041C (mip.MTI <- 0b1, mip.STI <- 0b0)
mem[X,0x0000000080002B7C] -> 0xF593
mem[X,0x0000000080002B7E] -> 0xFFC3
[2104] [M]: 0x0000000080002B7C (0xFFC3F593) andi x11, x7, -0x4                      adj_Mepc_rtn+0
x11 <- 0x0000030080001778

mem[X,0x0000000080002B80] -> 0x8593
mem[X,0x0000000080002B82] -> 0x0085
[2105] [M]: 0x0000000080002B80 (0x00858593) addi x11, x11, 0x8                      adj_Mepc_rtn+4
x11 <- 0x0000030080001780

clint mtime 0x000000000000041D (mip.MTI <- 0b1, mip.STI <- 0b0)
mem[X,0x0000000080002B84] -> 0x9073
mem[X,0x0000000080002B86] -> 0x3415
[2106] [M]: 0x0000000080002B84 (0x34159073) csrrw x0, mepc, x11                     adj_Mepc_rtn+8
CSR mepc (0x341) <- 0x0000030080001780

mem[X,0x0000000080002B88] -> 0x23F3
mem[X,0x0000000080002B8A] -> 0x3430
[2107] [M]: 0x0000000080002B88 (0x343023F3) csrrs x7, mtval, x0                     skp_adj_Mepc+0
CSR mtval (0x343) -> 0x00000000341494F3
x7 <- 0x00000000341494F3

clint mtime 0x000000000000041E (mip.MTI <- 0b1, mip.STI <- 0b0)
mem[X,0x0000000080002B8C] -> 0x0413
mem[X,0x0000000080002B8E] -> 0x0004
[2108] [M]: 0x0000000080002B8C (0x00040413) addi x8, x8, 0x0                        skp_adj_Mepc+4
x8 <- 0x0000000000000002

mem[X,0x0000000080002B90] -> 0x006F
mem[X,0x0000000080002B92] -> 0x0840
[2109] [M]: 0x0000000080002B90 (0x0840006F) jal x0, 0x84                            skp_adj_Mepc+8

clint mtime 0x000000000000041F (mip.MTI <- 0b1, mip.STI <- 0b0)
mem[X,0x0000000080002C14] -> 0x8433
mem[X,0x0000000080002C16] -> 0x4083
[2110] [M]: 0x0000000080002C14 (0x40838433) sub x8, x7, x8                          adj_Mtval+0
x8 <- 0x00000000341494F1

mem[X,0x0000000080002C18] -> 0x3C23
mem[X,0x0000000080002C1A] -> 0x0083
[2111] [M]: 0x0000000080002C18 (0x00833C23) sd x8, 0x18(x6)                         sv_Mtval+0
mem[W,0x000000008000A430] <- 0x00000000341494F1

clint mtime 0x0000000000000420 (mip.MTI <- 0b1, mip.STI <- 0b0)
mem[X,0x0000000080002C1C] -> 0x3483
mem[X,0x0000000080002C1E] -> 0x2181
[2112] [M]: 0x0000000080002C1C (0x21813483) ld x9, 0x218(x2)                        skp_Mtval+0
mem[R,0x0000000080005218] -> 0x000000008000A438
x9 <- 0x000000008000A438

mem[X,0x0000000080002C20] -> 0x3383
mem[X,0x0000000080002C22] -> 0x1F81
[2113] [M]: 0x0000000080002C20 (0x1F813383) ld x7, 0x1f8(x2)                        skp_Mtval+4
mem[R,0x00000000800051F8] -> 0x000000008000A110
x7 <- 0x000000008000A110

clint mtime 0x0000000000000421 (mip.MTI <- 0b1, mip.STI <- 0b0)
mem[X,0x0000000080002C24] -> 0x3303
mem[X,0x0000000080002C26] -> 0x2001
[2114] [M]: 0x0000000080002C24 (0x20013303) ld x6, 0x200(x2)                        skp_Mtval+8
mem[R,0x0000000080005200] -> 0x0000000000000410
x6 <- 0x0000000000000410

mem[X,0x0000000080002C28] -> 0x0333
mem[X,0x0000000080002C2A] -> 0x0073
[2115] [M]: 0x0000000080002C28 (0x00730333) add x6, x6, x7                          skp_Mtval+12
x6 <- 0x000000008000A520

clint mtime 0x0000000000000422 (mip.MTI <- 0b1, mip.STI <- 0b0)
mem[X,0x0000000080002C2C] -> 0x6AE3
mem[X,0x0000000080002C2E] -> 0xAC93
[2116] [M]: 0x0000000080002C2C (0xAC936AE3) bltu x6, x9, -0x52c                     skp_Mtval+16

mem[X,0x0000000080002C30] -> 0x0393
mem[X,0x0000000080002C32] -> 0x2000
[2117] [M]: 0x0000000080002C30 (0x20000393) addi x7, x0, 0x200                      skp_Mtval+20
x7 <- 0x0000000000000200

clint mtime 0x0000000000000423 (mip.MTI <- 0b1, mip.STI <- 0b0)
mem[X,0x0000000080002C34] -> 0x006F
mem[X,0x0000000080002C36] -> 0x0400
[2118] [M]: 0x0000000080002C34 (0x0400006F) jal x0, 0x40                            skp_Mtval+24

mem[X,0x0000000080002C74] -> 0x0417
mem[X,0x0000000080002C76] -> 0x0000
[2119] [M]: 0x0000000080002C74 (0x00000417) auipc x8, 0x0                           spcl_Mhandler+0
x8 <- 0x0000000080002C74

clint mtime 0x0000000000000424 (mip.MTI <- 0b1, mip.STI <- 0b0)
mem[X,0x0000000080002C78] -> 0x0413
mem[X,0x0000000080002C7A] -> 0x03C4
[2120] [M]: 0x0000000080002C78 (0x03C40413) addi x8, x8, 0x3c                       spcl_Mhandler+4
x8 <- 0x0000000080002CB0

mem[X,0x0000000080002C7C] -> 0x0433
mem[X,0x0000000080002C7E] -> 0x0074
[2121] [M]: 0x0000000080002C7C (0x00740433) add x8, x8, x7                          spcl_Mhandler+8
x8 <- 0x0000000080002EB0

clint mtime 0x0000000000000425 (mip.MTI <- 0b1, mip.STI <- 0b0)
mem[X,0x0000000080002C80] -> 0x1393
mem[X,0x0000000080002C82] -> 0x0035
[2122] [M]: 0x0000000080002C80 (0x00351393) slli x7, x10, 0x3                       spcl_Mhandler+12
x7 <- 0x0000000000000010

mem[X,0x0000000080002C84] -> 0x0433
mem[X,0x0000000080002C86] -> 0x0074
[2123] [M]: 0x0000000080002C84 (0x00740433) add x8, x8, x7                          spcl_Mhandler+16
x8 <- 0x0000000080002EC0

clint mtime 0x0000000000000426 (mip.MTI <- 0b1, mip.STI <- 0b0)
mem[X,0x0000000080002C88] -> 0x7413
mem[X,0x0000000080002C8A] -> 0xFF84
[2124] [M]: 0x0000000080002C88 (0xFF847413) andi x8, x8, -0x8                       spcl_Mhandler+20
x8 <- 0x0000000080002EC0

mem[X,0x0000000080002C8C] -> 0x3403
mem[X,0x0000000080002C8E] -> 0x0004
[2125] [M]: 0x0000000080002C8C (0x00043403) ld x8, 0x0(x8)                          spcl_Mhandler+24
mem[R,0x0000000080002EC0] -> 0x0000000000000005
x8 <- 0x0000000000000005

clint mtime 0x0000000000000427 (mip.MTI <- 0b1, mip.STI <- 0b0)
mem[X,0x0000000080002C90] -> 0x02E3
mem[X,0x0000000080002C92] -> 0xB004
[2126] [M]: 0x0000000080002C90 (0xB00402E3) beq x8, x0, -0x4fc                      spcl_Mdispatch_hndling+0

mem[X,0x0000000080002C94] -> 0x1393
mem[X,0x0000000080002C96] -> 0x03F4
[2127] [M]: 0x0000000080002C94 (0x03F41393) slli x7, x8, 0x3f                       spcl_Mdispatch_hndling+4
x7 <- 0x8000000000000000

clint mtime 0x0000000000000428 (mip.MTI <- 0b1, mip.STI <- 0b0)
mem[X,0x0000000080002C98] -> 0xD863
mem[X,0x0000000080002C9A] -> 0x0003
[2128] [M]: 0x0000000080002C98 (0x0003D863) bge x7, x0, 0x10                        spcl_Mdispatch_hndling+8

mem[X,0x0000000080002C9C] -> 0x5413
mem[X,0x0000000080002C9E] -> 0x0014
[2129] [M]: 0x0000000080002C9C (0x00145413) srli x8, x8, 0x1                        spcl_Mdispatch_hndling+12
x8 <- 0x0000000000000002

clint mtime 0x0000000000000429 (mip.MTI <- 0b1, mip.STI <- 0b0)
mem[X,0x0000000080002CA0] -> 0x0CE3
mem[X,0x0000000080002CA2] -> 0xF885
[2130] [M]: 0x0000000080002CA0 (0xF8850CE3) beq x10, x8, -0x68                      spcl_Mdispatch_hndling+16

mem[X,0x0000000080002C38] -> 0x3303
mem[X,0x0000000080002C3A] -> 0x2601
[2131] [M]: 0x0000000080002C38 (0x26013303) ld x6, 0x260(x2)                        resto_Mrtn+0
mem[R,0x0000000080005260] -> 0xFFFFFFFF7FFFE96C
x6 <- 0xFFFFFFFF7FFFE96C

clint mtime 0x000000000000042A (mip.MTI <- 0b1, mip.STI <- 0b0)
mem[X,0x0000000080002C3C] -> 0x3383
mem[X,0x0000000080002C3E] -> 0x2681
[2132] [M]: 0x0000000080002C3C (0x26813383) ld x7, 0x268(x2)                        resto_Mrtn+4
mem[R,0x0000000080005268] -> 0x0000000080005000
x7 <- 0x0000000080005000

mem[X,0x0000000080002C40] -> 0x3403
mem[X,0x0000000080002C42] -> 0x2701
[2133] [M]: 0x0000000080002C40 (0x27013403) ld x8, 0x270(x2)                        resto_Mrtn+8
mem[R,0x0000000080005270] -> 0x0000000000007F76
x8 <- 0x0000000000007F76

clint mtime 0x000000000000042B (mip.MTI <- 0b1, mip.STI <- 0b0)
mem[X,0x0000000080002C44] -> 0x3483
mem[X,0x0000000080002C46] -> 0x2781
[2134] [M]: 0x0000000080002C44 (0x27813483) ld x9, 0x278(x2)                        resto_Mrtn+12
mem[R,0x0000000080005278] -> 0x00000300000000DC
x9 <- 0x00000300000000DC

mem[X,0x0000000080002C48] -> 0x3503
mem[X,0x0000000080002C4A] -> 0x2801
[2135] [M]: 0x0000000080002C48 (0x28013503) ld x10, 0x280(x2)                       resto_Mrtn+16
mem[R,0x0000000080005280] -> 0x00000000000000DF
x10 <- 0x00000000000000DF

clint mtime 0x000000000000042C (mip.MTI <- 0b1, mip.STI <- 0b0)
mem[X,0x0000000080002C4C] -> 0x3583
mem[X,0x0000000080002C4E] -> 0x2881
[2136] [M]: 0x0000000080002C4C (0x28813583) ld x11, 0x288(x2)                       resto_Mrtn+20
mem[R,0x0000000080005288] -> 0x00000000000000DF
x11 <- 0x00000000000000DF

mem[X,0x0000000080002C50] -> 0x3103
mem[X,0x0000000080002C52] -> 0x2901
[2137] [M]: 0x0000000080002C50 (0x29013103) ld x2, 0x290(x2)                        resto_Mrtn+24
mem[R,0x0000000080005290] -> 0x0000000000000000
x2 <- 0x0000000000000000

clint mtime 0x000000000000042D (mip.MTI <- 0b1, mip.STI <- 0b0)
mem[X,0x0000000080002C54] -> 0x0073
mem[X,0x0000000080002C56] -> 0x3020
[2138] [M]: 0x0000000080002C54 (0x30200073) mret                                    resto_Mrtn+28
CSR mstatus (0x300) <- 0x0000000A00000080
ret-ing from M to U

PTW: Start, vpn=0x30080001, access_type=X, privilege=Umem[R,0x0000000080009030] -> 0x00000000000000DB
PTW: Step, level=3, pte=0xDB, pte_addr=0x80009030
PTW: Success, final_ppn=0x80001, level=3mem[X,0x0000000080001780] -> 0x07B7
PTW: Start, vpn=0x30080001, access_type=X, privilege=Umem[R,0x0000000080009030] -> 0x00000000000000DB
PTW: Step, level=3, pte=0xDB, pte_addr=0x80009030
PTW: Success, final_ppn=0x80001, level=3mem[X,0x0000000080001782] -> 0x0000
[2139] [U]: 0x0000030080001780 (0x000007B7) lui x15, 0x0                            va_rvtest_code_begin+3044
x15 <- 0x0000000000000000

clint mtime 0x000000000000042E (mip.MTI <- 0b1, mip.STI <- 0b0)
PTW: Start, vpn=0x30080001, access_type=X, privilege=Umem[R,0x0000000080009030] -> 0x00000000000000DB
PTW: Step, level=3, pte=0xDB, pte_addr=0x80009030
PTW: Success, final_ppn=0x80001, level=3mem[X,0x0000000080001784] -> 0x8793
PTW: Start, vpn=0x30080001, access_type=X, privilege=Umem[R,0x0000000080009030] -> 0x00000000000000DB
PTW: Step, level=3, pte=0xDB, pte_addr=0x80009030
PTW: Success, final_ppn=0x80001, level=3mem[X,0x0000000080001786] -> 0x2807
[2140] [U]: 0x0000030080001784 (0x28078793) addi x15, x15, 0x280                    va_rvtest_code_begin+3048
x15 <- 0x0000000000000280

PTW: Start, vpn=0x30080001, access_type=X, privilege=Umem[R,0x0000000080009030] -> 0x00000000000000DB
PTW: Step, level=3, pte=0xDB, pte_addr=0x80009030
PTW: Success, final_ppn=0x80001, level=3mem[X,0x0000000080001788] -> 0x9793
PTW: Start, vpn=0x30080001, access_type=X, privilege=Umem[R,0x0000000080009030] -> 0x00000000000000DB
PTW: Step, level=3, pte=0xDB, pte_addr=0x80009030
PTW: Success, final_ppn=0x80001, level=3mem[X,0x000000008000178A] -> 0x00B7
[2141] [U]: 0x0000030080001788 (0x00B79793) slli x15, x15, 0xb                      va_rvtest_code_begin+3052
x15 <- 0x0000000000140000

clint mtime 0x000000000000042F (mip.MTI <- 0b1, mip.STI <- 0b0)
PTW: Start, vpn=0x30080001, access_type=X, privilege=Umem[R,0x0000000080009030] -> 0x00000000000000DB
PTW: Step, level=3, pte=0xDB, pte_addr=0x80009030
PTW: Success, final_ppn=0x80001, level=3mem[X,0x000000008000178C] -> 0x8793
PTW: Start, vpn=0x30080001, access_type=X, privilege=Umem[R,0x0000000080009030] -> 0x00000000000000DB
PTW: Step, level=3, pte=0xDB, pte_addr=0x80009030
PTW: Success, final_ppn=0x80001, level=3mem[X,0x000000008000178E] -> 0x4007
[2142] [U]: 0x000003008000178C (0x40078793) addi x15, x15, 0x400                    va_rvtest_code_begin+3056
x15 <- 0x0000000000140400

PTW: Start, vpn=0x30080001, access_type=X, privilege=Umem[R,0x0000000080009030] -> 0x00000000000000DB
PTW: Step, level=3, pte=0xDB, pte_addr=0x80009030
PTW: Success, final_ppn=0x80001, level=3mem[X,0x0000000080001790] -> 0x9793
PTW: Start, vpn=0x30080001, access_type=X, privilege=Umem[R,0x0000000080009030] -> 0x00000000000000DB
PTW: Step, level=3, pte=0xDB, pte_addr=0x80009030
PTW: Success, final_ppn=0x80001, level=3mem[X,0x0000000080001792] -> 0x00B7
[2143] [U]: 0x0000030080001790 (0x00B79793) slli x15, x15, 0xb                      va_rvtest_code_begin+3060
x15 <- 0x00000000A0200000

clint mtime 0x0000000000000430 (mip.MTI <- 0b1, mip.STI <- 0b0)
PTW: Start, vpn=0x30080001, access_type=X, privilege=Umem[R,0x0000000080009030] -> 0x00000000000000DB
PTW: Step, level=3, pte=0xDB, pte_addr=0x80009030
PTW: Success, final_ppn=0x80001, level=3mem[X,0x0000000080001794] -> 0x8793
PTW: Start, vpn=0x30080001, access_type=X, privilege=Umem[R,0x0000000080009030] -> 0x00000000000000DB
PTW: Step, level=3, pte=0xDB, pte_addr=0x80009030
PTW: Success, final_ppn=0x80001, level=3mem[X,0x0000000080001796] -> 0x0017
[2144] [U]: 0x0000030080001794 (0x00178793) addi x15, x15, 0x1                      va_rvtest_code_begin+3064
x15 <- 0x00000000A0200001

PTW: Start, vpn=0x30080001, access_type=X, privilege=Umem[R,0x0000000080009030] -> 0x00000000000000DB
PTW: Step, level=3, pte=0xDB, pte_addr=0x80009030
PTW: Success, final_ppn=0x80001, level=3mem[X,0x0000000080001798] -> 0x9793
PTW: Start, vpn=0x30080001, access_type=X, privilege=Umem[R,0x0000000080009030] -> 0x00000000000000DB
PTW: Step, level=3, pte=0xDB, pte_addr=0x80009030
PTW: Success, final_ppn=0x80001, level=3mem[X,0x000000008000179A] -> 0x00A7
[2145] [U]: 0x0000030080001798 (0x00A79793) slli x15, x15, 0xa                      va_rvtest_code_begin+3068
x15 <- 0x0000028080000400

clint mtime 0x0000000000000431 (mip.MTI <- 0b1, mip.STI <- 0b0)
PTW: Start, vpn=0x30080001, access_type=X, privilege=Umem[R,0x0000000080009030] -> 0x00000000000000DB
PTW: Step, level=3, pte=0xDB, pte_addr=0x80009030
PTW: Success, final_ppn=0x80001, level=3mem[X,0x000000008000179C] -> 0x0613
PTW: Start, vpn=0x30080001, access_type=X, privilege=Umem[R,0x0000000080009030] -> 0x00000000000000DB
PTW: Step, level=3, pte=0xDB, pte_addr=0x80009030
PTW: Success, final_ppn=0x80001, level=3mem[X,0x000000008000179E] -> 0x0106
[2146] [U]: 0x000003008000179C (0x01060613) addi x12, x12, 0x10                     va_rvtest_code_begin+3072
x12 <- 0x0000000000000050

PTW: Start, vpn=0x30080001, access_type=X, privilege=Umem[R,0x0000000080009030] -> 0x00000000000000DB
PTW: Step, level=3, pte=0xDB, pte_addr=0x80009030
PTW: Success, final_ppn=0x80001, level=3mem[X,0x00000000800017A0] -> 0xAA23
PTW: Start, vpn=0x30080001, access_type=X, privilege=Umem[R,0x0000000080009030] -> 0x00000000000000DB
PTW: Step, level=3, pte=0xDB, pte_addr=0x80009030
PTW: Success, final_ppn=0x80001, level=3mem[X,0x00000000800017A2] -> 0x00C7
[2147] [U]: 0x00000300800017A0 (0x00C7AA23) sw x12, 0x14(x15)                       va_rvtest_code_begin+3076
PTW: Start, vpn=0x28080000, access_type=W, privilege=Umem[R,0x0000000080009028] -> 0x00000000000000DF
PTW: Step, level=3, pte=0xDF, pte_addr=0x80009028
PTW: Success, final_ppn=0x80000, level=3mem[W,0x0000000080000414] <- 0x00000050

clint mtime 0x0000000000000432 (mip.MTI <- 0b1, mip.STI <- 0b0)
PTW: Start, vpn=0x30080001, access_type=X, privilege=Umem[R,0x0000000080009030] -> 0x00000000000000DB
PTW: Step, level=3, pte=0xDB, pte_addr=0x80009030
PTW: Success, final_ppn=0x80001, level=3mem[X,0x00000000800017A4] -> 0x0013
PTW: Start, vpn=0x30080001, access_type=X, privilege=Umem[R,0x0000000080009030] -> 0x00000000000000DB
PTW: Step, level=3, pte=0xDB, pte_addr=0x80009030
PTW: Success, final_ppn=0x80001, level=3mem[X,0x00000000800017A6] -> 0x0000
[2148] [U]: 0x00000300800017A4 (0x00000013) addi x0, x0, 0x0                        va_rvtest_code_begin+3080

PTW: Start, vpn=0x30080001, access_type=X, privilege=Umem[R,0x0000000080009030] -> 0x00000000000000DB
PTW: Step, level=3, pte=0xDB, pte_addr=0x80009030
PTW: Success, final_ppn=0x80001, level=3mem[X,0x00000000800017A8] -> 0xA703
PTW: Start, vpn=0x30080001, access_type=X, privilege=Umem[R,0x0000000080009030] -> 0x00000000000000DB
PTW: Step, level=3, pte=0xDB, pte_addr=0x80009030
PTW: Success, final_ppn=0x80001, level=3mem[X,0x00000000800017AA] -> 0x0147
[2149] [U]: 0x00000300800017A8 (0x0147A703) lw x14, 0x14(x15)                       va_rvtest_code_begin+3084
PTW: Start, vpn=0x28080000, access_type=R, privilege=Umem[R,0x0000000080009028] -> 0x00000000000000DF
PTW: Step, level=3, pte=0xDF, pte_addr=0x80009028
PTW: Success, final_ppn=0x80000, level=3mem[R,0x0000000080000414] -> 0x00000050
x14 <- 0x0000000000000050

clint mtime 0x0000000000000433 (mip.MTI <- 0b1, mip.STI <- 0b0)
PTW: Start, vpn=0x30080001, access_type=X, privilege=Umem[R,0x0000000080009030] -> 0x00000000000000DB
PTW: Step, level=3, pte=0xDB, pte_addr=0x80009030
PTW: Success, final_ppn=0x80001, level=3mem[X,0x00000000800017AC] -> 0x0013
PTW: Start, vpn=0x30080001, access_type=X, privilege=Umem[R,0x0000000080009030] -> 0x00000000000000DB
PTW: Step, level=3, pte=0xDB, pte_addr=0x80009030
PTW: Success, final_ppn=0x80001, level=3mem[X,0x00000000800017AE] -> 0x0000
[2150] [U]: 0x00000300800017AC (0x00000013) addi x0, x0, 0x0                        va_rvtest_code_begin+3088

PTW: Start, vpn=0x30080001, access_type=X, privilege=Umem[R,0x0000000080009030] -> 0x00000000000000DB
PTW: Step, level=3, pte=0xDB, pte_addr=0x80009030
PTW: Success, final_ppn=0x80001, level=3mem[X,0x00000000800017B0] -> 0x51B7
PTW: Start, vpn=0x30080001, access_type=X, privilege=Umem[R,0x0000000080009030] -> 0x00000000000000DB
PTW: Step, level=3, pte=0xDB, pte_addr=0x80009030
PTW: Success, final_ppn=0x80001, level=3mem[X,0x00000000800017B2] -> 0x0000
[2151] [U]: 0x00000300800017B0 (0x000051B7) lui x3, 0x5                             va_rvtest_code_begin+3092
x3 <- 0x0000000000005000

clint mtime 0x0000000000000434 (mip.MTI <- 0b1, mip.STI <- 0b0)
PTW: Start, vpn=0x30080001, access_type=X, privilege=Umem[R,0x0000000080009030] -> 0x00000000000000DB
PTW: Step, level=3, pte=0xDB, pte_addr=0x80009030
PTW: Success, final_ppn=0x80001, level=3mem[X,0x00000000800017B4] -> 0x8193
PTW: Start, vpn=0x30080001, access_type=X, privilege=Umem[R,0x0000000080009030] -> 0x00000000000000DB
PTW: Step, level=3, pte=0xDB, pte_addr=0x80009030
PTW: Success, final_ppn=0x80001, level=3mem[X,0x00000000800017B6] -> 0x6671
[2152] [U]: 0x00000300800017B4 (0x66718193) addi x3, x3, 0x667                      va_rvtest_code_begin+3096
x3 <- 0x0000000000005667

PTW: Start, vpn=0x30080001, access_type=X, privilege=Umem[R,0x0000000080009030] -> 0x00000000000000DB
PTW: Step, level=3, pte=0xDB, pte_addr=0x80009030
PTW: Success, final_ppn=0x80001, level=3mem[X,0x00000000800017B8] -> 0x9193
PTW: Start, vpn=0x30080001, access_type=X, privilege=Umem[R,0x0000000080009030] -> 0x00000000000000DB
PTW: Step, level=3, pte=0xDB, pte_addr=0x80009030
PTW: Success, final_ppn=0x80001, level=3mem[X,0x00000000800017BA] -> 0x0011
[2153] [U]: 0x00000300800017B8 (0x00119193) slli x3, x3, 0x1                        va_rvtest_code_begin+3100
x3 <- 0x000000000000ACCE

clint mtime 0x0000000000000435 (mip.MTI <- 0b1, mip.STI <- 0b0)
PTW: Start, vpn=0x30080001, access_type=X, privilege=Umem[R,0x0000000080009030] -> 0x00000000000000DB
PTW: Step, level=3, pte=0xDB, pte_addr=0x80009030
PTW: Success, final_ppn=0x80001, level=3mem[X,0x00000000800017BC] -> 0x0013
PTW: Start, vpn=0x30080001, access_type=X, privilege=Umem[R,0x0000000080009030] -> 0x00000000000000DB
PTW: Step, level=3, pte=0xDB, pte_addr=0x80009030
PTW: Success, final_ppn=0x80001, level=3mem[X,0x00000000800017BE] -> 0x0000
[2154] [U]: 0x00000300800017BC (0x00000013) addi x0, x0, 0x0                        va_rvtest_code_begin+3104

PTW: Start, vpn=0x30080001, access_type=X, privilege=Umem[R,0x0000000080009030] -> 0x00000000000000DB
PTW: Step, level=3, pte=0xDB, pte_addr=0x80009030
PTW: Success, final_ppn=0x80001, level=3mem[X,0x00000000800017C0] -> 0x0217
PTW: Start, vpn=0x30080001, access_type=X, privilege=Umem[R,0x0000000080009030] -> 0x00000000000000DB
PTW: Step, level=3, pte=0xDB, pte_addr=0x80009030
PTW: Success, final_ppn=0x80001, level=3mem[X,0x00000000800017C2] -> 0x0000
[2155] [U]: 0x00000300800017C0 (0x00000217) auipc x4, 0x0                           va_rvtest_code_begin+3108
x4 <- 0x00000300800017C0

clint mtime 0x0000000000000436 (mip.MTI <- 0b1, mip.STI <- 0b0)
PTW: Start, vpn=0x30080001, access_type=X, privilege=Umem[R,0x0000000080009030] -> 0x00000000000000DB
PTW: Step, level=3, pte=0xDB, pte_addr=0x80009030
PTW: Success, final_ppn=0x80001, level=3mem[X,0x00000000800017C4] -> 0x0213
PTW: Start, vpn=0x30080001, access_type=X, privilege=Umem[R,0x0000000080009030] -> 0x00000000000000DB
PTW: Step, level=3, pte=0xDB, pte_addr=0x80009030
PTW: Success, final_ppn=0x80001, level=3mem[X,0x00000000800017C6] -> 0x02C2
[2156] [U]: 0x00000300800017C4 (0x02C20213) addi x4, x4, 0x2c                       va_rvtest_code_begin+3112
x4 <- 0x00000300800017EC

PTW: Start, vpn=0x30080001, access_type=X, privilege=Umem[R,0x0000000080009030] -> 0x00000000000000DB
PTW: Step, level=3, pte=0xDB, pte_addr=0x80009030
PTW: Success, final_ppn=0x80001, level=3mem[X,0x00000000800017C8] -> 0x0001
[2157] [U]: 0x00000300800017C8 (0x0001) c.nop                                       va_rvtest_code_begin+3116

clint mtime 0x0000000000000437 (mip.MTI <- 0b1, mip.STI <- 0b0)
PTW: Start, vpn=0x30080001, access_type=X, privilege=Umem[R,0x0000000080009030] -> 0x00000000000000DB
PTW: Step, level=3, pte=0xDB, pte_addr=0x80009030
PTW: Success, final_ppn=0x80001, level=3mem[X,0x00000000800017CA] -> 0x0013
PTW: Start, vpn=0x30080001, access_type=X, privilege=Umem[R,0x0000000080009030] -> 0x00000000000000DB
PTW: Step, level=3, pte=0xDB, pte_addr=0x80009030
PTW: Success, final_ppn=0x80001, level=3mem[X,0x00000000800017CC] -> 0x0000
[2158] [U]: 0x00000300800017CA (0x00000013) addi x0, x0, 0x0                        va_rvtest_code_begin+3118

PTW: Start, vpn=0x30080001, access_type=X, privilege=Umem[R,0x0000000080009030] -> 0x00000000000000DB
PTW: Step, level=3, pte=0xDB, pte_addr=0x80009030
PTW: Success, final_ppn=0x80001, level=3mem[X,0x00000000800017CE] -> 0x0013
PTW: Start, vpn=0x30080001, access_type=X, privilege=Umem[R,0x0000000080009030] -> 0x00000000000000DB
PTW: Step, level=3, pte=0xDB, pte_addr=0x80009030
PTW: Success, final_ppn=0x80001, level=3mem[X,0x00000000800017D0] -> 0x0000
[2159] [U]: 0x00000300800017CE (0x00000013) addi x0, x0, 0x0                        va_rvtest_code_begin+3122

clint mtime 0x0000000000000438 (mip.MTI <- 0b1, mip.STI <- 0b0)
PTW: Start, vpn=0x30080001, access_type=X, privilege=Umem[R,0x0000000080009030] -> 0x00000000000000DB
PTW: Step, level=3, pte=0xDB, pte_addr=0x80009030
PTW: Success, final_ppn=0x80001, level=3mem[X,0x00000000800017D2] -> 0x0013
PTW: Start, vpn=0x30080001, access_type=X, privilege=Umem[R,0x0000000080009030] -> 0x00000000000000DB
PTW: Step, level=3, pte=0xDB, pte_addr=0x80009030
PTW: Success, final_ppn=0x80001, level=3mem[X,0x00000000800017D4] -> 0x0000
[2160] [U]: 0x00000300800017D2 (0x00000013) addi x0, x0, 0x0                        va_rvtest_code_begin+3126

PTW: Start, vpn=0x30080001, access_type=X, privilege=Umem[R,0x0000000080009030] -> 0x00000000000000DB
PTW: Step, level=3, pte=0xDB, pte_addr=0x80009030
PTW: Success, final_ppn=0x80001, level=3mem[X,0x00000000800017D6] -> 0x0013
PTW: Start, vpn=0x30080001, access_type=X, privilege=Umem[R,0x0000000080009030] -> 0x00000000000000DB
PTW: Step, level=3, pte=0xDB, pte_addr=0x80009030
PTW: Success, final_ppn=0x80001, level=3mem[X,0x00000000800017D8] -> 0x0000
[2161] [U]: 0x00000300800017D6 (0x00000013) addi x0, x0, 0x0                        va_rvtest_code_begin+3130

clint mtime 0x0000000000000439 (mip.MTI <- 0b1, mip.STI <- 0b0)
PTW: Start, vpn=0x30080001, access_type=X, privilege=Umem[R,0x0000000080009030] -> 0x00000000000000DB
PTW: Step, level=3, pte=0xDB, pte_addr=0x80009030
PTW: Success, final_ppn=0x80001, level=3mem[X,0x00000000800017DA] -> 0x0013
PTW: Start, vpn=0x30080001, access_type=X, privilege=Umem[R,0x0000000080009030] -> 0x00000000000000DB
PTW: Step, level=3, pte=0xDB, pte_addr=0x80009030
PTW: Success, final_ppn=0x80001, level=3mem[X,0x00000000800017DC] -> 0x0000
[2162] [U]: 0x00000300800017DA (0x00000013) addi x0, x0, 0x0                        va_rvtest_code_begin+3134

PTW: Start, vpn=0x30080001, access_type=X, privilege=Umem[R,0x0000000080009030] -> 0x00000000000000DB
PTW: Step, level=3, pte=0xDB, pte_addr=0x80009030
PTW: Success, final_ppn=0x80001, level=3mem[X,0x00000000800017DE] -> 0x0001
[2163] [U]: 0x00000300800017DE (0x0001) c.nop                                       va_rvtest_code_begin+3138

clint mtime 0x000000000000043A (mip.MTI <- 0b1, mip.STI <- 0b0)
PTW: Start, vpn=0x30080001, access_type=X, privilege=Umem[R,0x0000000080009030] -> 0x00000000000000DB
PTW: Step, level=3, pte=0xDB, pte_addr=0x80009030
PTW: Success, final_ppn=0x80001, level=3mem[X,0x00000000800017E0] -> 0x80E7
PTW: Start, vpn=0x30080001, access_type=X, privilege=Umem[R,0x0000000080009030] -> 0x00000000000000DB
PTW: Step, level=3, pte=0xDB, pte_addr=0x80009030
PTW: Success, final_ppn=0x80001, level=3mem[X,0x00000000800017E2] -> 0x0007
[2164] [U]: 0x00000300800017E0 (0x000780E7) jalr x1, 0x0(x15)                       va_rvtest_code_begin+3140
x1 <- 0x00000300800017E4

PTW: Start, vpn=0x28080000, access_type=X, privilege=Umem[R,0x0000000080009028] -> 0x00000000000000DF
PTW: Step, level=3, pte=0xDF, pte_addr=0x80009028
PTW: Success, final_ppn=0x80000, level=3trapping from U to M to handle fetch-access-fault
handling exc#fetch-access-fault at priv M with tval 0x0000028080000400
CSR mstatus (0x300) <- 0x0000000A00000000
CSR mcause (0x342) <- 0x0000000000000001
CSR mtval (0x343) <- 0x0000028080000400
CSR mepc (0x341) <- 0x0000028080000400

clint mtime 0x000000000000043B (mip.MTI <- 0b1, mip.STI <- 0b0)
mem[X,0x0000000080002800] -> 0x006F
mem[X,0x0000000080002802] -> 0x1000
[2166] [M]: 0x0000000080002800 (0x1000006F) jal x0, 0x100                           Mtrampoline+0

mem[X,0x0000000080002900] -> 0x1173
mem[X,0x0000000080002902] -> 0x3401
[2167] [M]: 0x0000000080002900 (0x34011173) csrrw x2, mscratch, x2                  trap_Mhandler+0
CSR mscratch (0x340) <- 0x0000000000000000
x2 <- 0x0000000080005000

clint mtime 0x000000000000043C (mip.MTI <- 0b1, mip.STI <- 0b0)
mem[X,0x0000000080002904] -> 0x3423
mem[X,0x0000000080002906] -> 0x28B1
[2168] [M]: 0x0000000080002904 (0x28B13423) sd x11, 0x288(x2)                       trap_Mhandler+4
mem[W,0x0000000080005288] <- 0x00000000000000DF

mem[X,0x0000000080002908] -> 0x05EF
mem[X,0x000000008000290A] -> 0x0B80
[2169] [M]: 0x0000000080002908 (0x0B8005EF) jal x11, 0xb8                           trap_Mhandler+8
x11 <- 0x000000008000290C

clint mtime 0x000000000000043D (mip.MTI <- 0b1, mip.STI <- 0b0)
mem[X,0x00000000800029C0] -> 0x3023
mem[X,0x00000000800029C2] -> 0x28A1
[2170] [M]: 0x00000000800029C0 (0x28A13023) sd x10, 0x280(x2)                       common_Mhandler+0
mem[W,0x0000000080005280] <- 0x00000000000000DF

mem[X,0x00000000800029C4] -> 0x1573
mem[X,0x00000000800029C6] -> 0x3401
[2171] [M]: 0x00000000800029C4 (0x34011573) csrrw x10, mscratch, x2                 common_Mhandler+4
CSR mscratch (0x340) <- 0x0000000080005000
x10 <- 0x0000000000000000

clint mtime 0x000000000000043E (mip.MTI <- 0b1, mip.STI <- 0b0)
mem[X,0x00000000800029C8] -> 0x3823
mem[X,0x00000000800029CA] -> 0x28A1
[2172] [M]: 0x00000000800029C8 (0x28A13823) sd x10, 0x290(x2)                       common_Mhandler+8
mem[W,0x0000000080005290] <- 0x0000000000000000

mem[X,0x00000000800029CC] -> 0x3503
mem[X,0x00000000800029CE] -> 0x2301
[2173] [M]: 0x00000000800029CC (0x23013503) ld x10, 0x230(x2)                       common_Mhandler+12
mem[R,0x0000000080005230] -> 0x00000000800029D4
x10 <- 0x00000000800029D4

clint mtime 0x000000000000043F (mip.MTI <- 0b1, mip.STI <- 0b0)
mem[X,0x00000000800029D0] -> 0x0067
mem[X,0x00000000800029D2] -> 0x0005
[2174] [M]: 0x00000000800029D0 (0x00050067) jalr x0, 0x0(x10)                       common_Mhandler+16

mem[X,0x00000000800029D4] -> 0x3C23
mem[X,0x00000000800029D6] -> 0x2691
[2175] [M]: 0x00000000800029D4 (0x26913C23) sd x9, 0x278(x2)                        common_Mentry+0
mem[W,0x0000000080005278] <- 0x00000300000000DC

clint mtime 0x0000000000000440 (mip.MTI <- 0b1, mip.STI <- 0b0)
mem[X,0x00000000800029D8] -> 0x3823
mem[X,0x00000000800029DA] -> 0x2681
[2176] [M]: 0x00000000800029D8 (0x26813823) sd x8, 0x270(x2)                        common_Mentry+4
mem[W,0x0000000080005270] <- 0x0000000000007F76

mem[X,0x00000000800029DC] -> 0x3423
mem[X,0x00000000800029DE] -> 0x2671
[2177] [M]: 0x00000000800029DC (0x26713423) sd x7, 0x268(x2)                        common_Mentry+8
mem[W,0x0000000080005268] <- 0x0000000080005000

clint mtime 0x0000000000000441 (mip.MTI <- 0b1, mip.STI <- 0b0)
mem[X,0x00000000800029E0] -> 0x3023
mem[X,0x00000000800029E2] -> 0x2661
[2178] [M]: 0x00000000800029E0 (0x26613023) sd x6, 0x260(x2)                        common_Mentry+12
mem[W,0x0000000080005260] <- 0xFFFFFFFF7FFFE96C

mem[X,0x00000000800029E4] -> 0x2573
mem[X,0x00000000800029E6] -> 0x3420
[2179] [M]: 0x00000000800029E4 (0x34202573) csrrs x10, mcause, x0                   spcl_M2mmode_test+0
CSR mcause (0x342) -> 0x0000000000000001
x10 <- 0x0000000000000001

clint mtime 0x0000000000000442 (mip.MTI <- 0b1, mip.STI <- 0b0)
mem[X,0x00000000800029E8] -> 0x04B7
mem[X,0x00000000800029EA] -> 0x8000
[2180] [M]: 0x00000000800029E8 (0x800004B7) lui x9, -0x80000                        spcl_M2mmode_test+4
x9 <- 0xFFFFFFFF80000000

mem[X,0x00000000800029EC] -> 0x8493
mem[X,0x00000000800029EE] -> 0x0004
[2181] [M]: 0x00000000800029EC (0x00048493) addi x9, x9, 0x0                        spcl_M2mmode_test+8
x9 <- 0xFFFFFFFF80000000

clint mtime 0x0000000000000443 (mip.MTI <- 0b1, mip.STI <- 0b0)
mem[X,0x00000000800029F0] -> 0x9493
mem[X,0x00000000800029F2] -> 0x00B4
[2182] [M]: 0x00000000800029F0 (0x00B49493) slli x9, x9, 0xb                        spcl_M2mmode_test+12
x9 <- 0xFFFFFC0000000000

mem[X,0x00000000800029F4] -> 0x8493
mem[X,0x00000000800029F6] -> 0x0004
[2183] [M]: 0x00000000800029F4 (0x00048493) addi x9, x9, 0x0                        spcl_M2mmode_test+16
x9 <- 0xFFFFFC0000000000

clint mtime 0x0000000000000444 (mip.MTI <- 0b1, mip.STI <- 0b0)
mem[X,0x00000000800029F8] -> 0x9493
mem[X,0x00000000800029FA] -> 0x00B4
[2184] [M]: 0x00000000800029F8 (0x00B49493) slli x9, x9, 0xb                        spcl_M2mmode_test+20
x9 <- 0xFFE0000000000000

mem[X,0x00000000800029FC] -> 0x8493
mem[X,0x00000000800029FE] -> 0x0034
[2185] [M]: 0x00000000800029FC (0x00348493) addi x9, x9, 0x3                        spcl_M2mmode_test+24
x9 <- 0xFFE0000000000003

clint mtime 0x0000000000000445 (mip.MTI <- 0b1, mip.STI <- 0b0)
mem[X,0x0000000080002A00] -> 0x9493
mem[X,0x0000000080002A02] -> 0x00A4
[2186] [M]: 0x0000000080002A00 (0x00A49493) slli x9, x9, 0xa                        spcl_M2mmode_test+28
x9 <- 0x8000000000000C00

mem[X,0x0000000080002A04] -> 0x8493
mem[X,0x0000000080002A06] -> 0x3FC4
[2187] [M]: 0x0000000080002A04 (0x3FC48493) addi x9, x9, 0x3fc                      spcl_M2mmode_test+32
x9 <- 0x8000000000000FFC

clint mtime 0x0000000000000446 (mip.MTI <- 0b1, mip.STI <- 0b0)
mem[X,0x0000000080002A08] -> 0xF4B3
mem[X,0x0000000080002A0A] -> 0x00A4
[2188] [M]: 0x0000000080002A08 (0x00A4F4B3) and x9, x9, x10                         spcl_M2mmode_test+36
x9 <- 0x0000000000000000

mem[X,0x0000000080002A0C] -> 0x8493
mem[X,0x0000000080002A0E] -> 0xFF84
[2189] [M]: 0x0000000080002A0C (0xFF848493) addi x9, x9, -0x8                       spcl_M2mmode_test+40
x9 <- 0xFFFFFFFFFFFFFFF8

clint mtime 0x0000000000000447 (mip.MTI <- 0b1, mip.STI <- 0b0)
mem[X,0x0000000080002A10] -> 0x9663
mem[X,0x0000000080002A12] -> 0x0004
[2190] [M]: 0x0000000080002A10 (0x00049663) bne x9, x0, 0xc                         spcl_M2mmode_test+44

mem[X,0x0000000080002A1C] -> 0x0393
mem[X,0x0000000080002A1E] -> 0x0200
[2191] [M]: 0x0000000080002A1C (0x02000393) addi x7, x0, 0x20                       Mtrapsig_ptr_upd+0
x7 <- 0x0000000000000020

clint mtime 0x0000000000000448 (mip.MTI <- 0b1, mip.STI <- 0b0)
mem[X,0x0000000080002A20] -> 0x5263
mem[X,0x0000000080002A22] -> 0x0405
[2192] [M]: 0x0000000080002A20 (0x04055263) bge x10, x0, 0x44                       Mtrapsig_ptr_upd+4

mem[X,0x0000000080002A64] -> 0x2373
mem[X,0x0000000080002A66] -> 0x3010
[2193] [M]: 0x0000000080002A64 (0x30102373) csrrs x6, misa, x0                      Mxcpt_sig_sv+0
CSR misa (0x301) -> 0x800000000034112F
x6 <- 0x800000000034112F

clint mtime 0x0000000000000449 (mip.MTI <- 0b1, mip.STI <- 0b0)
mem[X,0x0000000080002A68] -> 0x1313
mem[X,0x0000000080002A6A] -> 0x0383
[2194] [M]: 0x0000000080002A68 (0x03831313) slli x6, x6, 0x38                       Mxcpt_sig_sv+4
x6 <- 0x2F00000000000000

mem[X,0x0000000080002A6C] -> 0x5463
mem[X,0x0000000080002A6E] -> 0x0003
[2195] [M]: 0x0000000080002A6C (0x00035463) bge x6, x0, 0x8                         Mxcpt_sig_sv+8

clint mtime 0x000000000000044A (mip.MTI <- 0b1, mip.STI <- 0b0)
mem[X,0x0000000080002A74] -> 0x3303
mem[X,0x0000000080002A76] -> 0x2181
[2196] [M]: 0x0000000080002A74 (0x21813303) ld x6, 0x218(x2)                        Mtrap_sig_sv+0
mem[R,0x0000000080005218] -> 0x000000008000A438
x6 <- 0x000000008000A438

mem[X,0x0000000080002A78] -> 0x04B3
mem[X,0x0000000080002A7A] -> 0x0073
[2197] [M]: 0x0000000080002A78 (0x007304B3) add x9, x6, x7                          Mtrap_sig_sv+4
x9 <- 0x000000008000A458

clint mtime 0x000000000000044B (mip.MTI <- 0b1, mip.STI <- 0b0)
mem[X,0x0000000080002A7C] -> 0x3C23
mem[X,0x0000000080002A7E] -> 0x2091
[2198] [M]: 0x0000000080002A7C (0x20913C23) sd x9, 0x218(x2)                        Mtrap_sig_sv+8
mem[W,0x0000000080005218] <- 0x000000008000A458

mem[X,0x0000000080002A80] -> 0x3403
mem[X,0x0000000080002A82] -> 0x1F81
[2199] [M]: 0x0000000080002A80 (0x1F813403) ld x8, 0x1f8(x2)                        Mtrap_sig_sv+12
mem[R,0x00000000800051F8] -> 0x000000008000A110
x8 <- 0x000000008000A110

clint mtime 0x000000000000044C (mip.MTI <- 0b1, mip.STI <- 0b0)
mem[X,0x0000000080002A84] -> 0x0333
mem[X,0x0000000080002A86] -> 0x4083
[2200] [M]: 0x0000000080002A84 (0x40830333) sub x6, x6, x8                          Mtrap_sig_sv+16
x6 <- 0x0000000000000328

mem[X,0x0000000080002A88] -> 0x3403
mem[X,0x0000000080002A8A] -> 0x1F81
[2201] [M]: 0x0000000080002A88 (0x1F813403) ld x8, 0x1f8(x2)                        Mtrap_sig_sv+20
mem[R,0x00000000800051F8] -> 0x000000008000A110
x8 <- 0x000000008000A110

clint mtime 0x000000000000044D (mip.MTI <- 0b1, mip.STI <- 0b0)
mem[X,0x0000000080002A8C] -> 0x0333
mem[X,0x0000000080002A8E] -> 0x0083
[2202] [M]: 0x0000000080002A8C (0x00830333) add x6, x6, x8                          Mtrap_sig_sv+24
x6 <- 0x000000008000A438

mem[X,0x0000000080002A90] -> 0x3403
mem[X,0x0000000080002A92] -> 0x2401
[2203] [M]: 0x0000000080002A90 (0x24013403) ld x8, 0x240(x2)                        Mtrap_sig_sv+28
mem[R,0x0000000080005240] -> 0x0000000080002800
x8 <- 0x0000000080002800

clint mtime 0x000000000000044E (mip.MTI <- 0b1, mip.STI <- 0b0)
mem[X,0x0000000080002A94] -> 0x85B3
mem[X,0x0000000080002A96] -> 0x4085
[2204] [M]: 0x0000000080002A94 (0x408585B3) sub x11, x11, x8                        sv_Mvect+0
x11 <- 0x000000000000010C

mem[X,0x0000000080002A98] -> 0x9593
mem[X,0x0000000080002A9A] -> 0x0045
[2205] [M]: 0x0000000080002A98 (0x00459593) slli x11, x11, 0x4                      sv_Mvect+4
x11 <- 0x00000000000010C0

clint mtime 0x000000000000044F (mip.MTI <- 0b1, mip.STI <- 0b0)
mem[X,0x0000000080002A9C] -> 0xE5B3
mem[X,0x0000000080002A9E] -> 0x0075
[2206] [M]: 0x0000000080002A9C (0x0075E5B3) or x11, x11, x7                         sv_Mvect+8
x11 <- 0x00000000000010E0

mem[X,0x0000000080002AA0] -> 0x8593
mem[X,0x0000000080002AA2] -> 0x0035
[2207] [M]: 0x0000000080002AA0 (0x00358593) addi x11, x11, 0x3                      sv_Mvect+12
x11 <- 0x00000000000010E3

clint mtime 0x0000000000000450 (mip.MTI <- 0b1, mip.STI <- 0b0)
mem[X,0x0000000080002AA4] -> 0x3023
mem[X,0x0000000080002AA6] -> 0x00B3
[2208] [M]: 0x0000000080002AA4 (0x00B33023) sd x11, 0x0(x6)                         sv_Mvect+16
mem[W,0x000000008000A438] <- 0x00000000000010E3

mem[X,0x0000000080002AA8] -> 0x3423
mem[X,0x0000000080002AAA] -> 0x00A3
[2209] [M]: 0x0000000080002AA8 (0x00A33423) sd x10, 0x8(x6)                         sv_Mcause+0
mem[W,0x000000008000A440] <- 0x0000000000000001

clint mtime 0x0000000000000451 (mip.MTI <- 0b1, mip.STI <- 0b0)
mem[X,0x0000000080002AAC] -> 0x4663
mem[X,0x0000000080002AAE] -> 0x1A05
[2210] [M]: 0x0000000080002AAC (0x1A054663) blt x10, x0, 0x1ac                      sv_Mcause+4

mem[X,0x0000000080002AB0] -> 0x25F3
mem[X,0x0000000080002AB2] -> 0x3000
[2211] [M]: 0x0000000080002AB0 (0x300025F3) csrrs x11, mstatus, x0                  common_Mexcpt_handler+0
CSR mstatus (0x300) -> 0x0000000A00000000
x11 <- 0x0000000A00000000

clint mtime 0x0000000000000452 (mip.MTI <- 0b1, mip.STI <- 0b0)
mem[X,0x0000000080002AB4] -> 0x9413
mem[X,0x0000000080002AB6] -> 0x02E5
[2212] [M]: 0x0000000080002AB4 (0x02E59413) slli x8, x11, 0x2e                      common_Mexcpt_handler+4
x8 <- 0x0000000000000000

mem[X,0x0000000080002AB8] -> 0x5463
mem[X,0x0000000080002ABA] -> 0x0004
[2213] [M]: 0x0000000080002AB8 (0x00045463) bge x8, x0, 0x8                         common_Mexcpt_handler+8

clint mtime 0x0000000000000453 (mip.MTI <- 0b1, mip.STI <- 0b0)
mem[X,0x0000000080002AC0] -> 0xD493
mem[X,0x0000000080002AC2] -> 0x00B5
[2214] [M]: 0x0000000080002AC0 (0x00B5D493) srli x9, x11, 0xb                       common_Mexcpt_handler+16
x9 <- 0x0000000001400000

mem[X,0x0000000080002AC4] -> 0xF493
mem[X,0x0000000080002AC6] -> 0x0034
[2215] [M]: 0x0000000080002AC4 (0x0034F493) andi x9, x9, 0x3                        common_Mexcpt_handler+20
x9 <- 0x0000000000000000

clint mtime 0x0000000000000454 (mip.MTI <- 0b1, mip.STI <- 0b0)
mem[X,0x0000000080002AC8] -> 0x8493
mem[X,0x0000000080002ACA] -> 0x0014
[2216] [M]: 0x0000000080002AC8 (0x00148493) addi x9, x9, 0x1                        common_Mexcpt_handler+24
x9 <- 0x0000000000000001

mem[X,0x0000000080002ACC] -> 0xF493
mem[X,0x0000000080002ACE] -> 0x0044
[2217] [M]: 0x0000000080002ACC (0x0044F493) andi x9, x9, 0x4                        common_Mexcpt_handler+28
x9 <- 0x0000000000000000

clint mtime 0x0000000000000455 (mip.MTI <- 0b1, mip.STI <- 0b0)
mem[X,0x0000000080002AD0] -> 0x0593
mem[X,0x0000000080002AD2] -> 0x05D0
[2218] [M]: 0x0000000080002AD0 (0x05D00593) addi x11, x0, 0x5d                      common_Mexcpt_handler+32
x11 <- 0x000000000000005D

mem[X,0x0000000080002AD4] -> 0xD5B3
mem[X,0x0000000080002AD6] -> 0x0095
[2219] [M]: 0x0000000080002AD4 (0x0095D5B3) srl x11, x11, x9                        common_Mexcpt_handler+36
x11 <- 0x000000000000005D

clint mtime 0x0000000000000456 (mip.MTI <- 0b1, mip.STI <- 0b0)
mem[X,0x0000000080002AD8] -> 0xF593
mem[X,0x0000000080002ADA] -> 0x0015
[2220] [M]: 0x0000000080002AD8 (0x0015F593) andi x11, x11, 0x1                      common_Mexcpt_handler+40
x11 <- 0x0000000000000001

mem[X,0x0000000080002ADC] -> 0x8EE3
mem[X,0x0000000080002ADE] -> 0xF405
[2221] [M]: 0x0000000080002ADC (0xF4058EE3) beq x11, x0, -0xa4                      common_Mexcpt_handler+44

clint mtime 0x0000000000000457 (mip.MTI <- 0b1, mip.STI <- 0b0)
mem[X,0x0000000080002AE0] -> 0x0593
mem[X,0x0000000080002AE2] -> 0x2980
[2222] [M]: 0x0000000080002AE0 (0x29800593) addi x11, x0, 0x298                     common_Mexcpt_handler+48
x11 <- 0x0000000000000298

mem[X,0x0000000080002AE4] -> 0xF413
mem[X,0x0000000080002AE6] -> 0x0014
[2223] [M]: 0x0000000080002AE4 (0x0014F413) andi x8, x9, 0x1                        common_Mexcpt_handler+52
x8 <- 0x0000000000000000

clint mtime 0x0000000000000458 (mip.MTI <- 0b1, mip.STI <- 0b0)
mem[X,0x0000000080002AE8] -> 0x95B3
mem[X,0x0000000080002AEA] -> 0x0085
[2224] [M]: 0x0000000080002AE8 (0x008595B3) sll x11, x11, x8                        common_Mexcpt_handler+56
x11 <- 0x0000000000000298

mem[X,0x0000000080002AEC] -> 0x9413
mem[X,0x0000000080002AEE] -> 0x03D4
[2225] [M]: 0x0000000080002AEC (0x03D49413) slli x8, x9, 0x3d                       common_Mexcpt_handler+60
x8 <- 0x0000000000000000

clint mtime 0x0000000000000459 (mip.MTI <- 0b1, mip.STI <- 0b0)
mem[X,0x0000000080002AF0] -> 0x5413
mem[X,0x0000000080002AF2] -> 0x43F4
[2226] [M]: 0x0000000080002AF0 (0x43F45413) srai x8, x8, 0x3f                       common_Mexcpt_handler+64
x8 <- 0x0000000000000000

mem[X,0x0000000080002AF4] -> 0x4413
mem[X,0x0000000080002AF6] -> 0xFFF4
[2227] [M]: 0x0000000080002AF4 (0xFFF44413) xori x8, x8, -0x1                       common_Mexcpt_handler+68
x8 <- 0xFFFFFFFFFFFFFFFF

clint mtime 0x000000000000045A (mip.MTI <- 0b1, mip.STI <- 0b0)
mem[X,0x0000000080002AF8] -> 0xF4B3
mem[X,0x0000000080002AFA] -> 0x0085
[2228] [M]: 0x0000000080002AF8 (0x0085F4B3) and x9, x11, x8                         common_Mexcpt_handler+72
x9 <- 0x0000000000000298

mem[X,0x0000000080002AFC] -> 0x84B3
mem[X,0x0000000080002AFE] -> 0x0024
[2229] [M]: 0x0000000080002AFC (0x002484B3) add x9, x9, x2                          vmem_adj_Mepc+0
x9 <- 0x0000000080005298

clint mtime 0x000000000000045B (mip.MTI <- 0b1, mip.STI <- 0b0)
mem[X,0x0000000080002B00] -> 0x23F3
mem[X,0x0000000080002B02] -> 0x3410
[2230] [M]: 0x0000000080002B00 (0x341023F3) csrrs x7, mepc, x0                      vmem_adj_Mepc+4
CSR mepc (0x341) -> 0x0000028080000400
x7 <- 0x0000028080000400

mem[X,0x0000000080002B04] -> 0x0413
mem[X,0x0000000080002B06] -> 0x0004
[2231] [M]: 0x0000000080002B04 (0x00040413) addi x8, x8, 0x0                        vmem_adj_Mepc+8
x8 <- 0xFFFFFFFFFFFFFFFF

clint mtime 0x000000000000045C (mip.MTI <- 0b1, mip.STI <- 0b0)
mem[X,0x0000000080002B08] -> 0x006F
mem[X,0x0000000080002B0A] -> 0x0400
[2232] [M]: 0x0000000080002B08 (0x0400006F) jal x0, 0x40                            vmem_adj_Mepc+12

mem[X,0x0000000080002B48] -> 0x8433
mem[X,0x0000000080002B4A] -> 0x4083
[2233] [M]: 0x0000000080002B48 (0x40838433) sub x8, x7, x8                          adj_Mepc+0
x8 <- 0x0000028080000401

clint mtime 0x000000000000045D (mip.MTI <- 0b1, mip.STI <- 0b0)
mem[X,0x0000000080002B4C] -> 0x3823
mem[X,0x0000000080002B4E] -> 0x0083
[2234] [M]: 0x0000000080002B4C (0x00833823) sd x8, 0x10(x6)                         sv_Mepc+0
mem[W,0x000000008000A448] <- 0x0000028080000401

mem[X,0x0000000080002B50] -> 0x55B7
mem[X,0x0000000080002B52] -> 0x0000
[2235] [M]: 0x0000000080002B50 (0x000055B7) lui x11, 0x5                            sv_Mepc+4
x11 <- 0x0000000000005000

clint mtime 0x000000000000045E (mip.MTI <- 0b1, mip.STI <- 0b0)
mem[X,0x0000000080002B54] -> 0x8593
mem[X,0x0000000080002B56] -> 0x6675
[2236] [M]: 0x0000000080002B54 (0x66758593) addi x11, x11, 0x667                    sv_Mepc+8
x11 <- 0x0000000000005667

mem[X,0x0000000080002B58] -> 0x9593
mem[X,0x0000000080002B5A] -> 0x0015
[2237] [M]: 0x0000000080002B58 (0x00159593) slli x11, x11, 0x1                      sv_Mepc+12
x11 <- 0x000000000000ACCE

clint mtime 0x000000000000045F (mip.MTI <- 0b1, mip.STI <- 0b0)
mem[X,0x0000000080002B5C] -> 0x9063
mem[X,0x0000000080002B5E] -> 0x02B1
[2238] [M]: 0x0000000080002B5C (0x02B19063) bne x3, x11, 0x20                       sv_Mepc+16

mem[X,0x0000000080002B60] -> 0x2473
mem[X,0x0000000080002B62] -> 0x3420
[2239] [M]: 0x0000000080002B60 (0x34202473) csrrs x8, mcause, x0                    sv_Mepc+20
CSR mcause (0x342) -> 0x0000000000000001
x8 <- 0x0000000000000001

clint mtime 0x0000000000000460 (mip.MTI <- 0b1, mip.STI <- 0b0)
mem[X,0x0000000080002B64] -> 0x0593
mem[X,0x0000000080002B66] -> 0x00C0
[2240] [M]: 0x0000000080002B64 (0x00C00593) addi x11, x0, 0xc                       sv_Mepc+24
x11 <- 0x000000000000000C

mem[X,0x0000000080002B68] -> 0x0663
mem[X,0x0000000080002B6A] -> 0x00B4
[2241] [M]: 0x0000000080002B68 (0x00B40663) beq x8, x11, 0xc                        sv_Mepc+28

clint mtime 0x0000000000000461 (mip.MTI <- 0b1, mip.STI <- 0b0)
mem[X,0x0000000080002B6C] -> 0x0593
mem[X,0x0000000080002B6E] -> 0x0010
[2242] [M]: 0x0000000080002B6C (0x00100593) addi x11, x0, 0x1                       sv_Mepc+32
x11 <- 0x0000000000000001

mem[X,0x0000000080002B70] -> 0x1663
mem[X,0x0000000080002B72] -> 0x00B4
[2243] [M]: 0x0000000080002B70 (0x00B41663) bne x8, x11, 0xc                        sv_Mepc+36

clint mtime 0x0000000000000462 (mip.MTI <- 0b1, mip.STI <- 0b0)
mem[X,0x0000000080002B74] -> 0x1073
mem[X,0x0000000080002B76] -> 0x3412
[2244] [M]: 0x0000000080002B74 (0x34121073) csrrw x0, mepc, x4                      sv_Mepc+40
CSR mepc (0x341) <- 0x00000300800017EC

mem[X,0x0000000080002B78] -> 0x006F
mem[X,0x0000000080002B7A] -> 0x0100
[2245] [M]: 0x0000000080002B78 (0x0100006F) jal x0, 0x10                            sv_Mepc+44

clint mtime 0x0000000000000463 (mip.MTI <- 0b1, mip.STI <- 0b0)
mem[X,0x0000000080002B88] -> 0x23F3
mem[X,0x0000000080002B8A] -> 0x3430
[2246] [M]: 0x0000000080002B88 (0x343023F3) csrrs x7, mtval, x0                     skp_adj_Mepc+0
CSR mtval (0x343) -> 0x0000028080000400
x7 <- 0x0000028080000400

mem[X,0x0000000080002B8C] -> 0x0413
mem[X,0x0000000080002B8E] -> 0x0004
[2247] [M]: 0x0000000080002B8C (0x00040413) addi x8, x8, 0x0                        skp_adj_Mepc+4
x8 <- 0x0000000000000001

clint mtime 0x0000000000000464 (mip.MTI <- 0b1, mip.STI <- 0b0)
mem[X,0x0000000080002B90] -> 0x006F
mem[X,0x0000000080002B92] -> 0x0840
[2248] [M]: 0x0000000080002B90 (0x0840006F) jal x0, 0x84                            skp_adj_Mepc+8

mem[X,0x0000000080002C14] -> 0x8433
mem[X,0x0000000080002C16] -> 0x4083
[2249] [M]: 0x0000000080002C14 (0x40838433) sub x8, x7, x8                          adj_Mtval+0
x8 <- 0x00000280800003FF

clint mtime 0x0000000000000465 (mip.MTI <- 0b1, mip.STI <- 0b0)
mem[X,0x0000000080002C18] -> 0x3C23
mem[X,0x0000000080002C1A] -> 0x0083
[2250] [M]: 0x0000000080002C18 (0x00833C23) sd x8, 0x18(x6)                         sv_Mtval+0
mem[W,0x000000008000A450] <- 0x00000280800003FF

mem[X,0x0000000080002C1C] -> 0x3483
mem[X,0x0000000080002C1E] -> 0x2181
[2251] [M]: 0x0000000080002C1C (0x21813483) ld x9, 0x218(x2)                        skp_Mtval+0
mem[R,0x0000000080005218] -> 0x000000008000A458
x9 <- 0x000000008000A458

clint mtime 0x0000000000000466 (mip.MTI <- 0b1, mip.STI <- 0b0)
mem[X,0x0000000080002C20] -> 0x3383
mem[X,0x0000000080002C22] -> 0x1F81
[2252] [M]: 0x0000000080002C20 (0x1F813383) ld x7, 0x1f8(x2)                        skp_Mtval+4
mem[R,0x00000000800051F8] -> 0x000000008000A110
x7 <- 0x000000008000A110

mem[X,0x0000000080002C24] -> 0x3303
mem[X,0x0000000080002C26] -> 0x2001
[2253] [M]: 0x0000000080002C24 (0x20013303) ld x6, 0x200(x2)                        skp_Mtval+8
mem[R,0x0000000080005200] -> 0x0000000000000410
x6 <- 0x0000000000000410

clint mtime 0x0000000000000467 (mip.MTI <- 0b1, mip.STI <- 0b0)
mem[X,0x0000000080002C28] -> 0x0333
mem[X,0x0000000080002C2A] -> 0x0073
[2254] [M]: 0x0000000080002C28 (0x00730333) add x6, x6, x7                          skp_Mtval+12
x6 <- 0x000000008000A520

mem[X,0x0000000080002C2C] -> 0x6AE3
mem[X,0x0000000080002C2E] -> 0xAC93
[2255] [M]: 0x0000000080002C2C (0xAC936AE3) bltu x6, x9, -0x52c                     skp_Mtval+16

clint mtime 0x0000000000000468 (mip.MTI <- 0b1, mip.STI <- 0b0)
mem[X,0x0000000080002C30] -> 0x0393
mem[X,0x0000000080002C32] -> 0x2000
[2256] [M]: 0x0000000080002C30 (0x20000393) addi x7, x0, 0x200                      skp_Mtval+20
x7 <- 0x0000000000000200

mem[X,0x0000000080002C34] -> 0x006F
mem[X,0x0000000080002C36] -> 0x0400
[2257] [M]: 0x0000000080002C34 (0x0400006F) jal x0, 0x40                            skp_Mtval+24

clint mtime 0x0000000000000469 (mip.MTI <- 0b1, mip.STI <- 0b0)
mem[X,0x0000000080002C74] -> 0x0417
mem[X,0x0000000080002C76] -> 0x0000
[2258] [M]: 0x0000000080002C74 (0x00000417) auipc x8, 0x0                           spcl_Mhandler+0
x8 <- 0x0000000080002C74

mem[X,0x0000000080002C78] -> 0x0413
mem[X,0x0000000080002C7A] -> 0x03C4
[2259] [M]: 0x0000000080002C78 (0x03C40413) addi x8, x8, 0x3c                       spcl_Mhandler+4
x8 <- 0x0000000080002CB0

clint mtime 0x000000000000046A (mip.MTI <- 0b1, mip.STI <- 0b0)
mem[X,0x0000000080002C7C] -> 0x0433
mem[X,0x0000000080002C7E] -> 0x0074
[2260] [M]: 0x0000000080002C7C (0x00740433) add x8, x8, x7                          spcl_Mhandler+8
x8 <- 0x0000000080002EB0

mem[X,0x0000000080002C80] -> 0x1393
mem[X,0x0000000080002C82] -> 0x0035
[2261] [M]: 0x0000000080002C80 (0x00351393) slli x7, x10, 0x3                       spcl_Mhandler+12
x7 <- 0x0000000000000008

clint mtime 0x000000000000046B (mip.MTI <- 0b1, mip.STI <- 0b0)
mem[X,0x0000000080002C84] -> 0x0433
mem[X,0x0000000080002C86] -> 0x0074
[2262] [M]: 0x0000000080002C84 (0x00740433) add x8, x8, x7                          spcl_Mhandler+16
x8 <- 0x0000000080002EB8

mem[X,0x0000000080002C88] -> 0x7413
mem[X,0x0000000080002C8A] -> 0xFF84
[2263] [M]: 0x0000000080002C88 (0xFF847413) andi x8, x8, -0x8                       spcl_Mhandler+20
x8 <- 0x0000000080002EB8

clint mtime 0x000000000000046C (mip.MTI <- 0b1, mip.STI <- 0b0)
mem[X,0x0000000080002C8C] -> 0x3403
mem[X,0x0000000080002C8E] -> 0x0004
[2264] [M]: 0x0000000080002C8C (0x00043403) ld x8, 0x0(x8)                          spcl_Mhandler+24
mem[R,0x0000000080002EB8] -> 0x0000000000000003
x8 <- 0x0000000000000003

mem[X,0x0000000080002C90] -> 0x02E3
mem[X,0x0000000080002C92] -> 0xB004
[2265] [M]: 0x0000000080002C90 (0xB00402E3) beq x8, x0, -0x4fc                      spcl_Mdispatch_hndling+0

clint mtime 0x000000000000046D (mip.MTI <- 0b1, mip.STI <- 0b0)
mem[X,0x0000000080002C94] -> 0x1393
mem[X,0x0000000080002C96] -> 0x03F4
[2266] [M]: 0x0000000080002C94 (0x03F41393) slli x7, x8, 0x3f                       spcl_Mdispatch_hndling+4
x7 <- 0x8000000000000000

mem[X,0x0000000080002C98] -> 0xD863
mem[X,0x0000000080002C9A] -> 0x0003
[2267] [M]: 0x0000000080002C98 (0x0003D863) bge x7, x0, 0x10                        spcl_Mdispatch_hndling+8

clint mtime 0x000000000000046E (mip.MTI <- 0b1, mip.STI <- 0b0)
mem[X,0x0000000080002C9C] -> 0x5413
mem[X,0x0000000080002C9E] -> 0x0014
[2268] [M]: 0x0000000080002C9C (0x00145413) srli x8, x8, 0x1                        spcl_Mdispatch_hndling+12
x8 <- 0x0000000000000001

mem[X,0x0000000080002CA0] -> 0x0CE3
mem[X,0x0000000080002CA2] -> 0xF885
[2269] [M]: 0x0000000080002CA0 (0xF8850CE3) beq x10, x8, -0x68                      spcl_Mdispatch_hndling+16

clint mtime 0x000000000000046F (mip.MTI <- 0b1, mip.STI <- 0b0)
mem[X,0x0000000080002C38] -> 0x3303
mem[X,0x0000000080002C3A] -> 0x2601
[2270] [M]: 0x0000000080002C38 (0x26013303) ld x6, 0x260(x2)                        resto_Mrtn+0
mem[R,0x0000000080005260] -> 0xFFFFFFFF7FFFE96C
x6 <- 0xFFFFFFFF7FFFE96C

mem[X,0x0000000080002C3C] -> 0x3383
mem[X,0x0000000080002C3E] -> 0x2681
[2271] [M]: 0x0000000080002C3C (0x26813383) ld x7, 0x268(x2)                        resto_Mrtn+4
mem[R,0x0000000080005268] -> 0x0000000080005000
x7 <- 0x0000000080005000

clint mtime 0x0000000000000470 (mip.MTI <- 0b1, mip.STI <- 0b0)
mem[X,0x0000000080002C40] -> 0x3403
mem[X,0x0000000080002C42] -> 0x2701
[2272] [M]: 0x0000000080002C40 (0x27013403) ld x8, 0x270(x2)                        resto_Mrtn+8
mem[R,0x0000000080005270] -> 0x0000000000007F76
x8 <- 0x0000000000007F76

mem[X,0x0000000080002C44] -> 0x3483
mem[X,0x0000000080002C46] -> 0x2781
[2273] [M]: 0x0000000080002C44 (0x27813483) ld x9, 0x278(x2)                        resto_Mrtn+12
mem[R,0x0000000080005278] -> 0x00000300000000DC
x9 <- 0x00000300000000DC

clint mtime 0x0000000000000471 (mip.MTI <- 0b1, mip.STI <- 0b0)
mem[X,0x0000000080002C48] -> 0x3503
mem[X,0x0000000080002C4A] -> 0x2801
[2274] [M]: 0x0000000080002C48 (0x28013503) ld x10, 0x280(x2)                       resto_Mrtn+16
mem[R,0x0000000080005280] -> 0x00000000000000DF
x10 <- 0x00000000000000DF

mem[X,0x0000000080002C4C] -> 0x3583
mem[X,0x0000000080002C4E] -> 0x2881
[2275] [M]: 0x0000000080002C4C (0x28813583) ld x11, 0x288(x2)                       resto_Mrtn+20
mem[R,0x0000000080005288] -> 0x00000000000000DF
x11 <- 0x00000000000000DF

clint mtime 0x0000000000000472 (mip.MTI <- 0b1, mip.STI <- 0b0)
mem[X,0x0000000080002C50] -> 0x3103
mem[X,0x0000000080002C52] -> 0x2901
[2276] [M]: 0x0000000080002C50 (0x29013103) ld x2, 0x290(x2)                        resto_Mrtn+24
mem[R,0x0000000080005290] -> 0x0000000000000000
x2 <- 0x0000000000000000

mem[X,0x0000000080002C54] -> 0x0073
mem[X,0x0000000080002C56] -> 0x3020
[2277] [M]: 0x0000000080002C54 (0x30200073) mret                                    resto_Mrtn+28
CSR mstatus (0x300) <- 0x0000000A00000080
ret-ing from M to U

clint mtime 0x0000000000000473 (mip.MTI <- 0b1, mip.STI <- 0b0)
PTW: Start, vpn=0x30080001, access_type=X, privilege=Umem[R,0x0000000080009030] -> 0x00000000000000DB
PTW: Step, level=3, pte=0xDB, pte_addr=0x80009030
PTW: Success, final_ppn=0x80001, level=3mem[X,0x00000000800017EC] -> 0x0013
PTW: Start, vpn=0x30080001, access_type=X, privilege=Umem[R,0x0000000080009030] -> 0x00000000000000DB
PTW: Step, level=3, pte=0xDB, pte_addr=0x80009030
PTW: Success, final_ppn=0x80001, level=3mem[X,0x00000000800017EE] -> 0x0000
[2278] [U]: 0x00000300800017EC (0x00000013) addi x0, x0, 0x0                        va_rvtest_code_begin+3152

PTW: Start, vpn=0x30080001, access_type=X, privilege=Umem[R,0x0000000080009030] -> 0x00000000000000DB
PTW: Step, level=3, pte=0xDB, pte_addr=0x80009030
PTW: Success, final_ppn=0x80001, level=3mem[X,0x00000000800017F0] -> 0x0013
PTW: Start, vpn=0x30080001, access_type=X, privilege=Umem[R,0x0000000080009030] -> 0x00000000000000DB
PTW: Step, level=3, pte=0xDB, pte_addr=0x80009030
PTW: Success, final_ppn=0x80001, level=3mem[X,0x00000000800017F2] -> 0x0000
[2279] [U]: 0x00000300800017F0 (0x00000013) addi x0, x0, 0x0                        va_rvtest_code_begin+3156

clint mtime 0x0000000000000474 (mip.MTI <- 0b1, mip.STI <- 0b0)
PTW: Start, vpn=0x30080001, access_type=X, privilege=Umem[R,0x0000000080009030] -> 0x00000000000000DB
PTW: Step, level=3, pte=0xDB, pte_addr=0x80009030
PTW: Success, final_ppn=0x80001, level=3mem[X,0x00000000800017F4] -> 0x0013
PTW: Start, vpn=0x30080001, access_type=X, privilege=Umem[R,0x0000000080009030] -> 0x00000000000000DB
PTW: Step, level=3, pte=0xDB, pte_addr=0x80009030
PTW: Success, final_ppn=0x80001, level=3mem[X,0x00000000800017F6] -> 0x0000
[2280] [U]: 0x00000300800017F4 (0x00000013) addi x0, x0, 0x0                        va_rvtest_code_begin+3160

PTW: Start, vpn=0x30080001, access_type=X, privilege=Umem[R,0x0000000080009030] -> 0x00000000000000DB
PTW: Step, level=3, pte=0xDB, pte_addr=0x80009030
PTW: Success, final_ppn=0x80001, level=3mem[X,0x00000000800017F8] -> 0x0113
PTW: Start, vpn=0x30080001, access_type=X, privilege=Umem[R,0x0000000080009030] -> 0x00000000000000DB
PTW: Step, level=3, pte=0xDB, pte_addr=0x80009030
PTW: Success, final_ppn=0x80001, level=3mem[X,0x00000000800017FA] -> 0x0000
[2281] [U]: 0x00000300800017F8 (0x00000113) addi x2, x0, 0x0                        va_rvtest_code_begin+3164
x2 <- 0x0000000000000000

clint mtime 0x0000000000000475 (mip.MTI <- 0b1, mip.STI <- 0b0)
PTW: Start, vpn=0x30080001, access_type=X, privilege=Umem[R,0x0000000080009030] -> 0x00000000000000DB
PTW: Step, level=3, pte=0xDB, pte_addr=0x80009030
PTW: Success, final_ppn=0x80001, level=3mem[X,0x00000000800017FC] -> 0x0073
PTW: Start, vpn=0x30080001, access_type=X, privilege=Umem[R,0x0000000080009030] -> 0x00000000000000DB
PTW: Step, level=3, pte=0xDB, pte_addr=0x80009030
PTW: Success, final_ppn=0x80001, level=3mem[X,0x00000000800017FE] -> 0x0000
[2282] [U]: 0x00000300800017FC (0x00000073) ecall                                   va_rvtest_code_begin+3168
trapping from U to M to handle u-call
handling exc#u-call at priv M with tval 0x0000000000000000
CSR mstatus (0x300) <- 0x0000000A00000000
CSR mcause (0x342) <- 0x0000000000000008
CSR mtval (0x343) <- 0x0000000000000000
CSR mepc (0x341) <- 0x00000300800017FC

mem[X,0x0000000080002800] -> 0x006F
mem[X,0x0000000080002802] -> 0x1000
[2283] [M]: 0x0000000080002800 (0x1000006F) jal x0, 0x100                           Mtrampoline+0

clint mtime 0x0000000000000476 (mip.MTI <- 0b1, mip.STI <- 0b0)
mem[X,0x0000000080002900] -> 0x1173
mem[X,0x0000000080002902] -> 0x3401
[2284] [M]: 0x0000000080002900 (0x34011173) csrrw x2, mscratch, x2                  trap_Mhandler+0
CSR mscratch (0x340) <- 0x0000000000000000
x2 <- 0x0000000080005000

mem[X,0x0000000080002904] -> 0x3423
mem[X,0x0000000080002906] -> 0x28B1
[2285] [M]: 0x0000000080002904 (0x28B13423) sd x11, 0x288(x2)                       trap_Mhandler+4
mem[W,0x0000000080005288] <- 0x00000000000000DF

clint mtime 0x0000000000000477 (mip.MTI <- 0b1, mip.STI <- 0b0)
mem[X,0x0000000080002908] -> 0x05EF
mem[X,0x000000008000290A] -> 0x0B80
[2286] [M]: 0x0000000080002908 (0x0B8005EF) jal x11, 0xb8                           trap_Mhandler+8
x11 <- 0x000000008000290C

mem[X,0x00000000800029C0] -> 0x3023
mem[X,0x00000000800029C2] -> 0x28A1
[2287] [M]: 0x00000000800029C0 (0x28A13023) sd x10, 0x280(x2)                       common_Mhandler+0
mem[W,0x0000000080005280] <- 0x00000000000000DF

clint mtime 0x0000000000000478 (mip.MTI <- 0b1, mip.STI <- 0b0)
mem[X,0x00000000800029C4] -> 0x1573
mem[X,0x00000000800029C6] -> 0x3401
[2288] [M]: 0x00000000800029C4 (0x34011573) csrrw x10, mscratch, x2                 common_Mhandler+4
CSR mscratch (0x340) <- 0x0000000080005000
x10 <- 0x0000000000000000

mem[X,0x00000000800029C8] -> 0x3823
mem[X,0x00000000800029CA] -> 0x28A1
[2289] [M]: 0x00000000800029C8 (0x28A13823) sd x10, 0x290(x2)                       common_Mhandler+8
mem[W,0x0000000080005290] <- 0x0000000000000000

clint mtime 0x0000000000000479 (mip.MTI <- 0b1, mip.STI <- 0b0)
mem[X,0x00000000800029CC] -> 0x3503
mem[X,0x00000000800029CE] -> 0x2301
[2290] [M]: 0x00000000800029CC (0x23013503) ld x10, 0x230(x2)                       common_Mhandler+12
mem[R,0x0000000080005230] -> 0x00000000800029D4
x10 <- 0x00000000800029D4

mem[X,0x00000000800029D0] -> 0x0067
mem[X,0x00000000800029D2] -> 0x0005
[2291] [M]: 0x00000000800029D0 (0x00050067) jalr x0, 0x0(x10)                       common_Mhandler+16

clint mtime 0x000000000000047A (mip.MTI <- 0b1, mip.STI <- 0b0)
mem[X,0x00000000800029D4] -> 0x3C23
mem[X,0x00000000800029D6] -> 0x2691
[2292] [M]: 0x00000000800029D4 (0x26913C23) sd x9, 0x278(x2)                        common_Mentry+0
mem[W,0x0000000080005278] <- 0x00000300000000DC

mem[X,0x00000000800029D8] -> 0x3823
mem[X,0x00000000800029DA] -> 0x2681
[2293] [M]: 0x00000000800029D8 (0x26813823) sd x8, 0x270(x2)                        common_Mentry+4
mem[W,0x0000000080005270] <- 0x0000000000007F76

clint mtime 0x000000000000047B (mip.MTI <- 0b1, mip.STI <- 0b0)
mem[X,0x00000000800029DC] -> 0x3423
mem[X,0x00000000800029DE] -> 0x2671
[2294] [M]: 0x00000000800029DC (0x26713423) sd x7, 0x268(x2)                        common_Mentry+8
mem[W,0x0000000080005268] <- 0x0000000080005000

mem[X,0x00000000800029E0] -> 0x3023
mem[X,0x00000000800029E2] -> 0x2661
[2295] [M]: 0x00000000800029E0 (0x26613023) sd x6, 0x260(x2)                        common_Mentry+12
mem[W,0x0000000080005260] <- 0xFFFFFFFF7FFFE96C

clint mtime 0x000000000000047C (mip.MTI <- 0b1, mip.STI <- 0b0)
mem[X,0x00000000800029E4] -> 0x2573
mem[X,0x00000000800029E6] -> 0x3420
[2296] [M]: 0x00000000800029E4 (0x34202573) csrrs x10, mcause, x0                   spcl_M2mmode_test+0
CSR mcause (0x342) -> 0x0000000000000008
x10 <- 0x0000000000000008

mem[X,0x00000000800029E8] -> 0x04B7
mem[X,0x00000000800029EA] -> 0x8000
[2297] [M]: 0x00000000800029E8 (0x800004B7) lui x9, -0x80000                        spcl_M2mmode_test+4
x9 <- 0xFFFFFFFF80000000

clint mtime 0x000000000000047D (mip.MTI <- 0b1, mip.STI <- 0b0)
mem[X,0x00000000800029EC] -> 0x8493
mem[X,0x00000000800029EE] -> 0x0004
[2298] [M]: 0x00000000800029EC (0x00048493) addi x9, x9, 0x0                        spcl_M2mmode_test+8
x9 <- 0xFFFFFFFF80000000

mem[X,0x00000000800029F0] -> 0x9493
mem[X,0x00000000800029F2] -> 0x00B4
[2299] [M]: 0x00000000800029F0 (0x00B49493) slli x9, x9, 0xb                        spcl_M2mmode_test+12
x9 <- 0xFFFFFC0000000000

clint mtime 0x000000000000047E (mip.MTI <- 0b1, mip.STI <- 0b0)
mem[X,0x00000000800029F4] -> 0x8493
mem[X,0x00000000800029F6] -> 0x0004
[2300] [M]: 0x00000000800029F4 (0x00048493) addi x9, x9, 0x0                        spcl_M2mmode_test+16
x9 <- 0xFFFFFC0000000000

mem[X,0x00000000800029F8] -> 0x9493
mem[X,0x00000000800029FA] -> 0x00B4
[2301] [M]: 0x00000000800029F8 (0x00B49493) slli x9, x9, 0xb                        spcl_M2mmode_test+20
x9 <- 0xFFE0000000000000

clint mtime 0x000000000000047F (mip.MTI <- 0b1, mip.STI <- 0b0)
mem[X,0x00000000800029FC] -> 0x8493
mem[X,0x00000000800029FE] -> 0x0034
[2302] [M]: 0x00000000800029FC (0x00348493) addi x9, x9, 0x3                        spcl_M2mmode_test+24
x9 <- 0xFFE0000000000003

mem[X,0x0000000080002A00] -> 0x9493
mem[X,0x0000000080002A02] -> 0x00A4
[2303] [M]: 0x0000000080002A00 (0x00A49493) slli x9, x9, 0xa                        spcl_M2mmode_test+28
x9 <- 0x8000000000000C00

clint mtime 0x0000000000000480 (mip.MTI <- 0b1, mip.STI <- 0b0)
mem[X,0x0000000080002A04] -> 0x8493
mem[X,0x0000000080002A06] -> 0x3FC4
[2304] [M]: 0x0000000080002A04 (0x3FC48493) addi x9, x9, 0x3fc                      spcl_M2mmode_test+32
x9 <- 0x8000000000000FFC

mem[X,0x0000000080002A08] -> 0xF4B3
mem[X,0x0000000080002A0A] -> 0x00A4
[2305] [M]: 0x0000000080002A08 (0x00A4F4B3) and x9, x9, x10                         spcl_M2mmode_test+36
x9 <- 0x0000000000000008

clint mtime 0x0000000000000481 (mip.MTI <- 0b1, mip.STI <- 0b0)
mem[X,0x0000000080002A0C] -> 0x8493
mem[X,0x0000000080002A0E] -> 0xFF84
[2306] [M]: 0x0000000080002A0C (0xFF848493) addi x9, x9, -0x8                       spcl_M2mmode_test+40
x9 <- 0x0000000000000000

mem[X,0x0000000080002A10] -> 0x9663
mem[X,0x0000000080002A12] -> 0x0004
[2307] [M]: 0x0000000080002A10 (0x00049663) bne x9, x0, 0xc                         spcl_M2mmode_test+44

clint mtime 0x0000000000000482 (mip.MTI <- 0b1, mip.STI <- 0b0)
mem[X,0x0000000080002A14] -> 0x3383
mem[X,0x0000000080002A16] -> 0x2901
[2308] [M]: 0x0000000080002A14 (0x29013383) ld x7, 0x290(x2)                        spcl_M2mmode_test+48
mem[R,0x0000000080005290] -> 0x0000000000000000
x7 <- 0x0000000000000000

mem[X,0x0000000080002A18] -> 0x8663
mem[X,0x0000000080002A1A] -> 0x6E03
[2309] [M]: 0x0000000080002A18 (0x6E038663) beq x7, x0, 0x6ec                       spcl_M2mmode_test+52

clint mtime 0x0000000000000483 (mip.MTI <- 0b1, mip.STI <- 0b0)
mem[X,0x0000000080003104] -> 0x0493
mem[X,0x0000000080003106] -> 0xFF55
[2310] [M]: 0x0000000080003104 (0xFF550493) addi x9, x10, -0xb                      rtn2mmode+0
x9 <- 0xFFFFFFFFFFFFFFFD

mem[X,0x0000000080003108] -> 0x8C63
mem[X,0x000000008000310A] -> 0x0004
[2311] [M]: 0x0000000080003108 (0x00048C63) beq x9, x0, 0x18                        rtn2mmode+4

clint mtime 0x0000000000000484 (mip.MTI <- 0b1, mip.STI <- 0b0)
mem[X,0x000000008000310C] -> 0x3583
mem[X,0x000000008000310E] -> 0x4701
[2312] [M]: 0x000000008000310C (0x47013583) ld x11, 0x470(x2)                       rtn2mmode+8
mem[R,0x0000000080005470] -> 0x0000030080000B9C
x11 <- 0x0000030080000B9C

mem[X,0x0000000080003110] -> 0xD463
mem[X,0x0000000080003112] -> 0x0003
[2313] [M]: 0x0000000080003110 (0x0003D463) bge x7, x0, 0x8                         rtn2mmode+12

clint mtime 0x0000000000000485 (mip.MTI <- 0b1, mip.STI <- 0b0)
mem[X,0x0000000080003118] -> 0x3483
mem[X,0x000000008000311A] -> 0x1D81
[2314] [M]: 0x0000000080003118 (0x1D813483) ld x9, 0x1d8(x2)                        from_u_s+0
mem[R,0x00000000800051D8] -> 0x0000000080000BB4
x9 <- 0x0000000080000BB4

mem[X,0x000000008000311C] -> 0x84B3
mem[X,0x000000008000311E] -> 0x40B4
[2315] [M]: 0x000000008000311C (0x40B484B3) sub x9, x9, x11                         from_u_s+4
x9 <- 0xFFFFFD0000000018

clint mtime 0x0000000000000486 (mip.MTI <- 0b1, mip.STI <- 0b0)
mem[X,0x0000000080003120] -> 0x23F3
mem[X,0x0000000080003122] -> 0x3410
[2316] [M]: 0x0000000080003120 (0x341023F3) csrrs x7, mepc, x0                      rtn_fm_mmode+0
CSR mepc (0x341) -> 0x00000300800017FC
x7 <- 0x00000300800017FC

mem[X,0x0000000080003124] -> 0x83B3
mem[X,0x0000000080003126] -> 0x0093
[2317] [M]: 0x0000000080003124 (0x009383B3) add x7, x7, x9                          rtn_fm_mmode+4
x7 <- 0x0000000080001814

clint mtime 0x0000000000000487 (mip.MTI <- 0b1, mip.STI <- 0b0)
mem[X,0x0000000080003128] -> 0x3303
mem[X,0x000000008000312A] -> 0x2601
[2318] [M]: 0x0000000080003128 (0x26013303) ld x6, 0x260(x2)                        rtn_fm_mmode+8
mem[R,0x0000000080005260] -> 0xFFFFFFFF7FFFE96C
x6 <- 0xFFFFFFFF7FFFE96C

mem[X,0x000000008000312C] -> 0x3403
mem[X,0x000000008000312E] -> 0x2701
[2319] [M]: 0x000000008000312C (0x27013403) ld x8, 0x270(x2)                        rtn_fm_mmode+12
mem[R,0x0000000080005270] -> 0x0000000000007F76
x8 <- 0x0000000000007F76

clint mtime 0x0000000000000488 (mip.MTI <- 0b1, mip.STI <- 0b0)
mem[X,0x0000000080003130] -> 0x3483
mem[X,0x0000000080003132] -> 0x2781
[2320] [M]: 0x0000000080003130 (0x27813483) ld x9, 0x278(x2)                        rtn_fm_mmode+16
mem[R,0x0000000080005278] -> 0x00000300000000DC
x9 <- 0x00000300000000DC

mem[X,0x0000000080003134] -> 0x3503
mem[X,0x0000000080003136] -> 0x2801
[2321] [M]: 0x0000000080003134 (0x28013503) ld x10, 0x280(x2)                       rtn_fm_mmode+20
mem[R,0x0000000080005280] -> 0x00000000000000DF
x10 <- 0x00000000000000DF

clint mtime 0x0000000000000489 (mip.MTI <- 0b1, mip.STI <- 0b0)
mem[X,0x0000000080003138] -> 0x3583
mem[X,0x000000008000313A] -> 0x2881
[2322] [M]: 0x0000000080003138 (0x28813583) ld x11, 0x288(x2)                       rtn_fm_mmode+24
mem[R,0x0000000080005288] -> 0x00000000000000DF
x11 <- 0x00000000000000DF

mem[X,0x000000008000313C] -> 0x3103
mem[X,0x000000008000313E] -> 0x2901
[2323] [M]: 0x000000008000313C (0x29013103) ld x2, 0x290(x2)                        rtn_fm_mmode+28
mem[R,0x0000000080005290] -> 0x0000000000000000
x2 <- 0x0000000000000000

clint mtime 0x000000000000048A (mip.MTI <- 0b1, mip.STI <- 0b0)
mem[X,0x0000000080003140] -> 0x8067
mem[X,0x0000000080003142] -> 0x0043
[2324] [M]: 0x0000000080003140 (0x00438067) jalr x0, 0x4(x7)                        rtn_fm_mmode+32

mem[X,0x0000000080001818] -> 0x0013
mem[X,0x000000008000181A] -> 0x0000
[2325] [M]: 0x0000000080001818 (0x00000013) addi x0, x0, 0x0                        main+3128

clint mtime 0x000000000000048B (mip.MTI <- 0b1, mip.STI <- 0b0)
mem[X,0x000000008000181C] -> 0x0013
mem[X,0x000000008000181E] -> 0x0000
[2326] [M]: 0x000000008000181C (0x00000013) addi x0, x0, 0x0                        main+3132

mem[X,0x0000000080001820] -> 0x6517
mem[X,0x0000000080001822] -> 0x0000
[2327] [M]: 0x0000000080001820 (0x00006517) auipc x10, 0x6                          main+3136
x10 <- 0x0000000080007820

clint mtime 0x000000000000048C (mip.MTI <- 0b1, mip.STI <- 0b0)
mem[X,0x0000000080001824] -> 0x0513
mem[X,0x0000000080001826] -> 0x7E05
[2328] [M]: 0x0000000080001824 (0x7E050513) addi x10, x10, 0x7e0                    main+3140
x10 <- 0x0000000080008000

mem[X,0x0000000080001828] -> 0x0001
[2329] [M]: 0x0000000080001828 (0x0001) c.nop                                       main+3144

clint mtime 0x000000000000048D (mip.MTI <- 0b1, mip.STI <- 0b0)
mem[X,0x000000008000182A] -> 0x0013
mem[X,0x000000008000182C] -> 0x0000
[2330] [M]: 0x000000008000182A (0x00000013) addi x0, x0, 0x0                        main+3146

mem[X,0x000000008000182E] -> 0x0013
mem[X,0x0000000080001830] -> 0x0000
[2331] [M]: 0x000000008000182E (0x00000013) addi x0, x0, 0x0                        main+3150

clint mtime 0x000000000000048E (mip.MTI <- 0b1, mip.STI <- 0b0)
mem[X,0x0000000080001832] -> 0x0013
mem[X,0x0000000080001834] -> 0x0000
[2332] [M]: 0x0000000080001832 (0x00000013) addi x0, x0, 0x0                        main+3154

mem[X,0x0000000080001836] -> 0x0013
mem[X,0x0000000080001838] -> 0x0000
[2333] [M]: 0x0000000080001836 (0x00000013) addi x0, x0, 0x0                        main+3158

clint mtime 0x000000000000048F (mip.MTI <- 0b1, mip.STI <- 0b0)
mem[X,0x000000008000183A] -> 0x0013
mem[X,0x000000008000183C] -> 0x0000
[2334] [M]: 0x000000008000183A (0x00000013) addi x0, x0, 0x0                        main+3162

mem[X,0x000000008000183E] -> 0x0001
[2335] [M]: 0x000000008000183E (0x0001) c.nop                                       main+3166

clint mtime 0x0000000000000490 (mip.MTI <- 0b1, mip.STI <- 0b0)
mem[X,0x0000000080001840] -> 0x0593
mem[X,0x0000000080001842] -> 0x0010
[2336] [M]: 0x0000000080001840 (0x00100593) addi x11, x0, 0x1                       main+3168
x11 <- 0x0000000000000001

mem[X,0x0000000080001844] -> 0x5513
mem[X,0x0000000080001846] -> 0x00C5
[2337] [M]: 0x0000000080001844 (0x00C55513) srli x10, x10, 0xc                      main+3172
x10 <- 0x0000000000080008

clint mtime 0x0000000000000491 (mip.MTI <- 0b1, mip.STI <- 0b0)
mem[X,0x0000000080001848] -> 0x1513
mem[X,0x000000008000184A] -> 0x00A5
[2338] [M]: 0x0000000080001848 (0x00A51513) slli x10, x10, 0xa                      main+3176
x10 <- 0x0000000020002000

mem[X,0x000000008000184C] -> 0x6533
mem[X,0x000000008000184E] -> 0x00B5
[2339] [M]: 0x000000008000184C (0x00B56533) or x10, x10, x11                        main+3180
x10 <- 0x0000000020002001

clint mtime 0x0000000000000492 (mip.MTI <- 0b1, mip.STI <- 0b0)
mem[X,0x0000000080001850] -> 0x0013
mem[X,0x0000000080001852] -> 0x0000
[2340] [M]: 0x0000000080001850 (0x00000013) addi x0, x0, 0x0                        main+3184

mem[X,0x0000000080001854] -> 0x0013
mem[X,0x0000000080001856] -> 0x0000
[2341] [M]: 0x0000000080001854 (0x00000013) addi x0, x0, 0x0                        main+3188

clint mtime 0x0000000000000493 (mip.MTI <- 0b1, mip.STI <- 0b0)
mem[X,0x0000000080001858] -> 0x0013
mem[X,0x000000008000185A] -> 0x0000
[2342] [M]: 0x0000000080001858 (0x00000013) addi x0, x0, 0x0                        main+3192

mem[X,0x000000008000185C] -> 0x0013
mem[X,0x000000008000185E] -> 0x0000
[2343] [M]: 0x000000008000185C (0x00000013) addi x0, x0, 0x0                        main+3196

clint mtime 0x0000000000000494 (mip.MTI <- 0b1, mip.STI <- 0b0)
mem[X,0x0000000080001860] -> 0x7317
mem[X,0x0000000080001862] -> 0x0000
[2344] [M]: 0x0000000080001860 (0x00007317) auipc x6, 0x7                           main+3200
x6 <- 0x0000000080008860

mem[X,0x0000000080001864] -> 0x0313
mem[X,0x0000000080001866] -> 0x7A03
[2345] [M]: 0x0000000080001864 (0x7A030313) addi x6, x6, 0x7a0                      main+3204
x6 <- 0x0000000080009000

clint mtime 0x0000000000000495 (mip.MTI <- 0b1, mip.STI <- 0b0)
mem[X,0x0000000080001868] -> 0x0001
[2346] [M]: 0x0000000080001868 (0x0001) c.nop                                       main+3208

mem[X,0x000000008000186A] -> 0x0013
mem[X,0x000000008000186C] -> 0x0000
[2347] [M]: 0x000000008000186A (0x00000013) addi x0, x0, 0x0                        main+3210

clint mtime 0x0000000000000496 (mip.MTI <- 0b1, mip.STI <- 0b0)
mem[X,0x000000008000186E] -> 0x0013
mem[X,0x0000000080001870] -> 0x0000
[2348] [M]: 0x000000008000186E (0x00000013) addi x0, x0, 0x0                        main+3214

mem[X,0x0000000080001872] -> 0x0013
mem[X,0x0000000080001874] -> 0x0000
[2349] [M]: 0x0000000080001872 (0x00000013) addi x0, x0, 0x0                        main+3218

clint mtime 0x0000000000000497 (mip.MTI <- 0b1, mip.STI <- 0b0)
mem[X,0x0000000080001876] -> 0x0013
mem[X,0x0000000080001878] -> 0x0000
[2350] [M]: 0x0000000080001876 (0x00000013) addi x0, x0, 0x0                        main+3222

mem[X,0x000000008000187A] -> 0x0013
mem[X,0x000000008000187C] -> 0x0000
[2351] [M]: 0x000000008000187A (0x00000013) addi x0, x0, 0x0                        main+3226

clint mtime 0x0000000000000498 (mip.MTI <- 0b1, mip.STI <- 0b0)
mem[X,0x000000008000187E] -> 0x0001
[2352] [M]: 0x000000008000187E (0x0001) c.nop                                       main+3230

mem[X,0x0000000080001880] -> 0x0293
mem[X,0x0000000080001882] -> 0x0280
[2353] [M]: 0x0000000080001880 (0x02800293) addi x5, x0, 0x28                       main+3232
x5 <- 0x0000000000000028

clint mtime 0x0000000000000499 (mip.MTI <- 0b1, mip.STI <- 0b0)
mem[X,0x0000000080001884] -> 0x0333
mem[X,0x0000000080001886] -> 0x0053
[2354] [M]: 0x0000000080001884 (0x00530333) add x6, x6, x5                          main+3236
x6 <- 0x0000000080009028

mem[X,0x0000000080001888] -> 0x3023
mem[X,0x000000008000188A] -> 0x00A3
[2355] [M]: 0x0000000080001888 (0x00A33023) sd x10, 0x0(x6)                         main+3240
mem[W,0x0000000080009028] <- 0x0000000020002001

clint mtime 0x000000000000049A (mip.MTI <- 0b1, mip.STI <- 0b0)
mem[X,0x000000008000188C] -> 0x0013
mem[X,0x000000008000188E] -> 0x0000
[2356] [M]: 0x000000008000188C (0x00000013) addi x0, x0, 0x0                        main+3244

mem[X,0x0000000080001890] -> 0x0013
mem[X,0x0000000080001892] -> 0x0000
[2357] [M]: 0x0000000080001890 (0x00000013) addi x0, x0, 0x0                        main+3248

clint mtime 0x000000000000049B (mip.MTI <- 0b1, mip.STI <- 0b0)
mem[X,0x0000000080001894] -> 0x0013
mem[X,0x0000000080001896] -> 0x0000
[2358] [M]: 0x0000000080001894 (0x00000013) addi x0, x0, 0x0                        main+3252

mem[X,0x0000000080001898] -> 0x0013
mem[X,0x000000008000189A] -> 0x0000
[2359] [M]: 0x0000000080001898 (0x00000013) addi x0, x0, 0x0                        main+3256

clint mtime 0x000000000000049C (mip.MTI <- 0b1, mip.STI <- 0b0)
mem[X,0x000000008000189C] -> 0x0013
mem[X,0x000000008000189E] -> 0x0000
[2360] [M]: 0x000000008000189C (0x00000013) addi x0, x0, 0x0                        main+3260

mem[X,0x00000000800018A0] -> 0xF517
mem[X,0x00000000800018A2] -> 0xFFFF
[2361] [M]: 0x00000000800018A0 (0xFFFFF517) auipc x10, -0x1                         main+3264
x10 <- 0x00000000800008A0

clint mtime 0x000000000000049D (mip.MTI <- 0b1, mip.STI <- 0b0)
mem[X,0x00000000800018A4] -> 0x0513
mem[X,0x00000000800018A6] -> 0xB605
[2362] [M]: 0x00000000800018A4 (0xB6050513) addi x10, x10, -0x4a0                   main+3268
x10 <- 0x0000000080000400

mem[X,0x00000000800018A8] -> 0x0001
[2363] [M]: 0x00000000800018A8 (0x0001) c.nop                                       main+3272

clint mtime 0x000000000000049E (mip.MTI <- 0b1, mip.STI <- 0b0)
mem[X,0x00000000800018AA] -> 0x0013
mem[X,0x00000000800018AC] -> 0x0000
[2364] [M]: 0x00000000800018AA (0x00000013) addi x0, x0, 0x0                        main+3274

mem[X,0x00000000800018AE] -> 0x0013
mem[X,0x00000000800018B0] -> 0x0000
[2365] [M]: 0x00000000800018AE (0x00000013) addi x0, x0, 0x0                        main+3278

clint mtime 0x000000000000049F (mip.MTI <- 0b1, mip.STI <- 0b0)
mem[X,0x00000000800018B2] -> 0x0013
mem[X,0x00000000800018B4] -> 0x0000
[2366] [M]: 0x00000000800018B2 (0x00000013) addi x0, x0, 0x0                        main+3282

mem[X,0x00000000800018B6] -> 0x0013
mem[X,0x00000000800018B8] -> 0x0000
[2367] [M]: 0x00000000800018B6 (0x00000013) addi x0, x0, 0x0                        main+3286

clint mtime 0x00000000000004A0 (mip.MTI <- 0b1, mip.STI <- 0b0)
mem[X,0x00000000800018BA] -> 0x0013
mem[X,0x00000000800018BC] -> 0x0000
[2368] [M]: 0x00000000800018BA (0x00000013) addi x0, x0, 0x0                        main+3290

mem[X,0x00000000800018BE] -> 0x0001
[2369] [M]: 0x00000000800018BE (0x0001) c.nop                                       main+3294

clint mtime 0x00000000000004A1 (mip.MTI <- 0b1, mip.STI <- 0b0)
mem[X,0x00000000800018C0] -> 0x0593
mem[X,0x00000000800018C2] -> 0x0DF0
[2370] [M]: 0x00000000800018C0 (0x0DF00593) addi x11, x0, 0xdf                      main+3296
x11 <- 0x00000000000000DF

mem[X,0x00000000800018C4] -> 0x5513
mem[X,0x00000000800018C6] -> 0x00C5
[2371] [M]: 0x00000000800018C4 (0x00C55513) srli x10, x10, 0xc                      main+3300
x10 <- 0x0000000000080000

clint mtime 0x00000000000004A2 (mip.MTI <- 0b1, mip.STI <- 0b0)
mem[X,0x00000000800018C8] -> 0x1513
mem[X,0x00000000800018CA] -> 0x00A5
[2372] [M]: 0x00000000800018C8 (0x00A51513) slli x10, x10, 0xa                      main+3304
x10 <- 0x0000000020000000

mem[X,0x00000000800018CC] -> 0x6533
mem[X,0x00000000800018CE] -> 0x00B5
[2373] [M]: 0x00000000800018CC (0x00B56533) or x10, x10, x11                        main+3308
x10 <- 0x00000000200000DF

clint mtime 0x00000000000004A3 (mip.MTI <- 0b1, mip.STI <- 0b0)
mem[X,0x00000000800018D0] -> 0x0013
mem[X,0x00000000800018D2] -> 0x0000
[2374] [M]: 0x00000000800018D0 (0x00000013) addi x0, x0, 0x0                        main+3312

mem[X,0x00000000800018D4] -> 0x0013
mem[X,0x00000000800018D6] -> 0x0000
[2375] [M]: 0x00000000800018D4 (0x00000013) addi x0, x0, 0x0                        main+3316

clint mtime 0x00000000000004A4 (mip.MTI <- 0b1, mip.STI <- 0b0)
mem[X,0x00000000800018D8] -> 0x0013
mem[X,0x00000000800018DA] -> 0x0000
[2376] [M]: 0x00000000800018D8 (0x00000013) addi x0, x0, 0x0                        main+3320

mem[X,0x00000000800018DC] -> 0x0013
mem[X,0x00000000800018DE] -> 0x0000
[2377] [M]: 0x00000000800018DC (0x00000013) addi x0, x0, 0x0                        main+3324

clint mtime 0x00000000000004A5 (mip.MTI <- 0b1, mip.STI <- 0b0)
mem[X,0x00000000800018E0] -> 0x6317
mem[X,0x00000000800018E2] -> 0x0000
[2378] [M]: 0x00000000800018E0 (0x00006317) auipc x6, 0x6                           main+3328
x6 <- 0x00000000800078E0

mem[X,0x00000000800018E4] -> 0x0313
mem[X,0x00000000800018E6] -> 0x7203
[2379] [M]: 0x00000000800018E4 (0x72030313) addi x6, x6, 0x720                      main+3332
x6 <- 0x0000000080008000

clint mtime 0x00000000000004A6 (mip.MTI <- 0b1, mip.STI <- 0b0)
mem[X,0x00000000800018E8] -> 0x0001
[2380] [M]: 0x00000000800018E8 (0x0001) c.nop                                       main+3336

mem[X,0x00000000800018EA] -> 0x0013
mem[X,0x00000000800018EC] -> 0x0000
[2381] [M]: 0x00000000800018EA (0x00000013) addi x0, x0, 0x0                        main+3338

clint mtime 0x00000000000004A7 (mip.MTI <- 0b1, mip.STI <- 0b0)
mem[X,0x00000000800018EE] -> 0x0013
mem[X,0x00000000800018F0] -> 0x0000
[2382] [M]: 0x00000000800018EE (0x00000013) addi x0, x0, 0x0                        main+3342

mem[X,0x00000000800018F2] -> 0x0013
mem[X,0x00000000800018F4] -> 0x0000
[2383] [M]: 0x00000000800018F2 (0x00000013) addi x0, x0, 0x0                        main+3346

clint mtime 0x00000000000004A8 (mip.MTI <- 0b1, mip.STI <- 0b0)
mem[X,0x00000000800018F6] -> 0x0013
mem[X,0x00000000800018F8] -> 0x0000
[2384] [M]: 0x00000000800018F6 (0x00000013) addi x0, x0, 0x0                        main+3350

mem[X,0x00000000800018FA] -> 0x0013
mem[X,0x00000000800018FC] -> 0x0000
[2385] [M]: 0x00000000800018FA (0x00000013) addi x0, x0, 0x0                        main+3354

clint mtime 0x00000000000004A9 (mip.MTI <- 0b1, mip.STI <- 0b0)
mem[X,0x00000000800018FE] -> 0x0001
[2386] [M]: 0x00000000800018FE (0x0001) c.nop                                       main+3358

mem[X,0x0000000080001900] -> 0x0293
mem[X,0x0000000080001902] -> 0x0000
[2387] [M]: 0x0000000080001900 (0x00000293) addi x5, x0, 0x0                        main+3360
x5 <- 0x0000000000000000

clint mtime 0x00000000000004AA (mip.MTI <- 0b1, mip.STI <- 0b0)
mem[X,0x0000000080001904] -> 0x0333
mem[X,0x0000000080001906] -> 0x0053
[2388] [M]: 0x0000000080001904 (0x00530333) add x6, x6, x5                          main+3364
x6 <- 0x0000000080008000

mem[X,0x0000000080001908] -> 0x3023
mem[X,0x000000008000190A] -> 0x00A3
[2389] [M]: 0x0000000080001908 (0x00A33023) sd x10, 0x0(x6)                         main+3368
mem[W,0x0000000080008000] <- 0x00000000200000DF

clint mtime 0x00000000000004AB (mip.MTI <- 0b1, mip.STI <- 0b0)
mem[X,0x000000008000190C] -> 0x0073
mem[X,0x000000008000190E] -> 0x1200
[2390] [M]: 0x000000008000190C (0x12000073) sfence.vma x0, x0                       main+3372

mem[X,0x0000000080001910] -> 0x0493
mem[X,0x0000000080001912] -> 0x0010
[2391] [M]: 0x0000000080001910 (0x00100493) addi x9, x0, 0x1                        main+3376
x9 <- 0x0000000000000001

clint mtime 0x00000000000004AC (mip.MTI <- 0b1, mip.STI <- 0b0)
mem[X,0x0000000080001914] -> 0x9493
mem[X,0x0000000080001916] -> 0x00B4
[2392] [M]: 0x0000000080001914 (0x00B49493) slli x9, x9, 0xb                        main+3380
x9 <- 0x0000000000000800

mem[X,0x0000000080001918] -> 0xB073
mem[X,0x000000008000191A] -> 0x3004
[2393] [M]: 0x0000000080001918 (0x3004B073) csrrc x0, mstatus, x9                   main+3384
CSR mstatus (0x300) <- 0x0000000A00000000

clint mtime 0x00000000000004AD (mip.MTI <- 0b1, mip.STI <- 0b0)
mem[X,0x000000008000191C] -> 0x23F3
mem[X,0x000000008000191E] -> 0x3400
[2394] [M]: 0x000000008000191C (0x340023F3) csrrs x7, mscratch, x0                  main+3388
CSR mscratch (0x340) -> 0x0000000080005000
x7 <- 0x0000000080005000

mem[X,0x0000000080001920] -> 0xB303
mem[X,0x0000000080001922] -> 0x4703
[2395] [M]: 0x0000000080001920 (0x4703B303) ld x6, 0x470(x7)                        main+3392
mem[R,0x0000000080005470] -> 0x0000030080000B9C
x6 <- 0x0000030080000B9C

clint mtime 0x00000000000004AE (mip.MTI <- 0b1, mip.STI <- 0b0)
mem[X,0x0000000080001924] -> 0xB483
mem[X,0x0000000080001926] -> 0x1D83
[2396] [M]: 0x0000000080001924 (0x1D83B483) ld x9, 0x1d8(x7)                        main+3396
mem[R,0x00000000800051D8] -> 0x0000000080000BB4
x9 <- 0x0000000080000BB4

mem[X,0x0000000080001928] -> 0x0333
mem[X,0x000000008000192A] -> 0x4093
[2397] [M]: 0x0000000080001928 (0x40930333) sub x6, x6, x9                          main+3400
x6 <- 0x000002FFFFFFFFE8

clint mtime 0x00000000000004AF (mip.MTI <- 0b1, mip.STI <- 0b0)
mem[X,0x000000008000192C] -> 0x0313
mem[X,0x000000008000192E] -> 0x0103
[2398] [M]: 0x000000008000192C (0x01030313) addi x6, x6, 0x10                       main+3404
x6 <- 0x000002FFFFFFFFF8

mem[X,0x0000000080001930] -> 0x0497
mem[X,0x0000000080001932] -> 0x0000
[2399] [M]: 0x0000000080001930 (0x00000497) auipc x9, 0x0                           main+3408
x9 <- 0x0000000080001930

clint mtime 0x00000000000004B0 (mip.MTI <- 0b1, mip.STI <- 0b0)
mem[X,0x0000000080001934] -> 0x84B3
mem[X,0x0000000080001936] -> 0x0064
[2400] [M]: 0x0000000080001934 (0x006484B3) add x9, x9, x6                          main+3412
x9 <- 0x0000030080001928

mem[X,0x0000000080001938] -> 0x94F3
mem[X,0x000000008000193A] -> 0x3414
[2401] [M]: 0x0000000080001938 (0x341494F3) csrrw x9, mepc, x9                      main+3416
CSR mepc (0x341) <- 0x0000030080001928
x9 <- 0x00000300800017FC

clint mtime 0x00000000000004B1 (mip.MTI <- 0b1, mip.STI <- 0b0)
mem[X,0x000000008000193C] -> 0x0073
mem[X,0x000000008000193E] -> 0x3020
[2402] [M]: 0x000000008000193C (0x30200073) mret                                    main+3420
CSR mstatus (0x300) <- 0x0000000A00000080
ret-ing from M to U

PTW: Start, vpn=0x30080001, access_type=X, privilege=Umem[R,0x0000000080009030] -> 0x00000000000000DB
PTW: Step, level=3, pte=0xDB, pte_addr=0x80009030
PTW: Success, final_ppn=0x80001, level=3mem[X,0x0000000080001928] -> 0x0333
PTW: Start, vpn=0x30080001, access_type=X, privilege=Umem[R,0x0000000080009030] -> 0x00000000000000DB
PTW: Step, level=3, pte=0xDB, pte_addr=0x80009030
PTW: Success, final_ppn=0x80001, level=3mem[X,0x000000008000192A] -> 0x4093
[2403] [U]: 0x0000030080001928 (0x40930333) sub x6, x6, x9                          va_rvtest_code_begin+3468
x6 <- 0xFFFFFFFF7FFFE7FC

clint mtime 0x00000000000004B2 (mip.MTI <- 0b1, mip.STI <- 0b0)
PTW: Start, vpn=0x30080001, access_type=X, privilege=Umem[R,0x0000000080009030] -> 0x00000000000000DB
PTW: Step, level=3, pte=0xDB, pte_addr=0x80009030
PTW: Success, final_ppn=0x80001, level=3mem[X,0x000000008000192C] -> 0x0313
PTW: Start, vpn=0x30080001, access_type=X, privilege=Umem[R,0x0000000080009030] -> 0x00000000000000DB
PTW: Step, level=3, pte=0xDB, pte_addr=0x80009030
PTW: Success, final_ppn=0x80001, level=3mem[X,0x000000008000192E] -> 0x0103
[2404] [U]: 0x000003008000192C (0x01030313) addi x6, x6, 0x10                       va_rvtest_code_begin+3472
x6 <- 0xFFFFFFFF7FFFE80C

PTW: Start, vpn=0x30080001, access_type=X, privilege=Umem[R,0x0000000080009030] -> 0x00000000000000DB
PTW: Step, level=3, pte=0xDB, pte_addr=0x80009030
PTW: Success, final_ppn=0x80001, level=3mem[X,0x0000000080001930] -> 0x0497
PTW: Start, vpn=0x30080001, access_type=X, privilege=Umem[R,0x0000000080009030] -> 0x00000000000000DB
PTW: Step, level=3, pte=0xDB, pte_addr=0x80009030
PTW: Success, final_ppn=0x80001, level=3mem[X,0x0000000080001932] -> 0x0000
[2405] [U]: 0x0000030080001930 (0x00000497) auipc x9, 0x0                           va_rvtest_code_begin+3476
x9 <- 0x0000030080001930

clint mtime 0x00000000000004B3 (mip.MTI <- 0b1, mip.STI <- 0b0)
PTW: Start, vpn=0x30080001, access_type=X, privilege=Umem[R,0x0000000080009030] -> 0x00000000000000DB
PTW: Step, level=3, pte=0xDB, pte_addr=0x80009030
PTW: Success, final_ppn=0x80001, level=3mem[X,0x0000000080001934] -> 0x84B3
PTW: Start, vpn=0x30080001, access_type=X, privilege=Umem[R,0x0000000080009030] -> 0x00000000000000DB
PTW: Step, level=3, pte=0xDB, pte_addr=0x80009030
PTW: Success, final_ppn=0x80001, level=3mem[X,0x0000000080001936] -> 0x0064
[2406] [U]: 0x0000030080001934 (0x006484B3) add x9, x9, x6                          va_rvtest_code_begin+3480
x9 <- 0x000003000000013C

PTW: Start, vpn=0x30080001, access_type=X, privilege=Umem[R,0x0000000080009030] -> 0x00000000000000DB
PTW: Step, level=3, pte=0xDB, pte_addr=0x80009030
PTW: Success, final_ppn=0x80001, level=3mem[X,0x0000000080001938] -> 0x94F3
PTW: Start, vpn=0x30080001, access_type=X, privilege=Umem[R,0x0000000080009030] -> 0x00000000000000DB
PTW: Step, level=3, pte=0xDB, pte_addr=0x80009030
PTW: Success, final_ppn=0x80001, level=3mem[X,0x000000008000193A] -> 0x3414
[2407] [U]: 0x0000030080001938 (0x341494F3) csrrw x9, mepc, x9                      va_rvtest_code_begin+3484
trapping from U to M to handle illegal-instruction
handling exc#illegal-instruction at priv M with tval 0x00000000341494F3
CSR mstatus (0x300) <- 0x0000000A00000000
CSR mcause (0x342) <- 0x0000000000000002
CSR mtval (0x343) <- 0x00000000341494F3
CSR mepc (0x341) <- 0x0000030080001938

clint mtime 0x00000000000004B4 (mip.MTI <- 0b1, mip.STI <- 0b0)
mem[X,0x0000000080002800] -> 0x006F
mem[X,0x0000000080002802] -> 0x1000
[2408] [M]: 0x0000000080002800 (0x1000006F) jal x0, 0x100                           Mtrampoline+0

mem[X,0x0000000080002900] -> 0x1173
mem[X,0x0000000080002902] -> 0x3401
[2409] [M]: 0x0000000080002900 (0x34011173) csrrw x2, mscratch, x2                  trap_Mhandler+0
CSR mscratch (0x340) <- 0x0000000000000000
x2 <- 0x0000000080005000

clint mtime 0x00000000000004B5 (mip.MTI <- 0b1, mip.STI <- 0b0)
mem[X,0x0000000080002904] -> 0x3423
mem[X,0x0000000080002906] -> 0x28B1
[2410] [M]: 0x0000000080002904 (0x28B13423) sd x11, 0x288(x2)                       trap_Mhandler+4
mem[W,0x0000000080005288] <- 0x00000000000000DF

mem[X,0x0000000080002908] -> 0x05EF
mem[X,0x000000008000290A] -> 0x0B80
[2411] [M]: 0x0000000080002908 (0x0B8005EF) jal x11, 0xb8                           trap_Mhandler+8
x11 <- 0x000000008000290C

clint mtime 0x00000000000004B6 (mip.MTI <- 0b1, mip.STI <- 0b0)
mem[X,0x00000000800029C0] -> 0x3023
mem[X,0x00000000800029C2] -> 0x28A1
[2412] [M]: 0x00000000800029C0 (0x28A13023) sd x10, 0x280(x2)                       common_Mhandler+0
mem[W,0x0000000080005280] <- 0x00000000200000DF

mem[X,0x00000000800029C4] -> 0x1573
mem[X,0x00000000800029C6] -> 0x3401
[2413] [M]: 0x00000000800029C4 (0x34011573) csrrw x10, mscratch, x2                 common_Mhandler+4
CSR mscratch (0x340) <- 0x0000000080005000
x10 <- 0x0000000000000000

clint mtime 0x00000000000004B7 (mip.MTI <- 0b1, mip.STI <- 0b0)
mem[X,0x00000000800029C8] -> 0x3823
mem[X,0x00000000800029CA] -> 0x28A1
[2414] [M]: 0x00000000800029C8 (0x28A13823) sd x10, 0x290(x2)                       common_Mhandler+8
mem[W,0x0000000080005290] <- 0x0000000000000000

mem[X,0x00000000800029CC] -> 0x3503
mem[X,0x00000000800029CE] -> 0x2301
[2415] [M]: 0x00000000800029CC (0x23013503) ld x10, 0x230(x2)                       common_Mhandler+12
mem[R,0x0000000080005230] -> 0x00000000800029D4
x10 <- 0x00000000800029D4

clint mtime 0x00000000000004B8 (mip.MTI <- 0b1, mip.STI <- 0b0)
mem[X,0x00000000800029D0] -> 0x0067
mem[X,0x00000000800029D2] -> 0x0005
[2416] [M]: 0x00000000800029D0 (0x00050067) jalr x0, 0x0(x10)                       common_Mhandler+16

mem[X,0x00000000800029D4] -> 0x3C23
mem[X,0x00000000800029D6] -> 0x2691
[2417] [M]: 0x00000000800029D4 (0x26913C23) sd x9, 0x278(x2)                        common_Mentry+0
mem[W,0x0000000080005278] <- 0x000003000000013C

clint mtime 0x00000000000004B9 (mip.MTI <- 0b1, mip.STI <- 0b0)
mem[X,0x00000000800029D8] -> 0x3823
mem[X,0x00000000800029DA] -> 0x2681
[2418] [M]: 0x00000000800029D8 (0x26813823) sd x8, 0x270(x2)                        common_Mentry+4
mem[W,0x0000000080005270] <- 0x0000000000007F76

mem[X,0x00000000800029DC] -> 0x3423
mem[X,0x00000000800029DE] -> 0x2671
[2419] [M]: 0x00000000800029DC (0x26713423) sd x7, 0x268(x2)                        common_Mentry+8
mem[W,0x0000000080005268] <- 0x0000000080005000

clint mtime 0x00000000000004BA (mip.MTI <- 0b1, mip.STI <- 0b0)
mem[X,0x00000000800029E0] -> 0x3023
mem[X,0x00000000800029E2] -> 0x2661
[2420] [M]: 0x00000000800029E0 (0x26613023) sd x6, 0x260(x2)                        common_Mentry+12
mem[W,0x0000000080005260] <- 0xFFFFFFFF7FFFE80C

mem[X,0x00000000800029E4] -> 0x2573
mem[X,0x00000000800029E6] -> 0x3420
[2421] [M]: 0x00000000800029E4 (0x34202573) csrrs x10, mcause, x0                   spcl_M2mmode_test+0
CSR mcause (0x342) -> 0x0000000000000002
x10 <- 0x0000000000000002

clint mtime 0x00000000000004BB (mip.MTI <- 0b1, mip.STI <- 0b0)
mem[X,0x00000000800029E8] -> 0x04B7
mem[X,0x00000000800029EA] -> 0x8000
[2422] [M]: 0x00000000800029E8 (0x800004B7) lui x9, -0x80000                        spcl_M2mmode_test+4
x9 <- 0xFFFFFFFF80000000

mem[X,0x00000000800029EC] -> 0x8493
mem[X,0x00000000800029EE] -> 0x0004
[2423] [M]: 0x00000000800029EC (0x00048493) addi x9, x9, 0x0                        spcl_M2mmode_test+8
x9 <- 0xFFFFFFFF80000000

clint mtime 0x00000000000004BC (mip.MTI <- 0b1, mip.STI <- 0b0)
mem[X,0x00000000800029F0] -> 0x9493
mem[X,0x00000000800029F2] -> 0x00B4
[2424] [M]: 0x00000000800029F0 (0x00B49493) slli x9, x9, 0xb                        spcl_M2mmode_test+12
x9 <- 0xFFFFFC0000000000

mem[X,0x00000000800029F4] -> 0x8493
mem[X,0x00000000800029F6] -> 0x0004
[2425] [M]: 0x00000000800029F4 (0x00048493) addi x9, x9, 0x0                        spcl_M2mmode_test+16
x9 <- 0xFFFFFC0000000000

clint mtime 0x00000000000004BD (mip.MTI <- 0b1, mip.STI <- 0b0)
mem[X,0x00000000800029F8] -> 0x9493
mem[X,0x00000000800029FA] -> 0x00B4
[2426] [M]: 0x00000000800029F8 (0x00B49493) slli x9, x9, 0xb                        spcl_M2mmode_test+20
x9 <- 0xFFE0000000000000

mem[X,0x00000000800029FC] -> 0x8493
mem[X,0x00000000800029FE] -> 0x0034
[2427] [M]: 0x00000000800029FC (0x00348493) addi x9, x9, 0x3                        spcl_M2mmode_test+24
x9 <- 0xFFE0000000000003

clint mtime 0x00000000000004BE (mip.MTI <- 0b1, mip.STI <- 0b0)
mem[X,0x0000000080002A00] -> 0x9493
mem[X,0x0000000080002A02] -> 0x00A4
[2428] [M]: 0x0000000080002A00 (0x00A49493) slli x9, x9, 0xa                        spcl_M2mmode_test+28
x9 <- 0x8000000000000C00

mem[X,0x0000000080002A04] -> 0x8493
mem[X,0x0000000080002A06] -> 0x3FC4
[2429] [M]: 0x0000000080002A04 (0x3FC48493) addi x9, x9, 0x3fc                      spcl_M2mmode_test+32
x9 <- 0x8000000000000FFC

clint mtime 0x00000000000004BF (mip.MTI <- 0b1, mip.STI <- 0b0)
mem[X,0x0000000080002A08] -> 0xF4B3
mem[X,0x0000000080002A0A] -> 0x00A4
[2430] [M]: 0x0000000080002A08 (0x00A4F4B3) and x9, x9, x10                         spcl_M2mmode_test+36
x9 <- 0x0000000000000000

mem[X,0x0000000080002A0C] -> 0x8493
mem[X,0x0000000080002A0E] -> 0xFF84
[2431] [M]: 0x0000000080002A0C (0xFF848493) addi x9, x9, -0x8                       spcl_M2mmode_test+40
x9 <- 0xFFFFFFFFFFFFFFF8

clint mtime 0x00000000000004C0 (mip.MTI <- 0b1, mip.STI <- 0b0)
mem[X,0x0000000080002A10] -> 0x9663
mem[X,0x0000000080002A12] -> 0x0004
[2432] [M]: 0x0000000080002A10 (0x00049663) bne x9, x0, 0xc                         spcl_M2mmode_test+44

mem[X,0x0000000080002A1C] -> 0x0393
mem[X,0x0000000080002A1E] -> 0x0200
[2433] [M]: 0x0000000080002A1C (0x02000393) addi x7, x0, 0x20                       Mtrapsig_ptr_upd+0
x7 <- 0x0000000000000020

clint mtime 0x00000000000004C1 (mip.MTI <- 0b1, mip.STI <- 0b0)
mem[X,0x0000000080002A20] -> 0x5263
mem[X,0x0000000080002A22] -> 0x0405
[2434] [M]: 0x0000000080002A20 (0x04055263) bge x10, x0, 0x44                       Mtrapsig_ptr_upd+4

mem[X,0x0000000080002A64] -> 0x2373
mem[X,0x0000000080002A66] -> 0x3010
[2435] [M]: 0x0000000080002A64 (0x30102373) csrrs x6, misa, x0                      Mxcpt_sig_sv+0
CSR misa (0x301) -> 0x800000000034112F
x6 <- 0x800000000034112F

clint mtime 0x00000000000004C2 (mip.MTI <- 0b1, mip.STI <- 0b0)
mem[X,0x0000000080002A68] -> 0x1313
mem[X,0x0000000080002A6A] -> 0x0383
[2436] [M]: 0x0000000080002A68 (0x03831313) slli x6, x6, 0x38                       Mxcpt_sig_sv+4
x6 <- 0x2F00000000000000

mem[X,0x0000000080002A6C] -> 0x5463
mem[X,0x0000000080002A6E] -> 0x0003
[2437] [M]: 0x0000000080002A6C (0x00035463) bge x6, x0, 0x8                         Mxcpt_sig_sv+8

clint mtime 0x00000000000004C3 (mip.MTI <- 0b1, mip.STI <- 0b0)
mem[X,0x0000000080002A74] -> 0x3303
mem[X,0x0000000080002A76] -> 0x2181
[2438] [M]: 0x0000000080002A74 (0x21813303) ld x6, 0x218(x2)                        Mtrap_sig_sv+0
mem[R,0x0000000080005218] -> 0x000000008000A458
x6 <- 0x000000008000A458

mem[X,0x0000000080002A78] -> 0x04B3
mem[X,0x0000000080002A7A] -> 0x0073
[2439] [M]: 0x0000000080002A78 (0x007304B3) add x9, x6, x7                          Mtrap_sig_sv+4
x9 <- 0x000000008000A478

clint mtime 0x00000000000004C4 (mip.MTI <- 0b1, mip.STI <- 0b0)
mem[X,0x0000000080002A7C] -> 0x3C23
mem[X,0x0000000080002A7E] -> 0x2091
[2440] [M]: 0x0000000080002A7C (0x20913C23) sd x9, 0x218(x2)                        Mtrap_sig_sv+8
mem[W,0x0000000080005218] <- 0x000000008000A478

mem[X,0x0000000080002A80] -> 0x3403
mem[X,0x0000000080002A82] -> 0x1F81
[2441] [M]: 0x0000000080002A80 (0x1F813403) ld x8, 0x1f8(x2)                        Mtrap_sig_sv+12
mem[R,0x00000000800051F8] -> 0x000000008000A110
x8 <- 0x000000008000A110

clint mtime 0x00000000000004C5 (mip.MTI <- 0b1, mip.STI <- 0b0)
mem[X,0x0000000080002A84] -> 0x0333
mem[X,0x0000000080002A86] -> 0x4083
[2442] [M]: 0x0000000080002A84 (0x40830333) sub x6, x6, x8                          Mtrap_sig_sv+16
x6 <- 0x0000000000000348

mem[X,0x0000000080002A88] -> 0x3403
mem[X,0x0000000080002A8A] -> 0x1F81
[2443] [M]: 0x0000000080002A88 (0x1F813403) ld x8, 0x1f8(x2)                        Mtrap_sig_sv+20
mem[R,0x00000000800051F8] -> 0x000000008000A110
x8 <- 0x000000008000A110

clint mtime 0x00000000000004C6 (mip.MTI <- 0b1, mip.STI <- 0b0)
mem[X,0x0000000080002A8C] -> 0x0333
mem[X,0x0000000080002A8E] -> 0x0083
[2444] [M]: 0x0000000080002A8C (0x00830333) add x6, x6, x8                          Mtrap_sig_sv+24
x6 <- 0x000000008000A458

mem[X,0x0000000080002A90] -> 0x3403
mem[X,0x0000000080002A92] -> 0x2401
[2445] [M]: 0x0000000080002A90 (0x24013403) ld x8, 0x240(x2)                        Mtrap_sig_sv+28
mem[R,0x0000000080005240] -> 0x0000000080002800
x8 <- 0x0000000080002800

clint mtime 0x00000000000004C7 (mip.MTI <- 0b1, mip.STI <- 0b0)
mem[X,0x0000000080002A94] -> 0x85B3
mem[X,0x0000000080002A96] -> 0x4085
[2446] [M]: 0x0000000080002A94 (0x408585B3) sub x11, x11, x8                        sv_Mvect+0
x11 <- 0x000000000000010C

mem[X,0x0000000080002A98] -> 0x9593
mem[X,0x0000000080002A9A] -> 0x0045
[2447] [M]: 0x0000000080002A98 (0x00459593) slli x11, x11, 0x4                      sv_Mvect+4
x11 <- 0x00000000000010C0

clint mtime 0x00000000000004C8 (mip.MTI <- 0b1, mip.STI <- 0b0)
mem[X,0x0000000080002A9C] -> 0xE5B3
mem[X,0x0000000080002A9E] -> 0x0075
[2448] [M]: 0x0000000080002A9C (0x0075E5B3) or x11, x11, x7                         sv_Mvect+8
x11 <- 0x00000000000010E0

mem[X,0x0000000080002AA0] -> 0x8593
mem[X,0x0000000080002AA2] -> 0x0035
[2449] [M]: 0x0000000080002AA0 (0x00358593) addi x11, x11, 0x3                      sv_Mvect+12
x11 <- 0x00000000000010E3

clint mtime 0x00000000000004C9 (mip.MTI <- 0b1, mip.STI <- 0b0)
mem[X,0x0000000080002AA4] -> 0x3023
mem[X,0x0000000080002AA6] -> 0x00B3
[2450] [M]: 0x0000000080002AA4 (0x00B33023) sd x11, 0x0(x6)                         sv_Mvect+16
mem[W,0x000000008000A458] <- 0x00000000000010E3

mem[X,0x0000000080002AA8] -> 0x3423
mem[X,0x0000000080002AAA] -> 0x00A3
[2451] [M]: 0x0000000080002AA8 (0x00A33423) sd x10, 0x8(x6)                         sv_Mcause+0
mem[W,0x000000008000A460] <- 0x0000000000000002

clint mtime 0x00000000000004CA (mip.MTI <- 0b1, mip.STI <- 0b0)
mem[X,0x0000000080002AAC] -> 0x4663
mem[X,0x0000000080002AAE] -> 0x1A05
[2452] [M]: 0x0000000080002AAC (0x1A054663) blt x10, x0, 0x1ac                      sv_Mcause+4

mem[X,0x0000000080002AB0] -> 0x25F3
mem[X,0x0000000080002AB2] -> 0x3000
[2453] [M]: 0x0000000080002AB0 (0x300025F3) csrrs x11, mstatus, x0                  common_Mexcpt_handler+0
CSR mstatus (0x300) -> 0x0000000A00000000
x11 <- 0x0000000A00000000

clint mtime 0x00000000000004CB (mip.MTI <- 0b1, mip.STI <- 0b0)
mem[X,0x0000000080002AB4] -> 0x9413
mem[X,0x0000000080002AB6] -> 0x02E5
[2454] [M]: 0x0000000080002AB4 (0x02E59413) slli x8, x11, 0x2e                      common_Mexcpt_handler+4
x8 <- 0x0000000000000000

mem[X,0x0000000080002AB8] -> 0x5463
mem[X,0x0000000080002ABA] -> 0x0004
[2455] [M]: 0x0000000080002AB8 (0x00045463) bge x8, x0, 0x8                         common_Mexcpt_handler+8

clint mtime 0x00000000000004CC (mip.MTI <- 0b1, mip.STI <- 0b0)
mem[X,0x0000000080002AC0] -> 0xD493
mem[X,0x0000000080002AC2] -> 0x00B5
[2456] [M]: 0x0000000080002AC0 (0x00B5D493) srli x9, x11, 0xb                       common_Mexcpt_handler+16
x9 <- 0x0000000001400000

mem[X,0x0000000080002AC4] -> 0xF493
mem[X,0x0000000080002AC6] -> 0x0034
[2457] [M]: 0x0000000080002AC4 (0x0034F493) andi x9, x9, 0x3                        common_Mexcpt_handler+20
x9 <- 0x0000000000000000

clint mtime 0x00000000000004CD (mip.MTI <- 0b1, mip.STI <- 0b0)
mem[X,0x0000000080002AC8] -> 0x8493
mem[X,0x0000000080002ACA] -> 0x0014
[2458] [M]: 0x0000000080002AC8 (0x00148493) addi x9, x9, 0x1                        common_Mexcpt_handler+24
x9 <- 0x0000000000000001

mem[X,0x0000000080002ACC] -> 0xF493
mem[X,0x0000000080002ACE] -> 0x0044
[2459] [M]: 0x0000000080002ACC (0x0044F493) andi x9, x9, 0x4                        common_Mexcpt_handler+28
x9 <- 0x0000000000000000

clint mtime 0x00000000000004CE (mip.MTI <- 0b1, mip.STI <- 0b0)
mem[X,0x0000000080002AD0] -> 0x0593
mem[X,0x0000000080002AD2] -> 0x05D0
[2460] [M]: 0x0000000080002AD0 (0x05D00593) addi x11, x0, 0x5d                      common_Mexcpt_handler+32
x11 <- 0x000000000000005D

mem[X,0x0000000080002AD4] -> 0xD5B3
mem[X,0x0000000080002AD6] -> 0x0095
[2461] [M]: 0x0000000080002AD4 (0x0095D5B3) srl x11, x11, x9                        common_Mexcpt_handler+36
x11 <- 0x000000000000005D

clint mtime 0x00000000000004CF (mip.MTI <- 0b1, mip.STI <- 0b0)
mem[X,0x0000000080002AD8] -> 0xF593
mem[X,0x0000000080002ADA] -> 0x0015
[2462] [M]: 0x0000000080002AD8 (0x0015F593) andi x11, x11, 0x1                      common_Mexcpt_handler+40
x11 <- 0x0000000000000001

mem[X,0x0000000080002ADC] -> 0x8EE3
mem[X,0x0000000080002ADE] -> 0xF405
[2463] [M]: 0x0000000080002ADC (0xF4058EE3) beq x11, x0, -0xa4                      common_Mexcpt_handler+44

clint mtime 0x00000000000004D0 (mip.MTI <- 0b1, mip.STI <- 0b0)
mem[X,0x0000000080002AE0] -> 0x0593
mem[X,0x0000000080002AE2] -> 0x2980
[2464] [M]: 0x0000000080002AE0 (0x29800593) addi x11, x0, 0x298                     common_Mexcpt_handler+48
x11 <- 0x0000000000000298

mem[X,0x0000000080002AE4] -> 0xF413
mem[X,0x0000000080002AE6] -> 0x0014
[2465] [M]: 0x0000000080002AE4 (0x0014F413) andi x8, x9, 0x1                        common_Mexcpt_handler+52
x8 <- 0x0000000000000000

clint mtime 0x00000000000004D1 (mip.MTI <- 0b1, mip.STI <- 0b0)
mem[X,0x0000000080002AE8] -> 0x95B3
mem[X,0x0000000080002AEA] -> 0x0085
[2466] [M]: 0x0000000080002AE8 (0x008595B3) sll x11, x11, x8                        common_Mexcpt_handler+56
x11 <- 0x0000000000000298

mem[X,0x0000000080002AEC] -> 0x9413
mem[X,0x0000000080002AEE] -> 0x03D4
[2467] [M]: 0x0000000080002AEC (0x03D49413) slli x8, x9, 0x3d                       common_Mexcpt_handler+60
x8 <- 0x0000000000000000

clint mtime 0x00000000000004D2 (mip.MTI <- 0b1, mip.STI <- 0b0)
mem[X,0x0000000080002AF0] -> 0x5413
mem[X,0x0000000080002AF2] -> 0x43F4
[2468] [M]: 0x0000000080002AF0 (0x43F45413) srai x8, x8, 0x3f                       common_Mexcpt_handler+64
x8 <- 0x0000000000000000

mem[X,0x0000000080002AF4] -> 0x4413
mem[X,0x0000000080002AF6] -> 0xFFF4
[2469] [M]: 0x0000000080002AF4 (0xFFF44413) xori x8, x8, -0x1                       common_Mexcpt_handler+68
x8 <- 0xFFFFFFFFFFFFFFFF

clint mtime 0x00000000000004D3 (mip.MTI <- 0b1, mip.STI <- 0b0)
mem[X,0x0000000080002AF8] -> 0xF4B3
mem[X,0x0000000080002AFA] -> 0x0085
[2470] [M]: 0x0000000080002AF8 (0x0085F4B3) and x9, x11, x8                         common_Mexcpt_handler+72
x9 <- 0x0000000000000298

mem[X,0x0000000080002AFC] -> 0x84B3
mem[X,0x0000000080002AFE] -> 0x0024
[2471] [M]: 0x0000000080002AFC (0x002484B3) add x9, x9, x2                          vmem_adj_Mepc+0
x9 <- 0x0000000080005298

clint mtime 0x00000000000004D4 (mip.MTI <- 0b1, mip.STI <- 0b0)
mem[X,0x0000000080002B00] -> 0x23F3
mem[X,0x0000000080002B02] -> 0x3410
[2472] [M]: 0x0000000080002B00 (0x341023F3) csrrs x7, mepc, x0                      vmem_adj_Mepc+4
CSR mepc (0x341) -> 0x0000030080001938
x7 <- 0x0000030080001938

mem[X,0x0000000080002B04] -> 0x0413
mem[X,0x0000000080002B06] -> 0x0004
[2473] [M]: 0x0000000080002B04 (0x00040413) addi x8, x8, 0x0                        vmem_adj_Mepc+8
x8 <- 0xFFFFFFFFFFFFFFFF

clint mtime 0x00000000000004D5 (mip.MTI <- 0b1, mip.STI <- 0b0)
mem[X,0x0000000080002B08] -> 0x006F
mem[X,0x0000000080002B0A] -> 0x0400
[2474] [M]: 0x0000000080002B08 (0x0400006F) jal x0, 0x40                            vmem_adj_Mepc+12

mem[X,0x0000000080002B48] -> 0x8433
mem[X,0x0000000080002B4A] -> 0x4083
[2475] [M]: 0x0000000080002B48 (0x40838433) sub x8, x7, x8                          adj_Mepc+0
x8 <- 0x0000030080001939

clint mtime 0x00000000000004D6 (mip.MTI <- 0b1, mip.STI <- 0b0)
mem[X,0x0000000080002B4C] -> 0x3823
mem[X,0x0000000080002B4E] -> 0x0083
[2476] [M]: 0x0000000080002B4C (0x00833823) sd x8, 0x10(x6)                         sv_Mepc+0
mem[W,0x000000008000A468] <- 0x0000030080001939

mem[X,0x0000000080002B50] -> 0x55B7
mem[X,0x0000000080002B52] -> 0x0000
[2477] [M]: 0x0000000080002B50 (0x000055B7) lui x11, 0x5                            sv_Mepc+4
x11 <- 0x0000000000005000

clint mtime 0x00000000000004D7 (mip.MTI <- 0b1, mip.STI <- 0b0)
mem[X,0x0000000080002B54] -> 0x8593
mem[X,0x0000000080002B56] -> 0x6675
[2478] [M]: 0x0000000080002B54 (0x66758593) addi x11, x11, 0x667                    sv_Mepc+8
x11 <- 0x0000000000005667

mem[X,0x0000000080002B58] -> 0x9593
mem[X,0x0000000080002B5A] -> 0x0015
[2479] [M]: 0x0000000080002B58 (0x00159593) slli x11, x11, 0x1                      sv_Mepc+12
x11 <- 0x000000000000ACCE

clint mtime 0x00000000000004D8 (mip.MTI <- 0b1, mip.STI <- 0b0)
mem[X,0x0000000080002B5C] -> 0x9063
mem[X,0x0000000080002B5E] -> 0x02B1
[2480] [M]: 0x0000000080002B5C (0x02B19063) bne x3, x11, 0x20                       sv_Mepc+16

mem[X,0x0000000080002B60] -> 0x2473
mem[X,0x0000000080002B62] -> 0x3420
[2481] [M]: 0x0000000080002B60 (0x34202473) csrrs x8, mcause, x0                    sv_Mepc+20
CSR mcause (0x342) -> 0x0000000000000002
x8 <- 0x0000000000000002

clint mtime 0x00000000000004D9 (mip.MTI <- 0b1, mip.STI <- 0b0)
mem[X,0x0000000080002B64] -> 0x0593
mem[X,0x0000000080002B66] -> 0x00C0
[2482] [M]: 0x0000000080002B64 (0x00C00593) addi x11, x0, 0xc                       sv_Mepc+24
x11 <- 0x000000000000000C

mem[X,0x0000000080002B68] -> 0x0663
mem[X,0x0000000080002B6A] -> 0x00B4
[2483] [M]: 0x0000000080002B68 (0x00B40663) beq x8, x11, 0xc                        sv_Mepc+28

clint mtime 0x00000000000004DA (mip.MTI <- 0b1, mip.STI <- 0b0)
mem[X,0x0000000080002B6C] -> 0x0593
mem[X,0x0000000080002B6E] -> 0x0010
[2484] [M]: 0x0000000080002B6C (0x00100593) addi x11, x0, 0x1                       sv_Mepc+32
x11 <- 0x0000000000000001

mem[X,0x0000000080002B70] -> 0x1663
mem[X,0x0000000080002B72] -> 0x00B4
[2485] [M]: 0x0000000080002B70 (0x00B41663) bne x8, x11, 0xc                        sv_Mepc+36

clint mtime 0x00000000000004DB (mip.MTI <- 0b1, mip.STI <- 0b0)
mem[X,0x0000000080002B7C] -> 0xF593
mem[X,0x0000000080002B7E] -> 0xFFC3
[2486] [M]: 0x0000000080002B7C (0xFFC3F593) andi x11, x7, -0x4                      adj_Mepc_rtn+0
x11 <- 0x0000030080001938

mem[X,0x0000000080002B80] -> 0x8593
mem[X,0x0000000080002B82] -> 0x0085
[2487] [M]: 0x0000000080002B80 (0x00858593) addi x11, x11, 0x8                      adj_Mepc_rtn+4
x11 <- 0x0000030080001940

clint mtime 0x00000000000004DC (mip.MTI <- 0b1, mip.STI <- 0b0)
mem[X,0x0000000080002B84] -> 0x9073
mem[X,0x0000000080002B86] -> 0x3415
[2488] [M]: 0x0000000080002B84 (0x34159073) csrrw x0, mepc, x11                     adj_Mepc_rtn+8
CSR mepc (0x341) <- 0x0000030080001940

mem[X,0x0000000080002B88] -> 0x23F3
mem[X,0x0000000080002B8A] -> 0x3430
[2489] [M]: 0x0000000080002B88 (0x343023F3) csrrs x7, mtval, x0                     skp_adj_Mepc+0
CSR mtval (0x343) -> 0x00000000341494F3
x7 <- 0x00000000341494F3

clint mtime 0x00000000000004DD (mip.MTI <- 0b1, mip.STI <- 0b0)
mem[X,0x0000000080002B8C] -> 0x0413
mem[X,0x0000000080002B8E] -> 0x0004
[2490] [M]: 0x0000000080002B8C (0x00040413) addi x8, x8, 0x0                        skp_adj_Mepc+4
x8 <- 0x0000000000000002

mem[X,0x0000000080002B90] -> 0x006F
mem[X,0x0000000080002B92] -> 0x0840
[2491] [M]: 0x0000000080002B90 (0x0840006F) jal x0, 0x84                            skp_adj_Mepc+8

clint mtime 0x00000000000004DE (mip.MTI <- 0b1, mip.STI <- 0b0)
mem[X,0x0000000080002C14] -> 0x8433
mem[X,0x0000000080002C16] -> 0x4083
[2492] [M]: 0x0000000080002C14 (0x40838433) sub x8, x7, x8                          adj_Mtval+0
x8 <- 0x00000000341494F1

mem[X,0x0000000080002C18] -> 0x3C23
mem[X,0x0000000080002C1A] -> 0x0083
[2493] [M]: 0x0000000080002C18 (0x00833C23) sd x8, 0x18(x6)                         sv_Mtval+0
mem[W,0x000000008000A470] <- 0x00000000341494F1

clint mtime 0x00000000000004DF (mip.MTI <- 0b1, mip.STI <- 0b0)
mem[X,0x0000000080002C1C] -> 0x3483
mem[X,0x0000000080002C1E] -> 0x2181
[2494] [M]: 0x0000000080002C1C (0x21813483) ld x9, 0x218(x2)                        skp_Mtval+0
mem[R,0x0000000080005218] -> 0x000000008000A478
x9 <- 0x000000008000A478

mem[X,0x0000000080002C20] -> 0x3383
mem[X,0x0000000080002C22] -> 0x1F81
[2495] [M]: 0x0000000080002C20 (0x1F813383) ld x7, 0x1f8(x2)                        skp_Mtval+4
mem[R,0x00000000800051F8] -> 0x000000008000A110
x7 <- 0x000000008000A110

clint mtime 0x00000000000004E0 (mip.MTI <- 0b1, mip.STI <- 0b0)
mem[X,0x0000000080002C24] -> 0x3303
mem[X,0x0000000080002C26] -> 0x2001
[2496] [M]: 0x0000000080002C24 (0x20013303) ld x6, 0x200(x2)                        skp_Mtval+8
mem[R,0x0000000080005200] -> 0x0000000000000410
x6 <- 0x0000000000000410

mem[X,0x0000000080002C28] -> 0x0333
mem[X,0x0000000080002C2A] -> 0x0073
[2497] [M]: 0x0000000080002C28 (0x00730333) add x6, x6, x7                          skp_Mtval+12
x6 <- 0x000000008000A520

clint mtime 0x00000000000004E1 (mip.MTI <- 0b1, mip.STI <- 0b0)
mem[X,0x0000000080002C2C] -> 0x6AE3
mem[X,0x0000000080002C2E] -> 0xAC93
[2498] [M]: 0x0000000080002C2C (0xAC936AE3) bltu x6, x9, -0x52c                     skp_Mtval+16

mem[X,0x0000000080002C30] -> 0x0393
mem[X,0x0000000080002C32] -> 0x2000
[2499] [M]: 0x0000000080002C30 (0x20000393) addi x7, x0, 0x200                      skp_Mtval+20
x7 <- 0x0000000000000200

clint mtime 0x00000000000004E2 (mip.MTI <- 0b1, mip.STI <- 0b0)
mem[X,0x0000000080002C34] -> 0x006F
mem[X,0x0000000080002C36] -> 0x0400
[2500] [M]: 0x0000000080002C34 (0x0400006F) jal x0, 0x40                            skp_Mtval+24

mem[X,0x0000000080002C74] -> 0x0417
mem[X,0x0000000080002C76] -> 0x0000
[2501] [M]: 0x0000000080002C74 (0x00000417) auipc x8, 0x0                           spcl_Mhandler+0
x8 <- 0x0000000080002C74

clint mtime 0x00000000000004E3 (mip.MTI <- 0b1, mip.STI <- 0b0)
mem[X,0x0000000080002C78] -> 0x0413
mem[X,0x0000000080002C7A] -> 0x03C4
[2502] [M]: 0x0000000080002C78 (0x03C40413) addi x8, x8, 0x3c                       spcl_Mhandler+4
x8 <- 0x0000000080002CB0

mem[X,0x0000000080002C7C] -> 0x0433
mem[X,0x0000000080002C7E] -> 0x0074
[2503] [M]: 0x0000000080002C7C (0x00740433) add x8, x8, x7                          spcl_Mhandler+8
x8 <- 0x0000000080002EB0

clint mtime 0x00000000000004E4 (mip.MTI <- 0b1, mip.STI <- 0b0)
mem[X,0x0000000080002C80] -> 0x1393
mem[X,0x0000000080002C82] -> 0x0035
[2504] [M]: 0x0000000080002C80 (0x00351393) slli x7, x10, 0x3                       spcl_Mhandler+12
x7 <- 0x0000000000000010

mem[X,0x0000000080002C84] -> 0x0433
mem[X,0x0000000080002C86] -> 0x0074
[2505] [M]: 0x0000000080002C84 (0x00740433) add x8, x8, x7                          spcl_Mhandler+16
x8 <- 0x0000000080002EC0

clint mtime 0x00000000000004E5 (mip.MTI <- 0b1, mip.STI <- 0b0)
mem[X,0x0000000080002C88] -> 0x7413
mem[X,0x0000000080002C8A] -> 0xFF84
[2506] [M]: 0x0000000080002C88 (0xFF847413) andi x8, x8, -0x8                       spcl_Mhandler+20
x8 <- 0x0000000080002EC0

mem[X,0x0000000080002C8C] -> 0x3403
mem[X,0x0000000080002C8E] -> 0x0004
[2507] [M]: 0x0000000080002C8C (0x00043403) ld x8, 0x0(x8)                          spcl_Mhandler+24
mem[R,0x0000000080002EC0] -> 0x0000000000000005
x8 <- 0x0000000000000005

clint mtime 0x00000000000004E6 (mip.MTI <- 0b1, mip.STI <- 0b0)
mem[X,0x0000000080002C90] -> 0x02E3
mem[X,0x0000000080002C92] -> 0xB004
[2508] [M]: 0x0000000080002C90 (0xB00402E3) beq x8, x0, -0x4fc                      spcl_Mdispatch_hndling+0

mem[X,0x0000000080002C94] -> 0x1393
mem[X,0x0000000080002C96] -> 0x03F4
[2509] [M]: 0x0000000080002C94 (0x03F41393) slli x7, x8, 0x3f                       spcl_Mdispatch_hndling+4
x7 <- 0x8000000000000000

clint mtime 0x00000000000004E7 (mip.MTI <- 0b1, mip.STI <- 0b0)
mem[X,0x0000000080002C98] -> 0xD863
mem[X,0x0000000080002C9A] -> 0x0003
[2510] [M]: 0x0000000080002C98 (0x0003D863) bge x7, x0, 0x10                        spcl_Mdispatch_hndling+8

mem[X,0x0000000080002C9C] -> 0x5413
mem[X,0x0000000080002C9E] -> 0x0014
[2511] [M]: 0x0000000080002C9C (0x00145413) srli x8, x8, 0x1                        spcl_Mdispatch_hndling+12
x8 <- 0x0000000000000002

clint mtime 0x00000000000004E8 (mip.MTI <- 0b1, mip.STI <- 0b0)
mem[X,0x0000000080002CA0] -> 0x0CE3
mem[X,0x0000000080002CA2] -> 0xF885
[2512] [M]: 0x0000000080002CA0 (0xF8850CE3) beq x10, x8, -0x68                      spcl_Mdispatch_hndling+16

mem[X,0x0000000080002C38] -> 0x3303
mem[X,0x0000000080002C3A] -> 0x2601
[2513] [M]: 0x0000000080002C38 (0x26013303) ld x6, 0x260(x2)                        resto_Mrtn+0
mem[R,0x0000000080005260] -> 0xFFFFFFFF7FFFE80C
x6 <- 0xFFFFFFFF7FFFE80C

clint mtime 0x00000000000004E9 (mip.MTI <- 0b1, mip.STI <- 0b0)
mem[X,0x0000000080002C3C] -> 0x3383
mem[X,0x0000000080002C3E] -> 0x2681
[2514] [M]: 0x0000000080002C3C (0x26813383) ld x7, 0x268(x2)                        resto_Mrtn+4
mem[R,0x0000000080005268] -> 0x0000000080005000
x7 <- 0x0000000080005000

mem[X,0x0000000080002C40] -> 0x3403
mem[X,0x0000000080002C42] -> 0x2701
[2515] [M]: 0x0000000080002C40 (0x27013403) ld x8, 0x270(x2)                        resto_Mrtn+8
mem[R,0x0000000080005270] -> 0x0000000000007F76
x8 <- 0x0000000000007F76

clint mtime 0x00000000000004EA (mip.MTI <- 0b1, mip.STI <- 0b0)
mem[X,0x0000000080002C44] -> 0x3483
mem[X,0x0000000080002C46] -> 0x2781
[2516] [M]: 0x0000000080002C44 (0x27813483) ld x9, 0x278(x2)                        resto_Mrtn+12
mem[R,0x0000000080005278] -> 0x000003000000013C
x9 <- 0x000003000000013C

mem[X,0x0000000080002C48] -> 0x3503
mem[X,0x0000000080002C4A] -> 0x2801
[2517] [M]: 0x0000000080002C48 (0x28013503) ld x10, 0x280(x2)                       resto_Mrtn+16
mem[R,0x0000000080005280] -> 0x00000000200000DF
x10 <- 0x00000000200000DF

clint mtime 0x00000000000004EB (mip.MTI <- 0b1, mip.STI <- 0b0)
mem[X,0x0000000080002C4C] -> 0x3583
mem[X,0x0000000080002C4E] -> 0x2881
[2518] [M]: 0x0000000080002C4C (0x28813583) ld x11, 0x288(x2)                       resto_Mrtn+20
mem[R,0x0000000080005288] -> 0x00000000000000DF
x11 <- 0x00000000000000DF

mem[X,0x0000000080002C50] -> 0x3103
mem[X,0x0000000080002C52] -> 0x2901
[2519] [M]: 0x0000000080002C50 (0x29013103) ld x2, 0x290(x2)                        resto_Mrtn+24
mem[R,0x0000000080005290] -> 0x0000000000000000
x2 <- 0x0000000000000000

clint mtime 0x00000000000004EC (mip.MTI <- 0b1, mip.STI <- 0b0)
mem[X,0x0000000080002C54] -> 0x0073
mem[X,0x0000000080002C56] -> 0x3020
[2520] [M]: 0x0000000080002C54 (0x30200073) mret                                    resto_Mrtn+28
CSR mstatus (0x300) <- 0x0000000A00000080
ret-ing from M to U

PTW: Start, vpn=0x30080001, access_type=X, privilege=Umem[R,0x0000000080009030] -> 0x00000000000000DB
PTW: Step, level=3, pte=0xDB, pte_addr=0x80009030
PTW: Success, final_ppn=0x80001, level=3mem[X,0x0000000080001940] -> 0x07B7
PTW: Start, vpn=0x30080001, access_type=X, privilege=Umem[R,0x0000000080009030] -> 0x00000000000000DB
PTW: Step, level=3, pte=0xDB, pte_addr=0x80009030
PTW: Success, final_ppn=0x80001, level=3mem[X,0x0000000080001942] -> 0x0000
[2521] [U]: 0x0000030080001940 (0x000007B7) lui x15, 0x0                            va_rvtest_code_begin+3492
x15 <- 0x0000000000000000

clint mtime 0x00000000000004ED (mip.MTI <- 0b1, mip.STI <- 0b0)
PTW: Start, vpn=0x30080001, access_type=X, privilege=Umem[R,0x0000000080009030] -> 0x00000000000000DB
PTW: Step, level=3, pte=0xDB, pte_addr=0x80009030
PTW: Success, final_ppn=0x80001, level=3mem[X,0x0000000080001944] -> 0x8793
PTW: Start, vpn=0x30080001, access_type=X, privilege=Umem[R,0x0000000080009030] -> 0x00000000000000DB
PTW: Step, level=3, pte=0xDB, pte_addr=0x80009030
PTW: Success, final_ppn=0x80001, level=3mem[X,0x0000000080001946] -> 0x2807
[2522] [U]: 0x0000030080001944 (0x28078793) addi x15, x15, 0x280                    va_rvtest_code_begin+3496
x15 <- 0x0000000000000280

PTW: Start, vpn=0x30080001, access_type=X, privilege=Umem[R,0x0000000080009030] -> 0x00000000000000DB
PTW: Step, level=3, pte=0xDB, pte_addr=0x80009030
PTW: Success, final_ppn=0x80001, level=3mem[X,0x0000000080001948] -> 0x9793
PTW: Start, vpn=0x30080001, access_type=X, privilege=Umem[R,0x0000000080009030] -> 0x00000000000000DB
PTW: Step, level=3, pte=0xDB, pte_addr=0x80009030
PTW: Success, final_ppn=0x80001, level=3mem[X,0x000000008000194A] -> 0x00B7
[2523] [U]: 0x0000030080001948 (0x00B79793) slli x15, x15, 0xb                      va_rvtest_code_begin+3500
x15 <- 0x0000000000140000

clint mtime 0x00000000000004EE (mip.MTI <- 0b1, mip.STI <- 0b0)
PTW: Start, vpn=0x30080001, access_type=X, privilege=Umem[R,0x0000000080009030] -> 0x00000000000000DB
PTW: Step, level=3, pte=0xDB, pte_addr=0x80009030
PTW: Success, final_ppn=0x80001, level=3mem[X,0x000000008000194C] -> 0x8793
PTW: Start, vpn=0x30080001, access_type=X, privilege=Umem[R,0x0000000080009030] -> 0x00000000000000DB
PTW: Step, level=3, pte=0xDB, pte_addr=0x80009030
PTW: Success, final_ppn=0x80001, level=3mem[X,0x000000008000194E] -> 0x0007
[2524] [U]: 0x000003008000194C (0x00078793) addi x15, x15, 0x0                      va_rvtest_code_begin+3504
x15 <- 0x0000000000140000

PTW: Start, vpn=0x30080001, access_type=X, privilege=Umem[R,0x0000000080009030] -> 0x00000000000000DB
PTW: Step, level=3, pte=0xDB, pte_addr=0x80009030
PTW: Success, final_ppn=0x80001, level=3mem[X,0x0000000080001950] -> 0x9793
PTW: Start, vpn=0x30080001, access_type=X, privilege=Umem[R,0x0000000080009030] -> 0x00000000000000DB
PTW: Step, level=3, pte=0xDB, pte_addr=0x80009030
PTW: Success, final_ppn=0x80001, level=3mem[X,0x0000000080001952] -> 0x00B7
[2525] [U]: 0x0000030080001950 (0x00B79793) slli x15, x15, 0xb                      va_rvtest_code_begin+3508
x15 <- 0x00000000A0000000

clint mtime 0x00000000000004EF (mip.MTI <- 0b1, mip.STI <- 0b0)
PTW: Start, vpn=0x30080001, access_type=X, privilege=Umem[R,0x0000000080009030] -> 0x00000000000000DB
PTW: Step, level=3, pte=0xDB, pte_addr=0x80009030
PTW: Success, final_ppn=0x80001, level=3mem[X,0x0000000080001954] -> 0x8793
PTW: Start, vpn=0x30080001, access_type=X, privilege=Umem[R,0x0000000080009030] -> 0x00000000000000DB
PTW: Step, level=3, pte=0xDB, pte_addr=0x80009030
PTW: Success, final_ppn=0x80001, level=3mem[X,0x0000000080001956] -> 0x0017
[2526] [U]: 0x0000030080001954 (0x00178793) addi x15, x15, 0x1                      va_rvtest_code_begin+3512
x15 <- 0x00000000A0000001

PTW: Start, vpn=0x30080001, access_type=X, privilege=Umem[R,0x0000000080009030] -> 0x00000000000000DB
PTW: Step, level=3, pte=0xDB, pte_addr=0x80009030
PTW: Success, final_ppn=0x80001, level=3mem[X,0x0000000080001958] -> 0x9793
PTW: Start, vpn=0x30080001, access_type=X, privilege=Umem[R,0x0000000080009030] -> 0x00000000000000DB
PTW: Step, level=3, pte=0xDB, pte_addr=0x80009030
PTW: Success, final_ppn=0x80001, level=3mem[X,0x000000008000195A] -> 0x00A7
[2527] [U]: 0x0000030080001958 (0x00A79793) slli x15, x15, 0xa                      va_rvtest_code_begin+3516
x15 <- 0x0000028000000400

clint mtime 0x00000000000004F0 (mip.MTI <- 0b1, mip.STI <- 0b0)
PTW: Start, vpn=0x30080001, access_type=X, privilege=Umem[R,0x0000000080009030] -> 0x00000000000000DB
PTW: Step, level=3, pte=0xDB, pte_addr=0x80009030
PTW: Success, final_ppn=0x80001, level=3mem[X,0x000000008000195C] -> 0x0613
PTW: Start, vpn=0x30080001, access_type=X, privilege=Umem[R,0x0000000080009030] -> 0x00000000000000DB
PTW: Step, level=3, pte=0xDB, pte_addr=0x80009030
PTW: Success, final_ppn=0x80001, level=3mem[X,0x000000008000195E] -> 0x0106
[2528] [U]: 0x000003008000195C (0x01060613) addi x12, x12, 0x10                     va_rvtest_code_begin+3520
x12 <- 0x0000000000000060

PTW: Start, vpn=0x30080001, access_type=X, privilege=Umem[R,0x0000000080009030] -> 0x00000000000000DB
PTW: Step, level=3, pte=0xDB, pte_addr=0x80009030
PTW: Success, final_ppn=0x80001, level=3mem[X,0x0000000080001960] -> 0xAA23
PTW: Start, vpn=0x30080001, access_type=X, privilege=Umem[R,0x0000000080009030] -> 0x00000000000000DB
PTW: Step, level=3, pte=0xDB, pte_addr=0x80009030
PTW: Success, final_ppn=0x80001, level=3mem[X,0x0000000080001962] -> 0x00C7
[2529] [U]: 0x0000030080001960 (0x00C7AA23) sw x12, 0x14(x15)                       va_rvtest_code_begin+3524
PTW: Start, vpn=0x28000000, access_type=W, privilege=Umem[R,0x0000000080009028] -> 0x0000000020002001
PTW: Step, level=3, pte=0x20002001, pte_addr=0x80009028
PTW: Start, vpn=0x28000000, access_type=W, privilege=Umem[R,0x0000000080008000] -> 0x00000000200000DF
PTW: Step, level=2, pte=0x200000DF, pte_addr=0x80008000
PTW: Success, final_ppn=0x80000, level=2mem[W,0x0000000080000414] <- 0x00000060

clint mtime 0x00000000000004F1 (mip.MTI <- 0b1, mip.STI <- 0b0)
PTW: Start, vpn=0x30080001, access_type=X, privilege=Umem[R,0x0000000080009030] -> 0x00000000000000DB
PTW: Step, level=3, pte=0xDB, pte_addr=0x80009030
PTW: Success, final_ppn=0x80001, level=3mem[X,0x0000000080001964] -> 0x0013
PTW: Start, vpn=0x30080001, access_type=X, privilege=Umem[R,0x0000000080009030] -> 0x00000000000000DB
PTW: Step, level=3, pte=0xDB, pte_addr=0x80009030
PTW: Success, final_ppn=0x80001, level=3mem[X,0x0000000080001966] -> 0x0000
[2530] [U]: 0x0000030080001964 (0x00000013) addi x0, x0, 0x0                        va_rvtest_code_begin+3528

PTW: Start, vpn=0x30080001, access_type=X, privilege=Umem[R,0x0000000080009030] -> 0x00000000000000DB
PTW: Step, level=3, pte=0xDB, pte_addr=0x80009030
PTW: Success, final_ppn=0x80001, level=3mem[X,0x0000000080001968] -> 0xA703
PTW: Start, vpn=0x30080001, access_type=X, privilege=Umem[R,0x0000000080009030] -> 0x00000000000000DB
PTW: Step, level=3, pte=0xDB, pte_addr=0x80009030
PTW: Success, final_ppn=0x80001, level=3mem[X,0x000000008000196A] -> 0x0147
[2531] [U]: 0x0000030080001968 (0x0147A703) lw x14, 0x14(x15)                       va_rvtest_code_begin+3532
PTW: Start, vpn=0x28000000, access_type=R, privilege=Umem[R,0x0000000080009028] -> 0x0000000020002001
PTW: Step, level=3, pte=0x20002001, pte_addr=0x80009028
PTW: Start, vpn=0x28000000, access_type=R, privilege=Umem[R,0x0000000080008000] -> 0x00000000200000DF
PTW: Step, level=2, pte=0x200000DF, pte_addr=0x80008000
PTW: Success, final_ppn=0x80000, level=2mem[R,0x0000000080000414] -> 0x00000060
x14 <- 0x0000000000000060

clint mtime 0x00000000000004F2 (mip.MTI <- 0b1, mip.STI <- 0b0)
PTW: Start, vpn=0x30080001, access_type=X, privilege=Umem[R,0x0000000080009030] -> 0x00000000000000DB
PTW: Step, level=3, pte=0xDB, pte_addr=0x80009030
PTW: Success, final_ppn=0x80001, level=3mem[X,0x000000008000196C] -> 0x0013
PTW: Start, vpn=0x30080001, access_type=X, privilege=Umem[R,0x0000000080009030] -> 0x00000000000000DB
PTW: Step, level=3, pte=0xDB, pte_addr=0x80009030
PTW: Success, final_ppn=0x80001, level=3mem[X,0x000000008000196E] -> 0x0000
[2532] [U]: 0x000003008000196C (0x00000013) addi x0, x0, 0x0                        va_rvtest_code_begin+3536

PTW: Start, vpn=0x30080001, access_type=X, privilege=Umem[R,0x0000000080009030] -> 0x00000000000000DB
PTW: Step, level=3, pte=0xDB, pte_addr=0x80009030
PTW: Success, final_ppn=0x80001, level=3mem[X,0x0000000080001970] -> 0x51B7
PTW: Start, vpn=0x30080001, access_type=X, privilege=Umem[R,0x0000000080009030] -> 0x00000000000000DB
PTW: Step, level=3, pte=0xDB, pte_addr=0x80009030
PTW: Success, final_ppn=0x80001, level=3mem[X,0x0000000080001972] -> 0x0000
[2533] [U]: 0x0000030080001970 (0x000051B7) lui x3, 0x5                             va_rvtest_code_begin+3540
x3 <- 0x0000000000005000

clint mtime 0x00000000000004F3 (mip.MTI <- 0b1, mip.STI <- 0b0)
PTW: Start, vpn=0x30080001, access_type=X, privilege=Umem[R,0x0000000080009030] -> 0x00000000000000DB
PTW: Step, level=3, pte=0xDB, pte_addr=0x80009030
PTW: Success, final_ppn=0x80001, level=3mem[X,0x0000000080001974] -> 0x8193
PTW: Start, vpn=0x30080001, access_type=X, privilege=Umem[R,0x0000000080009030] -> 0x00000000000000DB
PTW: Step, level=3, pte=0xDB, pte_addr=0x80009030
PTW: Success, final_ppn=0x80001, level=3mem[X,0x0000000080001976] -> 0x6671
[2534] [U]: 0x0000030080001974 (0x66718193) addi x3, x3, 0x667                      va_rvtest_code_begin+3544
x3 <- 0x0000000000005667

PTW: Start, vpn=0x30080001, access_type=X, privilege=Umem[R,0x0000000080009030] -> 0x00000000000000DB
PTW: Step, level=3, pte=0xDB, pte_addr=0x80009030
PTW: Success, final_ppn=0x80001, level=3mem[X,0x0000000080001978] -> 0x9193
PTW: Start, vpn=0x30080001, access_type=X, privilege=Umem[R,0x0000000080009030] -> 0x00000000000000DB
PTW: Step, level=3, pte=0xDB, pte_addr=0x80009030
PTW: Success, final_ppn=0x80001, level=3mem[X,0x000000008000197A] -> 0x0011
[2535] [U]: 0x0000030080001978 (0x00119193) slli x3, x3, 0x1                        va_rvtest_code_begin+3548
x3 <- 0x000000000000ACCE

clint mtime 0x00000000000004F4 (mip.MTI <- 0b1, mip.STI <- 0b0)
PTW: Start, vpn=0x30080001, access_type=X, privilege=Umem[R,0x0000000080009030] -> 0x00000000000000DB
PTW: Step, level=3, pte=0xDB, pte_addr=0x80009030
PTW: Success, final_ppn=0x80001, level=3mem[X,0x000000008000197C] -> 0x0013
PTW: Start, vpn=0x30080001, access_type=X, privilege=Umem[R,0x0000000080009030] -> 0x00000000000000DB
PTW: Step, level=3, pte=0xDB, pte_addr=0x80009030
PTW: Success, final_ppn=0x80001, level=3mem[X,0x000000008000197E] -> 0x0000
[2536] [U]: 0x000003008000197C (0x00000013) addi x0, x0, 0x0                        va_rvtest_code_begin+3552

PTW: Start, vpn=0x30080001, access_type=X, privilege=Umem[R,0x0000000080009030] -> 0x00000000000000DB
PTW: Step, level=3, pte=0xDB, pte_addr=0x80009030
PTW: Success, final_ppn=0x80001, level=3mem[X,0x0000000080001980] -> 0x0217
PTW: Start, vpn=0x30080001, access_type=X, privilege=Umem[R,0x0000000080009030] -> 0x00000000000000DB
PTW: Step, level=3, pte=0xDB, pte_addr=0x80009030
PTW: Success, final_ppn=0x80001, level=3mem[X,0x0000000080001982] -> 0x0000
[2537] [U]: 0x0000030080001980 (0x00000217) auipc x4, 0x0                           va_rvtest_code_begin+3556
x4 <- 0x0000030080001980

clint mtime 0x00000000000004F5 (mip.MTI <- 0b1, mip.STI <- 0b0)
PTW: Start, vpn=0x30080001, access_type=X, privilege=Umem[R,0x0000000080009030] -> 0x00000000000000DB
PTW: Step, level=3, pte=0xDB, pte_addr=0x80009030
PTW: Success, final_ppn=0x80001, level=3mem[X,0x0000000080001984] -> 0x0213
PTW: Start, vpn=0x30080001, access_type=X, privilege=Umem[R,0x0000000080009030] -> 0x00000000000000DB
PTW: Step, level=3, pte=0xDB, pte_addr=0x80009030
PTW: Success, final_ppn=0x80001, level=3mem[X,0x0000000080001986] -> 0x02C2
[2538] [U]: 0x0000030080001984 (0x02C20213) addi x4, x4, 0x2c                       va_rvtest_code_begin+3560
x4 <- 0x00000300800019AC

PTW: Start, vpn=0x30080001, access_type=X, privilege=Umem[R,0x0000000080009030] -> 0x00000000000000DB
PTW: Step, level=3, pte=0xDB, pte_addr=0x80009030
PTW: Success, final_ppn=0x80001, level=3mem[X,0x0000000080001988] -> 0x0001
[2539] [U]: 0x0000030080001988 (0x0001) c.nop                                       va_rvtest_code_begin+3564

clint mtime 0x00000000000004F6 (mip.MTI <- 0b1, mip.STI <- 0b0)
PTW: Start, vpn=0x30080001, access_type=X, privilege=Umem[R,0x0000000080009030] -> 0x00000000000000DB
PTW: Step, level=3, pte=0xDB, pte_addr=0x80009030
PTW: Success, final_ppn=0x80001, level=3mem[X,0x000000008000198A] -> 0x0013
PTW: Start, vpn=0x30080001, access_type=X, privilege=Umem[R,0x0000000080009030] -> 0x00000000000000DB
PTW: Step, level=3, pte=0xDB, pte_addr=0x80009030
PTW: Success, final_ppn=0x80001, level=3mem[X,0x000000008000198C] -> 0x0000
[2540] [U]: 0x000003008000198A (0x00000013) addi x0, x0, 0x0                        va_rvtest_code_begin+3566

PTW: Start, vpn=0x30080001, access_type=X, privilege=Umem[R,0x0000000080009030] -> 0x00000000000000DB
PTW: Step, level=3, pte=0xDB, pte_addr=0x80009030
PTW: Success, final_ppn=0x80001, level=3mem[X,0x000000008000198E] -> 0x0013
PTW: Start, vpn=0x30080001, access_type=X, privilege=Umem[R,0x0000000080009030] -> 0x00000000000000DB
PTW: Step, level=3, pte=0xDB, pte_addr=0x80009030
PTW: Success, final_ppn=0x80001, level=3mem[X,0x0000000080001990] -> 0x0000
[2541] [U]: 0x000003008000198E (0x00000013) addi x0, x0, 0x0                        va_rvtest_code_begin+3570

clint mtime 0x00000000000004F7 (mip.MTI <- 0b1, mip.STI <- 0b0)
PTW: Start, vpn=0x30080001, access_type=X, privilege=Umem[R,0x0000000080009030] -> 0x00000000000000DB
PTW: Step, level=3, pte=0xDB, pte_addr=0x80009030
PTW: Success, final_ppn=0x80001, level=3mem[X,0x0000000080001992] -> 0x0013
PTW: Start, vpn=0x30080001, access_type=X, privilege=Umem[R,0x0000000080009030] -> 0x00000000000000DB
PTW: Step, level=3, pte=0xDB, pte_addr=0x80009030
PTW: Success, final_ppn=0x80001, level=3mem[X,0x0000000080001994] -> 0x0000
[2542] [U]: 0x0000030080001992 (0x00000013) addi x0, x0, 0x0                        va_rvtest_code_begin+3574

PTW: Start, vpn=0x30080001, access_type=X, privilege=Umem[R,0x0000000080009030] -> 0x00000000000000DB
PTW: Step, level=3, pte=0xDB, pte_addr=0x80009030
PTW: Success, final_ppn=0x80001, level=3mem[X,0x0000000080001996] -> 0x0013
PTW: Start, vpn=0x30080001, access_type=X, privilege=Umem[R,0x0000000080009030] -> 0x00000000000000DB
PTW: Step, level=3, pte=0xDB, pte_addr=0x80009030
PTW: Success, final_ppn=0x80001, level=3mem[X,0x0000000080001998] -> 0x0000
[2543] [U]: 0x0000030080001996 (0x00000013) addi x0, x0, 0x0                        va_rvtest_code_begin+3578

clint mtime 0x00000000000004F8 (mip.MTI <- 0b1, mip.STI <- 0b0)
PTW: Start, vpn=0x30080001, access_type=X, privilege=Umem[R,0x0000000080009030] -> 0x00000000000000DB
PTW: Step, level=3, pte=0xDB, pte_addr=0x80009030
PTW: Success, final_ppn=0x80001, level=3mem[X,0x000000008000199A] -> 0x0013
PTW: Start, vpn=0x30080001, access_type=X, privilege=Umem[R,0x0000000080009030] -> 0x00000000000000DB
PTW: Step, level=3, pte=0xDB, pte_addr=0x80009030
PTW: Success, final_ppn=0x80001, level=3mem[X,0x000000008000199C] -> 0x0000
[2544] [U]: 0x000003008000199A (0x00000013) addi x0, x0, 0x0                        va_rvtest_code_begin+3582

PTW: Start, vpn=0x30080001, access_type=X, privilege=Umem[R,0x0000000080009030] -> 0x00000000000000DB
PTW: Step, level=3, pte=0xDB, pte_addr=0x80009030
PTW: Success, final_ppn=0x80001, level=3mem[X,0x000000008000199E] -> 0x0001
[2545] [U]: 0x000003008000199E (0x0001) c.nop                                       va_rvtest_code_begin+3586

clint mtime 0x00000000000004F9 (mip.MTI <- 0b1, mip.STI <- 0b0)
PTW: Start, vpn=0x30080001, access_type=X, privilege=Umem[R,0x0000000080009030] -> 0x00000000000000DB
PTW: Step, level=3, pte=0xDB, pte_addr=0x80009030
PTW: Success, final_ppn=0x80001, level=3mem[X,0x00000000800019A0] -> 0x80E7
PTW: Start, vpn=0x30080001, access_type=X, privilege=Umem[R,0x0000000080009030] -> 0x00000000000000DB
PTW: Step, level=3, pte=0xDB, pte_addr=0x80009030
PTW: Success, final_ppn=0x80001, level=3mem[X,0x00000000800019A2] -> 0x0007
[2546] [U]: 0x00000300800019A0 (0x000780E7) jalr x1, 0x0(x15)                       va_rvtest_code_begin+3588
x1 <- 0x00000300800019A4

PTW: Start, vpn=0x28000000, access_type=X, privilege=Umem[R,0x0000000080009028] -> 0x0000000020002001
PTW: Step, level=3, pte=0x20002001, pte_addr=0x80009028
PTW: Start, vpn=0x28000000, access_type=X, privilege=Umem[R,0x0000000080008000] -> 0x00000000200000DF
PTW: Step, level=2, pte=0x200000DF, pte_addr=0x80008000
PTW: Success, final_ppn=0x80000, level=2trapping from U to M to handle fetch-access-fault
handling exc#fetch-access-fault at priv M with tval 0x0000028000000400
CSR mstatus (0x300) <- 0x0000000A00000000
CSR mcause (0x342) <- 0x0000000000000001
CSR mtval (0x343) <- 0x0000028000000400
CSR mepc (0x341) <- 0x0000028000000400

clint mtime 0x00000000000004FA (mip.MTI <- 0b1, mip.STI <- 0b0)
mem[X,0x0000000080002800] -> 0x006F
mem[X,0x0000000080002802] -> 0x1000
[2548] [M]: 0x0000000080002800 (0x1000006F) jal x0, 0x100                           Mtrampoline+0

mem[X,0x0000000080002900] -> 0x1173
mem[X,0x0000000080002902] -> 0x3401
[2549] [M]: 0x0000000080002900 (0x34011173) csrrw x2, mscratch, x2                  trap_Mhandler+0
CSR mscratch (0x340) <- 0x0000000000000000
x2 <- 0x0000000080005000

clint mtime 0x00000000000004FB (mip.MTI <- 0b1, mip.STI <- 0b0)
mem[X,0x0000000080002904] -> 0x3423
mem[X,0x0000000080002906] -> 0x28B1
[2550] [M]: 0x0000000080002904 (0x28B13423) sd x11, 0x288(x2)                       trap_Mhandler+4
mem[W,0x0000000080005288] <- 0x00000000000000DF

mem[X,0x0000000080002908] -> 0x05EF
mem[X,0x000000008000290A] -> 0x0B80
[2551] [M]: 0x0000000080002908 (0x0B8005EF) jal x11, 0xb8                           trap_Mhandler+8
x11 <- 0x000000008000290C

clint mtime 0x00000000000004FC (mip.MTI <- 0b1, mip.STI <- 0b0)
mem[X,0x00000000800029C0] -> 0x3023
mem[X,0x00000000800029C2] -> 0x28A1
[2552] [M]: 0x00000000800029C0 (0x28A13023) sd x10, 0x280(x2)                       common_Mhandler+0
mem[W,0x0000000080005280] <- 0x00000000200000DF

mem[X,0x00000000800029C4] -> 0x1573
mem[X,0x00000000800029C6] -> 0x3401
[2553] [M]: 0x00000000800029C4 (0x34011573) csrrw x10, mscratch, x2                 common_Mhandler+4
CSR mscratch (0x340) <- 0x0000000080005000
x10 <- 0x0000000000000000

clint mtime 0x00000000000004FD (mip.MTI <- 0b1, mip.STI <- 0b0)
mem[X,0x00000000800029C8] -> 0x3823
mem[X,0x00000000800029CA] -> 0x28A1
[2554] [M]: 0x00000000800029C8 (0x28A13823) sd x10, 0x290(x2)                       common_Mhandler+8
mem[W,0x0000000080005290] <- 0x0000000000000000

mem[X,0x00000000800029CC] -> 0x3503
mem[X,0x00000000800029CE] -> 0x2301
[2555] [M]: 0x00000000800029CC (0x23013503) ld x10, 0x230(x2)                       common_Mhandler+12
mem[R,0x0000000080005230] -> 0x00000000800029D4
x10 <- 0x00000000800029D4

clint mtime 0x00000000000004FE (mip.MTI <- 0b1, mip.STI <- 0b0)
mem[X,0x00000000800029D0] -> 0x0067
mem[X,0x00000000800029D2] -> 0x0005
[2556] [M]: 0x00000000800029D0 (0x00050067) jalr x0, 0x0(x10)                       common_Mhandler+16

mem[X,0x00000000800029D4] -> 0x3C23
mem[X,0x00000000800029D6] -> 0x2691
[2557] [M]: 0x00000000800029D4 (0x26913C23) sd x9, 0x278(x2)                        common_Mentry+0
mem[W,0x0000000080005278] <- 0x000003000000013C

clint mtime 0x00000000000004FF (mip.MTI <- 0b1, mip.STI <- 0b0)
mem[X,0x00000000800029D8] -> 0x3823
mem[X,0x00000000800029DA] -> 0x2681
[2558] [M]: 0x00000000800029D8 (0x26813823) sd x8, 0x270(x2)                        common_Mentry+4
mem[W,0x0000000080005270] <- 0x0000000000007F76

mem[X,0x00000000800029DC] -> 0x3423
mem[X,0x00000000800029DE] -> 0x2671
[2559] [M]: 0x00000000800029DC (0x26713423) sd x7, 0x268(x2)                        common_Mentry+8
mem[W,0x0000000080005268] <- 0x0000000080005000

clint mtime 0x0000000000000500 (mip.MTI <- 0b1, mip.STI <- 0b0)
mem[X,0x00000000800029E0] -> 0x3023
mem[X,0x00000000800029E2] -> 0x2661
[2560] [M]: 0x00000000800029E0 (0x26613023) sd x6, 0x260(x2)                        common_Mentry+12
mem[W,0x0000000080005260] <- 0xFFFFFFFF7FFFE80C

mem[X,0x00000000800029E4] -> 0x2573
mem[X,0x00000000800029E6] -> 0x3420
[2561] [M]: 0x00000000800029E4 (0x34202573) csrrs x10, mcause, x0                   spcl_M2mmode_test+0
CSR mcause (0x342) -> 0x0000000000000001
x10 <- 0x0000000000000001

clint mtime 0x0000000000000501 (mip.MTI <- 0b1, mip.STI <- 0b0)
mem[X,0x00000000800029E8] -> 0x04B7
mem[X,0x00000000800029EA] -> 0x8000
[2562] [M]: 0x00000000800029E8 (0x800004B7) lui x9, -0x80000                        spcl_M2mmode_test+4
x9 <- 0xFFFFFFFF80000000

mem[X,0x00000000800029EC] -> 0x8493
mem[X,0x00000000800029EE] -> 0x0004
[2563] [M]: 0x00000000800029EC (0x00048493) addi x9, x9, 0x0                        spcl_M2mmode_test+8
x9 <- 0xFFFFFFFF80000000

clint mtime 0x0000000000000502 (mip.MTI <- 0b1, mip.STI <- 0b0)
mem[X,0x00000000800029F0] -> 0x9493
mem[X,0x00000000800029F2] -> 0x00B4
[2564] [M]: 0x00000000800029F0 (0x00B49493) slli x9, x9, 0xb                        spcl_M2mmode_test+12
x9 <- 0xFFFFFC0000000000

mem[X,0x00000000800029F4] -> 0x8493
mem[X,0x00000000800029F6] -> 0x0004
[2565] [M]: 0x00000000800029F4 (0x00048493) addi x9, x9, 0x0                        spcl_M2mmode_test+16
x9 <- 0xFFFFFC0000000000

clint mtime 0x0000000000000503 (mip.MTI <- 0b1, mip.STI <- 0b0)
mem[X,0x00000000800029F8] -> 0x9493
mem[X,0x00000000800029FA] -> 0x00B4
[2566] [M]: 0x00000000800029F8 (0x00B49493) slli x9, x9, 0xb                        spcl_M2mmode_test+20
x9 <- 0xFFE0000000000000

mem[X,0x00000000800029FC] -> 0x8493
mem[X,0x00000000800029FE] -> 0x0034
[2567] [M]: 0x00000000800029FC (0x00348493) addi x9, x9, 0x3                        spcl_M2mmode_test+24
x9 <- 0xFFE0000000000003

clint mtime 0x0000000000000504 (mip.MTI <- 0b1, mip.STI <- 0b0)
mem[X,0x0000000080002A00] -> 0x9493
mem[X,0x0000000080002A02] -> 0x00A4
[2568] [M]: 0x0000000080002A00 (0x00A49493) slli x9, x9, 0xa                        spcl_M2mmode_test+28
x9 <- 0x8000000000000C00

mem[X,0x0000000080002A04] -> 0x8493
mem[X,0x0000000080002A06] -> 0x3FC4
[2569] [M]: 0x0000000080002A04 (0x3FC48493) addi x9, x9, 0x3fc                      spcl_M2mmode_test+32
x9 <- 0x8000000000000FFC

clint mtime 0x0000000000000505 (mip.MTI <- 0b1, mip.STI <- 0b0)
mem[X,0x0000000080002A08] -> 0xF4B3
mem[X,0x0000000080002A0A] -> 0x00A4
[2570] [M]: 0x0000000080002A08 (0x00A4F4B3) and x9, x9, x10                         spcl_M2mmode_test+36
x9 <- 0x0000000000000000

mem[X,0x0000000080002A0C] -> 0x8493
mem[X,0x0000000080002A0E] -> 0xFF84
[2571] [M]: 0x0000000080002A0C (0xFF848493) addi x9, x9, -0x8                       spcl_M2mmode_test+40
x9 <- 0xFFFFFFFFFFFFFFF8

clint mtime 0x0000000000000506 (mip.MTI <- 0b1, mip.STI <- 0b0)
mem[X,0x0000000080002A10] -> 0x9663
mem[X,0x0000000080002A12] -> 0x0004
[2572] [M]: 0x0000000080002A10 (0x00049663) bne x9, x0, 0xc                         spcl_M2mmode_test+44

mem[X,0x0000000080002A1C] -> 0x0393
mem[X,0x0000000080002A1E] -> 0x0200
[2573] [M]: 0x0000000080002A1C (0x02000393) addi x7, x0, 0x20                       Mtrapsig_ptr_upd+0
x7 <- 0x0000000000000020

clint mtime 0x0000000000000507 (mip.MTI <- 0b1, mip.STI <- 0b0)
mem[X,0x0000000080002A20] -> 0x5263
mem[X,0x0000000080002A22] -> 0x0405
[2574] [M]: 0x0000000080002A20 (0x04055263) bge x10, x0, 0x44                       Mtrapsig_ptr_upd+4

mem[X,0x0000000080002A64] -> 0x2373
mem[X,0x0000000080002A66] -> 0x3010
[2575] [M]: 0x0000000080002A64 (0x30102373) csrrs x6, misa, x0                      Mxcpt_sig_sv+0
CSR misa (0x301) -> 0x800000000034112F
x6 <- 0x800000000034112F

clint mtime 0x0000000000000508 (mip.MTI <- 0b1, mip.STI <- 0b0)
mem[X,0x0000000080002A68] -> 0x1313
mem[X,0x0000000080002A6A] -> 0x0383
[2576] [M]: 0x0000000080002A68 (0x03831313) slli x6, x6, 0x38                       Mxcpt_sig_sv+4
x6 <- 0x2F00000000000000

mem[X,0x0000000080002A6C] -> 0x5463
mem[X,0x0000000080002A6E] -> 0x0003
[2577] [M]: 0x0000000080002A6C (0x00035463) bge x6, x0, 0x8                         Mxcpt_sig_sv+8

clint mtime 0x0000000000000509 (mip.MTI <- 0b1, mip.STI <- 0b0)
mem[X,0x0000000080002A74] -> 0x3303
mem[X,0x0000000080002A76] -> 0x2181
[2578] [M]: 0x0000000080002A74 (0x21813303) ld x6, 0x218(x2)                        Mtrap_sig_sv+0
mem[R,0x0000000080005218] -> 0x000000008000A478
x6 <- 0x000000008000A478

mem[X,0x0000000080002A78] -> 0x04B3
mem[X,0x0000000080002A7A] -> 0x0073
[2579] [M]: 0x0000000080002A78 (0x007304B3) add x9, x6, x7                          Mtrap_sig_sv+4
x9 <- 0x000000008000A498

clint mtime 0x000000000000050A (mip.MTI <- 0b1, mip.STI <- 0b0)
mem[X,0x0000000080002A7C] -> 0x3C23
mem[X,0x0000000080002A7E] -> 0x2091
[2580] [M]: 0x0000000080002A7C (0x20913C23) sd x9, 0x218(x2)                        Mtrap_sig_sv+8
mem[W,0x0000000080005218] <- 0x000000008000A498

mem[X,0x0000000080002A80] -> 0x3403
mem[X,0x0000000080002A82] -> 0x1F81
[2581] [M]: 0x0000000080002A80 (0x1F813403) ld x8, 0x1f8(x2)                        Mtrap_sig_sv+12
mem[R,0x00000000800051F8] -> 0x000000008000A110
x8 <- 0x000000008000A110

clint mtime 0x000000000000050B (mip.MTI <- 0b1, mip.STI <- 0b0)
mem[X,0x0000000080002A84] -> 0x0333
mem[X,0x0000000080002A86] -> 0x4083
[2582] [M]: 0x0000000080002A84 (0x40830333) sub x6, x6, x8                          Mtrap_sig_sv+16
x6 <- 0x0000000000000368

mem[X,0x0000000080002A88] -> 0x3403
mem[X,0x0000000080002A8A] -> 0x1F81
[2583] [M]: 0x0000000080002A88 (0x1F813403) ld x8, 0x1f8(x2)                        Mtrap_sig_sv+20
mem[R,0x00000000800051F8] -> 0x000000008000A110
x8 <- 0x000000008000A110

clint mtime 0x000000000000050C (mip.MTI <- 0b1, mip.STI <- 0b0)
mem[X,0x0000000080002A8C] -> 0x0333
mem[X,0x0000000080002A8E] -> 0x0083
[2584] [M]: 0x0000000080002A8C (0x00830333) add x6, x6, x8                          Mtrap_sig_sv+24
x6 <- 0x000000008000A478

mem[X,0x0000000080002A90] -> 0x3403
mem[X,0x0000000080002A92] -> 0x2401
[2585] [M]: 0x0000000080002A90 (0x24013403) ld x8, 0x240(x2)                        Mtrap_sig_sv+28
mem[R,0x0000000080005240] -> 0x0000000080002800
x8 <- 0x0000000080002800

clint mtime 0x000000000000050D (mip.MTI <- 0b1, mip.STI <- 0b0)
mem[X,0x0000000080002A94] -> 0x85B3
mem[X,0x0000000080002A96] -> 0x4085
[2586] [M]: 0x0000000080002A94 (0x408585B3) sub x11, x11, x8                        sv_Mvect+0
x11 <- 0x000000000000010C

mem[X,0x0000000080002A98] -> 0x9593
mem[X,0x0000000080002A9A] -> 0x0045
[2587] [M]: 0x0000000080002A98 (0x00459593) slli x11, x11, 0x4                      sv_Mvect+4
x11 <- 0x00000000000010C0

clint mtime 0x000000000000050E (mip.MTI <- 0b1, mip.STI <- 0b0)
mem[X,0x0000000080002A9C] -> 0xE5B3
mem[X,0x0000000080002A9E] -> 0x0075
[2588] [M]: 0x0000000080002A9C (0x0075E5B3) or x11, x11, x7                         sv_Mvect+8
x11 <- 0x00000000000010E0

mem[X,0x0000000080002AA0] -> 0x8593
mem[X,0x0000000080002AA2] -> 0x0035
[2589] [M]: 0x0000000080002AA0 (0x00358593) addi x11, x11, 0x3                      sv_Mvect+12
x11 <- 0x00000000000010E3

clint mtime 0x000000000000050F (mip.MTI <- 0b1, mip.STI <- 0b0)
mem[X,0x0000000080002AA4] -> 0x3023
mem[X,0x0000000080002AA6] -> 0x00B3
[2590] [M]: 0x0000000080002AA4 (0x00B33023) sd x11, 0x0(x6)                         sv_Mvect+16
mem[W,0x000000008000A478] <- 0x00000000000010E3

mem[X,0x0000000080002AA8] -> 0x3423
mem[X,0x0000000080002AAA] -> 0x00A3
[2591] [M]: 0x0000000080002AA8 (0x00A33423) sd x10, 0x8(x6)                         sv_Mcause+0
mem[W,0x000000008000A480] <- 0x0000000000000001

clint mtime 0x0000000000000510 (mip.MTI <- 0b1, mip.STI <- 0b0)
mem[X,0x0000000080002AAC] -> 0x4663
mem[X,0x0000000080002AAE] -> 0x1A05
[2592] [M]: 0x0000000080002AAC (0x1A054663) blt x10, x0, 0x1ac                      sv_Mcause+4

mem[X,0x0000000080002AB0] -> 0x25F3
mem[X,0x0000000080002AB2] -> 0x3000
[2593] [M]: 0x0000000080002AB0 (0x300025F3) csrrs x11, mstatus, x0                  common_Mexcpt_handler+0
CSR mstatus (0x300) -> 0x0000000A00000000
x11 <- 0x0000000A00000000

clint mtime 0x0000000000000511 (mip.MTI <- 0b1, mip.STI <- 0b0)
mem[X,0x0000000080002AB4] -> 0x9413
mem[X,0x0000000080002AB6] -> 0x02E5
[2594] [M]: 0x0000000080002AB4 (0x02E59413) slli x8, x11, 0x2e                      common_Mexcpt_handler+4
x8 <- 0x0000000000000000

mem[X,0x0000000080002AB8] -> 0x5463
mem[X,0x0000000080002ABA] -> 0x0004
[2595] [M]: 0x0000000080002AB8 (0x00045463) bge x8, x0, 0x8                         common_Mexcpt_handler+8

clint mtime 0x0000000000000512 (mip.MTI <- 0b1, mip.STI <- 0b0)
mem[X,0x0000000080002AC0] -> 0xD493
mem[X,0x0000000080002AC2] -> 0x00B5
[2596] [M]: 0x0000000080002AC0 (0x00B5D493) srli x9, x11, 0xb                       common_Mexcpt_handler+16
x9 <- 0x0000000001400000

mem[X,0x0000000080002AC4] -> 0xF493
mem[X,0x0000000080002AC6] -> 0x0034
[2597] [M]: 0x0000000080002AC4 (0x0034F493) andi x9, x9, 0x3                        common_Mexcpt_handler+20
x9 <- 0x0000000000000000

clint mtime 0x0000000000000513 (mip.MTI <- 0b1, mip.STI <- 0b0)
mem[X,0x0000000080002AC8] -> 0x8493
mem[X,0x0000000080002ACA] -> 0x0014
[2598] [M]: 0x0000000080002AC8 (0x00148493) addi x9, x9, 0x1                        common_Mexcpt_handler+24
x9 <- 0x0000000000000001

mem[X,0x0000000080002ACC] -> 0xF493
mem[X,0x0000000080002ACE] -> 0x0044
[2599] [M]: 0x0000000080002ACC (0x0044F493) andi x9, x9, 0x4                        common_Mexcpt_handler+28
x9 <- 0x0000000000000000

clint mtime 0x0000000000000514 (mip.MTI <- 0b1, mip.STI <- 0b0)
mem[X,0x0000000080002AD0] -> 0x0593
mem[X,0x0000000080002AD2] -> 0x05D0
[2600] [M]: 0x0000000080002AD0 (0x05D00593) addi x11, x0, 0x5d                      common_Mexcpt_handler+32
x11 <- 0x000000000000005D

mem[X,0x0000000080002AD4] -> 0xD5B3
mem[X,0x0000000080002AD6] -> 0x0095
[2601] [M]: 0x0000000080002AD4 (0x0095D5B3) srl x11, x11, x9                        common_Mexcpt_handler+36
x11 <- 0x000000000000005D

clint mtime 0x0000000000000515 (mip.MTI <- 0b1, mip.STI <- 0b0)
mem[X,0x0000000080002AD8] -> 0xF593
mem[X,0x0000000080002ADA] -> 0x0015
[2602] [M]: 0x0000000080002AD8 (0x0015F593) andi x11, x11, 0x1                      common_Mexcpt_handler+40
x11 <- 0x0000000000000001

mem[X,0x0000000080002ADC] -> 0x8EE3
mem[X,0x0000000080002ADE] -> 0xF405
[2603] [M]: 0x0000000080002ADC (0xF4058EE3) beq x11, x0, -0xa4                      common_Mexcpt_handler+44

clint mtime 0x0000000000000516 (mip.MTI <- 0b1, mip.STI <- 0b0)
mem[X,0x0000000080002AE0] -> 0x0593
mem[X,0x0000000080002AE2] -> 0x2980
[2604] [M]: 0x0000000080002AE0 (0x29800593) addi x11, x0, 0x298                     common_Mexcpt_handler+48
x11 <- 0x0000000000000298

mem[X,0x0000000080002AE4] -> 0xF413
mem[X,0x0000000080002AE6] -> 0x0014
[2605] [M]: 0x0000000080002AE4 (0x0014F413) andi x8, x9, 0x1                        common_Mexcpt_handler+52
x8 <- 0x0000000000000000

clint mtime 0x0000000000000517 (mip.MTI <- 0b1, mip.STI <- 0b0)
mem[X,0x0000000080002AE8] -> 0x95B3
mem[X,0x0000000080002AEA] -> 0x0085
[2606] [M]: 0x0000000080002AE8 (0x008595B3) sll x11, x11, x8                        common_Mexcpt_handler+56
x11 <- 0x0000000000000298

mem[X,0x0000000080002AEC] -> 0x9413
mem[X,0x0000000080002AEE] -> 0x03D4
[2607] [M]: 0x0000000080002AEC (0x03D49413) slli x8, x9, 0x3d                       common_Mexcpt_handler+60
x8 <- 0x0000000000000000

clint mtime 0x0000000000000518 (mip.MTI <- 0b1, mip.STI <- 0b0)
mem[X,0x0000000080002AF0] -> 0x5413
mem[X,0x0000000080002AF2] -> 0x43F4
[2608] [M]: 0x0000000080002AF0 (0x43F45413) srai x8, x8, 0x3f                       common_Mexcpt_handler+64
x8 <- 0x0000000000000000

mem[X,0x0000000080002AF4] -> 0x4413
mem[X,0x0000000080002AF6] -> 0xFFF4
[2609] [M]: 0x0000000080002AF4 (0xFFF44413) xori x8, x8, -0x1                       common_Mexcpt_handler+68
x8 <- 0xFFFFFFFFFFFFFFFF

clint mtime 0x0000000000000519 (mip.MTI <- 0b1, mip.STI <- 0b0)
mem[X,0x0000000080002AF8] -> 0xF4B3
mem[X,0x0000000080002AFA] -> 0x0085
[2610] [M]: 0x0000000080002AF8 (0x0085F4B3) and x9, x11, x8                         common_Mexcpt_handler+72
x9 <- 0x0000000000000298

mem[X,0x0000000080002AFC] -> 0x84B3
mem[X,0x0000000080002AFE] -> 0x0024
[2611] [M]: 0x0000000080002AFC (0x002484B3) add x9, x9, x2                          vmem_adj_Mepc+0
x9 <- 0x0000000080005298

clint mtime 0x000000000000051A (mip.MTI <- 0b1, mip.STI <- 0b0)
mem[X,0x0000000080002B00] -> 0x23F3
mem[X,0x0000000080002B02] -> 0x3410
[2612] [M]: 0x0000000080002B00 (0x341023F3) csrrs x7, mepc, x0                      vmem_adj_Mepc+4
CSR mepc (0x341) -> 0x0000028000000400
x7 <- 0x0000028000000400

mem[X,0x0000000080002B04] -> 0x0413
mem[X,0x0000000080002B06] -> 0x0004
[2613] [M]: 0x0000000080002B04 (0x00040413) addi x8, x8, 0x0                        vmem_adj_Mepc+8
x8 <- 0xFFFFFFFFFFFFFFFF

clint mtime 0x000000000000051B (mip.MTI <- 0b1, mip.STI <- 0b0)
mem[X,0x0000000080002B08] -> 0x006F
mem[X,0x0000000080002B0A] -> 0x0400
[2614] [M]: 0x0000000080002B08 (0x0400006F) jal x0, 0x40                            vmem_adj_Mepc+12

mem[X,0x0000000080002B48] -> 0x8433
mem[X,0x0000000080002B4A] -> 0x4083
[2615] [M]: 0x0000000080002B48 (0x40838433) sub x8, x7, x8                          adj_Mepc+0
x8 <- 0x0000028000000401

clint mtime 0x000000000000051C (mip.MTI <- 0b1, mip.STI <- 0b0)
mem[X,0x0000000080002B4C] -> 0x3823
mem[X,0x0000000080002B4E] -> 0x0083
[2616] [M]: 0x0000000080002B4C (0x00833823) sd x8, 0x10(x6)                         sv_Mepc+0
mem[W,0x000000008000A488] <- 0x0000028000000401

mem[X,0x0000000080002B50] -> 0x55B7
mem[X,0x0000000080002B52] -> 0x0000
[2617] [M]: 0x0000000080002B50 (0x000055B7) lui x11, 0x5                            sv_Mepc+4
x11 <- 0x0000000000005000

clint mtime 0x000000000000051D (mip.MTI <- 0b1, mip.STI <- 0b0)
mem[X,0x0000000080002B54] -> 0x8593
mem[X,0x0000000080002B56] -> 0x6675
[2618] [M]: 0x0000000080002B54 (0x66758593) addi x11, x11, 0x667                    sv_Mepc+8
x11 <- 0x0000000000005667

mem[X,0x0000000080002B58] -> 0x9593
mem[X,0x0000000080002B5A] -> 0x0015
[2619] [M]: 0x0000000080002B58 (0x00159593) slli x11, x11, 0x1                      sv_Mepc+12
x11 <- 0x000000000000ACCE

clint mtime 0x000000000000051E (mip.MTI <- 0b1, mip.STI <- 0b0)
mem[X,0x0000000080002B5C] -> 0x9063
mem[X,0x0000000080002B5E] -> 0x02B1
[2620] [M]: 0x0000000080002B5C (0x02B19063) bne x3, x11, 0x20                       sv_Mepc+16

mem[X,0x0000000080002B60] -> 0x2473
mem[X,0x0000000080002B62] -> 0x3420
[2621] [M]: 0x0000000080002B60 (0x34202473) csrrs x8, mcause, x0                    sv_Mepc+20
CSR mcause (0x342) -> 0x0000000000000001
x8 <- 0x0000000000000001

clint mtime 0x000000000000051F (mip.MTI <- 0b1, mip.STI <- 0b0)
mem[X,0x0000000080002B64] -> 0x0593
mem[X,0x0000000080002B66] -> 0x00C0
[2622] [M]: 0x0000000080002B64 (0x00C00593) addi x11, x0, 0xc                       sv_Mepc+24
x11 <- 0x000000000000000C

mem[X,0x0000000080002B68] -> 0x0663
mem[X,0x0000000080002B6A] -> 0x00B4
[2623] [M]: 0x0000000080002B68 (0x00B40663) beq x8, x11, 0xc                        sv_Mepc+28

clint mtime 0x0000000000000520 (mip.MTI <- 0b1, mip.STI <- 0b0)
mem[X,0x0000000080002B6C] -> 0x0593
mem[X,0x0000000080002B6E] -> 0x0010
[2624] [M]: 0x0000000080002B6C (0x00100593) addi x11, x0, 0x1                       sv_Mepc+32
x11 <- 0x0000000000000001

mem[X,0x0000000080002B70] -> 0x1663
mem[X,0x0000000080002B72] -> 0x00B4
[2625] [M]: 0x0000000080002B70 (0x00B41663) bne x8, x11, 0xc                        sv_Mepc+36

clint mtime 0x0000000000000521 (mip.MTI <- 0b1, mip.STI <- 0b0)
mem[X,0x0000000080002B74] -> 0x1073
mem[X,0x0000000080002B76] -> 0x3412
[2626] [M]: 0x0000000080002B74 (0x34121073) csrrw x0, mepc, x4                      sv_Mepc+40
CSR mepc (0x341) <- 0x00000300800019AC

mem[X,0x0000000080002B78] -> 0x006F
mem[X,0x0000000080002B7A] -> 0x0100
[2627] [M]: 0x0000000080002B78 (0x0100006F) jal x0, 0x10                            sv_Mepc+44

clint mtime 0x0000000000000522 (mip.MTI <- 0b1, mip.STI <- 0b0)
mem[X,0x0000000080002B88] -> 0x23F3
mem[X,0x0000000080002B8A] -> 0x3430
[2628] [M]: 0x0000000080002B88 (0x343023F3) csrrs x7, mtval, x0                     skp_adj_Mepc+0
CSR mtval (0x343) -> 0x0000028000000400
x7 <- 0x0000028000000400

mem[X,0x0000000080002B8C] -> 0x0413
mem[X,0x0000000080002B8E] -> 0x0004
[2629] [M]: 0x0000000080002B8C (0x00040413) addi x8, x8, 0x0                        skp_adj_Mepc+4
x8 <- 0x0000000000000001

clint mtime 0x0000000000000523 (mip.MTI <- 0b1, mip.STI <- 0b0)
mem[X,0x0000000080002B90] -> 0x006F
mem[X,0x0000000080002B92] -> 0x0840
[2630] [M]: 0x0000000080002B90 (0x0840006F) jal x0, 0x84                            skp_adj_Mepc+8

mem[X,0x0000000080002C14] -> 0x8433
mem[X,0x0000000080002C16] -> 0x4083
[2631] [M]: 0x0000000080002C14 (0x40838433) sub x8, x7, x8                          adj_Mtval+0
x8 <- 0x00000280000003FF

clint mtime 0x0000000000000524 (mip.MTI <- 0b1, mip.STI <- 0b0)
mem[X,0x0000000080002C18] -> 0x3C23
mem[X,0x0000000080002C1A] -> 0x0083
[2632] [M]: 0x0000000080002C18 (0x00833C23) sd x8, 0x18(x6)                         sv_Mtval+0
mem[W,0x000000008000A490] <- 0x00000280000003FF

mem[X,0x0000000080002C1C] -> 0x3483
mem[X,0x0000000080002C1E] -> 0x2181
[2633] [M]: 0x0000000080002C1C (0x21813483) ld x9, 0x218(x2)                        skp_Mtval+0
mem[R,0x0000000080005218] -> 0x000000008000A498
x9 <- 0x000000008000A498

clint mtime 0x0000000000000525 (mip.MTI <- 0b1, mip.STI <- 0b0)
mem[X,0x0000000080002C20] -> 0x3383
mem[X,0x0000000080002C22] -> 0x1F81
[2634] [M]: 0x0000000080002C20 (0x1F813383) ld x7, 0x1f8(x2)                        skp_Mtval+4
mem[R,0x00000000800051F8] -> 0x000000008000A110
x7 <- 0x000000008000A110

mem[X,0x0000000080002C24] -> 0x3303
mem[X,0x0000000080002C26] -> 0x2001
[2635] [M]: 0x0000000080002C24 (0x20013303) ld x6, 0x200(x2)                        skp_Mtval+8
mem[R,0x0000000080005200] -> 0x0000000000000410
x6 <- 0x0000000000000410

clint mtime 0x0000000000000526 (mip.MTI <- 0b1, mip.STI <- 0b0)
mem[X,0x0000000080002C28] -> 0x0333
mem[X,0x0000000080002C2A] -> 0x0073
[2636] [M]: 0x0000000080002C28 (0x00730333) add x6, x6, x7                          skp_Mtval+12
x6 <- 0x000000008000A520

mem[X,0x0000000080002C2C] -> 0x6AE3
mem[X,0x0000000080002C2E] -> 0xAC93
[2637] [M]: 0x0000000080002C2C (0xAC936AE3) bltu x6, x9, -0x52c                     skp_Mtval+16

clint mtime 0x0000000000000527 (mip.MTI <- 0b1, mip.STI <- 0b0)
mem[X,0x0000000080002C30] -> 0x0393
mem[X,0x0000000080002C32] -> 0x2000
[2638] [M]: 0x0000000080002C30 (0x20000393) addi x7, x0, 0x200                      skp_Mtval+20
x7 <- 0x0000000000000200

mem[X,0x0000000080002C34] -> 0x006F
mem[X,0x0000000080002C36] -> 0x0400
[2639] [M]: 0x0000000080002C34 (0x0400006F) jal x0, 0x40                            skp_Mtval+24

clint mtime 0x0000000000000528 (mip.MTI <- 0b1, mip.STI <- 0b0)
mem[X,0x0000000080002C74] -> 0x0417
mem[X,0x0000000080002C76] -> 0x0000
[2640] [M]: 0x0000000080002C74 (0x00000417) auipc x8, 0x0                           spcl_Mhandler+0
x8 <- 0x0000000080002C74

mem[X,0x0000000080002C78] -> 0x0413
mem[X,0x0000000080002C7A] -> 0x03C4
[2641] [M]: 0x0000000080002C78 (0x03C40413) addi x8, x8, 0x3c                       spcl_Mhandler+4
x8 <- 0x0000000080002CB0

clint mtime 0x0000000000000529 (mip.MTI <- 0b1, mip.STI <- 0b0)
mem[X,0x0000000080002C7C] -> 0x0433
mem[X,0x0000000080002C7E] -> 0x0074
[2642] [M]: 0x0000000080002C7C (0x00740433) add x8, x8, x7                          spcl_Mhandler+8
x8 <- 0x0000000080002EB0

mem[X,0x0000000080002C80] -> 0x1393
mem[X,0x0000000080002C82] -> 0x0035
[2643] [M]: 0x0000000080002C80 (0x00351393) slli x7, x10, 0x3                       spcl_Mhandler+12
x7 <- 0x0000000000000008

clint mtime 0x000000000000052A (mip.MTI <- 0b1, mip.STI <- 0b0)
mem[X,0x0000000080002C84] -> 0x0433
mem[X,0x0000000080002C86] -> 0x0074
[2644] [M]: 0x0000000080002C84 (0x00740433) add x8, x8, x7                          spcl_Mhandler+16
x8 <- 0x0000000080002EB8

mem[X,0x0000000080002C88] -> 0x7413
mem[X,0x0000000080002C8A] -> 0xFF84
[2645] [M]: 0x0000000080002C88 (0xFF847413) andi x8, x8, -0x8                       spcl_Mhandler+20
x8 <- 0x0000000080002EB8

clint mtime 0x000000000000052B (mip.MTI <- 0b1, mip.STI <- 0b0)
mem[X,0x0000000080002C8C] -> 0x3403
mem[X,0x0000000080002C8E] -> 0x0004
[2646] [M]: 0x0000000080002C8C (0x00043403) ld x8, 0x0(x8)                          spcl_Mhandler+24
mem[R,0x0000000080002EB8] -> 0x0000000000000003
x8 <- 0x0000000000000003

mem[X,0x0000000080002C90] -> 0x02E3
mem[X,0x0000000080002C92] -> 0xB004
[2647] [M]: 0x0000000080002C90 (0xB00402E3) beq x8, x0, -0x4fc                      spcl_Mdispatch_hndling+0

clint mtime 0x000000000000052C (mip.MTI <- 0b1, mip.STI <- 0b0)
mem[X,0x0000000080002C94] -> 0x1393
mem[X,0x0000000080002C96] -> 0x03F4
[2648] [M]: 0x0000000080002C94 (0x03F41393) slli x7, x8, 0x3f                       spcl_Mdispatch_hndling+4
x7 <- 0x8000000000000000

mem[X,0x0000000080002C98] -> 0xD863
mem[X,0x0000000080002C9A] -> 0x0003
[2649] [M]: 0x0000000080002C98 (0x0003D863) bge x7, x0, 0x10                        spcl_Mdispatch_hndling+8

clint mtime 0x000000000000052D (mip.MTI <- 0b1, mip.STI <- 0b0)
mem[X,0x0000000080002C9C] -> 0x5413
mem[X,0x0000000080002C9E] -> 0x0014
[2650] [M]: 0x0000000080002C9C (0x00145413) srli x8, x8, 0x1                        spcl_Mdispatch_hndling+12
x8 <- 0x0000000000000001

mem[X,0x0000000080002CA0] -> 0x0CE3
mem[X,0x0000000080002CA2] -> 0xF885
[2651] [M]: 0x0000000080002CA0 (0xF8850CE3) beq x10, x8, -0x68                      spcl_Mdispatch_hndling+16

clint mtime 0x000000000000052E (mip.MTI <- 0b1, mip.STI <- 0b0)
mem[X,0x0000000080002C38] -> 0x3303
mem[X,0x0000000080002C3A] -> 0x2601
[2652] [M]: 0x0000000080002C38 (0x26013303) ld x6, 0x260(x2)                        resto_Mrtn+0
mem[R,0x0000000080005260] -> 0xFFFFFFFF7FFFE80C
x6 <- 0xFFFFFFFF7FFFE80C

mem[X,0x0000000080002C3C] -> 0x3383
mem[X,0x0000000080002C3E] -> 0x2681
[2653] [M]: 0x0000000080002C3C (0x26813383) ld x7, 0x268(x2)                        resto_Mrtn+4
mem[R,0x0000000080005268] -> 0x0000000080005000
x7 <- 0x0000000080005000

clint mtime 0x000000000000052F (mip.MTI <- 0b1, mip.STI <- 0b0)
mem[X,0x0000000080002C40] -> 0x3403
mem[X,0x0000000080002C42] -> 0x2701
[2654] [M]: 0x0000000080002C40 (0x27013403) ld x8, 0x270(x2)                        resto_Mrtn+8
mem[R,0x0000000080005270] -> 0x0000000000007F76
x8 <- 0x0000000000007F76

mem[X,0x0000000080002C44] -> 0x3483
mem[X,0x0000000080002C46] -> 0x2781
[2655] [M]: 0x0000000080002C44 (0x27813483) ld x9, 0x278(x2)                        resto_Mrtn+12
mem[R,0x0000000080005278] -> 0x000003000000013C
x9 <- 0x000003000000013C

clint mtime 0x0000000000000530 (mip.MTI <- 0b1, mip.STI <- 0b0)
mem[X,0x0000000080002C48] -> 0x3503
mem[X,0x0000000080002C4A] -> 0x2801
[2656] [M]: 0x0000000080002C48 (0x28013503) ld x10, 0x280(x2)                       resto_Mrtn+16
mem[R,0x0000000080005280] -> 0x00000000200000DF
x10 <- 0x00000000200000DF

mem[X,0x0000000080002C4C] -> 0x3583
mem[X,0x0000000080002C4E] -> 0x2881
[2657] [M]: 0x0000000080002C4C (0x28813583) ld x11, 0x288(x2)                       resto_Mrtn+20
mem[R,0x0000000080005288] -> 0x00000000000000DF
x11 <- 0x00000000000000DF

clint mtime 0x0000000000000531 (mip.MTI <- 0b1, mip.STI <- 0b0)
mem[X,0x0000000080002C50] -> 0x3103
mem[X,0x0000000080002C52] -> 0x2901
[2658] [M]: 0x0000000080002C50 (0x29013103) ld x2, 0x290(x2)                        resto_Mrtn+24
mem[R,0x0000000080005290] -> 0x0000000000000000
x2 <- 0x0000000000000000

mem[X,0x0000000080002C54] -> 0x0073
mem[X,0x0000000080002C56] -> 0x3020
[2659] [M]: 0x0000000080002C54 (0x30200073) mret                                    resto_Mrtn+28
CSR mstatus (0x300) <- 0x0000000A00000080
ret-ing from M to U

clint mtime 0x0000000000000532 (mip.MTI <- 0b1, mip.STI <- 0b0)
PTW: Start, vpn=0x30080001, access_type=X, privilege=Umem[R,0x0000000080009030] -> 0x00000000000000DB
PTW: Step, level=3, pte=0xDB, pte_addr=0x80009030
PTW: Success, final_ppn=0x80001, level=3mem[X,0x00000000800019AC] -> 0x0013
PTW: Start, vpn=0x30080001, access_type=X, privilege=Umem[R,0x0000000080009030] -> 0x00000000000000DB
PTW: Step, level=3, pte=0xDB, pte_addr=0x80009030
PTW: Success, final_ppn=0x80001, level=3mem[X,0x00000000800019AE] -> 0x0000
[2660] [U]: 0x00000300800019AC (0x00000013) addi x0, x0, 0x0                        va_rvtest_code_begin+3600

PTW: Start, vpn=0x30080001, access_type=X, privilege=Umem[R,0x0000000080009030] -> 0x00000000000000DB
PTW: Step, level=3, pte=0xDB, pte_addr=0x80009030
PTW: Success, final_ppn=0x80001, level=3mem[X,0x00000000800019B0] -> 0x0013
PTW: Start, vpn=0x30080001, access_type=X, privilege=Umem[R,0x0000000080009030] -> 0x00000000000000DB
PTW: Step, level=3, pte=0xDB, pte_addr=0x80009030
PTW: Success, final_ppn=0x80001, level=3mem[X,0x00000000800019B2] -> 0x0000
[2661] [U]: 0x00000300800019B0 (0x00000013) addi x0, x0, 0x0                        va_rvtest_code_begin+3604

clint mtime 0x0000000000000533 (mip.MTI <- 0b1, mip.STI <- 0b0)
PTW: Start, vpn=0x30080001, access_type=X, privilege=Umem[R,0x0000000080009030] -> 0x00000000000000DB
PTW: Step, level=3, pte=0xDB, pte_addr=0x80009030
PTW: Success, final_ppn=0x80001, level=3mem[X,0x00000000800019B4] -> 0x0013
PTW: Start, vpn=0x30080001, access_type=X, privilege=Umem[R,0x0000000080009030] -> 0x00000000000000DB
PTW: Step, level=3, pte=0xDB, pte_addr=0x80009030
PTW: Success, final_ppn=0x80001, level=3mem[X,0x00000000800019B6] -> 0x0000
[2662] [U]: 0x00000300800019B4 (0x00000013) addi x0, x0, 0x0                        va_rvtest_code_begin+3608

PTW: Start, vpn=0x30080001, access_type=X, privilege=Umem[R,0x0000000080009030] -> 0x00000000000000DB
PTW: Step, level=3, pte=0xDB, pte_addr=0x80009030
PTW: Success, final_ppn=0x80001, level=3mem[X,0x00000000800019B8] -> 0x0113
PTW: Start, vpn=0x30080001, access_type=X, privilege=Umem[R,0x0000000080009030] -> 0x00000000000000DB
PTW: Step, level=3, pte=0xDB, pte_addr=0x80009030
PTW: Success, final_ppn=0x80001, level=3mem[X,0x00000000800019BA] -> 0x0000
[2663] [U]: 0x00000300800019B8 (0x00000113) addi x2, x0, 0x0                        va_rvtest_code_begin+3612
x2 <- 0x0000000000000000

clint mtime 0x0000000000000534 (mip.MTI <- 0b1, mip.STI <- 0b0)
PTW: Start, vpn=0x30080001, access_type=X, privilege=Umem[R,0x0000000080009030] -> 0x00000000000000DB
PTW: Step, level=3, pte=0xDB, pte_addr=0x80009030
PTW: Success, final_ppn=0x80001, level=3mem[X,0x00000000800019BC] -> 0x0073
PTW: Start, vpn=0x30080001, access_type=X, privilege=Umem[R,0x0000000080009030] -> 0x00000000000000DB
PTW: Step, level=3, pte=0xDB, pte_addr=0x80009030
PTW: Success, final_ppn=0x80001, level=3mem[X,0x00000000800019BE] -> 0x0000
[2664] [U]: 0x00000300800019BC (0x00000073) ecall                                   va_rvtest_code_begin+3616
trapping from U to M to handle u-call
handling exc#u-call at priv M with tval 0x0000000000000000
CSR mstatus (0x300) <- 0x0000000A00000000
CSR mcause (0x342) <- 0x0000000000000008
CSR mtval (0x343) <- 0x0000000000000000
CSR mepc (0x341) <- 0x00000300800019BC

mem[X,0x0000000080002800] -> 0x006F
mem[X,0x0000000080002802] -> 0x1000
[2665] [M]: 0x0000000080002800 (0x1000006F) jal x0, 0x100                           Mtrampoline+0

clint mtime 0x0000000000000535 (mip.MTI <- 0b1, mip.STI <- 0b0)
mem[X,0x0000000080002900] -> 0x1173
mem[X,0x0000000080002902] -> 0x3401
[2666] [M]: 0x0000000080002900 (0x34011173) csrrw x2, mscratch, x2                  trap_Mhandler+0
CSR mscratch (0x340) <- 0x0000000000000000
x2 <- 0x0000000080005000

mem[X,0x0000000080002904] -> 0x3423
mem[X,0x0000000080002906] -> 0x28B1
[2667] [M]: 0x0000000080002904 (0x28B13423) sd x11, 0x288(x2)                       trap_Mhandler+4
mem[W,0x0000000080005288] <- 0x00000000000000DF

clint mtime 0x0000000000000536 (mip.MTI <- 0b1, mip.STI <- 0b0)
mem[X,0x0000000080002908] -> 0x05EF
mem[X,0x000000008000290A] -> 0x0B80
[2668] [M]: 0x0000000080002908 (0x0B8005EF) jal x11, 0xb8                           trap_Mhandler+8
x11 <- 0x000000008000290C

mem[X,0x00000000800029C0] -> 0x3023
mem[X,0x00000000800029C2] -> 0x28A1
[2669] [M]: 0x00000000800029C0 (0x28A13023) sd x10, 0x280(x2)                       common_Mhandler+0
mem[W,0x0000000080005280] <- 0x00000000200000DF

clint mtime 0x0000000000000537 (mip.MTI <- 0b1, mip.STI <- 0b0)
mem[X,0x00000000800029C4] -> 0x1573
mem[X,0x00000000800029C6] -> 0x3401
[2670] [M]: 0x00000000800029C4 (0x34011573) csrrw x10, mscratch, x2                 common_Mhandler+4
CSR mscratch (0x340) <- 0x0000000080005000
x10 <- 0x0000000000000000

mem[X,0x00000000800029C8] -> 0x3823
mem[X,0x00000000800029CA] -> 0x28A1
[2671] [M]: 0x00000000800029C8 (0x28A13823) sd x10, 0x290(x2)                       common_Mhandler+8
mem[W,0x0000000080005290] <- 0x0000000000000000

clint mtime 0x0000000000000538 (mip.MTI <- 0b1, mip.STI <- 0b0)
mem[X,0x00000000800029CC] -> 0x3503
mem[X,0x00000000800029CE] -> 0x2301
[2672] [M]: 0x00000000800029CC (0x23013503) ld x10, 0x230(x2)                       common_Mhandler+12
mem[R,0x0000000080005230] -> 0x00000000800029D4
x10 <- 0x00000000800029D4

mem[X,0x00000000800029D0] -> 0x0067
mem[X,0x00000000800029D2] -> 0x0005
[2673] [M]: 0x00000000800029D0 (0x00050067) jalr x0, 0x0(x10)                       common_Mhandler+16

clint mtime 0x0000000000000539 (mip.MTI <- 0b1, mip.STI <- 0b0)
mem[X,0x00000000800029D4] -> 0x3C23
mem[X,0x00000000800029D6] -> 0x2691
[2674] [M]: 0x00000000800029D4 (0x26913C23) sd x9, 0x278(x2)                        common_Mentry+0
mem[W,0x0000000080005278] <- 0x000003000000013C

mem[X,0x00000000800029D8] -> 0x3823
mem[X,0x00000000800029DA] -> 0x2681
[2675] [M]: 0x00000000800029D8 (0x26813823) sd x8, 0x270(x2)                        common_Mentry+4
mem[W,0x0000000080005270] <- 0x0000000000007F76

clint mtime 0x000000000000053A (mip.MTI <- 0b1, mip.STI <- 0b0)
mem[X,0x00000000800029DC] -> 0x3423
mem[X,0x00000000800029DE] -> 0x2671
[2676] [M]: 0x00000000800029DC (0x26713423) sd x7, 0x268(x2)                        common_Mentry+8
mem[W,0x0000000080005268] <- 0x0000000080005000

mem[X,0x00000000800029E0] -> 0x3023
mem[X,0x00000000800029E2] -> 0x2661
[2677] [M]: 0x00000000800029E0 (0x26613023) sd x6, 0x260(x2)                        common_Mentry+12
mem[W,0x0000000080005260] <- 0xFFFFFFFF7FFFE80C

clint mtime 0x000000000000053B (mip.MTI <- 0b1, mip.STI <- 0b0)
mem[X,0x00000000800029E4] -> 0x2573
mem[X,0x00000000800029E6] -> 0x3420
[2678] [M]: 0x00000000800029E4 (0x34202573) csrrs x10, mcause, x0                   spcl_M2mmode_test+0
CSR mcause (0x342) -> 0x0000000000000008
x10 <- 0x0000000000000008

mem[X,0x00000000800029E8] -> 0x04B7
mem[X,0x00000000800029EA] -> 0x8000
[2679] [M]: 0x00000000800029E8 (0x800004B7) lui x9, -0x80000                        spcl_M2mmode_test+4
x9 <- 0xFFFFFFFF80000000

clint mtime 0x000000000000053C (mip.MTI <- 0b1, mip.STI <- 0b0)
mem[X,0x00000000800029EC] -> 0x8493
mem[X,0x00000000800029EE] -> 0x0004
[2680] [M]: 0x00000000800029EC (0x00048493) addi x9, x9, 0x0                        spcl_M2mmode_test+8
x9 <- 0xFFFFFFFF80000000

mem[X,0x00000000800029F0] -> 0x9493
mem[X,0x00000000800029F2] -> 0x00B4
[2681] [M]: 0x00000000800029F0 (0x00B49493) slli x9, x9, 0xb                        spcl_M2mmode_test+12
x9 <- 0xFFFFFC0000000000

clint mtime 0x000000000000053D (mip.MTI <- 0b1, mip.STI <- 0b0)
mem[X,0x00000000800029F4] -> 0x8493
mem[X,0x00000000800029F6] -> 0x0004
[2682] [M]: 0x00000000800029F4 (0x00048493) addi x9, x9, 0x0                        spcl_M2mmode_test+16
x9 <- 0xFFFFFC0000000000

mem[X,0x00000000800029F8] -> 0x9493
mem[X,0x00000000800029FA] -> 0x00B4
[2683] [M]: 0x00000000800029F8 (0x00B49493) slli x9, x9, 0xb                        spcl_M2mmode_test+20
x9 <- 0xFFE0000000000000

clint mtime 0x000000000000053E (mip.MTI <- 0b1, mip.STI <- 0b0)
mem[X,0x00000000800029FC] -> 0x8493
mem[X,0x00000000800029FE] -> 0x0034
[2684] [M]: 0x00000000800029FC (0x00348493) addi x9, x9, 0x3                        spcl_M2mmode_test+24
x9 <- 0xFFE0000000000003

mem[X,0x0000000080002A00] -> 0x9493
mem[X,0x0000000080002A02] -> 0x00A4
[2685] [M]: 0x0000000080002A00 (0x00A49493) slli x9, x9, 0xa                        spcl_M2mmode_test+28
x9 <- 0x8000000000000C00

clint mtime 0x000000000000053F (mip.MTI <- 0b1, mip.STI <- 0b0)
mem[X,0x0000000080002A04] -> 0x8493
mem[X,0x0000000080002A06] -> 0x3FC4
[2686] [M]: 0x0000000080002A04 (0x3FC48493) addi x9, x9, 0x3fc                      spcl_M2mmode_test+32
x9 <- 0x8000000000000FFC

mem[X,0x0000000080002A08] -> 0xF4B3
mem[X,0x0000000080002A0A] -> 0x00A4
[2687] [M]: 0x0000000080002A08 (0x00A4F4B3) and x9, x9, x10                         spcl_M2mmode_test+36
x9 <- 0x0000000000000008

clint mtime 0x0000000000000540 (mip.MTI <- 0b1, mip.STI <- 0b0)
mem[X,0x0000000080002A0C] -> 0x8493
mem[X,0x0000000080002A0E] -> 0xFF84
[2688] [M]: 0x0000000080002A0C (0xFF848493) addi x9, x9, -0x8                       spcl_M2mmode_test+40
x9 <- 0x0000000000000000

mem[X,0x0000000080002A10] -> 0x9663
mem[X,0x0000000080002A12] -> 0x0004
[2689] [M]: 0x0000000080002A10 (0x00049663) bne x9, x0, 0xc                         spcl_M2mmode_test+44

clint mtime 0x0000000000000541 (mip.MTI <- 0b1, mip.STI <- 0b0)
mem[X,0x0000000080002A14] -> 0x3383
mem[X,0x0000000080002A16] -> 0x2901
[2690] [M]: 0x0000000080002A14 (0x29013383) ld x7, 0x290(x2)                        spcl_M2mmode_test+48
mem[R,0x0000000080005290] -> 0x0000000000000000
x7 <- 0x0000000000000000

mem[X,0x0000000080002A18] -> 0x8663
mem[X,0x0000000080002A1A] -> 0x6E03
[2691] [M]: 0x0000000080002A18 (0x6E038663) beq x7, x0, 0x6ec                       spcl_M2mmode_test+52

clint mtime 0x0000000000000542 (mip.MTI <- 0b1, mip.STI <- 0b0)
mem[X,0x0000000080003104] -> 0x0493
mem[X,0x0000000080003106] -> 0xFF55
[2692] [M]: 0x0000000080003104 (0xFF550493) addi x9, x10, -0xb                      rtn2mmode+0
x9 <- 0xFFFFFFFFFFFFFFFD

mem[X,0x0000000080003108] -> 0x8C63
mem[X,0x000000008000310A] -> 0x0004
[2693] [M]: 0x0000000080003108 (0x00048C63) beq x9, x0, 0x18                        rtn2mmode+4

clint mtime 0x0000000000000543 (mip.MTI <- 0b1, mip.STI <- 0b0)
mem[X,0x000000008000310C] -> 0x3583
mem[X,0x000000008000310E] -> 0x4701
[2694] [M]: 0x000000008000310C (0x47013583) ld x11, 0x470(x2)                       rtn2mmode+8
mem[R,0x0000000080005470] -> 0x0000030080000B9C
x11 <- 0x0000030080000B9C

mem[X,0x0000000080003110] -> 0xD463
mem[X,0x0000000080003112] -> 0x0003
[2695] [M]: 0x0000000080003110 (0x0003D463) bge x7, x0, 0x8                         rtn2mmode+12

clint mtime 0x0000000000000544 (mip.MTI <- 0b1, mip.STI <- 0b0)
mem[X,0x0000000080003118] -> 0x3483
mem[X,0x000000008000311A] -> 0x1D81
[2696] [M]: 0x0000000080003118 (0x1D813483) ld x9, 0x1d8(x2)                        from_u_s+0
mem[R,0x00000000800051D8] -> 0x0000000080000BB4
x9 <- 0x0000000080000BB4

mem[X,0x000000008000311C] -> 0x84B3
mem[X,0x000000008000311E] -> 0x40B4
[2697] [M]: 0x000000008000311C (0x40B484B3) sub x9, x9, x11                         from_u_s+4
x9 <- 0xFFFFFD0000000018

clint mtime 0x0000000000000545 (mip.MTI <- 0b1, mip.STI <- 0b0)
mem[X,0x0000000080003120] -> 0x23F3
mem[X,0x0000000080003122] -> 0x3410
[2698] [M]: 0x0000000080003120 (0x341023F3) csrrs x7, mepc, x0                      rtn_fm_mmode+0
CSR mepc (0x341) -> 0x00000300800019BC
x7 <- 0x00000300800019BC

mem[X,0x0000000080003124] -> 0x83B3
mem[X,0x0000000080003126] -> 0x0093
[2699] [M]: 0x0000000080003124 (0x009383B3) add x7, x7, x9                          rtn_fm_mmode+4
x7 <- 0x00000000800019D4

clint mtime 0x0000000000000546 (mip.MTI <- 0b1, mip.STI <- 0b0)
mem[X,0x0000000080003128] -> 0x3303
mem[X,0x000000008000312A] -> 0x2601
[2700] [M]: 0x0000000080003128 (0x26013303) ld x6, 0x260(x2)                        rtn_fm_mmode+8
mem[R,0x0000000080005260] -> 0xFFFFFFFF7FFFE80C
x6 <- 0xFFFFFFFF7FFFE80C

mem[X,0x000000008000312C] -> 0x3403
mem[X,0x000000008000312E] -> 0x2701
[2701] [M]: 0x000000008000312C (0x27013403) ld x8, 0x270(x2)                        rtn_fm_mmode+12
mem[R,0x0000000080005270] -> 0x0000000000007F76
x8 <- 0x0000000000007F76

clint mtime 0x0000000000000547 (mip.MTI <- 0b1, mip.STI <- 0b0)
mem[X,0x0000000080003130] -> 0x3483
mem[X,0x0000000080003132] -> 0x2781
[2702] [M]: 0x0000000080003130 (0x27813483) ld x9, 0x278(x2)                        rtn_fm_mmode+16
mem[R,0x0000000080005278] -> 0x000003000000013C
x9 <- 0x000003000000013C

mem[X,0x0000000080003134] -> 0x3503
mem[X,0x0000000080003136] -> 0x2801
[2703] [M]: 0x0000000080003134 (0x28013503) ld x10, 0x280(x2)                       rtn_fm_mmode+20
mem[R,0x0000000080005280] -> 0x00000000200000DF
x10 <- 0x00000000200000DF

clint mtime 0x0000000000000548 (mip.MTI <- 0b1, mip.STI <- 0b0)
mem[X,0x0000000080003138] -> 0x3583
mem[X,0x000000008000313A] -> 0x2881
[2704] [M]: 0x0000000080003138 (0x28813583) ld x11, 0x288(x2)                       rtn_fm_mmode+24
mem[R,0x0000000080005288] -> 0x00000000000000DF
x11 <- 0x00000000000000DF

mem[X,0x000000008000313C] -> 0x3103
mem[X,0x000000008000313E] -> 0x2901
[2705] [M]: 0x000000008000313C (0x29013103) ld x2, 0x290(x2)                        rtn_fm_mmode+28
mem[R,0x0000000080005290] -> 0x0000000000000000
x2 <- 0x0000000000000000

clint mtime 0x0000000000000549 (mip.MTI <- 0b1, mip.STI <- 0b0)
mem[X,0x0000000080003140] -> 0x8067
mem[X,0x0000000080003142] -> 0x0043
[2706] [M]: 0x0000000080003140 (0x00438067) jalr x0, 0x4(x7)                        rtn_fm_mmode+32

mem[X,0x00000000800019D8] -> 0x0013
mem[X,0x00000000800019DA] -> 0x0000
[2707] [M]: 0x00000000800019D8 (0x00000013) addi x0, x0, 0x0                        main+3576

clint mtime 0x000000000000054A (mip.MTI <- 0b1, mip.STI <- 0b0)
mem[X,0x00000000800019DC] -> 0x0013
mem[X,0x00000000800019DE] -> 0x0000
[2708] [M]: 0x00000000800019DC (0x00000013) addi x0, x0, 0x0                        main+3580

mem[X,0x00000000800019E0] -> 0x6517
mem[X,0x00000000800019E2] -> 0x0000
[2709] [M]: 0x00000000800019E0 (0x00006517) auipc x10, 0x6                          main+3584
x10 <- 0x00000000800079E0

clint mtime 0x000000000000054B (mip.MTI <- 0b1, mip.STI <- 0b0)
mem[X,0x00000000800019E4] -> 0x0513
mem[X,0x00000000800019E6] -> 0x6205
[2710] [M]: 0x00000000800019E4 (0x62050513) addi x10, x10, 0x620                    main+3588
x10 <- 0x0000000080008000

mem[X,0x00000000800019E8] -> 0x0001
[2711] [M]: 0x00000000800019E8 (0x0001) c.nop                                       main+3592

clint mtime 0x000000000000054C (mip.MTI <- 0b1, mip.STI <- 0b0)
mem[X,0x00000000800019EA] -> 0x0013
mem[X,0x00000000800019EC] -> 0x0000
[2712] [M]: 0x00000000800019EA (0x00000013) addi x0, x0, 0x0                        main+3594

mem[X,0x00000000800019EE] -> 0x0013
mem[X,0x00000000800019F0] -> 0x0000
[2713] [M]: 0x00000000800019EE (0x00000013) addi x0, x0, 0x0                        main+3598

clint mtime 0x000000000000054D (mip.MTI <- 0b1, mip.STI <- 0b0)
mem[X,0x00000000800019F2] -> 0x0013
mem[X,0x00000000800019F4] -> 0x0000
[2714] [M]: 0x00000000800019F2 (0x00000013) addi x0, x0, 0x0                        main+3602

mem[X,0x00000000800019F6] -> 0x0013
mem[X,0x00000000800019F8] -> 0x0000
[2715] [M]: 0x00000000800019F6 (0x00000013) addi x0, x0, 0x0                        main+3606

clint mtime 0x000000000000054E (mip.MTI <- 0b1, mip.STI <- 0b0)
mem[X,0x00000000800019FA] -> 0x0013
mem[X,0x00000000800019FC] -> 0x0000
[2716] [M]: 0x00000000800019FA (0x00000013) addi x0, x0, 0x0                        main+3610

mem[X,0x00000000800019FE] -> 0x0001
[2717] [M]: 0x00000000800019FE (0x0001) c.nop                                       main+3614

clint mtime 0x000000000000054F (mip.MTI <- 0b1, mip.STI <- 0b0)
mem[X,0x0000000080001A00] -> 0x0593
mem[X,0x0000000080001A02] -> 0x0010
[2718] [M]: 0x0000000080001A00 (0x00100593) addi x11, x0, 0x1                       main+3616
x11 <- 0x0000000000000001

mem[X,0x0000000080001A04] -> 0x5513
mem[X,0x0000000080001A06] -> 0x00C5
[2719] [M]: 0x0000000080001A04 (0x00C55513) srli x10, x10, 0xc                      main+3620
x10 <- 0x0000000000080008

clint mtime 0x0000000000000550 (mip.MTI <- 0b1, mip.STI <- 0b0)
mem[X,0x0000000080001A08] -> 0x1513
mem[X,0x0000000080001A0A] -> 0x00A5
[2720] [M]: 0x0000000080001A08 (0x00A51513) slli x10, x10, 0xa                      main+3624
x10 <- 0x0000000020002000

mem[X,0x0000000080001A0C] -> 0x6533
mem[X,0x0000000080001A0E] -> 0x00B5
[2721] [M]: 0x0000000080001A0C (0x00B56533) or x10, x10, x11                        main+3628
x10 <- 0x0000000020002001

clint mtime 0x0000000000000551 (mip.MTI <- 0b1, mip.STI <- 0b0)
mem[X,0x0000000080001A10] -> 0x0013
mem[X,0x0000000080001A12] -> 0x0000
[2722] [M]: 0x0000000080001A10 (0x00000013) addi x0, x0, 0x0                        main+3632

mem[X,0x0000000080001A14] -> 0x0013
mem[X,0x0000000080001A16] -> 0x0000
[2723] [M]: 0x0000000080001A14 (0x00000013) addi x0, x0, 0x0                        main+3636

clint mtime 0x0000000000000552 (mip.MTI <- 0b1, mip.STI <- 0b0)
mem[X,0x0000000080001A18] -> 0x0013
mem[X,0x0000000080001A1A] -> 0x0000
[2724] [M]: 0x0000000080001A18 (0x00000013) addi x0, x0, 0x0                        main+3640

mem[X,0x0000000080001A1C] -> 0x0013
mem[X,0x0000000080001A1E] -> 0x0000
[2725] [M]: 0x0000000080001A1C (0x00000013) addi x0, x0, 0x0                        main+3644

clint mtime 0x0000000000000553 (mip.MTI <- 0b1, mip.STI <- 0b0)
mem[X,0x0000000080001A20] -> 0x7317
mem[X,0x0000000080001A22] -> 0x0000
[2726] [M]: 0x0000000080001A20 (0x00007317) auipc x6, 0x7                           main+3648
x6 <- 0x0000000080008A20

mem[X,0x0000000080001A24] -> 0x0313
mem[X,0x0000000080001A26] -> 0x5E03
[2727] [M]: 0x0000000080001A24 (0x5E030313) addi x6, x6, 0x5e0                      main+3652
x6 <- 0x0000000080009000

clint mtime 0x0000000000000554 (mip.MTI <- 0b1, mip.STI <- 0b0)
mem[X,0x0000000080001A28] -> 0x0001
[2728] [M]: 0x0000000080001A28 (0x0001) c.nop                                       main+3656

mem[X,0x0000000080001A2A] -> 0x0013
mem[X,0x0000000080001A2C] -> 0x0000
[2729] [M]: 0x0000000080001A2A (0x00000013) addi x0, x0, 0x0                        main+3658

clint mtime 0x0000000000000555 (mip.MTI <- 0b1, mip.STI <- 0b0)
mem[X,0x0000000080001A2E] -> 0x0013
mem[X,0x0000000080001A30] -> 0x0000
[2730] [M]: 0x0000000080001A2E (0x00000013) addi x0, x0, 0x0                        main+3662

mem[X,0x0000000080001A32] -> 0x0013
mem[X,0x0000000080001A34] -> 0x0000
[2731] [M]: 0x0000000080001A32 (0x00000013) addi x0, x0, 0x0                        main+3666

clint mtime 0x0000000000000556 (mip.MTI <- 0b1, mip.STI <- 0b0)
mem[X,0x0000000080001A36] -> 0x0013
mem[X,0x0000000080001A38] -> 0x0000
[2732] [M]: 0x0000000080001A36 (0x00000013) addi x0, x0, 0x0                        main+3670

mem[X,0x0000000080001A3A] -> 0x0013
mem[X,0x0000000080001A3C] -> 0x0000
[2733] [M]: 0x0000000080001A3A (0x00000013) addi x0, x0, 0x0                        main+3674

clint mtime 0x0000000000000557 (mip.MTI <- 0b1, mip.STI <- 0b0)
mem[X,0x0000000080001A3E] -> 0x0001
[2734] [M]: 0x0000000080001A3E (0x0001) c.nop                                       main+3678

mem[X,0x0000000080001A40] -> 0x0293
mem[X,0x0000000080001A42] -> 0x0280
[2735] [M]: 0x0000000080001A40 (0x02800293) addi x5, x0, 0x28                       main+3680
x5 <- 0x0000000000000028

clint mtime 0x0000000000000558 (mip.MTI <- 0b1, mip.STI <- 0b0)
mem[X,0x0000000080001A44] -> 0x0333
mem[X,0x0000000080001A46] -> 0x0053
[2736] [M]: 0x0000000080001A44 (0x00530333) add x6, x6, x5                          main+3684
x6 <- 0x0000000080009028

mem[X,0x0000000080001A48] -> 0x3023
mem[X,0x0000000080001A4A] -> 0x00A3
[2737] [M]: 0x0000000080001A48 (0x00A33023) sd x10, 0x0(x6)                         main+3688
mem[W,0x0000000080009028] <- 0x0000000020002001

clint mtime 0x0000000000000559 (mip.MTI <- 0b1, mip.STI <- 0b0)
mem[X,0x0000000080001A4C] -> 0x0013
mem[X,0x0000000080001A4E] -> 0x0000
[2738] [M]: 0x0000000080001A4C (0x00000013) addi x0, x0, 0x0                        main+3692

mem[X,0x0000000080001A50] -> 0x0013
mem[X,0x0000000080001A52] -> 0x0000
[2739] [M]: 0x0000000080001A50 (0x00000013) addi x0, x0, 0x0                        main+3696

clint mtime 0x000000000000055A (mip.MTI <- 0b1, mip.STI <- 0b0)
mem[X,0x0000000080001A54] -> 0x0013
mem[X,0x0000000080001A56] -> 0x0000
[2740] [M]: 0x0000000080001A54 (0x00000013) addi x0, x0, 0x0                        main+3700

mem[X,0x0000000080001A58] -> 0x0013
mem[X,0x0000000080001A5A] -> 0x0000
[2741] [M]: 0x0000000080001A58 (0x00000013) addi x0, x0, 0x0                        main+3704

clint mtime 0x000000000000055B (mip.MTI <- 0b1, mip.STI <- 0b0)
mem[X,0x0000000080001A5C] -> 0x0013
mem[X,0x0000000080001A5E] -> 0x0000
[2742] [M]: 0x0000000080001A5C (0x00000013) addi x0, x0, 0x0                        main+3708

mem[X,0x0000000080001A60] -> 0x5517
mem[X,0x0000000080001A62] -> 0x0000
[2743] [M]: 0x0000000080001A60 (0x00005517) auipc x10, 0x5                          main+3712
x10 <- 0x0000000080006A60

clint mtime 0x000000000000055C (mip.MTI <- 0b1, mip.STI <- 0b0)
mem[X,0x0000000080001A64] -> 0x0513
mem[X,0x0000000080001A66] -> 0x5A05
[2744] [M]: 0x0000000080001A64 (0x5A050513) addi x10, x10, 0x5a0                    main+3716
x10 <- 0x0000000080007000

mem[X,0x0000000080001A68] -> 0x0001
[2745] [M]: 0x0000000080001A68 (0x0001) c.nop                                       main+3720

clint mtime 0x000000000000055D (mip.MTI <- 0b1, mip.STI <- 0b0)
mem[X,0x0000000080001A6A] -> 0x0013
mem[X,0x0000000080001A6C] -> 0x0000
[2746] [M]: 0x0000000080001A6A (0x00000013) addi x0, x0, 0x0                        main+3722

mem[X,0x0000000080001A6E] -> 0x0013
mem[X,0x0000000080001A70] -> 0x0000
[2747] [M]: 0x0000000080001A6E (0x00000013) addi x0, x0, 0x0                        main+3726

clint mtime 0x000000000000055E (mip.MTI <- 0b1, mip.STI <- 0b0)
mem[X,0x0000000080001A72] -> 0x0013
mem[X,0x0000000080001A74] -> 0x0000
[2748] [M]: 0x0000000080001A72 (0x00000013) addi x0, x0, 0x0                        main+3730

mem[X,0x0000000080001A76] -> 0x0013
mem[X,0x0000000080001A78] -> 0x0000
[2749] [M]: 0x0000000080001A76 (0x00000013) addi x0, x0, 0x0                        main+3734

clint mtime 0x000000000000055F (mip.MTI <- 0b1, mip.STI <- 0b0)
mem[X,0x0000000080001A7A] -> 0x0013
mem[X,0x0000000080001A7C] -> 0x0000
[2750] [M]: 0x0000000080001A7A (0x00000013) addi x0, x0, 0x0                        main+3738

mem[X,0x0000000080001A7E] -> 0x0001
[2751] [M]: 0x0000000080001A7E (0x0001) c.nop                                       main+3742

clint mtime 0x0000000000000560 (mip.MTI <- 0b1, mip.STI <- 0b0)
mem[X,0x0000000080001A80] -> 0x0593
mem[X,0x0000000080001A82] -> 0x0010
[2752] [M]: 0x0000000080001A80 (0x00100593) addi x11, x0, 0x1                       main+3744
x11 <- 0x0000000000000001

mem[X,0x0000000080001A84] -> 0x5513
mem[X,0x0000000080001A86] -> 0x00C5
[2753] [M]: 0x0000000080001A84 (0x00C55513) srli x10, x10, 0xc                      main+3748
x10 <- 0x0000000000080007

clint mtime 0x0000000000000561 (mip.MTI <- 0b1, mip.STI <- 0b0)
mem[X,0x0000000080001A88] -> 0x1513
mem[X,0x0000000080001A8A] -> 0x00A5
[2754] [M]: 0x0000000080001A88 (0x00A51513) slli x10, x10, 0xa                      main+3752
x10 <- 0x0000000020001C00

mem[X,0x0000000080001A8C] -> 0x6533
mem[X,0x0000000080001A8E] -> 0x00B5
[2755] [M]: 0x0000000080001A8C (0x00B56533) or x10, x10, x11                        main+3756
x10 <- 0x0000000020001C01

clint mtime 0x0000000000000562 (mip.MTI <- 0b1, mip.STI <- 0b0)
mem[X,0x0000000080001A90] -> 0x0013
mem[X,0x0000000080001A92] -> 0x0000
[2756] [M]: 0x0000000080001A90 (0x00000013) addi x0, x0, 0x0                        main+3760

mem[X,0x0000000080001A94] -> 0x0013
mem[X,0x0000000080001A96] -> 0x0000
[2757] [M]: 0x0000000080001A94 (0x00000013) addi x0, x0, 0x0                        main+3764

clint mtime 0x0000000000000563 (mip.MTI <- 0b1, mip.STI <- 0b0)
mem[X,0x0000000080001A98] -> 0x0013
mem[X,0x0000000080001A9A] -> 0x0000
[2758] [M]: 0x0000000080001A98 (0x00000013) addi x0, x0, 0x0                        main+3768

mem[X,0x0000000080001A9C] -> 0x0013
mem[X,0x0000000080001A9E] -> 0x0000
[2759] [M]: 0x0000000080001A9C (0x00000013) addi x0, x0, 0x0                        main+3772

clint mtime 0x0000000000000564 (mip.MTI <- 0b1, mip.STI <- 0b0)
mem[X,0x0000000080001AA0] -> 0x6317
mem[X,0x0000000080001AA2] -> 0x0000
[2760] [M]: 0x0000000080001AA0 (0x00006317) auipc x6, 0x6                           main+3776
x6 <- 0x0000000080007AA0

mem[X,0x0000000080001AA4] -> 0x0313
mem[X,0x0000000080001AA6] -> 0x5603
[2761] [M]: 0x0000000080001AA4 (0x56030313) addi x6, x6, 0x560                      main+3780
x6 <- 0x0000000080008000

clint mtime 0x0000000000000565 (mip.MTI <- 0b1, mip.STI <- 0b0)
mem[X,0x0000000080001AA8] -> 0x0001
[2762] [M]: 0x0000000080001AA8 (0x0001) c.nop                                       main+3784

mem[X,0x0000000080001AAA] -> 0x0013
mem[X,0x0000000080001AAC] -> 0x0000
[2763] [M]: 0x0000000080001AAA (0x00000013) addi x0, x0, 0x0                        main+3786

clint mtime 0x0000000000000566 (mip.MTI <- 0b1, mip.STI <- 0b0)
mem[X,0x0000000080001AAE] -> 0x0013
mem[X,0x0000000080001AB0] -> 0x0000
[2764] [M]: 0x0000000080001AAE (0x00000013) addi x0, x0, 0x0                        main+3790

mem[X,0x0000000080001AB2] -> 0x0013
mem[X,0x0000000080001AB4] -> 0x0000
[2765] [M]: 0x0000000080001AB2 (0x00000013) addi x0, x0, 0x0                        main+3794

clint mtime 0x0000000000000567 (mip.MTI <- 0b1, mip.STI <- 0b0)
mem[X,0x0000000080001AB6] -> 0x0013
mem[X,0x0000000080001AB8] -> 0x0000
[2766] [M]: 0x0000000080001AB6 (0x00000013) addi x0, x0, 0x0                        main+3798

mem[X,0x0000000080001ABA] -> 0x0013
mem[X,0x0000000080001ABC] -> 0x0000
[2767] [M]: 0x0000000080001ABA (0x00000013) addi x0, x0, 0x0                        main+3802

clint mtime 0x0000000000000568 (mip.MTI <- 0b1, mip.STI <- 0b0)
mem[X,0x0000000080001ABE] -> 0x0001
[2768] [M]: 0x0000000080001ABE (0x0001) c.nop                                       main+3806

mem[X,0x0000000080001AC0] -> 0x0293
mem[X,0x0000000080001AC2] -> 0x0000
[2769] [M]: 0x0000000080001AC0 (0x00000293) addi x5, x0, 0x0                        main+3808
x5 <- 0x0000000000000000

clint mtime 0x0000000000000569 (mip.MTI <- 0b1, mip.STI <- 0b0)
mem[X,0x0000000080001AC4] -> 0x0333
mem[X,0x0000000080001AC6] -> 0x0053
[2770] [M]: 0x0000000080001AC4 (0x00530333) add x6, x6, x5                          main+3812
x6 <- 0x0000000080008000

mem[X,0x0000000080001AC8] -> 0x3023
mem[X,0x0000000080001ACA] -> 0x00A3
[2771] [M]: 0x0000000080001AC8 (0x00A33023) sd x10, 0x0(x6)                         main+3816
mem[W,0x0000000080008000] <- 0x0000000020001C01

clint mtime 0x000000000000056A (mip.MTI <- 0b1, mip.STI <- 0b0)
mem[X,0x0000000080001ACC] -> 0x0013
mem[X,0x0000000080001ACE] -> 0x0000
[2772] [M]: 0x0000000080001ACC (0x00000013) addi x0, x0, 0x0                        main+3820

mem[X,0x0000000080001AD0] -> 0x0013
mem[X,0x0000000080001AD2] -> 0x0000
[2773] [M]: 0x0000000080001AD0 (0x00000013) addi x0, x0, 0x0                        main+3824

clint mtime 0x000000000000056B (mip.MTI <- 0b1, mip.STI <- 0b0)
mem[X,0x0000000080001AD4] -> 0x0013
mem[X,0x0000000080001AD6] -> 0x0000
[2774] [M]: 0x0000000080001AD4 (0x00000013) addi x0, x0, 0x0                        main+3828

mem[X,0x0000000080001AD8] -> 0x0013
mem[X,0x0000000080001ADA] -> 0x0000
[2775] [M]: 0x0000000080001AD8 (0x00000013) addi x0, x0, 0x0                        main+3832

clint mtime 0x000000000000056C (mip.MTI <- 0b1, mip.STI <- 0b0)
mem[X,0x0000000080001ADC] -> 0x0013
mem[X,0x0000000080001ADE] -> 0x0000
[2776] [M]: 0x0000000080001ADC (0x00000013) addi x0, x0, 0x0                        main+3836

mem[X,0x0000000080001AE0] -> 0xF517
mem[X,0x0000000080001AE2] -> 0xFFFF
[2777] [M]: 0x0000000080001AE0 (0xFFFFF517) auipc x10, -0x1                         main+3840
x10 <- 0x0000000080000AE0

clint mtime 0x000000000000056D (mip.MTI <- 0b1, mip.STI <- 0b0)
mem[X,0x0000000080001AE4] -> 0x0513
mem[X,0x0000000080001AE6] -> 0x9205
[2778] [M]: 0x0000000080001AE4 (0x92050513) addi x10, x10, -0x6e0                   main+3844
x10 <- 0x0000000080000400

mem[X,0x0000000080001AE8] -> 0x0001
[2779] [M]: 0x0000000080001AE8 (0x0001) c.nop                                       main+3848

clint mtime 0x000000000000056E (mip.MTI <- 0b1, mip.STI <- 0b0)
mem[X,0x0000000080001AEA] -> 0x0013
mem[X,0x0000000080001AEC] -> 0x0000
[2780] [M]: 0x0000000080001AEA (0x00000013) addi x0, x0, 0x0                        main+3850

mem[X,0x0000000080001AEE] -> 0x0013
mem[X,0x0000000080001AF0] -> 0x0000
[2781] [M]: 0x0000000080001AEE (0x00000013) addi x0, x0, 0x0                        main+3854

clint mtime 0x000000000000056F (mip.MTI <- 0b1, mip.STI <- 0b0)
mem[X,0x0000000080001AF2] -> 0x0013
mem[X,0x0000000080001AF4] -> 0x0000
[2782] [M]: 0x0000000080001AF2 (0x00000013) addi x0, x0, 0x0                        main+3858

mem[X,0x0000000080001AF6] -> 0x0013
mem[X,0x0000000080001AF8] -> 0x0000
[2783] [M]: 0x0000000080001AF6 (0x00000013) addi x0, x0, 0x0                        main+3862

clint mtime 0x0000000000000570 (mip.MTI <- 0b1, mip.STI <- 0b0)
mem[X,0x0000000080001AFA] -> 0x0013
mem[X,0x0000000080001AFC] -> 0x0000
[2784] [M]: 0x0000000080001AFA (0x00000013) addi x0, x0, 0x0                        main+3866

mem[X,0x0000000080001AFE] -> 0x0001
[2785] [M]: 0x0000000080001AFE (0x0001) c.nop                                       main+3870

clint mtime 0x0000000000000571 (mip.MTI <- 0b1, mip.STI <- 0b0)
mem[X,0x0000000080001B00] -> 0x0593
mem[X,0x0000000080001B02] -> 0x0DF0
[2786] [M]: 0x0000000080001B00 (0x0DF00593) addi x11, x0, 0xdf                      main+3872
x11 <- 0x00000000000000DF

mem[X,0x0000000080001B04] -> 0x5513
mem[X,0x0000000080001B06] -> 0x00C5
[2787] [M]: 0x0000000080001B04 (0x00C55513) srli x10, x10, 0xc                      main+3876
x10 <- 0x0000000000080000

clint mtime 0x0000000000000572 (mip.MTI <- 0b1, mip.STI <- 0b0)
mem[X,0x0000000080001B08] -> 0x1513
mem[X,0x0000000080001B0A] -> 0x00A5
[2788] [M]: 0x0000000080001B08 (0x00A51513) slli x10, x10, 0xa                      main+3880
x10 <- 0x0000000020000000

mem[X,0x0000000080001B0C] -> 0x6533
mem[X,0x0000000080001B0E] -> 0x00B5
[2789] [M]: 0x0000000080001B0C (0x00B56533) or x10, x10, x11                        main+3884
x10 <- 0x00000000200000DF

clint mtime 0x0000000000000573 (mip.MTI <- 0b1, mip.STI <- 0b0)
mem[X,0x0000000080001B10] -> 0x0013
mem[X,0x0000000080001B12] -> 0x0000
[2790] [M]: 0x0000000080001B10 (0x00000013) addi x0, x0, 0x0                        main+3888

mem[X,0x0000000080001B14] -> 0x0013
mem[X,0x0000000080001B16] -> 0x0000
[2791] [M]: 0x0000000080001B14 (0x00000013) addi x0, x0, 0x0                        main+3892

clint mtime 0x0000000000000574 (mip.MTI <- 0b1, mip.STI <- 0b0)
mem[X,0x0000000080001B18] -> 0x0013
mem[X,0x0000000080001B1A] -> 0x0000
[2792] [M]: 0x0000000080001B18 (0x00000013) addi x0, x0, 0x0                        main+3896

mem[X,0x0000000080001B1C] -> 0x0013
mem[X,0x0000000080001B1E] -> 0x0000
[2793] [M]: 0x0000000080001B1C (0x00000013) addi x0, x0, 0x0                        main+3900

clint mtime 0x0000000000000575 (mip.MTI <- 0b1, mip.STI <- 0b0)
mem[X,0x0000000080001B20] -> 0x5317
mem[X,0x0000000080001B22] -> 0x0000
[2794] [M]: 0x0000000080001B20 (0x00005317) auipc x6, 0x5                           main+3904
x6 <- 0x0000000080006B20

mem[X,0x0000000080001B24] -> 0x0313
mem[X,0x0000000080001B26] -> 0x4E03
[2795] [M]: 0x0000000080001B24 (0x4E030313) addi x6, x6, 0x4e0                      main+3908
x6 <- 0x0000000080007000

clint mtime 0x0000000000000576 (mip.MTI <- 0b1, mip.STI <- 0b0)
mem[X,0x0000000080001B28] -> 0x0001
[2796] [M]: 0x0000000080001B28 (0x0001) c.nop                                       main+3912

mem[X,0x0000000080001B2A] -> 0x0013
mem[X,0x0000000080001B2C] -> 0x0000
[2797] [M]: 0x0000000080001B2A (0x00000013) addi x0, x0, 0x0                        main+3914

clint mtime 0x0000000000000577 (mip.MTI <- 0b1, mip.STI <- 0b0)
mem[X,0x0000000080001B2E] -> 0x0013
mem[X,0x0000000080001B30] -> 0x0000
[2798] [M]: 0x0000000080001B2E (0x00000013) addi x0, x0, 0x0                        main+3918

mem[X,0x0000000080001B32] -> 0x0013
mem[X,0x0000000080001B34] -> 0x0000
[2799] [M]: 0x0000000080001B32 (0x00000013) addi x0, x0, 0x0                        main+3922

clint mtime 0x0000000000000578 (mip.MTI <- 0b1, mip.STI <- 0b0)
mem[X,0x0000000080001B36] -> 0x0013
mem[X,0x0000000080001B38] -> 0x0000
[2800] [M]: 0x0000000080001B36 (0x00000013) addi x0, x0, 0x0                        main+3926

mem[X,0x0000000080001B3A] -> 0x0013
mem[X,0x0000000080001B3C] -> 0x0000
[2801] [M]: 0x0000000080001B3A (0x00000013) addi x0, x0, 0x0                        main+3930

clint mtime 0x0000000000000579 (mip.MTI <- 0b1, mip.STI <- 0b0)
mem[X,0x0000000080001B3E] -> 0x0001
[2802] [M]: 0x0000000080001B3E (0x0001) c.nop                                       main+3934

mem[X,0x0000000080001B40] -> 0x0293
mem[X,0x0000000080001B42] -> 0x0000
[2803] [M]: 0x0000000080001B40 (0x00000293) addi x5, x0, 0x0                        main+3936
x5 <- 0x0000000000000000

clint mtime 0x000000000000057A (mip.MTI <- 0b1, mip.STI <- 0b0)
mem[X,0x0000000080001B44] -> 0x0333
mem[X,0x0000000080001B46] -> 0x0053
[2804] [M]: 0x0000000080001B44 (0x00530333) add x6, x6, x5                          main+3940
x6 <- 0x0000000080007000

mem[X,0x0000000080001B48] -> 0x3023
mem[X,0x0000000080001B4A] -> 0x00A3
[2805] [M]: 0x0000000080001B48 (0x00A33023) sd x10, 0x0(x6)                         main+3944
mem[W,0x0000000080007000] <- 0x00000000200000DF

clint mtime 0x000000000000057B (mip.MTI <- 0b1, mip.STI <- 0b0)
mem[X,0x0000000080001B4C] -> 0x0073
mem[X,0x0000000080001B4E] -> 0x1200
[2806] [M]: 0x0000000080001B4C (0x12000073) sfence.vma x0, x0                       main+3948

mem[X,0x0000000080001B50] -> 0x0493
mem[X,0x0000000080001B52] -> 0x0010
[2807] [M]: 0x0000000080001B50 (0x00100493) addi x9, x0, 0x1                        main+3952
x9 <- 0x0000000000000001

clint mtime 0x000000000000057C (mip.MTI <- 0b1, mip.STI <- 0b0)
mem[X,0x0000000080001B54] -> 0x9493
mem[X,0x0000000080001B56] -> 0x00B4
[2808] [M]: 0x0000000080001B54 (0x00B49493) slli x9, x9, 0xb                        main+3956
x9 <- 0x0000000000000800

mem[X,0x0000000080001B58] -> 0xB073
mem[X,0x0000000080001B5A] -> 0x3004
[2809] [M]: 0x0000000080001B58 (0x3004B073) csrrc x0, mstatus, x9                   main+3960
CSR mstatus (0x300) <- 0x0000000A00000000

clint mtime 0x000000000000057D (mip.MTI <- 0b1, mip.STI <- 0b0)
mem[X,0x0000000080001B5C] -> 0x23F3
mem[X,0x0000000080001B5E] -> 0x3400
[2810] [M]: 0x0000000080001B5C (0x340023F3) csrrs x7, mscratch, x0                  main+3964
CSR mscratch (0x340) -> 0x0000000080005000
x7 <- 0x0000000080005000

mem[X,0x0000000080001B60] -> 0xB303
mem[X,0x0000000080001B62] -> 0x4703
[2811] [M]: 0x0000000080001B60 (0x4703B303) ld x6, 0x470(x7)                        main+3968
mem[R,0x0000000080005470] -> 0x0000030080000B9C
x6 <- 0x0000030080000B9C

clint mtime 0x000000000000057E (mip.MTI <- 0b1, mip.STI <- 0b0)
mem[X,0x0000000080001B64] -> 0xB483
mem[X,0x0000000080001B66] -> 0x1D83
[2812] [M]: 0x0000000080001B64 (0x1D83B483) ld x9, 0x1d8(x7)                        main+3972
mem[R,0x00000000800051D8] -> 0x0000000080000BB4
x9 <- 0x0000000080000BB4

mem[X,0x0000000080001B68] -> 0x0333
mem[X,0x0000000080001B6A] -> 0x4093
[2813] [M]: 0x0000000080001B68 (0x40930333) sub x6, x6, x9                          main+3976
x6 <- 0x000002FFFFFFFFE8

clint mtime 0x000000000000057F (mip.MTI <- 0b1, mip.STI <- 0b0)
mem[X,0x0000000080001B6C] -> 0x0313
mem[X,0x0000000080001B6E] -> 0x0103
[2814] [M]: 0x0000000080001B6C (0x01030313) addi x6, x6, 0x10                       main+3980
x6 <- 0x000002FFFFFFFFF8

mem[X,0x0000000080001B70] -> 0x0497
mem[X,0x0000000080001B72] -> 0x0000
[2815] [M]: 0x0000000080001B70 (0x00000497) auipc x9, 0x0                           main+3984
x9 <- 0x0000000080001B70

clint mtime 0x0000000000000580 (mip.MTI <- 0b1, mip.STI <- 0b0)
mem[X,0x0000000080001B74] -> 0x84B3
mem[X,0x0000000080001B76] -> 0x0064
[2816] [M]: 0x0000000080001B74 (0x006484B3) add x9, x9, x6                          main+3988
x9 <- 0x0000030080001B68

mem[X,0x0000000080001B78] -> 0x94F3
mem[X,0x0000000080001B7A] -> 0x3414
[2817] [M]: 0x0000000080001B78 (0x341494F3) csrrw x9, mepc, x9                      main+3992
CSR mepc (0x341) <- 0x0000030080001B68
x9 <- 0x00000300800019BC

clint mtime 0x0000000000000581 (mip.MTI <- 0b1, mip.STI <- 0b0)
mem[X,0x0000000080001B7C] -> 0x0073
mem[X,0x0000000080001B7E] -> 0x3020
[2818] [M]: 0x0000000080001B7C (0x30200073) mret                                    main+3996
CSR mstatus (0x300) <- 0x0000000A00000080
ret-ing from M to U

PTW: Start, vpn=0x30080001, access_type=X, privilege=Umem[R,0x0000000080009030] -> 0x00000000000000DB
PTW: Step, level=3, pte=0xDB, pte_addr=0x80009030
PTW: Success, final_ppn=0x80001, level=3mem[X,0x0000000080001B68] -> 0x0333
PTW: Start, vpn=0x30080001, access_type=X, privilege=Umem[R,0x0000000080009030] -> 0x00000000000000DB
PTW: Step, level=3, pte=0xDB, pte_addr=0x80009030
PTW: Success, final_ppn=0x80001, level=3mem[X,0x0000000080001B6A] -> 0x4093
[2819] [U]: 0x0000030080001B68 (0x40930333) sub x6, x6, x9                          va_rvtest_code_begin+4044
x6 <- 0xFFFFFFFF7FFFE63C

clint mtime 0x0000000000000582 (mip.MTI <- 0b1, mip.STI <- 0b0)
PTW: Start, vpn=0x30080001, access_type=X, privilege=Umem[R,0x0000000080009030] -> 0x00000000000000DB
PTW: Step, level=3, pte=0xDB, pte_addr=0x80009030
PTW: Success, final_ppn=0x80001, level=3mem[X,0x0000000080001B6C] -> 0x0313
PTW: Start, vpn=0x30080001, access_type=X, privilege=Umem[R,0x0000000080009030] -> 0x00000000000000DB
PTW: Step, level=3, pte=0xDB, pte_addr=0x80009030
PTW: Success, final_ppn=0x80001, level=3mem[X,0x0000000080001B6E] -> 0x0103
[2820] [U]: 0x0000030080001B6C (0x01030313) addi x6, x6, 0x10                       va_rvtest_code_begin+4048
x6 <- 0xFFFFFFFF7FFFE64C

PTW: Start, vpn=0x30080001, access_type=X, privilege=Umem[R,0x0000000080009030] -> 0x00000000000000DB
PTW: Step, level=3, pte=0xDB, pte_addr=0x80009030
PTW: Success, final_ppn=0x80001, level=3mem[X,0x0000000080001B70] -> 0x0497
PTW: Start, vpn=0x30080001, access_type=X, privilege=Umem[R,0x0000000080009030] -> 0x00000000000000DB
PTW: Step, level=3, pte=0xDB, pte_addr=0x80009030
PTW: Success, final_ppn=0x80001, level=3mem[X,0x0000000080001B72] -> 0x0000
[2821] [U]: 0x0000030080001B70 (0x00000497) auipc x9, 0x0                           va_rvtest_code_begin+4052
x9 <- 0x0000030080001B70

clint mtime 0x0000000000000583 (mip.MTI <- 0b1, mip.STI <- 0b0)
PTW: Start, vpn=0x30080001, access_type=X, privilege=Umem[R,0x0000000080009030] -> 0x00000000000000DB
PTW: Step, level=3, pte=0xDB, pte_addr=0x80009030
PTW: Success, final_ppn=0x80001, level=3mem[X,0x0000000080001B74] -> 0x84B3
PTW: Start, vpn=0x30080001, access_type=X, privilege=Umem[R,0x0000000080009030] -> 0x00000000000000DB
PTW: Step, level=3, pte=0xDB, pte_addr=0x80009030
PTW: Success, final_ppn=0x80001, level=3mem[X,0x0000000080001B76] -> 0x0064
[2822] [U]: 0x0000030080001B74 (0x006484B3) add x9, x9, x6                          va_rvtest_code_begin+4056
x9 <- 0x00000300000001BC

PTW: Start, vpn=0x30080001, access_type=X, privilege=Umem[R,0x0000000080009030] -> 0x00000000000000DB
PTW: Step, level=3, pte=0xDB, pte_addr=0x80009030
PTW: Success, final_ppn=0x80001, level=3mem[X,0x0000000080001B78] -> 0x94F3
PTW: Start, vpn=0x30080001, access_type=X, privilege=Umem[R,0x0000000080009030] -> 0x00000000000000DB
PTW: Step, level=3, pte=0xDB, pte_addr=0x80009030
PTW: Success, final_ppn=0x80001, level=3mem[X,0x0000000080001B7A] -> 0x3414
[2823] [U]: 0x0000030080001B78 (0x341494F3) csrrw x9, mepc, x9                      va_rvtest_code_begin+4060
trapping from U to M to handle illegal-instruction
handling exc#illegal-instruction at priv M with tval 0x00000000341494F3
CSR mstatus (0x300) <- 0x0000000A00000000
CSR mcause (0x342) <- 0x0000000000000002
CSR mtval (0x343) <- 0x00000000341494F3
CSR mepc (0x341) <- 0x0000030080001B78

clint mtime 0x0000000000000584 (mip.MTI <- 0b1, mip.STI <- 0b0)
mem[X,0x0000000080002800] -> 0x006F
mem[X,0x0000000080002802] -> 0x1000
[2824] [M]: 0x0000000080002800 (0x1000006F) jal x0, 0x100                           Mtrampoline+0

mem[X,0x0000000080002900] -> 0x1173
mem[X,0x0000000080002902] -> 0x3401
[2825] [M]: 0x0000000080002900 (0x34011173) csrrw x2, mscratch, x2                  trap_Mhandler+0
CSR mscratch (0x340) <- 0x0000000000000000
x2 <- 0x0000000080005000

clint mtime 0x0000000000000585 (mip.MTI <- 0b1, mip.STI <- 0b0)
mem[X,0x0000000080002904] -> 0x3423
mem[X,0x0000000080002906] -> 0x28B1
[2826] [M]: 0x0000000080002904 (0x28B13423) sd x11, 0x288(x2)                       trap_Mhandler+4
mem[W,0x0000000080005288] <- 0x00000000000000DF

mem[X,0x0000000080002908] -> 0x05EF
mem[X,0x000000008000290A] -> 0x0B80
[2827] [M]: 0x0000000080002908 (0x0B8005EF) jal x11, 0xb8                           trap_Mhandler+8
x11 <- 0x000000008000290C

clint mtime 0x0000000000000586 (mip.MTI <- 0b1, mip.STI <- 0b0)
mem[X,0x00000000800029C0] -> 0x3023
mem[X,0x00000000800029C2] -> 0x28A1
[2828] [M]: 0x00000000800029C0 (0x28A13023) sd x10, 0x280(x2)                       common_Mhandler+0
mem[W,0x0000000080005280] <- 0x00000000200000DF

mem[X,0x00000000800029C4] -> 0x1573
mem[X,0x00000000800029C6] -> 0x3401
[2829] [M]: 0x00000000800029C4 (0x34011573) csrrw x10, mscratch, x2                 common_Mhandler+4
CSR mscratch (0x340) <- 0x0000000080005000
x10 <- 0x0000000000000000

clint mtime 0x0000000000000587 (mip.MTI <- 0b1, mip.STI <- 0b0)
mem[X,0x00000000800029C8] -> 0x3823
mem[X,0x00000000800029CA] -> 0x28A1
[2830] [M]: 0x00000000800029C8 (0x28A13823) sd x10, 0x290(x2)                       common_Mhandler+8
mem[W,0x0000000080005290] <- 0x0000000000000000

mem[X,0x00000000800029CC] -> 0x3503
mem[X,0x00000000800029CE] -> 0x2301
[2831] [M]: 0x00000000800029CC (0x23013503) ld x10, 0x230(x2)                       common_Mhandler+12
mem[R,0x0000000080005230] -> 0x00000000800029D4
x10 <- 0x00000000800029D4

clint mtime 0x0000000000000588 (mip.MTI <- 0b1, mip.STI <- 0b0)
mem[X,0x00000000800029D0] -> 0x0067
mem[X,0x00000000800029D2] -> 0x0005
[2832] [M]: 0x00000000800029D0 (0x00050067) jalr x0, 0x0(x10)                       common_Mhandler+16

mem[X,0x00000000800029D4] -> 0x3C23
mem[X,0x00000000800029D6] -> 0x2691
[2833] [M]: 0x00000000800029D4 (0x26913C23) sd x9, 0x278(x2)                        common_Mentry+0
mem[W,0x0000000080005278] <- 0x00000300000001BC

clint mtime 0x0000000000000589 (mip.MTI <- 0b1, mip.STI <- 0b0)
mem[X,0x00000000800029D8] -> 0x3823
mem[X,0x00000000800029DA] -> 0x2681
[2834] [M]: 0x00000000800029D8 (0x26813823) sd x8, 0x270(x2)                        common_Mentry+4
mem[W,0x0000000080005270] <- 0x0000000000007F76

mem[X,0x00000000800029DC] -> 0x3423
mem[X,0x00000000800029DE] -> 0x2671
[2835] [M]: 0x00000000800029DC (0x26713423) sd x7, 0x268(x2)                        common_Mentry+8
mem[W,0x0000000080005268] <- 0x0000000080005000

clint mtime 0x000000000000058A (mip.MTI <- 0b1, mip.STI <- 0b0)
mem[X,0x00000000800029E0] -> 0x3023
mem[X,0x00000000800029E2] -> 0x2661
[2836] [M]: 0x00000000800029E0 (0x26613023) sd x6, 0x260(x2)                        common_Mentry+12
mem[W,0x0000000080005260] <- 0xFFFFFFFF7FFFE64C

mem[X,0x00000000800029E4] -> 0x2573
mem[X,0x00000000800029E6] -> 0x3420
[2837] [M]: 0x00000000800029E4 (0x34202573) csrrs x10, mcause, x0                   spcl_M2mmode_test+0
CSR mcause (0x342) -> 0x0000000000000002
x10 <- 0x0000000000000002

clint mtime 0x000000000000058B (mip.MTI <- 0b1, mip.STI <- 0b0)
mem[X,0x00000000800029E8] -> 0x04B7
mem[X,0x00000000800029EA] -> 0x8000
[2838] [M]: 0x00000000800029E8 (0x800004B7) lui x9, -0x80000                        spcl_M2mmode_test+4
x9 <- 0xFFFFFFFF80000000

mem[X,0x00000000800029EC] -> 0x8493
mem[X,0x00000000800029EE] -> 0x0004
[2839] [M]: 0x00000000800029EC (0x00048493) addi x9, x9, 0x0                        spcl_M2mmode_test+8
x9 <- 0xFFFFFFFF80000000

clint mtime 0x000000000000058C (mip.MTI <- 0b1, mip.STI <- 0b0)
mem[X,0x00000000800029F0] -> 0x9493
mem[X,0x00000000800029F2] -> 0x00B4
[2840] [M]: 0x00000000800029F0 (0x00B49493) slli x9, x9, 0xb                        spcl_M2mmode_test+12
x9 <- 0xFFFFFC0000000000

mem[X,0x00000000800029F4] -> 0x8493
mem[X,0x00000000800029F6] -> 0x0004
[2841] [M]: 0x00000000800029F4 (0x00048493) addi x9, x9, 0x0                        spcl_M2mmode_test+16
x9 <- 0xFFFFFC0000000000

clint mtime 0x000000000000058D (mip.MTI <- 0b1, mip.STI <- 0b0)
mem[X,0x00000000800029F8] -> 0x9493
mem[X,0x00000000800029FA] -> 0x00B4
[2842] [M]: 0x00000000800029F8 (0x00B49493) slli x9, x9, 0xb                        spcl_M2mmode_test+20
x9 <- 0xFFE0000000000000

mem[X,0x00000000800029FC] -> 0x8493
mem[X,0x00000000800029FE] -> 0x0034
[2843] [M]: 0x00000000800029FC (0x00348493) addi x9, x9, 0x3                        spcl_M2mmode_test+24
x9 <- 0xFFE0000000000003

clint mtime 0x000000000000058E (mip.MTI <- 0b1, mip.STI <- 0b0)
mem[X,0x0000000080002A00] -> 0x9493
mem[X,0x0000000080002A02] -> 0x00A4
[2844] [M]: 0x0000000080002A00 (0x00A49493) slli x9, x9, 0xa                        spcl_M2mmode_test+28
x9 <- 0x8000000000000C00

mem[X,0x0000000080002A04] -> 0x8493
mem[X,0x0000000080002A06] -> 0x3FC4
[2845] [M]: 0x0000000080002A04 (0x3FC48493) addi x9, x9, 0x3fc                      spcl_M2mmode_test+32
x9 <- 0x8000000000000FFC

clint mtime 0x000000000000058F (mip.MTI <- 0b1, mip.STI <- 0b0)
mem[X,0x0000000080002A08] -> 0xF4B3
mem[X,0x0000000080002A0A] -> 0x00A4
[2846] [M]: 0x0000000080002A08 (0x00A4F4B3) and x9, x9, x10                         spcl_M2mmode_test+36
x9 <- 0x0000000000000000

mem[X,0x0000000080002A0C] -> 0x8493
mem[X,0x0000000080002A0E] -> 0xFF84
[2847] [M]: 0x0000000080002A0C (0xFF848493) addi x9, x9, -0x8                       spcl_M2mmode_test+40
x9 <- 0xFFFFFFFFFFFFFFF8

clint mtime 0x0000000000000590 (mip.MTI <- 0b1, mip.STI <- 0b0)
mem[X,0x0000000080002A10] -> 0x9663
mem[X,0x0000000080002A12] -> 0x0004
[2848] [M]: 0x0000000080002A10 (0x00049663) bne x9, x0, 0xc                         spcl_M2mmode_test+44

mem[X,0x0000000080002A1C] -> 0x0393
mem[X,0x0000000080002A1E] -> 0x0200
[2849] [M]: 0x0000000080002A1C (0x02000393) addi x7, x0, 0x20                       Mtrapsig_ptr_upd+0
x7 <- 0x0000000000000020

clint mtime 0x0000000000000591 (mip.MTI <- 0b1, mip.STI <- 0b0)
mem[X,0x0000000080002A20] -> 0x5263
mem[X,0x0000000080002A22] -> 0x0405
[2850] [M]: 0x0000000080002A20 (0x04055263) bge x10, x0, 0x44                       Mtrapsig_ptr_upd+4

mem[X,0x0000000080002A64] -> 0x2373
mem[X,0x0000000080002A66] -> 0x3010
[2851] [M]: 0x0000000080002A64 (0x30102373) csrrs x6, misa, x0                      Mxcpt_sig_sv+0
CSR misa (0x301) -> 0x800000000034112F
x6 <- 0x800000000034112F

clint mtime 0x0000000000000592 (mip.MTI <- 0b1, mip.STI <- 0b0)
mem[X,0x0000000080002A68] -> 0x1313
mem[X,0x0000000080002A6A] -> 0x0383
[2852] [M]: 0x0000000080002A68 (0x03831313) slli x6, x6, 0x38                       Mxcpt_sig_sv+4
x6 <- 0x2F00000000000000

mem[X,0x0000000080002A6C] -> 0x5463
mem[X,0x0000000080002A6E] -> 0x0003
[2853] [M]: 0x0000000080002A6C (0x00035463) bge x6, x0, 0x8                         Mxcpt_sig_sv+8

clint mtime 0x0000000000000593 (mip.MTI <- 0b1, mip.STI <- 0b0)
mem[X,0x0000000080002A74] -> 0x3303
mem[X,0x0000000080002A76] -> 0x2181
[2854] [M]: 0x0000000080002A74 (0x21813303) ld x6, 0x218(x2)                        Mtrap_sig_sv+0
mem[R,0x0000000080005218] -> 0x000000008000A498
x6 <- 0x000000008000A498

mem[X,0x0000000080002A78] -> 0x04B3
mem[X,0x0000000080002A7A] -> 0x0073
[2855] [M]: 0x0000000080002A78 (0x007304B3) add x9, x6, x7                          Mtrap_sig_sv+4
x9 <- 0x000000008000A4B8

clint mtime 0x0000000000000594 (mip.MTI <- 0b1, mip.STI <- 0b0)
mem[X,0x0000000080002A7C] -> 0x3C23
mem[X,0x0000000080002A7E] -> 0x2091
[2856] [M]: 0x0000000080002A7C (0x20913C23) sd x9, 0x218(x2)                        Mtrap_sig_sv+8
mem[W,0x0000000080005218] <- 0x000000008000A4B8

mem[X,0x0000000080002A80] -> 0x3403
mem[X,0x0000000080002A82] -> 0x1F81
[2857] [M]: 0x0000000080002A80 (0x1F813403) ld x8, 0x1f8(x2)                        Mtrap_sig_sv+12
mem[R,0x00000000800051F8] -> 0x000000008000A110
x8 <- 0x000000008000A110

clint mtime 0x0000000000000595 (mip.MTI <- 0b1, mip.STI <- 0b0)
mem[X,0x0000000080002A84] -> 0x0333
mem[X,0x0000000080002A86] -> 0x4083
[2858] [M]: 0x0000000080002A84 (0x40830333) sub x6, x6, x8                          Mtrap_sig_sv+16
x6 <- 0x0000000000000388

mem[X,0x0000000080002A88] -> 0x3403
mem[X,0x0000000080002A8A] -> 0x1F81
[2859] [M]: 0x0000000080002A88 (0x1F813403) ld x8, 0x1f8(x2)                        Mtrap_sig_sv+20
mem[R,0x00000000800051F8] -> 0x000000008000A110
x8 <- 0x000000008000A110

clint mtime 0x0000000000000596 (mip.MTI <- 0b1, mip.STI <- 0b0)
mem[X,0x0000000080002A8C] -> 0x0333
mem[X,0x0000000080002A8E] -> 0x0083
[2860] [M]: 0x0000000080002A8C (0x00830333) add x6, x6, x8                          Mtrap_sig_sv+24
x6 <- 0x000000008000A498

mem[X,0x0000000080002A90] -> 0x3403
mem[X,0x0000000080002A92] -> 0x2401
[2861] [M]: 0x0000000080002A90 (0x24013403) ld x8, 0x240(x2)                        Mtrap_sig_sv+28
mem[R,0x0000000080005240] -> 0x0000000080002800
x8 <- 0x0000000080002800

clint mtime 0x0000000000000597 (mip.MTI <- 0b1, mip.STI <- 0b0)
mem[X,0x0000000080002A94] -> 0x85B3
mem[X,0x0000000080002A96] -> 0x4085
[2862] [M]: 0x0000000080002A94 (0x408585B3) sub x11, x11, x8                        sv_Mvect+0
x11 <- 0x000000000000010C

mem[X,0x0000000080002A98] -> 0x9593
mem[X,0x0000000080002A9A] -> 0x0045
[2863] [M]: 0x0000000080002A98 (0x00459593) slli x11, x11, 0x4                      sv_Mvect+4
x11 <- 0x00000000000010C0

clint mtime 0x0000000000000598 (mip.MTI <- 0b1, mip.STI <- 0b0)
mem[X,0x0000000080002A9C] -> 0xE5B3
mem[X,0x0000000080002A9E] -> 0x0075
[2864] [M]: 0x0000000080002A9C (0x0075E5B3) or x11, x11, x7                         sv_Mvect+8
x11 <- 0x00000000000010E0

mem[X,0x0000000080002AA0] -> 0x8593
mem[X,0x0000000080002AA2] -> 0x0035
[2865] [M]: 0x0000000080002AA0 (0x00358593) addi x11, x11, 0x3                      sv_Mvect+12
x11 <- 0x00000000000010E3

clint mtime 0x0000000000000599 (mip.MTI <- 0b1, mip.STI <- 0b0)
mem[X,0x0000000080002AA4] -> 0x3023
mem[X,0x0000000080002AA6] -> 0x00B3
[2866] [M]: 0x0000000080002AA4 (0x00B33023) sd x11, 0x0(x6)                         sv_Mvect+16
mem[W,0x000000008000A498] <- 0x00000000000010E3

mem[X,0x0000000080002AA8] -> 0x3423
mem[X,0x0000000080002AAA] -> 0x00A3
[2867] [M]: 0x0000000080002AA8 (0x00A33423) sd x10, 0x8(x6)                         sv_Mcause+0
mem[W,0x000000008000A4A0] <- 0x0000000000000002

clint mtime 0x000000000000059A (mip.MTI <- 0b1, mip.STI <- 0b0)
mem[X,0x0000000080002AAC] -> 0x4663
mem[X,0x0000000080002AAE] -> 0x1A05
[2868] [M]: 0x0000000080002AAC (0x1A054663) blt x10, x0, 0x1ac                      sv_Mcause+4

mem[X,0x0000000080002AB0] -> 0x25F3
mem[X,0x0000000080002AB2] -> 0x3000
[2869] [M]: 0x0000000080002AB0 (0x300025F3) csrrs x11, mstatus, x0                  common_Mexcpt_handler+0
CSR mstatus (0x300) -> 0x0000000A00000000
x11 <- 0x0000000A00000000

clint mtime 0x000000000000059B (mip.MTI <- 0b1, mip.STI <- 0b0)
mem[X,0x0000000080002AB4] -> 0x9413
mem[X,0x0000000080002AB6] -> 0x02E5
[2870] [M]: 0x0000000080002AB4 (0x02E59413) slli x8, x11, 0x2e                      common_Mexcpt_handler+4
x8 <- 0x0000000000000000

mem[X,0x0000000080002AB8] -> 0x5463
mem[X,0x0000000080002ABA] -> 0x0004
[2871] [M]: 0x0000000080002AB8 (0x00045463) bge x8, x0, 0x8                         common_Mexcpt_handler+8

clint mtime 0x000000000000059C (mip.MTI <- 0b1, mip.STI <- 0b0)
mem[X,0x0000000080002AC0] -> 0xD493
mem[X,0x0000000080002AC2] -> 0x00B5
[2872] [M]: 0x0000000080002AC0 (0x00B5D493) srli x9, x11, 0xb                       common_Mexcpt_handler+16
x9 <- 0x0000000001400000

mem[X,0x0000000080002AC4] -> 0xF493
mem[X,0x0000000080002AC6] -> 0x0034
[2873] [M]: 0x0000000080002AC4 (0x0034F493) andi x9, x9, 0x3                        common_Mexcpt_handler+20
x9 <- 0x0000000000000000

clint mtime 0x000000000000059D (mip.MTI <- 0b1, mip.STI <- 0b0)
mem[X,0x0000000080002AC8] -> 0x8493
mem[X,0x0000000080002ACA] -> 0x0014
[2874] [M]: 0x0000000080002AC8 (0x00148493) addi x9, x9, 0x1                        common_Mexcpt_handler+24
x9 <- 0x0000000000000001

mem[X,0x0000000080002ACC] -> 0xF493
mem[X,0x0000000080002ACE] -> 0x0044
[2875] [M]: 0x0000000080002ACC (0x0044F493) andi x9, x9, 0x4                        common_Mexcpt_handler+28
x9 <- 0x0000000000000000

clint mtime 0x000000000000059E (mip.MTI <- 0b1, mip.STI <- 0b0)
mem[X,0x0000000080002AD0] -> 0x0593
mem[X,0x0000000080002AD2] -> 0x05D0
[2876] [M]: 0x0000000080002AD0 (0x05D00593) addi x11, x0, 0x5d                      common_Mexcpt_handler+32
x11 <- 0x000000000000005D

mem[X,0x0000000080002AD4] -> 0xD5B3
mem[X,0x0000000080002AD6] -> 0x0095
[2877] [M]: 0x0000000080002AD4 (0x0095D5B3) srl x11, x11, x9                        common_Mexcpt_handler+36
x11 <- 0x000000000000005D

clint mtime 0x000000000000059F (mip.MTI <- 0b1, mip.STI <- 0b0)
mem[X,0x0000000080002AD8] -> 0xF593
mem[X,0x0000000080002ADA] -> 0x0015
[2878] [M]: 0x0000000080002AD8 (0x0015F593) andi x11, x11, 0x1                      common_Mexcpt_handler+40
x11 <- 0x0000000000000001

mem[X,0x0000000080002ADC] -> 0x8EE3
mem[X,0x0000000080002ADE] -> 0xF405
[2879] [M]: 0x0000000080002ADC (0xF4058EE3) beq x11, x0, -0xa4                      common_Mexcpt_handler+44

clint mtime 0x00000000000005A0 (mip.MTI <- 0b1, mip.STI <- 0b0)
mem[X,0x0000000080002AE0] -> 0x0593
mem[X,0x0000000080002AE2] -> 0x2980
[2880] [M]: 0x0000000080002AE0 (0x29800593) addi x11, x0, 0x298                     common_Mexcpt_handler+48
x11 <- 0x0000000000000298

mem[X,0x0000000080002AE4] -> 0xF413
mem[X,0x0000000080002AE6] -> 0x0014
[2881] [M]: 0x0000000080002AE4 (0x0014F413) andi x8, x9, 0x1                        common_Mexcpt_handler+52
x8 <- 0x0000000000000000

clint mtime 0x00000000000005A1 (mip.MTI <- 0b1, mip.STI <- 0b0)
mem[X,0x0000000080002AE8] -> 0x95B3
mem[X,0x0000000080002AEA] -> 0x0085
[2882] [M]: 0x0000000080002AE8 (0x008595B3) sll x11, x11, x8                        common_Mexcpt_handler+56
x11 <- 0x0000000000000298

mem[X,0x0000000080002AEC] -> 0x9413
mem[X,0x0000000080002AEE] -> 0x03D4
[2883] [M]: 0x0000000080002AEC (0x03D49413) slli x8, x9, 0x3d                       common_Mexcpt_handler+60
x8 <- 0x0000000000000000

clint mtime 0x00000000000005A2 (mip.MTI <- 0b1, mip.STI <- 0b0)
mem[X,0x0000000080002AF0] -> 0x5413
mem[X,0x0000000080002AF2] -> 0x43F4
[2884] [M]: 0x0000000080002AF0 (0x43F45413) srai x8, x8, 0x3f                       common_Mexcpt_handler+64
x8 <- 0x0000000000000000

mem[X,0x0000000080002AF4] -> 0x4413
mem[X,0x0000000080002AF6] -> 0xFFF4
[2885] [M]: 0x0000000080002AF4 (0xFFF44413) xori x8, x8, -0x1                       common_Mexcpt_handler+68
x8 <- 0xFFFFFFFFFFFFFFFF

clint mtime 0x00000000000005A3 (mip.MTI <- 0b1, mip.STI <- 0b0)
mem[X,0x0000000080002AF8] -> 0xF4B3
mem[X,0x0000000080002AFA] -> 0x0085
[2886] [M]: 0x0000000080002AF8 (0x0085F4B3) and x9, x11, x8                         common_Mexcpt_handler+72
x9 <- 0x0000000000000298

mem[X,0x0000000080002AFC] -> 0x84B3
mem[X,0x0000000080002AFE] -> 0x0024
[2887] [M]: 0x0000000080002AFC (0x002484B3) add x9, x9, x2                          vmem_adj_Mepc+0
x9 <- 0x0000000080005298

clint mtime 0x00000000000005A4 (mip.MTI <- 0b1, mip.STI <- 0b0)
mem[X,0x0000000080002B00] -> 0x23F3
mem[X,0x0000000080002B02] -> 0x3410
[2888] [M]: 0x0000000080002B00 (0x341023F3) csrrs x7, mepc, x0                      vmem_adj_Mepc+4
CSR mepc (0x341) -> 0x0000030080001B78
x7 <- 0x0000030080001B78

mem[X,0x0000000080002B04] -> 0x0413
mem[X,0x0000000080002B06] -> 0x0004
[2889] [M]: 0x0000000080002B04 (0x00040413) addi x8, x8, 0x0                        vmem_adj_Mepc+8
x8 <- 0xFFFFFFFFFFFFFFFF

clint mtime 0x00000000000005A5 (mip.MTI <- 0b1, mip.STI <- 0b0)
mem[X,0x0000000080002B08] -> 0x006F
mem[X,0x0000000080002B0A] -> 0x0400
[2890] [M]: 0x0000000080002B08 (0x0400006F) jal x0, 0x40                            vmem_adj_Mepc+12

mem[X,0x0000000080002B48] -> 0x8433
mem[X,0x0000000080002B4A] -> 0x4083
[2891] [M]: 0x0000000080002B48 (0x40838433) sub x8, x7, x8                          adj_Mepc+0
x8 <- 0x0000030080001B79

clint mtime 0x00000000000005A6 (mip.MTI <- 0b1, mip.STI <- 0b0)
mem[X,0x0000000080002B4C] -> 0x3823
mem[X,0x0000000080002B4E] -> 0x0083
[2892] [M]: 0x0000000080002B4C (0x00833823) sd x8, 0x10(x6)                         sv_Mepc+0
mem[W,0x000000008000A4A8] <- 0x0000030080001B79

mem[X,0x0000000080002B50] -> 0x55B7
mem[X,0x0000000080002B52] -> 0x0000
[2893] [M]: 0x0000000080002B50 (0x000055B7) lui x11, 0x5                            sv_Mepc+4
x11 <- 0x0000000000005000

clint mtime 0x00000000000005A7 (mip.MTI <- 0b1, mip.STI <- 0b0)
mem[X,0x0000000080002B54] -> 0x8593
mem[X,0x0000000080002B56] -> 0x6675
[2894] [M]: 0x0000000080002B54 (0x66758593) addi x11, x11, 0x667                    sv_Mepc+8
x11 <- 0x0000000000005667

mem[X,0x0000000080002B58] -> 0x9593
mem[X,0x0000000080002B5A] -> 0x0015
[2895] [M]: 0x0000000080002B58 (0x00159593) slli x11, x11, 0x1                      sv_Mepc+12
x11 <- 0x000000000000ACCE

clint mtime 0x00000000000005A8 (mip.MTI <- 0b1, mip.STI <- 0b0)
mem[X,0x0000000080002B5C] -> 0x9063
mem[X,0x0000000080002B5E] -> 0x02B1
[2896] [M]: 0x0000000080002B5C (0x02B19063) bne x3, x11, 0x20                       sv_Mepc+16

mem[X,0x0000000080002B60] -> 0x2473
mem[X,0x0000000080002B62] -> 0x3420
[2897] [M]: 0x0000000080002B60 (0x34202473) csrrs x8, mcause, x0                    sv_Mepc+20
CSR mcause (0x342) -> 0x0000000000000002
x8 <- 0x0000000000000002

clint mtime 0x00000000000005A9 (mip.MTI <- 0b1, mip.STI <- 0b0)
mem[X,0x0000000080002B64] -> 0x0593
mem[X,0x0000000080002B66] -> 0x00C0
[2898] [M]: 0x0000000080002B64 (0x00C00593) addi x11, x0, 0xc                       sv_Mepc+24
x11 <- 0x000000000000000C

mem[X,0x0000000080002B68] -> 0x0663
mem[X,0x0000000080002B6A] -> 0x00B4
[2899] [M]: 0x0000000080002B68 (0x00B40663) beq x8, x11, 0xc                        sv_Mepc+28

clint mtime 0x00000000000005AA (mip.MTI <- 0b1, mip.STI <- 0b0)
mem[X,0x0000000080002B6C] -> 0x0593
mem[X,0x0000000080002B6E] -> 0x0010
[2900] [M]: 0x0000000080002B6C (0x00100593) addi x11, x0, 0x1                       sv_Mepc+32
x11 <- 0x0000000000000001

mem[X,0x0000000080002B70] -> 0x1663
mem[X,0x0000000080002B72] -> 0x00B4
[2901] [M]: 0x0000000080002B70 (0x00B41663) bne x8, x11, 0xc                        sv_Mepc+36

clint mtime 0x00000000000005AB (mip.MTI <- 0b1, mip.STI <- 0b0)
mem[X,0x0000000080002B7C] -> 0xF593
mem[X,0x0000000080002B7E] -> 0xFFC3
[2902] [M]: 0x0000000080002B7C (0xFFC3F593) andi x11, x7, -0x4                      adj_Mepc_rtn+0
x11 <- 0x0000030080001B78

mem[X,0x0000000080002B80] -> 0x8593
mem[X,0x0000000080002B82] -> 0x0085
[2903] [M]: 0x0000000080002B80 (0x00858593) addi x11, x11, 0x8                      adj_Mepc_rtn+4
x11 <- 0x0000030080001B80

clint mtime 0x00000000000005AC (mip.MTI <- 0b1, mip.STI <- 0b0)
mem[X,0x0000000080002B84] -> 0x9073
mem[X,0x0000000080002B86] -> 0x3415
[2904] [M]: 0x0000000080002B84 (0x34159073) csrrw x0, mepc, x11                     adj_Mepc_rtn+8
CSR mepc (0x341) <- 0x0000030080001B80

mem[X,0x0000000080002B88] -> 0x23F3
mem[X,0x0000000080002B8A] -> 0x3430
[2905] [M]: 0x0000000080002B88 (0x343023F3) csrrs x7, mtval, x0                     skp_adj_Mepc+0
CSR mtval (0x343) -> 0x00000000341494F3
x7 <- 0x00000000341494F3

clint mtime 0x00000000000005AD (mip.MTI <- 0b1, mip.STI <- 0b0)
mem[X,0x0000000080002B8C] -> 0x0413
mem[X,0x0000000080002B8E] -> 0x0004
[2906] [M]: 0x0000000080002B8C (0x00040413) addi x8, x8, 0x0                        skp_adj_Mepc+4
x8 <- 0x0000000000000002

mem[X,0x0000000080002B90] -> 0x006F
mem[X,0x0000000080002B92] -> 0x0840
[2907] [M]: 0x0000000080002B90 (0x0840006F) jal x0, 0x84                            skp_adj_Mepc+8

clint mtime 0x00000000000005AE (mip.MTI <- 0b1, mip.STI <- 0b0)
mem[X,0x0000000080002C14] -> 0x8433
mem[X,0x0000000080002C16] -> 0x4083
[2908] [M]: 0x0000000080002C14 (0x40838433) sub x8, x7, x8                          adj_Mtval+0
x8 <- 0x00000000341494F1

mem[X,0x0000000080002C18] -> 0x3C23
mem[X,0x0000000080002C1A] -> 0x0083
[2909] [M]: 0x0000000080002C18 (0x00833C23) sd x8, 0x18(x6)                         sv_Mtval+0
mem[W,0x000000008000A4B0] <- 0x00000000341494F1

clint mtime 0x00000000000005AF (mip.MTI <- 0b1, mip.STI <- 0b0)
mem[X,0x0000000080002C1C] -> 0x3483
mem[X,0x0000000080002C1E] -> 0x2181
[2910] [M]: 0x0000000080002C1C (0x21813483) ld x9, 0x218(x2)                        skp_Mtval+0
mem[R,0x0000000080005218] -> 0x000000008000A4B8
x9 <- 0x000000008000A4B8

mem[X,0x0000000080002C20] -> 0x3383
mem[X,0x0000000080002C22] -> 0x1F81
[2911] [M]: 0x0000000080002C20 (0x1F813383) ld x7, 0x1f8(x2)                        skp_Mtval+4
mem[R,0x00000000800051F8] -> 0x000000008000A110
x7 <- 0x000000008000A110

clint mtime 0x00000000000005B0 (mip.MTI <- 0b1, mip.STI <- 0b0)
mem[X,0x0000000080002C24] -> 0x3303
mem[X,0x0000000080002C26] -> 0x2001
[2912] [M]: 0x0000000080002C24 (0x20013303) ld x6, 0x200(x2)                        skp_Mtval+8
mem[R,0x0000000080005200] -> 0x0000000000000410
x6 <- 0x0000000000000410

mem[X,0x0000000080002C28] -> 0x0333
mem[X,0x0000000080002C2A] -> 0x0073
[2913] [M]: 0x0000000080002C28 (0x00730333) add x6, x6, x7                          skp_Mtval+12
x6 <- 0x000000008000A520

clint mtime 0x00000000000005B1 (mip.MTI <- 0b1, mip.STI <- 0b0)
mem[X,0x0000000080002C2C] -> 0x6AE3
mem[X,0x0000000080002C2E] -> 0xAC93
[2914] [M]: 0x0000000080002C2C (0xAC936AE3) bltu x6, x9, -0x52c                     skp_Mtval+16

mem[X,0x0000000080002C30] -> 0x0393
mem[X,0x0000000080002C32] -> 0x2000
[2915] [M]: 0x0000000080002C30 (0x20000393) addi x7, x0, 0x200                      skp_Mtval+20
x7 <- 0x0000000000000200

clint mtime 0x00000000000005B2 (mip.MTI <- 0b1, mip.STI <- 0b0)
mem[X,0x0000000080002C34] -> 0x006F
mem[X,0x0000000080002C36] -> 0x0400
[2916] [M]: 0x0000000080002C34 (0x0400006F) jal x0, 0x40                            skp_Mtval+24

mem[X,0x0000000080002C74] -> 0x0417
mem[X,0x0000000080002C76] -> 0x0000
[2917] [M]: 0x0000000080002C74 (0x00000417) auipc x8, 0x0                           spcl_Mhandler+0
x8 <- 0x0000000080002C74

clint mtime 0x00000000000005B3 (mip.MTI <- 0b1, mip.STI <- 0b0)
mem[X,0x0000000080002C78] -> 0x0413
mem[X,0x0000000080002C7A] -> 0x03C4
[2918] [M]: 0x0000000080002C78 (0x03C40413) addi x8, x8, 0x3c                       spcl_Mhandler+4
x8 <- 0x0000000080002CB0

mem[X,0x0000000080002C7C] -> 0x0433
mem[X,0x0000000080002C7E] -> 0x0074
[2919] [M]: 0x0000000080002C7C (0x00740433) add x8, x8, x7                          spcl_Mhandler+8
x8 <- 0x0000000080002EB0

clint mtime 0x00000000000005B4 (mip.MTI <- 0b1, mip.STI <- 0b0)
mem[X,0x0000000080002C80] -> 0x1393
mem[X,0x0000000080002C82] -> 0x0035
[2920] [M]: 0x0000000080002C80 (0x00351393) slli x7, x10, 0x3                       spcl_Mhandler+12
x7 <- 0x0000000000000010

mem[X,0x0000000080002C84] -> 0x0433
mem[X,0x0000000080002C86] -> 0x0074
[2921] [M]: 0x0000000080002C84 (0x00740433) add x8, x8, x7                          spcl_Mhandler+16
x8 <- 0x0000000080002EC0

clint mtime 0x00000000000005B5 (mip.MTI <- 0b1, mip.STI <- 0b0)
mem[X,0x0000000080002C88] -> 0x7413
mem[X,0x0000000080002C8A] -> 0xFF84
[2922] [M]: 0x0000000080002C88 (0xFF847413) andi x8, x8, -0x8                       spcl_Mhandler+20
x8 <- 0x0000000080002EC0

mem[X,0x0000000080002C8C] -> 0x3403
mem[X,0x0000000080002C8E] -> 0x0004
[2923] [M]: 0x0000000080002C8C (0x00043403) ld x8, 0x0(x8)                          spcl_Mhandler+24
mem[R,0x0000000080002EC0] -> 0x0000000000000005
x8 <- 0x0000000000000005

clint mtime 0x00000000000005B6 (mip.MTI <- 0b1, mip.STI <- 0b0)
mem[X,0x0000000080002C90] -> 0x02E3
mem[X,0x0000000080002C92] -> 0xB004
[2924] [M]: 0x0000000080002C90 (0xB00402E3) beq x8, x0, -0x4fc                      spcl_Mdispatch_hndling+0

mem[X,0x0000000080002C94] -> 0x1393
mem[X,0x0000000080002C96] -> 0x03F4
[2925] [M]: 0x0000000080002C94 (0x03F41393) slli x7, x8, 0x3f                       spcl_Mdispatch_hndling+4
x7 <- 0x8000000000000000

clint mtime 0x00000000000005B7 (mip.MTI <- 0b1, mip.STI <- 0b0)
mem[X,0x0000000080002C98] -> 0xD863
mem[X,0x0000000080002C9A] -> 0x0003
[2926] [M]: 0x0000000080002C98 (0x0003D863) bge x7, x0, 0x10                        spcl_Mdispatch_hndling+8

mem[X,0x0000000080002C9C] -> 0x5413
mem[X,0x0000000080002C9E] -> 0x0014
[2927] [M]: 0x0000000080002C9C (0x00145413) srli x8, x8, 0x1                        spcl_Mdispatch_hndling+12
x8 <- 0x0000000000000002

clint mtime 0x00000000000005B8 (mip.MTI <- 0b1, mip.STI <- 0b0)
mem[X,0x0000000080002CA0] -> 0x0CE3
mem[X,0x0000000080002CA2] -> 0xF885
[2928] [M]: 0x0000000080002CA0 (0xF8850CE3) beq x10, x8, -0x68                      spcl_Mdispatch_hndling+16

mem[X,0x0000000080002C38] -> 0x3303
mem[X,0x0000000080002C3A] -> 0x2601
[2929] [M]: 0x0000000080002C38 (0x26013303) ld x6, 0x260(x2)                        resto_Mrtn+0
mem[R,0x0000000080005260] -> 0xFFFFFFFF7FFFE64C
x6 <- 0xFFFFFFFF7FFFE64C

clint mtime 0x00000000000005B9 (mip.MTI <- 0b1, mip.STI <- 0b0)
mem[X,0x0000000080002C3C] -> 0x3383
mem[X,0x0000000080002C3E] -> 0x2681
[2930] [M]: 0x0000000080002C3C (0x26813383) ld x7, 0x268(x2)                        resto_Mrtn+4
mem[R,0x0000000080005268] -> 0x0000000080005000
x7 <- 0x0000000080005000

mem[X,0x0000000080002C40] -> 0x3403
mem[X,0x0000000080002C42] -> 0x2701
[2931] [M]: 0x0000000080002C40 (0x27013403) ld x8, 0x270(x2)                        resto_Mrtn+8
mem[R,0x0000000080005270] -> 0x0000000000007F76
x8 <- 0x0000000000007F76

clint mtime 0x00000000000005BA (mip.MTI <- 0b1, mip.STI <- 0b0)
mem[X,0x0000000080002C44] -> 0x3483
mem[X,0x0000000080002C46] -> 0x2781
[2932] [M]: 0x0000000080002C44 (0x27813483) ld x9, 0x278(x2)                        resto_Mrtn+12
mem[R,0x0000000080005278] -> 0x00000300000001BC
x9 <- 0x00000300000001BC

mem[X,0x0000000080002C48] -> 0x3503
mem[X,0x0000000080002C4A] -> 0x2801
[2933] [M]: 0x0000000080002C48 (0x28013503) ld x10, 0x280(x2)                       resto_Mrtn+16
mem[R,0x0000000080005280] -> 0x00000000200000DF
x10 <- 0x00000000200000DF

clint mtime 0x00000000000005BB (mip.MTI <- 0b1, mip.STI <- 0b0)
mem[X,0x0000000080002C4C] -> 0x3583
mem[X,0x0000000080002C4E] -> 0x2881
[2934] [M]: 0x0000000080002C4C (0x28813583) ld x11, 0x288(x2)                       resto_Mrtn+20
mem[R,0x0000000080005288] -> 0x00000000000000DF
x11 <- 0x00000000000000DF

mem[X,0x0000000080002C50] -> 0x3103
mem[X,0x0000000080002C52] -> 0x2901
[2935] [M]: 0x0000000080002C50 (0x29013103) ld x2, 0x290(x2)                        resto_Mrtn+24
mem[R,0x0000000080005290] -> 0x0000000000000000
x2 <- 0x0000000000000000

clint mtime 0x00000000000005BC (mip.MTI <- 0b1, mip.STI <- 0b0)
mem[X,0x0000000080002C54] -> 0x0073
mem[X,0x0000000080002C56] -> 0x3020
[2936] [M]: 0x0000000080002C54 (0x30200073) mret                                    resto_Mrtn+28
CSR mstatus (0x300) <- 0x0000000A00000080
ret-ing from M to U

PTW: Start, vpn=0x30080001, access_type=X, privilege=Umem[R,0x0000000080009030] -> 0x00000000000000DB
PTW: Step, level=3, pte=0xDB, pte_addr=0x80009030
PTW: Success, final_ppn=0x80001, level=3mem[X,0x0000000080001B80] -> 0x07B7
PTW: Start, vpn=0x30080001, access_type=X, privilege=Umem[R,0x0000000080009030] -> 0x00000000000000DB
PTW: Step, level=3, pte=0xDB, pte_addr=0x80009030
PTW: Success, final_ppn=0x80001, level=3mem[X,0x0000000080001B82] -> 0x0000
[2937] [U]: 0x0000030080001B80 (0x000007B7) lui x15, 0x0                            va_rvtest_code_begin+4068
x15 <- 0x0000000000000000

clint mtime 0x00000000000005BD (mip.MTI <- 0b1, mip.STI <- 0b0)
PTW: Start, vpn=0x30080001, access_type=X, privilege=Umem[R,0x0000000080009030] -> 0x00000000000000DB
PTW: Step, level=3, pte=0xDB, pte_addr=0x80009030
PTW: Success, final_ppn=0x80001, level=3mem[X,0x0000000080001B84] -> 0x8793
PTW: Start, vpn=0x30080001, access_type=X, privilege=Umem[R,0x0000000080009030] -> 0x00000000000000DB
PTW: Step, level=3, pte=0xDB, pte_addr=0x80009030
PTW: Success, final_ppn=0x80001, level=3mem[X,0x0000000080001B86] -> 0x2807
[2938] [U]: 0x0000030080001B84 (0x28078793) addi x15, x15, 0x280                    va_rvtest_code_begin+4072
x15 <- 0x0000000000000280

PTW: Start, vpn=0x30080001, access_type=X, privilege=Umem[R,0x0000000080009030] -> 0x00000000000000DB
PTW: Step, level=3, pte=0xDB, pte_addr=0x80009030
PTW: Success, final_ppn=0x80001, level=3mem[X,0x0000000080001B88] -> 0x9793
PTW: Start, vpn=0x30080001, access_type=X, privilege=Umem[R,0x0000000080009030] -> 0x00000000000000DB
PTW: Step, level=3, pte=0xDB, pte_addr=0x80009030
PTW: Success, final_ppn=0x80001, level=3mem[X,0x0000000080001B8A] -> 0x00B7
[2939] [U]: 0x0000030080001B88 (0x00B79793) slli x15, x15, 0xb                      va_rvtest_code_begin+4076
x15 <- 0x0000000000140000

clint mtime 0x00000000000005BE (mip.MTI <- 0b1, mip.STI <- 0b0)
PTW: Start, vpn=0x30080001, access_type=X, privilege=Umem[R,0x0000000080009030] -> 0x00000000000000DB
PTW: Step, level=3, pte=0xDB, pte_addr=0x80009030
PTW: Success, final_ppn=0x80001, level=3mem[X,0x0000000080001B8C] -> 0x8793
PTW: Start, vpn=0x30080001, access_type=X, privilege=Umem[R,0x0000000080009030] -> 0x00000000000000DB
PTW: Step, level=3, pte=0xDB, pte_addr=0x80009030
PTW: Success, final_ppn=0x80001, level=3mem[X,0x0000000080001B8E] -> 0x0007
[2940] [U]: 0x0000030080001B8C (0x00078793) addi x15, x15, 0x0                      va_rvtest_code_begin+4080
x15 <- 0x0000000000140000

PTW: Start, vpn=0x30080001, access_type=X, privilege=Umem[R,0x0000000080009030] -> 0x00000000000000DB
PTW: Step, level=3, pte=0xDB, pte_addr=0x80009030
PTW: Success, final_ppn=0x80001, level=3mem[X,0x0000000080001B90] -> 0x9793
PTW: Start, vpn=0x30080001, access_type=X, privilege=Umem[R,0x0000000080009030] -> 0x00000000000000DB
PTW: Step, level=3, pte=0xDB, pte_addr=0x80009030
PTW: Success, final_ppn=0x80001, level=3mem[X,0x0000000080001B92] -> 0x00B7
[2941] [U]: 0x0000030080001B90 (0x00B79793) slli x15, x15, 0xb                      va_rvtest_code_begin+4084
x15 <- 0x00000000A0000000

clint mtime 0x00000000000005BF (mip.MTI <- 0b1, mip.STI <- 0b0)
PTW: Start, vpn=0x30080001, access_type=X, privilege=Umem[R,0x0000000080009030] -> 0x00000000000000DB
PTW: Step, level=3, pte=0xDB, pte_addr=0x80009030
PTW: Success, final_ppn=0x80001, level=3mem[X,0x0000000080001B94] -> 0x8793
PTW: Start, vpn=0x30080001, access_type=X, privilege=Umem[R,0x0000000080009030] -> 0x00000000000000DB
PTW: Step, level=3, pte=0xDB, pte_addr=0x80009030
PTW: Success, final_ppn=0x80001, level=3mem[X,0x0000000080001B96] -> 0x0017
[2942] [U]: 0x0000030080001B94 (0x00178793) addi x15, x15, 0x1                      va_rvtest_code_begin+4088
x15 <- 0x00000000A0000001

PTW: Start, vpn=0x30080001, access_type=X, privilege=Umem[R,0x0000000080009030] -> 0x00000000000000DB
PTW: Step, level=3, pte=0xDB, pte_addr=0x80009030
PTW: Success, final_ppn=0x80001, level=3mem[X,0x0000000080001B98] -> 0x9793
PTW: Start, vpn=0x30080001, access_type=X, privilege=Umem[R,0x0000000080009030] -> 0x00000000000000DB
PTW: Step, level=3, pte=0xDB, pte_addr=0x80009030
PTW: Success, final_ppn=0x80001, level=3mem[X,0x0000000080001B9A] -> 0x00A7
[2943] [U]: 0x0000030080001B98 (0x00A79793) slli x15, x15, 0xa                      va_rvtest_code_begin+4092
x15 <- 0x0000028000000400

clint mtime 0x00000000000005C0 (mip.MTI <- 0b1, mip.STI <- 0b0)
PTW: Start, vpn=0x30080001, access_type=X, privilege=Umem[R,0x0000000080009030] -> 0x00000000000000DB
PTW: Step, level=3, pte=0xDB, pte_addr=0x80009030
PTW: Success, final_ppn=0x80001, level=3mem[X,0x0000000080001B9C] -> 0x0613
PTW: Start, vpn=0x30080001, access_type=X, privilege=Umem[R,0x0000000080009030] -> 0x00000000000000DB
PTW: Step, level=3, pte=0xDB, pte_addr=0x80009030
PTW: Success, final_ppn=0x80001, level=3mem[X,0x0000000080001B9E] -> 0x0106
[2944] [U]: 0x0000030080001B9C (0x01060613) addi x12, x12, 0x10                     va_rvtest_code_begin+4096
x12 <- 0x0000000000000070

PTW: Start, vpn=0x30080001, access_type=X, privilege=Umem[R,0x0000000080009030] -> 0x00000000000000DB
PTW: Step, level=3, pte=0xDB, pte_addr=0x80009030
PTW: Success, final_ppn=0x80001, level=3mem[X,0x0000000080001BA0] -> 0xAA23
PTW: Start, vpn=0x30080001, access_type=X, privilege=Umem[R,0x0000000080009030] -> 0x00000000000000DB
PTW: Step, level=3, pte=0xDB, pte_addr=0x80009030
PTW: Success, final_ppn=0x80001, level=3mem[X,0x0000000080001BA2] -> 0x00C7
[2945] [U]: 0x0000030080001BA0 (0x00C7AA23) sw x12, 0x14(x15)                       va_rvtest_code_begin+4100
PTW: Start, vpn=0x28000000, access_type=W, privilege=Umem[R,0x0000000080009028] -> 0x0000000020002001
PTW: Step, level=3, pte=0x20002001, pte_addr=0x80009028
PTW: Start, vpn=0x28000000, access_type=W, privilege=Umem[R,0x0000000080008000] -> 0x0000000020001C01
PTW: Step, level=2, pte=0x20001C01, pte_addr=0x80008000
PTW: Start, vpn=0x28000000, access_type=W, privilege=Umem[R,0x0000000080007000] -> 0x00000000200000DF
PTW: Step, level=1, pte=0x200000DF, pte_addr=0x80007000
PTW: Success, final_ppn=0x80000, level=1mem[W,0x0000000080000414] <- 0x00000070

clint mtime 0x00000000000005C1 (mip.MTI <- 0b1, mip.STI <- 0b0)
PTW: Start, vpn=0x30080001, access_type=X, privilege=Umem[R,0x0000000080009030] -> 0x00000000000000DB
PTW: Step, level=3, pte=0xDB, pte_addr=0x80009030
PTW: Success, final_ppn=0x80001, level=3mem[X,0x0000000080001BA4] -> 0x0013
PTW: Start, vpn=0x30080001, access_type=X, privilege=Umem[R,0x0000000080009030] -> 0x00000000000000DB
PTW: Step, level=3, pte=0xDB, pte_addr=0x80009030
PTW: Success, final_ppn=0x80001, level=3mem[X,0x0000000080001BA6] -> 0x0000
[2946] [U]: 0x0000030080001BA4 (0x00000013) addi x0, x0, 0x0                        va_rvtest_code_begin+4104

PTW: Start, vpn=0x30080001, access_type=X, privilege=Umem[R,0x0000000080009030] -> 0x00000000000000DB
PTW: Step, level=3, pte=0xDB, pte_addr=0x80009030
PTW: Success, final_ppn=0x80001, level=3mem[X,0x0000000080001BA8] -> 0xA703
PTW: Start, vpn=0x30080001, access_type=X, privilege=Umem[R,0x0000000080009030] -> 0x00000000000000DB
PTW: Step, level=3, pte=0xDB, pte_addr=0x80009030
PTW: Success, final_ppn=0x80001, level=3mem[X,0x0000000080001BAA] -> 0x0147
[2947] [U]: 0x0000030080001BA8 (0x0147A703) lw x14, 0x14(x15)                       va_rvtest_code_begin+4108
PTW: Start, vpn=0x28000000, access_type=R, privilege=Umem[R,0x0000000080009028] -> 0x0000000020002001
PTW: Step, level=3, pte=0x20002001, pte_addr=0x80009028
PTW: Start, vpn=0x28000000, access_type=R, privilege=Umem[R,0x0000000080008000] -> 0x0000000020001C01
PTW: Step, level=2, pte=0x20001C01, pte_addr=0x80008000
PTW: Start, vpn=0x28000000, access_type=R, privilege=Umem[R,0x0000000080007000] -> 0x00000000200000DF
PTW: Step, level=1, pte=0x200000DF, pte_addr=0x80007000
PTW: Success, final_ppn=0x80000, level=1mem[R,0x0000000080000414] -> 0x00000070
x14 <- 0x0000000000000070

clint mtime 0x00000000000005C2 (mip.MTI <- 0b1, mip.STI <- 0b0)
PTW: Start, vpn=0x30080001, access_type=X, privilege=Umem[R,0x0000000080009030] -> 0x00000000000000DB
PTW: Step, level=3, pte=0xDB, pte_addr=0x80009030
PTW: Success, final_ppn=0x80001, level=3mem[X,0x0000000080001BAC] -> 0x0013
PTW: Start, vpn=0x30080001, access_type=X, privilege=Umem[R,0x0000000080009030] -> 0x00000000000000DB
PTW: Step, level=3, pte=0xDB, pte_addr=0x80009030
PTW: Success, final_ppn=0x80001, level=3mem[X,0x0000000080001BAE] -> 0x0000
[2948] [U]: 0x0000030080001BAC (0x00000013) addi x0, x0, 0x0                        va_rvtest_code_begin+4112

PTW: Start, vpn=0x30080001, access_type=X, privilege=Umem[R,0x0000000080009030] -> 0x00000000000000DB
PTW: Step, level=3, pte=0xDB, pte_addr=0x80009030
PTW: Success, final_ppn=0x80001, level=3mem[X,0x0000000080001BB0] -> 0x51B7
PTW: Start, vpn=0x30080001, access_type=X, privilege=Umem[R,0x0000000080009030] -> 0x00000000000000DB
PTW: Step, level=3, pte=0xDB, pte_addr=0x80009030
PTW: Success, final_ppn=0x80001, level=3mem[X,0x0000000080001BB2] -> 0x0000
[2949] [U]: 0x0000030080001BB0 (0x000051B7) lui x3, 0x5                             va_rvtest_code_begin+4116
x3 <- 0x0000000000005000

clint mtime 0x00000000000005C3 (mip.MTI <- 0b1, mip.STI <- 0b0)
PTW: Start, vpn=0x30080001, access_type=X, privilege=Umem[R,0x0000000080009030] -> 0x00000000000000DB
PTW: Step, level=3, pte=0xDB, pte_addr=0x80009030
PTW: Success, final_ppn=0x80001, level=3mem[X,0x0000000080001BB4] -> 0x8193
PTW: Start, vpn=0x30080001, access_type=X, privilege=Umem[R,0x0000000080009030] -> 0x00000000000000DB
PTW: Step, level=3, pte=0xDB, pte_addr=0x80009030
PTW: Success, final_ppn=0x80001, level=3mem[X,0x0000000080001BB6] -> 0x6671
[2950] [U]: 0x0000030080001BB4 (0x66718193) addi x3, x3, 0x667                      va_rvtest_code_begin+4120
x3 <- 0x0000000000005667

PTW: Start, vpn=0x30080001, access_type=X, privilege=Umem[R,0x0000000080009030] -> 0x00000000000000DB
PTW: Step, level=3, pte=0xDB, pte_addr=0x80009030
PTW: Success, final_ppn=0x80001, level=3mem[X,0x0000000080001BB8] -> 0x9193
PTW: Start, vpn=0x30080001, access_type=X, privilege=Umem[R,0x0000000080009030] -> 0x00000000000000DB
PTW: Step, level=3, pte=0xDB, pte_addr=0x80009030
PTW: Success, final_ppn=0x80001, level=3mem[X,0x0000000080001BBA] -> 0x0011
[2951] [U]: 0x0000030080001BB8 (0x00119193) slli x3, x3, 0x1                        va_rvtest_code_begin+4124
x3 <- 0x000000000000ACCE

clint mtime 0x00000000000005C4 (mip.MTI <- 0b1, mip.STI <- 0b0)
PTW: Start, vpn=0x30080001, access_type=X, privilege=Umem[R,0x0000000080009030] -> 0x00000000000000DB
PTW: Step, level=3, pte=0xDB, pte_addr=0x80009030
PTW: Success, final_ppn=0x80001, level=3mem[X,0x0000000080001BBC] -> 0x0013
PTW: Start, vpn=0x30080001, access_type=X, privilege=Umem[R,0x0000000080009030] -> 0x00000000000000DB
PTW: Step, level=3, pte=0xDB, pte_addr=0x80009030
PTW: Success, final_ppn=0x80001, level=3mem[X,0x0000000080001BBE] -> 0x0000
[2952] [U]: 0x0000030080001BBC (0x00000013) addi x0, x0, 0x0                        va_rvtest_code_begin+4128

PTW: Start, vpn=0x30080001, access_type=X, privilege=Umem[R,0x0000000080009030] -> 0x00000000000000DB
PTW: Step, level=3, pte=0xDB, pte_addr=0x80009030
PTW: Success, final_ppn=0x80001, level=3mem[X,0x0000000080001BC0] -> 0x0217
PTW: Start, vpn=0x30080001, access_type=X, privilege=Umem[R,0x0000000080009030] -> 0x00000000000000DB
PTW: Step, level=3, pte=0xDB, pte_addr=0x80009030
PTW: Success, final_ppn=0x80001, level=3mem[X,0x0000000080001BC2] -> 0x0000
[2953] [U]: 0x0000030080001BC0 (0x00000217) auipc x4, 0x0                           va_rvtest_code_begin+4132
x4 <- 0x0000030080001BC0

clint mtime 0x00000000000005C5 (mip.MTI <- 0b1, mip.STI <- 0b0)
PTW: Start, vpn=0x30080001, access_type=X, privilege=Umem[R,0x0000000080009030] -> 0x00000000000000DB
PTW: Step, level=3, pte=0xDB, pte_addr=0x80009030
PTW: Success, final_ppn=0x80001, level=3mem[X,0x0000000080001BC4] -> 0x0213
PTW: Start, vpn=0x30080001, access_type=X, privilege=Umem[R,0x0000000080009030] -> 0x00000000000000DB
PTW: Step, level=3, pte=0xDB, pte_addr=0x80009030
PTW: Success, final_ppn=0x80001, level=3mem[X,0x0000000080001BC6] -> 0x02C2
[2954] [U]: 0x0000030080001BC4 (0x02C20213) addi x4, x4, 0x2c                       va_rvtest_code_begin+4136
x4 <- 0x0000030080001BEC

PTW: Start, vpn=0x30080001, access_type=X, privilege=Umem[R,0x0000000080009030] -> 0x00000000000000DB
PTW: Step, level=3, pte=0xDB, pte_addr=0x80009030
PTW: Success, final_ppn=0x80001, level=3mem[X,0x0000000080001BC8] -> 0x0001
[2955] [U]: 0x0000030080001BC8 (0x0001) c.nop                                       va_rvtest_code_begin+4140

clint mtime 0x00000000000005C6 (mip.MTI <- 0b1, mip.STI <- 0b0)
PTW: Start, vpn=0x30080001, access_type=X, privilege=Umem[R,0x0000000080009030] -> 0x00000000000000DB
PTW: Step, level=3, pte=0xDB, pte_addr=0x80009030
PTW: Success, final_ppn=0x80001, level=3mem[X,0x0000000080001BCA] -> 0x0013
PTW: Start, vpn=0x30080001, access_type=X, privilege=Umem[R,0x0000000080009030] -> 0x00000000000000DB
PTW: Step, level=3, pte=0xDB, pte_addr=0x80009030
PTW: Success, final_ppn=0x80001, level=3mem[X,0x0000000080001BCC] -> 0x0000
[2956] [U]: 0x0000030080001BCA (0x00000013) addi x0, x0, 0x0                        va_rvtest_code_begin+4142

PTW: Start, vpn=0x30080001, access_type=X, privilege=Umem[R,0x0000000080009030] -> 0x00000000000000DB
PTW: Step, level=3, pte=0xDB, pte_addr=0x80009030
PTW: Success, final_ppn=0x80001, level=3mem[X,0x0000000080001BCE] -> 0x0013
PTW: Start, vpn=0x30080001, access_type=X, privilege=Umem[R,0x0000000080009030] -> 0x00000000000000DB
PTW: Step, level=3, pte=0xDB, pte_addr=0x80009030
PTW: Success, final_ppn=0x80001, level=3mem[X,0x0000000080001BD0] -> 0x0000
[2957] [U]: 0x0000030080001BCE (0x00000013) addi x0, x0, 0x0                        va_rvtest_code_begin+4146

clint mtime 0x00000000000005C7 (mip.MTI <- 0b1, mip.STI <- 0b0)
PTW: Start, vpn=0x30080001, access_type=X, privilege=Umem[R,0x0000000080009030] -> 0x00000000000000DB
PTW: Step, level=3, pte=0xDB, pte_addr=0x80009030
PTW: Success, final_ppn=0x80001, level=3mem[X,0x0000000080001BD2] -> 0x0013
PTW: Start, vpn=0x30080001, access_type=X, privilege=Umem[R,0x0000000080009030] -> 0x00000000000000DB
PTW: Step, level=3, pte=0xDB, pte_addr=0x80009030
PTW: Success, final_ppn=0x80001, level=3mem[X,0x0000000080001BD4] -> 0x0000
[2958] [U]: 0x0000030080001BD2 (0x00000013) addi x0, x0, 0x0                        va_rvtest_code_begin+4150

PTW: Start, vpn=0x30080001, access_type=X, privilege=Umem[R,0x0000000080009030] -> 0x00000000000000DB
PTW: Step, level=3, pte=0xDB, pte_addr=0x80009030
PTW: Success, final_ppn=0x80001, level=3mem[X,0x0000000080001BD6] -> 0x0013
PTW: Start, vpn=0x30080001, access_type=X, privilege=Umem[R,0x0000000080009030] -> 0x00000000000000DB
PTW: Step, level=3, pte=0xDB, pte_addr=0x80009030
PTW: Success, final_ppn=0x80001, level=3mem[X,0x0000000080001BD8] -> 0x0000
[2959] [U]: 0x0000030080001BD6 (0x00000013) addi x0, x0, 0x0                        va_rvtest_code_begin+4154

clint mtime 0x00000000000005C8 (mip.MTI <- 0b1, mip.STI <- 0b0)
PTW: Start, vpn=0x30080001, access_type=X, privilege=Umem[R,0x0000000080009030] -> 0x00000000000000DB
PTW: Step, level=3, pte=0xDB, pte_addr=0x80009030
PTW: Success, final_ppn=0x80001, level=3mem[X,0x0000000080001BDA] -> 0x0013
PTW: Start, vpn=0x30080001, access_type=X, privilege=Umem[R,0x0000000080009030] -> 0x00000000000000DB
PTW: Step, level=3, pte=0xDB, pte_addr=0x80009030
PTW: Success, final_ppn=0x80001, level=3mem[X,0x0000000080001BDC] -> 0x0000
[2960] [U]: 0x0000030080001BDA (0x00000013) addi x0, x0, 0x0                        va_rvtest_code_begin+4158

PTW: Start, vpn=0x30080001, access_type=X, privilege=Umem[R,0x0000000080009030] -> 0x00000000000000DB
PTW: Step, level=3, pte=0xDB, pte_addr=0x80009030
PTW: Success, final_ppn=0x80001, level=3mem[X,0x0000000080001BDE] -> 0x0001
[2961] [U]: 0x0000030080001BDE (0x0001) c.nop                                       va_rvtest_code_begin+4162

clint mtime 0x00000000000005C9 (mip.MTI <- 0b1, mip.STI <- 0b0)
PTW: Start, vpn=0x30080001, access_type=X, privilege=Umem[R,0x0000000080009030] -> 0x00000000000000DB
PTW: Step, level=3, pte=0xDB, pte_addr=0x80009030
PTW: Success, final_ppn=0x80001, level=3mem[X,0x0000000080001BE0] -> 0x80E7
PTW: Start, vpn=0x30080001, access_type=X, privilege=Umem[R,0x0000000080009030] -> 0x00000000000000DB
PTW: Step, level=3, pte=0xDB, pte_addr=0x80009030
PTW: Success, final_ppn=0x80001, level=3mem[X,0x0000000080001BE2] -> 0x0007
[2962] [U]: 0x0000030080001BE0 (0x000780E7) jalr x1, 0x0(x15)                       va_rvtest_code_begin+4164
x1 <- 0x0000030080001BE4

PTW: Start, vpn=0x28000000, access_type=X, privilege=Umem[R,0x0000000080009028] -> 0x0000000020002001
PTW: Step, level=3, pte=0x20002001, pte_addr=0x80009028
PTW: Start, vpn=0x28000000, access_type=X, privilege=Umem[R,0x0000000080008000] -> 0x0000000020001C01
PTW: Step, level=2, pte=0x20001C01, pte_addr=0x80008000
PTW: Start, vpn=0x28000000, access_type=X, privilege=Umem[R,0x0000000080007000] -> 0x00000000200000DF
PTW: Step, level=1, pte=0x200000DF, pte_addr=0x80007000
PTW: Success, final_ppn=0x80000, level=1trapping from U to M to handle fetch-access-fault
handling exc#fetch-access-fault at priv M with tval 0x0000028000000400
CSR mstatus (0x300) <- 0x0000000A00000000
CSR mcause (0x342) <- 0x0000000000000001
CSR mtval (0x343) <- 0x0000028000000400
CSR mepc (0x341) <- 0x0000028000000400

clint mtime 0x00000000000005CA (mip.MTI <- 0b1, mip.STI <- 0b0)
mem[X,0x0000000080002800] -> 0x006F
mem[X,0x0000000080002802] -> 0x1000
[2964] [M]: 0x0000000080002800 (0x1000006F) jal x0, 0x100                           Mtrampoline+0

mem[X,0x0000000080002900] -> 0x1173
mem[X,0x0000000080002902] -> 0x3401
[2965] [M]: 0x0000000080002900 (0x34011173) csrrw x2, mscratch, x2                  trap_Mhandler+0
CSR mscratch (0x340) <- 0x0000000000000000
x2 <- 0x0000000080005000

clint mtime 0x00000000000005CB (mip.MTI <- 0b1, mip.STI <- 0b0)
mem[X,0x0000000080002904] -> 0x3423
mem[X,0x0000000080002906] -> 0x28B1
[2966] [M]: 0x0000000080002904 (0x28B13423) sd x11, 0x288(x2)                       trap_Mhandler+4
mem[W,0x0000000080005288] <- 0x00000000000000DF

mem[X,0x0000000080002908] -> 0x05EF
mem[X,0x000000008000290A] -> 0x0B80
[2967] [M]: 0x0000000080002908 (0x0B8005EF) jal x11, 0xb8                           trap_Mhandler+8
x11 <- 0x000000008000290C

clint mtime 0x00000000000005CC (mip.MTI <- 0b1, mip.STI <- 0b0)
mem[X,0x00000000800029C0] -> 0x3023
mem[X,0x00000000800029C2] -> 0x28A1
[2968] [M]: 0x00000000800029C0 (0x28A13023) sd x10, 0x280(x2)                       common_Mhandler+0
mem[W,0x0000000080005280] <- 0x00000000200000DF

mem[X,0x00000000800029C4] -> 0x1573
mem[X,0x00000000800029C6] -> 0x3401
[2969] [M]: 0x00000000800029C4 (0x34011573) csrrw x10, mscratch, x2                 common_Mhandler+4
CSR mscratch (0x340) <- 0x0000000080005000
x10 <- 0x0000000000000000

clint mtime 0x00000000000005CD (mip.MTI <- 0b1, mip.STI <- 0b0)
mem[X,0x00000000800029C8] -> 0x3823
mem[X,0x00000000800029CA] -> 0x28A1
[2970] [M]: 0x00000000800029C8 (0x28A13823) sd x10, 0x290(x2)                       common_Mhandler+8
mem[W,0x0000000080005290] <- 0x0000000000000000

mem[X,0x00000000800029CC] -> 0x3503
mem[X,0x00000000800029CE] -> 0x2301
[2971] [M]: 0x00000000800029CC (0x23013503) ld x10, 0x230(x2)                       common_Mhandler+12
mem[R,0x0000000080005230] -> 0x00000000800029D4
x10 <- 0x00000000800029D4

clint mtime 0x00000000000005CE (mip.MTI <- 0b1, mip.STI <- 0b0)
mem[X,0x00000000800029D0] -> 0x0067
mem[X,0x00000000800029D2] -> 0x0005
[2972] [M]: 0x00000000800029D0 (0x00050067) jalr x0, 0x0(x10)                       common_Mhandler+16

mem[X,0x00000000800029D4] -> 0x3C23
mem[X,0x00000000800029D6] -> 0x2691
[2973] [M]: 0x00000000800029D4 (0x26913C23) sd x9, 0x278(x2)                        common_Mentry+0
mem[W,0x0000000080005278] <- 0x00000300000001BC

clint mtime 0x00000000000005CF (mip.MTI <- 0b1, mip.STI <- 0b0)
mem[X,0x00000000800029D8] -> 0x3823
mem[X,0x00000000800029DA] -> 0x2681
[2974] [M]: 0x00000000800029D8 (0x26813823) sd x8, 0x270(x2)                        common_Mentry+4
mem[W,0x0000000080005270] <- 0x0000000000007F76

mem[X,0x00000000800029DC] -> 0x3423
mem[X,0x00000000800029DE] -> 0x2671
[2975] [M]: 0x00000000800029DC (0x26713423) sd x7, 0x268(x2)                        common_Mentry+8
mem[W,0x0000000080005268] <- 0x0000000080005000

clint mtime 0x00000000000005D0 (mip.MTI <- 0b1, mip.STI <- 0b0)
mem[X,0x00000000800029E0] -> 0x3023
mem[X,0x00000000800029E2] -> 0x2661
[2976] [M]: 0x00000000800029E0 (0x26613023) sd x6, 0x260(x2)                        common_Mentry+12
mem[W,0x0000000080005260] <- 0xFFFFFFFF7FFFE64C

mem[X,0x00000000800029E4] -> 0x2573
mem[X,0x00000000800029E6] -> 0x3420
[2977] [M]: 0x00000000800029E4 (0x34202573) csrrs x10, mcause, x0                   spcl_M2mmode_test+0
CSR mcause (0x342) -> 0x0000000000000001
x10 <- 0x0000000000000001

clint mtime 0x00000000000005D1 (mip.MTI <- 0b1, mip.STI <- 0b0)
mem[X,0x00000000800029E8] -> 0x04B7
mem[X,0x00000000800029EA] -> 0x8000
[2978] [M]: 0x00000000800029E8 (0x800004B7) lui x9, -0x80000                        spcl_M2mmode_test+4
x9 <- 0xFFFFFFFF80000000

mem[X,0x00000000800029EC] -> 0x8493
mem[X,0x00000000800029EE] -> 0x0004
[2979] [M]: 0x00000000800029EC (0x00048493) addi x9, x9, 0x0                        spcl_M2mmode_test+8
x9 <- 0xFFFFFFFF80000000

clint mtime 0x00000000000005D2 (mip.MTI <- 0b1, mip.STI <- 0b0)
mem[X,0x00000000800029F0] -> 0x9493
mem[X,0x00000000800029F2] -> 0x00B4
[2980] [M]: 0x00000000800029F0 (0x00B49493) slli x9, x9, 0xb                        spcl_M2mmode_test+12
x9 <- 0xFFFFFC0000000000

mem[X,0x00000000800029F4] -> 0x8493
mem[X,0x00000000800029F6] -> 0x0004
[2981] [M]: 0x00000000800029F4 (0x00048493) addi x9, x9, 0x0                        spcl_M2mmode_test+16
x9 <- 0xFFFFFC0000000000

clint mtime 0x00000000000005D3 (mip.MTI <- 0b1, mip.STI <- 0b0)
mem[X,0x00000000800029F8] -> 0x9493
mem[X,0x00000000800029FA] -> 0x00B4
[2982] [M]: 0x00000000800029F8 (0x00B49493) slli x9, x9, 0xb                        spcl_M2mmode_test+20
x9 <- 0xFFE0000000000000

mem[X,0x00000000800029FC] -> 0x8493
mem[X,0x00000000800029FE] -> 0x0034
[2983] [M]: 0x00000000800029FC (0x00348493) addi x9, x9, 0x3                        spcl_M2mmode_test+24
x9 <- 0xFFE0000000000003

clint mtime 0x00000000000005D4 (mip.MTI <- 0b1, mip.STI <- 0b0)
mem[X,0x0000000080002A00] -> 0x9493
mem[X,0x0000000080002A02] -> 0x00A4
[2984] [M]: 0x0000000080002A00 (0x00A49493) slli x9, x9, 0xa                        spcl_M2mmode_test+28
x9 <- 0x8000000000000C00

mem[X,0x0000000080002A04] -> 0x8493
mem[X,0x0000000080002A06] -> 0x3FC4
[2985] [M]: 0x0000000080002A04 (0x3FC48493) addi x9, x9, 0x3fc                      spcl_M2mmode_test+32
x9 <- 0x8000000000000FFC

clint mtime 0x00000000000005D5 (mip.MTI <- 0b1, mip.STI <- 0b0)
mem[X,0x0000000080002A08] -> 0xF4B3
mem[X,0x0000000080002A0A] -> 0x00A4
[2986] [M]: 0x0000000080002A08 (0x00A4F4B3) and x9, x9, x10                         spcl_M2mmode_test+36
x9 <- 0x0000000000000000

mem[X,0x0000000080002A0C] -> 0x8493
mem[X,0x0000000080002A0E] -> 0xFF84
[2987] [M]: 0x0000000080002A0C (0xFF848493) addi x9, x9, -0x8                       spcl_M2mmode_test+40
x9 <- 0xFFFFFFFFFFFFFFF8

clint mtime 0x00000000000005D6 (mip.MTI <- 0b1, mip.STI <- 0b0)
mem[X,0x0000000080002A10] -> 0x9663
mem[X,0x0000000080002A12] -> 0x0004
[2988] [M]: 0x0000000080002A10 (0x00049663) bne x9, x0, 0xc                         spcl_M2mmode_test+44

mem[X,0x0000000080002A1C] -> 0x0393
mem[X,0x0000000080002A1E] -> 0x0200
[2989] [M]: 0x0000000080002A1C (0x02000393) addi x7, x0, 0x20                       Mtrapsig_ptr_upd+0
x7 <- 0x0000000000000020

clint mtime 0x00000000000005D7 (mip.MTI <- 0b1, mip.STI <- 0b0)
mem[X,0x0000000080002A20] -> 0x5263
mem[X,0x0000000080002A22] -> 0x0405
[2990] [M]: 0x0000000080002A20 (0x04055263) bge x10, x0, 0x44                       Mtrapsig_ptr_upd+4

mem[X,0x0000000080002A64] -> 0x2373
mem[X,0x0000000080002A66] -> 0x3010
[2991] [M]: 0x0000000080002A64 (0x30102373) csrrs x6, misa, x0                      Mxcpt_sig_sv+0
CSR misa (0x301) -> 0x800000000034112F
x6 <- 0x800000000034112F

clint mtime 0x00000000000005D8 (mip.MTI <- 0b1, mip.STI <- 0b0)
mem[X,0x0000000080002A68] -> 0x1313
mem[X,0x0000000080002A6A] -> 0x0383
[2992] [M]: 0x0000000080002A68 (0x03831313) slli x6, x6, 0x38                       Mxcpt_sig_sv+4
x6 <- 0x2F00000000000000

mem[X,0x0000000080002A6C] -> 0x5463
mem[X,0x0000000080002A6E] -> 0x0003
[2993] [M]: 0x0000000080002A6C (0x00035463) bge x6, x0, 0x8                         Mxcpt_sig_sv+8

clint mtime 0x00000000000005D9 (mip.MTI <- 0b1, mip.STI <- 0b0)
mem[X,0x0000000080002A74] -> 0x3303
mem[X,0x0000000080002A76] -> 0x2181
[2994] [M]: 0x0000000080002A74 (0x21813303) ld x6, 0x218(x2)                        Mtrap_sig_sv+0
mem[R,0x0000000080005218] -> 0x000000008000A4B8
x6 <- 0x000000008000A4B8

mem[X,0x0000000080002A78] -> 0x04B3
mem[X,0x0000000080002A7A] -> 0x0073
[2995] [M]: 0x0000000080002A78 (0x007304B3) add x9, x6, x7                          Mtrap_sig_sv+4
x9 <- 0x000000008000A4D8

clint mtime 0x00000000000005DA (mip.MTI <- 0b1, mip.STI <- 0b0)
mem[X,0x0000000080002A7C] -> 0x3C23
mem[X,0x0000000080002A7E] -> 0x2091
[2996] [M]: 0x0000000080002A7C (0x20913C23) sd x9, 0x218(x2)                        Mtrap_sig_sv+8
mem[W,0x0000000080005218] <- 0x000000008000A4D8

mem[X,0x0000000080002A80] -> 0x3403
mem[X,0x0000000080002A82] -> 0x1F81
[2997] [M]: 0x0000000080002A80 (0x1F813403) ld x8, 0x1f8(x2)                        Mtrap_sig_sv+12
mem[R,0x00000000800051F8] -> 0x000000008000A110
x8 <- 0x000000008000A110

clint mtime 0x00000000000005DB (mip.MTI <- 0b1, mip.STI <- 0b0)
mem[X,0x0000000080002A84] -> 0x0333
mem[X,0x0000000080002A86] -> 0x4083
[2998] [M]: 0x0000000080002A84 (0x40830333) sub x6, x6, x8                          Mtrap_sig_sv+16
x6 <- 0x00000000000003A8

mem[X,0x0000000080002A88] -> 0x3403
mem[X,0x0000000080002A8A] -> 0x1F81
[2999] [M]: 0x0000000080002A88 (0x1F813403) ld x8, 0x1f8(x2)                        Mtrap_sig_sv+20
mem[R,0x00000000800051F8] -> 0x000000008000A110
x8 <- 0x000000008000A110

clint mtime 0x00000000000005DC (mip.MTI <- 0b1, mip.STI <- 0b0)
mem[X,0x0000000080002A8C] -> 0x0333
mem[X,0x0000000080002A8E] -> 0x0083
[3000] [M]: 0x0000000080002A8C (0x00830333) add x6, x6, x8                          Mtrap_sig_sv+24
x6 <- 0x000000008000A4B8

mem[X,0x0000000080002A90] -> 0x3403
mem[X,0x0000000080002A92] -> 0x2401
[3001] [M]: 0x0000000080002A90 (0x24013403) ld x8, 0x240(x2)                        Mtrap_sig_sv+28
mem[R,0x0000000080005240] -> 0x0000000080002800
x8 <- 0x0000000080002800

clint mtime 0x00000000000005DD (mip.MTI <- 0b1, mip.STI <- 0b0)
mem[X,0x0000000080002A94] -> 0x85B3
mem[X,0x0000000080002A96] -> 0x4085
[3002] [M]: 0x0000000080002A94 (0x408585B3) sub x11, x11, x8                        sv_Mvect+0
x11 <- 0x000000000000010C

mem[X,0x0000000080002A98] -> 0x9593
mem[X,0x0000000080002A9A] -> 0x0045
[3003] [M]: 0x0000000080002A98 (0x00459593) slli x11, x11, 0x4                      sv_Mvect+4
x11 <- 0x00000000000010C0

clint mtime 0x00000000000005DE (mip.MTI <- 0b1, mip.STI <- 0b0)
mem[X,0x0000000080002A9C] -> 0xE5B3
mem[X,0x0000000080002A9E] -> 0x0075
[3004] [M]: 0x0000000080002A9C (0x0075E5B3) or x11, x11, x7                         sv_Mvect+8
x11 <- 0x00000000000010E0

mem[X,0x0000000080002AA0] -> 0x8593
mem[X,0x0000000080002AA2] -> 0x0035
[3005] [M]: 0x0000000080002AA0 (0x00358593) addi x11, x11, 0x3                      sv_Mvect+12
x11 <- 0x00000000000010E3

clint mtime 0x00000000000005DF (mip.MTI <- 0b1, mip.STI <- 0b0)
mem[X,0x0000000080002AA4] -> 0x3023
mem[X,0x0000000080002AA6] -> 0x00B3
[3006] [M]: 0x0000000080002AA4 (0x00B33023) sd x11, 0x0(x6)                         sv_Mvect+16
mem[W,0x000000008000A4B8] <- 0x00000000000010E3

mem[X,0x0000000080002AA8] -> 0x3423
mem[X,0x0000000080002AAA] -> 0x00A3
[3007] [M]: 0x0000000080002AA8 (0x00A33423) sd x10, 0x8(x6)                         sv_Mcause+0
mem[W,0x000000008000A4C0] <- 0x0000000000000001

clint mtime 0x00000000000005E0 (mip.MTI <- 0b1, mip.STI <- 0b0)
mem[X,0x0000000080002AAC] -> 0x4663
mem[X,0x0000000080002AAE] -> 0x1A05
[3008] [M]: 0x0000000080002AAC (0x1A054663) blt x10, x0, 0x1ac                      sv_Mcause+4

mem[X,0x0000000080002AB0] -> 0x25F3
mem[X,0x0000000080002AB2] -> 0x3000
[3009] [M]: 0x0000000080002AB0 (0x300025F3) csrrs x11, mstatus, x0                  common_Mexcpt_handler+0
CSR mstatus (0x300) -> 0x0000000A00000000
x11 <- 0x0000000A00000000

clint mtime 0x00000000000005E1 (mip.MTI <- 0b1, mip.STI <- 0b0)
mem[X,0x0000000080002AB4] -> 0x9413
mem[X,0x0000000080002AB6] -> 0x02E5
[3010] [M]: 0x0000000080002AB4 (0x02E59413) slli x8, x11, 0x2e                      common_Mexcpt_handler+4
x8 <- 0x0000000000000000

mem[X,0x0000000080002AB8] -> 0x5463
mem[X,0x0000000080002ABA] -> 0x0004
[3011] [M]: 0x0000000080002AB8 (0x00045463) bge x8, x0, 0x8                         common_Mexcpt_handler+8

clint mtime 0x00000000000005E2 (mip.MTI <- 0b1, mip.STI <- 0b0)
mem[X,0x0000000080002AC0] -> 0xD493
mem[X,0x0000000080002AC2] -> 0x00B5
[3012] [M]: 0x0000000080002AC0 (0x00B5D493) srli x9, x11, 0xb                       common_Mexcpt_handler+16
x9 <- 0x0000000001400000

mem[X,0x0000000080002AC4] -> 0xF493
mem[X,0x0000000080002AC6] -> 0x0034
[3013] [M]: 0x0000000080002AC4 (0x0034F493) andi x9, x9, 0x3                        common_Mexcpt_handler+20
x9 <- 0x0000000000000000

clint mtime 0x00000000000005E3 (mip.MTI <- 0b1, mip.STI <- 0b0)
mem[X,0x0000000080002AC8] -> 0x8493
mem[X,0x0000000080002ACA] -> 0x0014
[3014] [M]: 0x0000000080002AC8 (0x00148493) addi x9, x9, 0x1                        common_Mexcpt_handler+24
x9 <- 0x0000000000000001

mem[X,0x0000000080002ACC] -> 0xF493
mem[X,0x0000000080002ACE] -> 0x0044
[3015] [M]: 0x0000000080002ACC (0x0044F493) andi x9, x9, 0x4                        common_Mexcpt_handler+28
x9 <- 0x0000000000000000

clint mtime 0x00000000000005E4 (mip.MTI <- 0b1, mip.STI <- 0b0)
mem[X,0x0000000080002AD0] -> 0x0593
mem[X,0x0000000080002AD2] -> 0x05D0
[3016] [M]: 0x0000000080002AD0 (0x05D00593) addi x11, x0, 0x5d                      common_Mexcpt_handler+32
x11 <- 0x000000000000005D

mem[X,0x0000000080002AD4] -> 0xD5B3
mem[X,0x0000000080002AD6] -> 0x0095
[3017] [M]: 0x0000000080002AD4 (0x0095D5B3) srl x11, x11, x9                        common_Mexcpt_handler+36
x11 <- 0x000000000000005D

clint mtime 0x00000000000005E5 (mip.MTI <- 0b1, mip.STI <- 0b0)
mem[X,0x0000000080002AD8] -> 0xF593
mem[X,0x0000000080002ADA] -> 0x0015
[3018] [M]: 0x0000000080002AD8 (0x0015F593) andi x11, x11, 0x1                      common_Mexcpt_handler+40
x11 <- 0x0000000000000001

mem[X,0x0000000080002ADC] -> 0x8EE3
mem[X,0x0000000080002ADE] -> 0xF405
[3019] [M]: 0x0000000080002ADC (0xF4058EE3) beq x11, x0, -0xa4                      common_Mexcpt_handler+44

clint mtime 0x00000000000005E6 (mip.MTI <- 0b1, mip.STI <- 0b0)
mem[X,0x0000000080002AE0] -> 0x0593
mem[X,0x0000000080002AE2] -> 0x2980
[3020] [M]: 0x0000000080002AE0 (0x29800593) addi x11, x0, 0x298                     common_Mexcpt_handler+48
x11 <- 0x0000000000000298

mem[X,0x0000000080002AE4] -> 0xF413
mem[X,0x0000000080002AE6] -> 0x0014
[3021] [M]: 0x0000000080002AE4 (0x0014F413) andi x8, x9, 0x1                        common_Mexcpt_handler+52
x8 <- 0x0000000000000000

clint mtime 0x00000000000005E7 (mip.MTI <- 0b1, mip.STI <- 0b0)
mem[X,0x0000000080002AE8] -> 0x95B3
mem[X,0x0000000080002AEA] -> 0x0085
[3022] [M]: 0x0000000080002AE8 (0x008595B3) sll x11, x11, x8                        common_Mexcpt_handler+56
x11 <- 0x0000000000000298

mem[X,0x0000000080002AEC] -> 0x9413
mem[X,0x0000000080002AEE] -> 0x03D4
[3023] [M]: 0x0000000080002AEC (0x03D49413) slli x8, x9, 0x3d                       common_Mexcpt_handler+60
x8 <- 0x0000000000000000

clint mtime 0x00000000000005E8 (mip.MTI <- 0b1, mip.STI <- 0b0)
mem[X,0x0000000080002AF0] -> 0x5413
mem[X,0x0000000080002AF2] -> 0x43F4
[3024] [M]: 0x0000000080002AF0 (0x43F45413) srai x8, x8, 0x3f                       common_Mexcpt_handler+64
x8 <- 0x0000000000000000

mem[X,0x0000000080002AF4] -> 0x4413
mem[X,0x0000000080002AF6] -> 0xFFF4
[3025] [M]: 0x0000000080002AF4 (0xFFF44413) xori x8, x8, -0x1                       common_Mexcpt_handler+68
x8 <- 0xFFFFFFFFFFFFFFFF

clint mtime 0x00000000000005E9 (mip.MTI <- 0b1, mip.STI <- 0b0)
mem[X,0x0000000080002AF8] -> 0xF4B3
mem[X,0x0000000080002AFA] -> 0x0085
[3026] [M]: 0x0000000080002AF8 (0x0085F4B3) and x9, x11, x8                         common_Mexcpt_handler+72
x9 <- 0x0000000000000298

mem[X,0x0000000080002AFC] -> 0x84B3
mem[X,0x0000000080002AFE] -> 0x0024
[3027] [M]: 0x0000000080002AFC (0x002484B3) add x9, x9, x2                          vmem_adj_Mepc+0
x9 <- 0x0000000080005298

clint mtime 0x00000000000005EA (mip.MTI <- 0b1, mip.STI <- 0b0)
mem[X,0x0000000080002B00] -> 0x23F3
mem[X,0x0000000080002B02] -> 0x3410
[3028] [M]: 0x0000000080002B00 (0x341023F3) csrrs x7, mepc, x0                      vmem_adj_Mepc+4
CSR mepc (0x341) -> 0x0000028000000400
x7 <- 0x0000028000000400

mem[X,0x0000000080002B04] -> 0x0413
mem[X,0x0000000080002B06] -> 0x0004
[3029] [M]: 0x0000000080002B04 (0x00040413) addi x8, x8, 0x0                        vmem_adj_Mepc+8
x8 <- 0xFFFFFFFFFFFFFFFF

clint mtime 0x00000000000005EB (mip.MTI <- 0b1, mip.STI <- 0b0)
mem[X,0x0000000080002B08] -> 0x006F
mem[X,0x0000000080002B0A] -> 0x0400
[3030] [M]: 0x0000000080002B08 (0x0400006F) jal x0, 0x40                            vmem_adj_Mepc+12

mem[X,0x0000000080002B48] -> 0x8433
mem[X,0x0000000080002B4A] -> 0x4083
[3031] [M]: 0x0000000080002B48 (0x40838433) sub x8, x7, x8                          adj_Mepc+0
x8 <- 0x0000028000000401

clint mtime 0x00000000000005EC (mip.MTI <- 0b1, mip.STI <- 0b0)
mem[X,0x0000000080002B4C] -> 0x3823
mem[X,0x0000000080002B4E] -> 0x0083
[3032] [M]: 0x0000000080002B4C (0x00833823) sd x8, 0x10(x6)                         sv_Mepc+0
mem[W,0x000000008000A4C8] <- 0x0000028000000401

mem[X,0x0000000080002B50] -> 0x55B7
mem[X,0x0000000080002B52] -> 0x0000
[3033] [M]: 0x0000000080002B50 (0x000055B7) lui x11, 0x5                            sv_Mepc+4
x11 <- 0x0000000000005000

clint mtime 0x00000000000005ED (mip.MTI <- 0b1, mip.STI <- 0b0)
mem[X,0x0000000080002B54] -> 0x8593
mem[X,0x0000000080002B56] -> 0x6675
[3034] [M]: 0x0000000080002B54 (0x66758593) addi x11, x11, 0x667                    sv_Mepc+8
x11 <- 0x0000000000005667

mem[X,0x0000000080002B58] -> 0x9593
mem[X,0x0000000080002B5A] -> 0x0015
[3035] [M]: 0x0000000080002B58 (0x00159593) slli x11, x11, 0x1                      sv_Mepc+12
x11 <- 0x000000000000ACCE

clint mtime 0x00000000000005EE (mip.MTI <- 0b1, mip.STI <- 0b0)
mem[X,0x0000000080002B5C] -> 0x9063
mem[X,0x0000000080002B5E] -> 0x02B1
[3036] [M]: 0x0000000080002B5C (0x02B19063) bne x3, x11, 0x20                       sv_Mepc+16

mem[X,0x0000000080002B60] -> 0x2473
mem[X,0x0000000080002B62] -> 0x3420
[3037] [M]: 0x0000000080002B60 (0x34202473) csrrs x8, mcause, x0                    sv_Mepc+20
CSR mcause (0x342) -> 0x0000000000000001
x8 <- 0x0000000000000001

clint mtime 0x00000000000005EF (mip.MTI <- 0b1, mip.STI <- 0b0)
mem[X,0x0000000080002B64] -> 0x0593
mem[X,0x0000000080002B66] -> 0x00C0
[3038] [M]: 0x0000000080002B64 (0x00C00593) addi x11, x0, 0xc                       sv_Mepc+24
x11 <- 0x000000000000000C

mem[X,0x0000000080002B68] -> 0x0663
mem[X,0x0000000080002B6A] -> 0x00B4
[3039] [M]: 0x0000000080002B68 (0x00B40663) beq x8, x11, 0xc                        sv_Mepc+28

clint mtime 0x00000000000005F0 (mip.MTI <- 0b1, mip.STI <- 0b0)
mem[X,0x0000000080002B6C] -> 0x0593
mem[X,0x0000000080002B6E] -> 0x0010
[3040] [M]: 0x0000000080002B6C (0x00100593) addi x11, x0, 0x1                       sv_Mepc+32
x11 <- 0x0000000000000001

mem[X,0x0000000080002B70] -> 0x1663
mem[X,0x0000000080002B72] -> 0x00B4
[3041] [M]: 0x0000000080002B70 (0x00B41663) bne x8, x11, 0xc                        sv_Mepc+36

clint mtime 0x00000000000005F1 (mip.MTI <- 0b1, mip.STI <- 0b0)
mem[X,0x0000000080002B74] -> 0x1073
mem[X,0x0000000080002B76] -> 0x3412
[3042] [M]: 0x0000000080002B74 (0x34121073) csrrw x0, mepc, x4                      sv_Mepc+40
CSR mepc (0x341) <- 0x0000030080001BEC

mem[X,0x0000000080002B78] -> 0x006F
mem[X,0x0000000080002B7A] -> 0x0100
[3043] [M]: 0x0000000080002B78 (0x0100006F) jal x0, 0x10                            sv_Mepc+44

clint mtime 0x00000000000005F2 (mip.MTI <- 0b1, mip.STI <- 0b0)
mem[X,0x0000000080002B88] -> 0x23F3
mem[X,0x0000000080002B8A] -> 0x3430
[3044] [M]: 0x0000000080002B88 (0x343023F3) csrrs x7, mtval, x0                     skp_adj_Mepc+0
CSR mtval (0x343) -> 0x0000028000000400
x7 <- 0x0000028000000400

mem[X,0x0000000080002B8C] -> 0x0413
mem[X,0x0000000080002B8E] -> 0x0004
[3045] [M]: 0x0000000080002B8C (0x00040413) addi x8, x8, 0x0                        skp_adj_Mepc+4
x8 <- 0x0000000000000001

clint mtime 0x00000000000005F3 (mip.MTI <- 0b1, mip.STI <- 0b0)
mem[X,0x0000000080002B90] -> 0x006F
mem[X,0x0000000080002B92] -> 0x0840
[3046] [M]: 0x0000000080002B90 (0x0840006F) jal x0, 0x84                            skp_adj_Mepc+8

mem[X,0x0000000080002C14] -> 0x8433
mem[X,0x0000000080002C16] -> 0x4083
[3047] [M]: 0x0000000080002C14 (0x40838433) sub x8, x7, x8                          adj_Mtval+0
x8 <- 0x00000280000003FF

clint mtime 0x00000000000005F4 (mip.MTI <- 0b1, mip.STI <- 0b0)
mem[X,0x0000000080002C18] -> 0x3C23
mem[X,0x0000000080002C1A] -> 0x0083
[3048] [M]: 0x0000000080002C18 (0x00833C23) sd x8, 0x18(x6)                         sv_Mtval+0
mem[W,0x000000008000A4D0] <- 0x00000280000003FF

mem[X,0x0000000080002C1C] -> 0x3483
mem[X,0x0000000080002C1E] -> 0x2181
[3049] [M]: 0x0000000080002C1C (0x21813483) ld x9, 0x218(x2)                        skp_Mtval+0
mem[R,0x0000000080005218] -> 0x000000008000A4D8
x9 <- 0x000000008000A4D8

clint mtime 0x00000000000005F5 (mip.MTI <- 0b1, mip.STI <- 0b0)
mem[X,0x0000000080002C20] -> 0x3383
mem[X,0x0000000080002C22] -> 0x1F81
[3050] [M]: 0x0000000080002C20 (0x1F813383) ld x7, 0x1f8(x2)                        skp_Mtval+4
mem[R,0x00000000800051F8] -> 0x000000008000A110
x7 <- 0x000000008000A110

mem[X,0x0000000080002C24] -> 0x3303
mem[X,0x0000000080002C26] -> 0x2001
[3051] [M]: 0x0000000080002C24 (0x20013303) ld x6, 0x200(x2)                        skp_Mtval+8
mem[R,0x0000000080005200] -> 0x0000000000000410
x6 <- 0x0000000000000410

clint mtime 0x00000000000005F6 (mip.MTI <- 0b1, mip.STI <- 0b0)
mem[X,0x0000000080002C28] -> 0x0333
mem[X,0x0000000080002C2A] -> 0x0073
[3052] [M]: 0x0000000080002C28 (0x00730333) add x6, x6, x7                          skp_Mtval+12
x6 <- 0x000000008000A520

mem[X,0x0000000080002C2C] -> 0x6AE3
mem[X,0x0000000080002C2E] -> 0xAC93
[3053] [M]: 0x0000000080002C2C (0xAC936AE3) bltu x6, x9, -0x52c                     skp_Mtval+16

clint mtime 0x00000000000005F7 (mip.MTI <- 0b1, mip.STI <- 0b0)
mem[X,0x0000000080002C30] -> 0x0393
mem[X,0x0000000080002C32] -> 0x2000
[3054] [M]: 0x0000000080002C30 (0x20000393) addi x7, x0, 0x200                      skp_Mtval+20
x7 <- 0x0000000000000200

mem[X,0x0000000080002C34] -> 0x006F
mem[X,0x0000000080002C36] -> 0x0400
[3055] [M]: 0x0000000080002C34 (0x0400006F) jal x0, 0x40                            skp_Mtval+24

clint mtime 0x00000000000005F8 (mip.MTI <- 0b1, mip.STI <- 0b0)
mem[X,0x0000000080002C74] -> 0x0417
mem[X,0x0000000080002C76] -> 0x0000
[3056] [M]: 0x0000000080002C74 (0x00000417) auipc x8, 0x0                           spcl_Mhandler+0
x8 <- 0x0000000080002C74

mem[X,0x0000000080002C78] -> 0x0413
mem[X,0x0000000080002C7A] -> 0x03C4
[3057] [M]: 0x0000000080002C78 (0x03C40413) addi x8, x8, 0x3c                       spcl_Mhandler+4
x8 <- 0x0000000080002CB0

clint mtime 0x00000000000005F9 (mip.MTI <- 0b1, mip.STI <- 0b0)
mem[X,0x0000000080002C7C] -> 0x0433
mem[X,0x0000000080002C7E] -> 0x0074
[3058] [M]: 0x0000000080002C7C (0x00740433) add x8, x8, x7                          spcl_Mhandler+8
x8 <- 0x0000000080002EB0

mem[X,0x0000000080002C80] -> 0x1393
mem[X,0x0000000080002C82] -> 0x0035
[3059] [M]: 0x0000000080002C80 (0x00351393) slli x7, x10, 0x3                       spcl_Mhandler+12
x7 <- 0x0000000000000008

clint mtime 0x00000000000005FA (mip.MTI <- 0b1, mip.STI <- 0b0)
mem[X,0x0000000080002C84] -> 0x0433
mem[X,0x0000000080002C86] -> 0x0074
[3060] [M]: 0x0000000080002C84 (0x00740433) add x8, x8, x7                          spcl_Mhandler+16
x8 <- 0x0000000080002EB8

mem[X,0x0000000080002C88] -> 0x7413
mem[X,0x0000000080002C8A] -> 0xFF84
[3061] [M]: 0x0000000080002C88 (0xFF847413) andi x8, x8, -0x8                       spcl_Mhandler+20
x8 <- 0x0000000080002EB8

clint mtime 0x00000000000005FB (mip.MTI <- 0b1, mip.STI <- 0b0)
mem[X,0x0000000080002C8C] -> 0x3403
mem[X,0x0000000080002C8E] -> 0x0004
[3062] [M]: 0x0000000080002C8C (0x00043403) ld x8, 0x0(x8)                          spcl_Mhandler+24
mem[R,0x0000000080002EB8] -> 0x0000000000000003
x8 <- 0x0000000000000003

mem[X,0x0000000080002C90] -> 0x02E3
mem[X,0x0000000080002C92] -> 0xB004
[3063] [M]: 0x0000000080002C90 (0xB00402E3) beq x8, x0, -0x4fc                      spcl_Mdispatch_hndling+0

clint mtime 0x00000000000005FC (mip.MTI <- 0b1, mip.STI <- 0b0)
mem[X,0x0000000080002C94] -> 0x1393
mem[X,0x0000000080002C96] -> 0x03F4
[3064] [M]: 0x0000000080002C94 (0x03F41393) slli x7, x8, 0x3f                       spcl_Mdispatch_hndling+4
x7 <- 0x8000000000000000

mem[X,0x0000000080002C98] -> 0xD863
mem[X,0x0000000080002C9A] -> 0x0003
[3065] [M]: 0x0000000080002C98 (0x0003D863) bge x7, x0, 0x10                        spcl_Mdispatch_hndling+8

clint mtime 0x00000000000005FD (mip.MTI <- 0b1, mip.STI <- 0b0)
mem[X,0x0000000080002C9C] -> 0x5413
mem[X,0x0000000080002C9E] -> 0x0014
[3066] [M]: 0x0000000080002C9C (0x00145413) srli x8, x8, 0x1                        spcl_Mdispatch_hndling+12
x8 <- 0x0000000000000001

mem[X,0x0000000080002CA0] -> 0x0CE3
mem[X,0x0000000080002CA2] -> 0xF885
[3067] [M]: 0x0000000080002CA0 (0xF8850CE3) beq x10, x8, -0x68                      spcl_Mdispatch_hndling+16

clint mtime 0x00000000000005FE (mip.MTI <- 0b1, mip.STI <- 0b0)
mem[X,0x0000000080002C38] -> 0x3303
mem[X,0x0000000080002C3A] -> 0x2601
[3068] [M]: 0x0000000080002C38 (0x26013303) ld x6, 0x260(x2)                        resto_Mrtn+0
mem[R,0x0000000080005260] -> 0xFFFFFFFF7FFFE64C
x6 <- 0xFFFFFFFF7FFFE64C

mem[X,0x0000000080002C3C] -> 0x3383
mem[X,0x0000000080002C3E] -> 0x2681
[3069] [M]: 0x0000000080002C3C (0x26813383) ld x7, 0x268(x2)                        resto_Mrtn+4
mem[R,0x0000000080005268] -> 0x0000000080005000
x7 <- 0x0000000080005000

clint mtime 0x00000000000005FF (mip.MTI <- 0b1, mip.STI <- 0b0)
mem[X,0x0000000080002C40] -> 0x3403
mem[X,0x0000000080002C42] -> 0x2701
[3070] [M]: 0x0000000080002C40 (0x27013403) ld x8, 0x270(x2)                        resto_Mrtn+8
mem[R,0x0000000080005270] -> 0x0000000000007F76
x8 <- 0x0000000000007F76

mem[X,0x0000000080002C44] -> 0x3483
mem[X,0x0000000080002C46] -> 0x2781
[3071] [M]: 0x0000000080002C44 (0x27813483) ld x9, 0x278(x2)                        resto_Mrtn+12
mem[R,0x0000000080005278] -> 0x00000300000001BC
x9 <- 0x00000300000001BC

clint mtime 0x0000000000000600 (mip.MTI <- 0b1, mip.STI <- 0b0)
mem[X,0x0000000080002C48] -> 0x3503
mem[X,0x0000000080002C4A] -> 0x2801
[3072] [M]: 0x0000000080002C48 (0x28013503) ld x10, 0x280(x2)                       resto_Mrtn+16
mem[R,0x0000000080005280] -> 0x00000000200000DF
x10 <- 0x00000000200000DF

mem[X,0x0000000080002C4C] -> 0x3583
mem[X,0x0000000080002C4E] -> 0x2881
[3073] [M]: 0x0000000080002C4C (0x28813583) ld x11, 0x288(x2)                       resto_Mrtn+20
mem[R,0x0000000080005288] -> 0x00000000000000DF
x11 <- 0x00000000000000DF

clint mtime 0x0000000000000601 (mip.MTI <- 0b1, mip.STI <- 0b0)
mem[X,0x0000000080002C50] -> 0x3103
mem[X,0x0000000080002C52] -> 0x2901
[3074] [M]: 0x0000000080002C50 (0x29013103) ld x2, 0x290(x2)                        resto_Mrtn+24
mem[R,0x0000000080005290] -> 0x0000000000000000
x2 <- 0x0000000000000000

mem[X,0x0000000080002C54] -> 0x0073
mem[X,0x0000000080002C56] -> 0x3020
[3075] [M]: 0x0000000080002C54 (0x30200073) mret                                    resto_Mrtn+28
CSR mstatus (0x300) <- 0x0000000A00000080
ret-ing from M to U

clint mtime 0x0000000000000602 (mip.MTI <- 0b1, mip.STI <- 0b0)
PTW: Start, vpn=0x30080001, access_type=X, privilege=Umem[R,0x0000000080009030] -> 0x00000000000000DB
PTW: Step, level=3, pte=0xDB, pte_addr=0x80009030
PTW: Success, final_ppn=0x80001, level=3mem[X,0x0000000080001BEC] -> 0x0013
PTW: Start, vpn=0x30080001, access_type=X, privilege=Umem[R,0x0000000080009030] -> 0x00000000000000DB
PTW: Step, level=3, pte=0xDB, pte_addr=0x80009030
PTW: Success, final_ppn=0x80001, level=3mem[X,0x0000000080001BEE] -> 0x0000
[3076] [U]: 0x0000030080001BEC (0x00000013) addi x0, x0, 0x0                        va_rvtest_code_begin+4176

PTW: Start, vpn=0x30080001, access_type=X, privilege=Umem[R,0x0000000080009030] -> 0x00000000000000DB
PTW: Step, level=3, pte=0xDB, pte_addr=0x80009030
PTW: Success, final_ppn=0x80001, level=3mem[X,0x0000000080001BF0] -> 0x0013
PTW: Start, vpn=0x30080001, access_type=X, privilege=Umem[R,0x0000000080009030] -> 0x00000000000000DB
PTW: Step, level=3, pte=0xDB, pte_addr=0x80009030
PTW: Success, final_ppn=0x80001, level=3mem[X,0x0000000080001BF2] -> 0x0000
[3077] [U]: 0x0000030080001BF0 (0x00000013) addi x0, x0, 0x0                        va_rvtest_code_begin+4180

clint mtime 0x0000000000000603 (mip.MTI <- 0b1, mip.STI <- 0b0)
PTW: Start, vpn=0x30080001, access_type=X, privilege=Umem[R,0x0000000080009030] -> 0x00000000000000DB
PTW: Step, level=3, pte=0xDB, pte_addr=0x80009030
PTW: Success, final_ppn=0x80001, level=3mem[X,0x0000000080001BF4] -> 0x0013
PTW: Start, vpn=0x30080001, access_type=X, privilege=Umem[R,0x0000000080009030] -> 0x00000000000000DB
PTW: Step, level=3, pte=0xDB, pte_addr=0x80009030
PTW: Success, final_ppn=0x80001, level=3mem[X,0x0000000080001BF6] -> 0x0000
[3078] [U]: 0x0000030080001BF4 (0x00000013) addi x0, x0, 0x0                        va_rvtest_code_begin+4184

PTW: Start, vpn=0x30080001, access_type=X, privilege=Umem[R,0x0000000080009030] -> 0x00000000000000DB
PTW: Step, level=3, pte=0xDB, pte_addr=0x80009030
PTW: Success, final_ppn=0x80001, level=3mem[X,0x0000000080001BF8] -> 0x0113
PTW: Start, vpn=0x30080001, access_type=X, privilege=Umem[R,0x0000000080009030] -> 0x00000000000000DB
PTW: Step, level=3, pte=0xDB, pte_addr=0x80009030
PTW: Success, final_ppn=0x80001, level=3mem[X,0x0000000080001BFA] -> 0x0000
[3079] [U]: 0x0000030080001BF8 (0x00000113) addi x2, x0, 0x0                        va_rvtest_code_begin+4188
x2 <- 0x0000000000000000

clint mtime 0x0000000000000604 (mip.MTI <- 0b1, mip.STI <- 0b0)
PTW: Start, vpn=0x30080001, access_type=X, privilege=Umem[R,0x0000000080009030] -> 0x00000000000000DB
PTW: Step, level=3, pte=0xDB, pte_addr=0x80009030
PTW: Success, final_ppn=0x80001, level=3mem[X,0x0000000080001BFC] -> 0x0073
PTW: Start, vpn=0x30080001, access_type=X, privilege=Umem[R,0x0000000080009030] -> 0x00000000000000DB
PTW: Step, level=3, pte=0xDB, pte_addr=0x80009030
PTW: Success, final_ppn=0x80001, level=3mem[X,0x0000000080001BFE] -> 0x0000
[3080] [U]: 0x0000030080001BFC (0x00000073) ecall                                   va_rvtest_code_begin+4192
trapping from U to M to handle u-call
handling exc#u-call at priv M with tval 0x0000000000000000
CSR mstatus (0x300) <- 0x0000000A00000000
CSR mcause (0x342) <- 0x0000000000000008
CSR mtval (0x343) <- 0x0000000000000000
CSR mepc (0x341) <- 0x0000030080001BFC

mem[X,0x0000000080002800] -> 0x006F
mem[X,0x0000000080002802] -> 0x1000
[3081] [M]: 0x0000000080002800 (0x1000006F) jal x0, 0x100                           Mtrampoline+0

clint mtime 0x0000000000000605 (mip.MTI <- 0b1, mip.STI <- 0b0)
mem[X,0x0000000080002900] -> 0x1173
mem[X,0x0000000080002902] -> 0x3401
[3082] [M]: 0x0000000080002900 (0x34011173) csrrw x2, mscratch, x2                  trap_Mhandler+0
CSR mscratch (0x340) <- 0x0000000000000000
x2 <- 0x0000000080005000

mem[X,0x0000000080002904] -> 0x3423
mem[X,0x0000000080002906] -> 0x28B1
[3083] [M]: 0x0000000080002904 (0x28B13423) sd x11, 0x288(x2)                       trap_Mhandler+4
mem[W,0x0000000080005288] <- 0x00000000000000DF

clint mtime 0x0000000000000606 (mip.MTI <- 0b1, mip.STI <- 0b0)
mem[X,0x0000000080002908] -> 0x05EF
mem[X,0x000000008000290A] -> 0x0B80
[3084] [M]: 0x0000000080002908 (0x0B8005EF) jal x11, 0xb8                           trap_Mhandler+8
x11 <- 0x000000008000290C

mem[X,0x00000000800029C0] -> 0x3023
mem[X,0x00000000800029C2] -> 0x28A1
[3085] [M]: 0x00000000800029C0 (0x28A13023) sd x10, 0x280(x2)                       common_Mhandler+0
mem[W,0x0000000080005280] <- 0x00000000200000DF

clint mtime 0x0000000000000607 (mip.MTI <- 0b1, mip.STI <- 0b0)
mem[X,0x00000000800029C4] -> 0x1573
mem[X,0x00000000800029C6] -> 0x3401
[3086] [M]: 0x00000000800029C4 (0x34011573) csrrw x10, mscratch, x2                 common_Mhandler+4
CSR mscratch (0x340) <- 0x0000000080005000
x10 <- 0x0000000000000000

mem[X,0x00000000800029C8] -> 0x3823
mem[X,0x00000000800029CA] -> 0x28A1
[3087] [M]: 0x00000000800029C8 (0x28A13823) sd x10, 0x290(x2)                       common_Mhandler+8
mem[W,0x0000000080005290] <- 0x0000000000000000

clint mtime 0x0000000000000608 (mip.MTI <- 0b1, mip.STI <- 0b0)
mem[X,0x00000000800029CC] -> 0x3503
mem[X,0x00000000800029CE] -> 0x2301
[3088] [M]: 0x00000000800029CC (0x23013503) ld x10, 0x230(x2)                       common_Mhandler+12
mem[R,0x0000000080005230] -> 0x00000000800029D4
x10 <- 0x00000000800029D4

mem[X,0x00000000800029D0] -> 0x0067
mem[X,0x00000000800029D2] -> 0x0005
[3089] [M]: 0x00000000800029D0 (0x00050067) jalr x0, 0x0(x10)                       common_Mhandler+16

clint mtime 0x0000000000000609 (mip.MTI <- 0b1, mip.STI <- 0b0)
mem[X,0x00000000800029D4] -> 0x3C23
mem[X,0x00000000800029D6] -> 0x2691
[3090] [M]: 0x00000000800029D4 (0x26913C23) sd x9, 0x278(x2)                        common_Mentry+0
mem[W,0x0000000080005278] <- 0x00000300000001BC

mem[X,0x00000000800029D8] -> 0x3823
mem[X,0x00000000800029DA] -> 0x2681
[3091] [M]: 0x00000000800029D8 (0x26813823) sd x8, 0x270(x2)                        common_Mentry+4
mem[W,0x0000000080005270] <- 0x0000000000007F76

clint mtime 0x000000000000060A (mip.MTI <- 0b1, mip.STI <- 0b0)
mem[X,0x00000000800029DC] -> 0x3423
mem[X,0x00000000800029DE] -> 0x2671
[3092] [M]: 0x00000000800029DC (0x26713423) sd x7, 0x268(x2)                        common_Mentry+8
mem[W,0x0000000080005268] <- 0x0000000080005000

mem[X,0x00000000800029E0] -> 0x3023
mem[X,0x00000000800029E2] -> 0x2661
[3093] [M]: 0x00000000800029E0 (0x26613023) sd x6, 0x260(x2)                        common_Mentry+12
mem[W,0x0000000080005260] <- 0xFFFFFFFF7FFFE64C

clint mtime 0x000000000000060B (mip.MTI <- 0b1, mip.STI <- 0b0)
mem[X,0x00000000800029E4] -> 0x2573
mem[X,0x00000000800029E6] -> 0x3420
[3094] [M]: 0x00000000800029E4 (0x34202573) csrrs x10, mcause, x0                   spcl_M2mmode_test+0
CSR mcause (0x342) -> 0x0000000000000008
x10 <- 0x0000000000000008

mem[X,0x00000000800029E8] -> 0x04B7
mem[X,0x00000000800029EA] -> 0x8000
[3095] [M]: 0x00000000800029E8 (0x800004B7) lui x9, -0x80000                        spcl_M2mmode_test+4
x9 <- 0xFFFFFFFF80000000

clint mtime 0x000000000000060C (mip.MTI <- 0b1, mip.STI <- 0b0)
mem[X,0x00000000800029EC] -> 0x8493
mem[X,0x00000000800029EE] -> 0x0004
[3096] [M]: 0x00000000800029EC (0x00048493) addi x9, x9, 0x0                        spcl_M2mmode_test+8
x9 <- 0xFFFFFFFF80000000

mem[X,0x00000000800029F0] -> 0x9493
mem[X,0x00000000800029F2] -> 0x00B4
[3097] [M]: 0x00000000800029F0 (0x00B49493) slli x9, x9, 0xb                        spcl_M2mmode_test+12
x9 <- 0xFFFFFC0000000000

clint mtime 0x000000000000060D (mip.MTI <- 0b1, mip.STI <- 0b0)
mem[X,0x00000000800029F4] -> 0x8493
mem[X,0x00000000800029F6] -> 0x0004
[3098] [M]: 0x00000000800029F4 (0x00048493) addi x9, x9, 0x0                        spcl_M2mmode_test+16
x9 <- 0xFFFFFC0000000000

mem[X,0x00000000800029F8] -> 0x9493
mem[X,0x00000000800029FA] -> 0x00B4
[3099] [M]: 0x00000000800029F8 (0x00B49493) slli x9, x9, 0xb                        spcl_M2mmode_test+20
x9 <- 0xFFE0000000000000

clint mtime 0x000000000000060E (mip.MTI <- 0b1, mip.STI <- 0b0)
mem[X,0x00000000800029FC] -> 0x8493
mem[X,0x00000000800029FE] -> 0x0034
[3100] [M]: 0x00000000800029FC (0x00348493) addi x9, x9, 0x3                        spcl_M2mmode_test+24
x9 <- 0xFFE0000000000003

mem[X,0x0000000080002A00] -> 0x9493
mem[X,0x0000000080002A02] -> 0x00A4
[3101] [M]: 0x0000000080002A00 (0x00A49493) slli x9, x9, 0xa                        spcl_M2mmode_test+28
x9 <- 0x8000000000000C00

clint mtime 0x000000000000060F (mip.MTI <- 0b1, mip.STI <- 0b0)
mem[X,0x0000000080002A04] -> 0x8493
mem[X,0x0000000080002A06] -> 0x3FC4
[3102] [M]: 0x0000000080002A04 (0x3FC48493) addi x9, x9, 0x3fc                      spcl_M2mmode_test+32
x9 <- 0x8000000000000FFC

mem[X,0x0000000080002A08] -> 0xF4B3
mem[X,0x0000000080002A0A] -> 0x00A4
[3103] [M]: 0x0000000080002A08 (0x00A4F4B3) and x9, x9, x10                         spcl_M2mmode_test+36
x9 <- 0x0000000000000008

clint mtime 0x0000000000000610 (mip.MTI <- 0b1, mip.STI <- 0b0)
mem[X,0x0000000080002A0C] -> 0x8493
mem[X,0x0000000080002A0E] -> 0xFF84
[3104] [M]: 0x0000000080002A0C (0xFF848493) addi x9, x9, -0x8                       spcl_M2mmode_test+40
x9 <- 0x0000000000000000

mem[X,0x0000000080002A10] -> 0x9663
mem[X,0x0000000080002A12] -> 0x0004
[3105] [M]: 0x0000000080002A10 (0x00049663) bne x9, x0, 0xc                         spcl_M2mmode_test+44

clint mtime 0x0000000000000611 (mip.MTI <- 0b1, mip.STI <- 0b0)
mem[X,0x0000000080002A14] -> 0x3383
mem[X,0x0000000080002A16] -> 0x2901
[3106] [M]: 0x0000000080002A14 (0x29013383) ld x7, 0x290(x2)                        spcl_M2mmode_test+48
mem[R,0x0000000080005290] -> 0x0000000000000000
x7 <- 0x0000000000000000

mem[X,0x0000000080002A18] -> 0x8663
mem[X,0x0000000080002A1A] -> 0x6E03
[3107] [M]: 0x0000000080002A18 (0x6E038663) beq x7, x0, 0x6ec                       spcl_M2mmode_test+52

clint mtime 0x0000000000000612 (mip.MTI <- 0b1, mip.STI <- 0b0)
mem[X,0x0000000080003104] -> 0x0493
mem[X,0x0000000080003106] -> 0xFF55
[3108] [M]: 0x0000000080003104 (0xFF550493) addi x9, x10, -0xb                      rtn2mmode+0
x9 <- 0xFFFFFFFFFFFFFFFD

mem[X,0x0000000080003108] -> 0x8C63
mem[X,0x000000008000310A] -> 0x0004
[3109] [M]: 0x0000000080003108 (0x00048C63) beq x9, x0, 0x18                        rtn2mmode+4

clint mtime 0x0000000000000613 (mip.MTI <- 0b1, mip.STI <- 0b0)
mem[X,0x000000008000310C] -> 0x3583
mem[X,0x000000008000310E] -> 0x4701
[3110] [M]: 0x000000008000310C (0x47013583) ld x11, 0x470(x2)                       rtn2mmode+8
mem[R,0x0000000080005470] -> 0x0000030080000B9C
x11 <- 0x0000030080000B9C

mem[X,0x0000000080003110] -> 0xD463
mem[X,0x0000000080003112] -> 0x0003
[3111] [M]: 0x0000000080003110 (0x0003D463) bge x7, x0, 0x8                         rtn2mmode+12

clint mtime 0x0000000000000614 (mip.MTI <- 0b1, mip.STI <- 0b0)
mem[X,0x0000000080003118] -> 0x3483
mem[X,0x000000008000311A] -> 0x1D81
[3112] [M]: 0x0000000080003118 (0x1D813483) ld x9, 0x1d8(x2)                        from_u_s+0
mem[R,0x00000000800051D8] -> 0x0000000080000BB4
x9 <- 0x0000000080000BB4

mem[X,0x000000008000311C] -> 0x84B3
mem[X,0x000000008000311E] -> 0x40B4
[3113] [M]: 0x000000008000311C (0x40B484B3) sub x9, x9, x11                         from_u_s+4
x9 <- 0xFFFFFD0000000018

clint mtime 0x0000000000000615 (mip.MTI <- 0b1, mip.STI <- 0b0)
mem[X,0x0000000080003120] -> 0x23F3
mem[X,0x0000000080003122] -> 0x3410
[3114] [M]: 0x0000000080003120 (0x341023F3) csrrs x7, mepc, x0                      rtn_fm_mmode+0
CSR mepc (0x341) -> 0x0000030080001BFC
x7 <- 0x0000030080001BFC

mem[X,0x0000000080003124] -> 0x83B3
mem[X,0x0000000080003126] -> 0x0093
[3115] [M]: 0x0000000080003124 (0x009383B3) add x7, x7, x9                          rtn_fm_mmode+4
x7 <- 0x0000000080001C14

clint mtime 0x0000000000000616 (mip.MTI <- 0b1, mip.STI <- 0b0)
mem[X,0x0000000080003128] -> 0x3303
mem[X,0x000000008000312A] -> 0x2601
[3116] [M]: 0x0000000080003128 (0x26013303) ld x6, 0x260(x2)                        rtn_fm_mmode+8
mem[R,0x0000000080005260] -> 0xFFFFFFFF7FFFE64C
x6 <- 0xFFFFFFFF7FFFE64C

mem[X,0x000000008000312C] -> 0x3403
mem[X,0x000000008000312E] -> 0x2701
[3117] [M]: 0x000000008000312C (0x27013403) ld x8, 0x270(x2)                        rtn_fm_mmode+12
mem[R,0x0000000080005270] -> 0x0000000000007F76
x8 <- 0x0000000000007F76

clint mtime 0x0000000000000617 (mip.MTI <- 0b1, mip.STI <- 0b0)
mem[X,0x0000000080003130] -> 0x3483
mem[X,0x0000000080003132] -> 0x2781
[3118] [M]: 0x0000000080003130 (0x27813483) ld x9, 0x278(x2)                        rtn_fm_mmode+16
mem[R,0x0000000080005278] -> 0x00000300000001BC
x9 <- 0x00000300000001BC

mem[X,0x0000000080003134] -> 0x3503
mem[X,0x0000000080003136] -> 0x2801
[3119] [M]: 0x0000000080003134 (0x28013503) ld x10, 0x280(x2)                       rtn_fm_mmode+20
mem[R,0x0000000080005280] -> 0x00000000200000DF
x10 <- 0x00000000200000DF

clint mtime 0x0000000000000618 (mip.MTI <- 0b1, mip.STI <- 0b0)
mem[X,0x0000000080003138] -> 0x3583
mem[X,0x000000008000313A] -> 0x2881
[3120] [M]: 0x0000000080003138 (0x28813583) ld x11, 0x288(x2)                       rtn_fm_mmode+24
mem[R,0x0000000080005288] -> 0x00000000000000DF
x11 <- 0x00000000000000DF

mem[X,0x000000008000313C] -> 0x3103
mem[X,0x000000008000313E] -> 0x2901
[3121] [M]: 0x000000008000313C (0x29013103) ld x2, 0x290(x2)                        rtn_fm_mmode+28
mem[R,0x0000000080005290] -> 0x0000000000000000
x2 <- 0x0000000000000000

clint mtime 0x0000000000000619 (mip.MTI <- 0b1, mip.STI <- 0b0)
mem[X,0x0000000080003140] -> 0x8067
mem[X,0x0000000080003142] -> 0x0043
[3122] [M]: 0x0000000080003140 (0x00438067) jalr x0, 0x4(x7)                        rtn_fm_mmode+32

mem[X,0x0000000080001C18] -> 0x0013
mem[X,0x0000000080001C1A] -> 0x0000
[3123] [M]: 0x0000000080001C18 (0x00000013) addi x0, x0, 0x0                        main+4152

clint mtime 0x000000000000061A (mip.MTI <- 0b1, mip.STI <- 0b0)
mem[X,0x0000000080001C1C] -> 0x0013
mem[X,0x0000000080001C1E] -> 0x0000
[3124] [M]: 0x0000000080001C1C (0x00000013) addi x0, x0, 0x0                        main+4156

mem[X,0x0000000080001C20] -> 0x6517
mem[X,0x0000000080001C22] -> 0x0000
[3125] [M]: 0x0000000080001C20 (0x00006517) auipc x10, 0x6                          main+4160
x10 <- 0x0000000080007C20

clint mtime 0x000000000000061B (mip.MTI <- 0b1, mip.STI <- 0b0)
mem[X,0x0000000080001C24] -> 0x0513
mem[X,0x0000000080001C26] -> 0x3E05
[3126] [M]: 0x0000000080001C24 (0x3E050513) addi x10, x10, 0x3e0                    main+4164
x10 <- 0x0000000080008000

mem[X,0x0000000080001C28] -> 0x0001
[3127] [M]: 0x0000000080001C28 (0x0001) c.nop                                       main+4168

clint mtime 0x000000000000061C (mip.MTI <- 0b1, mip.STI <- 0b0)
mem[X,0x0000000080001C2A] -> 0x0013
mem[X,0x0000000080001C2C] -> 0x0000
[3128] [M]: 0x0000000080001C2A (0x00000013) addi x0, x0, 0x0                        main+4170

mem[X,0x0000000080001C2E] -> 0x0013
mem[X,0x0000000080001C30] -> 0x0000
[3129] [M]: 0x0000000080001C2E (0x00000013) addi x0, x0, 0x0                        main+4174

clint mtime 0x000000000000061D (mip.MTI <- 0b1, mip.STI <- 0b0)
mem[X,0x0000000080001C32] -> 0x0013
mem[X,0x0000000080001C34] -> 0x0000
[3130] [M]: 0x0000000080001C32 (0x00000013) addi x0, x0, 0x0                        main+4178

mem[X,0x0000000080001C36] -> 0x0013
mem[X,0x0000000080001C38] -> 0x0000
[3131] [M]: 0x0000000080001C36 (0x00000013) addi x0, x0, 0x0                        main+4182

clint mtime 0x000000000000061E (mip.MTI <- 0b1, mip.STI <- 0b0)
mem[X,0x0000000080001C3A] -> 0x0013
mem[X,0x0000000080001C3C] -> 0x0000
[3132] [M]: 0x0000000080001C3A (0x00000013) addi x0, x0, 0x0                        main+4186

mem[X,0x0000000080001C3E] -> 0x0001
[3133] [M]: 0x0000000080001C3E (0x0001) c.nop                                       main+4190

clint mtime 0x000000000000061F (mip.MTI <- 0b1, mip.STI <- 0b0)
mem[X,0x0000000080001C40] -> 0x0593
mem[X,0x0000000080001C42] -> 0x0010
[3134] [M]: 0x0000000080001C40 (0x00100593) addi x11, x0, 0x1                       main+4192
x11 <- 0x0000000000000001

mem[X,0x0000000080001C44] -> 0x5513
mem[X,0x0000000080001C46] -> 0x00C5
[3135] [M]: 0x0000000080001C44 (0x00C55513) srli x10, x10, 0xc                      main+4196
x10 <- 0x0000000000080008

clint mtime 0x0000000000000620 (mip.MTI <- 0b1, mip.STI <- 0b0)
mem[X,0x0000000080001C48] -> 0x1513
mem[X,0x0000000080001C4A] -> 0x00A5
[3136] [M]: 0x0000000080001C48 (0x00A51513) slli x10, x10, 0xa                      main+4200
x10 <- 0x0000000020002000

mem[X,0x0000000080001C4C] -> 0x6533
mem[X,0x0000000080001C4E] -> 0x00B5
[3137] [M]: 0x0000000080001C4C (0x00B56533) or x10, x10, x11                        main+4204
x10 <- 0x0000000020002001

clint mtime 0x0000000000000621 (mip.MTI <- 0b1, mip.STI <- 0b0)
mem[X,0x0000000080001C50] -> 0x0013
mem[X,0x0000000080001C52] -> 0x0000
[3138] [M]: 0x0000000080001C50 (0x00000013) addi x0, x0, 0x0                        main+4208

mem[X,0x0000000080001C54] -> 0x0013
mem[X,0x0000000080001C56] -> 0x0000
[3139] [M]: 0x0000000080001C54 (0x00000013) addi x0, x0, 0x0                        main+4212

clint mtime 0x0000000000000622 (mip.MTI <- 0b1, mip.STI <- 0b0)
mem[X,0x0000000080001C58] -> 0x0013
mem[X,0x0000000080001C5A] -> 0x0000
[3140] [M]: 0x0000000080001C58 (0x00000013) addi x0, x0, 0x0                        main+4216

mem[X,0x0000000080001C5C] -> 0x0013
mem[X,0x0000000080001C5E] -> 0x0000
[3141] [M]: 0x0000000080001C5C (0x00000013) addi x0, x0, 0x0                        main+4220

clint mtime 0x0000000000000623 (mip.MTI <- 0b1, mip.STI <- 0b0)
mem[X,0x0000000080001C60] -> 0x7317
mem[X,0x0000000080001C62] -> 0x0000
[3142] [M]: 0x0000000080001C60 (0x00007317) auipc x6, 0x7                           main+4224
x6 <- 0x0000000080008C60

mem[X,0x0000000080001C64] -> 0x0313
mem[X,0x0000000080001C66] -> 0x3A03
[3143] [M]: 0x0000000080001C64 (0x3A030313) addi x6, x6, 0x3a0                      main+4228
x6 <- 0x0000000080009000

clint mtime 0x0000000000000624 (mip.MTI <- 0b1, mip.STI <- 0b0)
mem[X,0x0000000080001C68] -> 0x0001
[3144] [M]: 0x0000000080001C68 (0x0001) c.nop                                       main+4232

mem[X,0x0000000080001C6A] -> 0x0013
mem[X,0x0000000080001C6C] -> 0x0000
[3145] [M]: 0x0000000080001C6A (0x00000013) addi x0, x0, 0x0                        main+4234

clint mtime 0x0000000000000625 (mip.MTI <- 0b1, mip.STI <- 0b0)
mem[X,0x0000000080001C6E] -> 0x0013
mem[X,0x0000000080001C70] -> 0x0000
[3146] [M]: 0x0000000080001C6E (0x00000013) addi x0, x0, 0x0                        main+4238

mem[X,0x0000000080001C72] -> 0x0013
mem[X,0x0000000080001C74] -> 0x0000
[3147] [M]: 0x0000000080001C72 (0x00000013) addi x0, x0, 0x0                        main+4242

clint mtime 0x0000000000000626 (mip.MTI <- 0b1, mip.STI <- 0b0)
mem[X,0x0000000080001C76] -> 0x0013
mem[X,0x0000000080001C78] -> 0x0000
[3148] [M]: 0x0000000080001C76 (0x00000013) addi x0, x0, 0x0                        main+4246

mem[X,0x0000000080001C7A] -> 0x0013
mem[X,0x0000000080001C7C] -> 0x0000
[3149] [M]: 0x0000000080001C7A (0x00000013) addi x0, x0, 0x0                        main+4250

clint mtime 0x0000000000000627 (mip.MTI <- 0b1, mip.STI <- 0b0)
mem[X,0x0000000080001C7E] -> 0x0001
[3150] [M]: 0x0000000080001C7E (0x0001) c.nop                                       main+4254

mem[X,0x0000000080001C80] -> 0x0293
mem[X,0x0000000080001C82] -> 0x0280
[3151] [M]: 0x0000000080001C80 (0x02800293) addi x5, x0, 0x28                       main+4256
x5 <- 0x0000000000000028

clint mtime 0x0000000000000628 (mip.MTI <- 0b1, mip.STI <- 0b0)
mem[X,0x0000000080001C84] -> 0x0333
mem[X,0x0000000080001C86] -> 0x0053
[3152] [M]: 0x0000000080001C84 (0x00530333) add x6, x6, x5                          main+4260
x6 <- 0x0000000080009028

mem[X,0x0000000080001C88] -> 0x3023
mem[X,0x0000000080001C8A] -> 0x00A3
[3153] [M]: 0x0000000080001C88 (0x00A33023) sd x10, 0x0(x6)                         main+4264
mem[W,0x0000000080009028] <- 0x0000000020002001

clint mtime 0x0000000000000629 (mip.MTI <- 0b1, mip.STI <- 0b0)
mem[X,0x0000000080001C8C] -> 0x0013
mem[X,0x0000000080001C8E] -> 0x0000
[3154] [M]: 0x0000000080001C8C (0x00000013) addi x0, x0, 0x0                        main+4268

mem[X,0x0000000080001C90] -> 0x0013
mem[X,0x0000000080001C92] -> 0x0000
[3155] [M]: 0x0000000080001C90 (0x00000013) addi x0, x0, 0x0                        main+4272

clint mtime 0x000000000000062A (mip.MTI <- 0b1, mip.STI <- 0b0)
mem[X,0x0000000080001C94] -> 0x0013
mem[X,0x0000000080001C96] -> 0x0000
[3156] [M]: 0x0000000080001C94 (0x00000013) addi x0, x0, 0x0                        main+4276

mem[X,0x0000000080001C98] -> 0x0013
mem[X,0x0000000080001C9A] -> 0x0000
[3157] [M]: 0x0000000080001C98 (0x00000013) addi x0, x0, 0x0                        main+4280

clint mtime 0x000000000000062B (mip.MTI <- 0b1, mip.STI <- 0b0)
mem[X,0x0000000080001C9C] -> 0x0013
mem[X,0x0000000080001C9E] -> 0x0000
[3158] [M]: 0x0000000080001C9C (0x00000013) addi x0, x0, 0x0                        main+4284

mem[X,0x0000000080001CA0] -> 0x5517
mem[X,0x0000000080001CA2] -> 0x0000
[3159] [M]: 0x0000000080001CA0 (0x00005517) auipc x10, 0x5                          main+4288
x10 <- 0x0000000080006CA0

clint mtime 0x000000000000062C (mip.MTI <- 0b1, mip.STI <- 0b0)
mem[X,0x0000000080001CA4] -> 0x0513
mem[X,0x0000000080001CA6] -> 0x3605
[3160] [M]: 0x0000000080001CA4 (0x36050513) addi x10, x10, 0x360                    main+4292
x10 <- 0x0000000080007000

mem[X,0x0000000080001CA8] -> 0x0001
[3161] [M]: 0x0000000080001CA8 (0x0001) c.nop                                       main+4296

clint mtime 0x000000000000062D (mip.MTI <- 0b1, mip.STI <- 0b0)
mem[X,0x0000000080001CAA] -> 0x0013
mem[X,0x0000000080001CAC] -> 0x0000
[3162] [M]: 0x0000000080001CAA (0x00000013) addi x0, x0, 0x0                        main+4298

mem[X,0x0000000080001CAE] -> 0x0013
mem[X,0x0000000080001CB0] -> 0x0000
[3163] [M]: 0x0000000080001CAE (0x00000013) addi x0, x0, 0x0                        main+4302

clint mtime 0x000000000000062E (mip.MTI <- 0b1, mip.STI <- 0b0)
mem[X,0x0000000080001CB2] -> 0x0013
mem[X,0x0000000080001CB4] -> 0x0000
[3164] [M]: 0x0000000080001CB2 (0x00000013) addi x0, x0, 0x0                        main+4306

mem[X,0x0000000080001CB6] -> 0x0013
mem[X,0x0000000080001CB8] -> 0x0000
[3165] [M]: 0x0000000080001CB6 (0x00000013) addi x0, x0, 0x0                        main+4310

clint mtime 0x000000000000062F (mip.MTI <- 0b1, mip.STI <- 0b0)
mem[X,0x0000000080001CBA] -> 0x0013
mem[X,0x0000000080001CBC] -> 0x0000
[3166] [M]: 0x0000000080001CBA (0x00000013) addi x0, x0, 0x0                        main+4314

mem[X,0x0000000080001CBE] -> 0x0001
[3167] [M]: 0x0000000080001CBE (0x0001) c.nop                                       main+4318

clint mtime 0x0000000000000630 (mip.MTI <- 0b1, mip.STI <- 0b0)
mem[X,0x0000000080001CC0] -> 0x0593
mem[X,0x0000000080001CC2] -> 0x0010
[3168] [M]: 0x0000000080001CC0 (0x00100593) addi x11, x0, 0x1                       main+4320
x11 <- 0x0000000000000001

mem[X,0x0000000080001CC4] -> 0x5513
mem[X,0x0000000080001CC6] -> 0x00C5
[3169] [M]: 0x0000000080001CC4 (0x00C55513) srli x10, x10, 0xc                      main+4324
x10 <- 0x0000000000080007

clint mtime 0x0000000000000631 (mip.MTI <- 0b1, mip.STI <- 0b0)
mem[X,0x0000000080001CC8] -> 0x1513
mem[X,0x0000000080001CCA] -> 0x00A5
[3170] [M]: 0x0000000080001CC8 (0x00A51513) slli x10, x10, 0xa                      main+4328
x10 <- 0x0000000020001C00

mem[X,0x0000000080001CCC] -> 0x6533
mem[X,0x0000000080001CCE] -> 0x00B5
[3171] [M]: 0x0000000080001CCC (0x00B56533) or x10, x10, x11                        main+4332
x10 <- 0x0000000020001C01

clint mtime 0x0000000000000632 (mip.MTI <- 0b1, mip.STI <- 0b0)
mem[X,0x0000000080001CD0] -> 0x0013
mem[X,0x0000000080001CD2] -> 0x0000
[3172] [M]: 0x0000000080001CD0 (0x00000013) addi x0, x0, 0x0                        main+4336

mem[X,0x0000000080001CD4] -> 0x0013
mem[X,0x0000000080001CD6] -> 0x0000
[3173] [M]: 0x0000000080001CD4 (0x00000013) addi x0, x0, 0x0                        main+4340

clint mtime 0x0000000000000633 (mip.MTI <- 0b1, mip.STI <- 0b0)
mem[X,0x0000000080001CD8] -> 0x0013
mem[X,0x0000000080001CDA] -> 0x0000
[3174] [M]: 0x0000000080001CD8 (0x00000013) addi x0, x0, 0x0                        main+4344

mem[X,0x0000000080001CDC] -> 0x0013
mem[X,0x0000000080001CDE] -> 0x0000
[3175] [M]: 0x0000000080001CDC (0x00000013) addi x0, x0, 0x0                        main+4348

clint mtime 0x0000000000000634 (mip.MTI <- 0b1, mip.STI <- 0b0)
mem[X,0x0000000080001CE0] -> 0x6317
mem[X,0x0000000080001CE2] -> 0x0000
[3176] [M]: 0x0000000080001CE0 (0x00006317) auipc x6, 0x6                           main+4352
x6 <- 0x0000000080007CE0

mem[X,0x0000000080001CE4] -> 0x0313
mem[X,0x0000000080001CE6] -> 0x3203
[3177] [M]: 0x0000000080001CE4 (0x32030313) addi x6, x6, 0x320                      main+4356
x6 <- 0x0000000080008000

clint mtime 0x0000000000000635 (mip.MTI <- 0b1, mip.STI <- 0b0)
mem[X,0x0000000080001CE8] -> 0x0001
[3178] [M]: 0x0000000080001CE8 (0x0001) c.nop                                       main+4360

mem[X,0x0000000080001CEA] -> 0x0013
mem[X,0x0000000080001CEC] -> 0x0000
[3179] [M]: 0x0000000080001CEA (0x00000013) addi x0, x0, 0x0                        main+4362

clint mtime 0x0000000000000636 (mip.MTI <- 0b1, mip.STI <- 0b0)
mem[X,0x0000000080001CEE] -> 0x0013
mem[X,0x0000000080001CF0] -> 0x0000
[3180] [M]: 0x0000000080001CEE (0x00000013) addi x0, x0, 0x0                        main+4366

mem[X,0x0000000080001CF2] -> 0x0013
mem[X,0x0000000080001CF4] -> 0x0000
[3181] [M]: 0x0000000080001CF2 (0x00000013) addi x0, x0, 0x0                        main+4370

clint mtime 0x0000000000000637 (mip.MTI <- 0b1, mip.STI <- 0b0)
mem[X,0x0000000080001CF6] -> 0x0013
mem[X,0x0000000080001CF8] -> 0x0000
[3182] [M]: 0x0000000080001CF6 (0x00000013) addi x0, x0, 0x0                        main+4374

mem[X,0x0000000080001CFA] -> 0x0013
mem[X,0x0000000080001CFC] -> 0x0000
[3183] [M]: 0x0000000080001CFA (0x00000013) addi x0, x0, 0x0                        main+4378

clint mtime 0x0000000000000638 (mip.MTI <- 0b1, mip.STI <- 0b0)
mem[X,0x0000000080001CFE] -> 0x0001
[3184] [M]: 0x0000000080001CFE (0x0001) c.nop                                       main+4382

mem[X,0x0000000080001D00] -> 0x0293
mem[X,0x0000000080001D02] -> 0x0000
[3185] [M]: 0x0000000080001D00 (0x00000293) addi x5, x0, 0x0                        main+4384
x5 <- 0x0000000000000000

clint mtime 0x0000000000000639 (mip.MTI <- 0b1, mip.STI <- 0b0)
mem[X,0x0000000080001D04] -> 0x0333
mem[X,0x0000000080001D06] -> 0x0053
[3186] [M]: 0x0000000080001D04 (0x00530333) add x6, x6, x5                          main+4388
x6 <- 0x0000000080008000

mem[X,0x0000000080001D08] -> 0x3023
mem[X,0x0000000080001D0A] -> 0x00A3
[3187] [M]: 0x0000000080001D08 (0x00A33023) sd x10, 0x0(x6)                         main+4392
mem[W,0x0000000080008000] <- 0x0000000020001C01

clint mtime 0x000000000000063A (mip.MTI <- 0b1, mip.STI <- 0b0)
mem[X,0x0000000080001D0C] -> 0x0013
mem[X,0x0000000080001D0E] -> 0x0000
[3188] [M]: 0x0000000080001D0C (0x00000013) addi x0, x0, 0x0                        main+4396

mem[X,0x0000000080001D10] -> 0x0013
mem[X,0x0000000080001D12] -> 0x0000
[3189] [M]: 0x0000000080001D10 (0x00000013) addi x0, x0, 0x0                        main+4400

clint mtime 0x000000000000063B (mip.MTI <- 0b1, mip.STI <- 0b0)
mem[X,0x0000000080001D14] -> 0x0013
mem[X,0x0000000080001D16] -> 0x0000
[3190] [M]: 0x0000000080001D14 (0x00000013) addi x0, x0, 0x0                        main+4404

mem[X,0x0000000080001D18] -> 0x0013
mem[X,0x0000000080001D1A] -> 0x0000
[3191] [M]: 0x0000000080001D18 (0x00000013) addi x0, x0, 0x0                        main+4408

clint mtime 0x000000000000063C (mip.MTI <- 0b1, mip.STI <- 0b0)
mem[X,0x0000000080001D1C] -> 0x0013
mem[X,0x0000000080001D1E] -> 0x0000
[3192] [M]: 0x0000000080001D1C (0x00000013) addi x0, x0, 0x0                        main+4412

mem[X,0x0000000080001D20] -> 0x4517
mem[X,0x0000000080001D22] -> 0x0000
[3193] [M]: 0x0000000080001D20 (0x00004517) auipc x10, 0x4                          main+4416
x10 <- 0x0000000080005D20

clint mtime 0x000000000000063D (mip.MTI <- 0b1, mip.STI <- 0b0)
mem[X,0x0000000080001D24] -> 0x0513
mem[X,0x0000000080001D26] -> 0x2E05
[3194] [M]: 0x0000000080001D24 (0x2E050513) addi x10, x10, 0x2e0                    main+4420
x10 <- 0x0000000080006000

mem[X,0x0000000080001D28] -> 0x0001
[3195] [M]: 0x0000000080001D28 (0x0001) c.nop                                       main+4424

clint mtime 0x000000000000063E (mip.MTI <- 0b1, mip.STI <- 0b0)
mem[X,0x0000000080001D2A] -> 0x0013
mem[X,0x0000000080001D2C] -> 0x0000
[3196] [M]: 0x0000000080001D2A (0x00000013) addi x0, x0, 0x0                        main+4426

mem[X,0x0000000080001D2E] -> 0x0013
mem[X,0x0000000080001D30] -> 0x0000
[3197] [M]: 0x0000000080001D2E (0x00000013) addi x0, x0, 0x0                        main+4430

clint mtime 0x000000000000063F (mip.MTI <- 0b1, mip.STI <- 0b0)
mem[X,0x0000000080001D32] -> 0x0013
mem[X,0x0000000080001D34] -> 0x0000
[3198] [M]: 0x0000000080001D32 (0x00000013) addi x0, x0, 0x0                        main+4434

mem[X,0x0000000080001D36] -> 0x0013
mem[X,0x0000000080001D38] -> 0x0000
[3199] [M]: 0x0000000080001D36 (0x00000013) addi x0, x0, 0x0                        main+4438

clint mtime 0x0000000000000640 (mip.MTI <- 0b1, mip.STI <- 0b0)
mem[X,0x0000000080001D3A] -> 0x0013
mem[X,0x0000000080001D3C] -> 0x0000
[3200] [M]: 0x0000000080001D3A (0x00000013) addi x0, x0, 0x0                        main+4442

mem[X,0x0000000080001D3E] -> 0x0001
[3201] [M]: 0x0000000080001D3E (0x0001) c.nop                                       main+4446

clint mtime 0x0000000000000641 (mip.MTI <- 0b1, mip.STI <- 0b0)
mem[X,0x0000000080001D40] -> 0x0593
mem[X,0x0000000080001D42] -> 0x0010
[3202] [M]: 0x0000000080001D40 (0x00100593) addi x11, x0, 0x1                       main+4448
x11 <- 0x0000000000000001

mem[X,0x0000000080001D44] -> 0x5513
mem[X,0x0000000080001D46] -> 0x00C5
[3203] [M]: 0x0000000080001D44 (0x00C55513) srli x10, x10, 0xc                      main+4452
x10 <- 0x0000000000080006

clint mtime 0x0000000000000642 (mip.MTI <- 0b1, mip.STI <- 0b0)
mem[X,0x0000000080001D48] -> 0x1513
mem[X,0x0000000080001D4A] -> 0x00A5
[3204] [M]: 0x0000000080001D48 (0x00A51513) slli x10, x10, 0xa                      main+4456
x10 <- 0x0000000020001800

mem[X,0x0000000080001D4C] -> 0x6533
mem[X,0x0000000080001D4E] -> 0x00B5
[3205] [M]: 0x0000000080001D4C (0x00B56533) or x10, x10, x11                        main+4460
x10 <- 0x0000000020001801

clint mtime 0x0000000000000643 (mip.MTI <- 0b1, mip.STI <- 0b0)
mem[X,0x0000000080001D50] -> 0x0013
mem[X,0x0000000080001D52] -> 0x0000
[3206] [M]: 0x0000000080001D50 (0x00000013) addi x0, x0, 0x0                        main+4464

mem[X,0x0000000080001D54] -> 0x0013
mem[X,0x0000000080001D56] -> 0x0000
[3207] [M]: 0x0000000080001D54 (0x00000013) addi x0, x0, 0x0                        main+4468

clint mtime 0x0000000000000644 (mip.MTI <- 0b1, mip.STI <- 0b0)
mem[X,0x0000000080001D58] -> 0x0013
mem[X,0x0000000080001D5A] -> 0x0000
[3208] [M]: 0x0000000080001D58 (0x00000013) addi x0, x0, 0x0                        main+4472

mem[X,0x0000000080001D5C] -> 0x0013
mem[X,0x0000000080001D5E] -> 0x0000
[3209] [M]: 0x0000000080001D5C (0x00000013) addi x0, x0, 0x0                        main+4476

clint mtime 0x0000000000000645 (mip.MTI <- 0b1, mip.STI <- 0b0)
mem[X,0x0000000080001D60] -> 0x5317
mem[X,0x0000000080001D62] -> 0x0000
[3210] [M]: 0x0000000080001D60 (0x00005317) auipc x6, 0x5                           main+4480
x6 <- 0x0000000080006D60

mem[X,0x0000000080001D64] -> 0x0313
mem[X,0x0000000080001D66] -> 0x2A03
[3211] [M]: 0x0000000080001D64 (0x2A030313) addi x6, x6, 0x2a0                      main+4484
x6 <- 0x0000000080007000

clint mtime 0x0000000000000646 (mip.MTI <- 0b1, mip.STI <- 0b0)
mem[X,0x0000000080001D68] -> 0x0001
[3212] [M]: 0x0000000080001D68 (0x0001) c.nop                                       main+4488

mem[X,0x0000000080001D6A] -> 0x0013
mem[X,0x0000000080001D6C] -> 0x0000
[3213] [M]: 0x0000000080001D6A (0x00000013) addi x0, x0, 0x0                        main+4490

clint mtime 0x0000000000000647 (mip.MTI <- 0b1, mip.STI <- 0b0)
mem[X,0x0000000080001D6E] -> 0x0013
mem[X,0x0000000080001D70] -> 0x0000
[3214] [M]: 0x0000000080001D6E (0x00000013) addi x0, x0, 0x0                        main+4494

mem[X,0x0000000080001D72] -> 0x0013
mem[X,0x0000000080001D74] -> 0x0000
[3215] [M]: 0x0000000080001D72 (0x00000013) addi x0, x0, 0x0                        main+4498

clint mtime 0x0000000000000648 (mip.MTI <- 0b1, mip.STI <- 0b0)
mem[X,0x0000000080001D76] -> 0x0013
mem[X,0x0000000080001D78] -> 0x0000
[3216] [M]: 0x0000000080001D76 (0x00000013) addi x0, x0, 0x0                        main+4502

mem[X,0x0000000080001D7A] -> 0x0013
mem[X,0x0000000080001D7C] -> 0x0000
[3217] [M]: 0x0000000080001D7A (0x00000013) addi x0, x0, 0x0                        main+4506

clint mtime 0x0000000000000649 (mip.MTI <- 0b1, mip.STI <- 0b0)
mem[X,0x0000000080001D7E] -> 0x0001
[3218] [M]: 0x0000000080001D7E (0x0001) c.nop                                       main+4510

mem[X,0x0000000080001D80] -> 0x0293
mem[X,0x0000000080001D82] -> 0x0000
[3219] [M]: 0x0000000080001D80 (0x00000293) addi x5, x0, 0x0                        main+4512
x5 <- 0x0000000000000000

clint mtime 0x000000000000064A (mip.MTI <- 0b1, mip.STI <- 0b0)
mem[X,0x0000000080001D84] -> 0x0333
mem[X,0x0000000080001D86] -> 0x0053
[3220] [M]: 0x0000000080001D84 (0x00530333) add x6, x6, x5                          main+4516
x6 <- 0x0000000080007000

mem[X,0x0000000080001D88] -> 0x3023
mem[X,0x0000000080001D8A] -> 0x00A3
[3221] [M]: 0x0000000080001D88 (0x00A33023) sd x10, 0x0(x6)                         main+4520
mem[W,0x0000000080007000] <- 0x0000000020001801

clint mtime 0x000000000000064B (mip.MTI <- 0b1, mip.STI <- 0b0)
mem[X,0x0000000080001D8C] -> 0x0013
mem[X,0x0000000080001D8E] -> 0x0000
[3222] [M]: 0x0000000080001D8C (0x00000013) addi x0, x0, 0x0                        main+4524

mem[X,0x0000000080001D90] -> 0x0013
mem[X,0x0000000080001D92] -> 0x0000
[3223] [M]: 0x0000000080001D90 (0x00000013) addi x0, x0, 0x0                        main+4528

clint mtime 0x000000000000064C (mip.MTI <- 0b1, mip.STI <- 0b0)
mem[X,0x0000000080001D94] -> 0x0013
mem[X,0x0000000080001D96] -> 0x0000
[3224] [M]: 0x0000000080001D94 (0x00000013) addi x0, x0, 0x0                        main+4532

mem[X,0x0000000080001D98] -> 0x0013
mem[X,0x0000000080001D9A] -> 0x0000
[3225] [M]: 0x0000000080001D98 (0x00000013) addi x0, x0, 0x0                        main+4536

clint mtime 0x000000000000064D (mip.MTI <- 0b1, mip.STI <- 0b0)
mem[X,0x0000000080001D9C] -> 0x0013
mem[X,0x0000000080001D9E] -> 0x0000
[3226] [M]: 0x0000000080001D9C (0x00000013) addi x0, x0, 0x0                        main+4540

mem[X,0x0000000080001DA0] -> 0xE517
mem[X,0x0000000080001DA2] -> 0xFFFF
[3227] [M]: 0x0000000080001DA0 (0xFFFFE517) auipc x10, -0x2                         main+4544
x10 <- 0x000000007FFFFDA0

clint mtime 0x000000000000064E (mip.MTI <- 0b1, mip.STI <- 0b0)
mem[X,0x0000000080001DA4] -> 0x0513
mem[X,0x0000000080001DA6] -> 0x6605
[3228] [M]: 0x0000000080001DA4 (0x66050513) addi x10, x10, 0x660                    main+4548
x10 <- 0x0000000080000400

mem[X,0x0000000080001DA8] -> 0x0001
[3229] [M]: 0x0000000080001DA8 (0x0001) c.nop                                       main+4552

clint mtime 0x000000000000064F (mip.MTI <- 0b1, mip.STI <- 0b0)
mem[X,0x0000000080001DAA] -> 0x0013
mem[X,0x0000000080001DAC] -> 0x0000
[3230] [M]: 0x0000000080001DAA (0x00000013) addi x0, x0, 0x0                        main+4554

mem[X,0x0000000080001DAE] -> 0x0013
mem[X,0x0000000080001DB0] -> 0x0000
[3231] [M]: 0x0000000080001DAE (0x00000013) addi x0, x0, 0x0                        main+4558

clint mtime 0x0000000000000650 (mip.MTI <- 0b1, mip.STI <- 0b0)
mem[X,0x0000000080001DB2] -> 0x0013
mem[X,0x0000000080001DB4] -> 0x0000
[3232] [M]: 0x0000000080001DB2 (0x00000013) addi x0, x0, 0x0                        main+4562

mem[X,0x0000000080001DB6] -> 0x0013
mem[X,0x0000000080001DB8] -> 0x0000
[3233] [M]: 0x0000000080001DB6 (0x00000013) addi x0, x0, 0x0                        main+4566

clint mtime 0x0000000000000651 (mip.MTI <- 0b1, mip.STI <- 0b0)
mem[X,0x0000000080001DBA] -> 0x0013
mem[X,0x0000000080001DBC] -> 0x0000
[3234] [M]: 0x0000000080001DBA (0x00000013) addi x0, x0, 0x0                        main+4570

mem[X,0x0000000080001DBE] -> 0x0001
[3235] [M]: 0x0000000080001DBE (0x0001) c.nop                                       main+4574

clint mtime 0x0000000000000652 (mip.MTI <- 0b1, mip.STI <- 0b0)
mem[X,0x0000000080001DC0] -> 0x0593
mem[X,0x0000000080001DC2] -> 0x0DF0
[3236] [M]: 0x0000000080001DC0 (0x0DF00593) addi x11, x0, 0xdf                      main+4576
x11 <- 0x00000000000000DF

mem[X,0x0000000080001DC4] -> 0x5513
mem[X,0x0000000080001DC6] -> 0x00C5
[3237] [M]: 0x0000000080001DC4 (0x00C55513) srli x10, x10, 0xc                      main+4580
x10 <- 0x0000000000080000

clint mtime 0x0000000000000653 (mip.MTI <- 0b1, mip.STI <- 0b0)
mem[X,0x0000000080001DC8] -> 0x1513
mem[X,0x0000000080001DCA] -> 0x00A5
[3238] [M]: 0x0000000080001DC8 (0x00A51513) slli x10, x10, 0xa                      main+4584
x10 <- 0x0000000020000000

mem[X,0x0000000080001DCC] -> 0x6533
mem[X,0x0000000080001DCE] -> 0x00B5
[3239] [M]: 0x0000000080001DCC (0x00B56533) or x10, x10, x11                        main+4588
x10 <- 0x00000000200000DF

clint mtime 0x0000000000000654 (mip.MTI <- 0b1, mip.STI <- 0b0)
mem[X,0x0000000080001DD0] -> 0x0013
mem[X,0x0000000080001DD2] -> 0x0000
[3240] [M]: 0x0000000080001DD0 (0x00000013) addi x0, x0, 0x0                        main+4592

mem[X,0x0000000080001DD4] -> 0x0013
mem[X,0x0000000080001DD6] -> 0x0000
[3241] [M]: 0x0000000080001DD4 (0x00000013) addi x0, x0, 0x0                        main+4596

clint mtime 0x0000000000000655 (mip.MTI <- 0b1, mip.STI <- 0b0)
mem[X,0x0000000080001DD8] -> 0x0013
mem[X,0x0000000080001DDA] -> 0x0000
[3242] [M]: 0x0000000080001DD8 (0x00000013) addi x0, x0, 0x0                        main+4600

mem[X,0x0000000080001DDC] -> 0x0013
mem[X,0x0000000080001DDE] -> 0x0000
[3243] [M]: 0x0000000080001DDC (0x00000013) addi x0, x0, 0x0                        main+4604

clint mtime 0x0000000000000656 (mip.MTI <- 0b1, mip.STI <- 0b0)
mem[X,0x0000000080001DE0] -> 0x4317
mem[X,0x0000000080001DE2] -> 0x0000
[3244] [M]: 0x0000000080001DE0 (0x00004317) auipc x6, 0x4                           main+4608
x6 <- 0x0000000080005DE0

mem[X,0x0000000080001DE4] -> 0x0313
mem[X,0x0000000080001DE6] -> 0x2203
[3245] [M]: 0x0000000080001DE4 (0x22030313) addi x6, x6, 0x220                      main+4612
x6 <- 0x0000000080006000

clint mtime 0x0000000000000657 (mip.MTI <- 0b1, mip.STI <- 0b0)
mem[X,0x0000000080001DE8] -> 0x0001
[3246] [M]: 0x0000000080001DE8 (0x0001) c.nop                                       main+4616

mem[X,0x0000000080001DEA] -> 0x0013
mem[X,0x0000000080001DEC] -> 0x0000
[3247] [M]: 0x0000000080001DEA (0x00000013) addi x0, x0, 0x0                        main+4618

clint mtime 0x0000000000000658 (mip.MTI <- 0b1, mip.STI <- 0b0)
mem[X,0x0000000080001DEE] -> 0x0013
mem[X,0x0000000080001DF0] -> 0x0000
[3248] [M]: 0x0000000080001DEE (0x00000013) addi x0, x0, 0x0                        main+4622

mem[X,0x0000000080001DF2] -> 0x0013
mem[X,0x0000000080001DF4] -> 0x0000
[3249] [M]: 0x0000000080001DF2 (0x00000013) addi x0, x0, 0x0                        main+4626

clint mtime 0x0000000000000659 (mip.MTI <- 0b1, mip.STI <- 0b0)
mem[X,0x0000000080001DF6] -> 0x0013
mem[X,0x0000000080001DF8] -> 0x0000
[3250] [M]: 0x0000000080001DF6 (0x00000013) addi x0, x0, 0x0                        main+4630

mem[X,0x0000000080001DFA] -> 0x0013
mem[X,0x0000000080001DFC] -> 0x0000
[3251] [M]: 0x0000000080001DFA (0x00000013) addi x0, x0, 0x0                        main+4634

clint mtime 0x000000000000065A (mip.MTI <- 0b1, mip.STI <- 0b0)
mem[X,0x0000000080001DFE] -> 0x0001
[3252] [M]: 0x0000000080001DFE (0x0001) c.nop                                       main+4638

mem[X,0x0000000080001E00] -> 0x0293
mem[X,0x0000000080001E02] -> 0x0000
[3253] [M]: 0x0000000080001E00 (0x00000293) addi x5, x0, 0x0                        main+4640
x5 <- 0x0000000000000000

clint mtime 0x000000000000065B (mip.MTI <- 0b1, mip.STI <- 0b0)
mem[X,0x0000000080001E04] -> 0x0333
mem[X,0x0000000080001E06] -> 0x0053
[3254] [M]: 0x0000000080001E04 (0x00530333) add x6, x6, x5                          main+4644
x6 <- 0x0000000080006000

mem[X,0x0000000080001E08] -> 0x3023
mem[X,0x0000000080001E0A] -> 0x00A3
[3255] [M]: 0x0000000080001E08 (0x00A33023) sd x10, 0x0(x6)                         main+4648
mem[W,0x0000000080006000] <- 0x00000000200000DF

clint mtime 0x000000000000065C (mip.MTI <- 0b1, mip.STI <- 0b0)
mem[X,0x0000000080001E0C] -> 0x0073
mem[X,0x0000000080001E0E] -> 0x1200
[3256] [M]: 0x0000000080001E0C (0x12000073) sfence.vma x0, x0                       main+4652

mem[X,0x0000000080001E10] -> 0x0493
mem[X,0x0000000080001E12] -> 0x0010
[3257] [M]: 0x0000000080001E10 (0x00100493) addi x9, x0, 0x1                        main+4656
x9 <- 0x0000000000000001

clint mtime 0x000000000000065D (mip.MTI <- 0b1, mip.STI <- 0b0)
mem[X,0x0000000080001E14] -> 0x9493
mem[X,0x0000000080001E16] -> 0x00B4
[3258] [M]: 0x0000000080001E14 (0x00B49493) slli x9, x9, 0xb                        main+4660
x9 <- 0x0000000000000800

mem[X,0x0000000080001E18] -> 0xB073
mem[X,0x0000000080001E1A] -> 0x3004
[3259] [M]: 0x0000000080001E18 (0x3004B073) csrrc x0, mstatus, x9                   main+4664
CSR mstatus (0x300) <- 0x0000000A00000000

clint mtime 0x000000000000065E (mip.MTI <- 0b1, mip.STI <- 0b0)
mem[X,0x0000000080001E1C] -> 0x23F3
mem[X,0x0000000080001E1E] -> 0x3400
[3260] [M]: 0x0000000080001E1C (0x340023F3) csrrs x7, mscratch, x0                  main+4668
CSR mscratch (0x340) -> 0x0000000080005000
x7 <- 0x0000000080005000

mem[X,0x0000000080001E20] -> 0xB303
mem[X,0x0000000080001E22] -> 0x4703
[3261] [M]: 0x0000000080001E20 (0x4703B303) ld x6, 0x470(x7)                        main+4672
mem[R,0x0000000080005470] -> 0x0000030080000B9C
x6 <- 0x0000030080000B9C

clint mtime 0x000000000000065F (mip.MTI <- 0b1, mip.STI <- 0b0)
mem[X,0x0000000080001E24] -> 0xB483
mem[X,0x0000000080001E26] -> 0x1D83
[3262] [M]: 0x0000000080001E24 (0x1D83B483) ld x9, 0x1d8(x7)                        main+4676
mem[R,0x00000000800051D8] -> 0x0000000080000BB4
x9 <- 0x0000000080000BB4

mem[X,0x0000000080001E28] -> 0x0333
mem[X,0x0000000080001E2A] -> 0x4093
[3263] [M]: 0x0000000080001E28 (0x40930333) sub x6, x6, x9                          main+4680
x6 <- 0x000002FFFFFFFFE8

clint mtime 0x0000000000000660 (mip.MTI <- 0b1, mip.STI <- 0b0)
mem[X,0x0000000080001E2C] -> 0x0313
mem[X,0x0000000080001E2E] -> 0x0103
[3264] [M]: 0x0000000080001E2C (0x01030313) addi x6, x6, 0x10                       main+4684
x6 <- 0x000002FFFFFFFFF8

mem[X,0x0000000080001E30] -> 0x0497
mem[X,0x0000000080001E32] -> 0x0000
[3265] [M]: 0x0000000080001E30 (0x00000497) auipc x9, 0x0                           main+4688
x9 <- 0x0000000080001E30

clint mtime 0x0000000000000661 (mip.MTI <- 0b1, mip.STI <- 0b0)
mem[X,0x0000000080001E34] -> 0x84B3
mem[X,0x0000000080001E36] -> 0x0064
[3266] [M]: 0x0000000080001E34 (0x006484B3) add x9, x9, x6                          main+4692
x9 <- 0x0000030080001E28

mem[X,0x0000000080001E38] -> 0x94F3
mem[X,0x0000000080001E3A] -> 0x3414
[3267] [M]: 0x0000000080001E38 (0x341494F3) csrrw x9, mepc, x9                      main+4696
CSR mepc (0x341) <- 0x0000030080001E28
x9 <- 0x0000030080001BFC

clint mtime 0x0000000000000662 (mip.MTI <- 0b1, mip.STI <- 0b0)
mem[X,0x0000000080001E3C] -> 0x0073
mem[X,0x0000000080001E3E] -> 0x3020
[3268] [M]: 0x0000000080001E3C (0x30200073) mret                                    main+4700
CSR mstatus (0x300) <- 0x0000000A00000080
ret-ing from M to U

PTW: Start, vpn=0x30080001, access_type=X, privilege=Umem[R,0x0000000080009030] -> 0x00000000000000DB
PTW: Step, level=3, pte=0xDB, pte_addr=0x80009030
PTW: Success, final_ppn=0x80001, level=3mem[X,0x0000000080001E28] -> 0x0333
PTW: Start, vpn=0x30080001, access_type=X, privilege=Umem[R,0x0000000080009030] -> 0x00000000000000DB
PTW: Step, level=3, pte=0xDB, pte_addr=0x80009030
PTW: Success, final_ppn=0x80001, level=3mem[X,0x0000000080001E2A] -> 0x4093
[3269] [U]: 0x0000030080001E28 (0x40930333) sub x6, x6, x9                          va_rvtest_code_begin+4748
x6 <- 0xFFFFFFFF7FFFE3FC

clint mtime 0x0000000000000663 (mip.MTI <- 0b1, mip.STI <- 0b0)
PTW: Start, vpn=0x30080001, access_type=X, privilege=Umem[R,0x0000000080009030] -> 0x00000000000000DB
PTW: Step, level=3, pte=0xDB, pte_addr=0x80009030
PTW: Success, final_ppn=0x80001, level=3mem[X,0x0000000080001E2C] -> 0x0313
PTW: Start, vpn=0x30080001, access_type=X, privilege=Umem[R,0x0000000080009030] -> 0x00000000000000DB
PTW: Step, level=3, pte=0xDB, pte_addr=0x80009030
PTW: Success, final_ppn=0x80001, level=3mem[X,0x0000000080001E2E] -> 0x0103
[3270] [U]: 0x0000030080001E2C (0x01030313) addi x6, x6, 0x10                       va_rvtest_code_begin+4752
x6 <- 0xFFFFFFFF7FFFE40C

PTW: Start, vpn=0x30080001, access_type=X, privilege=Umem[R,0x0000000080009030] -> 0x00000000000000DB
PTW: Step, level=3, pte=0xDB, pte_addr=0x80009030
PTW: Success, final_ppn=0x80001, level=3mem[X,0x0000000080001E30] -> 0x0497
PTW: Start, vpn=0x30080001, access_type=X, privilege=Umem[R,0x0000000080009030] -> 0x00000000000000DB
PTW: Step, level=3, pte=0xDB, pte_addr=0x80009030
PTW: Success, final_ppn=0x80001, level=3mem[X,0x0000000080001E32] -> 0x0000
[3271] [U]: 0x0000030080001E30 (0x00000497) auipc x9, 0x0                           va_rvtest_code_begin+4756
x9 <- 0x0000030080001E30

clint mtime 0x0000000000000664 (mip.MTI <- 0b1, mip.STI <- 0b0)
PTW: Start, vpn=0x30080001, access_type=X, privilege=Umem[R,0x0000000080009030] -> 0x00000000000000DB
PTW: Step, level=3, pte=0xDB, pte_addr=0x80009030
PTW: Success, final_ppn=0x80001, level=3mem[X,0x0000000080001E34] -> 0x84B3
PTW: Start, vpn=0x30080001, access_type=X, privilege=Umem[R,0x0000000080009030] -> 0x00000000000000DB
PTW: Step, level=3, pte=0xDB, pte_addr=0x80009030
PTW: Success, final_ppn=0x80001, level=3mem[X,0x0000000080001E36] -> 0x0064
[3272] [U]: 0x0000030080001E34 (0x006484B3) add x9, x9, x6                          va_rvtest_code_begin+4760
x9 <- 0x000003000000023C

PTW: Start, vpn=0x30080001, access_type=X, privilege=Umem[R,0x0000000080009030] -> 0x00000000000000DB
PTW: Step, level=3, pte=0xDB, pte_addr=0x80009030
PTW: Success, final_ppn=0x80001, level=3mem[X,0x0000000080001E38] -> 0x94F3
PTW: Start, vpn=0x30080001, access_type=X, privilege=Umem[R,0x0000000080009030] -> 0x00000000000000DB
PTW: Step, level=3, pte=0xDB, pte_addr=0x80009030
PTW: Success, final_ppn=0x80001, level=3mem[X,0x0000000080001E3A] -> 0x3414
[3273] [U]: 0x0000030080001E38 (0x341494F3) csrrw x9, mepc, x9                      va_rvtest_code_begin+4764
trapping from U to M to handle illegal-instruction
handling exc#illegal-instruction at priv M with tval 0x00000000341494F3
CSR mstatus (0x300) <- 0x0000000A00000000
CSR mcause (0x342) <- 0x0000000000000002
CSR mtval (0x343) <- 0x00000000341494F3
CSR mepc (0x341) <- 0x0000030080001E38

clint mtime 0x0000000000000665 (mip.MTI <- 0b1, mip.STI <- 0b0)
mem[X,0x0000000080002800] -> 0x006F
mem[X,0x0000000080002802] -> 0x1000
[3274] [M]: 0x0000000080002800 (0x1000006F) jal x0, 0x100                           Mtrampoline+0

mem[X,0x0000000080002900] -> 0x1173
mem[X,0x0000000080002902] -> 0x3401
[3275] [M]: 0x0000000080002900 (0x34011173) csrrw x2, mscratch, x2                  trap_Mhandler+0
CSR mscratch (0x340) <- 0x0000000000000000
x2 <- 0x0000000080005000

clint mtime 0x0000000000000666 (mip.MTI <- 0b1, mip.STI <- 0b0)
mem[X,0x0000000080002904] -> 0x3423
mem[X,0x0000000080002906] -> 0x28B1
[3276] [M]: 0x0000000080002904 (0x28B13423) sd x11, 0x288(x2)                       trap_Mhandler+4
mem[W,0x0000000080005288] <- 0x00000000000000DF

mem[X,0x0000000080002908] -> 0x05EF
mem[X,0x000000008000290A] -> 0x0B80
[3277] [M]: 0x0000000080002908 (0x0B8005EF) jal x11, 0xb8                           trap_Mhandler+8
x11 <- 0x000000008000290C

clint mtime 0x0000000000000667 (mip.MTI <- 0b1, mip.STI <- 0b0)
mem[X,0x00000000800029C0] -> 0x3023
mem[X,0x00000000800029C2] -> 0x28A1
[3278] [M]: 0x00000000800029C0 (0x28A13023) sd x10, 0x280(x2)                       common_Mhandler+0
mem[W,0x0000000080005280] <- 0x00000000200000DF

mem[X,0x00000000800029C4] -> 0x1573
mem[X,0x00000000800029C6] -> 0x3401
[3279] [M]: 0x00000000800029C4 (0x34011573) csrrw x10, mscratch, x2                 common_Mhandler+4
CSR mscratch (0x340) <- 0x0000000080005000
x10 <- 0x0000000000000000

clint mtime 0x0000000000000668 (mip.MTI <- 0b1, mip.STI <- 0b0)
mem[X,0x00000000800029C8] -> 0x3823
mem[X,0x00000000800029CA] -> 0x28A1
[3280] [M]: 0x00000000800029C8 (0x28A13823) sd x10, 0x290(x2)                       common_Mhandler+8
mem[W,0x0000000080005290] <- 0x0000000000000000

mem[X,0x00000000800029CC] -> 0x3503
mem[X,0x00000000800029CE] -> 0x2301
[3281] [M]: 0x00000000800029CC (0x23013503) ld x10, 0x230(x2)                       common_Mhandler+12
mem[R,0x0000000080005230] -> 0x00000000800029D4
x10 <- 0x00000000800029D4

clint mtime 0x0000000000000669 (mip.MTI <- 0b1, mip.STI <- 0b0)
mem[X,0x00000000800029D0] -> 0x0067
mem[X,0x00000000800029D2] -> 0x0005
[3282] [M]: 0x00000000800029D0 (0x00050067) jalr x0, 0x0(x10)                       common_Mhandler+16

mem[X,0x00000000800029D4] -> 0x3C23
mem[X,0x00000000800029D6] -> 0x2691
[3283] [M]: 0x00000000800029D4 (0x26913C23) sd x9, 0x278(x2)                        common_Mentry+0
mem[W,0x0000000080005278] <- 0x000003000000023C

clint mtime 0x000000000000066A (mip.MTI <- 0b1, mip.STI <- 0b0)
mem[X,0x00000000800029D8] -> 0x3823
mem[X,0x00000000800029DA] -> 0x2681
[3284] [M]: 0x00000000800029D8 (0x26813823) sd x8, 0x270(x2)                        common_Mentry+4
mem[W,0x0000000080005270] <- 0x0000000000007F76

mem[X,0x00000000800029DC] -> 0x3423
mem[X,0x00000000800029DE] -> 0x2671
[3285] [M]: 0x00000000800029DC (0x26713423) sd x7, 0x268(x2)                        common_Mentry+8
mem[W,0x0000000080005268] <- 0x0000000080005000

clint mtime 0x000000000000066B (mip.MTI <- 0b1, mip.STI <- 0b0)
mem[X,0x00000000800029E0] -> 0x3023
mem[X,0x00000000800029E2] -> 0x2661
[3286] [M]: 0x00000000800029E0 (0x26613023) sd x6, 0x260(x2)                        common_Mentry+12
mem[W,0x0000000080005260] <- 0xFFFFFFFF7FFFE40C

mem[X,0x00000000800029E4] -> 0x2573
mem[X,0x00000000800029E6] -> 0x3420
[3287] [M]: 0x00000000800029E4 (0x34202573) csrrs x10, mcause, x0                   spcl_M2mmode_test+0
CSR mcause (0x342) -> 0x0000000000000002
x10 <- 0x0000000000000002

clint mtime 0x000000000000066C (mip.MTI <- 0b1, mip.STI <- 0b0)
mem[X,0x00000000800029E8] -> 0x04B7
mem[X,0x00000000800029EA] -> 0x8000
[3288] [M]: 0x00000000800029E8 (0x800004B7) lui x9, -0x80000                        spcl_M2mmode_test+4
x9 <- 0xFFFFFFFF80000000

mem[X,0x00000000800029EC] -> 0x8493
mem[X,0x00000000800029EE] -> 0x0004
[3289] [M]: 0x00000000800029EC (0x00048493) addi x9, x9, 0x0                        spcl_M2mmode_test+8
x9 <- 0xFFFFFFFF80000000

clint mtime 0x000000000000066D (mip.MTI <- 0b1, mip.STI <- 0b0)
mem[X,0x00000000800029F0] -> 0x9493
mem[X,0x00000000800029F2] -> 0x00B4
[3290] [M]: 0x00000000800029F0 (0x00B49493) slli x9, x9, 0xb                        spcl_M2mmode_test+12
x9 <- 0xFFFFFC0000000000

mem[X,0x00000000800029F4] -> 0x8493
mem[X,0x00000000800029F6] -> 0x0004
[3291] [M]: 0x00000000800029F4 (0x00048493) addi x9, x9, 0x0                        spcl_M2mmode_test+16
x9 <- 0xFFFFFC0000000000

clint mtime 0x000000000000066E (mip.MTI <- 0b1, mip.STI <- 0b0)
mem[X,0x00000000800029F8] -> 0x9493
mem[X,0x00000000800029FA] -> 0x00B4
[3292] [M]: 0x00000000800029F8 (0x00B49493) slli x9, x9, 0xb                        spcl_M2mmode_test+20
x9 <- 0xFFE0000000000000

mem[X,0x00000000800029FC] -> 0x8493
mem[X,0x00000000800029FE] -> 0x0034
[3293] [M]: 0x00000000800029FC (0x00348493) addi x9, x9, 0x3                        spcl_M2mmode_test+24
x9 <- 0xFFE0000000000003

clint mtime 0x000000000000066F (mip.MTI <- 0b1, mip.STI <- 0b0)
mem[X,0x0000000080002A00] -> 0x9493
mem[X,0x0000000080002A02] -> 0x00A4
[3294] [M]: 0x0000000080002A00 (0x00A49493) slli x9, x9, 0xa                        spcl_M2mmode_test+28
x9 <- 0x8000000000000C00

mem[X,0x0000000080002A04] -> 0x8493
mem[X,0x0000000080002A06] -> 0x3FC4
[3295] [M]: 0x0000000080002A04 (0x3FC48493) addi x9, x9, 0x3fc                      spcl_M2mmode_test+32
x9 <- 0x8000000000000FFC

clint mtime 0x0000000000000670 (mip.MTI <- 0b1, mip.STI <- 0b0)
mem[X,0x0000000080002A08] -> 0xF4B3
mem[X,0x0000000080002A0A] -> 0x00A4
[3296] [M]: 0x0000000080002A08 (0x00A4F4B3) and x9, x9, x10                         spcl_M2mmode_test+36
x9 <- 0x0000000000000000

mem[X,0x0000000080002A0C] -> 0x8493
mem[X,0x0000000080002A0E] -> 0xFF84
[3297] [M]: 0x0000000080002A0C (0xFF848493) addi x9, x9, -0x8                       spcl_M2mmode_test+40
x9 <- 0xFFFFFFFFFFFFFFF8

clint mtime 0x0000000000000671 (mip.MTI <- 0b1, mip.STI <- 0b0)
mem[X,0x0000000080002A10] -> 0x9663
mem[X,0x0000000080002A12] -> 0x0004
[3298] [M]: 0x0000000080002A10 (0x00049663) bne x9, x0, 0xc                         spcl_M2mmode_test+44

mem[X,0x0000000080002A1C] -> 0x0393
mem[X,0x0000000080002A1E] -> 0x0200
[3299] [M]: 0x0000000080002A1C (0x02000393) addi x7, x0, 0x20                       Mtrapsig_ptr_upd+0
x7 <- 0x0000000000000020

clint mtime 0x0000000000000672 (mip.MTI <- 0b1, mip.STI <- 0b0)
mem[X,0x0000000080002A20] -> 0x5263
mem[X,0x0000000080002A22] -> 0x0405
[3300] [M]: 0x0000000080002A20 (0x04055263) bge x10, x0, 0x44                       Mtrapsig_ptr_upd+4

mem[X,0x0000000080002A64] -> 0x2373
mem[X,0x0000000080002A66] -> 0x3010
[3301] [M]: 0x0000000080002A64 (0x30102373) csrrs x6, misa, x0                      Mxcpt_sig_sv+0
CSR misa (0x301) -> 0x800000000034112F
x6 <- 0x800000000034112F

clint mtime 0x0000000000000673 (mip.MTI <- 0b1, mip.STI <- 0b0)
mem[X,0x0000000080002A68] -> 0x1313
mem[X,0x0000000080002A6A] -> 0x0383
[3302] [M]: 0x0000000080002A68 (0x03831313) slli x6, x6, 0x38                       Mxcpt_sig_sv+4
x6 <- 0x2F00000000000000

mem[X,0x0000000080002A6C] -> 0x5463
mem[X,0x0000000080002A6E] -> 0x0003
[3303] [M]: 0x0000000080002A6C (0x00035463) bge x6, x0, 0x8                         Mxcpt_sig_sv+8

clint mtime 0x0000000000000674 (mip.MTI <- 0b1, mip.STI <- 0b0)
mem[X,0x0000000080002A74] -> 0x3303
mem[X,0x0000000080002A76] -> 0x2181
[3304] [M]: 0x0000000080002A74 (0x21813303) ld x6, 0x218(x2)                        Mtrap_sig_sv+0
mem[R,0x0000000080005218] -> 0x000000008000A4D8
x6 <- 0x000000008000A4D8

mem[X,0x0000000080002A78] -> 0x04B3
mem[X,0x0000000080002A7A] -> 0x0073
[3305] [M]: 0x0000000080002A78 (0x007304B3) add x9, x6, x7                          Mtrap_sig_sv+4
x9 <- 0x000000008000A4F8

clint mtime 0x0000000000000675 (mip.MTI <- 0b1, mip.STI <- 0b0)
mem[X,0x0000000080002A7C] -> 0x3C23
mem[X,0x0000000080002A7E] -> 0x2091
[3306] [M]: 0x0000000080002A7C (0x20913C23) sd x9, 0x218(x2)                        Mtrap_sig_sv+8
mem[W,0x0000000080005218] <- 0x000000008000A4F8

mem[X,0x0000000080002A80] -> 0x3403
mem[X,0x0000000080002A82] -> 0x1F81
[3307] [M]: 0x0000000080002A80 (0x1F813403) ld x8, 0x1f8(x2)                        Mtrap_sig_sv+12
mem[R,0x00000000800051F8] -> 0x000000008000A110
x8 <- 0x000000008000A110

clint mtime 0x0000000000000676 (mip.MTI <- 0b1, mip.STI <- 0b0)
mem[X,0x0000000080002A84] -> 0x0333
mem[X,0x0000000080002A86] -> 0x4083
[3308] [M]: 0x0000000080002A84 (0x40830333) sub x6, x6, x8                          Mtrap_sig_sv+16
x6 <- 0x00000000000003C8

mem[X,0x0000000080002A88] -> 0x3403
mem[X,0x0000000080002A8A] -> 0x1F81
[3309] [M]: 0x0000000080002A88 (0x1F813403) ld x8, 0x1f8(x2)                        Mtrap_sig_sv+20
mem[R,0x00000000800051F8] -> 0x000000008000A110
x8 <- 0x000000008000A110

clint mtime 0x0000000000000677 (mip.MTI <- 0b1, mip.STI <- 0b0)
mem[X,0x0000000080002A8C] -> 0x0333
mem[X,0x0000000080002A8E] -> 0x0083
[3310] [M]: 0x0000000080002A8C (0x00830333) add x6, x6, x8                          Mtrap_sig_sv+24
x6 <- 0x000000008000A4D8

mem[X,0x0000000080002A90] -> 0x3403
mem[X,0x0000000080002A92] -> 0x2401
[3311] [M]: 0x0000000080002A90 (0x24013403) ld x8, 0x240(x2)                        Mtrap_sig_sv+28
mem[R,0x0000000080005240] -> 0x0000000080002800
x8 <- 0x0000000080002800

clint mtime 0x0000000000000678 (mip.MTI <- 0b1, mip.STI <- 0b0)
mem[X,0x0000000080002A94] -> 0x85B3
mem[X,0x0000000080002A96] -> 0x4085
[3312] [M]: 0x0000000080002A94 (0x408585B3) sub x11, x11, x8                        sv_Mvect+0
x11 <- 0x000000000000010C

mem[X,0x0000000080002A98] -> 0x9593
mem[X,0x0000000080002A9A] -> 0x0045
[3313] [M]: 0x0000000080002A98 (0x00459593) slli x11, x11, 0x4                      sv_Mvect+4
x11 <- 0x00000000000010C0

clint mtime 0x0000000000000679 (mip.MTI <- 0b1, mip.STI <- 0b0)
mem[X,0x0000000080002A9C] -> 0xE5B3
mem[X,0x0000000080002A9E] -> 0x0075
[3314] [M]: 0x0000000080002A9C (0x0075E5B3) or x11, x11, x7                         sv_Mvect+8
x11 <- 0x00000000000010E0

mem[X,0x0000000080002AA0] -> 0x8593
mem[X,0x0000000080002AA2] -> 0x0035
[3315] [M]: 0x0000000080002AA0 (0x00358593) addi x11, x11, 0x3                      sv_Mvect+12
x11 <- 0x00000000000010E3

clint mtime 0x000000000000067A (mip.MTI <- 0b1, mip.STI <- 0b0)
mem[X,0x0000000080002AA4] -> 0x3023
mem[X,0x0000000080002AA6] -> 0x00B3
[3316] [M]: 0x0000000080002AA4 (0x00B33023) sd x11, 0x0(x6)                         sv_Mvect+16
mem[W,0x000000008000A4D8] <- 0x00000000000010E3

mem[X,0x0000000080002AA8] -> 0x3423
mem[X,0x0000000080002AAA] -> 0x00A3
[3317] [M]: 0x0000000080002AA8 (0x00A33423) sd x10, 0x8(x6)                         sv_Mcause+0
mem[W,0x000000008000A4E0] <- 0x0000000000000002

clint mtime 0x000000000000067B (mip.MTI <- 0b1, mip.STI <- 0b0)
mem[X,0x0000000080002AAC] -> 0x4663
mem[X,0x0000000080002AAE] -> 0x1A05
[3318] [M]: 0x0000000080002AAC (0x1A054663) blt x10, x0, 0x1ac                      sv_Mcause+4

mem[X,0x0000000080002AB0] -> 0x25F3
mem[X,0x0000000080002AB2] -> 0x3000
[3319] [M]: 0x0000000080002AB0 (0x300025F3) csrrs x11, mstatus, x0                  common_Mexcpt_handler+0
CSR mstatus (0x300) -> 0x0000000A00000000
x11 <- 0x0000000A00000000

clint mtime 0x000000000000067C (mip.MTI <- 0b1, mip.STI <- 0b0)
mem[X,0x0000000080002AB4] -> 0x9413
mem[X,0x0000000080002AB6] -> 0x02E5
[3320] [M]: 0x0000000080002AB4 (0x02E59413) slli x8, x11, 0x2e                      common_Mexcpt_handler+4
x8 <- 0x0000000000000000

mem[X,0x0000000080002AB8] -> 0x5463
mem[X,0x0000000080002ABA] -> 0x0004
[3321] [M]: 0x0000000080002AB8 (0x00045463) bge x8, x0, 0x8                         common_Mexcpt_handler+8

clint mtime 0x000000000000067D (mip.MTI <- 0b1, mip.STI <- 0b0)
mem[X,0x0000000080002AC0] -> 0xD493
mem[X,0x0000000080002AC2] -> 0x00B5
[3322] [M]: 0x0000000080002AC0 (0x00B5D493) srli x9, x11, 0xb                       common_Mexcpt_handler+16
x9 <- 0x0000000001400000

mem[X,0x0000000080002AC4] -> 0xF493
mem[X,0x0000000080002AC6] -> 0x0034
[3323] [M]: 0x0000000080002AC4 (0x0034F493) andi x9, x9, 0x3                        common_Mexcpt_handler+20
x9 <- 0x0000000000000000

clint mtime 0x000000000000067E (mip.MTI <- 0b1, mip.STI <- 0b0)
mem[X,0x0000000080002AC8] -> 0x8493
mem[X,0x0000000080002ACA] -> 0x0014
[3324] [M]: 0x0000000080002AC8 (0x00148493) addi x9, x9, 0x1                        common_Mexcpt_handler+24
x9 <- 0x0000000000000001

mem[X,0x0000000080002ACC] -> 0xF493
mem[X,0x0000000080002ACE] -> 0x0044
[3325] [M]: 0x0000000080002ACC (0x0044F493) andi x9, x9, 0x4                        common_Mexcpt_handler+28
x9 <- 0x0000000000000000

clint mtime 0x000000000000067F (mip.MTI <- 0b1, mip.STI <- 0b0)
mem[X,0x0000000080002AD0] -> 0x0593
mem[X,0x0000000080002AD2] -> 0x05D0
[3326] [M]: 0x0000000080002AD0 (0x05D00593) addi x11, x0, 0x5d                      common_Mexcpt_handler+32
x11 <- 0x000000000000005D

mem[X,0x0000000080002AD4] -> 0xD5B3
mem[X,0x0000000080002AD6] -> 0x0095
[3327] [M]: 0x0000000080002AD4 (0x0095D5B3) srl x11, x11, x9                        common_Mexcpt_handler+36
x11 <- 0x000000000000005D

clint mtime 0x0000000000000680 (mip.MTI <- 0b1, mip.STI <- 0b0)
mem[X,0x0000000080002AD8] -> 0xF593
mem[X,0x0000000080002ADA] -> 0x0015
[3328] [M]: 0x0000000080002AD8 (0x0015F593) andi x11, x11, 0x1                      common_Mexcpt_handler+40
x11 <- 0x0000000000000001

mem[X,0x0000000080002ADC] -> 0x8EE3
mem[X,0x0000000080002ADE] -> 0xF405
[3329] [M]: 0x0000000080002ADC (0xF4058EE3) beq x11, x0, -0xa4                      common_Mexcpt_handler+44

clint mtime 0x0000000000000681 (mip.MTI <- 0b1, mip.STI <- 0b0)
mem[X,0x0000000080002AE0] -> 0x0593
mem[X,0x0000000080002AE2] -> 0x2980
[3330] [M]: 0x0000000080002AE0 (0x29800593) addi x11, x0, 0x298                     common_Mexcpt_handler+48
x11 <- 0x0000000000000298

mem[X,0x0000000080002AE4] -> 0xF413
mem[X,0x0000000080002AE6] -> 0x0014
[3331] [M]: 0x0000000080002AE4 (0x0014F413) andi x8, x9, 0x1                        common_Mexcpt_handler+52
x8 <- 0x0000000000000000

clint mtime 0x0000000000000682 (mip.MTI <- 0b1, mip.STI <- 0b0)
mem[X,0x0000000080002AE8] -> 0x95B3
mem[X,0x0000000080002AEA] -> 0x0085
[3332] [M]: 0x0000000080002AE8 (0x008595B3) sll x11, x11, x8                        common_Mexcpt_handler+56
x11 <- 0x0000000000000298

mem[X,0x0000000080002AEC] -> 0x9413
mem[X,0x0000000080002AEE] -> 0x03D4
[3333] [M]: 0x0000000080002AEC (0x03D49413) slli x8, x9, 0x3d                       common_Mexcpt_handler+60
x8 <- 0x0000000000000000

clint mtime 0x0000000000000683 (mip.MTI <- 0b1, mip.STI <- 0b0)
mem[X,0x0000000080002AF0] -> 0x5413
mem[X,0x0000000080002AF2] -> 0x43F4
[3334] [M]: 0x0000000080002AF0 (0x43F45413) srai x8, x8, 0x3f                       common_Mexcpt_handler+64
x8 <- 0x0000000000000000

mem[X,0x0000000080002AF4] -> 0x4413
mem[X,0x0000000080002AF6] -> 0xFFF4
[3335] [M]: 0x0000000080002AF4 (0xFFF44413) xori x8, x8, -0x1                       common_Mexcpt_handler+68
x8 <- 0xFFFFFFFFFFFFFFFF

clint mtime 0x0000000000000684 (mip.MTI <- 0b1, mip.STI <- 0b0)
mem[X,0x0000000080002AF8] -> 0xF4B3
mem[X,0x0000000080002AFA] -> 0x0085
[3336] [M]: 0x0000000080002AF8 (0x0085F4B3) and x9, x11, x8                         common_Mexcpt_handler+72
x9 <- 0x0000000000000298

mem[X,0x0000000080002AFC] -> 0x84B3
mem[X,0x0000000080002AFE] -> 0x0024
[3337] [M]: 0x0000000080002AFC (0x002484B3) add x9, x9, x2                          vmem_adj_Mepc+0
x9 <- 0x0000000080005298

clint mtime 0x0000000000000685 (mip.MTI <- 0b1, mip.STI <- 0b0)
mem[X,0x0000000080002B00] -> 0x23F3
mem[X,0x0000000080002B02] -> 0x3410
[3338] [M]: 0x0000000080002B00 (0x341023F3) csrrs x7, mepc, x0                      vmem_adj_Mepc+4
CSR mepc (0x341) -> 0x0000030080001E38
x7 <- 0x0000030080001E38

mem[X,0x0000000080002B04] -> 0x0413
mem[X,0x0000000080002B06] -> 0x0004
[3339] [M]: 0x0000000080002B04 (0x00040413) addi x8, x8, 0x0                        vmem_adj_Mepc+8
x8 <- 0xFFFFFFFFFFFFFFFF

clint mtime 0x0000000000000686 (mip.MTI <- 0b1, mip.STI <- 0b0)
mem[X,0x0000000080002B08] -> 0x006F
mem[X,0x0000000080002B0A] -> 0x0400
[3340] [M]: 0x0000000080002B08 (0x0400006F) jal x0, 0x40                            vmem_adj_Mepc+12

mem[X,0x0000000080002B48] -> 0x8433
mem[X,0x0000000080002B4A] -> 0x4083
[3341] [M]: 0x0000000080002B48 (0x40838433) sub x8, x7, x8                          adj_Mepc+0
x8 <- 0x0000030080001E39

clint mtime 0x0000000000000687 (mip.MTI <- 0b1, mip.STI <- 0b0)
mem[X,0x0000000080002B4C] -> 0x3823
mem[X,0x0000000080002B4E] -> 0x0083
[3342] [M]: 0x0000000080002B4C (0x00833823) sd x8, 0x10(x6)                         sv_Mepc+0
mem[W,0x000000008000A4E8] <- 0x0000030080001E39

mem[X,0x0000000080002B50] -> 0x55B7
mem[X,0x0000000080002B52] -> 0x0000
[3343] [M]: 0x0000000080002B50 (0x000055B7) lui x11, 0x5                            sv_Mepc+4
x11 <- 0x0000000000005000

clint mtime 0x0000000000000688 (mip.MTI <- 0b1, mip.STI <- 0b0)
mem[X,0x0000000080002B54] -> 0x8593
mem[X,0x0000000080002B56] -> 0x6675
[3344] [M]: 0x0000000080002B54 (0x66758593) addi x11, x11, 0x667                    sv_Mepc+8
x11 <- 0x0000000000005667

mem[X,0x0000000080002B58] -> 0x9593
mem[X,0x0000000080002B5A] -> 0x0015
[3345] [M]: 0x0000000080002B58 (0x00159593) slli x11, x11, 0x1                      sv_Mepc+12
x11 <- 0x000000000000ACCE

clint mtime 0x0000000000000689 (mip.MTI <- 0b1, mip.STI <- 0b0)
mem[X,0x0000000080002B5C] -> 0x9063
mem[X,0x0000000080002B5E] -> 0x02B1
[3346] [M]: 0x0000000080002B5C (0x02B19063) bne x3, x11, 0x20                       sv_Mepc+16

mem[X,0x0000000080002B60] -> 0x2473
mem[X,0x0000000080002B62] -> 0x3420
[3347] [M]: 0x0000000080002B60 (0x34202473) csrrs x8, mcause, x0                    sv_Mepc+20
CSR mcause (0x342) -> 0x0000000000000002
x8 <- 0x0000000000000002

clint mtime 0x000000000000068A (mip.MTI <- 0b1, mip.STI <- 0b0)
mem[X,0x0000000080002B64] -> 0x0593
mem[X,0x0000000080002B66] -> 0x00C0
[3348] [M]: 0x0000000080002B64 (0x00C00593) addi x11, x0, 0xc                       sv_Mepc+24
x11 <- 0x000000000000000C

mem[X,0x0000000080002B68] -> 0x0663
mem[X,0x0000000080002B6A] -> 0x00B4
[3349] [M]: 0x0000000080002B68 (0x00B40663) beq x8, x11, 0xc                        sv_Mepc+28

clint mtime 0x000000000000068B (mip.MTI <- 0b1, mip.STI <- 0b0)
mem[X,0x0000000080002B6C] -> 0x0593
mem[X,0x0000000080002B6E] -> 0x0010
[3350] [M]: 0x0000000080002B6C (0x00100593) addi x11, x0, 0x1                       sv_Mepc+32
x11 <- 0x0000000000000001

mem[X,0x0000000080002B70] -> 0x1663
mem[X,0x0000000080002B72] -> 0x00B4
[3351] [M]: 0x0000000080002B70 (0x00B41663) bne x8, x11, 0xc                        sv_Mepc+36

clint mtime 0x000000000000068C (mip.MTI <- 0b1, mip.STI <- 0b0)
mem[X,0x0000000080002B7C] -> 0xF593
mem[X,0x0000000080002B7E] -> 0xFFC3
[3352] [M]: 0x0000000080002B7C (0xFFC3F593) andi x11, x7, -0x4                      adj_Mepc_rtn+0
x11 <- 0x0000030080001E38

mem[X,0x0000000080002B80] -> 0x8593
mem[X,0x0000000080002B82] -> 0x0085
[3353] [M]: 0x0000000080002B80 (0x00858593) addi x11, x11, 0x8                      adj_Mepc_rtn+4
x11 <- 0x0000030080001E40

clint mtime 0x000000000000068D (mip.MTI <- 0b1, mip.STI <- 0b0)
mem[X,0x0000000080002B84] -> 0x9073
mem[X,0x0000000080002B86] -> 0x3415
[3354] [M]: 0x0000000080002B84 (0x34159073) csrrw x0, mepc, x11                     adj_Mepc_rtn+8
CSR mepc (0x341) <- 0x0000030080001E40

mem[X,0x0000000080002B88] -> 0x23F3
mem[X,0x0000000080002B8A] -> 0x3430
[3355] [M]: 0x0000000080002B88 (0x343023F3) csrrs x7, mtval, x0                     skp_adj_Mepc+0
CSR mtval (0x343) -> 0x00000000341494F3
x7 <- 0x00000000341494F3

clint mtime 0x000000000000068E (mip.MTI <- 0b1, mip.STI <- 0b0)
mem[X,0x0000000080002B8C] -> 0x0413
mem[X,0x0000000080002B8E] -> 0x0004
[3356] [M]: 0x0000000080002B8C (0x00040413) addi x8, x8, 0x0                        skp_adj_Mepc+4
x8 <- 0x0000000000000002

mem[X,0x0000000080002B90] -> 0x006F
mem[X,0x0000000080002B92] -> 0x0840
[3357] [M]: 0x0000000080002B90 (0x0840006F) jal x0, 0x84                            skp_adj_Mepc+8

clint mtime 0x000000000000068F (mip.MTI <- 0b1, mip.STI <- 0b0)
mem[X,0x0000000080002C14] -> 0x8433
mem[X,0x0000000080002C16] -> 0x4083
[3358] [M]: 0x0000000080002C14 (0x40838433) sub x8, x7, x8                          adj_Mtval+0
x8 <- 0x00000000341494F1

mem[X,0x0000000080002C18] -> 0x3C23
mem[X,0x0000000080002C1A] -> 0x0083
[3359] [M]: 0x0000000080002C18 (0x00833C23) sd x8, 0x18(x6)                         sv_Mtval+0
mem[W,0x000000008000A4F0] <- 0x00000000341494F1

clint mtime 0x0000000000000690 (mip.MTI <- 0b1, mip.STI <- 0b0)
mem[X,0x0000000080002C1C] -> 0x3483
mem[X,0x0000000080002C1E] -> 0x2181
[3360] [M]: 0x0000000080002C1C (0x21813483) ld x9, 0x218(x2)                        skp_Mtval+0
mem[R,0x0000000080005218] -> 0x000000008000A4F8
x9 <- 0x000000008000A4F8

mem[X,0x0000000080002C20] -> 0x3383
mem[X,0x0000000080002C22] -> 0x1F81
[3361] [M]: 0x0000000080002C20 (0x1F813383) ld x7, 0x1f8(x2)                        skp_Mtval+4
mem[R,0x00000000800051F8] -> 0x000000008000A110
x7 <- 0x000000008000A110

clint mtime 0x0000000000000691 (mip.MTI <- 0b1, mip.STI <- 0b0)
mem[X,0x0000000080002C24] -> 0x3303
mem[X,0x0000000080002C26] -> 0x2001
[3362] [M]: 0x0000000080002C24 (0x20013303) ld x6, 0x200(x2)                        skp_Mtval+8
mem[R,0x0000000080005200] -> 0x0000000000000410
x6 <- 0x0000000000000410

mem[X,0x0000000080002C28] -> 0x0333
mem[X,0x0000000080002C2A] -> 0x0073
[3363] [M]: 0x0000000080002C28 (0x00730333) add x6, x6, x7                          skp_Mtval+12
x6 <- 0x000000008000A520

clint mtime 0x0000000000000692 (mip.MTI <- 0b1, mip.STI <- 0b0)
mem[X,0x0000000080002C2C] -> 0x6AE3
mem[X,0x0000000080002C2E] -> 0xAC93
[3364] [M]: 0x0000000080002C2C (0xAC936AE3) bltu x6, x9, -0x52c                     skp_Mtval+16

mem[X,0x0000000080002C30] -> 0x0393
mem[X,0x0000000080002C32] -> 0x2000
[3365] [M]: 0x0000000080002C30 (0x20000393) addi x7, x0, 0x200                      skp_Mtval+20
x7 <- 0x0000000000000200

clint mtime 0x0000000000000693 (mip.MTI <- 0b1, mip.STI <- 0b0)
mem[X,0x0000000080002C34] -> 0x006F
mem[X,0x0000000080002C36] -> 0x0400
[3366] [M]: 0x0000000080002C34 (0x0400006F) jal x0, 0x40                            skp_Mtval+24

mem[X,0x0000000080002C74] -> 0x0417
mem[X,0x0000000080002C76] -> 0x0000
[3367] [M]: 0x0000000080002C74 (0x00000417) auipc x8, 0x0                           spcl_Mhandler+0
x8 <- 0x0000000080002C74

clint mtime 0x0000000000000694 (mip.MTI <- 0b1, mip.STI <- 0b0)
mem[X,0x0000000080002C78] -> 0x0413
mem[X,0x0000000080002C7A] -> 0x03C4
[3368] [M]: 0x0000000080002C78 (0x03C40413) addi x8, x8, 0x3c                       spcl_Mhandler+4
x8 <- 0x0000000080002CB0

mem[X,0x0000000080002C7C] -> 0x0433
mem[X,0x0000000080002C7E] -> 0x0074
[3369] [M]: 0x0000000080002C7C (0x00740433) add x8, x8, x7                          spcl_Mhandler+8
x8 <- 0x0000000080002EB0

clint mtime 0x0000000000000695 (mip.MTI <- 0b1, mip.STI <- 0b0)
mem[X,0x0000000080002C80] -> 0x1393
mem[X,0x0000000080002C82] -> 0x0035
[3370] [M]: 0x0000000080002C80 (0x00351393) slli x7, x10, 0x3                       spcl_Mhandler+12
x7 <- 0x0000000000000010

mem[X,0x0000000080002C84] -> 0x0433
mem[X,0x0000000080002C86] -> 0x0074
[3371] [M]: 0x0000000080002C84 (0x00740433) add x8, x8, x7                          spcl_Mhandler+16
x8 <- 0x0000000080002EC0

clint mtime 0x0000000000000696 (mip.MTI <- 0b1, mip.STI <- 0b0)
mem[X,0x0000000080002C88] -> 0x7413
mem[X,0x0000000080002C8A] -> 0xFF84
[3372] [M]: 0x0000000080002C88 (0xFF847413) andi x8, x8, -0x8                       spcl_Mhandler+20
x8 <- 0x0000000080002EC0

mem[X,0x0000000080002C8C] -> 0x3403
mem[X,0x0000000080002C8E] -> 0x0004
[3373] [M]: 0x0000000080002C8C (0x00043403) ld x8, 0x0(x8)                          spcl_Mhandler+24
mem[R,0x0000000080002EC0] -> 0x0000000000000005
x8 <- 0x0000000000000005

clint mtime 0x0000000000000697 (mip.MTI <- 0b1, mip.STI <- 0b0)
mem[X,0x0000000080002C90] -> 0x02E3
mem[X,0x0000000080002C92] -> 0xB004
[3374] [M]: 0x0000000080002C90 (0xB00402E3) beq x8, x0, -0x4fc                      spcl_Mdispatch_hndling+0

mem[X,0x0000000080002C94] -> 0x1393
mem[X,0x0000000080002C96] -> 0x03F4
[3375] [M]: 0x0000000080002C94 (0x03F41393) slli x7, x8, 0x3f                       spcl_Mdispatch_hndling+4
x7 <- 0x8000000000000000

clint mtime 0x0000000000000698 (mip.MTI <- 0b1, mip.STI <- 0b0)
mem[X,0x0000000080002C98] -> 0xD863
mem[X,0x0000000080002C9A] -> 0x0003
[3376] [M]: 0x0000000080002C98 (0x0003D863) bge x7, x0, 0x10                        spcl_Mdispatch_hndling+8

mem[X,0x0000000080002C9C] -> 0x5413
mem[X,0x0000000080002C9E] -> 0x0014
[3377] [M]: 0x0000000080002C9C (0x00145413) srli x8, x8, 0x1                        spcl_Mdispatch_hndling+12
x8 <- 0x0000000000000002

clint mtime 0x0000000000000699 (mip.MTI <- 0b1, mip.STI <- 0b0)
mem[X,0x0000000080002CA0] -> 0x0CE3
mem[X,0x0000000080002CA2] -> 0xF885
[3378] [M]: 0x0000000080002CA0 (0xF8850CE3) beq x10, x8, -0x68                      spcl_Mdispatch_hndling+16

mem[X,0x0000000080002C38] -> 0x3303
mem[X,0x0000000080002C3A] -> 0x2601
[3379] [M]: 0x0000000080002C38 (0x26013303) ld x6, 0x260(x2)                        resto_Mrtn+0
mem[R,0x0000000080005260] -> 0xFFFFFFFF7FFFE40C
x6 <- 0xFFFFFFFF7FFFE40C

clint mtime 0x000000000000069A (mip.MTI <- 0b1, mip.STI <- 0b0)
mem[X,0x0000000080002C3C] -> 0x3383
mem[X,0x0000000080002C3E] -> 0x2681
[3380] [M]: 0x0000000080002C3C (0x26813383) ld x7, 0x268(x2)                        resto_Mrtn+4
mem[R,0x0000000080005268] -> 0x0000000080005000
x7 <- 0x0000000080005000

mem[X,0x0000000080002C40] -> 0x3403
mem[X,0x0000000080002C42] -> 0x2701
[3381] [M]: 0x0000000080002C40 (0x27013403) ld x8, 0x270(x2)                        resto_Mrtn+8
mem[R,0x0000000080005270] -> 0x0000000000007F76
x8 <- 0x0000000000007F76

clint mtime 0x000000000000069B (mip.MTI <- 0b1, mip.STI <- 0b0)
mem[X,0x0000000080002C44] -> 0x3483
mem[X,0x0000000080002C46] -> 0x2781
[3382] [M]: 0x0000000080002C44 (0x27813483) ld x9, 0x278(x2)                        resto_Mrtn+12
mem[R,0x0000000080005278] -> 0x000003000000023C
x9 <- 0x000003000000023C

mem[X,0x0000000080002C48] -> 0x3503
mem[X,0x0000000080002C4A] -> 0x2801
[3383] [M]: 0x0000000080002C48 (0x28013503) ld x10, 0x280(x2)                       resto_Mrtn+16
mem[R,0x0000000080005280] -> 0x00000000200000DF
x10 <- 0x00000000200000DF

clint mtime 0x000000000000069C (mip.MTI <- 0b1, mip.STI <- 0b0)
mem[X,0x0000000080002C4C] -> 0x3583
mem[X,0x0000000080002C4E] -> 0x2881
[3384] [M]: 0x0000000080002C4C (0x28813583) ld x11, 0x288(x2)                       resto_Mrtn+20
mem[R,0x0000000080005288] -> 0x00000000000000DF
x11 <- 0x00000000000000DF

mem[X,0x0000000080002C50] -> 0x3103
mem[X,0x0000000080002C52] -> 0x2901
[3385] [M]: 0x0000000080002C50 (0x29013103) ld x2, 0x290(x2)                        resto_Mrtn+24
mem[R,0x0000000080005290] -> 0x0000000000000000
x2 <- 0x0000000000000000

clint mtime 0x000000000000069D (mip.MTI <- 0b1, mip.STI <- 0b0)
mem[X,0x0000000080002C54] -> 0x0073
mem[X,0x0000000080002C56] -> 0x3020
[3386] [M]: 0x0000000080002C54 (0x30200073) mret                                    resto_Mrtn+28
CSR mstatus (0x300) <- 0x0000000A00000080
ret-ing from M to U

PTW: Start, vpn=0x30080001, access_type=X, privilege=Umem[R,0x0000000080009030] -> 0x00000000000000DB
PTW: Step, level=3, pte=0xDB, pte_addr=0x80009030
PTW: Success, final_ppn=0x80001, level=3mem[X,0x0000000080001E40] -> 0x07B7
PTW: Start, vpn=0x30080001, access_type=X, privilege=Umem[R,0x0000000080009030] -> 0x00000000000000DB
PTW: Step, level=3, pte=0xDB, pte_addr=0x80009030
PTW: Success, final_ppn=0x80001, level=3mem[X,0x0000000080001E42] -> 0x0000
[3387] [U]: 0x0000030080001E40 (0x000007B7) lui x15, 0x0                            va_rvtest_code_begin+4772
x15 <- 0x0000000000000000

clint mtime 0x000000000000069E (mip.MTI <- 0b1, mip.STI <- 0b0)
PTW: Start, vpn=0x30080001, access_type=X, privilege=Umem[R,0x0000000080009030] -> 0x00000000000000DB
PTW: Step, level=3, pte=0xDB, pte_addr=0x80009030
PTW: Success, final_ppn=0x80001, level=3mem[X,0x0000000080001E44] -> 0x8793
PTW: Start, vpn=0x30080001, access_type=X, privilege=Umem[R,0x0000000080009030] -> 0x00000000000000DB
PTW: Step, level=3, pte=0xDB, pte_addr=0x80009030
PTW: Success, final_ppn=0x80001, level=3mem[X,0x0000000080001E46] -> 0x2807
[3388] [U]: 0x0000030080001E44 (0x28078793) addi x15, x15, 0x280                    va_rvtest_code_begin+4776
x15 <- 0x0000000000000280

PTW: Start, vpn=0x30080001, access_type=X, privilege=Umem[R,0x0000000080009030] -> 0x00000000000000DB
PTW: Step, level=3, pte=0xDB, pte_addr=0x80009030
PTW: Success, final_ppn=0x80001, level=3mem[X,0x0000000080001E48] -> 0x9793
PTW: Start, vpn=0x30080001, access_type=X, privilege=Umem[R,0x0000000080009030] -> 0x00000000000000DB
PTW: Step, level=3, pte=0xDB, pte_addr=0x80009030
PTW: Success, final_ppn=0x80001, level=3mem[X,0x0000000080001E4A] -> 0x00B7
[3389] [U]: 0x0000030080001E48 (0x00B79793) slli x15, x15, 0xb                      va_rvtest_code_begin+4780
x15 <- 0x0000000000140000

clint mtime 0x000000000000069F (mip.MTI <- 0b1, mip.STI <- 0b0)
PTW: Start, vpn=0x30080001, access_type=X, privilege=Umem[R,0x0000000080009030] -> 0x00000000000000DB
PTW: Step, level=3, pte=0xDB, pte_addr=0x80009030
PTW: Success, final_ppn=0x80001, level=3mem[X,0x0000000080001E4C] -> 0x8793
PTW: Start, vpn=0x30080001, access_type=X, privilege=Umem[R,0x0000000080009030] -> 0x00000000000000DB
PTW: Step, level=3, pte=0xDB, pte_addr=0x80009030
PTW: Success, final_ppn=0x80001, level=3mem[X,0x0000000080001E4E] -> 0x0007
[3390] [U]: 0x0000030080001E4C (0x00078793) addi x15, x15, 0x0                      va_rvtest_code_begin+4784
x15 <- 0x0000000000140000

PTW: Start, vpn=0x30080001, access_type=X, privilege=Umem[R,0x0000000080009030] -> 0x00000000000000DB
PTW: Step, level=3, pte=0xDB, pte_addr=0x80009030
PTW: Success, final_ppn=0x80001, level=3mem[X,0x0000000080001E50] -> 0x9793
PTW: Start, vpn=0x30080001, access_type=X, privilege=Umem[R,0x0000000080009030] -> 0x00000000000000DB
PTW: Step, level=3, pte=0xDB, pte_addr=0x80009030
PTW: Success, final_ppn=0x80001, level=3mem[X,0x0000000080001E52] -> 0x00B7
[3391] [U]: 0x0000030080001E50 (0x00B79793) slli x15, x15, 0xb                      va_rvtest_code_begin+4788
x15 <- 0x00000000A0000000

clint mtime 0x00000000000006A0 (mip.MTI <- 0b1, mip.STI <- 0b0)
PTW: Start, vpn=0x30080001, access_type=X, privilege=Umem[R,0x0000000080009030] -> 0x00000000000000DB
PTW: Step, level=3, pte=0xDB, pte_addr=0x80009030
PTW: Success, final_ppn=0x80001, level=3mem[X,0x0000000080001E54] -> 0x8793
PTW: Start, vpn=0x30080001, access_type=X, privilege=Umem[R,0x0000000080009030] -> 0x00000000000000DB
PTW: Step, level=3, pte=0xDB, pte_addr=0x80009030
PTW: Success, final_ppn=0x80001, level=3mem[X,0x0000000080001E56] -> 0x0017
[3392] [U]: 0x0000030080001E54 (0x00178793) addi x15, x15, 0x1                      va_rvtest_code_begin+4792
x15 <- 0x00000000A0000001

PTW: Start, vpn=0x30080001, access_type=X, privilege=Umem[R,0x0000000080009030] -> 0x00000000000000DB
PTW: Step, level=3, pte=0xDB, pte_addr=0x80009030
PTW: Success, final_ppn=0x80001, level=3mem[X,0x0000000080001E58] -> 0x9793
PTW: Start, vpn=0x30080001, access_type=X, privilege=Umem[R,0x0000000080009030] -> 0x00000000000000DB
PTW: Step, level=3, pte=0xDB, pte_addr=0x80009030
PTW: Success, final_ppn=0x80001, level=3mem[X,0x0000000080001E5A] -> 0x00A7
[3393] [U]: 0x0000030080001E58 (0x00A79793) slli x15, x15, 0xa                      va_rvtest_code_begin+4796
x15 <- 0x0000028000000400

clint mtime 0x00000000000006A1 (mip.MTI <- 0b1, mip.STI <- 0b0)
PTW: Start, vpn=0x30080001, access_type=X, privilege=Umem[R,0x0000000080009030] -> 0x00000000000000DB
PTW: Step, level=3, pte=0xDB, pte_addr=0x80009030
PTW: Success, final_ppn=0x80001, level=3mem[X,0x0000000080001E5C] -> 0x0613
PTW: Start, vpn=0x30080001, access_type=X, privilege=Umem[R,0x0000000080009030] -> 0x00000000000000DB
PTW: Step, level=3, pte=0xDB, pte_addr=0x80009030
PTW: Success, final_ppn=0x80001, level=3mem[X,0x0000000080001E5E] -> 0x0106
[3394] [U]: 0x0000030080001E5C (0x01060613) addi x12, x12, 0x10                     va_rvtest_code_begin+4800
x12 <- 0x0000000000000080

PTW: Start, vpn=0x30080001, access_type=X, privilege=Umem[R,0x0000000080009030] -> 0x00000000000000DB
PTW: Step, level=3, pte=0xDB, pte_addr=0x80009030
PTW: Success, final_ppn=0x80001, level=3mem[X,0x0000000080001E60] -> 0xAA23
PTW: Start, vpn=0x30080001, access_type=X, privilege=Umem[R,0x0000000080009030] -> 0x00000000000000DB
PTW: Step, level=3, pte=0xDB, pte_addr=0x80009030
PTW: Success, final_ppn=0x80001, level=3mem[X,0x0000000080001E62] -> 0x00C7
[3395] [U]: 0x0000030080001E60 (0x00C7AA23) sw x12, 0x14(x15)                       va_rvtest_code_begin+4804
PTW: Start, vpn=0x28000000, access_type=W, privilege=Umem[R,0x0000000080009028] -> 0x0000000020002001
PTW: Step, level=3, pte=0x20002001, pte_addr=0x80009028
PTW: Start, vpn=0x28000000, access_type=W, privilege=Umem[R,0x0000000080008000] -> 0x0000000020001C01
PTW: Step, level=2, pte=0x20001C01, pte_addr=0x80008000
PTW: Start, vpn=0x28000000, access_type=W, privilege=Umem[R,0x0000000080007000] -> 0x0000000020001801
PTW: Step, level=1, pte=0x20001801, pte_addr=0x80007000
PTW: Start, vpn=0x28000000, access_type=W, privilege=Umem[R,0x0000000080006000] -> 0x00000000200000DF
PTW: Step, level=0, pte=0x200000DF, pte_addr=0x80006000
PTW: Success, final_ppn=0x80000, level=0mem[W,0x0000000080000414] <- 0x00000080

clint mtime 0x00000000000006A2 (mip.MTI <- 0b1, mip.STI <- 0b0)
PTW: Start, vpn=0x30080001, access_type=X, privilege=Umem[R,0x0000000080009030] -> 0x00000000000000DB
PTW: Step, level=3, pte=0xDB, pte_addr=0x80009030
PTW: Success, final_ppn=0x80001, level=3mem[X,0x0000000080001E64] -> 0x0013
PTW: Start, vpn=0x30080001, access_type=X, privilege=Umem[R,0x0000000080009030] -> 0x00000000000000DB
PTW: Step, level=3, pte=0xDB, pte_addr=0x80009030
PTW: Success, final_ppn=0x80001, level=3mem[X,0x0000000080001E66] -> 0x0000
[3396] [U]: 0x0000030080001E64 (0x00000013) addi x0, x0, 0x0                        va_rvtest_code_begin+4808

PTW: Start, vpn=0x30080001, access_type=X, privilege=Umem[R,0x0000000080009030] -> 0x00000000000000DB
PTW: Step, level=3, pte=0xDB, pte_addr=0x80009030
PTW: Success, final_ppn=0x80001, level=3mem[X,0x0000000080001E68] -> 0xA703
PTW: Start, vpn=0x30080001, access_type=X, privilege=Umem[R,0x0000000080009030] -> 0x00000000000000DB
PTW: Step, level=3, pte=0xDB, pte_addr=0x80009030
PTW: Success, final_ppn=0x80001, level=3mem[X,0x0000000080001E6A] -> 0x0147
[3397] [U]: 0x0000030080001E68 (0x0147A703) lw x14, 0x14(x15)                       va_rvtest_code_begin+4812
PTW: Start, vpn=0x28000000, access_type=R, privilege=Umem[R,0x0000000080009028] -> 0x0000000020002001
PTW: Step, level=3, pte=0x20002001, pte_addr=0x80009028
PTW: Start, vpn=0x28000000, access_type=R, privilege=Umem[R,0x0000000080008000] -> 0x0000000020001C01
PTW: Step, level=2, pte=0x20001C01, pte_addr=0x80008000
PTW: Start, vpn=0x28000000, access_type=R, privilege=Umem[R,0x0000000080007000] -> 0x0000000020001801
PTW: Step, level=1, pte=0x20001801, pte_addr=0x80007000
PTW: Start, vpn=0x28000000, access_type=R, privilege=Umem[R,0x0000000080006000] -> 0x00000000200000DF
PTW: Step, level=0, pte=0x200000DF, pte_addr=0x80006000
PTW: Success, final_ppn=0x80000, level=0mem[R,0x0000000080000414] -> 0x00000080
x14 <- 0x0000000000000080

clint mtime 0x00000000000006A3 (mip.MTI <- 0b1, mip.STI <- 0b0)
PTW: Start, vpn=0x30080001, access_type=X, privilege=Umem[R,0x0000000080009030] -> 0x00000000000000DB
PTW: Step, level=3, pte=0xDB, pte_addr=0x80009030
PTW: Success, final_ppn=0x80001, level=3mem[X,0x0000000080001E6C] -> 0x0013
PTW: Start, vpn=0x30080001, access_type=X, privilege=Umem[R,0x0000000080009030] -> 0x00000000000000DB
PTW: Step, level=3, pte=0xDB, pte_addr=0x80009030
PTW: Success, final_ppn=0x80001, level=3mem[X,0x0000000080001E6E] -> 0x0000
[3398] [U]: 0x0000030080001E6C (0x00000013) addi x0, x0, 0x0                        va_rvtest_code_begin+4816

PTW: Start, vpn=0x30080001, access_type=X, privilege=Umem[R,0x0000000080009030] -> 0x00000000000000DB
PTW: Step, level=3, pte=0xDB, pte_addr=0x80009030
PTW: Success, final_ppn=0x80001, level=3mem[X,0x0000000080001E70] -> 0x51B7
PTW: Start, vpn=0x30080001, access_type=X, privilege=Umem[R,0x0000000080009030] -> 0x00000000000000DB
PTW: Step, level=3, pte=0xDB, pte_addr=0x80009030
PTW: Success, final_ppn=0x80001, level=3mem[X,0x0000000080001E72] -> 0x0000
[3399] [U]: 0x0000030080001E70 (0x000051B7) lui x3, 0x5                             va_rvtest_code_begin+4820
x3 <- 0x0000000000005000

clint mtime 0x00000000000006A4 (mip.MTI <- 0b1, mip.STI <- 0b0)
PTW: Start, vpn=0x30080001, access_type=X, privilege=Umem[R,0x0000000080009030] -> 0x00000000000000DB
PTW: Step, level=3, pte=0xDB, pte_addr=0x80009030
PTW: Success, final_ppn=0x80001, level=3mem[X,0x0000000080001E74] -> 0x8193
PTW: Start, vpn=0x30080001, access_type=X, privilege=Umem[R,0x0000000080009030] -> 0x00000000000000DB
PTW: Step, level=3, pte=0xDB, pte_addr=0x80009030
PTW: Success, final_ppn=0x80001, level=3mem[X,0x0000000080001E76] -> 0x6671
[3400] [U]: 0x0000030080001E74 (0x66718193) addi x3, x3, 0x667                      va_rvtest_code_begin+4824
x3 <- 0x0000000000005667

PTW: Start, vpn=0x30080001, access_type=X, privilege=Umem[R,0x0000000080009030] -> 0x00000000000000DB
PTW: Step, level=3, pte=0xDB, pte_addr=0x80009030
PTW: Success, final_ppn=0x80001, level=3mem[X,0x0000000080001E78] -> 0x9193
PTW: Start, vpn=0x30080001, access_type=X, privilege=Umem[R,0x0000000080009030] -> 0x00000000000000DB
PTW: Step, level=3, pte=0xDB, pte_addr=0x80009030
PTW: Success, final_ppn=0x80001, level=3mem[X,0x0000000080001E7A] -> 0x0011
[3401] [U]: 0x0000030080001E78 (0x00119193) slli x3, x3, 0x1                        va_rvtest_code_begin+4828
x3 <- 0x000000000000ACCE

clint mtime 0x00000000000006A5 (mip.MTI <- 0b1, mip.STI <- 0b0)
PTW: Start, vpn=0x30080001, access_type=X, privilege=Umem[R,0x0000000080009030] -> 0x00000000000000DB
PTW: Step, level=3, pte=0xDB, pte_addr=0x80009030
PTW: Success, final_ppn=0x80001, level=3mem[X,0x0000000080001E7C] -> 0x0013
PTW: Start, vpn=0x30080001, access_type=X, privilege=Umem[R,0x0000000080009030] -> 0x00000000000000DB
PTW: Step, level=3, pte=0xDB, pte_addr=0x80009030
PTW: Success, final_ppn=0x80001, level=3mem[X,0x0000000080001E7E] -> 0x0000
[3402] [U]: 0x0000030080001E7C (0x00000013) addi x0, x0, 0x0                        va_rvtest_code_begin+4832

PTW: Start, vpn=0x30080001, access_type=X, privilege=Umem[R,0x0000000080009030] -> 0x00000000000000DB
PTW: Step, level=3, pte=0xDB, pte_addr=0x80009030
PTW: Success, final_ppn=0x80001, level=3mem[X,0x0000000080001E80] -> 0x0217
PTW: Start, vpn=0x30080001, access_type=X, privilege=Umem[R,0x0000000080009030] -> 0x00000000000000DB
PTW: Step, level=3, pte=0xDB, pte_addr=0x80009030
PTW: Success, final_ppn=0x80001, level=3mem[X,0x0000000080001E82] -> 0x0000
[3403] [U]: 0x0000030080001E80 (0x00000217) auipc x4, 0x0                           va_rvtest_code_begin+4836
x4 <- 0x0000030080001E80

clint mtime 0x00000000000006A6 (mip.MTI <- 0b1, mip.STI <- 0b0)
PTW: Start, vpn=0x30080001, access_type=X, privilege=Umem[R,0x0000000080009030] -> 0x00000000000000DB
PTW: Step, level=3, pte=0xDB, pte_addr=0x80009030
PTW: Success, final_ppn=0x80001, level=3mem[X,0x0000000080001E84] -> 0x0213
PTW: Start, vpn=0x30080001, access_type=X, privilege=Umem[R,0x0000000080009030] -> 0x00000000000000DB
PTW: Step, level=3, pte=0xDB, pte_addr=0x80009030
PTW: Success, final_ppn=0x80001, level=3mem[X,0x0000000080001E86] -> 0x02C2
[3404] [U]: 0x0000030080001E84 (0x02C20213) addi x4, x4, 0x2c                       va_rvtest_code_begin+4840
x4 <- 0x0000030080001EAC

PTW: Start, vpn=0x30080001, access_type=X, privilege=Umem[R,0x0000000080009030] -> 0x00000000000000DB
PTW: Step, level=3, pte=0xDB, pte_addr=0x80009030
PTW: Success, final_ppn=0x80001, level=3mem[X,0x0000000080001E88] -> 0x0001
[3405] [U]: 0x0000030080001E88 (0x0001) c.nop                                       va_rvtest_code_begin+4844

clint mtime 0x00000000000006A7 (mip.MTI <- 0b1, mip.STI <- 0b0)
PTW: Start, vpn=0x30080001, access_type=X, privilege=Umem[R,0x0000000080009030] -> 0x00000000000000DB
PTW: Step, level=3, pte=0xDB, pte_addr=0x80009030
PTW: Success, final_ppn=0x80001, level=3mem[X,0x0000000080001E8A] -> 0x0013
PTW: Start, vpn=0x30080001, access_type=X, privilege=Umem[R,0x0000000080009030] -> 0x00000000000000DB
PTW: Step, level=3, pte=0xDB, pte_addr=0x80009030
PTW: Success, final_ppn=0x80001, level=3mem[X,0x0000000080001E8C] -> 0x0000
[3406] [U]: 0x0000030080001E8A (0x00000013) addi x0, x0, 0x0                        va_rvtest_code_begin+4846

PTW: Start, vpn=0x30080001, access_type=X, privilege=Umem[R,0x0000000080009030] -> 0x00000000000000DB
PTW: Step, level=3, pte=0xDB, pte_addr=0x80009030
PTW: Success, final_ppn=0x80001, level=3mem[X,0x0000000080001E8E] -> 0x0013
PTW: Start, vpn=0x30080001, access_type=X, privilege=Umem[R,0x0000000080009030] -> 0x00000000000000DB
PTW: Step, level=3, pte=0xDB, pte_addr=0x80009030
PTW: Success, final_ppn=0x80001, level=3mem[X,0x0000000080001E90] -> 0x0000
[3407] [U]: 0x0000030080001E8E (0x00000013) addi x0, x0, 0x0                        va_rvtest_code_begin+4850

clint mtime 0x00000000000006A8 (mip.MTI <- 0b1, mip.STI <- 0b0)
PTW: Start, vpn=0x30080001, access_type=X, privilege=Umem[R,0x0000000080009030] -> 0x00000000000000DB
PTW: Step, level=3, pte=0xDB, pte_addr=0x80009030
PTW: Success, final_ppn=0x80001, level=3mem[X,0x0000000080001E92] -> 0x0013
PTW: Start, vpn=0x30080001, access_type=X, privilege=Umem[R,0x0000000080009030] -> 0x00000000000000DB
PTW: Step, level=3, pte=0xDB, pte_addr=0x80009030
PTW: Success, final_ppn=0x80001, level=3mem[X,0x0000000080001E94] -> 0x0000
[3408] [U]: 0x0000030080001E92 (0x00000013) addi x0, x0, 0x0                        va_rvtest_code_begin+4854

PTW: Start, vpn=0x30080001, access_type=X, privilege=Umem[R,0x0000000080009030] -> 0x00000000000000DB
PTW: Step, level=3, pte=0xDB, pte_addr=0x80009030
PTW: Success, final_ppn=0x80001, level=3mem[X,0x0000000080001E96] -> 0x0013
PTW: Start, vpn=0x30080001, access_type=X, privilege=Umem[R,0x0000000080009030] -> 0x00000000000000DB
PTW: Step, level=3, pte=0xDB, pte_addr=0x80009030
PTW: Success, final_ppn=0x80001, level=3mem[X,0x0000000080001E98] -> 0x0000
[3409] [U]: 0x0000030080001E96 (0x00000013) addi x0, x0, 0x0                        va_rvtest_code_begin+4858

clint mtime 0x00000000000006A9 (mip.MTI <- 0b1, mip.STI <- 0b0)
PTW: Start, vpn=0x30080001, access_type=X, privilege=Umem[R,0x0000000080009030] -> 0x00000000000000DB
PTW: Step, level=3, pte=0xDB, pte_addr=0x80009030
PTW: Success, final_ppn=0x80001, level=3mem[X,0x0000000080001E9A] -> 0x0013
PTW: Start, vpn=0x30080001, access_type=X, privilege=Umem[R,0x0000000080009030] -> 0x00000000000000DB
PTW: Step, level=3, pte=0xDB, pte_addr=0x80009030
PTW: Success, final_ppn=0x80001, level=3mem[X,0x0000000080001E9C] -> 0x0000
[3410] [U]: 0x0000030080001E9A (0x00000013) addi x0, x0, 0x0                        va_rvtest_code_begin+4862

PTW: Start, vpn=0x30080001, access_type=X, privilege=Umem[R,0x0000000080009030] -> 0x00000000000000DB
PTW: Step, level=3, pte=0xDB, pte_addr=0x80009030
PTW: Success, final_ppn=0x80001, level=3mem[X,0x0000000080001E9E] -> 0x0001
[3411] [U]: 0x0000030080001E9E (0x0001) c.nop                                       va_rvtest_code_begin+4866

clint mtime 0x00000000000006AA (mip.MTI <- 0b1, mip.STI <- 0b0)
PTW: Start, vpn=0x30080001, access_type=X, privilege=Umem[R,0x0000000080009030] -> 0x00000000000000DB
PTW: Step, level=3, pte=0xDB, pte_addr=0x80009030
PTW: Success, final_ppn=0x80001, level=3mem[X,0x0000000080001EA0] -> 0x80E7
PTW: Start, vpn=0x30080001, access_type=X, privilege=Umem[R,0x0000000080009030] -> 0x00000000000000DB
PTW: Step, level=3, pte=0xDB, pte_addr=0x80009030
PTW: Success, final_ppn=0x80001, level=3mem[X,0x0000000080001EA2] -> 0x0007
[3412] [U]: 0x0000030080001EA0 (0x000780E7) jalr x1, 0x0(x15)                       va_rvtest_code_begin+4868
x1 <- 0x0000030080001EA4

PTW: Start, vpn=0x28000000, access_type=X, privilege=Umem[R,0x0000000080009028] -> 0x0000000020002001
PTW: Step, level=3, pte=0x20002001, pte_addr=0x80009028
PTW: Start, vpn=0x28000000, access_type=X, privilege=Umem[R,0x0000000080008000] -> 0x0000000020001C01
PTW: Step, level=2, pte=0x20001C01, pte_addr=0x80008000
PTW: Start, vpn=0x28000000, access_type=X, privilege=Umem[R,0x0000000080007000] -> 0x0000000020001801
PTW: Step, level=1, pte=0x20001801, pte_addr=0x80007000
PTW: Start, vpn=0x28000000, access_type=X, privilege=Umem[R,0x0000000080006000] -> 0x00000000200000DF
PTW: Step, level=0, pte=0x200000DF, pte_addr=0x80006000
PTW: Success, final_ppn=0x80000, level=0trapping from U to M to handle fetch-access-fault
handling exc#fetch-access-fault at priv M with tval 0x0000028000000400
CSR mstatus (0x300) <- 0x0000000A00000000
CSR mcause (0x342) <- 0x0000000000000001
CSR mtval (0x343) <- 0x0000028000000400
CSR mepc (0x341) <- 0x0000028000000400

clint mtime 0x00000000000006AB (mip.MTI <- 0b1, mip.STI <- 0b0)
mem[X,0x0000000080002800] -> 0x006F
mem[X,0x0000000080002802] -> 0x1000
[3414] [M]: 0x0000000080002800 (0x1000006F) jal x0, 0x100                           Mtrampoline+0

mem[X,0x0000000080002900] -> 0x1173
mem[X,0x0000000080002902] -> 0x3401
[3415] [M]: 0x0000000080002900 (0x34011173) csrrw x2, mscratch, x2                  trap_Mhandler+0
CSR mscratch (0x340) <- 0x0000000000000000
x2 <- 0x0000000080005000

clint mtime 0x00000000000006AC (mip.MTI <- 0b1, mip.STI <- 0b0)
mem[X,0x0000000080002904] -> 0x3423
mem[X,0x0000000080002906] -> 0x28B1
[3416] [M]: 0x0000000080002904 (0x28B13423) sd x11, 0x288(x2)                       trap_Mhandler+4
mem[W,0x0000000080005288] <- 0x00000000000000DF

mem[X,0x0000000080002908] -> 0x05EF
mem[X,0x000000008000290A] -> 0x0B80
[3417] [M]: 0x0000000080002908 (0x0B8005EF) jal x11, 0xb8                           trap_Mhandler+8
x11 <- 0x000000008000290C

clint mtime 0x00000000000006AD (mip.MTI <- 0b1, mip.STI <- 0b0)
mem[X,0x00000000800029C0] -> 0x3023
mem[X,0x00000000800029C2] -> 0x28A1
[3418] [M]: 0x00000000800029C0 (0x28A13023) sd x10, 0x280(x2)                       common_Mhandler+0
mem[W,0x0000000080005280] <- 0x00000000200000DF

mem[X,0x00000000800029C4] -> 0x1573
mem[X,0x00000000800029C6] -> 0x3401
[3419] [M]: 0x00000000800029C4 (0x34011573) csrrw x10, mscratch, x2                 common_Mhandler+4
CSR mscratch (0x340) <- 0x0000000080005000
x10 <- 0x0000000000000000

clint mtime 0x00000000000006AE (mip.MTI <- 0b1, mip.STI <- 0b0)
mem[X,0x00000000800029C8] -> 0x3823
mem[X,0x00000000800029CA] -> 0x28A1
[3420] [M]: 0x00000000800029C8 (0x28A13823) sd x10, 0x290(x2)                       common_Mhandler+8
mem[W,0x0000000080005290] <- 0x0000000000000000

mem[X,0x00000000800029CC] -> 0x3503
mem[X,0x00000000800029CE] -> 0x2301
[3421] [M]: 0x00000000800029CC (0x23013503) ld x10, 0x230(x2)                       common_Mhandler+12
mem[R,0x0000000080005230] -> 0x00000000800029D4
x10 <- 0x00000000800029D4

clint mtime 0x00000000000006AF (mip.MTI <- 0b1, mip.STI <- 0b0)
mem[X,0x00000000800029D0] -> 0x0067
mem[X,0x00000000800029D2] -> 0x0005
[3422] [M]: 0x00000000800029D0 (0x00050067) jalr x0, 0x0(x10)                       common_Mhandler+16

mem[X,0x00000000800029D4] -> 0x3C23
mem[X,0x00000000800029D6] -> 0x2691
[3423] [M]: 0x00000000800029D4 (0x26913C23) sd x9, 0x278(x2)                        common_Mentry+0
mem[W,0x0000000080005278] <- 0x000003000000023C

clint mtime 0x00000000000006B0 (mip.MTI <- 0b1, mip.STI <- 0b0)
mem[X,0x00000000800029D8] -> 0x3823
mem[X,0x00000000800029DA] -> 0x2681
[3424] [M]: 0x00000000800029D8 (0x26813823) sd x8, 0x270(x2)                        common_Mentry+4
mem[W,0x0000000080005270] <- 0x0000000000007F76

mem[X,0x00000000800029DC] -> 0x3423
mem[X,0x00000000800029DE] -> 0x2671
[3425] [M]: 0x00000000800029DC (0x26713423) sd x7, 0x268(x2)                        common_Mentry+8
mem[W,0x0000000080005268] <- 0x0000000080005000

clint mtime 0x00000000000006B1 (mip.MTI <- 0b1, mip.STI <- 0b0)
mem[X,0x00000000800029E0] -> 0x3023
mem[X,0x00000000800029E2] -> 0x2661
[3426] [M]: 0x00000000800029E0 (0x26613023) sd x6, 0x260(x2)                        common_Mentry+12
mem[W,0x0000000080005260] <- 0xFFFFFFFF7FFFE40C

mem[X,0x00000000800029E4] -> 0x2573
mem[X,0x00000000800029E6] -> 0x3420
[3427] [M]: 0x00000000800029E4 (0x34202573) csrrs x10, mcause, x0                   spcl_M2mmode_test+0
CSR mcause (0x342) -> 0x0000000000000001
x10 <- 0x0000000000000001

clint mtime 0x00000000000006B2 (mip.MTI <- 0b1, mip.STI <- 0b0)
mem[X,0x00000000800029E8] -> 0x04B7
mem[X,0x00000000800029EA] -> 0x8000
[3428] [M]: 0x00000000800029E8 (0x800004B7) lui x9, -0x80000                        spcl_M2mmode_test+4
x9 <- 0xFFFFFFFF80000000

mem[X,0x00000000800029EC] -> 0x8493
mem[X,0x00000000800029EE] -> 0x0004
[3429] [M]: 0x00000000800029EC (0x00048493) addi x9, x9, 0x0                        spcl_M2mmode_test+8
x9 <- 0xFFFFFFFF80000000

clint mtime 0x00000000000006B3 (mip.MTI <- 0b1, mip.STI <- 0b0)
mem[X,0x00000000800029F0] -> 0x9493
mem[X,0x00000000800029F2] -> 0x00B4
[3430] [M]: 0x00000000800029F0 (0x00B49493) slli x9, x9, 0xb                        spcl_M2mmode_test+12
x9 <- 0xFFFFFC0000000000

mem[X,0x00000000800029F4] -> 0x8493
mem[X,0x00000000800029F6] -> 0x0004
[3431] [M]: 0x00000000800029F4 (0x00048493) addi x9, x9, 0x0                        spcl_M2mmode_test+16
x9 <- 0xFFFFFC0000000000

clint mtime 0x00000000000006B4 (mip.MTI <- 0b1, mip.STI <- 0b0)
mem[X,0x00000000800029F8] -> 0x9493
mem[X,0x00000000800029FA] -> 0x00B4
[3432] [M]: 0x00000000800029F8 (0x00B49493) slli x9, x9, 0xb                        spcl_M2mmode_test+20
x9 <- 0xFFE0000000000000

mem[X,0x00000000800029FC] -> 0x8493
mem[X,0x00000000800029FE] -> 0x0034
[3433] [M]: 0x00000000800029FC (0x00348493) addi x9, x9, 0x3                        spcl_M2mmode_test+24
x9 <- 0xFFE0000000000003

clint mtime 0x00000000000006B5 (mip.MTI <- 0b1, mip.STI <- 0b0)
mem[X,0x0000000080002A00] -> 0x9493
mem[X,0x0000000080002A02] -> 0x00A4
[3434] [M]: 0x0000000080002A00 (0x00A49493) slli x9, x9, 0xa                        spcl_M2mmode_test+28
x9 <- 0x8000000000000C00

mem[X,0x0000000080002A04] -> 0x8493
mem[X,0x0000000080002A06] -> 0x3FC4
[3435] [M]: 0x0000000080002A04 (0x3FC48493) addi x9, x9, 0x3fc                      spcl_M2mmode_test+32
x9 <- 0x8000000000000FFC

clint mtime 0x00000000000006B6 (mip.MTI <- 0b1, mip.STI <- 0b0)
mem[X,0x0000000080002A08] -> 0xF4B3
mem[X,0x0000000080002A0A] -> 0x00A4
[3436] [M]: 0x0000000080002A08 (0x00A4F4B3) and x9, x9, x10                         spcl_M2mmode_test+36
x9 <- 0x0000000000000000

mem[X,0x0000000080002A0C] -> 0x8493
mem[X,0x0000000080002A0E] -> 0xFF84
[3437] [M]: 0x0000000080002A0C (0xFF848493) addi x9, x9, -0x8                       spcl_M2mmode_test+40
x9 <- 0xFFFFFFFFFFFFFFF8

clint mtime 0x00000000000006B7 (mip.MTI <- 0b1, mip.STI <- 0b0)
mem[X,0x0000000080002A10] -> 0x9663
mem[X,0x0000000080002A12] -> 0x0004
[3438] [M]: 0x0000000080002A10 (0x00049663) bne x9, x0, 0xc                         spcl_M2mmode_test+44

mem[X,0x0000000080002A1C] -> 0x0393
mem[X,0x0000000080002A1E] -> 0x0200
[3439] [M]: 0x0000000080002A1C (0x02000393) addi x7, x0, 0x20                       Mtrapsig_ptr_upd+0
x7 <- 0x0000000000000020

clint mtime 0x00000000000006B8 (mip.MTI <- 0b1, mip.STI <- 0b0)
mem[X,0x0000000080002A20] -> 0x5263
mem[X,0x0000000080002A22] -> 0x0405
[3440] [M]: 0x0000000080002A20 (0x04055263) bge x10, x0, 0x44                       Mtrapsig_ptr_upd+4

mem[X,0x0000000080002A64] -> 0x2373
mem[X,0x0000000080002A66] -> 0x3010
[3441] [M]: 0x0000000080002A64 (0x30102373) csrrs x6, misa, x0                      Mxcpt_sig_sv+0
CSR misa (0x301) -> 0x800000000034112F
x6 <- 0x800000000034112F

clint mtime 0x00000000000006B9 (mip.MTI <- 0b1, mip.STI <- 0b0)
mem[X,0x0000000080002A68] -> 0x1313
mem[X,0x0000000080002A6A] -> 0x0383
[3442] [M]: 0x0000000080002A68 (0x03831313) slli x6, x6, 0x38                       Mxcpt_sig_sv+4
x6 <- 0x2F00000000000000

mem[X,0x0000000080002A6C] -> 0x5463
mem[X,0x0000000080002A6E] -> 0x0003
[3443] [M]: 0x0000000080002A6C (0x00035463) bge x6, x0, 0x8                         Mxcpt_sig_sv+8

clint mtime 0x00000000000006BA (mip.MTI <- 0b1, mip.STI <- 0b0)
mem[X,0x0000000080002A74] -> 0x3303
mem[X,0x0000000080002A76] -> 0x2181
[3444] [M]: 0x0000000080002A74 (0x21813303) ld x6, 0x218(x2)                        Mtrap_sig_sv+0
mem[R,0x0000000080005218] -> 0x000000008000A4F8
x6 <- 0x000000008000A4F8

mem[X,0x0000000080002A78] -> 0x04B3
mem[X,0x0000000080002A7A] -> 0x0073
[3445] [M]: 0x0000000080002A78 (0x007304B3) add x9, x6, x7                          Mtrap_sig_sv+4
x9 <- 0x000000008000A518

clint mtime 0x00000000000006BB (mip.MTI <- 0b1, mip.STI <- 0b0)
mem[X,0x0000000080002A7C] -> 0x3C23
mem[X,0x0000000080002A7E] -> 0x2091
[3446] [M]: 0x0000000080002A7C (0x20913C23) sd x9, 0x218(x2)                        Mtrap_sig_sv+8
mem[W,0x0000000080005218] <- 0x000000008000A518

mem[X,0x0000000080002A80] -> 0x3403
mem[X,0x0000000080002A82] -> 0x1F81
[3447] [M]: 0x0000000080002A80 (0x1F813403) ld x8, 0x1f8(x2)                        Mtrap_sig_sv+12
mem[R,0x00000000800051F8] -> 0x000000008000A110
x8 <- 0x000000008000A110

clint mtime 0x00000000000006BC (mip.MTI <- 0b1, mip.STI <- 0b0)
mem[X,0x0000000080002A84] -> 0x0333
mem[X,0x0000000080002A86] -> 0x4083
[3448] [M]: 0x0000000080002A84 (0x40830333) sub x6, x6, x8                          Mtrap_sig_sv+16
x6 <- 0x00000000000003E8

mem[X,0x0000000080002A88] -> 0x3403
mem[X,0x0000000080002A8A] -> 0x1F81
[3449] [M]: 0x0000000080002A88 (0x1F813403) ld x8, 0x1f8(x2)                        Mtrap_sig_sv+20
mem[R,0x00000000800051F8] -> 0x000000008000A110
x8 <- 0x000000008000A110

clint mtime 0x00000000000006BD (mip.MTI <- 0b1, mip.STI <- 0b0)
mem[X,0x0000000080002A8C] -> 0x0333
mem[X,0x0000000080002A8E] -> 0x0083
[3450] [M]: 0x0000000080002A8C (0x00830333) add x6, x6, x8                          Mtrap_sig_sv+24
x6 <- 0x000000008000A4F8

mem[X,0x0000000080002A90] -> 0x3403
mem[X,0x0000000080002A92] -> 0x2401
[3451] [M]: 0x0000000080002A90 (0x24013403) ld x8, 0x240(x2)                        Mtrap_sig_sv+28
mem[R,0x0000000080005240] -> 0x0000000080002800
x8 <- 0x0000000080002800

clint mtime 0x00000000000006BE (mip.MTI <- 0b1, mip.STI <- 0b0)
mem[X,0x0000000080002A94] -> 0x85B3
mem[X,0x0000000080002A96] -> 0x4085
[3452] [M]: 0x0000000080002A94 (0x408585B3) sub x11, x11, x8                        sv_Mvect+0
x11 <- 0x000000000000010C

mem[X,0x0000000080002A98] -> 0x9593
mem[X,0x0000000080002A9A] -> 0x0045
[3453] [M]: 0x0000000080002A98 (0x00459593) slli x11, x11, 0x4                      sv_Mvect+4
x11 <- 0x00000000000010C0

clint mtime 0x00000000000006BF (mip.MTI <- 0b1, mip.STI <- 0b0)
mem[X,0x0000000080002A9C] -> 0xE5B3
mem[X,0x0000000080002A9E] -> 0x0075
[3454] [M]: 0x0000000080002A9C (0x0075E5B3) or x11, x11, x7                         sv_Mvect+8
x11 <- 0x00000000000010E0

mem[X,0x0000000080002AA0] -> 0x8593
mem[X,0x0000000080002AA2] -> 0x0035
[3455] [M]: 0x0000000080002AA0 (0x00358593) addi x11, x11, 0x3                      sv_Mvect+12
x11 <- 0x00000000000010E3

clint mtime 0x00000000000006C0 (mip.MTI <- 0b1, mip.STI <- 0b0)
mem[X,0x0000000080002AA4] -> 0x3023
mem[X,0x0000000080002AA6] -> 0x00B3
[3456] [M]: 0x0000000080002AA4 (0x00B33023) sd x11, 0x0(x6)                         sv_Mvect+16
mem[W,0x000000008000A4F8] <- 0x00000000000010E3

mem[X,0x0000000080002AA8] -> 0x3423
mem[X,0x0000000080002AAA] -> 0x00A3
[3457] [M]: 0x0000000080002AA8 (0x00A33423) sd x10, 0x8(x6)                         sv_Mcause+0
mem[W,0x000000008000A500] <- 0x0000000000000001

clint mtime 0x00000000000006C1 (mip.MTI <- 0b1, mip.STI <- 0b0)
mem[X,0x0000000080002AAC] -> 0x4663
mem[X,0x0000000080002AAE] -> 0x1A05
[3458] [M]: 0x0000000080002AAC (0x1A054663) blt x10, x0, 0x1ac                      sv_Mcause+4

mem[X,0x0000000080002AB0] -> 0x25F3
mem[X,0x0000000080002AB2] -> 0x3000
[3459] [M]: 0x0000000080002AB0 (0x300025F3) csrrs x11, mstatus, x0                  common_Mexcpt_handler+0
CSR mstatus (0x300) -> 0x0000000A00000000
x11 <- 0x0000000A00000000

clint mtime 0x00000000000006C2 (mip.MTI <- 0b1, mip.STI <- 0b0)
mem[X,0x0000000080002AB4] -> 0x9413
mem[X,0x0000000080002AB6] -> 0x02E5
[3460] [M]: 0x0000000080002AB4 (0x02E59413) slli x8, x11, 0x2e                      common_Mexcpt_handler+4
x8 <- 0x0000000000000000

mem[X,0x0000000080002AB8] -> 0x5463
mem[X,0x0000000080002ABA] -> 0x0004
[3461] [M]: 0x0000000080002AB8 (0x00045463) bge x8, x0, 0x8                         common_Mexcpt_handler+8

clint mtime 0x00000000000006C3 (mip.MTI <- 0b1, mip.STI <- 0b0)
mem[X,0x0000000080002AC0] -> 0xD493
mem[X,0x0000000080002AC2] -> 0x00B5
[3462] [M]: 0x0000000080002AC0 (0x00B5D493) srli x9, x11, 0xb                       common_Mexcpt_handler+16
x9 <- 0x0000000001400000

mem[X,0x0000000080002AC4] -> 0xF493
mem[X,0x0000000080002AC6] -> 0x0034
[3463] [M]: 0x0000000080002AC4 (0x0034F493) andi x9, x9, 0x3                        common_Mexcpt_handler+20
x9 <- 0x0000000000000000

clint mtime 0x00000000000006C4 (mip.MTI <- 0b1, mip.STI <- 0b0)
mem[X,0x0000000080002AC8] -> 0x8493
mem[X,0x0000000080002ACA] -> 0x0014
[3464] [M]: 0x0000000080002AC8 (0x00148493) addi x9, x9, 0x1                        common_Mexcpt_handler+24
x9 <- 0x0000000000000001

mem[X,0x0000000080002ACC] -> 0xF493
mem[X,0x0000000080002ACE] -> 0x0044
[3465] [M]: 0x0000000080002ACC (0x0044F493) andi x9, x9, 0x4                        common_Mexcpt_handler+28
x9 <- 0x0000000000000000

clint mtime 0x00000000000006C5 (mip.MTI <- 0b1, mip.STI <- 0b0)
mem[X,0x0000000080002AD0] -> 0x0593
mem[X,0x0000000080002AD2] -> 0x05D0
[3466] [M]: 0x0000000080002AD0 (0x05D00593) addi x11, x0, 0x5d                      common_Mexcpt_handler+32
x11 <- 0x000000000000005D

mem[X,0x0000000080002AD4] -> 0xD5B3
mem[X,0x0000000080002AD6] -> 0x0095
[3467] [M]: 0x0000000080002AD4 (0x0095D5B3) srl x11, x11, x9                        common_Mexcpt_handler+36
x11 <- 0x000000000000005D

clint mtime 0x00000000000006C6 (mip.MTI <- 0b1, mip.STI <- 0b0)
mem[X,0x0000000080002AD8] -> 0xF593
mem[X,0x0000000080002ADA] -> 0x0015
[3468] [M]: 0x0000000080002AD8 (0x0015F593) andi x11, x11, 0x1                      common_Mexcpt_handler+40
x11 <- 0x0000000000000001

mem[X,0x0000000080002ADC] -> 0x8EE3
mem[X,0x0000000080002ADE] -> 0xF405
[3469] [M]: 0x0000000080002ADC (0xF4058EE3) beq x11, x0, -0xa4                      common_Mexcpt_handler+44

clint mtime 0x00000000000006C7 (mip.MTI <- 0b1, mip.STI <- 0b0)
mem[X,0x0000000080002AE0] -> 0x0593
mem[X,0x0000000080002AE2] -> 0x2980
[3470] [M]: 0x0000000080002AE0 (0x29800593) addi x11, x0, 0x298                     common_Mexcpt_handler+48
x11 <- 0x0000000000000298

mem[X,0x0000000080002AE4] -> 0xF413
mem[X,0x0000000080002AE6] -> 0x0014
[3471] [M]: 0x0000000080002AE4 (0x0014F413) andi x8, x9, 0x1                        common_Mexcpt_handler+52
x8 <- 0x0000000000000000

clint mtime 0x00000000000006C8 (mip.MTI <- 0b1, mip.STI <- 0b0)
mem[X,0x0000000080002AE8] -> 0x95B3
mem[X,0x0000000080002AEA] -> 0x0085
[3472] [M]: 0x0000000080002AE8 (0x008595B3) sll x11, x11, x8                        common_Mexcpt_handler+56
x11 <- 0x0000000000000298

mem[X,0x0000000080002AEC] -> 0x9413
mem[X,0x0000000080002AEE] -> 0x03D4
[3473] [M]: 0x0000000080002AEC (0x03D49413) slli x8, x9, 0x3d                       common_Mexcpt_handler+60
x8 <- 0x0000000000000000

clint mtime 0x00000000000006C9 (mip.MTI <- 0b1, mip.STI <- 0b0)
mem[X,0x0000000080002AF0] -> 0x5413
mem[X,0x0000000080002AF2] -> 0x43F4
[3474] [M]: 0x0000000080002AF0 (0x43F45413) srai x8, x8, 0x3f                       common_Mexcpt_handler+64
x8 <- 0x0000000000000000

mem[X,0x0000000080002AF4] -> 0x4413
mem[X,0x0000000080002AF6] -> 0xFFF4
[3475] [M]: 0x0000000080002AF4 (0xFFF44413) xori x8, x8, -0x1                       common_Mexcpt_handler+68
x8 <- 0xFFFFFFFFFFFFFFFF

clint mtime 0x00000000000006CA (mip.MTI <- 0b1, mip.STI <- 0b0)
mem[X,0x0000000080002AF8] -> 0xF4B3
mem[X,0x0000000080002AFA] -> 0x0085
[3476] [M]: 0x0000000080002AF8 (0x0085F4B3) and x9, x11, x8                         common_Mexcpt_handler+72
x9 <- 0x0000000000000298

mem[X,0x0000000080002AFC] -> 0x84B3
mem[X,0x0000000080002AFE] -> 0x0024
[3477] [M]: 0x0000000080002AFC (0x002484B3) add x9, x9, x2                          vmem_adj_Mepc+0
x9 <- 0x0000000080005298

clint mtime 0x00000000000006CB (mip.MTI <- 0b1, mip.STI <- 0b0)
mem[X,0x0000000080002B00] -> 0x23F3
mem[X,0x0000000080002B02] -> 0x3410
[3478] [M]: 0x0000000080002B00 (0x341023F3) csrrs x7, mepc, x0                      vmem_adj_Mepc+4
CSR mepc (0x341) -> 0x0000028000000400
x7 <- 0x0000028000000400

mem[X,0x0000000080002B04] -> 0x0413
mem[X,0x0000000080002B06] -> 0x0004
[3479] [M]: 0x0000000080002B04 (0x00040413) addi x8, x8, 0x0                        vmem_adj_Mepc+8
x8 <- 0xFFFFFFFFFFFFFFFF

clint mtime 0x00000000000006CC (mip.MTI <- 0b1, mip.STI <- 0b0)
mem[X,0x0000000080002B08] -> 0x006F
mem[X,0x0000000080002B0A] -> 0x0400
[3480] [M]: 0x0000000080002B08 (0x0400006F) jal x0, 0x40                            vmem_adj_Mepc+12

mem[X,0x0000000080002B48] -> 0x8433
mem[X,0x0000000080002B4A] -> 0x4083
[3481] [M]: 0x0000000080002B48 (0x40838433) sub x8, x7, x8                          adj_Mepc+0
x8 <- 0x0000028000000401

clint mtime 0x00000000000006CD (mip.MTI <- 0b1, mip.STI <- 0b0)
mem[X,0x0000000080002B4C] -> 0x3823
mem[X,0x0000000080002B4E] -> 0x0083
[3482] [M]: 0x0000000080002B4C (0x00833823) sd x8, 0x10(x6)                         sv_Mepc+0
mem[W,0x000000008000A508] <- 0x0000028000000401

mem[X,0x0000000080002B50] -> 0x55B7
mem[X,0x0000000080002B52] -> 0x0000
[3483] [M]: 0x0000000080002B50 (0x000055B7) lui x11, 0x5                            sv_Mepc+4
x11 <- 0x0000000000005000

clint mtime 0x00000000000006CE (mip.MTI <- 0b1, mip.STI <- 0b0)
mem[X,0x0000000080002B54] -> 0x8593
mem[X,0x0000000080002B56] -> 0x6675
[3484] [M]: 0x0000000080002B54 (0x66758593) addi x11, x11, 0x667                    sv_Mepc+8
x11 <- 0x0000000000005667

mem[X,0x0000000080002B58] -> 0x9593
mem[X,0x0000000080002B5A] -> 0x0015
[3485] [M]: 0x0000000080002B58 (0x00159593) slli x11, x11, 0x1                      sv_Mepc+12
x11 <- 0x000000000000ACCE

clint mtime 0x00000000000006CF (mip.MTI <- 0b1, mip.STI <- 0b0)
mem[X,0x0000000080002B5C] -> 0x9063
mem[X,0x0000000080002B5E] -> 0x02B1
[3486] [M]: 0x0000000080002B5C (0x02B19063) bne x3, x11, 0x20                       sv_Mepc+16

mem[X,0x0000000080002B60] -> 0x2473
mem[X,0x0000000080002B62] -> 0x3420
[3487] [M]: 0x0000000080002B60 (0x34202473) csrrs x8, mcause, x0                    sv_Mepc+20
CSR mcause (0x342) -> 0x0000000000000001
x8 <- 0x0000000000000001

clint mtime 0x00000000000006D0 (mip.MTI <- 0b1, mip.STI <- 0b0)
mem[X,0x0000000080002B64] -> 0x0593
mem[X,0x0000000080002B66] -> 0x00C0
[3488] [M]: 0x0000000080002B64 (0x00C00593) addi x11, x0, 0xc                       sv_Mepc+24
x11 <- 0x000000000000000C

mem[X,0x0000000080002B68] -> 0x0663
mem[X,0x0000000080002B6A] -> 0x00B4
[3489] [M]: 0x0000000080002B68 (0x00B40663) beq x8, x11, 0xc                        sv_Mepc+28

clint mtime 0x00000000000006D1 (mip.MTI <- 0b1, mip.STI <- 0b0)
mem[X,0x0000000080002B6C] -> 0x0593
mem[X,0x0000000080002B6E] -> 0x0010
[3490] [M]: 0x0000000080002B6C (0x00100593) addi x11, x0, 0x1                       sv_Mepc+32
x11 <- 0x0000000000000001

mem[X,0x0000000080002B70] -> 0x1663
mem[X,0x0000000080002B72] -> 0x00B4
[3491] [M]: 0x0000000080002B70 (0x00B41663) bne x8, x11, 0xc                        sv_Mepc+36

clint mtime 0x00000000000006D2 (mip.MTI <- 0b1, mip.STI <- 0b0)
mem[X,0x0000000080002B74] -> 0x1073
mem[X,0x0000000080002B76] -> 0x3412
[3492] [M]: 0x0000000080002B74 (0x34121073) csrrw x0, mepc, x4                      sv_Mepc+40
CSR mepc (0x341) <- 0x0000030080001EAC

mem[X,0x0000000080002B78] -> 0x006F
mem[X,0x0000000080002B7A] -> 0x0100
[3493] [M]: 0x0000000080002B78 (0x0100006F) jal x0, 0x10                            sv_Mepc+44

clint mtime 0x00000000000006D3 (mip.MTI <- 0b1, mip.STI <- 0b0)
mem[X,0x0000000080002B88] -> 0x23F3
mem[X,0x0000000080002B8A] -> 0x3430
[3494] [M]: 0x0000000080002B88 (0x343023F3) csrrs x7, mtval, x0                     skp_adj_Mepc+0
CSR mtval (0x343) -> 0x0000028000000400
x7 <- 0x0000028000000400

mem[X,0x0000000080002B8C] -> 0x0413
mem[X,0x0000000080002B8E] -> 0x0004
[3495] [M]: 0x0000000080002B8C (0x00040413) addi x8, x8, 0x0                        skp_adj_Mepc+4
x8 <- 0x0000000000000001

clint mtime 0x00000000000006D4 (mip.MTI <- 0b1, mip.STI <- 0b0)
mem[X,0x0000000080002B90] -> 0x006F
mem[X,0x0000000080002B92] -> 0x0840
[3496] [M]: 0x0000000080002B90 (0x0840006F) jal x0, 0x84                            skp_adj_Mepc+8

mem[X,0x0000000080002C14] -> 0x8433
mem[X,0x0000000080002C16] -> 0x4083
[3497] [M]: 0x0000000080002C14 (0x40838433) sub x8, x7, x8                          adj_Mtval+0
x8 <- 0x00000280000003FF

clint mtime 0x00000000000006D5 (mip.MTI <- 0b1, mip.STI <- 0b0)
mem[X,0x0000000080002C18] -> 0x3C23
mem[X,0x0000000080002C1A] -> 0x0083
[3498] [M]: 0x0000000080002C18 (0x00833C23) sd x8, 0x18(x6)                         sv_Mtval+0
mem[W,0x000000008000A510] <- 0x00000280000003FF

mem[X,0x0000000080002C1C] -> 0x3483
mem[X,0x0000000080002C1E] -> 0x2181
[3499] [M]: 0x0000000080002C1C (0x21813483) ld x9, 0x218(x2)                        skp_Mtval+0
mem[R,0x0000000080005218] -> 0x000000008000A518
x9 <- 0x000000008000A518

clint mtime 0x00000000000006D6 (mip.MTI <- 0b1, mip.STI <- 0b0)
mem[X,0x0000000080002C20] -> 0x3383
mem[X,0x0000000080002C22] -> 0x1F81
[3500] [M]: 0x0000000080002C20 (0x1F813383) ld x7, 0x1f8(x2)                        skp_Mtval+4
mem[R,0x00000000800051F8] -> 0x000000008000A110
x7 <- 0x000000008000A110

mem[X,0x0000000080002C24] -> 0x3303
mem[X,0x0000000080002C26] -> 0x2001
[3501] [M]: 0x0000000080002C24 (0x20013303) ld x6, 0x200(x2)                        skp_Mtval+8
mem[R,0x0000000080005200] -> 0x0000000000000410
x6 <- 0x0000000000000410

clint mtime 0x00000000000006D7 (mip.MTI <- 0b1, mip.STI <- 0b0)
mem[X,0x0000000080002C28] -> 0x0333
mem[X,0x0000000080002C2A] -> 0x0073
[3502] [M]: 0x0000000080002C28 (0x00730333) add x6, x6, x7                          skp_Mtval+12
x6 <- 0x000000008000A520

mem[X,0x0000000080002C2C] -> 0x6AE3
mem[X,0x0000000080002C2E] -> 0xAC93
[3503] [M]: 0x0000000080002C2C (0xAC936AE3) bltu x6, x9, -0x52c                     skp_Mtval+16

clint mtime 0x00000000000006D8 (mip.MTI <- 0b1, mip.STI <- 0b0)
mem[X,0x0000000080002C30] -> 0x0393
mem[X,0x0000000080002C32] -> 0x2000
[3504] [M]: 0x0000000080002C30 (0x20000393) addi x7, x0, 0x200                      skp_Mtval+20
x7 <- 0x0000000000000200

mem[X,0x0000000080002C34] -> 0x006F
mem[X,0x0000000080002C36] -> 0x0400
[3505] [M]: 0x0000000080002C34 (0x0400006F) jal x0, 0x40                            skp_Mtval+24

clint mtime 0x00000000000006D9 (mip.MTI <- 0b1, mip.STI <- 0b0)
mem[X,0x0000000080002C74] -> 0x0417
mem[X,0x0000000080002C76] -> 0x0000
[3506] [M]: 0x0000000080002C74 (0x00000417) auipc x8, 0x0                           spcl_Mhandler+0
x8 <- 0x0000000080002C74

mem[X,0x0000000080002C78] -> 0x0413
mem[X,0x0000000080002C7A] -> 0x03C4
[3507] [M]: 0x0000000080002C78 (0x03C40413) addi x8, x8, 0x3c                       spcl_Mhandler+4
x8 <- 0x0000000080002CB0

clint mtime 0x00000000000006DA (mip.MTI <- 0b1, mip.STI <- 0b0)
mem[X,0x0000000080002C7C] -> 0x0433
mem[X,0x0000000080002C7E] -> 0x0074
[3508] [M]: 0x0000000080002C7C (0x00740433) add x8, x8, x7                          spcl_Mhandler+8
x8 <- 0x0000000080002EB0

mem[X,0x0000000080002C80] -> 0x1393
mem[X,0x0000000080002C82] -> 0x0035
[3509] [M]: 0x0000000080002C80 (0x00351393) slli x7, x10, 0x3                       spcl_Mhandler+12
x7 <- 0x0000000000000008

clint mtime 0x00000000000006DB (mip.MTI <- 0b1, mip.STI <- 0b0)
mem[X,0x0000000080002C84] -> 0x0433
mem[X,0x0000000080002C86] -> 0x0074
[3510] [M]: 0x0000000080002C84 (0x00740433) add x8, x8, x7                          spcl_Mhandler+16
x8 <- 0x0000000080002EB8

mem[X,0x0000000080002C88] -> 0x7413
mem[X,0x0000000080002C8A] -> 0xFF84
[3511] [M]: 0x0000000080002C88 (0xFF847413) andi x8, x8, -0x8                       spcl_Mhandler+20
x8 <- 0x0000000080002EB8

clint mtime 0x00000000000006DC (mip.MTI <- 0b1, mip.STI <- 0b0)
mem[X,0x0000000080002C8C] -> 0x3403
mem[X,0x0000000080002C8E] -> 0x0004
[3512] [M]: 0x0000000080002C8C (0x00043403) ld x8, 0x0(x8)                          spcl_Mhandler+24
mem[R,0x0000000080002EB8] -> 0x0000000000000003
x8 <- 0x0000000000000003

mem[X,0x0000000080002C90] -> 0x02E3
mem[X,0x0000000080002C92] -> 0xB004
[3513] [M]: 0x0000000080002C90 (0xB00402E3) beq x8, x0, -0x4fc                      spcl_Mdispatch_hndling+0

clint mtime 0x00000000000006DD (mip.MTI <- 0b1, mip.STI <- 0b0)
mem[X,0x0000000080002C94] -> 0x1393
mem[X,0x0000000080002C96] -> 0x03F4
[3514] [M]: 0x0000000080002C94 (0x03F41393) slli x7, x8, 0x3f                       spcl_Mdispatch_hndling+4
x7 <- 0x8000000000000000

mem[X,0x0000000080002C98] -> 0xD863
mem[X,0x0000000080002C9A] -> 0x0003
[3515] [M]: 0x0000000080002C98 (0x0003D863) bge x7, x0, 0x10                        spcl_Mdispatch_hndling+8

clint mtime 0x00000000000006DE (mip.MTI <- 0b1, mip.STI <- 0b0)
mem[X,0x0000000080002C9C] -> 0x5413
mem[X,0x0000000080002C9E] -> 0x0014
[3516] [M]: 0x0000000080002C9C (0x00145413) srli x8, x8, 0x1                        spcl_Mdispatch_hndling+12
x8 <- 0x0000000000000001

mem[X,0x0000000080002CA0] -> 0x0CE3
mem[X,0x0000000080002CA2] -> 0xF885
[3517] [M]: 0x0000000080002CA0 (0xF8850CE3) beq x10, x8, -0x68                      spcl_Mdispatch_hndling+16

clint mtime 0x00000000000006DF (mip.MTI <- 0b1, mip.STI <- 0b0)
mem[X,0x0000000080002C38] -> 0x3303
mem[X,0x0000000080002C3A] -> 0x2601
[3518] [M]: 0x0000000080002C38 (0x26013303) ld x6, 0x260(x2)                        resto_Mrtn+0
mem[R,0x0000000080005260] -> 0xFFFFFFFF7FFFE40C
x6 <- 0xFFFFFFFF7FFFE40C

mem[X,0x0000000080002C3C] -> 0x3383
mem[X,0x0000000080002C3E] -> 0x2681
[3519] [M]: 0x0000000080002C3C (0x26813383) ld x7, 0x268(x2)                        resto_Mrtn+4
mem[R,0x0000000080005268] -> 0x0000000080005000
x7 <- 0x0000000080005000

clint mtime 0x00000000000006E0 (mip.MTI <- 0b1, mip.STI <- 0b0)
mem[X,0x0000000080002C40] -> 0x3403
mem[X,0x0000000080002C42] -> 0x2701
[3520] [M]: 0x0000000080002C40 (0x27013403) ld x8, 0x270(x2)                        resto_Mrtn+8
mem[R,0x0000000080005270] -> 0x0000000000007F76
x8 <- 0x0000000000007F76

mem[X,0x0000000080002C44] -> 0x3483
mem[X,0x0000000080002C46] -> 0x2781
[3521] [M]: 0x0000000080002C44 (0x27813483) ld x9, 0x278(x2)                        resto_Mrtn+12
mem[R,0x0000000080005278] -> 0x000003000000023C
x9 <- 0x000003000000023C

clint mtime 0x00000000000006E1 (mip.MTI <- 0b1, mip.STI <- 0b0)
mem[X,0x0000000080002C48] -> 0x3503
mem[X,0x0000000080002C4A] -> 0x2801
[3522] [M]: 0x0000000080002C48 (0x28013503) ld x10, 0x280(x2)                       resto_Mrtn+16
mem[R,0x0000000080005280] -> 0x00000000200000DF
x10 <- 0x00000000200000DF

mem[X,0x0000000080002C4C] -> 0x3583
mem[X,0x0000000080002C4E] -> 0x2881
[3523] [M]: 0x0000000080002C4C (0x28813583) ld x11, 0x288(x2)                       resto_Mrtn+20
mem[R,0x0000000080005288] -> 0x00000000000000DF
x11 <- 0x00000000000000DF

clint mtime 0x00000000000006E2 (mip.MTI <- 0b1, mip.STI <- 0b0)
mem[X,0x0000000080002C50] -> 0x3103
mem[X,0x0000000080002C52] -> 0x2901
[3524] [M]: 0x0000000080002C50 (0x29013103) ld x2, 0x290(x2)                        resto_Mrtn+24
mem[R,0x0000000080005290] -> 0x0000000000000000
x2 <- 0x0000000000000000

mem[X,0x0000000080002C54] -> 0x0073
mem[X,0x0000000080002C56] -> 0x3020
[3525] [M]: 0x0000000080002C54 (0x30200073) mret                                    resto_Mrtn+28
CSR mstatus (0x300) <- 0x0000000A00000080
ret-ing from M to U

clint mtime 0x00000000000006E3 (mip.MTI <- 0b1, mip.STI <- 0b0)
PTW: Start, vpn=0x30080001, access_type=X, privilege=Umem[R,0x0000000080009030] -> 0x00000000000000DB
PTW: Step, level=3, pte=0xDB, pte_addr=0x80009030
PTW: Success, final_ppn=0x80001, level=3mem[X,0x0000000080001EAC] -> 0x0013
PTW: Start, vpn=0x30080001, access_type=X, privilege=Umem[R,0x0000000080009030] -> 0x00000000000000DB
PTW: Step, level=3, pte=0xDB, pte_addr=0x80009030
PTW: Success, final_ppn=0x80001, level=3mem[X,0x0000000080001EAE] -> 0x0000
[3526] [U]: 0x0000030080001EAC (0x00000013) addi x0, x0, 0x0                        va_rvtest_code_begin+4880

PTW: Start, vpn=0x30080001, access_type=X, privilege=Umem[R,0x0000000080009030] -> 0x00000000000000DB
PTW: Step, level=3, pte=0xDB, pte_addr=0x80009030
PTW: Success, final_ppn=0x80001, level=3mem[X,0x0000000080001EB0] -> 0x0013
PTW: Start, vpn=0x30080001, access_type=X, privilege=Umem[R,0x0000000080009030] -> 0x00000000000000DB
PTW: Step, level=3, pte=0xDB, pte_addr=0x80009030
PTW: Success, final_ppn=0x80001, level=3mem[X,0x0000000080001EB2] -> 0x0000
[3527] [U]: 0x0000030080001EB0 (0x00000013) addi x0, x0, 0x0                        va_rvtest_code_begin+4884

clint mtime 0x00000000000006E4 (mip.MTI <- 0b1, mip.STI <- 0b0)
PTW: Start, vpn=0x30080001, access_type=X, privilege=Umem[R,0x0000000080009030] -> 0x00000000000000DB
PTW: Step, level=3, pte=0xDB, pte_addr=0x80009030
PTW: Success, final_ppn=0x80001, level=3mem[X,0x0000000080001EB4] -> 0x0013
PTW: Start, vpn=0x30080001, access_type=X, privilege=Umem[R,0x0000000080009030] -> 0x00000000000000DB
PTW: Step, level=3, pte=0xDB, pte_addr=0x80009030
PTW: Success, final_ppn=0x80001, level=3mem[X,0x0000000080001EB6] -> 0x0000
[3528] [U]: 0x0000030080001EB4 (0x00000013) addi x0, x0, 0x0                        va_rvtest_code_begin+4888

PTW: Start, vpn=0x30080001, access_type=X, privilege=Umem[R,0x0000000080009030] -> 0x00000000000000DB
PTW: Step, level=3, pte=0xDB, pte_addr=0x80009030
PTW: Success, final_ppn=0x80001, level=3mem[X,0x0000000080001EB8] -> 0x0113
PTW: Start, vpn=0x30080001, access_type=X, privilege=Umem[R,0x0000000080009030] -> 0x00000000000000DB
PTW: Step, level=3, pte=0xDB, pte_addr=0x80009030
PTW: Success, final_ppn=0x80001, level=3mem[X,0x0000000080001EBA] -> 0x0000
[3529] [U]: 0x0000030080001EB8 (0x00000113) addi x2, x0, 0x0                        va_rvtest_code_begin+4892
x2 <- 0x0000000000000000

clint mtime 0x00000000000006E5 (mip.MTI <- 0b1, mip.STI <- 0b0)
PTW: Start, vpn=0x30080001, access_type=X, privilege=Umem[R,0x0000000080009030] -> 0x00000000000000DB
PTW: Step, level=3, pte=0xDB, pte_addr=0x80009030
PTW: Success, final_ppn=0x80001, level=3mem[X,0x0000000080001EBC] -> 0x0073
PTW: Start, vpn=0x30080001, access_type=X, privilege=Umem[R,0x0000000080009030] -> 0x00000000000000DB
PTW: Step, level=3, pte=0xDB, pte_addr=0x80009030
PTW: Success, final_ppn=0x80001, level=3mem[X,0x0000000080001EBE] -> 0x0000
[3530] [U]: 0x0000030080001EBC (0x00000073) ecall                                   va_rvtest_code_begin+4896
trapping from U to M to handle u-call
handling exc#u-call at priv M with tval 0x0000000000000000
CSR mstatus (0x300) <- 0x0000000A00000000
CSR mcause (0x342) <- 0x0000000000000008
CSR mtval (0x343) <- 0x0000000000000000
CSR mepc (0x341) <- 0x0000030080001EBC

mem[X,0x0000000080002800] -> 0x006F
mem[X,0x0000000080002802] -> 0x1000
[3531] [M]: 0x0000000080002800 (0x1000006F) jal x0, 0x100                           Mtrampoline+0

clint mtime 0x00000000000006E6 (mip.MTI <- 0b1, mip.STI <- 0b0)
mem[X,0x0000000080002900] -> 0x1173
mem[X,0x0000000080002902] -> 0x3401
[3532] [M]: 0x0000000080002900 (0x34011173) csrrw x2, mscratch, x2                  trap_Mhandler+0
CSR mscratch (0x340) <- 0x0000000000000000
x2 <- 0x0000000080005000

mem[X,0x0000000080002904] -> 0x3423
mem[X,0x0000000080002906] -> 0x28B1
[3533] [M]: 0x0000000080002904 (0x28B13423) sd x11, 0x288(x2)                       trap_Mhandler+4
mem[W,0x0000000080005288] <- 0x00000000000000DF

clint mtime 0x00000000000006E7 (mip.MTI <- 0b1, mip.STI <- 0b0)
mem[X,0x0000000080002908] -> 0x05EF
mem[X,0x000000008000290A] -> 0x0B80
[3534] [M]: 0x0000000080002908 (0x0B8005EF) jal x11, 0xb8                           trap_Mhandler+8
x11 <- 0x000000008000290C

mem[X,0x00000000800029C0] -> 0x3023
mem[X,0x00000000800029C2] -> 0x28A1
[3535] [M]: 0x00000000800029C0 (0x28A13023) sd x10, 0x280(x2)                       common_Mhandler+0
mem[W,0x0000000080005280] <- 0x00000000200000DF

clint mtime 0x00000000000006E8 (mip.MTI <- 0b1, mip.STI <- 0b0)
mem[X,0x00000000800029C4] -> 0x1573
mem[X,0x00000000800029C6] -> 0x3401
[3536] [M]: 0x00000000800029C4 (0x34011573) csrrw x10, mscratch, x2                 common_Mhandler+4
CSR mscratch (0x340) <- 0x0000000080005000
x10 <- 0x0000000000000000

mem[X,0x00000000800029C8] -> 0x3823
mem[X,0x00000000800029CA] -> 0x28A1
[3537] [M]: 0x00000000800029C8 (0x28A13823) sd x10, 0x290(x2)                       common_Mhandler+8
mem[W,0x0000000080005290] <- 0x0000000000000000

clint mtime 0x00000000000006E9 (mip.MTI <- 0b1, mip.STI <- 0b0)
mem[X,0x00000000800029CC] -> 0x3503
mem[X,0x00000000800029CE] -> 0x2301
[3538] [M]: 0x00000000800029CC (0x23013503) ld x10, 0x230(x2)                       common_Mhandler+12
mem[R,0x0000000080005230] -> 0x00000000800029D4
x10 <- 0x00000000800029D4

mem[X,0x00000000800029D0] -> 0x0067
mem[X,0x00000000800029D2] -> 0x0005
[3539] [M]: 0x00000000800029D0 (0x00050067) jalr x0, 0x0(x10)                       common_Mhandler+16

clint mtime 0x00000000000006EA (mip.MTI <- 0b1, mip.STI <- 0b0)
mem[X,0x00000000800029D4] -> 0x3C23
mem[X,0x00000000800029D6] -> 0x2691
[3540] [M]: 0x00000000800029D4 (0x26913C23) sd x9, 0x278(x2)                        common_Mentry+0
mem[W,0x0000000080005278] <- 0x000003000000023C

mem[X,0x00000000800029D8] -> 0x3823
mem[X,0x00000000800029DA] -> 0x2681
[3541] [M]: 0x00000000800029D8 (0x26813823) sd x8, 0x270(x2)                        common_Mentry+4
mem[W,0x0000000080005270] <- 0x0000000000007F76

clint mtime 0x00000000000006EB (mip.MTI <- 0b1, mip.STI <- 0b0)
mem[X,0x00000000800029DC] -> 0x3423
mem[X,0x00000000800029DE] -> 0x2671
[3542] [M]: 0x00000000800029DC (0x26713423) sd x7, 0x268(x2)                        common_Mentry+8
mem[W,0x0000000080005268] <- 0x0000000080005000

mem[X,0x00000000800029E0] -> 0x3023
mem[X,0x00000000800029E2] -> 0x2661
[3543] [M]: 0x00000000800029E0 (0x26613023) sd x6, 0x260(x2)                        common_Mentry+12
mem[W,0x0000000080005260] <- 0xFFFFFFFF7FFFE40C

clint mtime 0x00000000000006EC (mip.MTI <- 0b1, mip.STI <- 0b0)
mem[X,0x00000000800029E4] -> 0x2573
mem[X,0x00000000800029E6] -> 0x3420
[3544] [M]: 0x00000000800029E4 (0x34202573) csrrs x10, mcause, x0                   spcl_M2mmode_test+0
CSR mcause (0x342) -> 0x0000000000000008
x10 <- 0x0000000000000008

mem[X,0x00000000800029E8] -> 0x04B7
mem[X,0x00000000800029EA] -> 0x8000
[3545] [M]: 0x00000000800029E8 (0x800004B7) lui x9, -0x80000                        spcl_M2mmode_test+4
x9 <- 0xFFFFFFFF80000000

clint mtime 0x00000000000006ED (mip.MTI <- 0b1, mip.STI <- 0b0)
mem[X,0x00000000800029EC] -> 0x8493
mem[X,0x00000000800029EE] -> 0x0004
[3546] [M]: 0x00000000800029EC (0x00048493) addi x9, x9, 0x0                        spcl_M2mmode_test+8
x9 <- 0xFFFFFFFF80000000

mem[X,0x00000000800029F0] -> 0x9493
mem[X,0x00000000800029F2] -> 0x00B4
[3547] [M]: 0x00000000800029F0 (0x00B49493) slli x9, x9, 0xb                        spcl_M2mmode_test+12
x9 <- 0xFFFFFC0000000000

clint mtime 0x00000000000006EE (mip.MTI <- 0b1, mip.STI <- 0b0)
mem[X,0x00000000800029F4] -> 0x8493
mem[X,0x00000000800029F6] -> 0x0004
[3548] [M]: 0x00000000800029F4 (0x00048493) addi x9, x9, 0x0                        spcl_M2mmode_test+16
x9 <- 0xFFFFFC0000000000

mem[X,0x00000000800029F8] -> 0x9493
mem[X,0x00000000800029FA] -> 0x00B4
[3549] [M]: 0x00000000800029F8 (0x00B49493) slli x9, x9, 0xb                        spcl_M2mmode_test+20
x9 <- 0xFFE0000000000000

clint mtime 0x00000000000006EF (mip.MTI <- 0b1, mip.STI <- 0b0)
mem[X,0x00000000800029FC] -> 0x8493
mem[X,0x00000000800029FE] -> 0x0034
[3550] [M]: 0x00000000800029FC (0x00348493) addi x9, x9, 0x3                        spcl_M2mmode_test+24
x9 <- 0xFFE0000000000003

mem[X,0x0000000080002A00] -> 0x9493
mem[X,0x0000000080002A02] -> 0x00A4
[3551] [M]: 0x0000000080002A00 (0x00A49493) slli x9, x9, 0xa                        spcl_M2mmode_test+28
x9 <- 0x8000000000000C00

clint mtime 0x00000000000006F0 (mip.MTI <- 0b1, mip.STI <- 0b0)
mem[X,0x0000000080002A04] -> 0x8493
mem[X,0x0000000080002A06] -> 0x3FC4
[3552] [M]: 0x0000000080002A04 (0x3FC48493) addi x9, x9, 0x3fc                      spcl_M2mmode_test+32
x9 <- 0x8000000000000FFC

mem[X,0x0000000080002A08] -> 0xF4B3
mem[X,0x0000000080002A0A] -> 0x00A4
[3553] [M]: 0x0000000080002A08 (0x00A4F4B3) and x9, x9, x10                         spcl_M2mmode_test+36
x9 <- 0x0000000000000008

clint mtime 0x00000000000006F1 (mip.MTI <- 0b1, mip.STI <- 0b0)
mem[X,0x0000000080002A0C] -> 0x8493
mem[X,0x0000000080002A0E] -> 0xFF84
[3554] [M]: 0x0000000080002A0C (0xFF848493) addi x9, x9, -0x8                       spcl_M2mmode_test+40
x9 <- 0x0000000000000000

mem[X,0x0000000080002A10] -> 0x9663
mem[X,0x0000000080002A12] -> 0x0004
[3555] [M]: 0x0000000080002A10 (0x00049663) bne x9, x0, 0xc                         spcl_M2mmode_test+44

clint mtime 0x00000000000006F2 (mip.MTI <- 0b1, mip.STI <- 0b0)
mem[X,0x0000000080002A14] -> 0x3383
mem[X,0x0000000080002A16] -> 0x2901
[3556] [M]: 0x0000000080002A14 (0x29013383) ld x7, 0x290(x2)                        spcl_M2mmode_test+48
mem[R,0x0000000080005290] -> 0x0000000000000000
x7 <- 0x0000000000000000

mem[X,0x0000000080002A18] -> 0x8663
mem[X,0x0000000080002A1A] -> 0x6E03
[3557] [M]: 0x0000000080002A18 (0x6E038663) beq x7, x0, 0x6ec                       spcl_M2mmode_test+52

clint mtime 0x00000000000006F3 (mip.MTI <- 0b1, mip.STI <- 0b0)
mem[X,0x0000000080003104] -> 0x0493
mem[X,0x0000000080003106] -> 0xFF55
[3558] [M]: 0x0000000080003104 (0xFF550493) addi x9, x10, -0xb                      rtn2mmode+0
x9 <- 0xFFFFFFFFFFFFFFFD

mem[X,0x0000000080003108] -> 0x8C63
mem[X,0x000000008000310A] -> 0x0004
[3559] [M]: 0x0000000080003108 (0x00048C63) beq x9, x0, 0x18                        rtn2mmode+4

clint mtime 0x00000000000006F4 (mip.MTI <- 0b1, mip.STI <- 0b0)
mem[X,0x000000008000310C] -> 0x3583
mem[X,0x000000008000310E] -> 0x4701
[3560] [M]: 0x000000008000310C (0x47013583) ld x11, 0x470(x2)                       rtn2mmode+8
mem[R,0x0000000080005470] -> 0x0000030080000B9C
x11 <- 0x0000030080000B9C

mem[X,0x0000000080003110] -> 0xD463
mem[X,0x0000000080003112] -> 0x0003
[3561] [M]: 0x0000000080003110 (0x0003D463) bge x7, x0, 0x8                         rtn2mmode+12

clint mtime 0x00000000000006F5 (mip.MTI <- 0b1, mip.STI <- 0b0)
mem[X,0x0000000080003118] -> 0x3483
mem[X,0x000000008000311A] -> 0x1D81
[3562] [M]: 0x0000000080003118 (0x1D813483) ld x9, 0x1d8(x2)                        from_u_s+0
mem[R,0x00000000800051D8] -> 0x0000000080000BB4
x9 <- 0x0000000080000BB4

mem[X,0x000000008000311C] -> 0x84B3
mem[X,0x000000008000311E] -> 0x40B4
[3563] [M]: 0x000000008000311C (0x40B484B3) sub x9, x9, x11                         from_u_s+4
x9 <- 0xFFFFFD0000000018

clint mtime 0x00000000000006F6 (mip.MTI <- 0b1, mip.STI <- 0b0)
mem[X,0x0000000080003120] -> 0x23F3
mem[X,0x0000000080003122] -> 0x3410
[3564] [M]: 0x0000000080003120 (0x341023F3) csrrs x7, mepc, x0                      rtn_fm_mmode+0
CSR mepc (0x341) -> 0x0000030080001EBC
x7 <- 0x0000030080001EBC

mem[X,0x0000000080003124] -> 0x83B3
mem[X,0x0000000080003126] -> 0x0093
[3565] [M]: 0x0000000080003124 (0x009383B3) add x7, x7, x9                          rtn_fm_mmode+4
x7 <- 0x0000000080001ED4

clint mtime 0x00000000000006F7 (mip.MTI <- 0b1, mip.STI <- 0b0)
mem[X,0x0000000080003128] -> 0x3303
mem[X,0x000000008000312A] -> 0x2601
[3566] [M]: 0x0000000080003128 (0x26013303) ld x6, 0x260(x2)                        rtn_fm_mmode+8
mem[R,0x0000000080005260] -> 0xFFFFFFFF7FFFE40C
x6 <- 0xFFFFFFFF7FFFE40C

mem[X,0x000000008000312C] -> 0x3403
mem[X,0x000000008000312E] -> 0x2701
[3567] [M]: 0x000000008000312C (0x27013403) ld x8, 0x270(x2)                        rtn_fm_mmode+12
mem[R,0x0000000080005270] -> 0x0000000000007F76
x8 <- 0x0000000000007F76

clint mtime 0x00000000000006F8 (mip.MTI <- 0b1, mip.STI <- 0b0)
mem[X,0x0000000080003130] -> 0x3483
mem[X,0x0000000080003132] -> 0x2781
[3568] [M]: 0x0000000080003130 (0x27813483) ld x9, 0x278(x2)                        rtn_fm_mmode+16
mem[R,0x0000000080005278] -> 0x000003000000023C
x9 <- 0x000003000000023C

mem[X,0x0000000080003134] -> 0x3503
mem[X,0x0000000080003136] -> 0x2801
[3569] [M]: 0x0000000080003134 (0x28013503) ld x10, 0x280(x2)                       rtn_fm_mmode+20
mem[R,0x0000000080005280] -> 0x00000000200000DF
x10 <- 0x00000000200000DF

clint mtime 0x00000000000006F9 (mip.MTI <- 0b1, mip.STI <- 0b0)
mem[X,0x0000000080003138] -> 0x3583
mem[X,0x000000008000313A] -> 0x2881
[3570] [M]: 0x0000000080003138 (0x28813583) ld x11, 0x288(x2)                       rtn_fm_mmode+24
mem[R,0x0000000080005288] -> 0x00000000000000DF
x11 <- 0x00000000000000DF

mem[X,0x000000008000313C] -> 0x3103
mem[X,0x000000008000313E] -> 0x2901
[3571] [M]: 0x000000008000313C (0x29013103) ld x2, 0x290(x2)                        rtn_fm_mmode+28
mem[R,0x0000000080005290] -> 0x0000000000000000
x2 <- 0x0000000000000000

clint mtime 0x00000000000006FA (mip.MTI <- 0b1, mip.STI <- 0b0)
mem[X,0x0000000080003140] -> 0x8067
mem[X,0x0000000080003142] -> 0x0043
[3572] [M]: 0x0000000080003140 (0x00438067) jalr x0, 0x4(x7)                        rtn_fm_mmode+32

mem[X,0x0000000080001ED8] -> 0xC3B7
mem[X,0x0000000080001EDA] -> 0x0003
[3573] [M]: 0x0000000080001ED8 (0x0003C3B7) lui x7, 0x3c                            main+4856
x7 <- 0x000000000003C000

clint mtime 0x00000000000006FB (mip.MTI <- 0b1, mip.STI <- 0b0)
mem[X,0x0000000080001EDC] -> 0x8393
mem[X,0x0000000080001EDE] -> 0x0073
[3574] [M]: 0x0000000080001EDC (0x00738393) addi x7, x7, 0x7                        main+4860
x7 <- 0x000000000003C007

mem[X,0x0000000080001EE0] -> 0x9393
mem[X,0x0000000080001EE2] -> 0x00A3
[3575] [M]: 0x0000000080001EE0 (0x00A39393) slli x7, x7, 0xa                        main+4864
x7 <- 0x000000000F001C00

clint mtime 0x00000000000006FC (mip.MTI <- 0b1, mip.STI <- 0b0)
mem[X,0x0000000080001EE4] -> 0x9073
mem[X,0x0000000080001EE6] -> 0x3A03
[3576] [M]: 0x0000000080001EE4 (0x3A039073) csrrw x0, pmpcfg0, x7                   main+4868
CSR pmpcfg0 (0x3A0) <- 0x000000000F001C00

mem[X,0x0000000080001EE8] -> 0x0013
mem[X,0x0000000080001EEA] -> 0x0000
[3577] [M]: 0x0000000080001EE8 (0x00000013) addi x0, x0, 0x0                        main+4872

clint mtime 0x00000000000006FD (mip.MTI <- 0b1, mip.STI <- 0b0)
mem[X,0x0000000080001EEC] -> 0x0013
mem[X,0x0000000080001EEE] -> 0x0000
[3578] [M]: 0x0000000080001EEC (0x00000013) addi x0, x0, 0x0                        main+4876

mem[X,0x0000000080001EF0] -> 0x0013
mem[X,0x0000000080001EF2] -> 0x0000
[3579] [M]: 0x0000000080001EF0 (0x00000013) addi x0, x0, 0x0                        main+4880

clint mtime 0x00000000000006FE (mip.MTI <- 0b1, mip.STI <- 0b0)
mem[X,0x0000000080001EF4] -> 0x0013
mem[X,0x0000000080001EF6] -> 0x0000
[3580] [M]: 0x0000000080001EF4 (0x00000013) addi x0, x0, 0x0                        main+4884

mem[X,0x0000000080001EF8] -> 0x0013
mem[X,0x0000000080001EFA] -> 0x0000
[3581] [M]: 0x0000000080001EF8 (0x00000013) addi x0, x0, 0x0                        main+4888

clint mtime 0x00000000000006FF (mip.MTI <- 0b1, mip.STI <- 0b0)
mem[X,0x0000000080001EFC] -> 0x0013
mem[X,0x0000000080001EFE] -> 0x0000
[3582] [M]: 0x0000000080001EFC (0x00000013) addi x0, x0, 0x0                        main+4892

mem[X,0x0000000080001F00] -> 0x051B
mem[X,0x0000000080001F02] -> 0x0000
[3583] [M]: 0x0000000080001F00 (0x0000051B) addiw x10, x0, 0x0                      main+4896
x10 <- 0x0000000000000000

clint mtime 0x0000000000000700 (mip.MTI <- 0b1, mip.STI <- 0b0)
mem[X,0x0000000080001F04] -> 0x0001
[3584] [M]: 0x0000000080001F04 (0x0001) c.nop                                       main+4900

mem[X,0x0000000080001F06] -> 0x0013
mem[X,0x0000000080001F08] -> 0x0000
[3585] [M]: 0x0000000080001F06 (0x00000013) addi x0, x0, 0x0                        main+4902

clint mtime 0x0000000000000701 (mip.MTI <- 0b1, mip.STI <- 0b0)
mem[X,0x0000000080001F0A] -> 0x0013
mem[X,0x0000000080001F0C] -> 0x0000
[3586] [M]: 0x0000000080001F0A (0x00000013) addi x0, x0, 0x0                        main+4906

mem[X,0x0000000080001F0E] -> 0x0013
mem[X,0x0000000080001F10] -> 0x0000
[3587] [M]: 0x0000000080001F0E (0x00000013) addi x0, x0, 0x0                        main+4910

clint mtime 0x0000000000000702 (mip.MTI <- 0b1, mip.STI <- 0b0)
mem[X,0x0000000080001F12] -> 0x0013
mem[X,0x0000000080001F14] -> 0x0000
[3588] [M]: 0x0000000080001F12 (0x00000013) addi x0, x0, 0x0                        main+4914

mem[X,0x0000000080001F16] -> 0x0013
mem[X,0x0000000080001F18] -> 0x0000
[3589] [M]: 0x0000000080001F16 (0x00000013) addi x0, x0, 0x0                        main+4918

clint mtime 0x0000000000000703 (mip.MTI <- 0b1, mip.STI <- 0b0)
mem[X,0x0000000080001F1A] -> 0x0013
mem[X,0x0000000080001F1C] -> 0x0000
[3590] [M]: 0x0000000080001F1A (0x00000013) addi x0, x0, 0x0                        main+4922

mem[X,0x0000000080001F1E] -> 0x0001
[3591] [M]: 0x0000000080001F1E (0x0001) c.nop                                       main+4926

clint mtime 0x0000000000000704 (mip.MTI <- 0b1, mip.STI <- 0b0)
mem[X,0x0000000080001F20] -> 0x0593
mem[X,0x0000000080001F22] -> 0x0DF0
[3592] [M]: 0x0000000080001F20 (0x0DF00593) addi x11, x0, 0xdf                      main+4928
x11 <- 0x00000000000000DF

mem[X,0x0000000080001F24] -> 0x5513
mem[X,0x0000000080001F26] -> 0x00C5
[3593] [M]: 0x0000000080001F24 (0x00C55513) srli x10, x10, 0xc                      main+4932
x10 <- 0x0000000000000000

clint mtime 0x0000000000000705 (mip.MTI <- 0b1, mip.STI <- 0b0)
mem[X,0x0000000080001F28] -> 0x1513
mem[X,0x0000000080001F2A] -> 0x00A5
[3594] [M]: 0x0000000080001F28 (0x00A51513) slli x10, x10, 0xa                      main+4936
x10 <- 0x0000000000000000

mem[X,0x0000000080001F2C] -> 0x6533
mem[X,0x0000000080001F2E] -> 0x00B5
[3595] [M]: 0x0000000080001F2C (0x00B56533) or x10, x10, x11                        main+4940
x10 <- 0x00000000000000DF

clint mtime 0x0000000000000706 (mip.MTI <- 0b1, mip.STI <- 0b0)
mem[X,0x0000000080001F30] -> 0x0013
mem[X,0x0000000080001F32] -> 0x0000
[3596] [M]: 0x0000000080001F30 (0x00000013) addi x0, x0, 0x0                        main+4944

mem[X,0x0000000080001F34] -> 0x0013
mem[X,0x0000000080001F36] -> 0x0000
[3597] [M]: 0x0000000080001F34 (0x00000013) addi x0, x0, 0x0                        main+4948

clint mtime 0x0000000000000707 (mip.MTI <- 0b1, mip.STI <- 0b0)
mem[X,0x0000000080001F38] -> 0x0013
mem[X,0x0000000080001F3A] -> 0x0000
[3598] [M]: 0x0000000080001F38 (0x00000013) addi x0, x0, 0x0                        main+4952

mem[X,0x0000000080001F3C] -> 0x0013
mem[X,0x0000000080001F3E] -> 0x0000
[3599] [M]: 0x0000000080001F3C (0x00000013) addi x0, x0, 0x0                        main+4956

clint mtime 0x0000000000000708 (mip.MTI <- 0b1, mip.STI <- 0b0)
mem[X,0x0000000080001F40] -> 0x7317
mem[X,0x0000000080001F42] -> 0x0000
[3600] [M]: 0x0000000080001F40 (0x00007317) auipc x6, 0x7                           main+4960
x6 <- 0x0000000080008F40

mem[X,0x0000000080001F44] -> 0x0313
mem[X,0x0000000080001F46] -> 0x0C03
[3601] [M]: 0x0000000080001F44 (0x0C030313) addi x6, x6, 0xc0                       main+4964
x6 <- 0x0000000080009000

clint mtime 0x0000000000000709 (mip.MTI <- 0b1, mip.STI <- 0b0)
mem[X,0x0000000080001F48] -> 0x0001
[3602] [M]: 0x0000000080001F48 (0x0001) c.nop                                       main+4968

mem[X,0x0000000080001F4A] -> 0x0013
mem[X,0x0000000080001F4C] -> 0x0000
[3603] [M]: 0x0000000080001F4A (0x00000013) addi x0, x0, 0x0                        main+4970

clint mtime 0x000000000000070A (mip.MTI <- 0b1, mip.STI <- 0b0)
mem[X,0x0000000080001F4E] -> 0x0013
mem[X,0x0000000080001F50] -> 0x0000
[3604] [M]: 0x0000000080001F4E (0x00000013) addi x0, x0, 0x0                        main+4974

mem[X,0x0000000080001F52] -> 0x0013
mem[X,0x0000000080001F54] -> 0x0000
[3605] [M]: 0x0000000080001F52 (0x00000013) addi x0, x0, 0x0                        main+4978

clint mtime 0x000000000000070B (mip.MTI <- 0b1, mip.STI <- 0b0)
mem[X,0x0000000080001F56] -> 0x0013
mem[X,0x0000000080001F58] -> 0x0000
[3606] [M]: 0x0000000080001F56 (0x00000013) addi x0, x0, 0x0                        main+4982

mem[X,0x0000000080001F5A] -> 0x0013
mem[X,0x0000000080001F5C] -> 0x0000
[3607] [M]: 0x0000000080001F5A (0x00000013) addi x0, x0, 0x0                        main+4986

clint mtime 0x000000000000070C (mip.MTI <- 0b1, mip.STI <- 0b0)
mem[X,0x0000000080001F5E] -> 0x0001
[3608] [M]: 0x0000000080001F5E (0x0001) c.nop                                       main+4990

mem[X,0x0000000080001F60] -> 0x0293
mem[X,0x0000000080001F62] -> 0x0280
[3609] [M]: 0x0000000080001F60 (0x02800293) addi x5, x0, 0x28                       main+4992
x5 <- 0x0000000000000028

clint mtime 0x000000000000070D (mip.MTI <- 0b1, mip.STI <- 0b0)
mem[X,0x0000000080001F64] -> 0x0333
mem[X,0x0000000080001F66] -> 0x0053
[3610] [M]: 0x0000000080001F64 (0x00530333) add x6, x6, x5                          main+4996
x6 <- 0x0000000080009028

mem[X,0x0000000080001F68] -> 0x3023
mem[X,0x0000000080001F6A] -> 0x00A3
[3611] [M]: 0x0000000080001F68 (0x00A33023) sd x10, 0x0(x6)                         main+5000
mem[W,0x0000000080009028] <- 0x00000000000000DF

clint mtime 0x000000000000070E (mip.MTI <- 0b1, mip.STI <- 0b0)
mem[X,0x0000000080001F6C] -> 0x0073
mem[X,0x0000000080001F6E] -> 0x1200
[3612] [M]: 0x0000000080001F6C (0x12000073) sfence.vma x0, x0                       main+5004

mem[X,0x0000000080001F70] -> 0x0493
mem[X,0x0000000080001F72] -> 0x0010
[3613] [M]: 0x0000000080001F70 (0x00100493) addi x9, x0, 0x1                        main+5008
x9 <- 0x0000000000000001

clint mtime 0x000000000000070F (mip.MTI <- 0b1, mip.STI <- 0b0)
mem[X,0x0000000080001F74] -> 0x9493
mem[X,0x0000000080001F76] -> 0x00B4
[3614] [M]: 0x0000000080001F74 (0x00B49493) slli x9, x9, 0xb                        main+5012
x9 <- 0x0000000000000800

mem[X,0x0000000080001F78] -> 0xB073
mem[X,0x0000000080001F7A] -> 0x3004
[3615] [M]: 0x0000000080001F78 (0x3004B073) csrrc x0, mstatus, x9                   main+5016
CSR mstatus (0x300) <- 0x0000000A00000000

clint mtime 0x0000000000000710 (mip.MTI <- 0b1, mip.STI <- 0b0)
mem[X,0x0000000080001F7C] -> 0x23F3
mem[X,0x0000000080001F7E] -> 0x3400
[3616] [M]: 0x0000000080001F7C (0x340023F3) csrrs x7, mscratch, x0                  main+5020
CSR mscratch (0x340) -> 0x0000000080005000
x7 <- 0x0000000080005000

mem[X,0x0000000080001F80] -> 0xB303
mem[X,0x0000000080001F82] -> 0x4703
[3617] [M]: 0x0000000080001F80 (0x4703B303) ld x6, 0x470(x7)                        main+5024
mem[R,0x0000000080005470] -> 0x0000030080000B9C
x6 <- 0x0000030080000B9C

clint mtime 0x0000000000000711 (mip.MTI <- 0b1, mip.STI <- 0b0)
mem[X,0x0000000080001F84] -> 0xB483
mem[X,0x0000000080001F86] -> 0x1D83
[3618] [M]: 0x0000000080001F84 (0x1D83B483) ld x9, 0x1d8(x7)                        main+5028
mem[R,0x00000000800051D8] -> 0x0000000080000BB4
x9 <- 0x0000000080000BB4

mem[X,0x0000000080001F88] -> 0x0333
mem[X,0x0000000080001F8A] -> 0x4093
[3619] [M]: 0x0000000080001F88 (0x40930333) sub x6, x6, x9                          main+5032
x6 <- 0x000002FFFFFFFFE8

clint mtime 0x0000000000000712 (mip.MTI <- 0b1, mip.STI <- 0b0)
mem[X,0x0000000080001F8C] -> 0x0313
mem[X,0x0000000080001F8E] -> 0x0103
[3620] [M]: 0x0000000080001F8C (0x01030313) addi x6, x6, 0x10                       main+5036
x6 <- 0x000002FFFFFFFFF8

mem[X,0x0000000080001F90] -> 0x0497
mem[X,0x0000000080001F92] -> 0x0000
[3621] [M]: 0x0000000080001F90 (0x00000497) auipc x9, 0x0                           main+5040
x9 <- 0x0000000080001F90

clint mtime 0x0000000000000713 (mip.MTI <- 0b1, mip.STI <- 0b0)
mem[X,0x0000000080001F94] -> 0x84B3
mem[X,0x0000000080001F96] -> 0x0064
[3622] [M]: 0x0000000080001F94 (0x006484B3) add x9, x9, x6                          main+5044
x9 <- 0x0000030080001F88

mem[X,0x0000000080001F98] -> 0x94F3
mem[X,0x0000000080001F9A] -> 0x3414
[3623] [M]: 0x0000000080001F98 (0x341494F3) csrrw x9, mepc, x9                      main+5048
CSR mepc (0x341) <- 0x0000030080001F88
x9 <- 0x0000030080001EBC

clint mtime 0x0000000000000714 (mip.MTI <- 0b1, mip.STI <- 0b0)
mem[X,0x0000000080001F9C] -> 0x0073
mem[X,0x0000000080001F9E] -> 0x3020
[3624] [M]: 0x0000000080001F9C (0x30200073) mret                                    main+5052
CSR mstatus (0x300) <- 0x0000000A00000080
ret-ing from M to U

PTW: Start, vpn=0x30080001, access_type=X, privilege=Umem[R,0x0000000080009030] -> 0x00000000000000DB
PTW: Step, level=3, pte=0xDB, pte_addr=0x80009030
PTW: Success, final_ppn=0x80001, level=3mem[X,0x0000000080001F88] -> 0x0333
PTW: Start, vpn=0x30080001, access_type=X, privilege=Umem[R,0x0000000080009030] -> 0x00000000000000DB
PTW: Step, level=3, pte=0xDB, pte_addr=0x80009030
PTW: Success, final_ppn=0x80001, level=3mem[X,0x0000000080001F8A] -> 0x4093
[3625] [U]: 0x0000030080001F88 (0x40930333) sub x6, x6, x9                          va_rvtest_code_begin+5100
x6 <- 0xFFFFFFFF7FFFE13C

clint mtime 0x0000000000000715 (mip.MTI <- 0b1, mip.STI <- 0b0)
PTW: Start, vpn=0x30080001, access_type=X, privilege=Umem[R,0x0000000080009030] -> 0x00000000000000DB
PTW: Step, level=3, pte=0xDB, pte_addr=0x80009030
PTW: Success, final_ppn=0x80001, level=3mem[X,0x0000000080001F8C] -> 0x0313
PTW: Start, vpn=0x30080001, access_type=X, privilege=Umem[R,0x0000000080009030] -> 0x00000000000000DB
PTW: Step, level=3, pte=0xDB, pte_addr=0x80009030
PTW: Success, final_ppn=0x80001, level=3mem[X,0x0000000080001F8E] -> 0x0103
[3626] [U]: 0x0000030080001F8C (0x01030313) addi x6, x6, 0x10                       va_rvtest_code_begin+5104
x6 <- 0xFFFFFFFF7FFFE14C

PTW: Start, vpn=0x30080001, access_type=X, privilege=Umem[R,0x0000000080009030] -> 0x00000000000000DB
PTW: Step, level=3, pte=0xDB, pte_addr=0x80009030
PTW: Success, final_ppn=0x80001, level=3mem[X,0x0000000080001F90] -> 0x0497
PTW: Start, vpn=0x30080001, access_type=X, privilege=Umem[R,0x0000000080009030] -> 0x00000000000000DB
PTW: Step, level=3, pte=0xDB, pte_addr=0x80009030
PTW: Success, final_ppn=0x80001, level=3mem[X,0x0000000080001F92] -> 0x0000
[3627] [U]: 0x0000030080001F90 (0x00000497) auipc x9, 0x0                           va_rvtest_code_begin+5108
x9 <- 0x0000030080001F90

clint mtime 0x0000000000000716 (mip.MTI <- 0b1, mip.STI <- 0b0)
PTW: Start, vpn=0x30080001, access_type=X, privilege=Umem[R,0x0000000080009030] -> 0x00000000000000DB
PTW: Step, level=3, pte=0xDB, pte_addr=0x80009030
PTW: Success, final_ppn=0x80001, level=3mem[X,0x0000000080001F94] -> 0x84B3
PTW: Start, vpn=0x30080001, access_type=X, privilege=Umem[R,0x0000000080009030] -> 0x00000000000000DB
PTW: Step, level=3, pte=0xDB, pte_addr=0x80009030
PTW: Success, final_ppn=0x80001, level=3mem[X,0x0000000080001F96] -> 0x0064
[3628] [U]: 0x0000030080001F94 (0x006484B3) add x9, x9, x6                          va_rvtest_code_begin+5112
x9 <- 0x00000300000000DC

PTW: Start, vpn=0x30080001, access_type=X, privilege=Umem[R,0x0000000080009030] -> 0x00000000000000DB
PTW: Step, level=3, pte=0xDB, pte_addr=0x80009030
PTW: Success, final_ppn=0x80001, level=3mem[X,0x0000000080001F98] -> 0x94F3
PTW: Start, vpn=0x30080001, access_type=X, privilege=Umem[R,0x0000000080009030] -> 0x00000000000000DB
PTW: Step, level=3, pte=0xDB, pte_addr=0x80009030
PTW: Success, final_ppn=0x80001, level=3mem[X,0x0000000080001F9A] -> 0x3414
[3629] [U]: 0x0000030080001F98 (0x341494F3) csrrw x9, mepc, x9                      va_rvtest_code_begin+5116
trapping from U to M to handle illegal-instruction
handling exc#illegal-instruction at priv M with tval 0x00000000341494F3
CSR mstatus (0x300) <- 0x0000000A00000000
CSR mcause (0x342) <- 0x0000000000000002
CSR mtval (0x343) <- 0x00000000341494F3
CSR mepc (0x341) <- 0x0000030080001F98

clint mtime 0x0000000000000717 (mip.MTI <- 0b1, mip.STI <- 0b0)
mem[X,0x0000000080002800] -> 0x006F
mem[X,0x0000000080002802] -> 0x1000
[3630] [M]: 0x0000000080002800 (0x1000006F) jal x0, 0x100                           Mtrampoline+0

mem[X,0x0000000080002900] -> 0x1173
mem[X,0x0000000080002902] -> 0x3401
[3631] [M]: 0x0000000080002900 (0x34011173) csrrw x2, mscratch, x2                  trap_Mhandler+0
CSR mscratch (0x340) <- 0x0000000000000000
x2 <- 0x0000000080005000

clint mtime 0x0000000000000718 (mip.MTI <- 0b1, mip.STI <- 0b0)
mem[X,0x0000000080002904] -> 0x3423
mem[X,0x0000000080002906] -> 0x28B1
[3632] [M]: 0x0000000080002904 (0x28B13423) sd x11, 0x288(x2)                       trap_Mhandler+4
mem[W,0x0000000080005288] <- 0x00000000000000DF

mem[X,0x0000000080002908] -> 0x05EF
mem[X,0x000000008000290A] -> 0x0B80
[3633] [M]: 0x0000000080002908 (0x0B8005EF) jal x11, 0xb8                           trap_Mhandler+8
x11 <- 0x000000008000290C

clint mtime 0x0000000000000719 (mip.MTI <- 0b1, mip.STI <- 0b0)
mem[X,0x00000000800029C0] -> 0x3023
mem[X,0x00000000800029C2] -> 0x28A1
[3634] [M]: 0x00000000800029C0 (0x28A13023) sd x10, 0x280(x2)                       common_Mhandler+0
mem[W,0x0000000080005280] <- 0x00000000000000DF

mem[X,0x00000000800029C4] -> 0x1573
mem[X,0x00000000800029C6] -> 0x3401
[3635] [M]: 0x00000000800029C4 (0x34011573) csrrw x10, mscratch, x2                 common_Mhandler+4
CSR mscratch (0x340) <- 0x0000000080005000
x10 <- 0x0000000000000000

clint mtime 0x000000000000071A (mip.MTI <- 0b1, mip.STI <- 0b0)
mem[X,0x00000000800029C8] -> 0x3823
mem[X,0x00000000800029CA] -> 0x28A1
[3636] [M]: 0x00000000800029C8 (0x28A13823) sd x10, 0x290(x2)                       common_Mhandler+8
mem[W,0x0000000080005290] <- 0x0000000000000000

mem[X,0x00000000800029CC] -> 0x3503
mem[X,0x00000000800029CE] -> 0x2301
[3637] [M]: 0x00000000800029CC (0x23013503) ld x10, 0x230(x2)                       common_Mhandler+12
mem[R,0x0000000080005230] -> 0x00000000800029D4
x10 <- 0x00000000800029D4

clint mtime 0x000000000000071B (mip.MTI <- 0b1, mip.STI <- 0b0)
mem[X,0x00000000800029D0] -> 0x0067
mem[X,0x00000000800029D2] -> 0x0005
[3638] [M]: 0x00000000800029D0 (0x00050067) jalr x0, 0x0(x10)                       common_Mhandler+16

mem[X,0x00000000800029D4] -> 0x3C23
mem[X,0x00000000800029D6] -> 0x2691
[3639] [M]: 0x00000000800029D4 (0x26913C23) sd x9, 0x278(x2)                        common_Mentry+0
mem[W,0x0000000080005278] <- 0x00000300000000DC

clint mtime 0x000000000000071C (mip.MTI <- 0b1, mip.STI <- 0b0)
mem[X,0x00000000800029D8] -> 0x3823
mem[X,0x00000000800029DA] -> 0x2681
[3640] [M]: 0x00000000800029D8 (0x26813823) sd x8, 0x270(x2)                        common_Mentry+4
mem[W,0x0000000080005270] <- 0x0000000000007F76

mem[X,0x00000000800029DC] -> 0x3423
mem[X,0x00000000800029DE] -> 0x2671
[3641] [M]: 0x00000000800029DC (0x26713423) sd x7, 0x268(x2)                        common_Mentry+8
mem[W,0x0000000080005268] <- 0x0000000080005000

clint mtime 0x000000000000071D (mip.MTI <- 0b1, mip.STI <- 0b0)
mem[X,0x00000000800029E0] -> 0x3023
mem[X,0x00000000800029E2] -> 0x2661
[3642] [M]: 0x00000000800029E0 (0x26613023) sd x6, 0x260(x2)                        common_Mentry+12
mem[W,0x0000000080005260] <- 0xFFFFFFFF7FFFE14C

mem[X,0x00000000800029E4] -> 0x2573
mem[X,0x00000000800029E6] -> 0x3420
[3643] [M]: 0x00000000800029E4 (0x34202573) csrrs x10, mcause, x0                   spcl_M2mmode_test+0
CSR mcause (0x342) -> 0x0000000000000002
x10 <- 0x0000000000000002

clint mtime 0x000000000000071E (mip.MTI <- 0b1, mip.STI <- 0b0)
mem[X,0x00000000800029E8] -> 0x04B7
mem[X,0x00000000800029EA] -> 0x8000
[3644] [M]: 0x00000000800029E8 (0x800004B7) lui x9, -0x80000                        spcl_M2mmode_test+4
x9 <- 0xFFFFFFFF80000000

mem[X,0x00000000800029EC] -> 0x8493
mem[X,0x00000000800029EE] -> 0x0004
[3645] [M]: 0x00000000800029EC (0x00048493) addi x9, x9, 0x0                        spcl_M2mmode_test+8
x9 <- 0xFFFFFFFF80000000

clint mtime 0x000000000000071F (mip.MTI <- 0b1, mip.STI <- 0b0)
mem[X,0x00000000800029F0] -> 0x9493
mem[X,0x00000000800029F2] -> 0x00B4
[3646] [M]: 0x00000000800029F0 (0x00B49493) slli x9, x9, 0xb                        spcl_M2mmode_test+12
x9 <- 0xFFFFFC0000000000

mem[X,0x00000000800029F4] -> 0x8493
mem[X,0x00000000800029F6] -> 0x0004
[3647] [M]: 0x00000000800029F4 (0x00048493) addi x9, x9, 0x0                        spcl_M2mmode_test+16
x9 <- 0xFFFFFC0000000000

clint mtime 0x0000000000000720 (mip.MTI <- 0b1, mip.STI <- 0b0)
mem[X,0x00000000800029F8] -> 0x9493
mem[X,0x00000000800029FA] -> 0x00B4
[3648] [M]: 0x00000000800029F8 (0x00B49493) slli x9, x9, 0xb                        spcl_M2mmode_test+20
x9 <- 0xFFE0000000000000

mem[X,0x00000000800029FC] -> 0x8493
mem[X,0x00000000800029FE] -> 0x0034
[3649] [M]: 0x00000000800029FC (0x00348493) addi x9, x9, 0x3                        spcl_M2mmode_test+24
x9 <- 0xFFE0000000000003

clint mtime 0x0000000000000721 (mip.MTI <- 0b1, mip.STI <- 0b0)
mem[X,0x0000000080002A00] -> 0x9493
mem[X,0x0000000080002A02] -> 0x00A4
[3650] [M]: 0x0000000080002A00 (0x00A49493) slli x9, x9, 0xa                        spcl_M2mmode_test+28
x9 <- 0x8000000000000C00

mem[X,0x0000000080002A04] -> 0x8493
mem[X,0x0000000080002A06] -> 0x3FC4
[3651] [M]: 0x0000000080002A04 (0x3FC48493) addi x9, x9, 0x3fc                      spcl_M2mmode_test+32
x9 <- 0x8000000000000FFC

clint mtime 0x0000000000000722 (mip.MTI <- 0b1, mip.STI <- 0b0)
mem[X,0x0000000080002A08] -> 0xF4B3
mem[X,0x0000000080002A0A] -> 0x00A4
[3652] [M]: 0x0000000080002A08 (0x00A4F4B3) and x9, x9, x10                         spcl_M2mmode_test+36
x9 <- 0x0000000000000000

mem[X,0x0000000080002A0C] -> 0x8493
mem[X,0x0000000080002A0E] -> 0xFF84
[3653] [M]: 0x0000000080002A0C (0xFF848493) addi x9, x9, -0x8                       spcl_M2mmode_test+40
x9 <- 0xFFFFFFFFFFFFFFF8

clint mtime 0x0000000000000723 (mip.MTI <- 0b1, mip.STI <- 0b0)
mem[X,0x0000000080002A10] -> 0x9663
mem[X,0x0000000080002A12] -> 0x0004
[3654] [M]: 0x0000000080002A10 (0x00049663) bne x9, x0, 0xc                         spcl_M2mmode_test+44

mem[X,0x0000000080002A1C] -> 0x0393
mem[X,0x0000000080002A1E] -> 0x0200
[3655] [M]: 0x0000000080002A1C (0x02000393) addi x7, x0, 0x20                       Mtrapsig_ptr_upd+0
x7 <- 0x0000000000000020

clint mtime 0x0000000000000724 (mip.MTI <- 0b1, mip.STI <- 0b0)
mem[X,0x0000000080002A20] -> 0x5263
mem[X,0x0000000080002A22] -> 0x0405
[3656] [M]: 0x0000000080002A20 (0x04055263) bge x10, x0, 0x44                       Mtrapsig_ptr_upd+4

mem[X,0x0000000080002A64] -> 0x2373
mem[X,0x0000000080002A66] -> 0x3010
[3657] [M]: 0x0000000080002A64 (0x30102373) csrrs x6, misa, x0                      Mxcpt_sig_sv+0
CSR misa (0x301) -> 0x800000000034112F
x6 <- 0x800000000034112F

clint mtime 0x0000000000000725 (mip.MTI <- 0b1, mip.STI <- 0b0)
mem[X,0x0000000080002A68] -> 0x1313
mem[X,0x0000000080002A6A] -> 0x0383
[3658] [M]: 0x0000000080002A68 (0x03831313) slli x6, x6, 0x38                       Mxcpt_sig_sv+4
x6 <- 0x2F00000000000000

mem[X,0x0000000080002A6C] -> 0x5463
mem[X,0x0000000080002A6E] -> 0x0003
[3659] [M]: 0x0000000080002A6C (0x00035463) bge x6, x0, 0x8                         Mxcpt_sig_sv+8

clint mtime 0x0000000000000726 (mip.MTI <- 0b1, mip.STI <- 0b0)
mem[X,0x0000000080002A74] -> 0x3303
mem[X,0x0000000080002A76] -> 0x2181
[3660] [M]: 0x0000000080002A74 (0x21813303) ld x6, 0x218(x2)                        Mtrap_sig_sv+0
mem[R,0x0000000080005218] -> 0x000000008000A518
x6 <- 0x000000008000A518

mem[X,0x0000000080002A78] -> 0x04B3
mem[X,0x0000000080002A7A] -> 0x0073
[3661] [M]: 0x0000000080002A78 (0x007304B3) add x9, x6, x7                          Mtrap_sig_sv+4
x9 <- 0x000000008000A538

clint mtime 0x0000000000000727 (mip.MTI <- 0b1, mip.STI <- 0b0)
mem[X,0x0000000080002A7C] -> 0x3C23
mem[X,0x0000000080002A7E] -> 0x2091
[3662] [M]: 0x0000000080002A7C (0x20913C23) sd x9, 0x218(x2)                        Mtrap_sig_sv+8
mem[W,0x0000000080005218] <- 0x000000008000A538

mem[X,0x0000000080002A80] -> 0x3403
mem[X,0x0000000080002A82] -> 0x1F81
[3663] [M]: 0x0000000080002A80 (0x1F813403) ld x8, 0x1f8(x2)                        Mtrap_sig_sv+12
mem[R,0x00000000800051F8] -> 0x000000008000A110
x8 <- 0x000000008000A110

clint mtime 0x0000000000000728 (mip.MTI <- 0b1, mip.STI <- 0b0)
mem[X,0x0000000080002A84] -> 0x0333
mem[X,0x0000000080002A86] -> 0x4083
[3664] [M]: 0x0000000080002A84 (0x40830333) sub x6, x6, x8                          Mtrap_sig_sv+16
x6 <- 0x0000000000000408

mem[X,0x0000000080002A88] -> 0x3403
mem[X,0x0000000080002A8A] -> 0x1F81
[3665] [M]: 0x0000000080002A88 (0x1F813403) ld x8, 0x1f8(x2)                        Mtrap_sig_sv+20
mem[R,0x00000000800051F8] -> 0x000000008000A110
x8 <- 0x000000008000A110

clint mtime 0x0000000000000729 (mip.MTI <- 0b1, mip.STI <- 0b0)
mem[X,0x0000000080002A8C] -> 0x0333
mem[X,0x0000000080002A8E] -> 0x0083
[3666] [M]: 0x0000000080002A8C (0x00830333) add x6, x6, x8                          Mtrap_sig_sv+24
x6 <- 0x000000008000A518

mem[X,0x0000000080002A90] -> 0x3403
mem[X,0x0000000080002A92] -> 0x2401
[3667] [M]: 0x0000000080002A90 (0x24013403) ld x8, 0x240(x2)                        Mtrap_sig_sv+28
mem[R,0x0000000080005240] -> 0x0000000080002800
x8 <- 0x0000000080002800

clint mtime 0x000000000000072A (mip.MTI <- 0b1, mip.STI <- 0b0)
mem[X,0x0000000080002A94] -> 0x85B3
mem[X,0x0000000080002A96] -> 0x4085
[3668] [M]: 0x0000000080002A94 (0x408585B3) sub x11, x11, x8                        sv_Mvect+0
x11 <- 0x000000000000010C

mem[X,0x0000000080002A98] -> 0x9593
mem[X,0x0000000080002A9A] -> 0x0045
[3669] [M]: 0x0000000080002A98 (0x00459593) slli x11, x11, 0x4                      sv_Mvect+4
x11 <- 0x00000000000010C0

clint mtime 0x000000000000072B (mip.MTI <- 0b1, mip.STI <- 0b0)
mem[X,0x0000000080002A9C] -> 0xE5B3
mem[X,0x0000000080002A9E] -> 0x0075
[3670] [M]: 0x0000000080002A9C (0x0075E5B3) or x11, x11, x7                         sv_Mvect+8
x11 <- 0x00000000000010E0

mem[X,0x0000000080002AA0] -> 0x8593
mem[X,0x0000000080002AA2] -> 0x0035
[3671] [M]: 0x0000000080002AA0 (0x00358593) addi x11, x11, 0x3                      sv_Mvect+12
x11 <- 0x00000000000010E3

clint mtime 0x000000000000072C (mip.MTI <- 0b1, mip.STI <- 0b0)
mem[X,0x0000000080002AA4] -> 0x3023
mem[X,0x0000000080002AA6] -> 0x00B3
[3672] [M]: 0x0000000080002AA4 (0x00B33023) sd x11, 0x0(x6)                         sv_Mvect+16
mem[W,0x000000008000A518] <- 0x00000000000010E3

mem[X,0x0000000080002AA8] -> 0x3423
mem[X,0x0000000080002AAA] -> 0x00A3
[3673] [M]: 0x0000000080002AA8 (0x00A33423) sd x10, 0x8(x6)                         sv_Mcause+0
mem[W,0x000000008000A520] <- 0x0000000000000002

clint mtime 0x000000000000072D (mip.MTI <- 0b1, mip.STI <- 0b0)
mem[X,0x0000000080002AAC] -> 0x4663
mem[X,0x0000000080002AAE] -> 0x1A05
[3674] [M]: 0x0000000080002AAC (0x1A054663) blt x10, x0, 0x1ac                      sv_Mcause+4

mem[X,0x0000000080002AB0] -> 0x25F3
mem[X,0x0000000080002AB2] -> 0x3000
[3675] [M]: 0x0000000080002AB0 (0x300025F3) csrrs x11, mstatus, x0                  common_Mexcpt_handler+0
CSR mstatus (0x300) -> 0x0000000A00000000
x11 <- 0x0000000A00000000

clint mtime 0x000000000000072E (mip.MTI <- 0b1, mip.STI <- 0b0)
mem[X,0x0000000080002AB4] -> 0x9413
mem[X,0x0000000080002AB6] -> 0x02E5
[3676] [M]: 0x0000000080002AB4 (0x02E59413) slli x8, x11, 0x2e                      common_Mexcpt_handler+4
x8 <- 0x0000000000000000

mem[X,0x0000000080002AB8] -> 0x5463
mem[X,0x0000000080002ABA] -> 0x0004
[3677] [M]: 0x0000000080002AB8 (0x00045463) bge x8, x0, 0x8                         common_Mexcpt_handler+8

clint mtime 0x000000000000072F (mip.MTI <- 0b1, mip.STI <- 0b0)
mem[X,0x0000000080002AC0] -> 0xD493
mem[X,0x0000000080002AC2] -> 0x00B5
[3678] [M]: 0x0000000080002AC0 (0x00B5D493) srli x9, x11, 0xb                       common_Mexcpt_handler+16
x9 <- 0x0000000001400000

mem[X,0x0000000080002AC4] -> 0xF493
mem[X,0x0000000080002AC6] -> 0x0034
[3679] [M]: 0x0000000080002AC4 (0x0034F493) andi x9, x9, 0x3                        common_Mexcpt_handler+20
x9 <- 0x0000000000000000

clint mtime 0x0000000000000730 (mip.MTI <- 0b1, mip.STI <- 0b0)
mem[X,0x0000000080002AC8] -> 0x8493
mem[X,0x0000000080002ACA] -> 0x0014
[3680] [M]: 0x0000000080002AC8 (0x00148493) addi x9, x9, 0x1                        common_Mexcpt_handler+24
x9 <- 0x0000000000000001

mem[X,0x0000000080002ACC] -> 0xF493
mem[X,0x0000000080002ACE] -> 0x0044
[3681] [M]: 0x0000000080002ACC (0x0044F493) andi x9, x9, 0x4                        common_Mexcpt_handler+28
x9 <- 0x0000000000000000

clint mtime 0x0000000000000731 (mip.MTI <- 0b1, mip.STI <- 0b0)
mem[X,0x0000000080002AD0] -> 0x0593
mem[X,0x0000000080002AD2] -> 0x05D0
[3682] [M]: 0x0000000080002AD0 (0x05D00593) addi x11, x0, 0x5d                      common_Mexcpt_handler+32
x11 <- 0x000000000000005D

mem[X,0x0000000080002AD4] -> 0xD5B3
mem[X,0x0000000080002AD6] -> 0x0095
[3683] [M]: 0x0000000080002AD4 (0x0095D5B3) srl x11, x11, x9                        common_Mexcpt_handler+36
x11 <- 0x000000000000005D

clint mtime 0x0000000000000732 (mip.MTI <- 0b1, mip.STI <- 0b0)
mem[X,0x0000000080002AD8] -> 0xF593
mem[X,0x0000000080002ADA] -> 0x0015
[3684] [M]: 0x0000000080002AD8 (0x0015F593) andi x11, x11, 0x1                      common_Mexcpt_handler+40
x11 <- 0x0000000000000001

mem[X,0x0000000080002ADC] -> 0x8EE3
mem[X,0x0000000080002ADE] -> 0xF405
[3685] [M]: 0x0000000080002ADC (0xF4058EE3) beq x11, x0, -0xa4                      common_Mexcpt_handler+44

clint mtime 0x0000000000000733 (mip.MTI <- 0b1, mip.STI <- 0b0)
mem[X,0x0000000080002AE0] -> 0x0593
mem[X,0x0000000080002AE2] -> 0x2980
[3686] [M]: 0x0000000080002AE0 (0x29800593) addi x11, x0, 0x298                     common_Mexcpt_handler+48
x11 <- 0x0000000000000298

mem[X,0x0000000080002AE4] -> 0xF413
mem[X,0x0000000080002AE6] -> 0x0014
[3687] [M]: 0x0000000080002AE4 (0x0014F413) andi x8, x9, 0x1                        common_Mexcpt_handler+52
x8 <- 0x0000000000000000

clint mtime 0x0000000000000734 (mip.MTI <- 0b1, mip.STI <- 0b0)
mem[X,0x0000000080002AE8] -> 0x95B3
mem[X,0x0000000080002AEA] -> 0x0085
[3688] [M]: 0x0000000080002AE8 (0x008595B3) sll x11, x11, x8                        common_Mexcpt_handler+56
x11 <- 0x0000000000000298

mem[X,0x0000000080002AEC] -> 0x9413
mem[X,0x0000000080002AEE] -> 0x03D4
[3689] [M]: 0x0000000080002AEC (0x03D49413) slli x8, x9, 0x3d                       common_Mexcpt_handler+60
x8 <- 0x0000000000000000

clint mtime 0x0000000000000735 (mip.MTI <- 0b1, mip.STI <- 0b0)
mem[X,0x0000000080002AF0] -> 0x5413
mem[X,0x0000000080002AF2] -> 0x43F4
[3690] [M]: 0x0000000080002AF0 (0x43F45413) srai x8, x8, 0x3f                       common_Mexcpt_handler+64
x8 <- 0x0000000000000000

mem[X,0x0000000080002AF4] -> 0x4413
mem[X,0x0000000080002AF6] -> 0xFFF4
[3691] [M]: 0x0000000080002AF4 (0xFFF44413) xori x8, x8, -0x1                       common_Mexcpt_handler+68
x8 <- 0xFFFFFFFFFFFFFFFF

clint mtime 0x0000000000000736 (mip.MTI <- 0b1, mip.STI <- 0b0)
mem[X,0x0000000080002AF8] -> 0xF4B3
mem[X,0x0000000080002AFA] -> 0x0085
[3692] [M]: 0x0000000080002AF8 (0x0085F4B3) and x9, x11, x8                         common_Mexcpt_handler+72
x9 <- 0x0000000000000298

mem[X,0x0000000080002AFC] -> 0x84B3
mem[X,0x0000000080002AFE] -> 0x0024
[3693] [M]: 0x0000000080002AFC (0x002484B3) add x9, x9, x2                          vmem_adj_Mepc+0
x9 <- 0x0000000080005298

clint mtime 0x0000000000000737 (mip.MTI <- 0b1, mip.STI <- 0b0)
mem[X,0x0000000080002B00] -> 0x23F3
mem[X,0x0000000080002B02] -> 0x3410
[3694] [M]: 0x0000000080002B00 (0x341023F3) csrrs x7, mepc, x0                      vmem_adj_Mepc+4
CSR mepc (0x341) -> 0x0000030080001F98
x7 <- 0x0000030080001F98

mem[X,0x0000000080002B04] -> 0x0413
mem[X,0x0000000080002B06] -> 0x0004
[3695] [M]: 0x0000000080002B04 (0x00040413) addi x8, x8, 0x0                        vmem_adj_Mepc+8
x8 <- 0xFFFFFFFFFFFFFFFF

clint mtime 0x0000000000000738 (mip.MTI <- 0b1, mip.STI <- 0b0)
mem[X,0x0000000080002B08] -> 0x006F
mem[X,0x0000000080002B0A] -> 0x0400
[3696] [M]: 0x0000000080002B08 (0x0400006F) jal x0, 0x40                            vmem_adj_Mepc+12

mem[X,0x0000000080002B48] -> 0x8433
mem[X,0x0000000080002B4A] -> 0x4083
[3697] [M]: 0x0000000080002B48 (0x40838433) sub x8, x7, x8                          adj_Mepc+0
x8 <- 0x0000030080001F99

clint mtime 0x0000000000000739 (mip.MTI <- 0b1, mip.STI <- 0b0)
mem[X,0x0000000080002B4C] -> 0x3823
mem[X,0x0000000080002B4E] -> 0x0083
[3698] [M]: 0x0000000080002B4C (0x00833823) sd x8, 0x10(x6)                         sv_Mepc+0
mem[W,0x000000008000A528] <- 0x0000030080001F99

mem[X,0x0000000080002B50] -> 0x55B7
mem[X,0x0000000080002B52] -> 0x0000
[3699] [M]: 0x0000000080002B50 (0x000055B7) lui x11, 0x5                            sv_Mepc+4
x11 <- 0x0000000000005000

clint mtime 0x000000000000073A (mip.MTI <- 0b1, mip.STI <- 0b0)
mem[X,0x0000000080002B54] -> 0x8593
mem[X,0x0000000080002B56] -> 0x6675
[3700] [M]: 0x0000000080002B54 (0x66758593) addi x11, x11, 0x667                    sv_Mepc+8
x11 <- 0x0000000000005667

mem[X,0x0000000080002B58] -> 0x9593
mem[X,0x0000000080002B5A] -> 0x0015
[3701] [M]: 0x0000000080002B58 (0x00159593) slli x11, x11, 0x1                      sv_Mepc+12
x11 <- 0x000000000000ACCE

clint mtime 0x000000000000073B (mip.MTI <- 0b1, mip.STI <- 0b0)
mem[X,0x0000000080002B5C] -> 0x9063
mem[X,0x0000000080002B5E] -> 0x02B1
[3702] [M]: 0x0000000080002B5C (0x02B19063) bne x3, x11, 0x20                       sv_Mepc+16

mem[X,0x0000000080002B60] -> 0x2473
mem[X,0x0000000080002B62] -> 0x3420
[3703] [M]: 0x0000000080002B60 (0x34202473) csrrs x8, mcause, x0                    sv_Mepc+20
CSR mcause (0x342) -> 0x0000000000000002
x8 <- 0x0000000000000002

clint mtime 0x000000000000073C (mip.MTI <- 0b1, mip.STI <- 0b0)
mem[X,0x0000000080002B64] -> 0x0593
mem[X,0x0000000080002B66] -> 0x00C0
[3704] [M]: 0x0000000080002B64 (0x00C00593) addi x11, x0, 0xc                       sv_Mepc+24
x11 <- 0x000000000000000C

mem[X,0x0000000080002B68] -> 0x0663
mem[X,0x0000000080002B6A] -> 0x00B4
[3705] [M]: 0x0000000080002B68 (0x00B40663) beq x8, x11, 0xc                        sv_Mepc+28

clint mtime 0x000000000000073D (mip.MTI <- 0b1, mip.STI <- 0b0)
mem[X,0x0000000080002B6C] -> 0x0593
mem[X,0x0000000080002B6E] -> 0x0010
[3706] [M]: 0x0000000080002B6C (0x00100593) addi x11, x0, 0x1                       sv_Mepc+32
x11 <- 0x0000000000000001

mem[X,0x0000000080002B70] -> 0x1663
mem[X,0x0000000080002B72] -> 0x00B4
[3707] [M]: 0x0000000080002B70 (0x00B41663) bne x8, x11, 0xc                        sv_Mepc+36

clint mtime 0x000000000000073E (mip.MTI <- 0b1, mip.STI <- 0b0)
mem[X,0x0000000080002B7C] -> 0xF593
mem[X,0x0000000080002B7E] -> 0xFFC3
[3708] [M]: 0x0000000080002B7C (0xFFC3F593) andi x11, x7, -0x4                      adj_Mepc_rtn+0
x11 <- 0x0000030080001F98

mem[X,0x0000000080002B80] -> 0x8593
mem[X,0x0000000080002B82] -> 0x0085
[3709] [M]: 0x0000000080002B80 (0x00858593) addi x11, x11, 0x8                      adj_Mepc_rtn+4
x11 <- 0x0000030080001FA0

clint mtime 0x000000000000073F (mip.MTI <- 0b1, mip.STI <- 0b0)
mem[X,0x0000000080002B84] -> 0x9073
mem[X,0x0000000080002B86] -> 0x3415
[3710] [M]: 0x0000000080002B84 (0x34159073) csrrw x0, mepc, x11                     adj_Mepc_rtn+8
CSR mepc (0x341) <- 0x0000030080001FA0

mem[X,0x0000000080002B88] -> 0x23F3
mem[X,0x0000000080002B8A] -> 0x3430
[3711] [M]: 0x0000000080002B88 (0x343023F3) csrrs x7, mtval, x0                     skp_adj_Mepc+0
CSR mtval (0x343) -> 0x00000000341494F3
x7 <- 0x00000000341494F3

clint mtime 0x0000000000000740 (mip.MTI <- 0b1, mip.STI <- 0b0)
mem[X,0x0000000080002B8C] -> 0x0413
mem[X,0x0000000080002B8E] -> 0x0004
[3712] [M]: 0x0000000080002B8C (0x00040413) addi x8, x8, 0x0                        skp_adj_Mepc+4
x8 <- 0x0000000000000002

mem[X,0x0000000080002B90] -> 0x006F
mem[X,0x0000000080002B92] -> 0x0840
[3713] [M]: 0x0000000080002B90 (0x0840006F) jal x0, 0x84                            skp_adj_Mepc+8

clint mtime 0x0000000000000741 (mip.MTI <- 0b1, mip.STI <- 0b0)
mem[X,0x0000000080002C14] -> 0x8433
mem[X,0x0000000080002C16] -> 0x4083
[3714] [M]: 0x0000000080002C14 (0x40838433) sub x8, x7, x8                          adj_Mtval+0
x8 <- 0x00000000341494F1

mem[X,0x0000000080002C18] -> 0x3C23
mem[X,0x0000000080002C1A] -> 0x0083
[3715] [M]: 0x0000000080002C18 (0x00833C23) sd x8, 0x18(x6)                         sv_Mtval+0
mem[W,0x000000008000A530] <- 0x00000000341494F1

clint mtime 0x0000000000000742 (mip.MTI <- 0b1, mip.STI <- 0b0)
mem[X,0x0000000080002C1C] -> 0x3483
mem[X,0x0000000080002C1E] -> 0x2181
[3716] [M]: 0x0000000080002C1C (0x21813483) ld x9, 0x218(x2)                        skp_Mtval+0
mem[R,0x0000000080005218] -> 0x000000008000A538
x9 <- 0x000000008000A538

mem[X,0x0000000080002C20] -> 0x3383
mem[X,0x0000000080002C22] -> 0x1F81
[3717] [M]: 0x0000000080002C20 (0x1F813383) ld x7, 0x1f8(x2)                        skp_Mtval+4
mem[R,0x00000000800051F8] -> 0x000000008000A110
x7 <- 0x000000008000A110

clint mtime 0x0000000000000743 (mip.MTI <- 0b1, mip.STI <- 0b0)
mem[X,0x0000000080002C24] -> 0x3303
mem[X,0x0000000080002C26] -> 0x2001
[3718] [M]: 0x0000000080002C24 (0x20013303) ld x6, 0x200(x2)                        skp_Mtval+8
mem[R,0x0000000080005200] -> 0x0000000000000410
x6 <- 0x0000000000000410

mem[X,0x0000000080002C28] -> 0x0333
mem[X,0x0000000080002C2A] -> 0x0073
[3719] [M]: 0x0000000080002C28 (0x00730333) add x6, x6, x7                          skp_Mtval+12
x6 <- 0x000000008000A520

clint mtime 0x0000000000000744 (mip.MTI <- 0b1, mip.STI <- 0b0)
mem[X,0x0000000080002C2C] -> 0x6AE3
mem[X,0x0000000080002C2E] -> 0xAC93
[3720] [M]: 0x0000000080002C2C (0xAC936AE3) bltu x6, x9, -0x52c                     skp_Mtval+16

mem[X,0x0000000080002700] -> 0x2373
mem[X,0x0000000080002702] -> 0x3400
[3721] [M]: 0x0000000080002700 (0x34002373) csrrs x6, mscratch, x0                  exit_Scleanup+0
CSR mscratch (0x340) -> 0x0000000080005000
x6 <- 0x0000000080005000

clint mtime 0x0000000000000745 (mip.MTI <- 0b1, mip.STI <- 0b0)
mem[X,0x0000000080002704] -> 0x0313
mem[X,0x0000000080002706] -> 0x2983
[3722] [M]: 0x0000000080002704 (0x29830313) addi x6, x6, 0x298                      exit_Scleanup+4
x6 <- 0x0000000080005298

mem[X,0x0000000080002708] -> 0x3383
mem[X,0x000000008000270A] -> 0x2383
[3723] [M]: 0x0000000080002708 (0x23833383) ld x7, 0x238(x6)                        resto_Sedeleg+0
mem[R,0x00000000800054D0] -> 0x0000000000000000
x7 <- 0x0000000000000000

clint mtime 0x0000000000000746 (mip.MTI <- 0b1, mip.STI <- 0b0)
mem[X,0x000000008000270C] -> 0x3383
mem[X,0x000000008000270E] -> 0x2203
[3724] [M]: 0x000000008000270C (0x22033383) ld x7, 0x220(x6)                        resto_Ssatp+0
mem[R,0x00000000800054B8] -> 0x0000000000000000
x7 <- 0x0000000000000000

mem[X,0x0000000080002710] -> 0x9073
mem[X,0x0000000080002712] -> 0x1803
[3725] [M]: 0x0000000080002710 (0x18039073) csrrw x0, satp, x7                      resto_Ssatp+4
CSR satp (0x180) <- 0x0000000000000000

clint mtime 0x0000000000000747 (mip.MTI <- 0b1, mip.STI <- 0b0)
mem[X,0x0000000080002714] -> 0x3503
mem[X,0x0000000080002716] -> 0x2503
[3726] [M]: 0x0000000080002714 (0x25033503) ld x10, 0x250(x6)                       resto_Sscratch+0
mem[R,0x00000000800054E8] -> 0x0000000000000000
x10 <- 0x0000000000000000

mem[X,0x0000000080002718] -> 0x1073
mem[X,0x000000008000271A] -> 0x1405
[3727] [M]: 0x0000000080002718 (0x14051073) csrrw x0, sscratch, x10                 resto_Sscratch+4
CSR sscratch (0x140) <- 0x0000000000000000

clint mtime 0x0000000000000748 (mip.MTI <- 0b1, mip.STI <- 0b0)
mem[X,0x000000008000271C] -> 0x3483
mem[X,0x000000008000271E] -> 0x2483
[3728] [M]: 0x000000008000271C (0x24833483) ld x9, 0x248(x6)                        resto_Sxtvec+0
mem[R,0x00000000800054E0] -> 0x0000000000000000
x9 <- 0x0000000000000000

mem[X,0x0000000080002720] -> 0x93F3
mem[X,0x0000000080002722] -> 0x1054
[3729] [M]: 0x0000000080002720 (0x105493F3) csrrw x7, stvec, x9                     resto_Sxtvec+4
CSR stvec (0x105) <- 0x0000000000000000
x7 <- 0x0000000080003180

clint mtime 0x0000000000000749 (mip.MTI <- 0b1, mip.STI <- 0b0)
mem[X,0x0000000080002724] -> 0xF493
mem[X,0x0000000080002726] -> 0xFFC4
[3730] [M]: 0x0000000080002724 (0xFFC4F493) andi x9, x9, -0x4                       resto_Sxtvec+8
x9 <- 0x0000000000000000

mem[X,0x0000000080002728] -> 0xF393
mem[X,0x000000008000272A] -> 0xFFC3
[3731] [M]: 0x0000000080002728 (0xFFC3F393) andi x7, x7, -0x4                       resto_Sxtvec+12
x7 <- 0x0000000080003180

clint mtime 0x000000000000074A (mip.MTI <- 0b1, mip.STI <- 0b0)
mem[X,0x000000008000272C] -> 0x9063
mem[X,0x000000008000272E] -> 0x0274
[3732] [M]: 0x000000008000272C (0x02749063) bne x9, x7, 0x20                        resto_Sxtvec+16

mem[X,0x000000008000274C] -> 0x2373
mem[X,0x000000008000274E] -> 0x3400
[3733] [M]: 0x000000008000274C (0x34002373) csrrs x6, mscratch, x0                  rvtest_Send+0
CSR mscratch (0x340) -> 0x0000000080005000
x6 <- 0x0000000080005000

clint mtime 0x000000000000074B (mip.MTI <- 0b1, mip.STI <- 0b0)
mem[X,0x0000000080002750] -> 0x3383
mem[X,0x0000000080002752] -> 0x2383
[3734] [M]: 0x0000000080002750 (0x23833383) ld x7, 0x238(x6)                        resto_Medeleg+0
mem[R,0x0000000080005238] -> 0x0000000000000000
x7 <- 0x0000000000000000

mem[X,0x0000000080002754] -> 0x9073
mem[X,0x0000000080002756] -> 0x3023
[3735] [M]: 0x0000000080002754 (0x30239073) csrrw x0, medeleg, x7                   resto_Medeleg+4
CSR medeleg (0x302) <- 0x0000000000000000

clint mtime 0x000000000000074C (mip.MTI <- 0b1, mip.STI <- 0b0)
mem[X,0x0000000080002758] -> 0x3503
mem[X,0x000000008000275A] -> 0x2503
[3736] [M]: 0x0000000080002758 (0x25033503) ld x10, 0x250(x6)                       resto_Mscratch+0
mem[R,0x0000000080005250] -> 0x0000000000000000
x10 <- 0x0000000000000000

mem[X,0x000000008000275C] -> 0x1073
mem[X,0x000000008000275E] -> 0x3405
[3737] [M]: 0x000000008000275C (0x34051073) csrrw x0, mscratch, x10                 resto_Mscratch+4
CSR mscratch (0x340) <- 0x0000000000000000

clint mtime 0x000000000000074D (mip.MTI <- 0b1, mip.STI <- 0b0)
mem[X,0x0000000080002760] -> 0x3483
mem[X,0x0000000080002762] -> 0x2483
[3738] [M]: 0x0000000080002760 (0x24833483) ld x9, 0x248(x6)                        resto_Mxtvec+0
mem[R,0x0000000080005248] -> 0x0000000000000000
x9 <- 0x0000000000000000

mem[X,0x0000000080002764] -> 0x93F3
mem[X,0x0000000080002766] -> 0x3054
[3739] [M]: 0x0000000080002764 (0x305493F3) csrrw x7, mtvec, x9                     resto_Mxtvec+4
CSR mtvec (0x305) <- 0x0000000000000000
x7 <- 0x0000000080002800

clint mtime 0x000000000000074E (mip.MTI <- 0b1, mip.STI <- 0b0)
mem[X,0x0000000080002768] -> 0xF493
mem[X,0x000000008000276A] -> 0xFFC4
[3740] [M]: 0x0000000080002768 (0xFFC4F493) andi x9, x9, -0x4                       resto_Mxtvec+8
x9 <- 0x0000000000000000

mem[X,0x000000008000276C] -> 0xF393
mem[X,0x000000008000276E] -> 0xFFC3
[3741] [M]: 0x000000008000276C (0xFFC3F393) andi x7, x7, -0x4                       resto_Mxtvec+12
x7 <- 0x0000000080002800

clint mtime 0x000000000000074F (mip.MTI <- 0b1, mip.STI <- 0b0)
mem[X,0x0000000080002770] -> 0x9063
mem[X,0x0000000080002772] -> 0x0274
[3742] [M]: 0x0000000080002770 (0x02749063) bne x9, x7, 0x20                        resto_Mxtvec+16

mem[X,0x0000000080002790] -> 0x106F
mem[X,0x0000000080002792] -> 0x29C0
[3743] [M]: 0x0000000080002790 (0x29C0106F) jal x0, 0x129c                          rvtest_Mend+0

clint mtime 0x0000000000000750 (mip.MTI <- 0b1, mip.STI <- 0b0)
mem[X,0x0000000080003A2C] -> 0x0093
mem[X,0x0000000080003A2E] -> 0x0010
[3744] [M]: 0x0000000080003A2C (0x00100093) addi x1, x0, 0x1                        exit_cleanup+0
x1 <- 0x0000000000000001

mem[X,0x0000000080003A30] -> 0x0397
mem[X,0x0000000080003A32] -> 0x0000
[3745] [M]: 0x0000000080003A30 (0x00000397) auipc x7, 0x0                           exit_cleanup+4
x7 <- 0x0000000080003A30

clint mtime 0x0000000000000751 (mip.MTI <- 0b1, mip.STI <- 0b0)
mem[X,0x0000000080003A34] -> 0xA823
mem[X,0x0000000080003A36] -> 0x5C13
[3746] [M]: 0x0000000080003A34 (0x5C13A823) sw x1, 0x5d0(x7)                        exit_cleanup+8
htif[0x0000000080004000] <- 0x00000001
mem[W,0x0000000080004000] <- 0x00000001

mem[X,0x0000000080003A38] -> 0xF06F
mem[X,0x0000000080003A3A] -> 0xFF9F
[3747] [M]: 0x0000000080003A38 (0xFF9FF06F) jal x0, -0x8                            exit_cleanup+12

clint mtime 0x0000000000000752 (mip.MTI <- 0b1, mip.STI <- 0b0)
mem[X,0x0000000080003A30] -> 0x0397
mem[X,0x0000000080003A32] -> 0x0000
[3748] [M]: 0x0000000080003A30 (0x00000397) auipc x7, 0x0                           exit_cleanup+4
x7 <- 0x0000000080003A30

mem[X,0x0000000080003A34] -> 0xA823
mem[X,0x0000000080003A36] -> 0x5C13
[3749] [M]: 0x0000000080003A34 (0x5C13A823) sw x1, 0x5d0(x7)                        exit_cleanup+8
htif[0x0000000080004000] <- 0x00000001
mem[W,0x0000000080004000] <- 0x00000001

clint mtime 0x0000000000000753 (mip.MTI <- 0b1, mip.STI <- 0b0)
mem[X,0x0000000080003A38] -> 0xF06F
mem[X,0x0000000080003A3A] -> 0xFF9F
[3750] [M]: 0x0000000080003A38 (0xFF9FF06F) jal x0, -0x8                            exit_cleanup+12

mem[X,0x0000000080003A30] -> 0x0397
mem[X,0x0000000080003A32] -> 0x0000
[3751] [M]: 0x0000000080003A30 (0x00000397) auipc x7, 0x0                           exit_cleanup+4
x7 <- 0x0000000080003A30

clint mtime 0x0000000000000754 (mip.MTI <- 0b1, mip.STI <- 0b0)
mem[X,0x0000000080003A34] -> 0xA823
mem[X,0x0000000080003A36] -> 0x5C13
[3752] [M]: 0x0000000080003A34 (0x5C13A823) sw x1, 0x5d0(x7)                        exit_cleanup+8
htif[0x0000000080004000] <- 0x00000001
htif-syscall-proxy cmd: 0x000000000001
mem[W,0x0000000080004000] <- 0x00000001

SUCCESS
