using /opt/riscv-arch-test/riscof-plugins/rv64/riscof_work/pmp/src/pmpm_cfg_na4_all.S/ref/Reference-sail_c_simulator.signature for test-signature output.
setting signature-granularity to 8 bytes
HTIF located at 0x80005000
begin_signature: 0x80007210
end_signature: 0x80007c30
Entry point: 0x80000000
CSR mstatus (0x300) <- 0x0000000A00000000
CSR misa (0x301) <- 0x800000000034112F
CSR mcause (0x342) <- 0x0000000000000000
x10 <- 0x0000000000000000
x11 <- 0x0000000000001000
mem[X,0x0000000080000000] -> 0x6317
mem[X,0x0000000080000002] -> 0x0000
[0] [M]: 0x0000000080000000 (0x00006317) auipc x6, 0x6                              rvtest_init+0
x6 <- 0x0000000080006000

mem[X,0x0000000080000004] -> 0x0313
mem[X,0x0000000080000006] -> 0x0003
[1] [M]: 0x0000000080000004 (0x00030313) addi x6, x6, 0x0                           rvtest_init+4
x6 <- 0x0000000080006000

clint mtime 0x0000000000000001 (mip.MTI <- 0b1, mip.STI <- 0b0)
mem[X,0x0000000080000008] -> 0x0013
mem[X,0x000000008000000A] -> 0x0000
[2] [M]: 0x0000000080000008 (0x00000013) addi x0, x0, 0x0                           rvtest_init+8

mem[X,0x000000008000000C] -> 0x0013
mem[X,0x000000008000000E] -> 0x0000
[3] [M]: 0x000000008000000C (0x00000013) addi x0, x0, 0x0                           rvtest_init+12

clint mtime 0x0000000000000002 (mip.MTI <- 0b1, mip.STI <- 0b0)
mem[X,0x0000000080000010] -> 0x0013
mem[X,0x0000000080000012] -> 0x0000
[4] [M]: 0x0000000080000010 (0x00000013) addi x0, x0, 0x0                           rvtest_init+16

mem[X,0x0000000080000014] -> 0x0013
mem[X,0x0000000080000016] -> 0x0000
[5] [M]: 0x0000000080000014 (0x00000013) addi x0, x0, 0x0                           rvtest_init+20

clint mtime 0x0000000000000003 (mip.MTI <- 0b1, mip.STI <- 0b0)
mem[X,0x0000000080000018] -> 0x0013
mem[X,0x000000008000001A] -> 0x0000
[6] [M]: 0x0000000080000018 (0x00000013) addi x0, x0, 0x0                           rvtest_init+24

mem[X,0x000000008000001C] -> 0x0013
mem[X,0x000000008000001E] -> 0x0000
[7] [M]: 0x000000008000001C (0x00000013) addi x0, x0, 0x0                           rvtest_init+28

clint mtime 0x0000000000000004 (mip.MTI <- 0b1, mip.STI <- 0b0)
mem[X,0x0000000080000020] -> 0x1473
mem[X,0x0000000080000022] -> 0x3403
[8] [M]: 0x0000000080000020 (0x34031473) csrrw x8, mscratch, x6                     init_Mscratch+0
CSR mscratch (0x340) <- 0x0000000080006000
x8 <- 0x0000000000000000

mem[X,0x0000000080000024] -> 0x3823
mem[X,0x0000000080000026] -> 0x2483
[9] [M]: 0x0000000080000024 (0x24833823) sd x8, 0x250(x6)                           init_Mscratch+4
mem[W,0x0000000080006250] <- 0x0000000000000000

clint mtime 0x0000000000000005 (mip.MTI <- 0b1, mip.STI <- 0b0)
mem[X,0x0000000080000028] -> 0x0393
mem[X,0x000000008000002A] -> 0x0000
[10] [M]: 0x0000000080000028 (0x00000393) addi x7, x0, 0x0                          init_Medeleg+0
x7 <- 0x0000000000000000

mem[X,0x000000008000002C] -> 0x93F3
mem[X,0x000000008000002E] -> 0x3023
[11] [M]: 0x000000008000002C (0x302393F3) csrrw x7, medeleg, x7                     init_Medeleg+4
CSR medeleg (0x302) <- 0x0000000000000000
x7 <- 0x0000000000000000

clint mtime 0x0000000000000006 (mip.MTI <- 0b1, mip.STI <- 0b0)
mem[X,0x0000000080000030] -> 0x3C23
mem[X,0x0000000080000032] -> 0x2273
[12] [M]: 0x0000000080000030 (0x22733C23) sd x7, 0x238(x6)                          init_Medeleg+8
mem[W,0x0000000080006238] <- 0x0000000000000000

mem[X,0x0000000080000034] -> 0x2473
mem[X,0x0000000080000036] -> 0x3050
[13] [M]: 0x0000000080000034 (0x30502473) csrrs x8, mtvec, x0                       init_Mtvec+0
CSR mtvec (0x305) -> 0x0000000000000000
x8 <- 0x0000000000000000

clint mtime 0x0000000000000007 (mip.MTI <- 0b1, mip.STI <- 0b0)
mem[X,0x0000000080000038] -> 0x3423
mem[X,0x000000008000003A] -> 0x2483
[14] [M]: 0x0000000080000038 (0x24833423) sd x8, 0x248(x6)                          init_Mtvec+4
mem[W,0x0000000080006248] <- 0x0000000000000000

mem[X,0x000000008000003C] -> 0x7393
mem[X,0x000000008000003E] -> 0x0034
[15] [M]: 0x000000008000003C (0x00347393) andi x7, x8, 0x3                          init_Mtvec+8
x7 <- 0x0000000000000000

clint mtime 0x0000000000000008 (mip.MTI <- 0b1, mip.STI <- 0b0)
mem[X,0x0000000080000040] -> 0x3483
mem[X,0x0000000080000042] -> 0x2303
[16] [M]: 0x0000000080000040 (0x23033483) ld x9, 0x230(x6)                          init_Mtvec+12
mem[R,0x0000000080006230] -> 0x00000000800022D4
x9 <- 0x00000000800022D4

mem[X,0x0000000080000044] -> 0x8493
mem[X,0x0000000080000046] -> 0xE2C4
[17] [M]: 0x0000000080000044 (0xE2C48493) addi x9, x9, -0x1d4                       init_Mtvec+16
x9 <- 0x0000000080002100

clint mtime 0x0000000000000009 (mip.MTI <- 0b1, mip.STI <- 0b0)
mem[X,0x0000000080000048] -> 0xE3B3
mem[X,0x000000008000004A] -> 0x0074
[18] [M]: 0x0000000080000048 (0x0074E3B3) or x7, x9, x7                             init_Mtvec+20
x7 <- 0x0000000080002100

mem[X,0x000000008000004C] -> 0x3023
mem[X,0x000000008000004E] -> 0x2473
[19] [M]: 0x000000008000004C (0x24733023) sd x7, 0x240(x6)                          init_Mtvec+24
mem[W,0x0000000080006240] <- 0x0000000080002100

clint mtime 0x000000000000000A (mip.MTI <- 0b1, mip.STI <- 0b0)
mem[X,0x0000000080000050] -> 0x9073
mem[X,0x0000000080000052] -> 0x3053
[20] [M]: 0x0000000080000050 (0x30539073) csrrw x0, mtvec, x7                       init_Mtvec+28
CSR mtvec (0x305) <- 0x0000000080002100

mem[X,0x0000000080000054] -> 0x2573
mem[X,0x0000000080000056] -> 0x3050
[21] [M]: 0x0000000080000054 (0x30502573) csrrs x10, mtvec, x0                      init_Mtvec+32
CSR mtvec (0x305) -> 0x0000000080002100
x10 <- 0x0000000080002100

clint mtime 0x000000000000000B (mip.MTI <- 0b1, mip.STI <- 0b0)
mem[X,0x0000000080000058] -> 0x0663
mem[X,0x000000008000005A] -> 0x0875
[22] [M]: 0x0000000080000058 (0x08750663) beq x10, x7, 0x8c                         init_Mtvec+36

mem[X,0x00000000800000E4] -> 0x0013
mem[X,0x00000000800000E6] -> 0x0000
[23] [M]: 0x00000000800000E4 (0x00000013) addi x0, x0, 0x0                          rvtest_Mprolog_done+0

clint mtime 0x000000000000000C (mip.MTI <- 0b1, mip.STI <- 0b0)
mem[X,0x00000000800000E8] -> 0x0013
mem[X,0x00000000800000EA] -> 0x0000
[24] [M]: 0x00000000800000E8 (0x00000013) addi x0, x0, 0x0                          rvtest_Mprolog_done+4

mem[X,0x00000000800000EC] -> 0x0013
mem[X,0x00000000800000EE] -> 0x0000
[25] [M]: 0x00000000800000EC (0x00000013) addi x0, x0, 0x0                          rvtest_Mprolog_done+8

clint mtime 0x000000000000000D (mip.MTI <- 0b1, mip.STI <- 0b0)
mem[X,0x00000000800000F0] -> 0x0013
mem[X,0x00000000800000F2] -> 0x0000
[26] [M]: 0x00000000800000F0 (0x00000013) addi x0, x0, 0x0                          rvtest_Mprolog_done+12

mem[X,0x00000000800000F4] -> 0x0013
mem[X,0x00000000800000F6] -> 0x0000
[27] [M]: 0x00000000800000F4 (0x00000013) addi x0, x0, 0x0                          rvtest_Mprolog_done+16

clint mtime 0x000000000000000E (mip.MTI <- 0b1, mip.STI <- 0b0)
mem[X,0x00000000800000F8] -> 0x0013
mem[X,0x00000000800000FA] -> 0x0000
[28] [M]: 0x00000000800000F8 (0x00000013) addi x0, x0, 0x0                          rvtest_Mprolog_done+20

mem[X,0x00000000800000FC] -> 0x0013
mem[X,0x00000000800000FE] -> 0x0000
[29] [M]: 0x00000000800000FC (0x00000013) addi x0, x0, 0x0                          rvtest_Mprolog_done+24

clint mtime 0x000000000000000F (mip.MTI <- 0b1, mip.STI <- 0b0)
mem[X,0x0000000080000100] -> 0x6317
mem[X,0x0000000080000102] -> 0x0000
[30] [M]: 0x0000000080000100 (0x00006317) auipc x6, 0x6                             rvtest_Mprolog_done+28
x6 <- 0x0000000080006100

mem[X,0x0000000080000104] -> 0x0313
mem[X,0x0000000080000106] -> 0x1983
[31] [M]: 0x0000000080000104 (0x19830313) addi x6, x6, 0x198                        rvtest_Mprolog_done+32
x6 <- 0x0000000080006298

clint mtime 0x0000000000000010 (mip.MTI <- 0b1, mip.STI <- 0b0)
mem[X,0x0000000080000108] -> 0x0001
[32] [M]: 0x0000000080000108 (0x0001) c.nop                                         rvtest_Mprolog_done+36

mem[X,0x000000008000010A] -> 0x0013
mem[X,0x000000008000010C] -> 0x0000
[33] [M]: 0x000000008000010A (0x00000013) addi x0, x0, 0x0                          rvtest_Mprolog_done+38

clint mtime 0x0000000000000011 (mip.MTI <- 0b1, mip.STI <- 0b0)
mem[X,0x000000008000010E] -> 0x0013
mem[X,0x0000000080000110] -> 0x0000
[34] [M]: 0x000000008000010E (0x00000013) addi x0, x0, 0x0                          rvtest_Mprolog_done+42

mem[X,0x0000000080000112] -> 0x0013
mem[X,0x0000000080000114] -> 0x0000
[35] [M]: 0x0000000080000112 (0x00000013) addi x0, x0, 0x0                          rvtest_Mprolog_done+46

clint mtime 0x0000000000000012 (mip.MTI <- 0b1, mip.STI <- 0b0)
mem[X,0x0000000080000116] -> 0x0013
mem[X,0x0000000080000118] -> 0x0000
[36] [M]: 0x0000000080000116 (0x00000013) addi x0, x0, 0x0                          rvtest_Mprolog_done+50

mem[X,0x000000008000011A] -> 0x0013
mem[X,0x000000008000011C] -> 0x0000
[37] [M]: 0x000000008000011A (0x00000013) addi x0, x0, 0x0                          rvtest_Mprolog_done+54

clint mtime 0x0000000000000013 (mip.MTI <- 0b1, mip.STI <- 0b0)
mem[X,0x000000008000011E] -> 0x0001
[38] [M]: 0x000000008000011E (0x0001) c.nop                                         rvtest_Mprolog_done+58

mem[X,0x0000000080000120] -> 0x1473
mem[X,0x0000000080000122] -> 0x1403
[39] [M]: 0x0000000080000120 (0x14031473) csrrw x8, sscratch, x6                    init_Sscratch+0
CSR sscratch (0x140) <- 0x0000000080006298
x8 <- 0x0000000000000000

clint mtime 0x0000000000000014 (mip.MTI <- 0b1, mip.STI <- 0b0)
mem[X,0x0000000080000124] -> 0x3823
mem[X,0x0000000080000126] -> 0x2483
[40] [M]: 0x0000000080000124 (0x24833823) sd x8, 0x250(x6)                          init_Sscratch+4
mem[W,0x00000000800064E8] <- 0x0000000000000000

mem[X,0x0000000080000128] -> 0x0393
mem[X,0x000000008000012A] -> 0x0000
[41] [M]: 0x0000000080000128 (0x00000393) addi x7, x0, 0x0                          init_Sedeleg+0
x7 <- 0x0000000000000000

clint mtime 0x0000000000000015 (mip.MTI <- 0b1, mip.STI <- 0b0)
mem[X,0x000000008000012C] -> 0x3C23
mem[X,0x000000008000012E] -> 0x2273
[42] [M]: 0x000000008000012C (0x22733C23) sd x7, 0x238(x6)                          init_Sedeleg+4
mem[W,0x00000000800064D0] <- 0x0000000000000000

mem[X,0x0000000080000130] -> 0x0013
mem[X,0x0000000080000132] -> 0x0000
[43] [M]: 0x0000000080000130 (0x00000013) addi x0, x0, 0x0                          init_Ssatp+0

clint mtime 0x0000000000000016 (mip.MTI <- 0b1, mip.STI <- 0b0)
mem[X,0x0000000080000134] -> 0x0013
mem[X,0x0000000080000136] -> 0x0000
[44] [M]: 0x0000000080000134 (0x00000013) addi x0, x0, 0x0                          init_Ssatp+4

mem[X,0x0000000080000138] -> 0x0013
mem[X,0x000000008000013A] -> 0x0000
[45] [M]: 0x0000000080000138 (0x00000013) addi x0, x0, 0x0                          init_Ssatp+8

clint mtime 0x0000000000000017 (mip.MTI <- 0b1, mip.STI <- 0b0)
mem[X,0x000000008000013C] -> 0x0013
mem[X,0x000000008000013E] -> 0x0000
[46] [M]: 0x000000008000013C (0x00000013) addi x0, x0, 0x0                          init_Ssatp+12

mem[X,0x0000000080000140] -> 0x7497
mem[X,0x0000000080000142] -> 0x0000
[47] [M]: 0x0000000080000140 (0x00007497) auipc x9, 0x7                             init_Ssatp+16
x9 <- 0x0000000080007140

clint mtime 0x0000000000000018 (mip.MTI <- 0b1, mip.STI <- 0b0)
mem[X,0x0000000080000144] -> 0x8493
mem[X,0x0000000080000146] -> 0xEC04
[48] [M]: 0x0000000080000144 (0xEC048493) addi x9, x9, -0x140                       init_Ssatp+20
x9 <- 0x0000000080007000

mem[X,0x0000000080000148] -> 0x0001
[49] [M]: 0x0000000080000148 (0x0001) c.nop                                         init_Ssatp+24

clint mtime 0x0000000000000019 (mip.MTI <- 0b1, mip.STI <- 0b0)
mem[X,0x000000008000014A] -> 0x0013
mem[X,0x000000008000014C] -> 0x0000
[50] [M]: 0x000000008000014A (0x00000013) addi x0, x0, 0x0                          init_Ssatp+26

mem[X,0x000000008000014E] -> 0x0013
mem[X,0x0000000080000150] -> 0x0000
[51] [M]: 0x000000008000014E (0x00000013) addi x0, x0, 0x0                          init_Ssatp+30

clint mtime 0x000000000000001A (mip.MTI <- 0b1, mip.STI <- 0b0)
mem[X,0x0000000080000152] -> 0x0013
mem[X,0x0000000080000154] -> 0x0000
[52] [M]: 0x0000000080000152 (0x00000013) addi x0, x0, 0x0                          init_Ssatp+34

mem[X,0x0000000080000156] -> 0x0013
mem[X,0x0000000080000158] -> 0x0000
[53] [M]: 0x0000000080000156 (0x00000013) addi x0, x0, 0x0                          init_Ssatp+38

clint mtime 0x000000000000001B (mip.MTI <- 0b1, mip.STI <- 0b0)
mem[X,0x000000008000015A] -> 0x0013
mem[X,0x000000008000015C] -> 0x0000
[54] [M]: 0x000000008000015A (0x00000013) addi x0, x0, 0x0                          init_Ssatp+42

mem[X,0x000000008000015E] -> 0x0001
[55] [M]: 0x000000008000015E (0x0001) c.nop                                         init_Ssatp+46

clint mtime 0x000000000000001C (mip.MTI <- 0b1, mip.STI <- 0b0)
mem[X,0x0000000080000160] -> 0xD493
mem[X,0x0000000080000162] -> 0x00C4
[56] [M]: 0x0000000080000160 (0x00C4D493) srli x9, x9, 0xc                          init_Ssatp+48
x9 <- 0x0000000000080007

mem[X,0x0000000080000164] -> 0x0413
mem[X,0x0000000080000166] -> 0xFFF0
[57] [M]: 0x0000000080000164 (0xFFF00413) addi x8, x0, -0x1                         init_Ssatp+52
x8 <- 0xFFFFFFFFFFFFFFFF

clint mtime 0x000000000000001D (mip.MTI <- 0b1, mip.STI <- 0b0)
mem[X,0x0000000080000168] -> 0x1413
mem[X,0x000000008000016A] -> 0x03F4
[58] [M]: 0x0000000080000168 (0x03F41413) slli x8, x8, 0x3f                         init_Ssatp+56
x8 <- 0x8000000000000000

mem[X,0x000000008000016C] -> 0xE4B3
mem[X,0x000000008000016E] -> 0x0084
[59] [M]: 0x000000008000016C (0x0084E4B3) or x9, x9, x8                             init_Ssatp+60
x9 <- 0x8000000000080007

clint mtime 0x000000000000001E (mip.MTI <- 0b1, mip.STI <- 0b0)
mem[X,0x0000000080000170] -> 0x94F3
mem[X,0x0000000080000172] -> 0x1804
[60] [M]: 0x0000000080000170 (0x180494F3) csrrw x9, satp, x9                        init_Ssatp+64
CSR satp (0x180) <- 0x8000000000080007
x9 <- 0x0000000000000000

mem[X,0x0000000080000174] -> 0x3023
mem[X,0x0000000080000176] -> 0x2293
[61] [M]: 0x0000000080000174 (0x22933023) sd x9, 0x220(x6)                          init_Ssatp+68
mem[W,0x00000000800064B8] <- 0x0000000000000000

clint mtime 0x000000000000001F (mip.MTI <- 0b1, mip.STI <- 0b0)
mem[X,0x0000000080000178] -> 0x2473
mem[X,0x000000008000017A] -> 0x1050
[62] [M]: 0x0000000080000178 (0x10502473) csrrs x8, stvec, x0                       init_Stvec+0
CSR stvec (0x105) -> 0x0000000000000000
x8 <- 0x0000000000000000

mem[X,0x000000008000017C] -> 0x3423
mem[X,0x000000008000017E] -> 0x2483
[63] [M]: 0x000000008000017C (0x24833423) sd x8, 0x248(x6)                          init_Stvec+4
mem[W,0x00000000800064E0] <- 0x0000000000000000

clint mtime 0x0000000000000020 (mip.MTI <- 0b1, mip.STI <- 0b0)
mem[X,0x0000000080000180] -> 0x7393
mem[X,0x0000000080000182] -> 0x0034
[64] [M]: 0x0000000080000180 (0x00347393) andi x7, x8, 0x3                          init_Stvec+8
x7 <- 0x0000000000000000

mem[X,0x0000000080000184] -> 0x3483
mem[X,0x0000000080000186] -> 0x2303
[65] [M]: 0x0000000080000184 (0x23033483) ld x9, 0x230(x6)                          init_Stvec+12
mem[R,0x00000000800064C8] -> 0x0000000080002C14
x9 <- 0x0000000080002C14

clint mtime 0x0000000000000021 (mip.MTI <- 0b1, mip.STI <- 0b0)
mem[X,0x0000000080000188] -> 0x8493
mem[X,0x000000008000018A] -> 0xE2C4
[66] [M]: 0x0000000080000188 (0xE2C48493) addi x9, x9, -0x1d4                       init_Stvec+16
x9 <- 0x0000000080002A40

mem[X,0x000000008000018C] -> 0xE3B3
mem[X,0x000000008000018E] -> 0x0074
[67] [M]: 0x000000008000018C (0x0074E3B3) or x7, x9, x7                             init_Stvec+20
x7 <- 0x0000000080002A40

clint mtime 0x0000000000000022 (mip.MTI <- 0b1, mip.STI <- 0b0)
mem[X,0x0000000080000190] -> 0x3023
mem[X,0x0000000080000192] -> 0x2473
[68] [M]: 0x0000000080000190 (0x24733023) sd x7, 0x240(x6)                          init_Stvec+24
mem[W,0x00000000800064D8] <- 0x0000000080002A40

mem[X,0x0000000080000194] -> 0x9073
mem[X,0x0000000080000196] -> 0x1053
[69] [M]: 0x0000000080000194 (0x10539073) csrrw x0, stvec, x7                       init_Stvec+28
CSR stvec (0x105) <- 0x0000000080002A40

clint mtime 0x0000000000000023 (mip.MTI <- 0b1, mip.STI <- 0b0)
mem[X,0x0000000080000198] -> 0x2573
mem[X,0x000000008000019A] -> 0x1050
[70] [M]: 0x0000000080000198 (0x10502573) csrrs x10, stvec, x0                      init_Stvec+32
CSR stvec (0x105) -> 0x0000000080002A40
x10 <- 0x0000000080002A40

mem[X,0x000000008000019C] -> 0x0463
mem[X,0x000000008000019E] -> 0x0875
[71] [M]: 0x000000008000019C (0x08750463) beq x10, x7, 0x88                         init_Stvec+36

clint mtime 0x0000000000000024 (mip.MTI <- 0b1, mip.STI <- 0b0)
mem[X,0x0000000080000224] -> 0x0093
mem[X,0x0000000080000226] -> 0x0000
[72] [M]: 0x0000000080000224 (0x00000093) addi x1, x0, 0x0                          rvtest_entrypoint+0
x1 <- 0x0000000000000000

mem[X,0x0000000080000228] -> 0x9073
mem[X,0x000000008000022A] -> 0x3000
[73] [M]: 0x0000000080000228 (0x30009073) csrrw x0, mstatus, x1                     rvtest_entrypoint+4
CSR mstatus (0x300) <- 0x0000000A00000000

clint mtime 0x0000000000000025 (mip.MTI <- 0b1, mip.STI <- 0b0)
mem[X,0x000000008000022C] -> 0x9073
mem[X,0x000000008000022E] -> 0x3410
[74] [M]: 0x000000008000022C (0x34109073) csrrw x0, mepc, x1                        rvtest_entrypoint+8
CSR mepc (0x341) <- 0x0000000000000000

mem[X,0x0000000080000230] -> 0x9073
mem[X,0x0000000080000232] -> 0x3440
[75] [M]: 0x0000000080000230 (0x34409073) csrrw x0, mip, x1                         rvtest_entrypoint+12
CSR mip (0x344) <- 0x0000000000000080

clint mtime 0x0000000000000026 (mip.MTI <- 0b1, mip.STI <- 0b0)
mem[X,0x0000000080000234] -> 0x9073
mem[X,0x0000000080000236] -> 0x3430
[76] [M]: 0x0000000080000234 (0x34309073) csrrw x0, mtval, x1                       rvtest_entrypoint+16
CSR mtval (0x343) <- 0x0000000000000000

mem[X,0x0000000080000238] -> 0x9073
mem[X,0x000000008000023A] -> 0x3420
[77] [M]: 0x0000000080000238 (0x34209073) csrrw x0, mcause, x1                      rvtest_entrypoint+20
CSR mcause (0x342) <- 0x0000000000000000

clint mtime 0x0000000000000027 (mip.MTI <- 0b1, mip.STI <- 0b0)
mem[X,0x000000008000023C] -> 0x0837
mem[X,0x000000008000023E] -> 0x7D5C
[78] [M]: 0x000000008000023C (0x7D5C0837) lui x16, 0x7d5c0                          rvtest_entrypoint+24
x16 <- 0x000000007D5C0000

mem[X,0x0000000080000240] -> 0x0813
mem[X,0x0000000080000242] -> 0xDDB8
[79] [M]: 0x0000000080000240 (0xDDB80813) addi x16, x16, -0x225                     rvtest_entrypoint+28
x16 <- 0x000000007D5BFDDB

clint mtime 0x0000000000000028 (mip.MTI <- 0b1, mip.STI <- 0b0)
mem[X,0x0000000080000244] -> 0x1813
mem[X,0x0000000080000246] -> 0x00B8
[80] [M]: 0x0000000080000244 (0x00B81813) slli x16, x16, 0xb                        rvtest_entrypoint+32
x16 <- 0x000003EADFEED800

mem[X,0x0000000080000248] -> 0x0813
mem[X,0x000000008000024A] -> 0x3EA8
[81] [M]: 0x0000000080000248 (0x3EA80813) addi x16, x16, 0x3ea                      rvtest_entrypoint+36
x16 <- 0x000003EADFEEDBEA

clint mtime 0x0000000000000029 (mip.MTI <- 0b1, mip.STI <- 0b0)
mem[X,0x000000008000024C] -> 0x1813
mem[X,0x000000008000024E] -> 0x00B8
[82] [M]: 0x000000008000024C (0x00B81813) slli x16, x16, 0xb                        rvtest_entrypoint+40
x16 <- 0x001F56FF76DF5000

mem[X,0x0000000080000250] -> 0x0813
mem[X,0x0000000080000252] -> 0x6FF8
[83] [M]: 0x0000000080000250 (0x6FF80813) addi x16, x16, 0x6ff                      rvtest_entrypoint+44
x16 <- 0x001F56FF76DF56FF

clint mtime 0x000000000000002A (mip.MTI <- 0b1, mip.STI <- 0b0)
mem[X,0x0000000080000254] -> 0x1813
mem[X,0x0000000080000256] -> 0x00A8
[84] [M]: 0x0000000080000254 (0x00A81813) slli x16, x16, 0xa                        rvtest_entrypoint+48
x16 <- 0x7D5BFDDB7D5BFC00

mem[X,0x0000000080000258] -> 0x0813
mem[X,0x000000008000025A] -> 0x1DB8
[85] [M]: 0x0000000080000258 (0x1DB80813) addi x16, x16, 0x1db                      rvtest_entrypoint+52
x16 <- 0x7D5BFDDB7D5BFDDB

clint mtime 0x000000000000002B (mip.MTI <- 0b1, mip.STI <- 0b0)
mem[X,0x000000008000025C] -> 0x5893
mem[X,0x000000008000025E] -> 0x0078
[86] [M]: 0x000000008000025C (0x00785893) srli x17, x16, 0x7                        rvtest_entrypoint+56
x17 <- 0x00FAB7FBB6FAB7FB

mem[X,0x0000000080000260] -> 0x5793
mem[X,0x0000000080000262] -> 0x0398
[87] [M]: 0x0000000080000260 (0x03985793) srli x15, x16, 0x39                       rvtest_entrypoint+60
x15 <- 0x000000000000003E

clint mtime 0x000000000000002C (mip.MTI <- 0b1, mip.STI <- 0b0)
mem[X,0x0000000080000264] -> 0xE8B3
mem[X,0x0000000080000266] -> 0x00F8
[88] [M]: 0x0000000080000264 (0x00F8E8B3) or x17, x17, x15                          rvtest_entrypoint+64
x17 <- 0x00FAB7FBB6FAB7FF

mem[X,0x0000000080000268] -> 0xD913
mem[X,0x000000008000026A] -> 0x0078
[89] [M]: 0x0000000080000268 (0x0078D913) srli x18, x17, 0x7                        rvtest_entrypoint+68
x18 <- 0x0001F56FF76DF56F

clint mtime 0x000000000000002D (mip.MTI <- 0b1, mip.STI <- 0b0)
mem[X,0x000000008000026C] -> 0xD793
mem[X,0x000000008000026E] -> 0x0398
[90] [M]: 0x000000008000026C (0x0398D793) srli x15, x17, 0x39                       rvtest_entrypoint+72
x15 <- 0x0000000000000000

mem[X,0x0000000080000270] -> 0x6933
mem[X,0x0000000080000272] -> 0x00F9
[91] [M]: 0x0000000080000270 (0x00F96933) or x18, x18, x15                          rvtest_entrypoint+76
x18 <- 0x0001F56FF76DF56F

clint mtime 0x000000000000002E (mip.MTI <- 0b1, mip.STI <- 0b0)
mem[X,0x0000000080000274] -> 0x5993
mem[X,0x0000000080000276] -> 0x0079
[92] [M]: 0x0000000080000274 (0x00795993) srli x19, x18, 0x7                        rvtest_entrypoint+80
x19 <- 0x000003EADFEEDBEA

mem[X,0x0000000080000278] -> 0x5793
mem[X,0x000000008000027A] -> 0x0399
[93] [M]: 0x0000000080000278 (0x03995793) srli x15, x18, 0x39                       rvtest_entrypoint+84
x15 <- 0x0000000000000000

clint mtime 0x000000000000002F (mip.MTI <- 0b1, mip.STI <- 0b0)
mem[X,0x000000008000027C] -> 0xE9B3
mem[X,0x000000008000027E] -> 0x00F9
[94] [M]: 0x000000008000027C (0x00F9E9B3) or x19, x19, x15                          rvtest_entrypoint+88
x19 <- 0x000003EADFEEDBEA

mem[X,0x0000000080000280] -> 0xDA13
mem[X,0x0000000080000282] -> 0x0079
[95] [M]: 0x0000000080000280 (0x0079DA13) srli x20, x19, 0x7                        rvtest_entrypoint+92
x20 <- 0x00000007D5BFDDB7

clint mtime 0x0000000000000030 (mip.MTI <- 0b1, mip.STI <- 0b0)
mem[X,0x0000000080000284] -> 0xD793
mem[X,0x0000000080000286] -> 0x0399
[96] [M]: 0x0000000080000284 (0x0399D793) srli x15, x19, 0x39                       rvtest_entrypoint+96
x15 <- 0x0000000000000000

mem[X,0x0000000080000288] -> 0x6A33
mem[X,0x000000008000028A] -> 0x00FA
[97] [M]: 0x0000000080000288 (0x00FA6A33) or x20, x20, x15                          rvtest_entrypoint+100
x20 <- 0x00000007D5BFDDB7

clint mtime 0x0000000000000031 (mip.MTI <- 0b1, mip.STI <- 0b0)
mem[X,0x000000008000028C] -> 0x5A93
mem[X,0x000000008000028E] -> 0x007A
[98] [M]: 0x000000008000028C (0x007A5A93) srli x21, x20, 0x7                        rvtest_entrypoint+104
x21 <- 0x000000000FAB7FBB

mem[X,0x0000000080000290] -> 0x5793
mem[X,0x0000000080000292] -> 0x039A
[99] [M]: 0x0000000080000290 (0x039A5793) srli x15, x20, 0x39                       rvtest_entrypoint+108
x15 <- 0x0000000000000000

clint mtime 0x0000000000000032 (mip.MTI <- 0b1, mip.STI <- 0b0)
mem[X,0x0000000080000294] -> 0xEAB3
mem[X,0x0000000080000296] -> 0x00FA
[100] [M]: 0x0000000080000294 (0x00FAEAB3) or x21, x21, x15                         rvtest_entrypoint+112
x21 <- 0x000000000FAB7FBB

mem[X,0x0000000080000298] -> 0xDB13
mem[X,0x000000008000029A] -> 0x007A
[101] [M]: 0x0000000080000298 (0x007ADB13) srli x22, x21, 0x7                       rvtest_entrypoint+116
x22 <- 0x00000000001F56FF

clint mtime 0x0000000000000033 (mip.MTI <- 0b1, mip.STI <- 0b0)
mem[X,0x000000008000029C] -> 0xD793
mem[X,0x000000008000029E] -> 0x039A
[102] [M]: 0x000000008000029C (0x039AD793) srli x15, x21, 0x39                      rvtest_entrypoint+120
x15 <- 0x0000000000000000

mem[X,0x00000000800002A0] -> 0x6B33
mem[X,0x00000000800002A2] -> 0x00FB
[103] [M]: 0x00000000800002A0 (0x00FB6B33) or x22, x22, x15                         rvtest_entrypoint+124
x22 <- 0x00000000001F56FF

clint mtime 0x0000000000000034 (mip.MTI <- 0b1, mip.STI <- 0b0)
mem[X,0x00000000800002A4] -> 0x5B93
mem[X,0x00000000800002A6] -> 0x007B
[104] [M]: 0x00000000800002A4 (0x007B5B93) srli x23, x22, 0x7                       rvtest_entrypoint+128
x23 <- 0x0000000000003EAD

mem[X,0x00000000800002A8] -> 0x5793
mem[X,0x00000000800002AA] -> 0x039B
[105] [M]: 0x00000000800002A8 (0x039B5793) srli x15, x22, 0x39                      rvtest_entrypoint+132
x15 <- 0x0000000000000000

clint mtime 0x0000000000000035 (mip.MTI <- 0b1, mip.STI <- 0b0)
mem[X,0x00000000800002AC] -> 0xEBB3
mem[X,0x00000000800002AE] -> 0x00FB
[106] [M]: 0x00000000800002AC (0x00FBEBB3) or x23, x23, x15                         rvtest_entrypoint+136
x23 <- 0x0000000000003EAD

mem[X,0x00000000800002B0] -> 0xDC13
mem[X,0x00000000800002B2] -> 0x007B
[107] [M]: 0x00000000800002B0 (0x007BDC13) srli x24, x23, 0x7                       rvtest_entrypoint+140
x24 <- 0x000000000000007D

clint mtime 0x0000000000000036 (mip.MTI <- 0b1, mip.STI <- 0b0)
mem[X,0x00000000800002B4] -> 0xD793
mem[X,0x00000000800002B6] -> 0x039B
[108] [M]: 0x00000000800002B4 (0x039BD793) srli x15, x23, 0x39                      rvtest_entrypoint+144
x15 <- 0x0000000000000000

mem[X,0x00000000800002B8] -> 0x6C33
mem[X,0x00000000800002BA] -> 0x00FC
[109] [M]: 0x00000000800002B8 (0x00FC6C33) or x24, x24, x15                         rvtest_entrypoint+148
x24 <- 0x000000000000007D

clint mtime 0x0000000000000037 (mip.MTI <- 0b1, mip.STI <- 0b0)
mem[X,0x00000000800002BC] -> 0x5C93
mem[X,0x00000000800002BE] -> 0x007C
[110] [M]: 0x00000000800002BC (0x007C5C93) srli x25, x24, 0x7                       rvtest_entrypoint+152
x25 <- 0x0000000000000000

mem[X,0x00000000800002C0] -> 0x5793
mem[X,0x00000000800002C2] -> 0x039C
[111] [M]: 0x00000000800002C0 (0x039C5793) srli x15, x24, 0x39                      rvtest_entrypoint+156
x15 <- 0x0000000000000000

clint mtime 0x0000000000000038 (mip.MTI <- 0b1, mip.STI <- 0b0)
mem[X,0x00000000800002C4] -> 0xECB3
mem[X,0x00000000800002C6] -> 0x00FC
[112] [M]: 0x00000000800002C4 (0x00FCECB3) or x25, x25, x15                         rvtest_entrypoint+160
x25 <- 0x0000000000000000

mem[X,0x00000000800002C8] -> 0xDD13
mem[X,0x00000000800002CA] -> 0x007C
[113] [M]: 0x00000000800002C8 (0x007CDD13) srli x26, x25, 0x7                       rvtest_entrypoint+164
x26 <- 0x0000000000000000

clint mtime 0x0000000000000039 (mip.MTI <- 0b1, mip.STI <- 0b0)
mem[X,0x00000000800002CC] -> 0xD793
mem[X,0x00000000800002CE] -> 0x039C
[114] [M]: 0x00000000800002CC (0x039CD793) srli x15, x25, 0x39                      rvtest_entrypoint+168
x15 <- 0x0000000000000000

mem[X,0x00000000800002D0] -> 0x6D33
mem[X,0x00000000800002D2] -> 0x00FD
[115] [M]: 0x00000000800002D0 (0x00FD6D33) or x26, x26, x15                         rvtest_entrypoint+172
x26 <- 0x0000000000000000

clint mtime 0x000000000000003A (mip.MTI <- 0b1, mip.STI <- 0b0)
mem[X,0x00000000800002D4] -> 0x5D93
mem[X,0x00000000800002D6] -> 0x007D
[116] [M]: 0x00000000800002D4 (0x007D5D93) srli x27, x26, 0x7                       rvtest_entrypoint+176
x27 <- 0x0000000000000000

mem[X,0x00000000800002D8] -> 0x5793
mem[X,0x00000000800002DA] -> 0x039D
[117] [M]: 0x00000000800002D8 (0x039D5793) srli x15, x26, 0x39                      rvtest_entrypoint+180
x15 <- 0x0000000000000000

clint mtime 0x000000000000003B (mip.MTI <- 0b1, mip.STI <- 0b0)
mem[X,0x00000000800002DC] -> 0xEDB3
mem[X,0x00000000800002DE] -> 0x00FD
[118] [M]: 0x00000000800002DC (0x00FDEDB3) or x27, x27, x15                         rvtest_entrypoint+184
x27 <- 0x0000000000000000

mem[X,0x00000000800002E0] -> 0xDE13
mem[X,0x00000000800002E2] -> 0x007D
[119] [M]: 0x00000000800002E0 (0x007DDE13) srli x28, x27, 0x7                       rvtest_entrypoint+188
x28 <- 0x0000000000000000

clint mtime 0x000000000000003C (mip.MTI <- 0b1, mip.STI <- 0b0)
mem[X,0x00000000800002E4] -> 0xD793
mem[X,0x00000000800002E6] -> 0x039D
[120] [M]: 0x00000000800002E4 (0x039DD793) srli x15, x27, 0x39                      rvtest_entrypoint+192
x15 <- 0x0000000000000000

mem[X,0x00000000800002E8] -> 0x6E33
mem[X,0x00000000800002EA] -> 0x00FE
[121] [M]: 0x00000000800002E8 (0x00FE6E33) or x28, x28, x15                         rvtest_entrypoint+196
x28 <- 0x0000000000000000

clint mtime 0x000000000000003D (mip.MTI <- 0b1, mip.STI <- 0b0)
mem[X,0x00000000800002EC] -> 0x5E93
mem[X,0x00000000800002EE] -> 0x007E
[122] [M]: 0x00000000800002EC (0x007E5E93) srli x29, x28, 0x7                       rvtest_entrypoint+200
x29 <- 0x0000000000000000

mem[X,0x00000000800002F0] -> 0x5793
mem[X,0x00000000800002F2] -> 0x039E
[123] [M]: 0x00000000800002F0 (0x039E5793) srli x15, x28, 0x39                      rvtest_entrypoint+204
x15 <- 0x0000000000000000

clint mtime 0x000000000000003E (mip.MTI <- 0b1, mip.STI <- 0b0)
mem[X,0x00000000800002F4] -> 0xEEB3
mem[X,0x00000000800002F6] -> 0x00FE
[124] [M]: 0x00000000800002F4 (0x00FEEEB3) or x29, x29, x15                         rvtest_entrypoint+208
x29 <- 0x0000000000000000

mem[X,0x00000000800002F8] -> 0xDF13
mem[X,0x00000000800002FA] -> 0x007E
[125] [M]: 0x00000000800002F8 (0x007EDF13) srli x30, x29, 0x7                       rvtest_entrypoint+212
x30 <- 0x0000000000000000

clint mtime 0x000000000000003F (mip.MTI <- 0b1, mip.STI <- 0b0)
mem[X,0x00000000800002FC] -> 0xD793
mem[X,0x00000000800002FE] -> 0x039E
[126] [M]: 0x00000000800002FC (0x039ED793) srli x15, x29, 0x39                      rvtest_entrypoint+216
x15 <- 0x0000000000000000

mem[X,0x0000000080000300] -> 0x6F33
mem[X,0x0000000080000302] -> 0x00FF
[127] [M]: 0x0000000080000300 (0x00FF6F33) or x30, x30, x15                         rvtest_entrypoint+220
x30 <- 0x0000000000000000

clint mtime 0x0000000000000040 (mip.MTI <- 0b1, mip.STI <- 0b0)
mem[X,0x0000000080000304] -> 0xC0B7
mem[X,0x0000000080000306] -> 0xFEED
[128] [M]: 0x0000000080000304 (0xFEEDC0B7) lui x1, -0x1124                          rvtest_entrypoint+224
x1 <- 0xFFFFFFFFFEEDC000

mem[X,0x0000000080000308] -> 0x8093
mem[X,0x000000008000030A] -> 0xEAD0
[129] [M]: 0x0000000080000308 (0xEAD08093) addi x1, x1, -0x153                      rvtest_entrypoint+228
x1 <- 0xFFFFFFFFFEEDBEAD

clint mtime 0x0000000000000041 (mip.MTI <- 0b1, mip.STI <- 0b0)
mem[X,0x000000008000030C] -> 0x9093
mem[X,0x000000008000030E] -> 0x00B0
[130] [M]: 0x000000008000030C (0x00B09093) slli x1, x1, 0xb                         rvtest_entrypoint+232
x1 <- 0xFFFFFFF76DF56800

mem[X,0x0000000080000310] -> 0x8093
mem[X,0x0000000080000312] -> 0x7F70
[131] [M]: 0x0000000080000310 (0x7F708093) addi x1, x1, 0x7f7                       rvtest_entrypoint+236
x1 <- 0xFFFFFFF76DF56FF7

clint mtime 0x0000000000000042 (mip.MTI <- 0b1, mip.STI <- 0b0)
mem[X,0x0000000080000314] -> 0x9093
mem[X,0x0000000080000316] -> 0x00B0
[132] [M]: 0x0000000080000314 (0x00B09093) slli x1, x1, 0xb                         rvtest_entrypoint+240
x1 <- 0xFFFFBB6FAB7FB800

mem[X,0x0000000080000318] -> 0x8093
mem[X,0x000000008000031A] -> 0x36F0
[133] [M]: 0x0000000080000318 (0x36F08093) addi x1, x1, 0x36f                       rvtest_entrypoint+244
x1 <- 0xFFFFBB6FAB7FBB6F

clint mtime 0x0000000000000043 (mip.MTI <- 0b1, mip.STI <- 0b0)
mem[X,0x000000008000031C] -> 0x9093
mem[X,0x000000008000031E] -> 0x00A0
[134] [M]: 0x000000008000031C (0x00A09093) slli x1, x1, 0xa                         rvtest_entrypoint+248
x1 <- 0xFEEDBEADFEEDBC00

mem[X,0x0000000080000320] -> 0x8093
mem[X,0x0000000080000322] -> 0x2AD0
[135] [M]: 0x0000000080000320 (0x2AD08093) addi x1, x1, 0x2ad                       rvtest_entrypoint+252
x1 <- 0xFEEDBEADFEEDBEAD

clint mtime 0x0000000000000044 (mip.MTI <- 0b1, mip.STI <- 0b0)
mem[X,0x0000000080000324] -> 0xD113
mem[X,0x0000000080000326] -> 0x0070
[136] [M]: 0x0000000080000324 (0x0070D113) srli x2, x1, 0x7                         rvtest_entrypoint+256
x2 <- 0x01FDDB7D5BFDDB7D

mem[X,0x0000000080000328] -> 0xD793
mem[X,0x000000008000032A] -> 0x0390
[137] [M]: 0x0000000080000328 (0x0390D793) srli x15, x1, 0x39                       rvtest_entrypoint+260
x15 <- 0x000000000000007F

clint mtime 0x0000000000000045 (mip.MTI <- 0b1, mip.STI <- 0b0)
mem[X,0x000000008000032C] -> 0x6133
mem[X,0x000000008000032E] -> 0x00F1
[138] [M]: 0x000000008000032C (0x00F16133) or x2, x2, x15                           rvtest_entrypoint+264
x2 <- 0x01FDDB7D5BFDDB7F

mem[X,0x0000000080000330] -> 0x5193
mem[X,0x0000000080000332] -> 0x0071
[139] [M]: 0x0000000080000330 (0x00715193) srli x3, x2, 0x7                         rvtest_entrypoint+268
x3 <- 0x0003FBB6FAB7FBB6

clint mtime 0x0000000000000046 (mip.MTI <- 0b1, mip.STI <- 0b0)
mem[X,0x0000000080000334] -> 0x5793
mem[X,0x0000000080000336] -> 0x0391
[140] [M]: 0x0000000080000334 (0x03915793) srli x15, x2, 0x39                       rvtest_entrypoint+272
x15 <- 0x0000000000000000

mem[X,0x0000000080000338] -> 0xE1B3
mem[X,0x000000008000033A] -> 0x00F1
[141] [M]: 0x0000000080000338 (0x00F1E1B3) or x3, x3, x15                           rvtest_entrypoint+276
x3 <- 0x0003FBB6FAB7FBB6

clint mtime 0x0000000000000047 (mip.MTI <- 0b1, mip.STI <- 0b0)
mem[X,0x000000008000033C] -> 0xD213
mem[X,0x000000008000033E] -> 0x0071
[142] [M]: 0x000000008000033C (0x0071D213) srli x4, x3, 0x7                         rvtest_entrypoint+280
x4 <- 0x000007F76DF56FF7

mem[X,0x0000000080000340] -> 0xD793
mem[X,0x0000000080000342] -> 0x0391
[143] [M]: 0x0000000080000340 (0x0391D793) srli x15, x3, 0x39                       rvtest_entrypoint+284
x15 <- 0x0000000000000000

clint mtime 0x0000000000000048 (mip.MTI <- 0b1, mip.STI <- 0b0)
mem[X,0x0000000080000344] -> 0x6233
mem[X,0x0000000080000346] -> 0x00F2
[144] [M]: 0x0000000080000344 (0x00F26233) or x4, x4, x15                           rvtest_entrypoint+288
x4 <- 0x000007F76DF56FF7

mem[X,0x0000000080000348] -> 0x5293
mem[X,0x000000008000034A] -> 0x0072
[145] [M]: 0x0000000080000348 (0x00725293) srli x5, x4, 0x7                         rvtest_entrypoint+292
x5 <- 0x0000000FEEDBEADF

clint mtime 0x0000000000000049 (mip.MTI <- 0b1, mip.STI <- 0b0)
mem[X,0x000000008000034C] -> 0x5793
mem[X,0x000000008000034E] -> 0x0392
[146] [M]: 0x000000008000034C (0x03925793) srli x15, x4, 0x39                       rvtest_entrypoint+296
x15 <- 0x0000000000000000

mem[X,0x0000000080000350] -> 0xE2B3
mem[X,0x0000000080000352] -> 0x00F2
[147] [M]: 0x0000000080000350 (0x00F2E2B3) or x5, x5, x15                           rvtest_entrypoint+300
x5 <- 0x0000000FEEDBEADF

clint mtime 0x000000000000004A (mip.MTI <- 0b1, mip.STI <- 0b0)
mem[X,0x0000000080000354] -> 0xD313
mem[X,0x0000000080000356] -> 0x0072
[148] [M]: 0x0000000080000354 (0x0072D313) srli x6, x5, 0x7                         rvtest_entrypoint+304
x6 <- 0x000000001FDDB7D5

mem[X,0x0000000080000358] -> 0xD793
mem[X,0x000000008000035A] -> 0x0392
[149] [M]: 0x0000000080000358 (0x0392D793) srli x15, x5, 0x39                       rvtest_entrypoint+308
x15 <- 0x0000000000000000

clint mtime 0x000000000000004B (mip.MTI <- 0b1, mip.STI <- 0b0)
mem[X,0x000000008000035C] -> 0x6333
mem[X,0x000000008000035E] -> 0x00F3
[150] [M]: 0x000000008000035C (0x00F36333) or x6, x6, x15                           rvtest_entrypoint+312
x6 <- 0x000000001FDDB7D5

mem[X,0x0000000080000360] -> 0x5393
mem[X,0x0000000080000362] -> 0x0073
[151] [M]: 0x0000000080000360 (0x00735393) srli x7, x6, 0x7                         rvtest_entrypoint+316
x7 <- 0x00000000003FBB6F

clint mtime 0x000000000000004C (mip.MTI <- 0b1, mip.STI <- 0b0)
mem[X,0x0000000080000364] -> 0x5793
mem[X,0x0000000080000366] -> 0x0393
[152] [M]: 0x0000000080000364 (0x03935793) srli x15, x6, 0x39                       rvtest_entrypoint+320
x15 <- 0x0000000000000000

mem[X,0x0000000080000368] -> 0xE3B3
mem[X,0x000000008000036A] -> 0x00F3
[153] [M]: 0x0000000080000368 (0x00F3E3B3) or x7, x7, x15                           rvtest_entrypoint+324
x7 <- 0x00000000003FBB6F

clint mtime 0x000000000000004D (mip.MTI <- 0b1, mip.STI <- 0b0)
mem[X,0x000000008000036C] -> 0xD413
mem[X,0x000000008000036E] -> 0x0073
[154] [M]: 0x000000008000036C (0x0073D413) srli x8, x7, 0x7                         rvtest_entrypoint+328
x8 <- 0x0000000000007F76

mem[X,0x0000000080000370] -> 0xD793
mem[X,0x0000000080000372] -> 0x0393
[155] [M]: 0x0000000080000370 (0x0393D793) srli x15, x7, 0x39                       rvtest_entrypoint+332
x15 <- 0x0000000000000000

clint mtime 0x000000000000004E (mip.MTI <- 0b1, mip.STI <- 0b0)
mem[X,0x0000000080000374] -> 0x6433
mem[X,0x0000000080000376] -> 0x00F4
[156] [M]: 0x0000000080000374 (0x00F46433) or x8, x8, x15                           rvtest_entrypoint+336
x8 <- 0x0000000000007F76

mem[X,0x0000000080000378] -> 0x5493
mem[X,0x000000008000037A] -> 0x0074
[157] [M]: 0x0000000080000378 (0x00745493) srli x9, x8, 0x7                         rvtest_entrypoint+340
x9 <- 0x00000000000000FE

clint mtime 0x000000000000004F (mip.MTI <- 0b1, mip.STI <- 0b0)
mem[X,0x000000008000037C] -> 0x5793
mem[X,0x000000008000037E] -> 0x0394
[158] [M]: 0x000000008000037C (0x03945793) srli x15, x8, 0x39                       rvtest_entrypoint+344
x15 <- 0x0000000000000000

mem[X,0x0000000080000380] -> 0xE4B3
mem[X,0x0000000080000382] -> 0x00F4
[159] [M]: 0x0000000080000380 (0x00F4E4B3) or x9, x9, x15                           rvtest_entrypoint+348
x9 <- 0x00000000000000FE

clint mtime 0x0000000000000050 (mip.MTI <- 0b1, mip.STI <- 0b0)
mem[X,0x0000000080000384] -> 0xD513
mem[X,0x0000000080000386] -> 0x0074
[160] [M]: 0x0000000080000384 (0x0074D513) srli x10, x9, 0x7                        rvtest_entrypoint+352
x10 <- 0x0000000000000001

mem[X,0x0000000080000388] -> 0xD793
mem[X,0x000000008000038A] -> 0x0394
[161] [M]: 0x0000000080000388 (0x0394D793) srli x15, x9, 0x39                       rvtest_entrypoint+356
x15 <- 0x0000000000000000

clint mtime 0x0000000000000051 (mip.MTI <- 0b1, mip.STI <- 0b0)
mem[X,0x000000008000038C] -> 0x6533
mem[X,0x000000008000038E] -> 0x00F5
[162] [M]: 0x000000008000038C (0x00F56533) or x10, x10, x15                         rvtest_entrypoint+360
x10 <- 0x0000000000000001

mem[X,0x0000000080000390] -> 0x5593
mem[X,0x0000000080000392] -> 0x0075
[163] [M]: 0x0000000080000390 (0x00755593) srli x11, x10, 0x7                       rvtest_entrypoint+364
x11 <- 0x0000000000000000

clint mtime 0x0000000000000052 (mip.MTI <- 0b1, mip.STI <- 0b0)
mem[X,0x0000000080000394] -> 0x5793
mem[X,0x0000000080000396] -> 0x0395
[164] [M]: 0x0000000080000394 (0x03955793) srli x15, x10, 0x39                      rvtest_entrypoint+368
x15 <- 0x0000000000000000

mem[X,0x0000000080000398] -> 0xE5B3
mem[X,0x000000008000039A] -> 0x00F5
[165] [M]: 0x0000000080000398 (0x00F5E5B3) or x11, x11, x15                         rvtest_entrypoint+372
x11 <- 0x0000000000000000

clint mtime 0x0000000000000053 (mip.MTI <- 0b1, mip.STI <- 0b0)
mem[X,0x000000008000039C] -> 0xD613
mem[X,0x000000008000039E] -> 0x0075
[166] [M]: 0x000000008000039C (0x0075D613) srli x12, x11, 0x7                       rvtest_entrypoint+376
x12 <- 0x0000000000000000

mem[X,0x00000000800003A0] -> 0xD793
mem[X,0x00000000800003A2] -> 0x0395
[167] [M]: 0x00000000800003A0 (0x0395D793) srli x15, x11, 0x39                      rvtest_entrypoint+380
x15 <- 0x0000000000000000

clint mtime 0x0000000000000054 (mip.MTI <- 0b1, mip.STI <- 0b0)
mem[X,0x00000000800003A4] -> 0x6633
mem[X,0x00000000800003A6] -> 0x00F6
[168] [M]: 0x00000000800003A4 (0x00F66633) or x12, x12, x15                         rvtest_entrypoint+384
x12 <- 0x0000000000000000

mem[X,0x00000000800003A8] -> 0x5693
mem[X,0x00000000800003AA] -> 0x0076
[169] [M]: 0x00000000800003A8 (0x00765693) srli x13, x12, 0x7                       rvtest_entrypoint+388
x13 <- 0x0000000000000000

clint mtime 0x0000000000000055 (mip.MTI <- 0b1, mip.STI <- 0b0)
mem[X,0x00000000800003AC] -> 0x5793
mem[X,0x00000000800003AE] -> 0x0396
[170] [M]: 0x00000000800003AC (0x03965793) srli x15, x12, 0x39                      rvtest_entrypoint+392
x15 <- 0x0000000000000000

mem[X,0x00000000800003B0] -> 0xE6B3
mem[X,0x00000000800003B2] -> 0x00F6
[171] [M]: 0x00000000800003B0 (0x00F6E6B3) or x13, x13, x15                         rvtest_entrypoint+396
x13 <- 0x0000000000000000

clint mtime 0x0000000000000056 (mip.MTI <- 0b1, mip.STI <- 0b0)
mem[X,0x00000000800003B4] -> 0x0013
mem[X,0x00000000800003B6] -> 0x0000
[172] [M]: 0x00000000800003B4 (0x00000013) addi x0, x0, 0x0                         rvtest_code_begin+0

mem[X,0x00000000800003B8] -> 0x0013
mem[X,0x00000000800003BA] -> 0x0000
[173] [M]: 0x00000000800003B8 (0x00000013) addi x0, x0, 0x0                         rvtest_code_begin+4

clint mtime 0x0000000000000057 (mip.MTI <- 0b1, mip.STI <- 0b0)
mem[X,0x00000000800003BC] -> 0x0013
mem[X,0x00000000800003BE] -> 0x0000
[174] [M]: 0x00000000800003BC (0x00000013) addi x0, x0, 0x0                         rvtest_code_begin+8

mem[X,0x00000000800003C0] -> 0x7697
mem[X,0x00000000800003C2] -> 0x0000
[175] [M]: 0x00000000800003C0 (0x00007697) auipc x13, 0x7                           rvtest_code_begin+12
x13 <- 0x00000000800073C0

clint mtime 0x0000000000000058 (mip.MTI <- 0b1, mip.STI <- 0b0)
mem[X,0x00000000800003C4] -> 0x8693
mem[X,0x00000000800003C6] -> 0xE586
[176] [M]: 0x00000000800003C4 (0xE5868693) addi x13, x13, -0x1a8                    rvtest_code_begin+16
x13 <- 0x0000000080007218

mem[X,0x00000000800003C8] -> 0x0001
[177] [M]: 0x00000000800003C8 (0x0001) c.nop                                        rvtest_code_begin+20

clint mtime 0x0000000000000059 (mip.MTI <- 0b1, mip.STI <- 0b0)
mem[X,0x00000000800003CA] -> 0x0013
mem[X,0x00000000800003CC] -> 0x0000
[178] [M]: 0x00000000800003CA (0x00000013) addi x0, x0, 0x0                         rvtest_code_begin+22

mem[X,0x00000000800003CE] -> 0x0013
mem[X,0x00000000800003D0] -> 0x0000
[179] [M]: 0x00000000800003CE (0x00000013) addi x0, x0, 0x0                         rvtest_code_begin+26

clint mtime 0x000000000000005A (mip.MTI <- 0b1, mip.STI <- 0b0)
mem[X,0x00000000800003D2] -> 0x0013
mem[X,0x00000000800003D4] -> 0x0000
[180] [M]: 0x00000000800003D2 (0x00000013) addi x0, x0, 0x0                         rvtest_code_begin+30

mem[X,0x00000000800003D6] -> 0x0013
mem[X,0x00000000800003D8] -> 0x0000
[181] [M]: 0x00000000800003D6 (0x00000013) addi x0, x0, 0x0                         rvtest_code_begin+34

clint mtime 0x000000000000005B (mip.MTI <- 0b1, mip.STI <- 0b0)
mem[X,0x00000000800003DA] -> 0x0013
mem[X,0x00000000800003DC] -> 0x0000
[182] [M]: 0x00000000800003DA (0x00000013) addi x0, x0, 0x0                         rvtest_code_begin+38

mem[X,0x00000000800003DE] -> 0x0001
[183] [M]: 0x00000000800003DE (0x0001) c.nop                                        rvtest_code_begin+42

clint mtime 0x000000000000005C (mip.MTI <- 0b1, mip.STI <- 0b0)
mem[X,0x00000000800003E0] -> 0x1073
mem[X,0x00000000800003E2] -> 0x3A00
[184] [M]: 0x00000000800003E0 (0x3A001073) csrrw x0, pmpcfg0, x0                    main+0
CSR pmpcfg0 (0x3A0) <- 0x0000000000000000

mem[X,0x00000000800003E4] -> 0x1073
mem[X,0x00000000800003E6] -> 0x3A20
[185] [M]: 0x00000000800003E4 (0x3A201073) csrrw x0, pmpcfg2, x0                    main+4
CSR pmpcfg2 (0x3A2) <- 0x0000000000000000

clint mtime 0x000000000000005D (mip.MTI <- 0b1, mip.STI <- 0b0)
mem[X,0x00000000800003E8] -> 0x1073
mem[X,0x00000000800003EA] -> 0x3B00
[186] [M]: 0x00000000800003E8 (0x3B001073) csrrw x0, pmpaddr0, x0                   main+8
CSR pmpaddr0 (0x3B0) <- 0x0000000000000000

mem[X,0x00000000800003EC] -> 0x1073
mem[X,0x00000000800003EE] -> 0x3B10
[187] [M]: 0x00000000800003EC (0x3B101073) csrrw x0, pmpaddr1, x0                   main+12
CSR pmpaddr1 (0x3B1) <- 0x0000000000000000

clint mtime 0x000000000000005E (mip.MTI <- 0b1, mip.STI <- 0b0)
mem[X,0x00000000800003F0] -> 0x1073
mem[X,0x00000000800003F2] -> 0x3B20
[188] [M]: 0x00000000800003F0 (0x3B201073) csrrw x0, pmpaddr2, x0                   main+16
CSR pmpaddr2 (0x3B2) <- 0x0000000000000000

mem[X,0x00000000800003F4] -> 0x1073
mem[X,0x00000000800003F6] -> 0x3B30
[189] [M]: 0x00000000800003F4 (0x3B301073) csrrw x0, pmpaddr3, x0                   main+20
CSR pmpaddr3 (0x3B3) <- 0x0000000000000000

clint mtime 0x000000000000005F (mip.MTI <- 0b1, mip.STI <- 0b0)
mem[X,0x00000000800003F8] -> 0x1073
mem[X,0x00000000800003FA] -> 0x3B40
[190] [M]: 0x00000000800003F8 (0x3B401073) csrrw x0, pmpaddr4, x0                   main+24
CSR pmpaddr4 (0x3B4) <- 0x0000000000000000

mem[X,0x00000000800003FC] -> 0x1073
mem[X,0x00000000800003FE] -> 0x3B50
[191] [M]: 0x00000000800003FC (0x3B501073) csrrw x0, pmpaddr5, x0                   main+28
CSR pmpaddr5 (0x3B5) <- 0x0000000000000000

clint mtime 0x0000000000000060 (mip.MTI <- 0b1, mip.STI <- 0b0)
mem[X,0x0000000080000400] -> 0x1073
mem[X,0x0000000080000402] -> 0x3B60
[192] [M]: 0x0000000080000400 (0x3B601073) csrrw x0, pmpaddr6, x0                   main+32
CSR pmpaddr6 (0x3B6) <- 0x0000000000000000

mem[X,0x0000000080000404] -> 0x1073
mem[X,0x0000000080000406] -> 0x3B70
[193] [M]: 0x0000000080000404 (0x3B701073) csrrw x0, pmpaddr7, x0                   main+36
CSR pmpaddr7 (0x3B7) <- 0x0000000000000000

clint mtime 0x0000000000000061 (mip.MTI <- 0b1, mip.STI <- 0b0)
mem[X,0x0000000080000408] -> 0x1073
mem[X,0x000000008000040A] -> 0x3B80
[194] [M]: 0x0000000080000408 (0x3B801073) csrrw x0, pmpaddr8, x0                   main+40
CSR pmpaddr8 (0x3B8) <- 0x0000000000000000

mem[X,0x000000008000040C] -> 0x1073
mem[X,0x000000008000040E] -> 0x3B90
[195] [M]: 0x000000008000040C (0x3B901073) csrrw x0, pmpaddr9, x0                   main+44
CSR pmpaddr9 (0x3B9) <- 0x0000000000000000

clint mtime 0x0000000000000062 (mip.MTI <- 0b1, mip.STI <- 0b0)
mem[X,0x0000000080000410] -> 0x1073
mem[X,0x0000000080000412] -> 0x3BA0
[196] [M]: 0x0000000080000410 (0x3BA01073) csrrw x0, pmpaddr10, x0                  main+48
CSR pmpaddr10 (0x3BA) <- 0x0000000000000000

mem[X,0x0000000080000414] -> 0x1073
mem[X,0x0000000080000416] -> 0x3BB0
[197] [M]: 0x0000000080000414 (0x3BB01073) csrrw x0, pmpaddr11, x0                  main+52
CSR pmpaddr11 (0x3BB) <- 0x0000000000000000

clint mtime 0x0000000000000063 (mip.MTI <- 0b1, mip.STI <- 0b0)
mem[X,0x0000000080000418] -> 0x1073
mem[X,0x000000008000041A] -> 0x3BC0
[198] [M]: 0x0000000080000418 (0x3BC01073) csrrw x0, pmpaddr12, x0                  main+56
CSR pmpaddr12 (0x3BC) <- 0x0000000000000000

mem[X,0x000000008000041C] -> 0x1073
mem[X,0x000000008000041E] -> 0x3BD0
[199] [M]: 0x000000008000041C (0x3BD01073) csrrw x0, pmpaddr13, x0                  main+60
CSR pmpaddr13 (0x3BD) <- 0x0000000000000000

clint mtime 0x0000000000000064 (mip.MTI <- 0b1, mip.STI <- 0b0)
mem[X,0x0000000080000420] -> 0x1073
mem[X,0x0000000080000422] -> 0x3BE0
[200] [M]: 0x0000000080000420 (0x3BE01073) csrrw x0, pmpaddr14, x0                  main+64
CSR pmpaddr14 (0x3BE) <- 0x0000000000000000

mem[X,0x0000000080000424] -> 0x1073
mem[X,0x0000000080000426] -> 0x3BF0
[201] [M]: 0x0000000080000424 (0x3BF01073) csrrw x0, pmpaddr15, x0                  main+68
CSR pmpaddr15 (0x3BF) <- 0x0000000000000000

clint mtime 0x0000000000000065 (mip.MTI <- 0b1, mip.STI <- 0b0)
mem[X,0x0000000080000428] -> 0x1073
mem[X,0x000000008000042A] -> 0x1800
[202] [M]: 0x0000000080000428 (0x18001073) csrrw x0, satp, x0                       main+72
CSR satp (0x180) <- 0x0000000000000000

mem[X,0x000000008000042C] -> 0x0013
mem[X,0x000000008000042E] -> 0x0000
[203] [M]: 0x000000008000042C (0x00000013) addi x0, x0, 0x0                         main+76

clint mtime 0x0000000000000066 (mip.MTI <- 0b1, mip.STI <- 0b0)
mem[X,0x0000000080000430] -> 0x0013
mem[X,0x0000000080000432] -> 0x0000
[204] [M]: 0x0000000080000430 (0x00000013) addi x0, x0, 0x0                         main+80

mem[X,0x0000000080000434] -> 0x0013
mem[X,0x0000000080000436] -> 0x0000
[205] [M]: 0x0000000080000434 (0x00000013) addi x0, x0, 0x0                         main+84

clint mtime 0x0000000000000067 (mip.MTI <- 0b1, mip.STI <- 0b0)
mem[X,0x0000000080000438] -> 0x0013
mem[X,0x000000008000043A] -> 0x0000
[206] [M]: 0x0000000080000438 (0x00000013) addi x0, x0, 0x0                         main+88

mem[X,0x000000008000043C] -> 0x0013
mem[X,0x000000008000043E] -> 0x0000
[207] [M]: 0x000000008000043C (0x00000013) addi x0, x0, 0x0                         main+92

clint mtime 0x0000000000000068 (mip.MTI <- 0b1, mip.STI <- 0b0)
mem[X,0x0000000080000440] -> 0x021B
mem[X,0x0000000080000442] -> 0xFFF0
[208] [M]: 0x0000000080000440 (0xFFF0021B) addiw x4, x0, -0x1                       main+96
x4 <- 0xFFFFFFFFFFFFFFFF

mem[X,0x0000000080000444] -> 0x0001
[209] [M]: 0x0000000080000444 (0x0001) c.nop                                        main+100

clint mtime 0x0000000000000069 (mip.MTI <- 0b1, mip.STI <- 0b0)
mem[X,0x0000000080000446] -> 0x0013
mem[X,0x0000000080000448] -> 0x0000
[210] [M]: 0x0000000080000446 (0x00000013) addi x0, x0, 0x0                         main+102

mem[X,0x000000008000044A] -> 0x0013
mem[X,0x000000008000044C] -> 0x0000
[211] [M]: 0x000000008000044A (0x00000013) addi x0, x0, 0x0                         main+106

clint mtime 0x000000000000006A (mip.MTI <- 0b1, mip.STI <- 0b0)
mem[X,0x000000008000044E] -> 0x0013
mem[X,0x0000000080000450] -> 0x0000
[212] [M]: 0x000000008000044E (0x00000013) addi x0, x0, 0x0                         main+110

mem[X,0x0000000080000452] -> 0x0013
mem[X,0x0000000080000454] -> 0x0000
[213] [M]: 0x0000000080000452 (0x00000013) addi x0, x0, 0x0                         main+114

clint mtime 0x000000000000006B (mip.MTI <- 0b1, mip.STI <- 0b0)
mem[X,0x0000000080000456] -> 0x0013
mem[X,0x0000000080000458] -> 0x0000
[214] [M]: 0x0000000080000456 (0x00000013) addi x0, x0, 0x0                         main+118

mem[X,0x000000008000045A] -> 0x0013
mem[X,0x000000008000045C] -> 0x0000
[215] [M]: 0x000000008000045A (0x00000013) addi x0, x0, 0x0                         main+122

clint mtime 0x000000000000006C (mip.MTI <- 0b1, mip.STI <- 0b0)
mem[X,0x000000008000045E] -> 0x0001
[216] [M]: 0x000000008000045E (0x0001) c.nop                                        main+126

mem[X,0x0000000080000460] -> 0x1073
mem[X,0x0000000080000462] -> 0x3BF2
[217] [M]: 0x0000000080000460 (0x3BF21073) csrrw x0, pmpaddr15, x4                  main+128
CSR pmpaddr15 (0x3BF) <- 0x003FFFFFFFFFFFFF

clint mtime 0x000000000000006D (mip.MTI <- 0b1, mip.STI <- 0b0)
mem[X,0x0000000080000464] -> 0x0213
mem[X,0x0000000080000466] -> 0x09F0
[218] [M]: 0x0000000080000464 (0x09F00213) addi x4, x0, 0x9f                        main+132
x4 <- 0x000000000000009F

mem[X,0x0000000080000468] -> 0x1213
mem[X,0x000000008000046A] -> 0x0382
[219] [M]: 0x0000000080000468 (0x03821213) slli x4, x4, 0x38                        main+136
x4 <- 0x9F00000000000000

clint mtime 0x000000000000006E (mip.MTI <- 0b1, mip.STI <- 0b0)
mem[X,0x000000008000046C] -> 0x1073
mem[X,0x000000008000046E] -> 0x3A22
[220] [M]: 0x000000008000046C (0x3A221073) csrrw x0, pmpcfg2, x4                    main+140
CSR pmpcfg2 (0x3A2) <- 0x9F00000000000000

mem[X,0x0000000080000470] -> 0x0013
mem[X,0x0000000080000472] -> 0x0000
[221] [M]: 0x0000000080000470 (0x00000013) addi x0, x0, 0x0                         main+144

clint mtime 0x000000000000006F (mip.MTI <- 0b1, mip.STI <- 0b0)
mem[X,0x0000000080000474] -> 0x0013
mem[X,0x0000000080000476] -> 0x0000
[222] [M]: 0x0000000080000474 (0x00000013) addi x0, x0, 0x0                         main+148

mem[X,0x0000000080000478] -> 0x0013
mem[X,0x000000008000047A] -> 0x0000
[223] [M]: 0x0000000080000478 (0x00000013) addi x0, x0, 0x0                         main+152

clint mtime 0x0000000000000070 (mip.MTI <- 0b1, mip.STI <- 0b0)
mem[X,0x000000008000047C] -> 0x0013
mem[X,0x000000008000047E] -> 0x0000
[224] [M]: 0x000000008000047C (0x00000013) addi x0, x0, 0x0                         main+156

mem[X,0x0000000080000480] -> 0x12B7
mem[X,0x0000000080000482] -> 0x2000
[225] [M]: 0x0000000080000480 (0x200012B7) lui x5, 0x20001                          main+160
x5 <- 0x0000000020001000

clint mtime 0x0000000000000071 (mip.MTI <- 0b1, mip.STI <- 0b0)
mem[X,0x0000000080000484] -> 0x829B
mem[X,0x0000000080000486] -> 0x8002
[226] [M]: 0x0000000080000484 (0x8002829B) addiw x5, x5, -0x800                     main+164
x5 <- 0x0000000020000800

mem[X,0x0000000080000488] -> 0x0001
[227] [M]: 0x0000000080000488 (0x0001) c.nop                                        main+168

clint mtime 0x0000000000000072 (mip.MTI <- 0b1, mip.STI <- 0b0)
mem[X,0x000000008000048A] -> 0x0013
mem[X,0x000000008000048C] -> 0x0000
[228] [M]: 0x000000008000048A (0x00000013) addi x0, x0, 0x0                         main+170

mem[X,0x000000008000048E] -> 0x0013
mem[X,0x0000000080000490] -> 0x0000
[229] [M]: 0x000000008000048E (0x00000013) addi x0, x0, 0x0                         main+174

clint mtime 0x0000000000000073 (mip.MTI <- 0b1, mip.STI <- 0b0)
mem[X,0x0000000080000492] -> 0x0013
mem[X,0x0000000080000494] -> 0x0000
[230] [M]: 0x0000000080000492 (0x00000013) addi x0, x0, 0x0                         main+178

mem[X,0x0000000080000496] -> 0x0013
mem[X,0x0000000080000498] -> 0x0000
[231] [M]: 0x0000000080000496 (0x00000013) addi x0, x0, 0x0                         main+182

clint mtime 0x0000000000000074 (mip.MTI <- 0b1, mip.STI <- 0b0)
mem[X,0x000000008000049A] -> 0x0013
mem[X,0x000000008000049C] -> 0x0000
[232] [M]: 0x000000008000049A (0x00000013) addi x0, x0, 0x0                         main+186

mem[X,0x000000008000049E] -> 0x0001
[233] [M]: 0x000000008000049E (0x0001) c.nop                                        main+190

clint mtime 0x0000000000000075 (mip.MTI <- 0b1, mip.STI <- 0b0)
mem[X,0x00000000800004A0] -> 0x9073
mem[X,0x00000000800004A2] -> 0x3BE2
[234] [M]: 0x00000000800004A0 (0x3BE29073) csrrw x0, pmpaddr14, x5                  main+192
CSR pmpaddr14 (0x3BE) <- 0x0000000020000800

mem[X,0x00000000800004A4] -> 0x0213
mem[X,0x00000000800004A6] -> 0x0090
[235] [M]: 0x00000000800004A4 (0x00900213) addi x4, x0, 0x9                         main+196
x4 <- 0x0000000000000009

clint mtime 0x0000000000000076 (mip.MTI <- 0b1, mip.STI <- 0b0)
mem[X,0x00000000800004A8] -> 0x1213
mem[X,0x00000000800004AA] -> 0x0342
[236] [M]: 0x00000000800004A8 (0x03421213) slli x4, x4, 0x34                        main+200
x4 <- 0x0090000000000000

mem[X,0x00000000800004AC] -> 0x1073
mem[X,0x00000000800004AE] -> 0x3A22
[237] [M]: 0x00000000800004AC (0x3A221073) csrrw x0, pmpcfg2, x4                    main+204
CSR pmpcfg2 (0x3A2) <- 0x9F90000000000000

clint mtime 0x0000000000000077 (mip.MTI <- 0b1, mip.STI <- 0b0)
mem[X,0x00000000800004B0] -> 0x0013
mem[X,0x00000000800004B2] -> 0x0000
[238] [M]: 0x00000000800004B0 (0x00000013) addi x0, x0, 0x0                         main+208

mem[X,0x00000000800004B4] -> 0x0013
mem[X,0x00000000800004B6] -> 0x0000
[239] [M]: 0x00000000800004B4 (0x00000013) addi x0, x0, 0x0                         main+212

clint mtime 0x0000000000000078 (mip.MTI <- 0b1, mip.STI <- 0b0)
mem[X,0x00000000800004B8] -> 0x0013
mem[X,0x00000000800004BA] -> 0x0000
[240] [M]: 0x00000000800004B8 (0x00000013) addi x0, x0, 0x0                         main+216

mem[X,0x00000000800004BC] -> 0x0013
mem[X,0x00000000800004BE] -> 0x0000
[241] [M]: 0x00000000800004BC (0x00000013) addi x0, x0, 0x0                         main+220

clint mtime 0x0000000000000079 (mip.MTI <- 0b1, mip.STI <- 0b0)
mem[X,0x00000000800004C0] -> 0x2797
mem[X,0x00000000800004C2] -> 0x0000
[242] [M]: 0x00000000800004C0 (0x00002797) auipc x15, 0x2                           main+224
x15 <- 0x00000000800024C0

mem[X,0x00000000800004C4] -> 0x8793
mem[X,0x00000000800004C6] -> 0xB407
[243] [M]: 0x00000000800004C4 (0xB4078793) addi x15, x15, -0x4c0                    main+228
x15 <- 0x0000000080002000

clint mtime 0x000000000000007A (mip.MTI <- 0b1, mip.STI <- 0b0)
mem[X,0x00000000800004C8] -> 0x0001
[244] [M]: 0x00000000800004C8 (0x0001) c.nop                                        main+232

mem[X,0x00000000800004CA] -> 0x0013
mem[X,0x00000000800004CC] -> 0x0000
[245] [M]: 0x00000000800004CA (0x00000013) addi x0, x0, 0x0                         main+234

clint mtime 0x000000000000007B (mip.MTI <- 0b1, mip.STI <- 0b0)
mem[X,0x00000000800004CE] -> 0x0013
mem[X,0x00000000800004D0] -> 0x0000
[246] [M]: 0x00000000800004CE (0x00000013) addi x0, x0, 0x0                         main+238

mem[X,0x00000000800004D2] -> 0x0013
mem[X,0x00000000800004D4] -> 0x0000
[247] [M]: 0x00000000800004D2 (0x00000013) addi x0, x0, 0x0                         main+242

clint mtime 0x000000000000007C (mip.MTI <- 0b1, mip.STI <- 0b0)
mem[X,0x00000000800004D6] -> 0x0013
mem[X,0x00000000800004D8] -> 0x0000
[248] [M]: 0x00000000800004D6 (0x00000013) addi x0, x0, 0x0                         main+246

mem[X,0x00000000800004DA] -> 0x0013
mem[X,0x00000000800004DC] -> 0x0000
[249] [M]: 0x00000000800004DA (0x00000013) addi x0, x0, 0x0                         main+250

clint mtime 0x000000000000007D (mip.MTI <- 0b1, mip.STI <- 0b0)
mem[X,0x00000000800004DE] -> 0x0001
[250] [M]: 0x00000000800004DE (0x0001) c.nop                                        main+254

mem[X,0x00000000800004E0] -> 0xA703
mem[X,0x00000000800004E2] -> 0x0007
[251] [M]: 0x00000000800004E0 (0x0007A703) lw x14, 0x0(x15)                         main+256
trapping from M to M to handle load-access-fault
handling exc#load-access-fault at priv M with tval 0x0000000080002000
CSR mstatus (0x300) <- 0x0000000A00001800
CSR mcause (0x342) <- 0x0000000000000005
CSR mtval (0x343) <- 0x0000000080002000
CSR mepc (0x341) <- 0x00000000800004E0

clint mtime 0x000000000000007E (mip.MTI <- 0b1, mip.STI <- 0b0)
mem[X,0x0000000080002100] -> 0x006F
mem[X,0x0000000080002102] -> 0x1000
[252] [M]: 0x0000000080002100 (0x1000006F) jal x0, 0x100                            Mtrampoline+0

mem[X,0x0000000080002200] -> 0x1173
mem[X,0x0000000080002202] -> 0x3401
[253] [M]: 0x0000000080002200 (0x34011173) csrrw x2, mscratch, x2                   trap_Mhandler+0
CSR mscratch (0x340) <- 0x01FDDB7D5BFDDB7F
x2 <- 0x0000000080006000

clint mtime 0x000000000000007F (mip.MTI <- 0b1, mip.STI <- 0b0)
mem[X,0x0000000080002204] -> 0x3423
mem[X,0x0000000080002206] -> 0x28B1
[254] [M]: 0x0000000080002204 (0x28B13423) sd x11, 0x288(x2)                        trap_Mhandler+4
mem[W,0x0000000080006288] <- 0x0000000000000000

mem[X,0x0000000080002208] -> 0x05EF
mem[X,0x000000008000220A] -> 0x0B80
[255] [M]: 0x0000000080002208 (0x0B8005EF) jal x11, 0xb8                            trap_Mhandler+8
x11 <- 0x000000008000220C

clint mtime 0x0000000000000080 (mip.MTI <- 0b1, mip.STI <- 0b0)
mem[X,0x00000000800022C0] -> 0x3023
mem[X,0x00000000800022C2] -> 0x28A1
[256] [M]: 0x00000000800022C0 (0x28A13023) sd x10, 0x280(x2)                        common_Mhandler+0
mem[W,0x0000000080006280] <- 0x0000000000000001

mem[X,0x00000000800022C4] -> 0x1573
mem[X,0x00000000800022C6] -> 0x3401
[257] [M]: 0x00000000800022C4 (0x34011573) csrrw x10, mscratch, x2                  common_Mhandler+4
CSR mscratch (0x340) <- 0x0000000080006000
x10 <- 0x01FDDB7D5BFDDB7F

clint mtime 0x0000000000000081 (mip.MTI <- 0b1, mip.STI <- 0b0)
mem[X,0x00000000800022C8] -> 0x3823
mem[X,0x00000000800022CA] -> 0x28A1
[258] [M]: 0x00000000800022C8 (0x28A13823) sd x10, 0x290(x2)                        common_Mhandler+8
mem[W,0x0000000080006290] <- 0x01FDDB7D5BFDDB7F

mem[X,0x00000000800022CC] -> 0x3503
mem[X,0x00000000800022CE] -> 0x2301
[259] [M]: 0x00000000800022CC (0x23013503) ld x10, 0x230(x2)                        common_Mhandler+12
mem[R,0x0000000080006230] -> 0x00000000800022D4
x10 <- 0x00000000800022D4

clint mtime 0x0000000000000082 (mip.MTI <- 0b1, mip.STI <- 0b0)
mem[X,0x00000000800022D0] -> 0x0067
mem[X,0x00000000800022D2] -> 0x0005
[260] [M]: 0x00000000800022D0 (0x00050067) jalr x0, 0x0(x10)                        common_Mhandler+16

mem[X,0x00000000800022D4] -> 0x3C23
mem[X,0x00000000800022D6] -> 0x2691
[261] [M]: 0x00000000800022D4 (0x26913C23) sd x9, 0x278(x2)                         common_Mentry+0
mem[W,0x0000000080006278] <- 0x00000000000000FE

clint mtime 0x0000000000000083 (mip.MTI <- 0b1, mip.STI <- 0b0)
mem[X,0x00000000800022D8] -> 0x3823
mem[X,0x00000000800022DA] -> 0x2681
[262] [M]: 0x00000000800022D8 (0x26813823) sd x8, 0x270(x2)                         common_Mentry+4
mem[W,0x0000000080006270] <- 0x0000000000007F76

mem[X,0x00000000800022DC] -> 0x3423
mem[X,0x00000000800022DE] -> 0x2671
[263] [M]: 0x00000000800022DC (0x26713423) sd x7, 0x268(x2)                         common_Mentry+8
mem[W,0x0000000080006268] <- 0x00000000003FBB6F

clint mtime 0x0000000000000084 (mip.MTI <- 0b1, mip.STI <- 0b0)
mem[X,0x00000000800022E0] -> 0x3023
mem[X,0x00000000800022E2] -> 0x2661
[264] [M]: 0x00000000800022E0 (0x26613023) sd x6, 0x260(x2)                         common_Mentry+12
mem[W,0x0000000080006260] <- 0x000000001FDDB7D5

mem[X,0x00000000800022E4] -> 0x2573
mem[X,0x00000000800022E6] -> 0x3420
[265] [M]: 0x00000000800022E4 (0x34202573) csrrs x10, mcause, x0                    spcl_M2mmode_test+0
CSR mcause (0x342) -> 0x0000000000000005
x10 <- 0x0000000000000005

clint mtime 0x0000000000000085 (mip.MTI <- 0b1, mip.STI <- 0b0)
mem[X,0x00000000800022E8] -> 0x04B7
mem[X,0x00000000800022EA] -> 0x8000
[266] [M]: 0x00000000800022E8 (0x800004B7) lui x9, -0x80000                         spcl_M2mmode_test+4
x9 <- 0xFFFFFFFF80000000

mem[X,0x00000000800022EC] -> 0x8493
mem[X,0x00000000800022EE] -> 0x0004
[267] [M]: 0x00000000800022EC (0x00048493) addi x9, x9, 0x0                         spcl_M2mmode_test+8
x9 <- 0xFFFFFFFF80000000

clint mtime 0x0000000000000086 (mip.MTI <- 0b1, mip.STI <- 0b0)
mem[X,0x00000000800022F0] -> 0x9493
mem[X,0x00000000800022F2] -> 0x00B4
[268] [M]: 0x00000000800022F0 (0x00B49493) slli x9, x9, 0xb                         spcl_M2mmode_test+12
x9 <- 0xFFFFFC0000000000

mem[X,0x00000000800022F4] -> 0x8493
mem[X,0x00000000800022F6] -> 0x0004
[269] [M]: 0x00000000800022F4 (0x00048493) addi x9, x9, 0x0                         spcl_M2mmode_test+16
x9 <- 0xFFFFFC0000000000

clint mtime 0x0000000000000087 (mip.MTI <- 0b1, mip.STI <- 0b0)
mem[X,0x00000000800022F8] -> 0x9493
mem[X,0x00000000800022FA] -> 0x00B4
[270] [M]: 0x00000000800022F8 (0x00B49493) slli x9, x9, 0xb                         spcl_M2mmode_test+20
x9 <- 0xFFE0000000000000

mem[X,0x00000000800022FC] -> 0x8493
mem[X,0x00000000800022FE] -> 0x0034
[271] [M]: 0x00000000800022FC (0x00348493) addi x9, x9, 0x3                         spcl_M2mmode_test+24
x9 <- 0xFFE0000000000003

clint mtime 0x0000000000000088 (mip.MTI <- 0b1, mip.STI <- 0b0)
mem[X,0x0000000080002300] -> 0x9493
mem[X,0x0000000080002302] -> 0x00A4
[272] [M]: 0x0000000080002300 (0x00A49493) slli x9, x9, 0xa                         spcl_M2mmode_test+28
x9 <- 0x8000000000000C00

mem[X,0x0000000080002304] -> 0x8493
mem[X,0x0000000080002306] -> 0x3FC4
[273] [M]: 0x0000000080002304 (0x3FC48493) addi x9, x9, 0x3fc                       spcl_M2mmode_test+32
x9 <- 0x8000000000000FFC

clint mtime 0x0000000000000089 (mip.MTI <- 0b1, mip.STI <- 0b0)
mem[X,0x0000000080002308] -> 0xF4B3
mem[X,0x000000008000230A] -> 0x00A4
[274] [M]: 0x0000000080002308 (0x00A4F4B3) and x9, x9, x10                          spcl_M2mmode_test+36
x9 <- 0x0000000000000004

mem[X,0x000000008000230C] -> 0x8493
mem[X,0x000000008000230E] -> 0xFF84
[275] [M]: 0x000000008000230C (0xFF848493) addi x9, x9, -0x8                        spcl_M2mmode_test+40
x9 <- 0xFFFFFFFFFFFFFFFC

clint mtime 0x000000000000008A (mip.MTI <- 0b1, mip.STI <- 0b0)
mem[X,0x0000000080002310] -> 0x9663
mem[X,0x0000000080002312] -> 0x0004
[276] [M]: 0x0000000080002310 (0x00049663) bne x9, x0, 0xc                          spcl_M2mmode_test+44

mem[X,0x000000008000231C] -> 0x0393
mem[X,0x000000008000231E] -> 0x0200
[277] [M]: 0x000000008000231C (0x02000393) addi x7, x0, 0x20                        Mtrapsig_ptr_upd+0
x7 <- 0x0000000000000020

clint mtime 0x000000000000008B (mip.MTI <- 0b1, mip.STI <- 0b0)
mem[X,0x0000000080002320] -> 0x5263
mem[X,0x0000000080002322] -> 0x0405
[278] [M]: 0x0000000080002320 (0x04055263) bge x10, x0, 0x44                        Mtrapsig_ptr_upd+4

mem[X,0x0000000080002364] -> 0x2373
mem[X,0x0000000080002366] -> 0x3010
[279] [M]: 0x0000000080002364 (0x30102373) csrrs x6, misa, x0                       Mxcpt_sig_sv+0
CSR misa (0x301) -> 0x800000000034112F
x6 <- 0x800000000034112F

clint mtime 0x000000000000008C (mip.MTI <- 0b1, mip.STI <- 0b0)
mem[X,0x0000000080002368] -> 0x1313
mem[X,0x000000008000236A] -> 0x0383
[280] [M]: 0x0000000080002368 (0x03831313) slli x6, x6, 0x38                        Mxcpt_sig_sv+4
x6 <- 0x2F00000000000000

mem[X,0x000000008000236C] -> 0x5463
mem[X,0x000000008000236E] -> 0x0003
[281] [M]: 0x000000008000236C (0x00035463) bge x6, x0, 0x8                          Mxcpt_sig_sv+8

clint mtime 0x000000000000008D (mip.MTI <- 0b1, mip.STI <- 0b0)
mem[X,0x0000000080002374] -> 0x3303
mem[X,0x0000000080002376] -> 0x2181
[282] [M]: 0x0000000080002374 (0x21813303) ld x6, 0x218(x2)                         Mtrap_sig_sv+0
mem[R,0x0000000080006218] -> 0x0000000080007420
x6 <- 0x0000000080007420

mem[X,0x0000000080002378] -> 0x04B3
mem[X,0x000000008000237A] -> 0x0073
[283] [M]: 0x0000000080002378 (0x007304B3) add x9, x6, x7                           Mtrap_sig_sv+4
x9 <- 0x0000000080007440

clint mtime 0x000000000000008E (mip.MTI <- 0b1, mip.STI <- 0b0)
mem[X,0x000000008000237C] -> 0x3C23
mem[X,0x000000008000237E] -> 0x2091
[284] [M]: 0x000000008000237C (0x20913C23) sd x9, 0x218(x2)                         Mtrap_sig_sv+8
mem[W,0x0000000080006218] <- 0x0000000080007440

mem[X,0x0000000080002380] -> 0x3403
mem[X,0x0000000080002382] -> 0x1F81
[285] [M]: 0x0000000080002380 (0x1F813403) ld x8, 0x1f8(x2)                         Mtrap_sig_sv+12
mem[R,0x00000000800061F8] -> 0x0000000080007210
x8 <- 0x0000000080007210

clint mtime 0x000000000000008F (mip.MTI <- 0b1, mip.STI <- 0b0)
mem[X,0x0000000080002384] -> 0x0333
mem[X,0x0000000080002386] -> 0x4083
[286] [M]: 0x0000000080002384 (0x40830333) sub x6, x6, x8                           Mtrap_sig_sv+16
x6 <- 0x0000000000000210

mem[X,0x0000000080002388] -> 0x3403
mem[X,0x000000008000238A] -> 0x1F81
[287] [M]: 0x0000000080002388 (0x1F813403) ld x8, 0x1f8(x2)                         Mtrap_sig_sv+20
mem[R,0x00000000800061F8] -> 0x0000000080007210
x8 <- 0x0000000080007210

clint mtime 0x0000000000000090 (mip.MTI <- 0b1, mip.STI <- 0b0)
mem[X,0x000000008000238C] -> 0x0333
mem[X,0x000000008000238E] -> 0x0083
[288] [M]: 0x000000008000238C (0x00830333) add x6, x6, x8                           Mtrap_sig_sv+24
x6 <- 0x0000000080007420

mem[X,0x0000000080002390] -> 0x3403
mem[X,0x0000000080002392] -> 0x2401
[289] [M]: 0x0000000080002390 (0x24013403) ld x8, 0x240(x2)                         Mtrap_sig_sv+28
mem[R,0x0000000080006240] -> 0x0000000080002100
x8 <- 0x0000000080002100

clint mtime 0x0000000000000091 (mip.MTI <- 0b1, mip.STI <- 0b0)
mem[X,0x0000000080002394] -> 0x85B3
mem[X,0x0000000080002396] -> 0x4085
[290] [M]: 0x0000000080002394 (0x408585B3) sub x11, x11, x8                         sv_Mvect+0
x11 <- 0x000000000000010C

mem[X,0x0000000080002398] -> 0x9593
mem[X,0x000000008000239A] -> 0x0045
[291] [M]: 0x0000000080002398 (0x00459593) slli x11, x11, 0x4                       sv_Mvect+4
x11 <- 0x00000000000010C0

clint mtime 0x0000000000000092 (mip.MTI <- 0b1, mip.STI <- 0b0)
mem[X,0x000000008000239C] -> 0xE5B3
mem[X,0x000000008000239E] -> 0x0075
[292] [M]: 0x000000008000239C (0x0075E5B3) or x11, x11, x7                          sv_Mvect+8
x11 <- 0x00000000000010E0

mem[X,0x00000000800023A0] -> 0x8593
mem[X,0x00000000800023A2] -> 0x0035
[293] [M]: 0x00000000800023A0 (0x00358593) addi x11, x11, 0x3                       sv_Mvect+12
x11 <- 0x00000000000010E3

clint mtime 0x0000000000000093 (mip.MTI <- 0b1, mip.STI <- 0b0)
mem[X,0x00000000800023A4] -> 0x3023
mem[X,0x00000000800023A6] -> 0x00B3
[294] [M]: 0x00000000800023A4 (0x00B33023) sd x11, 0x0(x6)                          sv_Mvect+16
mem[W,0x0000000080007420] <- 0x00000000000010E3

mem[X,0x00000000800023A8] -> 0x3423
mem[X,0x00000000800023AA] -> 0x00A3
[295] [M]: 0x00000000800023A8 (0x00A33423) sd x10, 0x8(x6)                          sv_Mcause+0
mem[W,0x0000000080007428] <- 0x0000000000000005

clint mtime 0x0000000000000094 (mip.MTI <- 0b1, mip.STI <- 0b0)
mem[X,0x00000000800023AC] -> 0x4263
mem[X,0x00000000800023AE] -> 0x1A05
[296] [M]: 0x00000000800023AC (0x1A054263) blt x10, x0, 0x1a4                       sv_Mcause+4

mem[X,0x00000000800023B0] -> 0x25F3
mem[X,0x00000000800023B2] -> 0x3000
[297] [M]: 0x00000000800023B0 (0x300025F3) csrrs x11, mstatus, x0                   common_Mexcpt_handler+0
CSR mstatus (0x300) -> 0x0000000A00001800
x11 <- 0x0000000A00001800

clint mtime 0x0000000000000095 (mip.MTI <- 0b1, mip.STI <- 0b0)
mem[X,0x00000000800023B4] -> 0x9413
mem[X,0x00000000800023B6] -> 0x02E5
[298] [M]: 0x00000000800023B4 (0x02E59413) slli x8, x11, 0x2e                       common_Mexcpt_handler+4
x8 <- 0x0600000000000000

mem[X,0x00000000800023B8] -> 0x5463
mem[X,0x00000000800023BA] -> 0x0004
[299] [M]: 0x00000000800023B8 (0x00045463) bge x8, x0, 0x8                          common_Mexcpt_handler+8

clint mtime 0x0000000000000096 (mip.MTI <- 0b1, mip.STI <- 0b0)
mem[X,0x00000000800023C0] -> 0xD493
mem[X,0x00000000800023C2] -> 0x00B5
[300] [M]: 0x00000000800023C0 (0x00B5D493) srli x9, x11, 0xb                        common_Mexcpt_handler+16
x9 <- 0x0000000001400003

mem[X,0x00000000800023C4] -> 0xF493
mem[X,0x00000000800023C6] -> 0x0034
[301] [M]: 0x00000000800023C4 (0x0034F493) andi x9, x9, 0x3                         common_Mexcpt_handler+20
x9 <- 0x0000000000000003

clint mtime 0x0000000000000097 (mip.MTI <- 0b1, mip.STI <- 0b0)
mem[X,0x00000000800023C8] -> 0x8493
mem[X,0x00000000800023CA] -> 0x0014
[302] [M]: 0x00000000800023C8 (0x00148493) addi x9, x9, 0x1                         common_Mexcpt_handler+24
x9 <- 0x0000000000000004

mem[X,0x00000000800023CC] -> 0xF493
mem[X,0x00000000800023CE] -> 0x0044
[303] [M]: 0x00000000800023CC (0x0044F493) andi x9, x9, 0x4                         common_Mexcpt_handler+28
x9 <- 0x0000000000000004

clint mtime 0x0000000000000098 (mip.MTI <- 0b1, mip.STI <- 0b0)
mem[X,0x00000000800023D0] -> 0x0593
mem[X,0x00000000800023D2] -> 0x05D0
[304] [M]: 0x00000000800023D0 (0x05D00593) addi x11, x0, 0x5d                       common_Mexcpt_handler+32
x11 <- 0x000000000000005D

mem[X,0x00000000800023D4] -> 0xD5B3
mem[X,0x00000000800023D6] -> 0x0095
[305] [M]: 0x00000000800023D4 (0x0095D5B3) srl x11, x11, x9                         common_Mexcpt_handler+36
x11 <- 0x0000000000000005

clint mtime 0x0000000000000099 (mip.MTI <- 0b1, mip.STI <- 0b0)
mem[X,0x00000000800023D8] -> 0xF593
mem[X,0x00000000800023DA] -> 0x0015
[306] [M]: 0x00000000800023D8 (0x0015F593) andi x11, x11, 0x1                       common_Mexcpt_handler+40
x11 <- 0x0000000000000001

mem[X,0x00000000800023DC] -> 0x8EE3
mem[X,0x00000000800023DE] -> 0xF405
[307] [M]: 0x00000000800023DC (0xF4058EE3) beq x11, x0, -0xa4                       common_Mexcpt_handler+44

clint mtime 0x000000000000009A (mip.MTI <- 0b1, mip.STI <- 0b0)
mem[X,0x00000000800023E0] -> 0x0593
mem[X,0x00000000800023E2] -> 0x2980
[308] [M]: 0x00000000800023E0 (0x29800593) addi x11, x0, 0x298                      common_Mexcpt_handler+48
x11 <- 0x0000000000000298

mem[X,0x00000000800023E4] -> 0xF413
mem[X,0x00000000800023E6] -> 0x0014
[309] [M]: 0x00000000800023E4 (0x0014F413) andi x8, x9, 0x1                         common_Mexcpt_handler+52
x8 <- 0x0000000000000000

clint mtime 0x000000000000009B (mip.MTI <- 0b1, mip.STI <- 0b0)
mem[X,0x00000000800023E8] -> 0x95B3
mem[X,0x00000000800023EA] -> 0x0085
[310] [M]: 0x00000000800023E8 (0x008595B3) sll x11, x11, x8                         common_Mexcpt_handler+56
x11 <- 0x0000000000000298

mem[X,0x00000000800023EC] -> 0x9413
mem[X,0x00000000800023EE] -> 0x03D4
[311] [M]: 0x00000000800023EC (0x03D49413) slli x8, x9, 0x3d                        common_Mexcpt_handler+60
x8 <- 0x8000000000000000

clint mtime 0x000000000000009C (mip.MTI <- 0b1, mip.STI <- 0b0)
mem[X,0x00000000800023F0] -> 0x5413
mem[X,0x00000000800023F2] -> 0x43F4
[312] [M]: 0x00000000800023F0 (0x43F45413) srai x8, x8, 0x3f                        common_Mexcpt_handler+64
x8 <- 0xFFFFFFFFFFFFFFFF

mem[X,0x00000000800023F4] -> 0x4413
mem[X,0x00000000800023F6] -> 0xFFF4
[313] [M]: 0x00000000800023F4 (0xFFF44413) xori x8, x8, -0x1                        common_Mexcpt_handler+68
x8 <- 0x0000000000000000

clint mtime 0x000000000000009D (mip.MTI <- 0b1, mip.STI <- 0b0)
mem[X,0x00000000800023F8] -> 0xF4B3
mem[X,0x00000000800023FA] -> 0x0085
[314] [M]: 0x00000000800023F8 (0x0085F4B3) and x9, x11, x8                          common_Mexcpt_handler+72
x9 <- 0x0000000000000000

mem[X,0x00000000800023FC] -> 0x84B3
mem[X,0x00000000800023FE] -> 0x0024
[315] [M]: 0x00000000800023FC (0x002484B3) add x9, x9, x2                           vmem_adj_Mepc+0
x9 <- 0x0000000080006000

clint mtime 0x000000000000009E (mip.MTI <- 0b1, mip.STI <- 0b0)
mem[X,0x0000000080002400] -> 0x23F3
mem[X,0x0000000080002402] -> 0x3410
[316] [M]: 0x0000000080002400 (0x341023F3) csrrs x7, mepc, x0                       vmem_adj_Mepc+4
CSR mepc (0x341) -> 0x00000000800004E0
x7 <- 0x00000000800004E0

mem[X,0x0000000080002404] -> 0x0413
mem[X,0x0000000080002406] -> 0x0004
[317] [M]: 0x0000000080002404 (0x00040413) addi x8, x8, 0x0                         vmem_adj_Mepc+8
x8 <- 0x0000000000000000

clint mtime 0x000000000000009F (mip.MTI <- 0b1, mip.STI <- 0b0)
mem[X,0x0000000080002408] -> 0x006F
mem[X,0x000000008000240A] -> 0x0400
[318] [M]: 0x0000000080002408 (0x0400006F) jal x0, 0x40                             vmem_adj_Mepc+12

mem[X,0x0000000080002448] -> 0x8433
mem[X,0x000000008000244A] -> 0x4083
[319] [M]: 0x0000000080002448 (0x40838433) sub x8, x7, x8                           adj_Mepc+0
x8 <- 0x00000000800004E0

clint mtime 0x00000000000000A0 (mip.MTI <- 0b1, mip.STI <- 0b0)
mem[X,0x000000008000244C] -> 0x3823
mem[X,0x000000008000244E] -> 0x0083
[320] [M]: 0x000000008000244C (0x00833823) sd x8, 0x10(x6)                          sv_Mepc+0
mem[W,0x0000000080007430] <- 0x00000000800004E0

mem[X,0x0000000080002450] -> 0x55B7
mem[X,0x0000000080002452] -> 0x0000
[321] [M]: 0x0000000080002450 (0x000055B7) lui x11, 0x5                             sv_Mepc+4
x11 <- 0x0000000000005000

clint mtime 0x00000000000000A1 (mip.MTI <- 0b1, mip.STI <- 0b0)
mem[X,0x0000000080002454] -> 0x8593
mem[X,0x0000000080002456] -> 0x6675
[322] [M]: 0x0000000080002454 (0x66758593) addi x11, x11, 0x667                     sv_Mepc+8
x11 <- 0x0000000000005667

mem[X,0x0000000080002458] -> 0x9593
mem[X,0x000000008000245A] -> 0x0015
[323] [M]: 0x0000000080002458 (0x00159593) slli x11, x11, 0x1                       sv_Mepc+12
x11 <- 0x000000000000ACCE

clint mtime 0x00000000000000A2 (mip.MTI <- 0b1, mip.STI <- 0b0)
mem[X,0x000000008000245C] -> 0x9063
mem[X,0x000000008000245E] -> 0x02B1
[324] [M]: 0x000000008000245C (0x02B19063) bne x3, x11, 0x20                        sv_Mepc+16

mem[X,0x000000008000247C] -> 0xF593
mem[X,0x000000008000247E] -> 0xFFC3
[325] [M]: 0x000000008000247C (0xFFC3F593) andi x11, x7, -0x4                       adj_Mepc_rtn+0
x11 <- 0x00000000800004E0

clint mtime 0x00000000000000A3 (mip.MTI <- 0b1, mip.STI <- 0b0)
mem[X,0x0000000080002480] -> 0x8593
mem[X,0x0000000080002482] -> 0x0085
[326] [M]: 0x0000000080002480 (0x00858593) addi x11, x11, 0x8                       adj_Mepc_rtn+4
x11 <- 0x00000000800004E8

mem[X,0x0000000080002484] -> 0x9073
mem[X,0x0000000080002486] -> 0x3415
[327] [M]: 0x0000000080002484 (0x34159073) csrrw x0, mepc, x11                      adj_Mepc_rtn+8
CSR mepc (0x341) <- 0x00000000800004E8

clint mtime 0x00000000000000A4 (mip.MTI <- 0b1, mip.STI <- 0b0)
mem[X,0x0000000080002488] -> 0x23F3
mem[X,0x000000008000248A] -> 0x3430
[328] [M]: 0x0000000080002488 (0x343023F3) csrrs x7, mtval, x0                      skp_adj_Mepc+0
CSR mtval (0x343) -> 0x0000000080002000
x7 <- 0x0000000080002000

mem[X,0x000000008000248C] -> 0x7513
mem[X,0x000000008000248E] -> 0x00F5
[329] [M]: 0x000000008000248C (0x00F57513) andi x10, x10, 0xf                       chk_Mtval+0
x10 <- 0x0000000000000005

clint mtime 0x00000000000000A5 (mip.MTI <- 0b1, mip.STI <- 0b0)
mem[X,0x0000000080002490] -> 0x0437
mem[X,0x0000000080002492] -> 0x0000
[330] [M]: 0x0000000080002490 (0x00000437) lui x8, 0x0                              chk_Mtval+4
x8 <- 0x0000000000000000

mem[X,0x0000000080002494] -> 0x0413
mem[X,0x0000000080002496] -> 0x0004
[331] [M]: 0x0000000080002494 (0x00040413) addi x8, x8, 0x0                         chk_Mtval+8
x8 <- 0x0000000000000000

clint mtime 0x00000000000000A6 (mip.MTI <- 0b1, mip.STI <- 0b0)
mem[X,0x0000000080002498] -> 0x1413
mem[X,0x000000008000249A] -> 0x00B4
[332] [M]: 0x0000000080002498 (0x00B41413) slli x8, x8, 0xb                         chk_Mtval+12
x8 <- 0x0000000000000000

mem[X,0x000000008000249C] -> 0x0413
mem[X,0x000000008000249E] -> 0x0004
[333] [M]: 0x000000008000249C (0x00040413) addi x8, x8, 0x0                         chk_Mtval+16
x8 <- 0x0000000000000000

clint mtime 0x00000000000000A7 (mip.MTI <- 0b1, mip.STI <- 0b0)
mem[X,0x00000000800024A0] -> 0x1413
mem[X,0x00000000800024A2] -> 0x00B4
[334] [M]: 0x00000000800024A0 (0x00B41413) slli x8, x8, 0xb                         chk_Mtval+20
x8 <- 0x0000000000000000

mem[X,0x00000000800024A4] -> 0x0413
mem[X,0x00000000800024A6] -> 0x02C4
[335] [M]: 0x00000000800024A4 (0x02C40413) addi x8, x8, 0x2c                        chk_Mtval+24
x8 <- 0x000000000000002C

clint mtime 0x00000000000000A8 (mip.MTI <- 0b1, mip.STI <- 0b0)
mem[X,0x00000000800024A8] -> 0x1413
mem[X,0x00000000800024AA] -> 0x00A4
[336] [M]: 0x00000000800024A8 (0x00A41413) slli x8, x8, 0xa                         chk_Mtval+28
x8 <- 0x000000000000B000

mem[X,0x00000000800024AC] -> 0x0413
mem[X,0x00000000800024AE] -> 0x0FB4
[337] [M]: 0x00000000800024AC (0x0FB40413) addi x8, x8, 0xfb                        chk_Mtval+32
x8 <- 0x000000000000B0FB

clint mtime 0x00000000000000A9 (mip.MTI <- 0b1, mip.STI <- 0b0)
mem[X,0x00000000800024B0] -> 0x5433
mem[X,0x00000000800024B2] -> 0x00A4
[338] [M]: 0x00000000800024B0 (0x00A45433) srl x8, x8, x10                          chk_Mtval+36
x8 <- 0x0000000000000587

mem[X,0x00000000800024B4] -> 0x1413
mem[X,0x00000000800024B6] -> 0x03F4
[339] [M]: 0x00000000800024B4 (0x03F41413) slli x8, x8, 0x3f                        chk_Mtval+40
x8 <- 0x8000000000000000

clint mtime 0x00000000000000AA (mip.MTI <- 0b1, mip.STI <- 0b0)
mem[X,0x00000000800024B8] -> 0x5C63
mem[X,0x00000000800024BA] -> 0x0404
[340] [M]: 0x00000000800024B8 (0x04045C63) bge x8, x0, 0x58                         chk_Mtval+44

mem[X,0x00000000800024BC] -> 0xB403
mem[X,0x00000000800024BE] -> 0x2084
[341] [M]: 0x00000000800024BC (0x2084B403) ld x8, 0x208(x9)                         vmem_adj_Mtval+0
mem[R,0x0000000080006208] -> 0x00000000800003B4
x8 <- 0x00000000800003B4

clint mtime 0x00000000000000AB (mip.MTI <- 0b1, mip.STI <- 0b0)
mem[X,0x00000000800024C0] -> 0xB583
mem[X,0x00000000800024C2] -> 0x2104
[342] [M]: 0x00000000800024C0 (0x2104B583) ld x11, 0x210(x9)                        vmem_adj_Mtval+4
mem[R,0x0000000080006210] -> 0x0000000000001C5C
x11 <- 0x0000000000001C5C

mem[X,0x00000000800024C4] -> 0x85B3
mem[X,0x00000000800024C6] -> 0x0085
[343] [M]: 0x00000000800024C4 (0x008585B3) add x11, x11, x8                         vmem_adj_Mtval+8
x11 <- 0x0000000080002010

clint mtime 0x00000000000000AC (mip.MTI <- 0b1, mip.STI <- 0b0)
mem[X,0x00000000800024C8] -> 0xF463
mem[X,0x00000000800024CA] -> 0x00B3
[344] [M]: 0x00000000800024C8 (0x00B3F463) bgeu x7, x11, 0x8                        vmem_adj_Mtval+12

mem[X,0x00000000800024CC] -> 0xF063
mem[X,0x00000000800024CE] -> 0x0483
[345] [M]: 0x00000000800024CC (0x0483F063) bgeu x7, x8, 0x40                        vmem_adj_Mtval+16

clint mtime 0x00000000000000AD (mip.MTI <- 0b1, mip.STI <- 0b0)
mem[X,0x000000008000250C] -> 0x8433
mem[X,0x000000008000250E] -> 0x4083
[346] [M]: 0x000000008000250C (0x40838433) sub x8, x7, x8                           adj_Mtval+0
x8 <- 0x0000000000001C4C

mem[X,0x0000000080002510] -> 0x3C23
mem[X,0x0000000080002512] -> 0x0083
[347] [M]: 0x0000000080002510 (0x00833C23) sd x8, 0x18(x6)                          sv_Mtval+0
mem[W,0x0000000080007438] <- 0x0000000000001C4C

clint mtime 0x00000000000000AE (mip.MTI <- 0b1, mip.STI <- 0b0)
mem[X,0x0000000080002514] -> 0x3483
mem[X,0x0000000080002516] -> 0x2181
[348] [M]: 0x0000000080002514 (0x21813483) ld x9, 0x218(x2)                         skp_Mtval+0
mem[R,0x0000000080006218] -> 0x0000000080007440
x9 <- 0x0000000080007440

mem[X,0x0000000080002518] -> 0x3383
mem[X,0x000000008000251A] -> 0x1F81
[349] [M]: 0x0000000080002518 (0x1F813383) ld x7, 0x1f8(x2)                         skp_Mtval+4
mem[R,0x00000000800061F8] -> 0x0000000080007210
x7 <- 0x0000000080007210

clint mtime 0x00000000000000AF (mip.MTI <- 0b1, mip.STI <- 0b0)
mem[X,0x000000008000251C] -> 0x3303
mem[X,0x000000008000251E] -> 0x2001
[350] [M]: 0x000000008000251C (0x20013303) ld x6, 0x200(x2)                         skp_Mtval+8
mem[R,0x0000000080006200] -> 0x0000000000000A20
x6 <- 0x0000000000000A20

mem[X,0x0000000080002520] -> 0x0333
mem[X,0x0000000080002522] -> 0x0073
[351] [M]: 0x0000000080002520 (0x00730333) add x6, x6, x7                           skp_Mtval+12
x6 <- 0x0000000080007C30

clint mtime 0x00000000000000B0 (mip.MTI <- 0b1, mip.STI <- 0b0)
mem[X,0x0000000080002524] -> 0x6AE3
mem[X,0x0000000080002526] -> 0xAE93
[352] [M]: 0x0000000080002524 (0xAE936AE3) bltu x6, x9, -0x50c                      skp_Mtval+16

mem[X,0x0000000080002528] -> 0x0393
mem[X,0x000000008000252A] -> 0x2000
[353] [M]: 0x0000000080002528 (0x20000393) addi x7, x0, 0x200                       skp_Mtval+20
x7 <- 0x0000000000000200

clint mtime 0x00000000000000B1 (mip.MTI <- 0b1, mip.STI <- 0b0)
mem[X,0x000000008000252C] -> 0x006F
mem[X,0x000000008000252E] -> 0x0400
[354] [M]: 0x000000008000252C (0x0400006F) jal x0, 0x40                             skp_Mtval+24

mem[X,0x000000008000256C] -> 0x0417
mem[X,0x000000008000256E] -> 0x0000
[355] [M]: 0x000000008000256C (0x00000417) auipc x8, 0x0                            spcl_Mhandler+0
x8 <- 0x000000008000256C

clint mtime 0x00000000000000B2 (mip.MTI <- 0b1, mip.STI <- 0b0)
mem[X,0x0000000080002570] -> 0x0413
mem[X,0x0000000080002572] -> 0x03C4
[356] [M]: 0x0000000080002570 (0x03C40413) addi x8, x8, 0x3c                        spcl_Mhandler+4
x8 <- 0x00000000800025A8

mem[X,0x0000000080002574] -> 0x0433
mem[X,0x0000000080002576] -> 0x0074
[357] [M]: 0x0000000080002574 (0x00740433) add x8, x8, x7                           spcl_Mhandler+8
x8 <- 0x00000000800027A8

clint mtime 0x00000000000000B3 (mip.MTI <- 0b1, mip.STI <- 0b0)
mem[X,0x0000000080002578] -> 0x1393
mem[X,0x000000008000257A] -> 0x0035
[358] [M]: 0x0000000080002578 (0x00351393) slli x7, x10, 0x3                        spcl_Mhandler+12
x7 <- 0x0000000000000028

mem[X,0x000000008000257C] -> 0x0433
mem[X,0x000000008000257E] -> 0x0074
[359] [M]: 0x000000008000257C (0x00740433) add x8, x8, x7                           spcl_Mhandler+16
x8 <- 0x00000000800027D0

clint mtime 0x00000000000000B4 (mip.MTI <- 0b1, mip.STI <- 0b0)
mem[X,0x0000000080002580] -> 0x7413
mem[X,0x0000000080002582] -> 0xFF84
[360] [M]: 0x0000000080002580 (0xFF847413) andi x8, x8, -0x8                        spcl_Mhandler+20
x8 <- 0x00000000800027D0

mem[X,0x0000000080002584] -> 0x3403
mem[X,0x0000000080002586] -> 0x0004
[361] [M]: 0x0000000080002584 (0x00043403) ld x8, 0x0(x8)                           spcl_Mhandler+24
mem[R,0x00000000800027D0] -> 0x000000000000000B
x8 <- 0x000000000000000B

clint mtime 0x00000000000000B5 (mip.MTI <- 0b1, mip.STI <- 0b0)
mem[X,0x0000000080002588] -> 0x02E3
mem[X,0x000000008000258A] -> 0xB204
[362] [M]: 0x0000000080002588 (0xB20402E3) beq x8, x0, -0x4dc                       spcl_Mdispatch_hndling+0

mem[X,0x000000008000258C] -> 0x1393
mem[X,0x000000008000258E] -> 0x03F4
[363] [M]: 0x000000008000258C (0x03F41393) slli x7, x8, 0x3f                        spcl_Mdispatch_hndling+4
x7 <- 0x8000000000000000

clint mtime 0x00000000000000B6 (mip.MTI <- 0b1, mip.STI <- 0b0)
mem[X,0x0000000080002590] -> 0xD863
mem[X,0x0000000080002592] -> 0x0003
[364] [M]: 0x0000000080002590 (0x0003D863) bge x7, x0, 0x10                         spcl_Mdispatch_hndling+8

mem[X,0x0000000080002594] -> 0x5413
mem[X,0x0000000080002596] -> 0x0014
[365] [M]: 0x0000000080002594 (0x00145413) srli x8, x8, 0x1                         spcl_Mdispatch_hndling+12
x8 <- 0x0000000000000005

clint mtime 0x00000000000000B7 (mip.MTI <- 0b1, mip.STI <- 0b0)
mem[X,0x0000000080002598] -> 0x0CE3
mem[X,0x000000008000259A] -> 0xF885
[366] [M]: 0x0000000080002598 (0xF8850CE3) beq x10, x8, -0x68                       spcl_Mdispatch_hndling+16

mem[X,0x0000000080002530] -> 0x3303
mem[X,0x0000000080002532] -> 0x2601
[367] [M]: 0x0000000080002530 (0x26013303) ld x6, 0x260(x2)                         resto_Mrtn+0
mem[R,0x0000000080006260] -> 0x000000001FDDB7D5
x6 <- 0x000000001FDDB7D5

clint mtime 0x00000000000000B8 (mip.MTI <- 0b1, mip.STI <- 0b0)
mem[X,0x0000000080002534] -> 0x3383
mem[X,0x0000000080002536] -> 0x2681
[368] [M]: 0x0000000080002534 (0x26813383) ld x7, 0x268(x2)                         resto_Mrtn+4
mem[R,0x0000000080006268] -> 0x00000000003FBB6F
x7 <- 0x00000000003FBB6F

mem[X,0x0000000080002538] -> 0x3403
mem[X,0x000000008000253A] -> 0x2701
[369] [M]: 0x0000000080002538 (0x27013403) ld x8, 0x270(x2)                         resto_Mrtn+8
mem[R,0x0000000080006270] -> 0x0000000000007F76
x8 <- 0x0000000000007F76

clint mtime 0x00000000000000B9 (mip.MTI <- 0b1, mip.STI <- 0b0)
mem[X,0x000000008000253C] -> 0x3483
mem[X,0x000000008000253E] -> 0x2781
[370] [M]: 0x000000008000253C (0x27813483) ld x9, 0x278(x2)                         resto_Mrtn+12
mem[R,0x0000000080006278] -> 0x00000000000000FE
x9 <- 0x00000000000000FE

mem[X,0x0000000080002540] -> 0x3503
mem[X,0x0000000080002542] -> 0x2801
[371] [M]: 0x0000000080002540 (0x28013503) ld x10, 0x280(x2)                        resto_Mrtn+16
mem[R,0x0000000080006280] -> 0x0000000000000001
x10 <- 0x0000000000000001

clint mtime 0x00000000000000BA (mip.MTI <- 0b1, mip.STI <- 0b0)
mem[X,0x0000000080002544] -> 0x3583
mem[X,0x0000000080002546] -> 0x2881
[372] [M]: 0x0000000080002544 (0x28813583) ld x11, 0x288(x2)                        resto_Mrtn+20
mem[R,0x0000000080006288] -> 0x0000000000000000
x11 <- 0x0000000000000000

mem[X,0x0000000080002548] -> 0x3103
mem[X,0x000000008000254A] -> 0x2901
[373] [M]: 0x0000000080002548 (0x29013103) ld x2, 0x290(x2)                         resto_Mrtn+24
mem[R,0x0000000080006290] -> 0x01FDDB7D5BFDDB7F
x2 <- 0x01FDDB7D5BFDDB7F

clint mtime 0x00000000000000BB (mip.MTI <- 0b1, mip.STI <- 0b0)
mem[X,0x000000008000254C] -> 0x0073
mem[X,0x000000008000254E] -> 0x3020
[374] [M]: 0x000000008000254C (0x30200073) mret                                     resto_Mrtn+28
CSR mstatus (0x300) <- 0x0000000A00000080
ret-ing from M to M

mem[X,0x00000000800004E8] -> 0x0013
mem[X,0x00000000800004EA] -> 0x0000
[375] [M]: 0x00000000800004E8 (0x00000013) addi x0, x0, 0x0                         main+264

clint mtime 0x00000000000000BC (mip.MTI <- 0b1, mip.STI <- 0b0)
mem[X,0x00000000800004EC] -> 0xB023
mem[X,0x00000000800004EE] -> 0x00E6
[376] [M]: 0x00000000800004EC (0x00E6B023) sd x14, 0x0(x13)                         main+268
mem[W,0x0000000080007218] <- 0x0000000000000000

mem[X,0x00000000800004F0] -> 0x8793
mem[X,0x00000000800004F2] -> 0xFFC7
[377] [M]: 0x00000000800004F0 (0xFFC78793) addi x15, x15, -0x4                      main+272
x15 <- 0x0000000080001FFC

clint mtime 0x00000000000000BD (mip.MTI <- 0b1, mip.STI <- 0b0)
mem[X,0x00000000800004F4] -> 0xA703
mem[X,0x00000000800004F6] -> 0x0007
[378] [M]: 0x00000000800004F4 (0x0007A703) lw x14, 0x0(x15)                         main+276
mem[R,0x0000000080001FFC] -> 0x00000013
x14 <- 0x0000000000000013

mem[X,0x00000000800004F8] -> 0x0013
mem[X,0x00000000800004FA] -> 0x0000
[379] [M]: 0x00000000800004F8 (0x00000013) addi x0, x0, 0x0                         main+280

clint mtime 0x00000000000000BE (mip.MTI <- 0b1, mip.STI <- 0b0)
mem[X,0x00000000800004FC] -> 0x0013
mem[X,0x00000000800004FE] -> 0x0000
[380] [M]: 0x00000000800004FC (0x00000013) addi x0, x0, 0x0                         main+284

mem[X,0x0000000080000500] -> 0xB423
mem[X,0x0000000080000502] -> 0x00E6
[381] [M]: 0x0000000080000500 (0x00E6B423) sd x14, 0x8(x13)                         main+288
mem[W,0x0000000080007220] <- 0x0000000000000013

clint mtime 0x00000000000000BF (mip.MTI <- 0b1, mip.STI <- 0b0)
mem[X,0x0000000080000504] -> 0x8793
mem[X,0x0000000080000506] -> 0x0087
[382] [M]: 0x0000000080000504 (0x00878793) addi x15, x15, 0x8                       main+292
x15 <- 0x0000000080002004

mem[X,0x0000000080000508] -> 0xA703
mem[X,0x000000008000050A] -> 0x0007
[383] [M]: 0x0000000080000508 (0x0007A703) lw x14, 0x0(x15)                         main+296
mem[R,0x0000000080002004] -> 0x00000013
x14 <- 0x0000000000000013

clint mtime 0x00000000000000C0 (mip.MTI <- 0b1, mip.STI <- 0b0)
mem[X,0x000000008000050C] -> 0x0013
mem[X,0x000000008000050E] -> 0x0000
[384] [M]: 0x000000008000050C (0x00000013) addi x0, x0, 0x0                         main+300

mem[X,0x0000000080000510] -> 0x0013
mem[X,0x0000000080000512] -> 0x0000
[385] [M]: 0x0000000080000510 (0x00000013) addi x0, x0, 0x0                         main+304

clint mtime 0x00000000000000C1 (mip.MTI <- 0b1, mip.STI <- 0b0)
mem[X,0x0000000080000514] -> 0xB823
mem[X,0x0000000080000516] -> 0x00E6
[386] [M]: 0x0000000080000514 (0x00E6B823) sd x14, 0x10(x13)                        main+308
mem[W,0x0000000080007228] <- 0x0000000000000013

mem[X,0x0000000080000518] -> 0x0013
mem[X,0x000000008000051A] -> 0x0000
[387] [M]: 0x0000000080000518 (0x00000013) addi x0, x0, 0x0                         main+312

clint mtime 0x00000000000000C2 (mip.MTI <- 0b1, mip.STI <- 0b0)
mem[X,0x000000008000051C] -> 0x0013
mem[X,0x000000008000051E] -> 0x0000
[388] [M]: 0x000000008000051C (0x00000013) addi x0, x0, 0x0                         main+316

mem[X,0x0000000080000520] -> 0x12B7
mem[X,0x0000000080000522] -> 0x2000
[389] [M]: 0x0000000080000520 (0x200012B7) lui x5, 0x20001                          main+320
x5 <- 0x0000000020001000

clint mtime 0x00000000000000C3 (mip.MTI <- 0b1, mip.STI <- 0b0)
mem[X,0x0000000080000524] -> 0x829B
mem[X,0x0000000080000526] -> 0x8002
[390] [M]: 0x0000000080000524 (0x8002829B) addiw x5, x5, -0x800                     main+324
x5 <- 0x0000000020000800

mem[X,0x0000000080000528] -> 0x0001
[391] [M]: 0x0000000080000528 (0x0001) c.nop                                        main+328

clint mtime 0x00000000000000C4 (mip.MTI <- 0b1, mip.STI <- 0b0)
mem[X,0x000000008000052A] -> 0x0013
mem[X,0x000000008000052C] -> 0x0000
[392] [M]: 0x000000008000052A (0x00000013) addi x0, x0, 0x0                         main+330

mem[X,0x000000008000052E] -> 0x0013
mem[X,0x0000000080000530] -> 0x0000
[393] [M]: 0x000000008000052E (0x00000013) addi x0, x0, 0x0                         main+334

clint mtime 0x00000000000000C5 (mip.MTI <- 0b1, mip.STI <- 0b0)
mem[X,0x0000000080000532] -> 0x0013
mem[X,0x0000000080000534] -> 0x0000
[394] [M]: 0x0000000080000532 (0x00000013) addi x0, x0, 0x0                         main+338

mem[X,0x0000000080000536] -> 0x0013
mem[X,0x0000000080000538] -> 0x0000
[395] [M]: 0x0000000080000536 (0x00000013) addi x0, x0, 0x0                         main+342

clint mtime 0x00000000000000C6 (mip.MTI <- 0b1, mip.STI <- 0b0)
mem[X,0x000000008000053A] -> 0x0013
mem[X,0x000000008000053C] -> 0x0000
[396] [M]: 0x000000008000053A (0x00000013) addi x0, x0, 0x0                         main+346

mem[X,0x000000008000053E] -> 0x0001
[397] [M]: 0x000000008000053E (0x0001) c.nop                                        main+350

clint mtime 0x00000000000000C7 (mip.MTI <- 0b1, mip.STI <- 0b0)
mem[X,0x0000000080000540] -> 0x9073
mem[X,0x0000000080000542] -> 0x3BD2
[398] [M]: 0x0000000080000540 (0x3BD29073) csrrw x0, pmpaddr13, x5                  main+352
CSR pmpaddr13 (0x3BD) <- 0x0000000020000800

mem[X,0x0000000080000544] -> 0x0213
mem[X,0x0000000080000546] -> 0x0090
[399] [M]: 0x0000000080000544 (0x00900213) addi x4, x0, 0x9                         main+356
x4 <- 0x0000000000000009

clint mtime 0x00000000000000C8 (mip.MTI <- 0b1, mip.STI <- 0b0)
mem[X,0x0000000080000548] -> 0x1213
mem[X,0x000000008000054A] -> 0x02C2
[400] [M]: 0x0000000080000548 (0x02C21213) slli x4, x4, 0x2c                        main+360
x4 <- 0x0000900000000000

mem[X,0x000000008000054C] -> 0x1073
mem[X,0x000000008000054E] -> 0x3A22
[401] [M]: 0x000000008000054C (0x3A221073) csrrw x0, pmpcfg2, x4                    main+364
CSR pmpcfg2 (0x3A2) <- 0x9F90900000000000

clint mtime 0x00000000000000C9 (mip.MTI <- 0b1, mip.STI <- 0b0)
mem[X,0x0000000080000550] -> 0x0013
mem[X,0x0000000080000552] -> 0x0000
[402] [M]: 0x0000000080000550 (0x00000013) addi x0, x0, 0x0                         main+368

mem[X,0x0000000080000554] -> 0x0013
mem[X,0x0000000080000556] -> 0x0000
[403] [M]: 0x0000000080000554 (0x00000013) addi x0, x0, 0x0                         main+372

clint mtime 0x00000000000000CA (mip.MTI <- 0b1, mip.STI <- 0b0)
mem[X,0x0000000080000558] -> 0x0013
mem[X,0x000000008000055A] -> 0x0000
[404] [M]: 0x0000000080000558 (0x00000013) addi x0, x0, 0x0                         main+376

mem[X,0x000000008000055C] -> 0x0013
mem[X,0x000000008000055E] -> 0x0000
[405] [M]: 0x000000008000055C (0x00000013) addi x0, x0, 0x0                         main+380

clint mtime 0x00000000000000CB (mip.MTI <- 0b1, mip.STI <- 0b0)
mem[X,0x0000000080000560] -> 0x2797
mem[X,0x0000000080000562] -> 0x0000
[406] [M]: 0x0000000080000560 (0x00002797) auipc x15, 0x2                           main+384
x15 <- 0x0000000080002560

mem[X,0x0000000080000564] -> 0x8793
mem[X,0x0000000080000566] -> 0xAA07
[407] [M]: 0x0000000080000564 (0xAA078793) addi x15, x15, -0x560                    main+388
x15 <- 0x0000000080002000

clint mtime 0x00000000000000CC (mip.MTI <- 0b1, mip.STI <- 0b0)
mem[X,0x0000000080000568] -> 0x0001
[408] [M]: 0x0000000080000568 (0x0001) c.nop                                        main+392

mem[X,0x000000008000056A] -> 0x0013
mem[X,0x000000008000056C] -> 0x0000
[409] [M]: 0x000000008000056A (0x00000013) addi x0, x0, 0x0                         main+394

clint mtime 0x00000000000000CD (mip.MTI <- 0b1, mip.STI <- 0b0)
mem[X,0x000000008000056E] -> 0x0013
mem[X,0x0000000080000570] -> 0x0000
[410] [M]: 0x000000008000056E (0x00000013) addi x0, x0, 0x0                         main+398

mem[X,0x0000000080000572] -> 0x0013
mem[X,0x0000000080000574] -> 0x0000
[411] [M]: 0x0000000080000572 (0x00000013) addi x0, x0, 0x0                         main+402

clint mtime 0x00000000000000CE (mip.MTI <- 0b1, mip.STI <- 0b0)
mem[X,0x0000000080000576] -> 0x0013
mem[X,0x0000000080000578] -> 0x0000
[412] [M]: 0x0000000080000576 (0x00000013) addi x0, x0, 0x0                         main+406

mem[X,0x000000008000057A] -> 0x0013
mem[X,0x000000008000057C] -> 0x0000
[413] [M]: 0x000000008000057A (0x00000013) addi x0, x0, 0x0                         main+410

clint mtime 0x00000000000000CF (mip.MTI <- 0b1, mip.STI <- 0b0)
mem[X,0x000000008000057E] -> 0x0001
[414] [M]: 0x000000008000057E (0x0001) c.nop                                        main+414

mem[X,0x0000000080000580] -> 0xA703
mem[X,0x0000000080000582] -> 0x0007
[415] [M]: 0x0000000080000580 (0x0007A703) lw x14, 0x0(x15)                         main+416
trapping from M to M to handle load-access-fault
handling exc#load-access-fault at priv M with tval 0x0000000080002000
CSR mstatus (0x300) <- 0x0000000A00001800
CSR mcause (0x342) <- 0x0000000000000005
CSR mtval (0x343) <- 0x0000000080002000
CSR mepc (0x341) <- 0x0000000080000580

clint mtime 0x00000000000000D0 (mip.MTI <- 0b1, mip.STI <- 0b0)
mem[X,0x0000000080002100] -> 0x006F
mem[X,0x0000000080002102] -> 0x1000
[416] [M]: 0x0000000080002100 (0x1000006F) jal x0, 0x100                            Mtrampoline+0

mem[X,0x0000000080002200] -> 0x1173
mem[X,0x0000000080002202] -> 0x3401
[417] [M]: 0x0000000080002200 (0x34011173) csrrw x2, mscratch, x2                   trap_Mhandler+0
CSR mscratch (0x340) <- 0x01FDDB7D5BFDDB7F
x2 <- 0x0000000080006000

clint mtime 0x00000000000000D1 (mip.MTI <- 0b1, mip.STI <- 0b0)
mem[X,0x0000000080002204] -> 0x3423
mem[X,0x0000000080002206] -> 0x28B1
[418] [M]: 0x0000000080002204 (0x28B13423) sd x11, 0x288(x2)                        trap_Mhandler+4
mem[W,0x0000000080006288] <- 0x0000000000000000

mem[X,0x0000000080002208] -> 0x05EF
mem[X,0x000000008000220A] -> 0x0B80
[419] [M]: 0x0000000080002208 (0x0B8005EF) jal x11, 0xb8                            trap_Mhandler+8
x11 <- 0x000000008000220C

clint mtime 0x00000000000000D2 (mip.MTI <- 0b1, mip.STI <- 0b0)
mem[X,0x00000000800022C0] -> 0x3023
mem[X,0x00000000800022C2] -> 0x28A1
[420] [M]: 0x00000000800022C0 (0x28A13023) sd x10, 0x280(x2)                        common_Mhandler+0
mem[W,0x0000000080006280] <- 0x0000000000000001

mem[X,0x00000000800022C4] -> 0x1573
mem[X,0x00000000800022C6] -> 0x3401
[421] [M]: 0x00000000800022C4 (0x34011573) csrrw x10, mscratch, x2                  common_Mhandler+4
CSR mscratch (0x340) <- 0x0000000080006000
x10 <- 0x01FDDB7D5BFDDB7F

clint mtime 0x00000000000000D3 (mip.MTI <- 0b1, mip.STI <- 0b0)
mem[X,0x00000000800022C8] -> 0x3823
mem[X,0x00000000800022CA] -> 0x28A1
[422] [M]: 0x00000000800022C8 (0x28A13823) sd x10, 0x290(x2)                        common_Mhandler+8
mem[W,0x0000000080006290] <- 0x01FDDB7D5BFDDB7F

mem[X,0x00000000800022CC] -> 0x3503
mem[X,0x00000000800022CE] -> 0x2301
[423] [M]: 0x00000000800022CC (0x23013503) ld x10, 0x230(x2)                        common_Mhandler+12
mem[R,0x0000000080006230] -> 0x00000000800022D4
x10 <- 0x00000000800022D4

clint mtime 0x00000000000000D4 (mip.MTI <- 0b1, mip.STI <- 0b0)
mem[X,0x00000000800022D0] -> 0x0067
mem[X,0x00000000800022D2] -> 0x0005
[424] [M]: 0x00000000800022D0 (0x00050067) jalr x0, 0x0(x10)                        common_Mhandler+16

mem[X,0x00000000800022D4] -> 0x3C23
mem[X,0x00000000800022D6] -> 0x2691
[425] [M]: 0x00000000800022D4 (0x26913C23) sd x9, 0x278(x2)                         common_Mentry+0
mem[W,0x0000000080006278] <- 0x00000000000000FE

clint mtime 0x00000000000000D5 (mip.MTI <- 0b1, mip.STI <- 0b0)
mem[X,0x00000000800022D8] -> 0x3823
mem[X,0x00000000800022DA] -> 0x2681
[426] [M]: 0x00000000800022D8 (0x26813823) sd x8, 0x270(x2)                         common_Mentry+4
mem[W,0x0000000080006270] <- 0x0000000000007F76

mem[X,0x00000000800022DC] -> 0x3423
mem[X,0x00000000800022DE] -> 0x2671
[427] [M]: 0x00000000800022DC (0x26713423) sd x7, 0x268(x2)                         common_Mentry+8
mem[W,0x0000000080006268] <- 0x00000000003FBB6F

clint mtime 0x00000000000000D6 (mip.MTI <- 0b1, mip.STI <- 0b0)
mem[X,0x00000000800022E0] -> 0x3023
mem[X,0x00000000800022E2] -> 0x2661
[428] [M]: 0x00000000800022E0 (0x26613023) sd x6, 0x260(x2)                         common_Mentry+12
mem[W,0x0000000080006260] <- 0x000000001FDDB7D5

mem[X,0x00000000800022E4] -> 0x2573
mem[X,0x00000000800022E6] -> 0x3420
[429] [M]: 0x00000000800022E4 (0x34202573) csrrs x10, mcause, x0                    spcl_M2mmode_test+0
CSR mcause (0x342) -> 0x0000000000000005
x10 <- 0x0000000000000005

clint mtime 0x00000000000000D7 (mip.MTI <- 0b1, mip.STI <- 0b0)
mem[X,0x00000000800022E8] -> 0x04B7
mem[X,0x00000000800022EA] -> 0x8000
[430] [M]: 0x00000000800022E8 (0x800004B7) lui x9, -0x80000                         spcl_M2mmode_test+4
x9 <- 0xFFFFFFFF80000000

mem[X,0x00000000800022EC] -> 0x8493
mem[X,0x00000000800022EE] -> 0x0004
[431] [M]: 0x00000000800022EC (0x00048493) addi x9, x9, 0x0                         spcl_M2mmode_test+8
x9 <- 0xFFFFFFFF80000000

clint mtime 0x00000000000000D8 (mip.MTI <- 0b1, mip.STI <- 0b0)
mem[X,0x00000000800022F0] -> 0x9493
mem[X,0x00000000800022F2] -> 0x00B4
[432] [M]: 0x00000000800022F0 (0x00B49493) slli x9, x9, 0xb                         spcl_M2mmode_test+12
x9 <- 0xFFFFFC0000000000

mem[X,0x00000000800022F4] -> 0x8493
mem[X,0x00000000800022F6] -> 0x0004
[433] [M]: 0x00000000800022F4 (0x00048493) addi x9, x9, 0x0                         spcl_M2mmode_test+16
x9 <- 0xFFFFFC0000000000

clint mtime 0x00000000000000D9 (mip.MTI <- 0b1, mip.STI <- 0b0)
mem[X,0x00000000800022F8] -> 0x9493
mem[X,0x00000000800022FA] -> 0x00B4
[434] [M]: 0x00000000800022F8 (0x00B49493) slli x9, x9, 0xb                         spcl_M2mmode_test+20
x9 <- 0xFFE0000000000000

mem[X,0x00000000800022FC] -> 0x8493
mem[X,0x00000000800022FE] -> 0x0034
[435] [M]: 0x00000000800022FC (0x00348493) addi x9, x9, 0x3                         spcl_M2mmode_test+24
x9 <- 0xFFE0000000000003

clint mtime 0x00000000000000DA (mip.MTI <- 0b1, mip.STI <- 0b0)
mem[X,0x0000000080002300] -> 0x9493
mem[X,0x0000000080002302] -> 0x00A4
[436] [M]: 0x0000000080002300 (0x00A49493) slli x9, x9, 0xa                         spcl_M2mmode_test+28
x9 <- 0x8000000000000C00

mem[X,0x0000000080002304] -> 0x8493
mem[X,0x0000000080002306] -> 0x3FC4
[437] [M]: 0x0000000080002304 (0x3FC48493) addi x9, x9, 0x3fc                       spcl_M2mmode_test+32
x9 <- 0x8000000000000FFC

clint mtime 0x00000000000000DB (mip.MTI <- 0b1, mip.STI <- 0b0)
mem[X,0x0000000080002308] -> 0xF4B3
mem[X,0x000000008000230A] -> 0x00A4
[438] [M]: 0x0000000080002308 (0x00A4F4B3) and x9, x9, x10                          spcl_M2mmode_test+36
x9 <- 0x0000000000000004

mem[X,0x000000008000230C] -> 0x8493
mem[X,0x000000008000230E] -> 0xFF84
[439] [M]: 0x000000008000230C (0xFF848493) addi x9, x9, -0x8                        spcl_M2mmode_test+40
x9 <- 0xFFFFFFFFFFFFFFFC

clint mtime 0x00000000000000DC (mip.MTI <- 0b1, mip.STI <- 0b0)
mem[X,0x0000000080002310] -> 0x9663
mem[X,0x0000000080002312] -> 0x0004
[440] [M]: 0x0000000080002310 (0x00049663) bne x9, x0, 0xc                          spcl_M2mmode_test+44

mem[X,0x000000008000231C] -> 0x0393
mem[X,0x000000008000231E] -> 0x0200
[441] [M]: 0x000000008000231C (0x02000393) addi x7, x0, 0x20                        Mtrapsig_ptr_upd+0
x7 <- 0x0000000000000020

clint mtime 0x00000000000000DD (mip.MTI <- 0b1, mip.STI <- 0b0)
mem[X,0x0000000080002320] -> 0x5263
mem[X,0x0000000080002322] -> 0x0405
[442] [M]: 0x0000000080002320 (0x04055263) bge x10, x0, 0x44                        Mtrapsig_ptr_upd+4

mem[X,0x0000000080002364] -> 0x2373
mem[X,0x0000000080002366] -> 0x3010
[443] [M]: 0x0000000080002364 (0x30102373) csrrs x6, misa, x0                       Mxcpt_sig_sv+0
CSR misa (0x301) -> 0x800000000034112F
x6 <- 0x800000000034112F

clint mtime 0x00000000000000DE (mip.MTI <- 0b1, mip.STI <- 0b0)
mem[X,0x0000000080002368] -> 0x1313
mem[X,0x000000008000236A] -> 0x0383
[444] [M]: 0x0000000080002368 (0x03831313) slli x6, x6, 0x38                        Mxcpt_sig_sv+4
x6 <- 0x2F00000000000000

mem[X,0x000000008000236C] -> 0x5463
mem[X,0x000000008000236E] -> 0x0003
[445] [M]: 0x000000008000236C (0x00035463) bge x6, x0, 0x8                          Mxcpt_sig_sv+8

clint mtime 0x00000000000000DF (mip.MTI <- 0b1, mip.STI <- 0b0)
mem[X,0x0000000080002374] -> 0x3303
mem[X,0x0000000080002376] -> 0x2181
[446] [M]: 0x0000000080002374 (0x21813303) ld x6, 0x218(x2)                         Mtrap_sig_sv+0
mem[R,0x0000000080006218] -> 0x0000000080007440
x6 <- 0x0000000080007440

mem[X,0x0000000080002378] -> 0x04B3
mem[X,0x000000008000237A] -> 0x0073
[447] [M]: 0x0000000080002378 (0x007304B3) add x9, x6, x7                           Mtrap_sig_sv+4
x9 <- 0x0000000080007460

clint mtime 0x00000000000000E0 (mip.MTI <- 0b1, mip.STI <- 0b0)
mem[X,0x000000008000237C] -> 0x3C23
mem[X,0x000000008000237E] -> 0x2091
[448] [M]: 0x000000008000237C (0x20913C23) sd x9, 0x218(x2)                         Mtrap_sig_sv+8
mem[W,0x0000000080006218] <- 0x0000000080007460

mem[X,0x0000000080002380] -> 0x3403
mem[X,0x0000000080002382] -> 0x1F81
[449] [M]: 0x0000000080002380 (0x1F813403) ld x8, 0x1f8(x2)                         Mtrap_sig_sv+12
mem[R,0x00000000800061F8] -> 0x0000000080007210
x8 <- 0x0000000080007210

clint mtime 0x00000000000000E1 (mip.MTI <- 0b1, mip.STI <- 0b0)
mem[X,0x0000000080002384] -> 0x0333
mem[X,0x0000000080002386] -> 0x4083
[450] [M]: 0x0000000080002384 (0x40830333) sub x6, x6, x8                           Mtrap_sig_sv+16
x6 <- 0x0000000000000230

mem[X,0x0000000080002388] -> 0x3403
mem[X,0x000000008000238A] -> 0x1F81
[451] [M]: 0x0000000080002388 (0x1F813403) ld x8, 0x1f8(x2)                         Mtrap_sig_sv+20
mem[R,0x00000000800061F8] -> 0x0000000080007210
x8 <- 0x0000000080007210

clint mtime 0x00000000000000E2 (mip.MTI <- 0b1, mip.STI <- 0b0)
mem[X,0x000000008000238C] -> 0x0333
mem[X,0x000000008000238E] -> 0x0083
[452] [M]: 0x000000008000238C (0x00830333) add x6, x6, x8                           Mtrap_sig_sv+24
x6 <- 0x0000000080007440

mem[X,0x0000000080002390] -> 0x3403
mem[X,0x0000000080002392] -> 0x2401
[453] [M]: 0x0000000080002390 (0x24013403) ld x8, 0x240(x2)                         Mtrap_sig_sv+28
mem[R,0x0000000080006240] -> 0x0000000080002100
x8 <- 0x0000000080002100

clint mtime 0x00000000000000E3 (mip.MTI <- 0b1, mip.STI <- 0b0)
mem[X,0x0000000080002394] -> 0x85B3
mem[X,0x0000000080002396] -> 0x4085
[454] [M]: 0x0000000080002394 (0x408585B3) sub x11, x11, x8                         sv_Mvect+0
x11 <- 0x000000000000010C

mem[X,0x0000000080002398] -> 0x9593
mem[X,0x000000008000239A] -> 0x0045
[455] [M]: 0x0000000080002398 (0x00459593) slli x11, x11, 0x4                       sv_Mvect+4
x11 <- 0x00000000000010C0

clint mtime 0x00000000000000E4 (mip.MTI <- 0b1, mip.STI <- 0b0)
mem[X,0x000000008000239C] -> 0xE5B3
mem[X,0x000000008000239E] -> 0x0075
[456] [M]: 0x000000008000239C (0x0075E5B3) or x11, x11, x7                          sv_Mvect+8
x11 <- 0x00000000000010E0

mem[X,0x00000000800023A0] -> 0x8593
mem[X,0x00000000800023A2] -> 0x0035
[457] [M]: 0x00000000800023A0 (0x00358593) addi x11, x11, 0x3                       sv_Mvect+12
x11 <- 0x00000000000010E3

clint mtime 0x00000000000000E5 (mip.MTI <- 0b1, mip.STI <- 0b0)
mem[X,0x00000000800023A4] -> 0x3023
mem[X,0x00000000800023A6] -> 0x00B3
[458] [M]: 0x00000000800023A4 (0x00B33023) sd x11, 0x0(x6)                          sv_Mvect+16
mem[W,0x0000000080007440] <- 0x00000000000010E3

mem[X,0x00000000800023A8] -> 0x3423
mem[X,0x00000000800023AA] -> 0x00A3
[459] [M]: 0x00000000800023A8 (0x00A33423) sd x10, 0x8(x6)                          sv_Mcause+0
mem[W,0x0000000080007448] <- 0x0000000000000005

clint mtime 0x00000000000000E6 (mip.MTI <- 0b1, mip.STI <- 0b0)
mem[X,0x00000000800023AC] -> 0x4263
mem[X,0x00000000800023AE] -> 0x1A05
[460] [M]: 0x00000000800023AC (0x1A054263) blt x10, x0, 0x1a4                       sv_Mcause+4

mem[X,0x00000000800023B0] -> 0x25F3
mem[X,0x00000000800023B2] -> 0x3000
[461] [M]: 0x00000000800023B0 (0x300025F3) csrrs x11, mstatus, x0                   common_Mexcpt_handler+0
CSR mstatus (0x300) -> 0x0000000A00001800
x11 <- 0x0000000A00001800

clint mtime 0x00000000000000E7 (mip.MTI <- 0b1, mip.STI <- 0b0)
mem[X,0x00000000800023B4] -> 0x9413
mem[X,0x00000000800023B6] -> 0x02E5
[462] [M]: 0x00000000800023B4 (0x02E59413) slli x8, x11, 0x2e                       common_Mexcpt_handler+4
x8 <- 0x0600000000000000

mem[X,0x00000000800023B8] -> 0x5463
mem[X,0x00000000800023BA] -> 0x0004
[463] [M]: 0x00000000800023B8 (0x00045463) bge x8, x0, 0x8                          common_Mexcpt_handler+8

clint mtime 0x00000000000000E8 (mip.MTI <- 0b1, mip.STI <- 0b0)
mem[X,0x00000000800023C0] -> 0xD493
mem[X,0x00000000800023C2] -> 0x00B5
[464] [M]: 0x00000000800023C0 (0x00B5D493) srli x9, x11, 0xb                        common_Mexcpt_handler+16
x9 <- 0x0000000001400003

mem[X,0x00000000800023C4] -> 0xF493
mem[X,0x00000000800023C6] -> 0x0034
[465] [M]: 0x00000000800023C4 (0x0034F493) andi x9, x9, 0x3                         common_Mexcpt_handler+20
x9 <- 0x0000000000000003

clint mtime 0x00000000000000E9 (mip.MTI <- 0b1, mip.STI <- 0b0)
mem[X,0x00000000800023C8] -> 0x8493
mem[X,0x00000000800023CA] -> 0x0014
[466] [M]: 0x00000000800023C8 (0x00148493) addi x9, x9, 0x1                         common_Mexcpt_handler+24
x9 <- 0x0000000000000004

mem[X,0x00000000800023CC] -> 0xF493
mem[X,0x00000000800023CE] -> 0x0044
[467] [M]: 0x00000000800023CC (0x0044F493) andi x9, x9, 0x4                         common_Mexcpt_handler+28
x9 <- 0x0000000000000004

clint mtime 0x00000000000000EA (mip.MTI <- 0b1, mip.STI <- 0b0)
mem[X,0x00000000800023D0] -> 0x0593
mem[X,0x00000000800023D2] -> 0x05D0
[468] [M]: 0x00000000800023D0 (0x05D00593) addi x11, x0, 0x5d                       common_Mexcpt_handler+32
x11 <- 0x000000000000005D

mem[X,0x00000000800023D4] -> 0xD5B3
mem[X,0x00000000800023D6] -> 0x0095
[469] [M]: 0x00000000800023D4 (0x0095D5B3) srl x11, x11, x9                         common_Mexcpt_handler+36
x11 <- 0x0000000000000005

clint mtime 0x00000000000000EB (mip.MTI <- 0b1, mip.STI <- 0b0)
mem[X,0x00000000800023D8] -> 0xF593
mem[X,0x00000000800023DA] -> 0x0015
[470] [M]: 0x00000000800023D8 (0x0015F593) andi x11, x11, 0x1                       common_Mexcpt_handler+40
x11 <- 0x0000000000000001

mem[X,0x00000000800023DC] -> 0x8EE3
mem[X,0x00000000800023DE] -> 0xF405
[471] [M]: 0x00000000800023DC (0xF4058EE3) beq x11, x0, -0xa4                       common_Mexcpt_handler+44

clint mtime 0x00000000000000EC (mip.MTI <- 0b1, mip.STI <- 0b0)
mem[X,0x00000000800023E0] -> 0x0593
mem[X,0x00000000800023E2] -> 0x2980
[472] [M]: 0x00000000800023E0 (0x29800593) addi x11, x0, 0x298                      common_Mexcpt_handler+48
x11 <- 0x0000000000000298

mem[X,0x00000000800023E4] -> 0xF413
mem[X,0x00000000800023E6] -> 0x0014
[473] [M]: 0x00000000800023E4 (0x0014F413) andi x8, x9, 0x1                         common_Mexcpt_handler+52
x8 <- 0x0000000000000000

clint mtime 0x00000000000000ED (mip.MTI <- 0b1, mip.STI <- 0b0)
mem[X,0x00000000800023E8] -> 0x95B3
mem[X,0x00000000800023EA] -> 0x0085
[474] [M]: 0x00000000800023E8 (0x008595B3) sll x11, x11, x8                         common_Mexcpt_handler+56
x11 <- 0x0000000000000298

mem[X,0x00000000800023EC] -> 0x9413
mem[X,0x00000000800023EE] -> 0x03D4
[475] [M]: 0x00000000800023EC (0x03D49413) slli x8, x9, 0x3d                        common_Mexcpt_handler+60
x8 <- 0x8000000000000000

clint mtime 0x00000000000000EE (mip.MTI <- 0b1, mip.STI <- 0b0)
mem[X,0x00000000800023F0] -> 0x5413
mem[X,0x00000000800023F2] -> 0x43F4
[476] [M]: 0x00000000800023F0 (0x43F45413) srai x8, x8, 0x3f                        common_Mexcpt_handler+64
x8 <- 0xFFFFFFFFFFFFFFFF

mem[X,0x00000000800023F4] -> 0x4413
mem[X,0x00000000800023F6] -> 0xFFF4
[477] [M]: 0x00000000800023F4 (0xFFF44413) xori x8, x8, -0x1                        common_Mexcpt_handler+68
x8 <- 0x0000000000000000

clint mtime 0x00000000000000EF (mip.MTI <- 0b1, mip.STI <- 0b0)
mem[X,0x00000000800023F8] -> 0xF4B3
mem[X,0x00000000800023FA] -> 0x0085
[478] [M]: 0x00000000800023F8 (0x0085F4B3) and x9, x11, x8                          common_Mexcpt_handler+72
x9 <- 0x0000000000000000

mem[X,0x00000000800023FC] -> 0x84B3
mem[X,0x00000000800023FE] -> 0x0024
[479] [M]: 0x00000000800023FC (0x002484B3) add x9, x9, x2                           vmem_adj_Mepc+0
x9 <- 0x0000000080006000

clint mtime 0x00000000000000F0 (mip.MTI <- 0b1, mip.STI <- 0b0)
mem[X,0x0000000080002400] -> 0x23F3
mem[X,0x0000000080002402] -> 0x3410
[480] [M]: 0x0000000080002400 (0x341023F3) csrrs x7, mepc, x0                       vmem_adj_Mepc+4
CSR mepc (0x341) -> 0x0000000080000580
x7 <- 0x0000000080000580

mem[X,0x0000000080002404] -> 0x0413
mem[X,0x0000000080002406] -> 0x0004
[481] [M]: 0x0000000080002404 (0x00040413) addi x8, x8, 0x0                         vmem_adj_Mepc+8
x8 <- 0x0000000000000000

clint mtime 0x00000000000000F1 (mip.MTI <- 0b1, mip.STI <- 0b0)
mem[X,0x0000000080002408] -> 0x006F
mem[X,0x000000008000240A] -> 0x0400
[482] [M]: 0x0000000080002408 (0x0400006F) jal x0, 0x40                             vmem_adj_Mepc+12

mem[X,0x0000000080002448] -> 0x8433
mem[X,0x000000008000244A] -> 0x4083
[483] [M]: 0x0000000080002448 (0x40838433) sub x8, x7, x8                           adj_Mepc+0
x8 <- 0x0000000080000580

clint mtime 0x00000000000000F2 (mip.MTI <- 0b1, mip.STI <- 0b0)
mem[X,0x000000008000244C] -> 0x3823
mem[X,0x000000008000244E] -> 0x0083
[484] [M]: 0x000000008000244C (0x00833823) sd x8, 0x10(x6)                          sv_Mepc+0
mem[W,0x0000000080007450] <- 0x0000000080000580

mem[X,0x0000000080002450] -> 0x55B7
mem[X,0x0000000080002452] -> 0x0000
[485] [M]: 0x0000000080002450 (0x000055B7) lui x11, 0x5                             sv_Mepc+4
x11 <- 0x0000000000005000

clint mtime 0x00000000000000F3 (mip.MTI <- 0b1, mip.STI <- 0b0)
mem[X,0x0000000080002454] -> 0x8593
mem[X,0x0000000080002456] -> 0x6675
[486] [M]: 0x0000000080002454 (0x66758593) addi x11, x11, 0x667                     sv_Mepc+8
x11 <- 0x0000000000005667

mem[X,0x0000000080002458] -> 0x9593
mem[X,0x000000008000245A] -> 0x0015
[487] [M]: 0x0000000080002458 (0x00159593) slli x11, x11, 0x1                       sv_Mepc+12
x11 <- 0x000000000000ACCE

clint mtime 0x00000000000000F4 (mip.MTI <- 0b1, mip.STI <- 0b0)
mem[X,0x000000008000245C] -> 0x9063
mem[X,0x000000008000245E] -> 0x02B1
[488] [M]: 0x000000008000245C (0x02B19063) bne x3, x11, 0x20                        sv_Mepc+16

mem[X,0x000000008000247C] -> 0xF593
mem[X,0x000000008000247E] -> 0xFFC3
[489] [M]: 0x000000008000247C (0xFFC3F593) andi x11, x7, -0x4                       adj_Mepc_rtn+0
x11 <- 0x0000000080000580

clint mtime 0x00000000000000F5 (mip.MTI <- 0b1, mip.STI <- 0b0)
mem[X,0x0000000080002480] -> 0x8593
mem[X,0x0000000080002482] -> 0x0085
[490] [M]: 0x0000000080002480 (0x00858593) addi x11, x11, 0x8                       adj_Mepc_rtn+4
x11 <- 0x0000000080000588

mem[X,0x0000000080002484] -> 0x9073
mem[X,0x0000000080002486] -> 0x3415
[491] [M]: 0x0000000080002484 (0x34159073) csrrw x0, mepc, x11                      adj_Mepc_rtn+8
CSR mepc (0x341) <- 0x0000000080000588

clint mtime 0x00000000000000F6 (mip.MTI <- 0b1, mip.STI <- 0b0)
mem[X,0x0000000080002488] -> 0x23F3
mem[X,0x000000008000248A] -> 0x3430
[492] [M]: 0x0000000080002488 (0x343023F3) csrrs x7, mtval, x0                      skp_adj_Mepc+0
CSR mtval (0x343) -> 0x0000000080002000
x7 <- 0x0000000080002000

mem[X,0x000000008000248C] -> 0x7513
mem[X,0x000000008000248E] -> 0x00F5
[493] [M]: 0x000000008000248C (0x00F57513) andi x10, x10, 0xf                       chk_Mtval+0
x10 <- 0x0000000000000005

clint mtime 0x00000000000000F7 (mip.MTI <- 0b1, mip.STI <- 0b0)
mem[X,0x0000000080002490] -> 0x0437
mem[X,0x0000000080002492] -> 0x0000
[494] [M]: 0x0000000080002490 (0x00000437) lui x8, 0x0                              chk_Mtval+4
x8 <- 0x0000000000000000

mem[X,0x0000000080002494] -> 0x0413
mem[X,0x0000000080002496] -> 0x0004
[495] [M]: 0x0000000080002494 (0x00040413) addi x8, x8, 0x0                         chk_Mtval+8
x8 <- 0x0000000000000000

clint mtime 0x00000000000000F8 (mip.MTI <- 0b1, mip.STI <- 0b0)
mem[X,0x0000000080002498] -> 0x1413
mem[X,0x000000008000249A] -> 0x00B4
[496] [M]: 0x0000000080002498 (0x00B41413) slli x8, x8, 0xb                         chk_Mtval+12
x8 <- 0x0000000000000000

mem[X,0x000000008000249C] -> 0x0413
mem[X,0x000000008000249E] -> 0x0004
[497] [M]: 0x000000008000249C (0x00040413) addi x8, x8, 0x0                         chk_Mtval+16
x8 <- 0x0000000000000000

clint mtime 0x00000000000000F9 (mip.MTI <- 0b1, mip.STI <- 0b0)
mem[X,0x00000000800024A0] -> 0x1413
mem[X,0x00000000800024A2] -> 0x00B4
[498] [M]: 0x00000000800024A0 (0x00B41413) slli x8, x8, 0xb                         chk_Mtval+20
x8 <- 0x0000000000000000

mem[X,0x00000000800024A4] -> 0x0413
mem[X,0x00000000800024A6] -> 0x02C4
[499] [M]: 0x00000000800024A4 (0x02C40413) addi x8, x8, 0x2c                        chk_Mtval+24
x8 <- 0x000000000000002C

clint mtime 0x00000000000000FA (mip.MTI <- 0b1, mip.STI <- 0b0)
mem[X,0x00000000800024A8] -> 0x1413
mem[X,0x00000000800024AA] -> 0x00A4
[500] [M]: 0x00000000800024A8 (0x00A41413) slli x8, x8, 0xa                         chk_Mtval+28
x8 <- 0x000000000000B000

mem[X,0x00000000800024AC] -> 0x0413
mem[X,0x00000000800024AE] -> 0x0FB4
[501] [M]: 0x00000000800024AC (0x0FB40413) addi x8, x8, 0xfb                        chk_Mtval+32
x8 <- 0x000000000000B0FB

clint mtime 0x00000000000000FB (mip.MTI <- 0b1, mip.STI <- 0b0)
mem[X,0x00000000800024B0] -> 0x5433
mem[X,0x00000000800024B2] -> 0x00A4
[502] [M]: 0x00000000800024B0 (0x00A45433) srl x8, x8, x10                          chk_Mtval+36
x8 <- 0x0000000000000587

mem[X,0x00000000800024B4] -> 0x1413
mem[X,0x00000000800024B6] -> 0x03F4
[503] [M]: 0x00000000800024B4 (0x03F41413) slli x8, x8, 0x3f                        chk_Mtval+40
x8 <- 0x8000000000000000

clint mtime 0x00000000000000FC (mip.MTI <- 0b1, mip.STI <- 0b0)
mem[X,0x00000000800024B8] -> 0x5C63
mem[X,0x00000000800024BA] -> 0x0404
[504] [M]: 0x00000000800024B8 (0x04045C63) bge x8, x0, 0x58                         chk_Mtval+44

mem[X,0x00000000800024BC] -> 0xB403
mem[X,0x00000000800024BE] -> 0x2084
[505] [M]: 0x00000000800024BC (0x2084B403) ld x8, 0x208(x9)                         vmem_adj_Mtval+0
mem[R,0x0000000080006208] -> 0x00000000800003B4
x8 <- 0x00000000800003B4

clint mtime 0x00000000000000FD (mip.MTI <- 0b1, mip.STI <- 0b0)
mem[X,0x00000000800024C0] -> 0xB583
mem[X,0x00000000800024C2] -> 0x2104
[506] [M]: 0x00000000800024C0 (0x2104B583) ld x11, 0x210(x9)                        vmem_adj_Mtval+4
mem[R,0x0000000080006210] -> 0x0000000000001C5C
x11 <- 0x0000000000001C5C

mem[X,0x00000000800024C4] -> 0x85B3
mem[X,0x00000000800024C6] -> 0x0085
[507] [M]: 0x00000000800024C4 (0x008585B3) add x11, x11, x8                         vmem_adj_Mtval+8
x11 <- 0x0000000080002010

clint mtime 0x00000000000000FE (mip.MTI <- 0b1, mip.STI <- 0b0)
mem[X,0x00000000800024C8] -> 0xF463
mem[X,0x00000000800024CA] -> 0x00B3
[508] [M]: 0x00000000800024C8 (0x00B3F463) bgeu x7, x11, 0x8                        vmem_adj_Mtval+12

mem[X,0x00000000800024CC] -> 0xF063
mem[X,0x00000000800024CE] -> 0x0483
[509] [M]: 0x00000000800024CC (0x0483F063) bgeu x7, x8, 0x40                        vmem_adj_Mtval+16

clint mtime 0x00000000000000FF (mip.MTI <- 0b1, mip.STI <- 0b0)
mem[X,0x000000008000250C] -> 0x8433
mem[X,0x000000008000250E] -> 0x4083
[510] [M]: 0x000000008000250C (0x40838433) sub x8, x7, x8                           adj_Mtval+0
x8 <- 0x0000000000001C4C

mem[X,0x0000000080002510] -> 0x3C23
mem[X,0x0000000080002512] -> 0x0083
[511] [M]: 0x0000000080002510 (0x00833C23) sd x8, 0x18(x6)                          sv_Mtval+0
mem[W,0x0000000080007458] <- 0x0000000000001C4C

clint mtime 0x0000000000000100 (mip.MTI <- 0b1, mip.STI <- 0b0)
mem[X,0x0000000080002514] -> 0x3483
mem[X,0x0000000080002516] -> 0x2181
[512] [M]: 0x0000000080002514 (0x21813483) ld x9, 0x218(x2)                         skp_Mtval+0
mem[R,0x0000000080006218] -> 0x0000000080007460
x9 <- 0x0000000080007460

mem[X,0x0000000080002518] -> 0x3383
mem[X,0x000000008000251A] -> 0x1F81
[513] [M]: 0x0000000080002518 (0x1F813383) ld x7, 0x1f8(x2)                         skp_Mtval+4
mem[R,0x00000000800061F8] -> 0x0000000080007210
x7 <- 0x0000000080007210

clint mtime 0x0000000000000101 (mip.MTI <- 0b1, mip.STI <- 0b0)
mem[X,0x000000008000251C] -> 0x3303
mem[X,0x000000008000251E] -> 0x2001
[514] [M]: 0x000000008000251C (0x20013303) ld x6, 0x200(x2)                         skp_Mtval+8
mem[R,0x0000000080006200] -> 0x0000000000000A20
x6 <- 0x0000000000000A20

mem[X,0x0000000080002520] -> 0x0333
mem[X,0x0000000080002522] -> 0x0073
[515] [M]: 0x0000000080002520 (0x00730333) add x6, x6, x7                           skp_Mtval+12
x6 <- 0x0000000080007C30

clint mtime 0x0000000000000102 (mip.MTI <- 0b1, mip.STI <- 0b0)
mem[X,0x0000000080002524] -> 0x6AE3
mem[X,0x0000000080002526] -> 0xAE93
[516] [M]: 0x0000000080002524 (0xAE936AE3) bltu x6, x9, -0x50c                      skp_Mtval+16

mem[X,0x0000000080002528] -> 0x0393
mem[X,0x000000008000252A] -> 0x2000
[517] [M]: 0x0000000080002528 (0x20000393) addi x7, x0, 0x200                       skp_Mtval+20
x7 <- 0x0000000000000200

clint mtime 0x0000000000000103 (mip.MTI <- 0b1, mip.STI <- 0b0)
mem[X,0x000000008000252C] -> 0x006F
mem[X,0x000000008000252E] -> 0x0400
[518] [M]: 0x000000008000252C (0x0400006F) jal x0, 0x40                             skp_Mtval+24

mem[X,0x000000008000256C] -> 0x0417
mem[X,0x000000008000256E] -> 0x0000
[519] [M]: 0x000000008000256C (0x00000417) auipc x8, 0x0                            spcl_Mhandler+0
x8 <- 0x000000008000256C

clint mtime 0x0000000000000104 (mip.MTI <- 0b1, mip.STI <- 0b0)
mem[X,0x0000000080002570] -> 0x0413
mem[X,0x0000000080002572] -> 0x03C4
[520] [M]: 0x0000000080002570 (0x03C40413) addi x8, x8, 0x3c                        spcl_Mhandler+4
x8 <- 0x00000000800025A8

mem[X,0x0000000080002574] -> 0x0433
mem[X,0x0000000080002576] -> 0x0074
[521] [M]: 0x0000000080002574 (0x00740433) add x8, x8, x7                           spcl_Mhandler+8
x8 <- 0x00000000800027A8

clint mtime 0x0000000000000105 (mip.MTI <- 0b1, mip.STI <- 0b0)
mem[X,0x0000000080002578] -> 0x1393
mem[X,0x000000008000257A] -> 0x0035
[522] [M]: 0x0000000080002578 (0x00351393) slli x7, x10, 0x3                        spcl_Mhandler+12
x7 <- 0x0000000000000028

mem[X,0x000000008000257C] -> 0x0433
mem[X,0x000000008000257E] -> 0x0074
[523] [M]: 0x000000008000257C (0x00740433) add x8, x8, x7                           spcl_Mhandler+16
x8 <- 0x00000000800027D0

clint mtime 0x0000000000000106 (mip.MTI <- 0b1, mip.STI <- 0b0)
mem[X,0x0000000080002580] -> 0x7413
mem[X,0x0000000080002582] -> 0xFF84
[524] [M]: 0x0000000080002580 (0xFF847413) andi x8, x8, -0x8                        spcl_Mhandler+20
x8 <- 0x00000000800027D0

mem[X,0x0000000080002584] -> 0x3403
mem[X,0x0000000080002586] -> 0x0004
[525] [M]: 0x0000000080002584 (0x00043403) ld x8, 0x0(x8)                           spcl_Mhandler+24
mem[R,0x00000000800027D0] -> 0x000000000000000B
x8 <- 0x000000000000000B

clint mtime 0x0000000000000107 (mip.MTI <- 0b1, mip.STI <- 0b0)
mem[X,0x0000000080002588] -> 0x02E3
mem[X,0x000000008000258A] -> 0xB204
[526] [M]: 0x0000000080002588 (0xB20402E3) beq x8, x0, -0x4dc                       spcl_Mdispatch_hndling+0

mem[X,0x000000008000258C] -> 0x1393
mem[X,0x000000008000258E] -> 0x03F4
[527] [M]: 0x000000008000258C (0x03F41393) slli x7, x8, 0x3f                        spcl_Mdispatch_hndling+4
x7 <- 0x8000000000000000

clint mtime 0x0000000000000108 (mip.MTI <- 0b1, mip.STI <- 0b0)
mem[X,0x0000000080002590] -> 0xD863
mem[X,0x0000000080002592] -> 0x0003
[528] [M]: 0x0000000080002590 (0x0003D863) bge x7, x0, 0x10                         spcl_Mdispatch_hndling+8

mem[X,0x0000000080002594] -> 0x5413
mem[X,0x0000000080002596] -> 0x0014
[529] [M]: 0x0000000080002594 (0x00145413) srli x8, x8, 0x1                         spcl_Mdispatch_hndling+12
x8 <- 0x0000000000000005

clint mtime 0x0000000000000109 (mip.MTI <- 0b1, mip.STI <- 0b0)
mem[X,0x0000000080002598] -> 0x0CE3
mem[X,0x000000008000259A] -> 0xF885
[530] [M]: 0x0000000080002598 (0xF8850CE3) beq x10, x8, -0x68                       spcl_Mdispatch_hndling+16

mem[X,0x0000000080002530] -> 0x3303
mem[X,0x0000000080002532] -> 0x2601
[531] [M]: 0x0000000080002530 (0x26013303) ld x6, 0x260(x2)                         resto_Mrtn+0
mem[R,0x0000000080006260] -> 0x000000001FDDB7D5
x6 <- 0x000000001FDDB7D5

clint mtime 0x000000000000010A (mip.MTI <- 0b1, mip.STI <- 0b0)
mem[X,0x0000000080002534] -> 0x3383
mem[X,0x0000000080002536] -> 0x2681
[532] [M]: 0x0000000080002534 (0x26813383) ld x7, 0x268(x2)                         resto_Mrtn+4
mem[R,0x0000000080006268] -> 0x00000000003FBB6F
x7 <- 0x00000000003FBB6F

mem[X,0x0000000080002538] -> 0x3403
mem[X,0x000000008000253A] -> 0x2701
[533] [M]: 0x0000000080002538 (0x27013403) ld x8, 0x270(x2)                         resto_Mrtn+8
mem[R,0x0000000080006270] -> 0x0000000000007F76
x8 <- 0x0000000000007F76

clint mtime 0x000000000000010B (mip.MTI <- 0b1, mip.STI <- 0b0)
mem[X,0x000000008000253C] -> 0x3483
mem[X,0x000000008000253E] -> 0x2781
[534] [M]: 0x000000008000253C (0x27813483) ld x9, 0x278(x2)                         resto_Mrtn+12
mem[R,0x0000000080006278] -> 0x00000000000000FE
x9 <- 0x00000000000000FE

mem[X,0x0000000080002540] -> 0x3503
mem[X,0x0000000080002542] -> 0x2801
[535] [M]: 0x0000000080002540 (0x28013503) ld x10, 0x280(x2)                        resto_Mrtn+16
mem[R,0x0000000080006280] -> 0x0000000000000001
x10 <- 0x0000000000000001

clint mtime 0x000000000000010C (mip.MTI <- 0b1, mip.STI <- 0b0)
mem[X,0x0000000080002544] -> 0x3583
mem[X,0x0000000080002546] -> 0x2881
[536] [M]: 0x0000000080002544 (0x28813583) ld x11, 0x288(x2)                        resto_Mrtn+20
mem[R,0x0000000080006288] -> 0x0000000000000000
x11 <- 0x0000000000000000

mem[X,0x0000000080002548] -> 0x3103
mem[X,0x000000008000254A] -> 0x2901
[537] [M]: 0x0000000080002548 (0x29013103) ld x2, 0x290(x2)                         resto_Mrtn+24
mem[R,0x0000000080006290] -> 0x01FDDB7D5BFDDB7F
x2 <- 0x01FDDB7D5BFDDB7F

clint mtime 0x000000000000010D (mip.MTI <- 0b1, mip.STI <- 0b0)
mem[X,0x000000008000254C] -> 0x0073
mem[X,0x000000008000254E] -> 0x3020
[538] [M]: 0x000000008000254C (0x30200073) mret                                     resto_Mrtn+28
CSR mstatus (0x300) <- 0x0000000A00000080
ret-ing from M to M

mem[X,0x0000000080000588] -> 0x0013
mem[X,0x000000008000058A] -> 0x0000
[539] [M]: 0x0000000080000588 (0x00000013) addi x0, x0, 0x0                         main+424

clint mtime 0x000000000000010E (mip.MTI <- 0b1, mip.STI <- 0b0)
mem[X,0x000000008000058C] -> 0xBC23
mem[X,0x000000008000058E] -> 0x00E6
[540] [M]: 0x000000008000058C (0x00E6BC23) sd x14, 0x18(x13)                        main+428
mem[W,0x0000000080007230] <- 0x0000000000000013

mem[X,0x0000000080000590] -> 0x8793
mem[X,0x0000000080000592] -> 0xFFC7
[541] [M]: 0x0000000080000590 (0xFFC78793) addi x15, x15, -0x4                      main+432
x15 <- 0x0000000080001FFC

clint mtime 0x000000000000010F (mip.MTI <- 0b1, mip.STI <- 0b0)
mem[X,0x0000000080000594] -> 0xA703
mem[X,0x0000000080000596] -> 0x0007
[542] [M]: 0x0000000080000594 (0x0007A703) lw x14, 0x0(x15)                         main+436
mem[R,0x0000000080001FFC] -> 0x00000013
x14 <- 0x0000000000000013

mem[X,0x0000000080000598] -> 0x0013
mem[X,0x000000008000059A] -> 0x0000
[543] [M]: 0x0000000080000598 (0x00000013) addi x0, x0, 0x0                         main+440

clint mtime 0x0000000000000110 (mip.MTI <- 0b1, mip.STI <- 0b0)
mem[X,0x000000008000059C] -> 0x0013
mem[X,0x000000008000059E] -> 0x0000
[544] [M]: 0x000000008000059C (0x00000013) addi x0, x0, 0x0                         main+444

mem[X,0x00000000800005A0] -> 0xB023
mem[X,0x00000000800005A2] -> 0x02E6
[545] [M]: 0x00000000800005A0 (0x02E6B023) sd x14, 0x20(x13)                        main+448
mem[W,0x0000000080007238] <- 0x0000000000000013

clint mtime 0x0000000000000111 (mip.MTI <- 0b1, mip.STI <- 0b0)
mem[X,0x00000000800005A4] -> 0x8793
mem[X,0x00000000800005A6] -> 0x0087
[546] [M]: 0x00000000800005A4 (0x00878793) addi x15, x15, 0x8                       main+452
x15 <- 0x0000000080002004

mem[X,0x00000000800005A8] -> 0xA703
mem[X,0x00000000800005AA] -> 0x0007
[547] [M]: 0x00000000800005A8 (0x0007A703) lw x14, 0x0(x15)                         main+456
mem[R,0x0000000080002004] -> 0x00000013
x14 <- 0x0000000000000013

clint mtime 0x0000000000000112 (mip.MTI <- 0b1, mip.STI <- 0b0)
mem[X,0x00000000800005AC] -> 0x0013
mem[X,0x00000000800005AE] -> 0x0000
[548] [M]: 0x00000000800005AC (0x00000013) addi x0, x0, 0x0                         main+460

mem[X,0x00000000800005B0] -> 0x0013
mem[X,0x00000000800005B2] -> 0x0000
[549] [M]: 0x00000000800005B0 (0x00000013) addi x0, x0, 0x0                         main+464

clint mtime 0x0000000000000113 (mip.MTI <- 0b1, mip.STI <- 0b0)
mem[X,0x00000000800005B4] -> 0xB423
mem[X,0x00000000800005B6] -> 0x02E6
[550] [M]: 0x00000000800005B4 (0x02E6B423) sd x14, 0x28(x13)                        main+468
mem[W,0x0000000080007240] <- 0x0000000000000013

mem[X,0x00000000800005B8] -> 0x0013
mem[X,0x00000000800005BA] -> 0x0000
[551] [M]: 0x00000000800005B8 (0x00000013) addi x0, x0, 0x0                         main+472

clint mtime 0x0000000000000114 (mip.MTI <- 0b1, mip.STI <- 0b0)
mem[X,0x00000000800005BC] -> 0x0013
mem[X,0x00000000800005BE] -> 0x0000
[552] [M]: 0x00000000800005BC (0x00000013) addi x0, x0, 0x0                         main+476

mem[X,0x00000000800005C0] -> 0x12B7
mem[X,0x00000000800005C2] -> 0x2000
[553] [M]: 0x00000000800005C0 (0x200012B7) lui x5, 0x20001                          main+480
x5 <- 0x0000000020001000

clint mtime 0x0000000000000115 (mip.MTI <- 0b1, mip.STI <- 0b0)
mem[X,0x00000000800005C4] -> 0x829B
mem[X,0x00000000800005C6] -> 0x8002
[554] [M]: 0x00000000800005C4 (0x8002829B) addiw x5, x5, -0x800                     main+484
x5 <- 0x0000000020000800

mem[X,0x00000000800005C8] -> 0x0001
[555] [M]: 0x00000000800005C8 (0x0001) c.nop                                        main+488

clint mtime 0x0000000000000116 (mip.MTI <- 0b1, mip.STI <- 0b0)
mem[X,0x00000000800005CA] -> 0x0013
mem[X,0x00000000800005CC] -> 0x0000
[556] [M]: 0x00000000800005CA (0x00000013) addi x0, x0, 0x0                         main+490

mem[X,0x00000000800005CE] -> 0x0013
mem[X,0x00000000800005D0] -> 0x0000
[557] [M]: 0x00000000800005CE (0x00000013) addi x0, x0, 0x0                         main+494

clint mtime 0x0000000000000117 (mip.MTI <- 0b1, mip.STI <- 0b0)
mem[X,0x00000000800005D2] -> 0x0013
mem[X,0x00000000800005D4] -> 0x0000
[558] [M]: 0x00000000800005D2 (0x00000013) addi x0, x0, 0x0                         main+498

mem[X,0x00000000800005D6] -> 0x0013
mem[X,0x00000000800005D8] -> 0x0000
[559] [M]: 0x00000000800005D6 (0x00000013) addi x0, x0, 0x0                         main+502

clint mtime 0x0000000000000118 (mip.MTI <- 0b1, mip.STI <- 0b0)
mem[X,0x00000000800005DA] -> 0x0013
mem[X,0x00000000800005DC] -> 0x0000
[560] [M]: 0x00000000800005DA (0x00000013) addi x0, x0, 0x0                         main+506

mem[X,0x00000000800005DE] -> 0x0001
[561] [M]: 0x00000000800005DE (0x0001) c.nop                                        main+510

clint mtime 0x0000000000000119 (mip.MTI <- 0b1, mip.STI <- 0b0)
mem[X,0x00000000800005E0] -> 0x9073
mem[X,0x00000000800005E2] -> 0x3BC2
[562] [M]: 0x00000000800005E0 (0x3BC29073) csrrw x0, pmpaddr12, x5                  main+512
CSR pmpaddr12 (0x3BC) <- 0x0000000020000800

mem[X,0x00000000800005E4] -> 0x0213
mem[X,0x00000000800005E6] -> 0x0090
[563] [M]: 0x00000000800005E4 (0x00900213) addi x4, x0, 0x9                         main+516
x4 <- 0x0000000000000009

clint mtime 0x000000000000011A (mip.MTI <- 0b1, mip.STI <- 0b0)
mem[X,0x00000000800005E8] -> 0x1213
mem[X,0x00000000800005EA] -> 0x0242
[564] [M]: 0x00000000800005E8 (0x02421213) slli x4, x4, 0x24                        main+520
x4 <- 0x0000009000000000

mem[X,0x00000000800005EC] -> 0x1073
mem[X,0x00000000800005EE] -> 0x3A22
[565] [M]: 0x00000000800005EC (0x3A221073) csrrw x0, pmpcfg2, x4                    main+524
CSR pmpcfg2 (0x3A2) <- 0x9F90909000000000

clint mtime 0x000000000000011B (mip.MTI <- 0b1, mip.STI <- 0b0)
mem[X,0x00000000800005F0] -> 0x0013
mem[X,0x00000000800005F2] -> 0x0000
[566] [M]: 0x00000000800005F0 (0x00000013) addi x0, x0, 0x0                         main+528

mem[X,0x00000000800005F4] -> 0x0013
mem[X,0x00000000800005F6] -> 0x0000
[567] [M]: 0x00000000800005F4 (0x00000013) addi x0, x0, 0x0                         main+532

clint mtime 0x000000000000011C (mip.MTI <- 0b1, mip.STI <- 0b0)
mem[X,0x00000000800005F8] -> 0x0013
mem[X,0x00000000800005FA] -> 0x0000
[568] [M]: 0x00000000800005F8 (0x00000013) addi x0, x0, 0x0                         main+536

mem[X,0x00000000800005FC] -> 0x0013
mem[X,0x00000000800005FE] -> 0x0000
[569] [M]: 0x00000000800005FC (0x00000013) addi x0, x0, 0x0                         main+540

clint mtime 0x000000000000011D (mip.MTI <- 0b1, mip.STI <- 0b0)
mem[X,0x0000000080000600] -> 0x2797
mem[X,0x0000000080000602] -> 0x0000
[570] [M]: 0x0000000080000600 (0x00002797) auipc x15, 0x2                           main+544
x15 <- 0x0000000080002600

mem[X,0x0000000080000604] -> 0x8793
mem[X,0x0000000080000606] -> 0xA007
[571] [M]: 0x0000000080000604 (0xA0078793) addi x15, x15, -0x600                    main+548
x15 <- 0x0000000080002000

clint mtime 0x000000000000011E (mip.MTI <- 0b1, mip.STI <- 0b0)
mem[X,0x0000000080000608] -> 0x0001
[572] [M]: 0x0000000080000608 (0x0001) c.nop                                        main+552

mem[X,0x000000008000060A] -> 0x0013
mem[X,0x000000008000060C] -> 0x0000
[573] [M]: 0x000000008000060A (0x00000013) addi x0, x0, 0x0                         main+554

clint mtime 0x000000000000011F (mip.MTI <- 0b1, mip.STI <- 0b0)
mem[X,0x000000008000060E] -> 0x0013
mem[X,0x0000000080000610] -> 0x0000
[574] [M]: 0x000000008000060E (0x00000013) addi x0, x0, 0x0                         main+558

mem[X,0x0000000080000612] -> 0x0013
mem[X,0x0000000080000614] -> 0x0000
[575] [M]: 0x0000000080000612 (0x00000013) addi x0, x0, 0x0                         main+562

clint mtime 0x0000000000000120 (mip.MTI <- 0b1, mip.STI <- 0b0)
mem[X,0x0000000080000616] -> 0x0013
mem[X,0x0000000080000618] -> 0x0000
[576] [M]: 0x0000000080000616 (0x00000013) addi x0, x0, 0x0                         main+566

mem[X,0x000000008000061A] -> 0x0013
mem[X,0x000000008000061C] -> 0x0000
[577] [M]: 0x000000008000061A (0x00000013) addi x0, x0, 0x0                         main+570

clint mtime 0x0000000000000121 (mip.MTI <- 0b1, mip.STI <- 0b0)
mem[X,0x000000008000061E] -> 0x0001
[578] [M]: 0x000000008000061E (0x0001) c.nop                                        main+574

mem[X,0x0000000080000620] -> 0xA703
mem[X,0x0000000080000622] -> 0x0007
[579] [M]: 0x0000000080000620 (0x0007A703) lw x14, 0x0(x15)                         main+576
trapping from M to M to handle load-access-fault
handling exc#load-access-fault at priv M with tval 0x0000000080002000
CSR mstatus (0x300) <- 0x0000000A00001800
CSR mcause (0x342) <- 0x0000000000000005
CSR mtval (0x343) <- 0x0000000080002000
CSR mepc (0x341) <- 0x0000000080000620

clint mtime 0x0000000000000122 (mip.MTI <- 0b1, mip.STI <- 0b0)
mem[X,0x0000000080002100] -> 0x006F
mem[X,0x0000000080002102] -> 0x1000
[580] [M]: 0x0000000080002100 (0x1000006F) jal x0, 0x100                            Mtrampoline+0

mem[X,0x0000000080002200] -> 0x1173
mem[X,0x0000000080002202] -> 0x3401
[581] [M]: 0x0000000080002200 (0x34011173) csrrw x2, mscratch, x2                   trap_Mhandler+0
CSR mscratch (0x340) <- 0x01FDDB7D5BFDDB7F
x2 <- 0x0000000080006000

clint mtime 0x0000000000000123 (mip.MTI <- 0b1, mip.STI <- 0b0)
mem[X,0x0000000080002204] -> 0x3423
mem[X,0x0000000080002206] -> 0x28B1
[582] [M]: 0x0000000080002204 (0x28B13423) sd x11, 0x288(x2)                        trap_Mhandler+4
mem[W,0x0000000080006288] <- 0x0000000000000000

mem[X,0x0000000080002208] -> 0x05EF
mem[X,0x000000008000220A] -> 0x0B80
[583] [M]: 0x0000000080002208 (0x0B8005EF) jal x11, 0xb8                            trap_Mhandler+8
x11 <- 0x000000008000220C

clint mtime 0x0000000000000124 (mip.MTI <- 0b1, mip.STI <- 0b0)
mem[X,0x00000000800022C0] -> 0x3023
mem[X,0x00000000800022C2] -> 0x28A1
[584] [M]: 0x00000000800022C0 (0x28A13023) sd x10, 0x280(x2)                        common_Mhandler+0
mem[W,0x0000000080006280] <- 0x0000000000000001

mem[X,0x00000000800022C4] -> 0x1573
mem[X,0x00000000800022C6] -> 0x3401
[585] [M]: 0x00000000800022C4 (0x34011573) csrrw x10, mscratch, x2                  common_Mhandler+4
CSR mscratch (0x340) <- 0x0000000080006000
x10 <- 0x01FDDB7D5BFDDB7F

clint mtime 0x0000000000000125 (mip.MTI <- 0b1, mip.STI <- 0b0)
mem[X,0x00000000800022C8] -> 0x3823
mem[X,0x00000000800022CA] -> 0x28A1
[586] [M]: 0x00000000800022C8 (0x28A13823) sd x10, 0x290(x2)                        common_Mhandler+8
mem[W,0x0000000080006290] <- 0x01FDDB7D5BFDDB7F

mem[X,0x00000000800022CC] -> 0x3503
mem[X,0x00000000800022CE] -> 0x2301
[587] [M]: 0x00000000800022CC (0x23013503) ld x10, 0x230(x2)                        common_Mhandler+12
mem[R,0x0000000080006230] -> 0x00000000800022D4
x10 <- 0x00000000800022D4

clint mtime 0x0000000000000126 (mip.MTI <- 0b1, mip.STI <- 0b0)
mem[X,0x00000000800022D0] -> 0x0067
mem[X,0x00000000800022D2] -> 0x0005
[588] [M]: 0x00000000800022D0 (0x00050067) jalr x0, 0x0(x10)                        common_Mhandler+16

mem[X,0x00000000800022D4] -> 0x3C23
mem[X,0x00000000800022D6] -> 0x2691
[589] [M]: 0x00000000800022D4 (0x26913C23) sd x9, 0x278(x2)                         common_Mentry+0
mem[W,0x0000000080006278] <- 0x00000000000000FE

clint mtime 0x0000000000000127 (mip.MTI <- 0b1, mip.STI <- 0b0)
mem[X,0x00000000800022D8] -> 0x3823
mem[X,0x00000000800022DA] -> 0x2681
[590] [M]: 0x00000000800022D8 (0x26813823) sd x8, 0x270(x2)                         common_Mentry+4
mem[W,0x0000000080006270] <- 0x0000000000007F76

mem[X,0x00000000800022DC] -> 0x3423
mem[X,0x00000000800022DE] -> 0x2671
[591] [M]: 0x00000000800022DC (0x26713423) sd x7, 0x268(x2)                         common_Mentry+8
mem[W,0x0000000080006268] <- 0x00000000003FBB6F

clint mtime 0x0000000000000128 (mip.MTI <- 0b1, mip.STI <- 0b0)
mem[X,0x00000000800022E0] -> 0x3023
mem[X,0x00000000800022E2] -> 0x2661
[592] [M]: 0x00000000800022E0 (0x26613023) sd x6, 0x260(x2)                         common_Mentry+12
mem[W,0x0000000080006260] <- 0x000000001FDDB7D5

mem[X,0x00000000800022E4] -> 0x2573
mem[X,0x00000000800022E6] -> 0x3420
[593] [M]: 0x00000000800022E4 (0x34202573) csrrs x10, mcause, x0                    spcl_M2mmode_test+0
CSR mcause (0x342) -> 0x0000000000000005
x10 <- 0x0000000000000005

clint mtime 0x0000000000000129 (mip.MTI <- 0b1, mip.STI <- 0b0)
mem[X,0x00000000800022E8] -> 0x04B7
mem[X,0x00000000800022EA] -> 0x8000
[594] [M]: 0x00000000800022E8 (0x800004B7) lui x9, -0x80000                         spcl_M2mmode_test+4
x9 <- 0xFFFFFFFF80000000

mem[X,0x00000000800022EC] -> 0x8493
mem[X,0x00000000800022EE] -> 0x0004
[595] [M]: 0x00000000800022EC (0x00048493) addi x9, x9, 0x0                         spcl_M2mmode_test+8
x9 <- 0xFFFFFFFF80000000

clint mtime 0x000000000000012A (mip.MTI <- 0b1, mip.STI <- 0b0)
mem[X,0x00000000800022F0] -> 0x9493
mem[X,0x00000000800022F2] -> 0x00B4
[596] [M]: 0x00000000800022F0 (0x00B49493) slli x9, x9, 0xb                         spcl_M2mmode_test+12
x9 <- 0xFFFFFC0000000000

mem[X,0x00000000800022F4] -> 0x8493
mem[X,0x00000000800022F6] -> 0x0004
[597] [M]: 0x00000000800022F4 (0x00048493) addi x9, x9, 0x0                         spcl_M2mmode_test+16
x9 <- 0xFFFFFC0000000000

clint mtime 0x000000000000012B (mip.MTI <- 0b1, mip.STI <- 0b0)
mem[X,0x00000000800022F8] -> 0x9493
mem[X,0x00000000800022FA] -> 0x00B4
[598] [M]: 0x00000000800022F8 (0x00B49493) slli x9, x9, 0xb                         spcl_M2mmode_test+20
x9 <- 0xFFE0000000000000

mem[X,0x00000000800022FC] -> 0x8493
mem[X,0x00000000800022FE] -> 0x0034
[599] [M]: 0x00000000800022FC (0x00348493) addi x9, x9, 0x3                         spcl_M2mmode_test+24
x9 <- 0xFFE0000000000003

clint mtime 0x000000000000012C (mip.MTI <- 0b1, mip.STI <- 0b0)
mem[X,0x0000000080002300] -> 0x9493
mem[X,0x0000000080002302] -> 0x00A4
[600] [M]: 0x0000000080002300 (0x00A49493) slli x9, x9, 0xa                         spcl_M2mmode_test+28
x9 <- 0x8000000000000C00

mem[X,0x0000000080002304] -> 0x8493
mem[X,0x0000000080002306] -> 0x3FC4
[601] [M]: 0x0000000080002304 (0x3FC48493) addi x9, x9, 0x3fc                       spcl_M2mmode_test+32
x9 <- 0x8000000000000FFC

clint mtime 0x000000000000012D (mip.MTI <- 0b1, mip.STI <- 0b0)
mem[X,0x0000000080002308] -> 0xF4B3
mem[X,0x000000008000230A] -> 0x00A4
[602] [M]: 0x0000000080002308 (0x00A4F4B3) and x9, x9, x10                          spcl_M2mmode_test+36
x9 <- 0x0000000000000004

mem[X,0x000000008000230C] -> 0x8493
mem[X,0x000000008000230E] -> 0xFF84
[603] [M]: 0x000000008000230C (0xFF848493) addi x9, x9, -0x8                        spcl_M2mmode_test+40
x9 <- 0xFFFFFFFFFFFFFFFC

clint mtime 0x000000000000012E (mip.MTI <- 0b1, mip.STI <- 0b0)
mem[X,0x0000000080002310] -> 0x9663
mem[X,0x0000000080002312] -> 0x0004
[604] [M]: 0x0000000080002310 (0x00049663) bne x9, x0, 0xc                          spcl_M2mmode_test+44

mem[X,0x000000008000231C] -> 0x0393
mem[X,0x000000008000231E] -> 0x0200
[605] [M]: 0x000000008000231C (0x02000393) addi x7, x0, 0x20                        Mtrapsig_ptr_upd+0
x7 <- 0x0000000000000020

clint mtime 0x000000000000012F (mip.MTI <- 0b1, mip.STI <- 0b0)
mem[X,0x0000000080002320] -> 0x5263
mem[X,0x0000000080002322] -> 0x0405
[606] [M]: 0x0000000080002320 (0x04055263) bge x10, x0, 0x44                        Mtrapsig_ptr_upd+4

mem[X,0x0000000080002364] -> 0x2373
mem[X,0x0000000080002366] -> 0x3010
[607] [M]: 0x0000000080002364 (0x30102373) csrrs x6, misa, x0                       Mxcpt_sig_sv+0
CSR misa (0x301) -> 0x800000000034112F
x6 <- 0x800000000034112F

clint mtime 0x0000000000000130 (mip.MTI <- 0b1, mip.STI <- 0b0)
mem[X,0x0000000080002368] -> 0x1313
mem[X,0x000000008000236A] -> 0x0383
[608] [M]: 0x0000000080002368 (0x03831313) slli x6, x6, 0x38                        Mxcpt_sig_sv+4
x6 <- 0x2F00000000000000

mem[X,0x000000008000236C] -> 0x5463
mem[X,0x000000008000236E] -> 0x0003
[609] [M]: 0x000000008000236C (0x00035463) bge x6, x0, 0x8                          Mxcpt_sig_sv+8

clint mtime 0x0000000000000131 (mip.MTI <- 0b1, mip.STI <- 0b0)
mem[X,0x0000000080002374] -> 0x3303
mem[X,0x0000000080002376] -> 0x2181
[610] [M]: 0x0000000080002374 (0x21813303) ld x6, 0x218(x2)                         Mtrap_sig_sv+0
mem[R,0x0000000080006218] -> 0x0000000080007460
x6 <- 0x0000000080007460

mem[X,0x0000000080002378] -> 0x04B3
mem[X,0x000000008000237A] -> 0x0073
[611] [M]: 0x0000000080002378 (0x007304B3) add x9, x6, x7                           Mtrap_sig_sv+4
x9 <- 0x0000000080007480

clint mtime 0x0000000000000132 (mip.MTI <- 0b1, mip.STI <- 0b0)
mem[X,0x000000008000237C] -> 0x3C23
mem[X,0x000000008000237E] -> 0x2091
[612] [M]: 0x000000008000237C (0x20913C23) sd x9, 0x218(x2)                         Mtrap_sig_sv+8
mem[W,0x0000000080006218] <- 0x0000000080007480

mem[X,0x0000000080002380] -> 0x3403
mem[X,0x0000000080002382] -> 0x1F81
[613] [M]: 0x0000000080002380 (0x1F813403) ld x8, 0x1f8(x2)                         Mtrap_sig_sv+12
mem[R,0x00000000800061F8] -> 0x0000000080007210
x8 <- 0x0000000080007210

clint mtime 0x0000000000000133 (mip.MTI <- 0b1, mip.STI <- 0b0)
mem[X,0x0000000080002384] -> 0x0333
mem[X,0x0000000080002386] -> 0x4083
[614] [M]: 0x0000000080002384 (0x40830333) sub x6, x6, x8                           Mtrap_sig_sv+16
x6 <- 0x0000000000000250

mem[X,0x0000000080002388] -> 0x3403
mem[X,0x000000008000238A] -> 0x1F81
[615] [M]: 0x0000000080002388 (0x1F813403) ld x8, 0x1f8(x2)                         Mtrap_sig_sv+20
mem[R,0x00000000800061F8] -> 0x0000000080007210
x8 <- 0x0000000080007210

clint mtime 0x0000000000000134 (mip.MTI <- 0b1, mip.STI <- 0b0)
mem[X,0x000000008000238C] -> 0x0333
mem[X,0x000000008000238E] -> 0x0083
[616] [M]: 0x000000008000238C (0x00830333) add x6, x6, x8                           Mtrap_sig_sv+24
x6 <- 0x0000000080007460

mem[X,0x0000000080002390] -> 0x3403
mem[X,0x0000000080002392] -> 0x2401
[617] [M]: 0x0000000080002390 (0x24013403) ld x8, 0x240(x2)                         Mtrap_sig_sv+28
mem[R,0x0000000080006240] -> 0x0000000080002100
x8 <- 0x0000000080002100

clint mtime 0x0000000000000135 (mip.MTI <- 0b1, mip.STI <- 0b0)
mem[X,0x0000000080002394] -> 0x85B3
mem[X,0x0000000080002396] -> 0x4085
[618] [M]: 0x0000000080002394 (0x408585B3) sub x11, x11, x8                         sv_Mvect+0
x11 <- 0x000000000000010C

mem[X,0x0000000080002398] -> 0x9593
mem[X,0x000000008000239A] -> 0x0045
[619] [M]: 0x0000000080002398 (0x00459593) slli x11, x11, 0x4                       sv_Mvect+4
x11 <- 0x00000000000010C0

clint mtime 0x0000000000000136 (mip.MTI <- 0b1, mip.STI <- 0b0)
mem[X,0x000000008000239C] -> 0xE5B3
mem[X,0x000000008000239E] -> 0x0075
[620] [M]: 0x000000008000239C (0x0075E5B3) or x11, x11, x7                          sv_Mvect+8
x11 <- 0x00000000000010E0

mem[X,0x00000000800023A0] -> 0x8593
mem[X,0x00000000800023A2] -> 0x0035
[621] [M]: 0x00000000800023A0 (0x00358593) addi x11, x11, 0x3                       sv_Mvect+12
x11 <- 0x00000000000010E3

clint mtime 0x0000000000000137 (mip.MTI <- 0b1, mip.STI <- 0b0)
mem[X,0x00000000800023A4] -> 0x3023
mem[X,0x00000000800023A6] -> 0x00B3
[622] [M]: 0x00000000800023A4 (0x00B33023) sd x11, 0x0(x6)                          sv_Mvect+16
mem[W,0x0000000080007460] <- 0x00000000000010E3

mem[X,0x00000000800023A8] -> 0x3423
mem[X,0x00000000800023AA] -> 0x00A3
[623] [M]: 0x00000000800023A8 (0x00A33423) sd x10, 0x8(x6)                          sv_Mcause+0
mem[W,0x0000000080007468] <- 0x0000000000000005

clint mtime 0x0000000000000138 (mip.MTI <- 0b1, mip.STI <- 0b0)
mem[X,0x00000000800023AC] -> 0x4263
mem[X,0x00000000800023AE] -> 0x1A05
[624] [M]: 0x00000000800023AC (0x1A054263) blt x10, x0, 0x1a4                       sv_Mcause+4

mem[X,0x00000000800023B0] -> 0x25F3
mem[X,0x00000000800023B2] -> 0x3000
[625] [M]: 0x00000000800023B0 (0x300025F3) csrrs x11, mstatus, x0                   common_Mexcpt_handler+0
CSR mstatus (0x300) -> 0x0000000A00001800
x11 <- 0x0000000A00001800

clint mtime 0x0000000000000139 (mip.MTI <- 0b1, mip.STI <- 0b0)
mem[X,0x00000000800023B4] -> 0x9413
mem[X,0x00000000800023B6] -> 0x02E5
[626] [M]: 0x00000000800023B4 (0x02E59413) slli x8, x11, 0x2e                       common_Mexcpt_handler+4
x8 <- 0x0600000000000000

mem[X,0x00000000800023B8] -> 0x5463
mem[X,0x00000000800023BA] -> 0x0004
[627] [M]: 0x00000000800023B8 (0x00045463) bge x8, x0, 0x8                          common_Mexcpt_handler+8

clint mtime 0x000000000000013A (mip.MTI <- 0b1, mip.STI <- 0b0)
mem[X,0x00000000800023C0] -> 0xD493
mem[X,0x00000000800023C2] -> 0x00B5
[628] [M]: 0x00000000800023C0 (0x00B5D493) srli x9, x11, 0xb                        common_Mexcpt_handler+16
x9 <- 0x0000000001400003

mem[X,0x00000000800023C4] -> 0xF493
mem[X,0x00000000800023C6] -> 0x0034
[629] [M]: 0x00000000800023C4 (0x0034F493) andi x9, x9, 0x3                         common_Mexcpt_handler+20
x9 <- 0x0000000000000003

clint mtime 0x000000000000013B (mip.MTI <- 0b1, mip.STI <- 0b0)
mem[X,0x00000000800023C8] -> 0x8493
mem[X,0x00000000800023CA] -> 0x0014
[630] [M]: 0x00000000800023C8 (0x00148493) addi x9, x9, 0x1                         common_Mexcpt_handler+24
x9 <- 0x0000000000000004

mem[X,0x00000000800023CC] -> 0xF493
mem[X,0x00000000800023CE] -> 0x0044
[631] [M]: 0x00000000800023CC (0x0044F493) andi x9, x9, 0x4                         common_Mexcpt_handler+28
x9 <- 0x0000000000000004

clint mtime 0x000000000000013C (mip.MTI <- 0b1, mip.STI <- 0b0)
mem[X,0x00000000800023D0] -> 0x0593
mem[X,0x00000000800023D2] -> 0x05D0
[632] [M]: 0x00000000800023D0 (0x05D00593) addi x11, x0, 0x5d                       common_Mexcpt_handler+32
x11 <- 0x000000000000005D

mem[X,0x00000000800023D4] -> 0xD5B3
mem[X,0x00000000800023D6] -> 0x0095
[633] [M]: 0x00000000800023D4 (0x0095D5B3) srl x11, x11, x9                         common_Mexcpt_handler+36
x11 <- 0x0000000000000005

clint mtime 0x000000000000013D (mip.MTI <- 0b1, mip.STI <- 0b0)
mem[X,0x00000000800023D8] -> 0xF593
mem[X,0x00000000800023DA] -> 0x0015
[634] [M]: 0x00000000800023D8 (0x0015F593) andi x11, x11, 0x1                       common_Mexcpt_handler+40
x11 <- 0x0000000000000001

mem[X,0x00000000800023DC] -> 0x8EE3
mem[X,0x00000000800023DE] -> 0xF405
[635] [M]: 0x00000000800023DC (0xF4058EE3) beq x11, x0, -0xa4                       common_Mexcpt_handler+44

clint mtime 0x000000000000013E (mip.MTI <- 0b1, mip.STI <- 0b0)
mem[X,0x00000000800023E0] -> 0x0593
mem[X,0x00000000800023E2] -> 0x2980
[636] [M]: 0x00000000800023E0 (0x29800593) addi x11, x0, 0x298                      common_Mexcpt_handler+48
x11 <- 0x0000000000000298

mem[X,0x00000000800023E4] -> 0xF413
mem[X,0x00000000800023E6] -> 0x0014
[637] [M]: 0x00000000800023E4 (0x0014F413) andi x8, x9, 0x1                         common_Mexcpt_handler+52
x8 <- 0x0000000000000000

clint mtime 0x000000000000013F (mip.MTI <- 0b1, mip.STI <- 0b0)
mem[X,0x00000000800023E8] -> 0x95B3
mem[X,0x00000000800023EA] -> 0x0085
[638] [M]: 0x00000000800023E8 (0x008595B3) sll x11, x11, x8                         common_Mexcpt_handler+56
x11 <- 0x0000000000000298

mem[X,0x00000000800023EC] -> 0x9413
mem[X,0x00000000800023EE] -> 0x03D4
[639] [M]: 0x00000000800023EC (0x03D49413) slli x8, x9, 0x3d                        common_Mexcpt_handler+60
x8 <- 0x8000000000000000

clint mtime 0x0000000000000140 (mip.MTI <- 0b1, mip.STI <- 0b0)
mem[X,0x00000000800023F0] -> 0x5413
mem[X,0x00000000800023F2] -> 0x43F4
[640] [M]: 0x00000000800023F0 (0x43F45413) srai x8, x8, 0x3f                        common_Mexcpt_handler+64
x8 <- 0xFFFFFFFFFFFFFFFF

mem[X,0x00000000800023F4] -> 0x4413
mem[X,0x00000000800023F6] -> 0xFFF4
[641] [M]: 0x00000000800023F4 (0xFFF44413) xori x8, x8, -0x1                        common_Mexcpt_handler+68
x8 <- 0x0000000000000000

clint mtime 0x0000000000000141 (mip.MTI <- 0b1, mip.STI <- 0b0)
mem[X,0x00000000800023F8] -> 0xF4B3
mem[X,0x00000000800023FA] -> 0x0085
[642] [M]: 0x00000000800023F8 (0x0085F4B3) and x9, x11, x8                          common_Mexcpt_handler+72
x9 <- 0x0000000000000000

mem[X,0x00000000800023FC] -> 0x84B3
mem[X,0x00000000800023FE] -> 0x0024
[643] [M]: 0x00000000800023FC (0x002484B3) add x9, x9, x2                           vmem_adj_Mepc+0
x9 <- 0x0000000080006000

clint mtime 0x0000000000000142 (mip.MTI <- 0b1, mip.STI <- 0b0)
mem[X,0x0000000080002400] -> 0x23F3
mem[X,0x0000000080002402] -> 0x3410
[644] [M]: 0x0000000080002400 (0x341023F3) csrrs x7, mepc, x0                       vmem_adj_Mepc+4
CSR mepc (0x341) -> 0x0000000080000620
x7 <- 0x0000000080000620

mem[X,0x0000000080002404] -> 0x0413
mem[X,0x0000000080002406] -> 0x0004
[645] [M]: 0x0000000080002404 (0x00040413) addi x8, x8, 0x0                         vmem_adj_Mepc+8
x8 <- 0x0000000000000000

clint mtime 0x0000000000000143 (mip.MTI <- 0b1, mip.STI <- 0b0)
mem[X,0x0000000080002408] -> 0x006F
mem[X,0x000000008000240A] -> 0x0400
[646] [M]: 0x0000000080002408 (0x0400006F) jal x0, 0x40                             vmem_adj_Mepc+12

mem[X,0x0000000080002448] -> 0x8433
mem[X,0x000000008000244A] -> 0x4083
[647] [M]: 0x0000000080002448 (0x40838433) sub x8, x7, x8                           adj_Mepc+0
x8 <- 0x0000000080000620

clint mtime 0x0000000000000144 (mip.MTI <- 0b1, mip.STI <- 0b0)
mem[X,0x000000008000244C] -> 0x3823
mem[X,0x000000008000244E] -> 0x0083
[648] [M]: 0x000000008000244C (0x00833823) sd x8, 0x10(x6)                          sv_Mepc+0
mem[W,0x0000000080007470] <- 0x0000000080000620

mem[X,0x0000000080002450] -> 0x55B7
mem[X,0x0000000080002452] -> 0x0000
[649] [M]: 0x0000000080002450 (0x000055B7) lui x11, 0x5                             sv_Mepc+4
x11 <- 0x0000000000005000

clint mtime 0x0000000000000145 (mip.MTI <- 0b1, mip.STI <- 0b0)
mem[X,0x0000000080002454] -> 0x8593
mem[X,0x0000000080002456] -> 0x6675
[650] [M]: 0x0000000080002454 (0x66758593) addi x11, x11, 0x667                     sv_Mepc+8
x11 <- 0x0000000000005667

mem[X,0x0000000080002458] -> 0x9593
mem[X,0x000000008000245A] -> 0x0015
[651] [M]: 0x0000000080002458 (0x00159593) slli x11, x11, 0x1                       sv_Mepc+12
x11 <- 0x000000000000ACCE

clint mtime 0x0000000000000146 (mip.MTI <- 0b1, mip.STI <- 0b0)
mem[X,0x000000008000245C] -> 0x9063
mem[X,0x000000008000245E] -> 0x02B1
[652] [M]: 0x000000008000245C (0x02B19063) bne x3, x11, 0x20                        sv_Mepc+16

mem[X,0x000000008000247C] -> 0xF593
mem[X,0x000000008000247E] -> 0xFFC3
[653] [M]: 0x000000008000247C (0xFFC3F593) andi x11, x7, -0x4                       adj_Mepc_rtn+0
x11 <- 0x0000000080000620

clint mtime 0x0000000000000147 (mip.MTI <- 0b1, mip.STI <- 0b0)
mem[X,0x0000000080002480] -> 0x8593
mem[X,0x0000000080002482] -> 0x0085
[654] [M]: 0x0000000080002480 (0x00858593) addi x11, x11, 0x8                       adj_Mepc_rtn+4
x11 <- 0x0000000080000628

mem[X,0x0000000080002484] -> 0x9073
mem[X,0x0000000080002486] -> 0x3415
[655] [M]: 0x0000000080002484 (0x34159073) csrrw x0, mepc, x11                      adj_Mepc_rtn+8
CSR mepc (0x341) <- 0x0000000080000628

clint mtime 0x0000000000000148 (mip.MTI <- 0b1, mip.STI <- 0b0)
mem[X,0x0000000080002488] -> 0x23F3
mem[X,0x000000008000248A] -> 0x3430
[656] [M]: 0x0000000080002488 (0x343023F3) csrrs x7, mtval, x0                      skp_adj_Mepc+0
CSR mtval (0x343) -> 0x0000000080002000
x7 <- 0x0000000080002000

mem[X,0x000000008000248C] -> 0x7513
mem[X,0x000000008000248E] -> 0x00F5
[657] [M]: 0x000000008000248C (0x00F57513) andi x10, x10, 0xf                       chk_Mtval+0
x10 <- 0x0000000000000005

clint mtime 0x0000000000000149 (mip.MTI <- 0b1, mip.STI <- 0b0)
mem[X,0x0000000080002490] -> 0x0437
mem[X,0x0000000080002492] -> 0x0000
[658] [M]: 0x0000000080002490 (0x00000437) lui x8, 0x0                              chk_Mtval+4
x8 <- 0x0000000000000000

mem[X,0x0000000080002494] -> 0x0413
mem[X,0x0000000080002496] -> 0x0004
[659] [M]: 0x0000000080002494 (0x00040413) addi x8, x8, 0x0                         chk_Mtval+8
x8 <- 0x0000000000000000

clint mtime 0x000000000000014A (mip.MTI <- 0b1, mip.STI <- 0b0)
mem[X,0x0000000080002498] -> 0x1413
mem[X,0x000000008000249A] -> 0x00B4
[660] [M]: 0x0000000080002498 (0x00B41413) slli x8, x8, 0xb                         chk_Mtval+12
x8 <- 0x0000000000000000

mem[X,0x000000008000249C] -> 0x0413
mem[X,0x000000008000249E] -> 0x0004
[661] [M]: 0x000000008000249C (0x00040413) addi x8, x8, 0x0                         chk_Mtval+16
x8 <- 0x0000000000000000

clint mtime 0x000000000000014B (mip.MTI <- 0b1, mip.STI <- 0b0)
mem[X,0x00000000800024A0] -> 0x1413
mem[X,0x00000000800024A2] -> 0x00B4
[662] [M]: 0x00000000800024A0 (0x00B41413) slli x8, x8, 0xb                         chk_Mtval+20
x8 <- 0x0000000000000000

mem[X,0x00000000800024A4] -> 0x0413
mem[X,0x00000000800024A6] -> 0x02C4
[663] [M]: 0x00000000800024A4 (0x02C40413) addi x8, x8, 0x2c                        chk_Mtval+24
x8 <- 0x000000000000002C

clint mtime 0x000000000000014C (mip.MTI <- 0b1, mip.STI <- 0b0)
mem[X,0x00000000800024A8] -> 0x1413
mem[X,0x00000000800024AA] -> 0x00A4
[664] [M]: 0x00000000800024A8 (0x00A41413) slli x8, x8, 0xa                         chk_Mtval+28
x8 <- 0x000000000000B000

mem[X,0x00000000800024AC] -> 0x0413
mem[X,0x00000000800024AE] -> 0x0FB4
[665] [M]: 0x00000000800024AC (0x0FB40413) addi x8, x8, 0xfb                        chk_Mtval+32
x8 <- 0x000000000000B0FB

clint mtime 0x000000000000014D (mip.MTI <- 0b1, mip.STI <- 0b0)
mem[X,0x00000000800024B0] -> 0x5433
mem[X,0x00000000800024B2] -> 0x00A4
[666] [M]: 0x00000000800024B0 (0x00A45433) srl x8, x8, x10                          chk_Mtval+36
x8 <- 0x0000000000000587

mem[X,0x00000000800024B4] -> 0x1413
mem[X,0x00000000800024B6] -> 0x03F4
[667] [M]: 0x00000000800024B4 (0x03F41413) slli x8, x8, 0x3f                        chk_Mtval+40
x8 <- 0x8000000000000000

clint mtime 0x000000000000014E (mip.MTI <- 0b1, mip.STI <- 0b0)
mem[X,0x00000000800024B8] -> 0x5C63
mem[X,0x00000000800024BA] -> 0x0404
[668] [M]: 0x00000000800024B8 (0x04045C63) bge x8, x0, 0x58                         chk_Mtval+44

mem[X,0x00000000800024BC] -> 0xB403
mem[X,0x00000000800024BE] -> 0x2084
[669] [M]: 0x00000000800024BC (0x2084B403) ld x8, 0x208(x9)                         vmem_adj_Mtval+0
mem[R,0x0000000080006208] -> 0x00000000800003B4
x8 <- 0x00000000800003B4

clint mtime 0x000000000000014F (mip.MTI <- 0b1, mip.STI <- 0b0)
mem[X,0x00000000800024C0] -> 0xB583
mem[X,0x00000000800024C2] -> 0x2104
[670] [M]: 0x00000000800024C0 (0x2104B583) ld x11, 0x210(x9)                        vmem_adj_Mtval+4
mem[R,0x0000000080006210] -> 0x0000000000001C5C
x11 <- 0x0000000000001C5C

mem[X,0x00000000800024C4] -> 0x85B3
mem[X,0x00000000800024C6] -> 0x0085
[671] [M]: 0x00000000800024C4 (0x008585B3) add x11, x11, x8                         vmem_adj_Mtval+8
x11 <- 0x0000000080002010

clint mtime 0x0000000000000150 (mip.MTI <- 0b1, mip.STI <- 0b0)
mem[X,0x00000000800024C8] -> 0xF463
mem[X,0x00000000800024CA] -> 0x00B3
[672] [M]: 0x00000000800024C8 (0x00B3F463) bgeu x7, x11, 0x8                        vmem_adj_Mtval+12

mem[X,0x00000000800024CC] -> 0xF063
mem[X,0x00000000800024CE] -> 0x0483
[673] [M]: 0x00000000800024CC (0x0483F063) bgeu x7, x8, 0x40                        vmem_adj_Mtval+16

clint mtime 0x0000000000000151 (mip.MTI <- 0b1, mip.STI <- 0b0)
mem[X,0x000000008000250C] -> 0x8433
mem[X,0x000000008000250E] -> 0x4083
[674] [M]: 0x000000008000250C (0x40838433) sub x8, x7, x8                           adj_Mtval+0
x8 <- 0x0000000000001C4C

mem[X,0x0000000080002510] -> 0x3C23
mem[X,0x0000000080002512] -> 0x0083
[675] [M]: 0x0000000080002510 (0x00833C23) sd x8, 0x18(x6)                          sv_Mtval+0
mem[W,0x0000000080007478] <- 0x0000000000001C4C

clint mtime 0x0000000000000152 (mip.MTI <- 0b1, mip.STI <- 0b0)
mem[X,0x0000000080002514] -> 0x3483
mem[X,0x0000000080002516] -> 0x2181
[676] [M]: 0x0000000080002514 (0x21813483) ld x9, 0x218(x2)                         skp_Mtval+0
mem[R,0x0000000080006218] -> 0x0000000080007480
x9 <- 0x0000000080007480

mem[X,0x0000000080002518] -> 0x3383
mem[X,0x000000008000251A] -> 0x1F81
[677] [M]: 0x0000000080002518 (0x1F813383) ld x7, 0x1f8(x2)                         skp_Mtval+4
mem[R,0x00000000800061F8] -> 0x0000000080007210
x7 <- 0x0000000080007210

clint mtime 0x0000000000000153 (mip.MTI <- 0b1, mip.STI <- 0b0)
mem[X,0x000000008000251C] -> 0x3303
mem[X,0x000000008000251E] -> 0x2001
[678] [M]: 0x000000008000251C (0x20013303) ld x6, 0x200(x2)                         skp_Mtval+8
mem[R,0x0000000080006200] -> 0x0000000000000A20
x6 <- 0x0000000000000A20

mem[X,0x0000000080002520] -> 0x0333
mem[X,0x0000000080002522] -> 0x0073
[679] [M]: 0x0000000080002520 (0x00730333) add x6, x6, x7                           skp_Mtval+12
x6 <- 0x0000000080007C30

clint mtime 0x0000000000000154 (mip.MTI <- 0b1, mip.STI <- 0b0)
mem[X,0x0000000080002524] -> 0x6AE3
mem[X,0x0000000080002526] -> 0xAE93
[680] [M]: 0x0000000080002524 (0xAE936AE3) bltu x6, x9, -0x50c                      skp_Mtval+16

mem[X,0x0000000080002528] -> 0x0393
mem[X,0x000000008000252A] -> 0x2000
[681] [M]: 0x0000000080002528 (0x20000393) addi x7, x0, 0x200                       skp_Mtval+20
x7 <- 0x0000000000000200

clint mtime 0x0000000000000155 (mip.MTI <- 0b1, mip.STI <- 0b0)
mem[X,0x000000008000252C] -> 0x006F
mem[X,0x000000008000252E] -> 0x0400
[682] [M]: 0x000000008000252C (0x0400006F) jal x0, 0x40                             skp_Mtval+24

mem[X,0x000000008000256C] -> 0x0417
mem[X,0x000000008000256E] -> 0x0000
[683] [M]: 0x000000008000256C (0x00000417) auipc x8, 0x0                            spcl_Mhandler+0
x8 <- 0x000000008000256C

clint mtime 0x0000000000000156 (mip.MTI <- 0b1, mip.STI <- 0b0)
mem[X,0x0000000080002570] -> 0x0413
mem[X,0x0000000080002572] -> 0x03C4
[684] [M]: 0x0000000080002570 (0x03C40413) addi x8, x8, 0x3c                        spcl_Mhandler+4
x8 <- 0x00000000800025A8

mem[X,0x0000000080002574] -> 0x0433
mem[X,0x0000000080002576] -> 0x0074
[685] [M]: 0x0000000080002574 (0x00740433) add x8, x8, x7                           spcl_Mhandler+8
x8 <- 0x00000000800027A8

clint mtime 0x0000000000000157 (mip.MTI <- 0b1, mip.STI <- 0b0)
mem[X,0x0000000080002578] -> 0x1393
mem[X,0x000000008000257A] -> 0x0035
[686] [M]: 0x0000000080002578 (0x00351393) slli x7, x10, 0x3                        spcl_Mhandler+12
x7 <- 0x0000000000000028

mem[X,0x000000008000257C] -> 0x0433
mem[X,0x000000008000257E] -> 0x0074
[687] [M]: 0x000000008000257C (0x00740433) add x8, x8, x7                           spcl_Mhandler+16
x8 <- 0x00000000800027D0

clint mtime 0x0000000000000158 (mip.MTI <- 0b1, mip.STI <- 0b0)
mem[X,0x0000000080002580] -> 0x7413
mem[X,0x0000000080002582] -> 0xFF84
[688] [M]: 0x0000000080002580 (0xFF847413) andi x8, x8, -0x8                        spcl_Mhandler+20
x8 <- 0x00000000800027D0

mem[X,0x0000000080002584] -> 0x3403
mem[X,0x0000000080002586] -> 0x0004
[689] [M]: 0x0000000080002584 (0x00043403) ld x8, 0x0(x8)                           spcl_Mhandler+24
mem[R,0x00000000800027D0] -> 0x000000000000000B
x8 <- 0x000000000000000B

clint mtime 0x0000000000000159 (mip.MTI <- 0b1, mip.STI <- 0b0)
mem[X,0x0000000080002588] -> 0x02E3
mem[X,0x000000008000258A] -> 0xB204
[690] [M]: 0x0000000080002588 (0xB20402E3) beq x8, x0, -0x4dc                       spcl_Mdispatch_hndling+0

mem[X,0x000000008000258C] -> 0x1393
mem[X,0x000000008000258E] -> 0x03F4
[691] [M]: 0x000000008000258C (0x03F41393) slli x7, x8, 0x3f                        spcl_Mdispatch_hndling+4
x7 <- 0x8000000000000000

clint mtime 0x000000000000015A (mip.MTI <- 0b1, mip.STI <- 0b0)
mem[X,0x0000000080002590] -> 0xD863
mem[X,0x0000000080002592] -> 0x0003
[692] [M]: 0x0000000080002590 (0x0003D863) bge x7, x0, 0x10                         spcl_Mdispatch_hndling+8

mem[X,0x0000000080002594] -> 0x5413
mem[X,0x0000000080002596] -> 0x0014
[693] [M]: 0x0000000080002594 (0x00145413) srli x8, x8, 0x1                         spcl_Mdispatch_hndling+12
x8 <- 0x0000000000000005

clint mtime 0x000000000000015B (mip.MTI <- 0b1, mip.STI <- 0b0)
mem[X,0x0000000080002598] -> 0x0CE3
mem[X,0x000000008000259A] -> 0xF885
[694] [M]: 0x0000000080002598 (0xF8850CE3) beq x10, x8, -0x68                       spcl_Mdispatch_hndling+16

mem[X,0x0000000080002530] -> 0x3303
mem[X,0x0000000080002532] -> 0x2601
[695] [M]: 0x0000000080002530 (0x26013303) ld x6, 0x260(x2)                         resto_Mrtn+0
mem[R,0x0000000080006260] -> 0x000000001FDDB7D5
x6 <- 0x000000001FDDB7D5

clint mtime 0x000000000000015C (mip.MTI <- 0b1, mip.STI <- 0b0)
mem[X,0x0000000080002534] -> 0x3383
mem[X,0x0000000080002536] -> 0x2681
[696] [M]: 0x0000000080002534 (0x26813383) ld x7, 0x268(x2)                         resto_Mrtn+4
mem[R,0x0000000080006268] -> 0x00000000003FBB6F
x7 <- 0x00000000003FBB6F

mem[X,0x0000000080002538] -> 0x3403
mem[X,0x000000008000253A] -> 0x2701
[697] [M]: 0x0000000080002538 (0x27013403) ld x8, 0x270(x2)                         resto_Mrtn+8
mem[R,0x0000000080006270] -> 0x0000000000007F76
x8 <- 0x0000000000007F76

clint mtime 0x000000000000015D (mip.MTI <- 0b1, mip.STI <- 0b0)
mem[X,0x000000008000253C] -> 0x3483
mem[X,0x000000008000253E] -> 0x2781
[698] [M]: 0x000000008000253C (0x27813483) ld x9, 0x278(x2)                         resto_Mrtn+12
mem[R,0x0000000080006278] -> 0x00000000000000FE
x9 <- 0x00000000000000FE

mem[X,0x0000000080002540] -> 0x3503
mem[X,0x0000000080002542] -> 0x2801
[699] [M]: 0x0000000080002540 (0x28013503) ld x10, 0x280(x2)                        resto_Mrtn+16
mem[R,0x0000000080006280] -> 0x0000000000000001
x10 <- 0x0000000000000001

clint mtime 0x000000000000015E (mip.MTI <- 0b1, mip.STI <- 0b0)
mem[X,0x0000000080002544] -> 0x3583
mem[X,0x0000000080002546] -> 0x2881
[700] [M]: 0x0000000080002544 (0x28813583) ld x11, 0x288(x2)                        resto_Mrtn+20
mem[R,0x0000000080006288] -> 0x0000000000000000
x11 <- 0x0000000000000000

mem[X,0x0000000080002548] -> 0x3103
mem[X,0x000000008000254A] -> 0x2901
[701] [M]: 0x0000000080002548 (0x29013103) ld x2, 0x290(x2)                         resto_Mrtn+24
mem[R,0x0000000080006290] -> 0x01FDDB7D5BFDDB7F
x2 <- 0x01FDDB7D5BFDDB7F

clint mtime 0x000000000000015F (mip.MTI <- 0b1, mip.STI <- 0b0)
mem[X,0x000000008000254C] -> 0x0073
mem[X,0x000000008000254E] -> 0x3020
[702] [M]: 0x000000008000254C (0x30200073) mret                                     resto_Mrtn+28
CSR mstatus (0x300) <- 0x0000000A00000080
ret-ing from M to M

mem[X,0x0000000080000628] -> 0x0013
mem[X,0x000000008000062A] -> 0x0000
[703] [M]: 0x0000000080000628 (0x00000013) addi x0, x0, 0x0                         main+584

clint mtime 0x0000000000000160 (mip.MTI <- 0b1, mip.STI <- 0b0)
mem[X,0x000000008000062C] -> 0xB823
mem[X,0x000000008000062E] -> 0x02E6
[704] [M]: 0x000000008000062C (0x02E6B823) sd x14, 0x30(x13)                        main+588
mem[W,0x0000000080007248] <- 0x0000000000000013

mem[X,0x0000000080000630] -> 0x8793
mem[X,0x0000000080000632] -> 0xFFC7
[705] [M]: 0x0000000080000630 (0xFFC78793) addi x15, x15, -0x4                      main+592
x15 <- 0x0000000080001FFC

clint mtime 0x0000000000000161 (mip.MTI <- 0b1, mip.STI <- 0b0)
mem[X,0x0000000080000634] -> 0xA703
mem[X,0x0000000080000636] -> 0x0007
[706] [M]: 0x0000000080000634 (0x0007A703) lw x14, 0x0(x15)                         main+596
mem[R,0x0000000080001FFC] -> 0x00000013
x14 <- 0x0000000000000013

mem[X,0x0000000080000638] -> 0x0013
mem[X,0x000000008000063A] -> 0x0000
[707] [M]: 0x0000000080000638 (0x00000013) addi x0, x0, 0x0                         main+600

clint mtime 0x0000000000000162 (mip.MTI <- 0b1, mip.STI <- 0b0)
mem[X,0x000000008000063C] -> 0x0013
mem[X,0x000000008000063E] -> 0x0000
[708] [M]: 0x000000008000063C (0x00000013) addi x0, x0, 0x0                         main+604

mem[X,0x0000000080000640] -> 0xBC23
mem[X,0x0000000080000642] -> 0x02E6
[709] [M]: 0x0000000080000640 (0x02E6BC23) sd x14, 0x38(x13)                        main+608
mem[W,0x0000000080007250] <- 0x0000000000000013

clint mtime 0x0000000000000163 (mip.MTI <- 0b1, mip.STI <- 0b0)
mem[X,0x0000000080000644] -> 0x8793
mem[X,0x0000000080000646] -> 0x0087
[710] [M]: 0x0000000080000644 (0x00878793) addi x15, x15, 0x8                       main+612
x15 <- 0x0000000080002004

mem[X,0x0000000080000648] -> 0xA703
mem[X,0x000000008000064A] -> 0x0007
[711] [M]: 0x0000000080000648 (0x0007A703) lw x14, 0x0(x15)                         main+616
mem[R,0x0000000080002004] -> 0x00000013
x14 <- 0x0000000000000013

clint mtime 0x0000000000000164 (mip.MTI <- 0b1, mip.STI <- 0b0)
mem[X,0x000000008000064C] -> 0x0013
mem[X,0x000000008000064E] -> 0x0000
[712] [M]: 0x000000008000064C (0x00000013) addi x0, x0, 0x0                         main+620

mem[X,0x0000000080000650] -> 0x0013
mem[X,0x0000000080000652] -> 0x0000
[713] [M]: 0x0000000080000650 (0x00000013) addi x0, x0, 0x0                         main+624

clint mtime 0x0000000000000165 (mip.MTI <- 0b1, mip.STI <- 0b0)
mem[X,0x0000000080000654] -> 0xB023
mem[X,0x0000000080000656] -> 0x04E6
[714] [M]: 0x0000000080000654 (0x04E6B023) sd x14, 0x40(x13)                        main+628
mem[W,0x0000000080007258] <- 0x0000000000000013

mem[X,0x0000000080000658] -> 0x0013
mem[X,0x000000008000065A] -> 0x0000
[715] [M]: 0x0000000080000658 (0x00000013) addi x0, x0, 0x0                         main+632

clint mtime 0x0000000000000166 (mip.MTI <- 0b1, mip.STI <- 0b0)
mem[X,0x000000008000065C] -> 0x0013
mem[X,0x000000008000065E] -> 0x0000
[716] [M]: 0x000000008000065C (0x00000013) addi x0, x0, 0x0                         main+636

mem[X,0x0000000080000660] -> 0x12B7
mem[X,0x0000000080000662] -> 0x2000
[717] [M]: 0x0000000080000660 (0x200012B7) lui x5, 0x20001                          main+640
x5 <- 0x0000000020001000

clint mtime 0x0000000000000167 (mip.MTI <- 0b1, mip.STI <- 0b0)
mem[X,0x0000000080000664] -> 0x829B
mem[X,0x0000000080000666] -> 0x8002
[718] [M]: 0x0000000080000664 (0x8002829B) addiw x5, x5, -0x800                     main+644
x5 <- 0x0000000020000800

mem[X,0x0000000080000668] -> 0x0001
[719] [M]: 0x0000000080000668 (0x0001) c.nop                                        main+648

clint mtime 0x0000000000000168 (mip.MTI <- 0b1, mip.STI <- 0b0)
mem[X,0x000000008000066A] -> 0x0013
mem[X,0x000000008000066C] -> 0x0000
[720] [M]: 0x000000008000066A (0x00000013) addi x0, x0, 0x0                         main+650

mem[X,0x000000008000066E] -> 0x0013
mem[X,0x0000000080000670] -> 0x0000
[721] [M]: 0x000000008000066E (0x00000013) addi x0, x0, 0x0                         main+654

clint mtime 0x0000000000000169 (mip.MTI <- 0b1, mip.STI <- 0b0)
mem[X,0x0000000080000672] -> 0x0013
mem[X,0x0000000080000674] -> 0x0000
[722] [M]: 0x0000000080000672 (0x00000013) addi x0, x0, 0x0                         main+658

mem[X,0x0000000080000676] -> 0x0013
mem[X,0x0000000080000678] -> 0x0000
[723] [M]: 0x0000000080000676 (0x00000013) addi x0, x0, 0x0                         main+662

clint mtime 0x000000000000016A (mip.MTI <- 0b1, mip.STI <- 0b0)
mem[X,0x000000008000067A] -> 0x0013
mem[X,0x000000008000067C] -> 0x0000
[724] [M]: 0x000000008000067A (0x00000013) addi x0, x0, 0x0                         main+666

mem[X,0x000000008000067E] -> 0x0001
[725] [M]: 0x000000008000067E (0x0001) c.nop                                        main+670

clint mtime 0x000000000000016B (mip.MTI <- 0b1, mip.STI <- 0b0)
mem[X,0x0000000080000680] -> 0x9073
mem[X,0x0000000080000682] -> 0x3BB2
[726] [M]: 0x0000000080000680 (0x3BB29073) csrrw x0, pmpaddr11, x5                  main+672
CSR pmpaddr11 (0x3BB) <- 0x0000000020000800

mem[X,0x0000000080000684] -> 0x0213
mem[X,0x0000000080000686] -> 0x0090
[727] [M]: 0x0000000080000684 (0x00900213) addi x4, x0, 0x9                         main+676
x4 <- 0x0000000000000009

clint mtime 0x000000000000016C (mip.MTI <- 0b1, mip.STI <- 0b0)
mem[X,0x0000000080000688] -> 0x1213
mem[X,0x000000008000068A] -> 0x01C2
[728] [M]: 0x0000000080000688 (0x01C21213) slli x4, x4, 0x1c                        main+680
x4 <- 0x0000000090000000

mem[X,0x000000008000068C] -> 0x1073
mem[X,0x000000008000068E] -> 0x3A22
[729] [M]: 0x000000008000068C (0x3A221073) csrrw x0, pmpcfg2, x4                    main+684
CSR pmpcfg2 (0x3A2) <- 0x9F90909090000000

clint mtime 0x000000000000016D (mip.MTI <- 0b1, mip.STI <- 0b0)
mem[X,0x0000000080000690] -> 0x0013
mem[X,0x0000000080000692] -> 0x0000
[730] [M]: 0x0000000080000690 (0x00000013) addi x0, x0, 0x0                         main+688

mem[X,0x0000000080000694] -> 0x0013
mem[X,0x0000000080000696] -> 0x0000
[731] [M]: 0x0000000080000694 (0x00000013) addi x0, x0, 0x0                         main+692

clint mtime 0x000000000000016E (mip.MTI <- 0b1, mip.STI <- 0b0)
mem[X,0x0000000080000698] -> 0x0013
mem[X,0x000000008000069A] -> 0x0000
[732] [M]: 0x0000000080000698 (0x00000013) addi x0, x0, 0x0                         main+696

mem[X,0x000000008000069C] -> 0x0013
mem[X,0x000000008000069E] -> 0x0000
[733] [M]: 0x000000008000069C (0x00000013) addi x0, x0, 0x0                         main+700

clint mtime 0x000000000000016F (mip.MTI <- 0b1, mip.STI <- 0b0)
mem[X,0x00000000800006A0] -> 0x2797
mem[X,0x00000000800006A2] -> 0x0000
[734] [M]: 0x00000000800006A0 (0x00002797) auipc x15, 0x2                           main+704
x15 <- 0x00000000800026A0

mem[X,0x00000000800006A4] -> 0x8793
mem[X,0x00000000800006A6] -> 0x9607
[735] [M]: 0x00000000800006A4 (0x96078793) addi x15, x15, -0x6a0                    main+708
x15 <- 0x0000000080002000

clint mtime 0x0000000000000170 (mip.MTI <- 0b1, mip.STI <- 0b0)
mem[X,0x00000000800006A8] -> 0x0001
[736] [M]: 0x00000000800006A8 (0x0001) c.nop                                        main+712

mem[X,0x00000000800006AA] -> 0x0013
mem[X,0x00000000800006AC] -> 0x0000
[737] [M]: 0x00000000800006AA (0x00000013) addi x0, x0, 0x0                         main+714

clint mtime 0x0000000000000171 (mip.MTI <- 0b1, mip.STI <- 0b0)
mem[X,0x00000000800006AE] -> 0x0013
mem[X,0x00000000800006B0] -> 0x0000
[738] [M]: 0x00000000800006AE (0x00000013) addi x0, x0, 0x0                         main+718

mem[X,0x00000000800006B2] -> 0x0013
mem[X,0x00000000800006B4] -> 0x0000
[739] [M]: 0x00000000800006B2 (0x00000013) addi x0, x0, 0x0                         main+722

clint mtime 0x0000000000000172 (mip.MTI <- 0b1, mip.STI <- 0b0)
mem[X,0x00000000800006B6] -> 0x0013
mem[X,0x00000000800006B8] -> 0x0000
[740] [M]: 0x00000000800006B6 (0x00000013) addi x0, x0, 0x0                         main+726

mem[X,0x00000000800006BA] -> 0x0013
mem[X,0x00000000800006BC] -> 0x0000
[741] [M]: 0x00000000800006BA (0x00000013) addi x0, x0, 0x0                         main+730

clint mtime 0x0000000000000173 (mip.MTI <- 0b1, mip.STI <- 0b0)
mem[X,0x00000000800006BE] -> 0x0001
[742] [M]: 0x00000000800006BE (0x0001) c.nop                                        main+734

mem[X,0x00000000800006C0] -> 0xA703
mem[X,0x00000000800006C2] -> 0x0007
[743] [M]: 0x00000000800006C0 (0x0007A703) lw x14, 0x0(x15)                         main+736
trapping from M to M to handle load-access-fault
handling exc#load-access-fault at priv M with tval 0x0000000080002000
CSR mstatus (0x300) <- 0x0000000A00001800
CSR mcause (0x342) <- 0x0000000000000005
CSR mtval (0x343) <- 0x0000000080002000
CSR mepc (0x341) <- 0x00000000800006C0

clint mtime 0x0000000000000174 (mip.MTI <- 0b1, mip.STI <- 0b0)
mem[X,0x0000000080002100] -> 0x006F
mem[X,0x0000000080002102] -> 0x1000
[744] [M]: 0x0000000080002100 (0x1000006F) jal x0, 0x100                            Mtrampoline+0

mem[X,0x0000000080002200] -> 0x1173
mem[X,0x0000000080002202] -> 0x3401
[745] [M]: 0x0000000080002200 (0x34011173) csrrw x2, mscratch, x2                   trap_Mhandler+0
CSR mscratch (0x340) <- 0x01FDDB7D5BFDDB7F
x2 <- 0x0000000080006000

clint mtime 0x0000000000000175 (mip.MTI <- 0b1, mip.STI <- 0b0)
mem[X,0x0000000080002204] -> 0x3423
mem[X,0x0000000080002206] -> 0x28B1
[746] [M]: 0x0000000080002204 (0x28B13423) sd x11, 0x288(x2)                        trap_Mhandler+4
mem[W,0x0000000080006288] <- 0x0000000000000000

mem[X,0x0000000080002208] -> 0x05EF
mem[X,0x000000008000220A] -> 0x0B80
[747] [M]: 0x0000000080002208 (0x0B8005EF) jal x11, 0xb8                            trap_Mhandler+8
x11 <- 0x000000008000220C

clint mtime 0x0000000000000176 (mip.MTI <- 0b1, mip.STI <- 0b0)
mem[X,0x00000000800022C0] -> 0x3023
mem[X,0x00000000800022C2] -> 0x28A1
[748] [M]: 0x00000000800022C0 (0x28A13023) sd x10, 0x280(x2)                        common_Mhandler+0
mem[W,0x0000000080006280] <- 0x0000000000000001

mem[X,0x00000000800022C4] -> 0x1573
mem[X,0x00000000800022C6] -> 0x3401
[749] [M]: 0x00000000800022C4 (0x34011573) csrrw x10, mscratch, x2                  common_Mhandler+4
CSR mscratch (0x340) <- 0x0000000080006000
x10 <- 0x01FDDB7D5BFDDB7F

clint mtime 0x0000000000000177 (mip.MTI <- 0b1, mip.STI <- 0b0)
mem[X,0x00000000800022C8] -> 0x3823
mem[X,0x00000000800022CA] -> 0x28A1
[750] [M]: 0x00000000800022C8 (0x28A13823) sd x10, 0x290(x2)                        common_Mhandler+8
mem[W,0x0000000080006290] <- 0x01FDDB7D5BFDDB7F

mem[X,0x00000000800022CC] -> 0x3503
mem[X,0x00000000800022CE] -> 0x2301
[751] [M]: 0x00000000800022CC (0x23013503) ld x10, 0x230(x2)                        common_Mhandler+12
mem[R,0x0000000080006230] -> 0x00000000800022D4
x10 <- 0x00000000800022D4

clint mtime 0x0000000000000178 (mip.MTI <- 0b1, mip.STI <- 0b0)
mem[X,0x00000000800022D0] -> 0x0067
mem[X,0x00000000800022D2] -> 0x0005
[752] [M]: 0x00000000800022D0 (0x00050067) jalr x0, 0x0(x10)                        common_Mhandler+16

mem[X,0x00000000800022D4] -> 0x3C23
mem[X,0x00000000800022D6] -> 0x2691
[753] [M]: 0x00000000800022D4 (0x26913C23) sd x9, 0x278(x2)                         common_Mentry+0
mem[W,0x0000000080006278] <- 0x00000000000000FE

clint mtime 0x0000000000000179 (mip.MTI <- 0b1, mip.STI <- 0b0)
mem[X,0x00000000800022D8] -> 0x3823
mem[X,0x00000000800022DA] -> 0x2681
[754] [M]: 0x00000000800022D8 (0x26813823) sd x8, 0x270(x2)                         common_Mentry+4
mem[W,0x0000000080006270] <- 0x0000000000007F76

mem[X,0x00000000800022DC] -> 0x3423
mem[X,0x00000000800022DE] -> 0x2671
[755] [M]: 0x00000000800022DC (0x26713423) sd x7, 0x268(x2)                         common_Mentry+8
mem[W,0x0000000080006268] <- 0x00000000003FBB6F

clint mtime 0x000000000000017A (mip.MTI <- 0b1, mip.STI <- 0b0)
mem[X,0x00000000800022E0] -> 0x3023
mem[X,0x00000000800022E2] -> 0x2661
[756] [M]: 0x00000000800022E0 (0x26613023) sd x6, 0x260(x2)                         common_Mentry+12
mem[W,0x0000000080006260] <- 0x000000001FDDB7D5

mem[X,0x00000000800022E4] -> 0x2573
mem[X,0x00000000800022E6] -> 0x3420
[757] [M]: 0x00000000800022E4 (0x34202573) csrrs x10, mcause, x0                    spcl_M2mmode_test+0
CSR mcause (0x342) -> 0x0000000000000005
x10 <- 0x0000000000000005

clint mtime 0x000000000000017B (mip.MTI <- 0b1, mip.STI <- 0b0)
mem[X,0x00000000800022E8] -> 0x04B7
mem[X,0x00000000800022EA] -> 0x8000
[758] [M]: 0x00000000800022E8 (0x800004B7) lui x9, -0x80000                         spcl_M2mmode_test+4
x9 <- 0xFFFFFFFF80000000

mem[X,0x00000000800022EC] -> 0x8493
mem[X,0x00000000800022EE] -> 0x0004
[759] [M]: 0x00000000800022EC (0x00048493) addi x9, x9, 0x0                         spcl_M2mmode_test+8
x9 <- 0xFFFFFFFF80000000

clint mtime 0x000000000000017C (mip.MTI <- 0b1, mip.STI <- 0b0)
mem[X,0x00000000800022F0] -> 0x9493
mem[X,0x00000000800022F2] -> 0x00B4
[760] [M]: 0x00000000800022F0 (0x00B49493) slli x9, x9, 0xb                         spcl_M2mmode_test+12
x9 <- 0xFFFFFC0000000000

mem[X,0x00000000800022F4] -> 0x8493
mem[X,0x00000000800022F6] -> 0x0004
[761] [M]: 0x00000000800022F4 (0x00048493) addi x9, x9, 0x0                         spcl_M2mmode_test+16
x9 <- 0xFFFFFC0000000000

clint mtime 0x000000000000017D (mip.MTI <- 0b1, mip.STI <- 0b0)
mem[X,0x00000000800022F8] -> 0x9493
mem[X,0x00000000800022FA] -> 0x00B4
[762] [M]: 0x00000000800022F8 (0x00B49493) slli x9, x9, 0xb                         spcl_M2mmode_test+20
x9 <- 0xFFE0000000000000

mem[X,0x00000000800022FC] -> 0x8493
mem[X,0x00000000800022FE] -> 0x0034
[763] [M]: 0x00000000800022FC (0x00348493) addi x9, x9, 0x3                         spcl_M2mmode_test+24
x9 <- 0xFFE0000000000003

clint mtime 0x000000000000017E (mip.MTI <- 0b1, mip.STI <- 0b0)
mem[X,0x0000000080002300] -> 0x9493
mem[X,0x0000000080002302] -> 0x00A4
[764] [M]: 0x0000000080002300 (0x00A49493) slli x9, x9, 0xa                         spcl_M2mmode_test+28
x9 <- 0x8000000000000C00

mem[X,0x0000000080002304] -> 0x8493
mem[X,0x0000000080002306] -> 0x3FC4
[765] [M]: 0x0000000080002304 (0x3FC48493) addi x9, x9, 0x3fc                       spcl_M2mmode_test+32
x9 <- 0x8000000000000FFC

clint mtime 0x000000000000017F (mip.MTI <- 0b1, mip.STI <- 0b0)
mem[X,0x0000000080002308] -> 0xF4B3
mem[X,0x000000008000230A] -> 0x00A4
[766] [M]: 0x0000000080002308 (0x00A4F4B3) and x9, x9, x10                          spcl_M2mmode_test+36
x9 <- 0x0000000000000004

mem[X,0x000000008000230C] -> 0x8493
mem[X,0x000000008000230E] -> 0xFF84
[767] [M]: 0x000000008000230C (0xFF848493) addi x9, x9, -0x8                        spcl_M2mmode_test+40
x9 <- 0xFFFFFFFFFFFFFFFC

clint mtime 0x0000000000000180 (mip.MTI <- 0b1, mip.STI <- 0b0)
mem[X,0x0000000080002310] -> 0x9663
mem[X,0x0000000080002312] -> 0x0004
[768] [M]: 0x0000000080002310 (0x00049663) bne x9, x0, 0xc                          spcl_M2mmode_test+44

mem[X,0x000000008000231C] -> 0x0393
mem[X,0x000000008000231E] -> 0x0200
[769] [M]: 0x000000008000231C (0x02000393) addi x7, x0, 0x20                        Mtrapsig_ptr_upd+0
x7 <- 0x0000000000000020

clint mtime 0x0000000000000181 (mip.MTI <- 0b1, mip.STI <- 0b0)
mem[X,0x0000000080002320] -> 0x5263
mem[X,0x0000000080002322] -> 0x0405
[770] [M]: 0x0000000080002320 (0x04055263) bge x10, x0, 0x44                        Mtrapsig_ptr_upd+4

mem[X,0x0000000080002364] -> 0x2373
mem[X,0x0000000080002366] -> 0x3010
[771] [M]: 0x0000000080002364 (0x30102373) csrrs x6, misa, x0                       Mxcpt_sig_sv+0
CSR misa (0x301) -> 0x800000000034112F
x6 <- 0x800000000034112F

clint mtime 0x0000000000000182 (mip.MTI <- 0b1, mip.STI <- 0b0)
mem[X,0x0000000080002368] -> 0x1313
mem[X,0x000000008000236A] -> 0x0383
[772] [M]: 0x0000000080002368 (0x03831313) slli x6, x6, 0x38                        Mxcpt_sig_sv+4
x6 <- 0x2F00000000000000

mem[X,0x000000008000236C] -> 0x5463
mem[X,0x000000008000236E] -> 0x0003
[773] [M]: 0x000000008000236C (0x00035463) bge x6, x0, 0x8                          Mxcpt_sig_sv+8

clint mtime 0x0000000000000183 (mip.MTI <- 0b1, mip.STI <- 0b0)
mem[X,0x0000000080002374] -> 0x3303
mem[X,0x0000000080002376] -> 0x2181
[774] [M]: 0x0000000080002374 (0x21813303) ld x6, 0x218(x2)                         Mtrap_sig_sv+0
mem[R,0x0000000080006218] -> 0x0000000080007480
x6 <- 0x0000000080007480

mem[X,0x0000000080002378] -> 0x04B3
mem[X,0x000000008000237A] -> 0x0073
[775] [M]: 0x0000000080002378 (0x007304B3) add x9, x6, x7                           Mtrap_sig_sv+4
x9 <- 0x00000000800074A0

clint mtime 0x0000000000000184 (mip.MTI <- 0b1, mip.STI <- 0b0)
mem[X,0x000000008000237C] -> 0x3C23
mem[X,0x000000008000237E] -> 0x2091
[776] [M]: 0x000000008000237C (0x20913C23) sd x9, 0x218(x2)                         Mtrap_sig_sv+8
mem[W,0x0000000080006218] <- 0x00000000800074A0

mem[X,0x0000000080002380] -> 0x3403
mem[X,0x0000000080002382] -> 0x1F81
[777] [M]: 0x0000000080002380 (0x1F813403) ld x8, 0x1f8(x2)                         Mtrap_sig_sv+12
mem[R,0x00000000800061F8] -> 0x0000000080007210
x8 <- 0x0000000080007210

clint mtime 0x0000000000000185 (mip.MTI <- 0b1, mip.STI <- 0b0)
mem[X,0x0000000080002384] -> 0x0333
mem[X,0x0000000080002386] -> 0x4083
[778] [M]: 0x0000000080002384 (0x40830333) sub x6, x6, x8                           Mtrap_sig_sv+16
x6 <- 0x0000000000000270

mem[X,0x0000000080002388] -> 0x3403
mem[X,0x000000008000238A] -> 0x1F81
[779] [M]: 0x0000000080002388 (0x1F813403) ld x8, 0x1f8(x2)                         Mtrap_sig_sv+20
mem[R,0x00000000800061F8] -> 0x0000000080007210
x8 <- 0x0000000080007210

clint mtime 0x0000000000000186 (mip.MTI <- 0b1, mip.STI <- 0b0)
mem[X,0x000000008000238C] -> 0x0333
mem[X,0x000000008000238E] -> 0x0083
[780] [M]: 0x000000008000238C (0x00830333) add x6, x6, x8                           Mtrap_sig_sv+24
x6 <- 0x0000000080007480

mem[X,0x0000000080002390] -> 0x3403
mem[X,0x0000000080002392] -> 0x2401
[781] [M]: 0x0000000080002390 (0x24013403) ld x8, 0x240(x2)                         Mtrap_sig_sv+28
mem[R,0x0000000080006240] -> 0x0000000080002100
x8 <- 0x0000000080002100

clint mtime 0x0000000000000187 (mip.MTI <- 0b1, mip.STI <- 0b0)
mem[X,0x0000000080002394] -> 0x85B3
mem[X,0x0000000080002396] -> 0x4085
[782] [M]: 0x0000000080002394 (0x408585B3) sub x11, x11, x8                         sv_Mvect+0
x11 <- 0x000000000000010C

mem[X,0x0000000080002398] -> 0x9593
mem[X,0x000000008000239A] -> 0x0045
[783] [M]: 0x0000000080002398 (0x00459593) slli x11, x11, 0x4                       sv_Mvect+4
x11 <- 0x00000000000010C0

clint mtime 0x0000000000000188 (mip.MTI <- 0b1, mip.STI <- 0b0)
mem[X,0x000000008000239C] -> 0xE5B3
mem[X,0x000000008000239E] -> 0x0075
[784] [M]: 0x000000008000239C (0x0075E5B3) or x11, x11, x7                          sv_Mvect+8
x11 <- 0x00000000000010E0

mem[X,0x00000000800023A0] -> 0x8593
mem[X,0x00000000800023A2] -> 0x0035
[785] [M]: 0x00000000800023A0 (0x00358593) addi x11, x11, 0x3                       sv_Mvect+12
x11 <- 0x00000000000010E3

clint mtime 0x0000000000000189 (mip.MTI <- 0b1, mip.STI <- 0b0)
mem[X,0x00000000800023A4] -> 0x3023
mem[X,0x00000000800023A6] -> 0x00B3
[786] [M]: 0x00000000800023A4 (0x00B33023) sd x11, 0x0(x6)                          sv_Mvect+16
mem[W,0x0000000080007480] <- 0x00000000000010E3

mem[X,0x00000000800023A8] -> 0x3423
mem[X,0x00000000800023AA] -> 0x00A3
[787] [M]: 0x00000000800023A8 (0x00A33423) sd x10, 0x8(x6)                          sv_Mcause+0
mem[W,0x0000000080007488] <- 0x0000000000000005

clint mtime 0x000000000000018A (mip.MTI <- 0b1, mip.STI <- 0b0)
mem[X,0x00000000800023AC] -> 0x4263
mem[X,0x00000000800023AE] -> 0x1A05
[788] [M]: 0x00000000800023AC (0x1A054263) blt x10, x0, 0x1a4                       sv_Mcause+4

mem[X,0x00000000800023B0] -> 0x25F3
mem[X,0x00000000800023B2] -> 0x3000
[789] [M]: 0x00000000800023B0 (0x300025F3) csrrs x11, mstatus, x0                   common_Mexcpt_handler+0
CSR mstatus (0x300) -> 0x0000000A00001800
x11 <- 0x0000000A00001800

clint mtime 0x000000000000018B (mip.MTI <- 0b1, mip.STI <- 0b0)
mem[X,0x00000000800023B4] -> 0x9413
mem[X,0x00000000800023B6] -> 0x02E5
[790] [M]: 0x00000000800023B4 (0x02E59413) slli x8, x11, 0x2e                       common_Mexcpt_handler+4
x8 <- 0x0600000000000000

mem[X,0x00000000800023B8] -> 0x5463
mem[X,0x00000000800023BA] -> 0x0004
[791] [M]: 0x00000000800023B8 (0x00045463) bge x8, x0, 0x8                          common_Mexcpt_handler+8

clint mtime 0x000000000000018C (mip.MTI <- 0b1, mip.STI <- 0b0)
mem[X,0x00000000800023C0] -> 0xD493
mem[X,0x00000000800023C2] -> 0x00B5
[792] [M]: 0x00000000800023C0 (0x00B5D493) srli x9, x11, 0xb                        common_Mexcpt_handler+16
x9 <- 0x0000000001400003

mem[X,0x00000000800023C4] -> 0xF493
mem[X,0x00000000800023C6] -> 0x0034
[793] [M]: 0x00000000800023C4 (0x0034F493) andi x9, x9, 0x3                         common_Mexcpt_handler+20
x9 <- 0x0000000000000003

clint mtime 0x000000000000018D (mip.MTI <- 0b1, mip.STI <- 0b0)
mem[X,0x00000000800023C8] -> 0x8493
mem[X,0x00000000800023CA] -> 0x0014
[794] [M]: 0x00000000800023C8 (0x00148493) addi x9, x9, 0x1                         common_Mexcpt_handler+24
x9 <- 0x0000000000000004

mem[X,0x00000000800023CC] -> 0xF493
mem[X,0x00000000800023CE] -> 0x0044
[795] [M]: 0x00000000800023CC (0x0044F493) andi x9, x9, 0x4                         common_Mexcpt_handler+28
x9 <- 0x0000000000000004

clint mtime 0x000000000000018E (mip.MTI <- 0b1, mip.STI <- 0b0)
mem[X,0x00000000800023D0] -> 0x0593
mem[X,0x00000000800023D2] -> 0x05D0
[796] [M]: 0x00000000800023D0 (0x05D00593) addi x11, x0, 0x5d                       common_Mexcpt_handler+32
x11 <- 0x000000000000005D

mem[X,0x00000000800023D4] -> 0xD5B3
mem[X,0x00000000800023D6] -> 0x0095
[797] [M]: 0x00000000800023D4 (0x0095D5B3) srl x11, x11, x9                         common_Mexcpt_handler+36
x11 <- 0x0000000000000005

clint mtime 0x000000000000018F (mip.MTI <- 0b1, mip.STI <- 0b0)
mem[X,0x00000000800023D8] -> 0xF593
mem[X,0x00000000800023DA] -> 0x0015
[798] [M]: 0x00000000800023D8 (0x0015F593) andi x11, x11, 0x1                       common_Mexcpt_handler+40
x11 <- 0x0000000000000001

mem[X,0x00000000800023DC] -> 0x8EE3
mem[X,0x00000000800023DE] -> 0xF405
[799] [M]: 0x00000000800023DC (0xF4058EE3) beq x11, x0, -0xa4                       common_Mexcpt_handler+44

clint mtime 0x0000000000000190 (mip.MTI <- 0b1, mip.STI <- 0b0)
mem[X,0x00000000800023E0] -> 0x0593
mem[X,0x00000000800023E2] -> 0x2980
[800] [M]: 0x00000000800023E0 (0x29800593) addi x11, x0, 0x298                      common_Mexcpt_handler+48
x11 <- 0x0000000000000298

mem[X,0x00000000800023E4] -> 0xF413
mem[X,0x00000000800023E6] -> 0x0014
[801] [M]: 0x00000000800023E4 (0x0014F413) andi x8, x9, 0x1                         common_Mexcpt_handler+52
x8 <- 0x0000000000000000

clint mtime 0x0000000000000191 (mip.MTI <- 0b1, mip.STI <- 0b0)
mem[X,0x00000000800023E8] -> 0x95B3
mem[X,0x00000000800023EA] -> 0x0085
[802] [M]: 0x00000000800023E8 (0x008595B3) sll x11, x11, x8                         common_Mexcpt_handler+56
x11 <- 0x0000000000000298

mem[X,0x00000000800023EC] -> 0x9413
mem[X,0x00000000800023EE] -> 0x03D4
[803] [M]: 0x00000000800023EC (0x03D49413) slli x8, x9, 0x3d                        common_Mexcpt_handler+60
x8 <- 0x8000000000000000

clint mtime 0x0000000000000192 (mip.MTI <- 0b1, mip.STI <- 0b0)
mem[X,0x00000000800023F0] -> 0x5413
mem[X,0x00000000800023F2] -> 0x43F4
[804] [M]: 0x00000000800023F0 (0x43F45413) srai x8, x8, 0x3f                        common_Mexcpt_handler+64
x8 <- 0xFFFFFFFFFFFFFFFF

mem[X,0x00000000800023F4] -> 0x4413
mem[X,0x00000000800023F6] -> 0xFFF4
[805] [M]: 0x00000000800023F4 (0xFFF44413) xori x8, x8, -0x1                        common_Mexcpt_handler+68
x8 <- 0x0000000000000000

clint mtime 0x0000000000000193 (mip.MTI <- 0b1, mip.STI <- 0b0)
mem[X,0x00000000800023F8] -> 0xF4B3
mem[X,0x00000000800023FA] -> 0x0085
[806] [M]: 0x00000000800023F8 (0x0085F4B3) and x9, x11, x8                          common_Mexcpt_handler+72
x9 <- 0x0000000000000000

mem[X,0x00000000800023FC] -> 0x84B3
mem[X,0x00000000800023FE] -> 0x0024
[807] [M]: 0x00000000800023FC (0x002484B3) add x9, x9, x2                           vmem_adj_Mepc+0
x9 <- 0x0000000080006000

clint mtime 0x0000000000000194 (mip.MTI <- 0b1, mip.STI <- 0b0)
mem[X,0x0000000080002400] -> 0x23F3
mem[X,0x0000000080002402] -> 0x3410
[808] [M]: 0x0000000080002400 (0x341023F3) csrrs x7, mepc, x0                       vmem_adj_Mepc+4
CSR mepc (0x341) -> 0x00000000800006C0
x7 <- 0x00000000800006C0

mem[X,0x0000000080002404] -> 0x0413
mem[X,0x0000000080002406] -> 0x0004
[809] [M]: 0x0000000080002404 (0x00040413) addi x8, x8, 0x0                         vmem_adj_Mepc+8
x8 <- 0x0000000000000000

clint mtime 0x0000000000000195 (mip.MTI <- 0b1, mip.STI <- 0b0)
mem[X,0x0000000080002408] -> 0x006F
mem[X,0x000000008000240A] -> 0x0400
[810] [M]: 0x0000000080002408 (0x0400006F) jal x0, 0x40                             vmem_adj_Mepc+12

mem[X,0x0000000080002448] -> 0x8433
mem[X,0x000000008000244A] -> 0x4083
[811] [M]: 0x0000000080002448 (0x40838433) sub x8, x7, x8                           adj_Mepc+0
x8 <- 0x00000000800006C0

clint mtime 0x0000000000000196 (mip.MTI <- 0b1, mip.STI <- 0b0)
mem[X,0x000000008000244C] -> 0x3823
mem[X,0x000000008000244E] -> 0x0083
[812] [M]: 0x000000008000244C (0x00833823) sd x8, 0x10(x6)                          sv_Mepc+0
mem[W,0x0000000080007490] <- 0x00000000800006C0

mem[X,0x0000000080002450] -> 0x55B7
mem[X,0x0000000080002452] -> 0x0000
[813] [M]: 0x0000000080002450 (0x000055B7) lui x11, 0x5                             sv_Mepc+4
x11 <- 0x0000000000005000

clint mtime 0x0000000000000197 (mip.MTI <- 0b1, mip.STI <- 0b0)
mem[X,0x0000000080002454] -> 0x8593
mem[X,0x0000000080002456] -> 0x6675
[814] [M]: 0x0000000080002454 (0x66758593) addi x11, x11, 0x667                     sv_Mepc+8
x11 <- 0x0000000000005667

mem[X,0x0000000080002458] -> 0x9593
mem[X,0x000000008000245A] -> 0x0015
[815] [M]: 0x0000000080002458 (0x00159593) slli x11, x11, 0x1                       sv_Mepc+12
x11 <- 0x000000000000ACCE

clint mtime 0x0000000000000198 (mip.MTI <- 0b1, mip.STI <- 0b0)
mem[X,0x000000008000245C] -> 0x9063
mem[X,0x000000008000245E] -> 0x02B1
[816] [M]: 0x000000008000245C (0x02B19063) bne x3, x11, 0x20                        sv_Mepc+16

mem[X,0x000000008000247C] -> 0xF593
mem[X,0x000000008000247E] -> 0xFFC3
[817] [M]: 0x000000008000247C (0xFFC3F593) andi x11, x7, -0x4                       adj_Mepc_rtn+0
x11 <- 0x00000000800006C0

clint mtime 0x0000000000000199 (mip.MTI <- 0b1, mip.STI <- 0b0)
mem[X,0x0000000080002480] -> 0x8593
mem[X,0x0000000080002482] -> 0x0085
[818] [M]: 0x0000000080002480 (0x00858593) addi x11, x11, 0x8                       adj_Mepc_rtn+4
x11 <- 0x00000000800006C8

mem[X,0x0000000080002484] -> 0x9073
mem[X,0x0000000080002486] -> 0x3415
[819] [M]: 0x0000000080002484 (0x34159073) csrrw x0, mepc, x11                      adj_Mepc_rtn+8
CSR mepc (0x341) <- 0x00000000800006C8

clint mtime 0x000000000000019A (mip.MTI <- 0b1, mip.STI <- 0b0)
mem[X,0x0000000080002488] -> 0x23F3
mem[X,0x000000008000248A] -> 0x3430
[820] [M]: 0x0000000080002488 (0x343023F3) csrrs x7, mtval, x0                      skp_adj_Mepc+0
CSR mtval (0x343) -> 0x0000000080002000
x7 <- 0x0000000080002000

mem[X,0x000000008000248C] -> 0x7513
mem[X,0x000000008000248E] -> 0x00F5
[821] [M]: 0x000000008000248C (0x00F57513) andi x10, x10, 0xf                       chk_Mtval+0
x10 <- 0x0000000000000005

clint mtime 0x000000000000019B (mip.MTI <- 0b1, mip.STI <- 0b0)
mem[X,0x0000000080002490] -> 0x0437
mem[X,0x0000000080002492] -> 0x0000
[822] [M]: 0x0000000080002490 (0x00000437) lui x8, 0x0                              chk_Mtval+4
x8 <- 0x0000000000000000

mem[X,0x0000000080002494] -> 0x0413
mem[X,0x0000000080002496] -> 0x0004
[823] [M]: 0x0000000080002494 (0x00040413) addi x8, x8, 0x0                         chk_Mtval+8
x8 <- 0x0000000000000000

clint mtime 0x000000000000019C (mip.MTI <- 0b1, mip.STI <- 0b0)
mem[X,0x0000000080002498] -> 0x1413
mem[X,0x000000008000249A] -> 0x00B4
[824] [M]: 0x0000000080002498 (0x00B41413) slli x8, x8, 0xb                         chk_Mtval+12
x8 <- 0x0000000000000000

mem[X,0x000000008000249C] -> 0x0413
mem[X,0x000000008000249E] -> 0x0004
[825] [M]: 0x000000008000249C (0x00040413) addi x8, x8, 0x0                         chk_Mtval+16
x8 <- 0x0000000000000000

clint mtime 0x000000000000019D (mip.MTI <- 0b1, mip.STI <- 0b0)
mem[X,0x00000000800024A0] -> 0x1413
mem[X,0x00000000800024A2] -> 0x00B4
[826] [M]: 0x00000000800024A0 (0x00B41413) slli x8, x8, 0xb                         chk_Mtval+20
x8 <- 0x0000000000000000

mem[X,0x00000000800024A4] -> 0x0413
mem[X,0x00000000800024A6] -> 0x02C4
[827] [M]: 0x00000000800024A4 (0x02C40413) addi x8, x8, 0x2c                        chk_Mtval+24
x8 <- 0x000000000000002C

clint mtime 0x000000000000019E (mip.MTI <- 0b1, mip.STI <- 0b0)
mem[X,0x00000000800024A8] -> 0x1413
mem[X,0x00000000800024AA] -> 0x00A4
[828] [M]: 0x00000000800024A8 (0x00A41413) slli x8, x8, 0xa                         chk_Mtval+28
x8 <- 0x000000000000B000

mem[X,0x00000000800024AC] -> 0x0413
mem[X,0x00000000800024AE] -> 0x0FB4
[829] [M]: 0x00000000800024AC (0x0FB40413) addi x8, x8, 0xfb                        chk_Mtval+32
x8 <- 0x000000000000B0FB

clint mtime 0x000000000000019F (mip.MTI <- 0b1, mip.STI <- 0b0)
mem[X,0x00000000800024B0] -> 0x5433
mem[X,0x00000000800024B2] -> 0x00A4
[830] [M]: 0x00000000800024B0 (0x00A45433) srl x8, x8, x10                          chk_Mtval+36
x8 <- 0x0000000000000587

mem[X,0x00000000800024B4] -> 0x1413
mem[X,0x00000000800024B6] -> 0x03F4
[831] [M]: 0x00000000800024B4 (0x03F41413) slli x8, x8, 0x3f                        chk_Mtval+40
x8 <- 0x8000000000000000

clint mtime 0x00000000000001A0 (mip.MTI <- 0b1, mip.STI <- 0b0)
mem[X,0x00000000800024B8] -> 0x5C63
mem[X,0x00000000800024BA] -> 0x0404
[832] [M]: 0x00000000800024B8 (0x04045C63) bge x8, x0, 0x58                         chk_Mtval+44

mem[X,0x00000000800024BC] -> 0xB403
mem[X,0x00000000800024BE] -> 0x2084
[833] [M]: 0x00000000800024BC (0x2084B403) ld x8, 0x208(x9)                         vmem_adj_Mtval+0
mem[R,0x0000000080006208] -> 0x00000000800003B4
x8 <- 0x00000000800003B4

clint mtime 0x00000000000001A1 (mip.MTI <- 0b1, mip.STI <- 0b0)
mem[X,0x00000000800024C0] -> 0xB583
mem[X,0x00000000800024C2] -> 0x2104
[834] [M]: 0x00000000800024C0 (0x2104B583) ld x11, 0x210(x9)                        vmem_adj_Mtval+4
mem[R,0x0000000080006210] -> 0x0000000000001C5C
x11 <- 0x0000000000001C5C

mem[X,0x00000000800024C4] -> 0x85B3
mem[X,0x00000000800024C6] -> 0x0085
[835] [M]: 0x00000000800024C4 (0x008585B3) add x11, x11, x8                         vmem_adj_Mtval+8
x11 <- 0x0000000080002010

clint mtime 0x00000000000001A2 (mip.MTI <- 0b1, mip.STI <- 0b0)
mem[X,0x00000000800024C8] -> 0xF463
mem[X,0x00000000800024CA] -> 0x00B3
[836] [M]: 0x00000000800024C8 (0x00B3F463) bgeu x7, x11, 0x8                        vmem_adj_Mtval+12

mem[X,0x00000000800024CC] -> 0xF063
mem[X,0x00000000800024CE] -> 0x0483
[837] [M]: 0x00000000800024CC (0x0483F063) bgeu x7, x8, 0x40                        vmem_adj_Mtval+16

clint mtime 0x00000000000001A3 (mip.MTI <- 0b1, mip.STI <- 0b0)
mem[X,0x000000008000250C] -> 0x8433
mem[X,0x000000008000250E] -> 0x4083
[838] [M]: 0x000000008000250C (0x40838433) sub x8, x7, x8                           adj_Mtval+0
x8 <- 0x0000000000001C4C

mem[X,0x0000000080002510] -> 0x3C23
mem[X,0x0000000080002512] -> 0x0083
[839] [M]: 0x0000000080002510 (0x00833C23) sd x8, 0x18(x6)                          sv_Mtval+0
mem[W,0x0000000080007498] <- 0x0000000000001C4C

clint mtime 0x00000000000001A4 (mip.MTI <- 0b1, mip.STI <- 0b0)
mem[X,0x0000000080002514] -> 0x3483
mem[X,0x0000000080002516] -> 0x2181
[840] [M]: 0x0000000080002514 (0x21813483) ld x9, 0x218(x2)                         skp_Mtval+0
mem[R,0x0000000080006218] -> 0x00000000800074A0
x9 <- 0x00000000800074A0

mem[X,0x0000000080002518] -> 0x3383
mem[X,0x000000008000251A] -> 0x1F81
[841] [M]: 0x0000000080002518 (0x1F813383) ld x7, 0x1f8(x2)                         skp_Mtval+4
mem[R,0x00000000800061F8] -> 0x0000000080007210
x7 <- 0x0000000080007210

clint mtime 0x00000000000001A5 (mip.MTI <- 0b1, mip.STI <- 0b0)
mem[X,0x000000008000251C] -> 0x3303
mem[X,0x000000008000251E] -> 0x2001
[842] [M]: 0x000000008000251C (0x20013303) ld x6, 0x200(x2)                         skp_Mtval+8
mem[R,0x0000000080006200] -> 0x0000000000000A20
x6 <- 0x0000000000000A20

mem[X,0x0000000080002520] -> 0x0333
mem[X,0x0000000080002522] -> 0x0073
[843] [M]: 0x0000000080002520 (0x00730333) add x6, x6, x7                           skp_Mtval+12
x6 <- 0x0000000080007C30

clint mtime 0x00000000000001A6 (mip.MTI <- 0b1, mip.STI <- 0b0)
mem[X,0x0000000080002524] -> 0x6AE3
mem[X,0x0000000080002526] -> 0xAE93
[844] [M]: 0x0000000080002524 (0xAE936AE3) bltu x6, x9, -0x50c                      skp_Mtval+16

mem[X,0x0000000080002528] -> 0x0393
mem[X,0x000000008000252A] -> 0x2000
[845] [M]: 0x0000000080002528 (0x20000393) addi x7, x0, 0x200                       skp_Mtval+20
x7 <- 0x0000000000000200

clint mtime 0x00000000000001A7 (mip.MTI <- 0b1, mip.STI <- 0b0)
mem[X,0x000000008000252C] -> 0x006F
mem[X,0x000000008000252E] -> 0x0400
[846] [M]: 0x000000008000252C (0x0400006F) jal x0, 0x40                             skp_Mtval+24

mem[X,0x000000008000256C] -> 0x0417
mem[X,0x000000008000256E] -> 0x0000
[847] [M]: 0x000000008000256C (0x00000417) auipc x8, 0x0                            spcl_Mhandler+0
x8 <- 0x000000008000256C

clint mtime 0x00000000000001A8 (mip.MTI <- 0b1, mip.STI <- 0b0)
mem[X,0x0000000080002570] -> 0x0413
mem[X,0x0000000080002572] -> 0x03C4
[848] [M]: 0x0000000080002570 (0x03C40413) addi x8, x8, 0x3c                        spcl_Mhandler+4
x8 <- 0x00000000800025A8

mem[X,0x0000000080002574] -> 0x0433
mem[X,0x0000000080002576] -> 0x0074
[849] [M]: 0x0000000080002574 (0x00740433) add x8, x8, x7                           spcl_Mhandler+8
x8 <- 0x00000000800027A8

clint mtime 0x00000000000001A9 (mip.MTI <- 0b1, mip.STI <- 0b0)
mem[X,0x0000000080002578] -> 0x1393
mem[X,0x000000008000257A] -> 0x0035
[850] [M]: 0x0000000080002578 (0x00351393) slli x7, x10, 0x3                        spcl_Mhandler+12
x7 <- 0x0000000000000028

mem[X,0x000000008000257C] -> 0x0433
mem[X,0x000000008000257E] -> 0x0074
[851] [M]: 0x000000008000257C (0x00740433) add x8, x8, x7                           spcl_Mhandler+16
x8 <- 0x00000000800027D0

clint mtime 0x00000000000001AA (mip.MTI <- 0b1, mip.STI <- 0b0)
mem[X,0x0000000080002580] -> 0x7413
mem[X,0x0000000080002582] -> 0xFF84
[852] [M]: 0x0000000080002580 (0xFF847413) andi x8, x8, -0x8                        spcl_Mhandler+20
x8 <- 0x00000000800027D0

mem[X,0x0000000080002584] -> 0x3403
mem[X,0x0000000080002586] -> 0x0004
[853] [M]: 0x0000000080002584 (0x00043403) ld x8, 0x0(x8)                           spcl_Mhandler+24
mem[R,0x00000000800027D0] -> 0x000000000000000B
x8 <- 0x000000000000000B

clint mtime 0x00000000000001AB (mip.MTI <- 0b1, mip.STI <- 0b0)
mem[X,0x0000000080002588] -> 0x02E3
mem[X,0x000000008000258A] -> 0xB204
[854] [M]: 0x0000000080002588 (0xB20402E3) beq x8, x0, -0x4dc                       spcl_Mdispatch_hndling+0

mem[X,0x000000008000258C] -> 0x1393
mem[X,0x000000008000258E] -> 0x03F4
[855] [M]: 0x000000008000258C (0x03F41393) slli x7, x8, 0x3f                        spcl_Mdispatch_hndling+4
x7 <- 0x8000000000000000

clint mtime 0x00000000000001AC (mip.MTI <- 0b1, mip.STI <- 0b0)
mem[X,0x0000000080002590] -> 0xD863
mem[X,0x0000000080002592] -> 0x0003
[856] [M]: 0x0000000080002590 (0x0003D863) bge x7, x0, 0x10                         spcl_Mdispatch_hndling+8

mem[X,0x0000000080002594] -> 0x5413
mem[X,0x0000000080002596] -> 0x0014
[857] [M]: 0x0000000080002594 (0x00145413) srli x8, x8, 0x1                         spcl_Mdispatch_hndling+12
x8 <- 0x0000000000000005

clint mtime 0x00000000000001AD (mip.MTI <- 0b1, mip.STI <- 0b0)
mem[X,0x0000000080002598] -> 0x0CE3
mem[X,0x000000008000259A] -> 0xF885
[858] [M]: 0x0000000080002598 (0xF8850CE3) beq x10, x8, -0x68                       spcl_Mdispatch_hndling+16

mem[X,0x0000000080002530] -> 0x3303
mem[X,0x0000000080002532] -> 0x2601
[859] [M]: 0x0000000080002530 (0x26013303) ld x6, 0x260(x2)                         resto_Mrtn+0
mem[R,0x0000000080006260] -> 0x000000001FDDB7D5
x6 <- 0x000000001FDDB7D5

clint mtime 0x00000000000001AE (mip.MTI <- 0b1, mip.STI <- 0b0)
mem[X,0x0000000080002534] -> 0x3383
mem[X,0x0000000080002536] -> 0x2681
[860] [M]: 0x0000000080002534 (0x26813383) ld x7, 0x268(x2)                         resto_Mrtn+4
mem[R,0x0000000080006268] -> 0x00000000003FBB6F
x7 <- 0x00000000003FBB6F

mem[X,0x0000000080002538] -> 0x3403
mem[X,0x000000008000253A] -> 0x2701
[861] [M]: 0x0000000080002538 (0x27013403) ld x8, 0x270(x2)                         resto_Mrtn+8
mem[R,0x0000000080006270] -> 0x0000000000007F76
x8 <- 0x0000000000007F76

clint mtime 0x00000000000001AF (mip.MTI <- 0b1, mip.STI <- 0b0)
mem[X,0x000000008000253C] -> 0x3483
mem[X,0x000000008000253E] -> 0x2781
[862] [M]: 0x000000008000253C (0x27813483) ld x9, 0x278(x2)                         resto_Mrtn+12
mem[R,0x0000000080006278] -> 0x00000000000000FE
x9 <- 0x00000000000000FE

mem[X,0x0000000080002540] -> 0x3503
mem[X,0x0000000080002542] -> 0x2801
[863] [M]: 0x0000000080002540 (0x28013503) ld x10, 0x280(x2)                        resto_Mrtn+16
mem[R,0x0000000080006280] -> 0x0000000000000001
x10 <- 0x0000000000000001

clint mtime 0x00000000000001B0 (mip.MTI <- 0b1, mip.STI <- 0b0)
mem[X,0x0000000080002544] -> 0x3583
mem[X,0x0000000080002546] -> 0x2881
[864] [M]: 0x0000000080002544 (0x28813583) ld x11, 0x288(x2)                        resto_Mrtn+20
mem[R,0x0000000080006288] -> 0x0000000000000000
x11 <- 0x0000000000000000

mem[X,0x0000000080002548] -> 0x3103
mem[X,0x000000008000254A] -> 0x2901
[865] [M]: 0x0000000080002548 (0x29013103) ld x2, 0x290(x2)                         resto_Mrtn+24
mem[R,0x0000000080006290] -> 0x01FDDB7D5BFDDB7F
x2 <- 0x01FDDB7D5BFDDB7F

clint mtime 0x00000000000001B1 (mip.MTI <- 0b1, mip.STI <- 0b0)
mem[X,0x000000008000254C] -> 0x0073
mem[X,0x000000008000254E] -> 0x3020
[866] [M]: 0x000000008000254C (0x30200073) mret                                     resto_Mrtn+28
CSR mstatus (0x300) <- 0x0000000A00000080
ret-ing from M to M

mem[X,0x00000000800006C8] -> 0x0013
mem[X,0x00000000800006CA] -> 0x0000
[867] [M]: 0x00000000800006C8 (0x00000013) addi x0, x0, 0x0                         main+744

clint mtime 0x00000000000001B2 (mip.MTI <- 0b1, mip.STI <- 0b0)
mem[X,0x00000000800006CC] -> 0xB423
mem[X,0x00000000800006CE] -> 0x04E6
[868] [M]: 0x00000000800006CC (0x04E6B423) sd x14, 0x48(x13)                        main+748
mem[W,0x0000000080007260] <- 0x0000000000000013

mem[X,0x00000000800006D0] -> 0x8793
mem[X,0x00000000800006D2] -> 0xFFC7
[869] [M]: 0x00000000800006D0 (0xFFC78793) addi x15, x15, -0x4                      main+752
x15 <- 0x0000000080001FFC

clint mtime 0x00000000000001B3 (mip.MTI <- 0b1, mip.STI <- 0b0)
mem[X,0x00000000800006D4] -> 0xA703
mem[X,0x00000000800006D6] -> 0x0007
[870] [M]: 0x00000000800006D4 (0x0007A703) lw x14, 0x0(x15)                         main+756
mem[R,0x0000000080001FFC] -> 0x00000013
x14 <- 0x0000000000000013

mem[X,0x00000000800006D8] -> 0x0013
mem[X,0x00000000800006DA] -> 0x0000
[871] [M]: 0x00000000800006D8 (0x00000013) addi x0, x0, 0x0                         main+760

clint mtime 0x00000000000001B4 (mip.MTI <- 0b1, mip.STI <- 0b0)
mem[X,0x00000000800006DC] -> 0x0013
mem[X,0x00000000800006DE] -> 0x0000
[872] [M]: 0x00000000800006DC (0x00000013) addi x0, x0, 0x0                         main+764

mem[X,0x00000000800006E0] -> 0xB823
mem[X,0x00000000800006E2] -> 0x04E6
[873] [M]: 0x00000000800006E0 (0x04E6B823) sd x14, 0x50(x13)                        main+768
mem[W,0x0000000080007268] <- 0x0000000000000013

clint mtime 0x00000000000001B5 (mip.MTI <- 0b1, mip.STI <- 0b0)
mem[X,0x00000000800006E4] -> 0x8793
mem[X,0x00000000800006E6] -> 0x0087
[874] [M]: 0x00000000800006E4 (0x00878793) addi x15, x15, 0x8                       main+772
x15 <- 0x0000000080002004

mem[X,0x00000000800006E8] -> 0xA703
mem[X,0x00000000800006EA] -> 0x0007
[875] [M]: 0x00000000800006E8 (0x0007A703) lw x14, 0x0(x15)                         main+776
mem[R,0x0000000080002004] -> 0x00000013
x14 <- 0x0000000000000013

clint mtime 0x00000000000001B6 (mip.MTI <- 0b1, mip.STI <- 0b0)
mem[X,0x00000000800006EC] -> 0x0013
mem[X,0x00000000800006EE] -> 0x0000
[876] [M]: 0x00000000800006EC (0x00000013) addi x0, x0, 0x0                         main+780

mem[X,0x00000000800006F0] -> 0x0013
mem[X,0x00000000800006F2] -> 0x0000
[877] [M]: 0x00000000800006F0 (0x00000013) addi x0, x0, 0x0                         main+784

clint mtime 0x00000000000001B7 (mip.MTI <- 0b1, mip.STI <- 0b0)
mem[X,0x00000000800006F4] -> 0xBC23
mem[X,0x00000000800006F6] -> 0x04E6
[878] [M]: 0x00000000800006F4 (0x04E6BC23) sd x14, 0x58(x13)                        main+788
mem[W,0x0000000080007270] <- 0x0000000000000013

mem[X,0x00000000800006F8] -> 0x0013
mem[X,0x00000000800006FA] -> 0x0000
[879] [M]: 0x00000000800006F8 (0x00000013) addi x0, x0, 0x0                         main+792

clint mtime 0x00000000000001B8 (mip.MTI <- 0b1, mip.STI <- 0b0)
mem[X,0x00000000800006FC] -> 0x0013
mem[X,0x00000000800006FE] -> 0x0000
[880] [M]: 0x00000000800006FC (0x00000013) addi x0, x0, 0x0                         main+796

mem[X,0x0000000080000700] -> 0x12B7
mem[X,0x0000000080000702] -> 0x2000
[881] [M]: 0x0000000080000700 (0x200012B7) lui x5, 0x20001                          main+800
x5 <- 0x0000000020001000

clint mtime 0x00000000000001B9 (mip.MTI <- 0b1, mip.STI <- 0b0)
mem[X,0x0000000080000704] -> 0x829B
mem[X,0x0000000080000706] -> 0x8002
[882] [M]: 0x0000000080000704 (0x8002829B) addiw x5, x5, -0x800                     main+804
x5 <- 0x0000000020000800

mem[X,0x0000000080000708] -> 0x0001
[883] [M]: 0x0000000080000708 (0x0001) c.nop                                        main+808

clint mtime 0x00000000000001BA (mip.MTI <- 0b1, mip.STI <- 0b0)
mem[X,0x000000008000070A] -> 0x0013
mem[X,0x000000008000070C] -> 0x0000
[884] [M]: 0x000000008000070A (0x00000013) addi x0, x0, 0x0                         main+810

mem[X,0x000000008000070E] -> 0x0013
mem[X,0x0000000080000710] -> 0x0000
[885] [M]: 0x000000008000070E (0x00000013) addi x0, x0, 0x0                         main+814

clint mtime 0x00000000000001BB (mip.MTI <- 0b1, mip.STI <- 0b0)
mem[X,0x0000000080000712] -> 0x0013
mem[X,0x0000000080000714] -> 0x0000
[886] [M]: 0x0000000080000712 (0x00000013) addi x0, x0, 0x0                         main+818

mem[X,0x0000000080000716] -> 0x0013
mem[X,0x0000000080000718] -> 0x0000
[887] [M]: 0x0000000080000716 (0x00000013) addi x0, x0, 0x0                         main+822

clint mtime 0x00000000000001BC (mip.MTI <- 0b1, mip.STI <- 0b0)
mem[X,0x000000008000071A] -> 0x0013
mem[X,0x000000008000071C] -> 0x0000
[888] [M]: 0x000000008000071A (0x00000013) addi x0, x0, 0x0                         main+826

mem[X,0x000000008000071E] -> 0x0001
[889] [M]: 0x000000008000071E (0x0001) c.nop                                        main+830

clint mtime 0x00000000000001BD (mip.MTI <- 0b1, mip.STI <- 0b0)
mem[X,0x0000000080000720] -> 0x9073
mem[X,0x0000000080000722] -> 0x3BA2
[890] [M]: 0x0000000080000720 (0x3BA29073) csrrw x0, pmpaddr10, x5                  main+832
CSR pmpaddr10 (0x3BA) <- 0x0000000020000800

mem[X,0x0000000080000724] -> 0x0213
mem[X,0x0000000080000726] -> 0x0090
[891] [M]: 0x0000000080000724 (0x00900213) addi x4, x0, 0x9                         main+836
x4 <- 0x0000000000000009

clint mtime 0x00000000000001BE (mip.MTI <- 0b1, mip.STI <- 0b0)
mem[X,0x0000000080000728] -> 0x1213
mem[X,0x000000008000072A] -> 0x0142
[892] [M]: 0x0000000080000728 (0x01421213) slli x4, x4, 0x14                        main+840
x4 <- 0x0000000000900000

mem[X,0x000000008000072C] -> 0x1073
mem[X,0x000000008000072E] -> 0x3A22
[893] [M]: 0x000000008000072C (0x3A221073) csrrw x0, pmpcfg2, x4                    main+844
CSR pmpcfg2 (0x3A2) <- 0x9F90909090900000

clint mtime 0x00000000000001BF (mip.MTI <- 0b1, mip.STI <- 0b0)
mem[X,0x0000000080000730] -> 0x0013
mem[X,0x0000000080000732] -> 0x0000
[894] [M]: 0x0000000080000730 (0x00000013) addi x0, x0, 0x0                         main+848

mem[X,0x0000000080000734] -> 0x0013
mem[X,0x0000000080000736] -> 0x0000
[895] [M]: 0x0000000080000734 (0x00000013) addi x0, x0, 0x0                         main+852

clint mtime 0x00000000000001C0 (mip.MTI <- 0b1, mip.STI <- 0b0)
mem[X,0x0000000080000738] -> 0x0013
mem[X,0x000000008000073A] -> 0x0000
[896] [M]: 0x0000000080000738 (0x00000013) addi x0, x0, 0x0                         main+856

mem[X,0x000000008000073C] -> 0x0013
mem[X,0x000000008000073E] -> 0x0000
[897] [M]: 0x000000008000073C (0x00000013) addi x0, x0, 0x0                         main+860

clint mtime 0x00000000000001C1 (mip.MTI <- 0b1, mip.STI <- 0b0)
mem[X,0x0000000080000740] -> 0x2797
mem[X,0x0000000080000742] -> 0x0000
[898] [M]: 0x0000000080000740 (0x00002797) auipc x15, 0x2                           main+864
x15 <- 0x0000000080002740

mem[X,0x0000000080000744] -> 0x8793
mem[X,0x0000000080000746] -> 0x8C07
[899] [M]: 0x0000000080000744 (0x8C078793) addi x15, x15, -0x740                    main+868
x15 <- 0x0000000080002000

clint mtime 0x00000000000001C2 (mip.MTI <- 0b1, mip.STI <- 0b0)
mem[X,0x0000000080000748] -> 0x0001
[900] [M]: 0x0000000080000748 (0x0001) c.nop                                        main+872

mem[X,0x000000008000074A] -> 0x0013
mem[X,0x000000008000074C] -> 0x0000
[901] [M]: 0x000000008000074A (0x00000013) addi x0, x0, 0x0                         main+874

clint mtime 0x00000000000001C3 (mip.MTI <- 0b1, mip.STI <- 0b0)
mem[X,0x000000008000074E] -> 0x0013
mem[X,0x0000000080000750] -> 0x0000
[902] [M]: 0x000000008000074E (0x00000013) addi x0, x0, 0x0                         main+878

mem[X,0x0000000080000752] -> 0x0013
mem[X,0x0000000080000754] -> 0x0000
[903] [M]: 0x0000000080000752 (0x00000013) addi x0, x0, 0x0                         main+882

clint mtime 0x00000000000001C4 (mip.MTI <- 0b1, mip.STI <- 0b0)
mem[X,0x0000000080000756] -> 0x0013
mem[X,0x0000000080000758] -> 0x0000
[904] [M]: 0x0000000080000756 (0x00000013) addi x0, x0, 0x0                         main+886

mem[X,0x000000008000075A] -> 0x0013
mem[X,0x000000008000075C] -> 0x0000
[905] [M]: 0x000000008000075A (0x00000013) addi x0, x0, 0x0                         main+890

clint mtime 0x00000000000001C5 (mip.MTI <- 0b1, mip.STI <- 0b0)
mem[X,0x000000008000075E] -> 0x0001
[906] [M]: 0x000000008000075E (0x0001) c.nop                                        main+894

mem[X,0x0000000080000760] -> 0xA703
mem[X,0x0000000080000762] -> 0x0007
[907] [M]: 0x0000000080000760 (0x0007A703) lw x14, 0x0(x15)                         main+896
trapping from M to M to handle load-access-fault
handling exc#load-access-fault at priv M with tval 0x0000000080002000
CSR mstatus (0x300) <- 0x0000000A00001800
CSR mcause (0x342) <- 0x0000000000000005
CSR mtval (0x343) <- 0x0000000080002000
CSR mepc (0x341) <- 0x0000000080000760

clint mtime 0x00000000000001C6 (mip.MTI <- 0b1, mip.STI <- 0b0)
mem[X,0x0000000080002100] -> 0x006F
mem[X,0x0000000080002102] -> 0x1000
[908] [M]: 0x0000000080002100 (0x1000006F) jal x0, 0x100                            Mtrampoline+0

mem[X,0x0000000080002200] -> 0x1173
mem[X,0x0000000080002202] -> 0x3401
[909] [M]: 0x0000000080002200 (0x34011173) csrrw x2, mscratch, x2                   trap_Mhandler+0
CSR mscratch (0x340) <- 0x01FDDB7D5BFDDB7F
x2 <- 0x0000000080006000

clint mtime 0x00000000000001C7 (mip.MTI <- 0b1, mip.STI <- 0b0)
mem[X,0x0000000080002204] -> 0x3423
mem[X,0x0000000080002206] -> 0x28B1
[910] [M]: 0x0000000080002204 (0x28B13423) sd x11, 0x288(x2)                        trap_Mhandler+4
mem[W,0x0000000080006288] <- 0x0000000000000000

mem[X,0x0000000080002208] -> 0x05EF
mem[X,0x000000008000220A] -> 0x0B80
[911] [M]: 0x0000000080002208 (0x0B8005EF) jal x11, 0xb8                            trap_Mhandler+8
x11 <- 0x000000008000220C

clint mtime 0x00000000000001C8 (mip.MTI <- 0b1, mip.STI <- 0b0)
mem[X,0x00000000800022C0] -> 0x3023
mem[X,0x00000000800022C2] -> 0x28A1
[912] [M]: 0x00000000800022C0 (0x28A13023) sd x10, 0x280(x2)                        common_Mhandler+0
mem[W,0x0000000080006280] <- 0x0000000000000001

mem[X,0x00000000800022C4] -> 0x1573
mem[X,0x00000000800022C6] -> 0x3401
[913] [M]: 0x00000000800022C4 (0x34011573) csrrw x10, mscratch, x2                  common_Mhandler+4
CSR mscratch (0x340) <- 0x0000000080006000
x10 <- 0x01FDDB7D5BFDDB7F

clint mtime 0x00000000000001C9 (mip.MTI <- 0b1, mip.STI <- 0b0)
mem[X,0x00000000800022C8] -> 0x3823
mem[X,0x00000000800022CA] -> 0x28A1
[914] [M]: 0x00000000800022C8 (0x28A13823) sd x10, 0x290(x2)                        common_Mhandler+8
mem[W,0x0000000080006290] <- 0x01FDDB7D5BFDDB7F

mem[X,0x00000000800022CC] -> 0x3503
mem[X,0x00000000800022CE] -> 0x2301
[915] [M]: 0x00000000800022CC (0x23013503) ld x10, 0x230(x2)                        common_Mhandler+12
mem[R,0x0000000080006230] -> 0x00000000800022D4
x10 <- 0x00000000800022D4

clint mtime 0x00000000000001CA (mip.MTI <- 0b1, mip.STI <- 0b0)
mem[X,0x00000000800022D0] -> 0x0067
mem[X,0x00000000800022D2] -> 0x0005
[916] [M]: 0x00000000800022D0 (0x00050067) jalr x0, 0x0(x10)                        common_Mhandler+16

mem[X,0x00000000800022D4] -> 0x3C23
mem[X,0x00000000800022D6] -> 0x2691
[917] [M]: 0x00000000800022D4 (0x26913C23) sd x9, 0x278(x2)                         common_Mentry+0
mem[W,0x0000000080006278] <- 0x00000000000000FE

clint mtime 0x00000000000001CB (mip.MTI <- 0b1, mip.STI <- 0b0)
mem[X,0x00000000800022D8] -> 0x3823
mem[X,0x00000000800022DA] -> 0x2681
[918] [M]: 0x00000000800022D8 (0x26813823) sd x8, 0x270(x2)                         common_Mentry+4
mem[W,0x0000000080006270] <- 0x0000000000007F76

mem[X,0x00000000800022DC] -> 0x3423
mem[X,0x00000000800022DE] -> 0x2671
[919] [M]: 0x00000000800022DC (0x26713423) sd x7, 0x268(x2)                         common_Mentry+8
mem[W,0x0000000080006268] <- 0x00000000003FBB6F

clint mtime 0x00000000000001CC (mip.MTI <- 0b1, mip.STI <- 0b0)
mem[X,0x00000000800022E0] -> 0x3023
mem[X,0x00000000800022E2] -> 0x2661
[920] [M]: 0x00000000800022E0 (0x26613023) sd x6, 0x260(x2)                         common_Mentry+12
mem[W,0x0000000080006260] <- 0x000000001FDDB7D5

mem[X,0x00000000800022E4] -> 0x2573
mem[X,0x00000000800022E6] -> 0x3420
[921] [M]: 0x00000000800022E4 (0x34202573) csrrs x10, mcause, x0                    spcl_M2mmode_test+0
CSR mcause (0x342) -> 0x0000000000000005
x10 <- 0x0000000000000005

clint mtime 0x00000000000001CD (mip.MTI <- 0b1, mip.STI <- 0b0)
mem[X,0x00000000800022E8] -> 0x04B7
mem[X,0x00000000800022EA] -> 0x8000
[922] [M]: 0x00000000800022E8 (0x800004B7) lui x9, -0x80000                         spcl_M2mmode_test+4
x9 <- 0xFFFFFFFF80000000

mem[X,0x00000000800022EC] -> 0x8493
mem[X,0x00000000800022EE] -> 0x0004
[923] [M]: 0x00000000800022EC (0x00048493) addi x9, x9, 0x0                         spcl_M2mmode_test+8
x9 <- 0xFFFFFFFF80000000

clint mtime 0x00000000000001CE (mip.MTI <- 0b1, mip.STI <- 0b0)
mem[X,0x00000000800022F0] -> 0x9493
mem[X,0x00000000800022F2] -> 0x00B4
[924] [M]: 0x00000000800022F0 (0x00B49493) slli x9, x9, 0xb                         spcl_M2mmode_test+12
x9 <- 0xFFFFFC0000000000

mem[X,0x00000000800022F4] -> 0x8493
mem[X,0x00000000800022F6] -> 0x0004
[925] [M]: 0x00000000800022F4 (0x00048493) addi x9, x9, 0x0                         spcl_M2mmode_test+16
x9 <- 0xFFFFFC0000000000

clint mtime 0x00000000000001CF (mip.MTI <- 0b1, mip.STI <- 0b0)
mem[X,0x00000000800022F8] -> 0x9493
mem[X,0x00000000800022FA] -> 0x00B4
[926] [M]: 0x00000000800022F8 (0x00B49493) slli x9, x9, 0xb                         spcl_M2mmode_test+20
x9 <- 0xFFE0000000000000

mem[X,0x00000000800022FC] -> 0x8493
mem[X,0x00000000800022FE] -> 0x0034
[927] [M]: 0x00000000800022FC (0x00348493) addi x9, x9, 0x3                         spcl_M2mmode_test+24
x9 <- 0xFFE0000000000003

clint mtime 0x00000000000001D0 (mip.MTI <- 0b1, mip.STI <- 0b0)
mem[X,0x0000000080002300] -> 0x9493
mem[X,0x0000000080002302] -> 0x00A4
[928] [M]: 0x0000000080002300 (0x00A49493) slli x9, x9, 0xa                         spcl_M2mmode_test+28
x9 <- 0x8000000000000C00

mem[X,0x0000000080002304] -> 0x8493
mem[X,0x0000000080002306] -> 0x3FC4
[929] [M]: 0x0000000080002304 (0x3FC48493) addi x9, x9, 0x3fc                       spcl_M2mmode_test+32
x9 <- 0x8000000000000FFC

clint mtime 0x00000000000001D1 (mip.MTI <- 0b1, mip.STI <- 0b0)
mem[X,0x0000000080002308] -> 0xF4B3
mem[X,0x000000008000230A] -> 0x00A4
[930] [M]: 0x0000000080002308 (0x00A4F4B3) and x9, x9, x10                          spcl_M2mmode_test+36
x9 <- 0x0000000000000004

mem[X,0x000000008000230C] -> 0x8493
mem[X,0x000000008000230E] -> 0xFF84
[931] [M]: 0x000000008000230C (0xFF848493) addi x9, x9, -0x8                        spcl_M2mmode_test+40
x9 <- 0xFFFFFFFFFFFFFFFC

clint mtime 0x00000000000001D2 (mip.MTI <- 0b1, mip.STI <- 0b0)
mem[X,0x0000000080002310] -> 0x9663
mem[X,0x0000000080002312] -> 0x0004
[932] [M]: 0x0000000080002310 (0x00049663) bne x9, x0, 0xc                          spcl_M2mmode_test+44

mem[X,0x000000008000231C] -> 0x0393
mem[X,0x000000008000231E] -> 0x0200
[933] [M]: 0x000000008000231C (0x02000393) addi x7, x0, 0x20                        Mtrapsig_ptr_upd+0
x7 <- 0x0000000000000020

clint mtime 0x00000000000001D3 (mip.MTI <- 0b1, mip.STI <- 0b0)
mem[X,0x0000000080002320] -> 0x5263
mem[X,0x0000000080002322] -> 0x0405
[934] [M]: 0x0000000080002320 (0x04055263) bge x10, x0, 0x44                        Mtrapsig_ptr_upd+4

mem[X,0x0000000080002364] -> 0x2373
mem[X,0x0000000080002366] -> 0x3010
[935] [M]: 0x0000000080002364 (0x30102373) csrrs x6, misa, x0                       Mxcpt_sig_sv+0
CSR misa (0x301) -> 0x800000000034112F
x6 <- 0x800000000034112F

clint mtime 0x00000000000001D4 (mip.MTI <- 0b1, mip.STI <- 0b0)
mem[X,0x0000000080002368] -> 0x1313
mem[X,0x000000008000236A] -> 0x0383
[936] [M]: 0x0000000080002368 (0x03831313) slli x6, x6, 0x38                        Mxcpt_sig_sv+4
x6 <- 0x2F00000000000000

mem[X,0x000000008000236C] -> 0x5463
mem[X,0x000000008000236E] -> 0x0003
[937] [M]: 0x000000008000236C (0x00035463) bge x6, x0, 0x8                          Mxcpt_sig_sv+8

clint mtime 0x00000000000001D5 (mip.MTI <- 0b1, mip.STI <- 0b0)
mem[X,0x0000000080002374] -> 0x3303
mem[X,0x0000000080002376] -> 0x2181
[938] [M]: 0x0000000080002374 (0x21813303) ld x6, 0x218(x2)                         Mtrap_sig_sv+0
mem[R,0x0000000080006218] -> 0x00000000800074A0
x6 <- 0x00000000800074A0

mem[X,0x0000000080002378] -> 0x04B3
mem[X,0x000000008000237A] -> 0x0073
[939] [M]: 0x0000000080002378 (0x007304B3) add x9, x6, x7                           Mtrap_sig_sv+4
x9 <- 0x00000000800074C0

clint mtime 0x00000000000001D6 (mip.MTI <- 0b1, mip.STI <- 0b0)
mem[X,0x000000008000237C] -> 0x3C23
mem[X,0x000000008000237E] -> 0x2091
[940] [M]: 0x000000008000237C (0x20913C23) sd x9, 0x218(x2)                         Mtrap_sig_sv+8
mem[W,0x0000000080006218] <- 0x00000000800074C0

mem[X,0x0000000080002380] -> 0x3403
mem[X,0x0000000080002382] -> 0x1F81
[941] [M]: 0x0000000080002380 (0x1F813403) ld x8, 0x1f8(x2)                         Mtrap_sig_sv+12
mem[R,0x00000000800061F8] -> 0x0000000080007210
x8 <- 0x0000000080007210

clint mtime 0x00000000000001D7 (mip.MTI <- 0b1, mip.STI <- 0b0)
mem[X,0x0000000080002384] -> 0x0333
mem[X,0x0000000080002386] -> 0x4083
[942] [M]: 0x0000000080002384 (0x40830333) sub x6, x6, x8                           Mtrap_sig_sv+16
x6 <- 0x0000000000000290

mem[X,0x0000000080002388] -> 0x3403
mem[X,0x000000008000238A] -> 0x1F81
[943] [M]: 0x0000000080002388 (0x1F813403) ld x8, 0x1f8(x2)                         Mtrap_sig_sv+20
mem[R,0x00000000800061F8] -> 0x0000000080007210
x8 <- 0x0000000080007210

clint mtime 0x00000000000001D8 (mip.MTI <- 0b1, mip.STI <- 0b0)
mem[X,0x000000008000238C] -> 0x0333
mem[X,0x000000008000238E] -> 0x0083
[944] [M]: 0x000000008000238C (0x00830333) add x6, x6, x8                           Mtrap_sig_sv+24
x6 <- 0x00000000800074A0

mem[X,0x0000000080002390] -> 0x3403
mem[X,0x0000000080002392] -> 0x2401
[945] [M]: 0x0000000080002390 (0x24013403) ld x8, 0x240(x2)                         Mtrap_sig_sv+28
mem[R,0x0000000080006240] -> 0x0000000080002100
x8 <- 0x0000000080002100

clint mtime 0x00000000000001D9 (mip.MTI <- 0b1, mip.STI <- 0b0)
mem[X,0x0000000080002394] -> 0x85B3
mem[X,0x0000000080002396] -> 0x4085
[946] [M]: 0x0000000080002394 (0x408585B3) sub x11, x11, x8                         sv_Mvect+0
x11 <- 0x000000000000010C

mem[X,0x0000000080002398] -> 0x9593
mem[X,0x000000008000239A] -> 0x0045
[947] [M]: 0x0000000080002398 (0x00459593) slli x11, x11, 0x4                       sv_Mvect+4
x11 <- 0x00000000000010C0

clint mtime 0x00000000000001DA (mip.MTI <- 0b1, mip.STI <- 0b0)
mem[X,0x000000008000239C] -> 0xE5B3
mem[X,0x000000008000239E] -> 0x0075
[948] [M]: 0x000000008000239C (0x0075E5B3) or x11, x11, x7                          sv_Mvect+8
x11 <- 0x00000000000010E0

mem[X,0x00000000800023A0] -> 0x8593
mem[X,0x00000000800023A2] -> 0x0035
[949] [M]: 0x00000000800023A0 (0x00358593) addi x11, x11, 0x3                       sv_Mvect+12
x11 <- 0x00000000000010E3

clint mtime 0x00000000000001DB (mip.MTI <- 0b1, mip.STI <- 0b0)
mem[X,0x00000000800023A4] -> 0x3023
mem[X,0x00000000800023A6] -> 0x00B3
[950] [M]: 0x00000000800023A4 (0x00B33023) sd x11, 0x0(x6)                          sv_Mvect+16
mem[W,0x00000000800074A0] <- 0x00000000000010E3

mem[X,0x00000000800023A8] -> 0x3423
mem[X,0x00000000800023AA] -> 0x00A3
[951] [M]: 0x00000000800023A8 (0x00A33423) sd x10, 0x8(x6)                          sv_Mcause+0
mem[W,0x00000000800074A8] <- 0x0000000000000005

clint mtime 0x00000000000001DC (mip.MTI <- 0b1, mip.STI <- 0b0)
mem[X,0x00000000800023AC] -> 0x4263
mem[X,0x00000000800023AE] -> 0x1A05
[952] [M]: 0x00000000800023AC (0x1A054263) blt x10, x0, 0x1a4                       sv_Mcause+4

mem[X,0x00000000800023B0] -> 0x25F3
mem[X,0x00000000800023B2] -> 0x3000
[953] [M]: 0x00000000800023B0 (0x300025F3) csrrs x11, mstatus, x0                   common_Mexcpt_handler+0
CSR mstatus (0x300) -> 0x0000000A00001800
x11 <- 0x0000000A00001800

clint mtime 0x00000000000001DD (mip.MTI <- 0b1, mip.STI <- 0b0)
mem[X,0x00000000800023B4] -> 0x9413
mem[X,0x00000000800023B6] -> 0x02E5
[954] [M]: 0x00000000800023B4 (0x02E59413) slli x8, x11, 0x2e                       common_Mexcpt_handler+4
x8 <- 0x0600000000000000

mem[X,0x00000000800023B8] -> 0x5463
mem[X,0x00000000800023BA] -> 0x0004
[955] [M]: 0x00000000800023B8 (0x00045463) bge x8, x0, 0x8                          common_Mexcpt_handler+8

clint mtime 0x00000000000001DE (mip.MTI <- 0b1, mip.STI <- 0b0)
mem[X,0x00000000800023C0] -> 0xD493
mem[X,0x00000000800023C2] -> 0x00B5
[956] [M]: 0x00000000800023C0 (0x00B5D493) srli x9, x11, 0xb                        common_Mexcpt_handler+16
x9 <- 0x0000000001400003

mem[X,0x00000000800023C4] -> 0xF493
mem[X,0x00000000800023C6] -> 0x0034
[957] [M]: 0x00000000800023C4 (0x0034F493) andi x9, x9, 0x3                         common_Mexcpt_handler+20
x9 <- 0x0000000000000003

clint mtime 0x00000000000001DF (mip.MTI <- 0b1, mip.STI <- 0b0)
mem[X,0x00000000800023C8] -> 0x8493
mem[X,0x00000000800023CA] -> 0x0014
[958] [M]: 0x00000000800023C8 (0x00148493) addi x9, x9, 0x1                         common_Mexcpt_handler+24
x9 <- 0x0000000000000004

mem[X,0x00000000800023CC] -> 0xF493
mem[X,0x00000000800023CE] -> 0x0044
[959] [M]: 0x00000000800023CC (0x0044F493) andi x9, x9, 0x4                         common_Mexcpt_handler+28
x9 <- 0x0000000000000004

clint mtime 0x00000000000001E0 (mip.MTI <- 0b1, mip.STI <- 0b0)
mem[X,0x00000000800023D0] -> 0x0593
mem[X,0x00000000800023D2] -> 0x05D0
[960] [M]: 0x00000000800023D0 (0x05D00593) addi x11, x0, 0x5d                       common_Mexcpt_handler+32
x11 <- 0x000000000000005D

mem[X,0x00000000800023D4] -> 0xD5B3
mem[X,0x00000000800023D6] -> 0x0095
[961] [M]: 0x00000000800023D4 (0x0095D5B3) srl x11, x11, x9                         common_Mexcpt_handler+36
x11 <- 0x0000000000000005

clint mtime 0x00000000000001E1 (mip.MTI <- 0b1, mip.STI <- 0b0)
mem[X,0x00000000800023D8] -> 0xF593
mem[X,0x00000000800023DA] -> 0x0015
[962] [M]: 0x00000000800023D8 (0x0015F593) andi x11, x11, 0x1                       common_Mexcpt_handler+40
x11 <- 0x0000000000000001

mem[X,0x00000000800023DC] -> 0x8EE3
mem[X,0x00000000800023DE] -> 0xF405
[963] [M]: 0x00000000800023DC (0xF4058EE3) beq x11, x0, -0xa4                       common_Mexcpt_handler+44

clint mtime 0x00000000000001E2 (mip.MTI <- 0b1, mip.STI <- 0b0)
mem[X,0x00000000800023E0] -> 0x0593
mem[X,0x00000000800023E2] -> 0x2980
[964] [M]: 0x00000000800023E0 (0x29800593) addi x11, x0, 0x298                      common_Mexcpt_handler+48
x11 <- 0x0000000000000298

mem[X,0x00000000800023E4] -> 0xF413
mem[X,0x00000000800023E6] -> 0x0014
[965] [M]: 0x00000000800023E4 (0x0014F413) andi x8, x9, 0x1                         common_Mexcpt_handler+52
x8 <- 0x0000000000000000

clint mtime 0x00000000000001E3 (mip.MTI <- 0b1, mip.STI <- 0b0)
mem[X,0x00000000800023E8] -> 0x95B3
mem[X,0x00000000800023EA] -> 0x0085
[966] [M]: 0x00000000800023E8 (0x008595B3) sll x11, x11, x8                         common_Mexcpt_handler+56
x11 <- 0x0000000000000298

mem[X,0x00000000800023EC] -> 0x9413
mem[X,0x00000000800023EE] -> 0x03D4
[967] [M]: 0x00000000800023EC (0x03D49413) slli x8, x9, 0x3d                        common_Mexcpt_handler+60
x8 <- 0x8000000000000000

clint mtime 0x00000000000001E4 (mip.MTI <- 0b1, mip.STI <- 0b0)
mem[X,0x00000000800023F0] -> 0x5413
mem[X,0x00000000800023F2] -> 0x43F4
[968] [M]: 0x00000000800023F0 (0x43F45413) srai x8, x8, 0x3f                        common_Mexcpt_handler+64
x8 <- 0xFFFFFFFFFFFFFFFF

mem[X,0x00000000800023F4] -> 0x4413
mem[X,0x00000000800023F6] -> 0xFFF4
[969] [M]: 0x00000000800023F4 (0xFFF44413) xori x8, x8, -0x1                        common_Mexcpt_handler+68
x8 <- 0x0000000000000000

clint mtime 0x00000000000001E5 (mip.MTI <- 0b1, mip.STI <- 0b0)
mem[X,0x00000000800023F8] -> 0xF4B3
mem[X,0x00000000800023FA] -> 0x0085
[970] [M]: 0x00000000800023F8 (0x0085F4B3) and x9, x11, x8                          common_Mexcpt_handler+72
x9 <- 0x0000000000000000

mem[X,0x00000000800023FC] -> 0x84B3
mem[X,0x00000000800023FE] -> 0x0024
[971] [M]: 0x00000000800023FC (0x002484B3) add x9, x9, x2                           vmem_adj_Mepc+0
x9 <- 0x0000000080006000

clint mtime 0x00000000000001E6 (mip.MTI <- 0b1, mip.STI <- 0b0)
mem[X,0x0000000080002400] -> 0x23F3
mem[X,0x0000000080002402] -> 0x3410
[972] [M]: 0x0000000080002400 (0x341023F3) csrrs x7, mepc, x0                       vmem_adj_Mepc+4
CSR mepc (0x341) -> 0x0000000080000760
x7 <- 0x0000000080000760

mem[X,0x0000000080002404] -> 0x0413
mem[X,0x0000000080002406] -> 0x0004
[973] [M]: 0x0000000080002404 (0x00040413) addi x8, x8, 0x0                         vmem_adj_Mepc+8
x8 <- 0x0000000000000000

clint mtime 0x00000000000001E7 (mip.MTI <- 0b1, mip.STI <- 0b0)
mem[X,0x0000000080002408] -> 0x006F
mem[X,0x000000008000240A] -> 0x0400
[974] [M]: 0x0000000080002408 (0x0400006F) jal x0, 0x40                             vmem_adj_Mepc+12

mem[X,0x0000000080002448] -> 0x8433
mem[X,0x000000008000244A] -> 0x4083
[975] [M]: 0x0000000080002448 (0x40838433) sub x8, x7, x8                           adj_Mepc+0
x8 <- 0x0000000080000760

clint mtime 0x00000000000001E8 (mip.MTI <- 0b1, mip.STI <- 0b0)
mem[X,0x000000008000244C] -> 0x3823
mem[X,0x000000008000244E] -> 0x0083
[976] [M]: 0x000000008000244C (0x00833823) sd x8, 0x10(x6)                          sv_Mepc+0
mem[W,0x00000000800074B0] <- 0x0000000080000760

mem[X,0x0000000080002450] -> 0x55B7
mem[X,0x0000000080002452] -> 0x0000
[977] [M]: 0x0000000080002450 (0x000055B7) lui x11, 0x5                             sv_Mepc+4
x11 <- 0x0000000000005000

clint mtime 0x00000000000001E9 (mip.MTI <- 0b1, mip.STI <- 0b0)
mem[X,0x0000000080002454] -> 0x8593
mem[X,0x0000000080002456] -> 0x6675
[978] [M]: 0x0000000080002454 (0x66758593) addi x11, x11, 0x667                     sv_Mepc+8
x11 <- 0x0000000000005667

mem[X,0x0000000080002458] -> 0x9593
mem[X,0x000000008000245A] -> 0x0015
[979] [M]: 0x0000000080002458 (0x00159593) slli x11, x11, 0x1                       sv_Mepc+12
x11 <- 0x000000000000ACCE

clint mtime 0x00000000000001EA (mip.MTI <- 0b1, mip.STI <- 0b0)
mem[X,0x000000008000245C] -> 0x9063
mem[X,0x000000008000245E] -> 0x02B1
[980] [M]: 0x000000008000245C (0x02B19063) bne x3, x11, 0x20                        sv_Mepc+16

mem[X,0x000000008000247C] -> 0xF593
mem[X,0x000000008000247E] -> 0xFFC3
[981] [M]: 0x000000008000247C (0xFFC3F593) andi x11, x7, -0x4                       adj_Mepc_rtn+0
x11 <- 0x0000000080000760

clint mtime 0x00000000000001EB (mip.MTI <- 0b1, mip.STI <- 0b0)
mem[X,0x0000000080002480] -> 0x8593
mem[X,0x0000000080002482] -> 0x0085
[982] [M]: 0x0000000080002480 (0x00858593) addi x11, x11, 0x8                       adj_Mepc_rtn+4
x11 <- 0x0000000080000768

mem[X,0x0000000080002484] -> 0x9073
mem[X,0x0000000080002486] -> 0x3415
[983] [M]: 0x0000000080002484 (0x34159073) csrrw x0, mepc, x11                      adj_Mepc_rtn+8
CSR mepc (0x341) <- 0x0000000080000768

clint mtime 0x00000000000001EC (mip.MTI <- 0b1, mip.STI <- 0b0)
mem[X,0x0000000080002488] -> 0x23F3
mem[X,0x000000008000248A] -> 0x3430
[984] [M]: 0x0000000080002488 (0x343023F3) csrrs x7, mtval, x0                      skp_adj_Mepc+0
CSR mtval (0x343) -> 0x0000000080002000
x7 <- 0x0000000080002000

mem[X,0x000000008000248C] -> 0x7513
mem[X,0x000000008000248E] -> 0x00F5
[985] [M]: 0x000000008000248C (0x00F57513) andi x10, x10, 0xf                       chk_Mtval+0
x10 <- 0x0000000000000005

clint mtime 0x00000000000001ED (mip.MTI <- 0b1, mip.STI <- 0b0)
mem[X,0x0000000080002490] -> 0x0437
mem[X,0x0000000080002492] -> 0x0000
[986] [M]: 0x0000000080002490 (0x00000437) lui x8, 0x0                              chk_Mtval+4
x8 <- 0x0000000000000000

mem[X,0x0000000080002494] -> 0x0413
mem[X,0x0000000080002496] -> 0x0004
[987] [M]: 0x0000000080002494 (0x00040413) addi x8, x8, 0x0                         chk_Mtval+8
x8 <- 0x0000000000000000

clint mtime 0x00000000000001EE (mip.MTI <- 0b1, mip.STI <- 0b0)
mem[X,0x0000000080002498] -> 0x1413
mem[X,0x000000008000249A] -> 0x00B4
[988] [M]: 0x0000000080002498 (0x00B41413) slli x8, x8, 0xb                         chk_Mtval+12
x8 <- 0x0000000000000000

mem[X,0x000000008000249C] -> 0x0413
mem[X,0x000000008000249E] -> 0x0004
[989] [M]: 0x000000008000249C (0x00040413) addi x8, x8, 0x0                         chk_Mtval+16
x8 <- 0x0000000000000000

clint mtime 0x00000000000001EF (mip.MTI <- 0b1, mip.STI <- 0b0)
mem[X,0x00000000800024A0] -> 0x1413
mem[X,0x00000000800024A2] -> 0x00B4
[990] [M]: 0x00000000800024A0 (0x00B41413) slli x8, x8, 0xb                         chk_Mtval+20
x8 <- 0x0000000000000000

mem[X,0x00000000800024A4] -> 0x0413
mem[X,0x00000000800024A6] -> 0x02C4
[991] [M]: 0x00000000800024A4 (0x02C40413) addi x8, x8, 0x2c                        chk_Mtval+24
x8 <- 0x000000000000002C

clint mtime 0x00000000000001F0 (mip.MTI <- 0b1, mip.STI <- 0b0)
mem[X,0x00000000800024A8] -> 0x1413
mem[X,0x00000000800024AA] -> 0x00A4
[992] [M]: 0x00000000800024A8 (0x00A41413) slli x8, x8, 0xa                         chk_Mtval+28
x8 <- 0x000000000000B000

mem[X,0x00000000800024AC] -> 0x0413
mem[X,0x00000000800024AE] -> 0x0FB4
[993] [M]: 0x00000000800024AC (0x0FB40413) addi x8, x8, 0xfb                        chk_Mtval+32
x8 <- 0x000000000000B0FB

clint mtime 0x00000000000001F1 (mip.MTI <- 0b1, mip.STI <- 0b0)
mem[X,0x00000000800024B0] -> 0x5433
mem[X,0x00000000800024B2] -> 0x00A4
[994] [M]: 0x00000000800024B0 (0x00A45433) srl x8, x8, x10                          chk_Mtval+36
x8 <- 0x0000000000000587

mem[X,0x00000000800024B4] -> 0x1413
mem[X,0x00000000800024B6] -> 0x03F4
[995] [M]: 0x00000000800024B4 (0x03F41413) slli x8, x8, 0x3f                        chk_Mtval+40
x8 <- 0x8000000000000000

clint mtime 0x00000000000001F2 (mip.MTI <- 0b1, mip.STI <- 0b0)
mem[X,0x00000000800024B8] -> 0x5C63
mem[X,0x00000000800024BA] -> 0x0404
[996] [M]: 0x00000000800024B8 (0x04045C63) bge x8, x0, 0x58                         chk_Mtval+44

mem[X,0x00000000800024BC] -> 0xB403
mem[X,0x00000000800024BE] -> 0x2084
[997] [M]: 0x00000000800024BC (0x2084B403) ld x8, 0x208(x9)                         vmem_adj_Mtval+0
mem[R,0x0000000080006208] -> 0x00000000800003B4
x8 <- 0x00000000800003B4

clint mtime 0x00000000000001F3 (mip.MTI <- 0b1, mip.STI <- 0b0)
mem[X,0x00000000800024C0] -> 0xB583
mem[X,0x00000000800024C2] -> 0x2104
[998] [M]: 0x00000000800024C0 (0x2104B583) ld x11, 0x210(x9)                        vmem_adj_Mtval+4
mem[R,0x0000000080006210] -> 0x0000000000001C5C
x11 <- 0x0000000000001C5C

mem[X,0x00000000800024C4] -> 0x85B3
mem[X,0x00000000800024C6] -> 0x0085
[999] [M]: 0x00000000800024C4 (0x008585B3) add x11, x11, x8                         vmem_adj_Mtval+8
x11 <- 0x0000000080002010

clint mtime 0x00000000000001F4 (mip.MTI <- 0b1, mip.STI <- 0b0)
mem[X,0x00000000800024C8] -> 0xF463
mem[X,0x00000000800024CA] -> 0x00B3
[1000] [M]: 0x00000000800024C8 (0x00B3F463) bgeu x7, x11, 0x8                       vmem_adj_Mtval+12

mem[X,0x00000000800024CC] -> 0xF063
mem[X,0x00000000800024CE] -> 0x0483
[1001] [M]: 0x00000000800024CC (0x0483F063) bgeu x7, x8, 0x40                       vmem_adj_Mtval+16

clint mtime 0x00000000000001F5 (mip.MTI <- 0b1, mip.STI <- 0b0)
mem[X,0x000000008000250C] -> 0x8433
mem[X,0x000000008000250E] -> 0x4083
[1002] [M]: 0x000000008000250C (0x40838433) sub x8, x7, x8                          adj_Mtval+0
x8 <- 0x0000000000001C4C

mem[X,0x0000000080002510] -> 0x3C23
mem[X,0x0000000080002512] -> 0x0083
[1003] [M]: 0x0000000080002510 (0x00833C23) sd x8, 0x18(x6)                         sv_Mtval+0
mem[W,0x00000000800074B8] <- 0x0000000000001C4C

clint mtime 0x00000000000001F6 (mip.MTI <- 0b1, mip.STI <- 0b0)
mem[X,0x0000000080002514] -> 0x3483
mem[X,0x0000000080002516] -> 0x2181
[1004] [M]: 0x0000000080002514 (0x21813483) ld x9, 0x218(x2)                        skp_Mtval+0
mem[R,0x0000000080006218] -> 0x00000000800074C0
x9 <- 0x00000000800074C0

mem[X,0x0000000080002518] -> 0x3383
mem[X,0x000000008000251A] -> 0x1F81
[1005] [M]: 0x0000000080002518 (0x1F813383) ld x7, 0x1f8(x2)                        skp_Mtval+4
mem[R,0x00000000800061F8] -> 0x0000000080007210
x7 <- 0x0000000080007210

clint mtime 0x00000000000001F7 (mip.MTI <- 0b1, mip.STI <- 0b0)
mem[X,0x000000008000251C] -> 0x3303
mem[X,0x000000008000251E] -> 0x2001
[1006] [M]: 0x000000008000251C (0x20013303) ld x6, 0x200(x2)                        skp_Mtval+8
mem[R,0x0000000080006200] -> 0x0000000000000A20
x6 <- 0x0000000000000A20

mem[X,0x0000000080002520] -> 0x0333
mem[X,0x0000000080002522] -> 0x0073
[1007] [M]: 0x0000000080002520 (0x00730333) add x6, x6, x7                          skp_Mtval+12
x6 <- 0x0000000080007C30

clint mtime 0x00000000000001F8 (mip.MTI <- 0b1, mip.STI <- 0b0)
mem[X,0x0000000080002524] -> 0x6AE3
mem[X,0x0000000080002526] -> 0xAE93
[1008] [M]: 0x0000000080002524 (0xAE936AE3) bltu x6, x9, -0x50c                     skp_Mtval+16

mem[X,0x0000000080002528] -> 0x0393
mem[X,0x000000008000252A] -> 0x2000
[1009] [M]: 0x0000000080002528 (0x20000393) addi x7, x0, 0x200                      skp_Mtval+20
x7 <- 0x0000000000000200

clint mtime 0x00000000000001F9 (mip.MTI <- 0b1, mip.STI <- 0b0)
mem[X,0x000000008000252C] -> 0x006F
mem[X,0x000000008000252E] -> 0x0400
[1010] [M]: 0x000000008000252C (0x0400006F) jal x0, 0x40                            skp_Mtval+24

mem[X,0x000000008000256C] -> 0x0417
mem[X,0x000000008000256E] -> 0x0000
[1011] [M]: 0x000000008000256C (0x00000417) auipc x8, 0x0                           spcl_Mhandler+0
x8 <- 0x000000008000256C

clint mtime 0x00000000000001FA (mip.MTI <- 0b1, mip.STI <- 0b0)
mem[X,0x0000000080002570] -> 0x0413
mem[X,0x0000000080002572] -> 0x03C4
[1012] [M]: 0x0000000080002570 (0x03C40413) addi x8, x8, 0x3c                       spcl_Mhandler+4
x8 <- 0x00000000800025A8

mem[X,0x0000000080002574] -> 0x0433
mem[X,0x0000000080002576] -> 0x0074
[1013] [M]: 0x0000000080002574 (0x00740433) add x8, x8, x7                          spcl_Mhandler+8
x8 <- 0x00000000800027A8

clint mtime 0x00000000000001FB (mip.MTI <- 0b1, mip.STI <- 0b0)
mem[X,0x0000000080002578] -> 0x1393
mem[X,0x000000008000257A] -> 0x0035
[1014] [M]: 0x0000000080002578 (0x00351393) slli x7, x10, 0x3                       spcl_Mhandler+12
x7 <- 0x0000000000000028

mem[X,0x000000008000257C] -> 0x0433
mem[X,0x000000008000257E] -> 0x0074
[1015] [M]: 0x000000008000257C (0x00740433) add x8, x8, x7                          spcl_Mhandler+16
x8 <- 0x00000000800027D0

clint mtime 0x00000000000001FC (mip.MTI <- 0b1, mip.STI <- 0b0)
mem[X,0x0000000080002580] -> 0x7413
mem[X,0x0000000080002582] -> 0xFF84
[1016] [M]: 0x0000000080002580 (0xFF847413) andi x8, x8, -0x8                       spcl_Mhandler+20
x8 <- 0x00000000800027D0

mem[X,0x0000000080002584] -> 0x3403
mem[X,0x0000000080002586] -> 0x0004
[1017] [M]: 0x0000000080002584 (0x00043403) ld x8, 0x0(x8)                          spcl_Mhandler+24
mem[R,0x00000000800027D0] -> 0x000000000000000B
x8 <- 0x000000000000000B

clint mtime 0x00000000000001FD (mip.MTI <- 0b1, mip.STI <- 0b0)
mem[X,0x0000000080002588] -> 0x02E3
mem[X,0x000000008000258A] -> 0xB204
[1018] [M]: 0x0000000080002588 (0xB20402E3) beq x8, x0, -0x4dc                      spcl_Mdispatch_hndling+0

mem[X,0x000000008000258C] -> 0x1393
mem[X,0x000000008000258E] -> 0x03F4
[1019] [M]: 0x000000008000258C (0x03F41393) slli x7, x8, 0x3f                       spcl_Mdispatch_hndling+4
x7 <- 0x8000000000000000

clint mtime 0x00000000000001FE (mip.MTI <- 0b1, mip.STI <- 0b0)
mem[X,0x0000000080002590] -> 0xD863
mem[X,0x0000000080002592] -> 0x0003
[1020] [M]: 0x0000000080002590 (0x0003D863) bge x7, x0, 0x10                        spcl_Mdispatch_hndling+8

mem[X,0x0000000080002594] -> 0x5413
mem[X,0x0000000080002596] -> 0x0014
[1021] [M]: 0x0000000080002594 (0x00145413) srli x8, x8, 0x1                        spcl_Mdispatch_hndling+12
x8 <- 0x0000000000000005

clint mtime 0x00000000000001FF (mip.MTI <- 0b1, mip.STI <- 0b0)
mem[X,0x0000000080002598] -> 0x0CE3
mem[X,0x000000008000259A] -> 0xF885
[1022] [M]: 0x0000000080002598 (0xF8850CE3) beq x10, x8, -0x68                      spcl_Mdispatch_hndling+16

mem[X,0x0000000080002530] -> 0x3303
mem[X,0x0000000080002532] -> 0x2601
[1023] [M]: 0x0000000080002530 (0x26013303) ld x6, 0x260(x2)                        resto_Mrtn+0
mem[R,0x0000000080006260] -> 0x000000001FDDB7D5
x6 <- 0x000000001FDDB7D5

clint mtime 0x0000000000000200 (mip.MTI <- 0b1, mip.STI <- 0b0)
mem[X,0x0000000080002534] -> 0x3383
mem[X,0x0000000080002536] -> 0x2681
[1024] [M]: 0x0000000080002534 (0x26813383) ld x7, 0x268(x2)                        resto_Mrtn+4
mem[R,0x0000000080006268] -> 0x00000000003FBB6F
x7 <- 0x00000000003FBB6F

mem[X,0x0000000080002538] -> 0x3403
mem[X,0x000000008000253A] -> 0x2701
[1025] [M]: 0x0000000080002538 (0x27013403) ld x8, 0x270(x2)                        resto_Mrtn+8
mem[R,0x0000000080006270] -> 0x0000000000007F76
x8 <- 0x0000000000007F76

clint mtime 0x0000000000000201 (mip.MTI <- 0b1, mip.STI <- 0b0)
mem[X,0x000000008000253C] -> 0x3483
mem[X,0x000000008000253E] -> 0x2781
[1026] [M]: 0x000000008000253C (0x27813483) ld x9, 0x278(x2)                        resto_Mrtn+12
mem[R,0x0000000080006278] -> 0x00000000000000FE
x9 <- 0x00000000000000FE

mem[X,0x0000000080002540] -> 0x3503
mem[X,0x0000000080002542] -> 0x2801
[1027] [M]: 0x0000000080002540 (0x28013503) ld x10, 0x280(x2)                       resto_Mrtn+16
mem[R,0x0000000080006280] -> 0x0000000000000001
x10 <- 0x0000000000000001

clint mtime 0x0000000000000202 (mip.MTI <- 0b1, mip.STI <- 0b0)
mem[X,0x0000000080002544] -> 0x3583
mem[X,0x0000000080002546] -> 0x2881
[1028] [M]: 0x0000000080002544 (0x28813583) ld x11, 0x288(x2)                       resto_Mrtn+20
mem[R,0x0000000080006288] -> 0x0000000000000000
x11 <- 0x0000000000000000

mem[X,0x0000000080002548] -> 0x3103
mem[X,0x000000008000254A] -> 0x2901
[1029] [M]: 0x0000000080002548 (0x29013103) ld x2, 0x290(x2)                        resto_Mrtn+24
mem[R,0x0000000080006290] -> 0x01FDDB7D5BFDDB7F
x2 <- 0x01FDDB7D5BFDDB7F

clint mtime 0x0000000000000203 (mip.MTI <- 0b1, mip.STI <- 0b0)
mem[X,0x000000008000254C] -> 0x0073
mem[X,0x000000008000254E] -> 0x3020
[1030] [M]: 0x000000008000254C (0x30200073) mret                                    resto_Mrtn+28
CSR mstatus (0x300) <- 0x0000000A00000080
ret-ing from M to M

mem[X,0x0000000080000768] -> 0x0013
mem[X,0x000000008000076A] -> 0x0000
[1031] [M]: 0x0000000080000768 (0x00000013) addi x0, x0, 0x0                        main+904

clint mtime 0x0000000000000204 (mip.MTI <- 0b1, mip.STI <- 0b0)
mem[X,0x000000008000076C] -> 0xB023
mem[X,0x000000008000076E] -> 0x06E6
[1032] [M]: 0x000000008000076C (0x06E6B023) sd x14, 0x60(x13)                       main+908
mem[W,0x0000000080007278] <- 0x0000000000000013

mem[X,0x0000000080000770] -> 0x8793
mem[X,0x0000000080000772] -> 0xFFC7
[1033] [M]: 0x0000000080000770 (0xFFC78793) addi x15, x15, -0x4                     main+912
x15 <- 0x0000000080001FFC

clint mtime 0x0000000000000205 (mip.MTI <- 0b1, mip.STI <- 0b0)
mem[X,0x0000000080000774] -> 0xA703
mem[X,0x0000000080000776] -> 0x0007
[1034] [M]: 0x0000000080000774 (0x0007A703) lw x14, 0x0(x15)                        main+916
mem[R,0x0000000080001FFC] -> 0x00000013
x14 <- 0x0000000000000013

mem[X,0x0000000080000778] -> 0x0013
mem[X,0x000000008000077A] -> 0x0000
[1035] [M]: 0x0000000080000778 (0x00000013) addi x0, x0, 0x0                        main+920

clint mtime 0x0000000000000206 (mip.MTI <- 0b1, mip.STI <- 0b0)
mem[X,0x000000008000077C] -> 0x0013
mem[X,0x000000008000077E] -> 0x0000
[1036] [M]: 0x000000008000077C (0x00000013) addi x0, x0, 0x0                        main+924

mem[X,0x0000000080000780] -> 0xB423
mem[X,0x0000000080000782] -> 0x06E6
[1037] [M]: 0x0000000080000780 (0x06E6B423) sd x14, 0x68(x13)                       main+928
mem[W,0x0000000080007280] <- 0x0000000000000013

clint mtime 0x0000000000000207 (mip.MTI <- 0b1, mip.STI <- 0b0)
mem[X,0x0000000080000784] -> 0x8793
mem[X,0x0000000080000786] -> 0x0087
[1038] [M]: 0x0000000080000784 (0x00878793) addi x15, x15, 0x8                      main+932
x15 <- 0x0000000080002004

mem[X,0x0000000080000788] -> 0xA703
mem[X,0x000000008000078A] -> 0x0007
[1039] [M]: 0x0000000080000788 (0x0007A703) lw x14, 0x0(x15)                        main+936
mem[R,0x0000000080002004] -> 0x00000013
x14 <- 0x0000000000000013

clint mtime 0x0000000000000208 (mip.MTI <- 0b1, mip.STI <- 0b0)
mem[X,0x000000008000078C] -> 0x0013
mem[X,0x000000008000078E] -> 0x0000
[1040] [M]: 0x000000008000078C (0x00000013) addi x0, x0, 0x0                        main+940

mem[X,0x0000000080000790] -> 0x0013
mem[X,0x0000000080000792] -> 0x0000
[1041] [M]: 0x0000000080000790 (0x00000013) addi x0, x0, 0x0                        main+944

clint mtime 0x0000000000000209 (mip.MTI <- 0b1, mip.STI <- 0b0)
mem[X,0x0000000080000794] -> 0xB823
mem[X,0x0000000080000796] -> 0x06E6
[1042] [M]: 0x0000000080000794 (0x06E6B823) sd x14, 0x70(x13)                       main+948
mem[W,0x0000000080007288] <- 0x0000000000000013

mem[X,0x0000000080000798] -> 0x0013
mem[X,0x000000008000079A] -> 0x0000
[1043] [M]: 0x0000000080000798 (0x00000013) addi x0, x0, 0x0                        main+952

clint mtime 0x000000000000020A (mip.MTI <- 0b1, mip.STI <- 0b0)
mem[X,0x000000008000079C] -> 0x0013
mem[X,0x000000008000079E] -> 0x0000
[1044] [M]: 0x000000008000079C (0x00000013) addi x0, x0, 0x0                        main+956

mem[X,0x00000000800007A0] -> 0x12B7
mem[X,0x00000000800007A2] -> 0x2000
[1045] [M]: 0x00000000800007A0 (0x200012B7) lui x5, 0x20001                         main+960
x5 <- 0x0000000020001000

clint mtime 0x000000000000020B (mip.MTI <- 0b1, mip.STI <- 0b0)
mem[X,0x00000000800007A4] -> 0x829B
mem[X,0x00000000800007A6] -> 0x8002
[1046] [M]: 0x00000000800007A4 (0x8002829B) addiw x5, x5, -0x800                    main+964
x5 <- 0x0000000020000800

mem[X,0x00000000800007A8] -> 0x0001
[1047] [M]: 0x00000000800007A8 (0x0001) c.nop                                       main+968

clint mtime 0x000000000000020C (mip.MTI <- 0b1, mip.STI <- 0b0)
mem[X,0x00000000800007AA] -> 0x0013
mem[X,0x00000000800007AC] -> 0x0000
[1048] [M]: 0x00000000800007AA (0x00000013) addi x0, x0, 0x0                        main+970

mem[X,0x00000000800007AE] -> 0x0013
mem[X,0x00000000800007B0] -> 0x0000
[1049] [M]: 0x00000000800007AE (0x00000013) addi x0, x0, 0x0                        main+974

clint mtime 0x000000000000020D (mip.MTI <- 0b1, mip.STI <- 0b0)
mem[X,0x00000000800007B2] -> 0x0013
mem[X,0x00000000800007B4] -> 0x0000
[1050] [M]: 0x00000000800007B2 (0x00000013) addi x0, x0, 0x0                        main+978

mem[X,0x00000000800007B6] -> 0x0013
mem[X,0x00000000800007B8] -> 0x0000
[1051] [M]: 0x00000000800007B6 (0x00000013) addi x0, x0, 0x0                        main+982

clint mtime 0x000000000000020E (mip.MTI <- 0b1, mip.STI <- 0b0)
mem[X,0x00000000800007BA] -> 0x0013
mem[X,0x00000000800007BC] -> 0x0000
[1052] [M]: 0x00000000800007BA (0x00000013) addi x0, x0, 0x0                        main+986

mem[X,0x00000000800007BE] -> 0x0001
[1053] [M]: 0x00000000800007BE (0x0001) c.nop                                       main+990

clint mtime 0x000000000000020F (mip.MTI <- 0b1, mip.STI <- 0b0)
mem[X,0x00000000800007C0] -> 0x9073
mem[X,0x00000000800007C2] -> 0x3B92
[1054] [M]: 0x00000000800007C0 (0x3B929073) csrrw x0, pmpaddr9, x5                  main+992
CSR pmpaddr9 (0x3B9) <- 0x0000000020000800

mem[X,0x00000000800007C4] -> 0x0213
mem[X,0x00000000800007C6] -> 0x0090
[1055] [M]: 0x00000000800007C4 (0x00900213) addi x4, x0, 0x9                        main+996
x4 <- 0x0000000000000009

clint mtime 0x0000000000000210 (mip.MTI <- 0b1, mip.STI <- 0b0)
mem[X,0x00000000800007C8] -> 0x1213
mem[X,0x00000000800007CA] -> 0x00C2
[1056] [M]: 0x00000000800007C8 (0x00C21213) slli x4, x4, 0xc                        main+1000
x4 <- 0x0000000000009000

mem[X,0x00000000800007CC] -> 0x1073
mem[X,0x00000000800007CE] -> 0x3A22
[1057] [M]: 0x00000000800007CC (0x3A221073) csrrw x0, pmpcfg2, x4                   main+1004
CSR pmpcfg2 (0x3A2) <- 0x9F90909090909000

clint mtime 0x0000000000000211 (mip.MTI <- 0b1, mip.STI <- 0b0)
mem[X,0x00000000800007D0] -> 0x0013
mem[X,0x00000000800007D2] -> 0x0000
[1058] [M]: 0x00000000800007D0 (0x00000013) addi x0, x0, 0x0                        main+1008

mem[X,0x00000000800007D4] -> 0x0013
mem[X,0x00000000800007D6] -> 0x0000
[1059] [M]: 0x00000000800007D4 (0x00000013) addi x0, x0, 0x0                        main+1012

clint mtime 0x0000000000000212 (mip.MTI <- 0b1, mip.STI <- 0b0)
mem[X,0x00000000800007D8] -> 0x0013
mem[X,0x00000000800007DA] -> 0x0000
[1060] [M]: 0x00000000800007D8 (0x00000013) addi x0, x0, 0x0                        main+1016

mem[X,0x00000000800007DC] -> 0x0013
mem[X,0x00000000800007DE] -> 0x0000
[1061] [M]: 0x00000000800007DC (0x00000013) addi x0, x0, 0x0                        main+1020

clint mtime 0x0000000000000213 (mip.MTI <- 0b1, mip.STI <- 0b0)
mem[X,0x00000000800007E0] -> 0x2797
mem[X,0x00000000800007E2] -> 0x0000
[1062] [M]: 0x00000000800007E0 (0x00002797) auipc x15, 0x2                          main+1024
x15 <- 0x00000000800027E0

mem[X,0x00000000800007E4] -> 0x8793
mem[X,0x00000000800007E6] -> 0x8207
[1063] [M]: 0x00000000800007E4 (0x82078793) addi x15, x15, -0x7e0                   main+1028
x15 <- 0x0000000080002000

clint mtime 0x0000000000000214 (mip.MTI <- 0b1, mip.STI <- 0b0)
mem[X,0x00000000800007E8] -> 0x0001
[1064] [M]: 0x00000000800007E8 (0x0001) c.nop                                       main+1032

mem[X,0x00000000800007EA] -> 0x0013
mem[X,0x00000000800007EC] -> 0x0000
[1065] [M]: 0x00000000800007EA (0x00000013) addi x0, x0, 0x0                        main+1034

clint mtime 0x0000000000000215 (mip.MTI <- 0b1, mip.STI <- 0b0)
mem[X,0x00000000800007EE] -> 0x0013
mem[X,0x00000000800007F0] -> 0x0000
[1066] [M]: 0x00000000800007EE (0x00000013) addi x0, x0, 0x0                        main+1038

mem[X,0x00000000800007F2] -> 0x0013
mem[X,0x00000000800007F4] -> 0x0000
[1067] [M]: 0x00000000800007F2 (0x00000013) addi x0, x0, 0x0                        main+1042

clint mtime 0x0000000000000216 (mip.MTI <- 0b1, mip.STI <- 0b0)
mem[X,0x00000000800007F6] -> 0x0013
mem[X,0x00000000800007F8] -> 0x0000
[1068] [M]: 0x00000000800007F6 (0x00000013) addi x0, x0, 0x0                        main+1046

mem[X,0x00000000800007FA] -> 0x0013
mem[X,0x00000000800007FC] -> 0x0000
[1069] [M]: 0x00000000800007FA (0x00000013) addi x0, x0, 0x0                        main+1050

clint mtime 0x0000000000000217 (mip.MTI <- 0b1, mip.STI <- 0b0)
mem[X,0x00000000800007FE] -> 0x0001
[1070] [M]: 0x00000000800007FE (0x0001) c.nop                                       main+1054

mem[X,0x0000000080000800] -> 0xA703
mem[X,0x0000000080000802] -> 0x0007
[1071] [M]: 0x0000000080000800 (0x0007A703) lw x14, 0x0(x15)                        main+1056
trapping from M to M to handle load-access-fault
handling exc#load-access-fault at priv M with tval 0x0000000080002000
CSR mstatus (0x300) <- 0x0000000A00001800
CSR mcause (0x342) <- 0x0000000000000005
CSR mtval (0x343) <- 0x0000000080002000
CSR mepc (0x341) <- 0x0000000080000800

clint mtime 0x0000000000000218 (mip.MTI <- 0b1, mip.STI <- 0b0)
mem[X,0x0000000080002100] -> 0x006F
mem[X,0x0000000080002102] -> 0x1000
[1072] [M]: 0x0000000080002100 (0x1000006F) jal x0, 0x100                           Mtrampoline+0

mem[X,0x0000000080002200] -> 0x1173
mem[X,0x0000000080002202] -> 0x3401
[1073] [M]: 0x0000000080002200 (0x34011173) csrrw x2, mscratch, x2                  trap_Mhandler+0
CSR mscratch (0x340) <- 0x01FDDB7D5BFDDB7F
x2 <- 0x0000000080006000

clint mtime 0x0000000000000219 (mip.MTI <- 0b1, mip.STI <- 0b0)
mem[X,0x0000000080002204] -> 0x3423
mem[X,0x0000000080002206] -> 0x28B1
[1074] [M]: 0x0000000080002204 (0x28B13423) sd x11, 0x288(x2)                       trap_Mhandler+4
mem[W,0x0000000080006288] <- 0x0000000000000000

mem[X,0x0000000080002208] -> 0x05EF
mem[X,0x000000008000220A] -> 0x0B80
[1075] [M]: 0x0000000080002208 (0x0B8005EF) jal x11, 0xb8                           trap_Mhandler+8
x11 <- 0x000000008000220C

clint mtime 0x000000000000021A (mip.MTI <- 0b1, mip.STI <- 0b0)
mem[X,0x00000000800022C0] -> 0x3023
mem[X,0x00000000800022C2] -> 0x28A1
[1076] [M]: 0x00000000800022C0 (0x28A13023) sd x10, 0x280(x2)                       common_Mhandler+0
mem[W,0x0000000080006280] <- 0x0000000000000001

mem[X,0x00000000800022C4] -> 0x1573
mem[X,0x00000000800022C6] -> 0x3401
[1077] [M]: 0x00000000800022C4 (0x34011573) csrrw x10, mscratch, x2                 common_Mhandler+4
CSR mscratch (0x340) <- 0x0000000080006000
x10 <- 0x01FDDB7D5BFDDB7F

clint mtime 0x000000000000021B (mip.MTI <- 0b1, mip.STI <- 0b0)
mem[X,0x00000000800022C8] -> 0x3823
mem[X,0x00000000800022CA] -> 0x28A1
[1078] [M]: 0x00000000800022C8 (0x28A13823) sd x10, 0x290(x2)                       common_Mhandler+8
mem[W,0x0000000080006290] <- 0x01FDDB7D5BFDDB7F

mem[X,0x00000000800022CC] -> 0x3503
mem[X,0x00000000800022CE] -> 0x2301
[1079] [M]: 0x00000000800022CC (0x23013503) ld x10, 0x230(x2)                       common_Mhandler+12
mem[R,0x0000000080006230] -> 0x00000000800022D4
x10 <- 0x00000000800022D4

clint mtime 0x000000000000021C (mip.MTI <- 0b1, mip.STI <- 0b0)
mem[X,0x00000000800022D0] -> 0x0067
mem[X,0x00000000800022D2] -> 0x0005
[1080] [M]: 0x00000000800022D0 (0x00050067) jalr x0, 0x0(x10)                       common_Mhandler+16

mem[X,0x00000000800022D4] -> 0x3C23
mem[X,0x00000000800022D6] -> 0x2691
[1081] [M]: 0x00000000800022D4 (0x26913C23) sd x9, 0x278(x2)                        common_Mentry+0
mem[W,0x0000000080006278] <- 0x00000000000000FE

clint mtime 0x000000000000021D (mip.MTI <- 0b1, mip.STI <- 0b0)
mem[X,0x00000000800022D8] -> 0x3823
mem[X,0x00000000800022DA] -> 0x2681
[1082] [M]: 0x00000000800022D8 (0x26813823) sd x8, 0x270(x2)                        common_Mentry+4
mem[W,0x0000000080006270] <- 0x0000000000007F76

mem[X,0x00000000800022DC] -> 0x3423
mem[X,0x00000000800022DE] -> 0x2671
[1083] [M]: 0x00000000800022DC (0x26713423) sd x7, 0x268(x2)                        common_Mentry+8
mem[W,0x0000000080006268] <- 0x00000000003FBB6F

clint mtime 0x000000000000021E (mip.MTI <- 0b1, mip.STI <- 0b0)
mem[X,0x00000000800022E0] -> 0x3023
mem[X,0x00000000800022E2] -> 0x2661
[1084] [M]: 0x00000000800022E0 (0x26613023) sd x6, 0x260(x2)                        common_Mentry+12
mem[W,0x0000000080006260] <- 0x000000001FDDB7D5

mem[X,0x00000000800022E4] -> 0x2573
mem[X,0x00000000800022E6] -> 0x3420
[1085] [M]: 0x00000000800022E4 (0x34202573) csrrs x10, mcause, x0                   spcl_M2mmode_test+0
CSR mcause (0x342) -> 0x0000000000000005
x10 <- 0x0000000000000005

clint mtime 0x000000000000021F (mip.MTI <- 0b1, mip.STI <- 0b0)
mem[X,0x00000000800022E8] -> 0x04B7
mem[X,0x00000000800022EA] -> 0x8000
[1086] [M]: 0x00000000800022E8 (0x800004B7) lui x9, -0x80000                        spcl_M2mmode_test+4
x9 <- 0xFFFFFFFF80000000

mem[X,0x00000000800022EC] -> 0x8493
mem[X,0x00000000800022EE] -> 0x0004
[1087] [M]: 0x00000000800022EC (0x00048493) addi x9, x9, 0x0                        spcl_M2mmode_test+8
x9 <- 0xFFFFFFFF80000000

clint mtime 0x0000000000000220 (mip.MTI <- 0b1, mip.STI <- 0b0)
mem[X,0x00000000800022F0] -> 0x9493
mem[X,0x00000000800022F2] -> 0x00B4
[1088] [M]: 0x00000000800022F0 (0x00B49493) slli x9, x9, 0xb                        spcl_M2mmode_test+12
x9 <- 0xFFFFFC0000000000

mem[X,0x00000000800022F4] -> 0x8493
mem[X,0x00000000800022F6] -> 0x0004
[1089] [M]: 0x00000000800022F4 (0x00048493) addi x9, x9, 0x0                        spcl_M2mmode_test+16
x9 <- 0xFFFFFC0000000000

clint mtime 0x0000000000000221 (mip.MTI <- 0b1, mip.STI <- 0b0)
mem[X,0x00000000800022F8] -> 0x9493
mem[X,0x00000000800022FA] -> 0x00B4
[1090] [M]: 0x00000000800022F8 (0x00B49493) slli x9, x9, 0xb                        spcl_M2mmode_test+20
x9 <- 0xFFE0000000000000

mem[X,0x00000000800022FC] -> 0x8493
mem[X,0x00000000800022FE] -> 0x0034
[1091] [M]: 0x00000000800022FC (0x00348493) addi x9, x9, 0x3                        spcl_M2mmode_test+24
x9 <- 0xFFE0000000000003

clint mtime 0x0000000000000222 (mip.MTI <- 0b1, mip.STI <- 0b0)
mem[X,0x0000000080002300] -> 0x9493
mem[X,0x0000000080002302] -> 0x00A4
[1092] [M]: 0x0000000080002300 (0x00A49493) slli x9, x9, 0xa                        spcl_M2mmode_test+28
x9 <- 0x8000000000000C00

mem[X,0x0000000080002304] -> 0x8493
mem[X,0x0000000080002306] -> 0x3FC4
[1093] [M]: 0x0000000080002304 (0x3FC48493) addi x9, x9, 0x3fc                      spcl_M2mmode_test+32
x9 <- 0x8000000000000FFC

clint mtime 0x0000000000000223 (mip.MTI <- 0b1, mip.STI <- 0b0)
mem[X,0x0000000080002308] -> 0xF4B3
mem[X,0x000000008000230A] -> 0x00A4
[1094] [M]: 0x0000000080002308 (0x00A4F4B3) and x9, x9, x10                         spcl_M2mmode_test+36
x9 <- 0x0000000000000004

mem[X,0x000000008000230C] -> 0x8493
mem[X,0x000000008000230E] -> 0xFF84
[1095] [M]: 0x000000008000230C (0xFF848493) addi x9, x9, -0x8                       spcl_M2mmode_test+40
x9 <- 0xFFFFFFFFFFFFFFFC

clint mtime 0x0000000000000224 (mip.MTI <- 0b1, mip.STI <- 0b0)
mem[X,0x0000000080002310] -> 0x9663
mem[X,0x0000000080002312] -> 0x0004
[1096] [M]: 0x0000000080002310 (0x00049663) bne x9, x0, 0xc                         spcl_M2mmode_test+44

mem[X,0x000000008000231C] -> 0x0393
mem[X,0x000000008000231E] -> 0x0200
[1097] [M]: 0x000000008000231C (0x02000393) addi x7, x0, 0x20                       Mtrapsig_ptr_upd+0
x7 <- 0x0000000000000020

clint mtime 0x0000000000000225 (mip.MTI <- 0b1, mip.STI <- 0b0)
mem[X,0x0000000080002320] -> 0x5263
mem[X,0x0000000080002322] -> 0x0405
[1098] [M]: 0x0000000080002320 (0x04055263) bge x10, x0, 0x44                       Mtrapsig_ptr_upd+4

mem[X,0x0000000080002364] -> 0x2373
mem[X,0x0000000080002366] -> 0x3010
[1099] [M]: 0x0000000080002364 (0x30102373) csrrs x6, misa, x0                      Mxcpt_sig_sv+0
CSR misa (0x301) -> 0x800000000034112F
x6 <- 0x800000000034112F

clint mtime 0x0000000000000226 (mip.MTI <- 0b1, mip.STI <- 0b0)
mem[X,0x0000000080002368] -> 0x1313
mem[X,0x000000008000236A] -> 0x0383
[1100] [M]: 0x0000000080002368 (0x03831313) slli x6, x6, 0x38                       Mxcpt_sig_sv+4
x6 <- 0x2F00000000000000

mem[X,0x000000008000236C] -> 0x5463
mem[X,0x000000008000236E] -> 0x0003
[1101] [M]: 0x000000008000236C (0x00035463) bge x6, x0, 0x8                         Mxcpt_sig_sv+8

clint mtime 0x0000000000000227 (mip.MTI <- 0b1, mip.STI <- 0b0)
mem[X,0x0000000080002374] -> 0x3303
mem[X,0x0000000080002376] -> 0x2181
[1102] [M]: 0x0000000080002374 (0x21813303) ld x6, 0x218(x2)                        Mtrap_sig_sv+0
mem[R,0x0000000080006218] -> 0x00000000800074C0
x6 <- 0x00000000800074C0

mem[X,0x0000000080002378] -> 0x04B3
mem[X,0x000000008000237A] -> 0x0073
[1103] [M]: 0x0000000080002378 (0x007304B3) add x9, x6, x7                          Mtrap_sig_sv+4
x9 <- 0x00000000800074E0

clint mtime 0x0000000000000228 (mip.MTI <- 0b1, mip.STI <- 0b0)
mem[X,0x000000008000237C] -> 0x3C23
mem[X,0x000000008000237E] -> 0x2091
[1104] [M]: 0x000000008000237C (0x20913C23) sd x9, 0x218(x2)                        Mtrap_sig_sv+8
mem[W,0x0000000080006218] <- 0x00000000800074E0

mem[X,0x0000000080002380] -> 0x3403
mem[X,0x0000000080002382] -> 0x1F81
[1105] [M]: 0x0000000080002380 (0x1F813403) ld x8, 0x1f8(x2)                        Mtrap_sig_sv+12
mem[R,0x00000000800061F8] -> 0x0000000080007210
x8 <- 0x0000000080007210

clint mtime 0x0000000000000229 (mip.MTI <- 0b1, mip.STI <- 0b0)
mem[X,0x0000000080002384] -> 0x0333
mem[X,0x0000000080002386] -> 0x4083
[1106] [M]: 0x0000000080002384 (0x40830333) sub x6, x6, x8                          Mtrap_sig_sv+16
x6 <- 0x00000000000002B0

mem[X,0x0000000080002388] -> 0x3403
mem[X,0x000000008000238A] -> 0x1F81
[1107] [M]: 0x0000000080002388 (0x1F813403) ld x8, 0x1f8(x2)                        Mtrap_sig_sv+20
mem[R,0x00000000800061F8] -> 0x0000000080007210
x8 <- 0x0000000080007210

clint mtime 0x000000000000022A (mip.MTI <- 0b1, mip.STI <- 0b0)
mem[X,0x000000008000238C] -> 0x0333
mem[X,0x000000008000238E] -> 0x0083
[1108] [M]: 0x000000008000238C (0x00830333) add x6, x6, x8                          Mtrap_sig_sv+24
x6 <- 0x00000000800074C0

mem[X,0x0000000080002390] -> 0x3403
mem[X,0x0000000080002392] -> 0x2401
[1109] [M]: 0x0000000080002390 (0x24013403) ld x8, 0x240(x2)                        Mtrap_sig_sv+28
mem[R,0x0000000080006240] -> 0x0000000080002100
x8 <- 0x0000000080002100

clint mtime 0x000000000000022B (mip.MTI <- 0b1, mip.STI <- 0b0)
mem[X,0x0000000080002394] -> 0x85B3
mem[X,0x0000000080002396] -> 0x4085
[1110] [M]: 0x0000000080002394 (0x408585B3) sub x11, x11, x8                        sv_Mvect+0
x11 <- 0x000000000000010C

mem[X,0x0000000080002398] -> 0x9593
mem[X,0x000000008000239A] -> 0x0045
[1111] [M]: 0x0000000080002398 (0x00459593) slli x11, x11, 0x4                      sv_Mvect+4
x11 <- 0x00000000000010C0

clint mtime 0x000000000000022C (mip.MTI <- 0b1, mip.STI <- 0b0)
mem[X,0x000000008000239C] -> 0xE5B3
mem[X,0x000000008000239E] -> 0x0075
[1112] [M]: 0x000000008000239C (0x0075E5B3) or x11, x11, x7                         sv_Mvect+8
x11 <- 0x00000000000010E0

mem[X,0x00000000800023A0] -> 0x8593
mem[X,0x00000000800023A2] -> 0x0035
[1113] [M]: 0x00000000800023A0 (0x00358593) addi x11, x11, 0x3                      sv_Mvect+12
x11 <- 0x00000000000010E3

clint mtime 0x000000000000022D (mip.MTI <- 0b1, mip.STI <- 0b0)
mem[X,0x00000000800023A4] -> 0x3023
mem[X,0x00000000800023A6] -> 0x00B3
[1114] [M]: 0x00000000800023A4 (0x00B33023) sd x11, 0x0(x6)                         sv_Mvect+16
mem[W,0x00000000800074C0] <- 0x00000000000010E3

mem[X,0x00000000800023A8] -> 0x3423
mem[X,0x00000000800023AA] -> 0x00A3
[1115] [M]: 0x00000000800023A8 (0x00A33423) sd x10, 0x8(x6)                         sv_Mcause+0
mem[W,0x00000000800074C8] <- 0x0000000000000005

clint mtime 0x000000000000022E (mip.MTI <- 0b1, mip.STI <- 0b0)
mem[X,0x00000000800023AC] -> 0x4263
mem[X,0x00000000800023AE] -> 0x1A05
[1116] [M]: 0x00000000800023AC (0x1A054263) blt x10, x0, 0x1a4                      sv_Mcause+4

mem[X,0x00000000800023B0] -> 0x25F3
mem[X,0x00000000800023B2] -> 0x3000
[1117] [M]: 0x00000000800023B0 (0x300025F3) csrrs x11, mstatus, x0                  common_Mexcpt_handler+0
CSR mstatus (0x300) -> 0x0000000A00001800
x11 <- 0x0000000A00001800

clint mtime 0x000000000000022F (mip.MTI <- 0b1, mip.STI <- 0b0)
mem[X,0x00000000800023B4] -> 0x9413
mem[X,0x00000000800023B6] -> 0x02E5
[1118] [M]: 0x00000000800023B4 (0x02E59413) slli x8, x11, 0x2e                      common_Mexcpt_handler+4
x8 <- 0x0600000000000000

mem[X,0x00000000800023B8] -> 0x5463
mem[X,0x00000000800023BA] -> 0x0004
[1119] [M]: 0x00000000800023B8 (0x00045463) bge x8, x0, 0x8                         common_Mexcpt_handler+8

clint mtime 0x0000000000000230 (mip.MTI <- 0b1, mip.STI <- 0b0)
mem[X,0x00000000800023C0] -> 0xD493
mem[X,0x00000000800023C2] -> 0x00B5
[1120] [M]: 0x00000000800023C0 (0x00B5D493) srli x9, x11, 0xb                       common_Mexcpt_handler+16
x9 <- 0x0000000001400003

mem[X,0x00000000800023C4] -> 0xF493
mem[X,0x00000000800023C6] -> 0x0034
[1121] [M]: 0x00000000800023C4 (0x0034F493) andi x9, x9, 0x3                        common_Mexcpt_handler+20
x9 <- 0x0000000000000003

clint mtime 0x0000000000000231 (mip.MTI <- 0b1, mip.STI <- 0b0)
mem[X,0x00000000800023C8] -> 0x8493
mem[X,0x00000000800023CA] -> 0x0014
[1122] [M]: 0x00000000800023C8 (0x00148493) addi x9, x9, 0x1                        common_Mexcpt_handler+24
x9 <- 0x0000000000000004

mem[X,0x00000000800023CC] -> 0xF493
mem[X,0x00000000800023CE] -> 0x0044
[1123] [M]: 0x00000000800023CC (0x0044F493) andi x9, x9, 0x4                        common_Mexcpt_handler+28
x9 <- 0x0000000000000004

clint mtime 0x0000000000000232 (mip.MTI <- 0b1, mip.STI <- 0b0)
mem[X,0x00000000800023D0] -> 0x0593
mem[X,0x00000000800023D2] -> 0x05D0
[1124] [M]: 0x00000000800023D0 (0x05D00593) addi x11, x0, 0x5d                      common_Mexcpt_handler+32
x11 <- 0x000000000000005D

mem[X,0x00000000800023D4] -> 0xD5B3
mem[X,0x00000000800023D6] -> 0x0095
[1125] [M]: 0x00000000800023D4 (0x0095D5B3) srl x11, x11, x9                        common_Mexcpt_handler+36
x11 <- 0x0000000000000005

clint mtime 0x0000000000000233 (mip.MTI <- 0b1, mip.STI <- 0b0)
mem[X,0x00000000800023D8] -> 0xF593
mem[X,0x00000000800023DA] -> 0x0015
[1126] [M]: 0x00000000800023D8 (0x0015F593) andi x11, x11, 0x1                      common_Mexcpt_handler+40
x11 <- 0x0000000000000001

mem[X,0x00000000800023DC] -> 0x8EE3
mem[X,0x00000000800023DE] -> 0xF405
[1127] [M]: 0x00000000800023DC (0xF4058EE3) beq x11, x0, -0xa4                      common_Mexcpt_handler+44

clint mtime 0x0000000000000234 (mip.MTI <- 0b1, mip.STI <- 0b0)
mem[X,0x00000000800023E0] -> 0x0593
mem[X,0x00000000800023E2] -> 0x2980
[1128] [M]: 0x00000000800023E0 (0x29800593) addi x11, x0, 0x298                     common_Mexcpt_handler+48
x11 <- 0x0000000000000298

mem[X,0x00000000800023E4] -> 0xF413
mem[X,0x00000000800023E6] -> 0x0014
[1129] [M]: 0x00000000800023E4 (0x0014F413) andi x8, x9, 0x1                        common_Mexcpt_handler+52
x8 <- 0x0000000000000000

clint mtime 0x0000000000000235 (mip.MTI <- 0b1, mip.STI <- 0b0)
mem[X,0x00000000800023E8] -> 0x95B3
mem[X,0x00000000800023EA] -> 0x0085
[1130] [M]: 0x00000000800023E8 (0x008595B3) sll x11, x11, x8                        common_Mexcpt_handler+56
x11 <- 0x0000000000000298

mem[X,0x00000000800023EC] -> 0x9413
mem[X,0x00000000800023EE] -> 0x03D4
[1131] [M]: 0x00000000800023EC (0x03D49413) slli x8, x9, 0x3d                       common_Mexcpt_handler+60
x8 <- 0x8000000000000000

clint mtime 0x0000000000000236 (mip.MTI <- 0b1, mip.STI <- 0b0)
mem[X,0x00000000800023F0] -> 0x5413
mem[X,0x00000000800023F2] -> 0x43F4
[1132] [M]: 0x00000000800023F0 (0x43F45413) srai x8, x8, 0x3f                       common_Mexcpt_handler+64
x8 <- 0xFFFFFFFFFFFFFFFF

mem[X,0x00000000800023F4] -> 0x4413
mem[X,0x00000000800023F6] -> 0xFFF4
[1133] [M]: 0x00000000800023F4 (0xFFF44413) xori x8, x8, -0x1                       common_Mexcpt_handler+68
x8 <- 0x0000000000000000

clint mtime 0x0000000000000237 (mip.MTI <- 0b1, mip.STI <- 0b0)
mem[X,0x00000000800023F8] -> 0xF4B3
mem[X,0x00000000800023FA] -> 0x0085
[1134] [M]: 0x00000000800023F8 (0x0085F4B3) and x9, x11, x8                         common_Mexcpt_handler+72
x9 <- 0x0000000000000000

mem[X,0x00000000800023FC] -> 0x84B3
mem[X,0x00000000800023FE] -> 0x0024
[1135] [M]: 0x00000000800023FC (0x002484B3) add x9, x9, x2                          vmem_adj_Mepc+0
x9 <- 0x0000000080006000

clint mtime 0x0000000000000238 (mip.MTI <- 0b1, mip.STI <- 0b0)
mem[X,0x0000000080002400] -> 0x23F3
mem[X,0x0000000080002402] -> 0x3410
[1136] [M]: 0x0000000080002400 (0x341023F3) csrrs x7, mepc, x0                      vmem_adj_Mepc+4
CSR mepc (0x341) -> 0x0000000080000800
x7 <- 0x0000000080000800

mem[X,0x0000000080002404] -> 0x0413
mem[X,0x0000000080002406] -> 0x0004
[1137] [M]: 0x0000000080002404 (0x00040413) addi x8, x8, 0x0                        vmem_adj_Mepc+8
x8 <- 0x0000000000000000

clint mtime 0x0000000000000239 (mip.MTI <- 0b1, mip.STI <- 0b0)
mem[X,0x0000000080002408] -> 0x006F
mem[X,0x000000008000240A] -> 0x0400
[1138] [M]: 0x0000000080002408 (0x0400006F) jal x0, 0x40                            vmem_adj_Mepc+12

mem[X,0x0000000080002448] -> 0x8433
mem[X,0x000000008000244A] -> 0x4083
[1139] [M]: 0x0000000080002448 (0x40838433) sub x8, x7, x8                          adj_Mepc+0
x8 <- 0x0000000080000800

clint mtime 0x000000000000023A (mip.MTI <- 0b1, mip.STI <- 0b0)
mem[X,0x000000008000244C] -> 0x3823
mem[X,0x000000008000244E] -> 0x0083
[1140] [M]: 0x000000008000244C (0x00833823) sd x8, 0x10(x6)                         sv_Mepc+0
mem[W,0x00000000800074D0] <- 0x0000000080000800

mem[X,0x0000000080002450] -> 0x55B7
mem[X,0x0000000080002452] -> 0x0000
[1141] [M]: 0x0000000080002450 (0x000055B7) lui x11, 0x5                            sv_Mepc+4
x11 <- 0x0000000000005000

clint mtime 0x000000000000023B (mip.MTI <- 0b1, mip.STI <- 0b0)
mem[X,0x0000000080002454] -> 0x8593
mem[X,0x0000000080002456] -> 0x6675
[1142] [M]: 0x0000000080002454 (0x66758593) addi x11, x11, 0x667                    sv_Mepc+8
x11 <- 0x0000000000005667

mem[X,0x0000000080002458] -> 0x9593
mem[X,0x000000008000245A] -> 0x0015
[1143] [M]: 0x0000000080002458 (0x00159593) slli x11, x11, 0x1                      sv_Mepc+12
x11 <- 0x000000000000ACCE

clint mtime 0x000000000000023C (mip.MTI <- 0b1, mip.STI <- 0b0)
mem[X,0x000000008000245C] -> 0x9063
mem[X,0x000000008000245E] -> 0x02B1
[1144] [M]: 0x000000008000245C (0x02B19063) bne x3, x11, 0x20                       sv_Mepc+16

mem[X,0x000000008000247C] -> 0xF593
mem[X,0x000000008000247E] -> 0xFFC3
[1145] [M]: 0x000000008000247C (0xFFC3F593) andi x11, x7, -0x4                      adj_Mepc_rtn+0
x11 <- 0x0000000080000800

clint mtime 0x000000000000023D (mip.MTI <- 0b1, mip.STI <- 0b0)
mem[X,0x0000000080002480] -> 0x8593
mem[X,0x0000000080002482] -> 0x0085
[1146] [M]: 0x0000000080002480 (0x00858593) addi x11, x11, 0x8                      adj_Mepc_rtn+4
x11 <- 0x0000000080000808

mem[X,0x0000000080002484] -> 0x9073
mem[X,0x0000000080002486] -> 0x3415
[1147] [M]: 0x0000000080002484 (0x34159073) csrrw x0, mepc, x11                     adj_Mepc_rtn+8
CSR mepc (0x341) <- 0x0000000080000808

clint mtime 0x000000000000023E (mip.MTI <- 0b1, mip.STI <- 0b0)
mem[X,0x0000000080002488] -> 0x23F3
mem[X,0x000000008000248A] -> 0x3430
[1148] [M]: 0x0000000080002488 (0x343023F3) csrrs x7, mtval, x0                     skp_adj_Mepc+0
CSR mtval (0x343) -> 0x0000000080002000
x7 <- 0x0000000080002000

mem[X,0x000000008000248C] -> 0x7513
mem[X,0x000000008000248E] -> 0x00F5
[1149] [M]: 0x000000008000248C (0x00F57513) andi x10, x10, 0xf                      chk_Mtval+0
x10 <- 0x0000000000000005

clint mtime 0x000000000000023F (mip.MTI <- 0b1, mip.STI <- 0b0)
mem[X,0x0000000080002490] -> 0x0437
mem[X,0x0000000080002492] -> 0x0000
[1150] [M]: 0x0000000080002490 (0x00000437) lui x8, 0x0                             chk_Mtval+4
x8 <- 0x0000000000000000

mem[X,0x0000000080002494] -> 0x0413
mem[X,0x0000000080002496] -> 0x0004
[1151] [M]: 0x0000000080002494 (0x00040413) addi x8, x8, 0x0                        chk_Mtval+8
x8 <- 0x0000000000000000

clint mtime 0x0000000000000240 (mip.MTI <- 0b1, mip.STI <- 0b0)
mem[X,0x0000000080002498] -> 0x1413
mem[X,0x000000008000249A] -> 0x00B4
[1152] [M]: 0x0000000080002498 (0x00B41413) slli x8, x8, 0xb                        chk_Mtval+12
x8 <- 0x0000000000000000

mem[X,0x000000008000249C] -> 0x0413
mem[X,0x000000008000249E] -> 0x0004
[1153] [M]: 0x000000008000249C (0x00040413) addi x8, x8, 0x0                        chk_Mtval+16
x8 <- 0x0000000000000000

clint mtime 0x0000000000000241 (mip.MTI <- 0b1, mip.STI <- 0b0)
mem[X,0x00000000800024A0] -> 0x1413
mem[X,0x00000000800024A2] -> 0x00B4
[1154] [M]: 0x00000000800024A0 (0x00B41413) slli x8, x8, 0xb                        chk_Mtval+20
x8 <- 0x0000000000000000

mem[X,0x00000000800024A4] -> 0x0413
mem[X,0x00000000800024A6] -> 0x02C4
[1155] [M]: 0x00000000800024A4 (0x02C40413) addi x8, x8, 0x2c                       chk_Mtval+24
x8 <- 0x000000000000002C

clint mtime 0x0000000000000242 (mip.MTI <- 0b1, mip.STI <- 0b0)
mem[X,0x00000000800024A8] -> 0x1413
mem[X,0x00000000800024AA] -> 0x00A4
[1156] [M]: 0x00000000800024A8 (0x00A41413) slli x8, x8, 0xa                        chk_Mtval+28
x8 <- 0x000000000000B000

mem[X,0x00000000800024AC] -> 0x0413
mem[X,0x00000000800024AE] -> 0x0FB4
[1157] [M]: 0x00000000800024AC (0x0FB40413) addi x8, x8, 0xfb                       chk_Mtval+32
x8 <- 0x000000000000B0FB

clint mtime 0x0000000000000243 (mip.MTI <- 0b1, mip.STI <- 0b0)
mem[X,0x00000000800024B0] -> 0x5433
mem[X,0x00000000800024B2] -> 0x00A4
[1158] [M]: 0x00000000800024B0 (0x00A45433) srl x8, x8, x10                         chk_Mtval+36
x8 <- 0x0000000000000587

mem[X,0x00000000800024B4] -> 0x1413
mem[X,0x00000000800024B6] -> 0x03F4
[1159] [M]: 0x00000000800024B4 (0x03F41413) slli x8, x8, 0x3f                       chk_Mtval+40
x8 <- 0x8000000000000000

clint mtime 0x0000000000000244 (mip.MTI <- 0b1, mip.STI <- 0b0)
mem[X,0x00000000800024B8] -> 0x5C63
mem[X,0x00000000800024BA] -> 0x0404
[1160] [M]: 0x00000000800024B8 (0x04045C63) bge x8, x0, 0x58                        chk_Mtval+44

mem[X,0x00000000800024BC] -> 0xB403
mem[X,0x00000000800024BE] -> 0x2084
[1161] [M]: 0x00000000800024BC (0x2084B403) ld x8, 0x208(x9)                        vmem_adj_Mtval+0
mem[R,0x0000000080006208] -> 0x00000000800003B4
x8 <- 0x00000000800003B4

clint mtime 0x0000000000000245 (mip.MTI <- 0b1, mip.STI <- 0b0)
mem[X,0x00000000800024C0] -> 0xB583
mem[X,0x00000000800024C2] -> 0x2104
[1162] [M]: 0x00000000800024C0 (0x2104B583) ld x11, 0x210(x9)                       vmem_adj_Mtval+4
mem[R,0x0000000080006210] -> 0x0000000000001C5C
x11 <- 0x0000000000001C5C

mem[X,0x00000000800024C4] -> 0x85B3
mem[X,0x00000000800024C6] -> 0x0085
[1163] [M]: 0x00000000800024C4 (0x008585B3) add x11, x11, x8                        vmem_adj_Mtval+8
x11 <- 0x0000000080002010

clint mtime 0x0000000000000246 (mip.MTI <- 0b1, mip.STI <- 0b0)
mem[X,0x00000000800024C8] -> 0xF463
mem[X,0x00000000800024CA] -> 0x00B3
[1164] [M]: 0x00000000800024C8 (0x00B3F463) bgeu x7, x11, 0x8                       vmem_adj_Mtval+12

mem[X,0x00000000800024CC] -> 0xF063
mem[X,0x00000000800024CE] -> 0x0483
[1165] [M]: 0x00000000800024CC (0x0483F063) bgeu x7, x8, 0x40                       vmem_adj_Mtval+16

clint mtime 0x0000000000000247 (mip.MTI <- 0b1, mip.STI <- 0b0)
mem[X,0x000000008000250C] -> 0x8433
mem[X,0x000000008000250E] -> 0x4083
[1166] [M]: 0x000000008000250C (0x40838433) sub x8, x7, x8                          adj_Mtval+0
x8 <- 0x0000000000001C4C

mem[X,0x0000000080002510] -> 0x3C23
mem[X,0x0000000080002512] -> 0x0083
[1167] [M]: 0x0000000080002510 (0x00833C23) sd x8, 0x18(x6)                         sv_Mtval+0
mem[W,0x00000000800074D8] <- 0x0000000000001C4C

clint mtime 0x0000000000000248 (mip.MTI <- 0b1, mip.STI <- 0b0)
mem[X,0x0000000080002514] -> 0x3483
mem[X,0x0000000080002516] -> 0x2181
[1168] [M]: 0x0000000080002514 (0x21813483) ld x9, 0x218(x2)                        skp_Mtval+0
mem[R,0x0000000080006218] -> 0x00000000800074E0
x9 <- 0x00000000800074E0

mem[X,0x0000000080002518] -> 0x3383
mem[X,0x000000008000251A] -> 0x1F81
[1169] [M]: 0x0000000080002518 (0x1F813383) ld x7, 0x1f8(x2)                        skp_Mtval+4
mem[R,0x00000000800061F8] -> 0x0000000080007210
x7 <- 0x0000000080007210

clint mtime 0x0000000000000249 (mip.MTI <- 0b1, mip.STI <- 0b0)
mem[X,0x000000008000251C] -> 0x3303
mem[X,0x000000008000251E] -> 0x2001
[1170] [M]: 0x000000008000251C (0x20013303) ld x6, 0x200(x2)                        skp_Mtval+8
mem[R,0x0000000080006200] -> 0x0000000000000A20
x6 <- 0x0000000000000A20

mem[X,0x0000000080002520] -> 0x0333
mem[X,0x0000000080002522] -> 0x0073
[1171] [M]: 0x0000000080002520 (0x00730333) add x6, x6, x7                          skp_Mtval+12
x6 <- 0x0000000080007C30

clint mtime 0x000000000000024A (mip.MTI <- 0b1, mip.STI <- 0b0)
mem[X,0x0000000080002524] -> 0x6AE3
mem[X,0x0000000080002526] -> 0xAE93
[1172] [M]: 0x0000000080002524 (0xAE936AE3) bltu x6, x9, -0x50c                     skp_Mtval+16

mem[X,0x0000000080002528] -> 0x0393
mem[X,0x000000008000252A] -> 0x2000
[1173] [M]: 0x0000000080002528 (0x20000393) addi x7, x0, 0x200                      skp_Mtval+20
x7 <- 0x0000000000000200

clint mtime 0x000000000000024B (mip.MTI <- 0b1, mip.STI <- 0b0)
mem[X,0x000000008000252C] -> 0x006F
mem[X,0x000000008000252E] -> 0x0400
[1174] [M]: 0x000000008000252C (0x0400006F) jal x0, 0x40                            skp_Mtval+24

mem[X,0x000000008000256C] -> 0x0417
mem[X,0x000000008000256E] -> 0x0000
[1175] [M]: 0x000000008000256C (0x00000417) auipc x8, 0x0                           spcl_Mhandler+0
x8 <- 0x000000008000256C

clint mtime 0x000000000000024C (mip.MTI <- 0b1, mip.STI <- 0b0)
mem[X,0x0000000080002570] -> 0x0413
mem[X,0x0000000080002572] -> 0x03C4
[1176] [M]: 0x0000000080002570 (0x03C40413) addi x8, x8, 0x3c                       spcl_Mhandler+4
x8 <- 0x00000000800025A8

mem[X,0x0000000080002574] -> 0x0433
mem[X,0x0000000080002576] -> 0x0074
[1177] [M]: 0x0000000080002574 (0x00740433) add x8, x8, x7                          spcl_Mhandler+8
x8 <- 0x00000000800027A8

clint mtime 0x000000000000024D (mip.MTI <- 0b1, mip.STI <- 0b0)
mem[X,0x0000000080002578] -> 0x1393
mem[X,0x000000008000257A] -> 0x0035
[1178] [M]: 0x0000000080002578 (0x00351393) slli x7, x10, 0x3                       spcl_Mhandler+12
x7 <- 0x0000000000000028

mem[X,0x000000008000257C] -> 0x0433
mem[X,0x000000008000257E] -> 0x0074
[1179] [M]: 0x000000008000257C (0x00740433) add x8, x8, x7                          spcl_Mhandler+16
x8 <- 0x00000000800027D0

clint mtime 0x000000000000024E (mip.MTI <- 0b1, mip.STI <- 0b0)
mem[X,0x0000000080002580] -> 0x7413
mem[X,0x0000000080002582] -> 0xFF84
[1180] [M]: 0x0000000080002580 (0xFF847413) andi x8, x8, -0x8                       spcl_Mhandler+20
x8 <- 0x00000000800027D0

mem[X,0x0000000080002584] -> 0x3403
mem[X,0x0000000080002586] -> 0x0004
[1181] [M]: 0x0000000080002584 (0x00043403) ld x8, 0x0(x8)                          spcl_Mhandler+24
mem[R,0x00000000800027D0] -> 0x000000000000000B
x8 <- 0x000000000000000B

clint mtime 0x000000000000024F (mip.MTI <- 0b1, mip.STI <- 0b0)
mem[X,0x0000000080002588] -> 0x02E3
mem[X,0x000000008000258A] -> 0xB204
[1182] [M]: 0x0000000080002588 (0xB20402E3) beq x8, x0, -0x4dc                      spcl_Mdispatch_hndling+0

mem[X,0x000000008000258C] -> 0x1393
mem[X,0x000000008000258E] -> 0x03F4
[1183] [M]: 0x000000008000258C (0x03F41393) slli x7, x8, 0x3f                       spcl_Mdispatch_hndling+4
x7 <- 0x8000000000000000

clint mtime 0x0000000000000250 (mip.MTI <- 0b1, mip.STI <- 0b0)
mem[X,0x0000000080002590] -> 0xD863
mem[X,0x0000000080002592] -> 0x0003
[1184] [M]: 0x0000000080002590 (0x0003D863) bge x7, x0, 0x10                        spcl_Mdispatch_hndling+8

mem[X,0x0000000080002594] -> 0x5413
mem[X,0x0000000080002596] -> 0x0014
[1185] [M]: 0x0000000080002594 (0x00145413) srli x8, x8, 0x1                        spcl_Mdispatch_hndling+12
x8 <- 0x0000000000000005

clint mtime 0x0000000000000251 (mip.MTI <- 0b1, mip.STI <- 0b0)
mem[X,0x0000000080002598] -> 0x0CE3
mem[X,0x000000008000259A] -> 0xF885
[1186] [M]: 0x0000000080002598 (0xF8850CE3) beq x10, x8, -0x68                      spcl_Mdispatch_hndling+16

mem[X,0x0000000080002530] -> 0x3303
mem[X,0x0000000080002532] -> 0x2601
[1187] [M]: 0x0000000080002530 (0x26013303) ld x6, 0x260(x2)                        resto_Mrtn+0
mem[R,0x0000000080006260] -> 0x000000001FDDB7D5
x6 <- 0x000000001FDDB7D5

clint mtime 0x0000000000000252 (mip.MTI <- 0b1, mip.STI <- 0b0)
mem[X,0x0000000080002534] -> 0x3383
mem[X,0x0000000080002536] -> 0x2681
[1188] [M]: 0x0000000080002534 (0x26813383) ld x7, 0x268(x2)                        resto_Mrtn+4
mem[R,0x0000000080006268] -> 0x00000000003FBB6F
x7 <- 0x00000000003FBB6F

mem[X,0x0000000080002538] -> 0x3403
mem[X,0x000000008000253A] -> 0x2701
[1189] [M]: 0x0000000080002538 (0x27013403) ld x8, 0x270(x2)                        resto_Mrtn+8
mem[R,0x0000000080006270] -> 0x0000000000007F76
x8 <- 0x0000000000007F76

clint mtime 0x0000000000000253 (mip.MTI <- 0b1, mip.STI <- 0b0)
mem[X,0x000000008000253C] -> 0x3483
mem[X,0x000000008000253E] -> 0x2781
[1190] [M]: 0x000000008000253C (0x27813483) ld x9, 0x278(x2)                        resto_Mrtn+12
mem[R,0x0000000080006278] -> 0x00000000000000FE
x9 <- 0x00000000000000FE

mem[X,0x0000000080002540] -> 0x3503
mem[X,0x0000000080002542] -> 0x2801
[1191] [M]: 0x0000000080002540 (0x28013503) ld x10, 0x280(x2)                       resto_Mrtn+16
mem[R,0x0000000080006280] -> 0x0000000000000001
x10 <- 0x0000000000000001

clint mtime 0x0000000000000254 (mip.MTI <- 0b1, mip.STI <- 0b0)
mem[X,0x0000000080002544] -> 0x3583
mem[X,0x0000000080002546] -> 0x2881
[1192] [M]: 0x0000000080002544 (0x28813583) ld x11, 0x288(x2)                       resto_Mrtn+20
mem[R,0x0000000080006288] -> 0x0000000000000000
x11 <- 0x0000000000000000

mem[X,0x0000000080002548] -> 0x3103
mem[X,0x000000008000254A] -> 0x2901
[1193] [M]: 0x0000000080002548 (0x29013103) ld x2, 0x290(x2)                        resto_Mrtn+24
mem[R,0x0000000080006290] -> 0x01FDDB7D5BFDDB7F
x2 <- 0x01FDDB7D5BFDDB7F

clint mtime 0x0000000000000255 (mip.MTI <- 0b1, mip.STI <- 0b0)
mem[X,0x000000008000254C] -> 0x0073
mem[X,0x000000008000254E] -> 0x3020
[1194] [M]: 0x000000008000254C (0x30200073) mret                                    resto_Mrtn+28
CSR mstatus (0x300) <- 0x0000000A00000080
ret-ing from M to M

mem[X,0x0000000080000808] -> 0x0013
mem[X,0x000000008000080A] -> 0x0000
[1195] [M]: 0x0000000080000808 (0x00000013) addi x0, x0, 0x0                        main+1064

clint mtime 0x0000000000000256 (mip.MTI <- 0b1, mip.STI <- 0b0)
mem[X,0x000000008000080C] -> 0xBC23
mem[X,0x000000008000080E] -> 0x06E6
[1196] [M]: 0x000000008000080C (0x06E6BC23) sd x14, 0x78(x13)                       main+1068
mem[W,0x0000000080007290] <- 0x0000000000000013

mem[X,0x0000000080000810] -> 0x8793
mem[X,0x0000000080000812] -> 0xFFC7
[1197] [M]: 0x0000000080000810 (0xFFC78793) addi x15, x15, -0x4                     main+1072
x15 <- 0x0000000080001FFC

clint mtime 0x0000000000000257 (mip.MTI <- 0b1, mip.STI <- 0b0)
mem[X,0x0000000080000814] -> 0xA703
mem[X,0x0000000080000816] -> 0x0007
[1198] [M]: 0x0000000080000814 (0x0007A703) lw x14, 0x0(x15)                        main+1076
mem[R,0x0000000080001FFC] -> 0x00000013
x14 <- 0x0000000000000013

mem[X,0x0000000080000818] -> 0x0013
mem[X,0x000000008000081A] -> 0x0000
[1199] [M]: 0x0000000080000818 (0x00000013) addi x0, x0, 0x0                        main+1080

clint mtime 0x0000000000000258 (mip.MTI <- 0b1, mip.STI <- 0b0)
mem[X,0x000000008000081C] -> 0x0013
mem[X,0x000000008000081E] -> 0x0000
[1200] [M]: 0x000000008000081C (0x00000013) addi x0, x0, 0x0                        main+1084

mem[X,0x0000000080000820] -> 0xB023
mem[X,0x0000000080000822] -> 0x08E6
[1201] [M]: 0x0000000080000820 (0x08E6B023) sd x14, 0x80(x13)                       main+1088
mem[W,0x0000000080007298] <- 0x0000000000000013

clint mtime 0x0000000000000259 (mip.MTI <- 0b1, mip.STI <- 0b0)
mem[X,0x0000000080000824] -> 0x8793
mem[X,0x0000000080000826] -> 0x0087
[1202] [M]: 0x0000000080000824 (0x00878793) addi x15, x15, 0x8                      main+1092
x15 <- 0x0000000080002004

mem[X,0x0000000080000828] -> 0xA703
mem[X,0x000000008000082A] -> 0x0007
[1203] [M]: 0x0000000080000828 (0x0007A703) lw x14, 0x0(x15)                        main+1096
mem[R,0x0000000080002004] -> 0x00000013
x14 <- 0x0000000000000013

clint mtime 0x000000000000025A (mip.MTI <- 0b1, mip.STI <- 0b0)
mem[X,0x000000008000082C] -> 0x0013
mem[X,0x000000008000082E] -> 0x0000
[1204] [M]: 0x000000008000082C (0x00000013) addi x0, x0, 0x0                        main+1100

mem[X,0x0000000080000830] -> 0x0013
mem[X,0x0000000080000832] -> 0x0000
[1205] [M]: 0x0000000080000830 (0x00000013) addi x0, x0, 0x0                        main+1104

clint mtime 0x000000000000025B (mip.MTI <- 0b1, mip.STI <- 0b0)
mem[X,0x0000000080000834] -> 0xB423
mem[X,0x0000000080000836] -> 0x08E6
[1206] [M]: 0x0000000080000834 (0x08E6B423) sd x14, 0x88(x13)                       main+1108
mem[W,0x00000000800072A0] <- 0x0000000000000013

mem[X,0x0000000080000838] -> 0x0013
mem[X,0x000000008000083A] -> 0x0000
[1207] [M]: 0x0000000080000838 (0x00000013) addi x0, x0, 0x0                        main+1112

clint mtime 0x000000000000025C (mip.MTI <- 0b1, mip.STI <- 0b0)
mem[X,0x000000008000083C] -> 0x0013
mem[X,0x000000008000083E] -> 0x0000
[1208] [M]: 0x000000008000083C (0x00000013) addi x0, x0, 0x0                        main+1116

mem[X,0x0000000080000840] -> 0x12B7
mem[X,0x0000000080000842] -> 0x2000
[1209] [M]: 0x0000000080000840 (0x200012B7) lui x5, 0x20001                         main+1120
x5 <- 0x0000000020001000

clint mtime 0x000000000000025D (mip.MTI <- 0b1, mip.STI <- 0b0)
mem[X,0x0000000080000844] -> 0x829B
mem[X,0x0000000080000846] -> 0x8002
[1210] [M]: 0x0000000080000844 (0x8002829B) addiw x5, x5, -0x800                    main+1124
x5 <- 0x0000000020000800

mem[X,0x0000000080000848] -> 0x0001
[1211] [M]: 0x0000000080000848 (0x0001) c.nop                                       main+1128

clint mtime 0x000000000000025E (mip.MTI <- 0b1, mip.STI <- 0b0)
mem[X,0x000000008000084A] -> 0x0013
mem[X,0x000000008000084C] -> 0x0000
[1212] [M]: 0x000000008000084A (0x00000013) addi x0, x0, 0x0                        main+1130

mem[X,0x000000008000084E] -> 0x0013
mem[X,0x0000000080000850] -> 0x0000
[1213] [M]: 0x000000008000084E (0x00000013) addi x0, x0, 0x0                        main+1134

clint mtime 0x000000000000025F (mip.MTI <- 0b1, mip.STI <- 0b0)
mem[X,0x0000000080000852] -> 0x0013
mem[X,0x0000000080000854] -> 0x0000
[1214] [M]: 0x0000000080000852 (0x00000013) addi x0, x0, 0x0                        main+1138

mem[X,0x0000000080000856] -> 0x0013
mem[X,0x0000000080000858] -> 0x0000
[1215] [M]: 0x0000000080000856 (0x00000013) addi x0, x0, 0x0                        main+1142

clint mtime 0x0000000000000260 (mip.MTI <- 0b1, mip.STI <- 0b0)
mem[X,0x000000008000085A] -> 0x0013
mem[X,0x000000008000085C] -> 0x0000
[1216] [M]: 0x000000008000085A (0x00000013) addi x0, x0, 0x0                        main+1146

mem[X,0x000000008000085E] -> 0x0001
[1217] [M]: 0x000000008000085E (0x0001) c.nop                                       main+1150

clint mtime 0x0000000000000261 (mip.MTI <- 0b1, mip.STI <- 0b0)
mem[X,0x0000000080000860] -> 0x9073
mem[X,0x0000000080000862] -> 0x3B82
[1218] [M]: 0x0000000080000860 (0x3B829073) csrrw x0, pmpaddr8, x5                  main+1152
CSR pmpaddr8 (0x3B8) <- 0x0000000020000800

mem[X,0x0000000080000864] -> 0x0213
mem[X,0x0000000080000866] -> 0x0900
[1219] [M]: 0x0000000080000864 (0x09000213) addi x4, x0, 0x90                       main+1156
x4 <- 0x0000000000000090

clint mtime 0x0000000000000262 (mip.MTI <- 0b1, mip.STI <- 0b0)
mem[X,0x0000000080000868] -> 0x1073
mem[X,0x000000008000086A] -> 0x3A22
[1220] [M]: 0x0000000080000868 (0x3A221073) csrrw x0, pmpcfg2, x4                   main+1160
CSR pmpcfg2 (0x3A2) <- 0x9F90909090909090

mem[X,0x000000008000086C] -> 0x0013
mem[X,0x000000008000086E] -> 0x0000
[1221] [M]: 0x000000008000086C (0x00000013) addi x0, x0, 0x0                        main+1164

clint mtime 0x0000000000000263 (mip.MTI <- 0b1, mip.STI <- 0b0)
mem[X,0x0000000080000870] -> 0x0013
mem[X,0x0000000080000872] -> 0x0000
[1222] [M]: 0x0000000080000870 (0x00000013) addi x0, x0, 0x0                        main+1168

mem[X,0x0000000080000874] -> 0x0013
mem[X,0x0000000080000876] -> 0x0000
[1223] [M]: 0x0000000080000874 (0x00000013) addi x0, x0, 0x0                        main+1172

clint mtime 0x0000000000000264 (mip.MTI <- 0b1, mip.STI <- 0b0)
mem[X,0x0000000080000878] -> 0x0013
mem[X,0x000000008000087A] -> 0x0000
[1224] [M]: 0x0000000080000878 (0x00000013) addi x0, x0, 0x0                        main+1176

mem[X,0x000000008000087C] -> 0x0013
mem[X,0x000000008000087E] -> 0x0000
[1225] [M]: 0x000000008000087C (0x00000013) addi x0, x0, 0x0                        main+1180

clint mtime 0x0000000000000265 (mip.MTI <- 0b1, mip.STI <- 0b0)
mem[X,0x0000000080000880] -> 0x1797
mem[X,0x0000000080000882] -> 0x0000
[1226] [M]: 0x0000000080000880 (0x00001797) auipc x15, 0x1                          main+1184
x15 <- 0x0000000080001880

mem[X,0x0000000080000884] -> 0x8793
mem[X,0x0000000080000886] -> 0x7807
[1227] [M]: 0x0000000080000884 (0x78078793) addi x15, x15, 0x780                    main+1188
x15 <- 0x0000000080002000

clint mtime 0x0000000000000266 (mip.MTI <- 0b1, mip.STI <- 0b0)
mem[X,0x0000000080000888] -> 0x0001
[1228] [M]: 0x0000000080000888 (0x0001) c.nop                                       main+1192

mem[X,0x000000008000088A] -> 0x0013
mem[X,0x000000008000088C] -> 0x0000
[1229] [M]: 0x000000008000088A (0x00000013) addi x0, x0, 0x0                        main+1194

clint mtime 0x0000000000000267 (mip.MTI <- 0b1, mip.STI <- 0b0)
mem[X,0x000000008000088E] -> 0x0013
mem[X,0x0000000080000890] -> 0x0000
[1230] [M]: 0x000000008000088E (0x00000013) addi x0, x0, 0x0                        main+1198

mem[X,0x0000000080000892] -> 0x0013
mem[X,0x0000000080000894] -> 0x0000
[1231] [M]: 0x0000000080000892 (0x00000013) addi x0, x0, 0x0                        main+1202

clint mtime 0x0000000000000268 (mip.MTI <- 0b1, mip.STI <- 0b0)
mem[X,0x0000000080000896] -> 0x0013
mem[X,0x0000000080000898] -> 0x0000
[1232] [M]: 0x0000000080000896 (0x00000013) addi x0, x0, 0x0                        main+1206

mem[X,0x000000008000089A] -> 0x0013
mem[X,0x000000008000089C] -> 0x0000
[1233] [M]: 0x000000008000089A (0x00000013) addi x0, x0, 0x0                        main+1210

clint mtime 0x0000000000000269 (mip.MTI <- 0b1, mip.STI <- 0b0)
mem[X,0x000000008000089E] -> 0x0001
[1234] [M]: 0x000000008000089E (0x0001) c.nop                                       main+1214

mem[X,0x00000000800008A0] -> 0xA703
mem[X,0x00000000800008A2] -> 0x0007
[1235] [M]: 0x00000000800008A0 (0x0007A703) lw x14, 0x0(x15)                        main+1216
trapping from M to M to handle load-access-fault
handling exc#load-access-fault at priv M with tval 0x0000000080002000
CSR mstatus (0x300) <- 0x0000000A00001800
CSR mcause (0x342) <- 0x0000000000000005
CSR mtval (0x343) <- 0x0000000080002000
CSR mepc (0x341) <- 0x00000000800008A0

clint mtime 0x000000000000026A (mip.MTI <- 0b1, mip.STI <- 0b0)
mem[X,0x0000000080002100] -> 0x006F
mem[X,0x0000000080002102] -> 0x1000
[1236] [M]: 0x0000000080002100 (0x1000006F) jal x0, 0x100                           Mtrampoline+0

mem[X,0x0000000080002200] -> 0x1173
mem[X,0x0000000080002202] -> 0x3401
[1237] [M]: 0x0000000080002200 (0x34011173) csrrw x2, mscratch, x2                  trap_Mhandler+0
CSR mscratch (0x340) <- 0x01FDDB7D5BFDDB7F
x2 <- 0x0000000080006000

clint mtime 0x000000000000026B (mip.MTI <- 0b1, mip.STI <- 0b0)
mem[X,0x0000000080002204] -> 0x3423
mem[X,0x0000000080002206] -> 0x28B1
[1238] [M]: 0x0000000080002204 (0x28B13423) sd x11, 0x288(x2)                       trap_Mhandler+4
mem[W,0x0000000080006288] <- 0x0000000000000000

mem[X,0x0000000080002208] -> 0x05EF
mem[X,0x000000008000220A] -> 0x0B80
[1239] [M]: 0x0000000080002208 (0x0B8005EF) jal x11, 0xb8                           trap_Mhandler+8
x11 <- 0x000000008000220C

clint mtime 0x000000000000026C (mip.MTI <- 0b1, mip.STI <- 0b0)
mem[X,0x00000000800022C0] -> 0x3023
mem[X,0x00000000800022C2] -> 0x28A1
[1240] [M]: 0x00000000800022C0 (0x28A13023) sd x10, 0x280(x2)                       common_Mhandler+0
mem[W,0x0000000080006280] <- 0x0000000000000001

mem[X,0x00000000800022C4] -> 0x1573
mem[X,0x00000000800022C6] -> 0x3401
[1241] [M]: 0x00000000800022C4 (0x34011573) csrrw x10, mscratch, x2                 common_Mhandler+4
CSR mscratch (0x340) <- 0x0000000080006000
x10 <- 0x01FDDB7D5BFDDB7F

clint mtime 0x000000000000026D (mip.MTI <- 0b1, mip.STI <- 0b0)
mem[X,0x00000000800022C8] -> 0x3823
mem[X,0x00000000800022CA] -> 0x28A1
[1242] [M]: 0x00000000800022C8 (0x28A13823) sd x10, 0x290(x2)                       common_Mhandler+8
mem[W,0x0000000080006290] <- 0x01FDDB7D5BFDDB7F

mem[X,0x00000000800022CC] -> 0x3503
mem[X,0x00000000800022CE] -> 0x2301
[1243] [M]: 0x00000000800022CC (0x23013503) ld x10, 0x230(x2)                       common_Mhandler+12
mem[R,0x0000000080006230] -> 0x00000000800022D4
x10 <- 0x00000000800022D4

clint mtime 0x000000000000026E (mip.MTI <- 0b1, mip.STI <- 0b0)
mem[X,0x00000000800022D0] -> 0x0067
mem[X,0x00000000800022D2] -> 0x0005
[1244] [M]: 0x00000000800022D0 (0x00050067) jalr x0, 0x0(x10)                       common_Mhandler+16

mem[X,0x00000000800022D4] -> 0x3C23
mem[X,0x00000000800022D6] -> 0x2691
[1245] [M]: 0x00000000800022D4 (0x26913C23) sd x9, 0x278(x2)                        common_Mentry+0
mem[W,0x0000000080006278] <- 0x00000000000000FE

clint mtime 0x000000000000026F (mip.MTI <- 0b1, mip.STI <- 0b0)
mem[X,0x00000000800022D8] -> 0x3823
mem[X,0x00000000800022DA] -> 0x2681
[1246] [M]: 0x00000000800022D8 (0x26813823) sd x8, 0x270(x2)                        common_Mentry+4
mem[W,0x0000000080006270] <- 0x0000000000007F76

mem[X,0x00000000800022DC] -> 0x3423
mem[X,0x00000000800022DE] -> 0x2671
[1247] [M]: 0x00000000800022DC (0x26713423) sd x7, 0x268(x2)                        common_Mentry+8
mem[W,0x0000000080006268] <- 0x00000000003FBB6F

clint mtime 0x0000000000000270 (mip.MTI <- 0b1, mip.STI <- 0b0)
mem[X,0x00000000800022E0] -> 0x3023
mem[X,0x00000000800022E2] -> 0x2661
[1248] [M]: 0x00000000800022E0 (0x26613023) sd x6, 0x260(x2)                        common_Mentry+12
mem[W,0x0000000080006260] <- 0x000000001FDDB7D5

mem[X,0x00000000800022E4] -> 0x2573
mem[X,0x00000000800022E6] -> 0x3420
[1249] [M]: 0x00000000800022E4 (0x34202573) csrrs x10, mcause, x0                   spcl_M2mmode_test+0
CSR mcause (0x342) -> 0x0000000000000005
x10 <- 0x0000000000000005

clint mtime 0x0000000000000271 (mip.MTI <- 0b1, mip.STI <- 0b0)
mem[X,0x00000000800022E8] -> 0x04B7
mem[X,0x00000000800022EA] -> 0x8000
[1250] [M]: 0x00000000800022E8 (0x800004B7) lui x9, -0x80000                        spcl_M2mmode_test+4
x9 <- 0xFFFFFFFF80000000

mem[X,0x00000000800022EC] -> 0x8493
mem[X,0x00000000800022EE] -> 0x0004
[1251] [M]: 0x00000000800022EC (0x00048493) addi x9, x9, 0x0                        spcl_M2mmode_test+8
x9 <- 0xFFFFFFFF80000000

clint mtime 0x0000000000000272 (mip.MTI <- 0b1, mip.STI <- 0b0)
mem[X,0x00000000800022F0] -> 0x9493
mem[X,0x00000000800022F2] -> 0x00B4
[1252] [M]: 0x00000000800022F0 (0x00B49493) slli x9, x9, 0xb                        spcl_M2mmode_test+12
x9 <- 0xFFFFFC0000000000

mem[X,0x00000000800022F4] -> 0x8493
mem[X,0x00000000800022F6] -> 0x0004
[1253] [M]: 0x00000000800022F4 (0x00048493) addi x9, x9, 0x0                        spcl_M2mmode_test+16
x9 <- 0xFFFFFC0000000000

clint mtime 0x0000000000000273 (mip.MTI <- 0b1, mip.STI <- 0b0)
mem[X,0x00000000800022F8] -> 0x9493
mem[X,0x00000000800022FA] -> 0x00B4
[1254] [M]: 0x00000000800022F8 (0x00B49493) slli x9, x9, 0xb                        spcl_M2mmode_test+20
x9 <- 0xFFE0000000000000

mem[X,0x00000000800022FC] -> 0x8493
mem[X,0x00000000800022FE] -> 0x0034
[1255] [M]: 0x00000000800022FC (0x00348493) addi x9, x9, 0x3                        spcl_M2mmode_test+24
x9 <- 0xFFE0000000000003

clint mtime 0x0000000000000274 (mip.MTI <- 0b1, mip.STI <- 0b0)
mem[X,0x0000000080002300] -> 0x9493
mem[X,0x0000000080002302] -> 0x00A4
[1256] [M]: 0x0000000080002300 (0x00A49493) slli x9, x9, 0xa                        spcl_M2mmode_test+28
x9 <- 0x8000000000000C00

mem[X,0x0000000080002304] -> 0x8493
mem[X,0x0000000080002306] -> 0x3FC4
[1257] [M]: 0x0000000080002304 (0x3FC48493) addi x9, x9, 0x3fc                      spcl_M2mmode_test+32
x9 <- 0x8000000000000FFC

clint mtime 0x0000000000000275 (mip.MTI <- 0b1, mip.STI <- 0b0)
mem[X,0x0000000080002308] -> 0xF4B3
mem[X,0x000000008000230A] -> 0x00A4
[1258] [M]: 0x0000000080002308 (0x00A4F4B3) and x9, x9, x10                         spcl_M2mmode_test+36
x9 <- 0x0000000000000004

mem[X,0x000000008000230C] -> 0x8493
mem[X,0x000000008000230E] -> 0xFF84
[1259] [M]: 0x000000008000230C (0xFF848493) addi x9, x9, -0x8                       spcl_M2mmode_test+40
x9 <- 0xFFFFFFFFFFFFFFFC

clint mtime 0x0000000000000276 (mip.MTI <- 0b1, mip.STI <- 0b0)
mem[X,0x0000000080002310] -> 0x9663
mem[X,0x0000000080002312] -> 0x0004
[1260] [M]: 0x0000000080002310 (0x00049663) bne x9, x0, 0xc                         spcl_M2mmode_test+44

mem[X,0x000000008000231C] -> 0x0393
mem[X,0x000000008000231E] -> 0x0200
[1261] [M]: 0x000000008000231C (0x02000393) addi x7, x0, 0x20                       Mtrapsig_ptr_upd+0
x7 <- 0x0000000000000020

clint mtime 0x0000000000000277 (mip.MTI <- 0b1, mip.STI <- 0b0)
mem[X,0x0000000080002320] -> 0x5263
mem[X,0x0000000080002322] -> 0x0405
[1262] [M]: 0x0000000080002320 (0x04055263) bge x10, x0, 0x44                       Mtrapsig_ptr_upd+4

mem[X,0x0000000080002364] -> 0x2373
mem[X,0x0000000080002366] -> 0x3010
[1263] [M]: 0x0000000080002364 (0x30102373) csrrs x6, misa, x0                      Mxcpt_sig_sv+0
CSR misa (0x301) -> 0x800000000034112F
x6 <- 0x800000000034112F

clint mtime 0x0000000000000278 (mip.MTI <- 0b1, mip.STI <- 0b0)
mem[X,0x0000000080002368] -> 0x1313
mem[X,0x000000008000236A] -> 0x0383
[1264] [M]: 0x0000000080002368 (0x03831313) slli x6, x6, 0x38                       Mxcpt_sig_sv+4
x6 <- 0x2F00000000000000

mem[X,0x000000008000236C] -> 0x5463
mem[X,0x000000008000236E] -> 0x0003
[1265] [M]: 0x000000008000236C (0x00035463) bge x6, x0, 0x8                         Mxcpt_sig_sv+8

clint mtime 0x0000000000000279 (mip.MTI <- 0b1, mip.STI <- 0b0)
mem[X,0x0000000080002374] -> 0x3303
mem[X,0x0000000080002376] -> 0x2181
[1266] [M]: 0x0000000080002374 (0x21813303) ld x6, 0x218(x2)                        Mtrap_sig_sv+0
mem[R,0x0000000080006218] -> 0x00000000800074E0
x6 <- 0x00000000800074E0

mem[X,0x0000000080002378] -> 0x04B3
mem[X,0x000000008000237A] -> 0x0073
[1267] [M]: 0x0000000080002378 (0x007304B3) add x9, x6, x7                          Mtrap_sig_sv+4
x9 <- 0x0000000080007500

clint mtime 0x000000000000027A (mip.MTI <- 0b1, mip.STI <- 0b0)
mem[X,0x000000008000237C] -> 0x3C23
mem[X,0x000000008000237E] -> 0x2091
[1268] [M]: 0x000000008000237C (0x20913C23) sd x9, 0x218(x2)                        Mtrap_sig_sv+8
mem[W,0x0000000080006218] <- 0x0000000080007500

mem[X,0x0000000080002380] -> 0x3403
mem[X,0x0000000080002382] -> 0x1F81
[1269] [M]: 0x0000000080002380 (0x1F813403) ld x8, 0x1f8(x2)                        Mtrap_sig_sv+12
mem[R,0x00000000800061F8] -> 0x0000000080007210
x8 <- 0x0000000080007210

clint mtime 0x000000000000027B (mip.MTI <- 0b1, mip.STI <- 0b0)
mem[X,0x0000000080002384] -> 0x0333
mem[X,0x0000000080002386] -> 0x4083
[1270] [M]: 0x0000000080002384 (0x40830333) sub x6, x6, x8                          Mtrap_sig_sv+16
x6 <- 0x00000000000002D0

mem[X,0x0000000080002388] -> 0x3403
mem[X,0x000000008000238A] -> 0x1F81
[1271] [M]: 0x0000000080002388 (0x1F813403) ld x8, 0x1f8(x2)                        Mtrap_sig_sv+20
mem[R,0x00000000800061F8] -> 0x0000000080007210
x8 <- 0x0000000080007210

clint mtime 0x000000000000027C (mip.MTI <- 0b1, mip.STI <- 0b0)
mem[X,0x000000008000238C] -> 0x0333
mem[X,0x000000008000238E] -> 0x0083
[1272] [M]: 0x000000008000238C (0x00830333) add x6, x6, x8                          Mtrap_sig_sv+24
x6 <- 0x00000000800074E0

mem[X,0x0000000080002390] -> 0x3403
mem[X,0x0000000080002392] -> 0x2401
[1273] [M]: 0x0000000080002390 (0x24013403) ld x8, 0x240(x2)                        Mtrap_sig_sv+28
mem[R,0x0000000080006240] -> 0x0000000080002100
x8 <- 0x0000000080002100

clint mtime 0x000000000000027D (mip.MTI <- 0b1, mip.STI <- 0b0)
mem[X,0x0000000080002394] -> 0x85B3
mem[X,0x0000000080002396] -> 0x4085
[1274] [M]: 0x0000000080002394 (0x408585B3) sub x11, x11, x8                        sv_Mvect+0
x11 <- 0x000000000000010C

mem[X,0x0000000080002398] -> 0x9593
mem[X,0x000000008000239A] -> 0x0045
[1275] [M]: 0x0000000080002398 (0x00459593) slli x11, x11, 0x4                      sv_Mvect+4
x11 <- 0x00000000000010C0

clint mtime 0x000000000000027E (mip.MTI <- 0b1, mip.STI <- 0b0)
mem[X,0x000000008000239C] -> 0xE5B3
mem[X,0x000000008000239E] -> 0x0075
[1276] [M]: 0x000000008000239C (0x0075E5B3) or x11, x11, x7                         sv_Mvect+8
x11 <- 0x00000000000010E0

mem[X,0x00000000800023A0] -> 0x8593
mem[X,0x00000000800023A2] -> 0x0035
[1277] [M]: 0x00000000800023A0 (0x00358593) addi x11, x11, 0x3                      sv_Mvect+12
x11 <- 0x00000000000010E3

clint mtime 0x000000000000027F (mip.MTI <- 0b1, mip.STI <- 0b0)
mem[X,0x00000000800023A4] -> 0x3023
mem[X,0x00000000800023A6] -> 0x00B3
[1278] [M]: 0x00000000800023A4 (0x00B33023) sd x11, 0x0(x6)                         sv_Mvect+16
mem[W,0x00000000800074E0] <- 0x00000000000010E3

mem[X,0x00000000800023A8] -> 0x3423
mem[X,0x00000000800023AA] -> 0x00A3
[1279] [M]: 0x00000000800023A8 (0x00A33423) sd x10, 0x8(x6)                         sv_Mcause+0
mem[W,0x00000000800074E8] <- 0x0000000000000005

clint mtime 0x0000000000000280 (mip.MTI <- 0b1, mip.STI <- 0b0)
mem[X,0x00000000800023AC] -> 0x4263
mem[X,0x00000000800023AE] -> 0x1A05
[1280] [M]: 0x00000000800023AC (0x1A054263) blt x10, x0, 0x1a4                      sv_Mcause+4

mem[X,0x00000000800023B0] -> 0x25F3
mem[X,0x00000000800023B2] -> 0x3000
[1281] [M]: 0x00000000800023B0 (0x300025F3) csrrs x11, mstatus, x0                  common_Mexcpt_handler+0
CSR mstatus (0x300) -> 0x0000000A00001800
x11 <- 0x0000000A00001800

clint mtime 0x0000000000000281 (mip.MTI <- 0b1, mip.STI <- 0b0)
mem[X,0x00000000800023B4] -> 0x9413
mem[X,0x00000000800023B6] -> 0x02E5
[1282] [M]: 0x00000000800023B4 (0x02E59413) slli x8, x11, 0x2e                      common_Mexcpt_handler+4
x8 <- 0x0600000000000000

mem[X,0x00000000800023B8] -> 0x5463
mem[X,0x00000000800023BA] -> 0x0004
[1283] [M]: 0x00000000800023B8 (0x00045463) bge x8, x0, 0x8                         common_Mexcpt_handler+8

clint mtime 0x0000000000000282 (mip.MTI <- 0b1, mip.STI <- 0b0)
mem[X,0x00000000800023C0] -> 0xD493
mem[X,0x00000000800023C2] -> 0x00B5
[1284] [M]: 0x00000000800023C0 (0x00B5D493) srli x9, x11, 0xb                       common_Mexcpt_handler+16
x9 <- 0x0000000001400003

mem[X,0x00000000800023C4] -> 0xF493
mem[X,0x00000000800023C6] -> 0x0034
[1285] [M]: 0x00000000800023C4 (0x0034F493) andi x9, x9, 0x3                        common_Mexcpt_handler+20
x9 <- 0x0000000000000003

clint mtime 0x0000000000000283 (mip.MTI <- 0b1, mip.STI <- 0b0)
mem[X,0x00000000800023C8] -> 0x8493
mem[X,0x00000000800023CA] -> 0x0014
[1286] [M]: 0x00000000800023C8 (0x00148493) addi x9, x9, 0x1                        common_Mexcpt_handler+24
x9 <- 0x0000000000000004

mem[X,0x00000000800023CC] -> 0xF493
mem[X,0x00000000800023CE] -> 0x0044
[1287] [M]: 0x00000000800023CC (0x0044F493) andi x9, x9, 0x4                        common_Mexcpt_handler+28
x9 <- 0x0000000000000004

clint mtime 0x0000000000000284 (mip.MTI <- 0b1, mip.STI <- 0b0)
mem[X,0x00000000800023D0] -> 0x0593
mem[X,0x00000000800023D2] -> 0x05D0
[1288] [M]: 0x00000000800023D0 (0x05D00593) addi x11, x0, 0x5d                      common_Mexcpt_handler+32
x11 <- 0x000000000000005D

mem[X,0x00000000800023D4] -> 0xD5B3
mem[X,0x00000000800023D6] -> 0x0095
[1289] [M]: 0x00000000800023D4 (0x0095D5B3) srl x11, x11, x9                        common_Mexcpt_handler+36
x11 <- 0x0000000000000005

clint mtime 0x0000000000000285 (mip.MTI <- 0b1, mip.STI <- 0b0)
mem[X,0x00000000800023D8] -> 0xF593
mem[X,0x00000000800023DA] -> 0x0015
[1290] [M]: 0x00000000800023D8 (0x0015F593) andi x11, x11, 0x1                      common_Mexcpt_handler+40
x11 <- 0x0000000000000001

mem[X,0x00000000800023DC] -> 0x8EE3
mem[X,0x00000000800023DE] -> 0xF405
[1291] [M]: 0x00000000800023DC (0xF4058EE3) beq x11, x0, -0xa4                      common_Mexcpt_handler+44

clint mtime 0x0000000000000286 (mip.MTI <- 0b1, mip.STI <- 0b0)
mem[X,0x00000000800023E0] -> 0x0593
mem[X,0x00000000800023E2] -> 0x2980
[1292] [M]: 0x00000000800023E0 (0x29800593) addi x11, x0, 0x298                     common_Mexcpt_handler+48
x11 <- 0x0000000000000298

mem[X,0x00000000800023E4] -> 0xF413
mem[X,0x00000000800023E6] -> 0x0014
[1293] [M]: 0x00000000800023E4 (0x0014F413) andi x8, x9, 0x1                        common_Mexcpt_handler+52
x8 <- 0x0000000000000000

clint mtime 0x0000000000000287 (mip.MTI <- 0b1, mip.STI <- 0b0)
mem[X,0x00000000800023E8] -> 0x95B3
mem[X,0x00000000800023EA] -> 0x0085
[1294] [M]: 0x00000000800023E8 (0x008595B3) sll x11, x11, x8                        common_Mexcpt_handler+56
x11 <- 0x0000000000000298

mem[X,0x00000000800023EC] -> 0x9413
mem[X,0x00000000800023EE] -> 0x03D4
[1295] [M]: 0x00000000800023EC (0x03D49413) slli x8, x9, 0x3d                       common_Mexcpt_handler+60
x8 <- 0x8000000000000000

clint mtime 0x0000000000000288 (mip.MTI <- 0b1, mip.STI <- 0b0)
mem[X,0x00000000800023F0] -> 0x5413
mem[X,0x00000000800023F2] -> 0x43F4
[1296] [M]: 0x00000000800023F0 (0x43F45413) srai x8, x8, 0x3f                       common_Mexcpt_handler+64
x8 <- 0xFFFFFFFFFFFFFFFF

mem[X,0x00000000800023F4] -> 0x4413
mem[X,0x00000000800023F6] -> 0xFFF4
[1297] [M]: 0x00000000800023F4 (0xFFF44413) xori x8, x8, -0x1                       common_Mexcpt_handler+68
x8 <- 0x0000000000000000

clint mtime 0x0000000000000289 (mip.MTI <- 0b1, mip.STI <- 0b0)
mem[X,0x00000000800023F8] -> 0xF4B3
mem[X,0x00000000800023FA] -> 0x0085
[1298] [M]: 0x00000000800023F8 (0x0085F4B3) and x9, x11, x8                         common_Mexcpt_handler+72
x9 <- 0x0000000000000000

mem[X,0x00000000800023FC] -> 0x84B3
mem[X,0x00000000800023FE] -> 0x0024
[1299] [M]: 0x00000000800023FC (0x002484B3) add x9, x9, x2                          vmem_adj_Mepc+0
x9 <- 0x0000000080006000

clint mtime 0x000000000000028A (mip.MTI <- 0b1, mip.STI <- 0b0)
mem[X,0x0000000080002400] -> 0x23F3
mem[X,0x0000000080002402] -> 0x3410
[1300] [M]: 0x0000000080002400 (0x341023F3) csrrs x7, mepc, x0                      vmem_adj_Mepc+4
CSR mepc (0x341) -> 0x00000000800008A0
x7 <- 0x00000000800008A0

mem[X,0x0000000080002404] -> 0x0413
mem[X,0x0000000080002406] -> 0x0004
[1301] [M]: 0x0000000080002404 (0x00040413) addi x8, x8, 0x0                        vmem_adj_Mepc+8
x8 <- 0x0000000000000000

clint mtime 0x000000000000028B (mip.MTI <- 0b1, mip.STI <- 0b0)
mem[X,0x0000000080002408] -> 0x006F
mem[X,0x000000008000240A] -> 0x0400
[1302] [M]: 0x0000000080002408 (0x0400006F) jal x0, 0x40                            vmem_adj_Mepc+12

mem[X,0x0000000080002448] -> 0x8433
mem[X,0x000000008000244A] -> 0x4083
[1303] [M]: 0x0000000080002448 (0x40838433) sub x8, x7, x8                          adj_Mepc+0
x8 <- 0x00000000800008A0

clint mtime 0x000000000000028C (mip.MTI <- 0b1, mip.STI <- 0b0)
mem[X,0x000000008000244C] -> 0x3823
mem[X,0x000000008000244E] -> 0x0083
[1304] [M]: 0x000000008000244C (0x00833823) sd x8, 0x10(x6)                         sv_Mepc+0
mem[W,0x00000000800074F0] <- 0x00000000800008A0

mem[X,0x0000000080002450] -> 0x55B7
mem[X,0x0000000080002452] -> 0x0000
[1305] [M]: 0x0000000080002450 (0x000055B7) lui x11, 0x5                            sv_Mepc+4
x11 <- 0x0000000000005000

clint mtime 0x000000000000028D (mip.MTI <- 0b1, mip.STI <- 0b0)
mem[X,0x0000000080002454] -> 0x8593
mem[X,0x0000000080002456] -> 0x6675
[1306] [M]: 0x0000000080002454 (0x66758593) addi x11, x11, 0x667                    sv_Mepc+8
x11 <- 0x0000000000005667

mem[X,0x0000000080002458] -> 0x9593
mem[X,0x000000008000245A] -> 0x0015
[1307] [M]: 0x0000000080002458 (0x00159593) slli x11, x11, 0x1                      sv_Mepc+12
x11 <- 0x000000000000ACCE

clint mtime 0x000000000000028E (mip.MTI <- 0b1, mip.STI <- 0b0)
mem[X,0x000000008000245C] -> 0x9063
mem[X,0x000000008000245E] -> 0x02B1
[1308] [M]: 0x000000008000245C (0x02B19063) bne x3, x11, 0x20                       sv_Mepc+16

mem[X,0x000000008000247C] -> 0xF593
mem[X,0x000000008000247E] -> 0xFFC3
[1309] [M]: 0x000000008000247C (0xFFC3F593) andi x11, x7, -0x4                      adj_Mepc_rtn+0
x11 <- 0x00000000800008A0

clint mtime 0x000000000000028F (mip.MTI <- 0b1, mip.STI <- 0b0)
mem[X,0x0000000080002480] -> 0x8593
mem[X,0x0000000080002482] -> 0x0085
[1310] [M]: 0x0000000080002480 (0x00858593) addi x11, x11, 0x8                      adj_Mepc_rtn+4
x11 <- 0x00000000800008A8

mem[X,0x0000000080002484] -> 0x9073
mem[X,0x0000000080002486] -> 0x3415
[1311] [M]: 0x0000000080002484 (0x34159073) csrrw x0, mepc, x11                     adj_Mepc_rtn+8
CSR mepc (0x341) <- 0x00000000800008A8

clint mtime 0x0000000000000290 (mip.MTI <- 0b1, mip.STI <- 0b0)
mem[X,0x0000000080002488] -> 0x23F3
mem[X,0x000000008000248A] -> 0x3430
[1312] [M]: 0x0000000080002488 (0x343023F3) csrrs x7, mtval, x0                     skp_adj_Mepc+0
CSR mtval (0x343) -> 0x0000000080002000
x7 <- 0x0000000080002000

mem[X,0x000000008000248C] -> 0x7513
mem[X,0x000000008000248E] -> 0x00F5
[1313] [M]: 0x000000008000248C (0x00F57513) andi x10, x10, 0xf                      chk_Mtval+0
x10 <- 0x0000000000000005

clint mtime 0x0000000000000291 (mip.MTI <- 0b1, mip.STI <- 0b0)
mem[X,0x0000000080002490] -> 0x0437
mem[X,0x0000000080002492] -> 0x0000
[1314] [M]: 0x0000000080002490 (0x00000437) lui x8, 0x0                             chk_Mtval+4
x8 <- 0x0000000000000000

mem[X,0x0000000080002494] -> 0x0413
mem[X,0x0000000080002496] -> 0x0004
[1315] [M]: 0x0000000080002494 (0x00040413) addi x8, x8, 0x0                        chk_Mtval+8
x8 <- 0x0000000000000000

clint mtime 0x0000000000000292 (mip.MTI <- 0b1, mip.STI <- 0b0)
mem[X,0x0000000080002498] -> 0x1413
mem[X,0x000000008000249A] -> 0x00B4
[1316] [M]: 0x0000000080002498 (0x00B41413) slli x8, x8, 0xb                        chk_Mtval+12
x8 <- 0x0000000000000000

mem[X,0x000000008000249C] -> 0x0413
mem[X,0x000000008000249E] -> 0x0004
[1317] [M]: 0x000000008000249C (0x00040413) addi x8, x8, 0x0                        chk_Mtval+16
x8 <- 0x0000000000000000

clint mtime 0x0000000000000293 (mip.MTI <- 0b1, mip.STI <- 0b0)
mem[X,0x00000000800024A0] -> 0x1413
mem[X,0x00000000800024A2] -> 0x00B4
[1318] [M]: 0x00000000800024A0 (0x00B41413) slli x8, x8, 0xb                        chk_Mtval+20
x8 <- 0x0000000000000000

mem[X,0x00000000800024A4] -> 0x0413
mem[X,0x00000000800024A6] -> 0x02C4
[1319] [M]: 0x00000000800024A4 (0x02C40413) addi x8, x8, 0x2c                       chk_Mtval+24
x8 <- 0x000000000000002C

clint mtime 0x0000000000000294 (mip.MTI <- 0b1, mip.STI <- 0b0)
mem[X,0x00000000800024A8] -> 0x1413
mem[X,0x00000000800024AA] -> 0x00A4
[1320] [M]: 0x00000000800024A8 (0x00A41413) slli x8, x8, 0xa                        chk_Mtval+28
x8 <- 0x000000000000B000

mem[X,0x00000000800024AC] -> 0x0413
mem[X,0x00000000800024AE] -> 0x0FB4
[1321] [M]: 0x00000000800024AC (0x0FB40413) addi x8, x8, 0xfb                       chk_Mtval+32
x8 <- 0x000000000000B0FB

clint mtime 0x0000000000000295 (mip.MTI <- 0b1, mip.STI <- 0b0)
mem[X,0x00000000800024B0] -> 0x5433
mem[X,0x00000000800024B2] -> 0x00A4
[1322] [M]: 0x00000000800024B0 (0x00A45433) srl x8, x8, x10                         chk_Mtval+36
x8 <- 0x0000000000000587

mem[X,0x00000000800024B4] -> 0x1413
mem[X,0x00000000800024B6] -> 0x03F4
[1323] [M]: 0x00000000800024B4 (0x03F41413) slli x8, x8, 0x3f                       chk_Mtval+40
x8 <- 0x8000000000000000

clint mtime 0x0000000000000296 (mip.MTI <- 0b1, mip.STI <- 0b0)
mem[X,0x00000000800024B8] -> 0x5C63
mem[X,0x00000000800024BA] -> 0x0404
[1324] [M]: 0x00000000800024B8 (0x04045C63) bge x8, x0, 0x58                        chk_Mtval+44

mem[X,0x00000000800024BC] -> 0xB403
mem[X,0x00000000800024BE] -> 0x2084
[1325] [M]: 0x00000000800024BC (0x2084B403) ld x8, 0x208(x9)                        vmem_adj_Mtval+0
mem[R,0x0000000080006208] -> 0x00000000800003B4
x8 <- 0x00000000800003B4

clint mtime 0x0000000000000297 (mip.MTI <- 0b1, mip.STI <- 0b0)
mem[X,0x00000000800024C0] -> 0xB583
mem[X,0x00000000800024C2] -> 0x2104
[1326] [M]: 0x00000000800024C0 (0x2104B583) ld x11, 0x210(x9)                       vmem_adj_Mtval+4
mem[R,0x0000000080006210] -> 0x0000000000001C5C
x11 <- 0x0000000000001C5C

mem[X,0x00000000800024C4] -> 0x85B3
mem[X,0x00000000800024C6] -> 0x0085
[1327] [M]: 0x00000000800024C4 (0x008585B3) add x11, x11, x8                        vmem_adj_Mtval+8
x11 <- 0x0000000080002010

clint mtime 0x0000000000000298 (mip.MTI <- 0b1, mip.STI <- 0b0)
mem[X,0x00000000800024C8] -> 0xF463
mem[X,0x00000000800024CA] -> 0x00B3
[1328] [M]: 0x00000000800024C8 (0x00B3F463) bgeu x7, x11, 0x8                       vmem_adj_Mtval+12

mem[X,0x00000000800024CC] -> 0xF063
mem[X,0x00000000800024CE] -> 0x0483
[1329] [M]: 0x00000000800024CC (0x0483F063) bgeu x7, x8, 0x40                       vmem_adj_Mtval+16

clint mtime 0x0000000000000299 (mip.MTI <- 0b1, mip.STI <- 0b0)
mem[X,0x000000008000250C] -> 0x8433
mem[X,0x000000008000250E] -> 0x4083
[1330] [M]: 0x000000008000250C (0x40838433) sub x8, x7, x8                          adj_Mtval+0
x8 <- 0x0000000000001C4C

mem[X,0x0000000080002510] -> 0x3C23
mem[X,0x0000000080002512] -> 0x0083
[1331] [M]: 0x0000000080002510 (0x00833C23) sd x8, 0x18(x6)                         sv_Mtval+0
mem[W,0x00000000800074F8] <- 0x0000000000001C4C

clint mtime 0x000000000000029A (mip.MTI <- 0b1, mip.STI <- 0b0)
mem[X,0x0000000080002514] -> 0x3483
mem[X,0x0000000080002516] -> 0x2181
[1332] [M]: 0x0000000080002514 (0x21813483) ld x9, 0x218(x2)                        skp_Mtval+0
mem[R,0x0000000080006218] -> 0x0000000080007500
x9 <- 0x0000000080007500

mem[X,0x0000000080002518] -> 0x3383
mem[X,0x000000008000251A] -> 0x1F81
[1333] [M]: 0x0000000080002518 (0x1F813383) ld x7, 0x1f8(x2)                        skp_Mtval+4
mem[R,0x00000000800061F8] -> 0x0000000080007210
x7 <- 0x0000000080007210

clint mtime 0x000000000000029B (mip.MTI <- 0b1, mip.STI <- 0b0)
mem[X,0x000000008000251C] -> 0x3303
mem[X,0x000000008000251E] -> 0x2001
[1334] [M]: 0x000000008000251C (0x20013303) ld x6, 0x200(x2)                        skp_Mtval+8
mem[R,0x0000000080006200] -> 0x0000000000000A20
x6 <- 0x0000000000000A20

mem[X,0x0000000080002520] -> 0x0333
mem[X,0x0000000080002522] -> 0x0073
[1335] [M]: 0x0000000080002520 (0x00730333) add x6, x6, x7                          skp_Mtval+12
x6 <- 0x0000000080007C30

clint mtime 0x000000000000029C (mip.MTI <- 0b1, mip.STI <- 0b0)
mem[X,0x0000000080002524] -> 0x6AE3
mem[X,0x0000000080002526] -> 0xAE93
[1336] [M]: 0x0000000080002524 (0xAE936AE3) bltu x6, x9, -0x50c                     skp_Mtval+16

mem[X,0x0000000080002528] -> 0x0393
mem[X,0x000000008000252A] -> 0x2000
[1337] [M]: 0x0000000080002528 (0x20000393) addi x7, x0, 0x200                      skp_Mtval+20
x7 <- 0x0000000000000200

clint mtime 0x000000000000029D (mip.MTI <- 0b1, mip.STI <- 0b0)
mem[X,0x000000008000252C] -> 0x006F
mem[X,0x000000008000252E] -> 0x0400
[1338] [M]: 0x000000008000252C (0x0400006F) jal x0, 0x40                            skp_Mtval+24

mem[X,0x000000008000256C] -> 0x0417
mem[X,0x000000008000256E] -> 0x0000
[1339] [M]: 0x000000008000256C (0x00000417) auipc x8, 0x0                           spcl_Mhandler+0
x8 <- 0x000000008000256C

clint mtime 0x000000000000029E (mip.MTI <- 0b1, mip.STI <- 0b0)
mem[X,0x0000000080002570] -> 0x0413
mem[X,0x0000000080002572] -> 0x03C4
[1340] [M]: 0x0000000080002570 (0x03C40413) addi x8, x8, 0x3c                       spcl_Mhandler+4
x8 <- 0x00000000800025A8

mem[X,0x0000000080002574] -> 0x0433
mem[X,0x0000000080002576] -> 0x0074
[1341] [M]: 0x0000000080002574 (0x00740433) add x8, x8, x7                          spcl_Mhandler+8
x8 <- 0x00000000800027A8

clint mtime 0x000000000000029F (mip.MTI <- 0b1, mip.STI <- 0b0)
mem[X,0x0000000080002578] -> 0x1393
mem[X,0x000000008000257A] -> 0x0035
[1342] [M]: 0x0000000080002578 (0x00351393) slli x7, x10, 0x3                       spcl_Mhandler+12
x7 <- 0x0000000000000028

mem[X,0x000000008000257C] -> 0x0433
mem[X,0x000000008000257E] -> 0x0074
[1343] [M]: 0x000000008000257C (0x00740433) add x8, x8, x7                          spcl_Mhandler+16
x8 <- 0x00000000800027D0

clint mtime 0x00000000000002A0 (mip.MTI <- 0b1, mip.STI <- 0b0)
mem[X,0x0000000080002580] -> 0x7413
mem[X,0x0000000080002582] -> 0xFF84
[1344] [M]: 0x0000000080002580 (0xFF847413) andi x8, x8, -0x8                       spcl_Mhandler+20
x8 <- 0x00000000800027D0

mem[X,0x0000000080002584] -> 0x3403
mem[X,0x0000000080002586] -> 0x0004
[1345] [M]: 0x0000000080002584 (0x00043403) ld x8, 0x0(x8)                          spcl_Mhandler+24
mem[R,0x00000000800027D0] -> 0x000000000000000B
x8 <- 0x000000000000000B

clint mtime 0x00000000000002A1 (mip.MTI <- 0b1, mip.STI <- 0b0)
mem[X,0x0000000080002588] -> 0x02E3
mem[X,0x000000008000258A] -> 0xB204
[1346] [M]: 0x0000000080002588 (0xB20402E3) beq x8, x0, -0x4dc                      spcl_Mdispatch_hndling+0

mem[X,0x000000008000258C] -> 0x1393
mem[X,0x000000008000258E] -> 0x03F4
[1347] [M]: 0x000000008000258C (0x03F41393) slli x7, x8, 0x3f                       spcl_Mdispatch_hndling+4
x7 <- 0x8000000000000000

clint mtime 0x00000000000002A2 (mip.MTI <- 0b1, mip.STI <- 0b0)
mem[X,0x0000000080002590] -> 0xD863
mem[X,0x0000000080002592] -> 0x0003
[1348] [M]: 0x0000000080002590 (0x0003D863) bge x7, x0, 0x10                        spcl_Mdispatch_hndling+8

mem[X,0x0000000080002594] -> 0x5413
mem[X,0x0000000080002596] -> 0x0014
[1349] [M]: 0x0000000080002594 (0x00145413) srli x8, x8, 0x1                        spcl_Mdispatch_hndling+12
x8 <- 0x0000000000000005

clint mtime 0x00000000000002A3 (mip.MTI <- 0b1, mip.STI <- 0b0)
mem[X,0x0000000080002598] -> 0x0CE3
mem[X,0x000000008000259A] -> 0xF885
[1350] [M]: 0x0000000080002598 (0xF8850CE3) beq x10, x8, -0x68                      spcl_Mdispatch_hndling+16

mem[X,0x0000000080002530] -> 0x3303
mem[X,0x0000000080002532] -> 0x2601
[1351] [M]: 0x0000000080002530 (0x26013303) ld x6, 0x260(x2)                        resto_Mrtn+0
mem[R,0x0000000080006260] -> 0x000000001FDDB7D5
x6 <- 0x000000001FDDB7D5

clint mtime 0x00000000000002A4 (mip.MTI <- 0b1, mip.STI <- 0b0)
mem[X,0x0000000080002534] -> 0x3383
mem[X,0x0000000080002536] -> 0x2681
[1352] [M]: 0x0000000080002534 (0x26813383) ld x7, 0x268(x2)                        resto_Mrtn+4
mem[R,0x0000000080006268] -> 0x00000000003FBB6F
x7 <- 0x00000000003FBB6F

mem[X,0x0000000080002538] -> 0x3403
mem[X,0x000000008000253A] -> 0x2701
[1353] [M]: 0x0000000080002538 (0x27013403) ld x8, 0x270(x2)                        resto_Mrtn+8
mem[R,0x0000000080006270] -> 0x0000000000007F76
x8 <- 0x0000000000007F76

clint mtime 0x00000000000002A5 (mip.MTI <- 0b1, mip.STI <- 0b0)
mem[X,0x000000008000253C] -> 0x3483
mem[X,0x000000008000253E] -> 0x2781
[1354] [M]: 0x000000008000253C (0x27813483) ld x9, 0x278(x2)                        resto_Mrtn+12
mem[R,0x0000000080006278] -> 0x00000000000000FE
x9 <- 0x00000000000000FE

mem[X,0x0000000080002540] -> 0x3503
mem[X,0x0000000080002542] -> 0x2801
[1355] [M]: 0x0000000080002540 (0x28013503) ld x10, 0x280(x2)                       resto_Mrtn+16
mem[R,0x0000000080006280] -> 0x0000000000000001
x10 <- 0x0000000000000001

clint mtime 0x00000000000002A6 (mip.MTI <- 0b1, mip.STI <- 0b0)
mem[X,0x0000000080002544] -> 0x3583
mem[X,0x0000000080002546] -> 0x2881
[1356] [M]: 0x0000000080002544 (0x28813583) ld x11, 0x288(x2)                       resto_Mrtn+20
mem[R,0x0000000080006288] -> 0x0000000000000000
x11 <- 0x0000000000000000

mem[X,0x0000000080002548] -> 0x3103
mem[X,0x000000008000254A] -> 0x2901
[1357] [M]: 0x0000000080002548 (0x29013103) ld x2, 0x290(x2)                        resto_Mrtn+24
mem[R,0x0000000080006290] -> 0x01FDDB7D5BFDDB7F
x2 <- 0x01FDDB7D5BFDDB7F

clint mtime 0x00000000000002A7 (mip.MTI <- 0b1, mip.STI <- 0b0)
mem[X,0x000000008000254C] -> 0x0073
mem[X,0x000000008000254E] -> 0x3020
[1358] [M]: 0x000000008000254C (0x30200073) mret                                    resto_Mrtn+28
CSR mstatus (0x300) <- 0x0000000A00000080
ret-ing from M to M

mem[X,0x00000000800008A8] -> 0x0013
mem[X,0x00000000800008AA] -> 0x0000
[1359] [M]: 0x00000000800008A8 (0x00000013) addi x0, x0, 0x0                        main+1224

clint mtime 0x00000000000002A8 (mip.MTI <- 0b1, mip.STI <- 0b0)
mem[X,0x00000000800008AC] -> 0xB823
mem[X,0x00000000800008AE] -> 0x08E6
[1360] [M]: 0x00000000800008AC (0x08E6B823) sd x14, 0x90(x13)                       main+1228
mem[W,0x00000000800072A8] <- 0x0000000000000013

mem[X,0x00000000800008B0] -> 0x8793
mem[X,0x00000000800008B2] -> 0xFFC7
[1361] [M]: 0x00000000800008B0 (0xFFC78793) addi x15, x15, -0x4                     main+1232
x15 <- 0x0000000080001FFC

clint mtime 0x00000000000002A9 (mip.MTI <- 0b1, mip.STI <- 0b0)
mem[X,0x00000000800008B4] -> 0xA703
mem[X,0x00000000800008B6] -> 0x0007
[1362] [M]: 0x00000000800008B4 (0x0007A703) lw x14, 0x0(x15)                        main+1236
mem[R,0x0000000080001FFC] -> 0x00000013
x14 <- 0x0000000000000013

mem[X,0x00000000800008B8] -> 0x0013
mem[X,0x00000000800008BA] -> 0x0000
[1363] [M]: 0x00000000800008B8 (0x00000013) addi x0, x0, 0x0                        main+1240

clint mtime 0x00000000000002AA (mip.MTI <- 0b1, mip.STI <- 0b0)
mem[X,0x00000000800008BC] -> 0x0013
mem[X,0x00000000800008BE] -> 0x0000
[1364] [M]: 0x00000000800008BC (0x00000013) addi x0, x0, 0x0                        main+1244

mem[X,0x00000000800008C0] -> 0xBC23
mem[X,0x00000000800008C2] -> 0x08E6
[1365] [M]: 0x00000000800008C0 (0x08E6BC23) sd x14, 0x98(x13)                       main+1248
mem[W,0x00000000800072B0] <- 0x0000000000000013

clint mtime 0x00000000000002AB (mip.MTI <- 0b1, mip.STI <- 0b0)
mem[X,0x00000000800008C4] -> 0x8793
mem[X,0x00000000800008C6] -> 0x0087
[1366] [M]: 0x00000000800008C4 (0x00878793) addi x15, x15, 0x8                      main+1252
x15 <- 0x0000000080002004

mem[X,0x00000000800008C8] -> 0xA703
mem[X,0x00000000800008CA] -> 0x0007
[1367] [M]: 0x00000000800008C8 (0x0007A703) lw x14, 0x0(x15)                        main+1256
mem[R,0x0000000080002004] -> 0x00000013
x14 <- 0x0000000000000013

clint mtime 0x00000000000002AC (mip.MTI <- 0b1, mip.STI <- 0b0)
mem[X,0x00000000800008CC] -> 0x0013
mem[X,0x00000000800008CE] -> 0x0000
[1368] [M]: 0x00000000800008CC (0x00000013) addi x0, x0, 0x0                        main+1260

mem[X,0x00000000800008D0] -> 0x0013
mem[X,0x00000000800008D2] -> 0x0000
[1369] [M]: 0x00000000800008D0 (0x00000013) addi x0, x0, 0x0                        main+1264

clint mtime 0x00000000000002AD (mip.MTI <- 0b1, mip.STI <- 0b0)
mem[X,0x00000000800008D4] -> 0xB023
mem[X,0x00000000800008D6] -> 0x0AE6
[1370] [M]: 0x00000000800008D4 (0x0AE6B023) sd x14, 0xa0(x13)                       main+1268
mem[W,0x00000000800072B8] <- 0x0000000000000013

mem[X,0x00000000800008D8] -> 0x0013
mem[X,0x00000000800008DA] -> 0x0000
[1371] [M]: 0x00000000800008D8 (0x00000013) addi x0, x0, 0x0                        main+1272

clint mtime 0x00000000000002AE (mip.MTI <- 0b1, mip.STI <- 0b0)
mem[X,0x00000000800008DC] -> 0x0013
mem[X,0x00000000800008DE] -> 0x0000
[1372] [M]: 0x00000000800008DC (0x00000013) addi x0, x0, 0x0                        main+1276

mem[X,0x00000000800008E0] -> 0x12B7
mem[X,0x00000000800008E2] -> 0x2000
[1373] [M]: 0x00000000800008E0 (0x200012B7) lui x5, 0x20001                         main+1280
x5 <- 0x0000000020001000

clint mtime 0x00000000000002AF (mip.MTI <- 0b1, mip.STI <- 0b0)
mem[X,0x00000000800008E4] -> 0x829B
mem[X,0x00000000800008E6] -> 0x8002
[1374] [M]: 0x00000000800008E4 (0x8002829B) addiw x5, x5, -0x800                    main+1284
x5 <- 0x0000000020000800

mem[X,0x00000000800008E8] -> 0x0001
[1375] [M]: 0x00000000800008E8 (0x0001) c.nop                                       main+1288

clint mtime 0x00000000000002B0 (mip.MTI <- 0b1, mip.STI <- 0b0)
mem[X,0x00000000800008EA] -> 0x0013
mem[X,0x00000000800008EC] -> 0x0000
[1376] [M]: 0x00000000800008EA (0x00000013) addi x0, x0, 0x0                        main+1290

mem[X,0x00000000800008EE] -> 0x0013
mem[X,0x00000000800008F0] -> 0x0000
[1377] [M]: 0x00000000800008EE (0x00000013) addi x0, x0, 0x0                        main+1294

clint mtime 0x00000000000002B1 (mip.MTI <- 0b1, mip.STI <- 0b0)
mem[X,0x00000000800008F2] -> 0x0013
mem[X,0x00000000800008F4] -> 0x0000
[1378] [M]: 0x00000000800008F2 (0x00000013) addi x0, x0, 0x0                        main+1298

mem[X,0x00000000800008F6] -> 0x0013
mem[X,0x00000000800008F8] -> 0x0000
[1379] [M]: 0x00000000800008F6 (0x00000013) addi x0, x0, 0x0                        main+1302

clint mtime 0x00000000000002B2 (mip.MTI <- 0b1, mip.STI <- 0b0)
mem[X,0x00000000800008FA] -> 0x0013
mem[X,0x00000000800008FC] -> 0x0000
[1380] [M]: 0x00000000800008FA (0x00000013) addi x0, x0, 0x0                        main+1306

mem[X,0x00000000800008FE] -> 0x0001
[1381] [M]: 0x00000000800008FE (0x0001) c.nop                                       main+1310

clint mtime 0x00000000000002B3 (mip.MTI <- 0b1, mip.STI <- 0b0)
mem[X,0x0000000080000900] -> 0x9073
mem[X,0x0000000080000902] -> 0x3B72
[1382] [M]: 0x0000000080000900 (0x3B729073) csrrw x0, pmpaddr7, x5                  main+1312
CSR pmpaddr7 (0x3B7) <- 0x0000000020000800

mem[X,0x0000000080000904] -> 0x0213
mem[X,0x0000000080000906] -> 0x0090
[1383] [M]: 0x0000000080000904 (0x00900213) addi x4, x0, 0x9                        main+1316
x4 <- 0x0000000000000009

clint mtime 0x00000000000002B4 (mip.MTI <- 0b1, mip.STI <- 0b0)
mem[X,0x0000000080000908] -> 0x1213
mem[X,0x000000008000090A] -> 0x03C2
[1384] [M]: 0x0000000080000908 (0x03C21213) slli x4, x4, 0x3c                       main+1320
x4 <- 0x9000000000000000

mem[X,0x000000008000090C] -> 0x1073
mem[X,0x000000008000090E] -> 0x3A02
[1385] [M]: 0x000000008000090C (0x3A021073) csrrw x0, pmpcfg0, x4                   main+1324
CSR pmpcfg0 (0x3A0) <- 0x9000000000000000

clint mtime 0x00000000000002B5 (mip.MTI <- 0b1, mip.STI <- 0b0)
mem[X,0x0000000080000910] -> 0x0013
mem[X,0x0000000080000912] -> 0x0000
[1386] [M]: 0x0000000080000910 (0x00000013) addi x0, x0, 0x0                        main+1328

mem[X,0x0000000080000914] -> 0x0013
mem[X,0x0000000080000916] -> 0x0000
[1387] [M]: 0x0000000080000914 (0x00000013) addi x0, x0, 0x0                        main+1332

clint mtime 0x00000000000002B6 (mip.MTI <- 0b1, mip.STI <- 0b0)
mem[X,0x0000000080000918] -> 0x0013
mem[X,0x000000008000091A] -> 0x0000
[1388] [M]: 0x0000000080000918 (0x00000013) addi x0, x0, 0x0                        main+1336

mem[X,0x000000008000091C] -> 0x0013
mem[X,0x000000008000091E] -> 0x0000
[1389] [M]: 0x000000008000091C (0x00000013) addi x0, x0, 0x0                        main+1340

clint mtime 0x00000000000002B7 (mip.MTI <- 0b1, mip.STI <- 0b0)
mem[X,0x0000000080000920] -> 0x1797
mem[X,0x0000000080000922] -> 0x0000
[1390] [M]: 0x0000000080000920 (0x00001797) auipc x15, 0x1                          main+1344
x15 <- 0x0000000080001920

mem[X,0x0000000080000924] -> 0x8793
mem[X,0x0000000080000926] -> 0x6E07
[1391] [M]: 0x0000000080000924 (0x6E078793) addi x15, x15, 0x6e0                    main+1348
x15 <- 0x0000000080002000

clint mtime 0x00000000000002B8 (mip.MTI <- 0b1, mip.STI <- 0b0)
mem[X,0x0000000080000928] -> 0x0001
[1392] [M]: 0x0000000080000928 (0x0001) c.nop                                       main+1352

mem[X,0x000000008000092A] -> 0x0013
mem[X,0x000000008000092C] -> 0x0000
[1393] [M]: 0x000000008000092A (0x00000013) addi x0, x0, 0x0                        main+1354

clint mtime 0x00000000000002B9 (mip.MTI <- 0b1, mip.STI <- 0b0)
mem[X,0x000000008000092E] -> 0x0013
mem[X,0x0000000080000930] -> 0x0000
[1394] [M]: 0x000000008000092E (0x00000013) addi x0, x0, 0x0                        main+1358

mem[X,0x0000000080000932] -> 0x0013
mem[X,0x0000000080000934] -> 0x0000
[1395] [M]: 0x0000000080000932 (0x00000013) addi x0, x0, 0x0                        main+1362

clint mtime 0x00000000000002BA (mip.MTI <- 0b1, mip.STI <- 0b0)
mem[X,0x0000000080000936] -> 0x0013
mem[X,0x0000000080000938] -> 0x0000
[1396] [M]: 0x0000000080000936 (0x00000013) addi x0, x0, 0x0                        main+1366

mem[X,0x000000008000093A] -> 0x0013
mem[X,0x000000008000093C] -> 0x0000
[1397] [M]: 0x000000008000093A (0x00000013) addi x0, x0, 0x0                        main+1370

clint mtime 0x00000000000002BB (mip.MTI <- 0b1, mip.STI <- 0b0)
mem[X,0x000000008000093E] -> 0x0001
[1398] [M]: 0x000000008000093E (0x0001) c.nop                                       main+1374

mem[X,0x0000000080000940] -> 0xA703
mem[X,0x0000000080000942] -> 0x0007
[1399] [M]: 0x0000000080000940 (0x0007A703) lw x14, 0x0(x15)                        main+1376
trapping from M to M to handle load-access-fault
handling exc#load-access-fault at priv M with tval 0x0000000080002000
CSR mstatus (0x300) <- 0x0000000A00001800
CSR mcause (0x342) <- 0x0000000000000005
CSR mtval (0x343) <- 0x0000000080002000
CSR mepc (0x341) <- 0x0000000080000940

clint mtime 0x00000000000002BC (mip.MTI <- 0b1, mip.STI <- 0b0)
mem[X,0x0000000080002100] -> 0x006F
mem[X,0x0000000080002102] -> 0x1000
[1400] [M]: 0x0000000080002100 (0x1000006F) jal x0, 0x100                           Mtrampoline+0

mem[X,0x0000000080002200] -> 0x1173
mem[X,0x0000000080002202] -> 0x3401
[1401] [M]: 0x0000000080002200 (0x34011173) csrrw x2, mscratch, x2                  trap_Mhandler+0
CSR mscratch (0x340) <- 0x01FDDB7D5BFDDB7F
x2 <- 0x0000000080006000

clint mtime 0x00000000000002BD (mip.MTI <- 0b1, mip.STI <- 0b0)
mem[X,0x0000000080002204] -> 0x3423
mem[X,0x0000000080002206] -> 0x28B1
[1402] [M]: 0x0000000080002204 (0x28B13423) sd x11, 0x288(x2)                       trap_Mhandler+4
mem[W,0x0000000080006288] <- 0x0000000000000000

mem[X,0x0000000080002208] -> 0x05EF
mem[X,0x000000008000220A] -> 0x0B80
[1403] [M]: 0x0000000080002208 (0x0B8005EF) jal x11, 0xb8                           trap_Mhandler+8
x11 <- 0x000000008000220C

clint mtime 0x00000000000002BE (mip.MTI <- 0b1, mip.STI <- 0b0)
mem[X,0x00000000800022C0] -> 0x3023
mem[X,0x00000000800022C2] -> 0x28A1
[1404] [M]: 0x00000000800022C0 (0x28A13023) sd x10, 0x280(x2)                       common_Mhandler+0
mem[W,0x0000000080006280] <- 0x0000000000000001

mem[X,0x00000000800022C4] -> 0x1573
mem[X,0x00000000800022C6] -> 0x3401
[1405] [M]: 0x00000000800022C4 (0x34011573) csrrw x10, mscratch, x2                 common_Mhandler+4
CSR mscratch (0x340) <- 0x0000000080006000
x10 <- 0x01FDDB7D5BFDDB7F

clint mtime 0x00000000000002BF (mip.MTI <- 0b1, mip.STI <- 0b0)
mem[X,0x00000000800022C8] -> 0x3823
mem[X,0x00000000800022CA] -> 0x28A1
[1406] [M]: 0x00000000800022C8 (0x28A13823) sd x10, 0x290(x2)                       common_Mhandler+8
mem[W,0x0000000080006290] <- 0x01FDDB7D5BFDDB7F

mem[X,0x00000000800022CC] -> 0x3503
mem[X,0x00000000800022CE] -> 0x2301
[1407] [M]: 0x00000000800022CC (0x23013503) ld x10, 0x230(x2)                       common_Mhandler+12
mem[R,0x0000000080006230] -> 0x00000000800022D4
x10 <- 0x00000000800022D4

clint mtime 0x00000000000002C0 (mip.MTI <- 0b1, mip.STI <- 0b0)
mem[X,0x00000000800022D0] -> 0x0067
mem[X,0x00000000800022D2] -> 0x0005
[1408] [M]: 0x00000000800022D0 (0x00050067) jalr x0, 0x0(x10)                       common_Mhandler+16

mem[X,0x00000000800022D4] -> 0x3C23
mem[X,0x00000000800022D6] -> 0x2691
[1409] [M]: 0x00000000800022D4 (0x26913C23) sd x9, 0x278(x2)                        common_Mentry+0
mem[W,0x0000000080006278] <- 0x00000000000000FE

clint mtime 0x00000000000002C1 (mip.MTI <- 0b1, mip.STI <- 0b0)
mem[X,0x00000000800022D8] -> 0x3823
mem[X,0x00000000800022DA] -> 0x2681
[1410] [M]: 0x00000000800022D8 (0x26813823) sd x8, 0x270(x2)                        common_Mentry+4
mem[W,0x0000000080006270] <- 0x0000000000007F76

mem[X,0x00000000800022DC] -> 0x3423
mem[X,0x00000000800022DE] -> 0x2671
[1411] [M]: 0x00000000800022DC (0x26713423) sd x7, 0x268(x2)                        common_Mentry+8
mem[W,0x0000000080006268] <- 0x00000000003FBB6F

clint mtime 0x00000000000002C2 (mip.MTI <- 0b1, mip.STI <- 0b0)
mem[X,0x00000000800022E0] -> 0x3023
mem[X,0x00000000800022E2] -> 0x2661
[1412] [M]: 0x00000000800022E0 (0x26613023) sd x6, 0x260(x2)                        common_Mentry+12
mem[W,0x0000000080006260] <- 0x000000001FDDB7D5

mem[X,0x00000000800022E4] -> 0x2573
mem[X,0x00000000800022E6] -> 0x3420
[1413] [M]: 0x00000000800022E4 (0x34202573) csrrs x10, mcause, x0                   spcl_M2mmode_test+0
CSR mcause (0x342) -> 0x0000000000000005
x10 <- 0x0000000000000005

clint mtime 0x00000000000002C3 (mip.MTI <- 0b1, mip.STI <- 0b0)
mem[X,0x00000000800022E8] -> 0x04B7
mem[X,0x00000000800022EA] -> 0x8000
[1414] [M]: 0x00000000800022E8 (0x800004B7) lui x9, -0x80000                        spcl_M2mmode_test+4
x9 <- 0xFFFFFFFF80000000

mem[X,0x00000000800022EC] -> 0x8493
mem[X,0x00000000800022EE] -> 0x0004
[1415] [M]: 0x00000000800022EC (0x00048493) addi x9, x9, 0x0                        spcl_M2mmode_test+8
x9 <- 0xFFFFFFFF80000000

clint mtime 0x00000000000002C4 (mip.MTI <- 0b1, mip.STI <- 0b0)
mem[X,0x00000000800022F0] -> 0x9493
mem[X,0x00000000800022F2] -> 0x00B4
[1416] [M]: 0x00000000800022F0 (0x00B49493) slli x9, x9, 0xb                        spcl_M2mmode_test+12
x9 <- 0xFFFFFC0000000000

mem[X,0x00000000800022F4] -> 0x8493
mem[X,0x00000000800022F6] -> 0x0004
[1417] [M]: 0x00000000800022F4 (0x00048493) addi x9, x9, 0x0                        spcl_M2mmode_test+16
x9 <- 0xFFFFFC0000000000

clint mtime 0x00000000000002C5 (mip.MTI <- 0b1, mip.STI <- 0b0)
mem[X,0x00000000800022F8] -> 0x9493
mem[X,0x00000000800022FA] -> 0x00B4
[1418] [M]: 0x00000000800022F8 (0x00B49493) slli x9, x9, 0xb                        spcl_M2mmode_test+20
x9 <- 0xFFE0000000000000

mem[X,0x00000000800022FC] -> 0x8493
mem[X,0x00000000800022FE] -> 0x0034
[1419] [M]: 0x00000000800022FC (0x00348493) addi x9, x9, 0x3                        spcl_M2mmode_test+24
x9 <- 0xFFE0000000000003

clint mtime 0x00000000000002C6 (mip.MTI <- 0b1, mip.STI <- 0b0)
mem[X,0x0000000080002300] -> 0x9493
mem[X,0x0000000080002302] -> 0x00A4
[1420] [M]: 0x0000000080002300 (0x00A49493) slli x9, x9, 0xa                        spcl_M2mmode_test+28
x9 <- 0x8000000000000C00

mem[X,0x0000000080002304] -> 0x8493
mem[X,0x0000000080002306] -> 0x3FC4
[1421] [M]: 0x0000000080002304 (0x3FC48493) addi x9, x9, 0x3fc                      spcl_M2mmode_test+32
x9 <- 0x8000000000000FFC

clint mtime 0x00000000000002C7 (mip.MTI <- 0b1, mip.STI <- 0b0)
mem[X,0x0000000080002308] -> 0xF4B3
mem[X,0x000000008000230A] -> 0x00A4
[1422] [M]: 0x0000000080002308 (0x00A4F4B3) and x9, x9, x10                         spcl_M2mmode_test+36
x9 <- 0x0000000000000004

mem[X,0x000000008000230C] -> 0x8493
mem[X,0x000000008000230E] -> 0xFF84
[1423] [M]: 0x000000008000230C (0xFF848493) addi x9, x9, -0x8                       spcl_M2mmode_test+40
x9 <- 0xFFFFFFFFFFFFFFFC

clint mtime 0x00000000000002C8 (mip.MTI <- 0b1, mip.STI <- 0b0)
mem[X,0x0000000080002310] -> 0x9663
mem[X,0x0000000080002312] -> 0x0004
[1424] [M]: 0x0000000080002310 (0x00049663) bne x9, x0, 0xc                         spcl_M2mmode_test+44

mem[X,0x000000008000231C] -> 0x0393
mem[X,0x000000008000231E] -> 0x0200
[1425] [M]: 0x000000008000231C (0x02000393) addi x7, x0, 0x20                       Mtrapsig_ptr_upd+0
x7 <- 0x0000000000000020

clint mtime 0x00000000000002C9 (mip.MTI <- 0b1, mip.STI <- 0b0)
mem[X,0x0000000080002320] -> 0x5263
mem[X,0x0000000080002322] -> 0x0405
[1426] [M]: 0x0000000080002320 (0x04055263) bge x10, x0, 0x44                       Mtrapsig_ptr_upd+4

mem[X,0x0000000080002364] -> 0x2373
mem[X,0x0000000080002366] -> 0x3010
[1427] [M]: 0x0000000080002364 (0x30102373) csrrs x6, misa, x0                      Mxcpt_sig_sv+0
CSR misa (0x301) -> 0x800000000034112F
x6 <- 0x800000000034112F

clint mtime 0x00000000000002CA (mip.MTI <- 0b1, mip.STI <- 0b0)
mem[X,0x0000000080002368] -> 0x1313
mem[X,0x000000008000236A] -> 0x0383
[1428] [M]: 0x0000000080002368 (0x03831313) slli x6, x6, 0x38                       Mxcpt_sig_sv+4
x6 <- 0x2F00000000000000

mem[X,0x000000008000236C] -> 0x5463
mem[X,0x000000008000236E] -> 0x0003
[1429] [M]: 0x000000008000236C (0x00035463) bge x6, x0, 0x8                         Mxcpt_sig_sv+8

clint mtime 0x00000000000002CB (mip.MTI <- 0b1, mip.STI <- 0b0)
mem[X,0x0000000080002374] -> 0x3303
mem[X,0x0000000080002376] -> 0x2181
[1430] [M]: 0x0000000080002374 (0x21813303) ld x6, 0x218(x2)                        Mtrap_sig_sv+0
mem[R,0x0000000080006218] -> 0x0000000080007500
x6 <- 0x0000000080007500

mem[X,0x0000000080002378] -> 0x04B3
mem[X,0x000000008000237A] -> 0x0073
[1431] [M]: 0x0000000080002378 (0x007304B3) add x9, x6, x7                          Mtrap_sig_sv+4
x9 <- 0x0000000080007520

clint mtime 0x00000000000002CC (mip.MTI <- 0b1, mip.STI <- 0b0)
mem[X,0x000000008000237C] -> 0x3C23
mem[X,0x000000008000237E] -> 0x2091
[1432] [M]: 0x000000008000237C (0x20913C23) sd x9, 0x218(x2)                        Mtrap_sig_sv+8
mem[W,0x0000000080006218] <- 0x0000000080007520

mem[X,0x0000000080002380] -> 0x3403
mem[X,0x0000000080002382] -> 0x1F81
[1433] [M]: 0x0000000080002380 (0x1F813403) ld x8, 0x1f8(x2)                        Mtrap_sig_sv+12
mem[R,0x00000000800061F8] -> 0x0000000080007210
x8 <- 0x0000000080007210

clint mtime 0x00000000000002CD (mip.MTI <- 0b1, mip.STI <- 0b0)
mem[X,0x0000000080002384] -> 0x0333
mem[X,0x0000000080002386] -> 0x4083
[1434] [M]: 0x0000000080002384 (0x40830333) sub x6, x6, x8                          Mtrap_sig_sv+16
x6 <- 0x00000000000002F0

mem[X,0x0000000080002388] -> 0x3403
mem[X,0x000000008000238A] -> 0x1F81
[1435] [M]: 0x0000000080002388 (0x1F813403) ld x8, 0x1f8(x2)                        Mtrap_sig_sv+20
mem[R,0x00000000800061F8] -> 0x0000000080007210
x8 <- 0x0000000080007210

clint mtime 0x00000000000002CE (mip.MTI <- 0b1, mip.STI <- 0b0)
mem[X,0x000000008000238C] -> 0x0333
mem[X,0x000000008000238E] -> 0x0083
[1436] [M]: 0x000000008000238C (0x00830333) add x6, x6, x8                          Mtrap_sig_sv+24
x6 <- 0x0000000080007500

mem[X,0x0000000080002390] -> 0x3403
mem[X,0x0000000080002392] -> 0x2401
[1437] [M]: 0x0000000080002390 (0x24013403) ld x8, 0x240(x2)                        Mtrap_sig_sv+28
mem[R,0x0000000080006240] -> 0x0000000080002100
x8 <- 0x0000000080002100

clint mtime 0x00000000000002CF (mip.MTI <- 0b1, mip.STI <- 0b0)
mem[X,0x0000000080002394] -> 0x85B3
mem[X,0x0000000080002396] -> 0x4085
[1438] [M]: 0x0000000080002394 (0x408585B3) sub x11, x11, x8                        sv_Mvect+0
x11 <- 0x000000000000010C

mem[X,0x0000000080002398] -> 0x9593
mem[X,0x000000008000239A] -> 0x0045
[1439] [M]: 0x0000000080002398 (0x00459593) slli x11, x11, 0x4                      sv_Mvect+4
x11 <- 0x00000000000010C0

clint mtime 0x00000000000002D0 (mip.MTI <- 0b1, mip.STI <- 0b0)
mem[X,0x000000008000239C] -> 0xE5B3
mem[X,0x000000008000239E] -> 0x0075
[1440] [M]: 0x000000008000239C (0x0075E5B3) or x11, x11, x7                         sv_Mvect+8
x11 <- 0x00000000000010E0

mem[X,0x00000000800023A0] -> 0x8593
mem[X,0x00000000800023A2] -> 0x0035
[1441] [M]: 0x00000000800023A0 (0x00358593) addi x11, x11, 0x3                      sv_Mvect+12
x11 <- 0x00000000000010E3

clint mtime 0x00000000000002D1 (mip.MTI <- 0b1, mip.STI <- 0b0)
mem[X,0x00000000800023A4] -> 0x3023
mem[X,0x00000000800023A6] -> 0x00B3
[1442] [M]: 0x00000000800023A4 (0x00B33023) sd x11, 0x0(x6)                         sv_Mvect+16
mem[W,0x0000000080007500] <- 0x00000000000010E3

mem[X,0x00000000800023A8] -> 0x3423
mem[X,0x00000000800023AA] -> 0x00A3
[1443] [M]: 0x00000000800023A8 (0x00A33423) sd x10, 0x8(x6)                         sv_Mcause+0
mem[W,0x0000000080007508] <- 0x0000000000000005

clint mtime 0x00000000000002D2 (mip.MTI <- 0b1, mip.STI <- 0b0)
mem[X,0x00000000800023AC] -> 0x4263
mem[X,0x00000000800023AE] -> 0x1A05
[1444] [M]: 0x00000000800023AC (0x1A054263) blt x10, x0, 0x1a4                      sv_Mcause+4

mem[X,0x00000000800023B0] -> 0x25F3
mem[X,0x00000000800023B2] -> 0x3000
[1445] [M]: 0x00000000800023B0 (0x300025F3) csrrs x11, mstatus, x0                  common_Mexcpt_handler+0
CSR mstatus (0x300) -> 0x0000000A00001800
x11 <- 0x0000000A00001800

clint mtime 0x00000000000002D3 (mip.MTI <- 0b1, mip.STI <- 0b0)
mem[X,0x00000000800023B4] -> 0x9413
mem[X,0x00000000800023B6] -> 0x02E5
[1446] [M]: 0x00000000800023B4 (0x02E59413) slli x8, x11, 0x2e                      common_Mexcpt_handler+4
x8 <- 0x0600000000000000

mem[X,0x00000000800023B8] -> 0x5463
mem[X,0x00000000800023BA] -> 0x0004
[1447] [M]: 0x00000000800023B8 (0x00045463) bge x8, x0, 0x8                         common_Mexcpt_handler+8

clint mtime 0x00000000000002D4 (mip.MTI <- 0b1, mip.STI <- 0b0)
mem[X,0x00000000800023C0] -> 0xD493
mem[X,0x00000000800023C2] -> 0x00B5
[1448] [M]: 0x00000000800023C0 (0x00B5D493) srli x9, x11, 0xb                       common_Mexcpt_handler+16
x9 <- 0x0000000001400003

mem[X,0x00000000800023C4] -> 0xF493
mem[X,0x00000000800023C6] -> 0x0034
[1449] [M]: 0x00000000800023C4 (0x0034F493) andi x9, x9, 0x3                        common_Mexcpt_handler+20
x9 <- 0x0000000000000003

clint mtime 0x00000000000002D5 (mip.MTI <- 0b1, mip.STI <- 0b0)
mem[X,0x00000000800023C8] -> 0x8493
mem[X,0x00000000800023CA] -> 0x0014
[1450] [M]: 0x00000000800023C8 (0x00148493) addi x9, x9, 0x1                        common_Mexcpt_handler+24
x9 <- 0x0000000000000004

mem[X,0x00000000800023CC] -> 0xF493
mem[X,0x00000000800023CE] -> 0x0044
[1451] [M]: 0x00000000800023CC (0x0044F493) andi x9, x9, 0x4                        common_Mexcpt_handler+28
x9 <- 0x0000000000000004

clint mtime 0x00000000000002D6 (mip.MTI <- 0b1, mip.STI <- 0b0)
mem[X,0x00000000800023D0] -> 0x0593
mem[X,0x00000000800023D2] -> 0x05D0
[1452] [M]: 0x00000000800023D0 (0x05D00593) addi x11, x0, 0x5d                      common_Mexcpt_handler+32
x11 <- 0x000000000000005D

mem[X,0x00000000800023D4] -> 0xD5B3
mem[X,0x00000000800023D6] -> 0x0095
[1453] [M]: 0x00000000800023D4 (0x0095D5B3) srl x11, x11, x9                        common_Mexcpt_handler+36
x11 <- 0x0000000000000005

clint mtime 0x00000000000002D7 (mip.MTI <- 0b1, mip.STI <- 0b0)
mem[X,0x00000000800023D8] -> 0xF593
mem[X,0x00000000800023DA] -> 0x0015
[1454] [M]: 0x00000000800023D8 (0x0015F593) andi x11, x11, 0x1                      common_Mexcpt_handler+40
x11 <- 0x0000000000000001

mem[X,0x00000000800023DC] -> 0x8EE3
mem[X,0x00000000800023DE] -> 0xF405
[1455] [M]: 0x00000000800023DC (0xF4058EE3) beq x11, x0, -0xa4                      common_Mexcpt_handler+44

clint mtime 0x00000000000002D8 (mip.MTI <- 0b1, mip.STI <- 0b0)
mem[X,0x00000000800023E0] -> 0x0593
mem[X,0x00000000800023E2] -> 0x2980
[1456] [M]: 0x00000000800023E0 (0x29800593) addi x11, x0, 0x298                     common_Mexcpt_handler+48
x11 <- 0x0000000000000298

mem[X,0x00000000800023E4] -> 0xF413
mem[X,0x00000000800023E6] -> 0x0014
[1457] [M]: 0x00000000800023E4 (0x0014F413) andi x8, x9, 0x1                        common_Mexcpt_handler+52
x8 <- 0x0000000000000000

clint mtime 0x00000000000002D9 (mip.MTI <- 0b1, mip.STI <- 0b0)
mem[X,0x00000000800023E8] -> 0x95B3
mem[X,0x00000000800023EA] -> 0x0085
[1458] [M]: 0x00000000800023E8 (0x008595B3) sll x11, x11, x8                        common_Mexcpt_handler+56
x11 <- 0x0000000000000298

mem[X,0x00000000800023EC] -> 0x9413
mem[X,0x00000000800023EE] -> 0x03D4
[1459] [M]: 0x00000000800023EC (0x03D49413) slli x8, x9, 0x3d                       common_Mexcpt_handler+60
x8 <- 0x8000000000000000

clint mtime 0x00000000000002DA (mip.MTI <- 0b1, mip.STI <- 0b0)
mem[X,0x00000000800023F0] -> 0x5413
mem[X,0x00000000800023F2] -> 0x43F4
[1460] [M]: 0x00000000800023F0 (0x43F45413) srai x8, x8, 0x3f                       common_Mexcpt_handler+64
x8 <- 0xFFFFFFFFFFFFFFFF

mem[X,0x00000000800023F4] -> 0x4413
mem[X,0x00000000800023F6] -> 0xFFF4
[1461] [M]: 0x00000000800023F4 (0xFFF44413) xori x8, x8, -0x1                       common_Mexcpt_handler+68
x8 <- 0x0000000000000000

clint mtime 0x00000000000002DB (mip.MTI <- 0b1, mip.STI <- 0b0)
mem[X,0x00000000800023F8] -> 0xF4B3
mem[X,0x00000000800023FA] -> 0x0085
[1462] [M]: 0x00000000800023F8 (0x0085F4B3) and x9, x11, x8                         common_Mexcpt_handler+72
x9 <- 0x0000000000000000

mem[X,0x00000000800023FC] -> 0x84B3
mem[X,0x00000000800023FE] -> 0x0024
[1463] [M]: 0x00000000800023FC (0x002484B3) add x9, x9, x2                          vmem_adj_Mepc+0
x9 <- 0x0000000080006000

clint mtime 0x00000000000002DC (mip.MTI <- 0b1, mip.STI <- 0b0)
mem[X,0x0000000080002400] -> 0x23F3
mem[X,0x0000000080002402] -> 0x3410
[1464] [M]: 0x0000000080002400 (0x341023F3) csrrs x7, mepc, x0                      vmem_adj_Mepc+4
CSR mepc (0x341) -> 0x0000000080000940
x7 <- 0x0000000080000940

mem[X,0x0000000080002404] -> 0x0413
mem[X,0x0000000080002406] -> 0x0004
[1465] [M]: 0x0000000080002404 (0x00040413) addi x8, x8, 0x0                        vmem_adj_Mepc+8
x8 <- 0x0000000000000000

clint mtime 0x00000000000002DD (mip.MTI <- 0b1, mip.STI <- 0b0)
mem[X,0x0000000080002408] -> 0x006F
mem[X,0x000000008000240A] -> 0x0400
[1466] [M]: 0x0000000080002408 (0x0400006F) jal x0, 0x40                            vmem_adj_Mepc+12

mem[X,0x0000000080002448] -> 0x8433
mem[X,0x000000008000244A] -> 0x4083
[1467] [M]: 0x0000000080002448 (0x40838433) sub x8, x7, x8                          adj_Mepc+0
x8 <- 0x0000000080000940

clint mtime 0x00000000000002DE (mip.MTI <- 0b1, mip.STI <- 0b0)
mem[X,0x000000008000244C] -> 0x3823
mem[X,0x000000008000244E] -> 0x0083
[1468] [M]: 0x000000008000244C (0x00833823) sd x8, 0x10(x6)                         sv_Mepc+0
mem[W,0x0000000080007510] <- 0x0000000080000940

mem[X,0x0000000080002450] -> 0x55B7
mem[X,0x0000000080002452] -> 0x0000
[1469] [M]: 0x0000000080002450 (0x000055B7) lui x11, 0x5                            sv_Mepc+4
x11 <- 0x0000000000005000

clint mtime 0x00000000000002DF (mip.MTI <- 0b1, mip.STI <- 0b0)
mem[X,0x0000000080002454] -> 0x8593
mem[X,0x0000000080002456] -> 0x6675
[1470] [M]: 0x0000000080002454 (0x66758593) addi x11, x11, 0x667                    sv_Mepc+8
x11 <- 0x0000000000005667

mem[X,0x0000000080002458] -> 0x9593
mem[X,0x000000008000245A] -> 0x0015
[1471] [M]: 0x0000000080002458 (0x00159593) slli x11, x11, 0x1                      sv_Mepc+12
x11 <- 0x000000000000ACCE

clint mtime 0x00000000000002E0 (mip.MTI <- 0b1, mip.STI <- 0b0)
mem[X,0x000000008000245C] -> 0x9063
mem[X,0x000000008000245E] -> 0x02B1
[1472] [M]: 0x000000008000245C (0x02B19063) bne x3, x11, 0x20                       sv_Mepc+16

mem[X,0x000000008000247C] -> 0xF593
mem[X,0x000000008000247E] -> 0xFFC3
[1473] [M]: 0x000000008000247C (0xFFC3F593) andi x11, x7, -0x4                      adj_Mepc_rtn+0
x11 <- 0x0000000080000940

clint mtime 0x00000000000002E1 (mip.MTI <- 0b1, mip.STI <- 0b0)
mem[X,0x0000000080002480] -> 0x8593
mem[X,0x0000000080002482] -> 0x0085
[1474] [M]: 0x0000000080002480 (0x00858593) addi x11, x11, 0x8                      adj_Mepc_rtn+4
x11 <- 0x0000000080000948

mem[X,0x0000000080002484] -> 0x9073
mem[X,0x0000000080002486] -> 0x3415
[1475] [M]: 0x0000000080002484 (0x34159073) csrrw x0, mepc, x11                     adj_Mepc_rtn+8
CSR mepc (0x341) <- 0x0000000080000948

clint mtime 0x00000000000002E2 (mip.MTI <- 0b1, mip.STI <- 0b0)
mem[X,0x0000000080002488] -> 0x23F3
mem[X,0x000000008000248A] -> 0x3430
[1476] [M]: 0x0000000080002488 (0x343023F3) csrrs x7, mtval, x0                     skp_adj_Mepc+0
CSR mtval (0x343) -> 0x0000000080002000
x7 <- 0x0000000080002000

mem[X,0x000000008000248C] -> 0x7513
mem[X,0x000000008000248E] -> 0x00F5
[1477] [M]: 0x000000008000248C (0x00F57513) andi x10, x10, 0xf                      chk_Mtval+0
x10 <- 0x0000000000000005

clint mtime 0x00000000000002E3 (mip.MTI <- 0b1, mip.STI <- 0b0)
mem[X,0x0000000080002490] -> 0x0437
mem[X,0x0000000080002492] -> 0x0000
[1478] [M]: 0x0000000080002490 (0x00000437) lui x8, 0x0                             chk_Mtval+4
x8 <- 0x0000000000000000

mem[X,0x0000000080002494] -> 0x0413
mem[X,0x0000000080002496] -> 0x0004
[1479] [M]: 0x0000000080002494 (0x00040413) addi x8, x8, 0x0                        chk_Mtval+8
x8 <- 0x0000000000000000

clint mtime 0x00000000000002E4 (mip.MTI <- 0b1, mip.STI <- 0b0)
mem[X,0x0000000080002498] -> 0x1413
mem[X,0x000000008000249A] -> 0x00B4
[1480] [M]: 0x0000000080002498 (0x00B41413) slli x8, x8, 0xb                        chk_Mtval+12
x8 <- 0x0000000000000000

mem[X,0x000000008000249C] -> 0x0413
mem[X,0x000000008000249E] -> 0x0004
[1481] [M]: 0x000000008000249C (0x00040413) addi x8, x8, 0x0                        chk_Mtval+16
x8 <- 0x0000000000000000

clint mtime 0x00000000000002E5 (mip.MTI <- 0b1, mip.STI <- 0b0)
mem[X,0x00000000800024A0] -> 0x1413
mem[X,0x00000000800024A2] -> 0x00B4
[1482] [M]: 0x00000000800024A0 (0x00B41413) slli x8, x8, 0xb                        chk_Mtval+20
x8 <- 0x0000000000000000

mem[X,0x00000000800024A4] -> 0x0413
mem[X,0x00000000800024A6] -> 0x02C4
[1483] [M]: 0x00000000800024A4 (0x02C40413) addi x8, x8, 0x2c                       chk_Mtval+24
x8 <- 0x000000000000002C

clint mtime 0x00000000000002E6 (mip.MTI <- 0b1, mip.STI <- 0b0)
mem[X,0x00000000800024A8] -> 0x1413
mem[X,0x00000000800024AA] -> 0x00A4
[1484] [M]: 0x00000000800024A8 (0x00A41413) slli x8, x8, 0xa                        chk_Mtval+28
x8 <- 0x000000000000B000

mem[X,0x00000000800024AC] -> 0x0413
mem[X,0x00000000800024AE] -> 0x0FB4
[1485] [M]: 0x00000000800024AC (0x0FB40413) addi x8, x8, 0xfb                       chk_Mtval+32
x8 <- 0x000000000000B0FB

clint mtime 0x00000000000002E7 (mip.MTI <- 0b1, mip.STI <- 0b0)
mem[X,0x00000000800024B0] -> 0x5433
mem[X,0x00000000800024B2] -> 0x00A4
[1486] [M]: 0x00000000800024B0 (0x00A45433) srl x8, x8, x10                         chk_Mtval+36
x8 <- 0x0000000000000587

mem[X,0x00000000800024B4] -> 0x1413
mem[X,0x00000000800024B6] -> 0x03F4
[1487] [M]: 0x00000000800024B4 (0x03F41413) slli x8, x8, 0x3f                       chk_Mtval+40
x8 <- 0x8000000000000000

clint mtime 0x00000000000002E8 (mip.MTI <- 0b1, mip.STI <- 0b0)
mem[X,0x00000000800024B8] -> 0x5C63
mem[X,0x00000000800024BA] -> 0x0404
[1488] [M]: 0x00000000800024B8 (0x04045C63) bge x8, x0, 0x58                        chk_Mtval+44

mem[X,0x00000000800024BC] -> 0xB403
mem[X,0x00000000800024BE] -> 0x2084
[1489] [M]: 0x00000000800024BC (0x2084B403) ld x8, 0x208(x9)                        vmem_adj_Mtval+0
mem[R,0x0000000080006208] -> 0x00000000800003B4
x8 <- 0x00000000800003B4

clint mtime 0x00000000000002E9 (mip.MTI <- 0b1, mip.STI <- 0b0)
mem[X,0x00000000800024C0] -> 0xB583
mem[X,0x00000000800024C2] -> 0x2104
[1490] [M]: 0x00000000800024C0 (0x2104B583) ld x11, 0x210(x9)                       vmem_adj_Mtval+4
mem[R,0x0000000080006210] -> 0x0000000000001C5C
x11 <- 0x0000000000001C5C

mem[X,0x00000000800024C4] -> 0x85B3
mem[X,0x00000000800024C6] -> 0x0085
[1491] [M]: 0x00000000800024C4 (0x008585B3) add x11, x11, x8                        vmem_adj_Mtval+8
x11 <- 0x0000000080002010

clint mtime 0x00000000000002EA (mip.MTI <- 0b1, mip.STI <- 0b0)
mem[X,0x00000000800024C8] -> 0xF463
mem[X,0x00000000800024CA] -> 0x00B3
[1492] [M]: 0x00000000800024C8 (0x00B3F463) bgeu x7, x11, 0x8                       vmem_adj_Mtval+12

mem[X,0x00000000800024CC] -> 0xF063
mem[X,0x00000000800024CE] -> 0x0483
[1493] [M]: 0x00000000800024CC (0x0483F063) bgeu x7, x8, 0x40                       vmem_adj_Mtval+16

clint mtime 0x00000000000002EB (mip.MTI <- 0b1, mip.STI <- 0b0)
mem[X,0x000000008000250C] -> 0x8433
mem[X,0x000000008000250E] -> 0x4083
[1494] [M]: 0x000000008000250C (0x40838433) sub x8, x7, x8                          adj_Mtval+0
x8 <- 0x0000000000001C4C

mem[X,0x0000000080002510] -> 0x3C23
mem[X,0x0000000080002512] -> 0x0083
[1495] [M]: 0x0000000080002510 (0x00833C23) sd x8, 0x18(x6)                         sv_Mtval+0
mem[W,0x0000000080007518] <- 0x0000000000001C4C

clint mtime 0x00000000000002EC (mip.MTI <- 0b1, mip.STI <- 0b0)
mem[X,0x0000000080002514] -> 0x3483
mem[X,0x0000000080002516] -> 0x2181
[1496] [M]: 0x0000000080002514 (0x21813483) ld x9, 0x218(x2)                        skp_Mtval+0
mem[R,0x0000000080006218] -> 0x0000000080007520
x9 <- 0x0000000080007520

mem[X,0x0000000080002518] -> 0x3383
mem[X,0x000000008000251A] -> 0x1F81
[1497] [M]: 0x0000000080002518 (0x1F813383) ld x7, 0x1f8(x2)                        skp_Mtval+4
mem[R,0x00000000800061F8] -> 0x0000000080007210
x7 <- 0x0000000080007210

clint mtime 0x00000000000002ED (mip.MTI <- 0b1, mip.STI <- 0b0)
mem[X,0x000000008000251C] -> 0x3303
mem[X,0x000000008000251E] -> 0x2001
[1498] [M]: 0x000000008000251C (0x20013303) ld x6, 0x200(x2)                        skp_Mtval+8
mem[R,0x0000000080006200] -> 0x0000000000000A20
x6 <- 0x0000000000000A20

mem[X,0x0000000080002520] -> 0x0333
mem[X,0x0000000080002522] -> 0x0073
[1499] [M]: 0x0000000080002520 (0x00730333) add x6, x6, x7                          skp_Mtval+12
x6 <- 0x0000000080007C30

clint mtime 0x00000000000002EE (mip.MTI <- 0b1, mip.STI <- 0b0)
mem[X,0x0000000080002524] -> 0x6AE3
mem[X,0x0000000080002526] -> 0xAE93
[1500] [M]: 0x0000000080002524 (0xAE936AE3) bltu x6, x9, -0x50c                     skp_Mtval+16

mem[X,0x0000000080002528] -> 0x0393
mem[X,0x000000008000252A] -> 0x2000
[1501] [M]: 0x0000000080002528 (0x20000393) addi x7, x0, 0x200                      skp_Mtval+20
x7 <- 0x0000000000000200

clint mtime 0x00000000000002EF (mip.MTI <- 0b1, mip.STI <- 0b0)
mem[X,0x000000008000252C] -> 0x006F
mem[X,0x000000008000252E] -> 0x0400
[1502] [M]: 0x000000008000252C (0x0400006F) jal x0, 0x40                            skp_Mtval+24

mem[X,0x000000008000256C] -> 0x0417
mem[X,0x000000008000256E] -> 0x0000
[1503] [M]: 0x000000008000256C (0x00000417) auipc x8, 0x0                           spcl_Mhandler+0
x8 <- 0x000000008000256C

clint mtime 0x00000000000002F0 (mip.MTI <- 0b1, mip.STI <- 0b0)
mem[X,0x0000000080002570] -> 0x0413
mem[X,0x0000000080002572] -> 0x03C4
[1504] [M]: 0x0000000080002570 (0x03C40413) addi x8, x8, 0x3c                       spcl_Mhandler+4
x8 <- 0x00000000800025A8

mem[X,0x0000000080002574] -> 0x0433
mem[X,0x0000000080002576] -> 0x0074
[1505] [M]: 0x0000000080002574 (0x00740433) add x8, x8, x7                          spcl_Mhandler+8
x8 <- 0x00000000800027A8

clint mtime 0x00000000000002F1 (mip.MTI <- 0b1, mip.STI <- 0b0)
mem[X,0x0000000080002578] -> 0x1393
mem[X,0x000000008000257A] -> 0x0035
[1506] [M]: 0x0000000080002578 (0x00351393) slli x7, x10, 0x3                       spcl_Mhandler+12
x7 <- 0x0000000000000028

mem[X,0x000000008000257C] -> 0x0433
mem[X,0x000000008000257E] -> 0x0074
[1507] [M]: 0x000000008000257C (0x00740433) add x8, x8, x7                          spcl_Mhandler+16
x8 <- 0x00000000800027D0

clint mtime 0x00000000000002F2 (mip.MTI <- 0b1, mip.STI <- 0b0)
mem[X,0x0000000080002580] -> 0x7413
mem[X,0x0000000080002582] -> 0xFF84
[1508] [M]: 0x0000000080002580 (0xFF847413) andi x8, x8, -0x8                       spcl_Mhandler+20
x8 <- 0x00000000800027D0

mem[X,0x0000000080002584] -> 0x3403
mem[X,0x0000000080002586] -> 0x0004
[1509] [M]: 0x0000000080002584 (0x00043403) ld x8, 0x0(x8)                          spcl_Mhandler+24
mem[R,0x00000000800027D0] -> 0x000000000000000B
x8 <- 0x000000000000000B

clint mtime 0x00000000000002F3 (mip.MTI <- 0b1, mip.STI <- 0b0)
mem[X,0x0000000080002588] -> 0x02E3
mem[X,0x000000008000258A] -> 0xB204
[1510] [M]: 0x0000000080002588 (0xB20402E3) beq x8, x0, -0x4dc                      spcl_Mdispatch_hndling+0

mem[X,0x000000008000258C] -> 0x1393
mem[X,0x000000008000258E] -> 0x03F4
[1511] [M]: 0x000000008000258C (0x03F41393) slli x7, x8, 0x3f                       spcl_Mdispatch_hndling+4
x7 <- 0x8000000000000000

clint mtime 0x00000000000002F4 (mip.MTI <- 0b1, mip.STI <- 0b0)
mem[X,0x0000000080002590] -> 0xD863
mem[X,0x0000000080002592] -> 0x0003
[1512] [M]: 0x0000000080002590 (0x0003D863) bge x7, x0, 0x10                        spcl_Mdispatch_hndling+8

mem[X,0x0000000080002594] -> 0x5413
mem[X,0x0000000080002596] -> 0x0014
[1513] [M]: 0x0000000080002594 (0x00145413) srli x8, x8, 0x1                        spcl_Mdispatch_hndling+12
x8 <- 0x0000000000000005

clint mtime 0x00000000000002F5 (mip.MTI <- 0b1, mip.STI <- 0b0)
mem[X,0x0000000080002598] -> 0x0CE3
mem[X,0x000000008000259A] -> 0xF885
[1514] [M]: 0x0000000080002598 (0xF8850CE3) beq x10, x8, -0x68                      spcl_Mdispatch_hndling+16

mem[X,0x0000000080002530] -> 0x3303
mem[X,0x0000000080002532] -> 0x2601
[1515] [M]: 0x0000000080002530 (0x26013303) ld x6, 0x260(x2)                        resto_Mrtn+0
mem[R,0x0000000080006260] -> 0x000000001FDDB7D5
x6 <- 0x000000001FDDB7D5

clint mtime 0x00000000000002F6 (mip.MTI <- 0b1, mip.STI <- 0b0)
mem[X,0x0000000080002534] -> 0x3383
mem[X,0x0000000080002536] -> 0x2681
[1516] [M]: 0x0000000080002534 (0x26813383) ld x7, 0x268(x2)                        resto_Mrtn+4
mem[R,0x0000000080006268] -> 0x00000000003FBB6F
x7 <- 0x00000000003FBB6F

mem[X,0x0000000080002538] -> 0x3403
mem[X,0x000000008000253A] -> 0x2701
[1517] [M]: 0x0000000080002538 (0x27013403) ld x8, 0x270(x2)                        resto_Mrtn+8
mem[R,0x0000000080006270] -> 0x0000000000007F76
x8 <- 0x0000000000007F76

clint mtime 0x00000000000002F7 (mip.MTI <- 0b1, mip.STI <- 0b0)
mem[X,0x000000008000253C] -> 0x3483
mem[X,0x000000008000253E] -> 0x2781
[1518] [M]: 0x000000008000253C (0x27813483) ld x9, 0x278(x2)                        resto_Mrtn+12
mem[R,0x0000000080006278] -> 0x00000000000000FE
x9 <- 0x00000000000000FE

mem[X,0x0000000080002540] -> 0x3503
mem[X,0x0000000080002542] -> 0x2801
[1519] [M]: 0x0000000080002540 (0x28013503) ld x10, 0x280(x2)                       resto_Mrtn+16
mem[R,0x0000000080006280] -> 0x0000000000000001
x10 <- 0x0000000000000001

clint mtime 0x00000000000002F8 (mip.MTI <- 0b1, mip.STI <- 0b0)
mem[X,0x0000000080002544] -> 0x3583
mem[X,0x0000000080002546] -> 0x2881
[1520] [M]: 0x0000000080002544 (0x28813583) ld x11, 0x288(x2)                       resto_Mrtn+20
mem[R,0x0000000080006288] -> 0x0000000000000000
x11 <- 0x0000000000000000

mem[X,0x0000000080002548] -> 0x3103
mem[X,0x000000008000254A] -> 0x2901
[1521] [M]: 0x0000000080002548 (0x29013103) ld x2, 0x290(x2)                        resto_Mrtn+24
mem[R,0x0000000080006290] -> 0x01FDDB7D5BFDDB7F
x2 <- 0x01FDDB7D5BFDDB7F

clint mtime 0x00000000000002F9 (mip.MTI <- 0b1, mip.STI <- 0b0)
mem[X,0x000000008000254C] -> 0x0073
mem[X,0x000000008000254E] -> 0x3020
[1522] [M]: 0x000000008000254C (0x30200073) mret                                    resto_Mrtn+28
CSR mstatus (0x300) <- 0x0000000A00000080
ret-ing from M to M

mem[X,0x0000000080000948] -> 0x0013
mem[X,0x000000008000094A] -> 0x0000
[1523] [M]: 0x0000000080000948 (0x00000013) addi x0, x0, 0x0                        main+1384

clint mtime 0x00000000000002FA (mip.MTI <- 0b1, mip.STI <- 0b0)
mem[X,0x000000008000094C] -> 0xB423
mem[X,0x000000008000094E] -> 0x0AE6
[1524] [M]: 0x000000008000094C (0x0AE6B423) sd x14, 0xa8(x13)                       main+1388
mem[W,0x00000000800072C0] <- 0x0000000000000013

mem[X,0x0000000080000950] -> 0x8793
mem[X,0x0000000080000952] -> 0xFFC7
[1525] [M]: 0x0000000080000950 (0xFFC78793) addi x15, x15, -0x4                     main+1392
x15 <- 0x0000000080001FFC

clint mtime 0x00000000000002FB (mip.MTI <- 0b1, mip.STI <- 0b0)
mem[X,0x0000000080000954] -> 0xA703
mem[X,0x0000000080000956] -> 0x0007
[1526] [M]: 0x0000000080000954 (0x0007A703) lw x14, 0x0(x15)                        main+1396
mem[R,0x0000000080001FFC] -> 0x00000013
x14 <- 0x0000000000000013

mem[X,0x0000000080000958] -> 0x0013
mem[X,0x000000008000095A] -> 0x0000
[1527] [M]: 0x0000000080000958 (0x00000013) addi x0, x0, 0x0                        main+1400

clint mtime 0x00000000000002FC (mip.MTI <- 0b1, mip.STI <- 0b0)
mem[X,0x000000008000095C] -> 0x0013
mem[X,0x000000008000095E] -> 0x0000
[1528] [M]: 0x000000008000095C (0x00000013) addi x0, x0, 0x0                        main+1404

mem[X,0x0000000080000960] -> 0xB823
mem[X,0x0000000080000962] -> 0x0AE6
[1529] [M]: 0x0000000080000960 (0x0AE6B823) sd x14, 0xb0(x13)                       main+1408
mem[W,0x00000000800072C8] <- 0x0000000000000013

clint mtime 0x00000000000002FD (mip.MTI <- 0b1, mip.STI <- 0b0)
mem[X,0x0000000080000964] -> 0x8793
mem[X,0x0000000080000966] -> 0x0087
[1530] [M]: 0x0000000080000964 (0x00878793) addi x15, x15, 0x8                      main+1412
x15 <- 0x0000000080002004

mem[X,0x0000000080000968] -> 0xA703
mem[X,0x000000008000096A] -> 0x0007
[1531] [M]: 0x0000000080000968 (0x0007A703) lw x14, 0x0(x15)                        main+1416
mem[R,0x0000000080002004] -> 0x00000013
x14 <- 0x0000000000000013

clint mtime 0x00000000000002FE (mip.MTI <- 0b1, mip.STI <- 0b0)
mem[X,0x000000008000096C] -> 0x0013
mem[X,0x000000008000096E] -> 0x0000
[1532] [M]: 0x000000008000096C (0x00000013) addi x0, x0, 0x0                        main+1420

mem[X,0x0000000080000970] -> 0x0013
mem[X,0x0000000080000972] -> 0x0000
[1533] [M]: 0x0000000080000970 (0x00000013) addi x0, x0, 0x0                        main+1424

clint mtime 0x00000000000002FF (mip.MTI <- 0b1, mip.STI <- 0b0)
mem[X,0x0000000080000974] -> 0xBC23
mem[X,0x0000000080000976] -> 0x0AE6
[1534] [M]: 0x0000000080000974 (0x0AE6BC23) sd x14, 0xb8(x13)                       main+1428
mem[W,0x00000000800072D0] <- 0x0000000000000013

mem[X,0x0000000080000978] -> 0x0013
mem[X,0x000000008000097A] -> 0x0000
[1535] [M]: 0x0000000080000978 (0x00000013) addi x0, x0, 0x0                        main+1432

clint mtime 0x0000000000000300 (mip.MTI <- 0b1, mip.STI <- 0b0)
mem[X,0x000000008000097C] -> 0x0013
mem[X,0x000000008000097E] -> 0x0000
[1536] [M]: 0x000000008000097C (0x00000013) addi x0, x0, 0x0                        main+1436

mem[X,0x0000000080000980] -> 0x12B7
mem[X,0x0000000080000982] -> 0x2000
[1537] [M]: 0x0000000080000980 (0x200012B7) lui x5, 0x20001                         main+1440
x5 <- 0x0000000020001000

clint mtime 0x0000000000000301 (mip.MTI <- 0b1, mip.STI <- 0b0)
mem[X,0x0000000080000984] -> 0x829B
mem[X,0x0000000080000986] -> 0x8002
[1538] [M]: 0x0000000080000984 (0x8002829B) addiw x5, x5, -0x800                    main+1444
x5 <- 0x0000000020000800

mem[X,0x0000000080000988] -> 0x0001
[1539] [M]: 0x0000000080000988 (0x0001) c.nop                                       main+1448

clint mtime 0x0000000000000302 (mip.MTI <- 0b1, mip.STI <- 0b0)
mem[X,0x000000008000098A] -> 0x0013
mem[X,0x000000008000098C] -> 0x0000
[1540] [M]: 0x000000008000098A (0x00000013) addi x0, x0, 0x0                        main+1450

mem[X,0x000000008000098E] -> 0x0013
mem[X,0x0000000080000990] -> 0x0000
[1541] [M]: 0x000000008000098E (0x00000013) addi x0, x0, 0x0                        main+1454

clint mtime 0x0000000000000303 (mip.MTI <- 0b1, mip.STI <- 0b0)
mem[X,0x0000000080000992] -> 0x0013
mem[X,0x0000000080000994] -> 0x0000
[1542] [M]: 0x0000000080000992 (0x00000013) addi x0, x0, 0x0                        main+1458

mem[X,0x0000000080000996] -> 0x0013
mem[X,0x0000000080000998] -> 0x0000
[1543] [M]: 0x0000000080000996 (0x00000013) addi x0, x0, 0x0                        main+1462

clint mtime 0x0000000000000304 (mip.MTI <- 0b1, mip.STI <- 0b0)
mem[X,0x000000008000099A] -> 0x0013
mem[X,0x000000008000099C] -> 0x0000
[1544] [M]: 0x000000008000099A (0x00000013) addi x0, x0, 0x0                        main+1466

mem[X,0x000000008000099E] -> 0x0001
[1545] [M]: 0x000000008000099E (0x0001) c.nop                                       main+1470

clint mtime 0x0000000000000305 (mip.MTI <- 0b1, mip.STI <- 0b0)
mem[X,0x00000000800009A0] -> 0x9073
mem[X,0x00000000800009A2] -> 0x3B62
[1546] [M]: 0x00000000800009A0 (0x3B629073) csrrw x0, pmpaddr6, x5                  main+1472
CSR pmpaddr6 (0x3B6) <- 0x0000000020000800

mem[X,0x00000000800009A4] -> 0x0213
mem[X,0x00000000800009A6] -> 0x0090
[1547] [M]: 0x00000000800009A4 (0x00900213) addi x4, x0, 0x9                        main+1476
x4 <- 0x0000000000000009

clint mtime 0x0000000000000306 (mip.MTI <- 0b1, mip.STI <- 0b0)
mem[X,0x00000000800009A8] -> 0x1213
mem[X,0x00000000800009AA] -> 0x0342
[1548] [M]: 0x00000000800009A8 (0x03421213) slli x4, x4, 0x34                       main+1480
x4 <- 0x0090000000000000

mem[X,0x00000000800009AC] -> 0x1073
mem[X,0x00000000800009AE] -> 0x3A02
[1549] [M]: 0x00000000800009AC (0x3A021073) csrrw x0, pmpcfg0, x4                   main+1484
CSR pmpcfg0 (0x3A0) <- 0x9090000000000000

clint mtime 0x0000000000000307 (mip.MTI <- 0b1, mip.STI <- 0b0)
mem[X,0x00000000800009B0] -> 0x0013
mem[X,0x00000000800009B2] -> 0x0000
[1550] [M]: 0x00000000800009B0 (0x00000013) addi x0, x0, 0x0                        main+1488

mem[X,0x00000000800009B4] -> 0x0013
mem[X,0x00000000800009B6] -> 0x0000
[1551] [M]: 0x00000000800009B4 (0x00000013) addi x0, x0, 0x0                        main+1492

clint mtime 0x0000000000000308 (mip.MTI <- 0b1, mip.STI <- 0b0)
mem[X,0x00000000800009B8] -> 0x0013
mem[X,0x00000000800009BA] -> 0x0000
[1552] [M]: 0x00000000800009B8 (0x00000013) addi x0, x0, 0x0                        main+1496

mem[X,0x00000000800009BC] -> 0x0013
mem[X,0x00000000800009BE] -> 0x0000
[1553] [M]: 0x00000000800009BC (0x00000013) addi x0, x0, 0x0                        main+1500

clint mtime 0x0000000000000309 (mip.MTI <- 0b1, mip.STI <- 0b0)
mem[X,0x00000000800009C0] -> 0x1797
mem[X,0x00000000800009C2] -> 0x0000
[1554] [M]: 0x00000000800009C0 (0x00001797) auipc x15, 0x1                          main+1504
x15 <- 0x00000000800019C0

mem[X,0x00000000800009C4] -> 0x8793
mem[X,0x00000000800009C6] -> 0x6407
[1555] [M]: 0x00000000800009C4 (0x64078793) addi x15, x15, 0x640                    main+1508
x15 <- 0x0000000080002000

clint mtime 0x000000000000030A (mip.MTI <- 0b1, mip.STI <- 0b0)
mem[X,0x00000000800009C8] -> 0x0001
[1556] [M]: 0x00000000800009C8 (0x0001) c.nop                                       main+1512

mem[X,0x00000000800009CA] -> 0x0013
mem[X,0x00000000800009CC] -> 0x0000
[1557] [M]: 0x00000000800009CA (0x00000013) addi x0, x0, 0x0                        main+1514

clint mtime 0x000000000000030B (mip.MTI <- 0b1, mip.STI <- 0b0)
mem[X,0x00000000800009CE] -> 0x0013
mem[X,0x00000000800009D0] -> 0x0000
[1558] [M]: 0x00000000800009CE (0x00000013) addi x0, x0, 0x0                        main+1518

mem[X,0x00000000800009D2] -> 0x0013
mem[X,0x00000000800009D4] -> 0x0000
[1559] [M]: 0x00000000800009D2 (0x00000013) addi x0, x0, 0x0                        main+1522

clint mtime 0x000000000000030C (mip.MTI <- 0b1, mip.STI <- 0b0)
mem[X,0x00000000800009D6] -> 0x0013
mem[X,0x00000000800009D8] -> 0x0000
[1560] [M]: 0x00000000800009D6 (0x00000013) addi x0, x0, 0x0                        main+1526

mem[X,0x00000000800009DA] -> 0x0013
mem[X,0x00000000800009DC] -> 0x0000
[1561] [M]: 0x00000000800009DA (0x00000013) addi x0, x0, 0x0                        main+1530

clint mtime 0x000000000000030D (mip.MTI <- 0b1, mip.STI <- 0b0)
mem[X,0x00000000800009DE] -> 0x0001
[1562] [M]: 0x00000000800009DE (0x0001) c.nop                                       main+1534

mem[X,0x00000000800009E0] -> 0xA703
mem[X,0x00000000800009E2] -> 0x0007
[1563] [M]: 0x00000000800009E0 (0x0007A703) lw x14, 0x0(x15)                        main+1536
trapping from M to M to handle load-access-fault
handling exc#load-access-fault at priv M with tval 0x0000000080002000
CSR mstatus (0x300) <- 0x0000000A00001800
CSR mcause (0x342) <- 0x0000000000000005
CSR mtval (0x343) <- 0x0000000080002000
CSR mepc (0x341) <- 0x00000000800009E0

clint mtime 0x000000000000030E (mip.MTI <- 0b1, mip.STI <- 0b0)
mem[X,0x0000000080002100] -> 0x006F
mem[X,0x0000000080002102] -> 0x1000
[1564] [M]: 0x0000000080002100 (0x1000006F) jal x0, 0x100                           Mtrampoline+0

mem[X,0x0000000080002200] -> 0x1173
mem[X,0x0000000080002202] -> 0x3401
[1565] [M]: 0x0000000080002200 (0x34011173) csrrw x2, mscratch, x2                  trap_Mhandler+0
CSR mscratch (0x340) <- 0x01FDDB7D5BFDDB7F
x2 <- 0x0000000080006000

clint mtime 0x000000000000030F (mip.MTI <- 0b1, mip.STI <- 0b0)
mem[X,0x0000000080002204] -> 0x3423
mem[X,0x0000000080002206] -> 0x28B1
[1566] [M]: 0x0000000080002204 (0x28B13423) sd x11, 0x288(x2)                       trap_Mhandler+4
mem[W,0x0000000080006288] <- 0x0000000000000000

mem[X,0x0000000080002208] -> 0x05EF
mem[X,0x000000008000220A] -> 0x0B80
[1567] [M]: 0x0000000080002208 (0x0B8005EF) jal x11, 0xb8                           trap_Mhandler+8
x11 <- 0x000000008000220C

clint mtime 0x0000000000000310 (mip.MTI <- 0b1, mip.STI <- 0b0)
mem[X,0x00000000800022C0] -> 0x3023
mem[X,0x00000000800022C2] -> 0x28A1
[1568] [M]: 0x00000000800022C0 (0x28A13023) sd x10, 0x280(x2)                       common_Mhandler+0
mem[W,0x0000000080006280] <- 0x0000000000000001

mem[X,0x00000000800022C4] -> 0x1573
mem[X,0x00000000800022C6] -> 0x3401
[1569] [M]: 0x00000000800022C4 (0x34011573) csrrw x10, mscratch, x2                 common_Mhandler+4
CSR mscratch (0x340) <- 0x0000000080006000
x10 <- 0x01FDDB7D5BFDDB7F

clint mtime 0x0000000000000311 (mip.MTI <- 0b1, mip.STI <- 0b0)
mem[X,0x00000000800022C8] -> 0x3823
mem[X,0x00000000800022CA] -> 0x28A1
[1570] [M]: 0x00000000800022C8 (0x28A13823) sd x10, 0x290(x2)                       common_Mhandler+8
mem[W,0x0000000080006290] <- 0x01FDDB7D5BFDDB7F

mem[X,0x00000000800022CC] -> 0x3503
mem[X,0x00000000800022CE] -> 0x2301
[1571] [M]: 0x00000000800022CC (0x23013503) ld x10, 0x230(x2)                       common_Mhandler+12
mem[R,0x0000000080006230] -> 0x00000000800022D4
x10 <- 0x00000000800022D4

clint mtime 0x0000000000000312 (mip.MTI <- 0b1, mip.STI <- 0b0)
mem[X,0x00000000800022D0] -> 0x0067
mem[X,0x00000000800022D2] -> 0x0005
[1572] [M]: 0x00000000800022D0 (0x00050067) jalr x0, 0x0(x10)                       common_Mhandler+16

mem[X,0x00000000800022D4] -> 0x3C23
mem[X,0x00000000800022D6] -> 0x2691
[1573] [M]: 0x00000000800022D4 (0x26913C23) sd x9, 0x278(x2)                        common_Mentry+0
mem[W,0x0000000080006278] <- 0x00000000000000FE

clint mtime 0x0000000000000313 (mip.MTI <- 0b1, mip.STI <- 0b0)
mem[X,0x00000000800022D8] -> 0x3823
mem[X,0x00000000800022DA] -> 0x2681
[1574] [M]: 0x00000000800022D8 (0x26813823) sd x8, 0x270(x2)                        common_Mentry+4
mem[W,0x0000000080006270] <- 0x0000000000007F76

mem[X,0x00000000800022DC] -> 0x3423
mem[X,0x00000000800022DE] -> 0x2671
[1575] [M]: 0x00000000800022DC (0x26713423) sd x7, 0x268(x2)                        common_Mentry+8
mem[W,0x0000000080006268] <- 0x00000000003FBB6F

clint mtime 0x0000000000000314 (mip.MTI <- 0b1, mip.STI <- 0b0)
mem[X,0x00000000800022E0] -> 0x3023
mem[X,0x00000000800022E2] -> 0x2661
[1576] [M]: 0x00000000800022E0 (0x26613023) sd x6, 0x260(x2)                        common_Mentry+12
mem[W,0x0000000080006260] <- 0x000000001FDDB7D5

mem[X,0x00000000800022E4] -> 0x2573
mem[X,0x00000000800022E6] -> 0x3420
[1577] [M]: 0x00000000800022E4 (0x34202573) csrrs x10, mcause, x0                   spcl_M2mmode_test+0
CSR mcause (0x342) -> 0x0000000000000005
x10 <- 0x0000000000000005

clint mtime 0x0000000000000315 (mip.MTI <- 0b1, mip.STI <- 0b0)
mem[X,0x00000000800022E8] -> 0x04B7
mem[X,0x00000000800022EA] -> 0x8000
[1578] [M]: 0x00000000800022E8 (0x800004B7) lui x9, -0x80000                        spcl_M2mmode_test+4
x9 <- 0xFFFFFFFF80000000

mem[X,0x00000000800022EC] -> 0x8493
mem[X,0x00000000800022EE] -> 0x0004
[1579] [M]: 0x00000000800022EC (0x00048493) addi x9, x9, 0x0                        spcl_M2mmode_test+8
x9 <- 0xFFFFFFFF80000000

clint mtime 0x0000000000000316 (mip.MTI <- 0b1, mip.STI <- 0b0)
mem[X,0x00000000800022F0] -> 0x9493
mem[X,0x00000000800022F2] -> 0x00B4
[1580] [M]: 0x00000000800022F0 (0x00B49493) slli x9, x9, 0xb                        spcl_M2mmode_test+12
x9 <- 0xFFFFFC0000000000

mem[X,0x00000000800022F4] -> 0x8493
mem[X,0x00000000800022F6] -> 0x0004
[1581] [M]: 0x00000000800022F4 (0x00048493) addi x9, x9, 0x0                        spcl_M2mmode_test+16
x9 <- 0xFFFFFC0000000000

clint mtime 0x0000000000000317 (mip.MTI <- 0b1, mip.STI <- 0b0)
mem[X,0x00000000800022F8] -> 0x9493
mem[X,0x00000000800022FA] -> 0x00B4
[1582] [M]: 0x00000000800022F8 (0x00B49493) slli x9, x9, 0xb                        spcl_M2mmode_test+20
x9 <- 0xFFE0000000000000

mem[X,0x00000000800022FC] -> 0x8493
mem[X,0x00000000800022FE] -> 0x0034
[1583] [M]: 0x00000000800022FC (0x00348493) addi x9, x9, 0x3                        spcl_M2mmode_test+24
x9 <- 0xFFE0000000000003

clint mtime 0x0000000000000318 (mip.MTI <- 0b1, mip.STI <- 0b0)
mem[X,0x0000000080002300] -> 0x9493
mem[X,0x0000000080002302] -> 0x00A4
[1584] [M]: 0x0000000080002300 (0x00A49493) slli x9, x9, 0xa                        spcl_M2mmode_test+28
x9 <- 0x8000000000000C00

mem[X,0x0000000080002304] -> 0x8493
mem[X,0x0000000080002306] -> 0x3FC4
[1585] [M]: 0x0000000080002304 (0x3FC48493) addi x9, x9, 0x3fc                      spcl_M2mmode_test+32
x9 <- 0x8000000000000FFC

clint mtime 0x0000000000000319 (mip.MTI <- 0b1, mip.STI <- 0b0)
mem[X,0x0000000080002308] -> 0xF4B3
mem[X,0x000000008000230A] -> 0x00A4
[1586] [M]: 0x0000000080002308 (0x00A4F4B3) and x9, x9, x10                         spcl_M2mmode_test+36
x9 <- 0x0000000000000004

mem[X,0x000000008000230C] -> 0x8493
mem[X,0x000000008000230E] -> 0xFF84
[1587] [M]: 0x000000008000230C (0xFF848493) addi x9, x9, -0x8                       spcl_M2mmode_test+40
x9 <- 0xFFFFFFFFFFFFFFFC

clint mtime 0x000000000000031A (mip.MTI <- 0b1, mip.STI <- 0b0)
mem[X,0x0000000080002310] -> 0x9663
mem[X,0x0000000080002312] -> 0x0004
[1588] [M]: 0x0000000080002310 (0x00049663) bne x9, x0, 0xc                         spcl_M2mmode_test+44

mem[X,0x000000008000231C] -> 0x0393
mem[X,0x000000008000231E] -> 0x0200
[1589] [M]: 0x000000008000231C (0x02000393) addi x7, x0, 0x20                       Mtrapsig_ptr_upd+0
x7 <- 0x0000000000000020

clint mtime 0x000000000000031B (mip.MTI <- 0b1, mip.STI <- 0b0)
mem[X,0x0000000080002320] -> 0x5263
mem[X,0x0000000080002322] -> 0x0405
[1590] [M]: 0x0000000080002320 (0x04055263) bge x10, x0, 0x44                       Mtrapsig_ptr_upd+4

mem[X,0x0000000080002364] -> 0x2373
mem[X,0x0000000080002366] -> 0x3010
[1591] [M]: 0x0000000080002364 (0x30102373) csrrs x6, misa, x0                      Mxcpt_sig_sv+0
CSR misa (0x301) -> 0x800000000034112F
x6 <- 0x800000000034112F

clint mtime 0x000000000000031C (mip.MTI <- 0b1, mip.STI <- 0b0)
mem[X,0x0000000080002368] -> 0x1313
mem[X,0x000000008000236A] -> 0x0383
[1592] [M]: 0x0000000080002368 (0x03831313) slli x6, x6, 0x38                       Mxcpt_sig_sv+4
x6 <- 0x2F00000000000000

mem[X,0x000000008000236C] -> 0x5463
mem[X,0x000000008000236E] -> 0x0003
[1593] [M]: 0x000000008000236C (0x00035463) bge x6, x0, 0x8                         Mxcpt_sig_sv+8

clint mtime 0x000000000000031D (mip.MTI <- 0b1, mip.STI <- 0b0)
mem[X,0x0000000080002374] -> 0x3303
mem[X,0x0000000080002376] -> 0x2181
[1594] [M]: 0x0000000080002374 (0x21813303) ld x6, 0x218(x2)                        Mtrap_sig_sv+0
mem[R,0x0000000080006218] -> 0x0000000080007520
x6 <- 0x0000000080007520

mem[X,0x0000000080002378] -> 0x04B3
mem[X,0x000000008000237A] -> 0x0073
[1595] [M]: 0x0000000080002378 (0x007304B3) add x9, x6, x7                          Mtrap_sig_sv+4
x9 <- 0x0000000080007540

clint mtime 0x000000000000031E (mip.MTI <- 0b1, mip.STI <- 0b0)
mem[X,0x000000008000237C] -> 0x3C23
mem[X,0x000000008000237E] -> 0x2091
[1596] [M]: 0x000000008000237C (0x20913C23) sd x9, 0x218(x2)                        Mtrap_sig_sv+8
mem[W,0x0000000080006218] <- 0x0000000080007540

mem[X,0x0000000080002380] -> 0x3403
mem[X,0x0000000080002382] -> 0x1F81
[1597] [M]: 0x0000000080002380 (0x1F813403) ld x8, 0x1f8(x2)                        Mtrap_sig_sv+12
mem[R,0x00000000800061F8] -> 0x0000000080007210
x8 <- 0x0000000080007210

clint mtime 0x000000000000031F (mip.MTI <- 0b1, mip.STI <- 0b0)
mem[X,0x0000000080002384] -> 0x0333
mem[X,0x0000000080002386] -> 0x4083
[1598] [M]: 0x0000000080002384 (0x40830333) sub x6, x6, x8                          Mtrap_sig_sv+16
x6 <- 0x0000000000000310

mem[X,0x0000000080002388] -> 0x3403
mem[X,0x000000008000238A] -> 0x1F81
[1599] [M]: 0x0000000080002388 (0x1F813403) ld x8, 0x1f8(x2)                        Mtrap_sig_sv+20
mem[R,0x00000000800061F8] -> 0x0000000080007210
x8 <- 0x0000000080007210

clint mtime 0x0000000000000320 (mip.MTI <- 0b1, mip.STI <- 0b0)
mem[X,0x000000008000238C] -> 0x0333
mem[X,0x000000008000238E] -> 0x0083
[1600] [M]: 0x000000008000238C (0x00830333) add x6, x6, x8                          Mtrap_sig_sv+24
x6 <- 0x0000000080007520

mem[X,0x0000000080002390] -> 0x3403
mem[X,0x0000000080002392] -> 0x2401
[1601] [M]: 0x0000000080002390 (0x24013403) ld x8, 0x240(x2)                        Mtrap_sig_sv+28
mem[R,0x0000000080006240] -> 0x0000000080002100
x8 <- 0x0000000080002100

clint mtime 0x0000000000000321 (mip.MTI <- 0b1, mip.STI <- 0b0)
mem[X,0x0000000080002394] -> 0x85B3
mem[X,0x0000000080002396] -> 0x4085
[1602] [M]: 0x0000000080002394 (0x408585B3) sub x11, x11, x8                        sv_Mvect+0
x11 <- 0x000000000000010C

mem[X,0x0000000080002398] -> 0x9593
mem[X,0x000000008000239A] -> 0x0045
[1603] [M]: 0x0000000080002398 (0x00459593) slli x11, x11, 0x4                      sv_Mvect+4
x11 <- 0x00000000000010C0

clint mtime 0x0000000000000322 (mip.MTI <- 0b1, mip.STI <- 0b0)
mem[X,0x000000008000239C] -> 0xE5B3
mem[X,0x000000008000239E] -> 0x0075
[1604] [M]: 0x000000008000239C (0x0075E5B3) or x11, x11, x7                         sv_Mvect+8
x11 <- 0x00000000000010E0

mem[X,0x00000000800023A0] -> 0x8593
mem[X,0x00000000800023A2] -> 0x0035
[1605] [M]: 0x00000000800023A0 (0x00358593) addi x11, x11, 0x3                      sv_Mvect+12
x11 <- 0x00000000000010E3

clint mtime 0x0000000000000323 (mip.MTI <- 0b1, mip.STI <- 0b0)
mem[X,0x00000000800023A4] -> 0x3023
mem[X,0x00000000800023A6] -> 0x00B3
[1606] [M]: 0x00000000800023A4 (0x00B33023) sd x11, 0x0(x6)                         sv_Mvect+16
mem[W,0x0000000080007520] <- 0x00000000000010E3

mem[X,0x00000000800023A8] -> 0x3423
mem[X,0x00000000800023AA] -> 0x00A3
[1607] [M]: 0x00000000800023A8 (0x00A33423) sd x10, 0x8(x6)                         sv_Mcause+0
mem[W,0x0000000080007528] <- 0x0000000000000005

clint mtime 0x0000000000000324 (mip.MTI <- 0b1, mip.STI <- 0b0)
mem[X,0x00000000800023AC] -> 0x4263
mem[X,0x00000000800023AE] -> 0x1A05
[1608] [M]: 0x00000000800023AC (0x1A054263) blt x10, x0, 0x1a4                      sv_Mcause+4

mem[X,0x00000000800023B0] -> 0x25F3
mem[X,0x00000000800023B2] -> 0x3000
[1609] [M]: 0x00000000800023B0 (0x300025F3) csrrs x11, mstatus, x0                  common_Mexcpt_handler+0
CSR mstatus (0x300) -> 0x0000000A00001800
x11 <- 0x0000000A00001800

clint mtime 0x0000000000000325 (mip.MTI <- 0b1, mip.STI <- 0b0)
mem[X,0x00000000800023B4] -> 0x9413
mem[X,0x00000000800023B6] -> 0x02E5
[1610] [M]: 0x00000000800023B4 (0x02E59413) slli x8, x11, 0x2e                      common_Mexcpt_handler+4
x8 <- 0x0600000000000000

mem[X,0x00000000800023B8] -> 0x5463
mem[X,0x00000000800023BA] -> 0x0004
[1611] [M]: 0x00000000800023B8 (0x00045463) bge x8, x0, 0x8                         common_Mexcpt_handler+8

clint mtime 0x0000000000000326 (mip.MTI <- 0b1, mip.STI <- 0b0)
mem[X,0x00000000800023C0] -> 0xD493
mem[X,0x00000000800023C2] -> 0x00B5
[1612] [M]: 0x00000000800023C0 (0x00B5D493) srli x9, x11, 0xb                       common_Mexcpt_handler+16
x9 <- 0x0000000001400003

mem[X,0x00000000800023C4] -> 0xF493
mem[X,0x00000000800023C6] -> 0x0034
[1613] [M]: 0x00000000800023C4 (0x0034F493) andi x9, x9, 0x3                        common_Mexcpt_handler+20
x9 <- 0x0000000000000003

clint mtime 0x0000000000000327 (mip.MTI <- 0b1, mip.STI <- 0b0)
mem[X,0x00000000800023C8] -> 0x8493
mem[X,0x00000000800023CA] -> 0x0014
[1614] [M]: 0x00000000800023C8 (0x00148493) addi x9, x9, 0x1                        common_Mexcpt_handler+24
x9 <- 0x0000000000000004

mem[X,0x00000000800023CC] -> 0xF493
mem[X,0x00000000800023CE] -> 0x0044
[1615] [M]: 0x00000000800023CC (0x0044F493) andi x9, x9, 0x4                        common_Mexcpt_handler+28
x9 <- 0x0000000000000004

clint mtime 0x0000000000000328 (mip.MTI <- 0b1, mip.STI <- 0b0)
mem[X,0x00000000800023D0] -> 0x0593
mem[X,0x00000000800023D2] -> 0x05D0
[1616] [M]: 0x00000000800023D0 (0x05D00593) addi x11, x0, 0x5d                      common_Mexcpt_handler+32
x11 <- 0x000000000000005D

mem[X,0x00000000800023D4] -> 0xD5B3
mem[X,0x00000000800023D6] -> 0x0095
[1617] [M]: 0x00000000800023D4 (0x0095D5B3) srl x11, x11, x9                        common_Mexcpt_handler+36
x11 <- 0x0000000000000005

clint mtime 0x0000000000000329 (mip.MTI <- 0b1, mip.STI <- 0b0)
mem[X,0x00000000800023D8] -> 0xF593
mem[X,0x00000000800023DA] -> 0x0015
[1618] [M]: 0x00000000800023D8 (0x0015F593) andi x11, x11, 0x1                      common_Mexcpt_handler+40
x11 <- 0x0000000000000001

mem[X,0x00000000800023DC] -> 0x8EE3
mem[X,0x00000000800023DE] -> 0xF405
[1619] [M]: 0x00000000800023DC (0xF4058EE3) beq x11, x0, -0xa4                      common_Mexcpt_handler+44

clint mtime 0x000000000000032A (mip.MTI <- 0b1, mip.STI <- 0b0)
mem[X,0x00000000800023E0] -> 0x0593
mem[X,0x00000000800023E2] -> 0x2980
[1620] [M]: 0x00000000800023E0 (0x29800593) addi x11, x0, 0x298                     common_Mexcpt_handler+48
x11 <- 0x0000000000000298

mem[X,0x00000000800023E4] -> 0xF413
mem[X,0x00000000800023E6] -> 0x0014
[1621] [M]: 0x00000000800023E4 (0x0014F413) andi x8, x9, 0x1                        common_Mexcpt_handler+52
x8 <- 0x0000000000000000

clint mtime 0x000000000000032B (mip.MTI <- 0b1, mip.STI <- 0b0)
mem[X,0x00000000800023E8] -> 0x95B3
mem[X,0x00000000800023EA] -> 0x0085
[1622] [M]: 0x00000000800023E8 (0x008595B3) sll x11, x11, x8                        common_Mexcpt_handler+56
x11 <- 0x0000000000000298

mem[X,0x00000000800023EC] -> 0x9413
mem[X,0x00000000800023EE] -> 0x03D4
[1623] [M]: 0x00000000800023EC (0x03D49413) slli x8, x9, 0x3d                       common_Mexcpt_handler+60
x8 <- 0x8000000000000000

clint mtime 0x000000000000032C (mip.MTI <- 0b1, mip.STI <- 0b0)
mem[X,0x00000000800023F0] -> 0x5413
mem[X,0x00000000800023F2] -> 0x43F4
[1624] [M]: 0x00000000800023F0 (0x43F45413) srai x8, x8, 0x3f                       common_Mexcpt_handler+64
x8 <- 0xFFFFFFFFFFFFFFFF

mem[X,0x00000000800023F4] -> 0x4413
mem[X,0x00000000800023F6] -> 0xFFF4
[1625] [M]: 0x00000000800023F4 (0xFFF44413) xori x8, x8, -0x1                       common_Mexcpt_handler+68
x8 <- 0x0000000000000000

clint mtime 0x000000000000032D (mip.MTI <- 0b1, mip.STI <- 0b0)
mem[X,0x00000000800023F8] -> 0xF4B3
mem[X,0x00000000800023FA] -> 0x0085
[1626] [M]: 0x00000000800023F8 (0x0085F4B3) and x9, x11, x8                         common_Mexcpt_handler+72
x9 <- 0x0000000000000000

mem[X,0x00000000800023FC] -> 0x84B3
mem[X,0x00000000800023FE] -> 0x0024
[1627] [M]: 0x00000000800023FC (0x002484B3) add x9, x9, x2                          vmem_adj_Mepc+0
x9 <- 0x0000000080006000

clint mtime 0x000000000000032E (mip.MTI <- 0b1, mip.STI <- 0b0)
mem[X,0x0000000080002400] -> 0x23F3
mem[X,0x0000000080002402] -> 0x3410
[1628] [M]: 0x0000000080002400 (0x341023F3) csrrs x7, mepc, x0                      vmem_adj_Mepc+4
CSR mepc (0x341) -> 0x00000000800009E0
x7 <- 0x00000000800009E0

mem[X,0x0000000080002404] -> 0x0413
mem[X,0x0000000080002406] -> 0x0004
[1629] [M]: 0x0000000080002404 (0x00040413) addi x8, x8, 0x0                        vmem_adj_Mepc+8
x8 <- 0x0000000000000000

clint mtime 0x000000000000032F (mip.MTI <- 0b1, mip.STI <- 0b0)
mem[X,0x0000000080002408] -> 0x006F
mem[X,0x000000008000240A] -> 0x0400
[1630] [M]: 0x0000000080002408 (0x0400006F) jal x0, 0x40                            vmem_adj_Mepc+12

mem[X,0x0000000080002448] -> 0x8433
mem[X,0x000000008000244A] -> 0x4083
[1631] [M]: 0x0000000080002448 (0x40838433) sub x8, x7, x8                          adj_Mepc+0
x8 <- 0x00000000800009E0

clint mtime 0x0000000000000330 (mip.MTI <- 0b1, mip.STI <- 0b0)
mem[X,0x000000008000244C] -> 0x3823
mem[X,0x000000008000244E] -> 0x0083
[1632] [M]: 0x000000008000244C (0x00833823) sd x8, 0x10(x6)                         sv_Mepc+0
mem[W,0x0000000080007530] <- 0x00000000800009E0

mem[X,0x0000000080002450] -> 0x55B7
mem[X,0x0000000080002452] -> 0x0000
[1633] [M]: 0x0000000080002450 (0x000055B7) lui x11, 0x5                            sv_Mepc+4
x11 <- 0x0000000000005000

clint mtime 0x0000000000000331 (mip.MTI <- 0b1, mip.STI <- 0b0)
mem[X,0x0000000080002454] -> 0x8593
mem[X,0x0000000080002456] -> 0x6675
[1634] [M]: 0x0000000080002454 (0x66758593) addi x11, x11, 0x667                    sv_Mepc+8
x11 <- 0x0000000000005667

mem[X,0x0000000080002458] -> 0x9593
mem[X,0x000000008000245A] -> 0x0015
[1635] [M]: 0x0000000080002458 (0x00159593) slli x11, x11, 0x1                      sv_Mepc+12
x11 <- 0x000000000000ACCE

clint mtime 0x0000000000000332 (mip.MTI <- 0b1, mip.STI <- 0b0)
mem[X,0x000000008000245C] -> 0x9063
mem[X,0x000000008000245E] -> 0x02B1
[1636] [M]: 0x000000008000245C (0x02B19063) bne x3, x11, 0x20                       sv_Mepc+16

mem[X,0x000000008000247C] -> 0xF593
mem[X,0x000000008000247E] -> 0xFFC3
[1637] [M]: 0x000000008000247C (0xFFC3F593) andi x11, x7, -0x4                      adj_Mepc_rtn+0
x11 <- 0x00000000800009E0

clint mtime 0x0000000000000333 (mip.MTI <- 0b1, mip.STI <- 0b0)
mem[X,0x0000000080002480] -> 0x8593
mem[X,0x0000000080002482] -> 0x0085
[1638] [M]: 0x0000000080002480 (0x00858593) addi x11, x11, 0x8                      adj_Mepc_rtn+4
x11 <- 0x00000000800009E8

mem[X,0x0000000080002484] -> 0x9073
mem[X,0x0000000080002486] -> 0x3415
[1639] [M]: 0x0000000080002484 (0x34159073) csrrw x0, mepc, x11                     adj_Mepc_rtn+8
CSR mepc (0x341) <- 0x00000000800009E8

clint mtime 0x0000000000000334 (mip.MTI <- 0b1, mip.STI <- 0b0)
mem[X,0x0000000080002488] -> 0x23F3
mem[X,0x000000008000248A] -> 0x3430
[1640] [M]: 0x0000000080002488 (0x343023F3) csrrs x7, mtval, x0                     skp_adj_Mepc+0
CSR mtval (0x343) -> 0x0000000080002000
x7 <- 0x0000000080002000

mem[X,0x000000008000248C] -> 0x7513
mem[X,0x000000008000248E] -> 0x00F5
[1641] [M]: 0x000000008000248C (0x00F57513) andi x10, x10, 0xf                      chk_Mtval+0
x10 <- 0x0000000000000005

clint mtime 0x0000000000000335 (mip.MTI <- 0b1, mip.STI <- 0b0)
mem[X,0x0000000080002490] -> 0x0437
mem[X,0x0000000080002492] -> 0x0000
[1642] [M]: 0x0000000080002490 (0x00000437) lui x8, 0x0                             chk_Mtval+4
x8 <- 0x0000000000000000

mem[X,0x0000000080002494] -> 0x0413
mem[X,0x0000000080002496] -> 0x0004
[1643] [M]: 0x0000000080002494 (0x00040413) addi x8, x8, 0x0                        chk_Mtval+8
x8 <- 0x0000000000000000

clint mtime 0x0000000000000336 (mip.MTI <- 0b1, mip.STI <- 0b0)
mem[X,0x0000000080002498] -> 0x1413
mem[X,0x000000008000249A] -> 0x00B4
[1644] [M]: 0x0000000080002498 (0x00B41413) slli x8, x8, 0xb                        chk_Mtval+12
x8 <- 0x0000000000000000

mem[X,0x000000008000249C] -> 0x0413
mem[X,0x000000008000249E] -> 0x0004
[1645] [M]: 0x000000008000249C (0x00040413) addi x8, x8, 0x0                        chk_Mtval+16
x8 <- 0x0000000000000000

clint mtime 0x0000000000000337 (mip.MTI <- 0b1, mip.STI <- 0b0)
mem[X,0x00000000800024A0] -> 0x1413
mem[X,0x00000000800024A2] -> 0x00B4
[1646] [M]: 0x00000000800024A0 (0x00B41413) slli x8, x8, 0xb                        chk_Mtval+20
x8 <- 0x0000000000000000

mem[X,0x00000000800024A4] -> 0x0413
mem[X,0x00000000800024A6] -> 0x02C4
[1647] [M]: 0x00000000800024A4 (0x02C40413) addi x8, x8, 0x2c                       chk_Mtval+24
x8 <- 0x000000000000002C

clint mtime 0x0000000000000338 (mip.MTI <- 0b1, mip.STI <- 0b0)
mem[X,0x00000000800024A8] -> 0x1413
mem[X,0x00000000800024AA] -> 0x00A4
[1648] [M]: 0x00000000800024A8 (0x00A41413) slli x8, x8, 0xa                        chk_Mtval+28
x8 <- 0x000000000000B000

mem[X,0x00000000800024AC] -> 0x0413
mem[X,0x00000000800024AE] -> 0x0FB4
[1649] [M]: 0x00000000800024AC (0x0FB40413) addi x8, x8, 0xfb                       chk_Mtval+32
x8 <- 0x000000000000B0FB

clint mtime 0x0000000000000339 (mip.MTI <- 0b1, mip.STI <- 0b0)
mem[X,0x00000000800024B0] -> 0x5433
mem[X,0x00000000800024B2] -> 0x00A4
[1650] [M]: 0x00000000800024B0 (0x00A45433) srl x8, x8, x10                         chk_Mtval+36
x8 <- 0x0000000000000587

mem[X,0x00000000800024B4] -> 0x1413
mem[X,0x00000000800024B6] -> 0x03F4
[1651] [M]: 0x00000000800024B4 (0x03F41413) slli x8, x8, 0x3f                       chk_Mtval+40
x8 <- 0x8000000000000000

clint mtime 0x000000000000033A (mip.MTI <- 0b1, mip.STI <- 0b0)
mem[X,0x00000000800024B8] -> 0x5C63
mem[X,0x00000000800024BA] -> 0x0404
[1652] [M]: 0x00000000800024B8 (0x04045C63) bge x8, x0, 0x58                        chk_Mtval+44

mem[X,0x00000000800024BC] -> 0xB403
mem[X,0x00000000800024BE] -> 0x2084
[1653] [M]: 0x00000000800024BC (0x2084B403) ld x8, 0x208(x9)                        vmem_adj_Mtval+0
mem[R,0x0000000080006208] -> 0x00000000800003B4
x8 <- 0x00000000800003B4

clint mtime 0x000000000000033B (mip.MTI <- 0b1, mip.STI <- 0b0)
mem[X,0x00000000800024C0] -> 0xB583
mem[X,0x00000000800024C2] -> 0x2104
[1654] [M]: 0x00000000800024C0 (0x2104B583) ld x11, 0x210(x9)                       vmem_adj_Mtval+4
mem[R,0x0000000080006210] -> 0x0000000000001C5C
x11 <- 0x0000000000001C5C

mem[X,0x00000000800024C4] -> 0x85B3
mem[X,0x00000000800024C6] -> 0x0085
[1655] [M]: 0x00000000800024C4 (0x008585B3) add x11, x11, x8                        vmem_adj_Mtval+8
x11 <- 0x0000000080002010

clint mtime 0x000000000000033C (mip.MTI <- 0b1, mip.STI <- 0b0)
mem[X,0x00000000800024C8] -> 0xF463
mem[X,0x00000000800024CA] -> 0x00B3
[1656] [M]: 0x00000000800024C8 (0x00B3F463) bgeu x7, x11, 0x8                       vmem_adj_Mtval+12

mem[X,0x00000000800024CC] -> 0xF063
mem[X,0x00000000800024CE] -> 0x0483
[1657] [M]: 0x00000000800024CC (0x0483F063) bgeu x7, x8, 0x40                       vmem_adj_Mtval+16

clint mtime 0x000000000000033D (mip.MTI <- 0b1, mip.STI <- 0b0)
mem[X,0x000000008000250C] -> 0x8433
mem[X,0x000000008000250E] -> 0x4083
[1658] [M]: 0x000000008000250C (0x40838433) sub x8, x7, x8                          adj_Mtval+0
x8 <- 0x0000000000001C4C

mem[X,0x0000000080002510] -> 0x3C23
mem[X,0x0000000080002512] -> 0x0083
[1659] [M]: 0x0000000080002510 (0x00833C23) sd x8, 0x18(x6)                         sv_Mtval+0
mem[W,0x0000000080007538] <- 0x0000000000001C4C

clint mtime 0x000000000000033E (mip.MTI <- 0b1, mip.STI <- 0b0)
mem[X,0x0000000080002514] -> 0x3483
mem[X,0x0000000080002516] -> 0x2181
[1660] [M]: 0x0000000080002514 (0x21813483) ld x9, 0x218(x2)                        skp_Mtval+0
mem[R,0x0000000080006218] -> 0x0000000080007540
x9 <- 0x0000000080007540

mem[X,0x0000000080002518] -> 0x3383
mem[X,0x000000008000251A] -> 0x1F81
[1661] [M]: 0x0000000080002518 (0x1F813383) ld x7, 0x1f8(x2)                        skp_Mtval+4
mem[R,0x00000000800061F8] -> 0x0000000080007210
x7 <- 0x0000000080007210

clint mtime 0x000000000000033F (mip.MTI <- 0b1, mip.STI <- 0b0)
mem[X,0x000000008000251C] -> 0x3303
mem[X,0x000000008000251E] -> 0x2001
[1662] [M]: 0x000000008000251C (0x20013303) ld x6, 0x200(x2)                        skp_Mtval+8
mem[R,0x0000000080006200] -> 0x0000000000000A20
x6 <- 0x0000000000000A20

mem[X,0x0000000080002520] -> 0x0333
mem[X,0x0000000080002522] -> 0x0073
[1663] [M]: 0x0000000080002520 (0x00730333) add x6, x6, x7                          skp_Mtval+12
x6 <- 0x0000000080007C30

clint mtime 0x0000000000000340 (mip.MTI <- 0b1, mip.STI <- 0b0)
mem[X,0x0000000080002524] -> 0x6AE3
mem[X,0x0000000080002526] -> 0xAE93
[1664] [M]: 0x0000000080002524 (0xAE936AE3) bltu x6, x9, -0x50c                     skp_Mtval+16

mem[X,0x0000000080002528] -> 0x0393
mem[X,0x000000008000252A] -> 0x2000
[1665] [M]: 0x0000000080002528 (0x20000393) addi x7, x0, 0x200                      skp_Mtval+20
x7 <- 0x0000000000000200

clint mtime 0x0000000000000341 (mip.MTI <- 0b1, mip.STI <- 0b0)
mem[X,0x000000008000252C] -> 0x006F
mem[X,0x000000008000252E] -> 0x0400
[1666] [M]: 0x000000008000252C (0x0400006F) jal x0, 0x40                            skp_Mtval+24

mem[X,0x000000008000256C] -> 0x0417
mem[X,0x000000008000256E] -> 0x0000
[1667] [M]: 0x000000008000256C (0x00000417) auipc x8, 0x0                           spcl_Mhandler+0
x8 <- 0x000000008000256C

clint mtime 0x0000000000000342 (mip.MTI <- 0b1, mip.STI <- 0b0)
mem[X,0x0000000080002570] -> 0x0413
mem[X,0x0000000080002572] -> 0x03C4
[1668] [M]: 0x0000000080002570 (0x03C40413) addi x8, x8, 0x3c                       spcl_Mhandler+4
x8 <- 0x00000000800025A8

mem[X,0x0000000080002574] -> 0x0433
mem[X,0x0000000080002576] -> 0x0074
[1669] [M]: 0x0000000080002574 (0x00740433) add x8, x8, x7                          spcl_Mhandler+8
x8 <- 0x00000000800027A8

clint mtime 0x0000000000000343 (mip.MTI <- 0b1, mip.STI <- 0b0)
mem[X,0x0000000080002578] -> 0x1393
mem[X,0x000000008000257A] -> 0x0035
[1670] [M]: 0x0000000080002578 (0x00351393) slli x7, x10, 0x3                       spcl_Mhandler+12
x7 <- 0x0000000000000028

mem[X,0x000000008000257C] -> 0x0433
mem[X,0x000000008000257E] -> 0x0074
[1671] [M]: 0x000000008000257C (0x00740433) add x8, x8, x7                          spcl_Mhandler+16
x8 <- 0x00000000800027D0

clint mtime 0x0000000000000344 (mip.MTI <- 0b1, mip.STI <- 0b0)
mem[X,0x0000000080002580] -> 0x7413
mem[X,0x0000000080002582] -> 0xFF84
[1672] [M]: 0x0000000080002580 (0xFF847413) andi x8, x8, -0x8                       spcl_Mhandler+20
x8 <- 0x00000000800027D0

mem[X,0x0000000080002584] -> 0x3403
mem[X,0x0000000080002586] -> 0x0004
[1673] [M]: 0x0000000080002584 (0x00043403) ld x8, 0x0(x8)                          spcl_Mhandler+24
mem[R,0x00000000800027D0] -> 0x000000000000000B
x8 <- 0x000000000000000B

clint mtime 0x0000000000000345 (mip.MTI <- 0b1, mip.STI <- 0b0)
mem[X,0x0000000080002588] -> 0x02E3
mem[X,0x000000008000258A] -> 0xB204
[1674] [M]: 0x0000000080002588 (0xB20402E3) beq x8, x0, -0x4dc                      spcl_Mdispatch_hndling+0

mem[X,0x000000008000258C] -> 0x1393
mem[X,0x000000008000258E] -> 0x03F4
[1675] [M]: 0x000000008000258C (0x03F41393) slli x7, x8, 0x3f                       spcl_Mdispatch_hndling+4
x7 <- 0x8000000000000000

clint mtime 0x0000000000000346 (mip.MTI <- 0b1, mip.STI <- 0b0)
mem[X,0x0000000080002590] -> 0xD863
mem[X,0x0000000080002592] -> 0x0003
[1676] [M]: 0x0000000080002590 (0x0003D863) bge x7, x0, 0x10                        spcl_Mdispatch_hndling+8

mem[X,0x0000000080002594] -> 0x5413
mem[X,0x0000000080002596] -> 0x0014
[1677] [M]: 0x0000000080002594 (0x00145413) srli x8, x8, 0x1                        spcl_Mdispatch_hndling+12
x8 <- 0x0000000000000005

clint mtime 0x0000000000000347 (mip.MTI <- 0b1, mip.STI <- 0b0)
mem[X,0x0000000080002598] -> 0x0CE3
mem[X,0x000000008000259A] -> 0xF885
[1678] [M]: 0x0000000080002598 (0xF8850CE3) beq x10, x8, -0x68                      spcl_Mdispatch_hndling+16

mem[X,0x0000000080002530] -> 0x3303
mem[X,0x0000000080002532] -> 0x2601
[1679] [M]: 0x0000000080002530 (0x26013303) ld x6, 0x260(x2)                        resto_Mrtn+0
mem[R,0x0000000080006260] -> 0x000000001FDDB7D5
x6 <- 0x000000001FDDB7D5

clint mtime 0x0000000000000348 (mip.MTI <- 0b1, mip.STI <- 0b0)
mem[X,0x0000000080002534] -> 0x3383
mem[X,0x0000000080002536] -> 0x2681
[1680] [M]: 0x0000000080002534 (0x26813383) ld x7, 0x268(x2)                        resto_Mrtn+4
mem[R,0x0000000080006268] -> 0x00000000003FBB6F
x7 <- 0x00000000003FBB6F

mem[X,0x0000000080002538] -> 0x3403
mem[X,0x000000008000253A] -> 0x2701
[1681] [M]: 0x0000000080002538 (0x27013403) ld x8, 0x270(x2)                        resto_Mrtn+8
mem[R,0x0000000080006270] -> 0x0000000000007F76
x8 <- 0x0000000000007F76

clint mtime 0x0000000000000349 (mip.MTI <- 0b1, mip.STI <- 0b0)
mem[X,0x000000008000253C] -> 0x3483
mem[X,0x000000008000253E] -> 0x2781
[1682] [M]: 0x000000008000253C (0x27813483) ld x9, 0x278(x2)                        resto_Mrtn+12
mem[R,0x0000000080006278] -> 0x00000000000000FE
x9 <- 0x00000000000000FE

mem[X,0x0000000080002540] -> 0x3503
mem[X,0x0000000080002542] -> 0x2801
[1683] [M]: 0x0000000080002540 (0x28013503) ld x10, 0x280(x2)                       resto_Mrtn+16
mem[R,0x0000000080006280] -> 0x0000000000000001
x10 <- 0x0000000000000001

clint mtime 0x000000000000034A (mip.MTI <- 0b1, mip.STI <- 0b0)
mem[X,0x0000000080002544] -> 0x3583
mem[X,0x0000000080002546] -> 0x2881
[1684] [M]: 0x0000000080002544 (0x28813583) ld x11, 0x288(x2)                       resto_Mrtn+20
mem[R,0x0000000080006288] -> 0x0000000000000000
x11 <- 0x0000000000000000

mem[X,0x0000000080002548] -> 0x3103
mem[X,0x000000008000254A] -> 0x2901
[1685] [M]: 0x0000000080002548 (0x29013103) ld x2, 0x290(x2)                        resto_Mrtn+24
mem[R,0x0000000080006290] -> 0x01FDDB7D5BFDDB7F
x2 <- 0x01FDDB7D5BFDDB7F

clint mtime 0x000000000000034B (mip.MTI <- 0b1, mip.STI <- 0b0)
mem[X,0x000000008000254C] -> 0x0073
mem[X,0x000000008000254E] -> 0x3020
[1686] [M]: 0x000000008000254C (0x30200073) mret                                    resto_Mrtn+28
CSR mstatus (0x300) <- 0x0000000A00000080
ret-ing from M to M

mem[X,0x00000000800009E8] -> 0x0013
mem[X,0x00000000800009EA] -> 0x0000
[1687] [M]: 0x00000000800009E8 (0x00000013) addi x0, x0, 0x0                        main+1544

clint mtime 0x000000000000034C (mip.MTI <- 0b1, mip.STI <- 0b0)
mem[X,0x00000000800009EC] -> 0xB023
mem[X,0x00000000800009EE] -> 0x0CE6
[1688] [M]: 0x00000000800009EC (0x0CE6B023) sd x14, 0xc0(x13)                       main+1548
mem[W,0x00000000800072D8] <- 0x0000000000000013

mem[X,0x00000000800009F0] -> 0x8793
mem[X,0x00000000800009F2] -> 0xFFC7
[1689] [M]: 0x00000000800009F0 (0xFFC78793) addi x15, x15, -0x4                     main+1552
x15 <- 0x0000000080001FFC

clint mtime 0x000000000000034D (mip.MTI <- 0b1, mip.STI <- 0b0)
mem[X,0x00000000800009F4] -> 0xA703
mem[X,0x00000000800009F6] -> 0x0007
[1690] [M]: 0x00000000800009F4 (0x0007A703) lw x14, 0x0(x15)                        main+1556
mem[R,0x0000000080001FFC] -> 0x00000013
x14 <- 0x0000000000000013

mem[X,0x00000000800009F8] -> 0x0013
mem[X,0x00000000800009FA] -> 0x0000
[1691] [M]: 0x00000000800009F8 (0x00000013) addi x0, x0, 0x0                        main+1560

clint mtime 0x000000000000034E (mip.MTI <- 0b1, mip.STI <- 0b0)
mem[X,0x00000000800009FC] -> 0x0013
mem[X,0x00000000800009FE] -> 0x0000
[1692] [M]: 0x00000000800009FC (0x00000013) addi x0, x0, 0x0                        main+1564

mem[X,0x0000000080000A00] -> 0xB423
mem[X,0x0000000080000A02] -> 0x0CE6
[1693] [M]: 0x0000000080000A00 (0x0CE6B423) sd x14, 0xc8(x13)                       main+1568
mem[W,0x00000000800072E0] <- 0x0000000000000013

clint mtime 0x000000000000034F (mip.MTI <- 0b1, mip.STI <- 0b0)
mem[X,0x0000000080000A04] -> 0x8793
mem[X,0x0000000080000A06] -> 0x0087
[1694] [M]: 0x0000000080000A04 (0x00878793) addi x15, x15, 0x8                      main+1572
x15 <- 0x0000000080002004

mem[X,0x0000000080000A08] -> 0xA703
mem[X,0x0000000080000A0A] -> 0x0007
[1695] [M]: 0x0000000080000A08 (0x0007A703) lw x14, 0x0(x15)                        main+1576
mem[R,0x0000000080002004] -> 0x00000013
x14 <- 0x0000000000000013

clint mtime 0x0000000000000350 (mip.MTI <- 0b1, mip.STI <- 0b0)
mem[X,0x0000000080000A0C] -> 0x0013
mem[X,0x0000000080000A0E] -> 0x0000
[1696] [M]: 0x0000000080000A0C (0x00000013) addi x0, x0, 0x0                        main+1580

mem[X,0x0000000080000A10] -> 0x0013
mem[X,0x0000000080000A12] -> 0x0000
[1697] [M]: 0x0000000080000A10 (0x00000013) addi x0, x0, 0x0                        main+1584

clint mtime 0x0000000000000351 (mip.MTI <- 0b1, mip.STI <- 0b0)
mem[X,0x0000000080000A14] -> 0xB823
mem[X,0x0000000080000A16] -> 0x0CE6
[1698] [M]: 0x0000000080000A14 (0x0CE6B823) sd x14, 0xd0(x13)                       main+1588
mem[W,0x00000000800072E8] <- 0x0000000000000013

mem[X,0x0000000080000A18] -> 0x0013
mem[X,0x0000000080000A1A] -> 0x0000
[1699] [M]: 0x0000000080000A18 (0x00000013) addi x0, x0, 0x0                        main+1592

clint mtime 0x0000000000000352 (mip.MTI <- 0b1, mip.STI <- 0b0)
mem[X,0x0000000080000A1C] -> 0x0013
mem[X,0x0000000080000A1E] -> 0x0000
[1700] [M]: 0x0000000080000A1C (0x00000013) addi x0, x0, 0x0                        main+1596

mem[X,0x0000000080000A20] -> 0x12B7
mem[X,0x0000000080000A22] -> 0x2000
[1701] [M]: 0x0000000080000A20 (0x200012B7) lui x5, 0x20001                         main+1600
x5 <- 0x0000000020001000

clint mtime 0x0000000000000353 (mip.MTI <- 0b1, mip.STI <- 0b0)
mem[X,0x0000000080000A24] -> 0x829B
mem[X,0x0000000080000A26] -> 0x8002
[1702] [M]: 0x0000000080000A24 (0x8002829B) addiw x5, x5, -0x800                    main+1604
x5 <- 0x0000000020000800

mem[X,0x0000000080000A28] -> 0x0001
[1703] [M]: 0x0000000080000A28 (0x0001) c.nop                                       main+1608

clint mtime 0x0000000000000354 (mip.MTI <- 0b1, mip.STI <- 0b0)
mem[X,0x0000000080000A2A] -> 0x0013
mem[X,0x0000000080000A2C] -> 0x0000
[1704] [M]: 0x0000000080000A2A (0x00000013) addi x0, x0, 0x0                        main+1610

mem[X,0x0000000080000A2E] -> 0x0013
mem[X,0x0000000080000A30] -> 0x0000
[1705] [M]: 0x0000000080000A2E (0x00000013) addi x0, x0, 0x0                        main+1614

clint mtime 0x0000000000000355 (mip.MTI <- 0b1, mip.STI <- 0b0)
mem[X,0x0000000080000A32] -> 0x0013
mem[X,0x0000000080000A34] -> 0x0000
[1706] [M]: 0x0000000080000A32 (0x00000013) addi x0, x0, 0x0                        main+1618

mem[X,0x0000000080000A36] -> 0x0013
mem[X,0x0000000080000A38] -> 0x0000
[1707] [M]: 0x0000000080000A36 (0x00000013) addi x0, x0, 0x0                        main+1622

clint mtime 0x0000000000000356 (mip.MTI <- 0b1, mip.STI <- 0b0)
mem[X,0x0000000080000A3A] -> 0x0013
mem[X,0x0000000080000A3C] -> 0x0000
[1708] [M]: 0x0000000080000A3A (0x00000013) addi x0, x0, 0x0                        main+1626

mem[X,0x0000000080000A3E] -> 0x0001
[1709] [M]: 0x0000000080000A3E (0x0001) c.nop                                       main+1630

clint mtime 0x0000000000000357 (mip.MTI <- 0b1, mip.STI <- 0b0)
mem[X,0x0000000080000A40] -> 0x9073
mem[X,0x0000000080000A42] -> 0x3B52
[1710] [M]: 0x0000000080000A40 (0x3B529073) csrrw x0, pmpaddr5, x5                  main+1632
CSR pmpaddr5 (0x3B5) <- 0x0000000020000800

mem[X,0x0000000080000A44] -> 0x0213
mem[X,0x0000000080000A46] -> 0x0090
[1711] [M]: 0x0000000080000A44 (0x00900213) addi x4, x0, 0x9                        main+1636
x4 <- 0x0000000000000009

clint mtime 0x0000000000000358 (mip.MTI <- 0b1, mip.STI <- 0b0)
mem[X,0x0000000080000A48] -> 0x1213
mem[X,0x0000000080000A4A] -> 0x02C2
[1712] [M]: 0x0000000080000A48 (0x02C21213) slli x4, x4, 0x2c                       main+1640
x4 <- 0x0000900000000000

mem[X,0x0000000080000A4C] -> 0x1073
mem[X,0x0000000080000A4E] -> 0x3A02
[1713] [M]: 0x0000000080000A4C (0x3A021073) csrrw x0, pmpcfg0, x4                   main+1644
CSR pmpcfg0 (0x3A0) <- 0x9090900000000000

clint mtime 0x0000000000000359 (mip.MTI <- 0b1, mip.STI <- 0b0)
mem[X,0x0000000080000A50] -> 0x0013
mem[X,0x0000000080000A52] -> 0x0000
[1714] [M]: 0x0000000080000A50 (0x00000013) addi x0, x0, 0x0                        main+1648

mem[X,0x0000000080000A54] -> 0x0013
mem[X,0x0000000080000A56] -> 0x0000
[1715] [M]: 0x0000000080000A54 (0x00000013) addi x0, x0, 0x0                        main+1652

clint mtime 0x000000000000035A (mip.MTI <- 0b1, mip.STI <- 0b0)
mem[X,0x0000000080000A58] -> 0x0013
mem[X,0x0000000080000A5A] -> 0x0000
[1716] [M]: 0x0000000080000A58 (0x00000013) addi x0, x0, 0x0                        main+1656

mem[X,0x0000000080000A5C] -> 0x0013
mem[X,0x0000000080000A5E] -> 0x0000
[1717] [M]: 0x0000000080000A5C (0x00000013) addi x0, x0, 0x0                        main+1660

clint mtime 0x000000000000035B (mip.MTI <- 0b1, mip.STI <- 0b0)
mem[X,0x0000000080000A60] -> 0x1797
mem[X,0x0000000080000A62] -> 0x0000
[1718] [M]: 0x0000000080000A60 (0x00001797) auipc x15, 0x1                          main+1664
x15 <- 0x0000000080001A60

mem[X,0x0000000080000A64] -> 0x8793
mem[X,0x0000000080000A66] -> 0x5A07
[1719] [M]: 0x0000000080000A64 (0x5A078793) addi x15, x15, 0x5a0                    main+1668
x15 <- 0x0000000080002000

clint mtime 0x000000000000035C (mip.MTI <- 0b1, mip.STI <- 0b0)
mem[X,0x0000000080000A68] -> 0x0001
[1720] [M]: 0x0000000080000A68 (0x0001) c.nop                                       main+1672

mem[X,0x0000000080000A6A] -> 0x0013
mem[X,0x0000000080000A6C] -> 0x0000
[1721] [M]: 0x0000000080000A6A (0x00000013) addi x0, x0, 0x0                        main+1674

clint mtime 0x000000000000035D (mip.MTI <- 0b1, mip.STI <- 0b0)
mem[X,0x0000000080000A6E] -> 0x0013
mem[X,0x0000000080000A70] -> 0x0000
[1722] [M]: 0x0000000080000A6E (0x00000013) addi x0, x0, 0x0                        main+1678

mem[X,0x0000000080000A72] -> 0x0013
mem[X,0x0000000080000A74] -> 0x0000
[1723] [M]: 0x0000000080000A72 (0x00000013) addi x0, x0, 0x0                        main+1682

clint mtime 0x000000000000035E (mip.MTI <- 0b1, mip.STI <- 0b0)
mem[X,0x0000000080000A76] -> 0x0013
mem[X,0x0000000080000A78] -> 0x0000
[1724] [M]: 0x0000000080000A76 (0x00000013) addi x0, x0, 0x0                        main+1686

mem[X,0x0000000080000A7A] -> 0x0013
mem[X,0x0000000080000A7C] -> 0x0000
[1725] [M]: 0x0000000080000A7A (0x00000013) addi x0, x0, 0x0                        main+1690

clint mtime 0x000000000000035F (mip.MTI <- 0b1, mip.STI <- 0b0)
mem[X,0x0000000080000A7E] -> 0x0001
[1726] [M]: 0x0000000080000A7E (0x0001) c.nop                                       main+1694

mem[X,0x0000000080000A80] -> 0xA703
mem[X,0x0000000080000A82] -> 0x0007
[1727] [M]: 0x0000000080000A80 (0x0007A703) lw x14, 0x0(x15)                        main+1696
trapping from M to M to handle load-access-fault
handling exc#load-access-fault at priv M with tval 0x0000000080002000
CSR mstatus (0x300) <- 0x0000000A00001800
CSR mcause (0x342) <- 0x0000000000000005
CSR mtval (0x343) <- 0x0000000080002000
CSR mepc (0x341) <- 0x0000000080000A80

clint mtime 0x0000000000000360 (mip.MTI <- 0b1, mip.STI <- 0b0)
mem[X,0x0000000080002100] -> 0x006F
mem[X,0x0000000080002102] -> 0x1000
[1728] [M]: 0x0000000080002100 (0x1000006F) jal x0, 0x100                           Mtrampoline+0

mem[X,0x0000000080002200] -> 0x1173
mem[X,0x0000000080002202] -> 0x3401
[1729] [M]: 0x0000000080002200 (0x34011173) csrrw x2, mscratch, x2                  trap_Mhandler+0
CSR mscratch (0x340) <- 0x01FDDB7D5BFDDB7F
x2 <- 0x0000000080006000

clint mtime 0x0000000000000361 (mip.MTI <- 0b1, mip.STI <- 0b0)
mem[X,0x0000000080002204] -> 0x3423
mem[X,0x0000000080002206] -> 0x28B1
[1730] [M]: 0x0000000080002204 (0x28B13423) sd x11, 0x288(x2)                       trap_Mhandler+4
mem[W,0x0000000080006288] <- 0x0000000000000000

mem[X,0x0000000080002208] -> 0x05EF
mem[X,0x000000008000220A] -> 0x0B80
[1731] [M]: 0x0000000080002208 (0x0B8005EF) jal x11, 0xb8                           trap_Mhandler+8
x11 <- 0x000000008000220C

clint mtime 0x0000000000000362 (mip.MTI <- 0b1, mip.STI <- 0b0)
mem[X,0x00000000800022C0] -> 0x3023
mem[X,0x00000000800022C2] -> 0x28A1
[1732] [M]: 0x00000000800022C0 (0x28A13023) sd x10, 0x280(x2)                       common_Mhandler+0
mem[W,0x0000000080006280] <- 0x0000000000000001

mem[X,0x00000000800022C4] -> 0x1573
mem[X,0x00000000800022C6] -> 0x3401
[1733] [M]: 0x00000000800022C4 (0x34011573) csrrw x10, mscratch, x2                 common_Mhandler+4
CSR mscratch (0x340) <- 0x0000000080006000
x10 <- 0x01FDDB7D5BFDDB7F

clint mtime 0x0000000000000363 (mip.MTI <- 0b1, mip.STI <- 0b0)
mem[X,0x00000000800022C8] -> 0x3823
mem[X,0x00000000800022CA] -> 0x28A1
[1734] [M]: 0x00000000800022C8 (0x28A13823) sd x10, 0x290(x2)                       common_Mhandler+8
mem[W,0x0000000080006290] <- 0x01FDDB7D5BFDDB7F

mem[X,0x00000000800022CC] -> 0x3503
mem[X,0x00000000800022CE] -> 0x2301
[1735] [M]: 0x00000000800022CC (0x23013503) ld x10, 0x230(x2)                       common_Mhandler+12
mem[R,0x0000000080006230] -> 0x00000000800022D4
x10 <- 0x00000000800022D4

clint mtime 0x0000000000000364 (mip.MTI <- 0b1, mip.STI <- 0b0)
mem[X,0x00000000800022D0] -> 0x0067
mem[X,0x00000000800022D2] -> 0x0005
[1736] [M]: 0x00000000800022D0 (0x00050067) jalr x0, 0x0(x10)                       common_Mhandler+16

mem[X,0x00000000800022D4] -> 0x3C23
mem[X,0x00000000800022D6] -> 0x2691
[1737] [M]: 0x00000000800022D4 (0x26913C23) sd x9, 0x278(x2)                        common_Mentry+0
mem[W,0x0000000080006278] <- 0x00000000000000FE

clint mtime 0x0000000000000365 (mip.MTI <- 0b1, mip.STI <- 0b0)
mem[X,0x00000000800022D8] -> 0x3823
mem[X,0x00000000800022DA] -> 0x2681
[1738] [M]: 0x00000000800022D8 (0x26813823) sd x8, 0x270(x2)                        common_Mentry+4
mem[W,0x0000000080006270] <- 0x0000000000007F76

mem[X,0x00000000800022DC] -> 0x3423
mem[X,0x00000000800022DE] -> 0x2671
[1739] [M]: 0x00000000800022DC (0x26713423) sd x7, 0x268(x2)                        common_Mentry+8
mem[W,0x0000000080006268] <- 0x00000000003FBB6F

clint mtime 0x0000000000000366 (mip.MTI <- 0b1, mip.STI <- 0b0)
mem[X,0x00000000800022E0] -> 0x3023
mem[X,0x00000000800022E2] -> 0x2661
[1740] [M]: 0x00000000800022E0 (0x26613023) sd x6, 0x260(x2)                        common_Mentry+12
mem[W,0x0000000080006260] <- 0x000000001FDDB7D5

mem[X,0x00000000800022E4] -> 0x2573
mem[X,0x00000000800022E6] -> 0x3420
[1741] [M]: 0x00000000800022E4 (0x34202573) csrrs x10, mcause, x0                   spcl_M2mmode_test+0
CSR mcause (0x342) -> 0x0000000000000005
x10 <- 0x0000000000000005

clint mtime 0x0000000000000367 (mip.MTI <- 0b1, mip.STI <- 0b0)
mem[X,0x00000000800022E8] -> 0x04B7
mem[X,0x00000000800022EA] -> 0x8000
[1742] [M]: 0x00000000800022E8 (0x800004B7) lui x9, -0x80000                        spcl_M2mmode_test+4
x9 <- 0xFFFFFFFF80000000

mem[X,0x00000000800022EC] -> 0x8493
mem[X,0x00000000800022EE] -> 0x0004
[1743] [M]: 0x00000000800022EC (0x00048493) addi x9, x9, 0x0                        spcl_M2mmode_test+8
x9 <- 0xFFFFFFFF80000000

clint mtime 0x0000000000000368 (mip.MTI <- 0b1, mip.STI <- 0b0)
mem[X,0x00000000800022F0] -> 0x9493
mem[X,0x00000000800022F2] -> 0x00B4
[1744] [M]: 0x00000000800022F0 (0x00B49493) slli x9, x9, 0xb                        spcl_M2mmode_test+12
x9 <- 0xFFFFFC0000000000

mem[X,0x00000000800022F4] -> 0x8493
mem[X,0x00000000800022F6] -> 0x0004
[1745] [M]: 0x00000000800022F4 (0x00048493) addi x9, x9, 0x0                        spcl_M2mmode_test+16
x9 <- 0xFFFFFC0000000000

clint mtime 0x0000000000000369 (mip.MTI <- 0b1, mip.STI <- 0b0)
mem[X,0x00000000800022F8] -> 0x9493
mem[X,0x00000000800022FA] -> 0x00B4
[1746] [M]: 0x00000000800022F8 (0x00B49493) slli x9, x9, 0xb                        spcl_M2mmode_test+20
x9 <- 0xFFE0000000000000

mem[X,0x00000000800022FC] -> 0x8493
mem[X,0x00000000800022FE] -> 0x0034
[1747] [M]: 0x00000000800022FC (0x00348493) addi x9, x9, 0x3                        spcl_M2mmode_test+24
x9 <- 0xFFE0000000000003

clint mtime 0x000000000000036A (mip.MTI <- 0b1, mip.STI <- 0b0)
mem[X,0x0000000080002300] -> 0x9493
mem[X,0x0000000080002302] -> 0x00A4
[1748] [M]: 0x0000000080002300 (0x00A49493) slli x9, x9, 0xa                        spcl_M2mmode_test+28
x9 <- 0x8000000000000C00

mem[X,0x0000000080002304] -> 0x8493
mem[X,0x0000000080002306] -> 0x3FC4
[1749] [M]: 0x0000000080002304 (0x3FC48493) addi x9, x9, 0x3fc                      spcl_M2mmode_test+32
x9 <- 0x8000000000000FFC

clint mtime 0x000000000000036B (mip.MTI <- 0b1, mip.STI <- 0b0)
mem[X,0x0000000080002308] -> 0xF4B3
mem[X,0x000000008000230A] -> 0x00A4
[1750] [M]: 0x0000000080002308 (0x00A4F4B3) and x9, x9, x10                         spcl_M2mmode_test+36
x9 <- 0x0000000000000004

mem[X,0x000000008000230C] -> 0x8493
mem[X,0x000000008000230E] -> 0xFF84
[1751] [M]: 0x000000008000230C (0xFF848493) addi x9, x9, -0x8                       spcl_M2mmode_test+40
x9 <- 0xFFFFFFFFFFFFFFFC

clint mtime 0x000000000000036C (mip.MTI <- 0b1, mip.STI <- 0b0)
mem[X,0x0000000080002310] -> 0x9663
mem[X,0x0000000080002312] -> 0x0004
[1752] [M]: 0x0000000080002310 (0x00049663) bne x9, x0, 0xc                         spcl_M2mmode_test+44

mem[X,0x000000008000231C] -> 0x0393
mem[X,0x000000008000231E] -> 0x0200
[1753] [M]: 0x000000008000231C (0x02000393) addi x7, x0, 0x20                       Mtrapsig_ptr_upd+0
x7 <- 0x0000000000000020

clint mtime 0x000000000000036D (mip.MTI <- 0b1, mip.STI <- 0b0)
mem[X,0x0000000080002320] -> 0x5263
mem[X,0x0000000080002322] -> 0x0405
[1754] [M]: 0x0000000080002320 (0x04055263) bge x10, x0, 0x44                       Mtrapsig_ptr_upd+4

mem[X,0x0000000080002364] -> 0x2373
mem[X,0x0000000080002366] -> 0x3010
[1755] [M]: 0x0000000080002364 (0x30102373) csrrs x6, misa, x0                      Mxcpt_sig_sv+0
CSR misa (0x301) -> 0x800000000034112F
x6 <- 0x800000000034112F

clint mtime 0x000000000000036E (mip.MTI <- 0b1, mip.STI <- 0b0)
mem[X,0x0000000080002368] -> 0x1313
mem[X,0x000000008000236A] -> 0x0383
[1756] [M]: 0x0000000080002368 (0x03831313) slli x6, x6, 0x38                       Mxcpt_sig_sv+4
x6 <- 0x2F00000000000000

mem[X,0x000000008000236C] -> 0x5463
mem[X,0x000000008000236E] -> 0x0003
[1757] [M]: 0x000000008000236C (0x00035463) bge x6, x0, 0x8                         Mxcpt_sig_sv+8

clint mtime 0x000000000000036F (mip.MTI <- 0b1, mip.STI <- 0b0)
mem[X,0x0000000080002374] -> 0x3303
mem[X,0x0000000080002376] -> 0x2181
[1758] [M]: 0x0000000080002374 (0x21813303) ld x6, 0x218(x2)                        Mtrap_sig_sv+0
mem[R,0x0000000080006218] -> 0x0000000080007540
x6 <- 0x0000000080007540

mem[X,0x0000000080002378] -> 0x04B3
mem[X,0x000000008000237A] -> 0x0073
[1759] [M]: 0x0000000080002378 (0x007304B3) add x9, x6, x7                          Mtrap_sig_sv+4
x9 <- 0x0000000080007560

clint mtime 0x0000000000000370 (mip.MTI <- 0b1, mip.STI <- 0b0)
mem[X,0x000000008000237C] -> 0x3C23
mem[X,0x000000008000237E] -> 0x2091
[1760] [M]: 0x000000008000237C (0x20913C23) sd x9, 0x218(x2)                        Mtrap_sig_sv+8
mem[W,0x0000000080006218] <- 0x0000000080007560

mem[X,0x0000000080002380] -> 0x3403
mem[X,0x0000000080002382] -> 0x1F81
[1761] [M]: 0x0000000080002380 (0x1F813403) ld x8, 0x1f8(x2)                        Mtrap_sig_sv+12
mem[R,0x00000000800061F8] -> 0x0000000080007210
x8 <- 0x0000000080007210

clint mtime 0x0000000000000371 (mip.MTI <- 0b1, mip.STI <- 0b0)
mem[X,0x0000000080002384] -> 0x0333
mem[X,0x0000000080002386] -> 0x4083
[1762] [M]: 0x0000000080002384 (0x40830333) sub x6, x6, x8                          Mtrap_sig_sv+16
x6 <- 0x0000000000000330

mem[X,0x0000000080002388] -> 0x3403
mem[X,0x000000008000238A] -> 0x1F81
[1763] [M]: 0x0000000080002388 (0x1F813403) ld x8, 0x1f8(x2)                        Mtrap_sig_sv+20
mem[R,0x00000000800061F8] -> 0x0000000080007210
x8 <- 0x0000000080007210

clint mtime 0x0000000000000372 (mip.MTI <- 0b1, mip.STI <- 0b0)
mem[X,0x000000008000238C] -> 0x0333
mem[X,0x000000008000238E] -> 0x0083
[1764] [M]: 0x000000008000238C (0x00830333) add x6, x6, x8                          Mtrap_sig_sv+24
x6 <- 0x0000000080007540

mem[X,0x0000000080002390] -> 0x3403
mem[X,0x0000000080002392] -> 0x2401
[1765] [M]: 0x0000000080002390 (0x24013403) ld x8, 0x240(x2)                        Mtrap_sig_sv+28
mem[R,0x0000000080006240] -> 0x0000000080002100
x8 <- 0x0000000080002100

clint mtime 0x0000000000000373 (mip.MTI <- 0b1, mip.STI <- 0b0)
mem[X,0x0000000080002394] -> 0x85B3
mem[X,0x0000000080002396] -> 0x4085
[1766] [M]: 0x0000000080002394 (0x408585B3) sub x11, x11, x8                        sv_Mvect+0
x11 <- 0x000000000000010C

mem[X,0x0000000080002398] -> 0x9593
mem[X,0x000000008000239A] -> 0x0045
[1767] [M]: 0x0000000080002398 (0x00459593) slli x11, x11, 0x4                      sv_Mvect+4
x11 <- 0x00000000000010C0

clint mtime 0x0000000000000374 (mip.MTI <- 0b1, mip.STI <- 0b0)
mem[X,0x000000008000239C] -> 0xE5B3
mem[X,0x000000008000239E] -> 0x0075
[1768] [M]: 0x000000008000239C (0x0075E5B3) or x11, x11, x7                         sv_Mvect+8
x11 <- 0x00000000000010E0

mem[X,0x00000000800023A0] -> 0x8593
mem[X,0x00000000800023A2] -> 0x0035
[1769] [M]: 0x00000000800023A0 (0x00358593) addi x11, x11, 0x3                      sv_Mvect+12
x11 <- 0x00000000000010E3

clint mtime 0x0000000000000375 (mip.MTI <- 0b1, mip.STI <- 0b0)
mem[X,0x00000000800023A4] -> 0x3023
mem[X,0x00000000800023A6] -> 0x00B3
[1770] [M]: 0x00000000800023A4 (0x00B33023) sd x11, 0x0(x6)                         sv_Mvect+16
mem[W,0x0000000080007540] <- 0x00000000000010E3

mem[X,0x00000000800023A8] -> 0x3423
mem[X,0x00000000800023AA] -> 0x00A3
[1771] [M]: 0x00000000800023A8 (0x00A33423) sd x10, 0x8(x6)                         sv_Mcause+0
mem[W,0x0000000080007548] <- 0x0000000000000005

clint mtime 0x0000000000000376 (mip.MTI <- 0b1, mip.STI <- 0b0)
mem[X,0x00000000800023AC] -> 0x4263
mem[X,0x00000000800023AE] -> 0x1A05
[1772] [M]: 0x00000000800023AC (0x1A054263) blt x10, x0, 0x1a4                      sv_Mcause+4

mem[X,0x00000000800023B0] -> 0x25F3
mem[X,0x00000000800023B2] -> 0x3000
[1773] [M]: 0x00000000800023B0 (0x300025F3) csrrs x11, mstatus, x0                  common_Mexcpt_handler+0
CSR mstatus (0x300) -> 0x0000000A00001800
x11 <- 0x0000000A00001800

clint mtime 0x0000000000000377 (mip.MTI <- 0b1, mip.STI <- 0b0)
mem[X,0x00000000800023B4] -> 0x9413
mem[X,0x00000000800023B6] -> 0x02E5
[1774] [M]: 0x00000000800023B4 (0x02E59413) slli x8, x11, 0x2e                      common_Mexcpt_handler+4
x8 <- 0x0600000000000000

mem[X,0x00000000800023B8] -> 0x5463
mem[X,0x00000000800023BA] -> 0x0004
[1775] [M]: 0x00000000800023B8 (0x00045463) bge x8, x0, 0x8                         common_Mexcpt_handler+8

clint mtime 0x0000000000000378 (mip.MTI <- 0b1, mip.STI <- 0b0)
mem[X,0x00000000800023C0] -> 0xD493
mem[X,0x00000000800023C2] -> 0x00B5
[1776] [M]: 0x00000000800023C0 (0x00B5D493) srli x9, x11, 0xb                       common_Mexcpt_handler+16
x9 <- 0x0000000001400003

mem[X,0x00000000800023C4] -> 0xF493
mem[X,0x00000000800023C6] -> 0x0034
[1777] [M]: 0x00000000800023C4 (0x0034F493) andi x9, x9, 0x3                        common_Mexcpt_handler+20
x9 <- 0x0000000000000003

clint mtime 0x0000000000000379 (mip.MTI <- 0b1, mip.STI <- 0b0)
mem[X,0x00000000800023C8] -> 0x8493
mem[X,0x00000000800023CA] -> 0x0014
[1778] [M]: 0x00000000800023C8 (0x00148493) addi x9, x9, 0x1                        common_Mexcpt_handler+24
x9 <- 0x0000000000000004

mem[X,0x00000000800023CC] -> 0xF493
mem[X,0x00000000800023CE] -> 0x0044
[1779] [M]: 0x00000000800023CC (0x0044F493) andi x9, x9, 0x4                        common_Mexcpt_handler+28
x9 <- 0x0000000000000004

clint mtime 0x000000000000037A (mip.MTI <- 0b1, mip.STI <- 0b0)
mem[X,0x00000000800023D0] -> 0x0593
mem[X,0x00000000800023D2] -> 0x05D0
[1780] [M]: 0x00000000800023D0 (0x05D00593) addi x11, x0, 0x5d                      common_Mexcpt_handler+32
x11 <- 0x000000000000005D

mem[X,0x00000000800023D4] -> 0xD5B3
mem[X,0x00000000800023D6] -> 0x0095
[1781] [M]: 0x00000000800023D4 (0x0095D5B3) srl x11, x11, x9                        common_Mexcpt_handler+36
x11 <- 0x0000000000000005

clint mtime 0x000000000000037B (mip.MTI <- 0b1, mip.STI <- 0b0)
mem[X,0x00000000800023D8] -> 0xF593
mem[X,0x00000000800023DA] -> 0x0015
[1782] [M]: 0x00000000800023D8 (0x0015F593) andi x11, x11, 0x1                      common_Mexcpt_handler+40
x11 <- 0x0000000000000001

mem[X,0x00000000800023DC] -> 0x8EE3
mem[X,0x00000000800023DE] -> 0xF405
[1783] [M]: 0x00000000800023DC (0xF4058EE3) beq x11, x0, -0xa4                      common_Mexcpt_handler+44

clint mtime 0x000000000000037C (mip.MTI <- 0b1, mip.STI <- 0b0)
mem[X,0x00000000800023E0] -> 0x0593
mem[X,0x00000000800023E2] -> 0x2980
[1784] [M]: 0x00000000800023E0 (0x29800593) addi x11, x0, 0x298                     common_Mexcpt_handler+48
x11 <- 0x0000000000000298

mem[X,0x00000000800023E4] -> 0xF413
mem[X,0x00000000800023E6] -> 0x0014
[1785] [M]: 0x00000000800023E4 (0x0014F413) andi x8, x9, 0x1                        common_Mexcpt_handler+52
x8 <- 0x0000000000000000

clint mtime 0x000000000000037D (mip.MTI <- 0b1, mip.STI <- 0b0)
mem[X,0x00000000800023E8] -> 0x95B3
mem[X,0x00000000800023EA] -> 0x0085
[1786] [M]: 0x00000000800023E8 (0x008595B3) sll x11, x11, x8                        common_Mexcpt_handler+56
x11 <- 0x0000000000000298

mem[X,0x00000000800023EC] -> 0x9413
mem[X,0x00000000800023EE] -> 0x03D4
[1787] [M]: 0x00000000800023EC (0x03D49413) slli x8, x9, 0x3d                       common_Mexcpt_handler+60
x8 <- 0x8000000000000000

clint mtime 0x000000000000037E (mip.MTI <- 0b1, mip.STI <- 0b0)
mem[X,0x00000000800023F0] -> 0x5413
mem[X,0x00000000800023F2] -> 0x43F4
[1788] [M]: 0x00000000800023F0 (0x43F45413) srai x8, x8, 0x3f                       common_Mexcpt_handler+64
x8 <- 0xFFFFFFFFFFFFFFFF

mem[X,0x00000000800023F4] -> 0x4413
mem[X,0x00000000800023F6] -> 0xFFF4
[1789] [M]: 0x00000000800023F4 (0xFFF44413) xori x8, x8, -0x1                       common_Mexcpt_handler+68
x8 <- 0x0000000000000000

clint mtime 0x000000000000037F (mip.MTI <- 0b1, mip.STI <- 0b0)
mem[X,0x00000000800023F8] -> 0xF4B3
mem[X,0x00000000800023FA] -> 0x0085
[1790] [M]: 0x00000000800023F8 (0x0085F4B3) and x9, x11, x8                         common_Mexcpt_handler+72
x9 <- 0x0000000000000000

mem[X,0x00000000800023FC] -> 0x84B3
mem[X,0x00000000800023FE] -> 0x0024
[1791] [M]: 0x00000000800023FC (0x002484B3) add x9, x9, x2                          vmem_adj_Mepc+0
x9 <- 0x0000000080006000

clint mtime 0x0000000000000380 (mip.MTI <- 0b1, mip.STI <- 0b0)
mem[X,0x0000000080002400] -> 0x23F3
mem[X,0x0000000080002402] -> 0x3410
[1792] [M]: 0x0000000080002400 (0x341023F3) csrrs x7, mepc, x0                      vmem_adj_Mepc+4
CSR mepc (0x341) -> 0x0000000080000A80
x7 <- 0x0000000080000A80

mem[X,0x0000000080002404] -> 0x0413
mem[X,0x0000000080002406] -> 0x0004
[1793] [M]: 0x0000000080002404 (0x00040413) addi x8, x8, 0x0                        vmem_adj_Mepc+8
x8 <- 0x0000000000000000

clint mtime 0x0000000000000381 (mip.MTI <- 0b1, mip.STI <- 0b0)
mem[X,0x0000000080002408] -> 0x006F
mem[X,0x000000008000240A] -> 0x0400
[1794] [M]: 0x0000000080002408 (0x0400006F) jal x0, 0x40                            vmem_adj_Mepc+12

mem[X,0x0000000080002448] -> 0x8433
mem[X,0x000000008000244A] -> 0x4083
[1795] [M]: 0x0000000080002448 (0x40838433) sub x8, x7, x8                          adj_Mepc+0
x8 <- 0x0000000080000A80

clint mtime 0x0000000000000382 (mip.MTI <- 0b1, mip.STI <- 0b0)
mem[X,0x000000008000244C] -> 0x3823
mem[X,0x000000008000244E] -> 0x0083
[1796] [M]: 0x000000008000244C (0x00833823) sd x8, 0x10(x6)                         sv_Mepc+0
mem[W,0x0000000080007550] <- 0x0000000080000A80

mem[X,0x0000000080002450] -> 0x55B7
mem[X,0x0000000080002452] -> 0x0000
[1797] [M]: 0x0000000080002450 (0x000055B7) lui x11, 0x5                            sv_Mepc+4
x11 <- 0x0000000000005000

clint mtime 0x0000000000000383 (mip.MTI <- 0b1, mip.STI <- 0b0)
mem[X,0x0000000080002454] -> 0x8593
mem[X,0x0000000080002456] -> 0x6675
[1798] [M]: 0x0000000080002454 (0x66758593) addi x11, x11, 0x667                    sv_Mepc+8
x11 <- 0x0000000000005667

mem[X,0x0000000080002458] -> 0x9593
mem[X,0x000000008000245A] -> 0x0015
[1799] [M]: 0x0000000080002458 (0x00159593) slli x11, x11, 0x1                      sv_Mepc+12
x11 <- 0x000000000000ACCE

clint mtime 0x0000000000000384 (mip.MTI <- 0b1, mip.STI <- 0b0)
mem[X,0x000000008000245C] -> 0x9063
mem[X,0x000000008000245E] -> 0x02B1
[1800] [M]: 0x000000008000245C (0x02B19063) bne x3, x11, 0x20                       sv_Mepc+16

mem[X,0x000000008000247C] -> 0xF593
mem[X,0x000000008000247E] -> 0xFFC3
[1801] [M]: 0x000000008000247C (0xFFC3F593) andi x11, x7, -0x4                      adj_Mepc_rtn+0
x11 <- 0x0000000080000A80

clint mtime 0x0000000000000385 (mip.MTI <- 0b1, mip.STI <- 0b0)
mem[X,0x0000000080002480] -> 0x8593
mem[X,0x0000000080002482] -> 0x0085
[1802] [M]: 0x0000000080002480 (0x00858593) addi x11, x11, 0x8                      adj_Mepc_rtn+4
x11 <- 0x0000000080000A88

mem[X,0x0000000080002484] -> 0x9073
mem[X,0x0000000080002486] -> 0x3415
[1803] [M]: 0x0000000080002484 (0x34159073) csrrw x0, mepc, x11                     adj_Mepc_rtn+8
CSR mepc (0x341) <- 0x0000000080000A88

clint mtime 0x0000000000000386 (mip.MTI <- 0b1, mip.STI <- 0b0)
mem[X,0x0000000080002488] -> 0x23F3
mem[X,0x000000008000248A] -> 0x3430
[1804] [M]: 0x0000000080002488 (0x343023F3) csrrs x7, mtval, x0                     skp_adj_Mepc+0
CSR mtval (0x343) -> 0x0000000080002000
x7 <- 0x0000000080002000

mem[X,0x000000008000248C] -> 0x7513
mem[X,0x000000008000248E] -> 0x00F5
[1805] [M]: 0x000000008000248C (0x00F57513) andi x10, x10, 0xf                      chk_Mtval+0
x10 <- 0x0000000000000005

clint mtime 0x0000000000000387 (mip.MTI <- 0b1, mip.STI <- 0b0)
mem[X,0x0000000080002490] -> 0x0437
mem[X,0x0000000080002492] -> 0x0000
[1806] [M]: 0x0000000080002490 (0x00000437) lui x8, 0x0                             chk_Mtval+4
x8 <- 0x0000000000000000

mem[X,0x0000000080002494] -> 0x0413
mem[X,0x0000000080002496] -> 0x0004
[1807] [M]: 0x0000000080002494 (0x00040413) addi x8, x8, 0x0                        chk_Mtval+8
x8 <- 0x0000000000000000

clint mtime 0x0000000000000388 (mip.MTI <- 0b1, mip.STI <- 0b0)
mem[X,0x0000000080002498] -> 0x1413
mem[X,0x000000008000249A] -> 0x00B4
[1808] [M]: 0x0000000080002498 (0x00B41413) slli x8, x8, 0xb                        chk_Mtval+12
x8 <- 0x0000000000000000

mem[X,0x000000008000249C] -> 0x0413
mem[X,0x000000008000249E] -> 0x0004
[1809] [M]: 0x000000008000249C (0x00040413) addi x8, x8, 0x0                        chk_Mtval+16
x8 <- 0x0000000000000000

clint mtime 0x0000000000000389 (mip.MTI <- 0b1, mip.STI <- 0b0)
mem[X,0x00000000800024A0] -> 0x1413
mem[X,0x00000000800024A2] -> 0x00B4
[1810] [M]: 0x00000000800024A0 (0x00B41413) slli x8, x8, 0xb                        chk_Mtval+20
x8 <- 0x0000000000000000

mem[X,0x00000000800024A4] -> 0x0413
mem[X,0x00000000800024A6] -> 0x02C4
[1811] [M]: 0x00000000800024A4 (0x02C40413) addi x8, x8, 0x2c                       chk_Mtval+24
x8 <- 0x000000000000002C

clint mtime 0x000000000000038A (mip.MTI <- 0b1, mip.STI <- 0b0)
mem[X,0x00000000800024A8] -> 0x1413
mem[X,0x00000000800024AA] -> 0x00A4
[1812] [M]: 0x00000000800024A8 (0x00A41413) slli x8, x8, 0xa                        chk_Mtval+28
x8 <- 0x000000000000B000

mem[X,0x00000000800024AC] -> 0x0413
mem[X,0x00000000800024AE] -> 0x0FB4
[1813] [M]: 0x00000000800024AC (0x0FB40413) addi x8, x8, 0xfb                       chk_Mtval+32
x8 <- 0x000000000000B0FB

clint mtime 0x000000000000038B (mip.MTI <- 0b1, mip.STI <- 0b0)
mem[X,0x00000000800024B0] -> 0x5433
mem[X,0x00000000800024B2] -> 0x00A4
[1814] [M]: 0x00000000800024B0 (0x00A45433) srl x8, x8, x10                         chk_Mtval+36
x8 <- 0x0000000000000587

mem[X,0x00000000800024B4] -> 0x1413
mem[X,0x00000000800024B6] -> 0x03F4
[1815] [M]: 0x00000000800024B4 (0x03F41413) slli x8, x8, 0x3f                       chk_Mtval+40
x8 <- 0x8000000000000000

clint mtime 0x000000000000038C (mip.MTI <- 0b1, mip.STI <- 0b0)
mem[X,0x00000000800024B8] -> 0x5C63
mem[X,0x00000000800024BA] -> 0x0404
[1816] [M]: 0x00000000800024B8 (0x04045C63) bge x8, x0, 0x58                        chk_Mtval+44

mem[X,0x00000000800024BC] -> 0xB403
mem[X,0x00000000800024BE] -> 0x2084
[1817] [M]: 0x00000000800024BC (0x2084B403) ld x8, 0x208(x9)                        vmem_adj_Mtval+0
mem[R,0x0000000080006208] -> 0x00000000800003B4
x8 <- 0x00000000800003B4

clint mtime 0x000000000000038D (mip.MTI <- 0b1, mip.STI <- 0b0)
mem[X,0x00000000800024C0] -> 0xB583
mem[X,0x00000000800024C2] -> 0x2104
[1818] [M]: 0x00000000800024C0 (0x2104B583) ld x11, 0x210(x9)                       vmem_adj_Mtval+4
mem[R,0x0000000080006210] -> 0x0000000000001C5C
x11 <- 0x0000000000001C5C

mem[X,0x00000000800024C4] -> 0x85B3
mem[X,0x00000000800024C6] -> 0x0085
[1819] [M]: 0x00000000800024C4 (0x008585B3) add x11, x11, x8                        vmem_adj_Mtval+8
x11 <- 0x0000000080002010

clint mtime 0x000000000000038E (mip.MTI <- 0b1, mip.STI <- 0b0)
mem[X,0x00000000800024C8] -> 0xF463
mem[X,0x00000000800024CA] -> 0x00B3
[1820] [M]: 0x00000000800024C8 (0x00B3F463) bgeu x7, x11, 0x8                       vmem_adj_Mtval+12

mem[X,0x00000000800024CC] -> 0xF063
mem[X,0x00000000800024CE] -> 0x0483
[1821] [M]: 0x00000000800024CC (0x0483F063) bgeu x7, x8, 0x40                       vmem_adj_Mtval+16

clint mtime 0x000000000000038F (mip.MTI <- 0b1, mip.STI <- 0b0)
mem[X,0x000000008000250C] -> 0x8433
mem[X,0x000000008000250E] -> 0x4083
[1822] [M]: 0x000000008000250C (0x40838433) sub x8, x7, x8                          adj_Mtval+0
x8 <- 0x0000000000001C4C

mem[X,0x0000000080002510] -> 0x3C23
mem[X,0x0000000080002512] -> 0x0083
[1823] [M]: 0x0000000080002510 (0x00833C23) sd x8, 0x18(x6)                         sv_Mtval+0
mem[W,0x0000000080007558] <- 0x0000000000001C4C

clint mtime 0x0000000000000390 (mip.MTI <- 0b1, mip.STI <- 0b0)
mem[X,0x0000000080002514] -> 0x3483
mem[X,0x0000000080002516] -> 0x2181
[1824] [M]: 0x0000000080002514 (0x21813483) ld x9, 0x218(x2)                        skp_Mtval+0
mem[R,0x0000000080006218] -> 0x0000000080007560
x9 <- 0x0000000080007560

mem[X,0x0000000080002518] -> 0x3383
mem[X,0x000000008000251A] -> 0x1F81
[1825] [M]: 0x0000000080002518 (0x1F813383) ld x7, 0x1f8(x2)                        skp_Mtval+4
mem[R,0x00000000800061F8] -> 0x0000000080007210
x7 <- 0x0000000080007210

clint mtime 0x0000000000000391 (mip.MTI <- 0b1, mip.STI <- 0b0)
mem[X,0x000000008000251C] -> 0x3303
mem[X,0x000000008000251E] -> 0x2001
[1826] [M]: 0x000000008000251C (0x20013303) ld x6, 0x200(x2)                        skp_Mtval+8
mem[R,0x0000000080006200] -> 0x0000000000000A20
x6 <- 0x0000000000000A20

mem[X,0x0000000080002520] -> 0x0333
mem[X,0x0000000080002522] -> 0x0073
[1827] [M]: 0x0000000080002520 (0x00730333) add x6, x6, x7                          skp_Mtval+12
x6 <- 0x0000000080007C30

clint mtime 0x0000000000000392 (mip.MTI <- 0b1, mip.STI <- 0b0)
mem[X,0x0000000080002524] -> 0x6AE3
mem[X,0x0000000080002526] -> 0xAE93
[1828] [M]: 0x0000000080002524 (0xAE936AE3) bltu x6, x9, -0x50c                     skp_Mtval+16

mem[X,0x0000000080002528] -> 0x0393
mem[X,0x000000008000252A] -> 0x2000
[1829] [M]: 0x0000000080002528 (0x20000393) addi x7, x0, 0x200                      skp_Mtval+20
x7 <- 0x0000000000000200

clint mtime 0x0000000000000393 (mip.MTI <- 0b1, mip.STI <- 0b0)
mem[X,0x000000008000252C] -> 0x006F
mem[X,0x000000008000252E] -> 0x0400
[1830] [M]: 0x000000008000252C (0x0400006F) jal x0, 0x40                            skp_Mtval+24

mem[X,0x000000008000256C] -> 0x0417
mem[X,0x000000008000256E] -> 0x0000
[1831] [M]: 0x000000008000256C (0x00000417) auipc x8, 0x0                           spcl_Mhandler+0
x8 <- 0x000000008000256C

clint mtime 0x0000000000000394 (mip.MTI <- 0b1, mip.STI <- 0b0)
mem[X,0x0000000080002570] -> 0x0413
mem[X,0x0000000080002572] -> 0x03C4
[1832] [M]: 0x0000000080002570 (0x03C40413) addi x8, x8, 0x3c                       spcl_Mhandler+4
x8 <- 0x00000000800025A8

mem[X,0x0000000080002574] -> 0x0433
mem[X,0x0000000080002576] -> 0x0074
[1833] [M]: 0x0000000080002574 (0x00740433) add x8, x8, x7                          spcl_Mhandler+8
x8 <- 0x00000000800027A8

clint mtime 0x0000000000000395 (mip.MTI <- 0b1, mip.STI <- 0b0)
mem[X,0x0000000080002578] -> 0x1393
mem[X,0x000000008000257A] -> 0x0035
[1834] [M]: 0x0000000080002578 (0x00351393) slli x7, x10, 0x3                       spcl_Mhandler+12
x7 <- 0x0000000000000028

mem[X,0x000000008000257C] -> 0x0433
mem[X,0x000000008000257E] -> 0x0074
[1835] [M]: 0x000000008000257C (0x00740433) add x8, x8, x7                          spcl_Mhandler+16
x8 <- 0x00000000800027D0

clint mtime 0x0000000000000396 (mip.MTI <- 0b1, mip.STI <- 0b0)
mem[X,0x0000000080002580] -> 0x7413
mem[X,0x0000000080002582] -> 0xFF84
[1836] [M]: 0x0000000080002580 (0xFF847413) andi x8, x8, -0x8                       spcl_Mhandler+20
x8 <- 0x00000000800027D0

mem[X,0x0000000080002584] -> 0x3403
mem[X,0x0000000080002586] -> 0x0004
[1837] [M]: 0x0000000080002584 (0x00043403) ld x8, 0x0(x8)                          spcl_Mhandler+24
mem[R,0x00000000800027D0] -> 0x000000000000000B
x8 <- 0x000000000000000B

clint mtime 0x0000000000000397 (mip.MTI <- 0b1, mip.STI <- 0b0)
mem[X,0x0000000080002588] -> 0x02E3
mem[X,0x000000008000258A] -> 0xB204
[1838] [M]: 0x0000000080002588 (0xB20402E3) beq x8, x0, -0x4dc                      spcl_Mdispatch_hndling+0

mem[X,0x000000008000258C] -> 0x1393
mem[X,0x000000008000258E] -> 0x03F4
[1839] [M]: 0x000000008000258C (0x03F41393) slli x7, x8, 0x3f                       spcl_Mdispatch_hndling+4
x7 <- 0x8000000000000000

clint mtime 0x0000000000000398 (mip.MTI <- 0b1, mip.STI <- 0b0)
mem[X,0x0000000080002590] -> 0xD863
mem[X,0x0000000080002592] -> 0x0003
[1840] [M]: 0x0000000080002590 (0x0003D863) bge x7, x0, 0x10                        spcl_Mdispatch_hndling+8

mem[X,0x0000000080002594] -> 0x5413
mem[X,0x0000000080002596] -> 0x0014
[1841] [M]: 0x0000000080002594 (0x00145413) srli x8, x8, 0x1                        spcl_Mdispatch_hndling+12
x8 <- 0x0000000000000005

clint mtime 0x0000000000000399 (mip.MTI <- 0b1, mip.STI <- 0b0)
mem[X,0x0000000080002598] -> 0x0CE3
mem[X,0x000000008000259A] -> 0xF885
[1842] [M]: 0x0000000080002598 (0xF8850CE3) beq x10, x8, -0x68                      spcl_Mdispatch_hndling+16

mem[X,0x0000000080002530] -> 0x3303
mem[X,0x0000000080002532] -> 0x2601
[1843] [M]: 0x0000000080002530 (0x26013303) ld x6, 0x260(x2)                        resto_Mrtn+0
mem[R,0x0000000080006260] -> 0x000000001FDDB7D5
x6 <- 0x000000001FDDB7D5

clint mtime 0x000000000000039A (mip.MTI <- 0b1, mip.STI <- 0b0)
mem[X,0x0000000080002534] -> 0x3383
mem[X,0x0000000080002536] -> 0x2681
[1844] [M]: 0x0000000080002534 (0x26813383) ld x7, 0x268(x2)                        resto_Mrtn+4
mem[R,0x0000000080006268] -> 0x00000000003FBB6F
x7 <- 0x00000000003FBB6F

mem[X,0x0000000080002538] -> 0x3403
mem[X,0x000000008000253A] -> 0x2701
[1845] [M]: 0x0000000080002538 (0x27013403) ld x8, 0x270(x2)                        resto_Mrtn+8
mem[R,0x0000000080006270] -> 0x0000000000007F76
x8 <- 0x0000000000007F76

clint mtime 0x000000000000039B (mip.MTI <- 0b1, mip.STI <- 0b0)
mem[X,0x000000008000253C] -> 0x3483
mem[X,0x000000008000253E] -> 0x2781
[1846] [M]: 0x000000008000253C (0x27813483) ld x9, 0x278(x2)                        resto_Mrtn+12
mem[R,0x0000000080006278] -> 0x00000000000000FE
x9 <- 0x00000000000000FE

mem[X,0x0000000080002540] -> 0x3503
mem[X,0x0000000080002542] -> 0x2801
[1847] [M]: 0x0000000080002540 (0x28013503) ld x10, 0x280(x2)                       resto_Mrtn+16
mem[R,0x0000000080006280] -> 0x0000000000000001
x10 <- 0x0000000000000001

clint mtime 0x000000000000039C (mip.MTI <- 0b1, mip.STI <- 0b0)
mem[X,0x0000000080002544] -> 0x3583
mem[X,0x0000000080002546] -> 0x2881
[1848] [M]: 0x0000000080002544 (0x28813583) ld x11, 0x288(x2)                       resto_Mrtn+20
mem[R,0x0000000080006288] -> 0x0000000000000000
x11 <- 0x0000000000000000

mem[X,0x0000000080002548] -> 0x3103
mem[X,0x000000008000254A] -> 0x2901
[1849] [M]: 0x0000000080002548 (0x29013103) ld x2, 0x290(x2)                        resto_Mrtn+24
mem[R,0x0000000080006290] -> 0x01FDDB7D5BFDDB7F
x2 <- 0x01FDDB7D5BFDDB7F

clint mtime 0x000000000000039D (mip.MTI <- 0b1, mip.STI <- 0b0)
mem[X,0x000000008000254C] -> 0x0073
mem[X,0x000000008000254E] -> 0x3020
[1850] [M]: 0x000000008000254C (0x30200073) mret                                    resto_Mrtn+28
CSR mstatus (0x300) <- 0x0000000A00000080
ret-ing from M to M

mem[X,0x0000000080000A88] -> 0x0013
mem[X,0x0000000080000A8A] -> 0x0000
[1851] [M]: 0x0000000080000A88 (0x00000013) addi x0, x0, 0x0                        main+1704

clint mtime 0x000000000000039E (mip.MTI <- 0b1, mip.STI <- 0b0)
mem[X,0x0000000080000A8C] -> 0xBC23
mem[X,0x0000000080000A8E] -> 0x0CE6
[1852] [M]: 0x0000000080000A8C (0x0CE6BC23) sd x14, 0xd8(x13)                       main+1708
mem[W,0x00000000800072F0] <- 0x0000000000000013

mem[X,0x0000000080000A90] -> 0x8793
mem[X,0x0000000080000A92] -> 0xFFC7
[1853] [M]: 0x0000000080000A90 (0xFFC78793) addi x15, x15, -0x4                     main+1712
x15 <- 0x0000000080001FFC

clint mtime 0x000000000000039F (mip.MTI <- 0b1, mip.STI <- 0b0)
mem[X,0x0000000080000A94] -> 0xA703
mem[X,0x0000000080000A96] -> 0x0007
[1854] [M]: 0x0000000080000A94 (0x0007A703) lw x14, 0x0(x15)                        main+1716
mem[R,0x0000000080001FFC] -> 0x00000013
x14 <- 0x0000000000000013

mem[X,0x0000000080000A98] -> 0x0013
mem[X,0x0000000080000A9A] -> 0x0000
[1855] [M]: 0x0000000080000A98 (0x00000013) addi x0, x0, 0x0                        main+1720

clint mtime 0x00000000000003A0 (mip.MTI <- 0b1, mip.STI <- 0b0)
mem[X,0x0000000080000A9C] -> 0x0013
mem[X,0x0000000080000A9E] -> 0x0000
[1856] [M]: 0x0000000080000A9C (0x00000013) addi x0, x0, 0x0                        main+1724

mem[X,0x0000000080000AA0] -> 0xB023
mem[X,0x0000000080000AA2] -> 0x0EE6
[1857] [M]: 0x0000000080000AA0 (0x0EE6B023) sd x14, 0xe0(x13)                       main+1728
mem[W,0x00000000800072F8] <- 0x0000000000000013

clint mtime 0x00000000000003A1 (mip.MTI <- 0b1, mip.STI <- 0b0)
mem[X,0x0000000080000AA4] -> 0x8793
mem[X,0x0000000080000AA6] -> 0x0087
[1858] [M]: 0x0000000080000AA4 (0x00878793) addi x15, x15, 0x8                      main+1732
x15 <- 0x0000000080002004

mem[X,0x0000000080000AA8] -> 0xA703
mem[X,0x0000000080000AAA] -> 0x0007
[1859] [M]: 0x0000000080000AA8 (0x0007A703) lw x14, 0x0(x15)                        main+1736
mem[R,0x0000000080002004] -> 0x00000013
x14 <- 0x0000000000000013

clint mtime 0x00000000000003A2 (mip.MTI <- 0b1, mip.STI <- 0b0)
mem[X,0x0000000080000AAC] -> 0x0013
mem[X,0x0000000080000AAE] -> 0x0000
[1860] [M]: 0x0000000080000AAC (0x00000013) addi x0, x0, 0x0                        main+1740

mem[X,0x0000000080000AB0] -> 0x0013
mem[X,0x0000000080000AB2] -> 0x0000
[1861] [M]: 0x0000000080000AB0 (0x00000013) addi x0, x0, 0x0                        main+1744

clint mtime 0x00000000000003A3 (mip.MTI <- 0b1, mip.STI <- 0b0)
mem[X,0x0000000080000AB4] -> 0xB423
mem[X,0x0000000080000AB6] -> 0x0EE6
[1862] [M]: 0x0000000080000AB4 (0x0EE6B423) sd x14, 0xe8(x13)                       main+1748
mem[W,0x0000000080007300] <- 0x0000000000000013

mem[X,0x0000000080000AB8] -> 0x0013
mem[X,0x0000000080000ABA] -> 0x0000
[1863] [M]: 0x0000000080000AB8 (0x00000013) addi x0, x0, 0x0                        main+1752

clint mtime 0x00000000000003A4 (mip.MTI <- 0b1, mip.STI <- 0b0)
mem[X,0x0000000080000ABC] -> 0x0013
mem[X,0x0000000080000ABE] -> 0x0000
[1864] [M]: 0x0000000080000ABC (0x00000013) addi x0, x0, 0x0                        main+1756

mem[X,0x0000000080000AC0] -> 0x12B7
mem[X,0x0000000080000AC2] -> 0x2000
[1865] [M]: 0x0000000080000AC0 (0x200012B7) lui x5, 0x20001                         main+1760
x5 <- 0x0000000020001000

clint mtime 0x00000000000003A5 (mip.MTI <- 0b1, mip.STI <- 0b0)
mem[X,0x0000000080000AC4] -> 0x829B
mem[X,0x0000000080000AC6] -> 0x8002
[1866] [M]: 0x0000000080000AC4 (0x8002829B) addiw x5, x5, -0x800                    main+1764
x5 <- 0x0000000020000800

mem[X,0x0000000080000AC8] -> 0x0001
[1867] [M]: 0x0000000080000AC8 (0x0001) c.nop                                       main+1768

clint mtime 0x00000000000003A6 (mip.MTI <- 0b1, mip.STI <- 0b0)
mem[X,0x0000000080000ACA] -> 0x0013
mem[X,0x0000000080000ACC] -> 0x0000
[1868] [M]: 0x0000000080000ACA (0x00000013) addi x0, x0, 0x0                        main+1770

mem[X,0x0000000080000ACE] -> 0x0013
mem[X,0x0000000080000AD0] -> 0x0000
[1869] [M]: 0x0000000080000ACE (0x00000013) addi x0, x0, 0x0                        main+1774

clint mtime 0x00000000000003A7 (mip.MTI <- 0b1, mip.STI <- 0b0)
mem[X,0x0000000080000AD2] -> 0x0013
mem[X,0x0000000080000AD4] -> 0x0000
[1870] [M]: 0x0000000080000AD2 (0x00000013) addi x0, x0, 0x0                        main+1778

mem[X,0x0000000080000AD6] -> 0x0013
mem[X,0x0000000080000AD8] -> 0x0000
[1871] [M]: 0x0000000080000AD6 (0x00000013) addi x0, x0, 0x0                        main+1782

clint mtime 0x00000000000003A8 (mip.MTI <- 0b1, mip.STI <- 0b0)
mem[X,0x0000000080000ADA] -> 0x0013
mem[X,0x0000000080000ADC] -> 0x0000
[1872] [M]: 0x0000000080000ADA (0x00000013) addi x0, x0, 0x0                        main+1786

mem[X,0x0000000080000ADE] -> 0x0001
[1873] [M]: 0x0000000080000ADE (0x0001) c.nop                                       main+1790

clint mtime 0x00000000000003A9 (mip.MTI <- 0b1, mip.STI <- 0b0)
mem[X,0x0000000080000AE0] -> 0x9073
mem[X,0x0000000080000AE2] -> 0x3B42
[1874] [M]: 0x0000000080000AE0 (0x3B429073) csrrw x0, pmpaddr4, x5                  main+1792
CSR pmpaddr4 (0x3B4) <- 0x0000000020000800

mem[X,0x0000000080000AE4] -> 0x0213
mem[X,0x0000000080000AE6] -> 0x0090
[1875] [M]: 0x0000000080000AE4 (0x00900213) addi x4, x0, 0x9                        main+1796
x4 <- 0x0000000000000009

clint mtime 0x00000000000003AA (mip.MTI <- 0b1, mip.STI <- 0b0)
mem[X,0x0000000080000AE8] -> 0x1213
mem[X,0x0000000080000AEA] -> 0x0242
[1876] [M]: 0x0000000080000AE8 (0x02421213) slli x4, x4, 0x24                       main+1800
x4 <- 0x0000009000000000

mem[X,0x0000000080000AEC] -> 0x1073
mem[X,0x0000000080000AEE] -> 0x3A02
[1877] [M]: 0x0000000080000AEC (0x3A021073) csrrw x0, pmpcfg0, x4                   main+1804
CSR pmpcfg0 (0x3A0) <- 0x9090909000000000

clint mtime 0x00000000000003AB (mip.MTI <- 0b1, mip.STI <- 0b0)
mem[X,0x0000000080000AF0] -> 0x0013
mem[X,0x0000000080000AF2] -> 0x0000
[1878] [M]: 0x0000000080000AF0 (0x00000013) addi x0, x0, 0x0                        main+1808

mem[X,0x0000000080000AF4] -> 0x0013
mem[X,0x0000000080000AF6] -> 0x0000
[1879] [M]: 0x0000000080000AF4 (0x00000013) addi x0, x0, 0x0                        main+1812

clint mtime 0x00000000000003AC (mip.MTI <- 0b1, mip.STI <- 0b0)
mem[X,0x0000000080000AF8] -> 0x0013
mem[X,0x0000000080000AFA] -> 0x0000
[1880] [M]: 0x0000000080000AF8 (0x00000013) addi x0, x0, 0x0                        main+1816

mem[X,0x0000000080000AFC] -> 0x0013
mem[X,0x0000000080000AFE] -> 0x0000
[1881] [M]: 0x0000000080000AFC (0x00000013) addi x0, x0, 0x0                        main+1820

clint mtime 0x00000000000003AD (mip.MTI <- 0b1, mip.STI <- 0b0)
mem[X,0x0000000080000B00] -> 0x1797
mem[X,0x0000000080000B02] -> 0x0000
[1882] [M]: 0x0000000080000B00 (0x00001797) auipc x15, 0x1                          main+1824
x15 <- 0x0000000080001B00

mem[X,0x0000000080000B04] -> 0x8793
mem[X,0x0000000080000B06] -> 0x5007
[1883] [M]: 0x0000000080000B04 (0x50078793) addi x15, x15, 0x500                    main+1828
x15 <- 0x0000000080002000

clint mtime 0x00000000000003AE (mip.MTI <- 0b1, mip.STI <- 0b0)
mem[X,0x0000000080000B08] -> 0x0001
[1884] [M]: 0x0000000080000B08 (0x0001) c.nop                                       main+1832

mem[X,0x0000000080000B0A] -> 0x0013
mem[X,0x0000000080000B0C] -> 0x0000
[1885] [M]: 0x0000000080000B0A (0x00000013) addi x0, x0, 0x0                        main+1834

clint mtime 0x00000000000003AF (mip.MTI <- 0b1, mip.STI <- 0b0)
mem[X,0x0000000080000B0E] -> 0x0013
mem[X,0x0000000080000B10] -> 0x0000
[1886] [M]: 0x0000000080000B0E (0x00000013) addi x0, x0, 0x0                        main+1838

mem[X,0x0000000080000B12] -> 0x0013
mem[X,0x0000000080000B14] -> 0x0000
[1887] [M]: 0x0000000080000B12 (0x00000013) addi x0, x0, 0x0                        main+1842

clint mtime 0x00000000000003B0 (mip.MTI <- 0b1, mip.STI <- 0b0)
mem[X,0x0000000080000B16] -> 0x0013
mem[X,0x0000000080000B18] -> 0x0000
[1888] [M]: 0x0000000080000B16 (0x00000013) addi x0, x0, 0x0                        main+1846

mem[X,0x0000000080000B1A] -> 0x0013
mem[X,0x0000000080000B1C] -> 0x0000
[1889] [M]: 0x0000000080000B1A (0x00000013) addi x0, x0, 0x0                        main+1850

clint mtime 0x00000000000003B1 (mip.MTI <- 0b1, mip.STI <- 0b0)
mem[X,0x0000000080000B1E] -> 0x0001
[1890] [M]: 0x0000000080000B1E (0x0001) c.nop                                       main+1854

mem[X,0x0000000080000B20] -> 0xA703
mem[X,0x0000000080000B22] -> 0x0007
[1891] [M]: 0x0000000080000B20 (0x0007A703) lw x14, 0x0(x15)                        main+1856
trapping from M to M to handle load-access-fault
handling exc#load-access-fault at priv M with tval 0x0000000080002000
CSR mstatus (0x300) <- 0x0000000A00001800
CSR mcause (0x342) <- 0x0000000000000005
CSR mtval (0x343) <- 0x0000000080002000
CSR mepc (0x341) <- 0x0000000080000B20

clint mtime 0x00000000000003B2 (mip.MTI <- 0b1, mip.STI <- 0b0)
mem[X,0x0000000080002100] -> 0x006F
mem[X,0x0000000080002102] -> 0x1000
[1892] [M]: 0x0000000080002100 (0x1000006F) jal x0, 0x100                           Mtrampoline+0

mem[X,0x0000000080002200] -> 0x1173
mem[X,0x0000000080002202] -> 0x3401
[1893] [M]: 0x0000000080002200 (0x34011173) csrrw x2, mscratch, x2                  trap_Mhandler+0
CSR mscratch (0x340) <- 0x01FDDB7D5BFDDB7F
x2 <- 0x0000000080006000

clint mtime 0x00000000000003B3 (mip.MTI <- 0b1, mip.STI <- 0b0)
mem[X,0x0000000080002204] -> 0x3423
mem[X,0x0000000080002206] -> 0x28B1
[1894] [M]: 0x0000000080002204 (0x28B13423) sd x11, 0x288(x2)                       trap_Mhandler+4
mem[W,0x0000000080006288] <- 0x0000000000000000

mem[X,0x0000000080002208] -> 0x05EF
mem[X,0x000000008000220A] -> 0x0B80
[1895] [M]: 0x0000000080002208 (0x0B8005EF) jal x11, 0xb8                           trap_Mhandler+8
x11 <- 0x000000008000220C

clint mtime 0x00000000000003B4 (mip.MTI <- 0b1, mip.STI <- 0b0)
mem[X,0x00000000800022C0] -> 0x3023
mem[X,0x00000000800022C2] -> 0x28A1
[1896] [M]: 0x00000000800022C0 (0x28A13023) sd x10, 0x280(x2)                       common_Mhandler+0
mem[W,0x0000000080006280] <- 0x0000000000000001

mem[X,0x00000000800022C4] -> 0x1573
mem[X,0x00000000800022C6] -> 0x3401
[1897] [M]: 0x00000000800022C4 (0x34011573) csrrw x10, mscratch, x2                 common_Mhandler+4
CSR mscratch (0x340) <- 0x0000000080006000
x10 <- 0x01FDDB7D5BFDDB7F

clint mtime 0x00000000000003B5 (mip.MTI <- 0b1, mip.STI <- 0b0)
mem[X,0x00000000800022C8] -> 0x3823
mem[X,0x00000000800022CA] -> 0x28A1
[1898] [M]: 0x00000000800022C8 (0x28A13823) sd x10, 0x290(x2)                       common_Mhandler+8
mem[W,0x0000000080006290] <- 0x01FDDB7D5BFDDB7F

mem[X,0x00000000800022CC] -> 0x3503
mem[X,0x00000000800022CE] -> 0x2301
[1899] [M]: 0x00000000800022CC (0x23013503) ld x10, 0x230(x2)                       common_Mhandler+12
mem[R,0x0000000080006230] -> 0x00000000800022D4
x10 <- 0x00000000800022D4

clint mtime 0x00000000000003B6 (mip.MTI <- 0b1, mip.STI <- 0b0)
mem[X,0x00000000800022D0] -> 0x0067
mem[X,0x00000000800022D2] -> 0x0005
[1900] [M]: 0x00000000800022D0 (0x00050067) jalr x0, 0x0(x10)                       common_Mhandler+16

mem[X,0x00000000800022D4] -> 0x3C23
mem[X,0x00000000800022D6] -> 0x2691
[1901] [M]: 0x00000000800022D4 (0x26913C23) sd x9, 0x278(x2)                        common_Mentry+0
mem[W,0x0000000080006278] <- 0x00000000000000FE

clint mtime 0x00000000000003B7 (mip.MTI <- 0b1, mip.STI <- 0b0)
mem[X,0x00000000800022D8] -> 0x3823
mem[X,0x00000000800022DA] -> 0x2681
[1902] [M]: 0x00000000800022D8 (0x26813823) sd x8, 0x270(x2)                        common_Mentry+4
mem[W,0x0000000080006270] <- 0x0000000000007F76

mem[X,0x00000000800022DC] -> 0x3423
mem[X,0x00000000800022DE] -> 0x2671
[1903] [M]: 0x00000000800022DC (0x26713423) sd x7, 0x268(x2)                        common_Mentry+8
mem[W,0x0000000080006268] <- 0x00000000003FBB6F

clint mtime 0x00000000000003B8 (mip.MTI <- 0b1, mip.STI <- 0b0)
mem[X,0x00000000800022E0] -> 0x3023
mem[X,0x00000000800022E2] -> 0x2661
[1904] [M]: 0x00000000800022E0 (0x26613023) sd x6, 0x260(x2)                        common_Mentry+12
mem[W,0x0000000080006260] <- 0x000000001FDDB7D5

mem[X,0x00000000800022E4] -> 0x2573
mem[X,0x00000000800022E6] -> 0x3420
[1905] [M]: 0x00000000800022E4 (0x34202573) csrrs x10, mcause, x0                   spcl_M2mmode_test+0
CSR mcause (0x342) -> 0x0000000000000005
x10 <- 0x0000000000000005

clint mtime 0x00000000000003B9 (mip.MTI <- 0b1, mip.STI <- 0b0)
mem[X,0x00000000800022E8] -> 0x04B7
mem[X,0x00000000800022EA] -> 0x8000
[1906] [M]: 0x00000000800022E8 (0x800004B7) lui x9, -0x80000                        spcl_M2mmode_test+4
x9 <- 0xFFFFFFFF80000000

mem[X,0x00000000800022EC] -> 0x8493
mem[X,0x00000000800022EE] -> 0x0004
[1907] [M]: 0x00000000800022EC (0x00048493) addi x9, x9, 0x0                        spcl_M2mmode_test+8
x9 <- 0xFFFFFFFF80000000

clint mtime 0x00000000000003BA (mip.MTI <- 0b1, mip.STI <- 0b0)
mem[X,0x00000000800022F0] -> 0x9493
mem[X,0x00000000800022F2] -> 0x00B4
[1908] [M]: 0x00000000800022F0 (0x00B49493) slli x9, x9, 0xb                        spcl_M2mmode_test+12
x9 <- 0xFFFFFC0000000000

mem[X,0x00000000800022F4] -> 0x8493
mem[X,0x00000000800022F6] -> 0x0004
[1909] [M]: 0x00000000800022F4 (0x00048493) addi x9, x9, 0x0                        spcl_M2mmode_test+16
x9 <- 0xFFFFFC0000000000

clint mtime 0x00000000000003BB (mip.MTI <- 0b1, mip.STI <- 0b0)
mem[X,0x00000000800022F8] -> 0x9493
mem[X,0x00000000800022FA] -> 0x00B4
[1910] [M]: 0x00000000800022F8 (0x00B49493) slli x9, x9, 0xb                        spcl_M2mmode_test+20
x9 <- 0xFFE0000000000000

mem[X,0x00000000800022FC] -> 0x8493
mem[X,0x00000000800022FE] -> 0x0034
[1911] [M]: 0x00000000800022FC (0x00348493) addi x9, x9, 0x3                        spcl_M2mmode_test+24
x9 <- 0xFFE0000000000003

clint mtime 0x00000000000003BC (mip.MTI <- 0b1, mip.STI <- 0b0)
mem[X,0x0000000080002300] -> 0x9493
mem[X,0x0000000080002302] -> 0x00A4
[1912] [M]: 0x0000000080002300 (0x00A49493) slli x9, x9, 0xa                        spcl_M2mmode_test+28
x9 <- 0x8000000000000C00

mem[X,0x0000000080002304] -> 0x8493
mem[X,0x0000000080002306] -> 0x3FC4
[1913] [M]: 0x0000000080002304 (0x3FC48493) addi x9, x9, 0x3fc                      spcl_M2mmode_test+32
x9 <- 0x8000000000000FFC

clint mtime 0x00000000000003BD (mip.MTI <- 0b1, mip.STI <- 0b0)
mem[X,0x0000000080002308] -> 0xF4B3
mem[X,0x000000008000230A] -> 0x00A4
[1914] [M]: 0x0000000080002308 (0x00A4F4B3) and x9, x9, x10                         spcl_M2mmode_test+36
x9 <- 0x0000000000000004

mem[X,0x000000008000230C] -> 0x8493
mem[X,0x000000008000230E] -> 0xFF84
[1915] [M]: 0x000000008000230C (0xFF848493) addi x9, x9, -0x8                       spcl_M2mmode_test+40
x9 <- 0xFFFFFFFFFFFFFFFC

clint mtime 0x00000000000003BE (mip.MTI <- 0b1, mip.STI <- 0b0)
mem[X,0x0000000080002310] -> 0x9663
mem[X,0x0000000080002312] -> 0x0004
[1916] [M]: 0x0000000080002310 (0x00049663) bne x9, x0, 0xc                         spcl_M2mmode_test+44

mem[X,0x000000008000231C] -> 0x0393
mem[X,0x000000008000231E] -> 0x0200
[1917] [M]: 0x000000008000231C (0x02000393) addi x7, x0, 0x20                       Mtrapsig_ptr_upd+0
x7 <- 0x0000000000000020

clint mtime 0x00000000000003BF (mip.MTI <- 0b1, mip.STI <- 0b0)
mem[X,0x0000000080002320] -> 0x5263
mem[X,0x0000000080002322] -> 0x0405
[1918] [M]: 0x0000000080002320 (0x04055263) bge x10, x0, 0x44                       Mtrapsig_ptr_upd+4

mem[X,0x0000000080002364] -> 0x2373
mem[X,0x0000000080002366] -> 0x3010
[1919] [M]: 0x0000000080002364 (0x30102373) csrrs x6, misa, x0                      Mxcpt_sig_sv+0
CSR misa (0x301) -> 0x800000000034112F
x6 <- 0x800000000034112F

clint mtime 0x00000000000003C0 (mip.MTI <- 0b1, mip.STI <- 0b0)
mem[X,0x0000000080002368] -> 0x1313
mem[X,0x000000008000236A] -> 0x0383
[1920] [M]: 0x0000000080002368 (0x03831313) slli x6, x6, 0x38                       Mxcpt_sig_sv+4
x6 <- 0x2F00000000000000

mem[X,0x000000008000236C] -> 0x5463
mem[X,0x000000008000236E] -> 0x0003
[1921] [M]: 0x000000008000236C (0x00035463) bge x6, x0, 0x8                         Mxcpt_sig_sv+8

clint mtime 0x00000000000003C1 (mip.MTI <- 0b1, mip.STI <- 0b0)
mem[X,0x0000000080002374] -> 0x3303
mem[X,0x0000000080002376] -> 0x2181
[1922] [M]: 0x0000000080002374 (0x21813303) ld x6, 0x218(x2)                        Mtrap_sig_sv+0
mem[R,0x0000000080006218] -> 0x0000000080007560
x6 <- 0x0000000080007560

mem[X,0x0000000080002378] -> 0x04B3
mem[X,0x000000008000237A] -> 0x0073
[1923] [M]: 0x0000000080002378 (0x007304B3) add x9, x6, x7                          Mtrap_sig_sv+4
x9 <- 0x0000000080007580

clint mtime 0x00000000000003C2 (mip.MTI <- 0b1, mip.STI <- 0b0)
mem[X,0x000000008000237C] -> 0x3C23
mem[X,0x000000008000237E] -> 0x2091
[1924] [M]: 0x000000008000237C (0x20913C23) sd x9, 0x218(x2)                        Mtrap_sig_sv+8
mem[W,0x0000000080006218] <- 0x0000000080007580

mem[X,0x0000000080002380] -> 0x3403
mem[X,0x0000000080002382] -> 0x1F81
[1925] [M]: 0x0000000080002380 (0x1F813403) ld x8, 0x1f8(x2)                        Mtrap_sig_sv+12
mem[R,0x00000000800061F8] -> 0x0000000080007210
x8 <- 0x0000000080007210

clint mtime 0x00000000000003C3 (mip.MTI <- 0b1, mip.STI <- 0b0)
mem[X,0x0000000080002384] -> 0x0333
mem[X,0x0000000080002386] -> 0x4083
[1926] [M]: 0x0000000080002384 (0x40830333) sub x6, x6, x8                          Mtrap_sig_sv+16
x6 <- 0x0000000000000350

mem[X,0x0000000080002388] -> 0x3403
mem[X,0x000000008000238A] -> 0x1F81
[1927] [M]: 0x0000000080002388 (0x1F813403) ld x8, 0x1f8(x2)                        Mtrap_sig_sv+20
mem[R,0x00000000800061F8] -> 0x0000000080007210
x8 <- 0x0000000080007210

clint mtime 0x00000000000003C4 (mip.MTI <- 0b1, mip.STI <- 0b0)
mem[X,0x000000008000238C] -> 0x0333
mem[X,0x000000008000238E] -> 0x0083
[1928] [M]: 0x000000008000238C (0x00830333) add x6, x6, x8                          Mtrap_sig_sv+24
x6 <- 0x0000000080007560

mem[X,0x0000000080002390] -> 0x3403
mem[X,0x0000000080002392] -> 0x2401
[1929] [M]: 0x0000000080002390 (0x24013403) ld x8, 0x240(x2)                        Mtrap_sig_sv+28
mem[R,0x0000000080006240] -> 0x0000000080002100
x8 <- 0x0000000080002100

clint mtime 0x00000000000003C5 (mip.MTI <- 0b1, mip.STI <- 0b0)
mem[X,0x0000000080002394] -> 0x85B3
mem[X,0x0000000080002396] -> 0x4085
[1930] [M]: 0x0000000080002394 (0x408585B3) sub x11, x11, x8                        sv_Mvect+0
x11 <- 0x000000000000010C

mem[X,0x0000000080002398] -> 0x9593
mem[X,0x000000008000239A] -> 0x0045
[1931] [M]: 0x0000000080002398 (0x00459593) slli x11, x11, 0x4                      sv_Mvect+4
x11 <- 0x00000000000010C0

clint mtime 0x00000000000003C6 (mip.MTI <- 0b1, mip.STI <- 0b0)
mem[X,0x000000008000239C] -> 0xE5B3
mem[X,0x000000008000239E] -> 0x0075
[1932] [M]: 0x000000008000239C (0x0075E5B3) or x11, x11, x7                         sv_Mvect+8
x11 <- 0x00000000000010E0

mem[X,0x00000000800023A0] -> 0x8593
mem[X,0x00000000800023A2] -> 0x0035
[1933] [M]: 0x00000000800023A0 (0x00358593) addi x11, x11, 0x3                      sv_Mvect+12
x11 <- 0x00000000000010E3

clint mtime 0x00000000000003C7 (mip.MTI <- 0b1, mip.STI <- 0b0)
mem[X,0x00000000800023A4] -> 0x3023
mem[X,0x00000000800023A6] -> 0x00B3
[1934] [M]: 0x00000000800023A4 (0x00B33023) sd x11, 0x0(x6)                         sv_Mvect+16
mem[W,0x0000000080007560] <- 0x00000000000010E3

mem[X,0x00000000800023A8] -> 0x3423
mem[X,0x00000000800023AA] -> 0x00A3
[1935] [M]: 0x00000000800023A8 (0x00A33423) sd x10, 0x8(x6)                         sv_Mcause+0
mem[W,0x0000000080007568] <- 0x0000000000000005

clint mtime 0x00000000000003C8 (mip.MTI <- 0b1, mip.STI <- 0b0)
mem[X,0x00000000800023AC] -> 0x4263
mem[X,0x00000000800023AE] -> 0x1A05
[1936] [M]: 0x00000000800023AC (0x1A054263) blt x10, x0, 0x1a4                      sv_Mcause+4

mem[X,0x00000000800023B0] -> 0x25F3
mem[X,0x00000000800023B2] -> 0x3000
[1937] [M]: 0x00000000800023B0 (0x300025F3) csrrs x11, mstatus, x0                  common_Mexcpt_handler+0
CSR mstatus (0x300) -> 0x0000000A00001800
x11 <- 0x0000000A00001800

clint mtime 0x00000000000003C9 (mip.MTI <- 0b1, mip.STI <- 0b0)
mem[X,0x00000000800023B4] -> 0x9413
mem[X,0x00000000800023B6] -> 0x02E5
[1938] [M]: 0x00000000800023B4 (0x02E59413) slli x8, x11, 0x2e                      common_Mexcpt_handler+4
x8 <- 0x0600000000000000

mem[X,0x00000000800023B8] -> 0x5463
mem[X,0x00000000800023BA] -> 0x0004
[1939] [M]: 0x00000000800023B8 (0x00045463) bge x8, x0, 0x8                         common_Mexcpt_handler+8

clint mtime 0x00000000000003CA (mip.MTI <- 0b1, mip.STI <- 0b0)
mem[X,0x00000000800023C0] -> 0xD493
mem[X,0x00000000800023C2] -> 0x00B5
[1940] [M]: 0x00000000800023C0 (0x00B5D493) srli x9, x11, 0xb                       common_Mexcpt_handler+16
x9 <- 0x0000000001400003

mem[X,0x00000000800023C4] -> 0xF493
mem[X,0x00000000800023C6] -> 0x0034
[1941] [M]: 0x00000000800023C4 (0x0034F493) andi x9, x9, 0x3                        common_Mexcpt_handler+20
x9 <- 0x0000000000000003

clint mtime 0x00000000000003CB (mip.MTI <- 0b1, mip.STI <- 0b0)
mem[X,0x00000000800023C8] -> 0x8493
mem[X,0x00000000800023CA] -> 0x0014
[1942] [M]: 0x00000000800023C8 (0x00148493) addi x9, x9, 0x1                        common_Mexcpt_handler+24
x9 <- 0x0000000000000004

mem[X,0x00000000800023CC] -> 0xF493
mem[X,0x00000000800023CE] -> 0x0044
[1943] [M]: 0x00000000800023CC (0x0044F493) andi x9, x9, 0x4                        common_Mexcpt_handler+28
x9 <- 0x0000000000000004

clint mtime 0x00000000000003CC (mip.MTI <- 0b1, mip.STI <- 0b0)
mem[X,0x00000000800023D0] -> 0x0593
mem[X,0x00000000800023D2] -> 0x05D0
[1944] [M]: 0x00000000800023D0 (0x05D00593) addi x11, x0, 0x5d                      common_Mexcpt_handler+32
x11 <- 0x000000000000005D

mem[X,0x00000000800023D4] -> 0xD5B3
mem[X,0x00000000800023D6] -> 0x0095
[1945] [M]: 0x00000000800023D4 (0x0095D5B3) srl x11, x11, x9                        common_Mexcpt_handler+36
x11 <- 0x0000000000000005

clint mtime 0x00000000000003CD (mip.MTI <- 0b1, mip.STI <- 0b0)
mem[X,0x00000000800023D8] -> 0xF593
mem[X,0x00000000800023DA] -> 0x0015
[1946] [M]: 0x00000000800023D8 (0x0015F593) andi x11, x11, 0x1                      common_Mexcpt_handler+40
x11 <- 0x0000000000000001

mem[X,0x00000000800023DC] -> 0x8EE3
mem[X,0x00000000800023DE] -> 0xF405
[1947] [M]: 0x00000000800023DC (0xF4058EE3) beq x11, x0, -0xa4                      common_Mexcpt_handler+44

clint mtime 0x00000000000003CE (mip.MTI <- 0b1, mip.STI <- 0b0)
mem[X,0x00000000800023E0] -> 0x0593
mem[X,0x00000000800023E2] -> 0x2980
[1948] [M]: 0x00000000800023E0 (0x29800593) addi x11, x0, 0x298                     common_Mexcpt_handler+48
x11 <- 0x0000000000000298

mem[X,0x00000000800023E4] -> 0xF413
mem[X,0x00000000800023E6] -> 0x0014
[1949] [M]: 0x00000000800023E4 (0x0014F413) andi x8, x9, 0x1                        common_Mexcpt_handler+52
x8 <- 0x0000000000000000

clint mtime 0x00000000000003CF (mip.MTI <- 0b1, mip.STI <- 0b0)
mem[X,0x00000000800023E8] -> 0x95B3
mem[X,0x00000000800023EA] -> 0x0085
[1950] [M]: 0x00000000800023E8 (0x008595B3) sll x11, x11, x8                        common_Mexcpt_handler+56
x11 <- 0x0000000000000298

mem[X,0x00000000800023EC] -> 0x9413
mem[X,0x00000000800023EE] -> 0x03D4
[1951] [M]: 0x00000000800023EC (0x03D49413) slli x8, x9, 0x3d                       common_Mexcpt_handler+60
x8 <- 0x8000000000000000

clint mtime 0x00000000000003D0 (mip.MTI <- 0b1, mip.STI <- 0b0)
mem[X,0x00000000800023F0] -> 0x5413
mem[X,0x00000000800023F2] -> 0x43F4
[1952] [M]: 0x00000000800023F0 (0x43F45413) srai x8, x8, 0x3f                       common_Mexcpt_handler+64
x8 <- 0xFFFFFFFFFFFFFFFF

mem[X,0x00000000800023F4] -> 0x4413
mem[X,0x00000000800023F6] -> 0xFFF4
[1953] [M]: 0x00000000800023F4 (0xFFF44413) xori x8, x8, -0x1                       common_Mexcpt_handler+68
x8 <- 0x0000000000000000

clint mtime 0x00000000000003D1 (mip.MTI <- 0b1, mip.STI <- 0b0)
mem[X,0x00000000800023F8] -> 0xF4B3
mem[X,0x00000000800023FA] -> 0x0085
[1954] [M]: 0x00000000800023F8 (0x0085F4B3) and x9, x11, x8                         common_Mexcpt_handler+72
x9 <- 0x0000000000000000

mem[X,0x00000000800023FC] -> 0x84B3
mem[X,0x00000000800023FE] -> 0x0024
[1955] [M]: 0x00000000800023FC (0x002484B3) add x9, x9, x2                          vmem_adj_Mepc+0
x9 <- 0x0000000080006000

clint mtime 0x00000000000003D2 (mip.MTI <- 0b1, mip.STI <- 0b0)
mem[X,0x0000000080002400] -> 0x23F3
mem[X,0x0000000080002402] -> 0x3410
[1956] [M]: 0x0000000080002400 (0x341023F3) csrrs x7, mepc, x0                      vmem_adj_Mepc+4
CSR mepc (0x341) -> 0x0000000080000B20
x7 <- 0x0000000080000B20

mem[X,0x0000000080002404] -> 0x0413
mem[X,0x0000000080002406] -> 0x0004
[1957] [M]: 0x0000000080002404 (0x00040413) addi x8, x8, 0x0                        vmem_adj_Mepc+8
x8 <- 0x0000000000000000

clint mtime 0x00000000000003D3 (mip.MTI <- 0b1, mip.STI <- 0b0)
mem[X,0x0000000080002408] -> 0x006F
mem[X,0x000000008000240A] -> 0x0400
[1958] [M]: 0x0000000080002408 (0x0400006F) jal x0, 0x40                            vmem_adj_Mepc+12

mem[X,0x0000000080002448] -> 0x8433
mem[X,0x000000008000244A] -> 0x4083
[1959] [M]: 0x0000000080002448 (0x40838433) sub x8, x7, x8                          adj_Mepc+0
x8 <- 0x0000000080000B20

clint mtime 0x00000000000003D4 (mip.MTI <- 0b1, mip.STI <- 0b0)
mem[X,0x000000008000244C] -> 0x3823
mem[X,0x000000008000244E] -> 0x0083
[1960] [M]: 0x000000008000244C (0x00833823) sd x8, 0x10(x6)                         sv_Mepc+0
mem[W,0x0000000080007570] <- 0x0000000080000B20

mem[X,0x0000000080002450] -> 0x55B7
mem[X,0x0000000080002452] -> 0x0000
[1961] [M]: 0x0000000080002450 (0x000055B7) lui x11, 0x5                            sv_Mepc+4
x11 <- 0x0000000000005000

clint mtime 0x00000000000003D5 (mip.MTI <- 0b1, mip.STI <- 0b0)
mem[X,0x0000000080002454] -> 0x8593
mem[X,0x0000000080002456] -> 0x6675
[1962] [M]: 0x0000000080002454 (0x66758593) addi x11, x11, 0x667                    sv_Mepc+8
x11 <- 0x0000000000005667

mem[X,0x0000000080002458] -> 0x9593
mem[X,0x000000008000245A] -> 0x0015
[1963] [M]: 0x0000000080002458 (0x00159593) slli x11, x11, 0x1                      sv_Mepc+12
x11 <- 0x000000000000ACCE

clint mtime 0x00000000000003D6 (mip.MTI <- 0b1, mip.STI <- 0b0)
mem[X,0x000000008000245C] -> 0x9063
mem[X,0x000000008000245E] -> 0x02B1
[1964] [M]: 0x000000008000245C (0x02B19063) bne x3, x11, 0x20                       sv_Mepc+16

mem[X,0x000000008000247C] -> 0xF593
mem[X,0x000000008000247E] -> 0xFFC3
[1965] [M]: 0x000000008000247C (0xFFC3F593) andi x11, x7, -0x4                      adj_Mepc_rtn+0
x11 <- 0x0000000080000B20

clint mtime 0x00000000000003D7 (mip.MTI <- 0b1, mip.STI <- 0b0)
mem[X,0x0000000080002480] -> 0x8593
mem[X,0x0000000080002482] -> 0x0085
[1966] [M]: 0x0000000080002480 (0x00858593) addi x11, x11, 0x8                      adj_Mepc_rtn+4
x11 <- 0x0000000080000B28

mem[X,0x0000000080002484] -> 0x9073
mem[X,0x0000000080002486] -> 0x3415
[1967] [M]: 0x0000000080002484 (0x34159073) csrrw x0, mepc, x11                     adj_Mepc_rtn+8
CSR mepc (0x341) <- 0x0000000080000B28

clint mtime 0x00000000000003D8 (mip.MTI <- 0b1, mip.STI <- 0b0)
mem[X,0x0000000080002488] -> 0x23F3
mem[X,0x000000008000248A] -> 0x3430
[1968] [M]: 0x0000000080002488 (0x343023F3) csrrs x7, mtval, x0                     skp_adj_Mepc+0
CSR mtval (0x343) -> 0x0000000080002000
x7 <- 0x0000000080002000

mem[X,0x000000008000248C] -> 0x7513
mem[X,0x000000008000248E] -> 0x00F5
[1969] [M]: 0x000000008000248C (0x00F57513) andi x10, x10, 0xf                      chk_Mtval+0
x10 <- 0x0000000000000005

clint mtime 0x00000000000003D9 (mip.MTI <- 0b1, mip.STI <- 0b0)
mem[X,0x0000000080002490] -> 0x0437
mem[X,0x0000000080002492] -> 0x0000
[1970] [M]: 0x0000000080002490 (0x00000437) lui x8, 0x0                             chk_Mtval+4
x8 <- 0x0000000000000000

mem[X,0x0000000080002494] -> 0x0413
mem[X,0x0000000080002496] -> 0x0004
[1971] [M]: 0x0000000080002494 (0x00040413) addi x8, x8, 0x0                        chk_Mtval+8
x8 <- 0x0000000000000000

clint mtime 0x00000000000003DA (mip.MTI <- 0b1, mip.STI <- 0b0)
mem[X,0x0000000080002498] -> 0x1413
mem[X,0x000000008000249A] -> 0x00B4
[1972] [M]: 0x0000000080002498 (0x00B41413) slli x8, x8, 0xb                        chk_Mtval+12
x8 <- 0x0000000000000000

mem[X,0x000000008000249C] -> 0x0413
mem[X,0x000000008000249E] -> 0x0004
[1973] [M]: 0x000000008000249C (0x00040413) addi x8, x8, 0x0                        chk_Mtval+16
x8 <- 0x0000000000000000

clint mtime 0x00000000000003DB (mip.MTI <- 0b1, mip.STI <- 0b0)
mem[X,0x00000000800024A0] -> 0x1413
mem[X,0x00000000800024A2] -> 0x00B4
[1974] [M]: 0x00000000800024A0 (0x00B41413) slli x8, x8, 0xb                        chk_Mtval+20
x8 <- 0x0000000000000000

mem[X,0x00000000800024A4] -> 0x0413
mem[X,0x00000000800024A6] -> 0x02C4
[1975] [M]: 0x00000000800024A4 (0x02C40413) addi x8, x8, 0x2c                       chk_Mtval+24
x8 <- 0x000000000000002C

clint mtime 0x00000000000003DC (mip.MTI <- 0b1, mip.STI <- 0b0)
mem[X,0x00000000800024A8] -> 0x1413
mem[X,0x00000000800024AA] -> 0x00A4
[1976] [M]: 0x00000000800024A8 (0x00A41413) slli x8, x8, 0xa                        chk_Mtval+28
x8 <- 0x000000000000B000

mem[X,0x00000000800024AC] -> 0x0413
mem[X,0x00000000800024AE] -> 0x0FB4
[1977] [M]: 0x00000000800024AC (0x0FB40413) addi x8, x8, 0xfb                       chk_Mtval+32
x8 <- 0x000000000000B0FB

clint mtime 0x00000000000003DD (mip.MTI <- 0b1, mip.STI <- 0b0)
mem[X,0x00000000800024B0] -> 0x5433
mem[X,0x00000000800024B2] -> 0x00A4
[1978] [M]: 0x00000000800024B0 (0x00A45433) srl x8, x8, x10                         chk_Mtval+36
x8 <- 0x0000000000000587

mem[X,0x00000000800024B4] -> 0x1413
mem[X,0x00000000800024B6] -> 0x03F4
[1979] [M]: 0x00000000800024B4 (0x03F41413) slli x8, x8, 0x3f                       chk_Mtval+40
x8 <- 0x8000000000000000

clint mtime 0x00000000000003DE (mip.MTI <- 0b1, mip.STI <- 0b0)
mem[X,0x00000000800024B8] -> 0x5C63
mem[X,0x00000000800024BA] -> 0x0404
[1980] [M]: 0x00000000800024B8 (0x04045C63) bge x8, x0, 0x58                        chk_Mtval+44

mem[X,0x00000000800024BC] -> 0xB403
mem[X,0x00000000800024BE] -> 0x2084
[1981] [M]: 0x00000000800024BC (0x2084B403) ld x8, 0x208(x9)                        vmem_adj_Mtval+0
mem[R,0x0000000080006208] -> 0x00000000800003B4
x8 <- 0x00000000800003B4

clint mtime 0x00000000000003DF (mip.MTI <- 0b1, mip.STI <- 0b0)
mem[X,0x00000000800024C0] -> 0xB583
mem[X,0x00000000800024C2] -> 0x2104
[1982] [M]: 0x00000000800024C0 (0x2104B583) ld x11, 0x210(x9)                       vmem_adj_Mtval+4
mem[R,0x0000000080006210] -> 0x0000000000001C5C
x11 <- 0x0000000000001C5C

mem[X,0x00000000800024C4] -> 0x85B3
mem[X,0x00000000800024C6] -> 0x0085
[1983] [M]: 0x00000000800024C4 (0x008585B3) add x11, x11, x8                        vmem_adj_Mtval+8
x11 <- 0x0000000080002010

clint mtime 0x00000000000003E0 (mip.MTI <- 0b1, mip.STI <- 0b0)
mem[X,0x00000000800024C8] -> 0xF463
mem[X,0x00000000800024CA] -> 0x00B3
[1984] [M]: 0x00000000800024C8 (0x00B3F463) bgeu x7, x11, 0x8                       vmem_adj_Mtval+12

mem[X,0x00000000800024CC] -> 0xF063
mem[X,0x00000000800024CE] -> 0x0483
[1985] [M]: 0x00000000800024CC (0x0483F063) bgeu x7, x8, 0x40                       vmem_adj_Mtval+16

clint mtime 0x00000000000003E1 (mip.MTI <- 0b1, mip.STI <- 0b0)
mem[X,0x000000008000250C] -> 0x8433
mem[X,0x000000008000250E] -> 0x4083
[1986] [M]: 0x000000008000250C (0x40838433) sub x8, x7, x8                          adj_Mtval+0
x8 <- 0x0000000000001C4C

mem[X,0x0000000080002510] -> 0x3C23
mem[X,0x0000000080002512] -> 0x0083
[1987] [M]: 0x0000000080002510 (0x00833C23) sd x8, 0x18(x6)                         sv_Mtval+0
mem[W,0x0000000080007578] <- 0x0000000000001C4C

clint mtime 0x00000000000003E2 (mip.MTI <- 0b1, mip.STI <- 0b0)
mem[X,0x0000000080002514] -> 0x3483
mem[X,0x0000000080002516] -> 0x2181
[1988] [M]: 0x0000000080002514 (0x21813483) ld x9, 0x218(x2)                        skp_Mtval+0
mem[R,0x0000000080006218] -> 0x0000000080007580
x9 <- 0x0000000080007580

mem[X,0x0000000080002518] -> 0x3383
mem[X,0x000000008000251A] -> 0x1F81
[1989] [M]: 0x0000000080002518 (0x1F813383) ld x7, 0x1f8(x2)                        skp_Mtval+4
mem[R,0x00000000800061F8] -> 0x0000000080007210
x7 <- 0x0000000080007210

clint mtime 0x00000000000003E3 (mip.MTI <- 0b1, mip.STI <- 0b0)
mem[X,0x000000008000251C] -> 0x3303
mem[X,0x000000008000251E] -> 0x2001
[1990] [M]: 0x000000008000251C (0x20013303) ld x6, 0x200(x2)                        skp_Mtval+8
mem[R,0x0000000080006200] -> 0x0000000000000A20
x6 <- 0x0000000000000A20

mem[X,0x0000000080002520] -> 0x0333
mem[X,0x0000000080002522] -> 0x0073
[1991] [M]: 0x0000000080002520 (0x00730333) add x6, x6, x7                          skp_Mtval+12
x6 <- 0x0000000080007C30

clint mtime 0x00000000000003E4 (mip.MTI <- 0b1, mip.STI <- 0b0)
mem[X,0x0000000080002524] -> 0x6AE3
mem[X,0x0000000080002526] -> 0xAE93
[1992] [M]: 0x0000000080002524 (0xAE936AE3) bltu x6, x9, -0x50c                     skp_Mtval+16

mem[X,0x0000000080002528] -> 0x0393
mem[X,0x000000008000252A] -> 0x2000
[1993] [M]: 0x0000000080002528 (0x20000393) addi x7, x0, 0x200                      skp_Mtval+20
x7 <- 0x0000000000000200

clint mtime 0x00000000000003E5 (mip.MTI <- 0b1, mip.STI <- 0b0)
mem[X,0x000000008000252C] -> 0x006F
mem[X,0x000000008000252E] -> 0x0400
[1994] [M]: 0x000000008000252C (0x0400006F) jal x0, 0x40                            skp_Mtval+24

mem[X,0x000000008000256C] -> 0x0417
mem[X,0x000000008000256E] -> 0x0000
[1995] [M]: 0x000000008000256C (0x00000417) auipc x8, 0x0                           spcl_Mhandler+0
x8 <- 0x000000008000256C

clint mtime 0x00000000000003E6 (mip.MTI <- 0b1, mip.STI <- 0b0)
mem[X,0x0000000080002570] -> 0x0413
mem[X,0x0000000080002572] -> 0x03C4
[1996] [M]: 0x0000000080002570 (0x03C40413) addi x8, x8, 0x3c                       spcl_Mhandler+4
x8 <- 0x00000000800025A8

mem[X,0x0000000080002574] -> 0x0433
mem[X,0x0000000080002576] -> 0x0074
[1997] [M]: 0x0000000080002574 (0x00740433) add x8, x8, x7                          spcl_Mhandler+8
x8 <- 0x00000000800027A8

clint mtime 0x00000000000003E7 (mip.MTI <- 0b1, mip.STI <- 0b0)
mem[X,0x0000000080002578] -> 0x1393
mem[X,0x000000008000257A] -> 0x0035
[1998] [M]: 0x0000000080002578 (0x00351393) slli x7, x10, 0x3                       spcl_Mhandler+12
x7 <- 0x0000000000000028

mem[X,0x000000008000257C] -> 0x0433
mem[X,0x000000008000257E] -> 0x0074
[1999] [M]: 0x000000008000257C (0x00740433) add x8, x8, x7                          spcl_Mhandler+16
x8 <- 0x00000000800027D0

clint mtime 0x00000000000003E8 (mip.MTI <- 0b1, mip.STI <- 0b0)
mem[X,0x0000000080002580] -> 0x7413
mem[X,0x0000000080002582] -> 0xFF84
[2000] [M]: 0x0000000080002580 (0xFF847413) andi x8, x8, -0x8                       spcl_Mhandler+20
x8 <- 0x00000000800027D0

mem[X,0x0000000080002584] -> 0x3403
mem[X,0x0000000080002586] -> 0x0004
[2001] [M]: 0x0000000080002584 (0x00043403) ld x8, 0x0(x8)                          spcl_Mhandler+24
mem[R,0x00000000800027D0] -> 0x000000000000000B
x8 <- 0x000000000000000B

clint mtime 0x00000000000003E9 (mip.MTI <- 0b1, mip.STI <- 0b0)
mem[X,0x0000000080002588] -> 0x02E3
mem[X,0x000000008000258A] -> 0xB204
[2002] [M]: 0x0000000080002588 (0xB20402E3) beq x8, x0, -0x4dc                      spcl_Mdispatch_hndling+0

mem[X,0x000000008000258C] -> 0x1393
mem[X,0x000000008000258E] -> 0x03F4
[2003] [M]: 0x000000008000258C (0x03F41393) slli x7, x8, 0x3f                       spcl_Mdispatch_hndling+4
x7 <- 0x8000000000000000

clint mtime 0x00000000000003EA (mip.MTI <- 0b1, mip.STI <- 0b0)
mem[X,0x0000000080002590] -> 0xD863
mem[X,0x0000000080002592] -> 0x0003
[2004] [M]: 0x0000000080002590 (0x0003D863) bge x7, x0, 0x10                        spcl_Mdispatch_hndling+8

mem[X,0x0000000080002594] -> 0x5413
mem[X,0x0000000080002596] -> 0x0014
[2005] [M]: 0x0000000080002594 (0x00145413) srli x8, x8, 0x1                        spcl_Mdispatch_hndling+12
x8 <- 0x0000000000000005

clint mtime 0x00000000000003EB (mip.MTI <- 0b1, mip.STI <- 0b0)
mem[X,0x0000000080002598] -> 0x0CE3
mem[X,0x000000008000259A] -> 0xF885
[2006] [M]: 0x0000000080002598 (0xF8850CE3) beq x10, x8, -0x68                      spcl_Mdispatch_hndling+16

mem[X,0x0000000080002530] -> 0x3303
mem[X,0x0000000080002532] -> 0x2601
[2007] [M]: 0x0000000080002530 (0x26013303) ld x6, 0x260(x2)                        resto_Mrtn+0
mem[R,0x0000000080006260] -> 0x000000001FDDB7D5
x6 <- 0x000000001FDDB7D5

clint mtime 0x00000000000003EC (mip.MTI <- 0b1, mip.STI <- 0b0)
mem[X,0x0000000080002534] -> 0x3383
mem[X,0x0000000080002536] -> 0x2681
[2008] [M]: 0x0000000080002534 (0x26813383) ld x7, 0x268(x2)                        resto_Mrtn+4
mem[R,0x0000000080006268] -> 0x00000000003FBB6F
x7 <- 0x00000000003FBB6F

mem[X,0x0000000080002538] -> 0x3403
mem[X,0x000000008000253A] -> 0x2701
[2009] [M]: 0x0000000080002538 (0x27013403) ld x8, 0x270(x2)                        resto_Mrtn+8
mem[R,0x0000000080006270] -> 0x0000000000007F76
x8 <- 0x0000000000007F76

clint mtime 0x00000000000003ED (mip.MTI <- 0b1, mip.STI <- 0b0)
mem[X,0x000000008000253C] -> 0x3483
mem[X,0x000000008000253E] -> 0x2781
[2010] [M]: 0x000000008000253C (0x27813483) ld x9, 0x278(x2)                        resto_Mrtn+12
mem[R,0x0000000080006278] -> 0x00000000000000FE
x9 <- 0x00000000000000FE

mem[X,0x0000000080002540] -> 0x3503
mem[X,0x0000000080002542] -> 0x2801
[2011] [M]: 0x0000000080002540 (0x28013503) ld x10, 0x280(x2)                       resto_Mrtn+16
mem[R,0x0000000080006280] -> 0x0000000000000001
x10 <- 0x0000000000000001

clint mtime 0x00000000000003EE (mip.MTI <- 0b1, mip.STI <- 0b0)
mem[X,0x0000000080002544] -> 0x3583
mem[X,0x0000000080002546] -> 0x2881
[2012] [M]: 0x0000000080002544 (0x28813583) ld x11, 0x288(x2)                       resto_Mrtn+20
mem[R,0x0000000080006288] -> 0x0000000000000000
x11 <- 0x0000000000000000

mem[X,0x0000000080002548] -> 0x3103
mem[X,0x000000008000254A] -> 0x2901
[2013] [M]: 0x0000000080002548 (0x29013103) ld x2, 0x290(x2)                        resto_Mrtn+24
mem[R,0x0000000080006290] -> 0x01FDDB7D5BFDDB7F
x2 <- 0x01FDDB7D5BFDDB7F

clint mtime 0x00000000000003EF (mip.MTI <- 0b1, mip.STI <- 0b0)
mem[X,0x000000008000254C] -> 0x0073
mem[X,0x000000008000254E] -> 0x3020
[2014] [M]: 0x000000008000254C (0x30200073) mret                                    resto_Mrtn+28
CSR mstatus (0x300) <- 0x0000000A00000080
ret-ing from M to M

mem[X,0x0000000080000B28] -> 0x0013
mem[X,0x0000000080000B2A] -> 0x0000
[2015] [M]: 0x0000000080000B28 (0x00000013) addi x0, x0, 0x0                        main+1864

clint mtime 0x00000000000003F0 (mip.MTI <- 0b1, mip.STI <- 0b0)
mem[X,0x0000000080000B2C] -> 0xB823
mem[X,0x0000000080000B2E] -> 0x0EE6
[2016] [M]: 0x0000000080000B2C (0x0EE6B823) sd x14, 0xf0(x13)                       main+1868
mem[W,0x0000000080007308] <- 0x0000000000000013

mem[X,0x0000000080000B30] -> 0x8793
mem[X,0x0000000080000B32] -> 0xFFC7
[2017] [M]: 0x0000000080000B30 (0xFFC78793) addi x15, x15, -0x4                     main+1872
x15 <- 0x0000000080001FFC

clint mtime 0x00000000000003F1 (mip.MTI <- 0b1, mip.STI <- 0b0)
mem[X,0x0000000080000B34] -> 0xA703
mem[X,0x0000000080000B36] -> 0x0007
[2018] [M]: 0x0000000080000B34 (0x0007A703) lw x14, 0x0(x15)                        main+1876
mem[R,0x0000000080001FFC] -> 0x00000013
x14 <- 0x0000000000000013

mem[X,0x0000000080000B38] -> 0x0013
mem[X,0x0000000080000B3A] -> 0x0000
[2019] [M]: 0x0000000080000B38 (0x00000013) addi x0, x0, 0x0                        main+1880

clint mtime 0x00000000000003F2 (mip.MTI <- 0b1, mip.STI <- 0b0)
mem[X,0x0000000080000B3C] -> 0x0013
mem[X,0x0000000080000B3E] -> 0x0000
[2020] [M]: 0x0000000080000B3C (0x00000013) addi x0, x0, 0x0                        main+1884

mem[X,0x0000000080000B40] -> 0xBC23
mem[X,0x0000000080000B42] -> 0x0EE6
[2021] [M]: 0x0000000080000B40 (0x0EE6BC23) sd x14, 0xf8(x13)                       main+1888
mem[W,0x0000000080007310] <- 0x0000000000000013

clint mtime 0x00000000000003F3 (mip.MTI <- 0b1, mip.STI <- 0b0)
mem[X,0x0000000080000B44] -> 0x8793
mem[X,0x0000000080000B46] -> 0x0087
[2022] [M]: 0x0000000080000B44 (0x00878793) addi x15, x15, 0x8                      main+1892
x15 <- 0x0000000080002004

mem[X,0x0000000080000B48] -> 0xA703
mem[X,0x0000000080000B4A] -> 0x0007
[2023] [M]: 0x0000000080000B48 (0x0007A703) lw x14, 0x0(x15)                        main+1896
mem[R,0x0000000080002004] -> 0x00000013
x14 <- 0x0000000000000013

clint mtime 0x00000000000003F4 (mip.MTI <- 0b1, mip.STI <- 0b0)
mem[X,0x0000000080000B4C] -> 0x0013
mem[X,0x0000000080000B4E] -> 0x0000
[2024] [M]: 0x0000000080000B4C (0x00000013) addi x0, x0, 0x0                        main+1900

mem[X,0x0000000080000B50] -> 0x0013
mem[X,0x0000000080000B52] -> 0x0000
[2025] [M]: 0x0000000080000B50 (0x00000013) addi x0, x0, 0x0                        main+1904

clint mtime 0x00000000000003F5 (mip.MTI <- 0b1, mip.STI <- 0b0)
mem[X,0x0000000080000B54] -> 0xB023
mem[X,0x0000000080000B56] -> 0x10E6
[2026] [M]: 0x0000000080000B54 (0x10E6B023) sd x14, 0x100(x13)                      main+1908
mem[W,0x0000000080007318] <- 0x0000000000000013

mem[X,0x0000000080000B58] -> 0x0013
mem[X,0x0000000080000B5A] -> 0x0000
[2027] [M]: 0x0000000080000B58 (0x00000013) addi x0, x0, 0x0                        main+1912

clint mtime 0x00000000000003F6 (mip.MTI <- 0b1, mip.STI <- 0b0)
mem[X,0x0000000080000B5C] -> 0x0013
mem[X,0x0000000080000B5E] -> 0x0000
[2028] [M]: 0x0000000080000B5C (0x00000013) addi x0, x0, 0x0                        main+1916

mem[X,0x0000000080000B60] -> 0x12B7
mem[X,0x0000000080000B62] -> 0x2000
[2029] [M]: 0x0000000080000B60 (0x200012B7) lui x5, 0x20001                         main+1920
x5 <- 0x0000000020001000

clint mtime 0x00000000000003F7 (mip.MTI <- 0b1, mip.STI <- 0b0)
mem[X,0x0000000080000B64] -> 0x829B
mem[X,0x0000000080000B66] -> 0x8002
[2030] [M]: 0x0000000080000B64 (0x8002829B) addiw x5, x5, -0x800                    main+1924
x5 <- 0x0000000020000800

mem[X,0x0000000080000B68] -> 0x0001
[2031] [M]: 0x0000000080000B68 (0x0001) c.nop                                       main+1928

clint mtime 0x00000000000003F8 (mip.MTI <- 0b1, mip.STI <- 0b0)
mem[X,0x0000000080000B6A] -> 0x0013
mem[X,0x0000000080000B6C] -> 0x0000
[2032] [M]: 0x0000000080000B6A (0x00000013) addi x0, x0, 0x0                        main+1930

mem[X,0x0000000080000B6E] -> 0x0013
mem[X,0x0000000080000B70] -> 0x0000
[2033] [M]: 0x0000000080000B6E (0x00000013) addi x0, x0, 0x0                        main+1934

clint mtime 0x00000000000003F9 (mip.MTI <- 0b1, mip.STI <- 0b0)
mem[X,0x0000000080000B72] -> 0x0013
mem[X,0x0000000080000B74] -> 0x0000
[2034] [M]: 0x0000000080000B72 (0x00000013) addi x0, x0, 0x0                        main+1938

mem[X,0x0000000080000B76] -> 0x0013
mem[X,0x0000000080000B78] -> 0x0000
[2035] [M]: 0x0000000080000B76 (0x00000013) addi x0, x0, 0x0                        main+1942

clint mtime 0x00000000000003FA (mip.MTI <- 0b1, mip.STI <- 0b0)
mem[X,0x0000000080000B7A] -> 0x0013
mem[X,0x0000000080000B7C] -> 0x0000
[2036] [M]: 0x0000000080000B7A (0x00000013) addi x0, x0, 0x0                        main+1946

mem[X,0x0000000080000B7E] -> 0x0001
[2037] [M]: 0x0000000080000B7E (0x0001) c.nop                                       main+1950

clint mtime 0x00000000000003FB (mip.MTI <- 0b1, mip.STI <- 0b0)
mem[X,0x0000000080000B80] -> 0x9073
mem[X,0x0000000080000B82] -> 0x3B32
[2038] [M]: 0x0000000080000B80 (0x3B329073) csrrw x0, pmpaddr3, x5                  main+1952
CSR pmpaddr3 (0x3B3) <- 0x0000000020000800

mem[X,0x0000000080000B84] -> 0x0213
mem[X,0x0000000080000B86] -> 0x0090
[2039] [M]: 0x0000000080000B84 (0x00900213) addi x4, x0, 0x9                        main+1956
x4 <- 0x0000000000000009

clint mtime 0x00000000000003FC (mip.MTI <- 0b1, mip.STI <- 0b0)
mem[X,0x0000000080000B88] -> 0x1213
mem[X,0x0000000080000B8A] -> 0x01C2
[2040] [M]: 0x0000000080000B88 (0x01C21213) slli x4, x4, 0x1c                       main+1960
x4 <- 0x0000000090000000

mem[X,0x0000000080000B8C] -> 0x1073
mem[X,0x0000000080000B8E] -> 0x3A02
[2041] [M]: 0x0000000080000B8C (0x3A021073) csrrw x0, pmpcfg0, x4                   main+1964
CSR pmpcfg0 (0x3A0) <- 0x9090909090000000

clint mtime 0x00000000000003FD (mip.MTI <- 0b1, mip.STI <- 0b0)
mem[X,0x0000000080000B90] -> 0x0013
mem[X,0x0000000080000B92] -> 0x0000
[2042] [M]: 0x0000000080000B90 (0x00000013) addi x0, x0, 0x0                        main+1968

mem[X,0x0000000080000B94] -> 0x0013
mem[X,0x0000000080000B96] -> 0x0000
[2043] [M]: 0x0000000080000B94 (0x00000013) addi x0, x0, 0x0                        main+1972

clint mtime 0x00000000000003FE (mip.MTI <- 0b1, mip.STI <- 0b0)
mem[X,0x0000000080000B98] -> 0x0013
mem[X,0x0000000080000B9A] -> 0x0000
[2044] [M]: 0x0000000080000B98 (0x00000013) addi x0, x0, 0x0                        main+1976

mem[X,0x0000000080000B9C] -> 0x0013
mem[X,0x0000000080000B9E] -> 0x0000
[2045] [M]: 0x0000000080000B9C (0x00000013) addi x0, x0, 0x0                        main+1980

clint mtime 0x00000000000003FF (mip.MTI <- 0b1, mip.STI <- 0b0)
mem[X,0x0000000080000BA0] -> 0x1797
mem[X,0x0000000080000BA2] -> 0x0000
[2046] [M]: 0x0000000080000BA0 (0x00001797) auipc x15, 0x1                          main+1984
x15 <- 0x0000000080001BA0

mem[X,0x0000000080000BA4] -> 0x8793
mem[X,0x0000000080000BA6] -> 0x4607
[2047] [M]: 0x0000000080000BA4 (0x46078793) addi x15, x15, 0x460                    main+1988
x15 <- 0x0000000080002000

clint mtime 0x0000000000000400 (mip.MTI <- 0b1, mip.STI <- 0b0)
mem[X,0x0000000080000BA8] -> 0x0001
[2048] [M]: 0x0000000080000BA8 (0x0001) c.nop                                       main+1992

mem[X,0x0000000080000BAA] -> 0x0013
mem[X,0x0000000080000BAC] -> 0x0000
[2049] [M]: 0x0000000080000BAA (0x00000013) addi x0, x0, 0x0                        main+1994

clint mtime 0x0000000000000401 (mip.MTI <- 0b1, mip.STI <- 0b0)
mem[X,0x0000000080000BAE] -> 0x0013
mem[X,0x0000000080000BB0] -> 0x0000
[2050] [M]: 0x0000000080000BAE (0x00000013) addi x0, x0, 0x0                        main+1998

mem[X,0x0000000080000BB2] -> 0x0013
mem[X,0x0000000080000BB4] -> 0x0000
[2051] [M]: 0x0000000080000BB2 (0x00000013) addi x0, x0, 0x0                        main+2002

clint mtime 0x0000000000000402 (mip.MTI <- 0b1, mip.STI <- 0b0)
mem[X,0x0000000080000BB6] -> 0x0013
mem[X,0x0000000080000BB8] -> 0x0000
[2052] [M]: 0x0000000080000BB6 (0x00000013) addi x0, x0, 0x0                        main+2006

mem[X,0x0000000080000BBA] -> 0x0013
mem[X,0x0000000080000BBC] -> 0x0000
[2053] [M]: 0x0000000080000BBA (0x00000013) addi x0, x0, 0x0                        main+2010

clint mtime 0x0000000000000403 (mip.MTI <- 0b1, mip.STI <- 0b0)
mem[X,0x0000000080000BBE] -> 0x0001
[2054] [M]: 0x0000000080000BBE (0x0001) c.nop                                       main+2014

mem[X,0x0000000080000BC0] -> 0xA703
mem[X,0x0000000080000BC2] -> 0x0007
[2055] [M]: 0x0000000080000BC0 (0x0007A703) lw x14, 0x0(x15)                        main+2016
trapping from M to M to handle load-access-fault
handling exc#load-access-fault at priv M with tval 0x0000000080002000
CSR mstatus (0x300) <- 0x0000000A00001800
CSR mcause (0x342) <- 0x0000000000000005
CSR mtval (0x343) <- 0x0000000080002000
CSR mepc (0x341) <- 0x0000000080000BC0

clint mtime 0x0000000000000404 (mip.MTI <- 0b1, mip.STI <- 0b0)
mem[X,0x0000000080002100] -> 0x006F
mem[X,0x0000000080002102] -> 0x1000
[2056] [M]: 0x0000000080002100 (0x1000006F) jal x0, 0x100                           Mtrampoline+0

mem[X,0x0000000080002200] -> 0x1173
mem[X,0x0000000080002202] -> 0x3401
[2057] [M]: 0x0000000080002200 (0x34011173) csrrw x2, mscratch, x2                  trap_Mhandler+0
CSR mscratch (0x340) <- 0x01FDDB7D5BFDDB7F
x2 <- 0x0000000080006000

clint mtime 0x0000000000000405 (mip.MTI <- 0b1, mip.STI <- 0b0)
mem[X,0x0000000080002204] -> 0x3423
mem[X,0x0000000080002206] -> 0x28B1
[2058] [M]: 0x0000000080002204 (0x28B13423) sd x11, 0x288(x2)                       trap_Mhandler+4
mem[W,0x0000000080006288] <- 0x0000000000000000

mem[X,0x0000000080002208] -> 0x05EF
mem[X,0x000000008000220A] -> 0x0B80
[2059] [M]: 0x0000000080002208 (0x0B8005EF) jal x11, 0xb8                           trap_Mhandler+8
x11 <- 0x000000008000220C

clint mtime 0x0000000000000406 (mip.MTI <- 0b1, mip.STI <- 0b0)
mem[X,0x00000000800022C0] -> 0x3023
mem[X,0x00000000800022C2] -> 0x28A1
[2060] [M]: 0x00000000800022C0 (0x28A13023) sd x10, 0x280(x2)                       common_Mhandler+0
mem[W,0x0000000080006280] <- 0x0000000000000001

mem[X,0x00000000800022C4] -> 0x1573
mem[X,0x00000000800022C6] -> 0x3401
[2061] [M]: 0x00000000800022C4 (0x34011573) csrrw x10, mscratch, x2                 common_Mhandler+4
CSR mscratch (0x340) <- 0x0000000080006000
x10 <- 0x01FDDB7D5BFDDB7F

clint mtime 0x0000000000000407 (mip.MTI <- 0b1, mip.STI <- 0b0)
mem[X,0x00000000800022C8] -> 0x3823
mem[X,0x00000000800022CA] -> 0x28A1
[2062] [M]: 0x00000000800022C8 (0x28A13823) sd x10, 0x290(x2)                       common_Mhandler+8
mem[W,0x0000000080006290] <- 0x01FDDB7D5BFDDB7F

mem[X,0x00000000800022CC] -> 0x3503
mem[X,0x00000000800022CE] -> 0x2301
[2063] [M]: 0x00000000800022CC (0x23013503) ld x10, 0x230(x2)                       common_Mhandler+12
mem[R,0x0000000080006230] -> 0x00000000800022D4
x10 <- 0x00000000800022D4

clint mtime 0x0000000000000408 (mip.MTI <- 0b1, mip.STI <- 0b0)
mem[X,0x00000000800022D0] -> 0x0067
mem[X,0x00000000800022D2] -> 0x0005
[2064] [M]: 0x00000000800022D0 (0x00050067) jalr x0, 0x0(x10)                       common_Mhandler+16

mem[X,0x00000000800022D4] -> 0x3C23
mem[X,0x00000000800022D6] -> 0x2691
[2065] [M]: 0x00000000800022D4 (0x26913C23) sd x9, 0x278(x2)                        common_Mentry+0
mem[W,0x0000000080006278] <- 0x00000000000000FE

clint mtime 0x0000000000000409 (mip.MTI <- 0b1, mip.STI <- 0b0)
mem[X,0x00000000800022D8] -> 0x3823
mem[X,0x00000000800022DA] -> 0x2681
[2066] [M]: 0x00000000800022D8 (0x26813823) sd x8, 0x270(x2)                        common_Mentry+4
mem[W,0x0000000080006270] <- 0x0000000000007F76

mem[X,0x00000000800022DC] -> 0x3423
mem[X,0x00000000800022DE] -> 0x2671
[2067] [M]: 0x00000000800022DC (0x26713423) sd x7, 0x268(x2)                        common_Mentry+8
mem[W,0x0000000080006268] <- 0x00000000003FBB6F

clint mtime 0x000000000000040A (mip.MTI <- 0b1, mip.STI <- 0b0)
mem[X,0x00000000800022E0] -> 0x3023
mem[X,0x00000000800022E2] -> 0x2661
[2068] [M]: 0x00000000800022E0 (0x26613023) sd x6, 0x260(x2)                        common_Mentry+12
mem[W,0x0000000080006260] <- 0x000000001FDDB7D5

mem[X,0x00000000800022E4] -> 0x2573
mem[X,0x00000000800022E6] -> 0x3420
[2069] [M]: 0x00000000800022E4 (0x34202573) csrrs x10, mcause, x0                   spcl_M2mmode_test+0
CSR mcause (0x342) -> 0x0000000000000005
x10 <- 0x0000000000000005

clint mtime 0x000000000000040B (mip.MTI <- 0b1, mip.STI <- 0b0)
mem[X,0x00000000800022E8] -> 0x04B7
mem[X,0x00000000800022EA] -> 0x8000
[2070] [M]: 0x00000000800022E8 (0x800004B7) lui x9, -0x80000                        spcl_M2mmode_test+4
x9 <- 0xFFFFFFFF80000000

mem[X,0x00000000800022EC] -> 0x8493
mem[X,0x00000000800022EE] -> 0x0004
[2071] [M]: 0x00000000800022EC (0x00048493) addi x9, x9, 0x0                        spcl_M2mmode_test+8
x9 <- 0xFFFFFFFF80000000

clint mtime 0x000000000000040C (mip.MTI <- 0b1, mip.STI <- 0b0)
mem[X,0x00000000800022F0] -> 0x9493
mem[X,0x00000000800022F2] -> 0x00B4
[2072] [M]: 0x00000000800022F0 (0x00B49493) slli x9, x9, 0xb                        spcl_M2mmode_test+12
x9 <- 0xFFFFFC0000000000

mem[X,0x00000000800022F4] -> 0x8493
mem[X,0x00000000800022F6] -> 0x0004
[2073] [M]: 0x00000000800022F4 (0x00048493) addi x9, x9, 0x0                        spcl_M2mmode_test+16
x9 <- 0xFFFFFC0000000000

clint mtime 0x000000000000040D (mip.MTI <- 0b1, mip.STI <- 0b0)
mem[X,0x00000000800022F8] -> 0x9493
mem[X,0x00000000800022FA] -> 0x00B4
[2074] [M]: 0x00000000800022F8 (0x00B49493) slli x9, x9, 0xb                        spcl_M2mmode_test+20
x9 <- 0xFFE0000000000000

mem[X,0x00000000800022FC] -> 0x8493
mem[X,0x00000000800022FE] -> 0x0034
[2075] [M]: 0x00000000800022FC (0x00348493) addi x9, x9, 0x3                        spcl_M2mmode_test+24
x9 <- 0xFFE0000000000003

clint mtime 0x000000000000040E (mip.MTI <- 0b1, mip.STI <- 0b0)
mem[X,0x0000000080002300] -> 0x9493
mem[X,0x0000000080002302] -> 0x00A4
[2076] [M]: 0x0000000080002300 (0x00A49493) slli x9, x9, 0xa                        spcl_M2mmode_test+28
x9 <- 0x8000000000000C00

mem[X,0x0000000080002304] -> 0x8493
mem[X,0x0000000080002306] -> 0x3FC4
[2077] [M]: 0x0000000080002304 (0x3FC48493) addi x9, x9, 0x3fc                      spcl_M2mmode_test+32
x9 <- 0x8000000000000FFC

clint mtime 0x000000000000040F (mip.MTI <- 0b1, mip.STI <- 0b0)
mem[X,0x0000000080002308] -> 0xF4B3
mem[X,0x000000008000230A] -> 0x00A4
[2078] [M]: 0x0000000080002308 (0x00A4F4B3) and x9, x9, x10                         spcl_M2mmode_test+36
x9 <- 0x0000000000000004

mem[X,0x000000008000230C] -> 0x8493
mem[X,0x000000008000230E] -> 0xFF84
[2079] [M]: 0x000000008000230C (0xFF848493) addi x9, x9, -0x8                       spcl_M2mmode_test+40
x9 <- 0xFFFFFFFFFFFFFFFC

clint mtime 0x0000000000000410 (mip.MTI <- 0b1, mip.STI <- 0b0)
mem[X,0x0000000080002310] -> 0x9663
mem[X,0x0000000080002312] -> 0x0004
[2080] [M]: 0x0000000080002310 (0x00049663) bne x9, x0, 0xc                         spcl_M2mmode_test+44

mem[X,0x000000008000231C] -> 0x0393
mem[X,0x000000008000231E] -> 0x0200
[2081] [M]: 0x000000008000231C (0x02000393) addi x7, x0, 0x20                       Mtrapsig_ptr_upd+0
x7 <- 0x0000000000000020

clint mtime 0x0000000000000411 (mip.MTI <- 0b1, mip.STI <- 0b0)
mem[X,0x0000000080002320] -> 0x5263
mem[X,0x0000000080002322] -> 0x0405
[2082] [M]: 0x0000000080002320 (0x04055263) bge x10, x0, 0x44                       Mtrapsig_ptr_upd+4

mem[X,0x0000000080002364] -> 0x2373
mem[X,0x0000000080002366] -> 0x3010
[2083] [M]: 0x0000000080002364 (0x30102373) csrrs x6, misa, x0                      Mxcpt_sig_sv+0
CSR misa (0x301) -> 0x800000000034112F
x6 <- 0x800000000034112F

clint mtime 0x0000000000000412 (mip.MTI <- 0b1, mip.STI <- 0b0)
mem[X,0x0000000080002368] -> 0x1313
mem[X,0x000000008000236A] -> 0x0383
[2084] [M]: 0x0000000080002368 (0x03831313) slli x6, x6, 0x38                       Mxcpt_sig_sv+4
x6 <- 0x2F00000000000000

mem[X,0x000000008000236C] -> 0x5463
mem[X,0x000000008000236E] -> 0x0003
[2085] [M]: 0x000000008000236C (0x00035463) bge x6, x0, 0x8                         Mxcpt_sig_sv+8

clint mtime 0x0000000000000413 (mip.MTI <- 0b1, mip.STI <- 0b0)
mem[X,0x0000000080002374] -> 0x3303
mem[X,0x0000000080002376] -> 0x2181
[2086] [M]: 0x0000000080002374 (0x21813303) ld x6, 0x218(x2)                        Mtrap_sig_sv+0
mem[R,0x0000000080006218] -> 0x0000000080007580
x6 <- 0x0000000080007580

mem[X,0x0000000080002378] -> 0x04B3
mem[X,0x000000008000237A] -> 0x0073
[2087] [M]: 0x0000000080002378 (0x007304B3) add x9, x6, x7                          Mtrap_sig_sv+4
x9 <- 0x00000000800075A0

clint mtime 0x0000000000000414 (mip.MTI <- 0b1, mip.STI <- 0b0)
mem[X,0x000000008000237C] -> 0x3C23
mem[X,0x000000008000237E] -> 0x2091
[2088] [M]: 0x000000008000237C (0x20913C23) sd x9, 0x218(x2)                        Mtrap_sig_sv+8
mem[W,0x0000000080006218] <- 0x00000000800075A0

mem[X,0x0000000080002380] -> 0x3403
mem[X,0x0000000080002382] -> 0x1F81
[2089] [M]: 0x0000000080002380 (0x1F813403) ld x8, 0x1f8(x2)                        Mtrap_sig_sv+12
mem[R,0x00000000800061F8] -> 0x0000000080007210
x8 <- 0x0000000080007210

clint mtime 0x0000000000000415 (mip.MTI <- 0b1, mip.STI <- 0b0)
mem[X,0x0000000080002384] -> 0x0333
mem[X,0x0000000080002386] -> 0x4083
[2090] [M]: 0x0000000080002384 (0x40830333) sub x6, x6, x8                          Mtrap_sig_sv+16
x6 <- 0x0000000000000370

mem[X,0x0000000080002388] -> 0x3403
mem[X,0x000000008000238A] -> 0x1F81
[2091] [M]: 0x0000000080002388 (0x1F813403) ld x8, 0x1f8(x2)                        Mtrap_sig_sv+20
mem[R,0x00000000800061F8] -> 0x0000000080007210
x8 <- 0x0000000080007210

clint mtime 0x0000000000000416 (mip.MTI <- 0b1, mip.STI <- 0b0)
mem[X,0x000000008000238C] -> 0x0333
mem[X,0x000000008000238E] -> 0x0083
[2092] [M]: 0x000000008000238C (0x00830333) add x6, x6, x8                          Mtrap_sig_sv+24
x6 <- 0x0000000080007580

mem[X,0x0000000080002390] -> 0x3403
mem[X,0x0000000080002392] -> 0x2401
[2093] [M]: 0x0000000080002390 (0x24013403) ld x8, 0x240(x2)                        Mtrap_sig_sv+28
mem[R,0x0000000080006240] -> 0x0000000080002100
x8 <- 0x0000000080002100

clint mtime 0x0000000000000417 (mip.MTI <- 0b1, mip.STI <- 0b0)
mem[X,0x0000000080002394] -> 0x85B3
mem[X,0x0000000080002396] -> 0x4085
[2094] [M]: 0x0000000080002394 (0x408585B3) sub x11, x11, x8                        sv_Mvect+0
x11 <- 0x000000000000010C

mem[X,0x0000000080002398] -> 0x9593
mem[X,0x000000008000239A] -> 0x0045
[2095] [M]: 0x0000000080002398 (0x00459593) slli x11, x11, 0x4                      sv_Mvect+4
x11 <- 0x00000000000010C0

clint mtime 0x0000000000000418 (mip.MTI <- 0b1, mip.STI <- 0b0)
mem[X,0x000000008000239C] -> 0xE5B3
mem[X,0x000000008000239E] -> 0x0075
[2096] [M]: 0x000000008000239C (0x0075E5B3) or x11, x11, x7                         sv_Mvect+8
x11 <- 0x00000000000010E0

mem[X,0x00000000800023A0] -> 0x8593
mem[X,0x00000000800023A2] -> 0x0035
[2097] [M]: 0x00000000800023A0 (0x00358593) addi x11, x11, 0x3                      sv_Mvect+12
x11 <- 0x00000000000010E3

clint mtime 0x0000000000000419 (mip.MTI <- 0b1, mip.STI <- 0b0)
mem[X,0x00000000800023A4] -> 0x3023
mem[X,0x00000000800023A6] -> 0x00B3
[2098] [M]: 0x00000000800023A4 (0x00B33023) sd x11, 0x0(x6)                         sv_Mvect+16
mem[W,0x0000000080007580] <- 0x00000000000010E3

mem[X,0x00000000800023A8] -> 0x3423
mem[X,0x00000000800023AA] -> 0x00A3
[2099] [M]: 0x00000000800023A8 (0x00A33423) sd x10, 0x8(x6)                         sv_Mcause+0
mem[W,0x0000000080007588] <- 0x0000000000000005

clint mtime 0x000000000000041A (mip.MTI <- 0b1, mip.STI <- 0b0)
mem[X,0x00000000800023AC] -> 0x4263
mem[X,0x00000000800023AE] -> 0x1A05
[2100] [M]: 0x00000000800023AC (0x1A054263) blt x10, x0, 0x1a4                      sv_Mcause+4

mem[X,0x00000000800023B0] -> 0x25F3
mem[X,0x00000000800023B2] -> 0x3000
[2101] [M]: 0x00000000800023B0 (0x300025F3) csrrs x11, mstatus, x0                  common_Mexcpt_handler+0
CSR mstatus (0x300) -> 0x0000000A00001800
x11 <- 0x0000000A00001800

clint mtime 0x000000000000041B (mip.MTI <- 0b1, mip.STI <- 0b0)
mem[X,0x00000000800023B4] -> 0x9413
mem[X,0x00000000800023B6] -> 0x02E5
[2102] [M]: 0x00000000800023B4 (0x02E59413) slli x8, x11, 0x2e                      common_Mexcpt_handler+4
x8 <- 0x0600000000000000

mem[X,0x00000000800023B8] -> 0x5463
mem[X,0x00000000800023BA] -> 0x0004
[2103] [M]: 0x00000000800023B8 (0x00045463) bge x8, x0, 0x8                         common_Mexcpt_handler+8

clint mtime 0x000000000000041C (mip.MTI <- 0b1, mip.STI <- 0b0)
mem[X,0x00000000800023C0] -> 0xD493
mem[X,0x00000000800023C2] -> 0x00B5
[2104] [M]: 0x00000000800023C0 (0x00B5D493) srli x9, x11, 0xb                       common_Mexcpt_handler+16
x9 <- 0x0000000001400003

mem[X,0x00000000800023C4] -> 0xF493
mem[X,0x00000000800023C6] -> 0x0034
[2105] [M]: 0x00000000800023C4 (0x0034F493) andi x9, x9, 0x3                        common_Mexcpt_handler+20
x9 <- 0x0000000000000003

clint mtime 0x000000000000041D (mip.MTI <- 0b1, mip.STI <- 0b0)
mem[X,0x00000000800023C8] -> 0x8493
mem[X,0x00000000800023CA] -> 0x0014
[2106] [M]: 0x00000000800023C8 (0x00148493) addi x9, x9, 0x1                        common_Mexcpt_handler+24
x9 <- 0x0000000000000004

mem[X,0x00000000800023CC] -> 0xF493
mem[X,0x00000000800023CE] -> 0x0044
[2107] [M]: 0x00000000800023CC (0x0044F493) andi x9, x9, 0x4                        common_Mexcpt_handler+28
x9 <- 0x0000000000000004

clint mtime 0x000000000000041E (mip.MTI <- 0b1, mip.STI <- 0b0)
mem[X,0x00000000800023D0] -> 0x0593
mem[X,0x00000000800023D2] -> 0x05D0
[2108] [M]: 0x00000000800023D0 (0x05D00593) addi x11, x0, 0x5d                      common_Mexcpt_handler+32
x11 <- 0x000000000000005D

mem[X,0x00000000800023D4] -> 0xD5B3
mem[X,0x00000000800023D6] -> 0x0095
[2109] [M]: 0x00000000800023D4 (0x0095D5B3) srl x11, x11, x9                        common_Mexcpt_handler+36
x11 <- 0x0000000000000005

clint mtime 0x000000000000041F (mip.MTI <- 0b1, mip.STI <- 0b0)
mem[X,0x00000000800023D8] -> 0xF593
mem[X,0x00000000800023DA] -> 0x0015
[2110] [M]: 0x00000000800023D8 (0x0015F593) andi x11, x11, 0x1                      common_Mexcpt_handler+40
x11 <- 0x0000000000000001

mem[X,0x00000000800023DC] -> 0x8EE3
mem[X,0x00000000800023DE] -> 0xF405
[2111] [M]: 0x00000000800023DC (0xF4058EE3) beq x11, x0, -0xa4                      common_Mexcpt_handler+44

clint mtime 0x0000000000000420 (mip.MTI <- 0b1, mip.STI <- 0b0)
mem[X,0x00000000800023E0] -> 0x0593
mem[X,0x00000000800023E2] -> 0x2980
[2112] [M]: 0x00000000800023E0 (0x29800593) addi x11, x0, 0x298                     common_Mexcpt_handler+48
x11 <- 0x0000000000000298

mem[X,0x00000000800023E4] -> 0xF413
mem[X,0x00000000800023E6] -> 0x0014
[2113] [M]: 0x00000000800023E4 (0x0014F413) andi x8, x9, 0x1                        common_Mexcpt_handler+52
x8 <- 0x0000000000000000

clint mtime 0x0000000000000421 (mip.MTI <- 0b1, mip.STI <- 0b0)
mem[X,0x00000000800023E8] -> 0x95B3
mem[X,0x00000000800023EA] -> 0x0085
[2114] [M]: 0x00000000800023E8 (0x008595B3) sll x11, x11, x8                        common_Mexcpt_handler+56
x11 <- 0x0000000000000298

mem[X,0x00000000800023EC] -> 0x9413
mem[X,0x00000000800023EE] -> 0x03D4
[2115] [M]: 0x00000000800023EC (0x03D49413) slli x8, x9, 0x3d                       common_Mexcpt_handler+60
x8 <- 0x8000000000000000

clint mtime 0x0000000000000422 (mip.MTI <- 0b1, mip.STI <- 0b0)
mem[X,0x00000000800023F0] -> 0x5413
mem[X,0x00000000800023F2] -> 0x43F4
[2116] [M]: 0x00000000800023F0 (0x43F45413) srai x8, x8, 0x3f                       common_Mexcpt_handler+64
x8 <- 0xFFFFFFFFFFFFFFFF

mem[X,0x00000000800023F4] -> 0x4413
mem[X,0x00000000800023F6] -> 0xFFF4
[2117] [M]: 0x00000000800023F4 (0xFFF44413) xori x8, x8, -0x1                       common_Mexcpt_handler+68
x8 <- 0x0000000000000000

clint mtime 0x0000000000000423 (mip.MTI <- 0b1, mip.STI <- 0b0)
mem[X,0x00000000800023F8] -> 0xF4B3
mem[X,0x00000000800023FA] -> 0x0085
[2118] [M]: 0x00000000800023F8 (0x0085F4B3) and x9, x11, x8                         common_Mexcpt_handler+72
x9 <- 0x0000000000000000

mem[X,0x00000000800023FC] -> 0x84B3
mem[X,0x00000000800023FE] -> 0x0024
[2119] [M]: 0x00000000800023FC (0x002484B3) add x9, x9, x2                          vmem_adj_Mepc+0
x9 <- 0x0000000080006000

clint mtime 0x0000000000000424 (mip.MTI <- 0b1, mip.STI <- 0b0)
mem[X,0x0000000080002400] -> 0x23F3
mem[X,0x0000000080002402] -> 0x3410
[2120] [M]: 0x0000000080002400 (0x341023F3) csrrs x7, mepc, x0                      vmem_adj_Mepc+4
CSR mepc (0x341) -> 0x0000000080000BC0
x7 <- 0x0000000080000BC0

mem[X,0x0000000080002404] -> 0x0413
mem[X,0x0000000080002406] -> 0x0004
[2121] [M]: 0x0000000080002404 (0x00040413) addi x8, x8, 0x0                        vmem_adj_Mepc+8
x8 <- 0x0000000000000000

clint mtime 0x0000000000000425 (mip.MTI <- 0b1, mip.STI <- 0b0)
mem[X,0x0000000080002408] -> 0x006F
mem[X,0x000000008000240A] -> 0x0400
[2122] [M]: 0x0000000080002408 (0x0400006F) jal x0, 0x40                            vmem_adj_Mepc+12

mem[X,0x0000000080002448] -> 0x8433
mem[X,0x000000008000244A] -> 0x4083
[2123] [M]: 0x0000000080002448 (0x40838433) sub x8, x7, x8                          adj_Mepc+0
x8 <- 0x0000000080000BC0

clint mtime 0x0000000000000426 (mip.MTI <- 0b1, mip.STI <- 0b0)
mem[X,0x000000008000244C] -> 0x3823
mem[X,0x000000008000244E] -> 0x0083
[2124] [M]: 0x000000008000244C (0x00833823) sd x8, 0x10(x6)                         sv_Mepc+0
mem[W,0x0000000080007590] <- 0x0000000080000BC0

mem[X,0x0000000080002450] -> 0x55B7
mem[X,0x0000000080002452] -> 0x0000
[2125] [M]: 0x0000000080002450 (0x000055B7) lui x11, 0x5                            sv_Mepc+4
x11 <- 0x0000000000005000

clint mtime 0x0000000000000427 (mip.MTI <- 0b1, mip.STI <- 0b0)
mem[X,0x0000000080002454] -> 0x8593
mem[X,0x0000000080002456] -> 0x6675
[2126] [M]: 0x0000000080002454 (0x66758593) addi x11, x11, 0x667                    sv_Mepc+8
x11 <- 0x0000000000005667

mem[X,0x0000000080002458] -> 0x9593
mem[X,0x000000008000245A] -> 0x0015
[2127] [M]: 0x0000000080002458 (0x00159593) slli x11, x11, 0x1                      sv_Mepc+12
x11 <- 0x000000000000ACCE

clint mtime 0x0000000000000428 (mip.MTI <- 0b1, mip.STI <- 0b0)
mem[X,0x000000008000245C] -> 0x9063
mem[X,0x000000008000245E] -> 0x02B1
[2128] [M]: 0x000000008000245C (0x02B19063) bne x3, x11, 0x20                       sv_Mepc+16

mem[X,0x000000008000247C] -> 0xF593
mem[X,0x000000008000247E] -> 0xFFC3
[2129] [M]: 0x000000008000247C (0xFFC3F593) andi x11, x7, -0x4                      adj_Mepc_rtn+0
x11 <- 0x0000000080000BC0

clint mtime 0x0000000000000429 (mip.MTI <- 0b1, mip.STI <- 0b0)
mem[X,0x0000000080002480] -> 0x8593
mem[X,0x0000000080002482] -> 0x0085
[2130] [M]: 0x0000000080002480 (0x00858593) addi x11, x11, 0x8                      adj_Mepc_rtn+4
x11 <- 0x0000000080000BC8

mem[X,0x0000000080002484] -> 0x9073
mem[X,0x0000000080002486] -> 0x3415
[2131] [M]: 0x0000000080002484 (0x34159073) csrrw x0, mepc, x11                     adj_Mepc_rtn+8
CSR mepc (0x341) <- 0x0000000080000BC8

clint mtime 0x000000000000042A (mip.MTI <- 0b1, mip.STI <- 0b0)
mem[X,0x0000000080002488] -> 0x23F3
mem[X,0x000000008000248A] -> 0x3430
[2132] [M]: 0x0000000080002488 (0x343023F3) csrrs x7, mtval, x0                     skp_adj_Mepc+0
CSR mtval (0x343) -> 0x0000000080002000
x7 <- 0x0000000080002000

mem[X,0x000000008000248C] -> 0x7513
mem[X,0x000000008000248E] -> 0x00F5
[2133] [M]: 0x000000008000248C (0x00F57513) andi x10, x10, 0xf                      chk_Mtval+0
x10 <- 0x0000000000000005

clint mtime 0x000000000000042B (mip.MTI <- 0b1, mip.STI <- 0b0)
mem[X,0x0000000080002490] -> 0x0437
mem[X,0x0000000080002492] -> 0x0000
[2134] [M]: 0x0000000080002490 (0x00000437) lui x8, 0x0                             chk_Mtval+4
x8 <- 0x0000000000000000

mem[X,0x0000000080002494] -> 0x0413
mem[X,0x0000000080002496] -> 0x0004
[2135] [M]: 0x0000000080002494 (0x00040413) addi x8, x8, 0x0                        chk_Mtval+8
x8 <- 0x0000000000000000

clint mtime 0x000000000000042C (mip.MTI <- 0b1, mip.STI <- 0b0)
mem[X,0x0000000080002498] -> 0x1413
mem[X,0x000000008000249A] -> 0x00B4
[2136] [M]: 0x0000000080002498 (0x00B41413) slli x8, x8, 0xb                        chk_Mtval+12
x8 <- 0x0000000000000000

mem[X,0x000000008000249C] -> 0x0413
mem[X,0x000000008000249E] -> 0x0004
[2137] [M]: 0x000000008000249C (0x00040413) addi x8, x8, 0x0                        chk_Mtval+16
x8 <- 0x0000000000000000

clint mtime 0x000000000000042D (mip.MTI <- 0b1, mip.STI <- 0b0)
mem[X,0x00000000800024A0] -> 0x1413
mem[X,0x00000000800024A2] -> 0x00B4
[2138] [M]: 0x00000000800024A0 (0x00B41413) slli x8, x8, 0xb                        chk_Mtval+20
x8 <- 0x0000000000000000

mem[X,0x00000000800024A4] -> 0x0413
mem[X,0x00000000800024A6] -> 0x02C4
[2139] [M]: 0x00000000800024A4 (0x02C40413) addi x8, x8, 0x2c                       chk_Mtval+24
x8 <- 0x000000000000002C

clint mtime 0x000000000000042E (mip.MTI <- 0b1, mip.STI <- 0b0)
mem[X,0x00000000800024A8] -> 0x1413
mem[X,0x00000000800024AA] -> 0x00A4
[2140] [M]: 0x00000000800024A8 (0x00A41413) slli x8, x8, 0xa                        chk_Mtval+28
x8 <- 0x000000000000B000

mem[X,0x00000000800024AC] -> 0x0413
mem[X,0x00000000800024AE] -> 0x0FB4
[2141] [M]: 0x00000000800024AC (0x0FB40413) addi x8, x8, 0xfb                       chk_Mtval+32
x8 <- 0x000000000000B0FB

clint mtime 0x000000000000042F (mip.MTI <- 0b1, mip.STI <- 0b0)
mem[X,0x00000000800024B0] -> 0x5433
mem[X,0x00000000800024B2] -> 0x00A4
[2142] [M]: 0x00000000800024B0 (0x00A45433) srl x8, x8, x10                         chk_Mtval+36
x8 <- 0x0000000000000587

mem[X,0x00000000800024B4] -> 0x1413
mem[X,0x00000000800024B6] -> 0x03F4
[2143] [M]: 0x00000000800024B4 (0x03F41413) slli x8, x8, 0x3f                       chk_Mtval+40
x8 <- 0x8000000000000000

clint mtime 0x0000000000000430 (mip.MTI <- 0b1, mip.STI <- 0b0)
mem[X,0x00000000800024B8] -> 0x5C63
mem[X,0x00000000800024BA] -> 0x0404
[2144] [M]: 0x00000000800024B8 (0x04045C63) bge x8, x0, 0x58                        chk_Mtval+44

mem[X,0x00000000800024BC] -> 0xB403
mem[X,0x00000000800024BE] -> 0x2084
[2145] [M]: 0x00000000800024BC (0x2084B403) ld x8, 0x208(x9)                        vmem_adj_Mtval+0
mem[R,0x0000000080006208] -> 0x00000000800003B4
x8 <- 0x00000000800003B4

clint mtime 0x0000000000000431 (mip.MTI <- 0b1, mip.STI <- 0b0)
mem[X,0x00000000800024C0] -> 0xB583
mem[X,0x00000000800024C2] -> 0x2104
[2146] [M]: 0x00000000800024C0 (0x2104B583) ld x11, 0x210(x9)                       vmem_adj_Mtval+4
mem[R,0x0000000080006210] -> 0x0000000000001C5C
x11 <- 0x0000000000001C5C

mem[X,0x00000000800024C4] -> 0x85B3
mem[X,0x00000000800024C6] -> 0x0085
[2147] [M]: 0x00000000800024C4 (0x008585B3) add x11, x11, x8                        vmem_adj_Mtval+8
x11 <- 0x0000000080002010

clint mtime 0x0000000000000432 (mip.MTI <- 0b1, mip.STI <- 0b0)
mem[X,0x00000000800024C8] -> 0xF463
mem[X,0x00000000800024CA] -> 0x00B3
[2148] [M]: 0x00000000800024C8 (0x00B3F463) bgeu x7, x11, 0x8                       vmem_adj_Mtval+12

mem[X,0x00000000800024CC] -> 0xF063
mem[X,0x00000000800024CE] -> 0x0483
[2149] [M]: 0x00000000800024CC (0x0483F063) bgeu x7, x8, 0x40                       vmem_adj_Mtval+16

clint mtime 0x0000000000000433 (mip.MTI <- 0b1, mip.STI <- 0b0)
mem[X,0x000000008000250C] -> 0x8433
mem[X,0x000000008000250E] -> 0x4083
[2150] [M]: 0x000000008000250C (0x40838433) sub x8, x7, x8                          adj_Mtval+0
x8 <- 0x0000000000001C4C

mem[X,0x0000000080002510] -> 0x3C23
mem[X,0x0000000080002512] -> 0x0083
[2151] [M]: 0x0000000080002510 (0x00833C23) sd x8, 0x18(x6)                         sv_Mtval+0
mem[W,0x0000000080007598] <- 0x0000000000001C4C

clint mtime 0x0000000000000434 (mip.MTI <- 0b1, mip.STI <- 0b0)
mem[X,0x0000000080002514] -> 0x3483
mem[X,0x0000000080002516] -> 0x2181
[2152] [M]: 0x0000000080002514 (0x21813483) ld x9, 0x218(x2)                        skp_Mtval+0
mem[R,0x0000000080006218] -> 0x00000000800075A0
x9 <- 0x00000000800075A0

mem[X,0x0000000080002518] -> 0x3383
mem[X,0x000000008000251A] -> 0x1F81
[2153] [M]: 0x0000000080002518 (0x1F813383) ld x7, 0x1f8(x2)                        skp_Mtval+4
mem[R,0x00000000800061F8] -> 0x0000000080007210
x7 <- 0x0000000080007210

clint mtime 0x0000000000000435 (mip.MTI <- 0b1, mip.STI <- 0b0)
mem[X,0x000000008000251C] -> 0x3303
mem[X,0x000000008000251E] -> 0x2001
[2154] [M]: 0x000000008000251C (0x20013303) ld x6, 0x200(x2)                        skp_Mtval+8
mem[R,0x0000000080006200] -> 0x0000000000000A20
x6 <- 0x0000000000000A20

mem[X,0x0000000080002520] -> 0x0333
mem[X,0x0000000080002522] -> 0x0073
[2155] [M]: 0x0000000080002520 (0x00730333) add x6, x6, x7                          skp_Mtval+12
x6 <- 0x0000000080007C30

clint mtime 0x0000000000000436 (mip.MTI <- 0b1, mip.STI <- 0b0)
mem[X,0x0000000080002524] -> 0x6AE3
mem[X,0x0000000080002526] -> 0xAE93
[2156] [M]: 0x0000000080002524 (0xAE936AE3) bltu x6, x9, -0x50c                     skp_Mtval+16

mem[X,0x0000000080002528] -> 0x0393
mem[X,0x000000008000252A] -> 0x2000
[2157] [M]: 0x0000000080002528 (0x20000393) addi x7, x0, 0x200                      skp_Mtval+20
x7 <- 0x0000000000000200

clint mtime 0x0000000000000437 (mip.MTI <- 0b1, mip.STI <- 0b0)
mem[X,0x000000008000252C] -> 0x006F
mem[X,0x000000008000252E] -> 0x0400
[2158] [M]: 0x000000008000252C (0x0400006F) jal x0, 0x40                            skp_Mtval+24

mem[X,0x000000008000256C] -> 0x0417
mem[X,0x000000008000256E] -> 0x0000
[2159] [M]: 0x000000008000256C (0x00000417) auipc x8, 0x0                           spcl_Mhandler+0
x8 <- 0x000000008000256C

clint mtime 0x0000000000000438 (mip.MTI <- 0b1, mip.STI <- 0b0)
mem[X,0x0000000080002570] -> 0x0413
mem[X,0x0000000080002572] -> 0x03C4
[2160] [M]: 0x0000000080002570 (0x03C40413) addi x8, x8, 0x3c                       spcl_Mhandler+4
x8 <- 0x00000000800025A8

mem[X,0x0000000080002574] -> 0x0433
mem[X,0x0000000080002576] -> 0x0074
[2161] [M]: 0x0000000080002574 (0x00740433) add x8, x8, x7                          spcl_Mhandler+8
x8 <- 0x00000000800027A8

clint mtime 0x0000000000000439 (mip.MTI <- 0b1, mip.STI <- 0b0)
mem[X,0x0000000080002578] -> 0x1393
mem[X,0x000000008000257A] -> 0x0035
[2162] [M]: 0x0000000080002578 (0x00351393) slli x7, x10, 0x3                       spcl_Mhandler+12
x7 <- 0x0000000000000028

mem[X,0x000000008000257C] -> 0x0433
mem[X,0x000000008000257E] -> 0x0074
[2163] [M]: 0x000000008000257C (0x00740433) add x8, x8, x7                          spcl_Mhandler+16
x8 <- 0x00000000800027D0

clint mtime 0x000000000000043A (mip.MTI <- 0b1, mip.STI <- 0b0)
mem[X,0x0000000080002580] -> 0x7413
mem[X,0x0000000080002582] -> 0xFF84
[2164] [M]: 0x0000000080002580 (0xFF847413) andi x8, x8, -0x8                       spcl_Mhandler+20
x8 <- 0x00000000800027D0

mem[X,0x0000000080002584] -> 0x3403
mem[X,0x0000000080002586] -> 0x0004
[2165] [M]: 0x0000000080002584 (0x00043403) ld x8, 0x0(x8)                          spcl_Mhandler+24
mem[R,0x00000000800027D0] -> 0x000000000000000B
x8 <- 0x000000000000000B

clint mtime 0x000000000000043B (mip.MTI <- 0b1, mip.STI <- 0b0)
mem[X,0x0000000080002588] -> 0x02E3
mem[X,0x000000008000258A] -> 0xB204
[2166] [M]: 0x0000000080002588 (0xB20402E3) beq x8, x0, -0x4dc                      spcl_Mdispatch_hndling+0

mem[X,0x000000008000258C] -> 0x1393
mem[X,0x000000008000258E] -> 0x03F4
[2167] [M]: 0x000000008000258C (0x03F41393) slli x7, x8, 0x3f                       spcl_Mdispatch_hndling+4
x7 <- 0x8000000000000000

clint mtime 0x000000000000043C (mip.MTI <- 0b1, mip.STI <- 0b0)
mem[X,0x0000000080002590] -> 0xD863
mem[X,0x0000000080002592] -> 0x0003
[2168] [M]: 0x0000000080002590 (0x0003D863) bge x7, x0, 0x10                        spcl_Mdispatch_hndling+8

mem[X,0x0000000080002594] -> 0x5413
mem[X,0x0000000080002596] -> 0x0014
[2169] [M]: 0x0000000080002594 (0x00145413) srli x8, x8, 0x1                        spcl_Mdispatch_hndling+12
x8 <- 0x0000000000000005

clint mtime 0x000000000000043D (mip.MTI <- 0b1, mip.STI <- 0b0)
mem[X,0x0000000080002598] -> 0x0CE3
mem[X,0x000000008000259A] -> 0xF885
[2170] [M]: 0x0000000080002598 (0xF8850CE3) beq x10, x8, -0x68                      spcl_Mdispatch_hndling+16

mem[X,0x0000000080002530] -> 0x3303
mem[X,0x0000000080002532] -> 0x2601
[2171] [M]: 0x0000000080002530 (0x26013303) ld x6, 0x260(x2)                        resto_Mrtn+0
mem[R,0x0000000080006260] -> 0x000000001FDDB7D5
x6 <- 0x000000001FDDB7D5

clint mtime 0x000000000000043E (mip.MTI <- 0b1, mip.STI <- 0b0)
mem[X,0x0000000080002534] -> 0x3383
mem[X,0x0000000080002536] -> 0x2681
[2172] [M]: 0x0000000080002534 (0x26813383) ld x7, 0x268(x2)                        resto_Mrtn+4
mem[R,0x0000000080006268] -> 0x00000000003FBB6F
x7 <- 0x00000000003FBB6F

mem[X,0x0000000080002538] -> 0x3403
mem[X,0x000000008000253A] -> 0x2701
[2173] [M]: 0x0000000080002538 (0x27013403) ld x8, 0x270(x2)                        resto_Mrtn+8
mem[R,0x0000000080006270] -> 0x0000000000007F76
x8 <- 0x0000000000007F76

clint mtime 0x000000000000043F (mip.MTI <- 0b1, mip.STI <- 0b0)
mem[X,0x000000008000253C] -> 0x3483
mem[X,0x000000008000253E] -> 0x2781
[2174] [M]: 0x000000008000253C (0x27813483) ld x9, 0x278(x2)                        resto_Mrtn+12
mem[R,0x0000000080006278] -> 0x00000000000000FE
x9 <- 0x00000000000000FE

mem[X,0x0000000080002540] -> 0x3503
mem[X,0x0000000080002542] -> 0x2801
[2175] [M]: 0x0000000080002540 (0x28013503) ld x10, 0x280(x2)                       resto_Mrtn+16
mem[R,0x0000000080006280] -> 0x0000000000000001
x10 <- 0x0000000000000001

clint mtime 0x0000000000000440 (mip.MTI <- 0b1, mip.STI <- 0b0)
mem[X,0x0000000080002544] -> 0x3583
mem[X,0x0000000080002546] -> 0x2881
[2176] [M]: 0x0000000080002544 (0x28813583) ld x11, 0x288(x2)                       resto_Mrtn+20
mem[R,0x0000000080006288] -> 0x0000000000000000
x11 <- 0x0000000000000000

mem[X,0x0000000080002548] -> 0x3103
mem[X,0x000000008000254A] -> 0x2901
[2177] [M]: 0x0000000080002548 (0x29013103) ld x2, 0x290(x2)                        resto_Mrtn+24
mem[R,0x0000000080006290] -> 0x01FDDB7D5BFDDB7F
x2 <- 0x01FDDB7D5BFDDB7F

clint mtime 0x0000000000000441 (mip.MTI <- 0b1, mip.STI <- 0b0)
mem[X,0x000000008000254C] -> 0x0073
mem[X,0x000000008000254E] -> 0x3020
[2178] [M]: 0x000000008000254C (0x30200073) mret                                    resto_Mrtn+28
CSR mstatus (0x300) <- 0x0000000A00000080
ret-ing from M to M

mem[X,0x0000000080000BC8] -> 0x0013
mem[X,0x0000000080000BCA] -> 0x0000
[2179] [M]: 0x0000000080000BC8 (0x00000013) addi x0, x0, 0x0                        main+2024

clint mtime 0x0000000000000442 (mip.MTI <- 0b1, mip.STI <- 0b0)
mem[X,0x0000000080000BCC] -> 0xB423
mem[X,0x0000000080000BCE] -> 0x10E6
[2180] [M]: 0x0000000080000BCC (0x10E6B423) sd x14, 0x108(x13)                      main+2028
mem[W,0x0000000080007320] <- 0x0000000000000013

mem[X,0x0000000080000BD0] -> 0x8793
mem[X,0x0000000080000BD2] -> 0xFFC7
[2181] [M]: 0x0000000080000BD0 (0xFFC78793) addi x15, x15, -0x4                     main+2032
x15 <- 0x0000000080001FFC

clint mtime 0x0000000000000443 (mip.MTI <- 0b1, mip.STI <- 0b0)
mem[X,0x0000000080000BD4] -> 0xA703
mem[X,0x0000000080000BD6] -> 0x0007
[2182] [M]: 0x0000000080000BD4 (0x0007A703) lw x14, 0x0(x15)                        main+2036
mem[R,0x0000000080001FFC] -> 0x00000013
x14 <- 0x0000000000000013

mem[X,0x0000000080000BD8] -> 0x0013
mem[X,0x0000000080000BDA] -> 0x0000
[2183] [M]: 0x0000000080000BD8 (0x00000013) addi x0, x0, 0x0                        main+2040

clint mtime 0x0000000000000444 (mip.MTI <- 0b1, mip.STI <- 0b0)
mem[X,0x0000000080000BDC] -> 0x0013
mem[X,0x0000000080000BDE] -> 0x0000
[2184] [M]: 0x0000000080000BDC (0x00000013) addi x0, x0, 0x0                        main+2044

mem[X,0x0000000080000BE0] -> 0xB823
mem[X,0x0000000080000BE2] -> 0x10E6
[2185] [M]: 0x0000000080000BE0 (0x10E6B823) sd x14, 0x110(x13)                      main+2048
mem[W,0x0000000080007328] <- 0x0000000000000013

clint mtime 0x0000000000000445 (mip.MTI <- 0b1, mip.STI <- 0b0)
mem[X,0x0000000080000BE4] -> 0x8793
mem[X,0x0000000080000BE6] -> 0x0087
[2186] [M]: 0x0000000080000BE4 (0x00878793) addi x15, x15, 0x8                      main+2052
x15 <- 0x0000000080002004

mem[X,0x0000000080000BE8] -> 0xA703
mem[X,0x0000000080000BEA] -> 0x0007
[2187] [M]: 0x0000000080000BE8 (0x0007A703) lw x14, 0x0(x15)                        main+2056
mem[R,0x0000000080002004] -> 0x00000013
x14 <- 0x0000000000000013

clint mtime 0x0000000000000446 (mip.MTI <- 0b1, mip.STI <- 0b0)
mem[X,0x0000000080000BEC] -> 0x0013
mem[X,0x0000000080000BEE] -> 0x0000
[2188] [M]: 0x0000000080000BEC (0x00000013) addi x0, x0, 0x0                        main+2060

mem[X,0x0000000080000BF0] -> 0x0013
mem[X,0x0000000080000BF2] -> 0x0000
[2189] [M]: 0x0000000080000BF0 (0x00000013) addi x0, x0, 0x0                        main+2064

clint mtime 0x0000000000000447 (mip.MTI <- 0b1, mip.STI <- 0b0)
mem[X,0x0000000080000BF4] -> 0xBC23
mem[X,0x0000000080000BF6] -> 0x10E6
[2190] [M]: 0x0000000080000BF4 (0x10E6BC23) sd x14, 0x118(x13)                      main+2068
mem[W,0x0000000080007330] <- 0x0000000000000013

mem[X,0x0000000080000BF8] -> 0x0013
mem[X,0x0000000080000BFA] -> 0x0000
[2191] [M]: 0x0000000080000BF8 (0x00000013) addi x0, x0, 0x0                        main+2072

clint mtime 0x0000000000000448 (mip.MTI <- 0b1, mip.STI <- 0b0)
mem[X,0x0000000080000BFC] -> 0x0013
mem[X,0x0000000080000BFE] -> 0x0000
[2192] [M]: 0x0000000080000BFC (0x00000013) addi x0, x0, 0x0                        main+2076

mem[X,0x0000000080000C00] -> 0x12B7
mem[X,0x0000000080000C02] -> 0x2000
[2193] [M]: 0x0000000080000C00 (0x200012B7) lui x5, 0x20001                         main+2080
x5 <- 0x0000000020001000

clint mtime 0x0000000000000449 (mip.MTI <- 0b1, mip.STI <- 0b0)
mem[X,0x0000000080000C04] -> 0x829B
mem[X,0x0000000080000C06] -> 0x8002
[2194] [M]: 0x0000000080000C04 (0x8002829B) addiw x5, x5, -0x800                    main+2084
x5 <- 0x0000000020000800

mem[X,0x0000000080000C08] -> 0x0001
[2195] [M]: 0x0000000080000C08 (0x0001) c.nop                                       main+2088

clint mtime 0x000000000000044A (mip.MTI <- 0b1, mip.STI <- 0b0)
mem[X,0x0000000080000C0A] -> 0x0013
mem[X,0x0000000080000C0C] -> 0x0000
[2196] [M]: 0x0000000080000C0A (0x00000013) addi x0, x0, 0x0                        main+2090

mem[X,0x0000000080000C0E] -> 0x0013
mem[X,0x0000000080000C10] -> 0x0000
[2197] [M]: 0x0000000080000C0E (0x00000013) addi x0, x0, 0x0                        main+2094

clint mtime 0x000000000000044B (mip.MTI <- 0b1, mip.STI <- 0b0)
mem[X,0x0000000080000C12] -> 0x0013
mem[X,0x0000000080000C14] -> 0x0000
[2198] [M]: 0x0000000080000C12 (0x00000013) addi x0, x0, 0x0                        main+2098

mem[X,0x0000000080000C16] -> 0x0013
mem[X,0x0000000080000C18] -> 0x0000
[2199] [M]: 0x0000000080000C16 (0x00000013) addi x0, x0, 0x0                        main+2102

clint mtime 0x000000000000044C (mip.MTI <- 0b1, mip.STI <- 0b0)
mem[X,0x0000000080000C1A] -> 0x0013
mem[X,0x0000000080000C1C] -> 0x0000
[2200] [M]: 0x0000000080000C1A (0x00000013) addi x0, x0, 0x0                        main+2106

mem[X,0x0000000080000C1E] -> 0x0001
[2201] [M]: 0x0000000080000C1E (0x0001) c.nop                                       main+2110

clint mtime 0x000000000000044D (mip.MTI <- 0b1, mip.STI <- 0b0)
mem[X,0x0000000080000C20] -> 0x9073
mem[X,0x0000000080000C22] -> 0x3B22
[2202] [M]: 0x0000000080000C20 (0x3B229073) csrrw x0, pmpaddr2, x5                  main+2112
CSR pmpaddr2 (0x3B2) <- 0x0000000020000800

mem[X,0x0000000080000C24] -> 0x0213
mem[X,0x0000000080000C26] -> 0x0090
[2203] [M]: 0x0000000080000C24 (0x00900213) addi x4, x0, 0x9                        main+2116
x4 <- 0x0000000000000009

clint mtime 0x000000000000044E (mip.MTI <- 0b1, mip.STI <- 0b0)
mem[X,0x0000000080000C28] -> 0x1213
mem[X,0x0000000080000C2A] -> 0x0142
[2204] [M]: 0x0000000080000C28 (0x01421213) slli x4, x4, 0x14                       main+2120
x4 <- 0x0000000000900000

mem[X,0x0000000080000C2C] -> 0x1073
mem[X,0x0000000080000C2E] -> 0x3A02
[2205] [M]: 0x0000000080000C2C (0x3A021073) csrrw x0, pmpcfg0, x4                   main+2124
CSR pmpcfg0 (0x3A0) <- 0x9090909090900000

clint mtime 0x000000000000044F (mip.MTI <- 0b1, mip.STI <- 0b0)
mem[X,0x0000000080000C30] -> 0x0013
mem[X,0x0000000080000C32] -> 0x0000
[2206] [M]: 0x0000000080000C30 (0x00000013) addi x0, x0, 0x0                        main+2128

mem[X,0x0000000080000C34] -> 0x0013
mem[X,0x0000000080000C36] -> 0x0000
[2207] [M]: 0x0000000080000C34 (0x00000013) addi x0, x0, 0x0                        main+2132

clint mtime 0x0000000000000450 (mip.MTI <- 0b1, mip.STI <- 0b0)
mem[X,0x0000000080000C38] -> 0x0013
mem[X,0x0000000080000C3A] -> 0x0000
[2208] [M]: 0x0000000080000C38 (0x00000013) addi x0, x0, 0x0                        main+2136

mem[X,0x0000000080000C3C] -> 0x0013
mem[X,0x0000000080000C3E] -> 0x0000
[2209] [M]: 0x0000000080000C3C (0x00000013) addi x0, x0, 0x0                        main+2140

clint mtime 0x0000000000000451 (mip.MTI <- 0b1, mip.STI <- 0b0)
mem[X,0x0000000080000C40] -> 0x1797
mem[X,0x0000000080000C42] -> 0x0000
[2210] [M]: 0x0000000080000C40 (0x00001797) auipc x15, 0x1                          main+2144
x15 <- 0x0000000080001C40

mem[X,0x0000000080000C44] -> 0x8793
mem[X,0x0000000080000C46] -> 0x3C07
[2211] [M]: 0x0000000080000C44 (0x3C078793) addi x15, x15, 0x3c0                    main+2148
x15 <- 0x0000000080002000

clint mtime 0x0000000000000452 (mip.MTI <- 0b1, mip.STI <- 0b0)
mem[X,0x0000000080000C48] -> 0x0001
[2212] [M]: 0x0000000080000C48 (0x0001) c.nop                                       main+2152

mem[X,0x0000000080000C4A] -> 0x0013
mem[X,0x0000000080000C4C] -> 0x0000
[2213] [M]: 0x0000000080000C4A (0x00000013) addi x0, x0, 0x0                        main+2154

clint mtime 0x0000000000000453 (mip.MTI <- 0b1, mip.STI <- 0b0)
mem[X,0x0000000080000C4E] -> 0x0013
mem[X,0x0000000080000C50] -> 0x0000
[2214] [M]: 0x0000000080000C4E (0x00000013) addi x0, x0, 0x0                        main+2158

mem[X,0x0000000080000C52] -> 0x0013
mem[X,0x0000000080000C54] -> 0x0000
[2215] [M]: 0x0000000080000C52 (0x00000013) addi x0, x0, 0x0                        main+2162

clint mtime 0x0000000000000454 (mip.MTI <- 0b1, mip.STI <- 0b0)
mem[X,0x0000000080000C56] -> 0x0013
mem[X,0x0000000080000C58] -> 0x0000
[2216] [M]: 0x0000000080000C56 (0x00000013) addi x0, x0, 0x0                        main+2166

mem[X,0x0000000080000C5A] -> 0x0013
mem[X,0x0000000080000C5C] -> 0x0000
[2217] [M]: 0x0000000080000C5A (0x00000013) addi x0, x0, 0x0                        main+2170

clint mtime 0x0000000000000455 (mip.MTI <- 0b1, mip.STI <- 0b0)
mem[X,0x0000000080000C5E] -> 0x0001
[2218] [M]: 0x0000000080000C5E (0x0001) c.nop                                       main+2174

mem[X,0x0000000080000C60] -> 0xA703
mem[X,0x0000000080000C62] -> 0x0007
[2219] [M]: 0x0000000080000C60 (0x0007A703) lw x14, 0x0(x15)                        main+2176
trapping from M to M to handle load-access-fault
handling exc#load-access-fault at priv M with tval 0x0000000080002000
CSR mstatus (0x300) <- 0x0000000A00001800
CSR mcause (0x342) <- 0x0000000000000005
CSR mtval (0x343) <- 0x0000000080002000
CSR mepc (0x341) <- 0x0000000080000C60

clint mtime 0x0000000000000456 (mip.MTI <- 0b1, mip.STI <- 0b0)
mem[X,0x0000000080002100] -> 0x006F
mem[X,0x0000000080002102] -> 0x1000
[2220] [M]: 0x0000000080002100 (0x1000006F) jal x0, 0x100                           Mtrampoline+0

mem[X,0x0000000080002200] -> 0x1173
mem[X,0x0000000080002202] -> 0x3401
[2221] [M]: 0x0000000080002200 (0x34011173) csrrw x2, mscratch, x2                  trap_Mhandler+0
CSR mscratch (0x340) <- 0x01FDDB7D5BFDDB7F
x2 <- 0x0000000080006000

clint mtime 0x0000000000000457 (mip.MTI <- 0b1, mip.STI <- 0b0)
mem[X,0x0000000080002204] -> 0x3423
mem[X,0x0000000080002206] -> 0x28B1
[2222] [M]: 0x0000000080002204 (0x28B13423) sd x11, 0x288(x2)                       trap_Mhandler+4
mem[W,0x0000000080006288] <- 0x0000000000000000

mem[X,0x0000000080002208] -> 0x05EF
mem[X,0x000000008000220A] -> 0x0B80
[2223] [M]: 0x0000000080002208 (0x0B8005EF) jal x11, 0xb8                           trap_Mhandler+8
x11 <- 0x000000008000220C

clint mtime 0x0000000000000458 (mip.MTI <- 0b1, mip.STI <- 0b0)
mem[X,0x00000000800022C0] -> 0x3023
mem[X,0x00000000800022C2] -> 0x28A1
[2224] [M]: 0x00000000800022C0 (0x28A13023) sd x10, 0x280(x2)                       common_Mhandler+0
mem[W,0x0000000080006280] <- 0x0000000000000001

mem[X,0x00000000800022C4] -> 0x1573
mem[X,0x00000000800022C6] -> 0x3401
[2225] [M]: 0x00000000800022C4 (0x34011573) csrrw x10, mscratch, x2                 common_Mhandler+4
CSR mscratch (0x340) <- 0x0000000080006000
x10 <- 0x01FDDB7D5BFDDB7F

clint mtime 0x0000000000000459 (mip.MTI <- 0b1, mip.STI <- 0b0)
mem[X,0x00000000800022C8] -> 0x3823
mem[X,0x00000000800022CA] -> 0x28A1
[2226] [M]: 0x00000000800022C8 (0x28A13823) sd x10, 0x290(x2)                       common_Mhandler+8
mem[W,0x0000000080006290] <- 0x01FDDB7D5BFDDB7F

mem[X,0x00000000800022CC] -> 0x3503
mem[X,0x00000000800022CE] -> 0x2301
[2227] [M]: 0x00000000800022CC (0x23013503) ld x10, 0x230(x2)                       common_Mhandler+12
mem[R,0x0000000080006230] -> 0x00000000800022D4
x10 <- 0x00000000800022D4

clint mtime 0x000000000000045A (mip.MTI <- 0b1, mip.STI <- 0b0)
mem[X,0x00000000800022D0] -> 0x0067
mem[X,0x00000000800022D2] -> 0x0005
[2228] [M]: 0x00000000800022D0 (0x00050067) jalr x0, 0x0(x10)                       common_Mhandler+16

mem[X,0x00000000800022D4] -> 0x3C23
mem[X,0x00000000800022D6] -> 0x2691
[2229] [M]: 0x00000000800022D4 (0x26913C23) sd x9, 0x278(x2)                        common_Mentry+0
mem[W,0x0000000080006278] <- 0x00000000000000FE

clint mtime 0x000000000000045B (mip.MTI <- 0b1, mip.STI <- 0b0)
mem[X,0x00000000800022D8] -> 0x3823
mem[X,0x00000000800022DA] -> 0x2681
[2230] [M]: 0x00000000800022D8 (0x26813823) sd x8, 0x270(x2)                        common_Mentry+4
mem[W,0x0000000080006270] <- 0x0000000000007F76

mem[X,0x00000000800022DC] -> 0x3423
mem[X,0x00000000800022DE] -> 0x2671
[2231] [M]: 0x00000000800022DC (0x26713423) sd x7, 0x268(x2)                        common_Mentry+8
mem[W,0x0000000080006268] <- 0x00000000003FBB6F

clint mtime 0x000000000000045C (mip.MTI <- 0b1, mip.STI <- 0b0)
mem[X,0x00000000800022E0] -> 0x3023
mem[X,0x00000000800022E2] -> 0x2661
[2232] [M]: 0x00000000800022E0 (0x26613023) sd x6, 0x260(x2)                        common_Mentry+12
mem[W,0x0000000080006260] <- 0x000000001FDDB7D5

mem[X,0x00000000800022E4] -> 0x2573
mem[X,0x00000000800022E6] -> 0x3420
[2233] [M]: 0x00000000800022E4 (0x34202573) csrrs x10, mcause, x0                   spcl_M2mmode_test+0
CSR mcause (0x342) -> 0x0000000000000005
x10 <- 0x0000000000000005

clint mtime 0x000000000000045D (mip.MTI <- 0b1, mip.STI <- 0b0)
mem[X,0x00000000800022E8] -> 0x04B7
mem[X,0x00000000800022EA] -> 0x8000
[2234] [M]: 0x00000000800022E8 (0x800004B7) lui x9, -0x80000                        spcl_M2mmode_test+4
x9 <- 0xFFFFFFFF80000000

mem[X,0x00000000800022EC] -> 0x8493
mem[X,0x00000000800022EE] -> 0x0004
[2235] [M]: 0x00000000800022EC (0x00048493) addi x9, x9, 0x0                        spcl_M2mmode_test+8
x9 <- 0xFFFFFFFF80000000

clint mtime 0x000000000000045E (mip.MTI <- 0b1, mip.STI <- 0b0)
mem[X,0x00000000800022F0] -> 0x9493
mem[X,0x00000000800022F2] -> 0x00B4
[2236] [M]: 0x00000000800022F0 (0x00B49493) slli x9, x9, 0xb                        spcl_M2mmode_test+12
x9 <- 0xFFFFFC0000000000

mem[X,0x00000000800022F4] -> 0x8493
mem[X,0x00000000800022F6] -> 0x0004
[2237] [M]: 0x00000000800022F4 (0x00048493) addi x9, x9, 0x0                        spcl_M2mmode_test+16
x9 <- 0xFFFFFC0000000000

clint mtime 0x000000000000045F (mip.MTI <- 0b1, mip.STI <- 0b0)
mem[X,0x00000000800022F8] -> 0x9493
mem[X,0x00000000800022FA] -> 0x00B4
[2238] [M]: 0x00000000800022F8 (0x00B49493) slli x9, x9, 0xb                        spcl_M2mmode_test+20
x9 <- 0xFFE0000000000000

mem[X,0x00000000800022FC] -> 0x8493
mem[X,0x00000000800022FE] -> 0x0034
[2239] [M]: 0x00000000800022FC (0x00348493) addi x9, x9, 0x3                        spcl_M2mmode_test+24
x9 <- 0xFFE0000000000003

clint mtime 0x0000000000000460 (mip.MTI <- 0b1, mip.STI <- 0b0)
mem[X,0x0000000080002300] -> 0x9493
mem[X,0x0000000080002302] -> 0x00A4
[2240] [M]: 0x0000000080002300 (0x00A49493) slli x9, x9, 0xa                        spcl_M2mmode_test+28
x9 <- 0x8000000000000C00

mem[X,0x0000000080002304] -> 0x8493
mem[X,0x0000000080002306] -> 0x3FC4
[2241] [M]: 0x0000000080002304 (0x3FC48493) addi x9, x9, 0x3fc                      spcl_M2mmode_test+32
x9 <- 0x8000000000000FFC

clint mtime 0x0000000000000461 (mip.MTI <- 0b1, mip.STI <- 0b0)
mem[X,0x0000000080002308] -> 0xF4B3
mem[X,0x000000008000230A] -> 0x00A4
[2242] [M]: 0x0000000080002308 (0x00A4F4B3) and x9, x9, x10                         spcl_M2mmode_test+36
x9 <- 0x0000000000000004

mem[X,0x000000008000230C] -> 0x8493
mem[X,0x000000008000230E] -> 0xFF84
[2243] [M]: 0x000000008000230C (0xFF848493) addi x9, x9, -0x8                       spcl_M2mmode_test+40
x9 <- 0xFFFFFFFFFFFFFFFC

clint mtime 0x0000000000000462 (mip.MTI <- 0b1, mip.STI <- 0b0)
mem[X,0x0000000080002310] -> 0x9663
mem[X,0x0000000080002312] -> 0x0004
[2244] [M]: 0x0000000080002310 (0x00049663) bne x9, x0, 0xc                         spcl_M2mmode_test+44

mem[X,0x000000008000231C] -> 0x0393
mem[X,0x000000008000231E] -> 0x0200
[2245] [M]: 0x000000008000231C (0x02000393) addi x7, x0, 0x20                       Mtrapsig_ptr_upd+0
x7 <- 0x0000000000000020

clint mtime 0x0000000000000463 (mip.MTI <- 0b1, mip.STI <- 0b0)
mem[X,0x0000000080002320] -> 0x5263
mem[X,0x0000000080002322] -> 0x0405
[2246] [M]: 0x0000000080002320 (0x04055263) bge x10, x0, 0x44                       Mtrapsig_ptr_upd+4

mem[X,0x0000000080002364] -> 0x2373
mem[X,0x0000000080002366] -> 0x3010
[2247] [M]: 0x0000000080002364 (0x30102373) csrrs x6, misa, x0                      Mxcpt_sig_sv+0
CSR misa (0x301) -> 0x800000000034112F
x6 <- 0x800000000034112F

clint mtime 0x0000000000000464 (mip.MTI <- 0b1, mip.STI <- 0b0)
mem[X,0x0000000080002368] -> 0x1313
mem[X,0x000000008000236A] -> 0x0383
[2248] [M]: 0x0000000080002368 (0x03831313) slli x6, x6, 0x38                       Mxcpt_sig_sv+4
x6 <- 0x2F00000000000000

mem[X,0x000000008000236C] -> 0x5463
mem[X,0x000000008000236E] -> 0x0003
[2249] [M]: 0x000000008000236C (0x00035463) bge x6, x0, 0x8                         Mxcpt_sig_sv+8

clint mtime 0x0000000000000465 (mip.MTI <- 0b1, mip.STI <- 0b0)
mem[X,0x0000000080002374] -> 0x3303
mem[X,0x0000000080002376] -> 0x2181
[2250] [M]: 0x0000000080002374 (0x21813303) ld x6, 0x218(x2)                        Mtrap_sig_sv+0
mem[R,0x0000000080006218] -> 0x00000000800075A0
x6 <- 0x00000000800075A0

mem[X,0x0000000080002378] -> 0x04B3
mem[X,0x000000008000237A] -> 0x0073
[2251] [M]: 0x0000000080002378 (0x007304B3) add x9, x6, x7                          Mtrap_sig_sv+4
x9 <- 0x00000000800075C0

clint mtime 0x0000000000000466 (mip.MTI <- 0b1, mip.STI <- 0b0)
mem[X,0x000000008000237C] -> 0x3C23
mem[X,0x000000008000237E] -> 0x2091
[2252] [M]: 0x000000008000237C (0x20913C23) sd x9, 0x218(x2)                        Mtrap_sig_sv+8
mem[W,0x0000000080006218] <- 0x00000000800075C0

mem[X,0x0000000080002380] -> 0x3403
mem[X,0x0000000080002382] -> 0x1F81
[2253] [M]: 0x0000000080002380 (0x1F813403) ld x8, 0x1f8(x2)                        Mtrap_sig_sv+12
mem[R,0x00000000800061F8] -> 0x0000000080007210
x8 <- 0x0000000080007210

clint mtime 0x0000000000000467 (mip.MTI <- 0b1, mip.STI <- 0b0)
mem[X,0x0000000080002384] -> 0x0333
mem[X,0x0000000080002386] -> 0x4083
[2254] [M]: 0x0000000080002384 (0x40830333) sub x6, x6, x8                          Mtrap_sig_sv+16
x6 <- 0x0000000000000390

mem[X,0x0000000080002388] -> 0x3403
mem[X,0x000000008000238A] -> 0x1F81
[2255] [M]: 0x0000000080002388 (0x1F813403) ld x8, 0x1f8(x2)                        Mtrap_sig_sv+20
mem[R,0x00000000800061F8] -> 0x0000000080007210
x8 <- 0x0000000080007210

clint mtime 0x0000000000000468 (mip.MTI <- 0b1, mip.STI <- 0b0)
mem[X,0x000000008000238C] -> 0x0333
mem[X,0x000000008000238E] -> 0x0083
[2256] [M]: 0x000000008000238C (0x00830333) add x6, x6, x8                          Mtrap_sig_sv+24
x6 <- 0x00000000800075A0

mem[X,0x0000000080002390] -> 0x3403
mem[X,0x0000000080002392] -> 0x2401
[2257] [M]: 0x0000000080002390 (0x24013403) ld x8, 0x240(x2)                        Mtrap_sig_sv+28
mem[R,0x0000000080006240] -> 0x0000000080002100
x8 <- 0x0000000080002100

clint mtime 0x0000000000000469 (mip.MTI <- 0b1, mip.STI <- 0b0)
mem[X,0x0000000080002394] -> 0x85B3
mem[X,0x0000000080002396] -> 0x4085
[2258] [M]: 0x0000000080002394 (0x408585B3) sub x11, x11, x8                        sv_Mvect+0
x11 <- 0x000000000000010C

mem[X,0x0000000080002398] -> 0x9593
mem[X,0x000000008000239A] -> 0x0045
[2259] [M]: 0x0000000080002398 (0x00459593) slli x11, x11, 0x4                      sv_Mvect+4
x11 <- 0x00000000000010C0

clint mtime 0x000000000000046A (mip.MTI <- 0b1, mip.STI <- 0b0)
mem[X,0x000000008000239C] -> 0xE5B3
mem[X,0x000000008000239E] -> 0x0075
[2260] [M]: 0x000000008000239C (0x0075E5B3) or x11, x11, x7                         sv_Mvect+8
x11 <- 0x00000000000010E0

mem[X,0x00000000800023A0] -> 0x8593
mem[X,0x00000000800023A2] -> 0x0035
[2261] [M]: 0x00000000800023A0 (0x00358593) addi x11, x11, 0x3                      sv_Mvect+12
x11 <- 0x00000000000010E3

clint mtime 0x000000000000046B (mip.MTI <- 0b1, mip.STI <- 0b0)
mem[X,0x00000000800023A4] -> 0x3023
mem[X,0x00000000800023A6] -> 0x00B3
[2262] [M]: 0x00000000800023A4 (0x00B33023) sd x11, 0x0(x6)                         sv_Mvect+16
mem[W,0x00000000800075A0] <- 0x00000000000010E3

mem[X,0x00000000800023A8] -> 0x3423
mem[X,0x00000000800023AA] -> 0x00A3
[2263] [M]: 0x00000000800023A8 (0x00A33423) sd x10, 0x8(x6)                         sv_Mcause+0
mem[W,0x00000000800075A8] <- 0x0000000000000005

clint mtime 0x000000000000046C (mip.MTI <- 0b1, mip.STI <- 0b0)
mem[X,0x00000000800023AC] -> 0x4263
mem[X,0x00000000800023AE] -> 0x1A05
[2264] [M]: 0x00000000800023AC (0x1A054263) blt x10, x0, 0x1a4                      sv_Mcause+4

mem[X,0x00000000800023B0] -> 0x25F3
mem[X,0x00000000800023B2] -> 0x3000
[2265] [M]: 0x00000000800023B0 (0x300025F3) csrrs x11, mstatus, x0                  common_Mexcpt_handler+0
CSR mstatus (0x300) -> 0x0000000A00001800
x11 <- 0x0000000A00001800

clint mtime 0x000000000000046D (mip.MTI <- 0b1, mip.STI <- 0b0)
mem[X,0x00000000800023B4] -> 0x9413
mem[X,0x00000000800023B6] -> 0x02E5
[2266] [M]: 0x00000000800023B4 (0x02E59413) slli x8, x11, 0x2e                      common_Mexcpt_handler+4
x8 <- 0x0600000000000000

mem[X,0x00000000800023B8] -> 0x5463
mem[X,0x00000000800023BA] -> 0x0004
[2267] [M]: 0x00000000800023B8 (0x00045463) bge x8, x0, 0x8                         common_Mexcpt_handler+8

clint mtime 0x000000000000046E (mip.MTI <- 0b1, mip.STI <- 0b0)
mem[X,0x00000000800023C0] -> 0xD493
mem[X,0x00000000800023C2] -> 0x00B5
[2268] [M]: 0x00000000800023C0 (0x00B5D493) srli x9, x11, 0xb                       common_Mexcpt_handler+16
x9 <- 0x0000000001400003

mem[X,0x00000000800023C4] -> 0xF493
mem[X,0x00000000800023C6] -> 0x0034
[2269] [M]: 0x00000000800023C4 (0x0034F493) andi x9, x9, 0x3                        common_Mexcpt_handler+20
x9 <- 0x0000000000000003

clint mtime 0x000000000000046F (mip.MTI <- 0b1, mip.STI <- 0b0)
mem[X,0x00000000800023C8] -> 0x8493
mem[X,0x00000000800023CA] -> 0x0014
[2270] [M]: 0x00000000800023C8 (0x00148493) addi x9, x9, 0x1                        common_Mexcpt_handler+24
x9 <- 0x0000000000000004

mem[X,0x00000000800023CC] -> 0xF493
mem[X,0x00000000800023CE] -> 0x0044
[2271] [M]: 0x00000000800023CC (0x0044F493) andi x9, x9, 0x4                        common_Mexcpt_handler+28
x9 <- 0x0000000000000004

clint mtime 0x0000000000000470 (mip.MTI <- 0b1, mip.STI <- 0b0)
mem[X,0x00000000800023D0] -> 0x0593
mem[X,0x00000000800023D2] -> 0x05D0
[2272] [M]: 0x00000000800023D0 (0x05D00593) addi x11, x0, 0x5d                      common_Mexcpt_handler+32
x11 <- 0x000000000000005D

mem[X,0x00000000800023D4] -> 0xD5B3
mem[X,0x00000000800023D6] -> 0x0095
[2273] [M]: 0x00000000800023D4 (0x0095D5B3) srl x11, x11, x9                        common_Mexcpt_handler+36
x11 <- 0x0000000000000005

clint mtime 0x0000000000000471 (mip.MTI <- 0b1, mip.STI <- 0b0)
mem[X,0x00000000800023D8] -> 0xF593
mem[X,0x00000000800023DA] -> 0x0015
[2274] [M]: 0x00000000800023D8 (0x0015F593) andi x11, x11, 0x1                      common_Mexcpt_handler+40
x11 <- 0x0000000000000001

mem[X,0x00000000800023DC] -> 0x8EE3
mem[X,0x00000000800023DE] -> 0xF405
[2275] [M]: 0x00000000800023DC (0xF4058EE3) beq x11, x0, -0xa4                      common_Mexcpt_handler+44

clint mtime 0x0000000000000472 (mip.MTI <- 0b1, mip.STI <- 0b0)
mem[X,0x00000000800023E0] -> 0x0593
mem[X,0x00000000800023E2] -> 0x2980
[2276] [M]: 0x00000000800023E0 (0x29800593) addi x11, x0, 0x298                     common_Mexcpt_handler+48
x11 <- 0x0000000000000298

mem[X,0x00000000800023E4] -> 0xF413
mem[X,0x00000000800023E6] -> 0x0014
[2277] [M]: 0x00000000800023E4 (0x0014F413) andi x8, x9, 0x1                        common_Mexcpt_handler+52
x8 <- 0x0000000000000000

clint mtime 0x0000000000000473 (mip.MTI <- 0b1, mip.STI <- 0b0)
mem[X,0x00000000800023E8] -> 0x95B3
mem[X,0x00000000800023EA] -> 0x0085
[2278] [M]: 0x00000000800023E8 (0x008595B3) sll x11, x11, x8                        common_Mexcpt_handler+56
x11 <- 0x0000000000000298

mem[X,0x00000000800023EC] -> 0x9413
mem[X,0x00000000800023EE] -> 0x03D4
[2279] [M]: 0x00000000800023EC (0x03D49413) slli x8, x9, 0x3d                       common_Mexcpt_handler+60
x8 <- 0x8000000000000000

clint mtime 0x0000000000000474 (mip.MTI <- 0b1, mip.STI <- 0b0)
mem[X,0x00000000800023F0] -> 0x5413
mem[X,0x00000000800023F2] -> 0x43F4
[2280] [M]: 0x00000000800023F0 (0x43F45413) srai x8, x8, 0x3f                       common_Mexcpt_handler+64
x8 <- 0xFFFFFFFFFFFFFFFF

mem[X,0x00000000800023F4] -> 0x4413
mem[X,0x00000000800023F6] -> 0xFFF4
[2281] [M]: 0x00000000800023F4 (0xFFF44413) xori x8, x8, -0x1                       common_Mexcpt_handler+68
x8 <- 0x0000000000000000

clint mtime 0x0000000000000475 (mip.MTI <- 0b1, mip.STI <- 0b0)
mem[X,0x00000000800023F8] -> 0xF4B3
mem[X,0x00000000800023FA] -> 0x0085
[2282] [M]: 0x00000000800023F8 (0x0085F4B3) and x9, x11, x8                         common_Mexcpt_handler+72
x9 <- 0x0000000000000000

mem[X,0x00000000800023FC] -> 0x84B3
mem[X,0x00000000800023FE] -> 0x0024
[2283] [M]: 0x00000000800023FC (0x002484B3) add x9, x9, x2                          vmem_adj_Mepc+0
x9 <- 0x0000000080006000

clint mtime 0x0000000000000476 (mip.MTI <- 0b1, mip.STI <- 0b0)
mem[X,0x0000000080002400] -> 0x23F3
mem[X,0x0000000080002402] -> 0x3410
[2284] [M]: 0x0000000080002400 (0x341023F3) csrrs x7, mepc, x0                      vmem_adj_Mepc+4
CSR mepc (0x341) -> 0x0000000080000C60
x7 <- 0x0000000080000C60

mem[X,0x0000000080002404] -> 0x0413
mem[X,0x0000000080002406] -> 0x0004
[2285] [M]: 0x0000000080002404 (0x00040413) addi x8, x8, 0x0                        vmem_adj_Mepc+8
x8 <- 0x0000000000000000

clint mtime 0x0000000000000477 (mip.MTI <- 0b1, mip.STI <- 0b0)
mem[X,0x0000000080002408] -> 0x006F
mem[X,0x000000008000240A] -> 0x0400
[2286] [M]: 0x0000000080002408 (0x0400006F) jal x0, 0x40                            vmem_adj_Mepc+12

mem[X,0x0000000080002448] -> 0x8433
mem[X,0x000000008000244A] -> 0x4083
[2287] [M]: 0x0000000080002448 (0x40838433) sub x8, x7, x8                          adj_Mepc+0
x8 <- 0x0000000080000C60

clint mtime 0x0000000000000478 (mip.MTI <- 0b1, mip.STI <- 0b0)
mem[X,0x000000008000244C] -> 0x3823
mem[X,0x000000008000244E] -> 0x0083
[2288] [M]: 0x000000008000244C (0x00833823) sd x8, 0x10(x6)                         sv_Mepc+0
mem[W,0x00000000800075B0] <- 0x0000000080000C60

mem[X,0x0000000080002450] -> 0x55B7
mem[X,0x0000000080002452] -> 0x0000
[2289] [M]: 0x0000000080002450 (0x000055B7) lui x11, 0x5                            sv_Mepc+4
x11 <- 0x0000000000005000

clint mtime 0x0000000000000479 (mip.MTI <- 0b1, mip.STI <- 0b0)
mem[X,0x0000000080002454] -> 0x8593
mem[X,0x0000000080002456] -> 0x6675
[2290] [M]: 0x0000000080002454 (0x66758593) addi x11, x11, 0x667                    sv_Mepc+8
x11 <- 0x0000000000005667

mem[X,0x0000000080002458] -> 0x9593
mem[X,0x000000008000245A] -> 0x0015
[2291] [M]: 0x0000000080002458 (0x00159593) slli x11, x11, 0x1                      sv_Mepc+12
x11 <- 0x000000000000ACCE

clint mtime 0x000000000000047A (mip.MTI <- 0b1, mip.STI <- 0b0)
mem[X,0x000000008000245C] -> 0x9063
mem[X,0x000000008000245E] -> 0x02B1
[2292] [M]: 0x000000008000245C (0x02B19063) bne x3, x11, 0x20                       sv_Mepc+16

mem[X,0x000000008000247C] -> 0xF593
mem[X,0x000000008000247E] -> 0xFFC3
[2293] [M]: 0x000000008000247C (0xFFC3F593) andi x11, x7, -0x4                      adj_Mepc_rtn+0
x11 <- 0x0000000080000C60

clint mtime 0x000000000000047B (mip.MTI <- 0b1, mip.STI <- 0b0)
mem[X,0x0000000080002480] -> 0x8593
mem[X,0x0000000080002482] -> 0x0085
[2294] [M]: 0x0000000080002480 (0x00858593) addi x11, x11, 0x8                      adj_Mepc_rtn+4
x11 <- 0x0000000080000C68

mem[X,0x0000000080002484] -> 0x9073
mem[X,0x0000000080002486] -> 0x3415
[2295] [M]: 0x0000000080002484 (0x34159073) csrrw x0, mepc, x11                     adj_Mepc_rtn+8
CSR mepc (0x341) <- 0x0000000080000C68

clint mtime 0x000000000000047C (mip.MTI <- 0b1, mip.STI <- 0b0)
mem[X,0x0000000080002488] -> 0x23F3
mem[X,0x000000008000248A] -> 0x3430
[2296] [M]: 0x0000000080002488 (0x343023F3) csrrs x7, mtval, x0                     skp_adj_Mepc+0
CSR mtval (0x343) -> 0x0000000080002000
x7 <- 0x0000000080002000

mem[X,0x000000008000248C] -> 0x7513
mem[X,0x000000008000248E] -> 0x00F5
[2297] [M]: 0x000000008000248C (0x00F57513) andi x10, x10, 0xf                      chk_Mtval+0
x10 <- 0x0000000000000005

clint mtime 0x000000000000047D (mip.MTI <- 0b1, mip.STI <- 0b0)
mem[X,0x0000000080002490] -> 0x0437
mem[X,0x0000000080002492] -> 0x0000
[2298] [M]: 0x0000000080002490 (0x00000437) lui x8, 0x0                             chk_Mtval+4
x8 <- 0x0000000000000000

mem[X,0x0000000080002494] -> 0x0413
mem[X,0x0000000080002496] -> 0x0004
[2299] [M]: 0x0000000080002494 (0x00040413) addi x8, x8, 0x0                        chk_Mtval+8
x8 <- 0x0000000000000000

clint mtime 0x000000000000047E (mip.MTI <- 0b1, mip.STI <- 0b0)
mem[X,0x0000000080002498] -> 0x1413
mem[X,0x000000008000249A] -> 0x00B4
[2300] [M]: 0x0000000080002498 (0x00B41413) slli x8, x8, 0xb                        chk_Mtval+12
x8 <- 0x0000000000000000

mem[X,0x000000008000249C] -> 0x0413
mem[X,0x000000008000249E] -> 0x0004
[2301] [M]: 0x000000008000249C (0x00040413) addi x8, x8, 0x0                        chk_Mtval+16
x8 <- 0x0000000000000000

clint mtime 0x000000000000047F (mip.MTI <- 0b1, mip.STI <- 0b0)
mem[X,0x00000000800024A0] -> 0x1413
mem[X,0x00000000800024A2] -> 0x00B4
[2302] [M]: 0x00000000800024A0 (0x00B41413) slli x8, x8, 0xb                        chk_Mtval+20
x8 <- 0x0000000000000000

mem[X,0x00000000800024A4] -> 0x0413
mem[X,0x00000000800024A6] -> 0x02C4
[2303] [M]: 0x00000000800024A4 (0x02C40413) addi x8, x8, 0x2c                       chk_Mtval+24
x8 <- 0x000000000000002C

clint mtime 0x0000000000000480 (mip.MTI <- 0b1, mip.STI <- 0b0)
mem[X,0x00000000800024A8] -> 0x1413
mem[X,0x00000000800024AA] -> 0x00A4
[2304] [M]: 0x00000000800024A8 (0x00A41413) slli x8, x8, 0xa                        chk_Mtval+28
x8 <- 0x000000000000B000

mem[X,0x00000000800024AC] -> 0x0413
mem[X,0x00000000800024AE] -> 0x0FB4
[2305] [M]: 0x00000000800024AC (0x0FB40413) addi x8, x8, 0xfb                       chk_Mtval+32
x8 <- 0x000000000000B0FB

clint mtime 0x0000000000000481 (mip.MTI <- 0b1, mip.STI <- 0b0)
mem[X,0x00000000800024B0] -> 0x5433
mem[X,0x00000000800024B2] -> 0x00A4
[2306] [M]: 0x00000000800024B0 (0x00A45433) srl x8, x8, x10                         chk_Mtval+36
x8 <- 0x0000000000000587

mem[X,0x00000000800024B4] -> 0x1413
mem[X,0x00000000800024B6] -> 0x03F4
[2307] [M]: 0x00000000800024B4 (0x03F41413) slli x8, x8, 0x3f                       chk_Mtval+40
x8 <- 0x8000000000000000

clint mtime 0x0000000000000482 (mip.MTI <- 0b1, mip.STI <- 0b0)
mem[X,0x00000000800024B8] -> 0x5C63
mem[X,0x00000000800024BA] -> 0x0404
[2308] [M]: 0x00000000800024B8 (0x04045C63) bge x8, x0, 0x58                        chk_Mtval+44

mem[X,0x00000000800024BC] -> 0xB403
mem[X,0x00000000800024BE] -> 0x2084
[2309] [M]: 0x00000000800024BC (0x2084B403) ld x8, 0x208(x9)                        vmem_adj_Mtval+0
mem[R,0x0000000080006208] -> 0x00000000800003B4
x8 <- 0x00000000800003B4

clint mtime 0x0000000000000483 (mip.MTI <- 0b1, mip.STI <- 0b0)
mem[X,0x00000000800024C0] -> 0xB583
mem[X,0x00000000800024C2] -> 0x2104
[2310] [M]: 0x00000000800024C0 (0x2104B583) ld x11, 0x210(x9)                       vmem_adj_Mtval+4
mem[R,0x0000000080006210] -> 0x0000000000001C5C
x11 <- 0x0000000000001C5C

mem[X,0x00000000800024C4] -> 0x85B3
mem[X,0x00000000800024C6] -> 0x0085
[2311] [M]: 0x00000000800024C4 (0x008585B3) add x11, x11, x8                        vmem_adj_Mtval+8
x11 <- 0x0000000080002010

clint mtime 0x0000000000000484 (mip.MTI <- 0b1, mip.STI <- 0b0)
mem[X,0x00000000800024C8] -> 0xF463
mem[X,0x00000000800024CA] -> 0x00B3
[2312] [M]: 0x00000000800024C8 (0x00B3F463) bgeu x7, x11, 0x8                       vmem_adj_Mtval+12

mem[X,0x00000000800024CC] -> 0xF063
mem[X,0x00000000800024CE] -> 0x0483
[2313] [M]: 0x00000000800024CC (0x0483F063) bgeu x7, x8, 0x40                       vmem_adj_Mtval+16

clint mtime 0x0000000000000485 (mip.MTI <- 0b1, mip.STI <- 0b0)
mem[X,0x000000008000250C] -> 0x8433
mem[X,0x000000008000250E] -> 0x4083
[2314] [M]: 0x000000008000250C (0x40838433) sub x8, x7, x8                          adj_Mtval+0
x8 <- 0x0000000000001C4C

mem[X,0x0000000080002510] -> 0x3C23
mem[X,0x0000000080002512] -> 0x0083
[2315] [M]: 0x0000000080002510 (0x00833C23) sd x8, 0x18(x6)                         sv_Mtval+0
mem[W,0x00000000800075B8] <- 0x0000000000001C4C

clint mtime 0x0000000000000486 (mip.MTI <- 0b1, mip.STI <- 0b0)
mem[X,0x0000000080002514] -> 0x3483
mem[X,0x0000000080002516] -> 0x2181
[2316] [M]: 0x0000000080002514 (0x21813483) ld x9, 0x218(x2)                        skp_Mtval+0
mem[R,0x0000000080006218] -> 0x00000000800075C0
x9 <- 0x00000000800075C0

mem[X,0x0000000080002518] -> 0x3383
mem[X,0x000000008000251A] -> 0x1F81
[2317] [M]: 0x0000000080002518 (0x1F813383) ld x7, 0x1f8(x2)                        skp_Mtval+4
mem[R,0x00000000800061F8] -> 0x0000000080007210
x7 <- 0x0000000080007210

clint mtime 0x0000000000000487 (mip.MTI <- 0b1, mip.STI <- 0b0)
mem[X,0x000000008000251C] -> 0x3303
mem[X,0x000000008000251E] -> 0x2001
[2318] [M]: 0x000000008000251C (0x20013303) ld x6, 0x200(x2)                        skp_Mtval+8
mem[R,0x0000000080006200] -> 0x0000000000000A20
x6 <- 0x0000000000000A20

mem[X,0x0000000080002520] -> 0x0333
mem[X,0x0000000080002522] -> 0x0073
[2319] [M]: 0x0000000080002520 (0x00730333) add x6, x6, x7                          skp_Mtval+12
x6 <- 0x0000000080007C30

clint mtime 0x0000000000000488 (mip.MTI <- 0b1, mip.STI <- 0b0)
mem[X,0x0000000080002524] -> 0x6AE3
mem[X,0x0000000080002526] -> 0xAE93
[2320] [M]: 0x0000000080002524 (0xAE936AE3) bltu x6, x9, -0x50c                     skp_Mtval+16

mem[X,0x0000000080002528] -> 0x0393
mem[X,0x000000008000252A] -> 0x2000
[2321] [M]: 0x0000000080002528 (0x20000393) addi x7, x0, 0x200                      skp_Mtval+20
x7 <- 0x0000000000000200

clint mtime 0x0000000000000489 (mip.MTI <- 0b1, mip.STI <- 0b0)
mem[X,0x000000008000252C] -> 0x006F
mem[X,0x000000008000252E] -> 0x0400
[2322] [M]: 0x000000008000252C (0x0400006F) jal x0, 0x40                            skp_Mtval+24

mem[X,0x000000008000256C] -> 0x0417
mem[X,0x000000008000256E] -> 0x0000
[2323] [M]: 0x000000008000256C (0x00000417) auipc x8, 0x0                           spcl_Mhandler+0
x8 <- 0x000000008000256C

clint mtime 0x000000000000048A (mip.MTI <- 0b1, mip.STI <- 0b0)
mem[X,0x0000000080002570] -> 0x0413
mem[X,0x0000000080002572] -> 0x03C4
[2324] [M]: 0x0000000080002570 (0x03C40413) addi x8, x8, 0x3c                       spcl_Mhandler+4
x8 <- 0x00000000800025A8

mem[X,0x0000000080002574] -> 0x0433
mem[X,0x0000000080002576] -> 0x0074
[2325] [M]: 0x0000000080002574 (0x00740433) add x8, x8, x7                          spcl_Mhandler+8
x8 <- 0x00000000800027A8

clint mtime 0x000000000000048B (mip.MTI <- 0b1, mip.STI <- 0b0)
mem[X,0x0000000080002578] -> 0x1393
mem[X,0x000000008000257A] -> 0x0035
[2326] [M]: 0x0000000080002578 (0x00351393) slli x7, x10, 0x3                       spcl_Mhandler+12
x7 <- 0x0000000000000028

mem[X,0x000000008000257C] -> 0x0433
mem[X,0x000000008000257E] -> 0x0074
[2327] [M]: 0x000000008000257C (0x00740433) add x8, x8, x7                          spcl_Mhandler+16
x8 <- 0x00000000800027D0

clint mtime 0x000000000000048C (mip.MTI <- 0b1, mip.STI <- 0b0)
mem[X,0x0000000080002580] -> 0x7413
mem[X,0x0000000080002582] -> 0xFF84
[2328] [M]: 0x0000000080002580 (0xFF847413) andi x8, x8, -0x8                       spcl_Mhandler+20
x8 <- 0x00000000800027D0

mem[X,0x0000000080002584] -> 0x3403
mem[X,0x0000000080002586] -> 0x0004
[2329] [M]: 0x0000000080002584 (0x00043403) ld x8, 0x0(x8)                          spcl_Mhandler+24
mem[R,0x00000000800027D0] -> 0x000000000000000B
x8 <- 0x000000000000000B

clint mtime 0x000000000000048D (mip.MTI <- 0b1, mip.STI <- 0b0)
mem[X,0x0000000080002588] -> 0x02E3
mem[X,0x000000008000258A] -> 0xB204
[2330] [M]: 0x0000000080002588 (0xB20402E3) beq x8, x0, -0x4dc                      spcl_Mdispatch_hndling+0

mem[X,0x000000008000258C] -> 0x1393
mem[X,0x000000008000258E] -> 0x03F4
[2331] [M]: 0x000000008000258C (0x03F41393) slli x7, x8, 0x3f                       spcl_Mdispatch_hndling+4
x7 <- 0x8000000000000000

clint mtime 0x000000000000048E (mip.MTI <- 0b1, mip.STI <- 0b0)
mem[X,0x0000000080002590] -> 0xD863
mem[X,0x0000000080002592] -> 0x0003
[2332] [M]: 0x0000000080002590 (0x0003D863) bge x7, x0, 0x10                        spcl_Mdispatch_hndling+8

mem[X,0x0000000080002594] -> 0x5413
mem[X,0x0000000080002596] -> 0x0014
[2333] [M]: 0x0000000080002594 (0x00145413) srli x8, x8, 0x1                        spcl_Mdispatch_hndling+12
x8 <- 0x0000000000000005

clint mtime 0x000000000000048F (mip.MTI <- 0b1, mip.STI <- 0b0)
mem[X,0x0000000080002598] -> 0x0CE3
mem[X,0x000000008000259A] -> 0xF885
[2334] [M]: 0x0000000080002598 (0xF8850CE3) beq x10, x8, -0x68                      spcl_Mdispatch_hndling+16

mem[X,0x0000000080002530] -> 0x3303
mem[X,0x0000000080002532] -> 0x2601
[2335] [M]: 0x0000000080002530 (0x26013303) ld x6, 0x260(x2)                        resto_Mrtn+0
mem[R,0x0000000080006260] -> 0x000000001FDDB7D5
x6 <- 0x000000001FDDB7D5

clint mtime 0x0000000000000490 (mip.MTI <- 0b1, mip.STI <- 0b0)
mem[X,0x0000000080002534] -> 0x3383
mem[X,0x0000000080002536] -> 0x2681
[2336] [M]: 0x0000000080002534 (0x26813383) ld x7, 0x268(x2)                        resto_Mrtn+4
mem[R,0x0000000080006268] -> 0x00000000003FBB6F
x7 <- 0x00000000003FBB6F

mem[X,0x0000000080002538] -> 0x3403
mem[X,0x000000008000253A] -> 0x2701
[2337] [M]: 0x0000000080002538 (0x27013403) ld x8, 0x270(x2)                        resto_Mrtn+8
mem[R,0x0000000080006270] -> 0x0000000000007F76
x8 <- 0x0000000000007F76

clint mtime 0x0000000000000491 (mip.MTI <- 0b1, mip.STI <- 0b0)
mem[X,0x000000008000253C] -> 0x3483
mem[X,0x000000008000253E] -> 0x2781
[2338] [M]: 0x000000008000253C (0x27813483) ld x9, 0x278(x2)                        resto_Mrtn+12
mem[R,0x0000000080006278] -> 0x00000000000000FE
x9 <- 0x00000000000000FE

mem[X,0x0000000080002540] -> 0x3503
mem[X,0x0000000080002542] -> 0x2801
[2339] [M]: 0x0000000080002540 (0x28013503) ld x10, 0x280(x2)                       resto_Mrtn+16
mem[R,0x0000000080006280] -> 0x0000000000000001
x10 <- 0x0000000000000001

clint mtime 0x0000000000000492 (mip.MTI <- 0b1, mip.STI <- 0b0)
mem[X,0x0000000080002544] -> 0x3583
mem[X,0x0000000080002546] -> 0x2881
[2340] [M]: 0x0000000080002544 (0x28813583) ld x11, 0x288(x2)                       resto_Mrtn+20
mem[R,0x0000000080006288] -> 0x0000000000000000
x11 <- 0x0000000000000000

mem[X,0x0000000080002548] -> 0x3103
mem[X,0x000000008000254A] -> 0x2901
[2341] [M]: 0x0000000080002548 (0x29013103) ld x2, 0x290(x2)                        resto_Mrtn+24
mem[R,0x0000000080006290] -> 0x01FDDB7D5BFDDB7F
x2 <- 0x01FDDB7D5BFDDB7F

clint mtime 0x0000000000000493 (mip.MTI <- 0b1, mip.STI <- 0b0)
mem[X,0x000000008000254C] -> 0x0073
mem[X,0x000000008000254E] -> 0x3020
[2342] [M]: 0x000000008000254C (0x30200073) mret                                    resto_Mrtn+28
CSR mstatus (0x300) <- 0x0000000A00000080
ret-ing from M to M

mem[X,0x0000000080000C68] -> 0x0013
mem[X,0x0000000080000C6A] -> 0x0000
[2343] [M]: 0x0000000080000C68 (0x00000013) addi x0, x0, 0x0                        main+2184

clint mtime 0x0000000000000494 (mip.MTI <- 0b1, mip.STI <- 0b0)
mem[X,0x0000000080000C6C] -> 0xB023
mem[X,0x0000000080000C6E] -> 0x12E6
[2344] [M]: 0x0000000080000C6C (0x12E6B023) sd x14, 0x120(x13)                      main+2188
mem[W,0x0000000080007338] <- 0x0000000000000013

mem[X,0x0000000080000C70] -> 0x8793
mem[X,0x0000000080000C72] -> 0xFFC7
[2345] [M]: 0x0000000080000C70 (0xFFC78793) addi x15, x15, -0x4                     main+2192
x15 <- 0x0000000080001FFC

clint mtime 0x0000000000000495 (mip.MTI <- 0b1, mip.STI <- 0b0)
mem[X,0x0000000080000C74] -> 0xA703
mem[X,0x0000000080000C76] -> 0x0007
[2346] [M]: 0x0000000080000C74 (0x0007A703) lw x14, 0x0(x15)                        main+2196
mem[R,0x0000000080001FFC] -> 0x00000013
x14 <- 0x0000000000000013

mem[X,0x0000000080000C78] -> 0x0013
mem[X,0x0000000080000C7A] -> 0x0000
[2347] [M]: 0x0000000080000C78 (0x00000013) addi x0, x0, 0x0                        main+2200

clint mtime 0x0000000000000496 (mip.MTI <- 0b1, mip.STI <- 0b0)
mem[X,0x0000000080000C7C] -> 0x0013
mem[X,0x0000000080000C7E] -> 0x0000
[2348] [M]: 0x0000000080000C7C (0x00000013) addi x0, x0, 0x0                        main+2204

mem[X,0x0000000080000C80] -> 0xB423
mem[X,0x0000000080000C82] -> 0x12E6
[2349] [M]: 0x0000000080000C80 (0x12E6B423) sd x14, 0x128(x13)                      main+2208
mem[W,0x0000000080007340] <- 0x0000000000000013

clint mtime 0x0000000000000497 (mip.MTI <- 0b1, mip.STI <- 0b0)
mem[X,0x0000000080000C84] -> 0x8793
mem[X,0x0000000080000C86] -> 0x0087
[2350] [M]: 0x0000000080000C84 (0x00878793) addi x15, x15, 0x8                      main+2212
x15 <- 0x0000000080002004

mem[X,0x0000000080000C88] -> 0xA703
mem[X,0x0000000080000C8A] -> 0x0007
[2351] [M]: 0x0000000080000C88 (0x0007A703) lw x14, 0x0(x15)                        main+2216
mem[R,0x0000000080002004] -> 0x00000013
x14 <- 0x0000000000000013

clint mtime 0x0000000000000498 (mip.MTI <- 0b1, mip.STI <- 0b0)
mem[X,0x0000000080000C8C] -> 0x0013
mem[X,0x0000000080000C8E] -> 0x0000
[2352] [M]: 0x0000000080000C8C (0x00000013) addi x0, x0, 0x0                        main+2220

mem[X,0x0000000080000C90] -> 0x0013
mem[X,0x0000000080000C92] -> 0x0000
[2353] [M]: 0x0000000080000C90 (0x00000013) addi x0, x0, 0x0                        main+2224

clint mtime 0x0000000000000499 (mip.MTI <- 0b1, mip.STI <- 0b0)
mem[X,0x0000000080000C94] -> 0xB823
mem[X,0x0000000080000C96] -> 0x12E6
[2354] [M]: 0x0000000080000C94 (0x12E6B823) sd x14, 0x130(x13)                      main+2228
mem[W,0x0000000080007348] <- 0x0000000000000013

mem[X,0x0000000080000C98] -> 0x0013
mem[X,0x0000000080000C9A] -> 0x0000
[2355] [M]: 0x0000000080000C98 (0x00000013) addi x0, x0, 0x0                        main+2232

clint mtime 0x000000000000049A (mip.MTI <- 0b1, mip.STI <- 0b0)
mem[X,0x0000000080000C9C] -> 0x0013
mem[X,0x0000000080000C9E] -> 0x0000
[2356] [M]: 0x0000000080000C9C (0x00000013) addi x0, x0, 0x0                        main+2236

mem[X,0x0000000080000CA0] -> 0x12B7
mem[X,0x0000000080000CA2] -> 0x2000
[2357] [M]: 0x0000000080000CA0 (0x200012B7) lui x5, 0x20001                         main+2240
x5 <- 0x0000000020001000

clint mtime 0x000000000000049B (mip.MTI <- 0b1, mip.STI <- 0b0)
mem[X,0x0000000080000CA4] -> 0x829B
mem[X,0x0000000080000CA6] -> 0x8002
[2358] [M]: 0x0000000080000CA4 (0x8002829B) addiw x5, x5, -0x800                    main+2244
x5 <- 0x0000000020000800

mem[X,0x0000000080000CA8] -> 0x0001
[2359] [M]: 0x0000000080000CA8 (0x0001) c.nop                                       main+2248

clint mtime 0x000000000000049C (mip.MTI <- 0b1, mip.STI <- 0b0)
mem[X,0x0000000080000CAA] -> 0x0013
mem[X,0x0000000080000CAC] -> 0x0000
[2360] [M]: 0x0000000080000CAA (0x00000013) addi x0, x0, 0x0                        main+2250

mem[X,0x0000000080000CAE] -> 0x0013
mem[X,0x0000000080000CB0] -> 0x0000
[2361] [M]: 0x0000000080000CAE (0x00000013) addi x0, x0, 0x0                        main+2254

clint mtime 0x000000000000049D (mip.MTI <- 0b1, mip.STI <- 0b0)
mem[X,0x0000000080000CB2] -> 0x0013
mem[X,0x0000000080000CB4] -> 0x0000
[2362] [M]: 0x0000000080000CB2 (0x00000013) addi x0, x0, 0x0                        main+2258

mem[X,0x0000000080000CB6] -> 0x0013
mem[X,0x0000000080000CB8] -> 0x0000
[2363] [M]: 0x0000000080000CB6 (0x00000013) addi x0, x0, 0x0                        main+2262

clint mtime 0x000000000000049E (mip.MTI <- 0b1, mip.STI <- 0b0)
mem[X,0x0000000080000CBA] -> 0x0013
mem[X,0x0000000080000CBC] -> 0x0000
[2364] [M]: 0x0000000080000CBA (0x00000013) addi x0, x0, 0x0                        main+2266

mem[X,0x0000000080000CBE] -> 0x0001
[2365] [M]: 0x0000000080000CBE (0x0001) c.nop                                       main+2270

clint mtime 0x000000000000049F (mip.MTI <- 0b1, mip.STI <- 0b0)
mem[X,0x0000000080000CC0] -> 0x9073
mem[X,0x0000000080000CC2] -> 0x3B12
[2366] [M]: 0x0000000080000CC0 (0x3B129073) csrrw x0, pmpaddr1, x5                  main+2272
CSR pmpaddr1 (0x3B1) <- 0x0000000020000800

mem[X,0x0000000080000CC4] -> 0x0213
mem[X,0x0000000080000CC6] -> 0x0090
[2367] [M]: 0x0000000080000CC4 (0x00900213) addi x4, x0, 0x9                        main+2276
x4 <- 0x0000000000000009

clint mtime 0x00000000000004A0 (mip.MTI <- 0b1, mip.STI <- 0b0)
mem[X,0x0000000080000CC8] -> 0x1213
mem[X,0x0000000080000CCA] -> 0x00C2
[2368] [M]: 0x0000000080000CC8 (0x00C21213) slli x4, x4, 0xc                        main+2280
x4 <- 0x0000000000009000

mem[X,0x0000000080000CCC] -> 0x1073
mem[X,0x0000000080000CCE] -> 0x3A02
[2369] [M]: 0x0000000080000CCC (0x3A021073) csrrw x0, pmpcfg0, x4                   main+2284
CSR pmpcfg0 (0x3A0) <- 0x9090909090909000

clint mtime 0x00000000000004A1 (mip.MTI <- 0b1, mip.STI <- 0b0)
mem[X,0x0000000080000CD0] -> 0x0013
mem[X,0x0000000080000CD2] -> 0x0000
[2370] [M]: 0x0000000080000CD0 (0x00000013) addi x0, x0, 0x0                        main+2288

mem[X,0x0000000080000CD4] -> 0x0013
mem[X,0x0000000080000CD6] -> 0x0000
[2371] [M]: 0x0000000080000CD4 (0x00000013) addi x0, x0, 0x0                        main+2292

clint mtime 0x00000000000004A2 (mip.MTI <- 0b1, mip.STI <- 0b0)
mem[X,0x0000000080000CD8] -> 0x0013
mem[X,0x0000000080000CDA] -> 0x0000
[2372] [M]: 0x0000000080000CD8 (0x00000013) addi x0, x0, 0x0                        main+2296

mem[X,0x0000000080000CDC] -> 0x0013
mem[X,0x0000000080000CDE] -> 0x0000
[2373] [M]: 0x0000000080000CDC (0x00000013) addi x0, x0, 0x0                        main+2300

clint mtime 0x00000000000004A3 (mip.MTI <- 0b1, mip.STI <- 0b0)
mem[X,0x0000000080000CE0] -> 0x1797
mem[X,0x0000000080000CE2] -> 0x0000
[2374] [M]: 0x0000000080000CE0 (0x00001797) auipc x15, 0x1                          main+2304
x15 <- 0x0000000080001CE0

mem[X,0x0000000080000CE4] -> 0x8793
mem[X,0x0000000080000CE6] -> 0x3207
[2375] [M]: 0x0000000080000CE4 (0x32078793) addi x15, x15, 0x320                    main+2308
x15 <- 0x0000000080002000

clint mtime 0x00000000000004A4 (mip.MTI <- 0b1, mip.STI <- 0b0)
mem[X,0x0000000080000CE8] -> 0x0001
[2376] [M]: 0x0000000080000CE8 (0x0001) c.nop                                       main+2312

mem[X,0x0000000080000CEA] -> 0x0013
mem[X,0x0000000080000CEC] -> 0x0000
[2377] [M]: 0x0000000080000CEA (0x00000013) addi x0, x0, 0x0                        main+2314

clint mtime 0x00000000000004A5 (mip.MTI <- 0b1, mip.STI <- 0b0)
mem[X,0x0000000080000CEE] -> 0x0013
mem[X,0x0000000080000CF0] -> 0x0000
[2378] [M]: 0x0000000080000CEE (0x00000013) addi x0, x0, 0x0                        main+2318

mem[X,0x0000000080000CF2] -> 0x0013
mem[X,0x0000000080000CF4] -> 0x0000
[2379] [M]: 0x0000000080000CF2 (0x00000013) addi x0, x0, 0x0                        main+2322

clint mtime 0x00000000000004A6 (mip.MTI <- 0b1, mip.STI <- 0b0)
mem[X,0x0000000080000CF6] -> 0x0013
mem[X,0x0000000080000CF8] -> 0x0000
[2380] [M]: 0x0000000080000CF6 (0x00000013) addi x0, x0, 0x0                        main+2326

mem[X,0x0000000080000CFA] -> 0x0013
mem[X,0x0000000080000CFC] -> 0x0000
[2381] [M]: 0x0000000080000CFA (0x00000013) addi x0, x0, 0x0                        main+2330

clint mtime 0x00000000000004A7 (mip.MTI <- 0b1, mip.STI <- 0b0)
mem[X,0x0000000080000CFE] -> 0x0001
[2382] [M]: 0x0000000080000CFE (0x0001) c.nop                                       main+2334

mem[X,0x0000000080000D00] -> 0xA703
mem[X,0x0000000080000D02] -> 0x0007
[2383] [M]: 0x0000000080000D00 (0x0007A703) lw x14, 0x0(x15)                        main+2336
trapping from M to M to handle load-access-fault
handling exc#load-access-fault at priv M with tval 0x0000000080002000
CSR mstatus (0x300) <- 0x0000000A00001800
CSR mcause (0x342) <- 0x0000000000000005
CSR mtval (0x343) <- 0x0000000080002000
CSR mepc (0x341) <- 0x0000000080000D00

clint mtime 0x00000000000004A8 (mip.MTI <- 0b1, mip.STI <- 0b0)
mem[X,0x0000000080002100] -> 0x006F
mem[X,0x0000000080002102] -> 0x1000
[2384] [M]: 0x0000000080002100 (0x1000006F) jal x0, 0x100                           Mtrampoline+0

mem[X,0x0000000080002200] -> 0x1173
mem[X,0x0000000080002202] -> 0x3401
[2385] [M]: 0x0000000080002200 (0x34011173) csrrw x2, mscratch, x2                  trap_Mhandler+0
CSR mscratch (0x340) <- 0x01FDDB7D5BFDDB7F
x2 <- 0x0000000080006000

clint mtime 0x00000000000004A9 (mip.MTI <- 0b1, mip.STI <- 0b0)
mem[X,0x0000000080002204] -> 0x3423
mem[X,0x0000000080002206] -> 0x28B1
[2386] [M]: 0x0000000080002204 (0x28B13423) sd x11, 0x288(x2)                       trap_Mhandler+4
mem[W,0x0000000080006288] <- 0x0000000000000000

mem[X,0x0000000080002208] -> 0x05EF
mem[X,0x000000008000220A] -> 0x0B80
[2387] [M]: 0x0000000080002208 (0x0B8005EF) jal x11, 0xb8                           trap_Mhandler+8
x11 <- 0x000000008000220C

clint mtime 0x00000000000004AA (mip.MTI <- 0b1, mip.STI <- 0b0)
mem[X,0x00000000800022C0] -> 0x3023
mem[X,0x00000000800022C2] -> 0x28A1
[2388] [M]: 0x00000000800022C0 (0x28A13023) sd x10, 0x280(x2)                       common_Mhandler+0
mem[W,0x0000000080006280] <- 0x0000000000000001

mem[X,0x00000000800022C4] -> 0x1573
mem[X,0x00000000800022C6] -> 0x3401
[2389] [M]: 0x00000000800022C4 (0x34011573) csrrw x10, mscratch, x2                 common_Mhandler+4
CSR mscratch (0x340) <- 0x0000000080006000
x10 <- 0x01FDDB7D5BFDDB7F

clint mtime 0x00000000000004AB (mip.MTI <- 0b1, mip.STI <- 0b0)
mem[X,0x00000000800022C8] -> 0x3823
mem[X,0x00000000800022CA] -> 0x28A1
[2390] [M]: 0x00000000800022C8 (0x28A13823) sd x10, 0x290(x2)                       common_Mhandler+8
mem[W,0x0000000080006290] <- 0x01FDDB7D5BFDDB7F

mem[X,0x00000000800022CC] -> 0x3503
mem[X,0x00000000800022CE] -> 0x2301
[2391] [M]: 0x00000000800022CC (0x23013503) ld x10, 0x230(x2)                       common_Mhandler+12
mem[R,0x0000000080006230] -> 0x00000000800022D4
x10 <- 0x00000000800022D4

clint mtime 0x00000000000004AC (mip.MTI <- 0b1, mip.STI <- 0b0)
mem[X,0x00000000800022D0] -> 0x0067
mem[X,0x00000000800022D2] -> 0x0005
[2392] [M]: 0x00000000800022D0 (0x00050067) jalr x0, 0x0(x10)                       common_Mhandler+16

mem[X,0x00000000800022D4] -> 0x3C23
mem[X,0x00000000800022D6] -> 0x2691
[2393] [M]: 0x00000000800022D4 (0x26913C23) sd x9, 0x278(x2)                        common_Mentry+0
mem[W,0x0000000080006278] <- 0x00000000000000FE

clint mtime 0x00000000000004AD (mip.MTI <- 0b1, mip.STI <- 0b0)
mem[X,0x00000000800022D8] -> 0x3823
mem[X,0x00000000800022DA] -> 0x2681
[2394] [M]: 0x00000000800022D8 (0x26813823) sd x8, 0x270(x2)                        common_Mentry+4
mem[W,0x0000000080006270] <- 0x0000000000007F76

mem[X,0x00000000800022DC] -> 0x3423
mem[X,0x00000000800022DE] -> 0x2671
[2395] [M]: 0x00000000800022DC (0x26713423) sd x7, 0x268(x2)                        common_Mentry+8
mem[W,0x0000000080006268] <- 0x00000000003FBB6F

clint mtime 0x00000000000004AE (mip.MTI <- 0b1, mip.STI <- 0b0)
mem[X,0x00000000800022E0] -> 0x3023
mem[X,0x00000000800022E2] -> 0x2661
[2396] [M]: 0x00000000800022E0 (0x26613023) sd x6, 0x260(x2)                        common_Mentry+12
mem[W,0x0000000080006260] <- 0x000000001FDDB7D5

mem[X,0x00000000800022E4] -> 0x2573
mem[X,0x00000000800022E6] -> 0x3420
[2397] [M]: 0x00000000800022E4 (0x34202573) csrrs x10, mcause, x0                   spcl_M2mmode_test+0
CSR mcause (0x342) -> 0x0000000000000005
x10 <- 0x0000000000000005

clint mtime 0x00000000000004AF (mip.MTI <- 0b1, mip.STI <- 0b0)
mem[X,0x00000000800022E8] -> 0x04B7
mem[X,0x00000000800022EA] -> 0x8000
[2398] [M]: 0x00000000800022E8 (0x800004B7) lui x9, -0x80000                        spcl_M2mmode_test+4
x9 <- 0xFFFFFFFF80000000

mem[X,0x00000000800022EC] -> 0x8493
mem[X,0x00000000800022EE] -> 0x0004
[2399] [M]: 0x00000000800022EC (0x00048493) addi x9, x9, 0x0                        spcl_M2mmode_test+8
x9 <- 0xFFFFFFFF80000000

clint mtime 0x00000000000004B0 (mip.MTI <- 0b1, mip.STI <- 0b0)
mem[X,0x00000000800022F0] -> 0x9493
mem[X,0x00000000800022F2] -> 0x00B4
[2400] [M]: 0x00000000800022F0 (0x00B49493) slli x9, x9, 0xb                        spcl_M2mmode_test+12
x9 <- 0xFFFFFC0000000000

mem[X,0x00000000800022F4] -> 0x8493
mem[X,0x00000000800022F6] -> 0x0004
[2401] [M]: 0x00000000800022F4 (0x00048493) addi x9, x9, 0x0                        spcl_M2mmode_test+16
x9 <- 0xFFFFFC0000000000

clint mtime 0x00000000000004B1 (mip.MTI <- 0b1, mip.STI <- 0b0)
mem[X,0x00000000800022F8] -> 0x9493
mem[X,0x00000000800022FA] -> 0x00B4
[2402] [M]: 0x00000000800022F8 (0x00B49493) slli x9, x9, 0xb                        spcl_M2mmode_test+20
x9 <- 0xFFE0000000000000

mem[X,0x00000000800022FC] -> 0x8493
mem[X,0x00000000800022FE] -> 0x0034
[2403] [M]: 0x00000000800022FC (0x00348493) addi x9, x9, 0x3                        spcl_M2mmode_test+24
x9 <- 0xFFE0000000000003

clint mtime 0x00000000000004B2 (mip.MTI <- 0b1, mip.STI <- 0b0)
mem[X,0x0000000080002300] -> 0x9493
mem[X,0x0000000080002302] -> 0x00A4
[2404] [M]: 0x0000000080002300 (0x00A49493) slli x9, x9, 0xa                        spcl_M2mmode_test+28
x9 <- 0x8000000000000C00

mem[X,0x0000000080002304] -> 0x8493
mem[X,0x0000000080002306] -> 0x3FC4
[2405] [M]: 0x0000000080002304 (0x3FC48493) addi x9, x9, 0x3fc                      spcl_M2mmode_test+32
x9 <- 0x8000000000000FFC

clint mtime 0x00000000000004B3 (mip.MTI <- 0b1, mip.STI <- 0b0)
mem[X,0x0000000080002308] -> 0xF4B3
mem[X,0x000000008000230A] -> 0x00A4
[2406] [M]: 0x0000000080002308 (0x00A4F4B3) and x9, x9, x10                         spcl_M2mmode_test+36
x9 <- 0x0000000000000004

mem[X,0x000000008000230C] -> 0x8493
mem[X,0x000000008000230E] -> 0xFF84
[2407] [M]: 0x000000008000230C (0xFF848493) addi x9, x9, -0x8                       spcl_M2mmode_test+40
x9 <- 0xFFFFFFFFFFFFFFFC

clint mtime 0x00000000000004B4 (mip.MTI <- 0b1, mip.STI <- 0b0)
mem[X,0x0000000080002310] -> 0x9663
mem[X,0x0000000080002312] -> 0x0004
[2408] [M]: 0x0000000080002310 (0x00049663) bne x9, x0, 0xc                         spcl_M2mmode_test+44

mem[X,0x000000008000231C] -> 0x0393
mem[X,0x000000008000231E] -> 0x0200
[2409] [M]: 0x000000008000231C (0x02000393) addi x7, x0, 0x20                       Mtrapsig_ptr_upd+0
x7 <- 0x0000000000000020

clint mtime 0x00000000000004B5 (mip.MTI <- 0b1, mip.STI <- 0b0)
mem[X,0x0000000080002320] -> 0x5263
mem[X,0x0000000080002322] -> 0x0405
[2410] [M]: 0x0000000080002320 (0x04055263) bge x10, x0, 0x44                       Mtrapsig_ptr_upd+4

mem[X,0x0000000080002364] -> 0x2373
mem[X,0x0000000080002366] -> 0x3010
[2411] [M]: 0x0000000080002364 (0x30102373) csrrs x6, misa, x0                      Mxcpt_sig_sv+0
CSR misa (0x301) -> 0x800000000034112F
x6 <- 0x800000000034112F

clint mtime 0x00000000000004B6 (mip.MTI <- 0b1, mip.STI <- 0b0)
mem[X,0x0000000080002368] -> 0x1313
mem[X,0x000000008000236A] -> 0x0383
[2412] [M]: 0x0000000080002368 (0x03831313) slli x6, x6, 0x38                       Mxcpt_sig_sv+4
x6 <- 0x2F00000000000000

mem[X,0x000000008000236C] -> 0x5463
mem[X,0x000000008000236E] -> 0x0003
[2413] [M]: 0x000000008000236C (0x00035463) bge x6, x0, 0x8                         Mxcpt_sig_sv+8

clint mtime 0x00000000000004B7 (mip.MTI <- 0b1, mip.STI <- 0b0)
mem[X,0x0000000080002374] -> 0x3303
mem[X,0x0000000080002376] -> 0x2181
[2414] [M]: 0x0000000080002374 (0x21813303) ld x6, 0x218(x2)                        Mtrap_sig_sv+0
mem[R,0x0000000080006218] -> 0x00000000800075C0
x6 <- 0x00000000800075C0

mem[X,0x0000000080002378] -> 0x04B3
mem[X,0x000000008000237A] -> 0x0073
[2415] [M]: 0x0000000080002378 (0x007304B3) add x9, x6, x7                          Mtrap_sig_sv+4
x9 <- 0x00000000800075E0

clint mtime 0x00000000000004B8 (mip.MTI <- 0b1, mip.STI <- 0b0)
mem[X,0x000000008000237C] -> 0x3C23
mem[X,0x000000008000237E] -> 0x2091
[2416] [M]: 0x000000008000237C (0x20913C23) sd x9, 0x218(x2)                        Mtrap_sig_sv+8
mem[W,0x0000000080006218] <- 0x00000000800075E0

mem[X,0x0000000080002380] -> 0x3403
mem[X,0x0000000080002382] -> 0x1F81
[2417] [M]: 0x0000000080002380 (0x1F813403) ld x8, 0x1f8(x2)                        Mtrap_sig_sv+12
mem[R,0x00000000800061F8] -> 0x0000000080007210
x8 <- 0x0000000080007210

clint mtime 0x00000000000004B9 (mip.MTI <- 0b1, mip.STI <- 0b0)
mem[X,0x0000000080002384] -> 0x0333
mem[X,0x0000000080002386] -> 0x4083
[2418] [M]: 0x0000000080002384 (0x40830333) sub x6, x6, x8                          Mtrap_sig_sv+16
x6 <- 0x00000000000003B0

mem[X,0x0000000080002388] -> 0x3403
mem[X,0x000000008000238A] -> 0x1F81
[2419] [M]: 0x0000000080002388 (0x1F813403) ld x8, 0x1f8(x2)                        Mtrap_sig_sv+20
mem[R,0x00000000800061F8] -> 0x0000000080007210
x8 <- 0x0000000080007210

clint mtime 0x00000000000004BA (mip.MTI <- 0b1, mip.STI <- 0b0)
mem[X,0x000000008000238C] -> 0x0333
mem[X,0x000000008000238E] -> 0x0083
[2420] [M]: 0x000000008000238C (0x00830333) add x6, x6, x8                          Mtrap_sig_sv+24
x6 <- 0x00000000800075C0

mem[X,0x0000000080002390] -> 0x3403
mem[X,0x0000000080002392] -> 0x2401
[2421] [M]: 0x0000000080002390 (0x24013403) ld x8, 0x240(x2)                        Mtrap_sig_sv+28
mem[R,0x0000000080006240] -> 0x0000000080002100
x8 <- 0x0000000080002100

clint mtime 0x00000000000004BB (mip.MTI <- 0b1, mip.STI <- 0b0)
mem[X,0x0000000080002394] -> 0x85B3
mem[X,0x0000000080002396] -> 0x4085
[2422] [M]: 0x0000000080002394 (0x408585B3) sub x11, x11, x8                        sv_Mvect+0
x11 <- 0x000000000000010C

mem[X,0x0000000080002398] -> 0x9593
mem[X,0x000000008000239A] -> 0x0045
[2423] [M]: 0x0000000080002398 (0x00459593) slli x11, x11, 0x4                      sv_Mvect+4
x11 <- 0x00000000000010C0

clint mtime 0x00000000000004BC (mip.MTI <- 0b1, mip.STI <- 0b0)
mem[X,0x000000008000239C] -> 0xE5B3
mem[X,0x000000008000239E] -> 0x0075
[2424] [M]: 0x000000008000239C (0x0075E5B3) or x11, x11, x7                         sv_Mvect+8
x11 <- 0x00000000000010E0

mem[X,0x00000000800023A0] -> 0x8593
mem[X,0x00000000800023A2] -> 0x0035
[2425] [M]: 0x00000000800023A0 (0x00358593) addi x11, x11, 0x3                      sv_Mvect+12
x11 <- 0x00000000000010E3

clint mtime 0x00000000000004BD (mip.MTI <- 0b1, mip.STI <- 0b0)
mem[X,0x00000000800023A4] -> 0x3023
mem[X,0x00000000800023A6] -> 0x00B3
[2426] [M]: 0x00000000800023A4 (0x00B33023) sd x11, 0x0(x6)                         sv_Mvect+16
mem[W,0x00000000800075C0] <- 0x00000000000010E3

mem[X,0x00000000800023A8] -> 0x3423
mem[X,0x00000000800023AA] -> 0x00A3
[2427] [M]: 0x00000000800023A8 (0x00A33423) sd x10, 0x8(x6)                         sv_Mcause+0
mem[W,0x00000000800075C8] <- 0x0000000000000005

clint mtime 0x00000000000004BE (mip.MTI <- 0b1, mip.STI <- 0b0)
mem[X,0x00000000800023AC] -> 0x4263
mem[X,0x00000000800023AE] -> 0x1A05
[2428] [M]: 0x00000000800023AC (0x1A054263) blt x10, x0, 0x1a4                      sv_Mcause+4

mem[X,0x00000000800023B0] -> 0x25F3
mem[X,0x00000000800023B2] -> 0x3000
[2429] [M]: 0x00000000800023B0 (0x300025F3) csrrs x11, mstatus, x0                  common_Mexcpt_handler+0
CSR mstatus (0x300) -> 0x0000000A00001800
x11 <- 0x0000000A00001800

clint mtime 0x00000000000004BF (mip.MTI <- 0b1, mip.STI <- 0b0)
mem[X,0x00000000800023B4] -> 0x9413
mem[X,0x00000000800023B6] -> 0x02E5
[2430] [M]: 0x00000000800023B4 (0x02E59413) slli x8, x11, 0x2e                      common_Mexcpt_handler+4
x8 <- 0x0600000000000000

mem[X,0x00000000800023B8] -> 0x5463
mem[X,0x00000000800023BA] -> 0x0004
[2431] [M]: 0x00000000800023B8 (0x00045463) bge x8, x0, 0x8                         common_Mexcpt_handler+8

clint mtime 0x00000000000004C0 (mip.MTI <- 0b1, mip.STI <- 0b0)
mem[X,0x00000000800023C0] -> 0xD493
mem[X,0x00000000800023C2] -> 0x00B5
[2432] [M]: 0x00000000800023C0 (0x00B5D493) srli x9, x11, 0xb                       common_Mexcpt_handler+16
x9 <- 0x0000000001400003

mem[X,0x00000000800023C4] -> 0xF493
mem[X,0x00000000800023C6] -> 0x0034
[2433] [M]: 0x00000000800023C4 (0x0034F493) andi x9, x9, 0x3                        common_Mexcpt_handler+20
x9 <- 0x0000000000000003

clint mtime 0x00000000000004C1 (mip.MTI <- 0b1, mip.STI <- 0b0)
mem[X,0x00000000800023C8] -> 0x8493
mem[X,0x00000000800023CA] -> 0x0014
[2434] [M]: 0x00000000800023C8 (0x00148493) addi x9, x9, 0x1                        common_Mexcpt_handler+24
x9 <- 0x0000000000000004

mem[X,0x00000000800023CC] -> 0xF493
mem[X,0x00000000800023CE] -> 0x0044
[2435] [M]: 0x00000000800023CC (0x0044F493) andi x9, x9, 0x4                        common_Mexcpt_handler+28
x9 <- 0x0000000000000004

clint mtime 0x00000000000004C2 (mip.MTI <- 0b1, mip.STI <- 0b0)
mem[X,0x00000000800023D0] -> 0x0593
mem[X,0x00000000800023D2] -> 0x05D0
[2436] [M]: 0x00000000800023D0 (0x05D00593) addi x11, x0, 0x5d                      common_Mexcpt_handler+32
x11 <- 0x000000000000005D

mem[X,0x00000000800023D4] -> 0xD5B3
mem[X,0x00000000800023D6] -> 0x0095
[2437] [M]: 0x00000000800023D4 (0x0095D5B3) srl x11, x11, x9                        common_Mexcpt_handler+36
x11 <- 0x0000000000000005

clint mtime 0x00000000000004C3 (mip.MTI <- 0b1, mip.STI <- 0b0)
mem[X,0x00000000800023D8] -> 0xF593
mem[X,0x00000000800023DA] -> 0x0015
[2438] [M]: 0x00000000800023D8 (0x0015F593) andi x11, x11, 0x1                      common_Mexcpt_handler+40
x11 <- 0x0000000000000001

mem[X,0x00000000800023DC] -> 0x8EE3
mem[X,0x00000000800023DE] -> 0xF405
[2439] [M]: 0x00000000800023DC (0xF4058EE3) beq x11, x0, -0xa4                      common_Mexcpt_handler+44

clint mtime 0x00000000000004C4 (mip.MTI <- 0b1, mip.STI <- 0b0)
mem[X,0x00000000800023E0] -> 0x0593
mem[X,0x00000000800023E2] -> 0x2980
[2440] [M]: 0x00000000800023E0 (0x29800593) addi x11, x0, 0x298                     common_Mexcpt_handler+48
x11 <- 0x0000000000000298

mem[X,0x00000000800023E4] -> 0xF413
mem[X,0x00000000800023E6] -> 0x0014
[2441] [M]: 0x00000000800023E4 (0x0014F413) andi x8, x9, 0x1                        common_Mexcpt_handler+52
x8 <- 0x0000000000000000

clint mtime 0x00000000000004C5 (mip.MTI <- 0b1, mip.STI <- 0b0)
mem[X,0x00000000800023E8] -> 0x95B3
mem[X,0x00000000800023EA] -> 0x0085
[2442] [M]: 0x00000000800023E8 (0x008595B3) sll x11, x11, x8                        common_Mexcpt_handler+56
x11 <- 0x0000000000000298

mem[X,0x00000000800023EC] -> 0x9413
mem[X,0x00000000800023EE] -> 0x03D4
[2443] [M]: 0x00000000800023EC (0x03D49413) slli x8, x9, 0x3d                       common_Mexcpt_handler+60
x8 <- 0x8000000000000000

clint mtime 0x00000000000004C6 (mip.MTI <- 0b1, mip.STI <- 0b0)
mem[X,0x00000000800023F0] -> 0x5413
mem[X,0x00000000800023F2] -> 0x43F4
[2444] [M]: 0x00000000800023F0 (0x43F45413) srai x8, x8, 0x3f                       common_Mexcpt_handler+64
x8 <- 0xFFFFFFFFFFFFFFFF

mem[X,0x00000000800023F4] -> 0x4413
mem[X,0x00000000800023F6] -> 0xFFF4
[2445] [M]: 0x00000000800023F4 (0xFFF44413) xori x8, x8, -0x1                       common_Mexcpt_handler+68
x8 <- 0x0000000000000000

clint mtime 0x00000000000004C7 (mip.MTI <- 0b1, mip.STI <- 0b0)
mem[X,0x00000000800023F8] -> 0xF4B3
mem[X,0x00000000800023FA] -> 0x0085
[2446] [M]: 0x00000000800023F8 (0x0085F4B3) and x9, x11, x8                         common_Mexcpt_handler+72
x9 <- 0x0000000000000000

mem[X,0x00000000800023FC] -> 0x84B3
mem[X,0x00000000800023FE] -> 0x0024
[2447] [M]: 0x00000000800023FC (0x002484B3) add x9, x9, x2                          vmem_adj_Mepc+0
x9 <- 0x0000000080006000

clint mtime 0x00000000000004C8 (mip.MTI <- 0b1, mip.STI <- 0b0)
mem[X,0x0000000080002400] -> 0x23F3
mem[X,0x0000000080002402] -> 0x3410
[2448] [M]: 0x0000000080002400 (0x341023F3) csrrs x7, mepc, x0                      vmem_adj_Mepc+4
CSR mepc (0x341) -> 0x0000000080000D00
x7 <- 0x0000000080000D00

mem[X,0x0000000080002404] -> 0x0413
mem[X,0x0000000080002406] -> 0x0004
[2449] [M]: 0x0000000080002404 (0x00040413) addi x8, x8, 0x0                        vmem_adj_Mepc+8
x8 <- 0x0000000000000000

clint mtime 0x00000000000004C9 (mip.MTI <- 0b1, mip.STI <- 0b0)
mem[X,0x0000000080002408] -> 0x006F
mem[X,0x000000008000240A] -> 0x0400
[2450] [M]: 0x0000000080002408 (0x0400006F) jal x0, 0x40                            vmem_adj_Mepc+12

mem[X,0x0000000080002448] -> 0x8433
mem[X,0x000000008000244A] -> 0x4083
[2451] [M]: 0x0000000080002448 (0x40838433) sub x8, x7, x8                          adj_Mepc+0
x8 <- 0x0000000080000D00

clint mtime 0x00000000000004CA (mip.MTI <- 0b1, mip.STI <- 0b0)
mem[X,0x000000008000244C] -> 0x3823
mem[X,0x000000008000244E] -> 0x0083
[2452] [M]: 0x000000008000244C (0x00833823) sd x8, 0x10(x6)                         sv_Mepc+0
mem[W,0x00000000800075D0] <- 0x0000000080000D00

mem[X,0x0000000080002450] -> 0x55B7
mem[X,0x0000000080002452] -> 0x0000
[2453] [M]: 0x0000000080002450 (0x000055B7) lui x11, 0x5                            sv_Mepc+4
x11 <- 0x0000000000005000

clint mtime 0x00000000000004CB (mip.MTI <- 0b1, mip.STI <- 0b0)
mem[X,0x0000000080002454] -> 0x8593
mem[X,0x0000000080002456] -> 0x6675
[2454] [M]: 0x0000000080002454 (0x66758593) addi x11, x11, 0x667                    sv_Mepc+8
x11 <- 0x0000000000005667

mem[X,0x0000000080002458] -> 0x9593
mem[X,0x000000008000245A] -> 0x0015
[2455] [M]: 0x0000000080002458 (0x00159593) slli x11, x11, 0x1                      sv_Mepc+12
x11 <- 0x000000000000ACCE

clint mtime 0x00000000000004CC (mip.MTI <- 0b1, mip.STI <- 0b0)
mem[X,0x000000008000245C] -> 0x9063
mem[X,0x000000008000245E] -> 0x02B1
[2456] [M]: 0x000000008000245C (0x02B19063) bne x3, x11, 0x20                       sv_Mepc+16

mem[X,0x000000008000247C] -> 0xF593
mem[X,0x000000008000247E] -> 0xFFC3
[2457] [M]: 0x000000008000247C (0xFFC3F593) andi x11, x7, -0x4                      adj_Mepc_rtn+0
x11 <- 0x0000000080000D00

clint mtime 0x00000000000004CD (mip.MTI <- 0b1, mip.STI <- 0b0)
mem[X,0x0000000080002480] -> 0x8593
mem[X,0x0000000080002482] -> 0x0085
[2458] [M]: 0x0000000080002480 (0x00858593) addi x11, x11, 0x8                      adj_Mepc_rtn+4
x11 <- 0x0000000080000D08

mem[X,0x0000000080002484] -> 0x9073
mem[X,0x0000000080002486] -> 0x3415
[2459] [M]: 0x0000000080002484 (0x34159073) csrrw x0, mepc, x11                     adj_Mepc_rtn+8
CSR mepc (0x341) <- 0x0000000080000D08

clint mtime 0x00000000000004CE (mip.MTI <- 0b1, mip.STI <- 0b0)
mem[X,0x0000000080002488] -> 0x23F3
mem[X,0x000000008000248A] -> 0x3430
[2460] [M]: 0x0000000080002488 (0x343023F3) csrrs x7, mtval, x0                     skp_adj_Mepc+0
CSR mtval (0x343) -> 0x0000000080002000
x7 <- 0x0000000080002000

mem[X,0x000000008000248C] -> 0x7513
mem[X,0x000000008000248E] -> 0x00F5
[2461] [M]: 0x000000008000248C (0x00F57513) andi x10, x10, 0xf                      chk_Mtval+0
x10 <- 0x0000000000000005

clint mtime 0x00000000000004CF (mip.MTI <- 0b1, mip.STI <- 0b0)
mem[X,0x0000000080002490] -> 0x0437
mem[X,0x0000000080002492] -> 0x0000
[2462] [M]: 0x0000000080002490 (0x00000437) lui x8, 0x0                             chk_Mtval+4
x8 <- 0x0000000000000000

mem[X,0x0000000080002494] -> 0x0413
mem[X,0x0000000080002496] -> 0x0004
[2463] [M]: 0x0000000080002494 (0x00040413) addi x8, x8, 0x0                        chk_Mtval+8
x8 <- 0x0000000000000000

clint mtime 0x00000000000004D0 (mip.MTI <- 0b1, mip.STI <- 0b0)
mem[X,0x0000000080002498] -> 0x1413
mem[X,0x000000008000249A] -> 0x00B4
[2464] [M]: 0x0000000080002498 (0x00B41413) slli x8, x8, 0xb                        chk_Mtval+12
x8 <- 0x0000000000000000

mem[X,0x000000008000249C] -> 0x0413
mem[X,0x000000008000249E] -> 0x0004
[2465] [M]: 0x000000008000249C (0x00040413) addi x8, x8, 0x0                        chk_Mtval+16
x8 <- 0x0000000000000000

clint mtime 0x00000000000004D1 (mip.MTI <- 0b1, mip.STI <- 0b0)
mem[X,0x00000000800024A0] -> 0x1413
mem[X,0x00000000800024A2] -> 0x00B4
[2466] [M]: 0x00000000800024A0 (0x00B41413) slli x8, x8, 0xb                        chk_Mtval+20
x8 <- 0x0000000000000000

mem[X,0x00000000800024A4] -> 0x0413
mem[X,0x00000000800024A6] -> 0x02C4
[2467] [M]: 0x00000000800024A4 (0x02C40413) addi x8, x8, 0x2c                       chk_Mtval+24
x8 <- 0x000000000000002C

clint mtime 0x00000000000004D2 (mip.MTI <- 0b1, mip.STI <- 0b0)
mem[X,0x00000000800024A8] -> 0x1413
mem[X,0x00000000800024AA] -> 0x00A4
[2468] [M]: 0x00000000800024A8 (0x00A41413) slli x8, x8, 0xa                        chk_Mtval+28
x8 <- 0x000000000000B000

mem[X,0x00000000800024AC] -> 0x0413
mem[X,0x00000000800024AE] -> 0x0FB4
[2469] [M]: 0x00000000800024AC (0x0FB40413) addi x8, x8, 0xfb                       chk_Mtval+32
x8 <- 0x000000000000B0FB

clint mtime 0x00000000000004D3 (mip.MTI <- 0b1, mip.STI <- 0b0)
mem[X,0x00000000800024B0] -> 0x5433
mem[X,0x00000000800024B2] -> 0x00A4
[2470] [M]: 0x00000000800024B0 (0x00A45433) srl x8, x8, x10                         chk_Mtval+36
x8 <- 0x0000000000000587

mem[X,0x00000000800024B4] -> 0x1413
mem[X,0x00000000800024B6] -> 0x03F4
[2471] [M]: 0x00000000800024B4 (0x03F41413) slli x8, x8, 0x3f                       chk_Mtval+40
x8 <- 0x8000000000000000

clint mtime 0x00000000000004D4 (mip.MTI <- 0b1, mip.STI <- 0b0)
mem[X,0x00000000800024B8] -> 0x5C63
mem[X,0x00000000800024BA] -> 0x0404
[2472] [M]: 0x00000000800024B8 (0x04045C63) bge x8, x0, 0x58                        chk_Mtval+44

mem[X,0x00000000800024BC] -> 0xB403
mem[X,0x00000000800024BE] -> 0x2084
[2473] [M]: 0x00000000800024BC (0x2084B403) ld x8, 0x208(x9)                        vmem_adj_Mtval+0
mem[R,0x0000000080006208] -> 0x00000000800003B4
x8 <- 0x00000000800003B4

clint mtime 0x00000000000004D5 (mip.MTI <- 0b1, mip.STI <- 0b0)
mem[X,0x00000000800024C0] -> 0xB583
mem[X,0x00000000800024C2] -> 0x2104
[2474] [M]: 0x00000000800024C0 (0x2104B583) ld x11, 0x210(x9)                       vmem_adj_Mtval+4
mem[R,0x0000000080006210] -> 0x0000000000001C5C
x11 <- 0x0000000000001C5C

mem[X,0x00000000800024C4] -> 0x85B3
mem[X,0x00000000800024C6] -> 0x0085
[2475] [M]: 0x00000000800024C4 (0x008585B3) add x11, x11, x8                        vmem_adj_Mtval+8
x11 <- 0x0000000080002010

clint mtime 0x00000000000004D6 (mip.MTI <- 0b1, mip.STI <- 0b0)
mem[X,0x00000000800024C8] -> 0xF463
mem[X,0x00000000800024CA] -> 0x00B3
[2476] [M]: 0x00000000800024C8 (0x00B3F463) bgeu x7, x11, 0x8                       vmem_adj_Mtval+12

mem[X,0x00000000800024CC] -> 0xF063
mem[X,0x00000000800024CE] -> 0x0483
[2477] [M]: 0x00000000800024CC (0x0483F063) bgeu x7, x8, 0x40                       vmem_adj_Mtval+16

clint mtime 0x00000000000004D7 (mip.MTI <- 0b1, mip.STI <- 0b0)
mem[X,0x000000008000250C] -> 0x8433
mem[X,0x000000008000250E] -> 0x4083
[2478] [M]: 0x000000008000250C (0x40838433) sub x8, x7, x8                          adj_Mtval+0
x8 <- 0x0000000000001C4C

mem[X,0x0000000080002510] -> 0x3C23
mem[X,0x0000000080002512] -> 0x0083
[2479] [M]: 0x0000000080002510 (0x00833C23) sd x8, 0x18(x6)                         sv_Mtval+0
mem[W,0x00000000800075D8] <- 0x0000000000001C4C

clint mtime 0x00000000000004D8 (mip.MTI <- 0b1, mip.STI <- 0b0)
mem[X,0x0000000080002514] -> 0x3483
mem[X,0x0000000080002516] -> 0x2181
[2480] [M]: 0x0000000080002514 (0x21813483) ld x9, 0x218(x2)                        skp_Mtval+0
mem[R,0x0000000080006218] -> 0x00000000800075E0
x9 <- 0x00000000800075E0

mem[X,0x0000000080002518] -> 0x3383
mem[X,0x000000008000251A] -> 0x1F81
[2481] [M]: 0x0000000080002518 (0x1F813383) ld x7, 0x1f8(x2)                        skp_Mtval+4
mem[R,0x00000000800061F8] -> 0x0000000080007210
x7 <- 0x0000000080007210

clint mtime 0x00000000000004D9 (mip.MTI <- 0b1, mip.STI <- 0b0)
mem[X,0x000000008000251C] -> 0x3303
mem[X,0x000000008000251E] -> 0x2001
[2482] [M]: 0x000000008000251C (0x20013303) ld x6, 0x200(x2)                        skp_Mtval+8
mem[R,0x0000000080006200] -> 0x0000000000000A20
x6 <- 0x0000000000000A20

mem[X,0x0000000080002520] -> 0x0333
mem[X,0x0000000080002522] -> 0x0073
[2483] [M]: 0x0000000080002520 (0x00730333) add x6, x6, x7                          skp_Mtval+12
x6 <- 0x0000000080007C30

clint mtime 0x00000000000004DA (mip.MTI <- 0b1, mip.STI <- 0b0)
mem[X,0x0000000080002524] -> 0x6AE3
mem[X,0x0000000080002526] -> 0xAE93
[2484] [M]: 0x0000000080002524 (0xAE936AE3) bltu x6, x9, -0x50c                     skp_Mtval+16

mem[X,0x0000000080002528] -> 0x0393
mem[X,0x000000008000252A] -> 0x2000
[2485] [M]: 0x0000000080002528 (0x20000393) addi x7, x0, 0x200                      skp_Mtval+20
x7 <- 0x0000000000000200

clint mtime 0x00000000000004DB (mip.MTI <- 0b1, mip.STI <- 0b0)
mem[X,0x000000008000252C] -> 0x006F
mem[X,0x000000008000252E] -> 0x0400
[2486] [M]: 0x000000008000252C (0x0400006F) jal x0, 0x40                            skp_Mtval+24

mem[X,0x000000008000256C] -> 0x0417
mem[X,0x000000008000256E] -> 0x0000
[2487] [M]: 0x000000008000256C (0x00000417) auipc x8, 0x0                           spcl_Mhandler+0
x8 <- 0x000000008000256C

clint mtime 0x00000000000004DC (mip.MTI <- 0b1, mip.STI <- 0b0)
mem[X,0x0000000080002570] -> 0x0413
mem[X,0x0000000080002572] -> 0x03C4
[2488] [M]: 0x0000000080002570 (0x03C40413) addi x8, x8, 0x3c                       spcl_Mhandler+4
x8 <- 0x00000000800025A8

mem[X,0x0000000080002574] -> 0x0433
mem[X,0x0000000080002576] -> 0x0074
[2489] [M]: 0x0000000080002574 (0x00740433) add x8, x8, x7                          spcl_Mhandler+8
x8 <- 0x00000000800027A8

clint mtime 0x00000000000004DD (mip.MTI <- 0b1, mip.STI <- 0b0)
mem[X,0x0000000080002578] -> 0x1393
mem[X,0x000000008000257A] -> 0x0035
[2490] [M]: 0x0000000080002578 (0x00351393) slli x7, x10, 0x3                       spcl_Mhandler+12
x7 <- 0x0000000000000028

mem[X,0x000000008000257C] -> 0x0433
mem[X,0x000000008000257E] -> 0x0074
[2491] [M]: 0x000000008000257C (0x00740433) add x8, x8, x7                          spcl_Mhandler+16
x8 <- 0x00000000800027D0

clint mtime 0x00000000000004DE (mip.MTI <- 0b1, mip.STI <- 0b0)
mem[X,0x0000000080002580] -> 0x7413
mem[X,0x0000000080002582] -> 0xFF84
[2492] [M]: 0x0000000080002580 (0xFF847413) andi x8, x8, -0x8                       spcl_Mhandler+20
x8 <- 0x00000000800027D0

mem[X,0x0000000080002584] -> 0x3403
mem[X,0x0000000080002586] -> 0x0004
[2493] [M]: 0x0000000080002584 (0x00043403) ld x8, 0x0(x8)                          spcl_Mhandler+24
mem[R,0x00000000800027D0] -> 0x000000000000000B
x8 <- 0x000000000000000B

clint mtime 0x00000000000004DF (mip.MTI <- 0b1, mip.STI <- 0b0)
mem[X,0x0000000080002588] -> 0x02E3
mem[X,0x000000008000258A] -> 0xB204
[2494] [M]: 0x0000000080002588 (0xB20402E3) beq x8, x0, -0x4dc                      spcl_Mdispatch_hndling+0

mem[X,0x000000008000258C] -> 0x1393
mem[X,0x000000008000258E] -> 0x03F4
[2495] [M]: 0x000000008000258C (0x03F41393) slli x7, x8, 0x3f                       spcl_Mdispatch_hndling+4
x7 <- 0x8000000000000000

clint mtime 0x00000000000004E0 (mip.MTI <- 0b1, mip.STI <- 0b0)
mem[X,0x0000000080002590] -> 0xD863
mem[X,0x0000000080002592] -> 0x0003
[2496] [M]: 0x0000000080002590 (0x0003D863) bge x7, x0, 0x10                        spcl_Mdispatch_hndling+8

mem[X,0x0000000080002594] -> 0x5413
mem[X,0x0000000080002596] -> 0x0014
[2497] [M]: 0x0000000080002594 (0x00145413) srli x8, x8, 0x1                        spcl_Mdispatch_hndling+12
x8 <- 0x0000000000000005

clint mtime 0x00000000000004E1 (mip.MTI <- 0b1, mip.STI <- 0b0)
mem[X,0x0000000080002598] -> 0x0CE3
mem[X,0x000000008000259A] -> 0xF885
[2498] [M]: 0x0000000080002598 (0xF8850CE3) beq x10, x8, -0x68                      spcl_Mdispatch_hndling+16

mem[X,0x0000000080002530] -> 0x3303
mem[X,0x0000000080002532] -> 0x2601
[2499] [M]: 0x0000000080002530 (0x26013303) ld x6, 0x260(x2)                        resto_Mrtn+0
mem[R,0x0000000080006260] -> 0x000000001FDDB7D5
x6 <- 0x000000001FDDB7D5

clint mtime 0x00000000000004E2 (mip.MTI <- 0b1, mip.STI <- 0b0)
mem[X,0x0000000080002534] -> 0x3383
mem[X,0x0000000080002536] -> 0x2681
[2500] [M]: 0x0000000080002534 (0x26813383) ld x7, 0x268(x2)                        resto_Mrtn+4
mem[R,0x0000000080006268] -> 0x00000000003FBB6F
x7 <- 0x00000000003FBB6F

mem[X,0x0000000080002538] -> 0x3403
mem[X,0x000000008000253A] -> 0x2701
[2501] [M]: 0x0000000080002538 (0x27013403) ld x8, 0x270(x2)                        resto_Mrtn+8
mem[R,0x0000000080006270] -> 0x0000000000007F76
x8 <- 0x0000000000007F76

clint mtime 0x00000000000004E3 (mip.MTI <- 0b1, mip.STI <- 0b0)
mem[X,0x000000008000253C] -> 0x3483
mem[X,0x000000008000253E] -> 0x2781
[2502] [M]: 0x000000008000253C (0x27813483) ld x9, 0x278(x2)                        resto_Mrtn+12
mem[R,0x0000000080006278] -> 0x00000000000000FE
x9 <- 0x00000000000000FE

mem[X,0x0000000080002540] -> 0x3503
mem[X,0x0000000080002542] -> 0x2801
[2503] [M]: 0x0000000080002540 (0x28013503) ld x10, 0x280(x2)                       resto_Mrtn+16
mem[R,0x0000000080006280] -> 0x0000000000000001
x10 <- 0x0000000000000001

clint mtime 0x00000000000004E4 (mip.MTI <- 0b1, mip.STI <- 0b0)
mem[X,0x0000000080002544] -> 0x3583
mem[X,0x0000000080002546] -> 0x2881
[2504] [M]: 0x0000000080002544 (0x28813583) ld x11, 0x288(x2)                       resto_Mrtn+20
mem[R,0x0000000080006288] -> 0x0000000000000000
x11 <- 0x0000000000000000

mem[X,0x0000000080002548] -> 0x3103
mem[X,0x000000008000254A] -> 0x2901
[2505] [M]: 0x0000000080002548 (0x29013103) ld x2, 0x290(x2)                        resto_Mrtn+24
mem[R,0x0000000080006290] -> 0x01FDDB7D5BFDDB7F
x2 <- 0x01FDDB7D5BFDDB7F

clint mtime 0x00000000000004E5 (mip.MTI <- 0b1, mip.STI <- 0b0)
mem[X,0x000000008000254C] -> 0x0073
mem[X,0x000000008000254E] -> 0x3020
[2506] [M]: 0x000000008000254C (0x30200073) mret                                    resto_Mrtn+28
CSR mstatus (0x300) <- 0x0000000A00000080
ret-ing from M to M

mem[X,0x0000000080000D08] -> 0x0013
mem[X,0x0000000080000D0A] -> 0x0000
[2507] [M]: 0x0000000080000D08 (0x00000013) addi x0, x0, 0x0                        main+2344

clint mtime 0x00000000000004E6 (mip.MTI <- 0b1, mip.STI <- 0b0)
mem[X,0x0000000080000D0C] -> 0xBC23
mem[X,0x0000000080000D0E] -> 0x12E6
[2508] [M]: 0x0000000080000D0C (0x12E6BC23) sd x14, 0x138(x13)                      main+2348
mem[W,0x0000000080007350] <- 0x0000000000000013

mem[X,0x0000000080000D10] -> 0x8793
mem[X,0x0000000080000D12] -> 0xFFC7
[2509] [M]: 0x0000000080000D10 (0xFFC78793) addi x15, x15, -0x4                     main+2352
x15 <- 0x0000000080001FFC

clint mtime 0x00000000000004E7 (mip.MTI <- 0b1, mip.STI <- 0b0)
mem[X,0x0000000080000D14] -> 0xA703
mem[X,0x0000000080000D16] -> 0x0007
[2510] [M]: 0x0000000080000D14 (0x0007A703) lw x14, 0x0(x15)                        main+2356
mem[R,0x0000000080001FFC] -> 0x00000013
x14 <- 0x0000000000000013

mem[X,0x0000000080000D18] -> 0x0013
mem[X,0x0000000080000D1A] -> 0x0000
[2511] [M]: 0x0000000080000D18 (0x00000013) addi x0, x0, 0x0                        main+2360

clint mtime 0x00000000000004E8 (mip.MTI <- 0b1, mip.STI <- 0b0)
mem[X,0x0000000080000D1C] -> 0x0013
mem[X,0x0000000080000D1E] -> 0x0000
[2512] [M]: 0x0000000080000D1C (0x00000013) addi x0, x0, 0x0                        main+2364

mem[X,0x0000000080000D20] -> 0xB023
mem[X,0x0000000080000D22] -> 0x14E6
[2513] [M]: 0x0000000080000D20 (0x14E6B023) sd x14, 0x140(x13)                      main+2368
mem[W,0x0000000080007358] <- 0x0000000000000013

clint mtime 0x00000000000004E9 (mip.MTI <- 0b1, mip.STI <- 0b0)
mem[X,0x0000000080000D24] -> 0x8793
mem[X,0x0000000080000D26] -> 0x0087
[2514] [M]: 0x0000000080000D24 (0x00878793) addi x15, x15, 0x8                      main+2372
x15 <- 0x0000000080002004

mem[X,0x0000000080000D28] -> 0xA703
mem[X,0x0000000080000D2A] -> 0x0007
[2515] [M]: 0x0000000080000D28 (0x0007A703) lw x14, 0x0(x15)                        main+2376
mem[R,0x0000000080002004] -> 0x00000013
x14 <- 0x0000000000000013

clint mtime 0x00000000000004EA (mip.MTI <- 0b1, mip.STI <- 0b0)
mem[X,0x0000000080000D2C] -> 0x0013
mem[X,0x0000000080000D2E] -> 0x0000
[2516] [M]: 0x0000000080000D2C (0x00000013) addi x0, x0, 0x0                        main+2380

mem[X,0x0000000080000D30] -> 0x0013
mem[X,0x0000000080000D32] -> 0x0000
[2517] [M]: 0x0000000080000D30 (0x00000013) addi x0, x0, 0x0                        main+2384

clint mtime 0x00000000000004EB (mip.MTI <- 0b1, mip.STI <- 0b0)
mem[X,0x0000000080000D34] -> 0xB423
mem[X,0x0000000080000D36] -> 0x14E6
[2518] [M]: 0x0000000080000D34 (0x14E6B423) sd x14, 0x148(x13)                      main+2388
mem[W,0x0000000080007360] <- 0x0000000000000013

mem[X,0x0000000080000D38] -> 0x0013
mem[X,0x0000000080000D3A] -> 0x0000
[2519] [M]: 0x0000000080000D38 (0x00000013) addi x0, x0, 0x0                        main+2392

clint mtime 0x00000000000004EC (mip.MTI <- 0b1, mip.STI <- 0b0)
mem[X,0x0000000080000D3C] -> 0x0013
mem[X,0x0000000080000D3E] -> 0x0000
[2520] [M]: 0x0000000080000D3C (0x00000013) addi x0, x0, 0x0                        main+2396

mem[X,0x0000000080000D40] -> 0x12B7
mem[X,0x0000000080000D42] -> 0x2000
[2521] [M]: 0x0000000080000D40 (0x200012B7) lui x5, 0x20001                         main+2400
x5 <- 0x0000000020001000

clint mtime 0x00000000000004ED (mip.MTI <- 0b1, mip.STI <- 0b0)
mem[X,0x0000000080000D44] -> 0x829B
mem[X,0x0000000080000D46] -> 0x8002
[2522] [M]: 0x0000000080000D44 (0x8002829B) addiw x5, x5, -0x800                    main+2404
x5 <- 0x0000000020000800

mem[X,0x0000000080000D48] -> 0x0001
[2523] [M]: 0x0000000080000D48 (0x0001) c.nop                                       main+2408

clint mtime 0x00000000000004EE (mip.MTI <- 0b1, mip.STI <- 0b0)
mem[X,0x0000000080000D4A] -> 0x0013
mem[X,0x0000000080000D4C] -> 0x0000
[2524] [M]: 0x0000000080000D4A (0x00000013) addi x0, x0, 0x0                        main+2410

mem[X,0x0000000080000D4E] -> 0x0013
mem[X,0x0000000080000D50] -> 0x0000
[2525] [M]: 0x0000000080000D4E (0x00000013) addi x0, x0, 0x0                        main+2414

clint mtime 0x00000000000004EF (mip.MTI <- 0b1, mip.STI <- 0b0)
mem[X,0x0000000080000D52] -> 0x0013
mem[X,0x0000000080000D54] -> 0x0000
[2526] [M]: 0x0000000080000D52 (0x00000013) addi x0, x0, 0x0                        main+2418

mem[X,0x0000000080000D56] -> 0x0013
mem[X,0x0000000080000D58] -> 0x0000
[2527] [M]: 0x0000000080000D56 (0x00000013) addi x0, x0, 0x0                        main+2422

clint mtime 0x00000000000004F0 (mip.MTI <- 0b1, mip.STI <- 0b0)
mem[X,0x0000000080000D5A] -> 0x0013
mem[X,0x0000000080000D5C] -> 0x0000
[2528] [M]: 0x0000000080000D5A (0x00000013) addi x0, x0, 0x0                        main+2426

mem[X,0x0000000080000D5E] -> 0x0001
[2529] [M]: 0x0000000080000D5E (0x0001) c.nop                                       main+2430

clint mtime 0x00000000000004F1 (mip.MTI <- 0b1, mip.STI <- 0b0)
mem[X,0x0000000080000D60] -> 0x9073
mem[X,0x0000000080000D62] -> 0x3B02
[2530] [M]: 0x0000000080000D60 (0x3B029073) csrrw x0, pmpaddr0, x5                  main+2432
CSR pmpaddr0 (0x3B0) <- 0x0000000020000800

mem[X,0x0000000080000D64] -> 0x0213
mem[X,0x0000000080000D66] -> 0x0900
[2531] [M]: 0x0000000080000D64 (0x09000213) addi x4, x0, 0x90                       main+2436
x4 <- 0x0000000000000090

clint mtime 0x00000000000004F2 (mip.MTI <- 0b1, mip.STI <- 0b0)
mem[X,0x0000000080000D68] -> 0x1073
mem[X,0x0000000080000D6A] -> 0x3A02
[2532] [M]: 0x0000000080000D68 (0x3A021073) csrrw x0, pmpcfg0, x4                   main+2440
CSR pmpcfg0 (0x3A0) <- 0x9090909090909090

mem[X,0x0000000080000D6C] -> 0x0013
mem[X,0x0000000080000D6E] -> 0x0000
[2533] [M]: 0x0000000080000D6C (0x00000013) addi x0, x0, 0x0                        main+2444

clint mtime 0x00000000000004F3 (mip.MTI <- 0b1, mip.STI <- 0b0)
mem[X,0x0000000080000D70] -> 0x0013
mem[X,0x0000000080000D72] -> 0x0000
[2534] [M]: 0x0000000080000D70 (0x00000013) addi x0, x0, 0x0                        main+2448

mem[X,0x0000000080000D74] -> 0x0013
mem[X,0x0000000080000D76] -> 0x0000
[2535] [M]: 0x0000000080000D74 (0x00000013) addi x0, x0, 0x0                        main+2452

clint mtime 0x00000000000004F4 (mip.MTI <- 0b1, mip.STI <- 0b0)
mem[X,0x0000000080000D78] -> 0x0013
mem[X,0x0000000080000D7A] -> 0x0000
[2536] [M]: 0x0000000080000D78 (0x00000013) addi x0, x0, 0x0                        main+2456

mem[X,0x0000000080000D7C] -> 0x0013
mem[X,0x0000000080000D7E] -> 0x0000
[2537] [M]: 0x0000000080000D7C (0x00000013) addi x0, x0, 0x0                        main+2460

clint mtime 0x00000000000004F5 (mip.MTI <- 0b1, mip.STI <- 0b0)
mem[X,0x0000000080000D80] -> 0x1797
mem[X,0x0000000080000D82] -> 0x0000
[2538] [M]: 0x0000000080000D80 (0x00001797) auipc x15, 0x1                          main+2464
x15 <- 0x0000000080001D80

mem[X,0x0000000080000D84] -> 0x8793
mem[X,0x0000000080000D86] -> 0x2807
[2539] [M]: 0x0000000080000D84 (0x28078793) addi x15, x15, 0x280                    main+2468
x15 <- 0x0000000080002000

clint mtime 0x00000000000004F6 (mip.MTI <- 0b1, mip.STI <- 0b0)
mem[X,0x0000000080000D88] -> 0x0001
[2540] [M]: 0x0000000080000D88 (0x0001) c.nop                                       main+2472

mem[X,0x0000000080000D8A] -> 0x0013
mem[X,0x0000000080000D8C] -> 0x0000
[2541] [M]: 0x0000000080000D8A (0x00000013) addi x0, x0, 0x0                        main+2474

clint mtime 0x00000000000004F7 (mip.MTI <- 0b1, mip.STI <- 0b0)
mem[X,0x0000000080000D8E] -> 0x0013
mem[X,0x0000000080000D90] -> 0x0000
[2542] [M]: 0x0000000080000D8E (0x00000013) addi x0, x0, 0x0                        main+2478

mem[X,0x0000000080000D92] -> 0x0013
mem[X,0x0000000080000D94] -> 0x0000
[2543] [M]: 0x0000000080000D92 (0x00000013) addi x0, x0, 0x0                        main+2482

clint mtime 0x00000000000004F8 (mip.MTI <- 0b1, mip.STI <- 0b0)
mem[X,0x0000000080000D96] -> 0x0013
mem[X,0x0000000080000D98] -> 0x0000
[2544] [M]: 0x0000000080000D96 (0x00000013) addi x0, x0, 0x0                        main+2486

mem[X,0x0000000080000D9A] -> 0x0013
mem[X,0x0000000080000D9C] -> 0x0000
[2545] [M]: 0x0000000080000D9A (0x00000013) addi x0, x0, 0x0                        main+2490

clint mtime 0x00000000000004F9 (mip.MTI <- 0b1, mip.STI <- 0b0)
mem[X,0x0000000080000D9E] -> 0x0001
[2546] [M]: 0x0000000080000D9E (0x0001) c.nop                                       main+2494

mem[X,0x0000000080000DA0] -> 0xA703
mem[X,0x0000000080000DA2] -> 0x0007
[2547] [M]: 0x0000000080000DA0 (0x0007A703) lw x14, 0x0(x15)                        main+2496
trapping from M to M to handle load-access-fault
handling exc#load-access-fault at priv M with tval 0x0000000080002000
CSR mstatus (0x300) <- 0x0000000A00001800
CSR mcause (0x342) <- 0x0000000000000005
CSR mtval (0x343) <- 0x0000000080002000
CSR mepc (0x341) <- 0x0000000080000DA0

clint mtime 0x00000000000004FA (mip.MTI <- 0b1, mip.STI <- 0b0)
mem[X,0x0000000080002100] -> 0x006F
mem[X,0x0000000080002102] -> 0x1000
[2548] [M]: 0x0000000080002100 (0x1000006F) jal x0, 0x100                           Mtrampoline+0

mem[X,0x0000000080002200] -> 0x1173
mem[X,0x0000000080002202] -> 0x3401
[2549] [M]: 0x0000000080002200 (0x34011173) csrrw x2, mscratch, x2                  trap_Mhandler+0
CSR mscratch (0x340) <- 0x01FDDB7D5BFDDB7F
x2 <- 0x0000000080006000

clint mtime 0x00000000000004FB (mip.MTI <- 0b1, mip.STI <- 0b0)
mem[X,0x0000000080002204] -> 0x3423
mem[X,0x0000000080002206] -> 0x28B1
[2550] [M]: 0x0000000080002204 (0x28B13423) sd x11, 0x288(x2)                       trap_Mhandler+4
mem[W,0x0000000080006288] <- 0x0000000000000000

mem[X,0x0000000080002208] -> 0x05EF
mem[X,0x000000008000220A] -> 0x0B80
[2551] [M]: 0x0000000080002208 (0x0B8005EF) jal x11, 0xb8                           trap_Mhandler+8
x11 <- 0x000000008000220C

clint mtime 0x00000000000004FC (mip.MTI <- 0b1, mip.STI <- 0b0)
mem[X,0x00000000800022C0] -> 0x3023
mem[X,0x00000000800022C2] -> 0x28A1
[2552] [M]: 0x00000000800022C0 (0x28A13023) sd x10, 0x280(x2)                       common_Mhandler+0
mem[W,0x0000000080006280] <- 0x0000000000000001

mem[X,0x00000000800022C4] -> 0x1573
mem[X,0x00000000800022C6] -> 0x3401
[2553] [M]: 0x00000000800022C4 (0x34011573) csrrw x10, mscratch, x2                 common_Mhandler+4
CSR mscratch (0x340) <- 0x0000000080006000
x10 <- 0x01FDDB7D5BFDDB7F

clint mtime 0x00000000000004FD (mip.MTI <- 0b1, mip.STI <- 0b0)
mem[X,0x00000000800022C8] -> 0x3823
mem[X,0x00000000800022CA] -> 0x28A1
[2554] [M]: 0x00000000800022C8 (0x28A13823) sd x10, 0x290(x2)                       common_Mhandler+8
mem[W,0x0000000080006290] <- 0x01FDDB7D5BFDDB7F

mem[X,0x00000000800022CC] -> 0x3503
mem[X,0x00000000800022CE] -> 0x2301
[2555] [M]: 0x00000000800022CC (0x23013503) ld x10, 0x230(x2)                       common_Mhandler+12
mem[R,0x0000000080006230] -> 0x00000000800022D4
x10 <- 0x00000000800022D4

clint mtime 0x00000000000004FE (mip.MTI <- 0b1, mip.STI <- 0b0)
mem[X,0x00000000800022D0] -> 0x0067
mem[X,0x00000000800022D2] -> 0x0005
[2556] [M]: 0x00000000800022D0 (0x00050067) jalr x0, 0x0(x10)                       common_Mhandler+16

mem[X,0x00000000800022D4] -> 0x3C23
mem[X,0x00000000800022D6] -> 0x2691
[2557] [M]: 0x00000000800022D4 (0x26913C23) sd x9, 0x278(x2)                        common_Mentry+0
mem[W,0x0000000080006278] <- 0x00000000000000FE

clint mtime 0x00000000000004FF (mip.MTI <- 0b1, mip.STI <- 0b0)
mem[X,0x00000000800022D8] -> 0x3823
mem[X,0x00000000800022DA] -> 0x2681
[2558] [M]: 0x00000000800022D8 (0x26813823) sd x8, 0x270(x2)                        common_Mentry+4
mem[W,0x0000000080006270] <- 0x0000000000007F76

mem[X,0x00000000800022DC] -> 0x3423
mem[X,0x00000000800022DE] -> 0x2671
[2559] [M]: 0x00000000800022DC (0x26713423) sd x7, 0x268(x2)                        common_Mentry+8
mem[W,0x0000000080006268] <- 0x00000000003FBB6F

clint mtime 0x0000000000000500 (mip.MTI <- 0b1, mip.STI <- 0b0)
mem[X,0x00000000800022E0] -> 0x3023
mem[X,0x00000000800022E2] -> 0x2661
[2560] [M]: 0x00000000800022E0 (0x26613023) sd x6, 0x260(x2)                        common_Mentry+12
mem[W,0x0000000080006260] <- 0x000000001FDDB7D5

mem[X,0x00000000800022E4] -> 0x2573
mem[X,0x00000000800022E6] -> 0x3420
[2561] [M]: 0x00000000800022E4 (0x34202573) csrrs x10, mcause, x0                   spcl_M2mmode_test+0
CSR mcause (0x342) -> 0x0000000000000005
x10 <- 0x0000000000000005

clint mtime 0x0000000000000501 (mip.MTI <- 0b1, mip.STI <- 0b0)
mem[X,0x00000000800022E8] -> 0x04B7
mem[X,0x00000000800022EA] -> 0x8000
[2562] [M]: 0x00000000800022E8 (0x800004B7) lui x9, -0x80000                        spcl_M2mmode_test+4
x9 <- 0xFFFFFFFF80000000

mem[X,0x00000000800022EC] -> 0x8493
mem[X,0x00000000800022EE] -> 0x0004
[2563] [M]: 0x00000000800022EC (0x00048493) addi x9, x9, 0x0                        spcl_M2mmode_test+8
x9 <- 0xFFFFFFFF80000000

clint mtime 0x0000000000000502 (mip.MTI <- 0b1, mip.STI <- 0b0)
mem[X,0x00000000800022F0] -> 0x9493
mem[X,0x00000000800022F2] -> 0x00B4
[2564] [M]: 0x00000000800022F0 (0x00B49493) slli x9, x9, 0xb                        spcl_M2mmode_test+12
x9 <- 0xFFFFFC0000000000

mem[X,0x00000000800022F4] -> 0x8493
mem[X,0x00000000800022F6] -> 0x0004
[2565] [M]: 0x00000000800022F4 (0x00048493) addi x9, x9, 0x0                        spcl_M2mmode_test+16
x9 <- 0xFFFFFC0000000000

clint mtime 0x0000000000000503 (mip.MTI <- 0b1, mip.STI <- 0b0)
mem[X,0x00000000800022F8] -> 0x9493
mem[X,0x00000000800022FA] -> 0x00B4
[2566] [M]: 0x00000000800022F8 (0x00B49493) slli x9, x9, 0xb                        spcl_M2mmode_test+20
x9 <- 0xFFE0000000000000

mem[X,0x00000000800022FC] -> 0x8493
mem[X,0x00000000800022FE] -> 0x0034
[2567] [M]: 0x00000000800022FC (0x00348493) addi x9, x9, 0x3                        spcl_M2mmode_test+24
x9 <- 0xFFE0000000000003

clint mtime 0x0000000000000504 (mip.MTI <- 0b1, mip.STI <- 0b0)
mem[X,0x0000000080002300] -> 0x9493
mem[X,0x0000000080002302] -> 0x00A4
[2568] [M]: 0x0000000080002300 (0x00A49493) slli x9, x9, 0xa                        spcl_M2mmode_test+28
x9 <- 0x8000000000000C00

mem[X,0x0000000080002304] -> 0x8493
mem[X,0x0000000080002306] -> 0x3FC4
[2569] [M]: 0x0000000080002304 (0x3FC48493) addi x9, x9, 0x3fc                      spcl_M2mmode_test+32
x9 <- 0x8000000000000FFC

clint mtime 0x0000000000000505 (mip.MTI <- 0b1, mip.STI <- 0b0)
mem[X,0x0000000080002308] -> 0xF4B3
mem[X,0x000000008000230A] -> 0x00A4
[2570] [M]: 0x0000000080002308 (0x00A4F4B3) and x9, x9, x10                         spcl_M2mmode_test+36
x9 <- 0x0000000000000004

mem[X,0x000000008000230C] -> 0x8493
mem[X,0x000000008000230E] -> 0xFF84
[2571] [M]: 0x000000008000230C (0xFF848493) addi x9, x9, -0x8                       spcl_M2mmode_test+40
x9 <- 0xFFFFFFFFFFFFFFFC

clint mtime 0x0000000000000506 (mip.MTI <- 0b1, mip.STI <- 0b0)
mem[X,0x0000000080002310] -> 0x9663
mem[X,0x0000000080002312] -> 0x0004
[2572] [M]: 0x0000000080002310 (0x00049663) bne x9, x0, 0xc                         spcl_M2mmode_test+44

mem[X,0x000000008000231C] -> 0x0393
mem[X,0x000000008000231E] -> 0x0200
[2573] [M]: 0x000000008000231C (0x02000393) addi x7, x0, 0x20                       Mtrapsig_ptr_upd+0
x7 <- 0x0000000000000020

clint mtime 0x0000000000000507 (mip.MTI <- 0b1, mip.STI <- 0b0)
mem[X,0x0000000080002320] -> 0x5263
mem[X,0x0000000080002322] -> 0x0405
[2574] [M]: 0x0000000080002320 (0x04055263) bge x10, x0, 0x44                       Mtrapsig_ptr_upd+4

mem[X,0x0000000080002364] -> 0x2373
mem[X,0x0000000080002366] -> 0x3010
[2575] [M]: 0x0000000080002364 (0x30102373) csrrs x6, misa, x0                      Mxcpt_sig_sv+0
CSR misa (0x301) -> 0x800000000034112F
x6 <- 0x800000000034112F

clint mtime 0x0000000000000508 (mip.MTI <- 0b1, mip.STI <- 0b0)
mem[X,0x0000000080002368] -> 0x1313
mem[X,0x000000008000236A] -> 0x0383
[2576] [M]: 0x0000000080002368 (0x03831313) slli x6, x6, 0x38                       Mxcpt_sig_sv+4
x6 <- 0x2F00000000000000

mem[X,0x000000008000236C] -> 0x5463
mem[X,0x000000008000236E] -> 0x0003
[2577] [M]: 0x000000008000236C (0x00035463) bge x6, x0, 0x8                         Mxcpt_sig_sv+8

clint mtime 0x0000000000000509 (mip.MTI <- 0b1, mip.STI <- 0b0)
mem[X,0x0000000080002374] -> 0x3303
mem[X,0x0000000080002376] -> 0x2181
[2578] [M]: 0x0000000080002374 (0x21813303) ld x6, 0x218(x2)                        Mtrap_sig_sv+0
mem[R,0x0000000080006218] -> 0x00000000800075E0
x6 <- 0x00000000800075E0

mem[X,0x0000000080002378] -> 0x04B3
mem[X,0x000000008000237A] -> 0x0073
[2579] [M]: 0x0000000080002378 (0x007304B3) add x9, x6, x7                          Mtrap_sig_sv+4
x9 <- 0x0000000080007600

clint mtime 0x000000000000050A (mip.MTI <- 0b1, mip.STI <- 0b0)
mem[X,0x000000008000237C] -> 0x3C23
mem[X,0x000000008000237E] -> 0x2091
[2580] [M]: 0x000000008000237C (0x20913C23) sd x9, 0x218(x2)                        Mtrap_sig_sv+8
mem[W,0x0000000080006218] <- 0x0000000080007600

mem[X,0x0000000080002380] -> 0x3403
mem[X,0x0000000080002382] -> 0x1F81
[2581] [M]: 0x0000000080002380 (0x1F813403) ld x8, 0x1f8(x2)                        Mtrap_sig_sv+12
mem[R,0x00000000800061F8] -> 0x0000000080007210
x8 <- 0x0000000080007210

clint mtime 0x000000000000050B (mip.MTI <- 0b1, mip.STI <- 0b0)
mem[X,0x0000000080002384] -> 0x0333
mem[X,0x0000000080002386] -> 0x4083
[2582] [M]: 0x0000000080002384 (0x40830333) sub x6, x6, x8                          Mtrap_sig_sv+16
x6 <- 0x00000000000003D0

mem[X,0x0000000080002388] -> 0x3403
mem[X,0x000000008000238A] -> 0x1F81
[2583] [M]: 0x0000000080002388 (0x1F813403) ld x8, 0x1f8(x2)                        Mtrap_sig_sv+20
mem[R,0x00000000800061F8] -> 0x0000000080007210
x8 <- 0x0000000080007210

clint mtime 0x000000000000050C (mip.MTI <- 0b1, mip.STI <- 0b0)
mem[X,0x000000008000238C] -> 0x0333
mem[X,0x000000008000238E] -> 0x0083
[2584] [M]: 0x000000008000238C (0x00830333) add x6, x6, x8                          Mtrap_sig_sv+24
x6 <- 0x00000000800075E0

mem[X,0x0000000080002390] -> 0x3403
mem[X,0x0000000080002392] -> 0x2401
[2585] [M]: 0x0000000080002390 (0x24013403) ld x8, 0x240(x2)                        Mtrap_sig_sv+28
mem[R,0x0000000080006240] -> 0x0000000080002100
x8 <- 0x0000000080002100

clint mtime 0x000000000000050D (mip.MTI <- 0b1, mip.STI <- 0b0)
mem[X,0x0000000080002394] -> 0x85B3
mem[X,0x0000000080002396] -> 0x4085
[2586] [M]: 0x0000000080002394 (0x408585B3) sub x11, x11, x8                        sv_Mvect+0
x11 <- 0x000000000000010C

mem[X,0x0000000080002398] -> 0x9593
mem[X,0x000000008000239A] -> 0x0045
[2587] [M]: 0x0000000080002398 (0x00459593) slli x11, x11, 0x4                      sv_Mvect+4
x11 <- 0x00000000000010C0

clint mtime 0x000000000000050E (mip.MTI <- 0b1, mip.STI <- 0b0)
mem[X,0x000000008000239C] -> 0xE5B3
mem[X,0x000000008000239E] -> 0x0075
[2588] [M]: 0x000000008000239C (0x0075E5B3) or x11, x11, x7                         sv_Mvect+8
x11 <- 0x00000000000010E0

mem[X,0x00000000800023A0] -> 0x8593
mem[X,0x00000000800023A2] -> 0x0035
[2589] [M]: 0x00000000800023A0 (0x00358593) addi x11, x11, 0x3                      sv_Mvect+12
x11 <- 0x00000000000010E3

clint mtime 0x000000000000050F (mip.MTI <- 0b1, mip.STI <- 0b0)
mem[X,0x00000000800023A4] -> 0x3023
mem[X,0x00000000800023A6] -> 0x00B3
[2590] [M]: 0x00000000800023A4 (0x00B33023) sd x11, 0x0(x6)                         sv_Mvect+16
mem[W,0x00000000800075E0] <- 0x00000000000010E3

mem[X,0x00000000800023A8] -> 0x3423
mem[X,0x00000000800023AA] -> 0x00A3
[2591] [M]: 0x00000000800023A8 (0x00A33423) sd x10, 0x8(x6)                         sv_Mcause+0
mem[W,0x00000000800075E8] <- 0x0000000000000005

clint mtime 0x0000000000000510 (mip.MTI <- 0b1, mip.STI <- 0b0)
mem[X,0x00000000800023AC] -> 0x4263
mem[X,0x00000000800023AE] -> 0x1A05
[2592] [M]: 0x00000000800023AC (0x1A054263) blt x10, x0, 0x1a4                      sv_Mcause+4

mem[X,0x00000000800023B0] -> 0x25F3
mem[X,0x00000000800023B2] -> 0x3000
[2593] [M]: 0x00000000800023B0 (0x300025F3) csrrs x11, mstatus, x0                  common_Mexcpt_handler+0
CSR mstatus (0x300) -> 0x0000000A00001800
x11 <- 0x0000000A00001800

clint mtime 0x0000000000000511 (mip.MTI <- 0b1, mip.STI <- 0b0)
mem[X,0x00000000800023B4] -> 0x9413
mem[X,0x00000000800023B6] -> 0x02E5
[2594] [M]: 0x00000000800023B4 (0x02E59413) slli x8, x11, 0x2e                      common_Mexcpt_handler+4
x8 <- 0x0600000000000000

mem[X,0x00000000800023B8] -> 0x5463
mem[X,0x00000000800023BA] -> 0x0004
[2595] [M]: 0x00000000800023B8 (0x00045463) bge x8, x0, 0x8                         common_Mexcpt_handler+8

clint mtime 0x0000000000000512 (mip.MTI <- 0b1, mip.STI <- 0b0)
mem[X,0x00000000800023C0] -> 0xD493
mem[X,0x00000000800023C2] -> 0x00B5
[2596] [M]: 0x00000000800023C0 (0x00B5D493) srli x9, x11, 0xb                       common_Mexcpt_handler+16
x9 <- 0x0000000001400003

mem[X,0x00000000800023C4] -> 0xF493
mem[X,0x00000000800023C6] -> 0x0034
[2597] [M]: 0x00000000800023C4 (0x0034F493) andi x9, x9, 0x3                        common_Mexcpt_handler+20
x9 <- 0x0000000000000003

clint mtime 0x0000000000000513 (mip.MTI <- 0b1, mip.STI <- 0b0)
mem[X,0x00000000800023C8] -> 0x8493
mem[X,0x00000000800023CA] -> 0x0014
[2598] [M]: 0x00000000800023C8 (0x00148493) addi x9, x9, 0x1                        common_Mexcpt_handler+24
x9 <- 0x0000000000000004

mem[X,0x00000000800023CC] -> 0xF493
mem[X,0x00000000800023CE] -> 0x0044
[2599] [M]: 0x00000000800023CC (0x0044F493) andi x9, x9, 0x4                        common_Mexcpt_handler+28
x9 <- 0x0000000000000004

clint mtime 0x0000000000000514 (mip.MTI <- 0b1, mip.STI <- 0b0)
mem[X,0x00000000800023D0] -> 0x0593
mem[X,0x00000000800023D2] -> 0x05D0
[2600] [M]: 0x00000000800023D0 (0x05D00593) addi x11, x0, 0x5d                      common_Mexcpt_handler+32
x11 <- 0x000000000000005D

mem[X,0x00000000800023D4] -> 0xD5B3
mem[X,0x00000000800023D6] -> 0x0095
[2601] [M]: 0x00000000800023D4 (0x0095D5B3) srl x11, x11, x9                        common_Mexcpt_handler+36
x11 <- 0x0000000000000005

clint mtime 0x0000000000000515 (mip.MTI <- 0b1, mip.STI <- 0b0)
mem[X,0x00000000800023D8] -> 0xF593
mem[X,0x00000000800023DA] -> 0x0015
[2602] [M]: 0x00000000800023D8 (0x0015F593) andi x11, x11, 0x1                      common_Mexcpt_handler+40
x11 <- 0x0000000000000001

mem[X,0x00000000800023DC] -> 0x8EE3
mem[X,0x00000000800023DE] -> 0xF405
[2603] [M]: 0x00000000800023DC (0xF4058EE3) beq x11, x0, -0xa4                      common_Mexcpt_handler+44

clint mtime 0x0000000000000516 (mip.MTI <- 0b1, mip.STI <- 0b0)
mem[X,0x00000000800023E0] -> 0x0593
mem[X,0x00000000800023E2] -> 0x2980
[2604] [M]: 0x00000000800023E0 (0x29800593) addi x11, x0, 0x298                     common_Mexcpt_handler+48
x11 <- 0x0000000000000298

mem[X,0x00000000800023E4] -> 0xF413
mem[X,0x00000000800023E6] -> 0x0014
[2605] [M]: 0x00000000800023E4 (0x0014F413) andi x8, x9, 0x1                        common_Mexcpt_handler+52
x8 <- 0x0000000000000000

clint mtime 0x0000000000000517 (mip.MTI <- 0b1, mip.STI <- 0b0)
mem[X,0x00000000800023E8] -> 0x95B3
mem[X,0x00000000800023EA] -> 0x0085
[2606] [M]: 0x00000000800023E8 (0x008595B3) sll x11, x11, x8                        common_Mexcpt_handler+56
x11 <- 0x0000000000000298

mem[X,0x00000000800023EC] -> 0x9413
mem[X,0x00000000800023EE] -> 0x03D4
[2607] [M]: 0x00000000800023EC (0x03D49413) slli x8, x9, 0x3d                       common_Mexcpt_handler+60
x8 <- 0x8000000000000000

clint mtime 0x0000000000000518 (mip.MTI <- 0b1, mip.STI <- 0b0)
mem[X,0x00000000800023F0] -> 0x5413
mem[X,0x00000000800023F2] -> 0x43F4
[2608] [M]: 0x00000000800023F0 (0x43F45413) srai x8, x8, 0x3f                       common_Mexcpt_handler+64
x8 <- 0xFFFFFFFFFFFFFFFF

mem[X,0x00000000800023F4] -> 0x4413
mem[X,0x00000000800023F6] -> 0xFFF4
[2609] [M]: 0x00000000800023F4 (0xFFF44413) xori x8, x8, -0x1                       common_Mexcpt_handler+68
x8 <- 0x0000000000000000

clint mtime 0x0000000000000519 (mip.MTI <- 0b1, mip.STI <- 0b0)
mem[X,0x00000000800023F8] -> 0xF4B3
mem[X,0x00000000800023FA] -> 0x0085
[2610] [M]: 0x00000000800023F8 (0x0085F4B3) and x9, x11, x8                         common_Mexcpt_handler+72
x9 <- 0x0000000000000000

mem[X,0x00000000800023FC] -> 0x84B3
mem[X,0x00000000800023FE] -> 0x0024
[2611] [M]: 0x00000000800023FC (0x002484B3) add x9, x9, x2                          vmem_adj_Mepc+0
x9 <- 0x0000000080006000

clint mtime 0x000000000000051A (mip.MTI <- 0b1, mip.STI <- 0b0)
mem[X,0x0000000080002400] -> 0x23F3
mem[X,0x0000000080002402] -> 0x3410
[2612] [M]: 0x0000000080002400 (0x341023F3) csrrs x7, mepc, x0                      vmem_adj_Mepc+4
CSR mepc (0x341) -> 0x0000000080000DA0
x7 <- 0x0000000080000DA0

mem[X,0x0000000080002404] -> 0x0413
mem[X,0x0000000080002406] -> 0x0004
[2613] [M]: 0x0000000080002404 (0x00040413) addi x8, x8, 0x0                        vmem_adj_Mepc+8
x8 <- 0x0000000000000000

clint mtime 0x000000000000051B (mip.MTI <- 0b1, mip.STI <- 0b0)
mem[X,0x0000000080002408] -> 0x006F
mem[X,0x000000008000240A] -> 0x0400
[2614] [M]: 0x0000000080002408 (0x0400006F) jal x0, 0x40                            vmem_adj_Mepc+12

mem[X,0x0000000080002448] -> 0x8433
mem[X,0x000000008000244A] -> 0x4083
[2615] [M]: 0x0000000080002448 (0x40838433) sub x8, x7, x8                          adj_Mepc+0
x8 <- 0x0000000080000DA0

clint mtime 0x000000000000051C (mip.MTI <- 0b1, mip.STI <- 0b0)
mem[X,0x000000008000244C] -> 0x3823
mem[X,0x000000008000244E] -> 0x0083
[2616] [M]: 0x000000008000244C (0x00833823) sd x8, 0x10(x6)                         sv_Mepc+0
mem[W,0x00000000800075F0] <- 0x0000000080000DA0

mem[X,0x0000000080002450] -> 0x55B7
mem[X,0x0000000080002452] -> 0x0000
[2617] [M]: 0x0000000080002450 (0x000055B7) lui x11, 0x5                            sv_Mepc+4
x11 <- 0x0000000000005000

clint mtime 0x000000000000051D (mip.MTI <- 0b1, mip.STI <- 0b0)
mem[X,0x0000000080002454] -> 0x8593
mem[X,0x0000000080002456] -> 0x6675
[2618] [M]: 0x0000000080002454 (0x66758593) addi x11, x11, 0x667                    sv_Mepc+8
x11 <- 0x0000000000005667

mem[X,0x0000000080002458] -> 0x9593
mem[X,0x000000008000245A] -> 0x0015
[2619] [M]: 0x0000000080002458 (0x00159593) slli x11, x11, 0x1                      sv_Mepc+12
x11 <- 0x000000000000ACCE

clint mtime 0x000000000000051E (mip.MTI <- 0b1, mip.STI <- 0b0)
mem[X,0x000000008000245C] -> 0x9063
mem[X,0x000000008000245E] -> 0x02B1
[2620] [M]: 0x000000008000245C (0x02B19063) bne x3, x11, 0x20                       sv_Mepc+16

mem[X,0x000000008000247C] -> 0xF593
mem[X,0x000000008000247E] -> 0xFFC3
[2621] [M]: 0x000000008000247C (0xFFC3F593) andi x11, x7, -0x4                      adj_Mepc_rtn+0
x11 <- 0x0000000080000DA0

clint mtime 0x000000000000051F (mip.MTI <- 0b1, mip.STI <- 0b0)
mem[X,0x0000000080002480] -> 0x8593
mem[X,0x0000000080002482] -> 0x0085
[2622] [M]: 0x0000000080002480 (0x00858593) addi x11, x11, 0x8                      adj_Mepc_rtn+4
x11 <- 0x0000000080000DA8

mem[X,0x0000000080002484] -> 0x9073
mem[X,0x0000000080002486] -> 0x3415
[2623] [M]: 0x0000000080002484 (0x34159073) csrrw x0, mepc, x11                     adj_Mepc_rtn+8
CSR mepc (0x341) <- 0x0000000080000DA8

clint mtime 0x0000000000000520 (mip.MTI <- 0b1, mip.STI <- 0b0)
mem[X,0x0000000080002488] -> 0x23F3
mem[X,0x000000008000248A] -> 0x3430
[2624] [M]: 0x0000000080002488 (0x343023F3) csrrs x7, mtval, x0                     skp_adj_Mepc+0
CSR mtval (0x343) -> 0x0000000080002000
x7 <- 0x0000000080002000

mem[X,0x000000008000248C] -> 0x7513
mem[X,0x000000008000248E] -> 0x00F5
[2625] [M]: 0x000000008000248C (0x00F57513) andi x10, x10, 0xf                      chk_Mtval+0
x10 <- 0x0000000000000005

clint mtime 0x0000000000000521 (mip.MTI <- 0b1, mip.STI <- 0b0)
mem[X,0x0000000080002490] -> 0x0437
mem[X,0x0000000080002492] -> 0x0000
[2626] [M]: 0x0000000080002490 (0x00000437) lui x8, 0x0                             chk_Mtval+4
x8 <- 0x0000000000000000

mem[X,0x0000000080002494] -> 0x0413
mem[X,0x0000000080002496] -> 0x0004
[2627] [M]: 0x0000000080002494 (0x00040413) addi x8, x8, 0x0                        chk_Mtval+8
x8 <- 0x0000000000000000

clint mtime 0x0000000000000522 (mip.MTI <- 0b1, mip.STI <- 0b0)
mem[X,0x0000000080002498] -> 0x1413
mem[X,0x000000008000249A] -> 0x00B4
[2628] [M]: 0x0000000080002498 (0x00B41413) slli x8, x8, 0xb                        chk_Mtval+12
x8 <- 0x0000000000000000

mem[X,0x000000008000249C] -> 0x0413
mem[X,0x000000008000249E] -> 0x0004
[2629] [M]: 0x000000008000249C (0x00040413) addi x8, x8, 0x0                        chk_Mtval+16
x8 <- 0x0000000000000000

clint mtime 0x0000000000000523 (mip.MTI <- 0b1, mip.STI <- 0b0)
mem[X,0x00000000800024A0] -> 0x1413
mem[X,0x00000000800024A2] -> 0x00B4
[2630] [M]: 0x00000000800024A0 (0x00B41413) slli x8, x8, 0xb                        chk_Mtval+20
x8 <- 0x0000000000000000

mem[X,0x00000000800024A4] -> 0x0413
mem[X,0x00000000800024A6] -> 0x02C4
[2631] [M]: 0x00000000800024A4 (0x02C40413) addi x8, x8, 0x2c                       chk_Mtval+24
x8 <- 0x000000000000002C

clint mtime 0x0000000000000524 (mip.MTI <- 0b1, mip.STI <- 0b0)
mem[X,0x00000000800024A8] -> 0x1413
mem[X,0x00000000800024AA] -> 0x00A4
[2632] [M]: 0x00000000800024A8 (0x00A41413) slli x8, x8, 0xa                        chk_Mtval+28
x8 <- 0x000000000000B000

mem[X,0x00000000800024AC] -> 0x0413
mem[X,0x00000000800024AE] -> 0x0FB4
[2633] [M]: 0x00000000800024AC (0x0FB40413) addi x8, x8, 0xfb                       chk_Mtval+32
x8 <- 0x000000000000B0FB

clint mtime 0x0000000000000525 (mip.MTI <- 0b1, mip.STI <- 0b0)
mem[X,0x00000000800024B0] -> 0x5433
mem[X,0x00000000800024B2] -> 0x00A4
[2634] [M]: 0x00000000800024B0 (0x00A45433) srl x8, x8, x10                         chk_Mtval+36
x8 <- 0x0000000000000587

mem[X,0x00000000800024B4] -> 0x1413
mem[X,0x00000000800024B6] -> 0x03F4
[2635] [M]: 0x00000000800024B4 (0x03F41413) slli x8, x8, 0x3f                       chk_Mtval+40
x8 <- 0x8000000000000000

clint mtime 0x0000000000000526 (mip.MTI <- 0b1, mip.STI <- 0b0)
mem[X,0x00000000800024B8] -> 0x5C63
mem[X,0x00000000800024BA] -> 0x0404
[2636] [M]: 0x00000000800024B8 (0x04045C63) bge x8, x0, 0x58                        chk_Mtval+44

mem[X,0x00000000800024BC] -> 0xB403
mem[X,0x00000000800024BE] -> 0x2084
[2637] [M]: 0x00000000800024BC (0x2084B403) ld x8, 0x208(x9)                        vmem_adj_Mtval+0
mem[R,0x0000000080006208] -> 0x00000000800003B4
x8 <- 0x00000000800003B4

clint mtime 0x0000000000000527 (mip.MTI <- 0b1, mip.STI <- 0b0)
mem[X,0x00000000800024C0] -> 0xB583
mem[X,0x00000000800024C2] -> 0x2104
[2638] [M]: 0x00000000800024C0 (0x2104B583) ld x11, 0x210(x9)                       vmem_adj_Mtval+4
mem[R,0x0000000080006210] -> 0x0000000000001C5C
x11 <- 0x0000000000001C5C

mem[X,0x00000000800024C4] -> 0x85B3
mem[X,0x00000000800024C6] -> 0x0085
[2639] [M]: 0x00000000800024C4 (0x008585B3) add x11, x11, x8                        vmem_adj_Mtval+8
x11 <- 0x0000000080002010

clint mtime 0x0000000000000528 (mip.MTI <- 0b1, mip.STI <- 0b0)
mem[X,0x00000000800024C8] -> 0xF463
mem[X,0x00000000800024CA] -> 0x00B3
[2640] [M]: 0x00000000800024C8 (0x00B3F463) bgeu x7, x11, 0x8                       vmem_adj_Mtval+12

mem[X,0x00000000800024CC] -> 0xF063
mem[X,0x00000000800024CE] -> 0x0483
[2641] [M]: 0x00000000800024CC (0x0483F063) bgeu x7, x8, 0x40                       vmem_adj_Mtval+16

clint mtime 0x0000000000000529 (mip.MTI <- 0b1, mip.STI <- 0b0)
mem[X,0x000000008000250C] -> 0x8433
mem[X,0x000000008000250E] -> 0x4083
[2642] [M]: 0x000000008000250C (0x40838433) sub x8, x7, x8                          adj_Mtval+0
x8 <- 0x0000000000001C4C

mem[X,0x0000000080002510] -> 0x3C23
mem[X,0x0000000080002512] -> 0x0083
[2643] [M]: 0x0000000080002510 (0x00833C23) sd x8, 0x18(x6)                         sv_Mtval+0
mem[W,0x00000000800075F8] <- 0x0000000000001C4C

clint mtime 0x000000000000052A (mip.MTI <- 0b1, mip.STI <- 0b0)
mem[X,0x0000000080002514] -> 0x3483
mem[X,0x0000000080002516] -> 0x2181
[2644] [M]: 0x0000000080002514 (0x21813483) ld x9, 0x218(x2)                        skp_Mtval+0
mem[R,0x0000000080006218] -> 0x0000000080007600
x9 <- 0x0000000080007600

mem[X,0x0000000080002518] -> 0x3383
mem[X,0x000000008000251A] -> 0x1F81
[2645] [M]: 0x0000000080002518 (0x1F813383) ld x7, 0x1f8(x2)                        skp_Mtval+4
mem[R,0x00000000800061F8] -> 0x0000000080007210
x7 <- 0x0000000080007210

clint mtime 0x000000000000052B (mip.MTI <- 0b1, mip.STI <- 0b0)
mem[X,0x000000008000251C] -> 0x3303
mem[X,0x000000008000251E] -> 0x2001
[2646] [M]: 0x000000008000251C (0x20013303) ld x6, 0x200(x2)                        skp_Mtval+8
mem[R,0x0000000080006200] -> 0x0000000000000A20
x6 <- 0x0000000000000A20

mem[X,0x0000000080002520] -> 0x0333
mem[X,0x0000000080002522] -> 0x0073
[2647] [M]: 0x0000000080002520 (0x00730333) add x6, x6, x7                          skp_Mtval+12
x6 <- 0x0000000080007C30

clint mtime 0x000000000000052C (mip.MTI <- 0b1, mip.STI <- 0b0)
mem[X,0x0000000080002524] -> 0x6AE3
mem[X,0x0000000080002526] -> 0xAE93
[2648] [M]: 0x0000000080002524 (0xAE936AE3) bltu x6, x9, -0x50c                     skp_Mtval+16

mem[X,0x0000000080002528] -> 0x0393
mem[X,0x000000008000252A] -> 0x2000
[2649] [M]: 0x0000000080002528 (0x20000393) addi x7, x0, 0x200                      skp_Mtval+20
x7 <- 0x0000000000000200

clint mtime 0x000000000000052D (mip.MTI <- 0b1, mip.STI <- 0b0)
mem[X,0x000000008000252C] -> 0x006F
mem[X,0x000000008000252E] -> 0x0400
[2650] [M]: 0x000000008000252C (0x0400006F) jal x0, 0x40                            skp_Mtval+24

mem[X,0x000000008000256C] -> 0x0417
mem[X,0x000000008000256E] -> 0x0000
[2651] [M]: 0x000000008000256C (0x00000417) auipc x8, 0x0                           spcl_Mhandler+0
x8 <- 0x000000008000256C

clint mtime 0x000000000000052E (mip.MTI <- 0b1, mip.STI <- 0b0)
mem[X,0x0000000080002570] -> 0x0413
mem[X,0x0000000080002572] -> 0x03C4
[2652] [M]: 0x0000000080002570 (0x03C40413) addi x8, x8, 0x3c                       spcl_Mhandler+4
x8 <- 0x00000000800025A8

mem[X,0x0000000080002574] -> 0x0433
mem[X,0x0000000080002576] -> 0x0074
[2653] [M]: 0x0000000080002574 (0x00740433) add x8, x8, x7                          spcl_Mhandler+8
x8 <- 0x00000000800027A8

clint mtime 0x000000000000052F (mip.MTI <- 0b1, mip.STI <- 0b0)
mem[X,0x0000000080002578] -> 0x1393
mem[X,0x000000008000257A] -> 0x0035
[2654] [M]: 0x0000000080002578 (0x00351393) slli x7, x10, 0x3                       spcl_Mhandler+12
x7 <- 0x0000000000000028

mem[X,0x000000008000257C] -> 0x0433
mem[X,0x000000008000257E] -> 0x0074
[2655] [M]: 0x000000008000257C (0x00740433) add x8, x8, x7                          spcl_Mhandler+16
x8 <- 0x00000000800027D0

clint mtime 0x0000000000000530 (mip.MTI <- 0b1, mip.STI <- 0b0)
mem[X,0x0000000080002580] -> 0x7413
mem[X,0x0000000080002582] -> 0xFF84
[2656] [M]: 0x0000000080002580 (0xFF847413) andi x8, x8, -0x8                       spcl_Mhandler+20
x8 <- 0x00000000800027D0

mem[X,0x0000000080002584] -> 0x3403
mem[X,0x0000000080002586] -> 0x0004
[2657] [M]: 0x0000000080002584 (0x00043403) ld x8, 0x0(x8)                          spcl_Mhandler+24
mem[R,0x00000000800027D0] -> 0x000000000000000B
x8 <- 0x000000000000000B

clint mtime 0x0000000000000531 (mip.MTI <- 0b1, mip.STI <- 0b0)
mem[X,0x0000000080002588] -> 0x02E3
mem[X,0x000000008000258A] -> 0xB204
[2658] [M]: 0x0000000080002588 (0xB20402E3) beq x8, x0, -0x4dc                      spcl_Mdispatch_hndling+0

mem[X,0x000000008000258C] -> 0x1393
mem[X,0x000000008000258E] -> 0x03F4
[2659] [M]: 0x000000008000258C (0x03F41393) slli x7, x8, 0x3f                       spcl_Mdispatch_hndling+4
x7 <- 0x8000000000000000

clint mtime 0x0000000000000532 (mip.MTI <- 0b1, mip.STI <- 0b0)
mem[X,0x0000000080002590] -> 0xD863
mem[X,0x0000000080002592] -> 0x0003
[2660] [M]: 0x0000000080002590 (0x0003D863) bge x7, x0, 0x10                        spcl_Mdispatch_hndling+8

mem[X,0x0000000080002594] -> 0x5413
mem[X,0x0000000080002596] -> 0x0014
[2661] [M]: 0x0000000080002594 (0x00145413) srli x8, x8, 0x1                        spcl_Mdispatch_hndling+12
x8 <- 0x0000000000000005

clint mtime 0x0000000000000533 (mip.MTI <- 0b1, mip.STI <- 0b0)
mem[X,0x0000000080002598] -> 0x0CE3
mem[X,0x000000008000259A] -> 0xF885
[2662] [M]: 0x0000000080002598 (0xF8850CE3) beq x10, x8, -0x68                      spcl_Mdispatch_hndling+16

mem[X,0x0000000080002530] -> 0x3303
mem[X,0x0000000080002532] -> 0x2601
[2663] [M]: 0x0000000080002530 (0x26013303) ld x6, 0x260(x2)                        resto_Mrtn+0
mem[R,0x0000000080006260] -> 0x000000001FDDB7D5
x6 <- 0x000000001FDDB7D5

clint mtime 0x0000000000000534 (mip.MTI <- 0b1, mip.STI <- 0b0)
mem[X,0x0000000080002534] -> 0x3383
mem[X,0x0000000080002536] -> 0x2681
[2664] [M]: 0x0000000080002534 (0x26813383) ld x7, 0x268(x2)                        resto_Mrtn+4
mem[R,0x0000000080006268] -> 0x00000000003FBB6F
x7 <- 0x00000000003FBB6F

mem[X,0x0000000080002538] -> 0x3403
mem[X,0x000000008000253A] -> 0x2701
[2665] [M]: 0x0000000080002538 (0x27013403) ld x8, 0x270(x2)                        resto_Mrtn+8
mem[R,0x0000000080006270] -> 0x0000000000007F76
x8 <- 0x0000000000007F76

clint mtime 0x0000000000000535 (mip.MTI <- 0b1, mip.STI <- 0b0)
mem[X,0x000000008000253C] -> 0x3483
mem[X,0x000000008000253E] -> 0x2781
[2666] [M]: 0x000000008000253C (0x27813483) ld x9, 0x278(x2)                        resto_Mrtn+12
mem[R,0x0000000080006278] -> 0x00000000000000FE
x9 <- 0x00000000000000FE

mem[X,0x0000000080002540] -> 0x3503
mem[X,0x0000000080002542] -> 0x2801
[2667] [M]: 0x0000000080002540 (0x28013503) ld x10, 0x280(x2)                       resto_Mrtn+16
mem[R,0x0000000080006280] -> 0x0000000000000001
x10 <- 0x0000000000000001

clint mtime 0x0000000000000536 (mip.MTI <- 0b1, mip.STI <- 0b0)
mem[X,0x0000000080002544] -> 0x3583
mem[X,0x0000000080002546] -> 0x2881
[2668] [M]: 0x0000000080002544 (0x28813583) ld x11, 0x288(x2)                       resto_Mrtn+20
mem[R,0x0000000080006288] -> 0x0000000000000000
x11 <- 0x0000000000000000

mem[X,0x0000000080002548] -> 0x3103
mem[X,0x000000008000254A] -> 0x2901
[2669] [M]: 0x0000000080002548 (0x29013103) ld x2, 0x290(x2)                        resto_Mrtn+24
mem[R,0x0000000080006290] -> 0x01FDDB7D5BFDDB7F
x2 <- 0x01FDDB7D5BFDDB7F

clint mtime 0x0000000000000537 (mip.MTI <- 0b1, mip.STI <- 0b0)
mem[X,0x000000008000254C] -> 0x0073
mem[X,0x000000008000254E] -> 0x3020
[2670] [M]: 0x000000008000254C (0x30200073) mret                                    resto_Mrtn+28
CSR mstatus (0x300) <- 0x0000000A00000080
ret-ing from M to M

mem[X,0x0000000080000DA8] -> 0x0013
mem[X,0x0000000080000DAA] -> 0x0000
[2671] [M]: 0x0000000080000DA8 (0x00000013) addi x0, x0, 0x0                        main+2504

clint mtime 0x0000000000000538 (mip.MTI <- 0b1, mip.STI <- 0b0)
mem[X,0x0000000080000DAC] -> 0xB823
mem[X,0x0000000080000DAE] -> 0x14E6
[2672] [M]: 0x0000000080000DAC (0x14E6B823) sd x14, 0x150(x13)                      main+2508
mem[W,0x0000000080007368] <- 0x0000000000000013

mem[X,0x0000000080000DB0] -> 0x8793
mem[X,0x0000000080000DB2] -> 0xFFC7
[2673] [M]: 0x0000000080000DB0 (0xFFC78793) addi x15, x15, -0x4                     main+2512
x15 <- 0x0000000080001FFC

clint mtime 0x0000000000000539 (mip.MTI <- 0b1, mip.STI <- 0b0)
mem[X,0x0000000080000DB4] -> 0xA703
mem[X,0x0000000080000DB6] -> 0x0007
[2674] [M]: 0x0000000080000DB4 (0x0007A703) lw x14, 0x0(x15)                        main+2516
mem[R,0x0000000080001FFC] -> 0x00000013
x14 <- 0x0000000000000013

mem[X,0x0000000080000DB8] -> 0x0013
mem[X,0x0000000080000DBA] -> 0x0000
[2675] [M]: 0x0000000080000DB8 (0x00000013) addi x0, x0, 0x0                        main+2520

clint mtime 0x000000000000053A (mip.MTI <- 0b1, mip.STI <- 0b0)
mem[X,0x0000000080000DBC] -> 0x0013
mem[X,0x0000000080000DBE] -> 0x0000
[2676] [M]: 0x0000000080000DBC (0x00000013) addi x0, x0, 0x0                        main+2524

mem[X,0x0000000080000DC0] -> 0xBC23
mem[X,0x0000000080000DC2] -> 0x14E6
[2677] [M]: 0x0000000080000DC0 (0x14E6BC23) sd x14, 0x158(x13)                      main+2528
mem[W,0x0000000080007370] <- 0x0000000000000013

clint mtime 0x000000000000053B (mip.MTI <- 0b1, mip.STI <- 0b0)
mem[X,0x0000000080000DC4] -> 0x8793
mem[X,0x0000000080000DC6] -> 0x0087
[2678] [M]: 0x0000000080000DC4 (0x00878793) addi x15, x15, 0x8                      main+2532
x15 <- 0x0000000080002004

mem[X,0x0000000080000DC8] -> 0xA703
mem[X,0x0000000080000DCA] -> 0x0007
[2679] [M]: 0x0000000080000DC8 (0x0007A703) lw x14, 0x0(x15)                        main+2536
mem[R,0x0000000080002004] -> 0x00000013
x14 <- 0x0000000000000013

clint mtime 0x000000000000053C (mip.MTI <- 0b1, mip.STI <- 0b0)
mem[X,0x0000000080000DCC] -> 0x0013
mem[X,0x0000000080000DCE] -> 0x0000
[2680] [M]: 0x0000000080000DCC (0x00000013) addi x0, x0, 0x0                        main+2540

mem[X,0x0000000080000DD0] -> 0x0013
mem[X,0x0000000080000DD2] -> 0x0000
[2681] [M]: 0x0000000080000DD0 (0x00000013) addi x0, x0, 0x0                        main+2544

clint mtime 0x000000000000053D (mip.MTI <- 0b1, mip.STI <- 0b0)
mem[X,0x0000000080000DD4] -> 0xB023
mem[X,0x0000000080000DD6] -> 0x16E6
[2682] [M]: 0x0000000080000DD4 (0x16E6B023) sd x14, 0x160(x13)                      main+2548
mem[W,0x0000000080007378] <- 0x0000000000000013

mem[X,0x0000000080000DD8] -> 0xF737
mem[X,0x0000000080000DDA] -> 0x000B
[2683] [M]: 0x0000000080000DD8 (0x000BF737) lui x14, 0xbf                           main+2552
x14 <- 0x00000000000BF000

clint mtime 0x000000000000053E (mip.MTI <- 0b1, mip.STI <- 0b0)
mem[X,0x0000000080000DDC] -> 0x071B
mem[X,0x0000000080000DDE] -> 0xEFD7
[2684] [M]: 0x0000000080000DDC (0xEFD7071B) addiw x14, x14, -0x103                  main+2556
x14 <- 0x00000000000BEEFD

mem[X,0x0000000080000DE0] -> 0x1713
mem[X,0x0000000080000DE2] -> 0x00C7
[2685] [M]: 0x0000000080000DE0 (0x00C71713) slli x14, x14, 0xc                      main+2560
x14 <- 0x00000000BEEFD000

clint mtime 0x000000000000053F (mip.MTI <- 0b1, mip.STI <- 0b0)
mem[X,0x0000000080000DE4] -> 0x0713
mem[X,0x0000000080000DE6] -> 0xAFE7
[2686] [M]: 0x0000000080000DE4 (0xAFE70713) addi x14, x14, -0x502                   main+2564
x14 <- 0x00000000BEEFCAFE

mem[X,0x0000000080000DE8] -> 0xB423
mem[X,0x0000000080000DEA] -> 0x16E6
[2687] [M]: 0x0000000080000DE8 (0x16E6B423) sd x14, 0x168(x13)                      main+2568
mem[W,0x0000000080007380] <- 0x00000000BEEFCAFE

clint mtime 0x0000000000000540 (mip.MTI <- 0b1, mip.STI <- 0b0)
mem[X,0x0000000080000DEC] -> 0x106F
mem[X,0x0000000080000DEE] -> 0x2240
[2688] [M]: 0x0000000080000DEC (0x2240106F) jal x0, 0x1224                          main+2572

mem[X,0x0000000080002010] -> 0x0113
mem[X,0x0000000080002012] -> 0x0000
[2689] [M]: 0x0000000080002010 (0x00000113) addi x2, x0, 0x0                        rvtest_code_end+0
x2 <- 0x0000000000000000

clint mtime 0x0000000000000541 (mip.MTI <- 0b1, mip.STI <- 0b0)
mem[X,0x0000000080002014] -> 0x0073
mem[X,0x0000000080002016] -> 0x0000
[2690] [M]: 0x0000000080002014 (0x00000073) ecall                                   rvtest_code_end+4
trapping from M to M to handle m-call
handling exc#m-call at priv M with tval 0x0000000000000000
CSR mstatus (0x300) <- 0x0000000A00001800
CSR mcause (0x342) <- 0x000000000000000B
CSR mtval (0x343) <- 0x0000000000000000
CSR mepc (0x341) <- 0x0000000080002014

mem[X,0x0000000080002100] -> 0x006F
mem[X,0x0000000080002102] -> 0x1000
[2691] [M]: 0x0000000080002100 (0x1000006F) jal x0, 0x100                           Mtrampoline+0

clint mtime 0x0000000000000542 (mip.MTI <- 0b1, mip.STI <- 0b0)
mem[X,0x0000000080002200] -> 0x1173
mem[X,0x0000000080002202] -> 0x3401
[2692] [M]: 0x0000000080002200 (0x34011173) csrrw x2, mscratch, x2                  trap_Mhandler+0
CSR mscratch (0x340) <- 0x0000000000000000
x2 <- 0x0000000080006000

mem[X,0x0000000080002204] -> 0x3423
mem[X,0x0000000080002206] -> 0x28B1
[2693] [M]: 0x0000000080002204 (0x28B13423) sd x11, 0x288(x2)                       trap_Mhandler+4
mem[W,0x0000000080006288] <- 0x0000000000000000

clint mtime 0x0000000000000543 (mip.MTI <- 0b1, mip.STI <- 0b0)
mem[X,0x0000000080002208] -> 0x05EF
mem[X,0x000000008000220A] -> 0x0B80
[2694] [M]: 0x0000000080002208 (0x0B8005EF) jal x11, 0xb8                           trap_Mhandler+8
x11 <- 0x000000008000220C

mem[X,0x00000000800022C0] -> 0x3023
mem[X,0x00000000800022C2] -> 0x28A1
[2695] [M]: 0x00000000800022C0 (0x28A13023) sd x10, 0x280(x2)                       common_Mhandler+0
mem[W,0x0000000080006280] <- 0x0000000000000001

clint mtime 0x0000000000000544 (mip.MTI <- 0b1, mip.STI <- 0b0)
mem[X,0x00000000800022C4] -> 0x1573
mem[X,0x00000000800022C6] -> 0x3401
[2696] [M]: 0x00000000800022C4 (0x34011573) csrrw x10, mscratch, x2                 common_Mhandler+4
CSR mscratch (0x340) <- 0x0000000080006000
x10 <- 0x0000000000000000

mem[X,0x00000000800022C8] -> 0x3823
mem[X,0x00000000800022CA] -> 0x28A1
[2697] [M]: 0x00000000800022C8 (0x28A13823) sd x10, 0x290(x2)                       common_Mhandler+8
mem[W,0x0000000080006290] <- 0x0000000000000000

clint mtime 0x0000000000000545 (mip.MTI <- 0b1, mip.STI <- 0b0)
mem[X,0x00000000800022CC] -> 0x3503
mem[X,0x00000000800022CE] -> 0x2301
[2698] [M]: 0x00000000800022CC (0x23013503) ld x10, 0x230(x2)                       common_Mhandler+12
mem[R,0x0000000080006230] -> 0x00000000800022D4
x10 <- 0x00000000800022D4

mem[X,0x00000000800022D0] -> 0x0067
mem[X,0x00000000800022D2] -> 0x0005
[2699] [M]: 0x00000000800022D0 (0x00050067) jalr x0, 0x0(x10)                       common_Mhandler+16

clint mtime 0x0000000000000546 (mip.MTI <- 0b1, mip.STI <- 0b0)
mem[X,0x00000000800022D4] -> 0x3C23
mem[X,0x00000000800022D6] -> 0x2691
[2700] [M]: 0x00000000800022D4 (0x26913C23) sd x9, 0x278(x2)                        common_Mentry+0
mem[W,0x0000000080006278] <- 0x00000000000000FE

mem[X,0x00000000800022D8] -> 0x3823
mem[X,0x00000000800022DA] -> 0x2681
[2701] [M]: 0x00000000800022D8 (0x26813823) sd x8, 0x270(x2)                        common_Mentry+4
mem[W,0x0000000080006270] <- 0x0000000000007F76

clint mtime 0x0000000000000547 (mip.MTI <- 0b1, mip.STI <- 0b0)
mem[X,0x00000000800022DC] -> 0x3423
mem[X,0x00000000800022DE] -> 0x2671
[2702] [M]: 0x00000000800022DC (0x26713423) sd x7, 0x268(x2)                        common_Mentry+8
mem[W,0x0000000080006268] <- 0x00000000003FBB6F

mem[X,0x00000000800022E0] -> 0x3023
mem[X,0x00000000800022E2] -> 0x2661
[2703] [M]: 0x00000000800022E0 (0x26613023) sd x6, 0x260(x2)                        common_Mentry+12
mem[W,0x0000000080006260] <- 0x000000001FDDB7D5

clint mtime 0x0000000000000548 (mip.MTI <- 0b1, mip.STI <- 0b0)
mem[X,0x00000000800022E4] -> 0x2573
mem[X,0x00000000800022E6] -> 0x3420
[2704] [M]: 0x00000000800022E4 (0x34202573) csrrs x10, mcause, x0                   spcl_M2mmode_test+0
CSR mcause (0x342) -> 0x000000000000000B
x10 <- 0x000000000000000B

mem[X,0x00000000800022E8] -> 0x04B7
mem[X,0x00000000800022EA] -> 0x8000
[2705] [M]: 0x00000000800022E8 (0x800004B7) lui x9, -0x80000                        spcl_M2mmode_test+4
x9 <- 0xFFFFFFFF80000000

clint mtime 0x0000000000000549 (mip.MTI <- 0b1, mip.STI <- 0b0)
mem[X,0x00000000800022EC] -> 0x8493
mem[X,0x00000000800022EE] -> 0x0004
[2706] [M]: 0x00000000800022EC (0x00048493) addi x9, x9, 0x0                        spcl_M2mmode_test+8
x9 <- 0xFFFFFFFF80000000

mem[X,0x00000000800022F0] -> 0x9493
mem[X,0x00000000800022F2] -> 0x00B4
[2707] [M]: 0x00000000800022F0 (0x00B49493) slli x9, x9, 0xb                        spcl_M2mmode_test+12
x9 <- 0xFFFFFC0000000000

clint mtime 0x000000000000054A (mip.MTI <- 0b1, mip.STI <- 0b0)
mem[X,0x00000000800022F4] -> 0x8493
mem[X,0x00000000800022F6] -> 0x0004
[2708] [M]: 0x00000000800022F4 (0x00048493) addi x9, x9, 0x0                        spcl_M2mmode_test+16
x9 <- 0xFFFFFC0000000000

mem[X,0x00000000800022F8] -> 0x9493
mem[X,0x00000000800022FA] -> 0x00B4
[2709] [M]: 0x00000000800022F8 (0x00B49493) slli x9, x9, 0xb                        spcl_M2mmode_test+20
x9 <- 0xFFE0000000000000

clint mtime 0x000000000000054B (mip.MTI <- 0b1, mip.STI <- 0b0)
mem[X,0x00000000800022FC] -> 0x8493
mem[X,0x00000000800022FE] -> 0x0034
[2710] [M]: 0x00000000800022FC (0x00348493) addi x9, x9, 0x3                        spcl_M2mmode_test+24
x9 <- 0xFFE0000000000003

mem[X,0x0000000080002300] -> 0x9493
mem[X,0x0000000080002302] -> 0x00A4
[2711] [M]: 0x0000000080002300 (0x00A49493) slli x9, x9, 0xa                        spcl_M2mmode_test+28
x9 <- 0x8000000000000C00

clint mtime 0x000000000000054C (mip.MTI <- 0b1, mip.STI <- 0b0)
mem[X,0x0000000080002304] -> 0x8493
mem[X,0x0000000080002306] -> 0x3FC4
[2712] [M]: 0x0000000080002304 (0x3FC48493) addi x9, x9, 0x3fc                      spcl_M2mmode_test+32
x9 <- 0x8000000000000FFC

mem[X,0x0000000080002308] -> 0xF4B3
mem[X,0x000000008000230A] -> 0x00A4
[2713] [M]: 0x0000000080002308 (0x00A4F4B3) and x9, x9, x10                         spcl_M2mmode_test+36
x9 <- 0x0000000000000008

clint mtime 0x000000000000054D (mip.MTI <- 0b1, mip.STI <- 0b0)
mem[X,0x000000008000230C] -> 0x8493
mem[X,0x000000008000230E] -> 0xFF84
[2714] [M]: 0x000000008000230C (0xFF848493) addi x9, x9, -0x8                       spcl_M2mmode_test+40
x9 <- 0x0000000000000000

mem[X,0x0000000080002310] -> 0x9663
mem[X,0x0000000080002312] -> 0x0004
[2715] [M]: 0x0000000080002310 (0x00049663) bne x9, x0, 0xc                         spcl_M2mmode_test+44

clint mtime 0x000000000000054E (mip.MTI <- 0b1, mip.STI <- 0b0)
mem[X,0x0000000080002314] -> 0x3383
mem[X,0x0000000080002316] -> 0x2901
[2716] [M]: 0x0000000080002314 (0x29013383) ld x7, 0x290(x2)                        spcl_M2mmode_test+48
mem[R,0x0000000080006290] -> 0x0000000000000000
x7 <- 0x0000000000000000

mem[X,0x0000000080002318] -> 0x8263
mem[X,0x000000008000231A] -> 0x6E03
[2717] [M]: 0x0000000080002318 (0x6E038263) beq x7, x0, 0x6e4                       spcl_M2mmode_test+52

clint mtime 0x000000000000054F (mip.MTI <- 0b1, mip.STI <- 0b0)
mem[X,0x00000000800029FC] -> 0x0493
mem[X,0x00000000800029FE] -> 0xFF55
[2718] [M]: 0x00000000800029FC (0xFF550493) addi x9, x10, -0xb                      rtn2mmode+0
x9 <- 0x0000000000000000

mem[X,0x0000000080002A00] -> 0x8C63
mem[X,0x0000000080002A02] -> 0x0004
[2719] [M]: 0x0000000080002A00 (0x00048C63) beq x9, x0, 0x18                        rtn2mmode+4

clint mtime 0x0000000000000550 (mip.MTI <- 0b1, mip.STI <- 0b0)
mem[X,0x0000000080002A18] -> 0x23F3
mem[X,0x0000000080002A1A] -> 0x3410
[2720] [M]: 0x0000000080002A18 (0x341023F3) csrrs x7, mepc, x0                      rtn_fm_mmode+0
CSR mepc (0x341) -> 0x0000000080002014
x7 <- 0x0000000080002014

mem[X,0x0000000080002A1C] -> 0x83B3
mem[X,0x0000000080002A1E] -> 0x0093
[2721] [M]: 0x0000000080002A1C (0x009383B3) add x7, x7, x9                          rtn_fm_mmode+4
x7 <- 0x0000000080002014

clint mtime 0x0000000000000551 (mip.MTI <- 0b1, mip.STI <- 0b0)
mem[X,0x0000000080002A20] -> 0x3303
mem[X,0x0000000080002A22] -> 0x2601
[2722] [M]: 0x0000000080002A20 (0x26013303) ld x6, 0x260(x2)                        rtn_fm_mmode+8
mem[R,0x0000000080006260] -> 0x000000001FDDB7D5
x6 <- 0x000000001FDDB7D5

mem[X,0x0000000080002A24] -> 0x3403
mem[X,0x0000000080002A26] -> 0x2701
[2723] [M]: 0x0000000080002A24 (0x27013403) ld x8, 0x270(x2)                        rtn_fm_mmode+12
mem[R,0x0000000080006270] -> 0x0000000000007F76
x8 <- 0x0000000000007F76

clint mtime 0x0000000000000552 (mip.MTI <- 0b1, mip.STI <- 0b0)
mem[X,0x0000000080002A28] -> 0x3483
mem[X,0x0000000080002A2A] -> 0x2781
[2724] [M]: 0x0000000080002A28 (0x27813483) ld x9, 0x278(x2)                        rtn_fm_mmode+16
mem[R,0x0000000080006278] -> 0x00000000000000FE
x9 <- 0x00000000000000FE

mem[X,0x0000000080002A2C] -> 0x3503
mem[X,0x0000000080002A2E] -> 0x2801
[2725] [M]: 0x0000000080002A2C (0x28013503) ld x10, 0x280(x2)                       rtn_fm_mmode+20
mem[R,0x0000000080006280] -> 0x0000000000000001
x10 <- 0x0000000000000001

clint mtime 0x0000000000000553 (mip.MTI <- 0b1, mip.STI <- 0b0)
mem[X,0x0000000080002A30] -> 0x3583
mem[X,0x0000000080002A32] -> 0x2881
[2726] [M]: 0x0000000080002A30 (0x28813583) ld x11, 0x288(x2)                       rtn_fm_mmode+24
mem[R,0x0000000080006288] -> 0x0000000000000000
x11 <- 0x0000000000000000

mem[X,0x0000000080002A34] -> 0x3103
mem[X,0x0000000080002A36] -> 0x2901
[2727] [M]: 0x0000000080002A34 (0x29013103) ld x2, 0x290(x2)                        rtn_fm_mmode+28
mem[R,0x0000000080006290] -> 0x0000000000000000
x2 <- 0x0000000000000000

clint mtime 0x0000000000000554 (mip.MTI <- 0b1, mip.STI <- 0b0)
mem[X,0x0000000080002A38] -> 0x8067
mem[X,0x0000000080002A3A] -> 0x0043
[2728] [M]: 0x0000000080002A38 (0x00438067) jalr x0, 0x4(x7)                        rtn_fm_mmode+32

mem[X,0x0000000080002018] -> 0x2373
mem[X,0x000000008000201A] -> 0x3400
[2729] [M]: 0x0000000080002018 (0x34002373) csrrs x6, mscratch, x0                  exit_Scleanup+0
CSR mscratch (0x340) -> 0x0000000080006000
x6 <- 0x0000000080006000

clint mtime 0x0000000000000555 (mip.MTI <- 0b1, mip.STI <- 0b0)
mem[X,0x000000008000201C] -> 0x0313
mem[X,0x000000008000201E] -> 0x2983
[2730] [M]: 0x000000008000201C (0x29830313) addi x6, x6, 0x298                      exit_Scleanup+4
x6 <- 0x0000000080006298

mem[X,0x0000000080002020] -> 0x3383
mem[X,0x0000000080002022] -> 0x2383
[2731] [M]: 0x0000000080002020 (0x23833383) ld x7, 0x238(x6)                        resto_Sedeleg+0
mem[R,0x00000000800064D0] -> 0x0000000000000000
x7 <- 0x0000000000000000

clint mtime 0x0000000000000556 (mip.MTI <- 0b1, mip.STI <- 0b0)
mem[X,0x0000000080002024] -> 0x3383
mem[X,0x0000000080002026] -> 0x2203
[2732] [M]: 0x0000000080002024 (0x22033383) ld x7, 0x220(x6)                        resto_Ssatp+0
mem[R,0x00000000800064B8] -> 0x0000000000000000
x7 <- 0x0000000000000000

mem[X,0x0000000080002028] -> 0x9073
mem[X,0x000000008000202A] -> 0x1803
[2733] [M]: 0x0000000080002028 (0x18039073) csrrw x0, satp, x7                      resto_Ssatp+4
CSR satp (0x180) <- 0x0000000000000000

clint mtime 0x0000000000000557 (mip.MTI <- 0b1, mip.STI <- 0b0)
mem[X,0x000000008000202C] -> 0x3503
mem[X,0x000000008000202E] -> 0x2503
[2734] [M]: 0x000000008000202C (0x25033503) ld x10, 0x250(x6)                       resto_Sscratch+0
mem[R,0x00000000800064E8] -> 0x0000000000000000
x10 <- 0x0000000000000000

mem[X,0x0000000080002030] -> 0x1073
mem[X,0x0000000080002032] -> 0x1405
[2735] [M]: 0x0000000080002030 (0x14051073) csrrw x0, sscratch, x10                 resto_Sscratch+4
CSR sscratch (0x140) <- 0x0000000000000000

clint mtime 0x0000000000000558 (mip.MTI <- 0b1, mip.STI <- 0b0)
mem[X,0x0000000080002034] -> 0x3483
mem[X,0x0000000080002036] -> 0x2483
[2736] [M]: 0x0000000080002034 (0x24833483) ld x9, 0x248(x6)                        resto_Sxtvec+0
mem[R,0x00000000800064E0] -> 0x0000000000000000
x9 <- 0x0000000000000000

mem[X,0x0000000080002038] -> 0x93F3
mem[X,0x000000008000203A] -> 0x1054
[2737] [M]: 0x0000000080002038 (0x105493F3) csrrw x7, stvec, x9                     resto_Sxtvec+4
CSR stvec (0x105) <- 0x0000000000000000
x7 <- 0x0000000080002A40

clint mtime 0x0000000000000559 (mip.MTI <- 0b1, mip.STI <- 0b0)
mem[X,0x000000008000203C] -> 0xF493
mem[X,0x000000008000203E] -> 0xFFC4
[2738] [M]: 0x000000008000203C (0xFFC4F493) andi x9, x9, -0x4                       resto_Sxtvec+8
x9 <- 0x0000000000000000

mem[X,0x0000000080002040] -> 0xF393
mem[X,0x0000000080002042] -> 0xFFC3
[2739] [M]: 0x0000000080002040 (0xFFC3F393) andi x7, x7, -0x4                       resto_Sxtvec+12
x7 <- 0x0000000080002A40

clint mtime 0x000000000000055A (mip.MTI <- 0b1, mip.STI <- 0b0)
mem[X,0x0000000080002044] -> 0x9063
mem[X,0x0000000080002046] -> 0x0274
[2740] [M]: 0x0000000080002044 (0x02749063) bne x9, x7, 0x20                        resto_Sxtvec+16

mem[X,0x0000000080002064] -> 0x2373
mem[X,0x0000000080002066] -> 0x3400
[2741] [M]: 0x0000000080002064 (0x34002373) csrrs x6, mscratch, x0                  rvtest_Send+0
CSR mscratch (0x340) -> 0x0000000080006000
x6 <- 0x0000000080006000

clint mtime 0x000000000000055B (mip.MTI <- 0b1, mip.STI <- 0b0)
mem[X,0x0000000080002068] -> 0x3383
mem[X,0x000000008000206A] -> 0x2383
[2742] [M]: 0x0000000080002068 (0x23833383) ld x7, 0x238(x6)                        resto_Medeleg+0
mem[R,0x0000000080006238] -> 0x0000000000000000
x7 <- 0x0000000000000000

mem[X,0x000000008000206C] -> 0x9073
mem[X,0x000000008000206E] -> 0x3023
[2743] [M]: 0x000000008000206C (0x30239073) csrrw x0, medeleg, x7                   resto_Medeleg+4
CSR medeleg (0x302) <- 0x0000000000000000

clint mtime 0x000000000000055C (mip.MTI <- 0b1, mip.STI <- 0b0)
mem[X,0x0000000080002070] -> 0x3503
mem[X,0x0000000080002072] -> 0x2503
[2744] [M]: 0x0000000080002070 (0x25033503) ld x10, 0x250(x6)                       resto_Mscratch+0
mem[R,0x0000000080006250] -> 0x0000000000000000
x10 <- 0x0000000000000000

mem[X,0x0000000080002074] -> 0x1073
mem[X,0x0000000080002076] -> 0x3405
[2745] [M]: 0x0000000080002074 (0x34051073) csrrw x0, mscratch, x10                 resto_Mscratch+4
CSR mscratch (0x340) <- 0x0000000000000000

clint mtime 0x000000000000055D (mip.MTI <- 0b1, mip.STI <- 0b0)
mem[X,0x0000000080002078] -> 0x3483
mem[X,0x000000008000207A] -> 0x2483
[2746] [M]: 0x0000000080002078 (0x24833483) ld x9, 0x248(x6)                        resto_Mxtvec+0
mem[R,0x0000000080006248] -> 0x0000000000000000
x9 <- 0x0000000000000000

mem[X,0x000000008000207C] -> 0x93F3
mem[X,0x000000008000207E] -> 0x3054
[2747] [M]: 0x000000008000207C (0x305493F3) csrrw x7, mtvec, x9                     resto_Mxtvec+4
CSR mtvec (0x305) <- 0x0000000000000000
x7 <- 0x0000000080002100

clint mtime 0x000000000000055E (mip.MTI <- 0b1, mip.STI <- 0b0)
mem[X,0x0000000080002080] -> 0xF493
mem[X,0x0000000080002082] -> 0xFFC4
[2748] [M]: 0x0000000080002080 (0xFFC4F493) andi x9, x9, -0x4                       resto_Mxtvec+8
x9 <- 0x0000000000000000

mem[X,0x0000000080002084] -> 0xF393
mem[X,0x0000000080002086] -> 0xFFC3
[2749] [M]: 0x0000000080002084 (0xFFC3F393) andi x7, x7, -0x4                       resto_Mxtvec+12
x7 <- 0x0000000080002100

clint mtime 0x000000000000055F (mip.MTI <- 0b1, mip.STI <- 0b0)
mem[X,0x0000000080002088] -> 0x9063
mem[X,0x000000008000208A] -> 0x0274
[2750] [M]: 0x0000000080002088 (0x02749063) bne x9, x7, 0x20                        resto_Mxtvec+16

mem[X,0x00000000800020A8] -> 0x106F
mem[X,0x00000000800020AA] -> 0x23C0
[2751] [M]: 0x00000000800020A8 (0x23C0106F) jal x0, 0x123c                          rvtest_Mend+0

clint mtime 0x0000000000000560 (mip.MTI <- 0b1, mip.STI <- 0b0)
mem[X,0x00000000800032E4] -> 0x0093
mem[X,0x00000000800032E6] -> 0x0010
[2752] [M]: 0x00000000800032E4 (0x00100093) addi x1, x0, 0x1                        exit_cleanup+0
x1 <- 0x0000000000000001

mem[X,0x00000000800032E8] -> 0x2397
mem[X,0x00000000800032EA] -> 0x0000
[2753] [M]: 0x00000000800032E8 (0x00002397) auipc x7, 0x2                           exit_cleanup+4
x7 <- 0x00000000800052E8

clint mtime 0x0000000000000561 (mip.MTI <- 0b1, mip.STI <- 0b0)
mem[X,0x00000000800032EC] -> 0xAC23
mem[X,0x00000000800032EE] -> 0xD013
[2754] [M]: 0x00000000800032EC (0xD013AC23) sw x1, -0x2e8(x7)                       exit_cleanup+8
htif[0x0000000080005000] <- 0x00000001
mem[W,0x0000000080005000] <- 0x00000001

mem[X,0x00000000800032F0] -> 0xF06F
mem[X,0x00000000800032F2] -> 0xFF9F
[2755] [M]: 0x00000000800032F0 (0xFF9FF06F) jal x0, -0x8                            exit_cleanup+12

clint mtime 0x0000000000000562 (mip.MTI <- 0b1, mip.STI <- 0b0)
mem[X,0x00000000800032E8] -> 0x2397
mem[X,0x00000000800032EA] -> 0x0000
[2756] [M]: 0x00000000800032E8 (0x00002397) auipc x7, 0x2                           exit_cleanup+4
x7 <- 0x00000000800052E8

mem[X,0x00000000800032EC] -> 0xAC23
mem[X,0x00000000800032EE] -> 0xD013
[2757] [M]: 0x00000000800032EC (0xD013AC23) sw x1, -0x2e8(x7)                       exit_cleanup+8
htif[0x0000000080005000] <- 0x00000001
mem[W,0x0000000080005000] <- 0x00000001

clint mtime 0x0000000000000563 (mip.MTI <- 0b1, mip.STI <- 0b0)
mem[X,0x00000000800032F0] -> 0xF06F
mem[X,0x00000000800032F2] -> 0xFF9F
[2758] [M]: 0x00000000800032F0 (0xFF9FF06F) jal x0, -0x8                            exit_cleanup+12

mem[X,0x00000000800032E8] -> 0x2397
mem[X,0x00000000800032EA] -> 0x0000
[2759] [M]: 0x00000000800032E8 (0x00002397) auipc x7, 0x2                           exit_cleanup+4
x7 <- 0x00000000800052E8

clint mtime 0x0000000000000564 (mip.MTI <- 0b1, mip.STI <- 0b0)
mem[X,0x00000000800032EC] -> 0xAC23
mem[X,0x00000000800032EE] -> 0xD013
[2760] [M]: 0x00000000800032EC (0xD013AC23) sw x1, -0x2e8(x7)                       exit_cleanup+8
htif[0x0000000080005000] <- 0x00000001
htif-syscall-proxy cmd: 0x000000000001
mem[W,0x0000000080005000] <- 0x00000001

SUCCESS
