using /opt/riscv-arch-test/riscof-plugins/rv64/riscof_work/B/src/ctz-01.S/ref/Reference-sail_c_simulator.signature for test-signature output.
setting signature-granularity to 8 bytes
HTIF located at 0x80001000
begin_signature: 0x80003110
end_signature: 0x80003540
Entry point: 0x80000000
CSR mstatus (0x300) <- 0x0000000A00000000
CSR misa (0x301) <- 0x800000000034112F
CSR mcause (0x342) <- 0x0000000000000000
x10 <- 0x0000000000000000
x11 <- 0x0000000000001000
mem[X,0x0000000080000000] -> 0x0837
mem[X,0x0000000080000002] -> 0x7D5C
[0] [M]: 0x0000000080000000 (0x7D5C0837) lui x16, 0x7d5c0                           rvtest_init+0
x16 <- 0x000000007D5C0000

mem[X,0x0000000080000004] -> 0x0813
mem[X,0x0000000080000006] -> 0xDDB8
[1] [M]: 0x0000000080000004 (0xDDB80813) addi x16, x16, -0x225                      rvtest_init+4
x16 <- 0x000000007D5BFDDB

clint mtime 0x0000000000000001 (mip.MTI <- 0b1, mip.STI <- 0b0)
mem[X,0x0000000080000008] -> 0x1813
mem[X,0x000000008000000A] -> 0x00B8
[2] [M]: 0x0000000080000008 (0x00B81813) slli x16, x16, 0xb                         rvtest_init+8
x16 <- 0x000003EADFEED800

mem[X,0x000000008000000C] -> 0x0813
mem[X,0x000000008000000E] -> 0x3EA8
[3] [M]: 0x000000008000000C (0x3EA80813) addi x16, x16, 0x3ea                       rvtest_init+12
x16 <- 0x000003EADFEEDBEA

clint mtime 0x0000000000000002 (mip.MTI <- 0b1, mip.STI <- 0b0)
mem[X,0x0000000080000010] -> 0x1813
mem[X,0x0000000080000012] -> 0x00B8
[4] [M]: 0x0000000080000010 (0x00B81813) slli x16, x16, 0xb                         rvtest_init+16
x16 <- 0x001F56FF76DF5000

mem[X,0x0000000080000014] -> 0x0813
mem[X,0x0000000080000016] -> 0x6FF8
[5] [M]: 0x0000000080000014 (0x6FF80813) addi x16, x16, 0x6ff                       rvtest_init+20
x16 <- 0x001F56FF76DF56FF

clint mtime 0x0000000000000003 (mip.MTI <- 0b1, mip.STI <- 0b0)
mem[X,0x0000000080000018] -> 0x1813
mem[X,0x000000008000001A] -> 0x00A8
[6] [M]: 0x0000000080000018 (0x00A81813) slli x16, x16, 0xa                         rvtest_init+24
x16 <- 0x7D5BFDDB7D5BFC00

mem[X,0x000000008000001C] -> 0x0813
mem[X,0x000000008000001E] -> 0x1DB8
[7] [M]: 0x000000008000001C (0x1DB80813) addi x16, x16, 0x1db                       rvtest_init+28
x16 <- 0x7D5BFDDB7D5BFDDB

clint mtime 0x0000000000000004 (mip.MTI <- 0b1, mip.STI <- 0b0)
mem[X,0x0000000080000020] -> 0x5893
mem[X,0x0000000080000022] -> 0x0078
[8] [M]: 0x0000000080000020 (0x00785893) srli x17, x16, 0x7                         rvtest_init+32
x17 <- 0x00FAB7FBB6FAB7FB

mem[X,0x0000000080000024] -> 0x5793
mem[X,0x0000000080000026] -> 0x0398
[9] [M]: 0x0000000080000024 (0x03985793) srli x15, x16, 0x39                        rvtest_init+36
x15 <- 0x000000000000003E

clint mtime 0x0000000000000005 (mip.MTI <- 0b1, mip.STI <- 0b0)
mem[X,0x0000000080000028] -> 0xE8B3
mem[X,0x000000008000002A] -> 0x00F8
[10] [M]: 0x0000000080000028 (0x00F8E8B3) or x17, x17, x15                          rvtest_init+40
x17 <- 0x00FAB7FBB6FAB7FF

mem[X,0x000000008000002C] -> 0xD913
mem[X,0x000000008000002E] -> 0x0078
[11] [M]: 0x000000008000002C (0x0078D913) srli x18, x17, 0x7                        rvtest_init+44
x18 <- 0x0001F56FF76DF56F

clint mtime 0x0000000000000006 (mip.MTI <- 0b1, mip.STI <- 0b0)
mem[X,0x0000000080000030] -> 0xD793
mem[X,0x0000000080000032] -> 0x0398
[12] [M]: 0x0000000080000030 (0x0398D793) srli x15, x17, 0x39                       rvtest_init+48
x15 <- 0x0000000000000000

mem[X,0x0000000080000034] -> 0x6933
mem[X,0x0000000080000036] -> 0x00F9
[13] [M]: 0x0000000080000034 (0x00F96933) or x18, x18, x15                          rvtest_init+52
x18 <- 0x0001F56FF76DF56F

clint mtime 0x0000000000000007 (mip.MTI <- 0b1, mip.STI <- 0b0)
mem[X,0x0000000080000038] -> 0x5993
mem[X,0x000000008000003A] -> 0x0079
[14] [M]: 0x0000000080000038 (0x00795993) srli x19, x18, 0x7                        rvtest_init+56
x19 <- 0x000003EADFEEDBEA

mem[X,0x000000008000003C] -> 0x5793
mem[X,0x000000008000003E] -> 0x0399
[15] [M]: 0x000000008000003C (0x03995793) srli x15, x18, 0x39                       rvtest_init+60
x15 <- 0x0000000000000000

clint mtime 0x0000000000000008 (mip.MTI <- 0b1, mip.STI <- 0b0)
mem[X,0x0000000080000040] -> 0xE9B3
mem[X,0x0000000080000042] -> 0x00F9
[16] [M]: 0x0000000080000040 (0x00F9E9B3) or x19, x19, x15                          rvtest_init+64
x19 <- 0x000003EADFEEDBEA

mem[X,0x0000000080000044] -> 0xDA13
mem[X,0x0000000080000046] -> 0x0079
[17] [M]: 0x0000000080000044 (0x0079DA13) srli x20, x19, 0x7                        rvtest_init+68
x20 <- 0x00000007D5BFDDB7

clint mtime 0x0000000000000009 (mip.MTI <- 0b1, mip.STI <- 0b0)
mem[X,0x0000000080000048] -> 0xD793
mem[X,0x000000008000004A] -> 0x0399
[18] [M]: 0x0000000080000048 (0x0399D793) srli x15, x19, 0x39                       rvtest_init+72
x15 <- 0x0000000000000000

mem[X,0x000000008000004C] -> 0x6A33
mem[X,0x000000008000004E] -> 0x00FA
[19] [M]: 0x000000008000004C (0x00FA6A33) or x20, x20, x15                          rvtest_init+76
x20 <- 0x00000007D5BFDDB7

clint mtime 0x000000000000000A (mip.MTI <- 0b1, mip.STI <- 0b0)
mem[X,0x0000000080000050] -> 0x5A93
mem[X,0x0000000080000052] -> 0x007A
[20] [M]: 0x0000000080000050 (0x007A5A93) srli x21, x20, 0x7                        rvtest_init+80
x21 <- 0x000000000FAB7FBB

mem[X,0x0000000080000054] -> 0x5793
mem[X,0x0000000080000056] -> 0x039A
[21] [M]: 0x0000000080000054 (0x039A5793) srli x15, x20, 0x39                       rvtest_init+84
x15 <- 0x0000000000000000

clint mtime 0x000000000000000B (mip.MTI <- 0b1, mip.STI <- 0b0)
mem[X,0x0000000080000058] -> 0xEAB3
mem[X,0x000000008000005A] -> 0x00FA
[22] [M]: 0x0000000080000058 (0x00FAEAB3) or x21, x21, x15                          rvtest_init+88
x21 <- 0x000000000FAB7FBB

mem[X,0x000000008000005C] -> 0xDB13
mem[X,0x000000008000005E] -> 0x007A
[23] [M]: 0x000000008000005C (0x007ADB13) srli x22, x21, 0x7                        rvtest_init+92
x22 <- 0x00000000001F56FF

clint mtime 0x000000000000000C (mip.MTI <- 0b1, mip.STI <- 0b0)
mem[X,0x0000000080000060] -> 0xD793
mem[X,0x0000000080000062] -> 0x039A
[24] [M]: 0x0000000080000060 (0x039AD793) srli x15, x21, 0x39                       rvtest_init+96
x15 <- 0x0000000000000000

mem[X,0x0000000080000064] -> 0x6B33
mem[X,0x0000000080000066] -> 0x00FB
[25] [M]: 0x0000000080000064 (0x00FB6B33) or x22, x22, x15                          rvtest_init+100
x22 <- 0x00000000001F56FF

clint mtime 0x000000000000000D (mip.MTI <- 0b1, mip.STI <- 0b0)
mem[X,0x0000000080000068] -> 0x5B93
mem[X,0x000000008000006A] -> 0x007B
[26] [M]: 0x0000000080000068 (0x007B5B93) srli x23, x22, 0x7                        rvtest_init+104
x23 <- 0x0000000000003EAD

mem[X,0x000000008000006C] -> 0x5793
mem[X,0x000000008000006E] -> 0x039B
[27] [M]: 0x000000008000006C (0x039B5793) srli x15, x22, 0x39                       rvtest_init+108
x15 <- 0x0000000000000000

clint mtime 0x000000000000000E (mip.MTI <- 0b1, mip.STI <- 0b0)
mem[X,0x0000000080000070] -> 0xEBB3
mem[X,0x0000000080000072] -> 0x00FB
[28] [M]: 0x0000000080000070 (0x00FBEBB3) or x23, x23, x15                          rvtest_init+112
x23 <- 0x0000000000003EAD

mem[X,0x0000000080000074] -> 0xDC13
mem[X,0x0000000080000076] -> 0x007B
[29] [M]: 0x0000000080000074 (0x007BDC13) srli x24, x23, 0x7                        rvtest_init+116
x24 <- 0x000000000000007D

clint mtime 0x000000000000000F (mip.MTI <- 0b1, mip.STI <- 0b0)
mem[X,0x0000000080000078] -> 0xD793
mem[X,0x000000008000007A] -> 0x039B
[30] [M]: 0x0000000080000078 (0x039BD793) srli x15, x23, 0x39                       rvtest_init+120
x15 <- 0x0000000000000000

mem[X,0x000000008000007C] -> 0x6C33
mem[X,0x000000008000007E] -> 0x00FC
[31] [M]: 0x000000008000007C (0x00FC6C33) or x24, x24, x15                          rvtest_init+124
x24 <- 0x000000000000007D

clint mtime 0x0000000000000010 (mip.MTI <- 0b1, mip.STI <- 0b0)
mem[X,0x0000000080000080] -> 0x5C93
mem[X,0x0000000080000082] -> 0x007C
[32] [M]: 0x0000000080000080 (0x007C5C93) srli x25, x24, 0x7                        rvtest_init+128
x25 <- 0x0000000000000000

mem[X,0x0000000080000084] -> 0x5793
mem[X,0x0000000080000086] -> 0x039C
[33] [M]: 0x0000000080000084 (0x039C5793) srli x15, x24, 0x39                       rvtest_init+132
x15 <- 0x0000000000000000

clint mtime 0x0000000000000011 (mip.MTI <- 0b1, mip.STI <- 0b0)
mem[X,0x0000000080000088] -> 0xECB3
mem[X,0x000000008000008A] -> 0x00FC
[34] [M]: 0x0000000080000088 (0x00FCECB3) or x25, x25, x15                          rvtest_init+136
x25 <- 0x0000000000000000

mem[X,0x000000008000008C] -> 0xDD13
mem[X,0x000000008000008E] -> 0x007C
[35] [M]: 0x000000008000008C (0x007CDD13) srli x26, x25, 0x7                        rvtest_init+140
x26 <- 0x0000000000000000

clint mtime 0x0000000000000012 (mip.MTI <- 0b1, mip.STI <- 0b0)
mem[X,0x0000000080000090] -> 0xD793
mem[X,0x0000000080000092] -> 0x039C
[36] [M]: 0x0000000080000090 (0x039CD793) srli x15, x25, 0x39                       rvtest_init+144
x15 <- 0x0000000000000000

mem[X,0x0000000080000094] -> 0x6D33
mem[X,0x0000000080000096] -> 0x00FD
[37] [M]: 0x0000000080000094 (0x00FD6D33) or x26, x26, x15                          rvtest_init+148
x26 <- 0x0000000000000000

clint mtime 0x0000000000000013 (mip.MTI <- 0b1, mip.STI <- 0b0)
mem[X,0x0000000080000098] -> 0x5D93
mem[X,0x000000008000009A] -> 0x007D
[38] [M]: 0x0000000080000098 (0x007D5D93) srli x27, x26, 0x7                        rvtest_init+152
x27 <- 0x0000000000000000

mem[X,0x000000008000009C] -> 0x5793
mem[X,0x000000008000009E] -> 0x039D
[39] [M]: 0x000000008000009C (0x039D5793) srli x15, x26, 0x39                       rvtest_init+156
x15 <- 0x0000000000000000

clint mtime 0x0000000000000014 (mip.MTI <- 0b1, mip.STI <- 0b0)
mem[X,0x00000000800000A0] -> 0xEDB3
mem[X,0x00000000800000A2] -> 0x00FD
[40] [M]: 0x00000000800000A0 (0x00FDEDB3) or x27, x27, x15                          rvtest_init+160
x27 <- 0x0000000000000000

mem[X,0x00000000800000A4] -> 0xDE13
mem[X,0x00000000800000A6] -> 0x007D
[41] [M]: 0x00000000800000A4 (0x007DDE13) srli x28, x27, 0x7                        rvtest_init+164
x28 <- 0x0000000000000000

clint mtime 0x0000000000000015 (mip.MTI <- 0b1, mip.STI <- 0b0)
mem[X,0x00000000800000A8] -> 0xD793
mem[X,0x00000000800000AA] -> 0x039D
[42] [M]: 0x00000000800000A8 (0x039DD793) srli x15, x27, 0x39                       rvtest_init+168
x15 <- 0x0000000000000000

mem[X,0x00000000800000AC] -> 0x6E33
mem[X,0x00000000800000AE] -> 0x00FE
[43] [M]: 0x00000000800000AC (0x00FE6E33) or x28, x28, x15                          rvtest_init+172
x28 <- 0x0000000000000000

clint mtime 0x0000000000000016 (mip.MTI <- 0b1, mip.STI <- 0b0)
mem[X,0x00000000800000B0] -> 0x5E93
mem[X,0x00000000800000B2] -> 0x007E
[44] [M]: 0x00000000800000B0 (0x007E5E93) srli x29, x28, 0x7                        rvtest_init+176
x29 <- 0x0000000000000000

mem[X,0x00000000800000B4] -> 0x5793
mem[X,0x00000000800000B6] -> 0x039E
[45] [M]: 0x00000000800000B4 (0x039E5793) srli x15, x28, 0x39                       rvtest_init+180
x15 <- 0x0000000000000000

clint mtime 0x0000000000000017 (mip.MTI <- 0b1, mip.STI <- 0b0)
mem[X,0x00000000800000B8] -> 0xEEB3
mem[X,0x00000000800000BA] -> 0x00FE
[46] [M]: 0x00000000800000B8 (0x00FEEEB3) or x29, x29, x15                          rvtest_init+184
x29 <- 0x0000000000000000

mem[X,0x00000000800000BC] -> 0xDF13
mem[X,0x00000000800000BE] -> 0x007E
[47] [M]: 0x00000000800000BC (0x007EDF13) srli x30, x29, 0x7                        rvtest_init+188
x30 <- 0x0000000000000000

clint mtime 0x0000000000000018 (mip.MTI <- 0b1, mip.STI <- 0b0)
mem[X,0x00000000800000C0] -> 0xD793
mem[X,0x00000000800000C2] -> 0x039E
[48] [M]: 0x00000000800000C0 (0x039ED793) srli x15, x29, 0x39                       rvtest_init+192
x15 <- 0x0000000000000000

mem[X,0x00000000800000C4] -> 0x6F33
mem[X,0x00000000800000C6] -> 0x00FF
[49] [M]: 0x00000000800000C4 (0x00FF6F33) or x30, x30, x15                          rvtest_init+196
x30 <- 0x0000000000000000

clint mtime 0x0000000000000019 (mip.MTI <- 0b1, mip.STI <- 0b0)
mem[X,0x00000000800000C8] -> 0xC0B7
mem[X,0x00000000800000CA] -> 0xFEED
[50] [M]: 0x00000000800000C8 (0xFEEDC0B7) lui x1, -0x1124                           rvtest_init+200
x1 <- 0xFFFFFFFFFEEDC000

mem[X,0x00000000800000CC] -> 0x8093
mem[X,0x00000000800000CE] -> 0xEAD0
[51] [M]: 0x00000000800000CC (0xEAD08093) addi x1, x1, -0x153                       rvtest_init+204
x1 <- 0xFFFFFFFFFEEDBEAD

clint mtime 0x000000000000001A (mip.MTI <- 0b1, mip.STI <- 0b0)
mem[X,0x00000000800000D0] -> 0x9093
mem[X,0x00000000800000D2] -> 0x00B0
[52] [M]: 0x00000000800000D0 (0x00B09093) slli x1, x1, 0xb                          rvtest_init+208
x1 <- 0xFFFFFFF76DF56800

mem[X,0x00000000800000D4] -> 0x8093
mem[X,0x00000000800000D6] -> 0x7F70
[53] [M]: 0x00000000800000D4 (0x7F708093) addi x1, x1, 0x7f7                        rvtest_init+212
x1 <- 0xFFFFFFF76DF56FF7

clint mtime 0x000000000000001B (mip.MTI <- 0b1, mip.STI <- 0b0)
mem[X,0x00000000800000D8] -> 0x9093
mem[X,0x00000000800000DA] -> 0x00B0
[54] [M]: 0x00000000800000D8 (0x00B09093) slli x1, x1, 0xb                          rvtest_init+216
x1 <- 0xFFFFBB6FAB7FB800

mem[X,0x00000000800000DC] -> 0x8093
mem[X,0x00000000800000DE] -> 0x36F0
[55] [M]: 0x00000000800000DC (0x36F08093) addi x1, x1, 0x36f                        rvtest_init+220
x1 <- 0xFFFFBB6FAB7FBB6F

clint mtime 0x000000000000001C (mip.MTI <- 0b1, mip.STI <- 0b0)
mem[X,0x00000000800000E0] -> 0x9093
mem[X,0x00000000800000E2] -> 0x00A0
[56] [M]: 0x00000000800000E0 (0x00A09093) slli x1, x1, 0xa                          rvtest_init+224
x1 <- 0xFEEDBEADFEEDBC00

mem[X,0x00000000800000E4] -> 0x8093
mem[X,0x00000000800000E6] -> 0x2AD0
[57] [M]: 0x00000000800000E4 (0x2AD08093) addi x1, x1, 0x2ad                        rvtest_init+228
x1 <- 0xFEEDBEADFEEDBEAD

clint mtime 0x000000000000001D (mip.MTI <- 0b1, mip.STI <- 0b0)
mem[X,0x00000000800000E8] -> 0xD113
mem[X,0x00000000800000EA] -> 0x0070
[58] [M]: 0x00000000800000E8 (0x0070D113) srli x2, x1, 0x7                          rvtest_init+232
x2 <- 0x01FDDB7D5BFDDB7D

mem[X,0x00000000800000EC] -> 0xD793
mem[X,0x00000000800000EE] -> 0x0390
[59] [M]: 0x00000000800000EC (0x0390D793) srli x15, x1, 0x39                        rvtest_init+236
x15 <- 0x000000000000007F

clint mtime 0x000000000000001E (mip.MTI <- 0b1, mip.STI <- 0b0)
mem[X,0x00000000800000F0] -> 0x6133
mem[X,0x00000000800000F2] -> 0x00F1
[60] [M]: 0x00000000800000F0 (0x00F16133) or x2, x2, x15                            rvtest_init+240
x2 <- 0x01FDDB7D5BFDDB7F

mem[X,0x00000000800000F4] -> 0x5193
mem[X,0x00000000800000F6] -> 0x0071
[61] [M]: 0x00000000800000F4 (0x00715193) srli x3, x2, 0x7                          rvtest_init+244
x3 <- 0x0003FBB6FAB7FBB6

clint mtime 0x000000000000001F (mip.MTI <- 0b1, mip.STI <- 0b0)
mem[X,0x00000000800000F8] -> 0x5793
mem[X,0x00000000800000FA] -> 0x0391
[62] [M]: 0x00000000800000F8 (0x03915793) srli x15, x2, 0x39                        rvtest_init+248
x15 <- 0x0000000000000000

mem[X,0x00000000800000FC] -> 0xE1B3
mem[X,0x00000000800000FE] -> 0x00F1
[63] [M]: 0x00000000800000FC (0x00F1E1B3) or x3, x3, x15                            rvtest_init+252
x3 <- 0x0003FBB6FAB7FBB6

clint mtime 0x0000000000000020 (mip.MTI <- 0b1, mip.STI <- 0b0)
mem[X,0x0000000080000100] -> 0xD213
mem[X,0x0000000080000102] -> 0x0071
[64] [M]: 0x0000000080000100 (0x0071D213) srli x4, x3, 0x7                          rvtest_init+256
x4 <- 0x000007F76DF56FF7

mem[X,0x0000000080000104] -> 0xD793
mem[X,0x0000000080000106] -> 0x0391
[65] [M]: 0x0000000080000104 (0x0391D793) srli x15, x3, 0x39                        rvtest_init+260
x15 <- 0x0000000000000000

clint mtime 0x0000000000000021 (mip.MTI <- 0b1, mip.STI <- 0b0)
mem[X,0x0000000080000108] -> 0x6233
mem[X,0x000000008000010A] -> 0x00F2
[66] [M]: 0x0000000080000108 (0x00F26233) or x4, x4, x15                            rvtest_init+264
x4 <- 0x000007F76DF56FF7

mem[X,0x000000008000010C] -> 0x5293
mem[X,0x000000008000010E] -> 0x0072
[67] [M]: 0x000000008000010C (0x00725293) srli x5, x4, 0x7                          rvtest_init+268
x5 <- 0x0000000FEEDBEADF

clint mtime 0x0000000000000022 (mip.MTI <- 0b1, mip.STI <- 0b0)
mem[X,0x0000000080000110] -> 0x5793
mem[X,0x0000000080000112] -> 0x0392
[68] [M]: 0x0000000080000110 (0x03925793) srli x15, x4, 0x39                        rvtest_init+272
x15 <- 0x0000000000000000

mem[X,0x0000000080000114] -> 0xE2B3
mem[X,0x0000000080000116] -> 0x00F2
[69] [M]: 0x0000000080000114 (0x00F2E2B3) or x5, x5, x15                            rvtest_init+276
x5 <- 0x0000000FEEDBEADF

clint mtime 0x0000000000000023 (mip.MTI <- 0b1, mip.STI <- 0b0)
mem[X,0x0000000080000118] -> 0xD313
mem[X,0x000000008000011A] -> 0x0072
[70] [M]: 0x0000000080000118 (0x0072D313) srli x6, x5, 0x7                          rvtest_init+280
x6 <- 0x000000001FDDB7D5

mem[X,0x000000008000011C] -> 0xD793
mem[X,0x000000008000011E] -> 0x0392
[71] [M]: 0x000000008000011C (0x0392D793) srli x15, x5, 0x39                        rvtest_init+284
x15 <- 0x0000000000000000

clint mtime 0x0000000000000024 (mip.MTI <- 0b1, mip.STI <- 0b0)
mem[X,0x0000000080000120] -> 0x6333
mem[X,0x0000000080000122] -> 0x00F3
[72] [M]: 0x0000000080000120 (0x00F36333) or x6, x6, x15                            rvtest_init+288
x6 <- 0x000000001FDDB7D5

mem[X,0x0000000080000124] -> 0x5393
mem[X,0x0000000080000126] -> 0x0073
[73] [M]: 0x0000000080000124 (0x00735393) srli x7, x6, 0x7                          rvtest_init+292
x7 <- 0x00000000003FBB6F

clint mtime 0x0000000000000025 (mip.MTI <- 0b1, mip.STI <- 0b0)
mem[X,0x0000000080000128] -> 0x5793
mem[X,0x000000008000012A] -> 0x0393
[74] [M]: 0x0000000080000128 (0x03935793) srli x15, x6, 0x39                        rvtest_init+296
x15 <- 0x0000000000000000

mem[X,0x000000008000012C] -> 0xE3B3
mem[X,0x000000008000012E] -> 0x00F3
[75] [M]: 0x000000008000012C (0x00F3E3B3) or x7, x7, x15                            rvtest_init+300
x7 <- 0x00000000003FBB6F

clint mtime 0x0000000000000026 (mip.MTI <- 0b1, mip.STI <- 0b0)
mem[X,0x0000000080000130] -> 0xD413
mem[X,0x0000000080000132] -> 0x0073
[76] [M]: 0x0000000080000130 (0x0073D413) srli x8, x7, 0x7                          rvtest_init+304
x8 <- 0x0000000000007F76

mem[X,0x0000000080000134] -> 0xD793
mem[X,0x0000000080000136] -> 0x0393
[77] [M]: 0x0000000080000134 (0x0393D793) srli x15, x7, 0x39                        rvtest_init+308
x15 <- 0x0000000000000000

clint mtime 0x0000000000000027 (mip.MTI <- 0b1, mip.STI <- 0b0)
mem[X,0x0000000080000138] -> 0x6433
mem[X,0x000000008000013A] -> 0x00F4
[78] [M]: 0x0000000080000138 (0x00F46433) or x8, x8, x15                            rvtest_init+312
x8 <- 0x0000000000007F76

mem[X,0x000000008000013C] -> 0x5493
mem[X,0x000000008000013E] -> 0x0074
[79] [M]: 0x000000008000013C (0x00745493) srli x9, x8, 0x7                          rvtest_init+316
x9 <- 0x00000000000000FE

clint mtime 0x0000000000000028 (mip.MTI <- 0b1, mip.STI <- 0b0)
mem[X,0x0000000080000140] -> 0x5793
mem[X,0x0000000080000142] -> 0x0394
[80] [M]: 0x0000000080000140 (0x03945793) srli x15, x8, 0x39                        rvtest_init+320
x15 <- 0x0000000000000000

mem[X,0x0000000080000144] -> 0xE4B3
mem[X,0x0000000080000146] -> 0x00F4
[81] [M]: 0x0000000080000144 (0x00F4E4B3) or x9, x9, x15                            rvtest_init+324
x9 <- 0x00000000000000FE

clint mtime 0x0000000000000029 (mip.MTI <- 0b1, mip.STI <- 0b0)
mem[X,0x0000000080000148] -> 0xD513
mem[X,0x000000008000014A] -> 0x0074
[82] [M]: 0x0000000080000148 (0x0074D513) srli x10, x9, 0x7                         rvtest_init+328
x10 <- 0x0000000000000001

mem[X,0x000000008000014C] -> 0xD793
mem[X,0x000000008000014E] -> 0x0394
[83] [M]: 0x000000008000014C (0x0394D793) srli x15, x9, 0x39                        rvtest_init+332
x15 <- 0x0000000000000000

clint mtime 0x000000000000002A (mip.MTI <- 0b1, mip.STI <- 0b0)
mem[X,0x0000000080000150] -> 0x6533
mem[X,0x0000000080000152] -> 0x00F5
[84] [M]: 0x0000000080000150 (0x00F56533) or x10, x10, x15                          rvtest_init+336
x10 <- 0x0000000000000001

mem[X,0x0000000080000154] -> 0x5593
mem[X,0x0000000080000156] -> 0x0075
[85] [M]: 0x0000000080000154 (0x00755593) srli x11, x10, 0x7                        rvtest_init+340
x11 <- 0x0000000000000000

clint mtime 0x000000000000002B (mip.MTI <- 0b1, mip.STI <- 0b0)
mem[X,0x0000000080000158] -> 0x5793
mem[X,0x000000008000015A] -> 0x0395
[86] [M]: 0x0000000080000158 (0x03955793) srli x15, x10, 0x39                       rvtest_init+344
x15 <- 0x0000000000000000

mem[X,0x000000008000015C] -> 0xE5B3
mem[X,0x000000008000015E] -> 0x00F5
[87] [M]: 0x000000008000015C (0x00F5E5B3) or x11, x11, x15                          rvtest_init+348
x11 <- 0x0000000000000000

clint mtime 0x000000000000002C (mip.MTI <- 0b1, mip.STI <- 0b0)
mem[X,0x0000000080000160] -> 0xD613
mem[X,0x0000000080000162] -> 0x0075
[88] [M]: 0x0000000080000160 (0x0075D613) srli x12, x11, 0x7                        rvtest_init+352
x12 <- 0x0000000000000000

mem[X,0x0000000080000164] -> 0xD793
mem[X,0x0000000080000166] -> 0x0395
[89] [M]: 0x0000000080000164 (0x0395D793) srli x15, x11, 0x39                       rvtest_init+356
x15 <- 0x0000000000000000

clint mtime 0x000000000000002D (mip.MTI <- 0b1, mip.STI <- 0b0)
mem[X,0x0000000080000168] -> 0x6633
mem[X,0x000000008000016A] -> 0x00F6
[90] [M]: 0x0000000080000168 (0x00F66633) or x12, x12, x15                          rvtest_init+360
x12 <- 0x0000000000000000

mem[X,0x000000008000016C] -> 0x5693
mem[X,0x000000008000016E] -> 0x0076
[91] [M]: 0x000000008000016C (0x00765693) srli x13, x12, 0x7                        rvtest_init+364
x13 <- 0x0000000000000000

clint mtime 0x000000000000002E (mip.MTI <- 0b1, mip.STI <- 0b0)
mem[X,0x0000000080000170] -> 0x5793
mem[X,0x0000000080000172] -> 0x0396
[92] [M]: 0x0000000080000170 (0x03965793) srli x15, x12, 0x39                       rvtest_init+368
x15 <- 0x0000000000000000

mem[X,0x0000000080000174] -> 0xE6B3
mem[X,0x0000000080000176] -> 0x00F6
[93] [M]: 0x0000000080000174 (0x00F6E6B3) or x13, x13, x15                          rvtest_init+372
x13 <- 0x0000000000000000

clint mtime 0x000000000000002F (mip.MTI <- 0b1, mip.STI <- 0b0)
mem[X,0x0000000080000178] -> 0x0013
mem[X,0x000000008000017A] -> 0x0000
[94] [M]: 0x0000000080000178 (0x00000013) addi x0, x0, 0x0                          rvtest_code_begin+0

mem[X,0x000000008000017C] -> 0x0013
mem[X,0x000000008000017E] -> 0x0000
[95] [M]: 0x000000008000017C (0x00000013) addi x0, x0, 0x0                          rvtest_code_begin+4

clint mtime 0x0000000000000030 (mip.MTI <- 0b1, mip.STI <- 0b0)
mem[X,0x0000000080000180] -> 0x3097
mem[X,0x0000000080000182] -> 0x0000
[96] [M]: 0x0000000080000180 (0x00003097) auipc x1, 0x3                             rvtest_code_begin+8
x1 <- 0x0000000080003180

mem[X,0x0000000080000184] -> 0x8093
mem[X,0x0000000080000186] -> 0xF980
[97] [M]: 0x0000000080000184 (0xF9808093) addi x1, x1, -0x68                        rvtest_code_begin+12
x1 <- 0x0000000080003118

clint mtime 0x0000000000000031 (mip.MTI <- 0b1, mip.STI <- 0b0)
mem[X,0x0000000080000188] -> 0x0013
mem[X,0x000000008000018A] -> 0x0000
[98] [M]: 0x0000000080000188 (0x00000013) addi x0, x0, 0x0                          rvtest_code_begin+16

mem[X,0x000000008000018C] -> 0x0013
mem[X,0x000000008000018E] -> 0x0000
[99] [M]: 0x000000008000018C (0x00000013) addi x0, x0, 0x0                          rvtest_code_begin+20

clint mtime 0x0000000000000032 (mip.MTI <- 0b1, mip.STI <- 0b0)
mem[X,0x0000000080000190] -> 0x0013
mem[X,0x0000000080000192] -> 0x0000
[100] [M]: 0x0000000080000190 (0x00000013) addi x0, x0, 0x0                         rvtest_code_begin+24

mem[X,0x0000000080000194] -> 0x0013
mem[X,0x0000000080000196] -> 0x0000
[101] [M]: 0x0000000080000194 (0x00000013) addi x0, x0, 0x0                         rvtest_code_begin+28

clint mtime 0x0000000000000033 (mip.MTI <- 0b1, mip.STI <- 0b0)
mem[X,0x0000000080000198] -> 0x0013
mem[X,0x000000008000019A] -> 0x0000
[102] [M]: 0x0000000080000198 (0x00000013) addi x0, x0, 0x0                         rvtest_code_begin+32

mem[X,0x000000008000019C] -> 0x0013
mem[X,0x000000008000019E] -> 0x0000
[103] [M]: 0x000000008000019C (0x00000013) addi x0, x0, 0x0                         rvtest_code_begin+36

clint mtime 0x0000000000000034 (mip.MTI <- 0b1, mip.STI <- 0b0)
mem[X,0x00000000800001A0] -> 0x5F37
mem[X,0x00000000800001A2] -> 0x5555
[104] [M]: 0x00000000800001A0 (0x55555F37) lui x30, 0x55555                         inst_0+0
x30 <- 0x0000000055555000

mem[X,0x00000000800001A4] -> 0x0F13
mem[X,0x00000000800001A6] -> 0x555F
[105] [M]: 0x00000000800001A4 (0x555F0F13) addi x30, x30, 0x555                     inst_0+4
x30 <- 0x0000000055555555

clint mtime 0x0000000000000035 (mip.MTI <- 0b1, mip.STI <- 0b0)
mem[X,0x00000000800001A8] -> 0x1F13
mem[X,0x00000000800001AA] -> 0x00BF
[106] [M]: 0x00000000800001A8 (0x00BF1F13) slli x30, x30, 0xb                       inst_0+8
x30 <- 0x000002AAAAAAA800

mem[X,0x00000000800001AC] -> 0x0F13
mem[X,0x00000000800001AE] -> 0x2AAF
[107] [M]: 0x00000000800001AC (0x2AAF0F13) addi x30, x30, 0x2aa                     inst_0+12
x30 <- 0x000002AAAAAAAAAA

clint mtime 0x0000000000000036 (mip.MTI <- 0b1, mip.STI <- 0b0)
mem[X,0x00000000800001B0] -> 0x1F13
mem[X,0x00000000800001B2] -> 0x00BF
[108] [M]: 0x00000000800001B0 (0x00BF1F13) slli x30, x30, 0xb                       inst_0+16
x30 <- 0x0015555555555000

mem[X,0x00000000800001B4] -> 0x0F13
mem[X,0x00000000800001B6] -> 0x555F
[109] [M]: 0x00000000800001B4 (0x555F0F13) addi x30, x30, 0x555                     inst_0+20
x30 <- 0x0015555555555555

clint mtime 0x0000000000000037 (mip.MTI <- 0b1, mip.STI <- 0b0)
mem[X,0x00000000800001B8] -> 0x1F13
mem[X,0x00000000800001BA] -> 0x00AF
[110] [M]: 0x00000000800001B8 (0x00AF1F13) slli x30, x30, 0xa                       inst_0+24
x30 <- 0x5555555555555400

mem[X,0x00000000800001BC] -> 0x0F13
mem[X,0x00000000800001BE] -> 0x155F
[111] [M]: 0x00000000800001BC (0x155F0F13) addi x30, x30, 0x155                     inst_0+28
x30 <- 0x5555555555555555

clint mtime 0x0000000000000038 (mip.MTI <- 0b1, mip.STI <- 0b0)
mem[X,0x00000000800001C0] -> 0x1F93
mem[X,0x00000000800001C2] -> 0x601F
[112] [M]: 0x00000000800001C0 (0x601F1F93) ctz x31, x30                             inst_0+32
x31 <- 0x0000000000000000

mem[X,0x00000000800001C4] -> 0xB023
mem[X,0x00000000800001C6] -> 0x01F0
[113] [M]: 0x00000000800001C4 (0x01F0B023) sd x31, 0x0(x1)                          inst_0+36
mem[W,0x0000000080003118] <- 0x0000000000000000

clint mtime 0x0000000000000039 (mip.MTI <- 0b1, mip.STI <- 0b0)
mem[X,0x00000000800001C8] -> 0x0E93
mem[X,0x00000000800001CA] -> 0xFFF0
[114] [M]: 0x00000000800001C8 (0xFFF00E93) addi x29, x0, -0x1                       inst_1+0
x29 <- 0xFFFFFFFFFFFFFFFF

mem[X,0x00000000800001CC] -> 0xDE93
mem[X,0x00000000800001CE] -> 0x001E
[115] [M]: 0x00000000800001CC (0x001EDE93) srli x29, x29, 0x1                       inst_1+4
x29 <- 0x7FFFFFFFFFFFFFFF

clint mtime 0x000000000000003A (mip.MTI <- 0b1, mip.STI <- 0b0)
mem[X,0x00000000800001D0] -> 0x9E93
mem[X,0x00000000800001D2] -> 0x601E
[116] [M]: 0x00000000800001D0 (0x601E9E93) ctz x29, x29                             inst_1+8
x29 <- 0x0000000000000000

mem[X,0x00000000800001D4] -> 0xB423
mem[X,0x00000000800001D6] -> 0x01D0
[117] [M]: 0x00000000800001D4 (0x01D0B423) sd x29, 0x8(x1)                          inst_1+12
mem[W,0x0000000080003120] <- 0x0000000000000000

clint mtime 0x000000000000003B (mip.MTI <- 0b1, mip.STI <- 0b0)
mem[X,0x00000000800001D8] -> 0x0F93
mem[X,0x00000000800001DA] -> 0x0010
[118] [M]: 0x00000000800001D8 (0x00100F93) addi x31, x0, 0x1                        inst_2+0
x31 <- 0x0000000000000001

mem[X,0x00000000800001DC] -> 0x9F93
mem[X,0x00000000800001DE] -> 0x03EF
[119] [M]: 0x00000000800001DC (0x03EF9F93) slli x31, x31, 0x3e                      inst_2+4
x31 <- 0x4000000000000000

clint mtime 0x000000000000003C (mip.MTI <- 0b1, mip.STI <- 0b0)
mem[X,0x00000000800001E0] -> 0xCF93
mem[X,0x00000000800001E2] -> 0xFFFF
[120] [M]: 0x00000000800001E0 (0xFFFFCF93) xori x31, x31, -0x1                      inst_2+8
x31 <- 0xBFFFFFFFFFFFFFFF

mem[X,0x00000000800001E4] -> 0x9F13
mem[X,0x00000000800001E6] -> 0x601F
[121] [M]: 0x00000000800001E4 (0x601F9F13) ctz x30, x31                             inst_2+12
x30 <- 0x0000000000000000

clint mtime 0x000000000000003D (mip.MTI <- 0b1, mip.STI <- 0b0)
mem[X,0x00000000800001E8] -> 0xB823
mem[X,0x00000000800001EA] -> 0x01E0
[122] [M]: 0x00000000800001E8 (0x01E0B823) sd x30, 0x10(x1)                         inst_2+16
mem[W,0x0000000080003128] <- 0x0000000000000000

mem[X,0x00000000800001EC] -> 0x0D93
mem[X,0x00000000800001EE] -> 0x0010
[123] [M]: 0x00000000800001EC (0x00100D93) addi x27, x0, 0x1                        inst_3+0
x27 <- 0x0000000000000001

clint mtime 0x000000000000003E (mip.MTI <- 0b1, mip.STI <- 0b0)
mem[X,0x00000000800001F0] -> 0x9D93
mem[X,0x00000000800001F2] -> 0x03DD
[124] [M]: 0x00000000800001F0 (0x03DD9D93) slli x27, x27, 0x3d                      inst_3+4
x27 <- 0x2000000000000000

mem[X,0x00000000800001F4] -> 0xCD93
mem[X,0x00000000800001F6] -> 0xFFFD
[125] [M]: 0x00000000800001F4 (0xFFFDCD93) xori x27, x27, -0x1                      inst_3+8
x27 <- 0xDFFFFFFFFFFFFFFF

clint mtime 0x000000000000003F (mip.MTI <- 0b1, mip.STI <- 0b0)
mem[X,0x00000000800001F8] -> 0x9E13
mem[X,0x00000000800001FA] -> 0x601D
[126] [M]: 0x00000000800001F8 (0x601D9E13) ctz x28, x27                             inst_3+12
x28 <- 0x0000000000000000

mem[X,0x00000000800001FC] -> 0xBC23
mem[X,0x00000000800001FE] -> 0x01C0
[127] [M]: 0x00000000800001FC (0x01C0BC23) sd x28, 0x18(x1)                         inst_3+16
mem[W,0x0000000080003130] <- 0x0000000000000000

clint mtime 0x0000000000000040 (mip.MTI <- 0b1, mip.STI <- 0b0)
mem[X,0x0000000080000200] -> 0x0E13
mem[X,0x0000000080000202] -> 0x0010
[128] [M]: 0x0000000080000200 (0x00100E13) addi x28, x0, 0x1                        inst_4+0
x28 <- 0x0000000000000001

mem[X,0x0000000080000204] -> 0x1E13
mem[X,0x0000000080000206] -> 0x03CE
[129] [M]: 0x0000000080000204 (0x03CE1E13) slli x28, x28, 0x3c                      inst_4+4
x28 <- 0x1000000000000000

clint mtime 0x0000000000000041 (mip.MTI <- 0b1, mip.STI <- 0b0)
mem[X,0x0000000080000208] -> 0x4E13
mem[X,0x000000008000020A] -> 0xFFFE
[130] [M]: 0x0000000080000208 (0xFFFE4E13) xori x28, x28, -0x1                      inst_4+8
x28 <- 0xEFFFFFFFFFFFFFFF

mem[X,0x000000008000020C] -> 0x1D93
mem[X,0x000000008000020E] -> 0x601E
[131] [M]: 0x000000008000020C (0x601E1D93) ctz x27, x28                             inst_4+12
x27 <- 0x0000000000000000

clint mtime 0x0000000000000042 (mip.MTI <- 0b1, mip.STI <- 0b0)
mem[X,0x0000000080000210] -> 0xB023
mem[X,0x0000000080000212] -> 0x03B0
[132] [M]: 0x0000000080000210 (0x03B0B023) sd x27, 0x20(x1)                         inst_4+16
mem[W,0x0000000080003138] <- 0x0000000000000000

mem[X,0x0000000080000214] -> 0x0C93
mem[X,0x0000000080000216] -> 0x0010
[133] [M]: 0x0000000080000214 (0x00100C93) addi x25, x0, 0x1                        inst_5+0
x25 <- 0x0000000000000001

clint mtime 0x0000000000000043 (mip.MTI <- 0b1, mip.STI <- 0b0)
mem[X,0x0000000080000218] -> 0x9C93
mem[X,0x000000008000021A] -> 0x03BC
[134] [M]: 0x0000000080000218 (0x03BC9C93) slli x25, x25, 0x3b                      inst_5+4
x25 <- 0x0800000000000000

mem[X,0x000000008000021C] -> 0xCC93
mem[X,0x000000008000021E] -> 0xFFFC
[135] [M]: 0x000000008000021C (0xFFFCCC93) xori x25, x25, -0x1                      inst_5+8
x25 <- 0xF7FFFFFFFFFFFFFF

clint mtime 0x0000000000000044 (mip.MTI <- 0b1, mip.STI <- 0b0)
mem[X,0x0000000080000220] -> 0x9D13
mem[X,0x0000000080000222] -> 0x601C
[136] [M]: 0x0000000080000220 (0x601C9D13) ctz x26, x25                             inst_5+12
x26 <- 0x0000000000000000

mem[X,0x0000000080000224] -> 0xB423
mem[X,0x0000000080000226] -> 0x03A0
[137] [M]: 0x0000000080000224 (0x03A0B423) sd x26, 0x28(x1)                         inst_5+16
mem[W,0x0000000080003140] <- 0x0000000000000000

clint mtime 0x0000000000000045 (mip.MTI <- 0b1, mip.STI <- 0b0)
mem[X,0x0000000080000228] -> 0x0D13
mem[X,0x000000008000022A] -> 0x0010
[138] [M]: 0x0000000080000228 (0x00100D13) addi x26, x0, 0x1                        inst_6+0
x26 <- 0x0000000000000001

mem[X,0x000000008000022C] -> 0x1D13
mem[X,0x000000008000022E] -> 0x03AD
[139] [M]: 0x000000008000022C (0x03AD1D13) slli x26, x26, 0x3a                      inst_6+4
x26 <- 0x0400000000000000

clint mtime 0x0000000000000046 (mip.MTI <- 0b1, mip.STI <- 0b0)
mem[X,0x0000000080000230] -> 0x4D13
mem[X,0x0000000080000232] -> 0xFFFD
[140] [M]: 0x0000000080000230 (0xFFFD4D13) xori x26, x26, -0x1                      inst_6+8
x26 <- 0xFBFFFFFFFFFFFFFF

mem[X,0x0000000080000234] -> 0x1C93
mem[X,0x0000000080000236] -> 0x601D
[141] [M]: 0x0000000080000234 (0x601D1C93) ctz x25, x26                             inst_6+12
x25 <- 0x0000000000000000

clint mtime 0x0000000000000047 (mip.MTI <- 0b1, mip.STI <- 0b0)
mem[X,0x0000000080000238] -> 0xB823
mem[X,0x000000008000023A] -> 0x0390
[142] [M]: 0x0000000080000238 (0x0390B823) sd x25, 0x30(x1)                         inst_6+16
mem[W,0x0000000080003148] <- 0x0000000000000000

mem[X,0x000000008000023C] -> 0x0B93
mem[X,0x000000008000023E] -> 0x0010
[143] [M]: 0x000000008000023C (0x00100B93) addi x23, x0, 0x1                        inst_7+0
x23 <- 0x0000000000000001

clint mtime 0x0000000000000048 (mip.MTI <- 0b1, mip.STI <- 0b0)
mem[X,0x0000000080000240] -> 0x9B93
mem[X,0x0000000080000242] -> 0x039B
[144] [M]: 0x0000000080000240 (0x039B9B93) slli x23, x23, 0x39                      inst_7+4
x23 <- 0x0200000000000000

mem[X,0x0000000080000244] -> 0xCB93
mem[X,0x0000000080000246] -> 0xFFFB
[145] [M]: 0x0000000080000244 (0xFFFBCB93) xori x23, x23, -0x1                      inst_7+8
x23 <- 0xFDFFFFFFFFFFFFFF

clint mtime 0x0000000000000049 (mip.MTI <- 0b1, mip.STI <- 0b0)
mem[X,0x0000000080000248] -> 0x9C13
mem[X,0x000000008000024A] -> 0x601B
[146] [M]: 0x0000000080000248 (0x601B9C13) ctz x24, x23                             inst_7+12
x24 <- 0x0000000000000000

mem[X,0x000000008000024C] -> 0xBC23
mem[X,0x000000008000024E] -> 0x0380
[147] [M]: 0x000000008000024C (0x0380BC23) sd x24, 0x38(x1)                         inst_7+16
mem[W,0x0000000080003150] <- 0x0000000000000000

clint mtime 0x000000000000004A (mip.MTI <- 0b1, mip.STI <- 0b0)
mem[X,0x0000000080000250] -> 0x0C13
mem[X,0x0000000080000252] -> 0x0010
[148] [M]: 0x0000000080000250 (0x00100C13) addi x24, x0, 0x1                        inst_8+0
x24 <- 0x0000000000000001

mem[X,0x0000000080000254] -> 0x1C13
mem[X,0x0000000080000256] -> 0x038C
[149] [M]: 0x0000000080000254 (0x038C1C13) slli x24, x24, 0x38                      inst_8+4
x24 <- 0x0100000000000000

clint mtime 0x000000000000004B (mip.MTI <- 0b1, mip.STI <- 0b0)
mem[X,0x0000000080000258] -> 0x4C13
mem[X,0x000000008000025A] -> 0xFFFC
[150] [M]: 0x0000000080000258 (0xFFFC4C13) xori x24, x24, -0x1                      inst_8+8
x24 <- 0xFEFFFFFFFFFFFFFF

mem[X,0x000000008000025C] -> 0x1B93
mem[X,0x000000008000025E] -> 0x601C
[151] [M]: 0x000000008000025C (0x601C1B93) ctz x23, x24                             inst_8+12
x23 <- 0x0000000000000000

clint mtime 0x000000000000004C (mip.MTI <- 0b1, mip.STI <- 0b0)
mem[X,0x0000000080000260] -> 0xB023
mem[X,0x0000000080000262] -> 0x0570
[152] [M]: 0x0000000080000260 (0x0570B023) sd x23, 0x40(x1)                         inst_8+16
mem[W,0x0000000080003158] <- 0x0000000000000000

mem[X,0x0000000080000264] -> 0x0A93
mem[X,0x0000000080000266] -> 0x0010
[153] [M]: 0x0000000080000264 (0x00100A93) addi x21, x0, 0x1                        inst_9+0
x21 <- 0x0000000000000001

clint mtime 0x000000000000004D (mip.MTI <- 0b1, mip.STI <- 0b0)
mem[X,0x0000000080000268] -> 0x9A93
mem[X,0x000000008000026A] -> 0x037A
[154] [M]: 0x0000000080000268 (0x037A9A93) slli x21, x21, 0x37                      inst_9+4
x21 <- 0x0080000000000000

mem[X,0x000000008000026C] -> 0xCA93
mem[X,0x000000008000026E] -> 0xFFFA
[155] [M]: 0x000000008000026C (0xFFFACA93) xori x21, x21, -0x1                      inst_9+8
x21 <- 0xFF7FFFFFFFFFFFFF

clint mtime 0x000000000000004E (mip.MTI <- 0b1, mip.STI <- 0b0)
mem[X,0x0000000080000270] -> 0x9B13
mem[X,0x0000000080000272] -> 0x601A
[156] [M]: 0x0000000080000270 (0x601A9B13) ctz x22, x21                             inst_9+12
x22 <- 0x0000000000000000

mem[X,0x0000000080000274] -> 0xB423
mem[X,0x0000000080000276] -> 0x0560
[157] [M]: 0x0000000080000274 (0x0560B423) sd x22, 0x48(x1)                         inst_9+16
mem[W,0x0000000080003160] <- 0x0000000000000000

clint mtime 0x000000000000004F (mip.MTI <- 0b1, mip.STI <- 0b0)
mem[X,0x0000000080000278] -> 0x0B13
mem[X,0x000000008000027A] -> 0x0010
[158] [M]: 0x0000000080000278 (0x00100B13) addi x22, x0, 0x1                        inst_10+0
x22 <- 0x0000000000000001

mem[X,0x000000008000027C] -> 0x1B13
mem[X,0x000000008000027E] -> 0x036B
[159] [M]: 0x000000008000027C (0x036B1B13) slli x22, x22, 0x36                      inst_10+4
x22 <- 0x0040000000000000

clint mtime 0x0000000000000050 (mip.MTI <- 0b1, mip.STI <- 0b0)
mem[X,0x0000000080000280] -> 0x4B13
mem[X,0x0000000080000282] -> 0xFFFB
[160] [M]: 0x0000000080000280 (0xFFFB4B13) xori x22, x22, -0x1                      inst_10+8
x22 <- 0xFFBFFFFFFFFFFFFF

mem[X,0x0000000080000284] -> 0x1A93
mem[X,0x0000000080000286] -> 0x601B
[161] [M]: 0x0000000080000284 (0x601B1A93) ctz x21, x22                             inst_10+12
x21 <- 0x0000000000000000

clint mtime 0x0000000000000051 (mip.MTI <- 0b1, mip.STI <- 0b0)
mem[X,0x0000000080000288] -> 0xB823
mem[X,0x000000008000028A] -> 0x0550
[162] [M]: 0x0000000080000288 (0x0550B823) sd x21, 0x50(x1)                         inst_10+16
mem[W,0x0000000080003168] <- 0x0000000000000000

mem[X,0x000000008000028C] -> 0x0993
mem[X,0x000000008000028E] -> 0x0010
[163] [M]: 0x000000008000028C (0x00100993) addi x19, x0, 0x1                        inst_11+0
x19 <- 0x0000000000000001

clint mtime 0x0000000000000052 (mip.MTI <- 0b1, mip.STI <- 0b0)
mem[X,0x0000000080000290] -> 0x9993
mem[X,0x0000000080000292] -> 0x0359
[164] [M]: 0x0000000080000290 (0x03599993) slli x19, x19, 0x35                      inst_11+4
x19 <- 0x0020000000000000

mem[X,0x0000000080000294] -> 0xC993
mem[X,0x0000000080000296] -> 0xFFF9
[165] [M]: 0x0000000080000294 (0xFFF9C993) xori x19, x19, -0x1                      inst_11+8
x19 <- 0xFFDFFFFFFFFFFFFF

clint mtime 0x0000000000000053 (mip.MTI <- 0b1, mip.STI <- 0b0)
mem[X,0x0000000080000298] -> 0x9A13
mem[X,0x000000008000029A] -> 0x6019
[166] [M]: 0x0000000080000298 (0x60199A13) ctz x20, x19                             inst_11+12
x20 <- 0x0000000000000000

mem[X,0x000000008000029C] -> 0xBC23
mem[X,0x000000008000029E] -> 0x0540
[167] [M]: 0x000000008000029C (0x0540BC23) sd x20, 0x58(x1)                         inst_11+16
mem[W,0x0000000080003170] <- 0x0000000000000000

clint mtime 0x0000000000000054 (mip.MTI <- 0b1, mip.STI <- 0b0)
mem[X,0x00000000800002A0] -> 0x0A13
mem[X,0x00000000800002A2] -> 0x0010
[168] [M]: 0x00000000800002A0 (0x00100A13) addi x20, x0, 0x1                        inst_12+0
x20 <- 0x0000000000000001

mem[X,0x00000000800002A4] -> 0x1A13
mem[X,0x00000000800002A6] -> 0x034A
[169] [M]: 0x00000000800002A4 (0x034A1A13) slli x20, x20, 0x34                      inst_12+4
x20 <- 0x0010000000000000

clint mtime 0x0000000000000055 (mip.MTI <- 0b1, mip.STI <- 0b0)
mem[X,0x00000000800002A8] -> 0x4A13
mem[X,0x00000000800002AA] -> 0xFFFA
[170] [M]: 0x00000000800002A8 (0xFFFA4A13) xori x20, x20, -0x1                      inst_12+8
x20 <- 0xFFEFFFFFFFFFFFFF

mem[X,0x00000000800002AC] -> 0x1993
mem[X,0x00000000800002AE] -> 0x601A
[171] [M]: 0x00000000800002AC (0x601A1993) ctz x19, x20                             inst_12+12
x19 <- 0x0000000000000000

clint mtime 0x0000000000000056 (mip.MTI <- 0b1, mip.STI <- 0b0)
mem[X,0x00000000800002B0] -> 0xB023
mem[X,0x00000000800002B2] -> 0x0730
[172] [M]: 0x00000000800002B0 (0x0730B023) sd x19, 0x60(x1)                         inst_12+16
mem[W,0x0000000080003178] <- 0x0000000000000000

mem[X,0x00000000800002B4] -> 0x0893
mem[X,0x00000000800002B6] -> 0x0010
[173] [M]: 0x00000000800002B4 (0x00100893) addi x17, x0, 0x1                        inst_13+0
x17 <- 0x0000000000000001

clint mtime 0x0000000000000057 (mip.MTI <- 0b1, mip.STI <- 0b0)
mem[X,0x00000000800002B8] -> 0x9893
mem[X,0x00000000800002BA] -> 0x0338
[174] [M]: 0x00000000800002B8 (0x03389893) slli x17, x17, 0x33                      inst_13+4
x17 <- 0x0008000000000000

mem[X,0x00000000800002BC] -> 0xC893
mem[X,0x00000000800002BE] -> 0xFFF8
[175] [M]: 0x00000000800002BC (0xFFF8C893) xori x17, x17, -0x1                      inst_13+8
x17 <- 0xFFF7FFFFFFFFFFFF

clint mtime 0x0000000000000058 (mip.MTI <- 0b1, mip.STI <- 0b0)
mem[X,0x00000000800002C0] -> 0x9913
mem[X,0x00000000800002C2] -> 0x6018
[176] [M]: 0x00000000800002C0 (0x60189913) ctz x18, x17                             inst_13+12
x18 <- 0x0000000000000000

mem[X,0x00000000800002C4] -> 0xB423
mem[X,0x00000000800002C6] -> 0x0720
[177] [M]: 0x00000000800002C4 (0x0720B423) sd x18, 0x68(x1)                         inst_13+16
mem[W,0x0000000080003180] <- 0x0000000000000000

clint mtime 0x0000000000000059 (mip.MTI <- 0b1, mip.STI <- 0b0)
mem[X,0x00000000800002C8] -> 0x0913
mem[X,0x00000000800002CA] -> 0x0010
[178] [M]: 0x00000000800002C8 (0x00100913) addi x18, x0, 0x1                        inst_14+0
x18 <- 0x0000000000000001

mem[X,0x00000000800002CC] -> 0x1913
mem[X,0x00000000800002CE] -> 0x0329
[179] [M]: 0x00000000800002CC (0x03291913) slli x18, x18, 0x32                      inst_14+4
x18 <- 0x0004000000000000

clint mtime 0x000000000000005A (mip.MTI <- 0b1, mip.STI <- 0b0)
mem[X,0x00000000800002D0] -> 0x4913
mem[X,0x00000000800002D2] -> 0xFFF9
[180] [M]: 0x00000000800002D0 (0xFFF94913) xori x18, x18, -0x1                      inst_14+8
x18 <- 0xFFFBFFFFFFFFFFFF

mem[X,0x00000000800002D4] -> 0x1893
mem[X,0x00000000800002D6] -> 0x6019
[181] [M]: 0x00000000800002D4 (0x60191893) ctz x17, x18                             inst_14+12
x17 <- 0x0000000000000000

clint mtime 0x000000000000005B (mip.MTI <- 0b1, mip.STI <- 0b0)
mem[X,0x00000000800002D8] -> 0xB823
mem[X,0x00000000800002DA] -> 0x0710
[182] [M]: 0x00000000800002D8 (0x0710B823) sd x17, 0x70(x1)                         inst_14+16
mem[W,0x0000000080003188] <- 0x0000000000000000

mem[X,0x00000000800002DC] -> 0x0793
mem[X,0x00000000800002DE] -> 0x0010
[183] [M]: 0x00000000800002DC (0x00100793) addi x15, x0, 0x1                        inst_15+0
x15 <- 0x0000000000000001

clint mtime 0x000000000000005C (mip.MTI <- 0b1, mip.STI <- 0b0)
mem[X,0x00000000800002E0] -> 0x9793
mem[X,0x00000000800002E2] -> 0x0317
[184] [M]: 0x00000000800002E0 (0x03179793) slli x15, x15, 0x31                      inst_15+4
x15 <- 0x0002000000000000

mem[X,0x00000000800002E4] -> 0xC793
mem[X,0x00000000800002E6] -> 0xFFF7
[185] [M]: 0x00000000800002E4 (0xFFF7C793) xori x15, x15, -0x1                      inst_15+8
x15 <- 0xFFFDFFFFFFFFFFFF

clint mtime 0x000000000000005D (mip.MTI <- 0b1, mip.STI <- 0b0)
mem[X,0x00000000800002E8] -> 0x9813
mem[X,0x00000000800002EA] -> 0x6017
[186] [M]: 0x00000000800002E8 (0x60179813) ctz x16, x15                             inst_15+12
x16 <- 0x0000000000000000

mem[X,0x00000000800002EC] -> 0xBC23
mem[X,0x00000000800002EE] -> 0x0700
[187] [M]: 0x00000000800002EC (0x0700BC23) sd x16, 0x78(x1)                         inst_15+16
mem[W,0x0000000080003190] <- 0x0000000000000000

clint mtime 0x000000000000005E (mip.MTI <- 0b1, mip.STI <- 0b0)
mem[X,0x00000000800002F0] -> 0x0813
mem[X,0x00000000800002F2] -> 0x0010
[188] [M]: 0x00000000800002F0 (0x00100813) addi x16, x0, 0x1                        inst_16+0
x16 <- 0x0000000000000001

mem[X,0x00000000800002F4] -> 0x1813
mem[X,0x00000000800002F6] -> 0x0308
[189] [M]: 0x00000000800002F4 (0x03081813) slli x16, x16, 0x30                      inst_16+4
x16 <- 0x0001000000000000

clint mtime 0x000000000000005F (mip.MTI <- 0b1, mip.STI <- 0b0)
mem[X,0x00000000800002F8] -> 0x4813
mem[X,0x00000000800002FA] -> 0xFFF8
[190] [M]: 0x00000000800002F8 (0xFFF84813) xori x16, x16, -0x1                      inst_16+8
x16 <- 0xFFFEFFFFFFFFFFFF

mem[X,0x00000000800002FC] -> 0x1793
mem[X,0x00000000800002FE] -> 0x6018
[191] [M]: 0x00000000800002FC (0x60181793) ctz x15, x16                             inst_16+12
x15 <- 0x0000000000000000

clint mtime 0x0000000000000060 (mip.MTI <- 0b1, mip.STI <- 0b0)
mem[X,0x0000000080000300] -> 0xB023
mem[X,0x0000000080000302] -> 0x08F0
[192] [M]: 0x0000000080000300 (0x08F0B023) sd x15, 0x80(x1)                         inst_16+16
mem[W,0x0000000080003198] <- 0x0000000000000000

mem[X,0x0000000080000304] -> 0x0693
mem[X,0x0000000080000306] -> 0x0010
[193] [M]: 0x0000000080000304 (0x00100693) addi x13, x0, 0x1                        inst_17+0
x13 <- 0x0000000000000001

clint mtime 0x0000000000000061 (mip.MTI <- 0b1, mip.STI <- 0b0)
mem[X,0x0000000080000308] -> 0x9693
mem[X,0x000000008000030A] -> 0x02F6
[194] [M]: 0x0000000080000308 (0x02F69693) slli x13, x13, 0x2f                      inst_17+4
x13 <- 0x0000800000000000

mem[X,0x000000008000030C] -> 0xC693
mem[X,0x000000008000030E] -> 0xFFF6
[195] [M]: 0x000000008000030C (0xFFF6C693) xori x13, x13, -0x1                      inst_17+8
x13 <- 0xFFFF7FFFFFFFFFFF

clint mtime 0x0000000000000062 (mip.MTI <- 0b1, mip.STI <- 0b0)
mem[X,0x0000000080000310] -> 0x9713
mem[X,0x0000000080000312] -> 0x6016
[196] [M]: 0x0000000080000310 (0x60169713) ctz x14, x13                             inst_17+12
x14 <- 0x0000000000000000

mem[X,0x0000000080000314] -> 0xB423
mem[X,0x0000000080000316] -> 0x08E0
[197] [M]: 0x0000000080000314 (0x08E0B423) sd x14, 0x88(x1)                         inst_17+16
mem[W,0x00000000800031A0] <- 0x0000000000000000

clint mtime 0x0000000000000063 (mip.MTI <- 0b1, mip.STI <- 0b0)
mem[X,0x0000000080000318] -> 0x0713
mem[X,0x000000008000031A] -> 0x0010
[198] [M]: 0x0000000080000318 (0x00100713) addi x14, x0, 0x1                        inst_18+0
x14 <- 0x0000000000000001

mem[X,0x000000008000031C] -> 0x1713
mem[X,0x000000008000031E] -> 0x02E7
[199] [M]: 0x000000008000031C (0x02E71713) slli x14, x14, 0x2e                      inst_18+4
x14 <- 0x0000400000000000

clint mtime 0x0000000000000064 (mip.MTI <- 0b1, mip.STI <- 0b0)
mem[X,0x0000000080000320] -> 0x4713
mem[X,0x0000000080000322] -> 0xFFF7
[200] [M]: 0x0000000080000320 (0xFFF74713) xori x14, x14, -0x1                      inst_18+8
x14 <- 0xFFFFBFFFFFFFFFFF

mem[X,0x0000000080000324] -> 0x1693
mem[X,0x0000000080000326] -> 0x6017
[201] [M]: 0x0000000080000324 (0x60171693) ctz x13, x14                             inst_18+12
x13 <- 0x0000000000000000

clint mtime 0x0000000000000065 (mip.MTI <- 0b1, mip.STI <- 0b0)
mem[X,0x0000000080000328] -> 0xB823
mem[X,0x000000008000032A] -> 0x08D0
[202] [M]: 0x0000000080000328 (0x08D0B823) sd x13, 0x90(x1)                         inst_18+16
mem[W,0x00000000800031A8] <- 0x0000000000000000

mem[X,0x000000008000032C] -> 0x0593
mem[X,0x000000008000032E] -> 0x0010
[203] [M]: 0x000000008000032C (0x00100593) addi x11, x0, 0x1                        inst_19+0
x11 <- 0x0000000000000001

clint mtime 0x0000000000000066 (mip.MTI <- 0b1, mip.STI <- 0b0)
mem[X,0x0000000080000330] -> 0x9593
mem[X,0x0000000080000332] -> 0x02D5
[204] [M]: 0x0000000080000330 (0x02D59593) slli x11, x11, 0x2d                      inst_19+4
x11 <- 0x0000200000000000

mem[X,0x0000000080000334] -> 0xC593
mem[X,0x0000000080000336] -> 0xFFF5
[205] [M]: 0x0000000080000334 (0xFFF5C593) xori x11, x11, -0x1                      inst_19+8
x11 <- 0xFFFFDFFFFFFFFFFF

clint mtime 0x0000000000000067 (mip.MTI <- 0b1, mip.STI <- 0b0)
mem[X,0x0000000080000338] -> 0x9613
mem[X,0x000000008000033A] -> 0x6015
[206] [M]: 0x0000000080000338 (0x60159613) ctz x12, x11                             inst_19+12
x12 <- 0x0000000000000000

mem[X,0x000000008000033C] -> 0xBC23
mem[X,0x000000008000033E] -> 0x08C0
[207] [M]: 0x000000008000033C (0x08C0BC23) sd x12, 0x98(x1)                         inst_19+16
mem[W,0x00000000800031B0] <- 0x0000000000000000

clint mtime 0x0000000000000068 (mip.MTI <- 0b1, mip.STI <- 0b0)
mem[X,0x0000000080000340] -> 0x0613
mem[X,0x0000000080000342] -> 0x0010
[208] [M]: 0x0000000080000340 (0x00100613) addi x12, x0, 0x1                        inst_20+0
x12 <- 0x0000000000000001

mem[X,0x0000000080000344] -> 0x1613
mem[X,0x0000000080000346] -> 0x02C6
[209] [M]: 0x0000000080000344 (0x02C61613) slli x12, x12, 0x2c                      inst_20+4
x12 <- 0x0000100000000000

clint mtime 0x0000000000000069 (mip.MTI <- 0b1, mip.STI <- 0b0)
mem[X,0x0000000080000348] -> 0x4613
mem[X,0x000000008000034A] -> 0xFFF6
[210] [M]: 0x0000000080000348 (0xFFF64613) xori x12, x12, -0x1                      inst_20+8
x12 <- 0xFFFFEFFFFFFFFFFF

mem[X,0x000000008000034C] -> 0x1593
mem[X,0x000000008000034E] -> 0x6016
[211] [M]: 0x000000008000034C (0x60161593) ctz x11, x12                             inst_20+12
x11 <- 0x0000000000000000

clint mtime 0x000000000000006A (mip.MTI <- 0b1, mip.STI <- 0b0)
mem[X,0x0000000080000350] -> 0xB023
mem[X,0x0000000080000352] -> 0x0AB0
[212] [M]: 0x0000000080000350 (0x0AB0B023) sd x11, 0xa0(x1)                         inst_20+16
mem[W,0x00000000800031B8] <- 0x0000000000000000

mem[X,0x0000000080000354] -> 0x0493
mem[X,0x0000000080000356] -> 0x0010
[213] [M]: 0x0000000080000354 (0x00100493) addi x9, x0, 0x1                         inst_21+0
x9 <- 0x0000000000000001

clint mtime 0x000000000000006B (mip.MTI <- 0b1, mip.STI <- 0b0)
mem[X,0x0000000080000358] -> 0x9493
mem[X,0x000000008000035A] -> 0x02B4
[214] [M]: 0x0000000080000358 (0x02B49493) slli x9, x9, 0x2b                        inst_21+4
x9 <- 0x0000080000000000

mem[X,0x000000008000035C] -> 0xC493
mem[X,0x000000008000035E] -> 0xFFF4
[215] [M]: 0x000000008000035C (0xFFF4C493) xori x9, x9, -0x1                        inst_21+8
x9 <- 0xFFFFF7FFFFFFFFFF

clint mtime 0x000000000000006C (mip.MTI <- 0b1, mip.STI <- 0b0)
mem[X,0x0000000080000360] -> 0x9513
mem[X,0x0000000080000362] -> 0x6014
[216] [M]: 0x0000000080000360 (0x60149513) ctz x10, x9                              inst_21+12
x10 <- 0x0000000000000000

mem[X,0x0000000080000364] -> 0xB423
mem[X,0x0000000080000366] -> 0x0AA0
[217] [M]: 0x0000000080000364 (0x0AA0B423) sd x10, 0xa8(x1)                         inst_21+16
mem[W,0x00000000800031C0] <- 0x0000000000000000

clint mtime 0x000000000000006D (mip.MTI <- 0b1, mip.STI <- 0b0)
mem[X,0x0000000080000368] -> 0x0513
mem[X,0x000000008000036A] -> 0x0010
[218] [M]: 0x0000000080000368 (0x00100513) addi x10, x0, 0x1                        inst_22+0
x10 <- 0x0000000000000001

mem[X,0x000000008000036C] -> 0x1513
mem[X,0x000000008000036E] -> 0x02A5
[219] [M]: 0x000000008000036C (0x02A51513) slli x10, x10, 0x2a                      inst_22+4
x10 <- 0x0000040000000000

clint mtime 0x000000000000006E (mip.MTI <- 0b1, mip.STI <- 0b0)
mem[X,0x0000000080000370] -> 0x4513
mem[X,0x0000000080000372] -> 0xFFF5
[220] [M]: 0x0000000080000370 (0xFFF54513) xori x10, x10, -0x1                      inst_22+8
x10 <- 0xFFFFFBFFFFFFFFFF

mem[X,0x0000000080000374] -> 0x1493
mem[X,0x0000000080000376] -> 0x6015
[221] [M]: 0x0000000080000374 (0x60151493) ctz x9, x10                              inst_22+12
x9 <- 0x0000000000000000

clint mtime 0x000000000000006F (mip.MTI <- 0b1, mip.STI <- 0b0)
mem[X,0x0000000080000378] -> 0xB823
mem[X,0x000000008000037A] -> 0x0A90
[222] [M]: 0x0000000080000378 (0x0A90B823) sd x9, 0xb0(x1)                          inst_22+16
mem[W,0x00000000800031C8] <- 0x0000000000000000

mem[X,0x000000008000037C] -> 0x0393
mem[X,0x000000008000037E] -> 0x0010
[223] [M]: 0x000000008000037C (0x00100393) addi x7, x0, 0x1                         inst_23+0
x7 <- 0x0000000000000001

clint mtime 0x0000000000000070 (mip.MTI <- 0b1, mip.STI <- 0b0)
mem[X,0x0000000080000380] -> 0x9393
mem[X,0x0000000080000382] -> 0x0293
[224] [M]: 0x0000000080000380 (0x02939393) slli x7, x7, 0x29                        inst_23+4
x7 <- 0x0000020000000000

mem[X,0x0000000080000384] -> 0xC393
mem[X,0x0000000080000386] -> 0xFFF3
[225] [M]: 0x0000000080000384 (0xFFF3C393) xori x7, x7, -0x1                        inst_23+8
x7 <- 0xFFFFFDFFFFFFFFFF

clint mtime 0x0000000000000071 (mip.MTI <- 0b1, mip.STI <- 0b0)
mem[X,0x0000000080000388] -> 0x9413
mem[X,0x000000008000038A] -> 0x6013
[226] [M]: 0x0000000080000388 (0x60139413) ctz x8, x7                               inst_23+12
x8 <- 0x0000000000000000

mem[X,0x000000008000038C] -> 0xBC23
mem[X,0x000000008000038E] -> 0x0A80
[227] [M]: 0x000000008000038C (0x0A80BC23) sd x8, 0xb8(x1)                          inst_23+16
mem[W,0x00000000800031D0] <- 0x0000000000000000

clint mtime 0x0000000000000072 (mip.MTI <- 0b1, mip.STI <- 0b0)
mem[X,0x0000000080000390] -> 0x0413
mem[X,0x0000000080000392] -> 0x0010
[228] [M]: 0x0000000080000390 (0x00100413) addi x8, x0, 0x1                         inst_24+0
x8 <- 0x0000000000000001

mem[X,0x0000000080000394] -> 0x1413
mem[X,0x0000000080000396] -> 0x0284
[229] [M]: 0x0000000080000394 (0x02841413) slli x8, x8, 0x28                        inst_24+4
x8 <- 0x0000010000000000

clint mtime 0x0000000000000073 (mip.MTI <- 0b1, mip.STI <- 0b0)
mem[X,0x0000000080000398] -> 0x4413
mem[X,0x000000008000039A] -> 0xFFF4
[230] [M]: 0x0000000080000398 (0xFFF44413) xori x8, x8, -0x1                        inst_24+8
x8 <- 0xFFFFFEFFFFFFFFFF

mem[X,0x000000008000039C] -> 0x1393
mem[X,0x000000008000039E] -> 0x6014
[231] [M]: 0x000000008000039C (0x60141393) ctz x7, x8                               inst_24+12
x7 <- 0x0000000000000000

clint mtime 0x0000000000000074 (mip.MTI <- 0b1, mip.STI <- 0b0)
mem[X,0x00000000800003A0] -> 0xB023
mem[X,0x00000000800003A2] -> 0x0C70
[232] [M]: 0x00000000800003A0 (0x0C70B023) sd x7, 0xc0(x1)                          inst_24+16
mem[W,0x00000000800031D8] <- 0x0000000000000000

mem[X,0x00000000800003A4] -> 0x0293
mem[X,0x00000000800003A6] -> 0x0010
[233] [M]: 0x00000000800003A4 (0x00100293) addi x5, x0, 0x1                         inst_25+0
x5 <- 0x0000000000000001

clint mtime 0x0000000000000075 (mip.MTI <- 0b1, mip.STI <- 0b0)
mem[X,0x00000000800003A8] -> 0x9293
mem[X,0x00000000800003AA] -> 0x0272
[234] [M]: 0x00000000800003A8 (0x02729293) slli x5, x5, 0x27                        inst_25+4
x5 <- 0x0000008000000000

mem[X,0x00000000800003AC] -> 0xC293
mem[X,0x00000000800003AE] -> 0xFFF2
[235] [M]: 0x00000000800003AC (0xFFF2C293) xori x5, x5, -0x1                        inst_25+8
x5 <- 0xFFFFFF7FFFFFFFFF

clint mtime 0x0000000000000076 (mip.MTI <- 0b1, mip.STI <- 0b0)
mem[X,0x00000000800003B0] -> 0x9313
mem[X,0x00000000800003B2] -> 0x6012
[236] [M]: 0x00000000800003B0 (0x60129313) ctz x6, x5                               inst_25+12
x6 <- 0x0000000000000000

mem[X,0x00000000800003B4] -> 0xB423
mem[X,0x00000000800003B6] -> 0x0C60
[237] [M]: 0x00000000800003B4 (0x0C60B423) sd x6, 0xc8(x1)                          inst_25+16
mem[W,0x00000000800031E0] <- 0x0000000000000000

clint mtime 0x0000000000000077 (mip.MTI <- 0b1, mip.STI <- 0b0)
mem[X,0x00000000800003B8] -> 0x0313
mem[X,0x00000000800003BA] -> 0x0010
[238] [M]: 0x00000000800003B8 (0x00100313) addi x6, x0, 0x1                         inst_26+0
x6 <- 0x0000000000000001

mem[X,0x00000000800003BC] -> 0x1313
mem[X,0x00000000800003BE] -> 0x0263
[239] [M]: 0x00000000800003BC (0x02631313) slli x6, x6, 0x26                        inst_26+4
x6 <- 0x0000004000000000

clint mtime 0x0000000000000078 (mip.MTI <- 0b1, mip.STI <- 0b0)
mem[X,0x00000000800003C0] -> 0x4313
mem[X,0x00000000800003C2] -> 0xFFF3
[240] [M]: 0x00000000800003C0 (0xFFF34313) xori x6, x6, -0x1                        inst_26+8
x6 <- 0xFFFFFFBFFFFFFFFF

mem[X,0x00000000800003C4] -> 0x1293
mem[X,0x00000000800003C6] -> 0x6013
[241] [M]: 0x00000000800003C4 (0x60131293) ctz x5, x6                               inst_26+12
x5 <- 0x0000000000000000

clint mtime 0x0000000000000079 (mip.MTI <- 0b1, mip.STI <- 0b0)
mem[X,0x00000000800003C8] -> 0xB823
mem[X,0x00000000800003CA] -> 0x0C50
[242] [M]: 0x00000000800003C8 (0x0C50B823) sd x5, 0xd0(x1)                          inst_26+16
mem[W,0x00000000800031E8] <- 0x0000000000000000

mem[X,0x00000000800003CC] -> 0x0193
mem[X,0x00000000800003CE] -> 0x0010
[243] [M]: 0x00000000800003CC (0x00100193) addi x3, x0, 0x1                         inst_27+0
x3 <- 0x0000000000000001

clint mtime 0x000000000000007A (mip.MTI <- 0b1, mip.STI <- 0b0)
mem[X,0x00000000800003D0] -> 0x9193
mem[X,0x00000000800003D2] -> 0x0251
[244] [M]: 0x00000000800003D0 (0x02519193) slli x3, x3, 0x25                        inst_27+4
x3 <- 0x0000002000000000

mem[X,0x00000000800003D4] -> 0xC193
mem[X,0x00000000800003D6] -> 0xFFF1
[245] [M]: 0x00000000800003D4 (0xFFF1C193) xori x3, x3, -0x1                        inst_27+8
x3 <- 0xFFFFFFDFFFFFFFFF

clint mtime 0x000000000000007B (mip.MTI <- 0b1, mip.STI <- 0b0)
mem[X,0x00000000800003D8] -> 0x9213
mem[X,0x00000000800003DA] -> 0x6011
[246] [M]: 0x00000000800003D8 (0x60119213) ctz x4, x3                               inst_27+12
x4 <- 0x0000000000000000

mem[X,0x00000000800003DC] -> 0xBC23
mem[X,0x00000000800003DE] -> 0x0C40
[247] [M]: 0x00000000800003DC (0x0C40BC23) sd x4, 0xd8(x1)                          inst_27+16
mem[W,0x00000000800031F0] <- 0x0000000000000000

clint mtime 0x000000000000007C (mip.MTI <- 0b1, mip.STI <- 0b0)
mem[X,0x00000000800003E0] -> 0x3297
mem[X,0x00000000800003E2] -> 0x0000
[248] [M]: 0x00000000800003E0 (0x00003297) auipc x5, 0x3                            inst_27+20
x5 <- 0x00000000800033E0

mem[X,0x00000000800003E4] -> 0x8293
mem[X,0x00000000800003E6] -> 0xE182
[249] [M]: 0x00000000800003E4 (0xE1828293) addi x5, x5, -0x1e8                      inst_27+24
x5 <- 0x00000000800031F8

clint mtime 0x000000000000007D (mip.MTI <- 0b1, mip.STI <- 0b0)
mem[X,0x00000000800003E8] -> 0x0001
[250] [M]: 0x00000000800003E8 (0x0001) c.nop                                        inst_27+28

mem[X,0x00000000800003EA] -> 0x0013
mem[X,0x00000000800003EC] -> 0x0000
[251] [M]: 0x00000000800003EA (0x00000013) addi x0, x0, 0x0                         inst_27+30

clint mtime 0x000000000000007E (mip.MTI <- 0b1, mip.STI <- 0b0)
mem[X,0x00000000800003EE] -> 0x0013
mem[X,0x00000000800003F0] -> 0x0000
[252] [M]: 0x00000000800003EE (0x00000013) addi x0, x0, 0x0                         inst_27+34

mem[X,0x00000000800003F2] -> 0x0013
mem[X,0x00000000800003F4] -> 0x0000
[253] [M]: 0x00000000800003F2 (0x00000013) addi x0, x0, 0x0                         inst_27+38

clint mtime 0x000000000000007F (mip.MTI <- 0b1, mip.STI <- 0b0)
mem[X,0x00000000800003F6] -> 0x0013
mem[X,0x00000000800003F8] -> 0x0000
[254] [M]: 0x00000000800003F6 (0x00000013) addi x0, x0, 0x0                         inst_27+42

mem[X,0x00000000800003FA] -> 0x0013
mem[X,0x00000000800003FC] -> 0x0000
[255] [M]: 0x00000000800003FA (0x00000013) addi x0, x0, 0x0                         inst_27+46

clint mtime 0x0000000000000080 (mip.MTI <- 0b1, mip.STI <- 0b0)
mem[X,0x00000000800003FE] -> 0x0001
[256] [M]: 0x00000000800003FE (0x0001) c.nop                                        inst_27+50

mem[X,0x0000000080000400] -> 0x0213
mem[X,0x0000000080000402] -> 0x0010
[257] [M]: 0x0000000080000400 (0x00100213) addi x4, x0, 0x1                         inst_28+0
x4 <- 0x0000000000000001

clint mtime 0x0000000000000081 (mip.MTI <- 0b1, mip.STI <- 0b0)
mem[X,0x0000000080000404] -> 0x1213
mem[X,0x0000000080000406] -> 0x0242
[258] [M]: 0x0000000080000404 (0x02421213) slli x4, x4, 0x24                        inst_28+4
x4 <- 0x0000001000000000

mem[X,0x0000000080000408] -> 0x4213
mem[X,0x000000008000040A] -> 0xFFF2
[259] [M]: 0x0000000080000408 (0xFFF24213) xori x4, x4, -0x1                        inst_28+8
x4 <- 0xFFFFFFEFFFFFFFFF

clint mtime 0x0000000000000082 (mip.MTI <- 0b1, mip.STI <- 0b0)
mem[X,0x000000008000040C] -> 0x1193
mem[X,0x000000008000040E] -> 0x6012
[260] [M]: 0x000000008000040C (0x60121193) ctz x3, x4                               inst_28+12
x3 <- 0x0000000000000000

mem[X,0x0000000080000410] -> 0xB023
mem[X,0x0000000080000412] -> 0x0032
[261] [M]: 0x0000000080000410 (0x0032B023) sd x3, 0x0(x5)                           inst_28+16
mem[W,0x00000000800031F8] <- 0x0000000000000000

clint mtime 0x0000000000000083 (mip.MTI <- 0b1, mip.STI <- 0b0)
mem[X,0x0000000080000414] -> 0x0093
mem[X,0x0000000080000416] -> 0x0010
[262] [M]: 0x0000000080000414 (0x00100093) addi x1, x0, 0x1                         inst_29+0
x1 <- 0x0000000000000001

mem[X,0x0000000080000418] -> 0x9093
mem[X,0x000000008000041A] -> 0x0230
[263] [M]: 0x0000000080000418 (0x02309093) slli x1, x1, 0x23                        inst_29+4
x1 <- 0x0000000800000000

clint mtime 0x0000000000000084 (mip.MTI <- 0b1, mip.STI <- 0b0)
mem[X,0x000000008000041C] -> 0xC093
mem[X,0x000000008000041E] -> 0xFFF0
[264] [M]: 0x000000008000041C (0xFFF0C093) xori x1, x1, -0x1                        inst_29+8
x1 <- 0xFFFFFFF7FFFFFFFF

mem[X,0x0000000080000420] -> 0x9113
mem[X,0x0000000080000422] -> 0x6010
[265] [M]: 0x0000000080000420 (0x60109113) ctz x2, x1                               inst_29+12
x2 <- 0x0000000000000000

clint mtime 0x0000000000000085 (mip.MTI <- 0b1, mip.STI <- 0b0)
mem[X,0x0000000080000424] -> 0xB423
mem[X,0x0000000080000426] -> 0x0022
[266] [M]: 0x0000000080000424 (0x0022B423) sd x2, 0x8(x5)                           inst_29+16
mem[W,0x0000000080003200] <- 0x0000000000000000

mem[X,0x0000000080000428] -> 0x0113
mem[X,0x000000008000042A] -> 0x0010
[267] [M]: 0x0000000080000428 (0x00100113) addi x2, x0, 0x1                         inst_30+0
x2 <- 0x0000000000000001

clint mtime 0x0000000000000086 (mip.MTI <- 0b1, mip.STI <- 0b0)
mem[X,0x000000008000042C] -> 0x1113
mem[X,0x000000008000042E] -> 0x0221
[268] [M]: 0x000000008000042C (0x02211113) slli x2, x2, 0x22                        inst_30+4
x2 <- 0x0000000400000000

mem[X,0x0000000080000430] -> 0x4113
mem[X,0x0000000080000432] -> 0xFFF1
[269] [M]: 0x0000000080000430 (0xFFF14113) xori x2, x2, -0x1                        inst_30+8
x2 <- 0xFFFFFFFBFFFFFFFF

clint mtime 0x0000000000000087 (mip.MTI <- 0b1, mip.STI <- 0b0)
mem[X,0x0000000080000434] -> 0x1093
mem[X,0x0000000080000436] -> 0x6011
[270] [M]: 0x0000000080000434 (0x60111093) ctz x1, x2                               inst_30+12
x1 <- 0x0000000000000000

mem[X,0x0000000080000438] -> 0xB823
mem[X,0x000000008000043A] -> 0x0012
[271] [M]: 0x0000000080000438 (0x0012B823) sd x1, 0x10(x5)                          inst_30+16
mem[W,0x0000000080003208] <- 0x0000000000000000

clint mtime 0x0000000000000088 (mip.MTI <- 0b1, mip.STI <- 0b0)
mem[X,0x000000008000043C] -> 0x0013
mem[X,0x000000008000043E] -> 0x0000
[272] [M]: 0x000000008000043C (0x00000013) addi x0, x0, 0x0                         inst_31+0

mem[X,0x0000000080000440] -> 0x1F93
mem[X,0x0000000080000442] -> 0x6010
[273] [M]: 0x0000000080000440 (0x60101F93) ctz x31, x0                              inst_31+4
x31 <- 0x0000000000000040

clint mtime 0x0000000000000089 (mip.MTI <- 0b1, mip.STI <- 0b0)
mem[X,0x0000000080000444] -> 0xBC23
mem[X,0x0000000080000446] -> 0x01F2
[274] [M]: 0x0000000080000444 (0x01F2BC23) sd x31, 0x18(x5)                         inst_31+8
mem[W,0x0000000080003210] <- 0x0000000000000040

mem[X,0x0000000080000448] -> 0x0F93
mem[X,0x000000008000044A] -> 0x0010
[275] [M]: 0x0000000080000448 (0x00100F93) addi x31, x0, 0x1                        inst_32+0
x31 <- 0x0000000000000001

clint mtime 0x000000000000008A (mip.MTI <- 0b1, mip.STI <- 0b0)
mem[X,0x000000008000044C] -> 0x9F93
mem[X,0x000000008000044E] -> 0x020F
[276] [M]: 0x000000008000044C (0x020F9F93) slli x31, x31, 0x20                      inst_32+4
x31 <- 0x0000000100000000

mem[X,0x0000000080000450] -> 0xCF93
mem[X,0x0000000080000452] -> 0xFFFF
[277] [M]: 0x0000000080000450 (0xFFFFCF93) xori x31, x31, -0x1                      inst_32+8
x31 <- 0xFFFFFFFEFFFFFFFF

clint mtime 0x000000000000008B (mip.MTI <- 0b1, mip.STI <- 0b0)
mem[X,0x0000000080000454] -> 0x9013
mem[X,0x0000000080000456] -> 0x601F
[278] [M]: 0x0000000080000454 (0x601F9013) ctz x0, x31                              inst_32+12

mem[X,0x0000000080000458] -> 0xB023
mem[X,0x000000008000045A] -> 0x0202
[279] [M]: 0x0000000080000458 (0x0202B023) sd x0, 0x20(x5)                          inst_32+16
mem[W,0x0000000080003218] <- 0x0000000000000000

clint mtime 0x000000000000008C (mip.MTI <- 0b1, mip.STI <- 0b0)
mem[X,0x000000008000045C] -> 0x0F13
mem[X,0x000000008000045E] -> 0x0010
[280] [M]: 0x000000008000045C (0x00100F13) addi x30, x0, 0x1                        inst_33+0
x30 <- 0x0000000000000001

mem[X,0x0000000080000460] -> 0x1F13
mem[X,0x0000000080000462] -> 0x01FF
[281] [M]: 0x0000000080000460 (0x01FF1F13) slli x30, x30, 0x1f                      inst_33+4
x30 <- 0x0000000080000000

clint mtime 0x000000000000008D (mip.MTI <- 0b1, mip.STI <- 0b0)
mem[X,0x0000000080000464] -> 0x4F13
mem[X,0x0000000080000466] -> 0xFFFF
[282] [M]: 0x0000000080000464 (0xFFFF4F13) xori x30, x30, -0x1                      inst_33+8
x30 <- 0xFFFFFFFF7FFFFFFF

mem[X,0x0000000080000468] -> 0x1F93
mem[X,0x000000008000046A] -> 0x601F
[283] [M]: 0x0000000080000468 (0x601F1F93) ctz x31, x30                             inst_33+12
x31 <- 0x0000000000000000

clint mtime 0x000000000000008E (mip.MTI <- 0b1, mip.STI <- 0b0)
mem[X,0x000000008000046C] -> 0xB423
mem[X,0x000000008000046E] -> 0x03F2
[284] [M]: 0x000000008000046C (0x03F2B423) sd x31, 0x28(x5)                         inst_33+16
mem[W,0x0000000080003220] <- 0x0000000000000000

mem[X,0x0000000080000470] -> 0x0F13
mem[X,0x0000000080000472] -> 0x0010
[285] [M]: 0x0000000080000470 (0x00100F13) addi x30, x0, 0x1                        inst_34+0
x30 <- 0x0000000000000001

clint mtime 0x000000000000008F (mip.MTI <- 0b1, mip.STI <- 0b0)
mem[X,0x0000000080000474] -> 0x1F13
mem[X,0x0000000080000476] -> 0x01EF
[286] [M]: 0x0000000080000474 (0x01EF1F13) slli x30, x30, 0x1e                      inst_34+4
x30 <- 0x0000000040000000

mem[X,0x0000000080000478] -> 0x4F13
mem[X,0x000000008000047A] -> 0xFFFF
[287] [M]: 0x0000000080000478 (0xFFFF4F13) xori x30, x30, -0x1                      inst_34+8
x30 <- 0xFFFFFFFFBFFFFFFF

clint mtime 0x0000000000000090 (mip.MTI <- 0b1, mip.STI <- 0b0)
mem[X,0x000000008000047C] -> 0x1F93
mem[X,0x000000008000047E] -> 0x601F
[288] [M]: 0x000000008000047C (0x601F1F93) ctz x31, x30                             inst_34+12
x31 <- 0x0000000000000000

mem[X,0x0000000080000480] -> 0xB823
mem[X,0x0000000080000482] -> 0x03F2
[289] [M]: 0x0000000080000480 (0x03F2B823) sd x31, 0x30(x5)                         inst_34+16
mem[W,0x0000000080003228] <- 0x0000000000000000

clint mtime 0x0000000000000091 (mip.MTI <- 0b1, mip.STI <- 0b0)
mem[X,0x0000000080000484] -> 0x0F13
mem[X,0x0000000080000486] -> 0x0010
[290] [M]: 0x0000000080000484 (0x00100F13) addi x30, x0, 0x1                        inst_35+0
x30 <- 0x0000000000000001

mem[X,0x0000000080000488] -> 0x1F13
mem[X,0x000000008000048A] -> 0x01DF
[291] [M]: 0x0000000080000488 (0x01DF1F13) slli x30, x30, 0x1d                      inst_35+4
x30 <- 0x0000000020000000

clint mtime 0x0000000000000092 (mip.MTI <- 0b1, mip.STI <- 0b0)
mem[X,0x000000008000048C] -> 0x4F13
mem[X,0x000000008000048E] -> 0xFFFF
[292] [M]: 0x000000008000048C (0xFFFF4F13) xori x30, x30, -0x1                      inst_35+8
x30 <- 0xFFFFFFFFDFFFFFFF

mem[X,0x0000000080000490] -> 0x1F93
mem[X,0x0000000080000492] -> 0x601F
[293] [M]: 0x0000000080000490 (0x601F1F93) ctz x31, x30                             inst_35+12
x31 <- 0x0000000000000000

clint mtime 0x0000000000000093 (mip.MTI <- 0b1, mip.STI <- 0b0)
mem[X,0x0000000080000494] -> 0xBC23
mem[X,0x0000000080000496] -> 0x03F2
[294] [M]: 0x0000000080000494 (0x03F2BC23) sd x31, 0x38(x5)                         inst_35+16
mem[W,0x0000000080003230] <- 0x0000000000000000

mem[X,0x0000000080000498] -> 0x0F13
mem[X,0x000000008000049A] -> 0x0010
[295] [M]: 0x0000000080000498 (0x00100F13) addi x30, x0, 0x1                        inst_36+0
x30 <- 0x0000000000000001

clint mtime 0x0000000000000094 (mip.MTI <- 0b1, mip.STI <- 0b0)
mem[X,0x000000008000049C] -> 0x1F13
mem[X,0x000000008000049E] -> 0x01CF
[296] [M]: 0x000000008000049C (0x01CF1F13) slli x30, x30, 0x1c                      inst_36+4
x30 <- 0x0000000010000000

mem[X,0x00000000800004A0] -> 0x4F13
mem[X,0x00000000800004A2] -> 0xFFFF
[297] [M]: 0x00000000800004A0 (0xFFFF4F13) xori x30, x30, -0x1                      inst_36+8
x30 <- 0xFFFFFFFFEFFFFFFF

clint mtime 0x0000000000000095 (mip.MTI <- 0b1, mip.STI <- 0b0)
mem[X,0x00000000800004A4] -> 0x1F93
mem[X,0x00000000800004A6] -> 0x601F
[298] [M]: 0x00000000800004A4 (0x601F1F93) ctz x31, x30                             inst_36+12
x31 <- 0x0000000000000000

mem[X,0x00000000800004A8] -> 0xB023
mem[X,0x00000000800004AA] -> 0x05F2
[299] [M]: 0x00000000800004A8 (0x05F2B023) sd x31, 0x40(x5)                         inst_36+16
mem[W,0x0000000080003238] <- 0x0000000000000000

clint mtime 0x0000000000000096 (mip.MTI <- 0b1, mip.STI <- 0b0)
mem[X,0x00000000800004AC] -> 0x0F13
mem[X,0x00000000800004AE] -> 0x0010
[300] [M]: 0x00000000800004AC (0x00100F13) addi x30, x0, 0x1                        inst_37+0
x30 <- 0x0000000000000001

mem[X,0x00000000800004B0] -> 0x1F13
mem[X,0x00000000800004B2] -> 0x01BF
[301] [M]: 0x00000000800004B0 (0x01BF1F13) slli x30, x30, 0x1b                      inst_37+4
x30 <- 0x0000000008000000

clint mtime 0x0000000000000097 (mip.MTI <- 0b1, mip.STI <- 0b0)
mem[X,0x00000000800004B4] -> 0x4F13
mem[X,0x00000000800004B6] -> 0xFFFF
[302] [M]: 0x00000000800004B4 (0xFFFF4F13) xori x30, x30, -0x1                      inst_37+8
x30 <- 0xFFFFFFFFF7FFFFFF

mem[X,0x00000000800004B8] -> 0x1F93
mem[X,0x00000000800004BA] -> 0x601F
[303] [M]: 0x00000000800004B8 (0x601F1F93) ctz x31, x30                             inst_37+12
x31 <- 0x0000000000000000

clint mtime 0x0000000000000098 (mip.MTI <- 0b1, mip.STI <- 0b0)
mem[X,0x00000000800004BC] -> 0xB423
mem[X,0x00000000800004BE] -> 0x05F2
[304] [M]: 0x00000000800004BC (0x05F2B423) sd x31, 0x48(x5)                         inst_37+16
mem[W,0x0000000080003240] <- 0x0000000000000000

mem[X,0x00000000800004C0] -> 0x0F13
mem[X,0x00000000800004C2] -> 0x0010
[305] [M]: 0x00000000800004C0 (0x00100F13) addi x30, x0, 0x1                        inst_38+0
x30 <- 0x0000000000000001

clint mtime 0x0000000000000099 (mip.MTI <- 0b1, mip.STI <- 0b0)
mem[X,0x00000000800004C4] -> 0x1F13
mem[X,0x00000000800004C6] -> 0x01AF
[306] [M]: 0x00000000800004C4 (0x01AF1F13) slli x30, x30, 0x1a                      inst_38+4
x30 <- 0x0000000004000000

mem[X,0x00000000800004C8] -> 0x4F13
mem[X,0x00000000800004CA] -> 0xFFFF
[307] [M]: 0x00000000800004C8 (0xFFFF4F13) xori x30, x30, -0x1                      inst_38+8
x30 <- 0xFFFFFFFFFBFFFFFF

clint mtime 0x000000000000009A (mip.MTI <- 0b1, mip.STI <- 0b0)
mem[X,0x00000000800004CC] -> 0x1F93
mem[X,0x00000000800004CE] -> 0x601F
[308] [M]: 0x00000000800004CC (0x601F1F93) ctz x31, x30                             inst_38+12
x31 <- 0x0000000000000000

mem[X,0x00000000800004D0] -> 0xB823
mem[X,0x00000000800004D2] -> 0x05F2
[309] [M]: 0x00000000800004D0 (0x05F2B823) sd x31, 0x50(x5)                         inst_38+16
mem[W,0x0000000080003248] <- 0x0000000000000000

clint mtime 0x000000000000009B (mip.MTI <- 0b1, mip.STI <- 0b0)
mem[X,0x00000000800004D4] -> 0x0F13
mem[X,0x00000000800004D6] -> 0x0010
[310] [M]: 0x00000000800004D4 (0x00100F13) addi x30, x0, 0x1                        inst_39+0
x30 <- 0x0000000000000001

mem[X,0x00000000800004D8] -> 0x1F13
mem[X,0x00000000800004DA] -> 0x019F
[311] [M]: 0x00000000800004D8 (0x019F1F13) slli x30, x30, 0x19                      inst_39+4
x30 <- 0x0000000002000000

clint mtime 0x000000000000009C (mip.MTI <- 0b1, mip.STI <- 0b0)
mem[X,0x00000000800004DC] -> 0x4F13
mem[X,0x00000000800004DE] -> 0xFFFF
[312] [M]: 0x00000000800004DC (0xFFFF4F13) xori x30, x30, -0x1                      inst_39+8
x30 <- 0xFFFFFFFFFDFFFFFF

mem[X,0x00000000800004E0] -> 0x1F93
mem[X,0x00000000800004E2] -> 0x601F
[313] [M]: 0x00000000800004E0 (0x601F1F93) ctz x31, x30                             inst_39+12
x31 <- 0x0000000000000000

clint mtime 0x000000000000009D (mip.MTI <- 0b1, mip.STI <- 0b0)
mem[X,0x00000000800004E4] -> 0xBC23
mem[X,0x00000000800004E6] -> 0x05F2
[314] [M]: 0x00000000800004E4 (0x05F2BC23) sd x31, 0x58(x5)                         inst_39+16
mem[W,0x0000000080003250] <- 0x0000000000000000

mem[X,0x00000000800004E8] -> 0x0F13
mem[X,0x00000000800004EA] -> 0x0010
[315] [M]: 0x00000000800004E8 (0x00100F13) addi x30, x0, 0x1                        inst_40+0
x30 <- 0x0000000000000001

clint mtime 0x000000000000009E (mip.MTI <- 0b1, mip.STI <- 0b0)
mem[X,0x00000000800004EC] -> 0x1F13
mem[X,0x00000000800004EE] -> 0x018F
[316] [M]: 0x00000000800004EC (0x018F1F13) slli x30, x30, 0x18                      inst_40+4
x30 <- 0x0000000001000000

mem[X,0x00000000800004F0] -> 0x4F13
mem[X,0x00000000800004F2] -> 0xFFFF
[317] [M]: 0x00000000800004F0 (0xFFFF4F13) xori x30, x30, -0x1                      inst_40+8
x30 <- 0xFFFFFFFFFEFFFFFF

clint mtime 0x000000000000009F (mip.MTI <- 0b1, mip.STI <- 0b0)
mem[X,0x00000000800004F4] -> 0x1F93
mem[X,0x00000000800004F6] -> 0x601F
[318] [M]: 0x00000000800004F4 (0x601F1F93) ctz x31, x30                             inst_40+12
x31 <- 0x0000000000000000

mem[X,0x00000000800004F8] -> 0xB023
mem[X,0x00000000800004FA] -> 0x07F2
[319] [M]: 0x00000000800004F8 (0x07F2B023) sd x31, 0x60(x5)                         inst_40+16
mem[W,0x0000000080003258] <- 0x0000000000000000

clint mtime 0x00000000000000A0 (mip.MTI <- 0b1, mip.STI <- 0b0)
mem[X,0x00000000800004FC] -> 0x0F13
mem[X,0x00000000800004FE] -> 0x0010
[320] [M]: 0x00000000800004FC (0x00100F13) addi x30, x0, 0x1                        inst_41+0
x30 <- 0x0000000000000001

mem[X,0x0000000080000500] -> 0x1F13
mem[X,0x0000000080000502] -> 0x017F
[321] [M]: 0x0000000080000500 (0x017F1F13) slli x30, x30, 0x17                      inst_41+4
x30 <- 0x0000000000800000

clint mtime 0x00000000000000A1 (mip.MTI <- 0b1, mip.STI <- 0b0)
mem[X,0x0000000080000504] -> 0x4F13
mem[X,0x0000000080000506] -> 0xFFFF
[322] [M]: 0x0000000080000504 (0xFFFF4F13) xori x30, x30, -0x1                      inst_41+8
x30 <- 0xFFFFFFFFFF7FFFFF

mem[X,0x0000000080000508] -> 0x1F93
mem[X,0x000000008000050A] -> 0x601F
[323] [M]: 0x0000000080000508 (0x601F1F93) ctz x31, x30                             inst_41+12
x31 <- 0x0000000000000000

clint mtime 0x00000000000000A2 (mip.MTI <- 0b1, mip.STI <- 0b0)
mem[X,0x000000008000050C] -> 0xB423
mem[X,0x000000008000050E] -> 0x07F2
[324] [M]: 0x000000008000050C (0x07F2B423) sd x31, 0x68(x5)                         inst_41+16
mem[W,0x0000000080003260] <- 0x0000000000000000

mem[X,0x0000000080000510] -> 0x0F13
mem[X,0x0000000080000512] -> 0x0010
[325] [M]: 0x0000000080000510 (0x00100F13) addi x30, x0, 0x1                        inst_42+0
x30 <- 0x0000000000000001

clint mtime 0x00000000000000A3 (mip.MTI <- 0b1, mip.STI <- 0b0)
mem[X,0x0000000080000514] -> 0x1F13
mem[X,0x0000000080000516] -> 0x016F
[326] [M]: 0x0000000080000514 (0x016F1F13) slli x30, x30, 0x16                      inst_42+4
x30 <- 0x0000000000400000

mem[X,0x0000000080000518] -> 0x4F13
mem[X,0x000000008000051A] -> 0xFFFF
[327] [M]: 0x0000000080000518 (0xFFFF4F13) xori x30, x30, -0x1                      inst_42+8
x30 <- 0xFFFFFFFFFFBFFFFF

clint mtime 0x00000000000000A4 (mip.MTI <- 0b1, mip.STI <- 0b0)
mem[X,0x000000008000051C] -> 0x1F93
mem[X,0x000000008000051E] -> 0x601F
[328] [M]: 0x000000008000051C (0x601F1F93) ctz x31, x30                             inst_42+12
x31 <- 0x0000000000000000

mem[X,0x0000000080000520] -> 0xB823
mem[X,0x0000000080000522] -> 0x07F2
[329] [M]: 0x0000000080000520 (0x07F2B823) sd x31, 0x70(x5)                         inst_42+16
mem[W,0x0000000080003268] <- 0x0000000000000000

clint mtime 0x00000000000000A5 (mip.MTI <- 0b1, mip.STI <- 0b0)
mem[X,0x0000000080000524] -> 0x0F13
mem[X,0x0000000080000526] -> 0x0010
[330] [M]: 0x0000000080000524 (0x00100F13) addi x30, x0, 0x1                        inst_43+0
x30 <- 0x0000000000000001

mem[X,0x0000000080000528] -> 0x1F13
mem[X,0x000000008000052A] -> 0x015F
[331] [M]: 0x0000000080000528 (0x015F1F13) slli x30, x30, 0x15                      inst_43+4
x30 <- 0x0000000000200000

clint mtime 0x00000000000000A6 (mip.MTI <- 0b1, mip.STI <- 0b0)
mem[X,0x000000008000052C] -> 0x4F13
mem[X,0x000000008000052E] -> 0xFFFF
[332] [M]: 0x000000008000052C (0xFFFF4F13) xori x30, x30, -0x1                      inst_43+8
x30 <- 0xFFFFFFFFFFDFFFFF

mem[X,0x0000000080000530] -> 0x1F93
mem[X,0x0000000080000532] -> 0x601F
[333] [M]: 0x0000000080000530 (0x601F1F93) ctz x31, x30                             inst_43+12
x31 <- 0x0000000000000000

clint mtime 0x00000000000000A7 (mip.MTI <- 0b1, mip.STI <- 0b0)
mem[X,0x0000000080000534] -> 0xBC23
mem[X,0x0000000080000536] -> 0x07F2
[334] [M]: 0x0000000080000534 (0x07F2BC23) sd x31, 0x78(x5)                         inst_43+16
mem[W,0x0000000080003270] <- 0x0000000000000000

mem[X,0x0000000080000538] -> 0x0F13
mem[X,0x000000008000053A] -> 0x0010
[335] [M]: 0x0000000080000538 (0x00100F13) addi x30, x0, 0x1                        inst_44+0
x30 <- 0x0000000000000001

clint mtime 0x00000000000000A8 (mip.MTI <- 0b1, mip.STI <- 0b0)
mem[X,0x000000008000053C] -> 0x1F13
mem[X,0x000000008000053E] -> 0x014F
[336] [M]: 0x000000008000053C (0x014F1F13) slli x30, x30, 0x14                      inst_44+4
x30 <- 0x0000000000100000

mem[X,0x0000000080000540] -> 0x4F13
mem[X,0x0000000080000542] -> 0xFFFF
[337] [M]: 0x0000000080000540 (0xFFFF4F13) xori x30, x30, -0x1                      inst_44+8
x30 <- 0xFFFFFFFFFFEFFFFF

clint mtime 0x00000000000000A9 (mip.MTI <- 0b1, mip.STI <- 0b0)
mem[X,0x0000000080000544] -> 0x1F93
mem[X,0x0000000080000546] -> 0x601F
[338] [M]: 0x0000000080000544 (0x601F1F93) ctz x31, x30                             inst_44+12
x31 <- 0x0000000000000000

mem[X,0x0000000080000548] -> 0xB023
mem[X,0x000000008000054A] -> 0x09F2
[339] [M]: 0x0000000080000548 (0x09F2B023) sd x31, 0x80(x5)                         inst_44+16
mem[W,0x0000000080003278] <- 0x0000000000000000

clint mtime 0x00000000000000AA (mip.MTI <- 0b1, mip.STI <- 0b0)
mem[X,0x000000008000054C] -> 0x0F13
mem[X,0x000000008000054E] -> 0x0010
[340] [M]: 0x000000008000054C (0x00100F13) addi x30, x0, 0x1                        inst_45+0
x30 <- 0x0000000000000001

mem[X,0x0000000080000550] -> 0x1F13
mem[X,0x0000000080000552] -> 0x013F
[341] [M]: 0x0000000080000550 (0x013F1F13) slli x30, x30, 0x13                      inst_45+4
x30 <- 0x0000000000080000

clint mtime 0x00000000000000AB (mip.MTI <- 0b1, mip.STI <- 0b0)
mem[X,0x0000000080000554] -> 0x4F13
mem[X,0x0000000080000556] -> 0xFFFF
[342] [M]: 0x0000000080000554 (0xFFFF4F13) xori x30, x30, -0x1                      inst_45+8
x30 <- 0xFFFFFFFFFFF7FFFF

mem[X,0x0000000080000558] -> 0x1F93
mem[X,0x000000008000055A] -> 0x601F
[343] [M]: 0x0000000080000558 (0x601F1F93) ctz x31, x30                             inst_45+12
x31 <- 0x0000000000000000

clint mtime 0x00000000000000AC (mip.MTI <- 0b1, mip.STI <- 0b0)
mem[X,0x000000008000055C] -> 0xB423
mem[X,0x000000008000055E] -> 0x09F2
[344] [M]: 0x000000008000055C (0x09F2B423) sd x31, 0x88(x5)                         inst_45+16
mem[W,0x0000000080003280] <- 0x0000000000000000

mem[X,0x0000000080000560] -> 0x0F13
mem[X,0x0000000080000562] -> 0x0010
[345] [M]: 0x0000000080000560 (0x00100F13) addi x30, x0, 0x1                        inst_46+0
x30 <- 0x0000000000000001

clint mtime 0x00000000000000AD (mip.MTI <- 0b1, mip.STI <- 0b0)
mem[X,0x0000000080000564] -> 0x1F13
mem[X,0x0000000080000566] -> 0x012F
[346] [M]: 0x0000000080000564 (0x012F1F13) slli x30, x30, 0x12                      inst_46+4
x30 <- 0x0000000000040000

mem[X,0x0000000080000568] -> 0x4F13
mem[X,0x000000008000056A] -> 0xFFFF
[347] [M]: 0x0000000080000568 (0xFFFF4F13) xori x30, x30, -0x1                      inst_46+8
x30 <- 0xFFFFFFFFFFFBFFFF

clint mtime 0x00000000000000AE (mip.MTI <- 0b1, mip.STI <- 0b0)
mem[X,0x000000008000056C] -> 0x1F93
mem[X,0x000000008000056E] -> 0x601F
[348] [M]: 0x000000008000056C (0x601F1F93) ctz x31, x30                             inst_46+12
x31 <- 0x0000000000000000

mem[X,0x0000000080000570] -> 0xB823
mem[X,0x0000000080000572] -> 0x09F2
[349] [M]: 0x0000000080000570 (0x09F2B823) sd x31, 0x90(x5)                         inst_46+16
mem[W,0x0000000080003288] <- 0x0000000000000000

clint mtime 0x00000000000000AF (mip.MTI <- 0b1, mip.STI <- 0b0)
mem[X,0x0000000080000574] -> 0x0F13
mem[X,0x0000000080000576] -> 0x0010
[350] [M]: 0x0000000080000574 (0x00100F13) addi x30, x0, 0x1                        inst_47+0
x30 <- 0x0000000000000001

mem[X,0x0000000080000578] -> 0x1F13
mem[X,0x000000008000057A] -> 0x011F
[351] [M]: 0x0000000080000578 (0x011F1F13) slli x30, x30, 0x11                      inst_47+4
x30 <- 0x0000000000020000

clint mtime 0x00000000000000B0 (mip.MTI <- 0b1, mip.STI <- 0b0)
mem[X,0x000000008000057C] -> 0x4F13
mem[X,0x000000008000057E] -> 0xFFFF
[352] [M]: 0x000000008000057C (0xFFFF4F13) xori x30, x30, -0x1                      inst_47+8
x30 <- 0xFFFFFFFFFFFDFFFF

mem[X,0x0000000080000580] -> 0x1F93
mem[X,0x0000000080000582] -> 0x601F
[353] [M]: 0x0000000080000580 (0x601F1F93) ctz x31, x30                             inst_47+12
x31 <- 0x0000000000000000

clint mtime 0x00000000000000B1 (mip.MTI <- 0b1, mip.STI <- 0b0)
mem[X,0x0000000080000584] -> 0xBC23
mem[X,0x0000000080000586] -> 0x09F2
[354] [M]: 0x0000000080000584 (0x09F2BC23) sd x31, 0x98(x5)                         inst_47+16
mem[W,0x0000000080003290] <- 0x0000000000000000

mem[X,0x0000000080000588] -> 0x0F13
mem[X,0x000000008000058A] -> 0x0010
[355] [M]: 0x0000000080000588 (0x00100F13) addi x30, x0, 0x1                        inst_48+0
x30 <- 0x0000000000000001

clint mtime 0x00000000000000B2 (mip.MTI <- 0b1, mip.STI <- 0b0)
mem[X,0x000000008000058C] -> 0x1F13
mem[X,0x000000008000058E] -> 0x010F
[356] [M]: 0x000000008000058C (0x010F1F13) slli x30, x30, 0x10                      inst_48+4
x30 <- 0x0000000000010000

mem[X,0x0000000080000590] -> 0x4F13
mem[X,0x0000000080000592] -> 0xFFFF
[357] [M]: 0x0000000080000590 (0xFFFF4F13) xori x30, x30, -0x1                      inst_48+8
x30 <- 0xFFFFFFFFFFFEFFFF

clint mtime 0x00000000000000B3 (mip.MTI <- 0b1, mip.STI <- 0b0)
mem[X,0x0000000080000594] -> 0x1F93
mem[X,0x0000000080000596] -> 0x601F
[358] [M]: 0x0000000080000594 (0x601F1F93) ctz x31, x30                             inst_48+12
x31 <- 0x0000000000000000

mem[X,0x0000000080000598] -> 0xB023
mem[X,0x000000008000059A] -> 0x0BF2
[359] [M]: 0x0000000080000598 (0x0BF2B023) sd x31, 0xa0(x5)                         inst_48+16
mem[W,0x0000000080003298] <- 0x0000000000000000

clint mtime 0x00000000000000B4 (mip.MTI <- 0b1, mip.STI <- 0b0)
mem[X,0x000000008000059C] -> 0x0F13
mem[X,0x000000008000059E] -> 0x0010
[360] [M]: 0x000000008000059C (0x00100F13) addi x30, x0, 0x1                        inst_49+0
x30 <- 0x0000000000000001

mem[X,0x00000000800005A0] -> 0x1F13
mem[X,0x00000000800005A2] -> 0x00FF
[361] [M]: 0x00000000800005A0 (0x00FF1F13) slli x30, x30, 0xf                       inst_49+4
x30 <- 0x0000000000008000

clint mtime 0x00000000000000B5 (mip.MTI <- 0b1, mip.STI <- 0b0)
mem[X,0x00000000800005A4] -> 0x4F13
mem[X,0x00000000800005A6] -> 0xFFFF
[362] [M]: 0x00000000800005A4 (0xFFFF4F13) xori x30, x30, -0x1                      inst_49+8
x30 <- 0xFFFFFFFFFFFF7FFF

mem[X,0x00000000800005A8] -> 0x1F93
mem[X,0x00000000800005AA] -> 0x601F
[363] [M]: 0x00000000800005A8 (0x601F1F93) ctz x31, x30                             inst_49+12
x31 <- 0x0000000000000000

clint mtime 0x00000000000000B6 (mip.MTI <- 0b1, mip.STI <- 0b0)
mem[X,0x00000000800005AC] -> 0xB423
mem[X,0x00000000800005AE] -> 0x0BF2
[364] [M]: 0x00000000800005AC (0x0BF2B423) sd x31, 0xa8(x5)                         inst_49+16
mem[W,0x00000000800032A0] <- 0x0000000000000000

mem[X,0x00000000800005B0] -> 0x0F13
mem[X,0x00000000800005B2] -> 0x0010
[365] [M]: 0x00000000800005B0 (0x00100F13) addi x30, x0, 0x1                        inst_50+0
x30 <- 0x0000000000000001

clint mtime 0x00000000000000B7 (mip.MTI <- 0b1, mip.STI <- 0b0)
mem[X,0x00000000800005B4] -> 0x1F13
mem[X,0x00000000800005B6] -> 0x00EF
[366] [M]: 0x00000000800005B4 (0x00EF1F13) slli x30, x30, 0xe                       inst_50+4
x30 <- 0x0000000000004000

mem[X,0x00000000800005B8] -> 0x4F13
mem[X,0x00000000800005BA] -> 0xFFFF
[367] [M]: 0x00000000800005B8 (0xFFFF4F13) xori x30, x30, -0x1                      inst_50+8
x30 <- 0xFFFFFFFFFFFFBFFF

clint mtime 0x00000000000000B8 (mip.MTI <- 0b1, mip.STI <- 0b0)
mem[X,0x00000000800005BC] -> 0x1F93
mem[X,0x00000000800005BE] -> 0x601F
[368] [M]: 0x00000000800005BC (0x601F1F93) ctz x31, x30                             inst_50+12
x31 <- 0x0000000000000000

mem[X,0x00000000800005C0] -> 0xB823
mem[X,0x00000000800005C2] -> 0x0BF2
[369] [M]: 0x00000000800005C0 (0x0BF2B823) sd x31, 0xb0(x5)                         inst_50+16
mem[W,0x00000000800032A8] <- 0x0000000000000000

clint mtime 0x00000000000000B9 (mip.MTI <- 0b1, mip.STI <- 0b0)
mem[X,0x00000000800005C4] -> 0x0F13
mem[X,0x00000000800005C6] -> 0x0010
[370] [M]: 0x00000000800005C4 (0x00100F13) addi x30, x0, 0x1                        inst_51+0
x30 <- 0x0000000000000001

mem[X,0x00000000800005C8] -> 0x1F13
mem[X,0x00000000800005CA] -> 0x00DF
[371] [M]: 0x00000000800005C8 (0x00DF1F13) slli x30, x30, 0xd                       inst_51+4
x30 <- 0x0000000000002000

clint mtime 0x00000000000000BA (mip.MTI <- 0b1, mip.STI <- 0b0)
mem[X,0x00000000800005CC] -> 0x4F13
mem[X,0x00000000800005CE] -> 0xFFFF
[372] [M]: 0x00000000800005CC (0xFFFF4F13) xori x30, x30, -0x1                      inst_51+8
x30 <- 0xFFFFFFFFFFFFDFFF

mem[X,0x00000000800005D0] -> 0x1F93
mem[X,0x00000000800005D2] -> 0x601F
[373] [M]: 0x00000000800005D0 (0x601F1F93) ctz x31, x30                             inst_51+12
x31 <- 0x0000000000000000

clint mtime 0x00000000000000BB (mip.MTI <- 0b1, mip.STI <- 0b0)
mem[X,0x00000000800005D4] -> 0xBC23
mem[X,0x00000000800005D6] -> 0x0BF2
[374] [M]: 0x00000000800005D4 (0x0BF2BC23) sd x31, 0xb8(x5)                         inst_51+16
mem[W,0x00000000800032B0] <- 0x0000000000000000

mem[X,0x00000000800005D8] -> 0x0F13
mem[X,0x00000000800005DA] -> 0x0010
[375] [M]: 0x00000000800005D8 (0x00100F13) addi x30, x0, 0x1                        inst_52+0
x30 <- 0x0000000000000001

clint mtime 0x00000000000000BC (mip.MTI <- 0b1, mip.STI <- 0b0)
mem[X,0x00000000800005DC] -> 0x1F13
mem[X,0x00000000800005DE] -> 0x00CF
[376] [M]: 0x00000000800005DC (0x00CF1F13) slli x30, x30, 0xc                       inst_52+4
x30 <- 0x0000000000001000

mem[X,0x00000000800005E0] -> 0x4F13
mem[X,0x00000000800005E2] -> 0xFFFF
[377] [M]: 0x00000000800005E0 (0xFFFF4F13) xori x30, x30, -0x1                      inst_52+8
x30 <- 0xFFFFFFFFFFFFEFFF

clint mtime 0x00000000000000BD (mip.MTI <- 0b1, mip.STI <- 0b0)
mem[X,0x00000000800005E4] -> 0x1F93
mem[X,0x00000000800005E6] -> 0x601F
[378] [M]: 0x00000000800005E4 (0x601F1F93) ctz x31, x30                             inst_52+12
x31 <- 0x0000000000000000

mem[X,0x00000000800005E8] -> 0xB023
mem[X,0x00000000800005EA] -> 0x0DF2
[379] [M]: 0x00000000800005E8 (0x0DF2B023) sd x31, 0xc0(x5)                         inst_52+16
mem[W,0x00000000800032B8] <- 0x0000000000000000

clint mtime 0x00000000000000BE (mip.MTI <- 0b1, mip.STI <- 0b0)
mem[X,0x00000000800005EC] -> 0x0F13
mem[X,0x00000000800005EE] -> 0x0010
[380] [M]: 0x00000000800005EC (0x00100F13) addi x30, x0, 0x1                        inst_53+0
x30 <- 0x0000000000000001

mem[X,0x00000000800005F0] -> 0x1F13
mem[X,0x00000000800005F2] -> 0x00BF
[381] [M]: 0x00000000800005F0 (0x00BF1F13) slli x30, x30, 0xb                       inst_53+4
x30 <- 0x0000000000000800

clint mtime 0x00000000000000BF (mip.MTI <- 0b1, mip.STI <- 0b0)
mem[X,0x00000000800005F4] -> 0x4F13
mem[X,0x00000000800005F6] -> 0xFFFF
[382] [M]: 0x00000000800005F4 (0xFFFF4F13) xori x30, x30, -0x1                      inst_53+8
x30 <- 0xFFFFFFFFFFFFF7FF

mem[X,0x00000000800005F8] -> 0x1F93
mem[X,0x00000000800005FA] -> 0x601F
[383] [M]: 0x00000000800005F8 (0x601F1F93) ctz x31, x30                             inst_53+12
x31 <- 0x0000000000000000

clint mtime 0x00000000000000C0 (mip.MTI <- 0b1, mip.STI <- 0b0)
mem[X,0x00000000800005FC] -> 0xB423
mem[X,0x00000000800005FE] -> 0x0DF2
[384] [M]: 0x00000000800005FC (0x0DF2B423) sd x31, 0xc8(x5)                         inst_53+16
mem[W,0x00000000800032C0] <- 0x0000000000000000

mem[X,0x0000000080000600] -> 0x0F13
mem[X,0x0000000080000602] -> 0xBFF0
[385] [M]: 0x0000000080000600 (0xBFF00F13) addi x30, x0, -0x401                     inst_54+0
x30 <- 0xFFFFFFFFFFFFFBFF

clint mtime 0x00000000000000C1 (mip.MTI <- 0b1, mip.STI <- 0b0)
mem[X,0x0000000080000604] -> 0x1F93
mem[X,0x0000000080000606] -> 0x601F
[386] [M]: 0x0000000080000604 (0x601F1F93) ctz x31, x30                             inst_54+4
x31 <- 0x0000000000000000

mem[X,0x0000000080000608] -> 0xB823
mem[X,0x000000008000060A] -> 0x0DF2
[387] [M]: 0x0000000080000608 (0x0DF2B823) sd x31, 0xd0(x5)                         inst_54+8
mem[W,0x00000000800032C8] <- 0x0000000000000000

clint mtime 0x00000000000000C2 (mip.MTI <- 0b1, mip.STI <- 0b0)
mem[X,0x000000008000060C] -> 0x0F13
mem[X,0x000000008000060E] -> 0xDFF0
[388] [M]: 0x000000008000060C (0xDFF00F13) addi x30, x0, -0x201                     inst_55+0
x30 <- 0xFFFFFFFFFFFFFDFF

mem[X,0x0000000080000610] -> 0x1F93
mem[X,0x0000000080000612] -> 0x601F
[389] [M]: 0x0000000080000610 (0x601F1F93) ctz x31, x30                             inst_55+4
x31 <- 0x0000000000000000

clint mtime 0x00000000000000C3 (mip.MTI <- 0b1, mip.STI <- 0b0)
mem[X,0x0000000080000614] -> 0xBC23
mem[X,0x0000000080000616] -> 0x0DF2
[390] [M]: 0x0000000080000614 (0x0DF2BC23) sd x31, 0xd8(x5)                         inst_55+8
mem[W,0x00000000800032D0] <- 0x0000000000000000

mem[X,0x0000000080000618] -> 0x0F13
mem[X,0x000000008000061A] -> 0xEFF0
[391] [M]: 0x0000000080000618 (0xEFF00F13) addi x30, x0, -0x101                     inst_56+0
x30 <- 0xFFFFFFFFFFFFFEFF

clint mtime 0x00000000000000C4 (mip.MTI <- 0b1, mip.STI <- 0b0)
mem[X,0x000000008000061C] -> 0x1F93
mem[X,0x000000008000061E] -> 0x601F
[392] [M]: 0x000000008000061C (0x601F1F93) ctz x31, x30                             inst_56+4
x31 <- 0x0000000000000000

mem[X,0x0000000080000620] -> 0xB023
mem[X,0x0000000080000622] -> 0x0FF2
[393] [M]: 0x0000000080000620 (0x0FF2B023) sd x31, 0xe0(x5)                         inst_56+8
mem[W,0x00000000800032D8] <- 0x0000000000000000

clint mtime 0x00000000000000C5 (mip.MTI <- 0b1, mip.STI <- 0b0)
mem[X,0x0000000080000624] -> 0x0F13
mem[X,0x0000000080000626] -> 0xF7F0
[394] [M]: 0x0000000080000624 (0xF7F00F13) addi x30, x0, -0x81                      inst_57+0
x30 <- 0xFFFFFFFFFFFFFF7F

mem[X,0x0000000080000628] -> 0x1F93
mem[X,0x000000008000062A] -> 0x601F
[395] [M]: 0x0000000080000628 (0x601F1F93) ctz x31, x30                             inst_57+4
x31 <- 0x0000000000000000

clint mtime 0x00000000000000C6 (mip.MTI <- 0b1, mip.STI <- 0b0)
mem[X,0x000000008000062C] -> 0xB423
mem[X,0x000000008000062E] -> 0x0FF2
[396] [M]: 0x000000008000062C (0x0FF2B423) sd x31, 0xe8(x5)                         inst_57+8
mem[W,0x00000000800032E0] <- 0x0000000000000000

mem[X,0x0000000080000630] -> 0x0F13
mem[X,0x0000000080000632] -> 0xFBF0
[397] [M]: 0x0000000080000630 (0xFBF00F13) addi x30, x0, -0x41                      inst_58+0
x30 <- 0xFFFFFFFFFFFFFFBF

clint mtime 0x00000000000000C7 (mip.MTI <- 0b1, mip.STI <- 0b0)
mem[X,0x0000000080000634] -> 0x1F93
mem[X,0x0000000080000636] -> 0x601F
[398] [M]: 0x0000000080000634 (0x601F1F93) ctz x31, x30                             inst_58+4
x31 <- 0x0000000000000000

mem[X,0x0000000080000638] -> 0xB823
mem[X,0x000000008000063A] -> 0x0FF2
[399] [M]: 0x0000000080000638 (0x0FF2B823) sd x31, 0xf0(x5)                         inst_58+8
mem[W,0x00000000800032E8] <- 0x0000000000000000

clint mtime 0x00000000000000C8 (mip.MTI <- 0b1, mip.STI <- 0b0)
mem[X,0x000000008000063C] -> 0x0F13
mem[X,0x000000008000063E] -> 0xFDF0
[400] [M]: 0x000000008000063C (0xFDF00F13) addi x30, x0, -0x21                      inst_59+0
x30 <- 0xFFFFFFFFFFFFFFDF

mem[X,0x0000000080000640] -> 0x1F93
mem[X,0x0000000080000642] -> 0x601F
[401] [M]: 0x0000000080000640 (0x601F1F93) ctz x31, x30                             inst_59+4
x31 <- 0x0000000000000000

clint mtime 0x00000000000000C9 (mip.MTI <- 0b1, mip.STI <- 0b0)
mem[X,0x0000000080000644] -> 0xBC23
mem[X,0x0000000080000646] -> 0x0FF2
[402] [M]: 0x0000000080000644 (0x0FF2BC23) sd x31, 0xf8(x5)                         inst_59+8
mem[W,0x00000000800032F0] <- 0x0000000000000000

mem[X,0x0000000080000648] -> 0x0F13
mem[X,0x000000008000064A] -> 0xFEF0
[403] [M]: 0x0000000080000648 (0xFEF00F13) addi x30, x0, -0x11                      inst_60+0
x30 <- 0xFFFFFFFFFFFFFFEF

clint mtime 0x00000000000000CA (mip.MTI <- 0b1, mip.STI <- 0b0)
mem[X,0x000000008000064C] -> 0x1F93
mem[X,0x000000008000064E] -> 0x601F
[404] [M]: 0x000000008000064C (0x601F1F93) ctz x31, x30                             inst_60+4
x31 <- 0x0000000000000000

mem[X,0x0000000080000650] -> 0xB023
mem[X,0x0000000080000652] -> 0x11F2
[405] [M]: 0x0000000080000650 (0x11F2B023) sd x31, 0x100(x5)                        inst_60+8
mem[W,0x00000000800032F8] <- 0x0000000000000000

clint mtime 0x00000000000000CB (mip.MTI <- 0b1, mip.STI <- 0b0)
mem[X,0x0000000080000654] -> 0x0F13
mem[X,0x0000000080000656] -> 0xFF70
[406] [M]: 0x0000000080000654 (0xFF700F13) addi x30, x0, -0x9                       inst_61+0
x30 <- 0xFFFFFFFFFFFFFFF7

mem[X,0x0000000080000658] -> 0x1F93
mem[X,0x000000008000065A] -> 0x601F
[407] [M]: 0x0000000080000658 (0x601F1F93) ctz x31, x30                             inst_61+4
x31 <- 0x0000000000000000

clint mtime 0x00000000000000CC (mip.MTI <- 0b1, mip.STI <- 0b0)
mem[X,0x000000008000065C] -> 0xB423
mem[X,0x000000008000065E] -> 0x11F2
[408] [M]: 0x000000008000065C (0x11F2B423) sd x31, 0x108(x5)                        inst_61+8
mem[W,0x0000000080003300] <- 0x0000000000000000

mem[X,0x0000000080000660] -> 0x0F13
mem[X,0x0000000080000662] -> 0xFFB0
[409] [M]: 0x0000000080000660 (0xFFB00F13) addi x30, x0, -0x5                       inst_62+0
x30 <- 0xFFFFFFFFFFFFFFFB

clint mtime 0x00000000000000CD (mip.MTI <- 0b1, mip.STI <- 0b0)
mem[X,0x0000000080000664] -> 0x1F93
mem[X,0x0000000080000666] -> 0x601F
[410] [M]: 0x0000000080000664 (0x601F1F93) ctz x31, x30                             inst_62+4
x31 <- 0x0000000000000000

mem[X,0x0000000080000668] -> 0xB823
mem[X,0x000000008000066A] -> 0x11F2
[411] [M]: 0x0000000080000668 (0x11F2B823) sd x31, 0x110(x5)                        inst_62+8
mem[W,0x0000000080003308] <- 0x0000000000000000

clint mtime 0x00000000000000CE (mip.MTI <- 0b1, mip.STI <- 0b0)
mem[X,0x000000008000066C] -> 0x0F13
mem[X,0x000000008000066E] -> 0xFFD0
[412] [M]: 0x000000008000066C (0xFFD00F13) addi x30, x0, -0x3                       inst_63+0
x30 <- 0xFFFFFFFFFFFFFFFD

mem[X,0x0000000080000670] -> 0x1F93
mem[X,0x0000000080000672] -> 0x601F
[413] [M]: 0x0000000080000670 (0x601F1F93) ctz x31, x30                             inst_63+4
x31 <- 0x0000000000000000

clint mtime 0x00000000000000CF (mip.MTI <- 0b1, mip.STI <- 0b0)
mem[X,0x0000000080000674] -> 0xBC23
mem[X,0x0000000080000676] -> 0x11F2
[414] [M]: 0x0000000080000674 (0x11F2BC23) sd x31, 0x118(x5)                        inst_63+8
mem[W,0x0000000080003310] <- 0x0000000000000000

mem[X,0x0000000080000678] -> 0x0F13
mem[X,0x000000008000067A] -> 0xFFE0
[415] [M]: 0x0000000080000678 (0xFFE00F13) addi x30, x0, -0x2                       inst_64+0
x30 <- 0xFFFFFFFFFFFFFFFE

clint mtime 0x00000000000000D0 (mip.MTI <- 0b1, mip.STI <- 0b0)
mem[X,0x000000008000067C] -> 0x1F93
mem[X,0x000000008000067E] -> 0x601F
[416] [M]: 0x000000008000067C (0x601F1F93) ctz x31, x30                             inst_64+4
x31 <- 0x0000000000000001

mem[X,0x0000000080000680] -> 0xB023
mem[X,0x0000000080000682] -> 0x13F2
[417] [M]: 0x0000000080000680 (0x13F2B023) sd x31, 0x120(x5)                        inst_64+8
mem[W,0x0000000080003318] <- 0x0000000000000001

clint mtime 0x00000000000000D1 (mip.MTI <- 0b1, mip.STI <- 0b0)
mem[X,0x0000000080000684] -> 0x0F13
mem[X,0x0000000080000686] -> 0xFFF0
[418] [M]: 0x0000000080000684 (0xFFF00F13) addi x30, x0, -0x1                       inst_65+0
x30 <- 0xFFFFFFFFFFFFFFFF

mem[X,0x0000000080000688] -> 0x1F13
mem[X,0x000000008000068A] -> 0x03FF
[419] [M]: 0x0000000080000688 (0x03FF1F13) slli x30, x30, 0x3f                      inst_65+4
x30 <- 0x8000000000000000

clint mtime 0x00000000000000D2 (mip.MTI <- 0b1, mip.STI <- 0b0)
mem[X,0x000000008000068C] -> 0x1F93
mem[X,0x000000008000068E] -> 0x601F
[420] [M]: 0x000000008000068C (0x601F1F93) ctz x31, x30                             inst_65+8
x31 <- 0x000000000000003F

mem[X,0x0000000080000690] -> 0xB423
mem[X,0x0000000080000692] -> 0x13F2
[421] [M]: 0x0000000080000690 (0x13F2B423) sd x31, 0x128(x5)                        inst_65+12
mem[W,0x0000000080003320] <- 0x000000000000003F

clint mtime 0x00000000000000D3 (mip.MTI <- 0b1, mip.STI <- 0b0)
mem[X,0x0000000080000694] -> 0x0F13
mem[X,0x0000000080000696] -> 0x0010
[422] [M]: 0x0000000080000694 (0x00100F13) addi x30, x0, 0x1                        inst_66+0
x30 <- 0x0000000000000001

mem[X,0x0000000080000698] -> 0x1F13
mem[X,0x000000008000069A] -> 0x03EF
[423] [M]: 0x0000000080000698 (0x03EF1F13) slli x30, x30, 0x3e                      inst_66+4
x30 <- 0x4000000000000000

clint mtime 0x00000000000000D4 (mip.MTI <- 0b1, mip.STI <- 0b0)
mem[X,0x000000008000069C] -> 0x1F93
mem[X,0x000000008000069E] -> 0x601F
[424] [M]: 0x000000008000069C (0x601F1F93) ctz x31, x30                             inst_66+8
x31 <- 0x000000000000003E

mem[X,0x00000000800006A0] -> 0xB823
mem[X,0x00000000800006A2] -> 0x13F2
[425] [M]: 0x00000000800006A0 (0x13F2B823) sd x31, 0x130(x5)                        inst_66+12
mem[W,0x0000000080003328] <- 0x000000000000003E

clint mtime 0x00000000000000D5 (mip.MTI <- 0b1, mip.STI <- 0b0)
mem[X,0x00000000800006A4] -> 0x0F13
mem[X,0x00000000800006A6] -> 0x0010
[426] [M]: 0x00000000800006A4 (0x00100F13) addi x30, x0, 0x1                        inst_67+0
x30 <- 0x0000000000000001

mem[X,0x00000000800006A8] -> 0x1F93
mem[X,0x00000000800006AA] -> 0x601F
[427] [M]: 0x00000000800006A8 (0x601F1F93) ctz x31, x30                             inst_67+4
x31 <- 0x0000000000000000

clint mtime 0x00000000000000D6 (mip.MTI <- 0b1, mip.STI <- 0b0)
mem[X,0x00000000800006AC] -> 0xBC23
mem[X,0x00000000800006AE] -> 0x13F2
[428] [M]: 0x00000000800006AC (0x13F2BC23) sd x31, 0x138(x5)                        inst_67+8
mem[W,0x0000000080003330] <- 0x0000000000000000

mem[X,0x00000000800006B0] -> 0xBF37
mem[X,0x00000000800006B2] -> 0xAAAA
[429] [M]: 0x00000000800006B0 (0xAAAABF37) lui x30, -0x55555                        inst_68+0
x30 <- 0xFFFFFFFFAAAAB000

clint mtime 0x00000000000000D7 (mip.MTI <- 0b1, mip.STI <- 0b0)
mem[X,0x00000000800006B4] -> 0x0F13
mem[X,0x00000000800006B6] -> 0xAAAF
[430] [M]: 0x00000000800006B4 (0xAAAF0F13) addi x30, x30, -0x556                    inst_68+4
x30 <- 0xFFFFFFFFAAAAAAAA

mem[X,0x00000000800006B8] -> 0x1F13
mem[X,0x00000000800006BA] -> 0x00BF
[431] [M]: 0x00000000800006B8 (0x00BF1F13) slli x30, x30, 0xb                       inst_68+8
x30 <- 0xFFFFFD5555555000

clint mtime 0x00000000000000D8 (mip.MTI <- 0b1, mip.STI <- 0b0)
mem[X,0x00000000800006BC] -> 0x0F13
mem[X,0x00000000800006BE] -> 0x555F
[432] [M]: 0x00000000800006BC (0x555F0F13) addi x30, x30, 0x555                     inst_68+12
x30 <- 0xFFFFFD5555555555

mem[X,0x00000000800006C0] -> 0x1F13
mem[X,0x00000000800006C2] -> 0x00BF
[433] [M]: 0x00000000800006C0 (0x00BF1F13) slli x30, x30, 0xb                       inst_68+16
x30 <- 0xFFEAAAAAAAAAA800

clint mtime 0x00000000000000D9 (mip.MTI <- 0b1, mip.STI <- 0b0)
mem[X,0x00000000800006C4] -> 0x0F13
mem[X,0x00000000800006C6] -> 0x2AAF
[434] [M]: 0x00000000800006C4 (0x2AAF0F13) addi x30, x30, 0x2aa                     inst_68+20
x30 <- 0xFFEAAAAAAAAAAAAA

mem[X,0x00000000800006C8] -> 0x1F13
mem[X,0x00000000800006CA] -> 0x00AF
[435] [M]: 0x00000000800006C8 (0x00AF1F13) slli x30, x30, 0xa                       inst_68+24
x30 <- 0xAAAAAAAAAAAAA800

clint mtime 0x00000000000000DA (mip.MTI <- 0b1, mip.STI <- 0b0)
mem[X,0x00000000800006CC] -> 0x0F13
mem[X,0x00000000800006CE] -> 0x2AAF
[436] [M]: 0x00000000800006CC (0x2AAF0F13) addi x30, x30, 0x2aa                     inst_68+28
x30 <- 0xAAAAAAAAAAAAAAAA

mem[X,0x00000000800006D0] -> 0x1F93
mem[X,0x00000000800006D2] -> 0x601F
[437] [M]: 0x00000000800006D0 (0x601F1F93) ctz x31, x30                             inst_68+32
x31 <- 0x0000000000000001

clint mtime 0x00000000000000DB (mip.MTI <- 0b1, mip.STI <- 0b0)
mem[X,0x00000000800006D4] -> 0xB023
mem[X,0x00000000800006D6] -> 0x15F2
[438] [M]: 0x00000000800006D4 (0x15F2B023) sd x31, 0x140(x5)                        inst_68+36
mem[W,0x0000000080003338] <- 0x0000000000000001

mem[X,0x00000000800006D8] -> 0x0F13
mem[X,0x00000000800006DA] -> 0x0010
[439] [M]: 0x00000000800006D8 (0x00100F13) addi x30, x0, 0x1                        inst_69+0
x30 <- 0x0000000000000001

clint mtime 0x00000000000000DC (mip.MTI <- 0b1, mip.STI <- 0b0)
mem[X,0x00000000800006DC] -> 0x1F13
mem[X,0x00000000800006DE] -> 0x03DF
[440] [M]: 0x00000000800006DC (0x03DF1F13) slli x30, x30, 0x3d                      inst_69+4
x30 <- 0x2000000000000000

mem[X,0x00000000800006E0] -> 0x1F93
mem[X,0x00000000800006E2] -> 0x601F
[441] [M]: 0x00000000800006E0 (0x601F1F93) ctz x31, x30                             inst_69+8
x31 <- 0x000000000000003D

clint mtime 0x00000000000000DD (mip.MTI <- 0b1, mip.STI <- 0b0)
mem[X,0x00000000800006E4] -> 0xB423
mem[X,0x00000000800006E6] -> 0x15F2
[442] [M]: 0x00000000800006E4 (0x15F2B423) sd x31, 0x148(x5)                        inst_69+12
mem[W,0x0000000080003340] <- 0x000000000000003D

mem[X,0x00000000800006E8] -> 0x0F13
mem[X,0x00000000800006EA] -> 0x0010
[443] [M]: 0x00000000800006E8 (0x00100F13) addi x30, x0, 0x1                        inst_70+0
x30 <- 0x0000000000000001

clint mtime 0x00000000000000DE (mip.MTI <- 0b1, mip.STI <- 0b0)
mem[X,0x00000000800006EC] -> 0x1F13
mem[X,0x00000000800006EE] -> 0x03CF
[444] [M]: 0x00000000800006EC (0x03CF1F13) slli x30, x30, 0x3c                      inst_70+4
x30 <- 0x1000000000000000

mem[X,0x00000000800006F0] -> 0x1F93
mem[X,0x00000000800006F2] -> 0x601F
[445] [M]: 0x00000000800006F0 (0x601F1F93) ctz x31, x30                             inst_70+8
x31 <- 0x000000000000003C

clint mtime 0x00000000000000DF (mip.MTI <- 0b1, mip.STI <- 0b0)
mem[X,0x00000000800006F4] -> 0xB823
mem[X,0x00000000800006F6] -> 0x15F2
[446] [M]: 0x00000000800006F4 (0x15F2B823) sd x31, 0x150(x5)                        inst_70+12
mem[W,0x0000000080003348] <- 0x000000000000003C

mem[X,0x00000000800006F8] -> 0x0F13
mem[X,0x00000000800006FA] -> 0x0010
[447] [M]: 0x00000000800006F8 (0x00100F13) addi x30, x0, 0x1                        inst_71+0
x30 <- 0x0000000000000001

clint mtime 0x00000000000000E0 (mip.MTI <- 0b1, mip.STI <- 0b0)
mem[X,0x00000000800006FC] -> 0x1F13
mem[X,0x00000000800006FE] -> 0x03BF
[448] [M]: 0x00000000800006FC (0x03BF1F13) slli x30, x30, 0x3b                      inst_71+4
x30 <- 0x0800000000000000

mem[X,0x0000000080000700] -> 0x1F93
mem[X,0x0000000080000702] -> 0x601F
[449] [M]: 0x0000000080000700 (0x601F1F93) ctz x31, x30                             inst_71+8
x31 <- 0x000000000000003B

clint mtime 0x00000000000000E1 (mip.MTI <- 0b1, mip.STI <- 0b0)
mem[X,0x0000000080000704] -> 0xBC23
mem[X,0x0000000080000706] -> 0x15F2
[450] [M]: 0x0000000080000704 (0x15F2BC23) sd x31, 0x158(x5)                        inst_71+12
mem[W,0x0000000080003350] <- 0x000000000000003B

mem[X,0x0000000080000708] -> 0x0F13
mem[X,0x000000008000070A] -> 0x0010
[451] [M]: 0x0000000080000708 (0x00100F13) addi x30, x0, 0x1                        inst_72+0
x30 <- 0x0000000000000001

clint mtime 0x00000000000000E2 (mip.MTI <- 0b1, mip.STI <- 0b0)
mem[X,0x000000008000070C] -> 0x1F13
mem[X,0x000000008000070E] -> 0x03AF
[452] [M]: 0x000000008000070C (0x03AF1F13) slli x30, x30, 0x3a                      inst_72+4
x30 <- 0x0400000000000000

mem[X,0x0000000080000710] -> 0x1F93
mem[X,0x0000000080000712] -> 0x601F
[453] [M]: 0x0000000080000710 (0x601F1F93) ctz x31, x30                             inst_72+8
x31 <- 0x000000000000003A

clint mtime 0x00000000000000E3 (mip.MTI <- 0b1, mip.STI <- 0b0)
mem[X,0x0000000080000714] -> 0xB023
mem[X,0x0000000080000716] -> 0x17F2
[454] [M]: 0x0000000080000714 (0x17F2B023) sd x31, 0x160(x5)                        inst_72+12
mem[W,0x0000000080003358] <- 0x000000000000003A

mem[X,0x0000000080000718] -> 0x0F13
mem[X,0x000000008000071A] -> 0x0010
[455] [M]: 0x0000000080000718 (0x00100F13) addi x30, x0, 0x1                        inst_73+0
x30 <- 0x0000000000000001

clint mtime 0x00000000000000E4 (mip.MTI <- 0b1, mip.STI <- 0b0)
mem[X,0x000000008000071C] -> 0x1F13
mem[X,0x000000008000071E] -> 0x039F
[456] [M]: 0x000000008000071C (0x039F1F13) slli x30, x30, 0x39                      inst_73+4
x30 <- 0x0200000000000000

mem[X,0x0000000080000720] -> 0x1F93
mem[X,0x0000000080000722] -> 0x601F
[457] [M]: 0x0000000080000720 (0x601F1F93) ctz x31, x30                             inst_73+8
x31 <- 0x0000000000000039

clint mtime 0x00000000000000E5 (mip.MTI <- 0b1, mip.STI <- 0b0)
mem[X,0x0000000080000724] -> 0xB423
mem[X,0x0000000080000726] -> 0x17F2
[458] [M]: 0x0000000080000724 (0x17F2B423) sd x31, 0x168(x5)                        inst_73+12
mem[W,0x0000000080003360] <- 0x0000000000000039

mem[X,0x0000000080000728] -> 0x0F13
mem[X,0x000000008000072A] -> 0x0010
[459] [M]: 0x0000000080000728 (0x00100F13) addi x30, x0, 0x1                        inst_74+0
x30 <- 0x0000000000000001

clint mtime 0x00000000000000E6 (mip.MTI <- 0b1, mip.STI <- 0b0)
mem[X,0x000000008000072C] -> 0x1F13
mem[X,0x000000008000072E] -> 0x038F
[460] [M]: 0x000000008000072C (0x038F1F13) slli x30, x30, 0x38                      inst_74+4
x30 <- 0x0100000000000000

mem[X,0x0000000080000730] -> 0x1F93
mem[X,0x0000000080000732] -> 0x601F
[461] [M]: 0x0000000080000730 (0x601F1F93) ctz x31, x30                             inst_74+8
x31 <- 0x0000000000000038

clint mtime 0x00000000000000E7 (mip.MTI <- 0b1, mip.STI <- 0b0)
mem[X,0x0000000080000734] -> 0xB823
mem[X,0x0000000080000736] -> 0x17F2
[462] [M]: 0x0000000080000734 (0x17F2B823) sd x31, 0x170(x5)                        inst_74+12
mem[W,0x0000000080003368] <- 0x0000000000000038

mem[X,0x0000000080000738] -> 0x0F13
mem[X,0x000000008000073A] -> 0x0010
[463] [M]: 0x0000000080000738 (0x00100F13) addi x30, x0, 0x1                        inst_75+0
x30 <- 0x0000000000000001

clint mtime 0x00000000000000E8 (mip.MTI <- 0b1, mip.STI <- 0b0)
mem[X,0x000000008000073C] -> 0x1F13
mem[X,0x000000008000073E] -> 0x037F
[464] [M]: 0x000000008000073C (0x037F1F13) slli x30, x30, 0x37                      inst_75+4
x30 <- 0x0080000000000000

mem[X,0x0000000080000740] -> 0x1F93
mem[X,0x0000000080000742] -> 0x601F
[465] [M]: 0x0000000080000740 (0x601F1F93) ctz x31, x30                             inst_75+8
x31 <- 0x0000000000000037

clint mtime 0x00000000000000E9 (mip.MTI <- 0b1, mip.STI <- 0b0)
mem[X,0x0000000080000744] -> 0xBC23
mem[X,0x0000000080000746] -> 0x17F2
[466] [M]: 0x0000000080000744 (0x17F2BC23) sd x31, 0x178(x5)                        inst_75+12
mem[W,0x0000000080003370] <- 0x0000000000000037

mem[X,0x0000000080000748] -> 0x0F13
mem[X,0x000000008000074A] -> 0x0010
[467] [M]: 0x0000000080000748 (0x00100F13) addi x30, x0, 0x1                        inst_76+0
x30 <- 0x0000000000000001

clint mtime 0x00000000000000EA (mip.MTI <- 0b1, mip.STI <- 0b0)
mem[X,0x000000008000074C] -> 0x1F13
mem[X,0x000000008000074E] -> 0x036F
[468] [M]: 0x000000008000074C (0x036F1F13) slli x30, x30, 0x36                      inst_76+4
x30 <- 0x0040000000000000

mem[X,0x0000000080000750] -> 0x1F93
mem[X,0x0000000080000752] -> 0x601F
[469] [M]: 0x0000000080000750 (0x601F1F93) ctz x31, x30                             inst_76+8
x31 <- 0x0000000000000036

clint mtime 0x00000000000000EB (mip.MTI <- 0b1, mip.STI <- 0b0)
mem[X,0x0000000080000754] -> 0xB023
mem[X,0x0000000080000756] -> 0x19F2
[470] [M]: 0x0000000080000754 (0x19F2B023) sd x31, 0x180(x5)                        inst_76+12
mem[W,0x0000000080003378] <- 0x0000000000000036

mem[X,0x0000000080000758] -> 0x0F13
mem[X,0x000000008000075A] -> 0x0010
[471] [M]: 0x0000000080000758 (0x00100F13) addi x30, x0, 0x1                        inst_77+0
x30 <- 0x0000000000000001

clint mtime 0x00000000000000EC (mip.MTI <- 0b1, mip.STI <- 0b0)
mem[X,0x000000008000075C] -> 0x1F13
mem[X,0x000000008000075E] -> 0x035F
[472] [M]: 0x000000008000075C (0x035F1F13) slli x30, x30, 0x35                      inst_77+4
x30 <- 0x0020000000000000

mem[X,0x0000000080000760] -> 0x1F93
mem[X,0x0000000080000762] -> 0x601F
[473] [M]: 0x0000000080000760 (0x601F1F93) ctz x31, x30                             inst_77+8
x31 <- 0x0000000000000035

clint mtime 0x00000000000000ED (mip.MTI <- 0b1, mip.STI <- 0b0)
mem[X,0x0000000080000764] -> 0xB423
mem[X,0x0000000080000766] -> 0x19F2
[474] [M]: 0x0000000080000764 (0x19F2B423) sd x31, 0x188(x5)                        inst_77+12
mem[W,0x0000000080003380] <- 0x0000000000000035

mem[X,0x0000000080000768] -> 0x0F13
mem[X,0x000000008000076A] -> 0x0010
[475] [M]: 0x0000000080000768 (0x00100F13) addi x30, x0, 0x1                        inst_78+0
x30 <- 0x0000000000000001

clint mtime 0x00000000000000EE (mip.MTI <- 0b1, mip.STI <- 0b0)
mem[X,0x000000008000076C] -> 0x1F13
mem[X,0x000000008000076E] -> 0x034F
[476] [M]: 0x000000008000076C (0x034F1F13) slli x30, x30, 0x34                      inst_78+4
x30 <- 0x0010000000000000

mem[X,0x0000000080000770] -> 0x1F93
mem[X,0x0000000080000772] -> 0x601F
[477] [M]: 0x0000000080000770 (0x601F1F93) ctz x31, x30                             inst_78+8
x31 <- 0x0000000000000034

clint mtime 0x00000000000000EF (mip.MTI <- 0b1, mip.STI <- 0b0)
mem[X,0x0000000080000774] -> 0xB823
mem[X,0x0000000080000776] -> 0x19F2
[478] [M]: 0x0000000080000774 (0x19F2B823) sd x31, 0x190(x5)                        inst_78+12
mem[W,0x0000000080003388] <- 0x0000000000000034

mem[X,0x0000000080000778] -> 0x0F13
mem[X,0x000000008000077A] -> 0x0010
[479] [M]: 0x0000000080000778 (0x00100F13) addi x30, x0, 0x1                        inst_79+0
x30 <- 0x0000000000000001

clint mtime 0x00000000000000F0 (mip.MTI <- 0b1, mip.STI <- 0b0)
mem[X,0x000000008000077C] -> 0x1F13
mem[X,0x000000008000077E] -> 0x033F
[480] [M]: 0x000000008000077C (0x033F1F13) slli x30, x30, 0x33                      inst_79+4
x30 <- 0x0008000000000000

mem[X,0x0000000080000780] -> 0x1F93
mem[X,0x0000000080000782] -> 0x601F
[481] [M]: 0x0000000080000780 (0x601F1F93) ctz x31, x30                             inst_79+8
x31 <- 0x0000000000000033

clint mtime 0x00000000000000F1 (mip.MTI <- 0b1, mip.STI <- 0b0)
mem[X,0x0000000080000784] -> 0xBC23
mem[X,0x0000000080000786] -> 0x19F2
[482] [M]: 0x0000000080000784 (0x19F2BC23) sd x31, 0x198(x5)                        inst_79+12
mem[W,0x0000000080003390] <- 0x0000000000000033

mem[X,0x0000000080000788] -> 0x0F13
mem[X,0x000000008000078A] -> 0x0010
[483] [M]: 0x0000000080000788 (0x00100F13) addi x30, x0, 0x1                        inst_80+0
x30 <- 0x0000000000000001

clint mtime 0x00000000000000F2 (mip.MTI <- 0b1, mip.STI <- 0b0)
mem[X,0x000000008000078C] -> 0x1F13
mem[X,0x000000008000078E] -> 0x032F
[484] [M]: 0x000000008000078C (0x032F1F13) slli x30, x30, 0x32                      inst_80+4
x30 <- 0x0004000000000000

mem[X,0x0000000080000790] -> 0x1F93
mem[X,0x0000000080000792] -> 0x601F
[485] [M]: 0x0000000080000790 (0x601F1F93) ctz x31, x30                             inst_80+8
x31 <- 0x0000000000000032

clint mtime 0x00000000000000F3 (mip.MTI <- 0b1, mip.STI <- 0b0)
mem[X,0x0000000080000794] -> 0xB023
mem[X,0x0000000080000796] -> 0x1BF2
[486] [M]: 0x0000000080000794 (0x1BF2B023) sd x31, 0x1a0(x5)                        inst_80+12
mem[W,0x0000000080003398] <- 0x0000000000000032

mem[X,0x0000000080000798] -> 0x0F13
mem[X,0x000000008000079A] -> 0x0010
[487] [M]: 0x0000000080000798 (0x00100F13) addi x30, x0, 0x1                        inst_81+0
x30 <- 0x0000000000000001

clint mtime 0x00000000000000F4 (mip.MTI <- 0b1, mip.STI <- 0b0)
mem[X,0x000000008000079C] -> 0x1F13
mem[X,0x000000008000079E] -> 0x031F
[488] [M]: 0x000000008000079C (0x031F1F13) slli x30, x30, 0x31                      inst_81+4
x30 <- 0x0002000000000000

mem[X,0x00000000800007A0] -> 0x1F93
mem[X,0x00000000800007A2] -> 0x601F
[489] [M]: 0x00000000800007A0 (0x601F1F93) ctz x31, x30                             inst_81+8
x31 <- 0x0000000000000031

clint mtime 0x00000000000000F5 (mip.MTI <- 0b1, mip.STI <- 0b0)
mem[X,0x00000000800007A4] -> 0xB423
mem[X,0x00000000800007A6] -> 0x1BF2
[490] [M]: 0x00000000800007A4 (0x1BF2B423) sd x31, 0x1a8(x5)                        inst_81+12
mem[W,0x00000000800033A0] <- 0x0000000000000031

mem[X,0x00000000800007A8] -> 0x0F13
mem[X,0x00000000800007AA] -> 0x0010
[491] [M]: 0x00000000800007A8 (0x00100F13) addi x30, x0, 0x1                        inst_82+0
x30 <- 0x0000000000000001

clint mtime 0x00000000000000F6 (mip.MTI <- 0b1, mip.STI <- 0b0)
mem[X,0x00000000800007AC] -> 0x1F13
mem[X,0x00000000800007AE] -> 0x030F
[492] [M]: 0x00000000800007AC (0x030F1F13) slli x30, x30, 0x30                      inst_82+4
x30 <- 0x0001000000000000

mem[X,0x00000000800007B0] -> 0x1F93
mem[X,0x00000000800007B2] -> 0x601F
[493] [M]: 0x00000000800007B0 (0x601F1F93) ctz x31, x30                             inst_82+8
x31 <- 0x0000000000000030

clint mtime 0x00000000000000F7 (mip.MTI <- 0b1, mip.STI <- 0b0)
mem[X,0x00000000800007B4] -> 0xB823
mem[X,0x00000000800007B6] -> 0x1BF2
[494] [M]: 0x00000000800007B4 (0x1BF2B823) sd x31, 0x1b0(x5)                        inst_82+12
mem[W,0x00000000800033A8] <- 0x0000000000000030

mem[X,0x00000000800007B8] -> 0x0F13
mem[X,0x00000000800007BA] -> 0x0010
[495] [M]: 0x00000000800007B8 (0x00100F13) addi x30, x0, 0x1                        inst_83+0
x30 <- 0x0000000000000001

clint mtime 0x00000000000000F8 (mip.MTI <- 0b1, mip.STI <- 0b0)
mem[X,0x00000000800007BC] -> 0x1F13
mem[X,0x00000000800007BE] -> 0x02FF
[496] [M]: 0x00000000800007BC (0x02FF1F13) slli x30, x30, 0x2f                      inst_83+4
x30 <- 0x0000800000000000

mem[X,0x00000000800007C0] -> 0x1F93
mem[X,0x00000000800007C2] -> 0x601F
[497] [M]: 0x00000000800007C0 (0x601F1F93) ctz x31, x30                             inst_83+8
x31 <- 0x000000000000002F

clint mtime 0x00000000000000F9 (mip.MTI <- 0b1, mip.STI <- 0b0)
mem[X,0x00000000800007C4] -> 0xBC23
mem[X,0x00000000800007C6] -> 0x1BF2
[498] [M]: 0x00000000800007C4 (0x1BF2BC23) sd x31, 0x1b8(x5)                        inst_83+12
mem[W,0x00000000800033B0] <- 0x000000000000002F

mem[X,0x00000000800007C8] -> 0x0F13
mem[X,0x00000000800007CA] -> 0x0010
[499] [M]: 0x00000000800007C8 (0x00100F13) addi x30, x0, 0x1                        inst_84+0
x30 <- 0x0000000000000001

clint mtime 0x00000000000000FA (mip.MTI <- 0b1, mip.STI <- 0b0)
mem[X,0x00000000800007CC] -> 0x1F13
mem[X,0x00000000800007CE] -> 0x02EF
[500] [M]: 0x00000000800007CC (0x02EF1F13) slli x30, x30, 0x2e                      inst_84+4
x30 <- 0x0000400000000000

mem[X,0x00000000800007D0] -> 0x1F93
mem[X,0x00000000800007D2] -> 0x601F
[501] [M]: 0x00000000800007D0 (0x601F1F93) ctz x31, x30                             inst_84+8
x31 <- 0x000000000000002E

clint mtime 0x00000000000000FB (mip.MTI <- 0b1, mip.STI <- 0b0)
mem[X,0x00000000800007D4] -> 0xB023
mem[X,0x00000000800007D6] -> 0x1DF2
[502] [M]: 0x00000000800007D4 (0x1DF2B023) sd x31, 0x1c0(x5)                        inst_84+12
mem[W,0x00000000800033B8] <- 0x000000000000002E

mem[X,0x00000000800007D8] -> 0x0F13
mem[X,0x00000000800007DA] -> 0x0010
[503] [M]: 0x00000000800007D8 (0x00100F13) addi x30, x0, 0x1                        inst_85+0
x30 <- 0x0000000000000001

clint mtime 0x00000000000000FC (mip.MTI <- 0b1, mip.STI <- 0b0)
mem[X,0x00000000800007DC] -> 0x1F13
mem[X,0x00000000800007DE] -> 0x02DF
[504] [M]: 0x00000000800007DC (0x02DF1F13) slli x30, x30, 0x2d                      inst_85+4
x30 <- 0x0000200000000000

mem[X,0x00000000800007E0] -> 0x1F93
mem[X,0x00000000800007E2] -> 0x601F
[505] [M]: 0x00000000800007E0 (0x601F1F93) ctz x31, x30                             inst_85+8
x31 <- 0x000000000000002D

clint mtime 0x00000000000000FD (mip.MTI <- 0b1, mip.STI <- 0b0)
mem[X,0x00000000800007E4] -> 0xB423
mem[X,0x00000000800007E6] -> 0x1DF2
[506] [M]: 0x00000000800007E4 (0x1DF2B423) sd x31, 0x1c8(x5)                        inst_85+12
mem[W,0x00000000800033C0] <- 0x000000000000002D

mem[X,0x00000000800007E8] -> 0x0F13
mem[X,0x00000000800007EA] -> 0x0010
[507] [M]: 0x00000000800007E8 (0x00100F13) addi x30, x0, 0x1                        inst_86+0
x30 <- 0x0000000000000001

clint mtime 0x00000000000000FE (mip.MTI <- 0b1, mip.STI <- 0b0)
mem[X,0x00000000800007EC] -> 0x1F13
mem[X,0x00000000800007EE] -> 0x02CF
[508] [M]: 0x00000000800007EC (0x02CF1F13) slli x30, x30, 0x2c                      inst_86+4
x30 <- 0x0000100000000000

mem[X,0x00000000800007F0] -> 0x1F93
mem[X,0x00000000800007F2] -> 0x601F
[509] [M]: 0x00000000800007F0 (0x601F1F93) ctz x31, x30                             inst_86+8
x31 <- 0x000000000000002C

clint mtime 0x00000000000000FF (mip.MTI <- 0b1, mip.STI <- 0b0)
mem[X,0x00000000800007F4] -> 0xB823
mem[X,0x00000000800007F6] -> 0x1DF2
[510] [M]: 0x00000000800007F4 (0x1DF2B823) sd x31, 0x1d0(x5)                        inst_86+12
mem[W,0x00000000800033C8] <- 0x000000000000002C

mem[X,0x00000000800007F8] -> 0x0F13
mem[X,0x00000000800007FA] -> 0x0010
[511] [M]: 0x00000000800007F8 (0x00100F13) addi x30, x0, 0x1                        inst_87+0
x30 <- 0x0000000000000001

clint mtime 0x0000000000000100 (mip.MTI <- 0b1, mip.STI <- 0b0)
mem[X,0x00000000800007FC] -> 0x1F13
mem[X,0x00000000800007FE] -> 0x02BF
[512] [M]: 0x00000000800007FC (0x02BF1F13) slli x30, x30, 0x2b                      inst_87+4
x30 <- 0x0000080000000000

mem[X,0x0000000080000800] -> 0x1F93
mem[X,0x0000000080000802] -> 0x601F
[513] [M]: 0x0000000080000800 (0x601F1F93) ctz x31, x30                             inst_87+8
x31 <- 0x000000000000002B

clint mtime 0x0000000000000101 (mip.MTI <- 0b1, mip.STI <- 0b0)
mem[X,0x0000000080000804] -> 0xBC23
mem[X,0x0000000080000806] -> 0x1DF2
[514] [M]: 0x0000000080000804 (0x1DF2BC23) sd x31, 0x1d8(x5)                        inst_87+12
mem[W,0x00000000800033D0] <- 0x000000000000002B

mem[X,0x0000000080000808] -> 0x0F13
mem[X,0x000000008000080A] -> 0x0010
[515] [M]: 0x0000000080000808 (0x00100F13) addi x30, x0, 0x1                        inst_88+0
x30 <- 0x0000000000000001

clint mtime 0x0000000000000102 (mip.MTI <- 0b1, mip.STI <- 0b0)
mem[X,0x000000008000080C] -> 0x1F13
mem[X,0x000000008000080E] -> 0x02AF
[516] [M]: 0x000000008000080C (0x02AF1F13) slli x30, x30, 0x2a                      inst_88+4
x30 <- 0x0000040000000000

mem[X,0x0000000080000810] -> 0x1F93
mem[X,0x0000000080000812] -> 0x601F
[517] [M]: 0x0000000080000810 (0x601F1F93) ctz x31, x30                             inst_88+8
x31 <- 0x000000000000002A

clint mtime 0x0000000000000103 (mip.MTI <- 0b1, mip.STI <- 0b0)
mem[X,0x0000000080000814] -> 0xB023
mem[X,0x0000000080000816] -> 0x1FF2
[518] [M]: 0x0000000080000814 (0x1FF2B023) sd x31, 0x1e0(x5)                        inst_88+12
mem[W,0x00000000800033D8] <- 0x000000000000002A

mem[X,0x0000000080000818] -> 0x0F13
mem[X,0x000000008000081A] -> 0x0010
[519] [M]: 0x0000000080000818 (0x00100F13) addi x30, x0, 0x1                        inst_89+0
x30 <- 0x0000000000000001

clint mtime 0x0000000000000104 (mip.MTI <- 0b1, mip.STI <- 0b0)
mem[X,0x000000008000081C] -> 0x1F13
mem[X,0x000000008000081E] -> 0x029F
[520] [M]: 0x000000008000081C (0x029F1F13) slli x30, x30, 0x29                      inst_89+4
x30 <- 0x0000020000000000

mem[X,0x0000000080000820] -> 0x1F93
mem[X,0x0000000080000822] -> 0x601F
[521] [M]: 0x0000000080000820 (0x601F1F93) ctz x31, x30                             inst_89+8
x31 <- 0x0000000000000029

clint mtime 0x0000000000000105 (mip.MTI <- 0b1, mip.STI <- 0b0)
mem[X,0x0000000080000824] -> 0xB423
mem[X,0x0000000080000826] -> 0x1FF2
[522] [M]: 0x0000000080000824 (0x1FF2B423) sd x31, 0x1e8(x5)                        inst_89+12
mem[W,0x00000000800033E0] <- 0x0000000000000029

mem[X,0x0000000080000828] -> 0x0F13
mem[X,0x000000008000082A] -> 0x0010
[523] [M]: 0x0000000080000828 (0x00100F13) addi x30, x0, 0x1                        inst_90+0
x30 <- 0x0000000000000001

clint mtime 0x0000000000000106 (mip.MTI <- 0b1, mip.STI <- 0b0)
mem[X,0x000000008000082C] -> 0x1F13
mem[X,0x000000008000082E] -> 0x028F
[524] [M]: 0x000000008000082C (0x028F1F13) slli x30, x30, 0x28                      inst_90+4
x30 <- 0x0000010000000000

mem[X,0x0000000080000830] -> 0x1F93
mem[X,0x0000000080000832] -> 0x601F
[525] [M]: 0x0000000080000830 (0x601F1F93) ctz x31, x30                             inst_90+8
x31 <- 0x0000000000000028

clint mtime 0x0000000000000107 (mip.MTI <- 0b1, mip.STI <- 0b0)
mem[X,0x0000000080000834] -> 0xB823
mem[X,0x0000000080000836] -> 0x1FF2
[526] [M]: 0x0000000080000834 (0x1FF2B823) sd x31, 0x1f0(x5)                        inst_90+12
mem[W,0x00000000800033E8] <- 0x0000000000000028

mem[X,0x0000000080000838] -> 0x0F13
mem[X,0x000000008000083A] -> 0x0010
[527] [M]: 0x0000000080000838 (0x00100F13) addi x30, x0, 0x1                        inst_91+0
x30 <- 0x0000000000000001

clint mtime 0x0000000000000108 (mip.MTI <- 0b1, mip.STI <- 0b0)
mem[X,0x000000008000083C] -> 0x1F13
mem[X,0x000000008000083E] -> 0x027F
[528] [M]: 0x000000008000083C (0x027F1F13) slli x30, x30, 0x27                      inst_91+4
x30 <- 0x0000008000000000

mem[X,0x0000000080000840] -> 0x1F93
mem[X,0x0000000080000842] -> 0x601F
[529] [M]: 0x0000000080000840 (0x601F1F93) ctz x31, x30                             inst_91+8
x31 <- 0x0000000000000027

clint mtime 0x0000000000000109 (mip.MTI <- 0b1, mip.STI <- 0b0)
mem[X,0x0000000080000844] -> 0xBC23
mem[X,0x0000000080000846] -> 0x1FF2
[530] [M]: 0x0000000080000844 (0x1FF2BC23) sd x31, 0x1f8(x5)                        inst_91+12
mem[W,0x00000000800033F0] <- 0x0000000000000027

mem[X,0x0000000080000848] -> 0x0F13
mem[X,0x000000008000084A] -> 0x0010
[531] [M]: 0x0000000080000848 (0x00100F13) addi x30, x0, 0x1                        inst_92+0
x30 <- 0x0000000000000001

clint mtime 0x000000000000010A (mip.MTI <- 0b1, mip.STI <- 0b0)
mem[X,0x000000008000084C] -> 0x1F13
mem[X,0x000000008000084E] -> 0x026F
[532] [M]: 0x000000008000084C (0x026F1F13) slli x30, x30, 0x26                      inst_92+4
x30 <- 0x0000004000000000

mem[X,0x0000000080000850] -> 0x1F93
mem[X,0x0000000080000852] -> 0x601F
[533] [M]: 0x0000000080000850 (0x601F1F93) ctz x31, x30                             inst_92+8
x31 <- 0x0000000000000026

clint mtime 0x000000000000010B (mip.MTI <- 0b1, mip.STI <- 0b0)
mem[X,0x0000000080000854] -> 0xB023
mem[X,0x0000000080000856] -> 0x21F2
[534] [M]: 0x0000000080000854 (0x21F2B023) sd x31, 0x200(x5)                        inst_92+12
mem[W,0x00000000800033F8] <- 0x0000000000000026

mem[X,0x0000000080000858] -> 0x0F13
mem[X,0x000000008000085A] -> 0x0010
[535] [M]: 0x0000000080000858 (0x00100F13) addi x30, x0, 0x1                        inst_93+0
x30 <- 0x0000000000000001

clint mtime 0x000000000000010C (mip.MTI <- 0b1, mip.STI <- 0b0)
mem[X,0x000000008000085C] -> 0x1F13
mem[X,0x000000008000085E] -> 0x025F
[536] [M]: 0x000000008000085C (0x025F1F13) slli x30, x30, 0x25                      inst_93+4
x30 <- 0x0000002000000000

mem[X,0x0000000080000860] -> 0x1F93
mem[X,0x0000000080000862] -> 0x601F
[537] [M]: 0x0000000080000860 (0x601F1F93) ctz x31, x30                             inst_93+8
x31 <- 0x0000000000000025

clint mtime 0x000000000000010D (mip.MTI <- 0b1, mip.STI <- 0b0)
mem[X,0x0000000080000864] -> 0xB423
mem[X,0x0000000080000866] -> 0x21F2
[538] [M]: 0x0000000080000864 (0x21F2B423) sd x31, 0x208(x5)                        inst_93+12
mem[W,0x0000000080003400] <- 0x0000000000000025

mem[X,0x0000000080000868] -> 0x0F13
mem[X,0x000000008000086A] -> 0x0010
[539] [M]: 0x0000000080000868 (0x00100F13) addi x30, x0, 0x1                        inst_94+0
x30 <- 0x0000000000000001

clint mtime 0x000000000000010E (mip.MTI <- 0b1, mip.STI <- 0b0)
mem[X,0x000000008000086C] -> 0x1F13
mem[X,0x000000008000086E] -> 0x024F
[540] [M]: 0x000000008000086C (0x024F1F13) slli x30, x30, 0x24                      inst_94+4
x30 <- 0x0000001000000000

mem[X,0x0000000080000870] -> 0x1F93
mem[X,0x0000000080000872] -> 0x601F
[541] [M]: 0x0000000080000870 (0x601F1F93) ctz x31, x30                             inst_94+8
x31 <- 0x0000000000000024

clint mtime 0x000000000000010F (mip.MTI <- 0b1, mip.STI <- 0b0)
mem[X,0x0000000080000874] -> 0xB823
mem[X,0x0000000080000876] -> 0x21F2
[542] [M]: 0x0000000080000874 (0x21F2B823) sd x31, 0x210(x5)                        inst_94+12
mem[W,0x0000000080003408] <- 0x0000000000000024

mem[X,0x0000000080000878] -> 0x0F13
mem[X,0x000000008000087A] -> 0x0010
[543] [M]: 0x0000000080000878 (0x00100F13) addi x30, x0, 0x1                        inst_95+0
x30 <- 0x0000000000000001

clint mtime 0x0000000000000110 (mip.MTI <- 0b1, mip.STI <- 0b0)
mem[X,0x000000008000087C] -> 0x1F13
mem[X,0x000000008000087E] -> 0x023F
[544] [M]: 0x000000008000087C (0x023F1F13) slli x30, x30, 0x23                      inst_95+4
x30 <- 0x0000000800000000

mem[X,0x0000000080000880] -> 0x1F93
mem[X,0x0000000080000882] -> 0x601F
[545] [M]: 0x0000000080000880 (0x601F1F93) ctz x31, x30                             inst_95+8
x31 <- 0x0000000000000023

clint mtime 0x0000000000000111 (mip.MTI <- 0b1, mip.STI <- 0b0)
mem[X,0x0000000080000884] -> 0xBC23
mem[X,0x0000000080000886] -> 0x21F2
[546] [M]: 0x0000000080000884 (0x21F2BC23) sd x31, 0x218(x5)                        inst_95+12
mem[W,0x0000000080003410] <- 0x0000000000000023

mem[X,0x0000000080000888] -> 0x0F13
mem[X,0x000000008000088A] -> 0x0010
[547] [M]: 0x0000000080000888 (0x00100F13) addi x30, x0, 0x1                        inst_96+0
x30 <- 0x0000000000000001

clint mtime 0x0000000000000112 (mip.MTI <- 0b1, mip.STI <- 0b0)
mem[X,0x000000008000088C] -> 0x1F13
mem[X,0x000000008000088E] -> 0x022F
[548] [M]: 0x000000008000088C (0x022F1F13) slli x30, x30, 0x22                      inst_96+4
x30 <- 0x0000000400000000

mem[X,0x0000000080000890] -> 0x1F93
mem[X,0x0000000080000892] -> 0x601F
[549] [M]: 0x0000000080000890 (0x601F1F93) ctz x31, x30                             inst_96+8
x31 <- 0x0000000000000022

clint mtime 0x0000000000000113 (mip.MTI <- 0b1, mip.STI <- 0b0)
mem[X,0x0000000080000894] -> 0xB023
mem[X,0x0000000080000896] -> 0x23F2
[550] [M]: 0x0000000080000894 (0x23F2B023) sd x31, 0x220(x5)                        inst_96+12
mem[W,0x0000000080003418] <- 0x0000000000000022

mem[X,0x0000000080000898] -> 0x0F13
mem[X,0x000000008000089A] -> 0x0010
[551] [M]: 0x0000000080000898 (0x00100F13) addi x30, x0, 0x1                        inst_97+0
x30 <- 0x0000000000000001

clint mtime 0x0000000000000114 (mip.MTI <- 0b1, mip.STI <- 0b0)
mem[X,0x000000008000089C] -> 0x1F13
mem[X,0x000000008000089E] -> 0x021F
[552] [M]: 0x000000008000089C (0x021F1F13) slli x30, x30, 0x21                      inst_97+4
x30 <- 0x0000000200000000

mem[X,0x00000000800008A0] -> 0x1F93
mem[X,0x00000000800008A2] -> 0x601F
[553] [M]: 0x00000000800008A0 (0x601F1F93) ctz x31, x30                             inst_97+8
x31 <- 0x0000000000000021

clint mtime 0x0000000000000115 (mip.MTI <- 0b1, mip.STI <- 0b0)
mem[X,0x00000000800008A4] -> 0xB423
mem[X,0x00000000800008A6] -> 0x23F2
[554] [M]: 0x00000000800008A4 (0x23F2B423) sd x31, 0x228(x5)                        inst_97+12
mem[W,0x0000000080003420] <- 0x0000000000000021

mem[X,0x00000000800008A8] -> 0x0F13
mem[X,0x00000000800008AA] -> 0x0010
[555] [M]: 0x00000000800008A8 (0x00100F13) addi x30, x0, 0x1                        inst_98+0
x30 <- 0x0000000000000001

clint mtime 0x0000000000000116 (mip.MTI <- 0b1, mip.STI <- 0b0)
mem[X,0x00000000800008AC] -> 0x1F13
mem[X,0x00000000800008AE] -> 0x020F
[556] [M]: 0x00000000800008AC (0x020F1F13) slli x30, x30, 0x20                      inst_98+4
x30 <- 0x0000000100000000

mem[X,0x00000000800008B0] -> 0x1F93
mem[X,0x00000000800008B2] -> 0x601F
[557] [M]: 0x00000000800008B0 (0x601F1F93) ctz x31, x30                             inst_98+8
x31 <- 0x0000000000000020

clint mtime 0x0000000000000117 (mip.MTI <- 0b1, mip.STI <- 0b0)
mem[X,0x00000000800008B4] -> 0xB823
mem[X,0x00000000800008B6] -> 0x23F2
[558] [M]: 0x00000000800008B4 (0x23F2B823) sd x31, 0x230(x5)                        inst_98+12
mem[W,0x0000000080003428] <- 0x0000000000000020

mem[X,0x00000000800008B8] -> 0x0F13
mem[X,0x00000000800008BA] -> 0x0010
[559] [M]: 0x00000000800008B8 (0x00100F13) addi x30, x0, 0x1                        inst_99+0
x30 <- 0x0000000000000001

clint mtime 0x0000000000000118 (mip.MTI <- 0b1, mip.STI <- 0b0)
mem[X,0x00000000800008BC] -> 0x1F13
mem[X,0x00000000800008BE] -> 0x01FF
[560] [M]: 0x00000000800008BC (0x01FF1F13) slli x30, x30, 0x1f                      inst_99+4
x30 <- 0x0000000080000000

mem[X,0x00000000800008C0] -> 0x1F93
mem[X,0x00000000800008C2] -> 0x601F
[561] [M]: 0x00000000800008C0 (0x601F1F93) ctz x31, x30                             inst_99+8
x31 <- 0x000000000000001F

clint mtime 0x0000000000000119 (mip.MTI <- 0b1, mip.STI <- 0b0)
mem[X,0x00000000800008C4] -> 0xBC23
mem[X,0x00000000800008C6] -> 0x23F2
[562] [M]: 0x00000000800008C4 (0x23F2BC23) sd x31, 0x238(x5)                        inst_99+12
mem[W,0x0000000080003430] <- 0x000000000000001F

mem[X,0x00000000800008C8] -> 0x0F13
mem[X,0x00000000800008CA] -> 0x0010
[563] [M]: 0x00000000800008C8 (0x00100F13) addi x30, x0, 0x1                        inst_100+0
x30 <- 0x0000000000000001

clint mtime 0x000000000000011A (mip.MTI <- 0b1, mip.STI <- 0b0)
mem[X,0x00000000800008CC] -> 0x1F13
mem[X,0x00000000800008CE] -> 0x01EF
[564] [M]: 0x00000000800008CC (0x01EF1F13) slli x30, x30, 0x1e                      inst_100+4
x30 <- 0x0000000040000000

mem[X,0x00000000800008D0] -> 0x1F93
mem[X,0x00000000800008D2] -> 0x601F
[565] [M]: 0x00000000800008D0 (0x601F1F93) ctz x31, x30                             inst_100+8
x31 <- 0x000000000000001E

clint mtime 0x000000000000011B (mip.MTI <- 0b1, mip.STI <- 0b0)
mem[X,0x00000000800008D4] -> 0xB023
mem[X,0x00000000800008D6] -> 0x25F2
[566] [M]: 0x00000000800008D4 (0x25F2B023) sd x31, 0x240(x5)                        inst_100+12
mem[W,0x0000000080003438] <- 0x000000000000001E

mem[X,0x00000000800008D8] -> 0x0F13
mem[X,0x00000000800008DA] -> 0x0010
[567] [M]: 0x00000000800008D8 (0x00100F13) addi x30, x0, 0x1                        inst_101+0
x30 <- 0x0000000000000001

clint mtime 0x000000000000011C (mip.MTI <- 0b1, mip.STI <- 0b0)
mem[X,0x00000000800008DC] -> 0x1F13
mem[X,0x00000000800008DE] -> 0x01DF
[568] [M]: 0x00000000800008DC (0x01DF1F13) slli x30, x30, 0x1d                      inst_101+4
x30 <- 0x0000000020000000

mem[X,0x00000000800008E0] -> 0x1F93
mem[X,0x00000000800008E2] -> 0x601F
[569] [M]: 0x00000000800008E0 (0x601F1F93) ctz x31, x30                             inst_101+8
x31 <- 0x000000000000001D

clint mtime 0x000000000000011D (mip.MTI <- 0b1, mip.STI <- 0b0)
mem[X,0x00000000800008E4] -> 0xB423
mem[X,0x00000000800008E6] -> 0x25F2
[570] [M]: 0x00000000800008E4 (0x25F2B423) sd x31, 0x248(x5)                        inst_101+12
mem[W,0x0000000080003440] <- 0x000000000000001D

mem[X,0x00000000800008E8] -> 0x0F13
mem[X,0x00000000800008EA] -> 0x0010
[571] [M]: 0x00000000800008E8 (0x00100F13) addi x30, x0, 0x1                        inst_102+0
x30 <- 0x0000000000000001

clint mtime 0x000000000000011E (mip.MTI <- 0b1, mip.STI <- 0b0)
mem[X,0x00000000800008EC] -> 0x1F13
mem[X,0x00000000800008EE] -> 0x01CF
[572] [M]: 0x00000000800008EC (0x01CF1F13) slli x30, x30, 0x1c                      inst_102+4
x30 <- 0x0000000010000000

mem[X,0x00000000800008F0] -> 0x1F93
mem[X,0x00000000800008F2] -> 0x601F
[573] [M]: 0x00000000800008F0 (0x601F1F93) ctz x31, x30                             inst_102+8
x31 <- 0x000000000000001C

clint mtime 0x000000000000011F (mip.MTI <- 0b1, mip.STI <- 0b0)
mem[X,0x00000000800008F4] -> 0xB823
mem[X,0x00000000800008F6] -> 0x25F2
[574] [M]: 0x00000000800008F4 (0x25F2B823) sd x31, 0x250(x5)                        inst_102+12
mem[W,0x0000000080003448] <- 0x000000000000001C

mem[X,0x00000000800008F8] -> 0x0F13
mem[X,0x00000000800008FA] -> 0x0010
[575] [M]: 0x00000000800008F8 (0x00100F13) addi x30, x0, 0x1                        inst_103+0
x30 <- 0x0000000000000001

clint mtime 0x0000000000000120 (mip.MTI <- 0b1, mip.STI <- 0b0)
mem[X,0x00000000800008FC] -> 0x1F13
mem[X,0x00000000800008FE] -> 0x01BF
[576] [M]: 0x00000000800008FC (0x01BF1F13) slli x30, x30, 0x1b                      inst_103+4
x30 <- 0x0000000008000000

mem[X,0x0000000080000900] -> 0x1F93
mem[X,0x0000000080000902] -> 0x601F
[577] [M]: 0x0000000080000900 (0x601F1F93) ctz x31, x30                             inst_103+8
x31 <- 0x000000000000001B

clint mtime 0x0000000000000121 (mip.MTI <- 0b1, mip.STI <- 0b0)
mem[X,0x0000000080000904] -> 0xBC23
mem[X,0x0000000080000906] -> 0x25F2
[578] [M]: 0x0000000080000904 (0x25F2BC23) sd x31, 0x258(x5)                        inst_103+12
mem[W,0x0000000080003450] <- 0x000000000000001B

mem[X,0x0000000080000908] -> 0x0F13
mem[X,0x000000008000090A] -> 0x0010
[579] [M]: 0x0000000080000908 (0x00100F13) addi x30, x0, 0x1                        inst_104+0
x30 <- 0x0000000000000001

clint mtime 0x0000000000000122 (mip.MTI <- 0b1, mip.STI <- 0b0)
mem[X,0x000000008000090C] -> 0x1F13
mem[X,0x000000008000090E] -> 0x01AF
[580] [M]: 0x000000008000090C (0x01AF1F13) slli x30, x30, 0x1a                      inst_104+4
x30 <- 0x0000000004000000

mem[X,0x0000000080000910] -> 0x1F93
mem[X,0x0000000080000912] -> 0x601F
[581] [M]: 0x0000000080000910 (0x601F1F93) ctz x31, x30                             inst_104+8
x31 <- 0x000000000000001A

clint mtime 0x0000000000000123 (mip.MTI <- 0b1, mip.STI <- 0b0)
mem[X,0x0000000080000914] -> 0xB023
mem[X,0x0000000080000916] -> 0x27F2
[582] [M]: 0x0000000080000914 (0x27F2B023) sd x31, 0x260(x5)                        inst_104+12
mem[W,0x0000000080003458] <- 0x000000000000001A

mem[X,0x0000000080000918] -> 0x0F13
mem[X,0x000000008000091A] -> 0x0010
[583] [M]: 0x0000000080000918 (0x00100F13) addi x30, x0, 0x1                        inst_105+0
x30 <- 0x0000000000000001

clint mtime 0x0000000000000124 (mip.MTI <- 0b1, mip.STI <- 0b0)
mem[X,0x000000008000091C] -> 0x1F13
mem[X,0x000000008000091E] -> 0x019F
[584] [M]: 0x000000008000091C (0x019F1F13) slli x30, x30, 0x19                      inst_105+4
x30 <- 0x0000000002000000

mem[X,0x0000000080000920] -> 0x1F93
mem[X,0x0000000080000922] -> 0x601F
[585] [M]: 0x0000000080000920 (0x601F1F93) ctz x31, x30                             inst_105+8
x31 <- 0x0000000000000019

clint mtime 0x0000000000000125 (mip.MTI <- 0b1, mip.STI <- 0b0)
mem[X,0x0000000080000924] -> 0xB423
mem[X,0x0000000080000926] -> 0x27F2
[586] [M]: 0x0000000080000924 (0x27F2B423) sd x31, 0x268(x5)                        inst_105+12
mem[W,0x0000000080003460] <- 0x0000000000000019

mem[X,0x0000000080000928] -> 0x0F13
mem[X,0x000000008000092A] -> 0x0010
[587] [M]: 0x0000000080000928 (0x00100F13) addi x30, x0, 0x1                        inst_106+0
x30 <- 0x0000000000000001

clint mtime 0x0000000000000126 (mip.MTI <- 0b1, mip.STI <- 0b0)
mem[X,0x000000008000092C] -> 0x1F13
mem[X,0x000000008000092E] -> 0x018F
[588] [M]: 0x000000008000092C (0x018F1F13) slli x30, x30, 0x18                      inst_106+4
x30 <- 0x0000000001000000

mem[X,0x0000000080000930] -> 0x1F93
mem[X,0x0000000080000932] -> 0x601F
[589] [M]: 0x0000000080000930 (0x601F1F93) ctz x31, x30                             inst_106+8
x31 <- 0x0000000000000018

clint mtime 0x0000000000000127 (mip.MTI <- 0b1, mip.STI <- 0b0)
mem[X,0x0000000080000934] -> 0xB823
mem[X,0x0000000080000936] -> 0x27F2
[590] [M]: 0x0000000080000934 (0x27F2B823) sd x31, 0x270(x5)                        inst_106+12
mem[W,0x0000000080003468] <- 0x0000000000000018

mem[X,0x0000000080000938] -> 0x0F13
mem[X,0x000000008000093A] -> 0x0010
[591] [M]: 0x0000000080000938 (0x00100F13) addi x30, x0, 0x1                        inst_107+0
x30 <- 0x0000000000000001

clint mtime 0x0000000000000128 (mip.MTI <- 0b1, mip.STI <- 0b0)
mem[X,0x000000008000093C] -> 0x1F13
mem[X,0x000000008000093E] -> 0x017F
[592] [M]: 0x000000008000093C (0x017F1F13) slli x30, x30, 0x17                      inst_107+4
x30 <- 0x0000000000800000

mem[X,0x0000000080000940] -> 0x1F93
mem[X,0x0000000080000942] -> 0x601F
[593] [M]: 0x0000000080000940 (0x601F1F93) ctz x31, x30                             inst_107+8
x31 <- 0x0000000000000017

clint mtime 0x0000000000000129 (mip.MTI <- 0b1, mip.STI <- 0b0)
mem[X,0x0000000080000944] -> 0xBC23
mem[X,0x0000000080000946] -> 0x27F2
[594] [M]: 0x0000000080000944 (0x27F2BC23) sd x31, 0x278(x5)                        inst_107+12
mem[W,0x0000000080003470] <- 0x0000000000000017

mem[X,0x0000000080000948] -> 0x0F13
mem[X,0x000000008000094A] -> 0x0010
[595] [M]: 0x0000000080000948 (0x00100F13) addi x30, x0, 0x1                        inst_108+0
x30 <- 0x0000000000000001

clint mtime 0x000000000000012A (mip.MTI <- 0b1, mip.STI <- 0b0)
mem[X,0x000000008000094C] -> 0x1F13
mem[X,0x000000008000094E] -> 0x016F
[596] [M]: 0x000000008000094C (0x016F1F13) slli x30, x30, 0x16                      inst_108+4
x30 <- 0x0000000000400000

mem[X,0x0000000080000950] -> 0x1F93
mem[X,0x0000000080000952] -> 0x601F
[597] [M]: 0x0000000080000950 (0x601F1F93) ctz x31, x30                             inst_108+8
x31 <- 0x0000000000000016

clint mtime 0x000000000000012B (mip.MTI <- 0b1, mip.STI <- 0b0)
mem[X,0x0000000080000954] -> 0xB023
mem[X,0x0000000080000956] -> 0x29F2
[598] [M]: 0x0000000080000954 (0x29F2B023) sd x31, 0x280(x5)                        inst_108+12
mem[W,0x0000000080003478] <- 0x0000000000000016

mem[X,0x0000000080000958] -> 0x0F13
mem[X,0x000000008000095A] -> 0x0010
[599] [M]: 0x0000000080000958 (0x00100F13) addi x30, x0, 0x1                        inst_109+0
x30 <- 0x0000000000000001

clint mtime 0x000000000000012C (mip.MTI <- 0b1, mip.STI <- 0b0)
mem[X,0x000000008000095C] -> 0x1F13
mem[X,0x000000008000095E] -> 0x015F
[600] [M]: 0x000000008000095C (0x015F1F13) slli x30, x30, 0x15                      inst_109+4
x30 <- 0x0000000000200000

mem[X,0x0000000080000960] -> 0x1F93
mem[X,0x0000000080000962] -> 0x601F
[601] [M]: 0x0000000080000960 (0x601F1F93) ctz x31, x30                             inst_109+8
x31 <- 0x0000000000000015

clint mtime 0x000000000000012D (mip.MTI <- 0b1, mip.STI <- 0b0)
mem[X,0x0000000080000964] -> 0xB423
mem[X,0x0000000080000966] -> 0x29F2
[602] [M]: 0x0000000080000964 (0x29F2B423) sd x31, 0x288(x5)                        inst_109+12
mem[W,0x0000000080003480] <- 0x0000000000000015

mem[X,0x0000000080000968] -> 0x0F13
mem[X,0x000000008000096A] -> 0x0010
[603] [M]: 0x0000000080000968 (0x00100F13) addi x30, x0, 0x1                        inst_110+0
x30 <- 0x0000000000000001

clint mtime 0x000000000000012E (mip.MTI <- 0b1, mip.STI <- 0b0)
mem[X,0x000000008000096C] -> 0x1F13
mem[X,0x000000008000096E] -> 0x014F
[604] [M]: 0x000000008000096C (0x014F1F13) slli x30, x30, 0x14                      inst_110+4
x30 <- 0x0000000000100000

mem[X,0x0000000080000970] -> 0x1F93
mem[X,0x0000000080000972] -> 0x601F
[605] [M]: 0x0000000080000970 (0x601F1F93) ctz x31, x30                             inst_110+8
x31 <- 0x0000000000000014

clint mtime 0x000000000000012F (mip.MTI <- 0b1, mip.STI <- 0b0)
mem[X,0x0000000080000974] -> 0xB823
mem[X,0x0000000080000976] -> 0x29F2
[606] [M]: 0x0000000080000974 (0x29F2B823) sd x31, 0x290(x5)                        inst_110+12
mem[W,0x0000000080003488] <- 0x0000000000000014

mem[X,0x0000000080000978] -> 0x0F13
mem[X,0x000000008000097A] -> 0x0010
[607] [M]: 0x0000000080000978 (0x00100F13) addi x30, x0, 0x1                        inst_111+0
x30 <- 0x0000000000000001

clint mtime 0x0000000000000130 (mip.MTI <- 0b1, mip.STI <- 0b0)
mem[X,0x000000008000097C] -> 0x1F13
mem[X,0x000000008000097E] -> 0x013F
[608] [M]: 0x000000008000097C (0x013F1F13) slli x30, x30, 0x13                      inst_111+4
x30 <- 0x0000000000080000

mem[X,0x0000000080000980] -> 0x1F93
mem[X,0x0000000080000982] -> 0x601F
[609] [M]: 0x0000000080000980 (0x601F1F93) ctz x31, x30                             inst_111+8
x31 <- 0x0000000000000013

clint mtime 0x0000000000000131 (mip.MTI <- 0b1, mip.STI <- 0b0)
mem[X,0x0000000080000984] -> 0xBC23
mem[X,0x0000000080000986] -> 0x29F2
[610] [M]: 0x0000000080000984 (0x29F2BC23) sd x31, 0x298(x5)                        inst_111+12
mem[W,0x0000000080003490] <- 0x0000000000000013

mem[X,0x0000000080000988] -> 0x0F13
mem[X,0x000000008000098A] -> 0x0010
[611] [M]: 0x0000000080000988 (0x00100F13) addi x30, x0, 0x1                        inst_112+0
x30 <- 0x0000000000000001

clint mtime 0x0000000000000132 (mip.MTI <- 0b1, mip.STI <- 0b0)
mem[X,0x000000008000098C] -> 0x1F13
mem[X,0x000000008000098E] -> 0x012F
[612] [M]: 0x000000008000098C (0x012F1F13) slli x30, x30, 0x12                      inst_112+4
x30 <- 0x0000000000040000

mem[X,0x0000000080000990] -> 0x1F93
mem[X,0x0000000080000992] -> 0x601F
[613] [M]: 0x0000000080000990 (0x601F1F93) ctz x31, x30                             inst_112+8
x31 <- 0x0000000000000012

clint mtime 0x0000000000000133 (mip.MTI <- 0b1, mip.STI <- 0b0)
mem[X,0x0000000080000994] -> 0xB023
mem[X,0x0000000080000996] -> 0x2BF2
[614] [M]: 0x0000000080000994 (0x2BF2B023) sd x31, 0x2a0(x5)                        inst_112+12
mem[W,0x0000000080003498] <- 0x0000000000000012

mem[X,0x0000000080000998] -> 0x0F13
mem[X,0x000000008000099A] -> 0x0010
[615] [M]: 0x0000000080000998 (0x00100F13) addi x30, x0, 0x1                        inst_113+0
x30 <- 0x0000000000000001

clint mtime 0x0000000000000134 (mip.MTI <- 0b1, mip.STI <- 0b0)
mem[X,0x000000008000099C] -> 0x1F13
mem[X,0x000000008000099E] -> 0x011F
[616] [M]: 0x000000008000099C (0x011F1F13) slli x30, x30, 0x11                      inst_113+4
x30 <- 0x0000000000020000

mem[X,0x00000000800009A0] -> 0x1F93
mem[X,0x00000000800009A2] -> 0x601F
[617] [M]: 0x00000000800009A0 (0x601F1F93) ctz x31, x30                             inst_113+8
x31 <- 0x0000000000000011

clint mtime 0x0000000000000135 (mip.MTI <- 0b1, mip.STI <- 0b0)
mem[X,0x00000000800009A4] -> 0xB423
mem[X,0x00000000800009A6] -> 0x2BF2
[618] [M]: 0x00000000800009A4 (0x2BF2B423) sd x31, 0x2a8(x5)                        inst_113+12
mem[W,0x00000000800034A0] <- 0x0000000000000011

mem[X,0x00000000800009A8] -> 0x0F13
mem[X,0x00000000800009AA] -> 0x0010
[619] [M]: 0x00000000800009A8 (0x00100F13) addi x30, x0, 0x1                        inst_114+0
x30 <- 0x0000000000000001

clint mtime 0x0000000000000136 (mip.MTI <- 0b1, mip.STI <- 0b0)
mem[X,0x00000000800009AC] -> 0x1F13
mem[X,0x00000000800009AE] -> 0x010F
[620] [M]: 0x00000000800009AC (0x010F1F13) slli x30, x30, 0x10                      inst_114+4
x30 <- 0x0000000000010000

mem[X,0x00000000800009B0] -> 0x1F93
mem[X,0x00000000800009B2] -> 0x601F
[621] [M]: 0x00000000800009B0 (0x601F1F93) ctz x31, x30                             inst_114+8
x31 <- 0x0000000000000010

clint mtime 0x0000000000000137 (mip.MTI <- 0b1, mip.STI <- 0b0)
mem[X,0x00000000800009B4] -> 0xB823
mem[X,0x00000000800009B6] -> 0x2BF2
[622] [M]: 0x00000000800009B4 (0x2BF2B823) sd x31, 0x2b0(x5)                        inst_114+12
mem[W,0x00000000800034A8] <- 0x0000000000000010

mem[X,0x00000000800009B8] -> 0x0F13
mem[X,0x00000000800009BA] -> 0x0010
[623] [M]: 0x00000000800009B8 (0x00100F13) addi x30, x0, 0x1                        inst_115+0
x30 <- 0x0000000000000001

clint mtime 0x0000000000000138 (mip.MTI <- 0b1, mip.STI <- 0b0)
mem[X,0x00000000800009BC] -> 0x1F13
mem[X,0x00000000800009BE] -> 0x00FF
[624] [M]: 0x00000000800009BC (0x00FF1F13) slli x30, x30, 0xf                       inst_115+4
x30 <- 0x0000000000008000

mem[X,0x00000000800009C0] -> 0x1F93
mem[X,0x00000000800009C2] -> 0x601F
[625] [M]: 0x00000000800009C0 (0x601F1F93) ctz x31, x30                             inst_115+8
x31 <- 0x000000000000000F

clint mtime 0x0000000000000139 (mip.MTI <- 0b1, mip.STI <- 0b0)
mem[X,0x00000000800009C4] -> 0xBC23
mem[X,0x00000000800009C6] -> 0x2BF2
[626] [M]: 0x00000000800009C4 (0x2BF2BC23) sd x31, 0x2b8(x5)                        inst_115+12
mem[W,0x00000000800034B0] <- 0x000000000000000F

mem[X,0x00000000800009C8] -> 0x0F13
mem[X,0x00000000800009CA] -> 0x0010
[627] [M]: 0x00000000800009C8 (0x00100F13) addi x30, x0, 0x1                        inst_116+0
x30 <- 0x0000000000000001

clint mtime 0x000000000000013A (mip.MTI <- 0b1, mip.STI <- 0b0)
mem[X,0x00000000800009CC] -> 0x1F13
mem[X,0x00000000800009CE] -> 0x00EF
[628] [M]: 0x00000000800009CC (0x00EF1F13) slli x30, x30, 0xe                       inst_116+4
x30 <- 0x0000000000004000

mem[X,0x00000000800009D0] -> 0x1F93
mem[X,0x00000000800009D2] -> 0x601F
[629] [M]: 0x00000000800009D0 (0x601F1F93) ctz x31, x30                             inst_116+8
x31 <- 0x000000000000000E

clint mtime 0x000000000000013B (mip.MTI <- 0b1, mip.STI <- 0b0)
mem[X,0x00000000800009D4] -> 0xB023
mem[X,0x00000000800009D6] -> 0x2DF2
[630] [M]: 0x00000000800009D4 (0x2DF2B023) sd x31, 0x2c0(x5)                        inst_116+12
mem[W,0x00000000800034B8] <- 0x000000000000000E

mem[X,0x00000000800009D8] -> 0x0F13
mem[X,0x00000000800009DA] -> 0x0010
[631] [M]: 0x00000000800009D8 (0x00100F13) addi x30, x0, 0x1                        inst_117+0
x30 <- 0x0000000000000001

clint mtime 0x000000000000013C (mip.MTI <- 0b1, mip.STI <- 0b0)
mem[X,0x00000000800009DC] -> 0x1F13
mem[X,0x00000000800009DE] -> 0x00DF
[632] [M]: 0x00000000800009DC (0x00DF1F13) slli x30, x30, 0xd                       inst_117+4
x30 <- 0x0000000000002000

mem[X,0x00000000800009E0] -> 0x1F93
mem[X,0x00000000800009E2] -> 0x601F
[633] [M]: 0x00000000800009E0 (0x601F1F93) ctz x31, x30                             inst_117+8
x31 <- 0x000000000000000D

clint mtime 0x000000000000013D (mip.MTI <- 0b1, mip.STI <- 0b0)
mem[X,0x00000000800009E4] -> 0xB423
mem[X,0x00000000800009E6] -> 0x2DF2
[634] [M]: 0x00000000800009E4 (0x2DF2B423) sd x31, 0x2c8(x5)                        inst_117+12
mem[W,0x00000000800034C0] <- 0x000000000000000D

mem[X,0x00000000800009E8] -> 0x0F13
mem[X,0x00000000800009EA] -> 0x0010
[635] [M]: 0x00000000800009E8 (0x00100F13) addi x30, x0, 0x1                        inst_118+0
x30 <- 0x0000000000000001

clint mtime 0x000000000000013E (mip.MTI <- 0b1, mip.STI <- 0b0)
mem[X,0x00000000800009EC] -> 0x1F13
mem[X,0x00000000800009EE] -> 0x00CF
[636] [M]: 0x00000000800009EC (0x00CF1F13) slli x30, x30, 0xc                       inst_118+4
x30 <- 0x0000000000001000

mem[X,0x00000000800009F0] -> 0x1F93
mem[X,0x00000000800009F2] -> 0x601F
[637] [M]: 0x00000000800009F0 (0x601F1F93) ctz x31, x30                             inst_118+8
x31 <- 0x000000000000000C

clint mtime 0x000000000000013F (mip.MTI <- 0b1, mip.STI <- 0b0)
mem[X,0x00000000800009F4] -> 0xB823
mem[X,0x00000000800009F6] -> 0x2DF2
[638] [M]: 0x00000000800009F4 (0x2DF2B823) sd x31, 0x2d0(x5)                        inst_118+12
mem[W,0x00000000800034C8] <- 0x000000000000000C

mem[X,0x00000000800009F8] -> 0x0F13
mem[X,0x00000000800009FA] -> 0x0010
[639] [M]: 0x00000000800009F8 (0x00100F13) addi x30, x0, 0x1                        inst_119+0
x30 <- 0x0000000000000001

clint mtime 0x0000000000000140 (mip.MTI <- 0b1, mip.STI <- 0b0)
mem[X,0x00000000800009FC] -> 0x1F13
mem[X,0x00000000800009FE] -> 0x00BF
[640] [M]: 0x00000000800009FC (0x00BF1F13) slli x30, x30, 0xb                       inst_119+4
x30 <- 0x0000000000000800

mem[X,0x0000000080000A00] -> 0x1F93
mem[X,0x0000000080000A02] -> 0x601F
[641] [M]: 0x0000000080000A00 (0x601F1F93) ctz x31, x30                             inst_119+8
x31 <- 0x000000000000000B

clint mtime 0x0000000000000141 (mip.MTI <- 0b1, mip.STI <- 0b0)
mem[X,0x0000000080000A04] -> 0xBC23
mem[X,0x0000000080000A06] -> 0x2DF2
[642] [M]: 0x0000000080000A04 (0x2DF2BC23) sd x31, 0x2d8(x5)                        inst_119+12
mem[W,0x00000000800034D0] <- 0x000000000000000B

mem[X,0x0000000080000A08] -> 0x0F13
mem[X,0x0000000080000A0A] -> 0x4000
[643] [M]: 0x0000000080000A08 (0x40000F13) addi x30, x0, 0x400                      inst_120+0
x30 <- 0x0000000000000400

clint mtime 0x0000000000000142 (mip.MTI <- 0b1, mip.STI <- 0b0)
mem[X,0x0000000080000A0C] -> 0x1F93
mem[X,0x0000000080000A0E] -> 0x601F
[644] [M]: 0x0000000080000A0C (0x601F1F93) ctz x31, x30                             inst_120+4
x31 <- 0x000000000000000A

mem[X,0x0000000080000A10] -> 0xB023
mem[X,0x0000000080000A12] -> 0x2FF2
[645] [M]: 0x0000000080000A10 (0x2FF2B023) sd x31, 0x2e0(x5)                        inst_120+8
mem[W,0x00000000800034D8] <- 0x000000000000000A

clint mtime 0x0000000000000143 (mip.MTI <- 0b1, mip.STI <- 0b0)
mem[X,0x0000000080000A14] -> 0x0F13
mem[X,0x0000000080000A16] -> 0x2000
[646] [M]: 0x0000000080000A14 (0x20000F13) addi x30, x0, 0x200                      inst_121+0
x30 <- 0x0000000000000200

mem[X,0x0000000080000A18] -> 0x1F93
mem[X,0x0000000080000A1A] -> 0x601F
[647] [M]: 0x0000000080000A18 (0x601F1F93) ctz x31, x30                             inst_121+4
x31 <- 0x0000000000000009

clint mtime 0x0000000000000144 (mip.MTI <- 0b1, mip.STI <- 0b0)
mem[X,0x0000000080000A1C] -> 0xB423
mem[X,0x0000000080000A1E] -> 0x2FF2
[648] [M]: 0x0000000080000A1C (0x2FF2B423) sd x31, 0x2e8(x5)                        inst_121+8
mem[W,0x00000000800034E0] <- 0x0000000000000009

mem[X,0x0000000080000A20] -> 0x0F13
mem[X,0x0000000080000A22] -> 0x1000
[649] [M]: 0x0000000080000A20 (0x10000F13) addi x30, x0, 0x100                      inst_122+0
x30 <- 0x0000000000000100

clint mtime 0x0000000000000145 (mip.MTI <- 0b1, mip.STI <- 0b0)
mem[X,0x0000000080000A24] -> 0x1F93
mem[X,0x0000000080000A26] -> 0x601F
[650] [M]: 0x0000000080000A24 (0x601F1F93) ctz x31, x30                             inst_122+4
x31 <- 0x0000000000000008

mem[X,0x0000000080000A28] -> 0xB823
mem[X,0x0000000080000A2A] -> 0x2FF2
[651] [M]: 0x0000000080000A28 (0x2FF2B823) sd x31, 0x2f0(x5)                        inst_122+8
mem[W,0x00000000800034E8] <- 0x0000000000000008

clint mtime 0x0000000000000146 (mip.MTI <- 0b1, mip.STI <- 0b0)
mem[X,0x0000000080000A2C] -> 0x0F13
mem[X,0x0000000080000A2E] -> 0x0800
[652] [M]: 0x0000000080000A2C (0x08000F13) addi x30, x0, 0x80                       inst_123+0
x30 <- 0x0000000000000080

mem[X,0x0000000080000A30] -> 0x1F93
mem[X,0x0000000080000A32] -> 0x601F
[653] [M]: 0x0000000080000A30 (0x601F1F93) ctz x31, x30                             inst_123+4
x31 <- 0x0000000000000007

clint mtime 0x0000000000000147 (mip.MTI <- 0b1, mip.STI <- 0b0)
mem[X,0x0000000080000A34] -> 0xBC23
mem[X,0x0000000080000A36] -> 0x2FF2
[654] [M]: 0x0000000080000A34 (0x2FF2BC23) sd x31, 0x2f8(x5)                        inst_123+8
mem[W,0x00000000800034F0] <- 0x0000000000000007

mem[X,0x0000000080000A38] -> 0x0F13
mem[X,0x0000000080000A3A] -> 0x0400
[655] [M]: 0x0000000080000A38 (0x04000F13) addi x30, x0, 0x40                       inst_124+0
x30 <- 0x0000000000000040

clint mtime 0x0000000000000148 (mip.MTI <- 0b1, mip.STI <- 0b0)
mem[X,0x0000000080000A3C] -> 0x1F93
mem[X,0x0000000080000A3E] -> 0x601F
[656] [M]: 0x0000000080000A3C (0x601F1F93) ctz x31, x30                             inst_124+4
x31 <- 0x0000000000000006

mem[X,0x0000000080000A40] -> 0xB023
mem[X,0x0000000080000A42] -> 0x31F2
[657] [M]: 0x0000000080000A40 (0x31F2B023) sd x31, 0x300(x5)                        inst_124+8
mem[W,0x00000000800034F8] <- 0x0000000000000006

clint mtime 0x0000000000000149 (mip.MTI <- 0b1, mip.STI <- 0b0)
mem[X,0x0000000080000A44] -> 0x0F13
mem[X,0x0000000080000A46] -> 0x0200
[658] [M]: 0x0000000080000A44 (0x02000F13) addi x30, x0, 0x20                       inst_125+0
x30 <- 0x0000000000000020

mem[X,0x0000000080000A48] -> 0x1F93
mem[X,0x0000000080000A4A] -> 0x601F
[659] [M]: 0x0000000080000A48 (0x601F1F93) ctz x31, x30                             inst_125+4
x31 <- 0x0000000000000005

clint mtime 0x000000000000014A (mip.MTI <- 0b1, mip.STI <- 0b0)
mem[X,0x0000000080000A4C] -> 0xB423
mem[X,0x0000000080000A4E] -> 0x31F2
[660] [M]: 0x0000000080000A4C (0x31F2B423) sd x31, 0x308(x5)                        inst_125+8
mem[W,0x0000000080003500] <- 0x0000000000000005

mem[X,0x0000000080000A50] -> 0x0F13
mem[X,0x0000000080000A52] -> 0x0100
[661] [M]: 0x0000000080000A50 (0x01000F13) addi x30, x0, 0x10                       inst_126+0
x30 <- 0x0000000000000010

clint mtime 0x000000000000014B (mip.MTI <- 0b1, mip.STI <- 0b0)
mem[X,0x0000000080000A54] -> 0x1F93
mem[X,0x0000000080000A56] -> 0x601F
[662] [M]: 0x0000000080000A54 (0x601F1F93) ctz x31, x30                             inst_126+4
x31 <- 0x0000000000000004

mem[X,0x0000000080000A58] -> 0xB823
mem[X,0x0000000080000A5A] -> 0x31F2
[663] [M]: 0x0000000080000A58 (0x31F2B823) sd x31, 0x310(x5)                        inst_126+8
mem[W,0x0000000080003508] <- 0x0000000000000004

clint mtime 0x000000000000014C (mip.MTI <- 0b1, mip.STI <- 0b0)
mem[X,0x0000000080000A5C] -> 0x0F13
mem[X,0x0000000080000A5E] -> 0x0080
[664] [M]: 0x0000000080000A5C (0x00800F13) addi x30, x0, 0x8                        inst_127+0
x30 <- 0x0000000000000008

mem[X,0x0000000080000A60] -> 0x1F93
mem[X,0x0000000080000A62] -> 0x601F
[665] [M]: 0x0000000080000A60 (0x601F1F93) ctz x31, x30                             inst_127+4
x31 <- 0x0000000000000003

clint mtime 0x000000000000014D (mip.MTI <- 0b1, mip.STI <- 0b0)
mem[X,0x0000000080000A64] -> 0xBC23
mem[X,0x0000000080000A66] -> 0x31F2
[666] [M]: 0x0000000080000A64 (0x31F2BC23) sd x31, 0x318(x5)                        inst_127+8
mem[W,0x0000000080003510] <- 0x0000000000000003

mem[X,0x0000000080000A68] -> 0x0F13
mem[X,0x0000000080000A6A] -> 0x0040
[667] [M]: 0x0000000080000A68 (0x00400F13) addi x30, x0, 0x4                        inst_128+0
x30 <- 0x0000000000000004

clint mtime 0x000000000000014E (mip.MTI <- 0b1, mip.STI <- 0b0)
mem[X,0x0000000080000A6C] -> 0x1F93
mem[X,0x0000000080000A6E] -> 0x601F
[668] [M]: 0x0000000080000A6C (0x601F1F93) ctz x31, x30                             inst_128+4
x31 <- 0x0000000000000002

mem[X,0x0000000080000A70] -> 0xB023
mem[X,0x0000000080000A72] -> 0x33F2
[669] [M]: 0x0000000080000A70 (0x33F2B023) sd x31, 0x320(x5)                        inst_128+8
mem[W,0x0000000080003518] <- 0x0000000000000002

clint mtime 0x000000000000014F (mip.MTI <- 0b1, mip.STI <- 0b0)
mem[X,0x0000000080000A74] -> 0x0F13
mem[X,0x0000000080000A76] -> 0x0020
[670] [M]: 0x0000000080000A74 (0x00200F13) addi x30, x0, 0x2                        inst_129+0
x30 <- 0x0000000000000002

mem[X,0x0000000080000A78] -> 0x1F93
mem[X,0x0000000080000A7A] -> 0x601F
[671] [M]: 0x0000000080000A78 (0x601F1F93) ctz x31, x30                             inst_129+4
x31 <- 0x0000000000000001

clint mtime 0x0000000000000150 (mip.MTI <- 0b1, mip.STI <- 0b0)
mem[X,0x0000000080000A7C] -> 0xB423
mem[X,0x0000000080000A7E] -> 0x33F2
[672] [M]: 0x0000000080000A7C (0x33F2B423) sd x31, 0x328(x5)                        inst_129+8
mem[W,0x0000000080003520] <- 0x0000000000000001

mem[X,0x0000000080000A80] -> 0x0F13
mem[X,0x0000000080000A82] -> 0x0010
[673] [M]: 0x0000000080000A80 (0x00100F13) addi x30, x0, 0x1                        inst_130+0
x30 <- 0x0000000000000001

clint mtime 0x0000000000000151 (mip.MTI <- 0b1, mip.STI <- 0b0)
mem[X,0x0000000080000A84] -> 0x1F13
mem[X,0x0000000080000A86] -> 0x021F
[674] [M]: 0x0000000080000A84 (0x021F1F13) slli x30, x30, 0x21                      inst_130+4
x30 <- 0x0000000200000000

mem[X,0x0000000080000A88] -> 0x4F13
mem[X,0x0000000080000A8A] -> 0xFFFF
[675] [M]: 0x0000000080000A88 (0xFFFF4F13) xori x30, x30, -0x1                      inst_130+8
x30 <- 0xFFFFFFFDFFFFFFFF

clint mtime 0x0000000000000152 (mip.MTI <- 0b1, mip.STI <- 0b0)
mem[X,0x0000000080000A8C] -> 0x1F93
mem[X,0x0000000080000A8E] -> 0x601F
[676] [M]: 0x0000000080000A8C (0x601F1F93) ctz x31, x30                             inst_130+12
x31 <- 0x0000000000000000

mem[X,0x0000000080000A90] -> 0xB823
mem[X,0x0000000080000A92] -> 0x33F2
[677] [M]: 0x0000000080000A90 (0x33F2B823) sd x31, 0x330(x5)                        inst_130+16
mem[W,0x0000000080003528] <- 0x0000000000000000

clint mtime 0x0000000000000153 (mip.MTI <- 0b1, mip.STI <- 0b0)
mem[X,0x0000000080000A94] -> 0x0F13
mem[X,0x0000000080000A96] -> 0x0010
[678] [M]: 0x0000000080000A94 (0x00100F13) addi x30, x0, 0x1                        inst_131+0
x30 <- 0x0000000000000001

mem[X,0x0000000080000A98] -> 0x1F13
mem[X,0x0000000080000A9A] -> 0x020F
[679] [M]: 0x0000000080000A98 (0x020F1F13) slli x30, x30, 0x20                      inst_131+4
x30 <- 0x0000000100000000

clint mtime 0x0000000000000154 (mip.MTI <- 0b1, mip.STI <- 0b0)
mem[X,0x0000000080000A9C] -> 0x4F13
mem[X,0x0000000080000A9E] -> 0xFFFF
[680] [M]: 0x0000000080000A9C (0xFFFF4F13) xori x30, x30, -0x1                      inst_131+8
x30 <- 0xFFFFFFFEFFFFFFFF

mem[X,0x0000000080000AA0] -> 0x1F93
mem[X,0x0000000080000AA2] -> 0x601F
[681] [M]: 0x0000000080000AA0 (0x601F1F93) ctz x31, x30                             inst_131+12
x31 <- 0x0000000000000000

clint mtime 0x0000000000000155 (mip.MTI <- 0b1, mip.STI <- 0b0)
mem[X,0x0000000080000AA4] -> 0xBC23
mem[X,0x0000000080000AA6] -> 0x33F2
[682] [M]: 0x0000000080000AA4 (0x33F2BC23) sd x31, 0x338(x5)                        inst_131+16
mem[W,0x0000000080003530] <- 0x0000000000000000

mem[X,0x0000000080000AA8] -> 0x006F
mem[X,0x0000000080000AAA] -> 0x0380
[683] [M]: 0x0000000080000AA8 (0x0380006F) jal x0, 0x38                             rvtest_code_end+0

clint mtime 0x0000000000000156 (mip.MTI <- 0b1, mip.STI <- 0b0)
mem[X,0x0000000080000AE0] -> 0x0093
mem[X,0x0000000080000AE2] -> 0x0010
[684] [M]: 0x0000000080000AE0 (0x00100093) addi x1, x0, 0x1                         exit_cleanup+0
x1 <- 0x0000000000000001

mem[X,0x0000000080000AE4] -> 0x0397
mem[X,0x0000000080000AE6] -> 0x0000
[685] [M]: 0x0000000080000AE4 (0x00000397) auipc x7, 0x0                            exit_cleanup+4
x7 <- 0x0000000080000AE4

clint mtime 0x0000000000000157 (mip.MTI <- 0b1, mip.STI <- 0b0)
mem[X,0x0000000080000AE8] -> 0xAE23
mem[X,0x0000000080000AEA] -> 0x5013
[686] [M]: 0x0000000080000AE8 (0x5013AE23) sw x1, 0x51c(x7)                         exit_cleanup+8
htif[0x0000000080001000] <- 0x00000001
mem[W,0x0000000080001000] <- 0x00000001

mem[X,0x0000000080000AEC] -> 0xF06F
mem[X,0x0000000080000AEE] -> 0xFF9F
[687] [M]: 0x0000000080000AEC (0xFF9FF06F) jal x0, -0x8                             exit_cleanup+12

clint mtime 0x0000000000000158 (mip.MTI <- 0b1, mip.STI <- 0b0)
mem[X,0x0000000080000AE4] -> 0x0397
mem[X,0x0000000080000AE6] -> 0x0000
[688] [M]: 0x0000000080000AE4 (0x00000397) auipc x7, 0x0                            exit_cleanup+4
x7 <- 0x0000000080000AE4

mem[X,0x0000000080000AE8] -> 0xAE23
mem[X,0x0000000080000AEA] -> 0x5013
[689] [M]: 0x0000000080000AE8 (0x5013AE23) sw x1, 0x51c(x7)                         exit_cleanup+8
htif[0x0000000080001000] <- 0x00000001
mem[W,0x0000000080001000] <- 0x00000001

clint mtime 0x0000000000000159 (mip.MTI <- 0b1, mip.STI <- 0b0)
mem[X,0x0000000080000AEC] -> 0xF06F
mem[X,0x0000000080000AEE] -> 0xFF9F
[690] [M]: 0x0000000080000AEC (0xFF9FF06F) jal x0, -0x8                             exit_cleanup+12

mem[X,0x0000000080000AE4] -> 0x0397
mem[X,0x0000000080000AE6] -> 0x0000
[691] [M]: 0x0000000080000AE4 (0x00000397) auipc x7, 0x0                            exit_cleanup+4
x7 <- 0x0000000080000AE4

clint mtime 0x000000000000015A (mip.MTI <- 0b1, mip.STI <- 0b0)
mem[X,0x0000000080000AE8] -> 0xAE23
mem[X,0x0000000080000AEA] -> 0x5013
[692] [M]: 0x0000000080000AE8 (0x5013AE23) sw x1, 0x51c(x7)                         exit_cleanup+8
htif[0x0000000080001000] <- 0x00000001
htif-syscall-proxy cmd: 0x000000000001
mem[W,0x0000000080001000] <- 0x00000001

SUCCESS
