using /opt/riscv-arch-test/riscof-plugins/rv64/riscof_work/pmp/src/pmpm_cfg_A_off_all.S/ref/Reference-sail_c_simulator.signature for test-signature output.
setting signature-granularity to 8 bytes
HTIF located at 0x80004000
begin_signature: 0x80006210
end_signature: 0x80007630
Entry point: 0x80000000
CSR mstatus (0x300) <- 0x0000000A00000000
CSR misa (0x301) <- 0x800000000034112F
CSR mcause (0x342) <- 0x0000000000000000
x10 <- 0x0000000000000000
x11 <- 0x0000000000001000
mem[X,0x0000000080000000] -> 0x5317
mem[X,0x0000000080000002] -> 0x0000
[0] [M]: 0x0000000080000000 (0x00005317) auipc x6, 0x5                              rvtest_init+0
x6 <- 0x0000000080005000

mem[X,0x0000000080000004] -> 0x0313
mem[X,0x0000000080000006] -> 0x0003
[1] [M]: 0x0000000080000004 (0x00030313) addi x6, x6, 0x0                           rvtest_init+4
x6 <- 0x0000000080005000

clint mtime 0x0000000000000001 (mip.MTI <- 0b1, mip.STI <- 0b0)
mem[X,0x0000000080000008] -> 0x0013
mem[X,0x000000008000000A] -> 0x0000
[2] [M]: 0x0000000080000008 (0x00000013) addi x0, x0, 0x0                           rvtest_init+8

mem[X,0x000000008000000C] -> 0x0013
mem[X,0x000000008000000E] -> 0x0000
[3] [M]: 0x000000008000000C (0x00000013) addi x0, x0, 0x0                           rvtest_init+12

clint mtime 0x0000000000000002 (mip.MTI <- 0b1, mip.STI <- 0b0)
mem[X,0x0000000080000010] -> 0x0013
mem[X,0x0000000080000012] -> 0x0000
[4] [M]: 0x0000000080000010 (0x00000013) addi x0, x0, 0x0                           rvtest_init+16

mem[X,0x0000000080000014] -> 0x0013
mem[X,0x0000000080000016] -> 0x0000
[5] [M]: 0x0000000080000014 (0x00000013) addi x0, x0, 0x0                           rvtest_init+20

clint mtime 0x0000000000000003 (mip.MTI <- 0b1, mip.STI <- 0b0)
mem[X,0x0000000080000018] -> 0x0013
mem[X,0x000000008000001A] -> 0x0000
[6] [M]: 0x0000000080000018 (0x00000013) addi x0, x0, 0x0                           rvtest_init+24

mem[X,0x000000008000001C] -> 0x0013
mem[X,0x000000008000001E] -> 0x0000
[7] [M]: 0x000000008000001C (0x00000013) addi x0, x0, 0x0                           rvtest_init+28

clint mtime 0x0000000000000004 (mip.MTI <- 0b1, mip.STI <- 0b0)
mem[X,0x0000000080000020] -> 0x1473
mem[X,0x0000000080000022] -> 0x3403
[8] [M]: 0x0000000080000020 (0x34031473) csrrw x8, mscratch, x6                     init_Mscratch+0
CSR mscratch (0x340) <- 0x0000000080005000
x8 <- 0x0000000000000000

mem[X,0x0000000080000024] -> 0x3823
mem[X,0x0000000080000026] -> 0x2483
[9] [M]: 0x0000000080000024 (0x24833823) sd x8, 0x250(x6)                           init_Mscratch+4
mem[W,0x0000000080005250] <- 0x0000000000000000

clint mtime 0x0000000000000005 (mip.MTI <- 0b1, mip.STI <- 0b0)
mem[X,0x0000000080000028] -> 0x0393
mem[X,0x000000008000002A] -> 0x0000
[10] [M]: 0x0000000080000028 (0x00000393) addi x7, x0, 0x0                          init_Medeleg+0
x7 <- 0x0000000000000000

mem[X,0x000000008000002C] -> 0x93F3
mem[X,0x000000008000002E] -> 0x3023
[11] [M]: 0x000000008000002C (0x302393F3) csrrw x7, medeleg, x7                     init_Medeleg+4
CSR medeleg (0x302) <- 0x0000000000000000
x7 <- 0x0000000000000000

clint mtime 0x0000000000000006 (mip.MTI <- 0b1, mip.STI <- 0b0)
mem[X,0x0000000080000030] -> 0x3C23
mem[X,0x0000000080000032] -> 0x2273
[12] [M]: 0x0000000080000030 (0x22733C23) sd x7, 0x238(x6)                          init_Medeleg+8
mem[W,0x0000000080005238] <- 0x0000000000000000

mem[X,0x0000000080000034] -> 0x2473
mem[X,0x0000000080000036] -> 0x3050
[13] [M]: 0x0000000080000034 (0x30502473) csrrs x8, mtvec, x0                       init_Mtvec+0
CSR mtvec (0x305) -> 0x0000000000000000
x8 <- 0x0000000000000000

clint mtime 0x0000000000000007 (mip.MTI <- 0b1, mip.STI <- 0b0)
mem[X,0x0000000080000038] -> 0x3423
mem[X,0x000000008000003A] -> 0x2483
[14] [M]: 0x0000000080000038 (0x24833423) sd x8, 0x248(x6)                          init_Mtvec+4
mem[W,0x0000000080005248] <- 0x0000000000000000

mem[X,0x000000008000003C] -> 0x7393
mem[X,0x000000008000003E] -> 0x0034
[15] [M]: 0x000000008000003C (0x00347393) andi x7, x8, 0x3                          init_Mtvec+8
x7 <- 0x0000000000000000

clint mtime 0x0000000000000008 (mip.MTI <- 0b1, mip.STI <- 0b0)
mem[X,0x0000000080000040] -> 0x3483
mem[X,0x0000000080000042] -> 0x2303
[16] [M]: 0x0000000080000040 (0x23033483) ld x9, 0x230(x6)                          init_Mtvec+12
mem[R,0x0000000080005230] -> 0x00000000800022D4
x9 <- 0x00000000800022D4

mem[X,0x0000000080000044] -> 0x8493
mem[X,0x0000000080000046] -> 0xE2C4
[17] [M]: 0x0000000080000044 (0xE2C48493) addi x9, x9, -0x1d4                       init_Mtvec+16
x9 <- 0x0000000080002100

clint mtime 0x0000000000000009 (mip.MTI <- 0b1, mip.STI <- 0b0)
mem[X,0x0000000080000048] -> 0xE3B3
mem[X,0x000000008000004A] -> 0x0074
[18] [M]: 0x0000000080000048 (0x0074E3B3) or x7, x9, x7                             init_Mtvec+20
x7 <- 0x0000000080002100

mem[X,0x000000008000004C] -> 0x3023
mem[X,0x000000008000004E] -> 0x2473
[19] [M]: 0x000000008000004C (0x24733023) sd x7, 0x240(x6)                          init_Mtvec+24
mem[W,0x0000000080005240] <- 0x0000000080002100

clint mtime 0x000000000000000A (mip.MTI <- 0b1, mip.STI <- 0b0)
mem[X,0x0000000080000050] -> 0x9073
mem[X,0x0000000080000052] -> 0x3053
[20] [M]: 0x0000000080000050 (0x30539073) csrrw x0, mtvec, x7                       init_Mtvec+28
CSR mtvec (0x305) <- 0x0000000080002100

mem[X,0x0000000080000054] -> 0x2573
mem[X,0x0000000080000056] -> 0x3050
[21] [M]: 0x0000000080000054 (0x30502573) csrrs x10, mtvec, x0                      init_Mtvec+32
CSR mtvec (0x305) -> 0x0000000080002100
x10 <- 0x0000000080002100

clint mtime 0x000000000000000B (mip.MTI <- 0b1, mip.STI <- 0b0)
mem[X,0x0000000080000058] -> 0x0663
mem[X,0x000000008000005A] -> 0x0875
[22] [M]: 0x0000000080000058 (0x08750663) beq x10, x7, 0x8c                         init_Mtvec+36

mem[X,0x00000000800000E4] -> 0x0013
mem[X,0x00000000800000E6] -> 0x0000
[23] [M]: 0x00000000800000E4 (0x00000013) addi x0, x0, 0x0                          rvtest_Mprolog_done+0

clint mtime 0x000000000000000C (mip.MTI <- 0b1, mip.STI <- 0b0)
mem[X,0x00000000800000E8] -> 0x0013
mem[X,0x00000000800000EA] -> 0x0000
[24] [M]: 0x00000000800000E8 (0x00000013) addi x0, x0, 0x0                          rvtest_Mprolog_done+4

mem[X,0x00000000800000EC] -> 0x0013
mem[X,0x00000000800000EE] -> 0x0000
[25] [M]: 0x00000000800000EC (0x00000013) addi x0, x0, 0x0                          rvtest_Mprolog_done+8

clint mtime 0x000000000000000D (mip.MTI <- 0b1, mip.STI <- 0b0)
mem[X,0x00000000800000F0] -> 0x0013
mem[X,0x00000000800000F2] -> 0x0000
[26] [M]: 0x00000000800000F0 (0x00000013) addi x0, x0, 0x0                          rvtest_Mprolog_done+12

mem[X,0x00000000800000F4] -> 0x0013
mem[X,0x00000000800000F6] -> 0x0000
[27] [M]: 0x00000000800000F4 (0x00000013) addi x0, x0, 0x0                          rvtest_Mprolog_done+16

clint mtime 0x000000000000000E (mip.MTI <- 0b1, mip.STI <- 0b0)
mem[X,0x00000000800000F8] -> 0x0013
mem[X,0x00000000800000FA] -> 0x0000
[28] [M]: 0x00000000800000F8 (0x00000013) addi x0, x0, 0x0                          rvtest_Mprolog_done+20

mem[X,0x00000000800000FC] -> 0x0013
mem[X,0x00000000800000FE] -> 0x0000
[29] [M]: 0x00000000800000FC (0x00000013) addi x0, x0, 0x0                          rvtest_Mprolog_done+24

clint mtime 0x000000000000000F (mip.MTI <- 0b1, mip.STI <- 0b0)
mem[X,0x0000000080000100] -> 0x5317
mem[X,0x0000000080000102] -> 0x0000
[30] [M]: 0x0000000080000100 (0x00005317) auipc x6, 0x5                             rvtest_Mprolog_done+28
x6 <- 0x0000000080005100

mem[X,0x0000000080000104] -> 0x0313
mem[X,0x0000000080000106] -> 0x1983
[31] [M]: 0x0000000080000104 (0x19830313) addi x6, x6, 0x198                        rvtest_Mprolog_done+32
x6 <- 0x0000000080005298

clint mtime 0x0000000000000010 (mip.MTI <- 0b1, mip.STI <- 0b0)
mem[X,0x0000000080000108] -> 0x0001
[32] [M]: 0x0000000080000108 (0x0001) c.nop                                         rvtest_Mprolog_done+36

mem[X,0x000000008000010A] -> 0x0013
mem[X,0x000000008000010C] -> 0x0000
[33] [M]: 0x000000008000010A (0x00000013) addi x0, x0, 0x0                          rvtest_Mprolog_done+38

clint mtime 0x0000000000000011 (mip.MTI <- 0b1, mip.STI <- 0b0)
mem[X,0x000000008000010E] -> 0x0013
mem[X,0x0000000080000110] -> 0x0000
[34] [M]: 0x000000008000010E (0x00000013) addi x0, x0, 0x0                          rvtest_Mprolog_done+42

mem[X,0x0000000080000112] -> 0x0013
mem[X,0x0000000080000114] -> 0x0000
[35] [M]: 0x0000000080000112 (0x00000013) addi x0, x0, 0x0                          rvtest_Mprolog_done+46

clint mtime 0x0000000000000012 (mip.MTI <- 0b1, mip.STI <- 0b0)
mem[X,0x0000000080000116] -> 0x0013
mem[X,0x0000000080000118] -> 0x0000
[36] [M]: 0x0000000080000116 (0x00000013) addi x0, x0, 0x0                          rvtest_Mprolog_done+50

mem[X,0x000000008000011A] -> 0x0013
mem[X,0x000000008000011C] -> 0x0000
[37] [M]: 0x000000008000011A (0x00000013) addi x0, x0, 0x0                          rvtest_Mprolog_done+54

clint mtime 0x0000000000000013 (mip.MTI <- 0b1, mip.STI <- 0b0)
mem[X,0x000000008000011E] -> 0x0001
[38] [M]: 0x000000008000011E (0x0001) c.nop                                         rvtest_Mprolog_done+58

mem[X,0x0000000080000120] -> 0x1473
mem[X,0x0000000080000122] -> 0x1403
[39] [M]: 0x0000000080000120 (0x14031473) csrrw x8, sscratch, x6                    init_Sscratch+0
CSR sscratch (0x140) <- 0x0000000080005298
x8 <- 0x0000000000000000

clint mtime 0x0000000000000014 (mip.MTI <- 0b1, mip.STI <- 0b0)
mem[X,0x0000000080000124] -> 0x3823
mem[X,0x0000000080000126] -> 0x2483
[40] [M]: 0x0000000080000124 (0x24833823) sd x8, 0x250(x6)                          init_Sscratch+4
mem[W,0x00000000800054E8] <- 0x0000000000000000

mem[X,0x0000000080000128] -> 0x0393
mem[X,0x000000008000012A] -> 0x0000
[41] [M]: 0x0000000080000128 (0x00000393) addi x7, x0, 0x0                          init_Sedeleg+0
x7 <- 0x0000000000000000

clint mtime 0x0000000000000015 (mip.MTI <- 0b1, mip.STI <- 0b0)
mem[X,0x000000008000012C] -> 0x3C23
mem[X,0x000000008000012E] -> 0x2273
[42] [M]: 0x000000008000012C (0x22733C23) sd x7, 0x238(x6)                          init_Sedeleg+4
mem[W,0x00000000800054D0] <- 0x0000000000000000

mem[X,0x0000000080000130] -> 0x0013
mem[X,0x0000000080000132] -> 0x0000
[43] [M]: 0x0000000080000130 (0x00000013) addi x0, x0, 0x0                          init_Ssatp+0

clint mtime 0x0000000000000016 (mip.MTI <- 0b1, mip.STI <- 0b0)
mem[X,0x0000000080000134] -> 0x0013
mem[X,0x0000000080000136] -> 0x0000
[44] [M]: 0x0000000080000134 (0x00000013) addi x0, x0, 0x0                          init_Ssatp+4

mem[X,0x0000000080000138] -> 0x0013
mem[X,0x000000008000013A] -> 0x0000
[45] [M]: 0x0000000080000138 (0x00000013) addi x0, x0, 0x0                          init_Ssatp+8

clint mtime 0x0000000000000017 (mip.MTI <- 0b1, mip.STI <- 0b0)
mem[X,0x000000008000013C] -> 0x0013
mem[X,0x000000008000013E] -> 0x0000
[46] [M]: 0x000000008000013C (0x00000013) addi x0, x0, 0x0                          init_Ssatp+12

mem[X,0x0000000080000140] -> 0x6497
mem[X,0x0000000080000142] -> 0x0000
[47] [M]: 0x0000000080000140 (0x00006497) auipc x9, 0x6                             init_Ssatp+16
x9 <- 0x0000000080006140

clint mtime 0x0000000000000018 (mip.MTI <- 0b1, mip.STI <- 0b0)
mem[X,0x0000000080000144] -> 0x8493
mem[X,0x0000000080000146] -> 0xEC04
[48] [M]: 0x0000000080000144 (0xEC048493) addi x9, x9, -0x140                       init_Ssatp+20
x9 <- 0x0000000080006000

mem[X,0x0000000080000148] -> 0x0001
[49] [M]: 0x0000000080000148 (0x0001) c.nop                                         init_Ssatp+24

clint mtime 0x0000000000000019 (mip.MTI <- 0b1, mip.STI <- 0b0)
mem[X,0x000000008000014A] -> 0x0013
mem[X,0x000000008000014C] -> 0x0000
[50] [M]: 0x000000008000014A (0x00000013) addi x0, x0, 0x0                          init_Ssatp+26

mem[X,0x000000008000014E] -> 0x0013
mem[X,0x0000000080000150] -> 0x0000
[51] [M]: 0x000000008000014E (0x00000013) addi x0, x0, 0x0                          init_Ssatp+30

clint mtime 0x000000000000001A (mip.MTI <- 0b1, mip.STI <- 0b0)
mem[X,0x0000000080000152] -> 0x0013
mem[X,0x0000000080000154] -> 0x0000
[52] [M]: 0x0000000080000152 (0x00000013) addi x0, x0, 0x0                          init_Ssatp+34

mem[X,0x0000000080000156] -> 0x0013
mem[X,0x0000000080000158] -> 0x0000
[53] [M]: 0x0000000080000156 (0x00000013) addi x0, x0, 0x0                          init_Ssatp+38

clint mtime 0x000000000000001B (mip.MTI <- 0b1, mip.STI <- 0b0)
mem[X,0x000000008000015A] -> 0x0013
mem[X,0x000000008000015C] -> 0x0000
[54] [M]: 0x000000008000015A (0x00000013) addi x0, x0, 0x0                          init_Ssatp+42

mem[X,0x000000008000015E] -> 0x0001
[55] [M]: 0x000000008000015E (0x0001) c.nop                                         init_Ssatp+46

clint mtime 0x000000000000001C (mip.MTI <- 0b1, mip.STI <- 0b0)
mem[X,0x0000000080000160] -> 0xD493
mem[X,0x0000000080000162] -> 0x00C4
[56] [M]: 0x0000000080000160 (0x00C4D493) srli x9, x9, 0xc                          init_Ssatp+48
x9 <- 0x0000000000080006

mem[X,0x0000000080000164] -> 0x0413
mem[X,0x0000000080000166] -> 0xFFF0
[57] [M]: 0x0000000080000164 (0xFFF00413) addi x8, x0, -0x1                         init_Ssatp+52
x8 <- 0xFFFFFFFFFFFFFFFF

clint mtime 0x000000000000001D (mip.MTI <- 0b1, mip.STI <- 0b0)
mem[X,0x0000000080000168] -> 0x1413
mem[X,0x000000008000016A] -> 0x03F4
[58] [M]: 0x0000000080000168 (0x03F41413) slli x8, x8, 0x3f                         init_Ssatp+56
x8 <- 0x8000000000000000

mem[X,0x000000008000016C] -> 0xE4B3
mem[X,0x000000008000016E] -> 0x0084
[59] [M]: 0x000000008000016C (0x0084E4B3) or x9, x9, x8                             init_Ssatp+60
x9 <- 0x8000000000080006

clint mtime 0x000000000000001E (mip.MTI <- 0b1, mip.STI <- 0b0)
mem[X,0x0000000080000170] -> 0x94F3
mem[X,0x0000000080000172] -> 0x1804
[60] [M]: 0x0000000080000170 (0x180494F3) csrrw x9, satp, x9                        init_Ssatp+64
CSR satp (0x180) <- 0x8000000000080006
x9 <- 0x0000000000000000

mem[X,0x0000000080000174] -> 0x3023
mem[X,0x0000000080000176] -> 0x2293
[61] [M]: 0x0000000080000174 (0x22933023) sd x9, 0x220(x6)                          init_Ssatp+68
mem[W,0x00000000800054B8] <- 0x0000000000000000

clint mtime 0x000000000000001F (mip.MTI <- 0b1, mip.STI <- 0b0)
mem[X,0x0000000080000178] -> 0x2473
mem[X,0x000000008000017A] -> 0x1050
[62] [M]: 0x0000000080000178 (0x10502473) csrrs x8, stvec, x0                       init_Stvec+0
CSR stvec (0x105) -> 0x0000000000000000
x8 <- 0x0000000000000000

mem[X,0x000000008000017C] -> 0x3423
mem[X,0x000000008000017E] -> 0x2483
[63] [M]: 0x000000008000017C (0x24833423) sd x8, 0x248(x6)                          init_Stvec+4
mem[W,0x00000000800054E0] <- 0x0000000000000000

clint mtime 0x0000000000000020 (mip.MTI <- 0b1, mip.STI <- 0b0)
mem[X,0x0000000080000180] -> 0x7393
mem[X,0x0000000080000182] -> 0x0034
[64] [M]: 0x0000000080000180 (0x00347393) andi x7, x8, 0x3                          init_Stvec+8
x7 <- 0x0000000000000000

mem[X,0x0000000080000184] -> 0x3483
mem[X,0x0000000080000186] -> 0x2303
[65] [M]: 0x0000000080000184 (0x23033483) ld x9, 0x230(x6)                          init_Stvec+12
mem[R,0x00000000800054C8] -> 0x0000000080002C14
x9 <- 0x0000000080002C14

clint mtime 0x0000000000000021 (mip.MTI <- 0b1, mip.STI <- 0b0)
mem[X,0x0000000080000188] -> 0x8493
mem[X,0x000000008000018A] -> 0xE2C4
[66] [M]: 0x0000000080000188 (0xE2C48493) addi x9, x9, -0x1d4                       init_Stvec+16
x9 <- 0x0000000080002A40

mem[X,0x000000008000018C] -> 0xE3B3
mem[X,0x000000008000018E] -> 0x0074
[67] [M]: 0x000000008000018C (0x0074E3B3) or x7, x9, x7                             init_Stvec+20
x7 <- 0x0000000080002A40

clint mtime 0x0000000000000022 (mip.MTI <- 0b1, mip.STI <- 0b0)
mem[X,0x0000000080000190] -> 0x3023
mem[X,0x0000000080000192] -> 0x2473
[68] [M]: 0x0000000080000190 (0x24733023) sd x7, 0x240(x6)                          init_Stvec+24
mem[W,0x00000000800054D8] <- 0x0000000080002A40

mem[X,0x0000000080000194] -> 0x9073
mem[X,0x0000000080000196] -> 0x1053
[69] [M]: 0x0000000080000194 (0x10539073) csrrw x0, stvec, x7                       init_Stvec+28
CSR stvec (0x105) <- 0x0000000080002A40

clint mtime 0x0000000000000023 (mip.MTI <- 0b1, mip.STI <- 0b0)
mem[X,0x0000000080000198] -> 0x2573
mem[X,0x000000008000019A] -> 0x1050
[70] [M]: 0x0000000080000198 (0x10502573) csrrs x10, stvec, x0                      init_Stvec+32
CSR stvec (0x105) -> 0x0000000080002A40
x10 <- 0x0000000080002A40

mem[X,0x000000008000019C] -> 0x0463
mem[X,0x000000008000019E] -> 0x0875
[71] [M]: 0x000000008000019C (0x08750463) beq x10, x7, 0x88                         init_Stvec+36

clint mtime 0x0000000000000024 (mip.MTI <- 0b1, mip.STI <- 0b0)
mem[X,0x0000000080000224] -> 0x0093
mem[X,0x0000000080000226] -> 0x0000
[72] [M]: 0x0000000080000224 (0x00000093) addi x1, x0, 0x0                          rvtest_entrypoint+0
x1 <- 0x0000000000000000

mem[X,0x0000000080000228] -> 0x9073
mem[X,0x000000008000022A] -> 0x3000
[73] [M]: 0x0000000080000228 (0x30009073) csrrw x0, mstatus, x1                     rvtest_entrypoint+4
CSR mstatus (0x300) <- 0x0000000A00000000

clint mtime 0x0000000000000025 (mip.MTI <- 0b1, mip.STI <- 0b0)
mem[X,0x000000008000022C] -> 0x9073
mem[X,0x000000008000022E] -> 0x3410
[74] [M]: 0x000000008000022C (0x34109073) csrrw x0, mepc, x1                        rvtest_entrypoint+8
CSR mepc (0x341) <- 0x0000000000000000

mem[X,0x0000000080000230] -> 0x9073
mem[X,0x0000000080000232] -> 0x3440
[75] [M]: 0x0000000080000230 (0x34409073) csrrw x0, mip, x1                         rvtest_entrypoint+12
CSR mip (0x344) <- 0x0000000000000080

clint mtime 0x0000000000000026 (mip.MTI <- 0b1, mip.STI <- 0b0)
mem[X,0x0000000080000234] -> 0x9073
mem[X,0x0000000080000236] -> 0x3430
[76] [M]: 0x0000000080000234 (0x34309073) csrrw x0, mtval, x1                       rvtest_entrypoint+16
CSR mtval (0x343) <- 0x0000000000000000

mem[X,0x0000000080000238] -> 0x9073
mem[X,0x000000008000023A] -> 0x3420
[77] [M]: 0x0000000080000238 (0x34209073) csrrw x0, mcause, x1                      rvtest_entrypoint+20
CSR mcause (0x342) <- 0x0000000000000000

clint mtime 0x0000000000000027 (mip.MTI <- 0b1, mip.STI <- 0b0)
mem[X,0x000000008000023C] -> 0x0837
mem[X,0x000000008000023E] -> 0x7D5C
[78] [M]: 0x000000008000023C (0x7D5C0837) lui x16, 0x7d5c0                          rvtest_entrypoint+24
x16 <- 0x000000007D5C0000

mem[X,0x0000000080000240] -> 0x0813
mem[X,0x0000000080000242] -> 0xDDB8
[79] [M]: 0x0000000080000240 (0xDDB80813) addi x16, x16, -0x225                     rvtest_entrypoint+28
x16 <- 0x000000007D5BFDDB

clint mtime 0x0000000000000028 (mip.MTI <- 0b1, mip.STI <- 0b0)
mem[X,0x0000000080000244] -> 0x1813
mem[X,0x0000000080000246] -> 0x00B8
[80] [M]: 0x0000000080000244 (0x00B81813) slli x16, x16, 0xb                        rvtest_entrypoint+32
x16 <- 0x000003EADFEED800

mem[X,0x0000000080000248] -> 0x0813
mem[X,0x000000008000024A] -> 0x3EA8
[81] [M]: 0x0000000080000248 (0x3EA80813) addi x16, x16, 0x3ea                      rvtest_entrypoint+36
x16 <- 0x000003EADFEEDBEA

clint mtime 0x0000000000000029 (mip.MTI <- 0b1, mip.STI <- 0b0)
mem[X,0x000000008000024C] -> 0x1813
mem[X,0x000000008000024E] -> 0x00B8
[82] [M]: 0x000000008000024C (0x00B81813) slli x16, x16, 0xb                        rvtest_entrypoint+40
x16 <- 0x001F56FF76DF5000

mem[X,0x0000000080000250] -> 0x0813
mem[X,0x0000000080000252] -> 0x6FF8
[83] [M]: 0x0000000080000250 (0x6FF80813) addi x16, x16, 0x6ff                      rvtest_entrypoint+44
x16 <- 0x001F56FF76DF56FF

clint mtime 0x000000000000002A (mip.MTI <- 0b1, mip.STI <- 0b0)
mem[X,0x0000000080000254] -> 0x1813
mem[X,0x0000000080000256] -> 0x00A8
[84] [M]: 0x0000000080000254 (0x00A81813) slli x16, x16, 0xa                        rvtest_entrypoint+48
x16 <- 0x7D5BFDDB7D5BFC00

mem[X,0x0000000080000258] -> 0x0813
mem[X,0x000000008000025A] -> 0x1DB8
[85] [M]: 0x0000000080000258 (0x1DB80813) addi x16, x16, 0x1db                      rvtest_entrypoint+52
x16 <- 0x7D5BFDDB7D5BFDDB

clint mtime 0x000000000000002B (mip.MTI <- 0b1, mip.STI <- 0b0)
mem[X,0x000000008000025C] -> 0x5893
mem[X,0x000000008000025E] -> 0x0078
[86] [M]: 0x000000008000025C (0x00785893) srli x17, x16, 0x7                        rvtest_entrypoint+56
x17 <- 0x00FAB7FBB6FAB7FB

mem[X,0x0000000080000260] -> 0x5793
mem[X,0x0000000080000262] -> 0x0398
[87] [M]: 0x0000000080000260 (0x03985793) srli x15, x16, 0x39                       rvtest_entrypoint+60
x15 <- 0x000000000000003E

clint mtime 0x000000000000002C (mip.MTI <- 0b1, mip.STI <- 0b0)
mem[X,0x0000000080000264] -> 0xE8B3
mem[X,0x0000000080000266] -> 0x00F8
[88] [M]: 0x0000000080000264 (0x00F8E8B3) or x17, x17, x15                          rvtest_entrypoint+64
x17 <- 0x00FAB7FBB6FAB7FF

mem[X,0x0000000080000268] -> 0xD913
mem[X,0x000000008000026A] -> 0x0078
[89] [M]: 0x0000000080000268 (0x0078D913) srli x18, x17, 0x7                        rvtest_entrypoint+68
x18 <- 0x0001F56FF76DF56F

clint mtime 0x000000000000002D (mip.MTI <- 0b1, mip.STI <- 0b0)
mem[X,0x000000008000026C] -> 0xD793
mem[X,0x000000008000026E] -> 0x0398
[90] [M]: 0x000000008000026C (0x0398D793) srli x15, x17, 0x39                       rvtest_entrypoint+72
x15 <- 0x0000000000000000

mem[X,0x0000000080000270] -> 0x6933
mem[X,0x0000000080000272] -> 0x00F9
[91] [M]: 0x0000000080000270 (0x00F96933) or x18, x18, x15                          rvtest_entrypoint+76
x18 <- 0x0001F56FF76DF56F

clint mtime 0x000000000000002E (mip.MTI <- 0b1, mip.STI <- 0b0)
mem[X,0x0000000080000274] -> 0x5993
mem[X,0x0000000080000276] -> 0x0079
[92] [M]: 0x0000000080000274 (0x00795993) srli x19, x18, 0x7                        rvtest_entrypoint+80
x19 <- 0x000003EADFEEDBEA

mem[X,0x0000000080000278] -> 0x5793
mem[X,0x000000008000027A] -> 0x0399
[93] [M]: 0x0000000080000278 (0x03995793) srli x15, x18, 0x39                       rvtest_entrypoint+84
x15 <- 0x0000000000000000

clint mtime 0x000000000000002F (mip.MTI <- 0b1, mip.STI <- 0b0)
mem[X,0x000000008000027C] -> 0xE9B3
mem[X,0x000000008000027E] -> 0x00F9
[94] [M]: 0x000000008000027C (0x00F9E9B3) or x19, x19, x15                          rvtest_entrypoint+88
x19 <- 0x000003EADFEEDBEA

mem[X,0x0000000080000280] -> 0xDA13
mem[X,0x0000000080000282] -> 0x0079
[95] [M]: 0x0000000080000280 (0x0079DA13) srli x20, x19, 0x7                        rvtest_entrypoint+92
x20 <- 0x00000007D5BFDDB7

clint mtime 0x0000000000000030 (mip.MTI <- 0b1, mip.STI <- 0b0)
mem[X,0x0000000080000284] -> 0xD793
mem[X,0x0000000080000286] -> 0x0399
[96] [M]: 0x0000000080000284 (0x0399D793) srli x15, x19, 0x39                       rvtest_entrypoint+96
x15 <- 0x0000000000000000

mem[X,0x0000000080000288] -> 0x6A33
mem[X,0x000000008000028A] -> 0x00FA
[97] [M]: 0x0000000080000288 (0x00FA6A33) or x20, x20, x15                          rvtest_entrypoint+100
x20 <- 0x00000007D5BFDDB7

clint mtime 0x0000000000000031 (mip.MTI <- 0b1, mip.STI <- 0b0)
mem[X,0x000000008000028C] -> 0x5A93
mem[X,0x000000008000028E] -> 0x007A
[98] [M]: 0x000000008000028C (0x007A5A93) srli x21, x20, 0x7                        rvtest_entrypoint+104
x21 <- 0x000000000FAB7FBB

mem[X,0x0000000080000290] -> 0x5793
mem[X,0x0000000080000292] -> 0x039A
[99] [M]: 0x0000000080000290 (0x039A5793) srli x15, x20, 0x39                       rvtest_entrypoint+108
x15 <- 0x0000000000000000

clint mtime 0x0000000000000032 (mip.MTI <- 0b1, mip.STI <- 0b0)
mem[X,0x0000000080000294] -> 0xEAB3
mem[X,0x0000000080000296] -> 0x00FA
[100] [M]: 0x0000000080000294 (0x00FAEAB3) or x21, x21, x15                         rvtest_entrypoint+112
x21 <- 0x000000000FAB7FBB

mem[X,0x0000000080000298] -> 0xDB13
mem[X,0x000000008000029A] -> 0x007A
[101] [M]: 0x0000000080000298 (0x007ADB13) srli x22, x21, 0x7                       rvtest_entrypoint+116
x22 <- 0x00000000001F56FF

clint mtime 0x0000000000000033 (mip.MTI <- 0b1, mip.STI <- 0b0)
mem[X,0x000000008000029C] -> 0xD793
mem[X,0x000000008000029E] -> 0x039A
[102] [M]: 0x000000008000029C (0x039AD793) srli x15, x21, 0x39                      rvtest_entrypoint+120
x15 <- 0x0000000000000000

mem[X,0x00000000800002A0] -> 0x6B33
mem[X,0x00000000800002A2] -> 0x00FB
[103] [M]: 0x00000000800002A0 (0x00FB6B33) or x22, x22, x15                         rvtest_entrypoint+124
x22 <- 0x00000000001F56FF

clint mtime 0x0000000000000034 (mip.MTI <- 0b1, mip.STI <- 0b0)
mem[X,0x00000000800002A4] -> 0x5B93
mem[X,0x00000000800002A6] -> 0x007B
[104] [M]: 0x00000000800002A4 (0x007B5B93) srli x23, x22, 0x7                       rvtest_entrypoint+128
x23 <- 0x0000000000003EAD

mem[X,0x00000000800002A8] -> 0x5793
mem[X,0x00000000800002AA] -> 0x039B
[105] [M]: 0x00000000800002A8 (0x039B5793) srli x15, x22, 0x39                      rvtest_entrypoint+132
x15 <- 0x0000000000000000

clint mtime 0x0000000000000035 (mip.MTI <- 0b1, mip.STI <- 0b0)
mem[X,0x00000000800002AC] -> 0xEBB3
mem[X,0x00000000800002AE] -> 0x00FB
[106] [M]: 0x00000000800002AC (0x00FBEBB3) or x23, x23, x15                         rvtest_entrypoint+136
x23 <- 0x0000000000003EAD

mem[X,0x00000000800002B0] -> 0xDC13
mem[X,0x00000000800002B2] -> 0x007B
[107] [M]: 0x00000000800002B0 (0x007BDC13) srli x24, x23, 0x7                       rvtest_entrypoint+140
x24 <- 0x000000000000007D

clint mtime 0x0000000000000036 (mip.MTI <- 0b1, mip.STI <- 0b0)
mem[X,0x00000000800002B4] -> 0xD793
mem[X,0x00000000800002B6] -> 0x039B
[108] [M]: 0x00000000800002B4 (0x039BD793) srli x15, x23, 0x39                      rvtest_entrypoint+144
x15 <- 0x0000000000000000

mem[X,0x00000000800002B8] -> 0x6C33
mem[X,0x00000000800002BA] -> 0x00FC
[109] [M]: 0x00000000800002B8 (0x00FC6C33) or x24, x24, x15                         rvtest_entrypoint+148
x24 <- 0x000000000000007D

clint mtime 0x0000000000000037 (mip.MTI <- 0b1, mip.STI <- 0b0)
mem[X,0x00000000800002BC] -> 0x5C93
mem[X,0x00000000800002BE] -> 0x007C
[110] [M]: 0x00000000800002BC (0x007C5C93) srli x25, x24, 0x7                       rvtest_entrypoint+152
x25 <- 0x0000000000000000

mem[X,0x00000000800002C0] -> 0x5793
mem[X,0x00000000800002C2] -> 0x039C
[111] [M]: 0x00000000800002C0 (0x039C5793) srli x15, x24, 0x39                      rvtest_entrypoint+156
x15 <- 0x0000000000000000

clint mtime 0x0000000000000038 (mip.MTI <- 0b1, mip.STI <- 0b0)
mem[X,0x00000000800002C4] -> 0xECB3
mem[X,0x00000000800002C6] -> 0x00FC
[112] [M]: 0x00000000800002C4 (0x00FCECB3) or x25, x25, x15                         rvtest_entrypoint+160
x25 <- 0x0000000000000000

mem[X,0x00000000800002C8] -> 0xDD13
mem[X,0x00000000800002CA] -> 0x007C
[113] [M]: 0x00000000800002C8 (0x007CDD13) srli x26, x25, 0x7                       rvtest_entrypoint+164
x26 <- 0x0000000000000000

clint mtime 0x0000000000000039 (mip.MTI <- 0b1, mip.STI <- 0b0)
mem[X,0x00000000800002CC] -> 0xD793
mem[X,0x00000000800002CE] -> 0x039C
[114] [M]: 0x00000000800002CC (0x039CD793) srli x15, x25, 0x39                      rvtest_entrypoint+168
x15 <- 0x0000000000000000

mem[X,0x00000000800002D0] -> 0x6D33
mem[X,0x00000000800002D2] -> 0x00FD
[115] [M]: 0x00000000800002D0 (0x00FD6D33) or x26, x26, x15                         rvtest_entrypoint+172
x26 <- 0x0000000000000000

clint mtime 0x000000000000003A (mip.MTI <- 0b1, mip.STI <- 0b0)
mem[X,0x00000000800002D4] -> 0x5D93
mem[X,0x00000000800002D6] -> 0x007D
[116] [M]: 0x00000000800002D4 (0x007D5D93) srli x27, x26, 0x7                       rvtest_entrypoint+176
x27 <- 0x0000000000000000

mem[X,0x00000000800002D8] -> 0x5793
mem[X,0x00000000800002DA] -> 0x039D
[117] [M]: 0x00000000800002D8 (0x039D5793) srli x15, x26, 0x39                      rvtest_entrypoint+180
x15 <- 0x0000000000000000

clint mtime 0x000000000000003B (mip.MTI <- 0b1, mip.STI <- 0b0)
mem[X,0x00000000800002DC] -> 0xEDB3
mem[X,0x00000000800002DE] -> 0x00FD
[118] [M]: 0x00000000800002DC (0x00FDEDB3) or x27, x27, x15                         rvtest_entrypoint+184
x27 <- 0x0000000000000000

mem[X,0x00000000800002E0] -> 0xDE13
mem[X,0x00000000800002E2] -> 0x007D
[119] [M]: 0x00000000800002E0 (0x007DDE13) srli x28, x27, 0x7                       rvtest_entrypoint+188
x28 <- 0x0000000000000000

clint mtime 0x000000000000003C (mip.MTI <- 0b1, mip.STI <- 0b0)
mem[X,0x00000000800002E4] -> 0xD793
mem[X,0x00000000800002E6] -> 0x039D
[120] [M]: 0x00000000800002E4 (0x039DD793) srli x15, x27, 0x39                      rvtest_entrypoint+192
x15 <- 0x0000000000000000

mem[X,0x00000000800002E8] -> 0x6E33
mem[X,0x00000000800002EA] -> 0x00FE
[121] [M]: 0x00000000800002E8 (0x00FE6E33) or x28, x28, x15                         rvtest_entrypoint+196
x28 <- 0x0000000000000000

clint mtime 0x000000000000003D (mip.MTI <- 0b1, mip.STI <- 0b0)
mem[X,0x00000000800002EC] -> 0x5E93
mem[X,0x00000000800002EE] -> 0x007E
[122] [M]: 0x00000000800002EC (0x007E5E93) srli x29, x28, 0x7                       rvtest_entrypoint+200
x29 <- 0x0000000000000000

mem[X,0x00000000800002F0] -> 0x5793
mem[X,0x00000000800002F2] -> 0x039E
[123] [M]: 0x00000000800002F0 (0x039E5793) srli x15, x28, 0x39                      rvtest_entrypoint+204
x15 <- 0x0000000000000000

clint mtime 0x000000000000003E (mip.MTI <- 0b1, mip.STI <- 0b0)
mem[X,0x00000000800002F4] -> 0xEEB3
mem[X,0x00000000800002F6] -> 0x00FE
[124] [M]: 0x00000000800002F4 (0x00FEEEB3) or x29, x29, x15                         rvtest_entrypoint+208
x29 <- 0x0000000000000000

mem[X,0x00000000800002F8] -> 0xDF13
mem[X,0x00000000800002FA] -> 0x007E
[125] [M]: 0x00000000800002F8 (0x007EDF13) srli x30, x29, 0x7                       rvtest_entrypoint+212
x30 <- 0x0000000000000000

clint mtime 0x000000000000003F (mip.MTI <- 0b1, mip.STI <- 0b0)
mem[X,0x00000000800002FC] -> 0xD793
mem[X,0x00000000800002FE] -> 0x039E
[126] [M]: 0x00000000800002FC (0x039ED793) srli x15, x29, 0x39                      rvtest_entrypoint+216
x15 <- 0x0000000000000000

mem[X,0x0000000080000300] -> 0x6F33
mem[X,0x0000000080000302] -> 0x00FF
[127] [M]: 0x0000000080000300 (0x00FF6F33) or x30, x30, x15                         rvtest_entrypoint+220
x30 <- 0x0000000000000000

clint mtime 0x0000000000000040 (mip.MTI <- 0b1, mip.STI <- 0b0)
mem[X,0x0000000080000304] -> 0xC0B7
mem[X,0x0000000080000306] -> 0xFEED
[128] [M]: 0x0000000080000304 (0xFEEDC0B7) lui x1, -0x1124                          rvtest_entrypoint+224
x1 <- 0xFFFFFFFFFEEDC000

mem[X,0x0000000080000308] -> 0x8093
mem[X,0x000000008000030A] -> 0xEAD0
[129] [M]: 0x0000000080000308 (0xEAD08093) addi x1, x1, -0x153                      rvtest_entrypoint+228
x1 <- 0xFFFFFFFFFEEDBEAD

clint mtime 0x0000000000000041 (mip.MTI <- 0b1, mip.STI <- 0b0)
mem[X,0x000000008000030C] -> 0x9093
mem[X,0x000000008000030E] -> 0x00B0
[130] [M]: 0x000000008000030C (0x00B09093) slli x1, x1, 0xb                         rvtest_entrypoint+232
x1 <- 0xFFFFFFF76DF56800

mem[X,0x0000000080000310] -> 0x8093
mem[X,0x0000000080000312] -> 0x7F70
[131] [M]: 0x0000000080000310 (0x7F708093) addi x1, x1, 0x7f7                       rvtest_entrypoint+236
x1 <- 0xFFFFFFF76DF56FF7

clint mtime 0x0000000000000042 (mip.MTI <- 0b1, mip.STI <- 0b0)
mem[X,0x0000000080000314] -> 0x9093
mem[X,0x0000000080000316] -> 0x00B0
[132] [M]: 0x0000000080000314 (0x00B09093) slli x1, x1, 0xb                         rvtest_entrypoint+240
x1 <- 0xFFFFBB6FAB7FB800

mem[X,0x0000000080000318] -> 0x8093
mem[X,0x000000008000031A] -> 0x36F0
[133] [M]: 0x0000000080000318 (0x36F08093) addi x1, x1, 0x36f                       rvtest_entrypoint+244
x1 <- 0xFFFFBB6FAB7FBB6F

clint mtime 0x0000000000000043 (mip.MTI <- 0b1, mip.STI <- 0b0)
mem[X,0x000000008000031C] -> 0x9093
mem[X,0x000000008000031E] -> 0x00A0
[134] [M]: 0x000000008000031C (0x00A09093) slli x1, x1, 0xa                         rvtest_entrypoint+248
x1 <- 0xFEEDBEADFEEDBC00

mem[X,0x0000000080000320] -> 0x8093
mem[X,0x0000000080000322] -> 0x2AD0
[135] [M]: 0x0000000080000320 (0x2AD08093) addi x1, x1, 0x2ad                       rvtest_entrypoint+252
x1 <- 0xFEEDBEADFEEDBEAD

clint mtime 0x0000000000000044 (mip.MTI <- 0b1, mip.STI <- 0b0)
mem[X,0x0000000080000324] -> 0xD113
mem[X,0x0000000080000326] -> 0x0070
[136] [M]: 0x0000000080000324 (0x0070D113) srli x2, x1, 0x7                         rvtest_entrypoint+256
x2 <- 0x01FDDB7D5BFDDB7D

mem[X,0x0000000080000328] -> 0xD793
mem[X,0x000000008000032A] -> 0x0390
[137] [M]: 0x0000000080000328 (0x0390D793) srli x15, x1, 0x39                       rvtest_entrypoint+260
x15 <- 0x000000000000007F

clint mtime 0x0000000000000045 (mip.MTI <- 0b1, mip.STI <- 0b0)
mem[X,0x000000008000032C] -> 0x6133
mem[X,0x000000008000032E] -> 0x00F1
[138] [M]: 0x000000008000032C (0x00F16133) or x2, x2, x15                           rvtest_entrypoint+264
x2 <- 0x01FDDB7D5BFDDB7F

mem[X,0x0000000080000330] -> 0x5193
mem[X,0x0000000080000332] -> 0x0071
[139] [M]: 0x0000000080000330 (0x00715193) srli x3, x2, 0x7                         rvtest_entrypoint+268
x3 <- 0x0003FBB6FAB7FBB6

clint mtime 0x0000000000000046 (mip.MTI <- 0b1, mip.STI <- 0b0)
mem[X,0x0000000080000334] -> 0x5793
mem[X,0x0000000080000336] -> 0x0391
[140] [M]: 0x0000000080000334 (0x03915793) srli x15, x2, 0x39                       rvtest_entrypoint+272
x15 <- 0x0000000000000000

mem[X,0x0000000080000338] -> 0xE1B3
mem[X,0x000000008000033A] -> 0x00F1
[141] [M]: 0x0000000080000338 (0x00F1E1B3) or x3, x3, x15                           rvtest_entrypoint+276
x3 <- 0x0003FBB6FAB7FBB6

clint mtime 0x0000000000000047 (mip.MTI <- 0b1, mip.STI <- 0b0)
mem[X,0x000000008000033C] -> 0xD213
mem[X,0x000000008000033E] -> 0x0071
[142] [M]: 0x000000008000033C (0x0071D213) srli x4, x3, 0x7                         rvtest_entrypoint+280
x4 <- 0x000007F76DF56FF7

mem[X,0x0000000080000340] -> 0xD793
mem[X,0x0000000080000342] -> 0x0391
[143] [M]: 0x0000000080000340 (0x0391D793) srli x15, x3, 0x39                       rvtest_entrypoint+284
x15 <- 0x0000000000000000

clint mtime 0x0000000000000048 (mip.MTI <- 0b1, mip.STI <- 0b0)
mem[X,0x0000000080000344] -> 0x6233
mem[X,0x0000000080000346] -> 0x00F2
[144] [M]: 0x0000000080000344 (0x00F26233) or x4, x4, x15                           rvtest_entrypoint+288
x4 <- 0x000007F76DF56FF7

mem[X,0x0000000080000348] -> 0x5293
mem[X,0x000000008000034A] -> 0x0072
[145] [M]: 0x0000000080000348 (0x00725293) srli x5, x4, 0x7                         rvtest_entrypoint+292
x5 <- 0x0000000FEEDBEADF

clint mtime 0x0000000000000049 (mip.MTI <- 0b1, mip.STI <- 0b0)
mem[X,0x000000008000034C] -> 0x5793
mem[X,0x000000008000034E] -> 0x0392
[146] [M]: 0x000000008000034C (0x03925793) srli x15, x4, 0x39                       rvtest_entrypoint+296
x15 <- 0x0000000000000000

mem[X,0x0000000080000350] -> 0xE2B3
mem[X,0x0000000080000352] -> 0x00F2
[147] [M]: 0x0000000080000350 (0x00F2E2B3) or x5, x5, x15                           rvtest_entrypoint+300
x5 <- 0x0000000FEEDBEADF

clint mtime 0x000000000000004A (mip.MTI <- 0b1, mip.STI <- 0b0)
mem[X,0x0000000080000354] -> 0xD313
mem[X,0x0000000080000356] -> 0x0072
[148] [M]: 0x0000000080000354 (0x0072D313) srli x6, x5, 0x7                         rvtest_entrypoint+304
x6 <- 0x000000001FDDB7D5

mem[X,0x0000000080000358] -> 0xD793
mem[X,0x000000008000035A] -> 0x0392
[149] [M]: 0x0000000080000358 (0x0392D793) srli x15, x5, 0x39                       rvtest_entrypoint+308
x15 <- 0x0000000000000000

clint mtime 0x000000000000004B (mip.MTI <- 0b1, mip.STI <- 0b0)
mem[X,0x000000008000035C] -> 0x6333
mem[X,0x000000008000035E] -> 0x00F3
[150] [M]: 0x000000008000035C (0x00F36333) or x6, x6, x15                           rvtest_entrypoint+312
x6 <- 0x000000001FDDB7D5

mem[X,0x0000000080000360] -> 0x5393
mem[X,0x0000000080000362] -> 0x0073
[151] [M]: 0x0000000080000360 (0x00735393) srli x7, x6, 0x7                         rvtest_entrypoint+316
x7 <- 0x00000000003FBB6F

clint mtime 0x000000000000004C (mip.MTI <- 0b1, mip.STI <- 0b0)
mem[X,0x0000000080000364] -> 0x5793
mem[X,0x0000000080000366] -> 0x0393
[152] [M]: 0x0000000080000364 (0x03935793) srli x15, x6, 0x39                       rvtest_entrypoint+320
x15 <- 0x0000000000000000

mem[X,0x0000000080000368] -> 0xE3B3
mem[X,0x000000008000036A] -> 0x00F3
[153] [M]: 0x0000000080000368 (0x00F3E3B3) or x7, x7, x15                           rvtest_entrypoint+324
x7 <- 0x00000000003FBB6F

clint mtime 0x000000000000004D (mip.MTI <- 0b1, mip.STI <- 0b0)
mem[X,0x000000008000036C] -> 0xD413
mem[X,0x000000008000036E] -> 0x0073
[154] [M]: 0x000000008000036C (0x0073D413) srli x8, x7, 0x7                         rvtest_entrypoint+328
x8 <- 0x0000000000007F76

mem[X,0x0000000080000370] -> 0xD793
mem[X,0x0000000080000372] -> 0x0393
[155] [M]: 0x0000000080000370 (0x0393D793) srli x15, x7, 0x39                       rvtest_entrypoint+332
x15 <- 0x0000000000000000

clint mtime 0x000000000000004E (mip.MTI <- 0b1, mip.STI <- 0b0)
mem[X,0x0000000080000374] -> 0x6433
mem[X,0x0000000080000376] -> 0x00F4
[156] [M]: 0x0000000080000374 (0x00F46433) or x8, x8, x15                           rvtest_entrypoint+336
x8 <- 0x0000000000007F76

mem[X,0x0000000080000378] -> 0x5493
mem[X,0x000000008000037A] -> 0x0074
[157] [M]: 0x0000000080000378 (0x00745493) srli x9, x8, 0x7                         rvtest_entrypoint+340
x9 <- 0x00000000000000FE

clint mtime 0x000000000000004F (mip.MTI <- 0b1, mip.STI <- 0b0)
mem[X,0x000000008000037C] -> 0x5793
mem[X,0x000000008000037E] -> 0x0394
[158] [M]: 0x000000008000037C (0x03945793) srli x15, x8, 0x39                       rvtest_entrypoint+344
x15 <- 0x0000000000000000

mem[X,0x0000000080000380] -> 0xE4B3
mem[X,0x0000000080000382] -> 0x00F4
[159] [M]: 0x0000000080000380 (0x00F4E4B3) or x9, x9, x15                           rvtest_entrypoint+348
x9 <- 0x00000000000000FE

clint mtime 0x0000000000000050 (mip.MTI <- 0b1, mip.STI <- 0b0)
mem[X,0x0000000080000384] -> 0xD513
mem[X,0x0000000080000386] -> 0x0074
[160] [M]: 0x0000000080000384 (0x0074D513) srli x10, x9, 0x7                        rvtest_entrypoint+352
x10 <- 0x0000000000000001

mem[X,0x0000000080000388] -> 0xD793
mem[X,0x000000008000038A] -> 0x0394
[161] [M]: 0x0000000080000388 (0x0394D793) srli x15, x9, 0x39                       rvtest_entrypoint+356
x15 <- 0x0000000000000000

clint mtime 0x0000000000000051 (mip.MTI <- 0b1, mip.STI <- 0b0)
mem[X,0x000000008000038C] -> 0x6533
mem[X,0x000000008000038E] -> 0x00F5
[162] [M]: 0x000000008000038C (0x00F56533) or x10, x10, x15                         rvtest_entrypoint+360
x10 <- 0x0000000000000001

mem[X,0x0000000080000390] -> 0x5593
mem[X,0x0000000080000392] -> 0x0075
[163] [M]: 0x0000000080000390 (0x00755593) srli x11, x10, 0x7                       rvtest_entrypoint+364
x11 <- 0x0000000000000000

clint mtime 0x0000000000000052 (mip.MTI <- 0b1, mip.STI <- 0b0)
mem[X,0x0000000080000394] -> 0x5793
mem[X,0x0000000080000396] -> 0x0395
[164] [M]: 0x0000000080000394 (0x03955793) srli x15, x10, 0x39                      rvtest_entrypoint+368
x15 <- 0x0000000000000000

mem[X,0x0000000080000398] -> 0xE5B3
mem[X,0x000000008000039A] -> 0x00F5
[165] [M]: 0x0000000080000398 (0x00F5E5B3) or x11, x11, x15                         rvtest_entrypoint+372
x11 <- 0x0000000000000000

clint mtime 0x0000000000000053 (mip.MTI <- 0b1, mip.STI <- 0b0)
mem[X,0x000000008000039C] -> 0xD613
mem[X,0x000000008000039E] -> 0x0075
[166] [M]: 0x000000008000039C (0x0075D613) srli x12, x11, 0x7                       rvtest_entrypoint+376
x12 <- 0x0000000000000000

mem[X,0x00000000800003A0] -> 0xD793
mem[X,0x00000000800003A2] -> 0x0395
[167] [M]: 0x00000000800003A0 (0x0395D793) srli x15, x11, 0x39                      rvtest_entrypoint+380
x15 <- 0x0000000000000000

clint mtime 0x0000000000000054 (mip.MTI <- 0b1, mip.STI <- 0b0)
mem[X,0x00000000800003A4] -> 0x6633
mem[X,0x00000000800003A6] -> 0x00F6
[168] [M]: 0x00000000800003A4 (0x00F66633) or x12, x12, x15                         rvtest_entrypoint+384
x12 <- 0x0000000000000000

mem[X,0x00000000800003A8] -> 0x5693
mem[X,0x00000000800003AA] -> 0x0076
[169] [M]: 0x00000000800003A8 (0x00765693) srli x13, x12, 0x7                       rvtest_entrypoint+388
x13 <- 0x0000000000000000

clint mtime 0x0000000000000055 (mip.MTI <- 0b1, mip.STI <- 0b0)
mem[X,0x00000000800003AC] -> 0x5793
mem[X,0x00000000800003AE] -> 0x0396
[170] [M]: 0x00000000800003AC (0x03965793) srli x15, x12, 0x39                      rvtest_entrypoint+392
x15 <- 0x0000000000000000

mem[X,0x00000000800003B0] -> 0xE6B3
mem[X,0x00000000800003B2] -> 0x00F6
[171] [M]: 0x00000000800003B0 (0x00F6E6B3) or x13, x13, x15                         rvtest_entrypoint+396
x13 <- 0x0000000000000000

clint mtime 0x0000000000000056 (mip.MTI <- 0b1, mip.STI <- 0b0)
mem[X,0x00000000800003B4] -> 0x0013
mem[X,0x00000000800003B6] -> 0x0000
[172] [M]: 0x00000000800003B4 (0x00000013) addi x0, x0, 0x0                         rvtest_code_begin+0

mem[X,0x00000000800003B8] -> 0x0013
mem[X,0x00000000800003BA] -> 0x0000
[173] [M]: 0x00000000800003B8 (0x00000013) addi x0, x0, 0x0                         rvtest_code_begin+4

clint mtime 0x0000000000000057 (mip.MTI <- 0b1, mip.STI <- 0b0)
mem[X,0x00000000800003BC] -> 0x0013
mem[X,0x00000000800003BE] -> 0x0000
[174] [M]: 0x00000000800003BC (0x00000013) addi x0, x0, 0x0                         rvtest_code_begin+8

mem[X,0x00000000800003C0] -> 0x6697
mem[X,0x00000000800003C2] -> 0x0000
[175] [M]: 0x00000000800003C0 (0x00006697) auipc x13, 0x6                           rvtest_code_begin+12
x13 <- 0x00000000800063C0

clint mtime 0x0000000000000058 (mip.MTI <- 0b1, mip.STI <- 0b0)
mem[X,0x00000000800003C4] -> 0x8693
mem[X,0x00000000800003C6] -> 0xE586
[176] [M]: 0x00000000800003C4 (0xE5868693) addi x13, x13, -0x1a8                    rvtest_code_begin+16
x13 <- 0x0000000080006218

mem[X,0x00000000800003C8] -> 0x0001
[177] [M]: 0x00000000800003C8 (0x0001) c.nop                                        rvtest_code_begin+20

clint mtime 0x0000000000000059 (mip.MTI <- 0b1, mip.STI <- 0b0)
mem[X,0x00000000800003CA] -> 0x0013
mem[X,0x00000000800003CC] -> 0x0000
[178] [M]: 0x00000000800003CA (0x00000013) addi x0, x0, 0x0                         rvtest_code_begin+22

mem[X,0x00000000800003CE] -> 0x0013
mem[X,0x00000000800003D0] -> 0x0000
[179] [M]: 0x00000000800003CE (0x00000013) addi x0, x0, 0x0                         rvtest_code_begin+26

clint mtime 0x000000000000005A (mip.MTI <- 0b1, mip.STI <- 0b0)
mem[X,0x00000000800003D2] -> 0x0013
mem[X,0x00000000800003D4] -> 0x0000
[180] [M]: 0x00000000800003D2 (0x00000013) addi x0, x0, 0x0                         rvtest_code_begin+30

mem[X,0x00000000800003D6] -> 0x0013
mem[X,0x00000000800003D8] -> 0x0000
[181] [M]: 0x00000000800003D6 (0x00000013) addi x0, x0, 0x0                         rvtest_code_begin+34

clint mtime 0x000000000000005B (mip.MTI <- 0b1, mip.STI <- 0b0)
mem[X,0x00000000800003DA] -> 0x0013
mem[X,0x00000000800003DC] -> 0x0000
[182] [M]: 0x00000000800003DA (0x00000013) addi x0, x0, 0x0                         rvtest_code_begin+38

mem[X,0x00000000800003DE] -> 0x0001
[183] [M]: 0x00000000800003DE (0x0001) c.nop                                        rvtest_code_begin+42

clint mtime 0x000000000000005C (mip.MTI <- 0b1, mip.STI <- 0b0)
mem[X,0x00000000800003E0] -> 0x1073
mem[X,0x00000000800003E2] -> 0x3A00
[184] [M]: 0x00000000800003E0 (0x3A001073) csrrw x0, pmpcfg0, x0                    main+0
CSR pmpcfg0 (0x3A0) <- 0x0000000000000000

mem[X,0x00000000800003E4] -> 0x1073
mem[X,0x00000000800003E6] -> 0x3A20
[185] [M]: 0x00000000800003E4 (0x3A201073) csrrw x0, pmpcfg2, x0                    main+4
CSR pmpcfg2 (0x3A2) <- 0x0000000000000000

clint mtime 0x000000000000005D (mip.MTI <- 0b1, mip.STI <- 0b0)
mem[X,0x00000000800003E8] -> 0x1073
mem[X,0x00000000800003EA] -> 0x3B00
[186] [M]: 0x00000000800003E8 (0x3B001073) csrrw x0, pmpaddr0, x0                   main+8
CSR pmpaddr0 (0x3B0) <- 0x0000000000000000

mem[X,0x00000000800003EC] -> 0x1073
mem[X,0x00000000800003EE] -> 0x3B10
[187] [M]: 0x00000000800003EC (0x3B101073) csrrw x0, pmpaddr1, x0                   main+12
CSR pmpaddr1 (0x3B1) <- 0x0000000000000000

clint mtime 0x000000000000005E (mip.MTI <- 0b1, mip.STI <- 0b0)
mem[X,0x00000000800003F0] -> 0x1073
mem[X,0x00000000800003F2] -> 0x3B20
[188] [M]: 0x00000000800003F0 (0x3B201073) csrrw x0, pmpaddr2, x0                   main+16
CSR pmpaddr2 (0x3B2) <- 0x0000000000000000

mem[X,0x00000000800003F4] -> 0x1073
mem[X,0x00000000800003F6] -> 0x3B30
[189] [M]: 0x00000000800003F4 (0x3B301073) csrrw x0, pmpaddr3, x0                   main+20
CSR pmpaddr3 (0x3B3) <- 0x0000000000000000

clint mtime 0x000000000000005F (mip.MTI <- 0b1, mip.STI <- 0b0)
mem[X,0x00000000800003F8] -> 0x1073
mem[X,0x00000000800003FA] -> 0x3B40
[190] [M]: 0x00000000800003F8 (0x3B401073) csrrw x0, pmpaddr4, x0                   main+24
CSR pmpaddr4 (0x3B4) <- 0x0000000000000000

mem[X,0x00000000800003FC] -> 0x1073
mem[X,0x00000000800003FE] -> 0x3B50
[191] [M]: 0x00000000800003FC (0x3B501073) csrrw x0, pmpaddr5, x0                   main+28
CSR pmpaddr5 (0x3B5) <- 0x0000000000000000

clint mtime 0x0000000000000060 (mip.MTI <- 0b1, mip.STI <- 0b0)
mem[X,0x0000000080000400] -> 0x1073
mem[X,0x0000000080000402] -> 0x3B60
[192] [M]: 0x0000000080000400 (0x3B601073) csrrw x0, pmpaddr6, x0                   main+32
CSR pmpaddr6 (0x3B6) <- 0x0000000000000000

mem[X,0x0000000080000404] -> 0x1073
mem[X,0x0000000080000406] -> 0x3B70
[193] [M]: 0x0000000080000404 (0x3B701073) csrrw x0, pmpaddr7, x0                   main+36
CSR pmpaddr7 (0x3B7) <- 0x0000000000000000

clint mtime 0x0000000000000061 (mip.MTI <- 0b1, mip.STI <- 0b0)
mem[X,0x0000000080000408] -> 0x1073
mem[X,0x000000008000040A] -> 0x3B80
[194] [M]: 0x0000000080000408 (0x3B801073) csrrw x0, pmpaddr8, x0                   main+40
CSR pmpaddr8 (0x3B8) <- 0x0000000000000000

mem[X,0x000000008000040C] -> 0x1073
mem[X,0x000000008000040E] -> 0x3B90
[195] [M]: 0x000000008000040C (0x3B901073) csrrw x0, pmpaddr9, x0                   main+44
CSR pmpaddr9 (0x3B9) <- 0x0000000000000000

clint mtime 0x0000000000000062 (mip.MTI <- 0b1, mip.STI <- 0b0)
mem[X,0x0000000080000410] -> 0x1073
mem[X,0x0000000080000412] -> 0x3BA0
[196] [M]: 0x0000000080000410 (0x3BA01073) csrrw x0, pmpaddr10, x0                  main+48
CSR pmpaddr10 (0x3BA) <- 0x0000000000000000

mem[X,0x0000000080000414] -> 0x1073
mem[X,0x0000000080000416] -> 0x3BB0
[197] [M]: 0x0000000080000414 (0x3BB01073) csrrw x0, pmpaddr11, x0                  main+52
CSR pmpaddr11 (0x3BB) <- 0x0000000000000000

clint mtime 0x0000000000000063 (mip.MTI <- 0b1, mip.STI <- 0b0)
mem[X,0x0000000080000418] -> 0x1073
mem[X,0x000000008000041A] -> 0x3BC0
[198] [M]: 0x0000000080000418 (0x3BC01073) csrrw x0, pmpaddr12, x0                  main+56
CSR pmpaddr12 (0x3BC) <- 0x0000000000000000

mem[X,0x000000008000041C] -> 0x1073
mem[X,0x000000008000041E] -> 0x3BD0
[199] [M]: 0x000000008000041C (0x3BD01073) csrrw x0, pmpaddr13, x0                  main+60
CSR pmpaddr13 (0x3BD) <- 0x0000000000000000

clint mtime 0x0000000000000064 (mip.MTI <- 0b1, mip.STI <- 0b0)
mem[X,0x0000000080000420] -> 0x1073
mem[X,0x0000000080000422] -> 0x3BE0
[200] [M]: 0x0000000080000420 (0x3BE01073) csrrw x0, pmpaddr14, x0                  main+64
CSR pmpaddr14 (0x3BE) <- 0x0000000000000000

mem[X,0x0000000080000424] -> 0x1073
mem[X,0x0000000080000426] -> 0x3BF0
[201] [M]: 0x0000000080000424 (0x3BF01073) csrrw x0, pmpaddr15, x0                  main+68
CSR pmpaddr15 (0x3BF) <- 0x0000000000000000

clint mtime 0x0000000000000065 (mip.MTI <- 0b1, mip.STI <- 0b0)
mem[X,0x0000000080000428] -> 0x1073
mem[X,0x000000008000042A] -> 0x1800
[202] [M]: 0x0000000080000428 (0x18001073) csrrw x0, satp, x0                       main+72
CSR satp (0x180) <- 0x0000000000000000

mem[X,0x000000008000042C] -> 0x0013
mem[X,0x000000008000042E] -> 0x0000
[203] [M]: 0x000000008000042C (0x00000013) addi x0, x0, 0x0                         main+76

clint mtime 0x0000000000000066 (mip.MTI <- 0b1, mip.STI <- 0b0)
mem[X,0x0000000080000430] -> 0x0013
mem[X,0x0000000080000432] -> 0x0000
[204] [M]: 0x0000000080000430 (0x00000013) addi x0, x0, 0x0                         main+80

mem[X,0x0000000080000434] -> 0x0013
mem[X,0x0000000080000436] -> 0x0000
[205] [M]: 0x0000000080000434 (0x00000013) addi x0, x0, 0x0                         main+84

clint mtime 0x0000000000000067 (mip.MTI <- 0b1, mip.STI <- 0b0)
mem[X,0x0000000080000438] -> 0x0013
mem[X,0x000000008000043A] -> 0x0000
[206] [M]: 0x0000000080000438 (0x00000013) addi x0, x0, 0x0                         main+88

mem[X,0x000000008000043C] -> 0x0013
mem[X,0x000000008000043E] -> 0x0000
[207] [M]: 0x000000008000043C (0x00000013) addi x0, x0, 0x0                         main+92

clint mtime 0x0000000000000068 (mip.MTI <- 0b1, mip.STI <- 0b0)
mem[X,0x0000000080000440] -> 0x021B
mem[X,0x0000000080000442] -> 0xFFF0
[208] [M]: 0x0000000080000440 (0xFFF0021B) addiw x4, x0, -0x1                       main+96
x4 <- 0xFFFFFFFFFFFFFFFF

mem[X,0x0000000080000444] -> 0x0001
[209] [M]: 0x0000000080000444 (0x0001) c.nop                                        main+100

clint mtime 0x0000000000000069 (mip.MTI <- 0b1, mip.STI <- 0b0)
mem[X,0x0000000080000446] -> 0x0013
mem[X,0x0000000080000448] -> 0x0000
[210] [M]: 0x0000000080000446 (0x00000013) addi x0, x0, 0x0                         main+102

mem[X,0x000000008000044A] -> 0x0013
mem[X,0x000000008000044C] -> 0x0000
[211] [M]: 0x000000008000044A (0x00000013) addi x0, x0, 0x0                         main+106

clint mtime 0x000000000000006A (mip.MTI <- 0b1, mip.STI <- 0b0)
mem[X,0x000000008000044E] -> 0x0013
mem[X,0x0000000080000450] -> 0x0000
[212] [M]: 0x000000008000044E (0x00000013) addi x0, x0, 0x0                         main+110

mem[X,0x0000000080000452] -> 0x0013
mem[X,0x0000000080000454] -> 0x0000
[213] [M]: 0x0000000080000452 (0x00000013) addi x0, x0, 0x0                         main+114

clint mtime 0x000000000000006B (mip.MTI <- 0b1, mip.STI <- 0b0)
mem[X,0x0000000080000456] -> 0x0013
mem[X,0x0000000080000458] -> 0x0000
[214] [M]: 0x0000000080000456 (0x00000013) addi x0, x0, 0x0                         main+118

mem[X,0x000000008000045A] -> 0x0013
mem[X,0x000000008000045C] -> 0x0000
[215] [M]: 0x000000008000045A (0x00000013) addi x0, x0, 0x0                         main+122

clint mtime 0x000000000000006C (mip.MTI <- 0b1, mip.STI <- 0b0)
mem[X,0x000000008000045E] -> 0x0001
[216] [M]: 0x000000008000045E (0x0001) c.nop                                        main+126

mem[X,0x0000000080000460] -> 0x1073
mem[X,0x0000000080000462] -> 0x3BF2
[217] [M]: 0x0000000080000460 (0x3BF21073) csrrw x0, pmpaddr15, x4                  main+128
CSR pmpaddr15 (0x3BF) <- 0x003FFFFFFFFFFFFF

clint mtime 0x000000000000006D (mip.MTI <- 0b1, mip.STI <- 0b0)
mem[X,0x0000000080000464] -> 0x0213
mem[X,0x0000000080000466] -> 0x09F0
[218] [M]: 0x0000000080000464 (0x09F00213) addi x4, x0, 0x9f                        main+132
x4 <- 0x000000000000009F

mem[X,0x0000000080000468] -> 0x1213
mem[X,0x000000008000046A] -> 0x0382
[219] [M]: 0x0000000080000468 (0x03821213) slli x4, x4, 0x38                        main+136
x4 <- 0x9F00000000000000

clint mtime 0x000000000000006E (mip.MTI <- 0b1, mip.STI <- 0b0)
mem[X,0x000000008000046C] -> 0x1073
mem[X,0x000000008000046E] -> 0x3A22
[220] [M]: 0x000000008000046C (0x3A221073) csrrw x0, pmpcfg2, x4                    main+140
CSR pmpcfg2 (0x3A2) <- 0x9F00000000000000

mem[X,0x0000000080000470] -> 0x0013
mem[X,0x0000000080000472] -> 0x0000
[221] [M]: 0x0000000080000470 (0x00000013) addi x0, x0, 0x0                         main+144

clint mtime 0x000000000000006F (mip.MTI <- 0b1, mip.STI <- 0b0)
mem[X,0x0000000080000474] -> 0x0013
mem[X,0x0000000080000476] -> 0x0000
[222] [M]: 0x0000000080000474 (0x00000013) addi x0, x0, 0x0                         main+148

mem[X,0x0000000080000478] -> 0x0013
mem[X,0x000000008000047A] -> 0x0000
[223] [M]: 0x0000000080000478 (0x00000013) addi x0, x0, 0x0                         main+152

clint mtime 0x0000000000000070 (mip.MTI <- 0b1, mip.STI <- 0b0)
mem[X,0x000000008000047C] -> 0x0013
mem[X,0x000000008000047E] -> 0x0000
[224] [M]: 0x000000008000047C (0x00000013) addi x0, x0, 0x0                         main+156

mem[X,0x0000000080000480] -> 0x12B7
mem[X,0x0000000080000482] -> 0x2000
[225] [M]: 0x0000000080000480 (0x200012B7) lui x5, 0x20001                          main+160
x5 <- 0x0000000020001000

clint mtime 0x0000000000000071 (mip.MTI <- 0b1, mip.STI <- 0b0)
mem[X,0x0000000080000484] -> 0x829B
mem[X,0x0000000080000486] -> 0x8002
[226] [M]: 0x0000000080000484 (0x8002829B) addiw x5, x5, -0x800                     main+164
x5 <- 0x0000000020000800

mem[X,0x0000000080000488] -> 0x0001
[227] [M]: 0x0000000080000488 (0x0001) c.nop                                        main+168

clint mtime 0x0000000000000072 (mip.MTI <- 0b1, mip.STI <- 0b0)
mem[X,0x000000008000048A] -> 0x0013
mem[X,0x000000008000048C] -> 0x0000
[228] [M]: 0x000000008000048A (0x00000013) addi x0, x0, 0x0                         main+170

mem[X,0x000000008000048E] -> 0x0013
mem[X,0x0000000080000490] -> 0x0000
[229] [M]: 0x000000008000048E (0x00000013) addi x0, x0, 0x0                         main+174

clint mtime 0x0000000000000073 (mip.MTI <- 0b1, mip.STI <- 0b0)
mem[X,0x0000000080000492] -> 0x0013
mem[X,0x0000000080000494] -> 0x0000
[230] [M]: 0x0000000080000492 (0x00000013) addi x0, x0, 0x0                         main+178

mem[X,0x0000000080000496] -> 0x0013
mem[X,0x0000000080000498] -> 0x0000
[231] [M]: 0x0000000080000496 (0x00000013) addi x0, x0, 0x0                         main+182

clint mtime 0x0000000000000074 (mip.MTI <- 0b1, mip.STI <- 0b0)
mem[X,0x000000008000049A] -> 0x0013
mem[X,0x000000008000049C] -> 0x0000
[232] [M]: 0x000000008000049A (0x00000013) addi x0, x0, 0x0                         main+186

mem[X,0x000000008000049E] -> 0x0001
[233] [M]: 0x000000008000049E (0x0001) c.nop                                        main+190

clint mtime 0x0000000000000075 (mip.MTI <- 0b1, mip.STI <- 0b0)
mem[X,0x00000000800004A0] -> 0x9073
mem[X,0x00000000800004A2] -> 0x3BE2
[234] [M]: 0x00000000800004A0 (0x3BE29073) csrrw x0, pmpaddr14, x5                  main+192
CSR pmpaddr14 (0x3BE) <- 0x0000000020000800

mem[X,0x00000000800004A4] -> 0x0213
mem[X,0x00000000800004A6] -> 0x0010
[235] [M]: 0x00000000800004A4 (0x00100213) addi x4, x0, 0x1                         main+196
x4 <- 0x0000000000000001

clint mtime 0x0000000000000076 (mip.MTI <- 0b1, mip.STI <- 0b0)
mem[X,0x00000000800004A8] -> 0x1213
mem[X,0x00000000800004AA] -> 0x0372
[236] [M]: 0x00000000800004A8 (0x03721213) slli x4, x4, 0x37                        main+200
x4 <- 0x0080000000000000

mem[X,0x00000000800004AC] -> 0x1073
mem[X,0x00000000800004AE] -> 0x3A22
[237] [M]: 0x00000000800004AC (0x3A221073) csrrw x0, pmpcfg2, x4                    main+204
CSR pmpcfg2 (0x3A2) <- 0x9F80000000000000

clint mtime 0x0000000000000077 (mip.MTI <- 0b1, mip.STI <- 0b0)
mem[X,0x00000000800004B0] -> 0x0013
mem[X,0x00000000800004B2] -> 0x0000
[238] [M]: 0x00000000800004B0 (0x00000013) addi x0, x0, 0x0                         main+208

mem[X,0x00000000800004B4] -> 0x0013
mem[X,0x00000000800004B6] -> 0x0000
[239] [M]: 0x00000000800004B4 (0x00000013) addi x0, x0, 0x0                         main+212

clint mtime 0x0000000000000078 (mip.MTI <- 0b1, mip.STI <- 0b0)
mem[X,0x00000000800004B8] -> 0x0013
mem[X,0x00000000800004BA] -> 0x0000
[240] [M]: 0x00000000800004B8 (0x00000013) addi x0, x0, 0x0                         main+216

mem[X,0x00000000800004BC] -> 0x0013
mem[X,0x00000000800004BE] -> 0x0000
[241] [M]: 0x00000000800004BC (0x00000013) addi x0, x0, 0x0                         main+220

clint mtime 0x0000000000000079 (mip.MTI <- 0b1, mip.STI <- 0b0)
mem[X,0x00000000800004C0] -> 0x2717
mem[X,0x00000000800004C2] -> 0x0000
[242] [M]: 0x00000000800004C0 (0x00002717) auipc x14, 0x2                           main+224
x14 <- 0x00000000800024C0

mem[X,0x00000000800004C4] -> 0x0713
mem[X,0x00000000800004C6] -> 0xB407
[243] [M]: 0x00000000800004C4 (0xB4070713) addi x14, x14, -0x4c0                    main+228
x14 <- 0x0000000080002000

clint mtime 0x000000000000007A (mip.MTI <- 0b1, mip.STI <- 0b0)
mem[X,0x00000000800004C8] -> 0x0001
[244] [M]: 0x00000000800004C8 (0x0001) c.nop                                        main+232

mem[X,0x00000000800004CA] -> 0x0013
mem[X,0x00000000800004CC] -> 0x0000
[245] [M]: 0x00000000800004CA (0x00000013) addi x0, x0, 0x0                         main+234

clint mtime 0x000000000000007B (mip.MTI <- 0b1, mip.STI <- 0b0)
mem[X,0x00000000800004CE] -> 0x0013
mem[X,0x00000000800004D0] -> 0x0000
[246] [M]: 0x00000000800004CE (0x00000013) addi x0, x0, 0x0                         main+238

mem[X,0x00000000800004D2] -> 0x0013
mem[X,0x00000000800004D4] -> 0x0000
[247] [M]: 0x00000000800004D2 (0x00000013) addi x0, x0, 0x0                         main+242

clint mtime 0x000000000000007C (mip.MTI <- 0b1, mip.STI <- 0b0)
mem[X,0x00000000800004D6] -> 0x0013
mem[X,0x00000000800004D8] -> 0x0000
[248] [M]: 0x00000000800004D6 (0x00000013) addi x0, x0, 0x0                         main+246

mem[X,0x00000000800004DA] -> 0x0013
mem[X,0x00000000800004DC] -> 0x0000
[249] [M]: 0x00000000800004DA (0x00000013) addi x0, x0, 0x0                         main+250

clint mtime 0x000000000000007D (mip.MTI <- 0b1, mip.STI <- 0b0)
mem[X,0x00000000800004DE] -> 0x0001
[250] [M]: 0x00000000800004DE (0x0001) c.nop                                        main+254

mem[X,0x00000000800004E0] -> 0x51B7
mem[X,0x00000000800004E2] -> 0x0000
[251] [M]: 0x00000000800004E0 (0x000051B7) lui x3, 0x5                              main+256
x3 <- 0x0000000000005000

clint mtime 0x000000000000007E (mip.MTI <- 0b1, mip.STI <- 0b0)
mem[X,0x00000000800004E4] -> 0x8193
mem[X,0x00000000800004E6] -> 0x6671
[252] [M]: 0x00000000800004E4 (0x66718193) addi x3, x3, 0x667                       main+260
x3 <- 0x0000000000005667

mem[X,0x00000000800004E8] -> 0x9193
mem[X,0x00000000800004EA] -> 0x0011
[253] [M]: 0x00000000800004E8 (0x00119193) slli x3, x3, 0x1                         main+264
x3 <- 0x000000000000ACCE

clint mtime 0x000000000000007F (mip.MTI <- 0b1, mip.STI <- 0b0)
mem[X,0x00000000800004EC] -> 0x0013
mem[X,0x00000000800004EE] -> 0x0000
[254] [M]: 0x00000000800004EC (0x00000013) addi x0, x0, 0x0                         main+268

mem[X,0x00000000800004F0] -> 0x0013
mem[X,0x00000000800004F2] -> 0x0000
[255] [M]: 0x00000000800004F0 (0x00000013) addi x0, x0, 0x0                         main+272

clint mtime 0x0000000000000080 (mip.MTI <- 0b1, mip.STI <- 0b0)
mem[X,0x00000000800004F4] -> 0x0013
mem[X,0x00000000800004F6] -> 0x0000
[256] [M]: 0x00000000800004F4 (0x00000013) addi x0, x0, 0x0                         main+276

mem[X,0x00000000800004F8] -> 0x0013
mem[X,0x00000000800004FA] -> 0x0000
[257] [M]: 0x00000000800004F8 (0x00000013) addi x0, x0, 0x0                         main+280

clint mtime 0x0000000000000081 (mip.MTI <- 0b1, mip.STI <- 0b0)
mem[X,0x00000000800004FC] -> 0x0013
mem[X,0x00000000800004FE] -> 0x0000
[258] [M]: 0x00000000800004FC (0x00000013) addi x0, x0, 0x0                         main+284

mem[X,0x0000000080000500] -> 0x0217
mem[X,0x0000000080000502] -> 0x0000
[259] [M]: 0x0000000080000500 (0x00000217) auipc x4, 0x0                            main+288
x4 <- 0x0000000080000500

clint mtime 0x0000000000000082 (mip.MTI <- 0b1, mip.STI <- 0b0)
mem[X,0x0000000080000504] -> 0x0213
mem[X,0x0000000080000506] -> 0x02C2
[260] [M]: 0x0000000080000504 (0x02C20213) addi x4, x4, 0x2c                        main+292
x4 <- 0x000000008000052C

mem[X,0x0000000080000508] -> 0x0001
[261] [M]: 0x0000000080000508 (0x0001) c.nop                                        main+296

clint mtime 0x0000000000000083 (mip.MTI <- 0b1, mip.STI <- 0b0)
mem[X,0x000000008000050A] -> 0x0013
mem[X,0x000000008000050C] -> 0x0000
[262] [M]: 0x000000008000050A (0x00000013) addi x0, x0, 0x0                         main+298

mem[X,0x000000008000050E] -> 0x0013
mem[X,0x0000000080000510] -> 0x0000
[263] [M]: 0x000000008000050E (0x00000013) addi x0, x0, 0x0                         main+302

clint mtime 0x0000000000000084 (mip.MTI <- 0b1, mip.STI <- 0b0)
mem[X,0x0000000080000512] -> 0x0013
mem[X,0x0000000080000514] -> 0x0000
[264] [M]: 0x0000000080000512 (0x00000013) addi x0, x0, 0x0                         main+306

mem[X,0x0000000080000516] -> 0x0013
mem[X,0x0000000080000518] -> 0x0000
[265] [M]: 0x0000000080000516 (0x00000013) addi x0, x0, 0x0                         main+310

clint mtime 0x0000000000000085 (mip.MTI <- 0b1, mip.STI <- 0b0)
mem[X,0x000000008000051A] -> 0x0013
mem[X,0x000000008000051C] -> 0x0000
[266] [M]: 0x000000008000051A (0x00000013) addi x0, x0, 0x0                         main+314

mem[X,0x000000008000051E] -> 0x0001
[267] [M]: 0x000000008000051E (0x0001) c.nop                                        main+318

clint mtime 0x0000000000000086 (mip.MTI <- 0b1, mip.STI <- 0b0)
mem[X,0x0000000080000520] -> 0x00E7
mem[X,0x0000000080000522] -> 0x0007
[268] [M]: 0x0000000080000520 (0x000700E7) jalr x1, 0x0(x14)                        main+320
x1 <- 0x0000000080000524

mem[X,0x0000000080002000] -> 0x0013
mem[X,0x0000000080002002] -> 0x0000
[269] [M]: 0x0000000080002000 (0x00000013) addi x0, x0, 0x0                         TEST_FOR_EXECUTION+0

clint mtime 0x0000000000000087 (mip.MTI <- 0b1, mip.STI <- 0b0)
mem[X,0x0000000080002004] -> 0x0013
mem[X,0x0000000080002006] -> 0x0000
[270] [M]: 0x0000000080002004 (0x00000013) addi x0, x0, 0x0                         TEST_FOR_EXECUTION+4

mem[X,0x0000000080002008] -> 0x0013
mem[X,0x000000008000200A] -> 0x0000
[271] [M]: 0x0000000080002008 (0x00000013) addi x0, x0, 0x0                         RETURN_INSTRUCTION+0

clint mtime 0x0000000000000088 (mip.MTI <- 0b1, mip.STI <- 0b0)
mem[X,0x000000008000200C] -> 0x0013
mem[X,0x000000008000200E] -> 0x0000
[272] [M]: 0x000000008000200C (0x00000013) addi x0, x0, 0x0                         RETURN_INSTRUCTION+4

mem[X,0x0000000080002010] -> 0x8067
mem[X,0x0000000080002012] -> 0x0000
[273] [M]: 0x0000000080002010 (0x00008067) jalr x0, 0x0(x1)                         RETURN_INSTRUCTION+8

clint mtime 0x0000000000000089 (mip.MTI <- 0b1, mip.STI <- 0b0)
mem[X,0x0000000080000524] -> 0x0013
mem[X,0x0000000080000526] -> 0x0000
[274] [M]: 0x0000000080000524 (0x00000013) addi x0, x0, 0x0                         main+324

mem[X,0x0000000080000528] -> 0x0013
mem[X,0x000000008000052A] -> 0x0000
[275] [M]: 0x0000000080000528 (0x00000013) addi x0, x0, 0x0                         main+328

clint mtime 0x000000000000008A (mip.MTI <- 0b1, mip.STI <- 0b0)
mem[X,0x000000008000052C] -> 0x0013
mem[X,0x000000008000052E] -> 0x0000
[276] [M]: 0x000000008000052C (0x00000013) addi x0, x0, 0x0                         main+332

mem[X,0x0000000080000530] -> 0x0013
mem[X,0x0000000080000532] -> 0x0000
[277] [M]: 0x0000000080000530 (0x00000013) addi x0, x0, 0x0                         main+336

clint mtime 0x000000000000008B (mip.MTI <- 0b1, mip.STI <- 0b0)
mem[X,0x0000000080000534] -> 0x0013
mem[X,0x0000000080000536] -> 0x0000
[278] [M]: 0x0000000080000534 (0x00000013) addi x0, x0, 0x0                         main+340

mem[X,0x0000000080000538] -> 0x0013
mem[X,0x000000008000053A] -> 0x0000
[279] [M]: 0x0000000080000538 (0x00000013) addi x0, x0, 0x0                         main+344

clint mtime 0x000000000000008C (mip.MTI <- 0b1, mip.STI <- 0b0)
mem[X,0x000000008000053C] -> 0x0013
mem[X,0x000000008000053E] -> 0x0000
[280] [M]: 0x000000008000053C (0x00000013) addi x0, x0, 0x0                         main+348

mem[X,0x0000000080000540] -> 0x2797
mem[X,0x0000000080000542] -> 0x0000
[281] [M]: 0x0000000080000540 (0x00002797) auipc x15, 0x2                           main+352
x15 <- 0x0000000080002540

clint mtime 0x000000000000008D (mip.MTI <- 0b1, mip.STI <- 0b0)
mem[X,0x0000000080000544] -> 0x8793
mem[X,0x0000000080000546] -> 0xAC07
[282] [M]: 0x0000000080000544 (0xAC078793) addi x15, x15, -0x540                    main+356
x15 <- 0x0000000080002000

mem[X,0x0000000080000548] -> 0x0001
[283] [M]: 0x0000000080000548 (0x0001) c.nop                                        main+360

clint mtime 0x000000000000008E (mip.MTI <- 0b1, mip.STI <- 0b0)
mem[X,0x000000008000054A] -> 0x0013
mem[X,0x000000008000054C] -> 0x0000
[284] [M]: 0x000000008000054A (0x00000013) addi x0, x0, 0x0                         main+362

mem[X,0x000000008000054E] -> 0x0013
mem[X,0x0000000080000550] -> 0x0000
[285] [M]: 0x000000008000054E (0x00000013) addi x0, x0, 0x0                         main+366

clint mtime 0x000000000000008F (mip.MTI <- 0b1, mip.STI <- 0b0)
mem[X,0x0000000080000552] -> 0x0013
mem[X,0x0000000080000554] -> 0x0000
[286] [M]: 0x0000000080000552 (0x00000013) addi x0, x0, 0x0                         main+370

mem[X,0x0000000080000556] -> 0x0013
mem[X,0x0000000080000558] -> 0x0000
[287] [M]: 0x0000000080000556 (0x00000013) addi x0, x0, 0x0                         main+374

clint mtime 0x0000000000000090 (mip.MTI <- 0b1, mip.STI <- 0b0)
mem[X,0x000000008000055A] -> 0x0013
mem[X,0x000000008000055C] -> 0x0000
[288] [M]: 0x000000008000055A (0x00000013) addi x0, x0, 0x0                         main+378

mem[X,0x000000008000055E] -> 0x0001
[289] [M]: 0x000000008000055E (0x0001) c.nop                                        main+382

clint mtime 0x0000000000000091 (mip.MTI <- 0b1, mip.STI <- 0b0)
mem[X,0x0000000080000560] -> 0x0737
mem[X,0x0000000080000562] -> 0x0000
[290] [M]: 0x0000000080000560 (0x00000737) lui x14, 0x0                             main+384
x14 <- 0x0000000000000000

mem[X,0x0000000080000564] -> 0x0713
mem[X,0x0000000080000566] -> 0x0137
[291] [M]: 0x0000000080000564 (0x01370713) addi x14, x14, 0x13                      main+388
x14 <- 0x0000000000000013

clint mtime 0x0000000000000092 (mip.MTI <- 0b1, mip.STI <- 0b0)
mem[X,0x0000000080000568] -> 0x1713
mem[X,0x000000008000056A] -> 0x00B7
[292] [M]: 0x0000000080000568 (0x00B71713) slli x14, x14, 0xb                       main+392
x14 <- 0x0000000000009800

mem[X,0x000000008000056C] -> 0x0713
mem[X,0x000000008000056E] -> 0x0007
[293] [M]: 0x000000008000056C (0x00070713) addi x14, x14, 0x0                       main+396
x14 <- 0x0000000000009800

clint mtime 0x0000000000000093 (mip.MTI <- 0b1, mip.STI <- 0b0)
mem[X,0x0000000080000570] -> 0x1713
mem[X,0x0000000080000572] -> 0x00B7
[294] [M]: 0x0000000080000570 (0x00B71713) slli x14, x14, 0xb                       main+400
x14 <- 0x0000000004C00000

mem[X,0x0000000080000574] -> 0x0713
mem[X,0x0000000080000576] -> 0x0007
[295] [M]: 0x0000000080000574 (0x00070713) addi x14, x14, 0x0                       main+404
x14 <- 0x0000000004C00000

clint mtime 0x0000000000000094 (mip.MTI <- 0b1, mip.STI <- 0b0)
mem[X,0x0000000080000578] -> 0x1713
mem[X,0x000000008000057A] -> 0x00A7
[296] [M]: 0x0000000080000578 (0x00A71713) slli x14, x14, 0xa                       main+408
x14 <- 0x0000001300000000

mem[X,0x000000008000057C] -> 0x0713
mem[X,0x000000008000057E] -> 0x0137
[297] [M]: 0x000000008000057C (0x01370713) addi x14, x14, 0x13                      main+412
x14 <- 0x0000001300000013

clint mtime 0x0000000000000095 (mip.MTI <- 0b1, mip.STI <- 0b0)
mem[X,0x0000000080000580] -> 0xA023
mem[X,0x0000000080000582] -> 0x00E7
[298] [M]: 0x0000000080000580 (0x00E7A023) sw x14, 0x0(x15)                         main+416
mem[W,0x0000000080002000] <- 0x00000013

mem[X,0x0000000080000584] -> 0x0013
mem[X,0x0000000080000586] -> 0x0000
[299] [M]: 0x0000000080000584 (0x00000013) addi x0, x0, 0x0                         main+420

clint mtime 0x0000000000000096 (mip.MTI <- 0b1, mip.STI <- 0b0)
mem[X,0x0000000080000588] -> 0x0013
mem[X,0x000000008000058A] -> 0x0000
[300] [M]: 0x0000000080000588 (0x00000013) addi x0, x0, 0x0                         main+424

mem[X,0x000000008000058C] -> 0xA703
mem[X,0x000000008000058E] -> 0x0007
[301] [M]: 0x000000008000058C (0x0007A703) lw x14, 0x0(x15)                         main+428
mem[R,0x0000000080002000] -> 0x00000013
x14 <- 0x0000000000000013

clint mtime 0x0000000000000097 (mip.MTI <- 0b1, mip.STI <- 0b0)
mem[X,0x0000000080000590] -> 0x0013
mem[X,0x0000000080000592] -> 0x0000
[302] [M]: 0x0000000080000590 (0x00000013) addi x0, x0, 0x0                         main+432

mem[X,0x0000000080000594] -> 0x0013
mem[X,0x0000000080000596] -> 0x0000
[303] [M]: 0x0000000080000594 (0x00000013) addi x0, x0, 0x0                         main+436

clint mtime 0x0000000000000098 (mip.MTI <- 0b1, mip.STI <- 0b0)
mem[X,0x0000000080000598] -> 0xB023
mem[X,0x000000008000059A] -> 0x00E6
[304] [M]: 0x0000000080000598 (0x00E6B023) sd x14, 0x0(x13)                         main+440
mem[W,0x0000000080006218] <- 0x0000000000000013

mem[X,0x000000008000059C] -> 0x0113
mem[X,0x000000008000059E] -> 0x0000
[305] [M]: 0x000000008000059C (0x00000113) addi x2, x0, 0x0                         main+444
x2 <- 0x0000000000000000

clint mtime 0x0000000000000099 (mip.MTI <- 0b1, mip.STI <- 0b0)
mem[X,0x00000000800005A0] -> 0x0073
mem[X,0x00000000800005A2] -> 0x0000
[306] [M]: 0x00000000800005A0 (0x00000073) ecall                                    main+448
trapping from M to M to handle m-call
handling exc#m-call at priv M with tval 0x0000000000000000
CSR mstatus (0x300) <- 0x0000000A00001800
CSR mcause (0x342) <- 0x000000000000000B
CSR mtval (0x343) <- 0x0000000000000000
CSR mepc (0x341) <- 0x00000000800005A0

mem[X,0x0000000080002100] -> 0x006F
mem[X,0x0000000080002102] -> 0x1000
[307] [M]: 0x0000000080002100 (0x1000006F) jal x0, 0x100                            Mtrampoline+0

clint mtime 0x000000000000009A (mip.MTI <- 0b1, mip.STI <- 0b0)
mem[X,0x0000000080002200] -> 0x1173
mem[X,0x0000000080002202] -> 0x3401
[308] [M]: 0x0000000080002200 (0x34011173) csrrw x2, mscratch, x2                   trap_Mhandler+0
CSR mscratch (0x340) <- 0x0000000000000000
x2 <- 0x0000000080005000

mem[X,0x0000000080002204] -> 0x3423
mem[X,0x0000000080002206] -> 0x28B1
[309] [M]: 0x0000000080002204 (0x28B13423) sd x11, 0x288(x2)                        trap_Mhandler+4
mem[W,0x0000000080005288] <- 0x0000000000000000

clint mtime 0x000000000000009B (mip.MTI <- 0b1, mip.STI <- 0b0)
mem[X,0x0000000080002208] -> 0x05EF
mem[X,0x000000008000220A] -> 0x0B80
[310] [M]: 0x0000000080002208 (0x0B8005EF) jal x11, 0xb8                            trap_Mhandler+8
x11 <- 0x000000008000220C

mem[X,0x00000000800022C0] -> 0x3023
mem[X,0x00000000800022C2] -> 0x28A1
[311] [M]: 0x00000000800022C0 (0x28A13023) sd x10, 0x280(x2)                        common_Mhandler+0
mem[W,0x0000000080005280] <- 0x0000000000000001

clint mtime 0x000000000000009C (mip.MTI <- 0b1, mip.STI <- 0b0)
mem[X,0x00000000800022C4] -> 0x1573
mem[X,0x00000000800022C6] -> 0x3401
[312] [M]: 0x00000000800022C4 (0x34011573) csrrw x10, mscratch, x2                  common_Mhandler+4
CSR mscratch (0x340) <- 0x0000000080005000
x10 <- 0x0000000000000000

mem[X,0x00000000800022C8] -> 0x3823
mem[X,0x00000000800022CA] -> 0x28A1
[313] [M]: 0x00000000800022C8 (0x28A13823) sd x10, 0x290(x2)                        common_Mhandler+8
mem[W,0x0000000080005290] <- 0x0000000000000000

clint mtime 0x000000000000009D (mip.MTI <- 0b1, mip.STI <- 0b0)
mem[X,0x00000000800022CC] -> 0x3503
mem[X,0x00000000800022CE] -> 0x2301
[314] [M]: 0x00000000800022CC (0x23013503) ld x10, 0x230(x2)                        common_Mhandler+12
mem[R,0x0000000080005230] -> 0x00000000800022D4
x10 <- 0x00000000800022D4

mem[X,0x00000000800022D0] -> 0x0067
mem[X,0x00000000800022D2] -> 0x0005
[315] [M]: 0x00000000800022D0 (0x00050067) jalr x0, 0x0(x10)                        common_Mhandler+16

clint mtime 0x000000000000009E (mip.MTI <- 0b1, mip.STI <- 0b0)
mem[X,0x00000000800022D4] -> 0x3C23
mem[X,0x00000000800022D6] -> 0x2691
[316] [M]: 0x00000000800022D4 (0x26913C23) sd x9, 0x278(x2)                         common_Mentry+0
mem[W,0x0000000080005278] <- 0x00000000000000FE

mem[X,0x00000000800022D8] -> 0x3823
mem[X,0x00000000800022DA] -> 0x2681
[317] [M]: 0x00000000800022D8 (0x26813823) sd x8, 0x270(x2)                         common_Mentry+4
mem[W,0x0000000080005270] <- 0x0000000000007F76

clint mtime 0x000000000000009F (mip.MTI <- 0b1, mip.STI <- 0b0)
mem[X,0x00000000800022DC] -> 0x3423
mem[X,0x00000000800022DE] -> 0x2671
[318] [M]: 0x00000000800022DC (0x26713423) sd x7, 0x268(x2)                         common_Mentry+8
mem[W,0x0000000080005268] <- 0x00000000003FBB6F

mem[X,0x00000000800022E0] -> 0x3023
mem[X,0x00000000800022E2] -> 0x2661
[319] [M]: 0x00000000800022E0 (0x26613023) sd x6, 0x260(x2)                         common_Mentry+12
mem[W,0x0000000080005260] <- 0x000000001FDDB7D5

clint mtime 0x00000000000000A0 (mip.MTI <- 0b1, mip.STI <- 0b0)
mem[X,0x00000000800022E4] -> 0x2573
mem[X,0x00000000800022E6] -> 0x3420
[320] [M]: 0x00000000800022E4 (0x34202573) csrrs x10, mcause, x0                    spcl_M2mmode_test+0
CSR mcause (0x342) -> 0x000000000000000B
x10 <- 0x000000000000000B

mem[X,0x00000000800022E8] -> 0x04B7
mem[X,0x00000000800022EA] -> 0x8000
[321] [M]: 0x00000000800022E8 (0x800004B7) lui x9, -0x80000                         spcl_M2mmode_test+4
x9 <- 0xFFFFFFFF80000000

clint mtime 0x00000000000000A1 (mip.MTI <- 0b1, mip.STI <- 0b0)
mem[X,0x00000000800022EC] -> 0x8493
mem[X,0x00000000800022EE] -> 0x0004
[322] [M]: 0x00000000800022EC (0x00048493) addi x9, x9, 0x0                         spcl_M2mmode_test+8
x9 <- 0xFFFFFFFF80000000

mem[X,0x00000000800022F0] -> 0x9493
mem[X,0x00000000800022F2] -> 0x00B4
[323] [M]: 0x00000000800022F0 (0x00B49493) slli x9, x9, 0xb                         spcl_M2mmode_test+12
x9 <- 0xFFFFFC0000000000

clint mtime 0x00000000000000A2 (mip.MTI <- 0b1, mip.STI <- 0b0)
mem[X,0x00000000800022F4] -> 0x8493
mem[X,0x00000000800022F6] -> 0x0004
[324] [M]: 0x00000000800022F4 (0x00048493) addi x9, x9, 0x0                         spcl_M2mmode_test+16
x9 <- 0xFFFFFC0000000000

mem[X,0x00000000800022F8] -> 0x9493
mem[X,0x00000000800022FA] -> 0x00B4
[325] [M]: 0x00000000800022F8 (0x00B49493) slli x9, x9, 0xb                         spcl_M2mmode_test+20
x9 <- 0xFFE0000000000000

clint mtime 0x00000000000000A3 (mip.MTI <- 0b1, mip.STI <- 0b0)
mem[X,0x00000000800022FC] -> 0x8493
mem[X,0x00000000800022FE] -> 0x0034
[326] [M]: 0x00000000800022FC (0x00348493) addi x9, x9, 0x3                         spcl_M2mmode_test+24
x9 <- 0xFFE0000000000003

mem[X,0x0000000080002300] -> 0x9493
mem[X,0x0000000080002302] -> 0x00A4
[327] [M]: 0x0000000080002300 (0x00A49493) slli x9, x9, 0xa                         spcl_M2mmode_test+28
x9 <- 0x8000000000000C00

clint mtime 0x00000000000000A4 (mip.MTI <- 0b1, mip.STI <- 0b0)
mem[X,0x0000000080002304] -> 0x8493
mem[X,0x0000000080002306] -> 0x3FC4
[328] [M]: 0x0000000080002304 (0x3FC48493) addi x9, x9, 0x3fc                       spcl_M2mmode_test+32
x9 <- 0x8000000000000FFC

mem[X,0x0000000080002308] -> 0xF4B3
mem[X,0x000000008000230A] -> 0x00A4
[329] [M]: 0x0000000080002308 (0x00A4F4B3) and x9, x9, x10                          spcl_M2mmode_test+36
x9 <- 0x0000000000000008

clint mtime 0x00000000000000A5 (mip.MTI <- 0b1, mip.STI <- 0b0)
mem[X,0x000000008000230C] -> 0x8493
mem[X,0x000000008000230E] -> 0xFF84
[330] [M]: 0x000000008000230C (0xFF848493) addi x9, x9, -0x8                        spcl_M2mmode_test+40
x9 <- 0x0000000000000000

mem[X,0x0000000080002310] -> 0x9663
mem[X,0x0000000080002312] -> 0x0004
[331] [M]: 0x0000000080002310 (0x00049663) bne x9, x0, 0xc                          spcl_M2mmode_test+44

clint mtime 0x00000000000000A6 (mip.MTI <- 0b1, mip.STI <- 0b0)
mem[X,0x0000000080002314] -> 0x3383
mem[X,0x0000000080002316] -> 0x2901
[332] [M]: 0x0000000080002314 (0x29013383) ld x7, 0x290(x2)                         spcl_M2mmode_test+48
mem[R,0x0000000080005290] -> 0x0000000000000000
x7 <- 0x0000000000000000

mem[X,0x0000000080002318] -> 0x8263
mem[X,0x000000008000231A] -> 0x6E03
[333] [M]: 0x0000000080002318 (0x6E038263) beq x7, x0, 0x6e4                        spcl_M2mmode_test+52

clint mtime 0x00000000000000A7 (mip.MTI <- 0b1, mip.STI <- 0b0)
mem[X,0x00000000800029FC] -> 0x0493
mem[X,0x00000000800029FE] -> 0xFF55
[334] [M]: 0x00000000800029FC (0xFF550493) addi x9, x10, -0xb                       rtn2mmode+0
x9 <- 0x0000000000000000

mem[X,0x0000000080002A00] -> 0x8C63
mem[X,0x0000000080002A02] -> 0x0004
[335] [M]: 0x0000000080002A00 (0x00048C63) beq x9, x0, 0x18                         rtn2mmode+4

clint mtime 0x00000000000000A8 (mip.MTI <- 0b1, mip.STI <- 0b0)
mem[X,0x0000000080002A18] -> 0x23F3
mem[X,0x0000000080002A1A] -> 0x3410
[336] [M]: 0x0000000080002A18 (0x341023F3) csrrs x7, mepc, x0                       rtn_fm_mmode+0
CSR mepc (0x341) -> 0x00000000800005A0
x7 <- 0x00000000800005A0

mem[X,0x0000000080002A1C] -> 0x83B3
mem[X,0x0000000080002A1E] -> 0x0093
[337] [M]: 0x0000000080002A1C (0x009383B3) add x7, x7, x9                           rtn_fm_mmode+4
x7 <- 0x00000000800005A0

clint mtime 0x00000000000000A9 (mip.MTI <- 0b1, mip.STI <- 0b0)
mem[X,0x0000000080002A20] -> 0x3303
mem[X,0x0000000080002A22] -> 0x2601
[338] [M]: 0x0000000080002A20 (0x26013303) ld x6, 0x260(x2)                         rtn_fm_mmode+8
mem[R,0x0000000080005260] -> 0x000000001FDDB7D5
x6 <- 0x000000001FDDB7D5

mem[X,0x0000000080002A24] -> 0x3403
mem[X,0x0000000080002A26] -> 0x2701
[339] [M]: 0x0000000080002A24 (0x27013403) ld x8, 0x270(x2)                         rtn_fm_mmode+12
mem[R,0x0000000080005270] -> 0x0000000000007F76
x8 <- 0x0000000000007F76

clint mtime 0x00000000000000AA (mip.MTI <- 0b1, mip.STI <- 0b0)
mem[X,0x0000000080002A28] -> 0x3483
mem[X,0x0000000080002A2A] -> 0x2781
[340] [M]: 0x0000000080002A28 (0x27813483) ld x9, 0x278(x2)                         rtn_fm_mmode+16
mem[R,0x0000000080005278] -> 0x00000000000000FE
x9 <- 0x00000000000000FE

mem[X,0x0000000080002A2C] -> 0x3503
mem[X,0x0000000080002A2E] -> 0x2801
[341] [M]: 0x0000000080002A2C (0x28013503) ld x10, 0x280(x2)                        rtn_fm_mmode+20
mem[R,0x0000000080005280] -> 0x0000000000000001
x10 <- 0x0000000000000001

clint mtime 0x00000000000000AB (mip.MTI <- 0b1, mip.STI <- 0b0)
mem[X,0x0000000080002A30] -> 0x3583
mem[X,0x0000000080002A32] -> 0x2881
[342] [M]: 0x0000000080002A30 (0x28813583) ld x11, 0x288(x2)                        rtn_fm_mmode+24
mem[R,0x0000000080005288] -> 0x0000000000000000
x11 <- 0x0000000000000000

mem[X,0x0000000080002A34] -> 0x3103
mem[X,0x0000000080002A36] -> 0x2901
[343] [M]: 0x0000000080002A34 (0x29013103) ld x2, 0x290(x2)                         rtn_fm_mmode+28
mem[R,0x0000000080005290] -> 0x0000000000000000
x2 <- 0x0000000000000000

clint mtime 0x00000000000000AC (mip.MTI <- 0b1, mip.STI <- 0b0)
mem[X,0x0000000080002A38] -> 0x8067
mem[X,0x0000000080002A3A] -> 0x0043
[344] [M]: 0x0000000080002A38 (0x00438067) jalr x0, 0x4(x7)                         rtn_fm_mmode+32

mem[X,0x00000000800005A4] -> 0x0013
mem[X,0x00000000800005A6] -> 0x0000
[345] [M]: 0x00000000800005A4 (0x00000013) addi x0, x0, 0x0                         main+452

clint mtime 0x00000000000000AD (mip.MTI <- 0b1, mip.STI <- 0b0)
mem[X,0x00000000800005A8] -> 0x0013
mem[X,0x00000000800005AA] -> 0x0000
[346] [M]: 0x00000000800005A8 (0x00000013) addi x0, x0, 0x0                         main+456

mem[X,0x00000000800005AC] -> 0x0013
mem[X,0x00000000800005AE] -> 0x0000
[347] [M]: 0x00000000800005AC (0x00000013) addi x0, x0, 0x0                         main+460

clint mtime 0x00000000000000AE (mip.MTI <- 0b1, mip.STI <- 0b0)
mem[X,0x00000000800005B0] -> 0x0013
mem[X,0x00000000800005B2] -> 0x0000
[348] [M]: 0x00000000800005B0 (0x00000013) addi x0, x0, 0x0                         main+464

mem[X,0x00000000800005B4] -> 0x0013
mem[X,0x00000000800005B6] -> 0x0000
[349] [M]: 0x00000000800005B4 (0x00000013) addi x0, x0, 0x0                         main+468

clint mtime 0x00000000000000AF (mip.MTI <- 0b1, mip.STI <- 0b0)
mem[X,0x00000000800005B8] -> 0x0013
mem[X,0x00000000800005BA] -> 0x0000
[350] [M]: 0x00000000800005B8 (0x00000013) addi x0, x0, 0x0                         main+472

mem[X,0x00000000800005BC] -> 0x0013
mem[X,0x00000000800005BE] -> 0x0000
[351] [M]: 0x00000000800005BC (0x00000013) addi x0, x0, 0x0                         main+476

clint mtime 0x00000000000000B0 (mip.MTI <- 0b1, mip.STI <- 0b0)
mem[X,0x00000000800005C0] -> 0x12B7
mem[X,0x00000000800005C2] -> 0x2000
[352] [M]: 0x00000000800005C0 (0x200012B7) lui x5, 0x20001                          main+480
x5 <- 0x0000000020001000

mem[X,0x00000000800005C4] -> 0x829B
mem[X,0x00000000800005C6] -> 0x8002
[353] [M]: 0x00000000800005C4 (0x8002829B) addiw x5, x5, -0x800                     main+484
x5 <- 0x0000000020000800

clint mtime 0x00000000000000B1 (mip.MTI <- 0b1, mip.STI <- 0b0)
mem[X,0x00000000800005C8] -> 0x0001
[354] [M]: 0x00000000800005C8 (0x0001) c.nop                                        main+488

mem[X,0x00000000800005CA] -> 0x0013
mem[X,0x00000000800005CC] -> 0x0000
[355] [M]: 0x00000000800005CA (0x00000013) addi x0, x0, 0x0                         main+490

clint mtime 0x00000000000000B2 (mip.MTI <- 0b1, mip.STI <- 0b0)
mem[X,0x00000000800005CE] -> 0x0013
mem[X,0x00000000800005D0] -> 0x0000
[356] [M]: 0x00000000800005CE (0x00000013) addi x0, x0, 0x0                         main+494

mem[X,0x00000000800005D2] -> 0x0013
mem[X,0x00000000800005D4] -> 0x0000
[357] [M]: 0x00000000800005D2 (0x00000013) addi x0, x0, 0x0                         main+498

clint mtime 0x00000000000000B3 (mip.MTI <- 0b1, mip.STI <- 0b0)
mem[X,0x00000000800005D6] -> 0x0013
mem[X,0x00000000800005D8] -> 0x0000
[358] [M]: 0x00000000800005D6 (0x00000013) addi x0, x0, 0x0                         main+502

mem[X,0x00000000800005DA] -> 0x0013
mem[X,0x00000000800005DC] -> 0x0000
[359] [M]: 0x00000000800005DA (0x00000013) addi x0, x0, 0x0                         main+506

clint mtime 0x00000000000000B4 (mip.MTI <- 0b1, mip.STI <- 0b0)
mem[X,0x00000000800005DE] -> 0x0001
[360] [M]: 0x00000000800005DE (0x0001) c.nop                                        main+510

mem[X,0x00000000800005E0] -> 0x9073
mem[X,0x00000000800005E2] -> 0x3BD2
[361] [M]: 0x00000000800005E0 (0x3BD29073) csrrw x0, pmpaddr13, x5                  main+512
CSR pmpaddr13 (0x3BD) <- 0x0000000020000800

clint mtime 0x00000000000000B5 (mip.MTI <- 0b1, mip.STI <- 0b0)
mem[X,0x00000000800005E4] -> 0x0213
mem[X,0x00000000800005E6] -> 0x0010
[362] [M]: 0x00000000800005E4 (0x00100213) addi x4, x0, 0x1                         main+516
x4 <- 0x0000000000000001

mem[X,0x00000000800005E8] -> 0x1213
mem[X,0x00000000800005EA] -> 0x02F2
[363] [M]: 0x00000000800005E8 (0x02F21213) slli x4, x4, 0x2f                        main+520
x4 <- 0x0000800000000000

clint mtime 0x00000000000000B6 (mip.MTI <- 0b1, mip.STI <- 0b0)
mem[X,0x00000000800005EC] -> 0x1073
mem[X,0x00000000800005EE] -> 0x3A22
[364] [M]: 0x00000000800005EC (0x3A221073) csrrw x0, pmpcfg2, x4                    main+524
CSR pmpcfg2 (0x3A2) <- 0x9F80800000000000

mem[X,0x00000000800005F0] -> 0x0013
mem[X,0x00000000800005F2] -> 0x0000
[365] [M]: 0x00000000800005F0 (0x00000013) addi x0, x0, 0x0                         main+528

clint mtime 0x00000000000000B7 (mip.MTI <- 0b1, mip.STI <- 0b0)
mem[X,0x00000000800005F4] -> 0x0013
mem[X,0x00000000800005F6] -> 0x0000
[366] [M]: 0x00000000800005F4 (0x00000013) addi x0, x0, 0x0                         main+532

mem[X,0x00000000800005F8] -> 0x0013
mem[X,0x00000000800005FA] -> 0x0000
[367] [M]: 0x00000000800005F8 (0x00000013) addi x0, x0, 0x0                         main+536

clint mtime 0x00000000000000B8 (mip.MTI <- 0b1, mip.STI <- 0b0)
mem[X,0x00000000800005FC] -> 0x0013
mem[X,0x00000000800005FE] -> 0x0000
[368] [M]: 0x00000000800005FC (0x00000013) addi x0, x0, 0x0                         main+540

mem[X,0x0000000080000600] -> 0x2717
mem[X,0x0000000080000602] -> 0x0000
[369] [M]: 0x0000000080000600 (0x00002717) auipc x14, 0x2                           main+544
x14 <- 0x0000000080002600

clint mtime 0x00000000000000B9 (mip.MTI <- 0b1, mip.STI <- 0b0)
mem[X,0x0000000080000604] -> 0x0713
mem[X,0x0000000080000606] -> 0xA007
[370] [M]: 0x0000000080000604 (0xA0070713) addi x14, x14, -0x600                    main+548
x14 <- 0x0000000080002000

mem[X,0x0000000080000608] -> 0x0001
[371] [M]: 0x0000000080000608 (0x0001) c.nop                                        main+552

clint mtime 0x00000000000000BA (mip.MTI <- 0b1, mip.STI <- 0b0)
mem[X,0x000000008000060A] -> 0x0013
mem[X,0x000000008000060C] -> 0x0000
[372] [M]: 0x000000008000060A (0x00000013) addi x0, x0, 0x0                         main+554

mem[X,0x000000008000060E] -> 0x0013
mem[X,0x0000000080000610] -> 0x0000
[373] [M]: 0x000000008000060E (0x00000013) addi x0, x0, 0x0                         main+558

clint mtime 0x00000000000000BB (mip.MTI <- 0b1, mip.STI <- 0b0)
mem[X,0x0000000080000612] -> 0x0013
mem[X,0x0000000080000614] -> 0x0000
[374] [M]: 0x0000000080000612 (0x00000013) addi x0, x0, 0x0                         main+562

mem[X,0x0000000080000616] -> 0x0013
mem[X,0x0000000080000618] -> 0x0000
[375] [M]: 0x0000000080000616 (0x00000013) addi x0, x0, 0x0                         main+566

clint mtime 0x00000000000000BC (mip.MTI <- 0b1, mip.STI <- 0b0)
mem[X,0x000000008000061A] -> 0x0013
mem[X,0x000000008000061C] -> 0x0000
[376] [M]: 0x000000008000061A (0x00000013) addi x0, x0, 0x0                         main+570

mem[X,0x000000008000061E] -> 0x0001
[377] [M]: 0x000000008000061E (0x0001) c.nop                                        main+574

clint mtime 0x00000000000000BD (mip.MTI <- 0b1, mip.STI <- 0b0)
mem[X,0x0000000080000620] -> 0x51B7
mem[X,0x0000000080000622] -> 0x0000
[378] [M]: 0x0000000080000620 (0x000051B7) lui x3, 0x5                              main+576
x3 <- 0x0000000000005000

mem[X,0x0000000080000624] -> 0x8193
mem[X,0x0000000080000626] -> 0x6671
[379] [M]: 0x0000000080000624 (0x66718193) addi x3, x3, 0x667                       main+580
x3 <- 0x0000000000005667

clint mtime 0x00000000000000BE (mip.MTI <- 0b1, mip.STI <- 0b0)
mem[X,0x0000000080000628] -> 0x9193
mem[X,0x000000008000062A] -> 0x0011
[380] [M]: 0x0000000080000628 (0x00119193) slli x3, x3, 0x1                         main+584
x3 <- 0x000000000000ACCE

mem[X,0x000000008000062C] -> 0x0013
mem[X,0x000000008000062E] -> 0x0000
[381] [M]: 0x000000008000062C (0x00000013) addi x0, x0, 0x0                         main+588

clint mtime 0x00000000000000BF (mip.MTI <- 0b1, mip.STI <- 0b0)
mem[X,0x0000000080000630] -> 0x0013
mem[X,0x0000000080000632] -> 0x0000
[382] [M]: 0x0000000080000630 (0x00000013) addi x0, x0, 0x0                         main+592

mem[X,0x0000000080000634] -> 0x0013
mem[X,0x0000000080000636] -> 0x0000
[383] [M]: 0x0000000080000634 (0x00000013) addi x0, x0, 0x0                         main+596

clint mtime 0x00000000000000C0 (mip.MTI <- 0b1, mip.STI <- 0b0)
mem[X,0x0000000080000638] -> 0x0013
mem[X,0x000000008000063A] -> 0x0000
[384] [M]: 0x0000000080000638 (0x00000013) addi x0, x0, 0x0                         main+600

mem[X,0x000000008000063C] -> 0x0013
mem[X,0x000000008000063E] -> 0x0000
[385] [M]: 0x000000008000063C (0x00000013) addi x0, x0, 0x0                         main+604

clint mtime 0x00000000000000C1 (mip.MTI <- 0b1, mip.STI <- 0b0)
mem[X,0x0000000080000640] -> 0x0217
mem[X,0x0000000080000642] -> 0x0000
[386] [M]: 0x0000000080000640 (0x00000217) auipc x4, 0x0                            main+608
x4 <- 0x0000000080000640

mem[X,0x0000000080000644] -> 0x0213
mem[X,0x0000000080000646] -> 0x02C2
[387] [M]: 0x0000000080000644 (0x02C20213) addi x4, x4, 0x2c                        main+612
x4 <- 0x000000008000066C

clint mtime 0x00000000000000C2 (mip.MTI <- 0b1, mip.STI <- 0b0)
mem[X,0x0000000080000648] -> 0x0001
[388] [M]: 0x0000000080000648 (0x0001) c.nop                                        main+616

mem[X,0x000000008000064A] -> 0x0013
mem[X,0x000000008000064C] -> 0x0000
[389] [M]: 0x000000008000064A (0x00000013) addi x0, x0, 0x0                         main+618

clint mtime 0x00000000000000C3 (mip.MTI <- 0b1, mip.STI <- 0b0)
mem[X,0x000000008000064E] -> 0x0013
mem[X,0x0000000080000650] -> 0x0000
[390] [M]: 0x000000008000064E (0x00000013) addi x0, x0, 0x0                         main+622

mem[X,0x0000000080000652] -> 0x0013
mem[X,0x0000000080000654] -> 0x0000
[391] [M]: 0x0000000080000652 (0x00000013) addi x0, x0, 0x0                         main+626

clint mtime 0x00000000000000C4 (mip.MTI <- 0b1, mip.STI <- 0b0)
mem[X,0x0000000080000656] -> 0x0013
mem[X,0x0000000080000658] -> 0x0000
[392] [M]: 0x0000000080000656 (0x00000013) addi x0, x0, 0x0                         main+630

mem[X,0x000000008000065A] -> 0x0013
mem[X,0x000000008000065C] -> 0x0000
[393] [M]: 0x000000008000065A (0x00000013) addi x0, x0, 0x0                         main+634

clint mtime 0x00000000000000C5 (mip.MTI <- 0b1, mip.STI <- 0b0)
mem[X,0x000000008000065E] -> 0x0001
[394] [M]: 0x000000008000065E (0x0001) c.nop                                        main+638

mem[X,0x0000000080000660] -> 0x00E7
mem[X,0x0000000080000662] -> 0x0007
[395] [M]: 0x0000000080000660 (0x000700E7) jalr x1, 0x0(x14)                        main+640
x1 <- 0x0000000080000664

clint mtime 0x00000000000000C6 (mip.MTI <- 0b1, mip.STI <- 0b0)
mem[X,0x0000000080002000] -> 0x0013
mem[X,0x0000000080002002] -> 0x0000
[396] [M]: 0x0000000080002000 (0x00000013) addi x0, x0, 0x0                         TEST_FOR_EXECUTION+0

mem[X,0x0000000080002004] -> 0x0013
mem[X,0x0000000080002006] -> 0x0000
[397] [M]: 0x0000000080002004 (0x00000013) addi x0, x0, 0x0                         TEST_FOR_EXECUTION+4

clint mtime 0x00000000000000C7 (mip.MTI <- 0b1, mip.STI <- 0b0)
mem[X,0x0000000080002008] -> 0x0013
mem[X,0x000000008000200A] -> 0x0000
[398] [M]: 0x0000000080002008 (0x00000013) addi x0, x0, 0x0                         RETURN_INSTRUCTION+0

mem[X,0x000000008000200C] -> 0x0013
mem[X,0x000000008000200E] -> 0x0000
[399] [M]: 0x000000008000200C (0x00000013) addi x0, x0, 0x0                         RETURN_INSTRUCTION+4

clint mtime 0x00000000000000C8 (mip.MTI <- 0b1, mip.STI <- 0b0)
mem[X,0x0000000080002010] -> 0x8067
mem[X,0x0000000080002012] -> 0x0000
[400] [M]: 0x0000000080002010 (0x00008067) jalr x0, 0x0(x1)                         RETURN_INSTRUCTION+8

mem[X,0x0000000080000664] -> 0x0013
mem[X,0x0000000080000666] -> 0x0000
[401] [M]: 0x0000000080000664 (0x00000013) addi x0, x0, 0x0                         main+644

clint mtime 0x00000000000000C9 (mip.MTI <- 0b1, mip.STI <- 0b0)
mem[X,0x0000000080000668] -> 0x0013
mem[X,0x000000008000066A] -> 0x0000
[402] [M]: 0x0000000080000668 (0x00000013) addi x0, x0, 0x0                         main+648

mem[X,0x000000008000066C] -> 0x0013
mem[X,0x000000008000066E] -> 0x0000
[403] [M]: 0x000000008000066C (0x00000013) addi x0, x0, 0x0                         main+652

clint mtime 0x00000000000000CA (mip.MTI <- 0b1, mip.STI <- 0b0)
mem[X,0x0000000080000670] -> 0x0013
mem[X,0x0000000080000672] -> 0x0000
[404] [M]: 0x0000000080000670 (0x00000013) addi x0, x0, 0x0                         main+656

mem[X,0x0000000080000674] -> 0x0013
mem[X,0x0000000080000676] -> 0x0000
[405] [M]: 0x0000000080000674 (0x00000013) addi x0, x0, 0x0                         main+660

clint mtime 0x00000000000000CB (mip.MTI <- 0b1, mip.STI <- 0b0)
mem[X,0x0000000080000678] -> 0x0013
mem[X,0x000000008000067A] -> 0x0000
[406] [M]: 0x0000000080000678 (0x00000013) addi x0, x0, 0x0                         main+664

mem[X,0x000000008000067C] -> 0x0013
mem[X,0x000000008000067E] -> 0x0000
[407] [M]: 0x000000008000067C (0x00000013) addi x0, x0, 0x0                         main+668

clint mtime 0x00000000000000CC (mip.MTI <- 0b1, mip.STI <- 0b0)
mem[X,0x0000000080000680] -> 0x2797
mem[X,0x0000000080000682] -> 0x0000
[408] [M]: 0x0000000080000680 (0x00002797) auipc x15, 0x2                           main+672
x15 <- 0x0000000080002680

mem[X,0x0000000080000684] -> 0x8793
mem[X,0x0000000080000686] -> 0x9807
[409] [M]: 0x0000000080000684 (0x98078793) addi x15, x15, -0x680                    main+676
x15 <- 0x0000000080002000

clint mtime 0x00000000000000CD (mip.MTI <- 0b1, mip.STI <- 0b0)
mem[X,0x0000000080000688] -> 0x0001
[410] [M]: 0x0000000080000688 (0x0001) c.nop                                        main+680

mem[X,0x000000008000068A] -> 0x0013
mem[X,0x000000008000068C] -> 0x0000
[411] [M]: 0x000000008000068A (0x00000013) addi x0, x0, 0x0                         main+682

clint mtime 0x00000000000000CE (mip.MTI <- 0b1, mip.STI <- 0b0)
mem[X,0x000000008000068E] -> 0x0013
mem[X,0x0000000080000690] -> 0x0000
[412] [M]: 0x000000008000068E (0x00000013) addi x0, x0, 0x0                         main+686

mem[X,0x0000000080000692] -> 0x0013
mem[X,0x0000000080000694] -> 0x0000
[413] [M]: 0x0000000080000692 (0x00000013) addi x0, x0, 0x0                         main+690

clint mtime 0x00000000000000CF (mip.MTI <- 0b1, mip.STI <- 0b0)
mem[X,0x0000000080000696] -> 0x0013
mem[X,0x0000000080000698] -> 0x0000
[414] [M]: 0x0000000080000696 (0x00000013) addi x0, x0, 0x0                         main+694

mem[X,0x000000008000069A] -> 0x0013
mem[X,0x000000008000069C] -> 0x0000
[415] [M]: 0x000000008000069A (0x00000013) addi x0, x0, 0x0                         main+698

clint mtime 0x00000000000000D0 (mip.MTI <- 0b1, mip.STI <- 0b0)
mem[X,0x000000008000069E] -> 0x0001
[416] [M]: 0x000000008000069E (0x0001) c.nop                                        main+702

mem[X,0x00000000800006A0] -> 0x0737
mem[X,0x00000000800006A2] -> 0x0000
[417] [M]: 0x00000000800006A0 (0x00000737) lui x14, 0x0                             main+704
x14 <- 0x0000000000000000

clint mtime 0x00000000000000D1 (mip.MTI <- 0b1, mip.STI <- 0b0)
mem[X,0x00000000800006A4] -> 0x0713
mem[X,0x00000000800006A6] -> 0x0137
[418] [M]: 0x00000000800006A4 (0x01370713) addi x14, x14, 0x13                      main+708
x14 <- 0x0000000000000013

mem[X,0x00000000800006A8] -> 0x1713
mem[X,0x00000000800006AA] -> 0x00B7
[419] [M]: 0x00000000800006A8 (0x00B71713) slli x14, x14, 0xb                       main+712
x14 <- 0x0000000000009800

clint mtime 0x00000000000000D2 (mip.MTI <- 0b1, mip.STI <- 0b0)
mem[X,0x00000000800006AC] -> 0x0713
mem[X,0x00000000800006AE] -> 0x0007
[420] [M]: 0x00000000800006AC (0x00070713) addi x14, x14, 0x0                       main+716
x14 <- 0x0000000000009800

mem[X,0x00000000800006B0] -> 0x1713
mem[X,0x00000000800006B2] -> 0x00B7
[421] [M]: 0x00000000800006B0 (0x00B71713) slli x14, x14, 0xb                       main+720
x14 <- 0x0000000004C00000

clint mtime 0x00000000000000D3 (mip.MTI <- 0b1, mip.STI <- 0b0)
mem[X,0x00000000800006B4] -> 0x0713
mem[X,0x00000000800006B6] -> 0x0007
[422] [M]: 0x00000000800006B4 (0x00070713) addi x14, x14, 0x0                       main+724
x14 <- 0x0000000004C00000

mem[X,0x00000000800006B8] -> 0x1713
mem[X,0x00000000800006BA] -> 0x00A7
[423] [M]: 0x00000000800006B8 (0x00A71713) slli x14, x14, 0xa                       main+728
x14 <- 0x0000001300000000

clint mtime 0x00000000000000D4 (mip.MTI <- 0b1, mip.STI <- 0b0)
mem[X,0x00000000800006BC] -> 0x0713
mem[X,0x00000000800006BE] -> 0x0137
[424] [M]: 0x00000000800006BC (0x01370713) addi x14, x14, 0x13                      main+732
x14 <- 0x0000001300000013

mem[X,0x00000000800006C0] -> 0xA023
mem[X,0x00000000800006C2] -> 0x00E7
[425] [M]: 0x00000000800006C0 (0x00E7A023) sw x14, 0x0(x15)                         main+736
mem[W,0x0000000080002000] <- 0x00000013

clint mtime 0x00000000000000D5 (mip.MTI <- 0b1, mip.STI <- 0b0)
mem[X,0x00000000800006C4] -> 0x0013
mem[X,0x00000000800006C6] -> 0x0000
[426] [M]: 0x00000000800006C4 (0x00000013) addi x0, x0, 0x0                         main+740

mem[X,0x00000000800006C8] -> 0x0013
mem[X,0x00000000800006CA] -> 0x0000
[427] [M]: 0x00000000800006C8 (0x00000013) addi x0, x0, 0x0                         main+744

clint mtime 0x00000000000000D6 (mip.MTI <- 0b1, mip.STI <- 0b0)
mem[X,0x00000000800006CC] -> 0xA703
mem[X,0x00000000800006CE] -> 0x0007
[428] [M]: 0x00000000800006CC (0x0007A703) lw x14, 0x0(x15)                         main+748
mem[R,0x0000000080002000] -> 0x00000013
x14 <- 0x0000000000000013

mem[X,0x00000000800006D0] -> 0x0013
mem[X,0x00000000800006D2] -> 0x0000
[429] [M]: 0x00000000800006D0 (0x00000013) addi x0, x0, 0x0                         main+752

clint mtime 0x00000000000000D7 (mip.MTI <- 0b1, mip.STI <- 0b0)
mem[X,0x00000000800006D4] -> 0x0013
mem[X,0x00000000800006D6] -> 0x0000
[430] [M]: 0x00000000800006D4 (0x00000013) addi x0, x0, 0x0                         main+756

mem[X,0x00000000800006D8] -> 0xB423
mem[X,0x00000000800006DA] -> 0x00E6
[431] [M]: 0x00000000800006D8 (0x00E6B423) sd x14, 0x8(x13)                         main+760
mem[W,0x0000000080006220] <- 0x0000000000000013

clint mtime 0x00000000000000D8 (mip.MTI <- 0b1, mip.STI <- 0b0)
mem[X,0x00000000800006DC] -> 0x0113
mem[X,0x00000000800006DE] -> 0x0000
[432] [M]: 0x00000000800006DC (0x00000113) addi x2, x0, 0x0                         main+764
x2 <- 0x0000000000000000

mem[X,0x00000000800006E0] -> 0x0073
mem[X,0x00000000800006E2] -> 0x0000
[433] [M]: 0x00000000800006E0 (0x00000073) ecall                                    main+768
trapping from M to M to handle m-call
handling exc#m-call at priv M with tval 0x0000000000000000
CSR mstatus (0x300) <- 0x0000000A00001800
CSR mcause (0x342) <- 0x000000000000000B
CSR mtval (0x343) <- 0x0000000000000000
CSR mepc (0x341) <- 0x00000000800006E0

clint mtime 0x00000000000000D9 (mip.MTI <- 0b1, mip.STI <- 0b0)
mem[X,0x0000000080002100] -> 0x006F
mem[X,0x0000000080002102] -> 0x1000
[434] [M]: 0x0000000080002100 (0x1000006F) jal x0, 0x100                            Mtrampoline+0

mem[X,0x0000000080002200] -> 0x1173
mem[X,0x0000000080002202] -> 0x3401
[435] [M]: 0x0000000080002200 (0x34011173) csrrw x2, mscratch, x2                   trap_Mhandler+0
CSR mscratch (0x340) <- 0x0000000000000000
x2 <- 0x0000000080005000

clint mtime 0x00000000000000DA (mip.MTI <- 0b1, mip.STI <- 0b0)
mem[X,0x0000000080002204] -> 0x3423
mem[X,0x0000000080002206] -> 0x28B1
[436] [M]: 0x0000000080002204 (0x28B13423) sd x11, 0x288(x2)                        trap_Mhandler+4
mem[W,0x0000000080005288] <- 0x0000000000000000

mem[X,0x0000000080002208] -> 0x05EF
mem[X,0x000000008000220A] -> 0x0B80
[437] [M]: 0x0000000080002208 (0x0B8005EF) jal x11, 0xb8                            trap_Mhandler+8
x11 <- 0x000000008000220C

clint mtime 0x00000000000000DB (mip.MTI <- 0b1, mip.STI <- 0b0)
mem[X,0x00000000800022C0] -> 0x3023
mem[X,0x00000000800022C2] -> 0x28A1
[438] [M]: 0x00000000800022C0 (0x28A13023) sd x10, 0x280(x2)                        common_Mhandler+0
mem[W,0x0000000080005280] <- 0x0000000000000001

mem[X,0x00000000800022C4] -> 0x1573
mem[X,0x00000000800022C6] -> 0x3401
[439] [M]: 0x00000000800022C4 (0x34011573) csrrw x10, mscratch, x2                  common_Mhandler+4
CSR mscratch (0x340) <- 0x0000000080005000
x10 <- 0x0000000000000000

clint mtime 0x00000000000000DC (mip.MTI <- 0b1, mip.STI <- 0b0)
mem[X,0x00000000800022C8] -> 0x3823
mem[X,0x00000000800022CA] -> 0x28A1
[440] [M]: 0x00000000800022C8 (0x28A13823) sd x10, 0x290(x2)                        common_Mhandler+8
mem[W,0x0000000080005290] <- 0x0000000000000000

mem[X,0x00000000800022CC] -> 0x3503
mem[X,0x00000000800022CE] -> 0x2301
[441] [M]: 0x00000000800022CC (0x23013503) ld x10, 0x230(x2)                        common_Mhandler+12
mem[R,0x0000000080005230] -> 0x00000000800022D4
x10 <- 0x00000000800022D4

clint mtime 0x00000000000000DD (mip.MTI <- 0b1, mip.STI <- 0b0)
mem[X,0x00000000800022D0] -> 0x0067
mem[X,0x00000000800022D2] -> 0x0005
[442] [M]: 0x00000000800022D0 (0x00050067) jalr x0, 0x0(x10)                        common_Mhandler+16

mem[X,0x00000000800022D4] -> 0x3C23
mem[X,0x00000000800022D6] -> 0x2691
[443] [M]: 0x00000000800022D4 (0x26913C23) sd x9, 0x278(x2)                         common_Mentry+0
mem[W,0x0000000080005278] <- 0x00000000000000FE

clint mtime 0x00000000000000DE (mip.MTI <- 0b1, mip.STI <- 0b0)
mem[X,0x00000000800022D8] -> 0x3823
mem[X,0x00000000800022DA] -> 0x2681
[444] [M]: 0x00000000800022D8 (0x26813823) sd x8, 0x270(x2)                         common_Mentry+4
mem[W,0x0000000080005270] <- 0x0000000000007F76

mem[X,0x00000000800022DC] -> 0x3423
mem[X,0x00000000800022DE] -> 0x2671
[445] [M]: 0x00000000800022DC (0x26713423) sd x7, 0x268(x2)                         common_Mentry+8
mem[W,0x0000000080005268] <- 0x00000000800005A0

clint mtime 0x00000000000000DF (mip.MTI <- 0b1, mip.STI <- 0b0)
mem[X,0x00000000800022E0] -> 0x3023
mem[X,0x00000000800022E2] -> 0x2661
[446] [M]: 0x00000000800022E0 (0x26613023) sd x6, 0x260(x2)                         common_Mentry+12
mem[W,0x0000000080005260] <- 0x000000001FDDB7D5

mem[X,0x00000000800022E4] -> 0x2573
mem[X,0x00000000800022E6] -> 0x3420
[447] [M]: 0x00000000800022E4 (0x34202573) csrrs x10, mcause, x0                    spcl_M2mmode_test+0
CSR mcause (0x342) -> 0x000000000000000B
x10 <- 0x000000000000000B

clint mtime 0x00000000000000E0 (mip.MTI <- 0b1, mip.STI <- 0b0)
mem[X,0x00000000800022E8] -> 0x04B7
mem[X,0x00000000800022EA] -> 0x8000
[448] [M]: 0x00000000800022E8 (0x800004B7) lui x9, -0x80000                         spcl_M2mmode_test+4
x9 <- 0xFFFFFFFF80000000

mem[X,0x00000000800022EC] -> 0x8493
mem[X,0x00000000800022EE] -> 0x0004
[449] [M]: 0x00000000800022EC (0x00048493) addi x9, x9, 0x0                         spcl_M2mmode_test+8
x9 <- 0xFFFFFFFF80000000

clint mtime 0x00000000000000E1 (mip.MTI <- 0b1, mip.STI <- 0b0)
mem[X,0x00000000800022F0] -> 0x9493
mem[X,0x00000000800022F2] -> 0x00B4
[450] [M]: 0x00000000800022F0 (0x00B49493) slli x9, x9, 0xb                         spcl_M2mmode_test+12
x9 <- 0xFFFFFC0000000000

mem[X,0x00000000800022F4] -> 0x8493
mem[X,0x00000000800022F6] -> 0x0004
[451] [M]: 0x00000000800022F4 (0x00048493) addi x9, x9, 0x0                         spcl_M2mmode_test+16
x9 <- 0xFFFFFC0000000000

clint mtime 0x00000000000000E2 (mip.MTI <- 0b1, mip.STI <- 0b0)
mem[X,0x00000000800022F8] -> 0x9493
mem[X,0x00000000800022FA] -> 0x00B4
[452] [M]: 0x00000000800022F8 (0x00B49493) slli x9, x9, 0xb                         spcl_M2mmode_test+20
x9 <- 0xFFE0000000000000

mem[X,0x00000000800022FC] -> 0x8493
mem[X,0x00000000800022FE] -> 0x0034
[453] [M]: 0x00000000800022FC (0x00348493) addi x9, x9, 0x3                         spcl_M2mmode_test+24
x9 <- 0xFFE0000000000003

clint mtime 0x00000000000000E3 (mip.MTI <- 0b1, mip.STI <- 0b0)
mem[X,0x0000000080002300] -> 0x9493
mem[X,0x0000000080002302] -> 0x00A4
[454] [M]: 0x0000000080002300 (0x00A49493) slli x9, x9, 0xa                         spcl_M2mmode_test+28
x9 <- 0x8000000000000C00

mem[X,0x0000000080002304] -> 0x8493
mem[X,0x0000000080002306] -> 0x3FC4
[455] [M]: 0x0000000080002304 (0x3FC48493) addi x9, x9, 0x3fc                       spcl_M2mmode_test+32
x9 <- 0x8000000000000FFC

clint mtime 0x00000000000000E4 (mip.MTI <- 0b1, mip.STI <- 0b0)
mem[X,0x0000000080002308] -> 0xF4B3
mem[X,0x000000008000230A] -> 0x00A4
[456] [M]: 0x0000000080002308 (0x00A4F4B3) and x9, x9, x10                          spcl_M2mmode_test+36
x9 <- 0x0000000000000008

mem[X,0x000000008000230C] -> 0x8493
mem[X,0x000000008000230E] -> 0xFF84
[457] [M]: 0x000000008000230C (0xFF848493) addi x9, x9, -0x8                        spcl_M2mmode_test+40
x9 <- 0x0000000000000000

clint mtime 0x00000000000000E5 (mip.MTI <- 0b1, mip.STI <- 0b0)
mem[X,0x0000000080002310] -> 0x9663
mem[X,0x0000000080002312] -> 0x0004
[458] [M]: 0x0000000080002310 (0x00049663) bne x9, x0, 0xc                          spcl_M2mmode_test+44

mem[X,0x0000000080002314] -> 0x3383
mem[X,0x0000000080002316] -> 0x2901
[459] [M]: 0x0000000080002314 (0x29013383) ld x7, 0x290(x2)                         spcl_M2mmode_test+48
mem[R,0x0000000080005290] -> 0x0000000000000000
x7 <- 0x0000000000000000

clint mtime 0x00000000000000E6 (mip.MTI <- 0b1, mip.STI <- 0b0)
mem[X,0x0000000080002318] -> 0x8263
mem[X,0x000000008000231A] -> 0x6E03
[460] [M]: 0x0000000080002318 (0x6E038263) beq x7, x0, 0x6e4                        spcl_M2mmode_test+52

mem[X,0x00000000800029FC] -> 0x0493
mem[X,0x00000000800029FE] -> 0xFF55
[461] [M]: 0x00000000800029FC (0xFF550493) addi x9, x10, -0xb                       rtn2mmode+0
x9 <- 0x0000000000000000

clint mtime 0x00000000000000E7 (mip.MTI <- 0b1, mip.STI <- 0b0)
mem[X,0x0000000080002A00] -> 0x8C63
mem[X,0x0000000080002A02] -> 0x0004
[462] [M]: 0x0000000080002A00 (0x00048C63) beq x9, x0, 0x18                         rtn2mmode+4

mem[X,0x0000000080002A18] -> 0x23F3
mem[X,0x0000000080002A1A] -> 0x3410
[463] [M]: 0x0000000080002A18 (0x341023F3) csrrs x7, mepc, x0                       rtn_fm_mmode+0
CSR mepc (0x341) -> 0x00000000800006E0
x7 <- 0x00000000800006E0

clint mtime 0x00000000000000E8 (mip.MTI <- 0b1, mip.STI <- 0b0)
mem[X,0x0000000080002A1C] -> 0x83B3
mem[X,0x0000000080002A1E] -> 0x0093
[464] [M]: 0x0000000080002A1C (0x009383B3) add x7, x7, x9                           rtn_fm_mmode+4
x7 <- 0x00000000800006E0

mem[X,0x0000000080002A20] -> 0x3303
mem[X,0x0000000080002A22] -> 0x2601
[465] [M]: 0x0000000080002A20 (0x26013303) ld x6, 0x260(x2)                         rtn_fm_mmode+8
mem[R,0x0000000080005260] -> 0x000000001FDDB7D5
x6 <- 0x000000001FDDB7D5

clint mtime 0x00000000000000E9 (mip.MTI <- 0b1, mip.STI <- 0b0)
mem[X,0x0000000080002A24] -> 0x3403
mem[X,0x0000000080002A26] -> 0x2701
[466] [M]: 0x0000000080002A24 (0x27013403) ld x8, 0x270(x2)                         rtn_fm_mmode+12
mem[R,0x0000000080005270] -> 0x0000000000007F76
x8 <- 0x0000000000007F76

mem[X,0x0000000080002A28] -> 0x3483
mem[X,0x0000000080002A2A] -> 0x2781
[467] [M]: 0x0000000080002A28 (0x27813483) ld x9, 0x278(x2)                         rtn_fm_mmode+16
mem[R,0x0000000080005278] -> 0x00000000000000FE
x9 <- 0x00000000000000FE

clint mtime 0x00000000000000EA (mip.MTI <- 0b1, mip.STI <- 0b0)
mem[X,0x0000000080002A2C] -> 0x3503
mem[X,0x0000000080002A2E] -> 0x2801
[468] [M]: 0x0000000080002A2C (0x28013503) ld x10, 0x280(x2)                        rtn_fm_mmode+20
mem[R,0x0000000080005280] -> 0x0000000000000001
x10 <- 0x0000000000000001

mem[X,0x0000000080002A30] -> 0x3583
mem[X,0x0000000080002A32] -> 0x2881
[469] [M]: 0x0000000080002A30 (0x28813583) ld x11, 0x288(x2)                        rtn_fm_mmode+24
mem[R,0x0000000080005288] -> 0x0000000000000000
x11 <- 0x0000000000000000

clint mtime 0x00000000000000EB (mip.MTI <- 0b1, mip.STI <- 0b0)
mem[X,0x0000000080002A34] -> 0x3103
mem[X,0x0000000080002A36] -> 0x2901
[470] [M]: 0x0000000080002A34 (0x29013103) ld x2, 0x290(x2)                         rtn_fm_mmode+28
mem[R,0x0000000080005290] -> 0x0000000000000000
x2 <- 0x0000000000000000

mem[X,0x0000000080002A38] -> 0x8067
mem[X,0x0000000080002A3A] -> 0x0043
[471] [M]: 0x0000000080002A38 (0x00438067) jalr x0, 0x4(x7)                         rtn_fm_mmode+32

clint mtime 0x00000000000000EC (mip.MTI <- 0b1, mip.STI <- 0b0)
mem[X,0x00000000800006E4] -> 0x0013
mem[X,0x00000000800006E6] -> 0x0000
[472] [M]: 0x00000000800006E4 (0x00000013) addi x0, x0, 0x0                         main+772

mem[X,0x00000000800006E8] -> 0x0013
mem[X,0x00000000800006EA] -> 0x0000
[473] [M]: 0x00000000800006E8 (0x00000013) addi x0, x0, 0x0                         main+776

clint mtime 0x00000000000000ED (mip.MTI <- 0b1, mip.STI <- 0b0)
mem[X,0x00000000800006EC] -> 0x0013
mem[X,0x00000000800006EE] -> 0x0000
[474] [M]: 0x00000000800006EC (0x00000013) addi x0, x0, 0x0                         main+780

mem[X,0x00000000800006F0] -> 0x0013
mem[X,0x00000000800006F2] -> 0x0000
[475] [M]: 0x00000000800006F0 (0x00000013) addi x0, x0, 0x0                         main+784

clint mtime 0x00000000000000EE (mip.MTI <- 0b1, mip.STI <- 0b0)
mem[X,0x00000000800006F4] -> 0x0013
mem[X,0x00000000800006F6] -> 0x0000
[476] [M]: 0x00000000800006F4 (0x00000013) addi x0, x0, 0x0                         main+788

mem[X,0x00000000800006F8] -> 0x0013
mem[X,0x00000000800006FA] -> 0x0000
[477] [M]: 0x00000000800006F8 (0x00000013) addi x0, x0, 0x0                         main+792

clint mtime 0x00000000000000EF (mip.MTI <- 0b1, mip.STI <- 0b0)
mem[X,0x00000000800006FC] -> 0x0013
mem[X,0x00000000800006FE] -> 0x0000
[478] [M]: 0x00000000800006FC (0x00000013) addi x0, x0, 0x0                         main+796

mem[X,0x0000000080000700] -> 0x12B7
mem[X,0x0000000080000702] -> 0x2000
[479] [M]: 0x0000000080000700 (0x200012B7) lui x5, 0x20001                          main+800
x5 <- 0x0000000020001000

clint mtime 0x00000000000000F0 (mip.MTI <- 0b1, mip.STI <- 0b0)
mem[X,0x0000000080000704] -> 0x829B
mem[X,0x0000000080000706] -> 0x8002
[480] [M]: 0x0000000080000704 (0x8002829B) addiw x5, x5, -0x800                     main+804
x5 <- 0x0000000020000800

mem[X,0x0000000080000708] -> 0x0001
[481] [M]: 0x0000000080000708 (0x0001) c.nop                                        main+808

clint mtime 0x00000000000000F1 (mip.MTI <- 0b1, mip.STI <- 0b0)
mem[X,0x000000008000070A] -> 0x0013
mem[X,0x000000008000070C] -> 0x0000
[482] [M]: 0x000000008000070A (0x00000013) addi x0, x0, 0x0                         main+810

mem[X,0x000000008000070E] -> 0x0013
mem[X,0x0000000080000710] -> 0x0000
[483] [M]: 0x000000008000070E (0x00000013) addi x0, x0, 0x0                         main+814

clint mtime 0x00000000000000F2 (mip.MTI <- 0b1, mip.STI <- 0b0)
mem[X,0x0000000080000712] -> 0x0013
mem[X,0x0000000080000714] -> 0x0000
[484] [M]: 0x0000000080000712 (0x00000013) addi x0, x0, 0x0                         main+818

mem[X,0x0000000080000716] -> 0x0013
mem[X,0x0000000080000718] -> 0x0000
[485] [M]: 0x0000000080000716 (0x00000013) addi x0, x0, 0x0                         main+822

clint mtime 0x00000000000000F3 (mip.MTI <- 0b1, mip.STI <- 0b0)
mem[X,0x000000008000071A] -> 0x0013
mem[X,0x000000008000071C] -> 0x0000
[486] [M]: 0x000000008000071A (0x00000013) addi x0, x0, 0x0                         main+826

mem[X,0x000000008000071E] -> 0x0001
[487] [M]: 0x000000008000071E (0x0001) c.nop                                        main+830

clint mtime 0x00000000000000F4 (mip.MTI <- 0b1, mip.STI <- 0b0)
mem[X,0x0000000080000720] -> 0x9073
mem[X,0x0000000080000722] -> 0x3BC2
[488] [M]: 0x0000000080000720 (0x3BC29073) csrrw x0, pmpaddr12, x5                  main+832
CSR pmpaddr12 (0x3BC) <- 0x0000000020000800

mem[X,0x0000000080000724] -> 0x0213
mem[X,0x0000000080000726] -> 0x0010
[489] [M]: 0x0000000080000724 (0x00100213) addi x4, x0, 0x1                         main+836
x4 <- 0x0000000000000001

clint mtime 0x00000000000000F5 (mip.MTI <- 0b1, mip.STI <- 0b0)
mem[X,0x0000000080000728] -> 0x1213
mem[X,0x000000008000072A] -> 0x0272
[490] [M]: 0x0000000080000728 (0x02721213) slli x4, x4, 0x27                        main+840
x4 <- 0x0000008000000000

mem[X,0x000000008000072C] -> 0x1073
mem[X,0x000000008000072E] -> 0x3A22
[491] [M]: 0x000000008000072C (0x3A221073) csrrw x0, pmpcfg2, x4                    main+844
CSR pmpcfg2 (0x3A2) <- 0x9F80808000000000

clint mtime 0x00000000000000F6 (mip.MTI <- 0b1, mip.STI <- 0b0)
mem[X,0x0000000080000730] -> 0x0013
mem[X,0x0000000080000732] -> 0x0000
[492] [M]: 0x0000000080000730 (0x00000013) addi x0, x0, 0x0                         main+848

mem[X,0x0000000080000734] -> 0x0013
mem[X,0x0000000080000736] -> 0x0000
[493] [M]: 0x0000000080000734 (0x00000013) addi x0, x0, 0x0                         main+852

clint mtime 0x00000000000000F7 (mip.MTI <- 0b1, mip.STI <- 0b0)
mem[X,0x0000000080000738] -> 0x0013
mem[X,0x000000008000073A] -> 0x0000
[494] [M]: 0x0000000080000738 (0x00000013) addi x0, x0, 0x0                         main+856

mem[X,0x000000008000073C] -> 0x0013
mem[X,0x000000008000073E] -> 0x0000
[495] [M]: 0x000000008000073C (0x00000013) addi x0, x0, 0x0                         main+860

clint mtime 0x00000000000000F8 (mip.MTI <- 0b1, mip.STI <- 0b0)
mem[X,0x0000000080000740] -> 0x2717
mem[X,0x0000000080000742] -> 0x0000
[496] [M]: 0x0000000080000740 (0x00002717) auipc x14, 0x2                           main+864
x14 <- 0x0000000080002740

mem[X,0x0000000080000744] -> 0x0713
mem[X,0x0000000080000746] -> 0x8C07
[497] [M]: 0x0000000080000744 (0x8C070713) addi x14, x14, -0x740                    main+868
x14 <- 0x0000000080002000

clint mtime 0x00000000000000F9 (mip.MTI <- 0b1, mip.STI <- 0b0)
mem[X,0x0000000080000748] -> 0x0001
[498] [M]: 0x0000000080000748 (0x0001) c.nop                                        main+872

mem[X,0x000000008000074A] -> 0x0013
mem[X,0x000000008000074C] -> 0x0000
[499] [M]: 0x000000008000074A (0x00000013) addi x0, x0, 0x0                         main+874

clint mtime 0x00000000000000FA (mip.MTI <- 0b1, mip.STI <- 0b0)
mem[X,0x000000008000074E] -> 0x0013
mem[X,0x0000000080000750] -> 0x0000
[500] [M]: 0x000000008000074E (0x00000013) addi x0, x0, 0x0                         main+878

mem[X,0x0000000080000752] -> 0x0013
mem[X,0x0000000080000754] -> 0x0000
[501] [M]: 0x0000000080000752 (0x00000013) addi x0, x0, 0x0                         main+882

clint mtime 0x00000000000000FB (mip.MTI <- 0b1, mip.STI <- 0b0)
mem[X,0x0000000080000756] -> 0x0013
mem[X,0x0000000080000758] -> 0x0000
[502] [M]: 0x0000000080000756 (0x00000013) addi x0, x0, 0x0                         main+886

mem[X,0x000000008000075A] -> 0x0013
mem[X,0x000000008000075C] -> 0x0000
[503] [M]: 0x000000008000075A (0x00000013) addi x0, x0, 0x0                         main+890

clint mtime 0x00000000000000FC (mip.MTI <- 0b1, mip.STI <- 0b0)
mem[X,0x000000008000075E] -> 0x0001
[504] [M]: 0x000000008000075E (0x0001) c.nop                                        main+894

mem[X,0x0000000080000760] -> 0x51B7
mem[X,0x0000000080000762] -> 0x0000
[505] [M]: 0x0000000080000760 (0x000051B7) lui x3, 0x5                              main+896
x3 <- 0x0000000000005000

clint mtime 0x00000000000000FD (mip.MTI <- 0b1, mip.STI <- 0b0)
mem[X,0x0000000080000764] -> 0x8193
mem[X,0x0000000080000766] -> 0x6671
[506] [M]: 0x0000000080000764 (0x66718193) addi x3, x3, 0x667                       main+900
x3 <- 0x0000000000005667

mem[X,0x0000000080000768] -> 0x9193
mem[X,0x000000008000076A] -> 0x0011
[507] [M]: 0x0000000080000768 (0x00119193) slli x3, x3, 0x1                         main+904
x3 <- 0x000000000000ACCE

clint mtime 0x00000000000000FE (mip.MTI <- 0b1, mip.STI <- 0b0)
mem[X,0x000000008000076C] -> 0x0013
mem[X,0x000000008000076E] -> 0x0000
[508] [M]: 0x000000008000076C (0x00000013) addi x0, x0, 0x0                         main+908

mem[X,0x0000000080000770] -> 0x0013
mem[X,0x0000000080000772] -> 0x0000
[509] [M]: 0x0000000080000770 (0x00000013) addi x0, x0, 0x0                         main+912

clint mtime 0x00000000000000FF (mip.MTI <- 0b1, mip.STI <- 0b0)
mem[X,0x0000000080000774] -> 0x0013
mem[X,0x0000000080000776] -> 0x0000
[510] [M]: 0x0000000080000774 (0x00000013) addi x0, x0, 0x0                         main+916

mem[X,0x0000000080000778] -> 0x0013
mem[X,0x000000008000077A] -> 0x0000
[511] [M]: 0x0000000080000778 (0x00000013) addi x0, x0, 0x0                         main+920

clint mtime 0x0000000000000100 (mip.MTI <- 0b1, mip.STI <- 0b0)
mem[X,0x000000008000077C] -> 0x0013
mem[X,0x000000008000077E] -> 0x0000
[512] [M]: 0x000000008000077C (0x00000013) addi x0, x0, 0x0                         main+924

mem[X,0x0000000080000780] -> 0x0217
mem[X,0x0000000080000782] -> 0x0000
[513] [M]: 0x0000000080000780 (0x00000217) auipc x4, 0x0                            main+928
x4 <- 0x0000000080000780

clint mtime 0x0000000000000101 (mip.MTI <- 0b1, mip.STI <- 0b0)
mem[X,0x0000000080000784] -> 0x0213
mem[X,0x0000000080000786] -> 0x02C2
[514] [M]: 0x0000000080000784 (0x02C20213) addi x4, x4, 0x2c                        main+932
x4 <- 0x00000000800007AC

mem[X,0x0000000080000788] -> 0x0001
[515] [M]: 0x0000000080000788 (0x0001) c.nop                                        main+936

clint mtime 0x0000000000000102 (mip.MTI <- 0b1, mip.STI <- 0b0)
mem[X,0x000000008000078A] -> 0x0013
mem[X,0x000000008000078C] -> 0x0000
[516] [M]: 0x000000008000078A (0x00000013) addi x0, x0, 0x0                         main+938

mem[X,0x000000008000078E] -> 0x0013
mem[X,0x0000000080000790] -> 0x0000
[517] [M]: 0x000000008000078E (0x00000013) addi x0, x0, 0x0                         main+942

clint mtime 0x0000000000000103 (mip.MTI <- 0b1, mip.STI <- 0b0)
mem[X,0x0000000080000792] -> 0x0013
mem[X,0x0000000080000794] -> 0x0000
[518] [M]: 0x0000000080000792 (0x00000013) addi x0, x0, 0x0                         main+946

mem[X,0x0000000080000796] -> 0x0013
mem[X,0x0000000080000798] -> 0x0000
[519] [M]: 0x0000000080000796 (0x00000013) addi x0, x0, 0x0                         main+950

clint mtime 0x0000000000000104 (mip.MTI <- 0b1, mip.STI <- 0b0)
mem[X,0x000000008000079A] -> 0x0013
mem[X,0x000000008000079C] -> 0x0000
[520] [M]: 0x000000008000079A (0x00000013) addi x0, x0, 0x0                         main+954

mem[X,0x000000008000079E] -> 0x0001
[521] [M]: 0x000000008000079E (0x0001) c.nop                                        main+958

clint mtime 0x0000000000000105 (mip.MTI <- 0b1, mip.STI <- 0b0)
mem[X,0x00000000800007A0] -> 0x00E7
mem[X,0x00000000800007A2] -> 0x0007
[522] [M]: 0x00000000800007A0 (0x000700E7) jalr x1, 0x0(x14)                        main+960
x1 <- 0x00000000800007A4

mem[X,0x0000000080002000] -> 0x0013
mem[X,0x0000000080002002] -> 0x0000
[523] [M]: 0x0000000080002000 (0x00000013) addi x0, x0, 0x0                         TEST_FOR_EXECUTION+0

clint mtime 0x0000000000000106 (mip.MTI <- 0b1, mip.STI <- 0b0)
mem[X,0x0000000080002004] -> 0x0013
mem[X,0x0000000080002006] -> 0x0000
[524] [M]: 0x0000000080002004 (0x00000013) addi x0, x0, 0x0                         TEST_FOR_EXECUTION+4

mem[X,0x0000000080002008] -> 0x0013
mem[X,0x000000008000200A] -> 0x0000
[525] [M]: 0x0000000080002008 (0x00000013) addi x0, x0, 0x0                         RETURN_INSTRUCTION+0

clint mtime 0x0000000000000107 (mip.MTI <- 0b1, mip.STI <- 0b0)
mem[X,0x000000008000200C] -> 0x0013
mem[X,0x000000008000200E] -> 0x0000
[526] [M]: 0x000000008000200C (0x00000013) addi x0, x0, 0x0                         RETURN_INSTRUCTION+4

mem[X,0x0000000080002010] -> 0x8067
mem[X,0x0000000080002012] -> 0x0000
[527] [M]: 0x0000000080002010 (0x00008067) jalr x0, 0x0(x1)                         RETURN_INSTRUCTION+8

clint mtime 0x0000000000000108 (mip.MTI <- 0b1, mip.STI <- 0b0)
mem[X,0x00000000800007A4] -> 0x0013
mem[X,0x00000000800007A6] -> 0x0000
[528] [M]: 0x00000000800007A4 (0x00000013) addi x0, x0, 0x0                         main+964

mem[X,0x00000000800007A8] -> 0x0013
mem[X,0x00000000800007AA] -> 0x0000
[529] [M]: 0x00000000800007A8 (0x00000013) addi x0, x0, 0x0                         main+968

clint mtime 0x0000000000000109 (mip.MTI <- 0b1, mip.STI <- 0b0)
mem[X,0x00000000800007AC] -> 0x0013
mem[X,0x00000000800007AE] -> 0x0000
[530] [M]: 0x00000000800007AC (0x00000013) addi x0, x0, 0x0                         main+972

mem[X,0x00000000800007B0] -> 0x0013
mem[X,0x00000000800007B2] -> 0x0000
[531] [M]: 0x00000000800007B0 (0x00000013) addi x0, x0, 0x0                         main+976

clint mtime 0x000000000000010A (mip.MTI <- 0b1, mip.STI <- 0b0)
mem[X,0x00000000800007B4] -> 0x0013
mem[X,0x00000000800007B6] -> 0x0000
[532] [M]: 0x00000000800007B4 (0x00000013) addi x0, x0, 0x0                         main+980

mem[X,0x00000000800007B8] -> 0x0013
mem[X,0x00000000800007BA] -> 0x0000
[533] [M]: 0x00000000800007B8 (0x00000013) addi x0, x0, 0x0                         main+984

clint mtime 0x000000000000010B (mip.MTI <- 0b1, mip.STI <- 0b0)
mem[X,0x00000000800007BC] -> 0x0013
mem[X,0x00000000800007BE] -> 0x0000
[534] [M]: 0x00000000800007BC (0x00000013) addi x0, x0, 0x0                         main+988

mem[X,0x00000000800007C0] -> 0x2797
mem[X,0x00000000800007C2] -> 0x0000
[535] [M]: 0x00000000800007C0 (0x00002797) auipc x15, 0x2                           main+992
x15 <- 0x00000000800027C0

clint mtime 0x000000000000010C (mip.MTI <- 0b1, mip.STI <- 0b0)
mem[X,0x00000000800007C4] -> 0x8793
mem[X,0x00000000800007C6] -> 0x8407
[536] [M]: 0x00000000800007C4 (0x84078793) addi x15, x15, -0x7c0                    main+996
x15 <- 0x0000000080002000

mem[X,0x00000000800007C8] -> 0x0001
[537] [M]: 0x00000000800007C8 (0x0001) c.nop                                        main+1000

clint mtime 0x000000000000010D (mip.MTI <- 0b1, mip.STI <- 0b0)
mem[X,0x00000000800007CA] -> 0x0013
mem[X,0x00000000800007CC] -> 0x0000
[538] [M]: 0x00000000800007CA (0x00000013) addi x0, x0, 0x0                         main+1002

mem[X,0x00000000800007CE] -> 0x0013
mem[X,0x00000000800007D0] -> 0x0000
[539] [M]: 0x00000000800007CE (0x00000013) addi x0, x0, 0x0                         main+1006

clint mtime 0x000000000000010E (mip.MTI <- 0b1, mip.STI <- 0b0)
mem[X,0x00000000800007D2] -> 0x0013
mem[X,0x00000000800007D4] -> 0x0000
[540] [M]: 0x00000000800007D2 (0x00000013) addi x0, x0, 0x0                         main+1010

mem[X,0x00000000800007D6] -> 0x0013
mem[X,0x00000000800007D8] -> 0x0000
[541] [M]: 0x00000000800007D6 (0x00000013) addi x0, x0, 0x0                         main+1014

clint mtime 0x000000000000010F (mip.MTI <- 0b1, mip.STI <- 0b0)
mem[X,0x00000000800007DA] -> 0x0013
mem[X,0x00000000800007DC] -> 0x0000
[542] [M]: 0x00000000800007DA (0x00000013) addi x0, x0, 0x0                         main+1018

mem[X,0x00000000800007DE] -> 0x0001
[543] [M]: 0x00000000800007DE (0x0001) c.nop                                        main+1022

clint mtime 0x0000000000000110 (mip.MTI <- 0b1, mip.STI <- 0b0)
mem[X,0x00000000800007E0] -> 0x0737
mem[X,0x00000000800007E2] -> 0x0000
[544] [M]: 0x00000000800007E0 (0x00000737) lui x14, 0x0                             main+1024
x14 <- 0x0000000000000000

mem[X,0x00000000800007E4] -> 0x0713
mem[X,0x00000000800007E6] -> 0x0137
[545] [M]: 0x00000000800007E4 (0x01370713) addi x14, x14, 0x13                      main+1028
x14 <- 0x0000000000000013

clint mtime 0x0000000000000111 (mip.MTI <- 0b1, mip.STI <- 0b0)
mem[X,0x00000000800007E8] -> 0x1713
mem[X,0x00000000800007EA] -> 0x00B7
[546] [M]: 0x00000000800007E8 (0x00B71713) slli x14, x14, 0xb                       main+1032
x14 <- 0x0000000000009800

mem[X,0x00000000800007EC] -> 0x0713
mem[X,0x00000000800007EE] -> 0x0007
[547] [M]: 0x00000000800007EC (0x00070713) addi x14, x14, 0x0                       main+1036
x14 <- 0x0000000000009800

clint mtime 0x0000000000000112 (mip.MTI <- 0b1, mip.STI <- 0b0)
mem[X,0x00000000800007F0] -> 0x1713
mem[X,0x00000000800007F2] -> 0x00B7
[548] [M]: 0x00000000800007F0 (0x00B71713) slli x14, x14, 0xb                       main+1040
x14 <- 0x0000000004C00000

mem[X,0x00000000800007F4] -> 0x0713
mem[X,0x00000000800007F6] -> 0x0007
[549] [M]: 0x00000000800007F4 (0x00070713) addi x14, x14, 0x0                       main+1044
x14 <- 0x0000000004C00000

clint mtime 0x0000000000000113 (mip.MTI <- 0b1, mip.STI <- 0b0)
mem[X,0x00000000800007F8] -> 0x1713
mem[X,0x00000000800007FA] -> 0x00A7
[550] [M]: 0x00000000800007F8 (0x00A71713) slli x14, x14, 0xa                       main+1048
x14 <- 0x0000001300000000

mem[X,0x00000000800007FC] -> 0x0713
mem[X,0x00000000800007FE] -> 0x0137
[551] [M]: 0x00000000800007FC (0x01370713) addi x14, x14, 0x13                      main+1052
x14 <- 0x0000001300000013

clint mtime 0x0000000000000114 (mip.MTI <- 0b1, mip.STI <- 0b0)
mem[X,0x0000000080000800] -> 0xA023
mem[X,0x0000000080000802] -> 0x00E7
[552] [M]: 0x0000000080000800 (0x00E7A023) sw x14, 0x0(x15)                         main+1056
mem[W,0x0000000080002000] <- 0x00000013

mem[X,0x0000000080000804] -> 0x0013
mem[X,0x0000000080000806] -> 0x0000
[553] [M]: 0x0000000080000804 (0x00000013) addi x0, x0, 0x0                         main+1060

clint mtime 0x0000000000000115 (mip.MTI <- 0b1, mip.STI <- 0b0)
mem[X,0x0000000080000808] -> 0x0013
mem[X,0x000000008000080A] -> 0x0000
[554] [M]: 0x0000000080000808 (0x00000013) addi x0, x0, 0x0                         main+1064

mem[X,0x000000008000080C] -> 0xA703
mem[X,0x000000008000080E] -> 0x0007
[555] [M]: 0x000000008000080C (0x0007A703) lw x14, 0x0(x15)                         main+1068
mem[R,0x0000000080002000] -> 0x00000013
x14 <- 0x0000000000000013

clint mtime 0x0000000000000116 (mip.MTI <- 0b1, mip.STI <- 0b0)
mem[X,0x0000000080000810] -> 0x0013
mem[X,0x0000000080000812] -> 0x0000
[556] [M]: 0x0000000080000810 (0x00000013) addi x0, x0, 0x0                         main+1072

mem[X,0x0000000080000814] -> 0x0013
mem[X,0x0000000080000816] -> 0x0000
[557] [M]: 0x0000000080000814 (0x00000013) addi x0, x0, 0x0                         main+1076

clint mtime 0x0000000000000117 (mip.MTI <- 0b1, mip.STI <- 0b0)
mem[X,0x0000000080000818] -> 0xB823
mem[X,0x000000008000081A] -> 0x00E6
[558] [M]: 0x0000000080000818 (0x00E6B823) sd x14, 0x10(x13)                        main+1080
mem[W,0x0000000080006228] <- 0x0000000000000013

mem[X,0x000000008000081C] -> 0x0113
mem[X,0x000000008000081E] -> 0x0000
[559] [M]: 0x000000008000081C (0x00000113) addi x2, x0, 0x0                         main+1084
x2 <- 0x0000000000000000

clint mtime 0x0000000000000118 (mip.MTI <- 0b1, mip.STI <- 0b0)
mem[X,0x0000000080000820] -> 0x0073
mem[X,0x0000000080000822] -> 0x0000
[560] [M]: 0x0000000080000820 (0x00000073) ecall                                    main+1088
trapping from M to M to handle m-call
handling exc#m-call at priv M with tval 0x0000000000000000
CSR mstatus (0x300) <- 0x0000000A00001800
CSR mcause (0x342) <- 0x000000000000000B
CSR mtval (0x343) <- 0x0000000000000000
CSR mepc (0x341) <- 0x0000000080000820

mem[X,0x0000000080002100] -> 0x006F
mem[X,0x0000000080002102] -> 0x1000
[561] [M]: 0x0000000080002100 (0x1000006F) jal x0, 0x100                            Mtrampoline+0

clint mtime 0x0000000000000119 (mip.MTI <- 0b1, mip.STI <- 0b0)
mem[X,0x0000000080002200] -> 0x1173
mem[X,0x0000000080002202] -> 0x3401
[562] [M]: 0x0000000080002200 (0x34011173) csrrw x2, mscratch, x2                   trap_Mhandler+0
CSR mscratch (0x340) <- 0x0000000000000000
x2 <- 0x0000000080005000

mem[X,0x0000000080002204] -> 0x3423
mem[X,0x0000000080002206] -> 0x28B1
[563] [M]: 0x0000000080002204 (0x28B13423) sd x11, 0x288(x2)                        trap_Mhandler+4
mem[W,0x0000000080005288] <- 0x0000000000000000

clint mtime 0x000000000000011A (mip.MTI <- 0b1, mip.STI <- 0b0)
mem[X,0x0000000080002208] -> 0x05EF
mem[X,0x000000008000220A] -> 0x0B80
[564] [M]: 0x0000000080002208 (0x0B8005EF) jal x11, 0xb8                            trap_Mhandler+8
x11 <- 0x000000008000220C

mem[X,0x00000000800022C0] -> 0x3023
mem[X,0x00000000800022C2] -> 0x28A1
[565] [M]: 0x00000000800022C0 (0x28A13023) sd x10, 0x280(x2)                        common_Mhandler+0
mem[W,0x0000000080005280] <- 0x0000000000000001

clint mtime 0x000000000000011B (mip.MTI <- 0b1, mip.STI <- 0b0)
mem[X,0x00000000800022C4] -> 0x1573
mem[X,0x00000000800022C6] -> 0x3401
[566] [M]: 0x00000000800022C4 (0x34011573) csrrw x10, mscratch, x2                  common_Mhandler+4
CSR mscratch (0x340) <- 0x0000000080005000
x10 <- 0x0000000000000000

mem[X,0x00000000800022C8] -> 0x3823
mem[X,0x00000000800022CA] -> 0x28A1
[567] [M]: 0x00000000800022C8 (0x28A13823) sd x10, 0x290(x2)                        common_Mhandler+8
mem[W,0x0000000080005290] <- 0x0000000000000000

clint mtime 0x000000000000011C (mip.MTI <- 0b1, mip.STI <- 0b0)
mem[X,0x00000000800022CC] -> 0x3503
mem[X,0x00000000800022CE] -> 0x2301
[568] [M]: 0x00000000800022CC (0x23013503) ld x10, 0x230(x2)                        common_Mhandler+12
mem[R,0x0000000080005230] -> 0x00000000800022D4
x10 <- 0x00000000800022D4

mem[X,0x00000000800022D0] -> 0x0067
mem[X,0x00000000800022D2] -> 0x0005
[569] [M]: 0x00000000800022D0 (0x00050067) jalr x0, 0x0(x10)                        common_Mhandler+16

clint mtime 0x000000000000011D (mip.MTI <- 0b1, mip.STI <- 0b0)
mem[X,0x00000000800022D4] -> 0x3C23
mem[X,0x00000000800022D6] -> 0x2691
[570] [M]: 0x00000000800022D4 (0x26913C23) sd x9, 0x278(x2)                         common_Mentry+0
mem[W,0x0000000080005278] <- 0x00000000000000FE

mem[X,0x00000000800022D8] -> 0x3823
mem[X,0x00000000800022DA] -> 0x2681
[571] [M]: 0x00000000800022D8 (0x26813823) sd x8, 0x270(x2)                         common_Mentry+4
mem[W,0x0000000080005270] <- 0x0000000000007F76

clint mtime 0x000000000000011E (mip.MTI <- 0b1, mip.STI <- 0b0)
mem[X,0x00000000800022DC] -> 0x3423
mem[X,0x00000000800022DE] -> 0x2671
[572] [M]: 0x00000000800022DC (0x26713423) sd x7, 0x268(x2)                         common_Mentry+8
mem[W,0x0000000080005268] <- 0x00000000800006E0

mem[X,0x00000000800022E0] -> 0x3023
mem[X,0x00000000800022E2] -> 0x2661
[573] [M]: 0x00000000800022E0 (0x26613023) sd x6, 0x260(x2)                         common_Mentry+12
mem[W,0x0000000080005260] <- 0x000000001FDDB7D5

clint mtime 0x000000000000011F (mip.MTI <- 0b1, mip.STI <- 0b0)
mem[X,0x00000000800022E4] -> 0x2573
mem[X,0x00000000800022E6] -> 0x3420
[574] [M]: 0x00000000800022E4 (0x34202573) csrrs x10, mcause, x0                    spcl_M2mmode_test+0
CSR mcause (0x342) -> 0x000000000000000B
x10 <- 0x000000000000000B

mem[X,0x00000000800022E8] -> 0x04B7
mem[X,0x00000000800022EA] -> 0x8000
[575] [M]: 0x00000000800022E8 (0x800004B7) lui x9, -0x80000                         spcl_M2mmode_test+4
x9 <- 0xFFFFFFFF80000000

clint mtime 0x0000000000000120 (mip.MTI <- 0b1, mip.STI <- 0b0)
mem[X,0x00000000800022EC] -> 0x8493
mem[X,0x00000000800022EE] -> 0x0004
[576] [M]: 0x00000000800022EC (0x00048493) addi x9, x9, 0x0                         spcl_M2mmode_test+8
x9 <- 0xFFFFFFFF80000000

mem[X,0x00000000800022F0] -> 0x9493
mem[X,0x00000000800022F2] -> 0x00B4
[577] [M]: 0x00000000800022F0 (0x00B49493) slli x9, x9, 0xb                         spcl_M2mmode_test+12
x9 <- 0xFFFFFC0000000000

clint mtime 0x0000000000000121 (mip.MTI <- 0b1, mip.STI <- 0b0)
mem[X,0x00000000800022F4] -> 0x8493
mem[X,0x00000000800022F6] -> 0x0004
[578] [M]: 0x00000000800022F4 (0x00048493) addi x9, x9, 0x0                         spcl_M2mmode_test+16
x9 <- 0xFFFFFC0000000000

mem[X,0x00000000800022F8] -> 0x9493
mem[X,0x00000000800022FA] -> 0x00B4
[579] [M]: 0x00000000800022F8 (0x00B49493) slli x9, x9, 0xb                         spcl_M2mmode_test+20
x9 <- 0xFFE0000000000000

clint mtime 0x0000000000000122 (mip.MTI <- 0b1, mip.STI <- 0b0)
mem[X,0x00000000800022FC] -> 0x8493
mem[X,0x00000000800022FE] -> 0x0034
[580] [M]: 0x00000000800022FC (0x00348493) addi x9, x9, 0x3                         spcl_M2mmode_test+24
x9 <- 0xFFE0000000000003

mem[X,0x0000000080002300] -> 0x9493
mem[X,0x0000000080002302] -> 0x00A4
[581] [M]: 0x0000000080002300 (0x00A49493) slli x9, x9, 0xa                         spcl_M2mmode_test+28
x9 <- 0x8000000000000C00

clint mtime 0x0000000000000123 (mip.MTI <- 0b1, mip.STI <- 0b0)
mem[X,0x0000000080002304] -> 0x8493
mem[X,0x0000000080002306] -> 0x3FC4
[582] [M]: 0x0000000080002304 (0x3FC48493) addi x9, x9, 0x3fc                       spcl_M2mmode_test+32
x9 <- 0x8000000000000FFC

mem[X,0x0000000080002308] -> 0xF4B3
mem[X,0x000000008000230A] -> 0x00A4
[583] [M]: 0x0000000080002308 (0x00A4F4B3) and x9, x9, x10                          spcl_M2mmode_test+36
x9 <- 0x0000000000000008

clint mtime 0x0000000000000124 (mip.MTI <- 0b1, mip.STI <- 0b0)
mem[X,0x000000008000230C] -> 0x8493
mem[X,0x000000008000230E] -> 0xFF84
[584] [M]: 0x000000008000230C (0xFF848493) addi x9, x9, -0x8                        spcl_M2mmode_test+40
x9 <- 0x0000000000000000

mem[X,0x0000000080002310] -> 0x9663
mem[X,0x0000000080002312] -> 0x0004
[585] [M]: 0x0000000080002310 (0x00049663) bne x9, x0, 0xc                          spcl_M2mmode_test+44

clint mtime 0x0000000000000125 (mip.MTI <- 0b1, mip.STI <- 0b0)
mem[X,0x0000000080002314] -> 0x3383
mem[X,0x0000000080002316] -> 0x2901
[586] [M]: 0x0000000080002314 (0x29013383) ld x7, 0x290(x2)                         spcl_M2mmode_test+48
mem[R,0x0000000080005290] -> 0x0000000000000000
x7 <- 0x0000000000000000

mem[X,0x0000000080002318] -> 0x8263
mem[X,0x000000008000231A] -> 0x6E03
[587] [M]: 0x0000000080002318 (0x6E038263) beq x7, x0, 0x6e4                        spcl_M2mmode_test+52

clint mtime 0x0000000000000126 (mip.MTI <- 0b1, mip.STI <- 0b0)
mem[X,0x00000000800029FC] -> 0x0493
mem[X,0x00000000800029FE] -> 0xFF55
[588] [M]: 0x00000000800029FC (0xFF550493) addi x9, x10, -0xb                       rtn2mmode+0
x9 <- 0x0000000000000000

mem[X,0x0000000080002A00] -> 0x8C63
mem[X,0x0000000080002A02] -> 0x0004
[589] [M]: 0x0000000080002A00 (0x00048C63) beq x9, x0, 0x18                         rtn2mmode+4

clint mtime 0x0000000000000127 (mip.MTI <- 0b1, mip.STI <- 0b0)
mem[X,0x0000000080002A18] -> 0x23F3
mem[X,0x0000000080002A1A] -> 0x3410
[590] [M]: 0x0000000080002A18 (0x341023F3) csrrs x7, mepc, x0                       rtn_fm_mmode+0
CSR mepc (0x341) -> 0x0000000080000820
x7 <- 0x0000000080000820

mem[X,0x0000000080002A1C] -> 0x83B3
mem[X,0x0000000080002A1E] -> 0x0093
[591] [M]: 0x0000000080002A1C (0x009383B3) add x7, x7, x9                           rtn_fm_mmode+4
x7 <- 0x0000000080000820

clint mtime 0x0000000000000128 (mip.MTI <- 0b1, mip.STI <- 0b0)
mem[X,0x0000000080002A20] -> 0x3303
mem[X,0x0000000080002A22] -> 0x2601
[592] [M]: 0x0000000080002A20 (0x26013303) ld x6, 0x260(x2)                         rtn_fm_mmode+8
mem[R,0x0000000080005260] -> 0x000000001FDDB7D5
x6 <- 0x000000001FDDB7D5

mem[X,0x0000000080002A24] -> 0x3403
mem[X,0x0000000080002A26] -> 0x2701
[593] [M]: 0x0000000080002A24 (0x27013403) ld x8, 0x270(x2)                         rtn_fm_mmode+12
mem[R,0x0000000080005270] -> 0x0000000000007F76
x8 <- 0x0000000000007F76

clint mtime 0x0000000000000129 (mip.MTI <- 0b1, mip.STI <- 0b0)
mem[X,0x0000000080002A28] -> 0x3483
mem[X,0x0000000080002A2A] -> 0x2781
[594] [M]: 0x0000000080002A28 (0x27813483) ld x9, 0x278(x2)                         rtn_fm_mmode+16
mem[R,0x0000000080005278] -> 0x00000000000000FE
x9 <- 0x00000000000000FE

mem[X,0x0000000080002A2C] -> 0x3503
mem[X,0x0000000080002A2E] -> 0x2801
[595] [M]: 0x0000000080002A2C (0x28013503) ld x10, 0x280(x2)                        rtn_fm_mmode+20
mem[R,0x0000000080005280] -> 0x0000000000000001
x10 <- 0x0000000000000001

clint mtime 0x000000000000012A (mip.MTI <- 0b1, mip.STI <- 0b0)
mem[X,0x0000000080002A30] -> 0x3583
mem[X,0x0000000080002A32] -> 0x2881
[596] [M]: 0x0000000080002A30 (0x28813583) ld x11, 0x288(x2)                        rtn_fm_mmode+24
mem[R,0x0000000080005288] -> 0x0000000000000000
x11 <- 0x0000000000000000

mem[X,0x0000000080002A34] -> 0x3103
mem[X,0x0000000080002A36] -> 0x2901
[597] [M]: 0x0000000080002A34 (0x29013103) ld x2, 0x290(x2)                         rtn_fm_mmode+28
mem[R,0x0000000080005290] -> 0x0000000000000000
x2 <- 0x0000000000000000

clint mtime 0x000000000000012B (mip.MTI <- 0b1, mip.STI <- 0b0)
mem[X,0x0000000080002A38] -> 0x8067
mem[X,0x0000000080002A3A] -> 0x0043
[598] [M]: 0x0000000080002A38 (0x00438067) jalr x0, 0x4(x7)                         rtn_fm_mmode+32

mem[X,0x0000000080000824] -> 0x0013
mem[X,0x0000000080000826] -> 0x0000
[599] [M]: 0x0000000080000824 (0x00000013) addi x0, x0, 0x0                         main+1092

clint mtime 0x000000000000012C (mip.MTI <- 0b1, mip.STI <- 0b0)
mem[X,0x0000000080000828] -> 0x0013
mem[X,0x000000008000082A] -> 0x0000
[600] [M]: 0x0000000080000828 (0x00000013) addi x0, x0, 0x0                         main+1096

mem[X,0x000000008000082C] -> 0x0013
mem[X,0x000000008000082E] -> 0x0000
[601] [M]: 0x000000008000082C (0x00000013) addi x0, x0, 0x0                         main+1100

clint mtime 0x000000000000012D (mip.MTI <- 0b1, mip.STI <- 0b0)
mem[X,0x0000000080000830] -> 0x0013
mem[X,0x0000000080000832] -> 0x0000
[602] [M]: 0x0000000080000830 (0x00000013) addi x0, x0, 0x0                         main+1104

mem[X,0x0000000080000834] -> 0x0013
mem[X,0x0000000080000836] -> 0x0000
[603] [M]: 0x0000000080000834 (0x00000013) addi x0, x0, 0x0                         main+1108

clint mtime 0x000000000000012E (mip.MTI <- 0b1, mip.STI <- 0b0)
mem[X,0x0000000080000838] -> 0x0013
mem[X,0x000000008000083A] -> 0x0000
[604] [M]: 0x0000000080000838 (0x00000013) addi x0, x0, 0x0                         main+1112

mem[X,0x000000008000083C] -> 0x0013
mem[X,0x000000008000083E] -> 0x0000
[605] [M]: 0x000000008000083C (0x00000013) addi x0, x0, 0x0                         main+1116

clint mtime 0x000000000000012F (mip.MTI <- 0b1, mip.STI <- 0b0)
mem[X,0x0000000080000840] -> 0x12B7
mem[X,0x0000000080000842] -> 0x2000
[606] [M]: 0x0000000080000840 (0x200012B7) lui x5, 0x20001                          main+1120
x5 <- 0x0000000020001000

mem[X,0x0000000080000844] -> 0x829B
mem[X,0x0000000080000846] -> 0x8002
[607] [M]: 0x0000000080000844 (0x8002829B) addiw x5, x5, -0x800                     main+1124
x5 <- 0x0000000020000800

clint mtime 0x0000000000000130 (mip.MTI <- 0b1, mip.STI <- 0b0)
mem[X,0x0000000080000848] -> 0x0001
[608] [M]: 0x0000000080000848 (0x0001) c.nop                                        main+1128

mem[X,0x000000008000084A] -> 0x0013
mem[X,0x000000008000084C] -> 0x0000
[609] [M]: 0x000000008000084A (0x00000013) addi x0, x0, 0x0                         main+1130

clint mtime 0x0000000000000131 (mip.MTI <- 0b1, mip.STI <- 0b0)
mem[X,0x000000008000084E] -> 0x0013
mem[X,0x0000000080000850] -> 0x0000
[610] [M]: 0x000000008000084E (0x00000013) addi x0, x0, 0x0                         main+1134

mem[X,0x0000000080000852] -> 0x0013
mem[X,0x0000000080000854] -> 0x0000
[611] [M]: 0x0000000080000852 (0x00000013) addi x0, x0, 0x0                         main+1138

clint mtime 0x0000000000000132 (mip.MTI <- 0b1, mip.STI <- 0b0)
mem[X,0x0000000080000856] -> 0x0013
mem[X,0x0000000080000858] -> 0x0000
[612] [M]: 0x0000000080000856 (0x00000013) addi x0, x0, 0x0                         main+1142

mem[X,0x000000008000085A] -> 0x0013
mem[X,0x000000008000085C] -> 0x0000
[613] [M]: 0x000000008000085A (0x00000013) addi x0, x0, 0x0                         main+1146

clint mtime 0x0000000000000133 (mip.MTI <- 0b1, mip.STI <- 0b0)
mem[X,0x000000008000085E] -> 0x0001
[614] [M]: 0x000000008000085E (0x0001) c.nop                                        main+1150

mem[X,0x0000000080000860] -> 0x9073
mem[X,0x0000000080000862] -> 0x3BB2
[615] [M]: 0x0000000080000860 (0x3BB29073) csrrw x0, pmpaddr11, x5                  main+1152
CSR pmpaddr11 (0x3BB) <- 0x0000000020000800

clint mtime 0x0000000000000134 (mip.MTI <- 0b1, mip.STI <- 0b0)
mem[X,0x0000000080000864] -> 0x0213
mem[X,0x0000000080000866] -> 0x0010
[616] [M]: 0x0000000080000864 (0x00100213) addi x4, x0, 0x1                         main+1156
x4 <- 0x0000000000000001

mem[X,0x0000000080000868] -> 0x1213
mem[X,0x000000008000086A] -> 0x01F2
[617] [M]: 0x0000000080000868 (0x01F21213) slli x4, x4, 0x1f                        main+1160
x4 <- 0x0000000080000000

clint mtime 0x0000000000000135 (mip.MTI <- 0b1, mip.STI <- 0b0)
mem[X,0x000000008000086C] -> 0x1073
mem[X,0x000000008000086E] -> 0x3A22
[618] [M]: 0x000000008000086C (0x3A221073) csrrw x0, pmpcfg2, x4                    main+1164
CSR pmpcfg2 (0x3A2) <- 0x9F80808080000000

mem[X,0x0000000080000870] -> 0x0013
mem[X,0x0000000080000872] -> 0x0000
[619] [M]: 0x0000000080000870 (0x00000013) addi x0, x0, 0x0                         main+1168

clint mtime 0x0000000000000136 (mip.MTI <- 0b1, mip.STI <- 0b0)
mem[X,0x0000000080000874] -> 0x0013
mem[X,0x0000000080000876] -> 0x0000
[620] [M]: 0x0000000080000874 (0x00000013) addi x0, x0, 0x0                         main+1172

mem[X,0x0000000080000878] -> 0x0013
mem[X,0x000000008000087A] -> 0x0000
[621] [M]: 0x0000000080000878 (0x00000013) addi x0, x0, 0x0                         main+1176

clint mtime 0x0000000000000137 (mip.MTI <- 0b1, mip.STI <- 0b0)
mem[X,0x000000008000087C] -> 0x0013
mem[X,0x000000008000087E] -> 0x0000
[622] [M]: 0x000000008000087C (0x00000013) addi x0, x0, 0x0                         main+1180

mem[X,0x0000000080000880] -> 0x1717
mem[X,0x0000000080000882] -> 0x0000
[623] [M]: 0x0000000080000880 (0x00001717) auipc x14, 0x1                           main+1184
x14 <- 0x0000000080001880

clint mtime 0x0000000000000138 (mip.MTI <- 0b1, mip.STI <- 0b0)
mem[X,0x0000000080000884] -> 0x0713
mem[X,0x0000000080000886] -> 0x7807
[624] [M]: 0x0000000080000884 (0x78070713) addi x14, x14, 0x780                     main+1188
x14 <- 0x0000000080002000

mem[X,0x0000000080000888] -> 0x0001
[625] [M]: 0x0000000080000888 (0x0001) c.nop                                        main+1192

clint mtime 0x0000000000000139 (mip.MTI <- 0b1, mip.STI <- 0b0)
mem[X,0x000000008000088A] -> 0x0013
mem[X,0x000000008000088C] -> 0x0000
[626] [M]: 0x000000008000088A (0x00000013) addi x0, x0, 0x0                         main+1194

mem[X,0x000000008000088E] -> 0x0013
mem[X,0x0000000080000890] -> 0x0000
[627] [M]: 0x000000008000088E (0x00000013) addi x0, x0, 0x0                         main+1198

clint mtime 0x000000000000013A (mip.MTI <- 0b1, mip.STI <- 0b0)
mem[X,0x0000000080000892] -> 0x0013
mem[X,0x0000000080000894] -> 0x0000
[628] [M]: 0x0000000080000892 (0x00000013) addi x0, x0, 0x0                         main+1202

mem[X,0x0000000080000896] -> 0x0013
mem[X,0x0000000080000898] -> 0x0000
[629] [M]: 0x0000000080000896 (0x00000013) addi x0, x0, 0x0                         main+1206

clint mtime 0x000000000000013B (mip.MTI <- 0b1, mip.STI <- 0b0)
mem[X,0x000000008000089A] -> 0x0013
mem[X,0x000000008000089C] -> 0x0000
[630] [M]: 0x000000008000089A (0x00000013) addi x0, x0, 0x0                         main+1210

mem[X,0x000000008000089E] -> 0x0001
[631] [M]: 0x000000008000089E (0x0001) c.nop                                        main+1214

clint mtime 0x000000000000013C (mip.MTI <- 0b1, mip.STI <- 0b0)
mem[X,0x00000000800008A0] -> 0x51B7
mem[X,0x00000000800008A2] -> 0x0000
[632] [M]: 0x00000000800008A0 (0x000051B7) lui x3, 0x5                              main+1216
x3 <- 0x0000000000005000

mem[X,0x00000000800008A4] -> 0x8193
mem[X,0x00000000800008A6] -> 0x6671
[633] [M]: 0x00000000800008A4 (0x66718193) addi x3, x3, 0x667                       main+1220
x3 <- 0x0000000000005667

clint mtime 0x000000000000013D (mip.MTI <- 0b1, mip.STI <- 0b0)
mem[X,0x00000000800008A8] -> 0x9193
mem[X,0x00000000800008AA] -> 0x0011
[634] [M]: 0x00000000800008A8 (0x00119193) slli x3, x3, 0x1                         main+1224
x3 <- 0x000000000000ACCE

mem[X,0x00000000800008AC] -> 0x0013
mem[X,0x00000000800008AE] -> 0x0000
[635] [M]: 0x00000000800008AC (0x00000013) addi x0, x0, 0x0                         main+1228

clint mtime 0x000000000000013E (mip.MTI <- 0b1, mip.STI <- 0b0)
mem[X,0x00000000800008B0] -> 0x0013
mem[X,0x00000000800008B2] -> 0x0000
[636] [M]: 0x00000000800008B0 (0x00000013) addi x0, x0, 0x0                         main+1232

mem[X,0x00000000800008B4] -> 0x0013
mem[X,0x00000000800008B6] -> 0x0000
[637] [M]: 0x00000000800008B4 (0x00000013) addi x0, x0, 0x0                         main+1236

clint mtime 0x000000000000013F (mip.MTI <- 0b1, mip.STI <- 0b0)
mem[X,0x00000000800008B8] -> 0x0013
mem[X,0x00000000800008BA] -> 0x0000
[638] [M]: 0x00000000800008B8 (0x00000013) addi x0, x0, 0x0                         main+1240

mem[X,0x00000000800008BC] -> 0x0013
mem[X,0x00000000800008BE] -> 0x0000
[639] [M]: 0x00000000800008BC (0x00000013) addi x0, x0, 0x0                         main+1244

clint mtime 0x0000000000000140 (mip.MTI <- 0b1, mip.STI <- 0b0)
mem[X,0x00000000800008C0] -> 0x0217
mem[X,0x00000000800008C2] -> 0x0000
[640] [M]: 0x00000000800008C0 (0x00000217) auipc x4, 0x0                            main+1248
x4 <- 0x00000000800008C0

mem[X,0x00000000800008C4] -> 0x0213
mem[X,0x00000000800008C6] -> 0x02C2
[641] [M]: 0x00000000800008C4 (0x02C20213) addi x4, x4, 0x2c                        main+1252
x4 <- 0x00000000800008EC

clint mtime 0x0000000000000141 (mip.MTI <- 0b1, mip.STI <- 0b0)
mem[X,0x00000000800008C8] -> 0x0001
[642] [M]: 0x00000000800008C8 (0x0001) c.nop                                        main+1256

mem[X,0x00000000800008CA] -> 0x0013
mem[X,0x00000000800008CC] -> 0x0000
[643] [M]: 0x00000000800008CA (0x00000013) addi x0, x0, 0x0                         main+1258

clint mtime 0x0000000000000142 (mip.MTI <- 0b1, mip.STI <- 0b0)
mem[X,0x00000000800008CE] -> 0x0013
mem[X,0x00000000800008D0] -> 0x0000
[644] [M]: 0x00000000800008CE (0x00000013) addi x0, x0, 0x0                         main+1262

mem[X,0x00000000800008D2] -> 0x0013
mem[X,0x00000000800008D4] -> 0x0000
[645] [M]: 0x00000000800008D2 (0x00000013) addi x0, x0, 0x0                         main+1266

clint mtime 0x0000000000000143 (mip.MTI <- 0b1, mip.STI <- 0b0)
mem[X,0x00000000800008D6] -> 0x0013
mem[X,0x00000000800008D8] -> 0x0000
[646] [M]: 0x00000000800008D6 (0x00000013) addi x0, x0, 0x0                         main+1270

mem[X,0x00000000800008DA] -> 0x0013
mem[X,0x00000000800008DC] -> 0x0000
[647] [M]: 0x00000000800008DA (0x00000013) addi x0, x0, 0x0                         main+1274

clint mtime 0x0000000000000144 (mip.MTI <- 0b1, mip.STI <- 0b0)
mem[X,0x00000000800008DE] -> 0x0001
[648] [M]: 0x00000000800008DE (0x0001) c.nop                                        main+1278

mem[X,0x00000000800008E0] -> 0x00E7
mem[X,0x00000000800008E2] -> 0x0007
[649] [M]: 0x00000000800008E0 (0x000700E7) jalr x1, 0x0(x14)                        main+1280
x1 <- 0x00000000800008E4

clint mtime 0x0000000000000145 (mip.MTI <- 0b1, mip.STI <- 0b0)
mem[X,0x0000000080002000] -> 0x0013
mem[X,0x0000000080002002] -> 0x0000
[650] [M]: 0x0000000080002000 (0x00000013) addi x0, x0, 0x0                         TEST_FOR_EXECUTION+0

mem[X,0x0000000080002004] -> 0x0013
mem[X,0x0000000080002006] -> 0x0000
[651] [M]: 0x0000000080002004 (0x00000013) addi x0, x0, 0x0                         TEST_FOR_EXECUTION+4

clint mtime 0x0000000000000146 (mip.MTI <- 0b1, mip.STI <- 0b0)
mem[X,0x0000000080002008] -> 0x0013
mem[X,0x000000008000200A] -> 0x0000
[652] [M]: 0x0000000080002008 (0x00000013) addi x0, x0, 0x0                         RETURN_INSTRUCTION+0

mem[X,0x000000008000200C] -> 0x0013
mem[X,0x000000008000200E] -> 0x0000
[653] [M]: 0x000000008000200C (0x00000013) addi x0, x0, 0x0                         RETURN_INSTRUCTION+4

clint mtime 0x0000000000000147 (mip.MTI <- 0b1, mip.STI <- 0b0)
mem[X,0x0000000080002010] -> 0x8067
mem[X,0x0000000080002012] -> 0x0000
[654] [M]: 0x0000000080002010 (0x00008067) jalr x0, 0x0(x1)                         RETURN_INSTRUCTION+8

mem[X,0x00000000800008E4] -> 0x0013
mem[X,0x00000000800008E6] -> 0x0000
[655] [M]: 0x00000000800008E4 (0x00000013) addi x0, x0, 0x0                         main+1284

clint mtime 0x0000000000000148 (mip.MTI <- 0b1, mip.STI <- 0b0)
mem[X,0x00000000800008E8] -> 0x0013
mem[X,0x00000000800008EA] -> 0x0000
[656] [M]: 0x00000000800008E8 (0x00000013) addi x0, x0, 0x0                         main+1288

mem[X,0x00000000800008EC] -> 0x0013
mem[X,0x00000000800008EE] -> 0x0000
[657] [M]: 0x00000000800008EC (0x00000013) addi x0, x0, 0x0                         main+1292

clint mtime 0x0000000000000149 (mip.MTI <- 0b1, mip.STI <- 0b0)
mem[X,0x00000000800008F0] -> 0x0013
mem[X,0x00000000800008F2] -> 0x0000
[658] [M]: 0x00000000800008F0 (0x00000013) addi x0, x0, 0x0                         main+1296

mem[X,0x00000000800008F4] -> 0x0013
mem[X,0x00000000800008F6] -> 0x0000
[659] [M]: 0x00000000800008F4 (0x00000013) addi x0, x0, 0x0                         main+1300

clint mtime 0x000000000000014A (mip.MTI <- 0b1, mip.STI <- 0b0)
mem[X,0x00000000800008F8] -> 0x0013
mem[X,0x00000000800008FA] -> 0x0000
[660] [M]: 0x00000000800008F8 (0x00000013) addi x0, x0, 0x0                         main+1304

mem[X,0x00000000800008FC] -> 0x0013
mem[X,0x00000000800008FE] -> 0x0000
[661] [M]: 0x00000000800008FC (0x00000013) addi x0, x0, 0x0                         main+1308

clint mtime 0x000000000000014B (mip.MTI <- 0b1, mip.STI <- 0b0)
mem[X,0x0000000080000900] -> 0x1797
mem[X,0x0000000080000902] -> 0x0000
[662] [M]: 0x0000000080000900 (0x00001797) auipc x15, 0x1                           main+1312
x15 <- 0x0000000080001900

mem[X,0x0000000080000904] -> 0x8793
mem[X,0x0000000080000906] -> 0x7007
[663] [M]: 0x0000000080000904 (0x70078793) addi x15, x15, 0x700                     main+1316
x15 <- 0x0000000080002000

clint mtime 0x000000000000014C (mip.MTI <- 0b1, mip.STI <- 0b0)
mem[X,0x0000000080000908] -> 0x0001
[664] [M]: 0x0000000080000908 (0x0001) c.nop                                        main+1320

mem[X,0x000000008000090A] -> 0x0013
mem[X,0x000000008000090C] -> 0x0000
[665] [M]: 0x000000008000090A (0x00000013) addi x0, x0, 0x0                         main+1322

clint mtime 0x000000000000014D (mip.MTI <- 0b1, mip.STI <- 0b0)
mem[X,0x000000008000090E] -> 0x0013
mem[X,0x0000000080000910] -> 0x0000
[666] [M]: 0x000000008000090E (0x00000013) addi x0, x0, 0x0                         main+1326

mem[X,0x0000000080000912] -> 0x0013
mem[X,0x0000000080000914] -> 0x0000
[667] [M]: 0x0000000080000912 (0x00000013) addi x0, x0, 0x0                         main+1330

clint mtime 0x000000000000014E (mip.MTI <- 0b1, mip.STI <- 0b0)
mem[X,0x0000000080000916] -> 0x0013
mem[X,0x0000000080000918] -> 0x0000
[668] [M]: 0x0000000080000916 (0x00000013) addi x0, x0, 0x0                         main+1334

mem[X,0x000000008000091A] -> 0x0013
mem[X,0x000000008000091C] -> 0x0000
[669] [M]: 0x000000008000091A (0x00000013) addi x0, x0, 0x0                         main+1338

clint mtime 0x000000000000014F (mip.MTI <- 0b1, mip.STI <- 0b0)
mem[X,0x000000008000091E] -> 0x0001
[670] [M]: 0x000000008000091E (0x0001) c.nop                                        main+1342

mem[X,0x0000000080000920] -> 0x0737
mem[X,0x0000000080000922] -> 0x0000
[671] [M]: 0x0000000080000920 (0x00000737) lui x14, 0x0                             main+1344
x14 <- 0x0000000000000000

clint mtime 0x0000000000000150 (mip.MTI <- 0b1, mip.STI <- 0b0)
mem[X,0x0000000080000924] -> 0x0713
mem[X,0x0000000080000926] -> 0x0137
[672] [M]: 0x0000000080000924 (0x01370713) addi x14, x14, 0x13                      main+1348
x14 <- 0x0000000000000013

mem[X,0x0000000080000928] -> 0x1713
mem[X,0x000000008000092A] -> 0x00B7
[673] [M]: 0x0000000080000928 (0x00B71713) slli x14, x14, 0xb                       main+1352
x14 <- 0x0000000000009800

clint mtime 0x0000000000000151 (mip.MTI <- 0b1, mip.STI <- 0b0)
mem[X,0x000000008000092C] -> 0x0713
mem[X,0x000000008000092E] -> 0x0007
[674] [M]: 0x000000008000092C (0x00070713) addi x14, x14, 0x0                       main+1356
x14 <- 0x0000000000009800

mem[X,0x0000000080000930] -> 0x1713
mem[X,0x0000000080000932] -> 0x00B7
[675] [M]: 0x0000000080000930 (0x00B71713) slli x14, x14, 0xb                       main+1360
x14 <- 0x0000000004C00000

clint mtime 0x0000000000000152 (mip.MTI <- 0b1, mip.STI <- 0b0)
mem[X,0x0000000080000934] -> 0x0713
mem[X,0x0000000080000936] -> 0x0007
[676] [M]: 0x0000000080000934 (0x00070713) addi x14, x14, 0x0                       main+1364
x14 <- 0x0000000004C00000

mem[X,0x0000000080000938] -> 0x1713
mem[X,0x000000008000093A] -> 0x00A7
[677] [M]: 0x0000000080000938 (0x00A71713) slli x14, x14, 0xa                       main+1368
x14 <- 0x0000001300000000

clint mtime 0x0000000000000153 (mip.MTI <- 0b1, mip.STI <- 0b0)
mem[X,0x000000008000093C] -> 0x0713
mem[X,0x000000008000093E] -> 0x0137
[678] [M]: 0x000000008000093C (0x01370713) addi x14, x14, 0x13                      main+1372
x14 <- 0x0000001300000013

mem[X,0x0000000080000940] -> 0xA023
mem[X,0x0000000080000942] -> 0x00E7
[679] [M]: 0x0000000080000940 (0x00E7A023) sw x14, 0x0(x15)                         main+1376
mem[W,0x0000000080002000] <- 0x00000013

clint mtime 0x0000000000000154 (mip.MTI <- 0b1, mip.STI <- 0b0)
mem[X,0x0000000080000944] -> 0x0013
mem[X,0x0000000080000946] -> 0x0000
[680] [M]: 0x0000000080000944 (0x00000013) addi x0, x0, 0x0                         main+1380

mem[X,0x0000000080000948] -> 0x0013
mem[X,0x000000008000094A] -> 0x0000
[681] [M]: 0x0000000080000948 (0x00000013) addi x0, x0, 0x0                         main+1384

clint mtime 0x0000000000000155 (mip.MTI <- 0b1, mip.STI <- 0b0)
mem[X,0x000000008000094C] -> 0xA703
mem[X,0x000000008000094E] -> 0x0007
[682] [M]: 0x000000008000094C (0x0007A703) lw x14, 0x0(x15)                         main+1388
mem[R,0x0000000080002000] -> 0x00000013
x14 <- 0x0000000000000013

mem[X,0x0000000080000950] -> 0x0013
mem[X,0x0000000080000952] -> 0x0000
[683] [M]: 0x0000000080000950 (0x00000013) addi x0, x0, 0x0                         main+1392

clint mtime 0x0000000000000156 (mip.MTI <- 0b1, mip.STI <- 0b0)
mem[X,0x0000000080000954] -> 0x0013
mem[X,0x0000000080000956] -> 0x0000
[684] [M]: 0x0000000080000954 (0x00000013) addi x0, x0, 0x0                         main+1396

mem[X,0x0000000080000958] -> 0xBC23
mem[X,0x000000008000095A] -> 0x00E6
[685] [M]: 0x0000000080000958 (0x00E6BC23) sd x14, 0x18(x13)                        main+1400
mem[W,0x0000000080006230] <- 0x0000000000000013

clint mtime 0x0000000000000157 (mip.MTI <- 0b1, mip.STI <- 0b0)
mem[X,0x000000008000095C] -> 0x0113
mem[X,0x000000008000095E] -> 0x0000
[686] [M]: 0x000000008000095C (0x00000113) addi x2, x0, 0x0                         main+1404
x2 <- 0x0000000000000000

mem[X,0x0000000080000960] -> 0x0073
mem[X,0x0000000080000962] -> 0x0000
[687] [M]: 0x0000000080000960 (0x00000073) ecall                                    main+1408
trapping from M to M to handle m-call
handling exc#m-call at priv M with tval 0x0000000000000000
CSR mstatus (0x300) <- 0x0000000A00001800
CSR mcause (0x342) <- 0x000000000000000B
CSR mtval (0x343) <- 0x0000000000000000
CSR mepc (0x341) <- 0x0000000080000960

clint mtime 0x0000000000000158 (mip.MTI <- 0b1, mip.STI <- 0b0)
mem[X,0x0000000080002100] -> 0x006F
mem[X,0x0000000080002102] -> 0x1000
[688] [M]: 0x0000000080002100 (0x1000006F) jal x0, 0x100                            Mtrampoline+0

mem[X,0x0000000080002200] -> 0x1173
mem[X,0x0000000080002202] -> 0x3401
[689] [M]: 0x0000000080002200 (0x34011173) csrrw x2, mscratch, x2                   trap_Mhandler+0
CSR mscratch (0x340) <- 0x0000000000000000
x2 <- 0x0000000080005000

clint mtime 0x0000000000000159 (mip.MTI <- 0b1, mip.STI <- 0b0)
mem[X,0x0000000080002204] -> 0x3423
mem[X,0x0000000080002206] -> 0x28B1
[690] [M]: 0x0000000080002204 (0x28B13423) sd x11, 0x288(x2)                        trap_Mhandler+4
mem[W,0x0000000080005288] <- 0x0000000000000000

mem[X,0x0000000080002208] -> 0x05EF
mem[X,0x000000008000220A] -> 0x0B80
[691] [M]: 0x0000000080002208 (0x0B8005EF) jal x11, 0xb8                            trap_Mhandler+8
x11 <- 0x000000008000220C

clint mtime 0x000000000000015A (mip.MTI <- 0b1, mip.STI <- 0b0)
mem[X,0x00000000800022C0] -> 0x3023
mem[X,0x00000000800022C2] -> 0x28A1
[692] [M]: 0x00000000800022C0 (0x28A13023) sd x10, 0x280(x2)                        common_Mhandler+0
mem[W,0x0000000080005280] <- 0x0000000000000001

mem[X,0x00000000800022C4] -> 0x1573
mem[X,0x00000000800022C6] -> 0x3401
[693] [M]: 0x00000000800022C4 (0x34011573) csrrw x10, mscratch, x2                  common_Mhandler+4
CSR mscratch (0x340) <- 0x0000000080005000
x10 <- 0x0000000000000000

clint mtime 0x000000000000015B (mip.MTI <- 0b1, mip.STI <- 0b0)
mem[X,0x00000000800022C8] -> 0x3823
mem[X,0x00000000800022CA] -> 0x28A1
[694] [M]: 0x00000000800022C8 (0x28A13823) sd x10, 0x290(x2)                        common_Mhandler+8
mem[W,0x0000000080005290] <- 0x0000000000000000

mem[X,0x00000000800022CC] -> 0x3503
mem[X,0x00000000800022CE] -> 0x2301
[695] [M]: 0x00000000800022CC (0x23013503) ld x10, 0x230(x2)                        common_Mhandler+12
mem[R,0x0000000080005230] -> 0x00000000800022D4
x10 <- 0x00000000800022D4

clint mtime 0x000000000000015C (mip.MTI <- 0b1, mip.STI <- 0b0)
mem[X,0x00000000800022D0] -> 0x0067
mem[X,0x00000000800022D2] -> 0x0005
[696] [M]: 0x00000000800022D0 (0x00050067) jalr x0, 0x0(x10)                        common_Mhandler+16

mem[X,0x00000000800022D4] -> 0x3C23
mem[X,0x00000000800022D6] -> 0x2691
[697] [M]: 0x00000000800022D4 (0x26913C23) sd x9, 0x278(x2)                         common_Mentry+0
mem[W,0x0000000080005278] <- 0x00000000000000FE

clint mtime 0x000000000000015D (mip.MTI <- 0b1, mip.STI <- 0b0)
mem[X,0x00000000800022D8] -> 0x3823
mem[X,0x00000000800022DA] -> 0x2681
[698] [M]: 0x00000000800022D8 (0x26813823) sd x8, 0x270(x2)                         common_Mentry+4
mem[W,0x0000000080005270] <- 0x0000000000007F76

mem[X,0x00000000800022DC] -> 0x3423
mem[X,0x00000000800022DE] -> 0x2671
[699] [M]: 0x00000000800022DC (0x26713423) sd x7, 0x268(x2)                         common_Mentry+8
mem[W,0x0000000080005268] <- 0x0000000080000820

clint mtime 0x000000000000015E (mip.MTI <- 0b1, mip.STI <- 0b0)
mem[X,0x00000000800022E0] -> 0x3023
mem[X,0x00000000800022E2] -> 0x2661
[700] [M]: 0x00000000800022E0 (0x26613023) sd x6, 0x260(x2)                         common_Mentry+12
mem[W,0x0000000080005260] <- 0x000000001FDDB7D5

mem[X,0x00000000800022E4] -> 0x2573
mem[X,0x00000000800022E6] -> 0x3420
[701] [M]: 0x00000000800022E4 (0x34202573) csrrs x10, mcause, x0                    spcl_M2mmode_test+0
CSR mcause (0x342) -> 0x000000000000000B
x10 <- 0x000000000000000B

clint mtime 0x000000000000015F (mip.MTI <- 0b1, mip.STI <- 0b0)
mem[X,0x00000000800022E8] -> 0x04B7
mem[X,0x00000000800022EA] -> 0x8000
[702] [M]: 0x00000000800022E8 (0x800004B7) lui x9, -0x80000                         spcl_M2mmode_test+4
x9 <- 0xFFFFFFFF80000000

mem[X,0x00000000800022EC] -> 0x8493
mem[X,0x00000000800022EE] -> 0x0004
[703] [M]: 0x00000000800022EC (0x00048493) addi x9, x9, 0x0                         spcl_M2mmode_test+8
x9 <- 0xFFFFFFFF80000000

clint mtime 0x0000000000000160 (mip.MTI <- 0b1, mip.STI <- 0b0)
mem[X,0x00000000800022F0] -> 0x9493
mem[X,0x00000000800022F2] -> 0x00B4
[704] [M]: 0x00000000800022F0 (0x00B49493) slli x9, x9, 0xb                         spcl_M2mmode_test+12
x9 <- 0xFFFFFC0000000000

mem[X,0x00000000800022F4] -> 0x8493
mem[X,0x00000000800022F6] -> 0x0004
[705] [M]: 0x00000000800022F4 (0x00048493) addi x9, x9, 0x0                         spcl_M2mmode_test+16
x9 <- 0xFFFFFC0000000000

clint mtime 0x0000000000000161 (mip.MTI <- 0b1, mip.STI <- 0b0)
mem[X,0x00000000800022F8] -> 0x9493
mem[X,0x00000000800022FA] -> 0x00B4
[706] [M]: 0x00000000800022F8 (0x00B49493) slli x9, x9, 0xb                         spcl_M2mmode_test+20
x9 <- 0xFFE0000000000000

mem[X,0x00000000800022FC] -> 0x8493
mem[X,0x00000000800022FE] -> 0x0034
[707] [M]: 0x00000000800022FC (0x00348493) addi x9, x9, 0x3                         spcl_M2mmode_test+24
x9 <- 0xFFE0000000000003

clint mtime 0x0000000000000162 (mip.MTI <- 0b1, mip.STI <- 0b0)
mem[X,0x0000000080002300] -> 0x9493
mem[X,0x0000000080002302] -> 0x00A4
[708] [M]: 0x0000000080002300 (0x00A49493) slli x9, x9, 0xa                         spcl_M2mmode_test+28
x9 <- 0x8000000000000C00

mem[X,0x0000000080002304] -> 0x8493
mem[X,0x0000000080002306] -> 0x3FC4
[709] [M]: 0x0000000080002304 (0x3FC48493) addi x9, x9, 0x3fc                       spcl_M2mmode_test+32
x9 <- 0x8000000000000FFC

clint mtime 0x0000000000000163 (mip.MTI <- 0b1, mip.STI <- 0b0)
mem[X,0x0000000080002308] -> 0xF4B3
mem[X,0x000000008000230A] -> 0x00A4
[710] [M]: 0x0000000080002308 (0x00A4F4B3) and x9, x9, x10                          spcl_M2mmode_test+36
x9 <- 0x0000000000000008

mem[X,0x000000008000230C] -> 0x8493
mem[X,0x000000008000230E] -> 0xFF84
[711] [M]: 0x000000008000230C (0xFF848493) addi x9, x9, -0x8                        spcl_M2mmode_test+40
x9 <- 0x0000000000000000

clint mtime 0x0000000000000164 (mip.MTI <- 0b1, mip.STI <- 0b0)
mem[X,0x0000000080002310] -> 0x9663
mem[X,0x0000000080002312] -> 0x0004
[712] [M]: 0x0000000080002310 (0x00049663) bne x9, x0, 0xc                          spcl_M2mmode_test+44

mem[X,0x0000000080002314] -> 0x3383
mem[X,0x0000000080002316] -> 0x2901
[713] [M]: 0x0000000080002314 (0x29013383) ld x7, 0x290(x2)                         spcl_M2mmode_test+48
mem[R,0x0000000080005290] -> 0x0000000000000000
x7 <- 0x0000000000000000

clint mtime 0x0000000000000165 (mip.MTI <- 0b1, mip.STI <- 0b0)
mem[X,0x0000000080002318] -> 0x8263
mem[X,0x000000008000231A] -> 0x6E03
[714] [M]: 0x0000000080002318 (0x6E038263) beq x7, x0, 0x6e4                        spcl_M2mmode_test+52

mem[X,0x00000000800029FC] -> 0x0493
mem[X,0x00000000800029FE] -> 0xFF55
[715] [M]: 0x00000000800029FC (0xFF550493) addi x9, x10, -0xb                       rtn2mmode+0
x9 <- 0x0000000000000000

clint mtime 0x0000000000000166 (mip.MTI <- 0b1, mip.STI <- 0b0)
mem[X,0x0000000080002A00] -> 0x8C63
mem[X,0x0000000080002A02] -> 0x0004
[716] [M]: 0x0000000080002A00 (0x00048C63) beq x9, x0, 0x18                         rtn2mmode+4

mem[X,0x0000000080002A18] -> 0x23F3
mem[X,0x0000000080002A1A] -> 0x3410
[717] [M]: 0x0000000080002A18 (0x341023F3) csrrs x7, mepc, x0                       rtn_fm_mmode+0
CSR mepc (0x341) -> 0x0000000080000960
x7 <- 0x0000000080000960

clint mtime 0x0000000000000167 (mip.MTI <- 0b1, mip.STI <- 0b0)
mem[X,0x0000000080002A1C] -> 0x83B3
mem[X,0x0000000080002A1E] -> 0x0093
[718] [M]: 0x0000000080002A1C (0x009383B3) add x7, x7, x9                           rtn_fm_mmode+4
x7 <- 0x0000000080000960

mem[X,0x0000000080002A20] -> 0x3303
mem[X,0x0000000080002A22] -> 0x2601
[719] [M]: 0x0000000080002A20 (0x26013303) ld x6, 0x260(x2)                         rtn_fm_mmode+8
mem[R,0x0000000080005260] -> 0x000000001FDDB7D5
x6 <- 0x000000001FDDB7D5

clint mtime 0x0000000000000168 (mip.MTI <- 0b1, mip.STI <- 0b0)
mem[X,0x0000000080002A24] -> 0x3403
mem[X,0x0000000080002A26] -> 0x2701
[720] [M]: 0x0000000080002A24 (0x27013403) ld x8, 0x270(x2)                         rtn_fm_mmode+12
mem[R,0x0000000080005270] -> 0x0000000000007F76
x8 <- 0x0000000000007F76

mem[X,0x0000000080002A28] -> 0x3483
mem[X,0x0000000080002A2A] -> 0x2781
[721] [M]: 0x0000000080002A28 (0x27813483) ld x9, 0x278(x2)                         rtn_fm_mmode+16
mem[R,0x0000000080005278] -> 0x00000000000000FE
x9 <- 0x00000000000000FE

clint mtime 0x0000000000000169 (mip.MTI <- 0b1, mip.STI <- 0b0)
mem[X,0x0000000080002A2C] -> 0x3503
mem[X,0x0000000080002A2E] -> 0x2801
[722] [M]: 0x0000000080002A2C (0x28013503) ld x10, 0x280(x2)                        rtn_fm_mmode+20
mem[R,0x0000000080005280] -> 0x0000000000000001
x10 <- 0x0000000000000001

mem[X,0x0000000080002A30] -> 0x3583
mem[X,0x0000000080002A32] -> 0x2881
[723] [M]: 0x0000000080002A30 (0x28813583) ld x11, 0x288(x2)                        rtn_fm_mmode+24
mem[R,0x0000000080005288] -> 0x0000000000000000
x11 <- 0x0000000000000000

clint mtime 0x000000000000016A (mip.MTI <- 0b1, mip.STI <- 0b0)
mem[X,0x0000000080002A34] -> 0x3103
mem[X,0x0000000080002A36] -> 0x2901
[724] [M]: 0x0000000080002A34 (0x29013103) ld x2, 0x290(x2)                         rtn_fm_mmode+28
mem[R,0x0000000080005290] -> 0x0000000000000000
x2 <- 0x0000000000000000

mem[X,0x0000000080002A38] -> 0x8067
mem[X,0x0000000080002A3A] -> 0x0043
[725] [M]: 0x0000000080002A38 (0x00438067) jalr x0, 0x4(x7)                         rtn_fm_mmode+32

clint mtime 0x000000000000016B (mip.MTI <- 0b1, mip.STI <- 0b0)
mem[X,0x0000000080000964] -> 0x0013
mem[X,0x0000000080000966] -> 0x0000
[726] [M]: 0x0000000080000964 (0x00000013) addi x0, x0, 0x0                         main+1412

mem[X,0x0000000080000968] -> 0x0013
mem[X,0x000000008000096A] -> 0x0000
[727] [M]: 0x0000000080000968 (0x00000013) addi x0, x0, 0x0                         main+1416

clint mtime 0x000000000000016C (mip.MTI <- 0b1, mip.STI <- 0b0)
mem[X,0x000000008000096C] -> 0x0013
mem[X,0x000000008000096E] -> 0x0000
[728] [M]: 0x000000008000096C (0x00000013) addi x0, x0, 0x0                         main+1420

mem[X,0x0000000080000970] -> 0x0013
mem[X,0x0000000080000972] -> 0x0000
[729] [M]: 0x0000000080000970 (0x00000013) addi x0, x0, 0x0                         main+1424

clint mtime 0x000000000000016D (mip.MTI <- 0b1, mip.STI <- 0b0)
mem[X,0x0000000080000974] -> 0x0013
mem[X,0x0000000080000976] -> 0x0000
[730] [M]: 0x0000000080000974 (0x00000013) addi x0, x0, 0x0                         main+1428

mem[X,0x0000000080000978] -> 0x0013
mem[X,0x000000008000097A] -> 0x0000
[731] [M]: 0x0000000080000978 (0x00000013) addi x0, x0, 0x0                         main+1432

clint mtime 0x000000000000016E (mip.MTI <- 0b1, mip.STI <- 0b0)
mem[X,0x000000008000097C] -> 0x0013
mem[X,0x000000008000097E] -> 0x0000
[732] [M]: 0x000000008000097C (0x00000013) addi x0, x0, 0x0                         main+1436

mem[X,0x0000000080000980] -> 0x12B7
mem[X,0x0000000080000982] -> 0x2000
[733] [M]: 0x0000000080000980 (0x200012B7) lui x5, 0x20001                          main+1440
x5 <- 0x0000000020001000

clint mtime 0x000000000000016F (mip.MTI <- 0b1, mip.STI <- 0b0)
mem[X,0x0000000080000984] -> 0x829B
mem[X,0x0000000080000986] -> 0x8002
[734] [M]: 0x0000000080000984 (0x8002829B) addiw x5, x5, -0x800                     main+1444
x5 <- 0x0000000020000800

mem[X,0x0000000080000988] -> 0x0001
[735] [M]: 0x0000000080000988 (0x0001) c.nop                                        main+1448

clint mtime 0x0000000000000170 (mip.MTI <- 0b1, mip.STI <- 0b0)
mem[X,0x000000008000098A] -> 0x0013
mem[X,0x000000008000098C] -> 0x0000
[736] [M]: 0x000000008000098A (0x00000013) addi x0, x0, 0x0                         main+1450

mem[X,0x000000008000098E] -> 0x0013
mem[X,0x0000000080000990] -> 0x0000
[737] [M]: 0x000000008000098E (0x00000013) addi x0, x0, 0x0                         main+1454

clint mtime 0x0000000000000171 (mip.MTI <- 0b1, mip.STI <- 0b0)
mem[X,0x0000000080000992] -> 0x0013
mem[X,0x0000000080000994] -> 0x0000
[738] [M]: 0x0000000080000992 (0x00000013) addi x0, x0, 0x0                         main+1458

mem[X,0x0000000080000996] -> 0x0013
mem[X,0x0000000080000998] -> 0x0000
[739] [M]: 0x0000000080000996 (0x00000013) addi x0, x0, 0x0                         main+1462

clint mtime 0x0000000000000172 (mip.MTI <- 0b1, mip.STI <- 0b0)
mem[X,0x000000008000099A] -> 0x0013
mem[X,0x000000008000099C] -> 0x0000
[740] [M]: 0x000000008000099A (0x00000013) addi x0, x0, 0x0                         main+1466

mem[X,0x000000008000099E] -> 0x0001
[741] [M]: 0x000000008000099E (0x0001) c.nop                                        main+1470

clint mtime 0x0000000000000173 (mip.MTI <- 0b1, mip.STI <- 0b0)
mem[X,0x00000000800009A0] -> 0x9073
mem[X,0x00000000800009A2] -> 0x3BA2
[742] [M]: 0x00000000800009A0 (0x3BA29073) csrrw x0, pmpaddr10, x5                  main+1472
CSR pmpaddr10 (0x3BA) <- 0x0000000020000800

mem[X,0x00000000800009A4] -> 0x0213
mem[X,0x00000000800009A6] -> 0x0010
[743] [M]: 0x00000000800009A4 (0x00100213) addi x4, x0, 0x1                         main+1476
x4 <- 0x0000000000000001

clint mtime 0x0000000000000174 (mip.MTI <- 0b1, mip.STI <- 0b0)
mem[X,0x00000000800009A8] -> 0x1213
mem[X,0x00000000800009AA] -> 0x0172
[744] [M]: 0x00000000800009A8 (0x01721213) slli x4, x4, 0x17                        main+1480
x4 <- 0x0000000000800000

mem[X,0x00000000800009AC] -> 0x1073
mem[X,0x00000000800009AE] -> 0x3A22
[745] [M]: 0x00000000800009AC (0x3A221073) csrrw x0, pmpcfg2, x4                    main+1484
CSR pmpcfg2 (0x3A2) <- 0x9F80808080800000

clint mtime 0x0000000000000175 (mip.MTI <- 0b1, mip.STI <- 0b0)
mem[X,0x00000000800009B0] -> 0x0013
mem[X,0x00000000800009B2] -> 0x0000
[746] [M]: 0x00000000800009B0 (0x00000013) addi x0, x0, 0x0                         main+1488

mem[X,0x00000000800009B4] -> 0x0013
mem[X,0x00000000800009B6] -> 0x0000
[747] [M]: 0x00000000800009B4 (0x00000013) addi x0, x0, 0x0                         main+1492

clint mtime 0x0000000000000176 (mip.MTI <- 0b1, mip.STI <- 0b0)
mem[X,0x00000000800009B8] -> 0x0013
mem[X,0x00000000800009BA] -> 0x0000
[748] [M]: 0x00000000800009B8 (0x00000013) addi x0, x0, 0x0                         main+1496

mem[X,0x00000000800009BC] -> 0x0013
mem[X,0x00000000800009BE] -> 0x0000
[749] [M]: 0x00000000800009BC (0x00000013) addi x0, x0, 0x0                         main+1500

clint mtime 0x0000000000000177 (mip.MTI <- 0b1, mip.STI <- 0b0)
mem[X,0x00000000800009C0] -> 0x1717
mem[X,0x00000000800009C2] -> 0x0000
[750] [M]: 0x00000000800009C0 (0x00001717) auipc x14, 0x1                           main+1504
x14 <- 0x00000000800019C0

mem[X,0x00000000800009C4] -> 0x0713
mem[X,0x00000000800009C6] -> 0x6407
[751] [M]: 0x00000000800009C4 (0x64070713) addi x14, x14, 0x640                     main+1508
x14 <- 0x0000000080002000

clint mtime 0x0000000000000178 (mip.MTI <- 0b1, mip.STI <- 0b0)
mem[X,0x00000000800009C8] -> 0x0001
[752] [M]: 0x00000000800009C8 (0x0001) c.nop                                        main+1512

mem[X,0x00000000800009CA] -> 0x0013
mem[X,0x00000000800009CC] -> 0x0000
[753] [M]: 0x00000000800009CA (0x00000013) addi x0, x0, 0x0                         main+1514

clint mtime 0x0000000000000179 (mip.MTI <- 0b1, mip.STI <- 0b0)
mem[X,0x00000000800009CE] -> 0x0013
mem[X,0x00000000800009D0] -> 0x0000
[754] [M]: 0x00000000800009CE (0x00000013) addi x0, x0, 0x0                         main+1518

mem[X,0x00000000800009D2] -> 0x0013
mem[X,0x00000000800009D4] -> 0x0000
[755] [M]: 0x00000000800009D2 (0x00000013) addi x0, x0, 0x0                         main+1522

clint mtime 0x000000000000017A (mip.MTI <- 0b1, mip.STI <- 0b0)
mem[X,0x00000000800009D6] -> 0x0013
mem[X,0x00000000800009D8] -> 0x0000
[756] [M]: 0x00000000800009D6 (0x00000013) addi x0, x0, 0x0                         main+1526

mem[X,0x00000000800009DA] -> 0x0013
mem[X,0x00000000800009DC] -> 0x0000
[757] [M]: 0x00000000800009DA (0x00000013) addi x0, x0, 0x0                         main+1530

clint mtime 0x000000000000017B (mip.MTI <- 0b1, mip.STI <- 0b0)
mem[X,0x00000000800009DE] -> 0x0001
[758] [M]: 0x00000000800009DE (0x0001) c.nop                                        main+1534

mem[X,0x00000000800009E0] -> 0x51B7
mem[X,0x00000000800009E2] -> 0x0000
[759] [M]: 0x00000000800009E0 (0x000051B7) lui x3, 0x5                              main+1536
x3 <- 0x0000000000005000

clint mtime 0x000000000000017C (mip.MTI <- 0b1, mip.STI <- 0b0)
mem[X,0x00000000800009E4] -> 0x8193
mem[X,0x00000000800009E6] -> 0x6671
[760] [M]: 0x00000000800009E4 (0x66718193) addi x3, x3, 0x667                       main+1540
x3 <- 0x0000000000005667

mem[X,0x00000000800009E8] -> 0x9193
mem[X,0x00000000800009EA] -> 0x0011
[761] [M]: 0x00000000800009E8 (0x00119193) slli x3, x3, 0x1                         main+1544
x3 <- 0x000000000000ACCE

clint mtime 0x000000000000017D (mip.MTI <- 0b1, mip.STI <- 0b0)
mem[X,0x00000000800009EC] -> 0x0013
mem[X,0x00000000800009EE] -> 0x0000
[762] [M]: 0x00000000800009EC (0x00000013) addi x0, x0, 0x0                         main+1548

mem[X,0x00000000800009F0] -> 0x0013
mem[X,0x00000000800009F2] -> 0x0000
[763] [M]: 0x00000000800009F0 (0x00000013) addi x0, x0, 0x0                         main+1552

clint mtime 0x000000000000017E (mip.MTI <- 0b1, mip.STI <- 0b0)
mem[X,0x00000000800009F4] -> 0x0013
mem[X,0x00000000800009F6] -> 0x0000
[764] [M]: 0x00000000800009F4 (0x00000013) addi x0, x0, 0x0                         main+1556

mem[X,0x00000000800009F8] -> 0x0013
mem[X,0x00000000800009FA] -> 0x0000
[765] [M]: 0x00000000800009F8 (0x00000013) addi x0, x0, 0x0                         main+1560

clint mtime 0x000000000000017F (mip.MTI <- 0b1, mip.STI <- 0b0)
mem[X,0x00000000800009FC] -> 0x0013
mem[X,0x00000000800009FE] -> 0x0000
[766] [M]: 0x00000000800009FC (0x00000013) addi x0, x0, 0x0                         main+1564

mem[X,0x0000000080000A00] -> 0x0217
mem[X,0x0000000080000A02] -> 0x0000
[767] [M]: 0x0000000080000A00 (0x00000217) auipc x4, 0x0                            main+1568
x4 <- 0x0000000080000A00

clint mtime 0x0000000000000180 (mip.MTI <- 0b1, mip.STI <- 0b0)
mem[X,0x0000000080000A04] -> 0x0213
mem[X,0x0000000080000A06] -> 0x02C2
[768] [M]: 0x0000000080000A04 (0x02C20213) addi x4, x4, 0x2c                        main+1572
x4 <- 0x0000000080000A2C

mem[X,0x0000000080000A08] -> 0x0001
[769] [M]: 0x0000000080000A08 (0x0001) c.nop                                        main+1576

clint mtime 0x0000000000000181 (mip.MTI <- 0b1, mip.STI <- 0b0)
mem[X,0x0000000080000A0A] -> 0x0013
mem[X,0x0000000080000A0C] -> 0x0000
[770] [M]: 0x0000000080000A0A (0x00000013) addi x0, x0, 0x0                         main+1578

mem[X,0x0000000080000A0E] -> 0x0013
mem[X,0x0000000080000A10] -> 0x0000
[771] [M]: 0x0000000080000A0E (0x00000013) addi x0, x0, 0x0                         main+1582

clint mtime 0x0000000000000182 (mip.MTI <- 0b1, mip.STI <- 0b0)
mem[X,0x0000000080000A12] -> 0x0013
mem[X,0x0000000080000A14] -> 0x0000
[772] [M]: 0x0000000080000A12 (0x00000013) addi x0, x0, 0x0                         main+1586

mem[X,0x0000000080000A16] -> 0x0013
mem[X,0x0000000080000A18] -> 0x0000
[773] [M]: 0x0000000080000A16 (0x00000013) addi x0, x0, 0x0                         main+1590

clint mtime 0x0000000000000183 (mip.MTI <- 0b1, mip.STI <- 0b0)
mem[X,0x0000000080000A1A] -> 0x0013
mem[X,0x0000000080000A1C] -> 0x0000
[774] [M]: 0x0000000080000A1A (0x00000013) addi x0, x0, 0x0                         main+1594

mem[X,0x0000000080000A1E] -> 0x0001
[775] [M]: 0x0000000080000A1E (0x0001) c.nop                                        main+1598

clint mtime 0x0000000000000184 (mip.MTI <- 0b1, mip.STI <- 0b0)
mem[X,0x0000000080000A20] -> 0x00E7
mem[X,0x0000000080000A22] -> 0x0007
[776] [M]: 0x0000000080000A20 (0x000700E7) jalr x1, 0x0(x14)                        main+1600
x1 <- 0x0000000080000A24

mem[X,0x0000000080002000] -> 0x0013
mem[X,0x0000000080002002] -> 0x0000
[777] [M]: 0x0000000080002000 (0x00000013) addi x0, x0, 0x0                         TEST_FOR_EXECUTION+0

clint mtime 0x0000000000000185 (mip.MTI <- 0b1, mip.STI <- 0b0)
mem[X,0x0000000080002004] -> 0x0013
mem[X,0x0000000080002006] -> 0x0000
[778] [M]: 0x0000000080002004 (0x00000013) addi x0, x0, 0x0                         TEST_FOR_EXECUTION+4

mem[X,0x0000000080002008] -> 0x0013
mem[X,0x000000008000200A] -> 0x0000
[779] [M]: 0x0000000080002008 (0x00000013) addi x0, x0, 0x0                         RETURN_INSTRUCTION+0

clint mtime 0x0000000000000186 (mip.MTI <- 0b1, mip.STI <- 0b0)
mem[X,0x000000008000200C] -> 0x0013
mem[X,0x000000008000200E] -> 0x0000
[780] [M]: 0x000000008000200C (0x00000013) addi x0, x0, 0x0                         RETURN_INSTRUCTION+4

mem[X,0x0000000080002010] -> 0x8067
mem[X,0x0000000080002012] -> 0x0000
[781] [M]: 0x0000000080002010 (0x00008067) jalr x0, 0x0(x1)                         RETURN_INSTRUCTION+8

clint mtime 0x0000000000000187 (mip.MTI <- 0b1, mip.STI <- 0b0)
mem[X,0x0000000080000A24] -> 0x0013
mem[X,0x0000000080000A26] -> 0x0000
[782] [M]: 0x0000000080000A24 (0x00000013) addi x0, x0, 0x0                         main+1604

mem[X,0x0000000080000A28] -> 0x0013
mem[X,0x0000000080000A2A] -> 0x0000
[783] [M]: 0x0000000080000A28 (0x00000013) addi x0, x0, 0x0                         main+1608

clint mtime 0x0000000000000188 (mip.MTI <- 0b1, mip.STI <- 0b0)
mem[X,0x0000000080000A2C] -> 0x0013
mem[X,0x0000000080000A2E] -> 0x0000
[784] [M]: 0x0000000080000A2C (0x00000013) addi x0, x0, 0x0                         main+1612

mem[X,0x0000000080000A30] -> 0x0013
mem[X,0x0000000080000A32] -> 0x0000
[785] [M]: 0x0000000080000A30 (0x00000013) addi x0, x0, 0x0                         main+1616

clint mtime 0x0000000000000189 (mip.MTI <- 0b1, mip.STI <- 0b0)
mem[X,0x0000000080000A34] -> 0x0013
mem[X,0x0000000080000A36] -> 0x0000
[786] [M]: 0x0000000080000A34 (0x00000013) addi x0, x0, 0x0                         main+1620

mem[X,0x0000000080000A38] -> 0x0013
mem[X,0x0000000080000A3A] -> 0x0000
[787] [M]: 0x0000000080000A38 (0x00000013) addi x0, x0, 0x0                         main+1624

clint mtime 0x000000000000018A (mip.MTI <- 0b1, mip.STI <- 0b0)
mem[X,0x0000000080000A3C] -> 0x0013
mem[X,0x0000000080000A3E] -> 0x0000
[788] [M]: 0x0000000080000A3C (0x00000013) addi x0, x0, 0x0                         main+1628

mem[X,0x0000000080000A40] -> 0x1797
mem[X,0x0000000080000A42] -> 0x0000
[789] [M]: 0x0000000080000A40 (0x00001797) auipc x15, 0x1                           main+1632
x15 <- 0x0000000080001A40

clint mtime 0x000000000000018B (mip.MTI <- 0b1, mip.STI <- 0b0)
mem[X,0x0000000080000A44] -> 0x8793
mem[X,0x0000000080000A46] -> 0x5C07
[790] [M]: 0x0000000080000A44 (0x5C078793) addi x15, x15, 0x5c0                     main+1636
x15 <- 0x0000000080002000

mem[X,0x0000000080000A48] -> 0x0001
[791] [M]: 0x0000000080000A48 (0x0001) c.nop                                        main+1640

clint mtime 0x000000000000018C (mip.MTI <- 0b1, mip.STI <- 0b0)
mem[X,0x0000000080000A4A] -> 0x0013
mem[X,0x0000000080000A4C] -> 0x0000
[792] [M]: 0x0000000080000A4A (0x00000013) addi x0, x0, 0x0                         main+1642

mem[X,0x0000000080000A4E] -> 0x0013
mem[X,0x0000000080000A50] -> 0x0000
[793] [M]: 0x0000000080000A4E (0x00000013) addi x0, x0, 0x0                         main+1646

clint mtime 0x000000000000018D (mip.MTI <- 0b1, mip.STI <- 0b0)
mem[X,0x0000000080000A52] -> 0x0013
mem[X,0x0000000080000A54] -> 0x0000
[794] [M]: 0x0000000080000A52 (0x00000013) addi x0, x0, 0x0                         main+1650

mem[X,0x0000000080000A56] -> 0x0013
mem[X,0x0000000080000A58] -> 0x0000
[795] [M]: 0x0000000080000A56 (0x00000013) addi x0, x0, 0x0                         main+1654

clint mtime 0x000000000000018E (mip.MTI <- 0b1, mip.STI <- 0b0)
mem[X,0x0000000080000A5A] -> 0x0013
mem[X,0x0000000080000A5C] -> 0x0000
[796] [M]: 0x0000000080000A5A (0x00000013) addi x0, x0, 0x0                         main+1658

mem[X,0x0000000080000A5E] -> 0x0001
[797] [M]: 0x0000000080000A5E (0x0001) c.nop                                        main+1662

clint mtime 0x000000000000018F (mip.MTI <- 0b1, mip.STI <- 0b0)
mem[X,0x0000000080000A60] -> 0x0737
mem[X,0x0000000080000A62] -> 0x0000
[798] [M]: 0x0000000080000A60 (0x00000737) lui x14, 0x0                             main+1664
x14 <- 0x0000000000000000

mem[X,0x0000000080000A64] -> 0x0713
mem[X,0x0000000080000A66] -> 0x0137
[799] [M]: 0x0000000080000A64 (0x01370713) addi x14, x14, 0x13                      main+1668
x14 <- 0x0000000000000013

clint mtime 0x0000000000000190 (mip.MTI <- 0b1, mip.STI <- 0b0)
mem[X,0x0000000080000A68] -> 0x1713
mem[X,0x0000000080000A6A] -> 0x00B7
[800] [M]: 0x0000000080000A68 (0x00B71713) slli x14, x14, 0xb                       main+1672
x14 <- 0x0000000000009800

mem[X,0x0000000080000A6C] -> 0x0713
mem[X,0x0000000080000A6E] -> 0x0007
[801] [M]: 0x0000000080000A6C (0x00070713) addi x14, x14, 0x0                       main+1676
x14 <- 0x0000000000009800

clint mtime 0x0000000000000191 (mip.MTI <- 0b1, mip.STI <- 0b0)
mem[X,0x0000000080000A70] -> 0x1713
mem[X,0x0000000080000A72] -> 0x00B7
[802] [M]: 0x0000000080000A70 (0x00B71713) slli x14, x14, 0xb                       main+1680
x14 <- 0x0000000004C00000

mem[X,0x0000000080000A74] -> 0x0713
mem[X,0x0000000080000A76] -> 0x0007
[803] [M]: 0x0000000080000A74 (0x00070713) addi x14, x14, 0x0                       main+1684
x14 <- 0x0000000004C00000

clint mtime 0x0000000000000192 (mip.MTI <- 0b1, mip.STI <- 0b0)
mem[X,0x0000000080000A78] -> 0x1713
mem[X,0x0000000080000A7A] -> 0x00A7
[804] [M]: 0x0000000080000A78 (0x00A71713) slli x14, x14, 0xa                       main+1688
x14 <- 0x0000001300000000

mem[X,0x0000000080000A7C] -> 0x0713
mem[X,0x0000000080000A7E] -> 0x0137
[805] [M]: 0x0000000080000A7C (0x01370713) addi x14, x14, 0x13                      main+1692
x14 <- 0x0000001300000013

clint mtime 0x0000000000000193 (mip.MTI <- 0b1, mip.STI <- 0b0)
mem[X,0x0000000080000A80] -> 0xA023
mem[X,0x0000000080000A82] -> 0x00E7
[806] [M]: 0x0000000080000A80 (0x00E7A023) sw x14, 0x0(x15)                         main+1696
mem[W,0x0000000080002000] <- 0x00000013

mem[X,0x0000000080000A84] -> 0x0013
mem[X,0x0000000080000A86] -> 0x0000
[807] [M]: 0x0000000080000A84 (0x00000013) addi x0, x0, 0x0                         main+1700

clint mtime 0x0000000000000194 (mip.MTI <- 0b1, mip.STI <- 0b0)
mem[X,0x0000000080000A88] -> 0x0013
mem[X,0x0000000080000A8A] -> 0x0000
[808] [M]: 0x0000000080000A88 (0x00000013) addi x0, x0, 0x0                         main+1704

mem[X,0x0000000080000A8C] -> 0xA703
mem[X,0x0000000080000A8E] -> 0x0007
[809] [M]: 0x0000000080000A8C (0x0007A703) lw x14, 0x0(x15)                         main+1708
mem[R,0x0000000080002000] -> 0x00000013
x14 <- 0x0000000000000013

clint mtime 0x0000000000000195 (mip.MTI <- 0b1, mip.STI <- 0b0)
mem[X,0x0000000080000A90] -> 0x0013
mem[X,0x0000000080000A92] -> 0x0000
[810] [M]: 0x0000000080000A90 (0x00000013) addi x0, x0, 0x0                         main+1712

mem[X,0x0000000080000A94] -> 0x0013
mem[X,0x0000000080000A96] -> 0x0000
[811] [M]: 0x0000000080000A94 (0x00000013) addi x0, x0, 0x0                         main+1716

clint mtime 0x0000000000000196 (mip.MTI <- 0b1, mip.STI <- 0b0)
mem[X,0x0000000080000A98] -> 0xB023
mem[X,0x0000000080000A9A] -> 0x02E6
[812] [M]: 0x0000000080000A98 (0x02E6B023) sd x14, 0x20(x13)                        main+1720
mem[W,0x0000000080006238] <- 0x0000000000000013

mem[X,0x0000000080000A9C] -> 0x0113
mem[X,0x0000000080000A9E] -> 0x0000
[813] [M]: 0x0000000080000A9C (0x00000113) addi x2, x0, 0x0                         main+1724
x2 <- 0x0000000000000000

clint mtime 0x0000000000000197 (mip.MTI <- 0b1, mip.STI <- 0b0)
mem[X,0x0000000080000AA0] -> 0x0073
mem[X,0x0000000080000AA2] -> 0x0000
[814] [M]: 0x0000000080000AA0 (0x00000073) ecall                                    main+1728
trapping from M to M to handle m-call
handling exc#m-call at priv M with tval 0x0000000000000000
CSR mstatus (0x300) <- 0x0000000A00001800
CSR mcause (0x342) <- 0x000000000000000B
CSR mtval (0x343) <- 0x0000000000000000
CSR mepc (0x341) <- 0x0000000080000AA0

mem[X,0x0000000080002100] -> 0x006F
mem[X,0x0000000080002102] -> 0x1000
[815] [M]: 0x0000000080002100 (0x1000006F) jal x0, 0x100                            Mtrampoline+0

clint mtime 0x0000000000000198 (mip.MTI <- 0b1, mip.STI <- 0b0)
mem[X,0x0000000080002200] -> 0x1173
mem[X,0x0000000080002202] -> 0x3401
[816] [M]: 0x0000000080002200 (0x34011173) csrrw x2, mscratch, x2                   trap_Mhandler+0
CSR mscratch (0x340) <- 0x0000000000000000
x2 <- 0x0000000080005000

mem[X,0x0000000080002204] -> 0x3423
mem[X,0x0000000080002206] -> 0x28B1
[817] [M]: 0x0000000080002204 (0x28B13423) sd x11, 0x288(x2)                        trap_Mhandler+4
mem[W,0x0000000080005288] <- 0x0000000000000000

clint mtime 0x0000000000000199 (mip.MTI <- 0b1, mip.STI <- 0b0)
mem[X,0x0000000080002208] -> 0x05EF
mem[X,0x000000008000220A] -> 0x0B80
[818] [M]: 0x0000000080002208 (0x0B8005EF) jal x11, 0xb8                            trap_Mhandler+8
x11 <- 0x000000008000220C

mem[X,0x00000000800022C0] -> 0x3023
mem[X,0x00000000800022C2] -> 0x28A1
[819] [M]: 0x00000000800022C0 (0x28A13023) sd x10, 0x280(x2)                        common_Mhandler+0
mem[W,0x0000000080005280] <- 0x0000000000000001

clint mtime 0x000000000000019A (mip.MTI <- 0b1, mip.STI <- 0b0)
mem[X,0x00000000800022C4] -> 0x1573
mem[X,0x00000000800022C6] -> 0x3401
[820] [M]: 0x00000000800022C4 (0x34011573) csrrw x10, mscratch, x2                  common_Mhandler+4
CSR mscratch (0x340) <- 0x0000000080005000
x10 <- 0x0000000000000000

mem[X,0x00000000800022C8] -> 0x3823
mem[X,0x00000000800022CA] -> 0x28A1
[821] [M]: 0x00000000800022C8 (0x28A13823) sd x10, 0x290(x2)                        common_Mhandler+8
mem[W,0x0000000080005290] <- 0x0000000000000000

clint mtime 0x000000000000019B (mip.MTI <- 0b1, mip.STI <- 0b0)
mem[X,0x00000000800022CC] -> 0x3503
mem[X,0x00000000800022CE] -> 0x2301
[822] [M]: 0x00000000800022CC (0x23013503) ld x10, 0x230(x2)                        common_Mhandler+12
mem[R,0x0000000080005230] -> 0x00000000800022D4
x10 <- 0x00000000800022D4

mem[X,0x00000000800022D0] -> 0x0067
mem[X,0x00000000800022D2] -> 0x0005
[823] [M]: 0x00000000800022D0 (0x00050067) jalr x0, 0x0(x10)                        common_Mhandler+16

clint mtime 0x000000000000019C (mip.MTI <- 0b1, mip.STI <- 0b0)
mem[X,0x00000000800022D4] -> 0x3C23
mem[X,0x00000000800022D6] -> 0x2691
[824] [M]: 0x00000000800022D4 (0x26913C23) sd x9, 0x278(x2)                         common_Mentry+0
mem[W,0x0000000080005278] <- 0x00000000000000FE

mem[X,0x00000000800022D8] -> 0x3823
mem[X,0x00000000800022DA] -> 0x2681
[825] [M]: 0x00000000800022D8 (0x26813823) sd x8, 0x270(x2)                         common_Mentry+4
mem[W,0x0000000080005270] <- 0x0000000000007F76

clint mtime 0x000000000000019D (mip.MTI <- 0b1, mip.STI <- 0b0)
mem[X,0x00000000800022DC] -> 0x3423
mem[X,0x00000000800022DE] -> 0x2671
[826] [M]: 0x00000000800022DC (0x26713423) sd x7, 0x268(x2)                         common_Mentry+8
mem[W,0x0000000080005268] <- 0x0000000080000960

mem[X,0x00000000800022E0] -> 0x3023
mem[X,0x00000000800022E2] -> 0x2661
[827] [M]: 0x00000000800022E0 (0x26613023) sd x6, 0x260(x2)                         common_Mentry+12
mem[W,0x0000000080005260] <- 0x000000001FDDB7D5

clint mtime 0x000000000000019E (mip.MTI <- 0b1, mip.STI <- 0b0)
mem[X,0x00000000800022E4] -> 0x2573
mem[X,0x00000000800022E6] -> 0x3420
[828] [M]: 0x00000000800022E4 (0x34202573) csrrs x10, mcause, x0                    spcl_M2mmode_test+0
CSR mcause (0x342) -> 0x000000000000000B
x10 <- 0x000000000000000B

mem[X,0x00000000800022E8] -> 0x04B7
mem[X,0x00000000800022EA] -> 0x8000
[829] [M]: 0x00000000800022E8 (0x800004B7) lui x9, -0x80000                         spcl_M2mmode_test+4
x9 <- 0xFFFFFFFF80000000

clint mtime 0x000000000000019F (mip.MTI <- 0b1, mip.STI <- 0b0)
mem[X,0x00000000800022EC] -> 0x8493
mem[X,0x00000000800022EE] -> 0x0004
[830] [M]: 0x00000000800022EC (0x00048493) addi x9, x9, 0x0                         spcl_M2mmode_test+8
x9 <- 0xFFFFFFFF80000000

mem[X,0x00000000800022F0] -> 0x9493
mem[X,0x00000000800022F2] -> 0x00B4
[831] [M]: 0x00000000800022F0 (0x00B49493) slli x9, x9, 0xb                         spcl_M2mmode_test+12
x9 <- 0xFFFFFC0000000000

clint mtime 0x00000000000001A0 (mip.MTI <- 0b1, mip.STI <- 0b0)
mem[X,0x00000000800022F4] -> 0x8493
mem[X,0x00000000800022F6] -> 0x0004
[832] [M]: 0x00000000800022F4 (0x00048493) addi x9, x9, 0x0                         spcl_M2mmode_test+16
x9 <- 0xFFFFFC0000000000

mem[X,0x00000000800022F8] -> 0x9493
mem[X,0x00000000800022FA] -> 0x00B4
[833] [M]: 0x00000000800022F8 (0x00B49493) slli x9, x9, 0xb                         spcl_M2mmode_test+20
x9 <- 0xFFE0000000000000

clint mtime 0x00000000000001A1 (mip.MTI <- 0b1, mip.STI <- 0b0)
mem[X,0x00000000800022FC] -> 0x8493
mem[X,0x00000000800022FE] -> 0x0034
[834] [M]: 0x00000000800022FC (0x00348493) addi x9, x9, 0x3                         spcl_M2mmode_test+24
x9 <- 0xFFE0000000000003

mem[X,0x0000000080002300] -> 0x9493
mem[X,0x0000000080002302] -> 0x00A4
[835] [M]: 0x0000000080002300 (0x00A49493) slli x9, x9, 0xa                         spcl_M2mmode_test+28
x9 <- 0x8000000000000C00

clint mtime 0x00000000000001A2 (mip.MTI <- 0b1, mip.STI <- 0b0)
mem[X,0x0000000080002304] -> 0x8493
mem[X,0x0000000080002306] -> 0x3FC4
[836] [M]: 0x0000000080002304 (0x3FC48493) addi x9, x9, 0x3fc                       spcl_M2mmode_test+32
x9 <- 0x8000000000000FFC

mem[X,0x0000000080002308] -> 0xF4B3
mem[X,0x000000008000230A] -> 0x00A4
[837] [M]: 0x0000000080002308 (0x00A4F4B3) and x9, x9, x10                          spcl_M2mmode_test+36
x9 <- 0x0000000000000008

clint mtime 0x00000000000001A3 (mip.MTI <- 0b1, mip.STI <- 0b0)
mem[X,0x000000008000230C] -> 0x8493
mem[X,0x000000008000230E] -> 0xFF84
[838] [M]: 0x000000008000230C (0xFF848493) addi x9, x9, -0x8                        spcl_M2mmode_test+40
x9 <- 0x0000000000000000

mem[X,0x0000000080002310] -> 0x9663
mem[X,0x0000000080002312] -> 0x0004
[839] [M]: 0x0000000080002310 (0x00049663) bne x9, x0, 0xc                          spcl_M2mmode_test+44

clint mtime 0x00000000000001A4 (mip.MTI <- 0b1, mip.STI <- 0b0)
mem[X,0x0000000080002314] -> 0x3383
mem[X,0x0000000080002316] -> 0x2901
[840] [M]: 0x0000000080002314 (0x29013383) ld x7, 0x290(x2)                         spcl_M2mmode_test+48
mem[R,0x0000000080005290] -> 0x0000000000000000
x7 <- 0x0000000000000000

mem[X,0x0000000080002318] -> 0x8263
mem[X,0x000000008000231A] -> 0x6E03
[841] [M]: 0x0000000080002318 (0x6E038263) beq x7, x0, 0x6e4                        spcl_M2mmode_test+52

clint mtime 0x00000000000001A5 (mip.MTI <- 0b1, mip.STI <- 0b0)
mem[X,0x00000000800029FC] -> 0x0493
mem[X,0x00000000800029FE] -> 0xFF55
[842] [M]: 0x00000000800029FC (0xFF550493) addi x9, x10, -0xb                       rtn2mmode+0
x9 <- 0x0000000000000000

mem[X,0x0000000080002A00] -> 0x8C63
mem[X,0x0000000080002A02] -> 0x0004
[843] [M]: 0x0000000080002A00 (0x00048C63) beq x9, x0, 0x18                         rtn2mmode+4

clint mtime 0x00000000000001A6 (mip.MTI <- 0b1, mip.STI <- 0b0)
mem[X,0x0000000080002A18] -> 0x23F3
mem[X,0x0000000080002A1A] -> 0x3410
[844] [M]: 0x0000000080002A18 (0x341023F3) csrrs x7, mepc, x0                       rtn_fm_mmode+0
CSR mepc (0x341) -> 0x0000000080000AA0
x7 <- 0x0000000080000AA0

mem[X,0x0000000080002A1C] -> 0x83B3
mem[X,0x0000000080002A1E] -> 0x0093
[845] [M]: 0x0000000080002A1C (0x009383B3) add x7, x7, x9                           rtn_fm_mmode+4
x7 <- 0x0000000080000AA0

clint mtime 0x00000000000001A7 (mip.MTI <- 0b1, mip.STI <- 0b0)
mem[X,0x0000000080002A20] -> 0x3303
mem[X,0x0000000080002A22] -> 0x2601
[846] [M]: 0x0000000080002A20 (0x26013303) ld x6, 0x260(x2)                         rtn_fm_mmode+8
mem[R,0x0000000080005260] -> 0x000000001FDDB7D5
x6 <- 0x000000001FDDB7D5

mem[X,0x0000000080002A24] -> 0x3403
mem[X,0x0000000080002A26] -> 0x2701
[847] [M]: 0x0000000080002A24 (0x27013403) ld x8, 0x270(x2)                         rtn_fm_mmode+12
mem[R,0x0000000080005270] -> 0x0000000000007F76
x8 <- 0x0000000000007F76

clint mtime 0x00000000000001A8 (mip.MTI <- 0b1, mip.STI <- 0b0)
mem[X,0x0000000080002A28] -> 0x3483
mem[X,0x0000000080002A2A] -> 0x2781
[848] [M]: 0x0000000080002A28 (0x27813483) ld x9, 0x278(x2)                         rtn_fm_mmode+16
mem[R,0x0000000080005278] -> 0x00000000000000FE
x9 <- 0x00000000000000FE

mem[X,0x0000000080002A2C] -> 0x3503
mem[X,0x0000000080002A2E] -> 0x2801
[849] [M]: 0x0000000080002A2C (0x28013503) ld x10, 0x280(x2)                        rtn_fm_mmode+20
mem[R,0x0000000080005280] -> 0x0000000000000001
x10 <- 0x0000000000000001

clint mtime 0x00000000000001A9 (mip.MTI <- 0b1, mip.STI <- 0b0)
mem[X,0x0000000080002A30] -> 0x3583
mem[X,0x0000000080002A32] -> 0x2881
[850] [M]: 0x0000000080002A30 (0x28813583) ld x11, 0x288(x2)                        rtn_fm_mmode+24
mem[R,0x0000000080005288] -> 0x0000000000000000
x11 <- 0x0000000000000000

mem[X,0x0000000080002A34] -> 0x3103
mem[X,0x0000000080002A36] -> 0x2901
[851] [M]: 0x0000000080002A34 (0x29013103) ld x2, 0x290(x2)                         rtn_fm_mmode+28
mem[R,0x0000000080005290] -> 0x0000000000000000
x2 <- 0x0000000000000000

clint mtime 0x00000000000001AA (mip.MTI <- 0b1, mip.STI <- 0b0)
mem[X,0x0000000080002A38] -> 0x8067
mem[X,0x0000000080002A3A] -> 0x0043
[852] [M]: 0x0000000080002A38 (0x00438067) jalr x0, 0x4(x7)                         rtn_fm_mmode+32

mem[X,0x0000000080000AA4] -> 0x0013
mem[X,0x0000000080000AA6] -> 0x0000
[853] [M]: 0x0000000080000AA4 (0x00000013) addi x0, x0, 0x0                         main+1732

clint mtime 0x00000000000001AB (mip.MTI <- 0b1, mip.STI <- 0b0)
mem[X,0x0000000080000AA8] -> 0x0013
mem[X,0x0000000080000AAA] -> 0x0000
[854] [M]: 0x0000000080000AA8 (0x00000013) addi x0, x0, 0x0                         main+1736

mem[X,0x0000000080000AAC] -> 0x0013
mem[X,0x0000000080000AAE] -> 0x0000
[855] [M]: 0x0000000080000AAC (0x00000013) addi x0, x0, 0x0                         main+1740

clint mtime 0x00000000000001AC (mip.MTI <- 0b1, mip.STI <- 0b0)
mem[X,0x0000000080000AB0] -> 0x0013
mem[X,0x0000000080000AB2] -> 0x0000
[856] [M]: 0x0000000080000AB0 (0x00000013) addi x0, x0, 0x0                         main+1744

mem[X,0x0000000080000AB4] -> 0x0013
mem[X,0x0000000080000AB6] -> 0x0000
[857] [M]: 0x0000000080000AB4 (0x00000013) addi x0, x0, 0x0                         main+1748

clint mtime 0x00000000000001AD (mip.MTI <- 0b1, mip.STI <- 0b0)
mem[X,0x0000000080000AB8] -> 0x0013
mem[X,0x0000000080000ABA] -> 0x0000
[858] [M]: 0x0000000080000AB8 (0x00000013) addi x0, x0, 0x0                         main+1752

mem[X,0x0000000080000ABC] -> 0x0013
mem[X,0x0000000080000ABE] -> 0x0000
[859] [M]: 0x0000000080000ABC (0x00000013) addi x0, x0, 0x0                         main+1756

clint mtime 0x00000000000001AE (mip.MTI <- 0b1, mip.STI <- 0b0)
mem[X,0x0000000080000AC0] -> 0x12B7
mem[X,0x0000000080000AC2] -> 0x2000
[860] [M]: 0x0000000080000AC0 (0x200012B7) lui x5, 0x20001                          main+1760
x5 <- 0x0000000020001000

mem[X,0x0000000080000AC4] -> 0x829B
mem[X,0x0000000080000AC6] -> 0x8002
[861] [M]: 0x0000000080000AC4 (0x8002829B) addiw x5, x5, -0x800                     main+1764
x5 <- 0x0000000020000800

clint mtime 0x00000000000001AF (mip.MTI <- 0b1, mip.STI <- 0b0)
mem[X,0x0000000080000AC8] -> 0x0001
[862] [M]: 0x0000000080000AC8 (0x0001) c.nop                                        main+1768

mem[X,0x0000000080000ACA] -> 0x0013
mem[X,0x0000000080000ACC] -> 0x0000
[863] [M]: 0x0000000080000ACA (0x00000013) addi x0, x0, 0x0                         main+1770

clint mtime 0x00000000000001B0 (mip.MTI <- 0b1, mip.STI <- 0b0)
mem[X,0x0000000080000ACE] -> 0x0013
mem[X,0x0000000080000AD0] -> 0x0000
[864] [M]: 0x0000000080000ACE (0x00000013) addi x0, x0, 0x0                         main+1774

mem[X,0x0000000080000AD2] -> 0x0013
mem[X,0x0000000080000AD4] -> 0x0000
[865] [M]: 0x0000000080000AD2 (0x00000013) addi x0, x0, 0x0                         main+1778

clint mtime 0x00000000000001B1 (mip.MTI <- 0b1, mip.STI <- 0b0)
mem[X,0x0000000080000AD6] -> 0x0013
mem[X,0x0000000080000AD8] -> 0x0000
[866] [M]: 0x0000000080000AD6 (0x00000013) addi x0, x0, 0x0                         main+1782

mem[X,0x0000000080000ADA] -> 0x0013
mem[X,0x0000000080000ADC] -> 0x0000
[867] [M]: 0x0000000080000ADA (0x00000013) addi x0, x0, 0x0                         main+1786

clint mtime 0x00000000000001B2 (mip.MTI <- 0b1, mip.STI <- 0b0)
mem[X,0x0000000080000ADE] -> 0x0001
[868] [M]: 0x0000000080000ADE (0x0001) c.nop                                        main+1790

mem[X,0x0000000080000AE0] -> 0x9073
mem[X,0x0000000080000AE2] -> 0x3B92
[869] [M]: 0x0000000080000AE0 (0x3B929073) csrrw x0, pmpaddr9, x5                   main+1792
CSR pmpaddr9 (0x3B9) <- 0x0000000020000800

clint mtime 0x00000000000001B3 (mip.MTI <- 0b1, mip.STI <- 0b0)
mem[X,0x0000000080000AE4] -> 0x0213
mem[X,0x0000000080000AE6] -> 0x0010
[870] [M]: 0x0000000080000AE4 (0x00100213) addi x4, x0, 0x1                         main+1796
x4 <- 0x0000000000000001

mem[X,0x0000000080000AE8] -> 0x1213
mem[X,0x0000000080000AEA] -> 0x00F2
[871] [M]: 0x0000000080000AE8 (0x00F21213) slli x4, x4, 0xf                         main+1800
x4 <- 0x0000000000008000

clint mtime 0x00000000000001B4 (mip.MTI <- 0b1, mip.STI <- 0b0)
mem[X,0x0000000080000AEC] -> 0x1073
mem[X,0x0000000080000AEE] -> 0x3A22
[872] [M]: 0x0000000080000AEC (0x3A221073) csrrw x0, pmpcfg2, x4                    main+1804
CSR pmpcfg2 (0x3A2) <- 0x9F80808080808000

mem[X,0x0000000080000AF0] -> 0x0013
mem[X,0x0000000080000AF2] -> 0x0000
[873] [M]: 0x0000000080000AF0 (0x00000013) addi x0, x0, 0x0                         main+1808

clint mtime 0x00000000000001B5 (mip.MTI <- 0b1, mip.STI <- 0b0)
mem[X,0x0000000080000AF4] -> 0x0013
mem[X,0x0000000080000AF6] -> 0x0000
[874] [M]: 0x0000000080000AF4 (0x00000013) addi x0, x0, 0x0                         main+1812

mem[X,0x0000000080000AF8] -> 0x0013
mem[X,0x0000000080000AFA] -> 0x0000
[875] [M]: 0x0000000080000AF8 (0x00000013) addi x0, x0, 0x0                         main+1816

clint mtime 0x00000000000001B6 (mip.MTI <- 0b1, mip.STI <- 0b0)
mem[X,0x0000000080000AFC] -> 0x0013
mem[X,0x0000000080000AFE] -> 0x0000
[876] [M]: 0x0000000080000AFC (0x00000013) addi x0, x0, 0x0                         main+1820

mem[X,0x0000000080000B00] -> 0x1717
mem[X,0x0000000080000B02] -> 0x0000
[877] [M]: 0x0000000080000B00 (0x00001717) auipc x14, 0x1                           main+1824
x14 <- 0x0000000080001B00

clint mtime 0x00000000000001B7 (mip.MTI <- 0b1, mip.STI <- 0b0)
mem[X,0x0000000080000B04] -> 0x0713
mem[X,0x0000000080000B06] -> 0x5007
[878] [M]: 0x0000000080000B04 (0x50070713) addi x14, x14, 0x500                     main+1828
x14 <- 0x0000000080002000

mem[X,0x0000000080000B08] -> 0x0001
[879] [M]: 0x0000000080000B08 (0x0001) c.nop                                        main+1832

clint mtime 0x00000000000001B8 (mip.MTI <- 0b1, mip.STI <- 0b0)
mem[X,0x0000000080000B0A] -> 0x0013
mem[X,0x0000000080000B0C] -> 0x0000
[880] [M]: 0x0000000080000B0A (0x00000013) addi x0, x0, 0x0                         main+1834

mem[X,0x0000000080000B0E] -> 0x0013
mem[X,0x0000000080000B10] -> 0x0000
[881] [M]: 0x0000000080000B0E (0x00000013) addi x0, x0, 0x0                         main+1838

clint mtime 0x00000000000001B9 (mip.MTI <- 0b1, mip.STI <- 0b0)
mem[X,0x0000000080000B12] -> 0x0013
mem[X,0x0000000080000B14] -> 0x0000
[882] [M]: 0x0000000080000B12 (0x00000013) addi x0, x0, 0x0                         main+1842

mem[X,0x0000000080000B16] -> 0x0013
mem[X,0x0000000080000B18] -> 0x0000
[883] [M]: 0x0000000080000B16 (0x00000013) addi x0, x0, 0x0                         main+1846

clint mtime 0x00000000000001BA (mip.MTI <- 0b1, mip.STI <- 0b0)
mem[X,0x0000000080000B1A] -> 0x0013
mem[X,0x0000000080000B1C] -> 0x0000
[884] [M]: 0x0000000080000B1A (0x00000013) addi x0, x0, 0x0                         main+1850

mem[X,0x0000000080000B1E] -> 0x0001
[885] [M]: 0x0000000080000B1E (0x0001) c.nop                                        main+1854

clint mtime 0x00000000000001BB (mip.MTI <- 0b1, mip.STI <- 0b0)
mem[X,0x0000000080000B20] -> 0x51B7
mem[X,0x0000000080000B22] -> 0x0000
[886] [M]: 0x0000000080000B20 (0x000051B7) lui x3, 0x5                              main+1856
x3 <- 0x0000000000005000

mem[X,0x0000000080000B24] -> 0x8193
mem[X,0x0000000080000B26] -> 0x6671
[887] [M]: 0x0000000080000B24 (0x66718193) addi x3, x3, 0x667                       main+1860
x3 <- 0x0000000000005667

clint mtime 0x00000000000001BC (mip.MTI <- 0b1, mip.STI <- 0b0)
mem[X,0x0000000080000B28] -> 0x9193
mem[X,0x0000000080000B2A] -> 0x0011
[888] [M]: 0x0000000080000B28 (0x00119193) slli x3, x3, 0x1                         main+1864
x3 <- 0x000000000000ACCE

mem[X,0x0000000080000B2C] -> 0x0013
mem[X,0x0000000080000B2E] -> 0x0000
[889] [M]: 0x0000000080000B2C (0x00000013) addi x0, x0, 0x0                         main+1868

clint mtime 0x00000000000001BD (mip.MTI <- 0b1, mip.STI <- 0b0)
mem[X,0x0000000080000B30] -> 0x0013
mem[X,0x0000000080000B32] -> 0x0000
[890] [M]: 0x0000000080000B30 (0x00000013) addi x0, x0, 0x0                         main+1872

mem[X,0x0000000080000B34] -> 0x0013
mem[X,0x0000000080000B36] -> 0x0000
[891] [M]: 0x0000000080000B34 (0x00000013) addi x0, x0, 0x0                         main+1876

clint mtime 0x00000000000001BE (mip.MTI <- 0b1, mip.STI <- 0b0)
mem[X,0x0000000080000B38] -> 0x0013
mem[X,0x0000000080000B3A] -> 0x0000
[892] [M]: 0x0000000080000B38 (0x00000013) addi x0, x0, 0x0                         main+1880

mem[X,0x0000000080000B3C] -> 0x0013
mem[X,0x0000000080000B3E] -> 0x0000
[893] [M]: 0x0000000080000B3C (0x00000013) addi x0, x0, 0x0                         main+1884

clint mtime 0x00000000000001BF (mip.MTI <- 0b1, mip.STI <- 0b0)
mem[X,0x0000000080000B40] -> 0x0217
mem[X,0x0000000080000B42] -> 0x0000
[894] [M]: 0x0000000080000B40 (0x00000217) auipc x4, 0x0                            main+1888
x4 <- 0x0000000080000B40

mem[X,0x0000000080000B44] -> 0x0213
mem[X,0x0000000080000B46] -> 0x02C2
[895] [M]: 0x0000000080000B44 (0x02C20213) addi x4, x4, 0x2c                        main+1892
x4 <- 0x0000000080000B6C

clint mtime 0x00000000000001C0 (mip.MTI <- 0b1, mip.STI <- 0b0)
mem[X,0x0000000080000B48] -> 0x0001
[896] [M]: 0x0000000080000B48 (0x0001) c.nop                                        main+1896

mem[X,0x0000000080000B4A] -> 0x0013
mem[X,0x0000000080000B4C] -> 0x0000
[897] [M]: 0x0000000080000B4A (0x00000013) addi x0, x0, 0x0                         main+1898

clint mtime 0x00000000000001C1 (mip.MTI <- 0b1, mip.STI <- 0b0)
mem[X,0x0000000080000B4E] -> 0x0013
mem[X,0x0000000080000B50] -> 0x0000
[898] [M]: 0x0000000080000B4E (0x00000013) addi x0, x0, 0x0                         main+1902

mem[X,0x0000000080000B52] -> 0x0013
mem[X,0x0000000080000B54] -> 0x0000
[899] [M]: 0x0000000080000B52 (0x00000013) addi x0, x0, 0x0                         main+1906

clint mtime 0x00000000000001C2 (mip.MTI <- 0b1, mip.STI <- 0b0)
mem[X,0x0000000080000B56] -> 0x0013
mem[X,0x0000000080000B58] -> 0x0000
[900] [M]: 0x0000000080000B56 (0x00000013) addi x0, x0, 0x0                         main+1910

mem[X,0x0000000080000B5A] -> 0x0013
mem[X,0x0000000080000B5C] -> 0x0000
[901] [M]: 0x0000000080000B5A (0x00000013) addi x0, x0, 0x0                         main+1914

clint mtime 0x00000000000001C3 (mip.MTI <- 0b1, mip.STI <- 0b0)
mem[X,0x0000000080000B5E] -> 0x0001
[902] [M]: 0x0000000080000B5E (0x0001) c.nop                                        main+1918

mem[X,0x0000000080000B60] -> 0x00E7
mem[X,0x0000000080000B62] -> 0x0007
[903] [M]: 0x0000000080000B60 (0x000700E7) jalr x1, 0x0(x14)                        main+1920
x1 <- 0x0000000080000B64

clint mtime 0x00000000000001C4 (mip.MTI <- 0b1, mip.STI <- 0b0)
mem[X,0x0000000080002000] -> 0x0013
mem[X,0x0000000080002002] -> 0x0000
[904] [M]: 0x0000000080002000 (0x00000013) addi x0, x0, 0x0                         TEST_FOR_EXECUTION+0

mem[X,0x0000000080002004] -> 0x0013
mem[X,0x0000000080002006] -> 0x0000
[905] [M]: 0x0000000080002004 (0x00000013) addi x0, x0, 0x0                         TEST_FOR_EXECUTION+4

clint mtime 0x00000000000001C5 (mip.MTI <- 0b1, mip.STI <- 0b0)
mem[X,0x0000000080002008] -> 0x0013
mem[X,0x000000008000200A] -> 0x0000
[906] [M]: 0x0000000080002008 (0x00000013) addi x0, x0, 0x0                         RETURN_INSTRUCTION+0

mem[X,0x000000008000200C] -> 0x0013
mem[X,0x000000008000200E] -> 0x0000
[907] [M]: 0x000000008000200C (0x00000013) addi x0, x0, 0x0                         RETURN_INSTRUCTION+4

clint mtime 0x00000000000001C6 (mip.MTI <- 0b1, mip.STI <- 0b0)
mem[X,0x0000000080002010] -> 0x8067
mem[X,0x0000000080002012] -> 0x0000
[908] [M]: 0x0000000080002010 (0x00008067) jalr x0, 0x0(x1)                         RETURN_INSTRUCTION+8

mem[X,0x0000000080000B64] -> 0x0013
mem[X,0x0000000080000B66] -> 0x0000
[909] [M]: 0x0000000080000B64 (0x00000013) addi x0, x0, 0x0                         main+1924

clint mtime 0x00000000000001C7 (mip.MTI <- 0b1, mip.STI <- 0b0)
mem[X,0x0000000080000B68] -> 0x0013
mem[X,0x0000000080000B6A] -> 0x0000
[910] [M]: 0x0000000080000B68 (0x00000013) addi x0, x0, 0x0                         main+1928

mem[X,0x0000000080000B6C] -> 0x0013
mem[X,0x0000000080000B6E] -> 0x0000
[911] [M]: 0x0000000080000B6C (0x00000013) addi x0, x0, 0x0                         main+1932

clint mtime 0x00000000000001C8 (mip.MTI <- 0b1, mip.STI <- 0b0)
mem[X,0x0000000080000B70] -> 0x0013
mem[X,0x0000000080000B72] -> 0x0000
[912] [M]: 0x0000000080000B70 (0x00000013) addi x0, x0, 0x0                         main+1936

mem[X,0x0000000080000B74] -> 0x0013
mem[X,0x0000000080000B76] -> 0x0000
[913] [M]: 0x0000000080000B74 (0x00000013) addi x0, x0, 0x0                         main+1940

clint mtime 0x00000000000001C9 (mip.MTI <- 0b1, mip.STI <- 0b0)
mem[X,0x0000000080000B78] -> 0x0013
mem[X,0x0000000080000B7A] -> 0x0000
[914] [M]: 0x0000000080000B78 (0x00000013) addi x0, x0, 0x0                         main+1944

mem[X,0x0000000080000B7C] -> 0x0013
mem[X,0x0000000080000B7E] -> 0x0000
[915] [M]: 0x0000000080000B7C (0x00000013) addi x0, x0, 0x0                         main+1948

clint mtime 0x00000000000001CA (mip.MTI <- 0b1, mip.STI <- 0b0)
mem[X,0x0000000080000B80] -> 0x1797
mem[X,0x0000000080000B82] -> 0x0000
[916] [M]: 0x0000000080000B80 (0x00001797) auipc x15, 0x1                           main+1952
x15 <- 0x0000000080001B80

mem[X,0x0000000080000B84] -> 0x8793
mem[X,0x0000000080000B86] -> 0x4807
[917] [M]: 0x0000000080000B84 (0x48078793) addi x15, x15, 0x480                     main+1956
x15 <- 0x0000000080002000

clint mtime 0x00000000000001CB (mip.MTI <- 0b1, mip.STI <- 0b0)
mem[X,0x0000000080000B88] -> 0x0001
[918] [M]: 0x0000000080000B88 (0x0001) c.nop                                        main+1960

mem[X,0x0000000080000B8A] -> 0x0013
mem[X,0x0000000080000B8C] -> 0x0000
[919] [M]: 0x0000000080000B8A (0x00000013) addi x0, x0, 0x0                         main+1962

clint mtime 0x00000000000001CC (mip.MTI <- 0b1, mip.STI <- 0b0)
mem[X,0x0000000080000B8E] -> 0x0013
mem[X,0x0000000080000B90] -> 0x0000
[920] [M]: 0x0000000080000B8E (0x00000013) addi x0, x0, 0x0                         main+1966

mem[X,0x0000000080000B92] -> 0x0013
mem[X,0x0000000080000B94] -> 0x0000
[921] [M]: 0x0000000080000B92 (0x00000013) addi x0, x0, 0x0                         main+1970

clint mtime 0x00000000000001CD (mip.MTI <- 0b1, mip.STI <- 0b0)
mem[X,0x0000000080000B96] -> 0x0013
mem[X,0x0000000080000B98] -> 0x0000
[922] [M]: 0x0000000080000B96 (0x00000013) addi x0, x0, 0x0                         main+1974

mem[X,0x0000000080000B9A] -> 0x0013
mem[X,0x0000000080000B9C] -> 0x0000
[923] [M]: 0x0000000080000B9A (0x00000013) addi x0, x0, 0x0                         main+1978

clint mtime 0x00000000000001CE (mip.MTI <- 0b1, mip.STI <- 0b0)
mem[X,0x0000000080000B9E] -> 0x0001
[924] [M]: 0x0000000080000B9E (0x0001) c.nop                                        main+1982

mem[X,0x0000000080000BA0] -> 0x0737
mem[X,0x0000000080000BA2] -> 0x0000
[925] [M]: 0x0000000080000BA0 (0x00000737) lui x14, 0x0                             main+1984
x14 <- 0x0000000000000000

clint mtime 0x00000000000001CF (mip.MTI <- 0b1, mip.STI <- 0b0)
mem[X,0x0000000080000BA4] -> 0x0713
mem[X,0x0000000080000BA6] -> 0x0137
[926] [M]: 0x0000000080000BA4 (0x01370713) addi x14, x14, 0x13                      main+1988
x14 <- 0x0000000000000013

mem[X,0x0000000080000BA8] -> 0x1713
mem[X,0x0000000080000BAA] -> 0x00B7
[927] [M]: 0x0000000080000BA8 (0x00B71713) slli x14, x14, 0xb                       main+1992
x14 <- 0x0000000000009800

clint mtime 0x00000000000001D0 (mip.MTI <- 0b1, mip.STI <- 0b0)
mem[X,0x0000000080000BAC] -> 0x0713
mem[X,0x0000000080000BAE] -> 0x0007
[928] [M]: 0x0000000080000BAC (0x00070713) addi x14, x14, 0x0                       main+1996
x14 <- 0x0000000000009800

mem[X,0x0000000080000BB0] -> 0x1713
mem[X,0x0000000080000BB2] -> 0x00B7
[929] [M]: 0x0000000080000BB0 (0x00B71713) slli x14, x14, 0xb                       main+2000
x14 <- 0x0000000004C00000

clint mtime 0x00000000000001D1 (mip.MTI <- 0b1, mip.STI <- 0b0)
mem[X,0x0000000080000BB4] -> 0x0713
mem[X,0x0000000080000BB6] -> 0x0007
[930] [M]: 0x0000000080000BB4 (0x00070713) addi x14, x14, 0x0                       main+2004
x14 <- 0x0000000004C00000

mem[X,0x0000000080000BB8] -> 0x1713
mem[X,0x0000000080000BBA] -> 0x00A7
[931] [M]: 0x0000000080000BB8 (0x00A71713) slli x14, x14, 0xa                       main+2008
x14 <- 0x0000001300000000

clint mtime 0x00000000000001D2 (mip.MTI <- 0b1, mip.STI <- 0b0)
mem[X,0x0000000080000BBC] -> 0x0713
mem[X,0x0000000080000BBE] -> 0x0137
[932] [M]: 0x0000000080000BBC (0x01370713) addi x14, x14, 0x13                      main+2012
x14 <- 0x0000001300000013

mem[X,0x0000000080000BC0] -> 0xA023
mem[X,0x0000000080000BC2] -> 0x00E7
[933] [M]: 0x0000000080000BC0 (0x00E7A023) sw x14, 0x0(x15)                         main+2016
mem[W,0x0000000080002000] <- 0x00000013

clint mtime 0x00000000000001D3 (mip.MTI <- 0b1, mip.STI <- 0b0)
mem[X,0x0000000080000BC4] -> 0x0013
mem[X,0x0000000080000BC6] -> 0x0000
[934] [M]: 0x0000000080000BC4 (0x00000013) addi x0, x0, 0x0                         main+2020

mem[X,0x0000000080000BC8] -> 0x0013
mem[X,0x0000000080000BCA] -> 0x0000
[935] [M]: 0x0000000080000BC8 (0x00000013) addi x0, x0, 0x0                         main+2024

clint mtime 0x00000000000001D4 (mip.MTI <- 0b1, mip.STI <- 0b0)
mem[X,0x0000000080000BCC] -> 0xA703
mem[X,0x0000000080000BCE] -> 0x0007
[936] [M]: 0x0000000080000BCC (0x0007A703) lw x14, 0x0(x15)                         main+2028
mem[R,0x0000000080002000] -> 0x00000013
x14 <- 0x0000000000000013

mem[X,0x0000000080000BD0] -> 0x0013
mem[X,0x0000000080000BD2] -> 0x0000
[937] [M]: 0x0000000080000BD0 (0x00000013) addi x0, x0, 0x0                         main+2032

clint mtime 0x00000000000001D5 (mip.MTI <- 0b1, mip.STI <- 0b0)
mem[X,0x0000000080000BD4] -> 0x0013
mem[X,0x0000000080000BD6] -> 0x0000
[938] [M]: 0x0000000080000BD4 (0x00000013) addi x0, x0, 0x0                         main+2036

mem[X,0x0000000080000BD8] -> 0xB423
mem[X,0x0000000080000BDA] -> 0x02E6
[939] [M]: 0x0000000080000BD8 (0x02E6B423) sd x14, 0x28(x13)                        main+2040
mem[W,0x0000000080006240] <- 0x0000000000000013

clint mtime 0x00000000000001D6 (mip.MTI <- 0b1, mip.STI <- 0b0)
mem[X,0x0000000080000BDC] -> 0x0113
mem[X,0x0000000080000BDE] -> 0x0000
[940] [M]: 0x0000000080000BDC (0x00000113) addi x2, x0, 0x0                         main+2044
x2 <- 0x0000000000000000

mem[X,0x0000000080000BE0] -> 0x0073
mem[X,0x0000000080000BE2] -> 0x0000
[941] [M]: 0x0000000080000BE0 (0x00000073) ecall                                    main+2048
trapping from M to M to handle m-call
handling exc#m-call at priv M with tval 0x0000000000000000
CSR mstatus (0x300) <- 0x0000000A00001800
CSR mcause (0x342) <- 0x000000000000000B
CSR mtval (0x343) <- 0x0000000000000000
CSR mepc (0x341) <- 0x0000000080000BE0

clint mtime 0x00000000000001D7 (mip.MTI <- 0b1, mip.STI <- 0b0)
mem[X,0x0000000080002100] -> 0x006F
mem[X,0x0000000080002102] -> 0x1000
[942] [M]: 0x0000000080002100 (0x1000006F) jal x0, 0x100                            Mtrampoline+0

mem[X,0x0000000080002200] -> 0x1173
mem[X,0x0000000080002202] -> 0x3401
[943] [M]: 0x0000000080002200 (0x34011173) csrrw x2, mscratch, x2                   trap_Mhandler+0
CSR mscratch (0x340) <- 0x0000000000000000
x2 <- 0x0000000080005000

clint mtime 0x00000000000001D8 (mip.MTI <- 0b1, mip.STI <- 0b0)
mem[X,0x0000000080002204] -> 0x3423
mem[X,0x0000000080002206] -> 0x28B1
[944] [M]: 0x0000000080002204 (0x28B13423) sd x11, 0x288(x2)                        trap_Mhandler+4
mem[W,0x0000000080005288] <- 0x0000000000000000

mem[X,0x0000000080002208] -> 0x05EF
mem[X,0x000000008000220A] -> 0x0B80
[945] [M]: 0x0000000080002208 (0x0B8005EF) jal x11, 0xb8                            trap_Mhandler+8
x11 <- 0x000000008000220C

clint mtime 0x00000000000001D9 (mip.MTI <- 0b1, mip.STI <- 0b0)
mem[X,0x00000000800022C0] -> 0x3023
mem[X,0x00000000800022C2] -> 0x28A1
[946] [M]: 0x00000000800022C0 (0x28A13023) sd x10, 0x280(x2)                        common_Mhandler+0
mem[W,0x0000000080005280] <- 0x0000000000000001

mem[X,0x00000000800022C4] -> 0x1573
mem[X,0x00000000800022C6] -> 0x3401
[947] [M]: 0x00000000800022C4 (0x34011573) csrrw x10, mscratch, x2                  common_Mhandler+4
CSR mscratch (0x340) <- 0x0000000080005000
x10 <- 0x0000000000000000

clint mtime 0x00000000000001DA (mip.MTI <- 0b1, mip.STI <- 0b0)
mem[X,0x00000000800022C8] -> 0x3823
mem[X,0x00000000800022CA] -> 0x28A1
[948] [M]: 0x00000000800022C8 (0x28A13823) sd x10, 0x290(x2)                        common_Mhandler+8
mem[W,0x0000000080005290] <- 0x0000000000000000

mem[X,0x00000000800022CC] -> 0x3503
mem[X,0x00000000800022CE] -> 0x2301
[949] [M]: 0x00000000800022CC (0x23013503) ld x10, 0x230(x2)                        common_Mhandler+12
mem[R,0x0000000080005230] -> 0x00000000800022D4
x10 <- 0x00000000800022D4

clint mtime 0x00000000000001DB (mip.MTI <- 0b1, mip.STI <- 0b0)
mem[X,0x00000000800022D0] -> 0x0067
mem[X,0x00000000800022D2] -> 0x0005
[950] [M]: 0x00000000800022D0 (0x00050067) jalr x0, 0x0(x10)                        common_Mhandler+16

mem[X,0x00000000800022D4] -> 0x3C23
mem[X,0x00000000800022D6] -> 0x2691
[951] [M]: 0x00000000800022D4 (0x26913C23) sd x9, 0x278(x2)                         common_Mentry+0
mem[W,0x0000000080005278] <- 0x00000000000000FE

clint mtime 0x00000000000001DC (mip.MTI <- 0b1, mip.STI <- 0b0)
mem[X,0x00000000800022D8] -> 0x3823
mem[X,0x00000000800022DA] -> 0x2681
[952] [M]: 0x00000000800022D8 (0x26813823) sd x8, 0x270(x2)                         common_Mentry+4
mem[W,0x0000000080005270] <- 0x0000000000007F76

mem[X,0x00000000800022DC] -> 0x3423
mem[X,0x00000000800022DE] -> 0x2671
[953] [M]: 0x00000000800022DC (0x26713423) sd x7, 0x268(x2)                         common_Mentry+8
mem[W,0x0000000080005268] <- 0x0000000080000AA0

clint mtime 0x00000000000001DD (mip.MTI <- 0b1, mip.STI <- 0b0)
mem[X,0x00000000800022E0] -> 0x3023
mem[X,0x00000000800022E2] -> 0x2661
[954] [M]: 0x00000000800022E0 (0x26613023) sd x6, 0x260(x2)                         common_Mentry+12
mem[W,0x0000000080005260] <- 0x000000001FDDB7D5

mem[X,0x00000000800022E4] -> 0x2573
mem[X,0x00000000800022E6] -> 0x3420
[955] [M]: 0x00000000800022E4 (0x34202573) csrrs x10, mcause, x0                    spcl_M2mmode_test+0
CSR mcause (0x342) -> 0x000000000000000B
x10 <- 0x000000000000000B

clint mtime 0x00000000000001DE (mip.MTI <- 0b1, mip.STI <- 0b0)
mem[X,0x00000000800022E8] -> 0x04B7
mem[X,0x00000000800022EA] -> 0x8000
[956] [M]: 0x00000000800022E8 (0x800004B7) lui x9, -0x80000                         spcl_M2mmode_test+4
x9 <- 0xFFFFFFFF80000000

mem[X,0x00000000800022EC] -> 0x8493
mem[X,0x00000000800022EE] -> 0x0004
[957] [M]: 0x00000000800022EC (0x00048493) addi x9, x9, 0x0                         spcl_M2mmode_test+8
x9 <- 0xFFFFFFFF80000000

clint mtime 0x00000000000001DF (mip.MTI <- 0b1, mip.STI <- 0b0)
mem[X,0x00000000800022F0] -> 0x9493
mem[X,0x00000000800022F2] -> 0x00B4
[958] [M]: 0x00000000800022F0 (0x00B49493) slli x9, x9, 0xb                         spcl_M2mmode_test+12
x9 <- 0xFFFFFC0000000000

mem[X,0x00000000800022F4] -> 0x8493
mem[X,0x00000000800022F6] -> 0x0004
[959] [M]: 0x00000000800022F4 (0x00048493) addi x9, x9, 0x0                         spcl_M2mmode_test+16
x9 <- 0xFFFFFC0000000000

clint mtime 0x00000000000001E0 (mip.MTI <- 0b1, mip.STI <- 0b0)
mem[X,0x00000000800022F8] -> 0x9493
mem[X,0x00000000800022FA] -> 0x00B4
[960] [M]: 0x00000000800022F8 (0x00B49493) slli x9, x9, 0xb                         spcl_M2mmode_test+20
x9 <- 0xFFE0000000000000

mem[X,0x00000000800022FC] -> 0x8493
mem[X,0x00000000800022FE] -> 0x0034
[961] [M]: 0x00000000800022FC (0x00348493) addi x9, x9, 0x3                         spcl_M2mmode_test+24
x9 <- 0xFFE0000000000003

clint mtime 0x00000000000001E1 (mip.MTI <- 0b1, mip.STI <- 0b0)
mem[X,0x0000000080002300] -> 0x9493
mem[X,0x0000000080002302] -> 0x00A4
[962] [M]: 0x0000000080002300 (0x00A49493) slli x9, x9, 0xa                         spcl_M2mmode_test+28
x9 <- 0x8000000000000C00

mem[X,0x0000000080002304] -> 0x8493
mem[X,0x0000000080002306] -> 0x3FC4
[963] [M]: 0x0000000080002304 (0x3FC48493) addi x9, x9, 0x3fc                       spcl_M2mmode_test+32
x9 <- 0x8000000000000FFC

clint mtime 0x00000000000001E2 (mip.MTI <- 0b1, mip.STI <- 0b0)
mem[X,0x0000000080002308] -> 0xF4B3
mem[X,0x000000008000230A] -> 0x00A4
[964] [M]: 0x0000000080002308 (0x00A4F4B3) and x9, x9, x10                          spcl_M2mmode_test+36
x9 <- 0x0000000000000008

mem[X,0x000000008000230C] -> 0x8493
mem[X,0x000000008000230E] -> 0xFF84
[965] [M]: 0x000000008000230C (0xFF848493) addi x9, x9, -0x8                        spcl_M2mmode_test+40
x9 <- 0x0000000000000000

clint mtime 0x00000000000001E3 (mip.MTI <- 0b1, mip.STI <- 0b0)
mem[X,0x0000000080002310] -> 0x9663
mem[X,0x0000000080002312] -> 0x0004
[966] [M]: 0x0000000080002310 (0x00049663) bne x9, x0, 0xc                          spcl_M2mmode_test+44

mem[X,0x0000000080002314] -> 0x3383
mem[X,0x0000000080002316] -> 0x2901
[967] [M]: 0x0000000080002314 (0x29013383) ld x7, 0x290(x2)                         spcl_M2mmode_test+48
mem[R,0x0000000080005290] -> 0x0000000000000000
x7 <- 0x0000000000000000

clint mtime 0x00000000000001E4 (mip.MTI <- 0b1, mip.STI <- 0b0)
mem[X,0x0000000080002318] -> 0x8263
mem[X,0x000000008000231A] -> 0x6E03
[968] [M]: 0x0000000080002318 (0x6E038263) beq x7, x0, 0x6e4                        spcl_M2mmode_test+52

mem[X,0x00000000800029FC] -> 0x0493
mem[X,0x00000000800029FE] -> 0xFF55
[969] [M]: 0x00000000800029FC (0xFF550493) addi x9, x10, -0xb                       rtn2mmode+0
x9 <- 0x0000000000000000

clint mtime 0x00000000000001E5 (mip.MTI <- 0b1, mip.STI <- 0b0)
mem[X,0x0000000080002A00] -> 0x8C63
mem[X,0x0000000080002A02] -> 0x0004
[970] [M]: 0x0000000080002A00 (0x00048C63) beq x9, x0, 0x18                         rtn2mmode+4

mem[X,0x0000000080002A18] -> 0x23F3
mem[X,0x0000000080002A1A] -> 0x3410
[971] [M]: 0x0000000080002A18 (0x341023F3) csrrs x7, mepc, x0                       rtn_fm_mmode+0
CSR mepc (0x341) -> 0x0000000080000BE0
x7 <- 0x0000000080000BE0

clint mtime 0x00000000000001E6 (mip.MTI <- 0b1, mip.STI <- 0b0)
mem[X,0x0000000080002A1C] -> 0x83B3
mem[X,0x0000000080002A1E] -> 0x0093
[972] [M]: 0x0000000080002A1C (0x009383B3) add x7, x7, x9                           rtn_fm_mmode+4
x7 <- 0x0000000080000BE0

mem[X,0x0000000080002A20] -> 0x3303
mem[X,0x0000000080002A22] -> 0x2601
[973] [M]: 0x0000000080002A20 (0x26013303) ld x6, 0x260(x2)                         rtn_fm_mmode+8
mem[R,0x0000000080005260] -> 0x000000001FDDB7D5
x6 <- 0x000000001FDDB7D5

clint mtime 0x00000000000001E7 (mip.MTI <- 0b1, mip.STI <- 0b0)
mem[X,0x0000000080002A24] -> 0x3403
mem[X,0x0000000080002A26] -> 0x2701
[974] [M]: 0x0000000080002A24 (0x27013403) ld x8, 0x270(x2)                         rtn_fm_mmode+12
mem[R,0x0000000080005270] -> 0x0000000000007F76
x8 <- 0x0000000000007F76

mem[X,0x0000000080002A28] -> 0x3483
mem[X,0x0000000080002A2A] -> 0x2781
[975] [M]: 0x0000000080002A28 (0x27813483) ld x9, 0x278(x2)                         rtn_fm_mmode+16
mem[R,0x0000000080005278] -> 0x00000000000000FE
x9 <- 0x00000000000000FE

clint mtime 0x00000000000001E8 (mip.MTI <- 0b1, mip.STI <- 0b0)
mem[X,0x0000000080002A2C] -> 0x3503
mem[X,0x0000000080002A2E] -> 0x2801
[976] [M]: 0x0000000080002A2C (0x28013503) ld x10, 0x280(x2)                        rtn_fm_mmode+20
mem[R,0x0000000080005280] -> 0x0000000000000001
x10 <- 0x0000000000000001

mem[X,0x0000000080002A30] -> 0x3583
mem[X,0x0000000080002A32] -> 0x2881
[977] [M]: 0x0000000080002A30 (0x28813583) ld x11, 0x288(x2)                        rtn_fm_mmode+24
mem[R,0x0000000080005288] -> 0x0000000000000000
x11 <- 0x0000000000000000

clint mtime 0x00000000000001E9 (mip.MTI <- 0b1, mip.STI <- 0b0)
mem[X,0x0000000080002A34] -> 0x3103
mem[X,0x0000000080002A36] -> 0x2901
[978] [M]: 0x0000000080002A34 (0x29013103) ld x2, 0x290(x2)                         rtn_fm_mmode+28
mem[R,0x0000000080005290] -> 0x0000000000000000
x2 <- 0x0000000000000000

mem[X,0x0000000080002A38] -> 0x8067
mem[X,0x0000000080002A3A] -> 0x0043
[979] [M]: 0x0000000080002A38 (0x00438067) jalr x0, 0x4(x7)                         rtn_fm_mmode+32

clint mtime 0x00000000000001EA (mip.MTI <- 0b1, mip.STI <- 0b0)
mem[X,0x0000000080000BE4] -> 0x0013
mem[X,0x0000000080000BE6] -> 0x0000
[980] [M]: 0x0000000080000BE4 (0x00000013) addi x0, x0, 0x0                         main+2052

mem[X,0x0000000080000BE8] -> 0x0013
mem[X,0x0000000080000BEA] -> 0x0000
[981] [M]: 0x0000000080000BE8 (0x00000013) addi x0, x0, 0x0                         main+2056

clint mtime 0x00000000000001EB (mip.MTI <- 0b1, mip.STI <- 0b0)
mem[X,0x0000000080000BEC] -> 0x0013
mem[X,0x0000000080000BEE] -> 0x0000
[982] [M]: 0x0000000080000BEC (0x00000013) addi x0, x0, 0x0                         main+2060

mem[X,0x0000000080000BF0] -> 0x0013
mem[X,0x0000000080000BF2] -> 0x0000
[983] [M]: 0x0000000080000BF0 (0x00000013) addi x0, x0, 0x0                         main+2064

clint mtime 0x00000000000001EC (mip.MTI <- 0b1, mip.STI <- 0b0)
mem[X,0x0000000080000BF4] -> 0x0013
mem[X,0x0000000080000BF6] -> 0x0000
[984] [M]: 0x0000000080000BF4 (0x00000013) addi x0, x0, 0x0                         main+2068

mem[X,0x0000000080000BF8] -> 0x0013
mem[X,0x0000000080000BFA] -> 0x0000
[985] [M]: 0x0000000080000BF8 (0x00000013) addi x0, x0, 0x0                         main+2072

clint mtime 0x00000000000001ED (mip.MTI <- 0b1, mip.STI <- 0b0)
mem[X,0x0000000080000BFC] -> 0x0013
mem[X,0x0000000080000BFE] -> 0x0000
[986] [M]: 0x0000000080000BFC (0x00000013) addi x0, x0, 0x0                         main+2076

mem[X,0x0000000080000C00] -> 0x12B7
mem[X,0x0000000080000C02] -> 0x2000
[987] [M]: 0x0000000080000C00 (0x200012B7) lui x5, 0x20001                          main+2080
x5 <- 0x0000000020001000

clint mtime 0x00000000000001EE (mip.MTI <- 0b1, mip.STI <- 0b0)
mem[X,0x0000000080000C04] -> 0x829B
mem[X,0x0000000080000C06] -> 0x8002
[988] [M]: 0x0000000080000C04 (0x8002829B) addiw x5, x5, -0x800                     main+2084
x5 <- 0x0000000020000800

mem[X,0x0000000080000C08] -> 0x0001
[989] [M]: 0x0000000080000C08 (0x0001) c.nop                                        main+2088

clint mtime 0x00000000000001EF (mip.MTI <- 0b1, mip.STI <- 0b0)
mem[X,0x0000000080000C0A] -> 0x0013
mem[X,0x0000000080000C0C] -> 0x0000
[990] [M]: 0x0000000080000C0A (0x00000013) addi x0, x0, 0x0                         main+2090

mem[X,0x0000000080000C0E] -> 0x0013
mem[X,0x0000000080000C10] -> 0x0000
[991] [M]: 0x0000000080000C0E (0x00000013) addi x0, x0, 0x0                         main+2094

clint mtime 0x00000000000001F0 (mip.MTI <- 0b1, mip.STI <- 0b0)
mem[X,0x0000000080000C12] -> 0x0013
mem[X,0x0000000080000C14] -> 0x0000
[992] [M]: 0x0000000080000C12 (0x00000013) addi x0, x0, 0x0                         main+2098

mem[X,0x0000000080000C16] -> 0x0013
mem[X,0x0000000080000C18] -> 0x0000
[993] [M]: 0x0000000080000C16 (0x00000013) addi x0, x0, 0x0                         main+2102

clint mtime 0x00000000000001F1 (mip.MTI <- 0b1, mip.STI <- 0b0)
mem[X,0x0000000080000C1A] -> 0x0013
mem[X,0x0000000080000C1C] -> 0x0000
[994] [M]: 0x0000000080000C1A (0x00000013) addi x0, x0, 0x0                         main+2106

mem[X,0x0000000080000C1E] -> 0x0001
[995] [M]: 0x0000000080000C1E (0x0001) c.nop                                        main+2110

clint mtime 0x00000000000001F2 (mip.MTI <- 0b1, mip.STI <- 0b0)
mem[X,0x0000000080000C20] -> 0x9073
mem[X,0x0000000080000C22] -> 0x3B82
[996] [M]: 0x0000000080000C20 (0x3B829073) csrrw x0, pmpaddr8, x5                   main+2112
CSR pmpaddr8 (0x3B8) <- 0x0000000020000800

mem[X,0x0000000080000C24] -> 0x0213
mem[X,0x0000000080000C26] -> 0x0800
[997] [M]: 0x0000000080000C24 (0x08000213) addi x4, x0, 0x80                        main+2116
x4 <- 0x0000000000000080

clint mtime 0x00000000000001F3 (mip.MTI <- 0b1, mip.STI <- 0b0)
mem[X,0x0000000080000C28] -> 0x1073
mem[X,0x0000000080000C2A] -> 0x3A22
[998] [M]: 0x0000000080000C28 (0x3A221073) csrrw x0, pmpcfg2, x4                    main+2120
CSR pmpcfg2 (0x3A2) <- 0x9F80808080808080

mem[X,0x0000000080000C2C] -> 0x0013
mem[X,0x0000000080000C2E] -> 0x0000
[999] [M]: 0x0000000080000C2C (0x00000013) addi x0, x0, 0x0                         main+2124

clint mtime 0x00000000000001F4 (mip.MTI <- 0b1, mip.STI <- 0b0)
mem[X,0x0000000080000C30] -> 0x0013
mem[X,0x0000000080000C32] -> 0x0000
[1000] [M]: 0x0000000080000C30 (0x00000013) addi x0, x0, 0x0                        main+2128

mem[X,0x0000000080000C34] -> 0x0013
mem[X,0x0000000080000C36] -> 0x0000
[1001] [M]: 0x0000000080000C34 (0x00000013) addi x0, x0, 0x0                        main+2132

clint mtime 0x00000000000001F5 (mip.MTI <- 0b1, mip.STI <- 0b0)
mem[X,0x0000000080000C38] -> 0x0013
mem[X,0x0000000080000C3A] -> 0x0000
[1002] [M]: 0x0000000080000C38 (0x00000013) addi x0, x0, 0x0                        main+2136

mem[X,0x0000000080000C3C] -> 0x0013
mem[X,0x0000000080000C3E] -> 0x0000
[1003] [M]: 0x0000000080000C3C (0x00000013) addi x0, x0, 0x0                        main+2140

clint mtime 0x00000000000001F6 (mip.MTI <- 0b1, mip.STI <- 0b0)
mem[X,0x0000000080000C40] -> 0x1717
mem[X,0x0000000080000C42] -> 0x0000
[1004] [M]: 0x0000000080000C40 (0x00001717) auipc x14, 0x1                          main+2144
x14 <- 0x0000000080001C40

mem[X,0x0000000080000C44] -> 0x0713
mem[X,0x0000000080000C46] -> 0x3C07
[1005] [M]: 0x0000000080000C44 (0x3C070713) addi x14, x14, 0x3c0                    main+2148
x14 <- 0x0000000080002000

clint mtime 0x00000000000001F7 (mip.MTI <- 0b1, mip.STI <- 0b0)
mem[X,0x0000000080000C48] -> 0x0001
[1006] [M]: 0x0000000080000C48 (0x0001) c.nop                                       main+2152

mem[X,0x0000000080000C4A] -> 0x0013
mem[X,0x0000000080000C4C] -> 0x0000
[1007] [M]: 0x0000000080000C4A (0x00000013) addi x0, x0, 0x0                        main+2154

clint mtime 0x00000000000001F8 (mip.MTI <- 0b1, mip.STI <- 0b0)
mem[X,0x0000000080000C4E] -> 0x0013
mem[X,0x0000000080000C50] -> 0x0000
[1008] [M]: 0x0000000080000C4E (0x00000013) addi x0, x0, 0x0                        main+2158

mem[X,0x0000000080000C52] -> 0x0013
mem[X,0x0000000080000C54] -> 0x0000
[1009] [M]: 0x0000000080000C52 (0x00000013) addi x0, x0, 0x0                        main+2162

clint mtime 0x00000000000001F9 (mip.MTI <- 0b1, mip.STI <- 0b0)
mem[X,0x0000000080000C56] -> 0x0013
mem[X,0x0000000080000C58] -> 0x0000
[1010] [M]: 0x0000000080000C56 (0x00000013) addi x0, x0, 0x0                        main+2166

mem[X,0x0000000080000C5A] -> 0x0013
mem[X,0x0000000080000C5C] -> 0x0000
[1011] [M]: 0x0000000080000C5A (0x00000013) addi x0, x0, 0x0                        main+2170

clint mtime 0x00000000000001FA (mip.MTI <- 0b1, mip.STI <- 0b0)
mem[X,0x0000000080000C5E] -> 0x0001
[1012] [M]: 0x0000000080000C5E (0x0001) c.nop                                       main+2174

mem[X,0x0000000080000C60] -> 0x51B7
mem[X,0x0000000080000C62] -> 0x0000
[1013] [M]: 0x0000000080000C60 (0x000051B7) lui x3, 0x5                             main+2176
x3 <- 0x0000000000005000

clint mtime 0x00000000000001FB (mip.MTI <- 0b1, mip.STI <- 0b0)
mem[X,0x0000000080000C64] -> 0x8193
mem[X,0x0000000080000C66] -> 0x6671
[1014] [M]: 0x0000000080000C64 (0x66718193) addi x3, x3, 0x667                      main+2180
x3 <- 0x0000000000005667

mem[X,0x0000000080000C68] -> 0x9193
mem[X,0x0000000080000C6A] -> 0x0011
[1015] [M]: 0x0000000080000C68 (0x00119193) slli x3, x3, 0x1                        main+2184
x3 <- 0x000000000000ACCE

clint mtime 0x00000000000001FC (mip.MTI <- 0b1, mip.STI <- 0b0)
mem[X,0x0000000080000C6C] -> 0x0013
mem[X,0x0000000080000C6E] -> 0x0000
[1016] [M]: 0x0000000080000C6C (0x00000013) addi x0, x0, 0x0                        main+2188

mem[X,0x0000000080000C70] -> 0x0013
mem[X,0x0000000080000C72] -> 0x0000
[1017] [M]: 0x0000000080000C70 (0x00000013) addi x0, x0, 0x0                        main+2192

clint mtime 0x00000000000001FD (mip.MTI <- 0b1, mip.STI <- 0b0)
mem[X,0x0000000080000C74] -> 0x0013
mem[X,0x0000000080000C76] -> 0x0000
[1018] [M]: 0x0000000080000C74 (0x00000013) addi x0, x0, 0x0                        main+2196

mem[X,0x0000000080000C78] -> 0x0013
mem[X,0x0000000080000C7A] -> 0x0000
[1019] [M]: 0x0000000080000C78 (0x00000013) addi x0, x0, 0x0                        main+2200

clint mtime 0x00000000000001FE (mip.MTI <- 0b1, mip.STI <- 0b0)
mem[X,0x0000000080000C7C] -> 0x0013
mem[X,0x0000000080000C7E] -> 0x0000
[1020] [M]: 0x0000000080000C7C (0x00000013) addi x0, x0, 0x0                        main+2204

mem[X,0x0000000080000C80] -> 0x0217
mem[X,0x0000000080000C82] -> 0x0000
[1021] [M]: 0x0000000080000C80 (0x00000217) auipc x4, 0x0                           main+2208
x4 <- 0x0000000080000C80

clint mtime 0x00000000000001FF (mip.MTI <- 0b1, mip.STI <- 0b0)
mem[X,0x0000000080000C84] -> 0x0213
mem[X,0x0000000080000C86] -> 0x02C2
[1022] [M]: 0x0000000080000C84 (0x02C20213) addi x4, x4, 0x2c                       main+2212
x4 <- 0x0000000080000CAC

mem[X,0x0000000080000C88] -> 0x0001
[1023] [M]: 0x0000000080000C88 (0x0001) c.nop                                       main+2216

clint mtime 0x0000000000000200 (mip.MTI <- 0b1, mip.STI <- 0b0)
mem[X,0x0000000080000C8A] -> 0x0013
mem[X,0x0000000080000C8C] -> 0x0000
[1024] [M]: 0x0000000080000C8A (0x00000013) addi x0, x0, 0x0                        main+2218

mem[X,0x0000000080000C8E] -> 0x0013
mem[X,0x0000000080000C90] -> 0x0000
[1025] [M]: 0x0000000080000C8E (0x00000013) addi x0, x0, 0x0                        main+2222

clint mtime 0x0000000000000201 (mip.MTI <- 0b1, mip.STI <- 0b0)
mem[X,0x0000000080000C92] -> 0x0013
mem[X,0x0000000080000C94] -> 0x0000
[1026] [M]: 0x0000000080000C92 (0x00000013) addi x0, x0, 0x0                        main+2226

mem[X,0x0000000080000C96] -> 0x0013
mem[X,0x0000000080000C98] -> 0x0000
[1027] [M]: 0x0000000080000C96 (0x00000013) addi x0, x0, 0x0                        main+2230

clint mtime 0x0000000000000202 (mip.MTI <- 0b1, mip.STI <- 0b0)
mem[X,0x0000000080000C9A] -> 0x0013
mem[X,0x0000000080000C9C] -> 0x0000
[1028] [M]: 0x0000000080000C9A (0x00000013) addi x0, x0, 0x0                        main+2234

mem[X,0x0000000080000C9E] -> 0x0001
[1029] [M]: 0x0000000080000C9E (0x0001) c.nop                                       main+2238

clint mtime 0x0000000000000203 (mip.MTI <- 0b1, mip.STI <- 0b0)
mem[X,0x0000000080000CA0] -> 0x00E7
mem[X,0x0000000080000CA2] -> 0x0007
[1030] [M]: 0x0000000080000CA0 (0x000700E7) jalr x1, 0x0(x14)                       main+2240
x1 <- 0x0000000080000CA4

mem[X,0x0000000080002000] -> 0x0013
mem[X,0x0000000080002002] -> 0x0000
[1031] [M]: 0x0000000080002000 (0x00000013) addi x0, x0, 0x0                        TEST_FOR_EXECUTION+0

clint mtime 0x0000000000000204 (mip.MTI <- 0b1, mip.STI <- 0b0)
mem[X,0x0000000080002004] -> 0x0013
mem[X,0x0000000080002006] -> 0x0000
[1032] [M]: 0x0000000080002004 (0x00000013) addi x0, x0, 0x0                        TEST_FOR_EXECUTION+4

mem[X,0x0000000080002008] -> 0x0013
mem[X,0x000000008000200A] -> 0x0000
[1033] [M]: 0x0000000080002008 (0x00000013) addi x0, x0, 0x0                        RETURN_INSTRUCTION+0

clint mtime 0x0000000000000205 (mip.MTI <- 0b1, mip.STI <- 0b0)
mem[X,0x000000008000200C] -> 0x0013
mem[X,0x000000008000200E] -> 0x0000
[1034] [M]: 0x000000008000200C (0x00000013) addi x0, x0, 0x0                        RETURN_INSTRUCTION+4

mem[X,0x0000000080002010] -> 0x8067
mem[X,0x0000000080002012] -> 0x0000
[1035] [M]: 0x0000000080002010 (0x00008067) jalr x0, 0x0(x1)                        RETURN_INSTRUCTION+8

clint mtime 0x0000000000000206 (mip.MTI <- 0b1, mip.STI <- 0b0)
mem[X,0x0000000080000CA4] -> 0x0013
mem[X,0x0000000080000CA6] -> 0x0000
[1036] [M]: 0x0000000080000CA4 (0x00000013) addi x0, x0, 0x0                        main+2244

mem[X,0x0000000080000CA8] -> 0x0013
mem[X,0x0000000080000CAA] -> 0x0000
[1037] [M]: 0x0000000080000CA8 (0x00000013) addi x0, x0, 0x0                        main+2248

clint mtime 0x0000000000000207 (mip.MTI <- 0b1, mip.STI <- 0b0)
mem[X,0x0000000080000CAC] -> 0x0013
mem[X,0x0000000080000CAE] -> 0x0000
[1038] [M]: 0x0000000080000CAC (0x00000013) addi x0, x0, 0x0                        main+2252

mem[X,0x0000000080000CB0] -> 0x0013
mem[X,0x0000000080000CB2] -> 0x0000
[1039] [M]: 0x0000000080000CB0 (0x00000013) addi x0, x0, 0x0                        main+2256

clint mtime 0x0000000000000208 (mip.MTI <- 0b1, mip.STI <- 0b0)
mem[X,0x0000000080000CB4] -> 0x0013
mem[X,0x0000000080000CB6] -> 0x0000
[1040] [M]: 0x0000000080000CB4 (0x00000013) addi x0, x0, 0x0                        main+2260

mem[X,0x0000000080000CB8] -> 0x0013
mem[X,0x0000000080000CBA] -> 0x0000
[1041] [M]: 0x0000000080000CB8 (0x00000013) addi x0, x0, 0x0                        main+2264

clint mtime 0x0000000000000209 (mip.MTI <- 0b1, mip.STI <- 0b0)
mem[X,0x0000000080000CBC] -> 0x0013
mem[X,0x0000000080000CBE] -> 0x0000
[1042] [M]: 0x0000000080000CBC (0x00000013) addi x0, x0, 0x0                        main+2268

mem[X,0x0000000080000CC0] -> 0x1797
mem[X,0x0000000080000CC2] -> 0x0000
[1043] [M]: 0x0000000080000CC0 (0x00001797) auipc x15, 0x1                          main+2272
x15 <- 0x0000000080001CC0

clint mtime 0x000000000000020A (mip.MTI <- 0b1, mip.STI <- 0b0)
mem[X,0x0000000080000CC4] -> 0x8793
mem[X,0x0000000080000CC6] -> 0x3407
[1044] [M]: 0x0000000080000CC4 (0x34078793) addi x15, x15, 0x340                    main+2276
x15 <- 0x0000000080002000

mem[X,0x0000000080000CC8] -> 0x0001
[1045] [M]: 0x0000000080000CC8 (0x0001) c.nop                                       main+2280

clint mtime 0x000000000000020B (mip.MTI <- 0b1, mip.STI <- 0b0)
mem[X,0x0000000080000CCA] -> 0x0013
mem[X,0x0000000080000CCC] -> 0x0000
[1046] [M]: 0x0000000080000CCA (0x00000013) addi x0, x0, 0x0                        main+2282

mem[X,0x0000000080000CCE] -> 0x0013
mem[X,0x0000000080000CD0] -> 0x0000
[1047] [M]: 0x0000000080000CCE (0x00000013) addi x0, x0, 0x0                        main+2286

clint mtime 0x000000000000020C (mip.MTI <- 0b1, mip.STI <- 0b0)
mem[X,0x0000000080000CD2] -> 0x0013
mem[X,0x0000000080000CD4] -> 0x0000
[1048] [M]: 0x0000000080000CD2 (0x00000013) addi x0, x0, 0x0                        main+2290

mem[X,0x0000000080000CD6] -> 0x0013
mem[X,0x0000000080000CD8] -> 0x0000
[1049] [M]: 0x0000000080000CD6 (0x00000013) addi x0, x0, 0x0                        main+2294

clint mtime 0x000000000000020D (mip.MTI <- 0b1, mip.STI <- 0b0)
mem[X,0x0000000080000CDA] -> 0x0013
mem[X,0x0000000080000CDC] -> 0x0000
[1050] [M]: 0x0000000080000CDA (0x00000013) addi x0, x0, 0x0                        main+2298

mem[X,0x0000000080000CDE] -> 0x0001
[1051] [M]: 0x0000000080000CDE (0x0001) c.nop                                       main+2302

clint mtime 0x000000000000020E (mip.MTI <- 0b1, mip.STI <- 0b0)
mem[X,0x0000000080000CE0] -> 0x0737
mem[X,0x0000000080000CE2] -> 0x0000
[1052] [M]: 0x0000000080000CE0 (0x00000737) lui x14, 0x0                            main+2304
x14 <- 0x0000000000000000

mem[X,0x0000000080000CE4] -> 0x0713
mem[X,0x0000000080000CE6] -> 0x0137
[1053] [M]: 0x0000000080000CE4 (0x01370713) addi x14, x14, 0x13                     main+2308
x14 <- 0x0000000000000013

clint mtime 0x000000000000020F (mip.MTI <- 0b1, mip.STI <- 0b0)
mem[X,0x0000000080000CE8] -> 0x1713
mem[X,0x0000000080000CEA] -> 0x00B7
[1054] [M]: 0x0000000080000CE8 (0x00B71713) slli x14, x14, 0xb                      main+2312
x14 <- 0x0000000000009800

mem[X,0x0000000080000CEC] -> 0x0713
mem[X,0x0000000080000CEE] -> 0x0007
[1055] [M]: 0x0000000080000CEC (0x00070713) addi x14, x14, 0x0                      main+2316
x14 <- 0x0000000000009800

clint mtime 0x0000000000000210 (mip.MTI <- 0b1, mip.STI <- 0b0)
mem[X,0x0000000080000CF0] -> 0x1713
mem[X,0x0000000080000CF2] -> 0x00B7
[1056] [M]: 0x0000000080000CF0 (0x00B71713) slli x14, x14, 0xb                      main+2320
x14 <- 0x0000000004C00000

mem[X,0x0000000080000CF4] -> 0x0713
mem[X,0x0000000080000CF6] -> 0x0007
[1057] [M]: 0x0000000080000CF4 (0x00070713) addi x14, x14, 0x0                      main+2324
x14 <- 0x0000000004C00000

clint mtime 0x0000000000000211 (mip.MTI <- 0b1, mip.STI <- 0b0)
mem[X,0x0000000080000CF8] -> 0x1713
mem[X,0x0000000080000CFA] -> 0x00A7
[1058] [M]: 0x0000000080000CF8 (0x00A71713) slli x14, x14, 0xa                      main+2328
x14 <- 0x0000001300000000

mem[X,0x0000000080000CFC] -> 0x0713
mem[X,0x0000000080000CFE] -> 0x0137
[1059] [M]: 0x0000000080000CFC (0x01370713) addi x14, x14, 0x13                     main+2332
x14 <- 0x0000001300000013

clint mtime 0x0000000000000212 (mip.MTI <- 0b1, mip.STI <- 0b0)
mem[X,0x0000000080000D00] -> 0xA023
mem[X,0x0000000080000D02] -> 0x00E7
[1060] [M]: 0x0000000080000D00 (0x00E7A023) sw x14, 0x0(x15)                        main+2336
mem[W,0x0000000080002000] <- 0x00000013

mem[X,0x0000000080000D04] -> 0x0013
mem[X,0x0000000080000D06] -> 0x0000
[1061] [M]: 0x0000000080000D04 (0x00000013) addi x0, x0, 0x0                        main+2340

clint mtime 0x0000000000000213 (mip.MTI <- 0b1, mip.STI <- 0b0)
mem[X,0x0000000080000D08] -> 0x0013
mem[X,0x0000000080000D0A] -> 0x0000
[1062] [M]: 0x0000000080000D08 (0x00000013) addi x0, x0, 0x0                        main+2344

mem[X,0x0000000080000D0C] -> 0xA703
mem[X,0x0000000080000D0E] -> 0x0007
[1063] [M]: 0x0000000080000D0C (0x0007A703) lw x14, 0x0(x15)                        main+2348
mem[R,0x0000000080002000] -> 0x00000013
x14 <- 0x0000000000000013

clint mtime 0x0000000000000214 (mip.MTI <- 0b1, mip.STI <- 0b0)
mem[X,0x0000000080000D10] -> 0x0013
mem[X,0x0000000080000D12] -> 0x0000
[1064] [M]: 0x0000000080000D10 (0x00000013) addi x0, x0, 0x0                        main+2352

mem[X,0x0000000080000D14] -> 0x0013
mem[X,0x0000000080000D16] -> 0x0000
[1065] [M]: 0x0000000080000D14 (0x00000013) addi x0, x0, 0x0                        main+2356

clint mtime 0x0000000000000215 (mip.MTI <- 0b1, mip.STI <- 0b0)
mem[X,0x0000000080000D18] -> 0xB823
mem[X,0x0000000080000D1A] -> 0x02E6
[1066] [M]: 0x0000000080000D18 (0x02E6B823) sd x14, 0x30(x13)                       main+2360
mem[W,0x0000000080006248] <- 0x0000000000000013

mem[X,0x0000000080000D1C] -> 0x0113
mem[X,0x0000000080000D1E] -> 0x0000
[1067] [M]: 0x0000000080000D1C (0x00000113) addi x2, x0, 0x0                        main+2364
x2 <- 0x0000000000000000

clint mtime 0x0000000000000216 (mip.MTI <- 0b1, mip.STI <- 0b0)
mem[X,0x0000000080000D20] -> 0x0073
mem[X,0x0000000080000D22] -> 0x0000
[1068] [M]: 0x0000000080000D20 (0x00000073) ecall                                   main+2368
trapping from M to M to handle m-call
handling exc#m-call at priv M with tval 0x0000000000000000
CSR mstatus (0x300) <- 0x0000000A00001800
CSR mcause (0x342) <- 0x000000000000000B
CSR mtval (0x343) <- 0x0000000000000000
CSR mepc (0x341) <- 0x0000000080000D20

mem[X,0x0000000080002100] -> 0x006F
mem[X,0x0000000080002102] -> 0x1000
[1069] [M]: 0x0000000080002100 (0x1000006F) jal x0, 0x100                           Mtrampoline+0

clint mtime 0x0000000000000217 (mip.MTI <- 0b1, mip.STI <- 0b0)
mem[X,0x0000000080002200] -> 0x1173
mem[X,0x0000000080002202] -> 0x3401
[1070] [M]: 0x0000000080002200 (0x34011173) csrrw x2, mscratch, x2                  trap_Mhandler+0
CSR mscratch (0x340) <- 0x0000000000000000
x2 <- 0x0000000080005000

mem[X,0x0000000080002204] -> 0x3423
mem[X,0x0000000080002206] -> 0x28B1
[1071] [M]: 0x0000000080002204 (0x28B13423) sd x11, 0x288(x2)                       trap_Mhandler+4
mem[W,0x0000000080005288] <- 0x0000000000000000

clint mtime 0x0000000000000218 (mip.MTI <- 0b1, mip.STI <- 0b0)
mem[X,0x0000000080002208] -> 0x05EF
mem[X,0x000000008000220A] -> 0x0B80
[1072] [M]: 0x0000000080002208 (0x0B8005EF) jal x11, 0xb8                           trap_Mhandler+8
x11 <- 0x000000008000220C

mem[X,0x00000000800022C0] -> 0x3023
mem[X,0x00000000800022C2] -> 0x28A1
[1073] [M]: 0x00000000800022C0 (0x28A13023) sd x10, 0x280(x2)                       common_Mhandler+0
mem[W,0x0000000080005280] <- 0x0000000000000001

clint mtime 0x0000000000000219 (mip.MTI <- 0b1, mip.STI <- 0b0)
mem[X,0x00000000800022C4] -> 0x1573
mem[X,0x00000000800022C6] -> 0x3401
[1074] [M]: 0x00000000800022C4 (0x34011573) csrrw x10, mscratch, x2                 common_Mhandler+4
CSR mscratch (0x340) <- 0x0000000080005000
x10 <- 0x0000000000000000

mem[X,0x00000000800022C8] -> 0x3823
mem[X,0x00000000800022CA] -> 0x28A1
[1075] [M]: 0x00000000800022C8 (0x28A13823) sd x10, 0x290(x2)                       common_Mhandler+8
mem[W,0x0000000080005290] <- 0x0000000000000000

clint mtime 0x000000000000021A (mip.MTI <- 0b1, mip.STI <- 0b0)
mem[X,0x00000000800022CC] -> 0x3503
mem[X,0x00000000800022CE] -> 0x2301
[1076] [M]: 0x00000000800022CC (0x23013503) ld x10, 0x230(x2)                       common_Mhandler+12
mem[R,0x0000000080005230] -> 0x00000000800022D4
x10 <- 0x00000000800022D4

mem[X,0x00000000800022D0] -> 0x0067
mem[X,0x00000000800022D2] -> 0x0005
[1077] [M]: 0x00000000800022D0 (0x00050067) jalr x0, 0x0(x10)                       common_Mhandler+16

clint mtime 0x000000000000021B (mip.MTI <- 0b1, mip.STI <- 0b0)
mem[X,0x00000000800022D4] -> 0x3C23
mem[X,0x00000000800022D6] -> 0x2691
[1078] [M]: 0x00000000800022D4 (0x26913C23) sd x9, 0x278(x2)                        common_Mentry+0
mem[W,0x0000000080005278] <- 0x00000000000000FE

mem[X,0x00000000800022D8] -> 0x3823
mem[X,0x00000000800022DA] -> 0x2681
[1079] [M]: 0x00000000800022D8 (0x26813823) sd x8, 0x270(x2)                        common_Mentry+4
mem[W,0x0000000080005270] <- 0x0000000000007F76

clint mtime 0x000000000000021C (mip.MTI <- 0b1, mip.STI <- 0b0)
mem[X,0x00000000800022DC] -> 0x3423
mem[X,0x00000000800022DE] -> 0x2671
[1080] [M]: 0x00000000800022DC (0x26713423) sd x7, 0x268(x2)                        common_Mentry+8
mem[W,0x0000000080005268] <- 0x0000000080000BE0

mem[X,0x00000000800022E0] -> 0x3023
mem[X,0x00000000800022E2] -> 0x2661
[1081] [M]: 0x00000000800022E0 (0x26613023) sd x6, 0x260(x2)                        common_Mentry+12
mem[W,0x0000000080005260] <- 0x000000001FDDB7D5

clint mtime 0x000000000000021D (mip.MTI <- 0b1, mip.STI <- 0b0)
mem[X,0x00000000800022E4] -> 0x2573
mem[X,0x00000000800022E6] -> 0x3420
[1082] [M]: 0x00000000800022E4 (0x34202573) csrrs x10, mcause, x0                   spcl_M2mmode_test+0
CSR mcause (0x342) -> 0x000000000000000B
x10 <- 0x000000000000000B

mem[X,0x00000000800022E8] -> 0x04B7
mem[X,0x00000000800022EA] -> 0x8000
[1083] [M]: 0x00000000800022E8 (0x800004B7) lui x9, -0x80000                        spcl_M2mmode_test+4
x9 <- 0xFFFFFFFF80000000

clint mtime 0x000000000000021E (mip.MTI <- 0b1, mip.STI <- 0b0)
mem[X,0x00000000800022EC] -> 0x8493
mem[X,0x00000000800022EE] -> 0x0004
[1084] [M]: 0x00000000800022EC (0x00048493) addi x9, x9, 0x0                        spcl_M2mmode_test+8
x9 <- 0xFFFFFFFF80000000

mem[X,0x00000000800022F0] -> 0x9493
mem[X,0x00000000800022F2] -> 0x00B4
[1085] [M]: 0x00000000800022F0 (0x00B49493) slli x9, x9, 0xb                        spcl_M2mmode_test+12
x9 <- 0xFFFFFC0000000000

clint mtime 0x000000000000021F (mip.MTI <- 0b1, mip.STI <- 0b0)
mem[X,0x00000000800022F4] -> 0x8493
mem[X,0x00000000800022F6] -> 0x0004
[1086] [M]: 0x00000000800022F4 (0x00048493) addi x9, x9, 0x0                        spcl_M2mmode_test+16
x9 <- 0xFFFFFC0000000000

mem[X,0x00000000800022F8] -> 0x9493
mem[X,0x00000000800022FA] -> 0x00B4
[1087] [M]: 0x00000000800022F8 (0x00B49493) slli x9, x9, 0xb                        spcl_M2mmode_test+20
x9 <- 0xFFE0000000000000

clint mtime 0x0000000000000220 (mip.MTI <- 0b1, mip.STI <- 0b0)
mem[X,0x00000000800022FC] -> 0x8493
mem[X,0x00000000800022FE] -> 0x0034
[1088] [M]: 0x00000000800022FC (0x00348493) addi x9, x9, 0x3                        spcl_M2mmode_test+24
x9 <- 0xFFE0000000000003

mem[X,0x0000000080002300] -> 0x9493
mem[X,0x0000000080002302] -> 0x00A4
[1089] [M]: 0x0000000080002300 (0x00A49493) slli x9, x9, 0xa                        spcl_M2mmode_test+28
x9 <- 0x8000000000000C00

clint mtime 0x0000000000000221 (mip.MTI <- 0b1, mip.STI <- 0b0)
mem[X,0x0000000080002304] -> 0x8493
mem[X,0x0000000080002306] -> 0x3FC4
[1090] [M]: 0x0000000080002304 (0x3FC48493) addi x9, x9, 0x3fc                      spcl_M2mmode_test+32
x9 <- 0x8000000000000FFC

mem[X,0x0000000080002308] -> 0xF4B3
mem[X,0x000000008000230A] -> 0x00A4
[1091] [M]: 0x0000000080002308 (0x00A4F4B3) and x9, x9, x10                         spcl_M2mmode_test+36
x9 <- 0x0000000000000008

clint mtime 0x0000000000000222 (mip.MTI <- 0b1, mip.STI <- 0b0)
mem[X,0x000000008000230C] -> 0x8493
mem[X,0x000000008000230E] -> 0xFF84
[1092] [M]: 0x000000008000230C (0xFF848493) addi x9, x9, -0x8                       spcl_M2mmode_test+40
x9 <- 0x0000000000000000

mem[X,0x0000000080002310] -> 0x9663
mem[X,0x0000000080002312] -> 0x0004
[1093] [M]: 0x0000000080002310 (0x00049663) bne x9, x0, 0xc                         spcl_M2mmode_test+44

clint mtime 0x0000000000000223 (mip.MTI <- 0b1, mip.STI <- 0b0)
mem[X,0x0000000080002314] -> 0x3383
mem[X,0x0000000080002316] -> 0x2901
[1094] [M]: 0x0000000080002314 (0x29013383) ld x7, 0x290(x2)                        spcl_M2mmode_test+48
mem[R,0x0000000080005290] -> 0x0000000000000000
x7 <- 0x0000000000000000

mem[X,0x0000000080002318] -> 0x8263
mem[X,0x000000008000231A] -> 0x6E03
[1095] [M]: 0x0000000080002318 (0x6E038263) beq x7, x0, 0x6e4                       spcl_M2mmode_test+52

clint mtime 0x0000000000000224 (mip.MTI <- 0b1, mip.STI <- 0b0)
mem[X,0x00000000800029FC] -> 0x0493
mem[X,0x00000000800029FE] -> 0xFF55
[1096] [M]: 0x00000000800029FC (0xFF550493) addi x9, x10, -0xb                      rtn2mmode+0
x9 <- 0x0000000000000000

mem[X,0x0000000080002A00] -> 0x8C63
mem[X,0x0000000080002A02] -> 0x0004
[1097] [M]: 0x0000000080002A00 (0x00048C63) beq x9, x0, 0x18                        rtn2mmode+4

clint mtime 0x0000000000000225 (mip.MTI <- 0b1, mip.STI <- 0b0)
mem[X,0x0000000080002A18] -> 0x23F3
mem[X,0x0000000080002A1A] -> 0x3410
[1098] [M]: 0x0000000080002A18 (0x341023F3) csrrs x7, mepc, x0                      rtn_fm_mmode+0
CSR mepc (0x341) -> 0x0000000080000D20
x7 <- 0x0000000080000D20

mem[X,0x0000000080002A1C] -> 0x83B3
mem[X,0x0000000080002A1E] -> 0x0093
[1099] [M]: 0x0000000080002A1C (0x009383B3) add x7, x7, x9                          rtn_fm_mmode+4
x7 <- 0x0000000080000D20

clint mtime 0x0000000000000226 (mip.MTI <- 0b1, mip.STI <- 0b0)
mem[X,0x0000000080002A20] -> 0x3303
mem[X,0x0000000080002A22] -> 0x2601
[1100] [M]: 0x0000000080002A20 (0x26013303) ld x6, 0x260(x2)                        rtn_fm_mmode+8
mem[R,0x0000000080005260] -> 0x000000001FDDB7D5
x6 <- 0x000000001FDDB7D5

mem[X,0x0000000080002A24] -> 0x3403
mem[X,0x0000000080002A26] -> 0x2701
[1101] [M]: 0x0000000080002A24 (0x27013403) ld x8, 0x270(x2)                        rtn_fm_mmode+12
mem[R,0x0000000080005270] -> 0x0000000000007F76
x8 <- 0x0000000000007F76

clint mtime 0x0000000000000227 (mip.MTI <- 0b1, mip.STI <- 0b0)
mem[X,0x0000000080002A28] -> 0x3483
mem[X,0x0000000080002A2A] -> 0x2781
[1102] [M]: 0x0000000080002A28 (0x27813483) ld x9, 0x278(x2)                        rtn_fm_mmode+16
mem[R,0x0000000080005278] -> 0x00000000000000FE
x9 <- 0x00000000000000FE

mem[X,0x0000000080002A2C] -> 0x3503
mem[X,0x0000000080002A2E] -> 0x2801
[1103] [M]: 0x0000000080002A2C (0x28013503) ld x10, 0x280(x2)                       rtn_fm_mmode+20
mem[R,0x0000000080005280] -> 0x0000000000000001
x10 <- 0x0000000000000001

clint mtime 0x0000000000000228 (mip.MTI <- 0b1, mip.STI <- 0b0)
mem[X,0x0000000080002A30] -> 0x3583
mem[X,0x0000000080002A32] -> 0x2881
[1104] [M]: 0x0000000080002A30 (0x28813583) ld x11, 0x288(x2)                       rtn_fm_mmode+24
mem[R,0x0000000080005288] -> 0x0000000000000000
x11 <- 0x0000000000000000

mem[X,0x0000000080002A34] -> 0x3103
mem[X,0x0000000080002A36] -> 0x2901
[1105] [M]: 0x0000000080002A34 (0x29013103) ld x2, 0x290(x2)                        rtn_fm_mmode+28
mem[R,0x0000000080005290] -> 0x0000000000000000
x2 <- 0x0000000000000000

clint mtime 0x0000000000000229 (mip.MTI <- 0b1, mip.STI <- 0b0)
mem[X,0x0000000080002A38] -> 0x8067
mem[X,0x0000000080002A3A] -> 0x0043
[1106] [M]: 0x0000000080002A38 (0x00438067) jalr x0, 0x4(x7)                        rtn_fm_mmode+32

mem[X,0x0000000080000D24] -> 0x0013
mem[X,0x0000000080000D26] -> 0x0000
[1107] [M]: 0x0000000080000D24 (0x00000013) addi x0, x0, 0x0                        main+2372

clint mtime 0x000000000000022A (mip.MTI <- 0b1, mip.STI <- 0b0)
mem[X,0x0000000080000D28] -> 0x0013
mem[X,0x0000000080000D2A] -> 0x0000
[1108] [M]: 0x0000000080000D28 (0x00000013) addi x0, x0, 0x0                        main+2376

mem[X,0x0000000080000D2C] -> 0x0013
mem[X,0x0000000080000D2E] -> 0x0000
[1109] [M]: 0x0000000080000D2C (0x00000013) addi x0, x0, 0x0                        main+2380

clint mtime 0x000000000000022B (mip.MTI <- 0b1, mip.STI <- 0b0)
mem[X,0x0000000080000D30] -> 0x0013
mem[X,0x0000000080000D32] -> 0x0000
[1110] [M]: 0x0000000080000D30 (0x00000013) addi x0, x0, 0x0                        main+2384

mem[X,0x0000000080000D34] -> 0x0013
mem[X,0x0000000080000D36] -> 0x0000
[1111] [M]: 0x0000000080000D34 (0x00000013) addi x0, x0, 0x0                        main+2388

clint mtime 0x000000000000022C (mip.MTI <- 0b1, mip.STI <- 0b0)
mem[X,0x0000000080000D38] -> 0x0013
mem[X,0x0000000080000D3A] -> 0x0000
[1112] [M]: 0x0000000080000D38 (0x00000013) addi x0, x0, 0x0                        main+2392

mem[X,0x0000000080000D3C] -> 0x0013
mem[X,0x0000000080000D3E] -> 0x0000
[1113] [M]: 0x0000000080000D3C (0x00000013) addi x0, x0, 0x0                        main+2396

clint mtime 0x000000000000022D (mip.MTI <- 0b1, mip.STI <- 0b0)
mem[X,0x0000000080000D40] -> 0x12B7
mem[X,0x0000000080000D42] -> 0x2000
[1114] [M]: 0x0000000080000D40 (0x200012B7) lui x5, 0x20001                         main+2400
x5 <- 0x0000000020001000

mem[X,0x0000000080000D44] -> 0x829B
mem[X,0x0000000080000D46] -> 0x8002
[1115] [M]: 0x0000000080000D44 (0x8002829B) addiw x5, x5, -0x800                    main+2404
x5 <- 0x0000000020000800

clint mtime 0x000000000000022E (mip.MTI <- 0b1, mip.STI <- 0b0)
mem[X,0x0000000080000D48] -> 0x0001
[1116] [M]: 0x0000000080000D48 (0x0001) c.nop                                       main+2408

mem[X,0x0000000080000D4A] -> 0x0013
mem[X,0x0000000080000D4C] -> 0x0000
[1117] [M]: 0x0000000080000D4A (0x00000013) addi x0, x0, 0x0                        main+2410

clint mtime 0x000000000000022F (mip.MTI <- 0b1, mip.STI <- 0b0)
mem[X,0x0000000080000D4E] -> 0x0013
mem[X,0x0000000080000D50] -> 0x0000
[1118] [M]: 0x0000000080000D4E (0x00000013) addi x0, x0, 0x0                        main+2414

mem[X,0x0000000080000D52] -> 0x0013
mem[X,0x0000000080000D54] -> 0x0000
[1119] [M]: 0x0000000080000D52 (0x00000013) addi x0, x0, 0x0                        main+2418

clint mtime 0x0000000000000230 (mip.MTI <- 0b1, mip.STI <- 0b0)
mem[X,0x0000000080000D56] -> 0x0013
mem[X,0x0000000080000D58] -> 0x0000
[1120] [M]: 0x0000000080000D56 (0x00000013) addi x0, x0, 0x0                        main+2422

mem[X,0x0000000080000D5A] -> 0x0013
mem[X,0x0000000080000D5C] -> 0x0000
[1121] [M]: 0x0000000080000D5A (0x00000013) addi x0, x0, 0x0                        main+2426

clint mtime 0x0000000000000231 (mip.MTI <- 0b1, mip.STI <- 0b0)
mem[X,0x0000000080000D5E] -> 0x0001
[1122] [M]: 0x0000000080000D5E (0x0001) c.nop                                       main+2430

mem[X,0x0000000080000D60] -> 0x9073
mem[X,0x0000000080000D62] -> 0x3B72
[1123] [M]: 0x0000000080000D60 (0x3B729073) csrrw x0, pmpaddr7, x5                  main+2432
CSR pmpaddr7 (0x3B7) <- 0x0000000020000800

clint mtime 0x0000000000000232 (mip.MTI <- 0b1, mip.STI <- 0b0)
mem[X,0x0000000080000D64] -> 0x0213
mem[X,0x0000000080000D66] -> 0xFFF0
[1124] [M]: 0x0000000080000D64 (0xFFF00213) addi x4, x0, -0x1                       main+2436
x4 <- 0xFFFFFFFFFFFFFFFF

mem[X,0x0000000080000D68] -> 0x1213
mem[X,0x0000000080000D6A] -> 0x03F2
[1125] [M]: 0x0000000080000D68 (0x03F21213) slli x4, x4, 0x3f                       main+2440
x4 <- 0x8000000000000000

clint mtime 0x0000000000000233 (mip.MTI <- 0b1, mip.STI <- 0b0)
mem[X,0x0000000080000D6C] -> 0x1073
mem[X,0x0000000080000D6E] -> 0x3A02
[1126] [M]: 0x0000000080000D6C (0x3A021073) csrrw x0, pmpcfg0, x4                   main+2444
CSR pmpcfg0 (0x3A0) <- 0x8000000000000000

mem[X,0x0000000080000D70] -> 0x0013
mem[X,0x0000000080000D72] -> 0x0000
[1127] [M]: 0x0000000080000D70 (0x00000013) addi x0, x0, 0x0                        main+2448

clint mtime 0x0000000000000234 (mip.MTI <- 0b1, mip.STI <- 0b0)
mem[X,0x0000000080000D74] -> 0x0013
mem[X,0x0000000080000D76] -> 0x0000
[1128] [M]: 0x0000000080000D74 (0x00000013) addi x0, x0, 0x0                        main+2452

mem[X,0x0000000080000D78] -> 0x0013
mem[X,0x0000000080000D7A] -> 0x0000
[1129] [M]: 0x0000000080000D78 (0x00000013) addi x0, x0, 0x0                        main+2456

clint mtime 0x0000000000000235 (mip.MTI <- 0b1, mip.STI <- 0b0)
mem[X,0x0000000080000D7C] -> 0x0013
mem[X,0x0000000080000D7E] -> 0x0000
[1130] [M]: 0x0000000080000D7C (0x00000013) addi x0, x0, 0x0                        main+2460

mem[X,0x0000000080000D80] -> 0x1717
mem[X,0x0000000080000D82] -> 0x0000
[1131] [M]: 0x0000000080000D80 (0x00001717) auipc x14, 0x1                          main+2464
x14 <- 0x0000000080001D80

clint mtime 0x0000000000000236 (mip.MTI <- 0b1, mip.STI <- 0b0)
mem[X,0x0000000080000D84] -> 0x0713
mem[X,0x0000000080000D86] -> 0x2807
[1132] [M]: 0x0000000080000D84 (0x28070713) addi x14, x14, 0x280                    main+2468
x14 <- 0x0000000080002000

mem[X,0x0000000080000D88] -> 0x0001
[1133] [M]: 0x0000000080000D88 (0x0001) c.nop                                       main+2472

clint mtime 0x0000000000000237 (mip.MTI <- 0b1, mip.STI <- 0b0)
mem[X,0x0000000080000D8A] -> 0x0013
mem[X,0x0000000080000D8C] -> 0x0000
[1134] [M]: 0x0000000080000D8A (0x00000013) addi x0, x0, 0x0                        main+2474

mem[X,0x0000000080000D8E] -> 0x0013
mem[X,0x0000000080000D90] -> 0x0000
[1135] [M]: 0x0000000080000D8E (0x00000013) addi x0, x0, 0x0                        main+2478

clint mtime 0x0000000000000238 (mip.MTI <- 0b1, mip.STI <- 0b0)
mem[X,0x0000000080000D92] -> 0x0013
mem[X,0x0000000080000D94] -> 0x0000
[1136] [M]: 0x0000000080000D92 (0x00000013) addi x0, x0, 0x0                        main+2482

mem[X,0x0000000080000D96] -> 0x0013
mem[X,0x0000000080000D98] -> 0x0000
[1137] [M]: 0x0000000080000D96 (0x00000013) addi x0, x0, 0x0                        main+2486

clint mtime 0x0000000000000239 (mip.MTI <- 0b1, mip.STI <- 0b0)
mem[X,0x0000000080000D9A] -> 0x0013
mem[X,0x0000000080000D9C] -> 0x0000
[1138] [M]: 0x0000000080000D9A (0x00000013) addi x0, x0, 0x0                        main+2490

mem[X,0x0000000080000D9E] -> 0x0001
[1139] [M]: 0x0000000080000D9E (0x0001) c.nop                                       main+2494

clint mtime 0x000000000000023A (mip.MTI <- 0b1, mip.STI <- 0b0)
mem[X,0x0000000080000DA0] -> 0x51B7
mem[X,0x0000000080000DA2] -> 0x0000
[1140] [M]: 0x0000000080000DA0 (0x000051B7) lui x3, 0x5                             main+2496
x3 <- 0x0000000000005000

mem[X,0x0000000080000DA4] -> 0x8193
mem[X,0x0000000080000DA6] -> 0x6671
[1141] [M]: 0x0000000080000DA4 (0x66718193) addi x3, x3, 0x667                      main+2500
x3 <- 0x0000000000005667

clint mtime 0x000000000000023B (mip.MTI <- 0b1, mip.STI <- 0b0)
mem[X,0x0000000080000DA8] -> 0x9193
mem[X,0x0000000080000DAA] -> 0x0011
[1142] [M]: 0x0000000080000DA8 (0x00119193) slli x3, x3, 0x1                        main+2504
x3 <- 0x000000000000ACCE

mem[X,0x0000000080000DAC] -> 0x0013
mem[X,0x0000000080000DAE] -> 0x0000
[1143] [M]: 0x0000000080000DAC (0x00000013) addi x0, x0, 0x0                        main+2508

clint mtime 0x000000000000023C (mip.MTI <- 0b1, mip.STI <- 0b0)
mem[X,0x0000000080000DB0] -> 0x0013
mem[X,0x0000000080000DB2] -> 0x0000
[1144] [M]: 0x0000000080000DB0 (0x00000013) addi x0, x0, 0x0                        main+2512

mem[X,0x0000000080000DB4] -> 0x0013
mem[X,0x0000000080000DB6] -> 0x0000
[1145] [M]: 0x0000000080000DB4 (0x00000013) addi x0, x0, 0x0                        main+2516

clint mtime 0x000000000000023D (mip.MTI <- 0b1, mip.STI <- 0b0)
mem[X,0x0000000080000DB8] -> 0x0013
mem[X,0x0000000080000DBA] -> 0x0000
[1146] [M]: 0x0000000080000DB8 (0x00000013) addi x0, x0, 0x0                        main+2520

mem[X,0x0000000080000DBC] -> 0x0013
mem[X,0x0000000080000DBE] -> 0x0000
[1147] [M]: 0x0000000080000DBC (0x00000013) addi x0, x0, 0x0                        main+2524

clint mtime 0x000000000000023E (mip.MTI <- 0b1, mip.STI <- 0b0)
mem[X,0x0000000080000DC0] -> 0x0217
mem[X,0x0000000080000DC2] -> 0x0000
[1148] [M]: 0x0000000080000DC0 (0x00000217) auipc x4, 0x0                           main+2528
x4 <- 0x0000000080000DC0

mem[X,0x0000000080000DC4] -> 0x0213
mem[X,0x0000000080000DC6] -> 0x02C2
[1149] [M]: 0x0000000080000DC4 (0x02C20213) addi x4, x4, 0x2c                       main+2532
x4 <- 0x0000000080000DEC

clint mtime 0x000000000000023F (mip.MTI <- 0b1, mip.STI <- 0b0)
mem[X,0x0000000080000DC8] -> 0x0001
[1150] [M]: 0x0000000080000DC8 (0x0001) c.nop                                       main+2536

mem[X,0x0000000080000DCA] -> 0x0013
mem[X,0x0000000080000DCC] -> 0x0000
[1151] [M]: 0x0000000080000DCA (0x00000013) addi x0, x0, 0x0                        main+2538

clint mtime 0x0000000000000240 (mip.MTI <- 0b1, mip.STI <- 0b0)
mem[X,0x0000000080000DCE] -> 0x0013
mem[X,0x0000000080000DD0] -> 0x0000
[1152] [M]: 0x0000000080000DCE (0x00000013) addi x0, x0, 0x0                        main+2542

mem[X,0x0000000080000DD2] -> 0x0013
mem[X,0x0000000080000DD4] -> 0x0000
[1153] [M]: 0x0000000080000DD2 (0x00000013) addi x0, x0, 0x0                        main+2546

clint mtime 0x0000000000000241 (mip.MTI <- 0b1, mip.STI <- 0b0)
mem[X,0x0000000080000DD6] -> 0x0013
mem[X,0x0000000080000DD8] -> 0x0000
[1154] [M]: 0x0000000080000DD6 (0x00000013) addi x0, x0, 0x0                        main+2550

mem[X,0x0000000080000DDA] -> 0x0013
mem[X,0x0000000080000DDC] -> 0x0000
[1155] [M]: 0x0000000080000DDA (0x00000013) addi x0, x0, 0x0                        main+2554

clint mtime 0x0000000000000242 (mip.MTI <- 0b1, mip.STI <- 0b0)
mem[X,0x0000000080000DDE] -> 0x0001
[1156] [M]: 0x0000000080000DDE (0x0001) c.nop                                       main+2558

mem[X,0x0000000080000DE0] -> 0x00E7
mem[X,0x0000000080000DE2] -> 0x0007
[1157] [M]: 0x0000000080000DE0 (0x000700E7) jalr x1, 0x0(x14)                       main+2560
x1 <- 0x0000000080000DE4

clint mtime 0x0000000000000243 (mip.MTI <- 0b1, mip.STI <- 0b0)
mem[X,0x0000000080002000] -> 0x0013
mem[X,0x0000000080002002] -> 0x0000
[1158] [M]: 0x0000000080002000 (0x00000013) addi x0, x0, 0x0                        TEST_FOR_EXECUTION+0

mem[X,0x0000000080002004] -> 0x0013
mem[X,0x0000000080002006] -> 0x0000
[1159] [M]: 0x0000000080002004 (0x00000013) addi x0, x0, 0x0                        TEST_FOR_EXECUTION+4

clint mtime 0x0000000000000244 (mip.MTI <- 0b1, mip.STI <- 0b0)
mem[X,0x0000000080002008] -> 0x0013
mem[X,0x000000008000200A] -> 0x0000
[1160] [M]: 0x0000000080002008 (0x00000013) addi x0, x0, 0x0                        RETURN_INSTRUCTION+0

mem[X,0x000000008000200C] -> 0x0013
mem[X,0x000000008000200E] -> 0x0000
[1161] [M]: 0x000000008000200C (0x00000013) addi x0, x0, 0x0                        RETURN_INSTRUCTION+4

clint mtime 0x0000000000000245 (mip.MTI <- 0b1, mip.STI <- 0b0)
mem[X,0x0000000080002010] -> 0x8067
mem[X,0x0000000080002012] -> 0x0000
[1162] [M]: 0x0000000080002010 (0x00008067) jalr x0, 0x0(x1)                        RETURN_INSTRUCTION+8

mem[X,0x0000000080000DE4] -> 0x0013
mem[X,0x0000000080000DE6] -> 0x0000
[1163] [M]: 0x0000000080000DE4 (0x00000013) addi x0, x0, 0x0                        main+2564

clint mtime 0x0000000000000246 (mip.MTI <- 0b1, mip.STI <- 0b0)
mem[X,0x0000000080000DE8] -> 0x0013
mem[X,0x0000000080000DEA] -> 0x0000
[1164] [M]: 0x0000000080000DE8 (0x00000013) addi x0, x0, 0x0                        main+2568

mem[X,0x0000000080000DEC] -> 0x0013
mem[X,0x0000000080000DEE] -> 0x0000
[1165] [M]: 0x0000000080000DEC (0x00000013) addi x0, x0, 0x0                        main+2572

clint mtime 0x0000000000000247 (mip.MTI <- 0b1, mip.STI <- 0b0)
mem[X,0x0000000080000DF0] -> 0x0013
mem[X,0x0000000080000DF2] -> 0x0000
[1166] [M]: 0x0000000080000DF0 (0x00000013) addi x0, x0, 0x0                        main+2576

mem[X,0x0000000080000DF4] -> 0x0013
mem[X,0x0000000080000DF6] -> 0x0000
[1167] [M]: 0x0000000080000DF4 (0x00000013) addi x0, x0, 0x0                        main+2580

clint mtime 0x0000000000000248 (mip.MTI <- 0b1, mip.STI <- 0b0)
mem[X,0x0000000080000DF8] -> 0x0013
mem[X,0x0000000080000DFA] -> 0x0000
[1168] [M]: 0x0000000080000DF8 (0x00000013) addi x0, x0, 0x0                        main+2584

mem[X,0x0000000080000DFC] -> 0x0013
mem[X,0x0000000080000DFE] -> 0x0000
[1169] [M]: 0x0000000080000DFC (0x00000013) addi x0, x0, 0x0                        main+2588

clint mtime 0x0000000000000249 (mip.MTI <- 0b1, mip.STI <- 0b0)
mem[X,0x0000000080000E00] -> 0x1797
mem[X,0x0000000080000E02] -> 0x0000
[1170] [M]: 0x0000000080000E00 (0x00001797) auipc x15, 0x1                          main+2592
x15 <- 0x0000000080001E00

mem[X,0x0000000080000E04] -> 0x8793
mem[X,0x0000000080000E06] -> 0x2007
[1171] [M]: 0x0000000080000E04 (0x20078793) addi x15, x15, 0x200                    main+2596
x15 <- 0x0000000080002000

clint mtime 0x000000000000024A (mip.MTI <- 0b1, mip.STI <- 0b0)
mem[X,0x0000000080000E08] -> 0x0001
[1172] [M]: 0x0000000080000E08 (0x0001) c.nop                                       main+2600

mem[X,0x0000000080000E0A] -> 0x0013
mem[X,0x0000000080000E0C] -> 0x0000
[1173] [M]: 0x0000000080000E0A (0x00000013) addi x0, x0, 0x0                        main+2602

clint mtime 0x000000000000024B (mip.MTI <- 0b1, mip.STI <- 0b0)
mem[X,0x0000000080000E0E] -> 0x0013
mem[X,0x0000000080000E10] -> 0x0000
[1174] [M]: 0x0000000080000E0E (0x00000013) addi x0, x0, 0x0                        main+2606

mem[X,0x0000000080000E12] -> 0x0013
mem[X,0x0000000080000E14] -> 0x0000
[1175] [M]: 0x0000000080000E12 (0x00000013) addi x0, x0, 0x0                        main+2610

clint mtime 0x000000000000024C (mip.MTI <- 0b1, mip.STI <- 0b0)
mem[X,0x0000000080000E16] -> 0x0013
mem[X,0x0000000080000E18] -> 0x0000
[1176] [M]: 0x0000000080000E16 (0x00000013) addi x0, x0, 0x0                        main+2614

mem[X,0x0000000080000E1A] -> 0x0013
mem[X,0x0000000080000E1C] -> 0x0000
[1177] [M]: 0x0000000080000E1A (0x00000013) addi x0, x0, 0x0                        main+2618

clint mtime 0x000000000000024D (mip.MTI <- 0b1, mip.STI <- 0b0)
mem[X,0x0000000080000E1E] -> 0x0001
[1178] [M]: 0x0000000080000E1E (0x0001) c.nop                                       main+2622

mem[X,0x0000000080000E20] -> 0x0737
mem[X,0x0000000080000E22] -> 0x0000
[1179] [M]: 0x0000000080000E20 (0x00000737) lui x14, 0x0                            main+2624
x14 <- 0x0000000000000000

clint mtime 0x000000000000024E (mip.MTI <- 0b1, mip.STI <- 0b0)
mem[X,0x0000000080000E24] -> 0x0713
mem[X,0x0000000080000E26] -> 0x0137
[1180] [M]: 0x0000000080000E24 (0x01370713) addi x14, x14, 0x13                     main+2628
x14 <- 0x0000000000000013

mem[X,0x0000000080000E28] -> 0x1713
mem[X,0x0000000080000E2A] -> 0x00B7
[1181] [M]: 0x0000000080000E28 (0x00B71713) slli x14, x14, 0xb                      main+2632
x14 <- 0x0000000000009800

clint mtime 0x000000000000024F (mip.MTI <- 0b1, mip.STI <- 0b0)
mem[X,0x0000000080000E2C] -> 0x0713
mem[X,0x0000000080000E2E] -> 0x0007
[1182] [M]: 0x0000000080000E2C (0x00070713) addi x14, x14, 0x0                      main+2636
x14 <- 0x0000000000009800

mem[X,0x0000000080000E30] -> 0x1713
mem[X,0x0000000080000E32] -> 0x00B7
[1183] [M]: 0x0000000080000E30 (0x00B71713) slli x14, x14, 0xb                      main+2640
x14 <- 0x0000000004C00000

clint mtime 0x0000000000000250 (mip.MTI <- 0b1, mip.STI <- 0b0)
mem[X,0x0000000080000E34] -> 0x0713
mem[X,0x0000000080000E36] -> 0x0007
[1184] [M]: 0x0000000080000E34 (0x00070713) addi x14, x14, 0x0                      main+2644
x14 <- 0x0000000004C00000

mem[X,0x0000000080000E38] -> 0x1713
mem[X,0x0000000080000E3A] -> 0x00A7
[1185] [M]: 0x0000000080000E38 (0x00A71713) slli x14, x14, 0xa                      main+2648
x14 <- 0x0000001300000000

clint mtime 0x0000000000000251 (mip.MTI <- 0b1, mip.STI <- 0b0)
mem[X,0x0000000080000E3C] -> 0x0713
mem[X,0x0000000080000E3E] -> 0x0137
[1186] [M]: 0x0000000080000E3C (0x01370713) addi x14, x14, 0x13                     main+2652
x14 <- 0x0000001300000013

mem[X,0x0000000080000E40] -> 0xA023
mem[X,0x0000000080000E42] -> 0x00E7
[1187] [M]: 0x0000000080000E40 (0x00E7A023) sw x14, 0x0(x15)                        main+2656
mem[W,0x0000000080002000] <- 0x00000013

clint mtime 0x0000000000000252 (mip.MTI <- 0b1, mip.STI <- 0b0)
mem[X,0x0000000080000E44] -> 0x0013
mem[X,0x0000000080000E46] -> 0x0000
[1188] [M]: 0x0000000080000E44 (0x00000013) addi x0, x0, 0x0                        main+2660

mem[X,0x0000000080000E48] -> 0x0013
mem[X,0x0000000080000E4A] -> 0x0000
[1189] [M]: 0x0000000080000E48 (0x00000013) addi x0, x0, 0x0                        main+2664

clint mtime 0x0000000000000253 (mip.MTI <- 0b1, mip.STI <- 0b0)
mem[X,0x0000000080000E4C] -> 0xA703
mem[X,0x0000000080000E4E] -> 0x0007
[1190] [M]: 0x0000000080000E4C (0x0007A703) lw x14, 0x0(x15)                        main+2668
mem[R,0x0000000080002000] -> 0x00000013
x14 <- 0x0000000000000013

mem[X,0x0000000080000E50] -> 0x0013
mem[X,0x0000000080000E52] -> 0x0000
[1191] [M]: 0x0000000080000E50 (0x00000013) addi x0, x0, 0x0                        main+2672

clint mtime 0x0000000000000254 (mip.MTI <- 0b1, mip.STI <- 0b0)
mem[X,0x0000000080000E54] -> 0x0013
mem[X,0x0000000080000E56] -> 0x0000
[1192] [M]: 0x0000000080000E54 (0x00000013) addi x0, x0, 0x0                        main+2676

mem[X,0x0000000080000E58] -> 0xBC23
mem[X,0x0000000080000E5A] -> 0x02E6
[1193] [M]: 0x0000000080000E58 (0x02E6BC23) sd x14, 0x38(x13)                       main+2680
mem[W,0x0000000080006250] <- 0x0000000000000013

clint mtime 0x0000000000000255 (mip.MTI <- 0b1, mip.STI <- 0b0)
mem[X,0x0000000080000E5C] -> 0x0113
mem[X,0x0000000080000E5E] -> 0x0000
[1194] [M]: 0x0000000080000E5C (0x00000113) addi x2, x0, 0x0                        main+2684
x2 <- 0x0000000000000000

mem[X,0x0000000080000E60] -> 0x0073
mem[X,0x0000000080000E62] -> 0x0000
[1195] [M]: 0x0000000080000E60 (0x00000073) ecall                                   main+2688
trapping from M to M to handle m-call
handling exc#m-call at priv M with tval 0x0000000000000000
CSR mstatus (0x300) <- 0x0000000A00001800
CSR mcause (0x342) <- 0x000000000000000B
CSR mtval (0x343) <- 0x0000000000000000
CSR mepc (0x341) <- 0x0000000080000E60

clint mtime 0x0000000000000256 (mip.MTI <- 0b1, mip.STI <- 0b0)
mem[X,0x0000000080002100] -> 0x006F
mem[X,0x0000000080002102] -> 0x1000
[1196] [M]: 0x0000000080002100 (0x1000006F) jal x0, 0x100                           Mtrampoline+0

mem[X,0x0000000080002200] -> 0x1173
mem[X,0x0000000080002202] -> 0x3401
[1197] [M]: 0x0000000080002200 (0x34011173) csrrw x2, mscratch, x2                  trap_Mhandler+0
CSR mscratch (0x340) <- 0x0000000000000000
x2 <- 0x0000000080005000

clint mtime 0x0000000000000257 (mip.MTI <- 0b1, mip.STI <- 0b0)
mem[X,0x0000000080002204] -> 0x3423
mem[X,0x0000000080002206] -> 0x28B1
[1198] [M]: 0x0000000080002204 (0x28B13423) sd x11, 0x288(x2)                       trap_Mhandler+4
mem[W,0x0000000080005288] <- 0x0000000000000000

mem[X,0x0000000080002208] -> 0x05EF
mem[X,0x000000008000220A] -> 0x0B80
[1199] [M]: 0x0000000080002208 (0x0B8005EF) jal x11, 0xb8                           trap_Mhandler+8
x11 <- 0x000000008000220C

clint mtime 0x0000000000000258 (mip.MTI <- 0b1, mip.STI <- 0b0)
mem[X,0x00000000800022C0] -> 0x3023
mem[X,0x00000000800022C2] -> 0x28A1
[1200] [M]: 0x00000000800022C0 (0x28A13023) sd x10, 0x280(x2)                       common_Mhandler+0
mem[W,0x0000000080005280] <- 0x0000000000000001

mem[X,0x00000000800022C4] -> 0x1573
mem[X,0x00000000800022C6] -> 0x3401
[1201] [M]: 0x00000000800022C4 (0x34011573) csrrw x10, mscratch, x2                 common_Mhandler+4
CSR mscratch (0x340) <- 0x0000000080005000
x10 <- 0x0000000000000000

clint mtime 0x0000000000000259 (mip.MTI <- 0b1, mip.STI <- 0b0)
mem[X,0x00000000800022C8] -> 0x3823
mem[X,0x00000000800022CA] -> 0x28A1
[1202] [M]: 0x00000000800022C8 (0x28A13823) sd x10, 0x290(x2)                       common_Mhandler+8
mem[W,0x0000000080005290] <- 0x0000000000000000

mem[X,0x00000000800022CC] -> 0x3503
mem[X,0x00000000800022CE] -> 0x2301
[1203] [M]: 0x00000000800022CC (0x23013503) ld x10, 0x230(x2)                       common_Mhandler+12
mem[R,0x0000000080005230] -> 0x00000000800022D4
x10 <- 0x00000000800022D4

clint mtime 0x000000000000025A (mip.MTI <- 0b1, mip.STI <- 0b0)
mem[X,0x00000000800022D0] -> 0x0067
mem[X,0x00000000800022D2] -> 0x0005
[1204] [M]: 0x00000000800022D0 (0x00050067) jalr x0, 0x0(x10)                       common_Mhandler+16

mem[X,0x00000000800022D4] -> 0x3C23
mem[X,0x00000000800022D6] -> 0x2691
[1205] [M]: 0x00000000800022D4 (0x26913C23) sd x9, 0x278(x2)                        common_Mentry+0
mem[W,0x0000000080005278] <- 0x00000000000000FE

clint mtime 0x000000000000025B (mip.MTI <- 0b1, mip.STI <- 0b0)
mem[X,0x00000000800022D8] -> 0x3823
mem[X,0x00000000800022DA] -> 0x2681
[1206] [M]: 0x00000000800022D8 (0x26813823) sd x8, 0x270(x2)                        common_Mentry+4
mem[W,0x0000000080005270] <- 0x0000000000007F76

mem[X,0x00000000800022DC] -> 0x3423
mem[X,0x00000000800022DE] -> 0x2671
[1207] [M]: 0x00000000800022DC (0x26713423) sd x7, 0x268(x2)                        common_Mentry+8
mem[W,0x0000000080005268] <- 0x0000000080000D20

clint mtime 0x000000000000025C (mip.MTI <- 0b1, mip.STI <- 0b0)
mem[X,0x00000000800022E0] -> 0x3023
mem[X,0x00000000800022E2] -> 0x2661
[1208] [M]: 0x00000000800022E0 (0x26613023) sd x6, 0x260(x2)                        common_Mentry+12
mem[W,0x0000000080005260] <- 0x000000001FDDB7D5

mem[X,0x00000000800022E4] -> 0x2573
mem[X,0x00000000800022E6] -> 0x3420
[1209] [M]: 0x00000000800022E4 (0x34202573) csrrs x10, mcause, x0                   spcl_M2mmode_test+0
CSR mcause (0x342) -> 0x000000000000000B
x10 <- 0x000000000000000B

clint mtime 0x000000000000025D (mip.MTI <- 0b1, mip.STI <- 0b0)
mem[X,0x00000000800022E8] -> 0x04B7
mem[X,0x00000000800022EA] -> 0x8000
[1210] [M]: 0x00000000800022E8 (0x800004B7) lui x9, -0x80000                        spcl_M2mmode_test+4
x9 <- 0xFFFFFFFF80000000

mem[X,0x00000000800022EC] -> 0x8493
mem[X,0x00000000800022EE] -> 0x0004
[1211] [M]: 0x00000000800022EC (0x00048493) addi x9, x9, 0x0                        spcl_M2mmode_test+8
x9 <- 0xFFFFFFFF80000000

clint mtime 0x000000000000025E (mip.MTI <- 0b1, mip.STI <- 0b0)
mem[X,0x00000000800022F0] -> 0x9493
mem[X,0x00000000800022F2] -> 0x00B4
[1212] [M]: 0x00000000800022F0 (0x00B49493) slli x9, x9, 0xb                        spcl_M2mmode_test+12
x9 <- 0xFFFFFC0000000000

mem[X,0x00000000800022F4] -> 0x8493
mem[X,0x00000000800022F6] -> 0x0004
[1213] [M]: 0x00000000800022F4 (0x00048493) addi x9, x9, 0x0                        spcl_M2mmode_test+16
x9 <- 0xFFFFFC0000000000

clint mtime 0x000000000000025F (mip.MTI <- 0b1, mip.STI <- 0b0)
mem[X,0x00000000800022F8] -> 0x9493
mem[X,0x00000000800022FA] -> 0x00B4
[1214] [M]: 0x00000000800022F8 (0x00B49493) slli x9, x9, 0xb                        spcl_M2mmode_test+20
x9 <- 0xFFE0000000000000

mem[X,0x00000000800022FC] -> 0x8493
mem[X,0x00000000800022FE] -> 0x0034
[1215] [M]: 0x00000000800022FC (0x00348493) addi x9, x9, 0x3                        spcl_M2mmode_test+24
x9 <- 0xFFE0000000000003

clint mtime 0x0000000000000260 (mip.MTI <- 0b1, mip.STI <- 0b0)
mem[X,0x0000000080002300] -> 0x9493
mem[X,0x0000000080002302] -> 0x00A4
[1216] [M]: 0x0000000080002300 (0x00A49493) slli x9, x9, 0xa                        spcl_M2mmode_test+28
x9 <- 0x8000000000000C00

mem[X,0x0000000080002304] -> 0x8493
mem[X,0x0000000080002306] -> 0x3FC4
[1217] [M]: 0x0000000080002304 (0x3FC48493) addi x9, x9, 0x3fc                      spcl_M2mmode_test+32
x9 <- 0x8000000000000FFC

clint mtime 0x0000000000000261 (mip.MTI <- 0b1, mip.STI <- 0b0)
mem[X,0x0000000080002308] -> 0xF4B3
mem[X,0x000000008000230A] -> 0x00A4
[1218] [M]: 0x0000000080002308 (0x00A4F4B3) and x9, x9, x10                         spcl_M2mmode_test+36
x9 <- 0x0000000000000008

mem[X,0x000000008000230C] -> 0x8493
mem[X,0x000000008000230E] -> 0xFF84
[1219] [M]: 0x000000008000230C (0xFF848493) addi x9, x9, -0x8                       spcl_M2mmode_test+40
x9 <- 0x0000000000000000

clint mtime 0x0000000000000262 (mip.MTI <- 0b1, mip.STI <- 0b0)
mem[X,0x0000000080002310] -> 0x9663
mem[X,0x0000000080002312] -> 0x0004
[1220] [M]: 0x0000000080002310 (0x00049663) bne x9, x0, 0xc                         spcl_M2mmode_test+44

mem[X,0x0000000080002314] -> 0x3383
mem[X,0x0000000080002316] -> 0x2901
[1221] [M]: 0x0000000080002314 (0x29013383) ld x7, 0x290(x2)                        spcl_M2mmode_test+48
mem[R,0x0000000080005290] -> 0x0000000000000000
x7 <- 0x0000000000000000

clint mtime 0x0000000000000263 (mip.MTI <- 0b1, mip.STI <- 0b0)
mem[X,0x0000000080002318] -> 0x8263
mem[X,0x000000008000231A] -> 0x6E03
[1222] [M]: 0x0000000080002318 (0x6E038263) beq x7, x0, 0x6e4                       spcl_M2mmode_test+52

mem[X,0x00000000800029FC] -> 0x0493
mem[X,0x00000000800029FE] -> 0xFF55
[1223] [M]: 0x00000000800029FC (0xFF550493) addi x9, x10, -0xb                      rtn2mmode+0
x9 <- 0x0000000000000000

clint mtime 0x0000000000000264 (mip.MTI <- 0b1, mip.STI <- 0b0)
mem[X,0x0000000080002A00] -> 0x8C63
mem[X,0x0000000080002A02] -> 0x0004
[1224] [M]: 0x0000000080002A00 (0x00048C63) beq x9, x0, 0x18                        rtn2mmode+4

mem[X,0x0000000080002A18] -> 0x23F3
mem[X,0x0000000080002A1A] -> 0x3410
[1225] [M]: 0x0000000080002A18 (0x341023F3) csrrs x7, mepc, x0                      rtn_fm_mmode+0
CSR mepc (0x341) -> 0x0000000080000E60
x7 <- 0x0000000080000E60

clint mtime 0x0000000000000265 (mip.MTI <- 0b1, mip.STI <- 0b0)
mem[X,0x0000000080002A1C] -> 0x83B3
mem[X,0x0000000080002A1E] -> 0x0093
[1226] [M]: 0x0000000080002A1C (0x009383B3) add x7, x7, x9                          rtn_fm_mmode+4
x7 <- 0x0000000080000E60

mem[X,0x0000000080002A20] -> 0x3303
mem[X,0x0000000080002A22] -> 0x2601
[1227] [M]: 0x0000000080002A20 (0x26013303) ld x6, 0x260(x2)                        rtn_fm_mmode+8
mem[R,0x0000000080005260] -> 0x000000001FDDB7D5
x6 <- 0x000000001FDDB7D5

clint mtime 0x0000000000000266 (mip.MTI <- 0b1, mip.STI <- 0b0)
mem[X,0x0000000080002A24] -> 0x3403
mem[X,0x0000000080002A26] -> 0x2701
[1228] [M]: 0x0000000080002A24 (0x27013403) ld x8, 0x270(x2)                        rtn_fm_mmode+12
mem[R,0x0000000080005270] -> 0x0000000000007F76
x8 <- 0x0000000000007F76

mem[X,0x0000000080002A28] -> 0x3483
mem[X,0x0000000080002A2A] -> 0x2781
[1229] [M]: 0x0000000080002A28 (0x27813483) ld x9, 0x278(x2)                        rtn_fm_mmode+16
mem[R,0x0000000080005278] -> 0x00000000000000FE
x9 <- 0x00000000000000FE

clint mtime 0x0000000000000267 (mip.MTI <- 0b1, mip.STI <- 0b0)
mem[X,0x0000000080002A2C] -> 0x3503
mem[X,0x0000000080002A2E] -> 0x2801
[1230] [M]: 0x0000000080002A2C (0x28013503) ld x10, 0x280(x2)                       rtn_fm_mmode+20
mem[R,0x0000000080005280] -> 0x0000000000000001
x10 <- 0x0000000000000001

mem[X,0x0000000080002A30] -> 0x3583
mem[X,0x0000000080002A32] -> 0x2881
[1231] [M]: 0x0000000080002A30 (0x28813583) ld x11, 0x288(x2)                       rtn_fm_mmode+24
mem[R,0x0000000080005288] -> 0x0000000000000000
x11 <- 0x0000000000000000

clint mtime 0x0000000000000268 (mip.MTI <- 0b1, mip.STI <- 0b0)
mem[X,0x0000000080002A34] -> 0x3103
mem[X,0x0000000080002A36] -> 0x2901
[1232] [M]: 0x0000000080002A34 (0x29013103) ld x2, 0x290(x2)                        rtn_fm_mmode+28
mem[R,0x0000000080005290] -> 0x0000000000000000
x2 <- 0x0000000000000000

mem[X,0x0000000080002A38] -> 0x8067
mem[X,0x0000000080002A3A] -> 0x0043
[1233] [M]: 0x0000000080002A38 (0x00438067) jalr x0, 0x4(x7)                        rtn_fm_mmode+32

clint mtime 0x0000000000000269 (mip.MTI <- 0b1, mip.STI <- 0b0)
mem[X,0x0000000080000E64] -> 0x0013
mem[X,0x0000000080000E66] -> 0x0000
[1234] [M]: 0x0000000080000E64 (0x00000013) addi x0, x0, 0x0                        main+2692

mem[X,0x0000000080000E68] -> 0x0013
mem[X,0x0000000080000E6A] -> 0x0000
[1235] [M]: 0x0000000080000E68 (0x00000013) addi x0, x0, 0x0                        main+2696

clint mtime 0x000000000000026A (mip.MTI <- 0b1, mip.STI <- 0b0)
mem[X,0x0000000080000E6C] -> 0x0013
mem[X,0x0000000080000E6E] -> 0x0000
[1236] [M]: 0x0000000080000E6C (0x00000013) addi x0, x0, 0x0                        main+2700

mem[X,0x0000000080000E70] -> 0x0013
mem[X,0x0000000080000E72] -> 0x0000
[1237] [M]: 0x0000000080000E70 (0x00000013) addi x0, x0, 0x0                        main+2704

clint mtime 0x000000000000026B (mip.MTI <- 0b1, mip.STI <- 0b0)
mem[X,0x0000000080000E74] -> 0x0013
mem[X,0x0000000080000E76] -> 0x0000
[1238] [M]: 0x0000000080000E74 (0x00000013) addi x0, x0, 0x0                        main+2708

mem[X,0x0000000080000E78] -> 0x0013
mem[X,0x0000000080000E7A] -> 0x0000
[1239] [M]: 0x0000000080000E78 (0x00000013) addi x0, x0, 0x0                        main+2712

clint mtime 0x000000000000026C (mip.MTI <- 0b1, mip.STI <- 0b0)
mem[X,0x0000000080000E7C] -> 0x0013
mem[X,0x0000000080000E7E] -> 0x0000
[1240] [M]: 0x0000000080000E7C (0x00000013) addi x0, x0, 0x0                        main+2716

mem[X,0x0000000080000E80] -> 0x12B7
mem[X,0x0000000080000E82] -> 0x2000
[1241] [M]: 0x0000000080000E80 (0x200012B7) lui x5, 0x20001                         main+2720
x5 <- 0x0000000020001000

clint mtime 0x000000000000026D (mip.MTI <- 0b1, mip.STI <- 0b0)
mem[X,0x0000000080000E84] -> 0x829B
mem[X,0x0000000080000E86] -> 0x8002
[1242] [M]: 0x0000000080000E84 (0x8002829B) addiw x5, x5, -0x800                    main+2724
x5 <- 0x0000000020000800

mem[X,0x0000000080000E88] -> 0x0001
[1243] [M]: 0x0000000080000E88 (0x0001) c.nop                                       main+2728

clint mtime 0x000000000000026E (mip.MTI <- 0b1, mip.STI <- 0b0)
mem[X,0x0000000080000E8A] -> 0x0013
mem[X,0x0000000080000E8C] -> 0x0000
[1244] [M]: 0x0000000080000E8A (0x00000013) addi x0, x0, 0x0                        main+2730

mem[X,0x0000000080000E8E] -> 0x0013
mem[X,0x0000000080000E90] -> 0x0000
[1245] [M]: 0x0000000080000E8E (0x00000013) addi x0, x0, 0x0                        main+2734

clint mtime 0x000000000000026F (mip.MTI <- 0b1, mip.STI <- 0b0)
mem[X,0x0000000080000E92] -> 0x0013
mem[X,0x0000000080000E94] -> 0x0000
[1246] [M]: 0x0000000080000E92 (0x00000013) addi x0, x0, 0x0                        main+2738

mem[X,0x0000000080000E96] -> 0x0013
mem[X,0x0000000080000E98] -> 0x0000
[1247] [M]: 0x0000000080000E96 (0x00000013) addi x0, x0, 0x0                        main+2742

clint mtime 0x0000000000000270 (mip.MTI <- 0b1, mip.STI <- 0b0)
mem[X,0x0000000080000E9A] -> 0x0013
mem[X,0x0000000080000E9C] -> 0x0000
[1248] [M]: 0x0000000080000E9A (0x00000013) addi x0, x0, 0x0                        main+2746

mem[X,0x0000000080000E9E] -> 0x0001
[1249] [M]: 0x0000000080000E9E (0x0001) c.nop                                       main+2750

clint mtime 0x0000000000000271 (mip.MTI <- 0b1, mip.STI <- 0b0)
mem[X,0x0000000080000EA0] -> 0x9073
mem[X,0x0000000080000EA2] -> 0x3B62
[1250] [M]: 0x0000000080000EA0 (0x3B629073) csrrw x0, pmpaddr6, x5                  main+2752
CSR pmpaddr6 (0x3B6) <- 0x0000000020000800

mem[X,0x0000000080000EA4] -> 0x0213
mem[X,0x0000000080000EA6] -> 0x0010
[1251] [M]: 0x0000000080000EA4 (0x00100213) addi x4, x0, 0x1                        main+2756
x4 <- 0x0000000000000001

clint mtime 0x0000000000000272 (mip.MTI <- 0b1, mip.STI <- 0b0)
mem[X,0x0000000080000EA8] -> 0x1213
mem[X,0x0000000080000EAA] -> 0x0372
[1252] [M]: 0x0000000080000EA8 (0x03721213) slli x4, x4, 0x37                       main+2760
x4 <- 0x0080000000000000

mem[X,0x0000000080000EAC] -> 0x1073
mem[X,0x0000000080000EAE] -> 0x3A02
[1253] [M]: 0x0000000080000EAC (0x3A021073) csrrw x0, pmpcfg0, x4                   main+2764
CSR pmpcfg0 (0x3A0) <- 0x8080000000000000

clint mtime 0x0000000000000273 (mip.MTI <- 0b1, mip.STI <- 0b0)
mem[X,0x0000000080000EB0] -> 0x0013
mem[X,0x0000000080000EB2] -> 0x0000
[1254] [M]: 0x0000000080000EB0 (0x00000013) addi x0, x0, 0x0                        main+2768

mem[X,0x0000000080000EB4] -> 0x0013
mem[X,0x0000000080000EB6] -> 0x0000
[1255] [M]: 0x0000000080000EB4 (0x00000013) addi x0, x0, 0x0                        main+2772

clint mtime 0x0000000000000274 (mip.MTI <- 0b1, mip.STI <- 0b0)
mem[X,0x0000000080000EB8] -> 0x0013
mem[X,0x0000000080000EBA] -> 0x0000
[1256] [M]: 0x0000000080000EB8 (0x00000013) addi x0, x0, 0x0                        main+2776

mem[X,0x0000000080000EBC] -> 0x0013
mem[X,0x0000000080000EBE] -> 0x0000
[1257] [M]: 0x0000000080000EBC (0x00000013) addi x0, x0, 0x0                        main+2780

clint mtime 0x0000000000000275 (mip.MTI <- 0b1, mip.STI <- 0b0)
mem[X,0x0000000080000EC0] -> 0x1717
mem[X,0x0000000080000EC2] -> 0x0000
[1258] [M]: 0x0000000080000EC0 (0x00001717) auipc x14, 0x1                          main+2784
x14 <- 0x0000000080001EC0

mem[X,0x0000000080000EC4] -> 0x0713
mem[X,0x0000000080000EC6] -> 0x1407
[1259] [M]: 0x0000000080000EC4 (0x14070713) addi x14, x14, 0x140                    main+2788
x14 <- 0x0000000080002000

clint mtime 0x0000000000000276 (mip.MTI <- 0b1, mip.STI <- 0b0)
mem[X,0x0000000080000EC8] -> 0x0001
[1260] [M]: 0x0000000080000EC8 (0x0001) c.nop                                       main+2792

mem[X,0x0000000080000ECA] -> 0x0013
mem[X,0x0000000080000ECC] -> 0x0000
[1261] [M]: 0x0000000080000ECA (0x00000013) addi x0, x0, 0x0                        main+2794

clint mtime 0x0000000000000277 (mip.MTI <- 0b1, mip.STI <- 0b0)
mem[X,0x0000000080000ECE] -> 0x0013
mem[X,0x0000000080000ED0] -> 0x0000
[1262] [M]: 0x0000000080000ECE (0x00000013) addi x0, x0, 0x0                        main+2798

mem[X,0x0000000080000ED2] -> 0x0013
mem[X,0x0000000080000ED4] -> 0x0000
[1263] [M]: 0x0000000080000ED2 (0x00000013) addi x0, x0, 0x0                        main+2802

clint mtime 0x0000000000000278 (mip.MTI <- 0b1, mip.STI <- 0b0)
mem[X,0x0000000080000ED6] -> 0x0013
mem[X,0x0000000080000ED8] -> 0x0000
[1264] [M]: 0x0000000080000ED6 (0x00000013) addi x0, x0, 0x0                        main+2806

mem[X,0x0000000080000EDA] -> 0x0013
mem[X,0x0000000080000EDC] -> 0x0000
[1265] [M]: 0x0000000080000EDA (0x00000013) addi x0, x0, 0x0                        main+2810

clint mtime 0x0000000000000279 (mip.MTI <- 0b1, mip.STI <- 0b0)
mem[X,0x0000000080000EDE] -> 0x0001
[1266] [M]: 0x0000000080000EDE (0x0001) c.nop                                       main+2814

mem[X,0x0000000080000EE0] -> 0x51B7
mem[X,0x0000000080000EE2] -> 0x0000
[1267] [M]: 0x0000000080000EE0 (0x000051B7) lui x3, 0x5                             main+2816
x3 <- 0x0000000000005000

clint mtime 0x000000000000027A (mip.MTI <- 0b1, mip.STI <- 0b0)
mem[X,0x0000000080000EE4] -> 0x8193
mem[X,0x0000000080000EE6] -> 0x6671
[1268] [M]: 0x0000000080000EE4 (0x66718193) addi x3, x3, 0x667                      main+2820
x3 <- 0x0000000000005667

mem[X,0x0000000080000EE8] -> 0x9193
mem[X,0x0000000080000EEA] -> 0x0011
[1269] [M]: 0x0000000080000EE8 (0x00119193) slli x3, x3, 0x1                        main+2824
x3 <- 0x000000000000ACCE

clint mtime 0x000000000000027B (mip.MTI <- 0b1, mip.STI <- 0b0)
mem[X,0x0000000080000EEC] -> 0x0013
mem[X,0x0000000080000EEE] -> 0x0000
[1270] [M]: 0x0000000080000EEC (0x00000013) addi x0, x0, 0x0                        main+2828

mem[X,0x0000000080000EF0] -> 0x0013
mem[X,0x0000000080000EF2] -> 0x0000
[1271] [M]: 0x0000000080000EF0 (0x00000013) addi x0, x0, 0x0                        main+2832

clint mtime 0x000000000000027C (mip.MTI <- 0b1, mip.STI <- 0b0)
mem[X,0x0000000080000EF4] -> 0x0013
mem[X,0x0000000080000EF6] -> 0x0000
[1272] [M]: 0x0000000080000EF4 (0x00000013) addi x0, x0, 0x0                        main+2836

mem[X,0x0000000080000EF8] -> 0x0013
mem[X,0x0000000080000EFA] -> 0x0000
[1273] [M]: 0x0000000080000EF8 (0x00000013) addi x0, x0, 0x0                        main+2840

clint mtime 0x000000000000027D (mip.MTI <- 0b1, mip.STI <- 0b0)
mem[X,0x0000000080000EFC] -> 0x0013
mem[X,0x0000000080000EFE] -> 0x0000
[1274] [M]: 0x0000000080000EFC (0x00000013) addi x0, x0, 0x0                        main+2844

mem[X,0x0000000080000F00] -> 0x0217
mem[X,0x0000000080000F02] -> 0x0000
[1275] [M]: 0x0000000080000F00 (0x00000217) auipc x4, 0x0                           main+2848
x4 <- 0x0000000080000F00

clint mtime 0x000000000000027E (mip.MTI <- 0b1, mip.STI <- 0b0)
mem[X,0x0000000080000F04] -> 0x0213
mem[X,0x0000000080000F06] -> 0x02C2
[1276] [M]: 0x0000000080000F04 (0x02C20213) addi x4, x4, 0x2c                       main+2852
x4 <- 0x0000000080000F2C

mem[X,0x0000000080000F08] -> 0x0001
[1277] [M]: 0x0000000080000F08 (0x0001) c.nop                                       main+2856

clint mtime 0x000000000000027F (mip.MTI <- 0b1, mip.STI <- 0b0)
mem[X,0x0000000080000F0A] -> 0x0013
mem[X,0x0000000080000F0C] -> 0x0000
[1278] [M]: 0x0000000080000F0A (0x00000013) addi x0, x0, 0x0                        main+2858

mem[X,0x0000000080000F0E] -> 0x0013
mem[X,0x0000000080000F10] -> 0x0000
[1279] [M]: 0x0000000080000F0E (0x00000013) addi x0, x0, 0x0                        main+2862

clint mtime 0x0000000000000280 (mip.MTI <- 0b1, mip.STI <- 0b0)
mem[X,0x0000000080000F12] -> 0x0013
mem[X,0x0000000080000F14] -> 0x0000
[1280] [M]: 0x0000000080000F12 (0x00000013) addi x0, x0, 0x0                        main+2866

mem[X,0x0000000080000F16] -> 0x0013
mem[X,0x0000000080000F18] -> 0x0000
[1281] [M]: 0x0000000080000F16 (0x00000013) addi x0, x0, 0x0                        main+2870

clint mtime 0x0000000000000281 (mip.MTI <- 0b1, mip.STI <- 0b0)
mem[X,0x0000000080000F1A] -> 0x0013
mem[X,0x0000000080000F1C] -> 0x0000
[1282] [M]: 0x0000000080000F1A (0x00000013) addi x0, x0, 0x0                        main+2874

mem[X,0x0000000080000F1E] -> 0x0001
[1283] [M]: 0x0000000080000F1E (0x0001) c.nop                                       main+2878

clint mtime 0x0000000000000282 (mip.MTI <- 0b1, mip.STI <- 0b0)
mem[X,0x0000000080000F20] -> 0x00E7
mem[X,0x0000000080000F22] -> 0x0007
[1284] [M]: 0x0000000080000F20 (0x000700E7) jalr x1, 0x0(x14)                       main+2880
x1 <- 0x0000000080000F24

mem[X,0x0000000080002000] -> 0x0013
mem[X,0x0000000080002002] -> 0x0000
[1285] [M]: 0x0000000080002000 (0x00000013) addi x0, x0, 0x0                        TEST_FOR_EXECUTION+0

clint mtime 0x0000000000000283 (mip.MTI <- 0b1, mip.STI <- 0b0)
mem[X,0x0000000080002004] -> 0x0013
mem[X,0x0000000080002006] -> 0x0000
[1286] [M]: 0x0000000080002004 (0x00000013) addi x0, x0, 0x0                        TEST_FOR_EXECUTION+4

mem[X,0x0000000080002008] -> 0x0013
mem[X,0x000000008000200A] -> 0x0000
[1287] [M]: 0x0000000080002008 (0x00000013) addi x0, x0, 0x0                        RETURN_INSTRUCTION+0

clint mtime 0x0000000000000284 (mip.MTI <- 0b1, mip.STI <- 0b0)
mem[X,0x000000008000200C] -> 0x0013
mem[X,0x000000008000200E] -> 0x0000
[1288] [M]: 0x000000008000200C (0x00000013) addi x0, x0, 0x0                        RETURN_INSTRUCTION+4

mem[X,0x0000000080002010] -> 0x8067
mem[X,0x0000000080002012] -> 0x0000
[1289] [M]: 0x0000000080002010 (0x00008067) jalr x0, 0x0(x1)                        RETURN_INSTRUCTION+8

clint mtime 0x0000000000000285 (mip.MTI <- 0b1, mip.STI <- 0b0)
mem[X,0x0000000080000F24] -> 0x0013
mem[X,0x0000000080000F26] -> 0x0000
[1290] [M]: 0x0000000080000F24 (0x00000013) addi x0, x0, 0x0                        main+2884

mem[X,0x0000000080000F28] -> 0x0013
mem[X,0x0000000080000F2A] -> 0x0000
[1291] [M]: 0x0000000080000F28 (0x00000013) addi x0, x0, 0x0                        main+2888

clint mtime 0x0000000000000286 (mip.MTI <- 0b1, mip.STI <- 0b0)
mem[X,0x0000000080000F2C] -> 0x0013
mem[X,0x0000000080000F2E] -> 0x0000
[1292] [M]: 0x0000000080000F2C (0x00000013) addi x0, x0, 0x0                        main+2892

mem[X,0x0000000080000F30] -> 0x0013
mem[X,0x0000000080000F32] -> 0x0000
[1293] [M]: 0x0000000080000F30 (0x00000013) addi x0, x0, 0x0                        main+2896

clint mtime 0x0000000000000287 (mip.MTI <- 0b1, mip.STI <- 0b0)
mem[X,0x0000000080000F34] -> 0x0013
mem[X,0x0000000080000F36] -> 0x0000
[1294] [M]: 0x0000000080000F34 (0x00000013) addi x0, x0, 0x0                        main+2900

mem[X,0x0000000080000F38] -> 0x0013
mem[X,0x0000000080000F3A] -> 0x0000
[1295] [M]: 0x0000000080000F38 (0x00000013) addi x0, x0, 0x0                        main+2904

clint mtime 0x0000000000000288 (mip.MTI <- 0b1, mip.STI <- 0b0)
mem[X,0x0000000080000F3C] -> 0x0013
mem[X,0x0000000080000F3E] -> 0x0000
[1296] [M]: 0x0000000080000F3C (0x00000013) addi x0, x0, 0x0                        main+2908

mem[X,0x0000000080000F40] -> 0x1797
mem[X,0x0000000080000F42] -> 0x0000
[1297] [M]: 0x0000000080000F40 (0x00001797) auipc x15, 0x1                          main+2912
x15 <- 0x0000000080001F40

clint mtime 0x0000000000000289 (mip.MTI <- 0b1, mip.STI <- 0b0)
mem[X,0x0000000080000F44] -> 0x8793
mem[X,0x0000000080000F46] -> 0x0C07
[1298] [M]: 0x0000000080000F44 (0x0C078793) addi x15, x15, 0xc0                     main+2916
x15 <- 0x0000000080002000

mem[X,0x0000000080000F48] -> 0x0001
[1299] [M]: 0x0000000080000F48 (0x0001) c.nop                                       main+2920

clint mtime 0x000000000000028A (mip.MTI <- 0b1, mip.STI <- 0b0)
mem[X,0x0000000080000F4A] -> 0x0013
mem[X,0x0000000080000F4C] -> 0x0000
[1300] [M]: 0x0000000080000F4A (0x00000013) addi x0, x0, 0x0                        main+2922

mem[X,0x0000000080000F4E] -> 0x0013
mem[X,0x0000000080000F50] -> 0x0000
[1301] [M]: 0x0000000080000F4E (0x00000013) addi x0, x0, 0x0                        main+2926

clint mtime 0x000000000000028B (mip.MTI <- 0b1, mip.STI <- 0b0)
mem[X,0x0000000080000F52] -> 0x0013
mem[X,0x0000000080000F54] -> 0x0000
[1302] [M]: 0x0000000080000F52 (0x00000013) addi x0, x0, 0x0                        main+2930

mem[X,0x0000000080000F56] -> 0x0013
mem[X,0x0000000080000F58] -> 0x0000
[1303] [M]: 0x0000000080000F56 (0x00000013) addi x0, x0, 0x0                        main+2934

clint mtime 0x000000000000028C (mip.MTI <- 0b1, mip.STI <- 0b0)
mem[X,0x0000000080000F5A] -> 0x0013
mem[X,0x0000000080000F5C] -> 0x0000
[1304] [M]: 0x0000000080000F5A (0x00000013) addi x0, x0, 0x0                        main+2938

mem[X,0x0000000080000F5E] -> 0x0001
[1305] [M]: 0x0000000080000F5E (0x0001) c.nop                                       main+2942

clint mtime 0x000000000000028D (mip.MTI <- 0b1, mip.STI <- 0b0)
mem[X,0x0000000080000F60] -> 0x0737
mem[X,0x0000000080000F62] -> 0x0000
[1306] [M]: 0x0000000080000F60 (0x00000737) lui x14, 0x0                            main+2944
x14 <- 0x0000000000000000

mem[X,0x0000000080000F64] -> 0x0713
mem[X,0x0000000080000F66] -> 0x0137
[1307] [M]: 0x0000000080000F64 (0x01370713) addi x14, x14, 0x13                     main+2948
x14 <- 0x0000000000000013

clint mtime 0x000000000000028E (mip.MTI <- 0b1, mip.STI <- 0b0)
mem[X,0x0000000080000F68] -> 0x1713
mem[X,0x0000000080000F6A] -> 0x00B7
[1308] [M]: 0x0000000080000F68 (0x00B71713) slli x14, x14, 0xb                      main+2952
x14 <- 0x0000000000009800

mem[X,0x0000000080000F6C] -> 0x0713
mem[X,0x0000000080000F6E] -> 0x0007
[1309] [M]: 0x0000000080000F6C (0x00070713) addi x14, x14, 0x0                      main+2956
x14 <- 0x0000000000009800

clint mtime 0x000000000000028F (mip.MTI <- 0b1, mip.STI <- 0b0)
mem[X,0x0000000080000F70] -> 0x1713
mem[X,0x0000000080000F72] -> 0x00B7
[1310] [M]: 0x0000000080000F70 (0x00B71713) slli x14, x14, 0xb                      main+2960
x14 <- 0x0000000004C00000

mem[X,0x0000000080000F74] -> 0x0713
mem[X,0x0000000080000F76] -> 0x0007
[1311] [M]: 0x0000000080000F74 (0x00070713) addi x14, x14, 0x0                      main+2964
x14 <- 0x0000000004C00000

clint mtime 0x0000000000000290 (mip.MTI <- 0b1, mip.STI <- 0b0)
mem[X,0x0000000080000F78] -> 0x1713
mem[X,0x0000000080000F7A] -> 0x00A7
[1312] [M]: 0x0000000080000F78 (0x00A71713) slli x14, x14, 0xa                      main+2968
x14 <- 0x0000001300000000

mem[X,0x0000000080000F7C] -> 0x0713
mem[X,0x0000000080000F7E] -> 0x0137
[1313] [M]: 0x0000000080000F7C (0x01370713) addi x14, x14, 0x13                     main+2972
x14 <- 0x0000001300000013

clint mtime 0x0000000000000291 (mip.MTI <- 0b1, mip.STI <- 0b0)
mem[X,0x0000000080000F80] -> 0xA023
mem[X,0x0000000080000F82] -> 0x00E7
[1314] [M]: 0x0000000080000F80 (0x00E7A023) sw x14, 0x0(x15)                        main+2976
mem[W,0x0000000080002000] <- 0x00000013

mem[X,0x0000000080000F84] -> 0x0013
mem[X,0x0000000080000F86] -> 0x0000
[1315] [M]: 0x0000000080000F84 (0x00000013) addi x0, x0, 0x0                        main+2980

clint mtime 0x0000000000000292 (mip.MTI <- 0b1, mip.STI <- 0b0)
mem[X,0x0000000080000F88] -> 0x0013
mem[X,0x0000000080000F8A] -> 0x0000
[1316] [M]: 0x0000000080000F88 (0x00000013) addi x0, x0, 0x0                        main+2984

mem[X,0x0000000080000F8C] -> 0xA703
mem[X,0x0000000080000F8E] -> 0x0007
[1317] [M]: 0x0000000080000F8C (0x0007A703) lw x14, 0x0(x15)                        main+2988
mem[R,0x0000000080002000] -> 0x00000013
x14 <- 0x0000000000000013

clint mtime 0x0000000000000293 (mip.MTI <- 0b1, mip.STI <- 0b0)
mem[X,0x0000000080000F90] -> 0x0013
mem[X,0x0000000080000F92] -> 0x0000
[1318] [M]: 0x0000000080000F90 (0x00000013) addi x0, x0, 0x0                        main+2992

mem[X,0x0000000080000F94] -> 0x0013
mem[X,0x0000000080000F96] -> 0x0000
[1319] [M]: 0x0000000080000F94 (0x00000013) addi x0, x0, 0x0                        main+2996

clint mtime 0x0000000000000294 (mip.MTI <- 0b1, mip.STI <- 0b0)
mem[X,0x0000000080000F98] -> 0xB023
mem[X,0x0000000080000F9A] -> 0x04E6
[1320] [M]: 0x0000000080000F98 (0x04E6B023) sd x14, 0x40(x13)                       main+3000
mem[W,0x0000000080006258] <- 0x0000000000000013

mem[X,0x0000000080000F9C] -> 0x0113
mem[X,0x0000000080000F9E] -> 0x0000
[1321] [M]: 0x0000000080000F9C (0x00000113) addi x2, x0, 0x0                        main+3004
x2 <- 0x0000000000000000

clint mtime 0x0000000000000295 (mip.MTI <- 0b1, mip.STI <- 0b0)
mem[X,0x0000000080000FA0] -> 0x0073
mem[X,0x0000000080000FA2] -> 0x0000
[1322] [M]: 0x0000000080000FA0 (0x00000073) ecall                                   main+3008
trapping from M to M to handle m-call
handling exc#m-call at priv M with tval 0x0000000000000000
CSR mstatus (0x300) <- 0x0000000A00001800
CSR mcause (0x342) <- 0x000000000000000B
CSR mtval (0x343) <- 0x0000000000000000
CSR mepc (0x341) <- 0x0000000080000FA0

mem[X,0x0000000080002100] -> 0x006F
mem[X,0x0000000080002102] -> 0x1000
[1323] [M]: 0x0000000080002100 (0x1000006F) jal x0, 0x100                           Mtrampoline+0

clint mtime 0x0000000000000296 (mip.MTI <- 0b1, mip.STI <- 0b0)
mem[X,0x0000000080002200] -> 0x1173
mem[X,0x0000000080002202] -> 0x3401
[1324] [M]: 0x0000000080002200 (0x34011173) csrrw x2, mscratch, x2                  trap_Mhandler+0
CSR mscratch (0x340) <- 0x0000000000000000
x2 <- 0x0000000080005000

mem[X,0x0000000080002204] -> 0x3423
mem[X,0x0000000080002206] -> 0x28B1
[1325] [M]: 0x0000000080002204 (0x28B13423) sd x11, 0x288(x2)                       trap_Mhandler+4
mem[W,0x0000000080005288] <- 0x0000000000000000

clint mtime 0x0000000000000297 (mip.MTI <- 0b1, mip.STI <- 0b0)
mem[X,0x0000000080002208] -> 0x05EF
mem[X,0x000000008000220A] -> 0x0B80
[1326] [M]: 0x0000000080002208 (0x0B8005EF) jal x11, 0xb8                           trap_Mhandler+8
x11 <- 0x000000008000220C

mem[X,0x00000000800022C0] -> 0x3023
mem[X,0x00000000800022C2] -> 0x28A1
[1327] [M]: 0x00000000800022C0 (0x28A13023) sd x10, 0x280(x2)                       common_Mhandler+0
mem[W,0x0000000080005280] <- 0x0000000000000001

clint mtime 0x0000000000000298 (mip.MTI <- 0b1, mip.STI <- 0b0)
mem[X,0x00000000800022C4] -> 0x1573
mem[X,0x00000000800022C6] -> 0x3401
[1328] [M]: 0x00000000800022C4 (0x34011573) csrrw x10, mscratch, x2                 common_Mhandler+4
CSR mscratch (0x340) <- 0x0000000080005000
x10 <- 0x0000000000000000

mem[X,0x00000000800022C8] -> 0x3823
mem[X,0x00000000800022CA] -> 0x28A1
[1329] [M]: 0x00000000800022C8 (0x28A13823) sd x10, 0x290(x2)                       common_Mhandler+8
mem[W,0x0000000080005290] <- 0x0000000000000000

clint mtime 0x0000000000000299 (mip.MTI <- 0b1, mip.STI <- 0b0)
mem[X,0x00000000800022CC] -> 0x3503
mem[X,0x00000000800022CE] -> 0x2301
[1330] [M]: 0x00000000800022CC (0x23013503) ld x10, 0x230(x2)                       common_Mhandler+12
mem[R,0x0000000080005230] -> 0x00000000800022D4
x10 <- 0x00000000800022D4

mem[X,0x00000000800022D0] -> 0x0067
mem[X,0x00000000800022D2] -> 0x0005
[1331] [M]: 0x00000000800022D0 (0x00050067) jalr x0, 0x0(x10)                       common_Mhandler+16

clint mtime 0x000000000000029A (mip.MTI <- 0b1, mip.STI <- 0b0)
mem[X,0x00000000800022D4] -> 0x3C23
mem[X,0x00000000800022D6] -> 0x2691
[1332] [M]: 0x00000000800022D4 (0x26913C23) sd x9, 0x278(x2)                        common_Mentry+0
mem[W,0x0000000080005278] <- 0x00000000000000FE

mem[X,0x00000000800022D8] -> 0x3823
mem[X,0x00000000800022DA] -> 0x2681
[1333] [M]: 0x00000000800022D8 (0x26813823) sd x8, 0x270(x2)                        common_Mentry+4
mem[W,0x0000000080005270] <- 0x0000000000007F76

clint mtime 0x000000000000029B (mip.MTI <- 0b1, mip.STI <- 0b0)
mem[X,0x00000000800022DC] -> 0x3423
mem[X,0x00000000800022DE] -> 0x2671
[1334] [M]: 0x00000000800022DC (0x26713423) sd x7, 0x268(x2)                        common_Mentry+8
mem[W,0x0000000080005268] <- 0x0000000080000E60

mem[X,0x00000000800022E0] -> 0x3023
mem[X,0x00000000800022E2] -> 0x2661
[1335] [M]: 0x00000000800022E0 (0x26613023) sd x6, 0x260(x2)                        common_Mentry+12
mem[W,0x0000000080005260] <- 0x000000001FDDB7D5

clint mtime 0x000000000000029C (mip.MTI <- 0b1, mip.STI <- 0b0)
mem[X,0x00000000800022E4] -> 0x2573
mem[X,0x00000000800022E6] -> 0x3420
[1336] [M]: 0x00000000800022E4 (0x34202573) csrrs x10, mcause, x0                   spcl_M2mmode_test+0
CSR mcause (0x342) -> 0x000000000000000B
x10 <- 0x000000000000000B

mem[X,0x00000000800022E8] -> 0x04B7
mem[X,0x00000000800022EA] -> 0x8000
[1337] [M]: 0x00000000800022E8 (0x800004B7) lui x9, -0x80000                        spcl_M2mmode_test+4
x9 <- 0xFFFFFFFF80000000

clint mtime 0x000000000000029D (mip.MTI <- 0b1, mip.STI <- 0b0)
mem[X,0x00000000800022EC] -> 0x8493
mem[X,0x00000000800022EE] -> 0x0004
[1338] [M]: 0x00000000800022EC (0x00048493) addi x9, x9, 0x0                        spcl_M2mmode_test+8
x9 <- 0xFFFFFFFF80000000

mem[X,0x00000000800022F0] -> 0x9493
mem[X,0x00000000800022F2] -> 0x00B4
[1339] [M]: 0x00000000800022F0 (0x00B49493) slli x9, x9, 0xb                        spcl_M2mmode_test+12
x9 <- 0xFFFFFC0000000000

clint mtime 0x000000000000029E (mip.MTI <- 0b1, mip.STI <- 0b0)
mem[X,0x00000000800022F4] -> 0x8493
mem[X,0x00000000800022F6] -> 0x0004
[1340] [M]: 0x00000000800022F4 (0x00048493) addi x9, x9, 0x0                        spcl_M2mmode_test+16
x9 <- 0xFFFFFC0000000000

mem[X,0x00000000800022F8] -> 0x9493
mem[X,0x00000000800022FA] -> 0x00B4
[1341] [M]: 0x00000000800022F8 (0x00B49493) slli x9, x9, 0xb                        spcl_M2mmode_test+20
x9 <- 0xFFE0000000000000

clint mtime 0x000000000000029F (mip.MTI <- 0b1, mip.STI <- 0b0)
mem[X,0x00000000800022FC] -> 0x8493
mem[X,0x00000000800022FE] -> 0x0034
[1342] [M]: 0x00000000800022FC (0x00348493) addi x9, x9, 0x3                        spcl_M2mmode_test+24
x9 <- 0xFFE0000000000003

mem[X,0x0000000080002300] -> 0x9493
mem[X,0x0000000080002302] -> 0x00A4
[1343] [M]: 0x0000000080002300 (0x00A49493) slli x9, x9, 0xa                        spcl_M2mmode_test+28
x9 <- 0x8000000000000C00

clint mtime 0x00000000000002A0 (mip.MTI <- 0b1, mip.STI <- 0b0)
mem[X,0x0000000080002304] -> 0x8493
mem[X,0x0000000080002306] -> 0x3FC4
[1344] [M]: 0x0000000080002304 (0x3FC48493) addi x9, x9, 0x3fc                      spcl_M2mmode_test+32
x9 <- 0x8000000000000FFC

mem[X,0x0000000080002308] -> 0xF4B3
mem[X,0x000000008000230A] -> 0x00A4
[1345] [M]: 0x0000000080002308 (0x00A4F4B3) and x9, x9, x10                         spcl_M2mmode_test+36
x9 <- 0x0000000000000008

clint mtime 0x00000000000002A1 (mip.MTI <- 0b1, mip.STI <- 0b0)
mem[X,0x000000008000230C] -> 0x8493
mem[X,0x000000008000230E] -> 0xFF84
[1346] [M]: 0x000000008000230C (0xFF848493) addi x9, x9, -0x8                       spcl_M2mmode_test+40
x9 <- 0x0000000000000000

mem[X,0x0000000080002310] -> 0x9663
mem[X,0x0000000080002312] -> 0x0004
[1347] [M]: 0x0000000080002310 (0x00049663) bne x9, x0, 0xc                         spcl_M2mmode_test+44

clint mtime 0x00000000000002A2 (mip.MTI <- 0b1, mip.STI <- 0b0)
mem[X,0x0000000080002314] -> 0x3383
mem[X,0x0000000080002316] -> 0x2901
[1348] [M]: 0x0000000080002314 (0x29013383) ld x7, 0x290(x2)                        spcl_M2mmode_test+48
mem[R,0x0000000080005290] -> 0x0000000000000000
x7 <- 0x0000000000000000

mem[X,0x0000000080002318] -> 0x8263
mem[X,0x000000008000231A] -> 0x6E03
[1349] [M]: 0x0000000080002318 (0x6E038263) beq x7, x0, 0x6e4                       spcl_M2mmode_test+52

clint mtime 0x00000000000002A3 (mip.MTI <- 0b1, mip.STI <- 0b0)
mem[X,0x00000000800029FC] -> 0x0493
mem[X,0x00000000800029FE] -> 0xFF55
[1350] [M]: 0x00000000800029FC (0xFF550493) addi x9, x10, -0xb                      rtn2mmode+0
x9 <- 0x0000000000000000

mem[X,0x0000000080002A00] -> 0x8C63
mem[X,0x0000000080002A02] -> 0x0004
[1351] [M]: 0x0000000080002A00 (0x00048C63) beq x9, x0, 0x18                        rtn2mmode+4

clint mtime 0x00000000000002A4 (mip.MTI <- 0b1, mip.STI <- 0b0)
mem[X,0x0000000080002A18] -> 0x23F3
mem[X,0x0000000080002A1A] -> 0x3410
[1352] [M]: 0x0000000080002A18 (0x341023F3) csrrs x7, mepc, x0                      rtn_fm_mmode+0
CSR mepc (0x341) -> 0x0000000080000FA0
x7 <- 0x0000000080000FA0

mem[X,0x0000000080002A1C] -> 0x83B3
mem[X,0x0000000080002A1E] -> 0x0093
[1353] [M]: 0x0000000080002A1C (0x009383B3) add x7, x7, x9                          rtn_fm_mmode+4
x7 <- 0x0000000080000FA0

clint mtime 0x00000000000002A5 (mip.MTI <- 0b1, mip.STI <- 0b0)
mem[X,0x0000000080002A20] -> 0x3303
mem[X,0x0000000080002A22] -> 0x2601
[1354] [M]: 0x0000000080002A20 (0x26013303) ld x6, 0x260(x2)                        rtn_fm_mmode+8
mem[R,0x0000000080005260] -> 0x000000001FDDB7D5
x6 <- 0x000000001FDDB7D5

mem[X,0x0000000080002A24] -> 0x3403
mem[X,0x0000000080002A26] -> 0x2701
[1355] [M]: 0x0000000080002A24 (0x27013403) ld x8, 0x270(x2)                        rtn_fm_mmode+12
mem[R,0x0000000080005270] -> 0x0000000000007F76
x8 <- 0x0000000000007F76

clint mtime 0x00000000000002A6 (mip.MTI <- 0b1, mip.STI <- 0b0)
mem[X,0x0000000080002A28] -> 0x3483
mem[X,0x0000000080002A2A] -> 0x2781
[1356] [M]: 0x0000000080002A28 (0x27813483) ld x9, 0x278(x2)                        rtn_fm_mmode+16
mem[R,0x0000000080005278] -> 0x00000000000000FE
x9 <- 0x00000000000000FE

mem[X,0x0000000080002A2C] -> 0x3503
mem[X,0x0000000080002A2E] -> 0x2801
[1357] [M]: 0x0000000080002A2C (0x28013503) ld x10, 0x280(x2)                       rtn_fm_mmode+20
mem[R,0x0000000080005280] -> 0x0000000000000001
x10 <- 0x0000000000000001

clint mtime 0x00000000000002A7 (mip.MTI <- 0b1, mip.STI <- 0b0)
mem[X,0x0000000080002A30] -> 0x3583
mem[X,0x0000000080002A32] -> 0x2881
[1358] [M]: 0x0000000080002A30 (0x28813583) ld x11, 0x288(x2)                       rtn_fm_mmode+24
mem[R,0x0000000080005288] -> 0x0000000000000000
x11 <- 0x0000000000000000

mem[X,0x0000000080002A34] -> 0x3103
mem[X,0x0000000080002A36] -> 0x2901
[1359] [M]: 0x0000000080002A34 (0x29013103) ld x2, 0x290(x2)                        rtn_fm_mmode+28
mem[R,0x0000000080005290] -> 0x0000000000000000
x2 <- 0x0000000000000000

clint mtime 0x00000000000002A8 (mip.MTI <- 0b1, mip.STI <- 0b0)
mem[X,0x0000000080002A38] -> 0x8067
mem[X,0x0000000080002A3A] -> 0x0043
[1360] [M]: 0x0000000080002A38 (0x00438067) jalr x0, 0x4(x7)                        rtn_fm_mmode+32

mem[X,0x0000000080000FA4] -> 0x0013
mem[X,0x0000000080000FA6] -> 0x0000
[1361] [M]: 0x0000000080000FA4 (0x00000013) addi x0, x0, 0x0                        main+3012

clint mtime 0x00000000000002A9 (mip.MTI <- 0b1, mip.STI <- 0b0)
mem[X,0x0000000080000FA8] -> 0x0013
mem[X,0x0000000080000FAA] -> 0x0000
[1362] [M]: 0x0000000080000FA8 (0x00000013) addi x0, x0, 0x0                        main+3016

mem[X,0x0000000080000FAC] -> 0x0013
mem[X,0x0000000080000FAE] -> 0x0000
[1363] [M]: 0x0000000080000FAC (0x00000013) addi x0, x0, 0x0                        main+3020

clint mtime 0x00000000000002AA (mip.MTI <- 0b1, mip.STI <- 0b0)
mem[X,0x0000000080000FB0] -> 0x0013
mem[X,0x0000000080000FB2] -> 0x0000
[1364] [M]: 0x0000000080000FB0 (0x00000013) addi x0, x0, 0x0                        main+3024

mem[X,0x0000000080000FB4] -> 0x0013
mem[X,0x0000000080000FB6] -> 0x0000
[1365] [M]: 0x0000000080000FB4 (0x00000013) addi x0, x0, 0x0                        main+3028

clint mtime 0x00000000000002AB (mip.MTI <- 0b1, mip.STI <- 0b0)
mem[X,0x0000000080000FB8] -> 0x0013
mem[X,0x0000000080000FBA] -> 0x0000
[1366] [M]: 0x0000000080000FB8 (0x00000013) addi x0, x0, 0x0                        main+3032

mem[X,0x0000000080000FBC] -> 0x0013
mem[X,0x0000000080000FBE] -> 0x0000
[1367] [M]: 0x0000000080000FBC (0x00000013) addi x0, x0, 0x0                        main+3036

clint mtime 0x00000000000002AC (mip.MTI <- 0b1, mip.STI <- 0b0)
mem[X,0x0000000080000FC0] -> 0x12B7
mem[X,0x0000000080000FC2] -> 0x2000
[1368] [M]: 0x0000000080000FC0 (0x200012B7) lui x5, 0x20001                         main+3040
x5 <- 0x0000000020001000

mem[X,0x0000000080000FC4] -> 0x829B
mem[X,0x0000000080000FC6] -> 0x8002
[1369] [M]: 0x0000000080000FC4 (0x8002829B) addiw x5, x5, -0x800                    main+3044
x5 <- 0x0000000020000800

clint mtime 0x00000000000002AD (mip.MTI <- 0b1, mip.STI <- 0b0)
mem[X,0x0000000080000FC8] -> 0x0001
[1370] [M]: 0x0000000080000FC8 (0x0001) c.nop                                       main+3048

mem[X,0x0000000080000FCA] -> 0x0013
mem[X,0x0000000080000FCC] -> 0x0000
[1371] [M]: 0x0000000080000FCA (0x00000013) addi x0, x0, 0x0                        main+3050

clint mtime 0x00000000000002AE (mip.MTI <- 0b1, mip.STI <- 0b0)
mem[X,0x0000000080000FCE] -> 0x0013
mem[X,0x0000000080000FD0] -> 0x0000
[1372] [M]: 0x0000000080000FCE (0x00000013) addi x0, x0, 0x0                        main+3054

mem[X,0x0000000080000FD2] -> 0x0013
mem[X,0x0000000080000FD4] -> 0x0000
[1373] [M]: 0x0000000080000FD2 (0x00000013) addi x0, x0, 0x0                        main+3058

clint mtime 0x00000000000002AF (mip.MTI <- 0b1, mip.STI <- 0b0)
mem[X,0x0000000080000FD6] -> 0x0013
mem[X,0x0000000080000FD8] -> 0x0000
[1374] [M]: 0x0000000080000FD6 (0x00000013) addi x0, x0, 0x0                        main+3062

mem[X,0x0000000080000FDA] -> 0x0013
mem[X,0x0000000080000FDC] -> 0x0000
[1375] [M]: 0x0000000080000FDA (0x00000013) addi x0, x0, 0x0                        main+3066

clint mtime 0x00000000000002B0 (mip.MTI <- 0b1, mip.STI <- 0b0)
mem[X,0x0000000080000FDE] -> 0x0001
[1376] [M]: 0x0000000080000FDE (0x0001) c.nop                                       main+3070

mem[X,0x0000000080000FE0] -> 0x9073
mem[X,0x0000000080000FE2] -> 0x3B52
[1377] [M]: 0x0000000080000FE0 (0x3B529073) csrrw x0, pmpaddr5, x5                  main+3072
CSR pmpaddr5 (0x3B5) <- 0x0000000020000800

clint mtime 0x00000000000002B1 (mip.MTI <- 0b1, mip.STI <- 0b0)
mem[X,0x0000000080000FE4] -> 0x0213
mem[X,0x0000000080000FE6] -> 0x0010
[1378] [M]: 0x0000000080000FE4 (0x00100213) addi x4, x0, 0x1                        main+3076
x4 <- 0x0000000000000001

mem[X,0x0000000080000FE8] -> 0x1213
mem[X,0x0000000080000FEA] -> 0x02F2
[1379] [M]: 0x0000000080000FE8 (0x02F21213) slli x4, x4, 0x2f                       main+3080
x4 <- 0x0000800000000000

clint mtime 0x00000000000002B2 (mip.MTI <- 0b1, mip.STI <- 0b0)
mem[X,0x0000000080000FEC] -> 0x1073
mem[X,0x0000000080000FEE] -> 0x3A02
[1380] [M]: 0x0000000080000FEC (0x3A021073) csrrw x0, pmpcfg0, x4                   main+3084
CSR pmpcfg0 (0x3A0) <- 0x8080800000000000

mem[X,0x0000000080000FF0] -> 0x0013
mem[X,0x0000000080000FF2] -> 0x0000
[1381] [M]: 0x0000000080000FF0 (0x00000013) addi x0, x0, 0x0                        main+3088

clint mtime 0x00000000000002B3 (mip.MTI <- 0b1, mip.STI <- 0b0)
mem[X,0x0000000080000FF4] -> 0x0013
mem[X,0x0000000080000FF6] -> 0x0000
[1382] [M]: 0x0000000080000FF4 (0x00000013) addi x0, x0, 0x0                        main+3092

mem[X,0x0000000080000FF8] -> 0x0013
mem[X,0x0000000080000FFA] -> 0x0000
[1383] [M]: 0x0000000080000FF8 (0x00000013) addi x0, x0, 0x0                        main+3096

clint mtime 0x00000000000002B4 (mip.MTI <- 0b1, mip.STI <- 0b0)
mem[X,0x0000000080000FFC] -> 0x0013
mem[X,0x0000000080000FFE] -> 0x0000
[1384] [M]: 0x0000000080000FFC (0x00000013) addi x0, x0, 0x0                        main+3100

mem[X,0x0000000080001000] -> 0x1717
mem[X,0x0000000080001002] -> 0x0000
[1385] [M]: 0x0000000080001000 (0x00001717) auipc x14, 0x1                          main+3104
x14 <- 0x0000000080002000

clint mtime 0x00000000000002B5 (mip.MTI <- 0b1, mip.STI <- 0b0)
mem[X,0x0000000080001004] -> 0x0713
mem[X,0x0000000080001006] -> 0x0007
[1386] [M]: 0x0000000080001004 (0x00070713) addi x14, x14, 0x0                      main+3108
x14 <- 0x0000000080002000

mem[X,0x0000000080001008] -> 0x0001
[1387] [M]: 0x0000000080001008 (0x0001) c.nop                                       main+3112

clint mtime 0x00000000000002B6 (mip.MTI <- 0b1, mip.STI <- 0b0)
mem[X,0x000000008000100A] -> 0x0013
mem[X,0x000000008000100C] -> 0x0000
[1388] [M]: 0x000000008000100A (0x00000013) addi x0, x0, 0x0                        main+3114

mem[X,0x000000008000100E] -> 0x0013
mem[X,0x0000000080001010] -> 0x0000
[1389] [M]: 0x000000008000100E (0x00000013) addi x0, x0, 0x0                        main+3118

clint mtime 0x00000000000002B7 (mip.MTI <- 0b1, mip.STI <- 0b0)
mem[X,0x0000000080001012] -> 0x0013
mem[X,0x0000000080001014] -> 0x0000
[1390] [M]: 0x0000000080001012 (0x00000013) addi x0, x0, 0x0                        main+3122

mem[X,0x0000000080001016] -> 0x0013
mem[X,0x0000000080001018] -> 0x0000
[1391] [M]: 0x0000000080001016 (0x00000013) addi x0, x0, 0x0                        main+3126

clint mtime 0x00000000000002B8 (mip.MTI <- 0b1, mip.STI <- 0b0)
mem[X,0x000000008000101A] -> 0x0013
mem[X,0x000000008000101C] -> 0x0000
[1392] [M]: 0x000000008000101A (0x00000013) addi x0, x0, 0x0                        main+3130

mem[X,0x000000008000101E] -> 0x0001
[1393] [M]: 0x000000008000101E (0x0001) c.nop                                       main+3134

clint mtime 0x00000000000002B9 (mip.MTI <- 0b1, mip.STI <- 0b0)
mem[X,0x0000000080001020] -> 0x51B7
mem[X,0x0000000080001022] -> 0x0000
[1394] [M]: 0x0000000080001020 (0x000051B7) lui x3, 0x5                             main+3136
x3 <- 0x0000000000005000

mem[X,0x0000000080001024] -> 0x8193
mem[X,0x0000000080001026] -> 0x6671
[1395] [M]: 0x0000000080001024 (0x66718193) addi x3, x3, 0x667                      main+3140
x3 <- 0x0000000000005667

clint mtime 0x00000000000002BA (mip.MTI <- 0b1, mip.STI <- 0b0)
mem[X,0x0000000080001028] -> 0x9193
mem[X,0x000000008000102A] -> 0x0011
[1396] [M]: 0x0000000080001028 (0x00119193) slli x3, x3, 0x1                        main+3144
x3 <- 0x000000000000ACCE

mem[X,0x000000008000102C] -> 0x0013
mem[X,0x000000008000102E] -> 0x0000
[1397] [M]: 0x000000008000102C (0x00000013) addi x0, x0, 0x0                        main+3148

clint mtime 0x00000000000002BB (mip.MTI <- 0b1, mip.STI <- 0b0)
mem[X,0x0000000080001030] -> 0x0013
mem[X,0x0000000080001032] -> 0x0000
[1398] [M]: 0x0000000080001030 (0x00000013) addi x0, x0, 0x0                        main+3152

mem[X,0x0000000080001034] -> 0x0013
mem[X,0x0000000080001036] -> 0x0000
[1399] [M]: 0x0000000080001034 (0x00000013) addi x0, x0, 0x0                        main+3156

clint mtime 0x00000000000002BC (mip.MTI <- 0b1, mip.STI <- 0b0)
mem[X,0x0000000080001038] -> 0x0013
mem[X,0x000000008000103A] -> 0x0000
[1400] [M]: 0x0000000080001038 (0x00000013) addi x0, x0, 0x0                        main+3160

mem[X,0x000000008000103C] -> 0x0013
mem[X,0x000000008000103E] -> 0x0000
[1401] [M]: 0x000000008000103C (0x00000013) addi x0, x0, 0x0                        main+3164

clint mtime 0x00000000000002BD (mip.MTI <- 0b1, mip.STI <- 0b0)
mem[X,0x0000000080001040] -> 0x0217
mem[X,0x0000000080001042] -> 0x0000
[1402] [M]: 0x0000000080001040 (0x00000217) auipc x4, 0x0                           main+3168
x4 <- 0x0000000080001040

mem[X,0x0000000080001044] -> 0x0213
mem[X,0x0000000080001046] -> 0x02C2
[1403] [M]: 0x0000000080001044 (0x02C20213) addi x4, x4, 0x2c                       main+3172
x4 <- 0x000000008000106C

clint mtime 0x00000000000002BE (mip.MTI <- 0b1, mip.STI <- 0b0)
mem[X,0x0000000080001048] -> 0x0001
[1404] [M]: 0x0000000080001048 (0x0001) c.nop                                       main+3176

mem[X,0x000000008000104A] -> 0x0013
mem[X,0x000000008000104C] -> 0x0000
[1405] [M]: 0x000000008000104A (0x00000013) addi x0, x0, 0x0                        main+3178

clint mtime 0x00000000000002BF (mip.MTI <- 0b1, mip.STI <- 0b0)
mem[X,0x000000008000104E] -> 0x0013
mem[X,0x0000000080001050] -> 0x0000
[1406] [M]: 0x000000008000104E (0x00000013) addi x0, x0, 0x0                        main+3182

mem[X,0x0000000080001052] -> 0x0013
mem[X,0x0000000080001054] -> 0x0000
[1407] [M]: 0x0000000080001052 (0x00000013) addi x0, x0, 0x0                        main+3186

clint mtime 0x00000000000002C0 (mip.MTI <- 0b1, mip.STI <- 0b0)
mem[X,0x0000000080001056] -> 0x0013
mem[X,0x0000000080001058] -> 0x0000
[1408] [M]: 0x0000000080001056 (0x00000013) addi x0, x0, 0x0                        main+3190

mem[X,0x000000008000105A] -> 0x0013
mem[X,0x000000008000105C] -> 0x0000
[1409] [M]: 0x000000008000105A (0x00000013) addi x0, x0, 0x0                        main+3194

clint mtime 0x00000000000002C1 (mip.MTI <- 0b1, mip.STI <- 0b0)
mem[X,0x000000008000105E] -> 0x0001
[1410] [M]: 0x000000008000105E (0x0001) c.nop                                       main+3198

mem[X,0x0000000080001060] -> 0x00E7
mem[X,0x0000000080001062] -> 0x0007
[1411] [M]: 0x0000000080001060 (0x000700E7) jalr x1, 0x0(x14)                       main+3200
x1 <- 0x0000000080001064

clint mtime 0x00000000000002C2 (mip.MTI <- 0b1, mip.STI <- 0b0)
mem[X,0x0000000080002000] -> 0x0013
mem[X,0x0000000080002002] -> 0x0000
[1412] [M]: 0x0000000080002000 (0x00000013) addi x0, x0, 0x0                        TEST_FOR_EXECUTION+0

mem[X,0x0000000080002004] -> 0x0013
mem[X,0x0000000080002006] -> 0x0000
[1413] [M]: 0x0000000080002004 (0x00000013) addi x0, x0, 0x0                        TEST_FOR_EXECUTION+4

clint mtime 0x00000000000002C3 (mip.MTI <- 0b1, mip.STI <- 0b0)
mem[X,0x0000000080002008] -> 0x0013
mem[X,0x000000008000200A] -> 0x0000
[1414] [M]: 0x0000000080002008 (0x00000013) addi x0, x0, 0x0                        RETURN_INSTRUCTION+0

mem[X,0x000000008000200C] -> 0x0013
mem[X,0x000000008000200E] -> 0x0000
[1415] [M]: 0x000000008000200C (0x00000013) addi x0, x0, 0x0                        RETURN_INSTRUCTION+4

clint mtime 0x00000000000002C4 (mip.MTI <- 0b1, mip.STI <- 0b0)
mem[X,0x0000000080002010] -> 0x8067
mem[X,0x0000000080002012] -> 0x0000
[1416] [M]: 0x0000000080002010 (0x00008067) jalr x0, 0x0(x1)                        RETURN_INSTRUCTION+8

mem[X,0x0000000080001064] -> 0x0013
mem[X,0x0000000080001066] -> 0x0000
[1417] [M]: 0x0000000080001064 (0x00000013) addi x0, x0, 0x0                        main+3204

clint mtime 0x00000000000002C5 (mip.MTI <- 0b1, mip.STI <- 0b0)
mem[X,0x0000000080001068] -> 0x0013
mem[X,0x000000008000106A] -> 0x0000
[1418] [M]: 0x0000000080001068 (0x00000013) addi x0, x0, 0x0                        main+3208

mem[X,0x000000008000106C] -> 0x0013
mem[X,0x000000008000106E] -> 0x0000
[1419] [M]: 0x000000008000106C (0x00000013) addi x0, x0, 0x0                        main+3212

clint mtime 0x00000000000002C6 (mip.MTI <- 0b1, mip.STI <- 0b0)
mem[X,0x0000000080001070] -> 0x0013
mem[X,0x0000000080001072] -> 0x0000
[1420] [M]: 0x0000000080001070 (0x00000013) addi x0, x0, 0x0                        main+3216

mem[X,0x0000000080001074] -> 0x0013
mem[X,0x0000000080001076] -> 0x0000
[1421] [M]: 0x0000000080001074 (0x00000013) addi x0, x0, 0x0                        main+3220

clint mtime 0x00000000000002C7 (mip.MTI <- 0b1, mip.STI <- 0b0)
mem[X,0x0000000080001078] -> 0x0013
mem[X,0x000000008000107A] -> 0x0000
[1422] [M]: 0x0000000080001078 (0x00000013) addi x0, x0, 0x0                        main+3224

mem[X,0x000000008000107C] -> 0x0013
mem[X,0x000000008000107E] -> 0x0000
[1423] [M]: 0x000000008000107C (0x00000013) addi x0, x0, 0x0                        main+3228

clint mtime 0x00000000000002C8 (mip.MTI <- 0b1, mip.STI <- 0b0)
mem[X,0x0000000080001080] -> 0x1797
mem[X,0x0000000080001082] -> 0x0000
[1424] [M]: 0x0000000080001080 (0x00001797) auipc x15, 0x1                          main+3232
x15 <- 0x0000000080002080

mem[X,0x0000000080001084] -> 0x8793
mem[X,0x0000000080001086] -> 0xF807
[1425] [M]: 0x0000000080001084 (0xF8078793) addi x15, x15, -0x80                    main+3236
x15 <- 0x0000000080002000

clint mtime 0x00000000000002C9 (mip.MTI <- 0b1, mip.STI <- 0b0)
mem[X,0x0000000080001088] -> 0x0001
[1426] [M]: 0x0000000080001088 (0x0001) c.nop                                       main+3240

mem[X,0x000000008000108A] -> 0x0013
mem[X,0x000000008000108C] -> 0x0000
[1427] [M]: 0x000000008000108A (0x00000013) addi x0, x0, 0x0                        main+3242

clint mtime 0x00000000000002CA (mip.MTI <- 0b1, mip.STI <- 0b0)
mem[X,0x000000008000108E] -> 0x0013
mem[X,0x0000000080001090] -> 0x0000
[1428] [M]: 0x000000008000108E (0x00000013) addi x0, x0, 0x0                        main+3246

mem[X,0x0000000080001092] -> 0x0013
mem[X,0x0000000080001094] -> 0x0000
[1429] [M]: 0x0000000080001092 (0x00000013) addi x0, x0, 0x0                        main+3250

clint mtime 0x00000000000002CB (mip.MTI <- 0b1, mip.STI <- 0b0)
mem[X,0x0000000080001096] -> 0x0013
mem[X,0x0000000080001098] -> 0x0000
[1430] [M]: 0x0000000080001096 (0x00000013) addi x0, x0, 0x0                        main+3254

mem[X,0x000000008000109A] -> 0x0013
mem[X,0x000000008000109C] -> 0x0000
[1431] [M]: 0x000000008000109A (0x00000013) addi x0, x0, 0x0                        main+3258

clint mtime 0x00000000000002CC (mip.MTI <- 0b1, mip.STI <- 0b0)
mem[X,0x000000008000109E] -> 0x0001
[1432] [M]: 0x000000008000109E (0x0001) c.nop                                       main+3262

mem[X,0x00000000800010A0] -> 0x0737
mem[X,0x00000000800010A2] -> 0x0000
[1433] [M]: 0x00000000800010A0 (0x00000737) lui x14, 0x0                            main+3264
x14 <- 0x0000000000000000

clint mtime 0x00000000000002CD (mip.MTI <- 0b1, mip.STI <- 0b0)
mem[X,0x00000000800010A4] -> 0x0713
mem[X,0x00000000800010A6] -> 0x0137
[1434] [M]: 0x00000000800010A4 (0x01370713) addi x14, x14, 0x13                     main+3268
x14 <- 0x0000000000000013

mem[X,0x00000000800010A8] -> 0x1713
mem[X,0x00000000800010AA] -> 0x00B7
[1435] [M]: 0x00000000800010A8 (0x00B71713) slli x14, x14, 0xb                      main+3272
x14 <- 0x0000000000009800

clint mtime 0x00000000000002CE (mip.MTI <- 0b1, mip.STI <- 0b0)
mem[X,0x00000000800010AC] -> 0x0713
mem[X,0x00000000800010AE] -> 0x0007
[1436] [M]: 0x00000000800010AC (0x00070713) addi x14, x14, 0x0                      main+3276
x14 <- 0x0000000000009800

mem[X,0x00000000800010B0] -> 0x1713
mem[X,0x00000000800010B2] -> 0x00B7
[1437] [M]: 0x00000000800010B0 (0x00B71713) slli x14, x14, 0xb                      main+3280
x14 <- 0x0000000004C00000

clint mtime 0x00000000000002CF (mip.MTI <- 0b1, mip.STI <- 0b0)
mem[X,0x00000000800010B4] -> 0x0713
mem[X,0x00000000800010B6] -> 0x0007
[1438] [M]: 0x00000000800010B4 (0x00070713) addi x14, x14, 0x0                      main+3284
x14 <- 0x0000000004C00000

mem[X,0x00000000800010B8] -> 0x1713
mem[X,0x00000000800010BA] -> 0x00A7
[1439] [M]: 0x00000000800010B8 (0x00A71713) slli x14, x14, 0xa                      main+3288
x14 <- 0x0000001300000000

clint mtime 0x00000000000002D0 (mip.MTI <- 0b1, mip.STI <- 0b0)
mem[X,0x00000000800010BC] -> 0x0713
mem[X,0x00000000800010BE] -> 0x0137
[1440] [M]: 0x00000000800010BC (0x01370713) addi x14, x14, 0x13                     main+3292
x14 <- 0x0000001300000013

mem[X,0x00000000800010C0] -> 0xA023
mem[X,0x00000000800010C2] -> 0x00E7
[1441] [M]: 0x00000000800010C0 (0x00E7A023) sw x14, 0x0(x15)                        main+3296
mem[W,0x0000000080002000] <- 0x00000013

clint mtime 0x00000000000002D1 (mip.MTI <- 0b1, mip.STI <- 0b0)
mem[X,0x00000000800010C4] -> 0x0013
mem[X,0x00000000800010C6] -> 0x0000
[1442] [M]: 0x00000000800010C4 (0x00000013) addi x0, x0, 0x0                        main+3300

mem[X,0x00000000800010C8] -> 0x0013
mem[X,0x00000000800010CA] -> 0x0000
[1443] [M]: 0x00000000800010C8 (0x00000013) addi x0, x0, 0x0                        main+3304

clint mtime 0x00000000000002D2 (mip.MTI <- 0b1, mip.STI <- 0b0)
mem[X,0x00000000800010CC] -> 0xA703
mem[X,0x00000000800010CE] -> 0x0007
[1444] [M]: 0x00000000800010CC (0x0007A703) lw x14, 0x0(x15)                        main+3308
mem[R,0x0000000080002000] -> 0x00000013
x14 <- 0x0000000000000013

mem[X,0x00000000800010D0] -> 0x0013
mem[X,0x00000000800010D2] -> 0x0000
[1445] [M]: 0x00000000800010D0 (0x00000013) addi x0, x0, 0x0                        main+3312

clint mtime 0x00000000000002D3 (mip.MTI <- 0b1, mip.STI <- 0b0)
mem[X,0x00000000800010D4] -> 0x0013
mem[X,0x00000000800010D6] -> 0x0000
[1446] [M]: 0x00000000800010D4 (0x00000013) addi x0, x0, 0x0                        main+3316

mem[X,0x00000000800010D8] -> 0xB423
mem[X,0x00000000800010DA] -> 0x04E6
[1447] [M]: 0x00000000800010D8 (0x04E6B423) sd x14, 0x48(x13)                       main+3320
mem[W,0x0000000080006260] <- 0x0000000000000013

clint mtime 0x00000000000002D4 (mip.MTI <- 0b1, mip.STI <- 0b0)
mem[X,0x00000000800010DC] -> 0x0113
mem[X,0x00000000800010DE] -> 0x0000
[1448] [M]: 0x00000000800010DC (0x00000113) addi x2, x0, 0x0                        main+3324
x2 <- 0x0000000000000000

mem[X,0x00000000800010E0] -> 0x0073
mem[X,0x00000000800010E2] -> 0x0000
[1449] [M]: 0x00000000800010E0 (0x00000073) ecall                                   main+3328
trapping from M to M to handle m-call
handling exc#m-call at priv M with tval 0x0000000000000000
CSR mstatus (0x300) <- 0x0000000A00001800
CSR mcause (0x342) <- 0x000000000000000B
CSR mtval (0x343) <- 0x0000000000000000
CSR mepc (0x341) <- 0x00000000800010E0

clint mtime 0x00000000000002D5 (mip.MTI <- 0b1, mip.STI <- 0b0)
mem[X,0x0000000080002100] -> 0x006F
mem[X,0x0000000080002102] -> 0x1000
[1450] [M]: 0x0000000080002100 (0x1000006F) jal x0, 0x100                           Mtrampoline+0

mem[X,0x0000000080002200] -> 0x1173
mem[X,0x0000000080002202] -> 0x3401
[1451] [M]: 0x0000000080002200 (0x34011173) csrrw x2, mscratch, x2                  trap_Mhandler+0
CSR mscratch (0x340) <- 0x0000000000000000
x2 <- 0x0000000080005000

clint mtime 0x00000000000002D6 (mip.MTI <- 0b1, mip.STI <- 0b0)
mem[X,0x0000000080002204] -> 0x3423
mem[X,0x0000000080002206] -> 0x28B1
[1452] [M]: 0x0000000080002204 (0x28B13423) sd x11, 0x288(x2)                       trap_Mhandler+4
mem[W,0x0000000080005288] <- 0x0000000000000000

mem[X,0x0000000080002208] -> 0x05EF
mem[X,0x000000008000220A] -> 0x0B80
[1453] [M]: 0x0000000080002208 (0x0B8005EF) jal x11, 0xb8                           trap_Mhandler+8
x11 <- 0x000000008000220C

clint mtime 0x00000000000002D7 (mip.MTI <- 0b1, mip.STI <- 0b0)
mem[X,0x00000000800022C0] -> 0x3023
mem[X,0x00000000800022C2] -> 0x28A1
[1454] [M]: 0x00000000800022C0 (0x28A13023) sd x10, 0x280(x2)                       common_Mhandler+0
mem[W,0x0000000080005280] <- 0x0000000000000001

mem[X,0x00000000800022C4] -> 0x1573
mem[X,0x00000000800022C6] -> 0x3401
[1455] [M]: 0x00000000800022C4 (0x34011573) csrrw x10, mscratch, x2                 common_Mhandler+4
CSR mscratch (0x340) <- 0x0000000080005000
x10 <- 0x0000000000000000

clint mtime 0x00000000000002D8 (mip.MTI <- 0b1, mip.STI <- 0b0)
mem[X,0x00000000800022C8] -> 0x3823
mem[X,0x00000000800022CA] -> 0x28A1
[1456] [M]: 0x00000000800022C8 (0x28A13823) sd x10, 0x290(x2)                       common_Mhandler+8
mem[W,0x0000000080005290] <- 0x0000000000000000

mem[X,0x00000000800022CC] -> 0x3503
mem[X,0x00000000800022CE] -> 0x2301
[1457] [M]: 0x00000000800022CC (0x23013503) ld x10, 0x230(x2)                       common_Mhandler+12
mem[R,0x0000000080005230] -> 0x00000000800022D4
x10 <- 0x00000000800022D4

clint mtime 0x00000000000002D9 (mip.MTI <- 0b1, mip.STI <- 0b0)
mem[X,0x00000000800022D0] -> 0x0067
mem[X,0x00000000800022D2] -> 0x0005
[1458] [M]: 0x00000000800022D0 (0x00050067) jalr x0, 0x0(x10)                       common_Mhandler+16

mem[X,0x00000000800022D4] -> 0x3C23
mem[X,0x00000000800022D6] -> 0x2691
[1459] [M]: 0x00000000800022D4 (0x26913C23) sd x9, 0x278(x2)                        common_Mentry+0
mem[W,0x0000000080005278] <- 0x00000000000000FE

clint mtime 0x00000000000002DA (mip.MTI <- 0b1, mip.STI <- 0b0)
mem[X,0x00000000800022D8] -> 0x3823
mem[X,0x00000000800022DA] -> 0x2681
[1460] [M]: 0x00000000800022D8 (0x26813823) sd x8, 0x270(x2)                        common_Mentry+4
mem[W,0x0000000080005270] <- 0x0000000000007F76

mem[X,0x00000000800022DC] -> 0x3423
mem[X,0x00000000800022DE] -> 0x2671
[1461] [M]: 0x00000000800022DC (0x26713423) sd x7, 0x268(x2)                        common_Mentry+8
mem[W,0x0000000080005268] <- 0x0000000080000FA0

clint mtime 0x00000000000002DB (mip.MTI <- 0b1, mip.STI <- 0b0)
mem[X,0x00000000800022E0] -> 0x3023
mem[X,0x00000000800022E2] -> 0x2661
[1462] [M]: 0x00000000800022E0 (0x26613023) sd x6, 0x260(x2)                        common_Mentry+12
mem[W,0x0000000080005260] <- 0x000000001FDDB7D5

mem[X,0x00000000800022E4] -> 0x2573
mem[X,0x00000000800022E6] -> 0x3420
[1463] [M]: 0x00000000800022E4 (0x34202573) csrrs x10, mcause, x0                   spcl_M2mmode_test+0
CSR mcause (0x342) -> 0x000000000000000B
x10 <- 0x000000000000000B

clint mtime 0x00000000000002DC (mip.MTI <- 0b1, mip.STI <- 0b0)
mem[X,0x00000000800022E8] -> 0x04B7
mem[X,0x00000000800022EA] -> 0x8000
[1464] [M]: 0x00000000800022E8 (0x800004B7) lui x9, -0x80000                        spcl_M2mmode_test+4
x9 <- 0xFFFFFFFF80000000

mem[X,0x00000000800022EC] -> 0x8493
mem[X,0x00000000800022EE] -> 0x0004
[1465] [M]: 0x00000000800022EC (0x00048493) addi x9, x9, 0x0                        spcl_M2mmode_test+8
x9 <- 0xFFFFFFFF80000000

clint mtime 0x00000000000002DD (mip.MTI <- 0b1, mip.STI <- 0b0)
mem[X,0x00000000800022F0] -> 0x9493
mem[X,0x00000000800022F2] -> 0x00B4
[1466] [M]: 0x00000000800022F0 (0x00B49493) slli x9, x9, 0xb                        spcl_M2mmode_test+12
x9 <- 0xFFFFFC0000000000

mem[X,0x00000000800022F4] -> 0x8493
mem[X,0x00000000800022F6] -> 0x0004
[1467] [M]: 0x00000000800022F4 (0x00048493) addi x9, x9, 0x0                        spcl_M2mmode_test+16
x9 <- 0xFFFFFC0000000000

clint mtime 0x00000000000002DE (mip.MTI <- 0b1, mip.STI <- 0b0)
mem[X,0x00000000800022F8] -> 0x9493
mem[X,0x00000000800022FA] -> 0x00B4
[1468] [M]: 0x00000000800022F8 (0x00B49493) slli x9, x9, 0xb                        spcl_M2mmode_test+20
x9 <- 0xFFE0000000000000

mem[X,0x00000000800022FC] -> 0x8493
mem[X,0x00000000800022FE] -> 0x0034
[1469] [M]: 0x00000000800022FC (0x00348493) addi x9, x9, 0x3                        spcl_M2mmode_test+24
x9 <- 0xFFE0000000000003

clint mtime 0x00000000000002DF (mip.MTI <- 0b1, mip.STI <- 0b0)
mem[X,0x0000000080002300] -> 0x9493
mem[X,0x0000000080002302] -> 0x00A4
[1470] [M]: 0x0000000080002300 (0x00A49493) slli x9, x9, 0xa                        spcl_M2mmode_test+28
x9 <- 0x8000000000000C00

mem[X,0x0000000080002304] -> 0x8493
mem[X,0x0000000080002306] -> 0x3FC4
[1471] [M]: 0x0000000080002304 (0x3FC48493) addi x9, x9, 0x3fc                      spcl_M2mmode_test+32
x9 <- 0x8000000000000FFC

clint mtime 0x00000000000002E0 (mip.MTI <- 0b1, mip.STI <- 0b0)
mem[X,0x0000000080002308] -> 0xF4B3
mem[X,0x000000008000230A] -> 0x00A4
[1472] [M]: 0x0000000080002308 (0x00A4F4B3) and x9, x9, x10                         spcl_M2mmode_test+36
x9 <- 0x0000000000000008

mem[X,0x000000008000230C] -> 0x8493
mem[X,0x000000008000230E] -> 0xFF84
[1473] [M]: 0x000000008000230C (0xFF848493) addi x9, x9, -0x8                       spcl_M2mmode_test+40
x9 <- 0x0000000000000000

clint mtime 0x00000000000002E1 (mip.MTI <- 0b1, mip.STI <- 0b0)
mem[X,0x0000000080002310] -> 0x9663
mem[X,0x0000000080002312] -> 0x0004
[1474] [M]: 0x0000000080002310 (0x00049663) bne x9, x0, 0xc                         spcl_M2mmode_test+44

mem[X,0x0000000080002314] -> 0x3383
mem[X,0x0000000080002316] -> 0x2901
[1475] [M]: 0x0000000080002314 (0x29013383) ld x7, 0x290(x2)                        spcl_M2mmode_test+48
mem[R,0x0000000080005290] -> 0x0000000000000000
x7 <- 0x0000000000000000

clint mtime 0x00000000000002E2 (mip.MTI <- 0b1, mip.STI <- 0b0)
mem[X,0x0000000080002318] -> 0x8263
mem[X,0x000000008000231A] -> 0x6E03
[1476] [M]: 0x0000000080002318 (0x6E038263) beq x7, x0, 0x6e4                       spcl_M2mmode_test+52

mem[X,0x00000000800029FC] -> 0x0493
mem[X,0x00000000800029FE] -> 0xFF55
[1477] [M]: 0x00000000800029FC (0xFF550493) addi x9, x10, -0xb                      rtn2mmode+0
x9 <- 0x0000000000000000

clint mtime 0x00000000000002E3 (mip.MTI <- 0b1, mip.STI <- 0b0)
mem[X,0x0000000080002A00] -> 0x8C63
mem[X,0x0000000080002A02] -> 0x0004
[1478] [M]: 0x0000000080002A00 (0x00048C63) beq x9, x0, 0x18                        rtn2mmode+4

mem[X,0x0000000080002A18] -> 0x23F3
mem[X,0x0000000080002A1A] -> 0x3410
[1479] [M]: 0x0000000080002A18 (0x341023F3) csrrs x7, mepc, x0                      rtn_fm_mmode+0
CSR mepc (0x341) -> 0x00000000800010E0
x7 <- 0x00000000800010E0

clint mtime 0x00000000000002E4 (mip.MTI <- 0b1, mip.STI <- 0b0)
mem[X,0x0000000080002A1C] -> 0x83B3
mem[X,0x0000000080002A1E] -> 0x0093
[1480] [M]: 0x0000000080002A1C (0x009383B3) add x7, x7, x9                          rtn_fm_mmode+4
x7 <- 0x00000000800010E0

mem[X,0x0000000080002A20] -> 0x3303
mem[X,0x0000000080002A22] -> 0x2601
[1481] [M]: 0x0000000080002A20 (0x26013303) ld x6, 0x260(x2)                        rtn_fm_mmode+8
mem[R,0x0000000080005260] -> 0x000000001FDDB7D5
x6 <- 0x000000001FDDB7D5

clint mtime 0x00000000000002E5 (mip.MTI <- 0b1, mip.STI <- 0b0)
mem[X,0x0000000080002A24] -> 0x3403
mem[X,0x0000000080002A26] -> 0x2701
[1482] [M]: 0x0000000080002A24 (0x27013403) ld x8, 0x270(x2)                        rtn_fm_mmode+12
mem[R,0x0000000080005270] -> 0x0000000000007F76
x8 <- 0x0000000000007F76

mem[X,0x0000000080002A28] -> 0x3483
mem[X,0x0000000080002A2A] -> 0x2781
[1483] [M]: 0x0000000080002A28 (0x27813483) ld x9, 0x278(x2)                        rtn_fm_mmode+16
mem[R,0x0000000080005278] -> 0x00000000000000FE
x9 <- 0x00000000000000FE

clint mtime 0x00000000000002E6 (mip.MTI <- 0b1, mip.STI <- 0b0)
mem[X,0x0000000080002A2C] -> 0x3503
mem[X,0x0000000080002A2E] -> 0x2801
[1484] [M]: 0x0000000080002A2C (0x28013503) ld x10, 0x280(x2)                       rtn_fm_mmode+20
mem[R,0x0000000080005280] -> 0x0000000000000001
x10 <- 0x0000000000000001

mem[X,0x0000000080002A30] -> 0x3583
mem[X,0x0000000080002A32] -> 0x2881
[1485] [M]: 0x0000000080002A30 (0x28813583) ld x11, 0x288(x2)                       rtn_fm_mmode+24
mem[R,0x0000000080005288] -> 0x0000000000000000
x11 <- 0x0000000000000000

clint mtime 0x00000000000002E7 (mip.MTI <- 0b1, mip.STI <- 0b0)
mem[X,0x0000000080002A34] -> 0x3103
mem[X,0x0000000080002A36] -> 0x2901
[1486] [M]: 0x0000000080002A34 (0x29013103) ld x2, 0x290(x2)                        rtn_fm_mmode+28
mem[R,0x0000000080005290] -> 0x0000000000000000
x2 <- 0x0000000000000000

mem[X,0x0000000080002A38] -> 0x8067
mem[X,0x0000000080002A3A] -> 0x0043
[1487] [M]: 0x0000000080002A38 (0x00438067) jalr x0, 0x4(x7)                        rtn_fm_mmode+32

clint mtime 0x00000000000002E8 (mip.MTI <- 0b1, mip.STI <- 0b0)
mem[X,0x00000000800010E4] -> 0x0013
mem[X,0x00000000800010E6] -> 0x0000
[1488] [M]: 0x00000000800010E4 (0x00000013) addi x0, x0, 0x0                        main+3332

mem[X,0x00000000800010E8] -> 0x0013
mem[X,0x00000000800010EA] -> 0x0000
[1489] [M]: 0x00000000800010E8 (0x00000013) addi x0, x0, 0x0                        main+3336

clint mtime 0x00000000000002E9 (mip.MTI <- 0b1, mip.STI <- 0b0)
mem[X,0x00000000800010EC] -> 0x0013
mem[X,0x00000000800010EE] -> 0x0000
[1490] [M]: 0x00000000800010EC (0x00000013) addi x0, x0, 0x0                        main+3340

mem[X,0x00000000800010F0] -> 0x0013
mem[X,0x00000000800010F2] -> 0x0000
[1491] [M]: 0x00000000800010F0 (0x00000013) addi x0, x0, 0x0                        main+3344

clint mtime 0x00000000000002EA (mip.MTI <- 0b1, mip.STI <- 0b0)
mem[X,0x00000000800010F4] -> 0x0013
mem[X,0x00000000800010F6] -> 0x0000
[1492] [M]: 0x00000000800010F4 (0x00000013) addi x0, x0, 0x0                        main+3348

mem[X,0x00000000800010F8] -> 0x0013
mem[X,0x00000000800010FA] -> 0x0000
[1493] [M]: 0x00000000800010F8 (0x00000013) addi x0, x0, 0x0                        main+3352

clint mtime 0x00000000000002EB (mip.MTI <- 0b1, mip.STI <- 0b0)
mem[X,0x00000000800010FC] -> 0x0013
mem[X,0x00000000800010FE] -> 0x0000
[1494] [M]: 0x00000000800010FC (0x00000013) addi x0, x0, 0x0                        main+3356

mem[X,0x0000000080001100] -> 0x12B7
mem[X,0x0000000080001102] -> 0x2000
[1495] [M]: 0x0000000080001100 (0x200012B7) lui x5, 0x20001                         main+3360
x5 <- 0x0000000020001000

clint mtime 0x00000000000002EC (mip.MTI <- 0b1, mip.STI <- 0b0)
mem[X,0x0000000080001104] -> 0x829B
mem[X,0x0000000080001106] -> 0x8002
[1496] [M]: 0x0000000080001104 (0x8002829B) addiw x5, x5, -0x800                    main+3364
x5 <- 0x0000000020000800

mem[X,0x0000000080001108] -> 0x0001
[1497] [M]: 0x0000000080001108 (0x0001) c.nop                                       main+3368

clint mtime 0x00000000000002ED (mip.MTI <- 0b1, mip.STI <- 0b0)
mem[X,0x000000008000110A] -> 0x0013
mem[X,0x000000008000110C] -> 0x0000
[1498] [M]: 0x000000008000110A (0x00000013) addi x0, x0, 0x0                        main+3370

mem[X,0x000000008000110E] -> 0x0013
mem[X,0x0000000080001110] -> 0x0000
[1499] [M]: 0x000000008000110E (0x00000013) addi x0, x0, 0x0                        main+3374

clint mtime 0x00000000000002EE (mip.MTI <- 0b1, mip.STI <- 0b0)
mem[X,0x0000000080001112] -> 0x0013
mem[X,0x0000000080001114] -> 0x0000
[1500] [M]: 0x0000000080001112 (0x00000013) addi x0, x0, 0x0                        main+3378

mem[X,0x0000000080001116] -> 0x0013
mem[X,0x0000000080001118] -> 0x0000
[1501] [M]: 0x0000000080001116 (0x00000013) addi x0, x0, 0x0                        main+3382

clint mtime 0x00000000000002EF (mip.MTI <- 0b1, mip.STI <- 0b0)
mem[X,0x000000008000111A] -> 0x0013
mem[X,0x000000008000111C] -> 0x0000
[1502] [M]: 0x000000008000111A (0x00000013) addi x0, x0, 0x0                        main+3386

mem[X,0x000000008000111E] -> 0x0001
[1503] [M]: 0x000000008000111E (0x0001) c.nop                                       main+3390

clint mtime 0x00000000000002F0 (mip.MTI <- 0b1, mip.STI <- 0b0)
mem[X,0x0000000080001120] -> 0x9073
mem[X,0x0000000080001122] -> 0x3B42
[1504] [M]: 0x0000000080001120 (0x3B429073) csrrw x0, pmpaddr4, x5                  main+3392
CSR pmpaddr4 (0x3B4) <- 0x0000000020000800

mem[X,0x0000000080001124] -> 0x0213
mem[X,0x0000000080001126] -> 0x0010
[1505] [M]: 0x0000000080001124 (0x00100213) addi x4, x0, 0x1                        main+3396
x4 <- 0x0000000000000001

clint mtime 0x00000000000002F1 (mip.MTI <- 0b1, mip.STI <- 0b0)
mem[X,0x0000000080001128] -> 0x1213
mem[X,0x000000008000112A] -> 0x0272
[1506] [M]: 0x0000000080001128 (0x02721213) slli x4, x4, 0x27                       main+3400
x4 <- 0x0000008000000000

mem[X,0x000000008000112C] -> 0x1073
mem[X,0x000000008000112E] -> 0x3A02
[1507] [M]: 0x000000008000112C (0x3A021073) csrrw x0, pmpcfg0, x4                   main+3404
CSR pmpcfg0 (0x3A0) <- 0x8080808000000000

clint mtime 0x00000000000002F2 (mip.MTI <- 0b1, mip.STI <- 0b0)
mem[X,0x0000000080001130] -> 0x0013
mem[X,0x0000000080001132] -> 0x0000
[1508] [M]: 0x0000000080001130 (0x00000013) addi x0, x0, 0x0                        main+3408

mem[X,0x0000000080001134] -> 0x0013
mem[X,0x0000000080001136] -> 0x0000
[1509] [M]: 0x0000000080001134 (0x00000013) addi x0, x0, 0x0                        main+3412

clint mtime 0x00000000000002F3 (mip.MTI <- 0b1, mip.STI <- 0b0)
mem[X,0x0000000080001138] -> 0x0013
mem[X,0x000000008000113A] -> 0x0000
[1510] [M]: 0x0000000080001138 (0x00000013) addi x0, x0, 0x0                        main+3416

mem[X,0x000000008000113C] -> 0x0013
mem[X,0x000000008000113E] -> 0x0000
[1511] [M]: 0x000000008000113C (0x00000013) addi x0, x0, 0x0                        main+3420

clint mtime 0x00000000000002F4 (mip.MTI <- 0b1, mip.STI <- 0b0)
mem[X,0x0000000080001140] -> 0x1717
mem[X,0x0000000080001142] -> 0x0000
[1512] [M]: 0x0000000080001140 (0x00001717) auipc x14, 0x1                          main+3424
x14 <- 0x0000000080002140

mem[X,0x0000000080001144] -> 0x0713
mem[X,0x0000000080001146] -> 0xEC07
[1513] [M]: 0x0000000080001144 (0xEC070713) addi x14, x14, -0x140                   main+3428
x14 <- 0x0000000080002000

clint mtime 0x00000000000002F5 (mip.MTI <- 0b1, mip.STI <- 0b0)
mem[X,0x0000000080001148] -> 0x0001
[1514] [M]: 0x0000000080001148 (0x0001) c.nop                                       main+3432

mem[X,0x000000008000114A] -> 0x0013
mem[X,0x000000008000114C] -> 0x0000
[1515] [M]: 0x000000008000114A (0x00000013) addi x0, x0, 0x0                        main+3434

clint mtime 0x00000000000002F6 (mip.MTI <- 0b1, mip.STI <- 0b0)
mem[X,0x000000008000114E] -> 0x0013
mem[X,0x0000000080001150] -> 0x0000
[1516] [M]: 0x000000008000114E (0x00000013) addi x0, x0, 0x0                        main+3438

mem[X,0x0000000080001152] -> 0x0013
mem[X,0x0000000080001154] -> 0x0000
[1517] [M]: 0x0000000080001152 (0x00000013) addi x0, x0, 0x0                        main+3442

clint mtime 0x00000000000002F7 (mip.MTI <- 0b1, mip.STI <- 0b0)
mem[X,0x0000000080001156] -> 0x0013
mem[X,0x0000000080001158] -> 0x0000
[1518] [M]: 0x0000000080001156 (0x00000013) addi x0, x0, 0x0                        main+3446

mem[X,0x000000008000115A] -> 0x0013
mem[X,0x000000008000115C] -> 0x0000
[1519] [M]: 0x000000008000115A (0x00000013) addi x0, x0, 0x0                        main+3450

clint mtime 0x00000000000002F8 (mip.MTI <- 0b1, mip.STI <- 0b0)
mem[X,0x000000008000115E] -> 0x0001
[1520] [M]: 0x000000008000115E (0x0001) c.nop                                       main+3454

mem[X,0x0000000080001160] -> 0x51B7
mem[X,0x0000000080001162] -> 0x0000
[1521] [M]: 0x0000000080001160 (0x000051B7) lui x3, 0x5                             main+3456
x3 <- 0x0000000000005000

clint mtime 0x00000000000002F9 (mip.MTI <- 0b1, mip.STI <- 0b0)
mem[X,0x0000000080001164] -> 0x8193
mem[X,0x0000000080001166] -> 0x6671
[1522] [M]: 0x0000000080001164 (0x66718193) addi x3, x3, 0x667                      main+3460
x3 <- 0x0000000000005667

mem[X,0x0000000080001168] -> 0x9193
mem[X,0x000000008000116A] -> 0x0011
[1523] [M]: 0x0000000080001168 (0x00119193) slli x3, x3, 0x1                        main+3464
x3 <- 0x000000000000ACCE

clint mtime 0x00000000000002FA (mip.MTI <- 0b1, mip.STI <- 0b0)
mem[X,0x000000008000116C] -> 0x0013
mem[X,0x000000008000116E] -> 0x0000
[1524] [M]: 0x000000008000116C (0x00000013) addi x0, x0, 0x0                        main+3468

mem[X,0x0000000080001170] -> 0x0013
mem[X,0x0000000080001172] -> 0x0000
[1525] [M]: 0x0000000080001170 (0x00000013) addi x0, x0, 0x0                        main+3472

clint mtime 0x00000000000002FB (mip.MTI <- 0b1, mip.STI <- 0b0)
mem[X,0x0000000080001174] -> 0x0013
mem[X,0x0000000080001176] -> 0x0000
[1526] [M]: 0x0000000080001174 (0x00000013) addi x0, x0, 0x0                        main+3476

mem[X,0x0000000080001178] -> 0x0013
mem[X,0x000000008000117A] -> 0x0000
[1527] [M]: 0x0000000080001178 (0x00000013) addi x0, x0, 0x0                        main+3480

clint mtime 0x00000000000002FC (mip.MTI <- 0b1, mip.STI <- 0b0)
mem[X,0x000000008000117C] -> 0x0013
mem[X,0x000000008000117E] -> 0x0000
[1528] [M]: 0x000000008000117C (0x00000013) addi x0, x0, 0x0                        main+3484

mem[X,0x0000000080001180] -> 0x0217
mem[X,0x0000000080001182] -> 0x0000
[1529] [M]: 0x0000000080001180 (0x00000217) auipc x4, 0x0                           main+3488
x4 <- 0x0000000080001180

clint mtime 0x00000000000002FD (mip.MTI <- 0b1, mip.STI <- 0b0)
mem[X,0x0000000080001184] -> 0x0213
mem[X,0x0000000080001186] -> 0x02C2
[1530] [M]: 0x0000000080001184 (0x02C20213) addi x4, x4, 0x2c                       main+3492
x4 <- 0x00000000800011AC

mem[X,0x0000000080001188] -> 0x0001
[1531] [M]: 0x0000000080001188 (0x0001) c.nop                                       main+3496

clint mtime 0x00000000000002FE (mip.MTI <- 0b1, mip.STI <- 0b0)
mem[X,0x000000008000118A] -> 0x0013
mem[X,0x000000008000118C] -> 0x0000
[1532] [M]: 0x000000008000118A (0x00000013) addi x0, x0, 0x0                        main+3498

mem[X,0x000000008000118E] -> 0x0013
mem[X,0x0000000080001190] -> 0x0000
[1533] [M]: 0x000000008000118E (0x00000013) addi x0, x0, 0x0                        main+3502

clint mtime 0x00000000000002FF (mip.MTI <- 0b1, mip.STI <- 0b0)
mem[X,0x0000000080001192] -> 0x0013
mem[X,0x0000000080001194] -> 0x0000
[1534] [M]: 0x0000000080001192 (0x00000013) addi x0, x0, 0x0                        main+3506

mem[X,0x0000000080001196] -> 0x0013
mem[X,0x0000000080001198] -> 0x0000
[1535] [M]: 0x0000000080001196 (0x00000013) addi x0, x0, 0x0                        main+3510

clint mtime 0x0000000000000300 (mip.MTI <- 0b1, mip.STI <- 0b0)
mem[X,0x000000008000119A] -> 0x0013
mem[X,0x000000008000119C] -> 0x0000
[1536] [M]: 0x000000008000119A (0x00000013) addi x0, x0, 0x0                        main+3514

mem[X,0x000000008000119E] -> 0x0001
[1537] [M]: 0x000000008000119E (0x0001) c.nop                                       main+3518

clint mtime 0x0000000000000301 (mip.MTI <- 0b1, mip.STI <- 0b0)
mem[X,0x00000000800011A0] -> 0x00E7
mem[X,0x00000000800011A2] -> 0x0007
[1538] [M]: 0x00000000800011A0 (0x000700E7) jalr x1, 0x0(x14)                       main+3520
x1 <- 0x00000000800011A4

mem[X,0x0000000080002000] -> 0x0013
mem[X,0x0000000080002002] -> 0x0000
[1539] [M]: 0x0000000080002000 (0x00000013) addi x0, x0, 0x0                        TEST_FOR_EXECUTION+0

clint mtime 0x0000000000000302 (mip.MTI <- 0b1, mip.STI <- 0b0)
mem[X,0x0000000080002004] -> 0x0013
mem[X,0x0000000080002006] -> 0x0000
[1540] [M]: 0x0000000080002004 (0x00000013) addi x0, x0, 0x0                        TEST_FOR_EXECUTION+4

mem[X,0x0000000080002008] -> 0x0013
mem[X,0x000000008000200A] -> 0x0000
[1541] [M]: 0x0000000080002008 (0x00000013) addi x0, x0, 0x0                        RETURN_INSTRUCTION+0

clint mtime 0x0000000000000303 (mip.MTI <- 0b1, mip.STI <- 0b0)
mem[X,0x000000008000200C] -> 0x0013
mem[X,0x000000008000200E] -> 0x0000
[1542] [M]: 0x000000008000200C (0x00000013) addi x0, x0, 0x0                        RETURN_INSTRUCTION+4

mem[X,0x0000000080002010] -> 0x8067
mem[X,0x0000000080002012] -> 0x0000
[1543] [M]: 0x0000000080002010 (0x00008067) jalr x0, 0x0(x1)                        RETURN_INSTRUCTION+8

clint mtime 0x0000000000000304 (mip.MTI <- 0b1, mip.STI <- 0b0)
mem[X,0x00000000800011A4] -> 0x0013
mem[X,0x00000000800011A6] -> 0x0000
[1544] [M]: 0x00000000800011A4 (0x00000013) addi x0, x0, 0x0                        main+3524

mem[X,0x00000000800011A8] -> 0x0013
mem[X,0x00000000800011AA] -> 0x0000
[1545] [M]: 0x00000000800011A8 (0x00000013) addi x0, x0, 0x0                        main+3528

clint mtime 0x0000000000000305 (mip.MTI <- 0b1, mip.STI <- 0b0)
mem[X,0x00000000800011AC] -> 0x0013
mem[X,0x00000000800011AE] -> 0x0000
[1546] [M]: 0x00000000800011AC (0x00000013) addi x0, x0, 0x0                        main+3532

mem[X,0x00000000800011B0] -> 0x0013
mem[X,0x00000000800011B2] -> 0x0000
[1547] [M]: 0x00000000800011B0 (0x00000013) addi x0, x0, 0x0                        main+3536

clint mtime 0x0000000000000306 (mip.MTI <- 0b1, mip.STI <- 0b0)
mem[X,0x00000000800011B4] -> 0x0013
mem[X,0x00000000800011B6] -> 0x0000
[1548] [M]: 0x00000000800011B4 (0x00000013) addi x0, x0, 0x0                        main+3540

mem[X,0x00000000800011B8] -> 0x0013
mem[X,0x00000000800011BA] -> 0x0000
[1549] [M]: 0x00000000800011B8 (0x00000013) addi x0, x0, 0x0                        main+3544

clint mtime 0x0000000000000307 (mip.MTI <- 0b1, mip.STI <- 0b0)
mem[X,0x00000000800011BC] -> 0x0013
mem[X,0x00000000800011BE] -> 0x0000
[1550] [M]: 0x00000000800011BC (0x00000013) addi x0, x0, 0x0                        main+3548

mem[X,0x00000000800011C0] -> 0x1797
mem[X,0x00000000800011C2] -> 0x0000
[1551] [M]: 0x00000000800011C0 (0x00001797) auipc x15, 0x1                          main+3552
x15 <- 0x00000000800021C0

clint mtime 0x0000000000000308 (mip.MTI <- 0b1, mip.STI <- 0b0)
mem[X,0x00000000800011C4] -> 0x8793
mem[X,0x00000000800011C6] -> 0xE407
[1552] [M]: 0x00000000800011C4 (0xE4078793) addi x15, x15, -0x1c0                   main+3556
x15 <- 0x0000000080002000

mem[X,0x00000000800011C8] -> 0x0001
[1553] [M]: 0x00000000800011C8 (0x0001) c.nop                                       main+3560

clint mtime 0x0000000000000309 (mip.MTI <- 0b1, mip.STI <- 0b0)
mem[X,0x00000000800011CA] -> 0x0013
mem[X,0x00000000800011CC] -> 0x0000
[1554] [M]: 0x00000000800011CA (0x00000013) addi x0, x0, 0x0                        main+3562

mem[X,0x00000000800011CE] -> 0x0013
mem[X,0x00000000800011D0] -> 0x0000
[1555] [M]: 0x00000000800011CE (0x00000013) addi x0, x0, 0x0                        main+3566

clint mtime 0x000000000000030A (mip.MTI <- 0b1, mip.STI <- 0b0)
mem[X,0x00000000800011D2] -> 0x0013
mem[X,0x00000000800011D4] -> 0x0000
[1556] [M]: 0x00000000800011D2 (0x00000013) addi x0, x0, 0x0                        main+3570

mem[X,0x00000000800011D6] -> 0x0013
mem[X,0x00000000800011D8] -> 0x0000
[1557] [M]: 0x00000000800011D6 (0x00000013) addi x0, x0, 0x0                        main+3574

clint mtime 0x000000000000030B (mip.MTI <- 0b1, mip.STI <- 0b0)
mem[X,0x00000000800011DA] -> 0x0013
mem[X,0x00000000800011DC] -> 0x0000
[1558] [M]: 0x00000000800011DA (0x00000013) addi x0, x0, 0x0                        main+3578

mem[X,0x00000000800011DE] -> 0x0001
[1559] [M]: 0x00000000800011DE (0x0001) c.nop                                       main+3582

clint mtime 0x000000000000030C (mip.MTI <- 0b1, mip.STI <- 0b0)
mem[X,0x00000000800011E0] -> 0x0737
mem[X,0x00000000800011E2] -> 0x0000
[1560] [M]: 0x00000000800011E0 (0x00000737) lui x14, 0x0                            main+3584
x14 <- 0x0000000000000000

mem[X,0x00000000800011E4] -> 0x0713
mem[X,0x00000000800011E6] -> 0x0137
[1561] [M]: 0x00000000800011E4 (0x01370713) addi x14, x14, 0x13                     main+3588
x14 <- 0x0000000000000013

clint mtime 0x000000000000030D (mip.MTI <- 0b1, mip.STI <- 0b0)
mem[X,0x00000000800011E8] -> 0x1713
mem[X,0x00000000800011EA] -> 0x00B7
[1562] [M]: 0x00000000800011E8 (0x00B71713) slli x14, x14, 0xb                      main+3592
x14 <- 0x0000000000009800

mem[X,0x00000000800011EC] -> 0x0713
mem[X,0x00000000800011EE] -> 0x0007
[1563] [M]: 0x00000000800011EC (0x00070713) addi x14, x14, 0x0                      main+3596
x14 <- 0x0000000000009800

clint mtime 0x000000000000030E (mip.MTI <- 0b1, mip.STI <- 0b0)
mem[X,0x00000000800011F0] -> 0x1713
mem[X,0x00000000800011F2] -> 0x00B7
[1564] [M]: 0x00000000800011F0 (0x00B71713) slli x14, x14, 0xb                      main+3600
x14 <- 0x0000000004C00000

mem[X,0x00000000800011F4] -> 0x0713
mem[X,0x00000000800011F6] -> 0x0007
[1565] [M]: 0x00000000800011F4 (0x00070713) addi x14, x14, 0x0                      main+3604
x14 <- 0x0000000004C00000

clint mtime 0x000000000000030F (mip.MTI <- 0b1, mip.STI <- 0b0)
mem[X,0x00000000800011F8] -> 0x1713
mem[X,0x00000000800011FA] -> 0x00A7
[1566] [M]: 0x00000000800011F8 (0x00A71713) slli x14, x14, 0xa                      main+3608
x14 <- 0x0000001300000000

mem[X,0x00000000800011FC] -> 0x0713
mem[X,0x00000000800011FE] -> 0x0137
[1567] [M]: 0x00000000800011FC (0x01370713) addi x14, x14, 0x13                     main+3612
x14 <- 0x0000001300000013

clint mtime 0x0000000000000310 (mip.MTI <- 0b1, mip.STI <- 0b0)
mem[X,0x0000000080001200] -> 0xA023
mem[X,0x0000000080001202] -> 0x00E7
[1568] [M]: 0x0000000080001200 (0x00E7A023) sw x14, 0x0(x15)                        main+3616
mem[W,0x0000000080002000] <- 0x00000013

mem[X,0x0000000080001204] -> 0x0013
mem[X,0x0000000080001206] -> 0x0000
[1569] [M]: 0x0000000080001204 (0x00000013) addi x0, x0, 0x0                        main+3620

clint mtime 0x0000000000000311 (mip.MTI <- 0b1, mip.STI <- 0b0)
mem[X,0x0000000080001208] -> 0x0013
mem[X,0x000000008000120A] -> 0x0000
[1570] [M]: 0x0000000080001208 (0x00000013) addi x0, x0, 0x0                        main+3624

mem[X,0x000000008000120C] -> 0xA703
mem[X,0x000000008000120E] -> 0x0007
[1571] [M]: 0x000000008000120C (0x0007A703) lw x14, 0x0(x15)                        main+3628
mem[R,0x0000000080002000] -> 0x00000013
x14 <- 0x0000000000000013

clint mtime 0x0000000000000312 (mip.MTI <- 0b1, mip.STI <- 0b0)
mem[X,0x0000000080001210] -> 0x0013
mem[X,0x0000000080001212] -> 0x0000
[1572] [M]: 0x0000000080001210 (0x00000013) addi x0, x0, 0x0                        main+3632

mem[X,0x0000000080001214] -> 0x0013
mem[X,0x0000000080001216] -> 0x0000
[1573] [M]: 0x0000000080001214 (0x00000013) addi x0, x0, 0x0                        main+3636

clint mtime 0x0000000000000313 (mip.MTI <- 0b1, mip.STI <- 0b0)
mem[X,0x0000000080001218] -> 0xB823
mem[X,0x000000008000121A] -> 0x04E6
[1574] [M]: 0x0000000080001218 (0x04E6B823) sd x14, 0x50(x13)                       main+3640
mem[W,0x0000000080006268] <- 0x0000000000000013

mem[X,0x000000008000121C] -> 0x0113
mem[X,0x000000008000121E] -> 0x0000
[1575] [M]: 0x000000008000121C (0x00000113) addi x2, x0, 0x0                        main+3644
x2 <- 0x0000000000000000

clint mtime 0x0000000000000314 (mip.MTI <- 0b1, mip.STI <- 0b0)
mem[X,0x0000000080001220] -> 0x0073
mem[X,0x0000000080001222] -> 0x0000
[1576] [M]: 0x0000000080001220 (0x00000073) ecall                                   main+3648
trapping from M to M to handle m-call
handling exc#m-call at priv M with tval 0x0000000000000000
CSR mstatus (0x300) <- 0x0000000A00001800
CSR mcause (0x342) <- 0x000000000000000B
CSR mtval (0x343) <- 0x0000000000000000
CSR mepc (0x341) <- 0x0000000080001220

mem[X,0x0000000080002100] -> 0x006F
mem[X,0x0000000080002102] -> 0x1000
[1577] [M]: 0x0000000080002100 (0x1000006F) jal x0, 0x100                           Mtrampoline+0

clint mtime 0x0000000000000315 (mip.MTI <- 0b1, mip.STI <- 0b0)
mem[X,0x0000000080002200] -> 0x1173
mem[X,0x0000000080002202] -> 0x3401
[1578] [M]: 0x0000000080002200 (0x34011173) csrrw x2, mscratch, x2                  trap_Mhandler+0
CSR mscratch (0x340) <- 0x0000000000000000
x2 <- 0x0000000080005000

mem[X,0x0000000080002204] -> 0x3423
mem[X,0x0000000080002206] -> 0x28B1
[1579] [M]: 0x0000000080002204 (0x28B13423) sd x11, 0x288(x2)                       trap_Mhandler+4
mem[W,0x0000000080005288] <- 0x0000000000000000

clint mtime 0x0000000000000316 (mip.MTI <- 0b1, mip.STI <- 0b0)
mem[X,0x0000000080002208] -> 0x05EF
mem[X,0x000000008000220A] -> 0x0B80
[1580] [M]: 0x0000000080002208 (0x0B8005EF) jal x11, 0xb8                           trap_Mhandler+8
x11 <- 0x000000008000220C

mem[X,0x00000000800022C0] -> 0x3023
mem[X,0x00000000800022C2] -> 0x28A1
[1581] [M]: 0x00000000800022C0 (0x28A13023) sd x10, 0x280(x2)                       common_Mhandler+0
mem[W,0x0000000080005280] <- 0x0000000000000001

clint mtime 0x0000000000000317 (mip.MTI <- 0b1, mip.STI <- 0b0)
mem[X,0x00000000800022C4] -> 0x1573
mem[X,0x00000000800022C6] -> 0x3401
[1582] [M]: 0x00000000800022C4 (0x34011573) csrrw x10, mscratch, x2                 common_Mhandler+4
CSR mscratch (0x340) <- 0x0000000080005000
x10 <- 0x0000000000000000

mem[X,0x00000000800022C8] -> 0x3823
mem[X,0x00000000800022CA] -> 0x28A1
[1583] [M]: 0x00000000800022C8 (0x28A13823) sd x10, 0x290(x2)                       common_Mhandler+8
mem[W,0x0000000080005290] <- 0x0000000000000000

clint mtime 0x0000000000000318 (mip.MTI <- 0b1, mip.STI <- 0b0)
mem[X,0x00000000800022CC] -> 0x3503
mem[X,0x00000000800022CE] -> 0x2301
[1584] [M]: 0x00000000800022CC (0x23013503) ld x10, 0x230(x2)                       common_Mhandler+12
mem[R,0x0000000080005230] -> 0x00000000800022D4
x10 <- 0x00000000800022D4

mem[X,0x00000000800022D0] -> 0x0067
mem[X,0x00000000800022D2] -> 0x0005
[1585] [M]: 0x00000000800022D0 (0x00050067) jalr x0, 0x0(x10)                       common_Mhandler+16

clint mtime 0x0000000000000319 (mip.MTI <- 0b1, mip.STI <- 0b0)
mem[X,0x00000000800022D4] -> 0x3C23
mem[X,0x00000000800022D6] -> 0x2691
[1586] [M]: 0x00000000800022D4 (0x26913C23) sd x9, 0x278(x2)                        common_Mentry+0
mem[W,0x0000000080005278] <- 0x00000000000000FE

mem[X,0x00000000800022D8] -> 0x3823
mem[X,0x00000000800022DA] -> 0x2681
[1587] [M]: 0x00000000800022D8 (0x26813823) sd x8, 0x270(x2)                        common_Mentry+4
mem[W,0x0000000080005270] <- 0x0000000000007F76

clint mtime 0x000000000000031A (mip.MTI <- 0b1, mip.STI <- 0b0)
mem[X,0x00000000800022DC] -> 0x3423
mem[X,0x00000000800022DE] -> 0x2671
[1588] [M]: 0x00000000800022DC (0x26713423) sd x7, 0x268(x2)                        common_Mentry+8
mem[W,0x0000000080005268] <- 0x00000000800010E0

mem[X,0x00000000800022E0] -> 0x3023
mem[X,0x00000000800022E2] -> 0x2661
[1589] [M]: 0x00000000800022E0 (0x26613023) sd x6, 0x260(x2)                        common_Mentry+12
mem[W,0x0000000080005260] <- 0x000000001FDDB7D5

clint mtime 0x000000000000031B (mip.MTI <- 0b1, mip.STI <- 0b0)
mem[X,0x00000000800022E4] -> 0x2573
mem[X,0x00000000800022E6] -> 0x3420
[1590] [M]: 0x00000000800022E4 (0x34202573) csrrs x10, mcause, x0                   spcl_M2mmode_test+0
CSR mcause (0x342) -> 0x000000000000000B
x10 <- 0x000000000000000B

mem[X,0x00000000800022E8] -> 0x04B7
mem[X,0x00000000800022EA] -> 0x8000
[1591] [M]: 0x00000000800022E8 (0x800004B7) lui x9, -0x80000                        spcl_M2mmode_test+4
x9 <- 0xFFFFFFFF80000000

clint mtime 0x000000000000031C (mip.MTI <- 0b1, mip.STI <- 0b0)
mem[X,0x00000000800022EC] -> 0x8493
mem[X,0x00000000800022EE] -> 0x0004
[1592] [M]: 0x00000000800022EC (0x00048493) addi x9, x9, 0x0                        spcl_M2mmode_test+8
x9 <- 0xFFFFFFFF80000000

mem[X,0x00000000800022F0] -> 0x9493
mem[X,0x00000000800022F2] -> 0x00B4
[1593] [M]: 0x00000000800022F0 (0x00B49493) slli x9, x9, 0xb                        spcl_M2mmode_test+12
x9 <- 0xFFFFFC0000000000

clint mtime 0x000000000000031D (mip.MTI <- 0b1, mip.STI <- 0b0)
mem[X,0x00000000800022F4] -> 0x8493
mem[X,0x00000000800022F6] -> 0x0004
[1594] [M]: 0x00000000800022F4 (0x00048493) addi x9, x9, 0x0                        spcl_M2mmode_test+16
x9 <- 0xFFFFFC0000000000

mem[X,0x00000000800022F8] -> 0x9493
mem[X,0x00000000800022FA] -> 0x00B4
[1595] [M]: 0x00000000800022F8 (0x00B49493) slli x9, x9, 0xb                        spcl_M2mmode_test+20
x9 <- 0xFFE0000000000000

clint mtime 0x000000000000031E (mip.MTI <- 0b1, mip.STI <- 0b0)
mem[X,0x00000000800022FC] -> 0x8493
mem[X,0x00000000800022FE] -> 0x0034
[1596] [M]: 0x00000000800022FC (0x00348493) addi x9, x9, 0x3                        spcl_M2mmode_test+24
x9 <- 0xFFE0000000000003

mem[X,0x0000000080002300] -> 0x9493
mem[X,0x0000000080002302] -> 0x00A4
[1597] [M]: 0x0000000080002300 (0x00A49493) slli x9, x9, 0xa                        spcl_M2mmode_test+28
x9 <- 0x8000000000000C00

clint mtime 0x000000000000031F (mip.MTI <- 0b1, mip.STI <- 0b0)
mem[X,0x0000000080002304] -> 0x8493
mem[X,0x0000000080002306] -> 0x3FC4
[1598] [M]: 0x0000000080002304 (0x3FC48493) addi x9, x9, 0x3fc                      spcl_M2mmode_test+32
x9 <- 0x8000000000000FFC

mem[X,0x0000000080002308] -> 0xF4B3
mem[X,0x000000008000230A] -> 0x00A4
[1599] [M]: 0x0000000080002308 (0x00A4F4B3) and x9, x9, x10                         spcl_M2mmode_test+36
x9 <- 0x0000000000000008

clint mtime 0x0000000000000320 (mip.MTI <- 0b1, mip.STI <- 0b0)
mem[X,0x000000008000230C] -> 0x8493
mem[X,0x000000008000230E] -> 0xFF84
[1600] [M]: 0x000000008000230C (0xFF848493) addi x9, x9, -0x8                       spcl_M2mmode_test+40
x9 <- 0x0000000000000000

mem[X,0x0000000080002310] -> 0x9663
mem[X,0x0000000080002312] -> 0x0004
[1601] [M]: 0x0000000080002310 (0x00049663) bne x9, x0, 0xc                         spcl_M2mmode_test+44

clint mtime 0x0000000000000321 (mip.MTI <- 0b1, mip.STI <- 0b0)
mem[X,0x0000000080002314] -> 0x3383
mem[X,0x0000000080002316] -> 0x2901
[1602] [M]: 0x0000000080002314 (0x29013383) ld x7, 0x290(x2)                        spcl_M2mmode_test+48
mem[R,0x0000000080005290] -> 0x0000000000000000
x7 <- 0x0000000000000000

mem[X,0x0000000080002318] -> 0x8263
mem[X,0x000000008000231A] -> 0x6E03
[1603] [M]: 0x0000000080002318 (0x6E038263) beq x7, x0, 0x6e4                       spcl_M2mmode_test+52

clint mtime 0x0000000000000322 (mip.MTI <- 0b1, mip.STI <- 0b0)
mem[X,0x00000000800029FC] -> 0x0493
mem[X,0x00000000800029FE] -> 0xFF55
[1604] [M]: 0x00000000800029FC (0xFF550493) addi x9, x10, -0xb                      rtn2mmode+0
x9 <- 0x0000000000000000

mem[X,0x0000000080002A00] -> 0x8C63
mem[X,0x0000000080002A02] -> 0x0004
[1605] [M]: 0x0000000080002A00 (0x00048C63) beq x9, x0, 0x18                        rtn2mmode+4

clint mtime 0x0000000000000323 (mip.MTI <- 0b1, mip.STI <- 0b0)
mem[X,0x0000000080002A18] -> 0x23F3
mem[X,0x0000000080002A1A] -> 0x3410
[1606] [M]: 0x0000000080002A18 (0x341023F3) csrrs x7, mepc, x0                      rtn_fm_mmode+0
CSR mepc (0x341) -> 0x0000000080001220
x7 <- 0x0000000080001220

mem[X,0x0000000080002A1C] -> 0x83B3
mem[X,0x0000000080002A1E] -> 0x0093
[1607] [M]: 0x0000000080002A1C (0x009383B3) add x7, x7, x9                          rtn_fm_mmode+4
x7 <- 0x0000000080001220

clint mtime 0x0000000000000324 (mip.MTI <- 0b1, mip.STI <- 0b0)
mem[X,0x0000000080002A20] -> 0x3303
mem[X,0x0000000080002A22] -> 0x2601
[1608] [M]: 0x0000000080002A20 (0x26013303) ld x6, 0x260(x2)                        rtn_fm_mmode+8
mem[R,0x0000000080005260] -> 0x000000001FDDB7D5
x6 <- 0x000000001FDDB7D5

mem[X,0x0000000080002A24] -> 0x3403
mem[X,0x0000000080002A26] -> 0x2701
[1609] [M]: 0x0000000080002A24 (0x27013403) ld x8, 0x270(x2)                        rtn_fm_mmode+12
mem[R,0x0000000080005270] -> 0x0000000000007F76
x8 <- 0x0000000000007F76

clint mtime 0x0000000000000325 (mip.MTI <- 0b1, mip.STI <- 0b0)
mem[X,0x0000000080002A28] -> 0x3483
mem[X,0x0000000080002A2A] -> 0x2781
[1610] [M]: 0x0000000080002A28 (0x27813483) ld x9, 0x278(x2)                        rtn_fm_mmode+16
mem[R,0x0000000080005278] -> 0x00000000000000FE
x9 <- 0x00000000000000FE

mem[X,0x0000000080002A2C] -> 0x3503
mem[X,0x0000000080002A2E] -> 0x2801
[1611] [M]: 0x0000000080002A2C (0x28013503) ld x10, 0x280(x2)                       rtn_fm_mmode+20
mem[R,0x0000000080005280] -> 0x0000000000000001
x10 <- 0x0000000000000001

clint mtime 0x0000000000000326 (mip.MTI <- 0b1, mip.STI <- 0b0)
mem[X,0x0000000080002A30] -> 0x3583
mem[X,0x0000000080002A32] -> 0x2881
[1612] [M]: 0x0000000080002A30 (0x28813583) ld x11, 0x288(x2)                       rtn_fm_mmode+24
mem[R,0x0000000080005288] -> 0x0000000000000000
x11 <- 0x0000000000000000

mem[X,0x0000000080002A34] -> 0x3103
mem[X,0x0000000080002A36] -> 0x2901
[1613] [M]: 0x0000000080002A34 (0x29013103) ld x2, 0x290(x2)                        rtn_fm_mmode+28
mem[R,0x0000000080005290] -> 0x0000000000000000
x2 <- 0x0000000000000000

clint mtime 0x0000000000000327 (mip.MTI <- 0b1, mip.STI <- 0b0)
mem[X,0x0000000080002A38] -> 0x8067
mem[X,0x0000000080002A3A] -> 0x0043
[1614] [M]: 0x0000000080002A38 (0x00438067) jalr x0, 0x4(x7)                        rtn_fm_mmode+32

mem[X,0x0000000080001224] -> 0x0013
mem[X,0x0000000080001226] -> 0x0000
[1615] [M]: 0x0000000080001224 (0x00000013) addi x0, x0, 0x0                        main+3652

clint mtime 0x0000000000000328 (mip.MTI <- 0b1, mip.STI <- 0b0)
mem[X,0x0000000080001228] -> 0x0013
mem[X,0x000000008000122A] -> 0x0000
[1616] [M]: 0x0000000080001228 (0x00000013) addi x0, x0, 0x0                        main+3656

mem[X,0x000000008000122C] -> 0x0013
mem[X,0x000000008000122E] -> 0x0000
[1617] [M]: 0x000000008000122C (0x00000013) addi x0, x0, 0x0                        main+3660

clint mtime 0x0000000000000329 (mip.MTI <- 0b1, mip.STI <- 0b0)
mem[X,0x0000000080001230] -> 0x0013
mem[X,0x0000000080001232] -> 0x0000
[1618] [M]: 0x0000000080001230 (0x00000013) addi x0, x0, 0x0                        main+3664

mem[X,0x0000000080001234] -> 0x0013
mem[X,0x0000000080001236] -> 0x0000
[1619] [M]: 0x0000000080001234 (0x00000013) addi x0, x0, 0x0                        main+3668

clint mtime 0x000000000000032A (mip.MTI <- 0b1, mip.STI <- 0b0)
mem[X,0x0000000080001238] -> 0x0013
mem[X,0x000000008000123A] -> 0x0000
[1620] [M]: 0x0000000080001238 (0x00000013) addi x0, x0, 0x0                        main+3672

mem[X,0x000000008000123C] -> 0x0013
mem[X,0x000000008000123E] -> 0x0000
[1621] [M]: 0x000000008000123C (0x00000013) addi x0, x0, 0x0                        main+3676

clint mtime 0x000000000000032B (mip.MTI <- 0b1, mip.STI <- 0b0)
mem[X,0x0000000080001240] -> 0x12B7
mem[X,0x0000000080001242] -> 0x2000
[1622] [M]: 0x0000000080001240 (0x200012B7) lui x5, 0x20001                         main+3680
x5 <- 0x0000000020001000

mem[X,0x0000000080001244] -> 0x829B
mem[X,0x0000000080001246] -> 0x8002
[1623] [M]: 0x0000000080001244 (0x8002829B) addiw x5, x5, -0x800                    main+3684
x5 <- 0x0000000020000800

clint mtime 0x000000000000032C (mip.MTI <- 0b1, mip.STI <- 0b0)
mem[X,0x0000000080001248] -> 0x0001
[1624] [M]: 0x0000000080001248 (0x0001) c.nop                                       main+3688

mem[X,0x000000008000124A] -> 0x0013
mem[X,0x000000008000124C] -> 0x0000
[1625] [M]: 0x000000008000124A (0x00000013) addi x0, x0, 0x0                        main+3690

clint mtime 0x000000000000032D (mip.MTI <- 0b1, mip.STI <- 0b0)
mem[X,0x000000008000124E] -> 0x0013
mem[X,0x0000000080001250] -> 0x0000
[1626] [M]: 0x000000008000124E (0x00000013) addi x0, x0, 0x0                        main+3694

mem[X,0x0000000080001252] -> 0x0013
mem[X,0x0000000080001254] -> 0x0000
[1627] [M]: 0x0000000080001252 (0x00000013) addi x0, x0, 0x0                        main+3698

clint mtime 0x000000000000032E (mip.MTI <- 0b1, mip.STI <- 0b0)
mem[X,0x0000000080001256] -> 0x0013
mem[X,0x0000000080001258] -> 0x0000
[1628] [M]: 0x0000000080001256 (0x00000013) addi x0, x0, 0x0                        main+3702

mem[X,0x000000008000125A] -> 0x0013
mem[X,0x000000008000125C] -> 0x0000
[1629] [M]: 0x000000008000125A (0x00000013) addi x0, x0, 0x0                        main+3706

clint mtime 0x000000000000032F (mip.MTI <- 0b1, mip.STI <- 0b0)
mem[X,0x000000008000125E] -> 0x0001
[1630] [M]: 0x000000008000125E (0x0001) c.nop                                       main+3710

mem[X,0x0000000080001260] -> 0x9073
mem[X,0x0000000080001262] -> 0x3B32
[1631] [M]: 0x0000000080001260 (0x3B329073) csrrw x0, pmpaddr3, x5                  main+3712
CSR pmpaddr3 (0x3B3) <- 0x0000000020000800

clint mtime 0x0000000000000330 (mip.MTI <- 0b1, mip.STI <- 0b0)
mem[X,0x0000000080001264] -> 0x0213
mem[X,0x0000000080001266] -> 0x0010
[1632] [M]: 0x0000000080001264 (0x00100213) addi x4, x0, 0x1                        main+3716
x4 <- 0x0000000000000001

mem[X,0x0000000080001268] -> 0x1213
mem[X,0x000000008000126A] -> 0x01F2
[1633] [M]: 0x0000000080001268 (0x01F21213) slli x4, x4, 0x1f                       main+3720
x4 <- 0x0000000080000000

clint mtime 0x0000000000000331 (mip.MTI <- 0b1, mip.STI <- 0b0)
mem[X,0x000000008000126C] -> 0x1073
mem[X,0x000000008000126E] -> 0x3A02
[1634] [M]: 0x000000008000126C (0x3A021073) csrrw x0, pmpcfg0, x4                   main+3724
CSR pmpcfg0 (0x3A0) <- 0x8080808080000000

mem[X,0x0000000080001270] -> 0x0013
mem[X,0x0000000080001272] -> 0x0000
[1635] [M]: 0x0000000080001270 (0x00000013) addi x0, x0, 0x0                        main+3728

clint mtime 0x0000000000000332 (mip.MTI <- 0b1, mip.STI <- 0b0)
mem[X,0x0000000080001274] -> 0x0013
mem[X,0x0000000080001276] -> 0x0000
[1636] [M]: 0x0000000080001274 (0x00000013) addi x0, x0, 0x0                        main+3732

mem[X,0x0000000080001278] -> 0x0013
mem[X,0x000000008000127A] -> 0x0000
[1637] [M]: 0x0000000080001278 (0x00000013) addi x0, x0, 0x0                        main+3736

clint mtime 0x0000000000000333 (mip.MTI <- 0b1, mip.STI <- 0b0)
mem[X,0x000000008000127C] -> 0x0013
mem[X,0x000000008000127E] -> 0x0000
[1638] [M]: 0x000000008000127C (0x00000013) addi x0, x0, 0x0                        main+3740

mem[X,0x0000000080001280] -> 0x1717
mem[X,0x0000000080001282] -> 0x0000
[1639] [M]: 0x0000000080001280 (0x00001717) auipc x14, 0x1                          main+3744
x14 <- 0x0000000080002280

clint mtime 0x0000000000000334 (mip.MTI <- 0b1, mip.STI <- 0b0)
mem[X,0x0000000080001284] -> 0x0713
mem[X,0x0000000080001286] -> 0xD807
[1640] [M]: 0x0000000080001284 (0xD8070713) addi x14, x14, -0x280                   main+3748
x14 <- 0x0000000080002000

mem[X,0x0000000080001288] -> 0x0001
[1641] [M]: 0x0000000080001288 (0x0001) c.nop                                       main+3752

clint mtime 0x0000000000000335 (mip.MTI <- 0b1, mip.STI <- 0b0)
mem[X,0x000000008000128A] -> 0x0013
mem[X,0x000000008000128C] -> 0x0000
[1642] [M]: 0x000000008000128A (0x00000013) addi x0, x0, 0x0                        main+3754

mem[X,0x000000008000128E] -> 0x0013
mem[X,0x0000000080001290] -> 0x0000
[1643] [M]: 0x000000008000128E (0x00000013) addi x0, x0, 0x0                        main+3758

clint mtime 0x0000000000000336 (mip.MTI <- 0b1, mip.STI <- 0b0)
mem[X,0x0000000080001292] -> 0x0013
mem[X,0x0000000080001294] -> 0x0000
[1644] [M]: 0x0000000080001292 (0x00000013) addi x0, x0, 0x0                        main+3762

mem[X,0x0000000080001296] -> 0x0013
mem[X,0x0000000080001298] -> 0x0000
[1645] [M]: 0x0000000080001296 (0x00000013) addi x0, x0, 0x0                        main+3766

clint mtime 0x0000000000000337 (mip.MTI <- 0b1, mip.STI <- 0b0)
mem[X,0x000000008000129A] -> 0x0013
mem[X,0x000000008000129C] -> 0x0000
[1646] [M]: 0x000000008000129A (0x00000013) addi x0, x0, 0x0                        main+3770

mem[X,0x000000008000129E] -> 0x0001
[1647] [M]: 0x000000008000129E (0x0001) c.nop                                       main+3774

clint mtime 0x0000000000000338 (mip.MTI <- 0b1, mip.STI <- 0b0)
mem[X,0x00000000800012A0] -> 0x51B7
mem[X,0x00000000800012A2] -> 0x0000
[1648] [M]: 0x00000000800012A0 (0x000051B7) lui x3, 0x5                             main+3776
x3 <- 0x0000000000005000

mem[X,0x00000000800012A4] -> 0x8193
mem[X,0x00000000800012A6] -> 0x6671
[1649] [M]: 0x00000000800012A4 (0x66718193) addi x3, x3, 0x667                      main+3780
x3 <- 0x0000000000005667

clint mtime 0x0000000000000339 (mip.MTI <- 0b1, mip.STI <- 0b0)
mem[X,0x00000000800012A8] -> 0x9193
mem[X,0x00000000800012AA] -> 0x0011
[1650] [M]: 0x00000000800012A8 (0x00119193) slli x3, x3, 0x1                        main+3784
x3 <- 0x000000000000ACCE

mem[X,0x00000000800012AC] -> 0x0013
mem[X,0x00000000800012AE] -> 0x0000
[1651] [M]: 0x00000000800012AC (0x00000013) addi x0, x0, 0x0                        main+3788

clint mtime 0x000000000000033A (mip.MTI <- 0b1, mip.STI <- 0b0)
mem[X,0x00000000800012B0] -> 0x0013
mem[X,0x00000000800012B2] -> 0x0000
[1652] [M]: 0x00000000800012B0 (0x00000013) addi x0, x0, 0x0                        main+3792

mem[X,0x00000000800012B4] -> 0x0013
mem[X,0x00000000800012B6] -> 0x0000
[1653] [M]: 0x00000000800012B4 (0x00000013) addi x0, x0, 0x0                        main+3796

clint mtime 0x000000000000033B (mip.MTI <- 0b1, mip.STI <- 0b0)
mem[X,0x00000000800012B8] -> 0x0013
mem[X,0x00000000800012BA] -> 0x0000
[1654] [M]: 0x00000000800012B8 (0x00000013) addi x0, x0, 0x0                        main+3800

mem[X,0x00000000800012BC] -> 0x0013
mem[X,0x00000000800012BE] -> 0x0000
[1655] [M]: 0x00000000800012BC (0x00000013) addi x0, x0, 0x0                        main+3804

clint mtime 0x000000000000033C (mip.MTI <- 0b1, mip.STI <- 0b0)
mem[X,0x00000000800012C0] -> 0x0217
mem[X,0x00000000800012C2] -> 0x0000
[1656] [M]: 0x00000000800012C0 (0x00000217) auipc x4, 0x0                           main+3808
x4 <- 0x00000000800012C0

mem[X,0x00000000800012C4] -> 0x0213
mem[X,0x00000000800012C6] -> 0x02C2
[1657] [M]: 0x00000000800012C4 (0x02C20213) addi x4, x4, 0x2c                       main+3812
x4 <- 0x00000000800012EC

clint mtime 0x000000000000033D (mip.MTI <- 0b1, mip.STI <- 0b0)
mem[X,0x00000000800012C8] -> 0x0001
[1658] [M]: 0x00000000800012C8 (0x0001) c.nop                                       main+3816

mem[X,0x00000000800012CA] -> 0x0013
mem[X,0x00000000800012CC] -> 0x0000
[1659] [M]: 0x00000000800012CA (0x00000013) addi x0, x0, 0x0                        main+3818

clint mtime 0x000000000000033E (mip.MTI <- 0b1, mip.STI <- 0b0)
mem[X,0x00000000800012CE] -> 0x0013
mem[X,0x00000000800012D0] -> 0x0000
[1660] [M]: 0x00000000800012CE (0x00000013) addi x0, x0, 0x0                        main+3822

mem[X,0x00000000800012D2] -> 0x0013
mem[X,0x00000000800012D4] -> 0x0000
[1661] [M]: 0x00000000800012D2 (0x00000013) addi x0, x0, 0x0                        main+3826

clint mtime 0x000000000000033F (mip.MTI <- 0b1, mip.STI <- 0b0)
mem[X,0x00000000800012D6] -> 0x0013
mem[X,0x00000000800012D8] -> 0x0000
[1662] [M]: 0x00000000800012D6 (0x00000013) addi x0, x0, 0x0                        main+3830

mem[X,0x00000000800012DA] -> 0x0013
mem[X,0x00000000800012DC] -> 0x0000
[1663] [M]: 0x00000000800012DA (0x00000013) addi x0, x0, 0x0                        main+3834

clint mtime 0x0000000000000340 (mip.MTI <- 0b1, mip.STI <- 0b0)
mem[X,0x00000000800012DE] -> 0x0001
[1664] [M]: 0x00000000800012DE (0x0001) c.nop                                       main+3838

mem[X,0x00000000800012E0] -> 0x00E7
mem[X,0x00000000800012E2] -> 0x0007
[1665] [M]: 0x00000000800012E0 (0x000700E7) jalr x1, 0x0(x14)                       main+3840
x1 <- 0x00000000800012E4

clint mtime 0x0000000000000341 (mip.MTI <- 0b1, mip.STI <- 0b0)
mem[X,0x0000000080002000] -> 0x0013
mem[X,0x0000000080002002] -> 0x0000
[1666] [M]: 0x0000000080002000 (0x00000013) addi x0, x0, 0x0                        TEST_FOR_EXECUTION+0

mem[X,0x0000000080002004] -> 0x0013
mem[X,0x0000000080002006] -> 0x0000
[1667] [M]: 0x0000000080002004 (0x00000013) addi x0, x0, 0x0                        TEST_FOR_EXECUTION+4

clint mtime 0x0000000000000342 (mip.MTI <- 0b1, mip.STI <- 0b0)
mem[X,0x0000000080002008] -> 0x0013
mem[X,0x000000008000200A] -> 0x0000
[1668] [M]: 0x0000000080002008 (0x00000013) addi x0, x0, 0x0                        RETURN_INSTRUCTION+0

mem[X,0x000000008000200C] -> 0x0013
mem[X,0x000000008000200E] -> 0x0000
[1669] [M]: 0x000000008000200C (0x00000013) addi x0, x0, 0x0                        RETURN_INSTRUCTION+4

clint mtime 0x0000000000000343 (mip.MTI <- 0b1, mip.STI <- 0b0)
mem[X,0x0000000080002010] -> 0x8067
mem[X,0x0000000080002012] -> 0x0000
[1670] [M]: 0x0000000080002010 (0x00008067) jalr x0, 0x0(x1)                        RETURN_INSTRUCTION+8

mem[X,0x00000000800012E4] -> 0x0013
mem[X,0x00000000800012E6] -> 0x0000
[1671] [M]: 0x00000000800012E4 (0x00000013) addi x0, x0, 0x0                        main+3844

clint mtime 0x0000000000000344 (mip.MTI <- 0b1, mip.STI <- 0b0)
mem[X,0x00000000800012E8] -> 0x0013
mem[X,0x00000000800012EA] -> 0x0000
[1672] [M]: 0x00000000800012E8 (0x00000013) addi x0, x0, 0x0                        main+3848

mem[X,0x00000000800012EC] -> 0x0013
mem[X,0x00000000800012EE] -> 0x0000
[1673] [M]: 0x00000000800012EC (0x00000013) addi x0, x0, 0x0                        main+3852

clint mtime 0x0000000000000345 (mip.MTI <- 0b1, mip.STI <- 0b0)
mem[X,0x00000000800012F0] -> 0x0013
mem[X,0x00000000800012F2] -> 0x0000
[1674] [M]: 0x00000000800012F0 (0x00000013) addi x0, x0, 0x0                        main+3856

mem[X,0x00000000800012F4] -> 0x0013
mem[X,0x00000000800012F6] -> 0x0000
[1675] [M]: 0x00000000800012F4 (0x00000013) addi x0, x0, 0x0                        main+3860

clint mtime 0x0000000000000346 (mip.MTI <- 0b1, mip.STI <- 0b0)
mem[X,0x00000000800012F8] -> 0x0013
mem[X,0x00000000800012FA] -> 0x0000
[1676] [M]: 0x00000000800012F8 (0x00000013) addi x0, x0, 0x0                        main+3864

mem[X,0x00000000800012FC] -> 0x0013
mem[X,0x00000000800012FE] -> 0x0000
[1677] [M]: 0x00000000800012FC (0x00000013) addi x0, x0, 0x0                        main+3868

clint mtime 0x0000000000000347 (mip.MTI <- 0b1, mip.STI <- 0b0)
mem[X,0x0000000080001300] -> 0x1797
mem[X,0x0000000080001302] -> 0x0000
[1678] [M]: 0x0000000080001300 (0x00001797) auipc x15, 0x1                          main+3872
x15 <- 0x0000000080002300

mem[X,0x0000000080001304] -> 0x8793
mem[X,0x0000000080001306] -> 0xD007
[1679] [M]: 0x0000000080001304 (0xD0078793) addi x15, x15, -0x300                   main+3876
x15 <- 0x0000000080002000

clint mtime 0x0000000000000348 (mip.MTI <- 0b1, mip.STI <- 0b0)
mem[X,0x0000000080001308] -> 0x0001
[1680] [M]: 0x0000000080001308 (0x0001) c.nop                                       main+3880

mem[X,0x000000008000130A] -> 0x0013
mem[X,0x000000008000130C] -> 0x0000
[1681] [M]: 0x000000008000130A (0x00000013) addi x0, x0, 0x0                        main+3882

clint mtime 0x0000000000000349 (mip.MTI <- 0b1, mip.STI <- 0b0)
mem[X,0x000000008000130E] -> 0x0013
mem[X,0x0000000080001310] -> 0x0000
[1682] [M]: 0x000000008000130E (0x00000013) addi x0, x0, 0x0                        main+3886

mem[X,0x0000000080001312] -> 0x0013
mem[X,0x0000000080001314] -> 0x0000
[1683] [M]: 0x0000000080001312 (0x00000013) addi x0, x0, 0x0                        main+3890

clint mtime 0x000000000000034A (mip.MTI <- 0b1, mip.STI <- 0b0)
mem[X,0x0000000080001316] -> 0x0013
mem[X,0x0000000080001318] -> 0x0000
[1684] [M]: 0x0000000080001316 (0x00000013) addi x0, x0, 0x0                        main+3894

mem[X,0x000000008000131A] -> 0x0013
mem[X,0x000000008000131C] -> 0x0000
[1685] [M]: 0x000000008000131A (0x00000013) addi x0, x0, 0x0                        main+3898

clint mtime 0x000000000000034B (mip.MTI <- 0b1, mip.STI <- 0b0)
mem[X,0x000000008000131E] -> 0x0001
[1686] [M]: 0x000000008000131E (0x0001) c.nop                                       main+3902

mem[X,0x0000000080001320] -> 0x0737
mem[X,0x0000000080001322] -> 0x0000
[1687] [M]: 0x0000000080001320 (0x00000737) lui x14, 0x0                            main+3904
x14 <- 0x0000000000000000

clint mtime 0x000000000000034C (mip.MTI <- 0b1, mip.STI <- 0b0)
mem[X,0x0000000080001324] -> 0x0713
mem[X,0x0000000080001326] -> 0x0137
[1688] [M]: 0x0000000080001324 (0x01370713) addi x14, x14, 0x13                     main+3908
x14 <- 0x0000000000000013

mem[X,0x0000000080001328] -> 0x1713
mem[X,0x000000008000132A] -> 0x00B7
[1689] [M]: 0x0000000080001328 (0x00B71713) slli x14, x14, 0xb                      main+3912
x14 <- 0x0000000000009800

clint mtime 0x000000000000034D (mip.MTI <- 0b1, mip.STI <- 0b0)
mem[X,0x000000008000132C] -> 0x0713
mem[X,0x000000008000132E] -> 0x0007
[1690] [M]: 0x000000008000132C (0x00070713) addi x14, x14, 0x0                      main+3916
x14 <- 0x0000000000009800

mem[X,0x0000000080001330] -> 0x1713
mem[X,0x0000000080001332] -> 0x00B7
[1691] [M]: 0x0000000080001330 (0x00B71713) slli x14, x14, 0xb                      main+3920
x14 <- 0x0000000004C00000

clint mtime 0x000000000000034E (mip.MTI <- 0b1, mip.STI <- 0b0)
mem[X,0x0000000080001334] -> 0x0713
mem[X,0x0000000080001336] -> 0x0007
[1692] [M]: 0x0000000080001334 (0x00070713) addi x14, x14, 0x0                      main+3924
x14 <- 0x0000000004C00000

mem[X,0x0000000080001338] -> 0x1713
mem[X,0x000000008000133A] -> 0x00A7
[1693] [M]: 0x0000000080001338 (0x00A71713) slli x14, x14, 0xa                      main+3928
x14 <- 0x0000001300000000

clint mtime 0x000000000000034F (mip.MTI <- 0b1, mip.STI <- 0b0)
mem[X,0x000000008000133C] -> 0x0713
mem[X,0x000000008000133E] -> 0x0137
[1694] [M]: 0x000000008000133C (0x01370713) addi x14, x14, 0x13                     main+3932
x14 <- 0x0000001300000013

mem[X,0x0000000080001340] -> 0xA023
mem[X,0x0000000080001342] -> 0x00E7
[1695] [M]: 0x0000000080001340 (0x00E7A023) sw x14, 0x0(x15)                        main+3936
mem[W,0x0000000080002000] <- 0x00000013

clint mtime 0x0000000000000350 (mip.MTI <- 0b1, mip.STI <- 0b0)
mem[X,0x0000000080001344] -> 0x0013
mem[X,0x0000000080001346] -> 0x0000
[1696] [M]: 0x0000000080001344 (0x00000013) addi x0, x0, 0x0                        main+3940

mem[X,0x0000000080001348] -> 0x0013
mem[X,0x000000008000134A] -> 0x0000
[1697] [M]: 0x0000000080001348 (0x00000013) addi x0, x0, 0x0                        main+3944

clint mtime 0x0000000000000351 (mip.MTI <- 0b1, mip.STI <- 0b0)
mem[X,0x000000008000134C] -> 0xA703
mem[X,0x000000008000134E] -> 0x0007
[1698] [M]: 0x000000008000134C (0x0007A703) lw x14, 0x0(x15)                        main+3948
mem[R,0x0000000080002000] -> 0x00000013
x14 <- 0x0000000000000013

mem[X,0x0000000080001350] -> 0x0013
mem[X,0x0000000080001352] -> 0x0000
[1699] [M]: 0x0000000080001350 (0x00000013) addi x0, x0, 0x0                        main+3952

clint mtime 0x0000000000000352 (mip.MTI <- 0b1, mip.STI <- 0b0)
mem[X,0x0000000080001354] -> 0x0013
mem[X,0x0000000080001356] -> 0x0000
[1700] [M]: 0x0000000080001354 (0x00000013) addi x0, x0, 0x0                        main+3956

mem[X,0x0000000080001358] -> 0xBC23
mem[X,0x000000008000135A] -> 0x04E6
[1701] [M]: 0x0000000080001358 (0x04E6BC23) sd x14, 0x58(x13)                       main+3960
mem[W,0x0000000080006270] <- 0x0000000000000013

clint mtime 0x0000000000000353 (mip.MTI <- 0b1, mip.STI <- 0b0)
mem[X,0x000000008000135C] -> 0x0113
mem[X,0x000000008000135E] -> 0x0000
[1702] [M]: 0x000000008000135C (0x00000113) addi x2, x0, 0x0                        main+3964
x2 <- 0x0000000000000000

mem[X,0x0000000080001360] -> 0x0073
mem[X,0x0000000080001362] -> 0x0000
[1703] [M]: 0x0000000080001360 (0x00000073) ecall                                   main+3968
trapping from M to M to handle m-call
handling exc#m-call at priv M with tval 0x0000000000000000
CSR mstatus (0x300) <- 0x0000000A00001800
CSR mcause (0x342) <- 0x000000000000000B
CSR mtval (0x343) <- 0x0000000000000000
CSR mepc (0x341) <- 0x0000000080001360

clint mtime 0x0000000000000354 (mip.MTI <- 0b1, mip.STI <- 0b0)
mem[X,0x0000000080002100] -> 0x006F
mem[X,0x0000000080002102] -> 0x1000
[1704] [M]: 0x0000000080002100 (0x1000006F) jal x0, 0x100                           Mtrampoline+0

mem[X,0x0000000080002200] -> 0x1173
mem[X,0x0000000080002202] -> 0x3401
[1705] [M]: 0x0000000080002200 (0x34011173) csrrw x2, mscratch, x2                  trap_Mhandler+0
CSR mscratch (0x340) <- 0x0000000000000000
x2 <- 0x0000000080005000

clint mtime 0x0000000000000355 (mip.MTI <- 0b1, mip.STI <- 0b0)
mem[X,0x0000000080002204] -> 0x3423
mem[X,0x0000000080002206] -> 0x28B1
[1706] [M]: 0x0000000080002204 (0x28B13423) sd x11, 0x288(x2)                       trap_Mhandler+4
mem[W,0x0000000080005288] <- 0x0000000000000000

mem[X,0x0000000080002208] -> 0x05EF
mem[X,0x000000008000220A] -> 0x0B80
[1707] [M]: 0x0000000080002208 (0x0B8005EF) jal x11, 0xb8                           trap_Mhandler+8
x11 <- 0x000000008000220C

clint mtime 0x0000000000000356 (mip.MTI <- 0b1, mip.STI <- 0b0)
mem[X,0x00000000800022C0] -> 0x3023
mem[X,0x00000000800022C2] -> 0x28A1
[1708] [M]: 0x00000000800022C0 (0x28A13023) sd x10, 0x280(x2)                       common_Mhandler+0
mem[W,0x0000000080005280] <- 0x0000000000000001

mem[X,0x00000000800022C4] -> 0x1573
mem[X,0x00000000800022C6] -> 0x3401
[1709] [M]: 0x00000000800022C4 (0x34011573) csrrw x10, mscratch, x2                 common_Mhandler+4
CSR mscratch (0x340) <- 0x0000000080005000
x10 <- 0x0000000000000000

clint mtime 0x0000000000000357 (mip.MTI <- 0b1, mip.STI <- 0b0)
mem[X,0x00000000800022C8] -> 0x3823
mem[X,0x00000000800022CA] -> 0x28A1
[1710] [M]: 0x00000000800022C8 (0x28A13823) sd x10, 0x290(x2)                       common_Mhandler+8
mem[W,0x0000000080005290] <- 0x0000000000000000

mem[X,0x00000000800022CC] -> 0x3503
mem[X,0x00000000800022CE] -> 0x2301
[1711] [M]: 0x00000000800022CC (0x23013503) ld x10, 0x230(x2)                       common_Mhandler+12
mem[R,0x0000000080005230] -> 0x00000000800022D4
x10 <- 0x00000000800022D4

clint mtime 0x0000000000000358 (mip.MTI <- 0b1, mip.STI <- 0b0)
mem[X,0x00000000800022D0] -> 0x0067
mem[X,0x00000000800022D2] -> 0x0005
[1712] [M]: 0x00000000800022D0 (0x00050067) jalr x0, 0x0(x10)                       common_Mhandler+16

mem[X,0x00000000800022D4] -> 0x3C23
mem[X,0x00000000800022D6] -> 0x2691
[1713] [M]: 0x00000000800022D4 (0x26913C23) sd x9, 0x278(x2)                        common_Mentry+0
mem[W,0x0000000080005278] <- 0x00000000000000FE

clint mtime 0x0000000000000359 (mip.MTI <- 0b1, mip.STI <- 0b0)
mem[X,0x00000000800022D8] -> 0x3823
mem[X,0x00000000800022DA] -> 0x2681
[1714] [M]: 0x00000000800022D8 (0x26813823) sd x8, 0x270(x2)                        common_Mentry+4
mem[W,0x0000000080005270] <- 0x0000000000007F76

mem[X,0x00000000800022DC] -> 0x3423
mem[X,0x00000000800022DE] -> 0x2671
[1715] [M]: 0x00000000800022DC (0x26713423) sd x7, 0x268(x2)                        common_Mentry+8
mem[W,0x0000000080005268] <- 0x0000000080001220

clint mtime 0x000000000000035A (mip.MTI <- 0b1, mip.STI <- 0b0)
mem[X,0x00000000800022E0] -> 0x3023
mem[X,0x00000000800022E2] -> 0x2661
[1716] [M]: 0x00000000800022E0 (0x26613023) sd x6, 0x260(x2)                        common_Mentry+12
mem[W,0x0000000080005260] <- 0x000000001FDDB7D5

mem[X,0x00000000800022E4] -> 0x2573
mem[X,0x00000000800022E6] -> 0x3420
[1717] [M]: 0x00000000800022E4 (0x34202573) csrrs x10, mcause, x0                   spcl_M2mmode_test+0
CSR mcause (0x342) -> 0x000000000000000B
x10 <- 0x000000000000000B

clint mtime 0x000000000000035B (mip.MTI <- 0b1, mip.STI <- 0b0)
mem[X,0x00000000800022E8] -> 0x04B7
mem[X,0x00000000800022EA] -> 0x8000
[1718] [M]: 0x00000000800022E8 (0x800004B7) lui x9, -0x80000                        spcl_M2mmode_test+4
x9 <- 0xFFFFFFFF80000000

mem[X,0x00000000800022EC] -> 0x8493
mem[X,0x00000000800022EE] -> 0x0004
[1719] [M]: 0x00000000800022EC (0x00048493) addi x9, x9, 0x0                        spcl_M2mmode_test+8
x9 <- 0xFFFFFFFF80000000

clint mtime 0x000000000000035C (mip.MTI <- 0b1, mip.STI <- 0b0)
mem[X,0x00000000800022F0] -> 0x9493
mem[X,0x00000000800022F2] -> 0x00B4
[1720] [M]: 0x00000000800022F0 (0x00B49493) slli x9, x9, 0xb                        spcl_M2mmode_test+12
x9 <- 0xFFFFFC0000000000

mem[X,0x00000000800022F4] -> 0x8493
mem[X,0x00000000800022F6] -> 0x0004
[1721] [M]: 0x00000000800022F4 (0x00048493) addi x9, x9, 0x0                        spcl_M2mmode_test+16
x9 <- 0xFFFFFC0000000000

clint mtime 0x000000000000035D (mip.MTI <- 0b1, mip.STI <- 0b0)
mem[X,0x00000000800022F8] -> 0x9493
mem[X,0x00000000800022FA] -> 0x00B4
[1722] [M]: 0x00000000800022F8 (0x00B49493) slli x9, x9, 0xb                        spcl_M2mmode_test+20
x9 <- 0xFFE0000000000000

mem[X,0x00000000800022FC] -> 0x8493
mem[X,0x00000000800022FE] -> 0x0034
[1723] [M]: 0x00000000800022FC (0x00348493) addi x9, x9, 0x3                        spcl_M2mmode_test+24
x9 <- 0xFFE0000000000003

clint mtime 0x000000000000035E (mip.MTI <- 0b1, mip.STI <- 0b0)
mem[X,0x0000000080002300] -> 0x9493
mem[X,0x0000000080002302] -> 0x00A4
[1724] [M]: 0x0000000080002300 (0x00A49493) slli x9, x9, 0xa                        spcl_M2mmode_test+28
x9 <- 0x8000000000000C00

mem[X,0x0000000080002304] -> 0x8493
mem[X,0x0000000080002306] -> 0x3FC4
[1725] [M]: 0x0000000080002304 (0x3FC48493) addi x9, x9, 0x3fc                      spcl_M2mmode_test+32
x9 <- 0x8000000000000FFC

clint mtime 0x000000000000035F (mip.MTI <- 0b1, mip.STI <- 0b0)
mem[X,0x0000000080002308] -> 0xF4B3
mem[X,0x000000008000230A] -> 0x00A4
[1726] [M]: 0x0000000080002308 (0x00A4F4B3) and x9, x9, x10                         spcl_M2mmode_test+36
x9 <- 0x0000000000000008

mem[X,0x000000008000230C] -> 0x8493
mem[X,0x000000008000230E] -> 0xFF84
[1727] [M]: 0x000000008000230C (0xFF848493) addi x9, x9, -0x8                       spcl_M2mmode_test+40
x9 <- 0x0000000000000000

clint mtime 0x0000000000000360 (mip.MTI <- 0b1, mip.STI <- 0b0)
mem[X,0x0000000080002310] -> 0x9663
mem[X,0x0000000080002312] -> 0x0004
[1728] [M]: 0x0000000080002310 (0x00049663) bne x9, x0, 0xc                         spcl_M2mmode_test+44

mem[X,0x0000000080002314] -> 0x3383
mem[X,0x0000000080002316] -> 0x2901
[1729] [M]: 0x0000000080002314 (0x29013383) ld x7, 0x290(x2)                        spcl_M2mmode_test+48
mem[R,0x0000000080005290] -> 0x0000000000000000
x7 <- 0x0000000000000000

clint mtime 0x0000000000000361 (mip.MTI <- 0b1, mip.STI <- 0b0)
mem[X,0x0000000080002318] -> 0x8263
mem[X,0x000000008000231A] -> 0x6E03
[1730] [M]: 0x0000000080002318 (0x6E038263) beq x7, x0, 0x6e4                       spcl_M2mmode_test+52

mem[X,0x00000000800029FC] -> 0x0493
mem[X,0x00000000800029FE] -> 0xFF55
[1731] [M]: 0x00000000800029FC (0xFF550493) addi x9, x10, -0xb                      rtn2mmode+0
x9 <- 0x0000000000000000

clint mtime 0x0000000000000362 (mip.MTI <- 0b1, mip.STI <- 0b0)
mem[X,0x0000000080002A00] -> 0x8C63
mem[X,0x0000000080002A02] -> 0x0004
[1732] [M]: 0x0000000080002A00 (0x00048C63) beq x9, x0, 0x18                        rtn2mmode+4

mem[X,0x0000000080002A18] -> 0x23F3
mem[X,0x0000000080002A1A] -> 0x3410
[1733] [M]: 0x0000000080002A18 (0x341023F3) csrrs x7, mepc, x0                      rtn_fm_mmode+0
CSR mepc (0x341) -> 0x0000000080001360
x7 <- 0x0000000080001360

clint mtime 0x0000000000000363 (mip.MTI <- 0b1, mip.STI <- 0b0)
mem[X,0x0000000080002A1C] -> 0x83B3
mem[X,0x0000000080002A1E] -> 0x0093
[1734] [M]: 0x0000000080002A1C (0x009383B3) add x7, x7, x9                          rtn_fm_mmode+4
x7 <- 0x0000000080001360

mem[X,0x0000000080002A20] -> 0x3303
mem[X,0x0000000080002A22] -> 0x2601
[1735] [M]: 0x0000000080002A20 (0x26013303) ld x6, 0x260(x2)                        rtn_fm_mmode+8
mem[R,0x0000000080005260] -> 0x000000001FDDB7D5
x6 <- 0x000000001FDDB7D5

clint mtime 0x0000000000000364 (mip.MTI <- 0b1, mip.STI <- 0b0)
mem[X,0x0000000080002A24] -> 0x3403
mem[X,0x0000000080002A26] -> 0x2701
[1736] [M]: 0x0000000080002A24 (0x27013403) ld x8, 0x270(x2)                        rtn_fm_mmode+12
mem[R,0x0000000080005270] -> 0x0000000000007F76
x8 <- 0x0000000000007F76

mem[X,0x0000000080002A28] -> 0x3483
mem[X,0x0000000080002A2A] -> 0x2781
[1737] [M]: 0x0000000080002A28 (0x27813483) ld x9, 0x278(x2)                        rtn_fm_mmode+16
mem[R,0x0000000080005278] -> 0x00000000000000FE
x9 <- 0x00000000000000FE

clint mtime 0x0000000000000365 (mip.MTI <- 0b1, mip.STI <- 0b0)
mem[X,0x0000000080002A2C] -> 0x3503
mem[X,0x0000000080002A2E] -> 0x2801
[1738] [M]: 0x0000000080002A2C (0x28013503) ld x10, 0x280(x2)                       rtn_fm_mmode+20
mem[R,0x0000000080005280] -> 0x0000000000000001
x10 <- 0x0000000000000001

mem[X,0x0000000080002A30] -> 0x3583
mem[X,0x0000000080002A32] -> 0x2881
[1739] [M]: 0x0000000080002A30 (0x28813583) ld x11, 0x288(x2)                       rtn_fm_mmode+24
mem[R,0x0000000080005288] -> 0x0000000000000000
x11 <- 0x0000000000000000

clint mtime 0x0000000000000366 (mip.MTI <- 0b1, mip.STI <- 0b0)
mem[X,0x0000000080002A34] -> 0x3103
mem[X,0x0000000080002A36] -> 0x2901
[1740] [M]: 0x0000000080002A34 (0x29013103) ld x2, 0x290(x2)                        rtn_fm_mmode+28
mem[R,0x0000000080005290] -> 0x0000000000000000
x2 <- 0x0000000000000000

mem[X,0x0000000080002A38] -> 0x8067
mem[X,0x0000000080002A3A] -> 0x0043
[1741] [M]: 0x0000000080002A38 (0x00438067) jalr x0, 0x4(x7)                        rtn_fm_mmode+32

clint mtime 0x0000000000000367 (mip.MTI <- 0b1, mip.STI <- 0b0)
mem[X,0x0000000080001364] -> 0x0013
mem[X,0x0000000080001366] -> 0x0000
[1742] [M]: 0x0000000080001364 (0x00000013) addi x0, x0, 0x0                        main+3972

mem[X,0x0000000080001368] -> 0x0013
mem[X,0x000000008000136A] -> 0x0000
[1743] [M]: 0x0000000080001368 (0x00000013) addi x0, x0, 0x0                        main+3976

clint mtime 0x0000000000000368 (mip.MTI <- 0b1, mip.STI <- 0b0)
mem[X,0x000000008000136C] -> 0x0013
mem[X,0x000000008000136E] -> 0x0000
[1744] [M]: 0x000000008000136C (0x00000013) addi x0, x0, 0x0                        main+3980

mem[X,0x0000000080001370] -> 0x0013
mem[X,0x0000000080001372] -> 0x0000
[1745] [M]: 0x0000000080001370 (0x00000013) addi x0, x0, 0x0                        main+3984

clint mtime 0x0000000000000369 (mip.MTI <- 0b1, mip.STI <- 0b0)
mem[X,0x0000000080001374] -> 0x0013
mem[X,0x0000000080001376] -> 0x0000
[1746] [M]: 0x0000000080001374 (0x00000013) addi x0, x0, 0x0                        main+3988

mem[X,0x0000000080001378] -> 0x0013
mem[X,0x000000008000137A] -> 0x0000
[1747] [M]: 0x0000000080001378 (0x00000013) addi x0, x0, 0x0                        main+3992

clint mtime 0x000000000000036A (mip.MTI <- 0b1, mip.STI <- 0b0)
mem[X,0x000000008000137C] -> 0x0013
mem[X,0x000000008000137E] -> 0x0000
[1748] [M]: 0x000000008000137C (0x00000013) addi x0, x0, 0x0                        main+3996

mem[X,0x0000000080001380] -> 0x12B7
mem[X,0x0000000080001382] -> 0x2000
[1749] [M]: 0x0000000080001380 (0x200012B7) lui x5, 0x20001                         main+4000
x5 <- 0x0000000020001000

clint mtime 0x000000000000036B (mip.MTI <- 0b1, mip.STI <- 0b0)
mem[X,0x0000000080001384] -> 0x829B
mem[X,0x0000000080001386] -> 0x8002
[1750] [M]: 0x0000000080001384 (0x8002829B) addiw x5, x5, -0x800                    main+4004
x5 <- 0x0000000020000800

mem[X,0x0000000080001388] -> 0x0001
[1751] [M]: 0x0000000080001388 (0x0001) c.nop                                       main+4008

clint mtime 0x000000000000036C (mip.MTI <- 0b1, mip.STI <- 0b0)
mem[X,0x000000008000138A] -> 0x0013
mem[X,0x000000008000138C] -> 0x0000
[1752] [M]: 0x000000008000138A (0x00000013) addi x0, x0, 0x0                        main+4010

mem[X,0x000000008000138E] -> 0x0013
mem[X,0x0000000080001390] -> 0x0000
[1753] [M]: 0x000000008000138E (0x00000013) addi x0, x0, 0x0                        main+4014

clint mtime 0x000000000000036D (mip.MTI <- 0b1, mip.STI <- 0b0)
mem[X,0x0000000080001392] -> 0x0013
mem[X,0x0000000080001394] -> 0x0000
[1754] [M]: 0x0000000080001392 (0x00000013) addi x0, x0, 0x0                        main+4018

mem[X,0x0000000080001396] -> 0x0013
mem[X,0x0000000080001398] -> 0x0000
[1755] [M]: 0x0000000080001396 (0x00000013) addi x0, x0, 0x0                        main+4022

clint mtime 0x000000000000036E (mip.MTI <- 0b1, mip.STI <- 0b0)
mem[X,0x000000008000139A] -> 0x0013
mem[X,0x000000008000139C] -> 0x0000
[1756] [M]: 0x000000008000139A (0x00000013) addi x0, x0, 0x0                        main+4026

mem[X,0x000000008000139E] -> 0x0001
[1757] [M]: 0x000000008000139E (0x0001) c.nop                                       main+4030

clint mtime 0x000000000000036F (mip.MTI <- 0b1, mip.STI <- 0b0)
mem[X,0x00000000800013A0] -> 0x9073
mem[X,0x00000000800013A2] -> 0x3B22
[1758] [M]: 0x00000000800013A0 (0x3B229073) csrrw x0, pmpaddr2, x5                  main+4032
CSR pmpaddr2 (0x3B2) <- 0x0000000020000800

mem[X,0x00000000800013A4] -> 0x0213
mem[X,0x00000000800013A6] -> 0x0010
[1759] [M]: 0x00000000800013A4 (0x00100213) addi x4, x0, 0x1                        main+4036
x4 <- 0x0000000000000001

clint mtime 0x0000000000000370 (mip.MTI <- 0b1, mip.STI <- 0b0)
mem[X,0x00000000800013A8] -> 0x1213
mem[X,0x00000000800013AA] -> 0x0172
[1760] [M]: 0x00000000800013A8 (0x01721213) slli x4, x4, 0x17                       main+4040
x4 <- 0x0000000000800000

mem[X,0x00000000800013AC] -> 0x1073
mem[X,0x00000000800013AE] -> 0x3A02
[1761] [M]: 0x00000000800013AC (0x3A021073) csrrw x0, pmpcfg0, x4                   main+4044
CSR pmpcfg0 (0x3A0) <- 0x8080808080800000

clint mtime 0x0000000000000371 (mip.MTI <- 0b1, mip.STI <- 0b0)
mem[X,0x00000000800013B0] -> 0x0013
mem[X,0x00000000800013B2] -> 0x0000
[1762] [M]: 0x00000000800013B0 (0x00000013) addi x0, x0, 0x0                        main+4048

mem[X,0x00000000800013B4] -> 0x0013
mem[X,0x00000000800013B6] -> 0x0000
[1763] [M]: 0x00000000800013B4 (0x00000013) addi x0, x0, 0x0                        main+4052

clint mtime 0x0000000000000372 (mip.MTI <- 0b1, mip.STI <- 0b0)
mem[X,0x00000000800013B8] -> 0x0013
mem[X,0x00000000800013BA] -> 0x0000
[1764] [M]: 0x00000000800013B8 (0x00000013) addi x0, x0, 0x0                        main+4056

mem[X,0x00000000800013BC] -> 0x0013
mem[X,0x00000000800013BE] -> 0x0000
[1765] [M]: 0x00000000800013BC (0x00000013) addi x0, x0, 0x0                        main+4060

clint mtime 0x0000000000000373 (mip.MTI <- 0b1, mip.STI <- 0b0)
mem[X,0x00000000800013C0] -> 0x1717
mem[X,0x00000000800013C2] -> 0x0000
[1766] [M]: 0x00000000800013C0 (0x00001717) auipc x14, 0x1                          main+4064
x14 <- 0x00000000800023C0

mem[X,0x00000000800013C4] -> 0x0713
mem[X,0x00000000800013C6] -> 0xC407
[1767] [M]: 0x00000000800013C4 (0xC4070713) addi x14, x14, -0x3c0                   main+4068
x14 <- 0x0000000080002000

clint mtime 0x0000000000000374 (mip.MTI <- 0b1, mip.STI <- 0b0)
mem[X,0x00000000800013C8] -> 0x0001
[1768] [M]: 0x00000000800013C8 (0x0001) c.nop                                       main+4072

mem[X,0x00000000800013CA] -> 0x0013
mem[X,0x00000000800013CC] -> 0x0000
[1769] [M]: 0x00000000800013CA (0x00000013) addi x0, x0, 0x0                        main+4074

clint mtime 0x0000000000000375 (mip.MTI <- 0b1, mip.STI <- 0b0)
mem[X,0x00000000800013CE] -> 0x0013
mem[X,0x00000000800013D0] -> 0x0000
[1770] [M]: 0x00000000800013CE (0x00000013) addi x0, x0, 0x0                        main+4078

mem[X,0x00000000800013D2] -> 0x0013
mem[X,0x00000000800013D4] -> 0x0000
[1771] [M]: 0x00000000800013D2 (0x00000013) addi x0, x0, 0x0                        main+4082

clint mtime 0x0000000000000376 (mip.MTI <- 0b1, mip.STI <- 0b0)
mem[X,0x00000000800013D6] -> 0x0013
mem[X,0x00000000800013D8] -> 0x0000
[1772] [M]: 0x00000000800013D6 (0x00000013) addi x0, x0, 0x0                        main+4086

mem[X,0x00000000800013DA] -> 0x0013
mem[X,0x00000000800013DC] -> 0x0000
[1773] [M]: 0x00000000800013DA (0x00000013) addi x0, x0, 0x0                        main+4090

clint mtime 0x0000000000000377 (mip.MTI <- 0b1, mip.STI <- 0b0)
mem[X,0x00000000800013DE] -> 0x0001
[1774] [M]: 0x00000000800013DE (0x0001) c.nop                                       main+4094

mem[X,0x00000000800013E0] -> 0x51B7
mem[X,0x00000000800013E2] -> 0x0000
[1775] [M]: 0x00000000800013E0 (0x000051B7) lui x3, 0x5                             main+4096
x3 <- 0x0000000000005000

clint mtime 0x0000000000000378 (mip.MTI <- 0b1, mip.STI <- 0b0)
mem[X,0x00000000800013E4] -> 0x8193
mem[X,0x00000000800013E6] -> 0x6671
[1776] [M]: 0x00000000800013E4 (0x66718193) addi x3, x3, 0x667                      main+4100
x3 <- 0x0000000000005667

mem[X,0x00000000800013E8] -> 0x9193
mem[X,0x00000000800013EA] -> 0x0011
[1777] [M]: 0x00000000800013E8 (0x00119193) slli x3, x3, 0x1                        main+4104
x3 <- 0x000000000000ACCE

clint mtime 0x0000000000000379 (mip.MTI <- 0b1, mip.STI <- 0b0)
mem[X,0x00000000800013EC] -> 0x0013
mem[X,0x00000000800013EE] -> 0x0000
[1778] [M]: 0x00000000800013EC (0x00000013) addi x0, x0, 0x0                        main+4108

mem[X,0x00000000800013F0] -> 0x0013
mem[X,0x00000000800013F2] -> 0x0000
[1779] [M]: 0x00000000800013F0 (0x00000013) addi x0, x0, 0x0                        main+4112

clint mtime 0x000000000000037A (mip.MTI <- 0b1, mip.STI <- 0b0)
mem[X,0x00000000800013F4] -> 0x0013
mem[X,0x00000000800013F6] -> 0x0000
[1780] [M]: 0x00000000800013F4 (0x00000013) addi x0, x0, 0x0                        main+4116

mem[X,0x00000000800013F8] -> 0x0013
mem[X,0x00000000800013FA] -> 0x0000
[1781] [M]: 0x00000000800013F8 (0x00000013) addi x0, x0, 0x0                        main+4120

clint mtime 0x000000000000037B (mip.MTI <- 0b1, mip.STI <- 0b0)
mem[X,0x00000000800013FC] -> 0x0013
mem[X,0x00000000800013FE] -> 0x0000
[1782] [M]: 0x00000000800013FC (0x00000013) addi x0, x0, 0x0                        main+4124

mem[X,0x0000000080001400] -> 0x0217
mem[X,0x0000000080001402] -> 0x0000
[1783] [M]: 0x0000000080001400 (0x00000217) auipc x4, 0x0                           main+4128
x4 <- 0x0000000080001400

clint mtime 0x000000000000037C (mip.MTI <- 0b1, mip.STI <- 0b0)
mem[X,0x0000000080001404] -> 0x0213
mem[X,0x0000000080001406] -> 0x02C2
[1784] [M]: 0x0000000080001404 (0x02C20213) addi x4, x4, 0x2c                       main+4132
x4 <- 0x000000008000142C

mem[X,0x0000000080001408] -> 0x0001
[1785] [M]: 0x0000000080001408 (0x0001) c.nop                                       main+4136

clint mtime 0x000000000000037D (mip.MTI <- 0b1, mip.STI <- 0b0)
mem[X,0x000000008000140A] -> 0x0013
mem[X,0x000000008000140C] -> 0x0000
[1786] [M]: 0x000000008000140A (0x00000013) addi x0, x0, 0x0                        main+4138

mem[X,0x000000008000140E] -> 0x0013
mem[X,0x0000000080001410] -> 0x0000
[1787] [M]: 0x000000008000140E (0x00000013) addi x0, x0, 0x0                        main+4142

clint mtime 0x000000000000037E (mip.MTI <- 0b1, mip.STI <- 0b0)
mem[X,0x0000000080001412] -> 0x0013
mem[X,0x0000000080001414] -> 0x0000
[1788] [M]: 0x0000000080001412 (0x00000013) addi x0, x0, 0x0                        main+4146

mem[X,0x0000000080001416] -> 0x0013
mem[X,0x0000000080001418] -> 0x0000
[1789] [M]: 0x0000000080001416 (0x00000013) addi x0, x0, 0x0                        main+4150

clint mtime 0x000000000000037F (mip.MTI <- 0b1, mip.STI <- 0b0)
mem[X,0x000000008000141A] -> 0x0013
mem[X,0x000000008000141C] -> 0x0000
[1790] [M]: 0x000000008000141A (0x00000013) addi x0, x0, 0x0                        main+4154

mem[X,0x000000008000141E] -> 0x0001
[1791] [M]: 0x000000008000141E (0x0001) c.nop                                       main+4158

clint mtime 0x0000000000000380 (mip.MTI <- 0b1, mip.STI <- 0b0)
mem[X,0x0000000080001420] -> 0x00E7
mem[X,0x0000000080001422] -> 0x0007
[1792] [M]: 0x0000000080001420 (0x000700E7) jalr x1, 0x0(x14)                       main+4160
x1 <- 0x0000000080001424

mem[X,0x0000000080002000] -> 0x0013
mem[X,0x0000000080002002] -> 0x0000
[1793] [M]: 0x0000000080002000 (0x00000013) addi x0, x0, 0x0                        TEST_FOR_EXECUTION+0

clint mtime 0x0000000000000381 (mip.MTI <- 0b1, mip.STI <- 0b0)
mem[X,0x0000000080002004] -> 0x0013
mem[X,0x0000000080002006] -> 0x0000
[1794] [M]: 0x0000000080002004 (0x00000013) addi x0, x0, 0x0                        TEST_FOR_EXECUTION+4

mem[X,0x0000000080002008] -> 0x0013
mem[X,0x000000008000200A] -> 0x0000
[1795] [M]: 0x0000000080002008 (0x00000013) addi x0, x0, 0x0                        RETURN_INSTRUCTION+0

clint mtime 0x0000000000000382 (mip.MTI <- 0b1, mip.STI <- 0b0)
mem[X,0x000000008000200C] -> 0x0013
mem[X,0x000000008000200E] -> 0x0000
[1796] [M]: 0x000000008000200C (0x00000013) addi x0, x0, 0x0                        RETURN_INSTRUCTION+4

mem[X,0x0000000080002010] -> 0x8067
mem[X,0x0000000080002012] -> 0x0000
[1797] [M]: 0x0000000080002010 (0x00008067) jalr x0, 0x0(x1)                        RETURN_INSTRUCTION+8

clint mtime 0x0000000000000383 (mip.MTI <- 0b1, mip.STI <- 0b0)
mem[X,0x0000000080001424] -> 0x0013
mem[X,0x0000000080001426] -> 0x0000
[1798] [M]: 0x0000000080001424 (0x00000013) addi x0, x0, 0x0                        main+4164

mem[X,0x0000000080001428] -> 0x0013
mem[X,0x000000008000142A] -> 0x0000
[1799] [M]: 0x0000000080001428 (0x00000013) addi x0, x0, 0x0                        main+4168

clint mtime 0x0000000000000384 (mip.MTI <- 0b1, mip.STI <- 0b0)
mem[X,0x000000008000142C] -> 0x0013
mem[X,0x000000008000142E] -> 0x0000
[1800] [M]: 0x000000008000142C (0x00000013) addi x0, x0, 0x0                        main+4172

mem[X,0x0000000080001430] -> 0x0013
mem[X,0x0000000080001432] -> 0x0000
[1801] [M]: 0x0000000080001430 (0x00000013) addi x0, x0, 0x0                        main+4176

clint mtime 0x0000000000000385 (mip.MTI <- 0b1, mip.STI <- 0b0)
mem[X,0x0000000080001434] -> 0x0013
mem[X,0x0000000080001436] -> 0x0000
[1802] [M]: 0x0000000080001434 (0x00000013) addi x0, x0, 0x0                        main+4180

mem[X,0x0000000080001438] -> 0x0013
mem[X,0x000000008000143A] -> 0x0000
[1803] [M]: 0x0000000080001438 (0x00000013) addi x0, x0, 0x0                        main+4184

clint mtime 0x0000000000000386 (mip.MTI <- 0b1, mip.STI <- 0b0)
mem[X,0x000000008000143C] -> 0x0013
mem[X,0x000000008000143E] -> 0x0000
[1804] [M]: 0x000000008000143C (0x00000013) addi x0, x0, 0x0                        main+4188

mem[X,0x0000000080001440] -> 0x1797
mem[X,0x0000000080001442] -> 0x0000
[1805] [M]: 0x0000000080001440 (0x00001797) auipc x15, 0x1                          main+4192
x15 <- 0x0000000080002440

clint mtime 0x0000000000000387 (mip.MTI <- 0b1, mip.STI <- 0b0)
mem[X,0x0000000080001444] -> 0x8793
mem[X,0x0000000080001446] -> 0xBC07
[1806] [M]: 0x0000000080001444 (0xBC078793) addi x15, x15, -0x440                   main+4196
x15 <- 0x0000000080002000

mem[X,0x0000000080001448] -> 0x0001
[1807] [M]: 0x0000000080001448 (0x0001) c.nop                                       main+4200

clint mtime 0x0000000000000388 (mip.MTI <- 0b1, mip.STI <- 0b0)
mem[X,0x000000008000144A] -> 0x0013
mem[X,0x000000008000144C] -> 0x0000
[1808] [M]: 0x000000008000144A (0x00000013) addi x0, x0, 0x0                        main+4202

mem[X,0x000000008000144E] -> 0x0013
mem[X,0x0000000080001450] -> 0x0000
[1809] [M]: 0x000000008000144E (0x00000013) addi x0, x0, 0x0                        main+4206

clint mtime 0x0000000000000389 (mip.MTI <- 0b1, mip.STI <- 0b0)
mem[X,0x0000000080001452] -> 0x0013
mem[X,0x0000000080001454] -> 0x0000
[1810] [M]: 0x0000000080001452 (0x00000013) addi x0, x0, 0x0                        main+4210

mem[X,0x0000000080001456] -> 0x0013
mem[X,0x0000000080001458] -> 0x0000
[1811] [M]: 0x0000000080001456 (0x00000013) addi x0, x0, 0x0                        main+4214

clint mtime 0x000000000000038A (mip.MTI <- 0b1, mip.STI <- 0b0)
mem[X,0x000000008000145A] -> 0x0013
mem[X,0x000000008000145C] -> 0x0000
[1812] [M]: 0x000000008000145A (0x00000013) addi x0, x0, 0x0                        main+4218

mem[X,0x000000008000145E] -> 0x0001
[1813] [M]: 0x000000008000145E (0x0001) c.nop                                       main+4222

clint mtime 0x000000000000038B (mip.MTI <- 0b1, mip.STI <- 0b0)
mem[X,0x0000000080001460] -> 0x0737
mem[X,0x0000000080001462] -> 0x0000
[1814] [M]: 0x0000000080001460 (0x00000737) lui x14, 0x0                            main+4224
x14 <- 0x0000000000000000

mem[X,0x0000000080001464] -> 0x0713
mem[X,0x0000000080001466] -> 0x0137
[1815] [M]: 0x0000000080001464 (0x01370713) addi x14, x14, 0x13                     main+4228
x14 <- 0x0000000000000013

clint mtime 0x000000000000038C (mip.MTI <- 0b1, mip.STI <- 0b0)
mem[X,0x0000000080001468] -> 0x1713
mem[X,0x000000008000146A] -> 0x00B7
[1816] [M]: 0x0000000080001468 (0x00B71713) slli x14, x14, 0xb                      main+4232
x14 <- 0x0000000000009800

mem[X,0x000000008000146C] -> 0x0713
mem[X,0x000000008000146E] -> 0x0007
[1817] [M]: 0x000000008000146C (0x00070713) addi x14, x14, 0x0                      main+4236
x14 <- 0x0000000000009800

clint mtime 0x000000000000038D (mip.MTI <- 0b1, mip.STI <- 0b0)
mem[X,0x0000000080001470] -> 0x1713
mem[X,0x0000000080001472] -> 0x00B7
[1818] [M]: 0x0000000080001470 (0x00B71713) slli x14, x14, 0xb                      main+4240
x14 <- 0x0000000004C00000

mem[X,0x0000000080001474] -> 0x0713
mem[X,0x0000000080001476] -> 0x0007
[1819] [M]: 0x0000000080001474 (0x00070713) addi x14, x14, 0x0                      main+4244
x14 <- 0x0000000004C00000

clint mtime 0x000000000000038E (mip.MTI <- 0b1, mip.STI <- 0b0)
mem[X,0x0000000080001478] -> 0x1713
mem[X,0x000000008000147A] -> 0x00A7
[1820] [M]: 0x0000000080001478 (0x00A71713) slli x14, x14, 0xa                      main+4248
x14 <- 0x0000001300000000

mem[X,0x000000008000147C] -> 0x0713
mem[X,0x000000008000147E] -> 0x0137
[1821] [M]: 0x000000008000147C (0x01370713) addi x14, x14, 0x13                     main+4252
x14 <- 0x0000001300000013

clint mtime 0x000000000000038F (mip.MTI <- 0b1, mip.STI <- 0b0)
mem[X,0x0000000080001480] -> 0xA023
mem[X,0x0000000080001482] -> 0x00E7
[1822] [M]: 0x0000000080001480 (0x00E7A023) sw x14, 0x0(x15)                        main+4256
mem[W,0x0000000080002000] <- 0x00000013

mem[X,0x0000000080001484] -> 0x0013
mem[X,0x0000000080001486] -> 0x0000
[1823] [M]: 0x0000000080001484 (0x00000013) addi x0, x0, 0x0                        main+4260

clint mtime 0x0000000000000390 (mip.MTI <- 0b1, mip.STI <- 0b0)
mem[X,0x0000000080001488] -> 0x0013
mem[X,0x000000008000148A] -> 0x0000
[1824] [M]: 0x0000000080001488 (0x00000013) addi x0, x0, 0x0                        main+4264

mem[X,0x000000008000148C] -> 0xA703
mem[X,0x000000008000148E] -> 0x0007
[1825] [M]: 0x000000008000148C (0x0007A703) lw x14, 0x0(x15)                        main+4268
mem[R,0x0000000080002000] -> 0x00000013
x14 <- 0x0000000000000013

clint mtime 0x0000000000000391 (mip.MTI <- 0b1, mip.STI <- 0b0)
mem[X,0x0000000080001490] -> 0x0013
mem[X,0x0000000080001492] -> 0x0000
[1826] [M]: 0x0000000080001490 (0x00000013) addi x0, x0, 0x0                        main+4272

mem[X,0x0000000080001494] -> 0x0013
mem[X,0x0000000080001496] -> 0x0000
[1827] [M]: 0x0000000080001494 (0x00000013) addi x0, x0, 0x0                        main+4276

clint mtime 0x0000000000000392 (mip.MTI <- 0b1, mip.STI <- 0b0)
mem[X,0x0000000080001498] -> 0xB023
mem[X,0x000000008000149A] -> 0x06E6
[1828] [M]: 0x0000000080001498 (0x06E6B023) sd x14, 0x60(x13)                       main+4280
mem[W,0x0000000080006278] <- 0x0000000000000013

mem[X,0x000000008000149C] -> 0x0113
mem[X,0x000000008000149E] -> 0x0000
[1829] [M]: 0x000000008000149C (0x00000113) addi x2, x0, 0x0                        main+4284
x2 <- 0x0000000000000000

clint mtime 0x0000000000000393 (mip.MTI <- 0b1, mip.STI <- 0b0)
mem[X,0x00000000800014A0] -> 0x0073
mem[X,0x00000000800014A2] -> 0x0000
[1830] [M]: 0x00000000800014A0 (0x00000073) ecall                                   main+4288
trapping from M to M to handle m-call
handling exc#m-call at priv M with tval 0x0000000000000000
CSR mstatus (0x300) <- 0x0000000A00001800
CSR mcause (0x342) <- 0x000000000000000B
CSR mtval (0x343) <- 0x0000000000000000
CSR mepc (0x341) <- 0x00000000800014A0

mem[X,0x0000000080002100] -> 0x006F
mem[X,0x0000000080002102] -> 0x1000
[1831] [M]: 0x0000000080002100 (0x1000006F) jal x0, 0x100                           Mtrampoline+0

clint mtime 0x0000000000000394 (mip.MTI <- 0b1, mip.STI <- 0b0)
mem[X,0x0000000080002200] -> 0x1173
mem[X,0x0000000080002202] -> 0x3401
[1832] [M]: 0x0000000080002200 (0x34011173) csrrw x2, mscratch, x2                  trap_Mhandler+0
CSR mscratch (0x340) <- 0x0000000000000000
x2 <- 0x0000000080005000

mem[X,0x0000000080002204] -> 0x3423
mem[X,0x0000000080002206] -> 0x28B1
[1833] [M]: 0x0000000080002204 (0x28B13423) sd x11, 0x288(x2)                       trap_Mhandler+4
mem[W,0x0000000080005288] <- 0x0000000000000000

clint mtime 0x0000000000000395 (mip.MTI <- 0b1, mip.STI <- 0b0)
mem[X,0x0000000080002208] -> 0x05EF
mem[X,0x000000008000220A] -> 0x0B80
[1834] [M]: 0x0000000080002208 (0x0B8005EF) jal x11, 0xb8                           trap_Mhandler+8
x11 <- 0x000000008000220C

mem[X,0x00000000800022C0] -> 0x3023
mem[X,0x00000000800022C2] -> 0x28A1
[1835] [M]: 0x00000000800022C0 (0x28A13023) sd x10, 0x280(x2)                       common_Mhandler+0
mem[W,0x0000000080005280] <- 0x0000000000000001

clint mtime 0x0000000000000396 (mip.MTI <- 0b1, mip.STI <- 0b0)
mem[X,0x00000000800022C4] -> 0x1573
mem[X,0x00000000800022C6] -> 0x3401
[1836] [M]: 0x00000000800022C4 (0x34011573) csrrw x10, mscratch, x2                 common_Mhandler+4
CSR mscratch (0x340) <- 0x0000000080005000
x10 <- 0x0000000000000000

mem[X,0x00000000800022C8] -> 0x3823
mem[X,0x00000000800022CA] -> 0x28A1
[1837] [M]: 0x00000000800022C8 (0x28A13823) sd x10, 0x290(x2)                       common_Mhandler+8
mem[W,0x0000000080005290] <- 0x0000000000000000

clint mtime 0x0000000000000397 (mip.MTI <- 0b1, mip.STI <- 0b0)
mem[X,0x00000000800022CC] -> 0x3503
mem[X,0x00000000800022CE] -> 0x2301
[1838] [M]: 0x00000000800022CC (0x23013503) ld x10, 0x230(x2)                       common_Mhandler+12
mem[R,0x0000000080005230] -> 0x00000000800022D4
x10 <- 0x00000000800022D4

mem[X,0x00000000800022D0] -> 0x0067
mem[X,0x00000000800022D2] -> 0x0005
[1839] [M]: 0x00000000800022D0 (0x00050067) jalr x0, 0x0(x10)                       common_Mhandler+16

clint mtime 0x0000000000000398 (mip.MTI <- 0b1, mip.STI <- 0b0)
mem[X,0x00000000800022D4] -> 0x3C23
mem[X,0x00000000800022D6] -> 0x2691
[1840] [M]: 0x00000000800022D4 (0x26913C23) sd x9, 0x278(x2)                        common_Mentry+0
mem[W,0x0000000080005278] <- 0x00000000000000FE

mem[X,0x00000000800022D8] -> 0x3823
mem[X,0x00000000800022DA] -> 0x2681
[1841] [M]: 0x00000000800022D8 (0x26813823) sd x8, 0x270(x2)                        common_Mentry+4
mem[W,0x0000000080005270] <- 0x0000000000007F76

clint mtime 0x0000000000000399 (mip.MTI <- 0b1, mip.STI <- 0b0)
mem[X,0x00000000800022DC] -> 0x3423
mem[X,0x00000000800022DE] -> 0x2671
[1842] [M]: 0x00000000800022DC (0x26713423) sd x7, 0x268(x2)                        common_Mentry+8
mem[W,0x0000000080005268] <- 0x0000000080001360

mem[X,0x00000000800022E0] -> 0x3023
mem[X,0x00000000800022E2] -> 0x2661
[1843] [M]: 0x00000000800022E0 (0x26613023) sd x6, 0x260(x2)                        common_Mentry+12
mem[W,0x0000000080005260] <- 0x000000001FDDB7D5

clint mtime 0x000000000000039A (mip.MTI <- 0b1, mip.STI <- 0b0)
mem[X,0x00000000800022E4] -> 0x2573
mem[X,0x00000000800022E6] -> 0x3420
[1844] [M]: 0x00000000800022E4 (0x34202573) csrrs x10, mcause, x0                   spcl_M2mmode_test+0
CSR mcause (0x342) -> 0x000000000000000B
x10 <- 0x000000000000000B

mem[X,0x00000000800022E8] -> 0x04B7
mem[X,0x00000000800022EA] -> 0x8000
[1845] [M]: 0x00000000800022E8 (0x800004B7) lui x9, -0x80000                        spcl_M2mmode_test+4
x9 <- 0xFFFFFFFF80000000

clint mtime 0x000000000000039B (mip.MTI <- 0b1, mip.STI <- 0b0)
mem[X,0x00000000800022EC] -> 0x8493
mem[X,0x00000000800022EE] -> 0x0004
[1846] [M]: 0x00000000800022EC (0x00048493) addi x9, x9, 0x0                        spcl_M2mmode_test+8
x9 <- 0xFFFFFFFF80000000

mem[X,0x00000000800022F0] -> 0x9493
mem[X,0x00000000800022F2] -> 0x00B4
[1847] [M]: 0x00000000800022F0 (0x00B49493) slli x9, x9, 0xb                        spcl_M2mmode_test+12
x9 <- 0xFFFFFC0000000000

clint mtime 0x000000000000039C (mip.MTI <- 0b1, mip.STI <- 0b0)
mem[X,0x00000000800022F4] -> 0x8493
mem[X,0x00000000800022F6] -> 0x0004
[1848] [M]: 0x00000000800022F4 (0x00048493) addi x9, x9, 0x0                        spcl_M2mmode_test+16
x9 <- 0xFFFFFC0000000000

mem[X,0x00000000800022F8] -> 0x9493
mem[X,0x00000000800022FA] -> 0x00B4
[1849] [M]: 0x00000000800022F8 (0x00B49493) slli x9, x9, 0xb                        spcl_M2mmode_test+20
x9 <- 0xFFE0000000000000

clint mtime 0x000000000000039D (mip.MTI <- 0b1, mip.STI <- 0b0)
mem[X,0x00000000800022FC] -> 0x8493
mem[X,0x00000000800022FE] -> 0x0034
[1850] [M]: 0x00000000800022FC (0x00348493) addi x9, x9, 0x3                        spcl_M2mmode_test+24
x9 <- 0xFFE0000000000003

mem[X,0x0000000080002300] -> 0x9493
mem[X,0x0000000080002302] -> 0x00A4
[1851] [M]: 0x0000000080002300 (0x00A49493) slli x9, x9, 0xa                        spcl_M2mmode_test+28
x9 <- 0x8000000000000C00

clint mtime 0x000000000000039E (mip.MTI <- 0b1, mip.STI <- 0b0)
mem[X,0x0000000080002304] -> 0x8493
mem[X,0x0000000080002306] -> 0x3FC4
[1852] [M]: 0x0000000080002304 (0x3FC48493) addi x9, x9, 0x3fc                      spcl_M2mmode_test+32
x9 <- 0x8000000000000FFC

mem[X,0x0000000080002308] -> 0xF4B3
mem[X,0x000000008000230A] -> 0x00A4
[1853] [M]: 0x0000000080002308 (0x00A4F4B3) and x9, x9, x10                         spcl_M2mmode_test+36
x9 <- 0x0000000000000008

clint mtime 0x000000000000039F (mip.MTI <- 0b1, mip.STI <- 0b0)
mem[X,0x000000008000230C] -> 0x8493
mem[X,0x000000008000230E] -> 0xFF84
[1854] [M]: 0x000000008000230C (0xFF848493) addi x9, x9, -0x8                       spcl_M2mmode_test+40
x9 <- 0x0000000000000000

mem[X,0x0000000080002310] -> 0x9663
mem[X,0x0000000080002312] -> 0x0004
[1855] [M]: 0x0000000080002310 (0x00049663) bne x9, x0, 0xc                         spcl_M2mmode_test+44

clint mtime 0x00000000000003A0 (mip.MTI <- 0b1, mip.STI <- 0b0)
mem[X,0x0000000080002314] -> 0x3383
mem[X,0x0000000080002316] -> 0x2901
[1856] [M]: 0x0000000080002314 (0x29013383) ld x7, 0x290(x2)                        spcl_M2mmode_test+48
mem[R,0x0000000080005290] -> 0x0000000000000000
x7 <- 0x0000000000000000

mem[X,0x0000000080002318] -> 0x8263
mem[X,0x000000008000231A] -> 0x6E03
[1857] [M]: 0x0000000080002318 (0x6E038263) beq x7, x0, 0x6e4                       spcl_M2mmode_test+52

clint mtime 0x00000000000003A1 (mip.MTI <- 0b1, mip.STI <- 0b0)
mem[X,0x00000000800029FC] -> 0x0493
mem[X,0x00000000800029FE] -> 0xFF55
[1858] [M]: 0x00000000800029FC (0xFF550493) addi x9, x10, -0xb                      rtn2mmode+0
x9 <- 0x0000000000000000

mem[X,0x0000000080002A00] -> 0x8C63
mem[X,0x0000000080002A02] -> 0x0004
[1859] [M]: 0x0000000080002A00 (0x00048C63) beq x9, x0, 0x18                        rtn2mmode+4

clint mtime 0x00000000000003A2 (mip.MTI <- 0b1, mip.STI <- 0b0)
mem[X,0x0000000080002A18] -> 0x23F3
mem[X,0x0000000080002A1A] -> 0x3410
[1860] [M]: 0x0000000080002A18 (0x341023F3) csrrs x7, mepc, x0                      rtn_fm_mmode+0
CSR mepc (0x341) -> 0x00000000800014A0
x7 <- 0x00000000800014A0

mem[X,0x0000000080002A1C] -> 0x83B3
mem[X,0x0000000080002A1E] -> 0x0093
[1861] [M]: 0x0000000080002A1C (0x009383B3) add x7, x7, x9                          rtn_fm_mmode+4
x7 <- 0x00000000800014A0

clint mtime 0x00000000000003A3 (mip.MTI <- 0b1, mip.STI <- 0b0)
mem[X,0x0000000080002A20] -> 0x3303
mem[X,0x0000000080002A22] -> 0x2601
[1862] [M]: 0x0000000080002A20 (0x26013303) ld x6, 0x260(x2)                        rtn_fm_mmode+8
mem[R,0x0000000080005260] -> 0x000000001FDDB7D5
x6 <- 0x000000001FDDB7D5

mem[X,0x0000000080002A24] -> 0x3403
mem[X,0x0000000080002A26] -> 0x2701
[1863] [M]: 0x0000000080002A24 (0x27013403) ld x8, 0x270(x2)                        rtn_fm_mmode+12
mem[R,0x0000000080005270] -> 0x0000000000007F76
x8 <- 0x0000000000007F76

clint mtime 0x00000000000003A4 (mip.MTI <- 0b1, mip.STI <- 0b0)
mem[X,0x0000000080002A28] -> 0x3483
mem[X,0x0000000080002A2A] -> 0x2781
[1864] [M]: 0x0000000080002A28 (0x27813483) ld x9, 0x278(x2)                        rtn_fm_mmode+16
mem[R,0x0000000080005278] -> 0x00000000000000FE
x9 <- 0x00000000000000FE

mem[X,0x0000000080002A2C] -> 0x3503
mem[X,0x0000000080002A2E] -> 0x2801
[1865] [M]: 0x0000000080002A2C (0x28013503) ld x10, 0x280(x2)                       rtn_fm_mmode+20
mem[R,0x0000000080005280] -> 0x0000000000000001
x10 <- 0x0000000000000001

clint mtime 0x00000000000003A5 (mip.MTI <- 0b1, mip.STI <- 0b0)
mem[X,0x0000000080002A30] -> 0x3583
mem[X,0x0000000080002A32] -> 0x2881
[1866] [M]: 0x0000000080002A30 (0x28813583) ld x11, 0x288(x2)                       rtn_fm_mmode+24
mem[R,0x0000000080005288] -> 0x0000000000000000
x11 <- 0x0000000000000000

mem[X,0x0000000080002A34] -> 0x3103
mem[X,0x0000000080002A36] -> 0x2901
[1867] [M]: 0x0000000080002A34 (0x29013103) ld x2, 0x290(x2)                        rtn_fm_mmode+28
mem[R,0x0000000080005290] -> 0x0000000000000000
x2 <- 0x0000000000000000

clint mtime 0x00000000000003A6 (mip.MTI <- 0b1, mip.STI <- 0b0)
mem[X,0x0000000080002A38] -> 0x8067
mem[X,0x0000000080002A3A] -> 0x0043
[1868] [M]: 0x0000000080002A38 (0x00438067) jalr x0, 0x4(x7)                        rtn_fm_mmode+32

mem[X,0x00000000800014A4] -> 0x0013
mem[X,0x00000000800014A6] -> 0x0000
[1869] [M]: 0x00000000800014A4 (0x00000013) addi x0, x0, 0x0                        main+4292

clint mtime 0x00000000000003A7 (mip.MTI <- 0b1, mip.STI <- 0b0)
mem[X,0x00000000800014A8] -> 0x0013
mem[X,0x00000000800014AA] -> 0x0000
[1870] [M]: 0x00000000800014A8 (0x00000013) addi x0, x0, 0x0                        main+4296

mem[X,0x00000000800014AC] -> 0x0013
mem[X,0x00000000800014AE] -> 0x0000
[1871] [M]: 0x00000000800014AC (0x00000013) addi x0, x0, 0x0                        main+4300

clint mtime 0x00000000000003A8 (mip.MTI <- 0b1, mip.STI <- 0b0)
mem[X,0x00000000800014B0] -> 0x0013
mem[X,0x00000000800014B2] -> 0x0000
[1872] [M]: 0x00000000800014B0 (0x00000013) addi x0, x0, 0x0                        main+4304

mem[X,0x00000000800014B4] -> 0x0013
mem[X,0x00000000800014B6] -> 0x0000
[1873] [M]: 0x00000000800014B4 (0x00000013) addi x0, x0, 0x0                        main+4308

clint mtime 0x00000000000003A9 (mip.MTI <- 0b1, mip.STI <- 0b0)
mem[X,0x00000000800014B8] -> 0x0013
mem[X,0x00000000800014BA] -> 0x0000
[1874] [M]: 0x00000000800014B8 (0x00000013) addi x0, x0, 0x0                        main+4312

mem[X,0x00000000800014BC] -> 0x0013
mem[X,0x00000000800014BE] -> 0x0000
[1875] [M]: 0x00000000800014BC (0x00000013) addi x0, x0, 0x0                        main+4316

clint mtime 0x00000000000003AA (mip.MTI <- 0b1, mip.STI <- 0b0)
mem[X,0x00000000800014C0] -> 0x12B7
mem[X,0x00000000800014C2] -> 0x2000
[1876] [M]: 0x00000000800014C0 (0x200012B7) lui x5, 0x20001                         main+4320
x5 <- 0x0000000020001000

mem[X,0x00000000800014C4] -> 0x829B
mem[X,0x00000000800014C6] -> 0x8002
[1877] [M]: 0x00000000800014C4 (0x8002829B) addiw x5, x5, -0x800                    main+4324
x5 <- 0x0000000020000800

clint mtime 0x00000000000003AB (mip.MTI <- 0b1, mip.STI <- 0b0)
mem[X,0x00000000800014C8] -> 0x0001
[1878] [M]: 0x00000000800014C8 (0x0001) c.nop                                       main+4328

mem[X,0x00000000800014CA] -> 0x0013
mem[X,0x00000000800014CC] -> 0x0000
[1879] [M]: 0x00000000800014CA (0x00000013) addi x0, x0, 0x0                        main+4330

clint mtime 0x00000000000003AC (mip.MTI <- 0b1, mip.STI <- 0b0)
mem[X,0x00000000800014CE] -> 0x0013
mem[X,0x00000000800014D0] -> 0x0000
[1880] [M]: 0x00000000800014CE (0x00000013) addi x0, x0, 0x0                        main+4334

mem[X,0x00000000800014D2] -> 0x0013
mem[X,0x00000000800014D4] -> 0x0000
[1881] [M]: 0x00000000800014D2 (0x00000013) addi x0, x0, 0x0                        main+4338

clint mtime 0x00000000000003AD (mip.MTI <- 0b1, mip.STI <- 0b0)
mem[X,0x00000000800014D6] -> 0x0013
mem[X,0x00000000800014D8] -> 0x0000
[1882] [M]: 0x00000000800014D6 (0x00000013) addi x0, x0, 0x0                        main+4342

mem[X,0x00000000800014DA] -> 0x0013
mem[X,0x00000000800014DC] -> 0x0000
[1883] [M]: 0x00000000800014DA (0x00000013) addi x0, x0, 0x0                        main+4346

clint mtime 0x00000000000003AE (mip.MTI <- 0b1, mip.STI <- 0b0)
mem[X,0x00000000800014DE] -> 0x0001
[1884] [M]: 0x00000000800014DE (0x0001) c.nop                                       main+4350

mem[X,0x00000000800014E0] -> 0x9073
mem[X,0x00000000800014E2] -> 0x3B12
[1885] [M]: 0x00000000800014E0 (0x3B129073) csrrw x0, pmpaddr1, x5                  main+4352
CSR pmpaddr1 (0x3B1) <- 0x0000000020000800

clint mtime 0x00000000000003AF (mip.MTI <- 0b1, mip.STI <- 0b0)
mem[X,0x00000000800014E4] -> 0x0213
mem[X,0x00000000800014E6] -> 0x0010
[1886] [M]: 0x00000000800014E4 (0x00100213) addi x4, x0, 0x1                        main+4356
x4 <- 0x0000000000000001

mem[X,0x00000000800014E8] -> 0x1213
mem[X,0x00000000800014EA] -> 0x00F2
[1887] [M]: 0x00000000800014E8 (0x00F21213) slli x4, x4, 0xf                        main+4360
x4 <- 0x0000000000008000

clint mtime 0x00000000000003B0 (mip.MTI <- 0b1, mip.STI <- 0b0)
mem[X,0x00000000800014EC] -> 0x1073
mem[X,0x00000000800014EE] -> 0x3A02
[1888] [M]: 0x00000000800014EC (0x3A021073) csrrw x0, pmpcfg0, x4                   main+4364
CSR pmpcfg0 (0x3A0) <- 0x8080808080808000

mem[X,0x00000000800014F0] -> 0x0013
mem[X,0x00000000800014F2] -> 0x0000
[1889] [M]: 0x00000000800014F0 (0x00000013) addi x0, x0, 0x0                        main+4368

clint mtime 0x00000000000003B1 (mip.MTI <- 0b1, mip.STI <- 0b0)
mem[X,0x00000000800014F4] -> 0x0013
mem[X,0x00000000800014F6] -> 0x0000
[1890] [M]: 0x00000000800014F4 (0x00000013) addi x0, x0, 0x0                        main+4372

mem[X,0x00000000800014F8] -> 0x0013
mem[X,0x00000000800014FA] -> 0x0000
[1891] [M]: 0x00000000800014F8 (0x00000013) addi x0, x0, 0x0                        main+4376

clint mtime 0x00000000000003B2 (mip.MTI <- 0b1, mip.STI <- 0b0)
mem[X,0x00000000800014FC] -> 0x0013
mem[X,0x00000000800014FE] -> 0x0000
[1892] [M]: 0x00000000800014FC (0x00000013) addi x0, x0, 0x0                        main+4380

mem[X,0x0000000080001500] -> 0x1717
mem[X,0x0000000080001502] -> 0x0000
[1893] [M]: 0x0000000080001500 (0x00001717) auipc x14, 0x1                          main+4384
x14 <- 0x0000000080002500

clint mtime 0x00000000000003B3 (mip.MTI <- 0b1, mip.STI <- 0b0)
mem[X,0x0000000080001504] -> 0x0713
mem[X,0x0000000080001506] -> 0xB007
[1894] [M]: 0x0000000080001504 (0xB0070713) addi x14, x14, -0x500                   main+4388
x14 <- 0x0000000080002000

mem[X,0x0000000080001508] -> 0x0001
[1895] [M]: 0x0000000080001508 (0x0001) c.nop                                       main+4392

clint mtime 0x00000000000003B4 (mip.MTI <- 0b1, mip.STI <- 0b0)
mem[X,0x000000008000150A] -> 0x0013
mem[X,0x000000008000150C] -> 0x0000
[1896] [M]: 0x000000008000150A (0x00000013) addi x0, x0, 0x0                        main+4394

mem[X,0x000000008000150E] -> 0x0013
mem[X,0x0000000080001510] -> 0x0000
[1897] [M]: 0x000000008000150E (0x00000013) addi x0, x0, 0x0                        main+4398

clint mtime 0x00000000000003B5 (mip.MTI <- 0b1, mip.STI <- 0b0)
mem[X,0x0000000080001512] -> 0x0013
mem[X,0x0000000080001514] -> 0x0000
[1898] [M]: 0x0000000080001512 (0x00000013) addi x0, x0, 0x0                        main+4402

mem[X,0x0000000080001516] -> 0x0013
mem[X,0x0000000080001518] -> 0x0000
[1899] [M]: 0x0000000080001516 (0x00000013) addi x0, x0, 0x0                        main+4406

clint mtime 0x00000000000003B6 (mip.MTI <- 0b1, mip.STI <- 0b0)
mem[X,0x000000008000151A] -> 0x0013
mem[X,0x000000008000151C] -> 0x0000
[1900] [M]: 0x000000008000151A (0x00000013) addi x0, x0, 0x0                        main+4410

mem[X,0x000000008000151E] -> 0x0001
[1901] [M]: 0x000000008000151E (0x0001) c.nop                                       main+4414

clint mtime 0x00000000000003B7 (mip.MTI <- 0b1, mip.STI <- 0b0)
mem[X,0x0000000080001520] -> 0x51B7
mem[X,0x0000000080001522] -> 0x0000
[1902] [M]: 0x0000000080001520 (0x000051B7) lui x3, 0x5                             main+4416
x3 <- 0x0000000000005000

mem[X,0x0000000080001524] -> 0x8193
mem[X,0x0000000080001526] -> 0x6671
[1903] [M]: 0x0000000080001524 (0x66718193) addi x3, x3, 0x667                      main+4420
x3 <- 0x0000000000005667

clint mtime 0x00000000000003B8 (mip.MTI <- 0b1, mip.STI <- 0b0)
mem[X,0x0000000080001528] -> 0x9193
mem[X,0x000000008000152A] -> 0x0011
[1904] [M]: 0x0000000080001528 (0x00119193) slli x3, x3, 0x1                        main+4424
x3 <- 0x000000000000ACCE

mem[X,0x000000008000152C] -> 0x0013
mem[X,0x000000008000152E] -> 0x0000
[1905] [M]: 0x000000008000152C (0x00000013) addi x0, x0, 0x0                        main+4428

clint mtime 0x00000000000003B9 (mip.MTI <- 0b1, mip.STI <- 0b0)
mem[X,0x0000000080001530] -> 0x0013
mem[X,0x0000000080001532] -> 0x0000
[1906] [M]: 0x0000000080001530 (0x00000013) addi x0, x0, 0x0                        main+4432

mem[X,0x0000000080001534] -> 0x0013
mem[X,0x0000000080001536] -> 0x0000
[1907] [M]: 0x0000000080001534 (0x00000013) addi x0, x0, 0x0                        main+4436

clint mtime 0x00000000000003BA (mip.MTI <- 0b1, mip.STI <- 0b0)
mem[X,0x0000000080001538] -> 0x0013
mem[X,0x000000008000153A] -> 0x0000
[1908] [M]: 0x0000000080001538 (0x00000013) addi x0, x0, 0x0                        main+4440

mem[X,0x000000008000153C] -> 0x0013
mem[X,0x000000008000153E] -> 0x0000
[1909] [M]: 0x000000008000153C (0x00000013) addi x0, x0, 0x0                        main+4444

clint mtime 0x00000000000003BB (mip.MTI <- 0b1, mip.STI <- 0b0)
mem[X,0x0000000080001540] -> 0x0217
mem[X,0x0000000080001542] -> 0x0000
[1910] [M]: 0x0000000080001540 (0x00000217) auipc x4, 0x0                           main+4448
x4 <- 0x0000000080001540

mem[X,0x0000000080001544] -> 0x0213
mem[X,0x0000000080001546] -> 0x02C2
[1911] [M]: 0x0000000080001544 (0x02C20213) addi x4, x4, 0x2c                       main+4452
x4 <- 0x000000008000156C

clint mtime 0x00000000000003BC (mip.MTI <- 0b1, mip.STI <- 0b0)
mem[X,0x0000000080001548] -> 0x0001
[1912] [M]: 0x0000000080001548 (0x0001) c.nop                                       main+4456

mem[X,0x000000008000154A] -> 0x0013
mem[X,0x000000008000154C] -> 0x0000
[1913] [M]: 0x000000008000154A (0x00000013) addi x0, x0, 0x0                        main+4458

clint mtime 0x00000000000003BD (mip.MTI <- 0b1, mip.STI <- 0b0)
mem[X,0x000000008000154E] -> 0x0013
mem[X,0x0000000080001550] -> 0x0000
[1914] [M]: 0x000000008000154E (0x00000013) addi x0, x0, 0x0                        main+4462

mem[X,0x0000000080001552] -> 0x0013
mem[X,0x0000000080001554] -> 0x0000
[1915] [M]: 0x0000000080001552 (0x00000013) addi x0, x0, 0x0                        main+4466

clint mtime 0x00000000000003BE (mip.MTI <- 0b1, mip.STI <- 0b0)
mem[X,0x0000000080001556] -> 0x0013
mem[X,0x0000000080001558] -> 0x0000
[1916] [M]: 0x0000000080001556 (0x00000013) addi x0, x0, 0x0                        main+4470

mem[X,0x000000008000155A] -> 0x0013
mem[X,0x000000008000155C] -> 0x0000
[1917] [M]: 0x000000008000155A (0x00000013) addi x0, x0, 0x0                        main+4474

clint mtime 0x00000000000003BF (mip.MTI <- 0b1, mip.STI <- 0b0)
mem[X,0x000000008000155E] -> 0x0001
[1918] [M]: 0x000000008000155E (0x0001) c.nop                                       main+4478

mem[X,0x0000000080001560] -> 0x00E7
mem[X,0x0000000080001562] -> 0x0007
[1919] [M]: 0x0000000080001560 (0x000700E7) jalr x1, 0x0(x14)                       main+4480
x1 <- 0x0000000080001564

clint mtime 0x00000000000003C0 (mip.MTI <- 0b1, mip.STI <- 0b0)
mem[X,0x0000000080002000] -> 0x0013
mem[X,0x0000000080002002] -> 0x0000
[1920] [M]: 0x0000000080002000 (0x00000013) addi x0, x0, 0x0                        TEST_FOR_EXECUTION+0

mem[X,0x0000000080002004] -> 0x0013
mem[X,0x0000000080002006] -> 0x0000
[1921] [M]: 0x0000000080002004 (0x00000013) addi x0, x0, 0x0                        TEST_FOR_EXECUTION+4

clint mtime 0x00000000000003C1 (mip.MTI <- 0b1, mip.STI <- 0b0)
mem[X,0x0000000080002008] -> 0x0013
mem[X,0x000000008000200A] -> 0x0000
[1922] [M]: 0x0000000080002008 (0x00000013) addi x0, x0, 0x0                        RETURN_INSTRUCTION+0

mem[X,0x000000008000200C] -> 0x0013
mem[X,0x000000008000200E] -> 0x0000
[1923] [M]: 0x000000008000200C (0x00000013) addi x0, x0, 0x0                        RETURN_INSTRUCTION+4

clint mtime 0x00000000000003C2 (mip.MTI <- 0b1, mip.STI <- 0b0)
mem[X,0x0000000080002010] -> 0x8067
mem[X,0x0000000080002012] -> 0x0000
[1924] [M]: 0x0000000080002010 (0x00008067) jalr x0, 0x0(x1)                        RETURN_INSTRUCTION+8

mem[X,0x0000000080001564] -> 0x0013
mem[X,0x0000000080001566] -> 0x0000
[1925] [M]: 0x0000000080001564 (0x00000013) addi x0, x0, 0x0                        main+4484

clint mtime 0x00000000000003C3 (mip.MTI <- 0b1, mip.STI <- 0b0)
mem[X,0x0000000080001568] -> 0x0013
mem[X,0x000000008000156A] -> 0x0000
[1926] [M]: 0x0000000080001568 (0x00000013) addi x0, x0, 0x0                        main+4488

mem[X,0x000000008000156C] -> 0x0013
mem[X,0x000000008000156E] -> 0x0000
[1927] [M]: 0x000000008000156C (0x00000013) addi x0, x0, 0x0                        main+4492

clint mtime 0x00000000000003C4 (mip.MTI <- 0b1, mip.STI <- 0b0)
mem[X,0x0000000080001570] -> 0x0013
mem[X,0x0000000080001572] -> 0x0000
[1928] [M]: 0x0000000080001570 (0x00000013) addi x0, x0, 0x0                        main+4496

mem[X,0x0000000080001574] -> 0x0013
mem[X,0x0000000080001576] -> 0x0000
[1929] [M]: 0x0000000080001574 (0x00000013) addi x0, x0, 0x0                        main+4500

clint mtime 0x00000000000003C5 (mip.MTI <- 0b1, mip.STI <- 0b0)
mem[X,0x0000000080001578] -> 0x0013
mem[X,0x000000008000157A] -> 0x0000
[1930] [M]: 0x0000000080001578 (0x00000013) addi x0, x0, 0x0                        main+4504

mem[X,0x000000008000157C] -> 0x0013
mem[X,0x000000008000157E] -> 0x0000
[1931] [M]: 0x000000008000157C (0x00000013) addi x0, x0, 0x0                        main+4508

clint mtime 0x00000000000003C6 (mip.MTI <- 0b1, mip.STI <- 0b0)
mem[X,0x0000000080001580] -> 0x1797
mem[X,0x0000000080001582] -> 0x0000
[1932] [M]: 0x0000000080001580 (0x00001797) auipc x15, 0x1                          main+4512
x15 <- 0x0000000080002580

mem[X,0x0000000080001584] -> 0x8793
mem[X,0x0000000080001586] -> 0xA807
[1933] [M]: 0x0000000080001584 (0xA8078793) addi x15, x15, -0x580                   main+4516
x15 <- 0x0000000080002000

clint mtime 0x00000000000003C7 (mip.MTI <- 0b1, mip.STI <- 0b0)
mem[X,0x0000000080001588] -> 0x0001
[1934] [M]: 0x0000000080001588 (0x0001) c.nop                                       main+4520

mem[X,0x000000008000158A] -> 0x0013
mem[X,0x000000008000158C] -> 0x0000
[1935] [M]: 0x000000008000158A (0x00000013) addi x0, x0, 0x0                        main+4522

clint mtime 0x00000000000003C8 (mip.MTI <- 0b1, mip.STI <- 0b0)
mem[X,0x000000008000158E] -> 0x0013
mem[X,0x0000000080001590] -> 0x0000
[1936] [M]: 0x000000008000158E (0x00000013) addi x0, x0, 0x0                        main+4526

mem[X,0x0000000080001592] -> 0x0013
mem[X,0x0000000080001594] -> 0x0000
[1937] [M]: 0x0000000080001592 (0x00000013) addi x0, x0, 0x0                        main+4530

clint mtime 0x00000000000003C9 (mip.MTI <- 0b1, mip.STI <- 0b0)
mem[X,0x0000000080001596] -> 0x0013
mem[X,0x0000000080001598] -> 0x0000
[1938] [M]: 0x0000000080001596 (0x00000013) addi x0, x0, 0x0                        main+4534

mem[X,0x000000008000159A] -> 0x0013
mem[X,0x000000008000159C] -> 0x0000
[1939] [M]: 0x000000008000159A (0x00000013) addi x0, x0, 0x0                        main+4538

clint mtime 0x00000000000003CA (mip.MTI <- 0b1, mip.STI <- 0b0)
mem[X,0x000000008000159E] -> 0x0001
[1940] [M]: 0x000000008000159E (0x0001) c.nop                                       main+4542

mem[X,0x00000000800015A0] -> 0x0737
mem[X,0x00000000800015A2] -> 0x0000
[1941] [M]: 0x00000000800015A0 (0x00000737) lui x14, 0x0                            main+4544
x14 <- 0x0000000000000000

clint mtime 0x00000000000003CB (mip.MTI <- 0b1, mip.STI <- 0b0)
mem[X,0x00000000800015A4] -> 0x0713
mem[X,0x00000000800015A6] -> 0x0137
[1942] [M]: 0x00000000800015A4 (0x01370713) addi x14, x14, 0x13                     main+4548
x14 <- 0x0000000000000013

mem[X,0x00000000800015A8] -> 0x1713
mem[X,0x00000000800015AA] -> 0x00B7
[1943] [M]: 0x00000000800015A8 (0x00B71713) slli x14, x14, 0xb                      main+4552
x14 <- 0x0000000000009800

clint mtime 0x00000000000003CC (mip.MTI <- 0b1, mip.STI <- 0b0)
mem[X,0x00000000800015AC] -> 0x0713
mem[X,0x00000000800015AE] -> 0x0007
[1944] [M]: 0x00000000800015AC (0x00070713) addi x14, x14, 0x0                      main+4556
x14 <- 0x0000000000009800

mem[X,0x00000000800015B0] -> 0x1713
mem[X,0x00000000800015B2] -> 0x00B7
[1945] [M]: 0x00000000800015B0 (0x00B71713) slli x14, x14, 0xb                      main+4560
x14 <- 0x0000000004C00000

clint mtime 0x00000000000003CD (mip.MTI <- 0b1, mip.STI <- 0b0)
mem[X,0x00000000800015B4] -> 0x0713
mem[X,0x00000000800015B6] -> 0x0007
[1946] [M]: 0x00000000800015B4 (0x00070713) addi x14, x14, 0x0                      main+4564
x14 <- 0x0000000004C00000

mem[X,0x00000000800015B8] -> 0x1713
mem[X,0x00000000800015BA] -> 0x00A7
[1947] [M]: 0x00000000800015B8 (0x00A71713) slli x14, x14, 0xa                      main+4568
x14 <- 0x0000001300000000

clint mtime 0x00000000000003CE (mip.MTI <- 0b1, mip.STI <- 0b0)
mem[X,0x00000000800015BC] -> 0x0713
mem[X,0x00000000800015BE] -> 0x0137
[1948] [M]: 0x00000000800015BC (0x01370713) addi x14, x14, 0x13                     main+4572
x14 <- 0x0000001300000013

mem[X,0x00000000800015C0] -> 0xA023
mem[X,0x00000000800015C2] -> 0x00E7
[1949] [M]: 0x00000000800015C0 (0x00E7A023) sw x14, 0x0(x15)                        main+4576
mem[W,0x0000000080002000] <- 0x00000013

clint mtime 0x00000000000003CF (mip.MTI <- 0b1, mip.STI <- 0b0)
mem[X,0x00000000800015C4] -> 0x0013
mem[X,0x00000000800015C6] -> 0x0000
[1950] [M]: 0x00000000800015C4 (0x00000013) addi x0, x0, 0x0                        main+4580

mem[X,0x00000000800015C8] -> 0x0013
mem[X,0x00000000800015CA] -> 0x0000
[1951] [M]: 0x00000000800015C8 (0x00000013) addi x0, x0, 0x0                        main+4584

clint mtime 0x00000000000003D0 (mip.MTI <- 0b1, mip.STI <- 0b0)
mem[X,0x00000000800015CC] -> 0xA703
mem[X,0x00000000800015CE] -> 0x0007
[1952] [M]: 0x00000000800015CC (0x0007A703) lw x14, 0x0(x15)                        main+4588
mem[R,0x0000000080002000] -> 0x00000013
x14 <- 0x0000000000000013

mem[X,0x00000000800015D0] -> 0x0013
mem[X,0x00000000800015D2] -> 0x0000
[1953] [M]: 0x00000000800015D0 (0x00000013) addi x0, x0, 0x0                        main+4592

clint mtime 0x00000000000003D1 (mip.MTI <- 0b1, mip.STI <- 0b0)
mem[X,0x00000000800015D4] -> 0x0013
mem[X,0x00000000800015D6] -> 0x0000
[1954] [M]: 0x00000000800015D4 (0x00000013) addi x0, x0, 0x0                        main+4596

mem[X,0x00000000800015D8] -> 0xB423
mem[X,0x00000000800015DA] -> 0x06E6
[1955] [M]: 0x00000000800015D8 (0x06E6B423) sd x14, 0x68(x13)                       main+4600
mem[W,0x0000000080006280] <- 0x0000000000000013

clint mtime 0x00000000000003D2 (mip.MTI <- 0b1, mip.STI <- 0b0)
mem[X,0x00000000800015DC] -> 0x0113
mem[X,0x00000000800015DE] -> 0x0000
[1956] [M]: 0x00000000800015DC (0x00000113) addi x2, x0, 0x0                        main+4604
x2 <- 0x0000000000000000

mem[X,0x00000000800015E0] -> 0x0073
mem[X,0x00000000800015E2] -> 0x0000
[1957] [M]: 0x00000000800015E0 (0x00000073) ecall                                   main+4608
trapping from M to M to handle m-call
handling exc#m-call at priv M with tval 0x0000000000000000
CSR mstatus (0x300) <- 0x0000000A00001800
CSR mcause (0x342) <- 0x000000000000000B
CSR mtval (0x343) <- 0x0000000000000000
CSR mepc (0x341) <- 0x00000000800015E0

clint mtime 0x00000000000003D3 (mip.MTI <- 0b1, mip.STI <- 0b0)
mem[X,0x0000000080002100] -> 0x006F
mem[X,0x0000000080002102] -> 0x1000
[1958] [M]: 0x0000000080002100 (0x1000006F) jal x0, 0x100                           Mtrampoline+0

mem[X,0x0000000080002200] -> 0x1173
mem[X,0x0000000080002202] -> 0x3401
[1959] [M]: 0x0000000080002200 (0x34011173) csrrw x2, mscratch, x2                  trap_Mhandler+0
CSR mscratch (0x340) <- 0x0000000000000000
x2 <- 0x0000000080005000

clint mtime 0x00000000000003D4 (mip.MTI <- 0b1, mip.STI <- 0b0)
mem[X,0x0000000080002204] -> 0x3423
mem[X,0x0000000080002206] -> 0x28B1
[1960] [M]: 0x0000000080002204 (0x28B13423) sd x11, 0x288(x2)                       trap_Mhandler+4
mem[W,0x0000000080005288] <- 0x0000000000000000

mem[X,0x0000000080002208] -> 0x05EF
mem[X,0x000000008000220A] -> 0x0B80
[1961] [M]: 0x0000000080002208 (0x0B8005EF) jal x11, 0xb8                           trap_Mhandler+8
x11 <- 0x000000008000220C

clint mtime 0x00000000000003D5 (mip.MTI <- 0b1, mip.STI <- 0b0)
mem[X,0x00000000800022C0] -> 0x3023
mem[X,0x00000000800022C2] -> 0x28A1
[1962] [M]: 0x00000000800022C0 (0x28A13023) sd x10, 0x280(x2)                       common_Mhandler+0
mem[W,0x0000000080005280] <- 0x0000000000000001

mem[X,0x00000000800022C4] -> 0x1573
mem[X,0x00000000800022C6] -> 0x3401
[1963] [M]: 0x00000000800022C4 (0x34011573) csrrw x10, mscratch, x2                 common_Mhandler+4
CSR mscratch (0x340) <- 0x0000000080005000
x10 <- 0x0000000000000000

clint mtime 0x00000000000003D6 (mip.MTI <- 0b1, mip.STI <- 0b0)
mem[X,0x00000000800022C8] -> 0x3823
mem[X,0x00000000800022CA] -> 0x28A1
[1964] [M]: 0x00000000800022C8 (0x28A13823) sd x10, 0x290(x2)                       common_Mhandler+8
mem[W,0x0000000080005290] <- 0x0000000000000000

mem[X,0x00000000800022CC] -> 0x3503
mem[X,0x00000000800022CE] -> 0x2301
[1965] [M]: 0x00000000800022CC (0x23013503) ld x10, 0x230(x2)                       common_Mhandler+12
mem[R,0x0000000080005230] -> 0x00000000800022D4
x10 <- 0x00000000800022D4

clint mtime 0x00000000000003D7 (mip.MTI <- 0b1, mip.STI <- 0b0)
mem[X,0x00000000800022D0] -> 0x0067
mem[X,0x00000000800022D2] -> 0x0005
[1966] [M]: 0x00000000800022D0 (0x00050067) jalr x0, 0x0(x10)                       common_Mhandler+16

mem[X,0x00000000800022D4] -> 0x3C23
mem[X,0x00000000800022D6] -> 0x2691
[1967] [M]: 0x00000000800022D4 (0x26913C23) sd x9, 0x278(x2)                        common_Mentry+0
mem[W,0x0000000080005278] <- 0x00000000000000FE

clint mtime 0x00000000000003D8 (mip.MTI <- 0b1, mip.STI <- 0b0)
mem[X,0x00000000800022D8] -> 0x3823
mem[X,0x00000000800022DA] -> 0x2681
[1968] [M]: 0x00000000800022D8 (0x26813823) sd x8, 0x270(x2)                        common_Mentry+4
mem[W,0x0000000080005270] <- 0x0000000000007F76

mem[X,0x00000000800022DC] -> 0x3423
mem[X,0x00000000800022DE] -> 0x2671
[1969] [M]: 0x00000000800022DC (0x26713423) sd x7, 0x268(x2)                        common_Mentry+8
mem[W,0x0000000080005268] <- 0x00000000800014A0

clint mtime 0x00000000000003D9 (mip.MTI <- 0b1, mip.STI <- 0b0)
mem[X,0x00000000800022E0] -> 0x3023
mem[X,0x00000000800022E2] -> 0x2661
[1970] [M]: 0x00000000800022E0 (0x26613023) sd x6, 0x260(x2)                        common_Mentry+12
mem[W,0x0000000080005260] <- 0x000000001FDDB7D5

mem[X,0x00000000800022E4] -> 0x2573
mem[X,0x00000000800022E6] -> 0x3420
[1971] [M]: 0x00000000800022E4 (0x34202573) csrrs x10, mcause, x0                   spcl_M2mmode_test+0
CSR mcause (0x342) -> 0x000000000000000B
x10 <- 0x000000000000000B

clint mtime 0x00000000000003DA (mip.MTI <- 0b1, mip.STI <- 0b0)
mem[X,0x00000000800022E8] -> 0x04B7
mem[X,0x00000000800022EA] -> 0x8000
[1972] [M]: 0x00000000800022E8 (0x800004B7) lui x9, -0x80000                        spcl_M2mmode_test+4
x9 <- 0xFFFFFFFF80000000

mem[X,0x00000000800022EC] -> 0x8493
mem[X,0x00000000800022EE] -> 0x0004
[1973] [M]: 0x00000000800022EC (0x00048493) addi x9, x9, 0x0                        spcl_M2mmode_test+8
x9 <- 0xFFFFFFFF80000000

clint mtime 0x00000000000003DB (mip.MTI <- 0b1, mip.STI <- 0b0)
mem[X,0x00000000800022F0] -> 0x9493
mem[X,0x00000000800022F2] -> 0x00B4
[1974] [M]: 0x00000000800022F0 (0x00B49493) slli x9, x9, 0xb                        spcl_M2mmode_test+12
x9 <- 0xFFFFFC0000000000

mem[X,0x00000000800022F4] -> 0x8493
mem[X,0x00000000800022F6] -> 0x0004
[1975] [M]: 0x00000000800022F4 (0x00048493) addi x9, x9, 0x0                        spcl_M2mmode_test+16
x9 <- 0xFFFFFC0000000000

clint mtime 0x00000000000003DC (mip.MTI <- 0b1, mip.STI <- 0b0)
mem[X,0x00000000800022F8] -> 0x9493
mem[X,0x00000000800022FA] -> 0x00B4
[1976] [M]: 0x00000000800022F8 (0x00B49493) slli x9, x9, 0xb                        spcl_M2mmode_test+20
x9 <- 0xFFE0000000000000

mem[X,0x00000000800022FC] -> 0x8493
mem[X,0x00000000800022FE] -> 0x0034
[1977] [M]: 0x00000000800022FC (0x00348493) addi x9, x9, 0x3                        spcl_M2mmode_test+24
x9 <- 0xFFE0000000000003

clint mtime 0x00000000000003DD (mip.MTI <- 0b1, mip.STI <- 0b0)
mem[X,0x0000000080002300] -> 0x9493
mem[X,0x0000000080002302] -> 0x00A4
[1978] [M]: 0x0000000080002300 (0x00A49493) slli x9, x9, 0xa                        spcl_M2mmode_test+28
x9 <- 0x8000000000000C00

mem[X,0x0000000080002304] -> 0x8493
mem[X,0x0000000080002306] -> 0x3FC4
[1979] [M]: 0x0000000080002304 (0x3FC48493) addi x9, x9, 0x3fc                      spcl_M2mmode_test+32
x9 <- 0x8000000000000FFC

clint mtime 0x00000000000003DE (mip.MTI <- 0b1, mip.STI <- 0b0)
mem[X,0x0000000080002308] -> 0xF4B3
mem[X,0x000000008000230A] -> 0x00A4
[1980] [M]: 0x0000000080002308 (0x00A4F4B3) and x9, x9, x10                         spcl_M2mmode_test+36
x9 <- 0x0000000000000008

mem[X,0x000000008000230C] -> 0x8493
mem[X,0x000000008000230E] -> 0xFF84
[1981] [M]: 0x000000008000230C (0xFF848493) addi x9, x9, -0x8                       spcl_M2mmode_test+40
x9 <- 0x0000000000000000

clint mtime 0x00000000000003DF (mip.MTI <- 0b1, mip.STI <- 0b0)
mem[X,0x0000000080002310] -> 0x9663
mem[X,0x0000000080002312] -> 0x0004
[1982] [M]: 0x0000000080002310 (0x00049663) bne x9, x0, 0xc                         spcl_M2mmode_test+44

mem[X,0x0000000080002314] -> 0x3383
mem[X,0x0000000080002316] -> 0x2901
[1983] [M]: 0x0000000080002314 (0x29013383) ld x7, 0x290(x2)                        spcl_M2mmode_test+48
mem[R,0x0000000080005290] -> 0x0000000000000000
x7 <- 0x0000000000000000

clint mtime 0x00000000000003E0 (mip.MTI <- 0b1, mip.STI <- 0b0)
mem[X,0x0000000080002318] -> 0x8263
mem[X,0x000000008000231A] -> 0x6E03
[1984] [M]: 0x0000000080002318 (0x6E038263) beq x7, x0, 0x6e4                       spcl_M2mmode_test+52

mem[X,0x00000000800029FC] -> 0x0493
mem[X,0x00000000800029FE] -> 0xFF55
[1985] [M]: 0x00000000800029FC (0xFF550493) addi x9, x10, -0xb                      rtn2mmode+0
x9 <- 0x0000000000000000

clint mtime 0x00000000000003E1 (mip.MTI <- 0b1, mip.STI <- 0b0)
mem[X,0x0000000080002A00] -> 0x8C63
mem[X,0x0000000080002A02] -> 0x0004
[1986] [M]: 0x0000000080002A00 (0x00048C63) beq x9, x0, 0x18                        rtn2mmode+4

mem[X,0x0000000080002A18] -> 0x23F3
mem[X,0x0000000080002A1A] -> 0x3410
[1987] [M]: 0x0000000080002A18 (0x341023F3) csrrs x7, mepc, x0                      rtn_fm_mmode+0
CSR mepc (0x341) -> 0x00000000800015E0
x7 <- 0x00000000800015E0

clint mtime 0x00000000000003E2 (mip.MTI <- 0b1, mip.STI <- 0b0)
mem[X,0x0000000080002A1C] -> 0x83B3
mem[X,0x0000000080002A1E] -> 0x0093
[1988] [M]: 0x0000000080002A1C (0x009383B3) add x7, x7, x9                          rtn_fm_mmode+4
x7 <- 0x00000000800015E0

mem[X,0x0000000080002A20] -> 0x3303
mem[X,0x0000000080002A22] -> 0x2601
[1989] [M]: 0x0000000080002A20 (0x26013303) ld x6, 0x260(x2)                        rtn_fm_mmode+8
mem[R,0x0000000080005260] -> 0x000000001FDDB7D5
x6 <- 0x000000001FDDB7D5

clint mtime 0x00000000000003E3 (mip.MTI <- 0b1, mip.STI <- 0b0)
mem[X,0x0000000080002A24] -> 0x3403
mem[X,0x0000000080002A26] -> 0x2701
[1990] [M]: 0x0000000080002A24 (0x27013403) ld x8, 0x270(x2)                        rtn_fm_mmode+12
mem[R,0x0000000080005270] -> 0x0000000000007F76
x8 <- 0x0000000000007F76

mem[X,0x0000000080002A28] -> 0x3483
mem[X,0x0000000080002A2A] -> 0x2781
[1991] [M]: 0x0000000080002A28 (0x27813483) ld x9, 0x278(x2)                        rtn_fm_mmode+16
mem[R,0x0000000080005278] -> 0x00000000000000FE
x9 <- 0x00000000000000FE

clint mtime 0x00000000000003E4 (mip.MTI <- 0b1, mip.STI <- 0b0)
mem[X,0x0000000080002A2C] -> 0x3503
mem[X,0x0000000080002A2E] -> 0x2801
[1992] [M]: 0x0000000080002A2C (0x28013503) ld x10, 0x280(x2)                       rtn_fm_mmode+20
mem[R,0x0000000080005280] -> 0x0000000000000001
x10 <- 0x0000000000000001

mem[X,0x0000000080002A30] -> 0x3583
mem[X,0x0000000080002A32] -> 0x2881
[1993] [M]: 0x0000000080002A30 (0x28813583) ld x11, 0x288(x2)                       rtn_fm_mmode+24
mem[R,0x0000000080005288] -> 0x0000000000000000
x11 <- 0x0000000000000000

clint mtime 0x00000000000003E5 (mip.MTI <- 0b1, mip.STI <- 0b0)
mem[X,0x0000000080002A34] -> 0x3103
mem[X,0x0000000080002A36] -> 0x2901
[1994] [M]: 0x0000000080002A34 (0x29013103) ld x2, 0x290(x2)                        rtn_fm_mmode+28
mem[R,0x0000000080005290] -> 0x0000000000000000
x2 <- 0x0000000000000000

mem[X,0x0000000080002A38] -> 0x8067
mem[X,0x0000000080002A3A] -> 0x0043
[1995] [M]: 0x0000000080002A38 (0x00438067) jalr x0, 0x4(x7)                        rtn_fm_mmode+32

clint mtime 0x00000000000003E6 (mip.MTI <- 0b1, mip.STI <- 0b0)
mem[X,0x00000000800015E4] -> 0x0013
mem[X,0x00000000800015E6] -> 0x0000
[1996] [M]: 0x00000000800015E4 (0x00000013) addi x0, x0, 0x0                        main+4612

mem[X,0x00000000800015E8] -> 0x0013
mem[X,0x00000000800015EA] -> 0x0000
[1997] [M]: 0x00000000800015E8 (0x00000013) addi x0, x0, 0x0                        main+4616

clint mtime 0x00000000000003E7 (mip.MTI <- 0b1, mip.STI <- 0b0)
mem[X,0x00000000800015EC] -> 0x0013
mem[X,0x00000000800015EE] -> 0x0000
[1998] [M]: 0x00000000800015EC (0x00000013) addi x0, x0, 0x0                        main+4620

mem[X,0x00000000800015F0] -> 0x0013
mem[X,0x00000000800015F2] -> 0x0000
[1999] [M]: 0x00000000800015F0 (0x00000013) addi x0, x0, 0x0                        main+4624

clint mtime 0x00000000000003E8 (mip.MTI <- 0b1, mip.STI <- 0b0)
mem[X,0x00000000800015F4] -> 0x0013
mem[X,0x00000000800015F6] -> 0x0000
[2000] [M]: 0x00000000800015F4 (0x00000013) addi x0, x0, 0x0                        main+4628

mem[X,0x00000000800015F8] -> 0x0013
mem[X,0x00000000800015FA] -> 0x0000
[2001] [M]: 0x00000000800015F8 (0x00000013) addi x0, x0, 0x0                        main+4632

clint mtime 0x00000000000003E9 (mip.MTI <- 0b1, mip.STI <- 0b0)
mem[X,0x00000000800015FC] -> 0x0013
mem[X,0x00000000800015FE] -> 0x0000
[2002] [M]: 0x00000000800015FC (0x00000013) addi x0, x0, 0x0                        main+4636

mem[X,0x0000000080001600] -> 0x12B7
mem[X,0x0000000080001602] -> 0x2000
[2003] [M]: 0x0000000080001600 (0x200012B7) lui x5, 0x20001                         main+4640
x5 <- 0x0000000020001000

clint mtime 0x00000000000003EA (mip.MTI <- 0b1, mip.STI <- 0b0)
mem[X,0x0000000080001604] -> 0x829B
mem[X,0x0000000080001606] -> 0x8002
[2004] [M]: 0x0000000080001604 (0x8002829B) addiw x5, x5, -0x800                    main+4644
x5 <- 0x0000000020000800

mem[X,0x0000000080001608] -> 0x0001
[2005] [M]: 0x0000000080001608 (0x0001) c.nop                                       main+4648

clint mtime 0x00000000000003EB (mip.MTI <- 0b1, mip.STI <- 0b0)
mem[X,0x000000008000160A] -> 0x0013
mem[X,0x000000008000160C] -> 0x0000
[2006] [M]: 0x000000008000160A (0x00000013) addi x0, x0, 0x0                        main+4650

mem[X,0x000000008000160E] -> 0x0013
mem[X,0x0000000080001610] -> 0x0000
[2007] [M]: 0x000000008000160E (0x00000013) addi x0, x0, 0x0                        main+4654

clint mtime 0x00000000000003EC (mip.MTI <- 0b1, mip.STI <- 0b0)
mem[X,0x0000000080001612] -> 0x0013
mem[X,0x0000000080001614] -> 0x0000
[2008] [M]: 0x0000000080001612 (0x00000013) addi x0, x0, 0x0                        main+4658

mem[X,0x0000000080001616] -> 0x0013
mem[X,0x0000000080001618] -> 0x0000
[2009] [M]: 0x0000000080001616 (0x00000013) addi x0, x0, 0x0                        main+4662

clint mtime 0x00000000000003ED (mip.MTI <- 0b1, mip.STI <- 0b0)
mem[X,0x000000008000161A] -> 0x0013
mem[X,0x000000008000161C] -> 0x0000
[2010] [M]: 0x000000008000161A (0x00000013) addi x0, x0, 0x0                        main+4666

mem[X,0x000000008000161E] -> 0x0001
[2011] [M]: 0x000000008000161E (0x0001) c.nop                                       main+4670

clint mtime 0x00000000000003EE (mip.MTI <- 0b1, mip.STI <- 0b0)
mem[X,0x0000000080001620] -> 0x9073
mem[X,0x0000000080001622] -> 0x3B02
[2012] [M]: 0x0000000080001620 (0x3B029073) csrrw x0, pmpaddr0, x5                  main+4672
CSR pmpaddr0 (0x3B0) <- 0x0000000020000800

mem[X,0x0000000080001624] -> 0x0213
mem[X,0x0000000080001626] -> 0x0800
[2013] [M]: 0x0000000080001624 (0x08000213) addi x4, x0, 0x80                       main+4676
x4 <- 0x0000000000000080

clint mtime 0x00000000000003EF (mip.MTI <- 0b1, mip.STI <- 0b0)
mem[X,0x0000000080001628] -> 0x1073
mem[X,0x000000008000162A] -> 0x3A02
[2014] [M]: 0x0000000080001628 (0x3A021073) csrrw x0, pmpcfg0, x4                   main+4680
CSR pmpcfg0 (0x3A0) <- 0x8080808080808080

mem[X,0x000000008000162C] -> 0x0013
mem[X,0x000000008000162E] -> 0x0000
[2015] [M]: 0x000000008000162C (0x00000013) addi x0, x0, 0x0                        main+4684

clint mtime 0x00000000000003F0 (mip.MTI <- 0b1, mip.STI <- 0b0)
mem[X,0x0000000080001630] -> 0x0013
mem[X,0x0000000080001632] -> 0x0000
[2016] [M]: 0x0000000080001630 (0x00000013) addi x0, x0, 0x0                        main+4688

mem[X,0x0000000080001634] -> 0x0013
mem[X,0x0000000080001636] -> 0x0000
[2017] [M]: 0x0000000080001634 (0x00000013) addi x0, x0, 0x0                        main+4692

clint mtime 0x00000000000003F1 (mip.MTI <- 0b1, mip.STI <- 0b0)
mem[X,0x0000000080001638] -> 0x0013
mem[X,0x000000008000163A] -> 0x0000
[2018] [M]: 0x0000000080001638 (0x00000013) addi x0, x0, 0x0                        main+4696

mem[X,0x000000008000163C] -> 0x0013
mem[X,0x000000008000163E] -> 0x0000
[2019] [M]: 0x000000008000163C (0x00000013) addi x0, x0, 0x0                        main+4700

clint mtime 0x00000000000003F2 (mip.MTI <- 0b1, mip.STI <- 0b0)
mem[X,0x0000000080001640] -> 0x1717
mem[X,0x0000000080001642] -> 0x0000
[2020] [M]: 0x0000000080001640 (0x00001717) auipc x14, 0x1                          main+4704
x14 <- 0x0000000080002640

mem[X,0x0000000080001644] -> 0x0713
mem[X,0x0000000080001646] -> 0x9C07
[2021] [M]: 0x0000000080001644 (0x9C070713) addi x14, x14, -0x640                   main+4708
x14 <- 0x0000000080002000

clint mtime 0x00000000000003F3 (mip.MTI <- 0b1, mip.STI <- 0b0)
mem[X,0x0000000080001648] -> 0x0001
[2022] [M]: 0x0000000080001648 (0x0001) c.nop                                       main+4712

mem[X,0x000000008000164A] -> 0x0013
mem[X,0x000000008000164C] -> 0x0000
[2023] [M]: 0x000000008000164A (0x00000013) addi x0, x0, 0x0                        main+4714

clint mtime 0x00000000000003F4 (mip.MTI <- 0b1, mip.STI <- 0b0)
mem[X,0x000000008000164E] -> 0x0013
mem[X,0x0000000080001650] -> 0x0000
[2024] [M]: 0x000000008000164E (0x00000013) addi x0, x0, 0x0                        main+4718

mem[X,0x0000000080001652] -> 0x0013
mem[X,0x0000000080001654] -> 0x0000
[2025] [M]: 0x0000000080001652 (0x00000013) addi x0, x0, 0x0                        main+4722

clint mtime 0x00000000000003F5 (mip.MTI <- 0b1, mip.STI <- 0b0)
mem[X,0x0000000080001656] -> 0x0013
mem[X,0x0000000080001658] -> 0x0000
[2026] [M]: 0x0000000080001656 (0x00000013) addi x0, x0, 0x0                        main+4726

mem[X,0x000000008000165A] -> 0x0013
mem[X,0x000000008000165C] -> 0x0000
[2027] [M]: 0x000000008000165A (0x00000013) addi x0, x0, 0x0                        main+4730

clint mtime 0x00000000000003F6 (mip.MTI <- 0b1, mip.STI <- 0b0)
mem[X,0x000000008000165E] -> 0x0001
[2028] [M]: 0x000000008000165E (0x0001) c.nop                                       main+4734

mem[X,0x0000000080001660] -> 0x51B7
mem[X,0x0000000080001662] -> 0x0000
[2029] [M]: 0x0000000080001660 (0x000051B7) lui x3, 0x5                             main+4736
x3 <- 0x0000000000005000

clint mtime 0x00000000000003F7 (mip.MTI <- 0b1, mip.STI <- 0b0)
mem[X,0x0000000080001664] -> 0x8193
mem[X,0x0000000080001666] -> 0x6671
[2030] [M]: 0x0000000080001664 (0x66718193) addi x3, x3, 0x667                      main+4740
x3 <- 0x0000000000005667

mem[X,0x0000000080001668] -> 0x9193
mem[X,0x000000008000166A] -> 0x0011
[2031] [M]: 0x0000000080001668 (0x00119193) slli x3, x3, 0x1                        main+4744
x3 <- 0x000000000000ACCE

clint mtime 0x00000000000003F8 (mip.MTI <- 0b1, mip.STI <- 0b0)
mem[X,0x000000008000166C] -> 0x0013
mem[X,0x000000008000166E] -> 0x0000
[2032] [M]: 0x000000008000166C (0x00000013) addi x0, x0, 0x0                        main+4748

mem[X,0x0000000080001670] -> 0x0013
mem[X,0x0000000080001672] -> 0x0000
[2033] [M]: 0x0000000080001670 (0x00000013) addi x0, x0, 0x0                        main+4752

clint mtime 0x00000000000003F9 (mip.MTI <- 0b1, mip.STI <- 0b0)
mem[X,0x0000000080001674] -> 0x0013
mem[X,0x0000000080001676] -> 0x0000
[2034] [M]: 0x0000000080001674 (0x00000013) addi x0, x0, 0x0                        main+4756

mem[X,0x0000000080001678] -> 0x0013
mem[X,0x000000008000167A] -> 0x0000
[2035] [M]: 0x0000000080001678 (0x00000013) addi x0, x0, 0x0                        main+4760

clint mtime 0x00000000000003FA (mip.MTI <- 0b1, mip.STI <- 0b0)
mem[X,0x000000008000167C] -> 0x0013
mem[X,0x000000008000167E] -> 0x0000
[2036] [M]: 0x000000008000167C (0x00000013) addi x0, x0, 0x0                        main+4764

mem[X,0x0000000080001680] -> 0x0217
mem[X,0x0000000080001682] -> 0x0000
[2037] [M]: 0x0000000080001680 (0x00000217) auipc x4, 0x0                           main+4768
x4 <- 0x0000000080001680

clint mtime 0x00000000000003FB (mip.MTI <- 0b1, mip.STI <- 0b0)
mem[X,0x0000000080001684] -> 0x0213
mem[X,0x0000000080001686] -> 0x02C2
[2038] [M]: 0x0000000080001684 (0x02C20213) addi x4, x4, 0x2c                       main+4772
x4 <- 0x00000000800016AC

mem[X,0x0000000080001688] -> 0x0001
[2039] [M]: 0x0000000080001688 (0x0001) c.nop                                       main+4776

clint mtime 0x00000000000003FC (mip.MTI <- 0b1, mip.STI <- 0b0)
mem[X,0x000000008000168A] -> 0x0013
mem[X,0x000000008000168C] -> 0x0000
[2040] [M]: 0x000000008000168A (0x00000013) addi x0, x0, 0x0                        main+4778

mem[X,0x000000008000168E] -> 0x0013
mem[X,0x0000000080001690] -> 0x0000
[2041] [M]: 0x000000008000168E (0x00000013) addi x0, x0, 0x0                        main+4782

clint mtime 0x00000000000003FD (mip.MTI <- 0b1, mip.STI <- 0b0)
mem[X,0x0000000080001692] -> 0x0013
mem[X,0x0000000080001694] -> 0x0000
[2042] [M]: 0x0000000080001692 (0x00000013) addi x0, x0, 0x0                        main+4786

mem[X,0x0000000080001696] -> 0x0013
mem[X,0x0000000080001698] -> 0x0000
[2043] [M]: 0x0000000080001696 (0x00000013) addi x0, x0, 0x0                        main+4790

clint mtime 0x00000000000003FE (mip.MTI <- 0b1, mip.STI <- 0b0)
mem[X,0x000000008000169A] -> 0x0013
mem[X,0x000000008000169C] -> 0x0000
[2044] [M]: 0x000000008000169A (0x00000013) addi x0, x0, 0x0                        main+4794

mem[X,0x000000008000169E] -> 0x0001
[2045] [M]: 0x000000008000169E (0x0001) c.nop                                       main+4798

clint mtime 0x00000000000003FF (mip.MTI <- 0b1, mip.STI <- 0b0)
mem[X,0x00000000800016A0] -> 0x00E7
mem[X,0x00000000800016A2] -> 0x0007
[2046] [M]: 0x00000000800016A0 (0x000700E7) jalr x1, 0x0(x14)                       main+4800
x1 <- 0x00000000800016A4

mem[X,0x0000000080002000] -> 0x0013
mem[X,0x0000000080002002] -> 0x0000
[2047] [M]: 0x0000000080002000 (0x00000013) addi x0, x0, 0x0                        TEST_FOR_EXECUTION+0

clint mtime 0x0000000000000400 (mip.MTI <- 0b1, mip.STI <- 0b0)
mem[X,0x0000000080002004] -> 0x0013
mem[X,0x0000000080002006] -> 0x0000
[2048] [M]: 0x0000000080002004 (0x00000013) addi x0, x0, 0x0                        TEST_FOR_EXECUTION+4

mem[X,0x0000000080002008] -> 0x0013
mem[X,0x000000008000200A] -> 0x0000
[2049] [M]: 0x0000000080002008 (0x00000013) addi x0, x0, 0x0                        RETURN_INSTRUCTION+0

clint mtime 0x0000000000000401 (mip.MTI <- 0b1, mip.STI <- 0b0)
mem[X,0x000000008000200C] -> 0x0013
mem[X,0x000000008000200E] -> 0x0000
[2050] [M]: 0x000000008000200C (0x00000013) addi x0, x0, 0x0                        RETURN_INSTRUCTION+4

mem[X,0x0000000080002010] -> 0x8067
mem[X,0x0000000080002012] -> 0x0000
[2051] [M]: 0x0000000080002010 (0x00008067) jalr x0, 0x0(x1)                        RETURN_INSTRUCTION+8

clint mtime 0x0000000000000402 (mip.MTI <- 0b1, mip.STI <- 0b0)
mem[X,0x00000000800016A4] -> 0x0013
mem[X,0x00000000800016A6] -> 0x0000
[2052] [M]: 0x00000000800016A4 (0x00000013) addi x0, x0, 0x0                        main+4804

mem[X,0x00000000800016A8] -> 0x0013
mem[X,0x00000000800016AA] -> 0x0000
[2053] [M]: 0x00000000800016A8 (0x00000013) addi x0, x0, 0x0                        main+4808

clint mtime 0x0000000000000403 (mip.MTI <- 0b1, mip.STI <- 0b0)
mem[X,0x00000000800016AC] -> 0x0013
mem[X,0x00000000800016AE] -> 0x0000
[2054] [M]: 0x00000000800016AC (0x00000013) addi x0, x0, 0x0                        main+4812

mem[X,0x00000000800016B0] -> 0x0013
mem[X,0x00000000800016B2] -> 0x0000
[2055] [M]: 0x00000000800016B0 (0x00000013) addi x0, x0, 0x0                        main+4816

clint mtime 0x0000000000000404 (mip.MTI <- 0b1, mip.STI <- 0b0)
mem[X,0x00000000800016B4] -> 0x0013
mem[X,0x00000000800016B6] -> 0x0000
[2056] [M]: 0x00000000800016B4 (0x00000013) addi x0, x0, 0x0                        main+4820

mem[X,0x00000000800016B8] -> 0x0013
mem[X,0x00000000800016BA] -> 0x0000
[2057] [M]: 0x00000000800016B8 (0x00000013) addi x0, x0, 0x0                        main+4824

clint mtime 0x0000000000000405 (mip.MTI <- 0b1, mip.STI <- 0b0)
mem[X,0x00000000800016BC] -> 0x0013
mem[X,0x00000000800016BE] -> 0x0000
[2058] [M]: 0x00000000800016BC (0x00000013) addi x0, x0, 0x0                        main+4828

mem[X,0x00000000800016C0] -> 0x1797
mem[X,0x00000000800016C2] -> 0x0000
[2059] [M]: 0x00000000800016C0 (0x00001797) auipc x15, 0x1                          main+4832
x15 <- 0x00000000800026C0

clint mtime 0x0000000000000406 (mip.MTI <- 0b1, mip.STI <- 0b0)
mem[X,0x00000000800016C4] -> 0x8793
mem[X,0x00000000800016C6] -> 0x9407
[2060] [M]: 0x00000000800016C4 (0x94078793) addi x15, x15, -0x6c0                   main+4836
x15 <- 0x0000000080002000

mem[X,0x00000000800016C8] -> 0x0001
[2061] [M]: 0x00000000800016C8 (0x0001) c.nop                                       main+4840

clint mtime 0x0000000000000407 (mip.MTI <- 0b1, mip.STI <- 0b0)
mem[X,0x00000000800016CA] -> 0x0013
mem[X,0x00000000800016CC] -> 0x0000
[2062] [M]: 0x00000000800016CA (0x00000013) addi x0, x0, 0x0                        main+4842

mem[X,0x00000000800016CE] -> 0x0013
mem[X,0x00000000800016D0] -> 0x0000
[2063] [M]: 0x00000000800016CE (0x00000013) addi x0, x0, 0x0                        main+4846

clint mtime 0x0000000000000408 (mip.MTI <- 0b1, mip.STI <- 0b0)
mem[X,0x00000000800016D2] -> 0x0013
mem[X,0x00000000800016D4] -> 0x0000
[2064] [M]: 0x00000000800016D2 (0x00000013) addi x0, x0, 0x0                        main+4850

mem[X,0x00000000800016D6] -> 0x0013
mem[X,0x00000000800016D8] -> 0x0000
[2065] [M]: 0x00000000800016D6 (0x00000013) addi x0, x0, 0x0                        main+4854

clint mtime 0x0000000000000409 (mip.MTI <- 0b1, mip.STI <- 0b0)
mem[X,0x00000000800016DA] -> 0x0013
mem[X,0x00000000800016DC] -> 0x0000
[2066] [M]: 0x00000000800016DA (0x00000013) addi x0, x0, 0x0                        main+4858

mem[X,0x00000000800016DE] -> 0x0001
[2067] [M]: 0x00000000800016DE (0x0001) c.nop                                       main+4862

clint mtime 0x000000000000040A (mip.MTI <- 0b1, mip.STI <- 0b0)
mem[X,0x00000000800016E0] -> 0x0737
mem[X,0x00000000800016E2] -> 0x0000
[2068] [M]: 0x00000000800016E0 (0x00000737) lui x14, 0x0                            main+4864
x14 <- 0x0000000000000000

mem[X,0x00000000800016E4] -> 0x0713
mem[X,0x00000000800016E6] -> 0x0137
[2069] [M]: 0x00000000800016E4 (0x01370713) addi x14, x14, 0x13                     main+4868
x14 <- 0x0000000000000013

clint mtime 0x000000000000040B (mip.MTI <- 0b1, mip.STI <- 0b0)
mem[X,0x00000000800016E8] -> 0x1713
mem[X,0x00000000800016EA] -> 0x00B7
[2070] [M]: 0x00000000800016E8 (0x00B71713) slli x14, x14, 0xb                      main+4872
x14 <- 0x0000000000009800

mem[X,0x00000000800016EC] -> 0x0713
mem[X,0x00000000800016EE] -> 0x0007
[2071] [M]: 0x00000000800016EC (0x00070713) addi x14, x14, 0x0                      main+4876
x14 <- 0x0000000000009800

clint mtime 0x000000000000040C (mip.MTI <- 0b1, mip.STI <- 0b0)
mem[X,0x00000000800016F0] -> 0x1713
mem[X,0x00000000800016F2] -> 0x00B7
[2072] [M]: 0x00000000800016F0 (0x00B71713) slli x14, x14, 0xb                      main+4880
x14 <- 0x0000000004C00000

mem[X,0x00000000800016F4] -> 0x0713
mem[X,0x00000000800016F6] -> 0x0007
[2073] [M]: 0x00000000800016F4 (0x00070713) addi x14, x14, 0x0                      main+4884
x14 <- 0x0000000004C00000

clint mtime 0x000000000000040D (mip.MTI <- 0b1, mip.STI <- 0b0)
mem[X,0x00000000800016F8] -> 0x1713
mem[X,0x00000000800016FA] -> 0x00A7
[2074] [M]: 0x00000000800016F8 (0x00A71713) slli x14, x14, 0xa                      main+4888
x14 <- 0x0000001300000000

mem[X,0x00000000800016FC] -> 0x0713
mem[X,0x00000000800016FE] -> 0x0137
[2075] [M]: 0x00000000800016FC (0x01370713) addi x14, x14, 0x13                     main+4892
x14 <- 0x0000001300000013

clint mtime 0x000000000000040E (mip.MTI <- 0b1, mip.STI <- 0b0)
mem[X,0x0000000080001700] -> 0xA023
mem[X,0x0000000080001702] -> 0x00E7
[2076] [M]: 0x0000000080001700 (0x00E7A023) sw x14, 0x0(x15)                        main+4896
mem[W,0x0000000080002000] <- 0x00000013

mem[X,0x0000000080001704] -> 0x0013
mem[X,0x0000000080001706] -> 0x0000
[2077] [M]: 0x0000000080001704 (0x00000013) addi x0, x0, 0x0                        main+4900

clint mtime 0x000000000000040F (mip.MTI <- 0b1, mip.STI <- 0b0)
mem[X,0x0000000080001708] -> 0x0013
mem[X,0x000000008000170A] -> 0x0000
[2078] [M]: 0x0000000080001708 (0x00000013) addi x0, x0, 0x0                        main+4904

mem[X,0x000000008000170C] -> 0xA703
mem[X,0x000000008000170E] -> 0x0007
[2079] [M]: 0x000000008000170C (0x0007A703) lw x14, 0x0(x15)                        main+4908
mem[R,0x0000000080002000] -> 0x00000013
x14 <- 0x0000000000000013

clint mtime 0x0000000000000410 (mip.MTI <- 0b1, mip.STI <- 0b0)
mem[X,0x0000000080001710] -> 0x0013
mem[X,0x0000000080001712] -> 0x0000
[2080] [M]: 0x0000000080001710 (0x00000013) addi x0, x0, 0x0                        main+4912

mem[X,0x0000000080001714] -> 0x0013
mem[X,0x0000000080001716] -> 0x0000
[2081] [M]: 0x0000000080001714 (0x00000013) addi x0, x0, 0x0                        main+4916

clint mtime 0x0000000000000411 (mip.MTI <- 0b1, mip.STI <- 0b0)
mem[X,0x0000000080001718] -> 0xB823
mem[X,0x000000008000171A] -> 0x06E6
[2082] [M]: 0x0000000080001718 (0x06E6B823) sd x14, 0x70(x13)                       main+4920
mem[W,0x0000000080006288] <- 0x0000000000000013

mem[X,0x000000008000171C] -> 0x0113
mem[X,0x000000008000171E] -> 0x0000
[2083] [M]: 0x000000008000171C (0x00000113) addi x2, x0, 0x0                        main+4924
x2 <- 0x0000000000000000

clint mtime 0x0000000000000412 (mip.MTI <- 0b1, mip.STI <- 0b0)
mem[X,0x0000000080001720] -> 0x0073
mem[X,0x0000000080001722] -> 0x0000
[2084] [M]: 0x0000000080001720 (0x00000073) ecall                                   main+4928
trapping from M to M to handle m-call
handling exc#m-call at priv M with tval 0x0000000000000000
CSR mstatus (0x300) <- 0x0000000A00001800
CSR mcause (0x342) <- 0x000000000000000B
CSR mtval (0x343) <- 0x0000000000000000
CSR mepc (0x341) <- 0x0000000080001720

mem[X,0x0000000080002100] -> 0x006F
mem[X,0x0000000080002102] -> 0x1000
[2085] [M]: 0x0000000080002100 (0x1000006F) jal x0, 0x100                           Mtrampoline+0

clint mtime 0x0000000000000413 (mip.MTI <- 0b1, mip.STI <- 0b0)
mem[X,0x0000000080002200] -> 0x1173
mem[X,0x0000000080002202] -> 0x3401
[2086] [M]: 0x0000000080002200 (0x34011173) csrrw x2, mscratch, x2                  trap_Mhandler+0
CSR mscratch (0x340) <- 0x0000000000000000
x2 <- 0x0000000080005000

mem[X,0x0000000080002204] -> 0x3423
mem[X,0x0000000080002206] -> 0x28B1
[2087] [M]: 0x0000000080002204 (0x28B13423) sd x11, 0x288(x2)                       trap_Mhandler+4
mem[W,0x0000000080005288] <- 0x0000000000000000

clint mtime 0x0000000000000414 (mip.MTI <- 0b1, mip.STI <- 0b0)
mem[X,0x0000000080002208] -> 0x05EF
mem[X,0x000000008000220A] -> 0x0B80
[2088] [M]: 0x0000000080002208 (0x0B8005EF) jal x11, 0xb8                           trap_Mhandler+8
x11 <- 0x000000008000220C

mem[X,0x00000000800022C0] -> 0x3023
mem[X,0x00000000800022C2] -> 0x28A1
[2089] [M]: 0x00000000800022C0 (0x28A13023) sd x10, 0x280(x2)                       common_Mhandler+0
mem[W,0x0000000080005280] <- 0x0000000000000001

clint mtime 0x0000000000000415 (mip.MTI <- 0b1, mip.STI <- 0b0)
mem[X,0x00000000800022C4] -> 0x1573
mem[X,0x00000000800022C6] -> 0x3401
[2090] [M]: 0x00000000800022C4 (0x34011573) csrrw x10, mscratch, x2                 common_Mhandler+4
CSR mscratch (0x340) <- 0x0000000080005000
x10 <- 0x0000000000000000

mem[X,0x00000000800022C8] -> 0x3823
mem[X,0x00000000800022CA] -> 0x28A1
[2091] [M]: 0x00000000800022C8 (0x28A13823) sd x10, 0x290(x2)                       common_Mhandler+8
mem[W,0x0000000080005290] <- 0x0000000000000000

clint mtime 0x0000000000000416 (mip.MTI <- 0b1, mip.STI <- 0b0)
mem[X,0x00000000800022CC] -> 0x3503
mem[X,0x00000000800022CE] -> 0x2301
[2092] [M]: 0x00000000800022CC (0x23013503) ld x10, 0x230(x2)                       common_Mhandler+12
mem[R,0x0000000080005230] -> 0x00000000800022D4
x10 <- 0x00000000800022D4

mem[X,0x00000000800022D0] -> 0x0067
mem[X,0x00000000800022D2] -> 0x0005
[2093] [M]: 0x00000000800022D0 (0x00050067) jalr x0, 0x0(x10)                       common_Mhandler+16

clint mtime 0x0000000000000417 (mip.MTI <- 0b1, mip.STI <- 0b0)
mem[X,0x00000000800022D4] -> 0x3C23
mem[X,0x00000000800022D6] -> 0x2691
[2094] [M]: 0x00000000800022D4 (0x26913C23) sd x9, 0x278(x2)                        common_Mentry+0
mem[W,0x0000000080005278] <- 0x00000000000000FE

mem[X,0x00000000800022D8] -> 0x3823
mem[X,0x00000000800022DA] -> 0x2681
[2095] [M]: 0x00000000800022D8 (0x26813823) sd x8, 0x270(x2)                        common_Mentry+4
mem[W,0x0000000080005270] <- 0x0000000000007F76

clint mtime 0x0000000000000418 (mip.MTI <- 0b1, mip.STI <- 0b0)
mem[X,0x00000000800022DC] -> 0x3423
mem[X,0x00000000800022DE] -> 0x2671
[2096] [M]: 0x00000000800022DC (0x26713423) sd x7, 0x268(x2)                        common_Mentry+8
mem[W,0x0000000080005268] <- 0x00000000800015E0

mem[X,0x00000000800022E0] -> 0x3023
mem[X,0x00000000800022E2] -> 0x2661
[2097] [M]: 0x00000000800022E0 (0x26613023) sd x6, 0x260(x2)                        common_Mentry+12
mem[W,0x0000000080005260] <- 0x000000001FDDB7D5

clint mtime 0x0000000000000419 (mip.MTI <- 0b1, mip.STI <- 0b0)
mem[X,0x00000000800022E4] -> 0x2573
mem[X,0x00000000800022E6] -> 0x3420
[2098] [M]: 0x00000000800022E4 (0x34202573) csrrs x10, mcause, x0                   spcl_M2mmode_test+0
CSR mcause (0x342) -> 0x000000000000000B
x10 <- 0x000000000000000B

mem[X,0x00000000800022E8] -> 0x04B7
mem[X,0x00000000800022EA] -> 0x8000
[2099] [M]: 0x00000000800022E8 (0x800004B7) lui x9, -0x80000                        spcl_M2mmode_test+4
x9 <- 0xFFFFFFFF80000000

clint mtime 0x000000000000041A (mip.MTI <- 0b1, mip.STI <- 0b0)
mem[X,0x00000000800022EC] -> 0x8493
mem[X,0x00000000800022EE] -> 0x0004
[2100] [M]: 0x00000000800022EC (0x00048493) addi x9, x9, 0x0                        spcl_M2mmode_test+8
x9 <- 0xFFFFFFFF80000000

mem[X,0x00000000800022F0] -> 0x9493
mem[X,0x00000000800022F2] -> 0x00B4
[2101] [M]: 0x00000000800022F0 (0x00B49493) slli x9, x9, 0xb                        spcl_M2mmode_test+12
x9 <- 0xFFFFFC0000000000

clint mtime 0x000000000000041B (mip.MTI <- 0b1, mip.STI <- 0b0)
mem[X,0x00000000800022F4] -> 0x8493
mem[X,0x00000000800022F6] -> 0x0004
[2102] [M]: 0x00000000800022F4 (0x00048493) addi x9, x9, 0x0                        spcl_M2mmode_test+16
x9 <- 0xFFFFFC0000000000

mem[X,0x00000000800022F8] -> 0x9493
mem[X,0x00000000800022FA] -> 0x00B4
[2103] [M]: 0x00000000800022F8 (0x00B49493) slli x9, x9, 0xb                        spcl_M2mmode_test+20
x9 <- 0xFFE0000000000000

clint mtime 0x000000000000041C (mip.MTI <- 0b1, mip.STI <- 0b0)
mem[X,0x00000000800022FC] -> 0x8493
mem[X,0x00000000800022FE] -> 0x0034
[2104] [M]: 0x00000000800022FC (0x00348493) addi x9, x9, 0x3                        spcl_M2mmode_test+24
x9 <- 0xFFE0000000000003

mem[X,0x0000000080002300] -> 0x9493
mem[X,0x0000000080002302] -> 0x00A4
[2105] [M]: 0x0000000080002300 (0x00A49493) slli x9, x9, 0xa                        spcl_M2mmode_test+28
x9 <- 0x8000000000000C00

clint mtime 0x000000000000041D (mip.MTI <- 0b1, mip.STI <- 0b0)
mem[X,0x0000000080002304] -> 0x8493
mem[X,0x0000000080002306] -> 0x3FC4
[2106] [M]: 0x0000000080002304 (0x3FC48493) addi x9, x9, 0x3fc                      spcl_M2mmode_test+32
x9 <- 0x8000000000000FFC

mem[X,0x0000000080002308] -> 0xF4B3
mem[X,0x000000008000230A] -> 0x00A4
[2107] [M]: 0x0000000080002308 (0x00A4F4B3) and x9, x9, x10                         spcl_M2mmode_test+36
x9 <- 0x0000000000000008

clint mtime 0x000000000000041E (mip.MTI <- 0b1, mip.STI <- 0b0)
mem[X,0x000000008000230C] -> 0x8493
mem[X,0x000000008000230E] -> 0xFF84
[2108] [M]: 0x000000008000230C (0xFF848493) addi x9, x9, -0x8                       spcl_M2mmode_test+40
x9 <- 0x0000000000000000

mem[X,0x0000000080002310] -> 0x9663
mem[X,0x0000000080002312] -> 0x0004
[2109] [M]: 0x0000000080002310 (0x00049663) bne x9, x0, 0xc                         spcl_M2mmode_test+44

clint mtime 0x000000000000041F (mip.MTI <- 0b1, mip.STI <- 0b0)
mem[X,0x0000000080002314] -> 0x3383
mem[X,0x0000000080002316] -> 0x2901
[2110] [M]: 0x0000000080002314 (0x29013383) ld x7, 0x290(x2)                        spcl_M2mmode_test+48
mem[R,0x0000000080005290] -> 0x0000000000000000
x7 <- 0x0000000000000000

mem[X,0x0000000080002318] -> 0x8263
mem[X,0x000000008000231A] -> 0x6E03
[2111] [M]: 0x0000000080002318 (0x6E038263) beq x7, x0, 0x6e4                       spcl_M2mmode_test+52

clint mtime 0x0000000000000420 (mip.MTI <- 0b1, mip.STI <- 0b0)
mem[X,0x00000000800029FC] -> 0x0493
mem[X,0x00000000800029FE] -> 0xFF55
[2112] [M]: 0x00000000800029FC (0xFF550493) addi x9, x10, -0xb                      rtn2mmode+0
x9 <- 0x0000000000000000

mem[X,0x0000000080002A00] -> 0x8C63
mem[X,0x0000000080002A02] -> 0x0004
[2113] [M]: 0x0000000080002A00 (0x00048C63) beq x9, x0, 0x18                        rtn2mmode+4

clint mtime 0x0000000000000421 (mip.MTI <- 0b1, mip.STI <- 0b0)
mem[X,0x0000000080002A18] -> 0x23F3
mem[X,0x0000000080002A1A] -> 0x3410
[2114] [M]: 0x0000000080002A18 (0x341023F3) csrrs x7, mepc, x0                      rtn_fm_mmode+0
CSR mepc (0x341) -> 0x0000000080001720
x7 <- 0x0000000080001720

mem[X,0x0000000080002A1C] -> 0x83B3
mem[X,0x0000000080002A1E] -> 0x0093
[2115] [M]: 0x0000000080002A1C (0x009383B3) add x7, x7, x9                          rtn_fm_mmode+4
x7 <- 0x0000000080001720

clint mtime 0x0000000000000422 (mip.MTI <- 0b1, mip.STI <- 0b0)
mem[X,0x0000000080002A20] -> 0x3303
mem[X,0x0000000080002A22] -> 0x2601
[2116] [M]: 0x0000000080002A20 (0x26013303) ld x6, 0x260(x2)                        rtn_fm_mmode+8
mem[R,0x0000000080005260] -> 0x000000001FDDB7D5
x6 <- 0x000000001FDDB7D5

mem[X,0x0000000080002A24] -> 0x3403
mem[X,0x0000000080002A26] -> 0x2701
[2117] [M]: 0x0000000080002A24 (0x27013403) ld x8, 0x270(x2)                        rtn_fm_mmode+12
mem[R,0x0000000080005270] -> 0x0000000000007F76
x8 <- 0x0000000000007F76

clint mtime 0x0000000000000423 (mip.MTI <- 0b1, mip.STI <- 0b0)
mem[X,0x0000000080002A28] -> 0x3483
mem[X,0x0000000080002A2A] -> 0x2781
[2118] [M]: 0x0000000080002A28 (0x27813483) ld x9, 0x278(x2)                        rtn_fm_mmode+16
mem[R,0x0000000080005278] -> 0x00000000000000FE
x9 <- 0x00000000000000FE

mem[X,0x0000000080002A2C] -> 0x3503
mem[X,0x0000000080002A2E] -> 0x2801
[2119] [M]: 0x0000000080002A2C (0x28013503) ld x10, 0x280(x2)                       rtn_fm_mmode+20
mem[R,0x0000000080005280] -> 0x0000000000000001
x10 <- 0x0000000000000001

clint mtime 0x0000000000000424 (mip.MTI <- 0b1, mip.STI <- 0b0)
mem[X,0x0000000080002A30] -> 0x3583
mem[X,0x0000000080002A32] -> 0x2881
[2120] [M]: 0x0000000080002A30 (0x28813583) ld x11, 0x288(x2)                       rtn_fm_mmode+24
mem[R,0x0000000080005288] -> 0x0000000000000000
x11 <- 0x0000000000000000

mem[X,0x0000000080002A34] -> 0x3103
mem[X,0x0000000080002A36] -> 0x2901
[2121] [M]: 0x0000000080002A34 (0x29013103) ld x2, 0x290(x2)                        rtn_fm_mmode+28
mem[R,0x0000000080005290] -> 0x0000000000000000
x2 <- 0x0000000000000000

clint mtime 0x0000000000000425 (mip.MTI <- 0b1, mip.STI <- 0b0)
mem[X,0x0000000080002A38] -> 0x8067
mem[X,0x0000000080002A3A] -> 0x0043
[2122] [M]: 0x0000000080002A38 (0x00438067) jalr x0, 0x4(x7)                        rtn_fm_mmode+32

mem[X,0x0000000080001724] -> 0xF737
mem[X,0x0000000080001726] -> 0x000B
[2123] [M]: 0x0000000080001724 (0x000BF737) lui x14, 0xbf                           main+4932
x14 <- 0x00000000000BF000

clint mtime 0x0000000000000426 (mip.MTI <- 0b1, mip.STI <- 0b0)
mem[X,0x0000000080001728] -> 0x071B
mem[X,0x000000008000172A] -> 0xEFD7
[2124] [M]: 0x0000000080001728 (0xEFD7071B) addiw x14, x14, -0x103                  main+4936
x14 <- 0x00000000000BEEFD

mem[X,0x000000008000172C] -> 0x1713
mem[X,0x000000008000172E] -> 0x00C7
[2125] [M]: 0x000000008000172C (0x00C71713) slli x14, x14, 0xc                      main+4940
x14 <- 0x00000000BEEFD000

clint mtime 0x0000000000000427 (mip.MTI <- 0b1, mip.STI <- 0b0)
mem[X,0x0000000080001730] -> 0x0713
mem[X,0x0000000080001732] -> 0xAFE7
[2126] [M]: 0x0000000080001730 (0xAFE70713) addi x14, x14, -0x502                   main+4944
x14 <- 0x00000000BEEFCAFE

mem[X,0x0000000080001734] -> 0xBC23
mem[X,0x0000000080001736] -> 0x06E6
[2127] [M]: 0x0000000080001734 (0x06E6BC23) sd x14, 0x78(x13)                       main+4948
mem[W,0x0000000080006290] <- 0x00000000BEEFCAFE

clint mtime 0x0000000000000428 (mip.MTI <- 0b1, mip.STI <- 0b0)
mem[X,0x0000000080001738] -> 0x006F
mem[X,0x000000008000173A] -> 0x0DD0
[2128] [M]: 0x0000000080001738 (0x0DD0006F) jal x0, 0x8dc                           main+4952

mem[X,0x0000000080002014] -> 0x0113
mem[X,0x0000000080002016] -> 0x0000
[2129] [M]: 0x0000000080002014 (0x00000113) addi x2, x0, 0x0                        rvtest_code_end+0
x2 <- 0x0000000000000000

clint mtime 0x0000000000000429 (mip.MTI <- 0b1, mip.STI <- 0b0)
mem[X,0x0000000080002018] -> 0x0073
mem[X,0x000000008000201A] -> 0x0000
[2130] [M]: 0x0000000080002018 (0x00000073) ecall                                   rvtest_code_end+4
trapping from M to M to handle m-call
handling exc#m-call at priv M with tval 0x0000000000000000
CSR mstatus (0x300) <- 0x0000000A00001800
CSR mcause (0x342) <- 0x000000000000000B
CSR mtval (0x343) <- 0x0000000000000000
CSR mepc (0x341) <- 0x0000000080002018

mem[X,0x0000000080002100] -> 0x006F
mem[X,0x0000000080002102] -> 0x1000
[2131] [M]: 0x0000000080002100 (0x1000006F) jal x0, 0x100                           Mtrampoline+0

clint mtime 0x000000000000042A (mip.MTI <- 0b1, mip.STI <- 0b0)
mem[X,0x0000000080002200] -> 0x1173
mem[X,0x0000000080002202] -> 0x3401
[2132] [M]: 0x0000000080002200 (0x34011173) csrrw x2, mscratch, x2                  trap_Mhandler+0
CSR mscratch (0x340) <- 0x0000000000000000
x2 <- 0x0000000080005000

mem[X,0x0000000080002204] -> 0x3423
mem[X,0x0000000080002206] -> 0x28B1
[2133] [M]: 0x0000000080002204 (0x28B13423) sd x11, 0x288(x2)                       trap_Mhandler+4
mem[W,0x0000000080005288] <- 0x0000000000000000

clint mtime 0x000000000000042B (mip.MTI <- 0b1, mip.STI <- 0b0)
mem[X,0x0000000080002208] -> 0x05EF
mem[X,0x000000008000220A] -> 0x0B80
[2134] [M]: 0x0000000080002208 (0x0B8005EF) jal x11, 0xb8                           trap_Mhandler+8
x11 <- 0x000000008000220C

mem[X,0x00000000800022C0] -> 0x3023
mem[X,0x00000000800022C2] -> 0x28A1
[2135] [M]: 0x00000000800022C0 (0x28A13023) sd x10, 0x280(x2)                       common_Mhandler+0
mem[W,0x0000000080005280] <- 0x0000000000000001

clint mtime 0x000000000000042C (mip.MTI <- 0b1, mip.STI <- 0b0)
mem[X,0x00000000800022C4] -> 0x1573
mem[X,0x00000000800022C6] -> 0x3401
[2136] [M]: 0x00000000800022C4 (0x34011573) csrrw x10, mscratch, x2                 common_Mhandler+4
CSR mscratch (0x340) <- 0x0000000080005000
x10 <- 0x0000000000000000

mem[X,0x00000000800022C8] -> 0x3823
mem[X,0x00000000800022CA] -> 0x28A1
[2137] [M]: 0x00000000800022C8 (0x28A13823) sd x10, 0x290(x2)                       common_Mhandler+8
mem[W,0x0000000080005290] <- 0x0000000000000000

clint mtime 0x000000000000042D (mip.MTI <- 0b1, mip.STI <- 0b0)
mem[X,0x00000000800022CC] -> 0x3503
mem[X,0x00000000800022CE] -> 0x2301
[2138] [M]: 0x00000000800022CC (0x23013503) ld x10, 0x230(x2)                       common_Mhandler+12
mem[R,0x0000000080005230] -> 0x00000000800022D4
x10 <- 0x00000000800022D4

mem[X,0x00000000800022D0] -> 0x0067
mem[X,0x00000000800022D2] -> 0x0005
[2139] [M]: 0x00000000800022D0 (0x00050067) jalr x0, 0x0(x10)                       common_Mhandler+16

clint mtime 0x000000000000042E (mip.MTI <- 0b1, mip.STI <- 0b0)
mem[X,0x00000000800022D4] -> 0x3C23
mem[X,0x00000000800022D6] -> 0x2691
[2140] [M]: 0x00000000800022D4 (0x26913C23) sd x9, 0x278(x2)                        common_Mentry+0
mem[W,0x0000000080005278] <- 0x00000000000000FE

mem[X,0x00000000800022D8] -> 0x3823
mem[X,0x00000000800022DA] -> 0x2681
[2141] [M]: 0x00000000800022D8 (0x26813823) sd x8, 0x270(x2)                        common_Mentry+4
mem[W,0x0000000080005270] <- 0x0000000000007F76

clint mtime 0x000000000000042F (mip.MTI <- 0b1, mip.STI <- 0b0)
mem[X,0x00000000800022DC] -> 0x3423
mem[X,0x00000000800022DE] -> 0x2671
[2142] [M]: 0x00000000800022DC (0x26713423) sd x7, 0x268(x2)                        common_Mentry+8
mem[W,0x0000000080005268] <- 0x0000000080001720

mem[X,0x00000000800022E0] -> 0x3023
mem[X,0x00000000800022E2] -> 0x2661
[2143] [M]: 0x00000000800022E0 (0x26613023) sd x6, 0x260(x2)                        common_Mentry+12
mem[W,0x0000000080005260] <- 0x000000001FDDB7D5

clint mtime 0x0000000000000430 (mip.MTI <- 0b1, mip.STI <- 0b0)
mem[X,0x00000000800022E4] -> 0x2573
mem[X,0x00000000800022E6] -> 0x3420
[2144] [M]: 0x00000000800022E4 (0x34202573) csrrs x10, mcause, x0                   spcl_M2mmode_test+0
CSR mcause (0x342) -> 0x000000000000000B
x10 <- 0x000000000000000B

mem[X,0x00000000800022E8] -> 0x04B7
mem[X,0x00000000800022EA] -> 0x8000
[2145] [M]: 0x00000000800022E8 (0x800004B7) lui x9, -0x80000                        spcl_M2mmode_test+4
x9 <- 0xFFFFFFFF80000000

clint mtime 0x0000000000000431 (mip.MTI <- 0b1, mip.STI <- 0b0)
mem[X,0x00000000800022EC] -> 0x8493
mem[X,0x00000000800022EE] -> 0x0004
[2146] [M]: 0x00000000800022EC (0x00048493) addi x9, x9, 0x0                        spcl_M2mmode_test+8
x9 <- 0xFFFFFFFF80000000

mem[X,0x00000000800022F0] -> 0x9493
mem[X,0x00000000800022F2] -> 0x00B4
[2147] [M]: 0x00000000800022F0 (0x00B49493) slli x9, x9, 0xb                        spcl_M2mmode_test+12
x9 <- 0xFFFFFC0000000000

clint mtime 0x0000000000000432 (mip.MTI <- 0b1, mip.STI <- 0b0)
mem[X,0x00000000800022F4] -> 0x8493
mem[X,0x00000000800022F6] -> 0x0004
[2148] [M]: 0x00000000800022F4 (0x00048493) addi x9, x9, 0x0                        spcl_M2mmode_test+16
x9 <- 0xFFFFFC0000000000

mem[X,0x00000000800022F8] -> 0x9493
mem[X,0x00000000800022FA] -> 0x00B4
[2149] [M]: 0x00000000800022F8 (0x00B49493) slli x9, x9, 0xb                        spcl_M2mmode_test+20
x9 <- 0xFFE0000000000000

clint mtime 0x0000000000000433 (mip.MTI <- 0b1, mip.STI <- 0b0)
mem[X,0x00000000800022FC] -> 0x8493
mem[X,0x00000000800022FE] -> 0x0034
[2150] [M]: 0x00000000800022FC (0x00348493) addi x9, x9, 0x3                        spcl_M2mmode_test+24
x9 <- 0xFFE0000000000003

mem[X,0x0000000080002300] -> 0x9493
mem[X,0x0000000080002302] -> 0x00A4
[2151] [M]: 0x0000000080002300 (0x00A49493) slli x9, x9, 0xa                        spcl_M2mmode_test+28
x9 <- 0x8000000000000C00

clint mtime 0x0000000000000434 (mip.MTI <- 0b1, mip.STI <- 0b0)
mem[X,0x0000000080002304] -> 0x8493
mem[X,0x0000000080002306] -> 0x3FC4
[2152] [M]: 0x0000000080002304 (0x3FC48493) addi x9, x9, 0x3fc                      spcl_M2mmode_test+32
x9 <- 0x8000000000000FFC

mem[X,0x0000000080002308] -> 0xF4B3
mem[X,0x000000008000230A] -> 0x00A4
[2153] [M]: 0x0000000080002308 (0x00A4F4B3) and x9, x9, x10                         spcl_M2mmode_test+36
x9 <- 0x0000000000000008

clint mtime 0x0000000000000435 (mip.MTI <- 0b1, mip.STI <- 0b0)
mem[X,0x000000008000230C] -> 0x8493
mem[X,0x000000008000230E] -> 0xFF84
[2154] [M]: 0x000000008000230C (0xFF848493) addi x9, x9, -0x8                       spcl_M2mmode_test+40
x9 <- 0x0000000000000000

mem[X,0x0000000080002310] -> 0x9663
mem[X,0x0000000080002312] -> 0x0004
[2155] [M]: 0x0000000080002310 (0x00049663) bne x9, x0, 0xc                         spcl_M2mmode_test+44

clint mtime 0x0000000000000436 (mip.MTI <- 0b1, mip.STI <- 0b0)
mem[X,0x0000000080002314] -> 0x3383
mem[X,0x0000000080002316] -> 0x2901
[2156] [M]: 0x0000000080002314 (0x29013383) ld x7, 0x290(x2)                        spcl_M2mmode_test+48
mem[R,0x0000000080005290] -> 0x0000000000000000
x7 <- 0x0000000000000000

mem[X,0x0000000080002318] -> 0x8263
mem[X,0x000000008000231A] -> 0x6E03
[2157] [M]: 0x0000000080002318 (0x6E038263) beq x7, x0, 0x6e4                       spcl_M2mmode_test+52

clint mtime 0x0000000000000437 (mip.MTI <- 0b1, mip.STI <- 0b0)
mem[X,0x00000000800029FC] -> 0x0493
mem[X,0x00000000800029FE] -> 0xFF55
[2158] [M]: 0x00000000800029FC (0xFF550493) addi x9, x10, -0xb                      rtn2mmode+0
x9 <- 0x0000000000000000

mem[X,0x0000000080002A00] -> 0x8C63
mem[X,0x0000000080002A02] -> 0x0004
[2159] [M]: 0x0000000080002A00 (0x00048C63) beq x9, x0, 0x18                        rtn2mmode+4

clint mtime 0x0000000000000438 (mip.MTI <- 0b1, mip.STI <- 0b0)
mem[X,0x0000000080002A18] -> 0x23F3
mem[X,0x0000000080002A1A] -> 0x3410
[2160] [M]: 0x0000000080002A18 (0x341023F3) csrrs x7, mepc, x0                      rtn_fm_mmode+0
CSR mepc (0x341) -> 0x0000000080002018
x7 <- 0x0000000080002018

mem[X,0x0000000080002A1C] -> 0x83B3
mem[X,0x0000000080002A1E] -> 0x0093
[2161] [M]: 0x0000000080002A1C (0x009383B3) add x7, x7, x9                          rtn_fm_mmode+4
x7 <- 0x0000000080002018

clint mtime 0x0000000000000439 (mip.MTI <- 0b1, mip.STI <- 0b0)
mem[X,0x0000000080002A20] -> 0x3303
mem[X,0x0000000080002A22] -> 0x2601
[2162] [M]: 0x0000000080002A20 (0x26013303) ld x6, 0x260(x2)                        rtn_fm_mmode+8
mem[R,0x0000000080005260] -> 0x000000001FDDB7D5
x6 <- 0x000000001FDDB7D5

mem[X,0x0000000080002A24] -> 0x3403
mem[X,0x0000000080002A26] -> 0x2701
[2163] [M]: 0x0000000080002A24 (0x27013403) ld x8, 0x270(x2)                        rtn_fm_mmode+12
mem[R,0x0000000080005270] -> 0x0000000000007F76
x8 <- 0x0000000000007F76

clint mtime 0x000000000000043A (mip.MTI <- 0b1, mip.STI <- 0b0)
mem[X,0x0000000080002A28] -> 0x3483
mem[X,0x0000000080002A2A] -> 0x2781
[2164] [M]: 0x0000000080002A28 (0x27813483) ld x9, 0x278(x2)                        rtn_fm_mmode+16
mem[R,0x0000000080005278] -> 0x00000000000000FE
x9 <- 0x00000000000000FE

mem[X,0x0000000080002A2C] -> 0x3503
mem[X,0x0000000080002A2E] -> 0x2801
[2165] [M]: 0x0000000080002A2C (0x28013503) ld x10, 0x280(x2)                       rtn_fm_mmode+20
mem[R,0x0000000080005280] -> 0x0000000000000001
x10 <- 0x0000000000000001

clint mtime 0x000000000000043B (mip.MTI <- 0b1, mip.STI <- 0b0)
mem[X,0x0000000080002A30] -> 0x3583
mem[X,0x0000000080002A32] -> 0x2881
[2166] [M]: 0x0000000080002A30 (0x28813583) ld x11, 0x288(x2)                       rtn_fm_mmode+24
mem[R,0x0000000080005288] -> 0x0000000000000000
x11 <- 0x0000000000000000

mem[X,0x0000000080002A34] -> 0x3103
mem[X,0x0000000080002A36] -> 0x2901
[2167] [M]: 0x0000000080002A34 (0x29013103) ld x2, 0x290(x2)                        rtn_fm_mmode+28
mem[R,0x0000000080005290] -> 0x0000000000000000
x2 <- 0x0000000000000000

clint mtime 0x000000000000043C (mip.MTI <- 0b1, mip.STI <- 0b0)
mem[X,0x0000000080002A38] -> 0x8067
mem[X,0x0000000080002A3A] -> 0x0043
[2168] [M]: 0x0000000080002A38 (0x00438067) jalr x0, 0x4(x7)                        rtn_fm_mmode+32

mem[X,0x000000008000201C] -> 0x2373
mem[X,0x000000008000201E] -> 0x3400
[2169] [M]: 0x000000008000201C (0x34002373) csrrs x6, mscratch, x0                  exit_Scleanup+0
CSR mscratch (0x340) -> 0x0000000080005000
x6 <- 0x0000000080005000

clint mtime 0x000000000000043D (mip.MTI <- 0b1, mip.STI <- 0b0)
mem[X,0x0000000080002020] -> 0x0313
mem[X,0x0000000080002022] -> 0x2983
[2170] [M]: 0x0000000080002020 (0x29830313) addi x6, x6, 0x298                      exit_Scleanup+4
x6 <- 0x0000000080005298

mem[X,0x0000000080002024] -> 0x3383
mem[X,0x0000000080002026] -> 0x2383
[2171] [M]: 0x0000000080002024 (0x23833383) ld x7, 0x238(x6)                        resto_Sedeleg+0
mem[R,0x00000000800054D0] -> 0x0000000000000000
x7 <- 0x0000000000000000

clint mtime 0x000000000000043E (mip.MTI <- 0b1, mip.STI <- 0b0)
mem[X,0x0000000080002028] -> 0x3383
mem[X,0x000000008000202A] -> 0x2203
[2172] [M]: 0x0000000080002028 (0x22033383) ld x7, 0x220(x6)                        resto_Ssatp+0
mem[R,0x00000000800054B8] -> 0x0000000000000000
x7 <- 0x0000000000000000

mem[X,0x000000008000202C] -> 0x9073
mem[X,0x000000008000202E] -> 0x1803
[2173] [M]: 0x000000008000202C (0x18039073) csrrw x0, satp, x7                      resto_Ssatp+4
CSR satp (0x180) <- 0x0000000000000000

clint mtime 0x000000000000043F (mip.MTI <- 0b1, mip.STI <- 0b0)
mem[X,0x0000000080002030] -> 0x3503
mem[X,0x0000000080002032] -> 0x2503
[2174] [M]: 0x0000000080002030 (0x25033503) ld x10, 0x250(x6)                       resto_Sscratch+0
mem[R,0x00000000800054E8] -> 0x0000000000000000
x10 <- 0x0000000000000000

mem[X,0x0000000080002034] -> 0x1073
mem[X,0x0000000080002036] -> 0x1405
[2175] [M]: 0x0000000080002034 (0x14051073) csrrw x0, sscratch, x10                 resto_Sscratch+4
CSR sscratch (0x140) <- 0x0000000000000000

clint mtime 0x0000000000000440 (mip.MTI <- 0b1, mip.STI <- 0b0)
mem[X,0x0000000080002038] -> 0x3483
mem[X,0x000000008000203A] -> 0x2483
[2176] [M]: 0x0000000080002038 (0x24833483) ld x9, 0x248(x6)                        resto_Sxtvec+0
mem[R,0x00000000800054E0] -> 0x0000000000000000
x9 <- 0x0000000000000000

mem[X,0x000000008000203C] -> 0x93F3
mem[X,0x000000008000203E] -> 0x1054
[2177] [M]: 0x000000008000203C (0x105493F3) csrrw x7, stvec, x9                     resto_Sxtvec+4
CSR stvec (0x105) <- 0x0000000000000000
x7 <- 0x0000000080002A40

clint mtime 0x0000000000000441 (mip.MTI <- 0b1, mip.STI <- 0b0)
mem[X,0x0000000080002040] -> 0xF493
mem[X,0x0000000080002042] -> 0xFFC4
[2178] [M]: 0x0000000080002040 (0xFFC4F493) andi x9, x9, -0x4                       resto_Sxtvec+8
x9 <- 0x0000000000000000

mem[X,0x0000000080002044] -> 0xF393
mem[X,0x0000000080002046] -> 0xFFC3
[2179] [M]: 0x0000000080002044 (0xFFC3F393) andi x7, x7, -0x4                       resto_Sxtvec+12
x7 <- 0x0000000080002A40

clint mtime 0x0000000000000442 (mip.MTI <- 0b1, mip.STI <- 0b0)
mem[X,0x0000000080002048] -> 0x9063
mem[X,0x000000008000204A] -> 0x0274
[2180] [M]: 0x0000000080002048 (0x02749063) bne x9, x7, 0x20                        resto_Sxtvec+16

mem[X,0x0000000080002068] -> 0x2373
mem[X,0x000000008000206A] -> 0x3400
[2181] [M]: 0x0000000080002068 (0x34002373) csrrs x6, mscratch, x0                  rvtest_Send+0
CSR mscratch (0x340) -> 0x0000000080005000
x6 <- 0x0000000080005000

clint mtime 0x0000000000000443 (mip.MTI <- 0b1, mip.STI <- 0b0)
mem[X,0x000000008000206C] -> 0x3383
mem[X,0x000000008000206E] -> 0x2383
[2182] [M]: 0x000000008000206C (0x23833383) ld x7, 0x238(x6)                        resto_Medeleg+0
mem[R,0x0000000080005238] -> 0x0000000000000000
x7 <- 0x0000000000000000

mem[X,0x0000000080002070] -> 0x9073
mem[X,0x0000000080002072] -> 0x3023
[2183] [M]: 0x0000000080002070 (0x30239073) csrrw x0, medeleg, x7                   resto_Medeleg+4
CSR medeleg (0x302) <- 0x0000000000000000

clint mtime 0x0000000000000444 (mip.MTI <- 0b1, mip.STI <- 0b0)
mem[X,0x0000000080002074] -> 0x3503
mem[X,0x0000000080002076] -> 0x2503
[2184] [M]: 0x0000000080002074 (0x25033503) ld x10, 0x250(x6)                       resto_Mscratch+0
mem[R,0x0000000080005250] -> 0x0000000000000000
x10 <- 0x0000000000000000

mem[X,0x0000000080002078] -> 0x1073
mem[X,0x000000008000207A] -> 0x3405
[2185] [M]: 0x0000000080002078 (0x34051073) csrrw x0, mscratch, x10                 resto_Mscratch+4
CSR mscratch (0x340) <- 0x0000000000000000

clint mtime 0x0000000000000445 (mip.MTI <- 0b1, mip.STI <- 0b0)
mem[X,0x000000008000207C] -> 0x3483
mem[X,0x000000008000207E] -> 0x2483
[2186] [M]: 0x000000008000207C (0x24833483) ld x9, 0x248(x6)                        resto_Mxtvec+0
mem[R,0x0000000080005248] -> 0x0000000000000000
x9 <- 0x0000000000000000

mem[X,0x0000000080002080] -> 0x93F3
mem[X,0x0000000080002082] -> 0x3054
[2187] [M]: 0x0000000080002080 (0x305493F3) csrrw x7, mtvec, x9                     resto_Mxtvec+4
CSR mtvec (0x305) <- 0x0000000000000000
x7 <- 0x0000000080002100

clint mtime 0x0000000000000446 (mip.MTI <- 0b1, mip.STI <- 0b0)
mem[X,0x0000000080002084] -> 0xF493
mem[X,0x0000000080002086] -> 0xFFC4
[2188] [M]: 0x0000000080002084 (0xFFC4F493) andi x9, x9, -0x4                       resto_Mxtvec+8
x9 <- 0x0000000000000000

mem[X,0x0000000080002088] -> 0xF393
mem[X,0x000000008000208A] -> 0xFFC3
[2189] [M]: 0x0000000080002088 (0xFFC3F393) andi x7, x7, -0x4                       resto_Mxtvec+12
x7 <- 0x0000000080002100

clint mtime 0x0000000000000447 (mip.MTI <- 0b1, mip.STI <- 0b0)
mem[X,0x000000008000208C] -> 0x9063
mem[X,0x000000008000208E] -> 0x0274
[2190] [M]: 0x000000008000208C (0x02749063) bne x9, x7, 0x20                        resto_Mxtvec+16

mem[X,0x00000000800020AC] -> 0x106F
mem[X,0x00000000800020AE] -> 0x2380
[2191] [M]: 0x00000000800020AC (0x2380106F) jal x0, 0x1238                          rvtest_Mend+0

clint mtime 0x0000000000000448 (mip.MTI <- 0b1, mip.STI <- 0b0)
mem[X,0x00000000800032E4] -> 0x0093
mem[X,0x00000000800032E6] -> 0x0010
[2192] [M]: 0x00000000800032E4 (0x00100093) addi x1, x0, 0x1                        exit_cleanup+0
x1 <- 0x0000000000000001

mem[X,0x00000000800032E8] -> 0x1397
mem[X,0x00000000800032EA] -> 0x0000
[2193] [M]: 0x00000000800032E8 (0x00001397) auipc x7, 0x1                           exit_cleanup+4
x7 <- 0x00000000800042E8

clint mtime 0x0000000000000449 (mip.MTI <- 0b1, mip.STI <- 0b0)
mem[X,0x00000000800032EC] -> 0xAC23
mem[X,0x00000000800032EE] -> 0xD013
[2194] [M]: 0x00000000800032EC (0xD013AC23) sw x1, -0x2e8(x7)                       exit_cleanup+8
htif[0x0000000080004000] <- 0x00000001
mem[W,0x0000000080004000] <- 0x00000001

mem[X,0x00000000800032F0] -> 0xF06F
mem[X,0x00000000800032F2] -> 0xFF9F
[2195] [M]: 0x00000000800032F0 (0xFF9FF06F) jal x0, -0x8                            exit_cleanup+12

clint mtime 0x000000000000044A (mip.MTI <- 0b1, mip.STI <- 0b0)
mem[X,0x00000000800032E8] -> 0x1397
mem[X,0x00000000800032EA] -> 0x0000
[2196] [M]: 0x00000000800032E8 (0x00001397) auipc x7, 0x1                           exit_cleanup+4
x7 <- 0x00000000800042E8

mem[X,0x00000000800032EC] -> 0xAC23
mem[X,0x00000000800032EE] -> 0xD013
[2197] [M]: 0x00000000800032EC (0xD013AC23) sw x1, -0x2e8(x7)                       exit_cleanup+8
htif[0x0000000080004000] <- 0x00000001
mem[W,0x0000000080004000] <- 0x00000001

clint mtime 0x000000000000044B (mip.MTI <- 0b1, mip.STI <- 0b0)
mem[X,0x00000000800032F0] -> 0xF06F
mem[X,0x00000000800032F2] -> 0xFF9F
[2198] [M]: 0x00000000800032F0 (0xFF9FF06F) jal x0, -0x8                            exit_cleanup+12

mem[X,0x00000000800032E8] -> 0x1397
mem[X,0x00000000800032EA] -> 0x0000
[2199] [M]: 0x00000000800032E8 (0x00001397) auipc x7, 0x1                           exit_cleanup+4
x7 <- 0x00000000800042E8

clint mtime 0x000000000000044C (mip.MTI <- 0b1, mip.STI <- 0b0)
mem[X,0x00000000800032EC] -> 0xAC23
mem[X,0x00000000800032EE] -> 0xD013
[2200] [M]: 0x00000000800032EC (0xD013AC23) sw x1, -0x2e8(x7)                       exit_cleanup+8
htif[0x0000000080004000] <- 0x00000001
htif-syscall-proxy cmd: 0x000000000001
mem[W,0x0000000080004000] <- 0x00000001

SUCCESS
