using /opt/riscv-arch-test/riscof-plugins/rv64/riscof_work/vm_pmp/src/sv48/sv48_pmp_on_pte_U_mode.S/ref/Reference-sail_c_simulator.signature for test-signature output.
setting signature-granularity to 8 bytes
HTIF located at 0x80003000
begin_signature: 0x80009110
end_signature: 0x80009520
Entry point: 0x80000000
CSR mstatus (0x300) <- 0x0000000A00000000
CSR misa (0x301) <- 0x800000000034112F
CSR mcause (0x342) <- 0x0000000000000000
x10 <- 0x0000000000000000
x11 <- 0x0000000000001000
mem[X,0x0000000080000000] -> 0x006F
mem[X,0x0000000080000002] -> 0x4200
[0] [M]: 0x0000000080000000 (0x4200006F) jal x0, 0x420                              rvtest_entry_point+0

mem[X,0x0000000080000420] -> 0x4317
mem[X,0x0000000080000422] -> 0x0000
[1] [M]: 0x0000000080000420 (0x00004317) auipc x6, 0x4                              starting_point+0
x6 <- 0x0000000080004420

clint mtime 0x0000000000000001 (mip.MTI <- 0b1, mip.STI <- 0b0)
mem[X,0x0000000080000424] -> 0x0313
mem[X,0x0000000080000426] -> 0xBE03
[2] [M]: 0x0000000080000424 (0xBE030313) addi x6, x6, -0x420                        starting_point+4
x6 <- 0x0000000080004000

mem[X,0x0000000080000428] -> 0x0013
mem[X,0x000000008000042A] -> 0x0000
[3] [M]: 0x0000000080000428 (0x00000013) addi x0, x0, 0x0                           starting_point+8

clint mtime 0x0000000000000002 (mip.MTI <- 0b1, mip.STI <- 0b0)
mem[X,0x000000008000042C] -> 0x0013
mem[X,0x000000008000042E] -> 0x0000
[4] [M]: 0x000000008000042C (0x00000013) addi x0, x0, 0x0                           starting_point+12

mem[X,0x0000000080000430] -> 0x0013
mem[X,0x0000000080000432] -> 0x0000
[5] [M]: 0x0000000080000430 (0x00000013) addi x0, x0, 0x0                           starting_point+16

clint mtime 0x0000000000000003 (mip.MTI <- 0b1, mip.STI <- 0b0)
mem[X,0x0000000080000434] -> 0x0013
mem[X,0x0000000080000436] -> 0x0000
[6] [M]: 0x0000000080000434 (0x00000013) addi x0, x0, 0x0                           starting_point+20

mem[X,0x0000000080000438] -> 0x0013
mem[X,0x000000008000043A] -> 0x0000
[7] [M]: 0x0000000080000438 (0x00000013) addi x0, x0, 0x0                           starting_point+24

clint mtime 0x0000000000000004 (mip.MTI <- 0b1, mip.STI <- 0b0)
mem[X,0x000000008000043C] -> 0x0013
mem[X,0x000000008000043E] -> 0x0000
[8] [M]: 0x000000008000043C (0x00000013) addi x0, x0, 0x0                           starting_point+28

mem[X,0x0000000080000440] -> 0x1473
mem[X,0x0000000080000442] -> 0x3403
[9] [M]: 0x0000000080000440 (0x34031473) csrrw x8, mscratch, x6                     init_Mscratch+0
CSR mscratch (0x340) <- 0x0000000080004000
x8 <- 0x0000000000000000

clint mtime 0x0000000000000005 (mip.MTI <- 0b1, mip.STI <- 0b0)
mem[X,0x0000000080000444] -> 0x3823
mem[X,0x0000000080000446] -> 0x2483
[10] [M]: 0x0000000080000444 (0x24833823) sd x8, 0x250(x6)                          init_Mscratch+4
mem[W,0x0000000080004250] <- 0x0000000000000000

mem[X,0x0000000080000448] -> 0x0393
mem[X,0x000000008000044A] -> 0x0000
[11] [M]: 0x0000000080000448 (0x00000393) addi x7, x0, 0x0                          init_Medeleg+0
x7 <- 0x0000000000000000

clint mtime 0x0000000000000006 (mip.MTI <- 0b1, mip.STI <- 0b0)
mem[X,0x000000008000044C] -> 0x93F3
mem[X,0x000000008000044E] -> 0x3023
[12] [M]: 0x000000008000044C (0x302393F3) csrrw x7, medeleg, x7                     init_Medeleg+4
CSR medeleg (0x302) <- 0x0000000000000000
x7 <- 0x0000000000000000

mem[X,0x0000000080000450] -> 0x3C23
mem[X,0x0000000080000452] -> 0x2273
[13] [M]: 0x0000000080000450 (0x22733C23) sd x7, 0x238(x6)                          init_Medeleg+8
mem[W,0x0000000080004238] <- 0x0000000000000000

clint mtime 0x0000000000000007 (mip.MTI <- 0b1, mip.STI <- 0b0)
mem[X,0x0000000080000454] -> 0x2473
mem[X,0x0000000080000456] -> 0x3050
[14] [M]: 0x0000000080000454 (0x30502473) csrrs x8, mtvec, x0                       init_Mtvec+0
CSR mtvec (0x305) -> 0x0000000000000000
x8 <- 0x0000000000000000

mem[X,0x0000000080000458] -> 0x3423
mem[X,0x000000008000045A] -> 0x2483
[15] [M]: 0x0000000080000458 (0x24833423) sd x8, 0x248(x6)                          init_Mtvec+4
mem[W,0x0000000080004248] <- 0x0000000000000000

clint mtime 0x0000000000000008 (mip.MTI <- 0b1, mip.STI <- 0b0)
mem[X,0x000000008000045C] -> 0x7393
mem[X,0x000000008000045E] -> 0x0034
[16] [M]: 0x000000008000045C (0x00347393) andi x7, x8, 0x3                          init_Mtvec+8
x7 <- 0x0000000000000000

mem[X,0x0000000080000460] -> 0x3483
mem[X,0x0000000080000462] -> 0x2303
[17] [M]: 0x0000000080000460 (0x23033483) ld x9, 0x230(x6)                          init_Mtvec+12
mem[R,0x0000000080004230] -> 0x0000000080001654
x9 <- 0x0000000080001654

clint mtime 0x0000000000000009 (mip.MTI <- 0b1, mip.STI <- 0b0)
mem[X,0x0000000080000464] -> 0x8493
mem[X,0x0000000080000466] -> 0xE2C4
[18] [M]: 0x0000000080000464 (0xE2C48493) addi x9, x9, -0x1d4                       init_Mtvec+16
x9 <- 0x0000000080001480

mem[X,0x0000000080000468] -> 0xE3B3
mem[X,0x000000008000046A] -> 0x0074
[19] [M]: 0x0000000080000468 (0x0074E3B3) or x7, x9, x7                             init_Mtvec+20
x7 <- 0x0000000080001480

clint mtime 0x000000000000000A (mip.MTI <- 0b1, mip.STI <- 0b0)
mem[X,0x000000008000046C] -> 0x3023
mem[X,0x000000008000046E] -> 0x2473
[20] [M]: 0x000000008000046C (0x24733023) sd x7, 0x240(x6)                          init_Mtvec+24
mem[W,0x0000000080004240] <- 0x0000000080001480

mem[X,0x0000000080000470] -> 0x9073
mem[X,0x0000000080000472] -> 0x3053
[21] [M]: 0x0000000080000470 (0x30539073) csrrw x0, mtvec, x7                       init_Mtvec+28
CSR mtvec (0x305) <- 0x0000000080001480

clint mtime 0x000000000000000B (mip.MTI <- 0b1, mip.STI <- 0b0)
mem[X,0x0000000080000474] -> 0x2573
mem[X,0x0000000080000476] -> 0x3050
[22] [M]: 0x0000000080000474 (0x30502573) csrrs x10, mtvec, x0                      init_Mtvec+32
CSR mtvec (0x305) -> 0x0000000080001480
x10 <- 0x0000000080001480

mem[X,0x0000000080000478] -> 0x0663
mem[X,0x000000008000047A] -> 0x0875
[23] [M]: 0x0000000080000478 (0x08750663) beq x10, x7, 0x8c                         init_Mtvec+36

clint mtime 0x000000000000000C (mip.MTI <- 0b1, mip.STI <- 0b0)
mem[X,0x0000000080000504] -> 0x0013
mem[X,0x0000000080000506] -> 0x0000
[24] [M]: 0x0000000080000504 (0x00000013) addi x0, x0, 0x0                          rvtest_Mprolog_done+0

mem[X,0x0000000080000508] -> 0x0013
mem[X,0x000000008000050A] -> 0x0000
[25] [M]: 0x0000000080000508 (0x00000013) addi x0, x0, 0x0                          rvtest_Mprolog_done+4

clint mtime 0x000000000000000D (mip.MTI <- 0b1, mip.STI <- 0b0)
mem[X,0x000000008000050C] -> 0x0013
mem[X,0x000000008000050E] -> 0x0000
[26] [M]: 0x000000008000050C (0x00000013) addi x0, x0, 0x0                          rvtest_Mprolog_done+8

mem[X,0x0000000080000510] -> 0x0013
mem[X,0x0000000080000512] -> 0x0000
[27] [M]: 0x0000000080000510 (0x00000013) addi x0, x0, 0x0                          rvtest_Mprolog_done+12

clint mtime 0x000000000000000E (mip.MTI <- 0b1, mip.STI <- 0b0)
mem[X,0x0000000080000514] -> 0x0013
mem[X,0x0000000080000516] -> 0x0000
[28] [M]: 0x0000000080000514 (0x00000013) addi x0, x0, 0x0                          rvtest_Mprolog_done+16

mem[X,0x0000000080000518] -> 0x0013
mem[X,0x000000008000051A] -> 0x0000
[29] [M]: 0x0000000080000518 (0x00000013) addi x0, x0, 0x0                          rvtest_Mprolog_done+20

clint mtime 0x000000000000000F (mip.MTI <- 0b1, mip.STI <- 0b0)
mem[X,0x000000008000051C] -> 0x0013
mem[X,0x000000008000051E] -> 0x0000
[30] [M]: 0x000000008000051C (0x00000013) addi x0, x0, 0x0                          rvtest_Mprolog_done+24

mem[X,0x0000000080000520] -> 0x4317
mem[X,0x0000000080000522] -> 0x0000
[31] [M]: 0x0000000080000520 (0x00004317) auipc x6, 0x4                             rvtest_Mprolog_done+28
x6 <- 0x0000000080004520

clint mtime 0x0000000000000010 (mip.MTI <- 0b1, mip.STI <- 0b0)
mem[X,0x0000000080000524] -> 0x0313
mem[X,0x0000000080000526] -> 0xD783
[32] [M]: 0x0000000080000524 (0xD7830313) addi x6, x6, -0x288                       rvtest_Mprolog_done+32
x6 <- 0x0000000080004298

mem[X,0x0000000080000528] -> 0x0001
[33] [M]: 0x0000000080000528 (0x0001) c.nop                                         rvtest_Mprolog_done+36

clint mtime 0x0000000000000011 (mip.MTI <- 0b1, mip.STI <- 0b0)
mem[X,0x000000008000052A] -> 0x0013
mem[X,0x000000008000052C] -> 0x0000
[34] [M]: 0x000000008000052A (0x00000013) addi x0, x0, 0x0                          rvtest_Mprolog_done+38

mem[X,0x000000008000052E] -> 0x0013
mem[X,0x0000000080000530] -> 0x0000
[35] [M]: 0x000000008000052E (0x00000013) addi x0, x0, 0x0                          rvtest_Mprolog_done+42

clint mtime 0x0000000000000012 (mip.MTI <- 0b1, mip.STI <- 0b0)
mem[X,0x0000000080000532] -> 0x0013
mem[X,0x0000000080000534] -> 0x0000
[36] [M]: 0x0000000080000532 (0x00000013) addi x0, x0, 0x0                          rvtest_Mprolog_done+46

mem[X,0x0000000080000536] -> 0x0013
mem[X,0x0000000080000538] -> 0x0000
[37] [M]: 0x0000000080000536 (0x00000013) addi x0, x0, 0x0                          rvtest_Mprolog_done+50

clint mtime 0x0000000000000013 (mip.MTI <- 0b1, mip.STI <- 0b0)
mem[X,0x000000008000053A] -> 0x0013
mem[X,0x000000008000053C] -> 0x0000
[38] [M]: 0x000000008000053A (0x00000013) addi x0, x0, 0x0                          rvtest_Mprolog_done+54

mem[X,0x000000008000053E] -> 0x0001
[39] [M]: 0x000000008000053E (0x0001) c.nop                                         rvtest_Mprolog_done+58

clint mtime 0x0000000000000014 (mip.MTI <- 0b1, mip.STI <- 0b0)
mem[X,0x0000000080000540] -> 0x1473
mem[X,0x0000000080000542] -> 0x1403
[40] [M]: 0x0000000080000540 (0x14031473) csrrw x8, sscratch, x6                    init_Sscratch+0
CSR sscratch (0x140) <- 0x0000000080004298
x8 <- 0x0000000000000000

mem[X,0x0000000080000544] -> 0x3823
mem[X,0x0000000080000546] -> 0x2483
[41] [M]: 0x0000000080000544 (0x24833823) sd x8, 0x250(x6)                          init_Sscratch+4
mem[W,0x00000000800044E8] <- 0x0000000000000000

clint mtime 0x0000000000000015 (mip.MTI <- 0b1, mip.STI <- 0b0)
mem[X,0x0000000080000548] -> 0x0393
mem[X,0x000000008000054A] -> 0x0000
[42] [M]: 0x0000000080000548 (0x00000393) addi x7, x0, 0x0                          init_Sedeleg+0
x7 <- 0x0000000000000000

mem[X,0x000000008000054C] -> 0x3C23
mem[X,0x000000008000054E] -> 0x2273
[43] [M]: 0x000000008000054C (0x22733C23) sd x7, 0x238(x6)                          init_Sedeleg+4
mem[W,0x00000000800044D0] <- 0x0000000000000000

clint mtime 0x0000000000000016 (mip.MTI <- 0b1, mip.STI <- 0b0)
mem[X,0x0000000080000550] -> 0x0013
mem[X,0x0000000080000552] -> 0x0000
[44] [M]: 0x0000000080000550 (0x00000013) addi x0, x0, 0x0                          init_Ssatp+0

mem[X,0x0000000080000554] -> 0x0013
mem[X,0x0000000080000556] -> 0x0000
[45] [M]: 0x0000000080000554 (0x00000013) addi x0, x0, 0x0                          init_Ssatp+4

clint mtime 0x0000000000000017 (mip.MTI <- 0b1, mip.STI <- 0b0)
mem[X,0x0000000080000558] -> 0x0013
mem[X,0x000000008000055A] -> 0x0000
[46] [M]: 0x0000000080000558 (0x00000013) addi x0, x0, 0x0                          init_Ssatp+8

mem[X,0x000000008000055C] -> 0x0013
mem[X,0x000000008000055E] -> 0x0000
[47] [M]: 0x000000008000055C (0x00000013) addi x0, x0, 0x0                          init_Ssatp+12

clint mtime 0x0000000000000018 (mip.MTI <- 0b1, mip.STI <- 0b0)
mem[X,0x0000000080000560] -> 0x8497
mem[X,0x0000000080000562] -> 0x0000
[48] [M]: 0x0000000080000560 (0x00008497) auipc x9, 0x8                             init_Ssatp+16
x9 <- 0x0000000080008560

mem[X,0x0000000080000564] -> 0x8493
mem[X,0x0000000080000566] -> 0xAA04
[49] [M]: 0x0000000080000564 (0xAA048493) addi x9, x9, -0x560                       init_Ssatp+20
x9 <- 0x0000000080008000

clint mtime 0x0000000000000019 (mip.MTI <- 0b1, mip.STI <- 0b0)
mem[X,0x0000000080000568] -> 0x0001
[50] [M]: 0x0000000080000568 (0x0001) c.nop                                         init_Ssatp+24

mem[X,0x000000008000056A] -> 0x0013
mem[X,0x000000008000056C] -> 0x0000
[51] [M]: 0x000000008000056A (0x00000013) addi x0, x0, 0x0                          init_Ssatp+26

clint mtime 0x000000000000001A (mip.MTI <- 0b1, mip.STI <- 0b0)
mem[X,0x000000008000056E] -> 0x0013
mem[X,0x0000000080000570] -> 0x0000
[52] [M]: 0x000000008000056E (0x00000013) addi x0, x0, 0x0                          init_Ssatp+30

mem[X,0x0000000080000572] -> 0x0013
mem[X,0x0000000080000574] -> 0x0000
[53] [M]: 0x0000000080000572 (0x00000013) addi x0, x0, 0x0                          init_Ssatp+34

clint mtime 0x000000000000001B (mip.MTI <- 0b1, mip.STI <- 0b0)
mem[X,0x0000000080000576] -> 0x0013
mem[X,0x0000000080000578] -> 0x0000
[54] [M]: 0x0000000080000576 (0x00000013) addi x0, x0, 0x0                          init_Ssatp+38

mem[X,0x000000008000057A] -> 0x0013
mem[X,0x000000008000057C] -> 0x0000
[55] [M]: 0x000000008000057A (0x00000013) addi x0, x0, 0x0                          init_Ssatp+42

clint mtime 0x000000000000001C (mip.MTI <- 0b1, mip.STI <- 0b0)
mem[X,0x000000008000057E] -> 0x0001
[56] [M]: 0x000000008000057E (0x0001) c.nop                                         init_Ssatp+46

mem[X,0x0000000080000580] -> 0xD493
mem[X,0x0000000080000582] -> 0x00C4
[57] [M]: 0x0000000080000580 (0x00C4D493) srli x9, x9, 0xc                          init_Ssatp+48
x9 <- 0x0000000000080008

clint mtime 0x000000000000001D (mip.MTI <- 0b1, mip.STI <- 0b0)
mem[X,0x0000000080000584] -> 0x0413
mem[X,0x0000000080000586] -> 0xFFF0
[58] [M]: 0x0000000080000584 (0xFFF00413) addi x8, x0, -0x1                         init_Ssatp+52
x8 <- 0xFFFFFFFFFFFFFFFF

mem[X,0x0000000080000588] -> 0x1413
mem[X,0x000000008000058A] -> 0x03F4
[59] [M]: 0x0000000080000588 (0x03F41413) slli x8, x8, 0x3f                         init_Ssatp+56
x8 <- 0x8000000000000000

clint mtime 0x000000000000001E (mip.MTI <- 0b1, mip.STI <- 0b0)
mem[X,0x000000008000058C] -> 0xE4B3
mem[X,0x000000008000058E] -> 0x0084
[60] [M]: 0x000000008000058C (0x0084E4B3) or x9, x9, x8                             init_Ssatp+60
x9 <- 0x8000000000080008

mem[X,0x0000000080000590] -> 0x94F3
mem[X,0x0000000080000592] -> 0x1804
[61] [M]: 0x0000000080000590 (0x180494F3) csrrw x9, satp, x9                        init_Ssatp+64
CSR satp (0x180) <- 0x8000000000080008
x9 <- 0x0000000000000000

clint mtime 0x000000000000001F (mip.MTI <- 0b1, mip.STI <- 0b0)
mem[X,0x0000000080000594] -> 0x3023
mem[X,0x0000000080000596] -> 0x2293
[62] [M]: 0x0000000080000594 (0x22933023) sd x9, 0x220(x6)                          init_Ssatp+68
mem[W,0x00000000800044B8] <- 0x0000000000000000

mem[X,0x0000000080000598] -> 0x2473
mem[X,0x000000008000059A] -> 0x1050
[63] [M]: 0x0000000080000598 (0x10502473) csrrs x8, stvec, x0                       init_Stvec+0
CSR stvec (0x105) -> 0x0000000000000000
x8 <- 0x0000000000000000

clint mtime 0x0000000000000020 (mip.MTI <- 0b1, mip.STI <- 0b0)
mem[X,0x000000008000059C] -> 0x3423
mem[X,0x000000008000059E] -> 0x2483
[64] [M]: 0x000000008000059C (0x24833423) sd x8, 0x248(x6)                          init_Stvec+4
mem[W,0x00000000800044E0] <- 0x0000000000000000

mem[X,0x00000000800005A0] -> 0x7393
mem[X,0x00000000800005A2] -> 0x0034
[65] [M]: 0x00000000800005A0 (0x00347393) andi x7, x8, 0x3                          init_Stvec+8
x7 <- 0x0000000000000000

clint mtime 0x0000000000000021 (mip.MTI <- 0b1, mip.STI <- 0b0)
mem[X,0x00000000800005A4] -> 0x3483
mem[X,0x00000000800005A6] -> 0x2303
[66] [M]: 0x00000000800005A4 (0x23033483) ld x9, 0x230(x6)                          init_Stvec+12
mem[R,0x00000000800044C8] -> 0x0000000080001FD4
x9 <- 0x0000000080001FD4

mem[X,0x00000000800005A8] -> 0x8493
mem[X,0x00000000800005AA] -> 0xE2C4
[67] [M]: 0x00000000800005A8 (0xE2C48493) addi x9, x9, -0x1d4                       init_Stvec+16
x9 <- 0x0000000080001E00

clint mtime 0x0000000000000022 (mip.MTI <- 0b1, mip.STI <- 0b0)
mem[X,0x00000000800005AC] -> 0xE3B3
mem[X,0x00000000800005AE] -> 0x0074
[68] [M]: 0x00000000800005AC (0x0074E3B3) or x7, x9, x7                             init_Stvec+20
x7 <- 0x0000000080001E00

mem[X,0x00000000800005B0] -> 0x3023
mem[X,0x00000000800005B2] -> 0x2473
[69] [M]: 0x00000000800005B0 (0x24733023) sd x7, 0x240(x6)                          init_Stvec+24
mem[W,0x00000000800044D8] <- 0x0000000080001E00

clint mtime 0x0000000000000023 (mip.MTI <- 0b1, mip.STI <- 0b0)
mem[X,0x00000000800005B4] -> 0x9073
mem[X,0x00000000800005B6] -> 0x1053
[70] [M]: 0x00000000800005B4 (0x10539073) csrrw x0, stvec, x7                       init_Stvec+28
CSR stvec (0x105) <- 0x0000000080001E00

mem[X,0x00000000800005B8] -> 0x2573
mem[X,0x00000000800005BA] -> 0x1050
[71] [M]: 0x00000000800005B8 (0x10502573) csrrs x10, stvec, x0                      init_Stvec+32
CSR stvec (0x105) -> 0x0000000080001E00
x10 <- 0x0000000080001E00

clint mtime 0x0000000000000024 (mip.MTI <- 0b1, mip.STI <- 0b0)
mem[X,0x00000000800005BC] -> 0x0463
mem[X,0x00000000800005BE] -> 0x0875
[72] [M]: 0x00000000800005BC (0x08750463) beq x10, x7, 0x88                         init_Stvec+36

mem[X,0x0000000080000644] -> 0x0093
mem[X,0x0000000080000646] -> 0x0000
[73] [M]: 0x0000000080000644 (0x00000093) addi x1, x0, 0x0                          rvtest_entrypoint+0
x1 <- 0x0000000000000000

clint mtime 0x0000000000000025 (mip.MTI <- 0b1, mip.STI <- 0b0)
mem[X,0x0000000080000648] -> 0x9073
mem[X,0x000000008000064A] -> 0x3000
[74] [M]: 0x0000000080000648 (0x30009073) csrrw x0, mstatus, x1                     rvtest_entrypoint+4
CSR mstatus (0x300) <- 0x0000000A00000000

mem[X,0x000000008000064C] -> 0x9073
mem[X,0x000000008000064E] -> 0x3410
[75] [M]: 0x000000008000064C (0x34109073) csrrw x0, mepc, x1                        rvtest_entrypoint+8
CSR mepc (0x341) <- 0x0000000000000000

clint mtime 0x0000000000000026 (mip.MTI <- 0b1, mip.STI <- 0b0)
mem[X,0x0000000080000650] -> 0x9073
mem[X,0x0000000080000652] -> 0x3440
[76] [M]: 0x0000000080000650 (0x34409073) csrrw x0, mip, x1                         rvtest_entrypoint+12
CSR mip (0x344) <- 0x0000000000000080

mem[X,0x0000000080000654] -> 0x9073
mem[X,0x0000000080000656] -> 0x3430
[77] [M]: 0x0000000080000654 (0x34309073) csrrw x0, mtval, x1                       rvtest_entrypoint+16
CSR mtval (0x343) <- 0x0000000000000000

clint mtime 0x0000000000000027 (mip.MTI <- 0b1, mip.STI <- 0b0)
mem[X,0x0000000080000658] -> 0x9073
mem[X,0x000000008000065A] -> 0x3420
[78] [M]: 0x0000000080000658 (0x34209073) csrrw x0, mcause, x1                      rvtest_entrypoint+20
CSR mcause (0x342) <- 0x0000000000000000

mem[X,0x000000008000065C] -> 0x0837
mem[X,0x000000008000065E] -> 0x7D5C
[79] [M]: 0x000000008000065C (0x7D5C0837) lui x16, 0x7d5c0                          rvtest_entrypoint+24
x16 <- 0x000000007D5C0000

clint mtime 0x0000000000000028 (mip.MTI <- 0b1, mip.STI <- 0b0)
mem[X,0x0000000080000660] -> 0x0813
mem[X,0x0000000080000662] -> 0xDDB8
[80] [M]: 0x0000000080000660 (0xDDB80813) addi x16, x16, -0x225                     rvtest_entrypoint+28
x16 <- 0x000000007D5BFDDB

mem[X,0x0000000080000664] -> 0x1813
mem[X,0x0000000080000666] -> 0x00B8
[81] [M]: 0x0000000080000664 (0x00B81813) slli x16, x16, 0xb                        rvtest_entrypoint+32
x16 <- 0x000003EADFEED800

clint mtime 0x0000000000000029 (mip.MTI <- 0b1, mip.STI <- 0b0)
mem[X,0x0000000080000668] -> 0x0813
mem[X,0x000000008000066A] -> 0x3EA8
[82] [M]: 0x0000000080000668 (0x3EA80813) addi x16, x16, 0x3ea                      rvtest_entrypoint+36
x16 <- 0x000003EADFEEDBEA

mem[X,0x000000008000066C] -> 0x1813
mem[X,0x000000008000066E] -> 0x00B8
[83] [M]: 0x000000008000066C (0x00B81813) slli x16, x16, 0xb                        rvtest_entrypoint+40
x16 <- 0x001F56FF76DF5000

clint mtime 0x000000000000002A (mip.MTI <- 0b1, mip.STI <- 0b0)
mem[X,0x0000000080000670] -> 0x0813
mem[X,0x0000000080000672] -> 0x6FF8
[84] [M]: 0x0000000080000670 (0x6FF80813) addi x16, x16, 0x6ff                      rvtest_entrypoint+44
x16 <- 0x001F56FF76DF56FF

mem[X,0x0000000080000674] -> 0x1813
mem[X,0x0000000080000676] -> 0x00A8
[85] [M]: 0x0000000080000674 (0x00A81813) slli x16, x16, 0xa                        rvtest_entrypoint+48
x16 <- 0x7D5BFDDB7D5BFC00

clint mtime 0x000000000000002B (mip.MTI <- 0b1, mip.STI <- 0b0)
mem[X,0x0000000080000678] -> 0x0813
mem[X,0x000000008000067A] -> 0x1DB8
[86] [M]: 0x0000000080000678 (0x1DB80813) addi x16, x16, 0x1db                      rvtest_entrypoint+52
x16 <- 0x7D5BFDDB7D5BFDDB

mem[X,0x000000008000067C] -> 0x5893
mem[X,0x000000008000067E] -> 0x0078
[87] [M]: 0x000000008000067C (0x00785893) srli x17, x16, 0x7                        rvtest_entrypoint+56
x17 <- 0x00FAB7FBB6FAB7FB

clint mtime 0x000000000000002C (mip.MTI <- 0b1, mip.STI <- 0b0)
mem[X,0x0000000080000680] -> 0x5793
mem[X,0x0000000080000682] -> 0x0398
[88] [M]: 0x0000000080000680 (0x03985793) srli x15, x16, 0x39                       rvtest_entrypoint+60
x15 <- 0x000000000000003E

mem[X,0x0000000080000684] -> 0xE8B3
mem[X,0x0000000080000686] -> 0x00F8
[89] [M]: 0x0000000080000684 (0x00F8E8B3) or x17, x17, x15                          rvtest_entrypoint+64
x17 <- 0x00FAB7FBB6FAB7FF

clint mtime 0x000000000000002D (mip.MTI <- 0b1, mip.STI <- 0b0)
mem[X,0x0000000080000688] -> 0xD913
mem[X,0x000000008000068A] -> 0x0078
[90] [M]: 0x0000000080000688 (0x0078D913) srli x18, x17, 0x7                        rvtest_entrypoint+68
x18 <- 0x0001F56FF76DF56F

mem[X,0x000000008000068C] -> 0xD793
mem[X,0x000000008000068E] -> 0x0398
[91] [M]: 0x000000008000068C (0x0398D793) srli x15, x17, 0x39                       rvtest_entrypoint+72
x15 <- 0x0000000000000000

clint mtime 0x000000000000002E (mip.MTI <- 0b1, mip.STI <- 0b0)
mem[X,0x0000000080000690] -> 0x6933
mem[X,0x0000000080000692] -> 0x00F9
[92] [M]: 0x0000000080000690 (0x00F96933) or x18, x18, x15                          rvtest_entrypoint+76
x18 <- 0x0001F56FF76DF56F

mem[X,0x0000000080000694] -> 0x5993
mem[X,0x0000000080000696] -> 0x0079
[93] [M]: 0x0000000080000694 (0x00795993) srli x19, x18, 0x7                        rvtest_entrypoint+80
x19 <- 0x000003EADFEEDBEA

clint mtime 0x000000000000002F (mip.MTI <- 0b1, mip.STI <- 0b0)
mem[X,0x0000000080000698] -> 0x5793
mem[X,0x000000008000069A] -> 0x0399
[94] [M]: 0x0000000080000698 (0x03995793) srli x15, x18, 0x39                       rvtest_entrypoint+84
x15 <- 0x0000000000000000

mem[X,0x000000008000069C] -> 0xE9B3
mem[X,0x000000008000069E] -> 0x00F9
[95] [M]: 0x000000008000069C (0x00F9E9B3) or x19, x19, x15                          rvtest_entrypoint+88
x19 <- 0x000003EADFEEDBEA

clint mtime 0x0000000000000030 (mip.MTI <- 0b1, mip.STI <- 0b0)
mem[X,0x00000000800006A0] -> 0xDA13
mem[X,0x00000000800006A2] -> 0x0079
[96] [M]: 0x00000000800006A0 (0x0079DA13) srli x20, x19, 0x7                        rvtest_entrypoint+92
x20 <- 0x00000007D5BFDDB7

mem[X,0x00000000800006A4] -> 0xD793
mem[X,0x00000000800006A6] -> 0x0399
[97] [M]: 0x00000000800006A4 (0x0399D793) srli x15, x19, 0x39                       rvtest_entrypoint+96
x15 <- 0x0000000000000000

clint mtime 0x0000000000000031 (mip.MTI <- 0b1, mip.STI <- 0b0)
mem[X,0x00000000800006A8] -> 0x6A33
mem[X,0x00000000800006AA] -> 0x00FA
[98] [M]: 0x00000000800006A8 (0x00FA6A33) or x20, x20, x15                          rvtest_entrypoint+100
x20 <- 0x00000007D5BFDDB7

mem[X,0x00000000800006AC] -> 0x5A93
mem[X,0x00000000800006AE] -> 0x007A
[99] [M]: 0x00000000800006AC (0x007A5A93) srli x21, x20, 0x7                        rvtest_entrypoint+104
x21 <- 0x000000000FAB7FBB

clint mtime 0x0000000000000032 (mip.MTI <- 0b1, mip.STI <- 0b0)
mem[X,0x00000000800006B0] -> 0x5793
mem[X,0x00000000800006B2] -> 0x039A
[100] [M]: 0x00000000800006B0 (0x039A5793) srli x15, x20, 0x39                      rvtest_entrypoint+108
x15 <- 0x0000000000000000

mem[X,0x00000000800006B4] -> 0xEAB3
mem[X,0x00000000800006B6] -> 0x00FA
[101] [M]: 0x00000000800006B4 (0x00FAEAB3) or x21, x21, x15                         rvtest_entrypoint+112
x21 <- 0x000000000FAB7FBB

clint mtime 0x0000000000000033 (mip.MTI <- 0b1, mip.STI <- 0b0)
mem[X,0x00000000800006B8] -> 0xDB13
mem[X,0x00000000800006BA] -> 0x007A
[102] [M]: 0x00000000800006B8 (0x007ADB13) srli x22, x21, 0x7                       rvtest_entrypoint+116
x22 <- 0x00000000001F56FF

mem[X,0x00000000800006BC] -> 0xD793
mem[X,0x00000000800006BE] -> 0x039A
[103] [M]: 0x00000000800006BC (0x039AD793) srli x15, x21, 0x39                      rvtest_entrypoint+120
x15 <- 0x0000000000000000

clint mtime 0x0000000000000034 (mip.MTI <- 0b1, mip.STI <- 0b0)
mem[X,0x00000000800006C0] -> 0x6B33
mem[X,0x00000000800006C2] -> 0x00FB
[104] [M]: 0x00000000800006C0 (0x00FB6B33) or x22, x22, x15                         rvtest_entrypoint+124
x22 <- 0x00000000001F56FF

mem[X,0x00000000800006C4] -> 0x5B93
mem[X,0x00000000800006C6] -> 0x007B
[105] [M]: 0x00000000800006C4 (0x007B5B93) srli x23, x22, 0x7                       rvtest_entrypoint+128
x23 <- 0x0000000000003EAD

clint mtime 0x0000000000000035 (mip.MTI <- 0b1, mip.STI <- 0b0)
mem[X,0x00000000800006C8] -> 0x5793
mem[X,0x00000000800006CA] -> 0x039B
[106] [M]: 0x00000000800006C8 (0x039B5793) srli x15, x22, 0x39                      rvtest_entrypoint+132
x15 <- 0x0000000000000000

mem[X,0x00000000800006CC] -> 0xEBB3
mem[X,0x00000000800006CE] -> 0x00FB
[107] [M]: 0x00000000800006CC (0x00FBEBB3) or x23, x23, x15                         rvtest_entrypoint+136
x23 <- 0x0000000000003EAD

clint mtime 0x0000000000000036 (mip.MTI <- 0b1, mip.STI <- 0b0)
mem[X,0x00000000800006D0] -> 0xDC13
mem[X,0x00000000800006D2] -> 0x007B
[108] [M]: 0x00000000800006D0 (0x007BDC13) srli x24, x23, 0x7                       rvtest_entrypoint+140
x24 <- 0x000000000000007D

mem[X,0x00000000800006D4] -> 0xD793
mem[X,0x00000000800006D6] -> 0x039B
[109] [M]: 0x00000000800006D4 (0x039BD793) srli x15, x23, 0x39                      rvtest_entrypoint+144
x15 <- 0x0000000000000000

clint mtime 0x0000000000000037 (mip.MTI <- 0b1, mip.STI <- 0b0)
mem[X,0x00000000800006D8] -> 0x6C33
mem[X,0x00000000800006DA] -> 0x00FC
[110] [M]: 0x00000000800006D8 (0x00FC6C33) or x24, x24, x15                         rvtest_entrypoint+148
x24 <- 0x000000000000007D

mem[X,0x00000000800006DC] -> 0x5C93
mem[X,0x00000000800006DE] -> 0x007C
[111] [M]: 0x00000000800006DC (0x007C5C93) srli x25, x24, 0x7                       rvtest_entrypoint+152
x25 <- 0x0000000000000000

clint mtime 0x0000000000000038 (mip.MTI <- 0b1, mip.STI <- 0b0)
mem[X,0x00000000800006E0] -> 0x5793
mem[X,0x00000000800006E2] -> 0x039C
[112] [M]: 0x00000000800006E0 (0x039C5793) srli x15, x24, 0x39                      rvtest_entrypoint+156
x15 <- 0x0000000000000000

mem[X,0x00000000800006E4] -> 0xECB3
mem[X,0x00000000800006E6] -> 0x00FC
[113] [M]: 0x00000000800006E4 (0x00FCECB3) or x25, x25, x15                         rvtest_entrypoint+160
x25 <- 0x0000000000000000

clint mtime 0x0000000000000039 (mip.MTI <- 0b1, mip.STI <- 0b0)
mem[X,0x00000000800006E8] -> 0xDD13
mem[X,0x00000000800006EA] -> 0x007C
[114] [M]: 0x00000000800006E8 (0x007CDD13) srli x26, x25, 0x7                       rvtest_entrypoint+164
x26 <- 0x0000000000000000

mem[X,0x00000000800006EC] -> 0xD793
mem[X,0x00000000800006EE] -> 0x039C
[115] [M]: 0x00000000800006EC (0x039CD793) srli x15, x25, 0x39                      rvtest_entrypoint+168
x15 <- 0x0000000000000000

clint mtime 0x000000000000003A (mip.MTI <- 0b1, mip.STI <- 0b0)
mem[X,0x00000000800006F0] -> 0x6D33
mem[X,0x00000000800006F2] -> 0x00FD
[116] [M]: 0x00000000800006F0 (0x00FD6D33) or x26, x26, x15                         rvtest_entrypoint+172
x26 <- 0x0000000000000000

mem[X,0x00000000800006F4] -> 0x5D93
mem[X,0x00000000800006F6] -> 0x007D
[117] [M]: 0x00000000800006F4 (0x007D5D93) srli x27, x26, 0x7                       rvtest_entrypoint+176
x27 <- 0x0000000000000000

clint mtime 0x000000000000003B (mip.MTI <- 0b1, mip.STI <- 0b0)
mem[X,0x00000000800006F8] -> 0x5793
mem[X,0x00000000800006FA] -> 0x039D
[118] [M]: 0x00000000800006F8 (0x039D5793) srli x15, x26, 0x39                      rvtest_entrypoint+180
x15 <- 0x0000000000000000

mem[X,0x00000000800006FC] -> 0xEDB3
mem[X,0x00000000800006FE] -> 0x00FD
[119] [M]: 0x00000000800006FC (0x00FDEDB3) or x27, x27, x15                         rvtest_entrypoint+184
x27 <- 0x0000000000000000

clint mtime 0x000000000000003C (mip.MTI <- 0b1, mip.STI <- 0b0)
mem[X,0x0000000080000700] -> 0xDE13
mem[X,0x0000000080000702] -> 0x007D
[120] [M]: 0x0000000080000700 (0x007DDE13) srli x28, x27, 0x7                       rvtest_entrypoint+188
x28 <- 0x0000000000000000

mem[X,0x0000000080000704] -> 0xD793
mem[X,0x0000000080000706] -> 0x039D
[121] [M]: 0x0000000080000704 (0x039DD793) srli x15, x27, 0x39                      rvtest_entrypoint+192
x15 <- 0x0000000000000000

clint mtime 0x000000000000003D (mip.MTI <- 0b1, mip.STI <- 0b0)
mem[X,0x0000000080000708] -> 0x6E33
mem[X,0x000000008000070A] -> 0x00FE
[122] [M]: 0x0000000080000708 (0x00FE6E33) or x28, x28, x15                         rvtest_entrypoint+196
x28 <- 0x0000000000000000

mem[X,0x000000008000070C] -> 0x5E93
mem[X,0x000000008000070E] -> 0x007E
[123] [M]: 0x000000008000070C (0x007E5E93) srli x29, x28, 0x7                       rvtest_entrypoint+200
x29 <- 0x0000000000000000

clint mtime 0x000000000000003E (mip.MTI <- 0b1, mip.STI <- 0b0)
mem[X,0x0000000080000710] -> 0x5793
mem[X,0x0000000080000712] -> 0x039E
[124] [M]: 0x0000000080000710 (0x039E5793) srli x15, x28, 0x39                      rvtest_entrypoint+204
x15 <- 0x0000000000000000

mem[X,0x0000000080000714] -> 0xEEB3
mem[X,0x0000000080000716] -> 0x00FE
[125] [M]: 0x0000000080000714 (0x00FEEEB3) or x29, x29, x15                         rvtest_entrypoint+208
x29 <- 0x0000000000000000

clint mtime 0x000000000000003F (mip.MTI <- 0b1, mip.STI <- 0b0)
mem[X,0x0000000080000718] -> 0xDF13
mem[X,0x000000008000071A] -> 0x007E
[126] [M]: 0x0000000080000718 (0x007EDF13) srli x30, x29, 0x7                       rvtest_entrypoint+212
x30 <- 0x0000000000000000

mem[X,0x000000008000071C] -> 0xD793
mem[X,0x000000008000071E] -> 0x039E
[127] [M]: 0x000000008000071C (0x039ED793) srli x15, x29, 0x39                      rvtest_entrypoint+216
x15 <- 0x0000000000000000

clint mtime 0x0000000000000040 (mip.MTI <- 0b1, mip.STI <- 0b0)
mem[X,0x0000000080000720] -> 0x6F33
mem[X,0x0000000080000722] -> 0x00FF
[128] [M]: 0x0000000080000720 (0x00FF6F33) or x30, x30, x15                         rvtest_entrypoint+220
x30 <- 0x0000000000000000

mem[X,0x0000000080000724] -> 0xC0B7
mem[X,0x0000000080000726] -> 0xFEED
[129] [M]: 0x0000000080000724 (0xFEEDC0B7) lui x1, -0x1124                          rvtest_entrypoint+224
x1 <- 0xFFFFFFFFFEEDC000

clint mtime 0x0000000000000041 (mip.MTI <- 0b1, mip.STI <- 0b0)
mem[X,0x0000000080000728] -> 0x8093
mem[X,0x000000008000072A] -> 0xEAD0
[130] [M]: 0x0000000080000728 (0xEAD08093) addi x1, x1, -0x153                      rvtest_entrypoint+228
x1 <- 0xFFFFFFFFFEEDBEAD

mem[X,0x000000008000072C] -> 0x9093
mem[X,0x000000008000072E] -> 0x00B0
[131] [M]: 0x000000008000072C (0x00B09093) slli x1, x1, 0xb                         rvtest_entrypoint+232
x1 <- 0xFFFFFFF76DF56800

clint mtime 0x0000000000000042 (mip.MTI <- 0b1, mip.STI <- 0b0)
mem[X,0x0000000080000730] -> 0x8093
mem[X,0x0000000080000732] -> 0x7F70
[132] [M]: 0x0000000080000730 (0x7F708093) addi x1, x1, 0x7f7                       rvtest_entrypoint+236
x1 <- 0xFFFFFFF76DF56FF7

mem[X,0x0000000080000734] -> 0x9093
mem[X,0x0000000080000736] -> 0x00B0
[133] [M]: 0x0000000080000734 (0x00B09093) slli x1, x1, 0xb                         rvtest_entrypoint+240
x1 <- 0xFFFFBB6FAB7FB800

clint mtime 0x0000000000000043 (mip.MTI <- 0b1, mip.STI <- 0b0)
mem[X,0x0000000080000738] -> 0x8093
mem[X,0x000000008000073A] -> 0x36F0
[134] [M]: 0x0000000080000738 (0x36F08093) addi x1, x1, 0x36f                       rvtest_entrypoint+244
x1 <- 0xFFFFBB6FAB7FBB6F

mem[X,0x000000008000073C] -> 0x9093
mem[X,0x000000008000073E] -> 0x00A0
[135] [M]: 0x000000008000073C (0x00A09093) slli x1, x1, 0xa                         rvtest_entrypoint+248
x1 <- 0xFEEDBEADFEEDBC00

clint mtime 0x0000000000000044 (mip.MTI <- 0b1, mip.STI <- 0b0)
mem[X,0x0000000080000740] -> 0x8093
mem[X,0x0000000080000742] -> 0x2AD0
[136] [M]: 0x0000000080000740 (0x2AD08093) addi x1, x1, 0x2ad                       rvtest_entrypoint+252
x1 <- 0xFEEDBEADFEEDBEAD

mem[X,0x0000000080000744] -> 0xD113
mem[X,0x0000000080000746] -> 0x0070
[137] [M]: 0x0000000080000744 (0x0070D113) srli x2, x1, 0x7                         rvtest_entrypoint+256
x2 <- 0x01FDDB7D5BFDDB7D

clint mtime 0x0000000000000045 (mip.MTI <- 0b1, mip.STI <- 0b0)
mem[X,0x0000000080000748] -> 0xD793
mem[X,0x000000008000074A] -> 0x0390
[138] [M]: 0x0000000080000748 (0x0390D793) srli x15, x1, 0x39                       rvtest_entrypoint+260
x15 <- 0x000000000000007F

mem[X,0x000000008000074C] -> 0x6133
mem[X,0x000000008000074E] -> 0x00F1
[139] [M]: 0x000000008000074C (0x00F16133) or x2, x2, x15                           rvtest_entrypoint+264
x2 <- 0x01FDDB7D5BFDDB7F

clint mtime 0x0000000000000046 (mip.MTI <- 0b1, mip.STI <- 0b0)
mem[X,0x0000000080000750] -> 0x5193
mem[X,0x0000000080000752] -> 0x0071
[140] [M]: 0x0000000080000750 (0x00715193) srli x3, x2, 0x7                         rvtest_entrypoint+268
x3 <- 0x0003FBB6FAB7FBB6

mem[X,0x0000000080000754] -> 0x5793
mem[X,0x0000000080000756] -> 0x0391
[141] [M]: 0x0000000080000754 (0x03915793) srli x15, x2, 0x39                       rvtest_entrypoint+272
x15 <- 0x0000000000000000

clint mtime 0x0000000000000047 (mip.MTI <- 0b1, mip.STI <- 0b0)
mem[X,0x0000000080000758] -> 0xE1B3
mem[X,0x000000008000075A] -> 0x00F1
[142] [M]: 0x0000000080000758 (0x00F1E1B3) or x3, x3, x15                           rvtest_entrypoint+276
x3 <- 0x0003FBB6FAB7FBB6

mem[X,0x000000008000075C] -> 0xD213
mem[X,0x000000008000075E] -> 0x0071
[143] [M]: 0x000000008000075C (0x0071D213) srli x4, x3, 0x7                         rvtest_entrypoint+280
x4 <- 0x000007F76DF56FF7

clint mtime 0x0000000000000048 (mip.MTI <- 0b1, mip.STI <- 0b0)
mem[X,0x0000000080000760] -> 0xD793
mem[X,0x0000000080000762] -> 0x0391
[144] [M]: 0x0000000080000760 (0x0391D793) srli x15, x3, 0x39                       rvtest_entrypoint+284
x15 <- 0x0000000000000000

mem[X,0x0000000080000764] -> 0x6233
mem[X,0x0000000080000766] -> 0x00F2
[145] [M]: 0x0000000080000764 (0x00F26233) or x4, x4, x15                           rvtest_entrypoint+288
x4 <- 0x000007F76DF56FF7

clint mtime 0x0000000000000049 (mip.MTI <- 0b1, mip.STI <- 0b0)
mem[X,0x0000000080000768] -> 0x5293
mem[X,0x000000008000076A] -> 0x0072
[146] [M]: 0x0000000080000768 (0x00725293) srli x5, x4, 0x7                         rvtest_entrypoint+292
x5 <- 0x0000000FEEDBEADF

mem[X,0x000000008000076C] -> 0x5793
mem[X,0x000000008000076E] -> 0x0392
[147] [M]: 0x000000008000076C (0x03925793) srli x15, x4, 0x39                       rvtest_entrypoint+296
x15 <- 0x0000000000000000

clint mtime 0x000000000000004A (mip.MTI <- 0b1, mip.STI <- 0b0)
mem[X,0x0000000080000770] -> 0xE2B3
mem[X,0x0000000080000772] -> 0x00F2
[148] [M]: 0x0000000080000770 (0x00F2E2B3) or x5, x5, x15                           rvtest_entrypoint+300
x5 <- 0x0000000FEEDBEADF

mem[X,0x0000000080000774] -> 0xD313
mem[X,0x0000000080000776] -> 0x0072
[149] [M]: 0x0000000080000774 (0x0072D313) srli x6, x5, 0x7                         rvtest_entrypoint+304
x6 <- 0x000000001FDDB7D5

clint mtime 0x000000000000004B (mip.MTI <- 0b1, mip.STI <- 0b0)
mem[X,0x0000000080000778] -> 0xD793
mem[X,0x000000008000077A] -> 0x0392
[150] [M]: 0x0000000080000778 (0x0392D793) srli x15, x5, 0x39                       rvtest_entrypoint+308
x15 <- 0x0000000000000000

mem[X,0x000000008000077C] -> 0x6333
mem[X,0x000000008000077E] -> 0x00F3
[151] [M]: 0x000000008000077C (0x00F36333) or x6, x6, x15                           rvtest_entrypoint+312
x6 <- 0x000000001FDDB7D5

clint mtime 0x000000000000004C (mip.MTI <- 0b1, mip.STI <- 0b0)
mem[X,0x0000000080000780] -> 0x5393
mem[X,0x0000000080000782] -> 0x0073
[152] [M]: 0x0000000080000780 (0x00735393) srli x7, x6, 0x7                         rvtest_entrypoint+316
x7 <- 0x00000000003FBB6F

mem[X,0x0000000080000784] -> 0x5793
mem[X,0x0000000080000786] -> 0x0393
[153] [M]: 0x0000000080000784 (0x03935793) srli x15, x6, 0x39                       rvtest_entrypoint+320
x15 <- 0x0000000000000000

clint mtime 0x000000000000004D (mip.MTI <- 0b1, mip.STI <- 0b0)
mem[X,0x0000000080000788] -> 0xE3B3
mem[X,0x000000008000078A] -> 0x00F3
[154] [M]: 0x0000000080000788 (0x00F3E3B3) or x7, x7, x15                           rvtest_entrypoint+324
x7 <- 0x00000000003FBB6F

mem[X,0x000000008000078C] -> 0xD413
mem[X,0x000000008000078E] -> 0x0073
[155] [M]: 0x000000008000078C (0x0073D413) srli x8, x7, 0x7                         rvtest_entrypoint+328
x8 <- 0x0000000000007F76

clint mtime 0x000000000000004E (mip.MTI <- 0b1, mip.STI <- 0b0)
mem[X,0x0000000080000790] -> 0xD793
mem[X,0x0000000080000792] -> 0x0393
[156] [M]: 0x0000000080000790 (0x0393D793) srli x15, x7, 0x39                       rvtest_entrypoint+332
x15 <- 0x0000000000000000

mem[X,0x0000000080000794] -> 0x6433
mem[X,0x0000000080000796] -> 0x00F4
[157] [M]: 0x0000000080000794 (0x00F46433) or x8, x8, x15                           rvtest_entrypoint+336
x8 <- 0x0000000000007F76

clint mtime 0x000000000000004F (mip.MTI <- 0b1, mip.STI <- 0b0)
mem[X,0x0000000080000798] -> 0x5493
mem[X,0x000000008000079A] -> 0x0074
[158] [M]: 0x0000000080000798 (0x00745493) srli x9, x8, 0x7                         rvtest_entrypoint+340
x9 <- 0x00000000000000FE

mem[X,0x000000008000079C] -> 0x5793
mem[X,0x000000008000079E] -> 0x0394
[159] [M]: 0x000000008000079C (0x03945793) srli x15, x8, 0x39                       rvtest_entrypoint+344
x15 <- 0x0000000000000000

clint mtime 0x0000000000000050 (mip.MTI <- 0b1, mip.STI <- 0b0)
mem[X,0x00000000800007A0] -> 0xE4B3
mem[X,0x00000000800007A2] -> 0x00F4
[160] [M]: 0x00000000800007A0 (0x00F4E4B3) or x9, x9, x15                           rvtest_entrypoint+348
x9 <- 0x00000000000000FE

mem[X,0x00000000800007A4] -> 0xD513
mem[X,0x00000000800007A6] -> 0x0074
[161] [M]: 0x00000000800007A4 (0x0074D513) srli x10, x9, 0x7                        rvtest_entrypoint+352
x10 <- 0x0000000000000001

clint mtime 0x0000000000000051 (mip.MTI <- 0b1, mip.STI <- 0b0)
mem[X,0x00000000800007A8] -> 0xD793
mem[X,0x00000000800007AA] -> 0x0394
[162] [M]: 0x00000000800007A8 (0x0394D793) srli x15, x9, 0x39                       rvtest_entrypoint+356
x15 <- 0x0000000000000000

mem[X,0x00000000800007AC] -> 0x6533
mem[X,0x00000000800007AE] -> 0x00F5
[163] [M]: 0x00000000800007AC (0x00F56533) or x10, x10, x15                         rvtest_entrypoint+360
x10 <- 0x0000000000000001

clint mtime 0x0000000000000052 (mip.MTI <- 0b1, mip.STI <- 0b0)
mem[X,0x00000000800007B0] -> 0x5593
mem[X,0x00000000800007B2] -> 0x0075
[164] [M]: 0x00000000800007B0 (0x00755593) srli x11, x10, 0x7                       rvtest_entrypoint+364
x11 <- 0x0000000000000000

mem[X,0x00000000800007B4] -> 0x5793
mem[X,0x00000000800007B6] -> 0x0395
[165] [M]: 0x00000000800007B4 (0x03955793) srli x15, x10, 0x39                      rvtest_entrypoint+368
x15 <- 0x0000000000000000

clint mtime 0x0000000000000053 (mip.MTI <- 0b1, mip.STI <- 0b0)
mem[X,0x00000000800007B8] -> 0xE5B3
mem[X,0x00000000800007BA] -> 0x00F5
[166] [M]: 0x00000000800007B8 (0x00F5E5B3) or x11, x11, x15                         rvtest_entrypoint+372
x11 <- 0x0000000000000000

mem[X,0x00000000800007BC] -> 0xD613
mem[X,0x00000000800007BE] -> 0x0075
[167] [M]: 0x00000000800007BC (0x0075D613) srli x12, x11, 0x7                       rvtest_entrypoint+376
x12 <- 0x0000000000000000

clint mtime 0x0000000000000054 (mip.MTI <- 0b1, mip.STI <- 0b0)
mem[X,0x00000000800007C0] -> 0xD793
mem[X,0x00000000800007C2] -> 0x0395
[168] [M]: 0x00000000800007C0 (0x0395D793) srli x15, x11, 0x39                      rvtest_entrypoint+380
x15 <- 0x0000000000000000

mem[X,0x00000000800007C4] -> 0x6633
mem[X,0x00000000800007C6] -> 0x00F6
[169] [M]: 0x00000000800007C4 (0x00F66633) or x12, x12, x15                         rvtest_entrypoint+384
x12 <- 0x0000000000000000

clint mtime 0x0000000000000055 (mip.MTI <- 0b1, mip.STI <- 0b0)
mem[X,0x00000000800007C8] -> 0x5693
mem[X,0x00000000800007CA] -> 0x0076
[170] [M]: 0x00000000800007C8 (0x00765693) srli x13, x12, 0x7                       rvtest_entrypoint+388
x13 <- 0x0000000000000000

mem[X,0x00000000800007CC] -> 0x5793
mem[X,0x00000000800007CE] -> 0x0396
[171] [M]: 0x00000000800007CC (0x03965793) srli x15, x12, 0x39                      rvtest_entrypoint+392
x15 <- 0x0000000000000000

clint mtime 0x0000000000000056 (mip.MTI <- 0b1, mip.STI <- 0b0)
mem[X,0x00000000800007D0] -> 0xE6B3
mem[X,0x00000000800007D2] -> 0x00F6
[172] [M]: 0x00000000800007D0 (0x00F6E6B3) or x13, x13, x15                         rvtest_entrypoint+396
x13 <- 0x0000000000000000

mem[X,0x00000000800007D4] -> 0x0013
mem[X,0x00000000800007D6] -> 0x0000
[173] [M]: 0x00000000800007D4 (0x00000013) addi x0, x0, 0x0                         rvtest_code_begin+0

clint mtime 0x0000000000000057 (mip.MTI <- 0b1, mip.STI <- 0b0)
mem[X,0x00000000800007D8] -> 0x0013
mem[X,0x00000000800007DA] -> 0x0000
[174] [M]: 0x00000000800007D8 (0x00000013) addi x0, x0, 0x0                         rvtest_code_begin+4

mem[X,0x00000000800007DC] -> 0x0013
mem[X,0x00000000800007DE] -> 0x0000
[175] [M]: 0x00000000800007DC (0x00000013) addi x0, x0, 0x0                         rvtest_code_begin+8

clint mtime 0x0000000000000058 (mip.MTI <- 0b1, mip.STI <- 0b0)
mem[X,0x00000000800007E0] -> 0x9697
mem[X,0x00000000800007E2] -> 0x0000
[176] [M]: 0x00000000800007E0 (0x00009697) auipc x13, 0x9                           rvtest_code_begin+12
x13 <- 0x00000000800097E0

mem[X,0x00000000800007E4] -> 0x8693
mem[X,0x00000000800007E6] -> 0x9386
[177] [M]: 0x00000000800007E4 (0x93868693) addi x13, x13, -0x6c8                    rvtest_code_begin+16
x13 <- 0x0000000080009118

clint mtime 0x0000000000000059 (mip.MTI <- 0b1, mip.STI <- 0b0)
mem[X,0x00000000800007E8] -> 0x0001
[178] [M]: 0x00000000800007E8 (0x0001) c.nop                                        rvtest_code_begin+20

mem[X,0x00000000800007EA] -> 0x0013
mem[X,0x00000000800007EC] -> 0x0000
[179] [M]: 0x00000000800007EA (0x00000013) addi x0, x0, 0x0                         rvtest_code_begin+22

clint mtime 0x000000000000005A (mip.MTI <- 0b1, mip.STI <- 0b0)
mem[X,0x00000000800007EE] -> 0x0013
mem[X,0x00000000800007F0] -> 0x0000
[180] [M]: 0x00000000800007EE (0x00000013) addi x0, x0, 0x0                         rvtest_code_begin+26

mem[X,0x00000000800007F2] -> 0x0013
mem[X,0x00000000800007F4] -> 0x0000
[181] [M]: 0x00000000800007F2 (0x00000013) addi x0, x0, 0x0                         rvtest_code_begin+30

clint mtime 0x000000000000005B (mip.MTI <- 0b1, mip.STI <- 0b0)
mem[X,0x00000000800007F6] -> 0x0013
mem[X,0x00000000800007F8] -> 0x0000
[182] [M]: 0x00000000800007F6 (0x00000013) addi x0, x0, 0x0                         rvtest_code_begin+34

mem[X,0x00000000800007FA] -> 0x0013
mem[X,0x00000000800007FC] -> 0x0000
[183] [M]: 0x00000000800007FA (0x00000013) addi x0, x0, 0x0                         rvtest_code_begin+38

clint mtime 0x000000000000005C (mip.MTI <- 0b1, mip.STI <- 0b0)
mem[X,0x00000000800007FE] -> 0x0001
[184] [M]: 0x00000000800007FE (0x0001) c.nop                                        rvtest_code_begin+42

mem[X,0x0000000080000800] -> 0xD737
mem[X,0x0000000080000802] -> 0x0000
[185] [M]: 0x0000000080000800 (0x0000D737) lui x14, 0xd                             main+0
x14 <- 0x000000000000D000

clint mtime 0x000000000000005D (mip.MTI <- 0b1, mip.STI <- 0b0)
mem[X,0x0000000080000804] -> 0x071B
mem[X,0x0000000080000806] -> 0xEED7
[186] [M]: 0x0000000080000804 (0xEED7071B) addiw x14, x14, -0x113                   main+4
x14 <- 0x000000000000CEED

mem[X,0x0000000080000808] -> 0xB023
mem[X,0x000000008000080A] -> 0x00E6
[187] [M]: 0x0000000080000808 (0x00E6B023) sd x14, 0x0(x13)                         main+8
mem[W,0x0000000080009118] <- 0x000000000000CEED

clint mtime 0x000000000000005E (mip.MTI <- 0b1, mip.STI <- 0b0)
mem[X,0x000000008000080C] -> 0xC737
mem[X,0x000000008000080E] -> 0x0000
[188] [M]: 0x000000008000080C (0x0000C737) lui x14, 0xc                             main+12
x14 <- 0x000000000000C000

mem[X,0x0000000080000810] -> 0x071B
mem[X,0x0000000080000812] -> 0xEED7
[189] [M]: 0x0000000080000810 (0xEED7071B) addiw x14, x14, -0x113                   main+16
x14 <- 0x000000000000BEED

clint mtime 0x000000000000005F (mip.MTI <- 0b1, mip.STI <- 0b0)
mem[X,0x0000000080000814] -> 0xB423
mem[X,0x0000000080000816] -> 0x00E6
[190] [M]: 0x0000000080000814 (0x00E6B423) sd x14, 0x8(x13)                         main+20
mem[W,0x0000000080009120] <- 0x000000000000BEED

mem[X,0x0000000080000818] -> 0x1073
mem[X,0x000000008000081A] -> 0x1800
[191] [M]: 0x0000000080000818 (0x18001073) csrrw x0, satp, x0                       main+24
CSR satp (0x180) <- 0x0000000000000000

clint mtime 0x0000000000000060 (mip.MTI <- 0b1, mip.STI <- 0b0)
mem[X,0x000000008000081C] -> 0x0393
mem[X,0x000000008000081E] -> 0x0000
[192] [M]: 0x000000008000081C (0x00000393) addi x7, x0, 0x0                         main+28
x7 <- 0x0000000000000000

mem[X,0x0000000080000820] -> 0x9073
mem[X,0x0000000080000822] -> 0x3B13
[193] [M]: 0x0000000080000820 (0x3B139073) csrrw x0, pmpaddr1, x7                   main+32
CSR pmpaddr1 (0x3B1) <- 0x0000000000000000

clint mtime 0x0000000000000061 (mip.MTI <- 0b1, mip.STI <- 0b0)
mem[X,0x0000000080000824] -> 0x0393
mem[X,0x0000000080000826] -> 0xFFF0
[194] [M]: 0x0000000080000824 (0xFFF00393) addi x7, x0, -0x1                        main+36
x7 <- 0xFFFFFFFFFFFFFFFF

mem[X,0x0000000080000828] -> 0x9073
mem[X,0x000000008000082A] -> 0x3B23
[195] [M]: 0x0000000080000828 (0x3B239073) csrrw x0, pmpaddr2, x7                   main+40
CSR pmpaddr2 (0x3B2) <- 0x003FFFFFFFFFFFFF

clint mtime 0x0000000000000062 (mip.MTI <- 0b1, mip.STI <- 0b0)
mem[X,0x000000008000082C] -> 0x0013
mem[X,0x000000008000082E] -> 0x0000
[196] [M]: 0x000000008000082C (0x00000013) addi x0, x0, 0x0                         main+44

mem[X,0x0000000080000830] -> 0x0013
mem[X,0x0000000080000832] -> 0x0000
[197] [M]: 0x0000000080000830 (0x00000013) addi x0, x0, 0x0                         main+48

clint mtime 0x0000000000000063 (mip.MTI <- 0b1, mip.STI <- 0b0)
mem[X,0x0000000080000834] -> 0x0013
mem[X,0x0000000080000836] -> 0x0000
[198] [M]: 0x0000000080000834 (0x00000013) addi x0, x0, 0x0                         main+52

mem[X,0x0000000080000838] -> 0x0013
mem[X,0x000000008000083A] -> 0x0000
[199] [M]: 0x0000000080000838 (0x00000013) addi x0, x0, 0x0                         main+56

clint mtime 0x0000000000000064 (mip.MTI <- 0b1, mip.STI <- 0b0)
mem[X,0x000000008000083C] -> 0x0013
mem[X,0x000000008000083E] -> 0x0000
[200] [M]: 0x000000008000083C (0x00000013) addi x0, x0, 0x0                         main+60

mem[X,0x0000000080000840] -> 0x051B
mem[X,0x0000000080000842] -> 0x0000
[201] [M]: 0x0000000080000840 (0x0000051B) addiw x10, x0, 0x0                       main+64
x10 <- 0x0000000000000000

clint mtime 0x0000000000000065 (mip.MTI <- 0b1, mip.STI <- 0b0)
mem[X,0x0000000080000844] -> 0x0001
[202] [M]: 0x0000000080000844 (0x0001) c.nop                                        main+68

mem[X,0x0000000080000846] -> 0x0013
mem[X,0x0000000080000848] -> 0x0000
[203] [M]: 0x0000000080000846 (0x00000013) addi x0, x0, 0x0                         main+70

clint mtime 0x0000000000000066 (mip.MTI <- 0b1, mip.STI <- 0b0)
mem[X,0x000000008000084A] -> 0x0013
mem[X,0x000000008000084C] -> 0x0000
[204] [M]: 0x000000008000084A (0x00000013) addi x0, x0, 0x0                         main+74

mem[X,0x000000008000084E] -> 0x0013
mem[X,0x0000000080000850] -> 0x0000
[205] [M]: 0x000000008000084E (0x00000013) addi x0, x0, 0x0                         main+78

clint mtime 0x0000000000000067 (mip.MTI <- 0b1, mip.STI <- 0b0)
mem[X,0x0000000080000852] -> 0x0013
mem[X,0x0000000080000854] -> 0x0000
[206] [M]: 0x0000000080000852 (0x00000013) addi x0, x0, 0x0                         main+82

mem[X,0x0000000080000856] -> 0x0013
mem[X,0x0000000080000858] -> 0x0000
[207] [M]: 0x0000000080000856 (0x00000013) addi x0, x0, 0x0                         main+86

clint mtime 0x0000000000000068 (mip.MTI <- 0b1, mip.STI <- 0b0)
mem[X,0x000000008000085A] -> 0x0013
mem[X,0x000000008000085C] -> 0x0000
[208] [M]: 0x000000008000085A (0x00000013) addi x0, x0, 0x0                         main+90

mem[X,0x000000008000085E] -> 0x0001
[209] [M]: 0x000000008000085E (0x0001) c.nop                                        main+94

clint mtime 0x0000000000000069 (mip.MTI <- 0b1, mip.STI <- 0b0)
mem[X,0x0000000080000860] -> 0x0593
mem[X,0x0000000080000862] -> 0x0DB0
[210] [M]: 0x0000000080000860 (0x0DB00593) addi x11, x0, 0xdb                       main+96
x11 <- 0x00000000000000DB

mem[X,0x0000000080000864] -> 0x5513
mem[X,0x0000000080000866] -> 0x00C5
[211] [M]: 0x0000000080000864 (0x00C55513) srli x10, x10, 0xc                       main+100
x10 <- 0x0000000000000000

clint mtime 0x000000000000006A (mip.MTI <- 0b1, mip.STI <- 0b0)
mem[X,0x0000000080000868] -> 0x1513
mem[X,0x000000008000086A] -> 0x00A5
[212] [M]: 0x0000000080000868 (0x00A51513) slli x10, x10, 0xa                       main+104
x10 <- 0x0000000000000000

mem[X,0x000000008000086C] -> 0x6533
mem[X,0x000000008000086E] -> 0x00B5
[213] [M]: 0x000000008000086C (0x00B56533) or x10, x10, x11                         main+108
x10 <- 0x00000000000000DB

clint mtime 0x000000000000006B (mip.MTI <- 0b1, mip.STI <- 0b0)
mem[X,0x0000000080000870] -> 0x0013
mem[X,0x0000000080000872] -> 0x0000
[214] [M]: 0x0000000080000870 (0x00000013) addi x0, x0, 0x0                         main+112

mem[X,0x0000000080000874] -> 0x0013
mem[X,0x0000000080000876] -> 0x0000
[215] [M]: 0x0000000080000874 (0x00000013) addi x0, x0, 0x0                         main+116

clint mtime 0x000000000000006C (mip.MTI <- 0b1, mip.STI <- 0b0)
mem[X,0x0000000080000878] -> 0x0013
mem[X,0x000000008000087A] -> 0x0000
[216] [M]: 0x0000000080000878 (0x00000013) addi x0, x0, 0x0                         main+120

mem[X,0x000000008000087C] -> 0x0013
mem[X,0x000000008000087E] -> 0x0000
[217] [M]: 0x000000008000087C (0x00000013) addi x0, x0, 0x0                         main+124

clint mtime 0x000000000000006D (mip.MTI <- 0b1, mip.STI <- 0b0)
mem[X,0x0000000080000880] -> 0x7317
mem[X,0x0000000080000882] -> 0x0000
[218] [M]: 0x0000000080000880 (0x00007317) auipc x6, 0x7                            main+128
x6 <- 0x0000000080007880

mem[X,0x0000000080000884] -> 0x0313
mem[X,0x0000000080000886] -> 0x7803
[219] [M]: 0x0000000080000884 (0x78030313) addi x6, x6, 0x780                       main+132
x6 <- 0x0000000080008000

clint mtime 0x000000000000006E (mip.MTI <- 0b1, mip.STI <- 0b0)
mem[X,0x0000000080000888] -> 0x0001
[220] [M]: 0x0000000080000888 (0x0001) c.nop                                        main+136

mem[X,0x000000008000088A] -> 0x0013
mem[X,0x000000008000088C] -> 0x0000
[221] [M]: 0x000000008000088A (0x00000013) addi x0, x0, 0x0                         main+138

clint mtime 0x000000000000006F (mip.MTI <- 0b1, mip.STI <- 0b0)
mem[X,0x000000008000088E] -> 0x0013
mem[X,0x0000000080000890] -> 0x0000
[222] [M]: 0x000000008000088E (0x00000013) addi x0, x0, 0x0                         main+142

mem[X,0x0000000080000892] -> 0x0013
mem[X,0x0000000080000894] -> 0x0000
[223] [M]: 0x0000000080000892 (0x00000013) addi x0, x0, 0x0                         main+146

clint mtime 0x0000000000000070 (mip.MTI <- 0b1, mip.STI <- 0b0)
mem[X,0x0000000080000896] -> 0x0013
mem[X,0x0000000080000898] -> 0x0000
[224] [M]: 0x0000000080000896 (0x00000013) addi x0, x0, 0x0                         main+150

mem[X,0x000000008000089A] -> 0x0013
mem[X,0x000000008000089C] -> 0x0000
[225] [M]: 0x000000008000089A (0x00000013) addi x0, x0, 0x0                         main+154

clint mtime 0x0000000000000071 (mip.MTI <- 0b1, mip.STI <- 0b0)
mem[X,0x000000008000089E] -> 0x0001
[226] [M]: 0x000000008000089E (0x0001) c.nop                                        main+158

mem[X,0x00000000800008A0] -> 0x0293
mem[X,0x00000000800008A2] -> 0xFFF0
[227] [M]: 0x00000000800008A0 (0xFFF00293) addi x5, x0, -0x1                        main+160
x5 <- 0xFFFFFFFFFFFFFFFF

clint mtime 0x0000000000000072 (mip.MTI <- 0b1, mip.STI <- 0b0)
mem[X,0x00000000800008A4] -> 0xD293
mem[X,0x00000000800008A6] -> 0x0382
[228] [M]: 0x00000000800008A4 (0x0382D293) srli x5, x5, 0x38                        main+164
x5 <- 0x00000000000000FF

mem[X,0x00000000800008A8] -> 0x9293
mem[X,0x00000000800008AA] -> 0x0042
[229] [M]: 0x00000000800008A8 (0x00429293) slli x5, x5, 0x4                         main+168
x5 <- 0x0000000000000FF0

clint mtime 0x0000000000000073 (mip.MTI <- 0b1, mip.STI <- 0b0)
mem[X,0x00000000800008AC] -> 0x0333
mem[X,0x00000000800008AE] -> 0x0053
[230] [M]: 0x00000000800008AC (0x00530333) add x6, x6, x5                           main+172
x6 <- 0x0000000080008FF0

mem[X,0x00000000800008B0] -> 0x3023
mem[X,0x00000000800008B2] -> 0x00A3
[231] [M]: 0x00000000800008B0 (0x00A33023) sd x10, 0x0(x6)                          main+176
mem[W,0x0000000080008FF0] <- 0x00000000000000DB

clint mtime 0x0000000000000074 (mip.MTI <- 0b1, mip.STI <- 0b0)
mem[X,0x00000000800008B4] -> 0x0073
mem[X,0x00000000800008B6] -> 0x1200
[232] [M]: 0x00000000800008B4 (0x12000073) sfence.vma x0, x0                        main+180

mem[X,0x00000000800008B8] -> 0x0013
mem[X,0x00000000800008BA] -> 0x0000
[233] [M]: 0x00000000800008B8 (0x00000013) addi x0, x0, 0x0                         main+184

clint mtime 0x0000000000000075 (mip.MTI <- 0b1, mip.STI <- 0b0)
mem[X,0x00000000800008BC] -> 0x0013
mem[X,0x00000000800008BE] -> 0x0000
[234] [M]: 0x00000000800008BC (0x00000013) addi x0, x0, 0x0                         main+188

mem[X,0x00000000800008C0] -> 0x051B
mem[X,0x00000000800008C2] -> 0x0000
[235] [M]: 0x00000000800008C0 (0x0000051B) addiw x10, x0, 0x0                       main+192
x10 <- 0x0000000000000000

clint mtime 0x0000000000000076 (mip.MTI <- 0b1, mip.STI <- 0b0)
mem[X,0x00000000800008C4] -> 0x0001
[236] [M]: 0x00000000800008C4 (0x0001) c.nop                                        main+196

mem[X,0x00000000800008C6] -> 0x0013
mem[X,0x00000000800008C8] -> 0x0000
[237] [M]: 0x00000000800008C6 (0x00000013) addi x0, x0, 0x0                         main+198

clint mtime 0x0000000000000077 (mip.MTI <- 0b1, mip.STI <- 0b0)
mem[X,0x00000000800008CA] -> 0x0013
mem[X,0x00000000800008CC] -> 0x0000
[238] [M]: 0x00000000800008CA (0x00000013) addi x0, x0, 0x0                         main+202

mem[X,0x00000000800008CE] -> 0x0013
mem[X,0x00000000800008D0] -> 0x0000
[239] [M]: 0x00000000800008CE (0x00000013) addi x0, x0, 0x0                         main+206

clint mtime 0x0000000000000078 (mip.MTI <- 0b1, mip.STI <- 0b0)
mem[X,0x00000000800008D2] -> 0x0013
mem[X,0x00000000800008D4] -> 0x0000
[240] [M]: 0x00000000800008D2 (0x00000013) addi x0, x0, 0x0                         main+210

mem[X,0x00000000800008D6] -> 0x0013
mem[X,0x00000000800008D8] -> 0x0000
[241] [M]: 0x00000000800008D6 (0x00000013) addi x0, x0, 0x0                         main+214

clint mtime 0x0000000000000079 (mip.MTI <- 0b1, mip.STI <- 0b0)
mem[X,0x00000000800008DA] -> 0x0013
mem[X,0x00000000800008DC] -> 0x0000
[242] [M]: 0x00000000800008DA (0x00000013) addi x0, x0, 0x0                         main+218

mem[X,0x00000000800008DE] -> 0x0001
[243] [M]: 0x00000000800008DE (0x0001) c.nop                                        main+222

clint mtime 0x000000000000007A (mip.MTI <- 0b1, mip.STI <- 0b0)
mem[X,0x00000000800008E0] -> 0x0593
mem[X,0x00000000800008E2] -> 0x0DF0
[244] [M]: 0x00000000800008E0 (0x0DF00593) addi x11, x0, 0xdf                       main+224
x11 <- 0x00000000000000DF

mem[X,0x00000000800008E4] -> 0x5513
mem[X,0x00000000800008E6] -> 0x00C5
[245] [M]: 0x00000000800008E4 (0x00C55513) srli x10, x10, 0xc                       main+228
x10 <- 0x0000000000000000

clint mtime 0x000000000000007B (mip.MTI <- 0b1, mip.STI <- 0b0)
mem[X,0x00000000800008E8] -> 0x1513
mem[X,0x00000000800008EA] -> 0x00A5
[246] [M]: 0x00000000800008E8 (0x00A51513) slli x10, x10, 0xa                       main+232
x10 <- 0x0000000000000000

mem[X,0x00000000800008EC] -> 0x6533
mem[X,0x00000000800008EE] -> 0x00B5
[247] [M]: 0x00000000800008EC (0x00B56533) or x10, x10, x11                         main+236
x10 <- 0x00000000000000DF

clint mtime 0x000000000000007C (mip.MTI <- 0b1, mip.STI <- 0b0)
mem[X,0x00000000800008F0] -> 0x0013
mem[X,0x00000000800008F2] -> 0x0000
[248] [M]: 0x00000000800008F0 (0x00000013) addi x0, x0, 0x0                         main+240

mem[X,0x00000000800008F4] -> 0x0013
mem[X,0x00000000800008F6] -> 0x0000
[249] [M]: 0x00000000800008F4 (0x00000013) addi x0, x0, 0x0                         main+244

clint mtime 0x000000000000007D (mip.MTI <- 0b1, mip.STI <- 0b0)
mem[X,0x00000000800008F8] -> 0x0013
mem[X,0x00000000800008FA] -> 0x0000
[250] [M]: 0x00000000800008F8 (0x00000013) addi x0, x0, 0x0                         main+248

mem[X,0x00000000800008FC] -> 0x0013
mem[X,0x00000000800008FE] -> 0x0000
[251] [M]: 0x00000000800008FC (0x00000013) addi x0, x0, 0x0                         main+252

clint mtime 0x000000000000007E (mip.MTI <- 0b1, mip.STI <- 0b0)
mem[X,0x0000000080000900] -> 0x7317
mem[X,0x0000000080000902] -> 0x0000
[252] [M]: 0x0000000080000900 (0x00007317) auipc x6, 0x7                            main+256
x6 <- 0x0000000080007900

mem[X,0x0000000080000904] -> 0x0313
mem[X,0x0000000080000906] -> 0x7003
[253] [M]: 0x0000000080000904 (0x70030313) addi x6, x6, 0x700                       main+260
x6 <- 0x0000000080008000

clint mtime 0x000000000000007F (mip.MTI <- 0b1, mip.STI <- 0b0)
mem[X,0x0000000080000908] -> 0x0001
[254] [M]: 0x0000000080000908 (0x0001) c.nop                                        main+264

mem[X,0x000000008000090A] -> 0x0013
mem[X,0x000000008000090C] -> 0x0000
[255] [M]: 0x000000008000090A (0x00000013) addi x0, x0, 0x0                         main+266

clint mtime 0x0000000000000080 (mip.MTI <- 0b1, mip.STI <- 0b0)
mem[X,0x000000008000090E] -> 0x0013
mem[X,0x0000000080000910] -> 0x0000
[256] [M]: 0x000000008000090E (0x00000013) addi x0, x0, 0x0                         main+270

mem[X,0x0000000080000912] -> 0x0013
mem[X,0x0000000080000914] -> 0x0000
[257] [M]: 0x0000000080000912 (0x00000013) addi x0, x0, 0x0                         main+274

clint mtime 0x0000000000000081 (mip.MTI <- 0b1, mip.STI <- 0b0)
mem[X,0x0000000080000916] -> 0x0013
mem[X,0x0000000080000918] -> 0x0000
[258] [M]: 0x0000000080000916 (0x00000013) addi x0, x0, 0x0                         main+278

mem[X,0x000000008000091A] -> 0x0013
mem[X,0x000000008000091C] -> 0x0000
[259] [M]: 0x000000008000091A (0x00000013) addi x0, x0, 0x0                         main+282

clint mtime 0x0000000000000082 (mip.MTI <- 0b1, mip.STI <- 0b0)
mem[X,0x000000008000091E] -> 0x0001
[260] [M]: 0x000000008000091E (0x0001) c.nop                                        main+286

mem[X,0x0000000080000920] -> 0x0293
mem[X,0x0000000080000922] -> 0xFFF0
[261] [M]: 0x0000000080000920 (0xFFF00293) addi x5, x0, -0x1                        main+288
x5 <- 0xFFFFFFFFFFFFFFFF

clint mtime 0x0000000000000083 (mip.MTI <- 0b1, mip.STI <- 0b0)
mem[X,0x0000000080000924] -> 0xD293
mem[X,0x0000000080000926] -> 0x0372
[262] [M]: 0x0000000080000924 (0x0372D293) srli x5, x5, 0x37                        main+292
x5 <- 0x00000000000001FF

mem[X,0x0000000080000928] -> 0x9293
mem[X,0x000000008000092A] -> 0x0032
[263] [M]: 0x0000000080000928 (0x00329293) slli x5, x5, 0x3                         main+296
x5 <- 0x0000000000000FF8

clint mtime 0x0000000000000084 (mip.MTI <- 0b1, mip.STI <- 0b0)
mem[X,0x000000008000092C] -> 0x0333
mem[X,0x000000008000092E] -> 0x0053
[264] [M]: 0x000000008000092C (0x00530333) add x6, x6, x5                           main+300
x6 <- 0x0000000080008FF8

mem[X,0x0000000080000930] -> 0x3023
mem[X,0x0000000080000932] -> 0x00A3
[265] [M]: 0x0000000080000930 (0x00A33023) sd x10, 0x0(x6)                          main+304
mem[W,0x0000000080008FF8] <- 0x00000000000000DF

clint mtime 0x0000000000000085 (mip.MTI <- 0b1, mip.STI <- 0b0)
mem[X,0x0000000080000934] -> 0x0073
mem[X,0x0000000080000936] -> 0x1200
[266] [M]: 0x0000000080000934 (0x12000073) sfence.vma x0, x0                        main+308

mem[X,0x0000000080000938] -> 0x02B7
mem[X,0x000000008000093A] -> 0x0000
[267] [M]: 0x0000000080000938 (0x000002B7) lui x5, 0x0                              main+312
x5 <- 0x0000000000000000

clint mtime 0x0000000000000086 (mip.MTI <- 0b1, mip.STI <- 0b0)
mem[X,0x000000008000093C] -> 0x8293
mem[X,0x000000008000093E] -> 0xF802
[268] [M]: 0x000000008000093C (0xF8028293) addi x5, x5, -0x80                       main+316
x5 <- 0xFFFFFFFFFFFFFF80

mem[X,0x0000000080000940] -> 0x9293
mem[X,0x0000000080000942] -> 0x00B2
[269] [M]: 0x0000000080000940 (0x00B29293) slli x5, x5, 0xb                         main+320
x5 <- 0xFFFFFFFFFFFC0000

clint mtime 0x0000000000000087 (mip.MTI <- 0b1, mip.STI <- 0b0)
mem[X,0x0000000080000944] -> 0x8293
mem[X,0x0000000080000946] -> 0x4002
[270] [M]: 0x0000000080000944 (0x40028293) addi x5, x5, 0x400                       main+324
x5 <- 0xFFFFFFFFFFFC0400

mem[X,0x0000000080000948] -> 0x9293
mem[X,0x000000008000094A] -> 0x00B2
[271] [M]: 0x0000000080000948 (0x00B29293) slli x5, x5, 0xb                         main+328
x5 <- 0xFFFFFFFFE0200000

clint mtime 0x0000000000000088 (mip.MTI <- 0b1, mip.STI <- 0b0)
mem[X,0x000000008000094C] -> 0x8293
mem[X,0x000000008000094E] -> 0x0112
[272] [M]: 0x000000008000094C (0x01128293) addi x5, x5, 0x11                        main+332
x5 <- 0xFFFFFFFFE0200011

mem[X,0x0000000080000950] -> 0x9293
mem[X,0x0000000080000952] -> 0x00A2
[273] [M]: 0x0000000080000950 (0x00A29293) slli x5, x5, 0xa                         main+336
x5 <- 0xFFFFFF8080004400

clint mtime 0x0000000000000089 (mip.MTI <- 0b1, mip.STI <- 0b0)
mem[X,0x0000000080000954] -> 0x8293
mem[X,0x0000000080000956] -> 0x1302
[274] [M]: 0x0000000080000954 (0x13028293) addi x5, x5, 0x130                       main+340
x5 <- 0xFFFFFF8080004530

mem[X,0x0000000080000958] -> 0x0013
mem[X,0x000000008000095A] -> 0x0000
[275] [M]: 0x0000000080000958 (0x00000013) addi x0, x0, 0x0                         main+344

clint mtime 0x000000000000008A (mip.MTI <- 0b1, mip.STI <- 0b0)
mem[X,0x000000008000095C] -> 0x0013
mem[X,0x000000008000095E] -> 0x0000
[276] [M]: 0x000000008000095C (0x00000013) addi x0, x0, 0x0                         main+348

mem[X,0x0000000080000960] -> 0x4317
mem[X,0x0000000080000962] -> 0x0000
[277] [M]: 0x0000000080000960 (0x00004317) auipc x6, 0x4                            main+352
x6 <- 0x0000000080004960

clint mtime 0x000000000000008B (mip.MTI <- 0b1, mip.STI <- 0b0)
mem[X,0x0000000080000964] -> 0x0313
mem[X,0x0000000080000966] -> 0xBD03
[278] [M]: 0x0000000080000964 (0xBD030313) addi x6, x6, -0x430                      main+356
x6 <- 0x0000000080004530

mem[X,0x0000000080000968] -> 0x0001
[279] [M]: 0x0000000080000968 (0x0001) c.nop                                        main+360

clint mtime 0x000000000000008C (mip.MTI <- 0b1, mip.STI <- 0b0)
mem[X,0x000000008000096A] -> 0x0013
mem[X,0x000000008000096C] -> 0x0000
[280] [M]: 0x000000008000096A (0x00000013) addi x0, x0, 0x0                         main+362

mem[X,0x000000008000096E] -> 0x0013
mem[X,0x0000000080000970] -> 0x0000
[281] [M]: 0x000000008000096E (0x00000013) addi x0, x0, 0x0                         main+366

clint mtime 0x000000000000008D (mip.MTI <- 0b1, mip.STI <- 0b0)
mem[X,0x0000000080000972] -> 0x0013
mem[X,0x0000000080000974] -> 0x0000
[282] [M]: 0x0000000080000972 (0x00000013) addi x0, x0, 0x0                         main+370

mem[X,0x0000000080000976] -> 0x0013
mem[X,0x0000000080000978] -> 0x0000
[283] [M]: 0x0000000080000976 (0x00000013) addi x0, x0, 0x0                         main+374

clint mtime 0x000000000000008E (mip.MTI <- 0b1, mip.STI <- 0b0)
mem[X,0x000000008000097A] -> 0x0013
mem[X,0x000000008000097C] -> 0x0000
[284] [M]: 0x000000008000097A (0x00000013) addi x0, x0, 0x0                         main+378

mem[X,0x000000008000097E] -> 0x0001
[285] [M]: 0x000000008000097E (0x0001) c.nop                                        main+382

clint mtime 0x000000000000008F (mip.MTI <- 0b1, mip.STI <- 0b0)
mem[X,0x0000000080000980] -> 0x82B3
mem[X,0x0000000080000982] -> 0x4062
[286] [M]: 0x0000000080000980 (0x406282B3) sub x5, x5, x6                           main+384
x5 <- 0xFFFFFF8000000000

mem[X,0x0000000080000984] -> 0x8E13
mem[X,0x0000000080000986] -> 0x2982
[287] [M]: 0x0000000080000984 (0x29828E13) addi x28, x5, 0x298                      main+388
x28 <- 0xFFFFFF8000000298

clint mtime 0x0000000000000090 (mip.MTI <- 0b1, mip.STI <- 0b0)
mem[X,0x0000000080000988] -> 0x2173
mem[X,0x000000008000098A] -> 0x3400
[288] [M]: 0x0000000080000988 (0x34002173) csrrs x2, mscratch, x0                   main+392
CSR mscratch (0x340) -> 0x0000000080004000
x2 <- 0x0000000080004000

mem[X,0x000000008000098C] -> 0x0333
mem[X,0x000000008000098E] -> 0x01C1
[289] [M]: 0x000000008000098C (0x01C10333) add x6, x2, x28                          main+396
x6 <- 0xFFFFFF8080004298

clint mtime 0x0000000000000091 (mip.MTI <- 0b1, mip.STI <- 0b0)
mem[X,0x0000000080000990] -> 0x1073
mem[X,0x0000000080000992] -> 0x1403
[290] [M]: 0x0000000080000990 (0x14031073) csrrw x0, sscratch, x6                   main+400
CSR sscratch (0x140) <- 0xFFFFFF8080004298

mem[X,0x0000000080000994] -> 0x2173
mem[X,0x0000000080000996] -> 0x3400
[291] [M]: 0x0000000080000994 (0x34002173) csrrs x2, mscratch, x0                   main+404
CSR mscratch (0x340) -> 0x0000000080004000
x2 <- 0x0000000080004000

clint mtime 0x0000000000000092 (mip.MTI <- 0b1, mip.STI <- 0b0)
mem[X,0x0000000080000998] -> 0x02B7
mem[X,0x000000008000099A] -> 0x0000
[292] [M]: 0x0000000080000998 (0x000002B7) lui x5, 0x0                              main+408
x5 <- 0x0000000000000000

mem[X,0x000000008000099C] -> 0x8293
mem[X,0x000000008000099E] -> 0xF002
[293] [M]: 0x000000008000099C (0xF0028293) addi x5, x5, -0x100                      main+412
x5 <- 0xFFFFFFFFFFFFFF00

clint mtime 0x0000000000000093 (mip.MTI <- 0b1, mip.STI <- 0b0)
mem[X,0x00000000800009A0] -> 0x9293
mem[X,0x00000000800009A2] -> 0x00B2
[294] [M]: 0x00000000800009A0 (0x00B29293) slli x5, x5, 0xb                         main+416
x5 <- 0xFFFFFFFFFFF80000

mem[X,0x00000000800009A4] -> 0x8293
mem[X,0x00000000800009A6] -> 0x4002
[295] [M]: 0x00000000800009A4 (0x40028293) addi x5, x5, 0x400                       main+420
x5 <- 0xFFFFFFFFFFF80400

clint mtime 0x0000000000000094 (mip.MTI <- 0b1, mip.STI <- 0b0)
mem[X,0x00000000800009A8] -> 0x9293
mem[X,0x00000000800009AA] -> 0x00B2
[296] [M]: 0x00000000800009A8 (0x00B29293) slli x5, x5, 0xb                         main+424
x5 <- 0xFFFFFFFFC0200000

mem[X,0x00000000800009AC] -> 0x8293
mem[X,0x00000000800009AE] -> 0x0012
[297] [M]: 0x00000000800009AC (0x00128293) addi x5, x5, 0x1                         main+428
x5 <- 0xFFFFFFFFC0200001

clint mtime 0x0000000000000095 (mip.MTI <- 0b1, mip.STI <- 0b0)
mem[X,0x00000000800009B0] -> 0x9293
mem[X,0x00000000800009B2] -> 0x00A2
[298] [M]: 0x00000000800009B0 (0x00A29293) slli x5, x5, 0xa                         main+432
x5 <- 0xFFFFFF0080000400

mem[X,0x00000000800009B4] -> 0x8293
mem[X,0x00000000800009B6] -> 0x3BC2
[299] [M]: 0x00000000800009B4 (0x3BC28293) addi x5, x5, 0x3bc                       main+436
x5 <- 0xFFFFFF00800007BC

clint mtime 0x0000000000000096 (mip.MTI <- 0b1, mip.STI <- 0b0)
mem[X,0x00000000800009B8] -> 0x0013
mem[X,0x00000000800009BA] -> 0x0000
[300] [M]: 0x00000000800009B8 (0x00000013) addi x0, x0, 0x0                         main+440

mem[X,0x00000000800009BC] -> 0x0013
mem[X,0x00000000800009BE] -> 0x0000
[301] [M]: 0x00000000800009BC (0x00000013) addi x0, x0, 0x0                         main+444

clint mtime 0x0000000000000097 (mip.MTI <- 0b1, mip.STI <- 0b0)
mem[X,0x00000000800009C0] -> 0x0317
mem[X,0x00000000800009C2] -> 0x0000
[302] [M]: 0x00000000800009C0 (0x00000317) auipc x6, 0x0                            main+448
x6 <- 0x00000000800009C0

mem[X,0x00000000800009C4] -> 0x0313
mem[X,0x00000000800009C6] -> 0xE143
[303] [M]: 0x00000000800009C4 (0xE1430313) addi x6, x6, -0x1ec                      main+452
x6 <- 0x00000000800007D4

clint mtime 0x0000000000000098 (mip.MTI <- 0b1, mip.STI <- 0b0)
mem[X,0x00000000800009C8] -> 0x0001
[304] [M]: 0x00000000800009C8 (0x0001) c.nop                                        main+456

mem[X,0x00000000800009CA] -> 0x0013
mem[X,0x00000000800009CC] -> 0x0000
[305] [M]: 0x00000000800009CA (0x00000013) addi x0, x0, 0x0                         main+458

clint mtime 0x0000000000000099 (mip.MTI <- 0b1, mip.STI <- 0b0)
mem[X,0x00000000800009CE] -> 0x0013
mem[X,0x00000000800009D0] -> 0x0000
[306] [M]: 0x00000000800009CE (0x00000013) addi x0, x0, 0x0                         main+462

mem[X,0x00000000800009D2] -> 0x0013
mem[X,0x00000000800009D4] -> 0x0000
[307] [M]: 0x00000000800009D2 (0x00000013) addi x0, x0, 0x0                         main+466

clint mtime 0x000000000000009A (mip.MTI <- 0b1, mip.STI <- 0b0)
mem[X,0x00000000800009D6] -> 0x0013
mem[X,0x00000000800009D8] -> 0x0000
[308] [M]: 0x00000000800009D6 (0x00000013) addi x0, x0, 0x0                         main+470

mem[X,0x00000000800009DA] -> 0x0013
mem[X,0x00000000800009DC] -> 0x0000
[309] [M]: 0x00000000800009DA (0x00000013) addi x0, x0, 0x0                         main+474

clint mtime 0x000000000000009B (mip.MTI <- 0b1, mip.STI <- 0b0)
mem[X,0x00000000800009DE] -> 0x0001
[310] [M]: 0x00000000800009DE (0x0001) c.nop                                        main+478

mem[X,0x00000000800009E0] -> 0x82B3
mem[X,0x00000000800009E2] -> 0x4062
[311] [M]: 0x00000000800009E0 (0x406282B3) sub x5, x5, x6                           main+480
x5 <- 0xFFFFFEFFFFFFFFE8

clint mtime 0x000000000000009C (mip.MTI <- 0b1, mip.STI <- 0b0)
mem[X,0x00000000800009E4] -> 0x3303
mem[X,0x00000000800009E6] -> 0x1D81
[312] [M]: 0x00000000800009E4 (0x1D813303) ld x6, 0x1d8(x2)                         main+484
mem[R,0x00000000800041D8] -> 0x00000000800007D4
x6 <- 0x00000000800007D4

mem[X,0x00000000800009E8] -> 0x03B3
mem[X,0x00000000800009EA] -> 0x0053
[313] [M]: 0x00000000800009E8 (0x005303B3) add x7, x6, x5                           main+488
x7 <- 0xFFFFFF00800007BC

clint mtime 0x000000000000009D (mip.MTI <- 0b1, mip.STI <- 0b0)
mem[X,0x00000000800009EC] -> 0x3823
mem[X,0x00000000800009EE] -> 0x4671
[314] [M]: 0x00000000800009EC (0x46713823) sd x7, 0x470(x2)                         main+492
mem[W,0x0000000080004470] <- 0xFFFFFF00800007BC

mem[X,0x00000000800009F0] -> 0x02B7
mem[X,0x00000000800009F2] -> 0x0000
[315] [M]: 0x00000000800009F0 (0x000002B7) lui x5, 0x0                              main+496
x5 <- 0x0000000000000000

clint mtime 0x000000000000009E (mip.MTI <- 0b1, mip.STI <- 0b0)
mem[X,0x00000000800009F4] -> 0x8293
mem[X,0x00000000800009F6] -> 0xF802
[316] [M]: 0x00000000800009F4 (0xF8028293) addi x5, x5, -0x80                       main+500
x5 <- 0xFFFFFFFFFFFFFF80

mem[X,0x00000000800009F8] -> 0x9293
mem[X,0x00000000800009FA] -> 0x00B2
[317] [M]: 0x00000000800009F8 (0x00B29293) slli x5, x5, 0xb                         main+504
x5 <- 0xFFFFFFFFFFFC0000

clint mtime 0x000000000000009F (mip.MTI <- 0b1, mip.STI <- 0b0)
mem[X,0x00000000800009FC] -> 0x8293
mem[X,0x00000000800009FE] -> 0x4002
[318] [M]: 0x00000000800009FC (0x40028293) addi x5, x5, 0x400                       main+508
x5 <- 0xFFFFFFFFFFFC0400

mem[X,0x0000000080000A00] -> 0x9293
mem[X,0x0000000080000A02] -> 0x00B2
[319] [M]: 0x0000000080000A00 (0x00B29293) slli x5, x5, 0xb                         main+512
x5 <- 0xFFFFFFFFE0200000

clint mtime 0x00000000000000A0 (mip.MTI <- 0b1, mip.STI <- 0b0)
mem[X,0x0000000080000A04] -> 0x8293
mem[X,0x0000000080000A06] -> 0x0112
[320] [M]: 0x0000000080000A04 (0x01128293) addi x5, x5, 0x11                        main+516
x5 <- 0xFFFFFFFFE0200011

mem[X,0x0000000080000A08] -> 0x9293
mem[X,0x0000000080000A0A] -> 0x00A2
[321] [M]: 0x0000000080000A08 (0x00A29293) slli x5, x5, 0xa                         main+520
x5 <- 0xFFFFFF8080004400

clint mtime 0x00000000000000A1 (mip.MTI <- 0b1, mip.STI <- 0b0)
mem[X,0x0000000080000A0C] -> 0x8293
mem[X,0x0000000080000A0E] -> 0x1302
[322] [M]: 0x0000000080000A0C (0x13028293) addi x5, x5, 0x130                       main+524
x5 <- 0xFFFFFF8080004530

mem[X,0x0000000080000A10] -> 0x0013
mem[X,0x0000000080000A12] -> 0x0000
[323] [M]: 0x0000000080000A10 (0x00000013) addi x0, x0, 0x0                         main+528

clint mtime 0x00000000000000A2 (mip.MTI <- 0b1, mip.STI <- 0b0)
mem[X,0x0000000080000A14] -> 0x0013
mem[X,0x0000000080000A16] -> 0x0000
[324] [M]: 0x0000000080000A14 (0x00000013) addi x0, x0, 0x0                         main+532

mem[X,0x0000000080000A18] -> 0x0013
mem[X,0x0000000080000A1A] -> 0x0000
[325] [M]: 0x0000000080000A18 (0x00000013) addi x0, x0, 0x0                         main+536

clint mtime 0x00000000000000A3 (mip.MTI <- 0b1, mip.STI <- 0b0)
mem[X,0x0000000080000A1C] -> 0x0013
mem[X,0x0000000080000A1E] -> 0x0000
[326] [M]: 0x0000000080000A1C (0x00000013) addi x0, x0, 0x0                         main+540

mem[X,0x0000000080000A20] -> 0x4317
mem[X,0x0000000080000A22] -> 0x0000
[327] [M]: 0x0000000080000A20 (0x00004317) auipc x6, 0x4                            main+544
x6 <- 0x0000000080004A20

clint mtime 0x00000000000000A4 (mip.MTI <- 0b1, mip.STI <- 0b0)
mem[X,0x0000000080000A24] -> 0x0313
mem[X,0x0000000080000A26] -> 0xB103
[328] [M]: 0x0000000080000A24 (0xB1030313) addi x6, x6, -0x4f0                      main+548
x6 <- 0x0000000080004530

mem[X,0x0000000080000A28] -> 0x0001
[329] [M]: 0x0000000080000A28 (0x0001) c.nop                                        main+552

clint mtime 0x00000000000000A5 (mip.MTI <- 0b1, mip.STI <- 0b0)
mem[X,0x0000000080000A2A] -> 0x0013
mem[X,0x0000000080000A2C] -> 0x0000
[330] [M]: 0x0000000080000A2A (0x00000013) addi x0, x0, 0x0                         main+554

mem[X,0x0000000080000A2E] -> 0x0013
mem[X,0x0000000080000A30] -> 0x0000
[331] [M]: 0x0000000080000A2E (0x00000013) addi x0, x0, 0x0                         main+558

clint mtime 0x00000000000000A6 (mip.MTI <- 0b1, mip.STI <- 0b0)
mem[X,0x0000000080000A32] -> 0x0013
mem[X,0x0000000080000A34] -> 0x0000
[332] [M]: 0x0000000080000A32 (0x00000013) addi x0, x0, 0x0                         main+562

mem[X,0x0000000080000A36] -> 0x0013
mem[X,0x0000000080000A38] -> 0x0000
[333] [M]: 0x0000000080000A36 (0x00000013) addi x0, x0, 0x0                         main+566

clint mtime 0x00000000000000A7 (mip.MTI <- 0b1, mip.STI <- 0b0)
mem[X,0x0000000080000A3A] -> 0x0013
mem[X,0x0000000080000A3C] -> 0x0000
[334] [M]: 0x0000000080000A3A (0x00000013) addi x0, x0, 0x0                         main+570

mem[X,0x0000000080000A3E] -> 0x0001
[335] [M]: 0x0000000080000A3E (0x0001) c.nop                                        main+574

clint mtime 0x00000000000000A8 (mip.MTI <- 0b1, mip.STI <- 0b0)
mem[X,0x0000000080000A40] -> 0x82B3
mem[X,0x0000000080000A42] -> 0x4062
[336] [M]: 0x0000000080000A40 (0x406282B3) sub x5, x5, x6                           main+576
x5 <- 0xFFFFFF8000000000

mem[X,0x0000000080000A44] -> 0x3303
mem[X,0x0000000080000A46] -> 0x1E81
[337] [M]: 0x0000000080000A44 (0x1E813303) ld x6, 0x1e8(x2)                         main+580
mem[R,0x00000000800041E8] -> 0x0000000080004530
x6 <- 0x0000000080004530

clint mtime 0x00000000000000A9 (mip.MTI <- 0b1, mip.STI <- 0b0)
mem[X,0x0000000080000A48] -> 0x03B3
mem[X,0x0000000080000A4A] -> 0x0053
[338] [M]: 0x0000000080000A48 (0x005303B3) add x7, x6, x5                           main+584
x7 <- 0xFFFFFF8080004530

mem[X,0x0000000080000A4C] -> 0x3023
mem[X,0x0000000080000A4E] -> 0x4871
[339] [M]: 0x0000000080000A4C (0x48713023) sd x7, 0x480(x2)                         main+588
mem[W,0x0000000080004480] <- 0xFFFFFF8080004530

clint mtime 0x00000000000000AA (mip.MTI <- 0b1, mip.STI <- 0b0)
mem[X,0x0000000080000A50] -> 0x0013
mem[X,0x0000000080000A52] -> 0x0000
[340] [M]: 0x0000000080000A50 (0x00000013) addi x0, x0, 0x0                         main+592

mem[X,0x0000000080000A54] -> 0x0013
mem[X,0x0000000080000A56] -> 0x0000
[341] [M]: 0x0000000080000A54 (0x00000013) addi x0, x0, 0x0                         main+596

clint mtime 0x00000000000000AB (mip.MTI <- 0b1, mip.STI <- 0b0)
mem[X,0x0000000080000A58] -> 0x0013
mem[X,0x0000000080000A5A] -> 0x0000
[342] [M]: 0x0000000080000A58 (0x00000013) addi x0, x0, 0x0                         main+600

mem[X,0x0000000080000A5C] -> 0x0013
mem[X,0x0000000080000A5E] -> 0x0000
[343] [M]: 0x0000000080000A5C (0x00000013) addi x0, x0, 0x0                         main+604

clint mtime 0x00000000000000AC (mip.MTI <- 0b1, mip.STI <- 0b0)
mem[X,0x0000000080000A60] -> 0x7F97
mem[X,0x0000000080000A62] -> 0x0000
[344] [M]: 0x0000000080000A60 (0x00007F97) auipc x31, 0x7                           main+608
x31 <- 0x0000000080007A60

mem[X,0x0000000080000A64] -> 0x8F93
mem[X,0x0000000080000A66] -> 0x5A0F
[345] [M]: 0x0000000080000A64 (0x5A0F8F93) addi x31, x31, 0x5a0                     main+612
x31 <- 0x0000000080008000

clint mtime 0x00000000000000AD (mip.MTI <- 0b1, mip.STI <- 0b0)
mem[X,0x0000000080000A68] -> 0x0001
[346] [M]: 0x0000000080000A68 (0x0001) c.nop                                        main+616

mem[X,0x0000000080000A6A] -> 0x0013
mem[X,0x0000000080000A6C] -> 0x0000
[347] [M]: 0x0000000080000A6A (0x00000013) addi x0, x0, 0x0                         main+618

clint mtime 0x00000000000000AE (mip.MTI <- 0b1, mip.STI <- 0b0)
mem[X,0x0000000080000A6E] -> 0x0013
mem[X,0x0000000080000A70] -> 0x0000
[348] [M]: 0x0000000080000A6E (0x00000013) addi x0, x0, 0x0                         main+622

mem[X,0x0000000080000A72] -> 0x0013
mem[X,0x0000000080000A74] -> 0x0000
[349] [M]: 0x0000000080000A72 (0x00000013) addi x0, x0, 0x0                         main+626

clint mtime 0x00000000000000AF (mip.MTI <- 0b1, mip.STI <- 0b0)
mem[X,0x0000000080000A76] -> 0x0013
mem[X,0x0000000080000A78] -> 0x0000
[350] [M]: 0x0000000080000A76 (0x00000013) addi x0, x0, 0x0                         main+630

mem[X,0x0000000080000A7A] -> 0x0013
mem[X,0x0000000080000A7C] -> 0x0000
[351] [M]: 0x0000000080000A7A (0x00000013) addi x0, x0, 0x0                         main+634

clint mtime 0x00000000000000B0 (mip.MTI <- 0b1, mip.STI <- 0b0)
mem[X,0x0000000080000A7E] -> 0x0001
[352] [M]: 0x0000000080000A7E (0x0001) c.nop                                        main+638

mem[X,0x0000000080000A80] -> 0x0F13
mem[X,0x0000000080000A82] -> 0x0090
[353] [M]: 0x0000000080000A80 (0x00900F13) addi x30, x0, 0x9                        main+640
x30 <- 0x0000000000000009

clint mtime 0x00000000000000B1 (mip.MTI <- 0b1, mip.STI <- 0b0)
mem[X,0x0000000080000A84] -> 0x1F13
mem[X,0x0000000080000A86] -> 0x03CF
[354] [M]: 0x0000000080000A84 (0x03CF1F13) slli x30, x30, 0x3c                      main+644
x30 <- 0x9000000000000000

mem[X,0x0000000080000A88] -> 0xDF93
mem[X,0x0000000080000A8A] -> 0x00CF
[355] [M]: 0x0000000080000A88 (0x00CFDF93) srli x31, x31, 0xc                       main+648
x31 <- 0x0000000000080008

clint mtime 0x00000000000000B2 (mip.MTI <- 0b1, mip.STI <- 0b0)
mem[X,0x0000000080000A8C] -> 0xEFB3
mem[X,0x0000000080000A8E] -> 0x01EF
[356] [M]: 0x0000000080000A8C (0x01EFEFB3) or x31, x31, x30                         main+652
x31 <- 0x9000000000080008

mem[X,0x0000000080000A90] -> 0x9073
mem[X,0x0000000080000A92] -> 0x180F
[357] [M]: 0x0000000080000A90 (0x180F9073) csrrw x0, satp, x31                      main+656
CSR satp (0x180) <- 0x9000000000080008

clint mtime 0x00000000000000B3 (mip.MTI <- 0b1, mip.STI <- 0b0)
mem[X,0x0000000080000A94] -> 0x0073
mem[X,0x0000000080000A96] -> 0x1200
[358] [M]: 0x0000000080000A94 (0x12000073) sfence.vma x0, x0                        main+660

mem[X,0x0000000080000A98] -> 0x0013
mem[X,0x0000000080000A9A] -> 0x0000
[359] [M]: 0x0000000080000A98 (0x00000013) addi x0, x0, 0x0                         main+664

clint mtime 0x00000000000000B4 (mip.MTI <- 0b1, mip.STI <- 0b0)
mem[X,0x0000000080000A9C] -> 0x0013
mem[X,0x0000000080000A9E] -> 0x0000
[360] [M]: 0x0000000080000A9C (0x00000013) addi x0, x0, 0x0                         main+668

mem[X,0x0000000080000AA0] -> 0x7397
mem[X,0x0000000080000AA2] -> 0x0000
[361] [M]: 0x0000000080000AA0 (0x00007397) auipc x7, 0x7                            main+672
x7 <- 0x0000000080007AA0

clint mtime 0x00000000000000B5 (mip.MTI <- 0b1, mip.STI <- 0b0)
mem[X,0x0000000080000AA4] -> 0x8393
mem[X,0x0000000080000AA6] -> 0x5603
[362] [M]: 0x0000000080000AA4 (0x56038393) addi x7, x7, 0x560                       main+676
x7 <- 0x0000000080008000

mem[X,0x0000000080000AA8] -> 0x0001
[363] [M]: 0x0000000080000AA8 (0x0001) c.nop                                        main+680

clint mtime 0x00000000000000B6 (mip.MTI <- 0b1, mip.STI <- 0b0)
mem[X,0x0000000080000AAA] -> 0x0013
mem[X,0x0000000080000AAC] -> 0x0000
[364] [M]: 0x0000000080000AAA (0x00000013) addi x0, x0, 0x0                         main+682

mem[X,0x0000000080000AAE] -> 0x0013
mem[X,0x0000000080000AB0] -> 0x0000
[365] [M]: 0x0000000080000AAE (0x00000013) addi x0, x0, 0x0                         main+686

clint mtime 0x00000000000000B7 (mip.MTI <- 0b1, mip.STI <- 0b0)
mem[X,0x0000000080000AB2] -> 0x0013
mem[X,0x0000000080000AB4] -> 0x0000
[366] [M]: 0x0000000080000AB2 (0x00000013) addi x0, x0, 0x0                         main+690

mem[X,0x0000000080000AB6] -> 0x0013
mem[X,0x0000000080000AB8] -> 0x0000
[367] [M]: 0x0000000080000AB6 (0x00000013) addi x0, x0, 0x0                         main+694

clint mtime 0x00000000000000B8 (mip.MTI <- 0b1, mip.STI <- 0b0)
mem[X,0x0000000080000ABA] -> 0x0013
mem[X,0x0000000080000ABC] -> 0x0000
[368] [M]: 0x0000000080000ABA (0x00000013) addi x0, x0, 0x0                         main+698

mem[X,0x0000000080000ABE] -> 0x0001
[369] [M]: 0x0000000080000ABE (0x0001) c.nop                                        main+702

clint mtime 0x00000000000000B9 (mip.MTI <- 0b1, mip.STI <- 0b0)
mem[X,0x0000000080000AC0] -> 0xD393
mem[X,0x0000000080000AC2] -> 0x0023
[370] [M]: 0x0000000080000AC0 (0x0023D393) srli x7, x7, 0x2                         main+704
x7 <- 0x0000000020002000

mem[X,0x0000000080000AC4] -> 0x0313
mem[X,0x0000000080000AC6] -> 0x0000
[371] [M]: 0x0000000080000AC4 (0x00000313) addi x6, x0, 0x0                         main+708
x6 <- 0x0000000000000000

clint mtime 0x00000000000000BA (mip.MTI <- 0b1, mip.STI <- 0b0)
mem[X,0x0000000080000AC8] -> 0xE3B3
mem[X,0x0000000080000ACA] -> 0x0063
[372] [M]: 0x0000000080000AC8 (0x0063E3B3) or x7, x7, x6                            main+712
x7 <- 0x0000000020002000

mem[X,0x0000000080000ACC] -> 0x9073
mem[X,0x0000000080000ACE] -> 0x3B03
[373] [M]: 0x0000000080000ACC (0x3B039073) csrrw x0, pmpaddr0, x7                   main+716
CSR pmpaddr0 (0x3B0) <- 0x0000000020002000

clint mtime 0x00000000000000BB (mip.MTI <- 0b1, mip.STI <- 0b0)
mem[X,0x0000000080000AD0] -> 0xC3B7
mem[X,0x0000000080000AD2] -> 0x0003
[374] [M]: 0x0000000080000AD0 (0x0003C3B7) lui x7, 0x3c                             main+720
x7 <- 0x000000000003C000

mem[X,0x0000000080000AD4] -> 0x8393
mem[X,0x0000000080000AD6] -> 0x0073
[375] [M]: 0x0000000080000AD4 (0x00738393) addi x7, x7, 0x7                         main+724
x7 <- 0x000000000003C007

clint mtime 0x00000000000000BC (mip.MTI <- 0b1, mip.STI <- 0b0)
mem[X,0x0000000080000AD8] -> 0x9393
mem[X,0x0000000080000ADA] -> 0x0023
[376] [M]: 0x0000000080000AD8 (0x00239393) slli x7, x7, 0x2                         main+728
x7 <- 0x00000000000F001C

mem[X,0x0000000080000ADC] -> 0x9073
mem[X,0x0000000080000ADE] -> 0x3A03
[377] [M]: 0x0000000080000ADC (0x3A039073) csrrw x0, pmpcfg0, x7                    main+732
CSR pmpcfg0 (0x3A0) <- 0x00000000000F001C

clint mtime 0x00000000000000BD (mip.MTI <- 0b1, mip.STI <- 0b0)
mem[X,0x0000000080000AE0] -> 0x051B
mem[X,0x0000000080000AE2] -> 0x0000
[378] [M]: 0x0000000080000AE0 (0x0000051B) addiw x10, x0, 0x0                       main+736
x10 <- 0x0000000000000000

mem[X,0x0000000080000AE4] -> 0x0001
[379] [M]: 0x0000000080000AE4 (0x0001) c.nop                                        main+740

clint mtime 0x00000000000000BE (mip.MTI <- 0b1, mip.STI <- 0b0)
mem[X,0x0000000080000AE6] -> 0x0013
mem[X,0x0000000080000AE8] -> 0x0000
[380] [M]: 0x0000000080000AE6 (0x00000013) addi x0, x0, 0x0                         main+742

mem[X,0x0000000080000AEA] -> 0x0013
mem[X,0x0000000080000AEC] -> 0x0000
[381] [M]: 0x0000000080000AEA (0x00000013) addi x0, x0, 0x0                         main+746

clint mtime 0x00000000000000BF (mip.MTI <- 0b1, mip.STI <- 0b0)
mem[X,0x0000000080000AEE] -> 0x0013
mem[X,0x0000000080000AF0] -> 0x0000
[382] [M]: 0x0000000080000AEE (0x00000013) addi x0, x0, 0x0                         main+750

mem[X,0x0000000080000AF2] -> 0x0013
mem[X,0x0000000080000AF4] -> 0x0000
[383] [M]: 0x0000000080000AF2 (0x00000013) addi x0, x0, 0x0                         main+754

clint mtime 0x00000000000000C0 (mip.MTI <- 0b1, mip.STI <- 0b0)
mem[X,0x0000000080000AF6] -> 0x0013
mem[X,0x0000000080000AF8] -> 0x0000
[384] [M]: 0x0000000080000AF6 (0x00000013) addi x0, x0, 0x0                         main+758

mem[X,0x0000000080000AFA] -> 0x0013
mem[X,0x0000000080000AFC] -> 0x0000
[385] [M]: 0x0000000080000AFA (0x00000013) addi x0, x0, 0x0                         main+762

clint mtime 0x00000000000000C1 (mip.MTI <- 0b1, mip.STI <- 0b0)
mem[X,0x0000000080000AFE] -> 0x0001
[386] [M]: 0x0000000080000AFE (0x0001) c.nop                                        main+766

mem[X,0x0000000080000B00] -> 0x0593
mem[X,0x0000000080000B02] -> 0x0DF0
[387] [M]: 0x0000000080000B00 (0x0DF00593) addi x11, x0, 0xdf                       main+768
x11 <- 0x00000000000000DF

clint mtime 0x00000000000000C2 (mip.MTI <- 0b1, mip.STI <- 0b0)
mem[X,0x0000000080000B04] -> 0x5513
mem[X,0x0000000080000B06] -> 0x00C5
[388] [M]: 0x0000000080000B04 (0x00C55513) srli x10, x10, 0xc                       main+772
x10 <- 0x0000000000000000

mem[X,0x0000000080000B08] -> 0x1513
mem[X,0x0000000080000B0A] -> 0x00A5
[389] [M]: 0x0000000080000B08 (0x00A51513) slli x10, x10, 0xa                       main+776
x10 <- 0x0000000000000000

clint mtime 0x00000000000000C3 (mip.MTI <- 0b1, mip.STI <- 0b0)
mem[X,0x0000000080000B0C] -> 0x6533
mem[X,0x0000000080000B0E] -> 0x00B5
[390] [M]: 0x0000000080000B0C (0x00B56533) or x10, x10, x11                         main+780
x10 <- 0x00000000000000DF

mem[X,0x0000000080000B10] -> 0x0013
mem[X,0x0000000080000B12] -> 0x0000
[391] [M]: 0x0000000080000B10 (0x00000013) addi x0, x0, 0x0                         main+784

clint mtime 0x00000000000000C4 (mip.MTI <- 0b1, mip.STI <- 0b0)
mem[X,0x0000000080000B14] -> 0x0013
mem[X,0x0000000080000B16] -> 0x0000
[392] [M]: 0x0000000080000B14 (0x00000013) addi x0, x0, 0x0                         main+788

mem[X,0x0000000080000B18] -> 0x0013
mem[X,0x0000000080000B1A] -> 0x0000
[393] [M]: 0x0000000080000B18 (0x00000013) addi x0, x0, 0x0                         main+792

clint mtime 0x00000000000000C5 (mip.MTI <- 0b1, mip.STI <- 0b0)
mem[X,0x0000000080000B1C] -> 0x0013
mem[X,0x0000000080000B1E] -> 0x0000
[394] [M]: 0x0000000080000B1C (0x00000013) addi x0, x0, 0x0                         main+796

mem[X,0x0000000080000B20] -> 0x7317
mem[X,0x0000000080000B22] -> 0x0000
[395] [M]: 0x0000000080000B20 (0x00007317) auipc x6, 0x7                            main+800
x6 <- 0x0000000080007B20

clint mtime 0x00000000000000C6 (mip.MTI <- 0b1, mip.STI <- 0b0)
mem[X,0x0000000080000B24] -> 0x0313
mem[X,0x0000000080000B26] -> 0x4E03
[396] [M]: 0x0000000080000B24 (0x4E030313) addi x6, x6, 0x4e0                       main+804
x6 <- 0x0000000080008000

mem[X,0x0000000080000B28] -> 0x0001
[397] [M]: 0x0000000080000B28 (0x0001) c.nop                                        main+808

clint mtime 0x00000000000000C7 (mip.MTI <- 0b1, mip.STI <- 0b0)
mem[X,0x0000000080000B2A] -> 0x0013
mem[X,0x0000000080000B2C] -> 0x0000
[398] [M]: 0x0000000080000B2A (0x00000013) addi x0, x0, 0x0                         main+810

mem[X,0x0000000080000B2E] -> 0x0013
mem[X,0x0000000080000B30] -> 0x0000
[399] [M]: 0x0000000080000B2E (0x00000013) addi x0, x0, 0x0                         main+814

clint mtime 0x00000000000000C8 (mip.MTI <- 0b1, mip.STI <- 0b0)
mem[X,0x0000000080000B32] -> 0x0013
mem[X,0x0000000080000B34] -> 0x0000
[400] [M]: 0x0000000080000B32 (0x00000013) addi x0, x0, 0x0                         main+818

mem[X,0x0000000080000B36] -> 0x0013
mem[X,0x0000000080000B38] -> 0x0000
[401] [M]: 0x0000000080000B36 (0x00000013) addi x0, x0, 0x0                         main+822

clint mtime 0x00000000000000C9 (mip.MTI <- 0b1, mip.STI <- 0b0)
mem[X,0x0000000080000B3A] -> 0x0013
mem[X,0x0000000080000B3C] -> 0x0000
[402] [M]: 0x0000000080000B3A (0x00000013) addi x0, x0, 0x0                         main+826

mem[X,0x0000000080000B3E] -> 0x0001
[403] [M]: 0x0000000080000B3E (0x0001) c.nop                                        main+830

clint mtime 0x00000000000000CA (mip.MTI <- 0b1, mip.STI <- 0b0)
mem[X,0x0000000080000B40] -> 0x0293
mem[X,0x0000000080000B42] -> 0x0000
[404] [M]: 0x0000000080000B40 (0x00000293) addi x5, x0, 0x0                         main+832
x5 <- 0x0000000000000000

mem[X,0x0000000080000B44] -> 0x0333
mem[X,0x0000000080000B46] -> 0x0053
[405] [M]: 0x0000000080000B44 (0x00530333) add x6, x6, x5                           main+836
x6 <- 0x0000000080008000

clint mtime 0x00000000000000CB (mip.MTI <- 0b1, mip.STI <- 0b0)
mem[X,0x0000000080000B48] -> 0x3023
mem[X,0x0000000080000B4A] -> 0x00A3
[406] [M]: 0x0000000080000B48 (0x00A33023) sd x10, 0x0(x6)                          main+840
mem[W,0x0000000080008000] <- 0x00000000000000DF

mem[X,0x0000000080000B4C] -> 0x0073
mem[X,0x0000000080000B4E] -> 0x1200
[407] [M]: 0x0000000080000B4C (0x12000073) sfence.vma x0, x0                        main+844

clint mtime 0x00000000000000CC (mip.MTI <- 0b1, mip.STI <- 0b0)
mem[X,0x0000000080000B50] -> 0x0493
mem[X,0x0000000080000B52] -> 0x0010
[408] [M]: 0x0000000080000B50 (0x00100493) addi x9, x0, 0x1                         main+848
x9 <- 0x0000000000000001

mem[X,0x0000000080000B54] -> 0x9493
mem[X,0x0000000080000B56] -> 0x00B4
[409] [M]: 0x0000000080000B54 (0x00B49493) slli x9, x9, 0xb                         main+852
x9 <- 0x0000000000000800

clint mtime 0x00000000000000CD (mip.MTI <- 0b1, mip.STI <- 0b0)
mem[X,0x0000000080000B58] -> 0xB073
mem[X,0x0000000080000B5A] -> 0x3004
[410] [M]: 0x0000000080000B58 (0x3004B073) csrrc x0, mstatus, x9                    main+856
CSR mstatus (0x300) <- 0x0000000A00000000

mem[X,0x0000000080000B5C] -> 0x23F3
mem[X,0x0000000080000B5E] -> 0x3400
[411] [M]: 0x0000000080000B5C (0x340023F3) csrrs x7, mscratch, x0                   main+860
CSR mscratch (0x340) -> 0x0000000080004000
x7 <- 0x0000000080004000

clint mtime 0x00000000000000CE (mip.MTI <- 0b1, mip.STI <- 0b0)
mem[X,0x0000000080000B60] -> 0xB303
mem[X,0x0000000080000B62] -> 0x4703
[412] [M]: 0x0000000080000B60 (0x4703B303) ld x6, 0x470(x7)                         main+864
mem[R,0x0000000080004470] -> 0xFFFFFF00800007BC
x6 <- 0xFFFFFF00800007BC

mem[X,0x0000000080000B64] -> 0xB483
mem[X,0x0000000080000B66] -> 0x1D83
[413] [M]: 0x0000000080000B64 (0x1D83B483) ld x9, 0x1d8(x7)                         main+868
mem[R,0x00000000800041D8] -> 0x00000000800007D4
x9 <- 0x00000000800007D4

clint mtime 0x00000000000000CF (mip.MTI <- 0b1, mip.STI <- 0b0)
mem[X,0x0000000080000B68] -> 0x0333
mem[X,0x0000000080000B6A] -> 0x4093
[414] [M]: 0x0000000080000B68 (0x40930333) sub x6, x6, x9                           main+872
x6 <- 0xFFFFFEFFFFFFFFE8

mem[X,0x0000000080000B6C] -> 0x0313
mem[X,0x0000000080000B6E] -> 0x0103
[415] [M]: 0x0000000080000B6C (0x01030313) addi x6, x6, 0x10                        main+876
x6 <- 0xFFFFFEFFFFFFFFF8

clint mtime 0x00000000000000D0 (mip.MTI <- 0b1, mip.STI <- 0b0)
mem[X,0x0000000080000B70] -> 0x0497
mem[X,0x0000000080000B72] -> 0x0000
[416] [M]: 0x0000000080000B70 (0x00000497) auipc x9, 0x0                            main+880
x9 <- 0x0000000080000B70

mem[X,0x0000000080000B74] -> 0x84B3
mem[X,0x0000000080000B76] -> 0x0064
[417] [M]: 0x0000000080000B74 (0x006484B3) add x9, x9, x6                           main+884
x9 <- 0xFFFFFF0080000B68

clint mtime 0x00000000000000D1 (mip.MTI <- 0b1, mip.STI <- 0b0)
mem[X,0x0000000080000B78] -> 0x94F3
mem[X,0x0000000080000B7A] -> 0x3414
[418] [M]: 0x0000000080000B78 (0x341494F3) csrrw x9, mepc, x9                       main+888
CSR mepc (0x341) <- 0xFFFFFF0080000B68
x9 <- 0x0000000000000000

mem[X,0x0000000080000B7C] -> 0x0073
mem[X,0x0000000080000B7E] -> 0x3020
[419] [M]: 0x0000000080000B7C (0x30200073) mret                                     main+892
CSR mstatus (0x300) <- 0x0000000A00000080
ret-ing from M to U

clint mtime 0x00000000000000D2 (mip.MTI <- 0b1, mip.STI <- 0b0)
PTW: Start, vpn=0xff0080000, access_type=X, privilege=Umem[R,0x0000000080008FF0] -> 0x00000000000000DB
PTW: Step, level=3, pte=0xDB, pte_addr=0x80008FF0
PTW: Success, final_ppn=0x80000, level=3mem[X,0x0000000080000B68] -> 0x0333
mem[X,0x0000000080000B6A] -> 0x4093
[420] [U]: 0xFFFFFF0080000B68 (0x40930333) sub x6, x6, x9                           va_rvtest_code_begin+940
x6 <- 0xFFFFFEFFFFFFFFF8

mem[X,0x0000000080000B6C] -> 0x0313
mem[X,0x0000000080000B6E] -> 0x0103
[421] [U]: 0xFFFFFF0080000B6C (0x01030313) addi x6, x6, 0x10                        va_rvtest_code_begin+944
x6 <- 0xFFFFFF0000000008

clint mtime 0x00000000000000D3 (mip.MTI <- 0b1, mip.STI <- 0b0)
mem[X,0x0000000080000B70] -> 0x0497
mem[X,0x0000000080000B72] -> 0x0000
[422] [U]: 0xFFFFFF0080000B70 (0x00000497) auipc x9, 0x0                            va_rvtest_code_begin+948
x9 <- 0xFFFFFF0080000B70

mem[X,0x0000000080000B74] -> 0x84B3
mem[X,0x0000000080000B76] -> 0x0064
[423] [U]: 0xFFFFFF0080000B74 (0x006484B3) add x9, x9, x6                           va_rvtest_code_begin+952
x9 <- 0xFFFFFE0080000B78

clint mtime 0x00000000000000D4 (mip.MTI <- 0b1, mip.STI <- 0b0)
mem[X,0x0000000080000B78] -> 0x94F3
mem[X,0x0000000080000B7A] -> 0x3414
[424] [U]: 0xFFFFFF0080000B78 (0x341494F3) csrrw x9, mepc, x9                       va_rvtest_code_begin+956
trapping from U to M to handle illegal-instruction
handling exc#illegal-instruction at priv M with tval 0x00000000341494F3
CSR mstatus (0x300) <- 0x0000000A00000000
CSR mcause (0x342) <- 0x0000000000000002
CSR mtval (0x343) <- 0x00000000341494F3
CSR mepc (0x341) <- 0xFFFFFF0080000B78

mem[X,0x0000000080001480] -> 0x006F
mem[X,0x0000000080001482] -> 0x1000
[425] [M]: 0x0000000080001480 (0x1000006F) jal x0, 0x100                            Mtrampoline+0

clint mtime 0x00000000000000D5 (mip.MTI <- 0b1, mip.STI <- 0b0)
mem[X,0x0000000080001580] -> 0x1173
mem[X,0x0000000080001582] -> 0x3401
[426] [M]: 0x0000000080001580 (0x34011173) csrrw x2, mscratch, x2                   trap_Mhandler+0
CSR mscratch (0x340) <- 0x0000000080004000
x2 <- 0x0000000080004000

mem[X,0x0000000080001584] -> 0x3423
mem[X,0x0000000080001586] -> 0x28B1
[427] [M]: 0x0000000080001584 (0x28B13423) sd x11, 0x288(x2)                        trap_Mhandler+4
mem[W,0x0000000080004288] <- 0x00000000000000DF

clint mtime 0x00000000000000D6 (mip.MTI <- 0b1, mip.STI <- 0b0)
mem[X,0x0000000080001588] -> 0x05EF
mem[X,0x000000008000158A] -> 0x0B80
[428] [M]: 0x0000000080001588 (0x0B8005EF) jal x11, 0xb8                            trap_Mhandler+8
x11 <- 0x000000008000158C

mem[X,0x0000000080001640] -> 0x3023
mem[X,0x0000000080001642] -> 0x28A1
[429] [M]: 0x0000000080001640 (0x28A13023) sd x10, 0x280(x2)                        common_Mhandler+0
mem[W,0x0000000080004280] <- 0x00000000000000DF

clint mtime 0x00000000000000D7 (mip.MTI <- 0b1, mip.STI <- 0b0)
mem[X,0x0000000080001644] -> 0x1573
mem[X,0x0000000080001646] -> 0x3401
[430] [M]: 0x0000000080001644 (0x34011573) csrrw x10, mscratch, x2                  common_Mhandler+4
CSR mscratch (0x340) <- 0x0000000080004000
x10 <- 0x0000000080004000

mem[X,0x0000000080001648] -> 0x3823
mem[X,0x000000008000164A] -> 0x28A1
[431] [M]: 0x0000000080001648 (0x28A13823) sd x10, 0x290(x2)                        common_Mhandler+8
mem[W,0x0000000080004290] <- 0x0000000080004000

clint mtime 0x00000000000000D8 (mip.MTI <- 0b1, mip.STI <- 0b0)
mem[X,0x000000008000164C] -> 0x3503
mem[X,0x000000008000164E] -> 0x2301
[432] [M]: 0x000000008000164C (0x23013503) ld x10, 0x230(x2)                        common_Mhandler+12
mem[R,0x0000000080004230] -> 0x0000000080001654
x10 <- 0x0000000080001654

mem[X,0x0000000080001650] -> 0x0067
mem[X,0x0000000080001652] -> 0x0005
[433] [M]: 0x0000000080001650 (0x00050067) jalr x0, 0x0(x10)                        common_Mhandler+16

clint mtime 0x00000000000000D9 (mip.MTI <- 0b1, mip.STI <- 0b0)
mem[X,0x0000000080001654] -> 0x3C23
mem[X,0x0000000080001656] -> 0x2691
[434] [M]: 0x0000000080001654 (0x26913C23) sd x9, 0x278(x2)                         common_Mentry+0
mem[W,0x0000000080004278] <- 0xFFFFFE0080000B78

mem[X,0x0000000080001658] -> 0x3823
mem[X,0x000000008000165A] -> 0x2681
[435] [M]: 0x0000000080001658 (0x26813823) sd x8, 0x270(x2)                         common_Mentry+4
mem[W,0x0000000080004270] <- 0x0000000000007F76

clint mtime 0x00000000000000DA (mip.MTI <- 0b1, mip.STI <- 0b0)
mem[X,0x000000008000165C] -> 0x3423
mem[X,0x000000008000165E] -> 0x2671
[436] [M]: 0x000000008000165C (0x26713423) sd x7, 0x268(x2)                         common_Mentry+8
mem[W,0x0000000080004268] <- 0x0000000080004000

mem[X,0x0000000080001660] -> 0x3023
mem[X,0x0000000080001662] -> 0x2661
[437] [M]: 0x0000000080001660 (0x26613023) sd x6, 0x260(x2)                         common_Mentry+12
mem[W,0x0000000080004260] <- 0xFFFFFF0000000008

clint mtime 0x00000000000000DB (mip.MTI <- 0b1, mip.STI <- 0b0)
mem[X,0x0000000080001664] -> 0x2573
mem[X,0x0000000080001666] -> 0x3420
[438] [M]: 0x0000000080001664 (0x34202573) csrrs x10, mcause, x0                    spcl_M2mmode_test+0
CSR mcause (0x342) -> 0x0000000000000002
x10 <- 0x0000000000000002

mem[X,0x0000000080001668] -> 0x04B7
mem[X,0x000000008000166A] -> 0x8000
[439] [M]: 0x0000000080001668 (0x800004B7) lui x9, -0x80000                         spcl_M2mmode_test+4
x9 <- 0xFFFFFFFF80000000

clint mtime 0x00000000000000DC (mip.MTI <- 0b1, mip.STI <- 0b0)
mem[X,0x000000008000166C] -> 0x8493
mem[X,0x000000008000166E] -> 0x0004
[440] [M]: 0x000000008000166C (0x00048493) addi x9, x9, 0x0                         spcl_M2mmode_test+8
x9 <- 0xFFFFFFFF80000000

mem[X,0x0000000080001670] -> 0x9493
mem[X,0x0000000080001672] -> 0x00B4
[441] [M]: 0x0000000080001670 (0x00B49493) slli x9, x9, 0xb                         spcl_M2mmode_test+12
x9 <- 0xFFFFFC0000000000

clint mtime 0x00000000000000DD (mip.MTI <- 0b1, mip.STI <- 0b0)
mem[X,0x0000000080001674] -> 0x8493
mem[X,0x0000000080001676] -> 0x0004
[442] [M]: 0x0000000080001674 (0x00048493) addi x9, x9, 0x0                         spcl_M2mmode_test+16
x9 <- 0xFFFFFC0000000000

mem[X,0x0000000080001678] -> 0x9493
mem[X,0x000000008000167A] -> 0x00B4
[443] [M]: 0x0000000080001678 (0x00B49493) slli x9, x9, 0xb                         spcl_M2mmode_test+20
x9 <- 0xFFE0000000000000

clint mtime 0x00000000000000DE (mip.MTI <- 0b1, mip.STI <- 0b0)
mem[X,0x000000008000167C] -> 0x8493
mem[X,0x000000008000167E] -> 0x0034
[444] [M]: 0x000000008000167C (0x00348493) addi x9, x9, 0x3                         spcl_M2mmode_test+24
x9 <- 0xFFE0000000000003

mem[X,0x0000000080001680] -> 0x9493
mem[X,0x0000000080001682] -> 0x00A4
[445] [M]: 0x0000000080001680 (0x00A49493) slli x9, x9, 0xa                         spcl_M2mmode_test+28
x9 <- 0x8000000000000C00

clint mtime 0x00000000000000DF (mip.MTI <- 0b1, mip.STI <- 0b0)
mem[X,0x0000000080001684] -> 0x8493
mem[X,0x0000000080001686] -> 0x3FC4
[446] [M]: 0x0000000080001684 (0x3FC48493) addi x9, x9, 0x3fc                       spcl_M2mmode_test+32
x9 <- 0x8000000000000FFC

mem[X,0x0000000080001688] -> 0xF4B3
mem[X,0x000000008000168A] -> 0x00A4
[447] [M]: 0x0000000080001688 (0x00A4F4B3) and x9, x9, x10                          spcl_M2mmode_test+36
x9 <- 0x0000000000000000

clint mtime 0x00000000000000E0 (mip.MTI <- 0b1, mip.STI <- 0b0)
mem[X,0x000000008000168C] -> 0x8493
mem[X,0x000000008000168E] -> 0xFF84
[448] [M]: 0x000000008000168C (0xFF848493) addi x9, x9, -0x8                        spcl_M2mmode_test+40
x9 <- 0xFFFFFFFFFFFFFFF8

mem[X,0x0000000080001690] -> 0x9663
mem[X,0x0000000080001692] -> 0x0004
[449] [M]: 0x0000000080001690 (0x00049663) bne x9, x0, 0xc                          spcl_M2mmode_test+44

clint mtime 0x00000000000000E1 (mip.MTI <- 0b1, mip.STI <- 0b0)
mem[X,0x000000008000169C] -> 0x0393
mem[X,0x000000008000169E] -> 0x0200
[450] [M]: 0x000000008000169C (0x02000393) addi x7, x0, 0x20                        Mtrapsig_ptr_upd+0
x7 <- 0x0000000000000020

mem[X,0x00000000800016A0] -> 0x5263
mem[X,0x00000000800016A2] -> 0x0405
[451] [M]: 0x00000000800016A0 (0x04055263) bge x10, x0, 0x44                        Mtrapsig_ptr_upd+4

clint mtime 0x00000000000000E2 (mip.MTI <- 0b1, mip.STI <- 0b0)
mem[X,0x00000000800016E4] -> 0x2373
mem[X,0x00000000800016E6] -> 0x3010
[452] [M]: 0x00000000800016E4 (0x30102373) csrrs x6, misa, x0                       Mxcpt_sig_sv+0
CSR misa (0x301) -> 0x800000000034112F
x6 <- 0x800000000034112F

mem[X,0x00000000800016E8] -> 0x1313
mem[X,0x00000000800016EA] -> 0x0383
[453] [M]: 0x00000000800016E8 (0x03831313) slli x6, x6, 0x38                        Mxcpt_sig_sv+4
x6 <- 0x2F00000000000000

clint mtime 0x00000000000000E3 (mip.MTI <- 0b1, mip.STI <- 0b0)
mem[X,0x00000000800016EC] -> 0x5463
mem[X,0x00000000800016EE] -> 0x0003
[454] [M]: 0x00000000800016EC (0x00035463) bge x6, x0, 0x8                          Mxcpt_sig_sv+8

mem[X,0x00000000800016F4] -> 0x3303
mem[X,0x00000000800016F6] -> 0x2181
[455] [M]: 0x00000000800016F4 (0x21813303) ld x6, 0x218(x2)                         Mtrap_sig_sv+0
mem[R,0x0000000080004218] -> 0x0000000080009318
x6 <- 0x0000000080009318

clint mtime 0x00000000000000E4 (mip.MTI <- 0b1, mip.STI <- 0b0)
mem[X,0x00000000800016F8] -> 0x04B3
mem[X,0x00000000800016FA] -> 0x0073
[456] [M]: 0x00000000800016F8 (0x007304B3) add x9, x6, x7                           Mtrap_sig_sv+4
x9 <- 0x0000000080009338

mem[X,0x00000000800016FC] -> 0x3C23
mem[X,0x00000000800016FE] -> 0x2091
[457] [M]: 0x00000000800016FC (0x20913C23) sd x9, 0x218(x2)                         Mtrap_sig_sv+8
mem[W,0x0000000080004218] <- 0x0000000080009338

clint mtime 0x00000000000000E5 (mip.MTI <- 0b1, mip.STI <- 0b0)
mem[X,0x0000000080001700] -> 0x3403
mem[X,0x0000000080001702] -> 0x1F81
[458] [M]: 0x0000000080001700 (0x1F813403) ld x8, 0x1f8(x2)                         Mtrap_sig_sv+12
mem[R,0x00000000800041F8] -> 0x0000000080009110
x8 <- 0x0000000080009110

mem[X,0x0000000080001704] -> 0x0333
mem[X,0x0000000080001706] -> 0x4083
[459] [M]: 0x0000000080001704 (0x40830333) sub x6, x6, x8                           Mtrap_sig_sv+16
x6 <- 0x0000000000000208

clint mtime 0x00000000000000E6 (mip.MTI <- 0b1, mip.STI <- 0b0)
mem[X,0x0000000080001708] -> 0x3403
mem[X,0x000000008000170A] -> 0x1F81
[460] [M]: 0x0000000080001708 (0x1F813403) ld x8, 0x1f8(x2)                         Mtrap_sig_sv+20
mem[R,0x00000000800041F8] -> 0x0000000080009110
x8 <- 0x0000000080009110

mem[X,0x000000008000170C] -> 0x0333
mem[X,0x000000008000170E] -> 0x0083
[461] [M]: 0x000000008000170C (0x00830333) add x6, x6, x8                           Mtrap_sig_sv+24
x6 <- 0x0000000080009318

clint mtime 0x00000000000000E7 (mip.MTI <- 0b1, mip.STI <- 0b0)
mem[X,0x0000000080001710] -> 0x3403
mem[X,0x0000000080001712] -> 0x2401
[462] [M]: 0x0000000080001710 (0x24013403) ld x8, 0x240(x2)                         Mtrap_sig_sv+28
mem[R,0x0000000080004240] -> 0x0000000080001480
x8 <- 0x0000000080001480

mem[X,0x0000000080001714] -> 0x85B3
mem[X,0x0000000080001716] -> 0x4085
[463] [M]: 0x0000000080001714 (0x408585B3) sub x11, x11, x8                         sv_Mvect+0
x11 <- 0x000000000000010C

clint mtime 0x00000000000000E8 (mip.MTI <- 0b1, mip.STI <- 0b0)
mem[X,0x0000000080001718] -> 0x9593
mem[X,0x000000008000171A] -> 0x0045
[464] [M]: 0x0000000080001718 (0x00459593) slli x11, x11, 0x4                       sv_Mvect+4
x11 <- 0x00000000000010C0

mem[X,0x000000008000171C] -> 0xE5B3
mem[X,0x000000008000171E] -> 0x0075
[465] [M]: 0x000000008000171C (0x0075E5B3) or x11, x11, x7                          sv_Mvect+8
x11 <- 0x00000000000010E0

clint mtime 0x00000000000000E9 (mip.MTI <- 0b1, mip.STI <- 0b0)
mem[X,0x0000000080001720] -> 0x8593
mem[X,0x0000000080001722] -> 0x0035
[466] [M]: 0x0000000080001720 (0x00358593) addi x11, x11, 0x3                       sv_Mvect+12
x11 <- 0x00000000000010E3

mem[X,0x0000000080001724] -> 0x3023
mem[X,0x0000000080001726] -> 0x00B3
[467] [M]: 0x0000000080001724 (0x00B33023) sd x11, 0x0(x6)                          sv_Mvect+16
mem[W,0x0000000080009318] <- 0x00000000000010E3

clint mtime 0x00000000000000EA (mip.MTI <- 0b1, mip.STI <- 0b0)
mem[X,0x0000000080001728] -> 0x3423
mem[X,0x000000008000172A] -> 0x00A3
[468] [M]: 0x0000000080001728 (0x00A33423) sd x10, 0x8(x6)                          sv_Mcause+0
mem[W,0x0000000080009320] <- 0x0000000000000002

mem[X,0x000000008000172C] -> 0x4663
mem[X,0x000000008000172E] -> 0x1A05
[469] [M]: 0x000000008000172C (0x1A054663) blt x10, x0, 0x1ac                       sv_Mcause+4

clint mtime 0x00000000000000EB (mip.MTI <- 0b1, mip.STI <- 0b0)
mem[X,0x0000000080001730] -> 0x25F3
mem[X,0x0000000080001732] -> 0x3000
[470] [M]: 0x0000000080001730 (0x300025F3) csrrs x11, mstatus, x0                   common_Mexcpt_handler+0
CSR mstatus (0x300) -> 0x0000000A00000000
x11 <- 0x0000000A00000000

mem[X,0x0000000080001734] -> 0x9413
mem[X,0x0000000080001736] -> 0x02E5
[471] [M]: 0x0000000080001734 (0x02E59413) slli x8, x11, 0x2e                       common_Mexcpt_handler+4
x8 <- 0x0000000000000000

clint mtime 0x00000000000000EC (mip.MTI <- 0b1, mip.STI <- 0b0)
mem[X,0x0000000080001738] -> 0x5463
mem[X,0x000000008000173A] -> 0x0004
[472] [M]: 0x0000000080001738 (0x00045463) bge x8, x0, 0x8                          common_Mexcpt_handler+8

mem[X,0x0000000080001740] -> 0xD493
mem[X,0x0000000080001742] -> 0x00B5
[473] [M]: 0x0000000080001740 (0x00B5D493) srli x9, x11, 0xb                        common_Mexcpt_handler+16
x9 <- 0x0000000001400000

clint mtime 0x00000000000000ED (mip.MTI <- 0b1, mip.STI <- 0b0)
mem[X,0x0000000080001744] -> 0xF493
mem[X,0x0000000080001746] -> 0x0034
[474] [M]: 0x0000000080001744 (0x0034F493) andi x9, x9, 0x3                         common_Mexcpt_handler+20
x9 <- 0x0000000000000000

mem[X,0x0000000080001748] -> 0x8493
mem[X,0x000000008000174A] -> 0x0014
[475] [M]: 0x0000000080001748 (0x00148493) addi x9, x9, 0x1                         common_Mexcpt_handler+24
x9 <- 0x0000000000000001

clint mtime 0x00000000000000EE (mip.MTI <- 0b1, mip.STI <- 0b0)
mem[X,0x000000008000174C] -> 0xF493
mem[X,0x000000008000174E] -> 0x0044
[476] [M]: 0x000000008000174C (0x0044F493) andi x9, x9, 0x4                         common_Mexcpt_handler+28
x9 <- 0x0000000000000000

mem[X,0x0000000080001750] -> 0x0593
mem[X,0x0000000080001752] -> 0x05D0
[477] [M]: 0x0000000080001750 (0x05D00593) addi x11, x0, 0x5d                       common_Mexcpt_handler+32
x11 <- 0x000000000000005D

clint mtime 0x00000000000000EF (mip.MTI <- 0b1, mip.STI <- 0b0)
mem[X,0x0000000080001754] -> 0xD5B3
mem[X,0x0000000080001756] -> 0x0095
[478] [M]: 0x0000000080001754 (0x0095D5B3) srl x11, x11, x9                         common_Mexcpt_handler+36
x11 <- 0x000000000000005D

mem[X,0x0000000080001758] -> 0xF593
mem[X,0x000000008000175A] -> 0x0015
[479] [M]: 0x0000000080001758 (0x0015F593) andi x11, x11, 0x1                       common_Mexcpt_handler+40
x11 <- 0x0000000000000001

clint mtime 0x00000000000000F0 (mip.MTI <- 0b1, mip.STI <- 0b0)
mem[X,0x000000008000175C] -> 0x8EE3
mem[X,0x000000008000175E] -> 0xF405
[480] [M]: 0x000000008000175C (0xF4058EE3) beq x11, x0, -0xa4                       common_Mexcpt_handler+44

mem[X,0x0000000080001760] -> 0x0593
mem[X,0x0000000080001762] -> 0x2980
[481] [M]: 0x0000000080001760 (0x29800593) addi x11, x0, 0x298                      common_Mexcpt_handler+48
x11 <- 0x0000000000000298

clint mtime 0x00000000000000F1 (mip.MTI <- 0b1, mip.STI <- 0b0)
mem[X,0x0000000080001764] -> 0xF413
mem[X,0x0000000080001766] -> 0x0014
[482] [M]: 0x0000000080001764 (0x0014F413) andi x8, x9, 0x1                         common_Mexcpt_handler+52
x8 <- 0x0000000000000000

mem[X,0x0000000080001768] -> 0x95B3
mem[X,0x000000008000176A] -> 0x0085
[483] [M]: 0x0000000080001768 (0x008595B3) sll x11, x11, x8                         common_Mexcpt_handler+56
x11 <- 0x0000000000000298

clint mtime 0x00000000000000F2 (mip.MTI <- 0b1, mip.STI <- 0b0)
mem[X,0x000000008000176C] -> 0x9413
mem[X,0x000000008000176E] -> 0x03D4
[484] [M]: 0x000000008000176C (0x03D49413) slli x8, x9, 0x3d                        common_Mexcpt_handler+60
x8 <- 0x0000000000000000

mem[X,0x0000000080001770] -> 0x5413
mem[X,0x0000000080001772] -> 0x43F4
[485] [M]: 0x0000000080001770 (0x43F45413) srai x8, x8, 0x3f                        common_Mexcpt_handler+64
x8 <- 0x0000000000000000

clint mtime 0x00000000000000F3 (mip.MTI <- 0b1, mip.STI <- 0b0)
mem[X,0x0000000080001774] -> 0x4413
mem[X,0x0000000080001776] -> 0xFFF4
[486] [M]: 0x0000000080001774 (0xFFF44413) xori x8, x8, -0x1                        common_Mexcpt_handler+68
x8 <- 0xFFFFFFFFFFFFFFFF

mem[X,0x0000000080001778] -> 0xF4B3
mem[X,0x000000008000177A] -> 0x0085
[487] [M]: 0x0000000080001778 (0x0085F4B3) and x9, x11, x8                          common_Mexcpt_handler+72
x9 <- 0x0000000000000298

clint mtime 0x00000000000000F4 (mip.MTI <- 0b1, mip.STI <- 0b0)
mem[X,0x000000008000177C] -> 0x84B3
mem[X,0x000000008000177E] -> 0x0024
[488] [M]: 0x000000008000177C (0x002484B3) add x9, x9, x2                           vmem_adj_Mepc+0
x9 <- 0x0000000080004298

mem[X,0x0000000080001780] -> 0x23F3
mem[X,0x0000000080001782] -> 0x3410
[489] [M]: 0x0000000080001780 (0x341023F3) csrrs x7, mepc, x0                       vmem_adj_Mepc+4
CSR mepc (0x341) -> 0xFFFFFF0080000B78
x7 <- 0xFFFFFF0080000B78

clint mtime 0x00000000000000F5 (mip.MTI <- 0b1, mip.STI <- 0b0)
mem[X,0x0000000080001784] -> 0x0413
mem[X,0x0000000080001786] -> 0x0004
[490] [M]: 0x0000000080001784 (0x00040413) addi x8, x8, 0x0                         vmem_adj_Mepc+8
x8 <- 0xFFFFFFFFFFFFFFFF

mem[X,0x0000000080001788] -> 0x006F
mem[X,0x000000008000178A] -> 0x0400
[491] [M]: 0x0000000080001788 (0x0400006F) jal x0, 0x40                             vmem_adj_Mepc+12

clint mtime 0x00000000000000F6 (mip.MTI <- 0b1, mip.STI <- 0b0)
mem[X,0x00000000800017C8] -> 0x8433
mem[X,0x00000000800017CA] -> 0x4083
[492] [M]: 0x00000000800017C8 (0x40838433) sub x8, x7, x8                           adj_Mepc+0
x8 <- 0xFFFFFF0080000B79

mem[X,0x00000000800017CC] -> 0x3823
mem[X,0x00000000800017CE] -> 0x0083
[493] [M]: 0x00000000800017CC (0x00833823) sd x8, 0x10(x6)                          sv_Mepc+0
mem[W,0x0000000080009328] <- 0xFFFFFF0080000B79

clint mtime 0x00000000000000F7 (mip.MTI <- 0b1, mip.STI <- 0b0)
mem[X,0x00000000800017D0] -> 0x55B7
mem[X,0x00000000800017D2] -> 0x0000
[494] [M]: 0x00000000800017D0 (0x000055B7) lui x11, 0x5                             sv_Mepc+4
x11 <- 0x0000000000005000

mem[X,0x00000000800017D4] -> 0x8593
mem[X,0x00000000800017D6] -> 0x6675
[495] [M]: 0x00000000800017D4 (0x66758593) addi x11, x11, 0x667                     sv_Mepc+8
x11 <- 0x0000000000005667

clint mtime 0x00000000000000F8 (mip.MTI <- 0b1, mip.STI <- 0b0)
mem[X,0x00000000800017D8] -> 0x9593
mem[X,0x00000000800017DA] -> 0x0015
[496] [M]: 0x00000000800017D8 (0x00159593) slli x11, x11, 0x1                       sv_Mepc+12
x11 <- 0x000000000000ACCE

mem[X,0x00000000800017DC] -> 0x9063
mem[X,0x00000000800017DE] -> 0x02B1
[497] [M]: 0x00000000800017DC (0x02B19063) bne x3, x11, 0x20                        sv_Mepc+16

clint mtime 0x00000000000000F9 (mip.MTI <- 0b1, mip.STI <- 0b0)
mem[X,0x00000000800017FC] -> 0xF593
mem[X,0x00000000800017FE] -> 0xFFC3
[498] [M]: 0x00000000800017FC (0xFFC3F593) andi x11, x7, -0x4                       adj_Mepc_rtn+0
x11 <- 0xFFFFFF0080000B78

mem[X,0x0000000080001800] -> 0x8593
mem[X,0x0000000080001802] -> 0x0085
[499] [M]: 0x0000000080001800 (0x00858593) addi x11, x11, 0x8                       adj_Mepc_rtn+4
x11 <- 0xFFFFFF0080000B80

clint mtime 0x00000000000000FA (mip.MTI <- 0b1, mip.STI <- 0b0)
mem[X,0x0000000080001804] -> 0x9073
mem[X,0x0000000080001806] -> 0x3415
[500] [M]: 0x0000000080001804 (0x34159073) csrrw x0, mepc, x11                      adj_Mepc_rtn+8
CSR mepc (0x341) <- 0xFFFFFF0080000B80

mem[X,0x0000000080001808] -> 0x23F3
mem[X,0x000000008000180A] -> 0x3430
[501] [M]: 0x0000000080001808 (0x343023F3) csrrs x7, mtval, x0                      skp_adj_Mepc+0
CSR mtval (0x343) -> 0x00000000341494F3
x7 <- 0x00000000341494F3

clint mtime 0x00000000000000FB (mip.MTI <- 0b1, mip.STI <- 0b0)
mem[X,0x000000008000180C] -> 0x0413
mem[X,0x000000008000180E] -> 0x0004
[502] [M]: 0x000000008000180C (0x00040413) addi x8, x8, 0x0                         skp_adj_Mepc+4
x8 <- 0xFFFFFF0080000B79

mem[X,0x0000000080001810] -> 0x006F
mem[X,0x0000000080001812] -> 0x0840
[503] [M]: 0x0000000080001810 (0x0840006F) jal x0, 0x84                             skp_adj_Mepc+8

clint mtime 0x00000000000000FC (mip.MTI <- 0b1, mip.STI <- 0b0)
mem[X,0x0000000080001894] -> 0x8433
mem[X,0x0000000080001896] -> 0x4083
[504] [M]: 0x0000000080001894 (0x40838433) sub x8, x7, x8                           adj_Mtval+0
x8 <- 0x000000FFB414897A

mem[X,0x0000000080001898] -> 0x3C23
mem[X,0x000000008000189A] -> 0x0083
[505] [M]: 0x0000000080001898 (0x00833C23) sd x8, 0x18(x6)                          sv_Mtval+0
mem[W,0x0000000080009330] <- 0x000000FFB414897A

clint mtime 0x00000000000000FD (mip.MTI <- 0b1, mip.STI <- 0b0)
mem[X,0x000000008000189C] -> 0x3483
mem[X,0x000000008000189E] -> 0x2181
[506] [M]: 0x000000008000189C (0x21813483) ld x9, 0x218(x2)                         skp_Mtval+0
mem[R,0x0000000080004218] -> 0x0000000080009338
x9 <- 0x0000000080009338

mem[X,0x00000000800018A0] -> 0x3383
mem[X,0x00000000800018A2] -> 0x1F81
[507] [M]: 0x00000000800018A0 (0x1F813383) ld x7, 0x1f8(x2)                         skp_Mtval+4
mem[R,0x00000000800041F8] -> 0x0000000080009110
x7 <- 0x0000000080009110

clint mtime 0x00000000000000FE (mip.MTI <- 0b1, mip.STI <- 0b0)
mem[X,0x00000000800018A4] -> 0x3303
mem[X,0x00000000800018A6] -> 0x2001
[508] [M]: 0x00000000800018A4 (0x20013303) ld x6, 0x200(x2)                         skp_Mtval+8
mem[R,0x0000000080004200] -> 0x0000000000000410
x6 <- 0x0000000000000410

mem[X,0x00000000800018A8] -> 0x0333
mem[X,0x00000000800018AA] -> 0x0073
[509] [M]: 0x00000000800018A8 (0x00730333) add x6, x6, x7                           skp_Mtval+12
x6 <- 0x0000000080009520

clint mtime 0x00000000000000FF (mip.MTI <- 0b1, mip.STI <- 0b0)
mem[X,0x00000000800018AC] -> 0x6AE3
mem[X,0x00000000800018AE] -> 0xAE93
[510] [M]: 0x00000000800018AC (0xAE936AE3) bltu x6, x9, -0x50c                      skp_Mtval+16

mem[X,0x00000000800018B0] -> 0x0393
mem[X,0x00000000800018B2] -> 0x2000
[511] [M]: 0x00000000800018B0 (0x20000393) addi x7, x0, 0x200                       skp_Mtval+20
x7 <- 0x0000000000000200

clint mtime 0x0000000000000100 (mip.MTI <- 0b1, mip.STI <- 0b0)
mem[X,0x00000000800018B4] -> 0x006F
mem[X,0x00000000800018B6] -> 0x0400
[512] [M]: 0x00000000800018B4 (0x0400006F) jal x0, 0x40                             skp_Mtval+24

mem[X,0x00000000800018F4] -> 0x0417
mem[X,0x00000000800018F6] -> 0x0000
[513] [M]: 0x00000000800018F4 (0x00000417) auipc x8, 0x0                            spcl_Mhandler+0
x8 <- 0x00000000800018F4

clint mtime 0x0000000000000101 (mip.MTI <- 0b1, mip.STI <- 0b0)
mem[X,0x00000000800018F8] -> 0x0413
mem[X,0x00000000800018FA] -> 0x03C4
[514] [M]: 0x00000000800018F8 (0x03C40413) addi x8, x8, 0x3c                        spcl_Mhandler+4
x8 <- 0x0000000080001930

mem[X,0x00000000800018FC] -> 0x0433
mem[X,0x00000000800018FE] -> 0x0074
[515] [M]: 0x00000000800018FC (0x00740433) add x8, x8, x7                           spcl_Mhandler+8
x8 <- 0x0000000080001B30

clint mtime 0x0000000000000102 (mip.MTI <- 0b1, mip.STI <- 0b0)
mem[X,0x0000000080001900] -> 0x1393
mem[X,0x0000000080001902] -> 0x0035
[516] [M]: 0x0000000080001900 (0x00351393) slli x7, x10, 0x3                        spcl_Mhandler+12
x7 <- 0x0000000000000010

mem[X,0x0000000080001904] -> 0x0433
mem[X,0x0000000080001906] -> 0x0074
[517] [M]: 0x0000000080001904 (0x00740433) add x8, x8, x7                           spcl_Mhandler+16
x8 <- 0x0000000080001B40

clint mtime 0x0000000000000103 (mip.MTI <- 0b1, mip.STI <- 0b0)
mem[X,0x0000000080001908] -> 0x7413
mem[X,0x000000008000190A] -> 0xFF84
[518] [M]: 0x0000000080001908 (0xFF847413) andi x8, x8, -0x8                        spcl_Mhandler+20
x8 <- 0x0000000080001B40

mem[X,0x000000008000190C] -> 0x3403
mem[X,0x000000008000190E] -> 0x0004
[519] [M]: 0x000000008000190C (0x00043403) ld x8, 0x0(x8)                           spcl_Mhandler+24
mem[R,0x0000000080001B40] -> 0x0000000000000005
x8 <- 0x0000000000000005

clint mtime 0x0000000000000104 (mip.MTI <- 0b1, mip.STI <- 0b0)
mem[X,0x0000000080001910] -> 0x02E3
mem[X,0x0000000080001912] -> 0xB204
[520] [M]: 0x0000000080001910 (0xB20402E3) beq x8, x0, -0x4dc                       spcl_Mdispatch_hndling+0

mem[X,0x0000000080001914] -> 0x1393
mem[X,0x0000000080001916] -> 0x03F4
[521] [M]: 0x0000000080001914 (0x03F41393) slli x7, x8, 0x3f                        spcl_Mdispatch_hndling+4
x7 <- 0x8000000000000000

clint mtime 0x0000000000000105 (mip.MTI <- 0b1, mip.STI <- 0b0)
mem[X,0x0000000080001918] -> 0xD863
mem[X,0x000000008000191A] -> 0x0003
[522] [M]: 0x0000000080001918 (0x0003D863) bge x7, x0, 0x10                         spcl_Mdispatch_hndling+8

mem[X,0x000000008000191C] -> 0x5413
mem[X,0x000000008000191E] -> 0x0014
[523] [M]: 0x000000008000191C (0x00145413) srli x8, x8, 0x1                         spcl_Mdispatch_hndling+12
x8 <- 0x0000000000000002

clint mtime 0x0000000000000106 (mip.MTI <- 0b1, mip.STI <- 0b0)
mem[X,0x0000000080001920] -> 0x0CE3
mem[X,0x0000000080001922] -> 0xF885
[524] [M]: 0x0000000080001920 (0xF8850CE3) beq x10, x8, -0x68                       spcl_Mdispatch_hndling+16

mem[X,0x00000000800018B8] -> 0x3303
mem[X,0x00000000800018BA] -> 0x2601
[525] [M]: 0x00000000800018B8 (0x26013303) ld x6, 0x260(x2)                         resto_Mrtn+0
mem[R,0x0000000080004260] -> 0xFFFFFF0000000008
x6 <- 0xFFFFFF0000000008

clint mtime 0x0000000000000107 (mip.MTI <- 0b1, mip.STI <- 0b0)
mem[X,0x00000000800018BC] -> 0x3383
mem[X,0x00000000800018BE] -> 0x2681
[526] [M]: 0x00000000800018BC (0x26813383) ld x7, 0x268(x2)                         resto_Mrtn+4
mem[R,0x0000000080004268] -> 0x0000000080004000
x7 <- 0x0000000080004000

mem[X,0x00000000800018C0] -> 0x3403
mem[X,0x00000000800018C2] -> 0x2701
[527] [M]: 0x00000000800018C0 (0x27013403) ld x8, 0x270(x2)                         resto_Mrtn+8
mem[R,0x0000000080004270] -> 0x0000000000007F76
x8 <- 0x0000000000007F76

clint mtime 0x0000000000000108 (mip.MTI <- 0b1, mip.STI <- 0b0)
mem[X,0x00000000800018C4] -> 0x3483
mem[X,0x00000000800018C6] -> 0x2781
[528] [M]: 0x00000000800018C4 (0x27813483) ld x9, 0x278(x2)                         resto_Mrtn+12
mem[R,0x0000000080004278] -> 0xFFFFFE0080000B78
x9 <- 0xFFFFFE0080000B78

mem[X,0x00000000800018C8] -> 0x3503
mem[X,0x00000000800018CA] -> 0x2801
[529] [M]: 0x00000000800018C8 (0x28013503) ld x10, 0x280(x2)                        resto_Mrtn+16
mem[R,0x0000000080004280] -> 0x00000000000000DF
x10 <- 0x00000000000000DF

clint mtime 0x0000000000000109 (mip.MTI <- 0b1, mip.STI <- 0b0)
mem[X,0x00000000800018CC] -> 0x3583
mem[X,0x00000000800018CE] -> 0x2881
[530] [M]: 0x00000000800018CC (0x28813583) ld x11, 0x288(x2)                        resto_Mrtn+20
mem[R,0x0000000080004288] -> 0x00000000000000DF
x11 <- 0x00000000000000DF

mem[X,0x00000000800018D0] -> 0x3103
mem[X,0x00000000800018D2] -> 0x2901
[531] [M]: 0x00000000800018D0 (0x29013103) ld x2, 0x290(x2)                         resto_Mrtn+24
mem[R,0x0000000080004290] -> 0x0000000080004000
x2 <- 0x0000000080004000

clint mtime 0x000000000000010A (mip.MTI <- 0b1, mip.STI <- 0b0)
mem[X,0x00000000800018D4] -> 0x0073
mem[X,0x00000000800018D6] -> 0x3020
[532] [M]: 0x00000000800018D4 (0x30200073) mret                                     resto_Mrtn+28
CSR mstatus (0x300) <- 0x0000000A00000080
ret-ing from M to U

mem[X,0x0000000080000B80] -> 0x07B7
mem[X,0x0000000080000B82] -> 0x0020
[533] [U]: 0xFFFFFF0080000B80 (0x002007B7) lui x15, 0x200                           va_rvtest_code_begin+964
x15 <- 0x0000000000200000

clint mtime 0x000000000000010B (mip.MTI <- 0b1, mip.STI <- 0b0)
mem[X,0x0000000080000B84] -> 0x8793
mem[X,0x0000000080000B86] -> 0x0017
[534] [U]: 0xFFFFFF0080000B84 (0x00178793) addi x15, x15, 0x1                       va_rvtest_code_begin+968
x15 <- 0x0000000000200001

mem[X,0x0000000080000B88] -> 0x9793
mem[X,0x0000000080000B8A] -> 0x00A7
[535] [U]: 0xFFFFFF0080000B88 (0x00A79793) slli x15, x15, 0xa                       va_rvtest_code_begin+972
x15 <- 0x0000000080000400

clint mtime 0x000000000000010C (mip.MTI <- 0b1, mip.STI <- 0b0)
mem[X,0x0000000080000B8C] -> 0x0613
mem[X,0x0000000080000B8E] -> 0x0106
[536] [U]: 0xFFFFFF0080000B8C (0x01060613) addi x12, x12, 0x10                      va_rvtest_code_begin+976
x12 <- 0x0000000000000010

mem[X,0x0000000080000B90] -> 0xAA23
mem[X,0x0000000080000B92] -> 0x00C7
[537] [U]: 0xFFFFFF0080000B90 (0x00C7AA23) sw x12, 0x14(x15)                        va_rvtest_code_begin+980
PTW: Start, vpn=0x80000, access_type=W, privilege=UPTW: failed, error=mem-access-error, level=3, pte_addr=0x80008000
trapping from U to M to handle store/amo-access-fault
handling exc#store/amo-access-fault at priv M with tval 0x0000000080000414
CSR mstatus (0x300) <- 0x0000000A00000000
CSR mcause (0x342) <- 0x0000000000000007
CSR mtval (0x343) <- 0x0000000080000414
CSR mepc (0x341) <- 0xFFFFFF0080000B90

clint mtime 0x000000000000010D (mip.MTI <- 0b1, mip.STI <- 0b0)
mem[X,0x0000000080001480] -> 0x006F
mem[X,0x0000000080001482] -> 0x1000
[538] [M]: 0x0000000080001480 (0x1000006F) jal x0, 0x100                            Mtrampoline+0

mem[X,0x0000000080001580] -> 0x1173
mem[X,0x0000000080001582] -> 0x3401
[539] [M]: 0x0000000080001580 (0x34011173) csrrw x2, mscratch, x2                   trap_Mhandler+0
CSR mscratch (0x340) <- 0x0000000080004000
x2 <- 0x0000000080004000

clint mtime 0x000000000000010E (mip.MTI <- 0b1, mip.STI <- 0b0)
mem[X,0x0000000080001584] -> 0x3423
mem[X,0x0000000080001586] -> 0x28B1
[540] [M]: 0x0000000080001584 (0x28B13423) sd x11, 0x288(x2)                        trap_Mhandler+4
mem[W,0x0000000080004288] <- 0x00000000000000DF

mem[X,0x0000000080001588] -> 0x05EF
mem[X,0x000000008000158A] -> 0x0B80
[541] [M]: 0x0000000080001588 (0x0B8005EF) jal x11, 0xb8                            trap_Mhandler+8
x11 <- 0x000000008000158C

clint mtime 0x000000000000010F (mip.MTI <- 0b1, mip.STI <- 0b0)
mem[X,0x0000000080001640] -> 0x3023
mem[X,0x0000000080001642] -> 0x28A1
[542] [M]: 0x0000000080001640 (0x28A13023) sd x10, 0x280(x2)                        common_Mhandler+0
mem[W,0x0000000080004280] <- 0x00000000000000DF

mem[X,0x0000000080001644] -> 0x1573
mem[X,0x0000000080001646] -> 0x3401
[543] [M]: 0x0000000080001644 (0x34011573) csrrw x10, mscratch, x2                  common_Mhandler+4
CSR mscratch (0x340) <- 0x0000000080004000
x10 <- 0x0000000080004000

clint mtime 0x0000000000000110 (mip.MTI <- 0b1, mip.STI <- 0b0)
mem[X,0x0000000080001648] -> 0x3823
mem[X,0x000000008000164A] -> 0x28A1
[544] [M]: 0x0000000080001648 (0x28A13823) sd x10, 0x290(x2)                        common_Mhandler+8
mem[W,0x0000000080004290] <- 0x0000000080004000

mem[X,0x000000008000164C] -> 0x3503
mem[X,0x000000008000164E] -> 0x2301
[545] [M]: 0x000000008000164C (0x23013503) ld x10, 0x230(x2)                        common_Mhandler+12
mem[R,0x0000000080004230] -> 0x0000000080001654
x10 <- 0x0000000080001654

clint mtime 0x0000000000000111 (mip.MTI <- 0b1, mip.STI <- 0b0)
mem[X,0x0000000080001650] -> 0x0067
mem[X,0x0000000080001652] -> 0x0005
[546] [M]: 0x0000000080001650 (0x00050067) jalr x0, 0x0(x10)                        common_Mhandler+16

mem[X,0x0000000080001654] -> 0x3C23
mem[X,0x0000000080001656] -> 0x2691
[547] [M]: 0x0000000080001654 (0x26913C23) sd x9, 0x278(x2)                         common_Mentry+0
mem[W,0x0000000080004278] <- 0xFFFFFE0080000B78

clint mtime 0x0000000000000112 (mip.MTI <- 0b1, mip.STI <- 0b0)
mem[X,0x0000000080001658] -> 0x3823
mem[X,0x000000008000165A] -> 0x2681
[548] [M]: 0x0000000080001658 (0x26813823) sd x8, 0x270(x2)                         common_Mentry+4
mem[W,0x0000000080004270] <- 0x0000000000007F76

mem[X,0x000000008000165C] -> 0x3423
mem[X,0x000000008000165E] -> 0x2671
[549] [M]: 0x000000008000165C (0x26713423) sd x7, 0x268(x2)                         common_Mentry+8
mem[W,0x0000000080004268] <- 0x0000000080004000

clint mtime 0x0000000000000113 (mip.MTI <- 0b1, mip.STI <- 0b0)
mem[X,0x0000000080001660] -> 0x3023
mem[X,0x0000000080001662] -> 0x2661
[550] [M]: 0x0000000080001660 (0x26613023) sd x6, 0x260(x2)                         common_Mentry+12
mem[W,0x0000000080004260] <- 0xFFFFFF0000000008

mem[X,0x0000000080001664] -> 0x2573
mem[X,0x0000000080001666] -> 0x3420
[551] [M]: 0x0000000080001664 (0x34202573) csrrs x10, mcause, x0                    spcl_M2mmode_test+0
CSR mcause (0x342) -> 0x0000000000000007
x10 <- 0x0000000000000007

clint mtime 0x0000000000000114 (mip.MTI <- 0b1, mip.STI <- 0b0)
mem[X,0x0000000080001668] -> 0x04B7
mem[X,0x000000008000166A] -> 0x8000
[552] [M]: 0x0000000080001668 (0x800004B7) lui x9, -0x80000                         spcl_M2mmode_test+4
x9 <- 0xFFFFFFFF80000000

mem[X,0x000000008000166C] -> 0x8493
mem[X,0x000000008000166E] -> 0x0004
[553] [M]: 0x000000008000166C (0x00048493) addi x9, x9, 0x0                         spcl_M2mmode_test+8
x9 <- 0xFFFFFFFF80000000

clint mtime 0x0000000000000115 (mip.MTI <- 0b1, mip.STI <- 0b0)
mem[X,0x0000000080001670] -> 0x9493
mem[X,0x0000000080001672] -> 0x00B4
[554] [M]: 0x0000000080001670 (0x00B49493) slli x9, x9, 0xb                         spcl_M2mmode_test+12
x9 <- 0xFFFFFC0000000000

mem[X,0x0000000080001674] -> 0x8493
mem[X,0x0000000080001676] -> 0x0004
[555] [M]: 0x0000000080001674 (0x00048493) addi x9, x9, 0x0                         spcl_M2mmode_test+16
x9 <- 0xFFFFFC0000000000

clint mtime 0x0000000000000116 (mip.MTI <- 0b1, mip.STI <- 0b0)
mem[X,0x0000000080001678] -> 0x9493
mem[X,0x000000008000167A] -> 0x00B4
[556] [M]: 0x0000000080001678 (0x00B49493) slli x9, x9, 0xb                         spcl_M2mmode_test+20
x9 <- 0xFFE0000000000000

mem[X,0x000000008000167C] -> 0x8493
mem[X,0x000000008000167E] -> 0x0034
[557] [M]: 0x000000008000167C (0x00348493) addi x9, x9, 0x3                         spcl_M2mmode_test+24
x9 <- 0xFFE0000000000003

clint mtime 0x0000000000000117 (mip.MTI <- 0b1, mip.STI <- 0b0)
mem[X,0x0000000080001680] -> 0x9493
mem[X,0x0000000080001682] -> 0x00A4
[558] [M]: 0x0000000080001680 (0x00A49493) slli x9, x9, 0xa                         spcl_M2mmode_test+28
x9 <- 0x8000000000000C00

mem[X,0x0000000080001684] -> 0x8493
mem[X,0x0000000080001686] -> 0x3FC4
[559] [M]: 0x0000000080001684 (0x3FC48493) addi x9, x9, 0x3fc                       spcl_M2mmode_test+32
x9 <- 0x8000000000000FFC

clint mtime 0x0000000000000118 (mip.MTI <- 0b1, mip.STI <- 0b0)
mem[X,0x0000000080001688] -> 0xF4B3
mem[X,0x000000008000168A] -> 0x00A4
[560] [M]: 0x0000000080001688 (0x00A4F4B3) and x9, x9, x10                          spcl_M2mmode_test+36
x9 <- 0x0000000000000004

mem[X,0x000000008000168C] -> 0x8493
mem[X,0x000000008000168E] -> 0xFF84
[561] [M]: 0x000000008000168C (0xFF848493) addi x9, x9, -0x8                        spcl_M2mmode_test+40
x9 <- 0xFFFFFFFFFFFFFFFC

clint mtime 0x0000000000000119 (mip.MTI <- 0b1, mip.STI <- 0b0)
mem[X,0x0000000080001690] -> 0x9663
mem[X,0x0000000080001692] -> 0x0004
[562] [M]: 0x0000000080001690 (0x00049663) bne x9, x0, 0xc                          spcl_M2mmode_test+44

mem[X,0x000000008000169C] -> 0x0393
mem[X,0x000000008000169E] -> 0x0200
[563] [M]: 0x000000008000169C (0x02000393) addi x7, x0, 0x20                        Mtrapsig_ptr_upd+0
x7 <- 0x0000000000000020

clint mtime 0x000000000000011A (mip.MTI <- 0b1, mip.STI <- 0b0)
mem[X,0x00000000800016A0] -> 0x5263
mem[X,0x00000000800016A2] -> 0x0405
[564] [M]: 0x00000000800016A0 (0x04055263) bge x10, x0, 0x44                        Mtrapsig_ptr_upd+4

mem[X,0x00000000800016E4] -> 0x2373
mem[X,0x00000000800016E6] -> 0x3010
[565] [M]: 0x00000000800016E4 (0x30102373) csrrs x6, misa, x0                       Mxcpt_sig_sv+0
CSR misa (0x301) -> 0x800000000034112F
x6 <- 0x800000000034112F

clint mtime 0x000000000000011B (mip.MTI <- 0b1, mip.STI <- 0b0)
mem[X,0x00000000800016E8] -> 0x1313
mem[X,0x00000000800016EA] -> 0x0383
[566] [M]: 0x00000000800016E8 (0x03831313) slli x6, x6, 0x38                        Mxcpt_sig_sv+4
x6 <- 0x2F00000000000000

mem[X,0x00000000800016EC] -> 0x5463
mem[X,0x00000000800016EE] -> 0x0003
[567] [M]: 0x00000000800016EC (0x00035463) bge x6, x0, 0x8                          Mxcpt_sig_sv+8

clint mtime 0x000000000000011C (mip.MTI <- 0b1, mip.STI <- 0b0)
mem[X,0x00000000800016F4] -> 0x3303
mem[X,0x00000000800016F6] -> 0x2181
[568] [M]: 0x00000000800016F4 (0x21813303) ld x6, 0x218(x2)                         Mtrap_sig_sv+0
mem[R,0x0000000080004218] -> 0x0000000080009338
x6 <- 0x0000000080009338

mem[X,0x00000000800016F8] -> 0x04B3
mem[X,0x00000000800016FA] -> 0x0073
[569] [M]: 0x00000000800016F8 (0x007304B3) add x9, x6, x7                           Mtrap_sig_sv+4
x9 <- 0x0000000080009358

clint mtime 0x000000000000011D (mip.MTI <- 0b1, mip.STI <- 0b0)
mem[X,0x00000000800016FC] -> 0x3C23
mem[X,0x00000000800016FE] -> 0x2091
[570] [M]: 0x00000000800016FC (0x20913C23) sd x9, 0x218(x2)                         Mtrap_sig_sv+8
mem[W,0x0000000080004218] <- 0x0000000080009358

mem[X,0x0000000080001700] -> 0x3403
mem[X,0x0000000080001702] -> 0x1F81
[571] [M]: 0x0000000080001700 (0x1F813403) ld x8, 0x1f8(x2)                         Mtrap_sig_sv+12
mem[R,0x00000000800041F8] -> 0x0000000080009110
x8 <- 0x0000000080009110

clint mtime 0x000000000000011E (mip.MTI <- 0b1, mip.STI <- 0b0)
mem[X,0x0000000080001704] -> 0x0333
mem[X,0x0000000080001706] -> 0x4083
[572] [M]: 0x0000000080001704 (0x40830333) sub x6, x6, x8                           Mtrap_sig_sv+16
x6 <- 0x0000000000000228

mem[X,0x0000000080001708] -> 0x3403
mem[X,0x000000008000170A] -> 0x1F81
[573] [M]: 0x0000000080001708 (0x1F813403) ld x8, 0x1f8(x2)                         Mtrap_sig_sv+20
mem[R,0x00000000800041F8] -> 0x0000000080009110
x8 <- 0x0000000080009110

clint mtime 0x000000000000011F (mip.MTI <- 0b1, mip.STI <- 0b0)
mem[X,0x000000008000170C] -> 0x0333
mem[X,0x000000008000170E] -> 0x0083
[574] [M]: 0x000000008000170C (0x00830333) add x6, x6, x8                           Mtrap_sig_sv+24
x6 <- 0x0000000080009338

mem[X,0x0000000080001710] -> 0x3403
mem[X,0x0000000080001712] -> 0x2401
[575] [M]: 0x0000000080001710 (0x24013403) ld x8, 0x240(x2)                         Mtrap_sig_sv+28
mem[R,0x0000000080004240] -> 0x0000000080001480
x8 <- 0x0000000080001480

clint mtime 0x0000000000000120 (mip.MTI <- 0b1, mip.STI <- 0b0)
mem[X,0x0000000080001714] -> 0x85B3
mem[X,0x0000000080001716] -> 0x4085
[576] [M]: 0x0000000080001714 (0x408585B3) sub x11, x11, x8                         sv_Mvect+0
x11 <- 0x000000000000010C

mem[X,0x0000000080001718] -> 0x9593
mem[X,0x000000008000171A] -> 0x0045
[577] [M]: 0x0000000080001718 (0x00459593) slli x11, x11, 0x4                       sv_Mvect+4
x11 <- 0x00000000000010C0

clint mtime 0x0000000000000121 (mip.MTI <- 0b1, mip.STI <- 0b0)
mem[X,0x000000008000171C] -> 0xE5B3
mem[X,0x000000008000171E] -> 0x0075
[578] [M]: 0x000000008000171C (0x0075E5B3) or x11, x11, x7                          sv_Mvect+8
x11 <- 0x00000000000010E0

mem[X,0x0000000080001720] -> 0x8593
mem[X,0x0000000080001722] -> 0x0035
[579] [M]: 0x0000000080001720 (0x00358593) addi x11, x11, 0x3                       sv_Mvect+12
x11 <- 0x00000000000010E3

clint mtime 0x0000000000000122 (mip.MTI <- 0b1, mip.STI <- 0b0)
mem[X,0x0000000080001724] -> 0x3023
mem[X,0x0000000080001726] -> 0x00B3
[580] [M]: 0x0000000080001724 (0x00B33023) sd x11, 0x0(x6)                          sv_Mvect+16
mem[W,0x0000000080009338] <- 0x00000000000010E3

mem[X,0x0000000080001728] -> 0x3423
mem[X,0x000000008000172A] -> 0x00A3
[581] [M]: 0x0000000080001728 (0x00A33423) sd x10, 0x8(x6)                          sv_Mcause+0
mem[W,0x0000000080009340] <- 0x0000000000000007

clint mtime 0x0000000000000123 (mip.MTI <- 0b1, mip.STI <- 0b0)
mem[X,0x000000008000172C] -> 0x4663
mem[X,0x000000008000172E] -> 0x1A05
[582] [M]: 0x000000008000172C (0x1A054663) blt x10, x0, 0x1ac                       sv_Mcause+4

mem[X,0x0000000080001730] -> 0x25F3
mem[X,0x0000000080001732] -> 0x3000
[583] [M]: 0x0000000080001730 (0x300025F3) csrrs x11, mstatus, x0                   common_Mexcpt_handler+0
CSR mstatus (0x300) -> 0x0000000A00000000
x11 <- 0x0000000A00000000

clint mtime 0x0000000000000124 (mip.MTI <- 0b1, mip.STI <- 0b0)
mem[X,0x0000000080001734] -> 0x9413
mem[X,0x0000000080001736] -> 0x02E5
[584] [M]: 0x0000000080001734 (0x02E59413) slli x8, x11, 0x2e                       common_Mexcpt_handler+4
x8 <- 0x0000000000000000

mem[X,0x0000000080001738] -> 0x5463
mem[X,0x000000008000173A] -> 0x0004
[585] [M]: 0x0000000080001738 (0x00045463) bge x8, x0, 0x8                          common_Mexcpt_handler+8

clint mtime 0x0000000000000125 (mip.MTI <- 0b1, mip.STI <- 0b0)
mem[X,0x0000000080001740] -> 0xD493
mem[X,0x0000000080001742] -> 0x00B5
[586] [M]: 0x0000000080001740 (0x00B5D493) srli x9, x11, 0xb                        common_Mexcpt_handler+16
x9 <- 0x0000000001400000

mem[X,0x0000000080001744] -> 0xF493
mem[X,0x0000000080001746] -> 0x0034
[587] [M]: 0x0000000080001744 (0x0034F493) andi x9, x9, 0x3                         common_Mexcpt_handler+20
x9 <- 0x0000000000000000

clint mtime 0x0000000000000126 (mip.MTI <- 0b1, mip.STI <- 0b0)
mem[X,0x0000000080001748] -> 0x8493
mem[X,0x000000008000174A] -> 0x0014
[588] [M]: 0x0000000080001748 (0x00148493) addi x9, x9, 0x1                         common_Mexcpt_handler+24
x9 <- 0x0000000000000001

mem[X,0x000000008000174C] -> 0xF493
mem[X,0x000000008000174E] -> 0x0044
[589] [M]: 0x000000008000174C (0x0044F493) andi x9, x9, 0x4                         common_Mexcpt_handler+28
x9 <- 0x0000000000000000

clint mtime 0x0000000000000127 (mip.MTI <- 0b1, mip.STI <- 0b0)
mem[X,0x0000000080001750] -> 0x0593
mem[X,0x0000000080001752] -> 0x05D0
[590] [M]: 0x0000000080001750 (0x05D00593) addi x11, x0, 0x5d                       common_Mexcpt_handler+32
x11 <- 0x000000000000005D

mem[X,0x0000000080001754] -> 0xD5B3
mem[X,0x0000000080001756] -> 0x0095
[591] [M]: 0x0000000080001754 (0x0095D5B3) srl x11, x11, x9                         common_Mexcpt_handler+36
x11 <- 0x000000000000005D

clint mtime 0x0000000000000128 (mip.MTI <- 0b1, mip.STI <- 0b0)
mem[X,0x0000000080001758] -> 0xF593
mem[X,0x000000008000175A] -> 0x0015
[592] [M]: 0x0000000080001758 (0x0015F593) andi x11, x11, 0x1                       common_Mexcpt_handler+40
x11 <- 0x0000000000000001

mem[X,0x000000008000175C] -> 0x8EE3
mem[X,0x000000008000175E] -> 0xF405
[593] [M]: 0x000000008000175C (0xF4058EE3) beq x11, x0, -0xa4                       common_Mexcpt_handler+44

clint mtime 0x0000000000000129 (mip.MTI <- 0b1, mip.STI <- 0b0)
mem[X,0x0000000080001760] -> 0x0593
mem[X,0x0000000080001762] -> 0x2980
[594] [M]: 0x0000000080001760 (0x29800593) addi x11, x0, 0x298                      common_Mexcpt_handler+48
x11 <- 0x0000000000000298

mem[X,0x0000000080001764] -> 0xF413
mem[X,0x0000000080001766] -> 0x0014
[595] [M]: 0x0000000080001764 (0x0014F413) andi x8, x9, 0x1                         common_Mexcpt_handler+52
x8 <- 0x0000000000000000

clint mtime 0x000000000000012A (mip.MTI <- 0b1, mip.STI <- 0b0)
mem[X,0x0000000080001768] -> 0x95B3
mem[X,0x000000008000176A] -> 0x0085
[596] [M]: 0x0000000080001768 (0x008595B3) sll x11, x11, x8                         common_Mexcpt_handler+56
x11 <- 0x0000000000000298

mem[X,0x000000008000176C] -> 0x9413
mem[X,0x000000008000176E] -> 0x03D4
[597] [M]: 0x000000008000176C (0x03D49413) slli x8, x9, 0x3d                        common_Mexcpt_handler+60
x8 <- 0x0000000000000000

clint mtime 0x000000000000012B (mip.MTI <- 0b1, mip.STI <- 0b0)
mem[X,0x0000000080001770] -> 0x5413
mem[X,0x0000000080001772] -> 0x43F4
[598] [M]: 0x0000000080001770 (0x43F45413) srai x8, x8, 0x3f                        common_Mexcpt_handler+64
x8 <- 0x0000000000000000

mem[X,0x0000000080001774] -> 0x4413
mem[X,0x0000000080001776] -> 0xFFF4
[599] [M]: 0x0000000080001774 (0xFFF44413) xori x8, x8, -0x1                        common_Mexcpt_handler+68
x8 <- 0xFFFFFFFFFFFFFFFF

clint mtime 0x000000000000012C (mip.MTI <- 0b1, mip.STI <- 0b0)
mem[X,0x0000000080001778] -> 0xF4B3
mem[X,0x000000008000177A] -> 0x0085
[600] [M]: 0x0000000080001778 (0x0085F4B3) and x9, x11, x8                          common_Mexcpt_handler+72
x9 <- 0x0000000000000298

mem[X,0x000000008000177C] -> 0x84B3
mem[X,0x000000008000177E] -> 0x0024
[601] [M]: 0x000000008000177C (0x002484B3) add x9, x9, x2                           vmem_adj_Mepc+0
x9 <- 0x0000000080004298

clint mtime 0x000000000000012D (mip.MTI <- 0b1, mip.STI <- 0b0)
mem[X,0x0000000080001780] -> 0x23F3
mem[X,0x0000000080001782] -> 0x3410
[602] [M]: 0x0000000080001780 (0x341023F3) csrrs x7, mepc, x0                       vmem_adj_Mepc+4
CSR mepc (0x341) -> 0xFFFFFF0080000B90
x7 <- 0xFFFFFF0080000B90

mem[X,0x0000000080001784] -> 0x0413
mem[X,0x0000000080001786] -> 0x0004
[603] [M]: 0x0000000080001784 (0x00040413) addi x8, x8, 0x0                         vmem_adj_Mepc+8
x8 <- 0xFFFFFFFFFFFFFFFF

clint mtime 0x000000000000012E (mip.MTI <- 0b1, mip.STI <- 0b0)
mem[X,0x0000000080001788] -> 0x006F
mem[X,0x000000008000178A] -> 0x0400
[604] [M]: 0x0000000080001788 (0x0400006F) jal x0, 0x40                             vmem_adj_Mepc+12

mem[X,0x00000000800017C8] -> 0x8433
mem[X,0x00000000800017CA] -> 0x4083
[605] [M]: 0x00000000800017C8 (0x40838433) sub x8, x7, x8                           adj_Mepc+0
x8 <- 0xFFFFFF0080000B91

clint mtime 0x000000000000012F (mip.MTI <- 0b1, mip.STI <- 0b0)
mem[X,0x00000000800017CC] -> 0x3823
mem[X,0x00000000800017CE] -> 0x0083
[606] [M]: 0x00000000800017CC (0x00833823) sd x8, 0x10(x6)                          sv_Mepc+0
mem[W,0x0000000080009348] <- 0xFFFFFF0080000B91

mem[X,0x00000000800017D0] -> 0x55B7
mem[X,0x00000000800017D2] -> 0x0000
[607] [M]: 0x00000000800017D0 (0x000055B7) lui x11, 0x5                             sv_Mepc+4
x11 <- 0x0000000000005000

clint mtime 0x0000000000000130 (mip.MTI <- 0b1, mip.STI <- 0b0)
mem[X,0x00000000800017D4] -> 0x8593
mem[X,0x00000000800017D6] -> 0x6675
[608] [M]: 0x00000000800017D4 (0x66758593) addi x11, x11, 0x667                     sv_Mepc+8
x11 <- 0x0000000000005667

mem[X,0x00000000800017D8] -> 0x9593
mem[X,0x00000000800017DA] -> 0x0015
[609] [M]: 0x00000000800017D8 (0x00159593) slli x11, x11, 0x1                       sv_Mepc+12
x11 <- 0x000000000000ACCE

clint mtime 0x0000000000000131 (mip.MTI <- 0b1, mip.STI <- 0b0)
mem[X,0x00000000800017DC] -> 0x9063
mem[X,0x00000000800017DE] -> 0x02B1
[610] [M]: 0x00000000800017DC (0x02B19063) bne x3, x11, 0x20                        sv_Mepc+16

mem[X,0x00000000800017FC] -> 0xF593
mem[X,0x00000000800017FE] -> 0xFFC3
[611] [M]: 0x00000000800017FC (0xFFC3F593) andi x11, x7, -0x4                       adj_Mepc_rtn+0
x11 <- 0xFFFFFF0080000B90

clint mtime 0x0000000000000132 (mip.MTI <- 0b1, mip.STI <- 0b0)
mem[X,0x0000000080001800] -> 0x8593
mem[X,0x0000000080001802] -> 0x0085
[612] [M]: 0x0000000080001800 (0x00858593) addi x11, x11, 0x8                       adj_Mepc_rtn+4
x11 <- 0xFFFFFF0080000B98

mem[X,0x0000000080001804] -> 0x9073
mem[X,0x0000000080001806] -> 0x3415
[613] [M]: 0x0000000080001804 (0x34159073) csrrw x0, mepc, x11                      adj_Mepc_rtn+8
CSR mepc (0x341) <- 0xFFFFFF0080000B98

clint mtime 0x0000000000000133 (mip.MTI <- 0b1, mip.STI <- 0b0)
mem[X,0x0000000080001808] -> 0x23F3
mem[X,0x000000008000180A] -> 0x3430
[614] [M]: 0x0000000080001808 (0x343023F3) csrrs x7, mtval, x0                      skp_adj_Mepc+0
CSR mtval (0x343) -> 0x0000000080000414
x7 <- 0x0000000080000414

mem[X,0x000000008000180C] -> 0x0413
mem[X,0x000000008000180E] -> 0x0004
[615] [M]: 0x000000008000180C (0x00040413) addi x8, x8, 0x0                         skp_adj_Mepc+4
x8 <- 0xFFFFFF0080000B91

clint mtime 0x0000000000000134 (mip.MTI <- 0b1, mip.STI <- 0b0)
mem[X,0x0000000080001810] -> 0x006F
mem[X,0x0000000080001812] -> 0x0840
[616] [M]: 0x0000000080001810 (0x0840006F) jal x0, 0x84                             skp_adj_Mepc+8

mem[X,0x0000000080001894] -> 0x8433
mem[X,0x0000000080001896] -> 0x4083
[617] [M]: 0x0000000080001894 (0x40838433) sub x8, x7, x8                           adj_Mtval+0
x8 <- 0x000000FFFFFFF883

clint mtime 0x0000000000000135 (mip.MTI <- 0b1, mip.STI <- 0b0)
mem[X,0x0000000080001898] -> 0x3C23
mem[X,0x000000008000189A] -> 0x0083
[618] [M]: 0x0000000080001898 (0x00833C23) sd x8, 0x18(x6)                          sv_Mtval+0
mem[W,0x0000000080009350] <- 0x000000FFFFFFF883

mem[X,0x000000008000189C] -> 0x3483
mem[X,0x000000008000189E] -> 0x2181
[619] [M]: 0x000000008000189C (0x21813483) ld x9, 0x218(x2)                         skp_Mtval+0
mem[R,0x0000000080004218] -> 0x0000000080009358
x9 <- 0x0000000080009358

clint mtime 0x0000000000000136 (mip.MTI <- 0b1, mip.STI <- 0b0)
mem[X,0x00000000800018A0] -> 0x3383
mem[X,0x00000000800018A2] -> 0x1F81
[620] [M]: 0x00000000800018A0 (0x1F813383) ld x7, 0x1f8(x2)                         skp_Mtval+4
mem[R,0x00000000800041F8] -> 0x0000000080009110
x7 <- 0x0000000080009110

mem[X,0x00000000800018A4] -> 0x3303
mem[X,0x00000000800018A6] -> 0x2001
[621] [M]: 0x00000000800018A4 (0x20013303) ld x6, 0x200(x2)                         skp_Mtval+8
mem[R,0x0000000080004200] -> 0x0000000000000410
x6 <- 0x0000000000000410

clint mtime 0x0000000000000137 (mip.MTI <- 0b1, mip.STI <- 0b0)
mem[X,0x00000000800018A8] -> 0x0333
mem[X,0x00000000800018AA] -> 0x0073
[622] [M]: 0x00000000800018A8 (0x00730333) add x6, x6, x7                           skp_Mtval+12
x6 <- 0x0000000080009520

mem[X,0x00000000800018AC] -> 0x6AE3
mem[X,0x00000000800018AE] -> 0xAE93
[623] [M]: 0x00000000800018AC (0xAE936AE3) bltu x6, x9, -0x50c                      skp_Mtval+16

clint mtime 0x0000000000000138 (mip.MTI <- 0b1, mip.STI <- 0b0)
mem[X,0x00000000800018B0] -> 0x0393
mem[X,0x00000000800018B2] -> 0x2000
[624] [M]: 0x00000000800018B0 (0x20000393) addi x7, x0, 0x200                       skp_Mtval+20
x7 <- 0x0000000000000200

mem[X,0x00000000800018B4] -> 0x006F
mem[X,0x00000000800018B6] -> 0x0400
[625] [M]: 0x00000000800018B4 (0x0400006F) jal x0, 0x40                             skp_Mtval+24

clint mtime 0x0000000000000139 (mip.MTI <- 0b1, mip.STI <- 0b0)
mem[X,0x00000000800018F4] -> 0x0417
mem[X,0x00000000800018F6] -> 0x0000
[626] [M]: 0x00000000800018F4 (0x00000417) auipc x8, 0x0                            spcl_Mhandler+0
x8 <- 0x00000000800018F4

mem[X,0x00000000800018F8] -> 0x0413
mem[X,0x00000000800018FA] -> 0x03C4
[627] [M]: 0x00000000800018F8 (0x03C40413) addi x8, x8, 0x3c                        spcl_Mhandler+4
x8 <- 0x0000000080001930

clint mtime 0x000000000000013A (mip.MTI <- 0b1, mip.STI <- 0b0)
mem[X,0x00000000800018FC] -> 0x0433
mem[X,0x00000000800018FE] -> 0x0074
[628] [M]: 0x00000000800018FC (0x00740433) add x8, x8, x7                           spcl_Mhandler+8
x8 <- 0x0000000080001B30

mem[X,0x0000000080001900] -> 0x1393
mem[X,0x0000000080001902] -> 0x0035
[629] [M]: 0x0000000080001900 (0x00351393) slli x7, x10, 0x3                        spcl_Mhandler+12
x7 <- 0x0000000000000038

clint mtime 0x000000000000013B (mip.MTI <- 0b1, mip.STI <- 0b0)
mem[X,0x0000000080001904] -> 0x0433
mem[X,0x0000000080001906] -> 0x0074
[630] [M]: 0x0000000080001904 (0x00740433) add x8, x8, x7                           spcl_Mhandler+16
x8 <- 0x0000000080001B68

mem[X,0x0000000080001908] -> 0x7413
mem[X,0x000000008000190A] -> 0xFF84
[631] [M]: 0x0000000080001908 (0xFF847413) andi x8, x8, -0x8                        spcl_Mhandler+20
x8 <- 0x0000000080001B68

clint mtime 0x000000000000013C (mip.MTI <- 0b1, mip.STI <- 0b0)
mem[X,0x000000008000190C] -> 0x3403
mem[X,0x000000008000190E] -> 0x0004
[632] [M]: 0x000000008000190C (0x00043403) ld x8, 0x0(x8)                           spcl_Mhandler+24
mem[R,0x0000000080001B68] -> 0x000000000000000F
x8 <- 0x000000000000000F

mem[X,0x0000000080001910] -> 0x02E3
mem[X,0x0000000080001912] -> 0xB204
[633] [M]: 0x0000000080001910 (0xB20402E3) beq x8, x0, -0x4dc                       spcl_Mdispatch_hndling+0

clint mtime 0x000000000000013D (mip.MTI <- 0b1, mip.STI <- 0b0)
mem[X,0x0000000080001914] -> 0x1393
mem[X,0x0000000080001916] -> 0x03F4
[634] [M]: 0x0000000080001914 (0x03F41393) slli x7, x8, 0x3f                        spcl_Mdispatch_hndling+4
x7 <- 0x8000000000000000

mem[X,0x0000000080001918] -> 0xD863
mem[X,0x000000008000191A] -> 0x0003
[635] [M]: 0x0000000080001918 (0x0003D863) bge x7, x0, 0x10                         spcl_Mdispatch_hndling+8

clint mtime 0x000000000000013E (mip.MTI <- 0b1, mip.STI <- 0b0)
mem[X,0x000000008000191C] -> 0x5413
mem[X,0x000000008000191E] -> 0x0014
[636] [M]: 0x000000008000191C (0x00145413) srli x8, x8, 0x1                         spcl_Mdispatch_hndling+12
x8 <- 0x0000000000000007

mem[X,0x0000000080001920] -> 0x0CE3
mem[X,0x0000000080001922] -> 0xF885
[637] [M]: 0x0000000080001920 (0xF8850CE3) beq x10, x8, -0x68                       spcl_Mdispatch_hndling+16

clint mtime 0x000000000000013F (mip.MTI <- 0b1, mip.STI <- 0b0)
mem[X,0x00000000800018B8] -> 0x3303
mem[X,0x00000000800018BA] -> 0x2601
[638] [M]: 0x00000000800018B8 (0x26013303) ld x6, 0x260(x2)                         resto_Mrtn+0
mem[R,0x0000000080004260] -> 0xFFFFFF0000000008
x6 <- 0xFFFFFF0000000008

mem[X,0x00000000800018BC] -> 0x3383
mem[X,0x00000000800018BE] -> 0x2681
[639] [M]: 0x00000000800018BC (0x26813383) ld x7, 0x268(x2)                         resto_Mrtn+4
mem[R,0x0000000080004268] -> 0x0000000080004000
x7 <- 0x0000000080004000

clint mtime 0x0000000000000140 (mip.MTI <- 0b1, mip.STI <- 0b0)
mem[X,0x00000000800018C0] -> 0x3403
mem[X,0x00000000800018C2] -> 0x2701
[640] [M]: 0x00000000800018C0 (0x27013403) ld x8, 0x270(x2)                         resto_Mrtn+8
mem[R,0x0000000080004270] -> 0x0000000000007F76
x8 <- 0x0000000000007F76

mem[X,0x00000000800018C4] -> 0x3483
mem[X,0x00000000800018C6] -> 0x2781
[641] [M]: 0x00000000800018C4 (0x27813483) ld x9, 0x278(x2)                         resto_Mrtn+12
mem[R,0x0000000080004278] -> 0xFFFFFE0080000B78
x9 <- 0xFFFFFE0080000B78

clint mtime 0x0000000000000141 (mip.MTI <- 0b1, mip.STI <- 0b0)
mem[X,0x00000000800018C8] -> 0x3503
mem[X,0x00000000800018CA] -> 0x2801
[642] [M]: 0x00000000800018C8 (0x28013503) ld x10, 0x280(x2)                        resto_Mrtn+16
mem[R,0x0000000080004280] -> 0x00000000000000DF
x10 <- 0x00000000000000DF

mem[X,0x00000000800018CC] -> 0x3583
mem[X,0x00000000800018CE] -> 0x2881
[643] [M]: 0x00000000800018CC (0x28813583) ld x11, 0x288(x2)                        resto_Mrtn+20
mem[R,0x0000000080004288] -> 0x00000000000000DF
x11 <- 0x00000000000000DF

clint mtime 0x0000000000000142 (mip.MTI <- 0b1, mip.STI <- 0b0)
mem[X,0x00000000800018D0] -> 0x3103
mem[X,0x00000000800018D2] -> 0x2901
[644] [M]: 0x00000000800018D0 (0x29013103) ld x2, 0x290(x2)                         resto_Mrtn+24
mem[R,0x0000000080004290] -> 0x0000000080004000
x2 <- 0x0000000080004000

mem[X,0x00000000800018D4] -> 0x0073
mem[X,0x00000000800018D6] -> 0x3020
[645] [M]: 0x00000000800018D4 (0x30200073) mret                                     resto_Mrtn+28
CSR mstatus (0x300) <- 0x0000000A00000080
ret-ing from M to U

clint mtime 0x0000000000000143 (mip.MTI <- 0b1, mip.STI <- 0b0)
mem[X,0x0000000080000B98] -> 0xA703
mem[X,0x0000000080000B9A] -> 0x0147
[646] [U]: 0xFFFFFF0080000B98 (0x0147A703) lw x14, 0x14(x15)                        va_rvtest_code_begin+988
PTW: Start, vpn=0x80000, access_type=R, privilege=UPTW: failed, error=mem-access-error, level=3, pte_addr=0x80008000
trapping from U to M to handle load-access-fault
handling exc#load-access-fault at priv M with tval 0x0000000080000414
CSR mstatus (0x300) <- 0x0000000A00000000
CSR mcause (0x342) <- 0x0000000000000005
CSR mtval (0x343) <- 0x0000000080000414
CSR mepc (0x341) <- 0xFFFFFF0080000B98

mem[X,0x0000000080001480] -> 0x006F
mem[X,0x0000000080001482] -> 0x1000
[647] [M]: 0x0000000080001480 (0x1000006F) jal x0, 0x100                            Mtrampoline+0

clint mtime 0x0000000000000144 (mip.MTI <- 0b1, mip.STI <- 0b0)
mem[X,0x0000000080001580] -> 0x1173
mem[X,0x0000000080001582] -> 0x3401
[648] [M]: 0x0000000080001580 (0x34011173) csrrw x2, mscratch, x2                   trap_Mhandler+0
CSR mscratch (0x340) <- 0x0000000080004000
x2 <- 0x0000000080004000

mem[X,0x0000000080001584] -> 0x3423
mem[X,0x0000000080001586] -> 0x28B1
[649] [M]: 0x0000000080001584 (0x28B13423) sd x11, 0x288(x2)                        trap_Mhandler+4
mem[W,0x0000000080004288] <- 0x00000000000000DF

clint mtime 0x0000000000000145 (mip.MTI <- 0b1, mip.STI <- 0b0)
mem[X,0x0000000080001588] -> 0x05EF
mem[X,0x000000008000158A] -> 0x0B80
[650] [M]: 0x0000000080001588 (0x0B8005EF) jal x11, 0xb8                            trap_Mhandler+8
x11 <- 0x000000008000158C

mem[X,0x0000000080001640] -> 0x3023
mem[X,0x0000000080001642] -> 0x28A1
[651] [M]: 0x0000000080001640 (0x28A13023) sd x10, 0x280(x2)                        common_Mhandler+0
mem[W,0x0000000080004280] <- 0x00000000000000DF

clint mtime 0x0000000000000146 (mip.MTI <- 0b1, mip.STI <- 0b0)
mem[X,0x0000000080001644] -> 0x1573
mem[X,0x0000000080001646] -> 0x3401
[652] [M]: 0x0000000080001644 (0x34011573) csrrw x10, mscratch, x2                  common_Mhandler+4
CSR mscratch (0x340) <- 0x0000000080004000
x10 <- 0x0000000080004000

mem[X,0x0000000080001648] -> 0x3823
mem[X,0x000000008000164A] -> 0x28A1
[653] [M]: 0x0000000080001648 (0x28A13823) sd x10, 0x290(x2)                        common_Mhandler+8
mem[W,0x0000000080004290] <- 0x0000000080004000

clint mtime 0x0000000000000147 (mip.MTI <- 0b1, mip.STI <- 0b0)
mem[X,0x000000008000164C] -> 0x3503
mem[X,0x000000008000164E] -> 0x2301
[654] [M]: 0x000000008000164C (0x23013503) ld x10, 0x230(x2)                        common_Mhandler+12
mem[R,0x0000000080004230] -> 0x0000000080001654
x10 <- 0x0000000080001654

mem[X,0x0000000080001650] -> 0x0067
mem[X,0x0000000080001652] -> 0x0005
[655] [M]: 0x0000000080001650 (0x00050067) jalr x0, 0x0(x10)                        common_Mhandler+16

clint mtime 0x0000000000000148 (mip.MTI <- 0b1, mip.STI <- 0b0)
mem[X,0x0000000080001654] -> 0x3C23
mem[X,0x0000000080001656] -> 0x2691
[656] [M]: 0x0000000080001654 (0x26913C23) sd x9, 0x278(x2)                         common_Mentry+0
mem[W,0x0000000080004278] <- 0xFFFFFE0080000B78

mem[X,0x0000000080001658] -> 0x3823
mem[X,0x000000008000165A] -> 0x2681
[657] [M]: 0x0000000080001658 (0x26813823) sd x8, 0x270(x2)                         common_Mentry+4
mem[W,0x0000000080004270] <- 0x0000000000007F76

clint mtime 0x0000000000000149 (mip.MTI <- 0b1, mip.STI <- 0b0)
mem[X,0x000000008000165C] -> 0x3423
mem[X,0x000000008000165E] -> 0x2671
[658] [M]: 0x000000008000165C (0x26713423) sd x7, 0x268(x2)                         common_Mentry+8
mem[W,0x0000000080004268] <- 0x0000000080004000

mem[X,0x0000000080001660] -> 0x3023
mem[X,0x0000000080001662] -> 0x2661
[659] [M]: 0x0000000080001660 (0x26613023) sd x6, 0x260(x2)                         common_Mentry+12
mem[W,0x0000000080004260] <- 0xFFFFFF0000000008

clint mtime 0x000000000000014A (mip.MTI <- 0b1, mip.STI <- 0b0)
mem[X,0x0000000080001664] -> 0x2573
mem[X,0x0000000080001666] -> 0x3420
[660] [M]: 0x0000000080001664 (0x34202573) csrrs x10, mcause, x0                    spcl_M2mmode_test+0
CSR mcause (0x342) -> 0x0000000000000005
x10 <- 0x0000000000000005

mem[X,0x0000000080001668] -> 0x04B7
mem[X,0x000000008000166A] -> 0x8000
[661] [M]: 0x0000000080001668 (0x800004B7) lui x9, -0x80000                         spcl_M2mmode_test+4
x9 <- 0xFFFFFFFF80000000

clint mtime 0x000000000000014B (mip.MTI <- 0b1, mip.STI <- 0b0)
mem[X,0x000000008000166C] -> 0x8493
mem[X,0x000000008000166E] -> 0x0004
[662] [M]: 0x000000008000166C (0x00048493) addi x9, x9, 0x0                         spcl_M2mmode_test+8
x9 <- 0xFFFFFFFF80000000

mem[X,0x0000000080001670] -> 0x9493
mem[X,0x0000000080001672] -> 0x00B4
[663] [M]: 0x0000000080001670 (0x00B49493) slli x9, x9, 0xb                         spcl_M2mmode_test+12
x9 <- 0xFFFFFC0000000000

clint mtime 0x000000000000014C (mip.MTI <- 0b1, mip.STI <- 0b0)
mem[X,0x0000000080001674] -> 0x8493
mem[X,0x0000000080001676] -> 0x0004
[664] [M]: 0x0000000080001674 (0x00048493) addi x9, x9, 0x0                         spcl_M2mmode_test+16
x9 <- 0xFFFFFC0000000000

mem[X,0x0000000080001678] -> 0x9493
mem[X,0x000000008000167A] -> 0x00B4
[665] [M]: 0x0000000080001678 (0x00B49493) slli x9, x9, 0xb                         spcl_M2mmode_test+20
x9 <- 0xFFE0000000000000

clint mtime 0x000000000000014D (mip.MTI <- 0b1, mip.STI <- 0b0)
mem[X,0x000000008000167C] -> 0x8493
mem[X,0x000000008000167E] -> 0x0034
[666] [M]: 0x000000008000167C (0x00348493) addi x9, x9, 0x3                         spcl_M2mmode_test+24
x9 <- 0xFFE0000000000003

mem[X,0x0000000080001680] -> 0x9493
mem[X,0x0000000080001682] -> 0x00A4
[667] [M]: 0x0000000080001680 (0x00A49493) slli x9, x9, 0xa                         spcl_M2mmode_test+28
x9 <- 0x8000000000000C00

clint mtime 0x000000000000014E (mip.MTI <- 0b1, mip.STI <- 0b0)
mem[X,0x0000000080001684] -> 0x8493
mem[X,0x0000000080001686] -> 0x3FC4
[668] [M]: 0x0000000080001684 (0x3FC48493) addi x9, x9, 0x3fc                       spcl_M2mmode_test+32
x9 <- 0x8000000000000FFC

mem[X,0x0000000080001688] -> 0xF4B3
mem[X,0x000000008000168A] -> 0x00A4
[669] [M]: 0x0000000080001688 (0x00A4F4B3) and x9, x9, x10                          spcl_M2mmode_test+36
x9 <- 0x0000000000000004

clint mtime 0x000000000000014F (mip.MTI <- 0b1, mip.STI <- 0b0)
mem[X,0x000000008000168C] -> 0x8493
mem[X,0x000000008000168E] -> 0xFF84
[670] [M]: 0x000000008000168C (0xFF848493) addi x9, x9, -0x8                        spcl_M2mmode_test+40
x9 <- 0xFFFFFFFFFFFFFFFC

mem[X,0x0000000080001690] -> 0x9663
mem[X,0x0000000080001692] -> 0x0004
[671] [M]: 0x0000000080001690 (0x00049663) bne x9, x0, 0xc                          spcl_M2mmode_test+44

clint mtime 0x0000000000000150 (mip.MTI <- 0b1, mip.STI <- 0b0)
mem[X,0x000000008000169C] -> 0x0393
mem[X,0x000000008000169E] -> 0x0200
[672] [M]: 0x000000008000169C (0x02000393) addi x7, x0, 0x20                        Mtrapsig_ptr_upd+0
x7 <- 0x0000000000000020

mem[X,0x00000000800016A0] -> 0x5263
mem[X,0x00000000800016A2] -> 0x0405
[673] [M]: 0x00000000800016A0 (0x04055263) bge x10, x0, 0x44                        Mtrapsig_ptr_upd+4

clint mtime 0x0000000000000151 (mip.MTI <- 0b1, mip.STI <- 0b0)
mem[X,0x00000000800016E4] -> 0x2373
mem[X,0x00000000800016E6] -> 0x3010
[674] [M]: 0x00000000800016E4 (0x30102373) csrrs x6, misa, x0                       Mxcpt_sig_sv+0
CSR misa (0x301) -> 0x800000000034112F
x6 <- 0x800000000034112F

mem[X,0x00000000800016E8] -> 0x1313
mem[X,0x00000000800016EA] -> 0x0383
[675] [M]: 0x00000000800016E8 (0x03831313) slli x6, x6, 0x38                        Mxcpt_sig_sv+4
x6 <- 0x2F00000000000000

clint mtime 0x0000000000000152 (mip.MTI <- 0b1, mip.STI <- 0b0)
mem[X,0x00000000800016EC] -> 0x5463
mem[X,0x00000000800016EE] -> 0x0003
[676] [M]: 0x00000000800016EC (0x00035463) bge x6, x0, 0x8                          Mxcpt_sig_sv+8

mem[X,0x00000000800016F4] -> 0x3303
mem[X,0x00000000800016F6] -> 0x2181
[677] [M]: 0x00000000800016F4 (0x21813303) ld x6, 0x218(x2)                         Mtrap_sig_sv+0
mem[R,0x0000000080004218] -> 0x0000000080009358
x6 <- 0x0000000080009358

clint mtime 0x0000000000000153 (mip.MTI <- 0b1, mip.STI <- 0b0)
mem[X,0x00000000800016F8] -> 0x04B3
mem[X,0x00000000800016FA] -> 0x0073
[678] [M]: 0x00000000800016F8 (0x007304B3) add x9, x6, x7                           Mtrap_sig_sv+4
x9 <- 0x0000000080009378

mem[X,0x00000000800016FC] -> 0x3C23
mem[X,0x00000000800016FE] -> 0x2091
[679] [M]: 0x00000000800016FC (0x20913C23) sd x9, 0x218(x2)                         Mtrap_sig_sv+8
mem[W,0x0000000080004218] <- 0x0000000080009378

clint mtime 0x0000000000000154 (mip.MTI <- 0b1, mip.STI <- 0b0)
mem[X,0x0000000080001700] -> 0x3403
mem[X,0x0000000080001702] -> 0x1F81
[680] [M]: 0x0000000080001700 (0x1F813403) ld x8, 0x1f8(x2)                         Mtrap_sig_sv+12
mem[R,0x00000000800041F8] -> 0x0000000080009110
x8 <- 0x0000000080009110

mem[X,0x0000000080001704] -> 0x0333
mem[X,0x0000000080001706] -> 0x4083
[681] [M]: 0x0000000080001704 (0x40830333) sub x6, x6, x8                           Mtrap_sig_sv+16
x6 <- 0x0000000000000248

clint mtime 0x0000000000000155 (mip.MTI <- 0b1, mip.STI <- 0b0)
mem[X,0x0000000080001708] -> 0x3403
mem[X,0x000000008000170A] -> 0x1F81
[682] [M]: 0x0000000080001708 (0x1F813403) ld x8, 0x1f8(x2)                         Mtrap_sig_sv+20
mem[R,0x00000000800041F8] -> 0x0000000080009110
x8 <- 0x0000000080009110

mem[X,0x000000008000170C] -> 0x0333
mem[X,0x000000008000170E] -> 0x0083
[683] [M]: 0x000000008000170C (0x00830333) add x6, x6, x8                           Mtrap_sig_sv+24
x6 <- 0x0000000080009358

clint mtime 0x0000000000000156 (mip.MTI <- 0b1, mip.STI <- 0b0)
mem[X,0x0000000080001710] -> 0x3403
mem[X,0x0000000080001712] -> 0x2401
[684] [M]: 0x0000000080001710 (0x24013403) ld x8, 0x240(x2)                         Mtrap_sig_sv+28
mem[R,0x0000000080004240] -> 0x0000000080001480
x8 <- 0x0000000080001480

mem[X,0x0000000080001714] -> 0x85B3
mem[X,0x0000000080001716] -> 0x4085
[685] [M]: 0x0000000080001714 (0x408585B3) sub x11, x11, x8                         sv_Mvect+0
x11 <- 0x000000000000010C

clint mtime 0x0000000000000157 (mip.MTI <- 0b1, mip.STI <- 0b0)
mem[X,0x0000000080001718] -> 0x9593
mem[X,0x000000008000171A] -> 0x0045
[686] [M]: 0x0000000080001718 (0x00459593) slli x11, x11, 0x4                       sv_Mvect+4
x11 <- 0x00000000000010C0

mem[X,0x000000008000171C] -> 0xE5B3
mem[X,0x000000008000171E] -> 0x0075
[687] [M]: 0x000000008000171C (0x0075E5B3) or x11, x11, x7                          sv_Mvect+8
x11 <- 0x00000000000010E0

clint mtime 0x0000000000000158 (mip.MTI <- 0b1, mip.STI <- 0b0)
mem[X,0x0000000080001720] -> 0x8593
mem[X,0x0000000080001722] -> 0x0035
[688] [M]: 0x0000000080001720 (0x00358593) addi x11, x11, 0x3                       sv_Mvect+12
x11 <- 0x00000000000010E3

mem[X,0x0000000080001724] -> 0x3023
mem[X,0x0000000080001726] -> 0x00B3
[689] [M]: 0x0000000080001724 (0x00B33023) sd x11, 0x0(x6)                          sv_Mvect+16
mem[W,0x0000000080009358] <- 0x00000000000010E3

clint mtime 0x0000000000000159 (mip.MTI <- 0b1, mip.STI <- 0b0)
mem[X,0x0000000080001728] -> 0x3423
mem[X,0x000000008000172A] -> 0x00A3
[690] [M]: 0x0000000080001728 (0x00A33423) sd x10, 0x8(x6)                          sv_Mcause+0
mem[W,0x0000000080009360] <- 0x0000000000000005

mem[X,0x000000008000172C] -> 0x4663
mem[X,0x000000008000172E] -> 0x1A05
[691] [M]: 0x000000008000172C (0x1A054663) blt x10, x0, 0x1ac                       sv_Mcause+4

clint mtime 0x000000000000015A (mip.MTI <- 0b1, mip.STI <- 0b0)
mem[X,0x0000000080001730] -> 0x25F3
mem[X,0x0000000080001732] -> 0x3000
[692] [M]: 0x0000000080001730 (0x300025F3) csrrs x11, mstatus, x0                   common_Mexcpt_handler+0
CSR mstatus (0x300) -> 0x0000000A00000000
x11 <- 0x0000000A00000000

mem[X,0x0000000080001734] -> 0x9413
mem[X,0x0000000080001736] -> 0x02E5
[693] [M]: 0x0000000080001734 (0x02E59413) slli x8, x11, 0x2e                       common_Mexcpt_handler+4
x8 <- 0x0000000000000000

clint mtime 0x000000000000015B (mip.MTI <- 0b1, mip.STI <- 0b0)
mem[X,0x0000000080001738] -> 0x5463
mem[X,0x000000008000173A] -> 0x0004
[694] [M]: 0x0000000080001738 (0x00045463) bge x8, x0, 0x8                          common_Mexcpt_handler+8

mem[X,0x0000000080001740] -> 0xD493
mem[X,0x0000000080001742] -> 0x00B5
[695] [M]: 0x0000000080001740 (0x00B5D493) srli x9, x11, 0xb                        common_Mexcpt_handler+16
x9 <- 0x0000000001400000

clint mtime 0x000000000000015C (mip.MTI <- 0b1, mip.STI <- 0b0)
mem[X,0x0000000080001744] -> 0xF493
mem[X,0x0000000080001746] -> 0x0034
[696] [M]: 0x0000000080001744 (0x0034F493) andi x9, x9, 0x3                         common_Mexcpt_handler+20
x9 <- 0x0000000000000000

mem[X,0x0000000080001748] -> 0x8493
mem[X,0x000000008000174A] -> 0x0014
[697] [M]: 0x0000000080001748 (0x00148493) addi x9, x9, 0x1                         common_Mexcpt_handler+24
x9 <- 0x0000000000000001

clint mtime 0x000000000000015D (mip.MTI <- 0b1, mip.STI <- 0b0)
mem[X,0x000000008000174C] -> 0xF493
mem[X,0x000000008000174E] -> 0x0044
[698] [M]: 0x000000008000174C (0x0044F493) andi x9, x9, 0x4                         common_Mexcpt_handler+28
x9 <- 0x0000000000000000

mem[X,0x0000000080001750] -> 0x0593
mem[X,0x0000000080001752] -> 0x05D0
[699] [M]: 0x0000000080001750 (0x05D00593) addi x11, x0, 0x5d                       common_Mexcpt_handler+32
x11 <- 0x000000000000005D

clint mtime 0x000000000000015E (mip.MTI <- 0b1, mip.STI <- 0b0)
mem[X,0x0000000080001754] -> 0xD5B3
mem[X,0x0000000080001756] -> 0x0095
[700] [M]: 0x0000000080001754 (0x0095D5B3) srl x11, x11, x9                         common_Mexcpt_handler+36
x11 <- 0x000000000000005D

mem[X,0x0000000080001758] -> 0xF593
mem[X,0x000000008000175A] -> 0x0015
[701] [M]: 0x0000000080001758 (0x0015F593) andi x11, x11, 0x1                       common_Mexcpt_handler+40
x11 <- 0x0000000000000001

clint mtime 0x000000000000015F (mip.MTI <- 0b1, mip.STI <- 0b0)
mem[X,0x000000008000175C] -> 0x8EE3
mem[X,0x000000008000175E] -> 0xF405
[702] [M]: 0x000000008000175C (0xF4058EE3) beq x11, x0, -0xa4                       common_Mexcpt_handler+44

mem[X,0x0000000080001760] -> 0x0593
mem[X,0x0000000080001762] -> 0x2980
[703] [M]: 0x0000000080001760 (0x29800593) addi x11, x0, 0x298                      common_Mexcpt_handler+48
x11 <- 0x0000000000000298

clint mtime 0x0000000000000160 (mip.MTI <- 0b1, mip.STI <- 0b0)
mem[X,0x0000000080001764] -> 0xF413
mem[X,0x0000000080001766] -> 0x0014
[704] [M]: 0x0000000080001764 (0x0014F413) andi x8, x9, 0x1                         common_Mexcpt_handler+52
x8 <- 0x0000000000000000

mem[X,0x0000000080001768] -> 0x95B3
mem[X,0x000000008000176A] -> 0x0085
[705] [M]: 0x0000000080001768 (0x008595B3) sll x11, x11, x8                         common_Mexcpt_handler+56
x11 <- 0x0000000000000298

clint mtime 0x0000000000000161 (mip.MTI <- 0b1, mip.STI <- 0b0)
mem[X,0x000000008000176C] -> 0x9413
mem[X,0x000000008000176E] -> 0x03D4
[706] [M]: 0x000000008000176C (0x03D49413) slli x8, x9, 0x3d                        common_Mexcpt_handler+60
x8 <- 0x0000000000000000

mem[X,0x0000000080001770] -> 0x5413
mem[X,0x0000000080001772] -> 0x43F4
[707] [M]: 0x0000000080001770 (0x43F45413) srai x8, x8, 0x3f                        common_Mexcpt_handler+64
x8 <- 0x0000000000000000

clint mtime 0x0000000000000162 (mip.MTI <- 0b1, mip.STI <- 0b0)
mem[X,0x0000000080001774] -> 0x4413
mem[X,0x0000000080001776] -> 0xFFF4
[708] [M]: 0x0000000080001774 (0xFFF44413) xori x8, x8, -0x1                        common_Mexcpt_handler+68
x8 <- 0xFFFFFFFFFFFFFFFF

mem[X,0x0000000080001778] -> 0xF4B3
mem[X,0x000000008000177A] -> 0x0085
[709] [M]: 0x0000000080001778 (0x0085F4B3) and x9, x11, x8                          common_Mexcpt_handler+72
x9 <- 0x0000000000000298

clint mtime 0x0000000000000163 (mip.MTI <- 0b1, mip.STI <- 0b0)
mem[X,0x000000008000177C] -> 0x84B3
mem[X,0x000000008000177E] -> 0x0024
[710] [M]: 0x000000008000177C (0x002484B3) add x9, x9, x2                           vmem_adj_Mepc+0
x9 <- 0x0000000080004298

mem[X,0x0000000080001780] -> 0x23F3
mem[X,0x0000000080001782] -> 0x3410
[711] [M]: 0x0000000080001780 (0x341023F3) csrrs x7, mepc, x0                       vmem_adj_Mepc+4
CSR mepc (0x341) -> 0xFFFFFF0080000B98
x7 <- 0xFFFFFF0080000B98

clint mtime 0x0000000000000164 (mip.MTI <- 0b1, mip.STI <- 0b0)
mem[X,0x0000000080001784] -> 0x0413
mem[X,0x0000000080001786] -> 0x0004
[712] [M]: 0x0000000080001784 (0x00040413) addi x8, x8, 0x0                         vmem_adj_Mepc+8
x8 <- 0xFFFFFFFFFFFFFFFF

mem[X,0x0000000080001788] -> 0x006F
mem[X,0x000000008000178A] -> 0x0400
[713] [M]: 0x0000000080001788 (0x0400006F) jal x0, 0x40                             vmem_adj_Mepc+12

clint mtime 0x0000000000000165 (mip.MTI <- 0b1, mip.STI <- 0b0)
mem[X,0x00000000800017C8] -> 0x8433
mem[X,0x00000000800017CA] -> 0x4083
[714] [M]: 0x00000000800017C8 (0x40838433) sub x8, x7, x8                           adj_Mepc+0
x8 <- 0xFFFFFF0080000B99

mem[X,0x00000000800017CC] -> 0x3823
mem[X,0x00000000800017CE] -> 0x0083
[715] [M]: 0x00000000800017CC (0x00833823) sd x8, 0x10(x6)                          sv_Mepc+0
mem[W,0x0000000080009368] <- 0xFFFFFF0080000B99

clint mtime 0x0000000000000166 (mip.MTI <- 0b1, mip.STI <- 0b0)
mem[X,0x00000000800017D0] -> 0x55B7
mem[X,0x00000000800017D2] -> 0x0000
[716] [M]: 0x00000000800017D0 (0x000055B7) lui x11, 0x5                             sv_Mepc+4
x11 <- 0x0000000000005000

mem[X,0x00000000800017D4] -> 0x8593
mem[X,0x00000000800017D6] -> 0x6675
[717] [M]: 0x00000000800017D4 (0x66758593) addi x11, x11, 0x667                     sv_Mepc+8
x11 <- 0x0000000000005667

clint mtime 0x0000000000000167 (mip.MTI <- 0b1, mip.STI <- 0b0)
mem[X,0x00000000800017D8] -> 0x9593
mem[X,0x00000000800017DA] -> 0x0015
[718] [M]: 0x00000000800017D8 (0x00159593) slli x11, x11, 0x1                       sv_Mepc+12
x11 <- 0x000000000000ACCE

mem[X,0x00000000800017DC] -> 0x9063
mem[X,0x00000000800017DE] -> 0x02B1
[719] [M]: 0x00000000800017DC (0x02B19063) bne x3, x11, 0x20                        sv_Mepc+16

clint mtime 0x0000000000000168 (mip.MTI <- 0b1, mip.STI <- 0b0)
mem[X,0x00000000800017FC] -> 0xF593
mem[X,0x00000000800017FE] -> 0xFFC3
[720] [M]: 0x00000000800017FC (0xFFC3F593) andi x11, x7, -0x4                       adj_Mepc_rtn+0
x11 <- 0xFFFFFF0080000B98

mem[X,0x0000000080001800] -> 0x8593
mem[X,0x0000000080001802] -> 0x0085
[721] [M]: 0x0000000080001800 (0x00858593) addi x11, x11, 0x8                       adj_Mepc_rtn+4
x11 <- 0xFFFFFF0080000BA0

clint mtime 0x0000000000000169 (mip.MTI <- 0b1, mip.STI <- 0b0)
mem[X,0x0000000080001804] -> 0x9073
mem[X,0x0000000080001806] -> 0x3415
[722] [M]: 0x0000000080001804 (0x34159073) csrrw x0, mepc, x11                      adj_Mepc_rtn+8
CSR mepc (0x341) <- 0xFFFFFF0080000BA0

mem[X,0x0000000080001808] -> 0x23F3
mem[X,0x000000008000180A] -> 0x3430
[723] [M]: 0x0000000080001808 (0x343023F3) csrrs x7, mtval, x0                      skp_adj_Mepc+0
CSR mtval (0x343) -> 0x0000000080000414
x7 <- 0x0000000080000414

clint mtime 0x000000000000016A (mip.MTI <- 0b1, mip.STI <- 0b0)
mem[X,0x000000008000180C] -> 0x0413
mem[X,0x000000008000180E] -> 0x0004
[724] [M]: 0x000000008000180C (0x00040413) addi x8, x8, 0x0                         skp_adj_Mepc+4
x8 <- 0xFFFFFF0080000B99

mem[X,0x0000000080001810] -> 0x006F
mem[X,0x0000000080001812] -> 0x0840
[725] [M]: 0x0000000080001810 (0x0840006F) jal x0, 0x84                             skp_adj_Mepc+8

clint mtime 0x000000000000016B (mip.MTI <- 0b1, mip.STI <- 0b0)
mem[X,0x0000000080001894] -> 0x8433
mem[X,0x0000000080001896] -> 0x4083
[726] [M]: 0x0000000080001894 (0x40838433) sub x8, x7, x8                           adj_Mtval+0
x8 <- 0x000000FFFFFFF87B

mem[X,0x0000000080001898] -> 0x3C23
mem[X,0x000000008000189A] -> 0x0083
[727] [M]: 0x0000000080001898 (0x00833C23) sd x8, 0x18(x6)                          sv_Mtval+0
mem[W,0x0000000080009370] <- 0x000000FFFFFFF87B

clint mtime 0x000000000000016C (mip.MTI <- 0b1, mip.STI <- 0b0)
mem[X,0x000000008000189C] -> 0x3483
mem[X,0x000000008000189E] -> 0x2181
[728] [M]: 0x000000008000189C (0x21813483) ld x9, 0x218(x2)                         skp_Mtval+0
mem[R,0x0000000080004218] -> 0x0000000080009378
x9 <- 0x0000000080009378

mem[X,0x00000000800018A0] -> 0x3383
mem[X,0x00000000800018A2] -> 0x1F81
[729] [M]: 0x00000000800018A0 (0x1F813383) ld x7, 0x1f8(x2)                         skp_Mtval+4
mem[R,0x00000000800041F8] -> 0x0000000080009110
x7 <- 0x0000000080009110

clint mtime 0x000000000000016D (mip.MTI <- 0b1, mip.STI <- 0b0)
mem[X,0x00000000800018A4] -> 0x3303
mem[X,0x00000000800018A6] -> 0x2001
[730] [M]: 0x00000000800018A4 (0x20013303) ld x6, 0x200(x2)                         skp_Mtval+8
mem[R,0x0000000080004200] -> 0x0000000000000410
x6 <- 0x0000000000000410

mem[X,0x00000000800018A8] -> 0x0333
mem[X,0x00000000800018AA] -> 0x0073
[731] [M]: 0x00000000800018A8 (0x00730333) add x6, x6, x7                           skp_Mtval+12
x6 <- 0x0000000080009520

clint mtime 0x000000000000016E (mip.MTI <- 0b1, mip.STI <- 0b0)
mem[X,0x00000000800018AC] -> 0x6AE3
mem[X,0x00000000800018AE] -> 0xAE93
[732] [M]: 0x00000000800018AC (0xAE936AE3) bltu x6, x9, -0x50c                      skp_Mtval+16

mem[X,0x00000000800018B0] -> 0x0393
mem[X,0x00000000800018B2] -> 0x2000
[733] [M]: 0x00000000800018B0 (0x20000393) addi x7, x0, 0x200                       skp_Mtval+20
x7 <- 0x0000000000000200

clint mtime 0x000000000000016F (mip.MTI <- 0b1, mip.STI <- 0b0)
mem[X,0x00000000800018B4] -> 0x006F
mem[X,0x00000000800018B6] -> 0x0400
[734] [M]: 0x00000000800018B4 (0x0400006F) jal x0, 0x40                             skp_Mtval+24

mem[X,0x00000000800018F4] -> 0x0417
mem[X,0x00000000800018F6] -> 0x0000
[735] [M]: 0x00000000800018F4 (0x00000417) auipc x8, 0x0                            spcl_Mhandler+0
x8 <- 0x00000000800018F4

clint mtime 0x0000000000000170 (mip.MTI <- 0b1, mip.STI <- 0b0)
mem[X,0x00000000800018F8] -> 0x0413
mem[X,0x00000000800018FA] -> 0x03C4
[736] [M]: 0x00000000800018F8 (0x03C40413) addi x8, x8, 0x3c                        spcl_Mhandler+4
x8 <- 0x0000000080001930

mem[X,0x00000000800018FC] -> 0x0433
mem[X,0x00000000800018FE] -> 0x0074
[737] [M]: 0x00000000800018FC (0x00740433) add x8, x8, x7                           spcl_Mhandler+8
x8 <- 0x0000000080001B30

clint mtime 0x0000000000000171 (mip.MTI <- 0b1, mip.STI <- 0b0)
mem[X,0x0000000080001900] -> 0x1393
mem[X,0x0000000080001902] -> 0x0035
[738] [M]: 0x0000000080001900 (0x00351393) slli x7, x10, 0x3                        spcl_Mhandler+12
x7 <- 0x0000000000000028

mem[X,0x0000000080001904] -> 0x0433
mem[X,0x0000000080001906] -> 0x0074
[739] [M]: 0x0000000080001904 (0x00740433) add x8, x8, x7                           spcl_Mhandler+16
x8 <- 0x0000000080001B58

clint mtime 0x0000000000000172 (mip.MTI <- 0b1, mip.STI <- 0b0)
mem[X,0x0000000080001908] -> 0x7413
mem[X,0x000000008000190A] -> 0xFF84
[740] [M]: 0x0000000080001908 (0xFF847413) andi x8, x8, -0x8                        spcl_Mhandler+20
x8 <- 0x0000000080001B58

mem[X,0x000000008000190C] -> 0x3403
mem[X,0x000000008000190E] -> 0x0004
[741] [M]: 0x000000008000190C (0x00043403) ld x8, 0x0(x8)                           spcl_Mhandler+24
mem[R,0x0000000080001B58] -> 0x000000000000000B
x8 <- 0x000000000000000B

clint mtime 0x0000000000000173 (mip.MTI <- 0b1, mip.STI <- 0b0)
mem[X,0x0000000080001910] -> 0x02E3
mem[X,0x0000000080001912] -> 0xB204
[742] [M]: 0x0000000080001910 (0xB20402E3) beq x8, x0, -0x4dc                       spcl_Mdispatch_hndling+0

mem[X,0x0000000080001914] -> 0x1393
mem[X,0x0000000080001916] -> 0x03F4
[743] [M]: 0x0000000080001914 (0x03F41393) slli x7, x8, 0x3f                        spcl_Mdispatch_hndling+4
x7 <- 0x8000000000000000

clint mtime 0x0000000000000174 (mip.MTI <- 0b1, mip.STI <- 0b0)
mem[X,0x0000000080001918] -> 0xD863
mem[X,0x000000008000191A] -> 0x0003
[744] [M]: 0x0000000080001918 (0x0003D863) bge x7, x0, 0x10                         spcl_Mdispatch_hndling+8

mem[X,0x000000008000191C] -> 0x5413
mem[X,0x000000008000191E] -> 0x0014
[745] [M]: 0x000000008000191C (0x00145413) srli x8, x8, 0x1                         spcl_Mdispatch_hndling+12
x8 <- 0x0000000000000005

clint mtime 0x0000000000000175 (mip.MTI <- 0b1, mip.STI <- 0b0)
mem[X,0x0000000080001920] -> 0x0CE3
mem[X,0x0000000080001922] -> 0xF885
[746] [M]: 0x0000000080001920 (0xF8850CE3) beq x10, x8, -0x68                       spcl_Mdispatch_hndling+16

mem[X,0x00000000800018B8] -> 0x3303
mem[X,0x00000000800018BA] -> 0x2601
[747] [M]: 0x00000000800018B8 (0x26013303) ld x6, 0x260(x2)                         resto_Mrtn+0
mem[R,0x0000000080004260] -> 0xFFFFFF0000000008
x6 <- 0xFFFFFF0000000008

clint mtime 0x0000000000000176 (mip.MTI <- 0b1, mip.STI <- 0b0)
mem[X,0x00000000800018BC] -> 0x3383
mem[X,0x00000000800018BE] -> 0x2681
[748] [M]: 0x00000000800018BC (0x26813383) ld x7, 0x268(x2)                         resto_Mrtn+4
mem[R,0x0000000080004268] -> 0x0000000080004000
x7 <- 0x0000000080004000

mem[X,0x00000000800018C0] -> 0x3403
mem[X,0x00000000800018C2] -> 0x2701
[749] [M]: 0x00000000800018C0 (0x27013403) ld x8, 0x270(x2)                         resto_Mrtn+8
mem[R,0x0000000080004270] -> 0x0000000000007F76
x8 <- 0x0000000000007F76

clint mtime 0x0000000000000177 (mip.MTI <- 0b1, mip.STI <- 0b0)
mem[X,0x00000000800018C4] -> 0x3483
mem[X,0x00000000800018C6] -> 0x2781
[750] [M]: 0x00000000800018C4 (0x27813483) ld x9, 0x278(x2)                         resto_Mrtn+12
mem[R,0x0000000080004278] -> 0xFFFFFE0080000B78
x9 <- 0xFFFFFE0080000B78

mem[X,0x00000000800018C8] -> 0x3503
mem[X,0x00000000800018CA] -> 0x2801
[751] [M]: 0x00000000800018C8 (0x28013503) ld x10, 0x280(x2)                        resto_Mrtn+16
mem[R,0x0000000080004280] -> 0x00000000000000DF
x10 <- 0x00000000000000DF

clint mtime 0x0000000000000178 (mip.MTI <- 0b1, mip.STI <- 0b0)
mem[X,0x00000000800018CC] -> 0x3583
mem[X,0x00000000800018CE] -> 0x2881
[752] [M]: 0x00000000800018CC (0x28813583) ld x11, 0x288(x2)                        resto_Mrtn+20
mem[R,0x0000000080004288] -> 0x00000000000000DF
x11 <- 0x00000000000000DF

mem[X,0x00000000800018D0] -> 0x3103
mem[X,0x00000000800018D2] -> 0x2901
[753] [M]: 0x00000000800018D0 (0x29013103) ld x2, 0x290(x2)                         resto_Mrtn+24
mem[R,0x0000000080004290] -> 0x0000000080004000
x2 <- 0x0000000080004000

clint mtime 0x0000000000000179 (mip.MTI <- 0b1, mip.STI <- 0b0)
mem[X,0x00000000800018D4] -> 0x0073
mem[X,0x00000000800018D6] -> 0x3020
[754] [M]: 0x00000000800018D4 (0x30200073) mret                                     resto_Mrtn+28
CSR mstatus (0x300) <- 0x0000000A00000080
ret-ing from M to U

mem[X,0x0000000080000BA0] -> 0x51B7
mem[X,0x0000000080000BA2] -> 0x0000
[755] [U]: 0xFFFFFF0080000BA0 (0x000051B7) lui x3, 0x5                              va_rvtest_code_begin+996
x3 <- 0x0000000000005000

clint mtime 0x000000000000017A (mip.MTI <- 0b1, mip.STI <- 0b0)
mem[X,0x0000000080000BA4] -> 0x8193
mem[X,0x0000000080000BA6] -> 0x6671
[756] [U]: 0xFFFFFF0080000BA4 (0x66718193) addi x3, x3, 0x667                       va_rvtest_code_begin+1000
x3 <- 0x0000000000005667

mem[X,0x0000000080000BA8] -> 0x9193
mem[X,0x0000000080000BAA] -> 0x0011
[757] [U]: 0xFFFFFF0080000BA8 (0x00119193) slli x3, x3, 0x1                         va_rvtest_code_begin+1004
x3 <- 0x000000000000ACCE

clint mtime 0x000000000000017B (mip.MTI <- 0b1, mip.STI <- 0b0)
mem[X,0x0000000080000BAC] -> 0x0013
mem[X,0x0000000080000BAE] -> 0x0000
[758] [U]: 0xFFFFFF0080000BAC (0x00000013) addi x0, x0, 0x0                         va_rvtest_code_begin+1008

mem[X,0x0000000080000BB0] -> 0x0013
mem[X,0x0000000080000BB2] -> 0x0000
[759] [U]: 0xFFFFFF0080000BB0 (0x00000013) addi x0, x0, 0x0                         va_rvtest_code_begin+1012

clint mtime 0x000000000000017C (mip.MTI <- 0b1, mip.STI <- 0b0)
mem[X,0x0000000080000BB4] -> 0x0013
mem[X,0x0000000080000BB6] -> 0x0000
[760] [U]: 0xFFFFFF0080000BB4 (0x00000013) addi x0, x0, 0x0                         va_rvtest_code_begin+1016

mem[X,0x0000000080000BB8] -> 0x0013
mem[X,0x0000000080000BBA] -> 0x0000
[761] [U]: 0xFFFFFF0080000BB8 (0x00000013) addi x0, x0, 0x0                         va_rvtest_code_begin+1020

clint mtime 0x000000000000017D (mip.MTI <- 0b1, mip.STI <- 0b0)
mem[X,0x0000000080000BBC] -> 0x0013
mem[X,0x0000000080000BBE] -> 0x0000
[762] [U]: 0xFFFFFF0080000BBC (0x00000013) addi x0, x0, 0x0                         va_rvtest_code_begin+1024

mem[X,0x0000000080000BC0] -> 0x0217
mem[X,0x0000000080000BC2] -> 0x0000
[763] [U]: 0xFFFFFF0080000BC0 (0x00000217) auipc x4, 0x0                            va_rvtest_code_begin+1028
x4 <- 0xFFFFFF0080000BC0

clint mtime 0x000000000000017E (mip.MTI <- 0b1, mip.STI <- 0b0)
mem[X,0x0000000080000BC4] -> 0x0213
mem[X,0x0000000080000BC6] -> 0x02C2
[764] [U]: 0xFFFFFF0080000BC4 (0x02C20213) addi x4, x4, 0x2c                        va_rvtest_code_begin+1032
x4 <- 0xFFFFFF0080000BEC

mem[X,0x0000000080000BC8] -> 0x0001
[765] [U]: 0xFFFFFF0080000BC8 (0x0001) c.nop                                        va_rvtest_code_begin+1036

clint mtime 0x000000000000017F (mip.MTI <- 0b1, mip.STI <- 0b0)
mem[X,0x0000000080000BCA] -> 0x0013
mem[X,0x0000000080000BCC] -> 0x0000
[766] [U]: 0xFFFFFF0080000BCA (0x00000013) addi x0, x0, 0x0                         va_rvtest_code_begin+1038

mem[X,0x0000000080000BCE] -> 0x0013
mem[X,0x0000000080000BD0] -> 0x0000
[767] [U]: 0xFFFFFF0080000BCE (0x00000013) addi x0, x0, 0x0                         va_rvtest_code_begin+1042

clint mtime 0x0000000000000180 (mip.MTI <- 0b1, mip.STI <- 0b0)
mem[X,0x0000000080000BD2] -> 0x0013
mem[X,0x0000000080000BD4] -> 0x0000
[768] [U]: 0xFFFFFF0080000BD2 (0x00000013) addi x0, x0, 0x0                         va_rvtest_code_begin+1046

mem[X,0x0000000080000BD6] -> 0x0013
mem[X,0x0000000080000BD8] -> 0x0000
[769] [U]: 0xFFFFFF0080000BD6 (0x00000013) addi x0, x0, 0x0                         va_rvtest_code_begin+1050

clint mtime 0x0000000000000181 (mip.MTI <- 0b1, mip.STI <- 0b0)
mem[X,0x0000000080000BDA] -> 0x0013
mem[X,0x0000000080000BDC] -> 0x0000
[770] [U]: 0xFFFFFF0080000BDA (0x00000013) addi x0, x0, 0x0                         va_rvtest_code_begin+1054

mem[X,0x0000000080000BDE] -> 0x0001
[771] [U]: 0xFFFFFF0080000BDE (0x0001) c.nop                                        va_rvtest_code_begin+1058

clint mtime 0x0000000000000182 (mip.MTI <- 0b1, mip.STI <- 0b0)
mem[X,0x0000000080000BE0] -> 0x80E7
mem[X,0x0000000080000BE2] -> 0x0007
[772] [U]: 0xFFFFFF0080000BE0 (0x000780E7) jalr x1, 0x0(x15)                        va_rvtest_code_begin+1060
x1 <- 0xFFFFFF0080000BE4

PTW: Start, vpn=0x80000, access_type=X, privilege=UPTW: failed, error=mem-access-error, level=3, pte_addr=0x80008000
trapping from U to M to handle fetch-access-fault
handling exc#fetch-access-fault at priv M with tval 0x0000000080000400
CSR mstatus (0x300) <- 0x0000000A00000000
CSR mcause (0x342) <- 0x0000000000000001
CSR mtval (0x343) <- 0x0000000080000400
CSR mepc (0x341) <- 0x0000000080000400

clint mtime 0x0000000000000183 (mip.MTI <- 0b1, mip.STI <- 0b0)
mem[X,0x0000000080001480] -> 0x006F
mem[X,0x0000000080001482] -> 0x1000
[774] [M]: 0x0000000080001480 (0x1000006F) jal x0, 0x100                            Mtrampoline+0

mem[X,0x0000000080001580] -> 0x1173
mem[X,0x0000000080001582] -> 0x3401
[775] [M]: 0x0000000080001580 (0x34011173) csrrw x2, mscratch, x2                   trap_Mhandler+0
CSR mscratch (0x340) <- 0x0000000080004000
x2 <- 0x0000000080004000

clint mtime 0x0000000000000184 (mip.MTI <- 0b1, mip.STI <- 0b0)
mem[X,0x0000000080001584] -> 0x3423
mem[X,0x0000000080001586] -> 0x28B1
[776] [M]: 0x0000000080001584 (0x28B13423) sd x11, 0x288(x2)                        trap_Mhandler+4
mem[W,0x0000000080004288] <- 0x00000000000000DF

mem[X,0x0000000080001588] -> 0x05EF
mem[X,0x000000008000158A] -> 0x0B80
[777] [M]: 0x0000000080001588 (0x0B8005EF) jal x11, 0xb8                            trap_Mhandler+8
x11 <- 0x000000008000158C

clint mtime 0x0000000000000185 (mip.MTI <- 0b1, mip.STI <- 0b0)
mem[X,0x0000000080001640] -> 0x3023
mem[X,0x0000000080001642] -> 0x28A1
[778] [M]: 0x0000000080001640 (0x28A13023) sd x10, 0x280(x2)                        common_Mhandler+0
mem[W,0x0000000080004280] <- 0x00000000000000DF

mem[X,0x0000000080001644] -> 0x1573
mem[X,0x0000000080001646] -> 0x3401
[779] [M]: 0x0000000080001644 (0x34011573) csrrw x10, mscratch, x2                  common_Mhandler+4
CSR mscratch (0x340) <- 0x0000000080004000
x10 <- 0x0000000080004000

clint mtime 0x0000000000000186 (mip.MTI <- 0b1, mip.STI <- 0b0)
mem[X,0x0000000080001648] -> 0x3823
mem[X,0x000000008000164A] -> 0x28A1
[780] [M]: 0x0000000080001648 (0x28A13823) sd x10, 0x290(x2)                        common_Mhandler+8
mem[W,0x0000000080004290] <- 0x0000000080004000

mem[X,0x000000008000164C] -> 0x3503
mem[X,0x000000008000164E] -> 0x2301
[781] [M]: 0x000000008000164C (0x23013503) ld x10, 0x230(x2)                        common_Mhandler+12
mem[R,0x0000000080004230] -> 0x0000000080001654
x10 <- 0x0000000080001654

clint mtime 0x0000000000000187 (mip.MTI <- 0b1, mip.STI <- 0b0)
mem[X,0x0000000080001650] -> 0x0067
mem[X,0x0000000080001652] -> 0x0005
[782] [M]: 0x0000000080001650 (0x00050067) jalr x0, 0x0(x10)                        common_Mhandler+16

mem[X,0x0000000080001654] -> 0x3C23
mem[X,0x0000000080001656] -> 0x2691
[783] [M]: 0x0000000080001654 (0x26913C23) sd x9, 0x278(x2)                         common_Mentry+0
mem[W,0x0000000080004278] <- 0xFFFFFE0080000B78

clint mtime 0x0000000000000188 (mip.MTI <- 0b1, mip.STI <- 0b0)
mem[X,0x0000000080001658] -> 0x3823
mem[X,0x000000008000165A] -> 0x2681
[784] [M]: 0x0000000080001658 (0x26813823) sd x8, 0x270(x2)                         common_Mentry+4
mem[W,0x0000000080004270] <- 0x0000000000007F76

mem[X,0x000000008000165C] -> 0x3423
mem[X,0x000000008000165E] -> 0x2671
[785] [M]: 0x000000008000165C (0x26713423) sd x7, 0x268(x2)                         common_Mentry+8
mem[W,0x0000000080004268] <- 0x0000000080004000

clint mtime 0x0000000000000189 (mip.MTI <- 0b1, mip.STI <- 0b0)
mem[X,0x0000000080001660] -> 0x3023
mem[X,0x0000000080001662] -> 0x2661
[786] [M]: 0x0000000080001660 (0x26613023) sd x6, 0x260(x2)                         common_Mentry+12
mem[W,0x0000000080004260] <- 0xFFFFFF0000000008

mem[X,0x0000000080001664] -> 0x2573
mem[X,0x0000000080001666] -> 0x3420
[787] [M]: 0x0000000080001664 (0x34202573) csrrs x10, mcause, x0                    spcl_M2mmode_test+0
CSR mcause (0x342) -> 0x0000000000000001
x10 <- 0x0000000000000001

clint mtime 0x000000000000018A (mip.MTI <- 0b1, mip.STI <- 0b0)
mem[X,0x0000000080001668] -> 0x04B7
mem[X,0x000000008000166A] -> 0x8000
[788] [M]: 0x0000000080001668 (0x800004B7) lui x9, -0x80000                         spcl_M2mmode_test+4
x9 <- 0xFFFFFFFF80000000

mem[X,0x000000008000166C] -> 0x8493
mem[X,0x000000008000166E] -> 0x0004
[789] [M]: 0x000000008000166C (0x00048493) addi x9, x9, 0x0                         spcl_M2mmode_test+8
x9 <- 0xFFFFFFFF80000000

clint mtime 0x000000000000018B (mip.MTI <- 0b1, mip.STI <- 0b0)
mem[X,0x0000000080001670] -> 0x9493
mem[X,0x0000000080001672] -> 0x00B4
[790] [M]: 0x0000000080001670 (0x00B49493) slli x9, x9, 0xb                         spcl_M2mmode_test+12
x9 <- 0xFFFFFC0000000000

mem[X,0x0000000080001674] -> 0x8493
mem[X,0x0000000080001676] -> 0x0004
[791] [M]: 0x0000000080001674 (0x00048493) addi x9, x9, 0x0                         spcl_M2mmode_test+16
x9 <- 0xFFFFFC0000000000

clint mtime 0x000000000000018C (mip.MTI <- 0b1, mip.STI <- 0b0)
mem[X,0x0000000080001678] -> 0x9493
mem[X,0x000000008000167A] -> 0x00B4
[792] [M]: 0x0000000080001678 (0x00B49493) slli x9, x9, 0xb                         spcl_M2mmode_test+20
x9 <- 0xFFE0000000000000

mem[X,0x000000008000167C] -> 0x8493
mem[X,0x000000008000167E] -> 0x0034
[793] [M]: 0x000000008000167C (0x00348493) addi x9, x9, 0x3                         spcl_M2mmode_test+24
x9 <- 0xFFE0000000000003

clint mtime 0x000000000000018D (mip.MTI <- 0b1, mip.STI <- 0b0)
mem[X,0x0000000080001680] -> 0x9493
mem[X,0x0000000080001682] -> 0x00A4
[794] [M]: 0x0000000080001680 (0x00A49493) slli x9, x9, 0xa                         spcl_M2mmode_test+28
x9 <- 0x8000000000000C00

mem[X,0x0000000080001684] -> 0x8493
mem[X,0x0000000080001686] -> 0x3FC4
[795] [M]: 0x0000000080001684 (0x3FC48493) addi x9, x9, 0x3fc                       spcl_M2mmode_test+32
x9 <- 0x8000000000000FFC

clint mtime 0x000000000000018E (mip.MTI <- 0b1, mip.STI <- 0b0)
mem[X,0x0000000080001688] -> 0xF4B3
mem[X,0x000000008000168A] -> 0x00A4
[796] [M]: 0x0000000080001688 (0x00A4F4B3) and x9, x9, x10                          spcl_M2mmode_test+36
x9 <- 0x0000000000000000

mem[X,0x000000008000168C] -> 0x8493
mem[X,0x000000008000168E] -> 0xFF84
[797] [M]: 0x000000008000168C (0xFF848493) addi x9, x9, -0x8                        spcl_M2mmode_test+40
x9 <- 0xFFFFFFFFFFFFFFF8

clint mtime 0x000000000000018F (mip.MTI <- 0b1, mip.STI <- 0b0)
mem[X,0x0000000080001690] -> 0x9663
mem[X,0x0000000080001692] -> 0x0004
[798] [M]: 0x0000000080001690 (0x00049663) bne x9, x0, 0xc                          spcl_M2mmode_test+44

mem[X,0x000000008000169C] -> 0x0393
mem[X,0x000000008000169E] -> 0x0200
[799] [M]: 0x000000008000169C (0x02000393) addi x7, x0, 0x20                        Mtrapsig_ptr_upd+0
x7 <- 0x0000000000000020

clint mtime 0x0000000000000190 (mip.MTI <- 0b1, mip.STI <- 0b0)
mem[X,0x00000000800016A0] -> 0x5263
mem[X,0x00000000800016A2] -> 0x0405
[800] [M]: 0x00000000800016A0 (0x04055263) bge x10, x0, 0x44                        Mtrapsig_ptr_upd+4

mem[X,0x00000000800016E4] -> 0x2373
mem[X,0x00000000800016E6] -> 0x3010
[801] [M]: 0x00000000800016E4 (0x30102373) csrrs x6, misa, x0                       Mxcpt_sig_sv+0
CSR misa (0x301) -> 0x800000000034112F
x6 <- 0x800000000034112F

clint mtime 0x0000000000000191 (mip.MTI <- 0b1, mip.STI <- 0b0)
mem[X,0x00000000800016E8] -> 0x1313
mem[X,0x00000000800016EA] -> 0x0383
[802] [M]: 0x00000000800016E8 (0x03831313) slli x6, x6, 0x38                        Mxcpt_sig_sv+4
x6 <- 0x2F00000000000000

mem[X,0x00000000800016EC] -> 0x5463
mem[X,0x00000000800016EE] -> 0x0003
[803] [M]: 0x00000000800016EC (0x00035463) bge x6, x0, 0x8                          Mxcpt_sig_sv+8

clint mtime 0x0000000000000192 (mip.MTI <- 0b1, mip.STI <- 0b0)
mem[X,0x00000000800016F4] -> 0x3303
mem[X,0x00000000800016F6] -> 0x2181
[804] [M]: 0x00000000800016F4 (0x21813303) ld x6, 0x218(x2)                         Mtrap_sig_sv+0
mem[R,0x0000000080004218] -> 0x0000000080009378
x6 <- 0x0000000080009378

mem[X,0x00000000800016F8] -> 0x04B3
mem[X,0x00000000800016FA] -> 0x0073
[805] [M]: 0x00000000800016F8 (0x007304B3) add x9, x6, x7                           Mtrap_sig_sv+4
x9 <- 0x0000000080009398

clint mtime 0x0000000000000193 (mip.MTI <- 0b1, mip.STI <- 0b0)
mem[X,0x00000000800016FC] -> 0x3C23
mem[X,0x00000000800016FE] -> 0x2091
[806] [M]: 0x00000000800016FC (0x20913C23) sd x9, 0x218(x2)                         Mtrap_sig_sv+8
mem[W,0x0000000080004218] <- 0x0000000080009398

mem[X,0x0000000080001700] -> 0x3403
mem[X,0x0000000080001702] -> 0x1F81
[807] [M]: 0x0000000080001700 (0x1F813403) ld x8, 0x1f8(x2)                         Mtrap_sig_sv+12
mem[R,0x00000000800041F8] -> 0x0000000080009110
x8 <- 0x0000000080009110

clint mtime 0x0000000000000194 (mip.MTI <- 0b1, mip.STI <- 0b0)
mem[X,0x0000000080001704] -> 0x0333
mem[X,0x0000000080001706] -> 0x4083
[808] [M]: 0x0000000080001704 (0x40830333) sub x6, x6, x8                           Mtrap_sig_sv+16
x6 <- 0x0000000000000268

mem[X,0x0000000080001708] -> 0x3403
mem[X,0x000000008000170A] -> 0x1F81
[809] [M]: 0x0000000080001708 (0x1F813403) ld x8, 0x1f8(x2)                         Mtrap_sig_sv+20
mem[R,0x00000000800041F8] -> 0x0000000080009110
x8 <- 0x0000000080009110

clint mtime 0x0000000000000195 (mip.MTI <- 0b1, mip.STI <- 0b0)
mem[X,0x000000008000170C] -> 0x0333
mem[X,0x000000008000170E] -> 0x0083
[810] [M]: 0x000000008000170C (0x00830333) add x6, x6, x8                           Mtrap_sig_sv+24
x6 <- 0x0000000080009378

mem[X,0x0000000080001710] -> 0x3403
mem[X,0x0000000080001712] -> 0x2401
[811] [M]: 0x0000000080001710 (0x24013403) ld x8, 0x240(x2)                         Mtrap_sig_sv+28
mem[R,0x0000000080004240] -> 0x0000000080001480
x8 <- 0x0000000080001480

clint mtime 0x0000000000000196 (mip.MTI <- 0b1, mip.STI <- 0b0)
mem[X,0x0000000080001714] -> 0x85B3
mem[X,0x0000000080001716] -> 0x4085
[812] [M]: 0x0000000080001714 (0x408585B3) sub x11, x11, x8                         sv_Mvect+0
x11 <- 0x000000000000010C

mem[X,0x0000000080001718] -> 0x9593
mem[X,0x000000008000171A] -> 0x0045
[813] [M]: 0x0000000080001718 (0x00459593) slli x11, x11, 0x4                       sv_Mvect+4
x11 <- 0x00000000000010C0

clint mtime 0x0000000000000197 (mip.MTI <- 0b1, mip.STI <- 0b0)
mem[X,0x000000008000171C] -> 0xE5B3
mem[X,0x000000008000171E] -> 0x0075
[814] [M]: 0x000000008000171C (0x0075E5B3) or x11, x11, x7                          sv_Mvect+8
x11 <- 0x00000000000010E0

mem[X,0x0000000080001720] -> 0x8593
mem[X,0x0000000080001722] -> 0x0035
[815] [M]: 0x0000000080001720 (0x00358593) addi x11, x11, 0x3                       sv_Mvect+12
x11 <- 0x00000000000010E3

clint mtime 0x0000000000000198 (mip.MTI <- 0b1, mip.STI <- 0b0)
mem[X,0x0000000080001724] -> 0x3023
mem[X,0x0000000080001726] -> 0x00B3
[816] [M]: 0x0000000080001724 (0x00B33023) sd x11, 0x0(x6)                          sv_Mvect+16
mem[W,0x0000000080009378] <- 0x00000000000010E3

mem[X,0x0000000080001728] -> 0x3423
mem[X,0x000000008000172A] -> 0x00A3
[817] [M]: 0x0000000080001728 (0x00A33423) sd x10, 0x8(x6)                          sv_Mcause+0
mem[W,0x0000000080009380] <- 0x0000000000000001

clint mtime 0x0000000000000199 (mip.MTI <- 0b1, mip.STI <- 0b0)
mem[X,0x000000008000172C] -> 0x4663
mem[X,0x000000008000172E] -> 0x1A05
[818] [M]: 0x000000008000172C (0x1A054663) blt x10, x0, 0x1ac                       sv_Mcause+4

mem[X,0x0000000080001730] -> 0x25F3
mem[X,0x0000000080001732] -> 0x3000
[819] [M]: 0x0000000080001730 (0x300025F3) csrrs x11, mstatus, x0                   common_Mexcpt_handler+0
CSR mstatus (0x300) -> 0x0000000A00000000
x11 <- 0x0000000A00000000

clint mtime 0x000000000000019A (mip.MTI <- 0b1, mip.STI <- 0b0)
mem[X,0x0000000080001734] -> 0x9413
mem[X,0x0000000080001736] -> 0x02E5
[820] [M]: 0x0000000080001734 (0x02E59413) slli x8, x11, 0x2e                       common_Mexcpt_handler+4
x8 <- 0x0000000000000000

mem[X,0x0000000080001738] -> 0x5463
mem[X,0x000000008000173A] -> 0x0004
[821] [M]: 0x0000000080001738 (0x00045463) bge x8, x0, 0x8                          common_Mexcpt_handler+8

clint mtime 0x000000000000019B (mip.MTI <- 0b1, mip.STI <- 0b0)
mem[X,0x0000000080001740] -> 0xD493
mem[X,0x0000000080001742] -> 0x00B5
[822] [M]: 0x0000000080001740 (0x00B5D493) srli x9, x11, 0xb                        common_Mexcpt_handler+16
x9 <- 0x0000000001400000

mem[X,0x0000000080001744] -> 0xF493
mem[X,0x0000000080001746] -> 0x0034
[823] [M]: 0x0000000080001744 (0x0034F493) andi x9, x9, 0x3                         common_Mexcpt_handler+20
x9 <- 0x0000000000000000

clint mtime 0x000000000000019C (mip.MTI <- 0b1, mip.STI <- 0b0)
mem[X,0x0000000080001748] -> 0x8493
mem[X,0x000000008000174A] -> 0x0014
[824] [M]: 0x0000000080001748 (0x00148493) addi x9, x9, 0x1                         common_Mexcpt_handler+24
x9 <- 0x0000000000000001

mem[X,0x000000008000174C] -> 0xF493
mem[X,0x000000008000174E] -> 0x0044
[825] [M]: 0x000000008000174C (0x0044F493) andi x9, x9, 0x4                         common_Mexcpt_handler+28
x9 <- 0x0000000000000000

clint mtime 0x000000000000019D (mip.MTI <- 0b1, mip.STI <- 0b0)
mem[X,0x0000000080001750] -> 0x0593
mem[X,0x0000000080001752] -> 0x05D0
[826] [M]: 0x0000000080001750 (0x05D00593) addi x11, x0, 0x5d                       common_Mexcpt_handler+32
x11 <- 0x000000000000005D

mem[X,0x0000000080001754] -> 0xD5B3
mem[X,0x0000000080001756] -> 0x0095
[827] [M]: 0x0000000080001754 (0x0095D5B3) srl x11, x11, x9                         common_Mexcpt_handler+36
x11 <- 0x000000000000005D

clint mtime 0x000000000000019E (mip.MTI <- 0b1, mip.STI <- 0b0)
mem[X,0x0000000080001758] -> 0xF593
mem[X,0x000000008000175A] -> 0x0015
[828] [M]: 0x0000000080001758 (0x0015F593) andi x11, x11, 0x1                       common_Mexcpt_handler+40
x11 <- 0x0000000000000001

mem[X,0x000000008000175C] -> 0x8EE3
mem[X,0x000000008000175E] -> 0xF405
[829] [M]: 0x000000008000175C (0xF4058EE3) beq x11, x0, -0xa4                       common_Mexcpt_handler+44

clint mtime 0x000000000000019F (mip.MTI <- 0b1, mip.STI <- 0b0)
mem[X,0x0000000080001760] -> 0x0593
mem[X,0x0000000080001762] -> 0x2980
[830] [M]: 0x0000000080001760 (0x29800593) addi x11, x0, 0x298                      common_Mexcpt_handler+48
x11 <- 0x0000000000000298

mem[X,0x0000000080001764] -> 0xF413
mem[X,0x0000000080001766] -> 0x0014
[831] [M]: 0x0000000080001764 (0x0014F413) andi x8, x9, 0x1                         common_Mexcpt_handler+52
x8 <- 0x0000000000000000

clint mtime 0x00000000000001A0 (mip.MTI <- 0b1, mip.STI <- 0b0)
mem[X,0x0000000080001768] -> 0x95B3
mem[X,0x000000008000176A] -> 0x0085
[832] [M]: 0x0000000080001768 (0x008595B3) sll x11, x11, x8                         common_Mexcpt_handler+56
x11 <- 0x0000000000000298

mem[X,0x000000008000176C] -> 0x9413
mem[X,0x000000008000176E] -> 0x03D4
[833] [M]: 0x000000008000176C (0x03D49413) slli x8, x9, 0x3d                        common_Mexcpt_handler+60
x8 <- 0x0000000000000000

clint mtime 0x00000000000001A1 (mip.MTI <- 0b1, mip.STI <- 0b0)
mem[X,0x0000000080001770] -> 0x5413
mem[X,0x0000000080001772] -> 0x43F4
[834] [M]: 0x0000000080001770 (0x43F45413) srai x8, x8, 0x3f                        common_Mexcpt_handler+64
x8 <- 0x0000000000000000

mem[X,0x0000000080001774] -> 0x4413
mem[X,0x0000000080001776] -> 0xFFF4
[835] [M]: 0x0000000080001774 (0xFFF44413) xori x8, x8, -0x1                        common_Mexcpt_handler+68
x8 <- 0xFFFFFFFFFFFFFFFF

clint mtime 0x00000000000001A2 (mip.MTI <- 0b1, mip.STI <- 0b0)
mem[X,0x0000000080001778] -> 0xF4B3
mem[X,0x000000008000177A] -> 0x0085
[836] [M]: 0x0000000080001778 (0x0085F4B3) and x9, x11, x8                          common_Mexcpt_handler+72
x9 <- 0x0000000000000298

mem[X,0x000000008000177C] -> 0x84B3
mem[X,0x000000008000177E] -> 0x0024
[837] [M]: 0x000000008000177C (0x002484B3) add x9, x9, x2                           vmem_adj_Mepc+0
x9 <- 0x0000000080004298

clint mtime 0x00000000000001A3 (mip.MTI <- 0b1, mip.STI <- 0b0)
mem[X,0x0000000080001780] -> 0x23F3
mem[X,0x0000000080001782] -> 0x3410
[838] [M]: 0x0000000080001780 (0x341023F3) csrrs x7, mepc, x0                       vmem_adj_Mepc+4
CSR mepc (0x341) -> 0x0000000080000400
x7 <- 0x0000000080000400

mem[X,0x0000000080001784] -> 0x0413
mem[X,0x0000000080001786] -> 0x0004
[839] [M]: 0x0000000080001784 (0x00040413) addi x8, x8, 0x0                         vmem_adj_Mepc+8
x8 <- 0xFFFFFFFFFFFFFFFF

clint mtime 0x00000000000001A4 (mip.MTI <- 0b1, mip.STI <- 0b0)
mem[X,0x0000000080001788] -> 0x006F
mem[X,0x000000008000178A] -> 0x0400
[840] [M]: 0x0000000080001788 (0x0400006F) jal x0, 0x40                             vmem_adj_Mepc+12

mem[X,0x00000000800017C8] -> 0x8433
mem[X,0x00000000800017CA] -> 0x4083
[841] [M]: 0x00000000800017C8 (0x40838433) sub x8, x7, x8                           adj_Mepc+0
x8 <- 0x0000000080000401

clint mtime 0x00000000000001A5 (mip.MTI <- 0b1, mip.STI <- 0b0)
mem[X,0x00000000800017CC] -> 0x3823
mem[X,0x00000000800017CE] -> 0x0083
[842] [M]: 0x00000000800017CC (0x00833823) sd x8, 0x10(x6)                          sv_Mepc+0
mem[W,0x0000000080009388] <- 0x0000000080000401

mem[X,0x00000000800017D0] -> 0x55B7
mem[X,0x00000000800017D2] -> 0x0000
[843] [M]: 0x00000000800017D0 (0x000055B7) lui x11, 0x5                             sv_Mepc+4
x11 <- 0x0000000000005000

clint mtime 0x00000000000001A6 (mip.MTI <- 0b1, mip.STI <- 0b0)
mem[X,0x00000000800017D4] -> 0x8593
mem[X,0x00000000800017D6] -> 0x6675
[844] [M]: 0x00000000800017D4 (0x66758593) addi x11, x11, 0x667                     sv_Mepc+8
x11 <- 0x0000000000005667

mem[X,0x00000000800017D8] -> 0x9593
mem[X,0x00000000800017DA] -> 0x0015
[845] [M]: 0x00000000800017D8 (0x00159593) slli x11, x11, 0x1                       sv_Mepc+12
x11 <- 0x000000000000ACCE

clint mtime 0x00000000000001A7 (mip.MTI <- 0b1, mip.STI <- 0b0)
mem[X,0x00000000800017DC] -> 0x9063
mem[X,0x00000000800017DE] -> 0x02B1
[846] [M]: 0x00000000800017DC (0x02B19063) bne x3, x11, 0x20                        sv_Mepc+16

mem[X,0x00000000800017E0] -> 0x2473
mem[X,0x00000000800017E2] -> 0x3420
[847] [M]: 0x00000000800017E0 (0x34202473) csrrs x8, mcause, x0                     sv_Mepc+20
CSR mcause (0x342) -> 0x0000000000000001
x8 <- 0x0000000000000001

clint mtime 0x00000000000001A8 (mip.MTI <- 0b1, mip.STI <- 0b0)
mem[X,0x00000000800017E4] -> 0x0593
mem[X,0x00000000800017E6] -> 0x00C0
[848] [M]: 0x00000000800017E4 (0x00C00593) addi x11, x0, 0xc                        sv_Mepc+24
x11 <- 0x000000000000000C

mem[X,0x00000000800017E8] -> 0x0663
mem[X,0x00000000800017EA] -> 0x00B4
[849] [M]: 0x00000000800017E8 (0x00B40663) beq x8, x11, 0xc                         sv_Mepc+28

clint mtime 0x00000000000001A9 (mip.MTI <- 0b1, mip.STI <- 0b0)
mem[X,0x00000000800017EC] -> 0x0593
mem[X,0x00000000800017EE] -> 0x0010
[850] [M]: 0x00000000800017EC (0x00100593) addi x11, x0, 0x1                        sv_Mepc+32
x11 <- 0x0000000000000001

mem[X,0x00000000800017F0] -> 0x1663
mem[X,0x00000000800017F2] -> 0x00B4
[851] [M]: 0x00000000800017F0 (0x00B41663) bne x8, x11, 0xc                         sv_Mepc+36

clint mtime 0x00000000000001AA (mip.MTI <- 0b1, mip.STI <- 0b0)
mem[X,0x00000000800017F4] -> 0x1073
mem[X,0x00000000800017F6] -> 0x3412
[852] [M]: 0x00000000800017F4 (0x34121073) csrrw x0, mepc, x4                       sv_Mepc+40
CSR mepc (0x341) <- 0xFFFFFF0080000BEC

mem[X,0x00000000800017F8] -> 0x006F
mem[X,0x00000000800017FA] -> 0x0100
[853] [M]: 0x00000000800017F8 (0x0100006F) jal x0, 0x10                             sv_Mepc+44

clint mtime 0x00000000000001AB (mip.MTI <- 0b1, mip.STI <- 0b0)
mem[X,0x0000000080001808] -> 0x23F3
mem[X,0x000000008000180A] -> 0x3430
[854] [M]: 0x0000000080001808 (0x343023F3) csrrs x7, mtval, x0                      skp_adj_Mepc+0
CSR mtval (0x343) -> 0x0000000080000400
x7 <- 0x0000000080000400

mem[X,0x000000008000180C] -> 0x0413
mem[X,0x000000008000180E] -> 0x0004
[855] [M]: 0x000000008000180C (0x00040413) addi x8, x8, 0x0                         skp_adj_Mepc+4
x8 <- 0x0000000000000001

clint mtime 0x00000000000001AC (mip.MTI <- 0b1, mip.STI <- 0b0)
mem[X,0x0000000080001810] -> 0x006F
mem[X,0x0000000080001812] -> 0x0840
[856] [M]: 0x0000000080001810 (0x0840006F) jal x0, 0x84                             skp_adj_Mepc+8

mem[X,0x0000000080001894] -> 0x8433
mem[X,0x0000000080001896] -> 0x4083
[857] [M]: 0x0000000080001894 (0x40838433) sub x8, x7, x8                           adj_Mtval+0
x8 <- 0x00000000800003FF

clint mtime 0x00000000000001AD (mip.MTI <- 0b1, mip.STI <- 0b0)
mem[X,0x0000000080001898] -> 0x3C23
mem[X,0x000000008000189A] -> 0x0083
[858] [M]: 0x0000000080001898 (0x00833C23) sd x8, 0x18(x6)                          sv_Mtval+0
mem[W,0x0000000080009390] <- 0x00000000800003FF

mem[X,0x000000008000189C] -> 0x3483
mem[X,0x000000008000189E] -> 0x2181
[859] [M]: 0x000000008000189C (0x21813483) ld x9, 0x218(x2)                         skp_Mtval+0
mem[R,0x0000000080004218] -> 0x0000000080009398
x9 <- 0x0000000080009398

clint mtime 0x00000000000001AE (mip.MTI <- 0b1, mip.STI <- 0b0)
mem[X,0x00000000800018A0] -> 0x3383
mem[X,0x00000000800018A2] -> 0x1F81
[860] [M]: 0x00000000800018A0 (0x1F813383) ld x7, 0x1f8(x2)                         skp_Mtval+4
mem[R,0x00000000800041F8] -> 0x0000000080009110
x7 <- 0x0000000080009110

mem[X,0x00000000800018A4] -> 0x3303
mem[X,0x00000000800018A6] -> 0x2001
[861] [M]: 0x00000000800018A4 (0x20013303) ld x6, 0x200(x2)                         skp_Mtval+8
mem[R,0x0000000080004200] -> 0x0000000000000410
x6 <- 0x0000000000000410

clint mtime 0x00000000000001AF (mip.MTI <- 0b1, mip.STI <- 0b0)
mem[X,0x00000000800018A8] -> 0x0333
mem[X,0x00000000800018AA] -> 0x0073
[862] [M]: 0x00000000800018A8 (0x00730333) add x6, x6, x7                           skp_Mtval+12
x6 <- 0x0000000080009520

mem[X,0x00000000800018AC] -> 0x6AE3
mem[X,0x00000000800018AE] -> 0xAE93
[863] [M]: 0x00000000800018AC (0xAE936AE3) bltu x6, x9, -0x50c                      skp_Mtval+16

clint mtime 0x00000000000001B0 (mip.MTI <- 0b1, mip.STI <- 0b0)
mem[X,0x00000000800018B0] -> 0x0393
mem[X,0x00000000800018B2] -> 0x2000
[864] [M]: 0x00000000800018B0 (0x20000393) addi x7, x0, 0x200                       skp_Mtval+20
x7 <- 0x0000000000000200

mem[X,0x00000000800018B4] -> 0x006F
mem[X,0x00000000800018B6] -> 0x0400
[865] [M]: 0x00000000800018B4 (0x0400006F) jal x0, 0x40                             skp_Mtval+24

clint mtime 0x00000000000001B1 (mip.MTI <- 0b1, mip.STI <- 0b0)
mem[X,0x00000000800018F4] -> 0x0417
mem[X,0x00000000800018F6] -> 0x0000
[866] [M]: 0x00000000800018F4 (0x00000417) auipc x8, 0x0                            spcl_Mhandler+0
x8 <- 0x00000000800018F4

mem[X,0x00000000800018F8] -> 0x0413
mem[X,0x00000000800018FA] -> 0x03C4
[867] [M]: 0x00000000800018F8 (0x03C40413) addi x8, x8, 0x3c                        spcl_Mhandler+4
x8 <- 0x0000000080001930

clint mtime 0x00000000000001B2 (mip.MTI <- 0b1, mip.STI <- 0b0)
mem[X,0x00000000800018FC] -> 0x0433
mem[X,0x00000000800018FE] -> 0x0074
[868] [M]: 0x00000000800018FC (0x00740433) add x8, x8, x7                           spcl_Mhandler+8
x8 <- 0x0000000080001B30

mem[X,0x0000000080001900] -> 0x1393
mem[X,0x0000000080001902] -> 0x0035
[869] [M]: 0x0000000080001900 (0x00351393) slli x7, x10, 0x3                        spcl_Mhandler+12
x7 <- 0x0000000000000008

clint mtime 0x00000000000001B3 (mip.MTI <- 0b1, mip.STI <- 0b0)
mem[X,0x0000000080001904] -> 0x0433
mem[X,0x0000000080001906] -> 0x0074
[870] [M]: 0x0000000080001904 (0x00740433) add x8, x8, x7                           spcl_Mhandler+16
x8 <- 0x0000000080001B38

mem[X,0x0000000080001908] -> 0x7413
mem[X,0x000000008000190A] -> 0xFF84
[871] [M]: 0x0000000080001908 (0xFF847413) andi x8, x8, -0x8                        spcl_Mhandler+20
x8 <- 0x0000000080001B38

clint mtime 0x00000000000001B4 (mip.MTI <- 0b1, mip.STI <- 0b0)
mem[X,0x000000008000190C] -> 0x3403
mem[X,0x000000008000190E] -> 0x0004
[872] [M]: 0x000000008000190C (0x00043403) ld x8, 0x0(x8)                           spcl_Mhandler+24
mem[R,0x0000000080001B38] -> 0x0000000000000003
x8 <- 0x0000000000000003

mem[X,0x0000000080001910] -> 0x02E3
mem[X,0x0000000080001912] -> 0xB204
[873] [M]: 0x0000000080001910 (0xB20402E3) beq x8, x0, -0x4dc                       spcl_Mdispatch_hndling+0

clint mtime 0x00000000000001B5 (mip.MTI <- 0b1, mip.STI <- 0b0)
mem[X,0x0000000080001914] -> 0x1393
mem[X,0x0000000080001916] -> 0x03F4
[874] [M]: 0x0000000080001914 (0x03F41393) slli x7, x8, 0x3f                        spcl_Mdispatch_hndling+4
x7 <- 0x8000000000000000

mem[X,0x0000000080001918] -> 0xD863
mem[X,0x000000008000191A] -> 0x0003
[875] [M]: 0x0000000080001918 (0x0003D863) bge x7, x0, 0x10                         spcl_Mdispatch_hndling+8

clint mtime 0x00000000000001B6 (mip.MTI <- 0b1, mip.STI <- 0b0)
mem[X,0x000000008000191C] -> 0x5413
mem[X,0x000000008000191E] -> 0x0014
[876] [M]: 0x000000008000191C (0x00145413) srli x8, x8, 0x1                         spcl_Mdispatch_hndling+12
x8 <- 0x0000000000000001

mem[X,0x0000000080001920] -> 0x0CE3
mem[X,0x0000000080001922] -> 0xF885
[877] [M]: 0x0000000080001920 (0xF8850CE3) beq x10, x8, -0x68                       spcl_Mdispatch_hndling+16

clint mtime 0x00000000000001B7 (mip.MTI <- 0b1, mip.STI <- 0b0)
mem[X,0x00000000800018B8] -> 0x3303
mem[X,0x00000000800018BA] -> 0x2601
[878] [M]: 0x00000000800018B8 (0x26013303) ld x6, 0x260(x2)                         resto_Mrtn+0
mem[R,0x0000000080004260] -> 0xFFFFFF0000000008
x6 <- 0xFFFFFF0000000008

mem[X,0x00000000800018BC] -> 0x3383
mem[X,0x00000000800018BE] -> 0x2681
[879] [M]: 0x00000000800018BC (0x26813383) ld x7, 0x268(x2)                         resto_Mrtn+4
mem[R,0x0000000080004268] -> 0x0000000080004000
x7 <- 0x0000000080004000

clint mtime 0x00000000000001B8 (mip.MTI <- 0b1, mip.STI <- 0b0)
mem[X,0x00000000800018C0] -> 0x3403
mem[X,0x00000000800018C2] -> 0x2701
[880] [M]: 0x00000000800018C0 (0x27013403) ld x8, 0x270(x2)                         resto_Mrtn+8
mem[R,0x0000000080004270] -> 0x0000000000007F76
x8 <- 0x0000000000007F76

mem[X,0x00000000800018C4] -> 0x3483
mem[X,0x00000000800018C6] -> 0x2781
[881] [M]: 0x00000000800018C4 (0x27813483) ld x9, 0x278(x2)                         resto_Mrtn+12
mem[R,0x0000000080004278] -> 0xFFFFFE0080000B78
x9 <- 0xFFFFFE0080000B78

clint mtime 0x00000000000001B9 (mip.MTI <- 0b1, mip.STI <- 0b0)
mem[X,0x00000000800018C8] -> 0x3503
mem[X,0x00000000800018CA] -> 0x2801
[882] [M]: 0x00000000800018C8 (0x28013503) ld x10, 0x280(x2)                        resto_Mrtn+16
mem[R,0x0000000080004280] -> 0x00000000000000DF
x10 <- 0x00000000000000DF

mem[X,0x00000000800018CC] -> 0x3583
mem[X,0x00000000800018CE] -> 0x2881
[883] [M]: 0x00000000800018CC (0x28813583) ld x11, 0x288(x2)                        resto_Mrtn+20
mem[R,0x0000000080004288] -> 0x00000000000000DF
x11 <- 0x00000000000000DF

clint mtime 0x00000000000001BA (mip.MTI <- 0b1, mip.STI <- 0b0)
mem[X,0x00000000800018D0] -> 0x3103
mem[X,0x00000000800018D2] -> 0x2901
[884] [M]: 0x00000000800018D0 (0x29013103) ld x2, 0x290(x2)                         resto_Mrtn+24
mem[R,0x0000000080004290] -> 0x0000000080004000
x2 <- 0x0000000080004000

mem[X,0x00000000800018D4] -> 0x0073
mem[X,0x00000000800018D6] -> 0x3020
[885] [M]: 0x00000000800018D4 (0x30200073) mret                                     resto_Mrtn+28
CSR mstatus (0x300) <- 0x0000000A00000080
ret-ing from M to U

clint mtime 0x00000000000001BB (mip.MTI <- 0b1, mip.STI <- 0b0)
mem[X,0x0000000080000BEC] -> 0x0013
mem[X,0x0000000080000BEE] -> 0x0000
[886] [U]: 0xFFFFFF0080000BEC (0x00000013) addi x0, x0, 0x0                         va_rvtest_code_begin+1072

mem[X,0x0000000080000BF0] -> 0x0013
mem[X,0x0000000080000BF2] -> 0x0000
[887] [U]: 0xFFFFFF0080000BF0 (0x00000013) addi x0, x0, 0x0                         va_rvtest_code_begin+1076

clint mtime 0x00000000000001BC (mip.MTI <- 0b1, mip.STI <- 0b0)
mem[X,0x0000000080000BF4] -> 0x0013
mem[X,0x0000000080000BF6] -> 0x0000
[888] [U]: 0xFFFFFF0080000BF4 (0x00000013) addi x0, x0, 0x0                         va_rvtest_code_begin+1080

mem[X,0x0000000080000BF8] -> 0x0113
mem[X,0x0000000080000BFA] -> 0x0000
[889] [U]: 0xFFFFFF0080000BF8 (0x00000113) addi x2, x0, 0x0                         va_rvtest_code_begin+1084
x2 <- 0x0000000000000000

clint mtime 0x00000000000001BD (mip.MTI <- 0b1, mip.STI <- 0b0)
mem[X,0x0000000080000BFC] -> 0x0073
mem[X,0x0000000080000BFE] -> 0x0000
[890] [U]: 0xFFFFFF0080000BFC (0x00000073) ecall                                    va_rvtest_code_begin+1088
trapping from U to M to handle u-call
handling exc#u-call at priv M with tval 0x0000000000000000
CSR mstatus (0x300) <- 0x0000000A00000000
CSR mcause (0x342) <- 0x0000000000000008
CSR mtval (0x343) <- 0x0000000000000000
CSR mepc (0x341) <- 0xFFFFFF0080000BFC

mem[X,0x0000000080001480] -> 0x006F
mem[X,0x0000000080001482] -> 0x1000
[891] [M]: 0x0000000080001480 (0x1000006F) jal x0, 0x100                            Mtrampoline+0

clint mtime 0x00000000000001BE (mip.MTI <- 0b1, mip.STI <- 0b0)
mem[X,0x0000000080001580] -> 0x1173
mem[X,0x0000000080001582] -> 0x3401
[892] [M]: 0x0000000080001580 (0x34011173) csrrw x2, mscratch, x2                   trap_Mhandler+0
CSR mscratch (0x340) <- 0x0000000000000000
x2 <- 0x0000000080004000

mem[X,0x0000000080001584] -> 0x3423
mem[X,0x0000000080001586] -> 0x28B1
[893] [M]: 0x0000000080001584 (0x28B13423) sd x11, 0x288(x2)                        trap_Mhandler+4
mem[W,0x0000000080004288] <- 0x00000000000000DF

clint mtime 0x00000000000001BF (mip.MTI <- 0b1, mip.STI <- 0b0)
mem[X,0x0000000080001588] -> 0x05EF
mem[X,0x000000008000158A] -> 0x0B80
[894] [M]: 0x0000000080001588 (0x0B8005EF) jal x11, 0xb8                            trap_Mhandler+8
x11 <- 0x000000008000158C

mem[X,0x0000000080001640] -> 0x3023
mem[X,0x0000000080001642] -> 0x28A1
[895] [M]: 0x0000000080001640 (0x28A13023) sd x10, 0x280(x2)                        common_Mhandler+0
mem[W,0x0000000080004280] <- 0x00000000000000DF

clint mtime 0x00000000000001C0 (mip.MTI <- 0b1, mip.STI <- 0b0)
mem[X,0x0000000080001644] -> 0x1573
mem[X,0x0000000080001646] -> 0x3401
[896] [M]: 0x0000000080001644 (0x34011573) csrrw x10, mscratch, x2                  common_Mhandler+4
CSR mscratch (0x340) <- 0x0000000080004000
x10 <- 0x0000000000000000

mem[X,0x0000000080001648] -> 0x3823
mem[X,0x000000008000164A] -> 0x28A1
[897] [M]: 0x0000000080001648 (0x28A13823) sd x10, 0x290(x2)                        common_Mhandler+8
mem[W,0x0000000080004290] <- 0x0000000000000000

clint mtime 0x00000000000001C1 (mip.MTI <- 0b1, mip.STI <- 0b0)
mem[X,0x000000008000164C] -> 0x3503
mem[X,0x000000008000164E] -> 0x2301
[898] [M]: 0x000000008000164C (0x23013503) ld x10, 0x230(x2)                        common_Mhandler+12
mem[R,0x0000000080004230] -> 0x0000000080001654
x10 <- 0x0000000080001654

mem[X,0x0000000080001650] -> 0x0067
mem[X,0x0000000080001652] -> 0x0005
[899] [M]: 0x0000000080001650 (0x00050067) jalr x0, 0x0(x10)                        common_Mhandler+16

clint mtime 0x00000000000001C2 (mip.MTI <- 0b1, mip.STI <- 0b0)
mem[X,0x0000000080001654] -> 0x3C23
mem[X,0x0000000080001656] -> 0x2691
[900] [M]: 0x0000000080001654 (0x26913C23) sd x9, 0x278(x2)                         common_Mentry+0
mem[W,0x0000000080004278] <- 0xFFFFFE0080000B78

mem[X,0x0000000080001658] -> 0x3823
mem[X,0x000000008000165A] -> 0x2681
[901] [M]: 0x0000000080001658 (0x26813823) sd x8, 0x270(x2)                         common_Mentry+4
mem[W,0x0000000080004270] <- 0x0000000000007F76

clint mtime 0x00000000000001C3 (mip.MTI <- 0b1, mip.STI <- 0b0)
mem[X,0x000000008000165C] -> 0x3423
mem[X,0x000000008000165E] -> 0x2671
[902] [M]: 0x000000008000165C (0x26713423) sd x7, 0x268(x2)                         common_Mentry+8
mem[W,0x0000000080004268] <- 0x0000000080004000

mem[X,0x0000000080001660] -> 0x3023
mem[X,0x0000000080001662] -> 0x2661
[903] [M]: 0x0000000080001660 (0x26613023) sd x6, 0x260(x2)                         common_Mentry+12
mem[W,0x0000000080004260] <- 0xFFFFFF0000000008

clint mtime 0x00000000000001C4 (mip.MTI <- 0b1, mip.STI <- 0b0)
mem[X,0x0000000080001664] -> 0x2573
mem[X,0x0000000080001666] -> 0x3420
[904] [M]: 0x0000000080001664 (0x34202573) csrrs x10, mcause, x0                    spcl_M2mmode_test+0
CSR mcause (0x342) -> 0x0000000000000008
x10 <- 0x0000000000000008

mem[X,0x0000000080001668] -> 0x04B7
mem[X,0x000000008000166A] -> 0x8000
[905] [M]: 0x0000000080001668 (0x800004B7) lui x9, -0x80000                         spcl_M2mmode_test+4
x9 <- 0xFFFFFFFF80000000

clint mtime 0x00000000000001C5 (mip.MTI <- 0b1, mip.STI <- 0b0)
mem[X,0x000000008000166C] -> 0x8493
mem[X,0x000000008000166E] -> 0x0004
[906] [M]: 0x000000008000166C (0x00048493) addi x9, x9, 0x0                         spcl_M2mmode_test+8
x9 <- 0xFFFFFFFF80000000

mem[X,0x0000000080001670] -> 0x9493
mem[X,0x0000000080001672] -> 0x00B4
[907] [M]: 0x0000000080001670 (0x00B49493) slli x9, x9, 0xb                         spcl_M2mmode_test+12
x9 <- 0xFFFFFC0000000000

clint mtime 0x00000000000001C6 (mip.MTI <- 0b1, mip.STI <- 0b0)
mem[X,0x0000000080001674] -> 0x8493
mem[X,0x0000000080001676] -> 0x0004
[908] [M]: 0x0000000080001674 (0x00048493) addi x9, x9, 0x0                         spcl_M2mmode_test+16
x9 <- 0xFFFFFC0000000000

mem[X,0x0000000080001678] -> 0x9493
mem[X,0x000000008000167A] -> 0x00B4
[909] [M]: 0x0000000080001678 (0x00B49493) slli x9, x9, 0xb                         spcl_M2mmode_test+20
x9 <- 0xFFE0000000000000

clint mtime 0x00000000000001C7 (mip.MTI <- 0b1, mip.STI <- 0b0)
mem[X,0x000000008000167C] -> 0x8493
mem[X,0x000000008000167E] -> 0x0034
[910] [M]: 0x000000008000167C (0x00348493) addi x9, x9, 0x3                         spcl_M2mmode_test+24
x9 <- 0xFFE0000000000003

mem[X,0x0000000080001680] -> 0x9493
mem[X,0x0000000080001682] -> 0x00A4
[911] [M]: 0x0000000080001680 (0x00A49493) slli x9, x9, 0xa                         spcl_M2mmode_test+28
x9 <- 0x8000000000000C00

clint mtime 0x00000000000001C8 (mip.MTI <- 0b1, mip.STI <- 0b0)
mem[X,0x0000000080001684] -> 0x8493
mem[X,0x0000000080001686] -> 0x3FC4
[912] [M]: 0x0000000080001684 (0x3FC48493) addi x9, x9, 0x3fc                       spcl_M2mmode_test+32
x9 <- 0x8000000000000FFC

mem[X,0x0000000080001688] -> 0xF4B3
mem[X,0x000000008000168A] -> 0x00A4
[913] [M]: 0x0000000080001688 (0x00A4F4B3) and x9, x9, x10                          spcl_M2mmode_test+36
x9 <- 0x0000000000000008

clint mtime 0x00000000000001C9 (mip.MTI <- 0b1, mip.STI <- 0b0)
mem[X,0x000000008000168C] -> 0x8493
mem[X,0x000000008000168E] -> 0xFF84
[914] [M]: 0x000000008000168C (0xFF848493) addi x9, x9, -0x8                        spcl_M2mmode_test+40
x9 <- 0x0000000000000000

mem[X,0x0000000080001690] -> 0x9663
mem[X,0x0000000080001692] -> 0x0004
[915] [M]: 0x0000000080001690 (0x00049663) bne x9, x0, 0xc                          spcl_M2mmode_test+44

clint mtime 0x00000000000001CA (mip.MTI <- 0b1, mip.STI <- 0b0)
mem[X,0x0000000080001694] -> 0x3383
mem[X,0x0000000080001696] -> 0x2901
[916] [M]: 0x0000000080001694 (0x29013383) ld x7, 0x290(x2)                         spcl_M2mmode_test+48
mem[R,0x0000000080004290] -> 0x0000000000000000
x7 <- 0x0000000000000000

mem[X,0x0000000080001698] -> 0x8663
mem[X,0x000000008000169A] -> 0x6E03
[917] [M]: 0x0000000080001698 (0x6E038663) beq x7, x0, 0x6ec                        spcl_M2mmode_test+52

clint mtime 0x00000000000001CB (mip.MTI <- 0b1, mip.STI <- 0b0)
mem[X,0x0000000080001D84] -> 0x0493
mem[X,0x0000000080001D86] -> 0xFF55
[918] [M]: 0x0000000080001D84 (0xFF550493) addi x9, x10, -0xb                       rtn2mmode+0
x9 <- 0xFFFFFFFFFFFFFFFD

mem[X,0x0000000080001D88] -> 0x8C63
mem[X,0x0000000080001D8A] -> 0x0004
[919] [M]: 0x0000000080001D88 (0x00048C63) beq x9, x0, 0x18                         rtn2mmode+4

clint mtime 0x00000000000001CC (mip.MTI <- 0b1, mip.STI <- 0b0)
mem[X,0x0000000080001D8C] -> 0x3583
mem[X,0x0000000080001D8E] -> 0x4701
[920] [M]: 0x0000000080001D8C (0x47013583) ld x11, 0x470(x2)                        rtn2mmode+8
mem[R,0x0000000080004470] -> 0xFFFFFF00800007BC
x11 <- 0xFFFFFF00800007BC

mem[X,0x0000000080001D90] -> 0xD463
mem[X,0x0000000080001D92] -> 0x0003
[921] [M]: 0x0000000080001D90 (0x0003D463) bge x7, x0, 0x8                          rtn2mmode+12

clint mtime 0x00000000000001CD (mip.MTI <- 0b1, mip.STI <- 0b0)
mem[X,0x0000000080001D98] -> 0x3483
mem[X,0x0000000080001D9A] -> 0x1D81
[922] [M]: 0x0000000080001D98 (0x1D813483) ld x9, 0x1d8(x2)                         from_u_s+0
mem[R,0x00000000800041D8] -> 0x00000000800007D4
x9 <- 0x00000000800007D4

mem[X,0x0000000080001D9C] -> 0x84B3
mem[X,0x0000000080001D9E] -> 0x40B4
[923] [M]: 0x0000000080001D9C (0x40B484B3) sub x9, x9, x11                          from_u_s+4
x9 <- 0x0000010000000018

clint mtime 0x00000000000001CE (mip.MTI <- 0b1, mip.STI <- 0b0)
mem[X,0x0000000080001DA0] -> 0x23F3
mem[X,0x0000000080001DA2] -> 0x3410
[924] [M]: 0x0000000080001DA0 (0x341023F3) csrrs x7, mepc, x0                       rtn_fm_mmode+0
CSR mepc (0x341) -> 0xFFFFFF0080000BFC
x7 <- 0xFFFFFF0080000BFC

mem[X,0x0000000080001DA4] -> 0x83B3
mem[X,0x0000000080001DA6] -> 0x0093
[925] [M]: 0x0000000080001DA4 (0x009383B3) add x7, x7, x9                           rtn_fm_mmode+4
x7 <- 0x0000000080000C14

clint mtime 0x00000000000001CF (mip.MTI <- 0b1, mip.STI <- 0b0)
mem[X,0x0000000080001DA8] -> 0x3303
mem[X,0x0000000080001DAA] -> 0x2601
[926] [M]: 0x0000000080001DA8 (0x26013303) ld x6, 0x260(x2)                         rtn_fm_mmode+8
mem[R,0x0000000080004260] -> 0xFFFFFF0000000008
x6 <- 0xFFFFFF0000000008

mem[X,0x0000000080001DAC] -> 0x3403
mem[X,0x0000000080001DAE] -> 0x2701
[927] [M]: 0x0000000080001DAC (0x27013403) ld x8, 0x270(x2)                         rtn_fm_mmode+12
mem[R,0x0000000080004270] -> 0x0000000000007F76
x8 <- 0x0000000000007F76

clint mtime 0x00000000000001D0 (mip.MTI <- 0b1, mip.STI <- 0b0)
mem[X,0x0000000080001DB0] -> 0x3483
mem[X,0x0000000080001DB2] -> 0x2781
[928] [M]: 0x0000000080001DB0 (0x27813483) ld x9, 0x278(x2)                         rtn_fm_mmode+16
mem[R,0x0000000080004278] -> 0xFFFFFE0080000B78
x9 <- 0xFFFFFE0080000B78

mem[X,0x0000000080001DB4] -> 0x3503
mem[X,0x0000000080001DB6] -> 0x2801
[929] [M]: 0x0000000080001DB4 (0x28013503) ld x10, 0x280(x2)                        rtn_fm_mmode+20
mem[R,0x0000000080004280] -> 0x00000000000000DF
x10 <- 0x00000000000000DF

clint mtime 0x00000000000001D1 (mip.MTI <- 0b1, mip.STI <- 0b0)
mem[X,0x0000000080001DB8] -> 0x3583
mem[X,0x0000000080001DBA] -> 0x2881
[930] [M]: 0x0000000080001DB8 (0x28813583) ld x11, 0x288(x2)                        rtn_fm_mmode+24
mem[R,0x0000000080004288] -> 0x00000000000000DF
x11 <- 0x00000000000000DF

mem[X,0x0000000080001DBC] -> 0x3103
mem[X,0x0000000080001DBE] -> 0x2901
[931] [M]: 0x0000000080001DBC (0x29013103) ld x2, 0x290(x2)                         rtn_fm_mmode+28
mem[R,0x0000000080004290] -> 0x0000000000000000
x2 <- 0x0000000000000000

clint mtime 0x00000000000001D2 (mip.MTI <- 0b1, mip.STI <- 0b0)
mem[X,0x0000000080001DC0] -> 0x8067
mem[X,0x0000000080001DC2] -> 0x0043
[932] [M]: 0x0000000080001DC0 (0x00438067) jalr x0, 0x4(x7)                         rtn_fm_mmode+32

mem[X,0x0000000080000C18] -> 0x0013
mem[X,0x0000000080000C1A] -> 0x0000
[933] [M]: 0x0000000080000C18 (0x00000013) addi x0, x0, 0x0                         main+1048

clint mtime 0x00000000000001D3 (mip.MTI <- 0b1, mip.STI <- 0b0)
mem[X,0x0000000080000C1C] -> 0x0013
mem[X,0x0000000080000C1E] -> 0x0000
[934] [M]: 0x0000000080000C1C (0x00000013) addi x0, x0, 0x0                         main+1052

mem[X,0x0000000080000C20] -> 0x6397
mem[X,0x0000000080000C22] -> 0x0000
[935] [M]: 0x0000000080000C20 (0x00006397) auipc x7, 0x6                            main+1056
x7 <- 0x0000000080006C20

clint mtime 0x00000000000001D4 (mip.MTI <- 0b1, mip.STI <- 0b0)
mem[X,0x0000000080000C24] -> 0x8393
mem[X,0x0000000080000C26] -> 0x3E03
[936] [M]: 0x0000000080000C24 (0x3E038393) addi x7, x7, 0x3e0                       main+1060
x7 <- 0x0000000080007000

mem[X,0x0000000080000C28] -> 0x0001
[937] [M]: 0x0000000080000C28 (0x0001) c.nop                                        main+1064

clint mtime 0x00000000000001D5 (mip.MTI <- 0b1, mip.STI <- 0b0)
mem[X,0x0000000080000C2A] -> 0x0013
mem[X,0x0000000080000C2C] -> 0x0000
[938] [M]: 0x0000000080000C2A (0x00000013) addi x0, x0, 0x0                         main+1066

mem[X,0x0000000080000C2E] -> 0x0013
mem[X,0x0000000080000C30] -> 0x0000
[939] [M]: 0x0000000080000C2E (0x00000013) addi x0, x0, 0x0                         main+1070

clint mtime 0x00000000000001D6 (mip.MTI <- 0b1, mip.STI <- 0b0)
mem[X,0x0000000080000C32] -> 0x0013
mem[X,0x0000000080000C34] -> 0x0000
[940] [M]: 0x0000000080000C32 (0x00000013) addi x0, x0, 0x0                         main+1074

mem[X,0x0000000080000C36] -> 0x0013
mem[X,0x0000000080000C38] -> 0x0000
[941] [M]: 0x0000000080000C36 (0x00000013) addi x0, x0, 0x0                         main+1078

clint mtime 0x00000000000001D7 (mip.MTI <- 0b1, mip.STI <- 0b0)
mem[X,0x0000000080000C3A] -> 0x0013
mem[X,0x0000000080000C3C] -> 0x0000
[942] [M]: 0x0000000080000C3A (0x00000013) addi x0, x0, 0x0                         main+1082

mem[X,0x0000000080000C3E] -> 0x0001
[943] [M]: 0x0000000080000C3E (0x0001) c.nop                                        main+1086

clint mtime 0x00000000000001D8 (mip.MTI <- 0b1, mip.STI <- 0b0)
mem[X,0x0000000080000C40] -> 0xD393
mem[X,0x0000000080000C42] -> 0x0023
[944] [M]: 0x0000000080000C40 (0x0023D393) srli x7, x7, 0x2                         main+1088
x7 <- 0x0000000020001C00

mem[X,0x0000000080000C44] -> 0x0313
mem[X,0x0000000080000C46] -> 0x0000
[945] [M]: 0x0000000080000C44 (0x00000313) addi x6, x0, 0x0                         main+1092
x6 <- 0x0000000000000000

clint mtime 0x00000000000001D9 (mip.MTI <- 0b1, mip.STI <- 0b0)
mem[X,0x0000000080000C48] -> 0xE3B3
mem[X,0x0000000080000C4A] -> 0x0063
[946] [M]: 0x0000000080000C48 (0x0063E3B3) or x7, x7, x6                            main+1096
x7 <- 0x0000000020001C00

mem[X,0x0000000080000C4C] -> 0x9073
mem[X,0x0000000080000C4E] -> 0x3B03
[947] [M]: 0x0000000080000C4C (0x3B039073) csrrw x0, pmpaddr0, x7                   main+1100
CSR pmpaddr0 (0x3B0) <- 0x0000000020001C00

clint mtime 0x00000000000001DA (mip.MTI <- 0b1, mip.STI <- 0b0)
mem[X,0x0000000080000C50] -> 0xC3B7
mem[X,0x0000000080000C52] -> 0x0003
[948] [M]: 0x0000000080000C50 (0x0003C3B7) lui x7, 0x3c                             main+1104
x7 <- 0x000000000003C000

mem[X,0x0000000080000C54] -> 0x8393
mem[X,0x0000000080000C56] -> 0x0073
[949] [M]: 0x0000000080000C54 (0x00738393) addi x7, x7, 0x7                         main+1108
x7 <- 0x000000000003C007

clint mtime 0x00000000000001DB (mip.MTI <- 0b1, mip.STI <- 0b0)
mem[X,0x0000000080000C58] -> 0x9393
mem[X,0x0000000080000C5A] -> 0x0023
[950] [M]: 0x0000000080000C58 (0x00239393) slli x7, x7, 0x2                         main+1112
x7 <- 0x00000000000F001C

mem[X,0x0000000080000C5C] -> 0x9073
mem[X,0x0000000080000C5E] -> 0x3A03
[951] [M]: 0x0000000080000C5C (0x3A039073) csrrw x0, pmpcfg0, x7                    main+1116
CSR pmpcfg0 (0x3A0) <- 0x00000000000F001C

clint mtime 0x00000000000001DC (mip.MTI <- 0b1, mip.STI <- 0b0)
mem[X,0x0000000080000C60] -> 0x6517
mem[X,0x0000000080000C62] -> 0x0000
[952] [M]: 0x0000000080000C60 (0x00006517) auipc x10, 0x6                           main+1120
x10 <- 0x0000000080006C60

mem[X,0x0000000080000C64] -> 0x0513
mem[X,0x0000000080000C66] -> 0x3A05
[953] [M]: 0x0000000080000C64 (0x3A050513) addi x10, x10, 0x3a0                     main+1124
x10 <- 0x0000000080007000

clint mtime 0x00000000000001DD (mip.MTI <- 0b1, mip.STI <- 0b0)
mem[X,0x0000000080000C68] -> 0x0001
[954] [M]: 0x0000000080000C68 (0x0001) c.nop                                        main+1128

mem[X,0x0000000080000C6A] -> 0x0013
mem[X,0x0000000080000C6C] -> 0x0000
[955] [M]: 0x0000000080000C6A (0x00000013) addi x0, x0, 0x0                         main+1130

clint mtime 0x00000000000001DE (mip.MTI <- 0b1, mip.STI <- 0b0)
mem[X,0x0000000080000C6E] -> 0x0013
mem[X,0x0000000080000C70] -> 0x0000
[956] [M]: 0x0000000080000C6E (0x00000013) addi x0, x0, 0x0                         main+1134

mem[X,0x0000000080000C72] -> 0x0013
mem[X,0x0000000080000C74] -> 0x0000
[957] [M]: 0x0000000080000C72 (0x00000013) addi x0, x0, 0x0                         main+1138

clint mtime 0x00000000000001DF (mip.MTI <- 0b1, mip.STI <- 0b0)
mem[X,0x0000000080000C76] -> 0x0013
mem[X,0x0000000080000C78] -> 0x0000
[958] [M]: 0x0000000080000C76 (0x00000013) addi x0, x0, 0x0                         main+1142

mem[X,0x0000000080000C7A] -> 0x0013
mem[X,0x0000000080000C7C] -> 0x0000
[959] [M]: 0x0000000080000C7A (0x00000013) addi x0, x0, 0x0                         main+1146

clint mtime 0x00000000000001E0 (mip.MTI <- 0b1, mip.STI <- 0b0)
mem[X,0x0000000080000C7E] -> 0x0001
[960] [M]: 0x0000000080000C7E (0x0001) c.nop                                        main+1150

mem[X,0x0000000080000C80] -> 0x0593
mem[X,0x0000000080000C82] -> 0x0010
[961] [M]: 0x0000000080000C80 (0x00100593) addi x11, x0, 0x1                        main+1152
x11 <- 0x0000000000000001

clint mtime 0x00000000000001E1 (mip.MTI <- 0b1, mip.STI <- 0b0)
mem[X,0x0000000080000C84] -> 0x5513
mem[X,0x0000000080000C86] -> 0x00C5
[962] [M]: 0x0000000080000C84 (0x00C55513) srli x10, x10, 0xc                       main+1156
x10 <- 0x0000000000080007

mem[X,0x0000000080000C88] -> 0x1513
mem[X,0x0000000080000C8A] -> 0x00A5
[963] [M]: 0x0000000080000C88 (0x00A51513) slli x10, x10, 0xa                       main+1160
x10 <- 0x0000000020001C00

clint mtime 0x00000000000001E2 (mip.MTI <- 0b1, mip.STI <- 0b0)
mem[X,0x0000000080000C8C] -> 0x6533
mem[X,0x0000000080000C8E] -> 0x00B5
[964] [M]: 0x0000000080000C8C (0x00B56533) or x10, x10, x11                         main+1164
x10 <- 0x0000000020001C01

mem[X,0x0000000080000C90] -> 0x0013
mem[X,0x0000000080000C92] -> 0x0000
[965] [M]: 0x0000000080000C90 (0x00000013) addi x0, x0, 0x0                         main+1168

clint mtime 0x00000000000001E3 (mip.MTI <- 0b1, mip.STI <- 0b0)
mem[X,0x0000000080000C94] -> 0x0013
mem[X,0x0000000080000C96] -> 0x0000
[966] [M]: 0x0000000080000C94 (0x00000013) addi x0, x0, 0x0                         main+1172

mem[X,0x0000000080000C98] -> 0x0013
mem[X,0x0000000080000C9A] -> 0x0000
[967] [M]: 0x0000000080000C98 (0x00000013) addi x0, x0, 0x0                         main+1176

clint mtime 0x00000000000001E4 (mip.MTI <- 0b1, mip.STI <- 0b0)
mem[X,0x0000000080000C9C] -> 0x0013
mem[X,0x0000000080000C9E] -> 0x0000
[968] [M]: 0x0000000080000C9C (0x00000013) addi x0, x0, 0x0                         main+1180

mem[X,0x0000000080000CA0] -> 0x7317
mem[X,0x0000000080000CA2] -> 0x0000
[969] [M]: 0x0000000080000CA0 (0x00007317) auipc x6, 0x7                            main+1184
x6 <- 0x0000000080007CA0

clint mtime 0x00000000000001E5 (mip.MTI <- 0b1, mip.STI <- 0b0)
mem[X,0x0000000080000CA4] -> 0x0313
mem[X,0x0000000080000CA6] -> 0x3603
[970] [M]: 0x0000000080000CA4 (0x36030313) addi x6, x6, 0x360                       main+1188
x6 <- 0x0000000080008000

mem[X,0x0000000080000CA8] -> 0x0001
[971] [M]: 0x0000000080000CA8 (0x0001) c.nop                                        main+1192

clint mtime 0x00000000000001E6 (mip.MTI <- 0b1, mip.STI <- 0b0)
mem[X,0x0000000080000CAA] -> 0x0013
mem[X,0x0000000080000CAC] -> 0x0000
[972] [M]: 0x0000000080000CAA (0x00000013) addi x0, x0, 0x0                         main+1194

mem[X,0x0000000080000CAE] -> 0x0013
mem[X,0x0000000080000CB0] -> 0x0000
[973] [M]: 0x0000000080000CAE (0x00000013) addi x0, x0, 0x0                         main+1198

clint mtime 0x00000000000001E7 (mip.MTI <- 0b1, mip.STI <- 0b0)
mem[X,0x0000000080000CB2] -> 0x0013
mem[X,0x0000000080000CB4] -> 0x0000
[974] [M]: 0x0000000080000CB2 (0x00000013) addi x0, x0, 0x0                         main+1202

mem[X,0x0000000080000CB6] -> 0x0013
mem[X,0x0000000080000CB8] -> 0x0000
[975] [M]: 0x0000000080000CB6 (0x00000013) addi x0, x0, 0x0                         main+1206

clint mtime 0x00000000000001E8 (mip.MTI <- 0b1, mip.STI <- 0b0)
mem[X,0x0000000080000CBA] -> 0x0013
mem[X,0x0000000080000CBC] -> 0x0000
[976] [M]: 0x0000000080000CBA (0x00000013) addi x0, x0, 0x0                         main+1210

mem[X,0x0000000080000CBE] -> 0x0001
[977] [M]: 0x0000000080000CBE (0x0001) c.nop                                        main+1214

clint mtime 0x00000000000001E9 (mip.MTI <- 0b1, mip.STI <- 0b0)
mem[X,0x0000000080000CC0] -> 0x0293
mem[X,0x0000000080000CC2] -> 0x0000
[978] [M]: 0x0000000080000CC0 (0x00000293) addi x5, x0, 0x0                         main+1216
x5 <- 0x0000000000000000

mem[X,0x0000000080000CC4] -> 0x0333
mem[X,0x0000000080000CC6] -> 0x0053
[979] [M]: 0x0000000080000CC4 (0x00530333) add x6, x6, x5                           main+1220
x6 <- 0x0000000080008000

clint mtime 0x00000000000001EA (mip.MTI <- 0b1, mip.STI <- 0b0)
mem[X,0x0000000080000CC8] -> 0x3023
mem[X,0x0000000080000CCA] -> 0x00A3
[980] [M]: 0x0000000080000CC8 (0x00A33023) sd x10, 0x0(x6)                          main+1224
mem[W,0x0000000080008000] <- 0x0000000020001C01

mem[X,0x0000000080000CCC] -> 0x0013
mem[X,0x0000000080000CCE] -> 0x0000
[981] [M]: 0x0000000080000CCC (0x00000013) addi x0, x0, 0x0                         main+1228

clint mtime 0x00000000000001EB (mip.MTI <- 0b1, mip.STI <- 0b0)
mem[X,0x0000000080000CD0] -> 0x0013
mem[X,0x0000000080000CD2] -> 0x0000
[982] [M]: 0x0000000080000CD0 (0x00000013) addi x0, x0, 0x0                         main+1232

mem[X,0x0000000080000CD4] -> 0x0013
mem[X,0x0000000080000CD6] -> 0x0000
[983] [M]: 0x0000000080000CD4 (0x00000013) addi x0, x0, 0x0                         main+1236

clint mtime 0x00000000000001EC (mip.MTI <- 0b1, mip.STI <- 0b0)
mem[X,0x0000000080000CD8] -> 0x0013
mem[X,0x0000000080000CDA] -> 0x0000
[984] [M]: 0x0000000080000CD8 (0x00000013) addi x0, x0, 0x0                         main+1240

mem[X,0x0000000080000CDC] -> 0x0013
mem[X,0x0000000080000CDE] -> 0x0000
[985] [M]: 0x0000000080000CDC (0x00000013) addi x0, x0, 0x0                         main+1244

clint mtime 0x00000000000001ED (mip.MTI <- 0b1, mip.STI <- 0b0)
mem[X,0x0000000080000CE0] -> 0xF517
mem[X,0x0000000080000CE2] -> 0xFFFF
[986] [M]: 0x0000000080000CE0 (0xFFFFF517) auipc x10, -0x1                          main+1248
x10 <- 0x000000007FFFFCE0

mem[X,0x0000000080000CE4] -> 0x0513
mem[X,0x0000000080000CE6] -> 0x7205
[987] [M]: 0x0000000080000CE4 (0x72050513) addi x10, x10, 0x720                     main+1252
x10 <- 0x0000000080000400

clint mtime 0x00000000000001EE (mip.MTI <- 0b1, mip.STI <- 0b0)
mem[X,0x0000000080000CE8] -> 0x0001
[988] [M]: 0x0000000080000CE8 (0x0001) c.nop                                        main+1256

mem[X,0x0000000080000CEA] -> 0x0013
mem[X,0x0000000080000CEC] -> 0x0000
[989] [M]: 0x0000000080000CEA (0x00000013) addi x0, x0, 0x0                         main+1258

clint mtime 0x00000000000001EF (mip.MTI <- 0b1, mip.STI <- 0b0)
mem[X,0x0000000080000CEE] -> 0x0013
mem[X,0x0000000080000CF0] -> 0x0000
[990] [M]: 0x0000000080000CEE (0x00000013) addi x0, x0, 0x0                         main+1262

mem[X,0x0000000080000CF2] -> 0x0013
mem[X,0x0000000080000CF4] -> 0x0000
[991] [M]: 0x0000000080000CF2 (0x00000013) addi x0, x0, 0x0                         main+1266

clint mtime 0x00000000000001F0 (mip.MTI <- 0b1, mip.STI <- 0b0)
mem[X,0x0000000080000CF6] -> 0x0013
mem[X,0x0000000080000CF8] -> 0x0000
[992] [M]: 0x0000000080000CF6 (0x00000013) addi x0, x0, 0x0                         main+1270

mem[X,0x0000000080000CFA] -> 0x0013
mem[X,0x0000000080000CFC] -> 0x0000
[993] [M]: 0x0000000080000CFA (0x00000013) addi x0, x0, 0x0                         main+1274

clint mtime 0x00000000000001F1 (mip.MTI <- 0b1, mip.STI <- 0b0)
mem[X,0x0000000080000CFE] -> 0x0001
[994] [M]: 0x0000000080000CFE (0x0001) c.nop                                        main+1278

mem[X,0x0000000080000D00] -> 0x0593
mem[X,0x0000000080000D02] -> 0x0DF0
[995] [M]: 0x0000000080000D00 (0x0DF00593) addi x11, x0, 0xdf                       main+1280
x11 <- 0x00000000000000DF

clint mtime 0x00000000000001F2 (mip.MTI <- 0b1, mip.STI <- 0b0)
mem[X,0x0000000080000D04] -> 0x5513
mem[X,0x0000000080000D06] -> 0x00C5
[996] [M]: 0x0000000080000D04 (0x00C55513) srli x10, x10, 0xc                       main+1284
x10 <- 0x0000000000080000

mem[X,0x0000000080000D08] -> 0x1513
mem[X,0x0000000080000D0A] -> 0x00A5
[997] [M]: 0x0000000080000D08 (0x00A51513) slli x10, x10, 0xa                       main+1288
x10 <- 0x0000000020000000

clint mtime 0x00000000000001F3 (mip.MTI <- 0b1, mip.STI <- 0b0)
mem[X,0x0000000080000D0C] -> 0x6533
mem[X,0x0000000080000D0E] -> 0x00B5
[998] [M]: 0x0000000080000D0C (0x00B56533) or x10, x10, x11                         main+1292
x10 <- 0x00000000200000DF

mem[X,0x0000000080000D10] -> 0x0013
mem[X,0x0000000080000D12] -> 0x0000
[999] [M]: 0x0000000080000D10 (0x00000013) addi x0, x0, 0x0                         main+1296

clint mtime 0x00000000000001F4 (mip.MTI <- 0b1, mip.STI <- 0b0)
mem[X,0x0000000080000D14] -> 0x0013
mem[X,0x0000000080000D16] -> 0x0000
[1000] [M]: 0x0000000080000D14 (0x00000013) addi x0, x0, 0x0                        main+1300

mem[X,0x0000000080000D18] -> 0x0013
mem[X,0x0000000080000D1A] -> 0x0000
[1001] [M]: 0x0000000080000D18 (0x00000013) addi x0, x0, 0x0                        main+1304

clint mtime 0x00000000000001F5 (mip.MTI <- 0b1, mip.STI <- 0b0)
mem[X,0x0000000080000D1C] -> 0x0013
mem[X,0x0000000080000D1E] -> 0x0000
[1002] [M]: 0x0000000080000D1C (0x00000013) addi x0, x0, 0x0                        main+1308

mem[X,0x0000000080000D20] -> 0x6317
mem[X,0x0000000080000D22] -> 0x0000
[1003] [M]: 0x0000000080000D20 (0x00006317) auipc x6, 0x6                           main+1312
x6 <- 0x0000000080006D20

clint mtime 0x00000000000001F6 (mip.MTI <- 0b1, mip.STI <- 0b0)
mem[X,0x0000000080000D24] -> 0x0313
mem[X,0x0000000080000D26] -> 0x2E03
[1004] [M]: 0x0000000080000D24 (0x2E030313) addi x6, x6, 0x2e0                      main+1316
x6 <- 0x0000000080007000

mem[X,0x0000000080000D28] -> 0x0001
[1005] [M]: 0x0000000080000D28 (0x0001) c.nop                                       main+1320

clint mtime 0x00000000000001F7 (mip.MTI <- 0b1, mip.STI <- 0b0)
mem[X,0x0000000080000D2A] -> 0x0013
mem[X,0x0000000080000D2C] -> 0x0000
[1006] [M]: 0x0000000080000D2A (0x00000013) addi x0, x0, 0x0                        main+1322

mem[X,0x0000000080000D2E] -> 0x0013
mem[X,0x0000000080000D30] -> 0x0000
[1007] [M]: 0x0000000080000D2E (0x00000013) addi x0, x0, 0x0                        main+1326

clint mtime 0x00000000000001F8 (mip.MTI <- 0b1, mip.STI <- 0b0)
mem[X,0x0000000080000D32] -> 0x0013
mem[X,0x0000000080000D34] -> 0x0000
[1008] [M]: 0x0000000080000D32 (0x00000013) addi x0, x0, 0x0                        main+1330

mem[X,0x0000000080000D36] -> 0x0013
mem[X,0x0000000080000D38] -> 0x0000
[1009] [M]: 0x0000000080000D36 (0x00000013) addi x0, x0, 0x0                        main+1334

clint mtime 0x00000000000001F9 (mip.MTI <- 0b1, mip.STI <- 0b0)
mem[X,0x0000000080000D3A] -> 0x0013
mem[X,0x0000000080000D3C] -> 0x0000
[1010] [M]: 0x0000000080000D3A (0x00000013) addi x0, x0, 0x0                        main+1338

mem[X,0x0000000080000D3E] -> 0x0001
[1011] [M]: 0x0000000080000D3E (0x0001) c.nop                                       main+1342

clint mtime 0x00000000000001FA (mip.MTI <- 0b1, mip.STI <- 0b0)
mem[X,0x0000000080000D40] -> 0x0293
mem[X,0x0000000080000D42] -> 0x0000
[1012] [M]: 0x0000000080000D40 (0x00000293) addi x5, x0, 0x0                        main+1344
x5 <- 0x0000000000000000

mem[X,0x0000000080000D44] -> 0x0333
mem[X,0x0000000080000D46] -> 0x0053
[1013] [M]: 0x0000000080000D44 (0x00530333) add x6, x6, x5                          main+1348
x6 <- 0x0000000080007000

clint mtime 0x00000000000001FB (mip.MTI <- 0b1, mip.STI <- 0b0)
mem[X,0x0000000080000D48] -> 0x3023
mem[X,0x0000000080000D4A] -> 0x00A3
[1014] [M]: 0x0000000080000D48 (0x00A33023) sd x10, 0x0(x6)                         main+1352
mem[W,0x0000000080007000] <- 0x00000000200000DF

mem[X,0x0000000080000D4C] -> 0x0073
mem[X,0x0000000080000D4E] -> 0x1200
[1015] [M]: 0x0000000080000D4C (0x12000073) sfence.vma x0, x0                       main+1356

clint mtime 0x00000000000001FC (mip.MTI <- 0b1, mip.STI <- 0b0)
mem[X,0x0000000080000D50] -> 0x0493
mem[X,0x0000000080000D52] -> 0x0010
[1016] [M]: 0x0000000080000D50 (0x00100493) addi x9, x0, 0x1                        main+1360
x9 <- 0x0000000000000001

mem[X,0x0000000080000D54] -> 0x9493
mem[X,0x0000000080000D56] -> 0x00B4
[1017] [M]: 0x0000000080000D54 (0x00B49493) slli x9, x9, 0xb                        main+1364
x9 <- 0x0000000000000800

clint mtime 0x00000000000001FD (mip.MTI <- 0b1, mip.STI <- 0b0)
mem[X,0x0000000080000D58] -> 0xB073
mem[X,0x0000000080000D5A] -> 0x3004
[1018] [M]: 0x0000000080000D58 (0x3004B073) csrrc x0, mstatus, x9                   main+1368
CSR mstatus (0x300) <- 0x0000000A00000000

mem[X,0x0000000080000D5C] -> 0x23F3
mem[X,0x0000000080000D5E] -> 0x3400
[1019] [M]: 0x0000000080000D5C (0x340023F3) csrrs x7, mscratch, x0                  main+1372
CSR mscratch (0x340) -> 0x0000000080004000
x7 <- 0x0000000080004000

clint mtime 0x00000000000001FE (mip.MTI <- 0b1, mip.STI <- 0b0)
mem[X,0x0000000080000D60] -> 0xB303
mem[X,0x0000000080000D62] -> 0x4703
[1020] [M]: 0x0000000080000D60 (0x4703B303) ld x6, 0x470(x7)                        main+1376
mem[R,0x0000000080004470] -> 0xFFFFFF00800007BC
x6 <- 0xFFFFFF00800007BC

mem[X,0x0000000080000D64] -> 0xB483
mem[X,0x0000000080000D66] -> 0x1D83
[1021] [M]: 0x0000000080000D64 (0x1D83B483) ld x9, 0x1d8(x7)                        main+1380
mem[R,0x00000000800041D8] -> 0x00000000800007D4
x9 <- 0x00000000800007D4

clint mtime 0x00000000000001FF (mip.MTI <- 0b1, mip.STI <- 0b0)
mem[X,0x0000000080000D68] -> 0x0333
mem[X,0x0000000080000D6A] -> 0x4093
[1022] [M]: 0x0000000080000D68 (0x40930333) sub x6, x6, x9                          main+1384
x6 <- 0xFFFFFEFFFFFFFFE8

mem[X,0x0000000080000D6C] -> 0x0313
mem[X,0x0000000080000D6E] -> 0x0103
[1023] [M]: 0x0000000080000D6C (0x01030313) addi x6, x6, 0x10                       main+1388
x6 <- 0xFFFFFEFFFFFFFFF8

clint mtime 0x0000000000000200 (mip.MTI <- 0b1, mip.STI <- 0b0)
mem[X,0x0000000080000D70] -> 0x0497
mem[X,0x0000000080000D72] -> 0x0000
[1024] [M]: 0x0000000080000D70 (0x00000497) auipc x9, 0x0                           main+1392
x9 <- 0x0000000080000D70

mem[X,0x0000000080000D74] -> 0x84B3
mem[X,0x0000000080000D76] -> 0x0064
[1025] [M]: 0x0000000080000D74 (0x006484B3) add x9, x9, x6                          main+1396
x9 <- 0xFFFFFF0080000D68

clint mtime 0x0000000000000201 (mip.MTI <- 0b1, mip.STI <- 0b0)
mem[X,0x0000000080000D78] -> 0x94F3
mem[X,0x0000000080000D7A] -> 0x3414
[1026] [M]: 0x0000000080000D78 (0x341494F3) csrrw x9, mepc, x9                      main+1400
CSR mepc (0x341) <- 0xFFFFFF0080000D68
x9 <- 0xFFFFFF0080000BFC

mem[X,0x0000000080000D7C] -> 0x0073
mem[X,0x0000000080000D7E] -> 0x3020
[1027] [M]: 0x0000000080000D7C (0x30200073) mret                                    main+1404
CSR mstatus (0x300) <- 0x0000000A00000080
ret-ing from M to U

clint mtime 0x0000000000000202 (mip.MTI <- 0b1, mip.STI <- 0b0)
PTW: Start, vpn=0xff0080000, access_type=X, privilege=Umem[R,0x0000000080008FF0] -> 0x00000000000000DB
PTW: Step, level=3, pte=0xDB, pte_addr=0x80008FF0
PTW: Success, final_ppn=0x80000, level=3mem[X,0x0000000080000D68] -> 0x0333
mem[X,0x0000000080000D6A] -> 0x4093
[1028] [U]: 0xFFFFFF0080000D68 (0x40930333) sub x6, x6, x9                          va_rvtest_code_begin+1452
x6 <- 0xFFFFFFFF7FFFF3FC

mem[X,0x0000000080000D6C] -> 0x0313
mem[X,0x0000000080000D6E] -> 0x0103
[1029] [U]: 0xFFFFFF0080000D6C (0x01030313) addi x6, x6, 0x10                       va_rvtest_code_begin+1456
x6 <- 0xFFFFFFFF7FFFF40C

clint mtime 0x0000000000000203 (mip.MTI <- 0b1, mip.STI <- 0b0)
mem[X,0x0000000080000D70] -> 0x0497
mem[X,0x0000000080000D72] -> 0x0000
[1030] [U]: 0xFFFFFF0080000D70 (0x00000497) auipc x9, 0x0                           va_rvtest_code_begin+1460
x9 <- 0xFFFFFF0080000D70

mem[X,0x0000000080000D74] -> 0x84B3
mem[X,0x0000000080000D76] -> 0x0064
[1031] [U]: 0xFFFFFF0080000D74 (0x006484B3) add x9, x9, x6                          va_rvtest_code_begin+1464
x9 <- 0xFFFFFF000000017C

clint mtime 0x0000000000000204 (mip.MTI <- 0b1, mip.STI <- 0b0)
mem[X,0x0000000080000D78] -> 0x94F3
mem[X,0x0000000080000D7A] -> 0x3414
[1032] [U]: 0xFFFFFF0080000D78 (0x341494F3) csrrw x9, mepc, x9                      va_rvtest_code_begin+1468
trapping from U to M to handle illegal-instruction
handling exc#illegal-instruction at priv M with tval 0x00000000341494F3
CSR mstatus (0x300) <- 0x0000000A00000000
CSR mcause (0x342) <- 0x0000000000000002
CSR mtval (0x343) <- 0x00000000341494F3
CSR mepc (0x341) <- 0xFFFFFF0080000D78

mem[X,0x0000000080001480] -> 0x006F
mem[X,0x0000000080001482] -> 0x1000
[1033] [M]: 0x0000000080001480 (0x1000006F) jal x0, 0x100                           Mtrampoline+0

clint mtime 0x0000000000000205 (mip.MTI <- 0b1, mip.STI <- 0b0)
mem[X,0x0000000080001580] -> 0x1173
mem[X,0x0000000080001582] -> 0x3401
[1034] [M]: 0x0000000080001580 (0x34011173) csrrw x2, mscratch, x2                  trap_Mhandler+0
CSR mscratch (0x340) <- 0x0000000000000000
x2 <- 0x0000000080004000

mem[X,0x0000000080001584] -> 0x3423
mem[X,0x0000000080001586] -> 0x28B1
[1035] [M]: 0x0000000080001584 (0x28B13423) sd x11, 0x288(x2)                       trap_Mhandler+4
mem[W,0x0000000080004288] <- 0x00000000000000DF

clint mtime 0x0000000000000206 (mip.MTI <- 0b1, mip.STI <- 0b0)
mem[X,0x0000000080001588] -> 0x05EF
mem[X,0x000000008000158A] -> 0x0B80
[1036] [M]: 0x0000000080001588 (0x0B8005EF) jal x11, 0xb8                           trap_Mhandler+8
x11 <- 0x000000008000158C

mem[X,0x0000000080001640] -> 0x3023
mem[X,0x0000000080001642] -> 0x28A1
[1037] [M]: 0x0000000080001640 (0x28A13023) sd x10, 0x280(x2)                       common_Mhandler+0
mem[W,0x0000000080004280] <- 0x00000000200000DF

clint mtime 0x0000000000000207 (mip.MTI <- 0b1, mip.STI <- 0b0)
mem[X,0x0000000080001644] -> 0x1573
mem[X,0x0000000080001646] -> 0x3401
[1038] [M]: 0x0000000080001644 (0x34011573) csrrw x10, mscratch, x2                 common_Mhandler+4
CSR mscratch (0x340) <- 0x0000000080004000
x10 <- 0x0000000000000000

mem[X,0x0000000080001648] -> 0x3823
mem[X,0x000000008000164A] -> 0x28A1
[1039] [M]: 0x0000000080001648 (0x28A13823) sd x10, 0x290(x2)                       common_Mhandler+8
mem[W,0x0000000080004290] <- 0x0000000000000000

clint mtime 0x0000000000000208 (mip.MTI <- 0b1, mip.STI <- 0b0)
mem[X,0x000000008000164C] -> 0x3503
mem[X,0x000000008000164E] -> 0x2301
[1040] [M]: 0x000000008000164C (0x23013503) ld x10, 0x230(x2)                       common_Mhandler+12
mem[R,0x0000000080004230] -> 0x0000000080001654
x10 <- 0x0000000080001654

mem[X,0x0000000080001650] -> 0x0067
mem[X,0x0000000080001652] -> 0x0005
[1041] [M]: 0x0000000080001650 (0x00050067) jalr x0, 0x0(x10)                       common_Mhandler+16

clint mtime 0x0000000000000209 (mip.MTI <- 0b1, mip.STI <- 0b0)
mem[X,0x0000000080001654] -> 0x3C23
mem[X,0x0000000080001656] -> 0x2691
[1042] [M]: 0x0000000080001654 (0x26913C23) sd x9, 0x278(x2)                        common_Mentry+0
mem[W,0x0000000080004278] <- 0xFFFFFF000000017C

mem[X,0x0000000080001658] -> 0x3823
mem[X,0x000000008000165A] -> 0x2681
[1043] [M]: 0x0000000080001658 (0x26813823) sd x8, 0x270(x2)                        common_Mentry+4
mem[W,0x0000000080004270] <- 0x0000000000007F76

clint mtime 0x000000000000020A (mip.MTI <- 0b1, mip.STI <- 0b0)
mem[X,0x000000008000165C] -> 0x3423
mem[X,0x000000008000165E] -> 0x2671
[1044] [M]: 0x000000008000165C (0x26713423) sd x7, 0x268(x2)                        common_Mentry+8
mem[W,0x0000000080004268] <- 0x0000000080004000

mem[X,0x0000000080001660] -> 0x3023
mem[X,0x0000000080001662] -> 0x2661
[1045] [M]: 0x0000000080001660 (0x26613023) sd x6, 0x260(x2)                        common_Mentry+12
mem[W,0x0000000080004260] <- 0xFFFFFFFF7FFFF40C

clint mtime 0x000000000000020B (mip.MTI <- 0b1, mip.STI <- 0b0)
mem[X,0x0000000080001664] -> 0x2573
mem[X,0x0000000080001666] -> 0x3420
[1046] [M]: 0x0000000080001664 (0x34202573) csrrs x10, mcause, x0                   spcl_M2mmode_test+0
CSR mcause (0x342) -> 0x0000000000000002
x10 <- 0x0000000000000002

mem[X,0x0000000080001668] -> 0x04B7
mem[X,0x000000008000166A] -> 0x8000
[1047] [M]: 0x0000000080001668 (0x800004B7) lui x9, -0x80000                        spcl_M2mmode_test+4
x9 <- 0xFFFFFFFF80000000

clint mtime 0x000000000000020C (mip.MTI <- 0b1, mip.STI <- 0b0)
mem[X,0x000000008000166C] -> 0x8493
mem[X,0x000000008000166E] -> 0x0004
[1048] [M]: 0x000000008000166C (0x00048493) addi x9, x9, 0x0                        spcl_M2mmode_test+8
x9 <- 0xFFFFFFFF80000000

mem[X,0x0000000080001670] -> 0x9493
mem[X,0x0000000080001672] -> 0x00B4
[1049] [M]: 0x0000000080001670 (0x00B49493) slli x9, x9, 0xb                        spcl_M2mmode_test+12
x9 <- 0xFFFFFC0000000000

clint mtime 0x000000000000020D (mip.MTI <- 0b1, mip.STI <- 0b0)
mem[X,0x0000000080001674] -> 0x8493
mem[X,0x0000000080001676] -> 0x0004
[1050] [M]: 0x0000000080001674 (0x00048493) addi x9, x9, 0x0                        spcl_M2mmode_test+16
x9 <- 0xFFFFFC0000000000

mem[X,0x0000000080001678] -> 0x9493
mem[X,0x000000008000167A] -> 0x00B4
[1051] [M]: 0x0000000080001678 (0x00B49493) slli x9, x9, 0xb                        spcl_M2mmode_test+20
x9 <- 0xFFE0000000000000

clint mtime 0x000000000000020E (mip.MTI <- 0b1, mip.STI <- 0b0)
mem[X,0x000000008000167C] -> 0x8493
mem[X,0x000000008000167E] -> 0x0034
[1052] [M]: 0x000000008000167C (0x00348493) addi x9, x9, 0x3                        spcl_M2mmode_test+24
x9 <- 0xFFE0000000000003

mem[X,0x0000000080001680] -> 0x9493
mem[X,0x0000000080001682] -> 0x00A4
[1053] [M]: 0x0000000080001680 (0x00A49493) slli x9, x9, 0xa                        spcl_M2mmode_test+28
x9 <- 0x8000000000000C00

clint mtime 0x000000000000020F (mip.MTI <- 0b1, mip.STI <- 0b0)
mem[X,0x0000000080001684] -> 0x8493
mem[X,0x0000000080001686] -> 0x3FC4
[1054] [M]: 0x0000000080001684 (0x3FC48493) addi x9, x9, 0x3fc                      spcl_M2mmode_test+32
x9 <- 0x8000000000000FFC

mem[X,0x0000000080001688] -> 0xF4B3
mem[X,0x000000008000168A] -> 0x00A4
[1055] [M]: 0x0000000080001688 (0x00A4F4B3) and x9, x9, x10                         spcl_M2mmode_test+36
x9 <- 0x0000000000000000

clint mtime 0x0000000000000210 (mip.MTI <- 0b1, mip.STI <- 0b0)
mem[X,0x000000008000168C] -> 0x8493
mem[X,0x000000008000168E] -> 0xFF84
[1056] [M]: 0x000000008000168C (0xFF848493) addi x9, x9, -0x8                       spcl_M2mmode_test+40
x9 <- 0xFFFFFFFFFFFFFFF8

mem[X,0x0000000080001690] -> 0x9663
mem[X,0x0000000080001692] -> 0x0004
[1057] [M]: 0x0000000080001690 (0x00049663) bne x9, x0, 0xc                         spcl_M2mmode_test+44

clint mtime 0x0000000000000211 (mip.MTI <- 0b1, mip.STI <- 0b0)
mem[X,0x000000008000169C] -> 0x0393
mem[X,0x000000008000169E] -> 0x0200
[1058] [M]: 0x000000008000169C (0x02000393) addi x7, x0, 0x20                       Mtrapsig_ptr_upd+0
x7 <- 0x0000000000000020

mem[X,0x00000000800016A0] -> 0x5263
mem[X,0x00000000800016A2] -> 0x0405
[1059] [M]: 0x00000000800016A0 (0x04055263) bge x10, x0, 0x44                       Mtrapsig_ptr_upd+4

clint mtime 0x0000000000000212 (mip.MTI <- 0b1, mip.STI <- 0b0)
mem[X,0x00000000800016E4] -> 0x2373
mem[X,0x00000000800016E6] -> 0x3010
[1060] [M]: 0x00000000800016E4 (0x30102373) csrrs x6, misa, x0                      Mxcpt_sig_sv+0
CSR misa (0x301) -> 0x800000000034112F
x6 <- 0x800000000034112F

mem[X,0x00000000800016E8] -> 0x1313
mem[X,0x00000000800016EA] -> 0x0383
[1061] [M]: 0x00000000800016E8 (0x03831313) slli x6, x6, 0x38                       Mxcpt_sig_sv+4
x6 <- 0x2F00000000000000

clint mtime 0x0000000000000213 (mip.MTI <- 0b1, mip.STI <- 0b0)
mem[X,0x00000000800016EC] -> 0x5463
mem[X,0x00000000800016EE] -> 0x0003
[1062] [M]: 0x00000000800016EC (0x00035463) bge x6, x0, 0x8                         Mxcpt_sig_sv+8

mem[X,0x00000000800016F4] -> 0x3303
mem[X,0x00000000800016F6] -> 0x2181
[1063] [M]: 0x00000000800016F4 (0x21813303) ld x6, 0x218(x2)                        Mtrap_sig_sv+0
mem[R,0x0000000080004218] -> 0x0000000080009398
x6 <- 0x0000000080009398

clint mtime 0x0000000000000214 (mip.MTI <- 0b1, mip.STI <- 0b0)
mem[X,0x00000000800016F8] -> 0x04B3
mem[X,0x00000000800016FA] -> 0x0073
[1064] [M]: 0x00000000800016F8 (0x007304B3) add x9, x6, x7                          Mtrap_sig_sv+4
x9 <- 0x00000000800093B8

mem[X,0x00000000800016FC] -> 0x3C23
mem[X,0x00000000800016FE] -> 0x2091
[1065] [M]: 0x00000000800016FC (0x20913C23) sd x9, 0x218(x2)                        Mtrap_sig_sv+8
mem[W,0x0000000080004218] <- 0x00000000800093B8

clint mtime 0x0000000000000215 (mip.MTI <- 0b1, mip.STI <- 0b0)
mem[X,0x0000000080001700] -> 0x3403
mem[X,0x0000000080001702] -> 0x1F81
[1066] [M]: 0x0000000080001700 (0x1F813403) ld x8, 0x1f8(x2)                        Mtrap_sig_sv+12
mem[R,0x00000000800041F8] -> 0x0000000080009110
x8 <- 0x0000000080009110

mem[X,0x0000000080001704] -> 0x0333
mem[X,0x0000000080001706] -> 0x4083
[1067] [M]: 0x0000000080001704 (0x40830333) sub x6, x6, x8                          Mtrap_sig_sv+16
x6 <- 0x0000000000000288

clint mtime 0x0000000000000216 (mip.MTI <- 0b1, mip.STI <- 0b0)
mem[X,0x0000000080001708] -> 0x3403
mem[X,0x000000008000170A] -> 0x1F81
[1068] [M]: 0x0000000080001708 (0x1F813403) ld x8, 0x1f8(x2)                        Mtrap_sig_sv+20
mem[R,0x00000000800041F8] -> 0x0000000080009110
x8 <- 0x0000000080009110

mem[X,0x000000008000170C] -> 0x0333
mem[X,0x000000008000170E] -> 0x0083
[1069] [M]: 0x000000008000170C (0x00830333) add x6, x6, x8                          Mtrap_sig_sv+24
x6 <- 0x0000000080009398

clint mtime 0x0000000000000217 (mip.MTI <- 0b1, mip.STI <- 0b0)
mem[X,0x0000000080001710] -> 0x3403
mem[X,0x0000000080001712] -> 0x2401
[1070] [M]: 0x0000000080001710 (0x24013403) ld x8, 0x240(x2)                        Mtrap_sig_sv+28
mem[R,0x0000000080004240] -> 0x0000000080001480
x8 <- 0x0000000080001480

mem[X,0x0000000080001714] -> 0x85B3
mem[X,0x0000000080001716] -> 0x4085
[1071] [M]: 0x0000000080001714 (0x408585B3) sub x11, x11, x8                        sv_Mvect+0
x11 <- 0x000000000000010C

clint mtime 0x0000000000000218 (mip.MTI <- 0b1, mip.STI <- 0b0)
mem[X,0x0000000080001718] -> 0x9593
mem[X,0x000000008000171A] -> 0x0045
[1072] [M]: 0x0000000080001718 (0x00459593) slli x11, x11, 0x4                      sv_Mvect+4
x11 <- 0x00000000000010C0

mem[X,0x000000008000171C] -> 0xE5B3
mem[X,0x000000008000171E] -> 0x0075
[1073] [M]: 0x000000008000171C (0x0075E5B3) or x11, x11, x7                         sv_Mvect+8
x11 <- 0x00000000000010E0

clint mtime 0x0000000000000219 (mip.MTI <- 0b1, mip.STI <- 0b0)
mem[X,0x0000000080001720] -> 0x8593
mem[X,0x0000000080001722] -> 0x0035
[1074] [M]: 0x0000000080001720 (0x00358593) addi x11, x11, 0x3                      sv_Mvect+12
x11 <- 0x00000000000010E3

mem[X,0x0000000080001724] -> 0x3023
mem[X,0x0000000080001726] -> 0x00B3
[1075] [M]: 0x0000000080001724 (0x00B33023) sd x11, 0x0(x6)                         sv_Mvect+16
mem[W,0x0000000080009398] <- 0x00000000000010E3

clint mtime 0x000000000000021A (mip.MTI <- 0b1, mip.STI <- 0b0)
mem[X,0x0000000080001728] -> 0x3423
mem[X,0x000000008000172A] -> 0x00A3
[1076] [M]: 0x0000000080001728 (0x00A33423) sd x10, 0x8(x6)                         sv_Mcause+0
mem[W,0x00000000800093A0] <- 0x0000000000000002

mem[X,0x000000008000172C] -> 0x4663
mem[X,0x000000008000172E] -> 0x1A05
[1077] [M]: 0x000000008000172C (0x1A054663) blt x10, x0, 0x1ac                      sv_Mcause+4

clint mtime 0x000000000000021B (mip.MTI <- 0b1, mip.STI <- 0b0)
mem[X,0x0000000080001730] -> 0x25F3
mem[X,0x0000000080001732] -> 0x3000
[1078] [M]: 0x0000000080001730 (0x300025F3) csrrs x11, mstatus, x0                  common_Mexcpt_handler+0
CSR mstatus (0x300) -> 0x0000000A00000000
x11 <- 0x0000000A00000000

mem[X,0x0000000080001734] -> 0x9413
mem[X,0x0000000080001736] -> 0x02E5
[1079] [M]: 0x0000000080001734 (0x02E59413) slli x8, x11, 0x2e                      common_Mexcpt_handler+4
x8 <- 0x0000000000000000

clint mtime 0x000000000000021C (mip.MTI <- 0b1, mip.STI <- 0b0)
mem[X,0x0000000080001738] -> 0x5463
mem[X,0x000000008000173A] -> 0x0004
[1080] [M]: 0x0000000080001738 (0x00045463) bge x8, x0, 0x8                         common_Mexcpt_handler+8

mem[X,0x0000000080001740] -> 0xD493
mem[X,0x0000000080001742] -> 0x00B5
[1081] [M]: 0x0000000080001740 (0x00B5D493) srli x9, x11, 0xb                       common_Mexcpt_handler+16
x9 <- 0x0000000001400000

clint mtime 0x000000000000021D (mip.MTI <- 0b1, mip.STI <- 0b0)
mem[X,0x0000000080001744] -> 0xF493
mem[X,0x0000000080001746] -> 0x0034
[1082] [M]: 0x0000000080001744 (0x0034F493) andi x9, x9, 0x3                        common_Mexcpt_handler+20
x9 <- 0x0000000000000000

mem[X,0x0000000080001748] -> 0x8493
mem[X,0x000000008000174A] -> 0x0014
[1083] [M]: 0x0000000080001748 (0x00148493) addi x9, x9, 0x1                        common_Mexcpt_handler+24
x9 <- 0x0000000000000001

clint mtime 0x000000000000021E (mip.MTI <- 0b1, mip.STI <- 0b0)
mem[X,0x000000008000174C] -> 0xF493
mem[X,0x000000008000174E] -> 0x0044
[1084] [M]: 0x000000008000174C (0x0044F493) andi x9, x9, 0x4                        common_Mexcpt_handler+28
x9 <- 0x0000000000000000

mem[X,0x0000000080001750] -> 0x0593
mem[X,0x0000000080001752] -> 0x05D0
[1085] [M]: 0x0000000080001750 (0x05D00593) addi x11, x0, 0x5d                      common_Mexcpt_handler+32
x11 <- 0x000000000000005D

clint mtime 0x000000000000021F (mip.MTI <- 0b1, mip.STI <- 0b0)
mem[X,0x0000000080001754] -> 0xD5B3
mem[X,0x0000000080001756] -> 0x0095
[1086] [M]: 0x0000000080001754 (0x0095D5B3) srl x11, x11, x9                        common_Mexcpt_handler+36
x11 <- 0x000000000000005D

mem[X,0x0000000080001758] -> 0xF593
mem[X,0x000000008000175A] -> 0x0015
[1087] [M]: 0x0000000080001758 (0x0015F593) andi x11, x11, 0x1                      common_Mexcpt_handler+40
x11 <- 0x0000000000000001

clint mtime 0x0000000000000220 (mip.MTI <- 0b1, mip.STI <- 0b0)
mem[X,0x000000008000175C] -> 0x8EE3
mem[X,0x000000008000175E] -> 0xF405
[1088] [M]: 0x000000008000175C (0xF4058EE3) beq x11, x0, -0xa4                      common_Mexcpt_handler+44

mem[X,0x0000000080001760] -> 0x0593
mem[X,0x0000000080001762] -> 0x2980
[1089] [M]: 0x0000000080001760 (0x29800593) addi x11, x0, 0x298                     common_Mexcpt_handler+48
x11 <- 0x0000000000000298

clint mtime 0x0000000000000221 (mip.MTI <- 0b1, mip.STI <- 0b0)
mem[X,0x0000000080001764] -> 0xF413
mem[X,0x0000000080001766] -> 0x0014
[1090] [M]: 0x0000000080001764 (0x0014F413) andi x8, x9, 0x1                        common_Mexcpt_handler+52
x8 <- 0x0000000000000000

mem[X,0x0000000080001768] -> 0x95B3
mem[X,0x000000008000176A] -> 0x0085
[1091] [M]: 0x0000000080001768 (0x008595B3) sll x11, x11, x8                        common_Mexcpt_handler+56
x11 <- 0x0000000000000298

clint mtime 0x0000000000000222 (mip.MTI <- 0b1, mip.STI <- 0b0)
mem[X,0x000000008000176C] -> 0x9413
mem[X,0x000000008000176E] -> 0x03D4
[1092] [M]: 0x000000008000176C (0x03D49413) slli x8, x9, 0x3d                       common_Mexcpt_handler+60
x8 <- 0x0000000000000000

mem[X,0x0000000080001770] -> 0x5413
mem[X,0x0000000080001772] -> 0x43F4
[1093] [M]: 0x0000000080001770 (0x43F45413) srai x8, x8, 0x3f                       common_Mexcpt_handler+64
x8 <- 0x0000000000000000

clint mtime 0x0000000000000223 (mip.MTI <- 0b1, mip.STI <- 0b0)
mem[X,0x0000000080001774] -> 0x4413
mem[X,0x0000000080001776] -> 0xFFF4
[1094] [M]: 0x0000000080001774 (0xFFF44413) xori x8, x8, -0x1                       common_Mexcpt_handler+68
x8 <- 0xFFFFFFFFFFFFFFFF

mem[X,0x0000000080001778] -> 0xF4B3
mem[X,0x000000008000177A] -> 0x0085
[1095] [M]: 0x0000000080001778 (0x0085F4B3) and x9, x11, x8                         common_Mexcpt_handler+72
x9 <- 0x0000000000000298

clint mtime 0x0000000000000224 (mip.MTI <- 0b1, mip.STI <- 0b0)
mem[X,0x000000008000177C] -> 0x84B3
mem[X,0x000000008000177E] -> 0x0024
[1096] [M]: 0x000000008000177C (0x002484B3) add x9, x9, x2                          vmem_adj_Mepc+0
x9 <- 0x0000000080004298

mem[X,0x0000000080001780] -> 0x23F3
mem[X,0x0000000080001782] -> 0x3410
[1097] [M]: 0x0000000080001780 (0x341023F3) csrrs x7, mepc, x0                      vmem_adj_Mepc+4
CSR mepc (0x341) -> 0xFFFFFF0080000D78
x7 <- 0xFFFFFF0080000D78

clint mtime 0x0000000000000225 (mip.MTI <- 0b1, mip.STI <- 0b0)
mem[X,0x0000000080001784] -> 0x0413
mem[X,0x0000000080001786] -> 0x0004
[1098] [M]: 0x0000000080001784 (0x00040413) addi x8, x8, 0x0                        vmem_adj_Mepc+8
x8 <- 0xFFFFFFFFFFFFFFFF

mem[X,0x0000000080001788] -> 0x006F
mem[X,0x000000008000178A] -> 0x0400
[1099] [M]: 0x0000000080001788 (0x0400006F) jal x0, 0x40                            vmem_adj_Mepc+12

clint mtime 0x0000000000000226 (mip.MTI <- 0b1, mip.STI <- 0b0)
mem[X,0x00000000800017C8] -> 0x8433
mem[X,0x00000000800017CA] -> 0x4083
[1100] [M]: 0x00000000800017C8 (0x40838433) sub x8, x7, x8                          adj_Mepc+0
x8 <- 0xFFFFFF0080000D79

mem[X,0x00000000800017CC] -> 0x3823
mem[X,0x00000000800017CE] -> 0x0083
[1101] [M]: 0x00000000800017CC (0x00833823) sd x8, 0x10(x6)                         sv_Mepc+0
mem[W,0x00000000800093A8] <- 0xFFFFFF0080000D79

clint mtime 0x0000000000000227 (mip.MTI <- 0b1, mip.STI <- 0b0)
mem[X,0x00000000800017D0] -> 0x55B7
mem[X,0x00000000800017D2] -> 0x0000
[1102] [M]: 0x00000000800017D0 (0x000055B7) lui x11, 0x5                            sv_Mepc+4
x11 <- 0x0000000000005000

mem[X,0x00000000800017D4] -> 0x8593
mem[X,0x00000000800017D6] -> 0x6675
[1103] [M]: 0x00000000800017D4 (0x66758593) addi x11, x11, 0x667                    sv_Mepc+8
x11 <- 0x0000000000005667

clint mtime 0x0000000000000228 (mip.MTI <- 0b1, mip.STI <- 0b0)
mem[X,0x00000000800017D8] -> 0x9593
mem[X,0x00000000800017DA] -> 0x0015
[1104] [M]: 0x00000000800017D8 (0x00159593) slli x11, x11, 0x1                      sv_Mepc+12
x11 <- 0x000000000000ACCE

mem[X,0x00000000800017DC] -> 0x9063
mem[X,0x00000000800017DE] -> 0x02B1
[1105] [M]: 0x00000000800017DC (0x02B19063) bne x3, x11, 0x20                       sv_Mepc+16

clint mtime 0x0000000000000229 (mip.MTI <- 0b1, mip.STI <- 0b0)
mem[X,0x00000000800017E0] -> 0x2473
mem[X,0x00000000800017E2] -> 0x3420
[1106] [M]: 0x00000000800017E0 (0x34202473) csrrs x8, mcause, x0                    sv_Mepc+20
CSR mcause (0x342) -> 0x0000000000000002
x8 <- 0x0000000000000002

mem[X,0x00000000800017E4] -> 0x0593
mem[X,0x00000000800017E6] -> 0x00C0
[1107] [M]: 0x00000000800017E4 (0x00C00593) addi x11, x0, 0xc                       sv_Mepc+24
x11 <- 0x000000000000000C

clint mtime 0x000000000000022A (mip.MTI <- 0b1, mip.STI <- 0b0)
mem[X,0x00000000800017E8] -> 0x0663
mem[X,0x00000000800017EA] -> 0x00B4
[1108] [M]: 0x00000000800017E8 (0x00B40663) beq x8, x11, 0xc                        sv_Mepc+28

mem[X,0x00000000800017EC] -> 0x0593
mem[X,0x00000000800017EE] -> 0x0010
[1109] [M]: 0x00000000800017EC (0x00100593) addi x11, x0, 0x1                       sv_Mepc+32
x11 <- 0x0000000000000001

clint mtime 0x000000000000022B (mip.MTI <- 0b1, mip.STI <- 0b0)
mem[X,0x00000000800017F0] -> 0x1663
mem[X,0x00000000800017F2] -> 0x00B4
[1110] [M]: 0x00000000800017F0 (0x00B41663) bne x8, x11, 0xc                        sv_Mepc+36

mem[X,0x00000000800017FC] -> 0xF593
mem[X,0x00000000800017FE] -> 0xFFC3
[1111] [M]: 0x00000000800017FC (0xFFC3F593) andi x11, x7, -0x4                      adj_Mepc_rtn+0
x11 <- 0xFFFFFF0080000D78

clint mtime 0x000000000000022C (mip.MTI <- 0b1, mip.STI <- 0b0)
mem[X,0x0000000080001800] -> 0x8593
mem[X,0x0000000080001802] -> 0x0085
[1112] [M]: 0x0000000080001800 (0x00858593) addi x11, x11, 0x8                      adj_Mepc_rtn+4
x11 <- 0xFFFFFF0080000D80

mem[X,0x0000000080001804] -> 0x9073
mem[X,0x0000000080001806] -> 0x3415
[1113] [M]: 0x0000000080001804 (0x34159073) csrrw x0, mepc, x11                     adj_Mepc_rtn+8
CSR mepc (0x341) <- 0xFFFFFF0080000D80

clint mtime 0x000000000000022D (mip.MTI <- 0b1, mip.STI <- 0b0)
mem[X,0x0000000080001808] -> 0x23F3
mem[X,0x000000008000180A] -> 0x3430
[1114] [M]: 0x0000000080001808 (0x343023F3) csrrs x7, mtval, x0                     skp_adj_Mepc+0
CSR mtval (0x343) -> 0x00000000341494F3
x7 <- 0x00000000341494F3

mem[X,0x000000008000180C] -> 0x0413
mem[X,0x000000008000180E] -> 0x0004
[1115] [M]: 0x000000008000180C (0x00040413) addi x8, x8, 0x0                        skp_adj_Mepc+4
x8 <- 0x0000000000000002

clint mtime 0x000000000000022E (mip.MTI <- 0b1, mip.STI <- 0b0)
mem[X,0x0000000080001810] -> 0x006F
mem[X,0x0000000080001812] -> 0x0840
[1116] [M]: 0x0000000080001810 (0x0840006F) jal x0, 0x84                            skp_adj_Mepc+8

mem[X,0x0000000080001894] -> 0x8433
mem[X,0x0000000080001896] -> 0x4083
[1117] [M]: 0x0000000080001894 (0x40838433) sub x8, x7, x8                          adj_Mtval+0
x8 <- 0x00000000341494F1

clint mtime 0x000000000000022F (mip.MTI <- 0b1, mip.STI <- 0b0)
mem[X,0x0000000080001898] -> 0x3C23
mem[X,0x000000008000189A] -> 0x0083
[1118] [M]: 0x0000000080001898 (0x00833C23) sd x8, 0x18(x6)                         sv_Mtval+0
mem[W,0x00000000800093B0] <- 0x00000000341494F1

mem[X,0x000000008000189C] -> 0x3483
mem[X,0x000000008000189E] -> 0x2181
[1119] [M]: 0x000000008000189C (0x21813483) ld x9, 0x218(x2)                        skp_Mtval+0
mem[R,0x0000000080004218] -> 0x00000000800093B8
x9 <- 0x00000000800093B8

clint mtime 0x0000000000000230 (mip.MTI <- 0b1, mip.STI <- 0b0)
mem[X,0x00000000800018A0] -> 0x3383
mem[X,0x00000000800018A2] -> 0x1F81
[1120] [M]: 0x00000000800018A0 (0x1F813383) ld x7, 0x1f8(x2)                        skp_Mtval+4
mem[R,0x00000000800041F8] -> 0x0000000080009110
x7 <- 0x0000000080009110

mem[X,0x00000000800018A4] -> 0x3303
mem[X,0x00000000800018A6] -> 0x2001
[1121] [M]: 0x00000000800018A4 (0x20013303) ld x6, 0x200(x2)                        skp_Mtval+8
mem[R,0x0000000080004200] -> 0x0000000000000410
x6 <- 0x0000000000000410

clint mtime 0x0000000000000231 (mip.MTI <- 0b1, mip.STI <- 0b0)
mem[X,0x00000000800018A8] -> 0x0333
mem[X,0x00000000800018AA] -> 0x0073
[1122] [M]: 0x00000000800018A8 (0x00730333) add x6, x6, x7                          skp_Mtval+12
x6 <- 0x0000000080009520

mem[X,0x00000000800018AC] -> 0x6AE3
mem[X,0x00000000800018AE] -> 0xAE93
[1123] [M]: 0x00000000800018AC (0xAE936AE3) bltu x6, x9, -0x50c                     skp_Mtval+16

clint mtime 0x0000000000000232 (mip.MTI <- 0b1, mip.STI <- 0b0)
mem[X,0x00000000800018B0] -> 0x0393
mem[X,0x00000000800018B2] -> 0x2000
[1124] [M]: 0x00000000800018B0 (0x20000393) addi x7, x0, 0x200                      skp_Mtval+20
x7 <- 0x0000000000000200

mem[X,0x00000000800018B4] -> 0x006F
mem[X,0x00000000800018B6] -> 0x0400
[1125] [M]: 0x00000000800018B4 (0x0400006F) jal x0, 0x40                            skp_Mtval+24

clint mtime 0x0000000000000233 (mip.MTI <- 0b1, mip.STI <- 0b0)
mem[X,0x00000000800018F4] -> 0x0417
mem[X,0x00000000800018F6] -> 0x0000
[1126] [M]: 0x00000000800018F4 (0x00000417) auipc x8, 0x0                           spcl_Mhandler+0
x8 <- 0x00000000800018F4

mem[X,0x00000000800018F8] -> 0x0413
mem[X,0x00000000800018FA] -> 0x03C4
[1127] [M]: 0x00000000800018F8 (0x03C40413) addi x8, x8, 0x3c                       spcl_Mhandler+4
x8 <- 0x0000000080001930

clint mtime 0x0000000000000234 (mip.MTI <- 0b1, mip.STI <- 0b0)
mem[X,0x00000000800018FC] -> 0x0433
mem[X,0x00000000800018FE] -> 0x0074
[1128] [M]: 0x00000000800018FC (0x00740433) add x8, x8, x7                          spcl_Mhandler+8
x8 <- 0x0000000080001B30

mem[X,0x0000000080001900] -> 0x1393
mem[X,0x0000000080001902] -> 0x0035
[1129] [M]: 0x0000000080001900 (0x00351393) slli x7, x10, 0x3                       spcl_Mhandler+12
x7 <- 0x0000000000000010

clint mtime 0x0000000000000235 (mip.MTI <- 0b1, mip.STI <- 0b0)
mem[X,0x0000000080001904] -> 0x0433
mem[X,0x0000000080001906] -> 0x0074
[1130] [M]: 0x0000000080001904 (0x00740433) add x8, x8, x7                          spcl_Mhandler+16
x8 <- 0x0000000080001B40

mem[X,0x0000000080001908] -> 0x7413
mem[X,0x000000008000190A] -> 0xFF84
[1131] [M]: 0x0000000080001908 (0xFF847413) andi x8, x8, -0x8                       spcl_Mhandler+20
x8 <- 0x0000000080001B40

clint mtime 0x0000000000000236 (mip.MTI <- 0b1, mip.STI <- 0b0)
mem[X,0x000000008000190C] -> 0x3403
mem[X,0x000000008000190E] -> 0x0004
[1132] [M]: 0x000000008000190C (0x00043403) ld x8, 0x0(x8)                          spcl_Mhandler+24
mem[R,0x0000000080001B40] -> 0x0000000000000005
x8 <- 0x0000000000000005

mem[X,0x0000000080001910] -> 0x02E3
mem[X,0x0000000080001912] -> 0xB204
[1133] [M]: 0x0000000080001910 (0xB20402E3) beq x8, x0, -0x4dc                      spcl_Mdispatch_hndling+0

clint mtime 0x0000000000000237 (mip.MTI <- 0b1, mip.STI <- 0b0)
mem[X,0x0000000080001914] -> 0x1393
mem[X,0x0000000080001916] -> 0x03F4
[1134] [M]: 0x0000000080001914 (0x03F41393) slli x7, x8, 0x3f                       spcl_Mdispatch_hndling+4
x7 <- 0x8000000000000000

mem[X,0x0000000080001918] -> 0xD863
mem[X,0x000000008000191A] -> 0x0003
[1135] [M]: 0x0000000080001918 (0x0003D863) bge x7, x0, 0x10                        spcl_Mdispatch_hndling+8

clint mtime 0x0000000000000238 (mip.MTI <- 0b1, mip.STI <- 0b0)
mem[X,0x000000008000191C] -> 0x5413
mem[X,0x000000008000191E] -> 0x0014
[1136] [M]: 0x000000008000191C (0x00145413) srli x8, x8, 0x1                        spcl_Mdispatch_hndling+12
x8 <- 0x0000000000000002

mem[X,0x0000000080001920] -> 0x0CE3
mem[X,0x0000000080001922] -> 0xF885
[1137] [M]: 0x0000000080001920 (0xF8850CE3) beq x10, x8, -0x68                      spcl_Mdispatch_hndling+16

clint mtime 0x0000000000000239 (mip.MTI <- 0b1, mip.STI <- 0b0)
mem[X,0x00000000800018B8] -> 0x3303
mem[X,0x00000000800018BA] -> 0x2601
[1138] [M]: 0x00000000800018B8 (0x26013303) ld x6, 0x260(x2)                        resto_Mrtn+0
mem[R,0x0000000080004260] -> 0xFFFFFFFF7FFFF40C
x6 <- 0xFFFFFFFF7FFFF40C

mem[X,0x00000000800018BC] -> 0x3383
mem[X,0x00000000800018BE] -> 0x2681
[1139] [M]: 0x00000000800018BC (0x26813383) ld x7, 0x268(x2)                        resto_Mrtn+4
mem[R,0x0000000080004268] -> 0x0000000080004000
x7 <- 0x0000000080004000

clint mtime 0x000000000000023A (mip.MTI <- 0b1, mip.STI <- 0b0)
mem[X,0x00000000800018C0] -> 0x3403
mem[X,0x00000000800018C2] -> 0x2701
[1140] [M]: 0x00000000800018C0 (0x27013403) ld x8, 0x270(x2)                        resto_Mrtn+8
mem[R,0x0000000080004270] -> 0x0000000000007F76
x8 <- 0x0000000000007F76

mem[X,0x00000000800018C4] -> 0x3483
mem[X,0x00000000800018C6] -> 0x2781
[1141] [M]: 0x00000000800018C4 (0x27813483) ld x9, 0x278(x2)                        resto_Mrtn+12
mem[R,0x0000000080004278] -> 0xFFFFFF000000017C
x9 <- 0xFFFFFF000000017C

clint mtime 0x000000000000023B (mip.MTI <- 0b1, mip.STI <- 0b0)
mem[X,0x00000000800018C8] -> 0x3503
mem[X,0x00000000800018CA] -> 0x2801
[1142] [M]: 0x00000000800018C8 (0x28013503) ld x10, 0x280(x2)                       resto_Mrtn+16
mem[R,0x0000000080004280] -> 0x00000000200000DF
x10 <- 0x00000000200000DF

mem[X,0x00000000800018CC] -> 0x3583
mem[X,0x00000000800018CE] -> 0x2881
[1143] [M]: 0x00000000800018CC (0x28813583) ld x11, 0x288(x2)                       resto_Mrtn+20
mem[R,0x0000000080004288] -> 0x00000000000000DF
x11 <- 0x00000000000000DF

clint mtime 0x000000000000023C (mip.MTI <- 0b1, mip.STI <- 0b0)
mem[X,0x00000000800018D0] -> 0x3103
mem[X,0x00000000800018D2] -> 0x2901
[1144] [M]: 0x00000000800018D0 (0x29013103) ld x2, 0x290(x2)                        resto_Mrtn+24
mem[R,0x0000000080004290] -> 0x0000000000000000
x2 <- 0x0000000000000000

mem[X,0x00000000800018D4] -> 0x0073
mem[X,0x00000000800018D6] -> 0x3020
[1145] [M]: 0x00000000800018D4 (0x30200073) mret                                    resto_Mrtn+28
CSR mstatus (0x300) <- 0x0000000A00000080
ret-ing from M to U

clint mtime 0x000000000000023D (mip.MTI <- 0b1, mip.STI <- 0b0)
mem[X,0x0000000080000D80] -> 0x0793
mem[X,0x0000000080000D82] -> 0x4000
[1146] [U]: 0xFFFFFF0080000D80 (0x40000793) addi x15, x0, 0x400                     va_rvtest_code_begin+1476
x15 <- 0x0000000000000400

mem[X,0x0000000080000D84] -> 0x0613
mem[X,0x0000000080000D86] -> 0x0106
[1147] [U]: 0xFFFFFF0080000D84 (0x01060613) addi x12, x12, 0x10                     va_rvtest_code_begin+1480
x12 <- 0x0000000000000020

clint mtime 0x000000000000023E (mip.MTI <- 0b1, mip.STI <- 0b0)
mem[X,0x0000000080000D88] -> 0xAA23
mem[X,0x0000000080000D8A] -> 0x00C7
[1148] [U]: 0xFFFFFF0080000D88 (0x00C7AA23) sw x12, 0x14(x15)                       va_rvtest_code_begin+1484
PTW: Start, vpn=0x0, access_type=W, privilege=Umem[R,0x0000000080008000] -> 0x0000000020001C01
PTW: Step, level=3, pte=0x20001C01, pte_addr=0x80008000
PTW: Start, vpn=0x0, access_type=W, privilege=UPTW: failed, error=mem-access-error, level=2, pte_addr=0x80007000
trapping from U to M to handle store/amo-access-fault
handling exc#store/amo-access-fault at priv M with tval 0x0000000000000414
CSR mstatus (0x300) <- 0x0000000A00000000
CSR mcause (0x342) <- 0x0000000000000007
CSR mtval (0x343) <- 0x0000000000000414
CSR mepc (0x341) <- 0xFFFFFF0080000D88

mem[X,0x0000000080001480] -> 0x006F
mem[X,0x0000000080001482] -> 0x1000
[1149] [M]: 0x0000000080001480 (0x1000006F) jal x0, 0x100                           Mtrampoline+0

clint mtime 0x000000000000023F (mip.MTI <- 0b1, mip.STI <- 0b0)
mem[X,0x0000000080001580] -> 0x1173
mem[X,0x0000000080001582] -> 0x3401
[1150] [M]: 0x0000000080001580 (0x34011173) csrrw x2, mscratch, x2                  trap_Mhandler+0
CSR mscratch (0x340) <- 0x0000000000000000
x2 <- 0x0000000080004000

mem[X,0x0000000080001584] -> 0x3423
mem[X,0x0000000080001586] -> 0x28B1
[1151] [M]: 0x0000000080001584 (0x28B13423) sd x11, 0x288(x2)                       trap_Mhandler+4
mem[W,0x0000000080004288] <- 0x00000000000000DF

clint mtime 0x0000000000000240 (mip.MTI <- 0b1, mip.STI <- 0b0)
mem[X,0x0000000080001588] -> 0x05EF
mem[X,0x000000008000158A] -> 0x0B80
[1152] [M]: 0x0000000080001588 (0x0B8005EF) jal x11, 0xb8                           trap_Mhandler+8
x11 <- 0x000000008000158C

mem[X,0x0000000080001640] -> 0x3023
mem[X,0x0000000080001642] -> 0x28A1
[1153] [M]: 0x0000000080001640 (0x28A13023) sd x10, 0x280(x2)                       common_Mhandler+0
mem[W,0x0000000080004280] <- 0x00000000200000DF

clint mtime 0x0000000000000241 (mip.MTI <- 0b1, mip.STI <- 0b0)
mem[X,0x0000000080001644] -> 0x1573
mem[X,0x0000000080001646] -> 0x3401
[1154] [M]: 0x0000000080001644 (0x34011573) csrrw x10, mscratch, x2                 common_Mhandler+4
CSR mscratch (0x340) <- 0x0000000080004000
x10 <- 0x0000000000000000

mem[X,0x0000000080001648] -> 0x3823
mem[X,0x000000008000164A] -> 0x28A1
[1155] [M]: 0x0000000080001648 (0x28A13823) sd x10, 0x290(x2)                       common_Mhandler+8
mem[W,0x0000000080004290] <- 0x0000000000000000

clint mtime 0x0000000000000242 (mip.MTI <- 0b1, mip.STI <- 0b0)
mem[X,0x000000008000164C] -> 0x3503
mem[X,0x000000008000164E] -> 0x2301
[1156] [M]: 0x000000008000164C (0x23013503) ld x10, 0x230(x2)                       common_Mhandler+12
mem[R,0x0000000080004230] -> 0x0000000080001654
x10 <- 0x0000000080001654

mem[X,0x0000000080001650] -> 0x0067
mem[X,0x0000000080001652] -> 0x0005
[1157] [M]: 0x0000000080001650 (0x00050067) jalr x0, 0x0(x10)                       common_Mhandler+16

clint mtime 0x0000000000000243 (mip.MTI <- 0b1, mip.STI <- 0b0)
mem[X,0x0000000080001654] -> 0x3C23
mem[X,0x0000000080001656] -> 0x2691
[1158] [M]: 0x0000000080001654 (0x26913C23) sd x9, 0x278(x2)                        common_Mentry+0
mem[W,0x0000000080004278] <- 0xFFFFFF000000017C

mem[X,0x0000000080001658] -> 0x3823
mem[X,0x000000008000165A] -> 0x2681
[1159] [M]: 0x0000000080001658 (0x26813823) sd x8, 0x270(x2)                        common_Mentry+4
mem[W,0x0000000080004270] <- 0x0000000000007F76

clint mtime 0x0000000000000244 (mip.MTI <- 0b1, mip.STI <- 0b0)
mem[X,0x000000008000165C] -> 0x3423
mem[X,0x000000008000165E] -> 0x2671
[1160] [M]: 0x000000008000165C (0x26713423) sd x7, 0x268(x2)                        common_Mentry+8
mem[W,0x0000000080004268] <- 0x0000000080004000

mem[X,0x0000000080001660] -> 0x3023
mem[X,0x0000000080001662] -> 0x2661
[1161] [M]: 0x0000000080001660 (0x26613023) sd x6, 0x260(x2)                        common_Mentry+12
mem[W,0x0000000080004260] <- 0xFFFFFFFF7FFFF40C

clint mtime 0x0000000000000245 (mip.MTI <- 0b1, mip.STI <- 0b0)
mem[X,0x0000000080001664] -> 0x2573
mem[X,0x0000000080001666] -> 0x3420
[1162] [M]: 0x0000000080001664 (0x34202573) csrrs x10, mcause, x0                   spcl_M2mmode_test+0
CSR mcause (0x342) -> 0x0000000000000007
x10 <- 0x0000000000000007

mem[X,0x0000000080001668] -> 0x04B7
mem[X,0x000000008000166A] -> 0x8000
[1163] [M]: 0x0000000080001668 (0x800004B7) lui x9, -0x80000                        spcl_M2mmode_test+4
x9 <- 0xFFFFFFFF80000000

clint mtime 0x0000000000000246 (mip.MTI <- 0b1, mip.STI <- 0b0)
mem[X,0x000000008000166C] -> 0x8493
mem[X,0x000000008000166E] -> 0x0004
[1164] [M]: 0x000000008000166C (0x00048493) addi x9, x9, 0x0                        spcl_M2mmode_test+8
x9 <- 0xFFFFFFFF80000000

mem[X,0x0000000080001670] -> 0x9493
mem[X,0x0000000080001672] -> 0x00B4
[1165] [M]: 0x0000000080001670 (0x00B49493) slli x9, x9, 0xb                        spcl_M2mmode_test+12
x9 <- 0xFFFFFC0000000000

clint mtime 0x0000000000000247 (mip.MTI <- 0b1, mip.STI <- 0b0)
mem[X,0x0000000080001674] -> 0x8493
mem[X,0x0000000080001676] -> 0x0004
[1166] [M]: 0x0000000080001674 (0x00048493) addi x9, x9, 0x0                        spcl_M2mmode_test+16
x9 <- 0xFFFFFC0000000000

mem[X,0x0000000080001678] -> 0x9493
mem[X,0x000000008000167A] -> 0x00B4
[1167] [M]: 0x0000000080001678 (0x00B49493) slli x9, x9, 0xb                        spcl_M2mmode_test+20
x9 <- 0xFFE0000000000000

clint mtime 0x0000000000000248 (mip.MTI <- 0b1, mip.STI <- 0b0)
mem[X,0x000000008000167C] -> 0x8493
mem[X,0x000000008000167E] -> 0x0034
[1168] [M]: 0x000000008000167C (0x00348493) addi x9, x9, 0x3                        spcl_M2mmode_test+24
x9 <- 0xFFE0000000000003

mem[X,0x0000000080001680] -> 0x9493
mem[X,0x0000000080001682] -> 0x00A4
[1169] [M]: 0x0000000080001680 (0x00A49493) slli x9, x9, 0xa                        spcl_M2mmode_test+28
x9 <- 0x8000000000000C00

clint mtime 0x0000000000000249 (mip.MTI <- 0b1, mip.STI <- 0b0)
mem[X,0x0000000080001684] -> 0x8493
mem[X,0x0000000080001686] -> 0x3FC4
[1170] [M]: 0x0000000080001684 (0x3FC48493) addi x9, x9, 0x3fc                      spcl_M2mmode_test+32
x9 <- 0x8000000000000FFC

mem[X,0x0000000080001688] -> 0xF4B3
mem[X,0x000000008000168A] -> 0x00A4
[1171] [M]: 0x0000000080001688 (0x00A4F4B3) and x9, x9, x10                         spcl_M2mmode_test+36
x9 <- 0x0000000000000004

clint mtime 0x000000000000024A (mip.MTI <- 0b1, mip.STI <- 0b0)
mem[X,0x000000008000168C] -> 0x8493
mem[X,0x000000008000168E] -> 0xFF84
[1172] [M]: 0x000000008000168C (0xFF848493) addi x9, x9, -0x8                       spcl_M2mmode_test+40
x9 <- 0xFFFFFFFFFFFFFFFC

mem[X,0x0000000080001690] -> 0x9663
mem[X,0x0000000080001692] -> 0x0004
[1173] [M]: 0x0000000080001690 (0x00049663) bne x9, x0, 0xc                         spcl_M2mmode_test+44

clint mtime 0x000000000000024B (mip.MTI <- 0b1, mip.STI <- 0b0)
mem[X,0x000000008000169C] -> 0x0393
mem[X,0x000000008000169E] -> 0x0200
[1174] [M]: 0x000000008000169C (0x02000393) addi x7, x0, 0x20                       Mtrapsig_ptr_upd+0
x7 <- 0x0000000000000020

mem[X,0x00000000800016A0] -> 0x5263
mem[X,0x00000000800016A2] -> 0x0405
[1175] [M]: 0x00000000800016A0 (0x04055263) bge x10, x0, 0x44                       Mtrapsig_ptr_upd+4

clint mtime 0x000000000000024C (mip.MTI <- 0b1, mip.STI <- 0b0)
mem[X,0x00000000800016E4] -> 0x2373
mem[X,0x00000000800016E6] -> 0x3010
[1176] [M]: 0x00000000800016E4 (0x30102373) csrrs x6, misa, x0                      Mxcpt_sig_sv+0
CSR misa (0x301) -> 0x800000000034112F
x6 <- 0x800000000034112F

mem[X,0x00000000800016E8] -> 0x1313
mem[X,0x00000000800016EA] -> 0x0383
[1177] [M]: 0x00000000800016E8 (0x03831313) slli x6, x6, 0x38                       Mxcpt_sig_sv+4
x6 <- 0x2F00000000000000

clint mtime 0x000000000000024D (mip.MTI <- 0b1, mip.STI <- 0b0)
mem[X,0x00000000800016EC] -> 0x5463
mem[X,0x00000000800016EE] -> 0x0003
[1178] [M]: 0x00000000800016EC (0x00035463) bge x6, x0, 0x8                         Mxcpt_sig_sv+8

mem[X,0x00000000800016F4] -> 0x3303
mem[X,0x00000000800016F6] -> 0x2181
[1179] [M]: 0x00000000800016F4 (0x21813303) ld x6, 0x218(x2)                        Mtrap_sig_sv+0
mem[R,0x0000000080004218] -> 0x00000000800093B8
x6 <- 0x00000000800093B8

clint mtime 0x000000000000024E (mip.MTI <- 0b1, mip.STI <- 0b0)
mem[X,0x00000000800016F8] -> 0x04B3
mem[X,0x00000000800016FA] -> 0x0073
[1180] [M]: 0x00000000800016F8 (0x007304B3) add x9, x6, x7                          Mtrap_sig_sv+4
x9 <- 0x00000000800093D8

mem[X,0x00000000800016FC] -> 0x3C23
mem[X,0x00000000800016FE] -> 0x2091
[1181] [M]: 0x00000000800016FC (0x20913C23) sd x9, 0x218(x2)                        Mtrap_sig_sv+8
mem[W,0x0000000080004218] <- 0x00000000800093D8

clint mtime 0x000000000000024F (mip.MTI <- 0b1, mip.STI <- 0b0)
mem[X,0x0000000080001700] -> 0x3403
mem[X,0x0000000080001702] -> 0x1F81
[1182] [M]: 0x0000000080001700 (0x1F813403) ld x8, 0x1f8(x2)                        Mtrap_sig_sv+12
mem[R,0x00000000800041F8] -> 0x0000000080009110
x8 <- 0x0000000080009110

mem[X,0x0000000080001704] -> 0x0333
mem[X,0x0000000080001706] -> 0x4083
[1183] [M]: 0x0000000080001704 (0x40830333) sub x6, x6, x8                          Mtrap_sig_sv+16
x6 <- 0x00000000000002A8

clint mtime 0x0000000000000250 (mip.MTI <- 0b1, mip.STI <- 0b0)
mem[X,0x0000000080001708] -> 0x3403
mem[X,0x000000008000170A] -> 0x1F81
[1184] [M]: 0x0000000080001708 (0x1F813403) ld x8, 0x1f8(x2)                        Mtrap_sig_sv+20
mem[R,0x00000000800041F8] -> 0x0000000080009110
x8 <- 0x0000000080009110

mem[X,0x000000008000170C] -> 0x0333
mem[X,0x000000008000170E] -> 0x0083
[1185] [M]: 0x000000008000170C (0x00830333) add x6, x6, x8                          Mtrap_sig_sv+24
x6 <- 0x00000000800093B8

clint mtime 0x0000000000000251 (mip.MTI <- 0b1, mip.STI <- 0b0)
mem[X,0x0000000080001710] -> 0x3403
mem[X,0x0000000080001712] -> 0x2401
[1186] [M]: 0x0000000080001710 (0x24013403) ld x8, 0x240(x2)                        Mtrap_sig_sv+28
mem[R,0x0000000080004240] -> 0x0000000080001480
x8 <- 0x0000000080001480

mem[X,0x0000000080001714] -> 0x85B3
mem[X,0x0000000080001716] -> 0x4085
[1187] [M]: 0x0000000080001714 (0x408585B3) sub x11, x11, x8                        sv_Mvect+0
x11 <- 0x000000000000010C

clint mtime 0x0000000000000252 (mip.MTI <- 0b1, mip.STI <- 0b0)
mem[X,0x0000000080001718] -> 0x9593
mem[X,0x000000008000171A] -> 0x0045
[1188] [M]: 0x0000000080001718 (0x00459593) slli x11, x11, 0x4                      sv_Mvect+4
x11 <- 0x00000000000010C0

mem[X,0x000000008000171C] -> 0xE5B3
mem[X,0x000000008000171E] -> 0x0075
[1189] [M]: 0x000000008000171C (0x0075E5B3) or x11, x11, x7                         sv_Mvect+8
x11 <- 0x00000000000010E0

clint mtime 0x0000000000000253 (mip.MTI <- 0b1, mip.STI <- 0b0)
mem[X,0x0000000080001720] -> 0x8593
mem[X,0x0000000080001722] -> 0x0035
[1190] [M]: 0x0000000080001720 (0x00358593) addi x11, x11, 0x3                      sv_Mvect+12
x11 <- 0x00000000000010E3

mem[X,0x0000000080001724] -> 0x3023
mem[X,0x0000000080001726] -> 0x00B3
[1191] [M]: 0x0000000080001724 (0x00B33023) sd x11, 0x0(x6)                         sv_Mvect+16
mem[W,0x00000000800093B8] <- 0x00000000000010E3

clint mtime 0x0000000000000254 (mip.MTI <- 0b1, mip.STI <- 0b0)
mem[X,0x0000000080001728] -> 0x3423
mem[X,0x000000008000172A] -> 0x00A3
[1192] [M]: 0x0000000080001728 (0x00A33423) sd x10, 0x8(x6)                         sv_Mcause+0
mem[W,0x00000000800093C0] <- 0x0000000000000007

mem[X,0x000000008000172C] -> 0x4663
mem[X,0x000000008000172E] -> 0x1A05
[1193] [M]: 0x000000008000172C (0x1A054663) blt x10, x0, 0x1ac                      sv_Mcause+4

clint mtime 0x0000000000000255 (mip.MTI <- 0b1, mip.STI <- 0b0)
mem[X,0x0000000080001730] -> 0x25F3
mem[X,0x0000000080001732] -> 0x3000
[1194] [M]: 0x0000000080001730 (0x300025F3) csrrs x11, mstatus, x0                  common_Mexcpt_handler+0
CSR mstatus (0x300) -> 0x0000000A00000000
x11 <- 0x0000000A00000000

mem[X,0x0000000080001734] -> 0x9413
mem[X,0x0000000080001736] -> 0x02E5
[1195] [M]: 0x0000000080001734 (0x02E59413) slli x8, x11, 0x2e                      common_Mexcpt_handler+4
x8 <- 0x0000000000000000

clint mtime 0x0000000000000256 (mip.MTI <- 0b1, mip.STI <- 0b0)
mem[X,0x0000000080001738] -> 0x5463
mem[X,0x000000008000173A] -> 0x0004
[1196] [M]: 0x0000000080001738 (0x00045463) bge x8, x0, 0x8                         common_Mexcpt_handler+8

mem[X,0x0000000080001740] -> 0xD493
mem[X,0x0000000080001742] -> 0x00B5
[1197] [M]: 0x0000000080001740 (0x00B5D493) srli x9, x11, 0xb                       common_Mexcpt_handler+16
x9 <- 0x0000000001400000

clint mtime 0x0000000000000257 (mip.MTI <- 0b1, mip.STI <- 0b0)
mem[X,0x0000000080001744] -> 0xF493
mem[X,0x0000000080001746] -> 0x0034
[1198] [M]: 0x0000000080001744 (0x0034F493) andi x9, x9, 0x3                        common_Mexcpt_handler+20
x9 <- 0x0000000000000000

mem[X,0x0000000080001748] -> 0x8493
mem[X,0x000000008000174A] -> 0x0014
[1199] [M]: 0x0000000080001748 (0x00148493) addi x9, x9, 0x1                        common_Mexcpt_handler+24
x9 <- 0x0000000000000001

clint mtime 0x0000000000000258 (mip.MTI <- 0b1, mip.STI <- 0b0)
mem[X,0x000000008000174C] -> 0xF493
mem[X,0x000000008000174E] -> 0x0044
[1200] [M]: 0x000000008000174C (0x0044F493) andi x9, x9, 0x4                        common_Mexcpt_handler+28
x9 <- 0x0000000000000000

mem[X,0x0000000080001750] -> 0x0593
mem[X,0x0000000080001752] -> 0x05D0
[1201] [M]: 0x0000000080001750 (0x05D00593) addi x11, x0, 0x5d                      common_Mexcpt_handler+32
x11 <- 0x000000000000005D

clint mtime 0x0000000000000259 (mip.MTI <- 0b1, mip.STI <- 0b0)
mem[X,0x0000000080001754] -> 0xD5B3
mem[X,0x0000000080001756] -> 0x0095
[1202] [M]: 0x0000000080001754 (0x0095D5B3) srl x11, x11, x9                        common_Mexcpt_handler+36
x11 <- 0x000000000000005D

mem[X,0x0000000080001758] -> 0xF593
mem[X,0x000000008000175A] -> 0x0015
[1203] [M]: 0x0000000080001758 (0x0015F593) andi x11, x11, 0x1                      common_Mexcpt_handler+40
x11 <- 0x0000000000000001

clint mtime 0x000000000000025A (mip.MTI <- 0b1, mip.STI <- 0b0)
mem[X,0x000000008000175C] -> 0x8EE3
mem[X,0x000000008000175E] -> 0xF405
[1204] [M]: 0x000000008000175C (0xF4058EE3) beq x11, x0, -0xa4                      common_Mexcpt_handler+44

mem[X,0x0000000080001760] -> 0x0593
mem[X,0x0000000080001762] -> 0x2980
[1205] [M]: 0x0000000080001760 (0x29800593) addi x11, x0, 0x298                     common_Mexcpt_handler+48
x11 <- 0x0000000000000298

clint mtime 0x000000000000025B (mip.MTI <- 0b1, mip.STI <- 0b0)
mem[X,0x0000000080001764] -> 0xF413
mem[X,0x0000000080001766] -> 0x0014
[1206] [M]: 0x0000000080001764 (0x0014F413) andi x8, x9, 0x1                        common_Mexcpt_handler+52
x8 <- 0x0000000000000000

mem[X,0x0000000080001768] -> 0x95B3
mem[X,0x000000008000176A] -> 0x0085
[1207] [M]: 0x0000000080001768 (0x008595B3) sll x11, x11, x8                        common_Mexcpt_handler+56
x11 <- 0x0000000000000298

clint mtime 0x000000000000025C (mip.MTI <- 0b1, mip.STI <- 0b0)
mem[X,0x000000008000176C] -> 0x9413
mem[X,0x000000008000176E] -> 0x03D4
[1208] [M]: 0x000000008000176C (0x03D49413) slli x8, x9, 0x3d                       common_Mexcpt_handler+60
x8 <- 0x0000000000000000

mem[X,0x0000000080001770] -> 0x5413
mem[X,0x0000000080001772] -> 0x43F4
[1209] [M]: 0x0000000080001770 (0x43F45413) srai x8, x8, 0x3f                       common_Mexcpt_handler+64
x8 <- 0x0000000000000000

clint mtime 0x000000000000025D (mip.MTI <- 0b1, mip.STI <- 0b0)
mem[X,0x0000000080001774] -> 0x4413
mem[X,0x0000000080001776] -> 0xFFF4
[1210] [M]: 0x0000000080001774 (0xFFF44413) xori x8, x8, -0x1                       common_Mexcpt_handler+68
x8 <- 0xFFFFFFFFFFFFFFFF

mem[X,0x0000000080001778] -> 0xF4B3
mem[X,0x000000008000177A] -> 0x0085
[1211] [M]: 0x0000000080001778 (0x0085F4B3) and x9, x11, x8                         common_Mexcpt_handler+72
x9 <- 0x0000000000000298

clint mtime 0x000000000000025E (mip.MTI <- 0b1, mip.STI <- 0b0)
mem[X,0x000000008000177C] -> 0x84B3
mem[X,0x000000008000177E] -> 0x0024
[1212] [M]: 0x000000008000177C (0x002484B3) add x9, x9, x2                          vmem_adj_Mepc+0
x9 <- 0x0000000080004298

mem[X,0x0000000080001780] -> 0x23F3
mem[X,0x0000000080001782] -> 0x3410
[1213] [M]: 0x0000000080001780 (0x341023F3) csrrs x7, mepc, x0                      vmem_adj_Mepc+4
CSR mepc (0x341) -> 0xFFFFFF0080000D88
x7 <- 0xFFFFFF0080000D88

clint mtime 0x000000000000025F (mip.MTI <- 0b1, mip.STI <- 0b0)
mem[X,0x0000000080001784] -> 0x0413
mem[X,0x0000000080001786] -> 0x0004
[1214] [M]: 0x0000000080001784 (0x00040413) addi x8, x8, 0x0                        vmem_adj_Mepc+8
x8 <- 0xFFFFFFFFFFFFFFFF

mem[X,0x0000000080001788] -> 0x006F
mem[X,0x000000008000178A] -> 0x0400
[1215] [M]: 0x0000000080001788 (0x0400006F) jal x0, 0x40                            vmem_adj_Mepc+12

clint mtime 0x0000000000000260 (mip.MTI <- 0b1, mip.STI <- 0b0)
mem[X,0x00000000800017C8] -> 0x8433
mem[X,0x00000000800017CA] -> 0x4083
[1216] [M]: 0x00000000800017C8 (0x40838433) sub x8, x7, x8                          adj_Mepc+0
x8 <- 0xFFFFFF0080000D89

mem[X,0x00000000800017CC] -> 0x3823
mem[X,0x00000000800017CE] -> 0x0083
[1217] [M]: 0x00000000800017CC (0x00833823) sd x8, 0x10(x6)                         sv_Mepc+0
mem[W,0x00000000800093C8] <- 0xFFFFFF0080000D89

clint mtime 0x0000000000000261 (mip.MTI <- 0b1, mip.STI <- 0b0)
mem[X,0x00000000800017D0] -> 0x55B7
mem[X,0x00000000800017D2] -> 0x0000
[1218] [M]: 0x00000000800017D0 (0x000055B7) lui x11, 0x5                            sv_Mepc+4
x11 <- 0x0000000000005000

mem[X,0x00000000800017D4] -> 0x8593
mem[X,0x00000000800017D6] -> 0x6675
[1219] [M]: 0x00000000800017D4 (0x66758593) addi x11, x11, 0x667                    sv_Mepc+8
x11 <- 0x0000000000005667

clint mtime 0x0000000000000262 (mip.MTI <- 0b1, mip.STI <- 0b0)
mem[X,0x00000000800017D8] -> 0x9593
mem[X,0x00000000800017DA] -> 0x0015
[1220] [M]: 0x00000000800017D8 (0x00159593) slli x11, x11, 0x1                      sv_Mepc+12
x11 <- 0x000000000000ACCE

mem[X,0x00000000800017DC] -> 0x9063
mem[X,0x00000000800017DE] -> 0x02B1
[1221] [M]: 0x00000000800017DC (0x02B19063) bne x3, x11, 0x20                       sv_Mepc+16

clint mtime 0x0000000000000263 (mip.MTI <- 0b1, mip.STI <- 0b0)
mem[X,0x00000000800017E0] -> 0x2473
mem[X,0x00000000800017E2] -> 0x3420
[1222] [M]: 0x00000000800017E0 (0x34202473) csrrs x8, mcause, x0                    sv_Mepc+20
CSR mcause (0x342) -> 0x0000000000000007
x8 <- 0x0000000000000007

mem[X,0x00000000800017E4] -> 0x0593
mem[X,0x00000000800017E6] -> 0x00C0
[1223] [M]: 0x00000000800017E4 (0x00C00593) addi x11, x0, 0xc                       sv_Mepc+24
x11 <- 0x000000000000000C

clint mtime 0x0000000000000264 (mip.MTI <- 0b1, mip.STI <- 0b0)
mem[X,0x00000000800017E8] -> 0x0663
mem[X,0x00000000800017EA] -> 0x00B4
[1224] [M]: 0x00000000800017E8 (0x00B40663) beq x8, x11, 0xc                        sv_Mepc+28

mem[X,0x00000000800017EC] -> 0x0593
mem[X,0x00000000800017EE] -> 0x0010
[1225] [M]: 0x00000000800017EC (0x00100593) addi x11, x0, 0x1                       sv_Mepc+32
x11 <- 0x0000000000000001

clint mtime 0x0000000000000265 (mip.MTI <- 0b1, mip.STI <- 0b0)
mem[X,0x00000000800017F0] -> 0x1663
mem[X,0x00000000800017F2] -> 0x00B4
[1226] [M]: 0x00000000800017F0 (0x00B41663) bne x8, x11, 0xc                        sv_Mepc+36

mem[X,0x00000000800017FC] -> 0xF593
mem[X,0x00000000800017FE] -> 0xFFC3
[1227] [M]: 0x00000000800017FC (0xFFC3F593) andi x11, x7, -0x4                      adj_Mepc_rtn+0
x11 <- 0xFFFFFF0080000D88

clint mtime 0x0000000000000266 (mip.MTI <- 0b1, mip.STI <- 0b0)
mem[X,0x0000000080001800] -> 0x8593
mem[X,0x0000000080001802] -> 0x0085
[1228] [M]: 0x0000000080001800 (0x00858593) addi x11, x11, 0x8                      adj_Mepc_rtn+4
x11 <- 0xFFFFFF0080000D90

mem[X,0x0000000080001804] -> 0x9073
mem[X,0x0000000080001806] -> 0x3415
[1229] [M]: 0x0000000080001804 (0x34159073) csrrw x0, mepc, x11                     adj_Mepc_rtn+8
CSR mepc (0x341) <- 0xFFFFFF0080000D90

clint mtime 0x0000000000000267 (mip.MTI <- 0b1, mip.STI <- 0b0)
mem[X,0x0000000080001808] -> 0x23F3
mem[X,0x000000008000180A] -> 0x3430
[1230] [M]: 0x0000000080001808 (0x343023F3) csrrs x7, mtval, x0                     skp_adj_Mepc+0
CSR mtval (0x343) -> 0x0000000000000414
x7 <- 0x0000000000000414

mem[X,0x000000008000180C] -> 0x0413
mem[X,0x000000008000180E] -> 0x0004
[1231] [M]: 0x000000008000180C (0x00040413) addi x8, x8, 0x0                        skp_adj_Mepc+4
x8 <- 0x0000000000000007

clint mtime 0x0000000000000268 (mip.MTI <- 0b1, mip.STI <- 0b0)
mem[X,0x0000000080001810] -> 0x006F
mem[X,0x0000000080001812] -> 0x0840
[1232] [M]: 0x0000000080001810 (0x0840006F) jal x0, 0x84                            skp_adj_Mepc+8

mem[X,0x0000000080001894] -> 0x8433
mem[X,0x0000000080001896] -> 0x4083
[1233] [M]: 0x0000000080001894 (0x40838433) sub x8, x7, x8                          adj_Mtval+0
x8 <- 0x000000000000040D

clint mtime 0x0000000000000269 (mip.MTI <- 0b1, mip.STI <- 0b0)
mem[X,0x0000000080001898] -> 0x3C23
mem[X,0x000000008000189A] -> 0x0083
[1234] [M]: 0x0000000080001898 (0x00833C23) sd x8, 0x18(x6)                         sv_Mtval+0
mem[W,0x00000000800093D0] <- 0x000000000000040D

mem[X,0x000000008000189C] -> 0x3483
mem[X,0x000000008000189E] -> 0x2181
[1235] [M]: 0x000000008000189C (0x21813483) ld x9, 0x218(x2)                        skp_Mtval+0
mem[R,0x0000000080004218] -> 0x00000000800093D8
x9 <- 0x00000000800093D8

clint mtime 0x000000000000026A (mip.MTI <- 0b1, mip.STI <- 0b0)
mem[X,0x00000000800018A0] -> 0x3383
mem[X,0x00000000800018A2] -> 0x1F81
[1236] [M]: 0x00000000800018A0 (0x1F813383) ld x7, 0x1f8(x2)                        skp_Mtval+4
mem[R,0x00000000800041F8] -> 0x0000000080009110
x7 <- 0x0000000080009110

mem[X,0x00000000800018A4] -> 0x3303
mem[X,0x00000000800018A6] -> 0x2001
[1237] [M]: 0x00000000800018A4 (0x20013303) ld x6, 0x200(x2)                        skp_Mtval+8
mem[R,0x0000000080004200] -> 0x0000000000000410
x6 <- 0x0000000000000410

clint mtime 0x000000000000026B (mip.MTI <- 0b1, mip.STI <- 0b0)
mem[X,0x00000000800018A8] -> 0x0333
mem[X,0x00000000800018AA] -> 0x0073
[1238] [M]: 0x00000000800018A8 (0x00730333) add x6, x6, x7                          skp_Mtval+12
x6 <- 0x0000000080009520

mem[X,0x00000000800018AC] -> 0x6AE3
mem[X,0x00000000800018AE] -> 0xAE93
[1239] [M]: 0x00000000800018AC (0xAE936AE3) bltu x6, x9, -0x50c                     skp_Mtval+16

clint mtime 0x000000000000026C (mip.MTI <- 0b1, mip.STI <- 0b0)
mem[X,0x00000000800018B0] -> 0x0393
mem[X,0x00000000800018B2] -> 0x2000
[1240] [M]: 0x00000000800018B0 (0x20000393) addi x7, x0, 0x200                      skp_Mtval+20
x7 <- 0x0000000000000200

mem[X,0x00000000800018B4] -> 0x006F
mem[X,0x00000000800018B6] -> 0x0400
[1241] [M]: 0x00000000800018B4 (0x0400006F) jal x0, 0x40                            skp_Mtval+24

clint mtime 0x000000000000026D (mip.MTI <- 0b1, mip.STI <- 0b0)
mem[X,0x00000000800018F4] -> 0x0417
mem[X,0x00000000800018F6] -> 0x0000
[1242] [M]: 0x00000000800018F4 (0x00000417) auipc x8, 0x0                           spcl_Mhandler+0
x8 <- 0x00000000800018F4

mem[X,0x00000000800018F8] -> 0x0413
mem[X,0x00000000800018FA] -> 0x03C4
[1243] [M]: 0x00000000800018F8 (0x03C40413) addi x8, x8, 0x3c                       spcl_Mhandler+4
x8 <- 0x0000000080001930

clint mtime 0x000000000000026E (mip.MTI <- 0b1, mip.STI <- 0b0)
mem[X,0x00000000800018FC] -> 0x0433
mem[X,0x00000000800018FE] -> 0x0074
[1244] [M]: 0x00000000800018FC (0x00740433) add x8, x8, x7                          spcl_Mhandler+8
x8 <- 0x0000000080001B30

mem[X,0x0000000080001900] -> 0x1393
mem[X,0x0000000080001902] -> 0x0035
[1245] [M]: 0x0000000080001900 (0x00351393) slli x7, x10, 0x3                       spcl_Mhandler+12
x7 <- 0x0000000000000038

clint mtime 0x000000000000026F (mip.MTI <- 0b1, mip.STI <- 0b0)
mem[X,0x0000000080001904] -> 0x0433
mem[X,0x0000000080001906] -> 0x0074
[1246] [M]: 0x0000000080001904 (0x00740433) add x8, x8, x7                          spcl_Mhandler+16
x8 <- 0x0000000080001B68

mem[X,0x0000000080001908] -> 0x7413
mem[X,0x000000008000190A] -> 0xFF84
[1247] [M]: 0x0000000080001908 (0xFF847413) andi x8, x8, -0x8                       spcl_Mhandler+20
x8 <- 0x0000000080001B68

clint mtime 0x0000000000000270 (mip.MTI <- 0b1, mip.STI <- 0b0)
mem[X,0x000000008000190C] -> 0x3403
mem[X,0x000000008000190E] -> 0x0004
[1248] [M]: 0x000000008000190C (0x00043403) ld x8, 0x0(x8)                          spcl_Mhandler+24
mem[R,0x0000000080001B68] -> 0x000000000000000F
x8 <- 0x000000000000000F

mem[X,0x0000000080001910] -> 0x02E3
mem[X,0x0000000080001912] -> 0xB204
[1249] [M]: 0x0000000080001910 (0xB20402E3) beq x8, x0, -0x4dc                      spcl_Mdispatch_hndling+0

clint mtime 0x0000000000000271 (mip.MTI <- 0b1, mip.STI <- 0b0)
mem[X,0x0000000080001914] -> 0x1393
mem[X,0x0000000080001916] -> 0x03F4
[1250] [M]: 0x0000000080001914 (0x03F41393) slli x7, x8, 0x3f                       spcl_Mdispatch_hndling+4
x7 <- 0x8000000000000000

mem[X,0x0000000080001918] -> 0xD863
mem[X,0x000000008000191A] -> 0x0003
[1251] [M]: 0x0000000080001918 (0x0003D863) bge x7, x0, 0x10                        spcl_Mdispatch_hndling+8

clint mtime 0x0000000000000272 (mip.MTI <- 0b1, mip.STI <- 0b0)
mem[X,0x000000008000191C] -> 0x5413
mem[X,0x000000008000191E] -> 0x0014
[1252] [M]: 0x000000008000191C (0x00145413) srli x8, x8, 0x1                        spcl_Mdispatch_hndling+12
x8 <- 0x0000000000000007

mem[X,0x0000000080001920] -> 0x0CE3
mem[X,0x0000000080001922] -> 0xF885
[1253] [M]: 0x0000000080001920 (0xF8850CE3) beq x10, x8, -0x68                      spcl_Mdispatch_hndling+16

clint mtime 0x0000000000000273 (mip.MTI <- 0b1, mip.STI <- 0b0)
mem[X,0x00000000800018B8] -> 0x3303
mem[X,0x00000000800018BA] -> 0x2601
[1254] [M]: 0x00000000800018B8 (0x26013303) ld x6, 0x260(x2)                        resto_Mrtn+0
mem[R,0x0000000080004260] -> 0xFFFFFFFF7FFFF40C
x6 <- 0xFFFFFFFF7FFFF40C

mem[X,0x00000000800018BC] -> 0x3383
mem[X,0x00000000800018BE] -> 0x2681
[1255] [M]: 0x00000000800018BC (0x26813383) ld x7, 0x268(x2)                        resto_Mrtn+4
mem[R,0x0000000080004268] -> 0x0000000080004000
x7 <- 0x0000000080004000

clint mtime 0x0000000000000274 (mip.MTI <- 0b1, mip.STI <- 0b0)
mem[X,0x00000000800018C0] -> 0x3403
mem[X,0x00000000800018C2] -> 0x2701
[1256] [M]: 0x00000000800018C0 (0x27013403) ld x8, 0x270(x2)                        resto_Mrtn+8
mem[R,0x0000000080004270] -> 0x0000000000007F76
x8 <- 0x0000000000007F76

mem[X,0x00000000800018C4] -> 0x3483
mem[X,0x00000000800018C6] -> 0x2781
[1257] [M]: 0x00000000800018C4 (0x27813483) ld x9, 0x278(x2)                        resto_Mrtn+12
mem[R,0x0000000080004278] -> 0xFFFFFF000000017C
x9 <- 0xFFFFFF000000017C

clint mtime 0x0000000000000275 (mip.MTI <- 0b1, mip.STI <- 0b0)
mem[X,0x00000000800018C8] -> 0x3503
mem[X,0x00000000800018CA] -> 0x2801
[1258] [M]: 0x00000000800018C8 (0x28013503) ld x10, 0x280(x2)                       resto_Mrtn+16
mem[R,0x0000000080004280] -> 0x00000000200000DF
x10 <- 0x00000000200000DF

mem[X,0x00000000800018CC] -> 0x3583
mem[X,0x00000000800018CE] -> 0x2881
[1259] [M]: 0x00000000800018CC (0x28813583) ld x11, 0x288(x2)                       resto_Mrtn+20
mem[R,0x0000000080004288] -> 0x00000000000000DF
x11 <- 0x00000000000000DF

clint mtime 0x0000000000000276 (mip.MTI <- 0b1, mip.STI <- 0b0)
mem[X,0x00000000800018D0] -> 0x3103
mem[X,0x00000000800018D2] -> 0x2901
[1260] [M]: 0x00000000800018D0 (0x29013103) ld x2, 0x290(x2)                        resto_Mrtn+24
mem[R,0x0000000080004290] -> 0x0000000000000000
x2 <- 0x0000000000000000

mem[X,0x00000000800018D4] -> 0x0073
mem[X,0x00000000800018D6] -> 0x3020
[1261] [M]: 0x00000000800018D4 (0x30200073) mret                                    resto_Mrtn+28
CSR mstatus (0x300) <- 0x0000000A00000080
ret-ing from M to U

clint mtime 0x0000000000000277 (mip.MTI <- 0b1, mip.STI <- 0b0)
mem[X,0x0000000080000D90] -> 0xA703
mem[X,0x0000000080000D92] -> 0x0147
[1262] [U]: 0xFFFFFF0080000D90 (0x0147A703) lw x14, 0x14(x15)                       va_rvtest_code_begin+1492
PTW: Start, vpn=0x0, access_type=R, privilege=Umem[R,0x0000000080008000] -> 0x0000000020001C01
PTW: Step, level=3, pte=0x20001C01, pte_addr=0x80008000
PTW: Start, vpn=0x0, access_type=R, privilege=UPTW: failed, error=mem-access-error, level=2, pte_addr=0x80007000
trapping from U to M to handle load-access-fault
handling exc#load-access-fault at priv M with tval 0x0000000000000414
CSR mstatus (0x300) <- 0x0000000A00000000
CSR mcause (0x342) <- 0x0000000000000005
CSR mtval (0x343) <- 0x0000000000000414
CSR mepc (0x341) <- 0xFFFFFF0080000D90

mem[X,0x0000000080001480] -> 0x006F
mem[X,0x0000000080001482] -> 0x1000
[1263] [M]: 0x0000000080001480 (0x1000006F) jal x0, 0x100                           Mtrampoline+0

clint mtime 0x0000000000000278 (mip.MTI <- 0b1, mip.STI <- 0b0)
mem[X,0x0000000080001580] -> 0x1173
mem[X,0x0000000080001582] -> 0x3401
[1264] [M]: 0x0000000080001580 (0x34011173) csrrw x2, mscratch, x2                  trap_Mhandler+0
CSR mscratch (0x340) <- 0x0000000000000000
x2 <- 0x0000000080004000

mem[X,0x0000000080001584] -> 0x3423
mem[X,0x0000000080001586] -> 0x28B1
[1265] [M]: 0x0000000080001584 (0x28B13423) sd x11, 0x288(x2)                       trap_Mhandler+4
mem[W,0x0000000080004288] <- 0x00000000000000DF

clint mtime 0x0000000000000279 (mip.MTI <- 0b1, mip.STI <- 0b0)
mem[X,0x0000000080001588] -> 0x05EF
mem[X,0x000000008000158A] -> 0x0B80
[1266] [M]: 0x0000000080001588 (0x0B8005EF) jal x11, 0xb8                           trap_Mhandler+8
x11 <- 0x000000008000158C

mem[X,0x0000000080001640] -> 0x3023
mem[X,0x0000000080001642] -> 0x28A1
[1267] [M]: 0x0000000080001640 (0x28A13023) sd x10, 0x280(x2)                       common_Mhandler+0
mem[W,0x0000000080004280] <- 0x00000000200000DF

clint mtime 0x000000000000027A (mip.MTI <- 0b1, mip.STI <- 0b0)
mem[X,0x0000000080001644] -> 0x1573
mem[X,0x0000000080001646] -> 0x3401
[1268] [M]: 0x0000000080001644 (0x34011573) csrrw x10, mscratch, x2                 common_Mhandler+4
CSR mscratch (0x340) <- 0x0000000080004000
x10 <- 0x0000000000000000

mem[X,0x0000000080001648] -> 0x3823
mem[X,0x000000008000164A] -> 0x28A1
[1269] [M]: 0x0000000080001648 (0x28A13823) sd x10, 0x290(x2)                       common_Mhandler+8
mem[W,0x0000000080004290] <- 0x0000000000000000

clint mtime 0x000000000000027B (mip.MTI <- 0b1, mip.STI <- 0b0)
mem[X,0x000000008000164C] -> 0x3503
mem[X,0x000000008000164E] -> 0x2301
[1270] [M]: 0x000000008000164C (0x23013503) ld x10, 0x230(x2)                       common_Mhandler+12
mem[R,0x0000000080004230] -> 0x0000000080001654
x10 <- 0x0000000080001654

mem[X,0x0000000080001650] -> 0x0067
mem[X,0x0000000080001652] -> 0x0005
[1271] [M]: 0x0000000080001650 (0x00050067) jalr x0, 0x0(x10)                       common_Mhandler+16

clint mtime 0x000000000000027C (mip.MTI <- 0b1, mip.STI <- 0b0)
mem[X,0x0000000080001654] -> 0x3C23
mem[X,0x0000000080001656] -> 0x2691
[1272] [M]: 0x0000000080001654 (0x26913C23) sd x9, 0x278(x2)                        common_Mentry+0
mem[W,0x0000000080004278] <- 0xFFFFFF000000017C

mem[X,0x0000000080001658] -> 0x3823
mem[X,0x000000008000165A] -> 0x2681
[1273] [M]: 0x0000000080001658 (0x26813823) sd x8, 0x270(x2)                        common_Mentry+4
mem[W,0x0000000080004270] <- 0x0000000000007F76

clint mtime 0x000000000000027D (mip.MTI <- 0b1, mip.STI <- 0b0)
mem[X,0x000000008000165C] -> 0x3423
mem[X,0x000000008000165E] -> 0x2671
[1274] [M]: 0x000000008000165C (0x26713423) sd x7, 0x268(x2)                        common_Mentry+8
mem[W,0x0000000080004268] <- 0x0000000080004000

mem[X,0x0000000080001660] -> 0x3023
mem[X,0x0000000080001662] -> 0x2661
[1275] [M]: 0x0000000080001660 (0x26613023) sd x6, 0x260(x2)                        common_Mentry+12
mem[W,0x0000000080004260] <- 0xFFFFFFFF7FFFF40C

clint mtime 0x000000000000027E (mip.MTI <- 0b1, mip.STI <- 0b0)
mem[X,0x0000000080001664] -> 0x2573
mem[X,0x0000000080001666] -> 0x3420
[1276] [M]: 0x0000000080001664 (0x34202573) csrrs x10, mcause, x0                   spcl_M2mmode_test+0
CSR mcause (0x342) -> 0x0000000000000005
x10 <- 0x0000000000000005

mem[X,0x0000000080001668] -> 0x04B7
mem[X,0x000000008000166A] -> 0x8000
[1277] [M]: 0x0000000080001668 (0x800004B7) lui x9, -0x80000                        spcl_M2mmode_test+4
x9 <- 0xFFFFFFFF80000000

clint mtime 0x000000000000027F (mip.MTI <- 0b1, mip.STI <- 0b0)
mem[X,0x000000008000166C] -> 0x8493
mem[X,0x000000008000166E] -> 0x0004
[1278] [M]: 0x000000008000166C (0x00048493) addi x9, x9, 0x0                        spcl_M2mmode_test+8
x9 <- 0xFFFFFFFF80000000

mem[X,0x0000000080001670] -> 0x9493
mem[X,0x0000000080001672] -> 0x00B4
[1279] [M]: 0x0000000080001670 (0x00B49493) slli x9, x9, 0xb                        spcl_M2mmode_test+12
x9 <- 0xFFFFFC0000000000

clint mtime 0x0000000000000280 (mip.MTI <- 0b1, mip.STI <- 0b0)
mem[X,0x0000000080001674] -> 0x8493
mem[X,0x0000000080001676] -> 0x0004
[1280] [M]: 0x0000000080001674 (0x00048493) addi x9, x9, 0x0                        spcl_M2mmode_test+16
x9 <- 0xFFFFFC0000000000

mem[X,0x0000000080001678] -> 0x9493
mem[X,0x000000008000167A] -> 0x00B4
[1281] [M]: 0x0000000080001678 (0x00B49493) slli x9, x9, 0xb                        spcl_M2mmode_test+20
x9 <- 0xFFE0000000000000

clint mtime 0x0000000000000281 (mip.MTI <- 0b1, mip.STI <- 0b0)
mem[X,0x000000008000167C] -> 0x8493
mem[X,0x000000008000167E] -> 0x0034
[1282] [M]: 0x000000008000167C (0x00348493) addi x9, x9, 0x3                        spcl_M2mmode_test+24
x9 <- 0xFFE0000000000003

mem[X,0x0000000080001680] -> 0x9493
mem[X,0x0000000080001682] -> 0x00A4
[1283] [M]: 0x0000000080001680 (0x00A49493) slli x9, x9, 0xa                        spcl_M2mmode_test+28
x9 <- 0x8000000000000C00

clint mtime 0x0000000000000282 (mip.MTI <- 0b1, mip.STI <- 0b0)
mem[X,0x0000000080001684] -> 0x8493
mem[X,0x0000000080001686] -> 0x3FC4
[1284] [M]: 0x0000000080001684 (0x3FC48493) addi x9, x9, 0x3fc                      spcl_M2mmode_test+32
x9 <- 0x8000000000000FFC

mem[X,0x0000000080001688] -> 0xF4B3
mem[X,0x000000008000168A] -> 0x00A4
[1285] [M]: 0x0000000080001688 (0x00A4F4B3) and x9, x9, x10                         spcl_M2mmode_test+36
x9 <- 0x0000000000000004

clint mtime 0x0000000000000283 (mip.MTI <- 0b1, mip.STI <- 0b0)
mem[X,0x000000008000168C] -> 0x8493
mem[X,0x000000008000168E] -> 0xFF84
[1286] [M]: 0x000000008000168C (0xFF848493) addi x9, x9, -0x8                       spcl_M2mmode_test+40
x9 <- 0xFFFFFFFFFFFFFFFC

mem[X,0x0000000080001690] -> 0x9663
mem[X,0x0000000080001692] -> 0x0004
[1287] [M]: 0x0000000080001690 (0x00049663) bne x9, x0, 0xc                         spcl_M2mmode_test+44

clint mtime 0x0000000000000284 (mip.MTI <- 0b1, mip.STI <- 0b0)
mem[X,0x000000008000169C] -> 0x0393
mem[X,0x000000008000169E] -> 0x0200
[1288] [M]: 0x000000008000169C (0x02000393) addi x7, x0, 0x20                       Mtrapsig_ptr_upd+0
x7 <- 0x0000000000000020

mem[X,0x00000000800016A0] -> 0x5263
mem[X,0x00000000800016A2] -> 0x0405
[1289] [M]: 0x00000000800016A0 (0x04055263) bge x10, x0, 0x44                       Mtrapsig_ptr_upd+4

clint mtime 0x0000000000000285 (mip.MTI <- 0b1, mip.STI <- 0b0)
mem[X,0x00000000800016E4] -> 0x2373
mem[X,0x00000000800016E6] -> 0x3010
[1290] [M]: 0x00000000800016E4 (0x30102373) csrrs x6, misa, x0                      Mxcpt_sig_sv+0
CSR misa (0x301) -> 0x800000000034112F
x6 <- 0x800000000034112F

mem[X,0x00000000800016E8] -> 0x1313
mem[X,0x00000000800016EA] -> 0x0383
[1291] [M]: 0x00000000800016E8 (0x03831313) slli x6, x6, 0x38                       Mxcpt_sig_sv+4
x6 <- 0x2F00000000000000

clint mtime 0x0000000000000286 (mip.MTI <- 0b1, mip.STI <- 0b0)
mem[X,0x00000000800016EC] -> 0x5463
mem[X,0x00000000800016EE] -> 0x0003
[1292] [M]: 0x00000000800016EC (0x00035463) bge x6, x0, 0x8                         Mxcpt_sig_sv+8

mem[X,0x00000000800016F4] -> 0x3303
mem[X,0x00000000800016F6] -> 0x2181
[1293] [M]: 0x00000000800016F4 (0x21813303) ld x6, 0x218(x2)                        Mtrap_sig_sv+0
mem[R,0x0000000080004218] -> 0x00000000800093D8
x6 <- 0x00000000800093D8

clint mtime 0x0000000000000287 (mip.MTI <- 0b1, mip.STI <- 0b0)
mem[X,0x00000000800016F8] -> 0x04B3
mem[X,0x00000000800016FA] -> 0x0073
[1294] [M]: 0x00000000800016F8 (0x007304B3) add x9, x6, x7                          Mtrap_sig_sv+4
x9 <- 0x00000000800093F8

mem[X,0x00000000800016FC] -> 0x3C23
mem[X,0x00000000800016FE] -> 0x2091
[1295] [M]: 0x00000000800016FC (0x20913C23) sd x9, 0x218(x2)                        Mtrap_sig_sv+8
mem[W,0x0000000080004218] <- 0x00000000800093F8

clint mtime 0x0000000000000288 (mip.MTI <- 0b1, mip.STI <- 0b0)
mem[X,0x0000000080001700] -> 0x3403
mem[X,0x0000000080001702] -> 0x1F81
[1296] [M]: 0x0000000080001700 (0x1F813403) ld x8, 0x1f8(x2)                        Mtrap_sig_sv+12
mem[R,0x00000000800041F8] -> 0x0000000080009110
x8 <- 0x0000000080009110

mem[X,0x0000000080001704] -> 0x0333
mem[X,0x0000000080001706] -> 0x4083
[1297] [M]: 0x0000000080001704 (0x40830333) sub x6, x6, x8                          Mtrap_sig_sv+16
x6 <- 0x00000000000002C8

clint mtime 0x0000000000000289 (mip.MTI <- 0b1, mip.STI <- 0b0)
mem[X,0x0000000080001708] -> 0x3403
mem[X,0x000000008000170A] -> 0x1F81
[1298] [M]: 0x0000000080001708 (0x1F813403) ld x8, 0x1f8(x2)                        Mtrap_sig_sv+20
mem[R,0x00000000800041F8] -> 0x0000000080009110
x8 <- 0x0000000080009110

mem[X,0x000000008000170C] -> 0x0333
mem[X,0x000000008000170E] -> 0x0083
[1299] [M]: 0x000000008000170C (0x00830333) add x6, x6, x8                          Mtrap_sig_sv+24
x6 <- 0x00000000800093D8

clint mtime 0x000000000000028A (mip.MTI <- 0b1, mip.STI <- 0b0)
mem[X,0x0000000080001710] -> 0x3403
mem[X,0x0000000080001712] -> 0x2401
[1300] [M]: 0x0000000080001710 (0x24013403) ld x8, 0x240(x2)                        Mtrap_sig_sv+28
mem[R,0x0000000080004240] -> 0x0000000080001480
x8 <- 0x0000000080001480

mem[X,0x0000000080001714] -> 0x85B3
mem[X,0x0000000080001716] -> 0x4085
[1301] [M]: 0x0000000080001714 (0x408585B3) sub x11, x11, x8                        sv_Mvect+0
x11 <- 0x000000000000010C

clint mtime 0x000000000000028B (mip.MTI <- 0b1, mip.STI <- 0b0)
mem[X,0x0000000080001718] -> 0x9593
mem[X,0x000000008000171A] -> 0x0045
[1302] [M]: 0x0000000080001718 (0x00459593) slli x11, x11, 0x4                      sv_Mvect+4
x11 <- 0x00000000000010C0

mem[X,0x000000008000171C] -> 0xE5B3
mem[X,0x000000008000171E] -> 0x0075
[1303] [M]: 0x000000008000171C (0x0075E5B3) or x11, x11, x7                         sv_Mvect+8
x11 <- 0x00000000000010E0

clint mtime 0x000000000000028C (mip.MTI <- 0b1, mip.STI <- 0b0)
mem[X,0x0000000080001720] -> 0x8593
mem[X,0x0000000080001722] -> 0x0035
[1304] [M]: 0x0000000080001720 (0x00358593) addi x11, x11, 0x3                      sv_Mvect+12
x11 <- 0x00000000000010E3

mem[X,0x0000000080001724] -> 0x3023
mem[X,0x0000000080001726] -> 0x00B3
[1305] [M]: 0x0000000080001724 (0x00B33023) sd x11, 0x0(x6)                         sv_Mvect+16
mem[W,0x00000000800093D8] <- 0x00000000000010E3

clint mtime 0x000000000000028D (mip.MTI <- 0b1, mip.STI <- 0b0)
mem[X,0x0000000080001728] -> 0x3423
mem[X,0x000000008000172A] -> 0x00A3
[1306] [M]: 0x0000000080001728 (0x00A33423) sd x10, 0x8(x6)                         sv_Mcause+0
mem[W,0x00000000800093E0] <- 0x0000000000000005

mem[X,0x000000008000172C] -> 0x4663
mem[X,0x000000008000172E] -> 0x1A05
[1307] [M]: 0x000000008000172C (0x1A054663) blt x10, x0, 0x1ac                      sv_Mcause+4

clint mtime 0x000000000000028E (mip.MTI <- 0b1, mip.STI <- 0b0)
mem[X,0x0000000080001730] -> 0x25F3
mem[X,0x0000000080001732] -> 0x3000
[1308] [M]: 0x0000000080001730 (0x300025F3) csrrs x11, mstatus, x0                  common_Mexcpt_handler+0
CSR mstatus (0x300) -> 0x0000000A00000000
x11 <- 0x0000000A00000000

mem[X,0x0000000080001734] -> 0x9413
mem[X,0x0000000080001736] -> 0x02E5
[1309] [M]: 0x0000000080001734 (0x02E59413) slli x8, x11, 0x2e                      common_Mexcpt_handler+4
x8 <- 0x0000000000000000

clint mtime 0x000000000000028F (mip.MTI <- 0b1, mip.STI <- 0b0)
mem[X,0x0000000080001738] -> 0x5463
mem[X,0x000000008000173A] -> 0x0004
[1310] [M]: 0x0000000080001738 (0x00045463) bge x8, x0, 0x8                         common_Mexcpt_handler+8

mem[X,0x0000000080001740] -> 0xD493
mem[X,0x0000000080001742] -> 0x00B5
[1311] [M]: 0x0000000080001740 (0x00B5D493) srli x9, x11, 0xb                       common_Mexcpt_handler+16
x9 <- 0x0000000001400000

clint mtime 0x0000000000000290 (mip.MTI <- 0b1, mip.STI <- 0b0)
mem[X,0x0000000080001744] -> 0xF493
mem[X,0x0000000080001746] -> 0x0034
[1312] [M]: 0x0000000080001744 (0x0034F493) andi x9, x9, 0x3                        common_Mexcpt_handler+20
x9 <- 0x0000000000000000

mem[X,0x0000000080001748] -> 0x8493
mem[X,0x000000008000174A] -> 0x0014
[1313] [M]: 0x0000000080001748 (0x00148493) addi x9, x9, 0x1                        common_Mexcpt_handler+24
x9 <- 0x0000000000000001

clint mtime 0x0000000000000291 (mip.MTI <- 0b1, mip.STI <- 0b0)
mem[X,0x000000008000174C] -> 0xF493
mem[X,0x000000008000174E] -> 0x0044
[1314] [M]: 0x000000008000174C (0x0044F493) andi x9, x9, 0x4                        common_Mexcpt_handler+28
x9 <- 0x0000000000000000

mem[X,0x0000000080001750] -> 0x0593
mem[X,0x0000000080001752] -> 0x05D0
[1315] [M]: 0x0000000080001750 (0x05D00593) addi x11, x0, 0x5d                      common_Mexcpt_handler+32
x11 <- 0x000000000000005D

clint mtime 0x0000000000000292 (mip.MTI <- 0b1, mip.STI <- 0b0)
mem[X,0x0000000080001754] -> 0xD5B3
mem[X,0x0000000080001756] -> 0x0095
[1316] [M]: 0x0000000080001754 (0x0095D5B3) srl x11, x11, x9                        common_Mexcpt_handler+36
x11 <- 0x000000000000005D

mem[X,0x0000000080001758] -> 0xF593
mem[X,0x000000008000175A] -> 0x0015
[1317] [M]: 0x0000000080001758 (0x0015F593) andi x11, x11, 0x1                      common_Mexcpt_handler+40
x11 <- 0x0000000000000001

clint mtime 0x0000000000000293 (mip.MTI <- 0b1, mip.STI <- 0b0)
mem[X,0x000000008000175C] -> 0x8EE3
mem[X,0x000000008000175E] -> 0xF405
[1318] [M]: 0x000000008000175C (0xF4058EE3) beq x11, x0, -0xa4                      common_Mexcpt_handler+44

mem[X,0x0000000080001760] -> 0x0593
mem[X,0x0000000080001762] -> 0x2980
[1319] [M]: 0x0000000080001760 (0x29800593) addi x11, x0, 0x298                     common_Mexcpt_handler+48
x11 <- 0x0000000000000298

clint mtime 0x0000000000000294 (mip.MTI <- 0b1, mip.STI <- 0b0)
mem[X,0x0000000080001764] -> 0xF413
mem[X,0x0000000080001766] -> 0x0014
[1320] [M]: 0x0000000080001764 (0x0014F413) andi x8, x9, 0x1                        common_Mexcpt_handler+52
x8 <- 0x0000000000000000

mem[X,0x0000000080001768] -> 0x95B3
mem[X,0x000000008000176A] -> 0x0085
[1321] [M]: 0x0000000080001768 (0x008595B3) sll x11, x11, x8                        common_Mexcpt_handler+56
x11 <- 0x0000000000000298

clint mtime 0x0000000000000295 (mip.MTI <- 0b1, mip.STI <- 0b0)
mem[X,0x000000008000176C] -> 0x9413
mem[X,0x000000008000176E] -> 0x03D4
[1322] [M]: 0x000000008000176C (0x03D49413) slli x8, x9, 0x3d                       common_Mexcpt_handler+60
x8 <- 0x0000000000000000

mem[X,0x0000000080001770] -> 0x5413
mem[X,0x0000000080001772] -> 0x43F4
[1323] [M]: 0x0000000080001770 (0x43F45413) srai x8, x8, 0x3f                       common_Mexcpt_handler+64
x8 <- 0x0000000000000000

clint mtime 0x0000000000000296 (mip.MTI <- 0b1, mip.STI <- 0b0)
mem[X,0x0000000080001774] -> 0x4413
mem[X,0x0000000080001776] -> 0xFFF4
[1324] [M]: 0x0000000080001774 (0xFFF44413) xori x8, x8, -0x1                       common_Mexcpt_handler+68
x8 <- 0xFFFFFFFFFFFFFFFF

mem[X,0x0000000080001778] -> 0xF4B3
mem[X,0x000000008000177A] -> 0x0085
[1325] [M]: 0x0000000080001778 (0x0085F4B3) and x9, x11, x8                         common_Mexcpt_handler+72
x9 <- 0x0000000000000298

clint mtime 0x0000000000000297 (mip.MTI <- 0b1, mip.STI <- 0b0)
mem[X,0x000000008000177C] -> 0x84B3
mem[X,0x000000008000177E] -> 0x0024
[1326] [M]: 0x000000008000177C (0x002484B3) add x9, x9, x2                          vmem_adj_Mepc+0
x9 <- 0x0000000080004298

mem[X,0x0000000080001780] -> 0x23F3
mem[X,0x0000000080001782] -> 0x3410
[1327] [M]: 0x0000000080001780 (0x341023F3) csrrs x7, mepc, x0                      vmem_adj_Mepc+4
CSR mepc (0x341) -> 0xFFFFFF0080000D90
x7 <- 0xFFFFFF0080000D90

clint mtime 0x0000000000000298 (mip.MTI <- 0b1, mip.STI <- 0b0)
mem[X,0x0000000080001784] -> 0x0413
mem[X,0x0000000080001786] -> 0x0004
[1328] [M]: 0x0000000080001784 (0x00040413) addi x8, x8, 0x0                        vmem_adj_Mepc+8
x8 <- 0xFFFFFFFFFFFFFFFF

mem[X,0x0000000080001788] -> 0x006F
mem[X,0x000000008000178A] -> 0x0400
[1329] [M]: 0x0000000080001788 (0x0400006F) jal x0, 0x40                            vmem_adj_Mepc+12

clint mtime 0x0000000000000299 (mip.MTI <- 0b1, mip.STI <- 0b0)
mem[X,0x00000000800017C8] -> 0x8433
mem[X,0x00000000800017CA] -> 0x4083
[1330] [M]: 0x00000000800017C8 (0x40838433) sub x8, x7, x8                          adj_Mepc+0
x8 <- 0xFFFFFF0080000D91

mem[X,0x00000000800017CC] -> 0x3823
mem[X,0x00000000800017CE] -> 0x0083
[1331] [M]: 0x00000000800017CC (0x00833823) sd x8, 0x10(x6)                         sv_Mepc+0
mem[W,0x00000000800093E8] <- 0xFFFFFF0080000D91

clint mtime 0x000000000000029A (mip.MTI <- 0b1, mip.STI <- 0b0)
mem[X,0x00000000800017D0] -> 0x55B7
mem[X,0x00000000800017D2] -> 0x0000
[1332] [M]: 0x00000000800017D0 (0x000055B7) lui x11, 0x5                            sv_Mepc+4
x11 <- 0x0000000000005000

mem[X,0x00000000800017D4] -> 0x8593
mem[X,0x00000000800017D6] -> 0x6675
[1333] [M]: 0x00000000800017D4 (0x66758593) addi x11, x11, 0x667                    sv_Mepc+8
x11 <- 0x0000000000005667

clint mtime 0x000000000000029B (mip.MTI <- 0b1, mip.STI <- 0b0)
mem[X,0x00000000800017D8] -> 0x9593
mem[X,0x00000000800017DA] -> 0x0015
[1334] [M]: 0x00000000800017D8 (0x00159593) slli x11, x11, 0x1                      sv_Mepc+12
x11 <- 0x000000000000ACCE

mem[X,0x00000000800017DC] -> 0x9063
mem[X,0x00000000800017DE] -> 0x02B1
[1335] [M]: 0x00000000800017DC (0x02B19063) bne x3, x11, 0x20                       sv_Mepc+16

clint mtime 0x000000000000029C (mip.MTI <- 0b1, mip.STI <- 0b0)
mem[X,0x00000000800017E0] -> 0x2473
mem[X,0x00000000800017E2] -> 0x3420
[1336] [M]: 0x00000000800017E0 (0x34202473) csrrs x8, mcause, x0                    sv_Mepc+20
CSR mcause (0x342) -> 0x0000000000000005
x8 <- 0x0000000000000005

mem[X,0x00000000800017E4] -> 0x0593
mem[X,0x00000000800017E6] -> 0x00C0
[1337] [M]: 0x00000000800017E4 (0x00C00593) addi x11, x0, 0xc                       sv_Mepc+24
x11 <- 0x000000000000000C

clint mtime 0x000000000000029D (mip.MTI <- 0b1, mip.STI <- 0b0)
mem[X,0x00000000800017E8] -> 0x0663
mem[X,0x00000000800017EA] -> 0x00B4
[1338] [M]: 0x00000000800017E8 (0x00B40663) beq x8, x11, 0xc                        sv_Mepc+28

mem[X,0x00000000800017EC] -> 0x0593
mem[X,0x00000000800017EE] -> 0x0010
[1339] [M]: 0x00000000800017EC (0x00100593) addi x11, x0, 0x1                       sv_Mepc+32
x11 <- 0x0000000000000001

clint mtime 0x000000000000029E (mip.MTI <- 0b1, mip.STI <- 0b0)
mem[X,0x00000000800017F0] -> 0x1663
mem[X,0x00000000800017F2] -> 0x00B4
[1340] [M]: 0x00000000800017F0 (0x00B41663) bne x8, x11, 0xc                        sv_Mepc+36

mem[X,0x00000000800017FC] -> 0xF593
mem[X,0x00000000800017FE] -> 0xFFC3
[1341] [M]: 0x00000000800017FC (0xFFC3F593) andi x11, x7, -0x4                      adj_Mepc_rtn+0
x11 <- 0xFFFFFF0080000D90

clint mtime 0x000000000000029F (mip.MTI <- 0b1, mip.STI <- 0b0)
mem[X,0x0000000080001800] -> 0x8593
mem[X,0x0000000080001802] -> 0x0085
[1342] [M]: 0x0000000080001800 (0x00858593) addi x11, x11, 0x8                      adj_Mepc_rtn+4
x11 <- 0xFFFFFF0080000D98

mem[X,0x0000000080001804] -> 0x9073
mem[X,0x0000000080001806] -> 0x3415
[1343] [M]: 0x0000000080001804 (0x34159073) csrrw x0, mepc, x11                     adj_Mepc_rtn+8
CSR mepc (0x341) <- 0xFFFFFF0080000D98

clint mtime 0x00000000000002A0 (mip.MTI <- 0b1, mip.STI <- 0b0)
mem[X,0x0000000080001808] -> 0x23F3
mem[X,0x000000008000180A] -> 0x3430
[1344] [M]: 0x0000000080001808 (0x343023F3) csrrs x7, mtval, x0                     skp_adj_Mepc+0
CSR mtval (0x343) -> 0x0000000000000414
x7 <- 0x0000000000000414

mem[X,0x000000008000180C] -> 0x0413
mem[X,0x000000008000180E] -> 0x0004
[1345] [M]: 0x000000008000180C (0x00040413) addi x8, x8, 0x0                        skp_adj_Mepc+4
x8 <- 0x0000000000000005

clint mtime 0x00000000000002A1 (mip.MTI <- 0b1, mip.STI <- 0b0)
mem[X,0x0000000080001810] -> 0x006F
mem[X,0x0000000080001812] -> 0x0840
[1346] [M]: 0x0000000080001810 (0x0840006F) jal x0, 0x84                            skp_adj_Mepc+8

mem[X,0x0000000080001894] -> 0x8433
mem[X,0x0000000080001896] -> 0x4083
[1347] [M]: 0x0000000080001894 (0x40838433) sub x8, x7, x8                          adj_Mtval+0
x8 <- 0x000000000000040F

clint mtime 0x00000000000002A2 (mip.MTI <- 0b1, mip.STI <- 0b0)
mem[X,0x0000000080001898] -> 0x3C23
mem[X,0x000000008000189A] -> 0x0083
[1348] [M]: 0x0000000080001898 (0x00833C23) sd x8, 0x18(x6)                         sv_Mtval+0
mem[W,0x00000000800093F0] <- 0x000000000000040F

mem[X,0x000000008000189C] -> 0x3483
mem[X,0x000000008000189E] -> 0x2181
[1349] [M]: 0x000000008000189C (0x21813483) ld x9, 0x218(x2)                        skp_Mtval+0
mem[R,0x0000000080004218] -> 0x00000000800093F8
x9 <- 0x00000000800093F8

clint mtime 0x00000000000002A3 (mip.MTI <- 0b1, mip.STI <- 0b0)
mem[X,0x00000000800018A0] -> 0x3383
mem[X,0x00000000800018A2] -> 0x1F81
[1350] [M]: 0x00000000800018A0 (0x1F813383) ld x7, 0x1f8(x2)                        skp_Mtval+4
mem[R,0x00000000800041F8] -> 0x0000000080009110
x7 <- 0x0000000080009110

mem[X,0x00000000800018A4] -> 0x3303
mem[X,0x00000000800018A6] -> 0x2001
[1351] [M]: 0x00000000800018A4 (0x20013303) ld x6, 0x200(x2)                        skp_Mtval+8
mem[R,0x0000000080004200] -> 0x0000000000000410
x6 <- 0x0000000000000410

clint mtime 0x00000000000002A4 (mip.MTI <- 0b1, mip.STI <- 0b0)
mem[X,0x00000000800018A8] -> 0x0333
mem[X,0x00000000800018AA] -> 0x0073
[1352] [M]: 0x00000000800018A8 (0x00730333) add x6, x6, x7                          skp_Mtval+12
x6 <- 0x0000000080009520

mem[X,0x00000000800018AC] -> 0x6AE3
mem[X,0x00000000800018AE] -> 0xAE93
[1353] [M]: 0x00000000800018AC (0xAE936AE3) bltu x6, x9, -0x50c                     skp_Mtval+16

clint mtime 0x00000000000002A5 (mip.MTI <- 0b1, mip.STI <- 0b0)
mem[X,0x00000000800018B0] -> 0x0393
mem[X,0x00000000800018B2] -> 0x2000
[1354] [M]: 0x00000000800018B0 (0x20000393) addi x7, x0, 0x200                      skp_Mtval+20
x7 <- 0x0000000000000200

mem[X,0x00000000800018B4] -> 0x006F
mem[X,0x00000000800018B6] -> 0x0400
[1355] [M]: 0x00000000800018B4 (0x0400006F) jal x0, 0x40                            skp_Mtval+24

clint mtime 0x00000000000002A6 (mip.MTI <- 0b1, mip.STI <- 0b0)
mem[X,0x00000000800018F4] -> 0x0417
mem[X,0x00000000800018F6] -> 0x0000
[1356] [M]: 0x00000000800018F4 (0x00000417) auipc x8, 0x0                           spcl_Mhandler+0
x8 <- 0x00000000800018F4

mem[X,0x00000000800018F8] -> 0x0413
mem[X,0x00000000800018FA] -> 0x03C4
[1357] [M]: 0x00000000800018F8 (0x03C40413) addi x8, x8, 0x3c                       spcl_Mhandler+4
x8 <- 0x0000000080001930

clint mtime 0x00000000000002A7 (mip.MTI <- 0b1, mip.STI <- 0b0)
mem[X,0x00000000800018FC] -> 0x0433
mem[X,0x00000000800018FE] -> 0x0074
[1358] [M]: 0x00000000800018FC (0x00740433) add x8, x8, x7                          spcl_Mhandler+8
x8 <- 0x0000000080001B30

mem[X,0x0000000080001900] -> 0x1393
mem[X,0x0000000080001902] -> 0x0035
[1359] [M]: 0x0000000080001900 (0x00351393) slli x7, x10, 0x3                       spcl_Mhandler+12
x7 <- 0x0000000000000028

clint mtime 0x00000000000002A8 (mip.MTI <- 0b1, mip.STI <- 0b0)
mem[X,0x0000000080001904] -> 0x0433
mem[X,0x0000000080001906] -> 0x0074
[1360] [M]: 0x0000000080001904 (0x00740433) add x8, x8, x7                          spcl_Mhandler+16
x8 <- 0x0000000080001B58

mem[X,0x0000000080001908] -> 0x7413
mem[X,0x000000008000190A] -> 0xFF84
[1361] [M]: 0x0000000080001908 (0xFF847413) andi x8, x8, -0x8                       spcl_Mhandler+20
x8 <- 0x0000000080001B58

clint mtime 0x00000000000002A9 (mip.MTI <- 0b1, mip.STI <- 0b0)
mem[X,0x000000008000190C] -> 0x3403
mem[X,0x000000008000190E] -> 0x0004
[1362] [M]: 0x000000008000190C (0x00043403) ld x8, 0x0(x8)                          spcl_Mhandler+24
mem[R,0x0000000080001B58] -> 0x000000000000000B
x8 <- 0x000000000000000B

mem[X,0x0000000080001910] -> 0x02E3
mem[X,0x0000000080001912] -> 0xB204
[1363] [M]: 0x0000000080001910 (0xB20402E3) beq x8, x0, -0x4dc                      spcl_Mdispatch_hndling+0

clint mtime 0x00000000000002AA (mip.MTI <- 0b1, mip.STI <- 0b0)
mem[X,0x0000000080001914] -> 0x1393
mem[X,0x0000000080001916] -> 0x03F4
[1364] [M]: 0x0000000080001914 (0x03F41393) slli x7, x8, 0x3f                       spcl_Mdispatch_hndling+4
x7 <- 0x8000000000000000

mem[X,0x0000000080001918] -> 0xD863
mem[X,0x000000008000191A] -> 0x0003
[1365] [M]: 0x0000000080001918 (0x0003D863) bge x7, x0, 0x10                        spcl_Mdispatch_hndling+8

clint mtime 0x00000000000002AB (mip.MTI <- 0b1, mip.STI <- 0b0)
mem[X,0x000000008000191C] -> 0x5413
mem[X,0x000000008000191E] -> 0x0014
[1366] [M]: 0x000000008000191C (0x00145413) srli x8, x8, 0x1                        spcl_Mdispatch_hndling+12
x8 <- 0x0000000000000005

mem[X,0x0000000080001920] -> 0x0CE3
mem[X,0x0000000080001922] -> 0xF885
[1367] [M]: 0x0000000080001920 (0xF8850CE3) beq x10, x8, -0x68                      spcl_Mdispatch_hndling+16

clint mtime 0x00000000000002AC (mip.MTI <- 0b1, mip.STI <- 0b0)
mem[X,0x00000000800018B8] -> 0x3303
mem[X,0x00000000800018BA] -> 0x2601
[1368] [M]: 0x00000000800018B8 (0x26013303) ld x6, 0x260(x2)                        resto_Mrtn+0
mem[R,0x0000000080004260] -> 0xFFFFFFFF7FFFF40C
x6 <- 0xFFFFFFFF7FFFF40C

mem[X,0x00000000800018BC] -> 0x3383
mem[X,0x00000000800018BE] -> 0x2681
[1369] [M]: 0x00000000800018BC (0x26813383) ld x7, 0x268(x2)                        resto_Mrtn+4
mem[R,0x0000000080004268] -> 0x0000000080004000
x7 <- 0x0000000080004000

clint mtime 0x00000000000002AD (mip.MTI <- 0b1, mip.STI <- 0b0)
mem[X,0x00000000800018C0] -> 0x3403
mem[X,0x00000000800018C2] -> 0x2701
[1370] [M]: 0x00000000800018C0 (0x27013403) ld x8, 0x270(x2)                        resto_Mrtn+8
mem[R,0x0000000080004270] -> 0x0000000000007F76
x8 <- 0x0000000000007F76

mem[X,0x00000000800018C4] -> 0x3483
mem[X,0x00000000800018C6] -> 0x2781
[1371] [M]: 0x00000000800018C4 (0x27813483) ld x9, 0x278(x2)                        resto_Mrtn+12
mem[R,0x0000000080004278] -> 0xFFFFFF000000017C
x9 <- 0xFFFFFF000000017C

clint mtime 0x00000000000002AE (mip.MTI <- 0b1, mip.STI <- 0b0)
mem[X,0x00000000800018C8] -> 0x3503
mem[X,0x00000000800018CA] -> 0x2801
[1372] [M]: 0x00000000800018C8 (0x28013503) ld x10, 0x280(x2)                       resto_Mrtn+16
mem[R,0x0000000080004280] -> 0x00000000200000DF
x10 <- 0x00000000200000DF

mem[X,0x00000000800018CC] -> 0x3583
mem[X,0x00000000800018CE] -> 0x2881
[1373] [M]: 0x00000000800018CC (0x28813583) ld x11, 0x288(x2)                       resto_Mrtn+20
mem[R,0x0000000080004288] -> 0x00000000000000DF
x11 <- 0x00000000000000DF

clint mtime 0x00000000000002AF (mip.MTI <- 0b1, mip.STI <- 0b0)
mem[X,0x00000000800018D0] -> 0x3103
mem[X,0x00000000800018D2] -> 0x2901
[1374] [M]: 0x00000000800018D0 (0x29013103) ld x2, 0x290(x2)                        resto_Mrtn+24
mem[R,0x0000000080004290] -> 0x0000000000000000
x2 <- 0x0000000000000000

mem[X,0x00000000800018D4] -> 0x0073
mem[X,0x00000000800018D6] -> 0x3020
[1375] [M]: 0x00000000800018D4 (0x30200073) mret                                    resto_Mrtn+28
CSR mstatus (0x300) <- 0x0000000A00000080
ret-ing from M to U

clint mtime 0x00000000000002B0 (mip.MTI <- 0b1, mip.STI <- 0b0)
mem[X,0x0000000080000D98] -> 0x51B7
mem[X,0x0000000080000D9A] -> 0x0000
[1376] [U]: 0xFFFFFF0080000D98 (0x000051B7) lui x3, 0x5                             va_rvtest_code_begin+1500
x3 <- 0x0000000000005000

mem[X,0x0000000080000D9C] -> 0x8193
mem[X,0x0000000080000D9E] -> 0x6671
[1377] [U]: 0xFFFFFF0080000D9C (0x66718193) addi x3, x3, 0x667                      va_rvtest_code_begin+1504
x3 <- 0x0000000000005667

clint mtime 0x00000000000002B1 (mip.MTI <- 0b1, mip.STI <- 0b0)
mem[X,0x0000000080000DA0] -> 0x9193
mem[X,0x0000000080000DA2] -> 0x0011
[1378] [U]: 0xFFFFFF0080000DA0 (0x00119193) slli x3, x3, 0x1                        va_rvtest_code_begin+1508
x3 <- 0x000000000000ACCE

mem[X,0x0000000080000DA4] -> 0x0013
mem[X,0x0000000080000DA6] -> 0x0000
[1379] [U]: 0xFFFFFF0080000DA4 (0x00000013) addi x0, x0, 0x0                        va_rvtest_code_begin+1512

clint mtime 0x00000000000002B2 (mip.MTI <- 0b1, mip.STI <- 0b0)
mem[X,0x0000000080000DA8] -> 0x0013
mem[X,0x0000000080000DAA] -> 0x0000
[1380] [U]: 0xFFFFFF0080000DA8 (0x00000013) addi x0, x0, 0x0                        va_rvtest_code_begin+1516

mem[X,0x0000000080000DAC] -> 0x0013
mem[X,0x0000000080000DAE] -> 0x0000
[1381] [U]: 0xFFFFFF0080000DAC (0x00000013) addi x0, x0, 0x0                        va_rvtest_code_begin+1520

clint mtime 0x00000000000002B3 (mip.MTI <- 0b1, mip.STI <- 0b0)
mem[X,0x0000000080000DB0] -> 0x0013
mem[X,0x0000000080000DB2] -> 0x0000
[1382] [U]: 0xFFFFFF0080000DB0 (0x00000013) addi x0, x0, 0x0                        va_rvtest_code_begin+1524

mem[X,0x0000000080000DB4] -> 0x0013
mem[X,0x0000000080000DB6] -> 0x0000
[1383] [U]: 0xFFFFFF0080000DB4 (0x00000013) addi x0, x0, 0x0                        va_rvtest_code_begin+1528

clint mtime 0x00000000000002B4 (mip.MTI <- 0b1, mip.STI <- 0b0)
mem[X,0x0000000080000DB8] -> 0x0013
mem[X,0x0000000080000DBA] -> 0x0000
[1384] [U]: 0xFFFFFF0080000DB8 (0x00000013) addi x0, x0, 0x0                        va_rvtest_code_begin+1532

mem[X,0x0000000080000DBC] -> 0x0013
mem[X,0x0000000080000DBE] -> 0x0000
[1385] [U]: 0xFFFFFF0080000DBC (0x00000013) addi x0, x0, 0x0                        va_rvtest_code_begin+1536

clint mtime 0x00000000000002B5 (mip.MTI <- 0b1, mip.STI <- 0b0)
mem[X,0x0000000080000DC0] -> 0x0217
mem[X,0x0000000080000DC2] -> 0x0000
[1386] [U]: 0xFFFFFF0080000DC0 (0x00000217) auipc x4, 0x0                           va_rvtest_code_begin+1540
x4 <- 0xFFFFFF0080000DC0

mem[X,0x0000000080000DC4] -> 0x0213
mem[X,0x0000000080000DC6] -> 0x02C2
[1387] [U]: 0xFFFFFF0080000DC4 (0x02C20213) addi x4, x4, 0x2c                       va_rvtest_code_begin+1544
x4 <- 0xFFFFFF0080000DEC

clint mtime 0x00000000000002B6 (mip.MTI <- 0b1, mip.STI <- 0b0)
mem[X,0x0000000080000DC8] -> 0x0001
[1388] [U]: 0xFFFFFF0080000DC8 (0x0001) c.nop                                       va_rvtest_code_begin+1548

mem[X,0x0000000080000DCA] -> 0x0013
mem[X,0x0000000080000DCC] -> 0x0000
[1389] [U]: 0xFFFFFF0080000DCA (0x00000013) addi x0, x0, 0x0                        va_rvtest_code_begin+1550

clint mtime 0x00000000000002B7 (mip.MTI <- 0b1, mip.STI <- 0b0)
mem[X,0x0000000080000DCE] -> 0x0013
mem[X,0x0000000080000DD0] -> 0x0000
[1390] [U]: 0xFFFFFF0080000DCE (0x00000013) addi x0, x0, 0x0                        va_rvtest_code_begin+1554

mem[X,0x0000000080000DD2] -> 0x0013
mem[X,0x0000000080000DD4] -> 0x0000
[1391] [U]: 0xFFFFFF0080000DD2 (0x00000013) addi x0, x0, 0x0                        va_rvtest_code_begin+1558

clint mtime 0x00000000000002B8 (mip.MTI <- 0b1, mip.STI <- 0b0)
mem[X,0x0000000080000DD6] -> 0x0013
mem[X,0x0000000080000DD8] -> 0x0000
[1392] [U]: 0xFFFFFF0080000DD6 (0x00000013) addi x0, x0, 0x0                        va_rvtest_code_begin+1562

mem[X,0x0000000080000DDA] -> 0x0013
mem[X,0x0000000080000DDC] -> 0x0000
[1393] [U]: 0xFFFFFF0080000DDA (0x00000013) addi x0, x0, 0x0                        va_rvtest_code_begin+1566

clint mtime 0x00000000000002B9 (mip.MTI <- 0b1, mip.STI <- 0b0)
mem[X,0x0000000080000DDE] -> 0x0001
[1394] [U]: 0xFFFFFF0080000DDE (0x0001) c.nop                                       va_rvtest_code_begin+1570

mem[X,0x0000000080000DE0] -> 0x80E7
mem[X,0x0000000080000DE2] -> 0x0007
[1395] [U]: 0xFFFFFF0080000DE0 (0x000780E7) jalr x1, 0x0(x15)                       va_rvtest_code_begin+1572
x1 <- 0xFFFFFF0080000DE4

clint mtime 0x00000000000002BA (mip.MTI <- 0b1, mip.STI <- 0b0)
PTW: Start, vpn=0x0, access_type=X, privilege=Umem[R,0x0000000080008000] -> 0x0000000020001C01
PTW: Step, level=3, pte=0x20001C01, pte_addr=0x80008000
PTW: Start, vpn=0x0, access_type=X, privilege=UPTW: failed, error=mem-access-error, level=2, pte_addr=0x80007000
trapping from U to M to handle fetch-access-fault
handling exc#fetch-access-fault at priv M with tval 0x0000000000000400
CSR mstatus (0x300) <- 0x0000000A00000000
CSR mcause (0x342) <- 0x0000000000000001
CSR mtval (0x343) <- 0x0000000000000400
CSR mepc (0x341) <- 0x0000000000000400

mem[X,0x0000000080001480] -> 0x006F
mem[X,0x0000000080001482] -> 0x1000
[1397] [M]: 0x0000000080001480 (0x1000006F) jal x0, 0x100                           Mtrampoline+0

clint mtime 0x00000000000002BB (mip.MTI <- 0b1, mip.STI <- 0b0)
mem[X,0x0000000080001580] -> 0x1173
mem[X,0x0000000080001582] -> 0x3401
[1398] [M]: 0x0000000080001580 (0x34011173) csrrw x2, mscratch, x2                  trap_Mhandler+0
CSR mscratch (0x340) <- 0x0000000000000000
x2 <- 0x0000000080004000

mem[X,0x0000000080001584] -> 0x3423
mem[X,0x0000000080001586] -> 0x28B1
[1399] [M]: 0x0000000080001584 (0x28B13423) sd x11, 0x288(x2)                       trap_Mhandler+4
mem[W,0x0000000080004288] <- 0x00000000000000DF

clint mtime 0x00000000000002BC (mip.MTI <- 0b1, mip.STI <- 0b0)
mem[X,0x0000000080001588] -> 0x05EF
mem[X,0x000000008000158A] -> 0x0B80
[1400] [M]: 0x0000000080001588 (0x0B8005EF) jal x11, 0xb8                           trap_Mhandler+8
x11 <- 0x000000008000158C

mem[X,0x0000000080001640] -> 0x3023
mem[X,0x0000000080001642] -> 0x28A1
[1401] [M]: 0x0000000080001640 (0x28A13023) sd x10, 0x280(x2)                       common_Mhandler+0
mem[W,0x0000000080004280] <- 0x00000000200000DF

clint mtime 0x00000000000002BD (mip.MTI <- 0b1, mip.STI <- 0b0)
mem[X,0x0000000080001644] -> 0x1573
mem[X,0x0000000080001646] -> 0x3401
[1402] [M]: 0x0000000080001644 (0x34011573) csrrw x10, mscratch, x2                 common_Mhandler+4
CSR mscratch (0x340) <- 0x0000000080004000
x10 <- 0x0000000000000000

mem[X,0x0000000080001648] -> 0x3823
mem[X,0x000000008000164A] -> 0x28A1
[1403] [M]: 0x0000000080001648 (0x28A13823) sd x10, 0x290(x2)                       common_Mhandler+8
mem[W,0x0000000080004290] <- 0x0000000000000000

clint mtime 0x00000000000002BE (mip.MTI <- 0b1, mip.STI <- 0b0)
mem[X,0x000000008000164C] -> 0x3503
mem[X,0x000000008000164E] -> 0x2301
[1404] [M]: 0x000000008000164C (0x23013503) ld x10, 0x230(x2)                       common_Mhandler+12
mem[R,0x0000000080004230] -> 0x0000000080001654
x10 <- 0x0000000080001654

mem[X,0x0000000080001650] -> 0x0067
mem[X,0x0000000080001652] -> 0x0005
[1405] [M]: 0x0000000080001650 (0x00050067) jalr x0, 0x0(x10)                       common_Mhandler+16

clint mtime 0x00000000000002BF (mip.MTI <- 0b1, mip.STI <- 0b0)
mem[X,0x0000000080001654] -> 0x3C23
mem[X,0x0000000080001656] -> 0x2691
[1406] [M]: 0x0000000080001654 (0x26913C23) sd x9, 0x278(x2)                        common_Mentry+0
mem[W,0x0000000080004278] <- 0xFFFFFF000000017C

mem[X,0x0000000080001658] -> 0x3823
mem[X,0x000000008000165A] -> 0x2681
[1407] [M]: 0x0000000080001658 (0x26813823) sd x8, 0x270(x2)                        common_Mentry+4
mem[W,0x0000000080004270] <- 0x0000000000007F76

clint mtime 0x00000000000002C0 (mip.MTI <- 0b1, mip.STI <- 0b0)
mem[X,0x000000008000165C] -> 0x3423
mem[X,0x000000008000165E] -> 0x2671
[1408] [M]: 0x000000008000165C (0x26713423) sd x7, 0x268(x2)                        common_Mentry+8
mem[W,0x0000000080004268] <- 0x0000000080004000

mem[X,0x0000000080001660] -> 0x3023
mem[X,0x0000000080001662] -> 0x2661
[1409] [M]: 0x0000000080001660 (0x26613023) sd x6, 0x260(x2)                        common_Mentry+12
mem[W,0x0000000080004260] <- 0xFFFFFFFF7FFFF40C

clint mtime 0x00000000000002C1 (mip.MTI <- 0b1, mip.STI <- 0b0)
mem[X,0x0000000080001664] -> 0x2573
mem[X,0x0000000080001666] -> 0x3420
[1410] [M]: 0x0000000080001664 (0x34202573) csrrs x10, mcause, x0                   spcl_M2mmode_test+0
CSR mcause (0x342) -> 0x0000000000000001
x10 <- 0x0000000000000001

mem[X,0x0000000080001668] -> 0x04B7
mem[X,0x000000008000166A] -> 0x8000
[1411] [M]: 0x0000000080001668 (0x800004B7) lui x9, -0x80000                        spcl_M2mmode_test+4
x9 <- 0xFFFFFFFF80000000

clint mtime 0x00000000000002C2 (mip.MTI <- 0b1, mip.STI <- 0b0)
mem[X,0x000000008000166C] -> 0x8493
mem[X,0x000000008000166E] -> 0x0004
[1412] [M]: 0x000000008000166C (0x00048493) addi x9, x9, 0x0                        spcl_M2mmode_test+8
x9 <- 0xFFFFFFFF80000000

mem[X,0x0000000080001670] -> 0x9493
mem[X,0x0000000080001672] -> 0x00B4
[1413] [M]: 0x0000000080001670 (0x00B49493) slli x9, x9, 0xb                        spcl_M2mmode_test+12
x9 <- 0xFFFFFC0000000000

clint mtime 0x00000000000002C3 (mip.MTI <- 0b1, mip.STI <- 0b0)
mem[X,0x0000000080001674] -> 0x8493
mem[X,0x0000000080001676] -> 0x0004
[1414] [M]: 0x0000000080001674 (0x00048493) addi x9, x9, 0x0                        spcl_M2mmode_test+16
x9 <- 0xFFFFFC0000000000

mem[X,0x0000000080001678] -> 0x9493
mem[X,0x000000008000167A] -> 0x00B4
[1415] [M]: 0x0000000080001678 (0x00B49493) slli x9, x9, 0xb                        spcl_M2mmode_test+20
x9 <- 0xFFE0000000000000

clint mtime 0x00000000000002C4 (mip.MTI <- 0b1, mip.STI <- 0b0)
mem[X,0x000000008000167C] -> 0x8493
mem[X,0x000000008000167E] -> 0x0034
[1416] [M]: 0x000000008000167C (0x00348493) addi x9, x9, 0x3                        spcl_M2mmode_test+24
x9 <- 0xFFE0000000000003

mem[X,0x0000000080001680] -> 0x9493
mem[X,0x0000000080001682] -> 0x00A4
[1417] [M]: 0x0000000080001680 (0x00A49493) slli x9, x9, 0xa                        spcl_M2mmode_test+28
x9 <- 0x8000000000000C00

clint mtime 0x00000000000002C5 (mip.MTI <- 0b1, mip.STI <- 0b0)
mem[X,0x0000000080001684] -> 0x8493
mem[X,0x0000000080001686] -> 0x3FC4
[1418] [M]: 0x0000000080001684 (0x3FC48493) addi x9, x9, 0x3fc                      spcl_M2mmode_test+32
x9 <- 0x8000000000000FFC

mem[X,0x0000000080001688] -> 0xF4B3
mem[X,0x000000008000168A] -> 0x00A4
[1419] [M]: 0x0000000080001688 (0x00A4F4B3) and x9, x9, x10                         spcl_M2mmode_test+36
x9 <- 0x0000000000000000

clint mtime 0x00000000000002C6 (mip.MTI <- 0b1, mip.STI <- 0b0)
mem[X,0x000000008000168C] -> 0x8493
mem[X,0x000000008000168E] -> 0xFF84
[1420] [M]: 0x000000008000168C (0xFF848493) addi x9, x9, -0x8                       spcl_M2mmode_test+40
x9 <- 0xFFFFFFFFFFFFFFF8

mem[X,0x0000000080001690] -> 0x9663
mem[X,0x0000000080001692] -> 0x0004
[1421] [M]: 0x0000000080001690 (0x00049663) bne x9, x0, 0xc                         spcl_M2mmode_test+44

clint mtime 0x00000000000002C7 (mip.MTI <- 0b1, mip.STI <- 0b0)
mem[X,0x000000008000169C] -> 0x0393
mem[X,0x000000008000169E] -> 0x0200
[1422] [M]: 0x000000008000169C (0x02000393) addi x7, x0, 0x20                       Mtrapsig_ptr_upd+0
x7 <- 0x0000000000000020

mem[X,0x00000000800016A0] -> 0x5263
mem[X,0x00000000800016A2] -> 0x0405
[1423] [M]: 0x00000000800016A0 (0x04055263) bge x10, x0, 0x44                       Mtrapsig_ptr_upd+4

clint mtime 0x00000000000002C8 (mip.MTI <- 0b1, mip.STI <- 0b0)
mem[X,0x00000000800016E4] -> 0x2373
mem[X,0x00000000800016E6] -> 0x3010
[1424] [M]: 0x00000000800016E4 (0x30102373) csrrs x6, misa, x0                      Mxcpt_sig_sv+0
CSR misa (0x301) -> 0x800000000034112F
x6 <- 0x800000000034112F

mem[X,0x00000000800016E8] -> 0x1313
mem[X,0x00000000800016EA] -> 0x0383
[1425] [M]: 0x00000000800016E8 (0x03831313) slli x6, x6, 0x38                       Mxcpt_sig_sv+4
x6 <- 0x2F00000000000000

clint mtime 0x00000000000002C9 (mip.MTI <- 0b1, mip.STI <- 0b0)
mem[X,0x00000000800016EC] -> 0x5463
mem[X,0x00000000800016EE] -> 0x0003
[1426] [M]: 0x00000000800016EC (0x00035463) bge x6, x0, 0x8                         Mxcpt_sig_sv+8

mem[X,0x00000000800016F4] -> 0x3303
mem[X,0x00000000800016F6] -> 0x2181
[1427] [M]: 0x00000000800016F4 (0x21813303) ld x6, 0x218(x2)                        Mtrap_sig_sv+0
mem[R,0x0000000080004218] -> 0x00000000800093F8
x6 <- 0x00000000800093F8

clint mtime 0x00000000000002CA (mip.MTI <- 0b1, mip.STI <- 0b0)
mem[X,0x00000000800016F8] -> 0x04B3
mem[X,0x00000000800016FA] -> 0x0073
[1428] [M]: 0x00000000800016F8 (0x007304B3) add x9, x6, x7                          Mtrap_sig_sv+4
x9 <- 0x0000000080009418

mem[X,0x00000000800016FC] -> 0x3C23
mem[X,0x00000000800016FE] -> 0x2091
[1429] [M]: 0x00000000800016FC (0x20913C23) sd x9, 0x218(x2)                        Mtrap_sig_sv+8
mem[W,0x0000000080004218] <- 0x0000000080009418

clint mtime 0x00000000000002CB (mip.MTI <- 0b1, mip.STI <- 0b0)
mem[X,0x0000000080001700] -> 0x3403
mem[X,0x0000000080001702] -> 0x1F81
[1430] [M]: 0x0000000080001700 (0x1F813403) ld x8, 0x1f8(x2)                        Mtrap_sig_sv+12
mem[R,0x00000000800041F8] -> 0x0000000080009110
x8 <- 0x0000000080009110

mem[X,0x0000000080001704] -> 0x0333
mem[X,0x0000000080001706] -> 0x4083
[1431] [M]: 0x0000000080001704 (0x40830333) sub x6, x6, x8                          Mtrap_sig_sv+16
x6 <- 0x00000000000002E8

clint mtime 0x00000000000002CC (mip.MTI <- 0b1, mip.STI <- 0b0)
mem[X,0x0000000080001708] -> 0x3403
mem[X,0x000000008000170A] -> 0x1F81
[1432] [M]: 0x0000000080001708 (0x1F813403) ld x8, 0x1f8(x2)                        Mtrap_sig_sv+20
mem[R,0x00000000800041F8] -> 0x0000000080009110
x8 <- 0x0000000080009110

mem[X,0x000000008000170C] -> 0x0333
mem[X,0x000000008000170E] -> 0x0083
[1433] [M]: 0x000000008000170C (0x00830333) add x6, x6, x8                          Mtrap_sig_sv+24
x6 <- 0x00000000800093F8

clint mtime 0x00000000000002CD (mip.MTI <- 0b1, mip.STI <- 0b0)
mem[X,0x0000000080001710] -> 0x3403
mem[X,0x0000000080001712] -> 0x2401
[1434] [M]: 0x0000000080001710 (0x24013403) ld x8, 0x240(x2)                        Mtrap_sig_sv+28
mem[R,0x0000000080004240] -> 0x0000000080001480
x8 <- 0x0000000080001480

mem[X,0x0000000080001714] -> 0x85B3
mem[X,0x0000000080001716] -> 0x4085
[1435] [M]: 0x0000000080001714 (0x408585B3) sub x11, x11, x8                        sv_Mvect+0
x11 <- 0x000000000000010C

clint mtime 0x00000000000002CE (mip.MTI <- 0b1, mip.STI <- 0b0)
mem[X,0x0000000080001718] -> 0x9593
mem[X,0x000000008000171A] -> 0x0045
[1436] [M]: 0x0000000080001718 (0x00459593) slli x11, x11, 0x4                      sv_Mvect+4
x11 <- 0x00000000000010C0

mem[X,0x000000008000171C] -> 0xE5B3
mem[X,0x000000008000171E] -> 0x0075
[1437] [M]: 0x000000008000171C (0x0075E5B3) or x11, x11, x7                         sv_Mvect+8
x11 <- 0x00000000000010E0

clint mtime 0x00000000000002CF (mip.MTI <- 0b1, mip.STI <- 0b0)
mem[X,0x0000000080001720] -> 0x8593
mem[X,0x0000000080001722] -> 0x0035
[1438] [M]: 0x0000000080001720 (0x00358593) addi x11, x11, 0x3                      sv_Mvect+12
x11 <- 0x00000000000010E3

mem[X,0x0000000080001724] -> 0x3023
mem[X,0x0000000080001726] -> 0x00B3
[1439] [M]: 0x0000000080001724 (0x00B33023) sd x11, 0x0(x6)                         sv_Mvect+16
mem[W,0x00000000800093F8] <- 0x00000000000010E3

clint mtime 0x00000000000002D0 (mip.MTI <- 0b1, mip.STI <- 0b0)
mem[X,0x0000000080001728] -> 0x3423
mem[X,0x000000008000172A] -> 0x00A3
[1440] [M]: 0x0000000080001728 (0x00A33423) sd x10, 0x8(x6)                         sv_Mcause+0
mem[W,0x0000000080009400] <- 0x0000000000000001

mem[X,0x000000008000172C] -> 0x4663
mem[X,0x000000008000172E] -> 0x1A05
[1441] [M]: 0x000000008000172C (0x1A054663) blt x10, x0, 0x1ac                      sv_Mcause+4

clint mtime 0x00000000000002D1 (mip.MTI <- 0b1, mip.STI <- 0b0)
mem[X,0x0000000080001730] -> 0x25F3
mem[X,0x0000000080001732] -> 0x3000
[1442] [M]: 0x0000000080001730 (0x300025F3) csrrs x11, mstatus, x0                  common_Mexcpt_handler+0
CSR mstatus (0x300) -> 0x0000000A00000000
x11 <- 0x0000000A00000000

mem[X,0x0000000080001734] -> 0x9413
mem[X,0x0000000080001736] -> 0x02E5
[1443] [M]: 0x0000000080001734 (0x02E59413) slli x8, x11, 0x2e                      common_Mexcpt_handler+4
x8 <- 0x0000000000000000

clint mtime 0x00000000000002D2 (mip.MTI <- 0b1, mip.STI <- 0b0)
mem[X,0x0000000080001738] -> 0x5463
mem[X,0x000000008000173A] -> 0x0004
[1444] [M]: 0x0000000080001738 (0x00045463) bge x8, x0, 0x8                         common_Mexcpt_handler+8

mem[X,0x0000000080001740] -> 0xD493
mem[X,0x0000000080001742] -> 0x00B5
[1445] [M]: 0x0000000080001740 (0x00B5D493) srli x9, x11, 0xb                       common_Mexcpt_handler+16
x9 <- 0x0000000001400000

clint mtime 0x00000000000002D3 (mip.MTI <- 0b1, mip.STI <- 0b0)
mem[X,0x0000000080001744] -> 0xF493
mem[X,0x0000000080001746] -> 0x0034
[1446] [M]: 0x0000000080001744 (0x0034F493) andi x9, x9, 0x3                        common_Mexcpt_handler+20
x9 <- 0x0000000000000000

mem[X,0x0000000080001748] -> 0x8493
mem[X,0x000000008000174A] -> 0x0014
[1447] [M]: 0x0000000080001748 (0x00148493) addi x9, x9, 0x1                        common_Mexcpt_handler+24
x9 <- 0x0000000000000001

clint mtime 0x00000000000002D4 (mip.MTI <- 0b1, mip.STI <- 0b0)
mem[X,0x000000008000174C] -> 0xF493
mem[X,0x000000008000174E] -> 0x0044
[1448] [M]: 0x000000008000174C (0x0044F493) andi x9, x9, 0x4                        common_Mexcpt_handler+28
x9 <- 0x0000000000000000

mem[X,0x0000000080001750] -> 0x0593
mem[X,0x0000000080001752] -> 0x05D0
[1449] [M]: 0x0000000080001750 (0x05D00593) addi x11, x0, 0x5d                      common_Mexcpt_handler+32
x11 <- 0x000000000000005D

clint mtime 0x00000000000002D5 (mip.MTI <- 0b1, mip.STI <- 0b0)
mem[X,0x0000000080001754] -> 0xD5B3
mem[X,0x0000000080001756] -> 0x0095
[1450] [M]: 0x0000000080001754 (0x0095D5B3) srl x11, x11, x9                        common_Mexcpt_handler+36
x11 <- 0x000000000000005D

mem[X,0x0000000080001758] -> 0xF593
mem[X,0x000000008000175A] -> 0x0015
[1451] [M]: 0x0000000080001758 (0x0015F593) andi x11, x11, 0x1                      common_Mexcpt_handler+40
x11 <- 0x0000000000000001

clint mtime 0x00000000000002D6 (mip.MTI <- 0b1, mip.STI <- 0b0)
mem[X,0x000000008000175C] -> 0x8EE3
mem[X,0x000000008000175E] -> 0xF405
[1452] [M]: 0x000000008000175C (0xF4058EE3) beq x11, x0, -0xa4                      common_Mexcpt_handler+44

mem[X,0x0000000080001760] -> 0x0593
mem[X,0x0000000080001762] -> 0x2980
[1453] [M]: 0x0000000080001760 (0x29800593) addi x11, x0, 0x298                     common_Mexcpt_handler+48
x11 <- 0x0000000000000298

clint mtime 0x00000000000002D7 (mip.MTI <- 0b1, mip.STI <- 0b0)
mem[X,0x0000000080001764] -> 0xF413
mem[X,0x0000000080001766] -> 0x0014
[1454] [M]: 0x0000000080001764 (0x0014F413) andi x8, x9, 0x1                        common_Mexcpt_handler+52
x8 <- 0x0000000000000000

mem[X,0x0000000080001768] -> 0x95B3
mem[X,0x000000008000176A] -> 0x0085
[1455] [M]: 0x0000000080001768 (0x008595B3) sll x11, x11, x8                        common_Mexcpt_handler+56
x11 <- 0x0000000000000298

clint mtime 0x00000000000002D8 (mip.MTI <- 0b1, mip.STI <- 0b0)
mem[X,0x000000008000176C] -> 0x9413
mem[X,0x000000008000176E] -> 0x03D4
[1456] [M]: 0x000000008000176C (0x03D49413) slli x8, x9, 0x3d                       common_Mexcpt_handler+60
x8 <- 0x0000000000000000

mem[X,0x0000000080001770] -> 0x5413
mem[X,0x0000000080001772] -> 0x43F4
[1457] [M]: 0x0000000080001770 (0x43F45413) srai x8, x8, 0x3f                       common_Mexcpt_handler+64
x8 <- 0x0000000000000000

clint mtime 0x00000000000002D9 (mip.MTI <- 0b1, mip.STI <- 0b0)
mem[X,0x0000000080001774] -> 0x4413
mem[X,0x0000000080001776] -> 0xFFF4
[1458] [M]: 0x0000000080001774 (0xFFF44413) xori x8, x8, -0x1                       common_Mexcpt_handler+68
x8 <- 0xFFFFFFFFFFFFFFFF

mem[X,0x0000000080001778] -> 0xF4B3
mem[X,0x000000008000177A] -> 0x0085
[1459] [M]: 0x0000000080001778 (0x0085F4B3) and x9, x11, x8                         common_Mexcpt_handler+72
x9 <- 0x0000000000000298

clint mtime 0x00000000000002DA (mip.MTI <- 0b1, mip.STI <- 0b0)
mem[X,0x000000008000177C] -> 0x84B3
mem[X,0x000000008000177E] -> 0x0024
[1460] [M]: 0x000000008000177C (0x002484B3) add x9, x9, x2                          vmem_adj_Mepc+0
x9 <- 0x0000000080004298

mem[X,0x0000000080001780] -> 0x23F3
mem[X,0x0000000080001782] -> 0x3410
[1461] [M]: 0x0000000080001780 (0x341023F3) csrrs x7, mepc, x0                      vmem_adj_Mepc+4
CSR mepc (0x341) -> 0x0000000000000400
x7 <- 0x0000000000000400

clint mtime 0x00000000000002DB (mip.MTI <- 0b1, mip.STI <- 0b0)
mem[X,0x0000000080001784] -> 0x0413
mem[X,0x0000000080001786] -> 0x0004
[1462] [M]: 0x0000000080001784 (0x00040413) addi x8, x8, 0x0                        vmem_adj_Mepc+8
x8 <- 0xFFFFFFFFFFFFFFFF

mem[X,0x0000000080001788] -> 0x006F
mem[X,0x000000008000178A] -> 0x0400
[1463] [M]: 0x0000000080001788 (0x0400006F) jal x0, 0x40                            vmem_adj_Mepc+12

clint mtime 0x00000000000002DC (mip.MTI <- 0b1, mip.STI <- 0b0)
mem[X,0x00000000800017C8] -> 0x8433
mem[X,0x00000000800017CA] -> 0x4083
[1464] [M]: 0x00000000800017C8 (0x40838433) sub x8, x7, x8                          adj_Mepc+0
x8 <- 0x0000000000000401

mem[X,0x00000000800017CC] -> 0x3823
mem[X,0x00000000800017CE] -> 0x0083
[1465] [M]: 0x00000000800017CC (0x00833823) sd x8, 0x10(x6)                         sv_Mepc+0
mem[W,0x0000000080009408] <- 0x0000000000000401

clint mtime 0x00000000000002DD (mip.MTI <- 0b1, mip.STI <- 0b0)
mem[X,0x00000000800017D0] -> 0x55B7
mem[X,0x00000000800017D2] -> 0x0000
[1466] [M]: 0x00000000800017D0 (0x000055B7) lui x11, 0x5                            sv_Mepc+4
x11 <- 0x0000000000005000

mem[X,0x00000000800017D4] -> 0x8593
mem[X,0x00000000800017D6] -> 0x6675
[1467] [M]: 0x00000000800017D4 (0x66758593) addi x11, x11, 0x667                    sv_Mepc+8
x11 <- 0x0000000000005667

clint mtime 0x00000000000002DE (mip.MTI <- 0b1, mip.STI <- 0b0)
mem[X,0x00000000800017D8] -> 0x9593
mem[X,0x00000000800017DA] -> 0x0015
[1468] [M]: 0x00000000800017D8 (0x00159593) slli x11, x11, 0x1                      sv_Mepc+12
x11 <- 0x000000000000ACCE

mem[X,0x00000000800017DC] -> 0x9063
mem[X,0x00000000800017DE] -> 0x02B1
[1469] [M]: 0x00000000800017DC (0x02B19063) bne x3, x11, 0x20                       sv_Mepc+16

clint mtime 0x00000000000002DF (mip.MTI <- 0b1, mip.STI <- 0b0)
mem[X,0x00000000800017E0] -> 0x2473
mem[X,0x00000000800017E2] -> 0x3420
[1470] [M]: 0x00000000800017E0 (0x34202473) csrrs x8, mcause, x0                    sv_Mepc+20
CSR mcause (0x342) -> 0x0000000000000001
x8 <- 0x0000000000000001

mem[X,0x00000000800017E4] -> 0x0593
mem[X,0x00000000800017E6] -> 0x00C0
[1471] [M]: 0x00000000800017E4 (0x00C00593) addi x11, x0, 0xc                       sv_Mepc+24
x11 <- 0x000000000000000C

clint mtime 0x00000000000002E0 (mip.MTI <- 0b1, mip.STI <- 0b0)
mem[X,0x00000000800017E8] -> 0x0663
mem[X,0x00000000800017EA] -> 0x00B4
[1472] [M]: 0x00000000800017E8 (0x00B40663) beq x8, x11, 0xc                        sv_Mepc+28

mem[X,0x00000000800017EC] -> 0x0593
mem[X,0x00000000800017EE] -> 0x0010
[1473] [M]: 0x00000000800017EC (0x00100593) addi x11, x0, 0x1                       sv_Mepc+32
x11 <- 0x0000000000000001

clint mtime 0x00000000000002E1 (mip.MTI <- 0b1, mip.STI <- 0b0)
mem[X,0x00000000800017F0] -> 0x1663
mem[X,0x00000000800017F2] -> 0x00B4
[1474] [M]: 0x00000000800017F0 (0x00B41663) bne x8, x11, 0xc                        sv_Mepc+36

mem[X,0x00000000800017F4] -> 0x1073
mem[X,0x00000000800017F6] -> 0x3412
[1475] [M]: 0x00000000800017F4 (0x34121073) csrrw x0, mepc, x4                      sv_Mepc+40
CSR mepc (0x341) <- 0xFFFFFF0080000DEC

clint mtime 0x00000000000002E2 (mip.MTI <- 0b1, mip.STI <- 0b0)
mem[X,0x00000000800017F8] -> 0x006F
mem[X,0x00000000800017FA] -> 0x0100
[1476] [M]: 0x00000000800017F8 (0x0100006F) jal x0, 0x10                            sv_Mepc+44

mem[X,0x0000000080001808] -> 0x23F3
mem[X,0x000000008000180A] -> 0x3430
[1477] [M]: 0x0000000080001808 (0x343023F3) csrrs x7, mtval, x0                     skp_adj_Mepc+0
CSR mtval (0x343) -> 0x0000000000000400
x7 <- 0x0000000000000400

clint mtime 0x00000000000002E3 (mip.MTI <- 0b1, mip.STI <- 0b0)
mem[X,0x000000008000180C] -> 0x0413
mem[X,0x000000008000180E] -> 0x0004
[1478] [M]: 0x000000008000180C (0x00040413) addi x8, x8, 0x0                        skp_adj_Mepc+4
x8 <- 0x0000000000000001

mem[X,0x0000000080001810] -> 0x006F
mem[X,0x0000000080001812] -> 0x0840
[1479] [M]: 0x0000000080001810 (0x0840006F) jal x0, 0x84                            skp_adj_Mepc+8

clint mtime 0x00000000000002E4 (mip.MTI <- 0b1, mip.STI <- 0b0)
mem[X,0x0000000080001894] -> 0x8433
mem[X,0x0000000080001896] -> 0x4083
[1480] [M]: 0x0000000080001894 (0x40838433) sub x8, x7, x8                          adj_Mtval+0
x8 <- 0x00000000000003FF

mem[X,0x0000000080001898] -> 0x3C23
mem[X,0x000000008000189A] -> 0x0083
[1481] [M]: 0x0000000080001898 (0x00833C23) sd x8, 0x18(x6)                         sv_Mtval+0
mem[W,0x0000000080009410] <- 0x00000000000003FF

clint mtime 0x00000000000002E5 (mip.MTI <- 0b1, mip.STI <- 0b0)
mem[X,0x000000008000189C] -> 0x3483
mem[X,0x000000008000189E] -> 0x2181
[1482] [M]: 0x000000008000189C (0x21813483) ld x9, 0x218(x2)                        skp_Mtval+0
mem[R,0x0000000080004218] -> 0x0000000080009418
x9 <- 0x0000000080009418

mem[X,0x00000000800018A0] -> 0x3383
mem[X,0x00000000800018A2] -> 0x1F81
[1483] [M]: 0x00000000800018A0 (0x1F813383) ld x7, 0x1f8(x2)                        skp_Mtval+4
mem[R,0x00000000800041F8] -> 0x0000000080009110
x7 <- 0x0000000080009110

clint mtime 0x00000000000002E6 (mip.MTI <- 0b1, mip.STI <- 0b0)
mem[X,0x00000000800018A4] -> 0x3303
mem[X,0x00000000800018A6] -> 0x2001
[1484] [M]: 0x00000000800018A4 (0x20013303) ld x6, 0x200(x2)                        skp_Mtval+8
mem[R,0x0000000080004200] -> 0x0000000000000410
x6 <- 0x0000000000000410

mem[X,0x00000000800018A8] -> 0x0333
mem[X,0x00000000800018AA] -> 0x0073
[1485] [M]: 0x00000000800018A8 (0x00730333) add x6, x6, x7                          skp_Mtval+12
x6 <- 0x0000000080009520

clint mtime 0x00000000000002E7 (mip.MTI <- 0b1, mip.STI <- 0b0)
mem[X,0x00000000800018AC] -> 0x6AE3
mem[X,0x00000000800018AE] -> 0xAE93
[1486] [M]: 0x00000000800018AC (0xAE936AE3) bltu x6, x9, -0x50c                     skp_Mtval+16

mem[X,0x00000000800018B0] -> 0x0393
mem[X,0x00000000800018B2] -> 0x2000
[1487] [M]: 0x00000000800018B0 (0x20000393) addi x7, x0, 0x200                      skp_Mtval+20
x7 <- 0x0000000000000200

clint mtime 0x00000000000002E8 (mip.MTI <- 0b1, mip.STI <- 0b0)
mem[X,0x00000000800018B4] -> 0x006F
mem[X,0x00000000800018B6] -> 0x0400
[1488] [M]: 0x00000000800018B4 (0x0400006F) jal x0, 0x40                            skp_Mtval+24

mem[X,0x00000000800018F4] -> 0x0417
mem[X,0x00000000800018F6] -> 0x0000
[1489] [M]: 0x00000000800018F4 (0x00000417) auipc x8, 0x0                           spcl_Mhandler+0
x8 <- 0x00000000800018F4

clint mtime 0x00000000000002E9 (mip.MTI <- 0b1, mip.STI <- 0b0)
mem[X,0x00000000800018F8] -> 0x0413
mem[X,0x00000000800018FA] -> 0x03C4
[1490] [M]: 0x00000000800018F8 (0x03C40413) addi x8, x8, 0x3c                       spcl_Mhandler+4
x8 <- 0x0000000080001930

mem[X,0x00000000800018FC] -> 0x0433
mem[X,0x00000000800018FE] -> 0x0074
[1491] [M]: 0x00000000800018FC (0x00740433) add x8, x8, x7                          spcl_Mhandler+8
x8 <- 0x0000000080001B30

clint mtime 0x00000000000002EA (mip.MTI <- 0b1, mip.STI <- 0b0)
mem[X,0x0000000080001900] -> 0x1393
mem[X,0x0000000080001902] -> 0x0035
[1492] [M]: 0x0000000080001900 (0x00351393) slli x7, x10, 0x3                       spcl_Mhandler+12
x7 <- 0x0000000000000008

mem[X,0x0000000080001904] -> 0x0433
mem[X,0x0000000080001906] -> 0x0074
[1493] [M]: 0x0000000080001904 (0x00740433) add x8, x8, x7                          spcl_Mhandler+16
x8 <- 0x0000000080001B38

clint mtime 0x00000000000002EB (mip.MTI <- 0b1, mip.STI <- 0b0)
mem[X,0x0000000080001908] -> 0x7413
mem[X,0x000000008000190A] -> 0xFF84
[1494] [M]: 0x0000000080001908 (0xFF847413) andi x8, x8, -0x8                       spcl_Mhandler+20
x8 <- 0x0000000080001B38

mem[X,0x000000008000190C] -> 0x3403
mem[X,0x000000008000190E] -> 0x0004
[1495] [M]: 0x000000008000190C (0x00043403) ld x8, 0x0(x8)                          spcl_Mhandler+24
mem[R,0x0000000080001B38] -> 0x0000000000000003
x8 <- 0x0000000000000003

clint mtime 0x00000000000002EC (mip.MTI <- 0b1, mip.STI <- 0b0)
mem[X,0x0000000080001910] -> 0x02E3
mem[X,0x0000000080001912] -> 0xB204
[1496] [M]: 0x0000000080001910 (0xB20402E3) beq x8, x0, -0x4dc                      spcl_Mdispatch_hndling+0

mem[X,0x0000000080001914] -> 0x1393
mem[X,0x0000000080001916] -> 0x03F4
[1497] [M]: 0x0000000080001914 (0x03F41393) slli x7, x8, 0x3f                       spcl_Mdispatch_hndling+4
x7 <- 0x8000000000000000

clint mtime 0x00000000000002ED (mip.MTI <- 0b1, mip.STI <- 0b0)
mem[X,0x0000000080001918] -> 0xD863
mem[X,0x000000008000191A] -> 0x0003
[1498] [M]: 0x0000000080001918 (0x0003D863) bge x7, x0, 0x10                        spcl_Mdispatch_hndling+8

mem[X,0x000000008000191C] -> 0x5413
mem[X,0x000000008000191E] -> 0x0014
[1499] [M]: 0x000000008000191C (0x00145413) srli x8, x8, 0x1                        spcl_Mdispatch_hndling+12
x8 <- 0x0000000000000001

clint mtime 0x00000000000002EE (mip.MTI <- 0b1, mip.STI <- 0b0)
mem[X,0x0000000080001920] -> 0x0CE3
mem[X,0x0000000080001922] -> 0xF885
[1500] [M]: 0x0000000080001920 (0xF8850CE3) beq x10, x8, -0x68                      spcl_Mdispatch_hndling+16

mem[X,0x00000000800018B8] -> 0x3303
mem[X,0x00000000800018BA] -> 0x2601
[1501] [M]: 0x00000000800018B8 (0x26013303) ld x6, 0x260(x2)                        resto_Mrtn+0
mem[R,0x0000000080004260] -> 0xFFFFFFFF7FFFF40C
x6 <- 0xFFFFFFFF7FFFF40C

clint mtime 0x00000000000002EF (mip.MTI <- 0b1, mip.STI <- 0b0)
mem[X,0x00000000800018BC] -> 0x3383
mem[X,0x00000000800018BE] -> 0x2681
[1502] [M]: 0x00000000800018BC (0x26813383) ld x7, 0x268(x2)                        resto_Mrtn+4
mem[R,0x0000000080004268] -> 0x0000000080004000
x7 <- 0x0000000080004000

mem[X,0x00000000800018C0] -> 0x3403
mem[X,0x00000000800018C2] -> 0x2701
[1503] [M]: 0x00000000800018C0 (0x27013403) ld x8, 0x270(x2)                        resto_Mrtn+8
mem[R,0x0000000080004270] -> 0x0000000000007F76
x8 <- 0x0000000000007F76

clint mtime 0x00000000000002F0 (mip.MTI <- 0b1, mip.STI <- 0b0)
mem[X,0x00000000800018C4] -> 0x3483
mem[X,0x00000000800018C6] -> 0x2781
[1504] [M]: 0x00000000800018C4 (0x27813483) ld x9, 0x278(x2)                        resto_Mrtn+12
mem[R,0x0000000080004278] -> 0xFFFFFF000000017C
x9 <- 0xFFFFFF000000017C

mem[X,0x00000000800018C8] -> 0x3503
mem[X,0x00000000800018CA] -> 0x2801
[1505] [M]: 0x00000000800018C8 (0x28013503) ld x10, 0x280(x2)                       resto_Mrtn+16
mem[R,0x0000000080004280] -> 0x00000000200000DF
x10 <- 0x00000000200000DF

clint mtime 0x00000000000002F1 (mip.MTI <- 0b1, mip.STI <- 0b0)
mem[X,0x00000000800018CC] -> 0x3583
mem[X,0x00000000800018CE] -> 0x2881
[1506] [M]: 0x00000000800018CC (0x28813583) ld x11, 0x288(x2)                       resto_Mrtn+20
mem[R,0x0000000080004288] -> 0x00000000000000DF
x11 <- 0x00000000000000DF

mem[X,0x00000000800018D0] -> 0x3103
mem[X,0x00000000800018D2] -> 0x2901
[1507] [M]: 0x00000000800018D0 (0x29013103) ld x2, 0x290(x2)                        resto_Mrtn+24
mem[R,0x0000000080004290] -> 0x0000000000000000
x2 <- 0x0000000000000000

clint mtime 0x00000000000002F2 (mip.MTI <- 0b1, mip.STI <- 0b0)
mem[X,0x00000000800018D4] -> 0x0073
mem[X,0x00000000800018D6] -> 0x3020
[1508] [M]: 0x00000000800018D4 (0x30200073) mret                                    resto_Mrtn+28
CSR mstatus (0x300) <- 0x0000000A00000080
ret-ing from M to U

mem[X,0x0000000080000DEC] -> 0x0013
mem[X,0x0000000080000DEE] -> 0x0000
[1509] [U]: 0xFFFFFF0080000DEC (0x00000013) addi x0, x0, 0x0                        va_rvtest_code_begin+1584

clint mtime 0x00000000000002F3 (mip.MTI <- 0b1, mip.STI <- 0b0)
mem[X,0x0000000080000DF0] -> 0x0013
mem[X,0x0000000080000DF2] -> 0x0000
[1510] [U]: 0xFFFFFF0080000DF0 (0x00000013) addi x0, x0, 0x0                        va_rvtest_code_begin+1588

mem[X,0x0000000080000DF4] -> 0x0013
mem[X,0x0000000080000DF6] -> 0x0000
[1511] [U]: 0xFFFFFF0080000DF4 (0x00000013) addi x0, x0, 0x0                        va_rvtest_code_begin+1592

clint mtime 0x00000000000002F4 (mip.MTI <- 0b1, mip.STI <- 0b0)
mem[X,0x0000000080000DF8] -> 0x0113
mem[X,0x0000000080000DFA] -> 0x0000
[1512] [U]: 0xFFFFFF0080000DF8 (0x00000113) addi x2, x0, 0x0                        va_rvtest_code_begin+1596
x2 <- 0x0000000000000000

mem[X,0x0000000080000DFC] -> 0x0073
mem[X,0x0000000080000DFE] -> 0x0000
[1513] [U]: 0xFFFFFF0080000DFC (0x00000073) ecall                                   va_rvtest_code_begin+1600
trapping from U to M to handle u-call
handling exc#u-call at priv M with tval 0x0000000000000000
CSR mstatus (0x300) <- 0x0000000A00000000
CSR mcause (0x342) <- 0x0000000000000008
CSR mtval (0x343) <- 0x0000000000000000
CSR mepc (0x341) <- 0xFFFFFF0080000DFC

clint mtime 0x00000000000002F5 (mip.MTI <- 0b1, mip.STI <- 0b0)
mem[X,0x0000000080001480] -> 0x006F
mem[X,0x0000000080001482] -> 0x1000
[1514] [M]: 0x0000000080001480 (0x1000006F) jal x0, 0x100                           Mtrampoline+0

mem[X,0x0000000080001580] -> 0x1173
mem[X,0x0000000080001582] -> 0x3401
[1515] [M]: 0x0000000080001580 (0x34011173) csrrw x2, mscratch, x2                  trap_Mhandler+0
CSR mscratch (0x340) <- 0x0000000000000000
x2 <- 0x0000000080004000

clint mtime 0x00000000000002F6 (mip.MTI <- 0b1, mip.STI <- 0b0)
mem[X,0x0000000080001584] -> 0x3423
mem[X,0x0000000080001586] -> 0x28B1
[1516] [M]: 0x0000000080001584 (0x28B13423) sd x11, 0x288(x2)                       trap_Mhandler+4
mem[W,0x0000000080004288] <- 0x00000000000000DF

mem[X,0x0000000080001588] -> 0x05EF
mem[X,0x000000008000158A] -> 0x0B80
[1517] [M]: 0x0000000080001588 (0x0B8005EF) jal x11, 0xb8                           trap_Mhandler+8
x11 <- 0x000000008000158C

clint mtime 0x00000000000002F7 (mip.MTI <- 0b1, mip.STI <- 0b0)
mem[X,0x0000000080001640] -> 0x3023
mem[X,0x0000000080001642] -> 0x28A1
[1518] [M]: 0x0000000080001640 (0x28A13023) sd x10, 0x280(x2)                       common_Mhandler+0
mem[W,0x0000000080004280] <- 0x00000000200000DF

mem[X,0x0000000080001644] -> 0x1573
mem[X,0x0000000080001646] -> 0x3401
[1519] [M]: 0x0000000080001644 (0x34011573) csrrw x10, mscratch, x2                 common_Mhandler+4
CSR mscratch (0x340) <- 0x0000000080004000
x10 <- 0x0000000000000000

clint mtime 0x00000000000002F8 (mip.MTI <- 0b1, mip.STI <- 0b0)
mem[X,0x0000000080001648] -> 0x3823
mem[X,0x000000008000164A] -> 0x28A1
[1520] [M]: 0x0000000080001648 (0x28A13823) sd x10, 0x290(x2)                       common_Mhandler+8
mem[W,0x0000000080004290] <- 0x0000000000000000

mem[X,0x000000008000164C] -> 0x3503
mem[X,0x000000008000164E] -> 0x2301
[1521] [M]: 0x000000008000164C (0x23013503) ld x10, 0x230(x2)                       common_Mhandler+12
mem[R,0x0000000080004230] -> 0x0000000080001654
x10 <- 0x0000000080001654

clint mtime 0x00000000000002F9 (mip.MTI <- 0b1, mip.STI <- 0b0)
mem[X,0x0000000080001650] -> 0x0067
mem[X,0x0000000080001652] -> 0x0005
[1522] [M]: 0x0000000080001650 (0x00050067) jalr x0, 0x0(x10)                       common_Mhandler+16

mem[X,0x0000000080001654] -> 0x3C23
mem[X,0x0000000080001656] -> 0x2691
[1523] [M]: 0x0000000080001654 (0x26913C23) sd x9, 0x278(x2)                        common_Mentry+0
mem[W,0x0000000080004278] <- 0xFFFFFF000000017C

clint mtime 0x00000000000002FA (mip.MTI <- 0b1, mip.STI <- 0b0)
mem[X,0x0000000080001658] -> 0x3823
mem[X,0x000000008000165A] -> 0x2681
[1524] [M]: 0x0000000080001658 (0x26813823) sd x8, 0x270(x2)                        common_Mentry+4
mem[W,0x0000000080004270] <- 0x0000000000007F76

mem[X,0x000000008000165C] -> 0x3423
mem[X,0x000000008000165E] -> 0x2671
[1525] [M]: 0x000000008000165C (0x26713423) sd x7, 0x268(x2)                        common_Mentry+8
mem[W,0x0000000080004268] <- 0x0000000080004000

clint mtime 0x00000000000002FB (mip.MTI <- 0b1, mip.STI <- 0b0)
mem[X,0x0000000080001660] -> 0x3023
mem[X,0x0000000080001662] -> 0x2661
[1526] [M]: 0x0000000080001660 (0x26613023) sd x6, 0x260(x2)                        common_Mentry+12
mem[W,0x0000000080004260] <- 0xFFFFFFFF7FFFF40C

mem[X,0x0000000080001664] -> 0x2573
mem[X,0x0000000080001666] -> 0x3420
[1527] [M]: 0x0000000080001664 (0x34202573) csrrs x10, mcause, x0                   spcl_M2mmode_test+0
CSR mcause (0x342) -> 0x0000000000000008
x10 <- 0x0000000000000008

clint mtime 0x00000000000002FC (mip.MTI <- 0b1, mip.STI <- 0b0)
mem[X,0x0000000080001668] -> 0x04B7
mem[X,0x000000008000166A] -> 0x8000
[1528] [M]: 0x0000000080001668 (0x800004B7) lui x9, -0x80000                        spcl_M2mmode_test+4
x9 <- 0xFFFFFFFF80000000

mem[X,0x000000008000166C] -> 0x8493
mem[X,0x000000008000166E] -> 0x0004
[1529] [M]: 0x000000008000166C (0x00048493) addi x9, x9, 0x0                        spcl_M2mmode_test+8
x9 <- 0xFFFFFFFF80000000

clint mtime 0x00000000000002FD (mip.MTI <- 0b1, mip.STI <- 0b0)
mem[X,0x0000000080001670] -> 0x9493
mem[X,0x0000000080001672] -> 0x00B4
[1530] [M]: 0x0000000080001670 (0x00B49493) slli x9, x9, 0xb                        spcl_M2mmode_test+12
x9 <- 0xFFFFFC0000000000

mem[X,0x0000000080001674] -> 0x8493
mem[X,0x0000000080001676] -> 0x0004
[1531] [M]: 0x0000000080001674 (0x00048493) addi x9, x9, 0x0                        spcl_M2mmode_test+16
x9 <- 0xFFFFFC0000000000

clint mtime 0x00000000000002FE (mip.MTI <- 0b1, mip.STI <- 0b0)
mem[X,0x0000000080001678] -> 0x9493
mem[X,0x000000008000167A] -> 0x00B4
[1532] [M]: 0x0000000080001678 (0x00B49493) slli x9, x9, 0xb                        spcl_M2mmode_test+20
x9 <- 0xFFE0000000000000

mem[X,0x000000008000167C] -> 0x8493
mem[X,0x000000008000167E] -> 0x0034
[1533] [M]: 0x000000008000167C (0x00348493) addi x9, x9, 0x3                        spcl_M2mmode_test+24
x9 <- 0xFFE0000000000003

clint mtime 0x00000000000002FF (mip.MTI <- 0b1, mip.STI <- 0b0)
mem[X,0x0000000080001680] -> 0x9493
mem[X,0x0000000080001682] -> 0x00A4
[1534] [M]: 0x0000000080001680 (0x00A49493) slli x9, x9, 0xa                        spcl_M2mmode_test+28
x9 <- 0x8000000000000C00

mem[X,0x0000000080001684] -> 0x8493
mem[X,0x0000000080001686] -> 0x3FC4
[1535] [M]: 0x0000000080001684 (0x3FC48493) addi x9, x9, 0x3fc                      spcl_M2mmode_test+32
x9 <- 0x8000000000000FFC

clint mtime 0x0000000000000300 (mip.MTI <- 0b1, mip.STI <- 0b0)
mem[X,0x0000000080001688] -> 0xF4B3
mem[X,0x000000008000168A] -> 0x00A4
[1536] [M]: 0x0000000080001688 (0x00A4F4B3) and x9, x9, x10                         spcl_M2mmode_test+36
x9 <- 0x0000000000000008

mem[X,0x000000008000168C] -> 0x8493
mem[X,0x000000008000168E] -> 0xFF84
[1537] [M]: 0x000000008000168C (0xFF848493) addi x9, x9, -0x8                       spcl_M2mmode_test+40
x9 <- 0x0000000000000000

clint mtime 0x0000000000000301 (mip.MTI <- 0b1, mip.STI <- 0b0)
mem[X,0x0000000080001690] -> 0x9663
mem[X,0x0000000080001692] -> 0x0004
[1538] [M]: 0x0000000080001690 (0x00049663) bne x9, x0, 0xc                         spcl_M2mmode_test+44

mem[X,0x0000000080001694] -> 0x3383
mem[X,0x0000000080001696] -> 0x2901
[1539] [M]: 0x0000000080001694 (0x29013383) ld x7, 0x290(x2)                        spcl_M2mmode_test+48
mem[R,0x0000000080004290] -> 0x0000000000000000
x7 <- 0x0000000000000000

clint mtime 0x0000000000000302 (mip.MTI <- 0b1, mip.STI <- 0b0)
mem[X,0x0000000080001698] -> 0x8663
mem[X,0x000000008000169A] -> 0x6E03
[1540] [M]: 0x0000000080001698 (0x6E038663) beq x7, x0, 0x6ec                       spcl_M2mmode_test+52

mem[X,0x0000000080001D84] -> 0x0493
mem[X,0x0000000080001D86] -> 0xFF55
[1541] [M]: 0x0000000080001D84 (0xFF550493) addi x9, x10, -0xb                      rtn2mmode+0
x9 <- 0xFFFFFFFFFFFFFFFD

clint mtime 0x0000000000000303 (mip.MTI <- 0b1, mip.STI <- 0b0)
mem[X,0x0000000080001D88] -> 0x8C63
mem[X,0x0000000080001D8A] -> 0x0004
[1542] [M]: 0x0000000080001D88 (0x00048C63) beq x9, x0, 0x18                        rtn2mmode+4

mem[X,0x0000000080001D8C] -> 0x3583
mem[X,0x0000000080001D8E] -> 0x4701
[1543] [M]: 0x0000000080001D8C (0x47013583) ld x11, 0x470(x2)                       rtn2mmode+8
mem[R,0x0000000080004470] -> 0xFFFFFF00800007BC
x11 <- 0xFFFFFF00800007BC

clint mtime 0x0000000000000304 (mip.MTI <- 0b1, mip.STI <- 0b0)
mem[X,0x0000000080001D90] -> 0xD463
mem[X,0x0000000080001D92] -> 0x0003
[1544] [M]: 0x0000000080001D90 (0x0003D463) bge x7, x0, 0x8                         rtn2mmode+12

mem[X,0x0000000080001D98] -> 0x3483
mem[X,0x0000000080001D9A] -> 0x1D81
[1545] [M]: 0x0000000080001D98 (0x1D813483) ld x9, 0x1d8(x2)                        from_u_s+0
mem[R,0x00000000800041D8] -> 0x00000000800007D4
x9 <- 0x00000000800007D4

clint mtime 0x0000000000000305 (mip.MTI <- 0b1, mip.STI <- 0b0)
mem[X,0x0000000080001D9C] -> 0x84B3
mem[X,0x0000000080001D9E] -> 0x40B4
[1546] [M]: 0x0000000080001D9C (0x40B484B3) sub x9, x9, x11                         from_u_s+4
x9 <- 0x0000010000000018

mem[X,0x0000000080001DA0] -> 0x23F3
mem[X,0x0000000080001DA2] -> 0x3410
[1547] [M]: 0x0000000080001DA0 (0x341023F3) csrrs x7, mepc, x0                      rtn_fm_mmode+0
CSR mepc (0x341) -> 0xFFFFFF0080000DFC
x7 <- 0xFFFFFF0080000DFC

clint mtime 0x0000000000000306 (mip.MTI <- 0b1, mip.STI <- 0b0)
mem[X,0x0000000080001DA4] -> 0x83B3
mem[X,0x0000000080001DA6] -> 0x0093
[1548] [M]: 0x0000000080001DA4 (0x009383B3) add x7, x7, x9                          rtn_fm_mmode+4
x7 <- 0x0000000080000E14

mem[X,0x0000000080001DA8] -> 0x3303
mem[X,0x0000000080001DAA] -> 0x2601
[1549] [M]: 0x0000000080001DA8 (0x26013303) ld x6, 0x260(x2)                        rtn_fm_mmode+8
mem[R,0x0000000080004260] -> 0xFFFFFFFF7FFFF40C
x6 <- 0xFFFFFFFF7FFFF40C

clint mtime 0x0000000000000307 (mip.MTI <- 0b1, mip.STI <- 0b0)
mem[X,0x0000000080001DAC] -> 0x3403
mem[X,0x0000000080001DAE] -> 0x2701
[1550] [M]: 0x0000000080001DAC (0x27013403) ld x8, 0x270(x2)                        rtn_fm_mmode+12
mem[R,0x0000000080004270] -> 0x0000000000007F76
x8 <- 0x0000000000007F76

mem[X,0x0000000080001DB0] -> 0x3483
mem[X,0x0000000080001DB2] -> 0x2781
[1551] [M]: 0x0000000080001DB0 (0x27813483) ld x9, 0x278(x2)                        rtn_fm_mmode+16
mem[R,0x0000000080004278] -> 0xFFFFFF000000017C
x9 <- 0xFFFFFF000000017C

clint mtime 0x0000000000000308 (mip.MTI <- 0b1, mip.STI <- 0b0)
mem[X,0x0000000080001DB4] -> 0x3503
mem[X,0x0000000080001DB6] -> 0x2801
[1552] [M]: 0x0000000080001DB4 (0x28013503) ld x10, 0x280(x2)                       rtn_fm_mmode+20
mem[R,0x0000000080004280] -> 0x00000000200000DF
x10 <- 0x00000000200000DF

mem[X,0x0000000080001DB8] -> 0x3583
mem[X,0x0000000080001DBA] -> 0x2881
[1553] [M]: 0x0000000080001DB8 (0x28813583) ld x11, 0x288(x2)                       rtn_fm_mmode+24
mem[R,0x0000000080004288] -> 0x00000000000000DF
x11 <- 0x00000000000000DF

clint mtime 0x0000000000000309 (mip.MTI <- 0b1, mip.STI <- 0b0)
mem[X,0x0000000080001DBC] -> 0x3103
mem[X,0x0000000080001DBE] -> 0x2901
[1554] [M]: 0x0000000080001DBC (0x29013103) ld x2, 0x290(x2)                        rtn_fm_mmode+28
mem[R,0x0000000080004290] -> 0x0000000000000000
x2 <- 0x0000000000000000

mem[X,0x0000000080001DC0] -> 0x8067
mem[X,0x0000000080001DC2] -> 0x0043
[1555] [M]: 0x0000000080001DC0 (0x00438067) jalr x0, 0x4(x7)                        rtn_fm_mmode+32

clint mtime 0x000000000000030A (mip.MTI <- 0b1, mip.STI <- 0b0)
mem[X,0x0000000080000E18] -> 0x0013
mem[X,0x0000000080000E1A] -> 0x0000
[1556] [M]: 0x0000000080000E18 (0x00000013) addi x0, x0, 0x0                        main+1560

mem[X,0x0000000080000E1C] -> 0x0013
mem[X,0x0000000080000E1E] -> 0x0000
[1557] [M]: 0x0000000080000E1C (0x00000013) addi x0, x0, 0x0                        main+1564

clint mtime 0x000000000000030B (mip.MTI <- 0b1, mip.STI <- 0b0)
mem[X,0x0000000080000E20] -> 0x5397
mem[X,0x0000000080000E22] -> 0x0000
[1558] [M]: 0x0000000080000E20 (0x00005397) auipc x7, 0x5                           main+1568
x7 <- 0x0000000080005E20

mem[X,0x0000000080000E24] -> 0x8393
mem[X,0x0000000080000E26] -> 0x1E03
[1559] [M]: 0x0000000080000E24 (0x1E038393) addi x7, x7, 0x1e0                      main+1572
x7 <- 0x0000000080006000

clint mtime 0x000000000000030C (mip.MTI <- 0b1, mip.STI <- 0b0)
mem[X,0x0000000080000E28] -> 0x0001
[1560] [M]: 0x0000000080000E28 (0x0001) c.nop                                       main+1576

mem[X,0x0000000080000E2A] -> 0x0013
mem[X,0x0000000080000E2C] -> 0x0000
[1561] [M]: 0x0000000080000E2A (0x00000013) addi x0, x0, 0x0                        main+1578

clint mtime 0x000000000000030D (mip.MTI <- 0b1, mip.STI <- 0b0)
mem[X,0x0000000080000E2E] -> 0x0013
mem[X,0x0000000080000E30] -> 0x0000
[1562] [M]: 0x0000000080000E2E (0x00000013) addi x0, x0, 0x0                        main+1582

mem[X,0x0000000080000E32] -> 0x0013
mem[X,0x0000000080000E34] -> 0x0000
[1563] [M]: 0x0000000080000E32 (0x00000013) addi x0, x0, 0x0                        main+1586

clint mtime 0x000000000000030E (mip.MTI <- 0b1, mip.STI <- 0b0)
mem[X,0x0000000080000E36] -> 0x0013
mem[X,0x0000000080000E38] -> 0x0000
[1564] [M]: 0x0000000080000E36 (0x00000013) addi x0, x0, 0x0                        main+1590

mem[X,0x0000000080000E3A] -> 0x0013
mem[X,0x0000000080000E3C] -> 0x0000
[1565] [M]: 0x0000000080000E3A (0x00000013) addi x0, x0, 0x0                        main+1594

clint mtime 0x000000000000030F (mip.MTI <- 0b1, mip.STI <- 0b0)
mem[X,0x0000000080000E3E] -> 0x0001
[1566] [M]: 0x0000000080000E3E (0x0001) c.nop                                       main+1598

mem[X,0x0000000080000E40] -> 0xD393
mem[X,0x0000000080000E42] -> 0x0023
[1567] [M]: 0x0000000080000E40 (0x0023D393) srli x7, x7, 0x2                        main+1600
x7 <- 0x0000000020001800

clint mtime 0x0000000000000310 (mip.MTI <- 0b1, mip.STI <- 0b0)
mem[X,0x0000000080000E44] -> 0x0313
mem[X,0x0000000080000E46] -> 0x0000
[1568] [M]: 0x0000000080000E44 (0x00000313) addi x6, x0, 0x0                        main+1604
x6 <- 0x0000000000000000

mem[X,0x0000000080000E48] -> 0xE3B3
mem[X,0x0000000080000E4A] -> 0x0063
[1569] [M]: 0x0000000080000E48 (0x0063E3B3) or x7, x7, x6                           main+1608
x7 <- 0x0000000020001800

clint mtime 0x0000000000000311 (mip.MTI <- 0b1, mip.STI <- 0b0)
mem[X,0x0000000080000E4C] -> 0x9073
mem[X,0x0000000080000E4E] -> 0x3B03
[1570] [M]: 0x0000000080000E4C (0x3B039073) csrrw x0, pmpaddr0, x7                  main+1612
CSR pmpaddr0 (0x3B0) <- 0x0000000020001800

mem[X,0x0000000080000E50] -> 0xC3B7
mem[X,0x0000000080000E52] -> 0x0003
[1571] [M]: 0x0000000080000E50 (0x0003C3B7) lui x7, 0x3c                            main+1616
x7 <- 0x000000000003C000

clint mtime 0x0000000000000312 (mip.MTI <- 0b1, mip.STI <- 0b0)
mem[X,0x0000000080000E54] -> 0x8393
mem[X,0x0000000080000E56] -> 0x0073
[1572] [M]: 0x0000000080000E54 (0x00738393) addi x7, x7, 0x7                        main+1620
x7 <- 0x000000000003C007

mem[X,0x0000000080000E58] -> 0x9393
mem[X,0x0000000080000E5A] -> 0x0023
[1573] [M]: 0x0000000080000E58 (0x00239393) slli x7, x7, 0x2                        main+1624
x7 <- 0x00000000000F001C

clint mtime 0x0000000000000313 (mip.MTI <- 0b1, mip.STI <- 0b0)
mem[X,0x0000000080000E5C] -> 0x9073
mem[X,0x0000000080000E5E] -> 0x3A03
[1574] [M]: 0x0000000080000E5C (0x3A039073) csrrw x0, pmpcfg0, x7                   main+1628
CSR pmpcfg0 (0x3A0) <- 0x00000000000F001C

mem[X,0x0000000080000E60] -> 0x6517
mem[X,0x0000000080000E62] -> 0x0000
[1575] [M]: 0x0000000080000E60 (0x00006517) auipc x10, 0x6                          main+1632
x10 <- 0x0000000080006E60

clint mtime 0x0000000000000314 (mip.MTI <- 0b1, mip.STI <- 0b0)
mem[X,0x0000000080000E64] -> 0x0513
mem[X,0x0000000080000E66] -> 0x1A05
[1576] [M]: 0x0000000080000E64 (0x1A050513) addi x10, x10, 0x1a0                    main+1636
x10 <- 0x0000000080007000

mem[X,0x0000000080000E68] -> 0x0001
[1577] [M]: 0x0000000080000E68 (0x0001) c.nop                                       main+1640

clint mtime 0x0000000000000315 (mip.MTI <- 0b1, mip.STI <- 0b0)
mem[X,0x0000000080000E6A] -> 0x0013
mem[X,0x0000000080000E6C] -> 0x0000
[1578] [M]: 0x0000000080000E6A (0x00000013) addi x0, x0, 0x0                        main+1642

mem[X,0x0000000080000E6E] -> 0x0013
mem[X,0x0000000080000E70] -> 0x0000
[1579] [M]: 0x0000000080000E6E (0x00000013) addi x0, x0, 0x0                        main+1646

clint mtime 0x0000000000000316 (mip.MTI <- 0b1, mip.STI <- 0b0)
mem[X,0x0000000080000E72] -> 0x0013
mem[X,0x0000000080000E74] -> 0x0000
[1580] [M]: 0x0000000080000E72 (0x00000013) addi x0, x0, 0x0                        main+1650

mem[X,0x0000000080000E76] -> 0x0013
mem[X,0x0000000080000E78] -> 0x0000
[1581] [M]: 0x0000000080000E76 (0x00000013) addi x0, x0, 0x0                        main+1654

clint mtime 0x0000000000000317 (mip.MTI <- 0b1, mip.STI <- 0b0)
mem[X,0x0000000080000E7A] -> 0x0013
mem[X,0x0000000080000E7C] -> 0x0000
[1582] [M]: 0x0000000080000E7A (0x00000013) addi x0, x0, 0x0                        main+1658

mem[X,0x0000000080000E7E] -> 0x0001
[1583] [M]: 0x0000000080000E7E (0x0001) c.nop                                       main+1662

clint mtime 0x0000000000000318 (mip.MTI <- 0b1, mip.STI <- 0b0)
mem[X,0x0000000080000E80] -> 0x0593
mem[X,0x0000000080000E82] -> 0x0010
[1584] [M]: 0x0000000080000E80 (0x00100593) addi x11, x0, 0x1                       main+1664
x11 <- 0x0000000000000001

mem[X,0x0000000080000E84] -> 0x5513
mem[X,0x0000000080000E86] -> 0x00C5
[1585] [M]: 0x0000000080000E84 (0x00C55513) srli x10, x10, 0xc                      main+1668
x10 <- 0x0000000000080007

clint mtime 0x0000000000000319 (mip.MTI <- 0b1, mip.STI <- 0b0)
mem[X,0x0000000080000E88] -> 0x1513
mem[X,0x0000000080000E8A] -> 0x00A5
[1586] [M]: 0x0000000080000E88 (0x00A51513) slli x10, x10, 0xa                      main+1672
x10 <- 0x0000000020001C00

mem[X,0x0000000080000E8C] -> 0x6533
mem[X,0x0000000080000E8E] -> 0x00B5
[1587] [M]: 0x0000000080000E8C (0x00B56533) or x10, x10, x11                        main+1676
x10 <- 0x0000000020001C01

clint mtime 0x000000000000031A (mip.MTI <- 0b1, mip.STI <- 0b0)
mem[X,0x0000000080000E90] -> 0x0013
mem[X,0x0000000080000E92] -> 0x0000
[1588] [M]: 0x0000000080000E90 (0x00000013) addi x0, x0, 0x0                        main+1680

mem[X,0x0000000080000E94] -> 0x0013
mem[X,0x0000000080000E96] -> 0x0000
[1589] [M]: 0x0000000080000E94 (0x00000013) addi x0, x0, 0x0                        main+1684

clint mtime 0x000000000000031B (mip.MTI <- 0b1, mip.STI <- 0b0)
mem[X,0x0000000080000E98] -> 0x0013
mem[X,0x0000000080000E9A] -> 0x0000
[1590] [M]: 0x0000000080000E98 (0x00000013) addi x0, x0, 0x0                        main+1688

mem[X,0x0000000080000E9C] -> 0x0013
mem[X,0x0000000080000E9E] -> 0x0000
[1591] [M]: 0x0000000080000E9C (0x00000013) addi x0, x0, 0x0                        main+1692

clint mtime 0x000000000000031C (mip.MTI <- 0b1, mip.STI <- 0b0)
mem[X,0x0000000080000EA0] -> 0x7317
mem[X,0x0000000080000EA2] -> 0x0000
[1592] [M]: 0x0000000080000EA0 (0x00007317) auipc x6, 0x7                           main+1696
x6 <- 0x0000000080007EA0

mem[X,0x0000000080000EA4] -> 0x0313
mem[X,0x0000000080000EA6] -> 0x1603
[1593] [M]: 0x0000000080000EA4 (0x16030313) addi x6, x6, 0x160                      main+1700
x6 <- 0x0000000080008000

clint mtime 0x000000000000031D (mip.MTI <- 0b1, mip.STI <- 0b0)
mem[X,0x0000000080000EA8] -> 0x0001
[1594] [M]: 0x0000000080000EA8 (0x0001) c.nop                                       main+1704

mem[X,0x0000000080000EAA] -> 0x0013
mem[X,0x0000000080000EAC] -> 0x0000
[1595] [M]: 0x0000000080000EAA (0x00000013) addi x0, x0, 0x0                        main+1706

clint mtime 0x000000000000031E (mip.MTI <- 0b1, mip.STI <- 0b0)
mem[X,0x0000000080000EAE] -> 0x0013
mem[X,0x0000000080000EB0] -> 0x0000
[1596] [M]: 0x0000000080000EAE (0x00000013) addi x0, x0, 0x0                        main+1710

mem[X,0x0000000080000EB2] -> 0x0013
mem[X,0x0000000080000EB4] -> 0x0000
[1597] [M]: 0x0000000080000EB2 (0x00000013) addi x0, x0, 0x0                        main+1714

clint mtime 0x000000000000031F (mip.MTI <- 0b1, mip.STI <- 0b0)
mem[X,0x0000000080000EB6] -> 0x0013
mem[X,0x0000000080000EB8] -> 0x0000
[1598] [M]: 0x0000000080000EB6 (0x00000013) addi x0, x0, 0x0                        main+1718

mem[X,0x0000000080000EBA] -> 0x0013
mem[X,0x0000000080000EBC] -> 0x0000
[1599] [M]: 0x0000000080000EBA (0x00000013) addi x0, x0, 0x0                        main+1722

clint mtime 0x0000000000000320 (mip.MTI <- 0b1, mip.STI <- 0b0)
mem[X,0x0000000080000EBE] -> 0x0001
[1600] [M]: 0x0000000080000EBE (0x0001) c.nop                                       main+1726

mem[X,0x0000000080000EC0] -> 0x0293
mem[X,0x0000000080000EC2] -> 0x0000
[1601] [M]: 0x0000000080000EC0 (0x00000293) addi x5, x0, 0x0                        main+1728
x5 <- 0x0000000000000000

clint mtime 0x0000000000000321 (mip.MTI <- 0b1, mip.STI <- 0b0)
mem[X,0x0000000080000EC4] -> 0x0333
mem[X,0x0000000080000EC6] -> 0x0053
[1602] [M]: 0x0000000080000EC4 (0x00530333) add x6, x6, x5                          main+1732
x6 <- 0x0000000080008000

mem[X,0x0000000080000EC8] -> 0x3023
mem[X,0x0000000080000ECA] -> 0x00A3
[1603] [M]: 0x0000000080000EC8 (0x00A33023) sd x10, 0x0(x6)                         main+1736
mem[W,0x0000000080008000] <- 0x0000000020001C01

clint mtime 0x0000000000000322 (mip.MTI <- 0b1, mip.STI <- 0b0)
mem[X,0x0000000080000ECC] -> 0x0013
mem[X,0x0000000080000ECE] -> 0x0000
[1604] [M]: 0x0000000080000ECC (0x00000013) addi x0, x0, 0x0                        main+1740

mem[X,0x0000000080000ED0] -> 0x0013
mem[X,0x0000000080000ED2] -> 0x0000
[1605] [M]: 0x0000000080000ED0 (0x00000013) addi x0, x0, 0x0                        main+1744

clint mtime 0x0000000000000323 (mip.MTI <- 0b1, mip.STI <- 0b0)
mem[X,0x0000000080000ED4] -> 0x0013
mem[X,0x0000000080000ED6] -> 0x0000
[1606] [M]: 0x0000000080000ED4 (0x00000013) addi x0, x0, 0x0                        main+1748

mem[X,0x0000000080000ED8] -> 0x0013
mem[X,0x0000000080000EDA] -> 0x0000
[1607] [M]: 0x0000000080000ED8 (0x00000013) addi x0, x0, 0x0                        main+1752

clint mtime 0x0000000000000324 (mip.MTI <- 0b1, mip.STI <- 0b0)
mem[X,0x0000000080000EDC] -> 0x0013
mem[X,0x0000000080000EDE] -> 0x0000
[1608] [M]: 0x0000000080000EDC (0x00000013) addi x0, x0, 0x0                        main+1756

mem[X,0x0000000080000EE0] -> 0x5517
mem[X,0x0000000080000EE2] -> 0x0000
[1609] [M]: 0x0000000080000EE0 (0x00005517) auipc x10, 0x5                          main+1760
x10 <- 0x0000000080005EE0

clint mtime 0x0000000000000325 (mip.MTI <- 0b1, mip.STI <- 0b0)
mem[X,0x0000000080000EE4] -> 0x0513
mem[X,0x0000000080000EE6] -> 0x1205
[1610] [M]: 0x0000000080000EE4 (0x12050513) addi x10, x10, 0x120                    main+1764
x10 <- 0x0000000080006000

mem[X,0x0000000080000EE8] -> 0x0001
[1611] [M]: 0x0000000080000EE8 (0x0001) c.nop                                       main+1768

clint mtime 0x0000000000000326 (mip.MTI <- 0b1, mip.STI <- 0b0)
mem[X,0x0000000080000EEA] -> 0x0013
mem[X,0x0000000080000EEC] -> 0x0000
[1612] [M]: 0x0000000080000EEA (0x00000013) addi x0, x0, 0x0                        main+1770

mem[X,0x0000000080000EEE] -> 0x0013
mem[X,0x0000000080000EF0] -> 0x0000
[1613] [M]: 0x0000000080000EEE (0x00000013) addi x0, x0, 0x0                        main+1774

clint mtime 0x0000000000000327 (mip.MTI <- 0b1, mip.STI <- 0b0)
mem[X,0x0000000080000EF2] -> 0x0013
mem[X,0x0000000080000EF4] -> 0x0000
[1614] [M]: 0x0000000080000EF2 (0x00000013) addi x0, x0, 0x0                        main+1778

mem[X,0x0000000080000EF6] -> 0x0013
mem[X,0x0000000080000EF8] -> 0x0000
[1615] [M]: 0x0000000080000EF6 (0x00000013) addi x0, x0, 0x0                        main+1782

clint mtime 0x0000000000000328 (mip.MTI <- 0b1, mip.STI <- 0b0)
mem[X,0x0000000080000EFA] -> 0x0013
mem[X,0x0000000080000EFC] -> 0x0000
[1616] [M]: 0x0000000080000EFA (0x00000013) addi x0, x0, 0x0                        main+1786

mem[X,0x0000000080000EFE] -> 0x0001
[1617] [M]: 0x0000000080000EFE (0x0001) c.nop                                       main+1790

clint mtime 0x0000000000000329 (mip.MTI <- 0b1, mip.STI <- 0b0)
mem[X,0x0000000080000F00] -> 0x0593
mem[X,0x0000000080000F02] -> 0x0010
[1618] [M]: 0x0000000080000F00 (0x00100593) addi x11, x0, 0x1                       main+1792
x11 <- 0x0000000000000001

mem[X,0x0000000080000F04] -> 0x5513
mem[X,0x0000000080000F06] -> 0x00C5
[1619] [M]: 0x0000000080000F04 (0x00C55513) srli x10, x10, 0xc                      main+1796
x10 <- 0x0000000000080006

clint mtime 0x000000000000032A (mip.MTI <- 0b1, mip.STI <- 0b0)
mem[X,0x0000000080000F08] -> 0x1513
mem[X,0x0000000080000F0A] -> 0x00A5
[1620] [M]: 0x0000000080000F08 (0x00A51513) slli x10, x10, 0xa                      main+1800
x10 <- 0x0000000020001800

mem[X,0x0000000080000F0C] -> 0x6533
mem[X,0x0000000080000F0E] -> 0x00B5
[1621] [M]: 0x0000000080000F0C (0x00B56533) or x10, x10, x11                        main+1804
x10 <- 0x0000000020001801

clint mtime 0x000000000000032B (mip.MTI <- 0b1, mip.STI <- 0b0)
mem[X,0x0000000080000F10] -> 0x0013
mem[X,0x0000000080000F12] -> 0x0000
[1622] [M]: 0x0000000080000F10 (0x00000013) addi x0, x0, 0x0                        main+1808

mem[X,0x0000000080000F14] -> 0x0013
mem[X,0x0000000080000F16] -> 0x0000
[1623] [M]: 0x0000000080000F14 (0x00000013) addi x0, x0, 0x0                        main+1812

clint mtime 0x000000000000032C (mip.MTI <- 0b1, mip.STI <- 0b0)
mem[X,0x0000000080000F18] -> 0x0013
mem[X,0x0000000080000F1A] -> 0x0000
[1624] [M]: 0x0000000080000F18 (0x00000013) addi x0, x0, 0x0                        main+1816

mem[X,0x0000000080000F1C] -> 0x0013
mem[X,0x0000000080000F1E] -> 0x0000
[1625] [M]: 0x0000000080000F1C (0x00000013) addi x0, x0, 0x0                        main+1820

clint mtime 0x000000000000032D (mip.MTI <- 0b1, mip.STI <- 0b0)
mem[X,0x0000000080000F20] -> 0x6317
mem[X,0x0000000080000F22] -> 0x0000
[1626] [M]: 0x0000000080000F20 (0x00006317) auipc x6, 0x6                           main+1824
x6 <- 0x0000000080006F20

mem[X,0x0000000080000F24] -> 0x0313
mem[X,0x0000000080000F26] -> 0x0E03
[1627] [M]: 0x0000000080000F24 (0x0E030313) addi x6, x6, 0xe0                       main+1828
x6 <- 0x0000000080007000

clint mtime 0x000000000000032E (mip.MTI <- 0b1, mip.STI <- 0b0)
mem[X,0x0000000080000F28] -> 0x0001
[1628] [M]: 0x0000000080000F28 (0x0001) c.nop                                       main+1832

mem[X,0x0000000080000F2A] -> 0x0013
mem[X,0x0000000080000F2C] -> 0x0000
[1629] [M]: 0x0000000080000F2A (0x00000013) addi x0, x0, 0x0                        main+1834

clint mtime 0x000000000000032F (mip.MTI <- 0b1, mip.STI <- 0b0)
mem[X,0x0000000080000F2E] -> 0x0013
mem[X,0x0000000080000F30] -> 0x0000
[1630] [M]: 0x0000000080000F2E (0x00000013) addi x0, x0, 0x0                        main+1838

mem[X,0x0000000080000F32] -> 0x0013
mem[X,0x0000000080000F34] -> 0x0000
[1631] [M]: 0x0000000080000F32 (0x00000013) addi x0, x0, 0x0                        main+1842

clint mtime 0x0000000000000330 (mip.MTI <- 0b1, mip.STI <- 0b0)
mem[X,0x0000000080000F36] -> 0x0013
mem[X,0x0000000080000F38] -> 0x0000
[1632] [M]: 0x0000000080000F36 (0x00000013) addi x0, x0, 0x0                        main+1846

mem[X,0x0000000080000F3A] -> 0x0013
mem[X,0x0000000080000F3C] -> 0x0000
[1633] [M]: 0x0000000080000F3A (0x00000013) addi x0, x0, 0x0                        main+1850

clint mtime 0x0000000000000331 (mip.MTI <- 0b1, mip.STI <- 0b0)
mem[X,0x0000000080000F3E] -> 0x0001
[1634] [M]: 0x0000000080000F3E (0x0001) c.nop                                       main+1854

mem[X,0x0000000080000F40] -> 0x0293
mem[X,0x0000000080000F42] -> 0x0000
[1635] [M]: 0x0000000080000F40 (0x00000293) addi x5, x0, 0x0                        main+1856
x5 <- 0x0000000000000000

clint mtime 0x0000000000000332 (mip.MTI <- 0b1, mip.STI <- 0b0)
mem[X,0x0000000080000F44] -> 0x0333
mem[X,0x0000000080000F46] -> 0x0053
[1636] [M]: 0x0000000080000F44 (0x00530333) add x6, x6, x5                          main+1860
x6 <- 0x0000000080007000

mem[X,0x0000000080000F48] -> 0x3023
mem[X,0x0000000080000F4A] -> 0x00A3
[1637] [M]: 0x0000000080000F48 (0x00A33023) sd x10, 0x0(x6)                         main+1864
mem[W,0x0000000080007000] <- 0x0000000020001801

clint mtime 0x0000000000000333 (mip.MTI <- 0b1, mip.STI <- 0b0)
mem[X,0x0000000080000F4C] -> 0x0013
mem[X,0x0000000080000F4E] -> 0x0000
[1638] [M]: 0x0000000080000F4C (0x00000013) addi x0, x0, 0x0                        main+1868

mem[X,0x0000000080000F50] -> 0x0013
mem[X,0x0000000080000F52] -> 0x0000
[1639] [M]: 0x0000000080000F50 (0x00000013) addi x0, x0, 0x0                        main+1872

clint mtime 0x0000000000000334 (mip.MTI <- 0b1, mip.STI <- 0b0)
mem[X,0x0000000080000F54] -> 0x0013
mem[X,0x0000000080000F56] -> 0x0000
[1640] [M]: 0x0000000080000F54 (0x00000013) addi x0, x0, 0x0                        main+1876

mem[X,0x0000000080000F58] -> 0x0013
mem[X,0x0000000080000F5A] -> 0x0000
[1641] [M]: 0x0000000080000F58 (0x00000013) addi x0, x0, 0x0                        main+1880

clint mtime 0x0000000000000335 (mip.MTI <- 0b1, mip.STI <- 0b0)
mem[X,0x0000000080000F5C] -> 0x0013
mem[X,0x0000000080000F5E] -> 0x0000
[1642] [M]: 0x0000000080000F5C (0x00000013) addi x0, x0, 0x0                        main+1884

mem[X,0x0000000080000F60] -> 0xF517
mem[X,0x0000000080000F62] -> 0xFFFF
[1643] [M]: 0x0000000080000F60 (0xFFFFF517) auipc x10, -0x1                         main+1888
x10 <- 0x000000007FFFFF60

clint mtime 0x0000000000000336 (mip.MTI <- 0b1, mip.STI <- 0b0)
mem[X,0x0000000080000F64] -> 0x0513
mem[X,0x0000000080000F66] -> 0x4A05
[1644] [M]: 0x0000000080000F64 (0x4A050513) addi x10, x10, 0x4a0                    main+1892
x10 <- 0x0000000080000400

mem[X,0x0000000080000F68] -> 0x0001
[1645] [M]: 0x0000000080000F68 (0x0001) c.nop                                       main+1896

clint mtime 0x0000000000000337 (mip.MTI <- 0b1, mip.STI <- 0b0)
mem[X,0x0000000080000F6A] -> 0x0013
mem[X,0x0000000080000F6C] -> 0x0000
[1646] [M]: 0x0000000080000F6A (0x00000013) addi x0, x0, 0x0                        main+1898

mem[X,0x0000000080000F6E] -> 0x0013
mem[X,0x0000000080000F70] -> 0x0000
[1647] [M]: 0x0000000080000F6E (0x00000013) addi x0, x0, 0x0                        main+1902

clint mtime 0x0000000000000338 (mip.MTI <- 0b1, mip.STI <- 0b0)
mem[X,0x0000000080000F72] -> 0x0013
mem[X,0x0000000080000F74] -> 0x0000
[1648] [M]: 0x0000000080000F72 (0x00000013) addi x0, x0, 0x0                        main+1906

mem[X,0x0000000080000F76] -> 0x0013
mem[X,0x0000000080000F78] -> 0x0000
[1649] [M]: 0x0000000080000F76 (0x00000013) addi x0, x0, 0x0                        main+1910

clint mtime 0x0000000000000339 (mip.MTI <- 0b1, mip.STI <- 0b0)
mem[X,0x0000000080000F7A] -> 0x0013
mem[X,0x0000000080000F7C] -> 0x0000
[1650] [M]: 0x0000000080000F7A (0x00000013) addi x0, x0, 0x0                        main+1914

mem[X,0x0000000080000F7E] -> 0x0001
[1651] [M]: 0x0000000080000F7E (0x0001) c.nop                                       main+1918

clint mtime 0x000000000000033A (mip.MTI <- 0b1, mip.STI <- 0b0)
mem[X,0x0000000080000F80] -> 0x0593
mem[X,0x0000000080000F82] -> 0x0DF0
[1652] [M]: 0x0000000080000F80 (0x0DF00593) addi x11, x0, 0xdf                      main+1920
x11 <- 0x00000000000000DF

mem[X,0x0000000080000F84] -> 0x5513
mem[X,0x0000000080000F86] -> 0x00C5
[1653] [M]: 0x0000000080000F84 (0x00C55513) srli x10, x10, 0xc                      main+1924
x10 <- 0x0000000000080000

clint mtime 0x000000000000033B (mip.MTI <- 0b1, mip.STI <- 0b0)
mem[X,0x0000000080000F88] -> 0x1513
mem[X,0x0000000080000F8A] -> 0x00A5
[1654] [M]: 0x0000000080000F88 (0x00A51513) slli x10, x10, 0xa                      main+1928
x10 <- 0x0000000020000000

mem[X,0x0000000080000F8C] -> 0x6533
mem[X,0x0000000080000F8E] -> 0x00B5
[1655] [M]: 0x0000000080000F8C (0x00B56533) or x10, x10, x11                        main+1932
x10 <- 0x00000000200000DF

clint mtime 0x000000000000033C (mip.MTI <- 0b1, mip.STI <- 0b0)
mem[X,0x0000000080000F90] -> 0x0013
mem[X,0x0000000080000F92] -> 0x0000
[1656] [M]: 0x0000000080000F90 (0x00000013) addi x0, x0, 0x0                        main+1936

mem[X,0x0000000080000F94] -> 0x0013
mem[X,0x0000000080000F96] -> 0x0000
[1657] [M]: 0x0000000080000F94 (0x00000013) addi x0, x0, 0x0                        main+1940

clint mtime 0x000000000000033D (mip.MTI <- 0b1, mip.STI <- 0b0)
mem[X,0x0000000080000F98] -> 0x0013
mem[X,0x0000000080000F9A] -> 0x0000
[1658] [M]: 0x0000000080000F98 (0x00000013) addi x0, x0, 0x0                        main+1944

mem[X,0x0000000080000F9C] -> 0x0013
mem[X,0x0000000080000F9E] -> 0x0000
[1659] [M]: 0x0000000080000F9C (0x00000013) addi x0, x0, 0x0                        main+1948

clint mtime 0x000000000000033E (mip.MTI <- 0b1, mip.STI <- 0b0)
mem[X,0x0000000080000FA0] -> 0x5317
mem[X,0x0000000080000FA2] -> 0x0000
[1660] [M]: 0x0000000080000FA0 (0x00005317) auipc x6, 0x5                           main+1952
x6 <- 0x0000000080005FA0

mem[X,0x0000000080000FA4] -> 0x0313
mem[X,0x0000000080000FA6] -> 0x0603
[1661] [M]: 0x0000000080000FA4 (0x06030313) addi x6, x6, 0x60                       main+1956
x6 <- 0x0000000080006000

clint mtime 0x000000000000033F (mip.MTI <- 0b1, mip.STI <- 0b0)
mem[X,0x0000000080000FA8] -> 0x0001
[1662] [M]: 0x0000000080000FA8 (0x0001) c.nop                                       main+1960

mem[X,0x0000000080000FAA] -> 0x0013
mem[X,0x0000000080000FAC] -> 0x0000
[1663] [M]: 0x0000000080000FAA (0x00000013) addi x0, x0, 0x0                        main+1962

clint mtime 0x0000000000000340 (mip.MTI <- 0b1, mip.STI <- 0b0)
mem[X,0x0000000080000FAE] -> 0x0013
mem[X,0x0000000080000FB0] -> 0x0000
[1664] [M]: 0x0000000080000FAE (0x00000013) addi x0, x0, 0x0                        main+1966

mem[X,0x0000000080000FB2] -> 0x0013
mem[X,0x0000000080000FB4] -> 0x0000
[1665] [M]: 0x0000000080000FB2 (0x00000013) addi x0, x0, 0x0                        main+1970

clint mtime 0x0000000000000341 (mip.MTI <- 0b1, mip.STI <- 0b0)
mem[X,0x0000000080000FB6] -> 0x0013
mem[X,0x0000000080000FB8] -> 0x0000
[1666] [M]: 0x0000000080000FB6 (0x00000013) addi x0, x0, 0x0                        main+1974

mem[X,0x0000000080000FBA] -> 0x0013
mem[X,0x0000000080000FBC] -> 0x0000
[1667] [M]: 0x0000000080000FBA (0x00000013) addi x0, x0, 0x0                        main+1978

clint mtime 0x0000000000000342 (mip.MTI <- 0b1, mip.STI <- 0b0)
mem[X,0x0000000080000FBE] -> 0x0001
[1668] [M]: 0x0000000080000FBE (0x0001) c.nop                                       main+1982

mem[X,0x0000000080000FC0] -> 0x0293
mem[X,0x0000000080000FC2] -> 0x0000
[1669] [M]: 0x0000000080000FC0 (0x00000293) addi x5, x0, 0x0                        main+1984
x5 <- 0x0000000000000000

clint mtime 0x0000000000000343 (mip.MTI <- 0b1, mip.STI <- 0b0)
mem[X,0x0000000080000FC4] -> 0x0333
mem[X,0x0000000080000FC6] -> 0x0053
[1670] [M]: 0x0000000080000FC4 (0x00530333) add x6, x6, x5                          main+1988
x6 <- 0x0000000080006000

mem[X,0x0000000080000FC8] -> 0x3023
mem[X,0x0000000080000FCA] -> 0x00A3
[1671] [M]: 0x0000000080000FC8 (0x00A33023) sd x10, 0x0(x6)                         main+1992
mem[W,0x0000000080006000] <- 0x00000000200000DF

clint mtime 0x0000000000000344 (mip.MTI <- 0b1, mip.STI <- 0b0)
mem[X,0x0000000080000FCC] -> 0x0073
mem[X,0x0000000080000FCE] -> 0x1200
[1672] [M]: 0x0000000080000FCC (0x12000073) sfence.vma x0, x0                       main+1996

mem[X,0x0000000080000FD0] -> 0x0493
mem[X,0x0000000080000FD2] -> 0x0010
[1673] [M]: 0x0000000080000FD0 (0x00100493) addi x9, x0, 0x1                        main+2000
x9 <- 0x0000000000000001

clint mtime 0x0000000000000345 (mip.MTI <- 0b1, mip.STI <- 0b0)
mem[X,0x0000000080000FD4] -> 0x9493
mem[X,0x0000000080000FD6] -> 0x00B4
[1674] [M]: 0x0000000080000FD4 (0x00B49493) slli x9, x9, 0xb                        main+2004
x9 <- 0x0000000000000800

mem[X,0x0000000080000FD8] -> 0xB073
mem[X,0x0000000080000FDA] -> 0x3004
[1675] [M]: 0x0000000080000FD8 (0x3004B073) csrrc x0, mstatus, x9                   main+2008
CSR mstatus (0x300) <- 0x0000000A00000000

clint mtime 0x0000000000000346 (mip.MTI <- 0b1, mip.STI <- 0b0)
mem[X,0x0000000080000FDC] -> 0x23F3
mem[X,0x0000000080000FDE] -> 0x3400
[1676] [M]: 0x0000000080000FDC (0x340023F3) csrrs x7, mscratch, x0                  main+2012
CSR mscratch (0x340) -> 0x0000000080004000
x7 <- 0x0000000080004000

mem[X,0x0000000080000FE0] -> 0xB303
mem[X,0x0000000080000FE2] -> 0x4703
[1677] [M]: 0x0000000080000FE0 (0x4703B303) ld x6, 0x470(x7)                        main+2016
mem[R,0x0000000080004470] -> 0xFFFFFF00800007BC
x6 <- 0xFFFFFF00800007BC

clint mtime 0x0000000000000347 (mip.MTI <- 0b1, mip.STI <- 0b0)
mem[X,0x0000000080000FE4] -> 0xB483
mem[X,0x0000000080000FE6] -> 0x1D83
[1678] [M]: 0x0000000080000FE4 (0x1D83B483) ld x9, 0x1d8(x7)                        main+2020
mem[R,0x00000000800041D8] -> 0x00000000800007D4
x9 <- 0x00000000800007D4

mem[X,0x0000000080000FE8] -> 0x0333
mem[X,0x0000000080000FEA] -> 0x4093
[1679] [M]: 0x0000000080000FE8 (0x40930333) sub x6, x6, x9                          main+2024
x6 <- 0xFFFFFEFFFFFFFFE8

clint mtime 0x0000000000000348 (mip.MTI <- 0b1, mip.STI <- 0b0)
mem[X,0x0000000080000FEC] -> 0x0313
mem[X,0x0000000080000FEE] -> 0x0103
[1680] [M]: 0x0000000080000FEC (0x01030313) addi x6, x6, 0x10                       main+2028
x6 <- 0xFFFFFEFFFFFFFFF8

mem[X,0x0000000080000FF0] -> 0x0497
mem[X,0x0000000080000FF2] -> 0x0000
[1681] [M]: 0x0000000080000FF0 (0x00000497) auipc x9, 0x0                           main+2032
x9 <- 0x0000000080000FF0

clint mtime 0x0000000000000349 (mip.MTI <- 0b1, mip.STI <- 0b0)
mem[X,0x0000000080000FF4] -> 0x84B3
mem[X,0x0000000080000FF6] -> 0x0064
[1682] [M]: 0x0000000080000FF4 (0x006484B3) add x9, x9, x6                          main+2036
x9 <- 0xFFFFFF0080000FE8

mem[X,0x0000000080000FF8] -> 0x94F3
mem[X,0x0000000080000FFA] -> 0x3414
[1683] [M]: 0x0000000080000FF8 (0x341494F3) csrrw x9, mepc, x9                      main+2040
CSR mepc (0x341) <- 0xFFFFFF0080000FE8
x9 <- 0xFFFFFF0080000DFC

clint mtime 0x000000000000034A (mip.MTI <- 0b1, mip.STI <- 0b0)
mem[X,0x0000000080000FFC] -> 0x0073
mem[X,0x0000000080000FFE] -> 0x3020
[1684] [M]: 0x0000000080000FFC (0x30200073) mret                                    main+2044
CSR mstatus (0x300) <- 0x0000000A00000080
ret-ing from M to U

PTW: Start, vpn=0xff0080000, access_type=X, privilege=Umem[R,0x0000000080008FF0] -> 0x00000000000000DB
PTW: Step, level=3, pte=0xDB, pte_addr=0x80008FF0
PTW: Success, final_ppn=0x80000, level=3mem[X,0x0000000080000FE8] -> 0x0333
mem[X,0x0000000080000FEA] -> 0x4093
[1685] [U]: 0xFFFFFF0080000FE8 (0x40930333) sub x6, x6, x9                          va_rvtest_code_begin+2092
x6 <- 0xFFFFFFFF7FFFF1FC

clint mtime 0x000000000000034B (mip.MTI <- 0b1, mip.STI <- 0b0)
mem[X,0x0000000080000FEC] -> 0x0313
mem[X,0x0000000080000FEE] -> 0x0103
[1686] [U]: 0xFFFFFF0080000FEC (0x01030313) addi x6, x6, 0x10                       va_rvtest_code_begin+2096
x6 <- 0xFFFFFFFF7FFFF20C

mem[X,0x0000000080000FF0] -> 0x0497
mem[X,0x0000000080000FF2] -> 0x0000
[1687] [U]: 0xFFFFFF0080000FF0 (0x00000497) auipc x9, 0x0                           va_rvtest_code_begin+2100
x9 <- 0xFFFFFF0080000FF0

clint mtime 0x000000000000034C (mip.MTI <- 0b1, mip.STI <- 0b0)
mem[X,0x0000000080000FF4] -> 0x84B3
mem[X,0x0000000080000FF6] -> 0x0064
[1688] [U]: 0xFFFFFF0080000FF4 (0x006484B3) add x9, x9, x6                          va_rvtest_code_begin+2104
x9 <- 0xFFFFFF00000001FC

mem[X,0x0000000080000FF8] -> 0x94F3
mem[X,0x0000000080000FFA] -> 0x3414
[1689] [U]: 0xFFFFFF0080000FF8 (0x341494F3) csrrw x9, mepc, x9                      va_rvtest_code_begin+2108
trapping from U to M to handle illegal-instruction
handling exc#illegal-instruction at priv M with tval 0x00000000341494F3
CSR mstatus (0x300) <- 0x0000000A00000000
CSR mcause (0x342) <- 0x0000000000000002
CSR mtval (0x343) <- 0x00000000341494F3
CSR mepc (0x341) <- 0xFFFFFF0080000FF8

clint mtime 0x000000000000034D (mip.MTI <- 0b1, mip.STI <- 0b0)
mem[X,0x0000000080001480] -> 0x006F
mem[X,0x0000000080001482] -> 0x1000
[1690] [M]: 0x0000000080001480 (0x1000006F) jal x0, 0x100                           Mtrampoline+0

mem[X,0x0000000080001580] -> 0x1173
mem[X,0x0000000080001582] -> 0x3401
[1691] [M]: 0x0000000080001580 (0x34011173) csrrw x2, mscratch, x2                  trap_Mhandler+0
CSR mscratch (0x340) <- 0x0000000000000000
x2 <- 0x0000000080004000

clint mtime 0x000000000000034E (mip.MTI <- 0b1, mip.STI <- 0b0)
mem[X,0x0000000080001584] -> 0x3423
mem[X,0x0000000080001586] -> 0x28B1
[1692] [M]: 0x0000000080001584 (0x28B13423) sd x11, 0x288(x2)                       trap_Mhandler+4
mem[W,0x0000000080004288] <- 0x00000000000000DF

mem[X,0x0000000080001588] -> 0x05EF
mem[X,0x000000008000158A] -> 0x0B80
[1693] [M]: 0x0000000080001588 (0x0B8005EF) jal x11, 0xb8                           trap_Mhandler+8
x11 <- 0x000000008000158C

clint mtime 0x000000000000034F (mip.MTI <- 0b1, mip.STI <- 0b0)
mem[X,0x0000000080001640] -> 0x3023
mem[X,0x0000000080001642] -> 0x28A1
[1694] [M]: 0x0000000080001640 (0x28A13023) sd x10, 0x280(x2)                       common_Mhandler+0
mem[W,0x0000000080004280] <- 0x00000000200000DF

mem[X,0x0000000080001644] -> 0x1573
mem[X,0x0000000080001646] -> 0x3401
[1695] [M]: 0x0000000080001644 (0x34011573) csrrw x10, mscratch, x2                 common_Mhandler+4
CSR mscratch (0x340) <- 0x0000000080004000
x10 <- 0x0000000000000000

clint mtime 0x0000000000000350 (mip.MTI <- 0b1, mip.STI <- 0b0)
mem[X,0x0000000080001648] -> 0x3823
mem[X,0x000000008000164A] -> 0x28A1
[1696] [M]: 0x0000000080001648 (0x28A13823) sd x10, 0x290(x2)                       common_Mhandler+8
mem[W,0x0000000080004290] <- 0x0000000000000000

mem[X,0x000000008000164C] -> 0x3503
mem[X,0x000000008000164E] -> 0x2301
[1697] [M]: 0x000000008000164C (0x23013503) ld x10, 0x230(x2)                       common_Mhandler+12
mem[R,0x0000000080004230] -> 0x0000000080001654
x10 <- 0x0000000080001654

clint mtime 0x0000000000000351 (mip.MTI <- 0b1, mip.STI <- 0b0)
mem[X,0x0000000080001650] -> 0x0067
mem[X,0x0000000080001652] -> 0x0005
[1698] [M]: 0x0000000080001650 (0x00050067) jalr x0, 0x0(x10)                       common_Mhandler+16

mem[X,0x0000000080001654] -> 0x3C23
mem[X,0x0000000080001656] -> 0x2691
[1699] [M]: 0x0000000080001654 (0x26913C23) sd x9, 0x278(x2)                        common_Mentry+0
mem[W,0x0000000080004278] <- 0xFFFFFF00000001FC

clint mtime 0x0000000000000352 (mip.MTI <- 0b1, mip.STI <- 0b0)
mem[X,0x0000000080001658] -> 0x3823
mem[X,0x000000008000165A] -> 0x2681
[1700] [M]: 0x0000000080001658 (0x26813823) sd x8, 0x270(x2)                        common_Mentry+4
mem[W,0x0000000080004270] <- 0x0000000000007F76

mem[X,0x000000008000165C] -> 0x3423
mem[X,0x000000008000165E] -> 0x2671
[1701] [M]: 0x000000008000165C (0x26713423) sd x7, 0x268(x2)                        common_Mentry+8
mem[W,0x0000000080004268] <- 0x0000000080004000

clint mtime 0x0000000000000353 (mip.MTI <- 0b1, mip.STI <- 0b0)
mem[X,0x0000000080001660] -> 0x3023
mem[X,0x0000000080001662] -> 0x2661
[1702] [M]: 0x0000000080001660 (0x26613023) sd x6, 0x260(x2)                        common_Mentry+12
mem[W,0x0000000080004260] <- 0xFFFFFFFF7FFFF20C

mem[X,0x0000000080001664] -> 0x2573
mem[X,0x0000000080001666] -> 0x3420
[1703] [M]: 0x0000000080001664 (0x34202573) csrrs x10, mcause, x0                   spcl_M2mmode_test+0
CSR mcause (0x342) -> 0x0000000000000002
x10 <- 0x0000000000000002

clint mtime 0x0000000000000354 (mip.MTI <- 0b1, mip.STI <- 0b0)
mem[X,0x0000000080001668] -> 0x04B7
mem[X,0x000000008000166A] -> 0x8000
[1704] [M]: 0x0000000080001668 (0x800004B7) lui x9, -0x80000                        spcl_M2mmode_test+4
x9 <- 0xFFFFFFFF80000000

mem[X,0x000000008000166C] -> 0x8493
mem[X,0x000000008000166E] -> 0x0004
[1705] [M]: 0x000000008000166C (0x00048493) addi x9, x9, 0x0                        spcl_M2mmode_test+8
x9 <- 0xFFFFFFFF80000000

clint mtime 0x0000000000000355 (mip.MTI <- 0b1, mip.STI <- 0b0)
mem[X,0x0000000080001670] -> 0x9493
mem[X,0x0000000080001672] -> 0x00B4
[1706] [M]: 0x0000000080001670 (0x00B49493) slli x9, x9, 0xb                        spcl_M2mmode_test+12
x9 <- 0xFFFFFC0000000000

mem[X,0x0000000080001674] -> 0x8493
mem[X,0x0000000080001676] -> 0x0004
[1707] [M]: 0x0000000080001674 (0x00048493) addi x9, x9, 0x0                        spcl_M2mmode_test+16
x9 <- 0xFFFFFC0000000000

clint mtime 0x0000000000000356 (mip.MTI <- 0b1, mip.STI <- 0b0)
mem[X,0x0000000080001678] -> 0x9493
mem[X,0x000000008000167A] -> 0x00B4
[1708] [M]: 0x0000000080001678 (0x00B49493) slli x9, x9, 0xb                        spcl_M2mmode_test+20
x9 <- 0xFFE0000000000000

mem[X,0x000000008000167C] -> 0x8493
mem[X,0x000000008000167E] -> 0x0034
[1709] [M]: 0x000000008000167C (0x00348493) addi x9, x9, 0x3                        spcl_M2mmode_test+24
x9 <- 0xFFE0000000000003

clint mtime 0x0000000000000357 (mip.MTI <- 0b1, mip.STI <- 0b0)
mem[X,0x0000000080001680] -> 0x9493
mem[X,0x0000000080001682] -> 0x00A4
[1710] [M]: 0x0000000080001680 (0x00A49493) slli x9, x9, 0xa                        spcl_M2mmode_test+28
x9 <- 0x8000000000000C00

mem[X,0x0000000080001684] -> 0x8493
mem[X,0x0000000080001686] -> 0x3FC4
[1711] [M]: 0x0000000080001684 (0x3FC48493) addi x9, x9, 0x3fc                      spcl_M2mmode_test+32
x9 <- 0x8000000000000FFC

clint mtime 0x0000000000000358 (mip.MTI <- 0b1, mip.STI <- 0b0)
mem[X,0x0000000080001688] -> 0xF4B3
mem[X,0x000000008000168A] -> 0x00A4
[1712] [M]: 0x0000000080001688 (0x00A4F4B3) and x9, x9, x10                         spcl_M2mmode_test+36
x9 <- 0x0000000000000000

mem[X,0x000000008000168C] -> 0x8493
mem[X,0x000000008000168E] -> 0xFF84
[1713] [M]: 0x000000008000168C (0xFF848493) addi x9, x9, -0x8                       spcl_M2mmode_test+40
x9 <- 0xFFFFFFFFFFFFFFF8

clint mtime 0x0000000000000359 (mip.MTI <- 0b1, mip.STI <- 0b0)
mem[X,0x0000000080001690] -> 0x9663
mem[X,0x0000000080001692] -> 0x0004
[1714] [M]: 0x0000000080001690 (0x00049663) bne x9, x0, 0xc                         spcl_M2mmode_test+44

mem[X,0x000000008000169C] -> 0x0393
mem[X,0x000000008000169E] -> 0x0200
[1715] [M]: 0x000000008000169C (0x02000393) addi x7, x0, 0x20                       Mtrapsig_ptr_upd+0
x7 <- 0x0000000000000020

clint mtime 0x000000000000035A (mip.MTI <- 0b1, mip.STI <- 0b0)
mem[X,0x00000000800016A0] -> 0x5263
mem[X,0x00000000800016A2] -> 0x0405
[1716] [M]: 0x00000000800016A0 (0x04055263) bge x10, x0, 0x44                       Mtrapsig_ptr_upd+4

mem[X,0x00000000800016E4] -> 0x2373
mem[X,0x00000000800016E6] -> 0x3010
[1717] [M]: 0x00000000800016E4 (0x30102373) csrrs x6, misa, x0                      Mxcpt_sig_sv+0
CSR misa (0x301) -> 0x800000000034112F
x6 <- 0x800000000034112F

clint mtime 0x000000000000035B (mip.MTI <- 0b1, mip.STI <- 0b0)
mem[X,0x00000000800016E8] -> 0x1313
mem[X,0x00000000800016EA] -> 0x0383
[1718] [M]: 0x00000000800016E8 (0x03831313) slli x6, x6, 0x38                       Mxcpt_sig_sv+4
x6 <- 0x2F00000000000000

mem[X,0x00000000800016EC] -> 0x5463
mem[X,0x00000000800016EE] -> 0x0003
[1719] [M]: 0x00000000800016EC (0x00035463) bge x6, x0, 0x8                         Mxcpt_sig_sv+8

clint mtime 0x000000000000035C (mip.MTI <- 0b1, mip.STI <- 0b0)
mem[X,0x00000000800016F4] -> 0x3303
mem[X,0x00000000800016F6] -> 0x2181
[1720] [M]: 0x00000000800016F4 (0x21813303) ld x6, 0x218(x2)                        Mtrap_sig_sv+0
mem[R,0x0000000080004218] -> 0x0000000080009418
x6 <- 0x0000000080009418

mem[X,0x00000000800016F8] -> 0x04B3
mem[X,0x00000000800016FA] -> 0x0073
[1721] [M]: 0x00000000800016F8 (0x007304B3) add x9, x6, x7                          Mtrap_sig_sv+4
x9 <- 0x0000000080009438

clint mtime 0x000000000000035D (mip.MTI <- 0b1, mip.STI <- 0b0)
mem[X,0x00000000800016FC] -> 0x3C23
mem[X,0x00000000800016FE] -> 0x2091
[1722] [M]: 0x00000000800016FC (0x20913C23) sd x9, 0x218(x2)                        Mtrap_sig_sv+8
mem[W,0x0000000080004218] <- 0x0000000080009438

mem[X,0x0000000080001700] -> 0x3403
mem[X,0x0000000080001702] -> 0x1F81
[1723] [M]: 0x0000000080001700 (0x1F813403) ld x8, 0x1f8(x2)                        Mtrap_sig_sv+12
mem[R,0x00000000800041F8] -> 0x0000000080009110
x8 <- 0x0000000080009110

clint mtime 0x000000000000035E (mip.MTI <- 0b1, mip.STI <- 0b0)
mem[X,0x0000000080001704] -> 0x0333
mem[X,0x0000000080001706] -> 0x4083
[1724] [M]: 0x0000000080001704 (0x40830333) sub x6, x6, x8                          Mtrap_sig_sv+16
x6 <- 0x0000000000000308

mem[X,0x0000000080001708] -> 0x3403
mem[X,0x000000008000170A] -> 0x1F81
[1725] [M]: 0x0000000080001708 (0x1F813403) ld x8, 0x1f8(x2)                        Mtrap_sig_sv+20
mem[R,0x00000000800041F8] -> 0x0000000080009110
x8 <- 0x0000000080009110

clint mtime 0x000000000000035F (mip.MTI <- 0b1, mip.STI <- 0b0)
mem[X,0x000000008000170C] -> 0x0333
mem[X,0x000000008000170E] -> 0x0083
[1726] [M]: 0x000000008000170C (0x00830333) add x6, x6, x8                          Mtrap_sig_sv+24
x6 <- 0x0000000080009418

mem[X,0x0000000080001710] -> 0x3403
mem[X,0x0000000080001712] -> 0x2401
[1727] [M]: 0x0000000080001710 (0x24013403) ld x8, 0x240(x2)                        Mtrap_sig_sv+28
mem[R,0x0000000080004240] -> 0x0000000080001480
x8 <- 0x0000000080001480

clint mtime 0x0000000000000360 (mip.MTI <- 0b1, mip.STI <- 0b0)
mem[X,0x0000000080001714] -> 0x85B3
mem[X,0x0000000080001716] -> 0x4085
[1728] [M]: 0x0000000080001714 (0x408585B3) sub x11, x11, x8                        sv_Mvect+0
x11 <- 0x000000000000010C

mem[X,0x0000000080001718] -> 0x9593
mem[X,0x000000008000171A] -> 0x0045
[1729] [M]: 0x0000000080001718 (0x00459593) slli x11, x11, 0x4                      sv_Mvect+4
x11 <- 0x00000000000010C0

clint mtime 0x0000000000000361 (mip.MTI <- 0b1, mip.STI <- 0b0)
mem[X,0x000000008000171C] -> 0xE5B3
mem[X,0x000000008000171E] -> 0x0075
[1730] [M]: 0x000000008000171C (0x0075E5B3) or x11, x11, x7                         sv_Mvect+8
x11 <- 0x00000000000010E0

mem[X,0x0000000080001720] -> 0x8593
mem[X,0x0000000080001722] -> 0x0035
[1731] [M]: 0x0000000080001720 (0x00358593) addi x11, x11, 0x3                      sv_Mvect+12
x11 <- 0x00000000000010E3

clint mtime 0x0000000000000362 (mip.MTI <- 0b1, mip.STI <- 0b0)
mem[X,0x0000000080001724] -> 0x3023
mem[X,0x0000000080001726] -> 0x00B3
[1732] [M]: 0x0000000080001724 (0x00B33023) sd x11, 0x0(x6)                         sv_Mvect+16
mem[W,0x0000000080009418] <- 0x00000000000010E3

mem[X,0x0000000080001728] -> 0x3423
mem[X,0x000000008000172A] -> 0x00A3
[1733] [M]: 0x0000000080001728 (0x00A33423) sd x10, 0x8(x6)                         sv_Mcause+0
mem[W,0x0000000080009420] <- 0x0000000000000002

clint mtime 0x0000000000000363 (mip.MTI <- 0b1, mip.STI <- 0b0)
mem[X,0x000000008000172C] -> 0x4663
mem[X,0x000000008000172E] -> 0x1A05
[1734] [M]: 0x000000008000172C (0x1A054663) blt x10, x0, 0x1ac                      sv_Mcause+4

mem[X,0x0000000080001730] -> 0x25F3
mem[X,0x0000000080001732] -> 0x3000
[1735] [M]: 0x0000000080001730 (0x300025F3) csrrs x11, mstatus, x0                  common_Mexcpt_handler+0
CSR mstatus (0x300) -> 0x0000000A00000000
x11 <- 0x0000000A00000000

clint mtime 0x0000000000000364 (mip.MTI <- 0b1, mip.STI <- 0b0)
mem[X,0x0000000080001734] -> 0x9413
mem[X,0x0000000080001736] -> 0x02E5
[1736] [M]: 0x0000000080001734 (0x02E59413) slli x8, x11, 0x2e                      common_Mexcpt_handler+4
x8 <- 0x0000000000000000

mem[X,0x0000000080001738] -> 0x5463
mem[X,0x000000008000173A] -> 0x0004
[1737] [M]: 0x0000000080001738 (0x00045463) bge x8, x0, 0x8                         common_Mexcpt_handler+8

clint mtime 0x0000000000000365 (mip.MTI <- 0b1, mip.STI <- 0b0)
mem[X,0x0000000080001740] -> 0xD493
mem[X,0x0000000080001742] -> 0x00B5
[1738] [M]: 0x0000000080001740 (0x00B5D493) srli x9, x11, 0xb                       common_Mexcpt_handler+16
x9 <- 0x0000000001400000

mem[X,0x0000000080001744] -> 0xF493
mem[X,0x0000000080001746] -> 0x0034
[1739] [M]: 0x0000000080001744 (0x0034F493) andi x9, x9, 0x3                        common_Mexcpt_handler+20
x9 <- 0x0000000000000000

clint mtime 0x0000000000000366 (mip.MTI <- 0b1, mip.STI <- 0b0)
mem[X,0x0000000080001748] -> 0x8493
mem[X,0x000000008000174A] -> 0x0014
[1740] [M]: 0x0000000080001748 (0x00148493) addi x9, x9, 0x1                        common_Mexcpt_handler+24
x9 <- 0x0000000000000001

mem[X,0x000000008000174C] -> 0xF493
mem[X,0x000000008000174E] -> 0x0044
[1741] [M]: 0x000000008000174C (0x0044F493) andi x9, x9, 0x4                        common_Mexcpt_handler+28
x9 <- 0x0000000000000000

clint mtime 0x0000000000000367 (mip.MTI <- 0b1, mip.STI <- 0b0)
mem[X,0x0000000080001750] -> 0x0593
mem[X,0x0000000080001752] -> 0x05D0
[1742] [M]: 0x0000000080001750 (0x05D00593) addi x11, x0, 0x5d                      common_Mexcpt_handler+32
x11 <- 0x000000000000005D

mem[X,0x0000000080001754] -> 0xD5B3
mem[X,0x0000000080001756] -> 0x0095
[1743] [M]: 0x0000000080001754 (0x0095D5B3) srl x11, x11, x9                        common_Mexcpt_handler+36
x11 <- 0x000000000000005D

clint mtime 0x0000000000000368 (mip.MTI <- 0b1, mip.STI <- 0b0)
mem[X,0x0000000080001758] -> 0xF593
mem[X,0x000000008000175A] -> 0x0015
[1744] [M]: 0x0000000080001758 (0x0015F593) andi x11, x11, 0x1                      common_Mexcpt_handler+40
x11 <- 0x0000000000000001

mem[X,0x000000008000175C] -> 0x8EE3
mem[X,0x000000008000175E] -> 0xF405
[1745] [M]: 0x000000008000175C (0xF4058EE3) beq x11, x0, -0xa4                      common_Mexcpt_handler+44

clint mtime 0x0000000000000369 (mip.MTI <- 0b1, mip.STI <- 0b0)
mem[X,0x0000000080001760] -> 0x0593
mem[X,0x0000000080001762] -> 0x2980
[1746] [M]: 0x0000000080001760 (0x29800593) addi x11, x0, 0x298                     common_Mexcpt_handler+48
x11 <- 0x0000000000000298

mem[X,0x0000000080001764] -> 0xF413
mem[X,0x0000000080001766] -> 0x0014
[1747] [M]: 0x0000000080001764 (0x0014F413) andi x8, x9, 0x1                        common_Mexcpt_handler+52
x8 <- 0x0000000000000000

clint mtime 0x000000000000036A (mip.MTI <- 0b1, mip.STI <- 0b0)
mem[X,0x0000000080001768] -> 0x95B3
mem[X,0x000000008000176A] -> 0x0085
[1748] [M]: 0x0000000080001768 (0x008595B3) sll x11, x11, x8                        common_Mexcpt_handler+56
x11 <- 0x0000000000000298

mem[X,0x000000008000176C] -> 0x9413
mem[X,0x000000008000176E] -> 0x03D4
[1749] [M]: 0x000000008000176C (0x03D49413) slli x8, x9, 0x3d                       common_Mexcpt_handler+60
x8 <- 0x0000000000000000

clint mtime 0x000000000000036B (mip.MTI <- 0b1, mip.STI <- 0b0)
mem[X,0x0000000080001770] -> 0x5413
mem[X,0x0000000080001772] -> 0x43F4
[1750] [M]: 0x0000000080001770 (0x43F45413) srai x8, x8, 0x3f                       common_Mexcpt_handler+64
x8 <- 0x0000000000000000

mem[X,0x0000000080001774] -> 0x4413
mem[X,0x0000000080001776] -> 0xFFF4
[1751] [M]: 0x0000000080001774 (0xFFF44413) xori x8, x8, -0x1                       common_Mexcpt_handler+68
x8 <- 0xFFFFFFFFFFFFFFFF

clint mtime 0x000000000000036C (mip.MTI <- 0b1, mip.STI <- 0b0)
mem[X,0x0000000080001778] -> 0xF4B3
mem[X,0x000000008000177A] -> 0x0085
[1752] [M]: 0x0000000080001778 (0x0085F4B3) and x9, x11, x8                         common_Mexcpt_handler+72
x9 <- 0x0000000000000298

mem[X,0x000000008000177C] -> 0x84B3
mem[X,0x000000008000177E] -> 0x0024
[1753] [M]: 0x000000008000177C (0x002484B3) add x9, x9, x2                          vmem_adj_Mepc+0
x9 <- 0x0000000080004298

clint mtime 0x000000000000036D (mip.MTI <- 0b1, mip.STI <- 0b0)
mem[X,0x0000000080001780] -> 0x23F3
mem[X,0x0000000080001782] -> 0x3410
[1754] [M]: 0x0000000080001780 (0x341023F3) csrrs x7, mepc, x0                      vmem_adj_Mepc+4
CSR mepc (0x341) -> 0xFFFFFF0080000FF8
x7 <- 0xFFFFFF0080000FF8

mem[X,0x0000000080001784] -> 0x0413
mem[X,0x0000000080001786] -> 0x0004
[1755] [M]: 0x0000000080001784 (0x00040413) addi x8, x8, 0x0                        vmem_adj_Mepc+8
x8 <- 0xFFFFFFFFFFFFFFFF

clint mtime 0x000000000000036E (mip.MTI <- 0b1, mip.STI <- 0b0)
mem[X,0x0000000080001788] -> 0x006F
mem[X,0x000000008000178A] -> 0x0400
[1756] [M]: 0x0000000080001788 (0x0400006F) jal x0, 0x40                            vmem_adj_Mepc+12

mem[X,0x00000000800017C8] -> 0x8433
mem[X,0x00000000800017CA] -> 0x4083
[1757] [M]: 0x00000000800017C8 (0x40838433) sub x8, x7, x8                          adj_Mepc+0
x8 <- 0xFFFFFF0080000FF9

clint mtime 0x000000000000036F (mip.MTI <- 0b1, mip.STI <- 0b0)
mem[X,0x00000000800017CC] -> 0x3823
mem[X,0x00000000800017CE] -> 0x0083
[1758] [M]: 0x00000000800017CC (0x00833823) sd x8, 0x10(x6)                         sv_Mepc+0
mem[W,0x0000000080009428] <- 0xFFFFFF0080000FF9

mem[X,0x00000000800017D0] -> 0x55B7
mem[X,0x00000000800017D2] -> 0x0000
[1759] [M]: 0x00000000800017D0 (0x000055B7) lui x11, 0x5                            sv_Mepc+4
x11 <- 0x0000000000005000

clint mtime 0x0000000000000370 (mip.MTI <- 0b1, mip.STI <- 0b0)
mem[X,0x00000000800017D4] -> 0x8593
mem[X,0x00000000800017D6] -> 0x6675
[1760] [M]: 0x00000000800017D4 (0x66758593) addi x11, x11, 0x667                    sv_Mepc+8
x11 <- 0x0000000000005667

mem[X,0x00000000800017D8] -> 0x9593
mem[X,0x00000000800017DA] -> 0x0015
[1761] [M]: 0x00000000800017D8 (0x00159593) slli x11, x11, 0x1                      sv_Mepc+12
x11 <- 0x000000000000ACCE

clint mtime 0x0000000000000371 (mip.MTI <- 0b1, mip.STI <- 0b0)
mem[X,0x00000000800017DC] -> 0x9063
mem[X,0x00000000800017DE] -> 0x02B1
[1762] [M]: 0x00000000800017DC (0x02B19063) bne x3, x11, 0x20                       sv_Mepc+16

mem[X,0x00000000800017E0] -> 0x2473
mem[X,0x00000000800017E2] -> 0x3420
[1763] [M]: 0x00000000800017E0 (0x34202473) csrrs x8, mcause, x0                    sv_Mepc+20
CSR mcause (0x342) -> 0x0000000000000002
x8 <- 0x0000000000000002

clint mtime 0x0000000000000372 (mip.MTI <- 0b1, mip.STI <- 0b0)
mem[X,0x00000000800017E4] -> 0x0593
mem[X,0x00000000800017E6] -> 0x00C0
[1764] [M]: 0x00000000800017E4 (0x00C00593) addi x11, x0, 0xc                       sv_Mepc+24
x11 <- 0x000000000000000C

mem[X,0x00000000800017E8] -> 0x0663
mem[X,0x00000000800017EA] -> 0x00B4
[1765] [M]: 0x00000000800017E8 (0x00B40663) beq x8, x11, 0xc                        sv_Mepc+28

clint mtime 0x0000000000000373 (mip.MTI <- 0b1, mip.STI <- 0b0)
mem[X,0x00000000800017EC] -> 0x0593
mem[X,0x00000000800017EE] -> 0x0010
[1766] [M]: 0x00000000800017EC (0x00100593) addi x11, x0, 0x1                       sv_Mepc+32
x11 <- 0x0000000000000001

mem[X,0x00000000800017F0] -> 0x1663
mem[X,0x00000000800017F2] -> 0x00B4
[1767] [M]: 0x00000000800017F0 (0x00B41663) bne x8, x11, 0xc                        sv_Mepc+36

clint mtime 0x0000000000000374 (mip.MTI <- 0b1, mip.STI <- 0b0)
mem[X,0x00000000800017FC] -> 0xF593
mem[X,0x00000000800017FE] -> 0xFFC3
[1768] [M]: 0x00000000800017FC (0xFFC3F593) andi x11, x7, -0x4                      adj_Mepc_rtn+0
x11 <- 0xFFFFFF0080000FF8

mem[X,0x0000000080001800] -> 0x8593
mem[X,0x0000000080001802] -> 0x0085
[1769] [M]: 0x0000000080001800 (0x00858593) addi x11, x11, 0x8                      adj_Mepc_rtn+4
x11 <- 0xFFFFFF0080001000

clint mtime 0x0000000000000375 (mip.MTI <- 0b1, mip.STI <- 0b0)
mem[X,0x0000000080001804] -> 0x9073
mem[X,0x0000000080001806] -> 0x3415
[1770] [M]: 0x0000000080001804 (0x34159073) csrrw x0, mepc, x11                     adj_Mepc_rtn+8
CSR mepc (0x341) <- 0xFFFFFF0080001000

mem[X,0x0000000080001808] -> 0x23F3
mem[X,0x000000008000180A] -> 0x3430
[1771] [M]: 0x0000000080001808 (0x343023F3) csrrs x7, mtval, x0                     skp_adj_Mepc+0
CSR mtval (0x343) -> 0x00000000341494F3
x7 <- 0x00000000341494F3

clint mtime 0x0000000000000376 (mip.MTI <- 0b1, mip.STI <- 0b0)
mem[X,0x000000008000180C] -> 0x0413
mem[X,0x000000008000180E] -> 0x0004
[1772] [M]: 0x000000008000180C (0x00040413) addi x8, x8, 0x0                        skp_adj_Mepc+4
x8 <- 0x0000000000000002

mem[X,0x0000000080001810] -> 0x006F
mem[X,0x0000000080001812] -> 0x0840
[1773] [M]: 0x0000000080001810 (0x0840006F) jal x0, 0x84                            skp_adj_Mepc+8

clint mtime 0x0000000000000377 (mip.MTI <- 0b1, mip.STI <- 0b0)
mem[X,0x0000000080001894] -> 0x8433
mem[X,0x0000000080001896] -> 0x4083
[1774] [M]: 0x0000000080001894 (0x40838433) sub x8, x7, x8                          adj_Mtval+0
x8 <- 0x00000000341494F1

mem[X,0x0000000080001898] -> 0x3C23
mem[X,0x000000008000189A] -> 0x0083
[1775] [M]: 0x0000000080001898 (0x00833C23) sd x8, 0x18(x6)                         sv_Mtval+0
mem[W,0x0000000080009430] <- 0x00000000341494F1

clint mtime 0x0000000000000378 (mip.MTI <- 0b1, mip.STI <- 0b0)
mem[X,0x000000008000189C] -> 0x3483
mem[X,0x000000008000189E] -> 0x2181
[1776] [M]: 0x000000008000189C (0x21813483) ld x9, 0x218(x2)                        skp_Mtval+0
mem[R,0x0000000080004218] -> 0x0000000080009438
x9 <- 0x0000000080009438

mem[X,0x00000000800018A0] -> 0x3383
mem[X,0x00000000800018A2] -> 0x1F81
[1777] [M]: 0x00000000800018A0 (0x1F813383) ld x7, 0x1f8(x2)                        skp_Mtval+4
mem[R,0x00000000800041F8] -> 0x0000000080009110
x7 <- 0x0000000080009110

clint mtime 0x0000000000000379 (mip.MTI <- 0b1, mip.STI <- 0b0)
mem[X,0x00000000800018A4] -> 0x3303
mem[X,0x00000000800018A6] -> 0x2001
[1778] [M]: 0x00000000800018A4 (0x20013303) ld x6, 0x200(x2)                        skp_Mtval+8
mem[R,0x0000000080004200] -> 0x0000000000000410
x6 <- 0x0000000000000410

mem[X,0x00000000800018A8] -> 0x0333
mem[X,0x00000000800018AA] -> 0x0073
[1779] [M]: 0x00000000800018A8 (0x00730333) add x6, x6, x7                          skp_Mtval+12
x6 <- 0x0000000080009520

clint mtime 0x000000000000037A (mip.MTI <- 0b1, mip.STI <- 0b0)
mem[X,0x00000000800018AC] -> 0x6AE3
mem[X,0x00000000800018AE] -> 0xAE93
[1780] [M]: 0x00000000800018AC (0xAE936AE3) bltu x6, x9, -0x50c                     skp_Mtval+16

mem[X,0x00000000800018B0] -> 0x0393
mem[X,0x00000000800018B2] -> 0x2000
[1781] [M]: 0x00000000800018B0 (0x20000393) addi x7, x0, 0x200                      skp_Mtval+20
x7 <- 0x0000000000000200

clint mtime 0x000000000000037B (mip.MTI <- 0b1, mip.STI <- 0b0)
mem[X,0x00000000800018B4] -> 0x006F
mem[X,0x00000000800018B6] -> 0x0400
[1782] [M]: 0x00000000800018B4 (0x0400006F) jal x0, 0x40                            skp_Mtval+24

mem[X,0x00000000800018F4] -> 0x0417
mem[X,0x00000000800018F6] -> 0x0000
[1783] [M]: 0x00000000800018F4 (0x00000417) auipc x8, 0x0                           spcl_Mhandler+0
x8 <- 0x00000000800018F4

clint mtime 0x000000000000037C (mip.MTI <- 0b1, mip.STI <- 0b0)
mem[X,0x00000000800018F8] -> 0x0413
mem[X,0x00000000800018FA] -> 0x03C4
[1784] [M]: 0x00000000800018F8 (0x03C40413) addi x8, x8, 0x3c                       spcl_Mhandler+4
x8 <- 0x0000000080001930

mem[X,0x00000000800018FC] -> 0x0433
mem[X,0x00000000800018FE] -> 0x0074
[1785] [M]: 0x00000000800018FC (0x00740433) add x8, x8, x7                          spcl_Mhandler+8
x8 <- 0x0000000080001B30

clint mtime 0x000000000000037D (mip.MTI <- 0b1, mip.STI <- 0b0)
mem[X,0x0000000080001900] -> 0x1393
mem[X,0x0000000080001902] -> 0x0035
[1786] [M]: 0x0000000080001900 (0x00351393) slli x7, x10, 0x3                       spcl_Mhandler+12
x7 <- 0x0000000000000010

mem[X,0x0000000080001904] -> 0x0433
mem[X,0x0000000080001906] -> 0x0074
[1787] [M]: 0x0000000080001904 (0x00740433) add x8, x8, x7                          spcl_Mhandler+16
x8 <- 0x0000000080001B40

clint mtime 0x000000000000037E (mip.MTI <- 0b1, mip.STI <- 0b0)
mem[X,0x0000000080001908] -> 0x7413
mem[X,0x000000008000190A] -> 0xFF84
[1788] [M]: 0x0000000080001908 (0xFF847413) andi x8, x8, -0x8                       spcl_Mhandler+20
x8 <- 0x0000000080001B40

mem[X,0x000000008000190C] -> 0x3403
mem[X,0x000000008000190E] -> 0x0004
[1789] [M]: 0x000000008000190C (0x00043403) ld x8, 0x0(x8)                          spcl_Mhandler+24
mem[R,0x0000000080001B40] -> 0x0000000000000005
x8 <- 0x0000000000000005

clint mtime 0x000000000000037F (mip.MTI <- 0b1, mip.STI <- 0b0)
mem[X,0x0000000080001910] -> 0x02E3
mem[X,0x0000000080001912] -> 0xB204
[1790] [M]: 0x0000000080001910 (0xB20402E3) beq x8, x0, -0x4dc                      spcl_Mdispatch_hndling+0

mem[X,0x0000000080001914] -> 0x1393
mem[X,0x0000000080001916] -> 0x03F4
[1791] [M]: 0x0000000080001914 (0x03F41393) slli x7, x8, 0x3f                       spcl_Mdispatch_hndling+4
x7 <- 0x8000000000000000

clint mtime 0x0000000000000380 (mip.MTI <- 0b1, mip.STI <- 0b0)
mem[X,0x0000000080001918] -> 0xD863
mem[X,0x000000008000191A] -> 0x0003
[1792] [M]: 0x0000000080001918 (0x0003D863) bge x7, x0, 0x10                        spcl_Mdispatch_hndling+8

mem[X,0x000000008000191C] -> 0x5413
mem[X,0x000000008000191E] -> 0x0014
[1793] [M]: 0x000000008000191C (0x00145413) srli x8, x8, 0x1                        spcl_Mdispatch_hndling+12
x8 <- 0x0000000000000002

clint mtime 0x0000000000000381 (mip.MTI <- 0b1, mip.STI <- 0b0)
mem[X,0x0000000080001920] -> 0x0CE3
mem[X,0x0000000080001922] -> 0xF885
[1794] [M]: 0x0000000080001920 (0xF8850CE3) beq x10, x8, -0x68                      spcl_Mdispatch_hndling+16

mem[X,0x00000000800018B8] -> 0x3303
mem[X,0x00000000800018BA] -> 0x2601
[1795] [M]: 0x00000000800018B8 (0x26013303) ld x6, 0x260(x2)                        resto_Mrtn+0
mem[R,0x0000000080004260] -> 0xFFFFFFFF7FFFF20C
x6 <- 0xFFFFFFFF7FFFF20C

clint mtime 0x0000000000000382 (mip.MTI <- 0b1, mip.STI <- 0b0)
mem[X,0x00000000800018BC] -> 0x3383
mem[X,0x00000000800018BE] -> 0x2681
[1796] [M]: 0x00000000800018BC (0x26813383) ld x7, 0x268(x2)                        resto_Mrtn+4
mem[R,0x0000000080004268] -> 0x0000000080004000
x7 <- 0x0000000080004000

mem[X,0x00000000800018C0] -> 0x3403
mem[X,0x00000000800018C2] -> 0x2701
[1797] [M]: 0x00000000800018C0 (0x27013403) ld x8, 0x270(x2)                        resto_Mrtn+8
mem[R,0x0000000080004270] -> 0x0000000000007F76
x8 <- 0x0000000000007F76

clint mtime 0x0000000000000383 (mip.MTI <- 0b1, mip.STI <- 0b0)
mem[X,0x00000000800018C4] -> 0x3483
mem[X,0x00000000800018C6] -> 0x2781
[1798] [M]: 0x00000000800018C4 (0x27813483) ld x9, 0x278(x2)                        resto_Mrtn+12
mem[R,0x0000000080004278] -> 0xFFFFFF00000001FC
x9 <- 0xFFFFFF00000001FC

mem[X,0x00000000800018C8] -> 0x3503
mem[X,0x00000000800018CA] -> 0x2801
[1799] [M]: 0x00000000800018C8 (0x28013503) ld x10, 0x280(x2)                       resto_Mrtn+16
mem[R,0x0000000080004280] -> 0x00000000200000DF
x10 <- 0x00000000200000DF

clint mtime 0x0000000000000384 (mip.MTI <- 0b1, mip.STI <- 0b0)
mem[X,0x00000000800018CC] -> 0x3583
mem[X,0x00000000800018CE] -> 0x2881
[1800] [M]: 0x00000000800018CC (0x28813583) ld x11, 0x288(x2)                       resto_Mrtn+20
mem[R,0x0000000080004288] -> 0x00000000000000DF
x11 <- 0x00000000000000DF

mem[X,0x00000000800018D0] -> 0x3103
mem[X,0x00000000800018D2] -> 0x2901
[1801] [M]: 0x00000000800018D0 (0x29013103) ld x2, 0x290(x2)                        resto_Mrtn+24
mem[R,0x0000000080004290] -> 0x0000000000000000
x2 <- 0x0000000000000000

clint mtime 0x0000000000000385 (mip.MTI <- 0b1, mip.STI <- 0b0)
mem[X,0x00000000800018D4] -> 0x0073
mem[X,0x00000000800018D6] -> 0x3020
[1802] [M]: 0x00000000800018D4 (0x30200073) mret                                    resto_Mrtn+28
CSR mstatus (0x300) <- 0x0000000A00000080
ret-ing from M to U

PTW: Start, vpn=0xff0080001, access_type=X, privilege=Umem[R,0x0000000080008FF0] -> 0x00000000000000DB
PTW: Step, level=3, pte=0xDB, pte_addr=0x80008FF0
PTW: Success, final_ppn=0x80001, level=3mem[X,0x0000000080001000] -> 0x0793
PTW: Start, vpn=0xff0080001, access_type=X, privilege=Umem[R,0x0000000080008FF0] -> 0x00000000000000DB
PTW: Step, level=3, pte=0xDB, pte_addr=0x80008FF0
PTW: Success, final_ppn=0x80001, level=3mem[X,0x0000000080001002] -> 0x4000
[1803] [U]: 0xFFFFFF0080001000 (0x40000793) addi x15, x0, 0x400                     va_rvtest_code_begin+2116
x15 <- 0x0000000000000400

clint mtime 0x0000000000000386 (mip.MTI <- 0b1, mip.STI <- 0b0)
PTW: Start, vpn=0xff0080001, access_type=X, privilege=Umem[R,0x0000000080008FF0] -> 0x00000000000000DB
PTW: Step, level=3, pte=0xDB, pte_addr=0x80008FF0
PTW: Success, final_ppn=0x80001, level=3mem[X,0x0000000080001004] -> 0x0613
PTW: Start, vpn=0xff0080001, access_type=X, privilege=Umem[R,0x0000000080008FF0] -> 0x00000000000000DB
PTW: Step, level=3, pte=0xDB, pte_addr=0x80008FF0
PTW: Success, final_ppn=0x80001, level=3mem[X,0x0000000080001006] -> 0x0106
[1804] [U]: 0xFFFFFF0080001004 (0x01060613) addi x12, x12, 0x10                     va_rvtest_code_begin+2120
x12 <- 0x0000000000000030

PTW: Start, vpn=0xff0080001, access_type=X, privilege=Umem[R,0x0000000080008FF0] -> 0x00000000000000DB
PTW: Step, level=3, pte=0xDB, pte_addr=0x80008FF0
PTW: Success, final_ppn=0x80001, level=3mem[X,0x0000000080001008] -> 0xAA23
PTW: Start, vpn=0xff0080001, access_type=X, privilege=Umem[R,0x0000000080008FF0] -> 0x00000000000000DB
PTW: Step, level=3, pte=0xDB, pte_addr=0x80008FF0
PTW: Success, final_ppn=0x80001, level=3mem[X,0x000000008000100A] -> 0x00C7
[1805] [U]: 0xFFFFFF0080001008 (0x00C7AA23) sw x12, 0x14(x15)                       va_rvtest_code_begin+2124
PTW: Start, vpn=0x0, access_type=W, privilege=Umem[R,0x0000000080008000] -> 0x0000000020001C01
PTW: Step, level=3, pte=0x20001C01, pte_addr=0x80008000
PTW: Start, vpn=0x0, access_type=W, privilege=Umem[R,0x0000000080007000] -> 0x0000000020001801
PTW: Step, level=2, pte=0x20001801, pte_addr=0x80007000
PTW: Start, vpn=0x0, access_type=W, privilege=UPTW: failed, error=mem-access-error, level=1, pte_addr=0x80006000
trapping from U to M to handle store/amo-access-fault
handling exc#store/amo-access-fault at priv M with tval 0x0000000000000414
CSR mstatus (0x300) <- 0x0000000A00000000
CSR mcause (0x342) <- 0x0000000000000007
CSR mtval (0x343) <- 0x0000000000000414
CSR mepc (0x341) <- 0xFFFFFF0080001008

clint mtime 0x0000000000000387 (mip.MTI <- 0b1, mip.STI <- 0b0)
mem[X,0x0000000080001480] -> 0x006F
mem[X,0x0000000080001482] -> 0x1000
[1806] [M]: 0x0000000080001480 (0x1000006F) jal x0, 0x100                           Mtrampoline+0

mem[X,0x0000000080001580] -> 0x1173
mem[X,0x0000000080001582] -> 0x3401
[1807] [M]: 0x0000000080001580 (0x34011173) csrrw x2, mscratch, x2                  trap_Mhandler+0
CSR mscratch (0x340) <- 0x0000000000000000
x2 <- 0x0000000080004000

clint mtime 0x0000000000000388 (mip.MTI <- 0b1, mip.STI <- 0b0)
mem[X,0x0000000080001584] -> 0x3423
mem[X,0x0000000080001586] -> 0x28B1
[1808] [M]: 0x0000000080001584 (0x28B13423) sd x11, 0x288(x2)                       trap_Mhandler+4
mem[W,0x0000000080004288] <- 0x00000000000000DF

mem[X,0x0000000080001588] -> 0x05EF
mem[X,0x000000008000158A] -> 0x0B80
[1809] [M]: 0x0000000080001588 (0x0B8005EF) jal x11, 0xb8                           trap_Mhandler+8
x11 <- 0x000000008000158C

clint mtime 0x0000000000000389 (mip.MTI <- 0b1, mip.STI <- 0b0)
mem[X,0x0000000080001640] -> 0x3023
mem[X,0x0000000080001642] -> 0x28A1
[1810] [M]: 0x0000000080001640 (0x28A13023) sd x10, 0x280(x2)                       common_Mhandler+0
mem[W,0x0000000080004280] <- 0x00000000200000DF

mem[X,0x0000000080001644] -> 0x1573
mem[X,0x0000000080001646] -> 0x3401
[1811] [M]: 0x0000000080001644 (0x34011573) csrrw x10, mscratch, x2                 common_Mhandler+4
CSR mscratch (0x340) <- 0x0000000080004000
x10 <- 0x0000000000000000

clint mtime 0x000000000000038A (mip.MTI <- 0b1, mip.STI <- 0b0)
mem[X,0x0000000080001648] -> 0x3823
mem[X,0x000000008000164A] -> 0x28A1
[1812] [M]: 0x0000000080001648 (0x28A13823) sd x10, 0x290(x2)                       common_Mhandler+8
mem[W,0x0000000080004290] <- 0x0000000000000000

mem[X,0x000000008000164C] -> 0x3503
mem[X,0x000000008000164E] -> 0x2301
[1813] [M]: 0x000000008000164C (0x23013503) ld x10, 0x230(x2)                       common_Mhandler+12
mem[R,0x0000000080004230] -> 0x0000000080001654
x10 <- 0x0000000080001654

clint mtime 0x000000000000038B (mip.MTI <- 0b1, mip.STI <- 0b0)
mem[X,0x0000000080001650] -> 0x0067
mem[X,0x0000000080001652] -> 0x0005
[1814] [M]: 0x0000000080001650 (0x00050067) jalr x0, 0x0(x10)                       common_Mhandler+16

mem[X,0x0000000080001654] -> 0x3C23
mem[X,0x0000000080001656] -> 0x2691
[1815] [M]: 0x0000000080001654 (0x26913C23) sd x9, 0x278(x2)                        common_Mentry+0
mem[W,0x0000000080004278] <- 0xFFFFFF00000001FC

clint mtime 0x000000000000038C (mip.MTI <- 0b1, mip.STI <- 0b0)
mem[X,0x0000000080001658] -> 0x3823
mem[X,0x000000008000165A] -> 0x2681
[1816] [M]: 0x0000000080001658 (0x26813823) sd x8, 0x270(x2)                        common_Mentry+4
mem[W,0x0000000080004270] <- 0x0000000000007F76

mem[X,0x000000008000165C] -> 0x3423
mem[X,0x000000008000165E] -> 0x2671
[1817] [M]: 0x000000008000165C (0x26713423) sd x7, 0x268(x2)                        common_Mentry+8
mem[W,0x0000000080004268] <- 0x0000000080004000

clint mtime 0x000000000000038D (mip.MTI <- 0b1, mip.STI <- 0b0)
mem[X,0x0000000080001660] -> 0x3023
mem[X,0x0000000080001662] -> 0x2661
[1818] [M]: 0x0000000080001660 (0x26613023) sd x6, 0x260(x2)                        common_Mentry+12
mem[W,0x0000000080004260] <- 0xFFFFFFFF7FFFF20C

mem[X,0x0000000080001664] -> 0x2573
mem[X,0x0000000080001666] -> 0x3420
[1819] [M]: 0x0000000080001664 (0x34202573) csrrs x10, mcause, x0                   spcl_M2mmode_test+0
CSR mcause (0x342) -> 0x0000000000000007
x10 <- 0x0000000000000007

clint mtime 0x000000000000038E (mip.MTI <- 0b1, mip.STI <- 0b0)
mem[X,0x0000000080001668] -> 0x04B7
mem[X,0x000000008000166A] -> 0x8000
[1820] [M]: 0x0000000080001668 (0x800004B7) lui x9, -0x80000                        spcl_M2mmode_test+4
x9 <- 0xFFFFFFFF80000000

mem[X,0x000000008000166C] -> 0x8493
mem[X,0x000000008000166E] -> 0x0004
[1821] [M]: 0x000000008000166C (0x00048493) addi x9, x9, 0x0                        spcl_M2mmode_test+8
x9 <- 0xFFFFFFFF80000000

clint mtime 0x000000000000038F (mip.MTI <- 0b1, mip.STI <- 0b0)
mem[X,0x0000000080001670] -> 0x9493
mem[X,0x0000000080001672] -> 0x00B4
[1822] [M]: 0x0000000080001670 (0x00B49493) slli x9, x9, 0xb                        spcl_M2mmode_test+12
x9 <- 0xFFFFFC0000000000

mem[X,0x0000000080001674] -> 0x8493
mem[X,0x0000000080001676] -> 0x0004
[1823] [M]: 0x0000000080001674 (0x00048493) addi x9, x9, 0x0                        spcl_M2mmode_test+16
x9 <- 0xFFFFFC0000000000

clint mtime 0x0000000000000390 (mip.MTI <- 0b1, mip.STI <- 0b0)
mem[X,0x0000000080001678] -> 0x9493
mem[X,0x000000008000167A] -> 0x00B4
[1824] [M]: 0x0000000080001678 (0x00B49493) slli x9, x9, 0xb                        spcl_M2mmode_test+20
x9 <- 0xFFE0000000000000

mem[X,0x000000008000167C] -> 0x8493
mem[X,0x000000008000167E] -> 0x0034
[1825] [M]: 0x000000008000167C (0x00348493) addi x9, x9, 0x3                        spcl_M2mmode_test+24
x9 <- 0xFFE0000000000003

clint mtime 0x0000000000000391 (mip.MTI <- 0b1, mip.STI <- 0b0)
mem[X,0x0000000080001680] -> 0x9493
mem[X,0x0000000080001682] -> 0x00A4
[1826] [M]: 0x0000000080001680 (0x00A49493) slli x9, x9, 0xa                        spcl_M2mmode_test+28
x9 <- 0x8000000000000C00

mem[X,0x0000000080001684] -> 0x8493
mem[X,0x0000000080001686] -> 0x3FC4
[1827] [M]: 0x0000000080001684 (0x3FC48493) addi x9, x9, 0x3fc                      spcl_M2mmode_test+32
x9 <- 0x8000000000000FFC

clint mtime 0x0000000000000392 (mip.MTI <- 0b1, mip.STI <- 0b0)
mem[X,0x0000000080001688] -> 0xF4B3
mem[X,0x000000008000168A] -> 0x00A4
[1828] [M]: 0x0000000080001688 (0x00A4F4B3) and x9, x9, x10                         spcl_M2mmode_test+36
x9 <- 0x0000000000000004

mem[X,0x000000008000168C] -> 0x8493
mem[X,0x000000008000168E] -> 0xFF84
[1829] [M]: 0x000000008000168C (0xFF848493) addi x9, x9, -0x8                       spcl_M2mmode_test+40
x9 <- 0xFFFFFFFFFFFFFFFC

clint mtime 0x0000000000000393 (mip.MTI <- 0b1, mip.STI <- 0b0)
mem[X,0x0000000080001690] -> 0x9663
mem[X,0x0000000080001692] -> 0x0004
[1830] [M]: 0x0000000080001690 (0x00049663) bne x9, x0, 0xc                         spcl_M2mmode_test+44

mem[X,0x000000008000169C] -> 0x0393
mem[X,0x000000008000169E] -> 0x0200
[1831] [M]: 0x000000008000169C (0x02000393) addi x7, x0, 0x20                       Mtrapsig_ptr_upd+0
x7 <- 0x0000000000000020

clint mtime 0x0000000000000394 (mip.MTI <- 0b1, mip.STI <- 0b0)
mem[X,0x00000000800016A0] -> 0x5263
mem[X,0x00000000800016A2] -> 0x0405
[1832] [M]: 0x00000000800016A0 (0x04055263) bge x10, x0, 0x44                       Mtrapsig_ptr_upd+4

mem[X,0x00000000800016E4] -> 0x2373
mem[X,0x00000000800016E6] -> 0x3010
[1833] [M]: 0x00000000800016E4 (0x30102373) csrrs x6, misa, x0                      Mxcpt_sig_sv+0
CSR misa (0x301) -> 0x800000000034112F
x6 <- 0x800000000034112F

clint mtime 0x0000000000000395 (mip.MTI <- 0b1, mip.STI <- 0b0)
mem[X,0x00000000800016E8] -> 0x1313
mem[X,0x00000000800016EA] -> 0x0383
[1834] [M]: 0x00000000800016E8 (0x03831313) slli x6, x6, 0x38                       Mxcpt_sig_sv+4
x6 <- 0x2F00000000000000

mem[X,0x00000000800016EC] -> 0x5463
mem[X,0x00000000800016EE] -> 0x0003
[1835] [M]: 0x00000000800016EC (0x00035463) bge x6, x0, 0x8                         Mxcpt_sig_sv+8

clint mtime 0x0000000000000396 (mip.MTI <- 0b1, mip.STI <- 0b0)
mem[X,0x00000000800016F4] -> 0x3303
mem[X,0x00000000800016F6] -> 0x2181
[1836] [M]: 0x00000000800016F4 (0x21813303) ld x6, 0x218(x2)                        Mtrap_sig_sv+0
mem[R,0x0000000080004218] -> 0x0000000080009438
x6 <- 0x0000000080009438

mem[X,0x00000000800016F8] -> 0x04B3
mem[X,0x00000000800016FA] -> 0x0073
[1837] [M]: 0x00000000800016F8 (0x007304B3) add x9, x6, x7                          Mtrap_sig_sv+4
x9 <- 0x0000000080009458

clint mtime 0x0000000000000397 (mip.MTI <- 0b1, mip.STI <- 0b0)
mem[X,0x00000000800016FC] -> 0x3C23
mem[X,0x00000000800016FE] -> 0x2091
[1838] [M]: 0x00000000800016FC (0x20913C23) sd x9, 0x218(x2)                        Mtrap_sig_sv+8
mem[W,0x0000000080004218] <- 0x0000000080009458

mem[X,0x0000000080001700] -> 0x3403
mem[X,0x0000000080001702] -> 0x1F81
[1839] [M]: 0x0000000080001700 (0x1F813403) ld x8, 0x1f8(x2)                        Mtrap_sig_sv+12
mem[R,0x00000000800041F8] -> 0x0000000080009110
x8 <- 0x0000000080009110

clint mtime 0x0000000000000398 (mip.MTI <- 0b1, mip.STI <- 0b0)
mem[X,0x0000000080001704] -> 0x0333
mem[X,0x0000000080001706] -> 0x4083
[1840] [M]: 0x0000000080001704 (0x40830333) sub x6, x6, x8                          Mtrap_sig_sv+16
x6 <- 0x0000000000000328

mem[X,0x0000000080001708] -> 0x3403
mem[X,0x000000008000170A] -> 0x1F81
[1841] [M]: 0x0000000080001708 (0x1F813403) ld x8, 0x1f8(x2)                        Mtrap_sig_sv+20
mem[R,0x00000000800041F8] -> 0x0000000080009110
x8 <- 0x0000000080009110

clint mtime 0x0000000000000399 (mip.MTI <- 0b1, mip.STI <- 0b0)
mem[X,0x000000008000170C] -> 0x0333
mem[X,0x000000008000170E] -> 0x0083
[1842] [M]: 0x000000008000170C (0x00830333) add x6, x6, x8                          Mtrap_sig_sv+24
x6 <- 0x0000000080009438

mem[X,0x0000000080001710] -> 0x3403
mem[X,0x0000000080001712] -> 0x2401
[1843] [M]: 0x0000000080001710 (0x24013403) ld x8, 0x240(x2)                        Mtrap_sig_sv+28
mem[R,0x0000000080004240] -> 0x0000000080001480
x8 <- 0x0000000080001480

clint mtime 0x000000000000039A (mip.MTI <- 0b1, mip.STI <- 0b0)
mem[X,0x0000000080001714] -> 0x85B3
mem[X,0x0000000080001716] -> 0x4085
[1844] [M]: 0x0000000080001714 (0x408585B3) sub x11, x11, x8                        sv_Mvect+0
x11 <- 0x000000000000010C

mem[X,0x0000000080001718] -> 0x9593
mem[X,0x000000008000171A] -> 0x0045
[1845] [M]: 0x0000000080001718 (0x00459593) slli x11, x11, 0x4                      sv_Mvect+4
x11 <- 0x00000000000010C0

clint mtime 0x000000000000039B (mip.MTI <- 0b1, mip.STI <- 0b0)
mem[X,0x000000008000171C] -> 0xE5B3
mem[X,0x000000008000171E] -> 0x0075
[1846] [M]: 0x000000008000171C (0x0075E5B3) or x11, x11, x7                         sv_Mvect+8
x11 <- 0x00000000000010E0

mem[X,0x0000000080001720] -> 0x8593
mem[X,0x0000000080001722] -> 0x0035
[1847] [M]: 0x0000000080001720 (0x00358593) addi x11, x11, 0x3                      sv_Mvect+12
x11 <- 0x00000000000010E3

clint mtime 0x000000000000039C (mip.MTI <- 0b1, mip.STI <- 0b0)
mem[X,0x0000000080001724] -> 0x3023
mem[X,0x0000000080001726] -> 0x00B3
[1848] [M]: 0x0000000080001724 (0x00B33023) sd x11, 0x0(x6)                         sv_Mvect+16
mem[W,0x0000000080009438] <- 0x00000000000010E3

mem[X,0x0000000080001728] -> 0x3423
mem[X,0x000000008000172A] -> 0x00A3
[1849] [M]: 0x0000000080001728 (0x00A33423) sd x10, 0x8(x6)                         sv_Mcause+0
mem[W,0x0000000080009440] <- 0x0000000000000007

clint mtime 0x000000000000039D (mip.MTI <- 0b1, mip.STI <- 0b0)
mem[X,0x000000008000172C] -> 0x4663
mem[X,0x000000008000172E] -> 0x1A05
[1850] [M]: 0x000000008000172C (0x1A054663) blt x10, x0, 0x1ac                      sv_Mcause+4

mem[X,0x0000000080001730] -> 0x25F3
mem[X,0x0000000080001732] -> 0x3000
[1851] [M]: 0x0000000080001730 (0x300025F3) csrrs x11, mstatus, x0                  common_Mexcpt_handler+0
CSR mstatus (0x300) -> 0x0000000A00000000
x11 <- 0x0000000A00000000

clint mtime 0x000000000000039E (mip.MTI <- 0b1, mip.STI <- 0b0)
mem[X,0x0000000080001734] -> 0x9413
mem[X,0x0000000080001736] -> 0x02E5
[1852] [M]: 0x0000000080001734 (0x02E59413) slli x8, x11, 0x2e                      common_Mexcpt_handler+4
x8 <- 0x0000000000000000

mem[X,0x0000000080001738] -> 0x5463
mem[X,0x000000008000173A] -> 0x0004
[1853] [M]: 0x0000000080001738 (0x00045463) bge x8, x0, 0x8                         common_Mexcpt_handler+8

clint mtime 0x000000000000039F (mip.MTI <- 0b1, mip.STI <- 0b0)
mem[X,0x0000000080001740] -> 0xD493
mem[X,0x0000000080001742] -> 0x00B5
[1854] [M]: 0x0000000080001740 (0x00B5D493) srli x9, x11, 0xb                       common_Mexcpt_handler+16
x9 <- 0x0000000001400000

mem[X,0x0000000080001744] -> 0xF493
mem[X,0x0000000080001746] -> 0x0034
[1855] [M]: 0x0000000080001744 (0x0034F493) andi x9, x9, 0x3                        common_Mexcpt_handler+20
x9 <- 0x0000000000000000

clint mtime 0x00000000000003A0 (mip.MTI <- 0b1, mip.STI <- 0b0)
mem[X,0x0000000080001748] -> 0x8493
mem[X,0x000000008000174A] -> 0x0014
[1856] [M]: 0x0000000080001748 (0x00148493) addi x9, x9, 0x1                        common_Mexcpt_handler+24
x9 <- 0x0000000000000001

mem[X,0x000000008000174C] -> 0xF493
mem[X,0x000000008000174E] -> 0x0044
[1857] [M]: 0x000000008000174C (0x0044F493) andi x9, x9, 0x4                        common_Mexcpt_handler+28
x9 <- 0x0000000000000000

clint mtime 0x00000000000003A1 (mip.MTI <- 0b1, mip.STI <- 0b0)
mem[X,0x0000000080001750] -> 0x0593
mem[X,0x0000000080001752] -> 0x05D0
[1858] [M]: 0x0000000080001750 (0x05D00593) addi x11, x0, 0x5d                      common_Mexcpt_handler+32
x11 <- 0x000000000000005D

mem[X,0x0000000080001754] -> 0xD5B3
mem[X,0x0000000080001756] -> 0x0095
[1859] [M]: 0x0000000080001754 (0x0095D5B3) srl x11, x11, x9                        common_Mexcpt_handler+36
x11 <- 0x000000000000005D

clint mtime 0x00000000000003A2 (mip.MTI <- 0b1, mip.STI <- 0b0)
mem[X,0x0000000080001758] -> 0xF593
mem[X,0x000000008000175A] -> 0x0015
[1860] [M]: 0x0000000080001758 (0x0015F593) andi x11, x11, 0x1                      common_Mexcpt_handler+40
x11 <- 0x0000000000000001

mem[X,0x000000008000175C] -> 0x8EE3
mem[X,0x000000008000175E] -> 0xF405
[1861] [M]: 0x000000008000175C (0xF4058EE3) beq x11, x0, -0xa4                      common_Mexcpt_handler+44

clint mtime 0x00000000000003A3 (mip.MTI <- 0b1, mip.STI <- 0b0)
mem[X,0x0000000080001760] -> 0x0593
mem[X,0x0000000080001762] -> 0x2980
[1862] [M]: 0x0000000080001760 (0x29800593) addi x11, x0, 0x298                     common_Mexcpt_handler+48
x11 <- 0x0000000000000298

mem[X,0x0000000080001764] -> 0xF413
mem[X,0x0000000080001766] -> 0x0014
[1863] [M]: 0x0000000080001764 (0x0014F413) andi x8, x9, 0x1                        common_Mexcpt_handler+52
x8 <- 0x0000000000000000

clint mtime 0x00000000000003A4 (mip.MTI <- 0b1, mip.STI <- 0b0)
mem[X,0x0000000080001768] -> 0x95B3
mem[X,0x000000008000176A] -> 0x0085
[1864] [M]: 0x0000000080001768 (0x008595B3) sll x11, x11, x8                        common_Mexcpt_handler+56
x11 <- 0x0000000000000298

mem[X,0x000000008000176C] -> 0x9413
mem[X,0x000000008000176E] -> 0x03D4
[1865] [M]: 0x000000008000176C (0x03D49413) slli x8, x9, 0x3d                       common_Mexcpt_handler+60
x8 <- 0x0000000000000000

clint mtime 0x00000000000003A5 (mip.MTI <- 0b1, mip.STI <- 0b0)
mem[X,0x0000000080001770] -> 0x5413
mem[X,0x0000000080001772] -> 0x43F4
[1866] [M]: 0x0000000080001770 (0x43F45413) srai x8, x8, 0x3f                       common_Mexcpt_handler+64
x8 <- 0x0000000000000000

mem[X,0x0000000080001774] -> 0x4413
mem[X,0x0000000080001776] -> 0xFFF4
[1867] [M]: 0x0000000080001774 (0xFFF44413) xori x8, x8, -0x1                       common_Mexcpt_handler+68
x8 <- 0xFFFFFFFFFFFFFFFF

clint mtime 0x00000000000003A6 (mip.MTI <- 0b1, mip.STI <- 0b0)
mem[X,0x0000000080001778] -> 0xF4B3
mem[X,0x000000008000177A] -> 0x0085
[1868] [M]: 0x0000000080001778 (0x0085F4B3) and x9, x11, x8                         common_Mexcpt_handler+72
x9 <- 0x0000000000000298

mem[X,0x000000008000177C] -> 0x84B3
mem[X,0x000000008000177E] -> 0x0024
[1869] [M]: 0x000000008000177C (0x002484B3) add x9, x9, x2                          vmem_adj_Mepc+0
x9 <- 0x0000000080004298

clint mtime 0x00000000000003A7 (mip.MTI <- 0b1, mip.STI <- 0b0)
mem[X,0x0000000080001780] -> 0x23F3
mem[X,0x0000000080001782] -> 0x3410
[1870] [M]: 0x0000000080001780 (0x341023F3) csrrs x7, mepc, x0                      vmem_adj_Mepc+4
CSR mepc (0x341) -> 0xFFFFFF0080001008
x7 <- 0xFFFFFF0080001008

mem[X,0x0000000080001784] -> 0x0413
mem[X,0x0000000080001786] -> 0x0004
[1871] [M]: 0x0000000080001784 (0x00040413) addi x8, x8, 0x0                        vmem_adj_Mepc+8
x8 <- 0xFFFFFFFFFFFFFFFF

clint mtime 0x00000000000003A8 (mip.MTI <- 0b1, mip.STI <- 0b0)
mem[X,0x0000000080001788] -> 0x006F
mem[X,0x000000008000178A] -> 0x0400
[1872] [M]: 0x0000000080001788 (0x0400006F) jal x0, 0x40                            vmem_adj_Mepc+12

mem[X,0x00000000800017C8] -> 0x8433
mem[X,0x00000000800017CA] -> 0x4083
[1873] [M]: 0x00000000800017C8 (0x40838433) sub x8, x7, x8                          adj_Mepc+0
x8 <- 0xFFFFFF0080001009

clint mtime 0x00000000000003A9 (mip.MTI <- 0b1, mip.STI <- 0b0)
mem[X,0x00000000800017CC] -> 0x3823
mem[X,0x00000000800017CE] -> 0x0083
[1874] [M]: 0x00000000800017CC (0x00833823) sd x8, 0x10(x6)                         sv_Mepc+0
mem[W,0x0000000080009448] <- 0xFFFFFF0080001009

mem[X,0x00000000800017D0] -> 0x55B7
mem[X,0x00000000800017D2] -> 0x0000
[1875] [M]: 0x00000000800017D0 (0x000055B7) lui x11, 0x5                            sv_Mepc+4
x11 <- 0x0000000000005000

clint mtime 0x00000000000003AA (mip.MTI <- 0b1, mip.STI <- 0b0)
mem[X,0x00000000800017D4] -> 0x8593
mem[X,0x00000000800017D6] -> 0x6675
[1876] [M]: 0x00000000800017D4 (0x66758593) addi x11, x11, 0x667                    sv_Mepc+8
x11 <- 0x0000000000005667

mem[X,0x00000000800017D8] -> 0x9593
mem[X,0x00000000800017DA] -> 0x0015
[1877] [M]: 0x00000000800017D8 (0x00159593) slli x11, x11, 0x1                      sv_Mepc+12
x11 <- 0x000000000000ACCE

clint mtime 0x00000000000003AB (mip.MTI <- 0b1, mip.STI <- 0b0)
mem[X,0x00000000800017DC] -> 0x9063
mem[X,0x00000000800017DE] -> 0x02B1
[1878] [M]: 0x00000000800017DC (0x02B19063) bne x3, x11, 0x20                       sv_Mepc+16

mem[X,0x00000000800017E0] -> 0x2473
mem[X,0x00000000800017E2] -> 0x3420
[1879] [M]: 0x00000000800017E0 (0x34202473) csrrs x8, mcause, x0                    sv_Mepc+20
CSR mcause (0x342) -> 0x0000000000000007
x8 <- 0x0000000000000007

clint mtime 0x00000000000003AC (mip.MTI <- 0b1, mip.STI <- 0b0)
mem[X,0x00000000800017E4] -> 0x0593
mem[X,0x00000000800017E6] -> 0x00C0
[1880] [M]: 0x00000000800017E4 (0x00C00593) addi x11, x0, 0xc                       sv_Mepc+24
x11 <- 0x000000000000000C

mem[X,0x00000000800017E8] -> 0x0663
mem[X,0x00000000800017EA] -> 0x00B4
[1881] [M]: 0x00000000800017E8 (0x00B40663) beq x8, x11, 0xc                        sv_Mepc+28

clint mtime 0x00000000000003AD (mip.MTI <- 0b1, mip.STI <- 0b0)
mem[X,0x00000000800017EC] -> 0x0593
mem[X,0x00000000800017EE] -> 0x0010
[1882] [M]: 0x00000000800017EC (0x00100593) addi x11, x0, 0x1                       sv_Mepc+32
x11 <- 0x0000000000000001

mem[X,0x00000000800017F0] -> 0x1663
mem[X,0x00000000800017F2] -> 0x00B4
[1883] [M]: 0x00000000800017F0 (0x00B41663) bne x8, x11, 0xc                        sv_Mepc+36

clint mtime 0x00000000000003AE (mip.MTI <- 0b1, mip.STI <- 0b0)
mem[X,0x00000000800017FC] -> 0xF593
mem[X,0x00000000800017FE] -> 0xFFC3
[1884] [M]: 0x00000000800017FC (0xFFC3F593) andi x11, x7, -0x4                      adj_Mepc_rtn+0
x11 <- 0xFFFFFF0080001008

mem[X,0x0000000080001800] -> 0x8593
mem[X,0x0000000080001802] -> 0x0085
[1885] [M]: 0x0000000080001800 (0x00858593) addi x11, x11, 0x8                      adj_Mepc_rtn+4
x11 <- 0xFFFFFF0080001010

clint mtime 0x00000000000003AF (mip.MTI <- 0b1, mip.STI <- 0b0)
mem[X,0x0000000080001804] -> 0x9073
mem[X,0x0000000080001806] -> 0x3415
[1886] [M]: 0x0000000080001804 (0x34159073) csrrw x0, mepc, x11                     adj_Mepc_rtn+8
CSR mepc (0x341) <- 0xFFFFFF0080001010

mem[X,0x0000000080001808] -> 0x23F3
mem[X,0x000000008000180A] -> 0x3430
[1887] [M]: 0x0000000080001808 (0x343023F3) csrrs x7, mtval, x0                     skp_adj_Mepc+0
CSR mtval (0x343) -> 0x0000000000000414
x7 <- 0x0000000000000414

clint mtime 0x00000000000003B0 (mip.MTI <- 0b1, mip.STI <- 0b0)
mem[X,0x000000008000180C] -> 0x0413
mem[X,0x000000008000180E] -> 0x0004
[1888] [M]: 0x000000008000180C (0x00040413) addi x8, x8, 0x0                        skp_adj_Mepc+4
x8 <- 0x0000000000000007

mem[X,0x0000000080001810] -> 0x006F
mem[X,0x0000000080001812] -> 0x0840
[1889] [M]: 0x0000000080001810 (0x0840006F) jal x0, 0x84                            skp_adj_Mepc+8

clint mtime 0x00000000000003B1 (mip.MTI <- 0b1, mip.STI <- 0b0)
mem[X,0x0000000080001894] -> 0x8433
mem[X,0x0000000080001896] -> 0x4083
[1890] [M]: 0x0000000080001894 (0x40838433) sub x8, x7, x8                          adj_Mtval+0
x8 <- 0x000000000000040D

mem[X,0x0000000080001898] -> 0x3C23
mem[X,0x000000008000189A] -> 0x0083
[1891] [M]: 0x0000000080001898 (0x00833C23) sd x8, 0x18(x6)                         sv_Mtval+0
mem[W,0x0000000080009450] <- 0x000000000000040D

clint mtime 0x00000000000003B2 (mip.MTI <- 0b1, mip.STI <- 0b0)
mem[X,0x000000008000189C] -> 0x3483
mem[X,0x000000008000189E] -> 0x2181
[1892] [M]: 0x000000008000189C (0x21813483) ld x9, 0x218(x2)                        skp_Mtval+0
mem[R,0x0000000080004218] -> 0x0000000080009458
x9 <- 0x0000000080009458

mem[X,0x00000000800018A0] -> 0x3383
mem[X,0x00000000800018A2] -> 0x1F81
[1893] [M]: 0x00000000800018A0 (0x1F813383) ld x7, 0x1f8(x2)                        skp_Mtval+4
mem[R,0x00000000800041F8] -> 0x0000000080009110
x7 <- 0x0000000080009110

clint mtime 0x00000000000003B3 (mip.MTI <- 0b1, mip.STI <- 0b0)
mem[X,0x00000000800018A4] -> 0x3303
mem[X,0x00000000800018A6] -> 0x2001
[1894] [M]: 0x00000000800018A4 (0x20013303) ld x6, 0x200(x2)                        skp_Mtval+8
mem[R,0x0000000080004200] -> 0x0000000000000410
x6 <- 0x0000000000000410

mem[X,0x00000000800018A8] -> 0x0333
mem[X,0x00000000800018AA] -> 0x0073
[1895] [M]: 0x00000000800018A8 (0x00730333) add x6, x6, x7                          skp_Mtval+12
x6 <- 0x0000000080009520

clint mtime 0x00000000000003B4 (mip.MTI <- 0b1, mip.STI <- 0b0)
mem[X,0x00000000800018AC] -> 0x6AE3
mem[X,0x00000000800018AE] -> 0xAE93
[1896] [M]: 0x00000000800018AC (0xAE936AE3) bltu x6, x9, -0x50c                     skp_Mtval+16

mem[X,0x00000000800018B0] -> 0x0393
mem[X,0x00000000800018B2] -> 0x2000
[1897] [M]: 0x00000000800018B0 (0x20000393) addi x7, x0, 0x200                      skp_Mtval+20
x7 <- 0x0000000000000200

clint mtime 0x00000000000003B5 (mip.MTI <- 0b1, mip.STI <- 0b0)
mem[X,0x00000000800018B4] -> 0x006F
mem[X,0x00000000800018B6] -> 0x0400
[1898] [M]: 0x00000000800018B4 (0x0400006F) jal x0, 0x40                            skp_Mtval+24

mem[X,0x00000000800018F4] -> 0x0417
mem[X,0x00000000800018F6] -> 0x0000
[1899] [M]: 0x00000000800018F4 (0x00000417) auipc x8, 0x0                           spcl_Mhandler+0
x8 <- 0x00000000800018F4

clint mtime 0x00000000000003B6 (mip.MTI <- 0b1, mip.STI <- 0b0)
mem[X,0x00000000800018F8] -> 0x0413
mem[X,0x00000000800018FA] -> 0x03C4
[1900] [M]: 0x00000000800018F8 (0x03C40413) addi x8, x8, 0x3c                       spcl_Mhandler+4
x8 <- 0x0000000080001930

mem[X,0x00000000800018FC] -> 0x0433
mem[X,0x00000000800018FE] -> 0x0074
[1901] [M]: 0x00000000800018FC (0x00740433) add x8, x8, x7                          spcl_Mhandler+8
x8 <- 0x0000000080001B30

clint mtime 0x00000000000003B7 (mip.MTI <- 0b1, mip.STI <- 0b0)
mem[X,0x0000000080001900] -> 0x1393
mem[X,0x0000000080001902] -> 0x0035
[1902] [M]: 0x0000000080001900 (0x00351393) slli x7, x10, 0x3                       spcl_Mhandler+12
x7 <- 0x0000000000000038

mem[X,0x0000000080001904] -> 0x0433
mem[X,0x0000000080001906] -> 0x0074
[1903] [M]: 0x0000000080001904 (0x00740433) add x8, x8, x7                          spcl_Mhandler+16
x8 <- 0x0000000080001B68

clint mtime 0x00000000000003B8 (mip.MTI <- 0b1, mip.STI <- 0b0)
mem[X,0x0000000080001908] -> 0x7413
mem[X,0x000000008000190A] -> 0xFF84
[1904] [M]: 0x0000000080001908 (0xFF847413) andi x8, x8, -0x8                       spcl_Mhandler+20
x8 <- 0x0000000080001B68

mem[X,0x000000008000190C] -> 0x3403
mem[X,0x000000008000190E] -> 0x0004
[1905] [M]: 0x000000008000190C (0x00043403) ld x8, 0x0(x8)                          spcl_Mhandler+24
mem[R,0x0000000080001B68] -> 0x000000000000000F
x8 <- 0x000000000000000F

clint mtime 0x00000000000003B9 (mip.MTI <- 0b1, mip.STI <- 0b0)
mem[X,0x0000000080001910] -> 0x02E3
mem[X,0x0000000080001912] -> 0xB204
[1906] [M]: 0x0000000080001910 (0xB20402E3) beq x8, x0, -0x4dc                      spcl_Mdispatch_hndling+0

mem[X,0x0000000080001914] -> 0x1393
mem[X,0x0000000080001916] -> 0x03F4
[1907] [M]: 0x0000000080001914 (0x03F41393) slli x7, x8, 0x3f                       spcl_Mdispatch_hndling+4
x7 <- 0x8000000000000000

clint mtime 0x00000000000003BA (mip.MTI <- 0b1, mip.STI <- 0b0)
mem[X,0x0000000080001918] -> 0xD863
mem[X,0x000000008000191A] -> 0x0003
[1908] [M]: 0x0000000080001918 (0x0003D863) bge x7, x0, 0x10                        spcl_Mdispatch_hndling+8

mem[X,0x000000008000191C] -> 0x5413
mem[X,0x000000008000191E] -> 0x0014
[1909] [M]: 0x000000008000191C (0x00145413) srli x8, x8, 0x1                        spcl_Mdispatch_hndling+12
x8 <- 0x0000000000000007

clint mtime 0x00000000000003BB (mip.MTI <- 0b1, mip.STI <- 0b0)
mem[X,0x0000000080001920] -> 0x0CE3
mem[X,0x0000000080001922] -> 0xF885
[1910] [M]: 0x0000000080001920 (0xF8850CE3) beq x10, x8, -0x68                      spcl_Mdispatch_hndling+16

mem[X,0x00000000800018B8] -> 0x3303
mem[X,0x00000000800018BA] -> 0x2601
[1911] [M]: 0x00000000800018B8 (0x26013303) ld x6, 0x260(x2)                        resto_Mrtn+0
mem[R,0x0000000080004260] -> 0xFFFFFFFF7FFFF20C
x6 <- 0xFFFFFFFF7FFFF20C

clint mtime 0x00000000000003BC (mip.MTI <- 0b1, mip.STI <- 0b0)
mem[X,0x00000000800018BC] -> 0x3383
mem[X,0x00000000800018BE] -> 0x2681
[1912] [M]: 0x00000000800018BC (0x26813383) ld x7, 0x268(x2)                        resto_Mrtn+4
mem[R,0x0000000080004268] -> 0x0000000080004000
x7 <- 0x0000000080004000

mem[X,0x00000000800018C0] -> 0x3403
mem[X,0x00000000800018C2] -> 0x2701
[1913] [M]: 0x00000000800018C0 (0x27013403) ld x8, 0x270(x2)                        resto_Mrtn+8
mem[R,0x0000000080004270] -> 0x0000000000007F76
x8 <- 0x0000000000007F76

clint mtime 0x00000000000003BD (mip.MTI <- 0b1, mip.STI <- 0b0)
mem[X,0x00000000800018C4] -> 0x3483
mem[X,0x00000000800018C6] -> 0x2781
[1914] [M]: 0x00000000800018C4 (0x27813483) ld x9, 0x278(x2)                        resto_Mrtn+12
mem[R,0x0000000080004278] -> 0xFFFFFF00000001FC
x9 <- 0xFFFFFF00000001FC

mem[X,0x00000000800018C8] -> 0x3503
mem[X,0x00000000800018CA] -> 0x2801
[1915] [M]: 0x00000000800018C8 (0x28013503) ld x10, 0x280(x2)                       resto_Mrtn+16
mem[R,0x0000000080004280] -> 0x00000000200000DF
x10 <- 0x00000000200000DF

clint mtime 0x00000000000003BE (mip.MTI <- 0b1, mip.STI <- 0b0)
mem[X,0x00000000800018CC] -> 0x3583
mem[X,0x00000000800018CE] -> 0x2881
[1916] [M]: 0x00000000800018CC (0x28813583) ld x11, 0x288(x2)                       resto_Mrtn+20
mem[R,0x0000000080004288] -> 0x00000000000000DF
x11 <- 0x00000000000000DF

mem[X,0x00000000800018D0] -> 0x3103
mem[X,0x00000000800018D2] -> 0x2901
[1917] [M]: 0x00000000800018D0 (0x29013103) ld x2, 0x290(x2)                        resto_Mrtn+24
mem[R,0x0000000080004290] -> 0x0000000000000000
x2 <- 0x0000000000000000

clint mtime 0x00000000000003BF (mip.MTI <- 0b1, mip.STI <- 0b0)
mem[X,0x00000000800018D4] -> 0x0073
mem[X,0x00000000800018D6] -> 0x3020
[1918] [M]: 0x00000000800018D4 (0x30200073) mret                                    resto_Mrtn+28
CSR mstatus (0x300) <- 0x0000000A00000080
ret-ing from M to U

PTW: Start, vpn=0xff0080001, access_type=X, privilege=Umem[R,0x0000000080008FF0] -> 0x00000000000000DB
PTW: Step, level=3, pte=0xDB, pte_addr=0x80008FF0
PTW: Success, final_ppn=0x80001, level=3mem[X,0x0000000080001010] -> 0xA703
PTW: Start, vpn=0xff0080001, access_type=X, privilege=Umem[R,0x0000000080008FF0] -> 0x00000000000000DB
PTW: Step, level=3, pte=0xDB, pte_addr=0x80008FF0
PTW: Success, final_ppn=0x80001, level=3mem[X,0x0000000080001012] -> 0x0147
[1919] [U]: 0xFFFFFF0080001010 (0x0147A703) lw x14, 0x14(x15)                       va_rvtest_code_begin+2132
PTW: Start, vpn=0x0, access_type=R, privilege=Umem[R,0x0000000080008000] -> 0x0000000020001C01
PTW: Step, level=3, pte=0x20001C01, pte_addr=0x80008000
PTW: Start, vpn=0x0, access_type=R, privilege=Umem[R,0x0000000080007000] -> 0x0000000020001801
PTW: Step, level=2, pte=0x20001801, pte_addr=0x80007000
PTW: Start, vpn=0x0, access_type=R, privilege=UPTW: failed, error=mem-access-error, level=1, pte_addr=0x80006000
trapping from U to M to handle load-access-fault
handling exc#load-access-fault at priv M with tval 0x0000000000000414
CSR mstatus (0x300) <- 0x0000000A00000000
CSR mcause (0x342) <- 0x0000000000000005
CSR mtval (0x343) <- 0x0000000000000414
CSR mepc (0x341) <- 0xFFFFFF0080001010

clint mtime 0x00000000000003C0 (mip.MTI <- 0b1, mip.STI <- 0b0)
mem[X,0x0000000080001480] -> 0x006F
mem[X,0x0000000080001482] -> 0x1000
[1920] [M]: 0x0000000080001480 (0x1000006F) jal x0, 0x100                           Mtrampoline+0

mem[X,0x0000000080001580] -> 0x1173
mem[X,0x0000000080001582] -> 0x3401
[1921] [M]: 0x0000000080001580 (0x34011173) csrrw x2, mscratch, x2                  trap_Mhandler+0
CSR mscratch (0x340) <- 0x0000000000000000
x2 <- 0x0000000080004000

clint mtime 0x00000000000003C1 (mip.MTI <- 0b1, mip.STI <- 0b0)
mem[X,0x0000000080001584] -> 0x3423
mem[X,0x0000000080001586] -> 0x28B1
[1922] [M]: 0x0000000080001584 (0x28B13423) sd x11, 0x288(x2)                       trap_Mhandler+4
mem[W,0x0000000080004288] <- 0x00000000000000DF

mem[X,0x0000000080001588] -> 0x05EF
mem[X,0x000000008000158A] -> 0x0B80
[1923] [M]: 0x0000000080001588 (0x0B8005EF) jal x11, 0xb8                           trap_Mhandler+8
x11 <- 0x000000008000158C

clint mtime 0x00000000000003C2 (mip.MTI <- 0b1, mip.STI <- 0b0)
mem[X,0x0000000080001640] -> 0x3023
mem[X,0x0000000080001642] -> 0x28A1
[1924] [M]: 0x0000000080001640 (0x28A13023) sd x10, 0x280(x2)                       common_Mhandler+0
mem[W,0x0000000080004280] <- 0x00000000200000DF

mem[X,0x0000000080001644] -> 0x1573
mem[X,0x0000000080001646] -> 0x3401
[1925] [M]: 0x0000000080001644 (0x34011573) csrrw x10, mscratch, x2                 common_Mhandler+4
CSR mscratch (0x340) <- 0x0000000080004000
x10 <- 0x0000000000000000

clint mtime 0x00000000000003C3 (mip.MTI <- 0b1, mip.STI <- 0b0)
mem[X,0x0000000080001648] -> 0x3823
mem[X,0x000000008000164A] -> 0x28A1
[1926] [M]: 0x0000000080001648 (0x28A13823) sd x10, 0x290(x2)                       common_Mhandler+8
mem[W,0x0000000080004290] <- 0x0000000000000000

mem[X,0x000000008000164C] -> 0x3503
mem[X,0x000000008000164E] -> 0x2301
[1927] [M]: 0x000000008000164C (0x23013503) ld x10, 0x230(x2)                       common_Mhandler+12
mem[R,0x0000000080004230] -> 0x0000000080001654
x10 <- 0x0000000080001654

clint mtime 0x00000000000003C4 (mip.MTI <- 0b1, mip.STI <- 0b0)
mem[X,0x0000000080001650] -> 0x0067
mem[X,0x0000000080001652] -> 0x0005
[1928] [M]: 0x0000000080001650 (0x00050067) jalr x0, 0x0(x10)                       common_Mhandler+16

mem[X,0x0000000080001654] -> 0x3C23
mem[X,0x0000000080001656] -> 0x2691
[1929] [M]: 0x0000000080001654 (0x26913C23) sd x9, 0x278(x2)                        common_Mentry+0
mem[W,0x0000000080004278] <- 0xFFFFFF00000001FC

clint mtime 0x00000000000003C5 (mip.MTI <- 0b1, mip.STI <- 0b0)
mem[X,0x0000000080001658] -> 0x3823
mem[X,0x000000008000165A] -> 0x2681
[1930] [M]: 0x0000000080001658 (0x26813823) sd x8, 0x270(x2)                        common_Mentry+4
mem[W,0x0000000080004270] <- 0x0000000000007F76

mem[X,0x000000008000165C] -> 0x3423
mem[X,0x000000008000165E] -> 0x2671
[1931] [M]: 0x000000008000165C (0x26713423) sd x7, 0x268(x2)                        common_Mentry+8
mem[W,0x0000000080004268] <- 0x0000000080004000

clint mtime 0x00000000000003C6 (mip.MTI <- 0b1, mip.STI <- 0b0)
mem[X,0x0000000080001660] -> 0x3023
mem[X,0x0000000080001662] -> 0x2661
[1932] [M]: 0x0000000080001660 (0x26613023) sd x6, 0x260(x2)                        common_Mentry+12
mem[W,0x0000000080004260] <- 0xFFFFFFFF7FFFF20C

mem[X,0x0000000080001664] -> 0x2573
mem[X,0x0000000080001666] -> 0x3420
[1933] [M]: 0x0000000080001664 (0x34202573) csrrs x10, mcause, x0                   spcl_M2mmode_test+0
CSR mcause (0x342) -> 0x0000000000000005
x10 <- 0x0000000000000005

clint mtime 0x00000000000003C7 (mip.MTI <- 0b1, mip.STI <- 0b0)
mem[X,0x0000000080001668] -> 0x04B7
mem[X,0x000000008000166A] -> 0x8000
[1934] [M]: 0x0000000080001668 (0x800004B7) lui x9, -0x80000                        spcl_M2mmode_test+4
x9 <- 0xFFFFFFFF80000000

mem[X,0x000000008000166C] -> 0x8493
mem[X,0x000000008000166E] -> 0x0004
[1935] [M]: 0x000000008000166C (0x00048493) addi x9, x9, 0x0                        spcl_M2mmode_test+8
x9 <- 0xFFFFFFFF80000000

clint mtime 0x00000000000003C8 (mip.MTI <- 0b1, mip.STI <- 0b0)
mem[X,0x0000000080001670] -> 0x9493
mem[X,0x0000000080001672] -> 0x00B4
[1936] [M]: 0x0000000080001670 (0x00B49493) slli x9, x9, 0xb                        spcl_M2mmode_test+12
x9 <- 0xFFFFFC0000000000

mem[X,0x0000000080001674] -> 0x8493
mem[X,0x0000000080001676] -> 0x0004
[1937] [M]: 0x0000000080001674 (0x00048493) addi x9, x9, 0x0                        spcl_M2mmode_test+16
x9 <- 0xFFFFFC0000000000

clint mtime 0x00000000000003C9 (mip.MTI <- 0b1, mip.STI <- 0b0)
mem[X,0x0000000080001678] -> 0x9493
mem[X,0x000000008000167A] -> 0x00B4
[1938] [M]: 0x0000000080001678 (0x00B49493) slli x9, x9, 0xb                        spcl_M2mmode_test+20
x9 <- 0xFFE0000000000000

mem[X,0x000000008000167C] -> 0x8493
mem[X,0x000000008000167E] -> 0x0034
[1939] [M]: 0x000000008000167C (0x00348493) addi x9, x9, 0x3                        spcl_M2mmode_test+24
x9 <- 0xFFE0000000000003

clint mtime 0x00000000000003CA (mip.MTI <- 0b1, mip.STI <- 0b0)
mem[X,0x0000000080001680] -> 0x9493
mem[X,0x0000000080001682] -> 0x00A4
[1940] [M]: 0x0000000080001680 (0x00A49493) slli x9, x9, 0xa                        spcl_M2mmode_test+28
x9 <- 0x8000000000000C00

mem[X,0x0000000080001684] -> 0x8493
mem[X,0x0000000080001686] -> 0x3FC4
[1941] [M]: 0x0000000080001684 (0x3FC48493) addi x9, x9, 0x3fc                      spcl_M2mmode_test+32
x9 <- 0x8000000000000FFC

clint mtime 0x00000000000003CB (mip.MTI <- 0b1, mip.STI <- 0b0)
mem[X,0x0000000080001688] -> 0xF4B3
mem[X,0x000000008000168A] -> 0x00A4
[1942] [M]: 0x0000000080001688 (0x00A4F4B3) and x9, x9, x10                         spcl_M2mmode_test+36
x9 <- 0x0000000000000004

mem[X,0x000000008000168C] -> 0x8493
mem[X,0x000000008000168E] -> 0xFF84
[1943] [M]: 0x000000008000168C (0xFF848493) addi x9, x9, -0x8                       spcl_M2mmode_test+40
x9 <- 0xFFFFFFFFFFFFFFFC

clint mtime 0x00000000000003CC (mip.MTI <- 0b1, mip.STI <- 0b0)
mem[X,0x0000000080001690] -> 0x9663
mem[X,0x0000000080001692] -> 0x0004
[1944] [M]: 0x0000000080001690 (0x00049663) bne x9, x0, 0xc                         spcl_M2mmode_test+44

mem[X,0x000000008000169C] -> 0x0393
mem[X,0x000000008000169E] -> 0x0200
[1945] [M]: 0x000000008000169C (0x02000393) addi x7, x0, 0x20                       Mtrapsig_ptr_upd+0
x7 <- 0x0000000000000020

clint mtime 0x00000000000003CD (mip.MTI <- 0b1, mip.STI <- 0b0)
mem[X,0x00000000800016A0] -> 0x5263
mem[X,0x00000000800016A2] -> 0x0405
[1946] [M]: 0x00000000800016A0 (0x04055263) bge x10, x0, 0x44                       Mtrapsig_ptr_upd+4

mem[X,0x00000000800016E4] -> 0x2373
mem[X,0x00000000800016E6] -> 0x3010
[1947] [M]: 0x00000000800016E4 (0x30102373) csrrs x6, misa, x0                      Mxcpt_sig_sv+0
CSR misa (0x301) -> 0x800000000034112F
x6 <- 0x800000000034112F

clint mtime 0x00000000000003CE (mip.MTI <- 0b1, mip.STI <- 0b0)
mem[X,0x00000000800016E8] -> 0x1313
mem[X,0x00000000800016EA] -> 0x0383
[1948] [M]: 0x00000000800016E8 (0x03831313) slli x6, x6, 0x38                       Mxcpt_sig_sv+4
x6 <- 0x2F00000000000000

mem[X,0x00000000800016EC] -> 0x5463
mem[X,0x00000000800016EE] -> 0x0003
[1949] [M]: 0x00000000800016EC (0x00035463) bge x6, x0, 0x8                         Mxcpt_sig_sv+8

clint mtime 0x00000000000003CF (mip.MTI <- 0b1, mip.STI <- 0b0)
mem[X,0x00000000800016F4] -> 0x3303
mem[X,0x00000000800016F6] -> 0x2181
[1950] [M]: 0x00000000800016F4 (0x21813303) ld x6, 0x218(x2)                        Mtrap_sig_sv+0
mem[R,0x0000000080004218] -> 0x0000000080009458
x6 <- 0x0000000080009458

mem[X,0x00000000800016F8] -> 0x04B3
mem[X,0x00000000800016FA] -> 0x0073
[1951] [M]: 0x00000000800016F8 (0x007304B3) add x9, x6, x7                          Mtrap_sig_sv+4
x9 <- 0x0000000080009478

clint mtime 0x00000000000003D0 (mip.MTI <- 0b1, mip.STI <- 0b0)
mem[X,0x00000000800016FC] -> 0x3C23
mem[X,0x00000000800016FE] -> 0x2091
[1952] [M]: 0x00000000800016FC (0x20913C23) sd x9, 0x218(x2)                        Mtrap_sig_sv+8
mem[W,0x0000000080004218] <- 0x0000000080009478

mem[X,0x0000000080001700] -> 0x3403
mem[X,0x0000000080001702] -> 0x1F81
[1953] [M]: 0x0000000080001700 (0x1F813403) ld x8, 0x1f8(x2)                        Mtrap_sig_sv+12
mem[R,0x00000000800041F8] -> 0x0000000080009110
x8 <- 0x0000000080009110

clint mtime 0x00000000000003D1 (mip.MTI <- 0b1, mip.STI <- 0b0)
mem[X,0x0000000080001704] -> 0x0333
mem[X,0x0000000080001706] -> 0x4083
[1954] [M]: 0x0000000080001704 (0x40830333) sub x6, x6, x8                          Mtrap_sig_sv+16
x6 <- 0x0000000000000348

mem[X,0x0000000080001708] -> 0x3403
mem[X,0x000000008000170A] -> 0x1F81
[1955] [M]: 0x0000000080001708 (0x1F813403) ld x8, 0x1f8(x2)                        Mtrap_sig_sv+20
mem[R,0x00000000800041F8] -> 0x0000000080009110
x8 <- 0x0000000080009110

clint mtime 0x00000000000003D2 (mip.MTI <- 0b1, mip.STI <- 0b0)
mem[X,0x000000008000170C] -> 0x0333
mem[X,0x000000008000170E] -> 0x0083
[1956] [M]: 0x000000008000170C (0x00830333) add x6, x6, x8                          Mtrap_sig_sv+24
x6 <- 0x0000000080009458

mem[X,0x0000000080001710] -> 0x3403
mem[X,0x0000000080001712] -> 0x2401
[1957] [M]: 0x0000000080001710 (0x24013403) ld x8, 0x240(x2)                        Mtrap_sig_sv+28
mem[R,0x0000000080004240] -> 0x0000000080001480
x8 <- 0x0000000080001480

clint mtime 0x00000000000003D3 (mip.MTI <- 0b1, mip.STI <- 0b0)
mem[X,0x0000000080001714] -> 0x85B3
mem[X,0x0000000080001716] -> 0x4085
[1958] [M]: 0x0000000080001714 (0x408585B3) sub x11, x11, x8                        sv_Mvect+0
x11 <- 0x000000000000010C

mem[X,0x0000000080001718] -> 0x9593
mem[X,0x000000008000171A] -> 0x0045
[1959] [M]: 0x0000000080001718 (0x00459593) slli x11, x11, 0x4                      sv_Mvect+4
x11 <- 0x00000000000010C0

clint mtime 0x00000000000003D4 (mip.MTI <- 0b1, mip.STI <- 0b0)
mem[X,0x000000008000171C] -> 0xE5B3
mem[X,0x000000008000171E] -> 0x0075
[1960] [M]: 0x000000008000171C (0x0075E5B3) or x11, x11, x7                         sv_Mvect+8
x11 <- 0x00000000000010E0

mem[X,0x0000000080001720] -> 0x8593
mem[X,0x0000000080001722] -> 0x0035
[1961] [M]: 0x0000000080001720 (0x00358593) addi x11, x11, 0x3                      sv_Mvect+12
x11 <- 0x00000000000010E3

clint mtime 0x00000000000003D5 (mip.MTI <- 0b1, mip.STI <- 0b0)
mem[X,0x0000000080001724] -> 0x3023
mem[X,0x0000000080001726] -> 0x00B3
[1962] [M]: 0x0000000080001724 (0x00B33023) sd x11, 0x0(x6)                         sv_Mvect+16
mem[W,0x0000000080009458] <- 0x00000000000010E3

mem[X,0x0000000080001728] -> 0x3423
mem[X,0x000000008000172A] -> 0x00A3
[1963] [M]: 0x0000000080001728 (0x00A33423) sd x10, 0x8(x6)                         sv_Mcause+0
mem[W,0x0000000080009460] <- 0x0000000000000005

clint mtime 0x00000000000003D6 (mip.MTI <- 0b1, mip.STI <- 0b0)
mem[X,0x000000008000172C] -> 0x4663
mem[X,0x000000008000172E] -> 0x1A05
[1964] [M]: 0x000000008000172C (0x1A054663) blt x10, x0, 0x1ac                      sv_Mcause+4

mem[X,0x0000000080001730] -> 0x25F3
mem[X,0x0000000080001732] -> 0x3000
[1965] [M]: 0x0000000080001730 (0x300025F3) csrrs x11, mstatus, x0                  common_Mexcpt_handler+0
CSR mstatus (0x300) -> 0x0000000A00000000
x11 <- 0x0000000A00000000

clint mtime 0x00000000000003D7 (mip.MTI <- 0b1, mip.STI <- 0b0)
mem[X,0x0000000080001734] -> 0x9413
mem[X,0x0000000080001736] -> 0x02E5
[1966] [M]: 0x0000000080001734 (0x02E59413) slli x8, x11, 0x2e                      common_Mexcpt_handler+4
x8 <- 0x0000000000000000

mem[X,0x0000000080001738] -> 0x5463
mem[X,0x000000008000173A] -> 0x0004
[1967] [M]: 0x0000000080001738 (0x00045463) bge x8, x0, 0x8                         common_Mexcpt_handler+8

clint mtime 0x00000000000003D8 (mip.MTI <- 0b1, mip.STI <- 0b0)
mem[X,0x0000000080001740] -> 0xD493
mem[X,0x0000000080001742] -> 0x00B5
[1968] [M]: 0x0000000080001740 (0x00B5D493) srli x9, x11, 0xb                       common_Mexcpt_handler+16
x9 <- 0x0000000001400000

mem[X,0x0000000080001744] -> 0xF493
mem[X,0x0000000080001746] -> 0x0034
[1969] [M]: 0x0000000080001744 (0x0034F493) andi x9, x9, 0x3                        common_Mexcpt_handler+20
x9 <- 0x0000000000000000

clint mtime 0x00000000000003D9 (mip.MTI <- 0b1, mip.STI <- 0b0)
mem[X,0x0000000080001748] -> 0x8493
mem[X,0x000000008000174A] -> 0x0014
[1970] [M]: 0x0000000080001748 (0x00148493) addi x9, x9, 0x1                        common_Mexcpt_handler+24
x9 <- 0x0000000000000001

mem[X,0x000000008000174C] -> 0xF493
mem[X,0x000000008000174E] -> 0x0044
[1971] [M]: 0x000000008000174C (0x0044F493) andi x9, x9, 0x4                        common_Mexcpt_handler+28
x9 <- 0x0000000000000000

clint mtime 0x00000000000003DA (mip.MTI <- 0b1, mip.STI <- 0b0)
mem[X,0x0000000080001750] -> 0x0593
mem[X,0x0000000080001752] -> 0x05D0
[1972] [M]: 0x0000000080001750 (0x05D00593) addi x11, x0, 0x5d                      common_Mexcpt_handler+32
x11 <- 0x000000000000005D

mem[X,0x0000000080001754] -> 0xD5B3
mem[X,0x0000000080001756] -> 0x0095
[1973] [M]: 0x0000000080001754 (0x0095D5B3) srl x11, x11, x9                        common_Mexcpt_handler+36
x11 <- 0x000000000000005D

clint mtime 0x00000000000003DB (mip.MTI <- 0b1, mip.STI <- 0b0)
mem[X,0x0000000080001758] -> 0xF593
mem[X,0x000000008000175A] -> 0x0015
[1974] [M]: 0x0000000080001758 (0x0015F593) andi x11, x11, 0x1                      common_Mexcpt_handler+40
x11 <- 0x0000000000000001

mem[X,0x000000008000175C] -> 0x8EE3
mem[X,0x000000008000175E] -> 0xF405
[1975] [M]: 0x000000008000175C (0xF4058EE3) beq x11, x0, -0xa4                      common_Mexcpt_handler+44

clint mtime 0x00000000000003DC (mip.MTI <- 0b1, mip.STI <- 0b0)
mem[X,0x0000000080001760] -> 0x0593
mem[X,0x0000000080001762] -> 0x2980
[1976] [M]: 0x0000000080001760 (0x29800593) addi x11, x0, 0x298                     common_Mexcpt_handler+48
x11 <- 0x0000000000000298

mem[X,0x0000000080001764] -> 0xF413
mem[X,0x0000000080001766] -> 0x0014
[1977] [M]: 0x0000000080001764 (0x0014F413) andi x8, x9, 0x1                        common_Mexcpt_handler+52
x8 <- 0x0000000000000000

clint mtime 0x00000000000003DD (mip.MTI <- 0b1, mip.STI <- 0b0)
mem[X,0x0000000080001768] -> 0x95B3
mem[X,0x000000008000176A] -> 0x0085
[1978] [M]: 0x0000000080001768 (0x008595B3) sll x11, x11, x8                        common_Mexcpt_handler+56
x11 <- 0x0000000000000298

mem[X,0x000000008000176C] -> 0x9413
mem[X,0x000000008000176E] -> 0x03D4
[1979] [M]: 0x000000008000176C (0x03D49413) slli x8, x9, 0x3d                       common_Mexcpt_handler+60
x8 <- 0x0000000000000000

clint mtime 0x00000000000003DE (mip.MTI <- 0b1, mip.STI <- 0b0)
mem[X,0x0000000080001770] -> 0x5413
mem[X,0x0000000080001772] -> 0x43F4
[1980] [M]: 0x0000000080001770 (0x43F45413) srai x8, x8, 0x3f                       common_Mexcpt_handler+64
x8 <- 0x0000000000000000

mem[X,0x0000000080001774] -> 0x4413
mem[X,0x0000000080001776] -> 0xFFF4
[1981] [M]: 0x0000000080001774 (0xFFF44413) xori x8, x8, -0x1                       common_Mexcpt_handler+68
x8 <- 0xFFFFFFFFFFFFFFFF

clint mtime 0x00000000000003DF (mip.MTI <- 0b1, mip.STI <- 0b0)
mem[X,0x0000000080001778] -> 0xF4B3
mem[X,0x000000008000177A] -> 0x0085
[1982] [M]: 0x0000000080001778 (0x0085F4B3) and x9, x11, x8                         common_Mexcpt_handler+72
x9 <- 0x0000000000000298

mem[X,0x000000008000177C] -> 0x84B3
mem[X,0x000000008000177E] -> 0x0024
[1983] [M]: 0x000000008000177C (0x002484B3) add x9, x9, x2                          vmem_adj_Mepc+0
x9 <- 0x0000000080004298

clint mtime 0x00000000000003E0 (mip.MTI <- 0b1, mip.STI <- 0b0)
mem[X,0x0000000080001780] -> 0x23F3
mem[X,0x0000000080001782] -> 0x3410
[1984] [M]: 0x0000000080001780 (0x341023F3) csrrs x7, mepc, x0                      vmem_adj_Mepc+4
CSR mepc (0x341) -> 0xFFFFFF0080001010
x7 <- 0xFFFFFF0080001010

mem[X,0x0000000080001784] -> 0x0413
mem[X,0x0000000080001786] -> 0x0004
[1985] [M]: 0x0000000080001784 (0x00040413) addi x8, x8, 0x0                        vmem_adj_Mepc+8
x8 <- 0xFFFFFFFFFFFFFFFF

clint mtime 0x00000000000003E1 (mip.MTI <- 0b1, mip.STI <- 0b0)
mem[X,0x0000000080001788] -> 0x006F
mem[X,0x000000008000178A] -> 0x0400
[1986] [M]: 0x0000000080001788 (0x0400006F) jal x0, 0x40                            vmem_adj_Mepc+12

mem[X,0x00000000800017C8] -> 0x8433
mem[X,0x00000000800017CA] -> 0x4083
[1987] [M]: 0x00000000800017C8 (0x40838433) sub x8, x7, x8                          adj_Mepc+0
x8 <- 0xFFFFFF0080001011

clint mtime 0x00000000000003E2 (mip.MTI <- 0b1, mip.STI <- 0b0)
mem[X,0x00000000800017CC] -> 0x3823
mem[X,0x00000000800017CE] -> 0x0083
[1988] [M]: 0x00000000800017CC (0x00833823) sd x8, 0x10(x6)                         sv_Mepc+0
mem[W,0x0000000080009468] <- 0xFFFFFF0080001011

mem[X,0x00000000800017D0] -> 0x55B7
mem[X,0x00000000800017D2] -> 0x0000
[1989] [M]: 0x00000000800017D0 (0x000055B7) lui x11, 0x5                            sv_Mepc+4
x11 <- 0x0000000000005000

clint mtime 0x00000000000003E3 (mip.MTI <- 0b1, mip.STI <- 0b0)
mem[X,0x00000000800017D4] -> 0x8593
mem[X,0x00000000800017D6] -> 0x6675
[1990] [M]: 0x00000000800017D4 (0x66758593) addi x11, x11, 0x667                    sv_Mepc+8
x11 <- 0x0000000000005667

mem[X,0x00000000800017D8] -> 0x9593
mem[X,0x00000000800017DA] -> 0x0015
[1991] [M]: 0x00000000800017D8 (0x00159593) slli x11, x11, 0x1                      sv_Mepc+12
x11 <- 0x000000000000ACCE

clint mtime 0x00000000000003E4 (mip.MTI <- 0b1, mip.STI <- 0b0)
mem[X,0x00000000800017DC] -> 0x9063
mem[X,0x00000000800017DE] -> 0x02B1
[1992] [M]: 0x00000000800017DC (0x02B19063) bne x3, x11, 0x20                       sv_Mepc+16

mem[X,0x00000000800017E0] -> 0x2473
mem[X,0x00000000800017E2] -> 0x3420
[1993] [M]: 0x00000000800017E0 (0x34202473) csrrs x8, mcause, x0                    sv_Mepc+20
CSR mcause (0x342) -> 0x0000000000000005
x8 <- 0x0000000000000005

clint mtime 0x00000000000003E5 (mip.MTI <- 0b1, mip.STI <- 0b0)
mem[X,0x00000000800017E4] -> 0x0593
mem[X,0x00000000800017E6] -> 0x00C0
[1994] [M]: 0x00000000800017E4 (0x00C00593) addi x11, x0, 0xc                       sv_Mepc+24
x11 <- 0x000000000000000C

mem[X,0x00000000800017E8] -> 0x0663
mem[X,0x00000000800017EA] -> 0x00B4
[1995] [M]: 0x00000000800017E8 (0x00B40663) beq x8, x11, 0xc                        sv_Mepc+28

clint mtime 0x00000000000003E6 (mip.MTI <- 0b1, mip.STI <- 0b0)
mem[X,0x00000000800017EC] -> 0x0593
mem[X,0x00000000800017EE] -> 0x0010
[1996] [M]: 0x00000000800017EC (0x00100593) addi x11, x0, 0x1                       sv_Mepc+32
x11 <- 0x0000000000000001

mem[X,0x00000000800017F0] -> 0x1663
mem[X,0x00000000800017F2] -> 0x00B4
[1997] [M]: 0x00000000800017F0 (0x00B41663) bne x8, x11, 0xc                        sv_Mepc+36

clint mtime 0x00000000000003E7 (mip.MTI <- 0b1, mip.STI <- 0b0)
mem[X,0x00000000800017FC] -> 0xF593
mem[X,0x00000000800017FE] -> 0xFFC3
[1998] [M]: 0x00000000800017FC (0xFFC3F593) andi x11, x7, -0x4                      adj_Mepc_rtn+0
x11 <- 0xFFFFFF0080001010

mem[X,0x0000000080001800] -> 0x8593
mem[X,0x0000000080001802] -> 0x0085
[1999] [M]: 0x0000000080001800 (0x00858593) addi x11, x11, 0x8                      adj_Mepc_rtn+4
x11 <- 0xFFFFFF0080001018

clint mtime 0x00000000000003E8 (mip.MTI <- 0b1, mip.STI <- 0b0)
mem[X,0x0000000080001804] -> 0x9073
mem[X,0x0000000080001806] -> 0x3415
[2000] [M]: 0x0000000080001804 (0x34159073) csrrw x0, mepc, x11                     adj_Mepc_rtn+8
CSR mepc (0x341) <- 0xFFFFFF0080001018

mem[X,0x0000000080001808] -> 0x23F3
mem[X,0x000000008000180A] -> 0x3430
[2001] [M]: 0x0000000080001808 (0x343023F3) csrrs x7, mtval, x0                     skp_adj_Mepc+0
CSR mtval (0x343) -> 0x0000000000000414
x7 <- 0x0000000000000414

clint mtime 0x00000000000003E9 (mip.MTI <- 0b1, mip.STI <- 0b0)
mem[X,0x000000008000180C] -> 0x0413
mem[X,0x000000008000180E] -> 0x0004
[2002] [M]: 0x000000008000180C (0x00040413) addi x8, x8, 0x0                        skp_adj_Mepc+4
x8 <- 0x0000000000000005

mem[X,0x0000000080001810] -> 0x006F
mem[X,0x0000000080001812] -> 0x0840
[2003] [M]: 0x0000000080001810 (0x0840006F) jal x0, 0x84                            skp_adj_Mepc+8

clint mtime 0x00000000000003EA (mip.MTI <- 0b1, mip.STI <- 0b0)
mem[X,0x0000000080001894] -> 0x8433
mem[X,0x0000000080001896] -> 0x4083
[2004] [M]: 0x0000000080001894 (0x40838433) sub x8, x7, x8                          adj_Mtval+0
x8 <- 0x000000000000040F

mem[X,0x0000000080001898] -> 0x3C23
mem[X,0x000000008000189A] -> 0x0083
[2005] [M]: 0x0000000080001898 (0x00833C23) sd x8, 0x18(x6)                         sv_Mtval+0
mem[W,0x0000000080009470] <- 0x000000000000040F

clint mtime 0x00000000000003EB (mip.MTI <- 0b1, mip.STI <- 0b0)
mem[X,0x000000008000189C] -> 0x3483
mem[X,0x000000008000189E] -> 0x2181
[2006] [M]: 0x000000008000189C (0x21813483) ld x9, 0x218(x2)                        skp_Mtval+0
mem[R,0x0000000080004218] -> 0x0000000080009478
x9 <- 0x0000000080009478

mem[X,0x00000000800018A0] -> 0x3383
mem[X,0x00000000800018A2] -> 0x1F81
[2007] [M]: 0x00000000800018A0 (0x1F813383) ld x7, 0x1f8(x2)                        skp_Mtval+4
mem[R,0x00000000800041F8] -> 0x0000000080009110
x7 <- 0x0000000080009110

clint mtime 0x00000000000003EC (mip.MTI <- 0b1, mip.STI <- 0b0)
mem[X,0x00000000800018A4] -> 0x3303
mem[X,0x00000000800018A6] -> 0x2001
[2008] [M]: 0x00000000800018A4 (0x20013303) ld x6, 0x200(x2)                        skp_Mtval+8
mem[R,0x0000000080004200] -> 0x0000000000000410
x6 <- 0x0000000000000410

mem[X,0x00000000800018A8] -> 0x0333
mem[X,0x00000000800018AA] -> 0x0073
[2009] [M]: 0x00000000800018A8 (0x00730333) add x6, x6, x7                          skp_Mtval+12
x6 <- 0x0000000080009520

clint mtime 0x00000000000003ED (mip.MTI <- 0b1, mip.STI <- 0b0)
mem[X,0x00000000800018AC] -> 0x6AE3
mem[X,0x00000000800018AE] -> 0xAE93
[2010] [M]: 0x00000000800018AC (0xAE936AE3) bltu x6, x9, -0x50c                     skp_Mtval+16

mem[X,0x00000000800018B0] -> 0x0393
mem[X,0x00000000800018B2] -> 0x2000
[2011] [M]: 0x00000000800018B0 (0x20000393) addi x7, x0, 0x200                      skp_Mtval+20
x7 <- 0x0000000000000200

clint mtime 0x00000000000003EE (mip.MTI <- 0b1, mip.STI <- 0b0)
mem[X,0x00000000800018B4] -> 0x006F
mem[X,0x00000000800018B6] -> 0x0400
[2012] [M]: 0x00000000800018B4 (0x0400006F) jal x0, 0x40                            skp_Mtval+24

mem[X,0x00000000800018F4] -> 0x0417
mem[X,0x00000000800018F6] -> 0x0000
[2013] [M]: 0x00000000800018F4 (0x00000417) auipc x8, 0x0                           spcl_Mhandler+0
x8 <- 0x00000000800018F4

clint mtime 0x00000000000003EF (mip.MTI <- 0b1, mip.STI <- 0b0)
mem[X,0x00000000800018F8] -> 0x0413
mem[X,0x00000000800018FA] -> 0x03C4
[2014] [M]: 0x00000000800018F8 (0x03C40413) addi x8, x8, 0x3c                       spcl_Mhandler+4
x8 <- 0x0000000080001930

mem[X,0x00000000800018FC] -> 0x0433
mem[X,0x00000000800018FE] -> 0x0074
[2015] [M]: 0x00000000800018FC (0x00740433) add x8, x8, x7                          spcl_Mhandler+8
x8 <- 0x0000000080001B30

clint mtime 0x00000000000003F0 (mip.MTI <- 0b1, mip.STI <- 0b0)
mem[X,0x0000000080001900] -> 0x1393
mem[X,0x0000000080001902] -> 0x0035
[2016] [M]: 0x0000000080001900 (0x00351393) slli x7, x10, 0x3                       spcl_Mhandler+12
x7 <- 0x0000000000000028

mem[X,0x0000000080001904] -> 0x0433
mem[X,0x0000000080001906] -> 0x0074
[2017] [M]: 0x0000000080001904 (0x00740433) add x8, x8, x7                          spcl_Mhandler+16
x8 <- 0x0000000080001B58

clint mtime 0x00000000000003F1 (mip.MTI <- 0b1, mip.STI <- 0b0)
mem[X,0x0000000080001908] -> 0x7413
mem[X,0x000000008000190A] -> 0xFF84
[2018] [M]: 0x0000000080001908 (0xFF847413) andi x8, x8, -0x8                       spcl_Mhandler+20
x8 <- 0x0000000080001B58

mem[X,0x000000008000190C] -> 0x3403
mem[X,0x000000008000190E] -> 0x0004
[2019] [M]: 0x000000008000190C (0x00043403) ld x8, 0x0(x8)                          spcl_Mhandler+24
mem[R,0x0000000080001B58] -> 0x000000000000000B
x8 <- 0x000000000000000B

clint mtime 0x00000000000003F2 (mip.MTI <- 0b1, mip.STI <- 0b0)
mem[X,0x0000000080001910] -> 0x02E3
mem[X,0x0000000080001912] -> 0xB204
[2020] [M]: 0x0000000080001910 (0xB20402E3) beq x8, x0, -0x4dc                      spcl_Mdispatch_hndling+0

mem[X,0x0000000080001914] -> 0x1393
mem[X,0x0000000080001916] -> 0x03F4
[2021] [M]: 0x0000000080001914 (0x03F41393) slli x7, x8, 0x3f                       spcl_Mdispatch_hndling+4
x7 <- 0x8000000000000000

clint mtime 0x00000000000003F3 (mip.MTI <- 0b1, mip.STI <- 0b0)
mem[X,0x0000000080001918] -> 0xD863
mem[X,0x000000008000191A] -> 0x0003
[2022] [M]: 0x0000000080001918 (0x0003D863) bge x7, x0, 0x10                        spcl_Mdispatch_hndling+8

mem[X,0x000000008000191C] -> 0x5413
mem[X,0x000000008000191E] -> 0x0014
[2023] [M]: 0x000000008000191C (0x00145413) srli x8, x8, 0x1                        spcl_Mdispatch_hndling+12
x8 <- 0x0000000000000005

clint mtime 0x00000000000003F4 (mip.MTI <- 0b1, mip.STI <- 0b0)
mem[X,0x0000000080001920] -> 0x0CE3
mem[X,0x0000000080001922] -> 0xF885
[2024] [M]: 0x0000000080001920 (0xF8850CE3) beq x10, x8, -0x68                      spcl_Mdispatch_hndling+16

mem[X,0x00000000800018B8] -> 0x3303
mem[X,0x00000000800018BA] -> 0x2601
[2025] [M]: 0x00000000800018B8 (0x26013303) ld x6, 0x260(x2)                        resto_Mrtn+0
mem[R,0x0000000080004260] -> 0xFFFFFFFF7FFFF20C
x6 <- 0xFFFFFFFF7FFFF20C

clint mtime 0x00000000000003F5 (mip.MTI <- 0b1, mip.STI <- 0b0)
mem[X,0x00000000800018BC] -> 0x3383
mem[X,0x00000000800018BE] -> 0x2681
[2026] [M]: 0x00000000800018BC (0x26813383) ld x7, 0x268(x2)                        resto_Mrtn+4
mem[R,0x0000000080004268] -> 0x0000000080004000
x7 <- 0x0000000080004000

mem[X,0x00000000800018C0] -> 0x3403
mem[X,0x00000000800018C2] -> 0x2701
[2027] [M]: 0x00000000800018C0 (0x27013403) ld x8, 0x270(x2)                        resto_Mrtn+8
mem[R,0x0000000080004270] -> 0x0000000000007F76
x8 <- 0x0000000000007F76

clint mtime 0x00000000000003F6 (mip.MTI <- 0b1, mip.STI <- 0b0)
mem[X,0x00000000800018C4] -> 0x3483
mem[X,0x00000000800018C6] -> 0x2781
[2028] [M]: 0x00000000800018C4 (0x27813483) ld x9, 0x278(x2)                        resto_Mrtn+12
mem[R,0x0000000080004278] -> 0xFFFFFF00000001FC
x9 <- 0xFFFFFF00000001FC

mem[X,0x00000000800018C8] -> 0x3503
mem[X,0x00000000800018CA] -> 0x2801
[2029] [M]: 0x00000000800018C8 (0x28013503) ld x10, 0x280(x2)                       resto_Mrtn+16
mem[R,0x0000000080004280] -> 0x00000000200000DF
x10 <- 0x00000000200000DF

clint mtime 0x00000000000003F7 (mip.MTI <- 0b1, mip.STI <- 0b0)
mem[X,0x00000000800018CC] -> 0x3583
mem[X,0x00000000800018CE] -> 0x2881
[2030] [M]: 0x00000000800018CC (0x28813583) ld x11, 0x288(x2)                       resto_Mrtn+20
mem[R,0x0000000080004288] -> 0x00000000000000DF
x11 <- 0x00000000000000DF

mem[X,0x00000000800018D0] -> 0x3103
mem[X,0x00000000800018D2] -> 0x2901
[2031] [M]: 0x00000000800018D0 (0x29013103) ld x2, 0x290(x2)                        resto_Mrtn+24
mem[R,0x0000000080004290] -> 0x0000000000000000
x2 <- 0x0000000000000000

clint mtime 0x00000000000003F8 (mip.MTI <- 0b1, mip.STI <- 0b0)
mem[X,0x00000000800018D4] -> 0x0073
mem[X,0x00000000800018D6] -> 0x3020
[2032] [M]: 0x00000000800018D4 (0x30200073) mret                                    resto_Mrtn+28
CSR mstatus (0x300) <- 0x0000000A00000080
ret-ing from M to U

PTW: Start, vpn=0xff0080001, access_type=X, privilege=Umem[R,0x0000000080008FF0] -> 0x00000000000000DB
PTW: Step, level=3, pte=0xDB, pte_addr=0x80008FF0
PTW: Success, final_ppn=0x80001, level=3mem[X,0x0000000080001018] -> 0x51B7
PTW: Start, vpn=0xff0080001, access_type=X, privilege=Umem[R,0x0000000080008FF0] -> 0x00000000000000DB
PTW: Step, level=3, pte=0xDB, pte_addr=0x80008FF0
PTW: Success, final_ppn=0x80001, level=3mem[X,0x000000008000101A] -> 0x0000
[2033] [U]: 0xFFFFFF0080001018 (0x000051B7) lui x3, 0x5                             va_rvtest_code_begin+2140
x3 <- 0x0000000000005000

clint mtime 0x00000000000003F9 (mip.MTI <- 0b1, mip.STI <- 0b0)
PTW: Start, vpn=0xff0080001, access_type=X, privilege=Umem[R,0x0000000080008FF0] -> 0x00000000000000DB
PTW: Step, level=3, pte=0xDB, pte_addr=0x80008FF0
PTW: Success, final_ppn=0x80001, level=3mem[X,0x000000008000101C] -> 0x8193
PTW: Start, vpn=0xff0080001, access_type=X, privilege=Umem[R,0x0000000080008FF0] -> 0x00000000000000DB
PTW: Step, level=3, pte=0xDB, pte_addr=0x80008FF0
PTW: Success, final_ppn=0x80001, level=3mem[X,0x000000008000101E] -> 0x6671
[2034] [U]: 0xFFFFFF008000101C (0x66718193) addi x3, x3, 0x667                      va_rvtest_code_begin+2144
x3 <- 0x0000000000005667

PTW: Start, vpn=0xff0080001, access_type=X, privilege=Umem[R,0x0000000080008FF0] -> 0x00000000000000DB
PTW: Step, level=3, pte=0xDB, pte_addr=0x80008FF0
PTW: Success, final_ppn=0x80001, level=3mem[X,0x0000000080001020] -> 0x9193
PTW: Start, vpn=0xff0080001, access_type=X, privilege=Umem[R,0x0000000080008FF0] -> 0x00000000000000DB
PTW: Step, level=3, pte=0xDB, pte_addr=0x80008FF0
PTW: Success, final_ppn=0x80001, level=3mem[X,0x0000000080001022] -> 0x0011
[2035] [U]: 0xFFFFFF0080001020 (0x00119193) slli x3, x3, 0x1                        va_rvtest_code_begin+2148
x3 <- 0x000000000000ACCE

clint mtime 0x00000000000003FA (mip.MTI <- 0b1, mip.STI <- 0b0)
PTW: Start, vpn=0xff0080001, access_type=X, privilege=Umem[R,0x0000000080008FF0] -> 0x00000000000000DB
PTW: Step, level=3, pte=0xDB, pte_addr=0x80008FF0
PTW: Success, final_ppn=0x80001, level=3mem[X,0x0000000080001024] -> 0x0013
PTW: Start, vpn=0xff0080001, access_type=X, privilege=Umem[R,0x0000000080008FF0] -> 0x00000000000000DB
PTW: Step, level=3, pte=0xDB, pte_addr=0x80008FF0
PTW: Success, final_ppn=0x80001, level=3mem[X,0x0000000080001026] -> 0x0000
[2036] [U]: 0xFFFFFF0080001024 (0x00000013) addi x0, x0, 0x0                        va_rvtest_code_begin+2152

PTW: Start, vpn=0xff0080001, access_type=X, privilege=Umem[R,0x0000000080008FF0] -> 0x00000000000000DB
PTW: Step, level=3, pte=0xDB, pte_addr=0x80008FF0
PTW: Success, final_ppn=0x80001, level=3mem[X,0x0000000080001028] -> 0x0013
PTW: Start, vpn=0xff0080001, access_type=X, privilege=Umem[R,0x0000000080008FF0] -> 0x00000000000000DB
PTW: Step, level=3, pte=0xDB, pte_addr=0x80008FF0
PTW: Success, final_ppn=0x80001, level=3mem[X,0x000000008000102A] -> 0x0000
[2037] [U]: 0xFFFFFF0080001028 (0x00000013) addi x0, x0, 0x0                        va_rvtest_code_begin+2156

clint mtime 0x00000000000003FB (mip.MTI <- 0b1, mip.STI <- 0b0)
PTW: Start, vpn=0xff0080001, access_type=X, privilege=Umem[R,0x0000000080008FF0] -> 0x00000000000000DB
PTW: Step, level=3, pte=0xDB, pte_addr=0x80008FF0
PTW: Success, final_ppn=0x80001, level=3mem[X,0x000000008000102C] -> 0x0013
PTW: Start, vpn=0xff0080001, access_type=X, privilege=Umem[R,0x0000000080008FF0] -> 0x00000000000000DB
PTW: Step, level=3, pte=0xDB, pte_addr=0x80008FF0
PTW: Success, final_ppn=0x80001, level=3mem[X,0x000000008000102E] -> 0x0000
[2038] [U]: 0xFFFFFF008000102C (0x00000013) addi x0, x0, 0x0                        va_rvtest_code_begin+2160

PTW: Start, vpn=0xff0080001, access_type=X, privilege=Umem[R,0x0000000080008FF0] -> 0x00000000000000DB
PTW: Step, level=3, pte=0xDB, pte_addr=0x80008FF0
PTW: Success, final_ppn=0x80001, level=3mem[X,0x0000000080001030] -> 0x0013
PTW: Start, vpn=0xff0080001, access_type=X, privilege=Umem[R,0x0000000080008FF0] -> 0x00000000000000DB
PTW: Step, level=3, pte=0xDB, pte_addr=0x80008FF0
PTW: Success, final_ppn=0x80001, level=3mem[X,0x0000000080001032] -> 0x0000
[2039] [U]: 0xFFFFFF0080001030 (0x00000013) addi x0, x0, 0x0                        va_rvtest_code_begin+2164

clint mtime 0x00000000000003FC (mip.MTI <- 0b1, mip.STI <- 0b0)
PTW: Start, vpn=0xff0080001, access_type=X, privilege=Umem[R,0x0000000080008FF0] -> 0x00000000000000DB
PTW: Step, level=3, pte=0xDB, pte_addr=0x80008FF0
PTW: Success, final_ppn=0x80001, level=3mem[X,0x0000000080001034] -> 0x0013
PTW: Start, vpn=0xff0080001, access_type=X, privilege=Umem[R,0x0000000080008FF0] -> 0x00000000000000DB
PTW: Step, level=3, pte=0xDB, pte_addr=0x80008FF0
PTW: Success, final_ppn=0x80001, level=3mem[X,0x0000000080001036] -> 0x0000
[2040] [U]: 0xFFFFFF0080001034 (0x00000013) addi x0, x0, 0x0                        va_rvtest_code_begin+2168

PTW: Start, vpn=0xff0080001, access_type=X, privilege=Umem[R,0x0000000080008FF0] -> 0x00000000000000DB
PTW: Step, level=3, pte=0xDB, pte_addr=0x80008FF0
PTW: Success, final_ppn=0x80001, level=3mem[X,0x0000000080001038] -> 0x0013
PTW: Start, vpn=0xff0080001, access_type=X, privilege=Umem[R,0x0000000080008FF0] -> 0x00000000000000DB
PTW: Step, level=3, pte=0xDB, pte_addr=0x80008FF0
PTW: Success, final_ppn=0x80001, level=3mem[X,0x000000008000103A] -> 0x0000
[2041] [U]: 0xFFFFFF0080001038 (0x00000013) addi x0, x0, 0x0                        va_rvtest_code_begin+2172

clint mtime 0x00000000000003FD (mip.MTI <- 0b1, mip.STI <- 0b0)
PTW: Start, vpn=0xff0080001, access_type=X, privilege=Umem[R,0x0000000080008FF0] -> 0x00000000000000DB
PTW: Step, level=3, pte=0xDB, pte_addr=0x80008FF0
PTW: Success, final_ppn=0x80001, level=3mem[X,0x000000008000103C] -> 0x0013
PTW: Start, vpn=0xff0080001, access_type=X, privilege=Umem[R,0x0000000080008FF0] -> 0x00000000000000DB
PTW: Step, level=3, pte=0xDB, pte_addr=0x80008FF0
PTW: Success, final_ppn=0x80001, level=3mem[X,0x000000008000103E] -> 0x0000
[2042] [U]: 0xFFFFFF008000103C (0x00000013) addi x0, x0, 0x0                        va_rvtest_code_begin+2176

PTW: Start, vpn=0xff0080001, access_type=X, privilege=Umem[R,0x0000000080008FF0] -> 0x00000000000000DB
PTW: Step, level=3, pte=0xDB, pte_addr=0x80008FF0
PTW: Success, final_ppn=0x80001, level=3mem[X,0x0000000080001040] -> 0x0217
PTW: Start, vpn=0xff0080001, access_type=X, privilege=Umem[R,0x0000000080008FF0] -> 0x00000000000000DB
PTW: Step, level=3, pte=0xDB, pte_addr=0x80008FF0
PTW: Success, final_ppn=0x80001, level=3mem[X,0x0000000080001042] -> 0x0000
[2043] [U]: 0xFFFFFF0080001040 (0x00000217) auipc x4, 0x0                           va_rvtest_code_begin+2180
x4 <- 0xFFFFFF0080001040

clint mtime 0x00000000000003FE (mip.MTI <- 0b1, mip.STI <- 0b0)
PTW: Start, vpn=0xff0080001, access_type=X, privilege=Umem[R,0x0000000080008FF0] -> 0x00000000000000DB
PTW: Step, level=3, pte=0xDB, pte_addr=0x80008FF0
PTW: Success, final_ppn=0x80001, level=3mem[X,0x0000000080001044] -> 0x0213
PTW: Start, vpn=0xff0080001, access_type=X, privilege=Umem[R,0x0000000080008FF0] -> 0x00000000000000DB
PTW: Step, level=3, pte=0xDB, pte_addr=0x80008FF0
PTW: Success, final_ppn=0x80001, level=3mem[X,0x0000000080001046] -> 0x02C2
[2044] [U]: 0xFFFFFF0080001044 (0x02C20213) addi x4, x4, 0x2c                       va_rvtest_code_begin+2184
x4 <- 0xFFFFFF008000106C

PTW: Start, vpn=0xff0080001, access_type=X, privilege=Umem[R,0x0000000080008FF0] -> 0x00000000000000DB
PTW: Step, level=3, pte=0xDB, pte_addr=0x80008FF0
PTW: Success, final_ppn=0x80001, level=3mem[X,0x0000000080001048] -> 0x0001
[2045] [U]: 0xFFFFFF0080001048 (0x0001) c.nop                                       va_rvtest_code_begin+2188

clint mtime 0x00000000000003FF (mip.MTI <- 0b1, mip.STI <- 0b0)
PTW: Start, vpn=0xff0080001, access_type=X, privilege=Umem[R,0x0000000080008FF0] -> 0x00000000000000DB
PTW: Step, level=3, pte=0xDB, pte_addr=0x80008FF0
PTW: Success, final_ppn=0x80001, level=3mem[X,0x000000008000104A] -> 0x0013
PTW: Start, vpn=0xff0080001, access_type=X, privilege=Umem[R,0x0000000080008FF0] -> 0x00000000000000DB
PTW: Step, level=3, pte=0xDB, pte_addr=0x80008FF0
PTW: Success, final_ppn=0x80001, level=3mem[X,0x000000008000104C] -> 0x0000
[2046] [U]: 0xFFFFFF008000104A (0x00000013) addi x0, x0, 0x0                        va_rvtest_code_begin+2190

PTW: Start, vpn=0xff0080001, access_type=X, privilege=Umem[R,0x0000000080008FF0] -> 0x00000000000000DB
PTW: Step, level=3, pte=0xDB, pte_addr=0x80008FF0
PTW: Success, final_ppn=0x80001, level=3mem[X,0x000000008000104E] -> 0x0013
PTW: Start, vpn=0xff0080001, access_type=X, privilege=Umem[R,0x0000000080008FF0] -> 0x00000000000000DB
PTW: Step, level=3, pte=0xDB, pte_addr=0x80008FF0
PTW: Success, final_ppn=0x80001, level=3mem[X,0x0000000080001050] -> 0x0000
[2047] [U]: 0xFFFFFF008000104E (0x00000013) addi x0, x0, 0x0                        va_rvtest_code_begin+2194

clint mtime 0x0000000000000400 (mip.MTI <- 0b1, mip.STI <- 0b0)
PTW: Start, vpn=0xff0080001, access_type=X, privilege=Umem[R,0x0000000080008FF0] -> 0x00000000000000DB
PTW: Step, level=3, pte=0xDB, pte_addr=0x80008FF0
PTW: Success, final_ppn=0x80001, level=3mem[X,0x0000000080001052] -> 0x0013
PTW: Start, vpn=0xff0080001, access_type=X, privilege=Umem[R,0x0000000080008FF0] -> 0x00000000000000DB
PTW: Step, level=3, pte=0xDB, pte_addr=0x80008FF0
PTW: Success, final_ppn=0x80001, level=3mem[X,0x0000000080001054] -> 0x0000
[2048] [U]: 0xFFFFFF0080001052 (0x00000013) addi x0, x0, 0x0                        va_rvtest_code_begin+2198

PTW: Start, vpn=0xff0080001, access_type=X, privilege=Umem[R,0x0000000080008FF0] -> 0x00000000000000DB
PTW: Step, level=3, pte=0xDB, pte_addr=0x80008FF0
PTW: Success, final_ppn=0x80001, level=3mem[X,0x0000000080001056] -> 0x0013
PTW: Start, vpn=0xff0080001, access_type=X, privilege=Umem[R,0x0000000080008FF0] -> 0x00000000000000DB
PTW: Step, level=3, pte=0xDB, pte_addr=0x80008FF0
PTW: Success, final_ppn=0x80001, level=3mem[X,0x0000000080001058] -> 0x0000
[2049] [U]: 0xFFFFFF0080001056 (0x00000013) addi x0, x0, 0x0                        va_rvtest_code_begin+2202

clint mtime 0x0000000000000401 (mip.MTI <- 0b1, mip.STI <- 0b0)
PTW: Start, vpn=0xff0080001, access_type=X, privilege=Umem[R,0x0000000080008FF0] -> 0x00000000000000DB
PTW: Step, level=3, pte=0xDB, pte_addr=0x80008FF0
PTW: Success, final_ppn=0x80001, level=3mem[X,0x000000008000105A] -> 0x0013
PTW: Start, vpn=0xff0080001, access_type=X, privilege=Umem[R,0x0000000080008FF0] -> 0x00000000000000DB
PTW: Step, level=3, pte=0xDB, pte_addr=0x80008FF0
PTW: Success, final_ppn=0x80001, level=3mem[X,0x000000008000105C] -> 0x0000
[2050] [U]: 0xFFFFFF008000105A (0x00000013) addi x0, x0, 0x0                        va_rvtest_code_begin+2206

PTW: Start, vpn=0xff0080001, access_type=X, privilege=Umem[R,0x0000000080008FF0] -> 0x00000000000000DB
PTW: Step, level=3, pte=0xDB, pte_addr=0x80008FF0
PTW: Success, final_ppn=0x80001, level=3mem[X,0x000000008000105E] -> 0x0001
[2051] [U]: 0xFFFFFF008000105E (0x0001) c.nop                                       va_rvtest_code_begin+2210

clint mtime 0x0000000000000402 (mip.MTI <- 0b1, mip.STI <- 0b0)
PTW: Start, vpn=0xff0080001, access_type=X, privilege=Umem[R,0x0000000080008FF0] -> 0x00000000000000DB
PTW: Step, level=3, pte=0xDB, pte_addr=0x80008FF0
PTW: Success, final_ppn=0x80001, level=3mem[X,0x0000000080001060] -> 0x80E7
PTW: Start, vpn=0xff0080001, access_type=X, privilege=Umem[R,0x0000000080008FF0] -> 0x00000000000000DB
PTW: Step, level=3, pte=0xDB, pte_addr=0x80008FF0
PTW: Success, final_ppn=0x80001, level=3mem[X,0x0000000080001062] -> 0x0007
[2052] [U]: 0xFFFFFF0080001060 (0x000780E7) jalr x1, 0x0(x15)                       va_rvtest_code_begin+2212
x1 <- 0xFFFFFF0080001064

PTW: Start, vpn=0x0, access_type=X, privilege=Umem[R,0x0000000080008000] -> 0x0000000020001C01
PTW: Step, level=3, pte=0x20001C01, pte_addr=0x80008000
PTW: Start, vpn=0x0, access_type=X, privilege=Umem[R,0x0000000080007000] -> 0x0000000020001801
PTW: Step, level=2, pte=0x20001801, pte_addr=0x80007000
PTW: Start, vpn=0x0, access_type=X, privilege=UPTW: failed, error=mem-access-error, level=1, pte_addr=0x80006000
trapping from U to M to handle fetch-access-fault
handling exc#fetch-access-fault at priv M with tval 0x0000000000000400
CSR mstatus (0x300) <- 0x0000000A00000000
CSR mcause (0x342) <- 0x0000000000000001
CSR mtval (0x343) <- 0x0000000000000400
CSR mepc (0x341) <- 0x0000000000000400

clint mtime 0x0000000000000403 (mip.MTI <- 0b1, mip.STI <- 0b0)
mem[X,0x0000000080001480] -> 0x006F
mem[X,0x0000000080001482] -> 0x1000
[2054] [M]: 0x0000000080001480 (0x1000006F) jal x0, 0x100                           Mtrampoline+0

mem[X,0x0000000080001580] -> 0x1173
mem[X,0x0000000080001582] -> 0x3401
[2055] [M]: 0x0000000080001580 (0x34011173) csrrw x2, mscratch, x2                  trap_Mhandler+0
CSR mscratch (0x340) <- 0x0000000000000000
x2 <- 0x0000000080004000

clint mtime 0x0000000000000404 (mip.MTI <- 0b1, mip.STI <- 0b0)
mem[X,0x0000000080001584] -> 0x3423
mem[X,0x0000000080001586] -> 0x28B1
[2056] [M]: 0x0000000080001584 (0x28B13423) sd x11, 0x288(x2)                       trap_Mhandler+4
mem[W,0x0000000080004288] <- 0x00000000000000DF

mem[X,0x0000000080001588] -> 0x05EF
mem[X,0x000000008000158A] -> 0x0B80
[2057] [M]: 0x0000000080001588 (0x0B8005EF) jal x11, 0xb8                           trap_Mhandler+8
x11 <- 0x000000008000158C

clint mtime 0x0000000000000405 (mip.MTI <- 0b1, mip.STI <- 0b0)
mem[X,0x0000000080001640] -> 0x3023
mem[X,0x0000000080001642] -> 0x28A1
[2058] [M]: 0x0000000080001640 (0x28A13023) sd x10, 0x280(x2)                       common_Mhandler+0
mem[W,0x0000000080004280] <- 0x00000000200000DF

mem[X,0x0000000080001644] -> 0x1573
mem[X,0x0000000080001646] -> 0x3401
[2059] [M]: 0x0000000080001644 (0x34011573) csrrw x10, mscratch, x2                 common_Mhandler+4
CSR mscratch (0x340) <- 0x0000000080004000
x10 <- 0x0000000000000000

clint mtime 0x0000000000000406 (mip.MTI <- 0b1, mip.STI <- 0b0)
mem[X,0x0000000080001648] -> 0x3823
mem[X,0x000000008000164A] -> 0x28A1
[2060] [M]: 0x0000000080001648 (0x28A13823) sd x10, 0x290(x2)                       common_Mhandler+8
mem[W,0x0000000080004290] <- 0x0000000000000000

mem[X,0x000000008000164C] -> 0x3503
mem[X,0x000000008000164E] -> 0x2301
[2061] [M]: 0x000000008000164C (0x23013503) ld x10, 0x230(x2)                       common_Mhandler+12
mem[R,0x0000000080004230] -> 0x0000000080001654
x10 <- 0x0000000080001654

clint mtime 0x0000000000000407 (mip.MTI <- 0b1, mip.STI <- 0b0)
mem[X,0x0000000080001650] -> 0x0067
mem[X,0x0000000080001652] -> 0x0005
[2062] [M]: 0x0000000080001650 (0x00050067) jalr x0, 0x0(x10)                       common_Mhandler+16

mem[X,0x0000000080001654] -> 0x3C23
mem[X,0x0000000080001656] -> 0x2691
[2063] [M]: 0x0000000080001654 (0x26913C23) sd x9, 0x278(x2)                        common_Mentry+0
mem[W,0x0000000080004278] <- 0xFFFFFF00000001FC

clint mtime 0x0000000000000408 (mip.MTI <- 0b1, mip.STI <- 0b0)
mem[X,0x0000000080001658] -> 0x3823
mem[X,0x000000008000165A] -> 0x2681
[2064] [M]: 0x0000000080001658 (0x26813823) sd x8, 0x270(x2)                        common_Mentry+4
mem[W,0x0000000080004270] <- 0x0000000000007F76

mem[X,0x000000008000165C] -> 0x3423
mem[X,0x000000008000165E] -> 0x2671
[2065] [M]: 0x000000008000165C (0x26713423) sd x7, 0x268(x2)                        common_Mentry+8
mem[W,0x0000000080004268] <- 0x0000000080004000

clint mtime 0x0000000000000409 (mip.MTI <- 0b1, mip.STI <- 0b0)
mem[X,0x0000000080001660] -> 0x3023
mem[X,0x0000000080001662] -> 0x2661
[2066] [M]: 0x0000000080001660 (0x26613023) sd x6, 0x260(x2)                        common_Mentry+12
mem[W,0x0000000080004260] <- 0xFFFFFFFF7FFFF20C

mem[X,0x0000000080001664] -> 0x2573
mem[X,0x0000000080001666] -> 0x3420
[2067] [M]: 0x0000000080001664 (0x34202573) csrrs x10, mcause, x0                   spcl_M2mmode_test+0
CSR mcause (0x342) -> 0x0000000000000001
x10 <- 0x0000000000000001

clint mtime 0x000000000000040A (mip.MTI <- 0b1, mip.STI <- 0b0)
mem[X,0x0000000080001668] -> 0x04B7
mem[X,0x000000008000166A] -> 0x8000
[2068] [M]: 0x0000000080001668 (0x800004B7) lui x9, -0x80000                        spcl_M2mmode_test+4
x9 <- 0xFFFFFFFF80000000

mem[X,0x000000008000166C] -> 0x8493
mem[X,0x000000008000166E] -> 0x0004
[2069] [M]: 0x000000008000166C (0x00048493) addi x9, x9, 0x0                        spcl_M2mmode_test+8
x9 <- 0xFFFFFFFF80000000

clint mtime 0x000000000000040B (mip.MTI <- 0b1, mip.STI <- 0b0)
mem[X,0x0000000080001670] -> 0x9493
mem[X,0x0000000080001672] -> 0x00B4
[2070] [M]: 0x0000000080001670 (0x00B49493) slli x9, x9, 0xb                        spcl_M2mmode_test+12
x9 <- 0xFFFFFC0000000000

mem[X,0x0000000080001674] -> 0x8493
mem[X,0x0000000080001676] -> 0x0004
[2071] [M]: 0x0000000080001674 (0x00048493) addi x9, x9, 0x0                        spcl_M2mmode_test+16
x9 <- 0xFFFFFC0000000000

clint mtime 0x000000000000040C (mip.MTI <- 0b1, mip.STI <- 0b0)
mem[X,0x0000000080001678] -> 0x9493
mem[X,0x000000008000167A] -> 0x00B4
[2072] [M]: 0x0000000080001678 (0x00B49493) slli x9, x9, 0xb                        spcl_M2mmode_test+20
x9 <- 0xFFE0000000000000

mem[X,0x000000008000167C] -> 0x8493
mem[X,0x000000008000167E] -> 0x0034
[2073] [M]: 0x000000008000167C (0x00348493) addi x9, x9, 0x3                        spcl_M2mmode_test+24
x9 <- 0xFFE0000000000003

clint mtime 0x000000000000040D (mip.MTI <- 0b1, mip.STI <- 0b0)
mem[X,0x0000000080001680] -> 0x9493
mem[X,0x0000000080001682] -> 0x00A4
[2074] [M]: 0x0000000080001680 (0x00A49493) slli x9, x9, 0xa                        spcl_M2mmode_test+28
x9 <- 0x8000000000000C00

mem[X,0x0000000080001684] -> 0x8493
mem[X,0x0000000080001686] -> 0x3FC4
[2075] [M]: 0x0000000080001684 (0x3FC48493) addi x9, x9, 0x3fc                      spcl_M2mmode_test+32
x9 <- 0x8000000000000FFC

clint mtime 0x000000000000040E (mip.MTI <- 0b1, mip.STI <- 0b0)
mem[X,0x0000000080001688] -> 0xF4B3
mem[X,0x000000008000168A] -> 0x00A4
[2076] [M]: 0x0000000080001688 (0x00A4F4B3) and x9, x9, x10                         spcl_M2mmode_test+36
x9 <- 0x0000000000000000

mem[X,0x000000008000168C] -> 0x8493
mem[X,0x000000008000168E] -> 0xFF84
[2077] [M]: 0x000000008000168C (0xFF848493) addi x9, x9, -0x8                       spcl_M2mmode_test+40
x9 <- 0xFFFFFFFFFFFFFFF8

clint mtime 0x000000000000040F (mip.MTI <- 0b1, mip.STI <- 0b0)
mem[X,0x0000000080001690] -> 0x9663
mem[X,0x0000000080001692] -> 0x0004
[2078] [M]: 0x0000000080001690 (0x00049663) bne x9, x0, 0xc                         spcl_M2mmode_test+44

mem[X,0x000000008000169C] -> 0x0393
mem[X,0x000000008000169E] -> 0x0200
[2079] [M]: 0x000000008000169C (0x02000393) addi x7, x0, 0x20                       Mtrapsig_ptr_upd+0
x7 <- 0x0000000000000020

clint mtime 0x0000000000000410 (mip.MTI <- 0b1, mip.STI <- 0b0)
mem[X,0x00000000800016A0] -> 0x5263
mem[X,0x00000000800016A2] -> 0x0405
[2080] [M]: 0x00000000800016A0 (0x04055263) bge x10, x0, 0x44                       Mtrapsig_ptr_upd+4

mem[X,0x00000000800016E4] -> 0x2373
mem[X,0x00000000800016E6] -> 0x3010
[2081] [M]: 0x00000000800016E4 (0x30102373) csrrs x6, misa, x0                      Mxcpt_sig_sv+0
CSR misa (0x301) -> 0x800000000034112F
x6 <- 0x800000000034112F

clint mtime 0x0000000000000411 (mip.MTI <- 0b1, mip.STI <- 0b0)
mem[X,0x00000000800016E8] -> 0x1313
mem[X,0x00000000800016EA] -> 0x0383
[2082] [M]: 0x00000000800016E8 (0x03831313) slli x6, x6, 0x38                       Mxcpt_sig_sv+4
x6 <- 0x2F00000000000000

mem[X,0x00000000800016EC] -> 0x5463
mem[X,0x00000000800016EE] -> 0x0003
[2083] [M]: 0x00000000800016EC (0x00035463) bge x6, x0, 0x8                         Mxcpt_sig_sv+8

clint mtime 0x0000000000000412 (mip.MTI <- 0b1, mip.STI <- 0b0)
mem[X,0x00000000800016F4] -> 0x3303
mem[X,0x00000000800016F6] -> 0x2181
[2084] [M]: 0x00000000800016F4 (0x21813303) ld x6, 0x218(x2)                        Mtrap_sig_sv+0
mem[R,0x0000000080004218] -> 0x0000000080009478
x6 <- 0x0000000080009478

mem[X,0x00000000800016F8] -> 0x04B3
mem[X,0x00000000800016FA] -> 0x0073
[2085] [M]: 0x00000000800016F8 (0x007304B3) add x9, x6, x7                          Mtrap_sig_sv+4
x9 <- 0x0000000080009498

clint mtime 0x0000000000000413 (mip.MTI <- 0b1, mip.STI <- 0b0)
mem[X,0x00000000800016FC] -> 0x3C23
mem[X,0x00000000800016FE] -> 0x2091
[2086] [M]: 0x00000000800016FC (0x20913C23) sd x9, 0x218(x2)                        Mtrap_sig_sv+8
mem[W,0x0000000080004218] <- 0x0000000080009498

mem[X,0x0000000080001700] -> 0x3403
mem[X,0x0000000080001702] -> 0x1F81
[2087] [M]: 0x0000000080001700 (0x1F813403) ld x8, 0x1f8(x2)                        Mtrap_sig_sv+12
mem[R,0x00000000800041F8] -> 0x0000000080009110
x8 <- 0x0000000080009110

clint mtime 0x0000000000000414 (mip.MTI <- 0b1, mip.STI <- 0b0)
mem[X,0x0000000080001704] -> 0x0333
mem[X,0x0000000080001706] -> 0x4083
[2088] [M]: 0x0000000080001704 (0x40830333) sub x6, x6, x8                          Mtrap_sig_sv+16
x6 <- 0x0000000000000368

mem[X,0x0000000080001708] -> 0x3403
mem[X,0x000000008000170A] -> 0x1F81
[2089] [M]: 0x0000000080001708 (0x1F813403) ld x8, 0x1f8(x2)                        Mtrap_sig_sv+20
mem[R,0x00000000800041F8] -> 0x0000000080009110
x8 <- 0x0000000080009110

clint mtime 0x0000000000000415 (mip.MTI <- 0b1, mip.STI <- 0b0)
mem[X,0x000000008000170C] -> 0x0333
mem[X,0x000000008000170E] -> 0x0083
[2090] [M]: 0x000000008000170C (0x00830333) add x6, x6, x8                          Mtrap_sig_sv+24
x6 <- 0x0000000080009478

mem[X,0x0000000080001710] -> 0x3403
mem[X,0x0000000080001712] -> 0x2401
[2091] [M]: 0x0000000080001710 (0x24013403) ld x8, 0x240(x2)                        Mtrap_sig_sv+28
mem[R,0x0000000080004240] -> 0x0000000080001480
x8 <- 0x0000000080001480

clint mtime 0x0000000000000416 (mip.MTI <- 0b1, mip.STI <- 0b0)
mem[X,0x0000000080001714] -> 0x85B3
mem[X,0x0000000080001716] -> 0x4085
[2092] [M]: 0x0000000080001714 (0x408585B3) sub x11, x11, x8                        sv_Mvect+0
x11 <- 0x000000000000010C

mem[X,0x0000000080001718] -> 0x9593
mem[X,0x000000008000171A] -> 0x0045
[2093] [M]: 0x0000000080001718 (0x00459593) slli x11, x11, 0x4                      sv_Mvect+4
x11 <- 0x00000000000010C0

clint mtime 0x0000000000000417 (mip.MTI <- 0b1, mip.STI <- 0b0)
mem[X,0x000000008000171C] -> 0xE5B3
mem[X,0x000000008000171E] -> 0x0075
[2094] [M]: 0x000000008000171C (0x0075E5B3) or x11, x11, x7                         sv_Mvect+8
x11 <- 0x00000000000010E0

mem[X,0x0000000080001720] -> 0x8593
mem[X,0x0000000080001722] -> 0x0035
[2095] [M]: 0x0000000080001720 (0x00358593) addi x11, x11, 0x3                      sv_Mvect+12
x11 <- 0x00000000000010E3

clint mtime 0x0000000000000418 (mip.MTI <- 0b1, mip.STI <- 0b0)
mem[X,0x0000000080001724] -> 0x3023
mem[X,0x0000000080001726] -> 0x00B3
[2096] [M]: 0x0000000080001724 (0x00B33023) sd x11, 0x0(x6)                         sv_Mvect+16
mem[W,0x0000000080009478] <- 0x00000000000010E3

mem[X,0x0000000080001728] -> 0x3423
mem[X,0x000000008000172A] -> 0x00A3
[2097] [M]: 0x0000000080001728 (0x00A33423) sd x10, 0x8(x6)                         sv_Mcause+0
mem[W,0x0000000080009480] <- 0x0000000000000001

clint mtime 0x0000000000000419 (mip.MTI <- 0b1, mip.STI <- 0b0)
mem[X,0x000000008000172C] -> 0x4663
mem[X,0x000000008000172E] -> 0x1A05
[2098] [M]: 0x000000008000172C (0x1A054663) blt x10, x0, 0x1ac                      sv_Mcause+4

mem[X,0x0000000080001730] -> 0x25F3
mem[X,0x0000000080001732] -> 0x3000
[2099] [M]: 0x0000000080001730 (0x300025F3) csrrs x11, mstatus, x0                  common_Mexcpt_handler+0
CSR mstatus (0x300) -> 0x0000000A00000000
x11 <- 0x0000000A00000000

clint mtime 0x000000000000041A (mip.MTI <- 0b1, mip.STI <- 0b0)
mem[X,0x0000000080001734] -> 0x9413
mem[X,0x0000000080001736] -> 0x02E5
[2100] [M]: 0x0000000080001734 (0x02E59413) slli x8, x11, 0x2e                      common_Mexcpt_handler+4
x8 <- 0x0000000000000000

mem[X,0x0000000080001738] -> 0x5463
mem[X,0x000000008000173A] -> 0x0004
[2101] [M]: 0x0000000080001738 (0x00045463) bge x8, x0, 0x8                         common_Mexcpt_handler+8

clint mtime 0x000000000000041B (mip.MTI <- 0b1, mip.STI <- 0b0)
mem[X,0x0000000080001740] -> 0xD493
mem[X,0x0000000080001742] -> 0x00B5
[2102] [M]: 0x0000000080001740 (0x00B5D493) srli x9, x11, 0xb                       common_Mexcpt_handler+16
x9 <- 0x0000000001400000

mem[X,0x0000000080001744] -> 0xF493
mem[X,0x0000000080001746] -> 0x0034
[2103] [M]: 0x0000000080001744 (0x0034F493) andi x9, x9, 0x3                        common_Mexcpt_handler+20
x9 <- 0x0000000000000000

clint mtime 0x000000000000041C (mip.MTI <- 0b1, mip.STI <- 0b0)
mem[X,0x0000000080001748] -> 0x8493
mem[X,0x000000008000174A] -> 0x0014
[2104] [M]: 0x0000000080001748 (0x00148493) addi x9, x9, 0x1                        common_Mexcpt_handler+24
x9 <- 0x0000000000000001

mem[X,0x000000008000174C] -> 0xF493
mem[X,0x000000008000174E] -> 0x0044
[2105] [M]: 0x000000008000174C (0x0044F493) andi x9, x9, 0x4                        common_Mexcpt_handler+28
x9 <- 0x0000000000000000

clint mtime 0x000000000000041D (mip.MTI <- 0b1, mip.STI <- 0b0)
mem[X,0x0000000080001750] -> 0x0593
mem[X,0x0000000080001752] -> 0x05D0
[2106] [M]: 0x0000000080001750 (0x05D00593) addi x11, x0, 0x5d                      common_Mexcpt_handler+32
x11 <- 0x000000000000005D

mem[X,0x0000000080001754] -> 0xD5B3
mem[X,0x0000000080001756] -> 0x0095
[2107] [M]: 0x0000000080001754 (0x0095D5B3) srl x11, x11, x9                        common_Mexcpt_handler+36
x11 <- 0x000000000000005D

clint mtime 0x000000000000041E (mip.MTI <- 0b1, mip.STI <- 0b0)
mem[X,0x0000000080001758] -> 0xF593
mem[X,0x000000008000175A] -> 0x0015
[2108] [M]: 0x0000000080001758 (0x0015F593) andi x11, x11, 0x1                      common_Mexcpt_handler+40
x11 <- 0x0000000000000001

mem[X,0x000000008000175C] -> 0x8EE3
mem[X,0x000000008000175E] -> 0xF405
[2109] [M]: 0x000000008000175C (0xF4058EE3) beq x11, x0, -0xa4                      common_Mexcpt_handler+44

clint mtime 0x000000000000041F (mip.MTI <- 0b1, mip.STI <- 0b0)
mem[X,0x0000000080001760] -> 0x0593
mem[X,0x0000000080001762] -> 0x2980
[2110] [M]: 0x0000000080001760 (0x29800593) addi x11, x0, 0x298                     common_Mexcpt_handler+48
x11 <- 0x0000000000000298

mem[X,0x0000000080001764] -> 0xF413
mem[X,0x0000000080001766] -> 0x0014
[2111] [M]: 0x0000000080001764 (0x0014F413) andi x8, x9, 0x1                        common_Mexcpt_handler+52
x8 <- 0x0000000000000000

clint mtime 0x0000000000000420 (mip.MTI <- 0b1, mip.STI <- 0b0)
mem[X,0x0000000080001768] -> 0x95B3
mem[X,0x000000008000176A] -> 0x0085
[2112] [M]: 0x0000000080001768 (0x008595B3) sll x11, x11, x8                        common_Mexcpt_handler+56
x11 <- 0x0000000000000298

mem[X,0x000000008000176C] -> 0x9413
mem[X,0x000000008000176E] -> 0x03D4
[2113] [M]: 0x000000008000176C (0x03D49413) slli x8, x9, 0x3d                       common_Mexcpt_handler+60
x8 <- 0x0000000000000000

clint mtime 0x0000000000000421 (mip.MTI <- 0b1, mip.STI <- 0b0)
mem[X,0x0000000080001770] -> 0x5413
mem[X,0x0000000080001772] -> 0x43F4
[2114] [M]: 0x0000000080001770 (0x43F45413) srai x8, x8, 0x3f                       common_Mexcpt_handler+64
x8 <- 0x0000000000000000

mem[X,0x0000000080001774] -> 0x4413
mem[X,0x0000000080001776] -> 0xFFF4
[2115] [M]: 0x0000000080001774 (0xFFF44413) xori x8, x8, -0x1                       common_Mexcpt_handler+68
x8 <- 0xFFFFFFFFFFFFFFFF

clint mtime 0x0000000000000422 (mip.MTI <- 0b1, mip.STI <- 0b0)
mem[X,0x0000000080001778] -> 0xF4B3
mem[X,0x000000008000177A] -> 0x0085
[2116] [M]: 0x0000000080001778 (0x0085F4B3) and x9, x11, x8                         common_Mexcpt_handler+72
x9 <- 0x0000000000000298

mem[X,0x000000008000177C] -> 0x84B3
mem[X,0x000000008000177E] -> 0x0024
[2117] [M]: 0x000000008000177C (0x002484B3) add x9, x9, x2                          vmem_adj_Mepc+0
x9 <- 0x0000000080004298

clint mtime 0x0000000000000423 (mip.MTI <- 0b1, mip.STI <- 0b0)
mem[X,0x0000000080001780] -> 0x23F3
mem[X,0x0000000080001782] -> 0x3410
[2118] [M]: 0x0000000080001780 (0x341023F3) csrrs x7, mepc, x0                      vmem_adj_Mepc+4
CSR mepc (0x341) -> 0x0000000000000400
x7 <- 0x0000000000000400

mem[X,0x0000000080001784] -> 0x0413
mem[X,0x0000000080001786] -> 0x0004
[2119] [M]: 0x0000000080001784 (0x00040413) addi x8, x8, 0x0                        vmem_adj_Mepc+8
x8 <- 0xFFFFFFFFFFFFFFFF

clint mtime 0x0000000000000424 (mip.MTI <- 0b1, mip.STI <- 0b0)
mem[X,0x0000000080001788] -> 0x006F
mem[X,0x000000008000178A] -> 0x0400
[2120] [M]: 0x0000000080001788 (0x0400006F) jal x0, 0x40                            vmem_adj_Mepc+12

mem[X,0x00000000800017C8] -> 0x8433
mem[X,0x00000000800017CA] -> 0x4083
[2121] [M]: 0x00000000800017C8 (0x40838433) sub x8, x7, x8                          adj_Mepc+0
x8 <- 0x0000000000000401

clint mtime 0x0000000000000425 (mip.MTI <- 0b1, mip.STI <- 0b0)
mem[X,0x00000000800017CC] -> 0x3823
mem[X,0x00000000800017CE] -> 0x0083
[2122] [M]: 0x00000000800017CC (0x00833823) sd x8, 0x10(x6)                         sv_Mepc+0
mem[W,0x0000000080009488] <- 0x0000000000000401

mem[X,0x00000000800017D0] -> 0x55B7
mem[X,0x00000000800017D2] -> 0x0000
[2123] [M]: 0x00000000800017D0 (0x000055B7) lui x11, 0x5                            sv_Mepc+4
x11 <- 0x0000000000005000

clint mtime 0x0000000000000426 (mip.MTI <- 0b1, mip.STI <- 0b0)
mem[X,0x00000000800017D4] -> 0x8593
mem[X,0x00000000800017D6] -> 0x6675
[2124] [M]: 0x00000000800017D4 (0x66758593) addi x11, x11, 0x667                    sv_Mepc+8
x11 <- 0x0000000000005667

mem[X,0x00000000800017D8] -> 0x9593
mem[X,0x00000000800017DA] -> 0x0015
[2125] [M]: 0x00000000800017D8 (0x00159593) slli x11, x11, 0x1                      sv_Mepc+12
x11 <- 0x000000000000ACCE

clint mtime 0x0000000000000427 (mip.MTI <- 0b1, mip.STI <- 0b0)
mem[X,0x00000000800017DC] -> 0x9063
mem[X,0x00000000800017DE] -> 0x02B1
[2126] [M]: 0x00000000800017DC (0x02B19063) bne x3, x11, 0x20                       sv_Mepc+16

mem[X,0x00000000800017E0] -> 0x2473
mem[X,0x00000000800017E2] -> 0x3420
[2127] [M]: 0x00000000800017E0 (0x34202473) csrrs x8, mcause, x0                    sv_Mepc+20
CSR mcause (0x342) -> 0x0000000000000001
x8 <- 0x0000000000000001

clint mtime 0x0000000000000428 (mip.MTI <- 0b1, mip.STI <- 0b0)
mem[X,0x00000000800017E4] -> 0x0593
mem[X,0x00000000800017E6] -> 0x00C0
[2128] [M]: 0x00000000800017E4 (0x00C00593) addi x11, x0, 0xc                       sv_Mepc+24
x11 <- 0x000000000000000C

mem[X,0x00000000800017E8] -> 0x0663
mem[X,0x00000000800017EA] -> 0x00B4
[2129] [M]: 0x00000000800017E8 (0x00B40663) beq x8, x11, 0xc                        sv_Mepc+28

clint mtime 0x0000000000000429 (mip.MTI <- 0b1, mip.STI <- 0b0)
mem[X,0x00000000800017EC] -> 0x0593
mem[X,0x00000000800017EE] -> 0x0010
[2130] [M]: 0x00000000800017EC (0x00100593) addi x11, x0, 0x1                       sv_Mepc+32
x11 <- 0x0000000000000001

mem[X,0x00000000800017F0] -> 0x1663
mem[X,0x00000000800017F2] -> 0x00B4
[2131] [M]: 0x00000000800017F0 (0x00B41663) bne x8, x11, 0xc                        sv_Mepc+36

clint mtime 0x000000000000042A (mip.MTI <- 0b1, mip.STI <- 0b0)
mem[X,0x00000000800017F4] -> 0x1073
mem[X,0x00000000800017F6] -> 0x3412
[2132] [M]: 0x00000000800017F4 (0x34121073) csrrw x0, mepc, x4                      sv_Mepc+40
CSR mepc (0x341) <- 0xFFFFFF008000106C

mem[X,0x00000000800017F8] -> 0x006F
mem[X,0x00000000800017FA] -> 0x0100
[2133] [M]: 0x00000000800017F8 (0x0100006F) jal x0, 0x10                            sv_Mepc+44

clint mtime 0x000000000000042B (mip.MTI <- 0b1, mip.STI <- 0b0)
mem[X,0x0000000080001808] -> 0x23F3
mem[X,0x000000008000180A] -> 0x3430
[2134] [M]: 0x0000000080001808 (0x343023F3) csrrs x7, mtval, x0                     skp_adj_Mepc+0
CSR mtval (0x343) -> 0x0000000000000400
x7 <- 0x0000000000000400

mem[X,0x000000008000180C] -> 0x0413
mem[X,0x000000008000180E] -> 0x0004
[2135] [M]: 0x000000008000180C (0x00040413) addi x8, x8, 0x0                        skp_adj_Mepc+4
x8 <- 0x0000000000000001

clint mtime 0x000000000000042C (mip.MTI <- 0b1, mip.STI <- 0b0)
mem[X,0x0000000080001810] -> 0x006F
mem[X,0x0000000080001812] -> 0x0840
[2136] [M]: 0x0000000080001810 (0x0840006F) jal x0, 0x84                            skp_adj_Mepc+8

mem[X,0x0000000080001894] -> 0x8433
mem[X,0x0000000080001896] -> 0x4083
[2137] [M]: 0x0000000080001894 (0x40838433) sub x8, x7, x8                          adj_Mtval+0
x8 <- 0x00000000000003FF

clint mtime 0x000000000000042D (mip.MTI <- 0b1, mip.STI <- 0b0)
mem[X,0x0000000080001898] -> 0x3C23
mem[X,0x000000008000189A] -> 0x0083
[2138] [M]: 0x0000000080001898 (0x00833C23) sd x8, 0x18(x6)                         sv_Mtval+0
mem[W,0x0000000080009490] <- 0x00000000000003FF

mem[X,0x000000008000189C] -> 0x3483
mem[X,0x000000008000189E] -> 0x2181
[2139] [M]: 0x000000008000189C (0x21813483) ld x9, 0x218(x2)                        skp_Mtval+0
mem[R,0x0000000080004218] -> 0x0000000080009498
x9 <- 0x0000000080009498

clint mtime 0x000000000000042E (mip.MTI <- 0b1, mip.STI <- 0b0)
mem[X,0x00000000800018A0] -> 0x3383
mem[X,0x00000000800018A2] -> 0x1F81
[2140] [M]: 0x00000000800018A0 (0x1F813383) ld x7, 0x1f8(x2)                        skp_Mtval+4
mem[R,0x00000000800041F8] -> 0x0000000080009110
x7 <- 0x0000000080009110

mem[X,0x00000000800018A4] -> 0x3303
mem[X,0x00000000800018A6] -> 0x2001
[2141] [M]: 0x00000000800018A4 (0x20013303) ld x6, 0x200(x2)                        skp_Mtval+8
mem[R,0x0000000080004200] -> 0x0000000000000410
x6 <- 0x0000000000000410

clint mtime 0x000000000000042F (mip.MTI <- 0b1, mip.STI <- 0b0)
mem[X,0x00000000800018A8] -> 0x0333
mem[X,0x00000000800018AA] -> 0x0073
[2142] [M]: 0x00000000800018A8 (0x00730333) add x6, x6, x7                          skp_Mtval+12
x6 <- 0x0000000080009520

mem[X,0x00000000800018AC] -> 0x6AE3
mem[X,0x00000000800018AE] -> 0xAE93
[2143] [M]: 0x00000000800018AC (0xAE936AE3) bltu x6, x9, -0x50c                     skp_Mtval+16

clint mtime 0x0000000000000430 (mip.MTI <- 0b1, mip.STI <- 0b0)
mem[X,0x00000000800018B0] -> 0x0393
mem[X,0x00000000800018B2] -> 0x2000
[2144] [M]: 0x00000000800018B0 (0x20000393) addi x7, x0, 0x200                      skp_Mtval+20
x7 <- 0x0000000000000200

mem[X,0x00000000800018B4] -> 0x006F
mem[X,0x00000000800018B6] -> 0x0400
[2145] [M]: 0x00000000800018B4 (0x0400006F) jal x0, 0x40                            skp_Mtval+24

clint mtime 0x0000000000000431 (mip.MTI <- 0b1, mip.STI <- 0b0)
mem[X,0x00000000800018F4] -> 0x0417
mem[X,0x00000000800018F6] -> 0x0000
[2146] [M]: 0x00000000800018F4 (0x00000417) auipc x8, 0x0                           spcl_Mhandler+0
x8 <- 0x00000000800018F4

mem[X,0x00000000800018F8] -> 0x0413
mem[X,0x00000000800018FA] -> 0x03C4
[2147] [M]: 0x00000000800018F8 (0x03C40413) addi x8, x8, 0x3c                       spcl_Mhandler+4
x8 <- 0x0000000080001930

clint mtime 0x0000000000000432 (mip.MTI <- 0b1, mip.STI <- 0b0)
mem[X,0x00000000800018FC] -> 0x0433
mem[X,0x00000000800018FE] -> 0x0074
[2148] [M]: 0x00000000800018FC (0x00740433) add x8, x8, x7                          spcl_Mhandler+8
x8 <- 0x0000000080001B30

mem[X,0x0000000080001900] -> 0x1393
mem[X,0x0000000080001902] -> 0x0035
[2149] [M]: 0x0000000080001900 (0x00351393) slli x7, x10, 0x3                       spcl_Mhandler+12
x7 <- 0x0000000000000008

clint mtime 0x0000000000000433 (mip.MTI <- 0b1, mip.STI <- 0b0)
mem[X,0x0000000080001904] -> 0x0433
mem[X,0x0000000080001906] -> 0x0074
[2150] [M]: 0x0000000080001904 (0x00740433) add x8, x8, x7                          spcl_Mhandler+16
x8 <- 0x0000000080001B38

mem[X,0x0000000080001908] -> 0x7413
mem[X,0x000000008000190A] -> 0xFF84
[2151] [M]: 0x0000000080001908 (0xFF847413) andi x8, x8, -0x8                       spcl_Mhandler+20
x8 <- 0x0000000080001B38

clint mtime 0x0000000000000434 (mip.MTI <- 0b1, mip.STI <- 0b0)
mem[X,0x000000008000190C] -> 0x3403
mem[X,0x000000008000190E] -> 0x0004
[2152] [M]: 0x000000008000190C (0x00043403) ld x8, 0x0(x8)                          spcl_Mhandler+24
mem[R,0x0000000080001B38] -> 0x0000000000000003
x8 <- 0x0000000000000003

mem[X,0x0000000080001910] -> 0x02E3
mem[X,0x0000000080001912] -> 0xB204
[2153] [M]: 0x0000000080001910 (0xB20402E3) beq x8, x0, -0x4dc                      spcl_Mdispatch_hndling+0

clint mtime 0x0000000000000435 (mip.MTI <- 0b1, mip.STI <- 0b0)
mem[X,0x0000000080001914] -> 0x1393
mem[X,0x0000000080001916] -> 0x03F4
[2154] [M]: 0x0000000080001914 (0x03F41393) slli x7, x8, 0x3f                       spcl_Mdispatch_hndling+4
x7 <- 0x8000000000000000

mem[X,0x0000000080001918] -> 0xD863
mem[X,0x000000008000191A] -> 0x0003
[2155] [M]: 0x0000000080001918 (0x0003D863) bge x7, x0, 0x10                        spcl_Mdispatch_hndling+8

clint mtime 0x0000000000000436 (mip.MTI <- 0b1, mip.STI <- 0b0)
mem[X,0x000000008000191C] -> 0x5413
mem[X,0x000000008000191E] -> 0x0014
[2156] [M]: 0x000000008000191C (0x00145413) srli x8, x8, 0x1                        spcl_Mdispatch_hndling+12
x8 <- 0x0000000000000001

mem[X,0x0000000080001920] -> 0x0CE3
mem[X,0x0000000080001922] -> 0xF885
[2157] [M]: 0x0000000080001920 (0xF8850CE3) beq x10, x8, -0x68                      spcl_Mdispatch_hndling+16

clint mtime 0x0000000000000437 (mip.MTI <- 0b1, mip.STI <- 0b0)
mem[X,0x00000000800018B8] -> 0x3303
mem[X,0x00000000800018BA] -> 0x2601
[2158] [M]: 0x00000000800018B8 (0x26013303) ld x6, 0x260(x2)                        resto_Mrtn+0
mem[R,0x0000000080004260] -> 0xFFFFFFFF7FFFF20C
x6 <- 0xFFFFFFFF7FFFF20C

mem[X,0x00000000800018BC] -> 0x3383
mem[X,0x00000000800018BE] -> 0x2681
[2159] [M]: 0x00000000800018BC (0x26813383) ld x7, 0x268(x2)                        resto_Mrtn+4
mem[R,0x0000000080004268] -> 0x0000000080004000
x7 <- 0x0000000080004000

clint mtime 0x0000000000000438 (mip.MTI <- 0b1, mip.STI <- 0b0)
mem[X,0x00000000800018C0] -> 0x3403
mem[X,0x00000000800018C2] -> 0x2701
[2160] [M]: 0x00000000800018C0 (0x27013403) ld x8, 0x270(x2)                        resto_Mrtn+8
mem[R,0x0000000080004270] -> 0x0000000000007F76
x8 <- 0x0000000000007F76

mem[X,0x00000000800018C4] -> 0x3483
mem[X,0x00000000800018C6] -> 0x2781
[2161] [M]: 0x00000000800018C4 (0x27813483) ld x9, 0x278(x2)                        resto_Mrtn+12
mem[R,0x0000000080004278] -> 0xFFFFFF00000001FC
x9 <- 0xFFFFFF00000001FC

clint mtime 0x0000000000000439 (mip.MTI <- 0b1, mip.STI <- 0b0)
mem[X,0x00000000800018C8] -> 0x3503
mem[X,0x00000000800018CA] -> 0x2801
[2162] [M]: 0x00000000800018C8 (0x28013503) ld x10, 0x280(x2)                       resto_Mrtn+16
mem[R,0x0000000080004280] -> 0x00000000200000DF
x10 <- 0x00000000200000DF

mem[X,0x00000000800018CC] -> 0x3583
mem[X,0x00000000800018CE] -> 0x2881
[2163] [M]: 0x00000000800018CC (0x28813583) ld x11, 0x288(x2)                       resto_Mrtn+20
mem[R,0x0000000080004288] -> 0x00000000000000DF
x11 <- 0x00000000000000DF

clint mtime 0x000000000000043A (mip.MTI <- 0b1, mip.STI <- 0b0)
mem[X,0x00000000800018D0] -> 0x3103
mem[X,0x00000000800018D2] -> 0x2901
[2164] [M]: 0x00000000800018D0 (0x29013103) ld x2, 0x290(x2)                        resto_Mrtn+24
mem[R,0x0000000080004290] -> 0x0000000000000000
x2 <- 0x0000000000000000

mem[X,0x00000000800018D4] -> 0x0073
mem[X,0x00000000800018D6] -> 0x3020
[2165] [M]: 0x00000000800018D4 (0x30200073) mret                                    resto_Mrtn+28
CSR mstatus (0x300) <- 0x0000000A00000080
ret-ing from M to U

clint mtime 0x000000000000043B (mip.MTI <- 0b1, mip.STI <- 0b0)
PTW: Start, vpn=0xff0080001, access_type=X, privilege=Umem[R,0x0000000080008FF0] -> 0x00000000000000DB
PTW: Step, level=3, pte=0xDB, pte_addr=0x80008FF0
PTW: Success, final_ppn=0x80001, level=3mem[X,0x000000008000106C] -> 0x0013
PTW: Start, vpn=0xff0080001, access_type=X, privilege=Umem[R,0x0000000080008FF0] -> 0x00000000000000DB
PTW: Step, level=3, pte=0xDB, pte_addr=0x80008FF0
PTW: Success, final_ppn=0x80001, level=3mem[X,0x000000008000106E] -> 0x0000
[2166] [U]: 0xFFFFFF008000106C (0x00000013) addi x0, x0, 0x0                        va_rvtest_code_begin+2224

PTW: Start, vpn=0xff0080001, access_type=X, privilege=Umem[R,0x0000000080008FF0] -> 0x00000000000000DB
PTW: Step, level=3, pte=0xDB, pte_addr=0x80008FF0
PTW: Success, final_ppn=0x80001, level=3mem[X,0x0000000080001070] -> 0x0013
PTW: Start, vpn=0xff0080001, access_type=X, privilege=Umem[R,0x0000000080008FF0] -> 0x00000000000000DB
PTW: Step, level=3, pte=0xDB, pte_addr=0x80008FF0
PTW: Success, final_ppn=0x80001, level=3mem[X,0x0000000080001072] -> 0x0000
[2167] [U]: 0xFFFFFF0080001070 (0x00000013) addi x0, x0, 0x0                        va_rvtest_code_begin+2228

clint mtime 0x000000000000043C (mip.MTI <- 0b1, mip.STI <- 0b0)
PTW: Start, vpn=0xff0080001, access_type=X, privilege=Umem[R,0x0000000080008FF0] -> 0x00000000000000DB
PTW: Step, level=3, pte=0xDB, pte_addr=0x80008FF0
PTW: Success, final_ppn=0x80001, level=3mem[X,0x0000000080001074] -> 0x0013
PTW: Start, vpn=0xff0080001, access_type=X, privilege=Umem[R,0x0000000080008FF0] -> 0x00000000000000DB
PTW: Step, level=3, pte=0xDB, pte_addr=0x80008FF0
PTW: Success, final_ppn=0x80001, level=3mem[X,0x0000000080001076] -> 0x0000
[2168] [U]: 0xFFFFFF0080001074 (0x00000013) addi x0, x0, 0x0                        va_rvtest_code_begin+2232

PTW: Start, vpn=0xff0080001, access_type=X, privilege=Umem[R,0x0000000080008FF0] -> 0x00000000000000DB
PTW: Step, level=3, pte=0xDB, pte_addr=0x80008FF0
PTW: Success, final_ppn=0x80001, level=3mem[X,0x0000000080001078] -> 0x0113
PTW: Start, vpn=0xff0080001, access_type=X, privilege=Umem[R,0x0000000080008FF0] -> 0x00000000000000DB
PTW: Step, level=3, pte=0xDB, pte_addr=0x80008FF0
PTW: Success, final_ppn=0x80001, level=3mem[X,0x000000008000107A] -> 0x0000
[2169] [U]: 0xFFFFFF0080001078 (0x00000113) addi x2, x0, 0x0                        va_rvtest_code_begin+2236
x2 <- 0x0000000000000000

clint mtime 0x000000000000043D (mip.MTI <- 0b1, mip.STI <- 0b0)
PTW: Start, vpn=0xff0080001, access_type=X, privilege=Umem[R,0x0000000080008FF0] -> 0x00000000000000DB
PTW: Step, level=3, pte=0xDB, pte_addr=0x80008FF0
PTW: Success, final_ppn=0x80001, level=3mem[X,0x000000008000107C] -> 0x0073
PTW: Start, vpn=0xff0080001, access_type=X, privilege=Umem[R,0x0000000080008FF0] -> 0x00000000000000DB
PTW: Step, level=3, pte=0xDB, pte_addr=0x80008FF0
PTW: Success, final_ppn=0x80001, level=3mem[X,0x000000008000107E] -> 0x0000
[2170] [U]: 0xFFFFFF008000107C (0x00000073) ecall                                   va_rvtest_code_begin+2240
trapping from U to M to handle u-call
handling exc#u-call at priv M with tval 0x0000000000000000
CSR mstatus (0x300) <- 0x0000000A00000000
CSR mcause (0x342) <- 0x0000000000000008
CSR mtval (0x343) <- 0x0000000000000000
CSR mepc (0x341) <- 0xFFFFFF008000107C

mem[X,0x0000000080001480] -> 0x006F
mem[X,0x0000000080001482] -> 0x1000
[2171] [M]: 0x0000000080001480 (0x1000006F) jal x0, 0x100                           Mtrampoline+0

clint mtime 0x000000000000043E (mip.MTI <- 0b1, mip.STI <- 0b0)
mem[X,0x0000000080001580] -> 0x1173
mem[X,0x0000000080001582] -> 0x3401
[2172] [M]: 0x0000000080001580 (0x34011173) csrrw x2, mscratch, x2                  trap_Mhandler+0
CSR mscratch (0x340) <- 0x0000000000000000
x2 <- 0x0000000080004000

mem[X,0x0000000080001584] -> 0x3423
mem[X,0x0000000080001586] -> 0x28B1
[2173] [M]: 0x0000000080001584 (0x28B13423) sd x11, 0x288(x2)                       trap_Mhandler+4
mem[W,0x0000000080004288] <- 0x00000000000000DF

clint mtime 0x000000000000043F (mip.MTI <- 0b1, mip.STI <- 0b0)
mem[X,0x0000000080001588] -> 0x05EF
mem[X,0x000000008000158A] -> 0x0B80
[2174] [M]: 0x0000000080001588 (0x0B8005EF) jal x11, 0xb8                           trap_Mhandler+8
x11 <- 0x000000008000158C

mem[X,0x0000000080001640] -> 0x3023
mem[X,0x0000000080001642] -> 0x28A1
[2175] [M]: 0x0000000080001640 (0x28A13023) sd x10, 0x280(x2)                       common_Mhandler+0
mem[W,0x0000000080004280] <- 0x00000000200000DF

clint mtime 0x0000000000000440 (mip.MTI <- 0b1, mip.STI <- 0b0)
mem[X,0x0000000080001644] -> 0x1573
mem[X,0x0000000080001646] -> 0x3401
[2176] [M]: 0x0000000080001644 (0x34011573) csrrw x10, mscratch, x2                 common_Mhandler+4
CSR mscratch (0x340) <- 0x0000000080004000
x10 <- 0x0000000000000000

mem[X,0x0000000080001648] -> 0x3823
mem[X,0x000000008000164A] -> 0x28A1
[2177] [M]: 0x0000000080001648 (0x28A13823) sd x10, 0x290(x2)                       common_Mhandler+8
mem[W,0x0000000080004290] <- 0x0000000000000000

clint mtime 0x0000000000000441 (mip.MTI <- 0b1, mip.STI <- 0b0)
mem[X,0x000000008000164C] -> 0x3503
mem[X,0x000000008000164E] -> 0x2301
[2178] [M]: 0x000000008000164C (0x23013503) ld x10, 0x230(x2)                       common_Mhandler+12
mem[R,0x0000000080004230] -> 0x0000000080001654
x10 <- 0x0000000080001654

mem[X,0x0000000080001650] -> 0x0067
mem[X,0x0000000080001652] -> 0x0005
[2179] [M]: 0x0000000080001650 (0x00050067) jalr x0, 0x0(x10)                       common_Mhandler+16

clint mtime 0x0000000000000442 (mip.MTI <- 0b1, mip.STI <- 0b0)
mem[X,0x0000000080001654] -> 0x3C23
mem[X,0x0000000080001656] -> 0x2691
[2180] [M]: 0x0000000080001654 (0x26913C23) sd x9, 0x278(x2)                        common_Mentry+0
mem[W,0x0000000080004278] <- 0xFFFFFF00000001FC

mem[X,0x0000000080001658] -> 0x3823
mem[X,0x000000008000165A] -> 0x2681
[2181] [M]: 0x0000000080001658 (0x26813823) sd x8, 0x270(x2)                        common_Mentry+4
mem[W,0x0000000080004270] <- 0x0000000000007F76

clint mtime 0x0000000000000443 (mip.MTI <- 0b1, mip.STI <- 0b0)
mem[X,0x000000008000165C] -> 0x3423
mem[X,0x000000008000165E] -> 0x2671
[2182] [M]: 0x000000008000165C (0x26713423) sd x7, 0x268(x2)                        common_Mentry+8
mem[W,0x0000000080004268] <- 0x0000000080004000

mem[X,0x0000000080001660] -> 0x3023
mem[X,0x0000000080001662] -> 0x2661
[2183] [M]: 0x0000000080001660 (0x26613023) sd x6, 0x260(x2)                        common_Mentry+12
mem[W,0x0000000080004260] <- 0xFFFFFFFF7FFFF20C

clint mtime 0x0000000000000444 (mip.MTI <- 0b1, mip.STI <- 0b0)
mem[X,0x0000000080001664] -> 0x2573
mem[X,0x0000000080001666] -> 0x3420
[2184] [M]: 0x0000000080001664 (0x34202573) csrrs x10, mcause, x0                   spcl_M2mmode_test+0
CSR mcause (0x342) -> 0x0000000000000008
x10 <- 0x0000000000000008

mem[X,0x0000000080001668] -> 0x04B7
mem[X,0x000000008000166A] -> 0x8000
[2185] [M]: 0x0000000080001668 (0x800004B7) lui x9, -0x80000                        spcl_M2mmode_test+4
x9 <- 0xFFFFFFFF80000000

clint mtime 0x0000000000000445 (mip.MTI <- 0b1, mip.STI <- 0b0)
mem[X,0x000000008000166C] -> 0x8493
mem[X,0x000000008000166E] -> 0x0004
[2186] [M]: 0x000000008000166C (0x00048493) addi x9, x9, 0x0                        spcl_M2mmode_test+8
x9 <- 0xFFFFFFFF80000000

mem[X,0x0000000080001670] -> 0x9493
mem[X,0x0000000080001672] -> 0x00B4
[2187] [M]: 0x0000000080001670 (0x00B49493) slli x9, x9, 0xb                        spcl_M2mmode_test+12
x9 <- 0xFFFFFC0000000000

clint mtime 0x0000000000000446 (mip.MTI <- 0b1, mip.STI <- 0b0)
mem[X,0x0000000080001674] -> 0x8493
mem[X,0x0000000080001676] -> 0x0004
[2188] [M]: 0x0000000080001674 (0x00048493) addi x9, x9, 0x0                        spcl_M2mmode_test+16
x9 <- 0xFFFFFC0000000000

mem[X,0x0000000080001678] -> 0x9493
mem[X,0x000000008000167A] -> 0x00B4
[2189] [M]: 0x0000000080001678 (0x00B49493) slli x9, x9, 0xb                        spcl_M2mmode_test+20
x9 <- 0xFFE0000000000000

clint mtime 0x0000000000000447 (mip.MTI <- 0b1, mip.STI <- 0b0)
mem[X,0x000000008000167C] -> 0x8493
mem[X,0x000000008000167E] -> 0x0034
[2190] [M]: 0x000000008000167C (0x00348493) addi x9, x9, 0x3                        spcl_M2mmode_test+24
x9 <- 0xFFE0000000000003

mem[X,0x0000000080001680] -> 0x9493
mem[X,0x0000000080001682] -> 0x00A4
[2191] [M]: 0x0000000080001680 (0x00A49493) slli x9, x9, 0xa                        spcl_M2mmode_test+28
x9 <- 0x8000000000000C00

clint mtime 0x0000000000000448 (mip.MTI <- 0b1, mip.STI <- 0b0)
mem[X,0x0000000080001684] -> 0x8493
mem[X,0x0000000080001686] -> 0x3FC4
[2192] [M]: 0x0000000080001684 (0x3FC48493) addi x9, x9, 0x3fc                      spcl_M2mmode_test+32
x9 <- 0x8000000000000FFC

mem[X,0x0000000080001688] -> 0xF4B3
mem[X,0x000000008000168A] -> 0x00A4
[2193] [M]: 0x0000000080001688 (0x00A4F4B3) and x9, x9, x10                         spcl_M2mmode_test+36
x9 <- 0x0000000000000008

clint mtime 0x0000000000000449 (mip.MTI <- 0b1, mip.STI <- 0b0)
mem[X,0x000000008000168C] -> 0x8493
mem[X,0x000000008000168E] -> 0xFF84
[2194] [M]: 0x000000008000168C (0xFF848493) addi x9, x9, -0x8                       spcl_M2mmode_test+40
x9 <- 0x0000000000000000

mem[X,0x0000000080001690] -> 0x9663
mem[X,0x0000000080001692] -> 0x0004
[2195] [M]: 0x0000000080001690 (0x00049663) bne x9, x0, 0xc                         spcl_M2mmode_test+44

clint mtime 0x000000000000044A (mip.MTI <- 0b1, mip.STI <- 0b0)
mem[X,0x0000000080001694] -> 0x3383
mem[X,0x0000000080001696] -> 0x2901
[2196] [M]: 0x0000000080001694 (0x29013383) ld x7, 0x290(x2)                        spcl_M2mmode_test+48
mem[R,0x0000000080004290] -> 0x0000000000000000
x7 <- 0x0000000000000000

mem[X,0x0000000080001698] -> 0x8663
mem[X,0x000000008000169A] -> 0x6E03
[2197] [M]: 0x0000000080001698 (0x6E038663) beq x7, x0, 0x6ec                       spcl_M2mmode_test+52

clint mtime 0x000000000000044B (mip.MTI <- 0b1, mip.STI <- 0b0)
mem[X,0x0000000080001D84] -> 0x0493
mem[X,0x0000000080001D86] -> 0xFF55
[2198] [M]: 0x0000000080001D84 (0xFF550493) addi x9, x10, -0xb                      rtn2mmode+0
x9 <- 0xFFFFFFFFFFFFFFFD

mem[X,0x0000000080001D88] -> 0x8C63
mem[X,0x0000000080001D8A] -> 0x0004
[2199] [M]: 0x0000000080001D88 (0x00048C63) beq x9, x0, 0x18                        rtn2mmode+4

clint mtime 0x000000000000044C (mip.MTI <- 0b1, mip.STI <- 0b0)
mem[X,0x0000000080001D8C] -> 0x3583
mem[X,0x0000000080001D8E] -> 0x4701
[2200] [M]: 0x0000000080001D8C (0x47013583) ld x11, 0x470(x2)                       rtn2mmode+8
mem[R,0x0000000080004470] -> 0xFFFFFF00800007BC
x11 <- 0xFFFFFF00800007BC

mem[X,0x0000000080001D90] -> 0xD463
mem[X,0x0000000080001D92] -> 0x0003
[2201] [M]: 0x0000000080001D90 (0x0003D463) bge x7, x0, 0x8                         rtn2mmode+12

clint mtime 0x000000000000044D (mip.MTI <- 0b1, mip.STI <- 0b0)
mem[X,0x0000000080001D98] -> 0x3483
mem[X,0x0000000080001D9A] -> 0x1D81
[2202] [M]: 0x0000000080001D98 (0x1D813483) ld x9, 0x1d8(x2)                        from_u_s+0
mem[R,0x00000000800041D8] -> 0x00000000800007D4
x9 <- 0x00000000800007D4

mem[X,0x0000000080001D9C] -> 0x84B3
mem[X,0x0000000080001D9E] -> 0x40B4
[2203] [M]: 0x0000000080001D9C (0x40B484B3) sub x9, x9, x11                         from_u_s+4
x9 <- 0x0000010000000018

clint mtime 0x000000000000044E (mip.MTI <- 0b1, mip.STI <- 0b0)
mem[X,0x0000000080001DA0] -> 0x23F3
mem[X,0x0000000080001DA2] -> 0x3410
[2204] [M]: 0x0000000080001DA0 (0x341023F3) csrrs x7, mepc, x0                      rtn_fm_mmode+0
CSR mepc (0x341) -> 0xFFFFFF008000107C
x7 <- 0xFFFFFF008000107C

mem[X,0x0000000080001DA4] -> 0x83B3
mem[X,0x0000000080001DA6] -> 0x0093
[2205] [M]: 0x0000000080001DA4 (0x009383B3) add x7, x7, x9                          rtn_fm_mmode+4
x7 <- 0x0000000080001094

clint mtime 0x000000000000044F (mip.MTI <- 0b1, mip.STI <- 0b0)
mem[X,0x0000000080001DA8] -> 0x3303
mem[X,0x0000000080001DAA] -> 0x2601
[2206] [M]: 0x0000000080001DA8 (0x26013303) ld x6, 0x260(x2)                        rtn_fm_mmode+8
mem[R,0x0000000080004260] -> 0xFFFFFFFF7FFFF20C
x6 <- 0xFFFFFFFF7FFFF20C

mem[X,0x0000000080001DAC] -> 0x3403
mem[X,0x0000000080001DAE] -> 0x2701
[2207] [M]: 0x0000000080001DAC (0x27013403) ld x8, 0x270(x2)                        rtn_fm_mmode+12
mem[R,0x0000000080004270] -> 0x0000000000007F76
x8 <- 0x0000000000007F76

clint mtime 0x0000000000000450 (mip.MTI <- 0b1, mip.STI <- 0b0)
mem[X,0x0000000080001DB0] -> 0x3483
mem[X,0x0000000080001DB2] -> 0x2781
[2208] [M]: 0x0000000080001DB0 (0x27813483) ld x9, 0x278(x2)                        rtn_fm_mmode+16
mem[R,0x0000000080004278] -> 0xFFFFFF00000001FC
x9 <- 0xFFFFFF00000001FC

mem[X,0x0000000080001DB4] -> 0x3503
mem[X,0x0000000080001DB6] -> 0x2801
[2209] [M]: 0x0000000080001DB4 (0x28013503) ld x10, 0x280(x2)                       rtn_fm_mmode+20
mem[R,0x0000000080004280] -> 0x00000000200000DF
x10 <- 0x00000000200000DF

clint mtime 0x0000000000000451 (mip.MTI <- 0b1, mip.STI <- 0b0)
mem[X,0x0000000080001DB8] -> 0x3583
mem[X,0x0000000080001DBA] -> 0x2881
[2210] [M]: 0x0000000080001DB8 (0x28813583) ld x11, 0x288(x2)                       rtn_fm_mmode+24
mem[R,0x0000000080004288] -> 0x00000000000000DF
x11 <- 0x00000000000000DF

mem[X,0x0000000080001DBC] -> 0x3103
mem[X,0x0000000080001DBE] -> 0x2901
[2211] [M]: 0x0000000080001DBC (0x29013103) ld x2, 0x290(x2)                        rtn_fm_mmode+28
mem[R,0x0000000080004290] -> 0x0000000000000000
x2 <- 0x0000000000000000

clint mtime 0x0000000000000452 (mip.MTI <- 0b1, mip.STI <- 0b0)
mem[X,0x0000000080001DC0] -> 0x8067
mem[X,0x0000000080001DC2] -> 0x0043
[2212] [M]: 0x0000000080001DC0 (0x00438067) jalr x0, 0x4(x7)                        rtn_fm_mmode+32

mem[X,0x0000000080001098] -> 0x0013
mem[X,0x000000008000109A] -> 0x0000
[2213] [M]: 0x0000000080001098 (0x00000013) addi x0, x0, 0x0                        main+2200

clint mtime 0x0000000000000453 (mip.MTI <- 0b1, mip.STI <- 0b0)
mem[X,0x000000008000109C] -> 0x0013
mem[X,0x000000008000109E] -> 0x0000
[2214] [M]: 0x000000008000109C (0x00000013) addi x0, x0, 0x0                        main+2204

mem[X,0x00000000800010A0] -> 0x4397
mem[X,0x00000000800010A2] -> 0x0000
[2215] [M]: 0x00000000800010A0 (0x00004397) auipc x7, 0x4                           main+2208
x7 <- 0x00000000800050A0

clint mtime 0x0000000000000454 (mip.MTI <- 0b1, mip.STI <- 0b0)
mem[X,0x00000000800010A4] -> 0x8393
mem[X,0x00000000800010A6] -> 0xF603
[2216] [M]: 0x00000000800010A4 (0xF6038393) addi x7, x7, -0xa0                      main+2212
x7 <- 0x0000000080005000

mem[X,0x00000000800010A8] -> 0x0001
[2217] [M]: 0x00000000800010A8 (0x0001) c.nop                                       main+2216

clint mtime 0x0000000000000455 (mip.MTI <- 0b1, mip.STI <- 0b0)
mem[X,0x00000000800010AA] -> 0x0013
mem[X,0x00000000800010AC] -> 0x0000
[2218] [M]: 0x00000000800010AA (0x00000013) addi x0, x0, 0x0                        main+2218

mem[X,0x00000000800010AE] -> 0x0013
mem[X,0x00000000800010B0] -> 0x0000
[2219] [M]: 0x00000000800010AE (0x00000013) addi x0, x0, 0x0                        main+2222

clint mtime 0x0000000000000456 (mip.MTI <- 0b1, mip.STI <- 0b0)
mem[X,0x00000000800010B2] -> 0x0013
mem[X,0x00000000800010B4] -> 0x0000
[2220] [M]: 0x00000000800010B2 (0x00000013) addi x0, x0, 0x0                        main+2226

mem[X,0x00000000800010B6] -> 0x0013
mem[X,0x00000000800010B8] -> 0x0000
[2221] [M]: 0x00000000800010B6 (0x00000013) addi x0, x0, 0x0                        main+2230

clint mtime 0x0000000000000457 (mip.MTI <- 0b1, mip.STI <- 0b0)
mem[X,0x00000000800010BA] -> 0x0013
mem[X,0x00000000800010BC] -> 0x0000
[2222] [M]: 0x00000000800010BA (0x00000013) addi x0, x0, 0x0                        main+2234

mem[X,0x00000000800010BE] -> 0x0001
[2223] [M]: 0x00000000800010BE (0x0001) c.nop                                       main+2238

clint mtime 0x0000000000000458 (mip.MTI <- 0b1, mip.STI <- 0b0)
mem[X,0x00000000800010C0] -> 0xD393
mem[X,0x00000000800010C2] -> 0x0023
[2224] [M]: 0x00000000800010C0 (0x0023D393) srli x7, x7, 0x2                        main+2240
x7 <- 0x0000000020001400

mem[X,0x00000000800010C4] -> 0x0313
mem[X,0x00000000800010C6] -> 0x0000
[2225] [M]: 0x00000000800010C4 (0x00000313) addi x6, x0, 0x0                        main+2244
x6 <- 0x0000000000000000

clint mtime 0x0000000000000459 (mip.MTI <- 0b1, mip.STI <- 0b0)
mem[X,0x00000000800010C8] -> 0xE3B3
mem[X,0x00000000800010CA] -> 0x0063
[2226] [M]: 0x00000000800010C8 (0x0063E3B3) or x7, x7, x6                           main+2248
x7 <- 0x0000000020001400

mem[X,0x00000000800010CC] -> 0x9073
mem[X,0x00000000800010CE] -> 0x3B03
[2227] [M]: 0x00000000800010CC (0x3B039073) csrrw x0, pmpaddr0, x7                  main+2252
CSR pmpaddr0 (0x3B0) <- 0x0000000020001400

clint mtime 0x000000000000045A (mip.MTI <- 0b1, mip.STI <- 0b0)
mem[X,0x00000000800010D0] -> 0xC3B7
mem[X,0x00000000800010D2] -> 0x0003
[2228] [M]: 0x00000000800010D0 (0x0003C3B7) lui x7, 0x3c                            main+2256
x7 <- 0x000000000003C000

mem[X,0x00000000800010D4] -> 0x8393
mem[X,0x00000000800010D6] -> 0x0073
[2229] [M]: 0x00000000800010D4 (0x00738393) addi x7, x7, 0x7                        main+2260
x7 <- 0x000000000003C007

clint mtime 0x000000000000045B (mip.MTI <- 0b1, mip.STI <- 0b0)
mem[X,0x00000000800010D8] -> 0x9393
mem[X,0x00000000800010DA] -> 0x0023
[2230] [M]: 0x00000000800010D8 (0x00239393) slli x7, x7, 0x2                        main+2264
x7 <- 0x00000000000F001C

mem[X,0x00000000800010DC] -> 0x9073
mem[X,0x00000000800010DE] -> 0x3A03
[2231] [M]: 0x00000000800010DC (0x3A039073) csrrw x0, pmpcfg0, x7                   main+2268
CSR pmpcfg0 (0x3A0) <- 0x00000000000F001C

clint mtime 0x000000000000045C (mip.MTI <- 0b1, mip.STI <- 0b0)
mem[X,0x00000000800010E0] -> 0x6517
mem[X,0x00000000800010E2] -> 0x0000
[2232] [M]: 0x00000000800010E0 (0x00006517) auipc x10, 0x6                          main+2272
x10 <- 0x00000000800070E0

mem[X,0x00000000800010E4] -> 0x0513
mem[X,0x00000000800010E6] -> 0xF205
[2233] [M]: 0x00000000800010E4 (0xF2050513) addi x10, x10, -0xe0                    main+2276
x10 <- 0x0000000080007000

clint mtime 0x000000000000045D (mip.MTI <- 0b1, mip.STI <- 0b0)
mem[X,0x00000000800010E8] -> 0x0001
[2234] [M]: 0x00000000800010E8 (0x0001) c.nop                                       main+2280

mem[X,0x00000000800010EA] -> 0x0013
mem[X,0x00000000800010EC] -> 0x0000
[2235] [M]: 0x00000000800010EA (0x00000013) addi x0, x0, 0x0                        main+2282

clint mtime 0x000000000000045E (mip.MTI <- 0b1, mip.STI <- 0b0)
mem[X,0x00000000800010EE] -> 0x0013
mem[X,0x00000000800010F0] -> 0x0000
[2236] [M]: 0x00000000800010EE (0x00000013) addi x0, x0, 0x0                        main+2286

mem[X,0x00000000800010F2] -> 0x0013
mem[X,0x00000000800010F4] -> 0x0000
[2237] [M]: 0x00000000800010F2 (0x00000013) addi x0, x0, 0x0                        main+2290

clint mtime 0x000000000000045F (mip.MTI <- 0b1, mip.STI <- 0b0)
mem[X,0x00000000800010F6] -> 0x0013
mem[X,0x00000000800010F8] -> 0x0000
[2238] [M]: 0x00000000800010F6 (0x00000013) addi x0, x0, 0x0                        main+2294

mem[X,0x00000000800010FA] -> 0x0013
mem[X,0x00000000800010FC] -> 0x0000
[2239] [M]: 0x00000000800010FA (0x00000013) addi x0, x0, 0x0                        main+2298

clint mtime 0x0000000000000460 (mip.MTI <- 0b1, mip.STI <- 0b0)
mem[X,0x00000000800010FE] -> 0x0001
[2240] [M]: 0x00000000800010FE (0x0001) c.nop                                       main+2302

mem[X,0x0000000080001100] -> 0x0593
mem[X,0x0000000080001102] -> 0x0010
[2241] [M]: 0x0000000080001100 (0x00100593) addi x11, x0, 0x1                       main+2304
x11 <- 0x0000000000000001

clint mtime 0x0000000000000461 (mip.MTI <- 0b1, mip.STI <- 0b0)
mem[X,0x0000000080001104] -> 0x5513
mem[X,0x0000000080001106] -> 0x00C5
[2242] [M]: 0x0000000080001104 (0x00C55513) srli x10, x10, 0xc                      main+2308
x10 <- 0x0000000000080007

mem[X,0x0000000080001108] -> 0x1513
mem[X,0x000000008000110A] -> 0x00A5
[2243] [M]: 0x0000000080001108 (0x00A51513) slli x10, x10, 0xa                      main+2312
x10 <- 0x0000000020001C00

clint mtime 0x0000000000000462 (mip.MTI <- 0b1, mip.STI <- 0b0)
mem[X,0x000000008000110C] -> 0x6533
mem[X,0x000000008000110E] -> 0x00B5
[2244] [M]: 0x000000008000110C (0x00B56533) or x10, x10, x11                        main+2316
x10 <- 0x0000000020001C01

mem[X,0x0000000080001110] -> 0x0013
mem[X,0x0000000080001112] -> 0x0000
[2245] [M]: 0x0000000080001110 (0x00000013) addi x0, x0, 0x0                        main+2320

clint mtime 0x0000000000000463 (mip.MTI <- 0b1, mip.STI <- 0b0)
mem[X,0x0000000080001114] -> 0x0013
mem[X,0x0000000080001116] -> 0x0000
[2246] [M]: 0x0000000080001114 (0x00000013) addi x0, x0, 0x0                        main+2324

mem[X,0x0000000080001118] -> 0x0013
mem[X,0x000000008000111A] -> 0x0000
[2247] [M]: 0x0000000080001118 (0x00000013) addi x0, x0, 0x0                        main+2328

clint mtime 0x0000000000000464 (mip.MTI <- 0b1, mip.STI <- 0b0)
mem[X,0x000000008000111C] -> 0x0013
mem[X,0x000000008000111E] -> 0x0000
[2248] [M]: 0x000000008000111C (0x00000013) addi x0, x0, 0x0                        main+2332

mem[X,0x0000000080001120] -> 0x7317
mem[X,0x0000000080001122] -> 0x0000
[2249] [M]: 0x0000000080001120 (0x00007317) auipc x6, 0x7                           main+2336
x6 <- 0x0000000080008120

clint mtime 0x0000000000000465 (mip.MTI <- 0b1, mip.STI <- 0b0)
mem[X,0x0000000080001124] -> 0x0313
mem[X,0x0000000080001126] -> 0xEE03
[2250] [M]: 0x0000000080001124 (0xEE030313) addi x6, x6, -0x120                     main+2340
x6 <- 0x0000000080008000

mem[X,0x0000000080001128] -> 0x0001
[2251] [M]: 0x0000000080001128 (0x0001) c.nop                                       main+2344

clint mtime 0x0000000000000466 (mip.MTI <- 0b1, mip.STI <- 0b0)
mem[X,0x000000008000112A] -> 0x0013
mem[X,0x000000008000112C] -> 0x0000
[2252] [M]: 0x000000008000112A (0x00000013) addi x0, x0, 0x0                        main+2346

mem[X,0x000000008000112E] -> 0x0013
mem[X,0x0000000080001130] -> 0x0000
[2253] [M]: 0x000000008000112E (0x00000013) addi x0, x0, 0x0                        main+2350

clint mtime 0x0000000000000467 (mip.MTI <- 0b1, mip.STI <- 0b0)
mem[X,0x0000000080001132] -> 0x0013
mem[X,0x0000000080001134] -> 0x0000
[2254] [M]: 0x0000000080001132 (0x00000013) addi x0, x0, 0x0                        main+2354

mem[X,0x0000000080001136] -> 0x0013
mem[X,0x0000000080001138] -> 0x0000
[2255] [M]: 0x0000000080001136 (0x00000013) addi x0, x0, 0x0                        main+2358

clint mtime 0x0000000000000468 (mip.MTI <- 0b1, mip.STI <- 0b0)
mem[X,0x000000008000113A] -> 0x0013
mem[X,0x000000008000113C] -> 0x0000
[2256] [M]: 0x000000008000113A (0x00000013) addi x0, x0, 0x0                        main+2362

mem[X,0x000000008000113E] -> 0x0001
[2257] [M]: 0x000000008000113E (0x0001) c.nop                                       main+2366

clint mtime 0x0000000000000469 (mip.MTI <- 0b1, mip.STI <- 0b0)
mem[X,0x0000000080001140] -> 0x0293
mem[X,0x0000000080001142] -> 0x0000
[2258] [M]: 0x0000000080001140 (0x00000293) addi x5, x0, 0x0                        main+2368
x5 <- 0x0000000000000000

mem[X,0x0000000080001144] -> 0x0333
mem[X,0x0000000080001146] -> 0x0053
[2259] [M]: 0x0000000080001144 (0x00530333) add x6, x6, x5                          main+2372
x6 <- 0x0000000080008000

clint mtime 0x000000000000046A (mip.MTI <- 0b1, mip.STI <- 0b0)
mem[X,0x0000000080001148] -> 0x3023
mem[X,0x000000008000114A] -> 0x00A3
[2260] [M]: 0x0000000080001148 (0x00A33023) sd x10, 0x0(x6)                         main+2376
mem[W,0x0000000080008000] <- 0x0000000020001C01

mem[X,0x000000008000114C] -> 0x0013
mem[X,0x000000008000114E] -> 0x0000
[2261] [M]: 0x000000008000114C (0x00000013) addi x0, x0, 0x0                        main+2380

clint mtime 0x000000000000046B (mip.MTI <- 0b1, mip.STI <- 0b0)
mem[X,0x0000000080001150] -> 0x0013
mem[X,0x0000000080001152] -> 0x0000
[2262] [M]: 0x0000000080001150 (0x00000013) addi x0, x0, 0x0                        main+2384

mem[X,0x0000000080001154] -> 0x0013
mem[X,0x0000000080001156] -> 0x0000
[2263] [M]: 0x0000000080001154 (0x00000013) addi x0, x0, 0x0                        main+2388

clint mtime 0x000000000000046C (mip.MTI <- 0b1, mip.STI <- 0b0)
mem[X,0x0000000080001158] -> 0x0013
mem[X,0x000000008000115A] -> 0x0000
[2264] [M]: 0x0000000080001158 (0x00000013) addi x0, x0, 0x0                        main+2392

mem[X,0x000000008000115C] -> 0x0013
mem[X,0x000000008000115E] -> 0x0000
[2265] [M]: 0x000000008000115C (0x00000013) addi x0, x0, 0x0                        main+2396

clint mtime 0x000000000000046D (mip.MTI <- 0b1, mip.STI <- 0b0)
mem[X,0x0000000080001160] -> 0x5517
mem[X,0x0000000080001162] -> 0x0000
[2266] [M]: 0x0000000080001160 (0x00005517) auipc x10, 0x5                          main+2400
x10 <- 0x0000000080006160

mem[X,0x0000000080001164] -> 0x0513
mem[X,0x0000000080001166] -> 0xEA05
[2267] [M]: 0x0000000080001164 (0xEA050513) addi x10, x10, -0x160                   main+2404
x10 <- 0x0000000080006000

clint mtime 0x000000000000046E (mip.MTI <- 0b1, mip.STI <- 0b0)
mem[X,0x0000000080001168] -> 0x0001
[2268] [M]: 0x0000000080001168 (0x0001) c.nop                                       main+2408

mem[X,0x000000008000116A] -> 0x0013
mem[X,0x000000008000116C] -> 0x0000
[2269] [M]: 0x000000008000116A (0x00000013) addi x0, x0, 0x0                        main+2410

clint mtime 0x000000000000046F (mip.MTI <- 0b1, mip.STI <- 0b0)
mem[X,0x000000008000116E] -> 0x0013
mem[X,0x0000000080001170] -> 0x0000
[2270] [M]: 0x000000008000116E (0x00000013) addi x0, x0, 0x0                        main+2414

mem[X,0x0000000080001172] -> 0x0013
mem[X,0x0000000080001174] -> 0x0000
[2271] [M]: 0x0000000080001172 (0x00000013) addi x0, x0, 0x0                        main+2418

clint mtime 0x0000000000000470 (mip.MTI <- 0b1, mip.STI <- 0b0)
mem[X,0x0000000080001176] -> 0x0013
mem[X,0x0000000080001178] -> 0x0000
[2272] [M]: 0x0000000080001176 (0x00000013) addi x0, x0, 0x0                        main+2422

mem[X,0x000000008000117A] -> 0x0013
mem[X,0x000000008000117C] -> 0x0000
[2273] [M]: 0x000000008000117A (0x00000013) addi x0, x0, 0x0                        main+2426

clint mtime 0x0000000000000471 (mip.MTI <- 0b1, mip.STI <- 0b0)
mem[X,0x000000008000117E] -> 0x0001
[2274] [M]: 0x000000008000117E (0x0001) c.nop                                       main+2430

mem[X,0x0000000080001180] -> 0x0593
mem[X,0x0000000080001182] -> 0x0010
[2275] [M]: 0x0000000080001180 (0x00100593) addi x11, x0, 0x1                       main+2432
x11 <- 0x0000000000000001

clint mtime 0x0000000000000472 (mip.MTI <- 0b1, mip.STI <- 0b0)
mem[X,0x0000000080001184] -> 0x5513
mem[X,0x0000000080001186] -> 0x00C5
[2276] [M]: 0x0000000080001184 (0x00C55513) srli x10, x10, 0xc                      main+2436
x10 <- 0x0000000000080006

mem[X,0x0000000080001188] -> 0x1513
mem[X,0x000000008000118A] -> 0x00A5
[2277] [M]: 0x0000000080001188 (0x00A51513) slli x10, x10, 0xa                      main+2440
x10 <- 0x0000000020001800

clint mtime 0x0000000000000473 (mip.MTI <- 0b1, mip.STI <- 0b0)
mem[X,0x000000008000118C] -> 0x6533
mem[X,0x000000008000118E] -> 0x00B5
[2278] [M]: 0x000000008000118C (0x00B56533) or x10, x10, x11                        main+2444
x10 <- 0x0000000020001801

mem[X,0x0000000080001190] -> 0x0013
mem[X,0x0000000080001192] -> 0x0000
[2279] [M]: 0x0000000080001190 (0x00000013) addi x0, x0, 0x0                        main+2448

clint mtime 0x0000000000000474 (mip.MTI <- 0b1, mip.STI <- 0b0)
mem[X,0x0000000080001194] -> 0x0013
mem[X,0x0000000080001196] -> 0x0000
[2280] [M]: 0x0000000080001194 (0x00000013) addi x0, x0, 0x0                        main+2452

mem[X,0x0000000080001198] -> 0x0013
mem[X,0x000000008000119A] -> 0x0000
[2281] [M]: 0x0000000080001198 (0x00000013) addi x0, x0, 0x0                        main+2456

clint mtime 0x0000000000000475 (mip.MTI <- 0b1, mip.STI <- 0b0)
mem[X,0x000000008000119C] -> 0x0013
mem[X,0x000000008000119E] -> 0x0000
[2282] [M]: 0x000000008000119C (0x00000013) addi x0, x0, 0x0                        main+2460

mem[X,0x00000000800011A0] -> 0x6317
mem[X,0x00000000800011A2] -> 0x0000
[2283] [M]: 0x00000000800011A0 (0x00006317) auipc x6, 0x6                           main+2464
x6 <- 0x00000000800071A0

clint mtime 0x0000000000000476 (mip.MTI <- 0b1, mip.STI <- 0b0)
mem[X,0x00000000800011A4] -> 0x0313
mem[X,0x00000000800011A6] -> 0xE603
[2284] [M]: 0x00000000800011A4 (0xE6030313) addi x6, x6, -0x1a0                     main+2468
x6 <- 0x0000000080007000

mem[X,0x00000000800011A8] -> 0x0001
[2285] [M]: 0x00000000800011A8 (0x0001) c.nop                                       main+2472

clint mtime 0x0000000000000477 (mip.MTI <- 0b1, mip.STI <- 0b0)
mem[X,0x00000000800011AA] -> 0x0013
mem[X,0x00000000800011AC] -> 0x0000
[2286] [M]: 0x00000000800011AA (0x00000013) addi x0, x0, 0x0                        main+2474

mem[X,0x00000000800011AE] -> 0x0013
mem[X,0x00000000800011B0] -> 0x0000
[2287] [M]: 0x00000000800011AE (0x00000013) addi x0, x0, 0x0                        main+2478

clint mtime 0x0000000000000478 (mip.MTI <- 0b1, mip.STI <- 0b0)
mem[X,0x00000000800011B2] -> 0x0013
mem[X,0x00000000800011B4] -> 0x0000
[2288] [M]: 0x00000000800011B2 (0x00000013) addi x0, x0, 0x0                        main+2482

mem[X,0x00000000800011B6] -> 0x0013
mem[X,0x00000000800011B8] -> 0x0000
[2289] [M]: 0x00000000800011B6 (0x00000013) addi x0, x0, 0x0                        main+2486

clint mtime 0x0000000000000479 (mip.MTI <- 0b1, mip.STI <- 0b0)
mem[X,0x00000000800011BA] -> 0x0013
mem[X,0x00000000800011BC] -> 0x0000
[2290] [M]: 0x00000000800011BA (0x00000013) addi x0, x0, 0x0                        main+2490

mem[X,0x00000000800011BE] -> 0x0001
[2291] [M]: 0x00000000800011BE (0x0001) c.nop                                       main+2494

clint mtime 0x000000000000047A (mip.MTI <- 0b1, mip.STI <- 0b0)
mem[X,0x00000000800011C0] -> 0x0293
mem[X,0x00000000800011C2] -> 0x0000
[2292] [M]: 0x00000000800011C0 (0x00000293) addi x5, x0, 0x0                        main+2496
x5 <- 0x0000000000000000

mem[X,0x00000000800011C4] -> 0x0333
mem[X,0x00000000800011C6] -> 0x0053
[2293] [M]: 0x00000000800011C4 (0x00530333) add x6, x6, x5                          main+2500
x6 <- 0x0000000080007000

clint mtime 0x000000000000047B (mip.MTI <- 0b1, mip.STI <- 0b0)
mem[X,0x00000000800011C8] -> 0x3023
mem[X,0x00000000800011CA] -> 0x00A3
[2294] [M]: 0x00000000800011C8 (0x00A33023) sd x10, 0x0(x6)                         main+2504
mem[W,0x0000000080007000] <- 0x0000000020001801

mem[X,0x00000000800011CC] -> 0x0013
mem[X,0x00000000800011CE] -> 0x0000
[2295] [M]: 0x00000000800011CC (0x00000013) addi x0, x0, 0x0                        main+2508

clint mtime 0x000000000000047C (mip.MTI <- 0b1, mip.STI <- 0b0)
mem[X,0x00000000800011D0] -> 0x0013
mem[X,0x00000000800011D2] -> 0x0000
[2296] [M]: 0x00000000800011D0 (0x00000013) addi x0, x0, 0x0                        main+2512

mem[X,0x00000000800011D4] -> 0x0013
mem[X,0x00000000800011D6] -> 0x0000
[2297] [M]: 0x00000000800011D4 (0x00000013) addi x0, x0, 0x0                        main+2516

clint mtime 0x000000000000047D (mip.MTI <- 0b1, mip.STI <- 0b0)
mem[X,0x00000000800011D8] -> 0x0013
mem[X,0x00000000800011DA] -> 0x0000
[2298] [M]: 0x00000000800011D8 (0x00000013) addi x0, x0, 0x0                        main+2520

mem[X,0x00000000800011DC] -> 0x0013
mem[X,0x00000000800011DE] -> 0x0000
[2299] [M]: 0x00000000800011DC (0x00000013) addi x0, x0, 0x0                        main+2524

clint mtime 0x000000000000047E (mip.MTI <- 0b1, mip.STI <- 0b0)
mem[X,0x00000000800011E0] -> 0x4517
mem[X,0x00000000800011E2] -> 0x0000
[2300] [M]: 0x00000000800011E0 (0x00004517) auipc x10, 0x4                          main+2528
x10 <- 0x00000000800051E0

mem[X,0x00000000800011E4] -> 0x0513
mem[X,0x00000000800011E6] -> 0xE205
[2301] [M]: 0x00000000800011E4 (0xE2050513) addi x10, x10, -0x1e0                   main+2532
x10 <- 0x0000000080005000

clint mtime 0x000000000000047F (mip.MTI <- 0b1, mip.STI <- 0b0)
mem[X,0x00000000800011E8] -> 0x0001
[2302] [M]: 0x00000000800011E8 (0x0001) c.nop                                       main+2536

mem[X,0x00000000800011EA] -> 0x0013
mem[X,0x00000000800011EC] -> 0x0000
[2303] [M]: 0x00000000800011EA (0x00000013) addi x0, x0, 0x0                        main+2538

clint mtime 0x0000000000000480 (mip.MTI <- 0b1, mip.STI <- 0b0)
mem[X,0x00000000800011EE] -> 0x0013
mem[X,0x00000000800011F0] -> 0x0000
[2304] [M]: 0x00000000800011EE (0x00000013) addi x0, x0, 0x0                        main+2542

mem[X,0x00000000800011F2] -> 0x0013
mem[X,0x00000000800011F4] -> 0x0000
[2305] [M]: 0x00000000800011F2 (0x00000013) addi x0, x0, 0x0                        main+2546

clint mtime 0x0000000000000481 (mip.MTI <- 0b1, mip.STI <- 0b0)
mem[X,0x00000000800011F6] -> 0x0013
mem[X,0x00000000800011F8] -> 0x0000
[2306] [M]: 0x00000000800011F6 (0x00000013) addi x0, x0, 0x0                        main+2550

mem[X,0x00000000800011FA] -> 0x0013
mem[X,0x00000000800011FC] -> 0x0000
[2307] [M]: 0x00000000800011FA (0x00000013) addi x0, x0, 0x0                        main+2554

clint mtime 0x0000000000000482 (mip.MTI <- 0b1, mip.STI <- 0b0)
mem[X,0x00000000800011FE] -> 0x0001
[2308] [M]: 0x00000000800011FE (0x0001) c.nop                                       main+2558

mem[X,0x0000000080001200] -> 0x0593
mem[X,0x0000000080001202] -> 0x0010
[2309] [M]: 0x0000000080001200 (0x00100593) addi x11, x0, 0x1                       main+2560
x11 <- 0x0000000000000001

clint mtime 0x0000000000000483 (mip.MTI <- 0b1, mip.STI <- 0b0)
mem[X,0x0000000080001204] -> 0x5513
mem[X,0x0000000080001206] -> 0x00C5
[2310] [M]: 0x0000000080001204 (0x00C55513) srli x10, x10, 0xc                      main+2564
x10 <- 0x0000000000080005

mem[X,0x0000000080001208] -> 0x1513
mem[X,0x000000008000120A] -> 0x00A5
[2311] [M]: 0x0000000080001208 (0x00A51513) slli x10, x10, 0xa                      main+2568
x10 <- 0x0000000020001400

clint mtime 0x0000000000000484 (mip.MTI <- 0b1, mip.STI <- 0b0)
mem[X,0x000000008000120C] -> 0x6533
mem[X,0x000000008000120E] -> 0x00B5
[2312] [M]: 0x000000008000120C (0x00B56533) or x10, x10, x11                        main+2572
x10 <- 0x0000000020001401

mem[X,0x0000000080001210] -> 0x0013
mem[X,0x0000000080001212] -> 0x0000
[2313] [M]: 0x0000000080001210 (0x00000013) addi x0, x0, 0x0                        main+2576

clint mtime 0x0000000000000485 (mip.MTI <- 0b1, mip.STI <- 0b0)
mem[X,0x0000000080001214] -> 0x0013
mem[X,0x0000000080001216] -> 0x0000
[2314] [M]: 0x0000000080001214 (0x00000013) addi x0, x0, 0x0                        main+2580

mem[X,0x0000000080001218] -> 0x0013
mem[X,0x000000008000121A] -> 0x0000
[2315] [M]: 0x0000000080001218 (0x00000013) addi x0, x0, 0x0                        main+2584

clint mtime 0x0000000000000486 (mip.MTI <- 0b1, mip.STI <- 0b0)
mem[X,0x000000008000121C] -> 0x0013
mem[X,0x000000008000121E] -> 0x0000
[2316] [M]: 0x000000008000121C (0x00000013) addi x0, x0, 0x0                        main+2588

mem[X,0x0000000080001220] -> 0x5317
mem[X,0x0000000080001222] -> 0x0000
[2317] [M]: 0x0000000080001220 (0x00005317) auipc x6, 0x5                           main+2592
x6 <- 0x0000000080006220

clint mtime 0x0000000000000487 (mip.MTI <- 0b1, mip.STI <- 0b0)
mem[X,0x0000000080001224] -> 0x0313
mem[X,0x0000000080001226] -> 0xDE03
[2318] [M]: 0x0000000080001224 (0xDE030313) addi x6, x6, -0x220                     main+2596
x6 <- 0x0000000080006000

mem[X,0x0000000080001228] -> 0x0001
[2319] [M]: 0x0000000080001228 (0x0001) c.nop                                       main+2600

clint mtime 0x0000000000000488 (mip.MTI <- 0b1, mip.STI <- 0b0)
mem[X,0x000000008000122A] -> 0x0013
mem[X,0x000000008000122C] -> 0x0000
[2320] [M]: 0x000000008000122A (0x00000013) addi x0, x0, 0x0                        main+2602

mem[X,0x000000008000122E] -> 0x0013
mem[X,0x0000000080001230] -> 0x0000
[2321] [M]: 0x000000008000122E (0x00000013) addi x0, x0, 0x0                        main+2606

clint mtime 0x0000000000000489 (mip.MTI <- 0b1, mip.STI <- 0b0)
mem[X,0x0000000080001232] -> 0x0013
mem[X,0x0000000080001234] -> 0x0000
[2322] [M]: 0x0000000080001232 (0x00000013) addi x0, x0, 0x0                        main+2610

mem[X,0x0000000080001236] -> 0x0013
mem[X,0x0000000080001238] -> 0x0000
[2323] [M]: 0x0000000080001236 (0x00000013) addi x0, x0, 0x0                        main+2614

clint mtime 0x000000000000048A (mip.MTI <- 0b1, mip.STI <- 0b0)
mem[X,0x000000008000123A] -> 0x0013
mem[X,0x000000008000123C] -> 0x0000
[2324] [M]: 0x000000008000123A (0x00000013) addi x0, x0, 0x0                        main+2618

mem[X,0x000000008000123E] -> 0x0001
[2325] [M]: 0x000000008000123E (0x0001) c.nop                                       main+2622

clint mtime 0x000000000000048B (mip.MTI <- 0b1, mip.STI <- 0b0)
mem[X,0x0000000080001240] -> 0x0293
mem[X,0x0000000080001242] -> 0x0000
[2326] [M]: 0x0000000080001240 (0x00000293) addi x5, x0, 0x0                        main+2624
x5 <- 0x0000000000000000

mem[X,0x0000000080001244] -> 0x0333
mem[X,0x0000000080001246] -> 0x0053
[2327] [M]: 0x0000000080001244 (0x00530333) add x6, x6, x5                          main+2628
x6 <- 0x0000000080006000

clint mtime 0x000000000000048C (mip.MTI <- 0b1, mip.STI <- 0b0)
mem[X,0x0000000080001248] -> 0x3023
mem[X,0x000000008000124A] -> 0x00A3
[2328] [M]: 0x0000000080001248 (0x00A33023) sd x10, 0x0(x6)                         main+2632
mem[W,0x0000000080006000] <- 0x0000000020001401

mem[X,0x000000008000124C] -> 0x0013
mem[X,0x000000008000124E] -> 0x0000
[2329] [M]: 0x000000008000124C (0x00000013) addi x0, x0, 0x0                        main+2636

clint mtime 0x000000000000048D (mip.MTI <- 0b1, mip.STI <- 0b0)
mem[X,0x0000000080001250] -> 0x0013
mem[X,0x0000000080001252] -> 0x0000
[2330] [M]: 0x0000000080001250 (0x00000013) addi x0, x0, 0x0                        main+2640

mem[X,0x0000000080001254] -> 0x0013
mem[X,0x0000000080001256] -> 0x0000
[2331] [M]: 0x0000000080001254 (0x00000013) addi x0, x0, 0x0                        main+2644

clint mtime 0x000000000000048E (mip.MTI <- 0b1, mip.STI <- 0b0)
mem[X,0x0000000080001258] -> 0x0013
mem[X,0x000000008000125A] -> 0x0000
[2332] [M]: 0x0000000080001258 (0x00000013) addi x0, x0, 0x0                        main+2648

mem[X,0x000000008000125C] -> 0x0013
mem[X,0x000000008000125E] -> 0x0000
[2333] [M]: 0x000000008000125C (0x00000013) addi x0, x0, 0x0                        main+2652

clint mtime 0x000000000000048F (mip.MTI <- 0b1, mip.STI <- 0b0)
mem[X,0x0000000080001260] -> 0xF517
mem[X,0x0000000080001262] -> 0xFFFF
[2334] [M]: 0x0000000080001260 (0xFFFFF517) auipc x10, -0x1                         main+2656
x10 <- 0x0000000080000260

mem[X,0x0000000080001264] -> 0x0513
mem[X,0x0000000080001266] -> 0x1A05
[2335] [M]: 0x0000000080001264 (0x1A050513) addi x10, x10, 0x1a0                    main+2660
x10 <- 0x0000000080000400

clint mtime 0x0000000000000490 (mip.MTI <- 0b1, mip.STI <- 0b0)
mem[X,0x0000000080001268] -> 0x0001
[2336] [M]: 0x0000000080001268 (0x0001) c.nop                                       main+2664

mem[X,0x000000008000126A] -> 0x0013
mem[X,0x000000008000126C] -> 0x0000
[2337] [M]: 0x000000008000126A (0x00000013) addi x0, x0, 0x0                        main+2666

clint mtime 0x0000000000000491 (mip.MTI <- 0b1, mip.STI <- 0b0)
mem[X,0x000000008000126E] -> 0x0013
mem[X,0x0000000080001270] -> 0x0000
[2338] [M]: 0x000000008000126E (0x00000013) addi x0, x0, 0x0                        main+2670

mem[X,0x0000000080001272] -> 0x0013
mem[X,0x0000000080001274] -> 0x0000
[2339] [M]: 0x0000000080001272 (0x00000013) addi x0, x0, 0x0                        main+2674

clint mtime 0x0000000000000492 (mip.MTI <- 0b1, mip.STI <- 0b0)
mem[X,0x0000000080001276] -> 0x0013
mem[X,0x0000000080001278] -> 0x0000
[2340] [M]: 0x0000000080001276 (0x00000013) addi x0, x0, 0x0                        main+2678

mem[X,0x000000008000127A] -> 0x0013
mem[X,0x000000008000127C] -> 0x0000
[2341] [M]: 0x000000008000127A (0x00000013) addi x0, x0, 0x0                        main+2682

clint mtime 0x0000000000000493 (mip.MTI <- 0b1, mip.STI <- 0b0)
mem[X,0x000000008000127E] -> 0x0001
[2342] [M]: 0x000000008000127E (0x0001) c.nop                                       main+2686

mem[X,0x0000000080001280] -> 0x0593
mem[X,0x0000000080001282] -> 0x0DF0
[2343] [M]: 0x0000000080001280 (0x0DF00593) addi x11, x0, 0xdf                      main+2688
x11 <- 0x00000000000000DF

clint mtime 0x0000000000000494 (mip.MTI <- 0b1, mip.STI <- 0b0)
mem[X,0x0000000080001284] -> 0x5513
mem[X,0x0000000080001286] -> 0x00C5
[2344] [M]: 0x0000000080001284 (0x00C55513) srli x10, x10, 0xc                      main+2692
x10 <- 0x0000000000080000

mem[X,0x0000000080001288] -> 0x1513
mem[X,0x000000008000128A] -> 0x00A5
[2345] [M]: 0x0000000080001288 (0x00A51513) slli x10, x10, 0xa                      main+2696
x10 <- 0x0000000020000000

clint mtime 0x0000000000000495 (mip.MTI <- 0b1, mip.STI <- 0b0)
mem[X,0x000000008000128C] -> 0x6533
mem[X,0x000000008000128E] -> 0x00B5
[2346] [M]: 0x000000008000128C (0x00B56533) or x10, x10, x11                        main+2700
x10 <- 0x00000000200000DF

mem[X,0x0000000080001290] -> 0x0013
mem[X,0x0000000080001292] -> 0x0000
[2347] [M]: 0x0000000080001290 (0x00000013) addi x0, x0, 0x0                        main+2704

clint mtime 0x0000000000000496 (mip.MTI <- 0b1, mip.STI <- 0b0)
mem[X,0x0000000080001294] -> 0x0013
mem[X,0x0000000080001296] -> 0x0000
[2348] [M]: 0x0000000080001294 (0x00000013) addi x0, x0, 0x0                        main+2708

mem[X,0x0000000080001298] -> 0x0013
mem[X,0x000000008000129A] -> 0x0000
[2349] [M]: 0x0000000080001298 (0x00000013) addi x0, x0, 0x0                        main+2712

clint mtime 0x0000000000000497 (mip.MTI <- 0b1, mip.STI <- 0b0)
mem[X,0x000000008000129C] -> 0x0013
mem[X,0x000000008000129E] -> 0x0000
[2350] [M]: 0x000000008000129C (0x00000013) addi x0, x0, 0x0                        main+2716

mem[X,0x00000000800012A0] -> 0x4317
mem[X,0x00000000800012A2] -> 0x0000
[2351] [M]: 0x00000000800012A0 (0x00004317) auipc x6, 0x4                           main+2720
x6 <- 0x00000000800052A0

clint mtime 0x0000000000000498 (mip.MTI <- 0b1, mip.STI <- 0b0)
mem[X,0x00000000800012A4] -> 0x0313
mem[X,0x00000000800012A6] -> 0xD603
[2352] [M]: 0x00000000800012A4 (0xD6030313) addi x6, x6, -0x2a0                     main+2724
x6 <- 0x0000000080005000

mem[X,0x00000000800012A8] -> 0x0001
[2353] [M]: 0x00000000800012A8 (0x0001) c.nop                                       main+2728

clint mtime 0x0000000000000499 (mip.MTI <- 0b1, mip.STI <- 0b0)
mem[X,0x00000000800012AA] -> 0x0013
mem[X,0x00000000800012AC] -> 0x0000
[2354] [M]: 0x00000000800012AA (0x00000013) addi x0, x0, 0x0                        main+2730

mem[X,0x00000000800012AE] -> 0x0013
mem[X,0x00000000800012B0] -> 0x0000
[2355] [M]: 0x00000000800012AE (0x00000013) addi x0, x0, 0x0                        main+2734

clint mtime 0x000000000000049A (mip.MTI <- 0b1, mip.STI <- 0b0)
mem[X,0x00000000800012B2] -> 0x0013
mem[X,0x00000000800012B4] -> 0x0000
[2356] [M]: 0x00000000800012B2 (0x00000013) addi x0, x0, 0x0                        main+2738

mem[X,0x00000000800012B6] -> 0x0013
mem[X,0x00000000800012B8] -> 0x0000
[2357] [M]: 0x00000000800012B6 (0x00000013) addi x0, x0, 0x0                        main+2742

clint mtime 0x000000000000049B (mip.MTI <- 0b1, mip.STI <- 0b0)
mem[X,0x00000000800012BA] -> 0x0013
mem[X,0x00000000800012BC] -> 0x0000
[2358] [M]: 0x00000000800012BA (0x00000013) addi x0, x0, 0x0                        main+2746

mem[X,0x00000000800012BE] -> 0x0001
[2359] [M]: 0x00000000800012BE (0x0001) c.nop                                       main+2750

clint mtime 0x000000000000049C (mip.MTI <- 0b1, mip.STI <- 0b0)
mem[X,0x00000000800012C0] -> 0x0293
mem[X,0x00000000800012C2] -> 0x0000
[2360] [M]: 0x00000000800012C0 (0x00000293) addi x5, x0, 0x0                        main+2752
x5 <- 0x0000000000000000

mem[X,0x00000000800012C4] -> 0x0333
mem[X,0x00000000800012C6] -> 0x0053
[2361] [M]: 0x00000000800012C4 (0x00530333) add x6, x6, x5                          main+2756
x6 <- 0x0000000080005000

clint mtime 0x000000000000049D (mip.MTI <- 0b1, mip.STI <- 0b0)
mem[X,0x00000000800012C8] -> 0x3023
mem[X,0x00000000800012CA] -> 0x00A3
[2362] [M]: 0x00000000800012C8 (0x00A33023) sd x10, 0x0(x6)                         main+2760
mem[W,0x0000000080005000] <- 0x00000000200000DF

mem[X,0x00000000800012CC] -> 0x0073
mem[X,0x00000000800012CE] -> 0x1200
[2363] [M]: 0x00000000800012CC (0x12000073) sfence.vma x0, x0                       main+2764

clint mtime 0x000000000000049E (mip.MTI <- 0b1, mip.STI <- 0b0)
mem[X,0x00000000800012D0] -> 0x0493
mem[X,0x00000000800012D2] -> 0x0010
[2364] [M]: 0x00000000800012D0 (0x00100493) addi x9, x0, 0x1                        main+2768
x9 <- 0x0000000000000001

mem[X,0x00000000800012D4] -> 0x9493
mem[X,0x00000000800012D6] -> 0x00B4
[2365] [M]: 0x00000000800012D4 (0x00B49493) slli x9, x9, 0xb                        main+2772
x9 <- 0x0000000000000800

clint mtime 0x000000000000049F (mip.MTI <- 0b1, mip.STI <- 0b0)
mem[X,0x00000000800012D8] -> 0xB073
mem[X,0x00000000800012DA] -> 0x3004
[2366] [M]: 0x00000000800012D8 (0x3004B073) csrrc x0, mstatus, x9                   main+2776
CSR mstatus (0x300) <- 0x0000000A00000000

mem[X,0x00000000800012DC] -> 0x23F3
mem[X,0x00000000800012DE] -> 0x3400
[2367] [M]: 0x00000000800012DC (0x340023F3) csrrs x7, mscratch, x0                  main+2780
CSR mscratch (0x340) -> 0x0000000080004000
x7 <- 0x0000000080004000

clint mtime 0x00000000000004A0 (mip.MTI <- 0b1, mip.STI <- 0b0)
mem[X,0x00000000800012E0] -> 0xB303
mem[X,0x00000000800012E2] -> 0x4703
[2368] [M]: 0x00000000800012E0 (0x4703B303) ld x6, 0x470(x7)                        main+2784
mem[R,0x0000000080004470] -> 0xFFFFFF00800007BC
x6 <- 0xFFFFFF00800007BC

mem[X,0x00000000800012E4] -> 0xB483
mem[X,0x00000000800012E6] -> 0x1D83
[2369] [M]: 0x00000000800012E4 (0x1D83B483) ld x9, 0x1d8(x7)                        main+2788
mem[R,0x00000000800041D8] -> 0x00000000800007D4
x9 <- 0x00000000800007D4

clint mtime 0x00000000000004A1 (mip.MTI <- 0b1, mip.STI <- 0b0)
mem[X,0x00000000800012E8] -> 0x0333
mem[X,0x00000000800012EA] -> 0x4093
[2370] [M]: 0x00000000800012E8 (0x40930333) sub x6, x6, x9                          main+2792
x6 <- 0xFFFFFEFFFFFFFFE8

mem[X,0x00000000800012EC] -> 0x0313
mem[X,0x00000000800012EE] -> 0x0103
[2371] [M]: 0x00000000800012EC (0x01030313) addi x6, x6, 0x10                       main+2796
x6 <- 0xFFFFFEFFFFFFFFF8

clint mtime 0x00000000000004A2 (mip.MTI <- 0b1, mip.STI <- 0b0)
mem[X,0x00000000800012F0] -> 0x0497
mem[X,0x00000000800012F2] -> 0x0000
[2372] [M]: 0x00000000800012F0 (0x00000497) auipc x9, 0x0                           main+2800
x9 <- 0x00000000800012F0

mem[X,0x00000000800012F4] -> 0x84B3
mem[X,0x00000000800012F6] -> 0x0064
[2373] [M]: 0x00000000800012F4 (0x006484B3) add x9, x9, x6                          main+2804
x9 <- 0xFFFFFF00800012E8

clint mtime 0x00000000000004A3 (mip.MTI <- 0b1, mip.STI <- 0b0)
mem[X,0x00000000800012F8] -> 0x94F3
mem[X,0x00000000800012FA] -> 0x3414
[2374] [M]: 0x00000000800012F8 (0x341494F3) csrrw x9, mepc, x9                      main+2808
CSR mepc (0x341) <- 0xFFFFFF00800012E8
x9 <- 0xFFFFFF008000107C

mem[X,0x00000000800012FC] -> 0x0073
mem[X,0x00000000800012FE] -> 0x3020
[2375] [M]: 0x00000000800012FC (0x30200073) mret                                    main+2812
CSR mstatus (0x300) <- 0x0000000A00000080
ret-ing from M to U

clint mtime 0x00000000000004A4 (mip.MTI <- 0b1, mip.STI <- 0b0)
PTW: Start, vpn=0xff0080001, access_type=X, privilege=Umem[R,0x0000000080008FF0] -> 0x00000000000000DB
PTW: Step, level=3, pte=0xDB, pte_addr=0x80008FF0
PTW: Success, final_ppn=0x80001, level=3mem[X,0x00000000800012E8] -> 0x0333
PTW: Start, vpn=0xff0080001, access_type=X, privilege=Umem[R,0x0000000080008FF0] -> 0x00000000000000DB
PTW: Step, level=3, pte=0xDB, pte_addr=0x80008FF0
PTW: Success, final_ppn=0x80001, level=3mem[X,0x00000000800012EA] -> 0x4093
[2376] [U]: 0xFFFFFF00800012E8 (0x40930333) sub x6, x6, x9                          va_rvtest_code_begin+2860
x6 <- 0xFFFFFFFF7FFFEF7C

PTW: Start, vpn=0xff0080001, access_type=X, privilege=Umem[R,0x0000000080008FF0] -> 0x00000000000000DB
PTW: Step, level=3, pte=0xDB, pte_addr=0x80008FF0
PTW: Success, final_ppn=0x80001, level=3mem[X,0x00000000800012EC] -> 0x0313
PTW: Start, vpn=0xff0080001, access_type=X, privilege=Umem[R,0x0000000080008FF0] -> 0x00000000000000DB
PTW: Step, level=3, pte=0xDB, pte_addr=0x80008FF0
PTW: Success, final_ppn=0x80001, level=3mem[X,0x00000000800012EE] -> 0x0103
[2377] [U]: 0xFFFFFF00800012EC (0x01030313) addi x6, x6, 0x10                       va_rvtest_code_begin+2864
x6 <- 0xFFFFFFFF7FFFEF8C

clint mtime 0x00000000000004A5 (mip.MTI <- 0b1, mip.STI <- 0b0)
PTW: Start, vpn=0xff0080001, access_type=X, privilege=Umem[R,0x0000000080008FF0] -> 0x00000000000000DB
PTW: Step, level=3, pte=0xDB, pte_addr=0x80008FF0
PTW: Success, final_ppn=0x80001, level=3mem[X,0x00000000800012F0] -> 0x0497
PTW: Start, vpn=0xff0080001, access_type=X, privilege=Umem[R,0x0000000080008FF0] -> 0x00000000000000DB
PTW: Step, level=3, pte=0xDB, pte_addr=0x80008FF0
PTW: Success, final_ppn=0x80001, level=3mem[X,0x00000000800012F2] -> 0x0000
[2378] [U]: 0xFFFFFF00800012F0 (0x00000497) auipc x9, 0x0                           va_rvtest_code_begin+2868
x9 <- 0xFFFFFF00800012F0

PTW: Start, vpn=0xff0080001, access_type=X, privilege=Umem[R,0x0000000080008FF0] -> 0x00000000000000DB
PTW: Step, level=3, pte=0xDB, pte_addr=0x80008FF0
PTW: Success, final_ppn=0x80001, level=3mem[X,0x00000000800012F4] -> 0x84B3
PTW: Start, vpn=0xff0080001, access_type=X, privilege=Umem[R,0x0000000080008FF0] -> 0x00000000000000DB
PTW: Step, level=3, pte=0xDB, pte_addr=0x80008FF0
PTW: Success, final_ppn=0x80001, level=3mem[X,0x00000000800012F6] -> 0x0064
[2379] [U]: 0xFFFFFF00800012F4 (0x006484B3) add x9, x9, x6                          va_rvtest_code_begin+2872
x9 <- 0xFFFFFF000000027C

clint mtime 0x00000000000004A6 (mip.MTI <- 0b1, mip.STI <- 0b0)
PTW: Start, vpn=0xff0080001, access_type=X, privilege=Umem[R,0x0000000080008FF0] -> 0x00000000000000DB
PTW: Step, level=3, pte=0xDB, pte_addr=0x80008FF0
PTW: Success, final_ppn=0x80001, level=3mem[X,0x00000000800012F8] -> 0x94F3
PTW: Start, vpn=0xff0080001, access_type=X, privilege=Umem[R,0x0000000080008FF0] -> 0x00000000000000DB
PTW: Step, level=3, pte=0xDB, pte_addr=0x80008FF0
PTW: Success, final_ppn=0x80001, level=3mem[X,0x00000000800012FA] -> 0x3414
[2380] [U]: 0xFFFFFF00800012F8 (0x341494F3) csrrw x9, mepc, x9                      va_rvtest_code_begin+2876
trapping from U to M to handle illegal-instruction
handling exc#illegal-instruction at priv M with tval 0x00000000341494F3
CSR mstatus (0x300) <- 0x0000000A00000000
CSR mcause (0x342) <- 0x0000000000000002
CSR mtval (0x343) <- 0x00000000341494F3
CSR mepc (0x341) <- 0xFFFFFF00800012F8

mem[X,0x0000000080001480] -> 0x006F
mem[X,0x0000000080001482] -> 0x1000
[2381] [M]: 0x0000000080001480 (0x1000006F) jal x0, 0x100                           Mtrampoline+0

clint mtime 0x00000000000004A7 (mip.MTI <- 0b1, mip.STI <- 0b0)
mem[X,0x0000000080001580] -> 0x1173
mem[X,0x0000000080001582] -> 0x3401
[2382] [M]: 0x0000000080001580 (0x34011173) csrrw x2, mscratch, x2                  trap_Mhandler+0
CSR mscratch (0x340) <- 0x0000000000000000
x2 <- 0x0000000080004000

mem[X,0x0000000080001584] -> 0x3423
mem[X,0x0000000080001586] -> 0x28B1
[2383] [M]: 0x0000000080001584 (0x28B13423) sd x11, 0x288(x2)                       trap_Mhandler+4
mem[W,0x0000000080004288] <- 0x00000000000000DF

clint mtime 0x00000000000004A8 (mip.MTI <- 0b1, mip.STI <- 0b0)
mem[X,0x0000000080001588] -> 0x05EF
mem[X,0x000000008000158A] -> 0x0B80
[2384] [M]: 0x0000000080001588 (0x0B8005EF) jal x11, 0xb8                           trap_Mhandler+8
x11 <- 0x000000008000158C

mem[X,0x0000000080001640] -> 0x3023
mem[X,0x0000000080001642] -> 0x28A1
[2385] [M]: 0x0000000080001640 (0x28A13023) sd x10, 0x280(x2)                       common_Mhandler+0
mem[W,0x0000000080004280] <- 0x00000000200000DF

clint mtime 0x00000000000004A9 (mip.MTI <- 0b1, mip.STI <- 0b0)
mem[X,0x0000000080001644] -> 0x1573
mem[X,0x0000000080001646] -> 0x3401
[2386] [M]: 0x0000000080001644 (0x34011573) csrrw x10, mscratch, x2                 common_Mhandler+4
CSR mscratch (0x340) <- 0x0000000080004000
x10 <- 0x0000000000000000

mem[X,0x0000000080001648] -> 0x3823
mem[X,0x000000008000164A] -> 0x28A1
[2387] [M]: 0x0000000080001648 (0x28A13823) sd x10, 0x290(x2)                       common_Mhandler+8
mem[W,0x0000000080004290] <- 0x0000000000000000

clint mtime 0x00000000000004AA (mip.MTI <- 0b1, mip.STI <- 0b0)
mem[X,0x000000008000164C] -> 0x3503
mem[X,0x000000008000164E] -> 0x2301
[2388] [M]: 0x000000008000164C (0x23013503) ld x10, 0x230(x2)                       common_Mhandler+12
mem[R,0x0000000080004230] -> 0x0000000080001654
x10 <- 0x0000000080001654

mem[X,0x0000000080001650] -> 0x0067
mem[X,0x0000000080001652] -> 0x0005
[2389] [M]: 0x0000000080001650 (0x00050067) jalr x0, 0x0(x10)                       common_Mhandler+16

clint mtime 0x00000000000004AB (mip.MTI <- 0b1, mip.STI <- 0b0)
mem[X,0x0000000080001654] -> 0x3C23
mem[X,0x0000000080001656] -> 0x2691
[2390] [M]: 0x0000000080001654 (0x26913C23) sd x9, 0x278(x2)                        common_Mentry+0
mem[W,0x0000000080004278] <- 0xFFFFFF000000027C

mem[X,0x0000000080001658] -> 0x3823
mem[X,0x000000008000165A] -> 0x2681
[2391] [M]: 0x0000000080001658 (0x26813823) sd x8, 0x270(x2)                        common_Mentry+4
mem[W,0x0000000080004270] <- 0x0000000000007F76

clint mtime 0x00000000000004AC (mip.MTI <- 0b1, mip.STI <- 0b0)
mem[X,0x000000008000165C] -> 0x3423
mem[X,0x000000008000165E] -> 0x2671
[2392] [M]: 0x000000008000165C (0x26713423) sd x7, 0x268(x2)                        common_Mentry+8
mem[W,0x0000000080004268] <- 0x0000000080004000

mem[X,0x0000000080001660] -> 0x3023
mem[X,0x0000000080001662] -> 0x2661
[2393] [M]: 0x0000000080001660 (0x26613023) sd x6, 0x260(x2)                        common_Mentry+12
mem[W,0x0000000080004260] <- 0xFFFFFFFF7FFFEF8C

clint mtime 0x00000000000004AD (mip.MTI <- 0b1, mip.STI <- 0b0)
mem[X,0x0000000080001664] -> 0x2573
mem[X,0x0000000080001666] -> 0x3420
[2394] [M]: 0x0000000080001664 (0x34202573) csrrs x10, mcause, x0                   spcl_M2mmode_test+0
CSR mcause (0x342) -> 0x0000000000000002
x10 <- 0x0000000000000002

mem[X,0x0000000080001668] -> 0x04B7
mem[X,0x000000008000166A] -> 0x8000
[2395] [M]: 0x0000000080001668 (0x800004B7) lui x9, -0x80000                        spcl_M2mmode_test+4
x9 <- 0xFFFFFFFF80000000

clint mtime 0x00000000000004AE (mip.MTI <- 0b1, mip.STI <- 0b0)
mem[X,0x000000008000166C] -> 0x8493
mem[X,0x000000008000166E] -> 0x0004
[2396] [M]: 0x000000008000166C (0x00048493) addi x9, x9, 0x0                        spcl_M2mmode_test+8
x9 <- 0xFFFFFFFF80000000

mem[X,0x0000000080001670] -> 0x9493
mem[X,0x0000000080001672] -> 0x00B4
[2397] [M]: 0x0000000080001670 (0x00B49493) slli x9, x9, 0xb                        spcl_M2mmode_test+12
x9 <- 0xFFFFFC0000000000

clint mtime 0x00000000000004AF (mip.MTI <- 0b1, mip.STI <- 0b0)
mem[X,0x0000000080001674] -> 0x8493
mem[X,0x0000000080001676] -> 0x0004
[2398] [M]: 0x0000000080001674 (0x00048493) addi x9, x9, 0x0                        spcl_M2mmode_test+16
x9 <- 0xFFFFFC0000000000

mem[X,0x0000000080001678] -> 0x9493
mem[X,0x000000008000167A] -> 0x00B4
[2399] [M]: 0x0000000080001678 (0x00B49493) slli x9, x9, 0xb                        spcl_M2mmode_test+20
x9 <- 0xFFE0000000000000

clint mtime 0x00000000000004B0 (mip.MTI <- 0b1, mip.STI <- 0b0)
mem[X,0x000000008000167C] -> 0x8493
mem[X,0x000000008000167E] -> 0x0034
[2400] [M]: 0x000000008000167C (0x00348493) addi x9, x9, 0x3                        spcl_M2mmode_test+24
x9 <- 0xFFE0000000000003

mem[X,0x0000000080001680] -> 0x9493
mem[X,0x0000000080001682] -> 0x00A4
[2401] [M]: 0x0000000080001680 (0x00A49493) slli x9, x9, 0xa                        spcl_M2mmode_test+28
x9 <- 0x8000000000000C00

clint mtime 0x00000000000004B1 (mip.MTI <- 0b1, mip.STI <- 0b0)
mem[X,0x0000000080001684] -> 0x8493
mem[X,0x0000000080001686] -> 0x3FC4
[2402] [M]: 0x0000000080001684 (0x3FC48493) addi x9, x9, 0x3fc                      spcl_M2mmode_test+32
x9 <- 0x8000000000000FFC

mem[X,0x0000000080001688] -> 0xF4B3
mem[X,0x000000008000168A] -> 0x00A4
[2403] [M]: 0x0000000080001688 (0x00A4F4B3) and x9, x9, x10                         spcl_M2mmode_test+36
x9 <- 0x0000000000000000

clint mtime 0x00000000000004B2 (mip.MTI <- 0b1, mip.STI <- 0b0)
mem[X,0x000000008000168C] -> 0x8493
mem[X,0x000000008000168E] -> 0xFF84
[2404] [M]: 0x000000008000168C (0xFF848493) addi x9, x9, -0x8                       spcl_M2mmode_test+40
x9 <- 0xFFFFFFFFFFFFFFF8

mem[X,0x0000000080001690] -> 0x9663
mem[X,0x0000000080001692] -> 0x0004
[2405] [M]: 0x0000000080001690 (0x00049663) bne x9, x0, 0xc                         spcl_M2mmode_test+44

clint mtime 0x00000000000004B3 (mip.MTI <- 0b1, mip.STI <- 0b0)
mem[X,0x000000008000169C] -> 0x0393
mem[X,0x000000008000169E] -> 0x0200
[2406] [M]: 0x000000008000169C (0x02000393) addi x7, x0, 0x20                       Mtrapsig_ptr_upd+0
x7 <- 0x0000000000000020

mem[X,0x00000000800016A0] -> 0x5263
mem[X,0x00000000800016A2] -> 0x0405
[2407] [M]: 0x00000000800016A0 (0x04055263) bge x10, x0, 0x44                       Mtrapsig_ptr_upd+4

clint mtime 0x00000000000004B4 (mip.MTI <- 0b1, mip.STI <- 0b0)
mem[X,0x00000000800016E4] -> 0x2373
mem[X,0x00000000800016E6] -> 0x3010
[2408] [M]: 0x00000000800016E4 (0x30102373) csrrs x6, misa, x0                      Mxcpt_sig_sv+0
CSR misa (0x301) -> 0x800000000034112F
x6 <- 0x800000000034112F

mem[X,0x00000000800016E8] -> 0x1313
mem[X,0x00000000800016EA] -> 0x0383
[2409] [M]: 0x00000000800016E8 (0x03831313) slli x6, x6, 0x38                       Mxcpt_sig_sv+4
x6 <- 0x2F00000000000000

clint mtime 0x00000000000004B5 (mip.MTI <- 0b1, mip.STI <- 0b0)
mem[X,0x00000000800016EC] -> 0x5463
mem[X,0x00000000800016EE] -> 0x0003
[2410] [M]: 0x00000000800016EC (0x00035463) bge x6, x0, 0x8                         Mxcpt_sig_sv+8

mem[X,0x00000000800016F4] -> 0x3303
mem[X,0x00000000800016F6] -> 0x2181
[2411] [M]: 0x00000000800016F4 (0x21813303) ld x6, 0x218(x2)                        Mtrap_sig_sv+0
mem[R,0x0000000080004218] -> 0x0000000080009498
x6 <- 0x0000000080009498

clint mtime 0x00000000000004B6 (mip.MTI <- 0b1, mip.STI <- 0b0)
mem[X,0x00000000800016F8] -> 0x04B3
mem[X,0x00000000800016FA] -> 0x0073
[2412] [M]: 0x00000000800016F8 (0x007304B3) add x9, x6, x7                          Mtrap_sig_sv+4
x9 <- 0x00000000800094B8

mem[X,0x00000000800016FC] -> 0x3C23
mem[X,0x00000000800016FE] -> 0x2091
[2413] [M]: 0x00000000800016FC (0x20913C23) sd x9, 0x218(x2)                        Mtrap_sig_sv+8
mem[W,0x0000000080004218] <- 0x00000000800094B8

clint mtime 0x00000000000004B7 (mip.MTI <- 0b1, mip.STI <- 0b0)
mem[X,0x0000000080001700] -> 0x3403
mem[X,0x0000000080001702] -> 0x1F81
[2414] [M]: 0x0000000080001700 (0x1F813403) ld x8, 0x1f8(x2)                        Mtrap_sig_sv+12
mem[R,0x00000000800041F8] -> 0x0000000080009110
x8 <- 0x0000000080009110

mem[X,0x0000000080001704] -> 0x0333
mem[X,0x0000000080001706] -> 0x4083
[2415] [M]: 0x0000000080001704 (0x40830333) sub x6, x6, x8                          Mtrap_sig_sv+16
x6 <- 0x0000000000000388

clint mtime 0x00000000000004B8 (mip.MTI <- 0b1, mip.STI <- 0b0)
mem[X,0x0000000080001708] -> 0x3403
mem[X,0x000000008000170A] -> 0x1F81
[2416] [M]: 0x0000000080001708 (0x1F813403) ld x8, 0x1f8(x2)                        Mtrap_sig_sv+20
mem[R,0x00000000800041F8] -> 0x0000000080009110
x8 <- 0x0000000080009110

mem[X,0x000000008000170C] -> 0x0333
mem[X,0x000000008000170E] -> 0x0083
[2417] [M]: 0x000000008000170C (0x00830333) add x6, x6, x8                          Mtrap_sig_sv+24
x6 <- 0x0000000080009498

clint mtime 0x00000000000004B9 (mip.MTI <- 0b1, mip.STI <- 0b0)
mem[X,0x0000000080001710] -> 0x3403
mem[X,0x0000000080001712] -> 0x2401
[2418] [M]: 0x0000000080001710 (0x24013403) ld x8, 0x240(x2)                        Mtrap_sig_sv+28
mem[R,0x0000000080004240] -> 0x0000000080001480
x8 <- 0x0000000080001480

mem[X,0x0000000080001714] -> 0x85B3
mem[X,0x0000000080001716] -> 0x4085
[2419] [M]: 0x0000000080001714 (0x408585B3) sub x11, x11, x8                        sv_Mvect+0
x11 <- 0x000000000000010C

clint mtime 0x00000000000004BA (mip.MTI <- 0b1, mip.STI <- 0b0)
mem[X,0x0000000080001718] -> 0x9593
mem[X,0x000000008000171A] -> 0x0045
[2420] [M]: 0x0000000080001718 (0x00459593) slli x11, x11, 0x4                      sv_Mvect+4
x11 <- 0x00000000000010C0

mem[X,0x000000008000171C] -> 0xE5B3
mem[X,0x000000008000171E] -> 0x0075
[2421] [M]: 0x000000008000171C (0x0075E5B3) or x11, x11, x7                         sv_Mvect+8
x11 <- 0x00000000000010E0

clint mtime 0x00000000000004BB (mip.MTI <- 0b1, mip.STI <- 0b0)
mem[X,0x0000000080001720] -> 0x8593
mem[X,0x0000000080001722] -> 0x0035
[2422] [M]: 0x0000000080001720 (0x00358593) addi x11, x11, 0x3                      sv_Mvect+12
x11 <- 0x00000000000010E3

mem[X,0x0000000080001724] -> 0x3023
mem[X,0x0000000080001726] -> 0x00B3
[2423] [M]: 0x0000000080001724 (0x00B33023) sd x11, 0x0(x6)                         sv_Mvect+16
mem[W,0x0000000080009498] <- 0x00000000000010E3

clint mtime 0x00000000000004BC (mip.MTI <- 0b1, mip.STI <- 0b0)
mem[X,0x0000000080001728] -> 0x3423
mem[X,0x000000008000172A] -> 0x00A3
[2424] [M]: 0x0000000080001728 (0x00A33423) sd x10, 0x8(x6)                         sv_Mcause+0
mem[W,0x00000000800094A0] <- 0x0000000000000002

mem[X,0x000000008000172C] -> 0x4663
mem[X,0x000000008000172E] -> 0x1A05
[2425] [M]: 0x000000008000172C (0x1A054663) blt x10, x0, 0x1ac                      sv_Mcause+4

clint mtime 0x00000000000004BD (mip.MTI <- 0b1, mip.STI <- 0b0)
mem[X,0x0000000080001730] -> 0x25F3
mem[X,0x0000000080001732] -> 0x3000
[2426] [M]: 0x0000000080001730 (0x300025F3) csrrs x11, mstatus, x0                  common_Mexcpt_handler+0
CSR mstatus (0x300) -> 0x0000000A00000000
x11 <- 0x0000000A00000000

mem[X,0x0000000080001734] -> 0x9413
mem[X,0x0000000080001736] -> 0x02E5
[2427] [M]: 0x0000000080001734 (0x02E59413) slli x8, x11, 0x2e                      common_Mexcpt_handler+4
x8 <- 0x0000000000000000

clint mtime 0x00000000000004BE (mip.MTI <- 0b1, mip.STI <- 0b0)
mem[X,0x0000000080001738] -> 0x5463
mem[X,0x000000008000173A] -> 0x0004
[2428] [M]: 0x0000000080001738 (0x00045463) bge x8, x0, 0x8                         common_Mexcpt_handler+8

mem[X,0x0000000080001740] -> 0xD493
mem[X,0x0000000080001742] -> 0x00B5
[2429] [M]: 0x0000000080001740 (0x00B5D493) srli x9, x11, 0xb                       common_Mexcpt_handler+16
x9 <- 0x0000000001400000

clint mtime 0x00000000000004BF (mip.MTI <- 0b1, mip.STI <- 0b0)
mem[X,0x0000000080001744] -> 0xF493
mem[X,0x0000000080001746] -> 0x0034
[2430] [M]: 0x0000000080001744 (0x0034F493) andi x9, x9, 0x3                        common_Mexcpt_handler+20
x9 <- 0x0000000000000000

mem[X,0x0000000080001748] -> 0x8493
mem[X,0x000000008000174A] -> 0x0014
[2431] [M]: 0x0000000080001748 (0x00148493) addi x9, x9, 0x1                        common_Mexcpt_handler+24
x9 <- 0x0000000000000001

clint mtime 0x00000000000004C0 (mip.MTI <- 0b1, mip.STI <- 0b0)
mem[X,0x000000008000174C] -> 0xF493
mem[X,0x000000008000174E] -> 0x0044
[2432] [M]: 0x000000008000174C (0x0044F493) andi x9, x9, 0x4                        common_Mexcpt_handler+28
x9 <- 0x0000000000000000

mem[X,0x0000000080001750] -> 0x0593
mem[X,0x0000000080001752] -> 0x05D0
[2433] [M]: 0x0000000080001750 (0x05D00593) addi x11, x0, 0x5d                      common_Mexcpt_handler+32
x11 <- 0x000000000000005D

clint mtime 0x00000000000004C1 (mip.MTI <- 0b1, mip.STI <- 0b0)
mem[X,0x0000000080001754] -> 0xD5B3
mem[X,0x0000000080001756] -> 0x0095
[2434] [M]: 0x0000000080001754 (0x0095D5B3) srl x11, x11, x9                        common_Mexcpt_handler+36
x11 <- 0x000000000000005D

mem[X,0x0000000080001758] -> 0xF593
mem[X,0x000000008000175A] -> 0x0015
[2435] [M]: 0x0000000080001758 (0x0015F593) andi x11, x11, 0x1                      common_Mexcpt_handler+40
x11 <- 0x0000000000000001

clint mtime 0x00000000000004C2 (mip.MTI <- 0b1, mip.STI <- 0b0)
mem[X,0x000000008000175C] -> 0x8EE3
mem[X,0x000000008000175E] -> 0xF405
[2436] [M]: 0x000000008000175C (0xF4058EE3) beq x11, x0, -0xa4                      common_Mexcpt_handler+44

mem[X,0x0000000080001760] -> 0x0593
mem[X,0x0000000080001762] -> 0x2980
[2437] [M]: 0x0000000080001760 (0x29800593) addi x11, x0, 0x298                     common_Mexcpt_handler+48
x11 <- 0x0000000000000298

clint mtime 0x00000000000004C3 (mip.MTI <- 0b1, mip.STI <- 0b0)
mem[X,0x0000000080001764] -> 0xF413
mem[X,0x0000000080001766] -> 0x0014
[2438] [M]: 0x0000000080001764 (0x0014F413) andi x8, x9, 0x1                        common_Mexcpt_handler+52
x8 <- 0x0000000000000000

mem[X,0x0000000080001768] -> 0x95B3
mem[X,0x000000008000176A] -> 0x0085
[2439] [M]: 0x0000000080001768 (0x008595B3) sll x11, x11, x8                        common_Mexcpt_handler+56
x11 <- 0x0000000000000298

clint mtime 0x00000000000004C4 (mip.MTI <- 0b1, mip.STI <- 0b0)
mem[X,0x000000008000176C] -> 0x9413
mem[X,0x000000008000176E] -> 0x03D4
[2440] [M]: 0x000000008000176C (0x03D49413) slli x8, x9, 0x3d                       common_Mexcpt_handler+60
x8 <- 0x0000000000000000

mem[X,0x0000000080001770] -> 0x5413
mem[X,0x0000000080001772] -> 0x43F4
[2441] [M]: 0x0000000080001770 (0x43F45413) srai x8, x8, 0x3f                       common_Mexcpt_handler+64
x8 <- 0x0000000000000000

clint mtime 0x00000000000004C5 (mip.MTI <- 0b1, mip.STI <- 0b0)
mem[X,0x0000000080001774] -> 0x4413
mem[X,0x0000000080001776] -> 0xFFF4
[2442] [M]: 0x0000000080001774 (0xFFF44413) xori x8, x8, -0x1                       common_Mexcpt_handler+68
x8 <- 0xFFFFFFFFFFFFFFFF

mem[X,0x0000000080001778] -> 0xF4B3
mem[X,0x000000008000177A] -> 0x0085
[2443] [M]: 0x0000000080001778 (0x0085F4B3) and x9, x11, x8                         common_Mexcpt_handler+72
x9 <- 0x0000000000000298

clint mtime 0x00000000000004C6 (mip.MTI <- 0b1, mip.STI <- 0b0)
mem[X,0x000000008000177C] -> 0x84B3
mem[X,0x000000008000177E] -> 0x0024
[2444] [M]: 0x000000008000177C (0x002484B3) add x9, x9, x2                          vmem_adj_Mepc+0
x9 <- 0x0000000080004298

mem[X,0x0000000080001780] -> 0x23F3
mem[X,0x0000000080001782] -> 0x3410
[2445] [M]: 0x0000000080001780 (0x341023F3) csrrs x7, mepc, x0                      vmem_adj_Mepc+4
CSR mepc (0x341) -> 0xFFFFFF00800012F8
x7 <- 0xFFFFFF00800012F8

clint mtime 0x00000000000004C7 (mip.MTI <- 0b1, mip.STI <- 0b0)
mem[X,0x0000000080001784] -> 0x0413
mem[X,0x0000000080001786] -> 0x0004
[2446] [M]: 0x0000000080001784 (0x00040413) addi x8, x8, 0x0                        vmem_adj_Mepc+8
x8 <- 0xFFFFFFFFFFFFFFFF

mem[X,0x0000000080001788] -> 0x006F
mem[X,0x000000008000178A] -> 0x0400
[2447] [M]: 0x0000000080001788 (0x0400006F) jal x0, 0x40                            vmem_adj_Mepc+12

clint mtime 0x00000000000004C8 (mip.MTI <- 0b1, mip.STI <- 0b0)
mem[X,0x00000000800017C8] -> 0x8433
mem[X,0x00000000800017CA] -> 0x4083
[2448] [M]: 0x00000000800017C8 (0x40838433) sub x8, x7, x8                          adj_Mepc+0
x8 <- 0xFFFFFF00800012F9

mem[X,0x00000000800017CC] -> 0x3823
mem[X,0x00000000800017CE] -> 0x0083
[2449] [M]: 0x00000000800017CC (0x00833823) sd x8, 0x10(x6)                         sv_Mepc+0
mem[W,0x00000000800094A8] <- 0xFFFFFF00800012F9

clint mtime 0x00000000000004C9 (mip.MTI <- 0b1, mip.STI <- 0b0)
mem[X,0x00000000800017D0] -> 0x55B7
mem[X,0x00000000800017D2] -> 0x0000
[2450] [M]: 0x00000000800017D0 (0x000055B7) lui x11, 0x5                            sv_Mepc+4
x11 <- 0x0000000000005000

mem[X,0x00000000800017D4] -> 0x8593
mem[X,0x00000000800017D6] -> 0x6675
[2451] [M]: 0x00000000800017D4 (0x66758593) addi x11, x11, 0x667                    sv_Mepc+8
x11 <- 0x0000000000005667

clint mtime 0x00000000000004CA (mip.MTI <- 0b1, mip.STI <- 0b0)
mem[X,0x00000000800017D8] -> 0x9593
mem[X,0x00000000800017DA] -> 0x0015
[2452] [M]: 0x00000000800017D8 (0x00159593) slli x11, x11, 0x1                      sv_Mepc+12
x11 <- 0x000000000000ACCE

mem[X,0x00000000800017DC] -> 0x9063
mem[X,0x00000000800017DE] -> 0x02B1
[2453] [M]: 0x00000000800017DC (0x02B19063) bne x3, x11, 0x20                       sv_Mepc+16

clint mtime 0x00000000000004CB (mip.MTI <- 0b1, mip.STI <- 0b0)
mem[X,0x00000000800017E0] -> 0x2473
mem[X,0x00000000800017E2] -> 0x3420
[2454] [M]: 0x00000000800017E0 (0x34202473) csrrs x8, mcause, x0                    sv_Mepc+20
CSR mcause (0x342) -> 0x0000000000000002
x8 <- 0x0000000000000002

mem[X,0x00000000800017E4] -> 0x0593
mem[X,0x00000000800017E6] -> 0x00C0
[2455] [M]: 0x00000000800017E4 (0x00C00593) addi x11, x0, 0xc                       sv_Mepc+24
x11 <- 0x000000000000000C

clint mtime 0x00000000000004CC (mip.MTI <- 0b1, mip.STI <- 0b0)
mem[X,0x00000000800017E8] -> 0x0663
mem[X,0x00000000800017EA] -> 0x00B4
[2456] [M]: 0x00000000800017E8 (0x00B40663) beq x8, x11, 0xc                        sv_Mepc+28

mem[X,0x00000000800017EC] -> 0x0593
mem[X,0x00000000800017EE] -> 0x0010
[2457] [M]: 0x00000000800017EC (0x00100593) addi x11, x0, 0x1                       sv_Mepc+32
x11 <- 0x0000000000000001

clint mtime 0x00000000000004CD (mip.MTI <- 0b1, mip.STI <- 0b0)
mem[X,0x00000000800017F0] -> 0x1663
mem[X,0x00000000800017F2] -> 0x00B4
[2458] [M]: 0x00000000800017F0 (0x00B41663) bne x8, x11, 0xc                        sv_Mepc+36

mem[X,0x00000000800017FC] -> 0xF593
mem[X,0x00000000800017FE] -> 0xFFC3
[2459] [M]: 0x00000000800017FC (0xFFC3F593) andi x11, x7, -0x4                      adj_Mepc_rtn+0
x11 <- 0xFFFFFF00800012F8

clint mtime 0x00000000000004CE (mip.MTI <- 0b1, mip.STI <- 0b0)
mem[X,0x0000000080001800] -> 0x8593
mem[X,0x0000000080001802] -> 0x0085
[2460] [M]: 0x0000000080001800 (0x00858593) addi x11, x11, 0x8                      adj_Mepc_rtn+4
x11 <- 0xFFFFFF0080001300

mem[X,0x0000000080001804] -> 0x9073
mem[X,0x0000000080001806] -> 0x3415
[2461] [M]: 0x0000000080001804 (0x34159073) csrrw x0, mepc, x11                     adj_Mepc_rtn+8
CSR mepc (0x341) <- 0xFFFFFF0080001300

clint mtime 0x00000000000004CF (mip.MTI <- 0b1, mip.STI <- 0b0)
mem[X,0x0000000080001808] -> 0x23F3
mem[X,0x000000008000180A] -> 0x3430
[2462] [M]: 0x0000000080001808 (0x343023F3) csrrs x7, mtval, x0                     skp_adj_Mepc+0
CSR mtval (0x343) -> 0x00000000341494F3
x7 <- 0x00000000341494F3

mem[X,0x000000008000180C] -> 0x0413
mem[X,0x000000008000180E] -> 0x0004
[2463] [M]: 0x000000008000180C (0x00040413) addi x8, x8, 0x0                        skp_adj_Mepc+4
x8 <- 0x0000000000000002

clint mtime 0x00000000000004D0 (mip.MTI <- 0b1, mip.STI <- 0b0)
mem[X,0x0000000080001810] -> 0x006F
mem[X,0x0000000080001812] -> 0x0840
[2464] [M]: 0x0000000080001810 (0x0840006F) jal x0, 0x84                            skp_adj_Mepc+8

mem[X,0x0000000080001894] -> 0x8433
mem[X,0x0000000080001896] -> 0x4083
[2465] [M]: 0x0000000080001894 (0x40838433) sub x8, x7, x8                          adj_Mtval+0
x8 <- 0x00000000341494F1

clint mtime 0x00000000000004D1 (mip.MTI <- 0b1, mip.STI <- 0b0)
mem[X,0x0000000080001898] -> 0x3C23
mem[X,0x000000008000189A] -> 0x0083
[2466] [M]: 0x0000000080001898 (0x00833C23) sd x8, 0x18(x6)                         sv_Mtval+0
mem[W,0x00000000800094B0] <- 0x00000000341494F1

mem[X,0x000000008000189C] -> 0x3483
mem[X,0x000000008000189E] -> 0x2181
[2467] [M]: 0x000000008000189C (0x21813483) ld x9, 0x218(x2)                        skp_Mtval+0
mem[R,0x0000000080004218] -> 0x00000000800094B8
x9 <- 0x00000000800094B8

clint mtime 0x00000000000004D2 (mip.MTI <- 0b1, mip.STI <- 0b0)
mem[X,0x00000000800018A0] -> 0x3383
mem[X,0x00000000800018A2] -> 0x1F81
[2468] [M]: 0x00000000800018A0 (0x1F813383) ld x7, 0x1f8(x2)                        skp_Mtval+4
mem[R,0x00000000800041F8] -> 0x0000000080009110
x7 <- 0x0000000080009110

mem[X,0x00000000800018A4] -> 0x3303
mem[X,0x00000000800018A6] -> 0x2001
[2469] [M]: 0x00000000800018A4 (0x20013303) ld x6, 0x200(x2)                        skp_Mtval+8
mem[R,0x0000000080004200] -> 0x0000000000000410
x6 <- 0x0000000000000410

clint mtime 0x00000000000004D3 (mip.MTI <- 0b1, mip.STI <- 0b0)
mem[X,0x00000000800018A8] -> 0x0333
mem[X,0x00000000800018AA] -> 0x0073
[2470] [M]: 0x00000000800018A8 (0x00730333) add x6, x6, x7                          skp_Mtval+12
x6 <- 0x0000000080009520

mem[X,0x00000000800018AC] -> 0x6AE3
mem[X,0x00000000800018AE] -> 0xAE93
[2471] [M]: 0x00000000800018AC (0xAE936AE3) bltu x6, x9, -0x50c                     skp_Mtval+16

clint mtime 0x00000000000004D4 (mip.MTI <- 0b1, mip.STI <- 0b0)
mem[X,0x00000000800018B0] -> 0x0393
mem[X,0x00000000800018B2] -> 0x2000
[2472] [M]: 0x00000000800018B0 (0x20000393) addi x7, x0, 0x200                      skp_Mtval+20
x7 <- 0x0000000000000200

mem[X,0x00000000800018B4] -> 0x006F
mem[X,0x00000000800018B6] -> 0x0400
[2473] [M]: 0x00000000800018B4 (0x0400006F) jal x0, 0x40                            skp_Mtval+24

clint mtime 0x00000000000004D5 (mip.MTI <- 0b1, mip.STI <- 0b0)
mem[X,0x00000000800018F4] -> 0x0417
mem[X,0x00000000800018F6] -> 0x0000
[2474] [M]: 0x00000000800018F4 (0x00000417) auipc x8, 0x0                           spcl_Mhandler+0
x8 <- 0x00000000800018F4

mem[X,0x00000000800018F8] -> 0x0413
mem[X,0x00000000800018FA] -> 0x03C4
[2475] [M]: 0x00000000800018F8 (0x03C40413) addi x8, x8, 0x3c                       spcl_Mhandler+4
x8 <- 0x0000000080001930

clint mtime 0x00000000000004D6 (mip.MTI <- 0b1, mip.STI <- 0b0)
mem[X,0x00000000800018FC] -> 0x0433
mem[X,0x00000000800018FE] -> 0x0074
[2476] [M]: 0x00000000800018FC (0x00740433) add x8, x8, x7                          spcl_Mhandler+8
x8 <- 0x0000000080001B30

mem[X,0x0000000080001900] -> 0x1393
mem[X,0x0000000080001902] -> 0x0035
[2477] [M]: 0x0000000080001900 (0x00351393) slli x7, x10, 0x3                       spcl_Mhandler+12
x7 <- 0x0000000000000010

clint mtime 0x00000000000004D7 (mip.MTI <- 0b1, mip.STI <- 0b0)
mem[X,0x0000000080001904] -> 0x0433
mem[X,0x0000000080001906] -> 0x0074
[2478] [M]: 0x0000000080001904 (0x00740433) add x8, x8, x7                          spcl_Mhandler+16
x8 <- 0x0000000080001B40

mem[X,0x0000000080001908] -> 0x7413
mem[X,0x000000008000190A] -> 0xFF84
[2479] [M]: 0x0000000080001908 (0xFF847413) andi x8, x8, -0x8                       spcl_Mhandler+20
x8 <- 0x0000000080001B40

clint mtime 0x00000000000004D8 (mip.MTI <- 0b1, mip.STI <- 0b0)
mem[X,0x000000008000190C] -> 0x3403
mem[X,0x000000008000190E] -> 0x0004
[2480] [M]: 0x000000008000190C (0x00043403) ld x8, 0x0(x8)                          spcl_Mhandler+24
mem[R,0x0000000080001B40] -> 0x0000000000000005
x8 <- 0x0000000000000005

mem[X,0x0000000080001910] -> 0x02E3
mem[X,0x0000000080001912] -> 0xB204
[2481] [M]: 0x0000000080001910 (0xB20402E3) beq x8, x0, -0x4dc                      spcl_Mdispatch_hndling+0

clint mtime 0x00000000000004D9 (mip.MTI <- 0b1, mip.STI <- 0b0)
mem[X,0x0000000080001914] -> 0x1393
mem[X,0x0000000080001916] -> 0x03F4
[2482] [M]: 0x0000000080001914 (0x03F41393) slli x7, x8, 0x3f                       spcl_Mdispatch_hndling+4
x7 <- 0x8000000000000000

mem[X,0x0000000080001918] -> 0xD863
mem[X,0x000000008000191A] -> 0x0003
[2483] [M]: 0x0000000080001918 (0x0003D863) bge x7, x0, 0x10                        spcl_Mdispatch_hndling+8

clint mtime 0x00000000000004DA (mip.MTI <- 0b1, mip.STI <- 0b0)
mem[X,0x000000008000191C] -> 0x5413
mem[X,0x000000008000191E] -> 0x0014
[2484] [M]: 0x000000008000191C (0x00145413) srli x8, x8, 0x1                        spcl_Mdispatch_hndling+12
x8 <- 0x0000000000000002

mem[X,0x0000000080001920] -> 0x0CE3
mem[X,0x0000000080001922] -> 0xF885
[2485] [M]: 0x0000000080001920 (0xF8850CE3) beq x10, x8, -0x68                      spcl_Mdispatch_hndling+16

clint mtime 0x00000000000004DB (mip.MTI <- 0b1, mip.STI <- 0b0)
mem[X,0x00000000800018B8] -> 0x3303
mem[X,0x00000000800018BA] -> 0x2601
[2486] [M]: 0x00000000800018B8 (0x26013303) ld x6, 0x260(x2)                        resto_Mrtn+0
mem[R,0x0000000080004260] -> 0xFFFFFFFF7FFFEF8C
x6 <- 0xFFFFFFFF7FFFEF8C

mem[X,0x00000000800018BC] -> 0x3383
mem[X,0x00000000800018BE] -> 0x2681
[2487] [M]: 0x00000000800018BC (0x26813383) ld x7, 0x268(x2)                        resto_Mrtn+4
mem[R,0x0000000080004268] -> 0x0000000080004000
x7 <- 0x0000000080004000

clint mtime 0x00000000000004DC (mip.MTI <- 0b1, mip.STI <- 0b0)
mem[X,0x00000000800018C0] -> 0x3403
mem[X,0x00000000800018C2] -> 0x2701
[2488] [M]: 0x00000000800018C0 (0x27013403) ld x8, 0x270(x2)                        resto_Mrtn+8
mem[R,0x0000000080004270] -> 0x0000000000007F76
x8 <- 0x0000000000007F76

mem[X,0x00000000800018C4] -> 0x3483
mem[X,0x00000000800018C6] -> 0x2781
[2489] [M]: 0x00000000800018C4 (0x27813483) ld x9, 0x278(x2)                        resto_Mrtn+12
mem[R,0x0000000080004278] -> 0xFFFFFF000000027C
x9 <- 0xFFFFFF000000027C

clint mtime 0x00000000000004DD (mip.MTI <- 0b1, mip.STI <- 0b0)
mem[X,0x00000000800018C8] -> 0x3503
mem[X,0x00000000800018CA] -> 0x2801
[2490] [M]: 0x00000000800018C8 (0x28013503) ld x10, 0x280(x2)                       resto_Mrtn+16
mem[R,0x0000000080004280] -> 0x00000000200000DF
x10 <- 0x00000000200000DF

mem[X,0x00000000800018CC] -> 0x3583
mem[X,0x00000000800018CE] -> 0x2881
[2491] [M]: 0x00000000800018CC (0x28813583) ld x11, 0x288(x2)                       resto_Mrtn+20
mem[R,0x0000000080004288] -> 0x00000000000000DF
x11 <- 0x00000000000000DF

clint mtime 0x00000000000004DE (mip.MTI <- 0b1, mip.STI <- 0b0)
mem[X,0x00000000800018D0] -> 0x3103
mem[X,0x00000000800018D2] -> 0x2901
[2492] [M]: 0x00000000800018D0 (0x29013103) ld x2, 0x290(x2)                        resto_Mrtn+24
mem[R,0x0000000080004290] -> 0x0000000000000000
x2 <- 0x0000000000000000

mem[X,0x00000000800018D4] -> 0x0073
mem[X,0x00000000800018D6] -> 0x3020
[2493] [M]: 0x00000000800018D4 (0x30200073) mret                                    resto_Mrtn+28
CSR mstatus (0x300) <- 0x0000000A00000080
ret-ing from M to U

clint mtime 0x00000000000004DF (mip.MTI <- 0b1, mip.STI <- 0b0)
PTW: Start, vpn=0xff0080001, access_type=X, privilege=Umem[R,0x0000000080008FF0] -> 0x00000000000000DB
PTW: Step, level=3, pte=0xDB, pte_addr=0x80008FF0
PTW: Success, final_ppn=0x80001, level=3mem[X,0x0000000080001300] -> 0x0793
PTW: Start, vpn=0xff0080001, access_type=X, privilege=Umem[R,0x0000000080008FF0] -> 0x00000000000000DB
PTW: Step, level=3, pte=0xDB, pte_addr=0x80008FF0
PTW: Success, final_ppn=0x80001, level=3mem[X,0x0000000080001302] -> 0x4000
[2494] [U]: 0xFFFFFF0080001300 (0x40000793) addi x15, x0, 0x400                     va_rvtest_code_begin+2884
x15 <- 0x0000000000000400

PTW: Start, vpn=0xff0080001, access_type=X, privilege=Umem[R,0x0000000080008FF0] -> 0x00000000000000DB
PTW: Step, level=3, pte=0xDB, pte_addr=0x80008FF0
PTW: Success, final_ppn=0x80001, level=3mem[X,0x0000000080001304] -> 0x0613
PTW: Start, vpn=0xff0080001, access_type=X, privilege=Umem[R,0x0000000080008FF0] -> 0x00000000000000DB
PTW: Step, level=3, pte=0xDB, pte_addr=0x80008FF0
PTW: Success, final_ppn=0x80001, level=3mem[X,0x0000000080001306] -> 0x0106
[2495] [U]: 0xFFFFFF0080001304 (0x01060613) addi x12, x12, 0x10                     va_rvtest_code_begin+2888
x12 <- 0x0000000000000040

clint mtime 0x00000000000004E0 (mip.MTI <- 0b1, mip.STI <- 0b0)
PTW: Start, vpn=0xff0080001, access_type=X, privilege=Umem[R,0x0000000080008FF0] -> 0x00000000000000DB
PTW: Step, level=3, pte=0xDB, pte_addr=0x80008FF0
PTW: Success, final_ppn=0x80001, level=3mem[X,0x0000000080001308] -> 0xAA23
PTW: Start, vpn=0xff0080001, access_type=X, privilege=Umem[R,0x0000000080008FF0] -> 0x00000000000000DB
PTW: Step, level=3, pte=0xDB, pte_addr=0x80008FF0
PTW: Success, final_ppn=0x80001, level=3mem[X,0x000000008000130A] -> 0x00C7
[2496] [U]: 0xFFFFFF0080001308 (0x00C7AA23) sw x12, 0x14(x15)                       va_rvtest_code_begin+2892
PTW: Start, vpn=0x0, access_type=W, privilege=Umem[R,0x0000000080008000] -> 0x0000000020001C01
PTW: Step, level=3, pte=0x20001C01, pte_addr=0x80008000
PTW: Start, vpn=0x0, access_type=W, privilege=Umem[R,0x0000000080007000] -> 0x0000000020001801
PTW: Step, level=2, pte=0x20001801, pte_addr=0x80007000
PTW: Start, vpn=0x0, access_type=W, privilege=Umem[R,0x0000000080006000] -> 0x0000000020001401
PTW: Step, level=1, pte=0x20001401, pte_addr=0x80006000
PTW: Start, vpn=0x0, access_type=W, privilege=UPTW: failed, error=mem-access-error, level=0, pte_addr=0x80005000
trapping from U to M to handle store/amo-access-fault
handling exc#store/amo-access-fault at priv M with tval 0x0000000000000414
CSR mstatus (0x300) <- 0x0000000A00000000
CSR mcause (0x342) <- 0x0000000000000007
CSR mtval (0x343) <- 0x0000000000000414
CSR mepc (0x341) <- 0xFFFFFF0080001308

mem[X,0x0000000080001480] -> 0x006F
mem[X,0x0000000080001482] -> 0x1000
[2497] [M]: 0x0000000080001480 (0x1000006F) jal x0, 0x100                           Mtrampoline+0

clint mtime 0x00000000000004E1 (mip.MTI <- 0b1, mip.STI <- 0b0)
mem[X,0x0000000080001580] -> 0x1173
mem[X,0x0000000080001582] -> 0x3401
[2498] [M]: 0x0000000080001580 (0x34011173) csrrw x2, mscratch, x2                  trap_Mhandler+0
CSR mscratch (0x340) <- 0x0000000000000000
x2 <- 0x0000000080004000

mem[X,0x0000000080001584] -> 0x3423
mem[X,0x0000000080001586] -> 0x28B1
[2499] [M]: 0x0000000080001584 (0x28B13423) sd x11, 0x288(x2)                       trap_Mhandler+4
mem[W,0x0000000080004288] <- 0x00000000000000DF

clint mtime 0x00000000000004E2 (mip.MTI <- 0b1, mip.STI <- 0b0)
mem[X,0x0000000080001588] -> 0x05EF
mem[X,0x000000008000158A] -> 0x0B80
[2500] [M]: 0x0000000080001588 (0x0B8005EF) jal x11, 0xb8                           trap_Mhandler+8
x11 <- 0x000000008000158C

mem[X,0x0000000080001640] -> 0x3023
mem[X,0x0000000080001642] -> 0x28A1
[2501] [M]: 0x0000000080001640 (0x28A13023) sd x10, 0x280(x2)                       common_Mhandler+0
mem[W,0x0000000080004280] <- 0x00000000200000DF

clint mtime 0x00000000000004E3 (mip.MTI <- 0b1, mip.STI <- 0b0)
mem[X,0x0000000080001644] -> 0x1573
mem[X,0x0000000080001646] -> 0x3401
[2502] [M]: 0x0000000080001644 (0x34011573) csrrw x10, mscratch, x2                 common_Mhandler+4
CSR mscratch (0x340) <- 0x0000000080004000
x10 <- 0x0000000000000000

mem[X,0x0000000080001648] -> 0x3823
mem[X,0x000000008000164A] -> 0x28A1
[2503] [M]: 0x0000000080001648 (0x28A13823) sd x10, 0x290(x2)                       common_Mhandler+8
mem[W,0x0000000080004290] <- 0x0000000000000000

clint mtime 0x00000000000004E4 (mip.MTI <- 0b1, mip.STI <- 0b0)
mem[X,0x000000008000164C] -> 0x3503
mem[X,0x000000008000164E] -> 0x2301
[2504] [M]: 0x000000008000164C (0x23013503) ld x10, 0x230(x2)                       common_Mhandler+12
mem[R,0x0000000080004230] -> 0x0000000080001654
x10 <- 0x0000000080001654

mem[X,0x0000000080001650] -> 0x0067
mem[X,0x0000000080001652] -> 0x0005
[2505] [M]: 0x0000000080001650 (0x00050067) jalr x0, 0x0(x10)                       common_Mhandler+16

clint mtime 0x00000000000004E5 (mip.MTI <- 0b1, mip.STI <- 0b0)
mem[X,0x0000000080001654] -> 0x3C23
mem[X,0x0000000080001656] -> 0x2691
[2506] [M]: 0x0000000080001654 (0x26913C23) sd x9, 0x278(x2)                        common_Mentry+0
mem[W,0x0000000080004278] <- 0xFFFFFF000000027C

mem[X,0x0000000080001658] -> 0x3823
mem[X,0x000000008000165A] -> 0x2681
[2507] [M]: 0x0000000080001658 (0x26813823) sd x8, 0x270(x2)                        common_Mentry+4
mem[W,0x0000000080004270] <- 0x0000000000007F76

clint mtime 0x00000000000004E6 (mip.MTI <- 0b1, mip.STI <- 0b0)
mem[X,0x000000008000165C] -> 0x3423
mem[X,0x000000008000165E] -> 0x2671
[2508] [M]: 0x000000008000165C (0x26713423) sd x7, 0x268(x2)                        common_Mentry+8
mem[W,0x0000000080004268] <- 0x0000000080004000

mem[X,0x0000000080001660] -> 0x3023
mem[X,0x0000000080001662] -> 0x2661
[2509] [M]: 0x0000000080001660 (0x26613023) sd x6, 0x260(x2)                        common_Mentry+12
mem[W,0x0000000080004260] <- 0xFFFFFFFF7FFFEF8C

clint mtime 0x00000000000004E7 (mip.MTI <- 0b1, mip.STI <- 0b0)
mem[X,0x0000000080001664] -> 0x2573
mem[X,0x0000000080001666] -> 0x3420
[2510] [M]: 0x0000000080001664 (0x34202573) csrrs x10, mcause, x0                   spcl_M2mmode_test+0
CSR mcause (0x342) -> 0x0000000000000007
x10 <- 0x0000000000000007

mem[X,0x0000000080001668] -> 0x04B7
mem[X,0x000000008000166A] -> 0x8000
[2511] [M]: 0x0000000080001668 (0x800004B7) lui x9, -0x80000                        spcl_M2mmode_test+4
x9 <- 0xFFFFFFFF80000000

clint mtime 0x00000000000004E8 (mip.MTI <- 0b1, mip.STI <- 0b0)
mem[X,0x000000008000166C] -> 0x8493
mem[X,0x000000008000166E] -> 0x0004
[2512] [M]: 0x000000008000166C (0x00048493) addi x9, x9, 0x0                        spcl_M2mmode_test+8
x9 <- 0xFFFFFFFF80000000

mem[X,0x0000000080001670] -> 0x9493
mem[X,0x0000000080001672] -> 0x00B4
[2513] [M]: 0x0000000080001670 (0x00B49493) slli x9, x9, 0xb                        spcl_M2mmode_test+12
x9 <- 0xFFFFFC0000000000

clint mtime 0x00000000000004E9 (mip.MTI <- 0b1, mip.STI <- 0b0)
mem[X,0x0000000080001674] -> 0x8493
mem[X,0x0000000080001676] -> 0x0004
[2514] [M]: 0x0000000080001674 (0x00048493) addi x9, x9, 0x0                        spcl_M2mmode_test+16
x9 <- 0xFFFFFC0000000000

mem[X,0x0000000080001678] -> 0x9493
mem[X,0x000000008000167A] -> 0x00B4
[2515] [M]: 0x0000000080001678 (0x00B49493) slli x9, x9, 0xb                        spcl_M2mmode_test+20
x9 <- 0xFFE0000000000000

clint mtime 0x00000000000004EA (mip.MTI <- 0b1, mip.STI <- 0b0)
mem[X,0x000000008000167C] -> 0x8493
mem[X,0x000000008000167E] -> 0x0034
[2516] [M]: 0x000000008000167C (0x00348493) addi x9, x9, 0x3                        spcl_M2mmode_test+24
x9 <- 0xFFE0000000000003

mem[X,0x0000000080001680] -> 0x9493
mem[X,0x0000000080001682] -> 0x00A4
[2517] [M]: 0x0000000080001680 (0x00A49493) slli x9, x9, 0xa                        spcl_M2mmode_test+28
x9 <- 0x8000000000000C00

clint mtime 0x00000000000004EB (mip.MTI <- 0b1, mip.STI <- 0b0)
mem[X,0x0000000080001684] -> 0x8493
mem[X,0x0000000080001686] -> 0x3FC4
[2518] [M]: 0x0000000080001684 (0x3FC48493) addi x9, x9, 0x3fc                      spcl_M2mmode_test+32
x9 <- 0x8000000000000FFC

mem[X,0x0000000080001688] -> 0xF4B3
mem[X,0x000000008000168A] -> 0x00A4
[2519] [M]: 0x0000000080001688 (0x00A4F4B3) and x9, x9, x10                         spcl_M2mmode_test+36
x9 <- 0x0000000000000004

clint mtime 0x00000000000004EC (mip.MTI <- 0b1, mip.STI <- 0b0)
mem[X,0x000000008000168C] -> 0x8493
mem[X,0x000000008000168E] -> 0xFF84
[2520] [M]: 0x000000008000168C (0xFF848493) addi x9, x9, -0x8                       spcl_M2mmode_test+40
x9 <- 0xFFFFFFFFFFFFFFFC

mem[X,0x0000000080001690] -> 0x9663
mem[X,0x0000000080001692] -> 0x0004
[2521] [M]: 0x0000000080001690 (0x00049663) bne x9, x0, 0xc                         spcl_M2mmode_test+44

clint mtime 0x00000000000004ED (mip.MTI <- 0b1, mip.STI <- 0b0)
mem[X,0x000000008000169C] -> 0x0393
mem[X,0x000000008000169E] -> 0x0200
[2522] [M]: 0x000000008000169C (0x02000393) addi x7, x0, 0x20                       Mtrapsig_ptr_upd+0
x7 <- 0x0000000000000020

mem[X,0x00000000800016A0] -> 0x5263
mem[X,0x00000000800016A2] -> 0x0405
[2523] [M]: 0x00000000800016A0 (0x04055263) bge x10, x0, 0x44                       Mtrapsig_ptr_upd+4

clint mtime 0x00000000000004EE (mip.MTI <- 0b1, mip.STI <- 0b0)
mem[X,0x00000000800016E4] -> 0x2373
mem[X,0x00000000800016E6] -> 0x3010
[2524] [M]: 0x00000000800016E4 (0x30102373) csrrs x6, misa, x0                      Mxcpt_sig_sv+0
CSR misa (0x301) -> 0x800000000034112F
x6 <- 0x800000000034112F

mem[X,0x00000000800016E8] -> 0x1313
mem[X,0x00000000800016EA] -> 0x0383
[2525] [M]: 0x00000000800016E8 (0x03831313) slli x6, x6, 0x38                       Mxcpt_sig_sv+4
x6 <- 0x2F00000000000000

clint mtime 0x00000000000004EF (mip.MTI <- 0b1, mip.STI <- 0b0)
mem[X,0x00000000800016EC] -> 0x5463
mem[X,0x00000000800016EE] -> 0x0003
[2526] [M]: 0x00000000800016EC (0x00035463) bge x6, x0, 0x8                         Mxcpt_sig_sv+8

mem[X,0x00000000800016F4] -> 0x3303
mem[X,0x00000000800016F6] -> 0x2181
[2527] [M]: 0x00000000800016F4 (0x21813303) ld x6, 0x218(x2)                        Mtrap_sig_sv+0
mem[R,0x0000000080004218] -> 0x00000000800094B8
x6 <- 0x00000000800094B8

clint mtime 0x00000000000004F0 (mip.MTI <- 0b1, mip.STI <- 0b0)
mem[X,0x00000000800016F8] -> 0x04B3
mem[X,0x00000000800016FA] -> 0x0073
[2528] [M]: 0x00000000800016F8 (0x007304B3) add x9, x6, x7                          Mtrap_sig_sv+4
x9 <- 0x00000000800094D8

mem[X,0x00000000800016FC] -> 0x3C23
mem[X,0x00000000800016FE] -> 0x2091
[2529] [M]: 0x00000000800016FC (0x20913C23) sd x9, 0x218(x2)                        Mtrap_sig_sv+8
mem[W,0x0000000080004218] <- 0x00000000800094D8

clint mtime 0x00000000000004F1 (mip.MTI <- 0b1, mip.STI <- 0b0)
mem[X,0x0000000080001700] -> 0x3403
mem[X,0x0000000080001702] -> 0x1F81
[2530] [M]: 0x0000000080001700 (0x1F813403) ld x8, 0x1f8(x2)                        Mtrap_sig_sv+12
mem[R,0x00000000800041F8] -> 0x0000000080009110
x8 <- 0x0000000080009110

mem[X,0x0000000080001704] -> 0x0333
mem[X,0x0000000080001706] -> 0x4083
[2531] [M]: 0x0000000080001704 (0x40830333) sub x6, x6, x8                          Mtrap_sig_sv+16
x6 <- 0x00000000000003A8

clint mtime 0x00000000000004F2 (mip.MTI <- 0b1, mip.STI <- 0b0)
mem[X,0x0000000080001708] -> 0x3403
mem[X,0x000000008000170A] -> 0x1F81
[2532] [M]: 0x0000000080001708 (0x1F813403) ld x8, 0x1f8(x2)                        Mtrap_sig_sv+20
mem[R,0x00000000800041F8] -> 0x0000000080009110
x8 <- 0x0000000080009110

mem[X,0x000000008000170C] -> 0x0333
mem[X,0x000000008000170E] -> 0x0083
[2533] [M]: 0x000000008000170C (0x00830333) add x6, x6, x8                          Mtrap_sig_sv+24
x6 <- 0x00000000800094B8

clint mtime 0x00000000000004F3 (mip.MTI <- 0b1, mip.STI <- 0b0)
mem[X,0x0000000080001710] -> 0x3403
mem[X,0x0000000080001712] -> 0x2401
[2534] [M]: 0x0000000080001710 (0x24013403) ld x8, 0x240(x2)                        Mtrap_sig_sv+28
mem[R,0x0000000080004240] -> 0x0000000080001480
x8 <- 0x0000000080001480

mem[X,0x0000000080001714] -> 0x85B3
mem[X,0x0000000080001716] -> 0x4085
[2535] [M]: 0x0000000080001714 (0x408585B3) sub x11, x11, x8                        sv_Mvect+0
x11 <- 0x000000000000010C

clint mtime 0x00000000000004F4 (mip.MTI <- 0b1, mip.STI <- 0b0)
mem[X,0x0000000080001718] -> 0x9593
mem[X,0x000000008000171A] -> 0x0045
[2536] [M]: 0x0000000080001718 (0x00459593) slli x11, x11, 0x4                      sv_Mvect+4
x11 <- 0x00000000000010C0

mem[X,0x000000008000171C] -> 0xE5B3
mem[X,0x000000008000171E] -> 0x0075
[2537] [M]: 0x000000008000171C (0x0075E5B3) or x11, x11, x7                         sv_Mvect+8
x11 <- 0x00000000000010E0

clint mtime 0x00000000000004F5 (mip.MTI <- 0b1, mip.STI <- 0b0)
mem[X,0x0000000080001720] -> 0x8593
mem[X,0x0000000080001722] -> 0x0035
[2538] [M]: 0x0000000080001720 (0x00358593) addi x11, x11, 0x3                      sv_Mvect+12
x11 <- 0x00000000000010E3

mem[X,0x0000000080001724] -> 0x3023
mem[X,0x0000000080001726] -> 0x00B3
[2539] [M]: 0x0000000080001724 (0x00B33023) sd x11, 0x0(x6)                         sv_Mvect+16
mem[W,0x00000000800094B8] <- 0x00000000000010E3

clint mtime 0x00000000000004F6 (mip.MTI <- 0b1, mip.STI <- 0b0)
mem[X,0x0000000080001728] -> 0x3423
mem[X,0x000000008000172A] -> 0x00A3
[2540] [M]: 0x0000000080001728 (0x00A33423) sd x10, 0x8(x6)                         sv_Mcause+0
mem[W,0x00000000800094C0] <- 0x0000000000000007

mem[X,0x000000008000172C] -> 0x4663
mem[X,0x000000008000172E] -> 0x1A05
[2541] [M]: 0x000000008000172C (0x1A054663) blt x10, x0, 0x1ac                      sv_Mcause+4

clint mtime 0x00000000000004F7 (mip.MTI <- 0b1, mip.STI <- 0b0)
mem[X,0x0000000080001730] -> 0x25F3
mem[X,0x0000000080001732] -> 0x3000
[2542] [M]: 0x0000000080001730 (0x300025F3) csrrs x11, mstatus, x0                  common_Mexcpt_handler+0
CSR mstatus (0x300) -> 0x0000000A00000000
x11 <- 0x0000000A00000000

mem[X,0x0000000080001734] -> 0x9413
mem[X,0x0000000080001736] -> 0x02E5
[2543] [M]: 0x0000000080001734 (0x02E59413) slli x8, x11, 0x2e                      common_Mexcpt_handler+4
x8 <- 0x0000000000000000

clint mtime 0x00000000000004F8 (mip.MTI <- 0b1, mip.STI <- 0b0)
mem[X,0x0000000080001738] -> 0x5463
mem[X,0x000000008000173A] -> 0x0004
[2544] [M]: 0x0000000080001738 (0x00045463) bge x8, x0, 0x8                         common_Mexcpt_handler+8

mem[X,0x0000000080001740] -> 0xD493
mem[X,0x0000000080001742] -> 0x00B5
[2545] [M]: 0x0000000080001740 (0x00B5D493) srli x9, x11, 0xb                       common_Mexcpt_handler+16
x9 <- 0x0000000001400000

clint mtime 0x00000000000004F9 (mip.MTI <- 0b1, mip.STI <- 0b0)
mem[X,0x0000000080001744] -> 0xF493
mem[X,0x0000000080001746] -> 0x0034
[2546] [M]: 0x0000000080001744 (0x0034F493) andi x9, x9, 0x3                        common_Mexcpt_handler+20
x9 <- 0x0000000000000000

mem[X,0x0000000080001748] -> 0x8493
mem[X,0x000000008000174A] -> 0x0014
[2547] [M]: 0x0000000080001748 (0x00148493) addi x9, x9, 0x1                        common_Mexcpt_handler+24
x9 <- 0x0000000000000001

clint mtime 0x00000000000004FA (mip.MTI <- 0b1, mip.STI <- 0b0)
mem[X,0x000000008000174C] -> 0xF493
mem[X,0x000000008000174E] -> 0x0044
[2548] [M]: 0x000000008000174C (0x0044F493) andi x9, x9, 0x4                        common_Mexcpt_handler+28
x9 <- 0x0000000000000000

mem[X,0x0000000080001750] -> 0x0593
mem[X,0x0000000080001752] -> 0x05D0
[2549] [M]: 0x0000000080001750 (0x05D00593) addi x11, x0, 0x5d                      common_Mexcpt_handler+32
x11 <- 0x000000000000005D

clint mtime 0x00000000000004FB (mip.MTI <- 0b1, mip.STI <- 0b0)
mem[X,0x0000000080001754] -> 0xD5B3
mem[X,0x0000000080001756] -> 0x0095
[2550] [M]: 0x0000000080001754 (0x0095D5B3) srl x11, x11, x9                        common_Mexcpt_handler+36
x11 <- 0x000000000000005D

mem[X,0x0000000080001758] -> 0xF593
mem[X,0x000000008000175A] -> 0x0015
[2551] [M]: 0x0000000080001758 (0x0015F593) andi x11, x11, 0x1                      common_Mexcpt_handler+40
x11 <- 0x0000000000000001

clint mtime 0x00000000000004FC (mip.MTI <- 0b1, mip.STI <- 0b0)
mem[X,0x000000008000175C] -> 0x8EE3
mem[X,0x000000008000175E] -> 0xF405
[2552] [M]: 0x000000008000175C (0xF4058EE3) beq x11, x0, -0xa4                      common_Mexcpt_handler+44

mem[X,0x0000000080001760] -> 0x0593
mem[X,0x0000000080001762] -> 0x2980
[2553] [M]: 0x0000000080001760 (0x29800593) addi x11, x0, 0x298                     common_Mexcpt_handler+48
x11 <- 0x0000000000000298

clint mtime 0x00000000000004FD (mip.MTI <- 0b1, mip.STI <- 0b0)
mem[X,0x0000000080001764] -> 0xF413
mem[X,0x0000000080001766] -> 0x0014
[2554] [M]: 0x0000000080001764 (0x0014F413) andi x8, x9, 0x1                        common_Mexcpt_handler+52
x8 <- 0x0000000000000000

mem[X,0x0000000080001768] -> 0x95B3
mem[X,0x000000008000176A] -> 0x0085
[2555] [M]: 0x0000000080001768 (0x008595B3) sll x11, x11, x8                        common_Mexcpt_handler+56
x11 <- 0x0000000000000298

clint mtime 0x00000000000004FE (mip.MTI <- 0b1, mip.STI <- 0b0)
mem[X,0x000000008000176C] -> 0x9413
mem[X,0x000000008000176E] -> 0x03D4
[2556] [M]: 0x000000008000176C (0x03D49413) slli x8, x9, 0x3d                       common_Mexcpt_handler+60
x8 <- 0x0000000000000000

mem[X,0x0000000080001770] -> 0x5413
mem[X,0x0000000080001772] -> 0x43F4
[2557] [M]: 0x0000000080001770 (0x43F45413) srai x8, x8, 0x3f                       common_Mexcpt_handler+64
x8 <- 0x0000000000000000

clint mtime 0x00000000000004FF (mip.MTI <- 0b1, mip.STI <- 0b0)
mem[X,0x0000000080001774] -> 0x4413
mem[X,0x0000000080001776] -> 0xFFF4
[2558] [M]: 0x0000000080001774 (0xFFF44413) xori x8, x8, -0x1                       common_Mexcpt_handler+68
x8 <- 0xFFFFFFFFFFFFFFFF

mem[X,0x0000000080001778] -> 0xF4B3
mem[X,0x000000008000177A] -> 0x0085
[2559] [M]: 0x0000000080001778 (0x0085F4B3) and x9, x11, x8                         common_Mexcpt_handler+72
x9 <- 0x0000000000000298

clint mtime 0x0000000000000500 (mip.MTI <- 0b1, mip.STI <- 0b0)
mem[X,0x000000008000177C] -> 0x84B3
mem[X,0x000000008000177E] -> 0x0024
[2560] [M]: 0x000000008000177C (0x002484B3) add x9, x9, x2                          vmem_adj_Mepc+0
x9 <- 0x0000000080004298

mem[X,0x0000000080001780] -> 0x23F3
mem[X,0x0000000080001782] -> 0x3410
[2561] [M]: 0x0000000080001780 (0x341023F3) csrrs x7, mepc, x0                      vmem_adj_Mepc+4
CSR mepc (0x341) -> 0xFFFFFF0080001308
x7 <- 0xFFFFFF0080001308

clint mtime 0x0000000000000501 (mip.MTI <- 0b1, mip.STI <- 0b0)
mem[X,0x0000000080001784] -> 0x0413
mem[X,0x0000000080001786] -> 0x0004
[2562] [M]: 0x0000000080001784 (0x00040413) addi x8, x8, 0x0                        vmem_adj_Mepc+8
x8 <- 0xFFFFFFFFFFFFFFFF

mem[X,0x0000000080001788] -> 0x006F
mem[X,0x000000008000178A] -> 0x0400
[2563] [M]: 0x0000000080001788 (0x0400006F) jal x0, 0x40                            vmem_adj_Mepc+12

clint mtime 0x0000000000000502 (mip.MTI <- 0b1, mip.STI <- 0b0)
mem[X,0x00000000800017C8] -> 0x8433
mem[X,0x00000000800017CA] -> 0x4083
[2564] [M]: 0x00000000800017C8 (0x40838433) sub x8, x7, x8                          adj_Mepc+0
x8 <- 0xFFFFFF0080001309

mem[X,0x00000000800017CC] -> 0x3823
mem[X,0x00000000800017CE] -> 0x0083
[2565] [M]: 0x00000000800017CC (0x00833823) sd x8, 0x10(x6)                         sv_Mepc+0
mem[W,0x00000000800094C8] <- 0xFFFFFF0080001309

clint mtime 0x0000000000000503 (mip.MTI <- 0b1, mip.STI <- 0b0)
mem[X,0x00000000800017D0] -> 0x55B7
mem[X,0x00000000800017D2] -> 0x0000
[2566] [M]: 0x00000000800017D0 (0x000055B7) lui x11, 0x5                            sv_Mepc+4
x11 <- 0x0000000000005000

mem[X,0x00000000800017D4] -> 0x8593
mem[X,0x00000000800017D6] -> 0x6675
[2567] [M]: 0x00000000800017D4 (0x66758593) addi x11, x11, 0x667                    sv_Mepc+8
x11 <- 0x0000000000005667

clint mtime 0x0000000000000504 (mip.MTI <- 0b1, mip.STI <- 0b0)
mem[X,0x00000000800017D8] -> 0x9593
mem[X,0x00000000800017DA] -> 0x0015
[2568] [M]: 0x00000000800017D8 (0x00159593) slli x11, x11, 0x1                      sv_Mepc+12
x11 <- 0x000000000000ACCE

mem[X,0x00000000800017DC] -> 0x9063
mem[X,0x00000000800017DE] -> 0x02B1
[2569] [M]: 0x00000000800017DC (0x02B19063) bne x3, x11, 0x20                       sv_Mepc+16

clint mtime 0x0000000000000505 (mip.MTI <- 0b1, mip.STI <- 0b0)
mem[X,0x00000000800017E0] -> 0x2473
mem[X,0x00000000800017E2] -> 0x3420
[2570] [M]: 0x00000000800017E0 (0x34202473) csrrs x8, mcause, x0                    sv_Mepc+20
CSR mcause (0x342) -> 0x0000000000000007
x8 <- 0x0000000000000007

mem[X,0x00000000800017E4] -> 0x0593
mem[X,0x00000000800017E6] -> 0x00C0
[2571] [M]: 0x00000000800017E4 (0x00C00593) addi x11, x0, 0xc                       sv_Mepc+24
x11 <- 0x000000000000000C

clint mtime 0x0000000000000506 (mip.MTI <- 0b1, mip.STI <- 0b0)
mem[X,0x00000000800017E8] -> 0x0663
mem[X,0x00000000800017EA] -> 0x00B4
[2572] [M]: 0x00000000800017E8 (0x00B40663) beq x8, x11, 0xc                        sv_Mepc+28

mem[X,0x00000000800017EC] -> 0x0593
mem[X,0x00000000800017EE] -> 0x0010
[2573] [M]: 0x00000000800017EC (0x00100593) addi x11, x0, 0x1                       sv_Mepc+32
x11 <- 0x0000000000000001

clint mtime 0x0000000000000507 (mip.MTI <- 0b1, mip.STI <- 0b0)
mem[X,0x00000000800017F0] -> 0x1663
mem[X,0x00000000800017F2] -> 0x00B4
[2574] [M]: 0x00000000800017F0 (0x00B41663) bne x8, x11, 0xc                        sv_Mepc+36

mem[X,0x00000000800017FC] -> 0xF593
mem[X,0x00000000800017FE] -> 0xFFC3
[2575] [M]: 0x00000000800017FC (0xFFC3F593) andi x11, x7, -0x4                      adj_Mepc_rtn+0
x11 <- 0xFFFFFF0080001308

clint mtime 0x0000000000000508 (mip.MTI <- 0b1, mip.STI <- 0b0)
mem[X,0x0000000080001800] -> 0x8593
mem[X,0x0000000080001802] -> 0x0085
[2576] [M]: 0x0000000080001800 (0x00858593) addi x11, x11, 0x8                      adj_Mepc_rtn+4
x11 <- 0xFFFFFF0080001310

mem[X,0x0000000080001804] -> 0x9073
mem[X,0x0000000080001806] -> 0x3415
[2577] [M]: 0x0000000080001804 (0x34159073) csrrw x0, mepc, x11                     adj_Mepc_rtn+8
CSR mepc (0x341) <- 0xFFFFFF0080001310

clint mtime 0x0000000000000509 (mip.MTI <- 0b1, mip.STI <- 0b0)
mem[X,0x0000000080001808] -> 0x23F3
mem[X,0x000000008000180A] -> 0x3430
[2578] [M]: 0x0000000080001808 (0x343023F3) csrrs x7, mtval, x0                     skp_adj_Mepc+0
CSR mtval (0x343) -> 0x0000000000000414
x7 <- 0x0000000000000414

mem[X,0x000000008000180C] -> 0x0413
mem[X,0x000000008000180E] -> 0x0004
[2579] [M]: 0x000000008000180C (0x00040413) addi x8, x8, 0x0                        skp_adj_Mepc+4
x8 <- 0x0000000000000007

clint mtime 0x000000000000050A (mip.MTI <- 0b1, mip.STI <- 0b0)
mem[X,0x0000000080001810] -> 0x006F
mem[X,0x0000000080001812] -> 0x0840
[2580] [M]: 0x0000000080001810 (0x0840006F) jal x0, 0x84                            skp_adj_Mepc+8

mem[X,0x0000000080001894] -> 0x8433
mem[X,0x0000000080001896] -> 0x4083
[2581] [M]: 0x0000000080001894 (0x40838433) sub x8, x7, x8                          adj_Mtval+0
x8 <- 0x000000000000040D

clint mtime 0x000000000000050B (mip.MTI <- 0b1, mip.STI <- 0b0)
mem[X,0x0000000080001898] -> 0x3C23
mem[X,0x000000008000189A] -> 0x0083
[2582] [M]: 0x0000000080001898 (0x00833C23) sd x8, 0x18(x6)                         sv_Mtval+0
mem[W,0x00000000800094D0] <- 0x000000000000040D

mem[X,0x000000008000189C] -> 0x3483
mem[X,0x000000008000189E] -> 0x2181
[2583] [M]: 0x000000008000189C (0x21813483) ld x9, 0x218(x2)                        skp_Mtval+0
mem[R,0x0000000080004218] -> 0x00000000800094D8
x9 <- 0x00000000800094D8

clint mtime 0x000000000000050C (mip.MTI <- 0b1, mip.STI <- 0b0)
mem[X,0x00000000800018A0] -> 0x3383
mem[X,0x00000000800018A2] -> 0x1F81
[2584] [M]: 0x00000000800018A0 (0x1F813383) ld x7, 0x1f8(x2)                        skp_Mtval+4
mem[R,0x00000000800041F8] -> 0x0000000080009110
x7 <- 0x0000000080009110

mem[X,0x00000000800018A4] -> 0x3303
mem[X,0x00000000800018A6] -> 0x2001
[2585] [M]: 0x00000000800018A4 (0x20013303) ld x6, 0x200(x2)                        skp_Mtval+8
mem[R,0x0000000080004200] -> 0x0000000000000410
x6 <- 0x0000000000000410

clint mtime 0x000000000000050D (mip.MTI <- 0b1, mip.STI <- 0b0)
mem[X,0x00000000800018A8] -> 0x0333
mem[X,0x00000000800018AA] -> 0x0073
[2586] [M]: 0x00000000800018A8 (0x00730333) add x6, x6, x7                          skp_Mtval+12
x6 <- 0x0000000080009520

mem[X,0x00000000800018AC] -> 0x6AE3
mem[X,0x00000000800018AE] -> 0xAE93
[2587] [M]: 0x00000000800018AC (0xAE936AE3) bltu x6, x9, -0x50c                     skp_Mtval+16

clint mtime 0x000000000000050E (mip.MTI <- 0b1, mip.STI <- 0b0)
mem[X,0x00000000800018B0] -> 0x0393
mem[X,0x00000000800018B2] -> 0x2000
[2588] [M]: 0x00000000800018B0 (0x20000393) addi x7, x0, 0x200                      skp_Mtval+20
x7 <- 0x0000000000000200

mem[X,0x00000000800018B4] -> 0x006F
mem[X,0x00000000800018B6] -> 0x0400
[2589] [M]: 0x00000000800018B4 (0x0400006F) jal x0, 0x40                            skp_Mtval+24

clint mtime 0x000000000000050F (mip.MTI <- 0b1, mip.STI <- 0b0)
mem[X,0x00000000800018F4] -> 0x0417
mem[X,0x00000000800018F6] -> 0x0000
[2590] [M]: 0x00000000800018F4 (0x00000417) auipc x8, 0x0                           spcl_Mhandler+0
x8 <- 0x00000000800018F4

mem[X,0x00000000800018F8] -> 0x0413
mem[X,0x00000000800018FA] -> 0x03C4
[2591] [M]: 0x00000000800018F8 (0x03C40413) addi x8, x8, 0x3c                       spcl_Mhandler+4
x8 <- 0x0000000080001930

clint mtime 0x0000000000000510 (mip.MTI <- 0b1, mip.STI <- 0b0)
mem[X,0x00000000800018FC] -> 0x0433
mem[X,0x00000000800018FE] -> 0x0074
[2592] [M]: 0x00000000800018FC (0x00740433) add x8, x8, x7                          spcl_Mhandler+8
x8 <- 0x0000000080001B30

mem[X,0x0000000080001900] -> 0x1393
mem[X,0x0000000080001902] -> 0x0035
[2593] [M]: 0x0000000080001900 (0x00351393) slli x7, x10, 0x3                       spcl_Mhandler+12
x7 <- 0x0000000000000038

clint mtime 0x0000000000000511 (mip.MTI <- 0b1, mip.STI <- 0b0)
mem[X,0x0000000080001904] -> 0x0433
mem[X,0x0000000080001906] -> 0x0074
[2594] [M]: 0x0000000080001904 (0x00740433) add x8, x8, x7                          spcl_Mhandler+16
x8 <- 0x0000000080001B68

mem[X,0x0000000080001908] -> 0x7413
mem[X,0x000000008000190A] -> 0xFF84
[2595] [M]: 0x0000000080001908 (0xFF847413) andi x8, x8, -0x8                       spcl_Mhandler+20
x8 <- 0x0000000080001B68

clint mtime 0x0000000000000512 (mip.MTI <- 0b1, mip.STI <- 0b0)
mem[X,0x000000008000190C] -> 0x3403
mem[X,0x000000008000190E] -> 0x0004
[2596] [M]: 0x000000008000190C (0x00043403) ld x8, 0x0(x8)                          spcl_Mhandler+24
mem[R,0x0000000080001B68] -> 0x000000000000000F
x8 <- 0x000000000000000F

mem[X,0x0000000080001910] -> 0x02E3
mem[X,0x0000000080001912] -> 0xB204
[2597] [M]: 0x0000000080001910 (0xB20402E3) beq x8, x0, -0x4dc                      spcl_Mdispatch_hndling+0

clint mtime 0x0000000000000513 (mip.MTI <- 0b1, mip.STI <- 0b0)
mem[X,0x0000000080001914] -> 0x1393
mem[X,0x0000000080001916] -> 0x03F4
[2598] [M]: 0x0000000080001914 (0x03F41393) slli x7, x8, 0x3f                       spcl_Mdispatch_hndling+4
x7 <- 0x8000000000000000

mem[X,0x0000000080001918] -> 0xD863
mem[X,0x000000008000191A] -> 0x0003
[2599] [M]: 0x0000000080001918 (0x0003D863) bge x7, x0, 0x10                        spcl_Mdispatch_hndling+8

clint mtime 0x0000000000000514 (mip.MTI <- 0b1, mip.STI <- 0b0)
mem[X,0x000000008000191C] -> 0x5413
mem[X,0x000000008000191E] -> 0x0014
[2600] [M]: 0x000000008000191C (0x00145413) srli x8, x8, 0x1                        spcl_Mdispatch_hndling+12
x8 <- 0x0000000000000007

mem[X,0x0000000080001920] -> 0x0CE3
mem[X,0x0000000080001922] -> 0xF885
[2601] [M]: 0x0000000080001920 (0xF8850CE3) beq x10, x8, -0x68                      spcl_Mdispatch_hndling+16

clint mtime 0x0000000000000515 (mip.MTI <- 0b1, mip.STI <- 0b0)
mem[X,0x00000000800018B8] -> 0x3303
mem[X,0x00000000800018BA] -> 0x2601
[2602] [M]: 0x00000000800018B8 (0x26013303) ld x6, 0x260(x2)                        resto_Mrtn+0
mem[R,0x0000000080004260] -> 0xFFFFFFFF7FFFEF8C
x6 <- 0xFFFFFFFF7FFFEF8C

mem[X,0x00000000800018BC] -> 0x3383
mem[X,0x00000000800018BE] -> 0x2681
[2603] [M]: 0x00000000800018BC (0x26813383) ld x7, 0x268(x2)                        resto_Mrtn+4
mem[R,0x0000000080004268] -> 0x0000000080004000
x7 <- 0x0000000080004000

clint mtime 0x0000000000000516 (mip.MTI <- 0b1, mip.STI <- 0b0)
mem[X,0x00000000800018C0] -> 0x3403
mem[X,0x00000000800018C2] -> 0x2701
[2604] [M]: 0x00000000800018C0 (0x27013403) ld x8, 0x270(x2)                        resto_Mrtn+8
mem[R,0x0000000080004270] -> 0x0000000000007F76
x8 <- 0x0000000000007F76

mem[X,0x00000000800018C4] -> 0x3483
mem[X,0x00000000800018C6] -> 0x2781
[2605] [M]: 0x00000000800018C4 (0x27813483) ld x9, 0x278(x2)                        resto_Mrtn+12
mem[R,0x0000000080004278] -> 0xFFFFFF000000027C
x9 <- 0xFFFFFF000000027C

clint mtime 0x0000000000000517 (mip.MTI <- 0b1, mip.STI <- 0b0)
mem[X,0x00000000800018C8] -> 0x3503
mem[X,0x00000000800018CA] -> 0x2801
[2606] [M]: 0x00000000800018C8 (0x28013503) ld x10, 0x280(x2)                       resto_Mrtn+16
mem[R,0x0000000080004280] -> 0x00000000200000DF
x10 <- 0x00000000200000DF

mem[X,0x00000000800018CC] -> 0x3583
mem[X,0x00000000800018CE] -> 0x2881
[2607] [M]: 0x00000000800018CC (0x28813583) ld x11, 0x288(x2)                       resto_Mrtn+20
mem[R,0x0000000080004288] -> 0x00000000000000DF
x11 <- 0x00000000000000DF

clint mtime 0x0000000000000518 (mip.MTI <- 0b1, mip.STI <- 0b0)
mem[X,0x00000000800018D0] -> 0x3103
mem[X,0x00000000800018D2] -> 0x2901
[2608] [M]: 0x00000000800018D0 (0x29013103) ld x2, 0x290(x2)                        resto_Mrtn+24
mem[R,0x0000000080004290] -> 0x0000000000000000
x2 <- 0x0000000000000000

mem[X,0x00000000800018D4] -> 0x0073
mem[X,0x00000000800018D6] -> 0x3020
[2609] [M]: 0x00000000800018D4 (0x30200073) mret                                    resto_Mrtn+28
CSR mstatus (0x300) <- 0x0000000A00000080
ret-ing from M to U

clint mtime 0x0000000000000519 (mip.MTI <- 0b1, mip.STI <- 0b0)
PTW: Start, vpn=0xff0080001, access_type=X, privilege=Umem[R,0x0000000080008FF0] -> 0x00000000000000DB
PTW: Step, level=3, pte=0xDB, pte_addr=0x80008FF0
PTW: Success, final_ppn=0x80001, level=3mem[X,0x0000000080001310] -> 0xA703
PTW: Start, vpn=0xff0080001, access_type=X, privilege=Umem[R,0x0000000080008FF0] -> 0x00000000000000DB
PTW: Step, level=3, pte=0xDB, pte_addr=0x80008FF0
PTW: Success, final_ppn=0x80001, level=3mem[X,0x0000000080001312] -> 0x0147
[2610] [U]: 0xFFFFFF0080001310 (0x0147A703) lw x14, 0x14(x15)                       va_rvtest_code_begin+2900
PTW: Start, vpn=0x0, access_type=R, privilege=Umem[R,0x0000000080008000] -> 0x0000000020001C01
PTW: Step, level=3, pte=0x20001C01, pte_addr=0x80008000
PTW: Start, vpn=0x0, access_type=R, privilege=Umem[R,0x0000000080007000] -> 0x0000000020001801
PTW: Step, level=2, pte=0x20001801, pte_addr=0x80007000
PTW: Start, vpn=0x0, access_type=R, privilege=Umem[R,0x0000000080006000] -> 0x0000000020001401
PTW: Step, level=1, pte=0x20001401, pte_addr=0x80006000
PTW: Start, vpn=0x0, access_type=R, privilege=UPTW: failed, error=mem-access-error, level=0, pte_addr=0x80005000
trapping from U to M to handle load-access-fault
handling exc#load-access-fault at priv M with tval 0x0000000000000414
CSR mstatus (0x300) <- 0x0000000A00000000
CSR mcause (0x342) <- 0x0000000000000005
CSR mtval (0x343) <- 0x0000000000000414
CSR mepc (0x341) <- 0xFFFFFF0080001310

mem[X,0x0000000080001480] -> 0x006F
mem[X,0x0000000080001482] -> 0x1000
[2611] [M]: 0x0000000080001480 (0x1000006F) jal x0, 0x100                           Mtrampoline+0

clint mtime 0x000000000000051A (mip.MTI <- 0b1, mip.STI <- 0b0)
mem[X,0x0000000080001580] -> 0x1173
mem[X,0x0000000080001582] -> 0x3401
[2612] [M]: 0x0000000080001580 (0x34011173) csrrw x2, mscratch, x2                  trap_Mhandler+0
CSR mscratch (0x340) <- 0x0000000000000000
x2 <- 0x0000000080004000

mem[X,0x0000000080001584] -> 0x3423
mem[X,0x0000000080001586] -> 0x28B1
[2613] [M]: 0x0000000080001584 (0x28B13423) sd x11, 0x288(x2)                       trap_Mhandler+4
mem[W,0x0000000080004288] <- 0x00000000000000DF

clint mtime 0x000000000000051B (mip.MTI <- 0b1, mip.STI <- 0b0)
mem[X,0x0000000080001588] -> 0x05EF
mem[X,0x000000008000158A] -> 0x0B80
[2614] [M]: 0x0000000080001588 (0x0B8005EF) jal x11, 0xb8                           trap_Mhandler+8
x11 <- 0x000000008000158C

mem[X,0x0000000080001640] -> 0x3023
mem[X,0x0000000080001642] -> 0x28A1
[2615] [M]: 0x0000000080001640 (0x28A13023) sd x10, 0x280(x2)                       common_Mhandler+0
mem[W,0x0000000080004280] <- 0x00000000200000DF

clint mtime 0x000000000000051C (mip.MTI <- 0b1, mip.STI <- 0b0)
mem[X,0x0000000080001644] -> 0x1573
mem[X,0x0000000080001646] -> 0x3401
[2616] [M]: 0x0000000080001644 (0x34011573) csrrw x10, mscratch, x2                 common_Mhandler+4
CSR mscratch (0x340) <- 0x0000000080004000
x10 <- 0x0000000000000000

mem[X,0x0000000080001648] -> 0x3823
mem[X,0x000000008000164A] -> 0x28A1
[2617] [M]: 0x0000000080001648 (0x28A13823) sd x10, 0x290(x2)                       common_Mhandler+8
mem[W,0x0000000080004290] <- 0x0000000000000000

clint mtime 0x000000000000051D (mip.MTI <- 0b1, mip.STI <- 0b0)
mem[X,0x000000008000164C] -> 0x3503
mem[X,0x000000008000164E] -> 0x2301
[2618] [M]: 0x000000008000164C (0x23013503) ld x10, 0x230(x2)                       common_Mhandler+12
mem[R,0x0000000080004230] -> 0x0000000080001654
x10 <- 0x0000000080001654

mem[X,0x0000000080001650] -> 0x0067
mem[X,0x0000000080001652] -> 0x0005
[2619] [M]: 0x0000000080001650 (0x00050067) jalr x0, 0x0(x10)                       common_Mhandler+16

clint mtime 0x000000000000051E (mip.MTI <- 0b1, mip.STI <- 0b0)
mem[X,0x0000000080001654] -> 0x3C23
mem[X,0x0000000080001656] -> 0x2691
[2620] [M]: 0x0000000080001654 (0x26913C23) sd x9, 0x278(x2)                        common_Mentry+0
mem[W,0x0000000080004278] <- 0xFFFFFF000000027C

mem[X,0x0000000080001658] -> 0x3823
mem[X,0x000000008000165A] -> 0x2681
[2621] [M]: 0x0000000080001658 (0x26813823) sd x8, 0x270(x2)                        common_Mentry+4
mem[W,0x0000000080004270] <- 0x0000000000007F76

clint mtime 0x000000000000051F (mip.MTI <- 0b1, mip.STI <- 0b0)
mem[X,0x000000008000165C] -> 0x3423
mem[X,0x000000008000165E] -> 0x2671
[2622] [M]: 0x000000008000165C (0x26713423) sd x7, 0x268(x2)                        common_Mentry+8
mem[W,0x0000000080004268] <- 0x0000000080004000

mem[X,0x0000000080001660] -> 0x3023
mem[X,0x0000000080001662] -> 0x2661
[2623] [M]: 0x0000000080001660 (0x26613023) sd x6, 0x260(x2)                        common_Mentry+12
mem[W,0x0000000080004260] <- 0xFFFFFFFF7FFFEF8C

clint mtime 0x0000000000000520 (mip.MTI <- 0b1, mip.STI <- 0b0)
mem[X,0x0000000080001664] -> 0x2573
mem[X,0x0000000080001666] -> 0x3420
[2624] [M]: 0x0000000080001664 (0x34202573) csrrs x10, mcause, x0                   spcl_M2mmode_test+0
CSR mcause (0x342) -> 0x0000000000000005
x10 <- 0x0000000000000005

mem[X,0x0000000080001668] -> 0x04B7
mem[X,0x000000008000166A] -> 0x8000
[2625] [M]: 0x0000000080001668 (0x800004B7) lui x9, -0x80000                        spcl_M2mmode_test+4
x9 <- 0xFFFFFFFF80000000

clint mtime 0x0000000000000521 (mip.MTI <- 0b1, mip.STI <- 0b0)
mem[X,0x000000008000166C] -> 0x8493
mem[X,0x000000008000166E] -> 0x0004
[2626] [M]: 0x000000008000166C (0x00048493) addi x9, x9, 0x0                        spcl_M2mmode_test+8
x9 <- 0xFFFFFFFF80000000

mem[X,0x0000000080001670] -> 0x9493
mem[X,0x0000000080001672] -> 0x00B4
[2627] [M]: 0x0000000080001670 (0x00B49493) slli x9, x9, 0xb                        spcl_M2mmode_test+12
x9 <- 0xFFFFFC0000000000

clint mtime 0x0000000000000522 (mip.MTI <- 0b1, mip.STI <- 0b0)
mem[X,0x0000000080001674] -> 0x8493
mem[X,0x0000000080001676] -> 0x0004
[2628] [M]: 0x0000000080001674 (0x00048493) addi x9, x9, 0x0                        spcl_M2mmode_test+16
x9 <- 0xFFFFFC0000000000

mem[X,0x0000000080001678] -> 0x9493
mem[X,0x000000008000167A] -> 0x00B4
[2629] [M]: 0x0000000080001678 (0x00B49493) slli x9, x9, 0xb                        spcl_M2mmode_test+20
x9 <- 0xFFE0000000000000

clint mtime 0x0000000000000523 (mip.MTI <- 0b1, mip.STI <- 0b0)
mem[X,0x000000008000167C] -> 0x8493
mem[X,0x000000008000167E] -> 0x0034
[2630] [M]: 0x000000008000167C (0x00348493) addi x9, x9, 0x3                        spcl_M2mmode_test+24
x9 <- 0xFFE0000000000003

mem[X,0x0000000080001680] -> 0x9493
mem[X,0x0000000080001682] -> 0x00A4
[2631] [M]: 0x0000000080001680 (0x00A49493) slli x9, x9, 0xa                        spcl_M2mmode_test+28
x9 <- 0x8000000000000C00

clint mtime 0x0000000000000524 (mip.MTI <- 0b1, mip.STI <- 0b0)
mem[X,0x0000000080001684] -> 0x8493
mem[X,0x0000000080001686] -> 0x3FC4
[2632] [M]: 0x0000000080001684 (0x3FC48493) addi x9, x9, 0x3fc                      spcl_M2mmode_test+32
x9 <- 0x8000000000000FFC

mem[X,0x0000000080001688] -> 0xF4B3
mem[X,0x000000008000168A] -> 0x00A4
[2633] [M]: 0x0000000080001688 (0x00A4F4B3) and x9, x9, x10                         spcl_M2mmode_test+36
x9 <- 0x0000000000000004

clint mtime 0x0000000000000525 (mip.MTI <- 0b1, mip.STI <- 0b0)
mem[X,0x000000008000168C] -> 0x8493
mem[X,0x000000008000168E] -> 0xFF84
[2634] [M]: 0x000000008000168C (0xFF848493) addi x9, x9, -0x8                       spcl_M2mmode_test+40
x9 <- 0xFFFFFFFFFFFFFFFC

mem[X,0x0000000080001690] -> 0x9663
mem[X,0x0000000080001692] -> 0x0004
[2635] [M]: 0x0000000080001690 (0x00049663) bne x9, x0, 0xc                         spcl_M2mmode_test+44

clint mtime 0x0000000000000526 (mip.MTI <- 0b1, mip.STI <- 0b0)
mem[X,0x000000008000169C] -> 0x0393
mem[X,0x000000008000169E] -> 0x0200
[2636] [M]: 0x000000008000169C (0x02000393) addi x7, x0, 0x20                       Mtrapsig_ptr_upd+0
x7 <- 0x0000000000000020

mem[X,0x00000000800016A0] -> 0x5263
mem[X,0x00000000800016A2] -> 0x0405
[2637] [M]: 0x00000000800016A0 (0x04055263) bge x10, x0, 0x44                       Mtrapsig_ptr_upd+4

clint mtime 0x0000000000000527 (mip.MTI <- 0b1, mip.STI <- 0b0)
mem[X,0x00000000800016E4] -> 0x2373
mem[X,0x00000000800016E6] -> 0x3010
[2638] [M]: 0x00000000800016E4 (0x30102373) csrrs x6, misa, x0                      Mxcpt_sig_sv+0
CSR misa (0x301) -> 0x800000000034112F
x6 <- 0x800000000034112F

mem[X,0x00000000800016E8] -> 0x1313
mem[X,0x00000000800016EA] -> 0x0383
[2639] [M]: 0x00000000800016E8 (0x03831313) slli x6, x6, 0x38                       Mxcpt_sig_sv+4
x6 <- 0x2F00000000000000

clint mtime 0x0000000000000528 (mip.MTI <- 0b1, mip.STI <- 0b0)
mem[X,0x00000000800016EC] -> 0x5463
mem[X,0x00000000800016EE] -> 0x0003
[2640] [M]: 0x00000000800016EC (0x00035463) bge x6, x0, 0x8                         Mxcpt_sig_sv+8

mem[X,0x00000000800016F4] -> 0x3303
mem[X,0x00000000800016F6] -> 0x2181
[2641] [M]: 0x00000000800016F4 (0x21813303) ld x6, 0x218(x2)                        Mtrap_sig_sv+0
mem[R,0x0000000080004218] -> 0x00000000800094D8
x6 <- 0x00000000800094D8

clint mtime 0x0000000000000529 (mip.MTI <- 0b1, mip.STI <- 0b0)
mem[X,0x00000000800016F8] -> 0x04B3
mem[X,0x00000000800016FA] -> 0x0073
[2642] [M]: 0x00000000800016F8 (0x007304B3) add x9, x6, x7                          Mtrap_sig_sv+4
x9 <- 0x00000000800094F8

mem[X,0x00000000800016FC] -> 0x3C23
mem[X,0x00000000800016FE] -> 0x2091
[2643] [M]: 0x00000000800016FC (0x20913C23) sd x9, 0x218(x2)                        Mtrap_sig_sv+8
mem[W,0x0000000080004218] <- 0x00000000800094F8

clint mtime 0x000000000000052A (mip.MTI <- 0b1, mip.STI <- 0b0)
mem[X,0x0000000080001700] -> 0x3403
mem[X,0x0000000080001702] -> 0x1F81
[2644] [M]: 0x0000000080001700 (0x1F813403) ld x8, 0x1f8(x2)                        Mtrap_sig_sv+12
mem[R,0x00000000800041F8] -> 0x0000000080009110
x8 <- 0x0000000080009110

mem[X,0x0000000080001704] -> 0x0333
mem[X,0x0000000080001706] -> 0x4083
[2645] [M]: 0x0000000080001704 (0x40830333) sub x6, x6, x8                          Mtrap_sig_sv+16
x6 <- 0x00000000000003C8

clint mtime 0x000000000000052B (mip.MTI <- 0b1, mip.STI <- 0b0)
mem[X,0x0000000080001708] -> 0x3403
mem[X,0x000000008000170A] -> 0x1F81
[2646] [M]: 0x0000000080001708 (0x1F813403) ld x8, 0x1f8(x2)                        Mtrap_sig_sv+20
mem[R,0x00000000800041F8] -> 0x0000000080009110
x8 <- 0x0000000080009110

mem[X,0x000000008000170C] -> 0x0333
mem[X,0x000000008000170E] -> 0x0083
[2647] [M]: 0x000000008000170C (0x00830333) add x6, x6, x8                          Mtrap_sig_sv+24
x6 <- 0x00000000800094D8

clint mtime 0x000000000000052C (mip.MTI <- 0b1, mip.STI <- 0b0)
mem[X,0x0000000080001710] -> 0x3403
mem[X,0x0000000080001712] -> 0x2401
[2648] [M]: 0x0000000080001710 (0x24013403) ld x8, 0x240(x2)                        Mtrap_sig_sv+28
mem[R,0x0000000080004240] -> 0x0000000080001480
x8 <- 0x0000000080001480

mem[X,0x0000000080001714] -> 0x85B3
mem[X,0x0000000080001716] -> 0x4085
[2649] [M]: 0x0000000080001714 (0x408585B3) sub x11, x11, x8                        sv_Mvect+0
x11 <- 0x000000000000010C

clint mtime 0x000000000000052D (mip.MTI <- 0b1, mip.STI <- 0b0)
mem[X,0x0000000080001718] -> 0x9593
mem[X,0x000000008000171A] -> 0x0045
[2650] [M]: 0x0000000080001718 (0x00459593) slli x11, x11, 0x4                      sv_Mvect+4
x11 <- 0x00000000000010C0

mem[X,0x000000008000171C] -> 0xE5B3
mem[X,0x000000008000171E] -> 0x0075
[2651] [M]: 0x000000008000171C (0x0075E5B3) or x11, x11, x7                         sv_Mvect+8
x11 <- 0x00000000000010E0

clint mtime 0x000000000000052E (mip.MTI <- 0b1, mip.STI <- 0b0)
mem[X,0x0000000080001720] -> 0x8593
mem[X,0x0000000080001722] -> 0x0035
[2652] [M]: 0x0000000080001720 (0x00358593) addi x11, x11, 0x3                      sv_Mvect+12
x11 <- 0x00000000000010E3

mem[X,0x0000000080001724] -> 0x3023
mem[X,0x0000000080001726] -> 0x00B3
[2653] [M]: 0x0000000080001724 (0x00B33023) sd x11, 0x0(x6)                         sv_Mvect+16
mem[W,0x00000000800094D8] <- 0x00000000000010E3

clint mtime 0x000000000000052F (mip.MTI <- 0b1, mip.STI <- 0b0)
mem[X,0x0000000080001728] -> 0x3423
mem[X,0x000000008000172A] -> 0x00A3
[2654] [M]: 0x0000000080001728 (0x00A33423) sd x10, 0x8(x6)                         sv_Mcause+0
mem[W,0x00000000800094E0] <- 0x0000000000000005

mem[X,0x000000008000172C] -> 0x4663
mem[X,0x000000008000172E] -> 0x1A05
[2655] [M]: 0x000000008000172C (0x1A054663) blt x10, x0, 0x1ac                      sv_Mcause+4

clint mtime 0x0000000000000530 (mip.MTI <- 0b1, mip.STI <- 0b0)
mem[X,0x0000000080001730] -> 0x25F3
mem[X,0x0000000080001732] -> 0x3000
[2656] [M]: 0x0000000080001730 (0x300025F3) csrrs x11, mstatus, x0                  common_Mexcpt_handler+0
CSR mstatus (0x300) -> 0x0000000A00000000
x11 <- 0x0000000A00000000

mem[X,0x0000000080001734] -> 0x9413
mem[X,0x0000000080001736] -> 0x02E5
[2657] [M]: 0x0000000080001734 (0x02E59413) slli x8, x11, 0x2e                      common_Mexcpt_handler+4
x8 <- 0x0000000000000000

clint mtime 0x0000000000000531 (mip.MTI <- 0b1, mip.STI <- 0b0)
mem[X,0x0000000080001738] -> 0x5463
mem[X,0x000000008000173A] -> 0x0004
[2658] [M]: 0x0000000080001738 (0x00045463) bge x8, x0, 0x8                         common_Mexcpt_handler+8

mem[X,0x0000000080001740] -> 0xD493
mem[X,0x0000000080001742] -> 0x00B5
[2659] [M]: 0x0000000080001740 (0x00B5D493) srli x9, x11, 0xb                       common_Mexcpt_handler+16
x9 <- 0x0000000001400000

clint mtime 0x0000000000000532 (mip.MTI <- 0b1, mip.STI <- 0b0)
mem[X,0x0000000080001744] -> 0xF493
mem[X,0x0000000080001746] -> 0x0034
[2660] [M]: 0x0000000080001744 (0x0034F493) andi x9, x9, 0x3                        common_Mexcpt_handler+20
x9 <- 0x0000000000000000

mem[X,0x0000000080001748] -> 0x8493
mem[X,0x000000008000174A] -> 0x0014
[2661] [M]: 0x0000000080001748 (0x00148493) addi x9, x9, 0x1                        common_Mexcpt_handler+24
x9 <- 0x0000000000000001

clint mtime 0x0000000000000533 (mip.MTI <- 0b1, mip.STI <- 0b0)
mem[X,0x000000008000174C] -> 0xF493
mem[X,0x000000008000174E] -> 0x0044
[2662] [M]: 0x000000008000174C (0x0044F493) andi x9, x9, 0x4                        common_Mexcpt_handler+28
x9 <- 0x0000000000000000

mem[X,0x0000000080001750] -> 0x0593
mem[X,0x0000000080001752] -> 0x05D0
[2663] [M]: 0x0000000080001750 (0x05D00593) addi x11, x0, 0x5d                      common_Mexcpt_handler+32
x11 <- 0x000000000000005D

clint mtime 0x0000000000000534 (mip.MTI <- 0b1, mip.STI <- 0b0)
mem[X,0x0000000080001754] -> 0xD5B3
mem[X,0x0000000080001756] -> 0x0095
[2664] [M]: 0x0000000080001754 (0x0095D5B3) srl x11, x11, x9                        common_Mexcpt_handler+36
x11 <- 0x000000000000005D

mem[X,0x0000000080001758] -> 0xF593
mem[X,0x000000008000175A] -> 0x0015
[2665] [M]: 0x0000000080001758 (0x0015F593) andi x11, x11, 0x1                      common_Mexcpt_handler+40
x11 <- 0x0000000000000001

clint mtime 0x0000000000000535 (mip.MTI <- 0b1, mip.STI <- 0b0)
mem[X,0x000000008000175C] -> 0x8EE3
mem[X,0x000000008000175E] -> 0xF405
[2666] [M]: 0x000000008000175C (0xF4058EE3) beq x11, x0, -0xa4                      common_Mexcpt_handler+44

mem[X,0x0000000080001760] -> 0x0593
mem[X,0x0000000080001762] -> 0x2980
[2667] [M]: 0x0000000080001760 (0x29800593) addi x11, x0, 0x298                     common_Mexcpt_handler+48
x11 <- 0x0000000000000298

clint mtime 0x0000000000000536 (mip.MTI <- 0b1, mip.STI <- 0b0)
mem[X,0x0000000080001764] -> 0xF413
mem[X,0x0000000080001766] -> 0x0014
[2668] [M]: 0x0000000080001764 (0x0014F413) andi x8, x9, 0x1                        common_Mexcpt_handler+52
x8 <- 0x0000000000000000

mem[X,0x0000000080001768] -> 0x95B3
mem[X,0x000000008000176A] -> 0x0085
[2669] [M]: 0x0000000080001768 (0x008595B3) sll x11, x11, x8                        common_Mexcpt_handler+56
x11 <- 0x0000000000000298

clint mtime 0x0000000000000537 (mip.MTI <- 0b1, mip.STI <- 0b0)
mem[X,0x000000008000176C] -> 0x9413
mem[X,0x000000008000176E] -> 0x03D4
[2670] [M]: 0x000000008000176C (0x03D49413) slli x8, x9, 0x3d                       common_Mexcpt_handler+60
x8 <- 0x0000000000000000

mem[X,0x0000000080001770] -> 0x5413
mem[X,0x0000000080001772] -> 0x43F4
[2671] [M]: 0x0000000080001770 (0x43F45413) srai x8, x8, 0x3f                       common_Mexcpt_handler+64
x8 <- 0x0000000000000000

clint mtime 0x0000000000000538 (mip.MTI <- 0b1, mip.STI <- 0b0)
mem[X,0x0000000080001774] -> 0x4413
mem[X,0x0000000080001776] -> 0xFFF4
[2672] [M]: 0x0000000080001774 (0xFFF44413) xori x8, x8, -0x1                       common_Mexcpt_handler+68
x8 <- 0xFFFFFFFFFFFFFFFF

mem[X,0x0000000080001778] -> 0xF4B3
mem[X,0x000000008000177A] -> 0x0085
[2673] [M]: 0x0000000080001778 (0x0085F4B3) and x9, x11, x8                         common_Mexcpt_handler+72
x9 <- 0x0000000000000298

clint mtime 0x0000000000000539 (mip.MTI <- 0b1, mip.STI <- 0b0)
mem[X,0x000000008000177C] -> 0x84B3
mem[X,0x000000008000177E] -> 0x0024
[2674] [M]: 0x000000008000177C (0x002484B3) add x9, x9, x2                          vmem_adj_Mepc+0
x9 <- 0x0000000080004298

mem[X,0x0000000080001780] -> 0x23F3
mem[X,0x0000000080001782] -> 0x3410
[2675] [M]: 0x0000000080001780 (0x341023F3) csrrs x7, mepc, x0                      vmem_adj_Mepc+4
CSR mepc (0x341) -> 0xFFFFFF0080001310
x7 <- 0xFFFFFF0080001310

clint mtime 0x000000000000053A (mip.MTI <- 0b1, mip.STI <- 0b0)
mem[X,0x0000000080001784] -> 0x0413
mem[X,0x0000000080001786] -> 0x0004
[2676] [M]: 0x0000000080001784 (0x00040413) addi x8, x8, 0x0                        vmem_adj_Mepc+8
x8 <- 0xFFFFFFFFFFFFFFFF

mem[X,0x0000000080001788] -> 0x006F
mem[X,0x000000008000178A] -> 0x0400
[2677] [M]: 0x0000000080001788 (0x0400006F) jal x0, 0x40                            vmem_adj_Mepc+12

clint mtime 0x000000000000053B (mip.MTI <- 0b1, mip.STI <- 0b0)
mem[X,0x00000000800017C8] -> 0x8433
mem[X,0x00000000800017CA] -> 0x4083
[2678] [M]: 0x00000000800017C8 (0x40838433) sub x8, x7, x8                          adj_Mepc+0
x8 <- 0xFFFFFF0080001311

mem[X,0x00000000800017CC] -> 0x3823
mem[X,0x00000000800017CE] -> 0x0083
[2679] [M]: 0x00000000800017CC (0x00833823) sd x8, 0x10(x6)                         sv_Mepc+0
mem[W,0x00000000800094E8] <- 0xFFFFFF0080001311

clint mtime 0x000000000000053C (mip.MTI <- 0b1, mip.STI <- 0b0)
mem[X,0x00000000800017D0] -> 0x55B7
mem[X,0x00000000800017D2] -> 0x0000
[2680] [M]: 0x00000000800017D0 (0x000055B7) lui x11, 0x5                            sv_Mepc+4
x11 <- 0x0000000000005000

mem[X,0x00000000800017D4] -> 0x8593
mem[X,0x00000000800017D6] -> 0x6675
[2681] [M]: 0x00000000800017D4 (0x66758593) addi x11, x11, 0x667                    sv_Mepc+8
x11 <- 0x0000000000005667

clint mtime 0x000000000000053D (mip.MTI <- 0b1, mip.STI <- 0b0)
mem[X,0x00000000800017D8] -> 0x9593
mem[X,0x00000000800017DA] -> 0x0015
[2682] [M]: 0x00000000800017D8 (0x00159593) slli x11, x11, 0x1                      sv_Mepc+12
x11 <- 0x000000000000ACCE

mem[X,0x00000000800017DC] -> 0x9063
mem[X,0x00000000800017DE] -> 0x02B1
[2683] [M]: 0x00000000800017DC (0x02B19063) bne x3, x11, 0x20                       sv_Mepc+16

clint mtime 0x000000000000053E (mip.MTI <- 0b1, mip.STI <- 0b0)
mem[X,0x00000000800017E0] -> 0x2473
mem[X,0x00000000800017E2] -> 0x3420
[2684] [M]: 0x00000000800017E0 (0x34202473) csrrs x8, mcause, x0                    sv_Mepc+20
CSR mcause (0x342) -> 0x0000000000000005
x8 <- 0x0000000000000005

mem[X,0x00000000800017E4] -> 0x0593
mem[X,0x00000000800017E6] -> 0x00C0
[2685] [M]: 0x00000000800017E4 (0x00C00593) addi x11, x0, 0xc                       sv_Mepc+24
x11 <- 0x000000000000000C

clint mtime 0x000000000000053F (mip.MTI <- 0b1, mip.STI <- 0b0)
mem[X,0x00000000800017E8] -> 0x0663
mem[X,0x00000000800017EA] -> 0x00B4
[2686] [M]: 0x00000000800017E8 (0x00B40663) beq x8, x11, 0xc                        sv_Mepc+28

mem[X,0x00000000800017EC] -> 0x0593
mem[X,0x00000000800017EE] -> 0x0010
[2687] [M]: 0x00000000800017EC (0x00100593) addi x11, x0, 0x1                       sv_Mepc+32
x11 <- 0x0000000000000001

clint mtime 0x0000000000000540 (mip.MTI <- 0b1, mip.STI <- 0b0)
mem[X,0x00000000800017F0] -> 0x1663
mem[X,0x00000000800017F2] -> 0x00B4
[2688] [M]: 0x00000000800017F0 (0x00B41663) bne x8, x11, 0xc                        sv_Mepc+36

mem[X,0x00000000800017FC] -> 0xF593
mem[X,0x00000000800017FE] -> 0xFFC3
[2689] [M]: 0x00000000800017FC (0xFFC3F593) andi x11, x7, -0x4                      adj_Mepc_rtn+0
x11 <- 0xFFFFFF0080001310

clint mtime 0x0000000000000541 (mip.MTI <- 0b1, mip.STI <- 0b0)
mem[X,0x0000000080001800] -> 0x8593
mem[X,0x0000000080001802] -> 0x0085
[2690] [M]: 0x0000000080001800 (0x00858593) addi x11, x11, 0x8                      adj_Mepc_rtn+4
x11 <- 0xFFFFFF0080001318

mem[X,0x0000000080001804] -> 0x9073
mem[X,0x0000000080001806] -> 0x3415
[2691] [M]: 0x0000000080001804 (0x34159073) csrrw x0, mepc, x11                     adj_Mepc_rtn+8
CSR mepc (0x341) <- 0xFFFFFF0080001318

clint mtime 0x0000000000000542 (mip.MTI <- 0b1, mip.STI <- 0b0)
mem[X,0x0000000080001808] -> 0x23F3
mem[X,0x000000008000180A] -> 0x3430
[2692] [M]: 0x0000000080001808 (0x343023F3) csrrs x7, mtval, x0                     skp_adj_Mepc+0
CSR mtval (0x343) -> 0x0000000000000414
x7 <- 0x0000000000000414

mem[X,0x000000008000180C] -> 0x0413
mem[X,0x000000008000180E] -> 0x0004
[2693] [M]: 0x000000008000180C (0x00040413) addi x8, x8, 0x0                        skp_adj_Mepc+4
x8 <- 0x0000000000000005

clint mtime 0x0000000000000543 (mip.MTI <- 0b1, mip.STI <- 0b0)
mem[X,0x0000000080001810] -> 0x006F
mem[X,0x0000000080001812] -> 0x0840
[2694] [M]: 0x0000000080001810 (0x0840006F) jal x0, 0x84                            skp_adj_Mepc+8

mem[X,0x0000000080001894] -> 0x8433
mem[X,0x0000000080001896] -> 0x4083
[2695] [M]: 0x0000000080001894 (0x40838433) sub x8, x7, x8                          adj_Mtval+0
x8 <- 0x000000000000040F

clint mtime 0x0000000000000544 (mip.MTI <- 0b1, mip.STI <- 0b0)
mem[X,0x0000000080001898] -> 0x3C23
mem[X,0x000000008000189A] -> 0x0083
[2696] [M]: 0x0000000080001898 (0x00833C23) sd x8, 0x18(x6)                         sv_Mtval+0
mem[W,0x00000000800094F0] <- 0x000000000000040F

mem[X,0x000000008000189C] -> 0x3483
mem[X,0x000000008000189E] -> 0x2181
[2697] [M]: 0x000000008000189C (0x21813483) ld x9, 0x218(x2)                        skp_Mtval+0
mem[R,0x0000000080004218] -> 0x00000000800094F8
x9 <- 0x00000000800094F8

clint mtime 0x0000000000000545 (mip.MTI <- 0b1, mip.STI <- 0b0)
mem[X,0x00000000800018A0] -> 0x3383
mem[X,0x00000000800018A2] -> 0x1F81
[2698] [M]: 0x00000000800018A0 (0x1F813383) ld x7, 0x1f8(x2)                        skp_Mtval+4
mem[R,0x00000000800041F8] -> 0x0000000080009110
x7 <- 0x0000000080009110

mem[X,0x00000000800018A4] -> 0x3303
mem[X,0x00000000800018A6] -> 0x2001
[2699] [M]: 0x00000000800018A4 (0x20013303) ld x6, 0x200(x2)                        skp_Mtval+8
mem[R,0x0000000080004200] -> 0x0000000000000410
x6 <- 0x0000000000000410

clint mtime 0x0000000000000546 (mip.MTI <- 0b1, mip.STI <- 0b0)
mem[X,0x00000000800018A8] -> 0x0333
mem[X,0x00000000800018AA] -> 0x0073
[2700] [M]: 0x00000000800018A8 (0x00730333) add x6, x6, x7                          skp_Mtval+12
x6 <- 0x0000000080009520

mem[X,0x00000000800018AC] -> 0x6AE3
mem[X,0x00000000800018AE] -> 0xAE93
[2701] [M]: 0x00000000800018AC (0xAE936AE3) bltu x6, x9, -0x50c                     skp_Mtval+16

clint mtime 0x0000000000000547 (mip.MTI <- 0b1, mip.STI <- 0b0)
mem[X,0x00000000800018B0] -> 0x0393
mem[X,0x00000000800018B2] -> 0x2000
[2702] [M]: 0x00000000800018B0 (0x20000393) addi x7, x0, 0x200                      skp_Mtval+20
x7 <- 0x0000000000000200

mem[X,0x00000000800018B4] -> 0x006F
mem[X,0x00000000800018B6] -> 0x0400
[2703] [M]: 0x00000000800018B4 (0x0400006F) jal x0, 0x40                            skp_Mtval+24

clint mtime 0x0000000000000548 (mip.MTI <- 0b1, mip.STI <- 0b0)
mem[X,0x00000000800018F4] -> 0x0417
mem[X,0x00000000800018F6] -> 0x0000
[2704] [M]: 0x00000000800018F4 (0x00000417) auipc x8, 0x0                           spcl_Mhandler+0
x8 <- 0x00000000800018F4

mem[X,0x00000000800018F8] -> 0x0413
mem[X,0x00000000800018FA] -> 0x03C4
[2705] [M]: 0x00000000800018F8 (0x03C40413) addi x8, x8, 0x3c                       spcl_Mhandler+4
x8 <- 0x0000000080001930

clint mtime 0x0000000000000549 (mip.MTI <- 0b1, mip.STI <- 0b0)
mem[X,0x00000000800018FC] -> 0x0433
mem[X,0x00000000800018FE] -> 0x0074
[2706] [M]: 0x00000000800018FC (0x00740433) add x8, x8, x7                          spcl_Mhandler+8
x8 <- 0x0000000080001B30

mem[X,0x0000000080001900] -> 0x1393
mem[X,0x0000000080001902] -> 0x0035
[2707] [M]: 0x0000000080001900 (0x00351393) slli x7, x10, 0x3                       spcl_Mhandler+12
x7 <- 0x0000000000000028

clint mtime 0x000000000000054A (mip.MTI <- 0b1, mip.STI <- 0b0)
mem[X,0x0000000080001904] -> 0x0433
mem[X,0x0000000080001906] -> 0x0074
[2708] [M]: 0x0000000080001904 (0x00740433) add x8, x8, x7                          spcl_Mhandler+16
x8 <- 0x0000000080001B58

mem[X,0x0000000080001908] -> 0x7413
mem[X,0x000000008000190A] -> 0xFF84
[2709] [M]: 0x0000000080001908 (0xFF847413) andi x8, x8, -0x8                       spcl_Mhandler+20
x8 <- 0x0000000080001B58

clint mtime 0x000000000000054B (mip.MTI <- 0b1, mip.STI <- 0b0)
mem[X,0x000000008000190C] -> 0x3403
mem[X,0x000000008000190E] -> 0x0004
[2710] [M]: 0x000000008000190C (0x00043403) ld x8, 0x0(x8)                          spcl_Mhandler+24
mem[R,0x0000000080001B58] -> 0x000000000000000B
x8 <- 0x000000000000000B

mem[X,0x0000000080001910] -> 0x02E3
mem[X,0x0000000080001912] -> 0xB204
[2711] [M]: 0x0000000080001910 (0xB20402E3) beq x8, x0, -0x4dc                      spcl_Mdispatch_hndling+0

clint mtime 0x000000000000054C (mip.MTI <- 0b1, mip.STI <- 0b0)
mem[X,0x0000000080001914] -> 0x1393
mem[X,0x0000000080001916] -> 0x03F4
[2712] [M]: 0x0000000080001914 (0x03F41393) slli x7, x8, 0x3f                       spcl_Mdispatch_hndling+4
x7 <- 0x8000000000000000

mem[X,0x0000000080001918] -> 0xD863
mem[X,0x000000008000191A] -> 0x0003
[2713] [M]: 0x0000000080001918 (0x0003D863) bge x7, x0, 0x10                        spcl_Mdispatch_hndling+8

clint mtime 0x000000000000054D (mip.MTI <- 0b1, mip.STI <- 0b0)
mem[X,0x000000008000191C] -> 0x5413
mem[X,0x000000008000191E] -> 0x0014
[2714] [M]: 0x000000008000191C (0x00145413) srli x8, x8, 0x1                        spcl_Mdispatch_hndling+12
x8 <- 0x0000000000000005

mem[X,0x0000000080001920] -> 0x0CE3
mem[X,0x0000000080001922] -> 0xF885
[2715] [M]: 0x0000000080001920 (0xF8850CE3) beq x10, x8, -0x68                      spcl_Mdispatch_hndling+16

clint mtime 0x000000000000054E (mip.MTI <- 0b1, mip.STI <- 0b0)
mem[X,0x00000000800018B8] -> 0x3303
mem[X,0x00000000800018BA] -> 0x2601
[2716] [M]: 0x00000000800018B8 (0x26013303) ld x6, 0x260(x2)                        resto_Mrtn+0
mem[R,0x0000000080004260] -> 0xFFFFFFFF7FFFEF8C
x6 <- 0xFFFFFFFF7FFFEF8C

mem[X,0x00000000800018BC] -> 0x3383
mem[X,0x00000000800018BE] -> 0x2681
[2717] [M]: 0x00000000800018BC (0x26813383) ld x7, 0x268(x2)                        resto_Mrtn+4
mem[R,0x0000000080004268] -> 0x0000000080004000
x7 <- 0x0000000080004000

clint mtime 0x000000000000054F (mip.MTI <- 0b1, mip.STI <- 0b0)
mem[X,0x00000000800018C0] -> 0x3403
mem[X,0x00000000800018C2] -> 0x2701
[2718] [M]: 0x00000000800018C0 (0x27013403) ld x8, 0x270(x2)                        resto_Mrtn+8
mem[R,0x0000000080004270] -> 0x0000000000007F76
x8 <- 0x0000000000007F76

mem[X,0x00000000800018C4] -> 0x3483
mem[X,0x00000000800018C6] -> 0x2781
[2719] [M]: 0x00000000800018C4 (0x27813483) ld x9, 0x278(x2)                        resto_Mrtn+12
mem[R,0x0000000080004278] -> 0xFFFFFF000000027C
x9 <- 0xFFFFFF000000027C

clint mtime 0x0000000000000550 (mip.MTI <- 0b1, mip.STI <- 0b0)
mem[X,0x00000000800018C8] -> 0x3503
mem[X,0x00000000800018CA] -> 0x2801
[2720] [M]: 0x00000000800018C8 (0x28013503) ld x10, 0x280(x2)                       resto_Mrtn+16
mem[R,0x0000000080004280] -> 0x00000000200000DF
x10 <- 0x00000000200000DF

mem[X,0x00000000800018CC] -> 0x3583
mem[X,0x00000000800018CE] -> 0x2881
[2721] [M]: 0x00000000800018CC (0x28813583) ld x11, 0x288(x2)                       resto_Mrtn+20
mem[R,0x0000000080004288] -> 0x00000000000000DF
x11 <- 0x00000000000000DF

clint mtime 0x0000000000000551 (mip.MTI <- 0b1, mip.STI <- 0b0)
mem[X,0x00000000800018D0] -> 0x3103
mem[X,0x00000000800018D2] -> 0x2901
[2722] [M]: 0x00000000800018D0 (0x29013103) ld x2, 0x290(x2)                        resto_Mrtn+24
mem[R,0x0000000080004290] -> 0x0000000000000000
x2 <- 0x0000000000000000

mem[X,0x00000000800018D4] -> 0x0073
mem[X,0x00000000800018D6] -> 0x3020
[2723] [M]: 0x00000000800018D4 (0x30200073) mret                                    resto_Mrtn+28
CSR mstatus (0x300) <- 0x0000000A00000080
ret-ing from M to U

clint mtime 0x0000000000000552 (mip.MTI <- 0b1, mip.STI <- 0b0)
PTW: Start, vpn=0xff0080001, access_type=X, privilege=Umem[R,0x0000000080008FF0] -> 0x00000000000000DB
PTW: Step, level=3, pte=0xDB, pte_addr=0x80008FF0
PTW: Success, final_ppn=0x80001, level=3mem[X,0x0000000080001318] -> 0x51B7
PTW: Start, vpn=0xff0080001, access_type=X, privilege=Umem[R,0x0000000080008FF0] -> 0x00000000000000DB
PTW: Step, level=3, pte=0xDB, pte_addr=0x80008FF0
PTW: Success, final_ppn=0x80001, level=3mem[X,0x000000008000131A] -> 0x0000
[2724] [U]: 0xFFFFFF0080001318 (0x000051B7) lui x3, 0x5                             va_rvtest_code_begin+2908
x3 <- 0x0000000000005000

PTW: Start, vpn=0xff0080001, access_type=X, privilege=Umem[R,0x0000000080008FF0] -> 0x00000000000000DB
PTW: Step, level=3, pte=0xDB, pte_addr=0x80008FF0
PTW: Success, final_ppn=0x80001, level=3mem[X,0x000000008000131C] -> 0x8193
PTW: Start, vpn=0xff0080001, access_type=X, privilege=Umem[R,0x0000000080008FF0] -> 0x00000000000000DB
PTW: Step, level=3, pte=0xDB, pte_addr=0x80008FF0
PTW: Success, final_ppn=0x80001, level=3mem[X,0x000000008000131E] -> 0x6671
[2725] [U]: 0xFFFFFF008000131C (0x66718193) addi x3, x3, 0x667                      va_rvtest_code_begin+2912
x3 <- 0x0000000000005667

clint mtime 0x0000000000000553 (mip.MTI <- 0b1, mip.STI <- 0b0)
PTW: Start, vpn=0xff0080001, access_type=X, privilege=Umem[R,0x0000000080008FF0] -> 0x00000000000000DB
PTW: Step, level=3, pte=0xDB, pte_addr=0x80008FF0
PTW: Success, final_ppn=0x80001, level=3mem[X,0x0000000080001320] -> 0x9193
PTW: Start, vpn=0xff0080001, access_type=X, privilege=Umem[R,0x0000000080008FF0] -> 0x00000000000000DB
PTW: Step, level=3, pte=0xDB, pte_addr=0x80008FF0
PTW: Success, final_ppn=0x80001, level=3mem[X,0x0000000080001322] -> 0x0011
[2726] [U]: 0xFFFFFF0080001320 (0x00119193) slli x3, x3, 0x1                        va_rvtest_code_begin+2916
x3 <- 0x000000000000ACCE

PTW: Start, vpn=0xff0080001, access_type=X, privilege=Umem[R,0x0000000080008FF0] -> 0x00000000000000DB
PTW: Step, level=3, pte=0xDB, pte_addr=0x80008FF0
PTW: Success, final_ppn=0x80001, level=3mem[X,0x0000000080001324] -> 0x0013
PTW: Start, vpn=0xff0080001, access_type=X, privilege=Umem[R,0x0000000080008FF0] -> 0x00000000000000DB
PTW: Step, level=3, pte=0xDB, pte_addr=0x80008FF0
PTW: Success, final_ppn=0x80001, level=3mem[X,0x0000000080001326] -> 0x0000
[2727] [U]: 0xFFFFFF0080001324 (0x00000013) addi x0, x0, 0x0                        va_rvtest_code_begin+2920

clint mtime 0x0000000000000554 (mip.MTI <- 0b1, mip.STI <- 0b0)
PTW: Start, vpn=0xff0080001, access_type=X, privilege=Umem[R,0x0000000080008FF0] -> 0x00000000000000DB
PTW: Step, level=3, pte=0xDB, pte_addr=0x80008FF0
PTW: Success, final_ppn=0x80001, level=3mem[X,0x0000000080001328] -> 0x0013
PTW: Start, vpn=0xff0080001, access_type=X, privilege=Umem[R,0x0000000080008FF0] -> 0x00000000000000DB
PTW: Step, level=3, pte=0xDB, pte_addr=0x80008FF0
PTW: Success, final_ppn=0x80001, level=3mem[X,0x000000008000132A] -> 0x0000
[2728] [U]: 0xFFFFFF0080001328 (0x00000013) addi x0, x0, 0x0                        va_rvtest_code_begin+2924

PTW: Start, vpn=0xff0080001, access_type=X, privilege=Umem[R,0x0000000080008FF0] -> 0x00000000000000DB
PTW: Step, level=3, pte=0xDB, pte_addr=0x80008FF0
PTW: Success, final_ppn=0x80001, level=3mem[X,0x000000008000132C] -> 0x0013
PTW: Start, vpn=0xff0080001, access_type=X, privilege=Umem[R,0x0000000080008FF0] -> 0x00000000000000DB
PTW: Step, level=3, pte=0xDB, pte_addr=0x80008FF0
PTW: Success, final_ppn=0x80001, level=3mem[X,0x000000008000132E] -> 0x0000
[2729] [U]: 0xFFFFFF008000132C (0x00000013) addi x0, x0, 0x0                        va_rvtest_code_begin+2928

clint mtime 0x0000000000000555 (mip.MTI <- 0b1, mip.STI <- 0b0)
PTW: Start, vpn=0xff0080001, access_type=X, privilege=Umem[R,0x0000000080008FF0] -> 0x00000000000000DB
PTW: Step, level=3, pte=0xDB, pte_addr=0x80008FF0
PTW: Success, final_ppn=0x80001, level=3mem[X,0x0000000080001330] -> 0x0013
PTW: Start, vpn=0xff0080001, access_type=X, privilege=Umem[R,0x0000000080008FF0] -> 0x00000000000000DB
PTW: Step, level=3, pte=0xDB, pte_addr=0x80008FF0
PTW: Success, final_ppn=0x80001, level=3mem[X,0x0000000080001332] -> 0x0000
[2730] [U]: 0xFFFFFF0080001330 (0x00000013) addi x0, x0, 0x0                        va_rvtest_code_begin+2932

PTW: Start, vpn=0xff0080001, access_type=X, privilege=Umem[R,0x0000000080008FF0] -> 0x00000000000000DB
PTW: Step, level=3, pte=0xDB, pte_addr=0x80008FF0
PTW: Success, final_ppn=0x80001, level=3mem[X,0x0000000080001334] -> 0x0013
PTW: Start, vpn=0xff0080001, access_type=X, privilege=Umem[R,0x0000000080008FF0] -> 0x00000000000000DB
PTW: Step, level=3, pte=0xDB, pte_addr=0x80008FF0
PTW: Success, final_ppn=0x80001, level=3mem[X,0x0000000080001336] -> 0x0000
[2731] [U]: 0xFFFFFF0080001334 (0x00000013) addi x0, x0, 0x0                        va_rvtest_code_begin+2936

clint mtime 0x0000000000000556 (mip.MTI <- 0b1, mip.STI <- 0b0)
PTW: Start, vpn=0xff0080001, access_type=X, privilege=Umem[R,0x0000000080008FF0] -> 0x00000000000000DB
PTW: Step, level=3, pte=0xDB, pte_addr=0x80008FF0
PTW: Success, final_ppn=0x80001, level=3mem[X,0x0000000080001338] -> 0x0013
PTW: Start, vpn=0xff0080001, access_type=X, privilege=Umem[R,0x0000000080008FF0] -> 0x00000000000000DB
PTW: Step, level=3, pte=0xDB, pte_addr=0x80008FF0
PTW: Success, final_ppn=0x80001, level=3mem[X,0x000000008000133A] -> 0x0000
[2732] [U]: 0xFFFFFF0080001338 (0x00000013) addi x0, x0, 0x0                        va_rvtest_code_begin+2940

PTW: Start, vpn=0xff0080001, access_type=X, privilege=Umem[R,0x0000000080008FF0] -> 0x00000000000000DB
PTW: Step, level=3, pte=0xDB, pte_addr=0x80008FF0
PTW: Success, final_ppn=0x80001, level=3mem[X,0x000000008000133C] -> 0x0013
PTW: Start, vpn=0xff0080001, access_type=X, privilege=Umem[R,0x0000000080008FF0] -> 0x00000000000000DB
PTW: Step, level=3, pte=0xDB, pte_addr=0x80008FF0
PTW: Success, final_ppn=0x80001, level=3mem[X,0x000000008000133E] -> 0x0000
[2733] [U]: 0xFFFFFF008000133C (0x00000013) addi x0, x0, 0x0                        va_rvtest_code_begin+2944

clint mtime 0x0000000000000557 (mip.MTI <- 0b1, mip.STI <- 0b0)
PTW: Start, vpn=0xff0080001, access_type=X, privilege=Umem[R,0x0000000080008FF0] -> 0x00000000000000DB
PTW: Step, level=3, pte=0xDB, pte_addr=0x80008FF0
PTW: Success, final_ppn=0x80001, level=3mem[X,0x0000000080001340] -> 0x0217
PTW: Start, vpn=0xff0080001, access_type=X, privilege=Umem[R,0x0000000080008FF0] -> 0x00000000000000DB
PTW: Step, level=3, pte=0xDB, pte_addr=0x80008FF0
PTW: Success, final_ppn=0x80001, level=3mem[X,0x0000000080001342] -> 0x0000
[2734] [U]: 0xFFFFFF0080001340 (0x00000217) auipc x4, 0x0                           va_rvtest_code_begin+2948
x4 <- 0xFFFFFF0080001340

PTW: Start, vpn=0xff0080001, access_type=X, privilege=Umem[R,0x0000000080008FF0] -> 0x00000000000000DB
PTW: Step, level=3, pte=0xDB, pte_addr=0x80008FF0
PTW: Success, final_ppn=0x80001, level=3mem[X,0x0000000080001344] -> 0x0213
PTW: Start, vpn=0xff0080001, access_type=X, privilege=Umem[R,0x0000000080008FF0] -> 0x00000000000000DB
PTW: Step, level=3, pte=0xDB, pte_addr=0x80008FF0
PTW: Success, final_ppn=0x80001, level=3mem[X,0x0000000080001346] -> 0x02C2
[2735] [U]: 0xFFFFFF0080001344 (0x02C20213) addi x4, x4, 0x2c                       va_rvtest_code_begin+2952
x4 <- 0xFFFFFF008000136C

clint mtime 0x0000000000000558 (mip.MTI <- 0b1, mip.STI <- 0b0)
PTW: Start, vpn=0xff0080001, access_type=X, privilege=Umem[R,0x0000000080008FF0] -> 0x00000000000000DB
PTW: Step, level=3, pte=0xDB, pte_addr=0x80008FF0
PTW: Success, final_ppn=0x80001, level=3mem[X,0x0000000080001348] -> 0x0001
[2736] [U]: 0xFFFFFF0080001348 (0x0001) c.nop                                       va_rvtest_code_begin+2956

PTW: Start, vpn=0xff0080001, access_type=X, privilege=Umem[R,0x0000000080008FF0] -> 0x00000000000000DB
PTW: Step, level=3, pte=0xDB, pte_addr=0x80008FF0
PTW: Success, final_ppn=0x80001, level=3mem[X,0x000000008000134A] -> 0x0013
PTW: Start, vpn=0xff0080001, access_type=X, privilege=Umem[R,0x0000000080008FF0] -> 0x00000000000000DB
PTW: Step, level=3, pte=0xDB, pte_addr=0x80008FF0
PTW: Success, final_ppn=0x80001, level=3mem[X,0x000000008000134C] -> 0x0000
[2737] [U]: 0xFFFFFF008000134A (0x00000013) addi x0, x0, 0x0                        va_rvtest_code_begin+2958

clint mtime 0x0000000000000559 (mip.MTI <- 0b1, mip.STI <- 0b0)
PTW: Start, vpn=0xff0080001, access_type=X, privilege=Umem[R,0x0000000080008FF0] -> 0x00000000000000DB
PTW: Step, level=3, pte=0xDB, pte_addr=0x80008FF0
PTW: Success, final_ppn=0x80001, level=3mem[X,0x000000008000134E] -> 0x0013
PTW: Start, vpn=0xff0080001, access_type=X, privilege=Umem[R,0x0000000080008FF0] -> 0x00000000000000DB
PTW: Step, level=3, pte=0xDB, pte_addr=0x80008FF0
PTW: Success, final_ppn=0x80001, level=3mem[X,0x0000000080001350] -> 0x0000
[2738] [U]: 0xFFFFFF008000134E (0x00000013) addi x0, x0, 0x0                        va_rvtest_code_begin+2962

PTW: Start, vpn=0xff0080001, access_type=X, privilege=Umem[R,0x0000000080008FF0] -> 0x00000000000000DB
PTW: Step, level=3, pte=0xDB, pte_addr=0x80008FF0
PTW: Success, final_ppn=0x80001, level=3mem[X,0x0000000080001352] -> 0x0013
PTW: Start, vpn=0xff0080001, access_type=X, privilege=Umem[R,0x0000000080008FF0] -> 0x00000000000000DB
PTW: Step, level=3, pte=0xDB, pte_addr=0x80008FF0
PTW: Success, final_ppn=0x80001, level=3mem[X,0x0000000080001354] -> 0x0000
[2739] [U]: 0xFFFFFF0080001352 (0x00000013) addi x0, x0, 0x0                        va_rvtest_code_begin+2966

clint mtime 0x000000000000055A (mip.MTI <- 0b1, mip.STI <- 0b0)
PTW: Start, vpn=0xff0080001, access_type=X, privilege=Umem[R,0x0000000080008FF0] -> 0x00000000000000DB
PTW: Step, level=3, pte=0xDB, pte_addr=0x80008FF0
PTW: Success, final_ppn=0x80001, level=3mem[X,0x0000000080001356] -> 0x0013
PTW: Start, vpn=0xff0080001, access_type=X, privilege=Umem[R,0x0000000080008FF0] -> 0x00000000000000DB
PTW: Step, level=3, pte=0xDB, pte_addr=0x80008FF0
PTW: Success, final_ppn=0x80001, level=3mem[X,0x0000000080001358] -> 0x0000
[2740] [U]: 0xFFFFFF0080001356 (0x00000013) addi x0, x0, 0x0                        va_rvtest_code_begin+2970

PTW: Start, vpn=0xff0080001, access_type=X, privilege=Umem[R,0x0000000080008FF0] -> 0x00000000000000DB
PTW: Step, level=3, pte=0xDB, pte_addr=0x80008FF0
PTW: Success, final_ppn=0x80001, level=3mem[X,0x000000008000135A] -> 0x0013
PTW: Start, vpn=0xff0080001, access_type=X, privilege=Umem[R,0x0000000080008FF0] -> 0x00000000000000DB
PTW: Step, level=3, pte=0xDB, pte_addr=0x80008FF0
PTW: Success, final_ppn=0x80001, level=3mem[X,0x000000008000135C] -> 0x0000
[2741] [U]: 0xFFFFFF008000135A (0x00000013) addi x0, x0, 0x0                        va_rvtest_code_begin+2974

clint mtime 0x000000000000055B (mip.MTI <- 0b1, mip.STI <- 0b0)
PTW: Start, vpn=0xff0080001, access_type=X, privilege=Umem[R,0x0000000080008FF0] -> 0x00000000000000DB
PTW: Step, level=3, pte=0xDB, pte_addr=0x80008FF0
PTW: Success, final_ppn=0x80001, level=3mem[X,0x000000008000135E] -> 0x0001
[2742] [U]: 0xFFFFFF008000135E (0x0001) c.nop                                       va_rvtest_code_begin+2978

PTW: Start, vpn=0xff0080001, access_type=X, privilege=Umem[R,0x0000000080008FF0] -> 0x00000000000000DB
PTW: Step, level=3, pte=0xDB, pte_addr=0x80008FF0
PTW: Success, final_ppn=0x80001, level=3mem[X,0x0000000080001360] -> 0x80E7
PTW: Start, vpn=0xff0080001, access_type=X, privilege=Umem[R,0x0000000080008FF0] -> 0x00000000000000DB
PTW: Step, level=3, pte=0xDB, pte_addr=0x80008FF0
PTW: Success, final_ppn=0x80001, level=3mem[X,0x0000000080001362] -> 0x0007
[2743] [U]: 0xFFFFFF0080001360 (0x000780E7) jalr x1, 0x0(x15)                       va_rvtest_code_begin+2980
x1 <- 0xFFFFFF0080001364

clint mtime 0x000000000000055C (mip.MTI <- 0b1, mip.STI <- 0b0)
PTW: Start, vpn=0x0, access_type=X, privilege=Umem[R,0x0000000080008000] -> 0x0000000020001C01
PTW: Step, level=3, pte=0x20001C01, pte_addr=0x80008000
PTW: Start, vpn=0x0, access_type=X, privilege=Umem[R,0x0000000080007000] -> 0x0000000020001801
PTW: Step, level=2, pte=0x20001801, pte_addr=0x80007000
PTW: Start, vpn=0x0, access_type=X, privilege=Umem[R,0x0000000080006000] -> 0x0000000020001401
PTW: Step, level=1, pte=0x20001401, pte_addr=0x80006000
PTW: Start, vpn=0x0, access_type=X, privilege=UPTW: failed, error=mem-access-error, level=0, pte_addr=0x80005000
trapping from U to M to handle fetch-access-fault
handling exc#fetch-access-fault at priv M with tval 0x0000000000000400
CSR mstatus (0x300) <- 0x0000000A00000000
CSR mcause (0x342) <- 0x0000000000000001
CSR mtval (0x343) <- 0x0000000000000400
CSR mepc (0x341) <- 0x0000000000000400

mem[X,0x0000000080001480] -> 0x006F
mem[X,0x0000000080001482] -> 0x1000
[2745] [M]: 0x0000000080001480 (0x1000006F) jal x0, 0x100                           Mtrampoline+0

clint mtime 0x000000000000055D (mip.MTI <- 0b1, mip.STI <- 0b0)
mem[X,0x0000000080001580] -> 0x1173
mem[X,0x0000000080001582] -> 0x3401
[2746] [M]: 0x0000000080001580 (0x34011173) csrrw x2, mscratch, x2                  trap_Mhandler+0
CSR mscratch (0x340) <- 0x0000000000000000
x2 <- 0x0000000080004000

mem[X,0x0000000080001584] -> 0x3423
mem[X,0x0000000080001586] -> 0x28B1
[2747] [M]: 0x0000000080001584 (0x28B13423) sd x11, 0x288(x2)                       trap_Mhandler+4
mem[W,0x0000000080004288] <- 0x00000000000000DF

clint mtime 0x000000000000055E (mip.MTI <- 0b1, mip.STI <- 0b0)
mem[X,0x0000000080001588] -> 0x05EF
mem[X,0x000000008000158A] -> 0x0B80
[2748] [M]: 0x0000000080001588 (0x0B8005EF) jal x11, 0xb8                           trap_Mhandler+8
x11 <- 0x000000008000158C

mem[X,0x0000000080001640] -> 0x3023
mem[X,0x0000000080001642] -> 0x28A1
[2749] [M]: 0x0000000080001640 (0x28A13023) sd x10, 0x280(x2)                       common_Mhandler+0
mem[W,0x0000000080004280] <- 0x00000000200000DF

clint mtime 0x000000000000055F (mip.MTI <- 0b1, mip.STI <- 0b0)
mem[X,0x0000000080001644] -> 0x1573
mem[X,0x0000000080001646] -> 0x3401
[2750] [M]: 0x0000000080001644 (0x34011573) csrrw x10, mscratch, x2                 common_Mhandler+4
CSR mscratch (0x340) <- 0x0000000080004000
x10 <- 0x0000000000000000

mem[X,0x0000000080001648] -> 0x3823
mem[X,0x000000008000164A] -> 0x28A1
[2751] [M]: 0x0000000080001648 (0x28A13823) sd x10, 0x290(x2)                       common_Mhandler+8
mem[W,0x0000000080004290] <- 0x0000000000000000

clint mtime 0x0000000000000560 (mip.MTI <- 0b1, mip.STI <- 0b0)
mem[X,0x000000008000164C] -> 0x3503
mem[X,0x000000008000164E] -> 0x2301
[2752] [M]: 0x000000008000164C (0x23013503) ld x10, 0x230(x2)                       common_Mhandler+12
mem[R,0x0000000080004230] -> 0x0000000080001654
x10 <- 0x0000000080001654

mem[X,0x0000000080001650] -> 0x0067
mem[X,0x0000000080001652] -> 0x0005
[2753] [M]: 0x0000000080001650 (0x00050067) jalr x0, 0x0(x10)                       common_Mhandler+16

clint mtime 0x0000000000000561 (mip.MTI <- 0b1, mip.STI <- 0b0)
mem[X,0x0000000080001654] -> 0x3C23
mem[X,0x0000000080001656] -> 0x2691
[2754] [M]: 0x0000000080001654 (0x26913C23) sd x9, 0x278(x2)                        common_Mentry+0
mem[W,0x0000000080004278] <- 0xFFFFFF000000027C

mem[X,0x0000000080001658] -> 0x3823
mem[X,0x000000008000165A] -> 0x2681
[2755] [M]: 0x0000000080001658 (0x26813823) sd x8, 0x270(x2)                        common_Mentry+4
mem[W,0x0000000080004270] <- 0x0000000000007F76

clint mtime 0x0000000000000562 (mip.MTI <- 0b1, mip.STI <- 0b0)
mem[X,0x000000008000165C] -> 0x3423
mem[X,0x000000008000165E] -> 0x2671
[2756] [M]: 0x000000008000165C (0x26713423) sd x7, 0x268(x2)                        common_Mentry+8
mem[W,0x0000000080004268] <- 0x0000000080004000

mem[X,0x0000000080001660] -> 0x3023
mem[X,0x0000000080001662] -> 0x2661
[2757] [M]: 0x0000000080001660 (0x26613023) sd x6, 0x260(x2)                        common_Mentry+12
mem[W,0x0000000080004260] <- 0xFFFFFFFF7FFFEF8C

clint mtime 0x0000000000000563 (mip.MTI <- 0b1, mip.STI <- 0b0)
mem[X,0x0000000080001664] -> 0x2573
mem[X,0x0000000080001666] -> 0x3420
[2758] [M]: 0x0000000080001664 (0x34202573) csrrs x10, mcause, x0                   spcl_M2mmode_test+0
CSR mcause (0x342) -> 0x0000000000000001
x10 <- 0x0000000000000001

mem[X,0x0000000080001668] -> 0x04B7
mem[X,0x000000008000166A] -> 0x8000
[2759] [M]: 0x0000000080001668 (0x800004B7) lui x9, -0x80000                        spcl_M2mmode_test+4
x9 <- 0xFFFFFFFF80000000

clint mtime 0x0000000000000564 (mip.MTI <- 0b1, mip.STI <- 0b0)
mem[X,0x000000008000166C] -> 0x8493
mem[X,0x000000008000166E] -> 0x0004
[2760] [M]: 0x000000008000166C (0x00048493) addi x9, x9, 0x0                        spcl_M2mmode_test+8
x9 <- 0xFFFFFFFF80000000

mem[X,0x0000000080001670] -> 0x9493
mem[X,0x0000000080001672] -> 0x00B4
[2761] [M]: 0x0000000080001670 (0x00B49493) slli x9, x9, 0xb                        spcl_M2mmode_test+12
x9 <- 0xFFFFFC0000000000

clint mtime 0x0000000000000565 (mip.MTI <- 0b1, mip.STI <- 0b0)
mem[X,0x0000000080001674] -> 0x8493
mem[X,0x0000000080001676] -> 0x0004
[2762] [M]: 0x0000000080001674 (0x00048493) addi x9, x9, 0x0                        spcl_M2mmode_test+16
x9 <- 0xFFFFFC0000000000

mem[X,0x0000000080001678] -> 0x9493
mem[X,0x000000008000167A] -> 0x00B4
[2763] [M]: 0x0000000080001678 (0x00B49493) slli x9, x9, 0xb                        spcl_M2mmode_test+20
x9 <- 0xFFE0000000000000

clint mtime 0x0000000000000566 (mip.MTI <- 0b1, mip.STI <- 0b0)
mem[X,0x000000008000167C] -> 0x8493
mem[X,0x000000008000167E] -> 0x0034
[2764] [M]: 0x000000008000167C (0x00348493) addi x9, x9, 0x3                        spcl_M2mmode_test+24
x9 <- 0xFFE0000000000003

mem[X,0x0000000080001680] -> 0x9493
mem[X,0x0000000080001682] -> 0x00A4
[2765] [M]: 0x0000000080001680 (0x00A49493) slli x9, x9, 0xa                        spcl_M2mmode_test+28
x9 <- 0x8000000000000C00

clint mtime 0x0000000000000567 (mip.MTI <- 0b1, mip.STI <- 0b0)
mem[X,0x0000000080001684] -> 0x8493
mem[X,0x0000000080001686] -> 0x3FC4
[2766] [M]: 0x0000000080001684 (0x3FC48493) addi x9, x9, 0x3fc                      spcl_M2mmode_test+32
x9 <- 0x8000000000000FFC

mem[X,0x0000000080001688] -> 0xF4B3
mem[X,0x000000008000168A] -> 0x00A4
[2767] [M]: 0x0000000080001688 (0x00A4F4B3) and x9, x9, x10                         spcl_M2mmode_test+36
x9 <- 0x0000000000000000

clint mtime 0x0000000000000568 (mip.MTI <- 0b1, mip.STI <- 0b0)
mem[X,0x000000008000168C] -> 0x8493
mem[X,0x000000008000168E] -> 0xFF84
[2768] [M]: 0x000000008000168C (0xFF848493) addi x9, x9, -0x8                       spcl_M2mmode_test+40
x9 <- 0xFFFFFFFFFFFFFFF8

mem[X,0x0000000080001690] -> 0x9663
mem[X,0x0000000080001692] -> 0x0004
[2769] [M]: 0x0000000080001690 (0x00049663) bne x9, x0, 0xc                         spcl_M2mmode_test+44

clint mtime 0x0000000000000569 (mip.MTI <- 0b1, mip.STI <- 0b0)
mem[X,0x000000008000169C] -> 0x0393
mem[X,0x000000008000169E] -> 0x0200
[2770] [M]: 0x000000008000169C (0x02000393) addi x7, x0, 0x20                       Mtrapsig_ptr_upd+0
x7 <- 0x0000000000000020

mem[X,0x00000000800016A0] -> 0x5263
mem[X,0x00000000800016A2] -> 0x0405
[2771] [M]: 0x00000000800016A0 (0x04055263) bge x10, x0, 0x44                       Mtrapsig_ptr_upd+4

clint mtime 0x000000000000056A (mip.MTI <- 0b1, mip.STI <- 0b0)
mem[X,0x00000000800016E4] -> 0x2373
mem[X,0x00000000800016E6] -> 0x3010
[2772] [M]: 0x00000000800016E4 (0x30102373) csrrs x6, misa, x0                      Mxcpt_sig_sv+0
CSR misa (0x301) -> 0x800000000034112F
x6 <- 0x800000000034112F

mem[X,0x00000000800016E8] -> 0x1313
mem[X,0x00000000800016EA] -> 0x0383
[2773] [M]: 0x00000000800016E8 (0x03831313) slli x6, x6, 0x38                       Mxcpt_sig_sv+4
x6 <- 0x2F00000000000000

clint mtime 0x000000000000056B (mip.MTI <- 0b1, mip.STI <- 0b0)
mem[X,0x00000000800016EC] -> 0x5463
mem[X,0x00000000800016EE] -> 0x0003
[2774] [M]: 0x00000000800016EC (0x00035463) bge x6, x0, 0x8                         Mxcpt_sig_sv+8

mem[X,0x00000000800016F4] -> 0x3303
mem[X,0x00000000800016F6] -> 0x2181
[2775] [M]: 0x00000000800016F4 (0x21813303) ld x6, 0x218(x2)                        Mtrap_sig_sv+0
mem[R,0x0000000080004218] -> 0x00000000800094F8
x6 <- 0x00000000800094F8

clint mtime 0x000000000000056C (mip.MTI <- 0b1, mip.STI <- 0b0)
mem[X,0x00000000800016F8] -> 0x04B3
mem[X,0x00000000800016FA] -> 0x0073
[2776] [M]: 0x00000000800016F8 (0x007304B3) add x9, x6, x7                          Mtrap_sig_sv+4
x9 <- 0x0000000080009518

mem[X,0x00000000800016FC] -> 0x3C23
mem[X,0x00000000800016FE] -> 0x2091
[2777] [M]: 0x00000000800016FC (0x20913C23) sd x9, 0x218(x2)                        Mtrap_sig_sv+8
mem[W,0x0000000080004218] <- 0x0000000080009518

clint mtime 0x000000000000056D (mip.MTI <- 0b1, mip.STI <- 0b0)
mem[X,0x0000000080001700] -> 0x3403
mem[X,0x0000000080001702] -> 0x1F81
[2778] [M]: 0x0000000080001700 (0x1F813403) ld x8, 0x1f8(x2)                        Mtrap_sig_sv+12
mem[R,0x00000000800041F8] -> 0x0000000080009110
x8 <- 0x0000000080009110

mem[X,0x0000000080001704] -> 0x0333
mem[X,0x0000000080001706] -> 0x4083
[2779] [M]: 0x0000000080001704 (0x40830333) sub x6, x6, x8                          Mtrap_sig_sv+16
x6 <- 0x00000000000003E8

clint mtime 0x000000000000056E (mip.MTI <- 0b1, mip.STI <- 0b0)
mem[X,0x0000000080001708] -> 0x3403
mem[X,0x000000008000170A] -> 0x1F81
[2780] [M]: 0x0000000080001708 (0x1F813403) ld x8, 0x1f8(x2)                        Mtrap_sig_sv+20
mem[R,0x00000000800041F8] -> 0x0000000080009110
x8 <- 0x0000000080009110

mem[X,0x000000008000170C] -> 0x0333
mem[X,0x000000008000170E] -> 0x0083
[2781] [M]: 0x000000008000170C (0x00830333) add x6, x6, x8                          Mtrap_sig_sv+24
x6 <- 0x00000000800094F8

clint mtime 0x000000000000056F (mip.MTI <- 0b1, mip.STI <- 0b0)
mem[X,0x0000000080001710] -> 0x3403
mem[X,0x0000000080001712] -> 0x2401
[2782] [M]: 0x0000000080001710 (0x24013403) ld x8, 0x240(x2)                        Mtrap_sig_sv+28
mem[R,0x0000000080004240] -> 0x0000000080001480
x8 <- 0x0000000080001480

mem[X,0x0000000080001714] -> 0x85B3
mem[X,0x0000000080001716] -> 0x4085
[2783] [M]: 0x0000000080001714 (0x408585B3) sub x11, x11, x8                        sv_Mvect+0
x11 <- 0x000000000000010C

clint mtime 0x0000000000000570 (mip.MTI <- 0b1, mip.STI <- 0b0)
mem[X,0x0000000080001718] -> 0x9593
mem[X,0x000000008000171A] -> 0x0045
[2784] [M]: 0x0000000080001718 (0x00459593) slli x11, x11, 0x4                      sv_Mvect+4
x11 <- 0x00000000000010C0

mem[X,0x000000008000171C] -> 0xE5B3
mem[X,0x000000008000171E] -> 0x0075
[2785] [M]: 0x000000008000171C (0x0075E5B3) or x11, x11, x7                         sv_Mvect+8
x11 <- 0x00000000000010E0

clint mtime 0x0000000000000571 (mip.MTI <- 0b1, mip.STI <- 0b0)
mem[X,0x0000000080001720] -> 0x8593
mem[X,0x0000000080001722] -> 0x0035
[2786] [M]: 0x0000000080001720 (0x00358593) addi x11, x11, 0x3                      sv_Mvect+12
x11 <- 0x00000000000010E3

mem[X,0x0000000080001724] -> 0x3023
mem[X,0x0000000080001726] -> 0x00B3
[2787] [M]: 0x0000000080001724 (0x00B33023) sd x11, 0x0(x6)                         sv_Mvect+16
mem[W,0x00000000800094F8] <- 0x00000000000010E3

clint mtime 0x0000000000000572 (mip.MTI <- 0b1, mip.STI <- 0b0)
mem[X,0x0000000080001728] -> 0x3423
mem[X,0x000000008000172A] -> 0x00A3
[2788] [M]: 0x0000000080001728 (0x00A33423) sd x10, 0x8(x6)                         sv_Mcause+0
mem[W,0x0000000080009500] <- 0x0000000000000001

mem[X,0x000000008000172C] -> 0x4663
mem[X,0x000000008000172E] -> 0x1A05
[2789] [M]: 0x000000008000172C (0x1A054663) blt x10, x0, 0x1ac                      sv_Mcause+4

clint mtime 0x0000000000000573 (mip.MTI <- 0b1, mip.STI <- 0b0)
mem[X,0x0000000080001730] -> 0x25F3
mem[X,0x0000000080001732] -> 0x3000
[2790] [M]: 0x0000000080001730 (0x300025F3) csrrs x11, mstatus, x0                  common_Mexcpt_handler+0
CSR mstatus (0x300) -> 0x0000000A00000000
x11 <- 0x0000000A00000000

mem[X,0x0000000080001734] -> 0x9413
mem[X,0x0000000080001736] -> 0x02E5
[2791] [M]: 0x0000000080001734 (0x02E59413) slli x8, x11, 0x2e                      common_Mexcpt_handler+4
x8 <- 0x0000000000000000

clint mtime 0x0000000000000574 (mip.MTI <- 0b1, mip.STI <- 0b0)
mem[X,0x0000000080001738] -> 0x5463
mem[X,0x000000008000173A] -> 0x0004
[2792] [M]: 0x0000000080001738 (0x00045463) bge x8, x0, 0x8                         common_Mexcpt_handler+8

mem[X,0x0000000080001740] -> 0xD493
mem[X,0x0000000080001742] -> 0x00B5
[2793] [M]: 0x0000000080001740 (0x00B5D493) srli x9, x11, 0xb                       common_Mexcpt_handler+16
x9 <- 0x0000000001400000

clint mtime 0x0000000000000575 (mip.MTI <- 0b1, mip.STI <- 0b0)
mem[X,0x0000000080001744] -> 0xF493
mem[X,0x0000000080001746] -> 0x0034
[2794] [M]: 0x0000000080001744 (0x0034F493) andi x9, x9, 0x3                        common_Mexcpt_handler+20
x9 <- 0x0000000000000000

mem[X,0x0000000080001748] -> 0x8493
mem[X,0x000000008000174A] -> 0x0014
[2795] [M]: 0x0000000080001748 (0x00148493) addi x9, x9, 0x1                        common_Mexcpt_handler+24
x9 <- 0x0000000000000001

clint mtime 0x0000000000000576 (mip.MTI <- 0b1, mip.STI <- 0b0)
mem[X,0x000000008000174C] -> 0xF493
mem[X,0x000000008000174E] -> 0x0044
[2796] [M]: 0x000000008000174C (0x0044F493) andi x9, x9, 0x4                        common_Mexcpt_handler+28
x9 <- 0x0000000000000000

mem[X,0x0000000080001750] -> 0x0593
mem[X,0x0000000080001752] -> 0x05D0
[2797] [M]: 0x0000000080001750 (0x05D00593) addi x11, x0, 0x5d                      common_Mexcpt_handler+32
x11 <- 0x000000000000005D

clint mtime 0x0000000000000577 (mip.MTI <- 0b1, mip.STI <- 0b0)
mem[X,0x0000000080001754] -> 0xD5B3
mem[X,0x0000000080001756] -> 0x0095
[2798] [M]: 0x0000000080001754 (0x0095D5B3) srl x11, x11, x9                        common_Mexcpt_handler+36
x11 <- 0x000000000000005D

mem[X,0x0000000080001758] -> 0xF593
mem[X,0x000000008000175A] -> 0x0015
[2799] [M]: 0x0000000080001758 (0x0015F593) andi x11, x11, 0x1                      common_Mexcpt_handler+40
x11 <- 0x0000000000000001

clint mtime 0x0000000000000578 (mip.MTI <- 0b1, mip.STI <- 0b0)
mem[X,0x000000008000175C] -> 0x8EE3
mem[X,0x000000008000175E] -> 0xF405
[2800] [M]: 0x000000008000175C (0xF4058EE3) beq x11, x0, -0xa4                      common_Mexcpt_handler+44

mem[X,0x0000000080001760] -> 0x0593
mem[X,0x0000000080001762] -> 0x2980
[2801] [M]: 0x0000000080001760 (0x29800593) addi x11, x0, 0x298                     common_Mexcpt_handler+48
x11 <- 0x0000000000000298

clint mtime 0x0000000000000579 (mip.MTI <- 0b1, mip.STI <- 0b0)
mem[X,0x0000000080001764] -> 0xF413
mem[X,0x0000000080001766] -> 0x0014
[2802] [M]: 0x0000000080001764 (0x0014F413) andi x8, x9, 0x1                        common_Mexcpt_handler+52
x8 <- 0x0000000000000000

mem[X,0x0000000080001768] -> 0x95B3
mem[X,0x000000008000176A] -> 0x0085
[2803] [M]: 0x0000000080001768 (0x008595B3) sll x11, x11, x8                        common_Mexcpt_handler+56
x11 <- 0x0000000000000298

clint mtime 0x000000000000057A (mip.MTI <- 0b1, mip.STI <- 0b0)
mem[X,0x000000008000176C] -> 0x9413
mem[X,0x000000008000176E] -> 0x03D4
[2804] [M]: 0x000000008000176C (0x03D49413) slli x8, x9, 0x3d                       common_Mexcpt_handler+60
x8 <- 0x0000000000000000

mem[X,0x0000000080001770] -> 0x5413
mem[X,0x0000000080001772] -> 0x43F4
[2805] [M]: 0x0000000080001770 (0x43F45413) srai x8, x8, 0x3f                       common_Mexcpt_handler+64
x8 <- 0x0000000000000000

clint mtime 0x000000000000057B (mip.MTI <- 0b1, mip.STI <- 0b0)
mem[X,0x0000000080001774] -> 0x4413
mem[X,0x0000000080001776] -> 0xFFF4
[2806] [M]: 0x0000000080001774 (0xFFF44413) xori x8, x8, -0x1                       common_Mexcpt_handler+68
x8 <- 0xFFFFFFFFFFFFFFFF

mem[X,0x0000000080001778] -> 0xF4B3
mem[X,0x000000008000177A] -> 0x0085
[2807] [M]: 0x0000000080001778 (0x0085F4B3) and x9, x11, x8                         common_Mexcpt_handler+72
x9 <- 0x0000000000000298

clint mtime 0x000000000000057C (mip.MTI <- 0b1, mip.STI <- 0b0)
mem[X,0x000000008000177C] -> 0x84B3
mem[X,0x000000008000177E] -> 0x0024
[2808] [M]: 0x000000008000177C (0x002484B3) add x9, x9, x2                          vmem_adj_Mepc+0
x9 <- 0x0000000080004298

mem[X,0x0000000080001780] -> 0x23F3
mem[X,0x0000000080001782] -> 0x3410
[2809] [M]: 0x0000000080001780 (0x341023F3) csrrs x7, mepc, x0                      vmem_adj_Mepc+4
CSR mepc (0x341) -> 0x0000000000000400
x7 <- 0x0000000000000400

clint mtime 0x000000000000057D (mip.MTI <- 0b1, mip.STI <- 0b0)
mem[X,0x0000000080001784] -> 0x0413
mem[X,0x0000000080001786] -> 0x0004
[2810] [M]: 0x0000000080001784 (0x00040413) addi x8, x8, 0x0                        vmem_adj_Mepc+8
x8 <- 0xFFFFFFFFFFFFFFFF

mem[X,0x0000000080001788] -> 0x006F
mem[X,0x000000008000178A] -> 0x0400
[2811] [M]: 0x0000000080001788 (0x0400006F) jal x0, 0x40                            vmem_adj_Mepc+12

clint mtime 0x000000000000057E (mip.MTI <- 0b1, mip.STI <- 0b0)
mem[X,0x00000000800017C8] -> 0x8433
mem[X,0x00000000800017CA] -> 0x4083
[2812] [M]: 0x00000000800017C8 (0x40838433) sub x8, x7, x8                          adj_Mepc+0
x8 <- 0x0000000000000401

mem[X,0x00000000800017CC] -> 0x3823
mem[X,0x00000000800017CE] -> 0x0083
[2813] [M]: 0x00000000800017CC (0x00833823) sd x8, 0x10(x6)                         sv_Mepc+0
mem[W,0x0000000080009508] <- 0x0000000000000401

clint mtime 0x000000000000057F (mip.MTI <- 0b1, mip.STI <- 0b0)
mem[X,0x00000000800017D0] -> 0x55B7
mem[X,0x00000000800017D2] -> 0x0000
[2814] [M]: 0x00000000800017D0 (0x000055B7) lui x11, 0x5                            sv_Mepc+4
x11 <- 0x0000000000005000

mem[X,0x00000000800017D4] -> 0x8593
mem[X,0x00000000800017D6] -> 0x6675
[2815] [M]: 0x00000000800017D4 (0x66758593) addi x11, x11, 0x667                    sv_Mepc+8
x11 <- 0x0000000000005667

clint mtime 0x0000000000000580 (mip.MTI <- 0b1, mip.STI <- 0b0)
mem[X,0x00000000800017D8] -> 0x9593
mem[X,0x00000000800017DA] -> 0x0015
[2816] [M]: 0x00000000800017D8 (0x00159593) slli x11, x11, 0x1                      sv_Mepc+12
x11 <- 0x000000000000ACCE

mem[X,0x00000000800017DC] -> 0x9063
mem[X,0x00000000800017DE] -> 0x02B1
[2817] [M]: 0x00000000800017DC (0x02B19063) bne x3, x11, 0x20                       sv_Mepc+16

clint mtime 0x0000000000000581 (mip.MTI <- 0b1, mip.STI <- 0b0)
mem[X,0x00000000800017E0] -> 0x2473
mem[X,0x00000000800017E2] -> 0x3420
[2818] [M]: 0x00000000800017E0 (0x34202473) csrrs x8, mcause, x0                    sv_Mepc+20
CSR mcause (0x342) -> 0x0000000000000001
x8 <- 0x0000000000000001

mem[X,0x00000000800017E4] -> 0x0593
mem[X,0x00000000800017E6] -> 0x00C0
[2819] [M]: 0x00000000800017E4 (0x00C00593) addi x11, x0, 0xc                       sv_Mepc+24
x11 <- 0x000000000000000C

clint mtime 0x0000000000000582 (mip.MTI <- 0b1, mip.STI <- 0b0)
mem[X,0x00000000800017E8] -> 0x0663
mem[X,0x00000000800017EA] -> 0x00B4
[2820] [M]: 0x00000000800017E8 (0x00B40663) beq x8, x11, 0xc                        sv_Mepc+28

mem[X,0x00000000800017EC] -> 0x0593
mem[X,0x00000000800017EE] -> 0x0010
[2821] [M]: 0x00000000800017EC (0x00100593) addi x11, x0, 0x1                       sv_Mepc+32
x11 <- 0x0000000000000001

clint mtime 0x0000000000000583 (mip.MTI <- 0b1, mip.STI <- 0b0)
mem[X,0x00000000800017F0] -> 0x1663
mem[X,0x00000000800017F2] -> 0x00B4
[2822] [M]: 0x00000000800017F0 (0x00B41663) bne x8, x11, 0xc                        sv_Mepc+36

mem[X,0x00000000800017F4] -> 0x1073
mem[X,0x00000000800017F6] -> 0x3412
[2823] [M]: 0x00000000800017F4 (0x34121073) csrrw x0, mepc, x4                      sv_Mepc+40
CSR mepc (0x341) <- 0xFFFFFF008000136C

clint mtime 0x0000000000000584 (mip.MTI <- 0b1, mip.STI <- 0b0)
mem[X,0x00000000800017F8] -> 0x006F
mem[X,0x00000000800017FA] -> 0x0100
[2824] [M]: 0x00000000800017F8 (0x0100006F) jal x0, 0x10                            sv_Mepc+44

mem[X,0x0000000080001808] -> 0x23F3
mem[X,0x000000008000180A] -> 0x3430
[2825] [M]: 0x0000000080001808 (0x343023F3) csrrs x7, mtval, x0                     skp_adj_Mepc+0
CSR mtval (0x343) -> 0x0000000000000400
x7 <- 0x0000000000000400

clint mtime 0x0000000000000585 (mip.MTI <- 0b1, mip.STI <- 0b0)
mem[X,0x000000008000180C] -> 0x0413
mem[X,0x000000008000180E] -> 0x0004
[2826] [M]: 0x000000008000180C (0x00040413) addi x8, x8, 0x0                        skp_adj_Mepc+4
x8 <- 0x0000000000000001

mem[X,0x0000000080001810] -> 0x006F
mem[X,0x0000000080001812] -> 0x0840
[2827] [M]: 0x0000000080001810 (0x0840006F) jal x0, 0x84                            skp_adj_Mepc+8

clint mtime 0x0000000000000586 (mip.MTI <- 0b1, mip.STI <- 0b0)
mem[X,0x0000000080001894] -> 0x8433
mem[X,0x0000000080001896] -> 0x4083
[2828] [M]: 0x0000000080001894 (0x40838433) sub x8, x7, x8                          adj_Mtval+0
x8 <- 0x00000000000003FF

mem[X,0x0000000080001898] -> 0x3C23
mem[X,0x000000008000189A] -> 0x0083
[2829] [M]: 0x0000000080001898 (0x00833C23) sd x8, 0x18(x6)                         sv_Mtval+0
mem[W,0x0000000080009510] <- 0x00000000000003FF

clint mtime 0x0000000000000587 (mip.MTI <- 0b1, mip.STI <- 0b0)
mem[X,0x000000008000189C] -> 0x3483
mem[X,0x000000008000189E] -> 0x2181
[2830] [M]: 0x000000008000189C (0x21813483) ld x9, 0x218(x2)                        skp_Mtval+0
mem[R,0x0000000080004218] -> 0x0000000080009518
x9 <- 0x0000000080009518

mem[X,0x00000000800018A0] -> 0x3383
mem[X,0x00000000800018A2] -> 0x1F81
[2831] [M]: 0x00000000800018A0 (0x1F813383) ld x7, 0x1f8(x2)                        skp_Mtval+4
mem[R,0x00000000800041F8] -> 0x0000000080009110
x7 <- 0x0000000080009110

clint mtime 0x0000000000000588 (mip.MTI <- 0b1, mip.STI <- 0b0)
mem[X,0x00000000800018A4] -> 0x3303
mem[X,0x00000000800018A6] -> 0x2001
[2832] [M]: 0x00000000800018A4 (0x20013303) ld x6, 0x200(x2)                        skp_Mtval+8
mem[R,0x0000000080004200] -> 0x0000000000000410
x6 <- 0x0000000000000410

mem[X,0x00000000800018A8] -> 0x0333
mem[X,0x00000000800018AA] -> 0x0073
[2833] [M]: 0x00000000800018A8 (0x00730333) add x6, x6, x7                          skp_Mtval+12
x6 <- 0x0000000080009520

clint mtime 0x0000000000000589 (mip.MTI <- 0b1, mip.STI <- 0b0)
mem[X,0x00000000800018AC] -> 0x6AE3
mem[X,0x00000000800018AE] -> 0xAE93
[2834] [M]: 0x00000000800018AC (0xAE936AE3) bltu x6, x9, -0x50c                     skp_Mtval+16

mem[X,0x00000000800018B0] -> 0x0393
mem[X,0x00000000800018B2] -> 0x2000
[2835] [M]: 0x00000000800018B0 (0x20000393) addi x7, x0, 0x200                      skp_Mtval+20
x7 <- 0x0000000000000200

clint mtime 0x000000000000058A (mip.MTI <- 0b1, mip.STI <- 0b0)
mem[X,0x00000000800018B4] -> 0x006F
mem[X,0x00000000800018B6] -> 0x0400
[2836] [M]: 0x00000000800018B4 (0x0400006F) jal x0, 0x40                            skp_Mtval+24

mem[X,0x00000000800018F4] -> 0x0417
mem[X,0x00000000800018F6] -> 0x0000
[2837] [M]: 0x00000000800018F4 (0x00000417) auipc x8, 0x0                           spcl_Mhandler+0
x8 <- 0x00000000800018F4

clint mtime 0x000000000000058B (mip.MTI <- 0b1, mip.STI <- 0b0)
mem[X,0x00000000800018F8] -> 0x0413
mem[X,0x00000000800018FA] -> 0x03C4
[2838] [M]: 0x00000000800018F8 (0x03C40413) addi x8, x8, 0x3c                       spcl_Mhandler+4
x8 <- 0x0000000080001930

mem[X,0x00000000800018FC] -> 0x0433
mem[X,0x00000000800018FE] -> 0x0074
[2839] [M]: 0x00000000800018FC (0x00740433) add x8, x8, x7                          spcl_Mhandler+8
x8 <- 0x0000000080001B30

clint mtime 0x000000000000058C (mip.MTI <- 0b1, mip.STI <- 0b0)
mem[X,0x0000000080001900] -> 0x1393
mem[X,0x0000000080001902] -> 0x0035
[2840] [M]: 0x0000000080001900 (0x00351393) slli x7, x10, 0x3                       spcl_Mhandler+12
x7 <- 0x0000000000000008

mem[X,0x0000000080001904] -> 0x0433
mem[X,0x0000000080001906] -> 0x0074
[2841] [M]: 0x0000000080001904 (0x00740433) add x8, x8, x7                          spcl_Mhandler+16
x8 <- 0x0000000080001B38

clint mtime 0x000000000000058D (mip.MTI <- 0b1, mip.STI <- 0b0)
mem[X,0x0000000080001908] -> 0x7413
mem[X,0x000000008000190A] -> 0xFF84
[2842] [M]: 0x0000000080001908 (0xFF847413) andi x8, x8, -0x8                       spcl_Mhandler+20
x8 <- 0x0000000080001B38

mem[X,0x000000008000190C] -> 0x3403
mem[X,0x000000008000190E] -> 0x0004
[2843] [M]: 0x000000008000190C (0x00043403) ld x8, 0x0(x8)                          spcl_Mhandler+24
mem[R,0x0000000080001B38] -> 0x0000000000000003
x8 <- 0x0000000000000003

clint mtime 0x000000000000058E (mip.MTI <- 0b1, mip.STI <- 0b0)
mem[X,0x0000000080001910] -> 0x02E3
mem[X,0x0000000080001912] -> 0xB204
[2844] [M]: 0x0000000080001910 (0xB20402E3) beq x8, x0, -0x4dc                      spcl_Mdispatch_hndling+0

mem[X,0x0000000080001914] -> 0x1393
mem[X,0x0000000080001916] -> 0x03F4
[2845] [M]: 0x0000000080001914 (0x03F41393) slli x7, x8, 0x3f                       spcl_Mdispatch_hndling+4
x7 <- 0x8000000000000000

clint mtime 0x000000000000058F (mip.MTI <- 0b1, mip.STI <- 0b0)
mem[X,0x0000000080001918] -> 0xD863
mem[X,0x000000008000191A] -> 0x0003
[2846] [M]: 0x0000000080001918 (0x0003D863) bge x7, x0, 0x10                        spcl_Mdispatch_hndling+8

mem[X,0x000000008000191C] -> 0x5413
mem[X,0x000000008000191E] -> 0x0014
[2847] [M]: 0x000000008000191C (0x00145413) srli x8, x8, 0x1                        spcl_Mdispatch_hndling+12
x8 <- 0x0000000000000001

clint mtime 0x0000000000000590 (mip.MTI <- 0b1, mip.STI <- 0b0)
mem[X,0x0000000080001920] -> 0x0CE3
mem[X,0x0000000080001922] -> 0xF885
[2848] [M]: 0x0000000080001920 (0xF8850CE3) beq x10, x8, -0x68                      spcl_Mdispatch_hndling+16

mem[X,0x00000000800018B8] -> 0x3303
mem[X,0x00000000800018BA] -> 0x2601
[2849] [M]: 0x00000000800018B8 (0x26013303) ld x6, 0x260(x2)                        resto_Mrtn+0
mem[R,0x0000000080004260] -> 0xFFFFFFFF7FFFEF8C
x6 <- 0xFFFFFFFF7FFFEF8C

clint mtime 0x0000000000000591 (mip.MTI <- 0b1, mip.STI <- 0b0)
mem[X,0x00000000800018BC] -> 0x3383
mem[X,0x00000000800018BE] -> 0x2681
[2850] [M]: 0x00000000800018BC (0x26813383) ld x7, 0x268(x2)                        resto_Mrtn+4
mem[R,0x0000000080004268] -> 0x0000000080004000
x7 <- 0x0000000080004000

mem[X,0x00000000800018C0] -> 0x3403
mem[X,0x00000000800018C2] -> 0x2701
[2851] [M]: 0x00000000800018C0 (0x27013403) ld x8, 0x270(x2)                        resto_Mrtn+8
mem[R,0x0000000080004270] -> 0x0000000000007F76
x8 <- 0x0000000000007F76

clint mtime 0x0000000000000592 (mip.MTI <- 0b1, mip.STI <- 0b0)
mem[X,0x00000000800018C4] -> 0x3483
mem[X,0x00000000800018C6] -> 0x2781
[2852] [M]: 0x00000000800018C4 (0x27813483) ld x9, 0x278(x2)                        resto_Mrtn+12
mem[R,0x0000000080004278] -> 0xFFFFFF000000027C
x9 <- 0xFFFFFF000000027C

mem[X,0x00000000800018C8] -> 0x3503
mem[X,0x00000000800018CA] -> 0x2801
[2853] [M]: 0x00000000800018C8 (0x28013503) ld x10, 0x280(x2)                       resto_Mrtn+16
mem[R,0x0000000080004280] -> 0x00000000200000DF
x10 <- 0x00000000200000DF

clint mtime 0x0000000000000593 (mip.MTI <- 0b1, mip.STI <- 0b0)
mem[X,0x00000000800018CC] -> 0x3583
mem[X,0x00000000800018CE] -> 0x2881
[2854] [M]: 0x00000000800018CC (0x28813583) ld x11, 0x288(x2)                       resto_Mrtn+20
mem[R,0x0000000080004288] -> 0x00000000000000DF
x11 <- 0x00000000000000DF

mem[X,0x00000000800018D0] -> 0x3103
mem[X,0x00000000800018D2] -> 0x2901
[2855] [M]: 0x00000000800018D0 (0x29013103) ld x2, 0x290(x2)                        resto_Mrtn+24
mem[R,0x0000000080004290] -> 0x0000000000000000
x2 <- 0x0000000000000000

clint mtime 0x0000000000000594 (mip.MTI <- 0b1, mip.STI <- 0b0)
mem[X,0x00000000800018D4] -> 0x0073
mem[X,0x00000000800018D6] -> 0x3020
[2856] [M]: 0x00000000800018D4 (0x30200073) mret                                    resto_Mrtn+28
CSR mstatus (0x300) <- 0x0000000A00000080
ret-ing from M to U

PTW: Start, vpn=0xff0080001, access_type=X, privilege=Umem[R,0x0000000080008FF0] -> 0x00000000000000DB
PTW: Step, level=3, pte=0xDB, pte_addr=0x80008FF0
PTW: Success, final_ppn=0x80001, level=3mem[X,0x000000008000136C] -> 0x0013
PTW: Start, vpn=0xff0080001, access_type=X, privilege=Umem[R,0x0000000080008FF0] -> 0x00000000000000DB
PTW: Step, level=3, pte=0xDB, pte_addr=0x80008FF0
PTW: Success, final_ppn=0x80001, level=3mem[X,0x000000008000136E] -> 0x0000
[2857] [U]: 0xFFFFFF008000136C (0x00000013) addi x0, x0, 0x0                        va_rvtest_code_begin+2992

clint mtime 0x0000000000000595 (mip.MTI <- 0b1, mip.STI <- 0b0)
PTW: Start, vpn=0xff0080001, access_type=X, privilege=Umem[R,0x0000000080008FF0] -> 0x00000000000000DB
PTW: Step, level=3, pte=0xDB, pte_addr=0x80008FF0
PTW: Success, final_ppn=0x80001, level=3mem[X,0x0000000080001370] -> 0x0013
PTW: Start, vpn=0xff0080001, access_type=X, privilege=Umem[R,0x0000000080008FF0] -> 0x00000000000000DB
PTW: Step, level=3, pte=0xDB, pte_addr=0x80008FF0
PTW: Success, final_ppn=0x80001, level=3mem[X,0x0000000080001372] -> 0x0000
[2858] [U]: 0xFFFFFF0080001370 (0x00000013) addi x0, x0, 0x0                        va_rvtest_code_begin+2996

PTW: Start, vpn=0xff0080001, access_type=X, privilege=Umem[R,0x0000000080008FF0] -> 0x00000000000000DB
PTW: Step, level=3, pte=0xDB, pte_addr=0x80008FF0
PTW: Success, final_ppn=0x80001, level=3mem[X,0x0000000080001374] -> 0x0013
PTW: Start, vpn=0xff0080001, access_type=X, privilege=Umem[R,0x0000000080008FF0] -> 0x00000000000000DB
PTW: Step, level=3, pte=0xDB, pte_addr=0x80008FF0
PTW: Success, final_ppn=0x80001, level=3mem[X,0x0000000080001376] -> 0x0000
[2859] [U]: 0xFFFFFF0080001374 (0x00000013) addi x0, x0, 0x0                        va_rvtest_code_begin+3000

clint mtime 0x0000000000000596 (mip.MTI <- 0b1, mip.STI <- 0b0)
PTW: Start, vpn=0xff0080001, access_type=X, privilege=Umem[R,0x0000000080008FF0] -> 0x00000000000000DB
PTW: Step, level=3, pte=0xDB, pte_addr=0x80008FF0
PTW: Success, final_ppn=0x80001, level=3mem[X,0x0000000080001378] -> 0x0113
PTW: Start, vpn=0xff0080001, access_type=X, privilege=Umem[R,0x0000000080008FF0] -> 0x00000000000000DB
PTW: Step, level=3, pte=0xDB, pte_addr=0x80008FF0
PTW: Success, final_ppn=0x80001, level=3mem[X,0x000000008000137A] -> 0x0000
[2860] [U]: 0xFFFFFF0080001378 (0x00000113) addi x2, x0, 0x0                        va_rvtest_code_begin+3004
x2 <- 0x0000000000000000

PTW: Start, vpn=0xff0080001, access_type=X, privilege=Umem[R,0x0000000080008FF0] -> 0x00000000000000DB
PTW: Step, level=3, pte=0xDB, pte_addr=0x80008FF0
PTW: Success, final_ppn=0x80001, level=3mem[X,0x000000008000137C] -> 0x0073
PTW: Start, vpn=0xff0080001, access_type=X, privilege=Umem[R,0x0000000080008FF0] -> 0x00000000000000DB
PTW: Step, level=3, pte=0xDB, pte_addr=0x80008FF0
PTW: Success, final_ppn=0x80001, level=3mem[X,0x000000008000137E] -> 0x0000
[2861] [U]: 0xFFFFFF008000137C (0x00000073) ecall                                   va_rvtest_code_begin+3008
trapping from U to M to handle u-call
handling exc#u-call at priv M with tval 0x0000000000000000
CSR mstatus (0x300) <- 0x0000000A00000000
CSR mcause (0x342) <- 0x0000000000000008
CSR mtval (0x343) <- 0x0000000000000000
CSR mepc (0x341) <- 0xFFFFFF008000137C

clint mtime 0x0000000000000597 (mip.MTI <- 0b1, mip.STI <- 0b0)
mem[X,0x0000000080001480] -> 0x006F
mem[X,0x0000000080001482] -> 0x1000
[2862] [M]: 0x0000000080001480 (0x1000006F) jal x0, 0x100                           Mtrampoline+0

mem[X,0x0000000080001580] -> 0x1173
mem[X,0x0000000080001582] -> 0x3401
[2863] [M]: 0x0000000080001580 (0x34011173) csrrw x2, mscratch, x2                  trap_Mhandler+0
CSR mscratch (0x340) <- 0x0000000000000000
x2 <- 0x0000000080004000

clint mtime 0x0000000000000598 (mip.MTI <- 0b1, mip.STI <- 0b0)
mem[X,0x0000000080001584] -> 0x3423
mem[X,0x0000000080001586] -> 0x28B1
[2864] [M]: 0x0000000080001584 (0x28B13423) sd x11, 0x288(x2)                       trap_Mhandler+4
mem[W,0x0000000080004288] <- 0x00000000000000DF

mem[X,0x0000000080001588] -> 0x05EF
mem[X,0x000000008000158A] -> 0x0B80
[2865] [M]: 0x0000000080001588 (0x0B8005EF) jal x11, 0xb8                           trap_Mhandler+8
x11 <- 0x000000008000158C

clint mtime 0x0000000000000599 (mip.MTI <- 0b1, mip.STI <- 0b0)
mem[X,0x0000000080001640] -> 0x3023
mem[X,0x0000000080001642] -> 0x28A1
[2866] [M]: 0x0000000080001640 (0x28A13023) sd x10, 0x280(x2)                       common_Mhandler+0
mem[W,0x0000000080004280] <- 0x00000000200000DF

mem[X,0x0000000080001644] -> 0x1573
mem[X,0x0000000080001646] -> 0x3401
[2867] [M]: 0x0000000080001644 (0x34011573) csrrw x10, mscratch, x2                 common_Mhandler+4
CSR mscratch (0x340) <- 0x0000000080004000
x10 <- 0x0000000000000000

clint mtime 0x000000000000059A (mip.MTI <- 0b1, mip.STI <- 0b0)
mem[X,0x0000000080001648] -> 0x3823
mem[X,0x000000008000164A] -> 0x28A1
[2868] [M]: 0x0000000080001648 (0x28A13823) sd x10, 0x290(x2)                       common_Mhandler+8
mem[W,0x0000000080004290] <- 0x0000000000000000

mem[X,0x000000008000164C] -> 0x3503
mem[X,0x000000008000164E] -> 0x2301
[2869] [M]: 0x000000008000164C (0x23013503) ld x10, 0x230(x2)                       common_Mhandler+12
mem[R,0x0000000080004230] -> 0x0000000080001654
x10 <- 0x0000000080001654

clint mtime 0x000000000000059B (mip.MTI <- 0b1, mip.STI <- 0b0)
mem[X,0x0000000080001650] -> 0x0067
mem[X,0x0000000080001652] -> 0x0005
[2870] [M]: 0x0000000080001650 (0x00050067) jalr x0, 0x0(x10)                       common_Mhandler+16

mem[X,0x0000000080001654] -> 0x3C23
mem[X,0x0000000080001656] -> 0x2691
[2871] [M]: 0x0000000080001654 (0x26913C23) sd x9, 0x278(x2)                        common_Mentry+0
mem[W,0x0000000080004278] <- 0xFFFFFF000000027C

clint mtime 0x000000000000059C (mip.MTI <- 0b1, mip.STI <- 0b0)
mem[X,0x0000000080001658] -> 0x3823
mem[X,0x000000008000165A] -> 0x2681
[2872] [M]: 0x0000000080001658 (0x26813823) sd x8, 0x270(x2)                        common_Mentry+4
mem[W,0x0000000080004270] <- 0x0000000000007F76

mem[X,0x000000008000165C] -> 0x3423
mem[X,0x000000008000165E] -> 0x2671
[2873] [M]: 0x000000008000165C (0x26713423) sd x7, 0x268(x2)                        common_Mentry+8
mem[W,0x0000000080004268] <- 0x0000000080004000

clint mtime 0x000000000000059D (mip.MTI <- 0b1, mip.STI <- 0b0)
mem[X,0x0000000080001660] -> 0x3023
mem[X,0x0000000080001662] -> 0x2661
[2874] [M]: 0x0000000080001660 (0x26613023) sd x6, 0x260(x2)                        common_Mentry+12
mem[W,0x0000000080004260] <- 0xFFFFFFFF7FFFEF8C

mem[X,0x0000000080001664] -> 0x2573
mem[X,0x0000000080001666] -> 0x3420
[2875] [M]: 0x0000000080001664 (0x34202573) csrrs x10, mcause, x0                   spcl_M2mmode_test+0
CSR mcause (0x342) -> 0x0000000000000008
x10 <- 0x0000000000000008

clint mtime 0x000000000000059E (mip.MTI <- 0b1, mip.STI <- 0b0)
mem[X,0x0000000080001668] -> 0x04B7
mem[X,0x000000008000166A] -> 0x8000
[2876] [M]: 0x0000000080001668 (0x800004B7) lui x9, -0x80000                        spcl_M2mmode_test+4
x9 <- 0xFFFFFFFF80000000

mem[X,0x000000008000166C] -> 0x8493
mem[X,0x000000008000166E] -> 0x0004
[2877] [M]: 0x000000008000166C (0x00048493) addi x9, x9, 0x0                        spcl_M2mmode_test+8
x9 <- 0xFFFFFFFF80000000

clint mtime 0x000000000000059F (mip.MTI <- 0b1, mip.STI <- 0b0)
mem[X,0x0000000080001670] -> 0x9493
mem[X,0x0000000080001672] -> 0x00B4
[2878] [M]: 0x0000000080001670 (0x00B49493) slli x9, x9, 0xb                        spcl_M2mmode_test+12
x9 <- 0xFFFFFC0000000000

mem[X,0x0000000080001674] -> 0x8493
mem[X,0x0000000080001676] -> 0x0004
[2879] [M]: 0x0000000080001674 (0x00048493) addi x9, x9, 0x0                        spcl_M2mmode_test+16
x9 <- 0xFFFFFC0000000000

clint mtime 0x00000000000005A0 (mip.MTI <- 0b1, mip.STI <- 0b0)
mem[X,0x0000000080001678] -> 0x9493
mem[X,0x000000008000167A] -> 0x00B4
[2880] [M]: 0x0000000080001678 (0x00B49493) slli x9, x9, 0xb                        spcl_M2mmode_test+20
x9 <- 0xFFE0000000000000

mem[X,0x000000008000167C] -> 0x8493
mem[X,0x000000008000167E] -> 0x0034
[2881] [M]: 0x000000008000167C (0x00348493) addi x9, x9, 0x3                        spcl_M2mmode_test+24
x9 <- 0xFFE0000000000003

clint mtime 0x00000000000005A1 (mip.MTI <- 0b1, mip.STI <- 0b0)
mem[X,0x0000000080001680] -> 0x9493
mem[X,0x0000000080001682] -> 0x00A4
[2882] [M]: 0x0000000080001680 (0x00A49493) slli x9, x9, 0xa                        spcl_M2mmode_test+28
x9 <- 0x8000000000000C00

mem[X,0x0000000080001684] -> 0x8493
mem[X,0x0000000080001686] -> 0x3FC4
[2883] [M]: 0x0000000080001684 (0x3FC48493) addi x9, x9, 0x3fc                      spcl_M2mmode_test+32
x9 <- 0x8000000000000FFC

clint mtime 0x00000000000005A2 (mip.MTI <- 0b1, mip.STI <- 0b0)
mem[X,0x0000000080001688] -> 0xF4B3
mem[X,0x000000008000168A] -> 0x00A4
[2884] [M]: 0x0000000080001688 (0x00A4F4B3) and x9, x9, x10                         spcl_M2mmode_test+36
x9 <- 0x0000000000000008

mem[X,0x000000008000168C] -> 0x8493
mem[X,0x000000008000168E] -> 0xFF84
[2885] [M]: 0x000000008000168C (0xFF848493) addi x9, x9, -0x8                       spcl_M2mmode_test+40
x9 <- 0x0000000000000000

clint mtime 0x00000000000005A3 (mip.MTI <- 0b1, mip.STI <- 0b0)
mem[X,0x0000000080001690] -> 0x9663
mem[X,0x0000000080001692] -> 0x0004
[2886] [M]: 0x0000000080001690 (0x00049663) bne x9, x0, 0xc                         spcl_M2mmode_test+44

mem[X,0x0000000080001694] -> 0x3383
mem[X,0x0000000080001696] -> 0x2901
[2887] [M]: 0x0000000080001694 (0x29013383) ld x7, 0x290(x2)                        spcl_M2mmode_test+48
mem[R,0x0000000080004290] -> 0x0000000000000000
x7 <- 0x0000000000000000

clint mtime 0x00000000000005A4 (mip.MTI <- 0b1, mip.STI <- 0b0)
mem[X,0x0000000080001698] -> 0x8663
mem[X,0x000000008000169A] -> 0x6E03
[2888] [M]: 0x0000000080001698 (0x6E038663) beq x7, x0, 0x6ec                       spcl_M2mmode_test+52

mem[X,0x0000000080001D84] -> 0x0493
mem[X,0x0000000080001D86] -> 0xFF55
[2889] [M]: 0x0000000080001D84 (0xFF550493) addi x9, x10, -0xb                      rtn2mmode+0
x9 <- 0xFFFFFFFFFFFFFFFD

clint mtime 0x00000000000005A5 (mip.MTI <- 0b1, mip.STI <- 0b0)
mem[X,0x0000000080001D88] -> 0x8C63
mem[X,0x0000000080001D8A] -> 0x0004
[2890] [M]: 0x0000000080001D88 (0x00048C63) beq x9, x0, 0x18                        rtn2mmode+4

mem[X,0x0000000080001D8C] -> 0x3583
mem[X,0x0000000080001D8E] -> 0x4701
[2891] [M]: 0x0000000080001D8C (0x47013583) ld x11, 0x470(x2)                       rtn2mmode+8
mem[R,0x0000000080004470] -> 0xFFFFFF00800007BC
x11 <- 0xFFFFFF00800007BC

clint mtime 0x00000000000005A6 (mip.MTI <- 0b1, mip.STI <- 0b0)
mem[X,0x0000000080001D90] -> 0xD463
mem[X,0x0000000080001D92] -> 0x0003
[2892] [M]: 0x0000000080001D90 (0x0003D463) bge x7, x0, 0x8                         rtn2mmode+12

mem[X,0x0000000080001D98] -> 0x3483
mem[X,0x0000000080001D9A] -> 0x1D81
[2893] [M]: 0x0000000080001D98 (0x1D813483) ld x9, 0x1d8(x2)                        from_u_s+0
mem[R,0x00000000800041D8] -> 0x00000000800007D4
x9 <- 0x00000000800007D4

clint mtime 0x00000000000005A7 (mip.MTI <- 0b1, mip.STI <- 0b0)
mem[X,0x0000000080001D9C] -> 0x84B3
mem[X,0x0000000080001D9E] -> 0x40B4
[2894] [M]: 0x0000000080001D9C (0x40B484B3) sub x9, x9, x11                         from_u_s+4
x9 <- 0x0000010000000018

mem[X,0x0000000080001DA0] -> 0x23F3
mem[X,0x0000000080001DA2] -> 0x3410
[2895] [M]: 0x0000000080001DA0 (0x341023F3) csrrs x7, mepc, x0                      rtn_fm_mmode+0
CSR mepc (0x341) -> 0xFFFFFF008000137C
x7 <- 0xFFFFFF008000137C

clint mtime 0x00000000000005A8 (mip.MTI <- 0b1, mip.STI <- 0b0)
mem[X,0x0000000080001DA4] -> 0x83B3
mem[X,0x0000000080001DA6] -> 0x0093
[2896] [M]: 0x0000000080001DA4 (0x009383B3) add x7, x7, x9                          rtn_fm_mmode+4
x7 <- 0x0000000080001394

mem[X,0x0000000080001DA8] -> 0x3303
mem[X,0x0000000080001DAA] -> 0x2601
[2897] [M]: 0x0000000080001DA8 (0x26013303) ld x6, 0x260(x2)                        rtn_fm_mmode+8
mem[R,0x0000000080004260] -> 0xFFFFFFFF7FFFEF8C
x6 <- 0xFFFFFFFF7FFFEF8C

clint mtime 0x00000000000005A9 (mip.MTI <- 0b1, mip.STI <- 0b0)
mem[X,0x0000000080001DAC] -> 0x3403
mem[X,0x0000000080001DAE] -> 0x2701
[2898] [M]: 0x0000000080001DAC (0x27013403) ld x8, 0x270(x2)                        rtn_fm_mmode+12
mem[R,0x0000000080004270] -> 0x0000000000007F76
x8 <- 0x0000000000007F76

mem[X,0x0000000080001DB0] -> 0x3483
mem[X,0x0000000080001DB2] -> 0x2781
[2899] [M]: 0x0000000080001DB0 (0x27813483) ld x9, 0x278(x2)                        rtn_fm_mmode+16
mem[R,0x0000000080004278] -> 0xFFFFFF000000027C
x9 <- 0xFFFFFF000000027C

clint mtime 0x00000000000005AA (mip.MTI <- 0b1, mip.STI <- 0b0)
mem[X,0x0000000080001DB4] -> 0x3503
mem[X,0x0000000080001DB6] -> 0x2801
[2900] [M]: 0x0000000080001DB4 (0x28013503) ld x10, 0x280(x2)                       rtn_fm_mmode+20
mem[R,0x0000000080004280] -> 0x00000000200000DF
x10 <- 0x00000000200000DF

mem[X,0x0000000080001DB8] -> 0x3583
mem[X,0x0000000080001DBA] -> 0x2881
[2901] [M]: 0x0000000080001DB8 (0x28813583) ld x11, 0x288(x2)                       rtn_fm_mmode+24
mem[R,0x0000000080004288] -> 0x00000000000000DF
x11 <- 0x00000000000000DF

clint mtime 0x00000000000005AB (mip.MTI <- 0b1, mip.STI <- 0b0)
mem[X,0x0000000080001DBC] -> 0x3103
mem[X,0x0000000080001DBE] -> 0x2901
[2902] [M]: 0x0000000080001DBC (0x29013103) ld x2, 0x290(x2)                        rtn_fm_mmode+28
mem[R,0x0000000080004290] -> 0x0000000000000000
x2 <- 0x0000000000000000

mem[X,0x0000000080001DC0] -> 0x8067
mem[X,0x0000000080001DC2] -> 0x0043
[2903] [M]: 0x0000000080001DC0 (0x00438067) jalr x0, 0x4(x7)                        rtn_fm_mmode+32

clint mtime 0x00000000000005AC (mip.MTI <- 0b1, mip.STI <- 0b0)
mem[X,0x0000000080001398] -> 0x0113
mem[X,0x000000008000139A] -> 0x0000
[2904] [M]: 0x0000000080001398 (0x00000113) addi x2, x0, 0x0                        rvtest_code_end+0
x2 <- 0x0000000000000000

mem[X,0x000000008000139C] -> 0x0073
mem[X,0x000000008000139E] -> 0x0000
[2905] [M]: 0x000000008000139C (0x00000073) ecall                                   rvtest_code_end+4
trapping from M to M to handle m-call
handling exc#m-call at priv M with tval 0x0000000000000000
CSR mstatus (0x300) <- 0x0000000A00001800
CSR mcause (0x342) <- 0x000000000000000B
CSR mtval (0x343) <- 0x0000000000000000
CSR mepc (0x341) <- 0x000000008000139C

clint mtime 0x00000000000005AD (mip.MTI <- 0b1, mip.STI <- 0b0)
mem[X,0x0000000080001480] -> 0x006F
mem[X,0x0000000080001482] -> 0x1000
[2906] [M]: 0x0000000080001480 (0x1000006F) jal x0, 0x100                           Mtrampoline+0

mem[X,0x0000000080001580] -> 0x1173
mem[X,0x0000000080001582] -> 0x3401
[2907] [M]: 0x0000000080001580 (0x34011173) csrrw x2, mscratch, x2                  trap_Mhandler+0
CSR mscratch (0x340) <- 0x0000000000000000
x2 <- 0x0000000080004000

clint mtime 0x00000000000005AE (mip.MTI <- 0b1, mip.STI <- 0b0)
mem[X,0x0000000080001584] -> 0x3423
mem[X,0x0000000080001586] -> 0x28B1
[2908] [M]: 0x0000000080001584 (0x28B13423) sd x11, 0x288(x2)                       trap_Mhandler+4
mem[W,0x0000000080004288] <- 0x00000000000000DF

mem[X,0x0000000080001588] -> 0x05EF
mem[X,0x000000008000158A] -> 0x0B80
[2909] [M]: 0x0000000080001588 (0x0B8005EF) jal x11, 0xb8                           trap_Mhandler+8
x11 <- 0x000000008000158C

clint mtime 0x00000000000005AF (mip.MTI <- 0b1, mip.STI <- 0b0)
mem[X,0x0000000080001640] -> 0x3023
mem[X,0x0000000080001642] -> 0x28A1
[2910] [M]: 0x0000000080001640 (0x28A13023) sd x10, 0x280(x2)                       common_Mhandler+0
mem[W,0x0000000080004280] <- 0x00000000200000DF

mem[X,0x0000000080001644] -> 0x1573
mem[X,0x0000000080001646] -> 0x3401
[2911] [M]: 0x0000000080001644 (0x34011573) csrrw x10, mscratch, x2                 common_Mhandler+4
CSR mscratch (0x340) <- 0x0000000080004000
x10 <- 0x0000000000000000

clint mtime 0x00000000000005B0 (mip.MTI <- 0b1, mip.STI <- 0b0)
mem[X,0x0000000080001648] -> 0x3823
mem[X,0x000000008000164A] -> 0x28A1
[2912] [M]: 0x0000000080001648 (0x28A13823) sd x10, 0x290(x2)                       common_Mhandler+8
mem[W,0x0000000080004290] <- 0x0000000000000000

mem[X,0x000000008000164C] -> 0x3503
mem[X,0x000000008000164E] -> 0x2301
[2913] [M]: 0x000000008000164C (0x23013503) ld x10, 0x230(x2)                       common_Mhandler+12
mem[R,0x0000000080004230] -> 0x0000000080001654
x10 <- 0x0000000080001654

clint mtime 0x00000000000005B1 (mip.MTI <- 0b1, mip.STI <- 0b0)
mem[X,0x0000000080001650] -> 0x0067
mem[X,0x0000000080001652] -> 0x0005
[2914] [M]: 0x0000000080001650 (0x00050067) jalr x0, 0x0(x10)                       common_Mhandler+16

mem[X,0x0000000080001654] -> 0x3C23
mem[X,0x0000000080001656] -> 0x2691
[2915] [M]: 0x0000000080001654 (0x26913C23) sd x9, 0x278(x2)                        common_Mentry+0
mem[W,0x0000000080004278] <- 0xFFFFFF000000027C

clint mtime 0x00000000000005B2 (mip.MTI <- 0b1, mip.STI <- 0b0)
mem[X,0x0000000080001658] -> 0x3823
mem[X,0x000000008000165A] -> 0x2681
[2916] [M]: 0x0000000080001658 (0x26813823) sd x8, 0x270(x2)                        common_Mentry+4
mem[W,0x0000000080004270] <- 0x0000000000007F76

mem[X,0x000000008000165C] -> 0x3423
mem[X,0x000000008000165E] -> 0x2671
[2917] [M]: 0x000000008000165C (0x26713423) sd x7, 0x268(x2)                        common_Mentry+8
mem[W,0x0000000080004268] <- 0x0000000080001394

clint mtime 0x00000000000005B3 (mip.MTI <- 0b1, mip.STI <- 0b0)
mem[X,0x0000000080001660] -> 0x3023
mem[X,0x0000000080001662] -> 0x2661
[2918] [M]: 0x0000000080001660 (0x26613023) sd x6, 0x260(x2)                        common_Mentry+12
mem[W,0x0000000080004260] <- 0xFFFFFFFF7FFFEF8C

mem[X,0x0000000080001664] -> 0x2573
mem[X,0x0000000080001666] -> 0x3420
[2919] [M]: 0x0000000080001664 (0x34202573) csrrs x10, mcause, x0                   spcl_M2mmode_test+0
CSR mcause (0x342) -> 0x000000000000000B
x10 <- 0x000000000000000B

clint mtime 0x00000000000005B4 (mip.MTI <- 0b1, mip.STI <- 0b0)
mem[X,0x0000000080001668] -> 0x04B7
mem[X,0x000000008000166A] -> 0x8000
[2920] [M]: 0x0000000080001668 (0x800004B7) lui x9, -0x80000                        spcl_M2mmode_test+4
x9 <- 0xFFFFFFFF80000000

mem[X,0x000000008000166C] -> 0x8493
mem[X,0x000000008000166E] -> 0x0004
[2921] [M]: 0x000000008000166C (0x00048493) addi x9, x9, 0x0                        spcl_M2mmode_test+8
x9 <- 0xFFFFFFFF80000000

clint mtime 0x00000000000005B5 (mip.MTI <- 0b1, mip.STI <- 0b0)
mem[X,0x0000000080001670] -> 0x9493
mem[X,0x0000000080001672] -> 0x00B4
[2922] [M]: 0x0000000080001670 (0x00B49493) slli x9, x9, 0xb                        spcl_M2mmode_test+12
x9 <- 0xFFFFFC0000000000

mem[X,0x0000000080001674] -> 0x8493
mem[X,0x0000000080001676] -> 0x0004
[2923] [M]: 0x0000000080001674 (0x00048493) addi x9, x9, 0x0                        spcl_M2mmode_test+16
x9 <- 0xFFFFFC0000000000

clint mtime 0x00000000000005B6 (mip.MTI <- 0b1, mip.STI <- 0b0)
mem[X,0x0000000080001678] -> 0x9493
mem[X,0x000000008000167A] -> 0x00B4
[2924] [M]: 0x0000000080001678 (0x00B49493) slli x9, x9, 0xb                        spcl_M2mmode_test+20
x9 <- 0xFFE0000000000000

mem[X,0x000000008000167C] -> 0x8493
mem[X,0x000000008000167E] -> 0x0034
[2925] [M]: 0x000000008000167C (0x00348493) addi x9, x9, 0x3                        spcl_M2mmode_test+24
x9 <- 0xFFE0000000000003

clint mtime 0x00000000000005B7 (mip.MTI <- 0b1, mip.STI <- 0b0)
mem[X,0x0000000080001680] -> 0x9493
mem[X,0x0000000080001682] -> 0x00A4
[2926] [M]: 0x0000000080001680 (0x00A49493) slli x9, x9, 0xa                        spcl_M2mmode_test+28
x9 <- 0x8000000000000C00

mem[X,0x0000000080001684] -> 0x8493
mem[X,0x0000000080001686] -> 0x3FC4
[2927] [M]: 0x0000000080001684 (0x3FC48493) addi x9, x9, 0x3fc                      spcl_M2mmode_test+32
x9 <- 0x8000000000000FFC

clint mtime 0x00000000000005B8 (mip.MTI <- 0b1, mip.STI <- 0b0)
mem[X,0x0000000080001688] -> 0xF4B3
mem[X,0x000000008000168A] -> 0x00A4
[2928] [M]: 0x0000000080001688 (0x00A4F4B3) and x9, x9, x10                         spcl_M2mmode_test+36
x9 <- 0x0000000000000008

mem[X,0x000000008000168C] -> 0x8493
mem[X,0x000000008000168E] -> 0xFF84
[2929] [M]: 0x000000008000168C (0xFF848493) addi x9, x9, -0x8                       spcl_M2mmode_test+40
x9 <- 0x0000000000000000

clint mtime 0x00000000000005B9 (mip.MTI <- 0b1, mip.STI <- 0b0)
mem[X,0x0000000080001690] -> 0x9663
mem[X,0x0000000080001692] -> 0x0004
[2930] [M]: 0x0000000080001690 (0x00049663) bne x9, x0, 0xc                         spcl_M2mmode_test+44

mem[X,0x0000000080001694] -> 0x3383
mem[X,0x0000000080001696] -> 0x2901
[2931] [M]: 0x0000000080001694 (0x29013383) ld x7, 0x290(x2)                        spcl_M2mmode_test+48
mem[R,0x0000000080004290] -> 0x0000000000000000
x7 <- 0x0000000000000000

clint mtime 0x00000000000005BA (mip.MTI <- 0b1, mip.STI <- 0b0)
mem[X,0x0000000080001698] -> 0x8663
mem[X,0x000000008000169A] -> 0x6E03
[2932] [M]: 0x0000000080001698 (0x6E038663) beq x7, x0, 0x6ec                       spcl_M2mmode_test+52

mem[X,0x0000000080001D84] -> 0x0493
mem[X,0x0000000080001D86] -> 0xFF55
[2933] [M]: 0x0000000080001D84 (0xFF550493) addi x9, x10, -0xb                      rtn2mmode+0
x9 <- 0x0000000000000000

clint mtime 0x00000000000005BB (mip.MTI <- 0b1, mip.STI <- 0b0)
mem[X,0x0000000080001D88] -> 0x8C63
mem[X,0x0000000080001D8A] -> 0x0004
[2934] [M]: 0x0000000080001D88 (0x00048C63) beq x9, x0, 0x18                        rtn2mmode+4

mem[X,0x0000000080001DA0] -> 0x23F3
mem[X,0x0000000080001DA2] -> 0x3410
[2935] [M]: 0x0000000080001DA0 (0x341023F3) csrrs x7, mepc, x0                      rtn_fm_mmode+0
CSR mepc (0x341) -> 0x000000008000139C
x7 <- 0x000000008000139C

clint mtime 0x00000000000005BC (mip.MTI <- 0b1, mip.STI <- 0b0)
mem[X,0x0000000080001DA4] -> 0x83B3
mem[X,0x0000000080001DA6] -> 0x0093
[2936] [M]: 0x0000000080001DA4 (0x009383B3) add x7, x7, x9                          rtn_fm_mmode+4
x7 <- 0x000000008000139C

mem[X,0x0000000080001DA8] -> 0x3303
mem[X,0x0000000080001DAA] -> 0x2601
[2937] [M]: 0x0000000080001DA8 (0x26013303) ld x6, 0x260(x2)                        rtn_fm_mmode+8
mem[R,0x0000000080004260] -> 0xFFFFFFFF7FFFEF8C
x6 <- 0xFFFFFFFF7FFFEF8C

clint mtime 0x00000000000005BD (mip.MTI <- 0b1, mip.STI <- 0b0)
mem[X,0x0000000080001DAC] -> 0x3403
mem[X,0x0000000080001DAE] -> 0x2701
[2938] [M]: 0x0000000080001DAC (0x27013403) ld x8, 0x270(x2)                        rtn_fm_mmode+12
mem[R,0x0000000080004270] -> 0x0000000000007F76
x8 <- 0x0000000000007F76

mem[X,0x0000000080001DB0] -> 0x3483
mem[X,0x0000000080001DB2] -> 0x2781
[2939] [M]: 0x0000000080001DB0 (0x27813483) ld x9, 0x278(x2)                        rtn_fm_mmode+16
mem[R,0x0000000080004278] -> 0xFFFFFF000000027C
x9 <- 0xFFFFFF000000027C

clint mtime 0x00000000000005BE (mip.MTI <- 0b1, mip.STI <- 0b0)
mem[X,0x0000000080001DB4] -> 0x3503
mem[X,0x0000000080001DB6] -> 0x2801
[2940] [M]: 0x0000000080001DB4 (0x28013503) ld x10, 0x280(x2)                       rtn_fm_mmode+20
mem[R,0x0000000080004280] -> 0x00000000200000DF
x10 <- 0x00000000200000DF

mem[X,0x0000000080001DB8] -> 0x3583
mem[X,0x0000000080001DBA] -> 0x2881
[2941] [M]: 0x0000000080001DB8 (0x28813583) ld x11, 0x288(x2)                       rtn_fm_mmode+24
mem[R,0x0000000080004288] -> 0x00000000000000DF
x11 <- 0x00000000000000DF

clint mtime 0x00000000000005BF (mip.MTI <- 0b1, mip.STI <- 0b0)
mem[X,0x0000000080001DBC] -> 0x3103
mem[X,0x0000000080001DBE] -> 0x2901
[2942] [M]: 0x0000000080001DBC (0x29013103) ld x2, 0x290(x2)                        rtn_fm_mmode+28
mem[R,0x0000000080004290] -> 0x0000000000000000
x2 <- 0x0000000000000000

mem[X,0x0000000080001DC0] -> 0x8067
mem[X,0x0000000080001DC2] -> 0x0043
[2943] [M]: 0x0000000080001DC0 (0x00438067) jalr x0, 0x4(x7)                        rtn_fm_mmode+32

clint mtime 0x00000000000005C0 (mip.MTI <- 0b1, mip.STI <- 0b0)
mem[X,0x00000000800013A0] -> 0x2373
mem[X,0x00000000800013A2] -> 0x3400
[2944] [M]: 0x00000000800013A0 (0x34002373) csrrs x6, mscratch, x0                  exit_Scleanup+0
CSR mscratch (0x340) -> 0x0000000080004000
x6 <- 0x0000000080004000

mem[X,0x00000000800013A4] -> 0x0313
mem[X,0x00000000800013A6] -> 0x2983
[2945] [M]: 0x00000000800013A4 (0x29830313) addi x6, x6, 0x298                      exit_Scleanup+4
x6 <- 0x0000000080004298

clint mtime 0x00000000000005C1 (mip.MTI <- 0b1, mip.STI <- 0b0)
mem[X,0x00000000800013A8] -> 0x3383
mem[X,0x00000000800013AA] -> 0x2383
[2946] [M]: 0x00000000800013A8 (0x23833383) ld x7, 0x238(x6)                        resto_Sedeleg+0
mem[R,0x00000000800044D0] -> 0x0000000000000000
x7 <- 0x0000000000000000

mem[X,0x00000000800013AC] -> 0x3383
mem[X,0x00000000800013AE] -> 0x2203
[2947] [M]: 0x00000000800013AC (0x22033383) ld x7, 0x220(x6)                        resto_Ssatp+0
mem[R,0x00000000800044B8] -> 0x0000000000000000
x7 <- 0x0000000000000000

clint mtime 0x00000000000005C2 (mip.MTI <- 0b1, mip.STI <- 0b0)
mem[X,0x00000000800013B0] -> 0x9073
mem[X,0x00000000800013B2] -> 0x1803
[2948] [M]: 0x00000000800013B0 (0x18039073) csrrw x0, satp, x7                      resto_Ssatp+4
CSR satp (0x180) <- 0x0000000000000000

mem[X,0x00000000800013B4] -> 0x3503
mem[X,0x00000000800013B6] -> 0x2503
[2949] [M]: 0x00000000800013B4 (0x25033503) ld x10, 0x250(x6)                       resto_Sscratch+0
mem[R,0x00000000800044E8] -> 0x0000000000000000
x10 <- 0x0000000000000000

clint mtime 0x00000000000005C3 (mip.MTI <- 0b1, mip.STI <- 0b0)
mem[X,0x00000000800013B8] -> 0x1073
mem[X,0x00000000800013BA] -> 0x1405
[2950] [M]: 0x00000000800013B8 (0x14051073) csrrw x0, sscratch, x10                 resto_Sscratch+4
CSR sscratch (0x140) <- 0x0000000000000000

mem[X,0x00000000800013BC] -> 0x3483
mem[X,0x00000000800013BE] -> 0x2483
[2951] [M]: 0x00000000800013BC (0x24833483) ld x9, 0x248(x6)                        resto_Sxtvec+0
mem[R,0x00000000800044E0] -> 0x0000000000000000
x9 <- 0x0000000000000000

clint mtime 0x00000000000005C4 (mip.MTI <- 0b1, mip.STI <- 0b0)
mem[X,0x00000000800013C0] -> 0x93F3
mem[X,0x00000000800013C2] -> 0x1054
[2952] [M]: 0x00000000800013C0 (0x105493F3) csrrw x7, stvec, x9                     resto_Sxtvec+4
CSR stvec (0x105) <- 0x0000000000000000
x7 <- 0x0000000080001E00

mem[X,0x00000000800013C4] -> 0xF493
mem[X,0x00000000800013C6] -> 0xFFC4
[2953] [M]: 0x00000000800013C4 (0xFFC4F493) andi x9, x9, -0x4                       resto_Sxtvec+8
x9 <- 0x0000000000000000

clint mtime 0x00000000000005C5 (mip.MTI <- 0b1, mip.STI <- 0b0)
mem[X,0x00000000800013C8] -> 0xF393
mem[X,0x00000000800013CA] -> 0xFFC3
[2954] [M]: 0x00000000800013C8 (0xFFC3F393) andi x7, x7, -0x4                       resto_Sxtvec+12
x7 <- 0x0000000080001E00

mem[X,0x00000000800013CC] -> 0x9063
mem[X,0x00000000800013CE] -> 0x0274
[2955] [M]: 0x00000000800013CC (0x02749063) bne x9, x7, 0x20                        resto_Sxtvec+16

clint mtime 0x00000000000005C6 (mip.MTI <- 0b1, mip.STI <- 0b0)
mem[X,0x00000000800013EC] -> 0x2373
mem[X,0x00000000800013EE] -> 0x3400
[2956] [M]: 0x00000000800013EC (0x34002373) csrrs x6, mscratch, x0                  rvtest_Send+0
CSR mscratch (0x340) -> 0x0000000080004000
x6 <- 0x0000000080004000

mem[X,0x00000000800013F0] -> 0x3383
mem[X,0x00000000800013F2] -> 0x2383
[2957] [M]: 0x00000000800013F0 (0x23833383) ld x7, 0x238(x6)                        resto_Medeleg+0
mem[R,0x0000000080004238] -> 0x0000000000000000
x7 <- 0x0000000000000000

clint mtime 0x00000000000005C7 (mip.MTI <- 0b1, mip.STI <- 0b0)
mem[X,0x00000000800013F4] -> 0x9073
mem[X,0x00000000800013F6] -> 0x3023
[2958] [M]: 0x00000000800013F4 (0x30239073) csrrw x0, medeleg, x7                   resto_Medeleg+4
CSR medeleg (0x302) <- 0x0000000000000000

mem[X,0x00000000800013F8] -> 0x3503
mem[X,0x00000000800013FA] -> 0x2503
[2959] [M]: 0x00000000800013F8 (0x25033503) ld x10, 0x250(x6)                       resto_Mscratch+0
mem[R,0x0000000080004250] -> 0x0000000000000000
x10 <- 0x0000000000000000

clint mtime 0x00000000000005C8 (mip.MTI <- 0b1, mip.STI <- 0b0)
mem[X,0x00000000800013FC] -> 0x1073
mem[X,0x00000000800013FE] -> 0x3405
[2960] [M]: 0x00000000800013FC (0x34051073) csrrw x0, mscratch, x10                 resto_Mscratch+4
CSR mscratch (0x340) <- 0x0000000000000000

mem[X,0x0000000080001400] -> 0x3483
mem[X,0x0000000080001402] -> 0x2483
[2961] [M]: 0x0000000080001400 (0x24833483) ld x9, 0x248(x6)                        resto_Mxtvec+0
mem[R,0x0000000080004248] -> 0x0000000000000000
x9 <- 0x0000000000000000

clint mtime 0x00000000000005C9 (mip.MTI <- 0b1, mip.STI <- 0b0)
mem[X,0x0000000080001404] -> 0x93F3
mem[X,0x0000000080001406] -> 0x3054
[2962] [M]: 0x0000000080001404 (0x305493F3) csrrw x7, mtvec, x9                     resto_Mxtvec+4
CSR mtvec (0x305) <- 0x0000000000000000
x7 <- 0x0000000080001480

mem[X,0x0000000080001408] -> 0xF493
mem[X,0x000000008000140A] -> 0xFFC4
[2963] [M]: 0x0000000080001408 (0xFFC4F493) andi x9, x9, -0x4                       resto_Mxtvec+8
x9 <- 0x0000000000000000

clint mtime 0x00000000000005CA (mip.MTI <- 0b1, mip.STI <- 0b0)
mem[X,0x000000008000140C] -> 0xF393
mem[X,0x000000008000140E] -> 0xFFC3
[2964] [M]: 0x000000008000140C (0xFFC3F393) andi x7, x7, -0x4                       resto_Mxtvec+12
x7 <- 0x0000000080001480

mem[X,0x0000000080001410] -> 0x9063
mem[X,0x0000000080001412] -> 0x0274
[2965] [M]: 0x0000000080001410 (0x02749063) bne x9, x7, 0x20                        resto_Mxtvec+16

clint mtime 0x00000000000005CB (mip.MTI <- 0b1, mip.STI <- 0b0)
mem[X,0x0000000080001430] -> 0x106F
mem[X,0x0000000080001432] -> 0x27C0
[2966] [M]: 0x0000000080001430 (0x27C0106F) jal x0, 0x127c                          rvtest_Mend+0

mem[X,0x00000000800026AC] -> 0x0093
mem[X,0x00000000800026AE] -> 0x0010
[2967] [M]: 0x00000000800026AC (0x00100093) addi x1, x0, 0x1                        exit_cleanup+0
x1 <- 0x0000000000000001

clint mtime 0x00000000000005CC (mip.MTI <- 0b1, mip.STI <- 0b0)
mem[X,0x00000000800026B0] -> 0x1397
mem[X,0x00000000800026B2] -> 0x0000
[2968] [M]: 0x00000000800026B0 (0x00001397) auipc x7, 0x1                           exit_cleanup+4
x7 <- 0x00000000800036B0

mem[X,0x00000000800026B4] -> 0xA823
mem[X,0x00000000800026B6] -> 0x9413
[2969] [M]: 0x00000000800026B4 (0x9413A823) sw x1, -0x6b0(x7)                       exit_cleanup+8
htif[0x0000000080003000] <- 0x00000001
mem[W,0x0000000080003000] <- 0x00000001

clint mtime 0x00000000000005CD (mip.MTI <- 0b1, mip.STI <- 0b0)
mem[X,0x00000000800026B8] -> 0xF06F
mem[X,0x00000000800026BA] -> 0xFF9F
[2970] [M]: 0x00000000800026B8 (0xFF9FF06F) jal x0, -0x8                            exit_cleanup+12

mem[X,0x00000000800026B0] -> 0x1397
mem[X,0x00000000800026B2] -> 0x0000
[2971] [M]: 0x00000000800026B0 (0x00001397) auipc x7, 0x1                           exit_cleanup+4
x7 <- 0x00000000800036B0

clint mtime 0x00000000000005CE (mip.MTI <- 0b1, mip.STI <- 0b0)
mem[X,0x00000000800026B4] -> 0xA823
mem[X,0x00000000800026B6] -> 0x9413
[2972] [M]: 0x00000000800026B4 (0x9413A823) sw x1, -0x6b0(x7)                       exit_cleanup+8
htif[0x0000000080003000] <- 0x00000001
mem[W,0x0000000080003000] <- 0x00000001

mem[X,0x00000000800026B8] -> 0xF06F
mem[X,0x00000000800026BA] -> 0xFF9F
[2973] [M]: 0x00000000800026B8 (0xFF9FF06F) jal x0, -0x8                            exit_cleanup+12

clint mtime 0x00000000000005CF (mip.MTI <- 0b1, mip.STI <- 0b0)
mem[X,0x00000000800026B0] -> 0x1397
mem[X,0x00000000800026B2] -> 0x0000
[2974] [M]: 0x00000000800026B0 (0x00001397) auipc x7, 0x1                           exit_cleanup+4
x7 <- 0x00000000800036B0

mem[X,0x00000000800026B4] -> 0xA823
mem[X,0x00000000800026B6] -> 0x9413
[2975] [M]: 0x00000000800026B4 (0x9413A823) sw x1, -0x6b0(x7)                       exit_cleanup+8
htif[0x0000000080003000] <- 0x00000001
htif-syscall-proxy cmd: 0x000000000001
mem[W,0x0000000080003000] <- 0x00000001

SUCCESS
clint mtime 0x00000000000005D0 (mip.MTI <- 0b1, mip.STI <- 0b0)
