using /opt/riscv-arch-test/riscof-plugins/rv64/riscof_work/I/src/sraiw-01.S/ref/Reference-sail_c_simulator.signature for test-signature output.
setting signature-granularity to 8 bytes
HTIF located at 0x80001000
begin_signature: 0x80003110
end_signature: 0x800035e0
Entry point: 0x80000000
CSR mstatus (0x300) <- 0x0000000A00000000
CSR misa (0x301) <- 0x800000000034112F
CSR mcause (0x342) <- 0x0000000000000000
x10 <- 0x0000000000000000
x11 <- 0x0000000000001000
mem[X,0x0000000080000000] -> 0x0837
mem[X,0x0000000080000002] -> 0x7D5C
[0] [M]: 0x0000000080000000 (0x7D5C0837) lui x16, 0x7d5c0                           rvtest_init+0
x16 <- 0x000000007D5C0000

mem[X,0x0000000080000004] -> 0x0813
mem[X,0x0000000080000006] -> 0xDDB8
[1] [M]: 0x0000000080000004 (0xDDB80813) addi x16, x16, -0x225                      rvtest_init+4
x16 <- 0x000000007D5BFDDB

clint mtime 0x0000000000000001 (mip.MTI <- 0b1, mip.STI <- 0b0)
mem[X,0x0000000080000008] -> 0x1813
mem[X,0x000000008000000A] -> 0x00B8
[2] [M]: 0x0000000080000008 (0x00B81813) slli x16, x16, 0xb                         rvtest_init+8
x16 <- 0x000003EADFEED800

mem[X,0x000000008000000C] -> 0x0813
mem[X,0x000000008000000E] -> 0x3EA8
[3] [M]: 0x000000008000000C (0x3EA80813) addi x16, x16, 0x3ea                       rvtest_init+12
x16 <- 0x000003EADFEEDBEA

clint mtime 0x0000000000000002 (mip.MTI <- 0b1, mip.STI <- 0b0)
mem[X,0x0000000080000010] -> 0x1813
mem[X,0x0000000080000012] -> 0x00B8
[4] [M]: 0x0000000080000010 (0x00B81813) slli x16, x16, 0xb                         rvtest_init+16
x16 <- 0x001F56FF76DF5000

mem[X,0x0000000080000014] -> 0x0813
mem[X,0x0000000080000016] -> 0x6FF8
[5] [M]: 0x0000000080000014 (0x6FF80813) addi x16, x16, 0x6ff                       rvtest_init+20
x16 <- 0x001F56FF76DF56FF

clint mtime 0x0000000000000003 (mip.MTI <- 0b1, mip.STI <- 0b0)
mem[X,0x0000000080000018] -> 0x1813
mem[X,0x000000008000001A] -> 0x00A8
[6] [M]: 0x0000000080000018 (0x00A81813) slli x16, x16, 0xa                         rvtest_init+24
x16 <- 0x7D5BFDDB7D5BFC00

mem[X,0x000000008000001C] -> 0x0813
mem[X,0x000000008000001E] -> 0x1DB8
[7] [M]: 0x000000008000001C (0x1DB80813) addi x16, x16, 0x1db                       rvtest_init+28
x16 <- 0x7D5BFDDB7D5BFDDB

clint mtime 0x0000000000000004 (mip.MTI <- 0b1, mip.STI <- 0b0)
mem[X,0x0000000080000020] -> 0x5893
mem[X,0x0000000080000022] -> 0x0078
[8] [M]: 0x0000000080000020 (0x00785893) srli x17, x16, 0x7                         rvtest_init+32
x17 <- 0x00FAB7FBB6FAB7FB

mem[X,0x0000000080000024] -> 0x5793
mem[X,0x0000000080000026] -> 0x0398
[9] [M]: 0x0000000080000024 (0x03985793) srli x15, x16, 0x39                        rvtest_init+36
x15 <- 0x000000000000003E

clint mtime 0x0000000000000005 (mip.MTI <- 0b1, mip.STI <- 0b0)
mem[X,0x0000000080000028] -> 0xE8B3
mem[X,0x000000008000002A] -> 0x00F8
[10] [M]: 0x0000000080000028 (0x00F8E8B3) or x17, x17, x15                          rvtest_init+40
x17 <- 0x00FAB7FBB6FAB7FF

mem[X,0x000000008000002C] -> 0xD913
mem[X,0x000000008000002E] -> 0x0078
[11] [M]: 0x000000008000002C (0x0078D913) srli x18, x17, 0x7                        rvtest_init+44
x18 <- 0x0001F56FF76DF56F

clint mtime 0x0000000000000006 (mip.MTI <- 0b1, mip.STI <- 0b0)
mem[X,0x0000000080000030] -> 0xD793
mem[X,0x0000000080000032] -> 0x0398
[12] [M]: 0x0000000080000030 (0x0398D793) srli x15, x17, 0x39                       rvtest_init+48
x15 <- 0x0000000000000000

mem[X,0x0000000080000034] -> 0x6933
mem[X,0x0000000080000036] -> 0x00F9
[13] [M]: 0x0000000080000034 (0x00F96933) or x18, x18, x15                          rvtest_init+52
x18 <- 0x0001F56FF76DF56F

clint mtime 0x0000000000000007 (mip.MTI <- 0b1, mip.STI <- 0b0)
mem[X,0x0000000080000038] -> 0x5993
mem[X,0x000000008000003A] -> 0x0079
[14] [M]: 0x0000000080000038 (0x00795993) srli x19, x18, 0x7                        rvtest_init+56
x19 <- 0x000003EADFEEDBEA

mem[X,0x000000008000003C] -> 0x5793
mem[X,0x000000008000003E] -> 0x0399
[15] [M]: 0x000000008000003C (0x03995793) srli x15, x18, 0x39                       rvtest_init+60
x15 <- 0x0000000000000000

clint mtime 0x0000000000000008 (mip.MTI <- 0b1, mip.STI <- 0b0)
mem[X,0x0000000080000040] -> 0xE9B3
mem[X,0x0000000080000042] -> 0x00F9
[16] [M]: 0x0000000080000040 (0x00F9E9B3) or x19, x19, x15                          rvtest_init+64
x19 <- 0x000003EADFEEDBEA

mem[X,0x0000000080000044] -> 0xDA13
mem[X,0x0000000080000046] -> 0x0079
[17] [M]: 0x0000000080000044 (0x0079DA13) srli x20, x19, 0x7                        rvtest_init+68
x20 <- 0x00000007D5BFDDB7

clint mtime 0x0000000000000009 (mip.MTI <- 0b1, mip.STI <- 0b0)
mem[X,0x0000000080000048] -> 0xD793
mem[X,0x000000008000004A] -> 0x0399
[18] [M]: 0x0000000080000048 (0x0399D793) srli x15, x19, 0x39                       rvtest_init+72
x15 <- 0x0000000000000000

mem[X,0x000000008000004C] -> 0x6A33
mem[X,0x000000008000004E] -> 0x00FA
[19] [M]: 0x000000008000004C (0x00FA6A33) or x20, x20, x15                          rvtest_init+76
x20 <- 0x00000007D5BFDDB7

clint mtime 0x000000000000000A (mip.MTI <- 0b1, mip.STI <- 0b0)
mem[X,0x0000000080000050] -> 0x5A93
mem[X,0x0000000080000052] -> 0x007A
[20] [M]: 0x0000000080000050 (0x007A5A93) srli x21, x20, 0x7                        rvtest_init+80
x21 <- 0x000000000FAB7FBB

mem[X,0x0000000080000054] -> 0x5793
mem[X,0x0000000080000056] -> 0x039A
[21] [M]: 0x0000000080000054 (0x039A5793) srli x15, x20, 0x39                       rvtest_init+84
x15 <- 0x0000000000000000

clint mtime 0x000000000000000B (mip.MTI <- 0b1, mip.STI <- 0b0)
mem[X,0x0000000080000058] -> 0xEAB3
mem[X,0x000000008000005A] -> 0x00FA
[22] [M]: 0x0000000080000058 (0x00FAEAB3) or x21, x21, x15                          rvtest_init+88
x21 <- 0x000000000FAB7FBB

mem[X,0x000000008000005C] -> 0xDB13
mem[X,0x000000008000005E] -> 0x007A
[23] [M]: 0x000000008000005C (0x007ADB13) srli x22, x21, 0x7                        rvtest_init+92
x22 <- 0x00000000001F56FF

clint mtime 0x000000000000000C (mip.MTI <- 0b1, mip.STI <- 0b0)
mem[X,0x0000000080000060] -> 0xD793
mem[X,0x0000000080000062] -> 0x039A
[24] [M]: 0x0000000080000060 (0x039AD793) srli x15, x21, 0x39                       rvtest_init+96
x15 <- 0x0000000000000000

mem[X,0x0000000080000064] -> 0x6B33
mem[X,0x0000000080000066] -> 0x00FB
[25] [M]: 0x0000000080000064 (0x00FB6B33) or x22, x22, x15                          rvtest_init+100
x22 <- 0x00000000001F56FF

clint mtime 0x000000000000000D (mip.MTI <- 0b1, mip.STI <- 0b0)
mem[X,0x0000000080000068] -> 0x5B93
mem[X,0x000000008000006A] -> 0x007B
[26] [M]: 0x0000000080000068 (0x007B5B93) srli x23, x22, 0x7                        rvtest_init+104
x23 <- 0x0000000000003EAD

mem[X,0x000000008000006C] -> 0x5793
mem[X,0x000000008000006E] -> 0x039B
[27] [M]: 0x000000008000006C (0x039B5793) srli x15, x22, 0x39                       rvtest_init+108
x15 <- 0x0000000000000000

clint mtime 0x000000000000000E (mip.MTI <- 0b1, mip.STI <- 0b0)
mem[X,0x0000000080000070] -> 0xEBB3
mem[X,0x0000000080000072] -> 0x00FB
[28] [M]: 0x0000000080000070 (0x00FBEBB3) or x23, x23, x15                          rvtest_init+112
x23 <- 0x0000000000003EAD

mem[X,0x0000000080000074] -> 0xDC13
mem[X,0x0000000080000076] -> 0x007B
[29] [M]: 0x0000000080000074 (0x007BDC13) srli x24, x23, 0x7                        rvtest_init+116
x24 <- 0x000000000000007D

clint mtime 0x000000000000000F (mip.MTI <- 0b1, mip.STI <- 0b0)
mem[X,0x0000000080000078] -> 0xD793
mem[X,0x000000008000007A] -> 0x039B
[30] [M]: 0x0000000080000078 (0x039BD793) srli x15, x23, 0x39                       rvtest_init+120
x15 <- 0x0000000000000000

mem[X,0x000000008000007C] -> 0x6C33
mem[X,0x000000008000007E] -> 0x00FC
[31] [M]: 0x000000008000007C (0x00FC6C33) or x24, x24, x15                          rvtest_init+124
x24 <- 0x000000000000007D

clint mtime 0x0000000000000010 (mip.MTI <- 0b1, mip.STI <- 0b0)
mem[X,0x0000000080000080] -> 0x5C93
mem[X,0x0000000080000082] -> 0x007C
[32] [M]: 0x0000000080000080 (0x007C5C93) srli x25, x24, 0x7                        rvtest_init+128
x25 <- 0x0000000000000000

mem[X,0x0000000080000084] -> 0x5793
mem[X,0x0000000080000086] -> 0x039C
[33] [M]: 0x0000000080000084 (0x039C5793) srli x15, x24, 0x39                       rvtest_init+132
x15 <- 0x0000000000000000

clint mtime 0x0000000000000011 (mip.MTI <- 0b1, mip.STI <- 0b0)
mem[X,0x0000000080000088] -> 0xECB3
mem[X,0x000000008000008A] -> 0x00FC
[34] [M]: 0x0000000080000088 (0x00FCECB3) or x25, x25, x15                          rvtest_init+136
x25 <- 0x0000000000000000

mem[X,0x000000008000008C] -> 0xDD13
mem[X,0x000000008000008E] -> 0x007C
[35] [M]: 0x000000008000008C (0x007CDD13) srli x26, x25, 0x7                        rvtest_init+140
x26 <- 0x0000000000000000

clint mtime 0x0000000000000012 (mip.MTI <- 0b1, mip.STI <- 0b0)
mem[X,0x0000000080000090] -> 0xD793
mem[X,0x0000000080000092] -> 0x039C
[36] [M]: 0x0000000080000090 (0x039CD793) srli x15, x25, 0x39                       rvtest_init+144
x15 <- 0x0000000000000000

mem[X,0x0000000080000094] -> 0x6D33
mem[X,0x0000000080000096] -> 0x00FD
[37] [M]: 0x0000000080000094 (0x00FD6D33) or x26, x26, x15                          rvtest_init+148
x26 <- 0x0000000000000000

clint mtime 0x0000000000000013 (mip.MTI <- 0b1, mip.STI <- 0b0)
mem[X,0x0000000080000098] -> 0x5D93
mem[X,0x000000008000009A] -> 0x007D
[38] [M]: 0x0000000080000098 (0x007D5D93) srli x27, x26, 0x7                        rvtest_init+152
x27 <- 0x0000000000000000

mem[X,0x000000008000009C] -> 0x5793
mem[X,0x000000008000009E] -> 0x039D
[39] [M]: 0x000000008000009C (0x039D5793) srli x15, x26, 0x39                       rvtest_init+156
x15 <- 0x0000000000000000

clint mtime 0x0000000000000014 (mip.MTI <- 0b1, mip.STI <- 0b0)
mem[X,0x00000000800000A0] -> 0xEDB3
mem[X,0x00000000800000A2] -> 0x00FD
[40] [M]: 0x00000000800000A0 (0x00FDEDB3) or x27, x27, x15                          rvtest_init+160
x27 <- 0x0000000000000000

mem[X,0x00000000800000A4] -> 0xDE13
mem[X,0x00000000800000A6] -> 0x007D
[41] [M]: 0x00000000800000A4 (0x007DDE13) srli x28, x27, 0x7                        rvtest_init+164
x28 <- 0x0000000000000000

clint mtime 0x0000000000000015 (mip.MTI <- 0b1, mip.STI <- 0b0)
mem[X,0x00000000800000A8] -> 0xD793
mem[X,0x00000000800000AA] -> 0x039D
[42] [M]: 0x00000000800000A8 (0x039DD793) srli x15, x27, 0x39                       rvtest_init+168
x15 <- 0x0000000000000000

mem[X,0x00000000800000AC] -> 0x6E33
mem[X,0x00000000800000AE] -> 0x00FE
[43] [M]: 0x00000000800000AC (0x00FE6E33) or x28, x28, x15                          rvtest_init+172
x28 <- 0x0000000000000000

clint mtime 0x0000000000000016 (mip.MTI <- 0b1, mip.STI <- 0b0)
mem[X,0x00000000800000B0] -> 0x5E93
mem[X,0x00000000800000B2] -> 0x007E
[44] [M]: 0x00000000800000B0 (0x007E5E93) srli x29, x28, 0x7                        rvtest_init+176
x29 <- 0x0000000000000000

mem[X,0x00000000800000B4] -> 0x5793
mem[X,0x00000000800000B6] -> 0x039E
[45] [M]: 0x00000000800000B4 (0x039E5793) srli x15, x28, 0x39                       rvtest_init+180
x15 <- 0x0000000000000000

clint mtime 0x0000000000000017 (mip.MTI <- 0b1, mip.STI <- 0b0)
mem[X,0x00000000800000B8] -> 0xEEB3
mem[X,0x00000000800000BA] -> 0x00FE
[46] [M]: 0x00000000800000B8 (0x00FEEEB3) or x29, x29, x15                          rvtest_init+184
x29 <- 0x0000000000000000

mem[X,0x00000000800000BC] -> 0xDF13
mem[X,0x00000000800000BE] -> 0x007E
[47] [M]: 0x00000000800000BC (0x007EDF13) srli x30, x29, 0x7                        rvtest_init+188
x30 <- 0x0000000000000000

clint mtime 0x0000000000000018 (mip.MTI <- 0b1, mip.STI <- 0b0)
mem[X,0x00000000800000C0] -> 0xD793
mem[X,0x00000000800000C2] -> 0x039E
[48] [M]: 0x00000000800000C0 (0x039ED793) srli x15, x29, 0x39                       rvtest_init+192
x15 <- 0x0000000000000000

mem[X,0x00000000800000C4] -> 0x6F33
mem[X,0x00000000800000C6] -> 0x00FF
[49] [M]: 0x00000000800000C4 (0x00FF6F33) or x30, x30, x15                          rvtest_init+196
x30 <- 0x0000000000000000

clint mtime 0x0000000000000019 (mip.MTI <- 0b1, mip.STI <- 0b0)
mem[X,0x00000000800000C8] -> 0xC0B7
mem[X,0x00000000800000CA] -> 0xFEED
[50] [M]: 0x00000000800000C8 (0xFEEDC0B7) lui x1, -0x1124                           rvtest_init+200
x1 <- 0xFFFFFFFFFEEDC000

mem[X,0x00000000800000CC] -> 0x8093
mem[X,0x00000000800000CE] -> 0xEAD0
[51] [M]: 0x00000000800000CC (0xEAD08093) addi x1, x1, -0x153                       rvtest_init+204
x1 <- 0xFFFFFFFFFEEDBEAD

clint mtime 0x000000000000001A (mip.MTI <- 0b1, mip.STI <- 0b0)
mem[X,0x00000000800000D0] -> 0x9093
mem[X,0x00000000800000D2] -> 0x00B0
[52] [M]: 0x00000000800000D0 (0x00B09093) slli x1, x1, 0xb                          rvtest_init+208
x1 <- 0xFFFFFFF76DF56800

mem[X,0x00000000800000D4] -> 0x8093
mem[X,0x00000000800000D6] -> 0x7F70
[53] [M]: 0x00000000800000D4 (0x7F708093) addi x1, x1, 0x7f7                        rvtest_init+212
x1 <- 0xFFFFFFF76DF56FF7

clint mtime 0x000000000000001B (mip.MTI <- 0b1, mip.STI <- 0b0)
mem[X,0x00000000800000D8] -> 0x9093
mem[X,0x00000000800000DA] -> 0x00B0
[54] [M]: 0x00000000800000D8 (0x00B09093) slli x1, x1, 0xb                          rvtest_init+216
x1 <- 0xFFFFBB6FAB7FB800

mem[X,0x00000000800000DC] -> 0x8093
mem[X,0x00000000800000DE] -> 0x36F0
[55] [M]: 0x00000000800000DC (0x36F08093) addi x1, x1, 0x36f                        rvtest_init+220
x1 <- 0xFFFFBB6FAB7FBB6F

clint mtime 0x000000000000001C (mip.MTI <- 0b1, mip.STI <- 0b0)
mem[X,0x00000000800000E0] -> 0x9093
mem[X,0x00000000800000E2] -> 0x00A0
[56] [M]: 0x00000000800000E0 (0x00A09093) slli x1, x1, 0xa                          rvtest_init+224
x1 <- 0xFEEDBEADFEEDBC00

mem[X,0x00000000800000E4] -> 0x8093
mem[X,0x00000000800000E6] -> 0x2AD0
[57] [M]: 0x00000000800000E4 (0x2AD08093) addi x1, x1, 0x2ad                        rvtest_init+228
x1 <- 0xFEEDBEADFEEDBEAD

clint mtime 0x000000000000001D (mip.MTI <- 0b1, mip.STI <- 0b0)
mem[X,0x00000000800000E8] -> 0xD113
mem[X,0x00000000800000EA] -> 0x0070
[58] [M]: 0x00000000800000E8 (0x0070D113) srli x2, x1, 0x7                          rvtest_init+232
x2 <- 0x01FDDB7D5BFDDB7D

mem[X,0x00000000800000EC] -> 0xD793
mem[X,0x00000000800000EE] -> 0x0390
[59] [M]: 0x00000000800000EC (0x0390D793) srli x15, x1, 0x39                        rvtest_init+236
x15 <- 0x000000000000007F

clint mtime 0x000000000000001E (mip.MTI <- 0b1, mip.STI <- 0b0)
mem[X,0x00000000800000F0] -> 0x6133
mem[X,0x00000000800000F2] -> 0x00F1
[60] [M]: 0x00000000800000F0 (0x00F16133) or x2, x2, x15                            rvtest_init+240
x2 <- 0x01FDDB7D5BFDDB7F

mem[X,0x00000000800000F4] -> 0x5193
mem[X,0x00000000800000F6] -> 0x0071
[61] [M]: 0x00000000800000F4 (0x00715193) srli x3, x2, 0x7                          rvtest_init+244
x3 <- 0x0003FBB6FAB7FBB6

clint mtime 0x000000000000001F (mip.MTI <- 0b1, mip.STI <- 0b0)
mem[X,0x00000000800000F8] -> 0x5793
mem[X,0x00000000800000FA] -> 0x0391
[62] [M]: 0x00000000800000F8 (0x03915793) srli x15, x2, 0x39                        rvtest_init+248
x15 <- 0x0000000000000000

mem[X,0x00000000800000FC] -> 0xE1B3
mem[X,0x00000000800000FE] -> 0x00F1
[63] [M]: 0x00000000800000FC (0x00F1E1B3) or x3, x3, x15                            rvtest_init+252
x3 <- 0x0003FBB6FAB7FBB6

clint mtime 0x0000000000000020 (mip.MTI <- 0b1, mip.STI <- 0b0)
mem[X,0x0000000080000100] -> 0xD213
mem[X,0x0000000080000102] -> 0x0071
[64] [M]: 0x0000000080000100 (0x0071D213) srli x4, x3, 0x7                          rvtest_init+256
x4 <- 0x000007F76DF56FF7

mem[X,0x0000000080000104] -> 0xD793
mem[X,0x0000000080000106] -> 0x0391
[65] [M]: 0x0000000080000104 (0x0391D793) srli x15, x3, 0x39                        rvtest_init+260
x15 <- 0x0000000000000000

clint mtime 0x0000000000000021 (mip.MTI <- 0b1, mip.STI <- 0b0)
mem[X,0x0000000080000108] -> 0x6233
mem[X,0x000000008000010A] -> 0x00F2
[66] [M]: 0x0000000080000108 (0x00F26233) or x4, x4, x15                            rvtest_init+264
x4 <- 0x000007F76DF56FF7

mem[X,0x000000008000010C] -> 0x5293
mem[X,0x000000008000010E] -> 0x0072
[67] [M]: 0x000000008000010C (0x00725293) srli x5, x4, 0x7                          rvtest_init+268
x5 <- 0x0000000FEEDBEADF

clint mtime 0x0000000000000022 (mip.MTI <- 0b1, mip.STI <- 0b0)
mem[X,0x0000000080000110] -> 0x5793
mem[X,0x0000000080000112] -> 0x0392
[68] [M]: 0x0000000080000110 (0x03925793) srli x15, x4, 0x39                        rvtest_init+272
x15 <- 0x0000000000000000

mem[X,0x0000000080000114] -> 0xE2B3
mem[X,0x0000000080000116] -> 0x00F2
[69] [M]: 0x0000000080000114 (0x00F2E2B3) or x5, x5, x15                            rvtest_init+276
x5 <- 0x0000000FEEDBEADF

clint mtime 0x0000000000000023 (mip.MTI <- 0b1, mip.STI <- 0b0)
mem[X,0x0000000080000118] -> 0xD313
mem[X,0x000000008000011A] -> 0x0072
[70] [M]: 0x0000000080000118 (0x0072D313) srli x6, x5, 0x7                          rvtest_init+280
x6 <- 0x000000001FDDB7D5

mem[X,0x000000008000011C] -> 0xD793
mem[X,0x000000008000011E] -> 0x0392
[71] [M]: 0x000000008000011C (0x0392D793) srli x15, x5, 0x39                        rvtest_init+284
x15 <- 0x0000000000000000

clint mtime 0x0000000000000024 (mip.MTI <- 0b1, mip.STI <- 0b0)
mem[X,0x0000000080000120] -> 0x6333
mem[X,0x0000000080000122] -> 0x00F3
[72] [M]: 0x0000000080000120 (0x00F36333) or x6, x6, x15                            rvtest_init+288
x6 <- 0x000000001FDDB7D5

mem[X,0x0000000080000124] -> 0x5393
mem[X,0x0000000080000126] -> 0x0073
[73] [M]: 0x0000000080000124 (0x00735393) srli x7, x6, 0x7                          rvtest_init+292
x7 <- 0x00000000003FBB6F

clint mtime 0x0000000000000025 (mip.MTI <- 0b1, mip.STI <- 0b0)
mem[X,0x0000000080000128] -> 0x5793
mem[X,0x000000008000012A] -> 0x0393
[74] [M]: 0x0000000080000128 (0x03935793) srli x15, x6, 0x39                        rvtest_init+296
x15 <- 0x0000000000000000

mem[X,0x000000008000012C] -> 0xE3B3
mem[X,0x000000008000012E] -> 0x00F3
[75] [M]: 0x000000008000012C (0x00F3E3B3) or x7, x7, x15                            rvtest_init+300
x7 <- 0x00000000003FBB6F

clint mtime 0x0000000000000026 (mip.MTI <- 0b1, mip.STI <- 0b0)
mem[X,0x0000000080000130] -> 0xD413
mem[X,0x0000000080000132] -> 0x0073
[76] [M]: 0x0000000080000130 (0x0073D413) srli x8, x7, 0x7                          rvtest_init+304
x8 <- 0x0000000000007F76

mem[X,0x0000000080000134] -> 0xD793
mem[X,0x0000000080000136] -> 0x0393
[77] [M]: 0x0000000080000134 (0x0393D793) srli x15, x7, 0x39                        rvtest_init+308
x15 <- 0x0000000000000000

clint mtime 0x0000000000000027 (mip.MTI <- 0b1, mip.STI <- 0b0)
mem[X,0x0000000080000138] -> 0x6433
mem[X,0x000000008000013A] -> 0x00F4
[78] [M]: 0x0000000080000138 (0x00F46433) or x8, x8, x15                            rvtest_init+312
x8 <- 0x0000000000007F76

mem[X,0x000000008000013C] -> 0x5493
mem[X,0x000000008000013E] -> 0x0074
[79] [M]: 0x000000008000013C (0x00745493) srli x9, x8, 0x7                          rvtest_init+316
x9 <- 0x00000000000000FE

clint mtime 0x0000000000000028 (mip.MTI <- 0b1, mip.STI <- 0b0)
mem[X,0x0000000080000140] -> 0x5793
mem[X,0x0000000080000142] -> 0x0394
[80] [M]: 0x0000000080000140 (0x03945793) srli x15, x8, 0x39                        rvtest_init+320
x15 <- 0x0000000000000000

mem[X,0x0000000080000144] -> 0xE4B3
mem[X,0x0000000080000146] -> 0x00F4
[81] [M]: 0x0000000080000144 (0x00F4E4B3) or x9, x9, x15                            rvtest_init+324
x9 <- 0x00000000000000FE

clint mtime 0x0000000000000029 (mip.MTI <- 0b1, mip.STI <- 0b0)
mem[X,0x0000000080000148] -> 0xD513
mem[X,0x000000008000014A] -> 0x0074
[82] [M]: 0x0000000080000148 (0x0074D513) srli x10, x9, 0x7                         rvtest_init+328
x10 <- 0x0000000000000001

mem[X,0x000000008000014C] -> 0xD793
mem[X,0x000000008000014E] -> 0x0394
[83] [M]: 0x000000008000014C (0x0394D793) srli x15, x9, 0x39                        rvtest_init+332
x15 <- 0x0000000000000000

clint mtime 0x000000000000002A (mip.MTI <- 0b1, mip.STI <- 0b0)
mem[X,0x0000000080000150] -> 0x6533
mem[X,0x0000000080000152] -> 0x00F5
[84] [M]: 0x0000000080000150 (0x00F56533) or x10, x10, x15                          rvtest_init+336
x10 <- 0x0000000000000001

mem[X,0x0000000080000154] -> 0x5593
mem[X,0x0000000080000156] -> 0x0075
[85] [M]: 0x0000000080000154 (0x00755593) srli x11, x10, 0x7                        rvtest_init+340
x11 <- 0x0000000000000000

clint mtime 0x000000000000002B (mip.MTI <- 0b1, mip.STI <- 0b0)
mem[X,0x0000000080000158] -> 0x5793
mem[X,0x000000008000015A] -> 0x0395
[86] [M]: 0x0000000080000158 (0x03955793) srli x15, x10, 0x39                       rvtest_init+344
x15 <- 0x0000000000000000

mem[X,0x000000008000015C] -> 0xE5B3
mem[X,0x000000008000015E] -> 0x00F5
[87] [M]: 0x000000008000015C (0x00F5E5B3) or x11, x11, x15                          rvtest_init+348
x11 <- 0x0000000000000000

clint mtime 0x000000000000002C (mip.MTI <- 0b1, mip.STI <- 0b0)
mem[X,0x0000000080000160] -> 0xD613
mem[X,0x0000000080000162] -> 0x0075
[88] [M]: 0x0000000080000160 (0x0075D613) srli x12, x11, 0x7                        rvtest_init+352
x12 <- 0x0000000000000000

mem[X,0x0000000080000164] -> 0xD793
mem[X,0x0000000080000166] -> 0x0395
[89] [M]: 0x0000000080000164 (0x0395D793) srli x15, x11, 0x39                       rvtest_init+356
x15 <- 0x0000000000000000

clint mtime 0x000000000000002D (mip.MTI <- 0b1, mip.STI <- 0b0)
mem[X,0x0000000080000168] -> 0x6633
mem[X,0x000000008000016A] -> 0x00F6
[90] [M]: 0x0000000080000168 (0x00F66633) or x12, x12, x15                          rvtest_init+360
x12 <- 0x0000000000000000

mem[X,0x000000008000016C] -> 0x5693
mem[X,0x000000008000016E] -> 0x0076
[91] [M]: 0x000000008000016C (0x00765693) srli x13, x12, 0x7                        rvtest_init+364
x13 <- 0x0000000000000000

clint mtime 0x000000000000002E (mip.MTI <- 0b1, mip.STI <- 0b0)
mem[X,0x0000000080000170] -> 0x5793
mem[X,0x0000000080000172] -> 0x0396
[92] [M]: 0x0000000080000170 (0x03965793) srli x15, x12, 0x39                       rvtest_init+368
x15 <- 0x0000000000000000

mem[X,0x0000000080000174] -> 0xE6B3
mem[X,0x0000000080000176] -> 0x00F6
[93] [M]: 0x0000000080000174 (0x00F6E6B3) or x13, x13, x15                          rvtest_init+372
x13 <- 0x0000000000000000

clint mtime 0x000000000000002F (mip.MTI <- 0b1, mip.STI <- 0b0)
mem[X,0x0000000080000178] -> 0x0013
mem[X,0x000000008000017A] -> 0x0000
[94] [M]: 0x0000000080000178 (0x00000013) addi x0, x0, 0x0                          rvtest_code_begin+0

mem[X,0x000000008000017C] -> 0x0013
mem[X,0x000000008000017E] -> 0x0000
[95] [M]: 0x000000008000017C (0x00000013) addi x0, x0, 0x0                          rvtest_code_begin+4

clint mtime 0x0000000000000030 (mip.MTI <- 0b1, mip.STI <- 0b0)
mem[X,0x0000000080000180] -> 0x3117
mem[X,0x0000000080000182] -> 0x0000
[96] [M]: 0x0000000080000180 (0x00003117) auipc x2, 0x3                             rvtest_code_begin+8
x2 <- 0x0000000080003180

mem[X,0x0000000080000184] -> 0x0113
mem[X,0x0000000080000186] -> 0xF981
[97] [M]: 0x0000000080000184 (0xF9810113) addi x2, x2, -0x68                        rvtest_code_begin+12
x2 <- 0x0000000080003118

clint mtime 0x0000000000000031 (mip.MTI <- 0b1, mip.STI <- 0b0)
mem[X,0x0000000080000188] -> 0x0013
mem[X,0x000000008000018A] -> 0x0000
[98] [M]: 0x0000000080000188 (0x00000013) addi x0, x0, 0x0                          rvtest_code_begin+16

mem[X,0x000000008000018C] -> 0x0013
mem[X,0x000000008000018E] -> 0x0000
[99] [M]: 0x000000008000018C (0x00000013) addi x0, x0, 0x0                          rvtest_code_begin+20

clint mtime 0x0000000000000032 (mip.MTI <- 0b1, mip.STI <- 0b0)
mem[X,0x0000000080000190] -> 0x0013
mem[X,0x0000000080000192] -> 0x0000
[100] [M]: 0x0000000080000190 (0x00000013) addi x0, x0, 0x0                         rvtest_code_begin+24

mem[X,0x0000000080000194] -> 0x0013
mem[X,0x0000000080000196] -> 0x0000
[101] [M]: 0x0000000080000194 (0x00000013) addi x0, x0, 0x0                         rvtest_code_begin+28

clint mtime 0x0000000000000033 (mip.MTI <- 0b1, mip.STI <- 0b0)
mem[X,0x0000000080000198] -> 0x0013
mem[X,0x000000008000019A] -> 0x0000
[102] [M]: 0x0000000080000198 (0x00000013) addi x0, x0, 0x0                         rvtest_code_begin+32

mem[X,0x000000008000019C] -> 0x0013
mem[X,0x000000008000019E] -> 0x0000
[103] [M]: 0x000000008000019C (0x00000013) addi x0, x0, 0x0                         rvtest_code_begin+36

clint mtime 0x0000000000000034 (mip.MTI <- 0b1, mip.STI <- 0b0)
mem[X,0x00000000800001A0] -> 0x0293
mem[X,0x00000000800001A2] -> 0xDFF0
[104] [M]: 0x00000000800001A0 (0xDFF00293) addi x5, x0, -0x201                      inst_0+0
x5 <- 0xFFFFFFFFFFFFFDFF

mem[X,0x00000000800001A4] -> 0xD29B
mem[X,0x00000000800001A6] -> 0x4172
[105] [M]: 0x00000000800001A4 (0x4172D29B) sraiw x5, x5, 0x17                       inst_0+4
x5 <- 0xFFFFFFFFFFFFFFFF

clint mtime 0x0000000000000035 (mip.MTI <- 0b1, mip.STI <- 0b0)
mem[X,0x00000000800001A8] -> 0x3023
mem[X,0x00000000800001AA] -> 0x0051
[106] [M]: 0x00000000800001A8 (0x00513023) sd x5, 0x0(x2)                           inst_0+8
mem[W,0x0000000080003118] <- 0xFFFFFFFFFFFFFFFF

mem[X,0x00000000800001AC] -> 0x0613
mem[X,0x00000000800001AE] -> 0x0010
[107] [M]: 0x00000000800001AC (0x00100613) addi x12, x0, 0x1                        inst_1+0
x12 <- 0x0000000000000001

clint mtime 0x0000000000000036 (mip.MTI <- 0b1, mip.STI <- 0b0)
mem[X,0x00000000800001B0] -> 0x1613
mem[X,0x00000000800001B2] -> 0x0206
[108] [M]: 0x00000000800001B0 (0x02061613) slli x12, x12, 0x20                      inst_1+4
x12 <- 0x0000000100000000

mem[X,0x00000000800001B4] -> 0x5C1B
mem[X,0x00000000800001B6] -> 0x4116
[109] [M]: 0x00000000800001B4 (0x41165C1B) sraiw x24, x12, 0x11                     inst_1+8
x24 <- 0x0000000000000000

clint mtime 0x0000000000000037 (mip.MTI <- 0b1, mip.STI <- 0b0)
mem[X,0x00000000800001B8] -> 0x3423
mem[X,0x00000000800001BA] -> 0x0181
[110] [M]: 0x00000000800001B8 (0x01813423) sd x24, 0x8(x2)                          inst_1+12
mem[W,0x0000000080003120] <- 0x0000000000000000

mem[X,0x00000000800001BC] -> 0x0A13
mem[X,0x00000000800001BE] -> 0x0010
[111] [M]: 0x00000000800001BC (0x00100A13) addi x20, x0, 0x1                        inst_2+0
x20 <- 0x0000000000000001

clint mtime 0x0000000000000038 (mip.MTI <- 0b1, mip.STI <- 0b0)
mem[X,0x00000000800001C0] -> 0x1A13
mem[X,0x00000000800001C2] -> 0x027A
[112] [M]: 0x00000000800001C0 (0x027A1A13) slli x20, x20, 0x27                      inst_2+4
x20 <- 0x0000008000000000

mem[X,0x00000000800001C4] -> 0x4A13
mem[X,0x00000000800001C6] -> 0xFFFA
[113] [M]: 0x00000000800001C4 (0xFFFA4A13) xori x20, x20, -0x1                      inst_2+8
x20 <- 0xFFFFFF7FFFFFFFFF

clint mtime 0x0000000000000039 (mip.MTI <- 0b1, mip.STI <- 0b0)
mem[X,0x00000000800001C8] -> 0x591B
mem[X,0x00000000800001CA] -> 0x400A
[114] [M]: 0x00000000800001C8 (0x400A591B) sraiw x18, x20, 0x0                      inst_2+12
x18 <- 0xFFFFFFFFFFFFFFFF

mem[X,0x00000000800001CC] -> 0x3823
mem[X,0x00000000800001CE] -> 0x0121
[115] [M]: 0x00000000800001CC (0x01213823) sd x18, 0x10(x2)                         inst_2+16
mem[W,0x0000000080003128] <- 0xFFFFFFFFFFFFFFFF

clint mtime 0x000000000000003A (mip.MTI <- 0b1, mip.STI <- 0b0)
mem[X,0x00000000800001D0] -> 0x0793
mem[X,0x00000000800001D2] -> 0x0010
[116] [M]: 0x00000000800001D0 (0x00100793) addi x15, x0, 0x1                        inst_3+0
x15 <- 0x0000000000000001

mem[X,0x00000000800001D4] -> 0x9793
mem[X,0x00000000800001D6] -> 0x02C7
[117] [M]: 0x00000000800001D4 (0x02C79793) slli x15, x15, 0x2c                      inst_3+4
x15 <- 0x0000100000000000

clint mtime 0x000000000000003B (mip.MTI <- 0b1, mip.STI <- 0b0)
mem[X,0x00000000800001D8] -> 0xD31B
mem[X,0x00000000800001DA] -> 0x4007
[118] [M]: 0x00000000800001D8 (0x4007D31B) sraiw x6, x15, 0x0                       inst_3+8
x6 <- 0x0000000000000000

mem[X,0x00000000800001DC] -> 0x3C23
mem[X,0x00000000800001DE] -> 0x0061
[119] [M]: 0x00000000800001DC (0x00613C23) sd x6, 0x18(x2)                          inst_3+12
mem[W,0x0000000080003130] <- 0x0000000000000000

clint mtime 0x000000000000003C (mip.MTI <- 0b1, mip.STI <- 0b0)
mem[X,0x00000000800001E0] -> 0x0E93
mem[X,0x00000000800001E2] -> 0xFF60
[120] [M]: 0x00000000800001E0 (0xFF600E93) addi x29, x0, -0xa                       inst_4+0
x29 <- 0xFFFFFFFFFFFFFFF6

mem[X,0x00000000800001E4] -> 0xD69B
mem[X,0x00000000800001E6] -> 0x41FE
[121] [M]: 0x00000000800001E4 (0x41FED69B) sraiw x13, x29, 0x1f                     inst_4+4
x13 <- 0xFFFFFFFFFFFFFFFF

clint mtime 0x000000000000003D (mip.MTI <- 0b1, mip.STI <- 0b0)
mem[X,0x00000000800001E8] -> 0x3023
mem[X,0x00000000800001EA] -> 0x02D1
[122] [M]: 0x00000000800001E8 (0x02D13023) sd x13, 0x20(x2)                         inst_4+8
mem[W,0x0000000080003138] <- 0xFFFFFFFFFFFFFFFF

mem[X,0x00000000800001EC] -> 0x0C13
mem[X,0x00000000800001EE] -> 0x0010
[123] [M]: 0x00000000800001EC (0x00100C13) addi x24, x0, 0x1                        inst_5+0
x24 <- 0x0000000000000001

clint mtime 0x000000000000003E (mip.MTI <- 0b1, mip.STI <- 0b0)
mem[X,0x00000000800001F0] -> 0x1C13
mem[X,0x00000000800001F2] -> 0x02CC
[124] [M]: 0x00000000800001F0 (0x02CC1C13) slli x24, x24, 0x2c                      inst_5+4
x24 <- 0x0000100000000000

mem[X,0x00000000800001F4] -> 0x5F1B
mem[X,0x00000000800001F6] -> 0x41FC
[125] [M]: 0x00000000800001F4 (0x41FC5F1B) sraiw x30, x24, 0x1f                     inst_5+8
x30 <- 0x0000000000000000

clint mtime 0x000000000000003F (mip.MTI <- 0b1, mip.STI <- 0b0)
mem[X,0x00000000800001F8] -> 0x3423
mem[X,0x00000000800001FA] -> 0x03E1
[126] [M]: 0x00000000800001F8 (0x03E13423) sd x30, 0x28(x2)                         inst_5+12
mem[W,0x0000000080003140] <- 0x0000000000000000

mem[X,0x00000000800001FC] -> 0x0E13
mem[X,0x00000000800001FE] -> 0x0030
[127] [M]: 0x00000000800001FC (0x00300E13) addi x28, x0, 0x3                        inst_6+0
x28 <- 0x0000000000000003

clint mtime 0x0000000000000040 (mip.MTI <- 0b1, mip.STI <- 0b0)
mem[X,0x0000000080000200] -> 0x581B
mem[X,0x0000000080000202] -> 0x403E
[128] [M]: 0x0000000080000200 (0x403E581B) sraiw x16, x28, 0x3                      inst_6+4
x16 <- 0x0000000000000000

mem[X,0x0000000080000204] -> 0x3823
mem[X,0x0000000080000206] -> 0x0301
[129] [M]: 0x0000000080000204 (0x03013823) sd x16, 0x30(x2)                         inst_6+8
mem[W,0x0000000080003148] <- 0x0000000000000000

clint mtime 0x0000000000000041 (mip.MTI <- 0b1, mip.STI <- 0b0)
mem[X,0x0000000080000208] -> 0x0813
mem[X,0x000000008000020A] -> 0xFFF0
[130] [M]: 0x0000000080000208 (0xFFF00813) addi x16, x0, -0x1                       inst_7+0
x16 <- 0xFFFFFFFFFFFFFFFF

mem[X,0x000000008000020C] -> 0x1813
mem[X,0x000000008000020E] -> 0x03F8
[131] [M]: 0x000000008000020C (0x03F81813) slli x16, x16, 0x3f                      inst_7+4
x16 <- 0x8000000000000000

clint mtime 0x0000000000000042 (mip.MTI <- 0b1, mip.STI <- 0b0)
mem[X,0x0000000080000210] -> 0x549B
mem[X,0x0000000080000212] -> 0x4118
[132] [M]: 0x0000000080000210 (0x4118549B) sraiw x9, x16, 0x11                      inst_7+8
x9 <- 0x0000000000000000

mem[X,0x0000000080000214] -> 0x3C23
mem[X,0x0000000080000216] -> 0x0291
[133] [M]: 0x0000000080000214 (0x02913C23) sd x9, 0x38(x2)                          inst_7+12
mem[W,0x0000000080003150] <- 0x0000000000000000

clint mtime 0x0000000000000043 (mip.MTI <- 0b1, mip.STI <- 0b0)
mem[X,0x0000000080000218] -> 0x0F13
mem[X,0x000000008000021A] -> 0x0000
[134] [M]: 0x0000000080000218 (0x00000F13) addi x30, x0, 0x0                        inst_8+0
x30 <- 0x0000000000000000

mem[X,0x000000008000021C] -> 0x551B
mem[X,0x000000008000021E] -> 0x40EF
[135] [M]: 0x000000008000021C (0x40EF551B) sraiw x10, x30, 0xe                      inst_8+4
x10 <- 0x0000000000000000

clint mtime 0x0000000000000044 (mip.MTI <- 0b1, mip.STI <- 0b0)
mem[X,0x0000000080000220] -> 0x3023
mem[X,0x0000000080000222] -> 0x04A1
[136] [M]: 0x0000000080000220 (0x04A13023) sd x10, 0x40(x2)                         inst_8+8
mem[W,0x0000000080003158] <- 0x0000000000000000

mem[X,0x0000000080000224] -> 0x0013
mem[X,0x0000000080000226] -> 0x0000
[137] [M]: 0x0000000080000224 (0x00000013) addi x0, x0, 0x0                         inst_9+0

clint mtime 0x0000000000000045 (mip.MTI <- 0b1, mip.STI <- 0b0)
mem[X,0x0000000080000228] -> 0x5A1B
mem[X,0x000000008000022A] -> 0x41B0
[138] [M]: 0x0000000080000228 (0x41B05A1B) sraiw x20, x0, 0x1b                      inst_9+4
x20 <- 0x0000000000000000

mem[X,0x000000008000022C] -> 0x3423
mem[X,0x000000008000022E] -> 0x0541
[139] [M]: 0x000000008000022C (0x05413423) sd x20, 0x48(x2)                         inst_9+8
mem[W,0x0000000080003160] <- 0x0000000000000000

clint mtime 0x0000000000000046 (mip.MTI <- 0b1, mip.STI <- 0b0)
mem[X,0x0000000080000230] -> 0x0D93
mem[X,0x0000000080000232] -> 0x0010
[140] [M]: 0x0000000080000230 (0x00100D93) addi x27, x0, 0x1                        inst_10+0
x27 <- 0x0000000000000001

mem[X,0x0000000080000234] -> 0xDE9B
mem[X,0x0000000080000236] -> 0x408D
[141] [M]: 0x0000000080000234 (0x408DDE9B) sraiw x29, x27, 0x8                      inst_10+4
x29 <- 0x0000000000000000

clint mtime 0x0000000000000047 (mip.MTI <- 0b1, mip.STI <- 0b0)
mem[X,0x0000000080000238] -> 0x3823
mem[X,0x000000008000023A] -> 0x05D1
[142] [M]: 0x0000000080000238 (0x05D13823) sd x29, 0x50(x2)                         inst_10+8
mem[W,0x0000000080003168] <- 0x0000000000000000

mem[X,0x000000008000023C] -> 0x0693
mem[X,0x000000008000023E] -> 0x0020
[143] [M]: 0x000000008000023C (0x00200693) addi x13, x0, 0x2                        inst_11+0
x13 <- 0x0000000000000002

clint mtime 0x0000000000000048 (mip.MTI <- 0b1, mip.STI <- 0b0)
mem[X,0x0000000080000240] -> 0xDD1B
mem[X,0x0000000080000242] -> 0x40F6
[144] [M]: 0x0000000080000240 (0x40F6DD1B) sraiw x26, x13, 0xf                      inst_11+4
x26 <- 0x0000000000000000

mem[X,0x0000000080000244] -> 0x3C23
mem[X,0x0000000080000246] -> 0x05A1
[145] [M]: 0x0000000080000244 (0x05A13C23) sd x26, 0x58(x2)                         inst_11+8
mem[W,0x0000000080003170] <- 0x0000000000000000

clint mtime 0x0000000000000049 (mip.MTI <- 0b1, mip.STI <- 0b0)
mem[X,0x0000000080000248] -> 0x0393
mem[X,0x000000008000024A] -> 0x0040
[146] [M]: 0x0000000080000248 (0x00400393) addi x7, x0, 0x4                         inst_12+0
x7 <- 0x0000000000000004

mem[X,0x000000008000024C] -> 0xD89B
mem[X,0x000000008000024E] -> 0x41E3
[147] [M]: 0x000000008000024C (0x41E3D89B) sraiw x17, x7, 0x1e                      inst_12+4
x17 <- 0x0000000000000000

clint mtime 0x000000000000004A (mip.MTI <- 0b1, mip.STI <- 0b0)
mem[X,0x0000000080000250] -> 0x3023
mem[X,0x0000000080000252] -> 0x0711
[148] [M]: 0x0000000080000250 (0x07113023) sd x17, 0x60(x2)                         inst_12+8
mem[W,0x0000000080003178] <- 0x0000000000000000

mem[X,0x0000000080000254] -> 0x0713
mem[X,0x0000000080000256] -> 0x0080
[149] [M]: 0x0000000080000254 (0x00800713) addi x14, x0, 0x8                        inst_13+0
x14 <- 0x0000000000000008

clint mtime 0x000000000000004B (mip.MTI <- 0b1, mip.STI <- 0b0)
mem[X,0x0000000080000258] -> 0x539B
mem[X,0x000000008000025A] -> 0x4097
[150] [M]: 0x0000000080000258 (0x4097539B) sraiw x7, x14, 0x9                       inst_13+4
x7 <- 0x0000000000000000

mem[X,0x000000008000025C] -> 0x3423
mem[X,0x000000008000025E] -> 0x0671
[151] [M]: 0x000000008000025C (0x06713423) sd x7, 0x68(x2)                          inst_13+8
mem[W,0x0000000080003180] <- 0x0000000000000000

clint mtime 0x000000000000004C (mip.MTI <- 0b1, mip.STI <- 0b0)
mem[X,0x0000000080000260] -> 0x0B93
mem[X,0x0000000080000262] -> 0x0100
[152] [M]: 0x0000000080000260 (0x01000B93) addi x23, x0, 0x10                       inst_14+0
x23 <- 0x0000000000000010

mem[X,0x0000000080000264] -> 0xD09B
mem[X,0x0000000080000266] -> 0x413B
[153] [M]: 0x0000000080000264 (0x413BD09B) sraiw x1, x23, 0x13                      inst_14+4
x1 <- 0x0000000000000000

clint mtime 0x000000000000004D (mip.MTI <- 0b1, mip.STI <- 0b0)
mem[X,0x0000000080000268] -> 0x3823
mem[X,0x000000008000026A] -> 0x0611
[154] [M]: 0x0000000080000268 (0x06113823) sd x1, 0x70(x2)                          inst_14+8
mem[W,0x0000000080003188] <- 0x0000000000000000

mem[X,0x000000008000026C] -> 0x0193
mem[X,0x000000008000026E] -> 0x0200
[155] [M]: 0x000000008000026C (0x02000193) addi x3, x0, 0x20                        inst_15+0
x3 <- 0x0000000000000020

clint mtime 0x000000000000004E (mip.MTI <- 0b1, mip.STI <- 0b0)
mem[X,0x0000000080000270] -> 0xD59B
mem[X,0x0000000080000272] -> 0x4011
[156] [M]: 0x0000000080000270 (0x4011D59B) sraiw x11, x3, 0x1                       inst_15+4
x11 <- 0x0000000000000010

mem[X,0x0000000080000274] -> 0x3C23
mem[X,0x0000000080000276] -> 0x06B1
[157] [M]: 0x0000000080000274 (0x06B13C23) sd x11, 0x78(x2)                         inst_15+8
mem[W,0x0000000080003190] <- 0x0000000000000010

clint mtime 0x000000000000004F (mip.MTI <- 0b1, mip.STI <- 0b0)
mem[X,0x0000000080000278] -> 0x0093
mem[X,0x000000008000027A] -> 0x0400
[158] [M]: 0x0000000080000278 (0x04000093) addi x1, x0, 0x40                        inst_16+0
x1 <- 0x0000000000000040

mem[X,0x000000008000027C] -> 0xDC9B
mem[X,0x000000008000027E] -> 0x41D0
[159] [M]: 0x000000008000027C (0x41D0DC9B) sraiw x25, x1, 0x1d                      inst_16+4
x25 <- 0x0000000000000000

clint mtime 0x0000000000000050 (mip.MTI <- 0b1, mip.STI <- 0b0)
mem[X,0x0000000080000280] -> 0x3023
mem[X,0x0000000080000282] -> 0x0991
[160] [M]: 0x0000000080000280 (0x09913023) sd x25, 0x80(x2)                         inst_16+8
mem[W,0x0000000080003198] <- 0x0000000000000000

mem[X,0x0000000080000284] -> 0x0313
mem[X,0x0000000080000286] -> 0x0800
[161] [M]: 0x0000000080000284 (0x08000313) addi x6, x0, 0x80                        inst_17+0
x6 <- 0x0000000000000080

clint mtime 0x0000000000000051 (mip.MTI <- 0b1, mip.STI <- 0b0)
mem[X,0x0000000080000288] -> 0x571B
mem[X,0x000000008000028A] -> 0x41D3
[162] [M]: 0x0000000080000288 (0x41D3571B) sraiw x14, x6, 0x1d                      inst_17+4
x14 <- 0x0000000000000000

mem[X,0x000000008000028C] -> 0x3423
mem[X,0x000000008000028E] -> 0x08E1
[163] [M]: 0x000000008000028C (0x08E13423) sd x14, 0x88(x2)                         inst_17+8
mem[W,0x00000000800031A0] <- 0x0000000000000000

clint mtime 0x0000000000000052 (mip.MTI <- 0b1, mip.STI <- 0b0)
mem[X,0x0000000080000290] -> 0x0D13
mem[X,0x0000000080000292] -> 0x1000
[164] [M]: 0x0000000080000290 (0x10000D13) addi x26, x0, 0x100                      inst_18+0
x26 <- 0x0000000000000100

mem[X,0x0000000080000294] -> 0x5B1B
mem[X,0x0000000080000296] -> 0x40AD
[165] [M]: 0x0000000080000294 (0x40AD5B1B) sraiw x22, x26, 0xa                      inst_18+4
x22 <- 0x0000000000000000

clint mtime 0x0000000000000053 (mip.MTI <- 0b1, mip.STI <- 0b0)
mem[X,0x0000000080000298] -> 0x3823
mem[X,0x000000008000029A] -> 0x0961
[166] [M]: 0x0000000080000298 (0x09613823) sd x22, 0x90(x2)                         inst_18+8
mem[W,0x00000000800031A8] <- 0x0000000000000000

mem[X,0x000000008000029C] -> 0x0893
mem[X,0x000000008000029E] -> 0x2000
[167] [M]: 0x000000008000029C (0x20000893) addi x17, x0, 0x200                      inst_19+0
x17 <- 0x0000000000000200

clint mtime 0x0000000000000054 (mip.MTI <- 0b1, mip.STI <- 0b0)
mem[X,0x00000000800002A0] -> 0xDB9B
mem[X,0x00000000800002A2] -> 0x4078
[168] [M]: 0x00000000800002A0 (0x4078DB9B) sraiw x23, x17, 0x7                      inst_19+4
x23 <- 0x0000000000000004

mem[X,0x00000000800002A4] -> 0x3C23
mem[X,0x00000000800002A6] -> 0x0971
[169] [M]: 0x00000000800002A4 (0x09713C23) sd x23, 0x98(x2)                         inst_19+8
mem[W,0x00000000800031B0] <- 0x0000000000000004

clint mtime 0x0000000000000055 (mip.MTI <- 0b1, mip.STI <- 0b0)
mem[X,0x00000000800002A8] -> 0x0A93
mem[X,0x00000000800002AA] -> 0x4000
[170] [M]: 0x00000000800002A8 (0x40000A93) addi x21, x0, 0x400                      inst_20+0
x21 <- 0x0000000000000400

mem[X,0x00000000800002AC] -> 0xD19B
mem[X,0x00000000800002AE] -> 0x40AA
[171] [M]: 0x00000000800002AC (0x40AAD19B) sraiw x3, x21, 0xa                       inst_20+4
x3 <- 0x0000000000000001

clint mtime 0x0000000000000056 (mip.MTI <- 0b1, mip.STI <- 0b0)
mem[X,0x00000000800002B0] -> 0x3023
mem[X,0x00000000800002B2] -> 0x0A31
[172] [M]: 0x00000000800002B0 (0x0A313023) sd x3, 0xa0(x2)                          inst_20+8
mem[W,0x00000000800031B8] <- 0x0000000000000001

mem[X,0x00000000800002B4] -> 0x0593
mem[X,0x00000000800002B6] -> 0x0010
[173] [M]: 0x00000000800002B4 (0x00100593) addi x11, x0, 0x1                        inst_21+0
x11 <- 0x0000000000000001

clint mtime 0x0000000000000057 (mip.MTI <- 0b1, mip.STI <- 0b0)
mem[X,0x00000000800002B8] -> 0x9593
mem[X,0x00000000800002BA] -> 0x00B5
[174] [M]: 0x00000000800002B8 (0x00B59593) slli x11, x11, 0xb                       inst_21+4
x11 <- 0x0000000000000800

mem[X,0x00000000800002BC] -> 0xD21B
mem[X,0x00000000800002BE] -> 0x4005
[175] [M]: 0x00000000800002BC (0x4005D21B) sraiw x4, x11, 0x0                       inst_21+8
x4 <- 0x0000000000000800

clint mtime 0x0000000000000058 (mip.MTI <- 0b1, mip.STI <- 0b0)
mem[X,0x00000000800002C0] -> 0x3423
mem[X,0x00000000800002C2] -> 0x0A41
[176] [M]: 0x00000000800002C0 (0x0A413423) sd x4, 0xa8(x2)                          inst_21+12
mem[W,0x00000000800031C0] <- 0x0000000000000800

mem[X,0x00000000800002C4] -> 0x0913
mem[X,0x00000000800002C6] -> 0x0010
[177] [M]: 0x00000000800002C4 (0x00100913) addi x18, x0, 0x1                        inst_22+0
x18 <- 0x0000000000000001

clint mtime 0x0000000000000059 (mip.MTI <- 0b1, mip.STI <- 0b0)
mem[X,0x00000000800002C8] -> 0x1913
mem[X,0x00000000800002CA] -> 0x00C9
[178] [M]: 0x00000000800002C8 (0x00C91913) slli x18, x18, 0xc                       inst_22+4
x18 <- 0x0000000000001000

mem[X,0x00000000800002CC] -> 0x5E1B
mem[X,0x00000000800002CE] -> 0x4049
[179] [M]: 0x00000000800002CC (0x40495E1B) sraiw x28, x18, 0x4                      inst_22+8
x28 <- 0x0000000000000100

clint mtime 0x000000000000005A (mip.MTI <- 0b1, mip.STI <- 0b0)
mem[X,0x00000000800002D0] -> 0x3823
mem[X,0x00000000800002D2] -> 0x0BC1
[180] [M]: 0x00000000800002D0 (0x0BC13823) sd x28, 0xb0(x2)                         inst_22+12
mem[W,0x00000000800031C8] <- 0x0000000000000100

mem[X,0x00000000800002D4] -> 0x0213
mem[X,0x00000000800002D6] -> 0x0010
[181] [M]: 0x00000000800002D4 (0x00100213) addi x4, x0, 0x1                         inst_23+0
x4 <- 0x0000000000000001

clint mtime 0x000000000000005B (mip.MTI <- 0b1, mip.STI <- 0b0)
mem[X,0x00000000800002D8] -> 0x1213
mem[X,0x00000000800002DA] -> 0x00D2
[182] [M]: 0x00000000800002D8 (0x00D21213) slli x4, x4, 0xd                         inst_23+4
x4 <- 0x0000000000002000

mem[X,0x00000000800002DC] -> 0x501B
mem[X,0x00000000800002DE] -> 0x41D2
[183] [M]: 0x00000000800002DC (0x41D2501B) sraiw x0, x4, 0x1d                       inst_23+8

clint mtime 0x000000000000005C (mip.MTI <- 0b1, mip.STI <- 0b0)
mem[X,0x00000000800002E0] -> 0x3C23
mem[X,0x00000000800002E2] -> 0x0A01
[184] [M]: 0x00000000800002E0 (0x0A013C23) sd x0, 0xb8(x2)                          inst_23+12
mem[W,0x00000000800031D0] <- 0x0000000000000000

mem[X,0x00000000800002E4] -> 0x0413
mem[X,0x00000000800002E6] -> 0x0010
[185] [M]: 0x00000000800002E4 (0x00100413) addi x8, x0, 0x1                         inst_24+0
x8 <- 0x0000000000000001

clint mtime 0x000000000000005D (mip.MTI <- 0b1, mip.STI <- 0b0)
mem[X,0x00000000800002E8] -> 0x1413
mem[X,0x00000000800002EA] -> 0x00E4
[186] [M]: 0x00000000800002E8 (0x00E41413) slli x8, x8, 0xe                         inst_24+4
x8 <- 0x0000000000004000

mem[X,0x00000000800002EC] -> 0x579B
mem[X,0x00000000800002EE] -> 0x4084
[187] [M]: 0x00000000800002EC (0x4084579B) sraiw x15, x8, 0x8                       inst_24+8
x15 <- 0x0000000000000040

clint mtime 0x000000000000005E (mip.MTI <- 0b1, mip.STI <- 0b0)
mem[X,0x00000000800002F0] -> 0x3023
mem[X,0x00000000800002F2] -> 0x0CF1
[188] [M]: 0x00000000800002F0 (0x0CF13023) sd x15, 0xc0(x2)                         inst_24+12
mem[W,0x00000000800031D8] <- 0x0000000000000040

mem[X,0x00000000800002F4] -> 0x0013
mem[X,0x00000000800002F6] -> 0x0000
[189] [M]: 0x00000000800002F4 (0x00000013) addi x0, x0, 0x0                         inst_24+16

clint mtime 0x000000000000005F (mip.MTI <- 0b1, mip.STI <- 0b0)
mem[X,0x00000000800002F8] -> 0x0013
mem[X,0x00000000800002FA] -> 0x0000
[190] [M]: 0x00000000800002F8 (0x00000013) addi x0, x0, 0x0                         inst_24+20

mem[X,0x00000000800002FC] -> 0x0013
mem[X,0x00000000800002FE] -> 0x0000
[191] [M]: 0x00000000800002FC (0x00000013) addi x0, x0, 0x0                         inst_24+24

clint mtime 0x0000000000000060 (mip.MTI <- 0b1, mip.STI <- 0b0)
mem[X,0x0000000080000300] -> 0x3097
mem[X,0x0000000080000302] -> 0x0000
[192] [M]: 0x0000000080000300 (0x00003097) auipc x1, 0x3                            inst_24+28
x1 <- 0x0000000080003300

mem[X,0x0000000080000304] -> 0x8093
mem[X,0x0000000080000306] -> 0xEE00
[193] [M]: 0x0000000080000304 (0xEE008093) addi x1, x1, -0x120                      inst_24+32
x1 <- 0x00000000800031E0

clint mtime 0x0000000000000061 (mip.MTI <- 0b1, mip.STI <- 0b0)
mem[X,0x0000000080000308] -> 0x0001
[194] [M]: 0x0000000080000308 (0x0001) c.nop                                        inst_24+36

mem[X,0x000000008000030A] -> 0x0013
mem[X,0x000000008000030C] -> 0x0000
[195] [M]: 0x000000008000030A (0x00000013) addi x0, x0, 0x0                         inst_24+38

clint mtime 0x0000000000000062 (mip.MTI <- 0b1, mip.STI <- 0b0)
mem[X,0x000000008000030E] -> 0x0013
mem[X,0x0000000080000310] -> 0x0000
[196] [M]: 0x000000008000030E (0x00000013) addi x0, x0, 0x0                         inst_24+42

mem[X,0x0000000080000312] -> 0x0013
mem[X,0x0000000080000314] -> 0x0000
[197] [M]: 0x0000000080000312 (0x00000013) addi x0, x0, 0x0                         inst_24+46

clint mtime 0x0000000000000063 (mip.MTI <- 0b1, mip.STI <- 0b0)
mem[X,0x0000000080000316] -> 0x0013
mem[X,0x0000000080000318] -> 0x0000
[198] [M]: 0x0000000080000316 (0x00000013) addi x0, x0, 0x0                         inst_24+50

mem[X,0x000000008000031A] -> 0x0013
mem[X,0x000000008000031C] -> 0x0000
[199] [M]: 0x000000008000031A (0x00000013) addi x0, x0, 0x0                         inst_24+54

clint mtime 0x0000000000000064 (mip.MTI <- 0b1, mip.STI <- 0b0)
mem[X,0x000000008000031E] -> 0x0001
[200] [M]: 0x000000008000031E (0x0001) c.nop                                        inst_24+58

mem[X,0x0000000080000320] -> 0x0113
mem[X,0x0000000080000322] -> 0x0010
[201] [M]: 0x0000000080000320 (0x00100113) addi x2, x0, 0x1                         inst_25+0
x2 <- 0x0000000000000001

clint mtime 0x0000000000000065 (mip.MTI <- 0b1, mip.STI <- 0b0)
mem[X,0x0000000080000324] -> 0x1113
mem[X,0x0000000080000326] -> 0x00F1
[202] [M]: 0x0000000080000324 (0x00F11113) slli x2, x2, 0xf                         inst_25+4
x2 <- 0x0000000000008000

mem[X,0x0000000080000328] -> 0x561B
mem[X,0x000000008000032A] -> 0x41D1
[203] [M]: 0x0000000080000328 (0x41D1561B) sraiw x12, x2, 0x1d                      inst_25+8
x12 <- 0x0000000000000000

clint mtime 0x0000000000000066 (mip.MTI <- 0b1, mip.STI <- 0b0)
mem[X,0x000000008000032C] -> 0xB023
mem[X,0x000000008000032E] -> 0x00C0
[204] [M]: 0x000000008000032C (0x00C0B023) sd x12, 0x0(x1)                          inst_25+12
mem[W,0x00000000800031E0] <- 0x0000000000000000

mem[X,0x0000000080000330] -> 0x0B13
mem[X,0x0000000080000332] -> 0x0010
[205] [M]: 0x0000000080000330 (0x00100B13) addi x22, x0, 0x1                        inst_26+0
x22 <- 0x0000000000000001

clint mtime 0x0000000000000067 (mip.MTI <- 0b1, mip.STI <- 0b0)
mem[X,0x0000000080000334] -> 0x1B13
mem[X,0x0000000080000336] -> 0x010B
[206] [M]: 0x0000000080000334 (0x010B1B13) slli x22, x22, 0x10                      inst_26+4
x22 <- 0x0000000000010000

mem[X,0x0000000080000338] -> 0x5F9B
mem[X,0x000000008000033A] -> 0x40CB
[207] [M]: 0x0000000080000338 (0x40CB5F9B) sraiw x31, x22, 0xc                      inst_26+8
x31 <- 0x0000000000000010

clint mtime 0x0000000000000068 (mip.MTI <- 0b1, mip.STI <- 0b0)
mem[X,0x000000008000033C] -> 0xB423
mem[X,0x000000008000033E] -> 0x01F0
[208] [M]: 0x000000008000033C (0x01F0B423) sd x31, 0x8(x1)                          inst_26+12
mem[W,0x00000000800031E8] <- 0x0000000000000010

mem[X,0x0000000080000340] -> 0x0993
mem[X,0x0000000080000342] -> 0x0010
[209] [M]: 0x0000000080000340 (0x00100993) addi x19, x0, 0x1                        inst_27+0
x19 <- 0x0000000000000001

clint mtime 0x0000000000000069 (mip.MTI <- 0b1, mip.STI <- 0b0)
mem[X,0x0000000080000344] -> 0x9993
mem[X,0x0000000080000346] -> 0x0119
[210] [M]: 0x0000000080000344 (0x01199993) slli x19, x19, 0x11                      inst_27+4
x19 <- 0x0000000000020000

mem[X,0x0000000080000348] -> 0xDA9B
mem[X,0x000000008000034A] -> 0x40E9
[211] [M]: 0x0000000080000348 (0x40E9DA9B) sraiw x21, x19, 0xe                      inst_27+8
x21 <- 0x0000000000000008

clint mtime 0x000000000000006A (mip.MTI <- 0b1, mip.STI <- 0b0)
mem[X,0x000000008000034C] -> 0xB823
mem[X,0x000000008000034E] -> 0x0150
[212] [M]: 0x000000008000034C (0x0150B823) sd x21, 0x10(x1)                         inst_27+12
mem[W,0x00000000800031F0] <- 0x0000000000000008

mem[X,0x0000000080000350] -> 0x0F93
mem[X,0x0000000080000352] -> 0x0010
[213] [M]: 0x0000000080000350 (0x00100F93) addi x31, x0, 0x1                        inst_28+0
x31 <- 0x0000000000000001

clint mtime 0x000000000000006B (mip.MTI <- 0b1, mip.STI <- 0b0)
mem[X,0x0000000080000354] -> 0x9F93
mem[X,0x0000000080000356] -> 0x012F
[214] [M]: 0x0000000080000354 (0x012F9F93) slli x31, x31, 0x12                      inst_28+4
x31 <- 0x0000000000040000

mem[X,0x0000000080000358] -> 0xDD9B
mem[X,0x000000008000035A] -> 0x407F
[215] [M]: 0x0000000080000358 (0x407FDD9B) sraiw x27, x31, 0x7                      inst_28+8
x27 <- 0x0000000000000800

clint mtime 0x000000000000006C (mip.MTI <- 0b1, mip.STI <- 0b0)
mem[X,0x000000008000035C] -> 0xBC23
mem[X,0x000000008000035E] -> 0x01B0
[216] [M]: 0x000000008000035C (0x01B0BC23) sd x27, 0x18(x1)                         inst_28+12
mem[W,0x00000000800031F8] <- 0x0000000000000800

mem[X,0x0000000080000360] -> 0x0513
mem[X,0x0000000080000362] -> 0x0010
[217] [M]: 0x0000000080000360 (0x00100513) addi x10, x0, 0x1                        inst_29+0
x10 <- 0x0000000000000001

clint mtime 0x000000000000006D (mip.MTI <- 0b1, mip.STI <- 0b0)
mem[X,0x0000000080000364] -> 0x1513
mem[X,0x0000000080000366] -> 0x0135
[218] [M]: 0x0000000080000364 (0x01351513) slli x10, x10, 0x13                      inst_29+4
x10 <- 0x0000000000080000

mem[X,0x0000000080000368] -> 0x541B
mem[X,0x000000008000036A] -> 0x4025
[219] [M]: 0x0000000080000368 (0x4025541B) sraiw x8, x10, 0x2                       inst_29+8
x8 <- 0x0000000000020000

clint mtime 0x000000000000006E (mip.MTI <- 0b1, mip.STI <- 0b0)
mem[X,0x000000008000036C] -> 0xB023
mem[X,0x000000008000036E] -> 0x0280
[220] [M]: 0x000000008000036C (0x0280B023) sd x8, 0x20(x1)                          inst_29+12
mem[W,0x0000000080003200] <- 0x0000000000020000

mem[X,0x0000000080000370] -> 0x0C93
mem[X,0x0000000080000372] -> 0x0010
[221] [M]: 0x0000000080000370 (0x00100C93) addi x25, x0, 0x1                        inst_30+0
x25 <- 0x0000000000000001

clint mtime 0x000000000000006F (mip.MTI <- 0b1, mip.STI <- 0b0)
mem[X,0x0000000080000374] -> 0x9C93
mem[X,0x0000000080000376] -> 0x014C
[222] [M]: 0x0000000080000374 (0x014C9C93) slli x25, x25, 0x14                      inst_30+4
x25 <- 0x0000000000100000

mem[X,0x0000000080000378] -> 0xD99B
mem[X,0x000000008000037A] -> 0x407C
[223] [M]: 0x0000000080000378 (0x407CD99B) sraiw x19, x25, 0x7                      inst_30+8
x19 <- 0x0000000000002000

clint mtime 0x0000000000000070 (mip.MTI <- 0b1, mip.STI <- 0b0)
mem[X,0x000000008000037C] -> 0xB423
mem[X,0x000000008000037E] -> 0x0330
[224] [M]: 0x000000008000037C (0x0330B423) sd x19, 0x28(x1)                         inst_30+12
mem[W,0x0000000080003208] <- 0x0000000000002000

mem[X,0x0000000080000380] -> 0x0493
mem[X,0x0000000080000382] -> 0x0010
[225] [M]: 0x0000000080000380 (0x00100493) addi x9, x0, 0x1                         inst_31+0
x9 <- 0x0000000000000001

clint mtime 0x0000000000000071 (mip.MTI <- 0b1, mip.STI <- 0b0)
mem[X,0x0000000080000384] -> 0x9493
mem[X,0x0000000080000386] -> 0x0154
[226] [M]: 0x0000000080000384 (0x01549493) slli x9, x9, 0x15                        inst_31+4
x9 <- 0x0000000000200000

mem[X,0x0000000080000388] -> 0xD11B
mem[X,0x000000008000038A] -> 0x40B4
[227] [M]: 0x0000000080000388 (0x40B4D11B) sraiw x2, x9, 0xb                        inst_31+8
x2 <- 0x0000000000000400

clint mtime 0x0000000000000072 (mip.MTI <- 0b1, mip.STI <- 0b0)
mem[X,0x000000008000038C] -> 0xB823
mem[X,0x000000008000038E] -> 0x0220
[228] [M]: 0x000000008000038C (0x0220B823) sd x2, 0x30(x1)                          inst_31+12
mem[W,0x0000000080003210] <- 0x0000000000000400

mem[X,0x0000000080000390] -> 0x0513
mem[X,0x0000000080000392] -> 0x0010
[229] [M]: 0x0000000080000390 (0x00100513) addi x10, x0, 0x1                        inst_32+0
x10 <- 0x0000000000000001

clint mtime 0x0000000000000073 (mip.MTI <- 0b1, mip.STI <- 0b0)
mem[X,0x0000000080000394] -> 0x1513
mem[X,0x0000000080000396] -> 0x0165
[230] [M]: 0x0000000080000394 (0x01651513) slli x10, x10, 0x16                      inst_32+4
x10 <- 0x0000000000400000

mem[X,0x0000000080000398] -> 0x559B
mem[X,0x000000008000039A] -> 0x41D5
[231] [M]: 0x0000000080000398 (0x41D5559B) sraiw x11, x10, 0x1d                     inst_32+8
x11 <- 0x0000000000000000

clint mtime 0x0000000000000074 (mip.MTI <- 0b1, mip.STI <- 0b0)
mem[X,0x000000008000039C] -> 0xBC23
mem[X,0x000000008000039E] -> 0x02B0
[232] [M]: 0x000000008000039C (0x02B0BC23) sd x11, 0x38(x1)                         inst_32+12
mem[W,0x0000000080003218] <- 0x0000000000000000

mem[X,0x00000000800003A0] -> 0x0513
mem[X,0x00000000800003A2] -> 0x0010
[233] [M]: 0x00000000800003A0 (0x00100513) addi x10, x0, 0x1                        inst_33+0
x10 <- 0x0000000000000001

clint mtime 0x0000000000000075 (mip.MTI <- 0b1, mip.STI <- 0b0)
mem[X,0x00000000800003A4] -> 0x1513
mem[X,0x00000000800003A6] -> 0x0175
[234] [M]: 0x00000000800003A4 (0x01751513) slli x10, x10, 0x17                      inst_33+4
x10 <- 0x0000000000800000

mem[X,0x00000000800003A8] -> 0x559B
mem[X,0x00000000800003AA] -> 0x40A5
[235] [M]: 0x00000000800003A8 (0x40A5559B) sraiw x11, x10, 0xa                      inst_33+8
x11 <- 0x0000000000002000

clint mtime 0x0000000000000076 (mip.MTI <- 0b1, mip.STI <- 0b0)
mem[X,0x00000000800003AC] -> 0xB023
mem[X,0x00000000800003AE] -> 0x04B0
[236] [M]: 0x00000000800003AC (0x04B0B023) sd x11, 0x40(x1)                         inst_33+12
mem[W,0x0000000080003220] <- 0x0000000000002000

mem[X,0x00000000800003B0] -> 0x0513
mem[X,0x00000000800003B2] -> 0x0010
[237] [M]: 0x00000000800003B0 (0x00100513) addi x10, x0, 0x1                        inst_34+0
x10 <- 0x0000000000000001

clint mtime 0x0000000000000077 (mip.MTI <- 0b1, mip.STI <- 0b0)
mem[X,0x00000000800003B4] -> 0x1513
mem[X,0x00000000800003B6] -> 0x0185
[238] [M]: 0x00000000800003B4 (0x01851513) slli x10, x10, 0x18                      inst_34+4
x10 <- 0x0000000001000000

mem[X,0x00000000800003B8] -> 0x559B
mem[X,0x00000000800003BA] -> 0x4065
[239] [M]: 0x00000000800003B8 (0x4065559B) sraiw x11, x10, 0x6                      inst_34+8
x11 <- 0x0000000000040000

clint mtime 0x0000000000000078 (mip.MTI <- 0b1, mip.STI <- 0b0)
mem[X,0x00000000800003BC] -> 0xB423
mem[X,0x00000000800003BE] -> 0x04B0
[240] [M]: 0x00000000800003BC (0x04B0B423) sd x11, 0x48(x1)                         inst_34+12
mem[W,0x0000000080003228] <- 0x0000000000040000

mem[X,0x00000000800003C0] -> 0x0513
mem[X,0x00000000800003C2] -> 0x0010
[241] [M]: 0x00000000800003C0 (0x00100513) addi x10, x0, 0x1                        inst_35+0
x10 <- 0x0000000000000001

clint mtime 0x0000000000000079 (mip.MTI <- 0b1, mip.STI <- 0b0)
mem[X,0x00000000800003C4] -> 0x1513
mem[X,0x00000000800003C6] -> 0x0195
[242] [M]: 0x00000000800003C4 (0x01951513) slli x10, x10, 0x19                      inst_35+4
x10 <- 0x0000000002000000

mem[X,0x00000000800003C8] -> 0x559B
mem[X,0x00000000800003CA] -> 0x4065
[243] [M]: 0x00000000800003C8 (0x4065559B) sraiw x11, x10, 0x6                      inst_35+8
x11 <- 0x0000000000080000

clint mtime 0x000000000000007A (mip.MTI <- 0b1, mip.STI <- 0b0)
mem[X,0x00000000800003CC] -> 0xB823
mem[X,0x00000000800003CE] -> 0x04B0
[244] [M]: 0x00000000800003CC (0x04B0B823) sd x11, 0x50(x1)                         inst_35+12
mem[W,0x0000000080003230] <- 0x0000000000080000

mem[X,0x00000000800003D0] -> 0x0513
mem[X,0x00000000800003D2] -> 0x0010
[245] [M]: 0x00000000800003D0 (0x00100513) addi x10, x0, 0x1                        inst_36+0
x10 <- 0x0000000000000001

clint mtime 0x000000000000007B (mip.MTI <- 0b1, mip.STI <- 0b0)
mem[X,0x00000000800003D4] -> 0x1513
mem[X,0x00000000800003D6] -> 0x01A5
[246] [M]: 0x00000000800003D4 (0x01A51513) slli x10, x10, 0x1a                      inst_36+4
x10 <- 0x0000000004000000

mem[X,0x00000000800003D8] -> 0x559B
mem[X,0x00000000800003DA] -> 0x41B5
[247] [M]: 0x00000000800003D8 (0x41B5559B) sraiw x11, x10, 0x1b                     inst_36+8
x11 <- 0x0000000000000000

clint mtime 0x000000000000007C (mip.MTI <- 0b1, mip.STI <- 0b0)
mem[X,0x00000000800003DC] -> 0xBC23
mem[X,0x00000000800003DE] -> 0x04B0
[248] [M]: 0x00000000800003DC (0x04B0BC23) sd x11, 0x58(x1)                         inst_36+12
mem[W,0x0000000080003238] <- 0x0000000000000000

mem[X,0x00000000800003E0] -> 0x0513
mem[X,0x00000000800003E2] -> 0x0010
[249] [M]: 0x00000000800003E0 (0x00100513) addi x10, x0, 0x1                        inst_37+0
x10 <- 0x0000000000000001

clint mtime 0x000000000000007D (mip.MTI <- 0b1, mip.STI <- 0b0)
mem[X,0x00000000800003E4] -> 0x1513
mem[X,0x00000000800003E6] -> 0x01B5
[250] [M]: 0x00000000800003E4 (0x01B51513) slli x10, x10, 0x1b                      inst_37+4
x10 <- 0x0000000008000000

mem[X,0x00000000800003E8] -> 0x559B
mem[X,0x00000000800003EA] -> 0x40C5
[251] [M]: 0x00000000800003E8 (0x40C5559B) sraiw x11, x10, 0xc                      inst_37+8
x11 <- 0x0000000000008000

clint mtime 0x000000000000007E (mip.MTI <- 0b1, mip.STI <- 0b0)
mem[X,0x00000000800003EC] -> 0xB023
mem[X,0x00000000800003EE] -> 0x06B0
[252] [M]: 0x00000000800003EC (0x06B0B023) sd x11, 0x60(x1)                         inst_37+12
mem[W,0x0000000080003240] <- 0x0000000000008000

mem[X,0x00000000800003F0] -> 0x0513
mem[X,0x00000000800003F2] -> 0x0010
[253] [M]: 0x00000000800003F0 (0x00100513) addi x10, x0, 0x1                        inst_38+0
x10 <- 0x0000000000000001

clint mtime 0x000000000000007F (mip.MTI <- 0b1, mip.STI <- 0b0)
mem[X,0x00000000800003F4] -> 0x1513
mem[X,0x00000000800003F6] -> 0x01C5
[254] [M]: 0x00000000800003F4 (0x01C51513) slli x10, x10, 0x1c                      inst_38+4
x10 <- 0x0000000010000000

mem[X,0x00000000800003F8] -> 0x559B
mem[X,0x00000000800003FA] -> 0x4055
[255] [M]: 0x00000000800003F8 (0x4055559B) sraiw x11, x10, 0x5                      inst_38+8
x11 <- 0x0000000000800000

clint mtime 0x0000000000000080 (mip.MTI <- 0b1, mip.STI <- 0b0)
mem[X,0x00000000800003FC] -> 0xB423
mem[X,0x00000000800003FE] -> 0x06B0
[256] [M]: 0x00000000800003FC (0x06B0B423) sd x11, 0x68(x1)                         inst_38+12
mem[W,0x0000000080003248] <- 0x0000000000800000

mem[X,0x0000000080000400] -> 0x0513
mem[X,0x0000000080000402] -> 0x0010
[257] [M]: 0x0000000080000400 (0x00100513) addi x10, x0, 0x1                        inst_39+0
x10 <- 0x0000000000000001

clint mtime 0x0000000000000081 (mip.MTI <- 0b1, mip.STI <- 0b0)
mem[X,0x0000000080000404] -> 0x1513
mem[X,0x0000000080000406] -> 0x01D5
[258] [M]: 0x0000000080000404 (0x01D51513) slli x10, x10, 0x1d                      inst_39+4
x10 <- 0x0000000020000000

mem[X,0x0000000080000408] -> 0x559B
mem[X,0x000000008000040A] -> 0x4035
[259] [M]: 0x0000000080000408 (0x4035559B) sraiw x11, x10, 0x3                      inst_39+8
x11 <- 0x0000000004000000

clint mtime 0x0000000000000082 (mip.MTI <- 0b1, mip.STI <- 0b0)
mem[X,0x000000008000040C] -> 0xB823
mem[X,0x000000008000040E] -> 0x06B0
[260] [M]: 0x000000008000040C (0x06B0B823) sd x11, 0x70(x1)                         inst_39+12
mem[W,0x0000000080003250] <- 0x0000000004000000

mem[X,0x0000000080000410] -> 0x0513
mem[X,0x0000000080000412] -> 0x0010
[261] [M]: 0x0000000080000410 (0x00100513) addi x10, x0, 0x1                        inst_40+0
x10 <- 0x0000000000000001

clint mtime 0x0000000000000083 (mip.MTI <- 0b1, mip.STI <- 0b0)
mem[X,0x0000000080000414] -> 0x1513
mem[X,0x0000000080000416] -> 0x01E5
[262] [M]: 0x0000000080000414 (0x01E51513) slli x10, x10, 0x1e                      inst_40+4
x10 <- 0x0000000040000000

mem[X,0x0000000080000418] -> 0x559B
mem[X,0x000000008000041A] -> 0x41B5
[263] [M]: 0x0000000080000418 (0x41B5559B) sraiw x11, x10, 0x1b                     inst_40+8
x11 <- 0x0000000000000008

clint mtime 0x0000000000000084 (mip.MTI <- 0b1, mip.STI <- 0b0)
mem[X,0x000000008000041C] -> 0xBC23
mem[X,0x000000008000041E] -> 0x06B0
[264] [M]: 0x000000008000041C (0x06B0BC23) sd x11, 0x78(x1)                         inst_40+12
mem[W,0x0000000080003258] <- 0x0000000000000008

mem[X,0x0000000080000420] -> 0x0513
mem[X,0x0000000080000422] -> 0x0010
[265] [M]: 0x0000000080000420 (0x00100513) addi x10, x0, 0x1                        inst_41+0
x10 <- 0x0000000000000001

clint mtime 0x0000000000000085 (mip.MTI <- 0b1, mip.STI <- 0b0)
mem[X,0x0000000080000424] -> 0x1513
mem[X,0x0000000080000426] -> 0x01F5
[266] [M]: 0x0000000080000424 (0x01F51513) slli x10, x10, 0x1f                      inst_41+4
x10 <- 0x0000000080000000

mem[X,0x0000000080000428] -> 0x559B
mem[X,0x000000008000042A] -> 0x40B5
[267] [M]: 0x0000000080000428 (0x40B5559B) sraiw x11, x10, 0xb                      inst_41+8
x11 <- 0xFFFFFFFFFFF00000

clint mtime 0x0000000000000086 (mip.MTI <- 0b1, mip.STI <- 0b0)
mem[X,0x000000008000042C] -> 0xB023
mem[X,0x000000008000042E] -> 0x08B0
[268] [M]: 0x000000008000042C (0x08B0B023) sd x11, 0x80(x1)                         inst_41+12
mem[W,0x0000000080003260] <- 0xFFFFFFFFFFF00000

mem[X,0x0000000080000430] -> 0x0513
mem[X,0x0000000080000432] -> 0x0010
[269] [M]: 0x0000000080000430 (0x00100513) addi x10, x0, 0x1                        inst_42+0
x10 <- 0x0000000000000001

clint mtime 0x0000000000000087 (mip.MTI <- 0b1, mip.STI <- 0b0)
mem[X,0x0000000080000434] -> 0x1513
mem[X,0x0000000080000436] -> 0x0215
[270] [M]: 0x0000000080000434 (0x02151513) slli x10, x10, 0x21                      inst_42+4
x10 <- 0x0000000200000000

mem[X,0x0000000080000438] -> 0x559B
mem[X,0x000000008000043A] -> 0x4155
[271] [M]: 0x0000000080000438 (0x4155559B) sraiw x11, x10, 0x15                     inst_42+8
x11 <- 0x0000000000000000

clint mtime 0x0000000000000088 (mip.MTI <- 0b1, mip.STI <- 0b0)
mem[X,0x000000008000043C] -> 0xB423
mem[X,0x000000008000043E] -> 0x08B0
[272] [M]: 0x000000008000043C (0x08B0B423) sd x11, 0x88(x1)                         inst_42+12
mem[W,0x0000000080003268] <- 0x0000000000000000

mem[X,0x0000000080000440] -> 0x0513
mem[X,0x0000000080000442] -> 0x0010
[273] [M]: 0x0000000080000440 (0x00100513) addi x10, x0, 0x1                        inst_43+0
x10 <- 0x0000000000000001

clint mtime 0x0000000000000089 (mip.MTI <- 0b1, mip.STI <- 0b0)
mem[X,0x0000000080000444] -> 0x1513
mem[X,0x0000000080000446] -> 0x0225
[274] [M]: 0x0000000080000444 (0x02251513) slli x10, x10, 0x22                      inst_43+4
x10 <- 0x0000000400000000

mem[X,0x0000000080000448] -> 0x559B
mem[X,0x000000008000044A] -> 0x4085
[275] [M]: 0x0000000080000448 (0x4085559B) sraiw x11, x10, 0x8                      inst_43+8
x11 <- 0x0000000000000000

clint mtime 0x000000000000008A (mip.MTI <- 0b1, mip.STI <- 0b0)
mem[X,0x000000008000044C] -> 0xB823
mem[X,0x000000008000044E] -> 0x08B0
[276] [M]: 0x000000008000044C (0x08B0B823) sd x11, 0x90(x1)                         inst_43+12
mem[W,0x0000000080003270] <- 0x0000000000000000

mem[X,0x0000000080000450] -> 0x0513
mem[X,0x0000000080000452] -> 0x0010
[277] [M]: 0x0000000080000450 (0x00100513) addi x10, x0, 0x1                        inst_44+0
x10 <- 0x0000000000000001

clint mtime 0x000000000000008B (mip.MTI <- 0b1, mip.STI <- 0b0)
mem[X,0x0000000080000454] -> 0x1513
mem[X,0x0000000080000456] -> 0x0235
[278] [M]: 0x0000000080000454 (0x02351513) slli x10, x10, 0x23                      inst_44+4
x10 <- 0x0000000800000000

mem[X,0x0000000080000458] -> 0x559B
mem[X,0x000000008000045A] -> 0x40C5
[279] [M]: 0x0000000080000458 (0x40C5559B) sraiw x11, x10, 0xc                      inst_44+8
x11 <- 0x0000000000000000

clint mtime 0x000000000000008C (mip.MTI <- 0b1, mip.STI <- 0b0)
mem[X,0x000000008000045C] -> 0xBC23
mem[X,0x000000008000045E] -> 0x08B0
[280] [M]: 0x000000008000045C (0x08B0BC23) sd x11, 0x98(x1)                         inst_44+12
mem[W,0x0000000080003278] <- 0x0000000000000000

mem[X,0x0000000080000460] -> 0x0513
mem[X,0x0000000080000462] -> 0x0010
[281] [M]: 0x0000000080000460 (0x00100513) addi x10, x0, 0x1                        inst_45+0
x10 <- 0x0000000000000001

clint mtime 0x000000000000008D (mip.MTI <- 0b1, mip.STI <- 0b0)
mem[X,0x0000000080000464] -> 0x1513
mem[X,0x0000000080000466] -> 0x0245
[282] [M]: 0x0000000080000464 (0x02451513) slli x10, x10, 0x24                      inst_45+4
x10 <- 0x0000001000000000

mem[X,0x0000000080000468] -> 0x559B
mem[X,0x000000008000046A] -> 0x4015
[283] [M]: 0x0000000080000468 (0x4015559B) sraiw x11, x10, 0x1                      inst_45+8
x11 <- 0x0000000000000000

clint mtime 0x000000000000008E (mip.MTI <- 0b1, mip.STI <- 0b0)
mem[X,0x000000008000046C] -> 0xB023
mem[X,0x000000008000046E] -> 0x0AB0
[284] [M]: 0x000000008000046C (0x0AB0B023) sd x11, 0xa0(x1)                         inst_45+12
mem[W,0x0000000080003280] <- 0x0000000000000000

mem[X,0x0000000080000470] -> 0x0513
mem[X,0x0000000080000472] -> 0x0010
[285] [M]: 0x0000000080000470 (0x00100513) addi x10, x0, 0x1                        inst_46+0
x10 <- 0x0000000000000001

clint mtime 0x000000000000008F (mip.MTI <- 0b1, mip.STI <- 0b0)
mem[X,0x0000000080000474] -> 0x1513
mem[X,0x0000000080000476] -> 0x0255
[286] [M]: 0x0000000080000474 (0x02551513) slli x10, x10, 0x25                      inst_46+4
x10 <- 0x0000002000000000

mem[X,0x0000000080000478] -> 0x559B
mem[X,0x000000008000047A] -> 0x41F5
[287] [M]: 0x0000000080000478 (0x41F5559B) sraiw x11, x10, 0x1f                     inst_46+8
x11 <- 0x0000000000000000

clint mtime 0x0000000000000090 (mip.MTI <- 0b1, mip.STI <- 0b0)
mem[X,0x000000008000047C] -> 0xB423
mem[X,0x000000008000047E] -> 0x0AB0
[288] [M]: 0x000000008000047C (0x0AB0B423) sd x11, 0xa8(x1)                         inst_46+12
mem[W,0x0000000080003288] <- 0x0000000000000000

mem[X,0x0000000080000480] -> 0x0513
mem[X,0x0000000080000482] -> 0x0010
[289] [M]: 0x0000000080000480 (0x00100513) addi x10, x0, 0x1                        inst_47+0
x10 <- 0x0000000000000001

clint mtime 0x0000000000000091 (mip.MTI <- 0b1, mip.STI <- 0b0)
mem[X,0x0000000080000484] -> 0x1513
mem[X,0x0000000080000486] -> 0x0265
[290] [M]: 0x0000000080000484 (0x02651513) slli x10, x10, 0x26                      inst_47+4
x10 <- 0x0000004000000000

mem[X,0x0000000080000488] -> 0x559B
mem[X,0x000000008000048A] -> 0x40D5
[291] [M]: 0x0000000080000488 (0x40D5559B) sraiw x11, x10, 0xd                      inst_47+8
x11 <- 0x0000000000000000

clint mtime 0x0000000000000092 (mip.MTI <- 0b1, mip.STI <- 0b0)
mem[X,0x000000008000048C] -> 0xB823
mem[X,0x000000008000048E] -> 0x0AB0
[292] [M]: 0x000000008000048C (0x0AB0B823) sd x11, 0xb0(x1)                         inst_47+12
mem[W,0x0000000080003290] <- 0x0000000000000000

mem[X,0x0000000080000490] -> 0x0513
mem[X,0x0000000080000492] -> 0x0010
[293] [M]: 0x0000000080000490 (0x00100513) addi x10, x0, 0x1                        inst_48+0
x10 <- 0x0000000000000001

clint mtime 0x0000000000000093 (mip.MTI <- 0b1, mip.STI <- 0b0)
mem[X,0x0000000080000494] -> 0x1513
mem[X,0x0000000080000496] -> 0x0275
[294] [M]: 0x0000000080000494 (0x02751513) slli x10, x10, 0x27                      inst_48+4
x10 <- 0x0000008000000000

mem[X,0x0000000080000498] -> 0x559B
mem[X,0x000000008000049A] -> 0x40F5
[295] [M]: 0x0000000080000498 (0x40F5559B) sraiw x11, x10, 0xf                      inst_48+8
x11 <- 0x0000000000000000

clint mtime 0x0000000000000094 (mip.MTI <- 0b1, mip.STI <- 0b0)
mem[X,0x000000008000049C] -> 0xBC23
mem[X,0x000000008000049E] -> 0x0AB0
[296] [M]: 0x000000008000049C (0x0AB0BC23) sd x11, 0xb8(x1)                         inst_48+12
mem[W,0x0000000080003298] <- 0x0000000000000000

mem[X,0x00000000800004A0] -> 0x0513
mem[X,0x00000000800004A2] -> 0x0010
[297] [M]: 0x00000000800004A0 (0x00100513) addi x10, x0, 0x1                        inst_49+0
x10 <- 0x0000000000000001

clint mtime 0x0000000000000095 (mip.MTI <- 0b1, mip.STI <- 0b0)
mem[X,0x00000000800004A4] -> 0x1513
mem[X,0x00000000800004A6] -> 0x0285
[298] [M]: 0x00000000800004A4 (0x02851513) slli x10, x10, 0x28                      inst_49+4
x10 <- 0x0000010000000000

mem[X,0x00000000800004A8] -> 0x559B
mem[X,0x00000000800004AA] -> 0x4045
[299] [M]: 0x00000000800004A8 (0x4045559B) sraiw x11, x10, 0x4                      inst_49+8
x11 <- 0x0000000000000000

clint mtime 0x0000000000000096 (mip.MTI <- 0b1, mip.STI <- 0b0)
mem[X,0x00000000800004AC] -> 0xB023
mem[X,0x00000000800004AE] -> 0x0CB0
[300] [M]: 0x00000000800004AC (0x0CB0B023) sd x11, 0xc0(x1)                         inst_49+12
mem[W,0x00000000800032A0] <- 0x0000000000000000

mem[X,0x00000000800004B0] -> 0x0513
mem[X,0x00000000800004B2] -> 0x0010
[301] [M]: 0x00000000800004B0 (0x00100513) addi x10, x0, 0x1                        inst_50+0
x10 <- 0x0000000000000001

clint mtime 0x0000000000000097 (mip.MTI <- 0b1, mip.STI <- 0b0)
mem[X,0x00000000800004B4] -> 0x1513
mem[X,0x00000000800004B6] -> 0x0295
[302] [M]: 0x00000000800004B4 (0x02951513) slli x10, x10, 0x29                      inst_50+4
x10 <- 0x0000020000000000

mem[X,0x00000000800004B8] -> 0x559B
mem[X,0x00000000800004BA] -> 0x40C5
[303] [M]: 0x00000000800004B8 (0x40C5559B) sraiw x11, x10, 0xc                      inst_50+8
x11 <- 0x0000000000000000

clint mtime 0x0000000000000098 (mip.MTI <- 0b1, mip.STI <- 0b0)
mem[X,0x00000000800004BC] -> 0xB423
mem[X,0x00000000800004BE] -> 0x0CB0
[304] [M]: 0x00000000800004BC (0x0CB0B423) sd x11, 0xc8(x1)                         inst_50+12
mem[W,0x00000000800032A8] <- 0x0000000000000000

mem[X,0x00000000800004C0] -> 0x0513
mem[X,0x00000000800004C2] -> 0x0010
[305] [M]: 0x00000000800004C0 (0x00100513) addi x10, x0, 0x1                        inst_51+0
x10 <- 0x0000000000000001

clint mtime 0x0000000000000099 (mip.MTI <- 0b1, mip.STI <- 0b0)
mem[X,0x00000000800004C4] -> 0x1513
mem[X,0x00000000800004C6] -> 0x02A5
[306] [M]: 0x00000000800004C4 (0x02A51513) slli x10, x10, 0x2a                      inst_51+4
x10 <- 0x0000040000000000

mem[X,0x00000000800004C8] -> 0x559B
mem[X,0x00000000800004CA] -> 0x4075
[307] [M]: 0x00000000800004C8 (0x4075559B) sraiw x11, x10, 0x7                      inst_51+8
x11 <- 0x0000000000000000

clint mtime 0x000000000000009A (mip.MTI <- 0b1, mip.STI <- 0b0)
mem[X,0x00000000800004CC] -> 0xB823
mem[X,0x00000000800004CE] -> 0x0CB0
[308] [M]: 0x00000000800004CC (0x0CB0B823) sd x11, 0xd0(x1)                         inst_51+12
mem[W,0x00000000800032B0] <- 0x0000000000000000

mem[X,0x00000000800004D0] -> 0x0513
mem[X,0x00000000800004D2] -> 0x0010
[309] [M]: 0x00000000800004D0 (0x00100513) addi x10, x0, 0x1                        inst_52+0
x10 <- 0x0000000000000001

clint mtime 0x000000000000009B (mip.MTI <- 0b1, mip.STI <- 0b0)
mem[X,0x00000000800004D4] -> 0x1513
mem[X,0x00000000800004D6] -> 0x02B5
[310] [M]: 0x00000000800004D4 (0x02B51513) slli x10, x10, 0x2b                      inst_52+4
x10 <- 0x0000080000000000

mem[X,0x00000000800004D8] -> 0x559B
mem[X,0x00000000800004DA] -> 0x41B5
[311] [M]: 0x00000000800004D8 (0x41B5559B) sraiw x11, x10, 0x1b                     inst_52+8
x11 <- 0x0000000000000000

clint mtime 0x000000000000009C (mip.MTI <- 0b1, mip.STI <- 0b0)
mem[X,0x00000000800004DC] -> 0xBC23
mem[X,0x00000000800004DE] -> 0x0CB0
[312] [M]: 0x00000000800004DC (0x0CB0BC23) sd x11, 0xd8(x1)                         inst_52+12
mem[W,0x00000000800032B8] <- 0x0000000000000000

mem[X,0x00000000800004E0] -> 0x0513
mem[X,0x00000000800004E2] -> 0x0010
[313] [M]: 0x00000000800004E0 (0x00100513) addi x10, x0, 0x1                        inst_53+0
x10 <- 0x0000000000000001

clint mtime 0x000000000000009D (mip.MTI <- 0b1, mip.STI <- 0b0)
mem[X,0x00000000800004E4] -> 0x1513
mem[X,0x00000000800004E6] -> 0x02D5
[314] [M]: 0x00000000800004E4 (0x02D51513) slli x10, x10, 0x2d                      inst_53+4
x10 <- 0x0000200000000000

mem[X,0x00000000800004E8] -> 0x559B
mem[X,0x00000000800004EA] -> 0x4175
[315] [M]: 0x00000000800004E8 (0x4175559B) sraiw x11, x10, 0x17                     inst_53+8
x11 <- 0x0000000000000000

clint mtime 0x000000000000009E (mip.MTI <- 0b1, mip.STI <- 0b0)
mem[X,0x00000000800004EC] -> 0xB023
mem[X,0x00000000800004EE] -> 0x0EB0
[316] [M]: 0x00000000800004EC (0x0EB0B023) sd x11, 0xe0(x1)                         inst_53+12
mem[W,0x00000000800032C0] <- 0x0000000000000000

mem[X,0x00000000800004F0] -> 0x0513
mem[X,0x00000000800004F2] -> 0x0010
[317] [M]: 0x00000000800004F0 (0x00100513) addi x10, x0, 0x1                        inst_54+0
x10 <- 0x0000000000000001

clint mtime 0x000000000000009F (mip.MTI <- 0b1, mip.STI <- 0b0)
mem[X,0x00000000800004F4] -> 0x1513
mem[X,0x00000000800004F6] -> 0x02E5
[318] [M]: 0x00000000800004F4 (0x02E51513) slli x10, x10, 0x2e                      inst_54+4
x10 <- 0x0000400000000000

mem[X,0x00000000800004F8] -> 0x559B
mem[X,0x00000000800004FA] -> 0x4015
[319] [M]: 0x00000000800004F8 (0x4015559B) sraiw x11, x10, 0x1                      inst_54+8
x11 <- 0x0000000000000000

clint mtime 0x00000000000000A0 (mip.MTI <- 0b1, mip.STI <- 0b0)
mem[X,0x00000000800004FC] -> 0xB423
mem[X,0x00000000800004FE] -> 0x0EB0
[320] [M]: 0x00000000800004FC (0x0EB0B423) sd x11, 0xe8(x1)                         inst_54+12
mem[W,0x00000000800032C8] <- 0x0000000000000000

mem[X,0x0000000080000500] -> 0x0513
mem[X,0x0000000080000502] -> 0x0010
[321] [M]: 0x0000000080000500 (0x00100513) addi x10, x0, 0x1                        inst_55+0
x10 <- 0x0000000000000001

clint mtime 0x00000000000000A1 (mip.MTI <- 0b1, mip.STI <- 0b0)
mem[X,0x0000000080000504] -> 0x1513
mem[X,0x0000000080000506] -> 0x02F5
[322] [M]: 0x0000000080000504 (0x02F51513) slli x10, x10, 0x2f                      inst_55+4
x10 <- 0x0000800000000000

mem[X,0x0000000080000508] -> 0x559B
mem[X,0x000000008000050A] -> 0x40C5
[323] [M]: 0x0000000080000508 (0x40C5559B) sraiw x11, x10, 0xc                      inst_55+8
x11 <- 0x0000000000000000

clint mtime 0x00000000000000A2 (mip.MTI <- 0b1, mip.STI <- 0b0)
mem[X,0x000000008000050C] -> 0xB823
mem[X,0x000000008000050E] -> 0x0EB0
[324] [M]: 0x000000008000050C (0x0EB0B823) sd x11, 0xf0(x1)                         inst_55+12
mem[W,0x00000000800032D0] <- 0x0000000000000000

mem[X,0x0000000080000510] -> 0x0513
mem[X,0x0000000080000512] -> 0x0010
[325] [M]: 0x0000000080000510 (0x00100513) addi x10, x0, 0x1                        inst_56+0
x10 <- 0x0000000000000001

clint mtime 0x00000000000000A3 (mip.MTI <- 0b1, mip.STI <- 0b0)
mem[X,0x0000000080000514] -> 0x1513
mem[X,0x0000000080000516] -> 0x0305
[326] [M]: 0x0000000080000514 (0x03051513) slli x10, x10, 0x30                      inst_56+4
x10 <- 0x0001000000000000

mem[X,0x0000000080000518] -> 0x559B
mem[X,0x000000008000051A] -> 0x4125
[327] [M]: 0x0000000080000518 (0x4125559B) sraiw x11, x10, 0x12                     inst_56+8
x11 <- 0x0000000000000000

clint mtime 0x00000000000000A4 (mip.MTI <- 0b1, mip.STI <- 0b0)
mem[X,0x000000008000051C] -> 0xBC23
mem[X,0x000000008000051E] -> 0x0EB0
[328] [M]: 0x000000008000051C (0x0EB0BC23) sd x11, 0xf8(x1)                         inst_56+12
mem[W,0x00000000800032D8] <- 0x0000000000000000

mem[X,0x0000000080000520] -> 0x0513
mem[X,0x0000000080000522] -> 0x0010
[329] [M]: 0x0000000080000520 (0x00100513) addi x10, x0, 0x1                        inst_57+0
x10 <- 0x0000000000000001

clint mtime 0x00000000000000A5 (mip.MTI <- 0b1, mip.STI <- 0b0)
mem[X,0x0000000080000524] -> 0x1513
mem[X,0x0000000080000526] -> 0x0315
[330] [M]: 0x0000000080000524 (0x03151513) slli x10, x10, 0x31                      inst_57+4
x10 <- 0x0002000000000000

mem[X,0x0000000080000528] -> 0x559B
mem[X,0x000000008000052A] -> 0x4015
[331] [M]: 0x0000000080000528 (0x4015559B) sraiw x11, x10, 0x1                      inst_57+8
x11 <- 0x0000000000000000

clint mtime 0x00000000000000A6 (mip.MTI <- 0b1, mip.STI <- 0b0)
mem[X,0x000000008000052C] -> 0xB023
mem[X,0x000000008000052E] -> 0x10B0
[332] [M]: 0x000000008000052C (0x10B0B023) sd x11, 0x100(x1)                        inst_57+12
mem[W,0x00000000800032E0] <- 0x0000000000000000

mem[X,0x0000000080000530] -> 0x0513
mem[X,0x0000000080000532] -> 0x0010
[333] [M]: 0x0000000080000530 (0x00100513) addi x10, x0, 0x1                        inst_58+0
x10 <- 0x0000000000000001

clint mtime 0x00000000000000A7 (mip.MTI <- 0b1, mip.STI <- 0b0)
mem[X,0x0000000080000534] -> 0x1513
mem[X,0x0000000080000536] -> 0x0325
[334] [M]: 0x0000000080000534 (0x03251513) slli x10, x10, 0x32                      inst_58+4
x10 <- 0x0004000000000000

mem[X,0x0000000080000538] -> 0x559B
mem[X,0x000000008000053A] -> 0x4095
[335] [M]: 0x0000000080000538 (0x4095559B) sraiw x11, x10, 0x9                      inst_58+8
x11 <- 0x0000000000000000

clint mtime 0x00000000000000A8 (mip.MTI <- 0b1, mip.STI <- 0b0)
mem[X,0x000000008000053C] -> 0xB423
mem[X,0x000000008000053E] -> 0x10B0
[336] [M]: 0x000000008000053C (0x10B0B423) sd x11, 0x108(x1)                        inst_58+12
mem[W,0x00000000800032E8] <- 0x0000000000000000

mem[X,0x0000000080000540] -> 0x0513
mem[X,0x0000000080000542] -> 0x0010
[337] [M]: 0x0000000080000540 (0x00100513) addi x10, x0, 0x1                        inst_59+0
x10 <- 0x0000000000000001

clint mtime 0x00000000000000A9 (mip.MTI <- 0b1, mip.STI <- 0b0)
mem[X,0x0000000080000544] -> 0x1513
mem[X,0x0000000080000546] -> 0x0335
[338] [M]: 0x0000000080000544 (0x03351513) slli x10, x10, 0x33                      inst_59+4
x10 <- 0x0008000000000000

mem[X,0x0000000080000548] -> 0x559B
mem[X,0x000000008000054A] -> 0x41E5
[339] [M]: 0x0000000080000548 (0x41E5559B) sraiw x11, x10, 0x1e                     inst_59+8
x11 <- 0x0000000000000000

clint mtime 0x00000000000000AA (mip.MTI <- 0b1, mip.STI <- 0b0)
mem[X,0x000000008000054C] -> 0xB823
mem[X,0x000000008000054E] -> 0x10B0
[340] [M]: 0x000000008000054C (0x10B0B823) sd x11, 0x110(x1)                        inst_59+12
mem[W,0x00000000800032F0] <- 0x0000000000000000

mem[X,0x0000000080000550] -> 0x0513
mem[X,0x0000000080000552] -> 0x0010
[341] [M]: 0x0000000080000550 (0x00100513) addi x10, x0, 0x1                        inst_60+0
x10 <- 0x0000000000000001

clint mtime 0x00000000000000AB (mip.MTI <- 0b1, mip.STI <- 0b0)
mem[X,0x0000000080000554] -> 0x1513
mem[X,0x0000000080000556] -> 0x0345
[342] [M]: 0x0000000080000554 (0x03451513) slli x10, x10, 0x34                      inst_60+4
x10 <- 0x0010000000000000

mem[X,0x0000000080000558] -> 0x559B
mem[X,0x000000008000055A] -> 0x4095
[343] [M]: 0x0000000080000558 (0x4095559B) sraiw x11, x10, 0x9                      inst_60+8
x11 <- 0x0000000000000000

clint mtime 0x00000000000000AC (mip.MTI <- 0b1, mip.STI <- 0b0)
mem[X,0x000000008000055C] -> 0xBC23
mem[X,0x000000008000055E] -> 0x10B0
[344] [M]: 0x000000008000055C (0x10B0BC23) sd x11, 0x118(x1)                        inst_60+12
mem[W,0x00000000800032F8] <- 0x0000000000000000

mem[X,0x0000000080000560] -> 0x0513
mem[X,0x0000000080000562] -> 0x0010
[345] [M]: 0x0000000080000560 (0x00100513) addi x10, x0, 0x1                        inst_61+0
x10 <- 0x0000000000000001

clint mtime 0x00000000000000AD (mip.MTI <- 0b1, mip.STI <- 0b0)
mem[X,0x0000000080000564] -> 0x1513
mem[X,0x0000000080000566] -> 0x0355
[346] [M]: 0x0000000080000564 (0x03551513) slli x10, x10, 0x35                      inst_61+4
x10 <- 0x0020000000000000

mem[X,0x0000000080000568] -> 0x559B
mem[X,0x000000008000056A] -> 0x4085
[347] [M]: 0x0000000080000568 (0x4085559B) sraiw x11, x10, 0x8                      inst_61+8
x11 <- 0x0000000000000000

clint mtime 0x00000000000000AE (mip.MTI <- 0b1, mip.STI <- 0b0)
mem[X,0x000000008000056C] -> 0xB023
mem[X,0x000000008000056E] -> 0x12B0
[348] [M]: 0x000000008000056C (0x12B0B023) sd x11, 0x120(x1)                        inst_61+12
mem[W,0x0000000080003300] <- 0x0000000000000000

mem[X,0x0000000080000570] -> 0x0513
mem[X,0x0000000080000572] -> 0x0010
[349] [M]: 0x0000000080000570 (0x00100513) addi x10, x0, 0x1                        inst_62+0
x10 <- 0x0000000000000001

clint mtime 0x00000000000000AF (mip.MTI <- 0b1, mip.STI <- 0b0)
mem[X,0x0000000080000574] -> 0x1513
mem[X,0x0000000080000576] -> 0x0365
[350] [M]: 0x0000000080000574 (0x03651513) slli x10, x10, 0x36                      inst_62+4
x10 <- 0x0040000000000000

mem[X,0x0000000080000578] -> 0x559B
mem[X,0x000000008000057A] -> 0x41B5
[351] [M]: 0x0000000080000578 (0x41B5559B) sraiw x11, x10, 0x1b                     inst_62+8
x11 <- 0x0000000000000000

clint mtime 0x00000000000000B0 (mip.MTI <- 0b1, mip.STI <- 0b0)
mem[X,0x000000008000057C] -> 0xB423
mem[X,0x000000008000057E] -> 0x12B0
[352] [M]: 0x000000008000057C (0x12B0B423) sd x11, 0x128(x1)                        inst_62+12
mem[W,0x0000000080003308] <- 0x0000000000000000

mem[X,0x0000000080000580] -> 0x0513
mem[X,0x0000000080000582] -> 0x0010
[353] [M]: 0x0000000080000580 (0x00100513) addi x10, x0, 0x1                        inst_63+0
x10 <- 0x0000000000000001

clint mtime 0x00000000000000B1 (mip.MTI <- 0b1, mip.STI <- 0b0)
mem[X,0x0000000080000584] -> 0x1513
mem[X,0x0000000080000586] -> 0x0375
[354] [M]: 0x0000000080000584 (0x03751513) slli x10, x10, 0x37                      inst_63+4
x10 <- 0x0080000000000000

mem[X,0x0000000080000588] -> 0x559B
mem[X,0x000000008000058A] -> 0x40C5
[355] [M]: 0x0000000080000588 (0x40C5559B) sraiw x11, x10, 0xc                      inst_63+8
x11 <- 0x0000000000000000

clint mtime 0x00000000000000B2 (mip.MTI <- 0b1, mip.STI <- 0b0)
mem[X,0x000000008000058C] -> 0xB823
mem[X,0x000000008000058E] -> 0x12B0
[356] [M]: 0x000000008000058C (0x12B0B823) sd x11, 0x130(x1)                        inst_63+12
mem[W,0x0000000080003310] <- 0x0000000000000000

mem[X,0x0000000080000590] -> 0x0513
mem[X,0x0000000080000592] -> 0x0010
[357] [M]: 0x0000000080000590 (0x00100513) addi x10, x0, 0x1                        inst_64+0
x10 <- 0x0000000000000001

clint mtime 0x00000000000000B3 (mip.MTI <- 0b1, mip.STI <- 0b0)
mem[X,0x0000000080000594] -> 0x1513
mem[X,0x0000000080000596] -> 0x0385
[358] [M]: 0x0000000080000594 (0x03851513) slli x10, x10, 0x38                      inst_64+4
x10 <- 0x0100000000000000

mem[X,0x0000000080000598] -> 0x559B
mem[X,0x000000008000059A] -> 0x4085
[359] [M]: 0x0000000080000598 (0x4085559B) sraiw x11, x10, 0x8                      inst_64+8
x11 <- 0x0000000000000000

clint mtime 0x00000000000000B4 (mip.MTI <- 0b1, mip.STI <- 0b0)
mem[X,0x000000008000059C] -> 0xBC23
mem[X,0x000000008000059E] -> 0x12B0
[360] [M]: 0x000000008000059C (0x12B0BC23) sd x11, 0x138(x1)                        inst_64+12
mem[W,0x0000000080003318] <- 0x0000000000000000

mem[X,0x00000000800005A0] -> 0x0513
mem[X,0x00000000800005A2] -> 0x0010
[361] [M]: 0x00000000800005A0 (0x00100513) addi x10, x0, 0x1                        inst_65+0
x10 <- 0x0000000000000001

clint mtime 0x00000000000000B5 (mip.MTI <- 0b1, mip.STI <- 0b0)
mem[X,0x00000000800005A4] -> 0x1513
mem[X,0x00000000800005A6] -> 0x0395
[362] [M]: 0x00000000800005A4 (0x03951513) slli x10, x10, 0x39                      inst_65+4
x10 <- 0x0200000000000000

mem[X,0x00000000800005A8] -> 0x559B
mem[X,0x00000000800005AA] -> 0x4055
[363] [M]: 0x00000000800005A8 (0x4055559B) sraiw x11, x10, 0x5                      inst_65+8
x11 <- 0x0000000000000000

clint mtime 0x00000000000000B6 (mip.MTI <- 0b1, mip.STI <- 0b0)
mem[X,0x00000000800005AC] -> 0xB023
mem[X,0x00000000800005AE] -> 0x14B0
[364] [M]: 0x00000000800005AC (0x14B0B023) sd x11, 0x140(x1)                        inst_65+12
mem[W,0x0000000080003320] <- 0x0000000000000000

mem[X,0x00000000800005B0] -> 0x0513
mem[X,0x00000000800005B2] -> 0x0010
[365] [M]: 0x00000000800005B0 (0x00100513) addi x10, x0, 0x1                        inst_66+0
x10 <- 0x0000000000000001

clint mtime 0x00000000000000B7 (mip.MTI <- 0b1, mip.STI <- 0b0)
mem[X,0x00000000800005B4] -> 0x1513
mem[X,0x00000000800005B6] -> 0x03A5
[366] [M]: 0x00000000800005B4 (0x03A51513) slli x10, x10, 0x3a                      inst_66+4
x10 <- 0x0400000000000000

mem[X,0x00000000800005B8] -> 0x559B
mem[X,0x00000000800005BA] -> 0x4105
[367] [M]: 0x00000000800005B8 (0x4105559B) sraiw x11, x10, 0x10                     inst_66+8
x11 <- 0x0000000000000000

clint mtime 0x00000000000000B8 (mip.MTI <- 0b1, mip.STI <- 0b0)
mem[X,0x00000000800005BC] -> 0xB423
mem[X,0x00000000800005BE] -> 0x14B0
[368] [M]: 0x00000000800005BC (0x14B0B423) sd x11, 0x148(x1)                        inst_66+12
mem[W,0x0000000080003328] <- 0x0000000000000000

mem[X,0x00000000800005C0] -> 0x0513
mem[X,0x00000000800005C2] -> 0x0010
[369] [M]: 0x00000000800005C0 (0x00100513) addi x10, x0, 0x1                        inst_67+0
x10 <- 0x0000000000000001

clint mtime 0x00000000000000B9 (mip.MTI <- 0b1, mip.STI <- 0b0)
mem[X,0x00000000800005C4] -> 0x1513
mem[X,0x00000000800005C6] -> 0x03B5
[370] [M]: 0x00000000800005C4 (0x03B51513) slli x10, x10, 0x3b                      inst_67+4
x10 <- 0x0800000000000000

mem[X,0x00000000800005C8] -> 0x559B
mem[X,0x00000000800005CA] -> 0x40B5
[371] [M]: 0x00000000800005C8 (0x40B5559B) sraiw x11, x10, 0xb                      inst_67+8
x11 <- 0x0000000000000000

clint mtime 0x00000000000000BA (mip.MTI <- 0b1, mip.STI <- 0b0)
mem[X,0x00000000800005CC] -> 0xB823
mem[X,0x00000000800005CE] -> 0x14B0
[372] [M]: 0x00000000800005CC (0x14B0B823) sd x11, 0x150(x1)                        inst_67+12
mem[W,0x0000000080003330] <- 0x0000000000000000

mem[X,0x00000000800005D0] -> 0x0513
mem[X,0x00000000800005D2] -> 0x0010
[373] [M]: 0x00000000800005D0 (0x00100513) addi x10, x0, 0x1                        inst_68+0
x10 <- 0x0000000000000001

clint mtime 0x00000000000000BB (mip.MTI <- 0b1, mip.STI <- 0b0)
mem[X,0x00000000800005D4] -> 0x1513
mem[X,0x00000000800005D6] -> 0x03C5
[374] [M]: 0x00000000800005D4 (0x03C51513) slli x10, x10, 0x3c                      inst_68+4
x10 <- 0x1000000000000000

mem[X,0x00000000800005D8] -> 0x559B
mem[X,0x00000000800005DA] -> 0x41D5
[375] [M]: 0x00000000800005D8 (0x41D5559B) sraiw x11, x10, 0x1d                     inst_68+8
x11 <- 0x0000000000000000

clint mtime 0x00000000000000BC (mip.MTI <- 0b1, mip.STI <- 0b0)
mem[X,0x00000000800005DC] -> 0xBC23
mem[X,0x00000000800005DE] -> 0x14B0
[376] [M]: 0x00000000800005DC (0x14B0BC23) sd x11, 0x158(x1)                        inst_68+12
mem[W,0x0000000080003338] <- 0x0000000000000000

mem[X,0x00000000800005E0] -> 0x0513
mem[X,0x00000000800005E2] -> 0x0010
[377] [M]: 0x00000000800005E0 (0x00100513) addi x10, x0, 0x1                        inst_69+0
x10 <- 0x0000000000000001

clint mtime 0x00000000000000BD (mip.MTI <- 0b1, mip.STI <- 0b0)
mem[X,0x00000000800005E4] -> 0x1513
mem[X,0x00000000800005E6] -> 0x03D5
[378] [M]: 0x00000000800005E4 (0x03D51513) slli x10, x10, 0x3d                      inst_69+4
x10 <- 0x2000000000000000

mem[X,0x00000000800005E8] -> 0x559B
mem[X,0x00000000800005EA] -> 0x40F5
[379] [M]: 0x00000000800005E8 (0x40F5559B) sraiw x11, x10, 0xf                      inst_69+8
x11 <- 0x0000000000000000

clint mtime 0x00000000000000BE (mip.MTI <- 0b1, mip.STI <- 0b0)
mem[X,0x00000000800005EC] -> 0xB023
mem[X,0x00000000800005EE] -> 0x16B0
[380] [M]: 0x00000000800005EC (0x16B0B023) sd x11, 0x160(x1)                        inst_69+12
mem[W,0x0000000080003340] <- 0x0000000000000000

mem[X,0x00000000800005F0] -> 0x0513
mem[X,0x00000000800005F2] -> 0x0010
[381] [M]: 0x00000000800005F0 (0x00100513) addi x10, x0, 0x1                        inst_70+0
x10 <- 0x0000000000000001

clint mtime 0x00000000000000BF (mip.MTI <- 0b1, mip.STI <- 0b0)
mem[X,0x00000000800005F4] -> 0x1513
mem[X,0x00000000800005F6] -> 0x03E5
[382] [M]: 0x00000000800005F4 (0x03E51513) slli x10, x10, 0x3e                      inst_70+4
x10 <- 0x4000000000000000

mem[X,0x00000000800005F8] -> 0x559B
mem[X,0x00000000800005FA] -> 0x4055
[383] [M]: 0x00000000800005F8 (0x4055559B) sraiw x11, x10, 0x5                      inst_70+8
x11 <- 0x0000000000000000

clint mtime 0x00000000000000C0 (mip.MTI <- 0b1, mip.STI <- 0b0)
mem[X,0x00000000800005FC] -> 0xB423
mem[X,0x00000000800005FE] -> 0x16B0
[384] [M]: 0x00000000800005FC (0x16B0B423) sd x11, 0x168(x1)                        inst_70+12
mem[W,0x0000000080003348] <- 0x0000000000000000

mem[X,0x0000000080000600] -> 0x0513
mem[X,0x0000000080000602] -> 0xFFE0
[385] [M]: 0x0000000080000600 (0xFFE00513) addi x10, x0, -0x2                       inst_71+0
x10 <- 0xFFFFFFFFFFFFFFFE

clint mtime 0x00000000000000C1 (mip.MTI <- 0b1, mip.STI <- 0b0)
mem[X,0x0000000080000604] -> 0x559B
mem[X,0x0000000080000606] -> 0x4175
[386] [M]: 0x0000000080000604 (0x4175559B) sraiw x11, x10, 0x17                     inst_71+4
x11 <- 0xFFFFFFFFFFFFFFFF

mem[X,0x0000000080000608] -> 0xB823
mem[X,0x000000008000060A] -> 0x16B0
[387] [M]: 0x0000000080000608 (0x16B0B823) sd x11, 0x170(x1)                        inst_71+8
mem[W,0x0000000080003350] <- 0xFFFFFFFFFFFFFFFF

clint mtime 0x00000000000000C2 (mip.MTI <- 0b1, mip.STI <- 0b0)
mem[X,0x000000008000060C] -> 0x0513
mem[X,0x000000008000060E] -> 0xFFD0
[388] [M]: 0x000000008000060C (0xFFD00513) addi x10, x0, -0x3                       inst_72+0
x10 <- 0xFFFFFFFFFFFFFFFD

mem[X,0x0000000080000610] -> 0x559B
mem[X,0x0000000080000612] -> 0x4115
[389] [M]: 0x0000000080000610 (0x4115559B) sraiw x11, x10, 0x11                     inst_72+4
x11 <- 0xFFFFFFFFFFFFFFFF

clint mtime 0x00000000000000C3 (mip.MTI <- 0b1, mip.STI <- 0b0)
mem[X,0x0000000080000614] -> 0xBC23
mem[X,0x0000000080000616] -> 0x16B0
[390] [M]: 0x0000000080000614 (0x16B0BC23) sd x11, 0x178(x1)                        inst_72+8
mem[W,0x0000000080003358] <- 0xFFFFFFFFFFFFFFFF

mem[X,0x0000000080000618] -> 0x0513
mem[X,0x000000008000061A] -> 0xFFB0
[391] [M]: 0x0000000080000618 (0xFFB00513) addi x10, x0, -0x5                       inst_73+0
x10 <- 0xFFFFFFFFFFFFFFFB

clint mtime 0x00000000000000C4 (mip.MTI <- 0b1, mip.STI <- 0b0)
mem[X,0x000000008000061C] -> 0x559B
mem[X,0x000000008000061E] -> 0x4025
[392] [M]: 0x000000008000061C (0x4025559B) sraiw x11, x10, 0x2                      inst_73+4
x11 <- 0xFFFFFFFFFFFFFFFE

mem[X,0x0000000080000620] -> 0xB023
mem[X,0x0000000080000622] -> 0x18B0
[393] [M]: 0x0000000080000620 (0x18B0B023) sd x11, 0x180(x1)                        inst_73+8
mem[W,0x0000000080003360] <- 0xFFFFFFFFFFFFFFFE

clint mtime 0x00000000000000C5 (mip.MTI <- 0b1, mip.STI <- 0b0)
mem[X,0x0000000080000624] -> 0x0513
mem[X,0x0000000080000626] -> 0xFF70
[394] [M]: 0x0000000080000624 (0xFF700513) addi x10, x0, -0x9                       inst_74+0
x10 <- 0xFFFFFFFFFFFFFFF7

mem[X,0x0000000080000628] -> 0x559B
mem[X,0x000000008000062A] -> 0x41F5
[395] [M]: 0x0000000080000628 (0x41F5559B) sraiw x11, x10, 0x1f                     inst_74+4
x11 <- 0xFFFFFFFFFFFFFFFF

clint mtime 0x00000000000000C6 (mip.MTI <- 0b1, mip.STI <- 0b0)
mem[X,0x000000008000062C] -> 0xB423
mem[X,0x000000008000062E] -> 0x18B0
[396] [M]: 0x000000008000062C (0x18B0B423) sd x11, 0x188(x1)                        inst_74+8
mem[W,0x0000000080003368] <- 0xFFFFFFFFFFFFFFFF

mem[X,0x0000000080000630] -> 0x0513
mem[X,0x0000000080000632] -> 0xFEF0
[397] [M]: 0x0000000080000630 (0xFEF00513) addi x10, x0, -0x11                      inst_75+0
x10 <- 0xFFFFFFFFFFFFFFEF

clint mtime 0x00000000000000C7 (mip.MTI <- 0b1, mip.STI <- 0b0)
mem[X,0x0000000080000634] -> 0x559B
mem[X,0x0000000080000636] -> 0x4135
[398] [M]: 0x0000000080000634 (0x4135559B) sraiw x11, x10, 0x13                     inst_75+4
x11 <- 0xFFFFFFFFFFFFFFFF

mem[X,0x0000000080000638] -> 0xB823
mem[X,0x000000008000063A] -> 0x18B0
[399] [M]: 0x0000000080000638 (0x18B0B823) sd x11, 0x190(x1)                        inst_75+8
mem[W,0x0000000080003370] <- 0xFFFFFFFFFFFFFFFF

clint mtime 0x00000000000000C8 (mip.MTI <- 0b1, mip.STI <- 0b0)
mem[X,0x000000008000063C] -> 0x0513
mem[X,0x000000008000063E] -> 0xFDF0
[400] [M]: 0x000000008000063C (0xFDF00513) addi x10, x0, -0x21                      inst_76+0
x10 <- 0xFFFFFFFFFFFFFFDF

mem[X,0x0000000080000640] -> 0x559B
mem[X,0x0000000080000642] -> 0x40C5
[401] [M]: 0x0000000080000640 (0x40C5559B) sraiw x11, x10, 0xc                      inst_76+4
x11 <- 0xFFFFFFFFFFFFFFFF

clint mtime 0x00000000000000C9 (mip.MTI <- 0b1, mip.STI <- 0b0)
mem[X,0x0000000080000644] -> 0xBC23
mem[X,0x0000000080000646] -> 0x18B0
[402] [M]: 0x0000000080000644 (0x18B0BC23) sd x11, 0x198(x1)                        inst_76+8
mem[W,0x0000000080003378] <- 0xFFFFFFFFFFFFFFFF

mem[X,0x0000000080000648] -> 0x0513
mem[X,0x000000008000064A] -> 0xFBF0
[403] [M]: 0x0000000080000648 (0xFBF00513) addi x10, x0, -0x41                      inst_77+0
x10 <- 0xFFFFFFFFFFFFFFBF

clint mtime 0x00000000000000CA (mip.MTI <- 0b1, mip.STI <- 0b0)
mem[X,0x000000008000064C] -> 0x559B
mem[X,0x000000008000064E] -> 0x4065
[404] [M]: 0x000000008000064C (0x4065559B) sraiw x11, x10, 0x6                      inst_77+4
x11 <- 0xFFFFFFFFFFFFFFFE

mem[X,0x0000000080000650] -> 0xB023
mem[X,0x0000000080000652] -> 0x1AB0
[405] [M]: 0x0000000080000650 (0x1AB0B023) sd x11, 0x1a0(x1)                        inst_77+8
mem[W,0x0000000080003380] <- 0xFFFFFFFFFFFFFFFE

clint mtime 0x00000000000000CB (mip.MTI <- 0b1, mip.STI <- 0b0)
mem[X,0x0000000080000654] -> 0x0513
mem[X,0x0000000080000656] -> 0xF7F0
[406] [M]: 0x0000000080000654 (0xF7F00513) addi x10, x0, -0x81                      inst_78+0
x10 <- 0xFFFFFFFFFFFFFF7F

mem[X,0x0000000080000658] -> 0x559B
mem[X,0x000000008000065A] -> 0x4055
[407] [M]: 0x0000000080000658 (0x4055559B) sraiw x11, x10, 0x5                      inst_78+4
x11 <- 0xFFFFFFFFFFFFFFFB

clint mtime 0x00000000000000CC (mip.MTI <- 0b1, mip.STI <- 0b0)
mem[X,0x000000008000065C] -> 0xB423
mem[X,0x000000008000065E] -> 0x1AB0
[408] [M]: 0x000000008000065C (0x1AB0B423) sd x11, 0x1a8(x1)                        inst_78+8
mem[W,0x0000000080003388] <- 0xFFFFFFFFFFFFFFFB

mem[X,0x0000000080000660] -> 0x0513
mem[X,0x0000000080000662] -> 0xEFF0
[409] [M]: 0x0000000080000660 (0xEFF00513) addi x10, x0, -0x101                     inst_79+0
x10 <- 0xFFFFFFFFFFFFFEFF

clint mtime 0x00000000000000CD (mip.MTI <- 0b1, mip.STI <- 0b0)
mem[X,0x0000000080000664] -> 0x559B
mem[X,0x0000000080000666] -> 0x4065
[410] [M]: 0x0000000080000664 (0x4065559B) sraiw x11, x10, 0x6                      inst_79+4
x11 <- 0xFFFFFFFFFFFFFFFB

mem[X,0x0000000080000668] -> 0xB823
mem[X,0x000000008000066A] -> 0x1AB0
[411] [M]: 0x0000000080000668 (0x1AB0B823) sd x11, 0x1b0(x1)                        inst_79+8
mem[W,0x0000000080003390] <- 0xFFFFFFFFFFFFFFFB

clint mtime 0x00000000000000CE (mip.MTI <- 0b1, mip.STI <- 0b0)
mem[X,0x000000008000066C] -> 0x0513
mem[X,0x000000008000066E] -> 0xBFF0
[412] [M]: 0x000000008000066C (0xBFF00513) addi x10, x0, -0x401                     inst_80+0
x10 <- 0xFFFFFFFFFFFFFBFF

mem[X,0x0000000080000670] -> 0x559B
mem[X,0x0000000080000672] -> 0x41F5
[413] [M]: 0x0000000080000670 (0x41F5559B) sraiw x11, x10, 0x1f                     inst_80+4
x11 <- 0xFFFFFFFFFFFFFFFF

clint mtime 0x00000000000000CF (mip.MTI <- 0b1, mip.STI <- 0b0)
mem[X,0x0000000080000674] -> 0xBC23
mem[X,0x0000000080000676] -> 0x1AB0
[414] [M]: 0x0000000080000674 (0x1AB0BC23) sd x11, 0x1b8(x1)                        inst_80+8
mem[W,0x0000000080003398] <- 0xFFFFFFFFFFFFFFFF

mem[X,0x0000000080000678] -> 0x0513
mem[X,0x000000008000067A] -> 0x0010
[415] [M]: 0x0000000080000678 (0x00100513) addi x10, x0, 0x1                        inst_81+0
x10 <- 0x0000000000000001

clint mtime 0x00000000000000D0 (mip.MTI <- 0b1, mip.STI <- 0b0)
mem[X,0x000000008000067C] -> 0x1513
mem[X,0x000000008000067E] -> 0x00B5
[416] [M]: 0x000000008000067C (0x00B51513) slli x10, x10, 0xb                       inst_81+4
x10 <- 0x0000000000000800

mem[X,0x0000000080000680] -> 0x4513
mem[X,0x0000000080000682] -> 0xFFF5
[417] [M]: 0x0000000080000680 (0xFFF54513) xori x10, x10, -0x1                      inst_81+8
x10 <- 0xFFFFFFFFFFFFF7FF

clint mtime 0x00000000000000D1 (mip.MTI <- 0b1, mip.STI <- 0b0)
mem[X,0x0000000080000684] -> 0x559B
mem[X,0x0000000080000686] -> 0x41B5
[418] [M]: 0x0000000080000684 (0x41B5559B) sraiw x11, x10, 0x1b                     inst_81+12
x11 <- 0xFFFFFFFFFFFFFFFF

mem[X,0x0000000080000688] -> 0xB023
mem[X,0x000000008000068A] -> 0x1CB0
[419] [M]: 0x0000000080000688 (0x1CB0B023) sd x11, 0x1c0(x1)                        inst_81+16
mem[W,0x00000000800033A0] <- 0xFFFFFFFFFFFFFFFF

clint mtime 0x00000000000000D2 (mip.MTI <- 0b1, mip.STI <- 0b0)
mem[X,0x000000008000068C] -> 0x0513
mem[X,0x000000008000068E] -> 0x0010
[420] [M]: 0x000000008000068C (0x00100513) addi x10, x0, 0x1                        inst_82+0
x10 <- 0x0000000000000001

mem[X,0x0000000080000690] -> 0x1513
mem[X,0x0000000080000692] -> 0x00C5
[421] [M]: 0x0000000080000690 (0x00C51513) slli x10, x10, 0xc                       inst_82+4
x10 <- 0x0000000000001000

clint mtime 0x00000000000000D3 (mip.MTI <- 0b1, mip.STI <- 0b0)
mem[X,0x0000000080000694] -> 0x4513
mem[X,0x0000000080000696] -> 0xFFF5
[422] [M]: 0x0000000080000694 (0xFFF54513) xori x10, x10, -0x1                      inst_82+8
x10 <- 0xFFFFFFFFFFFFEFFF

mem[X,0x0000000080000698] -> 0x559B
mem[X,0x000000008000069A] -> 0x40C5
[423] [M]: 0x0000000080000698 (0x40C5559B) sraiw x11, x10, 0xc                      inst_82+12
x11 <- 0xFFFFFFFFFFFFFFFE

clint mtime 0x00000000000000D4 (mip.MTI <- 0b1, mip.STI <- 0b0)
mem[X,0x000000008000069C] -> 0xB423
mem[X,0x000000008000069E] -> 0x1CB0
[424] [M]: 0x000000008000069C (0x1CB0B423) sd x11, 0x1c8(x1)                        inst_82+16
mem[W,0x00000000800033A8] <- 0xFFFFFFFFFFFFFFFE

mem[X,0x00000000800006A0] -> 0x0513
mem[X,0x00000000800006A2] -> 0x0010
[425] [M]: 0x00000000800006A0 (0x00100513) addi x10, x0, 0x1                        inst_83+0
x10 <- 0x0000000000000001

clint mtime 0x00000000000000D5 (mip.MTI <- 0b1, mip.STI <- 0b0)
mem[X,0x00000000800006A4] -> 0x1513
mem[X,0x00000000800006A6] -> 0x00D5
[426] [M]: 0x00000000800006A4 (0x00D51513) slli x10, x10, 0xd                       inst_83+4
x10 <- 0x0000000000002000

mem[X,0x00000000800006A8] -> 0x4513
mem[X,0x00000000800006AA] -> 0xFFF5
[427] [M]: 0x00000000800006A8 (0xFFF54513) xori x10, x10, -0x1                      inst_83+8
x10 <- 0xFFFFFFFFFFFFDFFF

clint mtime 0x00000000000000D6 (mip.MTI <- 0b1, mip.STI <- 0b0)
mem[X,0x00000000800006AC] -> 0x559B
mem[X,0x00000000800006AE] -> 0x41E5
[428] [M]: 0x00000000800006AC (0x41E5559B) sraiw x11, x10, 0x1e                     inst_83+12
x11 <- 0xFFFFFFFFFFFFFFFF

mem[X,0x00000000800006B0] -> 0xB823
mem[X,0x00000000800006B2] -> 0x1CB0
[429] [M]: 0x00000000800006B0 (0x1CB0B823) sd x11, 0x1d0(x1)                        inst_83+16
mem[W,0x00000000800033B0] <- 0xFFFFFFFFFFFFFFFF

clint mtime 0x00000000000000D7 (mip.MTI <- 0b1, mip.STI <- 0b0)
mem[X,0x00000000800006B4] -> 0x0513
mem[X,0x00000000800006B6] -> 0x0010
[430] [M]: 0x00000000800006B4 (0x00100513) addi x10, x0, 0x1                        inst_84+0
x10 <- 0x0000000000000001

mem[X,0x00000000800006B8] -> 0x1513
mem[X,0x00000000800006BA] -> 0x00E5
[431] [M]: 0x00000000800006B8 (0x00E51513) slli x10, x10, 0xe                       inst_84+4
x10 <- 0x0000000000004000

clint mtime 0x00000000000000D8 (mip.MTI <- 0b1, mip.STI <- 0b0)
mem[X,0x00000000800006BC] -> 0x4513
mem[X,0x00000000800006BE] -> 0xFFF5
[432] [M]: 0x00000000800006BC (0xFFF54513) xori x10, x10, -0x1                      inst_84+8
x10 <- 0xFFFFFFFFFFFFBFFF

mem[X,0x00000000800006C0] -> 0x559B
mem[X,0x00000000800006C2] -> 0x4065
[433] [M]: 0x00000000800006C0 (0x4065559B) sraiw x11, x10, 0x6                      inst_84+12
x11 <- 0xFFFFFFFFFFFFFEFF

clint mtime 0x00000000000000D9 (mip.MTI <- 0b1, mip.STI <- 0b0)
mem[X,0x00000000800006C4] -> 0xBC23
mem[X,0x00000000800006C6] -> 0x1CB0
[434] [M]: 0x00000000800006C4 (0x1CB0BC23) sd x11, 0x1d8(x1)                        inst_84+16
mem[W,0x00000000800033B8] <- 0xFFFFFFFFFFFFFEFF

mem[X,0x00000000800006C8] -> 0x0513
mem[X,0x00000000800006CA] -> 0x0010
[435] [M]: 0x00000000800006C8 (0x00100513) addi x10, x0, 0x1                        inst_85+0
x10 <- 0x0000000000000001

clint mtime 0x00000000000000DA (mip.MTI <- 0b1, mip.STI <- 0b0)
mem[X,0x00000000800006CC] -> 0x1513
mem[X,0x00000000800006CE] -> 0x00F5
[436] [M]: 0x00000000800006CC (0x00F51513) slli x10, x10, 0xf                       inst_85+4
x10 <- 0x0000000000008000

mem[X,0x00000000800006D0] -> 0x4513
mem[X,0x00000000800006D2] -> 0xFFF5
[437] [M]: 0x00000000800006D0 (0xFFF54513) xori x10, x10, -0x1                      inst_85+8
x10 <- 0xFFFFFFFFFFFF7FFF

clint mtime 0x00000000000000DB (mip.MTI <- 0b1, mip.STI <- 0b0)
mem[X,0x00000000800006D4] -> 0x559B
mem[X,0x00000000800006D6] -> 0x40A5
[438] [M]: 0x00000000800006D4 (0x40A5559B) sraiw x11, x10, 0xa                      inst_85+12
x11 <- 0xFFFFFFFFFFFFFFDF

mem[X,0x00000000800006D8] -> 0xB023
mem[X,0x00000000800006DA] -> 0x1EB0
[439] [M]: 0x00000000800006D8 (0x1EB0B023) sd x11, 0x1e0(x1)                        inst_85+16
mem[W,0x00000000800033C0] <- 0xFFFFFFFFFFFFFFDF

clint mtime 0x00000000000000DC (mip.MTI <- 0b1, mip.STI <- 0b0)
mem[X,0x00000000800006DC] -> 0x0513
mem[X,0x00000000800006DE] -> 0x0010
[440] [M]: 0x00000000800006DC (0x00100513) addi x10, x0, 0x1                        inst_86+0
x10 <- 0x0000000000000001

mem[X,0x00000000800006E0] -> 0x1513
mem[X,0x00000000800006E2] -> 0x0105
[441] [M]: 0x00000000800006E0 (0x01051513) slli x10, x10, 0x10                      inst_86+4
x10 <- 0x0000000000010000

clint mtime 0x00000000000000DD (mip.MTI <- 0b1, mip.STI <- 0b0)
mem[X,0x00000000800006E4] -> 0x4513
mem[X,0x00000000800006E6] -> 0xFFF5
[442] [M]: 0x00000000800006E4 (0xFFF54513) xori x10, x10, -0x1                      inst_86+8
x10 <- 0xFFFFFFFFFFFEFFFF

mem[X,0x00000000800006E8] -> 0x559B
mem[X,0x00000000800006EA] -> 0x4035
[443] [M]: 0x00000000800006E8 (0x4035559B) sraiw x11, x10, 0x3                      inst_86+12
x11 <- 0xFFFFFFFFFFFFDFFF

clint mtime 0x00000000000000DE (mip.MTI <- 0b1, mip.STI <- 0b0)
mem[X,0x00000000800006EC] -> 0xB423
mem[X,0x00000000800006EE] -> 0x1EB0
[444] [M]: 0x00000000800006EC (0x1EB0B423) sd x11, 0x1e8(x1)                        inst_86+16
mem[W,0x00000000800033C8] <- 0xFFFFFFFFFFFFDFFF

mem[X,0x00000000800006F0] -> 0x0513
mem[X,0x00000000800006F2] -> 0x0010
[445] [M]: 0x00000000800006F0 (0x00100513) addi x10, x0, 0x1                        inst_87+0
x10 <- 0x0000000000000001

clint mtime 0x00000000000000DF (mip.MTI <- 0b1, mip.STI <- 0b0)
mem[X,0x00000000800006F4] -> 0x1513
mem[X,0x00000000800006F6] -> 0x0115
[446] [M]: 0x00000000800006F4 (0x01151513) slli x10, x10, 0x11                      inst_87+4
x10 <- 0x0000000000020000

mem[X,0x00000000800006F8] -> 0x4513
mem[X,0x00000000800006FA] -> 0xFFF5
[447] [M]: 0x00000000800006F8 (0xFFF54513) xori x10, x10, -0x1                      inst_87+8
x10 <- 0xFFFFFFFFFFFDFFFF

clint mtime 0x00000000000000E0 (mip.MTI <- 0b1, mip.STI <- 0b0)
mem[X,0x00000000800006FC] -> 0x559B
mem[X,0x00000000800006FE] -> 0x4115
[448] [M]: 0x00000000800006FC (0x4115559B) sraiw x11, x10, 0x11                     inst_87+12
x11 <- 0xFFFFFFFFFFFFFFFE

mem[X,0x0000000080000700] -> 0xB823
mem[X,0x0000000080000702] -> 0x1EB0
[449] [M]: 0x0000000080000700 (0x1EB0B823) sd x11, 0x1f0(x1)                        inst_87+16
mem[W,0x00000000800033D0] <- 0xFFFFFFFFFFFFFFFE

clint mtime 0x00000000000000E1 (mip.MTI <- 0b1, mip.STI <- 0b0)
mem[X,0x0000000080000704] -> 0x0513
mem[X,0x0000000080000706] -> 0x0010
[450] [M]: 0x0000000080000704 (0x00100513) addi x10, x0, 0x1                        inst_88+0
x10 <- 0x0000000000000001

mem[X,0x0000000080000708] -> 0x1513
mem[X,0x000000008000070A] -> 0x0125
[451] [M]: 0x0000000080000708 (0x01251513) slli x10, x10, 0x12                      inst_88+4
x10 <- 0x0000000000040000

clint mtime 0x00000000000000E2 (mip.MTI <- 0b1, mip.STI <- 0b0)
mem[X,0x000000008000070C] -> 0x4513
mem[X,0x000000008000070E] -> 0xFFF5
[452] [M]: 0x000000008000070C (0xFFF54513) xori x10, x10, -0x1                      inst_88+8
x10 <- 0xFFFFFFFFFFFBFFFF

mem[X,0x0000000080000710] -> 0x559B
mem[X,0x0000000080000712] -> 0x4045
[453] [M]: 0x0000000080000710 (0x4045559B) sraiw x11, x10, 0x4                      inst_88+12
x11 <- 0xFFFFFFFFFFFFBFFF

clint mtime 0x00000000000000E3 (mip.MTI <- 0b1, mip.STI <- 0b0)
mem[X,0x0000000080000714] -> 0xBC23
mem[X,0x0000000080000716] -> 0x1EB0
[454] [M]: 0x0000000080000714 (0x1EB0BC23) sd x11, 0x1f8(x1)                        inst_88+16
mem[W,0x00000000800033D8] <- 0xFFFFFFFFFFFFBFFF

mem[X,0x0000000080000718] -> 0x0513
mem[X,0x000000008000071A] -> 0x0010
[455] [M]: 0x0000000080000718 (0x00100513) addi x10, x0, 0x1                        inst_89+0
x10 <- 0x0000000000000001

clint mtime 0x00000000000000E4 (mip.MTI <- 0b1, mip.STI <- 0b0)
mem[X,0x000000008000071C] -> 0x1513
mem[X,0x000000008000071E] -> 0x0355
[456] [M]: 0x000000008000071C (0x03551513) slli x10, x10, 0x35                      inst_89+4
x10 <- 0x0020000000000000

mem[X,0x0000000080000720] -> 0x4513
mem[X,0x0000000080000722] -> 0xFFF5
[457] [M]: 0x0000000080000720 (0xFFF54513) xori x10, x10, -0x1                      inst_89+8
x10 <- 0xFFDFFFFFFFFFFFFF

clint mtime 0x00000000000000E5 (mip.MTI <- 0b1, mip.STI <- 0b0)
mem[X,0x0000000080000724] -> 0x559B
mem[X,0x0000000080000726] -> 0x4075
[458] [M]: 0x0000000080000724 (0x4075559B) sraiw x11, x10, 0x7                      inst_89+12
x11 <- 0xFFFFFFFFFFFFFFFF

mem[X,0x0000000080000728] -> 0xB023
mem[X,0x000000008000072A] -> 0x20B0
[459] [M]: 0x0000000080000728 (0x20B0B023) sd x11, 0x200(x1)                        inst_89+16
mem[W,0x00000000800033E0] <- 0xFFFFFFFFFFFFFFFF

clint mtime 0x00000000000000E6 (mip.MTI <- 0b1, mip.STI <- 0b0)
mem[X,0x000000008000072C] -> 0x0513
mem[X,0x000000008000072E] -> 0x0010
[460] [M]: 0x000000008000072C (0x00100513) addi x10, x0, 0x1                        inst_90+0
x10 <- 0x0000000000000001

mem[X,0x0000000080000730] -> 0x1513
mem[X,0x0000000080000732] -> 0x0365
[461] [M]: 0x0000000080000730 (0x03651513) slli x10, x10, 0x36                      inst_90+4
x10 <- 0x0040000000000000

clint mtime 0x00000000000000E7 (mip.MTI <- 0b1, mip.STI <- 0b0)
mem[X,0x0000000080000734] -> 0x4513
mem[X,0x0000000080000736] -> 0xFFF5
[462] [M]: 0x0000000080000734 (0xFFF54513) xori x10, x10, -0x1                      inst_90+8
x10 <- 0xFFBFFFFFFFFFFFFF

mem[X,0x0000000080000738] -> 0x559B
mem[X,0x000000008000073A] -> 0x40C5
[463] [M]: 0x0000000080000738 (0x40C5559B) sraiw x11, x10, 0xc                      inst_90+12
x11 <- 0xFFFFFFFFFFFFFFFF

clint mtime 0x00000000000000E8 (mip.MTI <- 0b1, mip.STI <- 0b0)
mem[X,0x000000008000073C] -> 0xB423
mem[X,0x000000008000073E] -> 0x20B0
[464] [M]: 0x000000008000073C (0x20B0B423) sd x11, 0x208(x1)                        inst_90+16
mem[W,0x00000000800033E8] <- 0xFFFFFFFFFFFFFFFF

mem[X,0x0000000080000740] -> 0x0513
mem[X,0x0000000080000742] -> 0x0010
[465] [M]: 0x0000000080000740 (0x00100513) addi x10, x0, 0x1                        inst_91+0
x10 <- 0x0000000000000001

clint mtime 0x00000000000000E9 (mip.MTI <- 0b1, mip.STI <- 0b0)
mem[X,0x0000000080000744] -> 0x1513
mem[X,0x0000000080000746] -> 0x0375
[466] [M]: 0x0000000080000744 (0x03751513) slli x10, x10, 0x37                      inst_91+4
x10 <- 0x0080000000000000

mem[X,0x0000000080000748] -> 0x4513
mem[X,0x000000008000074A] -> 0xFFF5
[467] [M]: 0x0000000080000748 (0xFFF54513) xori x10, x10, -0x1                      inst_91+8
x10 <- 0xFF7FFFFFFFFFFFFF

clint mtime 0x00000000000000EA (mip.MTI <- 0b1, mip.STI <- 0b0)
mem[X,0x000000008000074C] -> 0x559B
mem[X,0x000000008000074E] -> 0x4045
[468] [M]: 0x000000008000074C (0x4045559B) sraiw x11, x10, 0x4                      inst_91+12
x11 <- 0xFFFFFFFFFFFFFFFF

mem[X,0x0000000080000750] -> 0xB823
mem[X,0x0000000080000752] -> 0x20B0
[469] [M]: 0x0000000080000750 (0x20B0B823) sd x11, 0x210(x1)                        inst_91+16
mem[W,0x00000000800033F0] <- 0xFFFFFFFFFFFFFFFF

clint mtime 0x00000000000000EB (mip.MTI <- 0b1, mip.STI <- 0b0)
mem[X,0x0000000080000754] -> 0x0513
mem[X,0x0000000080000756] -> 0x0010
[470] [M]: 0x0000000080000754 (0x00100513) addi x10, x0, 0x1                        inst_92+0
x10 <- 0x0000000000000001

mem[X,0x0000000080000758] -> 0x1513
mem[X,0x000000008000075A] -> 0x0385
[471] [M]: 0x0000000080000758 (0x03851513) slli x10, x10, 0x38                      inst_92+4
x10 <- 0x0100000000000000

clint mtime 0x00000000000000EC (mip.MTI <- 0b1, mip.STI <- 0b0)
mem[X,0x000000008000075C] -> 0x4513
mem[X,0x000000008000075E] -> 0xFFF5
[472] [M]: 0x000000008000075C (0xFFF54513) xori x10, x10, -0x1                      inst_92+8
x10 <- 0xFEFFFFFFFFFFFFFF

mem[X,0x0000000080000760] -> 0x559B
mem[X,0x0000000080000762] -> 0x4055
[473] [M]: 0x0000000080000760 (0x4055559B) sraiw x11, x10, 0x5                      inst_92+12
x11 <- 0xFFFFFFFFFFFFFFFF

clint mtime 0x00000000000000ED (mip.MTI <- 0b1, mip.STI <- 0b0)
mem[X,0x0000000080000764] -> 0xBC23
mem[X,0x0000000080000766] -> 0x20B0
[474] [M]: 0x0000000080000764 (0x20B0BC23) sd x11, 0x218(x1)                        inst_92+16
mem[W,0x00000000800033F8] <- 0xFFFFFFFFFFFFFFFF

mem[X,0x0000000080000768] -> 0x0513
mem[X,0x000000008000076A] -> 0x0010
[475] [M]: 0x0000000080000768 (0x00100513) addi x10, x0, 0x1                        inst_93+0
x10 <- 0x0000000000000001

clint mtime 0x00000000000000EE (mip.MTI <- 0b1, mip.STI <- 0b0)
mem[X,0x000000008000076C] -> 0x1513
mem[X,0x000000008000076E] -> 0x0395
[476] [M]: 0x000000008000076C (0x03951513) slli x10, x10, 0x39                      inst_93+4
x10 <- 0x0200000000000000

mem[X,0x0000000080000770] -> 0x4513
mem[X,0x0000000080000772] -> 0xFFF5
[477] [M]: 0x0000000080000770 (0xFFF54513) xori x10, x10, -0x1                      inst_93+8
x10 <- 0xFDFFFFFFFFFFFFFF

clint mtime 0x00000000000000EF (mip.MTI <- 0b1, mip.STI <- 0b0)
mem[X,0x0000000080000774] -> 0x559B
mem[X,0x0000000080000776] -> 0x4055
[478] [M]: 0x0000000080000774 (0x4055559B) sraiw x11, x10, 0x5                      inst_93+12
x11 <- 0xFFFFFFFFFFFFFFFF

mem[X,0x0000000080000778] -> 0xB023
mem[X,0x000000008000077A] -> 0x22B0
[479] [M]: 0x0000000080000778 (0x22B0B023) sd x11, 0x220(x1)                        inst_93+16
mem[W,0x0000000080003400] <- 0xFFFFFFFFFFFFFFFF

clint mtime 0x00000000000000F0 (mip.MTI <- 0b1, mip.STI <- 0b0)
mem[X,0x000000008000077C] -> 0x0513
mem[X,0x000000008000077E] -> 0x0010
[480] [M]: 0x000000008000077C (0x00100513) addi x10, x0, 0x1                        inst_94+0
x10 <- 0x0000000000000001

mem[X,0x0000000080000780] -> 0x1513
mem[X,0x0000000080000782] -> 0x03A5
[481] [M]: 0x0000000080000780 (0x03A51513) slli x10, x10, 0x3a                      inst_94+4
x10 <- 0x0400000000000000

clint mtime 0x00000000000000F1 (mip.MTI <- 0b1, mip.STI <- 0b0)
mem[X,0x0000000080000784] -> 0x4513
mem[X,0x0000000080000786] -> 0xFFF5
[482] [M]: 0x0000000080000784 (0xFFF54513) xori x10, x10, -0x1                      inst_94+8
x10 <- 0xFBFFFFFFFFFFFFFF

mem[X,0x0000000080000788] -> 0x559B
mem[X,0x000000008000078A] -> 0x40E5
[483] [M]: 0x0000000080000788 (0x40E5559B) sraiw x11, x10, 0xe                      inst_94+12
x11 <- 0xFFFFFFFFFFFFFFFF

clint mtime 0x00000000000000F2 (mip.MTI <- 0b1, mip.STI <- 0b0)
mem[X,0x000000008000078C] -> 0xB423
mem[X,0x000000008000078E] -> 0x22B0
[484] [M]: 0x000000008000078C (0x22B0B423) sd x11, 0x228(x1)                        inst_94+16
mem[W,0x0000000080003408] <- 0xFFFFFFFFFFFFFFFF

mem[X,0x0000000080000790] -> 0x0513
mem[X,0x0000000080000792] -> 0x0010
[485] [M]: 0x0000000080000790 (0x00100513) addi x10, x0, 0x1                        inst_95+0
x10 <- 0x0000000000000001

clint mtime 0x00000000000000F3 (mip.MTI <- 0b1, mip.STI <- 0b0)
mem[X,0x0000000080000794] -> 0x1513
mem[X,0x0000000080000796] -> 0x03B5
[486] [M]: 0x0000000080000794 (0x03B51513) slli x10, x10, 0x3b                      inst_95+4
x10 <- 0x0800000000000000

mem[X,0x0000000080000798] -> 0x4513
mem[X,0x000000008000079A] -> 0xFFF5
[487] [M]: 0x0000000080000798 (0xFFF54513) xori x10, x10, -0x1                      inst_95+8
x10 <- 0xF7FFFFFFFFFFFFFF

clint mtime 0x00000000000000F4 (mip.MTI <- 0b1, mip.STI <- 0b0)
mem[X,0x000000008000079C] -> 0x559B
mem[X,0x000000008000079E] -> 0x4065
[488] [M]: 0x000000008000079C (0x4065559B) sraiw x11, x10, 0x6                      inst_95+12
x11 <- 0xFFFFFFFFFFFFFFFF

mem[X,0x00000000800007A0] -> 0xB823
mem[X,0x00000000800007A2] -> 0x22B0
[489] [M]: 0x00000000800007A0 (0x22B0B823) sd x11, 0x230(x1)                        inst_95+16
mem[W,0x0000000080003410] <- 0xFFFFFFFFFFFFFFFF

clint mtime 0x00000000000000F5 (mip.MTI <- 0b1, mip.STI <- 0b0)
mem[X,0x00000000800007A4] -> 0x0513
mem[X,0x00000000800007A6] -> 0x0010
[490] [M]: 0x00000000800007A4 (0x00100513) addi x10, x0, 0x1                        inst_96+0
x10 <- 0x0000000000000001

mem[X,0x00000000800007A8] -> 0x1513
mem[X,0x00000000800007AA] -> 0x03C5
[491] [M]: 0x00000000800007A8 (0x03C51513) slli x10, x10, 0x3c                      inst_96+4
x10 <- 0x1000000000000000

clint mtime 0x00000000000000F6 (mip.MTI <- 0b1, mip.STI <- 0b0)
mem[X,0x00000000800007AC] -> 0x4513
mem[X,0x00000000800007AE] -> 0xFFF5
[492] [M]: 0x00000000800007AC (0xFFF54513) xori x10, x10, -0x1                      inst_96+8
x10 <- 0xEFFFFFFFFFFFFFFF

mem[X,0x00000000800007B0] -> 0x559B
mem[X,0x00000000800007B2] -> 0x4125
[493] [M]: 0x00000000800007B0 (0x4125559B) sraiw x11, x10, 0x12                     inst_96+12
x11 <- 0xFFFFFFFFFFFFFFFF

clint mtime 0x00000000000000F7 (mip.MTI <- 0b1, mip.STI <- 0b0)
mem[X,0x00000000800007B4] -> 0xBC23
mem[X,0x00000000800007B6] -> 0x22B0
[494] [M]: 0x00000000800007B4 (0x22B0BC23) sd x11, 0x238(x1)                        inst_96+16
mem[W,0x0000000080003418] <- 0xFFFFFFFFFFFFFFFF

mem[X,0x00000000800007B8] -> 0x0513
mem[X,0x00000000800007BA] -> 0x0010
[495] [M]: 0x00000000800007B8 (0x00100513) addi x10, x0, 0x1                        inst_97+0
x10 <- 0x0000000000000001

clint mtime 0x00000000000000F8 (mip.MTI <- 0b1, mip.STI <- 0b0)
mem[X,0x00000000800007BC] -> 0x1513
mem[X,0x00000000800007BE] -> 0x03D5
[496] [M]: 0x00000000800007BC (0x03D51513) slli x10, x10, 0x3d                      inst_97+4
x10 <- 0x2000000000000000

mem[X,0x00000000800007C0] -> 0x4513
mem[X,0x00000000800007C2] -> 0xFFF5
[497] [M]: 0x00000000800007C0 (0xFFF54513) xori x10, x10, -0x1                      inst_97+8
x10 <- 0xDFFFFFFFFFFFFFFF

clint mtime 0x00000000000000F9 (mip.MTI <- 0b1, mip.STI <- 0b0)
mem[X,0x00000000800007C4] -> 0x559B
mem[X,0x00000000800007C6] -> 0x4015
[498] [M]: 0x00000000800007C4 (0x4015559B) sraiw x11, x10, 0x1                      inst_97+12
x11 <- 0xFFFFFFFFFFFFFFFF

mem[X,0x00000000800007C8] -> 0xB023
mem[X,0x00000000800007CA] -> 0x24B0
[499] [M]: 0x00000000800007C8 (0x24B0B023) sd x11, 0x240(x1)                        inst_97+16
mem[W,0x0000000080003420] <- 0xFFFFFFFFFFFFFFFF

clint mtime 0x00000000000000FA (mip.MTI <- 0b1, mip.STI <- 0b0)
mem[X,0x00000000800007CC] -> 0x0513
mem[X,0x00000000800007CE] -> 0x0010
[500] [M]: 0x00000000800007CC (0x00100513) addi x10, x0, 0x1                        inst_98+0
x10 <- 0x0000000000000001

mem[X,0x00000000800007D0] -> 0x1513
mem[X,0x00000000800007D2] -> 0x03E5
[501] [M]: 0x00000000800007D0 (0x03E51513) slli x10, x10, 0x3e                      inst_98+4
x10 <- 0x4000000000000000

clint mtime 0x00000000000000FB (mip.MTI <- 0b1, mip.STI <- 0b0)
mem[X,0x00000000800007D4] -> 0x4513
mem[X,0x00000000800007D6] -> 0xFFF5
[502] [M]: 0x00000000800007D4 (0xFFF54513) xori x10, x10, -0x1                      inst_98+8
x10 <- 0xBFFFFFFFFFFFFFFF

mem[X,0x00000000800007D8] -> 0x559B
mem[X,0x00000000800007DA] -> 0x40A5
[503] [M]: 0x00000000800007D8 (0x40A5559B) sraiw x11, x10, 0xa                      inst_98+12
x11 <- 0xFFFFFFFFFFFFFFFF

clint mtime 0x00000000000000FC (mip.MTI <- 0b1, mip.STI <- 0b0)
mem[X,0x00000000800007DC] -> 0xB423
mem[X,0x00000000800007DE] -> 0x24B0
[504] [M]: 0x00000000800007DC (0x24B0B423) sd x11, 0x248(x1)                        inst_98+16
mem[W,0x0000000080003428] <- 0xFFFFFFFFFFFFFFFF

mem[X,0x00000000800007E0] -> 0x5537
mem[X,0x00000000800007E2] -> 0x5555
[505] [M]: 0x00000000800007E0 (0x55555537) lui x10, 0x55555                         inst_99+0
x10 <- 0x0000000055555000

clint mtime 0x00000000000000FD (mip.MTI <- 0b1, mip.STI <- 0b0)
mem[X,0x00000000800007E4] -> 0x0513
mem[X,0x00000000800007E6] -> 0x5555
[506] [M]: 0x00000000800007E4 (0x55550513) addi x10, x10, 0x555                     inst_99+4
x10 <- 0x0000000055555555

mem[X,0x00000000800007E8] -> 0x1513
mem[X,0x00000000800007EA] -> 0x00B5
[507] [M]: 0x00000000800007E8 (0x00B51513) slli x10, x10, 0xb                       inst_99+8
x10 <- 0x000002AAAAAAA800

clint mtime 0x00000000000000FE (mip.MTI <- 0b1, mip.STI <- 0b0)
mem[X,0x00000000800007EC] -> 0x0513
mem[X,0x00000000800007EE] -> 0x2AA5
[508] [M]: 0x00000000800007EC (0x2AA50513) addi x10, x10, 0x2aa                     inst_99+12
x10 <- 0x000002AAAAAAAAAA

mem[X,0x00000000800007F0] -> 0x1513
mem[X,0x00000000800007F2] -> 0x00B5
[509] [M]: 0x00000000800007F0 (0x00B51513) slli x10, x10, 0xb                       inst_99+16
x10 <- 0x0015555555555000

clint mtime 0x00000000000000FF (mip.MTI <- 0b1, mip.STI <- 0b0)
mem[X,0x00000000800007F4] -> 0x0513
mem[X,0x00000000800007F6] -> 0x5555
[510] [M]: 0x00000000800007F4 (0x55550513) addi x10, x10, 0x555                     inst_99+20
x10 <- 0x0015555555555555

mem[X,0x00000000800007F8] -> 0x1513
mem[X,0x00000000800007FA] -> 0x00A5
[511] [M]: 0x00000000800007F8 (0x00A51513) slli x10, x10, 0xa                       inst_99+24
x10 <- 0x5555555555555400

clint mtime 0x0000000000000100 (mip.MTI <- 0b1, mip.STI <- 0b0)
mem[X,0x00000000800007FC] -> 0x0513
mem[X,0x00000000800007FE] -> 0x1555
[512] [M]: 0x00000000800007FC (0x15550513) addi x10, x10, 0x155                     inst_99+28
x10 <- 0x5555555555555555

mem[X,0x0000000080000800] -> 0x559B
mem[X,0x0000000080000802] -> 0x40F5
[513] [M]: 0x0000000080000800 (0x40F5559B) sraiw x11, x10, 0xf                      inst_99+32
x11 <- 0x000000000000AAAA

clint mtime 0x0000000000000101 (mip.MTI <- 0b1, mip.STI <- 0b0)
mem[X,0x0000000080000804] -> 0xB823
mem[X,0x0000000080000806] -> 0x24B0
[514] [M]: 0x0000000080000804 (0x24B0B823) sd x11, 0x250(x1)                        inst_99+36
mem[W,0x0000000080003430] <- 0x000000000000AAAA

mem[X,0x0000000080000808] -> 0xB537
mem[X,0x000000008000080A] -> 0xAAAA
[515] [M]: 0x0000000080000808 (0xAAAAB537) lui x10, -0x55555                        inst_100+0
x10 <- 0xFFFFFFFFAAAAB000

clint mtime 0x0000000000000102 (mip.MTI <- 0b1, mip.STI <- 0b0)
mem[X,0x000000008000080C] -> 0x0513
mem[X,0x000000008000080E] -> 0xAAA5
[516] [M]: 0x000000008000080C (0xAAA50513) addi x10, x10, -0x556                    inst_100+4
x10 <- 0xFFFFFFFFAAAAAAAA

mem[X,0x0000000080000810] -> 0x1513
mem[X,0x0000000080000812] -> 0x00B5
[517] [M]: 0x0000000080000810 (0x00B51513) slli x10, x10, 0xb                       inst_100+8
x10 <- 0xFFFFFD5555555000

clint mtime 0x0000000000000103 (mip.MTI <- 0b1, mip.STI <- 0b0)
mem[X,0x0000000080000814] -> 0x0513
mem[X,0x0000000080000816] -> 0x5555
[518] [M]: 0x0000000080000814 (0x55550513) addi x10, x10, 0x555                     inst_100+12
x10 <- 0xFFFFFD5555555555

mem[X,0x0000000080000818] -> 0x1513
mem[X,0x000000008000081A] -> 0x00B5
[519] [M]: 0x0000000080000818 (0x00B51513) slli x10, x10, 0xb                       inst_100+16
x10 <- 0xFFEAAAAAAAAAA800

clint mtime 0x0000000000000104 (mip.MTI <- 0b1, mip.STI <- 0b0)
mem[X,0x000000008000081C] -> 0x0513
mem[X,0x000000008000081E] -> 0x2AA5
[520] [M]: 0x000000008000081C (0x2AA50513) addi x10, x10, 0x2aa                     inst_100+20
x10 <- 0xFFEAAAAAAAAAAAAA

mem[X,0x0000000080000820] -> 0x1513
mem[X,0x0000000080000822] -> 0x00A5
[521] [M]: 0x0000000080000820 (0x00A51513) slli x10, x10, 0xa                       inst_100+24
x10 <- 0xAAAAAAAAAAAAA800

clint mtime 0x0000000000000105 (mip.MTI <- 0b1, mip.STI <- 0b0)
mem[X,0x0000000080000824] -> 0x0513
mem[X,0x0000000080000826] -> 0x2AA5
[522] [M]: 0x0000000080000824 (0x2AA50513) addi x10, x10, 0x2aa                     inst_100+28
x10 <- 0xAAAAAAAAAAAAAAAA

mem[X,0x0000000080000828] -> 0x559B
mem[X,0x000000008000082A] -> 0x4045
[523] [M]: 0x0000000080000828 (0x4045559B) sraiw x11, x10, 0x4                      inst_100+32
x11 <- 0xFFFFFFFFFAAAAAAA

clint mtime 0x0000000000000106 (mip.MTI <- 0b1, mip.STI <- 0b0)
mem[X,0x000000008000082C] -> 0xBC23
mem[X,0x000000008000082E] -> 0x24B0
[524] [M]: 0x000000008000082C (0x24B0BC23) sd x11, 0x258(x1)                        inst_100+36
mem[W,0x0000000080003438] <- 0xFFFFFFFFFAAAAAAA

mem[X,0x0000000080000830] -> 0x0513
mem[X,0x0000000080000832] -> 0x0050
[525] [M]: 0x0000000080000830 (0x00500513) addi x10, x0, 0x5                        inst_101+0
x10 <- 0x0000000000000005

clint mtime 0x0000000000000107 (mip.MTI <- 0b1, mip.STI <- 0b0)
mem[X,0x0000000080000834] -> 0x559B
mem[X,0x0000000080000836] -> 0x4125
[526] [M]: 0x0000000080000834 (0x4125559B) sraiw x11, x10, 0x12                     inst_101+4
x11 <- 0x0000000000000000

mem[X,0x0000000080000838] -> 0xB023
mem[X,0x000000008000083A] -> 0x26B0
[527] [M]: 0x0000000080000838 (0x26B0B023) sd x11, 0x260(x1)                        inst_101+8
mem[W,0x0000000080003440] <- 0x0000000000000000

clint mtime 0x0000000000000108 (mip.MTI <- 0b1, mip.STI <- 0b0)
mem[X,0x000000008000083C] -> 0x3537
mem[X,0x000000008000083E] -> 0x3333
[528] [M]: 0x000000008000083C (0x33333537) lui x10, 0x33333                         inst_102+0
x10 <- 0x0000000033333000

mem[X,0x0000000080000840] -> 0x0513
mem[X,0x0000000080000842] -> 0x3335
[529] [M]: 0x0000000080000840 (0x33350513) addi x10, x10, 0x333                     inst_102+4
x10 <- 0x0000000033333333

clint mtime 0x0000000000000109 (mip.MTI <- 0b1, mip.STI <- 0b0)
mem[X,0x0000000080000844] -> 0x1513
mem[X,0x0000000080000846] -> 0x00B5
[530] [M]: 0x0000000080000844 (0x00B51513) slli x10, x10, 0xb                       inst_102+8
x10 <- 0x0000019999999800

mem[X,0x0000000080000848] -> 0x0513
mem[X,0x000000008000084A] -> 0x1995
[531] [M]: 0x0000000080000848 (0x19950513) addi x10, x10, 0x199                     inst_102+12
x10 <- 0x0000019999999999

clint mtime 0x000000000000010A (mip.MTI <- 0b1, mip.STI <- 0b0)
mem[X,0x000000008000084C] -> 0x1513
mem[X,0x000000008000084E] -> 0x00B5
[532] [M]: 0x000000008000084C (0x00B51513) slli x10, x10, 0xb                       inst_102+16
x10 <- 0x000CCCCCCCCCC800

mem[X,0x0000000080000850] -> 0x0513
mem[X,0x0000000080000852] -> 0x4CC5
[533] [M]: 0x0000000080000850 (0x4CC50513) addi x10, x10, 0x4cc                     inst_102+20
x10 <- 0x000CCCCCCCCCCCCC

clint mtime 0x000000000000010B (mip.MTI <- 0b1, mip.STI <- 0b0)
mem[X,0x0000000080000854] -> 0x1513
mem[X,0x0000000080000856] -> 0x00A5
[534] [M]: 0x0000000080000854 (0x00A51513) slli x10, x10, 0xa                       inst_102+24
x10 <- 0x3333333333333000

mem[X,0x0000000080000858] -> 0x0513
mem[X,0x000000008000085A] -> 0x3335
[535] [M]: 0x0000000080000858 (0x33350513) addi x10, x10, 0x333                     inst_102+28
x10 <- 0x3333333333333333

clint mtime 0x000000000000010C (mip.MTI <- 0b1, mip.STI <- 0b0)
mem[X,0x000000008000085C] -> 0x559B
mem[X,0x000000008000085E] -> 0x4105
[536] [M]: 0x000000008000085C (0x4105559B) sraiw x11, x10, 0x10                     inst_102+32
x11 <- 0x0000000000003333

mem[X,0x0000000080000860] -> 0xB423
mem[X,0x0000000080000862] -> 0x26B0
[537] [M]: 0x0000000080000860 (0x26B0B423) sd x11, 0x268(x1)                        inst_102+36
mem[W,0x0000000080003448] <- 0x0000000000003333

clint mtime 0x000000000000010D (mip.MTI <- 0b1, mip.STI <- 0b0)
mem[X,0x0000000080000864] -> 0x6537
mem[X,0x0000000080000866] -> 0x6666
[538] [M]: 0x0000000080000864 (0x66666537) lui x10, 0x66666                         inst_103+0
x10 <- 0x0000000066666000

mem[X,0x0000000080000868] -> 0x0513
mem[X,0x000000008000086A] -> 0x6665
[539] [M]: 0x0000000080000868 (0x66650513) addi x10, x10, 0x666                     inst_103+4
x10 <- 0x0000000066666666

clint mtime 0x000000000000010E (mip.MTI <- 0b1, mip.STI <- 0b0)
mem[X,0x000000008000086C] -> 0x1513
mem[X,0x000000008000086E] -> 0x00B5
[540] [M]: 0x000000008000086C (0x00B51513) slli x10, x10, 0xb                       inst_103+8
x10 <- 0x0000033333333000

mem[X,0x0000000080000870] -> 0x0513
mem[X,0x0000000080000872] -> 0x3335
[541] [M]: 0x0000000080000870 (0x33350513) addi x10, x10, 0x333                     inst_103+12
x10 <- 0x0000033333333333

clint mtime 0x000000000000010F (mip.MTI <- 0b1, mip.STI <- 0b0)
mem[X,0x0000000080000874] -> 0x1513
mem[X,0x0000000080000876] -> 0x00B5
[542] [M]: 0x0000000080000874 (0x00B51513) slli x10, x10, 0xb                       inst_103+16
x10 <- 0x0019999999999800

mem[X,0x0000000080000878] -> 0x0513
mem[X,0x000000008000087A] -> 0x1995
[543] [M]: 0x0000000080000878 (0x19950513) addi x10, x10, 0x199                     inst_103+20
x10 <- 0x0019999999999999

clint mtime 0x0000000000000110 (mip.MTI <- 0b1, mip.STI <- 0b0)
mem[X,0x000000008000087C] -> 0x1513
mem[X,0x000000008000087E] -> 0x00A5
[544] [M]: 0x000000008000087C (0x00A51513) slli x10, x10, 0xa                       inst_103+24
x10 <- 0x6666666666666400

mem[X,0x0000000080000880] -> 0x0513
mem[X,0x0000000080000882] -> 0x2665
[545] [M]: 0x0000000080000880 (0x26650513) addi x10, x10, 0x266                     inst_103+28
x10 <- 0x6666666666666666

clint mtime 0x0000000000000111 (mip.MTI <- 0b1, mip.STI <- 0b0)
mem[X,0x0000000080000884] -> 0x559B
mem[X,0x0000000080000886] -> 0x4095
[546] [M]: 0x0000000080000884 (0x4095559B) sraiw x11, x10, 0x9                      inst_103+32
x11 <- 0x0000000000333333

mem[X,0x0000000080000888] -> 0xB823
mem[X,0x000000008000088A] -> 0x26B0
[547] [M]: 0x0000000080000888 (0x26B0B823) sd x11, 0x270(x1)                        inst_103+36
mem[W,0x0000000080003450] <- 0x0000000000333333

clint mtime 0x0000000000000112 (mip.MTI <- 0b1, mip.STI <- 0b0)
mem[X,0x000000008000088C] -> 0x0537
mem[X,0x000000008000088E] -> 0x0000
[548] [M]: 0x000000008000088C (0x00000537) lui x10, 0x0                             inst_104+0
x10 <- 0x0000000000000000

mem[X,0x0000000080000890] -> 0x0513
mem[X,0x0000000080000892] -> 0xFFF5
[549] [M]: 0x0000000080000890 (0xFFF50513) addi x10, x10, -0x1                      inst_104+4
x10 <- 0xFFFFFFFFFFFFFFFF

clint mtime 0x0000000000000113 (mip.MTI <- 0b1, mip.STI <- 0b0)
mem[X,0x0000000080000894] -> 0x1513
mem[X,0x0000000080000896] -> 0x00B5
[550] [M]: 0x0000000080000894 (0x00B51513) slli x10, x10, 0xb                       inst_104+8
x10 <- 0xFFFFFFFFFFFFF800

mem[X,0x0000000080000898] -> 0x0513
mem[X,0x000000008000089A] -> 0x2575
[551] [M]: 0x0000000080000898 (0x25750513) addi x10, x10, 0x257                     inst_104+12
x10 <- 0xFFFFFFFFFFFFFA57

clint mtime 0x0000000000000114 (mip.MTI <- 0b1, mip.STI <- 0b0)
mem[X,0x000000008000089C] -> 0x1513
mem[X,0x000000008000089E] -> 0x00B5
[552] [M]: 0x000000008000089C (0x00B51513) slli x10, x10, 0xb                       inst_104+16
x10 <- 0xFFFFFFFFFFD2B800

mem[X,0x00000000800008A0] -> 0x0513
mem[X,0x00000000800008A2] -> 0x6C35
[553] [M]: 0x00000000800008A0 (0x6C350513) addi x10, x10, 0x6c3                     inst_104+20
x10 <- 0xFFFFFFFFFFD2BEC3

clint mtime 0x0000000000000115 (mip.MTI <- 0b1, mip.STI <- 0b0)
mem[X,0x00000000800008A4] -> 0x1513
mem[X,0x00000000800008A6] -> 0x00A5
[554] [M]: 0x00000000800008A4 (0x00A51513) slli x10, x10, 0xa                       inst_104+24
x10 <- 0xFFFFFFFF4AFB0C00

mem[X,0x00000000800008A8] -> 0x0513
mem[X,0x00000000800008AA] -> 0x0CD5
[555] [M]: 0x00000000800008A8 (0x0CD50513) addi x10, x10, 0xcd                      inst_104+28
x10 <- 0xFFFFFFFF4AFB0CCD

clint mtime 0x0000000000000116 (mip.MTI <- 0b1, mip.STI <- 0b0)
mem[X,0x00000000800008AC] -> 0x559B
mem[X,0x00000000800008AE] -> 0x4105
[556] [M]: 0x00000000800008AC (0x4105559B) sraiw x11, x10, 0x10                     inst_104+32
x11 <- 0x0000000000004AFB

mem[X,0x00000000800008B0] -> 0xBC23
mem[X,0x00000000800008B2] -> 0x26B0
[557] [M]: 0x00000000800008B0 (0x26B0BC23) sd x11, 0x278(x1)                        inst_104+36
mem[W,0x0000000080003458] <- 0x0000000000004AFB

clint mtime 0x0000000000000117 (mip.MTI <- 0b1, mip.STI <- 0b0)
mem[X,0x00000000800008B4] -> 0x0537
mem[X,0x00000000800008B6] -> 0x0000
[558] [M]: 0x00000000800008B4 (0x00000537) lui x10, 0x0                             inst_105+0
x10 <- 0x0000000000000000

mem[X,0x00000000800008B8] -> 0x0513
mem[X,0x00000000800008BA] -> 0x0005
[559] [M]: 0x00000000800008B8 (0x00050513) addi x10, x10, 0x0                       inst_105+4
x10 <- 0x0000000000000000

clint mtime 0x0000000000000118 (mip.MTI <- 0b1, mip.STI <- 0b0)
mem[X,0x00000000800008BC] -> 0x1513
mem[X,0x00000000800008BE] -> 0x00B5
[560] [M]: 0x00000000800008BC (0x00B51513) slli x10, x10, 0xb                       inst_105+8
x10 <- 0x0000000000000000

mem[X,0x00000000800008C0] -> 0x0513
mem[X,0x00000000800008C2] -> 0x5A85
[561] [M]: 0x00000000800008C0 (0x5A850513) addi x10, x10, 0x5a8                     inst_105+12
x10 <- 0x00000000000005A8

clint mtime 0x0000000000000119 (mip.MTI <- 0b1, mip.STI <- 0b0)
mem[X,0x00000000800008C4] -> 0x1513
mem[X,0x00000000800008C6] -> 0x00B5
[562] [M]: 0x00000000800008C4 (0x00B51513) slli x10, x10, 0xb                       inst_105+16
x10 <- 0x00000000002D4000

mem[X,0x00000000800008C8] -> 0x0513
mem[X,0x00000000800008CA] -> 0x13C5
[563] [M]: 0x00000000800008C8 (0x13C50513) addi x10, x10, 0x13c                     inst_105+20
x10 <- 0x00000000002D413C

clint mtime 0x000000000000011A (mip.MTI <- 0b1, mip.STI <- 0b0)
mem[X,0x00000000800008CC] -> 0x1513
mem[X,0x00000000800008CE] -> 0x00A5
[564] [M]: 0x00000000800008CC (0x00A51513) slli x10, x10, 0xa                       inst_105+24
x10 <- 0x00000000B504F000

mem[X,0x00000000800008D0] -> 0x0513
mem[X,0x00000000800008D2] -> 0x3335
[565] [M]: 0x00000000800008D0 (0x33350513) addi x10, x10, 0x333                     inst_105+28
x10 <- 0x00000000B504F333

clint mtime 0x000000000000011B (mip.MTI <- 0b1, mip.STI <- 0b0)
mem[X,0x00000000800008D4] -> 0x559B
mem[X,0x00000000800008D6] -> 0x4075
[566] [M]: 0x00000000800008D4 (0x4075559B) sraiw x11, x10, 0x7                      inst_105+32
x11 <- 0xFFFFFFFFFF6A09E6

mem[X,0x00000000800008D8] -> 0xB023
mem[X,0x00000000800008DA] -> 0x28B0
[567] [M]: 0x00000000800008D8 (0x28B0B023) sd x11, 0x280(x1)                        inst_105+36
mem[W,0x0000000080003460] <- 0xFFFFFFFFFF6A09E6

clint mtime 0x000000000000011C (mip.MTI <- 0b1, mip.STI <- 0b0)
mem[X,0x00000000800008DC] -> 0x5537
mem[X,0x00000000800008DE] -> 0x5555
[568] [M]: 0x00000000800008DC (0x55555537) lui x10, 0x55555                         inst_106+0
x10 <- 0x0000000055555000

mem[X,0x00000000800008E0] -> 0x0513
mem[X,0x00000000800008E2] -> 0x5555
[569] [M]: 0x00000000800008E0 (0x55550513) addi x10, x10, 0x555                     inst_106+4
x10 <- 0x0000000055555555

clint mtime 0x000000000000011D (mip.MTI <- 0b1, mip.STI <- 0b0)
mem[X,0x00000000800008E4] -> 0x1513
mem[X,0x00000000800008E6] -> 0x00B5
[570] [M]: 0x00000000800008E4 (0x00B51513) slli x10, x10, 0xb                       inst_106+8
x10 <- 0x000002AAAAAAA800

mem[X,0x00000000800008E8] -> 0x0513
mem[X,0x00000000800008EA] -> 0x2AA5
[571] [M]: 0x00000000800008E8 (0x2AA50513) addi x10, x10, 0x2aa                     inst_106+12
x10 <- 0x000002AAAAAAAAAA

clint mtime 0x000000000000011E (mip.MTI <- 0b1, mip.STI <- 0b0)
mem[X,0x00000000800008EC] -> 0x1513
mem[X,0x00000000800008EE] -> 0x00B5
[572] [M]: 0x00000000800008EC (0x00B51513) slli x10, x10, 0xb                       inst_106+16
x10 <- 0x0015555555555000

mem[X,0x00000000800008F0] -> 0x0513
mem[X,0x00000000800008F2] -> 0x5555
[573] [M]: 0x00000000800008F0 (0x55550513) addi x10, x10, 0x555                     inst_106+20
x10 <- 0x0015555555555555

clint mtime 0x000000000000011F (mip.MTI <- 0b1, mip.STI <- 0b0)
mem[X,0x00000000800008F4] -> 0x1513
mem[X,0x00000000800008F6] -> 0x00A5
[574] [M]: 0x00000000800008F4 (0x00A51513) slli x10, x10, 0xa                       inst_106+24
x10 <- 0x5555555555555400

mem[X,0x00000000800008F8] -> 0x0513
mem[X,0x00000000800008FA] -> 0x1545
[575] [M]: 0x00000000800008F8 (0x15450513) addi x10, x10, 0x154                     inst_106+28
x10 <- 0x5555555555555554

clint mtime 0x0000000000000120 (mip.MTI <- 0b1, mip.STI <- 0b0)
mem[X,0x00000000800008FC] -> 0x559B
mem[X,0x00000000800008FE] -> 0x41D5
[576] [M]: 0x00000000800008FC (0x41D5559B) sraiw x11, x10, 0x1d                     inst_106+32
x11 <- 0x0000000000000002

mem[X,0x0000000080000900] -> 0xB423
mem[X,0x0000000080000902] -> 0x28B0
[577] [M]: 0x0000000080000900 (0x28B0B423) sd x11, 0x288(x1)                        inst_106+36
mem[W,0x0000000080003468] <- 0x0000000000000002

clint mtime 0x0000000000000121 (mip.MTI <- 0b1, mip.STI <- 0b0)
mem[X,0x0000000080000904] -> 0x3537
mem[X,0x0000000080000906] -> 0x3333
[578] [M]: 0x0000000080000904 (0x33333537) lui x10, 0x33333                         inst_107+0
x10 <- 0x0000000033333000

mem[X,0x0000000080000908] -> 0x0513
mem[X,0x000000008000090A] -> 0x3335
[579] [M]: 0x0000000080000908 (0x33350513) addi x10, x10, 0x333                     inst_107+4
x10 <- 0x0000000033333333

clint mtime 0x0000000000000122 (mip.MTI <- 0b1, mip.STI <- 0b0)
mem[X,0x000000008000090C] -> 0x1513
mem[X,0x000000008000090E] -> 0x00B5
[580] [M]: 0x000000008000090C (0x00B51513) slli x10, x10, 0xb                       inst_107+8
x10 <- 0x0000019999999800

mem[X,0x0000000080000910] -> 0x0513
mem[X,0x0000000080000912] -> 0x1995
[581] [M]: 0x0000000080000910 (0x19950513) addi x10, x10, 0x199                     inst_107+12
x10 <- 0x0000019999999999

clint mtime 0x0000000000000123 (mip.MTI <- 0b1, mip.STI <- 0b0)
mem[X,0x0000000080000914] -> 0x1513
mem[X,0x0000000080000916] -> 0x00B5
[582] [M]: 0x0000000080000914 (0x00B51513) slli x10, x10, 0xb                       inst_107+16
x10 <- 0x000CCCCCCCCCC800

mem[X,0x0000000080000918] -> 0x0513
mem[X,0x000000008000091A] -> 0x4CC5
[583] [M]: 0x0000000080000918 (0x4CC50513) addi x10, x10, 0x4cc                     inst_107+20
x10 <- 0x000CCCCCCCCCCCCC

clint mtime 0x0000000000000124 (mip.MTI <- 0b1, mip.STI <- 0b0)
mem[X,0x000000008000091C] -> 0x1513
mem[X,0x000000008000091E] -> 0x00A5
[584] [M]: 0x000000008000091C (0x00A51513) slli x10, x10, 0xa                       inst_107+24
x10 <- 0x3333333333333000

mem[X,0x0000000080000920] -> 0x0513
mem[X,0x0000000080000922] -> 0x3325
[585] [M]: 0x0000000080000920 (0x33250513) addi x10, x10, 0x332                     inst_107+28
x10 <- 0x3333333333333332

clint mtime 0x0000000000000125 (mip.MTI <- 0b1, mip.STI <- 0b0)
mem[X,0x0000000080000924] -> 0x559B
mem[X,0x0000000080000926] -> 0x40E5
[586] [M]: 0x0000000080000924 (0x40E5559B) sraiw x11, x10, 0xe                      inst_107+32
x11 <- 0x000000000000CCCC

mem[X,0x0000000080000928] -> 0xB823
mem[X,0x000000008000092A] -> 0x28B0
[587] [M]: 0x0000000080000928 (0x28B0B823) sd x11, 0x290(x1)                        inst_107+36
mem[W,0x0000000080003470] <- 0x000000000000CCCC

clint mtime 0x0000000000000126 (mip.MTI <- 0b1, mip.STI <- 0b0)
mem[X,0x000000008000092C] -> 0x6537
mem[X,0x000000008000092E] -> 0x6666
[588] [M]: 0x000000008000092C (0x66666537) lui x10, 0x66666                         inst_108+0
x10 <- 0x0000000066666000

mem[X,0x0000000080000930] -> 0x0513
mem[X,0x0000000080000932] -> 0x6665
[589] [M]: 0x0000000080000930 (0x66650513) addi x10, x10, 0x666                     inst_108+4
x10 <- 0x0000000066666666

clint mtime 0x0000000000000127 (mip.MTI <- 0b1, mip.STI <- 0b0)
mem[X,0x0000000080000934] -> 0x1513
mem[X,0x0000000080000936] -> 0x00B5
[590] [M]: 0x0000000080000934 (0x00B51513) slli x10, x10, 0xb                       inst_108+8
x10 <- 0x0000033333333000

mem[X,0x0000000080000938] -> 0x0513
mem[X,0x000000008000093A] -> 0x3335
[591] [M]: 0x0000000080000938 (0x33350513) addi x10, x10, 0x333                     inst_108+12
x10 <- 0x0000033333333333

clint mtime 0x0000000000000128 (mip.MTI <- 0b1, mip.STI <- 0b0)
mem[X,0x000000008000093C] -> 0x1513
mem[X,0x000000008000093E] -> 0x00B5
[592] [M]: 0x000000008000093C (0x00B51513) slli x10, x10, 0xb                       inst_108+16
x10 <- 0x0019999999999800

mem[X,0x0000000080000940] -> 0x0513
mem[X,0x0000000080000942] -> 0x1995
[593] [M]: 0x0000000080000940 (0x19950513) addi x10, x10, 0x199                     inst_108+20
x10 <- 0x0019999999999999

clint mtime 0x0000000000000129 (mip.MTI <- 0b1, mip.STI <- 0b0)
mem[X,0x0000000080000944] -> 0x1513
mem[X,0x0000000080000946] -> 0x00A5
[594] [M]: 0x0000000080000944 (0x00A51513) slli x10, x10, 0xa                       inst_108+24
x10 <- 0x6666666666666400

mem[X,0x0000000080000948] -> 0x0513
mem[X,0x000000008000094A] -> 0x2655
[595] [M]: 0x0000000080000948 (0x26550513) addi x10, x10, 0x265                     inst_108+28
x10 <- 0x6666666666666665

clint mtime 0x000000000000012A (mip.MTI <- 0b1, mip.STI <- 0b0)
mem[X,0x000000008000094C] -> 0x559B
mem[X,0x000000008000094E] -> 0x4085
[596] [M]: 0x000000008000094C (0x4085559B) sraiw x11, x10, 0x8                      inst_108+32
x11 <- 0x0000000000666666

mem[X,0x0000000080000950] -> 0xBC23
mem[X,0x0000000080000952] -> 0x28B0
[597] [M]: 0x0000000080000950 (0x28B0BC23) sd x11, 0x298(x1)                        inst_108+36
mem[W,0x0000000080003478] <- 0x0000000000666666

clint mtime 0x000000000000012B (mip.MTI <- 0b1, mip.STI <- 0b0)
mem[X,0x0000000080000954] -> 0x0537
mem[X,0x0000000080000956] -> 0x0000
[598] [M]: 0x0000000080000954 (0x00000537) lui x10, 0x0                             inst_109+0
x10 <- 0x0000000000000000

mem[X,0x0000000080000958] -> 0x0513
mem[X,0x000000008000095A] -> 0x0005
[599] [M]: 0x0000000080000958 (0x00050513) addi x10, x10, 0x0                       inst_109+4
x10 <- 0x0000000000000000

clint mtime 0x000000000000012C (mip.MTI <- 0b1, mip.STI <- 0b0)
mem[X,0x000000008000095C] -> 0x1513
mem[X,0x000000008000095E] -> 0x00B5
[600] [M]: 0x000000008000095C (0x00B51513) slli x10, x10, 0xb                       inst_109+8
x10 <- 0x0000000000000000

mem[X,0x0000000080000960] -> 0x0513
mem[X,0x0000000080000962] -> 0x5A85
[601] [M]: 0x0000000080000960 (0x5A850513) addi x10, x10, 0x5a8                     inst_109+12
x10 <- 0x00000000000005A8

clint mtime 0x000000000000012D (mip.MTI <- 0b1, mip.STI <- 0b0)
mem[X,0x0000000080000964] -> 0x1513
mem[X,0x0000000080000966] -> 0x00B5
[602] [M]: 0x0000000080000964 (0x00B51513) slli x10, x10, 0xb                       inst_109+16
x10 <- 0x00000000002D4000

mem[X,0x0000000080000968] -> 0x0513
mem[X,0x000000008000096A] -> 0x13C5
[603] [M]: 0x0000000080000968 (0x13C50513) addi x10, x10, 0x13c                     inst_109+20
x10 <- 0x00000000002D413C

clint mtime 0x000000000000012E (mip.MTI <- 0b1, mip.STI <- 0b0)
mem[X,0x000000008000096C] -> 0x1513
mem[X,0x000000008000096E] -> 0x00A5
[604] [M]: 0x000000008000096C (0x00A51513) slli x10, x10, 0xa                       inst_109+24
x10 <- 0x00000000B504F000

mem[X,0x0000000080000970] -> 0x0513
mem[X,0x0000000080000972] -> 0x3325
[605] [M]: 0x0000000080000970 (0x33250513) addi x10, x10, 0x332                     inst_109+28
x10 <- 0x00000000B504F332

clint mtime 0x000000000000012F (mip.MTI <- 0b1, mip.STI <- 0b0)
mem[X,0x0000000080000974] -> 0x559B
mem[X,0x0000000080000976] -> 0x40C5
[606] [M]: 0x0000000080000974 (0x40C5559B) sraiw x11, x10, 0xc                      inst_109+32
x11 <- 0xFFFFFFFFFFFB504F

mem[X,0x0000000080000978] -> 0xB023
mem[X,0x000000008000097A] -> 0x2AB0
[607] [M]: 0x0000000080000978 (0x2AB0B023) sd x11, 0x2a0(x1)                        inst_109+36
mem[W,0x0000000080003480] <- 0xFFFFFFFFFFFB504F

clint mtime 0x0000000000000130 (mip.MTI <- 0b1, mip.STI <- 0b0)
mem[X,0x000000008000097C] -> 0x5537
mem[X,0x000000008000097E] -> 0x5555
[608] [M]: 0x000000008000097C (0x55555537) lui x10, 0x55555                         inst_110+0
x10 <- 0x0000000055555000

mem[X,0x0000000080000980] -> 0x0513
mem[X,0x0000000080000982] -> 0x5555
[609] [M]: 0x0000000080000980 (0x55550513) addi x10, x10, 0x555                     inst_110+4
x10 <- 0x0000000055555555

clint mtime 0x0000000000000131 (mip.MTI <- 0b1, mip.STI <- 0b0)
mem[X,0x0000000080000984] -> 0x1513
mem[X,0x0000000080000986] -> 0x00B5
[610] [M]: 0x0000000080000984 (0x00B51513) slli x10, x10, 0xb                       inst_110+8
x10 <- 0x000002AAAAAAA800

mem[X,0x0000000080000988] -> 0x0513
mem[X,0x000000008000098A] -> 0x2AA5
[611] [M]: 0x0000000080000988 (0x2AA50513) addi x10, x10, 0x2aa                     inst_110+12
x10 <- 0x000002AAAAAAAAAA

clint mtime 0x0000000000000132 (mip.MTI <- 0b1, mip.STI <- 0b0)
mem[X,0x000000008000098C] -> 0x1513
mem[X,0x000000008000098E] -> 0x00B5
[612] [M]: 0x000000008000098C (0x00B51513) slli x10, x10, 0xb                       inst_110+16
x10 <- 0x0015555555555000

mem[X,0x0000000080000990] -> 0x0513
mem[X,0x0000000080000992] -> 0x5555
[613] [M]: 0x0000000080000990 (0x55550513) addi x10, x10, 0x555                     inst_110+20
x10 <- 0x0015555555555555

clint mtime 0x0000000000000133 (mip.MTI <- 0b1, mip.STI <- 0b0)
mem[X,0x0000000080000994] -> 0x1513
mem[X,0x0000000080000996] -> 0x00A5
[614] [M]: 0x0000000080000994 (0x00A51513) slli x10, x10, 0xa                       inst_110+24
x10 <- 0x5555555555555400

mem[X,0x0000000080000998] -> 0x0513
mem[X,0x000000008000099A] -> 0x1565
[615] [M]: 0x0000000080000998 (0x15650513) addi x10, x10, 0x156                     inst_110+28
x10 <- 0x5555555555555556

clint mtime 0x0000000000000134 (mip.MTI <- 0b1, mip.STI <- 0b0)
mem[X,0x000000008000099C] -> 0x559B
mem[X,0x000000008000099E] -> 0x4065
[616] [M]: 0x000000008000099C (0x4065559B) sraiw x11, x10, 0x6                      inst_110+32
x11 <- 0x0000000001555555

mem[X,0x00000000800009A0] -> 0xB423
mem[X,0x00000000800009A2] -> 0x2AB0
[617] [M]: 0x00000000800009A0 (0x2AB0B423) sd x11, 0x2a8(x1)                        inst_110+36
mem[W,0x0000000080003488] <- 0x0000000001555555

clint mtime 0x0000000000000135 (mip.MTI <- 0b1, mip.STI <- 0b0)
mem[X,0x00000000800009A4] -> 0xB537
mem[X,0x00000000800009A6] -> 0xAAAA
[618] [M]: 0x00000000800009A4 (0xAAAAB537) lui x10, -0x55555                        inst_111+0
x10 <- 0xFFFFFFFFAAAAB000

mem[X,0x00000000800009A8] -> 0x0513
mem[X,0x00000000800009AA] -> 0xAAA5
[619] [M]: 0x00000000800009A8 (0xAAA50513) addi x10, x10, -0x556                    inst_111+4
x10 <- 0xFFFFFFFFAAAAAAAA

clint mtime 0x0000000000000136 (mip.MTI <- 0b1, mip.STI <- 0b0)
mem[X,0x00000000800009AC] -> 0x1513
mem[X,0x00000000800009AE] -> 0x00B5
[620] [M]: 0x00000000800009AC (0x00B51513) slli x10, x10, 0xb                       inst_111+8
x10 <- 0xFFFFFD5555555000

mem[X,0x00000000800009B0] -> 0x0513
mem[X,0x00000000800009B2] -> 0x5555
[621] [M]: 0x00000000800009B0 (0x55550513) addi x10, x10, 0x555                     inst_111+12
x10 <- 0xFFFFFD5555555555

clint mtime 0x0000000000000137 (mip.MTI <- 0b1, mip.STI <- 0b0)
mem[X,0x00000000800009B4] -> 0x1513
mem[X,0x00000000800009B6] -> 0x00B5
[622] [M]: 0x00000000800009B4 (0x00B51513) slli x10, x10, 0xb                       inst_111+16
x10 <- 0xFFEAAAAAAAAAA800

mem[X,0x00000000800009B8] -> 0x0513
mem[X,0x00000000800009BA] -> 0x2AA5
[623] [M]: 0x00000000800009B8 (0x2AA50513) addi x10, x10, 0x2aa                     inst_111+20
x10 <- 0xFFEAAAAAAAAAAAAA

clint mtime 0x0000000000000138 (mip.MTI <- 0b1, mip.STI <- 0b0)
mem[X,0x00000000800009BC] -> 0x1513
mem[X,0x00000000800009BE] -> 0x00A5
[624] [M]: 0x00000000800009BC (0x00A51513) slli x10, x10, 0xa                       inst_111+24
x10 <- 0xAAAAAAAAAAAAA800

mem[X,0x00000000800009C0] -> 0x0513
mem[X,0x00000000800009C2] -> 0x2AB5
[625] [M]: 0x00000000800009C0 (0x2AB50513) addi x10, x10, 0x2ab                     inst_111+28
x10 <- 0xAAAAAAAAAAAAAAAB

clint mtime 0x0000000000000139 (mip.MTI <- 0b1, mip.STI <- 0b0)
mem[X,0x00000000800009C4] -> 0x559B
mem[X,0x00000000800009C6] -> 0x41B5
[626] [M]: 0x00000000800009C4 (0x41B5559B) sraiw x11, x10, 0x1b                     inst_111+32
x11 <- 0xFFFFFFFFFFFFFFF5

mem[X,0x00000000800009C8] -> 0xB823
mem[X,0x00000000800009CA] -> 0x2AB0
[627] [M]: 0x00000000800009C8 (0x2AB0B823) sd x11, 0x2b0(x1)                        inst_111+36
mem[W,0x0000000080003490] <- 0xFFFFFFFFFFFFFFF5

clint mtime 0x000000000000013A (mip.MTI <- 0b1, mip.STI <- 0b0)
mem[X,0x00000000800009CC] -> 0x0513
mem[X,0x00000000800009CE] -> 0x0060
[628] [M]: 0x00000000800009CC (0x00600513) addi x10, x0, 0x6                        inst_112+0
x10 <- 0x0000000000000006

mem[X,0x00000000800009D0] -> 0x559B
mem[X,0x00000000800009D2] -> 0x40B5
[629] [M]: 0x00000000800009D0 (0x40B5559B) sraiw x11, x10, 0xb                      inst_112+4
x11 <- 0x0000000000000000

clint mtime 0x000000000000013B (mip.MTI <- 0b1, mip.STI <- 0b0)
mem[X,0x00000000800009D4] -> 0xBC23
mem[X,0x00000000800009D6] -> 0x2AB0
[630] [M]: 0x00000000800009D4 (0x2AB0BC23) sd x11, 0x2b8(x1)                        inst_112+8
mem[W,0x0000000080003498] <- 0x0000000000000000

mem[X,0x00000000800009D8] -> 0x3537
mem[X,0x00000000800009DA] -> 0x3333
[631] [M]: 0x00000000800009D8 (0x33333537) lui x10, 0x33333                         inst_113+0
x10 <- 0x0000000033333000

clint mtime 0x000000000000013C (mip.MTI <- 0b1, mip.STI <- 0b0)
mem[X,0x00000000800009DC] -> 0x0513
mem[X,0x00000000800009DE] -> 0x3335
[632] [M]: 0x00000000800009DC (0x33350513) addi x10, x10, 0x333                     inst_113+4
x10 <- 0x0000000033333333

mem[X,0x00000000800009E0] -> 0x1513
mem[X,0x00000000800009E2] -> 0x00B5
[633] [M]: 0x00000000800009E0 (0x00B51513) slli x10, x10, 0xb                       inst_113+8
x10 <- 0x0000019999999800

clint mtime 0x000000000000013D (mip.MTI <- 0b1, mip.STI <- 0b0)
mem[X,0x00000000800009E4] -> 0x0513
mem[X,0x00000000800009E6] -> 0x1995
[634] [M]: 0x00000000800009E4 (0x19950513) addi x10, x10, 0x199                     inst_113+12
x10 <- 0x0000019999999999

mem[X,0x00000000800009E8] -> 0x1513
mem[X,0x00000000800009EA] -> 0x00B5
[635] [M]: 0x00000000800009E8 (0x00B51513) slli x10, x10, 0xb                       inst_113+16
x10 <- 0x000CCCCCCCCCC800

clint mtime 0x000000000000013E (mip.MTI <- 0b1, mip.STI <- 0b0)
mem[X,0x00000000800009EC] -> 0x0513
mem[X,0x00000000800009EE] -> 0x4CC5
[636] [M]: 0x00000000800009EC (0x4CC50513) addi x10, x10, 0x4cc                     inst_113+20
x10 <- 0x000CCCCCCCCCCCCC

mem[X,0x00000000800009F0] -> 0x1513
mem[X,0x00000000800009F2] -> 0x00A5
[637] [M]: 0x00000000800009F0 (0x00A51513) slli x10, x10, 0xa                       inst_113+24
x10 <- 0x3333333333333000

clint mtime 0x000000000000013F (mip.MTI <- 0b1, mip.STI <- 0b0)
mem[X,0x00000000800009F4] -> 0x0513
mem[X,0x00000000800009F6] -> 0x3345
[638] [M]: 0x00000000800009F4 (0x33450513) addi x10, x10, 0x334                     inst_113+28
x10 <- 0x3333333333333334

mem[X,0x00000000800009F8] -> 0x559B
mem[X,0x00000000800009FA] -> 0x41D5
[639] [M]: 0x00000000800009F8 (0x41D5559B) sraiw x11, x10, 0x1d                     inst_113+32
x11 <- 0x0000000000000001

clint mtime 0x0000000000000140 (mip.MTI <- 0b1, mip.STI <- 0b0)
mem[X,0x00000000800009FC] -> 0xB023
mem[X,0x00000000800009FE] -> 0x2CB0
[640] [M]: 0x00000000800009FC (0x2CB0B023) sd x11, 0x2c0(x1)                        inst_113+36
mem[W,0x00000000800034A0] <- 0x0000000000000001

mem[X,0x0000000080000A00] -> 0x6537
mem[X,0x0000000080000A02] -> 0x6666
[641] [M]: 0x0000000080000A00 (0x66666537) lui x10, 0x66666                         inst_114+0
x10 <- 0x0000000066666000

clint mtime 0x0000000000000141 (mip.MTI <- 0b1, mip.STI <- 0b0)
mem[X,0x0000000080000A04] -> 0x0513
mem[X,0x0000000080000A06] -> 0x6665
[642] [M]: 0x0000000080000A04 (0x66650513) addi x10, x10, 0x666                     inst_114+4
x10 <- 0x0000000066666666

mem[X,0x0000000080000A08] -> 0x1513
mem[X,0x0000000080000A0A] -> 0x00B5
[643] [M]: 0x0000000080000A08 (0x00B51513) slli x10, x10, 0xb                       inst_114+8
x10 <- 0x0000033333333000

clint mtime 0x0000000000000142 (mip.MTI <- 0b1, mip.STI <- 0b0)
mem[X,0x0000000080000A0C] -> 0x0513
mem[X,0x0000000080000A0E] -> 0x3335
[644] [M]: 0x0000000080000A0C (0x33350513) addi x10, x10, 0x333                     inst_114+12
x10 <- 0x0000033333333333

mem[X,0x0000000080000A10] -> 0x1513
mem[X,0x0000000080000A12] -> 0x00B5
[645] [M]: 0x0000000080000A10 (0x00B51513) slli x10, x10, 0xb                       inst_114+16
x10 <- 0x0019999999999800

clint mtime 0x0000000000000143 (mip.MTI <- 0b1, mip.STI <- 0b0)
mem[X,0x0000000080000A14] -> 0x0513
mem[X,0x0000000080000A16] -> 0x1995
[646] [M]: 0x0000000080000A14 (0x19950513) addi x10, x10, 0x199                     inst_114+20
x10 <- 0x0019999999999999

mem[X,0x0000000080000A18] -> 0x1513
mem[X,0x0000000080000A1A] -> 0x00A5
[647] [M]: 0x0000000080000A18 (0x00A51513) slli x10, x10, 0xa                       inst_114+24
x10 <- 0x6666666666666400

clint mtime 0x0000000000000144 (mip.MTI <- 0b1, mip.STI <- 0b0)
mem[X,0x0000000080000A1C] -> 0x0513
mem[X,0x0000000080000A1E] -> 0x2675
[648] [M]: 0x0000000080000A1C (0x26750513) addi x10, x10, 0x267                     inst_114+28
x10 <- 0x6666666666666667

mem[X,0x0000000080000A20] -> 0x559B
mem[X,0x0000000080000A22] -> 0x4065
[649] [M]: 0x0000000080000A20 (0x4065559B) sraiw x11, x10, 0x6                      inst_114+32
x11 <- 0x0000000001999999

clint mtime 0x0000000000000145 (mip.MTI <- 0b1, mip.STI <- 0b0)
mem[X,0x0000000080000A24] -> 0xB423
mem[X,0x0000000080000A26] -> 0x2CB0
[650] [M]: 0x0000000080000A24 (0x2CB0B423) sd x11, 0x2c8(x1)                        inst_114+36
mem[W,0x00000000800034A8] <- 0x0000000001999999

mem[X,0x0000000080000A28] -> 0x0537
mem[X,0x0000000080000A2A] -> 0x0000
[651] [M]: 0x0000000080000A28 (0x00000537) lui x10, 0x0                             inst_115+0
x10 <- 0x0000000000000000

clint mtime 0x0000000000000146 (mip.MTI <- 0b1, mip.STI <- 0b0)
mem[X,0x0000000080000A2C] -> 0x0513
mem[X,0x0000000080000A2E] -> 0xFFF5
[652] [M]: 0x0000000080000A2C (0xFFF50513) addi x10, x10, -0x1                      inst_115+4
x10 <- 0xFFFFFFFFFFFFFFFF

mem[X,0x0000000080000A30] -> 0x1513
mem[X,0x0000000080000A32] -> 0x00B5
[653] [M]: 0x0000000080000A30 (0x00B51513) slli x10, x10, 0xb                       inst_115+8
x10 <- 0xFFFFFFFFFFFFF800

clint mtime 0x0000000000000147 (mip.MTI <- 0b1, mip.STI <- 0b0)
mem[X,0x0000000080000A34] -> 0x0513
mem[X,0x0000000080000A36] -> 0x2575
[654] [M]: 0x0000000080000A34 (0x25750513) addi x10, x10, 0x257                     inst_115+12
x10 <- 0xFFFFFFFFFFFFFA57

mem[X,0x0000000080000A38] -> 0x1513
mem[X,0x0000000080000A3A] -> 0x00B5
[655] [M]: 0x0000000080000A38 (0x00B51513) slli x10, x10, 0xb                       inst_115+16
x10 <- 0xFFFFFFFFFFD2B800

clint mtime 0x0000000000000148 (mip.MTI <- 0b1, mip.STI <- 0b0)
mem[X,0x0000000080000A3C] -> 0x0513
mem[X,0x0000000080000A3E] -> 0x6C35
[656] [M]: 0x0000000080000A3C (0x6C350513) addi x10, x10, 0x6c3                     inst_115+20
x10 <- 0xFFFFFFFFFFD2BEC3

mem[X,0x0000000080000A40] -> 0x1513
mem[X,0x0000000080000A42] -> 0x00A5
[657] [M]: 0x0000000080000A40 (0x00A51513) slli x10, x10, 0xa                       inst_115+24
x10 <- 0xFFFFFFFF4AFB0C00

clint mtime 0x0000000000000149 (mip.MTI <- 0b1, mip.STI <- 0b0)
mem[X,0x0000000080000A44] -> 0x0513
mem[X,0x0000000080000A46] -> 0x0CE5
[658] [M]: 0x0000000080000A44 (0x0CE50513) addi x10, x10, 0xce                      inst_115+28
x10 <- 0xFFFFFFFF4AFB0CCE

mem[X,0x0000000080000A48] -> 0x559B
mem[X,0x0000000080000A4A] -> 0x4095
[659] [M]: 0x0000000080000A48 (0x4095559B) sraiw x11, x10, 0x9                      inst_115+32
x11 <- 0x0000000000257D86

clint mtime 0x000000000000014A (mip.MTI <- 0b1, mip.STI <- 0b0)
mem[X,0x0000000080000A4C] -> 0xB823
mem[X,0x0000000080000A4E] -> 0x2CB0
[660] [M]: 0x0000000080000A4C (0x2CB0B823) sd x11, 0x2d0(x1)                        inst_115+36
mem[W,0x00000000800034B0] <- 0x0000000000257D86

mem[X,0x0000000080000A50] -> 0x0537
mem[X,0x0000000080000A52] -> 0x0000
[661] [M]: 0x0000000080000A50 (0x00000537) lui x10, 0x0                             inst_116+0
x10 <- 0x0000000000000000

clint mtime 0x000000000000014B (mip.MTI <- 0b1, mip.STI <- 0b0)
mem[X,0x0000000080000A54] -> 0x0513
mem[X,0x0000000080000A56] -> 0x0005
[662] [M]: 0x0000000080000A54 (0x00050513) addi x10, x10, 0x0                       inst_116+4
x10 <- 0x0000000000000000

mem[X,0x0000000080000A58] -> 0x1513
mem[X,0x0000000080000A5A] -> 0x00B5
[663] [M]: 0x0000000080000A58 (0x00B51513) slli x10, x10, 0xb                       inst_116+8
x10 <- 0x0000000000000000

clint mtime 0x000000000000014C (mip.MTI <- 0b1, mip.STI <- 0b0)
mem[X,0x0000000080000A5C] -> 0x0513
mem[X,0x0000000080000A5E] -> 0x5A85
[664] [M]: 0x0000000080000A5C (0x5A850513) addi x10, x10, 0x5a8                     inst_116+12
x10 <- 0x00000000000005A8

mem[X,0x0000000080000A60] -> 0x1513
mem[X,0x0000000080000A62] -> 0x00B5
[665] [M]: 0x0000000080000A60 (0x00B51513) slli x10, x10, 0xb                       inst_116+16
x10 <- 0x00000000002D4000

clint mtime 0x000000000000014D (mip.MTI <- 0b1, mip.STI <- 0b0)
mem[X,0x0000000080000A64] -> 0x0513
mem[X,0x0000000080000A66] -> 0x13C5
[666] [M]: 0x0000000080000A64 (0x13C50513) addi x10, x10, 0x13c                     inst_116+20
x10 <- 0x00000000002D413C

mem[X,0x0000000080000A68] -> 0x1513
mem[X,0x0000000080000A6A] -> 0x00A5
[667] [M]: 0x0000000080000A68 (0x00A51513) slli x10, x10, 0xa                       inst_116+24
x10 <- 0x00000000B504F000

clint mtime 0x000000000000014E (mip.MTI <- 0b1, mip.STI <- 0b0)
mem[X,0x0000000080000A6C] -> 0x0513
mem[X,0x0000000080000A6E] -> 0x3345
[668] [M]: 0x0000000080000A6C (0x33450513) addi x10, x10, 0x334                     inst_116+28
x10 <- 0x00000000B504F334

mem[X,0x0000000080000A70] -> 0x559B
mem[X,0x0000000080000A72] -> 0x41D5
[669] [M]: 0x0000000080000A70 (0x41D5559B) sraiw x11, x10, 0x1d                     inst_116+32
x11 <- 0xFFFFFFFFFFFFFFFD

clint mtime 0x000000000000014F (mip.MTI <- 0b1, mip.STI <- 0b0)
mem[X,0x0000000080000A74] -> 0xBC23
mem[X,0x0000000080000A76] -> 0x2CB0
[670] [M]: 0x0000000080000A74 (0x2CB0BC23) sd x11, 0x2d8(x1)                        inst_116+36
mem[W,0x00000000800034B8] <- 0xFFFFFFFFFFFFFFFD

mem[X,0x0000000080000A78] -> 0x0513
mem[X,0x0000000080000A7A] -> 0x0010
[671] [M]: 0x0000000080000A78 (0x00100513) addi x10, x0, 0x1                        inst_117+0
x10 <- 0x0000000000000001

clint mtime 0x0000000000000150 (mip.MTI <- 0b1, mip.STI <- 0b0)
mem[X,0x0000000080000A7C] -> 0x1513
mem[X,0x0000000080000A7E] -> 0x0135
[672] [M]: 0x0000000080000A7C (0x01351513) slli x10, x10, 0x13                      inst_117+4
x10 <- 0x0000000000080000

mem[X,0x0000000080000A80] -> 0x4513
mem[X,0x0000000080000A82] -> 0xFFF5
[673] [M]: 0x0000000080000A80 (0xFFF54513) xori x10, x10, -0x1                      inst_117+8
x10 <- 0xFFFFFFFFFFF7FFFF

clint mtime 0x0000000000000151 (mip.MTI <- 0b1, mip.STI <- 0b0)
mem[X,0x0000000080000A84] -> 0x559B
mem[X,0x0000000080000A86] -> 0x41F5
[674] [M]: 0x0000000080000A84 (0x41F5559B) sraiw x11, x10, 0x1f                     inst_117+12
x11 <- 0xFFFFFFFFFFFFFFFF

mem[X,0x0000000080000A88] -> 0xB023
mem[X,0x0000000080000A8A] -> 0x2EB0
[675] [M]: 0x0000000080000A88 (0x2EB0B023) sd x11, 0x2e0(x1)                        inst_117+16
mem[W,0x00000000800034C0] <- 0xFFFFFFFFFFFFFFFF

clint mtime 0x0000000000000152 (mip.MTI <- 0b1, mip.STI <- 0b0)
mem[X,0x0000000080000A8C] -> 0x0513
mem[X,0x0000000080000A8E] -> 0x0010
[676] [M]: 0x0000000080000A8C (0x00100513) addi x10, x0, 0x1                        inst_118+0
x10 <- 0x0000000000000001

mem[X,0x0000000080000A90] -> 0x1513
mem[X,0x0000000080000A92] -> 0x0145
[677] [M]: 0x0000000080000A90 (0x01451513) slli x10, x10, 0x14                      inst_118+4
x10 <- 0x0000000000100000

clint mtime 0x0000000000000153 (mip.MTI <- 0b1, mip.STI <- 0b0)
mem[X,0x0000000080000A94] -> 0x4513
mem[X,0x0000000080000A96] -> 0xFFF5
[678] [M]: 0x0000000080000A94 (0xFFF54513) xori x10, x10, -0x1                      inst_118+8
x10 <- 0xFFFFFFFFFFEFFFFF

mem[X,0x0000000080000A98] -> 0x559B
mem[X,0x0000000080000A9A] -> 0x4065
[679] [M]: 0x0000000080000A98 (0x4065559B) sraiw x11, x10, 0x6                      inst_118+12
x11 <- 0xFFFFFFFFFFFFBFFF

clint mtime 0x0000000000000154 (mip.MTI <- 0b1, mip.STI <- 0b0)
mem[X,0x0000000080000A9C] -> 0xB423
mem[X,0x0000000080000A9E] -> 0x2EB0
[680] [M]: 0x0000000080000A9C (0x2EB0B423) sd x11, 0x2e8(x1)                        inst_118+16
mem[W,0x00000000800034C8] <- 0xFFFFFFFFFFFFBFFF

mem[X,0x0000000080000AA0] -> 0x0513
mem[X,0x0000000080000AA2] -> 0x0010
[681] [M]: 0x0000000080000AA0 (0x00100513) addi x10, x0, 0x1                        inst_119+0
x10 <- 0x0000000000000001

clint mtime 0x0000000000000155 (mip.MTI <- 0b1, mip.STI <- 0b0)
mem[X,0x0000000080000AA4] -> 0x1513
mem[X,0x0000000080000AA6] -> 0x0155
[682] [M]: 0x0000000080000AA4 (0x01551513) slli x10, x10, 0x15                      inst_119+4
x10 <- 0x0000000000200000

mem[X,0x0000000080000AA8] -> 0x4513
mem[X,0x0000000080000AAA] -> 0xFFF5
[683] [M]: 0x0000000080000AA8 (0xFFF54513) xori x10, x10, -0x1                      inst_119+8
x10 <- 0xFFFFFFFFFFDFFFFF

clint mtime 0x0000000000000156 (mip.MTI <- 0b1, mip.STI <- 0b0)
mem[X,0x0000000080000AAC] -> 0x559B
mem[X,0x0000000080000AAE] -> 0x4025
[684] [M]: 0x0000000080000AAC (0x4025559B) sraiw x11, x10, 0x2                      inst_119+12
x11 <- 0xFFFFFFFFFFF7FFFF

mem[X,0x0000000080000AB0] -> 0xB823
mem[X,0x0000000080000AB2] -> 0x2EB0
[685] [M]: 0x0000000080000AB0 (0x2EB0B823) sd x11, 0x2f0(x1)                        inst_119+16
mem[W,0x00000000800034D0] <- 0xFFFFFFFFFFF7FFFF

clint mtime 0x0000000000000157 (mip.MTI <- 0b1, mip.STI <- 0b0)
mem[X,0x0000000080000AB4] -> 0x0513
mem[X,0x0000000080000AB6] -> 0x0010
[686] [M]: 0x0000000080000AB4 (0x00100513) addi x10, x0, 0x1                        inst_120+0
x10 <- 0x0000000000000001

mem[X,0x0000000080000AB8] -> 0x1513
mem[X,0x0000000080000ABA] -> 0x0165
[687] [M]: 0x0000000080000AB8 (0x01651513) slli x10, x10, 0x16                      inst_120+4
x10 <- 0x0000000000400000

clint mtime 0x0000000000000158 (mip.MTI <- 0b1, mip.STI <- 0b0)
mem[X,0x0000000080000ABC] -> 0x4513
mem[X,0x0000000080000ABE] -> 0xFFF5
[688] [M]: 0x0000000080000ABC (0xFFF54513) xori x10, x10, -0x1                      inst_120+8
x10 <- 0xFFFFFFFFFFBFFFFF

mem[X,0x0000000080000AC0] -> 0x559B
mem[X,0x0000000080000AC2] -> 0x41F5
[689] [M]: 0x0000000080000AC0 (0x41F5559B) sraiw x11, x10, 0x1f                     inst_120+12
x11 <- 0xFFFFFFFFFFFFFFFF

clint mtime 0x0000000000000159 (mip.MTI <- 0b1, mip.STI <- 0b0)
mem[X,0x0000000080000AC4] -> 0xBC23
mem[X,0x0000000080000AC6] -> 0x2EB0
[690] [M]: 0x0000000080000AC4 (0x2EB0BC23) sd x11, 0x2f8(x1)                        inst_120+16
mem[W,0x00000000800034D8] <- 0xFFFFFFFFFFFFFFFF

mem[X,0x0000000080000AC8] -> 0x0513
mem[X,0x0000000080000ACA] -> 0x0010
[691] [M]: 0x0000000080000AC8 (0x00100513) addi x10, x0, 0x1                        inst_121+0
x10 <- 0x0000000000000001

clint mtime 0x000000000000015A (mip.MTI <- 0b1, mip.STI <- 0b0)
mem[X,0x0000000080000ACC] -> 0x1513
mem[X,0x0000000080000ACE] -> 0x0175
[692] [M]: 0x0000000080000ACC (0x01751513) slli x10, x10, 0x17                      inst_121+4
x10 <- 0x0000000000800000

mem[X,0x0000000080000AD0] -> 0x4513
mem[X,0x0000000080000AD2] -> 0xFFF5
[693] [M]: 0x0000000080000AD0 (0xFFF54513) xori x10, x10, -0x1                      inst_121+8
x10 <- 0xFFFFFFFFFF7FFFFF

clint mtime 0x000000000000015B (mip.MTI <- 0b1, mip.STI <- 0b0)
mem[X,0x0000000080000AD4] -> 0x559B
mem[X,0x0000000080000AD6] -> 0x4045
[694] [M]: 0x0000000080000AD4 (0x4045559B) sraiw x11, x10, 0x4                      inst_121+12
x11 <- 0xFFFFFFFFFFF7FFFF

mem[X,0x0000000080000AD8] -> 0xB023
mem[X,0x0000000080000ADA] -> 0x30B0
[695] [M]: 0x0000000080000AD8 (0x30B0B023) sd x11, 0x300(x1)                        inst_121+16
mem[W,0x00000000800034E0] <- 0xFFFFFFFFFFF7FFFF

clint mtime 0x000000000000015C (mip.MTI <- 0b1, mip.STI <- 0b0)
mem[X,0x0000000080000ADC] -> 0x0513
mem[X,0x0000000080000ADE] -> 0x0010
[696] [M]: 0x0000000080000ADC (0x00100513) addi x10, x0, 0x1                        inst_122+0
x10 <- 0x0000000000000001

mem[X,0x0000000080000AE0] -> 0x1513
mem[X,0x0000000080000AE2] -> 0x0185
[697] [M]: 0x0000000080000AE0 (0x01851513) slli x10, x10, 0x18                      inst_122+4
x10 <- 0x0000000001000000

clint mtime 0x000000000000015D (mip.MTI <- 0b1, mip.STI <- 0b0)
mem[X,0x0000000080000AE4] -> 0x4513
mem[X,0x0000000080000AE6] -> 0xFFF5
[698] [M]: 0x0000000080000AE4 (0xFFF54513) xori x10, x10, -0x1                      inst_122+8
x10 <- 0xFFFFFFFFFEFFFFFF

mem[X,0x0000000080000AE8] -> 0x559B
mem[X,0x0000000080000AEA] -> 0x41D5
[699] [M]: 0x0000000080000AE8 (0x41D5559B) sraiw x11, x10, 0x1d                     inst_122+12
x11 <- 0xFFFFFFFFFFFFFFFF

clint mtime 0x000000000000015E (mip.MTI <- 0b1, mip.STI <- 0b0)
mem[X,0x0000000080000AEC] -> 0xB423
mem[X,0x0000000080000AEE] -> 0x30B0
[700] [M]: 0x0000000080000AEC (0x30B0B423) sd x11, 0x308(x1)                        inst_122+16
mem[W,0x00000000800034E8] <- 0xFFFFFFFFFFFFFFFF

mem[X,0x0000000080000AF0] -> 0x0513
mem[X,0x0000000080000AF2] -> 0x0010
[701] [M]: 0x0000000080000AF0 (0x00100513) addi x10, x0, 0x1                        inst_123+0
x10 <- 0x0000000000000001

clint mtime 0x000000000000015F (mip.MTI <- 0b1, mip.STI <- 0b0)
mem[X,0x0000000080000AF4] -> 0x1513
mem[X,0x0000000080000AF6] -> 0x0195
[702] [M]: 0x0000000080000AF4 (0x01951513) slli x10, x10, 0x19                      inst_123+4
x10 <- 0x0000000002000000

mem[X,0x0000000080000AF8] -> 0x4513
mem[X,0x0000000080000AFA] -> 0xFFF5
[703] [M]: 0x0000000080000AF8 (0xFFF54513) xori x10, x10, -0x1                      inst_123+8
x10 <- 0xFFFFFFFFFDFFFFFF

clint mtime 0x0000000000000160 (mip.MTI <- 0b1, mip.STI <- 0b0)
mem[X,0x0000000080000AFC] -> 0x559B
mem[X,0x0000000080000AFE] -> 0x4105
[704] [M]: 0x0000000080000AFC (0x4105559B) sraiw x11, x10, 0x10                     inst_123+12
x11 <- 0xFFFFFFFFFFFFFDFF

mem[X,0x0000000080000B00] -> 0xB823
mem[X,0x0000000080000B02] -> 0x30B0
[705] [M]: 0x0000000080000B00 (0x30B0B823) sd x11, 0x310(x1)                        inst_123+16
mem[W,0x00000000800034F0] <- 0xFFFFFFFFFFFFFDFF

clint mtime 0x0000000000000161 (mip.MTI <- 0b1, mip.STI <- 0b0)
mem[X,0x0000000080000B04] -> 0x0513
mem[X,0x0000000080000B06] -> 0x0010
[706] [M]: 0x0000000080000B04 (0x00100513) addi x10, x0, 0x1                        inst_124+0
x10 <- 0x0000000000000001

mem[X,0x0000000080000B08] -> 0x1513
mem[X,0x0000000080000B0A] -> 0x01A5
[707] [M]: 0x0000000080000B08 (0x01A51513) slli x10, x10, 0x1a                      inst_124+4
x10 <- 0x0000000004000000

clint mtime 0x0000000000000162 (mip.MTI <- 0b1, mip.STI <- 0b0)
mem[X,0x0000000080000B0C] -> 0x4513
mem[X,0x0000000080000B0E] -> 0xFFF5
[708] [M]: 0x0000000080000B0C (0xFFF54513) xori x10, x10, -0x1                      inst_124+8
x10 <- 0xFFFFFFFFFBFFFFFF

mem[X,0x0000000080000B10] -> 0x559B
mem[X,0x0000000080000B12] -> 0x4075
[709] [M]: 0x0000000080000B10 (0x4075559B) sraiw x11, x10, 0x7                      inst_124+12
x11 <- 0xFFFFFFFFFFF7FFFF

clint mtime 0x0000000000000163 (mip.MTI <- 0b1, mip.STI <- 0b0)
mem[X,0x0000000080000B14] -> 0xBC23
mem[X,0x0000000080000B16] -> 0x30B0
[710] [M]: 0x0000000080000B14 (0x30B0BC23) sd x11, 0x318(x1)                        inst_124+16
mem[W,0x00000000800034F8] <- 0xFFFFFFFFFFF7FFFF

mem[X,0x0000000080000B18] -> 0x0513
mem[X,0x0000000080000B1A] -> 0x0010
[711] [M]: 0x0000000080000B18 (0x00100513) addi x10, x0, 0x1                        inst_125+0
x10 <- 0x0000000000000001

clint mtime 0x0000000000000164 (mip.MTI <- 0b1, mip.STI <- 0b0)
mem[X,0x0000000080000B1C] -> 0x1513
mem[X,0x0000000080000B1E] -> 0x01B5
[712] [M]: 0x0000000080000B1C (0x01B51513) slli x10, x10, 0x1b                      inst_125+4
x10 <- 0x0000000008000000

mem[X,0x0000000080000B20] -> 0x4513
mem[X,0x0000000080000B22] -> 0xFFF5
[713] [M]: 0x0000000080000B20 (0xFFF54513) xori x10, x10, -0x1                      inst_125+8
x10 <- 0xFFFFFFFFF7FFFFFF

clint mtime 0x0000000000000165 (mip.MTI <- 0b1, mip.STI <- 0b0)
mem[X,0x0000000080000B24] -> 0x559B
mem[X,0x0000000080000B26] -> 0x4035
[714] [M]: 0x0000000080000B24 (0x4035559B) sraiw x11, x10, 0x3                      inst_125+12
x11 <- 0xFFFFFFFFFEFFFFFF

mem[X,0x0000000080000B28] -> 0xB023
mem[X,0x0000000080000B2A] -> 0x32B0
[715] [M]: 0x0000000080000B28 (0x32B0B023) sd x11, 0x320(x1)                        inst_125+16
mem[W,0x0000000080003500] <- 0xFFFFFFFFFEFFFFFF

clint mtime 0x0000000000000166 (mip.MTI <- 0b1, mip.STI <- 0b0)
mem[X,0x0000000080000B2C] -> 0x0513
mem[X,0x0000000080000B2E] -> 0x0010
[716] [M]: 0x0000000080000B2C (0x00100513) addi x10, x0, 0x1                        inst_126+0
x10 <- 0x0000000000000001

mem[X,0x0000000080000B30] -> 0x1513
mem[X,0x0000000080000B32] -> 0x01C5
[717] [M]: 0x0000000080000B30 (0x01C51513) slli x10, x10, 0x1c                      inst_126+4
x10 <- 0x0000000010000000

clint mtime 0x0000000000000167 (mip.MTI <- 0b1, mip.STI <- 0b0)
mem[X,0x0000000080000B34] -> 0x4513
mem[X,0x0000000080000B36] -> 0xFFF5
[718] [M]: 0x0000000080000B34 (0xFFF54513) xori x10, x10, -0x1                      inst_126+8
x10 <- 0xFFFFFFFFEFFFFFFF

mem[X,0x0000000080000B38] -> 0x559B
mem[X,0x0000000080000B3A] -> 0x4045
[719] [M]: 0x0000000080000B38 (0x4045559B) sraiw x11, x10, 0x4                      inst_126+12
x11 <- 0xFFFFFFFFFEFFFFFF

clint mtime 0x0000000000000168 (mip.MTI <- 0b1, mip.STI <- 0b0)
mem[X,0x0000000080000B3C] -> 0xB423
mem[X,0x0000000080000B3E] -> 0x32B0
[720] [M]: 0x0000000080000B3C (0x32B0B423) sd x11, 0x328(x1)                        inst_126+16
mem[W,0x0000000080003508] <- 0xFFFFFFFFFEFFFFFF

mem[X,0x0000000080000B40] -> 0x0513
mem[X,0x0000000080000B42] -> 0x0010
[721] [M]: 0x0000000080000B40 (0x00100513) addi x10, x0, 0x1                        inst_127+0
x10 <- 0x0000000000000001

clint mtime 0x0000000000000169 (mip.MTI <- 0b1, mip.STI <- 0b0)
mem[X,0x0000000080000B44] -> 0x1513
mem[X,0x0000000080000B46] -> 0x01D5
[722] [M]: 0x0000000080000B44 (0x01D51513) slli x10, x10, 0x1d                      inst_127+4
x10 <- 0x0000000020000000

mem[X,0x0000000080000B48] -> 0x4513
mem[X,0x0000000080000B4A] -> 0xFFF5
[723] [M]: 0x0000000080000B48 (0xFFF54513) xori x10, x10, -0x1                      inst_127+8
x10 <- 0xFFFFFFFFDFFFFFFF

clint mtime 0x000000000000016A (mip.MTI <- 0b1, mip.STI <- 0b0)
mem[X,0x0000000080000B4C] -> 0x559B
mem[X,0x0000000080000B4E] -> 0x4065
[724] [M]: 0x0000000080000B4C (0x4065559B) sraiw x11, x10, 0x6                      inst_127+12
x11 <- 0xFFFFFFFFFF7FFFFF

mem[X,0x0000000080000B50] -> 0xB823
mem[X,0x0000000080000B52] -> 0x32B0
[725] [M]: 0x0000000080000B50 (0x32B0B823) sd x11, 0x330(x1)                        inst_127+16
mem[W,0x0000000080003510] <- 0xFFFFFFFFFF7FFFFF

clint mtime 0x000000000000016B (mip.MTI <- 0b1, mip.STI <- 0b0)
mem[X,0x0000000080000B54] -> 0x0513
mem[X,0x0000000080000B56] -> 0x0010
[726] [M]: 0x0000000080000B54 (0x00100513) addi x10, x0, 0x1                        inst_128+0
x10 <- 0x0000000000000001

mem[X,0x0000000080000B58] -> 0x1513
mem[X,0x0000000080000B5A] -> 0x01E5
[727] [M]: 0x0000000080000B58 (0x01E51513) slli x10, x10, 0x1e                      inst_128+4
x10 <- 0x0000000040000000

clint mtime 0x000000000000016C (mip.MTI <- 0b1, mip.STI <- 0b0)
mem[X,0x0000000080000B5C] -> 0x4513
mem[X,0x0000000080000B5E] -> 0xFFF5
[728] [M]: 0x0000000080000B5C (0xFFF54513) xori x10, x10, -0x1                      inst_128+8
x10 <- 0xFFFFFFFFBFFFFFFF

mem[X,0x0000000080000B60] -> 0x559B
mem[X,0x0000000080000B62] -> 0x40E5
[729] [M]: 0x0000000080000B60 (0x40E5559B) sraiw x11, x10, 0xe                      inst_128+12
x11 <- 0xFFFFFFFFFFFEFFFF

clint mtime 0x000000000000016D (mip.MTI <- 0b1, mip.STI <- 0b0)
mem[X,0x0000000080000B64] -> 0xBC23
mem[X,0x0000000080000B66] -> 0x32B0
[730] [M]: 0x0000000080000B64 (0x32B0BC23) sd x11, 0x338(x1)                        inst_128+16
mem[W,0x0000000080003518] <- 0xFFFFFFFFFFFEFFFF

mem[X,0x0000000080000B68] -> 0x0513
mem[X,0x0000000080000B6A] -> 0x0010
[731] [M]: 0x0000000080000B68 (0x00100513) addi x10, x0, 0x1                        inst_129+0
x10 <- 0x0000000000000001

clint mtime 0x000000000000016E (mip.MTI <- 0b1, mip.STI <- 0b0)
mem[X,0x0000000080000B6C] -> 0x1513
mem[X,0x0000000080000B6E] -> 0x01F5
[732] [M]: 0x0000000080000B6C (0x01F51513) slli x10, x10, 0x1f                      inst_129+4
x10 <- 0x0000000080000000

mem[X,0x0000000080000B70] -> 0x4513
mem[X,0x0000000080000B72] -> 0xFFF5
[733] [M]: 0x0000000080000B70 (0xFFF54513) xori x10, x10, -0x1                      inst_129+8
x10 <- 0xFFFFFFFF7FFFFFFF

clint mtime 0x000000000000016F (mip.MTI <- 0b1, mip.STI <- 0b0)
mem[X,0x0000000080000B74] -> 0x559B
mem[X,0x0000000080000B76] -> 0x40B5
[734] [M]: 0x0000000080000B74 (0x40B5559B) sraiw x11, x10, 0xb                      inst_129+12
x11 <- 0x00000000000FFFFF

mem[X,0x0000000080000B78] -> 0xB023
mem[X,0x0000000080000B7A] -> 0x34B0
[735] [M]: 0x0000000080000B78 (0x34B0B023) sd x11, 0x340(x1)                        inst_129+16
mem[W,0x0000000080003520] <- 0x00000000000FFFFF

clint mtime 0x0000000000000170 (mip.MTI <- 0b1, mip.STI <- 0b0)
mem[X,0x0000000080000B7C] -> 0x0513
mem[X,0x0000000080000B7E] -> 0x0010
[736] [M]: 0x0000000080000B7C (0x00100513) addi x10, x0, 0x1                        inst_130+0
x10 <- 0x0000000000000001

mem[X,0x0000000080000B80] -> 0x1513
mem[X,0x0000000080000B82] -> 0x0205
[737] [M]: 0x0000000080000B80 (0x02051513) slli x10, x10, 0x20                      inst_130+4
x10 <- 0x0000000100000000

clint mtime 0x0000000000000171 (mip.MTI <- 0b1, mip.STI <- 0b0)
mem[X,0x0000000080000B84] -> 0x4513
mem[X,0x0000000080000B86] -> 0xFFF5
[738] [M]: 0x0000000080000B84 (0xFFF54513) xori x10, x10, -0x1                      inst_130+8
x10 <- 0xFFFFFFFEFFFFFFFF

mem[X,0x0000000080000B88] -> 0x559B
mem[X,0x0000000080000B8A] -> 0x4125
[739] [M]: 0x0000000080000B88 (0x4125559B) sraiw x11, x10, 0x12                     inst_130+12
x11 <- 0xFFFFFFFFFFFFFFFF

clint mtime 0x0000000000000172 (mip.MTI <- 0b1, mip.STI <- 0b0)
mem[X,0x0000000080000B8C] -> 0xB423
mem[X,0x0000000080000B8E] -> 0x34B0
[740] [M]: 0x0000000080000B8C (0x34B0B423) sd x11, 0x348(x1)                        inst_130+16
mem[W,0x0000000080003528] <- 0xFFFFFFFFFFFFFFFF

mem[X,0x0000000080000B90] -> 0x0513
mem[X,0x0000000080000B92] -> 0x0010
[741] [M]: 0x0000000080000B90 (0x00100513) addi x10, x0, 0x1                        inst_131+0
x10 <- 0x0000000000000001

clint mtime 0x0000000000000173 (mip.MTI <- 0b1, mip.STI <- 0b0)
mem[X,0x0000000080000B94] -> 0x1513
mem[X,0x0000000080000B96] -> 0x0215
[742] [M]: 0x0000000080000B94 (0x02151513) slli x10, x10, 0x21                      inst_131+4
x10 <- 0x0000000200000000

mem[X,0x0000000080000B98] -> 0x4513
mem[X,0x0000000080000B9A] -> 0xFFF5
[743] [M]: 0x0000000080000B98 (0xFFF54513) xori x10, x10, -0x1                      inst_131+8
x10 <- 0xFFFFFFFDFFFFFFFF

clint mtime 0x0000000000000174 (mip.MTI <- 0b1, mip.STI <- 0b0)
mem[X,0x0000000080000B9C] -> 0x559B
mem[X,0x0000000080000B9E] -> 0x4115
[744] [M]: 0x0000000080000B9C (0x4115559B) sraiw x11, x10, 0x11                     inst_131+12
x11 <- 0xFFFFFFFFFFFFFFFF

mem[X,0x0000000080000BA0] -> 0xB823
mem[X,0x0000000080000BA2] -> 0x34B0
[745] [M]: 0x0000000080000BA0 (0x34B0B823) sd x11, 0x350(x1)                        inst_131+16
mem[W,0x0000000080003530] <- 0xFFFFFFFFFFFFFFFF

clint mtime 0x0000000000000175 (mip.MTI <- 0b1, mip.STI <- 0b0)
mem[X,0x0000000080000BA4] -> 0x0513
mem[X,0x0000000080000BA6] -> 0x0010
[746] [M]: 0x0000000080000BA4 (0x00100513) addi x10, x0, 0x1                        inst_132+0
x10 <- 0x0000000000000001

mem[X,0x0000000080000BA8] -> 0x1513
mem[X,0x0000000080000BAA] -> 0x0225
[747] [M]: 0x0000000080000BA8 (0x02251513) slli x10, x10, 0x22                      inst_132+4
x10 <- 0x0000000400000000

clint mtime 0x0000000000000176 (mip.MTI <- 0b1, mip.STI <- 0b0)
mem[X,0x0000000080000BAC] -> 0x4513
mem[X,0x0000000080000BAE] -> 0xFFF5
[748] [M]: 0x0000000080000BAC (0xFFF54513) xori x10, x10, -0x1                      inst_132+8
x10 <- 0xFFFFFFFBFFFFFFFF

mem[X,0x0000000080000BB0] -> 0x559B
mem[X,0x0000000080000BB2] -> 0x40F5
[749] [M]: 0x0000000080000BB0 (0x40F5559B) sraiw x11, x10, 0xf                      inst_132+12
x11 <- 0xFFFFFFFFFFFFFFFF

clint mtime 0x0000000000000177 (mip.MTI <- 0b1, mip.STI <- 0b0)
mem[X,0x0000000080000BB4] -> 0xBC23
mem[X,0x0000000080000BB6] -> 0x34B0
[750] [M]: 0x0000000080000BB4 (0x34B0BC23) sd x11, 0x358(x1)                        inst_132+16
mem[W,0x0000000080003538] <- 0xFFFFFFFFFFFFFFFF

mem[X,0x0000000080000BB8] -> 0x0513
mem[X,0x0000000080000BBA] -> 0x0010
[751] [M]: 0x0000000080000BB8 (0x00100513) addi x10, x0, 0x1                        inst_133+0
x10 <- 0x0000000000000001

clint mtime 0x0000000000000178 (mip.MTI <- 0b1, mip.STI <- 0b0)
mem[X,0x0000000080000BBC] -> 0x1513
mem[X,0x0000000080000BBE] -> 0x0235
[752] [M]: 0x0000000080000BBC (0x02351513) slli x10, x10, 0x23                      inst_133+4
x10 <- 0x0000000800000000

mem[X,0x0000000080000BC0] -> 0x4513
mem[X,0x0000000080000BC2] -> 0xFFF5
[753] [M]: 0x0000000080000BC0 (0xFFF54513) xori x10, x10, -0x1                      inst_133+8
x10 <- 0xFFFFFFF7FFFFFFFF

clint mtime 0x0000000000000179 (mip.MTI <- 0b1, mip.STI <- 0b0)
mem[X,0x0000000080000BC4] -> 0x559B
mem[X,0x0000000080000BC6] -> 0x40C5
[754] [M]: 0x0000000080000BC4 (0x40C5559B) sraiw x11, x10, 0xc                      inst_133+12
x11 <- 0xFFFFFFFFFFFFFFFF

mem[X,0x0000000080000BC8] -> 0xB023
mem[X,0x0000000080000BCA] -> 0x36B0
[755] [M]: 0x0000000080000BC8 (0x36B0B023) sd x11, 0x360(x1)                        inst_133+16
mem[W,0x0000000080003540] <- 0xFFFFFFFFFFFFFFFF

clint mtime 0x000000000000017A (mip.MTI <- 0b1, mip.STI <- 0b0)
mem[X,0x0000000080000BCC] -> 0x0513
mem[X,0x0000000080000BCE] -> 0x0010
[756] [M]: 0x0000000080000BCC (0x00100513) addi x10, x0, 0x1                        inst_134+0
x10 <- 0x0000000000000001

mem[X,0x0000000080000BD0] -> 0x1513
mem[X,0x0000000080000BD2] -> 0x0245
[757] [M]: 0x0000000080000BD0 (0x02451513) slli x10, x10, 0x24                      inst_134+4
x10 <- 0x0000001000000000

clint mtime 0x000000000000017B (mip.MTI <- 0b1, mip.STI <- 0b0)
mem[X,0x0000000080000BD4] -> 0x4513
mem[X,0x0000000080000BD6] -> 0xFFF5
[758] [M]: 0x0000000080000BD4 (0xFFF54513) xori x10, x10, -0x1                      inst_134+8
x10 <- 0xFFFFFFEFFFFFFFFF

mem[X,0x0000000080000BD8] -> 0x559B
mem[X,0x0000000080000BDA] -> 0x4075
[759] [M]: 0x0000000080000BD8 (0x4075559B) sraiw x11, x10, 0x7                      inst_134+12
x11 <- 0xFFFFFFFFFFFFFFFF

clint mtime 0x000000000000017C (mip.MTI <- 0b1, mip.STI <- 0b0)
mem[X,0x0000000080000BDC] -> 0xB423
mem[X,0x0000000080000BDE] -> 0x36B0
[760] [M]: 0x0000000080000BDC (0x36B0B423) sd x11, 0x368(x1)                        inst_134+16
mem[W,0x0000000080003548] <- 0xFFFFFFFFFFFFFFFF

mem[X,0x0000000080000BE0] -> 0x0513
mem[X,0x0000000080000BE2] -> 0x0010
[761] [M]: 0x0000000080000BE0 (0x00100513) addi x10, x0, 0x1                        inst_135+0
x10 <- 0x0000000000000001

clint mtime 0x000000000000017D (mip.MTI <- 0b1, mip.STI <- 0b0)
mem[X,0x0000000080000BE4] -> 0x1513
mem[X,0x0000000080000BE6] -> 0x0255
[762] [M]: 0x0000000080000BE4 (0x02551513) slli x10, x10, 0x25                      inst_135+4
x10 <- 0x0000002000000000

mem[X,0x0000000080000BE8] -> 0x4513
mem[X,0x0000000080000BEA] -> 0xFFF5
[763] [M]: 0x0000000080000BE8 (0xFFF54513) xori x10, x10, -0x1                      inst_135+8
x10 <- 0xFFFFFFDFFFFFFFFF

clint mtime 0x000000000000017E (mip.MTI <- 0b1, mip.STI <- 0b0)
mem[X,0x0000000080000BEC] -> 0x559B
mem[X,0x0000000080000BEE] -> 0x40A5
[764] [M]: 0x0000000080000BEC (0x40A5559B) sraiw x11, x10, 0xa                      inst_135+12
x11 <- 0xFFFFFFFFFFFFFFFF

mem[X,0x0000000080000BF0] -> 0xB823
mem[X,0x0000000080000BF2] -> 0x36B0
[765] [M]: 0x0000000080000BF0 (0x36B0B823) sd x11, 0x370(x1)                        inst_135+16
mem[W,0x0000000080003550] <- 0xFFFFFFFFFFFFFFFF

clint mtime 0x000000000000017F (mip.MTI <- 0b1, mip.STI <- 0b0)
mem[X,0x0000000080000BF4] -> 0x0513
mem[X,0x0000000080000BF6] -> 0x0010
[766] [M]: 0x0000000080000BF4 (0x00100513) addi x10, x0, 0x1                        inst_136+0
x10 <- 0x0000000000000001

mem[X,0x0000000080000BF8] -> 0x1513
mem[X,0x0000000080000BFA] -> 0x0265
[767] [M]: 0x0000000080000BF8 (0x02651513) slli x10, x10, 0x26                      inst_136+4
x10 <- 0x0000004000000000

clint mtime 0x0000000000000180 (mip.MTI <- 0b1, mip.STI <- 0b0)
mem[X,0x0000000080000BFC] -> 0x4513
mem[X,0x0000000080000BFE] -> 0xFFF5
[768] [M]: 0x0000000080000BFC (0xFFF54513) xori x10, x10, -0x1                      inst_136+8
x10 <- 0xFFFFFFBFFFFFFFFF

mem[X,0x0000000080000C00] -> 0x559B
mem[X,0x0000000080000C02] -> 0x41D5
[769] [M]: 0x0000000080000C00 (0x41D5559B) sraiw x11, x10, 0x1d                     inst_136+12
x11 <- 0xFFFFFFFFFFFFFFFF

clint mtime 0x0000000000000181 (mip.MTI <- 0b1, mip.STI <- 0b0)
mem[X,0x0000000080000C04] -> 0xBC23
mem[X,0x0000000080000C06] -> 0x36B0
[770] [M]: 0x0000000080000C04 (0x36B0BC23) sd x11, 0x378(x1)                        inst_136+16
mem[W,0x0000000080003558] <- 0xFFFFFFFFFFFFFFFF

mem[X,0x0000000080000C08] -> 0x0513
mem[X,0x0000000080000C0A] -> 0x0010
[771] [M]: 0x0000000080000C08 (0x00100513) addi x10, x0, 0x1                        inst_137+0
x10 <- 0x0000000000000001

clint mtime 0x0000000000000182 (mip.MTI <- 0b1, mip.STI <- 0b0)
mem[X,0x0000000080000C0C] -> 0x1513
mem[X,0x0000000080000C0E] -> 0x0285
[772] [M]: 0x0000000080000C0C (0x02851513) slli x10, x10, 0x28                      inst_137+4
x10 <- 0x0000010000000000

mem[X,0x0000000080000C10] -> 0x4513
mem[X,0x0000000080000C12] -> 0xFFF5
[773] [M]: 0x0000000080000C10 (0xFFF54513) xori x10, x10, -0x1                      inst_137+8
x10 <- 0xFFFFFEFFFFFFFFFF

clint mtime 0x0000000000000183 (mip.MTI <- 0b1, mip.STI <- 0b0)
mem[X,0x0000000080000C14] -> 0x559B
mem[X,0x0000000080000C16] -> 0x4085
[774] [M]: 0x0000000080000C14 (0x4085559B) sraiw x11, x10, 0x8                      inst_137+12
x11 <- 0xFFFFFFFFFFFFFFFF

mem[X,0x0000000080000C18] -> 0xB023
mem[X,0x0000000080000C1A] -> 0x38B0
[775] [M]: 0x0000000080000C18 (0x38B0B023) sd x11, 0x380(x1)                        inst_137+16
mem[W,0x0000000080003560] <- 0xFFFFFFFFFFFFFFFF

clint mtime 0x0000000000000184 (mip.MTI <- 0b1, mip.STI <- 0b0)
mem[X,0x0000000080000C1C] -> 0x0513
mem[X,0x0000000080000C1E] -> 0x0010
[776] [M]: 0x0000000080000C1C (0x00100513) addi x10, x0, 0x1                        inst_138+0
x10 <- 0x0000000000000001

mem[X,0x0000000080000C20] -> 0x1513
mem[X,0x0000000080000C22] -> 0x0295
[777] [M]: 0x0000000080000C20 (0x02951513) slli x10, x10, 0x29                      inst_138+4
x10 <- 0x0000020000000000

clint mtime 0x0000000000000185 (mip.MTI <- 0b1, mip.STI <- 0b0)
mem[X,0x0000000080000C24] -> 0x4513
mem[X,0x0000000080000C26] -> 0xFFF5
[778] [M]: 0x0000000080000C24 (0xFFF54513) xori x10, x10, -0x1                      inst_138+8
x10 <- 0xFFFFFDFFFFFFFFFF

mem[X,0x0000000080000C28] -> 0x559B
mem[X,0x0000000080000C2A] -> 0x4045
[779] [M]: 0x0000000080000C28 (0x4045559B) sraiw x11, x10, 0x4                      inst_138+12
x11 <- 0xFFFFFFFFFFFFFFFF

clint mtime 0x0000000000000186 (mip.MTI <- 0b1, mip.STI <- 0b0)
mem[X,0x0000000080000C2C] -> 0xB423
mem[X,0x0000000080000C2E] -> 0x38B0
[780] [M]: 0x0000000080000C2C (0x38B0B423) sd x11, 0x388(x1)                        inst_138+16
mem[W,0x0000000080003568] <- 0xFFFFFFFFFFFFFFFF

mem[X,0x0000000080000C30] -> 0x0513
mem[X,0x0000000080000C32] -> 0x0010
[781] [M]: 0x0000000080000C30 (0x00100513) addi x10, x0, 0x1                        inst_139+0
x10 <- 0x0000000000000001

clint mtime 0x0000000000000187 (mip.MTI <- 0b1, mip.STI <- 0b0)
mem[X,0x0000000080000C34] -> 0x1513
mem[X,0x0000000080000C36] -> 0x02A5
[782] [M]: 0x0000000080000C34 (0x02A51513) slli x10, x10, 0x2a                      inst_139+4
x10 <- 0x0000040000000000

mem[X,0x0000000080000C38] -> 0x4513
mem[X,0x0000000080000C3A] -> 0xFFF5
[783] [M]: 0x0000000080000C38 (0xFFF54513) xori x10, x10, -0x1                      inst_139+8
x10 <- 0xFFFFFBFFFFFFFFFF

clint mtime 0x0000000000000188 (mip.MTI <- 0b1, mip.STI <- 0b0)
mem[X,0x0000000080000C3C] -> 0x559B
mem[X,0x0000000080000C3E] -> 0x4115
[784] [M]: 0x0000000080000C3C (0x4115559B) sraiw x11, x10, 0x11                     inst_139+12
x11 <- 0xFFFFFFFFFFFFFFFF

mem[X,0x0000000080000C40] -> 0xB823
mem[X,0x0000000080000C42] -> 0x38B0
[785] [M]: 0x0000000080000C40 (0x38B0B823) sd x11, 0x390(x1)                        inst_139+16
mem[W,0x0000000080003570] <- 0xFFFFFFFFFFFFFFFF

clint mtime 0x0000000000000189 (mip.MTI <- 0b1, mip.STI <- 0b0)
mem[X,0x0000000080000C44] -> 0x0513
mem[X,0x0000000080000C46] -> 0x0010
[786] [M]: 0x0000000080000C44 (0x00100513) addi x10, x0, 0x1                        inst_140+0
x10 <- 0x0000000000000001

mem[X,0x0000000080000C48] -> 0x1513
mem[X,0x0000000080000C4A] -> 0x02B5
[787] [M]: 0x0000000080000C48 (0x02B51513) slli x10, x10, 0x2b                      inst_140+4
x10 <- 0x0000080000000000

clint mtime 0x000000000000018A (mip.MTI <- 0b1, mip.STI <- 0b0)
mem[X,0x0000000080000C4C] -> 0x4513
mem[X,0x0000000080000C4E] -> 0xFFF5
[788] [M]: 0x0000000080000C4C (0xFFF54513) xori x10, x10, -0x1                      inst_140+8
x10 <- 0xFFFFF7FFFFFFFFFF

mem[X,0x0000000080000C50] -> 0x559B
mem[X,0x0000000080000C52] -> 0x41F5
[789] [M]: 0x0000000080000C50 (0x41F5559B) sraiw x11, x10, 0x1f                     inst_140+12
x11 <- 0xFFFFFFFFFFFFFFFF

clint mtime 0x000000000000018B (mip.MTI <- 0b1, mip.STI <- 0b0)
mem[X,0x0000000080000C54] -> 0xBC23
mem[X,0x0000000080000C56] -> 0x38B0
[790] [M]: 0x0000000080000C54 (0x38B0BC23) sd x11, 0x398(x1)                        inst_140+16
mem[W,0x0000000080003578] <- 0xFFFFFFFFFFFFFFFF

mem[X,0x0000000080000C58] -> 0x0513
mem[X,0x0000000080000C5A] -> 0x0010
[791] [M]: 0x0000000080000C58 (0x00100513) addi x10, x0, 0x1                        inst_141+0
x10 <- 0x0000000000000001

clint mtime 0x000000000000018C (mip.MTI <- 0b1, mip.STI <- 0b0)
mem[X,0x0000000080000C5C] -> 0x1513
mem[X,0x0000000080000C5E] -> 0x02C5
[792] [M]: 0x0000000080000C5C (0x02C51513) slli x10, x10, 0x2c                      inst_141+4
x10 <- 0x0000100000000000

mem[X,0x0000000080000C60] -> 0x4513
mem[X,0x0000000080000C62] -> 0xFFF5
[793] [M]: 0x0000000080000C60 (0xFFF54513) xori x10, x10, -0x1                      inst_141+8
x10 <- 0xFFFFEFFFFFFFFFFF

clint mtime 0x000000000000018D (mip.MTI <- 0b1, mip.STI <- 0b0)
mem[X,0x0000000080000C64] -> 0x559B
mem[X,0x0000000080000C66] -> 0x41B5
[794] [M]: 0x0000000080000C64 (0x41B5559B) sraiw x11, x10, 0x1b                     inst_141+12
x11 <- 0xFFFFFFFFFFFFFFFF

mem[X,0x0000000080000C68] -> 0xB023
mem[X,0x0000000080000C6A] -> 0x3AB0
[795] [M]: 0x0000000080000C68 (0x3AB0B023) sd x11, 0x3a0(x1)                        inst_141+16
mem[W,0x0000000080003580] <- 0xFFFFFFFFFFFFFFFF

clint mtime 0x000000000000018E (mip.MTI <- 0b1, mip.STI <- 0b0)
mem[X,0x0000000080000C6C] -> 0x0513
mem[X,0x0000000080000C6E] -> 0x0010
[796] [M]: 0x0000000080000C6C (0x00100513) addi x10, x0, 0x1                        inst_142+0
x10 <- 0x0000000000000001

mem[X,0x0000000080000C70] -> 0x1513
mem[X,0x0000000080000C72] -> 0x02D5
[797] [M]: 0x0000000080000C70 (0x02D51513) slli x10, x10, 0x2d                      inst_142+4
x10 <- 0x0000200000000000

clint mtime 0x000000000000018F (mip.MTI <- 0b1, mip.STI <- 0b0)
mem[X,0x0000000080000C74] -> 0x4513
mem[X,0x0000000080000C76] -> 0xFFF5
[798] [M]: 0x0000000080000C74 (0xFFF54513) xori x10, x10, -0x1                      inst_142+8
x10 <- 0xFFFFDFFFFFFFFFFF

mem[X,0x0000000080000C78] -> 0x559B
mem[X,0x0000000080000C7A] -> 0x41D5
[799] [M]: 0x0000000080000C78 (0x41D5559B) sraiw x11, x10, 0x1d                     inst_142+12
x11 <- 0xFFFFFFFFFFFFFFFF

clint mtime 0x0000000000000190 (mip.MTI <- 0b1, mip.STI <- 0b0)
mem[X,0x0000000080000C7C] -> 0xB423
mem[X,0x0000000080000C7E] -> 0x3AB0
[800] [M]: 0x0000000080000C7C (0x3AB0B423) sd x11, 0x3a8(x1)                        inst_142+16
mem[W,0x0000000080003588] <- 0xFFFFFFFFFFFFFFFF

mem[X,0x0000000080000C80] -> 0x0513
mem[X,0x0000000080000C82] -> 0x0010
[801] [M]: 0x0000000080000C80 (0x00100513) addi x10, x0, 0x1                        inst_143+0
x10 <- 0x0000000000000001

clint mtime 0x0000000000000191 (mip.MTI <- 0b1, mip.STI <- 0b0)
mem[X,0x0000000080000C84] -> 0x1513
mem[X,0x0000000080000C86] -> 0x02E5
[802] [M]: 0x0000000080000C84 (0x02E51513) slli x10, x10, 0x2e                      inst_143+4
x10 <- 0x0000400000000000

mem[X,0x0000000080000C88] -> 0x4513
mem[X,0x0000000080000C8A] -> 0xFFF5
[803] [M]: 0x0000000080000C88 (0xFFF54513) xori x10, x10, -0x1                      inst_143+8
x10 <- 0xFFFFBFFFFFFFFFFF

clint mtime 0x0000000000000192 (mip.MTI <- 0b1, mip.STI <- 0b0)
mem[X,0x0000000080000C8C] -> 0x559B
mem[X,0x0000000080000C8E] -> 0x4045
[804] [M]: 0x0000000080000C8C (0x4045559B) sraiw x11, x10, 0x4                      inst_143+12
x11 <- 0xFFFFFFFFFFFFFFFF

mem[X,0x0000000080000C90] -> 0xB823
mem[X,0x0000000080000C92] -> 0x3AB0
[805] [M]: 0x0000000080000C90 (0x3AB0B823) sd x11, 0x3b0(x1)                        inst_143+16
mem[W,0x0000000080003590] <- 0xFFFFFFFFFFFFFFFF

clint mtime 0x0000000000000193 (mip.MTI <- 0b1, mip.STI <- 0b0)
mem[X,0x0000000080000C94] -> 0x0513
mem[X,0x0000000080000C96] -> 0x0010
[806] [M]: 0x0000000080000C94 (0x00100513) addi x10, x0, 0x1                        inst_144+0
x10 <- 0x0000000000000001

mem[X,0x0000000080000C98] -> 0x1513
mem[X,0x0000000080000C9A] -> 0x02F5
[807] [M]: 0x0000000080000C98 (0x02F51513) slli x10, x10, 0x2f                      inst_144+4
x10 <- 0x0000800000000000

clint mtime 0x0000000000000194 (mip.MTI <- 0b1, mip.STI <- 0b0)
mem[X,0x0000000080000C9C] -> 0x4513
mem[X,0x0000000080000C9E] -> 0xFFF5
[808] [M]: 0x0000000080000C9C (0xFFF54513) xori x10, x10, -0x1                      inst_144+8
x10 <- 0xFFFF7FFFFFFFFFFF

mem[X,0x0000000080000CA0] -> 0x559B
mem[X,0x0000000080000CA2] -> 0x4015
[809] [M]: 0x0000000080000CA0 (0x4015559B) sraiw x11, x10, 0x1                      inst_144+12
x11 <- 0xFFFFFFFFFFFFFFFF

clint mtime 0x0000000000000195 (mip.MTI <- 0b1, mip.STI <- 0b0)
mem[X,0x0000000080000CA4] -> 0xBC23
mem[X,0x0000000080000CA6] -> 0x3AB0
[810] [M]: 0x0000000080000CA4 (0x3AB0BC23) sd x11, 0x3b8(x1)                        inst_144+16
mem[W,0x0000000080003598] <- 0xFFFFFFFFFFFFFFFF

mem[X,0x0000000080000CA8] -> 0x0513
mem[X,0x0000000080000CAA] -> 0x0010
[811] [M]: 0x0000000080000CA8 (0x00100513) addi x10, x0, 0x1                        inst_145+0
x10 <- 0x0000000000000001

clint mtime 0x0000000000000196 (mip.MTI <- 0b1, mip.STI <- 0b0)
mem[X,0x0000000080000CAC] -> 0x1513
mem[X,0x0000000080000CAE] -> 0x0305
[812] [M]: 0x0000000080000CAC (0x03051513) slli x10, x10, 0x30                      inst_145+4
x10 <- 0x0001000000000000

mem[X,0x0000000080000CB0] -> 0x4513
mem[X,0x0000000080000CB2] -> 0xFFF5
[813] [M]: 0x0000000080000CB0 (0xFFF54513) xori x10, x10, -0x1                      inst_145+8
x10 <- 0xFFFEFFFFFFFFFFFF

clint mtime 0x0000000000000197 (mip.MTI <- 0b1, mip.STI <- 0b0)
mem[X,0x0000000080000CB4] -> 0x559B
mem[X,0x0000000080000CB6] -> 0x40E5
[814] [M]: 0x0000000080000CB4 (0x40E5559B) sraiw x11, x10, 0xe                      inst_145+12
x11 <- 0xFFFFFFFFFFFFFFFF

mem[X,0x0000000080000CB8] -> 0xB023
mem[X,0x0000000080000CBA] -> 0x3CB0
[815] [M]: 0x0000000080000CB8 (0x3CB0B023) sd x11, 0x3c0(x1)                        inst_145+16
mem[W,0x00000000800035A0] <- 0xFFFFFFFFFFFFFFFF

clint mtime 0x0000000000000198 (mip.MTI <- 0b1, mip.STI <- 0b0)
mem[X,0x0000000080000CBC] -> 0x0513
mem[X,0x0000000080000CBE] -> 0x0010
[816] [M]: 0x0000000080000CBC (0x00100513) addi x10, x0, 0x1                        inst_146+0
x10 <- 0x0000000000000001

mem[X,0x0000000080000CC0] -> 0x1513
mem[X,0x0000000080000CC2] -> 0x0315
[817] [M]: 0x0000000080000CC0 (0x03151513) slli x10, x10, 0x31                      inst_146+4
x10 <- 0x0002000000000000

clint mtime 0x0000000000000199 (mip.MTI <- 0b1, mip.STI <- 0b0)
mem[X,0x0000000080000CC4] -> 0x4513
mem[X,0x0000000080000CC6] -> 0xFFF5
[818] [M]: 0x0000000080000CC4 (0xFFF54513) xori x10, x10, -0x1                      inst_146+8
x10 <- 0xFFFDFFFFFFFFFFFF

mem[X,0x0000000080000CC8] -> 0x559B
mem[X,0x0000000080000CCA] -> 0x40D5
[819] [M]: 0x0000000080000CC8 (0x40D5559B) sraiw x11, x10, 0xd                      inst_146+12
x11 <- 0xFFFFFFFFFFFFFFFF

clint mtime 0x000000000000019A (mip.MTI <- 0b1, mip.STI <- 0b0)
mem[X,0x0000000080000CCC] -> 0xB423
mem[X,0x0000000080000CCE] -> 0x3CB0
[820] [M]: 0x0000000080000CCC (0x3CB0B423) sd x11, 0x3c8(x1)                        inst_146+16
mem[W,0x00000000800035A8] <- 0xFFFFFFFFFFFFFFFF

mem[X,0x0000000080000CD0] -> 0x0513
mem[X,0x0000000080000CD2] -> 0x0010
[821] [M]: 0x0000000080000CD0 (0x00100513) addi x10, x0, 0x1                        inst_147+0
x10 <- 0x0000000000000001

clint mtime 0x000000000000019B (mip.MTI <- 0b1, mip.STI <- 0b0)
mem[X,0x0000000080000CD4] -> 0x1513
mem[X,0x0000000080000CD6] -> 0x0325
[822] [M]: 0x0000000080000CD4 (0x03251513) slli x10, x10, 0x32                      inst_147+4
x10 <- 0x0004000000000000

mem[X,0x0000000080000CD8] -> 0x4513
mem[X,0x0000000080000CDA] -> 0xFFF5
[823] [M]: 0x0000000080000CD8 (0xFFF54513) xori x10, x10, -0x1                      inst_147+8
x10 <- 0xFFFBFFFFFFFFFFFF

clint mtime 0x000000000000019C (mip.MTI <- 0b1, mip.STI <- 0b0)
mem[X,0x0000000080000CDC] -> 0x559B
mem[X,0x0000000080000CDE] -> 0x4025
[824] [M]: 0x0000000080000CDC (0x4025559B) sraiw x11, x10, 0x2                      inst_147+12
x11 <- 0xFFFFFFFFFFFFFFFF

mem[X,0x0000000080000CE0] -> 0xB823
mem[X,0x0000000080000CE2] -> 0x3CB0
[825] [M]: 0x0000000080000CE0 (0x3CB0B823) sd x11, 0x3d0(x1)                        inst_147+16
mem[W,0x00000000800035B0] <- 0xFFFFFFFFFFFFFFFF

clint mtime 0x000000000000019D (mip.MTI <- 0b1, mip.STI <- 0b0)
mem[X,0x0000000080000CE4] -> 0x0513
mem[X,0x0000000080000CE6] -> 0x0010
[826] [M]: 0x0000000080000CE4 (0x00100513) addi x10, x0, 0x1                        inst_148+0
x10 <- 0x0000000000000001

mem[X,0x0000000080000CE8] -> 0x1513
mem[X,0x0000000080000CEA] -> 0x0335
[827] [M]: 0x0000000080000CE8 (0x03351513) slli x10, x10, 0x33                      inst_148+4
x10 <- 0x0008000000000000

clint mtime 0x000000000000019E (mip.MTI <- 0b1, mip.STI <- 0b0)
mem[X,0x0000000080000CEC] -> 0x4513
mem[X,0x0000000080000CEE] -> 0xFFF5
[828] [M]: 0x0000000080000CEC (0xFFF54513) xori x10, x10, -0x1                      inst_148+8
x10 <- 0xFFF7FFFFFFFFFFFF

mem[X,0x0000000080000CF0] -> 0x559B
mem[X,0x0000000080000CF2] -> 0x41D5
[829] [M]: 0x0000000080000CF0 (0x41D5559B) sraiw x11, x10, 0x1d                     inst_148+12
x11 <- 0xFFFFFFFFFFFFFFFF

clint mtime 0x000000000000019F (mip.MTI <- 0b1, mip.STI <- 0b0)
mem[X,0x0000000080000CF4] -> 0xBC23
mem[X,0x0000000080000CF6] -> 0x3CB0
[830] [M]: 0x0000000080000CF4 (0x3CB0BC23) sd x11, 0x3d8(x1)                        inst_148+16
mem[W,0x00000000800035B8] <- 0xFFFFFFFFFFFFFFFF

mem[X,0x0000000080000CF8] -> 0x0513
mem[X,0x0000000080000CFA] -> 0x0010
[831] [M]: 0x0000000080000CF8 (0x00100513) addi x10, x0, 0x1                        inst_149+0
x10 <- 0x0000000000000001

clint mtime 0x00000000000001A0 (mip.MTI <- 0b1, mip.STI <- 0b0)
mem[X,0x0000000080000CFC] -> 0x1513
mem[X,0x0000000080000CFE] -> 0x0345
[832] [M]: 0x0000000080000CFC (0x03451513) slli x10, x10, 0x34                      inst_149+4
x10 <- 0x0010000000000000

mem[X,0x0000000080000D00] -> 0x4513
mem[X,0x0000000080000D02] -> 0xFFF5
[833] [M]: 0x0000000080000D00 (0xFFF54513) xori x10, x10, -0x1                      inst_149+8
x10 <- 0xFFEFFFFFFFFFFFFF

clint mtime 0x00000000000001A1 (mip.MTI <- 0b1, mip.STI <- 0b0)
mem[X,0x0000000080000D04] -> 0x559B
mem[X,0x0000000080000D06] -> 0x40F5
[834] [M]: 0x0000000080000D04 (0x40F5559B) sraiw x11, x10, 0xf                      inst_149+12
x11 <- 0xFFFFFFFFFFFFFFFF

mem[X,0x0000000080000D08] -> 0xB023
mem[X,0x0000000080000D0A] -> 0x3EB0
[835] [M]: 0x0000000080000D08 (0x3EB0B023) sd x11, 0x3e0(x1)                        inst_149+16
mem[W,0x00000000800035C0] <- 0xFFFFFFFFFFFFFFFF

clint mtime 0x00000000000001A2 (mip.MTI <- 0b1, mip.STI <- 0b0)
mem[X,0x0000000080000D0C] -> 0x0513
mem[X,0x0000000080000D0E] -> 0xFFF0
[836] [M]: 0x0000000080000D0C (0xFFF00513) addi x10, x0, -0x1                       inst_150+0
x10 <- 0xFFFFFFFFFFFFFFFF

mem[X,0x0000000080000D10] -> 0x5513
mem[X,0x0000000080000D12] -> 0x0015
[837] [M]: 0x0000000080000D10 (0x00155513) srli x10, x10, 0x1                       inst_150+4
x10 <- 0x7FFFFFFFFFFFFFFF

clint mtime 0x00000000000001A3 (mip.MTI <- 0b1, mip.STI <- 0b0)
mem[X,0x0000000080000D14] -> 0x559B
mem[X,0x0000000080000D16] -> 0x41B5
[838] [M]: 0x0000000080000D14 (0x41B5559B) sraiw x11, x10, 0x1b                     inst_150+8
x11 <- 0xFFFFFFFFFFFFFFFF

mem[X,0x0000000080000D18] -> 0xB423
mem[X,0x0000000080000D1A] -> 0x3EB0
[839] [M]: 0x0000000080000D18 (0x3EB0B423) sd x11, 0x3e8(x1)                        inst_150+12
mem[W,0x00000000800035C8] <- 0xFFFFFFFFFFFFFFFF

clint mtime 0x00000000000001A4 (mip.MTI <- 0b1, mip.STI <- 0b0)
mem[X,0x0000000080000D1C] -> 0x0513
mem[X,0x0000000080000D1E] -> 0x0010
[840] [M]: 0x0000000080000D1C (0x00100513) addi x10, x0, 0x1                        inst_151+0
x10 <- 0x0000000000000001

mem[X,0x0000000080000D20] -> 0x1513
mem[X,0x0000000080000D22] -> 0x00D5
[841] [M]: 0x0000000080000D20 (0x00D51513) slli x10, x10, 0xd                       inst_151+4
x10 <- 0x0000000000002000

clint mtime 0x00000000000001A5 (mip.MTI <- 0b1, mip.STI <- 0b0)
mem[X,0x0000000080000D24] -> 0x559B
mem[X,0x0000000080000D26] -> 0x41D5
[842] [M]: 0x0000000080000D24 (0x41D5559B) sraiw x11, x10, 0x1d                     inst_151+8
x11 <- 0x0000000000000000

mem[X,0x0000000080000D28] -> 0xB823
mem[X,0x0000000080000D2A] -> 0x3EB0
[843] [M]: 0x0000000080000D28 (0x3EB0B823) sd x11, 0x3f0(x1)                        inst_151+12
mem[W,0x00000000800035D0] <- 0x0000000000000000

clint mtime 0x00000000000001A6 (mip.MTI <- 0b1, mip.STI <- 0b0)
mem[X,0x0000000080000D2C] -> 0x006F
mem[X,0x0000000080000D2E] -> 0x0380
[844] [M]: 0x0000000080000D2C (0x0380006F) jal x0, 0x38                             rvtest_code_end+0

mem[X,0x0000000080000D64] -> 0x0093
mem[X,0x0000000080000D66] -> 0x0010
[845] [M]: 0x0000000080000D64 (0x00100093) addi x1, x0, 0x1                         exit_cleanup+0
x1 <- 0x0000000000000001

clint mtime 0x00000000000001A7 (mip.MTI <- 0b1, mip.STI <- 0b0)
mem[X,0x0000000080000D68] -> 0x0397
mem[X,0x0000000080000D6A] -> 0x0000
[846] [M]: 0x0000000080000D68 (0x00000397) auipc x7, 0x0                            exit_cleanup+4
x7 <- 0x0000000080000D68

mem[X,0x0000000080000D6C] -> 0xAC23
mem[X,0x0000000080000D6E] -> 0x2813
[847] [M]: 0x0000000080000D6C (0x2813AC23) sw x1, 0x298(x7)                         exit_cleanup+8
htif[0x0000000080001000] <- 0x00000001
mem[W,0x0000000080001000] <- 0x00000001

clint mtime 0x00000000000001A8 (mip.MTI <- 0b1, mip.STI <- 0b0)
mem[X,0x0000000080000D70] -> 0xF06F
mem[X,0x0000000080000D72] -> 0xFF9F
[848] [M]: 0x0000000080000D70 (0xFF9FF06F) jal x0, -0x8                             exit_cleanup+12

mem[X,0x0000000080000D68] -> 0x0397
mem[X,0x0000000080000D6A] -> 0x0000
[849] [M]: 0x0000000080000D68 (0x00000397) auipc x7, 0x0                            exit_cleanup+4
x7 <- 0x0000000080000D68

clint mtime 0x00000000000001A9 (mip.MTI <- 0b1, mip.STI <- 0b0)
mem[X,0x0000000080000D6C] -> 0xAC23
mem[X,0x0000000080000D6E] -> 0x2813
[850] [M]: 0x0000000080000D6C (0x2813AC23) sw x1, 0x298(x7)                         exit_cleanup+8
htif[0x0000000080001000] <- 0x00000001
mem[W,0x0000000080001000] <- 0x00000001

mem[X,0x0000000080000D70] -> 0xF06F
mem[X,0x0000000080000D72] -> 0xFF9F
[851] [M]: 0x0000000080000D70 (0xFF9FF06F) jal x0, -0x8                             exit_cleanup+12

clint mtime 0x00000000000001AA (mip.MTI <- 0b1, mip.STI <- 0b0)
mem[X,0x0000000080000D68] -> 0x0397
mem[X,0x0000000080000D6A] -> 0x0000
[852] [M]: 0x0000000080000D68 (0x00000397) auipc x7, 0x0                            exit_cleanup+4
x7 <- 0x0000000080000D68

mem[X,0x0000000080000D6C] -> 0xAC23
mem[X,0x0000000080000D6E] -> 0x2813
[853] [M]: 0x0000000080000D6C (0x2813AC23) sw x1, 0x298(x7)                         exit_cleanup+8
htif[0x0000000080001000] <- 0x00000001
htif-syscall-proxy cmd: 0x000000000001
mem[W,0x0000000080001000] <- 0x00000001

SUCCESS
clint mtime 0x00000000000001AB (mip.MTI <- 0b1, mip.STI <- 0b0)
