using /opt/riscv-arch-test/riscof-plugins/rv64/riscof_work/pmp/src/pmpm_cfg_tor_all.S/ref/Reference-sail_c_simulator.signature for test-signature output.
setting signature-granularity to 8 bytes
HTIF located at 0x80006000
begin_signature: 0x80008210
end_signature: 0x80008c30
Entry point: 0x80000000
CSR mstatus (0x300) <- 0x0000000A00000000
CSR misa (0x301) <- 0x800000000034112F
CSR mcause (0x342) <- 0x0000000000000000
x10 <- 0x0000000000000000
x11 <- 0x0000000000001000
mem[X,0x0000000080000000] -> 0x7317
mem[X,0x0000000080000002] -> 0x0000
[0] [M]: 0x0000000080000000 (0x00007317) auipc x6, 0x7                              rvtest_init+0
x6 <- 0x0000000080007000

mem[X,0x0000000080000004] -> 0x0313
mem[X,0x0000000080000006] -> 0x0003
[1] [M]: 0x0000000080000004 (0x00030313) addi x6, x6, 0x0                           rvtest_init+4
x6 <- 0x0000000080007000

clint mtime 0x0000000000000001 (mip.MTI <- 0b1, mip.STI <- 0b0)
mem[X,0x0000000080000008] -> 0x0013
mem[X,0x000000008000000A] -> 0x0000
[2] [M]: 0x0000000080000008 (0x00000013) addi x0, x0, 0x0                           rvtest_init+8

mem[X,0x000000008000000C] -> 0x0013
mem[X,0x000000008000000E] -> 0x0000
[3] [M]: 0x000000008000000C (0x00000013) addi x0, x0, 0x0                           rvtest_init+12

clint mtime 0x0000000000000002 (mip.MTI <- 0b1, mip.STI <- 0b0)
mem[X,0x0000000080000010] -> 0x0013
mem[X,0x0000000080000012] -> 0x0000
[4] [M]: 0x0000000080000010 (0x00000013) addi x0, x0, 0x0                           rvtest_init+16

mem[X,0x0000000080000014] -> 0x0013
mem[X,0x0000000080000016] -> 0x0000
[5] [M]: 0x0000000080000014 (0x00000013) addi x0, x0, 0x0                           rvtest_init+20

clint mtime 0x0000000000000003 (mip.MTI <- 0b1, mip.STI <- 0b0)
mem[X,0x0000000080000018] -> 0x0013
mem[X,0x000000008000001A] -> 0x0000
[6] [M]: 0x0000000080000018 (0x00000013) addi x0, x0, 0x0                           rvtest_init+24

mem[X,0x000000008000001C] -> 0x0013
mem[X,0x000000008000001E] -> 0x0000
[7] [M]: 0x000000008000001C (0x00000013) addi x0, x0, 0x0                           rvtest_init+28

clint mtime 0x0000000000000004 (mip.MTI <- 0b1, mip.STI <- 0b0)
mem[X,0x0000000080000020] -> 0x1473
mem[X,0x0000000080000022] -> 0x3403
[8] [M]: 0x0000000080000020 (0x34031473) csrrw x8, mscratch, x6                     init_Mscratch+0
CSR mscratch (0x340) <- 0x0000000080007000
x8 <- 0x0000000000000000

mem[X,0x0000000080000024] -> 0x3823
mem[X,0x0000000080000026] -> 0x2483
[9] [M]: 0x0000000080000024 (0x24833823) sd x8, 0x250(x6)                           init_Mscratch+4
mem[W,0x0000000080007250] <- 0x0000000000000000

clint mtime 0x0000000000000005 (mip.MTI <- 0b1, mip.STI <- 0b0)
mem[X,0x0000000080000028] -> 0x0393
mem[X,0x000000008000002A] -> 0x0000
[10] [M]: 0x0000000080000028 (0x00000393) addi x7, x0, 0x0                          init_Medeleg+0
x7 <- 0x0000000000000000

mem[X,0x000000008000002C] -> 0x93F3
mem[X,0x000000008000002E] -> 0x3023
[11] [M]: 0x000000008000002C (0x302393F3) csrrw x7, medeleg, x7                     init_Medeleg+4
CSR medeleg (0x302) <- 0x0000000000000000
x7 <- 0x0000000000000000

clint mtime 0x0000000000000006 (mip.MTI <- 0b1, mip.STI <- 0b0)
mem[X,0x0000000080000030] -> 0x3C23
mem[X,0x0000000080000032] -> 0x2273
[12] [M]: 0x0000000080000030 (0x22733C23) sd x7, 0x238(x6)                          init_Medeleg+8
mem[W,0x0000000080007238] <- 0x0000000000000000

mem[X,0x0000000080000034] -> 0x2473
mem[X,0x0000000080000036] -> 0x3050
[13] [M]: 0x0000000080000034 (0x30502473) csrrs x8, mtvec, x0                       init_Mtvec+0
CSR mtvec (0x305) -> 0x0000000000000000
x8 <- 0x0000000000000000

clint mtime 0x0000000000000007 (mip.MTI <- 0b1, mip.STI <- 0b0)
mem[X,0x0000000080000038] -> 0x3423
mem[X,0x000000008000003A] -> 0x2483
[14] [M]: 0x0000000080000038 (0x24833423) sd x8, 0x248(x6)                          init_Mtvec+4
mem[W,0x0000000080007248] <- 0x0000000000000000

mem[X,0x000000008000003C] -> 0x7393
mem[X,0x000000008000003E] -> 0x0034
[15] [M]: 0x000000008000003C (0x00347393) andi x7, x8, 0x3                          init_Mtvec+8
x7 <- 0x0000000000000000

clint mtime 0x0000000000000008 (mip.MTI <- 0b1, mip.STI <- 0b0)
mem[X,0x0000000080000040] -> 0x3483
mem[X,0x0000000080000042] -> 0x2303
[16] [M]: 0x0000000080000040 (0x23033483) ld x9, 0x230(x6)                          init_Mtvec+12
mem[R,0x0000000080007230] -> 0x0000000080002494
x9 <- 0x0000000080002494

mem[X,0x0000000080000044] -> 0x8493
mem[X,0x0000000080000046] -> 0xE2C4
[17] [M]: 0x0000000080000044 (0xE2C48493) addi x9, x9, -0x1d4                       init_Mtvec+16
x9 <- 0x00000000800022C0

clint mtime 0x0000000000000009 (mip.MTI <- 0b1, mip.STI <- 0b0)
mem[X,0x0000000080000048] -> 0xE3B3
mem[X,0x000000008000004A] -> 0x0074
[18] [M]: 0x0000000080000048 (0x0074E3B3) or x7, x9, x7                             init_Mtvec+20
x7 <- 0x00000000800022C0

mem[X,0x000000008000004C] -> 0x3023
mem[X,0x000000008000004E] -> 0x2473
[19] [M]: 0x000000008000004C (0x24733023) sd x7, 0x240(x6)                          init_Mtvec+24
mem[W,0x0000000080007240] <- 0x00000000800022C0

clint mtime 0x000000000000000A (mip.MTI <- 0b1, mip.STI <- 0b0)
mem[X,0x0000000080000050] -> 0x9073
mem[X,0x0000000080000052] -> 0x3053
[20] [M]: 0x0000000080000050 (0x30539073) csrrw x0, mtvec, x7                       init_Mtvec+28
CSR mtvec (0x305) <- 0x00000000800022C0

mem[X,0x0000000080000054] -> 0x2573
mem[X,0x0000000080000056] -> 0x3050
[21] [M]: 0x0000000080000054 (0x30502573) csrrs x10, mtvec, x0                      init_Mtvec+32
CSR mtvec (0x305) -> 0x00000000800022C0
x10 <- 0x00000000800022C0

clint mtime 0x000000000000000B (mip.MTI <- 0b1, mip.STI <- 0b0)
mem[X,0x0000000080000058] -> 0x0663
mem[X,0x000000008000005A] -> 0x0875
[22] [M]: 0x0000000080000058 (0x08750663) beq x10, x7, 0x8c                         init_Mtvec+36

mem[X,0x00000000800000E4] -> 0x0013
mem[X,0x00000000800000E6] -> 0x0000
[23] [M]: 0x00000000800000E4 (0x00000013) addi x0, x0, 0x0                          rvtest_Mprolog_done+0

clint mtime 0x000000000000000C (mip.MTI <- 0b1, mip.STI <- 0b0)
mem[X,0x00000000800000E8] -> 0x0013
mem[X,0x00000000800000EA] -> 0x0000
[24] [M]: 0x00000000800000E8 (0x00000013) addi x0, x0, 0x0                          rvtest_Mprolog_done+4

mem[X,0x00000000800000EC] -> 0x0013
mem[X,0x00000000800000EE] -> 0x0000
[25] [M]: 0x00000000800000EC (0x00000013) addi x0, x0, 0x0                          rvtest_Mprolog_done+8

clint mtime 0x000000000000000D (mip.MTI <- 0b1, mip.STI <- 0b0)
mem[X,0x00000000800000F0] -> 0x0013
mem[X,0x00000000800000F2] -> 0x0000
[26] [M]: 0x00000000800000F0 (0x00000013) addi x0, x0, 0x0                          rvtest_Mprolog_done+12

mem[X,0x00000000800000F4] -> 0x0013
mem[X,0x00000000800000F6] -> 0x0000
[27] [M]: 0x00000000800000F4 (0x00000013) addi x0, x0, 0x0                          rvtest_Mprolog_done+16

clint mtime 0x000000000000000E (mip.MTI <- 0b1, mip.STI <- 0b0)
mem[X,0x00000000800000F8] -> 0x0013
mem[X,0x00000000800000FA] -> 0x0000
[28] [M]: 0x00000000800000F8 (0x00000013) addi x0, x0, 0x0                          rvtest_Mprolog_done+20

mem[X,0x00000000800000FC] -> 0x0013
mem[X,0x00000000800000FE] -> 0x0000
[29] [M]: 0x00000000800000FC (0x00000013) addi x0, x0, 0x0                          rvtest_Mprolog_done+24

clint mtime 0x000000000000000F (mip.MTI <- 0b1, mip.STI <- 0b0)
mem[X,0x0000000080000100] -> 0x7317
mem[X,0x0000000080000102] -> 0x0000
[30] [M]: 0x0000000080000100 (0x00007317) auipc x6, 0x7                             rvtest_Mprolog_done+28
x6 <- 0x0000000080007100

mem[X,0x0000000080000104] -> 0x0313
mem[X,0x0000000080000106] -> 0x1983
[31] [M]: 0x0000000080000104 (0x19830313) addi x6, x6, 0x198                        rvtest_Mprolog_done+32
x6 <- 0x0000000080007298

clint mtime 0x0000000000000010 (mip.MTI <- 0b1, mip.STI <- 0b0)
mem[X,0x0000000080000108] -> 0x0001
[32] [M]: 0x0000000080000108 (0x0001) c.nop                                         rvtest_Mprolog_done+36

mem[X,0x000000008000010A] -> 0x0013
mem[X,0x000000008000010C] -> 0x0000
[33] [M]: 0x000000008000010A (0x00000013) addi x0, x0, 0x0                          rvtest_Mprolog_done+38

clint mtime 0x0000000000000011 (mip.MTI <- 0b1, mip.STI <- 0b0)
mem[X,0x000000008000010E] -> 0x0013
mem[X,0x0000000080000110] -> 0x0000
[34] [M]: 0x000000008000010E (0x00000013) addi x0, x0, 0x0                          rvtest_Mprolog_done+42

mem[X,0x0000000080000112] -> 0x0013
mem[X,0x0000000080000114] -> 0x0000
[35] [M]: 0x0000000080000112 (0x00000013) addi x0, x0, 0x0                          rvtest_Mprolog_done+46

clint mtime 0x0000000000000012 (mip.MTI <- 0b1, mip.STI <- 0b0)
mem[X,0x0000000080000116] -> 0x0013
mem[X,0x0000000080000118] -> 0x0000
[36] [M]: 0x0000000080000116 (0x00000013) addi x0, x0, 0x0                          rvtest_Mprolog_done+50

mem[X,0x000000008000011A] -> 0x0013
mem[X,0x000000008000011C] -> 0x0000
[37] [M]: 0x000000008000011A (0x00000013) addi x0, x0, 0x0                          rvtest_Mprolog_done+54

clint mtime 0x0000000000000013 (mip.MTI <- 0b1, mip.STI <- 0b0)
mem[X,0x000000008000011E] -> 0x0001
[38] [M]: 0x000000008000011E (0x0001) c.nop                                         rvtest_Mprolog_done+58

mem[X,0x0000000080000120] -> 0x1473
mem[X,0x0000000080000122] -> 0x1403
[39] [M]: 0x0000000080000120 (0x14031473) csrrw x8, sscratch, x6                    init_Sscratch+0
CSR sscratch (0x140) <- 0x0000000080007298
x8 <- 0x0000000000000000

clint mtime 0x0000000000000014 (mip.MTI <- 0b1, mip.STI <- 0b0)
mem[X,0x0000000080000124] -> 0x3823
mem[X,0x0000000080000126] -> 0x2483
[40] [M]: 0x0000000080000124 (0x24833823) sd x8, 0x250(x6)                          init_Sscratch+4
mem[W,0x00000000800074E8] <- 0x0000000000000000

mem[X,0x0000000080000128] -> 0x0393
mem[X,0x000000008000012A] -> 0x0000
[41] [M]: 0x0000000080000128 (0x00000393) addi x7, x0, 0x0                          init_Sedeleg+0
x7 <- 0x0000000000000000

clint mtime 0x0000000000000015 (mip.MTI <- 0b1, mip.STI <- 0b0)
mem[X,0x000000008000012C] -> 0x3C23
mem[X,0x000000008000012E] -> 0x2273
[42] [M]: 0x000000008000012C (0x22733C23) sd x7, 0x238(x6)                          init_Sedeleg+4
mem[W,0x00000000800074D0] <- 0x0000000000000000

mem[X,0x0000000080000130] -> 0x0013
mem[X,0x0000000080000132] -> 0x0000
[43] [M]: 0x0000000080000130 (0x00000013) addi x0, x0, 0x0                          init_Ssatp+0

clint mtime 0x0000000000000016 (mip.MTI <- 0b1, mip.STI <- 0b0)
mem[X,0x0000000080000134] -> 0x0013
mem[X,0x0000000080000136] -> 0x0000
[44] [M]: 0x0000000080000134 (0x00000013) addi x0, x0, 0x0                          init_Ssatp+4

mem[X,0x0000000080000138] -> 0x0013
mem[X,0x000000008000013A] -> 0x0000
[45] [M]: 0x0000000080000138 (0x00000013) addi x0, x0, 0x0                          init_Ssatp+8

clint mtime 0x0000000000000017 (mip.MTI <- 0b1, mip.STI <- 0b0)
mem[X,0x000000008000013C] -> 0x0013
mem[X,0x000000008000013E] -> 0x0000
[46] [M]: 0x000000008000013C (0x00000013) addi x0, x0, 0x0                          init_Ssatp+12

mem[X,0x0000000080000140] -> 0x8497
mem[X,0x0000000080000142] -> 0x0000
[47] [M]: 0x0000000080000140 (0x00008497) auipc x9, 0x8                             init_Ssatp+16
x9 <- 0x0000000080008140

clint mtime 0x0000000000000018 (mip.MTI <- 0b1, mip.STI <- 0b0)
mem[X,0x0000000080000144] -> 0x8493
mem[X,0x0000000080000146] -> 0xEC04
[48] [M]: 0x0000000080000144 (0xEC048493) addi x9, x9, -0x140                       init_Ssatp+20
x9 <- 0x0000000080008000

mem[X,0x0000000080000148] -> 0x0001
[49] [M]: 0x0000000080000148 (0x0001) c.nop                                         init_Ssatp+24

clint mtime 0x0000000000000019 (mip.MTI <- 0b1, mip.STI <- 0b0)
mem[X,0x000000008000014A] -> 0x0013
mem[X,0x000000008000014C] -> 0x0000
[50] [M]: 0x000000008000014A (0x00000013) addi x0, x0, 0x0                          init_Ssatp+26

mem[X,0x000000008000014E] -> 0x0013
mem[X,0x0000000080000150] -> 0x0000
[51] [M]: 0x000000008000014E (0x00000013) addi x0, x0, 0x0                          init_Ssatp+30

clint mtime 0x000000000000001A (mip.MTI <- 0b1, mip.STI <- 0b0)
mem[X,0x0000000080000152] -> 0x0013
mem[X,0x0000000080000154] -> 0x0000
[52] [M]: 0x0000000080000152 (0x00000013) addi x0, x0, 0x0                          init_Ssatp+34

mem[X,0x0000000080000156] -> 0x0013
mem[X,0x0000000080000158] -> 0x0000
[53] [M]: 0x0000000080000156 (0x00000013) addi x0, x0, 0x0                          init_Ssatp+38

clint mtime 0x000000000000001B (mip.MTI <- 0b1, mip.STI <- 0b0)
mem[X,0x000000008000015A] -> 0x0013
mem[X,0x000000008000015C] -> 0x0000
[54] [M]: 0x000000008000015A (0x00000013) addi x0, x0, 0x0                          init_Ssatp+42

mem[X,0x000000008000015E] -> 0x0001
[55] [M]: 0x000000008000015E (0x0001) c.nop                                         init_Ssatp+46

clint mtime 0x000000000000001C (mip.MTI <- 0b1, mip.STI <- 0b0)
mem[X,0x0000000080000160] -> 0xD493
mem[X,0x0000000080000162] -> 0x00C4
[56] [M]: 0x0000000080000160 (0x00C4D493) srli x9, x9, 0xc                          init_Ssatp+48
x9 <- 0x0000000000080008

mem[X,0x0000000080000164] -> 0x0413
mem[X,0x0000000080000166] -> 0xFFF0
[57] [M]: 0x0000000080000164 (0xFFF00413) addi x8, x0, -0x1                         init_Ssatp+52
x8 <- 0xFFFFFFFFFFFFFFFF

clint mtime 0x000000000000001D (mip.MTI <- 0b1, mip.STI <- 0b0)
mem[X,0x0000000080000168] -> 0x1413
mem[X,0x000000008000016A] -> 0x03F4
[58] [M]: 0x0000000080000168 (0x03F41413) slli x8, x8, 0x3f                         init_Ssatp+56
x8 <- 0x8000000000000000

mem[X,0x000000008000016C] -> 0xE4B3
mem[X,0x000000008000016E] -> 0x0084
[59] [M]: 0x000000008000016C (0x0084E4B3) or x9, x9, x8                             init_Ssatp+60
x9 <- 0x8000000000080008

clint mtime 0x000000000000001E (mip.MTI <- 0b1, mip.STI <- 0b0)
mem[X,0x0000000080000170] -> 0x94F3
mem[X,0x0000000080000172] -> 0x1804
[60] [M]: 0x0000000080000170 (0x180494F3) csrrw x9, satp, x9                        init_Ssatp+64
CSR satp (0x180) <- 0x8000000000080008
x9 <- 0x0000000000000000

mem[X,0x0000000080000174] -> 0x3023
mem[X,0x0000000080000176] -> 0x2293
[61] [M]: 0x0000000080000174 (0x22933023) sd x9, 0x220(x6)                          init_Ssatp+68
mem[W,0x00000000800074B8] <- 0x0000000000000000

clint mtime 0x000000000000001F (mip.MTI <- 0b1, mip.STI <- 0b0)
mem[X,0x0000000080000178] -> 0x2473
mem[X,0x000000008000017A] -> 0x1050
[62] [M]: 0x0000000080000178 (0x10502473) csrrs x8, stvec, x0                       init_Stvec+0
CSR stvec (0x105) -> 0x0000000000000000
x8 <- 0x0000000000000000

mem[X,0x000000008000017C] -> 0x3423
mem[X,0x000000008000017E] -> 0x2483
[63] [M]: 0x000000008000017C (0x24833423) sd x8, 0x248(x6)                          init_Stvec+4
mem[W,0x00000000800074E0] <- 0x0000000000000000

clint mtime 0x0000000000000020 (mip.MTI <- 0b1, mip.STI <- 0b0)
mem[X,0x0000000080000180] -> 0x7393
mem[X,0x0000000080000182] -> 0x0034
[64] [M]: 0x0000000080000180 (0x00347393) andi x7, x8, 0x3                          init_Stvec+8
x7 <- 0x0000000000000000

mem[X,0x0000000080000184] -> 0x3483
mem[X,0x0000000080000186] -> 0x2303
[65] [M]: 0x0000000080000184 (0x23033483) ld x9, 0x230(x6)                          init_Stvec+12
mem[R,0x00000000800074C8] -> 0x0000000080002DD4
x9 <- 0x0000000080002DD4

clint mtime 0x0000000000000021 (mip.MTI <- 0b1, mip.STI <- 0b0)
mem[X,0x0000000080000188] -> 0x8493
mem[X,0x000000008000018A] -> 0xE2C4
[66] [M]: 0x0000000080000188 (0xE2C48493) addi x9, x9, -0x1d4                       init_Stvec+16
x9 <- 0x0000000080002C00

mem[X,0x000000008000018C] -> 0xE3B3
mem[X,0x000000008000018E] -> 0x0074
[67] [M]: 0x000000008000018C (0x0074E3B3) or x7, x9, x7                             init_Stvec+20
x7 <- 0x0000000080002C00

clint mtime 0x0000000000000022 (mip.MTI <- 0b1, mip.STI <- 0b0)
mem[X,0x0000000080000190] -> 0x3023
mem[X,0x0000000080000192] -> 0x2473
[68] [M]: 0x0000000080000190 (0x24733023) sd x7, 0x240(x6)                          init_Stvec+24
mem[W,0x00000000800074D8] <- 0x0000000080002C00

mem[X,0x0000000080000194] -> 0x9073
mem[X,0x0000000080000196] -> 0x1053
[69] [M]: 0x0000000080000194 (0x10539073) csrrw x0, stvec, x7                       init_Stvec+28
CSR stvec (0x105) <- 0x0000000080002C00

clint mtime 0x0000000000000023 (mip.MTI <- 0b1, mip.STI <- 0b0)
mem[X,0x0000000080000198] -> 0x2573
mem[X,0x000000008000019A] -> 0x1050
[70] [M]: 0x0000000080000198 (0x10502573) csrrs x10, stvec, x0                      init_Stvec+32
CSR stvec (0x105) -> 0x0000000080002C00
x10 <- 0x0000000080002C00

mem[X,0x000000008000019C] -> 0x0463
mem[X,0x000000008000019E] -> 0x0875
[71] [M]: 0x000000008000019C (0x08750463) beq x10, x7, 0x88                         init_Stvec+36

clint mtime 0x0000000000000024 (mip.MTI <- 0b1, mip.STI <- 0b0)
mem[X,0x0000000080000224] -> 0x0093
mem[X,0x0000000080000226] -> 0x0000
[72] [M]: 0x0000000080000224 (0x00000093) addi x1, x0, 0x0                          rvtest_entrypoint+0
x1 <- 0x0000000000000000

mem[X,0x0000000080000228] -> 0x9073
mem[X,0x000000008000022A] -> 0x3000
[73] [M]: 0x0000000080000228 (0x30009073) csrrw x0, mstatus, x1                     rvtest_entrypoint+4
CSR mstatus (0x300) <- 0x0000000A00000000

clint mtime 0x0000000000000025 (mip.MTI <- 0b1, mip.STI <- 0b0)
mem[X,0x000000008000022C] -> 0x9073
mem[X,0x000000008000022E] -> 0x3410
[74] [M]: 0x000000008000022C (0x34109073) csrrw x0, mepc, x1                        rvtest_entrypoint+8
CSR mepc (0x341) <- 0x0000000000000000

mem[X,0x0000000080000230] -> 0x9073
mem[X,0x0000000080000232] -> 0x3440
[75] [M]: 0x0000000080000230 (0x34409073) csrrw x0, mip, x1                         rvtest_entrypoint+12
CSR mip (0x344) <- 0x0000000000000080

clint mtime 0x0000000000000026 (mip.MTI <- 0b1, mip.STI <- 0b0)
mem[X,0x0000000080000234] -> 0x9073
mem[X,0x0000000080000236] -> 0x3430
[76] [M]: 0x0000000080000234 (0x34309073) csrrw x0, mtval, x1                       rvtest_entrypoint+16
CSR mtval (0x343) <- 0x0000000000000000

mem[X,0x0000000080000238] -> 0x9073
mem[X,0x000000008000023A] -> 0x3420
[77] [M]: 0x0000000080000238 (0x34209073) csrrw x0, mcause, x1                      rvtest_entrypoint+20
CSR mcause (0x342) <- 0x0000000000000000

clint mtime 0x0000000000000027 (mip.MTI <- 0b1, mip.STI <- 0b0)
mem[X,0x000000008000023C] -> 0x0837
mem[X,0x000000008000023E] -> 0x7D5C
[78] [M]: 0x000000008000023C (0x7D5C0837) lui x16, 0x7d5c0                          rvtest_entrypoint+24
x16 <- 0x000000007D5C0000

mem[X,0x0000000080000240] -> 0x0813
mem[X,0x0000000080000242] -> 0xDDB8
[79] [M]: 0x0000000080000240 (0xDDB80813) addi x16, x16, -0x225                     rvtest_entrypoint+28
x16 <- 0x000000007D5BFDDB

clint mtime 0x0000000000000028 (mip.MTI <- 0b1, mip.STI <- 0b0)
mem[X,0x0000000080000244] -> 0x1813
mem[X,0x0000000080000246] -> 0x00B8
[80] [M]: 0x0000000080000244 (0x00B81813) slli x16, x16, 0xb                        rvtest_entrypoint+32
x16 <- 0x000003EADFEED800

mem[X,0x0000000080000248] -> 0x0813
mem[X,0x000000008000024A] -> 0x3EA8
[81] [M]: 0x0000000080000248 (0x3EA80813) addi x16, x16, 0x3ea                      rvtest_entrypoint+36
x16 <- 0x000003EADFEEDBEA

clint mtime 0x0000000000000029 (mip.MTI <- 0b1, mip.STI <- 0b0)
mem[X,0x000000008000024C] -> 0x1813
mem[X,0x000000008000024E] -> 0x00B8
[82] [M]: 0x000000008000024C (0x00B81813) slli x16, x16, 0xb                        rvtest_entrypoint+40
x16 <- 0x001F56FF76DF5000

mem[X,0x0000000080000250] -> 0x0813
mem[X,0x0000000080000252] -> 0x6FF8
[83] [M]: 0x0000000080000250 (0x6FF80813) addi x16, x16, 0x6ff                      rvtest_entrypoint+44
x16 <- 0x001F56FF76DF56FF

clint mtime 0x000000000000002A (mip.MTI <- 0b1, mip.STI <- 0b0)
mem[X,0x0000000080000254] -> 0x1813
mem[X,0x0000000080000256] -> 0x00A8
[84] [M]: 0x0000000080000254 (0x00A81813) slli x16, x16, 0xa                        rvtest_entrypoint+48
x16 <- 0x7D5BFDDB7D5BFC00

mem[X,0x0000000080000258] -> 0x0813
mem[X,0x000000008000025A] -> 0x1DB8
[85] [M]: 0x0000000080000258 (0x1DB80813) addi x16, x16, 0x1db                      rvtest_entrypoint+52
x16 <- 0x7D5BFDDB7D5BFDDB

clint mtime 0x000000000000002B (mip.MTI <- 0b1, mip.STI <- 0b0)
mem[X,0x000000008000025C] -> 0x5893
mem[X,0x000000008000025E] -> 0x0078
[86] [M]: 0x000000008000025C (0x00785893) srli x17, x16, 0x7                        rvtest_entrypoint+56
x17 <- 0x00FAB7FBB6FAB7FB

mem[X,0x0000000080000260] -> 0x5793
mem[X,0x0000000080000262] -> 0x0398
[87] [M]: 0x0000000080000260 (0x03985793) srli x15, x16, 0x39                       rvtest_entrypoint+60
x15 <- 0x000000000000003E

clint mtime 0x000000000000002C (mip.MTI <- 0b1, mip.STI <- 0b0)
mem[X,0x0000000080000264] -> 0xE8B3
mem[X,0x0000000080000266] -> 0x00F8
[88] [M]: 0x0000000080000264 (0x00F8E8B3) or x17, x17, x15                          rvtest_entrypoint+64
x17 <- 0x00FAB7FBB6FAB7FF

mem[X,0x0000000080000268] -> 0xD913
mem[X,0x000000008000026A] -> 0x0078
[89] [M]: 0x0000000080000268 (0x0078D913) srli x18, x17, 0x7                        rvtest_entrypoint+68
x18 <- 0x0001F56FF76DF56F

clint mtime 0x000000000000002D (mip.MTI <- 0b1, mip.STI <- 0b0)
mem[X,0x000000008000026C] -> 0xD793
mem[X,0x000000008000026E] -> 0x0398
[90] [M]: 0x000000008000026C (0x0398D793) srli x15, x17, 0x39                       rvtest_entrypoint+72
x15 <- 0x0000000000000000

mem[X,0x0000000080000270] -> 0x6933
mem[X,0x0000000080000272] -> 0x00F9
[91] [M]: 0x0000000080000270 (0x00F96933) or x18, x18, x15                          rvtest_entrypoint+76
x18 <- 0x0001F56FF76DF56F

clint mtime 0x000000000000002E (mip.MTI <- 0b1, mip.STI <- 0b0)
mem[X,0x0000000080000274] -> 0x5993
mem[X,0x0000000080000276] -> 0x0079
[92] [M]: 0x0000000080000274 (0x00795993) srli x19, x18, 0x7                        rvtest_entrypoint+80
x19 <- 0x000003EADFEEDBEA

mem[X,0x0000000080000278] -> 0x5793
mem[X,0x000000008000027A] -> 0x0399
[93] [M]: 0x0000000080000278 (0x03995793) srli x15, x18, 0x39                       rvtest_entrypoint+84
x15 <- 0x0000000000000000

clint mtime 0x000000000000002F (mip.MTI <- 0b1, mip.STI <- 0b0)
mem[X,0x000000008000027C] -> 0xE9B3
mem[X,0x000000008000027E] -> 0x00F9
[94] [M]: 0x000000008000027C (0x00F9E9B3) or x19, x19, x15                          rvtest_entrypoint+88
x19 <- 0x000003EADFEEDBEA

mem[X,0x0000000080000280] -> 0xDA13
mem[X,0x0000000080000282] -> 0x0079
[95] [M]: 0x0000000080000280 (0x0079DA13) srli x20, x19, 0x7                        rvtest_entrypoint+92
x20 <- 0x00000007D5BFDDB7

clint mtime 0x0000000000000030 (mip.MTI <- 0b1, mip.STI <- 0b0)
mem[X,0x0000000080000284] -> 0xD793
mem[X,0x0000000080000286] -> 0x0399
[96] [M]: 0x0000000080000284 (0x0399D793) srli x15, x19, 0x39                       rvtest_entrypoint+96
x15 <- 0x0000000000000000

mem[X,0x0000000080000288] -> 0x6A33
mem[X,0x000000008000028A] -> 0x00FA
[97] [M]: 0x0000000080000288 (0x00FA6A33) or x20, x20, x15                          rvtest_entrypoint+100
x20 <- 0x00000007D5BFDDB7

clint mtime 0x0000000000000031 (mip.MTI <- 0b1, mip.STI <- 0b0)
mem[X,0x000000008000028C] -> 0x5A93
mem[X,0x000000008000028E] -> 0x007A
[98] [M]: 0x000000008000028C (0x007A5A93) srli x21, x20, 0x7                        rvtest_entrypoint+104
x21 <- 0x000000000FAB7FBB

mem[X,0x0000000080000290] -> 0x5793
mem[X,0x0000000080000292] -> 0x039A
[99] [M]: 0x0000000080000290 (0x039A5793) srli x15, x20, 0x39                       rvtest_entrypoint+108
x15 <- 0x0000000000000000

clint mtime 0x0000000000000032 (mip.MTI <- 0b1, mip.STI <- 0b0)
mem[X,0x0000000080000294] -> 0xEAB3
mem[X,0x0000000080000296] -> 0x00FA
[100] [M]: 0x0000000080000294 (0x00FAEAB3) or x21, x21, x15                         rvtest_entrypoint+112
x21 <- 0x000000000FAB7FBB

mem[X,0x0000000080000298] -> 0xDB13
mem[X,0x000000008000029A] -> 0x007A
[101] [M]: 0x0000000080000298 (0x007ADB13) srli x22, x21, 0x7                       rvtest_entrypoint+116
x22 <- 0x00000000001F56FF

clint mtime 0x0000000000000033 (mip.MTI <- 0b1, mip.STI <- 0b0)
mem[X,0x000000008000029C] -> 0xD793
mem[X,0x000000008000029E] -> 0x039A
[102] [M]: 0x000000008000029C (0x039AD793) srli x15, x21, 0x39                      rvtest_entrypoint+120
x15 <- 0x0000000000000000

mem[X,0x00000000800002A0] -> 0x6B33
mem[X,0x00000000800002A2] -> 0x00FB
[103] [M]: 0x00000000800002A0 (0x00FB6B33) or x22, x22, x15                         rvtest_entrypoint+124
x22 <- 0x00000000001F56FF

clint mtime 0x0000000000000034 (mip.MTI <- 0b1, mip.STI <- 0b0)
mem[X,0x00000000800002A4] -> 0x5B93
mem[X,0x00000000800002A6] -> 0x007B
[104] [M]: 0x00000000800002A4 (0x007B5B93) srli x23, x22, 0x7                       rvtest_entrypoint+128
x23 <- 0x0000000000003EAD

mem[X,0x00000000800002A8] -> 0x5793
mem[X,0x00000000800002AA] -> 0x039B
[105] [M]: 0x00000000800002A8 (0x039B5793) srli x15, x22, 0x39                      rvtest_entrypoint+132
x15 <- 0x0000000000000000

clint mtime 0x0000000000000035 (mip.MTI <- 0b1, mip.STI <- 0b0)
mem[X,0x00000000800002AC] -> 0xEBB3
mem[X,0x00000000800002AE] -> 0x00FB
[106] [M]: 0x00000000800002AC (0x00FBEBB3) or x23, x23, x15                         rvtest_entrypoint+136
x23 <- 0x0000000000003EAD

mem[X,0x00000000800002B0] -> 0xDC13
mem[X,0x00000000800002B2] -> 0x007B
[107] [M]: 0x00000000800002B0 (0x007BDC13) srli x24, x23, 0x7                       rvtest_entrypoint+140
x24 <- 0x000000000000007D

clint mtime 0x0000000000000036 (mip.MTI <- 0b1, mip.STI <- 0b0)
mem[X,0x00000000800002B4] -> 0xD793
mem[X,0x00000000800002B6] -> 0x039B
[108] [M]: 0x00000000800002B4 (0x039BD793) srli x15, x23, 0x39                      rvtest_entrypoint+144
x15 <- 0x0000000000000000

mem[X,0x00000000800002B8] -> 0x6C33
mem[X,0x00000000800002BA] -> 0x00FC
[109] [M]: 0x00000000800002B8 (0x00FC6C33) or x24, x24, x15                         rvtest_entrypoint+148
x24 <- 0x000000000000007D

clint mtime 0x0000000000000037 (mip.MTI <- 0b1, mip.STI <- 0b0)
mem[X,0x00000000800002BC] -> 0x5C93
mem[X,0x00000000800002BE] -> 0x007C
[110] [M]: 0x00000000800002BC (0x007C5C93) srli x25, x24, 0x7                       rvtest_entrypoint+152
x25 <- 0x0000000000000000

mem[X,0x00000000800002C0] -> 0x5793
mem[X,0x00000000800002C2] -> 0x039C
[111] [M]: 0x00000000800002C0 (0x039C5793) srli x15, x24, 0x39                      rvtest_entrypoint+156
x15 <- 0x0000000000000000

clint mtime 0x0000000000000038 (mip.MTI <- 0b1, mip.STI <- 0b0)
mem[X,0x00000000800002C4] -> 0xECB3
mem[X,0x00000000800002C6] -> 0x00FC
[112] [M]: 0x00000000800002C4 (0x00FCECB3) or x25, x25, x15                         rvtest_entrypoint+160
x25 <- 0x0000000000000000

mem[X,0x00000000800002C8] -> 0xDD13
mem[X,0x00000000800002CA] -> 0x007C
[113] [M]: 0x00000000800002C8 (0x007CDD13) srli x26, x25, 0x7                       rvtest_entrypoint+164
x26 <- 0x0000000000000000

clint mtime 0x0000000000000039 (mip.MTI <- 0b1, mip.STI <- 0b0)
mem[X,0x00000000800002CC] -> 0xD793
mem[X,0x00000000800002CE] -> 0x039C
[114] [M]: 0x00000000800002CC (0x039CD793) srli x15, x25, 0x39                      rvtest_entrypoint+168
x15 <- 0x0000000000000000

mem[X,0x00000000800002D0] -> 0x6D33
mem[X,0x00000000800002D2] -> 0x00FD
[115] [M]: 0x00000000800002D0 (0x00FD6D33) or x26, x26, x15                         rvtest_entrypoint+172
x26 <- 0x0000000000000000

clint mtime 0x000000000000003A (mip.MTI <- 0b1, mip.STI <- 0b0)
mem[X,0x00000000800002D4] -> 0x5D93
mem[X,0x00000000800002D6] -> 0x007D
[116] [M]: 0x00000000800002D4 (0x007D5D93) srli x27, x26, 0x7                       rvtest_entrypoint+176
x27 <- 0x0000000000000000

mem[X,0x00000000800002D8] -> 0x5793
mem[X,0x00000000800002DA] -> 0x039D
[117] [M]: 0x00000000800002D8 (0x039D5793) srli x15, x26, 0x39                      rvtest_entrypoint+180
x15 <- 0x0000000000000000

clint mtime 0x000000000000003B (mip.MTI <- 0b1, mip.STI <- 0b0)
mem[X,0x00000000800002DC] -> 0xEDB3
mem[X,0x00000000800002DE] -> 0x00FD
[118] [M]: 0x00000000800002DC (0x00FDEDB3) or x27, x27, x15                         rvtest_entrypoint+184
x27 <- 0x0000000000000000

mem[X,0x00000000800002E0] -> 0xDE13
mem[X,0x00000000800002E2] -> 0x007D
[119] [M]: 0x00000000800002E0 (0x007DDE13) srli x28, x27, 0x7                       rvtest_entrypoint+188
x28 <- 0x0000000000000000

clint mtime 0x000000000000003C (mip.MTI <- 0b1, mip.STI <- 0b0)
mem[X,0x00000000800002E4] -> 0xD793
mem[X,0x00000000800002E6] -> 0x039D
[120] [M]: 0x00000000800002E4 (0x039DD793) srli x15, x27, 0x39                      rvtest_entrypoint+192
x15 <- 0x0000000000000000

mem[X,0x00000000800002E8] -> 0x6E33
mem[X,0x00000000800002EA] -> 0x00FE
[121] [M]: 0x00000000800002E8 (0x00FE6E33) or x28, x28, x15                         rvtest_entrypoint+196
x28 <- 0x0000000000000000

clint mtime 0x000000000000003D (mip.MTI <- 0b1, mip.STI <- 0b0)
mem[X,0x00000000800002EC] -> 0x5E93
mem[X,0x00000000800002EE] -> 0x007E
[122] [M]: 0x00000000800002EC (0x007E5E93) srli x29, x28, 0x7                       rvtest_entrypoint+200
x29 <- 0x0000000000000000

mem[X,0x00000000800002F0] -> 0x5793
mem[X,0x00000000800002F2] -> 0x039E
[123] [M]: 0x00000000800002F0 (0x039E5793) srli x15, x28, 0x39                      rvtest_entrypoint+204
x15 <- 0x0000000000000000

clint mtime 0x000000000000003E (mip.MTI <- 0b1, mip.STI <- 0b0)
mem[X,0x00000000800002F4] -> 0xEEB3
mem[X,0x00000000800002F6] -> 0x00FE
[124] [M]: 0x00000000800002F4 (0x00FEEEB3) or x29, x29, x15                         rvtest_entrypoint+208
x29 <- 0x0000000000000000

mem[X,0x00000000800002F8] -> 0xDF13
mem[X,0x00000000800002FA] -> 0x007E
[125] [M]: 0x00000000800002F8 (0x007EDF13) srli x30, x29, 0x7                       rvtest_entrypoint+212
x30 <- 0x0000000000000000

clint mtime 0x000000000000003F (mip.MTI <- 0b1, mip.STI <- 0b0)
mem[X,0x00000000800002FC] -> 0xD793
mem[X,0x00000000800002FE] -> 0x039E
[126] [M]: 0x00000000800002FC (0x039ED793) srli x15, x29, 0x39                      rvtest_entrypoint+216
x15 <- 0x0000000000000000

mem[X,0x0000000080000300] -> 0x6F33
mem[X,0x0000000080000302] -> 0x00FF
[127] [M]: 0x0000000080000300 (0x00FF6F33) or x30, x30, x15                         rvtest_entrypoint+220
x30 <- 0x0000000000000000

clint mtime 0x0000000000000040 (mip.MTI <- 0b1, mip.STI <- 0b0)
mem[X,0x0000000080000304] -> 0xC0B7
mem[X,0x0000000080000306] -> 0xFEED
[128] [M]: 0x0000000080000304 (0xFEEDC0B7) lui x1, -0x1124                          rvtest_entrypoint+224
x1 <- 0xFFFFFFFFFEEDC000

mem[X,0x0000000080000308] -> 0x8093
mem[X,0x000000008000030A] -> 0xEAD0
[129] [M]: 0x0000000080000308 (0xEAD08093) addi x1, x1, -0x153                      rvtest_entrypoint+228
x1 <- 0xFFFFFFFFFEEDBEAD

clint mtime 0x0000000000000041 (mip.MTI <- 0b1, mip.STI <- 0b0)
mem[X,0x000000008000030C] -> 0x9093
mem[X,0x000000008000030E] -> 0x00B0
[130] [M]: 0x000000008000030C (0x00B09093) slli x1, x1, 0xb                         rvtest_entrypoint+232
x1 <- 0xFFFFFFF76DF56800

mem[X,0x0000000080000310] -> 0x8093
mem[X,0x0000000080000312] -> 0x7F70
[131] [M]: 0x0000000080000310 (0x7F708093) addi x1, x1, 0x7f7                       rvtest_entrypoint+236
x1 <- 0xFFFFFFF76DF56FF7

clint mtime 0x0000000000000042 (mip.MTI <- 0b1, mip.STI <- 0b0)
mem[X,0x0000000080000314] -> 0x9093
mem[X,0x0000000080000316] -> 0x00B0
[132] [M]: 0x0000000080000314 (0x00B09093) slli x1, x1, 0xb                         rvtest_entrypoint+240
x1 <- 0xFFFFBB6FAB7FB800

mem[X,0x0000000080000318] -> 0x8093
mem[X,0x000000008000031A] -> 0x36F0
[133] [M]: 0x0000000080000318 (0x36F08093) addi x1, x1, 0x36f                       rvtest_entrypoint+244
x1 <- 0xFFFFBB6FAB7FBB6F

clint mtime 0x0000000000000043 (mip.MTI <- 0b1, mip.STI <- 0b0)
mem[X,0x000000008000031C] -> 0x9093
mem[X,0x000000008000031E] -> 0x00A0
[134] [M]: 0x000000008000031C (0x00A09093) slli x1, x1, 0xa                         rvtest_entrypoint+248
x1 <- 0xFEEDBEADFEEDBC00

mem[X,0x0000000080000320] -> 0x8093
mem[X,0x0000000080000322] -> 0x2AD0
[135] [M]: 0x0000000080000320 (0x2AD08093) addi x1, x1, 0x2ad                       rvtest_entrypoint+252
x1 <- 0xFEEDBEADFEEDBEAD

clint mtime 0x0000000000000044 (mip.MTI <- 0b1, mip.STI <- 0b0)
mem[X,0x0000000080000324] -> 0xD113
mem[X,0x0000000080000326] -> 0x0070
[136] [M]: 0x0000000080000324 (0x0070D113) srli x2, x1, 0x7                         rvtest_entrypoint+256
x2 <- 0x01FDDB7D5BFDDB7D

mem[X,0x0000000080000328] -> 0xD793
mem[X,0x000000008000032A] -> 0x0390
[137] [M]: 0x0000000080000328 (0x0390D793) srli x15, x1, 0x39                       rvtest_entrypoint+260
x15 <- 0x000000000000007F

clint mtime 0x0000000000000045 (mip.MTI <- 0b1, mip.STI <- 0b0)
mem[X,0x000000008000032C] -> 0x6133
mem[X,0x000000008000032E] -> 0x00F1
[138] [M]: 0x000000008000032C (0x00F16133) or x2, x2, x15                           rvtest_entrypoint+264
x2 <- 0x01FDDB7D5BFDDB7F

mem[X,0x0000000080000330] -> 0x5193
mem[X,0x0000000080000332] -> 0x0071
[139] [M]: 0x0000000080000330 (0x00715193) srli x3, x2, 0x7                         rvtest_entrypoint+268
x3 <- 0x0003FBB6FAB7FBB6

clint mtime 0x0000000000000046 (mip.MTI <- 0b1, mip.STI <- 0b0)
mem[X,0x0000000080000334] -> 0x5793
mem[X,0x0000000080000336] -> 0x0391
[140] [M]: 0x0000000080000334 (0x03915793) srli x15, x2, 0x39                       rvtest_entrypoint+272
x15 <- 0x0000000000000000

mem[X,0x0000000080000338] -> 0xE1B3
mem[X,0x000000008000033A] -> 0x00F1
[141] [M]: 0x0000000080000338 (0x00F1E1B3) or x3, x3, x15                           rvtest_entrypoint+276
x3 <- 0x0003FBB6FAB7FBB6

clint mtime 0x0000000000000047 (mip.MTI <- 0b1, mip.STI <- 0b0)
mem[X,0x000000008000033C] -> 0xD213
mem[X,0x000000008000033E] -> 0x0071
[142] [M]: 0x000000008000033C (0x0071D213) srli x4, x3, 0x7                         rvtest_entrypoint+280
x4 <- 0x000007F76DF56FF7

mem[X,0x0000000080000340] -> 0xD793
mem[X,0x0000000080000342] -> 0x0391
[143] [M]: 0x0000000080000340 (0x0391D793) srli x15, x3, 0x39                       rvtest_entrypoint+284
x15 <- 0x0000000000000000

clint mtime 0x0000000000000048 (mip.MTI <- 0b1, mip.STI <- 0b0)
mem[X,0x0000000080000344] -> 0x6233
mem[X,0x0000000080000346] -> 0x00F2
[144] [M]: 0x0000000080000344 (0x00F26233) or x4, x4, x15                           rvtest_entrypoint+288
x4 <- 0x000007F76DF56FF7

mem[X,0x0000000080000348] -> 0x5293
mem[X,0x000000008000034A] -> 0x0072
[145] [M]: 0x0000000080000348 (0x00725293) srli x5, x4, 0x7                         rvtest_entrypoint+292
x5 <- 0x0000000FEEDBEADF

clint mtime 0x0000000000000049 (mip.MTI <- 0b1, mip.STI <- 0b0)
mem[X,0x000000008000034C] -> 0x5793
mem[X,0x000000008000034E] -> 0x0392
[146] [M]: 0x000000008000034C (0x03925793) srli x15, x4, 0x39                       rvtest_entrypoint+296
x15 <- 0x0000000000000000

mem[X,0x0000000080000350] -> 0xE2B3
mem[X,0x0000000080000352] -> 0x00F2
[147] [M]: 0x0000000080000350 (0x00F2E2B3) or x5, x5, x15                           rvtest_entrypoint+300
x5 <- 0x0000000FEEDBEADF

clint mtime 0x000000000000004A (mip.MTI <- 0b1, mip.STI <- 0b0)
mem[X,0x0000000080000354] -> 0xD313
mem[X,0x0000000080000356] -> 0x0072
[148] [M]: 0x0000000080000354 (0x0072D313) srli x6, x5, 0x7                         rvtest_entrypoint+304
x6 <- 0x000000001FDDB7D5

mem[X,0x0000000080000358] -> 0xD793
mem[X,0x000000008000035A] -> 0x0392
[149] [M]: 0x0000000080000358 (0x0392D793) srli x15, x5, 0x39                       rvtest_entrypoint+308
x15 <- 0x0000000000000000

clint mtime 0x000000000000004B (mip.MTI <- 0b1, mip.STI <- 0b0)
mem[X,0x000000008000035C] -> 0x6333
mem[X,0x000000008000035E] -> 0x00F3
[150] [M]: 0x000000008000035C (0x00F36333) or x6, x6, x15                           rvtest_entrypoint+312
x6 <- 0x000000001FDDB7D5

mem[X,0x0000000080000360] -> 0x5393
mem[X,0x0000000080000362] -> 0x0073
[151] [M]: 0x0000000080000360 (0x00735393) srli x7, x6, 0x7                         rvtest_entrypoint+316
x7 <- 0x00000000003FBB6F

clint mtime 0x000000000000004C (mip.MTI <- 0b1, mip.STI <- 0b0)
mem[X,0x0000000080000364] -> 0x5793
mem[X,0x0000000080000366] -> 0x0393
[152] [M]: 0x0000000080000364 (0x03935793) srli x15, x6, 0x39                       rvtest_entrypoint+320
x15 <- 0x0000000000000000

mem[X,0x0000000080000368] -> 0xE3B3
mem[X,0x000000008000036A] -> 0x00F3
[153] [M]: 0x0000000080000368 (0x00F3E3B3) or x7, x7, x15                           rvtest_entrypoint+324
x7 <- 0x00000000003FBB6F

clint mtime 0x000000000000004D (mip.MTI <- 0b1, mip.STI <- 0b0)
mem[X,0x000000008000036C] -> 0xD413
mem[X,0x000000008000036E] -> 0x0073
[154] [M]: 0x000000008000036C (0x0073D413) srli x8, x7, 0x7                         rvtest_entrypoint+328
x8 <- 0x0000000000007F76

mem[X,0x0000000080000370] -> 0xD793
mem[X,0x0000000080000372] -> 0x0393
[155] [M]: 0x0000000080000370 (0x0393D793) srli x15, x7, 0x39                       rvtest_entrypoint+332
x15 <- 0x0000000000000000

clint mtime 0x000000000000004E (mip.MTI <- 0b1, mip.STI <- 0b0)
mem[X,0x0000000080000374] -> 0x6433
mem[X,0x0000000080000376] -> 0x00F4
[156] [M]: 0x0000000080000374 (0x00F46433) or x8, x8, x15                           rvtest_entrypoint+336
x8 <- 0x0000000000007F76

mem[X,0x0000000080000378] -> 0x5493
mem[X,0x000000008000037A] -> 0x0074
[157] [M]: 0x0000000080000378 (0x00745493) srli x9, x8, 0x7                         rvtest_entrypoint+340
x9 <- 0x00000000000000FE

clint mtime 0x000000000000004F (mip.MTI <- 0b1, mip.STI <- 0b0)
mem[X,0x000000008000037C] -> 0x5793
mem[X,0x000000008000037E] -> 0x0394
[158] [M]: 0x000000008000037C (0x03945793) srli x15, x8, 0x39                       rvtest_entrypoint+344
x15 <- 0x0000000000000000

mem[X,0x0000000080000380] -> 0xE4B3
mem[X,0x0000000080000382] -> 0x00F4
[159] [M]: 0x0000000080000380 (0x00F4E4B3) or x9, x9, x15                           rvtest_entrypoint+348
x9 <- 0x00000000000000FE

clint mtime 0x0000000000000050 (mip.MTI <- 0b1, mip.STI <- 0b0)
mem[X,0x0000000080000384] -> 0xD513
mem[X,0x0000000080000386] -> 0x0074
[160] [M]: 0x0000000080000384 (0x0074D513) srli x10, x9, 0x7                        rvtest_entrypoint+352
x10 <- 0x0000000000000001

mem[X,0x0000000080000388] -> 0xD793
mem[X,0x000000008000038A] -> 0x0394
[161] [M]: 0x0000000080000388 (0x0394D793) srli x15, x9, 0x39                       rvtest_entrypoint+356
x15 <- 0x0000000000000000

clint mtime 0x0000000000000051 (mip.MTI <- 0b1, mip.STI <- 0b0)
mem[X,0x000000008000038C] -> 0x6533
mem[X,0x000000008000038E] -> 0x00F5
[162] [M]: 0x000000008000038C (0x00F56533) or x10, x10, x15                         rvtest_entrypoint+360
x10 <- 0x0000000000000001

mem[X,0x0000000080000390] -> 0x5593
mem[X,0x0000000080000392] -> 0x0075
[163] [M]: 0x0000000080000390 (0x00755593) srli x11, x10, 0x7                       rvtest_entrypoint+364
x11 <- 0x0000000000000000

clint mtime 0x0000000000000052 (mip.MTI <- 0b1, mip.STI <- 0b0)
mem[X,0x0000000080000394] -> 0x5793
mem[X,0x0000000080000396] -> 0x0395
[164] [M]: 0x0000000080000394 (0x03955793) srli x15, x10, 0x39                      rvtest_entrypoint+368
x15 <- 0x0000000000000000

mem[X,0x0000000080000398] -> 0xE5B3
mem[X,0x000000008000039A] -> 0x00F5
[165] [M]: 0x0000000080000398 (0x00F5E5B3) or x11, x11, x15                         rvtest_entrypoint+372
x11 <- 0x0000000000000000

clint mtime 0x0000000000000053 (mip.MTI <- 0b1, mip.STI <- 0b0)
mem[X,0x000000008000039C] -> 0xD613
mem[X,0x000000008000039E] -> 0x0075
[166] [M]: 0x000000008000039C (0x0075D613) srli x12, x11, 0x7                       rvtest_entrypoint+376
x12 <- 0x0000000000000000

mem[X,0x00000000800003A0] -> 0xD793
mem[X,0x00000000800003A2] -> 0x0395
[167] [M]: 0x00000000800003A0 (0x0395D793) srli x15, x11, 0x39                      rvtest_entrypoint+380
x15 <- 0x0000000000000000

clint mtime 0x0000000000000054 (mip.MTI <- 0b1, mip.STI <- 0b0)
mem[X,0x00000000800003A4] -> 0x6633
mem[X,0x00000000800003A6] -> 0x00F6
[168] [M]: 0x00000000800003A4 (0x00F66633) or x12, x12, x15                         rvtest_entrypoint+384
x12 <- 0x0000000000000000

mem[X,0x00000000800003A8] -> 0x5693
mem[X,0x00000000800003AA] -> 0x0076
[169] [M]: 0x00000000800003A8 (0x00765693) srli x13, x12, 0x7                       rvtest_entrypoint+388
x13 <- 0x0000000000000000

clint mtime 0x0000000000000055 (mip.MTI <- 0b1, mip.STI <- 0b0)
mem[X,0x00000000800003AC] -> 0x5793
mem[X,0x00000000800003AE] -> 0x0396
[170] [M]: 0x00000000800003AC (0x03965793) srli x15, x12, 0x39                      rvtest_entrypoint+392
x15 <- 0x0000000000000000

mem[X,0x00000000800003B0] -> 0xE6B3
mem[X,0x00000000800003B2] -> 0x00F6
[171] [M]: 0x00000000800003B0 (0x00F6E6B3) or x13, x13, x15                         rvtest_entrypoint+396
x13 <- 0x0000000000000000

clint mtime 0x0000000000000056 (mip.MTI <- 0b1, mip.STI <- 0b0)
mem[X,0x00000000800003B4] -> 0x0013
mem[X,0x00000000800003B6] -> 0x0000
[172] [M]: 0x00000000800003B4 (0x00000013) addi x0, x0, 0x0                         rvtest_code_begin+0

mem[X,0x00000000800003B8] -> 0x0013
mem[X,0x00000000800003BA] -> 0x0000
[173] [M]: 0x00000000800003B8 (0x00000013) addi x0, x0, 0x0                         rvtest_code_begin+4

clint mtime 0x0000000000000057 (mip.MTI <- 0b1, mip.STI <- 0b0)
mem[X,0x00000000800003BC] -> 0x0013
mem[X,0x00000000800003BE] -> 0x0000
[174] [M]: 0x00000000800003BC (0x00000013) addi x0, x0, 0x0                         rvtest_code_begin+8

mem[X,0x00000000800003C0] -> 0x8697
mem[X,0x00000000800003C2] -> 0x0000
[175] [M]: 0x00000000800003C0 (0x00008697) auipc x13, 0x8                           rvtest_code_begin+12
x13 <- 0x00000000800083C0

clint mtime 0x0000000000000058 (mip.MTI <- 0b1, mip.STI <- 0b0)
mem[X,0x00000000800003C4] -> 0x8693
mem[X,0x00000000800003C6] -> 0xE586
[176] [M]: 0x00000000800003C4 (0xE5868693) addi x13, x13, -0x1a8                    rvtest_code_begin+16
x13 <- 0x0000000080008218

mem[X,0x00000000800003C8] -> 0x0001
[177] [M]: 0x00000000800003C8 (0x0001) c.nop                                        rvtest_code_begin+20

clint mtime 0x0000000000000059 (mip.MTI <- 0b1, mip.STI <- 0b0)
mem[X,0x00000000800003CA] -> 0x0013
mem[X,0x00000000800003CC] -> 0x0000
[178] [M]: 0x00000000800003CA (0x00000013) addi x0, x0, 0x0                         rvtest_code_begin+22

mem[X,0x00000000800003CE] -> 0x0013
mem[X,0x00000000800003D0] -> 0x0000
[179] [M]: 0x00000000800003CE (0x00000013) addi x0, x0, 0x0                         rvtest_code_begin+26

clint mtime 0x000000000000005A (mip.MTI <- 0b1, mip.STI <- 0b0)
mem[X,0x00000000800003D2] -> 0x0013
mem[X,0x00000000800003D4] -> 0x0000
[180] [M]: 0x00000000800003D2 (0x00000013) addi x0, x0, 0x0                         rvtest_code_begin+30

mem[X,0x00000000800003D6] -> 0x0013
mem[X,0x00000000800003D8] -> 0x0000
[181] [M]: 0x00000000800003D6 (0x00000013) addi x0, x0, 0x0                         rvtest_code_begin+34

clint mtime 0x000000000000005B (mip.MTI <- 0b1, mip.STI <- 0b0)
mem[X,0x00000000800003DA] -> 0x0013
mem[X,0x00000000800003DC] -> 0x0000
[182] [M]: 0x00000000800003DA (0x00000013) addi x0, x0, 0x0                         rvtest_code_begin+38

mem[X,0x00000000800003DE] -> 0x0001
[183] [M]: 0x00000000800003DE (0x0001) c.nop                                        rvtest_code_begin+42

clint mtime 0x000000000000005C (mip.MTI <- 0b1, mip.STI <- 0b0)
mem[X,0x00000000800003E0] -> 0x1073
mem[X,0x00000000800003E2] -> 0x3A00
[184] [M]: 0x00000000800003E0 (0x3A001073) csrrw x0, pmpcfg0, x0                    main+0
CSR pmpcfg0 (0x3A0) <- 0x0000000000000000

mem[X,0x00000000800003E4] -> 0x1073
mem[X,0x00000000800003E6] -> 0x3A20
[185] [M]: 0x00000000800003E4 (0x3A201073) csrrw x0, pmpcfg2, x0                    main+4
CSR pmpcfg2 (0x3A2) <- 0x0000000000000000

clint mtime 0x000000000000005D (mip.MTI <- 0b1, mip.STI <- 0b0)
mem[X,0x00000000800003E8] -> 0x1073
mem[X,0x00000000800003EA] -> 0x3B00
[186] [M]: 0x00000000800003E8 (0x3B001073) csrrw x0, pmpaddr0, x0                   main+8
CSR pmpaddr0 (0x3B0) <- 0x0000000000000000

mem[X,0x00000000800003EC] -> 0x1073
mem[X,0x00000000800003EE] -> 0x3B10
[187] [M]: 0x00000000800003EC (0x3B101073) csrrw x0, pmpaddr1, x0                   main+12
CSR pmpaddr1 (0x3B1) <- 0x0000000000000000

clint mtime 0x000000000000005E (mip.MTI <- 0b1, mip.STI <- 0b0)
mem[X,0x00000000800003F0] -> 0x1073
mem[X,0x00000000800003F2] -> 0x3B20
[188] [M]: 0x00000000800003F0 (0x3B201073) csrrw x0, pmpaddr2, x0                   main+16
CSR pmpaddr2 (0x3B2) <- 0x0000000000000000

mem[X,0x00000000800003F4] -> 0x1073
mem[X,0x00000000800003F6] -> 0x3B30
[189] [M]: 0x00000000800003F4 (0x3B301073) csrrw x0, pmpaddr3, x0                   main+20
CSR pmpaddr3 (0x3B3) <- 0x0000000000000000

clint mtime 0x000000000000005F (mip.MTI <- 0b1, mip.STI <- 0b0)
mem[X,0x00000000800003F8] -> 0x1073
mem[X,0x00000000800003FA] -> 0x3B40
[190] [M]: 0x00000000800003F8 (0x3B401073) csrrw x0, pmpaddr4, x0                   main+24
CSR pmpaddr4 (0x3B4) <- 0x0000000000000000

mem[X,0x00000000800003FC] -> 0x1073
mem[X,0x00000000800003FE] -> 0x3B50
[191] [M]: 0x00000000800003FC (0x3B501073) csrrw x0, pmpaddr5, x0                   main+28
CSR pmpaddr5 (0x3B5) <- 0x0000000000000000

clint mtime 0x0000000000000060 (mip.MTI <- 0b1, mip.STI <- 0b0)
mem[X,0x0000000080000400] -> 0x1073
mem[X,0x0000000080000402] -> 0x3B60
[192] [M]: 0x0000000080000400 (0x3B601073) csrrw x0, pmpaddr6, x0                   main+32
CSR pmpaddr6 (0x3B6) <- 0x0000000000000000

mem[X,0x0000000080000404] -> 0x1073
mem[X,0x0000000080000406] -> 0x3B70
[193] [M]: 0x0000000080000404 (0x3B701073) csrrw x0, pmpaddr7, x0                   main+36
CSR pmpaddr7 (0x3B7) <- 0x0000000000000000

clint mtime 0x0000000000000061 (mip.MTI <- 0b1, mip.STI <- 0b0)
mem[X,0x0000000080000408] -> 0x1073
mem[X,0x000000008000040A] -> 0x3B80
[194] [M]: 0x0000000080000408 (0x3B801073) csrrw x0, pmpaddr8, x0                   main+40
CSR pmpaddr8 (0x3B8) <- 0x0000000000000000

mem[X,0x000000008000040C] -> 0x1073
mem[X,0x000000008000040E] -> 0x3B90
[195] [M]: 0x000000008000040C (0x3B901073) csrrw x0, pmpaddr9, x0                   main+44
CSR pmpaddr9 (0x3B9) <- 0x0000000000000000

clint mtime 0x0000000000000062 (mip.MTI <- 0b1, mip.STI <- 0b0)
mem[X,0x0000000080000410] -> 0x1073
mem[X,0x0000000080000412] -> 0x3BA0
[196] [M]: 0x0000000080000410 (0x3BA01073) csrrw x0, pmpaddr10, x0                  main+48
CSR pmpaddr10 (0x3BA) <- 0x0000000000000000

mem[X,0x0000000080000414] -> 0x1073
mem[X,0x0000000080000416] -> 0x3BB0
[197] [M]: 0x0000000080000414 (0x3BB01073) csrrw x0, pmpaddr11, x0                  main+52
CSR pmpaddr11 (0x3BB) <- 0x0000000000000000

clint mtime 0x0000000000000063 (mip.MTI <- 0b1, mip.STI <- 0b0)
mem[X,0x0000000080000418] -> 0x1073
mem[X,0x000000008000041A] -> 0x3BC0
[198] [M]: 0x0000000080000418 (0x3BC01073) csrrw x0, pmpaddr12, x0                  main+56
CSR pmpaddr12 (0x3BC) <- 0x0000000000000000

mem[X,0x000000008000041C] -> 0x1073
mem[X,0x000000008000041E] -> 0x3BD0
[199] [M]: 0x000000008000041C (0x3BD01073) csrrw x0, pmpaddr13, x0                  main+60
CSR pmpaddr13 (0x3BD) <- 0x0000000000000000

clint mtime 0x0000000000000064 (mip.MTI <- 0b1, mip.STI <- 0b0)
mem[X,0x0000000080000420] -> 0x1073
mem[X,0x0000000080000422] -> 0x3BE0
[200] [M]: 0x0000000080000420 (0x3BE01073) csrrw x0, pmpaddr14, x0                  main+64
CSR pmpaddr14 (0x3BE) <- 0x0000000000000000

mem[X,0x0000000080000424] -> 0x1073
mem[X,0x0000000080000426] -> 0x3BF0
[201] [M]: 0x0000000080000424 (0x3BF01073) csrrw x0, pmpaddr15, x0                  main+68
CSR pmpaddr15 (0x3BF) <- 0x0000000000000000

clint mtime 0x0000000000000065 (mip.MTI <- 0b1, mip.STI <- 0b0)
mem[X,0x0000000080000428] -> 0x1073
mem[X,0x000000008000042A] -> 0x1800
[202] [M]: 0x0000000080000428 (0x18001073) csrrw x0, satp, x0                       main+72
CSR satp (0x180) <- 0x0000000000000000

mem[X,0x000000008000042C] -> 0x0013
mem[X,0x000000008000042E] -> 0x0000
[203] [M]: 0x000000008000042C (0x00000013) addi x0, x0, 0x0                         main+76

clint mtime 0x0000000000000066 (mip.MTI <- 0b1, mip.STI <- 0b0)
mem[X,0x0000000080000430] -> 0x0013
mem[X,0x0000000080000432] -> 0x0000
[204] [M]: 0x0000000080000430 (0x00000013) addi x0, x0, 0x0                         main+80

mem[X,0x0000000080000434] -> 0x0013
mem[X,0x0000000080000436] -> 0x0000
[205] [M]: 0x0000000080000434 (0x00000013) addi x0, x0, 0x0                         main+84

clint mtime 0x0000000000000067 (mip.MTI <- 0b1, mip.STI <- 0b0)
mem[X,0x0000000080000438] -> 0x0013
mem[X,0x000000008000043A] -> 0x0000
[206] [M]: 0x0000000080000438 (0x00000013) addi x0, x0, 0x0                         main+88

mem[X,0x000000008000043C] -> 0x0013
mem[X,0x000000008000043E] -> 0x0000
[207] [M]: 0x000000008000043C (0x00000013) addi x0, x0, 0x0                         main+92

clint mtime 0x0000000000000068 (mip.MTI <- 0b1, mip.STI <- 0b0)
mem[X,0x0000000080000440] -> 0x021B
mem[X,0x0000000080000442] -> 0xFFF0
[208] [M]: 0x0000000080000440 (0xFFF0021B) addiw x4, x0, -0x1                       main+96
x4 <- 0xFFFFFFFFFFFFFFFF

mem[X,0x0000000080000444] -> 0x0001
[209] [M]: 0x0000000080000444 (0x0001) c.nop                                        main+100

clint mtime 0x0000000000000069 (mip.MTI <- 0b1, mip.STI <- 0b0)
mem[X,0x0000000080000446] -> 0x0013
mem[X,0x0000000080000448] -> 0x0000
[210] [M]: 0x0000000080000446 (0x00000013) addi x0, x0, 0x0                         main+102

mem[X,0x000000008000044A] -> 0x0013
mem[X,0x000000008000044C] -> 0x0000
[211] [M]: 0x000000008000044A (0x00000013) addi x0, x0, 0x0                         main+106

clint mtime 0x000000000000006A (mip.MTI <- 0b1, mip.STI <- 0b0)
mem[X,0x000000008000044E] -> 0x0013
mem[X,0x0000000080000450] -> 0x0000
[212] [M]: 0x000000008000044E (0x00000013) addi x0, x0, 0x0                         main+110

mem[X,0x0000000080000452] -> 0x0013
mem[X,0x0000000080000454] -> 0x0000
[213] [M]: 0x0000000080000452 (0x00000013) addi x0, x0, 0x0                         main+114

clint mtime 0x000000000000006B (mip.MTI <- 0b1, mip.STI <- 0b0)
mem[X,0x0000000080000456] -> 0x0013
mem[X,0x0000000080000458] -> 0x0000
[214] [M]: 0x0000000080000456 (0x00000013) addi x0, x0, 0x0                         main+118

mem[X,0x000000008000045A] -> 0x0013
mem[X,0x000000008000045C] -> 0x0000
[215] [M]: 0x000000008000045A (0x00000013) addi x0, x0, 0x0                         main+122

clint mtime 0x000000000000006C (mip.MTI <- 0b1, mip.STI <- 0b0)
mem[X,0x000000008000045E] -> 0x0001
[216] [M]: 0x000000008000045E (0x0001) c.nop                                        main+126

mem[X,0x0000000080000460] -> 0x1073
mem[X,0x0000000080000462] -> 0x3BF2
[217] [M]: 0x0000000080000460 (0x3BF21073) csrrw x0, pmpaddr15, x4                  main+128
CSR pmpaddr15 (0x3BF) <- 0x003FFFFFFFFFFFFF

clint mtime 0x000000000000006D (mip.MTI <- 0b1, mip.STI <- 0b0)
mem[X,0x0000000080000464] -> 0x0213
mem[X,0x0000000080000466] -> 0x09F0
[218] [M]: 0x0000000080000464 (0x09F00213) addi x4, x0, 0x9f                        main+132
x4 <- 0x000000000000009F

mem[X,0x0000000080000468] -> 0x1213
mem[X,0x000000008000046A] -> 0x0382
[219] [M]: 0x0000000080000468 (0x03821213) slli x4, x4, 0x38                        main+136
x4 <- 0x9F00000000000000

clint mtime 0x000000000000006E (mip.MTI <- 0b1, mip.STI <- 0b0)
mem[X,0x000000008000046C] -> 0x1073
mem[X,0x000000008000046E] -> 0x3A32
[220] [M]: 0x000000008000046C (0x3A321073) csrrw x0, pmpcfg3, x4                    main+140
trapping from M to M to handle illegal-instruction
handling exc#illegal-instruction at priv M with tval 0x000000003A321073
CSR mstatus (0x300) <- 0x0000000A00001800
CSR mcause (0x342) <- 0x0000000000000002
CSR mtval (0x343) <- 0x000000003A321073
CSR mepc (0x341) <- 0x000000008000046C

mem[X,0x00000000800022C0] -> 0x006F
mem[X,0x00000000800022C2] -> 0x1000
[221] [M]: 0x00000000800022C0 (0x1000006F) jal x0, 0x100                            Mtrampoline+0

clint mtime 0x000000000000006F (mip.MTI <- 0b1, mip.STI <- 0b0)
mem[X,0x00000000800023C0] -> 0x1173
mem[X,0x00000000800023C2] -> 0x3401
[222] [M]: 0x00000000800023C0 (0x34011173) csrrw x2, mscratch, x2                   trap_Mhandler+0
CSR mscratch (0x340) <- 0x01FDDB7D5BFDDB7F
x2 <- 0x0000000080007000

mem[X,0x00000000800023C4] -> 0x3423
mem[X,0x00000000800023C6] -> 0x28B1
[223] [M]: 0x00000000800023C4 (0x28B13423) sd x11, 0x288(x2)                        trap_Mhandler+4
mem[W,0x0000000080007288] <- 0x0000000000000000

clint mtime 0x0000000000000070 (mip.MTI <- 0b1, mip.STI <- 0b0)
mem[X,0x00000000800023C8] -> 0x05EF
mem[X,0x00000000800023CA] -> 0x0B80
[224] [M]: 0x00000000800023C8 (0x0B8005EF) jal x11, 0xb8                            trap_Mhandler+8
x11 <- 0x00000000800023CC

mem[X,0x0000000080002480] -> 0x3023
mem[X,0x0000000080002482] -> 0x28A1
[225] [M]: 0x0000000080002480 (0x28A13023) sd x10, 0x280(x2)                        common_Mhandler+0
mem[W,0x0000000080007280] <- 0x0000000000000001

clint mtime 0x0000000000000071 (mip.MTI <- 0b1, mip.STI <- 0b0)
mem[X,0x0000000080002484] -> 0x1573
mem[X,0x0000000080002486] -> 0x3401
[226] [M]: 0x0000000080002484 (0x34011573) csrrw x10, mscratch, x2                  common_Mhandler+4
CSR mscratch (0x340) <- 0x0000000080007000
x10 <- 0x01FDDB7D5BFDDB7F

mem[X,0x0000000080002488] -> 0x3823
mem[X,0x000000008000248A] -> 0x28A1
[227] [M]: 0x0000000080002488 (0x28A13823) sd x10, 0x290(x2)                        common_Mhandler+8
mem[W,0x0000000080007290] <- 0x01FDDB7D5BFDDB7F

clint mtime 0x0000000000000072 (mip.MTI <- 0b1, mip.STI <- 0b0)
mem[X,0x000000008000248C] -> 0x3503
mem[X,0x000000008000248E] -> 0x2301
[228] [M]: 0x000000008000248C (0x23013503) ld x10, 0x230(x2)                        common_Mhandler+12
mem[R,0x0000000080007230] -> 0x0000000080002494
x10 <- 0x0000000080002494

mem[X,0x0000000080002490] -> 0x0067
mem[X,0x0000000080002492] -> 0x0005
[229] [M]: 0x0000000080002490 (0x00050067) jalr x0, 0x0(x10)                        common_Mhandler+16

clint mtime 0x0000000000000073 (mip.MTI <- 0b1, mip.STI <- 0b0)
mem[X,0x0000000080002494] -> 0x3C23
mem[X,0x0000000080002496] -> 0x2691
[230] [M]: 0x0000000080002494 (0x26913C23) sd x9, 0x278(x2)                         common_Mentry+0
mem[W,0x0000000080007278] <- 0x00000000000000FE

mem[X,0x0000000080002498] -> 0x3823
mem[X,0x000000008000249A] -> 0x2681
[231] [M]: 0x0000000080002498 (0x26813823) sd x8, 0x270(x2)                         common_Mentry+4
mem[W,0x0000000080007270] <- 0x0000000000007F76

clint mtime 0x0000000000000074 (mip.MTI <- 0b1, mip.STI <- 0b0)
mem[X,0x000000008000249C] -> 0x3423
mem[X,0x000000008000249E] -> 0x2671
[232] [M]: 0x000000008000249C (0x26713423) sd x7, 0x268(x2)                         common_Mentry+8
mem[W,0x0000000080007268] <- 0x00000000003FBB6F

mem[X,0x00000000800024A0] -> 0x3023
mem[X,0x00000000800024A2] -> 0x2661
[233] [M]: 0x00000000800024A0 (0x26613023) sd x6, 0x260(x2)                         common_Mentry+12
mem[W,0x0000000080007260] <- 0x000000001FDDB7D5

clint mtime 0x0000000000000075 (mip.MTI <- 0b1, mip.STI <- 0b0)
mem[X,0x00000000800024A4] -> 0x2573
mem[X,0x00000000800024A6] -> 0x3420
[234] [M]: 0x00000000800024A4 (0x34202573) csrrs x10, mcause, x0                    spcl_M2mmode_test+0
CSR mcause (0x342) -> 0x0000000000000002
x10 <- 0x0000000000000002

mem[X,0x00000000800024A8] -> 0x04B7
mem[X,0x00000000800024AA] -> 0x8000
[235] [M]: 0x00000000800024A8 (0x800004B7) lui x9, -0x80000                         spcl_M2mmode_test+4
x9 <- 0xFFFFFFFF80000000

clint mtime 0x0000000000000076 (mip.MTI <- 0b1, mip.STI <- 0b0)
mem[X,0x00000000800024AC] -> 0x8493
mem[X,0x00000000800024AE] -> 0x0004
[236] [M]: 0x00000000800024AC (0x00048493) addi x9, x9, 0x0                         spcl_M2mmode_test+8
x9 <- 0xFFFFFFFF80000000

mem[X,0x00000000800024B0] -> 0x9493
mem[X,0x00000000800024B2] -> 0x00B4
[237] [M]: 0x00000000800024B0 (0x00B49493) slli x9, x9, 0xb                         spcl_M2mmode_test+12
x9 <- 0xFFFFFC0000000000

clint mtime 0x0000000000000077 (mip.MTI <- 0b1, mip.STI <- 0b0)
mem[X,0x00000000800024B4] -> 0x8493
mem[X,0x00000000800024B6] -> 0x0004
[238] [M]: 0x00000000800024B4 (0x00048493) addi x9, x9, 0x0                         spcl_M2mmode_test+16
x9 <- 0xFFFFFC0000000000

mem[X,0x00000000800024B8] -> 0x9493
mem[X,0x00000000800024BA] -> 0x00B4
[239] [M]: 0x00000000800024B8 (0x00B49493) slli x9, x9, 0xb                         spcl_M2mmode_test+20
x9 <- 0xFFE0000000000000

clint mtime 0x0000000000000078 (mip.MTI <- 0b1, mip.STI <- 0b0)
mem[X,0x00000000800024BC] -> 0x8493
mem[X,0x00000000800024BE] -> 0x0034
[240] [M]: 0x00000000800024BC (0x00348493) addi x9, x9, 0x3                         spcl_M2mmode_test+24
x9 <- 0xFFE0000000000003

mem[X,0x00000000800024C0] -> 0x9493
mem[X,0x00000000800024C2] -> 0x00A4
[241] [M]: 0x00000000800024C0 (0x00A49493) slli x9, x9, 0xa                         spcl_M2mmode_test+28
x9 <- 0x8000000000000C00

clint mtime 0x0000000000000079 (mip.MTI <- 0b1, mip.STI <- 0b0)
mem[X,0x00000000800024C4] -> 0x8493
mem[X,0x00000000800024C6] -> 0x3FC4
[242] [M]: 0x00000000800024C4 (0x3FC48493) addi x9, x9, 0x3fc                       spcl_M2mmode_test+32
x9 <- 0x8000000000000FFC

mem[X,0x00000000800024C8] -> 0xF4B3
mem[X,0x00000000800024CA] -> 0x00A4
[243] [M]: 0x00000000800024C8 (0x00A4F4B3) and x9, x9, x10                          spcl_M2mmode_test+36
x9 <- 0x0000000000000000

clint mtime 0x000000000000007A (mip.MTI <- 0b1, mip.STI <- 0b0)
mem[X,0x00000000800024CC] -> 0x8493
mem[X,0x00000000800024CE] -> 0xFF84
[244] [M]: 0x00000000800024CC (0xFF848493) addi x9, x9, -0x8                        spcl_M2mmode_test+40
x9 <- 0xFFFFFFFFFFFFFFF8

mem[X,0x00000000800024D0] -> 0x9663
mem[X,0x00000000800024D2] -> 0x0004
[245] [M]: 0x00000000800024D0 (0x00049663) bne x9, x0, 0xc                          spcl_M2mmode_test+44

clint mtime 0x000000000000007B (mip.MTI <- 0b1, mip.STI <- 0b0)
mem[X,0x00000000800024DC] -> 0x0393
mem[X,0x00000000800024DE] -> 0x0200
[246] [M]: 0x00000000800024DC (0x02000393) addi x7, x0, 0x20                        Mtrapsig_ptr_upd+0
x7 <- 0x0000000000000020

mem[X,0x00000000800024E0] -> 0x5263
mem[X,0x00000000800024E2] -> 0x0405
[247] [M]: 0x00000000800024E0 (0x04055263) bge x10, x0, 0x44                        Mtrapsig_ptr_upd+4

clint mtime 0x000000000000007C (mip.MTI <- 0b1, mip.STI <- 0b0)
mem[X,0x0000000080002524] -> 0x2373
mem[X,0x0000000080002526] -> 0x3010
[248] [M]: 0x0000000080002524 (0x30102373) csrrs x6, misa, x0                       Mxcpt_sig_sv+0
CSR misa (0x301) -> 0x800000000034112F
x6 <- 0x800000000034112F

mem[X,0x0000000080002528] -> 0x1313
mem[X,0x000000008000252A] -> 0x0383
[249] [M]: 0x0000000080002528 (0x03831313) slli x6, x6, 0x38                        Mxcpt_sig_sv+4
x6 <- 0x2F00000000000000

clint mtime 0x000000000000007D (mip.MTI <- 0b1, mip.STI <- 0b0)
mem[X,0x000000008000252C] -> 0x5463
mem[X,0x000000008000252E] -> 0x0003
[250] [M]: 0x000000008000252C (0x00035463) bge x6, x0, 0x8                          Mxcpt_sig_sv+8

mem[X,0x0000000080002534] -> 0x3303
mem[X,0x0000000080002536] -> 0x2181
[251] [M]: 0x0000000080002534 (0x21813303) ld x6, 0x218(x2)                         Mtrap_sig_sv+0
mem[R,0x0000000080007218] -> 0x0000000080008420
x6 <- 0x0000000080008420

clint mtime 0x000000000000007E (mip.MTI <- 0b1, mip.STI <- 0b0)
mem[X,0x0000000080002538] -> 0x04B3
mem[X,0x000000008000253A] -> 0x0073
[252] [M]: 0x0000000080002538 (0x007304B3) add x9, x6, x7                           Mtrap_sig_sv+4
x9 <- 0x0000000080008440

mem[X,0x000000008000253C] -> 0x3C23
mem[X,0x000000008000253E] -> 0x2091
[253] [M]: 0x000000008000253C (0x20913C23) sd x9, 0x218(x2)                         Mtrap_sig_sv+8
mem[W,0x0000000080007218] <- 0x0000000080008440

clint mtime 0x000000000000007F (mip.MTI <- 0b1, mip.STI <- 0b0)
mem[X,0x0000000080002540] -> 0x3403
mem[X,0x0000000080002542] -> 0x1F81
[254] [M]: 0x0000000080002540 (0x1F813403) ld x8, 0x1f8(x2)                         Mtrap_sig_sv+12
mem[R,0x00000000800071F8] -> 0x0000000080008210
x8 <- 0x0000000080008210

mem[X,0x0000000080002544] -> 0x0333
mem[X,0x0000000080002546] -> 0x4083
[255] [M]: 0x0000000080002544 (0x40830333) sub x6, x6, x8                           Mtrap_sig_sv+16
x6 <- 0x0000000000000210

clint mtime 0x0000000000000080 (mip.MTI <- 0b1, mip.STI <- 0b0)
mem[X,0x0000000080002548] -> 0x3403
mem[X,0x000000008000254A] -> 0x1F81
[256] [M]: 0x0000000080002548 (0x1F813403) ld x8, 0x1f8(x2)                         Mtrap_sig_sv+20
mem[R,0x00000000800071F8] -> 0x0000000080008210
x8 <- 0x0000000080008210

mem[X,0x000000008000254C] -> 0x0333
mem[X,0x000000008000254E] -> 0x0083
[257] [M]: 0x000000008000254C (0x00830333) add x6, x6, x8                           Mtrap_sig_sv+24
x6 <- 0x0000000080008420

clint mtime 0x0000000000000081 (mip.MTI <- 0b1, mip.STI <- 0b0)
mem[X,0x0000000080002550] -> 0x3403
mem[X,0x0000000080002552] -> 0x2401
[258] [M]: 0x0000000080002550 (0x24013403) ld x8, 0x240(x2)                         Mtrap_sig_sv+28
mem[R,0x0000000080007240] -> 0x00000000800022C0
x8 <- 0x00000000800022C0

mem[X,0x0000000080002554] -> 0x85B3
mem[X,0x0000000080002556] -> 0x4085
[259] [M]: 0x0000000080002554 (0x408585B3) sub x11, x11, x8                         sv_Mvect+0
x11 <- 0x000000000000010C

clint mtime 0x0000000000000082 (mip.MTI <- 0b1, mip.STI <- 0b0)
mem[X,0x0000000080002558] -> 0x9593
mem[X,0x000000008000255A] -> 0x0045
[260] [M]: 0x0000000080002558 (0x00459593) slli x11, x11, 0x4                       sv_Mvect+4
x11 <- 0x00000000000010C0

mem[X,0x000000008000255C] -> 0xE5B3
mem[X,0x000000008000255E] -> 0x0075
[261] [M]: 0x000000008000255C (0x0075E5B3) or x11, x11, x7                          sv_Mvect+8
x11 <- 0x00000000000010E0

clint mtime 0x0000000000000083 (mip.MTI <- 0b1, mip.STI <- 0b0)
mem[X,0x0000000080002560] -> 0x8593
mem[X,0x0000000080002562] -> 0x0035
[262] [M]: 0x0000000080002560 (0x00358593) addi x11, x11, 0x3                       sv_Mvect+12
x11 <- 0x00000000000010E3

mem[X,0x0000000080002564] -> 0x3023
mem[X,0x0000000080002566] -> 0x00B3
[263] [M]: 0x0000000080002564 (0x00B33023) sd x11, 0x0(x6)                          sv_Mvect+16
mem[W,0x0000000080008420] <- 0x00000000000010E3

clint mtime 0x0000000000000084 (mip.MTI <- 0b1, mip.STI <- 0b0)
mem[X,0x0000000080002568] -> 0x3423
mem[X,0x000000008000256A] -> 0x00A3
[264] [M]: 0x0000000080002568 (0x00A33423) sd x10, 0x8(x6)                          sv_Mcause+0
mem[W,0x0000000080008428] <- 0x0000000000000002

mem[X,0x000000008000256C] -> 0x4263
mem[X,0x000000008000256E] -> 0x1A05
[265] [M]: 0x000000008000256C (0x1A054263) blt x10, x0, 0x1a4                       sv_Mcause+4

clint mtime 0x0000000000000085 (mip.MTI <- 0b1, mip.STI <- 0b0)
mem[X,0x0000000080002570] -> 0x25F3
mem[X,0x0000000080002572] -> 0x3000
[266] [M]: 0x0000000080002570 (0x300025F3) csrrs x11, mstatus, x0                   common_Mexcpt_handler+0
CSR mstatus (0x300) -> 0x0000000A00001800
x11 <- 0x0000000A00001800

mem[X,0x0000000080002574] -> 0x9413
mem[X,0x0000000080002576] -> 0x02E5
[267] [M]: 0x0000000080002574 (0x02E59413) slli x8, x11, 0x2e                       common_Mexcpt_handler+4
x8 <- 0x0600000000000000

clint mtime 0x0000000000000086 (mip.MTI <- 0b1, mip.STI <- 0b0)
mem[X,0x0000000080002578] -> 0x5463
mem[X,0x000000008000257A] -> 0x0004
[268] [M]: 0x0000000080002578 (0x00045463) bge x8, x0, 0x8                          common_Mexcpt_handler+8

mem[X,0x0000000080002580] -> 0xD493
mem[X,0x0000000080002582] -> 0x00B5
[269] [M]: 0x0000000080002580 (0x00B5D493) srli x9, x11, 0xb                        common_Mexcpt_handler+16
x9 <- 0x0000000001400003

clint mtime 0x0000000000000087 (mip.MTI <- 0b1, mip.STI <- 0b0)
mem[X,0x0000000080002584] -> 0xF493
mem[X,0x0000000080002586] -> 0x0034
[270] [M]: 0x0000000080002584 (0x0034F493) andi x9, x9, 0x3                         common_Mexcpt_handler+20
x9 <- 0x0000000000000003

mem[X,0x0000000080002588] -> 0x8493
mem[X,0x000000008000258A] -> 0x0014
[271] [M]: 0x0000000080002588 (0x00148493) addi x9, x9, 0x1                         common_Mexcpt_handler+24
x9 <- 0x0000000000000004

clint mtime 0x0000000000000088 (mip.MTI <- 0b1, mip.STI <- 0b0)
mem[X,0x000000008000258C] -> 0xF493
mem[X,0x000000008000258E] -> 0x0044
[272] [M]: 0x000000008000258C (0x0044F493) andi x9, x9, 0x4                         common_Mexcpt_handler+28
x9 <- 0x0000000000000004

mem[X,0x0000000080002590] -> 0x0593
mem[X,0x0000000080002592] -> 0x05D0
[273] [M]: 0x0000000080002590 (0x05D00593) addi x11, x0, 0x5d                       common_Mexcpt_handler+32
x11 <- 0x000000000000005D

clint mtime 0x0000000000000089 (mip.MTI <- 0b1, mip.STI <- 0b0)
mem[X,0x0000000080002594] -> 0xD5B3
mem[X,0x0000000080002596] -> 0x0095
[274] [M]: 0x0000000080002594 (0x0095D5B3) srl x11, x11, x9                         common_Mexcpt_handler+36
x11 <- 0x0000000000000005

mem[X,0x0000000080002598] -> 0xF593
mem[X,0x000000008000259A] -> 0x0015
[275] [M]: 0x0000000080002598 (0x0015F593) andi x11, x11, 0x1                       common_Mexcpt_handler+40
x11 <- 0x0000000000000001

clint mtime 0x000000000000008A (mip.MTI <- 0b1, mip.STI <- 0b0)
mem[X,0x000000008000259C] -> 0x8EE3
mem[X,0x000000008000259E] -> 0xF405
[276] [M]: 0x000000008000259C (0xF4058EE3) beq x11, x0, -0xa4                       common_Mexcpt_handler+44

mem[X,0x00000000800025A0] -> 0x0593
mem[X,0x00000000800025A2] -> 0x2980
[277] [M]: 0x00000000800025A0 (0x29800593) addi x11, x0, 0x298                      common_Mexcpt_handler+48
x11 <- 0x0000000000000298

clint mtime 0x000000000000008B (mip.MTI <- 0b1, mip.STI <- 0b0)
mem[X,0x00000000800025A4] -> 0xF413
mem[X,0x00000000800025A6] -> 0x0014
[278] [M]: 0x00000000800025A4 (0x0014F413) andi x8, x9, 0x1                         common_Mexcpt_handler+52
x8 <- 0x0000000000000000

mem[X,0x00000000800025A8] -> 0x95B3
mem[X,0x00000000800025AA] -> 0x0085
[279] [M]: 0x00000000800025A8 (0x008595B3) sll x11, x11, x8                         common_Mexcpt_handler+56
x11 <- 0x0000000000000298

clint mtime 0x000000000000008C (mip.MTI <- 0b1, mip.STI <- 0b0)
mem[X,0x00000000800025AC] -> 0x9413
mem[X,0x00000000800025AE] -> 0x03D4
[280] [M]: 0x00000000800025AC (0x03D49413) slli x8, x9, 0x3d                        common_Mexcpt_handler+60
x8 <- 0x8000000000000000

mem[X,0x00000000800025B0] -> 0x5413
mem[X,0x00000000800025B2] -> 0x43F4
[281] [M]: 0x00000000800025B0 (0x43F45413) srai x8, x8, 0x3f                        common_Mexcpt_handler+64
x8 <- 0xFFFFFFFFFFFFFFFF

clint mtime 0x000000000000008D (mip.MTI <- 0b1, mip.STI <- 0b0)
mem[X,0x00000000800025B4] -> 0x4413
mem[X,0x00000000800025B6] -> 0xFFF4
[282] [M]: 0x00000000800025B4 (0xFFF44413) xori x8, x8, -0x1                        common_Mexcpt_handler+68
x8 <- 0x0000000000000000

mem[X,0x00000000800025B8] -> 0xF4B3
mem[X,0x00000000800025BA] -> 0x0085
[283] [M]: 0x00000000800025B8 (0x0085F4B3) and x9, x11, x8                          common_Mexcpt_handler+72
x9 <- 0x0000000000000000

clint mtime 0x000000000000008E (mip.MTI <- 0b1, mip.STI <- 0b0)
mem[X,0x00000000800025BC] -> 0x84B3
mem[X,0x00000000800025BE] -> 0x0024
[284] [M]: 0x00000000800025BC (0x002484B3) add x9, x9, x2                           vmem_adj_Mepc+0
x9 <- 0x0000000080007000

mem[X,0x00000000800025C0] -> 0x23F3
mem[X,0x00000000800025C2] -> 0x3410
[285] [M]: 0x00000000800025C0 (0x341023F3) csrrs x7, mepc, x0                       vmem_adj_Mepc+4
CSR mepc (0x341) -> 0x000000008000046C
x7 <- 0x000000008000046C

clint mtime 0x000000000000008F (mip.MTI <- 0b1, mip.STI <- 0b0)
mem[X,0x00000000800025C4] -> 0x0413
mem[X,0x00000000800025C6] -> 0x0004
[286] [M]: 0x00000000800025C4 (0x00040413) addi x8, x8, 0x0                         vmem_adj_Mepc+8
x8 <- 0x0000000000000000

mem[X,0x00000000800025C8] -> 0x006F
mem[X,0x00000000800025CA] -> 0x0400
[287] [M]: 0x00000000800025C8 (0x0400006F) jal x0, 0x40                             vmem_adj_Mepc+12

clint mtime 0x0000000000000090 (mip.MTI <- 0b1, mip.STI <- 0b0)
mem[X,0x0000000080002608] -> 0x8433
mem[X,0x000000008000260A] -> 0x4083
[288] [M]: 0x0000000080002608 (0x40838433) sub x8, x7, x8                           adj_Mepc+0
x8 <- 0x000000008000046C

mem[X,0x000000008000260C] -> 0x3823
mem[X,0x000000008000260E] -> 0x0083
[289] [M]: 0x000000008000260C (0x00833823) sd x8, 0x10(x6)                          sv_Mepc+0
mem[W,0x0000000080008430] <- 0x000000008000046C

clint mtime 0x0000000000000091 (mip.MTI <- 0b1, mip.STI <- 0b0)
mem[X,0x0000000080002610] -> 0x55B7
mem[X,0x0000000080002612] -> 0x0000
[290] [M]: 0x0000000080002610 (0x000055B7) lui x11, 0x5                             sv_Mepc+4
x11 <- 0x0000000000005000

mem[X,0x0000000080002614] -> 0x8593
mem[X,0x0000000080002616] -> 0x6675
[291] [M]: 0x0000000080002614 (0x66758593) addi x11, x11, 0x667                     sv_Mepc+8
x11 <- 0x0000000000005667

clint mtime 0x0000000000000092 (mip.MTI <- 0b1, mip.STI <- 0b0)
mem[X,0x0000000080002618] -> 0x9593
mem[X,0x000000008000261A] -> 0x0015
[292] [M]: 0x0000000080002618 (0x00159593) slli x11, x11, 0x1                       sv_Mepc+12
x11 <- 0x000000000000ACCE

mem[X,0x000000008000261C] -> 0x9063
mem[X,0x000000008000261E] -> 0x02B1
[293] [M]: 0x000000008000261C (0x02B19063) bne x3, x11, 0x20                        sv_Mepc+16

clint mtime 0x0000000000000093 (mip.MTI <- 0b1, mip.STI <- 0b0)
mem[X,0x000000008000263C] -> 0xF593
mem[X,0x000000008000263E] -> 0xFFC3
[294] [M]: 0x000000008000263C (0xFFC3F593) andi x11, x7, -0x4                       adj_Mepc_rtn+0
x11 <- 0x000000008000046C

mem[X,0x0000000080002640] -> 0x8593
mem[X,0x0000000080002642] -> 0x0085
[295] [M]: 0x0000000080002640 (0x00858593) addi x11, x11, 0x8                       adj_Mepc_rtn+4
x11 <- 0x0000000080000474

clint mtime 0x0000000000000094 (mip.MTI <- 0b1, mip.STI <- 0b0)
mem[X,0x0000000080002644] -> 0x9073
mem[X,0x0000000080002646] -> 0x3415
[296] [M]: 0x0000000080002644 (0x34159073) csrrw x0, mepc, x11                      adj_Mepc_rtn+8
CSR mepc (0x341) <- 0x0000000080000474

mem[X,0x0000000080002648] -> 0x23F3
mem[X,0x000000008000264A] -> 0x3430
[297] [M]: 0x0000000080002648 (0x343023F3) csrrs x7, mtval, x0                      skp_adj_Mepc+0
CSR mtval (0x343) -> 0x000000003A321073
x7 <- 0x000000003A321073

clint mtime 0x0000000000000095 (mip.MTI <- 0b1, mip.STI <- 0b0)
mem[X,0x000000008000264C] -> 0x7513
mem[X,0x000000008000264E] -> 0x00F5
[298] [M]: 0x000000008000264C (0x00F57513) andi x10, x10, 0xf                       chk_Mtval+0
x10 <- 0x0000000000000002

mem[X,0x0000000080002650] -> 0x0437
mem[X,0x0000000080002652] -> 0x0000
[299] [M]: 0x0000000080002650 (0x00000437) lui x8, 0x0                              chk_Mtval+4
x8 <- 0x0000000000000000

clint mtime 0x0000000000000096 (mip.MTI <- 0b1, mip.STI <- 0b0)
mem[X,0x0000000080002654] -> 0x0413
mem[X,0x0000000080002656] -> 0x0004
[300] [M]: 0x0000000080002654 (0x00040413) addi x8, x8, 0x0                         chk_Mtval+8
x8 <- 0x0000000000000000

mem[X,0x0000000080002658] -> 0x1413
mem[X,0x000000008000265A] -> 0x00B4
[301] [M]: 0x0000000080002658 (0x00B41413) slli x8, x8, 0xb                         chk_Mtval+12
x8 <- 0x0000000000000000

clint mtime 0x0000000000000097 (mip.MTI <- 0b1, mip.STI <- 0b0)
mem[X,0x000000008000265C] -> 0x0413
mem[X,0x000000008000265E] -> 0x0004
[302] [M]: 0x000000008000265C (0x00040413) addi x8, x8, 0x0                         chk_Mtval+16
x8 <- 0x0000000000000000

mem[X,0x0000000080002660] -> 0x1413
mem[X,0x0000000080002662] -> 0x00B4
[303] [M]: 0x0000000080002660 (0x00B41413) slli x8, x8, 0xb                         chk_Mtval+20
x8 <- 0x0000000000000000

clint mtime 0x0000000000000098 (mip.MTI <- 0b1, mip.STI <- 0b0)
mem[X,0x0000000080002664] -> 0x0413
mem[X,0x0000000080002666] -> 0x02C4
[304] [M]: 0x0000000080002664 (0x02C40413) addi x8, x8, 0x2c                        chk_Mtval+24
x8 <- 0x000000000000002C

mem[X,0x0000000080002668] -> 0x1413
mem[X,0x000000008000266A] -> 0x00A4
[305] [M]: 0x0000000080002668 (0x00A41413) slli x8, x8, 0xa                         chk_Mtval+28
x8 <- 0x000000000000B000

clint mtime 0x0000000000000099 (mip.MTI <- 0b1, mip.STI <- 0b0)
mem[X,0x000000008000266C] -> 0x0413
mem[X,0x000000008000266E] -> 0x0FB4
[306] [M]: 0x000000008000266C (0x0FB40413) addi x8, x8, 0xfb                        chk_Mtval+32
x8 <- 0x000000000000B0FB

mem[X,0x0000000080002670] -> 0x5433
mem[X,0x0000000080002672] -> 0x00A4
[307] [M]: 0x0000000080002670 (0x00A45433) srl x8, x8, x10                          chk_Mtval+36
x8 <- 0x0000000000002C3E

clint mtime 0x000000000000009A (mip.MTI <- 0b1, mip.STI <- 0b0)
mem[X,0x0000000080002674] -> 0x1413
mem[X,0x0000000080002676] -> 0x03F4
[308] [M]: 0x0000000080002674 (0x03F41413) slli x8, x8, 0x3f                        chk_Mtval+40
x8 <- 0x0000000000000000

mem[X,0x0000000080002678] -> 0x5C63
mem[X,0x000000008000267A] -> 0x0404
[309] [M]: 0x0000000080002678 (0x04045C63) bge x8, x0, 0x58                         chk_Mtval+44

clint mtime 0x000000000000009B (mip.MTI <- 0b1, mip.STI <- 0b0)
mem[X,0x00000000800026D0] -> 0x3C23
mem[X,0x00000000800026D2] -> 0x0083
[310] [M]: 0x00000000800026D0 (0x00833C23) sd x8, 0x18(x6)                          sv_Mtval+0
mem[W,0x0000000080008438] <- 0x0000000000000000

mem[X,0x00000000800026D4] -> 0x3483
mem[X,0x00000000800026D6] -> 0x2181
[311] [M]: 0x00000000800026D4 (0x21813483) ld x9, 0x218(x2)                         skp_Mtval+0
mem[R,0x0000000080007218] -> 0x0000000080008440
x9 <- 0x0000000080008440

clint mtime 0x000000000000009C (mip.MTI <- 0b1, mip.STI <- 0b0)
mem[X,0x00000000800026D8] -> 0x3383
mem[X,0x00000000800026DA] -> 0x1F81
[312] [M]: 0x00000000800026D8 (0x1F813383) ld x7, 0x1f8(x2)                         skp_Mtval+4
mem[R,0x00000000800071F8] -> 0x0000000080008210
x7 <- 0x0000000080008210

mem[X,0x00000000800026DC] -> 0x3303
mem[X,0x00000000800026DE] -> 0x2001
[313] [M]: 0x00000000800026DC (0x20013303) ld x6, 0x200(x2)                         skp_Mtval+8
mem[R,0x0000000080007200] -> 0x0000000000000A20
x6 <- 0x0000000000000A20

clint mtime 0x000000000000009D (mip.MTI <- 0b1, mip.STI <- 0b0)
mem[X,0x00000000800026E0] -> 0x0333
mem[X,0x00000000800026E2] -> 0x0073
[314] [M]: 0x00000000800026E0 (0x00730333) add x6, x6, x7                           skp_Mtval+12
x6 <- 0x0000000080008C30

mem[X,0x00000000800026E4] -> 0x68E3
mem[X,0x00000000800026E6] -> 0xB093
[315] [M]: 0x00000000800026E4 (0xB09368E3) bltu x6, x9, -0x4f0                      skp_Mtval+16

clint mtime 0x000000000000009E (mip.MTI <- 0b1, mip.STI <- 0b0)
mem[X,0x00000000800026E8] -> 0x0393
mem[X,0x00000000800026EA] -> 0x2000
[316] [M]: 0x00000000800026E8 (0x20000393) addi x7, x0, 0x200                       skp_Mtval+20
x7 <- 0x0000000000000200

mem[X,0x00000000800026EC] -> 0x006F
mem[X,0x00000000800026EE] -> 0x0400
[317] [M]: 0x00000000800026EC (0x0400006F) jal x0, 0x40                             skp_Mtval+24

clint mtime 0x000000000000009F (mip.MTI <- 0b1, mip.STI <- 0b0)
mem[X,0x000000008000272C] -> 0x0417
mem[X,0x000000008000272E] -> 0x0000
[318] [M]: 0x000000008000272C (0x00000417) auipc x8, 0x0                            spcl_Mhandler+0
x8 <- 0x000000008000272C

mem[X,0x0000000080002730] -> 0x0413
mem[X,0x0000000080002732] -> 0x03C4
[319] [M]: 0x0000000080002730 (0x03C40413) addi x8, x8, 0x3c                        spcl_Mhandler+4
x8 <- 0x0000000080002768

clint mtime 0x00000000000000A0 (mip.MTI <- 0b1, mip.STI <- 0b0)
mem[X,0x0000000080002734] -> 0x0433
mem[X,0x0000000080002736] -> 0x0074
[320] [M]: 0x0000000080002734 (0x00740433) add x8, x8, x7                           spcl_Mhandler+8
x8 <- 0x0000000080002968

mem[X,0x0000000080002738] -> 0x1393
mem[X,0x000000008000273A] -> 0x0035
[321] [M]: 0x0000000080002738 (0x00351393) slli x7, x10, 0x3                        spcl_Mhandler+12
x7 <- 0x0000000000000010

clint mtime 0x00000000000000A1 (mip.MTI <- 0b1, mip.STI <- 0b0)
mem[X,0x000000008000273C] -> 0x0433
mem[X,0x000000008000273E] -> 0x0074
[322] [M]: 0x000000008000273C (0x00740433) add x8, x8, x7                           spcl_Mhandler+16
x8 <- 0x0000000080002978

mem[X,0x0000000080002740] -> 0x7413
mem[X,0x0000000080002742] -> 0xFF84
[323] [M]: 0x0000000080002740 (0xFF847413) andi x8, x8, -0x8                        spcl_Mhandler+20
x8 <- 0x0000000080002978

clint mtime 0x00000000000000A2 (mip.MTI <- 0b1, mip.STI <- 0b0)
mem[X,0x0000000080002744] -> 0x3403
mem[X,0x0000000080002746] -> 0x0004
[324] [M]: 0x0000000080002744 (0x00043403) ld x8, 0x0(x8)                           spcl_Mhandler+24
mem[R,0x0000000080002978] -> 0x0000000000000005
x8 <- 0x0000000000000005

mem[X,0x0000000080002748] -> 0x00E3
mem[X,0x000000008000274A] -> 0xB404
[325] [M]: 0x0000000080002748 (0xB40400E3) beq x8, x0, -0x4c0                       spcl_Mdispatch_hndling+0

clint mtime 0x00000000000000A3 (mip.MTI <- 0b1, mip.STI <- 0b0)
mem[X,0x000000008000274C] -> 0x1393
mem[X,0x000000008000274E] -> 0x03F4
[326] [M]: 0x000000008000274C (0x03F41393) slli x7, x8, 0x3f                        spcl_Mdispatch_hndling+4
x7 <- 0x8000000000000000

mem[X,0x0000000080002750] -> 0xD863
mem[X,0x0000000080002752] -> 0x0003
[327] [M]: 0x0000000080002750 (0x0003D863) bge x7, x0, 0x10                         spcl_Mdispatch_hndling+8

clint mtime 0x00000000000000A4 (mip.MTI <- 0b1, mip.STI <- 0b0)
mem[X,0x0000000080002754] -> 0x5413
mem[X,0x0000000080002756] -> 0x0014
[328] [M]: 0x0000000080002754 (0x00145413) srli x8, x8, 0x1                         spcl_Mdispatch_hndling+12
x8 <- 0x0000000000000002

mem[X,0x0000000080002758] -> 0x0CE3
mem[X,0x000000008000275A] -> 0xF885
[329] [M]: 0x0000000080002758 (0xF8850CE3) beq x10, x8, -0x68                       spcl_Mdispatch_hndling+16

clint mtime 0x00000000000000A5 (mip.MTI <- 0b1, mip.STI <- 0b0)
mem[X,0x00000000800026F0] -> 0x3303
mem[X,0x00000000800026F2] -> 0x2601
[330] [M]: 0x00000000800026F0 (0x26013303) ld x6, 0x260(x2)                         resto_Mrtn+0
mem[R,0x0000000080007260] -> 0x000000001FDDB7D5
x6 <- 0x000000001FDDB7D5

mem[X,0x00000000800026F4] -> 0x3383
mem[X,0x00000000800026F6] -> 0x2681
[331] [M]: 0x00000000800026F4 (0x26813383) ld x7, 0x268(x2)                         resto_Mrtn+4
mem[R,0x0000000080007268] -> 0x00000000003FBB6F
x7 <- 0x00000000003FBB6F

clint mtime 0x00000000000000A6 (mip.MTI <- 0b1, mip.STI <- 0b0)
mem[X,0x00000000800026F8] -> 0x3403
mem[X,0x00000000800026FA] -> 0x2701
[332] [M]: 0x00000000800026F8 (0x27013403) ld x8, 0x270(x2)                         resto_Mrtn+8
mem[R,0x0000000080007270] -> 0x0000000000007F76
x8 <- 0x0000000000007F76

mem[X,0x00000000800026FC] -> 0x3483
mem[X,0x00000000800026FE] -> 0x2781
[333] [M]: 0x00000000800026FC (0x27813483) ld x9, 0x278(x2)                         resto_Mrtn+12
mem[R,0x0000000080007278] -> 0x00000000000000FE
x9 <- 0x00000000000000FE

clint mtime 0x00000000000000A7 (mip.MTI <- 0b1, mip.STI <- 0b0)
mem[X,0x0000000080002700] -> 0x3503
mem[X,0x0000000080002702] -> 0x2801
[334] [M]: 0x0000000080002700 (0x28013503) ld x10, 0x280(x2)                        resto_Mrtn+16
mem[R,0x0000000080007280] -> 0x0000000000000001
x10 <- 0x0000000000000001

mem[X,0x0000000080002704] -> 0x3583
mem[X,0x0000000080002706] -> 0x2881
[335] [M]: 0x0000000080002704 (0x28813583) ld x11, 0x288(x2)                        resto_Mrtn+20
mem[R,0x0000000080007288] -> 0x0000000000000000
x11 <- 0x0000000000000000

clint mtime 0x00000000000000A8 (mip.MTI <- 0b1, mip.STI <- 0b0)
mem[X,0x0000000080002708] -> 0x3103
mem[X,0x000000008000270A] -> 0x2901
[336] [M]: 0x0000000080002708 (0x29013103) ld x2, 0x290(x2)                         resto_Mrtn+24
mem[R,0x0000000080007290] -> 0x01FDDB7D5BFDDB7F
x2 <- 0x01FDDB7D5BFDDB7F

mem[X,0x000000008000270C] -> 0x0073
mem[X,0x000000008000270E] -> 0x3020
[337] [M]: 0x000000008000270C (0x30200073) mret                                     resto_Mrtn+28
CSR mstatus (0x300) <- 0x0000000A00000080
ret-ing from M to M

clint mtime 0x00000000000000A9 (mip.MTI <- 0b1, mip.STI <- 0b0)
mem[X,0x0000000080000474] -> 0x0013
mem[X,0x0000000080000476] -> 0x0000
[338] [M]: 0x0000000080000474 (0x00000013) addi x0, x0, 0x0                         main+148

mem[X,0x0000000080000478] -> 0x0013
mem[X,0x000000008000047A] -> 0x0000
[339] [M]: 0x0000000080000478 (0x00000013) addi x0, x0, 0x0                         main+152

clint mtime 0x00000000000000AA (mip.MTI <- 0b1, mip.STI <- 0b0)
mem[X,0x000000008000047C] -> 0x0013
mem[X,0x000000008000047E] -> 0x0000
[340] [M]: 0x000000008000047C (0x00000013) addi x0, x0, 0x0                         main+156

mem[X,0x0000000080000480] -> 0x2217
mem[X,0x0000000080000482] -> 0x0000
[341] [M]: 0x0000000080000480 (0x00002217) auipc x4, 0x2                            main+160
x4 <- 0x0000000080002480

clint mtime 0x00000000000000AB (mip.MTI <- 0b1, mip.STI <- 0b0)
mem[X,0x0000000080000484] -> 0x0213
mem[X,0x0000000080000486] -> 0xB802
[342] [M]: 0x0000000080000484 (0xB8020213) addi x4, x4, -0x480                      main+164
x4 <- 0x0000000080002000

mem[X,0x0000000080000488] -> 0x0001
[343] [M]: 0x0000000080000488 (0x0001) c.nop                                        main+168

clint mtime 0x00000000000000AC (mip.MTI <- 0b1, mip.STI <- 0b0)
mem[X,0x000000008000048A] -> 0x0013
mem[X,0x000000008000048C] -> 0x0000
[344] [M]: 0x000000008000048A (0x00000013) addi x0, x0, 0x0                         main+170

mem[X,0x000000008000048E] -> 0x0013
mem[X,0x0000000080000490] -> 0x0000
[345] [M]: 0x000000008000048E (0x00000013) addi x0, x0, 0x0                         main+174

clint mtime 0x00000000000000AD (mip.MTI <- 0b1, mip.STI <- 0b0)
mem[X,0x0000000080000492] -> 0x0013
mem[X,0x0000000080000494] -> 0x0000
[346] [M]: 0x0000000080000492 (0x00000013) addi x0, x0, 0x0                         main+178

mem[X,0x0000000080000496] -> 0x0013
mem[X,0x0000000080000498] -> 0x0000
[347] [M]: 0x0000000080000496 (0x00000013) addi x0, x0, 0x0                         main+182

clint mtime 0x00000000000000AE (mip.MTI <- 0b1, mip.STI <- 0b0)
mem[X,0x000000008000049A] -> 0x0013
mem[X,0x000000008000049C] -> 0x0000
[348] [M]: 0x000000008000049A (0x00000013) addi x0, x0, 0x0                         main+186

mem[X,0x000000008000049E] -> 0x0001
[349] [M]: 0x000000008000049E (0x0001) c.nop                                        main+190

clint mtime 0x00000000000000AF (mip.MTI <- 0b1, mip.STI <- 0b0)
mem[X,0x00000000800004A0] -> 0x5213
mem[X,0x00000000800004A2] -> 0x0022
[350] [M]: 0x00000000800004A0 (0x00225213) srli x4, x4, 0x2                         main+192
x4 <- 0x0000000020000800

mem[X,0x00000000800004A4] -> 0x1073
mem[X,0x00000000800004A6] -> 0x3B02
[351] [M]: 0x00000000800004A4 (0x3B021073) csrrw x0, pmpaddr0, x4                   main+196
CSR pmpaddr0 (0x3B0) <- 0x0000000020000800

clint mtime 0x00000000000000B0 (mip.MTI <- 0b1, mip.STI <- 0b0)
mem[X,0x00000000800004A8] -> 0x0013
mem[X,0x00000000800004AA] -> 0x0000
[352] [M]: 0x00000000800004A8 (0x00000013) addi x0, x0, 0x0                         main+200

mem[X,0x00000000800004AC] -> 0x0013
mem[X,0x00000000800004AE] -> 0x0000
[353] [M]: 0x00000000800004AC (0x00000013) addi x0, x0, 0x0                         main+204

clint mtime 0x00000000000000B1 (mip.MTI <- 0b1, mip.STI <- 0b0)
mem[X,0x00000000800004B0] -> 0x0013
mem[X,0x00000000800004B2] -> 0x0000
[354] [M]: 0x00000000800004B0 (0x00000013) addi x0, x0, 0x0                         main+208

mem[X,0x00000000800004B4] -> 0x0013
mem[X,0x00000000800004B6] -> 0x0000
[355] [M]: 0x00000000800004B4 (0x00000013) addi x0, x0, 0x0                         main+212

clint mtime 0x00000000000000B2 (mip.MTI <- 0b1, mip.STI <- 0b0)
mem[X,0x00000000800004B8] -> 0x0013
mem[X,0x00000000800004BA] -> 0x0000
[356] [M]: 0x00000000800004B8 (0x00000013) addi x0, x0, 0x0                         main+216

mem[X,0x00000000800004BC] -> 0x0013
mem[X,0x00000000800004BE] -> 0x0000
[357] [M]: 0x00000000800004BC (0x00000013) addi x0, x0, 0x0                         main+220

clint mtime 0x00000000000000B3 (mip.MTI <- 0b1, mip.STI <- 0b0)
mem[X,0x00000000800004C0] -> 0x2217
mem[X,0x00000000800004C2] -> 0x0000
[358] [M]: 0x00000000800004C0 (0x00002217) auipc x4, 0x2                            main+224
x4 <- 0x00000000800024C0

mem[X,0x00000000800004C4] -> 0x0213
mem[X,0x00000000800004C6] -> 0xB442
[359] [M]: 0x00000000800004C4 (0xB4420213) addi x4, x4, -0x4bc                      main+228
x4 <- 0x0000000080002004

clint mtime 0x00000000000000B4 (mip.MTI <- 0b1, mip.STI <- 0b0)
mem[X,0x00000000800004C8] -> 0x0001
[360] [M]: 0x00000000800004C8 (0x0001) c.nop                                        main+232

mem[X,0x00000000800004CA] -> 0x0013
mem[X,0x00000000800004CC] -> 0x0000
[361] [M]: 0x00000000800004CA (0x00000013) addi x0, x0, 0x0                         main+234

clint mtime 0x00000000000000B5 (mip.MTI <- 0b1, mip.STI <- 0b0)
mem[X,0x00000000800004CE] -> 0x0013
mem[X,0x00000000800004D0] -> 0x0000
[362] [M]: 0x00000000800004CE (0x00000013) addi x0, x0, 0x0                         main+238

mem[X,0x00000000800004D2] -> 0x0013
mem[X,0x00000000800004D4] -> 0x0000
[363] [M]: 0x00000000800004D2 (0x00000013) addi x0, x0, 0x0                         main+242

clint mtime 0x00000000000000B6 (mip.MTI <- 0b1, mip.STI <- 0b0)
mem[X,0x00000000800004D6] -> 0x0013
mem[X,0x00000000800004D8] -> 0x0000
[364] [M]: 0x00000000800004D6 (0x00000013) addi x0, x0, 0x0                         main+246

mem[X,0x00000000800004DA] -> 0x0013
mem[X,0x00000000800004DC] -> 0x0000
[365] [M]: 0x00000000800004DA (0x00000013) addi x0, x0, 0x0                         main+250

clint mtime 0x00000000000000B7 (mip.MTI <- 0b1, mip.STI <- 0b0)
mem[X,0x00000000800004DE] -> 0x0001
[366] [M]: 0x00000000800004DE (0x0001) c.nop                                        main+254

mem[X,0x00000000800004E0] -> 0x5213
mem[X,0x00000000800004E2] -> 0x0022
[367] [M]: 0x00000000800004E0 (0x00225213) srli x4, x4, 0x2                         main+256
x4 <- 0x0000000020000801

clint mtime 0x00000000000000B8 (mip.MTI <- 0b1, mip.STI <- 0b0)
mem[X,0x00000000800004E4] -> 0x1073
mem[X,0x00000000800004E6] -> 0x3B12
[368] [M]: 0x00000000800004E4 (0x3B121073) csrrw x0, pmpaddr1, x4                   main+260
CSR pmpaddr1 (0x3B1) <- 0x0000000020000801

mem[X,0x00000000800004E8] -> 0x0013
mem[X,0x00000000800004EA] -> 0x0000
[369] [M]: 0x00000000800004E8 (0x00000013) addi x0, x0, 0x0                         main+264

clint mtime 0x00000000000000B9 (mip.MTI <- 0b1, mip.STI <- 0b0)
mem[X,0x00000000800004EC] -> 0x0013
mem[X,0x00000000800004EE] -> 0x0000
[370] [M]: 0x00000000800004EC (0x00000013) addi x0, x0, 0x0                         main+268

mem[X,0x00000000800004F0] -> 0x0013
mem[X,0x00000000800004F2] -> 0x0000
[371] [M]: 0x00000000800004F0 (0x00000013) addi x0, x0, 0x0                         main+272

clint mtime 0x00000000000000BA (mip.MTI <- 0b1, mip.STI <- 0b0)
mem[X,0x00000000800004F4] -> 0x0013
mem[X,0x00000000800004F6] -> 0x0000
[372] [M]: 0x00000000800004F4 (0x00000013) addi x0, x0, 0x0                         main+276

mem[X,0x00000000800004F8] -> 0x0013
mem[X,0x00000000800004FA] -> 0x0000
[373] [M]: 0x00000000800004F8 (0x00000013) addi x0, x0, 0x0                         main+280

clint mtime 0x00000000000000BB (mip.MTI <- 0b1, mip.STI <- 0b0)
mem[X,0x00000000800004FC] -> 0x0013
mem[X,0x00000000800004FE] -> 0x0000
[374] [M]: 0x00000000800004FC (0x00000013) addi x0, x0, 0x0                         main+284

mem[X,0x0000000080000500] -> 0x2217
mem[X,0x0000000080000502] -> 0x0000
[375] [M]: 0x0000000080000500 (0x00002217) auipc x4, 0x2                            main+288
x4 <- 0x0000000080002500

clint mtime 0x00000000000000BC (mip.MTI <- 0b1, mip.STI <- 0b0)
mem[X,0x0000000080000504] -> 0x0213
mem[X,0x0000000080000506] -> 0xB0C2
[376] [M]: 0x0000000080000504 (0xB0C20213) addi x4, x4, -0x4f4                      main+292
x4 <- 0x000000008000200C

mem[X,0x0000000080000508] -> 0x0001
[377] [M]: 0x0000000080000508 (0x0001) c.nop                                        main+296

clint mtime 0x00000000000000BD (mip.MTI <- 0b1, mip.STI <- 0b0)
mem[X,0x000000008000050A] -> 0x0013
mem[X,0x000000008000050C] -> 0x0000
[378] [M]: 0x000000008000050A (0x00000013) addi x0, x0, 0x0                         main+298

mem[X,0x000000008000050E] -> 0x0013
mem[X,0x0000000080000510] -> 0x0000
[379] [M]: 0x000000008000050E (0x00000013) addi x0, x0, 0x0                         main+302

clint mtime 0x00000000000000BE (mip.MTI <- 0b1, mip.STI <- 0b0)
mem[X,0x0000000080000512] -> 0x0013
mem[X,0x0000000080000514] -> 0x0000
[380] [M]: 0x0000000080000512 (0x00000013) addi x0, x0, 0x0                         main+306

mem[X,0x0000000080000516] -> 0x0013
mem[X,0x0000000080000518] -> 0x0000
[381] [M]: 0x0000000080000516 (0x00000013) addi x0, x0, 0x0                         main+310

clint mtime 0x00000000000000BF (mip.MTI <- 0b1, mip.STI <- 0b0)
mem[X,0x000000008000051A] -> 0x0013
mem[X,0x000000008000051C] -> 0x0000
[382] [M]: 0x000000008000051A (0x00000013) addi x0, x0, 0x0                         main+314

mem[X,0x000000008000051E] -> 0x0001
[383] [M]: 0x000000008000051E (0x0001) c.nop                                        main+318

clint mtime 0x00000000000000C0 (mip.MTI <- 0b1, mip.STI <- 0b0)
mem[X,0x0000000080000520] -> 0x5213
mem[X,0x0000000080000522] -> 0x0022
[384] [M]: 0x0000000080000520 (0x00225213) srli x4, x4, 0x2                         main+320
x4 <- 0x0000000020000803

mem[X,0x0000000080000524] -> 0x1073
mem[X,0x0000000080000526] -> 0x3B22
[385] [M]: 0x0000000080000524 (0x3B221073) csrrw x0, pmpaddr2, x4                   main+324
CSR pmpaddr2 (0x3B2) <- 0x0000000020000803

clint mtime 0x00000000000000C1 (mip.MTI <- 0b1, mip.STI <- 0b0)
mem[X,0x0000000080000528] -> 0x0013
mem[X,0x000000008000052A] -> 0x0000
[386] [M]: 0x0000000080000528 (0x00000013) addi x0, x0, 0x0                         main+328

mem[X,0x000000008000052C] -> 0x0013
mem[X,0x000000008000052E] -> 0x0000
[387] [M]: 0x000000008000052C (0x00000013) addi x0, x0, 0x0                         main+332

clint mtime 0x00000000000000C2 (mip.MTI <- 0b1, mip.STI <- 0b0)
mem[X,0x0000000080000530] -> 0x0013
mem[X,0x0000000080000532] -> 0x0000
[388] [M]: 0x0000000080000530 (0x00000013) addi x0, x0, 0x0                         main+336

mem[X,0x0000000080000534] -> 0x0013
mem[X,0x0000000080000536] -> 0x0000
[389] [M]: 0x0000000080000534 (0x00000013) addi x0, x0, 0x0                         main+340

clint mtime 0x00000000000000C3 (mip.MTI <- 0b1, mip.STI <- 0b0)
mem[X,0x0000000080000538] -> 0x0013
mem[X,0x000000008000053A] -> 0x0000
[390] [M]: 0x0000000080000538 (0x00000013) addi x0, x0, 0x0                         main+344

mem[X,0x000000008000053C] -> 0x0013
mem[X,0x000000008000053E] -> 0x0000
[391] [M]: 0x000000008000053C (0x00000013) addi x0, x0, 0x0                         main+348

clint mtime 0x00000000000000C4 (mip.MTI <- 0b1, mip.STI <- 0b0)
mem[X,0x0000000080000540] -> 0x2217
mem[X,0x0000000080000542] -> 0x0000
[392] [M]: 0x0000000080000540 (0x00002217) auipc x4, 0x2                            main+352
x4 <- 0x0000000080002540

mem[X,0x0000000080000544] -> 0x0213
mem[X,0x0000000080000546] -> 0xAD82
[393] [M]: 0x0000000080000544 (0xAD820213) addi x4, x4, -0x528                      main+356
x4 <- 0x0000000080002018

clint mtime 0x00000000000000C5 (mip.MTI <- 0b1, mip.STI <- 0b0)
mem[X,0x0000000080000548] -> 0x0001
[394] [M]: 0x0000000080000548 (0x0001) c.nop                                        main+360

mem[X,0x000000008000054A] -> 0x0013
mem[X,0x000000008000054C] -> 0x0000
[395] [M]: 0x000000008000054A (0x00000013) addi x0, x0, 0x0                         main+362

clint mtime 0x00000000000000C6 (mip.MTI <- 0b1, mip.STI <- 0b0)
mem[X,0x000000008000054E] -> 0x0013
mem[X,0x0000000080000550] -> 0x0000
[396] [M]: 0x000000008000054E (0x00000013) addi x0, x0, 0x0                         main+366

mem[X,0x0000000080000552] -> 0x0013
mem[X,0x0000000080000554] -> 0x0000
[397] [M]: 0x0000000080000552 (0x00000013) addi x0, x0, 0x0                         main+370

clint mtime 0x00000000000000C7 (mip.MTI <- 0b1, mip.STI <- 0b0)
mem[X,0x0000000080000556] -> 0x0013
mem[X,0x0000000080000558] -> 0x0000
[398] [M]: 0x0000000080000556 (0x00000013) addi x0, x0, 0x0                         main+374

mem[X,0x000000008000055A] -> 0x0013
mem[X,0x000000008000055C] -> 0x0000
[399] [M]: 0x000000008000055A (0x00000013) addi x0, x0, 0x0                         main+378

clint mtime 0x00000000000000C8 (mip.MTI <- 0b1, mip.STI <- 0b0)
mem[X,0x000000008000055E] -> 0x0001
[400] [M]: 0x000000008000055E (0x0001) c.nop                                        main+382

mem[X,0x0000000080000560] -> 0x5213
mem[X,0x0000000080000562] -> 0x0022
[401] [M]: 0x0000000080000560 (0x00225213) srli x4, x4, 0x2                         main+384
x4 <- 0x0000000020000806

clint mtime 0x00000000000000C9 (mip.MTI <- 0b1, mip.STI <- 0b0)
mem[X,0x0000000080000564] -> 0x1073
mem[X,0x0000000080000566] -> 0x3B32
[402] [M]: 0x0000000080000564 (0x3B321073) csrrw x0, pmpaddr3, x4                   main+388
CSR pmpaddr3 (0x3B3) <- 0x0000000020000806

mem[X,0x0000000080000568] -> 0x0013
mem[X,0x000000008000056A] -> 0x0000
[403] [M]: 0x0000000080000568 (0x00000013) addi x0, x0, 0x0                         main+392

clint mtime 0x00000000000000CA (mip.MTI <- 0b1, mip.STI <- 0b0)
mem[X,0x000000008000056C] -> 0x0013
mem[X,0x000000008000056E] -> 0x0000
[404] [M]: 0x000000008000056C (0x00000013) addi x0, x0, 0x0                         main+396

mem[X,0x0000000080000570] -> 0x0013
mem[X,0x0000000080000572] -> 0x0000
[405] [M]: 0x0000000080000570 (0x00000013) addi x0, x0, 0x0                         main+400

clint mtime 0x00000000000000CB (mip.MTI <- 0b1, mip.STI <- 0b0)
mem[X,0x0000000080000574] -> 0x0013
mem[X,0x0000000080000576] -> 0x0000
[406] [M]: 0x0000000080000574 (0x00000013) addi x0, x0, 0x0                         main+404

mem[X,0x0000000080000578] -> 0x0013
mem[X,0x000000008000057A] -> 0x0000
[407] [M]: 0x0000000080000578 (0x00000013) addi x0, x0, 0x0                         main+408

clint mtime 0x00000000000000CC (mip.MTI <- 0b1, mip.STI <- 0b0)
mem[X,0x000000008000057C] -> 0x0013
mem[X,0x000000008000057E] -> 0x0000
[408] [M]: 0x000000008000057C (0x00000013) addi x0, x0, 0x0                         main+412

mem[X,0x0000000080000580] -> 0x2217
mem[X,0x0000000080000582] -> 0x0000
[409] [M]: 0x0000000080000580 (0x00002217) auipc x4, 0x2                            main+416
x4 <- 0x0000000080002580

clint mtime 0x00000000000000CD (mip.MTI <- 0b1, mip.STI <- 0b0)
mem[X,0x0000000080000584] -> 0x0213
mem[X,0x0000000080000586] -> 0xAA82
[410] [M]: 0x0000000080000584 (0xAA820213) addi x4, x4, -0x558                      main+420
x4 <- 0x0000000080002028

mem[X,0x0000000080000588] -> 0x0001
[411] [M]: 0x0000000080000588 (0x0001) c.nop                                        main+424

clint mtime 0x00000000000000CE (mip.MTI <- 0b1, mip.STI <- 0b0)
mem[X,0x000000008000058A] -> 0x0013
mem[X,0x000000008000058C] -> 0x0000
[412] [M]: 0x000000008000058A (0x00000013) addi x0, x0, 0x0                         main+426

mem[X,0x000000008000058E] -> 0x0013
mem[X,0x0000000080000590] -> 0x0000
[413] [M]: 0x000000008000058E (0x00000013) addi x0, x0, 0x0                         main+430

clint mtime 0x00000000000000CF (mip.MTI <- 0b1, mip.STI <- 0b0)
mem[X,0x0000000080000592] -> 0x0013
mem[X,0x0000000080000594] -> 0x0000
[414] [M]: 0x0000000080000592 (0x00000013) addi x0, x0, 0x0                         main+434

mem[X,0x0000000080000596] -> 0x0013
mem[X,0x0000000080000598] -> 0x0000
[415] [M]: 0x0000000080000596 (0x00000013) addi x0, x0, 0x0                         main+438

clint mtime 0x00000000000000D0 (mip.MTI <- 0b1, mip.STI <- 0b0)
mem[X,0x000000008000059A] -> 0x0013
mem[X,0x000000008000059C] -> 0x0000
[416] [M]: 0x000000008000059A (0x00000013) addi x0, x0, 0x0                         main+442

mem[X,0x000000008000059E] -> 0x0001
[417] [M]: 0x000000008000059E (0x0001) c.nop                                        main+446

clint mtime 0x00000000000000D1 (mip.MTI <- 0b1, mip.STI <- 0b0)
mem[X,0x00000000800005A0] -> 0x5213
mem[X,0x00000000800005A2] -> 0x0022
[418] [M]: 0x00000000800005A0 (0x00225213) srli x4, x4, 0x2                         main+448
x4 <- 0x000000002000080A

mem[X,0x00000000800005A4] -> 0x1073
mem[X,0x00000000800005A6] -> 0x3B42
[419] [M]: 0x00000000800005A4 (0x3B421073) csrrw x0, pmpaddr4, x4                   main+452
CSR pmpaddr4 (0x3B4) <- 0x000000002000080A

clint mtime 0x00000000000000D2 (mip.MTI <- 0b1, mip.STI <- 0b0)
mem[X,0x00000000800005A8] -> 0x0013
mem[X,0x00000000800005AA] -> 0x0000
[420] [M]: 0x00000000800005A8 (0x00000013) addi x0, x0, 0x0                         main+456

mem[X,0x00000000800005AC] -> 0x0013
mem[X,0x00000000800005AE] -> 0x0000
[421] [M]: 0x00000000800005AC (0x00000013) addi x0, x0, 0x0                         main+460

clint mtime 0x00000000000000D3 (mip.MTI <- 0b1, mip.STI <- 0b0)
mem[X,0x00000000800005B0] -> 0x0013
mem[X,0x00000000800005B2] -> 0x0000
[422] [M]: 0x00000000800005B0 (0x00000013) addi x0, x0, 0x0                         main+464

mem[X,0x00000000800005B4] -> 0x0013
mem[X,0x00000000800005B6] -> 0x0000
[423] [M]: 0x00000000800005B4 (0x00000013) addi x0, x0, 0x0                         main+468

clint mtime 0x00000000000000D4 (mip.MTI <- 0b1, mip.STI <- 0b0)
mem[X,0x00000000800005B8] -> 0x0013
mem[X,0x00000000800005BA] -> 0x0000
[424] [M]: 0x00000000800005B8 (0x00000013) addi x0, x0, 0x0                         main+472

mem[X,0x00000000800005BC] -> 0x0013
mem[X,0x00000000800005BE] -> 0x0000
[425] [M]: 0x00000000800005BC (0x00000013) addi x0, x0, 0x0                         main+476

clint mtime 0x00000000000000D5 (mip.MTI <- 0b1, mip.STI <- 0b0)
mem[X,0x00000000800005C0] -> 0x2217
mem[X,0x00000000800005C2] -> 0x0000
[426] [M]: 0x00000000800005C0 (0x00002217) auipc x4, 0x2                            main+480
x4 <- 0x00000000800025C0

mem[X,0x00000000800005C4] -> 0x0213
mem[X,0x00000000800005C6] -> 0xA7C2
[427] [M]: 0x00000000800005C4 (0xA7C20213) addi x4, x4, -0x584                      main+484
x4 <- 0x000000008000203C

clint mtime 0x00000000000000D6 (mip.MTI <- 0b1, mip.STI <- 0b0)
mem[X,0x00000000800005C8] -> 0x0001
[428] [M]: 0x00000000800005C8 (0x0001) c.nop                                        main+488

mem[X,0x00000000800005CA] -> 0x0013
mem[X,0x00000000800005CC] -> 0x0000
[429] [M]: 0x00000000800005CA (0x00000013) addi x0, x0, 0x0                         main+490

clint mtime 0x00000000000000D7 (mip.MTI <- 0b1, mip.STI <- 0b0)
mem[X,0x00000000800005CE] -> 0x0013
mem[X,0x00000000800005D0] -> 0x0000
[430] [M]: 0x00000000800005CE (0x00000013) addi x0, x0, 0x0                         main+494

mem[X,0x00000000800005D2] -> 0x0013
mem[X,0x00000000800005D4] -> 0x0000
[431] [M]: 0x00000000800005D2 (0x00000013) addi x0, x0, 0x0                         main+498

clint mtime 0x00000000000000D8 (mip.MTI <- 0b1, mip.STI <- 0b0)
mem[X,0x00000000800005D6] -> 0x0013
mem[X,0x00000000800005D8] -> 0x0000
[432] [M]: 0x00000000800005D6 (0x00000013) addi x0, x0, 0x0                         main+502

mem[X,0x00000000800005DA] -> 0x0013
mem[X,0x00000000800005DC] -> 0x0000
[433] [M]: 0x00000000800005DA (0x00000013) addi x0, x0, 0x0                         main+506

clint mtime 0x00000000000000D9 (mip.MTI <- 0b1, mip.STI <- 0b0)
mem[X,0x00000000800005DE] -> 0x0001
[434] [M]: 0x00000000800005DE (0x0001) c.nop                                        main+510

mem[X,0x00000000800005E0] -> 0x5213
mem[X,0x00000000800005E2] -> 0x0022
[435] [M]: 0x00000000800005E0 (0x00225213) srli x4, x4, 0x2                         main+512
x4 <- 0x000000002000080F

clint mtime 0x00000000000000DA (mip.MTI <- 0b1, mip.STI <- 0b0)
mem[X,0x00000000800005E4] -> 0x1073
mem[X,0x00000000800005E6] -> 0x3B52
[436] [M]: 0x00000000800005E4 (0x3B521073) csrrw x0, pmpaddr5, x4                   main+516
CSR pmpaddr5 (0x3B5) <- 0x000000002000080F

mem[X,0x00000000800005E8] -> 0x0013
mem[X,0x00000000800005EA] -> 0x0000
[437] [M]: 0x00000000800005E8 (0x00000013) addi x0, x0, 0x0                         main+520

clint mtime 0x00000000000000DB (mip.MTI <- 0b1, mip.STI <- 0b0)
mem[X,0x00000000800005EC] -> 0x0013
mem[X,0x00000000800005EE] -> 0x0000
[438] [M]: 0x00000000800005EC (0x00000013) addi x0, x0, 0x0                         main+524

mem[X,0x00000000800005F0] -> 0x0013
mem[X,0x00000000800005F2] -> 0x0000
[439] [M]: 0x00000000800005F0 (0x00000013) addi x0, x0, 0x0                         main+528

clint mtime 0x00000000000000DC (mip.MTI <- 0b1, mip.STI <- 0b0)
mem[X,0x00000000800005F4] -> 0x0013
mem[X,0x00000000800005F6] -> 0x0000
[440] [M]: 0x00000000800005F4 (0x00000013) addi x0, x0, 0x0                         main+532

mem[X,0x00000000800005F8] -> 0x0013
mem[X,0x00000000800005FA] -> 0x0000
[441] [M]: 0x00000000800005F8 (0x00000013) addi x0, x0, 0x0                         main+536

clint mtime 0x00000000000000DD (mip.MTI <- 0b1, mip.STI <- 0b0)
mem[X,0x00000000800005FC] -> 0x0013
mem[X,0x00000000800005FE] -> 0x0000
[442] [M]: 0x00000000800005FC (0x00000013) addi x0, x0, 0x0                         main+540

mem[X,0x0000000080000600] -> 0x2217
mem[X,0x0000000080000602] -> 0x0000
[443] [M]: 0x0000000080000600 (0x00002217) auipc x4, 0x2                            main+544
x4 <- 0x0000000080002600

clint mtime 0x00000000000000DE (mip.MTI <- 0b1, mip.STI <- 0b0)
mem[X,0x0000000080000604] -> 0x0213
mem[X,0x0000000080000606] -> 0xA542
[444] [M]: 0x0000000080000604 (0xA5420213) addi x4, x4, -0x5ac                      main+548
x4 <- 0x0000000080002054

mem[X,0x0000000080000608] -> 0x0001
[445] [M]: 0x0000000080000608 (0x0001) c.nop                                        main+552

clint mtime 0x00000000000000DF (mip.MTI <- 0b1, mip.STI <- 0b0)
mem[X,0x000000008000060A] -> 0x0013
mem[X,0x000000008000060C] -> 0x0000
[446] [M]: 0x000000008000060A (0x00000013) addi x0, x0, 0x0                         main+554

mem[X,0x000000008000060E] -> 0x0013
mem[X,0x0000000080000610] -> 0x0000
[447] [M]: 0x000000008000060E (0x00000013) addi x0, x0, 0x0                         main+558

clint mtime 0x00000000000000E0 (mip.MTI <- 0b1, mip.STI <- 0b0)
mem[X,0x0000000080000612] -> 0x0013
mem[X,0x0000000080000614] -> 0x0000
[448] [M]: 0x0000000080000612 (0x00000013) addi x0, x0, 0x0                         main+562

mem[X,0x0000000080000616] -> 0x0013
mem[X,0x0000000080000618] -> 0x0000
[449] [M]: 0x0000000080000616 (0x00000013) addi x0, x0, 0x0                         main+566

clint mtime 0x00000000000000E1 (mip.MTI <- 0b1, mip.STI <- 0b0)
mem[X,0x000000008000061A] -> 0x0013
mem[X,0x000000008000061C] -> 0x0000
[450] [M]: 0x000000008000061A (0x00000013) addi x0, x0, 0x0                         main+570

mem[X,0x000000008000061E] -> 0x0001
[451] [M]: 0x000000008000061E (0x0001) c.nop                                        main+574

clint mtime 0x00000000000000E2 (mip.MTI <- 0b1, mip.STI <- 0b0)
mem[X,0x0000000080000620] -> 0x5213
mem[X,0x0000000080000622] -> 0x0022
[452] [M]: 0x0000000080000620 (0x00225213) srli x4, x4, 0x2                         main+576
x4 <- 0x0000000020000815

mem[X,0x0000000080000624] -> 0x1073
mem[X,0x0000000080000626] -> 0x3B62
[453] [M]: 0x0000000080000624 (0x3B621073) csrrw x0, pmpaddr6, x4                   main+580
CSR pmpaddr6 (0x3B6) <- 0x0000000020000815

clint mtime 0x00000000000000E3 (mip.MTI <- 0b1, mip.STI <- 0b0)
mem[X,0x0000000080000628] -> 0x0013
mem[X,0x000000008000062A] -> 0x0000
[454] [M]: 0x0000000080000628 (0x00000013) addi x0, x0, 0x0                         main+584

mem[X,0x000000008000062C] -> 0x0013
mem[X,0x000000008000062E] -> 0x0000
[455] [M]: 0x000000008000062C (0x00000013) addi x0, x0, 0x0                         main+588

clint mtime 0x00000000000000E4 (mip.MTI <- 0b1, mip.STI <- 0b0)
mem[X,0x0000000080000630] -> 0x0013
mem[X,0x0000000080000632] -> 0x0000
[456] [M]: 0x0000000080000630 (0x00000013) addi x0, x0, 0x0                         main+592

mem[X,0x0000000080000634] -> 0x0013
mem[X,0x0000000080000636] -> 0x0000
[457] [M]: 0x0000000080000634 (0x00000013) addi x0, x0, 0x0                         main+596

clint mtime 0x00000000000000E5 (mip.MTI <- 0b1, mip.STI <- 0b0)
mem[X,0x0000000080000638] -> 0x0013
mem[X,0x000000008000063A] -> 0x0000
[458] [M]: 0x0000000080000638 (0x00000013) addi x0, x0, 0x0                         main+600

mem[X,0x000000008000063C] -> 0x0013
mem[X,0x000000008000063E] -> 0x0000
[459] [M]: 0x000000008000063C (0x00000013) addi x0, x0, 0x0                         main+604

clint mtime 0x00000000000000E6 (mip.MTI <- 0b1, mip.STI <- 0b0)
mem[X,0x0000000080000640] -> 0x2217
mem[X,0x0000000080000642] -> 0x0000
[460] [M]: 0x0000000080000640 (0x00002217) auipc x4, 0x2                            main+608
x4 <- 0x0000000080002640

mem[X,0x0000000080000644] -> 0x0213
mem[X,0x0000000080000646] -> 0xA302
[461] [M]: 0x0000000080000644 (0xA3020213) addi x4, x4, -0x5d0                      main+612
x4 <- 0x0000000080002070

clint mtime 0x00000000000000E7 (mip.MTI <- 0b1, mip.STI <- 0b0)
mem[X,0x0000000080000648] -> 0x0001
[462] [M]: 0x0000000080000648 (0x0001) c.nop                                        main+616

mem[X,0x000000008000064A] -> 0x0013
mem[X,0x000000008000064C] -> 0x0000
[463] [M]: 0x000000008000064A (0x00000013) addi x0, x0, 0x0                         main+618

clint mtime 0x00000000000000E8 (mip.MTI <- 0b1, mip.STI <- 0b0)
mem[X,0x000000008000064E] -> 0x0013
mem[X,0x0000000080000650] -> 0x0000
[464] [M]: 0x000000008000064E (0x00000013) addi x0, x0, 0x0                         main+622

mem[X,0x0000000080000652] -> 0x0013
mem[X,0x0000000080000654] -> 0x0000
[465] [M]: 0x0000000080000652 (0x00000013) addi x0, x0, 0x0                         main+626

clint mtime 0x00000000000000E9 (mip.MTI <- 0b1, mip.STI <- 0b0)
mem[X,0x0000000080000656] -> 0x0013
mem[X,0x0000000080000658] -> 0x0000
[466] [M]: 0x0000000080000656 (0x00000013) addi x0, x0, 0x0                         main+630

mem[X,0x000000008000065A] -> 0x0013
mem[X,0x000000008000065C] -> 0x0000
[467] [M]: 0x000000008000065A (0x00000013) addi x0, x0, 0x0                         main+634

clint mtime 0x00000000000000EA (mip.MTI <- 0b1, mip.STI <- 0b0)
mem[X,0x000000008000065E] -> 0x0001
[468] [M]: 0x000000008000065E (0x0001) c.nop                                        main+638

mem[X,0x0000000080000660] -> 0x5213
mem[X,0x0000000080000662] -> 0x0022
[469] [M]: 0x0000000080000660 (0x00225213) srli x4, x4, 0x2                         main+640
x4 <- 0x000000002000081C

clint mtime 0x00000000000000EB (mip.MTI <- 0b1, mip.STI <- 0b0)
mem[X,0x0000000080000664] -> 0x1073
mem[X,0x0000000080000666] -> 0x3B72
[470] [M]: 0x0000000080000664 (0x3B721073) csrrw x0, pmpaddr7, x4                   main+644
CSR pmpaddr7 (0x3B7) <- 0x000000002000081C

mem[X,0x0000000080000668] -> 0x0013
mem[X,0x000000008000066A] -> 0x0000
[471] [M]: 0x0000000080000668 (0x00000013) addi x0, x0, 0x0                         main+648

clint mtime 0x00000000000000EC (mip.MTI <- 0b1, mip.STI <- 0b0)
mem[X,0x000000008000066C] -> 0x0013
mem[X,0x000000008000066E] -> 0x0000
[472] [M]: 0x000000008000066C (0x00000013) addi x0, x0, 0x0                         main+652

mem[X,0x0000000080000670] -> 0x0013
mem[X,0x0000000080000672] -> 0x0000
[473] [M]: 0x0000000080000670 (0x00000013) addi x0, x0, 0x0                         main+656

clint mtime 0x00000000000000ED (mip.MTI <- 0b1, mip.STI <- 0b0)
mem[X,0x0000000080000674] -> 0x0013
mem[X,0x0000000080000676] -> 0x0000
[474] [M]: 0x0000000080000674 (0x00000013) addi x0, x0, 0x0                         main+660

mem[X,0x0000000080000678] -> 0x0013
mem[X,0x000000008000067A] -> 0x0000
[475] [M]: 0x0000000080000678 (0x00000013) addi x0, x0, 0x0                         main+664

clint mtime 0x00000000000000EE (mip.MTI <- 0b1, mip.STI <- 0b0)
mem[X,0x000000008000067C] -> 0x0013
mem[X,0x000000008000067E] -> 0x0000
[476] [M]: 0x000000008000067C (0x00000013) addi x0, x0, 0x0                         main+668

mem[X,0x0000000080000680] -> 0x2217
mem[X,0x0000000080000682] -> 0x0000
[477] [M]: 0x0000000080000680 (0x00002217) auipc x4, 0x2                            main+672
x4 <- 0x0000000080002680

clint mtime 0x00000000000000EF (mip.MTI <- 0b1, mip.STI <- 0b0)
mem[X,0x0000000080000684] -> 0x0213
mem[X,0x0000000080000686] -> 0xA102
[478] [M]: 0x0000000080000684 (0xA1020213) addi x4, x4, -0x5f0                      main+676
x4 <- 0x0000000080002090

mem[X,0x0000000080000688] -> 0x0001
[479] [M]: 0x0000000080000688 (0x0001) c.nop                                        main+680

clint mtime 0x00000000000000F0 (mip.MTI <- 0b1, mip.STI <- 0b0)
mem[X,0x000000008000068A] -> 0x0013
mem[X,0x000000008000068C] -> 0x0000
[480] [M]: 0x000000008000068A (0x00000013) addi x0, x0, 0x0                         main+682

mem[X,0x000000008000068E] -> 0x0013
mem[X,0x0000000080000690] -> 0x0000
[481] [M]: 0x000000008000068E (0x00000013) addi x0, x0, 0x0                         main+686

clint mtime 0x00000000000000F1 (mip.MTI <- 0b1, mip.STI <- 0b0)
mem[X,0x0000000080000692] -> 0x0013
mem[X,0x0000000080000694] -> 0x0000
[482] [M]: 0x0000000080000692 (0x00000013) addi x0, x0, 0x0                         main+690

mem[X,0x0000000080000696] -> 0x0013
mem[X,0x0000000080000698] -> 0x0000
[483] [M]: 0x0000000080000696 (0x00000013) addi x0, x0, 0x0                         main+694

clint mtime 0x00000000000000F2 (mip.MTI <- 0b1, mip.STI <- 0b0)
mem[X,0x000000008000069A] -> 0x0013
mem[X,0x000000008000069C] -> 0x0000
[484] [M]: 0x000000008000069A (0x00000013) addi x0, x0, 0x0                         main+698

mem[X,0x000000008000069E] -> 0x0001
[485] [M]: 0x000000008000069E (0x0001) c.nop                                        main+702

clint mtime 0x00000000000000F3 (mip.MTI <- 0b1, mip.STI <- 0b0)
mem[X,0x00000000800006A0] -> 0x5213
mem[X,0x00000000800006A2] -> 0x0022
[486] [M]: 0x00000000800006A0 (0x00225213) srli x4, x4, 0x2                         main+704
x4 <- 0x0000000020000824

mem[X,0x00000000800006A4] -> 0x1073
mem[X,0x00000000800006A6] -> 0x3B82
[487] [M]: 0x00000000800006A4 (0x3B821073) csrrw x0, pmpaddr8, x4                   main+708
CSR pmpaddr8 (0x3B8) <- 0x0000000020000824

clint mtime 0x00000000000000F4 (mip.MTI <- 0b1, mip.STI <- 0b0)
mem[X,0x00000000800006A8] -> 0x0013
mem[X,0x00000000800006AA] -> 0x0000
[488] [M]: 0x00000000800006A8 (0x00000013) addi x0, x0, 0x0                         main+712

mem[X,0x00000000800006AC] -> 0x0013
mem[X,0x00000000800006AE] -> 0x0000
[489] [M]: 0x00000000800006AC (0x00000013) addi x0, x0, 0x0                         main+716

clint mtime 0x00000000000000F5 (mip.MTI <- 0b1, mip.STI <- 0b0)
mem[X,0x00000000800006B0] -> 0x0013
mem[X,0x00000000800006B2] -> 0x0000
[490] [M]: 0x00000000800006B0 (0x00000013) addi x0, x0, 0x0                         main+720

mem[X,0x00000000800006B4] -> 0x0013
mem[X,0x00000000800006B6] -> 0x0000
[491] [M]: 0x00000000800006B4 (0x00000013) addi x0, x0, 0x0                         main+724

clint mtime 0x00000000000000F6 (mip.MTI <- 0b1, mip.STI <- 0b0)
mem[X,0x00000000800006B8] -> 0x0013
mem[X,0x00000000800006BA] -> 0x0000
[492] [M]: 0x00000000800006B8 (0x00000013) addi x0, x0, 0x0                         main+728

mem[X,0x00000000800006BC] -> 0x0013
mem[X,0x00000000800006BE] -> 0x0000
[493] [M]: 0x00000000800006BC (0x00000013) addi x0, x0, 0x0                         main+732

clint mtime 0x00000000000000F7 (mip.MTI <- 0b1, mip.STI <- 0b0)
mem[X,0x00000000800006C0] -> 0x2217
mem[X,0x00000000800006C2] -> 0x0000
[494] [M]: 0x00000000800006C0 (0x00002217) auipc x4, 0x2                            main+736
x4 <- 0x00000000800026C0

mem[X,0x00000000800006C4] -> 0x0213
mem[X,0x00000000800006C6] -> 0x9F42
[495] [M]: 0x00000000800006C4 (0x9F420213) addi x4, x4, -0x60c                      main+740
x4 <- 0x00000000800020B4

clint mtime 0x00000000000000F8 (mip.MTI <- 0b1, mip.STI <- 0b0)
mem[X,0x00000000800006C8] -> 0x0001
[496] [M]: 0x00000000800006C8 (0x0001) c.nop                                        main+744

mem[X,0x00000000800006CA] -> 0x0013
mem[X,0x00000000800006CC] -> 0x0000
[497] [M]: 0x00000000800006CA (0x00000013) addi x0, x0, 0x0                         main+746

clint mtime 0x00000000000000F9 (mip.MTI <- 0b1, mip.STI <- 0b0)
mem[X,0x00000000800006CE] -> 0x0013
mem[X,0x00000000800006D0] -> 0x0000
[498] [M]: 0x00000000800006CE (0x00000013) addi x0, x0, 0x0                         main+750

mem[X,0x00000000800006D2] -> 0x0013
mem[X,0x00000000800006D4] -> 0x0000
[499] [M]: 0x00000000800006D2 (0x00000013) addi x0, x0, 0x0                         main+754

clint mtime 0x00000000000000FA (mip.MTI <- 0b1, mip.STI <- 0b0)
mem[X,0x00000000800006D6] -> 0x0013
mem[X,0x00000000800006D8] -> 0x0000
[500] [M]: 0x00000000800006D6 (0x00000013) addi x0, x0, 0x0                         main+758

mem[X,0x00000000800006DA] -> 0x0013
mem[X,0x00000000800006DC] -> 0x0000
[501] [M]: 0x00000000800006DA (0x00000013) addi x0, x0, 0x0                         main+762

clint mtime 0x00000000000000FB (mip.MTI <- 0b1, mip.STI <- 0b0)
mem[X,0x00000000800006DE] -> 0x0001
[502] [M]: 0x00000000800006DE (0x0001) c.nop                                        main+766

mem[X,0x00000000800006E0] -> 0x5213
mem[X,0x00000000800006E2] -> 0x0022
[503] [M]: 0x00000000800006E0 (0x00225213) srli x4, x4, 0x2                         main+768
x4 <- 0x000000002000082D

clint mtime 0x00000000000000FC (mip.MTI <- 0b1, mip.STI <- 0b0)
mem[X,0x00000000800006E4] -> 0x1073
mem[X,0x00000000800006E6] -> 0x3B92
[504] [M]: 0x00000000800006E4 (0x3B921073) csrrw x0, pmpaddr9, x4                   main+772
CSR pmpaddr9 (0x3B9) <- 0x000000002000082D

mem[X,0x00000000800006E8] -> 0x0013
mem[X,0x00000000800006EA] -> 0x0000
[505] [M]: 0x00000000800006E8 (0x00000013) addi x0, x0, 0x0                         main+776

clint mtime 0x00000000000000FD (mip.MTI <- 0b1, mip.STI <- 0b0)
mem[X,0x00000000800006EC] -> 0x0013
mem[X,0x00000000800006EE] -> 0x0000
[506] [M]: 0x00000000800006EC (0x00000013) addi x0, x0, 0x0                         main+780

mem[X,0x00000000800006F0] -> 0x0013
mem[X,0x00000000800006F2] -> 0x0000
[507] [M]: 0x00000000800006F0 (0x00000013) addi x0, x0, 0x0                         main+784

clint mtime 0x00000000000000FE (mip.MTI <- 0b1, mip.STI <- 0b0)
mem[X,0x00000000800006F4] -> 0x0013
mem[X,0x00000000800006F6] -> 0x0000
[508] [M]: 0x00000000800006F4 (0x00000013) addi x0, x0, 0x0                         main+788

mem[X,0x00000000800006F8] -> 0x0013
mem[X,0x00000000800006FA] -> 0x0000
[509] [M]: 0x00000000800006F8 (0x00000013) addi x0, x0, 0x0                         main+792

clint mtime 0x00000000000000FF (mip.MTI <- 0b1, mip.STI <- 0b0)
mem[X,0x00000000800006FC] -> 0x0013
mem[X,0x00000000800006FE] -> 0x0000
[510] [M]: 0x00000000800006FC (0x00000013) addi x0, x0, 0x0                         main+796

mem[X,0x0000000080000700] -> 0x2217
mem[X,0x0000000080000702] -> 0x0000
[511] [M]: 0x0000000080000700 (0x00002217) auipc x4, 0x2                            main+800
x4 <- 0x0000000080002700

clint mtime 0x0000000000000100 (mip.MTI <- 0b1, mip.STI <- 0b0)
mem[X,0x0000000080000704] -> 0x0213
mem[X,0x0000000080000706] -> 0x9DC2
[512] [M]: 0x0000000080000704 (0x9DC20213) addi x4, x4, -0x624                      main+804
x4 <- 0x00000000800020DC

mem[X,0x0000000080000708] -> 0x0001
[513] [M]: 0x0000000080000708 (0x0001) c.nop                                        main+808

clint mtime 0x0000000000000101 (mip.MTI <- 0b1, mip.STI <- 0b0)
mem[X,0x000000008000070A] -> 0x0013
mem[X,0x000000008000070C] -> 0x0000
[514] [M]: 0x000000008000070A (0x00000013) addi x0, x0, 0x0                         main+810

mem[X,0x000000008000070E] -> 0x0013
mem[X,0x0000000080000710] -> 0x0000
[515] [M]: 0x000000008000070E (0x00000013) addi x0, x0, 0x0                         main+814

clint mtime 0x0000000000000102 (mip.MTI <- 0b1, mip.STI <- 0b0)
mem[X,0x0000000080000712] -> 0x0013
mem[X,0x0000000080000714] -> 0x0000
[516] [M]: 0x0000000080000712 (0x00000013) addi x0, x0, 0x0                         main+818

mem[X,0x0000000080000716] -> 0x0013
mem[X,0x0000000080000718] -> 0x0000
[517] [M]: 0x0000000080000716 (0x00000013) addi x0, x0, 0x0                         main+822

clint mtime 0x0000000000000103 (mip.MTI <- 0b1, mip.STI <- 0b0)
mem[X,0x000000008000071A] -> 0x0013
mem[X,0x000000008000071C] -> 0x0000
[518] [M]: 0x000000008000071A (0x00000013) addi x0, x0, 0x0                         main+826

mem[X,0x000000008000071E] -> 0x0001
[519] [M]: 0x000000008000071E (0x0001) c.nop                                        main+830

clint mtime 0x0000000000000104 (mip.MTI <- 0b1, mip.STI <- 0b0)
mem[X,0x0000000080000720] -> 0x5213
mem[X,0x0000000080000722] -> 0x0022
[520] [M]: 0x0000000080000720 (0x00225213) srli x4, x4, 0x2                         main+832
x4 <- 0x0000000020000837

mem[X,0x0000000080000724] -> 0x1073
mem[X,0x0000000080000726] -> 0x3BA2
[521] [M]: 0x0000000080000724 (0x3BA21073) csrrw x0, pmpaddr10, x4                  main+836
CSR pmpaddr10 (0x3BA) <- 0x0000000020000837

clint mtime 0x0000000000000105 (mip.MTI <- 0b1, mip.STI <- 0b0)
mem[X,0x0000000080000728] -> 0x0013
mem[X,0x000000008000072A] -> 0x0000
[522] [M]: 0x0000000080000728 (0x00000013) addi x0, x0, 0x0                         main+840

mem[X,0x000000008000072C] -> 0x0013
mem[X,0x000000008000072E] -> 0x0000
[523] [M]: 0x000000008000072C (0x00000013) addi x0, x0, 0x0                         main+844

clint mtime 0x0000000000000106 (mip.MTI <- 0b1, mip.STI <- 0b0)
mem[X,0x0000000080000730] -> 0x0013
mem[X,0x0000000080000732] -> 0x0000
[524] [M]: 0x0000000080000730 (0x00000013) addi x0, x0, 0x0                         main+848

mem[X,0x0000000080000734] -> 0x0013
mem[X,0x0000000080000736] -> 0x0000
[525] [M]: 0x0000000080000734 (0x00000013) addi x0, x0, 0x0                         main+852

clint mtime 0x0000000000000107 (mip.MTI <- 0b1, mip.STI <- 0b0)
mem[X,0x0000000080000738] -> 0x0013
mem[X,0x000000008000073A] -> 0x0000
[526] [M]: 0x0000000080000738 (0x00000013) addi x0, x0, 0x0                         main+856

mem[X,0x000000008000073C] -> 0x0013
mem[X,0x000000008000073E] -> 0x0000
[527] [M]: 0x000000008000073C (0x00000013) addi x0, x0, 0x0                         main+860

clint mtime 0x0000000000000108 (mip.MTI <- 0b1, mip.STI <- 0b0)
mem[X,0x0000000080000740] -> 0x2217
mem[X,0x0000000080000742] -> 0x0000
[528] [M]: 0x0000000080000740 (0x00002217) auipc x4, 0x2                            main+864
x4 <- 0x0000000080002740

mem[X,0x0000000080000744] -> 0x0213
mem[X,0x0000000080000746] -> 0x9C82
[529] [M]: 0x0000000080000744 (0x9C820213) addi x4, x4, -0x638                      main+868
x4 <- 0x0000000080002108

clint mtime 0x0000000000000109 (mip.MTI <- 0b1, mip.STI <- 0b0)
mem[X,0x0000000080000748] -> 0x0001
[530] [M]: 0x0000000080000748 (0x0001) c.nop                                        main+872

mem[X,0x000000008000074A] -> 0x0013
mem[X,0x000000008000074C] -> 0x0000
[531] [M]: 0x000000008000074A (0x00000013) addi x0, x0, 0x0                         main+874

clint mtime 0x000000000000010A (mip.MTI <- 0b1, mip.STI <- 0b0)
mem[X,0x000000008000074E] -> 0x0013
mem[X,0x0000000080000750] -> 0x0000
[532] [M]: 0x000000008000074E (0x00000013) addi x0, x0, 0x0                         main+878

mem[X,0x0000000080000752] -> 0x0013
mem[X,0x0000000080000754] -> 0x0000
[533] [M]: 0x0000000080000752 (0x00000013) addi x0, x0, 0x0                         main+882

clint mtime 0x000000000000010B (mip.MTI <- 0b1, mip.STI <- 0b0)
mem[X,0x0000000080000756] -> 0x0013
mem[X,0x0000000080000758] -> 0x0000
[534] [M]: 0x0000000080000756 (0x00000013) addi x0, x0, 0x0                         main+886

mem[X,0x000000008000075A] -> 0x0013
mem[X,0x000000008000075C] -> 0x0000
[535] [M]: 0x000000008000075A (0x00000013) addi x0, x0, 0x0                         main+890

clint mtime 0x000000000000010C (mip.MTI <- 0b1, mip.STI <- 0b0)
mem[X,0x000000008000075E] -> 0x0001
[536] [M]: 0x000000008000075E (0x0001) c.nop                                        main+894

mem[X,0x0000000080000760] -> 0x5213
mem[X,0x0000000080000762] -> 0x0022
[537] [M]: 0x0000000080000760 (0x00225213) srli x4, x4, 0x2                         main+896
x4 <- 0x0000000020000842

clint mtime 0x000000000000010D (mip.MTI <- 0b1, mip.STI <- 0b0)
mem[X,0x0000000080000764] -> 0x1073
mem[X,0x0000000080000766] -> 0x3BB2
[538] [M]: 0x0000000080000764 (0x3BB21073) csrrw x0, pmpaddr11, x4                  main+900
CSR pmpaddr11 (0x3BB) <- 0x0000000020000842

mem[X,0x0000000080000768] -> 0x0013
mem[X,0x000000008000076A] -> 0x0000
[539] [M]: 0x0000000080000768 (0x00000013) addi x0, x0, 0x0                         main+904

clint mtime 0x000000000000010E (mip.MTI <- 0b1, mip.STI <- 0b0)
mem[X,0x000000008000076C] -> 0x0013
mem[X,0x000000008000076E] -> 0x0000
[540] [M]: 0x000000008000076C (0x00000013) addi x0, x0, 0x0                         main+908

mem[X,0x0000000080000770] -> 0x0013
mem[X,0x0000000080000772] -> 0x0000
[541] [M]: 0x0000000080000770 (0x00000013) addi x0, x0, 0x0                         main+912

clint mtime 0x000000000000010F (mip.MTI <- 0b1, mip.STI <- 0b0)
mem[X,0x0000000080000774] -> 0x0013
mem[X,0x0000000080000776] -> 0x0000
[542] [M]: 0x0000000080000774 (0x00000013) addi x0, x0, 0x0                         main+916

mem[X,0x0000000080000778] -> 0x0013
mem[X,0x000000008000077A] -> 0x0000
[543] [M]: 0x0000000080000778 (0x00000013) addi x0, x0, 0x0                         main+920

clint mtime 0x0000000000000110 (mip.MTI <- 0b1, mip.STI <- 0b0)
mem[X,0x000000008000077C] -> 0x0013
mem[X,0x000000008000077E] -> 0x0000
[544] [M]: 0x000000008000077C (0x00000013) addi x0, x0, 0x0                         main+924

mem[X,0x0000000080000780] -> 0x2217
mem[X,0x0000000080000782] -> 0x0000
[545] [M]: 0x0000000080000780 (0x00002217) auipc x4, 0x2                            main+928
x4 <- 0x0000000080002780

clint mtime 0x0000000000000111 (mip.MTI <- 0b1, mip.STI <- 0b0)
mem[X,0x0000000080000784] -> 0x0213
mem[X,0x0000000080000786] -> 0x9B82
[546] [M]: 0x0000000080000784 (0x9B820213) addi x4, x4, -0x648                      main+932
x4 <- 0x0000000080002138

mem[X,0x0000000080000788] -> 0x0001
[547] [M]: 0x0000000080000788 (0x0001) c.nop                                        main+936

clint mtime 0x0000000000000112 (mip.MTI <- 0b1, mip.STI <- 0b0)
mem[X,0x000000008000078A] -> 0x0013
mem[X,0x000000008000078C] -> 0x0000
[548] [M]: 0x000000008000078A (0x00000013) addi x0, x0, 0x0                         main+938

mem[X,0x000000008000078E] -> 0x0013
mem[X,0x0000000080000790] -> 0x0000
[549] [M]: 0x000000008000078E (0x00000013) addi x0, x0, 0x0                         main+942

clint mtime 0x0000000000000113 (mip.MTI <- 0b1, mip.STI <- 0b0)
mem[X,0x0000000080000792] -> 0x0013
mem[X,0x0000000080000794] -> 0x0000
[550] [M]: 0x0000000080000792 (0x00000013) addi x0, x0, 0x0                         main+946

mem[X,0x0000000080000796] -> 0x0013
mem[X,0x0000000080000798] -> 0x0000
[551] [M]: 0x0000000080000796 (0x00000013) addi x0, x0, 0x0                         main+950

clint mtime 0x0000000000000114 (mip.MTI <- 0b1, mip.STI <- 0b0)
mem[X,0x000000008000079A] -> 0x0013
mem[X,0x000000008000079C] -> 0x0000
[552] [M]: 0x000000008000079A (0x00000013) addi x0, x0, 0x0                         main+954

mem[X,0x000000008000079E] -> 0x0001
[553] [M]: 0x000000008000079E (0x0001) c.nop                                        main+958

clint mtime 0x0000000000000115 (mip.MTI <- 0b1, mip.STI <- 0b0)
mem[X,0x00000000800007A0] -> 0x5213
mem[X,0x00000000800007A2] -> 0x0022
[554] [M]: 0x00000000800007A0 (0x00225213) srli x4, x4, 0x2                         main+960
x4 <- 0x000000002000084E

mem[X,0x00000000800007A4] -> 0x1073
mem[X,0x00000000800007A6] -> 0x3BC2
[555] [M]: 0x00000000800007A4 (0x3BC21073) csrrw x0, pmpaddr12, x4                  main+964
CSR pmpaddr12 (0x3BC) <- 0x000000002000084E

clint mtime 0x0000000000000116 (mip.MTI <- 0b1, mip.STI <- 0b0)
mem[X,0x00000000800007A8] -> 0x0013
mem[X,0x00000000800007AA] -> 0x0000
[556] [M]: 0x00000000800007A8 (0x00000013) addi x0, x0, 0x0                         main+968

mem[X,0x00000000800007AC] -> 0x0013
mem[X,0x00000000800007AE] -> 0x0000
[557] [M]: 0x00000000800007AC (0x00000013) addi x0, x0, 0x0                         main+972

clint mtime 0x0000000000000117 (mip.MTI <- 0b1, mip.STI <- 0b0)
mem[X,0x00000000800007B0] -> 0x0013
mem[X,0x00000000800007B2] -> 0x0000
[558] [M]: 0x00000000800007B0 (0x00000013) addi x0, x0, 0x0                         main+976

mem[X,0x00000000800007B4] -> 0x0013
mem[X,0x00000000800007B6] -> 0x0000
[559] [M]: 0x00000000800007B4 (0x00000013) addi x0, x0, 0x0                         main+980

clint mtime 0x0000000000000118 (mip.MTI <- 0b1, mip.STI <- 0b0)
mem[X,0x00000000800007B8] -> 0x0013
mem[X,0x00000000800007BA] -> 0x0000
[560] [M]: 0x00000000800007B8 (0x00000013) addi x0, x0, 0x0                         main+984

mem[X,0x00000000800007BC] -> 0x0013
mem[X,0x00000000800007BE] -> 0x0000
[561] [M]: 0x00000000800007BC (0x00000013) addi x0, x0, 0x0                         main+988

clint mtime 0x0000000000000119 (mip.MTI <- 0b1, mip.STI <- 0b0)
mem[X,0x00000000800007C0] -> 0x2217
mem[X,0x00000000800007C2] -> 0x0000
[562] [M]: 0x00000000800007C0 (0x00002217) auipc x4, 0x2                            main+992
x4 <- 0x00000000800027C0

mem[X,0x00000000800007C4] -> 0x0213
mem[X,0x00000000800007C6] -> 0x9AC2
[563] [M]: 0x00000000800007C4 (0x9AC20213) addi x4, x4, -0x654                      main+996
x4 <- 0x000000008000216C

clint mtime 0x000000000000011A (mip.MTI <- 0b1, mip.STI <- 0b0)
mem[X,0x00000000800007C8] -> 0x0001
[564] [M]: 0x00000000800007C8 (0x0001) c.nop                                        main+1000

mem[X,0x00000000800007CA] -> 0x0013
mem[X,0x00000000800007CC] -> 0x0000
[565] [M]: 0x00000000800007CA (0x00000013) addi x0, x0, 0x0                         main+1002

clint mtime 0x000000000000011B (mip.MTI <- 0b1, mip.STI <- 0b0)
mem[X,0x00000000800007CE] -> 0x0013
mem[X,0x00000000800007D0] -> 0x0000
[566] [M]: 0x00000000800007CE (0x00000013) addi x0, x0, 0x0                         main+1006

mem[X,0x00000000800007D2] -> 0x0013
mem[X,0x00000000800007D4] -> 0x0000
[567] [M]: 0x00000000800007D2 (0x00000013) addi x0, x0, 0x0                         main+1010

clint mtime 0x000000000000011C (mip.MTI <- 0b1, mip.STI <- 0b0)
mem[X,0x00000000800007D6] -> 0x0013
mem[X,0x00000000800007D8] -> 0x0000
[568] [M]: 0x00000000800007D6 (0x00000013) addi x0, x0, 0x0                         main+1014

mem[X,0x00000000800007DA] -> 0x0013
mem[X,0x00000000800007DC] -> 0x0000
[569] [M]: 0x00000000800007DA (0x00000013) addi x0, x0, 0x0                         main+1018

clint mtime 0x000000000000011D (mip.MTI <- 0b1, mip.STI <- 0b0)
mem[X,0x00000000800007DE] -> 0x0001
[570] [M]: 0x00000000800007DE (0x0001) c.nop                                        main+1022

mem[X,0x00000000800007E0] -> 0x5213
mem[X,0x00000000800007E2] -> 0x0022
[571] [M]: 0x00000000800007E0 (0x00225213) srli x4, x4, 0x2                         main+1024
x4 <- 0x000000002000085B

clint mtime 0x000000000000011E (mip.MTI <- 0b1, mip.STI <- 0b0)
mem[X,0x00000000800007E4] -> 0x1073
mem[X,0x00000000800007E6] -> 0x3BD2
[572] [M]: 0x00000000800007E4 (0x3BD21073) csrrw x0, pmpaddr13, x4                  main+1028
CSR pmpaddr13 (0x3BD) <- 0x000000002000085B

mem[X,0x00000000800007E8] -> 0x0013
mem[X,0x00000000800007EA] -> 0x0000
[573] [M]: 0x00000000800007E8 (0x00000013) addi x0, x0, 0x0                         main+1032

clint mtime 0x000000000000011F (mip.MTI <- 0b1, mip.STI <- 0b0)
mem[X,0x00000000800007EC] -> 0x0013
mem[X,0x00000000800007EE] -> 0x0000
[574] [M]: 0x00000000800007EC (0x00000013) addi x0, x0, 0x0                         main+1036

mem[X,0x00000000800007F0] -> 0x0013
mem[X,0x00000000800007F2] -> 0x0000
[575] [M]: 0x00000000800007F0 (0x00000013) addi x0, x0, 0x0                         main+1040

clint mtime 0x0000000000000120 (mip.MTI <- 0b1, mip.STI <- 0b0)
mem[X,0x00000000800007F4] -> 0x0013
mem[X,0x00000000800007F6] -> 0x0000
[576] [M]: 0x00000000800007F4 (0x00000013) addi x0, x0, 0x0                         main+1044

mem[X,0x00000000800007F8] -> 0x0013
mem[X,0x00000000800007FA] -> 0x0000
[577] [M]: 0x00000000800007F8 (0x00000013) addi x0, x0, 0x0                         main+1048

clint mtime 0x0000000000000121 (mip.MTI <- 0b1, mip.STI <- 0b0)
mem[X,0x00000000800007FC] -> 0x0013
mem[X,0x00000000800007FE] -> 0x0000
[578] [M]: 0x00000000800007FC (0x00000013) addi x0, x0, 0x0                         main+1052

mem[X,0x0000000080000800] -> 0x2217
mem[X,0x0000000080000802] -> 0x0000
[579] [M]: 0x0000000080000800 (0x00002217) auipc x4, 0x2                            main+1056
x4 <- 0x0000000080002800

clint mtime 0x0000000000000122 (mip.MTI <- 0b1, mip.STI <- 0b0)
mem[X,0x0000000080000804] -> 0x0213
mem[X,0x0000000080000806] -> 0x9A42
[580] [M]: 0x0000000080000804 (0x9A420213) addi x4, x4, -0x65c                      main+1060
x4 <- 0x00000000800021A4

mem[X,0x0000000080000808] -> 0x0001
[581] [M]: 0x0000000080000808 (0x0001) c.nop                                        main+1064

clint mtime 0x0000000000000123 (mip.MTI <- 0b1, mip.STI <- 0b0)
mem[X,0x000000008000080A] -> 0x0013
mem[X,0x000000008000080C] -> 0x0000
[582] [M]: 0x000000008000080A (0x00000013) addi x0, x0, 0x0                         main+1066

mem[X,0x000000008000080E] -> 0x0013
mem[X,0x0000000080000810] -> 0x0000
[583] [M]: 0x000000008000080E (0x00000013) addi x0, x0, 0x0                         main+1070

clint mtime 0x0000000000000124 (mip.MTI <- 0b1, mip.STI <- 0b0)
mem[X,0x0000000080000812] -> 0x0013
mem[X,0x0000000080000814] -> 0x0000
[584] [M]: 0x0000000080000812 (0x00000013) addi x0, x0, 0x0                         main+1074

mem[X,0x0000000080000816] -> 0x0013
mem[X,0x0000000080000818] -> 0x0000
[585] [M]: 0x0000000080000816 (0x00000013) addi x0, x0, 0x0                         main+1078

clint mtime 0x0000000000000125 (mip.MTI <- 0b1, mip.STI <- 0b0)
mem[X,0x000000008000081A] -> 0x0013
mem[X,0x000000008000081C] -> 0x0000
[586] [M]: 0x000000008000081A (0x00000013) addi x0, x0, 0x0                         main+1082

mem[X,0x000000008000081E] -> 0x0001
[587] [M]: 0x000000008000081E (0x0001) c.nop                                        main+1086

clint mtime 0x0000000000000126 (mip.MTI <- 0b1, mip.STI <- 0b0)
mem[X,0x0000000080000820] -> 0x5213
mem[X,0x0000000080000822] -> 0x0022
[588] [M]: 0x0000000080000820 (0x00225213) srli x4, x4, 0x2                         main+1088
x4 <- 0x0000000020000869

mem[X,0x0000000080000824] -> 0x1073
mem[X,0x0000000080000826] -> 0x3BE2
[589] [M]: 0x0000000080000824 (0x3BE21073) csrrw x0, pmpaddr14, x4                  main+1092
CSR pmpaddr14 (0x3BE) <- 0x0000000020000869

clint mtime 0x0000000000000127 (mip.MTI <- 0b1, mip.STI <- 0b0)
mem[X,0x0000000080000828] -> 0x9237
mem[X,0x000000008000082A] -> 0x8988
[590] [M]: 0x0000000080000828 (0x89889237) lui x4, -0x76777                         main+1096
x4 <- 0xFFFFFFFF89889000

mem[X,0x000000008000082C] -> 0x0213
mem[X,0x000000008000082E] -> 0x9882
[591] [M]: 0x000000008000082C (0x98820213) addi x4, x4, -0x678                      main+1100
x4 <- 0xFFFFFFFF89888988

clint mtime 0x0000000000000128 (mip.MTI <- 0b1, mip.STI <- 0b0)
mem[X,0x0000000080000830] -> 0x1213
mem[X,0x0000000080000832] -> 0x00B2
[592] [M]: 0x0000000080000830 (0x00B21213) slli x4, x4, 0xb                         main+1104
x4 <- 0xFFFFFC4C444C4000

mem[X,0x0000000080000834] -> 0x0213
mem[X,0x0000000080000836] -> 0x44C2
[593] [M]: 0x0000000080000834 (0x44C20213) addi x4, x4, 0x44c                       main+1108
x4 <- 0xFFFFFC4C444C444C

clint mtime 0x0000000000000129 (mip.MTI <- 0b1, mip.STI <- 0b0)
mem[X,0x0000000080000838] -> 0x1213
mem[X,0x000000008000083A] -> 0x00B2
[594] [M]: 0x0000000080000838 (0x00B21213) slli x4, x4, 0xb                         main+1112
x4 <- 0xFFE2622262226000

mem[X,0x000000008000083C] -> 0x0213
mem[X,0x000000008000083E] -> 0x2222
[595] [M]: 0x000000008000083C (0x22220213) addi x4, x4, 0x222                       main+1116
x4 <- 0xFFE2622262226222

clint mtime 0x000000000000012A (mip.MTI <- 0b1, mip.STI <- 0b0)
mem[X,0x0000000080000840] -> 0x1213
mem[X,0x0000000080000842] -> 0x00A2
[596] [M]: 0x0000000080000840 (0x00A21213) slli x4, x4, 0xa                         main+1120
x4 <- 0x8988898889888800

mem[X,0x0000000080000844] -> 0x0213
mem[X,0x0000000080000846] -> 0x18F2
[597] [M]: 0x0000000080000844 (0x18F20213) addi x4, x4, 0x18f                       main+1124
x4 <- 0x898889888988898F

clint mtime 0x000000000000012B (mip.MTI <- 0b1, mip.STI <- 0b0)
mem[X,0x0000000080000848] -> 0x1073
mem[X,0x000000008000084A] -> 0x3A02
[598] [M]: 0x0000000080000848 (0x3A021073) csrrw x0, pmpcfg0, x4                    main+1128
CSR pmpcfg0 (0x3A0) <- 0x898889888988898F

mem[X,0x000000008000084C] -> 0x9237
mem[X,0x000000008000084E] -> 0x9F88
[599] [M]: 0x000000008000084C (0x9F889237) lui x4, -0x60777                         main+1132
x4 <- 0xFFFFFFFF9F889000

clint mtime 0x000000000000012C (mip.MTI <- 0b1, mip.STI <- 0b0)
mem[X,0x0000000080000850] -> 0x0213
mem[X,0x0000000080000852] -> 0x9882
[600] [M]: 0x0000000080000850 (0x98820213) addi x4, x4, -0x678                      main+1136
x4 <- 0xFFFFFFFF9F888988

mem[X,0x0000000080000854] -> 0x1213
mem[X,0x0000000080000856] -> 0x00B2
[601] [M]: 0x0000000080000854 (0x00B21213) slli x4, x4, 0xb                         main+1140
x4 <- 0xFFFFFCFC444C4000

clint mtime 0x000000000000012D (mip.MTI <- 0b1, mip.STI <- 0b0)
mem[X,0x0000000080000858] -> 0x0213
mem[X,0x000000008000085A] -> 0x44C2
[602] [M]: 0x0000000080000858 (0x44C20213) addi x4, x4, 0x44c                       main+1144
x4 <- 0xFFFFFCFC444C444C

mem[X,0x000000008000085C] -> 0x1213
mem[X,0x000000008000085E] -> 0x00B2
[603] [M]: 0x000000008000085C (0x00B21213) slli x4, x4, 0xb                         main+1148
x4 <- 0xFFE7E22262226000

clint mtime 0x000000000000012E (mip.MTI <- 0b1, mip.STI <- 0b0)
mem[X,0x0000000080000860] -> 0x0213
mem[X,0x0000000080000862] -> 0x2222
[604] [M]: 0x0000000080000860 (0x22220213) addi x4, x4, 0x222                       main+1152
x4 <- 0xFFE7E22262226222

mem[X,0x0000000080000864] -> 0x1213
mem[X,0x0000000080000866] -> 0x00A2
[605] [M]: 0x0000000080000864 (0x00A21213) slli x4, x4, 0xa                         main+1156
x4 <- 0x9F88898889888800

clint mtime 0x000000000000012F (mip.MTI <- 0b1, mip.STI <- 0b0)
mem[X,0x0000000080000868] -> 0x0213
mem[X,0x000000008000086A] -> 0x1882
[606] [M]: 0x0000000080000868 (0x18820213) addi x4, x4, 0x188                       main+1160
x4 <- 0x9F88898889888988

mem[X,0x000000008000086C] -> 0x1073
mem[X,0x000000008000086E] -> 0x3A22
[607] [M]: 0x000000008000086C (0x3A221073) csrrw x0, pmpcfg2, x4                    main+1164
CSR pmpcfg2 (0x3A2) <- 0x9F88898889888988

clint mtime 0x0000000000000130 (mip.MTI <- 0b1, mip.STI <- 0b0)
mem[X,0x0000000080000870] -> 0x0013
mem[X,0x0000000080000872] -> 0x0000
[608] [M]: 0x0000000080000870 (0x00000013) addi x0, x0, 0x0                         main+1168

mem[X,0x0000000080000874] -> 0x0013
mem[X,0x0000000080000876] -> 0x0000
[609] [M]: 0x0000000080000874 (0x00000013) addi x0, x0, 0x0                         main+1172

clint mtime 0x0000000000000131 (mip.MTI <- 0b1, mip.STI <- 0b0)
mem[X,0x0000000080000878] -> 0x0013
mem[X,0x000000008000087A] -> 0x0000
[610] [M]: 0x0000000080000878 (0x00000013) addi x0, x0, 0x0                         main+1176

mem[X,0x000000008000087C] -> 0x0013
mem[X,0x000000008000087E] -> 0x0000
[611] [M]: 0x000000008000087C (0x00000013) addi x0, x0, 0x0                         main+1180

clint mtime 0x0000000000000132 (mip.MTI <- 0b1, mip.STI <- 0b0)
mem[X,0x0000000080000880] -> 0x1797
mem[X,0x0000000080000882] -> 0x0000
[612] [M]: 0x0000000080000880 (0x00001797) auipc x15, 0x1                           main+1184
x15 <- 0x0000000080001880

mem[X,0x0000000080000884] -> 0x8793
mem[X,0x0000000080000886] -> 0x77C7
[613] [M]: 0x0000000080000884 (0x77C78793) addi x15, x15, 0x77c                     main+1188
x15 <- 0x0000000080001FFC

clint mtime 0x0000000000000133 (mip.MTI <- 0b1, mip.STI <- 0b0)
mem[X,0x0000000080000888] -> 0x0001
[614] [M]: 0x0000000080000888 (0x0001) c.nop                                        main+1192

mem[X,0x000000008000088A] -> 0x0013
mem[X,0x000000008000088C] -> 0x0000
[615] [M]: 0x000000008000088A (0x00000013) addi x0, x0, 0x0                         main+1194

clint mtime 0x0000000000000134 (mip.MTI <- 0b1, mip.STI <- 0b0)
mem[X,0x000000008000088E] -> 0x0013
mem[X,0x0000000080000890] -> 0x0000
[616] [M]: 0x000000008000088E (0x00000013) addi x0, x0, 0x0                         main+1198

mem[X,0x0000000080000892] -> 0x0013
mem[X,0x0000000080000894] -> 0x0000
[617] [M]: 0x0000000080000892 (0x00000013) addi x0, x0, 0x0                         main+1202

clint mtime 0x0000000000000135 (mip.MTI <- 0b1, mip.STI <- 0b0)
mem[X,0x0000000080000896] -> 0x0013
mem[X,0x0000000080000898] -> 0x0000
[618] [M]: 0x0000000080000896 (0x00000013) addi x0, x0, 0x0                         main+1206

mem[X,0x000000008000089A] -> 0x0013
mem[X,0x000000008000089C] -> 0x0000
[619] [M]: 0x000000008000089A (0x00000013) addi x0, x0, 0x0                         main+1210

clint mtime 0x0000000000000136 (mip.MTI <- 0b1, mip.STI <- 0b0)
mem[X,0x000000008000089E] -> 0x0001
[620] [M]: 0x000000008000089E (0x0001) c.nop                                        main+1214

mem[X,0x00000000800008A0] -> 0xA703
mem[X,0x00000000800008A2] -> 0x0007
[621] [M]: 0x00000000800008A0 (0x0007A703) lw x14, 0x0(x15)                         main+1216
mem[R,0x0000000080001FFC] -> 0x00000013
x14 <- 0x0000000000000013

clint mtime 0x0000000000000137 (mip.MTI <- 0b1, mip.STI <- 0b0)
mem[X,0x00000000800008A4] -> 0x0013
mem[X,0x00000000800008A6] -> 0x0000
[622] [M]: 0x00000000800008A4 (0x00000013) addi x0, x0, 0x0                         main+1220

mem[X,0x00000000800008A8] -> 0x0013
mem[X,0x00000000800008AA] -> 0x0000
[623] [M]: 0x00000000800008A8 (0x00000013) addi x0, x0, 0x0                         main+1224

clint mtime 0x0000000000000138 (mip.MTI <- 0b1, mip.STI <- 0b0)
mem[X,0x00000000800008AC] -> 0xB023
mem[X,0x00000000800008AE] -> 0x00E6
[624] [M]: 0x00000000800008AC (0x00E6B023) sd x14, 0x0(x13)                         main+1228
mem[W,0x0000000080008218] <- 0x0000000000000013

mem[X,0x00000000800008B0] -> 0x0013
mem[X,0x00000000800008B2] -> 0x0000
[625] [M]: 0x00000000800008B0 (0x00000013) addi x0, x0, 0x0                         main+1232

clint mtime 0x0000000000000139 (mip.MTI <- 0b1, mip.STI <- 0b0)
mem[X,0x00000000800008B4] -> 0x0013
mem[X,0x00000000800008B6] -> 0x0000
[626] [M]: 0x00000000800008B4 (0x00000013) addi x0, x0, 0x0                         main+1236

mem[X,0x00000000800008B8] -> 0x0013
mem[X,0x00000000800008BA] -> 0x0000
[627] [M]: 0x00000000800008B8 (0x00000013) addi x0, x0, 0x0                         main+1240

clint mtime 0x000000000000013A (mip.MTI <- 0b1, mip.STI <- 0b0)
mem[X,0x00000000800008BC] -> 0x0013
mem[X,0x00000000800008BE] -> 0x0000
[628] [M]: 0x00000000800008BC (0x00000013) addi x0, x0, 0x0                         main+1244

mem[X,0x00000000800008C0] -> 0x1797
mem[X,0x00000000800008C2] -> 0x0000
[629] [M]: 0x00000000800008C0 (0x00001797) auipc x15, 0x1                           main+1248
x15 <- 0x00000000800018C0

clint mtime 0x000000000000013B (mip.MTI <- 0b1, mip.STI <- 0b0)
mem[X,0x00000000800008C4] -> 0x8793
mem[X,0x00000000800008C6] -> 0x7407
[630] [M]: 0x00000000800008C4 (0x74078793) addi x15, x15, 0x740                     main+1252
x15 <- 0x0000000080002000

mem[X,0x00000000800008C8] -> 0x0001
[631] [M]: 0x00000000800008C8 (0x0001) c.nop                                        main+1256

clint mtime 0x000000000000013C (mip.MTI <- 0b1, mip.STI <- 0b0)
mem[X,0x00000000800008CA] -> 0x0013
mem[X,0x00000000800008CC] -> 0x0000
[632] [M]: 0x00000000800008CA (0x00000013) addi x0, x0, 0x0                         main+1258

mem[X,0x00000000800008CE] -> 0x0013
mem[X,0x00000000800008D0] -> 0x0000
[633] [M]: 0x00000000800008CE (0x00000013) addi x0, x0, 0x0                         main+1262

clint mtime 0x000000000000013D (mip.MTI <- 0b1, mip.STI <- 0b0)
mem[X,0x00000000800008D2] -> 0x0013
mem[X,0x00000000800008D4] -> 0x0000
[634] [M]: 0x00000000800008D2 (0x00000013) addi x0, x0, 0x0                         main+1266

mem[X,0x00000000800008D6] -> 0x0013
mem[X,0x00000000800008D8] -> 0x0000
[635] [M]: 0x00000000800008D6 (0x00000013) addi x0, x0, 0x0                         main+1270

clint mtime 0x000000000000013E (mip.MTI <- 0b1, mip.STI <- 0b0)
mem[X,0x00000000800008DA] -> 0x0013
mem[X,0x00000000800008DC] -> 0x0000
[636] [M]: 0x00000000800008DA (0x00000013) addi x0, x0, 0x0                         main+1274

mem[X,0x00000000800008DE] -> 0x0001
[637] [M]: 0x00000000800008DE (0x0001) c.nop                                        main+1278

clint mtime 0x000000000000013F (mip.MTI <- 0b1, mip.STI <- 0b0)
mem[X,0x00000000800008E0] -> 0xA703
mem[X,0x00000000800008E2] -> 0x0007
[638] [M]: 0x00000000800008E0 (0x0007A703) lw x14, 0x0(x15)                         main+1280
mem[R,0x0000000080002000] -> 0x00000013
x14 <- 0x0000000000000013

mem[X,0x00000000800008E4] -> 0x0013
mem[X,0x00000000800008E6] -> 0x0000
[639] [M]: 0x00000000800008E4 (0x00000013) addi x0, x0, 0x0                         main+1284

clint mtime 0x0000000000000140 (mip.MTI <- 0b1, mip.STI <- 0b0)
mem[X,0x00000000800008E8] -> 0x0013
mem[X,0x00000000800008EA] -> 0x0000
[640] [M]: 0x00000000800008E8 (0x00000013) addi x0, x0, 0x0                         main+1288

mem[X,0x00000000800008EC] -> 0xB423
mem[X,0x00000000800008EE] -> 0x00E6
[641] [M]: 0x00000000800008EC (0x00E6B423) sd x14, 0x8(x13)                         main+1292
mem[W,0x0000000080008220] <- 0x0000000000000013

clint mtime 0x0000000000000141 (mip.MTI <- 0b1, mip.STI <- 0b0)
mem[X,0x00000000800008F0] -> 0x0013
mem[X,0x00000000800008F2] -> 0x0000
[642] [M]: 0x00000000800008F0 (0x00000013) addi x0, x0, 0x0                         main+1296

mem[X,0x00000000800008F4] -> 0x0013
mem[X,0x00000000800008F6] -> 0x0000
[643] [M]: 0x00000000800008F4 (0x00000013) addi x0, x0, 0x0                         main+1300

clint mtime 0x0000000000000142 (mip.MTI <- 0b1, mip.STI <- 0b0)
mem[X,0x00000000800008F8] -> 0x0013
mem[X,0x00000000800008FA] -> 0x0000
[644] [M]: 0x00000000800008F8 (0x00000013) addi x0, x0, 0x0                         main+1304

mem[X,0x00000000800008FC] -> 0x0013
mem[X,0x00000000800008FE] -> 0x0000
[645] [M]: 0x00000000800008FC (0x00000013) addi x0, x0, 0x0                         main+1308

clint mtime 0x0000000000000143 (mip.MTI <- 0b1, mip.STI <- 0b0)
mem[X,0x0000000080000900] -> 0x1797
mem[X,0x0000000080000902] -> 0x0000
[646] [M]: 0x0000000080000900 (0x00001797) auipc x15, 0x1                           main+1312
x15 <- 0x0000000080001900

mem[X,0x0000000080000904] -> 0x8793
mem[X,0x0000000080000906] -> 0x7047
[647] [M]: 0x0000000080000904 (0x70478793) addi x15, x15, 0x704                     main+1316
x15 <- 0x0000000080002004

clint mtime 0x0000000000000144 (mip.MTI <- 0b1, mip.STI <- 0b0)
mem[X,0x0000000080000908] -> 0x0001
[648] [M]: 0x0000000080000908 (0x0001) c.nop                                        main+1320

mem[X,0x000000008000090A] -> 0x0013
mem[X,0x000000008000090C] -> 0x0000
[649] [M]: 0x000000008000090A (0x00000013) addi x0, x0, 0x0                         main+1322

clint mtime 0x0000000000000145 (mip.MTI <- 0b1, mip.STI <- 0b0)
mem[X,0x000000008000090E] -> 0x0013
mem[X,0x0000000080000910] -> 0x0000
[650] [M]: 0x000000008000090E (0x00000013) addi x0, x0, 0x0                         main+1326

mem[X,0x0000000080000912] -> 0x0013
mem[X,0x0000000080000914] -> 0x0000
[651] [M]: 0x0000000080000912 (0x00000013) addi x0, x0, 0x0                         main+1330

clint mtime 0x0000000000000146 (mip.MTI <- 0b1, mip.STI <- 0b0)
mem[X,0x0000000080000916] -> 0x0013
mem[X,0x0000000080000918] -> 0x0000
[652] [M]: 0x0000000080000916 (0x00000013) addi x0, x0, 0x0                         main+1334

mem[X,0x000000008000091A] -> 0x0013
mem[X,0x000000008000091C] -> 0x0000
[653] [M]: 0x000000008000091A (0x00000013) addi x0, x0, 0x0                         main+1338

clint mtime 0x0000000000000147 (mip.MTI <- 0b1, mip.STI <- 0b0)
mem[X,0x000000008000091E] -> 0x0001
[654] [M]: 0x000000008000091E (0x0001) c.nop                                        main+1342

mem[X,0x0000000080000920] -> 0xA703
mem[X,0x0000000080000922] -> 0x0007
[655] [M]: 0x0000000080000920 (0x0007A703) lw x14, 0x0(x15)                         main+1344
trapping from M to M to handle load-access-fault
handling exc#load-access-fault at priv M with tval 0x0000000080002004
CSR mstatus (0x300) <- 0x0000000A00001800
CSR mcause (0x342) <- 0x0000000000000005
CSR mtval (0x343) <- 0x0000000080002004
CSR mepc (0x341) <- 0x0000000080000920

clint mtime 0x0000000000000148 (mip.MTI <- 0b1, mip.STI <- 0b0)
mem[X,0x00000000800022C0] -> 0x006F
mem[X,0x00000000800022C2] -> 0x1000
[656] [M]: 0x00000000800022C0 (0x1000006F) jal x0, 0x100                            Mtrampoline+0

mem[X,0x00000000800023C0] -> 0x1173
mem[X,0x00000000800023C2] -> 0x3401
[657] [M]: 0x00000000800023C0 (0x34011173) csrrw x2, mscratch, x2                   trap_Mhandler+0
CSR mscratch (0x340) <- 0x01FDDB7D5BFDDB7F
x2 <- 0x0000000080007000

clint mtime 0x0000000000000149 (mip.MTI <- 0b1, mip.STI <- 0b0)
mem[X,0x00000000800023C4] -> 0x3423
mem[X,0x00000000800023C6] -> 0x28B1
[658] [M]: 0x00000000800023C4 (0x28B13423) sd x11, 0x288(x2)                        trap_Mhandler+4
mem[W,0x0000000080007288] <- 0x0000000000000000

mem[X,0x00000000800023C8] -> 0x05EF
mem[X,0x00000000800023CA] -> 0x0B80
[659] [M]: 0x00000000800023C8 (0x0B8005EF) jal x11, 0xb8                            trap_Mhandler+8
x11 <- 0x00000000800023CC

clint mtime 0x000000000000014A (mip.MTI <- 0b1, mip.STI <- 0b0)
mem[X,0x0000000080002480] -> 0x3023
mem[X,0x0000000080002482] -> 0x28A1
[660] [M]: 0x0000000080002480 (0x28A13023) sd x10, 0x280(x2)                        common_Mhandler+0
mem[W,0x0000000080007280] <- 0x0000000000000001

mem[X,0x0000000080002484] -> 0x1573
mem[X,0x0000000080002486] -> 0x3401
[661] [M]: 0x0000000080002484 (0x34011573) csrrw x10, mscratch, x2                  common_Mhandler+4
CSR mscratch (0x340) <- 0x0000000080007000
x10 <- 0x01FDDB7D5BFDDB7F

clint mtime 0x000000000000014B (mip.MTI <- 0b1, mip.STI <- 0b0)
mem[X,0x0000000080002488] -> 0x3823
mem[X,0x000000008000248A] -> 0x28A1
[662] [M]: 0x0000000080002488 (0x28A13823) sd x10, 0x290(x2)                        common_Mhandler+8
mem[W,0x0000000080007290] <- 0x01FDDB7D5BFDDB7F

mem[X,0x000000008000248C] -> 0x3503
mem[X,0x000000008000248E] -> 0x2301
[663] [M]: 0x000000008000248C (0x23013503) ld x10, 0x230(x2)                        common_Mhandler+12
mem[R,0x0000000080007230] -> 0x0000000080002494
x10 <- 0x0000000080002494

clint mtime 0x000000000000014C (mip.MTI <- 0b1, mip.STI <- 0b0)
mem[X,0x0000000080002490] -> 0x0067
mem[X,0x0000000080002492] -> 0x0005
[664] [M]: 0x0000000080002490 (0x00050067) jalr x0, 0x0(x10)                        common_Mhandler+16

mem[X,0x0000000080002494] -> 0x3C23
mem[X,0x0000000080002496] -> 0x2691
[665] [M]: 0x0000000080002494 (0x26913C23) sd x9, 0x278(x2)                         common_Mentry+0
mem[W,0x0000000080007278] <- 0x00000000000000FE

clint mtime 0x000000000000014D (mip.MTI <- 0b1, mip.STI <- 0b0)
mem[X,0x0000000080002498] -> 0x3823
mem[X,0x000000008000249A] -> 0x2681
[666] [M]: 0x0000000080002498 (0x26813823) sd x8, 0x270(x2)                         common_Mentry+4
mem[W,0x0000000080007270] <- 0x0000000000007F76

mem[X,0x000000008000249C] -> 0x3423
mem[X,0x000000008000249E] -> 0x2671
[667] [M]: 0x000000008000249C (0x26713423) sd x7, 0x268(x2)                         common_Mentry+8
mem[W,0x0000000080007268] <- 0x00000000003FBB6F

clint mtime 0x000000000000014E (mip.MTI <- 0b1, mip.STI <- 0b0)
mem[X,0x00000000800024A0] -> 0x3023
mem[X,0x00000000800024A2] -> 0x2661
[668] [M]: 0x00000000800024A0 (0x26613023) sd x6, 0x260(x2)                         common_Mentry+12
mem[W,0x0000000080007260] <- 0x000000001FDDB7D5

mem[X,0x00000000800024A4] -> 0x2573
mem[X,0x00000000800024A6] -> 0x3420
[669] [M]: 0x00000000800024A4 (0x34202573) csrrs x10, mcause, x0                    spcl_M2mmode_test+0
CSR mcause (0x342) -> 0x0000000000000005
x10 <- 0x0000000000000005

clint mtime 0x000000000000014F (mip.MTI <- 0b1, mip.STI <- 0b0)
mem[X,0x00000000800024A8] -> 0x04B7
mem[X,0x00000000800024AA] -> 0x8000
[670] [M]: 0x00000000800024A8 (0x800004B7) lui x9, -0x80000                         spcl_M2mmode_test+4
x9 <- 0xFFFFFFFF80000000

mem[X,0x00000000800024AC] -> 0x8493
mem[X,0x00000000800024AE] -> 0x0004
[671] [M]: 0x00000000800024AC (0x00048493) addi x9, x9, 0x0                         spcl_M2mmode_test+8
x9 <- 0xFFFFFFFF80000000

clint mtime 0x0000000000000150 (mip.MTI <- 0b1, mip.STI <- 0b0)
mem[X,0x00000000800024B0] -> 0x9493
mem[X,0x00000000800024B2] -> 0x00B4
[672] [M]: 0x00000000800024B0 (0x00B49493) slli x9, x9, 0xb                         spcl_M2mmode_test+12
x9 <- 0xFFFFFC0000000000

mem[X,0x00000000800024B4] -> 0x8493
mem[X,0x00000000800024B6] -> 0x0004
[673] [M]: 0x00000000800024B4 (0x00048493) addi x9, x9, 0x0                         spcl_M2mmode_test+16
x9 <- 0xFFFFFC0000000000

clint mtime 0x0000000000000151 (mip.MTI <- 0b1, mip.STI <- 0b0)
mem[X,0x00000000800024B8] -> 0x9493
mem[X,0x00000000800024BA] -> 0x00B4
[674] [M]: 0x00000000800024B8 (0x00B49493) slli x9, x9, 0xb                         spcl_M2mmode_test+20
x9 <- 0xFFE0000000000000

mem[X,0x00000000800024BC] -> 0x8493
mem[X,0x00000000800024BE] -> 0x0034
[675] [M]: 0x00000000800024BC (0x00348493) addi x9, x9, 0x3                         spcl_M2mmode_test+24
x9 <- 0xFFE0000000000003

clint mtime 0x0000000000000152 (mip.MTI <- 0b1, mip.STI <- 0b0)
mem[X,0x00000000800024C0] -> 0x9493
mem[X,0x00000000800024C2] -> 0x00A4
[676] [M]: 0x00000000800024C0 (0x00A49493) slli x9, x9, 0xa                         spcl_M2mmode_test+28
x9 <- 0x8000000000000C00

mem[X,0x00000000800024C4] -> 0x8493
mem[X,0x00000000800024C6] -> 0x3FC4
[677] [M]: 0x00000000800024C4 (0x3FC48493) addi x9, x9, 0x3fc                       spcl_M2mmode_test+32
x9 <- 0x8000000000000FFC

clint mtime 0x0000000000000153 (mip.MTI <- 0b1, mip.STI <- 0b0)
mem[X,0x00000000800024C8] -> 0xF4B3
mem[X,0x00000000800024CA] -> 0x00A4
[678] [M]: 0x00000000800024C8 (0x00A4F4B3) and x9, x9, x10                          spcl_M2mmode_test+36
x9 <- 0x0000000000000004

mem[X,0x00000000800024CC] -> 0x8493
mem[X,0x00000000800024CE] -> 0xFF84
[679] [M]: 0x00000000800024CC (0xFF848493) addi x9, x9, -0x8                        spcl_M2mmode_test+40
x9 <- 0xFFFFFFFFFFFFFFFC

clint mtime 0x0000000000000154 (mip.MTI <- 0b1, mip.STI <- 0b0)
mem[X,0x00000000800024D0] -> 0x9663
mem[X,0x00000000800024D2] -> 0x0004
[680] [M]: 0x00000000800024D0 (0x00049663) bne x9, x0, 0xc                          spcl_M2mmode_test+44

mem[X,0x00000000800024DC] -> 0x0393
mem[X,0x00000000800024DE] -> 0x0200
[681] [M]: 0x00000000800024DC (0x02000393) addi x7, x0, 0x20                        Mtrapsig_ptr_upd+0
x7 <- 0x0000000000000020

clint mtime 0x0000000000000155 (mip.MTI <- 0b1, mip.STI <- 0b0)
mem[X,0x00000000800024E0] -> 0x5263
mem[X,0x00000000800024E2] -> 0x0405
[682] [M]: 0x00000000800024E0 (0x04055263) bge x10, x0, 0x44                        Mtrapsig_ptr_upd+4

mem[X,0x0000000080002524] -> 0x2373
mem[X,0x0000000080002526] -> 0x3010
[683] [M]: 0x0000000080002524 (0x30102373) csrrs x6, misa, x0                       Mxcpt_sig_sv+0
CSR misa (0x301) -> 0x800000000034112F
x6 <- 0x800000000034112F

clint mtime 0x0000000000000156 (mip.MTI <- 0b1, mip.STI <- 0b0)
mem[X,0x0000000080002528] -> 0x1313
mem[X,0x000000008000252A] -> 0x0383
[684] [M]: 0x0000000080002528 (0x03831313) slli x6, x6, 0x38                        Mxcpt_sig_sv+4
x6 <- 0x2F00000000000000

mem[X,0x000000008000252C] -> 0x5463
mem[X,0x000000008000252E] -> 0x0003
[685] [M]: 0x000000008000252C (0x00035463) bge x6, x0, 0x8                          Mxcpt_sig_sv+8

clint mtime 0x0000000000000157 (mip.MTI <- 0b1, mip.STI <- 0b0)
mem[X,0x0000000080002534] -> 0x3303
mem[X,0x0000000080002536] -> 0x2181
[686] [M]: 0x0000000080002534 (0x21813303) ld x6, 0x218(x2)                         Mtrap_sig_sv+0
mem[R,0x0000000080007218] -> 0x0000000080008440
x6 <- 0x0000000080008440

mem[X,0x0000000080002538] -> 0x04B3
mem[X,0x000000008000253A] -> 0x0073
[687] [M]: 0x0000000080002538 (0x007304B3) add x9, x6, x7                           Mtrap_sig_sv+4
x9 <- 0x0000000080008460

clint mtime 0x0000000000000158 (mip.MTI <- 0b1, mip.STI <- 0b0)
mem[X,0x000000008000253C] -> 0x3C23
mem[X,0x000000008000253E] -> 0x2091
[688] [M]: 0x000000008000253C (0x20913C23) sd x9, 0x218(x2)                         Mtrap_sig_sv+8
mem[W,0x0000000080007218] <- 0x0000000080008460

mem[X,0x0000000080002540] -> 0x3403
mem[X,0x0000000080002542] -> 0x1F81
[689] [M]: 0x0000000080002540 (0x1F813403) ld x8, 0x1f8(x2)                         Mtrap_sig_sv+12
mem[R,0x00000000800071F8] -> 0x0000000080008210
x8 <- 0x0000000080008210

clint mtime 0x0000000000000159 (mip.MTI <- 0b1, mip.STI <- 0b0)
mem[X,0x0000000080002544] -> 0x0333
mem[X,0x0000000080002546] -> 0x4083
[690] [M]: 0x0000000080002544 (0x40830333) sub x6, x6, x8                           Mtrap_sig_sv+16
x6 <- 0x0000000000000230

mem[X,0x0000000080002548] -> 0x3403
mem[X,0x000000008000254A] -> 0x1F81
[691] [M]: 0x0000000080002548 (0x1F813403) ld x8, 0x1f8(x2)                         Mtrap_sig_sv+20
mem[R,0x00000000800071F8] -> 0x0000000080008210
x8 <- 0x0000000080008210

clint mtime 0x000000000000015A (mip.MTI <- 0b1, mip.STI <- 0b0)
mem[X,0x000000008000254C] -> 0x0333
mem[X,0x000000008000254E] -> 0x0083
[692] [M]: 0x000000008000254C (0x00830333) add x6, x6, x8                           Mtrap_sig_sv+24
x6 <- 0x0000000080008440

mem[X,0x0000000080002550] -> 0x3403
mem[X,0x0000000080002552] -> 0x2401
[693] [M]: 0x0000000080002550 (0x24013403) ld x8, 0x240(x2)                         Mtrap_sig_sv+28
mem[R,0x0000000080007240] -> 0x00000000800022C0
x8 <- 0x00000000800022C0

clint mtime 0x000000000000015B (mip.MTI <- 0b1, mip.STI <- 0b0)
mem[X,0x0000000080002554] -> 0x85B3
mem[X,0x0000000080002556] -> 0x4085
[694] [M]: 0x0000000080002554 (0x408585B3) sub x11, x11, x8                         sv_Mvect+0
x11 <- 0x000000000000010C

mem[X,0x0000000080002558] -> 0x9593
mem[X,0x000000008000255A] -> 0x0045
[695] [M]: 0x0000000080002558 (0x00459593) slli x11, x11, 0x4                       sv_Mvect+4
x11 <- 0x00000000000010C0

clint mtime 0x000000000000015C (mip.MTI <- 0b1, mip.STI <- 0b0)
mem[X,0x000000008000255C] -> 0xE5B3
mem[X,0x000000008000255E] -> 0x0075
[696] [M]: 0x000000008000255C (0x0075E5B3) or x11, x11, x7                          sv_Mvect+8
x11 <- 0x00000000000010E0

mem[X,0x0000000080002560] -> 0x8593
mem[X,0x0000000080002562] -> 0x0035
[697] [M]: 0x0000000080002560 (0x00358593) addi x11, x11, 0x3                       sv_Mvect+12
x11 <- 0x00000000000010E3

clint mtime 0x000000000000015D (mip.MTI <- 0b1, mip.STI <- 0b0)
mem[X,0x0000000080002564] -> 0x3023
mem[X,0x0000000080002566] -> 0x00B3
[698] [M]: 0x0000000080002564 (0x00B33023) sd x11, 0x0(x6)                          sv_Mvect+16
mem[W,0x0000000080008440] <- 0x00000000000010E3

mem[X,0x0000000080002568] -> 0x3423
mem[X,0x000000008000256A] -> 0x00A3
[699] [M]: 0x0000000080002568 (0x00A33423) sd x10, 0x8(x6)                          sv_Mcause+0
mem[W,0x0000000080008448] <- 0x0000000000000005

clint mtime 0x000000000000015E (mip.MTI <- 0b1, mip.STI <- 0b0)
mem[X,0x000000008000256C] -> 0x4263
mem[X,0x000000008000256E] -> 0x1A05
[700] [M]: 0x000000008000256C (0x1A054263) blt x10, x0, 0x1a4                       sv_Mcause+4

mem[X,0x0000000080002570] -> 0x25F3
mem[X,0x0000000080002572] -> 0x3000
[701] [M]: 0x0000000080002570 (0x300025F3) csrrs x11, mstatus, x0                   common_Mexcpt_handler+0
CSR mstatus (0x300) -> 0x0000000A00001800
x11 <- 0x0000000A00001800

clint mtime 0x000000000000015F (mip.MTI <- 0b1, mip.STI <- 0b0)
mem[X,0x0000000080002574] -> 0x9413
mem[X,0x0000000080002576] -> 0x02E5
[702] [M]: 0x0000000080002574 (0x02E59413) slli x8, x11, 0x2e                       common_Mexcpt_handler+4
x8 <- 0x0600000000000000

mem[X,0x0000000080002578] -> 0x5463
mem[X,0x000000008000257A] -> 0x0004
[703] [M]: 0x0000000080002578 (0x00045463) bge x8, x0, 0x8                          common_Mexcpt_handler+8

clint mtime 0x0000000000000160 (mip.MTI <- 0b1, mip.STI <- 0b0)
mem[X,0x0000000080002580] -> 0xD493
mem[X,0x0000000080002582] -> 0x00B5
[704] [M]: 0x0000000080002580 (0x00B5D493) srli x9, x11, 0xb                        common_Mexcpt_handler+16
x9 <- 0x0000000001400003

mem[X,0x0000000080002584] -> 0xF493
mem[X,0x0000000080002586] -> 0x0034
[705] [M]: 0x0000000080002584 (0x0034F493) andi x9, x9, 0x3                         common_Mexcpt_handler+20
x9 <- 0x0000000000000003

clint mtime 0x0000000000000161 (mip.MTI <- 0b1, mip.STI <- 0b0)
mem[X,0x0000000080002588] -> 0x8493
mem[X,0x000000008000258A] -> 0x0014
[706] [M]: 0x0000000080002588 (0x00148493) addi x9, x9, 0x1                         common_Mexcpt_handler+24
x9 <- 0x0000000000000004

mem[X,0x000000008000258C] -> 0xF493
mem[X,0x000000008000258E] -> 0x0044
[707] [M]: 0x000000008000258C (0x0044F493) andi x9, x9, 0x4                         common_Mexcpt_handler+28
x9 <- 0x0000000000000004

clint mtime 0x0000000000000162 (mip.MTI <- 0b1, mip.STI <- 0b0)
mem[X,0x0000000080002590] -> 0x0593
mem[X,0x0000000080002592] -> 0x05D0
[708] [M]: 0x0000000080002590 (0x05D00593) addi x11, x0, 0x5d                       common_Mexcpt_handler+32
x11 <- 0x000000000000005D

mem[X,0x0000000080002594] -> 0xD5B3
mem[X,0x0000000080002596] -> 0x0095
[709] [M]: 0x0000000080002594 (0x0095D5B3) srl x11, x11, x9                         common_Mexcpt_handler+36
x11 <- 0x0000000000000005

clint mtime 0x0000000000000163 (mip.MTI <- 0b1, mip.STI <- 0b0)
mem[X,0x0000000080002598] -> 0xF593
mem[X,0x000000008000259A] -> 0x0015
[710] [M]: 0x0000000080002598 (0x0015F593) andi x11, x11, 0x1                       common_Mexcpt_handler+40
x11 <- 0x0000000000000001

mem[X,0x000000008000259C] -> 0x8EE3
mem[X,0x000000008000259E] -> 0xF405
[711] [M]: 0x000000008000259C (0xF4058EE3) beq x11, x0, -0xa4                       common_Mexcpt_handler+44

clint mtime 0x0000000000000164 (mip.MTI <- 0b1, mip.STI <- 0b0)
mem[X,0x00000000800025A0] -> 0x0593
mem[X,0x00000000800025A2] -> 0x2980
[712] [M]: 0x00000000800025A0 (0x29800593) addi x11, x0, 0x298                      common_Mexcpt_handler+48
x11 <- 0x0000000000000298

mem[X,0x00000000800025A4] -> 0xF413
mem[X,0x00000000800025A6] -> 0x0014
[713] [M]: 0x00000000800025A4 (0x0014F413) andi x8, x9, 0x1                         common_Mexcpt_handler+52
x8 <- 0x0000000000000000

clint mtime 0x0000000000000165 (mip.MTI <- 0b1, mip.STI <- 0b0)
mem[X,0x00000000800025A8] -> 0x95B3
mem[X,0x00000000800025AA] -> 0x0085
[714] [M]: 0x00000000800025A8 (0x008595B3) sll x11, x11, x8                         common_Mexcpt_handler+56
x11 <- 0x0000000000000298

mem[X,0x00000000800025AC] -> 0x9413
mem[X,0x00000000800025AE] -> 0x03D4
[715] [M]: 0x00000000800025AC (0x03D49413) slli x8, x9, 0x3d                        common_Mexcpt_handler+60
x8 <- 0x8000000000000000

clint mtime 0x0000000000000166 (mip.MTI <- 0b1, mip.STI <- 0b0)
mem[X,0x00000000800025B0] -> 0x5413
mem[X,0x00000000800025B2] -> 0x43F4
[716] [M]: 0x00000000800025B0 (0x43F45413) srai x8, x8, 0x3f                        common_Mexcpt_handler+64
x8 <- 0xFFFFFFFFFFFFFFFF

mem[X,0x00000000800025B4] -> 0x4413
mem[X,0x00000000800025B6] -> 0xFFF4
[717] [M]: 0x00000000800025B4 (0xFFF44413) xori x8, x8, -0x1                        common_Mexcpt_handler+68
x8 <- 0x0000000000000000

clint mtime 0x0000000000000167 (mip.MTI <- 0b1, mip.STI <- 0b0)
mem[X,0x00000000800025B8] -> 0xF4B3
mem[X,0x00000000800025BA] -> 0x0085
[718] [M]: 0x00000000800025B8 (0x0085F4B3) and x9, x11, x8                          common_Mexcpt_handler+72
x9 <- 0x0000000000000000

mem[X,0x00000000800025BC] -> 0x84B3
mem[X,0x00000000800025BE] -> 0x0024
[719] [M]: 0x00000000800025BC (0x002484B3) add x9, x9, x2                           vmem_adj_Mepc+0
x9 <- 0x0000000080007000

clint mtime 0x0000000000000168 (mip.MTI <- 0b1, mip.STI <- 0b0)
mem[X,0x00000000800025C0] -> 0x23F3
mem[X,0x00000000800025C2] -> 0x3410
[720] [M]: 0x00000000800025C0 (0x341023F3) csrrs x7, mepc, x0                       vmem_adj_Mepc+4
CSR mepc (0x341) -> 0x0000000080000920
x7 <- 0x0000000080000920

mem[X,0x00000000800025C4] -> 0x0413
mem[X,0x00000000800025C6] -> 0x0004
[721] [M]: 0x00000000800025C4 (0x00040413) addi x8, x8, 0x0                         vmem_adj_Mepc+8
x8 <- 0x0000000000000000

clint mtime 0x0000000000000169 (mip.MTI <- 0b1, mip.STI <- 0b0)
mem[X,0x00000000800025C8] -> 0x006F
mem[X,0x00000000800025CA] -> 0x0400
[722] [M]: 0x00000000800025C8 (0x0400006F) jal x0, 0x40                             vmem_adj_Mepc+12

mem[X,0x0000000080002608] -> 0x8433
mem[X,0x000000008000260A] -> 0x4083
[723] [M]: 0x0000000080002608 (0x40838433) sub x8, x7, x8                           adj_Mepc+0
x8 <- 0x0000000080000920

clint mtime 0x000000000000016A (mip.MTI <- 0b1, mip.STI <- 0b0)
mem[X,0x000000008000260C] -> 0x3823
mem[X,0x000000008000260E] -> 0x0083
[724] [M]: 0x000000008000260C (0x00833823) sd x8, 0x10(x6)                          sv_Mepc+0
mem[W,0x0000000080008450] <- 0x0000000080000920

mem[X,0x0000000080002610] -> 0x55B7
mem[X,0x0000000080002612] -> 0x0000
[725] [M]: 0x0000000080002610 (0x000055B7) lui x11, 0x5                             sv_Mepc+4
x11 <- 0x0000000000005000

clint mtime 0x000000000000016B (mip.MTI <- 0b1, mip.STI <- 0b0)
mem[X,0x0000000080002614] -> 0x8593
mem[X,0x0000000080002616] -> 0x6675
[726] [M]: 0x0000000080002614 (0x66758593) addi x11, x11, 0x667                     sv_Mepc+8
x11 <- 0x0000000000005667

mem[X,0x0000000080002618] -> 0x9593
mem[X,0x000000008000261A] -> 0x0015
[727] [M]: 0x0000000080002618 (0x00159593) slli x11, x11, 0x1                       sv_Mepc+12
x11 <- 0x000000000000ACCE

clint mtime 0x000000000000016C (mip.MTI <- 0b1, mip.STI <- 0b0)
mem[X,0x000000008000261C] -> 0x9063
mem[X,0x000000008000261E] -> 0x02B1
[728] [M]: 0x000000008000261C (0x02B19063) bne x3, x11, 0x20                        sv_Mepc+16

mem[X,0x000000008000263C] -> 0xF593
mem[X,0x000000008000263E] -> 0xFFC3
[729] [M]: 0x000000008000263C (0xFFC3F593) andi x11, x7, -0x4                       adj_Mepc_rtn+0
x11 <- 0x0000000080000920

clint mtime 0x000000000000016D (mip.MTI <- 0b1, mip.STI <- 0b0)
mem[X,0x0000000080002640] -> 0x8593
mem[X,0x0000000080002642] -> 0x0085
[730] [M]: 0x0000000080002640 (0x00858593) addi x11, x11, 0x8                       adj_Mepc_rtn+4
x11 <- 0x0000000080000928

mem[X,0x0000000080002644] -> 0x9073
mem[X,0x0000000080002646] -> 0x3415
[731] [M]: 0x0000000080002644 (0x34159073) csrrw x0, mepc, x11                      adj_Mepc_rtn+8
CSR mepc (0x341) <- 0x0000000080000928

clint mtime 0x000000000000016E (mip.MTI <- 0b1, mip.STI <- 0b0)
mem[X,0x0000000080002648] -> 0x23F3
mem[X,0x000000008000264A] -> 0x3430
[732] [M]: 0x0000000080002648 (0x343023F3) csrrs x7, mtval, x0                      skp_adj_Mepc+0
CSR mtval (0x343) -> 0x0000000080002004
x7 <- 0x0000000080002004

mem[X,0x000000008000264C] -> 0x7513
mem[X,0x000000008000264E] -> 0x00F5
[733] [M]: 0x000000008000264C (0x00F57513) andi x10, x10, 0xf                       chk_Mtval+0
x10 <- 0x0000000000000005

clint mtime 0x000000000000016F (mip.MTI <- 0b1, mip.STI <- 0b0)
mem[X,0x0000000080002650] -> 0x0437
mem[X,0x0000000080002652] -> 0x0000
[734] [M]: 0x0000000080002650 (0x00000437) lui x8, 0x0                              chk_Mtval+4
x8 <- 0x0000000000000000

mem[X,0x0000000080002654] -> 0x0413
mem[X,0x0000000080002656] -> 0x0004
[735] [M]: 0x0000000080002654 (0x00040413) addi x8, x8, 0x0                         chk_Mtval+8
x8 <- 0x0000000000000000

clint mtime 0x0000000000000170 (mip.MTI <- 0b1, mip.STI <- 0b0)
mem[X,0x0000000080002658] -> 0x1413
mem[X,0x000000008000265A] -> 0x00B4
[736] [M]: 0x0000000080002658 (0x00B41413) slli x8, x8, 0xb                         chk_Mtval+12
x8 <- 0x0000000000000000

mem[X,0x000000008000265C] -> 0x0413
mem[X,0x000000008000265E] -> 0x0004
[737] [M]: 0x000000008000265C (0x00040413) addi x8, x8, 0x0                         chk_Mtval+16
x8 <- 0x0000000000000000

clint mtime 0x0000000000000171 (mip.MTI <- 0b1, mip.STI <- 0b0)
mem[X,0x0000000080002660] -> 0x1413
mem[X,0x0000000080002662] -> 0x00B4
[738] [M]: 0x0000000080002660 (0x00B41413) slli x8, x8, 0xb                         chk_Mtval+20
x8 <- 0x0000000000000000

mem[X,0x0000000080002664] -> 0x0413
mem[X,0x0000000080002666] -> 0x02C4
[739] [M]: 0x0000000080002664 (0x02C40413) addi x8, x8, 0x2c                        chk_Mtval+24
x8 <- 0x000000000000002C

clint mtime 0x0000000000000172 (mip.MTI <- 0b1, mip.STI <- 0b0)
mem[X,0x0000000080002668] -> 0x1413
mem[X,0x000000008000266A] -> 0x00A4
[740] [M]: 0x0000000080002668 (0x00A41413) slli x8, x8, 0xa                         chk_Mtval+28
x8 <- 0x000000000000B000

mem[X,0x000000008000266C] -> 0x0413
mem[X,0x000000008000266E] -> 0x0FB4
[741] [M]: 0x000000008000266C (0x0FB40413) addi x8, x8, 0xfb                        chk_Mtval+32
x8 <- 0x000000000000B0FB

clint mtime 0x0000000000000173 (mip.MTI <- 0b1, mip.STI <- 0b0)
mem[X,0x0000000080002670] -> 0x5433
mem[X,0x0000000080002672] -> 0x00A4
[742] [M]: 0x0000000080002670 (0x00A45433) srl x8, x8, x10                          chk_Mtval+36
x8 <- 0x0000000000000587

mem[X,0x0000000080002674] -> 0x1413
mem[X,0x0000000080002676] -> 0x03F4
[743] [M]: 0x0000000080002674 (0x03F41413) slli x8, x8, 0x3f                        chk_Mtval+40
x8 <- 0x8000000000000000

clint mtime 0x0000000000000174 (mip.MTI <- 0b1, mip.STI <- 0b0)
mem[X,0x0000000080002678] -> 0x5C63
mem[X,0x000000008000267A] -> 0x0404
[744] [M]: 0x0000000080002678 (0x04045C63) bge x8, x0, 0x58                         chk_Mtval+44

mem[X,0x000000008000267C] -> 0xB403
mem[X,0x000000008000267E] -> 0x2084
[745] [M]: 0x000000008000267C (0x2084B403) ld x8, 0x208(x9)                         vmem_adj_Mtval+0
mem[R,0x0000000080007208] -> 0x00000000800003B4
x8 <- 0x00000000800003B4

clint mtime 0x0000000000000175 (mip.MTI <- 0b1, mip.STI <- 0b0)
mem[X,0x0000000080002680] -> 0xB583
mem[X,0x0000000080002682] -> 0x2104
[746] [M]: 0x0000000080002680 (0x2104B583) ld x11, 0x210(x9)                        vmem_adj_Mtval+4
mem[R,0x0000000080007210] -> 0x0000000000001E38
x11 <- 0x0000000000001E38

mem[X,0x0000000080002684] -> 0x85B3
mem[X,0x0000000080002686] -> 0x0085
[747] [M]: 0x0000000080002684 (0x008585B3) add x11, x11, x8                         vmem_adj_Mtval+8
x11 <- 0x00000000800021EC

clint mtime 0x0000000000000176 (mip.MTI <- 0b1, mip.STI <- 0b0)
mem[X,0x0000000080002688] -> 0xF463
mem[X,0x000000008000268A] -> 0x00B3
[748] [M]: 0x0000000080002688 (0x00B3F463) bgeu x7, x11, 0x8                        vmem_adj_Mtval+12

mem[X,0x000000008000268C] -> 0xF063
mem[X,0x000000008000268E] -> 0x0483
[749] [M]: 0x000000008000268C (0x0483F063) bgeu x7, x8, 0x40                        vmem_adj_Mtval+16

clint mtime 0x0000000000000177 (mip.MTI <- 0b1, mip.STI <- 0b0)
mem[X,0x00000000800026CC] -> 0x8433
mem[X,0x00000000800026CE] -> 0x4083
[750] [M]: 0x00000000800026CC (0x40838433) sub x8, x7, x8                           adj_Mtval+0
x8 <- 0x0000000000001C50

mem[X,0x00000000800026D0] -> 0x3C23
mem[X,0x00000000800026D2] -> 0x0083
[751] [M]: 0x00000000800026D0 (0x00833C23) sd x8, 0x18(x6)                          sv_Mtval+0
mem[W,0x0000000080008458] <- 0x0000000000001C50

clint mtime 0x0000000000000178 (mip.MTI <- 0b1, mip.STI <- 0b0)
mem[X,0x00000000800026D4] -> 0x3483
mem[X,0x00000000800026D6] -> 0x2181
[752] [M]: 0x00000000800026D4 (0x21813483) ld x9, 0x218(x2)                         skp_Mtval+0
mem[R,0x0000000080007218] -> 0x0000000080008460
x9 <- 0x0000000080008460

mem[X,0x00000000800026D8] -> 0x3383
mem[X,0x00000000800026DA] -> 0x1F81
[753] [M]: 0x00000000800026D8 (0x1F813383) ld x7, 0x1f8(x2)                         skp_Mtval+4
mem[R,0x00000000800071F8] -> 0x0000000080008210
x7 <- 0x0000000080008210

clint mtime 0x0000000000000179 (mip.MTI <- 0b1, mip.STI <- 0b0)
mem[X,0x00000000800026DC] -> 0x3303
mem[X,0x00000000800026DE] -> 0x2001
[754] [M]: 0x00000000800026DC (0x20013303) ld x6, 0x200(x2)                         skp_Mtval+8
mem[R,0x0000000080007200] -> 0x0000000000000A20
x6 <- 0x0000000000000A20

mem[X,0x00000000800026E0] -> 0x0333
mem[X,0x00000000800026E2] -> 0x0073
[755] [M]: 0x00000000800026E0 (0x00730333) add x6, x6, x7                           skp_Mtval+12
x6 <- 0x0000000080008C30

clint mtime 0x000000000000017A (mip.MTI <- 0b1, mip.STI <- 0b0)
mem[X,0x00000000800026E4] -> 0x68E3
mem[X,0x00000000800026E6] -> 0xB093
[756] [M]: 0x00000000800026E4 (0xB09368E3) bltu x6, x9, -0x4f0                      skp_Mtval+16

mem[X,0x00000000800026E8] -> 0x0393
mem[X,0x00000000800026EA] -> 0x2000
[757] [M]: 0x00000000800026E8 (0x20000393) addi x7, x0, 0x200                       skp_Mtval+20
x7 <- 0x0000000000000200

clint mtime 0x000000000000017B (mip.MTI <- 0b1, mip.STI <- 0b0)
mem[X,0x00000000800026EC] -> 0x006F
mem[X,0x00000000800026EE] -> 0x0400
[758] [M]: 0x00000000800026EC (0x0400006F) jal x0, 0x40                             skp_Mtval+24

mem[X,0x000000008000272C] -> 0x0417
mem[X,0x000000008000272E] -> 0x0000
[759] [M]: 0x000000008000272C (0x00000417) auipc x8, 0x0                            spcl_Mhandler+0
x8 <- 0x000000008000272C

clint mtime 0x000000000000017C (mip.MTI <- 0b1, mip.STI <- 0b0)
mem[X,0x0000000080002730] -> 0x0413
mem[X,0x0000000080002732] -> 0x03C4
[760] [M]: 0x0000000080002730 (0x03C40413) addi x8, x8, 0x3c                        spcl_Mhandler+4
x8 <- 0x0000000080002768

mem[X,0x0000000080002734] -> 0x0433
mem[X,0x0000000080002736] -> 0x0074
[761] [M]: 0x0000000080002734 (0x00740433) add x8, x8, x7                           spcl_Mhandler+8
x8 <- 0x0000000080002968

clint mtime 0x000000000000017D (mip.MTI <- 0b1, mip.STI <- 0b0)
mem[X,0x0000000080002738] -> 0x1393
mem[X,0x000000008000273A] -> 0x0035
[762] [M]: 0x0000000080002738 (0x00351393) slli x7, x10, 0x3                        spcl_Mhandler+12
x7 <- 0x0000000000000028

mem[X,0x000000008000273C] -> 0x0433
mem[X,0x000000008000273E] -> 0x0074
[763] [M]: 0x000000008000273C (0x00740433) add x8, x8, x7                           spcl_Mhandler+16
x8 <- 0x0000000080002990

clint mtime 0x000000000000017E (mip.MTI <- 0b1, mip.STI <- 0b0)
mem[X,0x0000000080002740] -> 0x7413
mem[X,0x0000000080002742] -> 0xFF84
[764] [M]: 0x0000000080002740 (0xFF847413) andi x8, x8, -0x8                        spcl_Mhandler+20
x8 <- 0x0000000080002990

mem[X,0x0000000080002744] -> 0x3403
mem[X,0x0000000080002746] -> 0x0004
[765] [M]: 0x0000000080002744 (0x00043403) ld x8, 0x0(x8)                           spcl_Mhandler+24
mem[R,0x0000000080002990] -> 0x000000000000000B
x8 <- 0x000000000000000B

clint mtime 0x000000000000017F (mip.MTI <- 0b1, mip.STI <- 0b0)
mem[X,0x0000000080002748] -> 0x00E3
mem[X,0x000000008000274A] -> 0xB404
[766] [M]: 0x0000000080002748 (0xB40400E3) beq x8, x0, -0x4c0                       spcl_Mdispatch_hndling+0

mem[X,0x000000008000274C] -> 0x1393
mem[X,0x000000008000274E] -> 0x03F4
[767] [M]: 0x000000008000274C (0x03F41393) slli x7, x8, 0x3f                        spcl_Mdispatch_hndling+4
x7 <- 0x8000000000000000

clint mtime 0x0000000000000180 (mip.MTI <- 0b1, mip.STI <- 0b0)
mem[X,0x0000000080002750] -> 0xD863
mem[X,0x0000000080002752] -> 0x0003
[768] [M]: 0x0000000080002750 (0x0003D863) bge x7, x0, 0x10                         spcl_Mdispatch_hndling+8

mem[X,0x0000000080002754] -> 0x5413
mem[X,0x0000000080002756] -> 0x0014
[769] [M]: 0x0000000080002754 (0x00145413) srli x8, x8, 0x1                         spcl_Mdispatch_hndling+12
x8 <- 0x0000000000000005

clint mtime 0x0000000000000181 (mip.MTI <- 0b1, mip.STI <- 0b0)
mem[X,0x0000000080002758] -> 0x0CE3
mem[X,0x000000008000275A] -> 0xF885
[770] [M]: 0x0000000080002758 (0xF8850CE3) beq x10, x8, -0x68                       spcl_Mdispatch_hndling+16

mem[X,0x00000000800026F0] -> 0x3303
mem[X,0x00000000800026F2] -> 0x2601
[771] [M]: 0x00000000800026F0 (0x26013303) ld x6, 0x260(x2)                         resto_Mrtn+0
mem[R,0x0000000080007260] -> 0x000000001FDDB7D5
x6 <- 0x000000001FDDB7D5

clint mtime 0x0000000000000182 (mip.MTI <- 0b1, mip.STI <- 0b0)
mem[X,0x00000000800026F4] -> 0x3383
mem[X,0x00000000800026F6] -> 0x2681
[772] [M]: 0x00000000800026F4 (0x26813383) ld x7, 0x268(x2)                         resto_Mrtn+4
mem[R,0x0000000080007268] -> 0x00000000003FBB6F
x7 <- 0x00000000003FBB6F

mem[X,0x00000000800026F8] -> 0x3403
mem[X,0x00000000800026FA] -> 0x2701
[773] [M]: 0x00000000800026F8 (0x27013403) ld x8, 0x270(x2)                         resto_Mrtn+8
mem[R,0x0000000080007270] -> 0x0000000000007F76
x8 <- 0x0000000000007F76

clint mtime 0x0000000000000183 (mip.MTI <- 0b1, mip.STI <- 0b0)
mem[X,0x00000000800026FC] -> 0x3483
mem[X,0x00000000800026FE] -> 0x2781
[774] [M]: 0x00000000800026FC (0x27813483) ld x9, 0x278(x2)                         resto_Mrtn+12
mem[R,0x0000000080007278] -> 0x00000000000000FE
x9 <- 0x00000000000000FE

mem[X,0x0000000080002700] -> 0x3503
mem[X,0x0000000080002702] -> 0x2801
[775] [M]: 0x0000000080002700 (0x28013503) ld x10, 0x280(x2)                        resto_Mrtn+16
mem[R,0x0000000080007280] -> 0x0000000000000001
x10 <- 0x0000000000000001

clint mtime 0x0000000000000184 (mip.MTI <- 0b1, mip.STI <- 0b0)
mem[X,0x0000000080002704] -> 0x3583
mem[X,0x0000000080002706] -> 0x2881
[776] [M]: 0x0000000080002704 (0x28813583) ld x11, 0x288(x2)                        resto_Mrtn+20
mem[R,0x0000000080007288] -> 0x0000000000000000
x11 <- 0x0000000000000000

mem[X,0x0000000080002708] -> 0x3103
mem[X,0x000000008000270A] -> 0x2901
[777] [M]: 0x0000000080002708 (0x29013103) ld x2, 0x290(x2)                         resto_Mrtn+24
mem[R,0x0000000080007290] -> 0x01FDDB7D5BFDDB7F
x2 <- 0x01FDDB7D5BFDDB7F

clint mtime 0x0000000000000185 (mip.MTI <- 0b1, mip.STI <- 0b0)
mem[X,0x000000008000270C] -> 0x0073
mem[X,0x000000008000270E] -> 0x3020
[778] [M]: 0x000000008000270C (0x30200073) mret                                     resto_Mrtn+28
CSR mstatus (0x300) <- 0x0000000A00000080
ret-ing from M to M

mem[X,0x0000000080000928] -> 0x0013
mem[X,0x000000008000092A] -> 0x0000
[779] [M]: 0x0000000080000928 (0x00000013) addi x0, x0, 0x0                         main+1352

clint mtime 0x0000000000000186 (mip.MTI <- 0b1, mip.STI <- 0b0)
mem[X,0x000000008000092C] -> 0xB823
mem[X,0x000000008000092E] -> 0x00E6
[780] [M]: 0x000000008000092C (0x00E6B823) sd x14, 0x10(x13)                        main+1356
mem[W,0x0000000080008228] <- 0x0000000000000013

mem[X,0x0000000080000930] -> 0x0013
mem[X,0x0000000080000932] -> 0x0000
[781] [M]: 0x0000000080000930 (0x00000013) addi x0, x0, 0x0                         main+1360

clint mtime 0x0000000000000187 (mip.MTI <- 0b1, mip.STI <- 0b0)
mem[X,0x0000000080000934] -> 0x0013
mem[X,0x0000000080000936] -> 0x0000
[782] [M]: 0x0000000080000934 (0x00000013) addi x0, x0, 0x0                         main+1364

mem[X,0x0000000080000938] -> 0x0013
mem[X,0x000000008000093A] -> 0x0000
[783] [M]: 0x0000000080000938 (0x00000013) addi x0, x0, 0x0                         main+1368

clint mtime 0x0000000000000188 (mip.MTI <- 0b1, mip.STI <- 0b0)
mem[X,0x000000008000093C] -> 0x0013
mem[X,0x000000008000093E] -> 0x0000
[784] [M]: 0x000000008000093C (0x00000013) addi x0, x0, 0x0                         main+1372

mem[X,0x0000000080000940] -> 0x1797
mem[X,0x0000000080000942] -> 0x0000
[785] [M]: 0x0000000080000940 (0x00001797) auipc x15, 0x1                           main+1376
x15 <- 0x0000000080001940

clint mtime 0x0000000000000189 (mip.MTI <- 0b1, mip.STI <- 0b0)
mem[X,0x0000000080000944] -> 0x8793
mem[X,0x0000000080000946] -> 0x6CC7
[786] [M]: 0x0000000080000944 (0x6CC78793) addi x15, x15, 0x6cc                     main+1380
x15 <- 0x000000008000200C

mem[X,0x0000000080000948] -> 0x0001
[787] [M]: 0x0000000080000948 (0x0001) c.nop                                        main+1384

clint mtime 0x000000000000018A (mip.MTI <- 0b1, mip.STI <- 0b0)
mem[X,0x000000008000094A] -> 0x0013
mem[X,0x000000008000094C] -> 0x0000
[788] [M]: 0x000000008000094A (0x00000013) addi x0, x0, 0x0                         main+1386

mem[X,0x000000008000094E] -> 0x0013
mem[X,0x0000000080000950] -> 0x0000
[789] [M]: 0x000000008000094E (0x00000013) addi x0, x0, 0x0                         main+1390

clint mtime 0x000000000000018B (mip.MTI <- 0b1, mip.STI <- 0b0)
mem[X,0x0000000080000952] -> 0x0013
mem[X,0x0000000080000954] -> 0x0000
[790] [M]: 0x0000000080000952 (0x00000013) addi x0, x0, 0x0                         main+1394

mem[X,0x0000000080000956] -> 0x0013
mem[X,0x0000000080000958] -> 0x0000
[791] [M]: 0x0000000080000956 (0x00000013) addi x0, x0, 0x0                         main+1398

clint mtime 0x000000000000018C (mip.MTI <- 0b1, mip.STI <- 0b0)
mem[X,0x000000008000095A] -> 0x0013
mem[X,0x000000008000095C] -> 0x0000
[792] [M]: 0x000000008000095A (0x00000013) addi x0, x0, 0x0                         main+1402

mem[X,0x000000008000095E] -> 0x0001
[793] [M]: 0x000000008000095E (0x0001) c.nop                                        main+1406

clint mtime 0x000000000000018D (mip.MTI <- 0b1, mip.STI <- 0b0)
mem[X,0x0000000080000960] -> 0xA703
mem[X,0x0000000080000962] -> 0x0007
[794] [M]: 0x0000000080000960 (0x0007A703) lw x14, 0x0(x15)                         main+1408
mem[R,0x000000008000200C] -> 0x00000013
x14 <- 0x0000000000000013

mem[X,0x0000000080000964] -> 0x0013
mem[X,0x0000000080000966] -> 0x0000
[795] [M]: 0x0000000080000964 (0x00000013) addi x0, x0, 0x0                         main+1412

clint mtime 0x000000000000018E (mip.MTI <- 0b1, mip.STI <- 0b0)
mem[X,0x0000000080000968] -> 0x0013
mem[X,0x000000008000096A] -> 0x0000
[796] [M]: 0x0000000080000968 (0x00000013) addi x0, x0, 0x0                         main+1416

mem[X,0x000000008000096C] -> 0xBC23
mem[X,0x000000008000096E] -> 0x00E6
[797] [M]: 0x000000008000096C (0x00E6BC23) sd x14, 0x18(x13)                        main+1420
mem[W,0x0000000080008230] <- 0x0000000000000013

clint mtime 0x000000000000018F (mip.MTI <- 0b1, mip.STI <- 0b0)
mem[X,0x0000000080000970] -> 0x0013
mem[X,0x0000000080000972] -> 0x0000
[798] [M]: 0x0000000080000970 (0x00000013) addi x0, x0, 0x0                         main+1424

mem[X,0x0000000080000974] -> 0x0013
mem[X,0x0000000080000976] -> 0x0000
[799] [M]: 0x0000000080000974 (0x00000013) addi x0, x0, 0x0                         main+1428

clint mtime 0x0000000000000190 (mip.MTI <- 0b1, mip.STI <- 0b0)
mem[X,0x0000000080000978] -> 0x0013
mem[X,0x000000008000097A] -> 0x0000
[800] [M]: 0x0000000080000978 (0x00000013) addi x0, x0, 0x0                         main+1432

mem[X,0x000000008000097C] -> 0x0013
mem[X,0x000000008000097E] -> 0x0000
[801] [M]: 0x000000008000097C (0x00000013) addi x0, x0, 0x0                         main+1436

clint mtime 0x0000000000000191 (mip.MTI <- 0b1, mip.STI <- 0b0)
mem[X,0x0000000080000980] -> 0x1797
mem[X,0x0000000080000982] -> 0x0000
[802] [M]: 0x0000000080000980 (0x00001797) auipc x15, 0x1                           main+1440
x15 <- 0x0000000080001980

mem[X,0x0000000080000984] -> 0x8793
mem[X,0x0000000080000986] -> 0x6987
[803] [M]: 0x0000000080000984 (0x69878793) addi x15, x15, 0x698                     main+1444
x15 <- 0x0000000080002018

clint mtime 0x0000000000000192 (mip.MTI <- 0b1, mip.STI <- 0b0)
mem[X,0x0000000080000988] -> 0x0001
[804] [M]: 0x0000000080000988 (0x0001) c.nop                                        main+1448

mem[X,0x000000008000098A] -> 0x0013
mem[X,0x000000008000098C] -> 0x0000
[805] [M]: 0x000000008000098A (0x00000013) addi x0, x0, 0x0                         main+1450

clint mtime 0x0000000000000193 (mip.MTI <- 0b1, mip.STI <- 0b0)
mem[X,0x000000008000098E] -> 0x0013
mem[X,0x0000000080000990] -> 0x0000
[806] [M]: 0x000000008000098E (0x00000013) addi x0, x0, 0x0                         main+1454

mem[X,0x0000000080000992] -> 0x0013
mem[X,0x0000000080000994] -> 0x0000
[807] [M]: 0x0000000080000992 (0x00000013) addi x0, x0, 0x0                         main+1458

clint mtime 0x0000000000000194 (mip.MTI <- 0b1, mip.STI <- 0b0)
mem[X,0x0000000080000996] -> 0x0013
mem[X,0x0000000080000998] -> 0x0000
[808] [M]: 0x0000000080000996 (0x00000013) addi x0, x0, 0x0                         main+1462

mem[X,0x000000008000099A] -> 0x0013
mem[X,0x000000008000099C] -> 0x0000
[809] [M]: 0x000000008000099A (0x00000013) addi x0, x0, 0x0                         main+1466

clint mtime 0x0000000000000195 (mip.MTI <- 0b1, mip.STI <- 0b0)
mem[X,0x000000008000099E] -> 0x0001
[810] [M]: 0x000000008000099E (0x0001) c.nop                                        main+1470

mem[X,0x00000000800009A0] -> 0xA703
mem[X,0x00000000800009A2] -> 0x0007
[811] [M]: 0x00000000800009A0 (0x0007A703) lw x14, 0x0(x15)                         main+1472
trapping from M to M to handle load-access-fault
handling exc#load-access-fault at priv M with tval 0x0000000080002018
CSR mstatus (0x300) <- 0x0000000A00001800
CSR mcause (0x342) <- 0x0000000000000005
CSR mtval (0x343) <- 0x0000000080002018
CSR mepc (0x341) <- 0x00000000800009A0

clint mtime 0x0000000000000196 (mip.MTI <- 0b1, mip.STI <- 0b0)
mem[X,0x00000000800022C0] -> 0x006F
mem[X,0x00000000800022C2] -> 0x1000
[812] [M]: 0x00000000800022C0 (0x1000006F) jal x0, 0x100                            Mtrampoline+0

mem[X,0x00000000800023C0] -> 0x1173
mem[X,0x00000000800023C2] -> 0x3401
[813] [M]: 0x00000000800023C0 (0x34011173) csrrw x2, mscratch, x2                   trap_Mhandler+0
CSR mscratch (0x340) <- 0x01FDDB7D5BFDDB7F
x2 <- 0x0000000080007000

clint mtime 0x0000000000000197 (mip.MTI <- 0b1, mip.STI <- 0b0)
mem[X,0x00000000800023C4] -> 0x3423
mem[X,0x00000000800023C6] -> 0x28B1
[814] [M]: 0x00000000800023C4 (0x28B13423) sd x11, 0x288(x2)                        trap_Mhandler+4
mem[W,0x0000000080007288] <- 0x0000000000000000

mem[X,0x00000000800023C8] -> 0x05EF
mem[X,0x00000000800023CA] -> 0x0B80
[815] [M]: 0x00000000800023C8 (0x0B8005EF) jal x11, 0xb8                            trap_Mhandler+8
x11 <- 0x00000000800023CC

clint mtime 0x0000000000000198 (mip.MTI <- 0b1, mip.STI <- 0b0)
mem[X,0x0000000080002480] -> 0x3023
mem[X,0x0000000080002482] -> 0x28A1
[816] [M]: 0x0000000080002480 (0x28A13023) sd x10, 0x280(x2)                        common_Mhandler+0
mem[W,0x0000000080007280] <- 0x0000000000000001

mem[X,0x0000000080002484] -> 0x1573
mem[X,0x0000000080002486] -> 0x3401
[817] [M]: 0x0000000080002484 (0x34011573) csrrw x10, mscratch, x2                  common_Mhandler+4
CSR mscratch (0x340) <- 0x0000000080007000
x10 <- 0x01FDDB7D5BFDDB7F

clint mtime 0x0000000000000199 (mip.MTI <- 0b1, mip.STI <- 0b0)
mem[X,0x0000000080002488] -> 0x3823
mem[X,0x000000008000248A] -> 0x28A1
[818] [M]: 0x0000000080002488 (0x28A13823) sd x10, 0x290(x2)                        common_Mhandler+8
mem[W,0x0000000080007290] <- 0x01FDDB7D5BFDDB7F

mem[X,0x000000008000248C] -> 0x3503
mem[X,0x000000008000248E] -> 0x2301
[819] [M]: 0x000000008000248C (0x23013503) ld x10, 0x230(x2)                        common_Mhandler+12
mem[R,0x0000000080007230] -> 0x0000000080002494
x10 <- 0x0000000080002494

clint mtime 0x000000000000019A (mip.MTI <- 0b1, mip.STI <- 0b0)
mem[X,0x0000000080002490] -> 0x0067
mem[X,0x0000000080002492] -> 0x0005
[820] [M]: 0x0000000080002490 (0x00050067) jalr x0, 0x0(x10)                        common_Mhandler+16

mem[X,0x0000000080002494] -> 0x3C23
mem[X,0x0000000080002496] -> 0x2691
[821] [M]: 0x0000000080002494 (0x26913C23) sd x9, 0x278(x2)                         common_Mentry+0
mem[W,0x0000000080007278] <- 0x00000000000000FE

clint mtime 0x000000000000019B (mip.MTI <- 0b1, mip.STI <- 0b0)
mem[X,0x0000000080002498] -> 0x3823
mem[X,0x000000008000249A] -> 0x2681
[822] [M]: 0x0000000080002498 (0x26813823) sd x8, 0x270(x2)                         common_Mentry+4
mem[W,0x0000000080007270] <- 0x0000000000007F76

mem[X,0x000000008000249C] -> 0x3423
mem[X,0x000000008000249E] -> 0x2671
[823] [M]: 0x000000008000249C (0x26713423) sd x7, 0x268(x2)                         common_Mentry+8
mem[W,0x0000000080007268] <- 0x00000000003FBB6F

clint mtime 0x000000000000019C (mip.MTI <- 0b1, mip.STI <- 0b0)
mem[X,0x00000000800024A0] -> 0x3023
mem[X,0x00000000800024A2] -> 0x2661
[824] [M]: 0x00000000800024A0 (0x26613023) sd x6, 0x260(x2)                         common_Mentry+12
mem[W,0x0000000080007260] <- 0x000000001FDDB7D5

mem[X,0x00000000800024A4] -> 0x2573
mem[X,0x00000000800024A6] -> 0x3420
[825] [M]: 0x00000000800024A4 (0x34202573) csrrs x10, mcause, x0                    spcl_M2mmode_test+0
CSR mcause (0x342) -> 0x0000000000000005
x10 <- 0x0000000000000005

clint mtime 0x000000000000019D (mip.MTI <- 0b1, mip.STI <- 0b0)
mem[X,0x00000000800024A8] -> 0x04B7
mem[X,0x00000000800024AA] -> 0x8000
[826] [M]: 0x00000000800024A8 (0x800004B7) lui x9, -0x80000                         spcl_M2mmode_test+4
x9 <- 0xFFFFFFFF80000000

mem[X,0x00000000800024AC] -> 0x8493
mem[X,0x00000000800024AE] -> 0x0004
[827] [M]: 0x00000000800024AC (0x00048493) addi x9, x9, 0x0                         spcl_M2mmode_test+8
x9 <- 0xFFFFFFFF80000000

clint mtime 0x000000000000019E (mip.MTI <- 0b1, mip.STI <- 0b0)
mem[X,0x00000000800024B0] -> 0x9493
mem[X,0x00000000800024B2] -> 0x00B4
[828] [M]: 0x00000000800024B0 (0x00B49493) slli x9, x9, 0xb                         spcl_M2mmode_test+12
x9 <- 0xFFFFFC0000000000

mem[X,0x00000000800024B4] -> 0x8493
mem[X,0x00000000800024B6] -> 0x0004
[829] [M]: 0x00000000800024B4 (0x00048493) addi x9, x9, 0x0                         spcl_M2mmode_test+16
x9 <- 0xFFFFFC0000000000

clint mtime 0x000000000000019F (mip.MTI <- 0b1, mip.STI <- 0b0)
mem[X,0x00000000800024B8] -> 0x9493
mem[X,0x00000000800024BA] -> 0x00B4
[830] [M]: 0x00000000800024B8 (0x00B49493) slli x9, x9, 0xb                         spcl_M2mmode_test+20
x9 <- 0xFFE0000000000000

mem[X,0x00000000800024BC] -> 0x8493
mem[X,0x00000000800024BE] -> 0x0034
[831] [M]: 0x00000000800024BC (0x00348493) addi x9, x9, 0x3                         spcl_M2mmode_test+24
x9 <- 0xFFE0000000000003

clint mtime 0x00000000000001A0 (mip.MTI <- 0b1, mip.STI <- 0b0)
mem[X,0x00000000800024C0] -> 0x9493
mem[X,0x00000000800024C2] -> 0x00A4
[832] [M]: 0x00000000800024C0 (0x00A49493) slli x9, x9, 0xa                         spcl_M2mmode_test+28
x9 <- 0x8000000000000C00

mem[X,0x00000000800024C4] -> 0x8493
mem[X,0x00000000800024C6] -> 0x3FC4
[833] [M]: 0x00000000800024C4 (0x3FC48493) addi x9, x9, 0x3fc                       spcl_M2mmode_test+32
x9 <- 0x8000000000000FFC

clint mtime 0x00000000000001A1 (mip.MTI <- 0b1, mip.STI <- 0b0)
mem[X,0x00000000800024C8] -> 0xF4B3
mem[X,0x00000000800024CA] -> 0x00A4
[834] [M]: 0x00000000800024C8 (0x00A4F4B3) and x9, x9, x10                          spcl_M2mmode_test+36
x9 <- 0x0000000000000004

mem[X,0x00000000800024CC] -> 0x8493
mem[X,0x00000000800024CE] -> 0xFF84
[835] [M]: 0x00000000800024CC (0xFF848493) addi x9, x9, -0x8                        spcl_M2mmode_test+40
x9 <- 0xFFFFFFFFFFFFFFFC

clint mtime 0x00000000000001A2 (mip.MTI <- 0b1, mip.STI <- 0b0)
mem[X,0x00000000800024D0] -> 0x9663
mem[X,0x00000000800024D2] -> 0x0004
[836] [M]: 0x00000000800024D0 (0x00049663) bne x9, x0, 0xc                          spcl_M2mmode_test+44

mem[X,0x00000000800024DC] -> 0x0393
mem[X,0x00000000800024DE] -> 0x0200
[837] [M]: 0x00000000800024DC (0x02000393) addi x7, x0, 0x20                        Mtrapsig_ptr_upd+0
x7 <- 0x0000000000000020

clint mtime 0x00000000000001A3 (mip.MTI <- 0b1, mip.STI <- 0b0)
mem[X,0x00000000800024E0] -> 0x5263
mem[X,0x00000000800024E2] -> 0x0405
[838] [M]: 0x00000000800024E0 (0x04055263) bge x10, x0, 0x44                        Mtrapsig_ptr_upd+4

mem[X,0x0000000080002524] -> 0x2373
mem[X,0x0000000080002526] -> 0x3010
[839] [M]: 0x0000000080002524 (0x30102373) csrrs x6, misa, x0                       Mxcpt_sig_sv+0
CSR misa (0x301) -> 0x800000000034112F
x6 <- 0x800000000034112F

clint mtime 0x00000000000001A4 (mip.MTI <- 0b1, mip.STI <- 0b0)
mem[X,0x0000000080002528] -> 0x1313
mem[X,0x000000008000252A] -> 0x0383
[840] [M]: 0x0000000080002528 (0x03831313) slli x6, x6, 0x38                        Mxcpt_sig_sv+4
x6 <- 0x2F00000000000000

mem[X,0x000000008000252C] -> 0x5463
mem[X,0x000000008000252E] -> 0x0003
[841] [M]: 0x000000008000252C (0x00035463) bge x6, x0, 0x8                          Mxcpt_sig_sv+8

clint mtime 0x00000000000001A5 (mip.MTI <- 0b1, mip.STI <- 0b0)
mem[X,0x0000000080002534] -> 0x3303
mem[X,0x0000000080002536] -> 0x2181
[842] [M]: 0x0000000080002534 (0x21813303) ld x6, 0x218(x2)                         Mtrap_sig_sv+0
mem[R,0x0000000080007218] -> 0x0000000080008460
x6 <- 0x0000000080008460

mem[X,0x0000000080002538] -> 0x04B3
mem[X,0x000000008000253A] -> 0x0073
[843] [M]: 0x0000000080002538 (0x007304B3) add x9, x6, x7                           Mtrap_sig_sv+4
x9 <- 0x0000000080008480

clint mtime 0x00000000000001A6 (mip.MTI <- 0b1, mip.STI <- 0b0)
mem[X,0x000000008000253C] -> 0x3C23
mem[X,0x000000008000253E] -> 0x2091
[844] [M]: 0x000000008000253C (0x20913C23) sd x9, 0x218(x2)                         Mtrap_sig_sv+8
mem[W,0x0000000080007218] <- 0x0000000080008480

mem[X,0x0000000080002540] -> 0x3403
mem[X,0x0000000080002542] -> 0x1F81
[845] [M]: 0x0000000080002540 (0x1F813403) ld x8, 0x1f8(x2)                         Mtrap_sig_sv+12
mem[R,0x00000000800071F8] -> 0x0000000080008210
x8 <- 0x0000000080008210

clint mtime 0x00000000000001A7 (mip.MTI <- 0b1, mip.STI <- 0b0)
mem[X,0x0000000080002544] -> 0x0333
mem[X,0x0000000080002546] -> 0x4083
[846] [M]: 0x0000000080002544 (0x40830333) sub x6, x6, x8                           Mtrap_sig_sv+16
x6 <- 0x0000000000000250

mem[X,0x0000000080002548] -> 0x3403
mem[X,0x000000008000254A] -> 0x1F81
[847] [M]: 0x0000000080002548 (0x1F813403) ld x8, 0x1f8(x2)                         Mtrap_sig_sv+20
mem[R,0x00000000800071F8] -> 0x0000000080008210
x8 <- 0x0000000080008210

clint mtime 0x00000000000001A8 (mip.MTI <- 0b1, mip.STI <- 0b0)
mem[X,0x000000008000254C] -> 0x0333
mem[X,0x000000008000254E] -> 0x0083
[848] [M]: 0x000000008000254C (0x00830333) add x6, x6, x8                           Mtrap_sig_sv+24
x6 <- 0x0000000080008460

mem[X,0x0000000080002550] -> 0x3403
mem[X,0x0000000080002552] -> 0x2401
[849] [M]: 0x0000000080002550 (0x24013403) ld x8, 0x240(x2)                         Mtrap_sig_sv+28
mem[R,0x0000000080007240] -> 0x00000000800022C0
x8 <- 0x00000000800022C0

clint mtime 0x00000000000001A9 (mip.MTI <- 0b1, mip.STI <- 0b0)
mem[X,0x0000000080002554] -> 0x85B3
mem[X,0x0000000080002556] -> 0x4085
[850] [M]: 0x0000000080002554 (0x408585B3) sub x11, x11, x8                         sv_Mvect+0
x11 <- 0x000000000000010C

mem[X,0x0000000080002558] -> 0x9593
mem[X,0x000000008000255A] -> 0x0045
[851] [M]: 0x0000000080002558 (0x00459593) slli x11, x11, 0x4                       sv_Mvect+4
x11 <- 0x00000000000010C0

clint mtime 0x00000000000001AA (mip.MTI <- 0b1, mip.STI <- 0b0)
mem[X,0x000000008000255C] -> 0xE5B3
mem[X,0x000000008000255E] -> 0x0075
[852] [M]: 0x000000008000255C (0x0075E5B3) or x11, x11, x7                          sv_Mvect+8
x11 <- 0x00000000000010E0

mem[X,0x0000000080002560] -> 0x8593
mem[X,0x0000000080002562] -> 0x0035
[853] [M]: 0x0000000080002560 (0x00358593) addi x11, x11, 0x3                       sv_Mvect+12
x11 <- 0x00000000000010E3

clint mtime 0x00000000000001AB (mip.MTI <- 0b1, mip.STI <- 0b0)
mem[X,0x0000000080002564] -> 0x3023
mem[X,0x0000000080002566] -> 0x00B3
[854] [M]: 0x0000000080002564 (0x00B33023) sd x11, 0x0(x6)                          sv_Mvect+16
mem[W,0x0000000080008460] <- 0x00000000000010E3

mem[X,0x0000000080002568] -> 0x3423
mem[X,0x000000008000256A] -> 0x00A3
[855] [M]: 0x0000000080002568 (0x00A33423) sd x10, 0x8(x6)                          sv_Mcause+0
mem[W,0x0000000080008468] <- 0x0000000000000005

clint mtime 0x00000000000001AC (mip.MTI <- 0b1, mip.STI <- 0b0)
mem[X,0x000000008000256C] -> 0x4263
mem[X,0x000000008000256E] -> 0x1A05
[856] [M]: 0x000000008000256C (0x1A054263) blt x10, x0, 0x1a4                       sv_Mcause+4

mem[X,0x0000000080002570] -> 0x25F3
mem[X,0x0000000080002572] -> 0x3000
[857] [M]: 0x0000000080002570 (0x300025F3) csrrs x11, mstatus, x0                   common_Mexcpt_handler+0
CSR mstatus (0x300) -> 0x0000000A00001800
x11 <- 0x0000000A00001800

clint mtime 0x00000000000001AD (mip.MTI <- 0b1, mip.STI <- 0b0)
mem[X,0x0000000080002574] -> 0x9413
mem[X,0x0000000080002576] -> 0x02E5
[858] [M]: 0x0000000080002574 (0x02E59413) slli x8, x11, 0x2e                       common_Mexcpt_handler+4
x8 <- 0x0600000000000000

mem[X,0x0000000080002578] -> 0x5463
mem[X,0x000000008000257A] -> 0x0004
[859] [M]: 0x0000000080002578 (0x00045463) bge x8, x0, 0x8                          common_Mexcpt_handler+8

clint mtime 0x00000000000001AE (mip.MTI <- 0b1, mip.STI <- 0b0)
mem[X,0x0000000080002580] -> 0xD493
mem[X,0x0000000080002582] -> 0x00B5
[860] [M]: 0x0000000080002580 (0x00B5D493) srli x9, x11, 0xb                        common_Mexcpt_handler+16
x9 <- 0x0000000001400003

mem[X,0x0000000080002584] -> 0xF493
mem[X,0x0000000080002586] -> 0x0034
[861] [M]: 0x0000000080002584 (0x0034F493) andi x9, x9, 0x3                         common_Mexcpt_handler+20
x9 <- 0x0000000000000003

clint mtime 0x00000000000001AF (mip.MTI <- 0b1, mip.STI <- 0b0)
mem[X,0x0000000080002588] -> 0x8493
mem[X,0x000000008000258A] -> 0x0014
[862] [M]: 0x0000000080002588 (0x00148493) addi x9, x9, 0x1                         common_Mexcpt_handler+24
x9 <- 0x0000000000000004

mem[X,0x000000008000258C] -> 0xF493
mem[X,0x000000008000258E] -> 0x0044
[863] [M]: 0x000000008000258C (0x0044F493) andi x9, x9, 0x4                         common_Mexcpt_handler+28
x9 <- 0x0000000000000004

clint mtime 0x00000000000001B0 (mip.MTI <- 0b1, mip.STI <- 0b0)
mem[X,0x0000000080002590] -> 0x0593
mem[X,0x0000000080002592] -> 0x05D0
[864] [M]: 0x0000000080002590 (0x05D00593) addi x11, x0, 0x5d                       common_Mexcpt_handler+32
x11 <- 0x000000000000005D

mem[X,0x0000000080002594] -> 0xD5B3
mem[X,0x0000000080002596] -> 0x0095
[865] [M]: 0x0000000080002594 (0x0095D5B3) srl x11, x11, x9                         common_Mexcpt_handler+36
x11 <- 0x0000000000000005

clint mtime 0x00000000000001B1 (mip.MTI <- 0b1, mip.STI <- 0b0)
mem[X,0x0000000080002598] -> 0xF593
mem[X,0x000000008000259A] -> 0x0015
[866] [M]: 0x0000000080002598 (0x0015F593) andi x11, x11, 0x1                       common_Mexcpt_handler+40
x11 <- 0x0000000000000001

mem[X,0x000000008000259C] -> 0x8EE3
mem[X,0x000000008000259E] -> 0xF405
[867] [M]: 0x000000008000259C (0xF4058EE3) beq x11, x0, -0xa4                       common_Mexcpt_handler+44

clint mtime 0x00000000000001B2 (mip.MTI <- 0b1, mip.STI <- 0b0)
mem[X,0x00000000800025A0] -> 0x0593
mem[X,0x00000000800025A2] -> 0x2980
[868] [M]: 0x00000000800025A0 (0x29800593) addi x11, x0, 0x298                      common_Mexcpt_handler+48
x11 <- 0x0000000000000298

mem[X,0x00000000800025A4] -> 0xF413
mem[X,0x00000000800025A6] -> 0x0014
[869] [M]: 0x00000000800025A4 (0x0014F413) andi x8, x9, 0x1                         common_Mexcpt_handler+52
x8 <- 0x0000000000000000

clint mtime 0x00000000000001B3 (mip.MTI <- 0b1, mip.STI <- 0b0)
mem[X,0x00000000800025A8] -> 0x95B3
mem[X,0x00000000800025AA] -> 0x0085
[870] [M]: 0x00000000800025A8 (0x008595B3) sll x11, x11, x8                         common_Mexcpt_handler+56
x11 <- 0x0000000000000298

mem[X,0x00000000800025AC] -> 0x9413
mem[X,0x00000000800025AE] -> 0x03D4
[871] [M]: 0x00000000800025AC (0x03D49413) slli x8, x9, 0x3d                        common_Mexcpt_handler+60
x8 <- 0x8000000000000000

clint mtime 0x00000000000001B4 (mip.MTI <- 0b1, mip.STI <- 0b0)
mem[X,0x00000000800025B0] -> 0x5413
mem[X,0x00000000800025B2] -> 0x43F4
[872] [M]: 0x00000000800025B0 (0x43F45413) srai x8, x8, 0x3f                        common_Mexcpt_handler+64
x8 <- 0xFFFFFFFFFFFFFFFF

mem[X,0x00000000800025B4] -> 0x4413
mem[X,0x00000000800025B6] -> 0xFFF4
[873] [M]: 0x00000000800025B4 (0xFFF44413) xori x8, x8, -0x1                        common_Mexcpt_handler+68
x8 <- 0x0000000000000000

clint mtime 0x00000000000001B5 (mip.MTI <- 0b1, mip.STI <- 0b0)
mem[X,0x00000000800025B8] -> 0xF4B3
mem[X,0x00000000800025BA] -> 0x0085
[874] [M]: 0x00000000800025B8 (0x0085F4B3) and x9, x11, x8                          common_Mexcpt_handler+72
x9 <- 0x0000000000000000

mem[X,0x00000000800025BC] -> 0x84B3
mem[X,0x00000000800025BE] -> 0x0024
[875] [M]: 0x00000000800025BC (0x002484B3) add x9, x9, x2                           vmem_adj_Mepc+0
x9 <- 0x0000000080007000

clint mtime 0x00000000000001B6 (mip.MTI <- 0b1, mip.STI <- 0b0)
mem[X,0x00000000800025C0] -> 0x23F3
mem[X,0x00000000800025C2] -> 0x3410
[876] [M]: 0x00000000800025C0 (0x341023F3) csrrs x7, mepc, x0                       vmem_adj_Mepc+4
CSR mepc (0x341) -> 0x00000000800009A0
x7 <- 0x00000000800009A0

mem[X,0x00000000800025C4] -> 0x0413
mem[X,0x00000000800025C6] -> 0x0004
[877] [M]: 0x00000000800025C4 (0x00040413) addi x8, x8, 0x0                         vmem_adj_Mepc+8
x8 <- 0x0000000000000000

clint mtime 0x00000000000001B7 (mip.MTI <- 0b1, mip.STI <- 0b0)
mem[X,0x00000000800025C8] -> 0x006F
mem[X,0x00000000800025CA] -> 0x0400
[878] [M]: 0x00000000800025C8 (0x0400006F) jal x0, 0x40                             vmem_adj_Mepc+12

mem[X,0x0000000080002608] -> 0x8433
mem[X,0x000000008000260A] -> 0x4083
[879] [M]: 0x0000000080002608 (0x40838433) sub x8, x7, x8                           adj_Mepc+0
x8 <- 0x00000000800009A0

clint mtime 0x00000000000001B8 (mip.MTI <- 0b1, mip.STI <- 0b0)
mem[X,0x000000008000260C] -> 0x3823
mem[X,0x000000008000260E] -> 0x0083
[880] [M]: 0x000000008000260C (0x00833823) sd x8, 0x10(x6)                          sv_Mepc+0
mem[W,0x0000000080008470] <- 0x00000000800009A0

mem[X,0x0000000080002610] -> 0x55B7
mem[X,0x0000000080002612] -> 0x0000
[881] [M]: 0x0000000080002610 (0x000055B7) lui x11, 0x5                             sv_Mepc+4
x11 <- 0x0000000000005000

clint mtime 0x00000000000001B9 (mip.MTI <- 0b1, mip.STI <- 0b0)
mem[X,0x0000000080002614] -> 0x8593
mem[X,0x0000000080002616] -> 0x6675
[882] [M]: 0x0000000080002614 (0x66758593) addi x11, x11, 0x667                     sv_Mepc+8
x11 <- 0x0000000000005667

mem[X,0x0000000080002618] -> 0x9593
mem[X,0x000000008000261A] -> 0x0015
[883] [M]: 0x0000000080002618 (0x00159593) slli x11, x11, 0x1                       sv_Mepc+12
x11 <- 0x000000000000ACCE

clint mtime 0x00000000000001BA (mip.MTI <- 0b1, mip.STI <- 0b0)
mem[X,0x000000008000261C] -> 0x9063
mem[X,0x000000008000261E] -> 0x02B1
[884] [M]: 0x000000008000261C (0x02B19063) bne x3, x11, 0x20                        sv_Mepc+16

mem[X,0x000000008000263C] -> 0xF593
mem[X,0x000000008000263E] -> 0xFFC3
[885] [M]: 0x000000008000263C (0xFFC3F593) andi x11, x7, -0x4                       adj_Mepc_rtn+0
x11 <- 0x00000000800009A0

clint mtime 0x00000000000001BB (mip.MTI <- 0b1, mip.STI <- 0b0)
mem[X,0x0000000080002640] -> 0x8593
mem[X,0x0000000080002642] -> 0x0085
[886] [M]: 0x0000000080002640 (0x00858593) addi x11, x11, 0x8                       adj_Mepc_rtn+4
x11 <- 0x00000000800009A8

mem[X,0x0000000080002644] -> 0x9073
mem[X,0x0000000080002646] -> 0x3415
[887] [M]: 0x0000000080002644 (0x34159073) csrrw x0, mepc, x11                      adj_Mepc_rtn+8
CSR mepc (0x341) <- 0x00000000800009A8

clint mtime 0x00000000000001BC (mip.MTI <- 0b1, mip.STI <- 0b0)
mem[X,0x0000000080002648] -> 0x23F3
mem[X,0x000000008000264A] -> 0x3430
[888] [M]: 0x0000000080002648 (0x343023F3) csrrs x7, mtval, x0                      skp_adj_Mepc+0
CSR mtval (0x343) -> 0x0000000080002018
x7 <- 0x0000000080002018

mem[X,0x000000008000264C] -> 0x7513
mem[X,0x000000008000264E] -> 0x00F5
[889] [M]: 0x000000008000264C (0x00F57513) andi x10, x10, 0xf                       chk_Mtval+0
x10 <- 0x0000000000000005

clint mtime 0x00000000000001BD (mip.MTI <- 0b1, mip.STI <- 0b0)
mem[X,0x0000000080002650] -> 0x0437
mem[X,0x0000000080002652] -> 0x0000
[890] [M]: 0x0000000080002650 (0x00000437) lui x8, 0x0                              chk_Mtval+4
x8 <- 0x0000000000000000

mem[X,0x0000000080002654] -> 0x0413
mem[X,0x0000000080002656] -> 0x0004
[891] [M]: 0x0000000080002654 (0x00040413) addi x8, x8, 0x0                         chk_Mtval+8
x8 <- 0x0000000000000000

clint mtime 0x00000000000001BE (mip.MTI <- 0b1, mip.STI <- 0b0)
mem[X,0x0000000080002658] -> 0x1413
mem[X,0x000000008000265A] -> 0x00B4
[892] [M]: 0x0000000080002658 (0x00B41413) slli x8, x8, 0xb                         chk_Mtval+12
x8 <- 0x0000000000000000

mem[X,0x000000008000265C] -> 0x0413
mem[X,0x000000008000265E] -> 0x0004
[893] [M]: 0x000000008000265C (0x00040413) addi x8, x8, 0x0                         chk_Mtval+16
x8 <- 0x0000000000000000

clint mtime 0x00000000000001BF (mip.MTI <- 0b1, mip.STI <- 0b0)
mem[X,0x0000000080002660] -> 0x1413
mem[X,0x0000000080002662] -> 0x00B4
[894] [M]: 0x0000000080002660 (0x00B41413) slli x8, x8, 0xb                         chk_Mtval+20
x8 <- 0x0000000000000000

mem[X,0x0000000080002664] -> 0x0413
mem[X,0x0000000080002666] -> 0x02C4
[895] [M]: 0x0000000080002664 (0x02C40413) addi x8, x8, 0x2c                        chk_Mtval+24
x8 <- 0x000000000000002C

clint mtime 0x00000000000001C0 (mip.MTI <- 0b1, mip.STI <- 0b0)
mem[X,0x0000000080002668] -> 0x1413
mem[X,0x000000008000266A] -> 0x00A4
[896] [M]: 0x0000000080002668 (0x00A41413) slli x8, x8, 0xa                         chk_Mtval+28
x8 <- 0x000000000000B000

mem[X,0x000000008000266C] -> 0x0413
mem[X,0x000000008000266E] -> 0x0FB4
[897] [M]: 0x000000008000266C (0x0FB40413) addi x8, x8, 0xfb                        chk_Mtval+32
x8 <- 0x000000000000B0FB

clint mtime 0x00000000000001C1 (mip.MTI <- 0b1, mip.STI <- 0b0)
mem[X,0x0000000080002670] -> 0x5433
mem[X,0x0000000080002672] -> 0x00A4
[898] [M]: 0x0000000080002670 (0x00A45433) srl x8, x8, x10                          chk_Mtval+36
x8 <- 0x0000000000000587

mem[X,0x0000000080002674] -> 0x1413
mem[X,0x0000000080002676] -> 0x03F4
[899] [M]: 0x0000000080002674 (0x03F41413) slli x8, x8, 0x3f                        chk_Mtval+40
x8 <- 0x8000000000000000

clint mtime 0x00000000000001C2 (mip.MTI <- 0b1, mip.STI <- 0b0)
mem[X,0x0000000080002678] -> 0x5C63
mem[X,0x000000008000267A] -> 0x0404
[900] [M]: 0x0000000080002678 (0x04045C63) bge x8, x0, 0x58                         chk_Mtval+44

mem[X,0x000000008000267C] -> 0xB403
mem[X,0x000000008000267E] -> 0x2084
[901] [M]: 0x000000008000267C (0x2084B403) ld x8, 0x208(x9)                         vmem_adj_Mtval+0
mem[R,0x0000000080007208] -> 0x00000000800003B4
x8 <- 0x00000000800003B4

clint mtime 0x00000000000001C3 (mip.MTI <- 0b1, mip.STI <- 0b0)
mem[X,0x0000000080002680] -> 0xB583
mem[X,0x0000000080002682] -> 0x2104
[902] [M]: 0x0000000080002680 (0x2104B583) ld x11, 0x210(x9)                        vmem_adj_Mtval+4
mem[R,0x0000000080007210] -> 0x0000000000001E38
x11 <- 0x0000000000001E38

mem[X,0x0000000080002684] -> 0x85B3
mem[X,0x0000000080002686] -> 0x0085
[903] [M]: 0x0000000080002684 (0x008585B3) add x11, x11, x8                         vmem_adj_Mtval+8
x11 <- 0x00000000800021EC

clint mtime 0x00000000000001C4 (mip.MTI <- 0b1, mip.STI <- 0b0)
mem[X,0x0000000080002688] -> 0xF463
mem[X,0x000000008000268A] -> 0x00B3
[904] [M]: 0x0000000080002688 (0x00B3F463) bgeu x7, x11, 0x8                        vmem_adj_Mtval+12

mem[X,0x000000008000268C] -> 0xF063
mem[X,0x000000008000268E] -> 0x0483
[905] [M]: 0x000000008000268C (0x0483F063) bgeu x7, x8, 0x40                        vmem_adj_Mtval+16

clint mtime 0x00000000000001C5 (mip.MTI <- 0b1, mip.STI <- 0b0)
mem[X,0x00000000800026CC] -> 0x8433
mem[X,0x00000000800026CE] -> 0x4083
[906] [M]: 0x00000000800026CC (0x40838433) sub x8, x7, x8                           adj_Mtval+0
x8 <- 0x0000000000001C64

mem[X,0x00000000800026D0] -> 0x3C23
mem[X,0x00000000800026D2] -> 0x0083
[907] [M]: 0x00000000800026D0 (0x00833C23) sd x8, 0x18(x6)                          sv_Mtval+0
mem[W,0x0000000080008478] <- 0x0000000000001C64

clint mtime 0x00000000000001C6 (mip.MTI <- 0b1, mip.STI <- 0b0)
mem[X,0x00000000800026D4] -> 0x3483
mem[X,0x00000000800026D6] -> 0x2181
[908] [M]: 0x00000000800026D4 (0x21813483) ld x9, 0x218(x2)                         skp_Mtval+0
mem[R,0x0000000080007218] -> 0x0000000080008480
x9 <- 0x0000000080008480

mem[X,0x00000000800026D8] -> 0x3383
mem[X,0x00000000800026DA] -> 0x1F81
[909] [M]: 0x00000000800026D8 (0x1F813383) ld x7, 0x1f8(x2)                         skp_Mtval+4
mem[R,0x00000000800071F8] -> 0x0000000080008210
x7 <- 0x0000000080008210

clint mtime 0x00000000000001C7 (mip.MTI <- 0b1, mip.STI <- 0b0)
mem[X,0x00000000800026DC] -> 0x3303
mem[X,0x00000000800026DE] -> 0x2001
[910] [M]: 0x00000000800026DC (0x20013303) ld x6, 0x200(x2)                         skp_Mtval+8
mem[R,0x0000000080007200] -> 0x0000000000000A20
x6 <- 0x0000000000000A20

mem[X,0x00000000800026E0] -> 0x0333
mem[X,0x00000000800026E2] -> 0x0073
[911] [M]: 0x00000000800026E0 (0x00730333) add x6, x6, x7                           skp_Mtval+12
x6 <- 0x0000000080008C30

clint mtime 0x00000000000001C8 (mip.MTI <- 0b1, mip.STI <- 0b0)
mem[X,0x00000000800026E4] -> 0x68E3
mem[X,0x00000000800026E6] -> 0xB093
[912] [M]: 0x00000000800026E4 (0xB09368E3) bltu x6, x9, -0x4f0                      skp_Mtval+16

mem[X,0x00000000800026E8] -> 0x0393
mem[X,0x00000000800026EA] -> 0x2000
[913] [M]: 0x00000000800026E8 (0x20000393) addi x7, x0, 0x200                       skp_Mtval+20
x7 <- 0x0000000000000200

clint mtime 0x00000000000001C9 (mip.MTI <- 0b1, mip.STI <- 0b0)
mem[X,0x00000000800026EC] -> 0x006F
mem[X,0x00000000800026EE] -> 0x0400
[914] [M]: 0x00000000800026EC (0x0400006F) jal x0, 0x40                             skp_Mtval+24

mem[X,0x000000008000272C] -> 0x0417
mem[X,0x000000008000272E] -> 0x0000
[915] [M]: 0x000000008000272C (0x00000417) auipc x8, 0x0                            spcl_Mhandler+0
x8 <- 0x000000008000272C

clint mtime 0x00000000000001CA (mip.MTI <- 0b1, mip.STI <- 0b0)
mem[X,0x0000000080002730] -> 0x0413
mem[X,0x0000000080002732] -> 0x03C4
[916] [M]: 0x0000000080002730 (0x03C40413) addi x8, x8, 0x3c                        spcl_Mhandler+4
x8 <- 0x0000000080002768

mem[X,0x0000000080002734] -> 0x0433
mem[X,0x0000000080002736] -> 0x0074
[917] [M]: 0x0000000080002734 (0x00740433) add x8, x8, x7                           spcl_Mhandler+8
x8 <- 0x0000000080002968

clint mtime 0x00000000000001CB (mip.MTI <- 0b1, mip.STI <- 0b0)
mem[X,0x0000000080002738] -> 0x1393
mem[X,0x000000008000273A] -> 0x0035
[918] [M]: 0x0000000080002738 (0x00351393) slli x7, x10, 0x3                        spcl_Mhandler+12
x7 <- 0x0000000000000028

mem[X,0x000000008000273C] -> 0x0433
mem[X,0x000000008000273E] -> 0x0074
[919] [M]: 0x000000008000273C (0x00740433) add x8, x8, x7                           spcl_Mhandler+16
x8 <- 0x0000000080002990

clint mtime 0x00000000000001CC (mip.MTI <- 0b1, mip.STI <- 0b0)
mem[X,0x0000000080002740] -> 0x7413
mem[X,0x0000000080002742] -> 0xFF84
[920] [M]: 0x0000000080002740 (0xFF847413) andi x8, x8, -0x8                        spcl_Mhandler+20
x8 <- 0x0000000080002990

mem[X,0x0000000080002744] -> 0x3403
mem[X,0x0000000080002746] -> 0x0004
[921] [M]: 0x0000000080002744 (0x00043403) ld x8, 0x0(x8)                           spcl_Mhandler+24
mem[R,0x0000000080002990] -> 0x000000000000000B
x8 <- 0x000000000000000B

clint mtime 0x00000000000001CD (mip.MTI <- 0b1, mip.STI <- 0b0)
mem[X,0x0000000080002748] -> 0x00E3
mem[X,0x000000008000274A] -> 0xB404
[922] [M]: 0x0000000080002748 (0xB40400E3) beq x8, x0, -0x4c0                       spcl_Mdispatch_hndling+0

mem[X,0x000000008000274C] -> 0x1393
mem[X,0x000000008000274E] -> 0x03F4
[923] [M]: 0x000000008000274C (0x03F41393) slli x7, x8, 0x3f                        spcl_Mdispatch_hndling+4
x7 <- 0x8000000000000000

clint mtime 0x00000000000001CE (mip.MTI <- 0b1, mip.STI <- 0b0)
mem[X,0x0000000080002750] -> 0xD863
mem[X,0x0000000080002752] -> 0x0003
[924] [M]: 0x0000000080002750 (0x0003D863) bge x7, x0, 0x10                         spcl_Mdispatch_hndling+8

mem[X,0x0000000080002754] -> 0x5413
mem[X,0x0000000080002756] -> 0x0014
[925] [M]: 0x0000000080002754 (0x00145413) srli x8, x8, 0x1                         spcl_Mdispatch_hndling+12
x8 <- 0x0000000000000005

clint mtime 0x00000000000001CF (mip.MTI <- 0b1, mip.STI <- 0b0)
mem[X,0x0000000080002758] -> 0x0CE3
mem[X,0x000000008000275A] -> 0xF885
[926] [M]: 0x0000000080002758 (0xF8850CE3) beq x10, x8, -0x68                       spcl_Mdispatch_hndling+16

mem[X,0x00000000800026F0] -> 0x3303
mem[X,0x00000000800026F2] -> 0x2601
[927] [M]: 0x00000000800026F0 (0x26013303) ld x6, 0x260(x2)                         resto_Mrtn+0
mem[R,0x0000000080007260] -> 0x000000001FDDB7D5
x6 <- 0x000000001FDDB7D5

clint mtime 0x00000000000001D0 (mip.MTI <- 0b1, mip.STI <- 0b0)
mem[X,0x00000000800026F4] -> 0x3383
mem[X,0x00000000800026F6] -> 0x2681
[928] [M]: 0x00000000800026F4 (0x26813383) ld x7, 0x268(x2)                         resto_Mrtn+4
mem[R,0x0000000080007268] -> 0x00000000003FBB6F
x7 <- 0x00000000003FBB6F

mem[X,0x00000000800026F8] -> 0x3403
mem[X,0x00000000800026FA] -> 0x2701
[929] [M]: 0x00000000800026F8 (0x27013403) ld x8, 0x270(x2)                         resto_Mrtn+8
mem[R,0x0000000080007270] -> 0x0000000000007F76
x8 <- 0x0000000000007F76

clint mtime 0x00000000000001D1 (mip.MTI <- 0b1, mip.STI <- 0b0)
mem[X,0x00000000800026FC] -> 0x3483
mem[X,0x00000000800026FE] -> 0x2781
[930] [M]: 0x00000000800026FC (0x27813483) ld x9, 0x278(x2)                         resto_Mrtn+12
mem[R,0x0000000080007278] -> 0x00000000000000FE
x9 <- 0x00000000000000FE

mem[X,0x0000000080002700] -> 0x3503
mem[X,0x0000000080002702] -> 0x2801
[931] [M]: 0x0000000080002700 (0x28013503) ld x10, 0x280(x2)                        resto_Mrtn+16
mem[R,0x0000000080007280] -> 0x0000000000000001
x10 <- 0x0000000000000001

clint mtime 0x00000000000001D2 (mip.MTI <- 0b1, mip.STI <- 0b0)
mem[X,0x0000000080002704] -> 0x3583
mem[X,0x0000000080002706] -> 0x2881
[932] [M]: 0x0000000080002704 (0x28813583) ld x11, 0x288(x2)                        resto_Mrtn+20
mem[R,0x0000000080007288] -> 0x0000000000000000
x11 <- 0x0000000000000000

mem[X,0x0000000080002708] -> 0x3103
mem[X,0x000000008000270A] -> 0x2901
[933] [M]: 0x0000000080002708 (0x29013103) ld x2, 0x290(x2)                         resto_Mrtn+24
mem[R,0x0000000080007290] -> 0x01FDDB7D5BFDDB7F
x2 <- 0x01FDDB7D5BFDDB7F

clint mtime 0x00000000000001D3 (mip.MTI <- 0b1, mip.STI <- 0b0)
mem[X,0x000000008000270C] -> 0x0073
mem[X,0x000000008000270E] -> 0x3020
[934] [M]: 0x000000008000270C (0x30200073) mret                                     resto_Mrtn+28
CSR mstatus (0x300) <- 0x0000000A00000080
ret-ing from M to M

mem[X,0x00000000800009A8] -> 0x0013
mem[X,0x00000000800009AA] -> 0x0000
[935] [M]: 0x00000000800009A8 (0x00000013) addi x0, x0, 0x0                         main+1480

clint mtime 0x00000000000001D4 (mip.MTI <- 0b1, mip.STI <- 0b0)
mem[X,0x00000000800009AC] -> 0xB023
mem[X,0x00000000800009AE] -> 0x02E6
[936] [M]: 0x00000000800009AC (0x02E6B023) sd x14, 0x20(x13)                        main+1484
mem[W,0x0000000080008238] <- 0x0000000000000013

mem[X,0x00000000800009B0] -> 0x0013
mem[X,0x00000000800009B2] -> 0x0000
[937] [M]: 0x00000000800009B0 (0x00000013) addi x0, x0, 0x0                         main+1488

clint mtime 0x00000000000001D5 (mip.MTI <- 0b1, mip.STI <- 0b0)
mem[X,0x00000000800009B4] -> 0x0013
mem[X,0x00000000800009B6] -> 0x0000
[938] [M]: 0x00000000800009B4 (0x00000013) addi x0, x0, 0x0                         main+1492

mem[X,0x00000000800009B8] -> 0x0013
mem[X,0x00000000800009BA] -> 0x0000
[939] [M]: 0x00000000800009B8 (0x00000013) addi x0, x0, 0x0                         main+1496

clint mtime 0x00000000000001D6 (mip.MTI <- 0b1, mip.STI <- 0b0)
mem[X,0x00000000800009BC] -> 0x0013
mem[X,0x00000000800009BE] -> 0x0000
[940] [M]: 0x00000000800009BC (0x00000013) addi x0, x0, 0x0                         main+1500

mem[X,0x00000000800009C0] -> 0x1797
mem[X,0x00000000800009C2] -> 0x0000
[941] [M]: 0x00000000800009C0 (0x00001797) auipc x15, 0x1                           main+1504
x15 <- 0x00000000800019C0

clint mtime 0x00000000000001D7 (mip.MTI <- 0b1, mip.STI <- 0b0)
mem[X,0x00000000800009C4] -> 0x8793
mem[X,0x00000000800009C6] -> 0x6687
[942] [M]: 0x00000000800009C4 (0x66878793) addi x15, x15, 0x668                     main+1508
x15 <- 0x0000000080002028

mem[X,0x00000000800009C8] -> 0x0001
[943] [M]: 0x00000000800009C8 (0x0001) c.nop                                        main+1512

clint mtime 0x00000000000001D8 (mip.MTI <- 0b1, mip.STI <- 0b0)
mem[X,0x00000000800009CA] -> 0x0013
mem[X,0x00000000800009CC] -> 0x0000
[944] [M]: 0x00000000800009CA (0x00000013) addi x0, x0, 0x0                         main+1514

mem[X,0x00000000800009CE] -> 0x0013
mem[X,0x00000000800009D0] -> 0x0000
[945] [M]: 0x00000000800009CE (0x00000013) addi x0, x0, 0x0                         main+1518

clint mtime 0x00000000000001D9 (mip.MTI <- 0b1, mip.STI <- 0b0)
mem[X,0x00000000800009D2] -> 0x0013
mem[X,0x00000000800009D4] -> 0x0000
[946] [M]: 0x00000000800009D2 (0x00000013) addi x0, x0, 0x0                         main+1522

mem[X,0x00000000800009D6] -> 0x0013
mem[X,0x00000000800009D8] -> 0x0000
[947] [M]: 0x00000000800009D6 (0x00000013) addi x0, x0, 0x0                         main+1526

clint mtime 0x00000000000001DA (mip.MTI <- 0b1, mip.STI <- 0b0)
mem[X,0x00000000800009DA] -> 0x0013
mem[X,0x00000000800009DC] -> 0x0000
[948] [M]: 0x00000000800009DA (0x00000013) addi x0, x0, 0x0                         main+1530

mem[X,0x00000000800009DE] -> 0x0001
[949] [M]: 0x00000000800009DE (0x0001) c.nop                                        main+1534

clint mtime 0x00000000000001DB (mip.MTI <- 0b1, mip.STI <- 0b0)
mem[X,0x00000000800009E0] -> 0xA703
mem[X,0x00000000800009E2] -> 0x0007
[950] [M]: 0x00000000800009E0 (0x0007A703) lw x14, 0x0(x15)                         main+1536
mem[R,0x0000000080002028] -> 0x00000013
x14 <- 0x0000000000000013

mem[X,0x00000000800009E4] -> 0x0013
mem[X,0x00000000800009E6] -> 0x0000
[951] [M]: 0x00000000800009E4 (0x00000013) addi x0, x0, 0x0                         main+1540

clint mtime 0x00000000000001DC (mip.MTI <- 0b1, mip.STI <- 0b0)
mem[X,0x00000000800009E8] -> 0x0013
mem[X,0x00000000800009EA] -> 0x0000
[952] [M]: 0x00000000800009E8 (0x00000013) addi x0, x0, 0x0                         main+1544

mem[X,0x00000000800009EC] -> 0xB423
mem[X,0x00000000800009EE] -> 0x02E6
[953] [M]: 0x00000000800009EC (0x02E6B423) sd x14, 0x28(x13)                        main+1548
mem[W,0x0000000080008240] <- 0x0000000000000013

clint mtime 0x00000000000001DD (mip.MTI <- 0b1, mip.STI <- 0b0)
mem[X,0x00000000800009F0] -> 0x0013
mem[X,0x00000000800009F2] -> 0x0000
[954] [M]: 0x00000000800009F0 (0x00000013) addi x0, x0, 0x0                         main+1552

mem[X,0x00000000800009F4] -> 0x0013
mem[X,0x00000000800009F6] -> 0x0000
[955] [M]: 0x00000000800009F4 (0x00000013) addi x0, x0, 0x0                         main+1556

clint mtime 0x00000000000001DE (mip.MTI <- 0b1, mip.STI <- 0b0)
mem[X,0x00000000800009F8] -> 0x0013
mem[X,0x00000000800009FA] -> 0x0000
[956] [M]: 0x00000000800009F8 (0x00000013) addi x0, x0, 0x0                         main+1560

mem[X,0x00000000800009FC] -> 0x0013
mem[X,0x00000000800009FE] -> 0x0000
[957] [M]: 0x00000000800009FC (0x00000013) addi x0, x0, 0x0                         main+1564

clint mtime 0x00000000000001DF (mip.MTI <- 0b1, mip.STI <- 0b0)
mem[X,0x0000000080000A00] -> 0x1797
mem[X,0x0000000080000A02] -> 0x0000
[958] [M]: 0x0000000080000A00 (0x00001797) auipc x15, 0x1                           main+1568
x15 <- 0x0000000080001A00

mem[X,0x0000000080000A04] -> 0x8793
mem[X,0x0000000080000A06] -> 0x63C7
[959] [M]: 0x0000000080000A04 (0x63C78793) addi x15, x15, 0x63c                     main+1572
x15 <- 0x000000008000203C

clint mtime 0x00000000000001E0 (mip.MTI <- 0b1, mip.STI <- 0b0)
mem[X,0x0000000080000A08] -> 0x0001
[960] [M]: 0x0000000080000A08 (0x0001) c.nop                                        main+1576

mem[X,0x0000000080000A0A] -> 0x0013
mem[X,0x0000000080000A0C] -> 0x0000
[961] [M]: 0x0000000080000A0A (0x00000013) addi x0, x0, 0x0                         main+1578

clint mtime 0x00000000000001E1 (mip.MTI <- 0b1, mip.STI <- 0b0)
mem[X,0x0000000080000A0E] -> 0x0013
mem[X,0x0000000080000A10] -> 0x0000
[962] [M]: 0x0000000080000A0E (0x00000013) addi x0, x0, 0x0                         main+1582

mem[X,0x0000000080000A12] -> 0x0013
mem[X,0x0000000080000A14] -> 0x0000
[963] [M]: 0x0000000080000A12 (0x00000013) addi x0, x0, 0x0                         main+1586

clint mtime 0x00000000000001E2 (mip.MTI <- 0b1, mip.STI <- 0b0)
mem[X,0x0000000080000A16] -> 0x0013
mem[X,0x0000000080000A18] -> 0x0000
[964] [M]: 0x0000000080000A16 (0x00000013) addi x0, x0, 0x0                         main+1590

mem[X,0x0000000080000A1A] -> 0x0013
mem[X,0x0000000080000A1C] -> 0x0000
[965] [M]: 0x0000000080000A1A (0x00000013) addi x0, x0, 0x0                         main+1594

clint mtime 0x00000000000001E3 (mip.MTI <- 0b1, mip.STI <- 0b0)
mem[X,0x0000000080000A1E] -> 0x0001
[966] [M]: 0x0000000080000A1E (0x0001) c.nop                                        main+1598

mem[X,0x0000000080000A20] -> 0xA703
mem[X,0x0000000080000A22] -> 0x0007
[967] [M]: 0x0000000080000A20 (0x0007A703) lw x14, 0x0(x15)                         main+1600
trapping from M to M to handle load-access-fault
handling exc#load-access-fault at priv M with tval 0x000000008000203C
CSR mstatus (0x300) <- 0x0000000A00001800
CSR mcause (0x342) <- 0x0000000000000005
CSR mtval (0x343) <- 0x000000008000203C
CSR mepc (0x341) <- 0x0000000080000A20

clint mtime 0x00000000000001E4 (mip.MTI <- 0b1, mip.STI <- 0b0)
mem[X,0x00000000800022C0] -> 0x006F
mem[X,0x00000000800022C2] -> 0x1000
[968] [M]: 0x00000000800022C0 (0x1000006F) jal x0, 0x100                            Mtrampoline+0

mem[X,0x00000000800023C0] -> 0x1173
mem[X,0x00000000800023C2] -> 0x3401
[969] [M]: 0x00000000800023C0 (0x34011173) csrrw x2, mscratch, x2                   trap_Mhandler+0
CSR mscratch (0x340) <- 0x01FDDB7D5BFDDB7F
x2 <- 0x0000000080007000

clint mtime 0x00000000000001E5 (mip.MTI <- 0b1, mip.STI <- 0b0)
mem[X,0x00000000800023C4] -> 0x3423
mem[X,0x00000000800023C6] -> 0x28B1
[970] [M]: 0x00000000800023C4 (0x28B13423) sd x11, 0x288(x2)                        trap_Mhandler+4
mem[W,0x0000000080007288] <- 0x0000000000000000

mem[X,0x00000000800023C8] -> 0x05EF
mem[X,0x00000000800023CA] -> 0x0B80
[971] [M]: 0x00000000800023C8 (0x0B8005EF) jal x11, 0xb8                            trap_Mhandler+8
x11 <- 0x00000000800023CC

clint mtime 0x00000000000001E6 (mip.MTI <- 0b1, mip.STI <- 0b0)
mem[X,0x0000000080002480] -> 0x3023
mem[X,0x0000000080002482] -> 0x28A1
[972] [M]: 0x0000000080002480 (0x28A13023) sd x10, 0x280(x2)                        common_Mhandler+0
mem[W,0x0000000080007280] <- 0x0000000000000001

mem[X,0x0000000080002484] -> 0x1573
mem[X,0x0000000080002486] -> 0x3401
[973] [M]: 0x0000000080002484 (0x34011573) csrrw x10, mscratch, x2                  common_Mhandler+4
CSR mscratch (0x340) <- 0x0000000080007000
x10 <- 0x01FDDB7D5BFDDB7F

clint mtime 0x00000000000001E7 (mip.MTI <- 0b1, mip.STI <- 0b0)
mem[X,0x0000000080002488] -> 0x3823
mem[X,0x000000008000248A] -> 0x28A1
[974] [M]: 0x0000000080002488 (0x28A13823) sd x10, 0x290(x2)                        common_Mhandler+8
mem[W,0x0000000080007290] <- 0x01FDDB7D5BFDDB7F

mem[X,0x000000008000248C] -> 0x3503
mem[X,0x000000008000248E] -> 0x2301
[975] [M]: 0x000000008000248C (0x23013503) ld x10, 0x230(x2)                        common_Mhandler+12
mem[R,0x0000000080007230] -> 0x0000000080002494
x10 <- 0x0000000080002494

clint mtime 0x00000000000001E8 (mip.MTI <- 0b1, mip.STI <- 0b0)
mem[X,0x0000000080002490] -> 0x0067
mem[X,0x0000000080002492] -> 0x0005
[976] [M]: 0x0000000080002490 (0x00050067) jalr x0, 0x0(x10)                        common_Mhandler+16

mem[X,0x0000000080002494] -> 0x3C23
mem[X,0x0000000080002496] -> 0x2691
[977] [M]: 0x0000000080002494 (0x26913C23) sd x9, 0x278(x2)                         common_Mentry+0
mem[W,0x0000000080007278] <- 0x00000000000000FE

clint mtime 0x00000000000001E9 (mip.MTI <- 0b1, mip.STI <- 0b0)
mem[X,0x0000000080002498] -> 0x3823
mem[X,0x000000008000249A] -> 0x2681
[978] [M]: 0x0000000080002498 (0x26813823) sd x8, 0x270(x2)                         common_Mentry+4
mem[W,0x0000000080007270] <- 0x0000000000007F76

mem[X,0x000000008000249C] -> 0x3423
mem[X,0x000000008000249E] -> 0x2671
[979] [M]: 0x000000008000249C (0x26713423) sd x7, 0x268(x2)                         common_Mentry+8
mem[W,0x0000000080007268] <- 0x00000000003FBB6F

clint mtime 0x00000000000001EA (mip.MTI <- 0b1, mip.STI <- 0b0)
mem[X,0x00000000800024A0] -> 0x3023
mem[X,0x00000000800024A2] -> 0x2661
[980] [M]: 0x00000000800024A0 (0x26613023) sd x6, 0x260(x2)                         common_Mentry+12
mem[W,0x0000000080007260] <- 0x000000001FDDB7D5

mem[X,0x00000000800024A4] -> 0x2573
mem[X,0x00000000800024A6] -> 0x3420
[981] [M]: 0x00000000800024A4 (0x34202573) csrrs x10, mcause, x0                    spcl_M2mmode_test+0
CSR mcause (0x342) -> 0x0000000000000005
x10 <- 0x0000000000000005

clint mtime 0x00000000000001EB (mip.MTI <- 0b1, mip.STI <- 0b0)
mem[X,0x00000000800024A8] -> 0x04B7
mem[X,0x00000000800024AA] -> 0x8000
[982] [M]: 0x00000000800024A8 (0x800004B7) lui x9, -0x80000                         spcl_M2mmode_test+4
x9 <- 0xFFFFFFFF80000000

mem[X,0x00000000800024AC] -> 0x8493
mem[X,0x00000000800024AE] -> 0x0004
[983] [M]: 0x00000000800024AC (0x00048493) addi x9, x9, 0x0                         spcl_M2mmode_test+8
x9 <- 0xFFFFFFFF80000000

clint mtime 0x00000000000001EC (mip.MTI <- 0b1, mip.STI <- 0b0)
mem[X,0x00000000800024B0] -> 0x9493
mem[X,0x00000000800024B2] -> 0x00B4
[984] [M]: 0x00000000800024B0 (0x00B49493) slli x9, x9, 0xb                         spcl_M2mmode_test+12
x9 <- 0xFFFFFC0000000000

mem[X,0x00000000800024B4] -> 0x8493
mem[X,0x00000000800024B6] -> 0x0004
[985] [M]: 0x00000000800024B4 (0x00048493) addi x9, x9, 0x0                         spcl_M2mmode_test+16
x9 <- 0xFFFFFC0000000000

clint mtime 0x00000000000001ED (mip.MTI <- 0b1, mip.STI <- 0b0)
mem[X,0x00000000800024B8] -> 0x9493
mem[X,0x00000000800024BA] -> 0x00B4
[986] [M]: 0x00000000800024B8 (0x00B49493) slli x9, x9, 0xb                         spcl_M2mmode_test+20
x9 <- 0xFFE0000000000000

mem[X,0x00000000800024BC] -> 0x8493
mem[X,0x00000000800024BE] -> 0x0034
[987] [M]: 0x00000000800024BC (0x00348493) addi x9, x9, 0x3                         spcl_M2mmode_test+24
x9 <- 0xFFE0000000000003

clint mtime 0x00000000000001EE (mip.MTI <- 0b1, mip.STI <- 0b0)
mem[X,0x00000000800024C0] -> 0x9493
mem[X,0x00000000800024C2] -> 0x00A4
[988] [M]: 0x00000000800024C0 (0x00A49493) slli x9, x9, 0xa                         spcl_M2mmode_test+28
x9 <- 0x8000000000000C00

mem[X,0x00000000800024C4] -> 0x8493
mem[X,0x00000000800024C6] -> 0x3FC4
[989] [M]: 0x00000000800024C4 (0x3FC48493) addi x9, x9, 0x3fc                       spcl_M2mmode_test+32
x9 <- 0x8000000000000FFC

clint mtime 0x00000000000001EF (mip.MTI <- 0b1, mip.STI <- 0b0)
mem[X,0x00000000800024C8] -> 0xF4B3
mem[X,0x00000000800024CA] -> 0x00A4
[990] [M]: 0x00000000800024C8 (0x00A4F4B3) and x9, x9, x10                          spcl_M2mmode_test+36
x9 <- 0x0000000000000004

mem[X,0x00000000800024CC] -> 0x8493
mem[X,0x00000000800024CE] -> 0xFF84
[991] [M]: 0x00000000800024CC (0xFF848493) addi x9, x9, -0x8                        spcl_M2mmode_test+40
x9 <- 0xFFFFFFFFFFFFFFFC

clint mtime 0x00000000000001F0 (mip.MTI <- 0b1, mip.STI <- 0b0)
mem[X,0x00000000800024D0] -> 0x9663
mem[X,0x00000000800024D2] -> 0x0004
[992] [M]: 0x00000000800024D0 (0x00049663) bne x9, x0, 0xc                          spcl_M2mmode_test+44

mem[X,0x00000000800024DC] -> 0x0393
mem[X,0x00000000800024DE] -> 0x0200
[993] [M]: 0x00000000800024DC (0x02000393) addi x7, x0, 0x20                        Mtrapsig_ptr_upd+0
x7 <- 0x0000000000000020

clint mtime 0x00000000000001F1 (mip.MTI <- 0b1, mip.STI <- 0b0)
mem[X,0x00000000800024E0] -> 0x5263
mem[X,0x00000000800024E2] -> 0x0405
[994] [M]: 0x00000000800024E0 (0x04055263) bge x10, x0, 0x44                        Mtrapsig_ptr_upd+4

mem[X,0x0000000080002524] -> 0x2373
mem[X,0x0000000080002526] -> 0x3010
[995] [M]: 0x0000000080002524 (0x30102373) csrrs x6, misa, x0                       Mxcpt_sig_sv+0
CSR misa (0x301) -> 0x800000000034112F
x6 <- 0x800000000034112F

clint mtime 0x00000000000001F2 (mip.MTI <- 0b1, mip.STI <- 0b0)
mem[X,0x0000000080002528] -> 0x1313
mem[X,0x000000008000252A] -> 0x0383
[996] [M]: 0x0000000080002528 (0x03831313) slli x6, x6, 0x38                        Mxcpt_sig_sv+4
x6 <- 0x2F00000000000000

mem[X,0x000000008000252C] -> 0x5463
mem[X,0x000000008000252E] -> 0x0003
[997] [M]: 0x000000008000252C (0x00035463) bge x6, x0, 0x8                          Mxcpt_sig_sv+8

clint mtime 0x00000000000001F3 (mip.MTI <- 0b1, mip.STI <- 0b0)
mem[X,0x0000000080002534] -> 0x3303
mem[X,0x0000000080002536] -> 0x2181
[998] [M]: 0x0000000080002534 (0x21813303) ld x6, 0x218(x2)                         Mtrap_sig_sv+0
mem[R,0x0000000080007218] -> 0x0000000080008480
x6 <- 0x0000000080008480

mem[X,0x0000000080002538] -> 0x04B3
mem[X,0x000000008000253A] -> 0x0073
[999] [M]: 0x0000000080002538 (0x007304B3) add x9, x6, x7                           Mtrap_sig_sv+4
x9 <- 0x00000000800084A0

clint mtime 0x00000000000001F4 (mip.MTI <- 0b1, mip.STI <- 0b0)
mem[X,0x000000008000253C] -> 0x3C23
mem[X,0x000000008000253E] -> 0x2091
[1000] [M]: 0x000000008000253C (0x20913C23) sd x9, 0x218(x2)                        Mtrap_sig_sv+8
mem[W,0x0000000080007218] <- 0x00000000800084A0

mem[X,0x0000000080002540] -> 0x3403
mem[X,0x0000000080002542] -> 0x1F81
[1001] [M]: 0x0000000080002540 (0x1F813403) ld x8, 0x1f8(x2)                        Mtrap_sig_sv+12
mem[R,0x00000000800071F8] -> 0x0000000080008210
x8 <- 0x0000000080008210

clint mtime 0x00000000000001F5 (mip.MTI <- 0b1, mip.STI <- 0b0)
mem[X,0x0000000080002544] -> 0x0333
mem[X,0x0000000080002546] -> 0x4083
[1002] [M]: 0x0000000080002544 (0x40830333) sub x6, x6, x8                          Mtrap_sig_sv+16
x6 <- 0x0000000000000270

mem[X,0x0000000080002548] -> 0x3403
mem[X,0x000000008000254A] -> 0x1F81
[1003] [M]: 0x0000000080002548 (0x1F813403) ld x8, 0x1f8(x2)                        Mtrap_sig_sv+20
mem[R,0x00000000800071F8] -> 0x0000000080008210
x8 <- 0x0000000080008210

clint mtime 0x00000000000001F6 (mip.MTI <- 0b1, mip.STI <- 0b0)
mem[X,0x000000008000254C] -> 0x0333
mem[X,0x000000008000254E] -> 0x0083
[1004] [M]: 0x000000008000254C (0x00830333) add x6, x6, x8                          Mtrap_sig_sv+24
x6 <- 0x0000000080008480

mem[X,0x0000000080002550] -> 0x3403
mem[X,0x0000000080002552] -> 0x2401
[1005] [M]: 0x0000000080002550 (0x24013403) ld x8, 0x240(x2)                        Mtrap_sig_sv+28
mem[R,0x0000000080007240] -> 0x00000000800022C0
x8 <- 0x00000000800022C0

clint mtime 0x00000000000001F7 (mip.MTI <- 0b1, mip.STI <- 0b0)
mem[X,0x0000000080002554] -> 0x85B3
mem[X,0x0000000080002556] -> 0x4085
[1006] [M]: 0x0000000080002554 (0x408585B3) sub x11, x11, x8                        sv_Mvect+0
x11 <- 0x000000000000010C

mem[X,0x0000000080002558] -> 0x9593
mem[X,0x000000008000255A] -> 0x0045
[1007] [M]: 0x0000000080002558 (0x00459593) slli x11, x11, 0x4                      sv_Mvect+4
x11 <- 0x00000000000010C0

clint mtime 0x00000000000001F8 (mip.MTI <- 0b1, mip.STI <- 0b0)
mem[X,0x000000008000255C] -> 0xE5B3
mem[X,0x000000008000255E] -> 0x0075
[1008] [M]: 0x000000008000255C (0x0075E5B3) or x11, x11, x7                         sv_Mvect+8
x11 <- 0x00000000000010E0

mem[X,0x0000000080002560] -> 0x8593
mem[X,0x0000000080002562] -> 0x0035
[1009] [M]: 0x0000000080002560 (0x00358593) addi x11, x11, 0x3                      sv_Mvect+12
x11 <- 0x00000000000010E3

clint mtime 0x00000000000001F9 (mip.MTI <- 0b1, mip.STI <- 0b0)
mem[X,0x0000000080002564] -> 0x3023
mem[X,0x0000000080002566] -> 0x00B3
[1010] [M]: 0x0000000080002564 (0x00B33023) sd x11, 0x0(x6)                         sv_Mvect+16
mem[W,0x0000000080008480] <- 0x00000000000010E3

mem[X,0x0000000080002568] -> 0x3423
mem[X,0x000000008000256A] -> 0x00A3
[1011] [M]: 0x0000000080002568 (0x00A33423) sd x10, 0x8(x6)                         sv_Mcause+0
mem[W,0x0000000080008488] <- 0x0000000000000005

clint mtime 0x00000000000001FA (mip.MTI <- 0b1, mip.STI <- 0b0)
mem[X,0x000000008000256C] -> 0x4263
mem[X,0x000000008000256E] -> 0x1A05
[1012] [M]: 0x000000008000256C (0x1A054263) blt x10, x0, 0x1a4                      sv_Mcause+4

mem[X,0x0000000080002570] -> 0x25F3
mem[X,0x0000000080002572] -> 0x3000
[1013] [M]: 0x0000000080002570 (0x300025F3) csrrs x11, mstatus, x0                  common_Mexcpt_handler+0
CSR mstatus (0x300) -> 0x0000000A00001800
x11 <- 0x0000000A00001800

clint mtime 0x00000000000001FB (mip.MTI <- 0b1, mip.STI <- 0b0)
mem[X,0x0000000080002574] -> 0x9413
mem[X,0x0000000080002576] -> 0x02E5
[1014] [M]: 0x0000000080002574 (0x02E59413) slli x8, x11, 0x2e                      common_Mexcpt_handler+4
x8 <- 0x0600000000000000

mem[X,0x0000000080002578] -> 0x5463
mem[X,0x000000008000257A] -> 0x0004
[1015] [M]: 0x0000000080002578 (0x00045463) bge x8, x0, 0x8                         common_Mexcpt_handler+8

clint mtime 0x00000000000001FC (mip.MTI <- 0b1, mip.STI <- 0b0)
mem[X,0x0000000080002580] -> 0xD493
mem[X,0x0000000080002582] -> 0x00B5
[1016] [M]: 0x0000000080002580 (0x00B5D493) srli x9, x11, 0xb                       common_Mexcpt_handler+16
x9 <- 0x0000000001400003

mem[X,0x0000000080002584] -> 0xF493
mem[X,0x0000000080002586] -> 0x0034
[1017] [M]: 0x0000000080002584 (0x0034F493) andi x9, x9, 0x3                        common_Mexcpt_handler+20
x9 <- 0x0000000000000003

clint mtime 0x00000000000001FD (mip.MTI <- 0b1, mip.STI <- 0b0)
mem[X,0x0000000080002588] -> 0x8493
mem[X,0x000000008000258A] -> 0x0014
[1018] [M]: 0x0000000080002588 (0x00148493) addi x9, x9, 0x1                        common_Mexcpt_handler+24
x9 <- 0x0000000000000004

mem[X,0x000000008000258C] -> 0xF493
mem[X,0x000000008000258E] -> 0x0044
[1019] [M]: 0x000000008000258C (0x0044F493) andi x9, x9, 0x4                        common_Mexcpt_handler+28
x9 <- 0x0000000000000004

clint mtime 0x00000000000001FE (mip.MTI <- 0b1, mip.STI <- 0b0)
mem[X,0x0000000080002590] -> 0x0593
mem[X,0x0000000080002592] -> 0x05D0
[1020] [M]: 0x0000000080002590 (0x05D00593) addi x11, x0, 0x5d                      common_Mexcpt_handler+32
x11 <- 0x000000000000005D

mem[X,0x0000000080002594] -> 0xD5B3
mem[X,0x0000000080002596] -> 0x0095
[1021] [M]: 0x0000000080002594 (0x0095D5B3) srl x11, x11, x9                        common_Mexcpt_handler+36
x11 <- 0x0000000000000005

clint mtime 0x00000000000001FF (mip.MTI <- 0b1, mip.STI <- 0b0)
mem[X,0x0000000080002598] -> 0xF593
mem[X,0x000000008000259A] -> 0x0015
[1022] [M]: 0x0000000080002598 (0x0015F593) andi x11, x11, 0x1                      common_Mexcpt_handler+40
x11 <- 0x0000000000000001

mem[X,0x000000008000259C] -> 0x8EE3
mem[X,0x000000008000259E] -> 0xF405
[1023] [M]: 0x000000008000259C (0xF4058EE3) beq x11, x0, -0xa4                      common_Mexcpt_handler+44

clint mtime 0x0000000000000200 (mip.MTI <- 0b1, mip.STI <- 0b0)
mem[X,0x00000000800025A0] -> 0x0593
mem[X,0x00000000800025A2] -> 0x2980
[1024] [M]: 0x00000000800025A0 (0x29800593) addi x11, x0, 0x298                     common_Mexcpt_handler+48
x11 <- 0x0000000000000298

mem[X,0x00000000800025A4] -> 0xF413
mem[X,0x00000000800025A6] -> 0x0014
[1025] [M]: 0x00000000800025A4 (0x0014F413) andi x8, x9, 0x1                        common_Mexcpt_handler+52
x8 <- 0x0000000000000000

clint mtime 0x0000000000000201 (mip.MTI <- 0b1, mip.STI <- 0b0)
mem[X,0x00000000800025A8] -> 0x95B3
mem[X,0x00000000800025AA] -> 0x0085
[1026] [M]: 0x00000000800025A8 (0x008595B3) sll x11, x11, x8                        common_Mexcpt_handler+56
x11 <- 0x0000000000000298

mem[X,0x00000000800025AC] -> 0x9413
mem[X,0x00000000800025AE] -> 0x03D4
[1027] [M]: 0x00000000800025AC (0x03D49413) slli x8, x9, 0x3d                       common_Mexcpt_handler+60
x8 <- 0x8000000000000000

clint mtime 0x0000000000000202 (mip.MTI <- 0b1, mip.STI <- 0b0)
mem[X,0x00000000800025B0] -> 0x5413
mem[X,0x00000000800025B2] -> 0x43F4
[1028] [M]: 0x00000000800025B0 (0x43F45413) srai x8, x8, 0x3f                       common_Mexcpt_handler+64
x8 <- 0xFFFFFFFFFFFFFFFF

mem[X,0x00000000800025B4] -> 0x4413
mem[X,0x00000000800025B6] -> 0xFFF4
[1029] [M]: 0x00000000800025B4 (0xFFF44413) xori x8, x8, -0x1                       common_Mexcpt_handler+68
x8 <- 0x0000000000000000

clint mtime 0x0000000000000203 (mip.MTI <- 0b1, mip.STI <- 0b0)
mem[X,0x00000000800025B8] -> 0xF4B3
mem[X,0x00000000800025BA] -> 0x0085
[1030] [M]: 0x00000000800025B8 (0x0085F4B3) and x9, x11, x8                         common_Mexcpt_handler+72
x9 <- 0x0000000000000000

mem[X,0x00000000800025BC] -> 0x84B3
mem[X,0x00000000800025BE] -> 0x0024
[1031] [M]: 0x00000000800025BC (0x002484B3) add x9, x9, x2                          vmem_adj_Mepc+0
x9 <- 0x0000000080007000

clint mtime 0x0000000000000204 (mip.MTI <- 0b1, mip.STI <- 0b0)
mem[X,0x00000000800025C0] -> 0x23F3
mem[X,0x00000000800025C2] -> 0x3410
[1032] [M]: 0x00000000800025C0 (0x341023F3) csrrs x7, mepc, x0                      vmem_adj_Mepc+4
CSR mepc (0x341) -> 0x0000000080000A20
x7 <- 0x0000000080000A20

mem[X,0x00000000800025C4] -> 0x0413
mem[X,0x00000000800025C6] -> 0x0004
[1033] [M]: 0x00000000800025C4 (0x00040413) addi x8, x8, 0x0                        vmem_adj_Mepc+8
x8 <- 0x0000000000000000

clint mtime 0x0000000000000205 (mip.MTI <- 0b1, mip.STI <- 0b0)
mem[X,0x00000000800025C8] -> 0x006F
mem[X,0x00000000800025CA] -> 0x0400
[1034] [M]: 0x00000000800025C8 (0x0400006F) jal x0, 0x40                            vmem_adj_Mepc+12

mem[X,0x0000000080002608] -> 0x8433
mem[X,0x000000008000260A] -> 0x4083
[1035] [M]: 0x0000000080002608 (0x40838433) sub x8, x7, x8                          adj_Mepc+0
x8 <- 0x0000000080000A20

clint mtime 0x0000000000000206 (mip.MTI <- 0b1, mip.STI <- 0b0)
mem[X,0x000000008000260C] -> 0x3823
mem[X,0x000000008000260E] -> 0x0083
[1036] [M]: 0x000000008000260C (0x00833823) sd x8, 0x10(x6)                         sv_Mepc+0
mem[W,0x0000000080008490] <- 0x0000000080000A20

mem[X,0x0000000080002610] -> 0x55B7
mem[X,0x0000000080002612] -> 0x0000
[1037] [M]: 0x0000000080002610 (0x000055B7) lui x11, 0x5                            sv_Mepc+4
x11 <- 0x0000000000005000

clint mtime 0x0000000000000207 (mip.MTI <- 0b1, mip.STI <- 0b0)
mem[X,0x0000000080002614] -> 0x8593
mem[X,0x0000000080002616] -> 0x6675
[1038] [M]: 0x0000000080002614 (0x66758593) addi x11, x11, 0x667                    sv_Mepc+8
x11 <- 0x0000000000005667

mem[X,0x0000000080002618] -> 0x9593
mem[X,0x000000008000261A] -> 0x0015
[1039] [M]: 0x0000000080002618 (0x00159593) slli x11, x11, 0x1                      sv_Mepc+12
x11 <- 0x000000000000ACCE

clint mtime 0x0000000000000208 (mip.MTI <- 0b1, mip.STI <- 0b0)
mem[X,0x000000008000261C] -> 0x9063
mem[X,0x000000008000261E] -> 0x02B1
[1040] [M]: 0x000000008000261C (0x02B19063) bne x3, x11, 0x20                       sv_Mepc+16

mem[X,0x000000008000263C] -> 0xF593
mem[X,0x000000008000263E] -> 0xFFC3
[1041] [M]: 0x000000008000263C (0xFFC3F593) andi x11, x7, -0x4                      adj_Mepc_rtn+0
x11 <- 0x0000000080000A20

clint mtime 0x0000000000000209 (mip.MTI <- 0b1, mip.STI <- 0b0)
mem[X,0x0000000080002640] -> 0x8593
mem[X,0x0000000080002642] -> 0x0085
[1042] [M]: 0x0000000080002640 (0x00858593) addi x11, x11, 0x8                      adj_Mepc_rtn+4
x11 <- 0x0000000080000A28

mem[X,0x0000000080002644] -> 0x9073
mem[X,0x0000000080002646] -> 0x3415
[1043] [M]: 0x0000000080002644 (0x34159073) csrrw x0, mepc, x11                     adj_Mepc_rtn+8
CSR mepc (0x341) <- 0x0000000080000A28

clint mtime 0x000000000000020A (mip.MTI <- 0b1, mip.STI <- 0b0)
mem[X,0x0000000080002648] -> 0x23F3
mem[X,0x000000008000264A] -> 0x3430
[1044] [M]: 0x0000000080002648 (0x343023F3) csrrs x7, mtval, x0                     skp_adj_Mepc+0
CSR mtval (0x343) -> 0x000000008000203C
x7 <- 0x000000008000203C

mem[X,0x000000008000264C] -> 0x7513
mem[X,0x000000008000264E] -> 0x00F5
[1045] [M]: 0x000000008000264C (0x00F57513) andi x10, x10, 0xf                      chk_Mtval+0
x10 <- 0x0000000000000005

clint mtime 0x000000000000020B (mip.MTI <- 0b1, mip.STI <- 0b0)
mem[X,0x0000000080002650] -> 0x0437
mem[X,0x0000000080002652] -> 0x0000
[1046] [M]: 0x0000000080002650 (0x00000437) lui x8, 0x0                             chk_Mtval+4
x8 <- 0x0000000000000000

mem[X,0x0000000080002654] -> 0x0413
mem[X,0x0000000080002656] -> 0x0004
[1047] [M]: 0x0000000080002654 (0x00040413) addi x8, x8, 0x0                        chk_Mtval+8
x8 <- 0x0000000000000000

clint mtime 0x000000000000020C (mip.MTI <- 0b1, mip.STI <- 0b0)
mem[X,0x0000000080002658] -> 0x1413
mem[X,0x000000008000265A] -> 0x00B4
[1048] [M]: 0x0000000080002658 (0x00B41413) slli x8, x8, 0xb                        chk_Mtval+12
x8 <- 0x0000000000000000

mem[X,0x000000008000265C] -> 0x0413
mem[X,0x000000008000265E] -> 0x0004
[1049] [M]: 0x000000008000265C (0x00040413) addi x8, x8, 0x0                        chk_Mtval+16
x8 <- 0x0000000000000000

clint mtime 0x000000000000020D (mip.MTI <- 0b1, mip.STI <- 0b0)
mem[X,0x0000000080002660] -> 0x1413
mem[X,0x0000000080002662] -> 0x00B4
[1050] [M]: 0x0000000080002660 (0x00B41413) slli x8, x8, 0xb                        chk_Mtval+20
x8 <- 0x0000000000000000

mem[X,0x0000000080002664] -> 0x0413
mem[X,0x0000000080002666] -> 0x02C4
[1051] [M]: 0x0000000080002664 (0x02C40413) addi x8, x8, 0x2c                       chk_Mtval+24
x8 <- 0x000000000000002C

clint mtime 0x000000000000020E (mip.MTI <- 0b1, mip.STI <- 0b0)
mem[X,0x0000000080002668] -> 0x1413
mem[X,0x000000008000266A] -> 0x00A4
[1052] [M]: 0x0000000080002668 (0x00A41413) slli x8, x8, 0xa                        chk_Mtval+28
x8 <- 0x000000000000B000

mem[X,0x000000008000266C] -> 0x0413
mem[X,0x000000008000266E] -> 0x0FB4
[1053] [M]: 0x000000008000266C (0x0FB40413) addi x8, x8, 0xfb                       chk_Mtval+32
x8 <- 0x000000000000B0FB

clint mtime 0x000000000000020F (mip.MTI <- 0b1, mip.STI <- 0b0)
mem[X,0x0000000080002670] -> 0x5433
mem[X,0x0000000080002672] -> 0x00A4
[1054] [M]: 0x0000000080002670 (0x00A45433) srl x8, x8, x10                         chk_Mtval+36
x8 <- 0x0000000000000587

mem[X,0x0000000080002674] -> 0x1413
mem[X,0x0000000080002676] -> 0x03F4
[1055] [M]: 0x0000000080002674 (0x03F41413) slli x8, x8, 0x3f                       chk_Mtval+40
x8 <- 0x8000000000000000

clint mtime 0x0000000000000210 (mip.MTI <- 0b1, mip.STI <- 0b0)
mem[X,0x0000000080002678] -> 0x5C63
mem[X,0x000000008000267A] -> 0x0404
[1056] [M]: 0x0000000080002678 (0x04045C63) bge x8, x0, 0x58                        chk_Mtval+44

mem[X,0x000000008000267C] -> 0xB403
mem[X,0x000000008000267E] -> 0x2084
[1057] [M]: 0x000000008000267C (0x2084B403) ld x8, 0x208(x9)                        vmem_adj_Mtval+0
mem[R,0x0000000080007208] -> 0x00000000800003B4
x8 <- 0x00000000800003B4

clint mtime 0x0000000000000211 (mip.MTI <- 0b1, mip.STI <- 0b0)
mem[X,0x0000000080002680] -> 0xB583
mem[X,0x0000000080002682] -> 0x2104
[1058] [M]: 0x0000000080002680 (0x2104B583) ld x11, 0x210(x9)                       vmem_adj_Mtval+4
mem[R,0x0000000080007210] -> 0x0000000000001E38
x11 <- 0x0000000000001E38

mem[X,0x0000000080002684] -> 0x85B3
mem[X,0x0000000080002686] -> 0x0085
[1059] [M]: 0x0000000080002684 (0x008585B3) add x11, x11, x8                        vmem_adj_Mtval+8
x11 <- 0x00000000800021EC

clint mtime 0x0000000000000212 (mip.MTI <- 0b1, mip.STI <- 0b0)
mem[X,0x0000000080002688] -> 0xF463
mem[X,0x000000008000268A] -> 0x00B3
[1060] [M]: 0x0000000080002688 (0x00B3F463) bgeu x7, x11, 0x8                       vmem_adj_Mtval+12

mem[X,0x000000008000268C] -> 0xF063
mem[X,0x000000008000268E] -> 0x0483
[1061] [M]: 0x000000008000268C (0x0483F063) bgeu x7, x8, 0x40                       vmem_adj_Mtval+16

clint mtime 0x0000000000000213 (mip.MTI <- 0b1, mip.STI <- 0b0)
mem[X,0x00000000800026CC] -> 0x8433
mem[X,0x00000000800026CE] -> 0x4083
[1062] [M]: 0x00000000800026CC (0x40838433) sub x8, x7, x8                          adj_Mtval+0
x8 <- 0x0000000000001C88

mem[X,0x00000000800026D0] -> 0x3C23
mem[X,0x00000000800026D2] -> 0x0083
[1063] [M]: 0x00000000800026D0 (0x00833C23) sd x8, 0x18(x6)                         sv_Mtval+0
mem[W,0x0000000080008498] <- 0x0000000000001C88

clint mtime 0x0000000000000214 (mip.MTI <- 0b1, mip.STI <- 0b0)
mem[X,0x00000000800026D4] -> 0x3483
mem[X,0x00000000800026D6] -> 0x2181
[1064] [M]: 0x00000000800026D4 (0x21813483) ld x9, 0x218(x2)                        skp_Mtval+0
mem[R,0x0000000080007218] -> 0x00000000800084A0
x9 <- 0x00000000800084A0

mem[X,0x00000000800026D8] -> 0x3383
mem[X,0x00000000800026DA] -> 0x1F81
[1065] [M]: 0x00000000800026D8 (0x1F813383) ld x7, 0x1f8(x2)                        skp_Mtval+4
mem[R,0x00000000800071F8] -> 0x0000000080008210
x7 <- 0x0000000080008210

clint mtime 0x0000000000000215 (mip.MTI <- 0b1, mip.STI <- 0b0)
mem[X,0x00000000800026DC] -> 0x3303
mem[X,0x00000000800026DE] -> 0x2001
[1066] [M]: 0x00000000800026DC (0x20013303) ld x6, 0x200(x2)                        skp_Mtval+8
mem[R,0x0000000080007200] -> 0x0000000000000A20
x6 <- 0x0000000000000A20

mem[X,0x00000000800026E0] -> 0x0333
mem[X,0x00000000800026E2] -> 0x0073
[1067] [M]: 0x00000000800026E0 (0x00730333) add x6, x6, x7                          skp_Mtval+12
x6 <- 0x0000000080008C30

clint mtime 0x0000000000000216 (mip.MTI <- 0b1, mip.STI <- 0b0)
mem[X,0x00000000800026E4] -> 0x68E3
mem[X,0x00000000800026E6] -> 0xB093
[1068] [M]: 0x00000000800026E4 (0xB09368E3) bltu x6, x9, -0x4f0                     skp_Mtval+16

mem[X,0x00000000800026E8] -> 0x0393
mem[X,0x00000000800026EA] -> 0x2000
[1069] [M]: 0x00000000800026E8 (0x20000393) addi x7, x0, 0x200                      skp_Mtval+20
x7 <- 0x0000000000000200

clint mtime 0x0000000000000217 (mip.MTI <- 0b1, mip.STI <- 0b0)
mem[X,0x00000000800026EC] -> 0x006F
mem[X,0x00000000800026EE] -> 0x0400
[1070] [M]: 0x00000000800026EC (0x0400006F) jal x0, 0x40                            skp_Mtval+24

mem[X,0x000000008000272C] -> 0x0417
mem[X,0x000000008000272E] -> 0x0000
[1071] [M]: 0x000000008000272C (0x00000417) auipc x8, 0x0                           spcl_Mhandler+0
x8 <- 0x000000008000272C

clint mtime 0x0000000000000218 (mip.MTI <- 0b1, mip.STI <- 0b0)
mem[X,0x0000000080002730] -> 0x0413
mem[X,0x0000000080002732] -> 0x03C4
[1072] [M]: 0x0000000080002730 (0x03C40413) addi x8, x8, 0x3c                       spcl_Mhandler+4
x8 <- 0x0000000080002768

mem[X,0x0000000080002734] -> 0x0433
mem[X,0x0000000080002736] -> 0x0074
[1073] [M]: 0x0000000080002734 (0x00740433) add x8, x8, x7                          spcl_Mhandler+8
x8 <- 0x0000000080002968

clint mtime 0x0000000000000219 (mip.MTI <- 0b1, mip.STI <- 0b0)
mem[X,0x0000000080002738] -> 0x1393
mem[X,0x000000008000273A] -> 0x0035
[1074] [M]: 0x0000000080002738 (0x00351393) slli x7, x10, 0x3                       spcl_Mhandler+12
x7 <- 0x0000000000000028

mem[X,0x000000008000273C] -> 0x0433
mem[X,0x000000008000273E] -> 0x0074
[1075] [M]: 0x000000008000273C (0x00740433) add x8, x8, x7                          spcl_Mhandler+16
x8 <- 0x0000000080002990

clint mtime 0x000000000000021A (mip.MTI <- 0b1, mip.STI <- 0b0)
mem[X,0x0000000080002740] -> 0x7413
mem[X,0x0000000080002742] -> 0xFF84
[1076] [M]: 0x0000000080002740 (0xFF847413) andi x8, x8, -0x8                       spcl_Mhandler+20
x8 <- 0x0000000080002990

mem[X,0x0000000080002744] -> 0x3403
mem[X,0x0000000080002746] -> 0x0004
[1077] [M]: 0x0000000080002744 (0x00043403) ld x8, 0x0(x8)                          spcl_Mhandler+24
mem[R,0x0000000080002990] -> 0x000000000000000B
x8 <- 0x000000000000000B

clint mtime 0x000000000000021B (mip.MTI <- 0b1, mip.STI <- 0b0)
mem[X,0x0000000080002748] -> 0x00E3
mem[X,0x000000008000274A] -> 0xB404
[1078] [M]: 0x0000000080002748 (0xB40400E3) beq x8, x0, -0x4c0                      spcl_Mdispatch_hndling+0

mem[X,0x000000008000274C] -> 0x1393
mem[X,0x000000008000274E] -> 0x03F4
[1079] [M]: 0x000000008000274C (0x03F41393) slli x7, x8, 0x3f                       spcl_Mdispatch_hndling+4
x7 <- 0x8000000000000000

clint mtime 0x000000000000021C (mip.MTI <- 0b1, mip.STI <- 0b0)
mem[X,0x0000000080002750] -> 0xD863
mem[X,0x0000000080002752] -> 0x0003
[1080] [M]: 0x0000000080002750 (0x0003D863) bge x7, x0, 0x10                        spcl_Mdispatch_hndling+8

mem[X,0x0000000080002754] -> 0x5413
mem[X,0x0000000080002756] -> 0x0014
[1081] [M]: 0x0000000080002754 (0x00145413) srli x8, x8, 0x1                        spcl_Mdispatch_hndling+12
x8 <- 0x0000000000000005

clint mtime 0x000000000000021D (mip.MTI <- 0b1, mip.STI <- 0b0)
mem[X,0x0000000080002758] -> 0x0CE3
mem[X,0x000000008000275A] -> 0xF885
[1082] [M]: 0x0000000080002758 (0xF8850CE3) beq x10, x8, -0x68                      spcl_Mdispatch_hndling+16

mem[X,0x00000000800026F0] -> 0x3303
mem[X,0x00000000800026F2] -> 0x2601
[1083] [M]: 0x00000000800026F0 (0x26013303) ld x6, 0x260(x2)                        resto_Mrtn+0
mem[R,0x0000000080007260] -> 0x000000001FDDB7D5
x6 <- 0x000000001FDDB7D5

clint mtime 0x000000000000021E (mip.MTI <- 0b1, mip.STI <- 0b0)
mem[X,0x00000000800026F4] -> 0x3383
mem[X,0x00000000800026F6] -> 0x2681
[1084] [M]: 0x00000000800026F4 (0x26813383) ld x7, 0x268(x2)                        resto_Mrtn+4
mem[R,0x0000000080007268] -> 0x00000000003FBB6F
x7 <- 0x00000000003FBB6F

mem[X,0x00000000800026F8] -> 0x3403
mem[X,0x00000000800026FA] -> 0x2701
[1085] [M]: 0x00000000800026F8 (0x27013403) ld x8, 0x270(x2)                        resto_Mrtn+8
mem[R,0x0000000080007270] -> 0x0000000000007F76
x8 <- 0x0000000000007F76

clint mtime 0x000000000000021F (mip.MTI <- 0b1, mip.STI <- 0b0)
mem[X,0x00000000800026FC] -> 0x3483
mem[X,0x00000000800026FE] -> 0x2781
[1086] [M]: 0x00000000800026FC (0x27813483) ld x9, 0x278(x2)                        resto_Mrtn+12
mem[R,0x0000000080007278] -> 0x00000000000000FE
x9 <- 0x00000000000000FE

mem[X,0x0000000080002700] -> 0x3503
mem[X,0x0000000080002702] -> 0x2801
[1087] [M]: 0x0000000080002700 (0x28013503) ld x10, 0x280(x2)                       resto_Mrtn+16
mem[R,0x0000000080007280] -> 0x0000000000000001
x10 <- 0x0000000000000001

clint mtime 0x0000000000000220 (mip.MTI <- 0b1, mip.STI <- 0b0)
mem[X,0x0000000080002704] -> 0x3583
mem[X,0x0000000080002706] -> 0x2881
[1088] [M]: 0x0000000080002704 (0x28813583) ld x11, 0x288(x2)                       resto_Mrtn+20
mem[R,0x0000000080007288] -> 0x0000000000000000
x11 <- 0x0000000000000000

mem[X,0x0000000080002708] -> 0x3103
mem[X,0x000000008000270A] -> 0x2901
[1089] [M]: 0x0000000080002708 (0x29013103) ld x2, 0x290(x2)                        resto_Mrtn+24
mem[R,0x0000000080007290] -> 0x01FDDB7D5BFDDB7F
x2 <- 0x01FDDB7D5BFDDB7F

clint mtime 0x0000000000000221 (mip.MTI <- 0b1, mip.STI <- 0b0)
mem[X,0x000000008000270C] -> 0x0073
mem[X,0x000000008000270E] -> 0x3020
[1090] [M]: 0x000000008000270C (0x30200073) mret                                    resto_Mrtn+28
CSR mstatus (0x300) <- 0x0000000A00000080
ret-ing from M to M

mem[X,0x0000000080000A28] -> 0x0013
mem[X,0x0000000080000A2A] -> 0x0000
[1091] [M]: 0x0000000080000A28 (0x00000013) addi x0, x0, 0x0                        main+1608

clint mtime 0x0000000000000222 (mip.MTI <- 0b1, mip.STI <- 0b0)
mem[X,0x0000000080000A2C] -> 0xB823
mem[X,0x0000000080000A2E] -> 0x02E6
[1092] [M]: 0x0000000080000A2C (0x02E6B823) sd x14, 0x30(x13)                       main+1612
mem[W,0x0000000080008248] <- 0x0000000000000013

mem[X,0x0000000080000A30] -> 0x0013
mem[X,0x0000000080000A32] -> 0x0000
[1093] [M]: 0x0000000080000A30 (0x00000013) addi x0, x0, 0x0                        main+1616

clint mtime 0x0000000000000223 (mip.MTI <- 0b1, mip.STI <- 0b0)
mem[X,0x0000000080000A34] -> 0x0013
mem[X,0x0000000080000A36] -> 0x0000
[1094] [M]: 0x0000000080000A34 (0x00000013) addi x0, x0, 0x0                        main+1620

mem[X,0x0000000080000A38] -> 0x0013
mem[X,0x0000000080000A3A] -> 0x0000
[1095] [M]: 0x0000000080000A38 (0x00000013) addi x0, x0, 0x0                        main+1624

clint mtime 0x0000000000000224 (mip.MTI <- 0b1, mip.STI <- 0b0)
mem[X,0x0000000080000A3C] -> 0x0013
mem[X,0x0000000080000A3E] -> 0x0000
[1096] [M]: 0x0000000080000A3C (0x00000013) addi x0, x0, 0x0                        main+1628

mem[X,0x0000000080000A40] -> 0x1797
mem[X,0x0000000080000A42] -> 0x0000
[1097] [M]: 0x0000000080000A40 (0x00001797) auipc x15, 0x1                          main+1632
x15 <- 0x0000000080001A40

clint mtime 0x0000000000000225 (mip.MTI <- 0b1, mip.STI <- 0b0)
mem[X,0x0000000080000A44] -> 0x8793
mem[X,0x0000000080000A46] -> 0x6147
[1098] [M]: 0x0000000080000A44 (0x61478793) addi x15, x15, 0x614                    main+1636
x15 <- 0x0000000080002054

mem[X,0x0000000080000A48] -> 0x0001
[1099] [M]: 0x0000000080000A48 (0x0001) c.nop                                       main+1640

clint mtime 0x0000000000000226 (mip.MTI <- 0b1, mip.STI <- 0b0)
mem[X,0x0000000080000A4A] -> 0x0013
mem[X,0x0000000080000A4C] -> 0x0000
[1100] [M]: 0x0000000080000A4A (0x00000013) addi x0, x0, 0x0                        main+1642

mem[X,0x0000000080000A4E] -> 0x0013
mem[X,0x0000000080000A50] -> 0x0000
[1101] [M]: 0x0000000080000A4E (0x00000013) addi x0, x0, 0x0                        main+1646

clint mtime 0x0000000000000227 (mip.MTI <- 0b1, mip.STI <- 0b0)
mem[X,0x0000000080000A52] -> 0x0013
mem[X,0x0000000080000A54] -> 0x0000
[1102] [M]: 0x0000000080000A52 (0x00000013) addi x0, x0, 0x0                        main+1650

mem[X,0x0000000080000A56] -> 0x0013
mem[X,0x0000000080000A58] -> 0x0000
[1103] [M]: 0x0000000080000A56 (0x00000013) addi x0, x0, 0x0                        main+1654

clint mtime 0x0000000000000228 (mip.MTI <- 0b1, mip.STI <- 0b0)
mem[X,0x0000000080000A5A] -> 0x0013
mem[X,0x0000000080000A5C] -> 0x0000
[1104] [M]: 0x0000000080000A5A (0x00000013) addi x0, x0, 0x0                        main+1658

mem[X,0x0000000080000A5E] -> 0x0001
[1105] [M]: 0x0000000080000A5E (0x0001) c.nop                                       main+1662

clint mtime 0x0000000000000229 (mip.MTI <- 0b1, mip.STI <- 0b0)
mem[X,0x0000000080000A60] -> 0xA703
mem[X,0x0000000080000A62] -> 0x0007
[1106] [M]: 0x0000000080000A60 (0x0007A703) lw x14, 0x0(x15)                        main+1664
mem[R,0x0000000080002054] -> 0x00000013
x14 <- 0x0000000000000013

mem[X,0x0000000080000A64] -> 0x0013
mem[X,0x0000000080000A66] -> 0x0000
[1107] [M]: 0x0000000080000A64 (0x00000013) addi x0, x0, 0x0                        main+1668

clint mtime 0x000000000000022A (mip.MTI <- 0b1, mip.STI <- 0b0)
mem[X,0x0000000080000A68] -> 0x0013
mem[X,0x0000000080000A6A] -> 0x0000
[1108] [M]: 0x0000000080000A68 (0x00000013) addi x0, x0, 0x0                        main+1672

mem[X,0x0000000080000A6C] -> 0xBC23
mem[X,0x0000000080000A6E] -> 0x02E6
[1109] [M]: 0x0000000080000A6C (0x02E6BC23) sd x14, 0x38(x13)                       main+1676
mem[W,0x0000000080008250] <- 0x0000000000000013

clint mtime 0x000000000000022B (mip.MTI <- 0b1, mip.STI <- 0b0)
mem[X,0x0000000080000A70] -> 0x0013
mem[X,0x0000000080000A72] -> 0x0000
[1110] [M]: 0x0000000080000A70 (0x00000013) addi x0, x0, 0x0                        main+1680

mem[X,0x0000000080000A74] -> 0x0013
mem[X,0x0000000080000A76] -> 0x0000
[1111] [M]: 0x0000000080000A74 (0x00000013) addi x0, x0, 0x0                        main+1684

clint mtime 0x000000000000022C (mip.MTI <- 0b1, mip.STI <- 0b0)
mem[X,0x0000000080000A78] -> 0x0013
mem[X,0x0000000080000A7A] -> 0x0000
[1112] [M]: 0x0000000080000A78 (0x00000013) addi x0, x0, 0x0                        main+1688

mem[X,0x0000000080000A7C] -> 0x0013
mem[X,0x0000000080000A7E] -> 0x0000
[1113] [M]: 0x0000000080000A7C (0x00000013) addi x0, x0, 0x0                        main+1692

clint mtime 0x000000000000022D (mip.MTI <- 0b1, mip.STI <- 0b0)
mem[X,0x0000000080000A80] -> 0x1797
mem[X,0x0000000080000A82] -> 0x0000
[1114] [M]: 0x0000000080000A80 (0x00001797) auipc x15, 0x1                          main+1696
x15 <- 0x0000000080001A80

mem[X,0x0000000080000A84] -> 0x8793
mem[X,0x0000000080000A86] -> 0x5F07
[1115] [M]: 0x0000000080000A84 (0x5F078793) addi x15, x15, 0x5f0                    main+1700
x15 <- 0x0000000080002070

clint mtime 0x000000000000022E (mip.MTI <- 0b1, mip.STI <- 0b0)
mem[X,0x0000000080000A88] -> 0x0001
[1116] [M]: 0x0000000080000A88 (0x0001) c.nop                                       main+1704

mem[X,0x0000000080000A8A] -> 0x0013
mem[X,0x0000000080000A8C] -> 0x0000
[1117] [M]: 0x0000000080000A8A (0x00000013) addi x0, x0, 0x0                        main+1706

clint mtime 0x000000000000022F (mip.MTI <- 0b1, mip.STI <- 0b0)
mem[X,0x0000000080000A8E] -> 0x0013
mem[X,0x0000000080000A90] -> 0x0000
[1118] [M]: 0x0000000080000A8E (0x00000013) addi x0, x0, 0x0                        main+1710

mem[X,0x0000000080000A92] -> 0x0013
mem[X,0x0000000080000A94] -> 0x0000
[1119] [M]: 0x0000000080000A92 (0x00000013) addi x0, x0, 0x0                        main+1714

clint mtime 0x0000000000000230 (mip.MTI <- 0b1, mip.STI <- 0b0)
mem[X,0x0000000080000A96] -> 0x0013
mem[X,0x0000000080000A98] -> 0x0000
[1120] [M]: 0x0000000080000A96 (0x00000013) addi x0, x0, 0x0                        main+1718

mem[X,0x0000000080000A9A] -> 0x0013
mem[X,0x0000000080000A9C] -> 0x0000
[1121] [M]: 0x0000000080000A9A (0x00000013) addi x0, x0, 0x0                        main+1722

clint mtime 0x0000000000000231 (mip.MTI <- 0b1, mip.STI <- 0b0)
mem[X,0x0000000080000A9E] -> 0x0001
[1122] [M]: 0x0000000080000A9E (0x0001) c.nop                                       main+1726

mem[X,0x0000000080000AA0] -> 0xA703
mem[X,0x0000000080000AA2] -> 0x0007
[1123] [M]: 0x0000000080000AA0 (0x0007A703) lw x14, 0x0(x15)                        main+1728
trapping from M to M to handle load-access-fault
handling exc#load-access-fault at priv M with tval 0x0000000080002070
CSR mstatus (0x300) <- 0x0000000A00001800
CSR mcause (0x342) <- 0x0000000000000005
CSR mtval (0x343) <- 0x0000000080002070
CSR mepc (0x341) <- 0x0000000080000AA0

clint mtime 0x0000000000000232 (mip.MTI <- 0b1, mip.STI <- 0b0)
mem[X,0x00000000800022C0] -> 0x006F
mem[X,0x00000000800022C2] -> 0x1000
[1124] [M]: 0x00000000800022C0 (0x1000006F) jal x0, 0x100                           Mtrampoline+0

mem[X,0x00000000800023C0] -> 0x1173
mem[X,0x00000000800023C2] -> 0x3401
[1125] [M]: 0x00000000800023C0 (0x34011173) csrrw x2, mscratch, x2                  trap_Mhandler+0
CSR mscratch (0x340) <- 0x01FDDB7D5BFDDB7F
x2 <- 0x0000000080007000

clint mtime 0x0000000000000233 (mip.MTI <- 0b1, mip.STI <- 0b0)
mem[X,0x00000000800023C4] -> 0x3423
mem[X,0x00000000800023C6] -> 0x28B1
[1126] [M]: 0x00000000800023C4 (0x28B13423) sd x11, 0x288(x2)                       trap_Mhandler+4
mem[W,0x0000000080007288] <- 0x0000000000000000

mem[X,0x00000000800023C8] -> 0x05EF
mem[X,0x00000000800023CA] -> 0x0B80
[1127] [M]: 0x00000000800023C8 (0x0B8005EF) jal x11, 0xb8                           trap_Mhandler+8
x11 <- 0x00000000800023CC

clint mtime 0x0000000000000234 (mip.MTI <- 0b1, mip.STI <- 0b0)
mem[X,0x0000000080002480] -> 0x3023
mem[X,0x0000000080002482] -> 0x28A1
[1128] [M]: 0x0000000080002480 (0x28A13023) sd x10, 0x280(x2)                       common_Mhandler+0
mem[W,0x0000000080007280] <- 0x0000000000000001

mem[X,0x0000000080002484] -> 0x1573
mem[X,0x0000000080002486] -> 0x3401
[1129] [M]: 0x0000000080002484 (0x34011573) csrrw x10, mscratch, x2                 common_Mhandler+4
CSR mscratch (0x340) <- 0x0000000080007000
x10 <- 0x01FDDB7D5BFDDB7F

clint mtime 0x0000000000000235 (mip.MTI <- 0b1, mip.STI <- 0b0)
mem[X,0x0000000080002488] -> 0x3823
mem[X,0x000000008000248A] -> 0x28A1
[1130] [M]: 0x0000000080002488 (0x28A13823) sd x10, 0x290(x2)                       common_Mhandler+8
mem[W,0x0000000080007290] <- 0x01FDDB7D5BFDDB7F

mem[X,0x000000008000248C] -> 0x3503
mem[X,0x000000008000248E] -> 0x2301
[1131] [M]: 0x000000008000248C (0x23013503) ld x10, 0x230(x2)                       common_Mhandler+12
mem[R,0x0000000080007230] -> 0x0000000080002494
x10 <- 0x0000000080002494

clint mtime 0x0000000000000236 (mip.MTI <- 0b1, mip.STI <- 0b0)
mem[X,0x0000000080002490] -> 0x0067
mem[X,0x0000000080002492] -> 0x0005
[1132] [M]: 0x0000000080002490 (0x00050067) jalr x0, 0x0(x10)                       common_Mhandler+16

mem[X,0x0000000080002494] -> 0x3C23
mem[X,0x0000000080002496] -> 0x2691
[1133] [M]: 0x0000000080002494 (0x26913C23) sd x9, 0x278(x2)                        common_Mentry+0
mem[W,0x0000000080007278] <- 0x00000000000000FE

clint mtime 0x0000000000000237 (mip.MTI <- 0b1, mip.STI <- 0b0)
mem[X,0x0000000080002498] -> 0x3823
mem[X,0x000000008000249A] -> 0x2681
[1134] [M]: 0x0000000080002498 (0x26813823) sd x8, 0x270(x2)                        common_Mentry+4
mem[W,0x0000000080007270] <- 0x0000000000007F76

mem[X,0x000000008000249C] -> 0x3423
mem[X,0x000000008000249E] -> 0x2671
[1135] [M]: 0x000000008000249C (0x26713423) sd x7, 0x268(x2)                        common_Mentry+8
mem[W,0x0000000080007268] <- 0x00000000003FBB6F

clint mtime 0x0000000000000238 (mip.MTI <- 0b1, mip.STI <- 0b0)
mem[X,0x00000000800024A0] -> 0x3023
mem[X,0x00000000800024A2] -> 0x2661
[1136] [M]: 0x00000000800024A0 (0x26613023) sd x6, 0x260(x2)                        common_Mentry+12
mem[W,0x0000000080007260] <- 0x000000001FDDB7D5

mem[X,0x00000000800024A4] -> 0x2573
mem[X,0x00000000800024A6] -> 0x3420
[1137] [M]: 0x00000000800024A4 (0x34202573) csrrs x10, mcause, x0                   spcl_M2mmode_test+0
CSR mcause (0x342) -> 0x0000000000000005
x10 <- 0x0000000000000005

clint mtime 0x0000000000000239 (mip.MTI <- 0b1, mip.STI <- 0b0)
mem[X,0x00000000800024A8] -> 0x04B7
mem[X,0x00000000800024AA] -> 0x8000
[1138] [M]: 0x00000000800024A8 (0x800004B7) lui x9, -0x80000                        spcl_M2mmode_test+4
x9 <- 0xFFFFFFFF80000000

mem[X,0x00000000800024AC] -> 0x8493
mem[X,0x00000000800024AE] -> 0x0004
[1139] [M]: 0x00000000800024AC (0x00048493) addi x9, x9, 0x0                        spcl_M2mmode_test+8
x9 <- 0xFFFFFFFF80000000

clint mtime 0x000000000000023A (mip.MTI <- 0b1, mip.STI <- 0b0)
mem[X,0x00000000800024B0] -> 0x9493
mem[X,0x00000000800024B2] -> 0x00B4
[1140] [M]: 0x00000000800024B0 (0x00B49493) slli x9, x9, 0xb                        spcl_M2mmode_test+12
x9 <- 0xFFFFFC0000000000

mem[X,0x00000000800024B4] -> 0x8493
mem[X,0x00000000800024B6] -> 0x0004
[1141] [M]: 0x00000000800024B4 (0x00048493) addi x9, x9, 0x0                        spcl_M2mmode_test+16
x9 <- 0xFFFFFC0000000000

clint mtime 0x000000000000023B (mip.MTI <- 0b1, mip.STI <- 0b0)
mem[X,0x00000000800024B8] -> 0x9493
mem[X,0x00000000800024BA] -> 0x00B4
[1142] [M]: 0x00000000800024B8 (0x00B49493) slli x9, x9, 0xb                        spcl_M2mmode_test+20
x9 <- 0xFFE0000000000000

mem[X,0x00000000800024BC] -> 0x8493
mem[X,0x00000000800024BE] -> 0x0034
[1143] [M]: 0x00000000800024BC (0x00348493) addi x9, x9, 0x3                        spcl_M2mmode_test+24
x9 <- 0xFFE0000000000003

clint mtime 0x000000000000023C (mip.MTI <- 0b1, mip.STI <- 0b0)
mem[X,0x00000000800024C0] -> 0x9493
mem[X,0x00000000800024C2] -> 0x00A4
[1144] [M]: 0x00000000800024C0 (0x00A49493) slli x9, x9, 0xa                        spcl_M2mmode_test+28
x9 <- 0x8000000000000C00

mem[X,0x00000000800024C4] -> 0x8493
mem[X,0x00000000800024C6] -> 0x3FC4
[1145] [M]: 0x00000000800024C4 (0x3FC48493) addi x9, x9, 0x3fc                      spcl_M2mmode_test+32
x9 <- 0x8000000000000FFC

clint mtime 0x000000000000023D (mip.MTI <- 0b1, mip.STI <- 0b0)
mem[X,0x00000000800024C8] -> 0xF4B3
mem[X,0x00000000800024CA] -> 0x00A4
[1146] [M]: 0x00000000800024C8 (0x00A4F4B3) and x9, x9, x10                         spcl_M2mmode_test+36
x9 <- 0x0000000000000004

mem[X,0x00000000800024CC] -> 0x8493
mem[X,0x00000000800024CE] -> 0xFF84
[1147] [M]: 0x00000000800024CC (0xFF848493) addi x9, x9, -0x8                       spcl_M2mmode_test+40
x9 <- 0xFFFFFFFFFFFFFFFC

clint mtime 0x000000000000023E (mip.MTI <- 0b1, mip.STI <- 0b0)
mem[X,0x00000000800024D0] -> 0x9663
mem[X,0x00000000800024D2] -> 0x0004
[1148] [M]: 0x00000000800024D0 (0x00049663) bne x9, x0, 0xc                         spcl_M2mmode_test+44

mem[X,0x00000000800024DC] -> 0x0393
mem[X,0x00000000800024DE] -> 0x0200
[1149] [M]: 0x00000000800024DC (0x02000393) addi x7, x0, 0x20                       Mtrapsig_ptr_upd+0
x7 <- 0x0000000000000020

clint mtime 0x000000000000023F (mip.MTI <- 0b1, mip.STI <- 0b0)
mem[X,0x00000000800024E0] -> 0x5263
mem[X,0x00000000800024E2] -> 0x0405
[1150] [M]: 0x00000000800024E0 (0x04055263) bge x10, x0, 0x44                       Mtrapsig_ptr_upd+4

mem[X,0x0000000080002524] -> 0x2373
mem[X,0x0000000080002526] -> 0x3010
[1151] [M]: 0x0000000080002524 (0x30102373) csrrs x6, misa, x0                      Mxcpt_sig_sv+0
CSR misa (0x301) -> 0x800000000034112F
x6 <- 0x800000000034112F

clint mtime 0x0000000000000240 (mip.MTI <- 0b1, mip.STI <- 0b0)
mem[X,0x0000000080002528] -> 0x1313
mem[X,0x000000008000252A] -> 0x0383
[1152] [M]: 0x0000000080002528 (0x03831313) slli x6, x6, 0x38                       Mxcpt_sig_sv+4
x6 <- 0x2F00000000000000

mem[X,0x000000008000252C] -> 0x5463
mem[X,0x000000008000252E] -> 0x0003
[1153] [M]: 0x000000008000252C (0x00035463) bge x6, x0, 0x8                         Mxcpt_sig_sv+8

clint mtime 0x0000000000000241 (mip.MTI <- 0b1, mip.STI <- 0b0)
mem[X,0x0000000080002534] -> 0x3303
mem[X,0x0000000080002536] -> 0x2181
[1154] [M]: 0x0000000080002534 (0x21813303) ld x6, 0x218(x2)                        Mtrap_sig_sv+0
mem[R,0x0000000080007218] -> 0x00000000800084A0
x6 <- 0x00000000800084A0

mem[X,0x0000000080002538] -> 0x04B3
mem[X,0x000000008000253A] -> 0x0073
[1155] [M]: 0x0000000080002538 (0x007304B3) add x9, x6, x7                          Mtrap_sig_sv+4
x9 <- 0x00000000800084C0

clint mtime 0x0000000000000242 (mip.MTI <- 0b1, mip.STI <- 0b0)
mem[X,0x000000008000253C] -> 0x3C23
mem[X,0x000000008000253E] -> 0x2091
[1156] [M]: 0x000000008000253C (0x20913C23) sd x9, 0x218(x2)                        Mtrap_sig_sv+8
mem[W,0x0000000080007218] <- 0x00000000800084C0

mem[X,0x0000000080002540] -> 0x3403
mem[X,0x0000000080002542] -> 0x1F81
[1157] [M]: 0x0000000080002540 (0x1F813403) ld x8, 0x1f8(x2)                        Mtrap_sig_sv+12
mem[R,0x00000000800071F8] -> 0x0000000080008210
x8 <- 0x0000000080008210

clint mtime 0x0000000000000243 (mip.MTI <- 0b1, mip.STI <- 0b0)
mem[X,0x0000000080002544] -> 0x0333
mem[X,0x0000000080002546] -> 0x4083
[1158] [M]: 0x0000000080002544 (0x40830333) sub x6, x6, x8                          Mtrap_sig_sv+16
x6 <- 0x0000000000000290

mem[X,0x0000000080002548] -> 0x3403
mem[X,0x000000008000254A] -> 0x1F81
[1159] [M]: 0x0000000080002548 (0x1F813403) ld x8, 0x1f8(x2)                        Mtrap_sig_sv+20
mem[R,0x00000000800071F8] -> 0x0000000080008210
x8 <- 0x0000000080008210

clint mtime 0x0000000000000244 (mip.MTI <- 0b1, mip.STI <- 0b0)
mem[X,0x000000008000254C] -> 0x0333
mem[X,0x000000008000254E] -> 0x0083
[1160] [M]: 0x000000008000254C (0x00830333) add x6, x6, x8                          Mtrap_sig_sv+24
x6 <- 0x00000000800084A0

mem[X,0x0000000080002550] -> 0x3403
mem[X,0x0000000080002552] -> 0x2401
[1161] [M]: 0x0000000080002550 (0x24013403) ld x8, 0x240(x2)                        Mtrap_sig_sv+28
mem[R,0x0000000080007240] -> 0x00000000800022C0
x8 <- 0x00000000800022C0

clint mtime 0x0000000000000245 (mip.MTI <- 0b1, mip.STI <- 0b0)
mem[X,0x0000000080002554] -> 0x85B3
mem[X,0x0000000080002556] -> 0x4085
[1162] [M]: 0x0000000080002554 (0x408585B3) sub x11, x11, x8                        sv_Mvect+0
x11 <- 0x000000000000010C

mem[X,0x0000000080002558] -> 0x9593
mem[X,0x000000008000255A] -> 0x0045
[1163] [M]: 0x0000000080002558 (0x00459593) slli x11, x11, 0x4                      sv_Mvect+4
x11 <- 0x00000000000010C0

clint mtime 0x0000000000000246 (mip.MTI <- 0b1, mip.STI <- 0b0)
mem[X,0x000000008000255C] -> 0xE5B3
mem[X,0x000000008000255E] -> 0x0075
[1164] [M]: 0x000000008000255C (0x0075E5B3) or x11, x11, x7                         sv_Mvect+8
x11 <- 0x00000000000010E0

mem[X,0x0000000080002560] -> 0x8593
mem[X,0x0000000080002562] -> 0x0035
[1165] [M]: 0x0000000080002560 (0x00358593) addi x11, x11, 0x3                      sv_Mvect+12
x11 <- 0x00000000000010E3

clint mtime 0x0000000000000247 (mip.MTI <- 0b1, mip.STI <- 0b0)
mem[X,0x0000000080002564] -> 0x3023
mem[X,0x0000000080002566] -> 0x00B3
[1166] [M]: 0x0000000080002564 (0x00B33023) sd x11, 0x0(x6)                         sv_Mvect+16
mem[W,0x00000000800084A0] <- 0x00000000000010E3

mem[X,0x0000000080002568] -> 0x3423
mem[X,0x000000008000256A] -> 0x00A3
[1167] [M]: 0x0000000080002568 (0x00A33423) sd x10, 0x8(x6)                         sv_Mcause+0
mem[W,0x00000000800084A8] <- 0x0000000000000005

clint mtime 0x0000000000000248 (mip.MTI <- 0b1, mip.STI <- 0b0)
mem[X,0x000000008000256C] -> 0x4263
mem[X,0x000000008000256E] -> 0x1A05
[1168] [M]: 0x000000008000256C (0x1A054263) blt x10, x0, 0x1a4                      sv_Mcause+4

mem[X,0x0000000080002570] -> 0x25F3
mem[X,0x0000000080002572] -> 0x3000
[1169] [M]: 0x0000000080002570 (0x300025F3) csrrs x11, mstatus, x0                  common_Mexcpt_handler+0
CSR mstatus (0x300) -> 0x0000000A00001800
x11 <- 0x0000000A00001800

clint mtime 0x0000000000000249 (mip.MTI <- 0b1, mip.STI <- 0b0)
mem[X,0x0000000080002574] -> 0x9413
mem[X,0x0000000080002576] -> 0x02E5
[1170] [M]: 0x0000000080002574 (0x02E59413) slli x8, x11, 0x2e                      common_Mexcpt_handler+4
x8 <- 0x0600000000000000

mem[X,0x0000000080002578] -> 0x5463
mem[X,0x000000008000257A] -> 0x0004
[1171] [M]: 0x0000000080002578 (0x00045463) bge x8, x0, 0x8                         common_Mexcpt_handler+8

clint mtime 0x000000000000024A (mip.MTI <- 0b1, mip.STI <- 0b0)
mem[X,0x0000000080002580] -> 0xD493
mem[X,0x0000000080002582] -> 0x00B5
[1172] [M]: 0x0000000080002580 (0x00B5D493) srli x9, x11, 0xb                       common_Mexcpt_handler+16
x9 <- 0x0000000001400003

mem[X,0x0000000080002584] -> 0xF493
mem[X,0x0000000080002586] -> 0x0034
[1173] [M]: 0x0000000080002584 (0x0034F493) andi x9, x9, 0x3                        common_Mexcpt_handler+20
x9 <- 0x0000000000000003

clint mtime 0x000000000000024B (mip.MTI <- 0b1, mip.STI <- 0b0)
mem[X,0x0000000080002588] -> 0x8493
mem[X,0x000000008000258A] -> 0x0014
[1174] [M]: 0x0000000080002588 (0x00148493) addi x9, x9, 0x1                        common_Mexcpt_handler+24
x9 <- 0x0000000000000004

mem[X,0x000000008000258C] -> 0xF493
mem[X,0x000000008000258E] -> 0x0044
[1175] [M]: 0x000000008000258C (0x0044F493) andi x9, x9, 0x4                        common_Mexcpt_handler+28
x9 <- 0x0000000000000004

clint mtime 0x000000000000024C (mip.MTI <- 0b1, mip.STI <- 0b0)
mem[X,0x0000000080002590] -> 0x0593
mem[X,0x0000000080002592] -> 0x05D0
[1176] [M]: 0x0000000080002590 (0x05D00593) addi x11, x0, 0x5d                      common_Mexcpt_handler+32
x11 <- 0x000000000000005D

mem[X,0x0000000080002594] -> 0xD5B3
mem[X,0x0000000080002596] -> 0x0095
[1177] [M]: 0x0000000080002594 (0x0095D5B3) srl x11, x11, x9                        common_Mexcpt_handler+36
x11 <- 0x0000000000000005

clint mtime 0x000000000000024D (mip.MTI <- 0b1, mip.STI <- 0b0)
mem[X,0x0000000080002598] -> 0xF593
mem[X,0x000000008000259A] -> 0x0015
[1178] [M]: 0x0000000080002598 (0x0015F593) andi x11, x11, 0x1                      common_Mexcpt_handler+40
x11 <- 0x0000000000000001

mem[X,0x000000008000259C] -> 0x8EE3
mem[X,0x000000008000259E] -> 0xF405
[1179] [M]: 0x000000008000259C (0xF4058EE3) beq x11, x0, -0xa4                      common_Mexcpt_handler+44

clint mtime 0x000000000000024E (mip.MTI <- 0b1, mip.STI <- 0b0)
mem[X,0x00000000800025A0] -> 0x0593
mem[X,0x00000000800025A2] -> 0x2980
[1180] [M]: 0x00000000800025A0 (0x29800593) addi x11, x0, 0x298                     common_Mexcpt_handler+48
x11 <- 0x0000000000000298

mem[X,0x00000000800025A4] -> 0xF413
mem[X,0x00000000800025A6] -> 0x0014
[1181] [M]: 0x00000000800025A4 (0x0014F413) andi x8, x9, 0x1                        common_Mexcpt_handler+52
x8 <- 0x0000000000000000

clint mtime 0x000000000000024F (mip.MTI <- 0b1, mip.STI <- 0b0)
mem[X,0x00000000800025A8] -> 0x95B3
mem[X,0x00000000800025AA] -> 0x0085
[1182] [M]: 0x00000000800025A8 (0x008595B3) sll x11, x11, x8                        common_Mexcpt_handler+56
x11 <- 0x0000000000000298

mem[X,0x00000000800025AC] -> 0x9413
mem[X,0x00000000800025AE] -> 0x03D4
[1183] [M]: 0x00000000800025AC (0x03D49413) slli x8, x9, 0x3d                       common_Mexcpt_handler+60
x8 <- 0x8000000000000000

clint mtime 0x0000000000000250 (mip.MTI <- 0b1, mip.STI <- 0b0)
mem[X,0x00000000800025B0] -> 0x5413
mem[X,0x00000000800025B2] -> 0x43F4
[1184] [M]: 0x00000000800025B0 (0x43F45413) srai x8, x8, 0x3f                       common_Mexcpt_handler+64
x8 <- 0xFFFFFFFFFFFFFFFF

mem[X,0x00000000800025B4] -> 0x4413
mem[X,0x00000000800025B6] -> 0xFFF4
[1185] [M]: 0x00000000800025B4 (0xFFF44413) xori x8, x8, -0x1                       common_Mexcpt_handler+68
x8 <- 0x0000000000000000

clint mtime 0x0000000000000251 (mip.MTI <- 0b1, mip.STI <- 0b0)
mem[X,0x00000000800025B8] -> 0xF4B3
mem[X,0x00000000800025BA] -> 0x0085
[1186] [M]: 0x00000000800025B8 (0x0085F4B3) and x9, x11, x8                         common_Mexcpt_handler+72
x9 <- 0x0000000000000000

mem[X,0x00000000800025BC] -> 0x84B3
mem[X,0x00000000800025BE] -> 0x0024
[1187] [M]: 0x00000000800025BC (0x002484B3) add x9, x9, x2                          vmem_adj_Mepc+0
x9 <- 0x0000000080007000

clint mtime 0x0000000000000252 (mip.MTI <- 0b1, mip.STI <- 0b0)
mem[X,0x00000000800025C0] -> 0x23F3
mem[X,0x00000000800025C2] -> 0x3410
[1188] [M]: 0x00000000800025C0 (0x341023F3) csrrs x7, mepc, x0                      vmem_adj_Mepc+4
CSR mepc (0x341) -> 0x0000000080000AA0
x7 <- 0x0000000080000AA0

mem[X,0x00000000800025C4] -> 0x0413
mem[X,0x00000000800025C6] -> 0x0004
[1189] [M]: 0x00000000800025C4 (0x00040413) addi x8, x8, 0x0                        vmem_adj_Mepc+8
x8 <- 0x0000000000000000

clint mtime 0x0000000000000253 (mip.MTI <- 0b1, mip.STI <- 0b0)
mem[X,0x00000000800025C8] -> 0x006F
mem[X,0x00000000800025CA] -> 0x0400
[1190] [M]: 0x00000000800025C8 (0x0400006F) jal x0, 0x40                            vmem_adj_Mepc+12

mem[X,0x0000000080002608] -> 0x8433
mem[X,0x000000008000260A] -> 0x4083
[1191] [M]: 0x0000000080002608 (0x40838433) sub x8, x7, x8                          adj_Mepc+0
x8 <- 0x0000000080000AA0

clint mtime 0x0000000000000254 (mip.MTI <- 0b1, mip.STI <- 0b0)
mem[X,0x000000008000260C] -> 0x3823
mem[X,0x000000008000260E] -> 0x0083
[1192] [M]: 0x000000008000260C (0x00833823) sd x8, 0x10(x6)                         sv_Mepc+0
mem[W,0x00000000800084B0] <- 0x0000000080000AA0

mem[X,0x0000000080002610] -> 0x55B7
mem[X,0x0000000080002612] -> 0x0000
[1193] [M]: 0x0000000080002610 (0x000055B7) lui x11, 0x5                            sv_Mepc+4
x11 <- 0x0000000000005000

clint mtime 0x0000000000000255 (mip.MTI <- 0b1, mip.STI <- 0b0)
mem[X,0x0000000080002614] -> 0x8593
mem[X,0x0000000080002616] -> 0x6675
[1194] [M]: 0x0000000080002614 (0x66758593) addi x11, x11, 0x667                    sv_Mepc+8
x11 <- 0x0000000000005667

mem[X,0x0000000080002618] -> 0x9593
mem[X,0x000000008000261A] -> 0x0015
[1195] [M]: 0x0000000080002618 (0x00159593) slli x11, x11, 0x1                      sv_Mepc+12
x11 <- 0x000000000000ACCE

clint mtime 0x0000000000000256 (mip.MTI <- 0b1, mip.STI <- 0b0)
mem[X,0x000000008000261C] -> 0x9063
mem[X,0x000000008000261E] -> 0x02B1
[1196] [M]: 0x000000008000261C (0x02B19063) bne x3, x11, 0x20                       sv_Mepc+16

mem[X,0x000000008000263C] -> 0xF593
mem[X,0x000000008000263E] -> 0xFFC3
[1197] [M]: 0x000000008000263C (0xFFC3F593) andi x11, x7, -0x4                      adj_Mepc_rtn+0
x11 <- 0x0000000080000AA0

clint mtime 0x0000000000000257 (mip.MTI <- 0b1, mip.STI <- 0b0)
mem[X,0x0000000080002640] -> 0x8593
mem[X,0x0000000080002642] -> 0x0085
[1198] [M]: 0x0000000080002640 (0x00858593) addi x11, x11, 0x8                      adj_Mepc_rtn+4
x11 <- 0x0000000080000AA8

mem[X,0x0000000080002644] -> 0x9073
mem[X,0x0000000080002646] -> 0x3415
[1199] [M]: 0x0000000080002644 (0x34159073) csrrw x0, mepc, x11                     adj_Mepc_rtn+8
CSR mepc (0x341) <- 0x0000000080000AA8

clint mtime 0x0000000000000258 (mip.MTI <- 0b1, mip.STI <- 0b0)
mem[X,0x0000000080002648] -> 0x23F3
mem[X,0x000000008000264A] -> 0x3430
[1200] [M]: 0x0000000080002648 (0x343023F3) csrrs x7, mtval, x0                     skp_adj_Mepc+0
CSR mtval (0x343) -> 0x0000000080002070
x7 <- 0x0000000080002070

mem[X,0x000000008000264C] -> 0x7513
mem[X,0x000000008000264E] -> 0x00F5
[1201] [M]: 0x000000008000264C (0x00F57513) andi x10, x10, 0xf                      chk_Mtval+0
x10 <- 0x0000000000000005

clint mtime 0x0000000000000259 (mip.MTI <- 0b1, mip.STI <- 0b0)
mem[X,0x0000000080002650] -> 0x0437
mem[X,0x0000000080002652] -> 0x0000
[1202] [M]: 0x0000000080002650 (0x00000437) lui x8, 0x0                             chk_Mtval+4
x8 <- 0x0000000000000000

mem[X,0x0000000080002654] -> 0x0413
mem[X,0x0000000080002656] -> 0x0004
[1203] [M]: 0x0000000080002654 (0x00040413) addi x8, x8, 0x0                        chk_Mtval+8
x8 <- 0x0000000000000000

clint mtime 0x000000000000025A (mip.MTI <- 0b1, mip.STI <- 0b0)
mem[X,0x0000000080002658] -> 0x1413
mem[X,0x000000008000265A] -> 0x00B4
[1204] [M]: 0x0000000080002658 (0x00B41413) slli x8, x8, 0xb                        chk_Mtval+12
x8 <- 0x0000000000000000

mem[X,0x000000008000265C] -> 0x0413
mem[X,0x000000008000265E] -> 0x0004
[1205] [M]: 0x000000008000265C (0x00040413) addi x8, x8, 0x0                        chk_Mtval+16
x8 <- 0x0000000000000000

clint mtime 0x000000000000025B (mip.MTI <- 0b1, mip.STI <- 0b0)
mem[X,0x0000000080002660] -> 0x1413
mem[X,0x0000000080002662] -> 0x00B4
[1206] [M]: 0x0000000080002660 (0x00B41413) slli x8, x8, 0xb                        chk_Mtval+20
x8 <- 0x0000000000000000

mem[X,0x0000000080002664] -> 0x0413
mem[X,0x0000000080002666] -> 0x02C4
[1207] [M]: 0x0000000080002664 (0x02C40413) addi x8, x8, 0x2c                       chk_Mtval+24
x8 <- 0x000000000000002C

clint mtime 0x000000000000025C (mip.MTI <- 0b1, mip.STI <- 0b0)
mem[X,0x0000000080002668] -> 0x1413
mem[X,0x000000008000266A] -> 0x00A4
[1208] [M]: 0x0000000080002668 (0x00A41413) slli x8, x8, 0xa                        chk_Mtval+28
x8 <- 0x000000000000B000

mem[X,0x000000008000266C] -> 0x0413
mem[X,0x000000008000266E] -> 0x0FB4
[1209] [M]: 0x000000008000266C (0x0FB40413) addi x8, x8, 0xfb                       chk_Mtval+32
x8 <- 0x000000000000B0FB

clint mtime 0x000000000000025D (mip.MTI <- 0b1, mip.STI <- 0b0)
mem[X,0x0000000080002670] -> 0x5433
mem[X,0x0000000080002672] -> 0x00A4
[1210] [M]: 0x0000000080002670 (0x00A45433) srl x8, x8, x10                         chk_Mtval+36
x8 <- 0x0000000000000587

mem[X,0x0000000080002674] -> 0x1413
mem[X,0x0000000080002676] -> 0x03F4
[1211] [M]: 0x0000000080002674 (0x03F41413) slli x8, x8, 0x3f                       chk_Mtval+40
x8 <- 0x8000000000000000

clint mtime 0x000000000000025E (mip.MTI <- 0b1, mip.STI <- 0b0)
mem[X,0x0000000080002678] -> 0x5C63
mem[X,0x000000008000267A] -> 0x0404
[1212] [M]: 0x0000000080002678 (0x04045C63) bge x8, x0, 0x58                        chk_Mtval+44

mem[X,0x000000008000267C] -> 0xB403
mem[X,0x000000008000267E] -> 0x2084
[1213] [M]: 0x000000008000267C (0x2084B403) ld x8, 0x208(x9)                        vmem_adj_Mtval+0
mem[R,0x0000000080007208] -> 0x00000000800003B4
x8 <- 0x00000000800003B4

clint mtime 0x000000000000025F (mip.MTI <- 0b1, mip.STI <- 0b0)
mem[X,0x0000000080002680] -> 0xB583
mem[X,0x0000000080002682] -> 0x2104
[1214] [M]: 0x0000000080002680 (0x2104B583) ld x11, 0x210(x9)                       vmem_adj_Mtval+4
mem[R,0x0000000080007210] -> 0x0000000000001E38
x11 <- 0x0000000000001E38

mem[X,0x0000000080002684] -> 0x85B3
mem[X,0x0000000080002686] -> 0x0085
[1215] [M]: 0x0000000080002684 (0x008585B3) add x11, x11, x8                        vmem_adj_Mtval+8
x11 <- 0x00000000800021EC

clint mtime 0x0000000000000260 (mip.MTI <- 0b1, mip.STI <- 0b0)
mem[X,0x0000000080002688] -> 0xF463
mem[X,0x000000008000268A] -> 0x00B3
[1216] [M]: 0x0000000080002688 (0x00B3F463) bgeu x7, x11, 0x8                       vmem_adj_Mtval+12

mem[X,0x000000008000268C] -> 0xF063
mem[X,0x000000008000268E] -> 0x0483
[1217] [M]: 0x000000008000268C (0x0483F063) bgeu x7, x8, 0x40                       vmem_adj_Mtval+16

clint mtime 0x0000000000000261 (mip.MTI <- 0b1, mip.STI <- 0b0)
mem[X,0x00000000800026CC] -> 0x8433
mem[X,0x00000000800026CE] -> 0x4083
[1218] [M]: 0x00000000800026CC (0x40838433) sub x8, x7, x8                          adj_Mtval+0
x8 <- 0x0000000000001CBC

mem[X,0x00000000800026D0] -> 0x3C23
mem[X,0x00000000800026D2] -> 0x0083
[1219] [M]: 0x00000000800026D0 (0x00833C23) sd x8, 0x18(x6)                         sv_Mtval+0
mem[W,0x00000000800084B8] <- 0x0000000000001CBC

clint mtime 0x0000000000000262 (mip.MTI <- 0b1, mip.STI <- 0b0)
mem[X,0x00000000800026D4] -> 0x3483
mem[X,0x00000000800026D6] -> 0x2181
[1220] [M]: 0x00000000800026D4 (0x21813483) ld x9, 0x218(x2)                        skp_Mtval+0
mem[R,0x0000000080007218] -> 0x00000000800084C0
x9 <- 0x00000000800084C0

mem[X,0x00000000800026D8] -> 0x3383
mem[X,0x00000000800026DA] -> 0x1F81
[1221] [M]: 0x00000000800026D8 (0x1F813383) ld x7, 0x1f8(x2)                        skp_Mtval+4
mem[R,0x00000000800071F8] -> 0x0000000080008210
x7 <- 0x0000000080008210

clint mtime 0x0000000000000263 (mip.MTI <- 0b1, mip.STI <- 0b0)
mem[X,0x00000000800026DC] -> 0x3303
mem[X,0x00000000800026DE] -> 0x2001
[1222] [M]: 0x00000000800026DC (0x20013303) ld x6, 0x200(x2)                        skp_Mtval+8
mem[R,0x0000000080007200] -> 0x0000000000000A20
x6 <- 0x0000000000000A20

mem[X,0x00000000800026E0] -> 0x0333
mem[X,0x00000000800026E2] -> 0x0073
[1223] [M]: 0x00000000800026E0 (0x00730333) add x6, x6, x7                          skp_Mtval+12
x6 <- 0x0000000080008C30

clint mtime 0x0000000000000264 (mip.MTI <- 0b1, mip.STI <- 0b0)
mem[X,0x00000000800026E4] -> 0x68E3
mem[X,0x00000000800026E6] -> 0xB093
[1224] [M]: 0x00000000800026E4 (0xB09368E3) bltu x6, x9, -0x4f0                     skp_Mtval+16

mem[X,0x00000000800026E8] -> 0x0393
mem[X,0x00000000800026EA] -> 0x2000
[1225] [M]: 0x00000000800026E8 (0x20000393) addi x7, x0, 0x200                      skp_Mtval+20
x7 <- 0x0000000000000200

clint mtime 0x0000000000000265 (mip.MTI <- 0b1, mip.STI <- 0b0)
mem[X,0x00000000800026EC] -> 0x006F
mem[X,0x00000000800026EE] -> 0x0400
[1226] [M]: 0x00000000800026EC (0x0400006F) jal x0, 0x40                            skp_Mtval+24

mem[X,0x000000008000272C] -> 0x0417
mem[X,0x000000008000272E] -> 0x0000
[1227] [M]: 0x000000008000272C (0x00000417) auipc x8, 0x0                           spcl_Mhandler+0
x8 <- 0x000000008000272C

clint mtime 0x0000000000000266 (mip.MTI <- 0b1, mip.STI <- 0b0)
mem[X,0x0000000080002730] -> 0x0413
mem[X,0x0000000080002732] -> 0x03C4
[1228] [M]: 0x0000000080002730 (0x03C40413) addi x8, x8, 0x3c                       spcl_Mhandler+4
x8 <- 0x0000000080002768

mem[X,0x0000000080002734] -> 0x0433
mem[X,0x0000000080002736] -> 0x0074
[1229] [M]: 0x0000000080002734 (0x00740433) add x8, x8, x7                          spcl_Mhandler+8
x8 <- 0x0000000080002968

clint mtime 0x0000000000000267 (mip.MTI <- 0b1, mip.STI <- 0b0)
mem[X,0x0000000080002738] -> 0x1393
mem[X,0x000000008000273A] -> 0x0035
[1230] [M]: 0x0000000080002738 (0x00351393) slli x7, x10, 0x3                       spcl_Mhandler+12
x7 <- 0x0000000000000028

mem[X,0x000000008000273C] -> 0x0433
mem[X,0x000000008000273E] -> 0x0074
[1231] [M]: 0x000000008000273C (0x00740433) add x8, x8, x7                          spcl_Mhandler+16
x8 <- 0x0000000080002990

clint mtime 0x0000000000000268 (mip.MTI <- 0b1, mip.STI <- 0b0)
mem[X,0x0000000080002740] -> 0x7413
mem[X,0x0000000080002742] -> 0xFF84
[1232] [M]: 0x0000000080002740 (0xFF847413) andi x8, x8, -0x8                       spcl_Mhandler+20
x8 <- 0x0000000080002990

mem[X,0x0000000080002744] -> 0x3403
mem[X,0x0000000080002746] -> 0x0004
[1233] [M]: 0x0000000080002744 (0x00043403) ld x8, 0x0(x8)                          spcl_Mhandler+24
mem[R,0x0000000080002990] -> 0x000000000000000B
x8 <- 0x000000000000000B

clint mtime 0x0000000000000269 (mip.MTI <- 0b1, mip.STI <- 0b0)
mem[X,0x0000000080002748] -> 0x00E3
mem[X,0x000000008000274A] -> 0xB404
[1234] [M]: 0x0000000080002748 (0xB40400E3) beq x8, x0, -0x4c0                      spcl_Mdispatch_hndling+0

mem[X,0x000000008000274C] -> 0x1393
mem[X,0x000000008000274E] -> 0x03F4
[1235] [M]: 0x000000008000274C (0x03F41393) slli x7, x8, 0x3f                       spcl_Mdispatch_hndling+4
x7 <- 0x8000000000000000

clint mtime 0x000000000000026A (mip.MTI <- 0b1, mip.STI <- 0b0)
mem[X,0x0000000080002750] -> 0xD863
mem[X,0x0000000080002752] -> 0x0003
[1236] [M]: 0x0000000080002750 (0x0003D863) bge x7, x0, 0x10                        spcl_Mdispatch_hndling+8

mem[X,0x0000000080002754] -> 0x5413
mem[X,0x0000000080002756] -> 0x0014
[1237] [M]: 0x0000000080002754 (0x00145413) srli x8, x8, 0x1                        spcl_Mdispatch_hndling+12
x8 <- 0x0000000000000005

clint mtime 0x000000000000026B (mip.MTI <- 0b1, mip.STI <- 0b0)
mem[X,0x0000000080002758] -> 0x0CE3
mem[X,0x000000008000275A] -> 0xF885
[1238] [M]: 0x0000000080002758 (0xF8850CE3) beq x10, x8, -0x68                      spcl_Mdispatch_hndling+16

mem[X,0x00000000800026F0] -> 0x3303
mem[X,0x00000000800026F2] -> 0x2601
[1239] [M]: 0x00000000800026F0 (0x26013303) ld x6, 0x260(x2)                        resto_Mrtn+0
mem[R,0x0000000080007260] -> 0x000000001FDDB7D5
x6 <- 0x000000001FDDB7D5

clint mtime 0x000000000000026C (mip.MTI <- 0b1, mip.STI <- 0b0)
mem[X,0x00000000800026F4] -> 0x3383
mem[X,0x00000000800026F6] -> 0x2681
[1240] [M]: 0x00000000800026F4 (0x26813383) ld x7, 0x268(x2)                        resto_Mrtn+4
mem[R,0x0000000080007268] -> 0x00000000003FBB6F
x7 <- 0x00000000003FBB6F

mem[X,0x00000000800026F8] -> 0x3403
mem[X,0x00000000800026FA] -> 0x2701
[1241] [M]: 0x00000000800026F8 (0x27013403) ld x8, 0x270(x2)                        resto_Mrtn+8
mem[R,0x0000000080007270] -> 0x0000000000007F76
x8 <- 0x0000000000007F76

clint mtime 0x000000000000026D (mip.MTI <- 0b1, mip.STI <- 0b0)
mem[X,0x00000000800026FC] -> 0x3483
mem[X,0x00000000800026FE] -> 0x2781
[1242] [M]: 0x00000000800026FC (0x27813483) ld x9, 0x278(x2)                        resto_Mrtn+12
mem[R,0x0000000080007278] -> 0x00000000000000FE
x9 <- 0x00000000000000FE

mem[X,0x0000000080002700] -> 0x3503
mem[X,0x0000000080002702] -> 0x2801
[1243] [M]: 0x0000000080002700 (0x28013503) ld x10, 0x280(x2)                       resto_Mrtn+16
mem[R,0x0000000080007280] -> 0x0000000000000001
x10 <- 0x0000000000000001

clint mtime 0x000000000000026E (mip.MTI <- 0b1, mip.STI <- 0b0)
mem[X,0x0000000080002704] -> 0x3583
mem[X,0x0000000080002706] -> 0x2881
[1244] [M]: 0x0000000080002704 (0x28813583) ld x11, 0x288(x2)                       resto_Mrtn+20
mem[R,0x0000000080007288] -> 0x0000000000000000
x11 <- 0x0000000000000000

mem[X,0x0000000080002708] -> 0x3103
mem[X,0x000000008000270A] -> 0x2901
[1245] [M]: 0x0000000080002708 (0x29013103) ld x2, 0x290(x2)                        resto_Mrtn+24
mem[R,0x0000000080007290] -> 0x01FDDB7D5BFDDB7F
x2 <- 0x01FDDB7D5BFDDB7F

clint mtime 0x000000000000026F (mip.MTI <- 0b1, mip.STI <- 0b0)
mem[X,0x000000008000270C] -> 0x0073
mem[X,0x000000008000270E] -> 0x3020
[1246] [M]: 0x000000008000270C (0x30200073) mret                                    resto_Mrtn+28
CSR mstatus (0x300) <- 0x0000000A00000080
ret-ing from M to M

mem[X,0x0000000080000AA8] -> 0x0013
mem[X,0x0000000080000AAA] -> 0x0000
[1247] [M]: 0x0000000080000AA8 (0x00000013) addi x0, x0, 0x0                        main+1736

clint mtime 0x0000000000000270 (mip.MTI <- 0b1, mip.STI <- 0b0)
mem[X,0x0000000080000AAC] -> 0xB023
mem[X,0x0000000080000AAE] -> 0x04E6
[1248] [M]: 0x0000000080000AAC (0x04E6B023) sd x14, 0x40(x13)                       main+1740
mem[W,0x0000000080008258] <- 0x0000000000000013

mem[X,0x0000000080000AB0] -> 0x0013
mem[X,0x0000000080000AB2] -> 0x0000
[1249] [M]: 0x0000000080000AB0 (0x00000013) addi x0, x0, 0x0                        main+1744

clint mtime 0x0000000000000271 (mip.MTI <- 0b1, mip.STI <- 0b0)
mem[X,0x0000000080000AB4] -> 0x0013
mem[X,0x0000000080000AB6] -> 0x0000
[1250] [M]: 0x0000000080000AB4 (0x00000013) addi x0, x0, 0x0                        main+1748

mem[X,0x0000000080000AB8] -> 0x0013
mem[X,0x0000000080000ABA] -> 0x0000
[1251] [M]: 0x0000000080000AB8 (0x00000013) addi x0, x0, 0x0                        main+1752

clint mtime 0x0000000000000272 (mip.MTI <- 0b1, mip.STI <- 0b0)
mem[X,0x0000000080000ABC] -> 0x0013
mem[X,0x0000000080000ABE] -> 0x0000
[1252] [M]: 0x0000000080000ABC (0x00000013) addi x0, x0, 0x0                        main+1756

mem[X,0x0000000080000AC0] -> 0x1797
mem[X,0x0000000080000AC2] -> 0x0000
[1253] [M]: 0x0000000080000AC0 (0x00001797) auipc x15, 0x1                          main+1760
x15 <- 0x0000000080001AC0

clint mtime 0x0000000000000273 (mip.MTI <- 0b1, mip.STI <- 0b0)
mem[X,0x0000000080000AC4] -> 0x8793
mem[X,0x0000000080000AC6] -> 0x5D07
[1254] [M]: 0x0000000080000AC4 (0x5D078793) addi x15, x15, 0x5d0                    main+1764
x15 <- 0x0000000080002090

mem[X,0x0000000080000AC8] -> 0x0001
[1255] [M]: 0x0000000080000AC8 (0x0001) c.nop                                       main+1768

clint mtime 0x0000000000000274 (mip.MTI <- 0b1, mip.STI <- 0b0)
mem[X,0x0000000080000ACA] -> 0x0013
mem[X,0x0000000080000ACC] -> 0x0000
[1256] [M]: 0x0000000080000ACA (0x00000013) addi x0, x0, 0x0                        main+1770

mem[X,0x0000000080000ACE] -> 0x0013
mem[X,0x0000000080000AD0] -> 0x0000
[1257] [M]: 0x0000000080000ACE (0x00000013) addi x0, x0, 0x0                        main+1774

clint mtime 0x0000000000000275 (mip.MTI <- 0b1, mip.STI <- 0b0)
mem[X,0x0000000080000AD2] -> 0x0013
mem[X,0x0000000080000AD4] -> 0x0000
[1258] [M]: 0x0000000080000AD2 (0x00000013) addi x0, x0, 0x0                        main+1778

mem[X,0x0000000080000AD6] -> 0x0013
mem[X,0x0000000080000AD8] -> 0x0000
[1259] [M]: 0x0000000080000AD6 (0x00000013) addi x0, x0, 0x0                        main+1782

clint mtime 0x0000000000000276 (mip.MTI <- 0b1, mip.STI <- 0b0)
mem[X,0x0000000080000ADA] -> 0x0013
mem[X,0x0000000080000ADC] -> 0x0000
[1260] [M]: 0x0000000080000ADA (0x00000013) addi x0, x0, 0x0                        main+1786

mem[X,0x0000000080000ADE] -> 0x0001
[1261] [M]: 0x0000000080000ADE (0x0001) c.nop                                       main+1790

clint mtime 0x0000000000000277 (mip.MTI <- 0b1, mip.STI <- 0b0)
mem[X,0x0000000080000AE0] -> 0xA703
mem[X,0x0000000080000AE2] -> 0x0007
[1262] [M]: 0x0000000080000AE0 (0x0007A703) lw x14, 0x0(x15)                        main+1792
mem[R,0x0000000080002090] -> 0x00000013
x14 <- 0x0000000000000013

mem[X,0x0000000080000AE4] -> 0x0013
mem[X,0x0000000080000AE6] -> 0x0000
[1263] [M]: 0x0000000080000AE4 (0x00000013) addi x0, x0, 0x0                        main+1796

clint mtime 0x0000000000000278 (mip.MTI <- 0b1, mip.STI <- 0b0)
mem[X,0x0000000080000AE8] -> 0x0013
mem[X,0x0000000080000AEA] -> 0x0000
[1264] [M]: 0x0000000080000AE8 (0x00000013) addi x0, x0, 0x0                        main+1800

mem[X,0x0000000080000AEC] -> 0xB423
mem[X,0x0000000080000AEE] -> 0x04E6
[1265] [M]: 0x0000000080000AEC (0x04E6B423) sd x14, 0x48(x13)                       main+1804
mem[W,0x0000000080008260] <- 0x0000000000000013

clint mtime 0x0000000000000279 (mip.MTI <- 0b1, mip.STI <- 0b0)
mem[X,0x0000000080000AF0] -> 0x0013
mem[X,0x0000000080000AF2] -> 0x0000
[1266] [M]: 0x0000000080000AF0 (0x00000013) addi x0, x0, 0x0                        main+1808

mem[X,0x0000000080000AF4] -> 0x0013
mem[X,0x0000000080000AF6] -> 0x0000
[1267] [M]: 0x0000000080000AF4 (0x00000013) addi x0, x0, 0x0                        main+1812

clint mtime 0x000000000000027A (mip.MTI <- 0b1, mip.STI <- 0b0)
mem[X,0x0000000080000AF8] -> 0x0013
mem[X,0x0000000080000AFA] -> 0x0000
[1268] [M]: 0x0000000080000AF8 (0x00000013) addi x0, x0, 0x0                        main+1816

mem[X,0x0000000080000AFC] -> 0x0013
mem[X,0x0000000080000AFE] -> 0x0000
[1269] [M]: 0x0000000080000AFC (0x00000013) addi x0, x0, 0x0                        main+1820

clint mtime 0x000000000000027B (mip.MTI <- 0b1, mip.STI <- 0b0)
mem[X,0x0000000080000B00] -> 0x1797
mem[X,0x0000000080000B02] -> 0x0000
[1270] [M]: 0x0000000080000B00 (0x00001797) auipc x15, 0x1                          main+1824
x15 <- 0x0000000080001B00

mem[X,0x0000000080000B04] -> 0x8793
mem[X,0x0000000080000B06] -> 0x5B47
[1271] [M]: 0x0000000080000B04 (0x5B478793) addi x15, x15, 0x5b4                    main+1828
x15 <- 0x00000000800020B4

clint mtime 0x000000000000027C (mip.MTI <- 0b1, mip.STI <- 0b0)
mem[X,0x0000000080000B08] -> 0x0001
[1272] [M]: 0x0000000080000B08 (0x0001) c.nop                                       main+1832

mem[X,0x0000000080000B0A] -> 0x0013
mem[X,0x0000000080000B0C] -> 0x0000
[1273] [M]: 0x0000000080000B0A (0x00000013) addi x0, x0, 0x0                        main+1834

clint mtime 0x000000000000027D (mip.MTI <- 0b1, mip.STI <- 0b0)
mem[X,0x0000000080000B0E] -> 0x0013
mem[X,0x0000000080000B10] -> 0x0000
[1274] [M]: 0x0000000080000B0E (0x00000013) addi x0, x0, 0x0                        main+1838

mem[X,0x0000000080000B12] -> 0x0013
mem[X,0x0000000080000B14] -> 0x0000
[1275] [M]: 0x0000000080000B12 (0x00000013) addi x0, x0, 0x0                        main+1842

clint mtime 0x000000000000027E (mip.MTI <- 0b1, mip.STI <- 0b0)
mem[X,0x0000000080000B16] -> 0x0013
mem[X,0x0000000080000B18] -> 0x0000
[1276] [M]: 0x0000000080000B16 (0x00000013) addi x0, x0, 0x0                        main+1846

mem[X,0x0000000080000B1A] -> 0x0013
mem[X,0x0000000080000B1C] -> 0x0000
[1277] [M]: 0x0000000080000B1A (0x00000013) addi x0, x0, 0x0                        main+1850

clint mtime 0x000000000000027F (mip.MTI <- 0b1, mip.STI <- 0b0)
mem[X,0x0000000080000B1E] -> 0x0001
[1278] [M]: 0x0000000080000B1E (0x0001) c.nop                                       main+1854

mem[X,0x0000000080000B20] -> 0xA703
mem[X,0x0000000080000B22] -> 0x0007
[1279] [M]: 0x0000000080000B20 (0x0007A703) lw x14, 0x0(x15)                        main+1856
trapping from M to M to handle load-access-fault
handling exc#load-access-fault at priv M with tval 0x00000000800020B4
CSR mstatus (0x300) <- 0x0000000A00001800
CSR mcause (0x342) <- 0x0000000000000005
CSR mtval (0x343) <- 0x00000000800020B4
CSR mepc (0x341) <- 0x0000000080000B20

clint mtime 0x0000000000000280 (mip.MTI <- 0b1, mip.STI <- 0b0)
mem[X,0x00000000800022C0] -> 0x006F
mem[X,0x00000000800022C2] -> 0x1000
[1280] [M]: 0x00000000800022C0 (0x1000006F) jal x0, 0x100                           Mtrampoline+0

mem[X,0x00000000800023C0] -> 0x1173
mem[X,0x00000000800023C2] -> 0x3401
[1281] [M]: 0x00000000800023C0 (0x34011173) csrrw x2, mscratch, x2                  trap_Mhandler+0
CSR mscratch (0x340) <- 0x01FDDB7D5BFDDB7F
x2 <- 0x0000000080007000

clint mtime 0x0000000000000281 (mip.MTI <- 0b1, mip.STI <- 0b0)
mem[X,0x00000000800023C4] -> 0x3423
mem[X,0x00000000800023C6] -> 0x28B1
[1282] [M]: 0x00000000800023C4 (0x28B13423) sd x11, 0x288(x2)                       trap_Mhandler+4
mem[W,0x0000000080007288] <- 0x0000000000000000

mem[X,0x00000000800023C8] -> 0x05EF
mem[X,0x00000000800023CA] -> 0x0B80
[1283] [M]: 0x00000000800023C8 (0x0B8005EF) jal x11, 0xb8                           trap_Mhandler+8
x11 <- 0x00000000800023CC

clint mtime 0x0000000000000282 (mip.MTI <- 0b1, mip.STI <- 0b0)
mem[X,0x0000000080002480] -> 0x3023
mem[X,0x0000000080002482] -> 0x28A1
[1284] [M]: 0x0000000080002480 (0x28A13023) sd x10, 0x280(x2)                       common_Mhandler+0
mem[W,0x0000000080007280] <- 0x0000000000000001

mem[X,0x0000000080002484] -> 0x1573
mem[X,0x0000000080002486] -> 0x3401
[1285] [M]: 0x0000000080002484 (0x34011573) csrrw x10, mscratch, x2                 common_Mhandler+4
CSR mscratch (0x340) <- 0x0000000080007000
x10 <- 0x01FDDB7D5BFDDB7F

clint mtime 0x0000000000000283 (mip.MTI <- 0b1, mip.STI <- 0b0)
mem[X,0x0000000080002488] -> 0x3823
mem[X,0x000000008000248A] -> 0x28A1
[1286] [M]: 0x0000000080002488 (0x28A13823) sd x10, 0x290(x2)                       common_Mhandler+8
mem[W,0x0000000080007290] <- 0x01FDDB7D5BFDDB7F

mem[X,0x000000008000248C] -> 0x3503
mem[X,0x000000008000248E] -> 0x2301
[1287] [M]: 0x000000008000248C (0x23013503) ld x10, 0x230(x2)                       common_Mhandler+12
mem[R,0x0000000080007230] -> 0x0000000080002494
x10 <- 0x0000000080002494

clint mtime 0x0000000000000284 (mip.MTI <- 0b1, mip.STI <- 0b0)
mem[X,0x0000000080002490] -> 0x0067
mem[X,0x0000000080002492] -> 0x0005
[1288] [M]: 0x0000000080002490 (0x00050067) jalr x0, 0x0(x10)                       common_Mhandler+16

mem[X,0x0000000080002494] -> 0x3C23
mem[X,0x0000000080002496] -> 0x2691
[1289] [M]: 0x0000000080002494 (0x26913C23) sd x9, 0x278(x2)                        common_Mentry+0
mem[W,0x0000000080007278] <- 0x00000000000000FE

clint mtime 0x0000000000000285 (mip.MTI <- 0b1, mip.STI <- 0b0)
mem[X,0x0000000080002498] -> 0x3823
mem[X,0x000000008000249A] -> 0x2681
[1290] [M]: 0x0000000080002498 (0x26813823) sd x8, 0x270(x2)                        common_Mentry+4
mem[W,0x0000000080007270] <- 0x0000000000007F76

mem[X,0x000000008000249C] -> 0x3423
mem[X,0x000000008000249E] -> 0x2671
[1291] [M]: 0x000000008000249C (0x26713423) sd x7, 0x268(x2)                        common_Mentry+8
mem[W,0x0000000080007268] <- 0x00000000003FBB6F

clint mtime 0x0000000000000286 (mip.MTI <- 0b1, mip.STI <- 0b0)
mem[X,0x00000000800024A0] -> 0x3023
mem[X,0x00000000800024A2] -> 0x2661
[1292] [M]: 0x00000000800024A0 (0x26613023) sd x6, 0x260(x2)                        common_Mentry+12
mem[W,0x0000000080007260] <- 0x000000001FDDB7D5

mem[X,0x00000000800024A4] -> 0x2573
mem[X,0x00000000800024A6] -> 0x3420
[1293] [M]: 0x00000000800024A4 (0x34202573) csrrs x10, mcause, x0                   spcl_M2mmode_test+0
CSR mcause (0x342) -> 0x0000000000000005
x10 <- 0x0000000000000005

clint mtime 0x0000000000000287 (mip.MTI <- 0b1, mip.STI <- 0b0)
mem[X,0x00000000800024A8] -> 0x04B7
mem[X,0x00000000800024AA] -> 0x8000
[1294] [M]: 0x00000000800024A8 (0x800004B7) lui x9, -0x80000                        spcl_M2mmode_test+4
x9 <- 0xFFFFFFFF80000000

mem[X,0x00000000800024AC] -> 0x8493
mem[X,0x00000000800024AE] -> 0x0004
[1295] [M]: 0x00000000800024AC (0x00048493) addi x9, x9, 0x0                        spcl_M2mmode_test+8
x9 <- 0xFFFFFFFF80000000

clint mtime 0x0000000000000288 (mip.MTI <- 0b1, mip.STI <- 0b0)
mem[X,0x00000000800024B0] -> 0x9493
mem[X,0x00000000800024B2] -> 0x00B4
[1296] [M]: 0x00000000800024B0 (0x00B49493) slli x9, x9, 0xb                        spcl_M2mmode_test+12
x9 <- 0xFFFFFC0000000000

mem[X,0x00000000800024B4] -> 0x8493
mem[X,0x00000000800024B6] -> 0x0004
[1297] [M]: 0x00000000800024B4 (0x00048493) addi x9, x9, 0x0                        spcl_M2mmode_test+16
x9 <- 0xFFFFFC0000000000

clint mtime 0x0000000000000289 (mip.MTI <- 0b1, mip.STI <- 0b0)
mem[X,0x00000000800024B8] -> 0x9493
mem[X,0x00000000800024BA] -> 0x00B4
[1298] [M]: 0x00000000800024B8 (0x00B49493) slli x9, x9, 0xb                        spcl_M2mmode_test+20
x9 <- 0xFFE0000000000000

mem[X,0x00000000800024BC] -> 0x8493
mem[X,0x00000000800024BE] -> 0x0034
[1299] [M]: 0x00000000800024BC (0x00348493) addi x9, x9, 0x3                        spcl_M2mmode_test+24
x9 <- 0xFFE0000000000003

clint mtime 0x000000000000028A (mip.MTI <- 0b1, mip.STI <- 0b0)
mem[X,0x00000000800024C0] -> 0x9493
mem[X,0x00000000800024C2] -> 0x00A4
[1300] [M]: 0x00000000800024C0 (0x00A49493) slli x9, x9, 0xa                        spcl_M2mmode_test+28
x9 <- 0x8000000000000C00

mem[X,0x00000000800024C4] -> 0x8493
mem[X,0x00000000800024C6] -> 0x3FC4
[1301] [M]: 0x00000000800024C4 (0x3FC48493) addi x9, x9, 0x3fc                      spcl_M2mmode_test+32
x9 <- 0x8000000000000FFC

clint mtime 0x000000000000028B (mip.MTI <- 0b1, mip.STI <- 0b0)
mem[X,0x00000000800024C8] -> 0xF4B3
mem[X,0x00000000800024CA] -> 0x00A4
[1302] [M]: 0x00000000800024C8 (0x00A4F4B3) and x9, x9, x10                         spcl_M2mmode_test+36
x9 <- 0x0000000000000004

mem[X,0x00000000800024CC] -> 0x8493
mem[X,0x00000000800024CE] -> 0xFF84
[1303] [M]: 0x00000000800024CC (0xFF848493) addi x9, x9, -0x8                       spcl_M2mmode_test+40
x9 <- 0xFFFFFFFFFFFFFFFC

clint mtime 0x000000000000028C (mip.MTI <- 0b1, mip.STI <- 0b0)
mem[X,0x00000000800024D0] -> 0x9663
mem[X,0x00000000800024D2] -> 0x0004
[1304] [M]: 0x00000000800024D0 (0x00049663) bne x9, x0, 0xc                         spcl_M2mmode_test+44

mem[X,0x00000000800024DC] -> 0x0393
mem[X,0x00000000800024DE] -> 0x0200
[1305] [M]: 0x00000000800024DC (0x02000393) addi x7, x0, 0x20                       Mtrapsig_ptr_upd+0
x7 <- 0x0000000000000020

clint mtime 0x000000000000028D (mip.MTI <- 0b1, mip.STI <- 0b0)
mem[X,0x00000000800024E0] -> 0x5263
mem[X,0x00000000800024E2] -> 0x0405
[1306] [M]: 0x00000000800024E0 (0x04055263) bge x10, x0, 0x44                       Mtrapsig_ptr_upd+4

mem[X,0x0000000080002524] -> 0x2373
mem[X,0x0000000080002526] -> 0x3010
[1307] [M]: 0x0000000080002524 (0x30102373) csrrs x6, misa, x0                      Mxcpt_sig_sv+0
CSR misa (0x301) -> 0x800000000034112F
x6 <- 0x800000000034112F

clint mtime 0x000000000000028E (mip.MTI <- 0b1, mip.STI <- 0b0)
mem[X,0x0000000080002528] -> 0x1313
mem[X,0x000000008000252A] -> 0x0383
[1308] [M]: 0x0000000080002528 (0x03831313) slli x6, x6, 0x38                       Mxcpt_sig_sv+4
x6 <- 0x2F00000000000000

mem[X,0x000000008000252C] -> 0x5463
mem[X,0x000000008000252E] -> 0x0003
[1309] [M]: 0x000000008000252C (0x00035463) bge x6, x0, 0x8                         Mxcpt_sig_sv+8

clint mtime 0x000000000000028F (mip.MTI <- 0b1, mip.STI <- 0b0)
mem[X,0x0000000080002534] -> 0x3303
mem[X,0x0000000080002536] -> 0x2181
[1310] [M]: 0x0000000080002534 (0x21813303) ld x6, 0x218(x2)                        Mtrap_sig_sv+0
mem[R,0x0000000080007218] -> 0x00000000800084C0
x6 <- 0x00000000800084C0

mem[X,0x0000000080002538] -> 0x04B3
mem[X,0x000000008000253A] -> 0x0073
[1311] [M]: 0x0000000080002538 (0x007304B3) add x9, x6, x7                          Mtrap_sig_sv+4
x9 <- 0x00000000800084E0

clint mtime 0x0000000000000290 (mip.MTI <- 0b1, mip.STI <- 0b0)
mem[X,0x000000008000253C] -> 0x3C23
mem[X,0x000000008000253E] -> 0x2091
[1312] [M]: 0x000000008000253C (0x20913C23) sd x9, 0x218(x2)                        Mtrap_sig_sv+8
mem[W,0x0000000080007218] <- 0x00000000800084E0

mem[X,0x0000000080002540] -> 0x3403
mem[X,0x0000000080002542] -> 0x1F81
[1313] [M]: 0x0000000080002540 (0x1F813403) ld x8, 0x1f8(x2)                        Mtrap_sig_sv+12
mem[R,0x00000000800071F8] -> 0x0000000080008210
x8 <- 0x0000000080008210

clint mtime 0x0000000000000291 (mip.MTI <- 0b1, mip.STI <- 0b0)
mem[X,0x0000000080002544] -> 0x0333
mem[X,0x0000000080002546] -> 0x4083
[1314] [M]: 0x0000000080002544 (0x40830333) sub x6, x6, x8                          Mtrap_sig_sv+16
x6 <- 0x00000000000002B0

mem[X,0x0000000080002548] -> 0x3403
mem[X,0x000000008000254A] -> 0x1F81
[1315] [M]: 0x0000000080002548 (0x1F813403) ld x8, 0x1f8(x2)                        Mtrap_sig_sv+20
mem[R,0x00000000800071F8] -> 0x0000000080008210
x8 <- 0x0000000080008210

clint mtime 0x0000000000000292 (mip.MTI <- 0b1, mip.STI <- 0b0)
mem[X,0x000000008000254C] -> 0x0333
mem[X,0x000000008000254E] -> 0x0083
[1316] [M]: 0x000000008000254C (0x00830333) add x6, x6, x8                          Mtrap_sig_sv+24
x6 <- 0x00000000800084C0

mem[X,0x0000000080002550] -> 0x3403
mem[X,0x0000000080002552] -> 0x2401
[1317] [M]: 0x0000000080002550 (0x24013403) ld x8, 0x240(x2)                        Mtrap_sig_sv+28
mem[R,0x0000000080007240] -> 0x00000000800022C0
x8 <- 0x00000000800022C0

clint mtime 0x0000000000000293 (mip.MTI <- 0b1, mip.STI <- 0b0)
mem[X,0x0000000080002554] -> 0x85B3
mem[X,0x0000000080002556] -> 0x4085
[1318] [M]: 0x0000000080002554 (0x408585B3) sub x11, x11, x8                        sv_Mvect+0
x11 <- 0x000000000000010C

mem[X,0x0000000080002558] -> 0x9593
mem[X,0x000000008000255A] -> 0x0045
[1319] [M]: 0x0000000080002558 (0x00459593) slli x11, x11, 0x4                      sv_Mvect+4
x11 <- 0x00000000000010C0

clint mtime 0x0000000000000294 (mip.MTI <- 0b1, mip.STI <- 0b0)
mem[X,0x000000008000255C] -> 0xE5B3
mem[X,0x000000008000255E] -> 0x0075
[1320] [M]: 0x000000008000255C (0x0075E5B3) or x11, x11, x7                         sv_Mvect+8
x11 <- 0x00000000000010E0

mem[X,0x0000000080002560] -> 0x8593
mem[X,0x0000000080002562] -> 0x0035
[1321] [M]: 0x0000000080002560 (0x00358593) addi x11, x11, 0x3                      sv_Mvect+12
x11 <- 0x00000000000010E3

clint mtime 0x0000000000000295 (mip.MTI <- 0b1, mip.STI <- 0b0)
mem[X,0x0000000080002564] -> 0x3023
mem[X,0x0000000080002566] -> 0x00B3
[1322] [M]: 0x0000000080002564 (0x00B33023) sd x11, 0x0(x6)                         sv_Mvect+16
mem[W,0x00000000800084C0] <- 0x00000000000010E3

mem[X,0x0000000080002568] -> 0x3423
mem[X,0x000000008000256A] -> 0x00A3
[1323] [M]: 0x0000000080002568 (0x00A33423) sd x10, 0x8(x6)                         sv_Mcause+0
mem[W,0x00000000800084C8] <- 0x0000000000000005

clint mtime 0x0000000000000296 (mip.MTI <- 0b1, mip.STI <- 0b0)
mem[X,0x000000008000256C] -> 0x4263
mem[X,0x000000008000256E] -> 0x1A05
[1324] [M]: 0x000000008000256C (0x1A054263) blt x10, x0, 0x1a4                      sv_Mcause+4

mem[X,0x0000000080002570] -> 0x25F3
mem[X,0x0000000080002572] -> 0x3000
[1325] [M]: 0x0000000080002570 (0x300025F3) csrrs x11, mstatus, x0                  common_Mexcpt_handler+0
CSR mstatus (0x300) -> 0x0000000A00001800
x11 <- 0x0000000A00001800

clint mtime 0x0000000000000297 (mip.MTI <- 0b1, mip.STI <- 0b0)
mem[X,0x0000000080002574] -> 0x9413
mem[X,0x0000000080002576] -> 0x02E5
[1326] [M]: 0x0000000080002574 (0x02E59413) slli x8, x11, 0x2e                      common_Mexcpt_handler+4
x8 <- 0x0600000000000000

mem[X,0x0000000080002578] -> 0x5463
mem[X,0x000000008000257A] -> 0x0004
[1327] [M]: 0x0000000080002578 (0x00045463) bge x8, x0, 0x8                         common_Mexcpt_handler+8

clint mtime 0x0000000000000298 (mip.MTI <- 0b1, mip.STI <- 0b0)
mem[X,0x0000000080002580] -> 0xD493
mem[X,0x0000000080002582] -> 0x00B5
[1328] [M]: 0x0000000080002580 (0x00B5D493) srli x9, x11, 0xb                       common_Mexcpt_handler+16
x9 <- 0x0000000001400003

mem[X,0x0000000080002584] -> 0xF493
mem[X,0x0000000080002586] -> 0x0034
[1329] [M]: 0x0000000080002584 (0x0034F493) andi x9, x9, 0x3                        common_Mexcpt_handler+20
x9 <- 0x0000000000000003

clint mtime 0x0000000000000299 (mip.MTI <- 0b1, mip.STI <- 0b0)
mem[X,0x0000000080002588] -> 0x8493
mem[X,0x000000008000258A] -> 0x0014
[1330] [M]: 0x0000000080002588 (0x00148493) addi x9, x9, 0x1                        common_Mexcpt_handler+24
x9 <- 0x0000000000000004

mem[X,0x000000008000258C] -> 0xF493
mem[X,0x000000008000258E] -> 0x0044
[1331] [M]: 0x000000008000258C (0x0044F493) andi x9, x9, 0x4                        common_Mexcpt_handler+28
x9 <- 0x0000000000000004

clint mtime 0x000000000000029A (mip.MTI <- 0b1, mip.STI <- 0b0)
mem[X,0x0000000080002590] -> 0x0593
mem[X,0x0000000080002592] -> 0x05D0
[1332] [M]: 0x0000000080002590 (0x05D00593) addi x11, x0, 0x5d                      common_Mexcpt_handler+32
x11 <- 0x000000000000005D

mem[X,0x0000000080002594] -> 0xD5B3
mem[X,0x0000000080002596] -> 0x0095
[1333] [M]: 0x0000000080002594 (0x0095D5B3) srl x11, x11, x9                        common_Mexcpt_handler+36
x11 <- 0x0000000000000005

clint mtime 0x000000000000029B (mip.MTI <- 0b1, mip.STI <- 0b0)
mem[X,0x0000000080002598] -> 0xF593
mem[X,0x000000008000259A] -> 0x0015
[1334] [M]: 0x0000000080002598 (0x0015F593) andi x11, x11, 0x1                      common_Mexcpt_handler+40
x11 <- 0x0000000000000001

mem[X,0x000000008000259C] -> 0x8EE3
mem[X,0x000000008000259E] -> 0xF405
[1335] [M]: 0x000000008000259C (0xF4058EE3) beq x11, x0, -0xa4                      common_Mexcpt_handler+44

clint mtime 0x000000000000029C (mip.MTI <- 0b1, mip.STI <- 0b0)
mem[X,0x00000000800025A0] -> 0x0593
mem[X,0x00000000800025A2] -> 0x2980
[1336] [M]: 0x00000000800025A0 (0x29800593) addi x11, x0, 0x298                     common_Mexcpt_handler+48
x11 <- 0x0000000000000298

mem[X,0x00000000800025A4] -> 0xF413
mem[X,0x00000000800025A6] -> 0x0014
[1337] [M]: 0x00000000800025A4 (0x0014F413) andi x8, x9, 0x1                        common_Mexcpt_handler+52
x8 <- 0x0000000000000000

clint mtime 0x000000000000029D (mip.MTI <- 0b1, mip.STI <- 0b0)
mem[X,0x00000000800025A8] -> 0x95B3
mem[X,0x00000000800025AA] -> 0x0085
[1338] [M]: 0x00000000800025A8 (0x008595B3) sll x11, x11, x8                        common_Mexcpt_handler+56
x11 <- 0x0000000000000298

mem[X,0x00000000800025AC] -> 0x9413
mem[X,0x00000000800025AE] -> 0x03D4
[1339] [M]: 0x00000000800025AC (0x03D49413) slli x8, x9, 0x3d                       common_Mexcpt_handler+60
x8 <- 0x8000000000000000

clint mtime 0x000000000000029E (mip.MTI <- 0b1, mip.STI <- 0b0)
mem[X,0x00000000800025B0] -> 0x5413
mem[X,0x00000000800025B2] -> 0x43F4
[1340] [M]: 0x00000000800025B0 (0x43F45413) srai x8, x8, 0x3f                       common_Mexcpt_handler+64
x8 <- 0xFFFFFFFFFFFFFFFF

mem[X,0x00000000800025B4] -> 0x4413
mem[X,0x00000000800025B6] -> 0xFFF4
[1341] [M]: 0x00000000800025B4 (0xFFF44413) xori x8, x8, -0x1                       common_Mexcpt_handler+68
x8 <- 0x0000000000000000

clint mtime 0x000000000000029F (mip.MTI <- 0b1, mip.STI <- 0b0)
mem[X,0x00000000800025B8] -> 0xF4B3
mem[X,0x00000000800025BA] -> 0x0085
[1342] [M]: 0x00000000800025B8 (0x0085F4B3) and x9, x11, x8                         common_Mexcpt_handler+72
x9 <- 0x0000000000000000

mem[X,0x00000000800025BC] -> 0x84B3
mem[X,0x00000000800025BE] -> 0x0024
[1343] [M]: 0x00000000800025BC (0x002484B3) add x9, x9, x2                          vmem_adj_Mepc+0
x9 <- 0x0000000080007000

clint mtime 0x00000000000002A0 (mip.MTI <- 0b1, mip.STI <- 0b0)
mem[X,0x00000000800025C0] -> 0x23F3
mem[X,0x00000000800025C2] -> 0x3410
[1344] [M]: 0x00000000800025C0 (0x341023F3) csrrs x7, mepc, x0                      vmem_adj_Mepc+4
CSR mepc (0x341) -> 0x0000000080000B20
x7 <- 0x0000000080000B20

mem[X,0x00000000800025C4] -> 0x0413
mem[X,0x00000000800025C6] -> 0x0004
[1345] [M]: 0x00000000800025C4 (0x00040413) addi x8, x8, 0x0                        vmem_adj_Mepc+8
x8 <- 0x0000000000000000

clint mtime 0x00000000000002A1 (mip.MTI <- 0b1, mip.STI <- 0b0)
mem[X,0x00000000800025C8] -> 0x006F
mem[X,0x00000000800025CA] -> 0x0400
[1346] [M]: 0x00000000800025C8 (0x0400006F) jal x0, 0x40                            vmem_adj_Mepc+12

mem[X,0x0000000080002608] -> 0x8433
mem[X,0x000000008000260A] -> 0x4083
[1347] [M]: 0x0000000080002608 (0x40838433) sub x8, x7, x8                          adj_Mepc+0
x8 <- 0x0000000080000B20

clint mtime 0x00000000000002A2 (mip.MTI <- 0b1, mip.STI <- 0b0)
mem[X,0x000000008000260C] -> 0x3823
mem[X,0x000000008000260E] -> 0x0083
[1348] [M]: 0x000000008000260C (0x00833823) sd x8, 0x10(x6)                         sv_Mepc+0
mem[W,0x00000000800084D0] <- 0x0000000080000B20

mem[X,0x0000000080002610] -> 0x55B7
mem[X,0x0000000080002612] -> 0x0000
[1349] [M]: 0x0000000080002610 (0x000055B7) lui x11, 0x5                            sv_Mepc+4
x11 <- 0x0000000000005000

clint mtime 0x00000000000002A3 (mip.MTI <- 0b1, mip.STI <- 0b0)
mem[X,0x0000000080002614] -> 0x8593
mem[X,0x0000000080002616] -> 0x6675
[1350] [M]: 0x0000000080002614 (0x66758593) addi x11, x11, 0x667                    sv_Mepc+8
x11 <- 0x0000000000005667

mem[X,0x0000000080002618] -> 0x9593
mem[X,0x000000008000261A] -> 0x0015
[1351] [M]: 0x0000000080002618 (0x00159593) slli x11, x11, 0x1                      sv_Mepc+12
x11 <- 0x000000000000ACCE

clint mtime 0x00000000000002A4 (mip.MTI <- 0b1, mip.STI <- 0b0)
mem[X,0x000000008000261C] -> 0x9063
mem[X,0x000000008000261E] -> 0x02B1
[1352] [M]: 0x000000008000261C (0x02B19063) bne x3, x11, 0x20                       sv_Mepc+16

mem[X,0x000000008000263C] -> 0xF593
mem[X,0x000000008000263E] -> 0xFFC3
[1353] [M]: 0x000000008000263C (0xFFC3F593) andi x11, x7, -0x4                      adj_Mepc_rtn+0
x11 <- 0x0000000080000B20

clint mtime 0x00000000000002A5 (mip.MTI <- 0b1, mip.STI <- 0b0)
mem[X,0x0000000080002640] -> 0x8593
mem[X,0x0000000080002642] -> 0x0085
[1354] [M]: 0x0000000080002640 (0x00858593) addi x11, x11, 0x8                      adj_Mepc_rtn+4
x11 <- 0x0000000080000B28

mem[X,0x0000000080002644] -> 0x9073
mem[X,0x0000000080002646] -> 0x3415
[1355] [M]: 0x0000000080002644 (0x34159073) csrrw x0, mepc, x11                     adj_Mepc_rtn+8
CSR mepc (0x341) <- 0x0000000080000B28

clint mtime 0x00000000000002A6 (mip.MTI <- 0b1, mip.STI <- 0b0)
mem[X,0x0000000080002648] -> 0x23F3
mem[X,0x000000008000264A] -> 0x3430
[1356] [M]: 0x0000000080002648 (0x343023F3) csrrs x7, mtval, x0                     skp_adj_Mepc+0
CSR mtval (0x343) -> 0x00000000800020B4
x7 <- 0x00000000800020B4

mem[X,0x000000008000264C] -> 0x7513
mem[X,0x000000008000264E] -> 0x00F5
[1357] [M]: 0x000000008000264C (0x00F57513) andi x10, x10, 0xf                      chk_Mtval+0
x10 <- 0x0000000000000005

clint mtime 0x00000000000002A7 (mip.MTI <- 0b1, mip.STI <- 0b0)
mem[X,0x0000000080002650] -> 0x0437
mem[X,0x0000000080002652] -> 0x0000
[1358] [M]: 0x0000000080002650 (0x00000437) lui x8, 0x0                             chk_Mtval+4
x8 <- 0x0000000000000000

mem[X,0x0000000080002654] -> 0x0413
mem[X,0x0000000080002656] -> 0x0004
[1359] [M]: 0x0000000080002654 (0x00040413) addi x8, x8, 0x0                        chk_Mtval+8
x8 <- 0x0000000000000000

clint mtime 0x00000000000002A8 (mip.MTI <- 0b1, mip.STI <- 0b0)
mem[X,0x0000000080002658] -> 0x1413
mem[X,0x000000008000265A] -> 0x00B4
[1360] [M]: 0x0000000080002658 (0x00B41413) slli x8, x8, 0xb                        chk_Mtval+12
x8 <- 0x0000000000000000

mem[X,0x000000008000265C] -> 0x0413
mem[X,0x000000008000265E] -> 0x0004
[1361] [M]: 0x000000008000265C (0x00040413) addi x8, x8, 0x0                        chk_Mtval+16
x8 <- 0x0000000000000000

clint mtime 0x00000000000002A9 (mip.MTI <- 0b1, mip.STI <- 0b0)
mem[X,0x0000000080002660] -> 0x1413
mem[X,0x0000000080002662] -> 0x00B4
[1362] [M]: 0x0000000080002660 (0x00B41413) slli x8, x8, 0xb                        chk_Mtval+20
x8 <- 0x0000000000000000

mem[X,0x0000000080002664] -> 0x0413
mem[X,0x0000000080002666] -> 0x02C4
[1363] [M]: 0x0000000080002664 (0x02C40413) addi x8, x8, 0x2c                       chk_Mtval+24
x8 <- 0x000000000000002C

clint mtime 0x00000000000002AA (mip.MTI <- 0b1, mip.STI <- 0b0)
mem[X,0x0000000080002668] -> 0x1413
mem[X,0x000000008000266A] -> 0x00A4
[1364] [M]: 0x0000000080002668 (0x00A41413) slli x8, x8, 0xa                        chk_Mtval+28
x8 <- 0x000000000000B000

mem[X,0x000000008000266C] -> 0x0413
mem[X,0x000000008000266E] -> 0x0FB4
[1365] [M]: 0x000000008000266C (0x0FB40413) addi x8, x8, 0xfb                       chk_Mtval+32
x8 <- 0x000000000000B0FB

clint mtime 0x00000000000002AB (mip.MTI <- 0b1, mip.STI <- 0b0)
mem[X,0x0000000080002670] -> 0x5433
mem[X,0x0000000080002672] -> 0x00A4
[1366] [M]: 0x0000000080002670 (0x00A45433) srl x8, x8, x10                         chk_Mtval+36
x8 <- 0x0000000000000587

mem[X,0x0000000080002674] -> 0x1413
mem[X,0x0000000080002676] -> 0x03F4
[1367] [M]: 0x0000000080002674 (0x03F41413) slli x8, x8, 0x3f                       chk_Mtval+40
x8 <- 0x8000000000000000

clint mtime 0x00000000000002AC (mip.MTI <- 0b1, mip.STI <- 0b0)
mem[X,0x0000000080002678] -> 0x5C63
mem[X,0x000000008000267A] -> 0x0404
[1368] [M]: 0x0000000080002678 (0x04045C63) bge x8, x0, 0x58                        chk_Mtval+44

mem[X,0x000000008000267C] -> 0xB403
mem[X,0x000000008000267E] -> 0x2084
[1369] [M]: 0x000000008000267C (0x2084B403) ld x8, 0x208(x9)                        vmem_adj_Mtval+0
mem[R,0x0000000080007208] -> 0x00000000800003B4
x8 <- 0x00000000800003B4

clint mtime 0x00000000000002AD (mip.MTI <- 0b1, mip.STI <- 0b0)
mem[X,0x0000000080002680] -> 0xB583
mem[X,0x0000000080002682] -> 0x2104
[1370] [M]: 0x0000000080002680 (0x2104B583) ld x11, 0x210(x9)                       vmem_adj_Mtval+4
mem[R,0x0000000080007210] -> 0x0000000000001E38
x11 <- 0x0000000000001E38

mem[X,0x0000000080002684] -> 0x85B3
mem[X,0x0000000080002686] -> 0x0085
[1371] [M]: 0x0000000080002684 (0x008585B3) add x11, x11, x8                        vmem_adj_Mtval+8
x11 <- 0x00000000800021EC

clint mtime 0x00000000000002AE (mip.MTI <- 0b1, mip.STI <- 0b0)
mem[X,0x0000000080002688] -> 0xF463
mem[X,0x000000008000268A] -> 0x00B3
[1372] [M]: 0x0000000080002688 (0x00B3F463) bgeu x7, x11, 0x8                       vmem_adj_Mtval+12

mem[X,0x000000008000268C] -> 0xF063
mem[X,0x000000008000268E] -> 0x0483
[1373] [M]: 0x000000008000268C (0x0483F063) bgeu x7, x8, 0x40                       vmem_adj_Mtval+16

clint mtime 0x00000000000002AF (mip.MTI <- 0b1, mip.STI <- 0b0)
mem[X,0x00000000800026CC] -> 0x8433
mem[X,0x00000000800026CE] -> 0x4083
[1374] [M]: 0x00000000800026CC (0x40838433) sub x8, x7, x8                          adj_Mtval+0
x8 <- 0x0000000000001D00

mem[X,0x00000000800026D0] -> 0x3C23
mem[X,0x00000000800026D2] -> 0x0083
[1375] [M]: 0x00000000800026D0 (0x00833C23) sd x8, 0x18(x6)                         sv_Mtval+0
mem[W,0x00000000800084D8] <- 0x0000000000001D00

clint mtime 0x00000000000002B0 (mip.MTI <- 0b1, mip.STI <- 0b0)
mem[X,0x00000000800026D4] -> 0x3483
mem[X,0x00000000800026D6] -> 0x2181
[1376] [M]: 0x00000000800026D4 (0x21813483) ld x9, 0x218(x2)                        skp_Mtval+0
mem[R,0x0000000080007218] -> 0x00000000800084E0
x9 <- 0x00000000800084E0

mem[X,0x00000000800026D8] -> 0x3383
mem[X,0x00000000800026DA] -> 0x1F81
[1377] [M]: 0x00000000800026D8 (0x1F813383) ld x7, 0x1f8(x2)                        skp_Mtval+4
mem[R,0x00000000800071F8] -> 0x0000000080008210
x7 <- 0x0000000080008210

clint mtime 0x00000000000002B1 (mip.MTI <- 0b1, mip.STI <- 0b0)
mem[X,0x00000000800026DC] -> 0x3303
mem[X,0x00000000800026DE] -> 0x2001
[1378] [M]: 0x00000000800026DC (0x20013303) ld x6, 0x200(x2)                        skp_Mtval+8
mem[R,0x0000000080007200] -> 0x0000000000000A20
x6 <- 0x0000000000000A20

mem[X,0x00000000800026E0] -> 0x0333
mem[X,0x00000000800026E2] -> 0x0073
[1379] [M]: 0x00000000800026E0 (0x00730333) add x6, x6, x7                          skp_Mtval+12
x6 <- 0x0000000080008C30

clint mtime 0x00000000000002B2 (mip.MTI <- 0b1, mip.STI <- 0b0)
mem[X,0x00000000800026E4] -> 0x68E3
mem[X,0x00000000800026E6] -> 0xB093
[1380] [M]: 0x00000000800026E4 (0xB09368E3) bltu x6, x9, -0x4f0                     skp_Mtval+16

mem[X,0x00000000800026E8] -> 0x0393
mem[X,0x00000000800026EA] -> 0x2000
[1381] [M]: 0x00000000800026E8 (0x20000393) addi x7, x0, 0x200                      skp_Mtval+20
x7 <- 0x0000000000000200

clint mtime 0x00000000000002B3 (mip.MTI <- 0b1, mip.STI <- 0b0)
mem[X,0x00000000800026EC] -> 0x006F
mem[X,0x00000000800026EE] -> 0x0400
[1382] [M]: 0x00000000800026EC (0x0400006F) jal x0, 0x40                            skp_Mtval+24

mem[X,0x000000008000272C] -> 0x0417
mem[X,0x000000008000272E] -> 0x0000
[1383] [M]: 0x000000008000272C (0x00000417) auipc x8, 0x0                           spcl_Mhandler+0
x8 <- 0x000000008000272C

clint mtime 0x00000000000002B4 (mip.MTI <- 0b1, mip.STI <- 0b0)
mem[X,0x0000000080002730] -> 0x0413
mem[X,0x0000000080002732] -> 0x03C4
[1384] [M]: 0x0000000080002730 (0x03C40413) addi x8, x8, 0x3c                       spcl_Mhandler+4
x8 <- 0x0000000080002768

mem[X,0x0000000080002734] -> 0x0433
mem[X,0x0000000080002736] -> 0x0074
[1385] [M]: 0x0000000080002734 (0x00740433) add x8, x8, x7                          spcl_Mhandler+8
x8 <- 0x0000000080002968

clint mtime 0x00000000000002B5 (mip.MTI <- 0b1, mip.STI <- 0b0)
mem[X,0x0000000080002738] -> 0x1393
mem[X,0x000000008000273A] -> 0x0035
[1386] [M]: 0x0000000080002738 (0x00351393) slli x7, x10, 0x3                       spcl_Mhandler+12
x7 <- 0x0000000000000028

mem[X,0x000000008000273C] -> 0x0433
mem[X,0x000000008000273E] -> 0x0074
[1387] [M]: 0x000000008000273C (0x00740433) add x8, x8, x7                          spcl_Mhandler+16
x8 <- 0x0000000080002990

clint mtime 0x00000000000002B6 (mip.MTI <- 0b1, mip.STI <- 0b0)
mem[X,0x0000000080002740] -> 0x7413
mem[X,0x0000000080002742] -> 0xFF84
[1388] [M]: 0x0000000080002740 (0xFF847413) andi x8, x8, -0x8                       spcl_Mhandler+20
x8 <- 0x0000000080002990

mem[X,0x0000000080002744] -> 0x3403
mem[X,0x0000000080002746] -> 0x0004
[1389] [M]: 0x0000000080002744 (0x00043403) ld x8, 0x0(x8)                          spcl_Mhandler+24
mem[R,0x0000000080002990] -> 0x000000000000000B
x8 <- 0x000000000000000B

clint mtime 0x00000000000002B7 (mip.MTI <- 0b1, mip.STI <- 0b0)
mem[X,0x0000000080002748] -> 0x00E3
mem[X,0x000000008000274A] -> 0xB404
[1390] [M]: 0x0000000080002748 (0xB40400E3) beq x8, x0, -0x4c0                      spcl_Mdispatch_hndling+0

mem[X,0x000000008000274C] -> 0x1393
mem[X,0x000000008000274E] -> 0x03F4
[1391] [M]: 0x000000008000274C (0x03F41393) slli x7, x8, 0x3f                       spcl_Mdispatch_hndling+4
x7 <- 0x8000000000000000

clint mtime 0x00000000000002B8 (mip.MTI <- 0b1, mip.STI <- 0b0)
mem[X,0x0000000080002750] -> 0xD863
mem[X,0x0000000080002752] -> 0x0003
[1392] [M]: 0x0000000080002750 (0x0003D863) bge x7, x0, 0x10                        spcl_Mdispatch_hndling+8

mem[X,0x0000000080002754] -> 0x5413
mem[X,0x0000000080002756] -> 0x0014
[1393] [M]: 0x0000000080002754 (0x00145413) srli x8, x8, 0x1                        spcl_Mdispatch_hndling+12
x8 <- 0x0000000000000005

clint mtime 0x00000000000002B9 (mip.MTI <- 0b1, mip.STI <- 0b0)
mem[X,0x0000000080002758] -> 0x0CE3
mem[X,0x000000008000275A] -> 0xF885
[1394] [M]: 0x0000000080002758 (0xF8850CE3) beq x10, x8, -0x68                      spcl_Mdispatch_hndling+16

mem[X,0x00000000800026F0] -> 0x3303
mem[X,0x00000000800026F2] -> 0x2601
[1395] [M]: 0x00000000800026F0 (0x26013303) ld x6, 0x260(x2)                        resto_Mrtn+0
mem[R,0x0000000080007260] -> 0x000000001FDDB7D5
x6 <- 0x000000001FDDB7D5

clint mtime 0x00000000000002BA (mip.MTI <- 0b1, mip.STI <- 0b0)
mem[X,0x00000000800026F4] -> 0x3383
mem[X,0x00000000800026F6] -> 0x2681
[1396] [M]: 0x00000000800026F4 (0x26813383) ld x7, 0x268(x2)                        resto_Mrtn+4
mem[R,0x0000000080007268] -> 0x00000000003FBB6F
x7 <- 0x00000000003FBB6F

mem[X,0x00000000800026F8] -> 0x3403
mem[X,0x00000000800026FA] -> 0x2701
[1397] [M]: 0x00000000800026F8 (0x27013403) ld x8, 0x270(x2)                        resto_Mrtn+8
mem[R,0x0000000080007270] -> 0x0000000000007F76
x8 <- 0x0000000000007F76

clint mtime 0x00000000000002BB (mip.MTI <- 0b1, mip.STI <- 0b0)
mem[X,0x00000000800026FC] -> 0x3483
mem[X,0x00000000800026FE] -> 0x2781
[1398] [M]: 0x00000000800026FC (0x27813483) ld x9, 0x278(x2)                        resto_Mrtn+12
mem[R,0x0000000080007278] -> 0x00000000000000FE
x9 <- 0x00000000000000FE

mem[X,0x0000000080002700] -> 0x3503
mem[X,0x0000000080002702] -> 0x2801
[1399] [M]: 0x0000000080002700 (0x28013503) ld x10, 0x280(x2)                       resto_Mrtn+16
mem[R,0x0000000080007280] -> 0x0000000000000001
x10 <- 0x0000000000000001

clint mtime 0x00000000000002BC (mip.MTI <- 0b1, mip.STI <- 0b0)
mem[X,0x0000000080002704] -> 0x3583
mem[X,0x0000000080002706] -> 0x2881
[1400] [M]: 0x0000000080002704 (0x28813583) ld x11, 0x288(x2)                       resto_Mrtn+20
mem[R,0x0000000080007288] -> 0x0000000000000000
x11 <- 0x0000000000000000

mem[X,0x0000000080002708] -> 0x3103
mem[X,0x000000008000270A] -> 0x2901
[1401] [M]: 0x0000000080002708 (0x29013103) ld x2, 0x290(x2)                        resto_Mrtn+24
mem[R,0x0000000080007290] -> 0x01FDDB7D5BFDDB7F
x2 <- 0x01FDDB7D5BFDDB7F

clint mtime 0x00000000000002BD (mip.MTI <- 0b1, mip.STI <- 0b0)
mem[X,0x000000008000270C] -> 0x0073
mem[X,0x000000008000270E] -> 0x3020
[1402] [M]: 0x000000008000270C (0x30200073) mret                                    resto_Mrtn+28
CSR mstatus (0x300) <- 0x0000000A00000080
ret-ing from M to M

mem[X,0x0000000080000B28] -> 0x0013
mem[X,0x0000000080000B2A] -> 0x0000
[1403] [M]: 0x0000000080000B28 (0x00000013) addi x0, x0, 0x0                        main+1864

clint mtime 0x00000000000002BE (mip.MTI <- 0b1, mip.STI <- 0b0)
mem[X,0x0000000080000B2C] -> 0xB823
mem[X,0x0000000080000B2E] -> 0x04E6
[1404] [M]: 0x0000000080000B2C (0x04E6B823) sd x14, 0x50(x13)                       main+1868
mem[W,0x0000000080008268] <- 0x0000000000000013

mem[X,0x0000000080000B30] -> 0x0013
mem[X,0x0000000080000B32] -> 0x0000
[1405] [M]: 0x0000000080000B30 (0x00000013) addi x0, x0, 0x0                        main+1872

clint mtime 0x00000000000002BF (mip.MTI <- 0b1, mip.STI <- 0b0)
mem[X,0x0000000080000B34] -> 0x0013
mem[X,0x0000000080000B36] -> 0x0000
[1406] [M]: 0x0000000080000B34 (0x00000013) addi x0, x0, 0x0                        main+1876

mem[X,0x0000000080000B38] -> 0x0013
mem[X,0x0000000080000B3A] -> 0x0000
[1407] [M]: 0x0000000080000B38 (0x00000013) addi x0, x0, 0x0                        main+1880

clint mtime 0x00000000000002C0 (mip.MTI <- 0b1, mip.STI <- 0b0)
mem[X,0x0000000080000B3C] -> 0x0013
mem[X,0x0000000080000B3E] -> 0x0000
[1408] [M]: 0x0000000080000B3C (0x00000013) addi x0, x0, 0x0                        main+1884

mem[X,0x0000000080000B40] -> 0x1797
mem[X,0x0000000080000B42] -> 0x0000
[1409] [M]: 0x0000000080000B40 (0x00001797) auipc x15, 0x1                          main+1888
x15 <- 0x0000000080001B40

clint mtime 0x00000000000002C1 (mip.MTI <- 0b1, mip.STI <- 0b0)
mem[X,0x0000000080000B44] -> 0x8793
mem[X,0x0000000080000B46] -> 0x59C7
[1410] [M]: 0x0000000080000B44 (0x59C78793) addi x15, x15, 0x59c                    main+1892
x15 <- 0x00000000800020DC

mem[X,0x0000000080000B48] -> 0x0001
[1411] [M]: 0x0000000080000B48 (0x0001) c.nop                                       main+1896

clint mtime 0x00000000000002C2 (mip.MTI <- 0b1, mip.STI <- 0b0)
mem[X,0x0000000080000B4A] -> 0x0013
mem[X,0x0000000080000B4C] -> 0x0000
[1412] [M]: 0x0000000080000B4A (0x00000013) addi x0, x0, 0x0                        main+1898

mem[X,0x0000000080000B4E] -> 0x0013
mem[X,0x0000000080000B50] -> 0x0000
[1413] [M]: 0x0000000080000B4E (0x00000013) addi x0, x0, 0x0                        main+1902

clint mtime 0x00000000000002C3 (mip.MTI <- 0b1, mip.STI <- 0b0)
mem[X,0x0000000080000B52] -> 0x0013
mem[X,0x0000000080000B54] -> 0x0000
[1414] [M]: 0x0000000080000B52 (0x00000013) addi x0, x0, 0x0                        main+1906

mem[X,0x0000000080000B56] -> 0x0013
mem[X,0x0000000080000B58] -> 0x0000
[1415] [M]: 0x0000000080000B56 (0x00000013) addi x0, x0, 0x0                        main+1910

clint mtime 0x00000000000002C4 (mip.MTI <- 0b1, mip.STI <- 0b0)
mem[X,0x0000000080000B5A] -> 0x0013
mem[X,0x0000000080000B5C] -> 0x0000
[1416] [M]: 0x0000000080000B5A (0x00000013) addi x0, x0, 0x0                        main+1914

mem[X,0x0000000080000B5E] -> 0x0001
[1417] [M]: 0x0000000080000B5E (0x0001) c.nop                                       main+1918

clint mtime 0x00000000000002C5 (mip.MTI <- 0b1, mip.STI <- 0b0)
mem[X,0x0000000080000B60] -> 0xA703
mem[X,0x0000000080000B62] -> 0x0007
[1418] [M]: 0x0000000080000B60 (0x0007A703) lw x14, 0x0(x15)                        main+1920
mem[R,0x00000000800020DC] -> 0x00000013
x14 <- 0x0000000000000013

mem[X,0x0000000080000B64] -> 0x0013
mem[X,0x0000000080000B66] -> 0x0000
[1419] [M]: 0x0000000080000B64 (0x00000013) addi x0, x0, 0x0                        main+1924

clint mtime 0x00000000000002C6 (mip.MTI <- 0b1, mip.STI <- 0b0)
mem[X,0x0000000080000B68] -> 0x0013
mem[X,0x0000000080000B6A] -> 0x0000
[1420] [M]: 0x0000000080000B68 (0x00000013) addi x0, x0, 0x0                        main+1928

mem[X,0x0000000080000B6C] -> 0xBC23
mem[X,0x0000000080000B6E] -> 0x04E6
[1421] [M]: 0x0000000080000B6C (0x04E6BC23) sd x14, 0x58(x13)                       main+1932
mem[W,0x0000000080008270] <- 0x0000000000000013

clint mtime 0x00000000000002C7 (mip.MTI <- 0b1, mip.STI <- 0b0)
mem[X,0x0000000080000B70] -> 0x0013
mem[X,0x0000000080000B72] -> 0x0000
[1422] [M]: 0x0000000080000B70 (0x00000013) addi x0, x0, 0x0                        main+1936

mem[X,0x0000000080000B74] -> 0x0013
mem[X,0x0000000080000B76] -> 0x0000
[1423] [M]: 0x0000000080000B74 (0x00000013) addi x0, x0, 0x0                        main+1940

clint mtime 0x00000000000002C8 (mip.MTI <- 0b1, mip.STI <- 0b0)
mem[X,0x0000000080000B78] -> 0x0013
mem[X,0x0000000080000B7A] -> 0x0000
[1424] [M]: 0x0000000080000B78 (0x00000013) addi x0, x0, 0x0                        main+1944

mem[X,0x0000000080000B7C] -> 0x0013
mem[X,0x0000000080000B7E] -> 0x0000
[1425] [M]: 0x0000000080000B7C (0x00000013) addi x0, x0, 0x0                        main+1948

clint mtime 0x00000000000002C9 (mip.MTI <- 0b1, mip.STI <- 0b0)
mem[X,0x0000000080000B80] -> 0x1797
mem[X,0x0000000080000B82] -> 0x0000
[1426] [M]: 0x0000000080000B80 (0x00001797) auipc x15, 0x1                          main+1952
x15 <- 0x0000000080001B80

mem[X,0x0000000080000B84] -> 0x8793
mem[X,0x0000000080000B86] -> 0x5887
[1427] [M]: 0x0000000080000B84 (0x58878793) addi x15, x15, 0x588                    main+1956
x15 <- 0x0000000080002108

clint mtime 0x00000000000002CA (mip.MTI <- 0b1, mip.STI <- 0b0)
mem[X,0x0000000080000B88] -> 0x0001
[1428] [M]: 0x0000000080000B88 (0x0001) c.nop                                       main+1960

mem[X,0x0000000080000B8A] -> 0x0013
mem[X,0x0000000080000B8C] -> 0x0000
[1429] [M]: 0x0000000080000B8A (0x00000013) addi x0, x0, 0x0                        main+1962

clint mtime 0x00000000000002CB (mip.MTI <- 0b1, mip.STI <- 0b0)
mem[X,0x0000000080000B8E] -> 0x0013
mem[X,0x0000000080000B90] -> 0x0000
[1430] [M]: 0x0000000080000B8E (0x00000013) addi x0, x0, 0x0                        main+1966

mem[X,0x0000000080000B92] -> 0x0013
mem[X,0x0000000080000B94] -> 0x0000
[1431] [M]: 0x0000000080000B92 (0x00000013) addi x0, x0, 0x0                        main+1970

clint mtime 0x00000000000002CC (mip.MTI <- 0b1, mip.STI <- 0b0)
mem[X,0x0000000080000B96] -> 0x0013
mem[X,0x0000000080000B98] -> 0x0000
[1432] [M]: 0x0000000080000B96 (0x00000013) addi x0, x0, 0x0                        main+1974

mem[X,0x0000000080000B9A] -> 0x0013
mem[X,0x0000000080000B9C] -> 0x0000
[1433] [M]: 0x0000000080000B9A (0x00000013) addi x0, x0, 0x0                        main+1978

clint mtime 0x00000000000002CD (mip.MTI <- 0b1, mip.STI <- 0b0)
mem[X,0x0000000080000B9E] -> 0x0001
[1434] [M]: 0x0000000080000B9E (0x0001) c.nop                                       main+1982

mem[X,0x0000000080000BA0] -> 0xA703
mem[X,0x0000000080000BA2] -> 0x0007
[1435] [M]: 0x0000000080000BA0 (0x0007A703) lw x14, 0x0(x15)                        main+1984
trapping from M to M to handle load-access-fault
handling exc#load-access-fault at priv M with tval 0x0000000080002108
CSR mstatus (0x300) <- 0x0000000A00001800
CSR mcause (0x342) <- 0x0000000000000005
CSR mtval (0x343) <- 0x0000000080002108
CSR mepc (0x341) <- 0x0000000080000BA0

clint mtime 0x00000000000002CE (mip.MTI <- 0b1, mip.STI <- 0b0)
mem[X,0x00000000800022C0] -> 0x006F
mem[X,0x00000000800022C2] -> 0x1000
[1436] [M]: 0x00000000800022C0 (0x1000006F) jal x0, 0x100                           Mtrampoline+0

mem[X,0x00000000800023C0] -> 0x1173
mem[X,0x00000000800023C2] -> 0x3401
[1437] [M]: 0x00000000800023C0 (0x34011173) csrrw x2, mscratch, x2                  trap_Mhandler+0
CSR mscratch (0x340) <- 0x01FDDB7D5BFDDB7F
x2 <- 0x0000000080007000

clint mtime 0x00000000000002CF (mip.MTI <- 0b1, mip.STI <- 0b0)
mem[X,0x00000000800023C4] -> 0x3423
mem[X,0x00000000800023C6] -> 0x28B1
[1438] [M]: 0x00000000800023C4 (0x28B13423) sd x11, 0x288(x2)                       trap_Mhandler+4
mem[W,0x0000000080007288] <- 0x0000000000000000

mem[X,0x00000000800023C8] -> 0x05EF
mem[X,0x00000000800023CA] -> 0x0B80
[1439] [M]: 0x00000000800023C8 (0x0B8005EF) jal x11, 0xb8                           trap_Mhandler+8
x11 <- 0x00000000800023CC

clint mtime 0x00000000000002D0 (mip.MTI <- 0b1, mip.STI <- 0b0)
mem[X,0x0000000080002480] -> 0x3023
mem[X,0x0000000080002482] -> 0x28A1
[1440] [M]: 0x0000000080002480 (0x28A13023) sd x10, 0x280(x2)                       common_Mhandler+0
mem[W,0x0000000080007280] <- 0x0000000000000001

mem[X,0x0000000080002484] -> 0x1573
mem[X,0x0000000080002486] -> 0x3401
[1441] [M]: 0x0000000080002484 (0x34011573) csrrw x10, mscratch, x2                 common_Mhandler+4
CSR mscratch (0x340) <- 0x0000000080007000
x10 <- 0x01FDDB7D5BFDDB7F

clint mtime 0x00000000000002D1 (mip.MTI <- 0b1, mip.STI <- 0b0)
mem[X,0x0000000080002488] -> 0x3823
mem[X,0x000000008000248A] -> 0x28A1
[1442] [M]: 0x0000000080002488 (0x28A13823) sd x10, 0x290(x2)                       common_Mhandler+8
mem[W,0x0000000080007290] <- 0x01FDDB7D5BFDDB7F

mem[X,0x000000008000248C] -> 0x3503
mem[X,0x000000008000248E] -> 0x2301
[1443] [M]: 0x000000008000248C (0x23013503) ld x10, 0x230(x2)                       common_Mhandler+12
mem[R,0x0000000080007230] -> 0x0000000080002494
x10 <- 0x0000000080002494

clint mtime 0x00000000000002D2 (mip.MTI <- 0b1, mip.STI <- 0b0)
mem[X,0x0000000080002490] -> 0x0067
mem[X,0x0000000080002492] -> 0x0005
[1444] [M]: 0x0000000080002490 (0x00050067) jalr x0, 0x0(x10)                       common_Mhandler+16

mem[X,0x0000000080002494] -> 0x3C23
mem[X,0x0000000080002496] -> 0x2691
[1445] [M]: 0x0000000080002494 (0x26913C23) sd x9, 0x278(x2)                        common_Mentry+0
mem[W,0x0000000080007278] <- 0x00000000000000FE

clint mtime 0x00000000000002D3 (mip.MTI <- 0b1, mip.STI <- 0b0)
mem[X,0x0000000080002498] -> 0x3823
mem[X,0x000000008000249A] -> 0x2681
[1446] [M]: 0x0000000080002498 (0x26813823) sd x8, 0x270(x2)                        common_Mentry+4
mem[W,0x0000000080007270] <- 0x0000000000007F76

mem[X,0x000000008000249C] -> 0x3423
mem[X,0x000000008000249E] -> 0x2671
[1447] [M]: 0x000000008000249C (0x26713423) sd x7, 0x268(x2)                        common_Mentry+8
mem[W,0x0000000080007268] <- 0x00000000003FBB6F

clint mtime 0x00000000000002D4 (mip.MTI <- 0b1, mip.STI <- 0b0)
mem[X,0x00000000800024A0] -> 0x3023
mem[X,0x00000000800024A2] -> 0x2661
[1448] [M]: 0x00000000800024A0 (0x26613023) sd x6, 0x260(x2)                        common_Mentry+12
mem[W,0x0000000080007260] <- 0x000000001FDDB7D5

mem[X,0x00000000800024A4] -> 0x2573
mem[X,0x00000000800024A6] -> 0x3420
[1449] [M]: 0x00000000800024A4 (0x34202573) csrrs x10, mcause, x0                   spcl_M2mmode_test+0
CSR mcause (0x342) -> 0x0000000000000005
x10 <- 0x0000000000000005

clint mtime 0x00000000000002D5 (mip.MTI <- 0b1, mip.STI <- 0b0)
mem[X,0x00000000800024A8] -> 0x04B7
mem[X,0x00000000800024AA] -> 0x8000
[1450] [M]: 0x00000000800024A8 (0x800004B7) lui x9, -0x80000                        spcl_M2mmode_test+4
x9 <- 0xFFFFFFFF80000000

mem[X,0x00000000800024AC] -> 0x8493
mem[X,0x00000000800024AE] -> 0x0004
[1451] [M]: 0x00000000800024AC (0x00048493) addi x9, x9, 0x0                        spcl_M2mmode_test+8
x9 <- 0xFFFFFFFF80000000

clint mtime 0x00000000000002D6 (mip.MTI <- 0b1, mip.STI <- 0b0)
mem[X,0x00000000800024B0] -> 0x9493
mem[X,0x00000000800024B2] -> 0x00B4
[1452] [M]: 0x00000000800024B0 (0x00B49493) slli x9, x9, 0xb                        spcl_M2mmode_test+12
x9 <- 0xFFFFFC0000000000

mem[X,0x00000000800024B4] -> 0x8493
mem[X,0x00000000800024B6] -> 0x0004
[1453] [M]: 0x00000000800024B4 (0x00048493) addi x9, x9, 0x0                        spcl_M2mmode_test+16
x9 <- 0xFFFFFC0000000000

clint mtime 0x00000000000002D7 (mip.MTI <- 0b1, mip.STI <- 0b0)
mem[X,0x00000000800024B8] -> 0x9493
mem[X,0x00000000800024BA] -> 0x00B4
[1454] [M]: 0x00000000800024B8 (0x00B49493) slli x9, x9, 0xb                        spcl_M2mmode_test+20
x9 <- 0xFFE0000000000000

mem[X,0x00000000800024BC] -> 0x8493
mem[X,0x00000000800024BE] -> 0x0034
[1455] [M]: 0x00000000800024BC (0x00348493) addi x9, x9, 0x3                        spcl_M2mmode_test+24
x9 <- 0xFFE0000000000003

clint mtime 0x00000000000002D8 (mip.MTI <- 0b1, mip.STI <- 0b0)
mem[X,0x00000000800024C0] -> 0x9493
mem[X,0x00000000800024C2] -> 0x00A4
[1456] [M]: 0x00000000800024C0 (0x00A49493) slli x9, x9, 0xa                        spcl_M2mmode_test+28
x9 <- 0x8000000000000C00

mem[X,0x00000000800024C4] -> 0x8493
mem[X,0x00000000800024C6] -> 0x3FC4
[1457] [M]: 0x00000000800024C4 (0x3FC48493) addi x9, x9, 0x3fc                      spcl_M2mmode_test+32
x9 <- 0x8000000000000FFC

clint mtime 0x00000000000002D9 (mip.MTI <- 0b1, mip.STI <- 0b0)
mem[X,0x00000000800024C8] -> 0xF4B3
mem[X,0x00000000800024CA] -> 0x00A4
[1458] [M]: 0x00000000800024C8 (0x00A4F4B3) and x9, x9, x10                         spcl_M2mmode_test+36
x9 <- 0x0000000000000004

mem[X,0x00000000800024CC] -> 0x8493
mem[X,0x00000000800024CE] -> 0xFF84
[1459] [M]: 0x00000000800024CC (0xFF848493) addi x9, x9, -0x8                       spcl_M2mmode_test+40
x9 <- 0xFFFFFFFFFFFFFFFC

clint mtime 0x00000000000002DA (mip.MTI <- 0b1, mip.STI <- 0b0)
mem[X,0x00000000800024D0] -> 0x9663
mem[X,0x00000000800024D2] -> 0x0004
[1460] [M]: 0x00000000800024D0 (0x00049663) bne x9, x0, 0xc                         spcl_M2mmode_test+44

mem[X,0x00000000800024DC] -> 0x0393
mem[X,0x00000000800024DE] -> 0x0200
[1461] [M]: 0x00000000800024DC (0x02000393) addi x7, x0, 0x20                       Mtrapsig_ptr_upd+0
x7 <- 0x0000000000000020

clint mtime 0x00000000000002DB (mip.MTI <- 0b1, mip.STI <- 0b0)
mem[X,0x00000000800024E0] -> 0x5263
mem[X,0x00000000800024E2] -> 0x0405
[1462] [M]: 0x00000000800024E0 (0x04055263) bge x10, x0, 0x44                       Mtrapsig_ptr_upd+4

mem[X,0x0000000080002524] -> 0x2373
mem[X,0x0000000080002526] -> 0x3010
[1463] [M]: 0x0000000080002524 (0x30102373) csrrs x6, misa, x0                      Mxcpt_sig_sv+0
CSR misa (0x301) -> 0x800000000034112F
x6 <- 0x800000000034112F

clint mtime 0x00000000000002DC (mip.MTI <- 0b1, mip.STI <- 0b0)
mem[X,0x0000000080002528] -> 0x1313
mem[X,0x000000008000252A] -> 0x0383
[1464] [M]: 0x0000000080002528 (0x03831313) slli x6, x6, 0x38                       Mxcpt_sig_sv+4
x6 <- 0x2F00000000000000

mem[X,0x000000008000252C] -> 0x5463
mem[X,0x000000008000252E] -> 0x0003
[1465] [M]: 0x000000008000252C (0x00035463) bge x6, x0, 0x8                         Mxcpt_sig_sv+8

clint mtime 0x00000000000002DD (mip.MTI <- 0b1, mip.STI <- 0b0)
mem[X,0x0000000080002534] -> 0x3303
mem[X,0x0000000080002536] -> 0x2181
[1466] [M]: 0x0000000080002534 (0x21813303) ld x6, 0x218(x2)                        Mtrap_sig_sv+0
mem[R,0x0000000080007218] -> 0x00000000800084E0
x6 <- 0x00000000800084E0

mem[X,0x0000000080002538] -> 0x04B3
mem[X,0x000000008000253A] -> 0x0073
[1467] [M]: 0x0000000080002538 (0x007304B3) add x9, x6, x7                          Mtrap_sig_sv+4
x9 <- 0x0000000080008500

clint mtime 0x00000000000002DE (mip.MTI <- 0b1, mip.STI <- 0b0)
mem[X,0x000000008000253C] -> 0x3C23
mem[X,0x000000008000253E] -> 0x2091
[1468] [M]: 0x000000008000253C (0x20913C23) sd x9, 0x218(x2)                        Mtrap_sig_sv+8
mem[W,0x0000000080007218] <- 0x0000000080008500

mem[X,0x0000000080002540] -> 0x3403
mem[X,0x0000000080002542] -> 0x1F81
[1469] [M]: 0x0000000080002540 (0x1F813403) ld x8, 0x1f8(x2)                        Mtrap_sig_sv+12
mem[R,0x00000000800071F8] -> 0x0000000080008210
x8 <- 0x0000000080008210

clint mtime 0x00000000000002DF (mip.MTI <- 0b1, mip.STI <- 0b0)
mem[X,0x0000000080002544] -> 0x0333
mem[X,0x0000000080002546] -> 0x4083
[1470] [M]: 0x0000000080002544 (0x40830333) sub x6, x6, x8                          Mtrap_sig_sv+16
x6 <- 0x00000000000002D0

mem[X,0x0000000080002548] -> 0x3403
mem[X,0x000000008000254A] -> 0x1F81
[1471] [M]: 0x0000000080002548 (0x1F813403) ld x8, 0x1f8(x2)                        Mtrap_sig_sv+20
mem[R,0x00000000800071F8] -> 0x0000000080008210
x8 <- 0x0000000080008210

clint mtime 0x00000000000002E0 (mip.MTI <- 0b1, mip.STI <- 0b0)
mem[X,0x000000008000254C] -> 0x0333
mem[X,0x000000008000254E] -> 0x0083
[1472] [M]: 0x000000008000254C (0x00830333) add x6, x6, x8                          Mtrap_sig_sv+24
x6 <- 0x00000000800084E0

mem[X,0x0000000080002550] -> 0x3403
mem[X,0x0000000080002552] -> 0x2401
[1473] [M]: 0x0000000080002550 (0x24013403) ld x8, 0x240(x2)                        Mtrap_sig_sv+28
mem[R,0x0000000080007240] -> 0x00000000800022C0
x8 <- 0x00000000800022C0

clint mtime 0x00000000000002E1 (mip.MTI <- 0b1, mip.STI <- 0b0)
mem[X,0x0000000080002554] -> 0x85B3
mem[X,0x0000000080002556] -> 0x4085
[1474] [M]: 0x0000000080002554 (0x408585B3) sub x11, x11, x8                        sv_Mvect+0
x11 <- 0x000000000000010C

mem[X,0x0000000080002558] -> 0x9593
mem[X,0x000000008000255A] -> 0x0045
[1475] [M]: 0x0000000080002558 (0x00459593) slli x11, x11, 0x4                      sv_Mvect+4
x11 <- 0x00000000000010C0

clint mtime 0x00000000000002E2 (mip.MTI <- 0b1, mip.STI <- 0b0)
mem[X,0x000000008000255C] -> 0xE5B3
mem[X,0x000000008000255E] -> 0x0075
[1476] [M]: 0x000000008000255C (0x0075E5B3) or x11, x11, x7                         sv_Mvect+8
x11 <- 0x00000000000010E0

mem[X,0x0000000080002560] -> 0x8593
mem[X,0x0000000080002562] -> 0x0035
[1477] [M]: 0x0000000080002560 (0x00358593) addi x11, x11, 0x3                      sv_Mvect+12
x11 <- 0x00000000000010E3

clint mtime 0x00000000000002E3 (mip.MTI <- 0b1, mip.STI <- 0b0)
mem[X,0x0000000080002564] -> 0x3023
mem[X,0x0000000080002566] -> 0x00B3
[1478] [M]: 0x0000000080002564 (0x00B33023) sd x11, 0x0(x6)                         sv_Mvect+16
mem[W,0x00000000800084E0] <- 0x00000000000010E3

mem[X,0x0000000080002568] -> 0x3423
mem[X,0x000000008000256A] -> 0x00A3
[1479] [M]: 0x0000000080002568 (0x00A33423) sd x10, 0x8(x6)                         sv_Mcause+0
mem[W,0x00000000800084E8] <- 0x0000000000000005

clint mtime 0x00000000000002E4 (mip.MTI <- 0b1, mip.STI <- 0b0)
mem[X,0x000000008000256C] -> 0x4263
mem[X,0x000000008000256E] -> 0x1A05
[1480] [M]: 0x000000008000256C (0x1A054263) blt x10, x0, 0x1a4                      sv_Mcause+4

mem[X,0x0000000080002570] -> 0x25F3
mem[X,0x0000000080002572] -> 0x3000
[1481] [M]: 0x0000000080002570 (0x300025F3) csrrs x11, mstatus, x0                  common_Mexcpt_handler+0
CSR mstatus (0x300) -> 0x0000000A00001800
x11 <- 0x0000000A00001800

clint mtime 0x00000000000002E5 (mip.MTI <- 0b1, mip.STI <- 0b0)
mem[X,0x0000000080002574] -> 0x9413
mem[X,0x0000000080002576] -> 0x02E5
[1482] [M]: 0x0000000080002574 (0x02E59413) slli x8, x11, 0x2e                      common_Mexcpt_handler+4
x8 <- 0x0600000000000000

mem[X,0x0000000080002578] -> 0x5463
mem[X,0x000000008000257A] -> 0x0004
[1483] [M]: 0x0000000080002578 (0x00045463) bge x8, x0, 0x8                         common_Mexcpt_handler+8

clint mtime 0x00000000000002E6 (mip.MTI <- 0b1, mip.STI <- 0b0)
mem[X,0x0000000080002580] -> 0xD493
mem[X,0x0000000080002582] -> 0x00B5
[1484] [M]: 0x0000000080002580 (0x00B5D493) srli x9, x11, 0xb                       common_Mexcpt_handler+16
x9 <- 0x0000000001400003

mem[X,0x0000000080002584] -> 0xF493
mem[X,0x0000000080002586] -> 0x0034
[1485] [M]: 0x0000000080002584 (0x0034F493) andi x9, x9, 0x3                        common_Mexcpt_handler+20
x9 <- 0x0000000000000003

clint mtime 0x00000000000002E7 (mip.MTI <- 0b1, mip.STI <- 0b0)
mem[X,0x0000000080002588] -> 0x8493
mem[X,0x000000008000258A] -> 0x0014
[1486] [M]: 0x0000000080002588 (0x00148493) addi x9, x9, 0x1                        common_Mexcpt_handler+24
x9 <- 0x0000000000000004

mem[X,0x000000008000258C] -> 0xF493
mem[X,0x000000008000258E] -> 0x0044
[1487] [M]: 0x000000008000258C (0x0044F493) andi x9, x9, 0x4                        common_Mexcpt_handler+28
x9 <- 0x0000000000000004

clint mtime 0x00000000000002E8 (mip.MTI <- 0b1, mip.STI <- 0b0)
mem[X,0x0000000080002590] -> 0x0593
mem[X,0x0000000080002592] -> 0x05D0
[1488] [M]: 0x0000000080002590 (0x05D00593) addi x11, x0, 0x5d                      common_Mexcpt_handler+32
x11 <- 0x000000000000005D

mem[X,0x0000000080002594] -> 0xD5B3
mem[X,0x0000000080002596] -> 0x0095
[1489] [M]: 0x0000000080002594 (0x0095D5B3) srl x11, x11, x9                        common_Mexcpt_handler+36
x11 <- 0x0000000000000005

clint mtime 0x00000000000002E9 (mip.MTI <- 0b1, mip.STI <- 0b0)
mem[X,0x0000000080002598] -> 0xF593
mem[X,0x000000008000259A] -> 0x0015
[1490] [M]: 0x0000000080002598 (0x0015F593) andi x11, x11, 0x1                      common_Mexcpt_handler+40
x11 <- 0x0000000000000001

mem[X,0x000000008000259C] -> 0x8EE3
mem[X,0x000000008000259E] -> 0xF405
[1491] [M]: 0x000000008000259C (0xF4058EE3) beq x11, x0, -0xa4                      common_Mexcpt_handler+44

clint mtime 0x00000000000002EA (mip.MTI <- 0b1, mip.STI <- 0b0)
mem[X,0x00000000800025A0] -> 0x0593
mem[X,0x00000000800025A2] -> 0x2980
[1492] [M]: 0x00000000800025A0 (0x29800593) addi x11, x0, 0x298                     common_Mexcpt_handler+48
x11 <- 0x0000000000000298

mem[X,0x00000000800025A4] -> 0xF413
mem[X,0x00000000800025A6] -> 0x0014
[1493] [M]: 0x00000000800025A4 (0x0014F413) andi x8, x9, 0x1                        common_Mexcpt_handler+52
x8 <- 0x0000000000000000

clint mtime 0x00000000000002EB (mip.MTI <- 0b1, mip.STI <- 0b0)
mem[X,0x00000000800025A8] -> 0x95B3
mem[X,0x00000000800025AA] -> 0x0085
[1494] [M]: 0x00000000800025A8 (0x008595B3) sll x11, x11, x8                        common_Mexcpt_handler+56
x11 <- 0x0000000000000298

mem[X,0x00000000800025AC] -> 0x9413
mem[X,0x00000000800025AE] -> 0x03D4
[1495] [M]: 0x00000000800025AC (0x03D49413) slli x8, x9, 0x3d                       common_Mexcpt_handler+60
x8 <- 0x8000000000000000

clint mtime 0x00000000000002EC (mip.MTI <- 0b1, mip.STI <- 0b0)
mem[X,0x00000000800025B0] -> 0x5413
mem[X,0x00000000800025B2] -> 0x43F4
[1496] [M]: 0x00000000800025B0 (0x43F45413) srai x8, x8, 0x3f                       common_Mexcpt_handler+64
x8 <- 0xFFFFFFFFFFFFFFFF

mem[X,0x00000000800025B4] -> 0x4413
mem[X,0x00000000800025B6] -> 0xFFF4
[1497] [M]: 0x00000000800025B4 (0xFFF44413) xori x8, x8, -0x1                       common_Mexcpt_handler+68
x8 <- 0x0000000000000000

clint mtime 0x00000000000002ED (mip.MTI <- 0b1, mip.STI <- 0b0)
mem[X,0x00000000800025B8] -> 0xF4B3
mem[X,0x00000000800025BA] -> 0x0085
[1498] [M]: 0x00000000800025B8 (0x0085F4B3) and x9, x11, x8                         common_Mexcpt_handler+72
x9 <- 0x0000000000000000

mem[X,0x00000000800025BC] -> 0x84B3
mem[X,0x00000000800025BE] -> 0x0024
[1499] [M]: 0x00000000800025BC (0x002484B3) add x9, x9, x2                          vmem_adj_Mepc+0
x9 <- 0x0000000080007000

clint mtime 0x00000000000002EE (mip.MTI <- 0b1, mip.STI <- 0b0)
mem[X,0x00000000800025C0] -> 0x23F3
mem[X,0x00000000800025C2] -> 0x3410
[1500] [M]: 0x00000000800025C0 (0x341023F3) csrrs x7, mepc, x0                      vmem_adj_Mepc+4
CSR mepc (0x341) -> 0x0000000080000BA0
x7 <- 0x0000000080000BA0

mem[X,0x00000000800025C4] -> 0x0413
mem[X,0x00000000800025C6] -> 0x0004
[1501] [M]: 0x00000000800025C4 (0x00040413) addi x8, x8, 0x0                        vmem_adj_Mepc+8
x8 <- 0x0000000000000000

clint mtime 0x00000000000002EF (mip.MTI <- 0b1, mip.STI <- 0b0)
mem[X,0x00000000800025C8] -> 0x006F
mem[X,0x00000000800025CA] -> 0x0400
[1502] [M]: 0x00000000800025C8 (0x0400006F) jal x0, 0x40                            vmem_adj_Mepc+12

mem[X,0x0000000080002608] -> 0x8433
mem[X,0x000000008000260A] -> 0x4083
[1503] [M]: 0x0000000080002608 (0x40838433) sub x8, x7, x8                          adj_Mepc+0
x8 <- 0x0000000080000BA0

clint mtime 0x00000000000002F0 (mip.MTI <- 0b1, mip.STI <- 0b0)
mem[X,0x000000008000260C] -> 0x3823
mem[X,0x000000008000260E] -> 0x0083
[1504] [M]: 0x000000008000260C (0x00833823) sd x8, 0x10(x6)                         sv_Mepc+0
mem[W,0x00000000800084F0] <- 0x0000000080000BA0

mem[X,0x0000000080002610] -> 0x55B7
mem[X,0x0000000080002612] -> 0x0000
[1505] [M]: 0x0000000080002610 (0x000055B7) lui x11, 0x5                            sv_Mepc+4
x11 <- 0x0000000000005000

clint mtime 0x00000000000002F1 (mip.MTI <- 0b1, mip.STI <- 0b0)
mem[X,0x0000000080002614] -> 0x8593
mem[X,0x0000000080002616] -> 0x6675
[1506] [M]: 0x0000000080002614 (0x66758593) addi x11, x11, 0x667                    sv_Mepc+8
x11 <- 0x0000000000005667

mem[X,0x0000000080002618] -> 0x9593
mem[X,0x000000008000261A] -> 0x0015
[1507] [M]: 0x0000000080002618 (0x00159593) slli x11, x11, 0x1                      sv_Mepc+12
x11 <- 0x000000000000ACCE

clint mtime 0x00000000000002F2 (mip.MTI <- 0b1, mip.STI <- 0b0)
mem[X,0x000000008000261C] -> 0x9063
mem[X,0x000000008000261E] -> 0x02B1
[1508] [M]: 0x000000008000261C (0x02B19063) bne x3, x11, 0x20                       sv_Mepc+16

mem[X,0x000000008000263C] -> 0xF593
mem[X,0x000000008000263E] -> 0xFFC3
[1509] [M]: 0x000000008000263C (0xFFC3F593) andi x11, x7, -0x4                      adj_Mepc_rtn+0
x11 <- 0x0000000080000BA0

clint mtime 0x00000000000002F3 (mip.MTI <- 0b1, mip.STI <- 0b0)
mem[X,0x0000000080002640] -> 0x8593
mem[X,0x0000000080002642] -> 0x0085
[1510] [M]: 0x0000000080002640 (0x00858593) addi x11, x11, 0x8                      adj_Mepc_rtn+4
x11 <- 0x0000000080000BA8

mem[X,0x0000000080002644] -> 0x9073
mem[X,0x0000000080002646] -> 0x3415
[1511] [M]: 0x0000000080002644 (0x34159073) csrrw x0, mepc, x11                     adj_Mepc_rtn+8
CSR mepc (0x341) <- 0x0000000080000BA8

clint mtime 0x00000000000002F4 (mip.MTI <- 0b1, mip.STI <- 0b0)
mem[X,0x0000000080002648] -> 0x23F3
mem[X,0x000000008000264A] -> 0x3430
[1512] [M]: 0x0000000080002648 (0x343023F3) csrrs x7, mtval, x0                     skp_adj_Mepc+0
CSR mtval (0x343) -> 0x0000000080002108
x7 <- 0x0000000080002108

mem[X,0x000000008000264C] -> 0x7513
mem[X,0x000000008000264E] -> 0x00F5
[1513] [M]: 0x000000008000264C (0x00F57513) andi x10, x10, 0xf                      chk_Mtval+0
x10 <- 0x0000000000000005

clint mtime 0x00000000000002F5 (mip.MTI <- 0b1, mip.STI <- 0b0)
mem[X,0x0000000080002650] -> 0x0437
mem[X,0x0000000080002652] -> 0x0000
[1514] [M]: 0x0000000080002650 (0x00000437) lui x8, 0x0                             chk_Mtval+4
x8 <- 0x0000000000000000

mem[X,0x0000000080002654] -> 0x0413
mem[X,0x0000000080002656] -> 0x0004
[1515] [M]: 0x0000000080002654 (0x00040413) addi x8, x8, 0x0                        chk_Mtval+8
x8 <- 0x0000000000000000

clint mtime 0x00000000000002F6 (mip.MTI <- 0b1, mip.STI <- 0b0)
mem[X,0x0000000080002658] -> 0x1413
mem[X,0x000000008000265A] -> 0x00B4
[1516] [M]: 0x0000000080002658 (0x00B41413) slli x8, x8, 0xb                        chk_Mtval+12
x8 <- 0x0000000000000000

mem[X,0x000000008000265C] -> 0x0413
mem[X,0x000000008000265E] -> 0x0004
[1517] [M]: 0x000000008000265C (0x00040413) addi x8, x8, 0x0                        chk_Mtval+16
x8 <- 0x0000000000000000

clint mtime 0x00000000000002F7 (mip.MTI <- 0b1, mip.STI <- 0b0)
mem[X,0x0000000080002660] -> 0x1413
mem[X,0x0000000080002662] -> 0x00B4
[1518] [M]: 0x0000000080002660 (0x00B41413) slli x8, x8, 0xb                        chk_Mtval+20
x8 <- 0x0000000000000000

mem[X,0x0000000080002664] -> 0x0413
mem[X,0x0000000080002666] -> 0x02C4
[1519] [M]: 0x0000000080002664 (0x02C40413) addi x8, x8, 0x2c                       chk_Mtval+24
x8 <- 0x000000000000002C

clint mtime 0x00000000000002F8 (mip.MTI <- 0b1, mip.STI <- 0b0)
mem[X,0x0000000080002668] -> 0x1413
mem[X,0x000000008000266A] -> 0x00A4
[1520] [M]: 0x0000000080002668 (0x00A41413) slli x8, x8, 0xa                        chk_Mtval+28
x8 <- 0x000000000000B000

mem[X,0x000000008000266C] -> 0x0413
mem[X,0x000000008000266E] -> 0x0FB4
[1521] [M]: 0x000000008000266C (0x0FB40413) addi x8, x8, 0xfb                       chk_Mtval+32
x8 <- 0x000000000000B0FB

clint mtime 0x00000000000002F9 (mip.MTI <- 0b1, mip.STI <- 0b0)
mem[X,0x0000000080002670] -> 0x5433
mem[X,0x0000000080002672] -> 0x00A4
[1522] [M]: 0x0000000080002670 (0x00A45433) srl x8, x8, x10                         chk_Mtval+36
x8 <- 0x0000000000000587

mem[X,0x0000000080002674] -> 0x1413
mem[X,0x0000000080002676] -> 0x03F4
[1523] [M]: 0x0000000080002674 (0x03F41413) slli x8, x8, 0x3f                       chk_Mtval+40
x8 <- 0x8000000000000000

clint mtime 0x00000000000002FA (mip.MTI <- 0b1, mip.STI <- 0b0)
mem[X,0x0000000080002678] -> 0x5C63
mem[X,0x000000008000267A] -> 0x0404
[1524] [M]: 0x0000000080002678 (0x04045C63) bge x8, x0, 0x58                        chk_Mtval+44

mem[X,0x000000008000267C] -> 0xB403
mem[X,0x000000008000267E] -> 0x2084
[1525] [M]: 0x000000008000267C (0x2084B403) ld x8, 0x208(x9)                        vmem_adj_Mtval+0
mem[R,0x0000000080007208] -> 0x00000000800003B4
x8 <- 0x00000000800003B4

clint mtime 0x00000000000002FB (mip.MTI <- 0b1, mip.STI <- 0b0)
mem[X,0x0000000080002680] -> 0xB583
mem[X,0x0000000080002682] -> 0x2104
[1526] [M]: 0x0000000080002680 (0x2104B583) ld x11, 0x210(x9)                       vmem_adj_Mtval+4
mem[R,0x0000000080007210] -> 0x0000000000001E38
x11 <- 0x0000000000001E38

mem[X,0x0000000080002684] -> 0x85B3
mem[X,0x0000000080002686] -> 0x0085
[1527] [M]: 0x0000000080002684 (0x008585B3) add x11, x11, x8                        vmem_adj_Mtval+8
x11 <- 0x00000000800021EC

clint mtime 0x00000000000002FC (mip.MTI <- 0b1, mip.STI <- 0b0)
mem[X,0x0000000080002688] -> 0xF463
mem[X,0x000000008000268A] -> 0x00B3
[1528] [M]: 0x0000000080002688 (0x00B3F463) bgeu x7, x11, 0x8                       vmem_adj_Mtval+12

mem[X,0x000000008000268C] -> 0xF063
mem[X,0x000000008000268E] -> 0x0483
[1529] [M]: 0x000000008000268C (0x0483F063) bgeu x7, x8, 0x40                       vmem_adj_Mtval+16

clint mtime 0x00000000000002FD (mip.MTI <- 0b1, mip.STI <- 0b0)
mem[X,0x00000000800026CC] -> 0x8433
mem[X,0x00000000800026CE] -> 0x4083
[1530] [M]: 0x00000000800026CC (0x40838433) sub x8, x7, x8                          adj_Mtval+0
x8 <- 0x0000000000001D54

mem[X,0x00000000800026D0] -> 0x3C23
mem[X,0x00000000800026D2] -> 0x0083
[1531] [M]: 0x00000000800026D0 (0x00833C23) sd x8, 0x18(x6)                         sv_Mtval+0
mem[W,0x00000000800084F8] <- 0x0000000000001D54

clint mtime 0x00000000000002FE (mip.MTI <- 0b1, mip.STI <- 0b0)
mem[X,0x00000000800026D4] -> 0x3483
mem[X,0x00000000800026D6] -> 0x2181
[1532] [M]: 0x00000000800026D4 (0x21813483) ld x9, 0x218(x2)                        skp_Mtval+0
mem[R,0x0000000080007218] -> 0x0000000080008500
x9 <- 0x0000000080008500

mem[X,0x00000000800026D8] -> 0x3383
mem[X,0x00000000800026DA] -> 0x1F81
[1533] [M]: 0x00000000800026D8 (0x1F813383) ld x7, 0x1f8(x2)                        skp_Mtval+4
mem[R,0x00000000800071F8] -> 0x0000000080008210
x7 <- 0x0000000080008210

clint mtime 0x00000000000002FF (mip.MTI <- 0b1, mip.STI <- 0b0)
mem[X,0x00000000800026DC] -> 0x3303
mem[X,0x00000000800026DE] -> 0x2001
[1534] [M]: 0x00000000800026DC (0x20013303) ld x6, 0x200(x2)                        skp_Mtval+8
mem[R,0x0000000080007200] -> 0x0000000000000A20
x6 <- 0x0000000000000A20

mem[X,0x00000000800026E0] -> 0x0333
mem[X,0x00000000800026E2] -> 0x0073
[1535] [M]: 0x00000000800026E0 (0x00730333) add x6, x6, x7                          skp_Mtval+12
x6 <- 0x0000000080008C30

clint mtime 0x0000000000000300 (mip.MTI <- 0b1, mip.STI <- 0b0)
mem[X,0x00000000800026E4] -> 0x68E3
mem[X,0x00000000800026E6] -> 0xB093
[1536] [M]: 0x00000000800026E4 (0xB09368E3) bltu x6, x9, -0x4f0                     skp_Mtval+16

mem[X,0x00000000800026E8] -> 0x0393
mem[X,0x00000000800026EA] -> 0x2000
[1537] [M]: 0x00000000800026E8 (0x20000393) addi x7, x0, 0x200                      skp_Mtval+20
x7 <- 0x0000000000000200

clint mtime 0x0000000000000301 (mip.MTI <- 0b1, mip.STI <- 0b0)
mem[X,0x00000000800026EC] -> 0x006F
mem[X,0x00000000800026EE] -> 0x0400
[1538] [M]: 0x00000000800026EC (0x0400006F) jal x0, 0x40                            skp_Mtval+24

mem[X,0x000000008000272C] -> 0x0417
mem[X,0x000000008000272E] -> 0x0000
[1539] [M]: 0x000000008000272C (0x00000417) auipc x8, 0x0                           spcl_Mhandler+0
x8 <- 0x000000008000272C

clint mtime 0x0000000000000302 (mip.MTI <- 0b1, mip.STI <- 0b0)
mem[X,0x0000000080002730] -> 0x0413
mem[X,0x0000000080002732] -> 0x03C4
[1540] [M]: 0x0000000080002730 (0x03C40413) addi x8, x8, 0x3c                       spcl_Mhandler+4
x8 <- 0x0000000080002768

mem[X,0x0000000080002734] -> 0x0433
mem[X,0x0000000080002736] -> 0x0074
[1541] [M]: 0x0000000080002734 (0x00740433) add x8, x8, x7                          spcl_Mhandler+8
x8 <- 0x0000000080002968

clint mtime 0x0000000000000303 (mip.MTI <- 0b1, mip.STI <- 0b0)
mem[X,0x0000000080002738] -> 0x1393
mem[X,0x000000008000273A] -> 0x0035
[1542] [M]: 0x0000000080002738 (0x00351393) slli x7, x10, 0x3                       spcl_Mhandler+12
x7 <- 0x0000000000000028

mem[X,0x000000008000273C] -> 0x0433
mem[X,0x000000008000273E] -> 0x0074
[1543] [M]: 0x000000008000273C (0x00740433) add x8, x8, x7                          spcl_Mhandler+16
x8 <- 0x0000000080002990

clint mtime 0x0000000000000304 (mip.MTI <- 0b1, mip.STI <- 0b0)
mem[X,0x0000000080002740] -> 0x7413
mem[X,0x0000000080002742] -> 0xFF84
[1544] [M]: 0x0000000080002740 (0xFF847413) andi x8, x8, -0x8                       spcl_Mhandler+20
x8 <- 0x0000000080002990

mem[X,0x0000000080002744] -> 0x3403
mem[X,0x0000000080002746] -> 0x0004
[1545] [M]: 0x0000000080002744 (0x00043403) ld x8, 0x0(x8)                          spcl_Mhandler+24
mem[R,0x0000000080002990] -> 0x000000000000000B
x8 <- 0x000000000000000B

clint mtime 0x0000000000000305 (mip.MTI <- 0b1, mip.STI <- 0b0)
mem[X,0x0000000080002748] -> 0x00E3
mem[X,0x000000008000274A] -> 0xB404
[1546] [M]: 0x0000000080002748 (0xB40400E3) beq x8, x0, -0x4c0                      spcl_Mdispatch_hndling+0

mem[X,0x000000008000274C] -> 0x1393
mem[X,0x000000008000274E] -> 0x03F4
[1547] [M]: 0x000000008000274C (0x03F41393) slli x7, x8, 0x3f                       spcl_Mdispatch_hndling+4
x7 <- 0x8000000000000000

clint mtime 0x0000000000000306 (mip.MTI <- 0b1, mip.STI <- 0b0)
mem[X,0x0000000080002750] -> 0xD863
mem[X,0x0000000080002752] -> 0x0003
[1548] [M]: 0x0000000080002750 (0x0003D863) bge x7, x0, 0x10                        spcl_Mdispatch_hndling+8

mem[X,0x0000000080002754] -> 0x5413
mem[X,0x0000000080002756] -> 0x0014
[1549] [M]: 0x0000000080002754 (0x00145413) srli x8, x8, 0x1                        spcl_Mdispatch_hndling+12
x8 <- 0x0000000000000005

clint mtime 0x0000000000000307 (mip.MTI <- 0b1, mip.STI <- 0b0)
mem[X,0x0000000080002758] -> 0x0CE3
mem[X,0x000000008000275A] -> 0xF885
[1550] [M]: 0x0000000080002758 (0xF8850CE3) beq x10, x8, -0x68                      spcl_Mdispatch_hndling+16

mem[X,0x00000000800026F0] -> 0x3303
mem[X,0x00000000800026F2] -> 0x2601
[1551] [M]: 0x00000000800026F0 (0x26013303) ld x6, 0x260(x2)                        resto_Mrtn+0
mem[R,0x0000000080007260] -> 0x000000001FDDB7D5
x6 <- 0x000000001FDDB7D5

clint mtime 0x0000000000000308 (mip.MTI <- 0b1, mip.STI <- 0b0)
mem[X,0x00000000800026F4] -> 0x3383
mem[X,0x00000000800026F6] -> 0x2681
[1552] [M]: 0x00000000800026F4 (0x26813383) ld x7, 0x268(x2)                        resto_Mrtn+4
mem[R,0x0000000080007268] -> 0x00000000003FBB6F
x7 <- 0x00000000003FBB6F

mem[X,0x00000000800026F8] -> 0x3403
mem[X,0x00000000800026FA] -> 0x2701
[1553] [M]: 0x00000000800026F8 (0x27013403) ld x8, 0x270(x2)                        resto_Mrtn+8
mem[R,0x0000000080007270] -> 0x0000000000007F76
x8 <- 0x0000000000007F76

clint mtime 0x0000000000000309 (mip.MTI <- 0b1, mip.STI <- 0b0)
mem[X,0x00000000800026FC] -> 0x3483
mem[X,0x00000000800026FE] -> 0x2781
[1554] [M]: 0x00000000800026FC (0x27813483) ld x9, 0x278(x2)                        resto_Mrtn+12
mem[R,0x0000000080007278] -> 0x00000000000000FE
x9 <- 0x00000000000000FE

mem[X,0x0000000080002700] -> 0x3503
mem[X,0x0000000080002702] -> 0x2801
[1555] [M]: 0x0000000080002700 (0x28013503) ld x10, 0x280(x2)                       resto_Mrtn+16
mem[R,0x0000000080007280] -> 0x0000000000000001
x10 <- 0x0000000000000001

clint mtime 0x000000000000030A (mip.MTI <- 0b1, mip.STI <- 0b0)
mem[X,0x0000000080002704] -> 0x3583
mem[X,0x0000000080002706] -> 0x2881
[1556] [M]: 0x0000000080002704 (0x28813583) ld x11, 0x288(x2)                       resto_Mrtn+20
mem[R,0x0000000080007288] -> 0x0000000000000000
x11 <- 0x0000000000000000

mem[X,0x0000000080002708] -> 0x3103
mem[X,0x000000008000270A] -> 0x2901
[1557] [M]: 0x0000000080002708 (0x29013103) ld x2, 0x290(x2)                        resto_Mrtn+24
mem[R,0x0000000080007290] -> 0x01FDDB7D5BFDDB7F
x2 <- 0x01FDDB7D5BFDDB7F

clint mtime 0x000000000000030B (mip.MTI <- 0b1, mip.STI <- 0b0)
mem[X,0x000000008000270C] -> 0x0073
mem[X,0x000000008000270E] -> 0x3020
[1558] [M]: 0x000000008000270C (0x30200073) mret                                    resto_Mrtn+28
CSR mstatus (0x300) <- 0x0000000A00000080
ret-ing from M to M

mem[X,0x0000000080000BA8] -> 0x0013
mem[X,0x0000000080000BAA] -> 0x0000
[1559] [M]: 0x0000000080000BA8 (0x00000013) addi x0, x0, 0x0                        main+1992

clint mtime 0x000000000000030C (mip.MTI <- 0b1, mip.STI <- 0b0)
mem[X,0x0000000080000BAC] -> 0xB023
mem[X,0x0000000080000BAE] -> 0x06E6
[1560] [M]: 0x0000000080000BAC (0x06E6B023) sd x14, 0x60(x13)                       main+1996
mem[W,0x0000000080008278] <- 0x0000000000000013

mem[X,0x0000000080000BB0] -> 0x0013
mem[X,0x0000000080000BB2] -> 0x0000
[1561] [M]: 0x0000000080000BB0 (0x00000013) addi x0, x0, 0x0                        main+2000

clint mtime 0x000000000000030D (mip.MTI <- 0b1, mip.STI <- 0b0)
mem[X,0x0000000080000BB4] -> 0x0013
mem[X,0x0000000080000BB6] -> 0x0000
[1562] [M]: 0x0000000080000BB4 (0x00000013) addi x0, x0, 0x0                        main+2004

mem[X,0x0000000080000BB8] -> 0x0013
mem[X,0x0000000080000BBA] -> 0x0000
[1563] [M]: 0x0000000080000BB8 (0x00000013) addi x0, x0, 0x0                        main+2008

clint mtime 0x000000000000030E (mip.MTI <- 0b1, mip.STI <- 0b0)
mem[X,0x0000000080000BBC] -> 0x0013
mem[X,0x0000000080000BBE] -> 0x0000
[1564] [M]: 0x0000000080000BBC (0x00000013) addi x0, x0, 0x0                        main+2012

mem[X,0x0000000080000BC0] -> 0x1797
mem[X,0x0000000080000BC2] -> 0x0000
[1565] [M]: 0x0000000080000BC0 (0x00001797) auipc x15, 0x1                          main+2016
x15 <- 0x0000000080001BC0

clint mtime 0x000000000000030F (mip.MTI <- 0b1, mip.STI <- 0b0)
mem[X,0x0000000080000BC4] -> 0x8793
mem[X,0x0000000080000BC6] -> 0x5787
[1566] [M]: 0x0000000080000BC4 (0x57878793) addi x15, x15, 0x578                    main+2020
x15 <- 0x0000000080002138

mem[X,0x0000000080000BC8] -> 0x0001
[1567] [M]: 0x0000000080000BC8 (0x0001) c.nop                                       main+2024

clint mtime 0x0000000000000310 (mip.MTI <- 0b1, mip.STI <- 0b0)
mem[X,0x0000000080000BCA] -> 0x0013
mem[X,0x0000000080000BCC] -> 0x0000
[1568] [M]: 0x0000000080000BCA (0x00000013) addi x0, x0, 0x0                        main+2026

mem[X,0x0000000080000BCE] -> 0x0013
mem[X,0x0000000080000BD0] -> 0x0000
[1569] [M]: 0x0000000080000BCE (0x00000013) addi x0, x0, 0x0                        main+2030

clint mtime 0x0000000000000311 (mip.MTI <- 0b1, mip.STI <- 0b0)
mem[X,0x0000000080000BD2] -> 0x0013
mem[X,0x0000000080000BD4] -> 0x0000
[1570] [M]: 0x0000000080000BD2 (0x00000013) addi x0, x0, 0x0                        main+2034

mem[X,0x0000000080000BD6] -> 0x0013
mem[X,0x0000000080000BD8] -> 0x0000
[1571] [M]: 0x0000000080000BD6 (0x00000013) addi x0, x0, 0x0                        main+2038

clint mtime 0x0000000000000312 (mip.MTI <- 0b1, mip.STI <- 0b0)
mem[X,0x0000000080000BDA] -> 0x0013
mem[X,0x0000000080000BDC] -> 0x0000
[1572] [M]: 0x0000000080000BDA (0x00000013) addi x0, x0, 0x0                        main+2042

mem[X,0x0000000080000BDE] -> 0x0001
[1573] [M]: 0x0000000080000BDE (0x0001) c.nop                                       main+2046

clint mtime 0x0000000000000313 (mip.MTI <- 0b1, mip.STI <- 0b0)
mem[X,0x0000000080000BE0] -> 0xA703
mem[X,0x0000000080000BE2] -> 0x0007
[1574] [M]: 0x0000000080000BE0 (0x0007A703) lw x14, 0x0(x15)                        main+2048
mem[R,0x0000000080002138] -> 0x00000013
x14 <- 0x0000000000000013

mem[X,0x0000000080000BE4] -> 0x0013
mem[X,0x0000000080000BE6] -> 0x0000
[1575] [M]: 0x0000000080000BE4 (0x00000013) addi x0, x0, 0x0                        main+2052

clint mtime 0x0000000000000314 (mip.MTI <- 0b1, mip.STI <- 0b0)
mem[X,0x0000000080000BE8] -> 0x0013
mem[X,0x0000000080000BEA] -> 0x0000
[1576] [M]: 0x0000000080000BE8 (0x00000013) addi x0, x0, 0x0                        main+2056

mem[X,0x0000000080000BEC] -> 0xB423
mem[X,0x0000000080000BEE] -> 0x06E6
[1577] [M]: 0x0000000080000BEC (0x06E6B423) sd x14, 0x68(x13)                       main+2060
mem[W,0x0000000080008280] <- 0x0000000000000013

clint mtime 0x0000000000000315 (mip.MTI <- 0b1, mip.STI <- 0b0)
mem[X,0x0000000080000BF0] -> 0x0013
mem[X,0x0000000080000BF2] -> 0x0000
[1578] [M]: 0x0000000080000BF0 (0x00000013) addi x0, x0, 0x0                        main+2064

mem[X,0x0000000080000BF4] -> 0x0013
mem[X,0x0000000080000BF6] -> 0x0000
[1579] [M]: 0x0000000080000BF4 (0x00000013) addi x0, x0, 0x0                        main+2068

clint mtime 0x0000000000000316 (mip.MTI <- 0b1, mip.STI <- 0b0)
mem[X,0x0000000080000BF8] -> 0x0013
mem[X,0x0000000080000BFA] -> 0x0000
[1580] [M]: 0x0000000080000BF8 (0x00000013) addi x0, x0, 0x0                        main+2072

mem[X,0x0000000080000BFC] -> 0x0013
mem[X,0x0000000080000BFE] -> 0x0000
[1581] [M]: 0x0000000080000BFC (0x00000013) addi x0, x0, 0x0                        main+2076

clint mtime 0x0000000000000317 (mip.MTI <- 0b1, mip.STI <- 0b0)
mem[X,0x0000000080000C00] -> 0x1797
mem[X,0x0000000080000C02] -> 0x0000
[1582] [M]: 0x0000000080000C00 (0x00001797) auipc x15, 0x1                          main+2080
x15 <- 0x0000000080001C00

mem[X,0x0000000080000C04] -> 0x8793
mem[X,0x0000000080000C06] -> 0x56C7
[1583] [M]: 0x0000000080000C04 (0x56C78793) addi x15, x15, 0x56c                    main+2084
x15 <- 0x000000008000216C

clint mtime 0x0000000000000318 (mip.MTI <- 0b1, mip.STI <- 0b0)
mem[X,0x0000000080000C08] -> 0x0001
[1584] [M]: 0x0000000080000C08 (0x0001) c.nop                                       main+2088

mem[X,0x0000000080000C0A] -> 0x0013
mem[X,0x0000000080000C0C] -> 0x0000
[1585] [M]: 0x0000000080000C0A (0x00000013) addi x0, x0, 0x0                        main+2090

clint mtime 0x0000000000000319 (mip.MTI <- 0b1, mip.STI <- 0b0)
mem[X,0x0000000080000C0E] -> 0x0013
mem[X,0x0000000080000C10] -> 0x0000
[1586] [M]: 0x0000000080000C0E (0x00000013) addi x0, x0, 0x0                        main+2094

mem[X,0x0000000080000C12] -> 0x0013
mem[X,0x0000000080000C14] -> 0x0000
[1587] [M]: 0x0000000080000C12 (0x00000013) addi x0, x0, 0x0                        main+2098

clint mtime 0x000000000000031A (mip.MTI <- 0b1, mip.STI <- 0b0)
mem[X,0x0000000080000C16] -> 0x0013
mem[X,0x0000000080000C18] -> 0x0000
[1588] [M]: 0x0000000080000C16 (0x00000013) addi x0, x0, 0x0                        main+2102

mem[X,0x0000000080000C1A] -> 0x0013
mem[X,0x0000000080000C1C] -> 0x0000
[1589] [M]: 0x0000000080000C1A (0x00000013) addi x0, x0, 0x0                        main+2106

clint mtime 0x000000000000031B (mip.MTI <- 0b1, mip.STI <- 0b0)
mem[X,0x0000000080000C1E] -> 0x0001
[1590] [M]: 0x0000000080000C1E (0x0001) c.nop                                       main+2110

mem[X,0x0000000080000C20] -> 0xA703
mem[X,0x0000000080000C22] -> 0x0007
[1591] [M]: 0x0000000080000C20 (0x0007A703) lw x14, 0x0(x15)                        main+2112
trapping from M to M to handle load-access-fault
handling exc#load-access-fault at priv M with tval 0x000000008000216C
CSR mstatus (0x300) <- 0x0000000A00001800
CSR mcause (0x342) <- 0x0000000000000005
CSR mtval (0x343) <- 0x000000008000216C
CSR mepc (0x341) <- 0x0000000080000C20

clint mtime 0x000000000000031C (mip.MTI <- 0b1, mip.STI <- 0b0)
mem[X,0x00000000800022C0] -> 0x006F
mem[X,0x00000000800022C2] -> 0x1000
[1592] [M]: 0x00000000800022C0 (0x1000006F) jal x0, 0x100                           Mtrampoline+0

mem[X,0x00000000800023C0] -> 0x1173
mem[X,0x00000000800023C2] -> 0x3401
[1593] [M]: 0x00000000800023C0 (0x34011173) csrrw x2, mscratch, x2                  trap_Mhandler+0
CSR mscratch (0x340) <- 0x01FDDB7D5BFDDB7F
x2 <- 0x0000000080007000

clint mtime 0x000000000000031D (mip.MTI <- 0b1, mip.STI <- 0b0)
mem[X,0x00000000800023C4] -> 0x3423
mem[X,0x00000000800023C6] -> 0x28B1
[1594] [M]: 0x00000000800023C4 (0x28B13423) sd x11, 0x288(x2)                       trap_Mhandler+4
mem[W,0x0000000080007288] <- 0x0000000000000000

mem[X,0x00000000800023C8] -> 0x05EF
mem[X,0x00000000800023CA] -> 0x0B80
[1595] [M]: 0x00000000800023C8 (0x0B8005EF) jal x11, 0xb8                           trap_Mhandler+8
x11 <- 0x00000000800023CC

clint mtime 0x000000000000031E (mip.MTI <- 0b1, mip.STI <- 0b0)
mem[X,0x0000000080002480] -> 0x3023
mem[X,0x0000000080002482] -> 0x28A1
[1596] [M]: 0x0000000080002480 (0x28A13023) sd x10, 0x280(x2)                       common_Mhandler+0
mem[W,0x0000000080007280] <- 0x0000000000000001

mem[X,0x0000000080002484] -> 0x1573
mem[X,0x0000000080002486] -> 0x3401
[1597] [M]: 0x0000000080002484 (0x34011573) csrrw x10, mscratch, x2                 common_Mhandler+4
CSR mscratch (0x340) <- 0x0000000080007000
x10 <- 0x01FDDB7D5BFDDB7F

clint mtime 0x000000000000031F (mip.MTI <- 0b1, mip.STI <- 0b0)
mem[X,0x0000000080002488] -> 0x3823
mem[X,0x000000008000248A] -> 0x28A1
[1598] [M]: 0x0000000080002488 (0x28A13823) sd x10, 0x290(x2)                       common_Mhandler+8
mem[W,0x0000000080007290] <- 0x01FDDB7D5BFDDB7F

mem[X,0x000000008000248C] -> 0x3503
mem[X,0x000000008000248E] -> 0x2301
[1599] [M]: 0x000000008000248C (0x23013503) ld x10, 0x230(x2)                       common_Mhandler+12
mem[R,0x0000000080007230] -> 0x0000000080002494
x10 <- 0x0000000080002494

clint mtime 0x0000000000000320 (mip.MTI <- 0b1, mip.STI <- 0b0)
mem[X,0x0000000080002490] -> 0x0067
mem[X,0x0000000080002492] -> 0x0005
[1600] [M]: 0x0000000080002490 (0x00050067) jalr x0, 0x0(x10)                       common_Mhandler+16

mem[X,0x0000000080002494] -> 0x3C23
mem[X,0x0000000080002496] -> 0x2691
[1601] [M]: 0x0000000080002494 (0x26913C23) sd x9, 0x278(x2)                        common_Mentry+0
mem[W,0x0000000080007278] <- 0x00000000000000FE

clint mtime 0x0000000000000321 (mip.MTI <- 0b1, mip.STI <- 0b0)
mem[X,0x0000000080002498] -> 0x3823
mem[X,0x000000008000249A] -> 0x2681
[1602] [M]: 0x0000000080002498 (0x26813823) sd x8, 0x270(x2)                        common_Mentry+4
mem[W,0x0000000080007270] <- 0x0000000000007F76

mem[X,0x000000008000249C] -> 0x3423
mem[X,0x000000008000249E] -> 0x2671
[1603] [M]: 0x000000008000249C (0x26713423) sd x7, 0x268(x2)                        common_Mentry+8
mem[W,0x0000000080007268] <- 0x00000000003FBB6F

clint mtime 0x0000000000000322 (mip.MTI <- 0b1, mip.STI <- 0b0)
mem[X,0x00000000800024A0] -> 0x3023
mem[X,0x00000000800024A2] -> 0x2661
[1604] [M]: 0x00000000800024A0 (0x26613023) sd x6, 0x260(x2)                        common_Mentry+12
mem[W,0x0000000080007260] <- 0x000000001FDDB7D5

mem[X,0x00000000800024A4] -> 0x2573
mem[X,0x00000000800024A6] -> 0x3420
[1605] [M]: 0x00000000800024A4 (0x34202573) csrrs x10, mcause, x0                   spcl_M2mmode_test+0
CSR mcause (0x342) -> 0x0000000000000005
x10 <- 0x0000000000000005

clint mtime 0x0000000000000323 (mip.MTI <- 0b1, mip.STI <- 0b0)
mem[X,0x00000000800024A8] -> 0x04B7
mem[X,0x00000000800024AA] -> 0x8000
[1606] [M]: 0x00000000800024A8 (0x800004B7) lui x9, -0x80000                        spcl_M2mmode_test+4
x9 <- 0xFFFFFFFF80000000

mem[X,0x00000000800024AC] -> 0x8493
mem[X,0x00000000800024AE] -> 0x0004
[1607] [M]: 0x00000000800024AC (0x00048493) addi x9, x9, 0x0                        spcl_M2mmode_test+8
x9 <- 0xFFFFFFFF80000000

clint mtime 0x0000000000000324 (mip.MTI <- 0b1, mip.STI <- 0b0)
mem[X,0x00000000800024B0] -> 0x9493
mem[X,0x00000000800024B2] -> 0x00B4
[1608] [M]: 0x00000000800024B0 (0x00B49493) slli x9, x9, 0xb                        spcl_M2mmode_test+12
x9 <- 0xFFFFFC0000000000

mem[X,0x00000000800024B4] -> 0x8493
mem[X,0x00000000800024B6] -> 0x0004
[1609] [M]: 0x00000000800024B4 (0x00048493) addi x9, x9, 0x0                        spcl_M2mmode_test+16
x9 <- 0xFFFFFC0000000000

clint mtime 0x0000000000000325 (mip.MTI <- 0b1, mip.STI <- 0b0)
mem[X,0x00000000800024B8] -> 0x9493
mem[X,0x00000000800024BA] -> 0x00B4
[1610] [M]: 0x00000000800024B8 (0x00B49493) slli x9, x9, 0xb                        spcl_M2mmode_test+20
x9 <- 0xFFE0000000000000

mem[X,0x00000000800024BC] -> 0x8493
mem[X,0x00000000800024BE] -> 0x0034
[1611] [M]: 0x00000000800024BC (0x00348493) addi x9, x9, 0x3                        spcl_M2mmode_test+24
x9 <- 0xFFE0000000000003

clint mtime 0x0000000000000326 (mip.MTI <- 0b1, mip.STI <- 0b0)
mem[X,0x00000000800024C0] -> 0x9493
mem[X,0x00000000800024C2] -> 0x00A4
[1612] [M]: 0x00000000800024C0 (0x00A49493) slli x9, x9, 0xa                        spcl_M2mmode_test+28
x9 <- 0x8000000000000C00

mem[X,0x00000000800024C4] -> 0x8493
mem[X,0x00000000800024C6] -> 0x3FC4
[1613] [M]: 0x00000000800024C4 (0x3FC48493) addi x9, x9, 0x3fc                      spcl_M2mmode_test+32
x9 <- 0x8000000000000FFC

clint mtime 0x0000000000000327 (mip.MTI <- 0b1, mip.STI <- 0b0)
mem[X,0x00000000800024C8] -> 0xF4B3
mem[X,0x00000000800024CA] -> 0x00A4
[1614] [M]: 0x00000000800024C8 (0x00A4F4B3) and x9, x9, x10                         spcl_M2mmode_test+36
x9 <- 0x0000000000000004

mem[X,0x00000000800024CC] -> 0x8493
mem[X,0x00000000800024CE] -> 0xFF84
[1615] [M]: 0x00000000800024CC (0xFF848493) addi x9, x9, -0x8                       spcl_M2mmode_test+40
x9 <- 0xFFFFFFFFFFFFFFFC

clint mtime 0x0000000000000328 (mip.MTI <- 0b1, mip.STI <- 0b0)
mem[X,0x00000000800024D0] -> 0x9663
mem[X,0x00000000800024D2] -> 0x0004
[1616] [M]: 0x00000000800024D0 (0x00049663) bne x9, x0, 0xc                         spcl_M2mmode_test+44

mem[X,0x00000000800024DC] -> 0x0393
mem[X,0x00000000800024DE] -> 0x0200
[1617] [M]: 0x00000000800024DC (0x02000393) addi x7, x0, 0x20                       Mtrapsig_ptr_upd+0
x7 <- 0x0000000000000020

clint mtime 0x0000000000000329 (mip.MTI <- 0b1, mip.STI <- 0b0)
mem[X,0x00000000800024E0] -> 0x5263
mem[X,0x00000000800024E2] -> 0x0405
[1618] [M]: 0x00000000800024E0 (0x04055263) bge x10, x0, 0x44                       Mtrapsig_ptr_upd+4

mem[X,0x0000000080002524] -> 0x2373
mem[X,0x0000000080002526] -> 0x3010
[1619] [M]: 0x0000000080002524 (0x30102373) csrrs x6, misa, x0                      Mxcpt_sig_sv+0
CSR misa (0x301) -> 0x800000000034112F
x6 <- 0x800000000034112F

clint mtime 0x000000000000032A (mip.MTI <- 0b1, mip.STI <- 0b0)
mem[X,0x0000000080002528] -> 0x1313
mem[X,0x000000008000252A] -> 0x0383
[1620] [M]: 0x0000000080002528 (0x03831313) slli x6, x6, 0x38                       Mxcpt_sig_sv+4
x6 <- 0x2F00000000000000

mem[X,0x000000008000252C] -> 0x5463
mem[X,0x000000008000252E] -> 0x0003
[1621] [M]: 0x000000008000252C (0x00035463) bge x6, x0, 0x8                         Mxcpt_sig_sv+8

clint mtime 0x000000000000032B (mip.MTI <- 0b1, mip.STI <- 0b0)
mem[X,0x0000000080002534] -> 0x3303
mem[X,0x0000000080002536] -> 0x2181
[1622] [M]: 0x0000000080002534 (0x21813303) ld x6, 0x218(x2)                        Mtrap_sig_sv+0
mem[R,0x0000000080007218] -> 0x0000000080008500
x6 <- 0x0000000080008500

mem[X,0x0000000080002538] -> 0x04B3
mem[X,0x000000008000253A] -> 0x0073
[1623] [M]: 0x0000000080002538 (0x007304B3) add x9, x6, x7                          Mtrap_sig_sv+4
x9 <- 0x0000000080008520

clint mtime 0x000000000000032C (mip.MTI <- 0b1, mip.STI <- 0b0)
mem[X,0x000000008000253C] -> 0x3C23
mem[X,0x000000008000253E] -> 0x2091
[1624] [M]: 0x000000008000253C (0x20913C23) sd x9, 0x218(x2)                        Mtrap_sig_sv+8
mem[W,0x0000000080007218] <- 0x0000000080008520

mem[X,0x0000000080002540] -> 0x3403
mem[X,0x0000000080002542] -> 0x1F81
[1625] [M]: 0x0000000080002540 (0x1F813403) ld x8, 0x1f8(x2)                        Mtrap_sig_sv+12
mem[R,0x00000000800071F8] -> 0x0000000080008210
x8 <- 0x0000000080008210

clint mtime 0x000000000000032D (mip.MTI <- 0b1, mip.STI <- 0b0)
mem[X,0x0000000080002544] -> 0x0333
mem[X,0x0000000080002546] -> 0x4083
[1626] [M]: 0x0000000080002544 (0x40830333) sub x6, x6, x8                          Mtrap_sig_sv+16
x6 <- 0x00000000000002F0

mem[X,0x0000000080002548] -> 0x3403
mem[X,0x000000008000254A] -> 0x1F81
[1627] [M]: 0x0000000080002548 (0x1F813403) ld x8, 0x1f8(x2)                        Mtrap_sig_sv+20
mem[R,0x00000000800071F8] -> 0x0000000080008210
x8 <- 0x0000000080008210

clint mtime 0x000000000000032E (mip.MTI <- 0b1, mip.STI <- 0b0)
mem[X,0x000000008000254C] -> 0x0333
mem[X,0x000000008000254E] -> 0x0083
[1628] [M]: 0x000000008000254C (0x00830333) add x6, x6, x8                          Mtrap_sig_sv+24
x6 <- 0x0000000080008500

mem[X,0x0000000080002550] -> 0x3403
mem[X,0x0000000080002552] -> 0x2401
[1629] [M]: 0x0000000080002550 (0x24013403) ld x8, 0x240(x2)                        Mtrap_sig_sv+28
mem[R,0x0000000080007240] -> 0x00000000800022C0
x8 <- 0x00000000800022C0

clint mtime 0x000000000000032F (mip.MTI <- 0b1, mip.STI <- 0b0)
mem[X,0x0000000080002554] -> 0x85B3
mem[X,0x0000000080002556] -> 0x4085
[1630] [M]: 0x0000000080002554 (0x408585B3) sub x11, x11, x8                        sv_Mvect+0
x11 <- 0x000000000000010C

mem[X,0x0000000080002558] -> 0x9593
mem[X,0x000000008000255A] -> 0x0045
[1631] [M]: 0x0000000080002558 (0x00459593) slli x11, x11, 0x4                      sv_Mvect+4
x11 <- 0x00000000000010C0

clint mtime 0x0000000000000330 (mip.MTI <- 0b1, mip.STI <- 0b0)
mem[X,0x000000008000255C] -> 0xE5B3
mem[X,0x000000008000255E] -> 0x0075
[1632] [M]: 0x000000008000255C (0x0075E5B3) or x11, x11, x7                         sv_Mvect+8
x11 <- 0x00000000000010E0

mem[X,0x0000000080002560] -> 0x8593
mem[X,0x0000000080002562] -> 0x0035
[1633] [M]: 0x0000000080002560 (0x00358593) addi x11, x11, 0x3                      sv_Mvect+12
x11 <- 0x00000000000010E3

clint mtime 0x0000000000000331 (mip.MTI <- 0b1, mip.STI <- 0b0)
mem[X,0x0000000080002564] -> 0x3023
mem[X,0x0000000080002566] -> 0x00B3
[1634] [M]: 0x0000000080002564 (0x00B33023) sd x11, 0x0(x6)                         sv_Mvect+16
mem[W,0x0000000080008500] <- 0x00000000000010E3

mem[X,0x0000000080002568] -> 0x3423
mem[X,0x000000008000256A] -> 0x00A3
[1635] [M]: 0x0000000080002568 (0x00A33423) sd x10, 0x8(x6)                         sv_Mcause+0
mem[W,0x0000000080008508] <- 0x0000000000000005

clint mtime 0x0000000000000332 (mip.MTI <- 0b1, mip.STI <- 0b0)
mem[X,0x000000008000256C] -> 0x4263
mem[X,0x000000008000256E] -> 0x1A05
[1636] [M]: 0x000000008000256C (0x1A054263) blt x10, x0, 0x1a4                      sv_Mcause+4

mem[X,0x0000000080002570] -> 0x25F3
mem[X,0x0000000080002572] -> 0x3000
[1637] [M]: 0x0000000080002570 (0x300025F3) csrrs x11, mstatus, x0                  common_Mexcpt_handler+0
CSR mstatus (0x300) -> 0x0000000A00001800
x11 <- 0x0000000A00001800

clint mtime 0x0000000000000333 (mip.MTI <- 0b1, mip.STI <- 0b0)
mem[X,0x0000000080002574] -> 0x9413
mem[X,0x0000000080002576] -> 0x02E5
[1638] [M]: 0x0000000080002574 (0x02E59413) slli x8, x11, 0x2e                      common_Mexcpt_handler+4
x8 <- 0x0600000000000000

mem[X,0x0000000080002578] -> 0x5463
mem[X,0x000000008000257A] -> 0x0004
[1639] [M]: 0x0000000080002578 (0x00045463) bge x8, x0, 0x8                         common_Mexcpt_handler+8

clint mtime 0x0000000000000334 (mip.MTI <- 0b1, mip.STI <- 0b0)
mem[X,0x0000000080002580] -> 0xD493
mem[X,0x0000000080002582] -> 0x00B5
[1640] [M]: 0x0000000080002580 (0x00B5D493) srli x9, x11, 0xb                       common_Mexcpt_handler+16
x9 <- 0x0000000001400003

mem[X,0x0000000080002584] -> 0xF493
mem[X,0x0000000080002586] -> 0x0034
[1641] [M]: 0x0000000080002584 (0x0034F493) andi x9, x9, 0x3                        common_Mexcpt_handler+20
x9 <- 0x0000000000000003

clint mtime 0x0000000000000335 (mip.MTI <- 0b1, mip.STI <- 0b0)
mem[X,0x0000000080002588] -> 0x8493
mem[X,0x000000008000258A] -> 0x0014
[1642] [M]: 0x0000000080002588 (0x00148493) addi x9, x9, 0x1                        common_Mexcpt_handler+24
x9 <- 0x0000000000000004

mem[X,0x000000008000258C] -> 0xF493
mem[X,0x000000008000258E] -> 0x0044
[1643] [M]: 0x000000008000258C (0x0044F493) andi x9, x9, 0x4                        common_Mexcpt_handler+28
x9 <- 0x0000000000000004

clint mtime 0x0000000000000336 (mip.MTI <- 0b1, mip.STI <- 0b0)
mem[X,0x0000000080002590] -> 0x0593
mem[X,0x0000000080002592] -> 0x05D0
[1644] [M]: 0x0000000080002590 (0x05D00593) addi x11, x0, 0x5d                      common_Mexcpt_handler+32
x11 <- 0x000000000000005D

mem[X,0x0000000080002594] -> 0xD5B3
mem[X,0x0000000080002596] -> 0x0095
[1645] [M]: 0x0000000080002594 (0x0095D5B3) srl x11, x11, x9                        common_Mexcpt_handler+36
x11 <- 0x0000000000000005

clint mtime 0x0000000000000337 (mip.MTI <- 0b1, mip.STI <- 0b0)
mem[X,0x0000000080002598] -> 0xF593
mem[X,0x000000008000259A] -> 0x0015
[1646] [M]: 0x0000000080002598 (0x0015F593) andi x11, x11, 0x1                      common_Mexcpt_handler+40
x11 <- 0x0000000000000001

mem[X,0x000000008000259C] -> 0x8EE3
mem[X,0x000000008000259E] -> 0xF405
[1647] [M]: 0x000000008000259C (0xF4058EE3) beq x11, x0, -0xa4                      common_Mexcpt_handler+44

clint mtime 0x0000000000000338 (mip.MTI <- 0b1, mip.STI <- 0b0)
mem[X,0x00000000800025A0] -> 0x0593
mem[X,0x00000000800025A2] -> 0x2980
[1648] [M]: 0x00000000800025A0 (0x29800593) addi x11, x0, 0x298                     common_Mexcpt_handler+48
x11 <- 0x0000000000000298

mem[X,0x00000000800025A4] -> 0xF413
mem[X,0x00000000800025A6] -> 0x0014
[1649] [M]: 0x00000000800025A4 (0x0014F413) andi x8, x9, 0x1                        common_Mexcpt_handler+52
x8 <- 0x0000000000000000

clint mtime 0x0000000000000339 (mip.MTI <- 0b1, mip.STI <- 0b0)
mem[X,0x00000000800025A8] -> 0x95B3
mem[X,0x00000000800025AA] -> 0x0085
[1650] [M]: 0x00000000800025A8 (0x008595B3) sll x11, x11, x8                        common_Mexcpt_handler+56
x11 <- 0x0000000000000298

mem[X,0x00000000800025AC] -> 0x9413
mem[X,0x00000000800025AE] -> 0x03D4
[1651] [M]: 0x00000000800025AC (0x03D49413) slli x8, x9, 0x3d                       common_Mexcpt_handler+60
x8 <- 0x8000000000000000

clint mtime 0x000000000000033A (mip.MTI <- 0b1, mip.STI <- 0b0)
mem[X,0x00000000800025B0] -> 0x5413
mem[X,0x00000000800025B2] -> 0x43F4
[1652] [M]: 0x00000000800025B0 (0x43F45413) srai x8, x8, 0x3f                       common_Mexcpt_handler+64
x8 <- 0xFFFFFFFFFFFFFFFF

mem[X,0x00000000800025B4] -> 0x4413
mem[X,0x00000000800025B6] -> 0xFFF4
[1653] [M]: 0x00000000800025B4 (0xFFF44413) xori x8, x8, -0x1                       common_Mexcpt_handler+68
x8 <- 0x0000000000000000

clint mtime 0x000000000000033B (mip.MTI <- 0b1, mip.STI <- 0b0)
mem[X,0x00000000800025B8] -> 0xF4B3
mem[X,0x00000000800025BA] -> 0x0085
[1654] [M]: 0x00000000800025B8 (0x0085F4B3) and x9, x11, x8                         common_Mexcpt_handler+72
x9 <- 0x0000000000000000

mem[X,0x00000000800025BC] -> 0x84B3
mem[X,0x00000000800025BE] -> 0x0024
[1655] [M]: 0x00000000800025BC (0x002484B3) add x9, x9, x2                          vmem_adj_Mepc+0
x9 <- 0x0000000080007000

clint mtime 0x000000000000033C (mip.MTI <- 0b1, mip.STI <- 0b0)
mem[X,0x00000000800025C0] -> 0x23F3
mem[X,0x00000000800025C2] -> 0x3410
[1656] [M]: 0x00000000800025C0 (0x341023F3) csrrs x7, mepc, x0                      vmem_adj_Mepc+4
CSR mepc (0x341) -> 0x0000000080000C20
x7 <- 0x0000000080000C20

mem[X,0x00000000800025C4] -> 0x0413
mem[X,0x00000000800025C6] -> 0x0004
[1657] [M]: 0x00000000800025C4 (0x00040413) addi x8, x8, 0x0                        vmem_adj_Mepc+8
x8 <- 0x0000000000000000

clint mtime 0x000000000000033D (mip.MTI <- 0b1, mip.STI <- 0b0)
mem[X,0x00000000800025C8] -> 0x006F
mem[X,0x00000000800025CA] -> 0x0400
[1658] [M]: 0x00000000800025C8 (0x0400006F) jal x0, 0x40                            vmem_adj_Mepc+12

mem[X,0x0000000080002608] -> 0x8433
mem[X,0x000000008000260A] -> 0x4083
[1659] [M]: 0x0000000080002608 (0x40838433) sub x8, x7, x8                          adj_Mepc+0
x8 <- 0x0000000080000C20

clint mtime 0x000000000000033E (mip.MTI <- 0b1, mip.STI <- 0b0)
mem[X,0x000000008000260C] -> 0x3823
mem[X,0x000000008000260E] -> 0x0083
[1660] [M]: 0x000000008000260C (0x00833823) sd x8, 0x10(x6)                         sv_Mepc+0
mem[W,0x0000000080008510] <- 0x0000000080000C20

mem[X,0x0000000080002610] -> 0x55B7
mem[X,0x0000000080002612] -> 0x0000
[1661] [M]: 0x0000000080002610 (0x000055B7) lui x11, 0x5                            sv_Mepc+4
x11 <- 0x0000000000005000

clint mtime 0x000000000000033F (mip.MTI <- 0b1, mip.STI <- 0b0)
mem[X,0x0000000080002614] -> 0x8593
mem[X,0x0000000080002616] -> 0x6675
[1662] [M]: 0x0000000080002614 (0x66758593) addi x11, x11, 0x667                    sv_Mepc+8
x11 <- 0x0000000000005667

mem[X,0x0000000080002618] -> 0x9593
mem[X,0x000000008000261A] -> 0x0015
[1663] [M]: 0x0000000080002618 (0x00159593) slli x11, x11, 0x1                      sv_Mepc+12
x11 <- 0x000000000000ACCE

clint mtime 0x0000000000000340 (mip.MTI <- 0b1, mip.STI <- 0b0)
mem[X,0x000000008000261C] -> 0x9063
mem[X,0x000000008000261E] -> 0x02B1
[1664] [M]: 0x000000008000261C (0x02B19063) bne x3, x11, 0x20                       sv_Mepc+16

mem[X,0x000000008000263C] -> 0xF593
mem[X,0x000000008000263E] -> 0xFFC3
[1665] [M]: 0x000000008000263C (0xFFC3F593) andi x11, x7, -0x4                      adj_Mepc_rtn+0
x11 <- 0x0000000080000C20

clint mtime 0x0000000000000341 (mip.MTI <- 0b1, mip.STI <- 0b0)
mem[X,0x0000000080002640] -> 0x8593
mem[X,0x0000000080002642] -> 0x0085
[1666] [M]: 0x0000000080002640 (0x00858593) addi x11, x11, 0x8                      adj_Mepc_rtn+4
x11 <- 0x0000000080000C28

mem[X,0x0000000080002644] -> 0x9073
mem[X,0x0000000080002646] -> 0x3415
[1667] [M]: 0x0000000080002644 (0x34159073) csrrw x0, mepc, x11                     adj_Mepc_rtn+8
CSR mepc (0x341) <- 0x0000000080000C28

clint mtime 0x0000000000000342 (mip.MTI <- 0b1, mip.STI <- 0b0)
mem[X,0x0000000080002648] -> 0x23F3
mem[X,0x000000008000264A] -> 0x3430
[1668] [M]: 0x0000000080002648 (0x343023F3) csrrs x7, mtval, x0                     skp_adj_Mepc+0
CSR mtval (0x343) -> 0x000000008000216C
x7 <- 0x000000008000216C

mem[X,0x000000008000264C] -> 0x7513
mem[X,0x000000008000264E] -> 0x00F5
[1669] [M]: 0x000000008000264C (0x00F57513) andi x10, x10, 0xf                      chk_Mtval+0
x10 <- 0x0000000000000005

clint mtime 0x0000000000000343 (mip.MTI <- 0b1, mip.STI <- 0b0)
mem[X,0x0000000080002650] -> 0x0437
mem[X,0x0000000080002652] -> 0x0000
[1670] [M]: 0x0000000080002650 (0x00000437) lui x8, 0x0                             chk_Mtval+4
x8 <- 0x0000000000000000

mem[X,0x0000000080002654] -> 0x0413
mem[X,0x0000000080002656] -> 0x0004
[1671] [M]: 0x0000000080002654 (0x00040413) addi x8, x8, 0x0                        chk_Mtval+8
x8 <- 0x0000000000000000

clint mtime 0x0000000000000344 (mip.MTI <- 0b1, mip.STI <- 0b0)
mem[X,0x0000000080002658] -> 0x1413
mem[X,0x000000008000265A] -> 0x00B4
[1672] [M]: 0x0000000080002658 (0x00B41413) slli x8, x8, 0xb                        chk_Mtval+12
x8 <- 0x0000000000000000

mem[X,0x000000008000265C] -> 0x0413
mem[X,0x000000008000265E] -> 0x0004
[1673] [M]: 0x000000008000265C (0x00040413) addi x8, x8, 0x0                        chk_Mtval+16
x8 <- 0x0000000000000000

clint mtime 0x0000000000000345 (mip.MTI <- 0b1, mip.STI <- 0b0)
mem[X,0x0000000080002660] -> 0x1413
mem[X,0x0000000080002662] -> 0x00B4
[1674] [M]: 0x0000000080002660 (0x00B41413) slli x8, x8, 0xb                        chk_Mtval+20
x8 <- 0x0000000000000000

mem[X,0x0000000080002664] -> 0x0413
mem[X,0x0000000080002666] -> 0x02C4
[1675] [M]: 0x0000000080002664 (0x02C40413) addi x8, x8, 0x2c                       chk_Mtval+24
x8 <- 0x000000000000002C

clint mtime 0x0000000000000346 (mip.MTI <- 0b1, mip.STI <- 0b0)
mem[X,0x0000000080002668] -> 0x1413
mem[X,0x000000008000266A] -> 0x00A4
[1676] [M]: 0x0000000080002668 (0x00A41413) slli x8, x8, 0xa                        chk_Mtval+28
x8 <- 0x000000000000B000

mem[X,0x000000008000266C] -> 0x0413
mem[X,0x000000008000266E] -> 0x0FB4
[1677] [M]: 0x000000008000266C (0x0FB40413) addi x8, x8, 0xfb                       chk_Mtval+32
x8 <- 0x000000000000B0FB

clint mtime 0x0000000000000347 (mip.MTI <- 0b1, mip.STI <- 0b0)
mem[X,0x0000000080002670] -> 0x5433
mem[X,0x0000000080002672] -> 0x00A4
[1678] [M]: 0x0000000080002670 (0x00A45433) srl x8, x8, x10                         chk_Mtval+36
x8 <- 0x0000000000000587

mem[X,0x0000000080002674] -> 0x1413
mem[X,0x0000000080002676] -> 0x03F4
[1679] [M]: 0x0000000080002674 (0x03F41413) slli x8, x8, 0x3f                       chk_Mtval+40
x8 <- 0x8000000000000000

clint mtime 0x0000000000000348 (mip.MTI <- 0b1, mip.STI <- 0b0)
mem[X,0x0000000080002678] -> 0x5C63
mem[X,0x000000008000267A] -> 0x0404
[1680] [M]: 0x0000000080002678 (0x04045C63) bge x8, x0, 0x58                        chk_Mtval+44

mem[X,0x000000008000267C] -> 0xB403
mem[X,0x000000008000267E] -> 0x2084
[1681] [M]: 0x000000008000267C (0x2084B403) ld x8, 0x208(x9)                        vmem_adj_Mtval+0
mem[R,0x0000000080007208] -> 0x00000000800003B4
x8 <- 0x00000000800003B4

clint mtime 0x0000000000000349 (mip.MTI <- 0b1, mip.STI <- 0b0)
mem[X,0x0000000080002680] -> 0xB583
mem[X,0x0000000080002682] -> 0x2104
[1682] [M]: 0x0000000080002680 (0x2104B583) ld x11, 0x210(x9)                       vmem_adj_Mtval+4
mem[R,0x0000000080007210] -> 0x0000000000001E38
x11 <- 0x0000000000001E38

mem[X,0x0000000080002684] -> 0x85B3
mem[X,0x0000000080002686] -> 0x0085
[1683] [M]: 0x0000000080002684 (0x008585B3) add x11, x11, x8                        vmem_adj_Mtval+8
x11 <- 0x00000000800021EC

clint mtime 0x000000000000034A (mip.MTI <- 0b1, mip.STI <- 0b0)
mem[X,0x0000000080002688] -> 0xF463
mem[X,0x000000008000268A] -> 0x00B3
[1684] [M]: 0x0000000080002688 (0x00B3F463) bgeu x7, x11, 0x8                       vmem_adj_Mtval+12

mem[X,0x000000008000268C] -> 0xF063
mem[X,0x000000008000268E] -> 0x0483
[1685] [M]: 0x000000008000268C (0x0483F063) bgeu x7, x8, 0x40                       vmem_adj_Mtval+16

clint mtime 0x000000000000034B (mip.MTI <- 0b1, mip.STI <- 0b0)
mem[X,0x00000000800026CC] -> 0x8433
mem[X,0x00000000800026CE] -> 0x4083
[1686] [M]: 0x00000000800026CC (0x40838433) sub x8, x7, x8                          adj_Mtval+0
x8 <- 0x0000000000001DB8

mem[X,0x00000000800026D0] -> 0x3C23
mem[X,0x00000000800026D2] -> 0x0083
[1687] [M]: 0x00000000800026D0 (0x00833C23) sd x8, 0x18(x6)                         sv_Mtval+0
mem[W,0x0000000080008518] <- 0x0000000000001DB8

clint mtime 0x000000000000034C (mip.MTI <- 0b1, mip.STI <- 0b0)
mem[X,0x00000000800026D4] -> 0x3483
mem[X,0x00000000800026D6] -> 0x2181
[1688] [M]: 0x00000000800026D4 (0x21813483) ld x9, 0x218(x2)                        skp_Mtval+0
mem[R,0x0000000080007218] -> 0x0000000080008520
x9 <- 0x0000000080008520

mem[X,0x00000000800026D8] -> 0x3383
mem[X,0x00000000800026DA] -> 0x1F81
[1689] [M]: 0x00000000800026D8 (0x1F813383) ld x7, 0x1f8(x2)                        skp_Mtval+4
mem[R,0x00000000800071F8] -> 0x0000000080008210
x7 <- 0x0000000080008210

clint mtime 0x000000000000034D (mip.MTI <- 0b1, mip.STI <- 0b0)
mem[X,0x00000000800026DC] -> 0x3303
mem[X,0x00000000800026DE] -> 0x2001
[1690] [M]: 0x00000000800026DC (0x20013303) ld x6, 0x200(x2)                        skp_Mtval+8
mem[R,0x0000000080007200] -> 0x0000000000000A20
x6 <- 0x0000000000000A20

mem[X,0x00000000800026E0] -> 0x0333
mem[X,0x00000000800026E2] -> 0x0073
[1691] [M]: 0x00000000800026E0 (0x00730333) add x6, x6, x7                          skp_Mtval+12
x6 <- 0x0000000080008C30

clint mtime 0x000000000000034E (mip.MTI <- 0b1, mip.STI <- 0b0)
mem[X,0x00000000800026E4] -> 0x68E3
mem[X,0x00000000800026E6] -> 0xB093
[1692] [M]: 0x00000000800026E4 (0xB09368E3) bltu x6, x9, -0x4f0                     skp_Mtval+16

mem[X,0x00000000800026E8] -> 0x0393
mem[X,0x00000000800026EA] -> 0x2000
[1693] [M]: 0x00000000800026E8 (0x20000393) addi x7, x0, 0x200                      skp_Mtval+20
x7 <- 0x0000000000000200

clint mtime 0x000000000000034F (mip.MTI <- 0b1, mip.STI <- 0b0)
mem[X,0x00000000800026EC] -> 0x006F
mem[X,0x00000000800026EE] -> 0x0400
[1694] [M]: 0x00000000800026EC (0x0400006F) jal x0, 0x40                            skp_Mtval+24

mem[X,0x000000008000272C] -> 0x0417
mem[X,0x000000008000272E] -> 0x0000
[1695] [M]: 0x000000008000272C (0x00000417) auipc x8, 0x0                           spcl_Mhandler+0
x8 <- 0x000000008000272C

clint mtime 0x0000000000000350 (mip.MTI <- 0b1, mip.STI <- 0b0)
mem[X,0x0000000080002730] -> 0x0413
mem[X,0x0000000080002732] -> 0x03C4
[1696] [M]: 0x0000000080002730 (0x03C40413) addi x8, x8, 0x3c                       spcl_Mhandler+4
x8 <- 0x0000000080002768

mem[X,0x0000000080002734] -> 0x0433
mem[X,0x0000000080002736] -> 0x0074
[1697] [M]: 0x0000000080002734 (0x00740433) add x8, x8, x7                          spcl_Mhandler+8
x8 <- 0x0000000080002968

clint mtime 0x0000000000000351 (mip.MTI <- 0b1, mip.STI <- 0b0)
mem[X,0x0000000080002738] -> 0x1393
mem[X,0x000000008000273A] -> 0x0035
[1698] [M]: 0x0000000080002738 (0x00351393) slli x7, x10, 0x3                       spcl_Mhandler+12
x7 <- 0x0000000000000028

mem[X,0x000000008000273C] -> 0x0433
mem[X,0x000000008000273E] -> 0x0074
[1699] [M]: 0x000000008000273C (0x00740433) add x8, x8, x7                          spcl_Mhandler+16
x8 <- 0x0000000080002990

clint mtime 0x0000000000000352 (mip.MTI <- 0b1, mip.STI <- 0b0)
mem[X,0x0000000080002740] -> 0x7413
mem[X,0x0000000080002742] -> 0xFF84
[1700] [M]: 0x0000000080002740 (0xFF847413) andi x8, x8, -0x8                       spcl_Mhandler+20
x8 <- 0x0000000080002990

mem[X,0x0000000080002744] -> 0x3403
mem[X,0x0000000080002746] -> 0x0004
[1701] [M]: 0x0000000080002744 (0x00043403) ld x8, 0x0(x8)                          spcl_Mhandler+24
mem[R,0x0000000080002990] -> 0x000000000000000B
x8 <- 0x000000000000000B

clint mtime 0x0000000000000353 (mip.MTI <- 0b1, mip.STI <- 0b0)
mem[X,0x0000000080002748] -> 0x00E3
mem[X,0x000000008000274A] -> 0xB404
[1702] [M]: 0x0000000080002748 (0xB40400E3) beq x8, x0, -0x4c0                      spcl_Mdispatch_hndling+0

mem[X,0x000000008000274C] -> 0x1393
mem[X,0x000000008000274E] -> 0x03F4
[1703] [M]: 0x000000008000274C (0x03F41393) slli x7, x8, 0x3f                       spcl_Mdispatch_hndling+4
x7 <- 0x8000000000000000

clint mtime 0x0000000000000354 (mip.MTI <- 0b1, mip.STI <- 0b0)
mem[X,0x0000000080002750] -> 0xD863
mem[X,0x0000000080002752] -> 0x0003
[1704] [M]: 0x0000000080002750 (0x0003D863) bge x7, x0, 0x10                        spcl_Mdispatch_hndling+8

mem[X,0x0000000080002754] -> 0x5413
mem[X,0x0000000080002756] -> 0x0014
[1705] [M]: 0x0000000080002754 (0x00145413) srli x8, x8, 0x1                        spcl_Mdispatch_hndling+12
x8 <- 0x0000000000000005

clint mtime 0x0000000000000355 (mip.MTI <- 0b1, mip.STI <- 0b0)
mem[X,0x0000000080002758] -> 0x0CE3
mem[X,0x000000008000275A] -> 0xF885
[1706] [M]: 0x0000000080002758 (0xF8850CE3) beq x10, x8, -0x68                      spcl_Mdispatch_hndling+16

mem[X,0x00000000800026F0] -> 0x3303
mem[X,0x00000000800026F2] -> 0x2601
[1707] [M]: 0x00000000800026F0 (0x26013303) ld x6, 0x260(x2)                        resto_Mrtn+0
mem[R,0x0000000080007260] -> 0x000000001FDDB7D5
x6 <- 0x000000001FDDB7D5

clint mtime 0x0000000000000356 (mip.MTI <- 0b1, mip.STI <- 0b0)
mem[X,0x00000000800026F4] -> 0x3383
mem[X,0x00000000800026F6] -> 0x2681
[1708] [M]: 0x00000000800026F4 (0x26813383) ld x7, 0x268(x2)                        resto_Mrtn+4
mem[R,0x0000000080007268] -> 0x00000000003FBB6F
x7 <- 0x00000000003FBB6F

mem[X,0x00000000800026F8] -> 0x3403
mem[X,0x00000000800026FA] -> 0x2701
[1709] [M]: 0x00000000800026F8 (0x27013403) ld x8, 0x270(x2)                        resto_Mrtn+8
mem[R,0x0000000080007270] -> 0x0000000000007F76
x8 <- 0x0000000000007F76

clint mtime 0x0000000000000357 (mip.MTI <- 0b1, mip.STI <- 0b0)
mem[X,0x00000000800026FC] -> 0x3483
mem[X,0x00000000800026FE] -> 0x2781
[1710] [M]: 0x00000000800026FC (0x27813483) ld x9, 0x278(x2)                        resto_Mrtn+12
mem[R,0x0000000080007278] -> 0x00000000000000FE
x9 <- 0x00000000000000FE

mem[X,0x0000000080002700] -> 0x3503
mem[X,0x0000000080002702] -> 0x2801
[1711] [M]: 0x0000000080002700 (0x28013503) ld x10, 0x280(x2)                       resto_Mrtn+16
mem[R,0x0000000080007280] -> 0x0000000000000001
x10 <- 0x0000000000000001

clint mtime 0x0000000000000358 (mip.MTI <- 0b1, mip.STI <- 0b0)
mem[X,0x0000000080002704] -> 0x3583
mem[X,0x0000000080002706] -> 0x2881
[1712] [M]: 0x0000000080002704 (0x28813583) ld x11, 0x288(x2)                       resto_Mrtn+20
mem[R,0x0000000080007288] -> 0x0000000000000000
x11 <- 0x0000000000000000

mem[X,0x0000000080002708] -> 0x3103
mem[X,0x000000008000270A] -> 0x2901
[1713] [M]: 0x0000000080002708 (0x29013103) ld x2, 0x290(x2)                        resto_Mrtn+24
mem[R,0x0000000080007290] -> 0x01FDDB7D5BFDDB7F
x2 <- 0x01FDDB7D5BFDDB7F

clint mtime 0x0000000000000359 (mip.MTI <- 0b1, mip.STI <- 0b0)
mem[X,0x000000008000270C] -> 0x0073
mem[X,0x000000008000270E] -> 0x3020
[1714] [M]: 0x000000008000270C (0x30200073) mret                                    resto_Mrtn+28
CSR mstatus (0x300) <- 0x0000000A00000080
ret-ing from M to M

mem[X,0x0000000080000C28] -> 0x0013
mem[X,0x0000000080000C2A] -> 0x0000
[1715] [M]: 0x0000000080000C28 (0x00000013) addi x0, x0, 0x0                        main+2120

clint mtime 0x000000000000035A (mip.MTI <- 0b1, mip.STI <- 0b0)
mem[X,0x0000000080000C2C] -> 0xB823
mem[X,0x0000000080000C2E] -> 0x06E6
[1716] [M]: 0x0000000080000C2C (0x06E6B823) sd x14, 0x70(x13)                       main+2124
mem[W,0x0000000080008288] <- 0x0000000000000013

mem[X,0x0000000080000C30] -> 0xF737
mem[X,0x0000000080000C32] -> 0x000B
[1717] [M]: 0x0000000080000C30 (0x000BF737) lui x14, 0xbf                           main+2128
x14 <- 0x00000000000BF000

clint mtime 0x000000000000035B (mip.MTI <- 0b1, mip.STI <- 0b0)
mem[X,0x0000000080000C34] -> 0x071B
mem[X,0x0000000080000C36] -> 0xEFD7
[1718] [M]: 0x0000000080000C34 (0xEFD7071B) addiw x14, x14, -0x103                  main+2132
x14 <- 0x00000000000BEEFD

mem[X,0x0000000080000C38] -> 0x1713
mem[X,0x0000000080000C3A] -> 0x00C7
[1719] [M]: 0x0000000080000C38 (0x00C71713) slli x14, x14, 0xc                      main+2136
x14 <- 0x00000000BEEFD000

clint mtime 0x000000000000035C (mip.MTI <- 0b1, mip.STI <- 0b0)
mem[X,0x0000000080000C3C] -> 0x0713
mem[X,0x0000000080000C3E] -> 0xAFE7
[1720] [M]: 0x0000000080000C3C (0xAFE70713) addi x14, x14, -0x502                   main+2140
x14 <- 0x00000000BEEFCAFE

mem[X,0x0000000080000C40] -> 0xBC23
mem[X,0x0000000080000C42] -> 0x06E6
[1721] [M]: 0x0000000080000C40 (0x06E6BC23) sd x14, 0x78(x13)                       main+2144
mem[W,0x0000000080008290] <- 0x00000000BEEFCAFE

clint mtime 0x000000000000035D (mip.MTI <- 0b1, mip.STI <- 0b0)
mem[X,0x0000000080000C44] -> 0x106F
mem[X,0x0000000080000C46] -> 0x5A80
[1722] [M]: 0x0000000080000C44 (0x5A80106F) jal x0, 0x15a8                          main+2148

mem[X,0x00000000800021EC] -> 0x0113
mem[X,0x00000000800021EE] -> 0x0000
[1723] [M]: 0x00000000800021EC (0x00000113) addi x2, x0, 0x0                        rvtest_code_end+0
x2 <- 0x0000000000000000

clint mtime 0x000000000000035E (mip.MTI <- 0b1, mip.STI <- 0b0)
mem[X,0x00000000800021F0] -> 0x0073
mem[X,0x00000000800021F2] -> 0x0000
[1724] [M]: 0x00000000800021F0 (0x00000073) ecall                                   rvtest_code_end+4
trapping from M to M to handle m-call
handling exc#m-call at priv M with tval 0x0000000000000000
CSR mstatus (0x300) <- 0x0000000A00001800
CSR mcause (0x342) <- 0x000000000000000B
CSR mtval (0x343) <- 0x0000000000000000
CSR mepc (0x341) <- 0x00000000800021F0

mem[X,0x00000000800022C0] -> 0x006F
mem[X,0x00000000800022C2] -> 0x1000
[1725] [M]: 0x00000000800022C0 (0x1000006F) jal x0, 0x100                           Mtrampoline+0

clint mtime 0x000000000000035F (mip.MTI <- 0b1, mip.STI <- 0b0)
mem[X,0x00000000800023C0] -> 0x1173
mem[X,0x00000000800023C2] -> 0x3401
[1726] [M]: 0x00000000800023C0 (0x34011173) csrrw x2, mscratch, x2                  trap_Mhandler+0
CSR mscratch (0x340) <- 0x0000000000000000
x2 <- 0x0000000080007000

mem[X,0x00000000800023C4] -> 0x3423
mem[X,0x00000000800023C6] -> 0x28B1
[1727] [M]: 0x00000000800023C4 (0x28B13423) sd x11, 0x288(x2)                       trap_Mhandler+4
mem[W,0x0000000080007288] <- 0x0000000000000000

clint mtime 0x0000000000000360 (mip.MTI <- 0b1, mip.STI <- 0b0)
mem[X,0x00000000800023C8] -> 0x05EF
mem[X,0x00000000800023CA] -> 0x0B80
[1728] [M]: 0x00000000800023C8 (0x0B8005EF) jal x11, 0xb8                           trap_Mhandler+8
x11 <- 0x00000000800023CC

mem[X,0x0000000080002480] -> 0x3023
mem[X,0x0000000080002482] -> 0x28A1
[1729] [M]: 0x0000000080002480 (0x28A13023) sd x10, 0x280(x2)                       common_Mhandler+0
mem[W,0x0000000080007280] <- 0x0000000000000001

clint mtime 0x0000000000000361 (mip.MTI <- 0b1, mip.STI <- 0b0)
mem[X,0x0000000080002484] -> 0x1573
mem[X,0x0000000080002486] -> 0x3401
[1730] [M]: 0x0000000080002484 (0x34011573) csrrw x10, mscratch, x2                 common_Mhandler+4
CSR mscratch (0x340) <- 0x0000000080007000
x10 <- 0x0000000000000000

mem[X,0x0000000080002488] -> 0x3823
mem[X,0x000000008000248A] -> 0x28A1
[1731] [M]: 0x0000000080002488 (0x28A13823) sd x10, 0x290(x2)                       common_Mhandler+8
mem[W,0x0000000080007290] <- 0x0000000000000000

clint mtime 0x0000000000000362 (mip.MTI <- 0b1, mip.STI <- 0b0)
mem[X,0x000000008000248C] -> 0x3503
mem[X,0x000000008000248E] -> 0x2301
[1732] [M]: 0x000000008000248C (0x23013503) ld x10, 0x230(x2)                       common_Mhandler+12
mem[R,0x0000000080007230] -> 0x0000000080002494
x10 <- 0x0000000080002494

mem[X,0x0000000080002490] -> 0x0067
mem[X,0x0000000080002492] -> 0x0005
[1733] [M]: 0x0000000080002490 (0x00050067) jalr x0, 0x0(x10)                       common_Mhandler+16

clint mtime 0x0000000000000363 (mip.MTI <- 0b1, mip.STI <- 0b0)
mem[X,0x0000000080002494] -> 0x3C23
mem[X,0x0000000080002496] -> 0x2691
[1734] [M]: 0x0000000080002494 (0x26913C23) sd x9, 0x278(x2)                        common_Mentry+0
mem[W,0x0000000080007278] <- 0x00000000000000FE

mem[X,0x0000000080002498] -> 0x3823
mem[X,0x000000008000249A] -> 0x2681
[1735] [M]: 0x0000000080002498 (0x26813823) sd x8, 0x270(x2)                        common_Mentry+4
mem[W,0x0000000080007270] <- 0x0000000000007F76

clint mtime 0x0000000000000364 (mip.MTI <- 0b1, mip.STI <- 0b0)
mem[X,0x000000008000249C] -> 0x3423
mem[X,0x000000008000249E] -> 0x2671
[1736] [M]: 0x000000008000249C (0x26713423) sd x7, 0x268(x2)                        common_Mentry+8
mem[W,0x0000000080007268] <- 0x00000000003FBB6F

mem[X,0x00000000800024A0] -> 0x3023
mem[X,0x00000000800024A2] -> 0x2661
[1737] [M]: 0x00000000800024A0 (0x26613023) sd x6, 0x260(x2)                        common_Mentry+12
mem[W,0x0000000080007260] <- 0x000000001FDDB7D5

clint mtime 0x0000000000000365 (mip.MTI <- 0b1, mip.STI <- 0b0)
mem[X,0x00000000800024A4] -> 0x2573
mem[X,0x00000000800024A6] -> 0x3420
[1738] [M]: 0x00000000800024A4 (0x34202573) csrrs x10, mcause, x0                   spcl_M2mmode_test+0
CSR mcause (0x342) -> 0x000000000000000B
x10 <- 0x000000000000000B

mem[X,0x00000000800024A8] -> 0x04B7
mem[X,0x00000000800024AA] -> 0x8000
[1739] [M]: 0x00000000800024A8 (0x800004B7) lui x9, -0x80000                        spcl_M2mmode_test+4
x9 <- 0xFFFFFFFF80000000

clint mtime 0x0000000000000366 (mip.MTI <- 0b1, mip.STI <- 0b0)
mem[X,0x00000000800024AC] -> 0x8493
mem[X,0x00000000800024AE] -> 0x0004
[1740] [M]: 0x00000000800024AC (0x00048493) addi x9, x9, 0x0                        spcl_M2mmode_test+8
x9 <- 0xFFFFFFFF80000000

mem[X,0x00000000800024B0] -> 0x9493
mem[X,0x00000000800024B2] -> 0x00B4
[1741] [M]: 0x00000000800024B0 (0x00B49493) slli x9, x9, 0xb                        spcl_M2mmode_test+12
x9 <- 0xFFFFFC0000000000

clint mtime 0x0000000000000367 (mip.MTI <- 0b1, mip.STI <- 0b0)
mem[X,0x00000000800024B4] -> 0x8493
mem[X,0x00000000800024B6] -> 0x0004
[1742] [M]: 0x00000000800024B4 (0x00048493) addi x9, x9, 0x0                        spcl_M2mmode_test+16
x9 <- 0xFFFFFC0000000000

mem[X,0x00000000800024B8] -> 0x9493
mem[X,0x00000000800024BA] -> 0x00B4
[1743] [M]: 0x00000000800024B8 (0x00B49493) slli x9, x9, 0xb                        spcl_M2mmode_test+20
x9 <- 0xFFE0000000000000

clint mtime 0x0000000000000368 (mip.MTI <- 0b1, mip.STI <- 0b0)
mem[X,0x00000000800024BC] -> 0x8493
mem[X,0x00000000800024BE] -> 0x0034
[1744] [M]: 0x00000000800024BC (0x00348493) addi x9, x9, 0x3                        spcl_M2mmode_test+24
x9 <- 0xFFE0000000000003

mem[X,0x00000000800024C0] -> 0x9493
mem[X,0x00000000800024C2] -> 0x00A4
[1745] [M]: 0x00000000800024C0 (0x00A49493) slli x9, x9, 0xa                        spcl_M2mmode_test+28
x9 <- 0x8000000000000C00

clint mtime 0x0000000000000369 (mip.MTI <- 0b1, mip.STI <- 0b0)
mem[X,0x00000000800024C4] -> 0x8493
mem[X,0x00000000800024C6] -> 0x3FC4
[1746] [M]: 0x00000000800024C4 (0x3FC48493) addi x9, x9, 0x3fc                      spcl_M2mmode_test+32
x9 <- 0x8000000000000FFC

mem[X,0x00000000800024C8] -> 0xF4B3
mem[X,0x00000000800024CA] -> 0x00A4
[1747] [M]: 0x00000000800024C8 (0x00A4F4B3) and x9, x9, x10                         spcl_M2mmode_test+36
x9 <- 0x0000000000000008

clint mtime 0x000000000000036A (mip.MTI <- 0b1, mip.STI <- 0b0)
mem[X,0x00000000800024CC] -> 0x8493
mem[X,0x00000000800024CE] -> 0xFF84
[1748] [M]: 0x00000000800024CC (0xFF848493) addi x9, x9, -0x8                       spcl_M2mmode_test+40
x9 <- 0x0000000000000000

mem[X,0x00000000800024D0] -> 0x9663
mem[X,0x00000000800024D2] -> 0x0004
[1749] [M]: 0x00000000800024D0 (0x00049663) bne x9, x0, 0xc                         spcl_M2mmode_test+44

clint mtime 0x000000000000036B (mip.MTI <- 0b1, mip.STI <- 0b0)
mem[X,0x00000000800024D4] -> 0x3383
mem[X,0x00000000800024D6] -> 0x2901
[1750] [M]: 0x00000000800024D4 (0x29013383) ld x7, 0x290(x2)                        spcl_M2mmode_test+48
mem[R,0x0000000080007290] -> 0x0000000000000000
x7 <- 0x0000000000000000

mem[X,0x00000000800024D8] -> 0x8263
mem[X,0x00000000800024DA] -> 0x6E03
[1751] [M]: 0x00000000800024D8 (0x6E038263) beq x7, x0, 0x6e4                       spcl_M2mmode_test+52

clint mtime 0x000000000000036C (mip.MTI <- 0b1, mip.STI <- 0b0)
mem[X,0x0000000080002BBC] -> 0x0493
mem[X,0x0000000080002BBE] -> 0xFF55
[1752] [M]: 0x0000000080002BBC (0xFF550493) addi x9, x10, -0xb                      rtn2mmode+0
x9 <- 0x0000000000000000

mem[X,0x0000000080002BC0] -> 0x8C63
mem[X,0x0000000080002BC2] -> 0x0004
[1753] [M]: 0x0000000080002BC0 (0x00048C63) beq x9, x0, 0x18                        rtn2mmode+4

clint mtime 0x000000000000036D (mip.MTI <- 0b1, mip.STI <- 0b0)
mem[X,0x0000000080002BD8] -> 0x23F3
mem[X,0x0000000080002BDA] -> 0x3410
[1754] [M]: 0x0000000080002BD8 (0x341023F3) csrrs x7, mepc, x0                      rtn_fm_mmode+0
CSR mepc (0x341) -> 0x00000000800021F0
x7 <- 0x00000000800021F0

mem[X,0x0000000080002BDC] -> 0x83B3
mem[X,0x0000000080002BDE] -> 0x0093
[1755] [M]: 0x0000000080002BDC (0x009383B3) add x7, x7, x9                          rtn_fm_mmode+4
x7 <- 0x00000000800021F0

clint mtime 0x000000000000036E (mip.MTI <- 0b1, mip.STI <- 0b0)
mem[X,0x0000000080002BE0] -> 0x3303
mem[X,0x0000000080002BE2] -> 0x2601
[1756] [M]: 0x0000000080002BE0 (0x26013303) ld x6, 0x260(x2)                        rtn_fm_mmode+8
mem[R,0x0000000080007260] -> 0x000000001FDDB7D5
x6 <- 0x000000001FDDB7D5

mem[X,0x0000000080002BE4] -> 0x3403
mem[X,0x0000000080002BE6] -> 0x2701
[1757] [M]: 0x0000000080002BE4 (0x27013403) ld x8, 0x270(x2)                        rtn_fm_mmode+12
mem[R,0x0000000080007270] -> 0x0000000000007F76
x8 <- 0x0000000000007F76

clint mtime 0x000000000000036F (mip.MTI <- 0b1, mip.STI <- 0b0)
mem[X,0x0000000080002BE8] -> 0x3483
mem[X,0x0000000080002BEA] -> 0x2781
[1758] [M]: 0x0000000080002BE8 (0x27813483) ld x9, 0x278(x2)                        rtn_fm_mmode+16
mem[R,0x0000000080007278] -> 0x00000000000000FE
x9 <- 0x00000000000000FE

mem[X,0x0000000080002BEC] -> 0x3503
mem[X,0x0000000080002BEE] -> 0x2801
[1759] [M]: 0x0000000080002BEC (0x28013503) ld x10, 0x280(x2)                       rtn_fm_mmode+20
mem[R,0x0000000080007280] -> 0x0000000000000001
x10 <- 0x0000000000000001

clint mtime 0x0000000000000370 (mip.MTI <- 0b1, mip.STI <- 0b0)
mem[X,0x0000000080002BF0] -> 0x3583
mem[X,0x0000000080002BF2] -> 0x2881
[1760] [M]: 0x0000000080002BF0 (0x28813583) ld x11, 0x288(x2)                       rtn_fm_mmode+24
mem[R,0x0000000080007288] -> 0x0000000000000000
x11 <- 0x0000000000000000

mem[X,0x0000000080002BF4] -> 0x3103
mem[X,0x0000000080002BF6] -> 0x2901
[1761] [M]: 0x0000000080002BF4 (0x29013103) ld x2, 0x290(x2)                        rtn_fm_mmode+28
mem[R,0x0000000080007290] -> 0x0000000000000000
x2 <- 0x0000000000000000

clint mtime 0x0000000000000371 (mip.MTI <- 0b1, mip.STI <- 0b0)
mem[X,0x0000000080002BF8] -> 0x8067
mem[X,0x0000000080002BFA] -> 0x0043
[1762] [M]: 0x0000000080002BF8 (0x00438067) jalr x0, 0x4(x7)                        rtn_fm_mmode+32

mem[X,0x00000000800021F4] -> 0x2373
mem[X,0x00000000800021F6] -> 0x3400
[1763] [M]: 0x00000000800021F4 (0x34002373) csrrs x6, mscratch, x0                  exit_Scleanup+0
CSR mscratch (0x340) -> 0x0000000080007000
x6 <- 0x0000000080007000

clint mtime 0x0000000000000372 (mip.MTI <- 0b1, mip.STI <- 0b0)
mem[X,0x00000000800021F8] -> 0x0313
mem[X,0x00000000800021FA] -> 0x2983
[1764] [M]: 0x00000000800021F8 (0x29830313) addi x6, x6, 0x298                      exit_Scleanup+4
x6 <- 0x0000000080007298

mem[X,0x00000000800021FC] -> 0x3383
mem[X,0x00000000800021FE] -> 0x2383
[1765] [M]: 0x00000000800021FC (0x23833383) ld x7, 0x238(x6)                        resto_Sedeleg+0
mem[R,0x00000000800074D0] -> 0x0000000000000000
x7 <- 0x0000000000000000

clint mtime 0x0000000000000373 (mip.MTI <- 0b1, mip.STI <- 0b0)
mem[X,0x0000000080002200] -> 0x3383
mem[X,0x0000000080002202] -> 0x2203
[1766] [M]: 0x0000000080002200 (0x22033383) ld x7, 0x220(x6)                        resto_Ssatp+0
mem[R,0x00000000800074B8] -> 0x0000000000000000
x7 <- 0x0000000000000000

mem[X,0x0000000080002204] -> 0x9073
mem[X,0x0000000080002206] -> 0x1803
[1767] [M]: 0x0000000080002204 (0x18039073) csrrw x0, satp, x7                      resto_Ssatp+4
CSR satp (0x180) <- 0x0000000000000000

clint mtime 0x0000000000000374 (mip.MTI <- 0b1, mip.STI <- 0b0)
mem[X,0x0000000080002208] -> 0x3503
mem[X,0x000000008000220A] -> 0x2503
[1768] [M]: 0x0000000080002208 (0x25033503) ld x10, 0x250(x6)                       resto_Sscratch+0
mem[R,0x00000000800074E8] -> 0x0000000000000000
x10 <- 0x0000000000000000

mem[X,0x000000008000220C] -> 0x1073
mem[X,0x000000008000220E] -> 0x1405
[1769] [M]: 0x000000008000220C (0x14051073) csrrw x0, sscratch, x10                 resto_Sscratch+4
CSR sscratch (0x140) <- 0x0000000000000000

clint mtime 0x0000000000000375 (mip.MTI <- 0b1, mip.STI <- 0b0)
mem[X,0x0000000080002210] -> 0x3483
mem[X,0x0000000080002212] -> 0x2483
[1770] [M]: 0x0000000080002210 (0x24833483) ld x9, 0x248(x6)                        resto_Sxtvec+0
mem[R,0x00000000800074E0] -> 0x0000000000000000
x9 <- 0x0000000000000000

mem[X,0x0000000080002214] -> 0x93F3
mem[X,0x0000000080002216] -> 0x1054
[1771] [M]: 0x0000000080002214 (0x105493F3) csrrw x7, stvec, x9                     resto_Sxtvec+4
CSR stvec (0x105) <- 0x0000000000000000
x7 <- 0x0000000080002C00

clint mtime 0x0000000000000376 (mip.MTI <- 0b1, mip.STI <- 0b0)
mem[X,0x0000000080002218] -> 0xF493
mem[X,0x000000008000221A] -> 0xFFC4
[1772] [M]: 0x0000000080002218 (0xFFC4F493) andi x9, x9, -0x4                       resto_Sxtvec+8
x9 <- 0x0000000000000000

mem[X,0x000000008000221C] -> 0xF393
mem[X,0x000000008000221E] -> 0xFFC3
[1773] [M]: 0x000000008000221C (0xFFC3F393) andi x7, x7, -0x4                       resto_Sxtvec+12
x7 <- 0x0000000080002C00

clint mtime 0x0000000000000377 (mip.MTI <- 0b1, mip.STI <- 0b0)
mem[X,0x0000000080002220] -> 0x9063
mem[X,0x0000000080002222] -> 0x0274
[1774] [M]: 0x0000000080002220 (0x02749063) bne x9, x7, 0x20                        resto_Sxtvec+16

mem[X,0x0000000080002240] -> 0x2373
mem[X,0x0000000080002242] -> 0x3400
[1775] [M]: 0x0000000080002240 (0x34002373) csrrs x6, mscratch, x0                  rvtest_Send+0
CSR mscratch (0x340) -> 0x0000000080007000
x6 <- 0x0000000080007000

clint mtime 0x0000000000000378 (mip.MTI <- 0b1, mip.STI <- 0b0)
mem[X,0x0000000080002244] -> 0x3383
mem[X,0x0000000080002246] -> 0x2383
[1776] [M]: 0x0000000080002244 (0x23833383) ld x7, 0x238(x6)                        resto_Medeleg+0
mem[R,0x0000000080007238] -> 0x0000000000000000
x7 <- 0x0000000000000000

mem[X,0x0000000080002248] -> 0x9073
mem[X,0x000000008000224A] -> 0x3023
[1777] [M]: 0x0000000080002248 (0x30239073) csrrw x0, medeleg, x7                   resto_Medeleg+4
CSR medeleg (0x302) <- 0x0000000000000000

clint mtime 0x0000000000000379 (mip.MTI <- 0b1, mip.STI <- 0b0)
mem[X,0x000000008000224C] -> 0x3503
mem[X,0x000000008000224E] -> 0x2503
[1778] [M]: 0x000000008000224C (0x25033503) ld x10, 0x250(x6)                       resto_Mscratch+0
mem[R,0x0000000080007250] -> 0x0000000000000000
x10 <- 0x0000000000000000

mem[X,0x0000000080002250] -> 0x1073
mem[X,0x0000000080002252] -> 0x3405
[1779] [M]: 0x0000000080002250 (0x34051073) csrrw x0, mscratch, x10                 resto_Mscratch+4
CSR mscratch (0x340) <- 0x0000000000000000

clint mtime 0x000000000000037A (mip.MTI <- 0b1, mip.STI <- 0b0)
mem[X,0x0000000080002254] -> 0x3483
mem[X,0x0000000080002256] -> 0x2483
[1780] [M]: 0x0000000080002254 (0x24833483) ld x9, 0x248(x6)                        resto_Mxtvec+0
mem[R,0x0000000080007248] -> 0x0000000000000000
x9 <- 0x0000000000000000

mem[X,0x0000000080002258] -> 0x93F3
mem[X,0x000000008000225A] -> 0x3054
[1781] [M]: 0x0000000080002258 (0x305493F3) csrrw x7, mtvec, x9                     resto_Mxtvec+4
CSR mtvec (0x305) <- 0x0000000000000000
x7 <- 0x00000000800022C0

clint mtime 0x000000000000037B (mip.MTI <- 0b1, mip.STI <- 0b0)
mem[X,0x000000008000225C] -> 0xF493
mem[X,0x000000008000225E] -> 0xFFC4
[1782] [M]: 0x000000008000225C (0xFFC4F493) andi x9, x9, -0x4                       resto_Mxtvec+8
x9 <- 0x0000000000000000

mem[X,0x0000000080002260] -> 0xF393
mem[X,0x0000000080002262] -> 0xFFC3
[1783] [M]: 0x0000000080002260 (0xFFC3F393) andi x7, x7, -0x4                       resto_Mxtvec+12
x7 <- 0x00000000800022C0

clint mtime 0x000000000000037C (mip.MTI <- 0b1, mip.STI <- 0b0)
mem[X,0x0000000080002264] -> 0x9063
mem[X,0x0000000080002266] -> 0x0274
[1784] [M]: 0x0000000080002264 (0x02749063) bne x9, x7, 0x20                        resto_Mxtvec+16

mem[X,0x0000000080002284] -> 0x106F
mem[X,0x0000000080002286] -> 0x2200
[1785] [M]: 0x0000000080002284 (0x2200106F) jal x0, 0x1220                          rvtest_Mend+0

clint mtime 0x000000000000037D (mip.MTI <- 0b1, mip.STI <- 0b0)
mem[X,0x00000000800034A4] -> 0x0093
mem[X,0x00000000800034A6] -> 0x0010
[1786] [M]: 0x00000000800034A4 (0x00100093) addi x1, x0, 0x1                        exit_cleanup+0
x1 <- 0x0000000000000001

mem[X,0x00000000800034A8] -> 0x3397
mem[X,0x00000000800034AA] -> 0x0000
[1787] [M]: 0x00000000800034A8 (0x00003397) auipc x7, 0x3                           exit_cleanup+4
x7 <- 0x00000000800064A8

clint mtime 0x000000000000037E (mip.MTI <- 0b1, mip.STI <- 0b0)
mem[X,0x00000000800034AC] -> 0xAC23
mem[X,0x00000000800034AE] -> 0xB413
[1788] [M]: 0x00000000800034AC (0xB413AC23) sw x1, -0x4a8(x7)                       exit_cleanup+8
htif[0x0000000080006000] <- 0x00000001
mem[W,0x0000000080006000] <- 0x00000001

mem[X,0x00000000800034B0] -> 0xF06F
mem[X,0x00000000800034B2] -> 0xFF9F
[1789] [M]: 0x00000000800034B0 (0xFF9FF06F) jal x0, -0x8                            exit_cleanup+12

clint mtime 0x000000000000037F (mip.MTI <- 0b1, mip.STI <- 0b0)
mem[X,0x00000000800034A8] -> 0x3397
mem[X,0x00000000800034AA] -> 0x0000
[1790] [M]: 0x00000000800034A8 (0x00003397) auipc x7, 0x3                           exit_cleanup+4
x7 <- 0x00000000800064A8

mem[X,0x00000000800034AC] -> 0xAC23
mem[X,0x00000000800034AE] -> 0xB413
[1791] [M]: 0x00000000800034AC (0xB413AC23) sw x1, -0x4a8(x7)                       exit_cleanup+8
htif[0x0000000080006000] <- 0x00000001
mem[W,0x0000000080006000] <- 0x00000001

clint mtime 0x0000000000000380 (mip.MTI <- 0b1, mip.STI <- 0b0)
mem[X,0x00000000800034B0] -> 0xF06F
mem[X,0x00000000800034B2] -> 0xFF9F
[1792] [M]: 0x00000000800034B0 (0xFF9FF06F) jal x0, -0x8                            exit_cleanup+12

mem[X,0x00000000800034A8] -> 0x3397
mem[X,0x00000000800034AA] -> 0x0000
[1793] [M]: 0x00000000800034A8 (0x00003397) auipc x7, 0x3                           exit_cleanup+4
x7 <- 0x00000000800064A8

clint mtime 0x0000000000000381 (mip.MTI <- 0b1, mip.STI <- 0b0)
mem[X,0x00000000800034AC] -> 0xAC23
mem[X,0x00000000800034AE] -> 0xB413
[1794] [M]: 0x00000000800034AC (0xB413AC23) sw x1, -0x4a8(x7)                       exit_cleanup+8
htif[0x0000000080006000] <- 0x00000001
htif-syscall-proxy cmd: 0x000000000001
mem[W,0x0000000080006000] <- 0x00000001

SUCCESS
